core   0: 0x80000080 (0x40001eb7) lui     t4, 0x40001
core   0: 3 0x80000080 (0x40001eb7) x29 0x40001000
core   0: 0x80000084 (0x106e8e93) addi    t4, t4, 262
core   0: 3 0x80000084 (0x106e8e93) x29 0x40001106
core   0: 0x80000088 (0x301e9073) csrw    misa, t4
core   0: 3 0x80000088 (0x301e9073) c769_misa 0x40901104
core   0: 0x8000008c (0x00026c97) auipc   s9, 0x26
core   0: 3 0x8000008c (0x00026c97) x25 0x8002608c
core   0: 0x80000090 (0xc58c8c93) addi    s9, s9, -936
core   0: 3 0x80000090 (0xc58c8c93) x25 0x80025ce4
core   0: 0x80000094 (0x00002e97) auipc   t4, 0x2
core   0: 3 0x80000094 (0x00002e97) x29 0x80002094
core   0: 0x80000098 (0x66ce8e93) addi    t4, t4, 1644
core   0: 3 0x80000098 (0x66ce8e93) x29 0x80002700
core   0: 0x8000009c (0x001eee93) ori     t4, t4, 1
core   0: 3 0x8000009c (0x001eee93) x29 0x80002701
core   0: 0x800000a0 (0x305e9073) csrw    mtvec, t4
core   0: 3 0x800000a0 (0x305e9073) c773_mtvec 0x80002701
core   0: 0x800000a4 (0x74725073) csrwi   mseccfg, 4
core   0: 3 0x800000a4 (0x74725073) c1863_mseccfg 0x00000004
core   0: 0x800000a8 (0x00003f97) auipc   t6, 0x3
core   0: 3 0x800000a8 (0x00003f97) x31 0x800030a8
core   0: 0x800000ac (0x444f8f93) addi    t6, t6, 1092
core   0: 3 0x800000ac (0x444f8f93) x31 0x800034ec
core   0: 0x800000b0 (0x00004e81) c.li    t4, 0
core   0: 3 0x800000b0 (0x4e81) x29 0x00000000
core   0: 0x800000b2 (0x00009ff6) c.add   t6, t4
core   0: 3 0x800000b2 (0x9ff6) x31 0x800034ec
core   0: 0x800000b4 (0x002fdf93) srli    t6, t6, 2
core   0: 3 0x800000b4 (0x002fdf93) x31 0x20000d3b
core   0: 0x800000b8 (0x3b0f9073) csrw    pmpaddr0, t6
core   0: 3 0x800000b8 (0x3b0f9073) c944_pmpaddr0 0x20000d3b
core   0: 0x800000bc (0x00003f97) auipc   t6, 0x3
core   0: 3 0x800000bc (0x00003f97) x31 0x800030bc
core   0: 0x800000c0 (0x430f8f93) addi    t6, t6, 1072
core   0: 3 0x800000c0 (0x430f8f93) x31 0x800034ec
core   0: 0x800000c4 (0x11111eb7) lui     t4, 0x11111
core   0: 3 0x800000c4 (0x11111eb7) x29 0x11111000
core   0: 0x800000c8 (0x111e8e93) addi    t4, t4, 273
core   0: 3 0x800000c8 (0x111e8e93) x29 0x11111111
core   0: 0x800000cc (0x00009ff6) c.add   t6, t4
core   0: 3 0x800000cc (0x9ff6) x31 0x911145fd
core   0: 0x800000ce (0x002fdf93) srli    t6, t6, 2
core   0: 3 0x800000ce (0x002fdf93) x31 0x2444517f
core   0: 0x800000d2 (0x3b1f9073) csrw    pmpaddr1, t6
core   0: 3 0x800000d2 (0x3b1f9073) c945_pmpaddr1 0x2444517f
core   0: 0x800000d6 (0x00003f97) auipc   t6, 0x3
core   0: 3 0x800000d6 (0x00003f97) x31 0x800030d6
core   0: 0x800000da (0x416f8f93) addi    t6, t6, 1046
core   0: 3 0x800000da (0x416f8f93) x31 0x800034ec
core   0: 0x800000de (0x22222eb7) lui     t4, 0x22222
core   0: 3 0x800000de (0x22222eb7) x29 0x22222000
core   0: 0x800000e2 (0x222e8e93) addi    t4, t4, 546
core   0: 3 0x800000e2 (0x222e8e93) x29 0x22222222
core   0: 0x800000e6 (0x00009ff6) c.add   t6, t4
core   0: 3 0x800000e6 (0x9ff6) x31 0xa222570e
core   0: 0x800000e8 (0x002fdf93) srli    t6, t6, 2
core   0: 3 0x800000e8 (0x002fdf93) x31 0x288895c3
core   0: 0x800000ec (0x3b2f9073) csrw    pmpaddr2, t6
core   0: 3 0x800000ec (0x3b2f9073) c946_pmpaddr2 0x288895c3
core   0: 0x800000f0 (0x00003f97) auipc   t6, 0x3
core   0: 3 0x800000f0 (0x00003f97) x31 0x800030f0
core   0: 0x800000f4 (0x3fcf8f93) addi    t6, t6, 1020
core   0: 3 0x800000f4 (0x3fcf8f93) x31 0x800034ec
core   0: 0x800000f8 (0x33333eb7) lui     t4, 0x33333
core   0: 3 0x800000f8 (0x33333eb7) x29 0x33333000
core   0: 0x800000fc (0x333e8e93) addi    t4, t4, 819
core   0: 3 0x800000fc (0x333e8e93) x29 0x33333333
core   0: 0x80000100 (0x00009ff6) c.add   t6, t4
core   0: 3 0x80000100 (0x9ff6) x31 0xb333681f
core   0: 0x80000102 (0x002fdf93) srli    t6, t6, 2
core   0: 3 0x80000102 (0x002fdf93) x31 0x2cccda07
core   0: 0x80000106 (0x3b3f9073) csrw    pmpaddr3, t6
core   0: 3 0x80000106 (0x3b3f9073) c947_pmpaddr3 0x2cccda07
core   0: 0x8000010a (0x0f0f1fb7) lui     t6, 0xf0f1
core   0: 3 0x8000010a (0x0f0f1fb7) x31 0x0f0f1000
core   0: 0x8000010e (0xf0ff8f93) addi    t6, t6, -241
core   0: 3 0x8000010e (0xf0ff8f93) x31 0x0f0f0f0f
core   0: 0x80000112 (0x3a0f9073) csrw    pmpcfg0, t6
core   0: 3 0x80000112 (0x3a0f9073) c928_pmpcfg0 0x0f0f0f0f
core   0: 0x80000116 (0x00003f97) auipc   t6, 0x3
core   0: 3 0x80000116 (0x00003f97) x31 0x80003116
core   0: 0x8000011a (0x3d6f8f93) addi    t6, t6, 982
core   0: 3 0x8000011a (0x3d6f8f93) x31 0x800034ec
core   0: 0x8000011e (0x44444eb7) lui     t4, 0x44444
core   0: 3 0x8000011e (0x44444eb7) x29 0x44444000
core   0: 0x80000122 (0x444e8e93) addi    t4, t4, 1092
core   0: 3 0x80000122 (0x444e8e93) x29 0x44444444
core   0: 0x80000126 (0x00009ff6) c.add   t6, t4
core   0: 3 0x80000126 (0x9ff6) x31 0xc4447930
core   0: 0x80000128 (0x002fdf93) srli    t6, t6, 2
core   0: 3 0x80000128 (0x002fdf93) x31 0x31111e4c
core   0: 0x8000012c (0x3b4f9073) csrw    pmpaddr4, t6
core   0: 3 0x8000012c (0x3b4f9073) c948_pmpaddr4 0x31111e4c
core   0: 0x80000130 (0x00003f97) auipc   t6, 0x3
core   0: 3 0x80000130 (0x00003f97) x31 0x80003130
core   0: 0x80000134 (0x3bcf8f93) addi    t6, t6, 956
core   0: 3 0x80000134 (0x3bcf8f93) x31 0x800034ec
core   0: 0x80000138 (0x55555eb7) lui     t4, 0x55555
core   0: 3 0x80000138 (0x55555eb7) x29 0x55555000
core   0: 0x8000013c (0x555e8e93) addi    t4, t4, 1365
core   0: 3 0x8000013c (0x555e8e93) x29 0x55555555
core   0: 0x80000140 (0x00009ff6) c.add   t6, t4
core   0: 3 0x80000140 (0x9ff6) x31 0xd5558a41
core   0: 0x80000142 (0x002fdf93) srli    t6, t6, 2
core   0: 3 0x80000142 (0x002fdf93) x31 0x35556290
core   0: 0x80000146 (0x3b5f9073) csrw    pmpaddr5, t6
core   0: 3 0x80000146 (0x3b5f9073) c949_pmpaddr5 0x35556290
core   0: 0x8000014a (0x00003f97) auipc   t6, 0x3
core   0: 3 0x8000014a (0x00003f97) x31 0x8000314a
core   0: 0x8000014e (0x3a2f8f93) addi    t6, t6, 930
core   0: 3 0x8000014e (0x3a2f8f93) x31 0x800034ec
core   0: 0x80000152 (0x66666eb7) lui     t4, 0x66666
core   0: 3 0x80000152 (0x66666eb7) x29 0x66666000
core   0: 0x80000156 (0x666e8e93) addi    t4, t4, 1638
core   0: 3 0x80000156 (0x666e8e93) x29 0x66666666
core   0: 0x8000015a (0x00009ff6) c.add   t6, t4
core   0: 3 0x8000015a (0x9ff6) x31 0xe6669b52
core   0: 0x8000015c (0x002fdf93) srli    t6, t6, 2
core   0: 3 0x8000015c (0x002fdf93) x31 0x3999a6d4
core   0: 0x80000160 (0x3b6f9073) csrw    pmpaddr6, t6
core   0: 3 0x80000160 (0x3b6f9073) c950_pmpaddr6 0x3999a6d4
core   0: 0x80000164 (0x00003f97) auipc   t6, 0x3
core   0: 3 0x80000164 (0x00003f97) x31 0x80003164
core   0: 0x80000168 (0x388f8f93) addi    t6, t6, 904
core   0: 3 0x80000168 (0x388f8f93) x31 0x800034ec
core   0: 0x8000016c (0x77777eb7) lui     t4, 0x77777
core   0: 3 0x8000016c (0x77777eb7) x29 0x77777000
core   0: 0x80000170 (0x777e8e93) addi    t4, t4, 1911
core   0: 3 0x80000170 (0x777e8e93) x29 0x77777777
core   0: 0x80000174 (0x00009ff6) c.add   t6, t4
core   0: 3 0x80000174 (0x9ff6) x31 0xf777ac63
core   0: 0x80000176 (0x002fdf93) srli    t6, t6, 2
core   0: 3 0x80000176 (0x002fdf93) x31 0x3dddeb18
core   0: 0x8000017a (0x3b7f9073) csrw    pmpaddr7, t6
core   0: 3 0x8000017a (0x3b7f9073) c951_pmpaddr7 0x3dddeb18
core   0: 0x8000017e (0x0f0f1fb7) lui     t6, 0xf0f1
core   0: 3 0x8000017e (0x0f0f1fb7) x31 0x0f0f1000
core   0: 0x80000182 (0xf0ff8f93) addi    t6, t6, -241
core   0: 3 0x80000182 (0xf0ff8f93) x31 0x0f0f0f0f
core   0: 0x80000186 (0x3a1f9073) csrw    pmpcfg1, t6
core   0: 3 0x80000186 (0x3a1f9073) c929_pmpcfg1 0x0f0f0f0f
core   0: 0x8000018a (0x00003f97) auipc   t6, 0x3
core   0: 3 0x8000018a (0x00003f97) x31 0x8000318a
core   0: 0x8000018e (0x362f8f93) addi    t6, t6, 866
core   0: 3 0x8000018e (0x362f8f93) x31 0x800034ec
core   0: 0x80000192 (0x88889eb7) lui     t4, 0x88889
core   0: 3 0x80000192 (0x88889eb7) x29 0x88889000
core   0: 0x80000196 (0x888e8e93) addi    t4, t4, -1912
core   0: 3 0x80000196 (0x888e8e93) x29 0x88888888
core   0: 0x8000019a (0x00009ff6) c.add   t6, t4
core   0: 3 0x8000019a (0x9ff6) x31 0x0888bd74
core   0: 0x8000019c (0x002fdf93) srli    t6, t6, 2
core   0: 3 0x8000019c (0x002fdf93) x31 0x02222f5d
core   0: 0x800001a0 (0x3b8f9073) csrw    pmpaddr8, t6
core   0: 3 0x800001a0 (0x3b8f9073) c952_pmpaddr8 0x02222f5d
core   0: 0x800001a4 (0x00003f97) auipc   t6, 0x3
core   0: 3 0x800001a4 (0x00003f97) x31 0x800031a4
core   0: 0x800001a8 (0x348f8f93) addi    t6, t6, 840
core   0: 3 0x800001a8 (0x348f8f93) x31 0x800034ec
core   0: 0x800001ac (0x9999aeb7) lui     t4, 0x9999a
core   0: 3 0x800001ac (0x9999aeb7) x29 0x9999a000
core   0: 0x800001b0 (0x999e8e93) addi    t4, t4, -1639
core   0: 3 0x800001b0 (0x999e8e93) x29 0x99999999
core   0: 0x800001b4 (0x00009ff6) c.add   t6, t4
core   0: 3 0x800001b4 (0x9ff6) x31 0x1999ce85
core   0: 0x800001b6 (0x002fdf93) srli    t6, t6, 2
core   0: 3 0x800001b6 (0x002fdf93) x31 0x066673a1
core   0: 0x800001ba (0x3b9f9073) csrw    pmpaddr9, t6
core   0: 3 0x800001ba (0x3b9f9073) c953_pmpaddr9 0x066673a1
core   0: 0x800001be (0x00003f97) auipc   t6, 0x3
core   0: 3 0x800001be (0x00003f97) x31 0x800031be
core   0: 0x800001c2 (0x32ef8f93) addi    t6, t6, 814
core   0: 3 0x800001c2 (0x32ef8f93) x31 0x800034ec
core   0: 0x800001c6 (0xaaaabeb7) lui     t4, 0xaaaab
core   0: 3 0x800001c6 (0xaaaabeb7) x29 0xaaaab000
core   0: 0x800001ca (0xaaae8e93) addi    t4, t4, -1366
core   0: 3 0x800001ca (0xaaae8e93) x29 0xaaaaaaaa
core   0: 0x800001ce (0x00009ff6) c.add   t6, t4
core   0: 3 0x800001ce (0x9ff6) x31 0x2aaadf96
core   0: 0x800001d0 (0x002fdf93) srli    t6, t6, 2
core   0: 3 0x800001d0 (0x002fdf93) x31 0x0aaab7e5
core   0: 0x800001d4 (0x3baf9073) csrw    pmpaddr10, t6
core   0: 3 0x800001d4 (0x3baf9073) c954_pmpaddr10 0x0aaab7e5
core   0: 0x800001d8 (0x00003f97) auipc   t6, 0x3
core   0: 3 0x800001d8 (0x00003f97) x31 0x800031d8
core   0: 0x800001dc (0x314f8f93) addi    t6, t6, 788
core   0: 3 0x800001dc (0x314f8f93) x31 0x800034ec
core   0: 0x800001e0 (0xbbbbceb7) lui     t4, 0xbbbbc
core   0: 3 0x800001e0 (0xbbbbceb7) x29 0xbbbbc000
core   0: 0x800001e4 (0xbbbe8e93) addi    t4, t4, -1093
core   0: 3 0x800001e4 (0xbbbe8e93) x29 0xbbbbbbbb
core   0: 0x800001e8 (0x00009ff6) c.add   t6, t4
core   0: 3 0x800001e8 (0x9ff6) x31 0x3bbbf0a7
core   0: 0x800001ea (0x002fdf93) srli    t6, t6, 2
core   0: 3 0x800001ea (0x002fdf93) x31 0x0eeefc29
core   0: 0x800001ee (0x3bbf9073) csrw    pmpaddr11, t6
core   0: 3 0x800001ee (0x3bbf9073) c955_pmpaddr11 0x0eeefc29
core   0: 0x800001f2 (0x0f0f1fb7) lui     t6, 0xf0f1
core   0: 3 0x800001f2 (0x0f0f1fb7) x31 0x0f0f1000
core   0: 0x800001f6 (0xf0ff8f93) addi    t6, t6, -241
core   0: 3 0x800001f6 (0xf0ff8f93) x31 0x0f0f0f0f
core   0: 0x800001fa (0x3a2f9073) csrw    pmpcfg2, t6
core   0: 3 0x800001fa (0x3a2f9073) c930_pmpcfg2 0x0f0f0f0f
core   0: 0x800001fe (0x00003f97) auipc   t6, 0x3
core   0: 3 0x800001fe (0x00003f97) x31 0x800031fe
core   0: 0x80000202 (0x2eef8f93) addi    t6, t6, 750
core   0: 3 0x80000202 (0x2eef8f93) x31 0x800034ec
core   0: 0x80000206 (0xccccdeb7) lui     t4, 0xccccd
core   0: 3 0x80000206 (0xccccdeb7) x29 0xccccd000
core   0: 0x8000020a (0xccce8e93) addi    t4, t4, -820
core   0: 3 0x8000020a (0xccce8e93) x29 0xcccccccc
core   0: 0x8000020e (0x00009ff6) c.add   t6, t4
core   0: 3 0x8000020e (0x9ff6) x31 0x4ccd01b8
core   0: 0x80000210 (0x002fdf93) srli    t6, t6, 2
core   0: 3 0x80000210 (0x002fdf93) x31 0x1333406e
core   0: 0x80000214 (0x3bcf9073) csrw    pmpaddr12, t6
core   0: 3 0x80000214 (0x3bcf9073) c956_pmpaddr12 0x1333406e
core   0: 0x80000218 (0x00003f97) auipc   t6, 0x3
core   0: 3 0x80000218 (0x00003f97) x31 0x80003218
core   0: 0x8000021c (0x2d4f8f93) addi    t6, t6, 724
core   0: 3 0x8000021c (0x2d4f8f93) x31 0x800034ec
core   0: 0x80000220 (0xddddeeb7) lui     t4, 0xdddde
core   0: 3 0x80000220 (0xddddeeb7) x29 0xdddde000
core   0: 0x80000224 (0xddde8e93) addi    t4, t4, -547
core   0: 3 0x80000224 (0xddde8e93) x29 0xdddddddd
core   0: 0x80000228 (0x00009ff6) c.add   t6, t4
core   0: 3 0x80000228 (0x9ff6) x31 0x5dde12c9
core   0: 0x8000022a (0x002fdf93) srli    t6, t6, 2
core   0: 3 0x8000022a (0x002fdf93) x31 0x177784b2
core   0: 0x8000022e (0x3bdf9073) csrw    pmpaddr13, t6
core   0: 3 0x8000022e (0x3bdf9073) c957_pmpaddr13 0x177784b2
core   0: 0x80000232 (0x00003f97) auipc   t6, 0x3
core   0: 3 0x80000232 (0x00003f97) x31 0x80003232
core   0: 0x80000236 (0x2baf8f93) addi    t6, t6, 698
core   0: 3 0x80000236 (0x2baf8f93) x31 0x800034ec
core   0: 0x8000023a (0xeeeefeb7) lui     t4, 0xeeeef
core   0: 3 0x8000023a (0xeeeefeb7) x29 0xeeeef000
core   0: 0x8000023e (0xeeee8e93) addi    t4, t4, -274
core   0: 3 0x8000023e (0xeeee8e93) x29 0xeeeeeeee
core   0: 0x80000242 (0x00009ff6) c.add   t6, t4
core   0: 3 0x80000242 (0x9ff6) x31 0x6eef23da
core   0: 0x80000244 (0x002fdf93) srli    t6, t6, 2
core   0: 3 0x80000244 (0x002fdf93) x31 0x1bbbc8f6
core   0: 0x80000248 (0x3bef9073) csrw    pmpaddr14, t6
core   0: 3 0x80000248 (0x3bef9073) c958_pmpaddr14 0x1bbbc8f6
core   0: 0x8000024c (0x00003f97) auipc   t6, 0x3
core   0: 3 0x8000024c (0x00003f97) x31 0x8000324c
core   0: 0x80000250 (0x2a0f8f93) addi    t6, t6, 672
core   0: 3 0x80000250 (0x2a0f8f93) x31 0x800034ec
core   0: 0x80000254 (0xfff00e93) li      t4, -1
core   0: 3 0x80000254 (0xfff00e93) x29 0xffffffff
core   0: 0x80000258 (0x00009ff6) c.add   t6, t4
core   0: 3 0x80000258 (0x9ff6) x31 0x800034eb
core   0: 0x8000025a (0x002fdf93) srli    t6, t6, 2
core   0: 3 0x8000025a (0x002fdf93) x31 0x20000d3a
core   0: 0x8000025e (0x3bff9073) csrw    pmpaddr15, t6
core   0: 3 0x8000025e (0x3bff9073) c959_pmpaddr15 0x20000d3a
core   0: 0x80000262 (0x0f0f1fb7) lui     t6, 0xf0f1
core   0: 3 0x80000262 (0x0f0f1fb7) x31 0x0f0f1000
core   0: 0x80000266 (0xf0ff8f93) addi    t6, t6, -241
core   0: 3 0x80000266 (0xf0ff8f93) x31 0x0f0f0f0f
core   0: 0x8000026a (0x3a3f9073) csrw    pmpcfg3, t6
core   0: 3 0x8000026a (0x3a3f9073) c931_pmpcfg3 0x0f0f0f0f
core   0: 0x8000026e (0x00000e97) auipc   t4, 0x0
core   0: 3 0x8000026e (0x00000e97) x29 0x8000026e
core   0: 0x80000272 (0x060e8e93) addi    t4, t4, 96
core   0: 3 0x80000272 (0x060e8e93) x29 0x800002ce
core   0: 0x80000276 (0x341e9073) csrw    mepc, t4
core   0: 3 0x80000276 (0x341e9073) c833_mepc 0x800002ce
core   0: 0x8000027a (0x7c00d073) csrwi   cpuctrlsts, 1
core   0: 3 0x8000027a (0x7c00d073) c1984_cpuctrlsts 0x00000101
core   0: 0x8000027e (0x00004e81) c.li    t4, 0
core   0: 3 0x8000027e (0x4e81) x29 0x00000000
core   0: 0x80000280 (0x300e9073) csrw    mstatus, t4
core   0: 3 0x80000280 (0x300e9073) c768_mstatus 0x00000000
core   0: 0x80000284 (0x00004e81) c.li    t4, 0
core   0: 3 0x80000284 (0x4e81) x29 0x00000000
core   0: 0x80000286 (0x304e9073) csrw    mie, t4
core   0: 3 0x80000286 (0x304e9073) c772_mie 0x00000000
core   0: 0x8000028a (0x900007b7) lui     a5, 0x90000
core   0: 3 0x8000028a (0x900007b7) x15 0x90000000
core   0: 0x8000028e (0x000017f1) c.addi  a5, -4
core   0: 3 0x8000028e (0x17f1) x15 0x8ffffffc
core   0: 0x80000290 (0x900007b7) lui     a5, 0x90000
core   0: 3 0x80000290 (0x900007b7) x15 0x90000000
core   0: 0x80000294 (0x000017f1) c.addi  a5, -4
core   0: 3 0x80000294 (0x17f1) x15 0x8ffffffc
core   0: 0x80000296 (0x900007b7) lui     a5, 0x90000
core   0: 3 0x80000296 (0x900007b7) x15 0x90000000
core   0: 0x8000029a (0x000017f1) c.addi  a5, -4
core   0: 3 0x8000029a (0x17f1) x15 0x8ffffffc
core   0: 0x8000029c (0x30000e93) li      t4, 768
core   0: 3 0x8000029c (0x30000e93) x29 0x00000300
core   0: 0x800002a0 (0x00000ea2) c.slli  t4, 8
core   0: 3 0x800002a0 (0x0ea2) x29 0x00030000
core   0: 0x800002a2 (0x00000e8d) c.addi  t4, 3
core   0: 3 0x800002a2 (0x0e8d) x29 0x00030003
core   0: 0x800002a4 (0x01d7a023) sw      t4, 0(a5)
core   0: 3 0x800002a4 (0x01d7a023) mem 0x8ffffffc 0x00030003
core   0: 0x800002a8 (0x30002ef3) csrr    t4, mstatus
core   0: 3 0x800002a8 (0x30002ef3) x29 0x00000000
core   0: 0x800002ac (0x01d7a023) sw      t4, 0(a5)
core   0: 3 0x800002ac (0x01d7a023) mem 0x8ffffffc 0x00000000
core   0: 0x800002b0 (0x900007b7) lui     a5, 0x90000
core   0: 3 0x800002b0 (0x900007b7) x15 0x90000000
core   0: 0x800002b4 (0x000017f1) c.addi  a5, -4
core   0: 3 0x800002b4 (0x17f1) x15 0x8ffffffc
core   0: 0x800002b6 (0x30400e93) li      t4, 772
core   0: 3 0x800002b6 (0x30400e93) x29 0x00000304
core   0: 0x800002ba (0x00000ea2) c.slli  t4, 8
core   0: 3 0x800002ba (0x0ea2) x29 0x00030400
core   0: 0x800002bc (0x00000e8d) c.addi  t4, 3
core   0: 3 0x800002bc (0x0e8d) x29 0x00030403
core   0: 0x800002be (0x01d7a023) sw      t4, 0(a5)
core   0: 3 0x800002be (0x01d7a023) mem 0x8ffffffc 0x00030403
core   0: 0x800002c2 (0x30402ef3) csrr    t4, mie
core   0: 3 0x800002c2 (0x30402ef3) x29 0x00000000
core   0: 0x800002c6 (0x01d7a023) sw      t4, 0(a5)
core   0: 3 0x800002c6 (0x01d7a023) mem 0x8ffffffc 0x00000000
core   0: 0x800002ca (0x30200073) mret
core   0: 3 0x800002ca (0x30200073) c768_mstatus 0x00000080
core   0: 0x800002ce (0x00200013) li      zero, 2
core   0: 0 0x800002ce (0x00200013)
core   0: 0x800002d2 (0x800000b7) lui     ra, 0x80000
core   0: 0 0x800002d2 (0x800000b7) x1  0x80000000
core   0: 0x800002d6 (0x00004121) c.li    sp, 8
core   0: 0 0x800002d6 (0x4121) x2  0x00000008
core   0: 0x800002d8 (0xfb2c31b7) lui     gp, 0xfb2c3
core   0: 0 0x800002d8 (0xfb2c31b7) x3  0xfb2c3000
core   0: 0x800002dc (0xec418193) addi    gp, gp, -316
core   0: 0 0x800002dc (0xec418193) x3  0xfb2c2ec4
core   0: 0x800002e0 (0xfadcf237) lui     tp, 0xfadcf
core   0: 0 0x800002e0 (0xfadcf237) x4  0xfadcf000
core   0: 0x800002e4 (0x87920213) addi    tp, tp, -1927
core   0: 0 0x800002e4 (0x87920213) x4  0xfadce879
core   0: 0x800002e8 (0x800002b7) lui     t0, 0x80000
core   0: 0 0x800002e8 (0x800002b7) x5  0x80000000
core   0: 0x800002ec (0x0000433d) c.li    t1, 15
core   0: 0 0x800002ec (0x433d) x6  0x0000000f
core   0: 0x800002ee (0x834b03b7) lui     t2, 0x834b0
core   0: 0 0x800002ee (0x834b03b7) x7  0x834b0000
core   0: 0x800002f2 (0xf3d38393) addi    t2, t2, -195
core   0: 0 0x800002f2 (0xf3d38393) x7  0x834aff3d
core   0: 0x800002f6 (0x00004401) c.li    s0, 0
core   0: 0 0x800002f6 (0x4401) x8  0x00000000
core   0: 0x800002f8 (0x800004b7) lui     s1, 0x80000
core   0: 0 0x800002f8 (0x800004b7) x9  0x80000000
core   0: 0x800002fc (0xfc76e537) lui     a0, 0xfc76e
core   0: 0 0x800002fc (0xfc76e537) x10 0xfc76e000
core   0: 0x80000300 (0x4c950513) addi    a0, a0, 1225
core   0: 0 0x80000300 (0x4c950513) x10 0xfc76e4c9
core   0: 0x80000304 (0x800005b7) lui     a1, 0x80000
core   0: 0 0x80000304 (0x800005b7) x11 0x80000000
core   0: 0x80000308 (0x00004601) c.li    a2, 0
core   0: 0 0x80000308 (0x4601) x12 0x00000000
core   0: 0x8000030a (0xb76a46b7) lui     a3, 0xb76a4
core   0: 0 0x8000030a (0xb76a46b7) x13 0xb76a4000
core   0: 0x8000030e (0xcb868693) addi    a3, a3, -840
core   0: 0 0x8000030e (0xcb868693) x13 0xb76a3cb8
core   0: 0x80000312 (0x00004701) c.li    a4, 0
core   0: 0 0x80000312 (0x4701) x14 0x00000000
core   0: 0x80000314 (0xf5e2d7b7) lui     a5, 0xf5e2d
core   0: 0 0x80000314 (0xf5e2d7b7) x15 0xf5e2d000
core   0: 0x80000318 (0x1bd78793) addi    a5, a5, 445
core   0: 0 0x80000318 (0x1bd78793) x15 0xf5e2d1bd
core   0: 0x8000031c (0x00004801) c.li    a6, 0
core   0: 0 0x8000031c (0x4801) x16 0x00000000
core   0: 0x8000031e (0xf84398b7) lui     a7, 0xf8439
core   0: 0 0x8000031e (0xf84398b7) x17 0xf8439000
core   0: 0x80000322 (0x4fe88893) addi    a7, a7, 1278
core   0: 0 0x80000322 (0x4fe88893) x17 0xf84394fe
core   0: 0x80000326 (0x80000937) lui     s2, 0x80000
core   0: 0 0x80000326 (0x80000937) x18 0x80000000
core   0: 0x8000032a (0x00004a01) c.li    s4, 0
core   0: 0 0x8000032a (0x4a01) x20 0x00000000
core   0: 0x8000032c (0xfbac3ab7) lui     s5, 0xfbac3
core   0: 0 0x8000032c (0xfbac3ab7) x21 0xfbac3000
core   0: 0x80000330 (0xd00a8a93) addi    s5, s5, -768
core   0: 0 0x80000330 (0xd00a8a93) x21 0xfbac2d00
core   0: 0x80000334 (0x00004b01) c.li    s6, 0
core   0: 0 0x80000334 (0x4b01) x22 0x00000000
core   0: 0x80000336 (0x46a94bb7) lui     s7, 0x46a94
core   0: 0 0x80000336 (0x46a94bb7) x23 0x46a94000
core   0: 0x8000033a (0x8a7b8b93) addi    s7, s7, -1881
core   0: 0 0x8000033a (0x8a7b8b93) x23 0x46a938a7
core   0: 0x8000033e (0x80000c37) lui     s8, 0x80000
core   0: 0 0x8000033e (0x80000c37) x24 0x80000000
core   0: 0x80000342 (0xf9271d37) lui     s10, 0xf9271
core   0: 0 0x80000342 (0xf9271d37) x26 0xf9271000
core   0: 0x80000346 (0x2f8d0d13) addi    s10, s10, 760
core   0: 0 0x80000346 (0x2f8d0d13) x26 0xf92712f8
core   0: 0x8000034a (0xa4a80db7) lui     s11, 0xa4a80
core   0: 0 0x8000034a (0xa4a80db7) x27 0xa4a80000
core   0: 0x8000034e (0xb50d8d93) addi    s11, s11, -1200
core   0: 0 0x8000034e (0xb50d8d93) x27 0xa4a7fb50
core   0: 0x80000352 (0x80000e37) lui     t3, 0x80000
core   0: 0 0x80000352 (0x80000e37) x28 0x80000000
core   0: 0x80000356 (0x80000eb7) lui     t4, 0x80000
core   0: 0 0x80000356 (0x80000eb7) x29 0x80000000
core   0: 0x8000035a (0x00004f35) c.li    t5, 13
core   0: 0 0x8000035a (0x4f35) x30 0x0000000d
core   0: 0x8000035c (0x00004fad) c.li    t6, 11
core   0: 0 0x8000035c (0x4fad) x31 0x0000000b
core   0: 0x8000035e (0x00022997) auipc   s3, 0x22
core   0: 0 0x8000035e (0x00022997) x19 0x8002235e
core   0: 0x80000362 (0xb0698993) addi    s3, s3, -1274
core   0: 0 0x80000362 (0xb0698993) x19 0x80021e64
core   0: 0x80000366 (0x900007b7) lui     a5, 0x90000
core   0: 0 0x80000366 (0x900007b7) x15 0x90000000
core   0: 0x8000036a (0x000017f1) c.addi  a5, -4
core   0: 0 0x8000036a (0x17f1) x15 0x8ffffffc
core   0: 0x8000036c (0x00004e81) c.li    t4, 0
core   0: 0 0x8000036c (0x4e81) x29 0x00000000
core   0: 0x8000036e (0x00000ea2) c.slli  t4, 8
core   0: 0 0x8000036e (0x0ea2) x29 0x00000000
core   0: 0x80000370 (0x000e8e93) mv      t4, t4
core   0: 0 0x80000370 (0x000e8e93) x29 0x00000000
core   0: 0x80000374 (0x01d7a023) sw      t4, 0(a5)
core   0: 0 0x80000374 (0x01d7a023) mem 0x8ffffffc 0x00000000
core   0: 0x80000378 (0x1740306f) j       pc + 0x3174
core   0: 0 0x80000378 (0x1740306f)
core   0: 0x800034ec (0x6ade3f37) lui     t5, 0x6ade3
core   0: 0 0x800034ec (0x6ade3f37) x30 0x6ade3000
core   0: 0x800034f0 (0x0000100f) fence.i
core   0: 0 0x800034f0 (0x0000100f)
core   0: 0x800034f4 (0x00001110) c.addi4spn a2, sp, 160
core   0: 0 0x800034f4 (0x1110) x12 0x000000a8
core   0: 0x800034f6 (0x00002d97) auipc   s11, 0x2
core   0: 0 0x800034f6 (0x00002d97) x27 0x800054f6
core   0: 0x800034fa (0x33ad8d93) addi    s11, s11, 826
core   0: 0 0x800034fa (0x33ad8d93) x27 0x80005830
core   0: 0x800034fe (0x00000ded) c.addi  s11, 27
core   0: 0 0x800034fe (0x0ded) x27 0x8000584b
core   0: 0x80003500 (0xdd8a7013) andi    zero, s4, -552
core   0: 0 0x80003500 (0xdd8a7013)
core   0: 0x80003504 (0x40de5d33) sra     s10, t3, a3
core   0: 0 0x80003504 (0x40de5d33) x26 0xffffff80
core   0: 0x80003508 (0x0000100f) fence.i
core   0: 0 0x80003508 (0x0000100f)
core   0: 0x8000350c (0xfe5d8667) jalr    a2, s11, -27
core   0: 0 0x8000350c (0xfe5d8667) x12 0x80003510
core   0: 0x80005830 (0x0321a0b3) mulhsu  ra, gp, s2
core   0: 0 0x80005830 (0x0321a0b3) x1  0xfd961762
core   0: 0x80005834 (0x00b6d663) bge     a3, a1, pc + 12
core   0: 0 0x80005834 (0x00b6d663)
core   0: 0x80005840 (0xfd498993) addi    s3, s3, -44
core   0: 0 0x80005840 (0xfd498993) x19 0x80021e38
core   0: 0x80005844 (0x00000001) c.nop
core   0: 0 0x80005844 (0x0001)
core   0: 0x80005846 (0x00c9a223) sw      a2, 4(s3)
core   0: 0 0x80005846 (0x00c9a223) mem 0x80021e3c 0x80003510
core   0: 0x8000584a (0x008018b3) sll     a7, zero, s0
core   0: 0 0x8000584a (0x008018b3) x17 0x00000000
core   0: 0x8000584e (0x00008451) c.srai  s0, 20
core   0: 0 0x8000584e (0x8451) x8  0x00000000
core   0: 0x80005850 (0x00cb1133) sll     sp, s6, a2
core   0: 0 0x80005850 (0x00cb1133) x2  0x00000000
core   0: 0x80005854 (0x01de37b3) sltu    a5, t3, t4
core   0: 0 0x80005854 (0x01de37b3) x15 0x00000000
core   0: 0x80005858 (0xb7d43593) sltiu   a1, s0, -1155
core   0: 0 0x80005858 (0xb7d43593) x11 0x00000001
core   0: 0x8000585c (0x000080d6) c.mv    ra, s5
core   0: 0 0x8000585c (0x80d6) x1  0xfbac2d00
core   0: 0x8000585e (0x73eed717) auipc   a4, 0x73eed
core   0: 0 0x8000585e (0x73eed717) x14 0xf3ef285e
core   0: 0x80005862 (0x01b34663) blt     t1, s11, pc + 12
core   0: 0 0x80005862 (0x01b34663)
core   0: 0x80005866 (0x23ea3b13) sltiu   s6, s4, 574
core   0: 0 0x80005866 (0x23ea3b13) x22 0x00000001
core   0: 0x8000586a (0x17d8c013) xori    zero, a7, 381
core   0: 0 0x8000586a (0x17d8c013)
core   0: 0x8000586e (0xf31ff66f) jal     a2, pc - 0xd0
core   0: 0 0x8000586e (0xf31ff66f) x12 0x80005872
core   0: 0x8000579e (0x0083e463) bltu    t2, s0, pc + 8
core   0: 0 0x8000579e (0x0083e463)
core   0: 0x800057a2 (0x008235b3) sltu    a1, tp, s0
core   0: 0 0x800057a2 (0x008235b3) x11 0x00000000
core   0: 0x800057a6 (0xfdc98993) addi    s3, s3, -36
core   0: 0 0x800057a6 (0xfdc98993) x19 0x80021e14
core   0: 0x800057aa (0x00c9a223) sw      a2, 4(s3)
core   0: 0 0x800057aa (0x00c9a223) mem 0x80021e18 0x80005872
core   0: 0x800057ae (0x00000222) c.slli  tp, 8
core   0: 0 0x800057ae (0x0222) x4  0xdce87900
core   0: 0x800057b0 (0xdacff893) andi    a7, t6, -596
core   0: 0 0x800057b0 (0xdacff893) x17 0x00000008
core   0: 0x800057b4 (0x0000100f) fence.i
core   0: 0 0x800057b4 (0x0000100f)
core   0: 0x800057b8 (0x00000001) c.nop
core   0: 0 0x800057b8 (0x0001)
core   0: 0x800057ba (0x00008c39) c.xor   s0, a4
core   0: 0 0x800057ba (0x8c39) x8  0xf3ef285e
core   0: 0x800057bc (0x032037b3) mulhu   a5, zero, s2
core   0: 0 0x800057bc (0x032037b3) x15 0x00000000
core   0: 0x800057c0 (0x0313e3b3) rem     t2, t2, a7
core   0: 0 0x800057c0 (0x0313e3b3) x7  0xfffffffd
core   0: 0x800057c4 (0x40a45013) srai    zero, s0, 10
core   0: 0 0x800057c4 (0x40a45013)
core   0: 0x800057c8 (0x021167b3) rem     a5, sp, ra
core   0: 0 0x800057c8 (0x021167b3) x15 0x00000000
core   0: 0x800057cc (0xef7fd66f) jal     a2, pc - 0x210a
core   0: 0 0x800057cc (0xef7fd66f) x12 0x800057d0
core   0: 0x800036c2 (0x00008c61) c.and   s0, s0
core   0: 0 0x800036c2 (0x8c61) x8  0xf3ef285e
core   0: 0x800036c4 (0x9ade6513) ori     a0, t3, -1619
core   0: 0 0x800036c4 (0x9ade6513) x10 0xfffff9ad
core   0: 0x800036c8 (0x0301b133) mulhu   sp, gp, a6
core   0: 0 0x800036c8 (0x0301b133) x2  0x00000000
core   0: 0x800036cc (0x00001991) c.addi  s3, -28
core   0: 0 0x800036cc (0x1991) x19 0x80021df8
core   0: 0x800036ce (0x21ec2b13) slti    s6, s8, 542
core   0: 0 0x800036ce (0x21ec2b13) x22 0x00000001
core   0: 0x800036d2 (0x00e81d33) sll     s10, a6, a4
core   0: 0 0x800036d2 (0x00e81d33) x26 0x00000000
core   0: 0x800036d6 (0x00c9a223) sw      a2, 4(s3)
core   0: 0 0x800036d6 (0x00c9a223) mem 0x80021dfc 0x800057d0
core   0: 0x800036da (0x00000da6) c.slli  s11, 9
core   0: 0 0x800036da (0x0da6) x27 0x00b09600
core   0: 0x800036dc (0x9f66b493) sltiu   s1, a3, -1546
core   0: 0 0x800036dc (0x9f66b493) x9  0x00000001
core   0: 0x800036e0 (0x020ed033) divu    zero, t4, zero
core   0: 0 0x800036e0 (0x020ed033)
core   0: 0x800036e4 (0x00a4b733) sltu    a4, s1, a0
core   0: 0 0x800036e4 (0x00a4b733) x14 0x00000001
core   0: 0x800036e8 (0x000082e2) c.mv    t0, s8
core   0: 0 0x800036e8 (0x82e2) x5  0x80000000
core   0: 0x800036ea (0x00008fdd) c.or    a5, a5
core   0: 0 0x800036ea (0x8fdd) x15 0x00000000
core   0: 0x800036ec (0x0007f963) bgeu    a5, zero, pc + 18
core   0: 0 0x800036ec (0x0007f963)
core   0: 0x800036fe (0x0ff0000f) fence   iorw,iorw
core   0: 0 0x800036fe (0x0ff0000f)
core   0: 0x80003702 (0x03101233) mulh    tp, zero, a7
core   0: 0 0x80003702 (0x03101233) x4  0x00000000
core   0: 0x80003706 (0x035af433) remu    s0, s5, s5
core   0: 0 0x80003706 (0x035af433) x8  0x00000000
core   0: 0x8000370a (0x0000127d) c.addi  tp, -1
core   0: 0 0x8000370a (0x127d) x4  0xffffffff
core   0: 0x8000370c (0x00008c39) c.xor   s0, a4
core   0: 0 0x8000370c (0x8c39) x8  0x00000001
core   0: 0x8000370e (0xe3cd0a13) addi    s4, s10, -452
core   0: 0 0x8000370e (0xe3cd0a13) x20 0xfffffe3c
core   0: 0x80003712 (0x02f24d33) div     s10, tp, a5
core   0: 0 0x80003712 (0x02f24d33) x26 0xffffffff
core   0: 0x80003716 (0x00000001) c.nop
core   0: 0 0x80003716 (0x0001)
core   0: 0x80003718 (0x6f7b67b7) lui     a5, 0x6f7b6
core   0: 0 0x80003718 (0x6f7b67b7) x15 0x6f7b6000
core   0: 0x8000371c (0x00009afd) c.andi  a3, -1
core   0: 0 0x8000371c (0x9afd) x13 0xb76a3cb8
core   0: 0x8000371e (0x000088bd) c.andi  s1, 15
core   0: 0 0x8000371e (0x88bd) x9  0x00000001
core   0: 0x80003720 (0x40915133) sra     sp, sp, s1
core   0: 0 0x80003720 (0x40915133) x2  0x00000000
core   0: 0x80003724 (0x0000ea81) c.bnez  a3, pc + 16
core   0: 0 0x80003724 (0xea81)
core   0: 0x80003734 (0x00004b75) c.li    s6, 29
core   0: 0 0x80003734 (0x4b75) x22 0x0000001d
core   0: 0x80003736 (0x0000826e) c.mv    tp, s11
core   0: 0 0x80003736 (0x826e) x4  0x00b09600
core   0: 0x80003738 (0x00008c95) c.sub   s1, a3
core   0: 0 0x80003738 (0x8c95) x9  0x4895c349
core   0: 0x8000373a (0x00000001) c.nop
core   0: 0 0x8000373a (0x0001)
core   0: 0x8000373c (0x00000001) c.nop
core   0: 0 0x8000373c (0x0001)
core   0: 0x8000373e (0x00032093) slti    ra, t1, 0
core   0: 0 0x8000373e (0x00032093) x1  0x00000000
core   0: 0x80003742 (0x3674ed13) ori     s10, s1, 871
core   0: 0 0x80003742 (0x3674ed13) x26 0x4895c36f
core   0: 0x80003746 (0x00a56863) bltu    a0, a0, pc + 16
core   0: 0 0x80003746 (0x00a56863)
core   0: 0x8000374a (0xafec4e13) xori    t3, s8, -1282
core   0: 0 0x8000374a (0xafec4e13) x28 0x7ffffafe
core   0: 0x8000374e (0xcb2c2a93) slti    s5, s8, -846
core   0: 0 0x8000374e (0xcb2c2a93) x21 0x00000001
core   0: 0x80003752 (0x01c0b4b3) sltu    s1, ra, t3
core   0: 0 0x80003752 (0x01c0b4b3) x9  0x00000001
core   0: 0x80003756 (0x000041d9) c.li    gp, 22
core   0: 0 0x80003756 (0x41d9) x3  0x00000016
core   0: 0x80003758 (0x03e0c933) div     s2, ra, t5
core   0: 0 0x80003758 (0x03e0c933) x18 0x00000000
core   0: 0x8000375c (0x0bda9517) auipc   a0, 0xbda9
core   0: 0 0x8000375c (0x0bda9517) x10 0x8bdac75c
core   0: 0x80003760 (0x03bfd163) bge     t6, s11, pc + 34
core   0: 0 0x80003760 (0x03bfd163)
core   0: 0x80003764 (0x03cd4163) blt     s10, t3, pc + 34
core   0: 0 0x80003764 (0x03cd4163)
core   0: 0x80003786 (0x03a3a933) mulhsu  s2, t2, s10
core   0: 0 0x80003786 (0x03a3a933) x18 0xffffffff
core   0: 0x8000378a (0x047ef463) bgeu    t4, t2, pc + 72
core   0: 0 0x8000378a (0x047ef463)
core   0: 0x8000378e (0x0000c699) c.beqz  a3, pc + 14
core   0: 0 0x8000378e (0xc699)
core   0: 0x80003790 (0x037d0ab3) mul     s5, s10, s7
core   0: 0 0x80003790 (0x037d0ab3) x21 0x7ab9c569
core   0: 0x80003794 (0x0ff0000f) fence   iorw,iorw
core   0: 0 0x80003794 (0x0ff0000f)
core   0: 0x80003798 (0x4142d7b3) sra     a5, t0, s4
core   0: 0 0x80003798 (0x4142d7b3) x15 0xfffffff8
core   0: 0x8000379c (0x00008e21) c.xor   a2, s0
core   0: 0 0x8000379c (0x8e21) x12 0x800057d1
core   0: 0x8000379e (0x00c3d563) bge     t2, a2, pc + 10
core   0: 0 0x8000379e (0x00c3d563)
core   0: 0x800037a8 (0x026eb833) mulhu   a6, t4, t1
core   0: 0 0x800037a8 (0x026eb833) x16 0x00000000
core   0: 0x800037ac (0x034a6763) bltu    s4, s4, pc + 46
core   0: 0 0x800037ac (0x034a6763)
core   0: 0x800037b0 (0x02fec433) div     s0, t4, a5
core   0: 0 0x800037b0 (0x02fec433) x8  0x00000000
core   0: 0x800037b4 (0x00b46bb3) or      s7, s0, a1
core   0: 0 0x800037b4 (0x00b46bb3) x23 0x00000000
core   0: 0x800037b8 (0x00008f49) c.or    a4, a0
core   0: 0 0x800037b8 (0x8f49) x14 0x8bdac75d
core   0: 0x800037ba (0x021df863) bgeu    s11, ra, pc + 48
core   0: 0 0x800037ba (0x021df863)
core   0: 0x800037ea (0x9beefb93) andi    s7, t4, -1602
core   0: 0 0x800037ea (0x9beefb93) x23 0x00000000
core   0: 0x800037ee (0x03297533) remu    a0, s2, s2
core   0: 0 0x800037ee (0x03297533) x10 0x00000000
core   0: 0x800037f2 (0x00008e59) c.or    a2, a4
core   0: 0 0x800037f2 (0x8e59) x12 0x8bdad7dd
core   0: 0x800037f4 (0x717bcb93) xori    s7, s7, 1815
core   0: 0 0x800037f4 (0x717bcb93) x23 0x00000717
core   0: 0x800037f8 (0x0300ed33) rem     s10, ra, a6
core   0: 0 0x800037f8 (0x0300ed33) x26 0x00000000
core   0: 0x800037fc (0x00000001) c.nop
core   0: 0 0x800037fc (0x0001)
core   0: 0x800037fe (0x00008e2d) c.xor   a2, a1
core   0: 0 0x800037fe (0x8e2d) x12 0x8bdad7dd
core   0: 0x80003800 (0x000080b1) c.srli  s1, 12
core   0: 0 0x80003800 (0x80b1) x9  0x00000000
core   0: 0x80003802 (0x00008d85) c.sub   a1, s1
core   0: 0 0x80003802 (0x8d85) x11 0x00000000
core   0: 0x80003804 (0xb7314193) xori    gp, sp, -1165
core   0: 0 0x80003804 (0xb7314193) x3  0xfffffb73
core   0: 0x80003808 (0x012148b3) xor     a7, sp, s2
core   0: 0 0x80003808 (0x012148b3) x17 0xffffffff
core   0: 0x8000380c (0x02b1f363) bgeu    gp, a1, pc + 38
core   0: 0 0x8000380c (0x02b1f363)
core   0: 0x80003832 (0x02749d33) mulh    s10, s1, t2
core   0: 0 0x80003832 (0x02749d33) x26 0x00000000
core   0: 0x80003836 (0x00000001) c.nop
core   0: 0 0x80003836 (0x0001)
core   0: 0x80003838 (0x0000100f) fence.i
core   0: 0 0x80003838 (0x0000100f)
core   0: 0x8000383c (0x2c352737) lui     a4, 0x2c352
core   0: 0 0x8000383c (0x2c352737) x14 0x2c352000
core   0: 0x80003840 (0x00000001) c.nop
core   0: 0 0x80003840 (0x0001)
core   0: 0x80003842 (0x0000ca95) c.beqz  a3, pc + 52
core   0: 0 0x80003842 (0xca95)
core   0: 0x80003844 (0x0386dd33) divu    s10, a3, s8
core   0: 0 0x80003844 (0x0386dd33) x26 0x00000001
core   0: 0x80003848 (0x00008f55) c.or    a4, a3
core   0: 0 0x80003848 (0x8f55) x14 0xbf7f3cb8
core   0: 0x8000384a (0x03c7cd33) div     s10, a5, t3
core   0: 0 0x8000384a (0x03c7cd33) x26 0x00000000
core   0: 0x8000384e (0x00008f15) c.sub   a4, a3
core   0: 0 0x8000384e (0x8f15) x14 0x08150000
core   0: 0x80003850 (0x3a5f4a13) xori    s4, t5, 933
core   0: 0 0x80003850 (0x3a5f4a13) x20 0x6ade33a5
core   0: 0x80003854 (0xa66b7b13) andi    s6, s6, -1434
core   0: 0 0x80003854 (0xa66b7b13) x22 0x00000004
core   0: 0x80003858 (0x743a3413) sltiu   s0, s4, 1859
core   0: 0 0x80003858 (0x743a3413) x8  0x00000000
core   0: 0x8000385c (0x015931b3) sltu    gp, s2, s5
core   0: 0 0x8000385c (0x015931b3) x3  0x00000000
core   0: 0x80003860 (0x0000100f) fence.i
core   0: 0 0x80003860 (0x0000100f)
core   0: 0x80003864 (0x034e6c63) bltu    t3, s4, pc + 56
core   0: 0 0x80003864 (0x034e6c63)
core   0: 0x80003868 (0x005471b3) and     gp, s0, t0
core   0: 0 0x80003868 (0x005471b3) x3  0x00000000
core   0: 0x8000386c (0x00da5bb3) srl     s7, s4, a3
core   0: 0 0x8000386c (0x00da5bb3) x23 0x0000006a
core   0: 0x80003870 (0x02b49033) mulh    zero, s1, a1
core   0: 0 0x80003870 (0x02b49033)
core   0: 0x80003874 (0x00008c7d) c.and   s0, a5
core   0: 0 0x80003874 (0x8c7d) x8  0x00000000
core   0: 0x80003876 (0xfbe0a393) slti    t2, ra, -66
core   0: 0 0x80003876 (0xfbe0a393) x7  0x00000000
core   0: 0x8000387a (0x00000001) c.nop
core   0: 0 0x8000387a (0x0001)
core   0: 0x8000387c (0x03a7ff63) bgeu    a5, s10, pc + 62
core   0: 0 0x8000387c (0x03a7ff63)
core   0: 0x800038ba (0x00008956) c.mv    s2, s5
core   0: 0 0x800038ba (0x8956) x18 0x7ab9c569
core   0: 0x800038bc (0x0000c211) c.beqz  a2, pc + 4
core   0: 0 0x800038bc (0xc211)
core   0: 0x800038be (0x00008c45) c.or    s0, s1
core   0: 0 0x800038be (0x8c45) x8  0x00000000
core   0: 0x800038c0 (0x00000536) c.slli  a0, 13
core   0: 0 0x800038c0 (0x0536) x10 0x00000000
core   0: 0x800038c2 (0x029a4d33) div     s10, s4, s1
core   0: 0 0x800038c2 (0x029a4d33) x26 0xffffffff
core   0: 0x800038c6 (0x00008db9) c.xor   a1, a4
core   0: 0 0x800038c6 (0x8db9) x11 0x08150000
core   0: 0x800038c8 (0x0000e791) c.bnez  a5, pc + 12
core   0: 0 0x800038c8 (0xe791)
core   0: 0x800038d4 (0x00000001) c.nop
core   0: 0 0x800038d4 (0x0001)
core   0: 0x800038d6 (0x41595093) srai    ra, s2, 21
core   0: 0 0x800038d6 (0x41595093) x1  0x000003d5
core   0: 0x800038da (0x4b41b017) auipc   zero, 0x4b41b
core   0: 0 0x800038da (0x4b41b017)
core   0: 0x800038de (0x001fa0b3) slt     ra, t6, ra
core   0: 0 0x800038de (0x001fa0b3) x1  0x00000001
core   0: 0x800038e2 (0x01b5aab3) slt     s5, a1, s11
core   0: 0 0x800038e2 (0x01b5aab3) x21 0x00000000
core   0: 0x800038e6 (0x00624133) xor     sp, tp, t1
core   0: 0 0x800038e6 (0x00624133) x2  0x00b0960f
core   0: 0x800038ea (0x02670533) mul     a0, a4, t1
core   0: 0 0x800038ea (0x02670533) x10 0x793b0000
core   0: 0x800038ee (0x00008ed1) c.or    a3, a2
core   0: 0 0x800038ee (0x8ed1) x13 0xbffafffd
core   0: 0x800038f0 (0x73b7a393) slti    t2, a5, 1851
core   0: 0 0x800038f0 (0x73b7a393) x7  0x00000001
core   0: 0x800038f4 (0x0318ec63) bltu    a7, a7, pc + 56
core   0: 0 0x800038f4 (0x0318ec63)
core   0: 0x800038f8 (0x04bae163) bltu    s5, a1, pc + 66
core   0: 0 0x800038f8 (0x04bae163)
core   0: 0x8000393a (0x03bf8d33) mul     s10, t6, s11
core   0: 0 0x8000393a (0x03bf8d33) x26 0x07967200
core   0: 0x8000393e (0x0065c033) xor     zero, a1, t1
core   0: 0 0x8000393e (0x0065c033)
core   0: 0x80003942 (0x418b5f33) sra     t5, s6, s8
core   0: 0 0x80003942 (0x418b5f33) x30 0x00000004
core   0: 0x80003946 (0x011f3733) sltu    a4, t5, a7
core   0: 0 0x80003946 (0x011f3733) x14 0x00000001
core   0: 0x8000394a (0x05df8063) beq     t6, t4, pc + 64
core   0: 0 0x8000394a (0x05df8063)
core   0: 0x8000394e (0x01265133) srl     sp, a2, s2
core   0: 0 0x8000394e (0x01265133) x2  0x0045ed6b
core   0: 0x80003952 (0x0000ce05) c.beqz  a2, pc + 56
core   0: 0 0x80003952 (0xce05)
core   0: 0x80003954 (0x02628263) beq     t0, t1, pc + 36
core   0: 0 0x80003954 (0x02628263)
core   0: 0x80003958 (0x66d1e797) auipc   a5, 0x66d1e
core   0: 0 0x80003958 (0x66d1e797) x15 0xe6d21958
core   0: 0x8000395c (0x00006291) c.lui   t0, 0x4
core   0: 0 0x8000395c (0x6291) x5  0x00004000
core   0: 0x8000395e (0x41cb07b3) sub     a5, s6, t3
core   0: 0 0x8000395e (0x41cb07b3) x15 0x80000506
core   0: 0x80003962 (0x035d4963) blt     s10, s5, pc + 50
core   0: 0 0x80003962 (0x035d4963)
core   0: 0x80003966 (0x410f06b3) sub     a3, t5, a6
core   0: 0 0x80003966 (0x410f06b3) x13 0x00000004
core   0: 0x8000396a (0xf6446593) ori     a1, s0, -156
core   0: 0 0x8000396a (0xf6446593) x11 0xffffff64
core   0: 0x8000396e (0x045e0163) beq     t3, t0, pc + 66
core   0: 0 0x8000396e (0x045e0163)
core   0: 0x80003972 (0x00008fbd) c.xor   a5, a5
core   0: 0 0x80003972 (0x8fbd) x15 0x00000000
core   0: 0x80003974 (0x3047e893) ori     a7, a5, 772
core   0: 0 0x80003974 (0x3047e893) x17 0x00000304
core   0: 0x80003978 (0xa2fb0737) lui     a4, 0xa2fb0
core   0: 0 0x80003978 (0xa2fb0737) x14 0xa2fb0000
core   0: 0x8000397c (0x0000ef85) c.bnez  a5, pc + 56
core   0: 0 0x8000397c (0xef85)
core   0: 0x8000397e (0x0000089c) c.addi4spn a5, sp, 80
core   0: 0 0x8000397e (0x089c) x15 0x0045edbb
core   0: 0x80003980 (0x43fd4e93) xori    t4, s10, 1087
core   0: 0 0x80003980 (0x43fd4e93) x29 0x0796763f
core   0: 0x80003984 (0x00008055) c.srli  s0, 21
core   0: 0 0x80003984 (0x8055) x8  0x00000000
core   0: 0x80003986 (0x40c95433) sra     s0, s2, a2
core   0: 0 0x80003986 (0x40c95433) x8  0x00000003
core   0: 0x8000398a (0x00000784) c.addi4spn s1, sp, 960
core   0: 0 0x8000398a (0x0784) x9  0x0045f12b
core   0: 0x8000398c (0x00008119) c.srli  a0, 6
core   0: 0 0x8000398c (0x8119) x10 0x01e4ec00
core   0: 0x8000398e (0x41858033) sub     zero, a1, s8
core   0: 0 0x8000398e (0x41858033)
core   0: 0x80003992 (0x00006421) c.lui   s0, 0x8
core   0: 0 0x80003992 (0x6421) x8  0x00008000
core   0: 0x80003994 (0x01799513) slli    a0, s3, 23
core   0: 0 0x80003994 (0x01799513) x10 0xfc000000
core   0: 0x80003998 (0x020fba33) mulhu   s4, t6, zero
core   0: 0 0x80003998 (0x020fba33) x20 0x00000000
core   0: 0x8000399c (0x03188233) mul     tp, a7, a7
core   0: 0 0x8000399c (0x03188233) x4  0x00091810
core   0: 0x800039a0 (0x40c3dd93) srai    s11, t2, 12
core   0: 0 0x800039a0 (0x40c3dd93) x27 0x00000000
core   0: 0x800039a4 (0x24ef6b13) ori     s6, t5, 590
core   0: 0 0x800039a4 (0x24ef6b13) x22 0x0000024e
core   0: 0x800039a8 (0x03e7d6b3) divu    a3, a5, t5
core   0: 0 0x800039a8 (0x03e7d6b3) x13 0x00117b6e
core   0: 0x800039ac (0x411cd393) srai    t2, s9, 17
core   0: 0 0x800039ac (0x411cd393) x7  0xffffc001
core   0: 0x800039b0 (0xaa488193) addi    gp, a7, -1372
core   0: 0 0x800039b0 (0xaa488193) x3  0xfffffda8
core   0: 0x800039b4 (0x0000e585) c.bnez  a1, pc + 40
core   0: 0 0x800039b4 (0xe585)
core   0: 0x800039dc (0x000001d2) c.slli  gp, 20
core   0: 0 0x800039dc (0x01d2) x3  0xda800000
core   0: 0x800039de (0xd4d8f213) andi    tp, a7, -691
core   0: 0 0x800039de (0xd4d8f213) x4  0x00000104
core   0: 0x800039e2 (0x0211ceb3) div     t4, gp, ra
core   0: 0 0x800039e2 (0x0211ceb3) x29 0xda800000
core   0: 0x800039e6 (0x00000001) c.nop
core   0: 0 0x800039e6 (0x0001)
core   0: 0x800039e8 (0x000008ee) c.slli  a7, 27
core   0: 0 0x800039e8 (0x08ee) x17 0x20000000
core   0: 0x800039ea (0x04eef163) bgeu    t4, a4, pc + 66
core   0: 0 0x800039ea (0x04eef163)
core   0: 0x80003a2c (0xceb85c17) auipc   s8, 0xceb85
core   0: 0 0x80003a2c (0xceb85c17) x24 0x4eb88a2c
core   0: 0x80003a30 (0x0ff0000f) fence   iorw,iorw
core   0: 0 0x80003a30 (0x0ff0000f)
core   0: 0x80003a34 (0x05dbc363) blt     s7, t4, pc + 70
core   0: 0 0x80003a34 (0x05dbc363)
core   0: 0x80003a38 (0x0008a133) slt     sp, a7, zero
core   0: 0 0x80003a38 (0x0008a133) x2  0x00000000
core   0: 0x80003a3c (0x0000100f) fence.i
core   0: 0 0x80003a3c (0x0000100f)
core   0: 0x80003a40 (0x00009bfd) c.andi  a5, -1
core   0: 0 0x80003a40 (0x9bfd) x15 0x0045edbb
core   0: 0x80003a42 (0x3bc051b7) lui     gp, 0x3bc05
core   0: 0 0x80003a42 (0x3bc051b7) x3  0x3bc05000
core   0: 0x80003a46 (0x028e93b3) mulh    t2, t4, s0
core   0: 0 0x80003a46 (0x028e93b3) x7  0xffffed40
core   0: 0x80003a4a (0x7ef423b7) lui     t2, 0x7ef42
core   0: 0 0x80003a4a (0x7ef423b7) x7  0x7ef42000
core   0: 0x80003a4e (0x00008cd9) c.or    s1, a4
core   0: 0 0x80003a4e (0x8cd9) x9  0xa2fff12b
core   0: 0x80003a50 (0x00085833) srl     a6, a6, zero
core   0: 0 0x80003a50 (0x00085833) x16 0x00000000
core   0: 0x80003a54 (0x000012fd) c.addi  t0, -1
core   0: 0 0x80003a54 (0x12fd) x5  0x00003fff
core   0: 0x80003a56 (0x0110fd33) and     s10, ra, a7
core   0: 0 0x80003a56 (0x0110fd33) x26 0x00000000
core   0: 0x80003a5a (0x037b8433) mul     s0, s7, s7
core   0: 0 0x80003a5a (0x037b8433) x8  0x00002be4
core   0: 0x80003a5e (0x03cdcdb3) div     s11, s11, t3
core   0: 0 0x80003a5e (0x03cdcdb3) x27 0x00000000
core   0: 0x80003a62 (0x0186c763) blt     a3, s8, pc + 14
core   0: 0 0x80003a62 (0x0186c763)
core   0: 0x80003a70 (0x02bd7333) remu    t1, s10, a1
core   0: 0 0x80003a70 (0x02bd7333) x6  0x00000000
core   0: 0x80003a74 (0xadef7b13) andi    s6, t5, -1314
core   0: 0 0x80003a74 (0xadef7b13) x22 0x00000004
core   0: 0x80003a78 (0x00000731) c.addi  a4, 12
core   0: 0 0x80003a78 (0x0731) x14 0xa2fb000c
core   0: 0x80003a7a (0x00008ead) c.xor   a3, a1
core   0: 0 0x80003a7a (0x8ead) x13 0xffee840a
core   0: 0x80003a7c (0x00008fdd) c.or    a5, a5
core   0: 0 0x80003a7c (0x8fdd) x15 0x0045edbb
core   0: 0x80003a7e (0x015e8663) beq     t4, s5, pc + 12
core   0: 0 0x80003a7e (0x015e8663)
core   0: 0x80003a82 (0x02547663) bgeu    s0, t0, pc + 44
core   0: 0 0x80003a82 (0x02547663)
core   0: 0x80003a86 (0x03ce62b3) rem     t0, t3, t3
core   0: 0 0x80003a86 (0x03ce62b3) x5  0x00000000
core   0: 0x80003a8a (0x03a8ca33) div     s4, a7, s10
core   0: 0 0x80003a8a (0x03a8ca33) x20 0xffffffff
core   0: 0x80003a8e (0x021d8063) beq     s11, ra, pc + 32
core   0: 0 0x80003a8e (0x021d8063)
core   0: 0x80003a92 (0x0000717d) c.addi16sp sp, -16
core   0: 0 0x80003a92 (0x717d) x2  0xfffffff0
core   0: 0x80003a94 (0x02474e33) div     t3, a4, tp
core   0: 0 0x80003a94 (0x02474e33) x28 0xffa4695b
core   0: 0x80003a98 (0x00000001) c.nop
core   0: 0 0x80003a98 (0x0001)
core   0: 0x80003a9a (0x9b43c493) xori    s1, t2, -1612
core   0: 0 0x80003a9a (0x9b43c493) x9  0x810bd9b4
core   0: 0x80003a9e (0x00000684) c.addi4spn s1, sp, 832
core   0: 0 0x80003a9e (0x0684) x9  0x00000330
core   0: 0x80003aa0 (0x1707b813) sltiu   a6, a5, 368
core   0: 0 0x80003aa0 (0x1707b813) x16 0x00000000
core   0: 0x80003aa4 (0x00065713) srli    a4, a2, 0
core   0: 0 0x80003aa4 (0x00065713) x14 0x8bdad7dd
core   0: 0x80003aa8 (0x0124e733) or      a4, s1, s2
core   0: 0 0x80003aa8 (0x0124e733) x14 0x7ab9c779
core   0: 0x80003aac (0x00001c84) c.addi4spn s1, sp, 624
core   0: 0 0x80003aac (0x1c84) x9  0x00000260
core   0: 0x80003aae (0x02ae6b33) rem     s6, t3, a0
core   0: 0 0x80003aae (0x02ae6b33) x22 0xffa4695b
core   0: 0x80003ab2 (0x00008f35) c.xor   a4, a3
core   0: 0 0x80003ab2 (0x8f35) x14 0x85574373
core   0: 0x80003ab4 (0x0155f663) bgeu    a1, s5, pc + 12
core   0: 0 0x80003ab4 (0x0155f663)
core   0: 0x80003ac0 (0x00008271) c.srli  a2, 28
core   0: 0 0x80003ac0 (0x8271) x12 0x00000008
core   0: 0x80003ac2 (0x0000865e) c.mv    a2, s7
core   0: 0 0x80003ac2 (0x865e) x12 0x0000006a
core   0: 0x80003ac4 (0x00006161) c.addi16sp sp, 80
core   0: 0 0x80003ac4 (0x6161) x2  0x00000040
core   0: 0x80003ac6 (0x038cc933) div     s2, s9, s8
core   0: 0 0x80003ac6 (0x038cc933) x18 0xffffffff
core   0: 0x80003aca (0x04a26063) bltu    tp, a0, pc + 64
core   0: 0 0x80003aca (0x04a26063)
core   0: 0x80003b0a (0x000051fd) c.li    gp, -1
core   0: 0 0x80003b0a (0x51fd) x3  0xffffffff
core   0: 0x80003b0c (0x010e9d63) bne     t4, a6, pc + 26
core   0: 0 0x80003b0c (0x010e9d63)
core   0: 0x80003b26 (0xb05fd037) lui     zero, 0xb05fd
core   0: 0 0x80003b26 (0xb05fd037)
core   0: 0x80003b2a (0xe99b6793) ori     a5, s6, -359
core   0: 0 0x80003b2a (0xe99b6793) x15 0xffffffdb
core   0: 0x80003b2e (0x0000833a) c.mv    t1, a4
core   0: 0 0x80003b2e (0x833a) x6  0x85574373
core   0: 0x80003b30 (0x02d66633) rem     a2, a2, a3
core   0: 0 0x80003b30 (0x02d66633) x12 0x0000006a
core   0: 0x80003b34 (0x00000001) c.nop
core   0: 0 0x80003b34 (0x0001)
core   0: 0x80003b36 (0x00006ab5) c.lui   s5, 0xd
core   0: 0 0x80003b36 (0x6ab5) x21 0x0000d000
core   0: 0x80003b38 (0x000092c6) c.add   t0, a7
core   0: 0 0x80003b38 (0x92c6) x5  0x20000000
core   0: 0x80003b3a (0x17147793) andi    a5, s0, 369
core   0: 0 0x80003b3a (0x17147793) x15 0x00000160
core   0: 0x80003b3e (0x0ff0000f) fence   iorw,iorw
core   0: 0 0x80003b3e (0x0ff0000f)
core   0: 0x80003b42 (0x013b2133) slt     sp, s6, s3
core   0: 0 0x80003b42 (0x013b2133) x2  0x00000000
core   0: 0x80003b46 (0x00008f99) c.sub   a5, a4
core   0: 0 0x80003b46 (0x8f99) x15 0x7aa8bded
core   0: 0x80003b48 (0x00000001) c.nop
core   0: 0 0x80003b48 (0x0001)
core   0: 0x80003b4a (0x401752b3) sra     t0, a4, ra
core   0: 0 0x80003b4a (0x401752b3) x5  0xc2aba1b9
core   0: 0x80003b4e (0x0000e985) c.bnez  a1, pc + 48
core   0: 0 0x80003b4e (0xe985)
core   0: 0x80003b7e (0x00008fc1) c.or    a5, s0
core   0: 0 0x80003b7e (0x8fc1) x15 0x7aa8bfed
core   0: 0x80003b80 (0x00000001) c.nop
core   0: 0 0x80003b80 (0x0001)
core   0: 0x80003b82 (0x00001214) c.addi4spn a3, sp, 288
core   0: 0 0x80003b82 (0x1214) x13 0x00000120
core   0: 0x80003b84 (0x6541c813) xori    a6, gp, 1620
core   0: 0 0x80003b84 (0x6541c813) x16 0xfffff9ab
core   0: 0x80003b88 (0x0000614d) c.addi16sp sp, 176
core   0: 0 0x80003b88 (0x614d) x2  0x000000b0
core   0: 0x80003b8a (0x00000001) c.nop
core   0: 0 0x80003b8a (0x0001)
core   0: 0x80003b8c (0x0000080e) c.slli  a6, 3
core   0: 0 0x80003b8c (0x080e) x16 0xffffcd58
core   0: 0x80003b8e (0x0000100f) fence.i
core   0: 0 0x80003b8e (0x0000100f)
core   0: 0x80003b92 (0x00006129) c.addi16sp sp, 192
core   0: 0 0x80003b92 (0x6129) x2  0x00000170
core   0: 0x80003b94 (0x01efd463) bge     t6, t5, pc + 8
core   0: 0 0x80003b94 (0x01efd463)
core   0: 0x80003b9c (0x030202b3) mul     t0, tp, a6
core   0: 0 0x80003b9c (0x030202b3) x5  0xffcc8d60
core   0: 0x80003ba0 (0x05910013) addi    zero, sp, 89
core   0: 0 0x80003ba0 (0x05910013)
core   0: 0x80003ba4 (0x0236dab3) divu    s5, a3, gp
core   0: 0 0x80003ba4 (0x0236dab3) x21 0x00000000
core   0: 0x80003ba8 (0x00c10263) beq     sp, a2, pc + 4
core   0: 0 0x80003ba8 (0x00c10263)
core   0: 0x80003bac (0x03449a63) bne     s1, s4, pc + 52
core   0: 0 0x80003bac (0x03449a63)
core   0: 0x80003be0 (0x00009bfd) c.andi  a5, -1
core   0: 0 0x80003be0 (0x9bfd) x15 0x7aa8bfed
core   0: 0x80003be2 (0x0000c509) c.beqz  a0, pc + 10
core   0: 0 0x80003be2 (0xc509)
core   0: 0x80003be4 (0x00008f61) c.and   a4, s0
core   0: 0 0x80003be4 (0x8f61) x14 0x00000360
core   0: 0x80003be6 (0x000083a1) c.srli  a5, 8
core   0: 0 0x80003be6 (0x83a1) x15 0x007aa8bf
core   0: 0x80003be8 (0x03039333) mulh    t1, t2, a6
core   0: 0 0x80003be8 (0x03039333) x6  0xffffe6e1
core   0: 0x80003bec (0x01fbe863) bltu    s7, t6, pc + 16
core   0: 0 0x80003bec (0x01fbe863)
core   0: 0x80003bf0 (0x64634393) xori    t2, t1, 1606
core   0: 0 0x80003bf0 (0x64634393) x7  0xffffe0a7
core   0: 0x80003bf4 (0x00ce3133) sltu    sp, t3, a2
core   0: 0 0x80003bf4 (0x00ce3133) x2  0x00000000
core   0: 0x80003bf8 (0x006a5613) srli    a2, s4, 6
core   0: 0 0x80003bf8 (0x006a5613) x12 0x03ffffff
core   0: 0x80003bfc (0x00b87d63) bgeu    a6, a1, pc + 26
core   0: 0 0x80003bfc (0x00b87d63)
core   0: 0x80003c00 (0x00008bd5) c.andi  a5, 21
core   0: 0 0x80003c00 (0x8bd5) x15 0x00000015
core   0: 0x80003c02 (0x00b11313) slli    t1, sp, 11
core   0: 0 0x80003c02 (0x00b11313) x6  0x00000000
core   0: 0x80003c06 (0x05278263) beq     a5, s2, pc + 68
core   0: 0 0x80003c06 (0x05278263)
core   0: 0x80003c0a (0x0179f763) bgeu    s3, s7, pc + 14
core   0: 0 0x80003c0a (0x0179f763)
core   0: 0x80003c18 (0x00000c41) c.addi  s8, 16
core   0: 0 0x80003c18 (0x0c41) x24 0x4eb88a3c
core   0: 0x80003c1a (0x03b68533) mul     a0, a3, s11
core   0: 0 0x80003c1a (0x03b68533) x10 0x00000000
core   0: 0x80003c1e (0x6a770e93) addi    t4, a4, 1703
core   0: 0 0x80003c1e (0x6a770e93) x29 0x00000a07
core   0: 0x80003c22 (0x0000100f) fence.i
core   0: 0 0x80003c22 (0x0000100f)
core   0: 0x80003c26 (0x03c80c33) mul     s8, a6, t3
core   0: 0 0x80003c26 (0x03c80c33) x24 0x1f871648
core   0: 0x80003c2a (0x021e86b3) mul     a3, t4, ra
core   0: 0 0x80003c2a (0x021e86b3) x13 0x00000a07
core   0: 0x80003c2e (0x00000001) c.nop
core   0: 0 0x80003c2e (0x0001)
core   0: 0x80003c30 (0x00009a7d) c.andi  a2, -1
core   0: 0 0x80003c30 (0x9a7d) x12 0x03ffffff
core   0: 0x80003c32 (0x000087ea) c.mv    a5, s10
core   0: 0 0x80003c32 (0x87ea) x15 0x00000000
core   0: 0x80003c34 (0xc1e06d13) ori     s10, zero, -994
core   0: 0 0x80003c34 (0xc1e06d13) x26 0xfffffc1e
core   0: 0x80003c38 (0x00449533) sll     a0, s1, tp
core   0: 0 0x80003c38 (0x00449533) x10 0x00002600
core   0: 0x80003c3c (0x37093813) sltiu   a6, s2, 880
core   0: 0 0x80003c3c (0x37093813) x16 0x00000000
core   0: 0x80003c40 (0x00004de1) c.li    s11, 24
core   0: 0 0x80003c40 (0x4de1) x27 0x00000018
core   0: 0x80003c42 (0x40a05733) sra     a4, zero, a0
core   0: 0 0x80003c42 (0x40a05733) x14 0x00000000
core   0: 0x80003c46 (0x02a61b63) bne     a2, a0, pc + 54
core   0: 0 0x80003c46 (0x02a61b63)
core   0: 0x80003c7c (0x00922db3) slt     s11, tp, s1
core   0: 0 0x80003c7c (0x00922db3) x27 0x00000001
core   0: 0x80003c80 (0x02cac6b3) div     a3, s5, a2
core   0: 0 0x80003c80 (0x02cac6b3) x13 0x00000000
core   0: 0x80003c84 (0x5e75fa13) andi    s4, a1, 1511
core   0: 0 0x80003c84 (0x5e75fa13) x20 0x00000564
core   0: 0x80003c88 (0x0000809d) c.srli  s1, 7
core   0: 0 0x80003c88 (0x809d) x9  0x00000004
core   0: 0x80003c8a (0x00441513) slli    a0, s0, 4
core   0: 0 0x80003c8a (0x00441513) x10 0x0002be40
core   0: 0x80003c8e (0x00449893) slli    a7, s1, 4
core   0: 0 0x80003c8e (0x00449893) x17 0x00000040
core   0: 0x80003c92 (0x055dc463) blt     s11, s5, pc + 72
core   0: 0 0x80003c92 (0x055dc463)
core   0: 0x80003c96 (0x024e1bb3) mulh    s7, t3, tp
core   0: 0 0x80003c96 (0x024e1bb3) x23 0xffffffff
core   0: 0x80003c9a (0x013d3033) sltu    zero, s10, s3
core   0: 0 0x80003c9a (0x013d3033)
core   0: 0x80003c9e (0x000089dd) c.andi  a1, 23
core   0: 0 0x80003c9e (0x89dd) x11 0x00000004
core   0: 0x80003ca0 (0x1d9f2293) slti    t0, t5, 473
core   0: 0 0x80003ca0 (0x1d9f2293) x5  0x00000001
core   0: 0x80003ca4 (0x40240eb3) sub     t4, s0, sp
core   0: 0 0x80003ca4 (0x40240eb3) x29 0x00002be4
core   0: 0x80003ca8 (0x03f48233) mul     tp, s1, t6
core   0: 0 0x80003ca8 (0x03f48233) x4  0x0000002c
core   0: 0x80003cac (0x002edb93) srli    s7, t4, 2
core   0: 0 0x80003cac (0x002edb93) x23 0x00000af9
core   0: 0x80003cb0 (0x009df8b3) and     a7, s11, s1
core   0: 0 0x80003cb0 (0x009df8b3) x17 0x00000000
core   0: 0x80003cb4 (0xea433637) lui     a2, 0xea433
core   0: 0 0x80003cb4 (0xea433637) x12 0xea433000
core   0: 0x80003cb8 (0x00240a33) add     s4, s0, sp
core   0: 0 0x80003cb8 (0x00240a33) x20 0x00002be4
core   0: 0x80003cbc (0x0000c609) c.beqz  a2, pc + 10
core   0: 0 0x80003cbc (0xc609)
core   0: 0x80003cbe (0x030c8017) auipc   zero, 0x30c8
core   0: 0 0x80003cbe (0x030c8017)
core   0: 0x80003cc2 (0x031011b3) mulh    gp, zero, a7
core   0: 0 0x80003cc2 (0x031011b3) x3  0x00000000
core   0: 0x80003cc6 (0x0135f363) bgeu    a1, s3, pc + 6
core   0: 0 0x80003cc6 (0x0135f363)
core   0: 0x80003cca (0x0000517d) c.li    sp, -1
core   0: 0 0x80003cca (0x517d) x2  0xffffffff
core   0: 0x80003ccc (0x011f01b3) add     gp, t5, a7
core   0: 0 0x80003ccc (0x011f01b3) x3  0x00000004
core   0: 0x80003cd0 (0x0290a5b3) mulhsu  a1, ra, s1
core   0: 0 0x80003cd0 (0x0290a5b3) x11 0x00000000
core   0: 0x80003cd4 (0x00001398) c.addi4spn a4, sp, 480
core   0: 0 0x80003cd4 (0x1398) x14 0x000001df
core   0: 0x80003cd6 (0x030b1263) bne     s6, a6, pc + 36
core   0: 0 0x80003cd6 (0x030b1263)
core   0: 0x80003cfa (0x0246d1b3) divu    gp, a3, tp
core   0: 0 0x80003cfa (0x0246d1b3) x3  0x00000000
core   0: 0x80003cfe (0x00ab12b3) sll     t0, s6, a0
core   0: 0 0x80003cfe (0x00ab12b3) x5  0xffa4695b
core   0: 0x80003d02 (0x035d2433) mulhsu  s0, s10, s5
core   0: 0 0x80003d02 (0x035d2433) x8  0x00000000
core   0: 0x80003d06 (0x014a9893) slli    a7, s5, 20
core   0: 0 0x80003d06 (0x014a9893) x17 0x00000000
core   0: 0x80003d0a (0x00008f81) c.sub   a5, s0
core   0: 0 0x80003d0a (0x8f81) x15 0x00000000
core   0: 0x80003d0c (0x00000636) c.slli  a2, 13
core   0: 0 0x80003d0c (0x0636) x12 0x66000000
core   0: 0x80003d0e (0x00008dad) c.xor   a1, a1
core   0: 0 0x80003d0e (0x8dad) x11 0x00000000
core   0: 0x80003d10 (0x00000001) c.nop
core   0: 0 0x80003d10 (0x0001)
core   0: 0x80003d12 (0x0000cf9d) c.beqz  a5, pc + 62
core   0: 0 0x80003d12 (0xcf9d)
core   0: 0x80003d50 (0x024e2d33) mulhsu  s10, t3, tp
core   0: 0 0x80003d50 (0x024e2d33) x26 0xffffffff
core   0: 0x80003d54 (0x95c74313) xori    t1, a4, -1700
core   0: 0 0x80003d54 (0x95c74313) x6  0xfffff883
core   0: 0x80003d58 (0x00009492) c.add   s1, tp
core   0: 0 0x80003d58 (0x9492) x9  0x00000030
core   0: 0x80003d5a (0x00006769) c.lui   a4, 0x1a
core   0: 0 0x80003d5a (0x6769) x14 0x0001a000
core   0: 0x80003d5c (0x00000566) c.slli  a0, 25
core   0: 0 0x80003d5c (0x0566) x10 0x80000000
core   0: 0x80003d5e (0x00008ecd) c.or    a3, a1
core   0: 0 0x80003d5e (0x8ecd) x13 0x00000000
core   0: 0x80003d60 (0x00006135) c.addi16sp sp, 352
core   0: 0 0x80003d60 (0x6135) x2  0x0000015f
core   0: 0x80003d62 (0x00000636) c.slli  a2, 13
core   0: 0 0x80003d62 (0x0636) x12 0x00000000
core   0: 0x80003d64 (0x0ff0000f) fence   iorw,iorw
core   0: 0 0x80003d64 (0x0ff0000f)
core   0: 0x80003d68 (0x0152e433) or      s0, t0, s5
core   0: 0 0x80003d68 (0x0152e433) x8  0xffa4695b
core   0: 0x80003d6c (0x0000ee91) c.bnez  a3, pc + 28
core   0: 0 0x80003d6c (0xee91)
core   0: 0x80003d6e (0x00000818) c.addi4spn a4, sp, 16
core   0: 0 0x80003d6e (0x0818) x14 0x0000016f
core   0: 0x80003d70 (0x0000c121) c.beqz  a0, pc + 64
core   0: 0 0x80003d70 (0xc121)
core   0: 0x80003d72 (0x00000f16) c.slli  t5, 5
core   0: 0 0x80003d72 (0x0f16) x30 0x00000080
core   0: 0x80003d74 (0x0000100f) fence.i
core   0: 0 0x80003d74 (0x0000100f)
core   0: 0x80003d78 (0x0245dbb3) divu    s7, a1, tp
core   0: 0 0x80003d78 (0x0245dbb3) x23 0x00000000
core   0: 0x80003d7c (0x012d5a63) bge     s10, s2, pc + 20
core   0: 0 0x80003d7c (0x012d5a63)
core   0: 0x80003d90 (0x000096d6) c.add   a3, s5
core   0: 0 0x80003d90 (0x96d6) x13 0x00000000
core   0: 0x80003d92 (0x05a91463) bne     s2, s10, pc + 72
core   0: 0 0x80003d92 (0x05a91463)
core   0: 0x80003d96 (0x035678b3) remu    a7, a2, s5
core   0: 0 0x80003d96 (0x035678b3) x17 0x00000000
core   0: 0x80003d9a (0x01c61093) slli    ra, a2, 28
core   0: 0 0x80003d9a (0x01c61093) x1  0x00000000
core   0: 0x80003d9e (0x018a5693) srli    a3, s4, 24
core   0: 0 0x80003d9e (0x018a5693) x13 0x00000000
core   0: 0x80003da2 (0x015f6733) or      a4, t5, s5
core   0: 0 0x80003da2 (0x015f6733) x14 0x00000080
core   0: 0x80003da6 (0x02f61a63) bne     a2, a5, pc + 52
core   0: 0 0x80003da6 (0x02f61a63)
core   0: 0x80003daa (0x00008371) c.srli  a4, 28
core   0: 0 0x80003daa (0x8371) x14 0x00000000
core   0: 0x80003dac (0x3101c317) auipc   t1, 0x3101c
core   0: 0 0x80003dac (0x3101c317) x6  0xb101fdac
core   0: 0x80003db0 (0xc5c94693) xori    a3, s2, -932
core   0: 0 0x80003db0 (0xc5c94693) x13 0x000003a3
core   0: 0x80003db4 (0x01d67e33) and     t3, a2, t4
core   0: 0 0x80003db4 (0x01d67e33) x28 0x00000000
core   0: 0x80003db8 (0x00000b9c) c.addi4spn a5, sp, 464
core   0: 0 0x80003db8 (0x0b9c) x15 0x0000032f
core   0: 0x80003dba (0x5f8ba613) slti    a2, s7, 1528
core   0: 0 0x80003dba (0x5f8ba613) x12 0x00000001
core   0: 0x80003dbe (0x00579e93) slli    t4, a5, 5
core   0: 0 0x80003dbe (0x00579e93) x29 0x000065e0
core   0: 0x80003dc2 (0x03957d33) remu    s10, a0, s9
core   0: 0 0x80003dc2 (0x03957d33) x26 0x80000000
core   0: 0x80003dc6 (0x041c2f17) auipc   t5, 0x41c2
core   0: 0 0x80003dc6 (0x041c2f17) x30 0x841c5dc6
core   0: 0x80003dca (0x00008fa5) c.xor   a5, s1
core   0: 0 0x80003dca (0x8fa5) x15 0x0000031f
core   0: 0x80003dcc (0x00b19663) bne     gp, a1, pc + 12
core   0: 0 0x80003dcc (0x00b19663)
core   0: 0x80003dd0 (0x03182db3) mulhsu  s11, a6, a7
core   0: 0 0x80003dd0 (0x03182db3) x27 0x00000000
core   0: 0x80003dd4 (0x73834e13) xori    t3, t1, 1848
core   0: 0 0x80003dd4 (0x73834e13) x28 0xb101fa94
core   0: 0x80003dd8 (0x00000001) c.nop
core   0: 0 0x80003dd8 (0x0001)
core   0: 0x80003dda (0x01cad4b3) srl     s1, s5, t3
core   0: 0 0x80003dda (0x01cad4b3) x9  0x00000000
core   0: 0x80003dde (0x0000055a) c.slli  a0, 22
core   0: 0 0x80003dde (0x055a) x10 0x00000000
core   0: 0x80003de0 (0x6c8eef13) ori     t5, t4, 1736
core   0: 0 0x80003de0 (0x6c8eef13) x30 0x000067e8
core   0: 0x80003de4 (0x52e5be13) sltiu   t3, a1, 1326
core   0: 0 0x80003de4 (0x52e5be13) x28 0x00000001
core   0: 0x80003de8 (0x00006115) c.addi16sp sp, 288
core   0: 0 0x80003de8 (0x6115) x2  0x0000027f
core   0: 0x80003dea (0xde418d13) addi    s10, gp, -540
core   0: 0 0x80003dea (0xde418d13) x26 0xfffffde4
core   0: 0x80003dee (0x0067b7b3) sltu    a5, a5, t1
core   0: 0 0x80003dee (0x0067b7b3) x15 0x00000001
core   0: 0x80003df2 (0x02d26f33) rem     t5, tp, a3
core   0: 0 0x80003df2 (0x02d26f33) x30 0x0000002c
core   0: 0x80003df6 (0x02209bb3) mulh    s7, ra, sp
core   0: 0 0x80003df6 (0x02209bb3) x23 0x00000000
core   0: 0x80003dfa (0x02b06a33) rem     s4, zero, a1
core   0: 0 0x80003dfa (0x02b06a33) x20 0x00000000
core   0: 0x80003dfe (0x0000893a) c.mv    s2, a4
core   0: 0 0x80003dfe (0x893a) x18 0x00000000
core   0: 0x80003e00 (0x00a4d133) srl     sp, s1, a0
core   0: 0 0x80003e00 (0x00a4d133) x2  0x00000000
core   0: 0x80003e04 (0x0000c719) c.beqz  a4, pc + 14
core   0: 0 0x80003e04 (0xc719)
core   0: 0x80003e12 (0x00008595) c.srai  a1, 5
core   0: 0 0x80003e12 (0x8595) x11 0x00000000
core   0: 0x80003e14 (0x25223a13) sltiu   s4, tp, 594
core   0: 0 0x80003e14 (0x25223a13) x20 0x00000001
core   0: 0x80003e18 (0x00334963) blt     t1, gp, pc + 18
core   0: 0 0x80003e18 (0x00334963)
core   0: 0x80003e2a (0x01d4aab3) slt     s5, s1, t4
core   0: 0 0x80003e2a (0x01d4aab3) x21 0x00000001
core   0: 0x80003e2e (0x00000d9c) c.addi4spn a5, sp, 720
core   0: 0 0x80003e2e (0x0d9c) x15 0x000002d0
core   0: 0x80003e30 (0x03484f63) blt     a6, s4, pc + 62
core   0: 0 0x80003e30 (0x03484f63)
core   0: 0x80003e6e (0x00006385) c.lui   t2, 0x1
core   0: 0 0x80003e6e (0x6385) x7  0x00001000
core   0: 0x80003e70 (0x01a863b3) or      t2, a6, s10
core   0: 0 0x80003e70 (0x01a863b3) x7  0xfffffde4
core   0: 0x80003e74 (0x00008fed) c.and   a5, a1
core   0: 0 0x80003e74 (0x8fed) x15 0x00000000
core   0: 0x80003e76 (0x0000100f) fence.i
core   0: 0 0x80003e76 (0x0000100f)
core   0: 0x80003e7a (0x00008cdd) c.or    s1, a5
core   0: 0 0x80003e7a (0x8cdd) x9  0x00000000
core   0: 0x80003e7c (0x0000717d) c.addi16sp sp, -16
core   0: 0 0x80003e7c (0x717d) x2  0xfffffff0
core   0: 0x80003e7e (0x0031da63) bge     gp, gp, pc + 20
core   0: 0 0x80003e7e (0x0031da63)
core   0: 0x80003e92 (0x03efceb3) div     t4, t6, t5
core   0: 0 0x80003e92 (0x03efceb3) x29 0x00000000
core   0: 0x80003e96 (0x00000998) c.addi4spn a4, sp, 208
core   0: 0 0x80003e96 (0x0998) x14 0x000000c0
core   0: 0x80003e98 (0x000017fd) c.addi  a5, -1
core   0: 0 0x80003e98 (0x17fd) x15 0xffffffff
core   0: 0x80003e9a (0x00008cc9) c.or    s1, a0
core   0: 0 0x80003e9a (0x8cc9) x9  0x00000000
core   0: 0x80003e9c (0x02d84e33) div     t3, a6, a3
core   0: 0 0x80003e9c (0x02d84e33) x28 0x00000000
core   0: 0x80003ea0 (0x00000001) c.nop
core   0: 0 0x80003ea0 (0x0001)
core   0: 0x80003ea2 (0x0f21fe93) andi    t4, gp, 242
core   0: 0 0x80003ea2 (0x0f21fe93) x29 0x00000000
core   0: 0x80003ea6 (0x0ff0000f) fence   iorw,iorw
core   0: 0 0x80003ea6 (0x0ff0000f)
core   0: 0x80003eaa (0x03031563) bne     t1, a6, pc + 42
core   0: 0 0x80003eaa (0x03031563)
core   0: 0x80003ed4 (0x02b02d33) mulhsu  s10, zero, a1
core   0: 0 0x80003ed4 (0x02b02d33) x26 0x00000000
core   0: 0x80003ed8 (0x00000001) c.nop
core   0: 0 0x80003ed8 (0x0001)
core   0: 0x80003eda (0x02d57eb3) remu    t4, a0, a3
core   0: 0 0x80003eda (0x02d57eb3) x29 0x00000000
core   0: 0x80003ede (0x018f3e33) sltu    t3, t5, s8
core   0: 0 0x80003ede (0x018f3e33) x28 0x00000001
core   0: 0x80003ee2 (0x02947733) remu    a4, s0, s1
core   0: 0 0x80003ee2 (0x02947733) x14 0xffa4695b
core   0: 0x80003ee6 (0x036424b3) mulhsu  s1, s0, s6
core   0: 0 0x80003ee6 (0x036424b3) x9  0xffa48a1f
core   0: 0x80003eea (0x00efa933) slt     s2, t6, a4
core   0: 0 0x80003eea (0x00efa933) x18 0x00000000
core   0: 0x80003eee (0x41940933) sub     s2, s0, s9
core   0: 0 0x80003eee (0x41940933) x18 0x7fa20c77
core   0: 0x80003ef2 (0x7c2b8893) addi    a7, s7, 1986
core   0: 0 0x80003ef2 (0x7c2b8893) x17 0x000007c2
core   0: 0x80003ef6 (0x413d0033) sub     zero, s10, s3
core   0: 0 0x80003ef6 (0x413d0033)
core   0: 0x80003efa (0x0000ec15) c.bnez  s0, pc + 60
core   0: 0 0x80003efa (0xec15)
core   0: 0x80003f36 (0x58bdf013) andi    zero, s11, 1419
core   0: 0 0x80003f36 (0x58bdf013)
core   0: 0x80003f3a (0x0000e3b1) c.bnez  a5, pc + 68
core   0: 0 0x80003f3a (0xe3b1)
core   0: 0x80003f7e (0x03dd6363) bltu    s10, t4, pc + 38
core   0: 0 0x80003f7e (0x03dd6363)
core   0: 0x80003f82 (0x0000100f) fence.i
core   0: 0 0x80003f82 (0x0000100f)
core   0: 0x80003f86 (0x00ea5f33) srl     t5, s4, a4
core   0: 0 0x80003f86 (0x00ea5f33) x30 0x00000000
core   0: 0x80003f8a (0x04456563) bltu    a0, tp, pc + 74
core   0: 0 0x80003f8a (0x04456563)
core   0: 0x80003fd4 (0x0ff0000f) fence   iorw,iorw
core   0: 0 0x80003fd4 (0x0ff0000f)
core   0: 0x80003fd8 (0x029fdf63) bge     t6, s1, pc + 62
core   0: 0 0x80003fd8 (0x029fdf63)
core   0: 0x80004016 (0x030fa6b3) mulhsu  a3, t6, a6
core   0: 0 0x80004016 (0x030fa6b3) x13 0x00000000
core   0: 0x8000401a (0x01a15633) srl     a2, sp, s10
core   0: 0 0x8000401a (0x01a15633) x12 0xfffffff0
core   0: 0x8000401e (0x0000e199) c.bnez  a1, pc + 6
core   0: 0 0x8000401e (0xe199)
core   0: 0x80004020 (0x41b500b3) sub     ra, a0, s11
core   0: 0 0x80004020 (0x41b500b3) x1  0x00000000
core   0: 0x80004024 (0x01ba20b3) slt     ra, s4, s11
core   0: 0 0x80004024 (0x01ba20b3) x1  0x00000000
core   0: 0x80004028 (0x00000711) c.addi  a4, 4
core   0: 0 0x80004028 (0x0711) x14 0xffa4695f
core   0: 0x8000402a (0x0221b5b3) mulhu   a1, gp, sp
core   0: 0 0x8000402a (0x0221b5b3) x11 0x00000000
core   0: 0x8000402e (0x366a0293) addi    t0, s4, 870
core   0: 0 0x8000402e (0x366a0293) x5  0x00000367
core   0: 0x80004032 (0x02ac9433) mulh    s0, s9, a0
core   0: 0 0x80004032 (0x02ac9433) x8  0x00000000
core   0: 0x80004036 (0x0000100f) fence.i
core   0: 0 0x80004036 (0x0000100f)
core   0: 0x8000403a (0xecb63137) lui     sp, 0xecb63
core   0: 0 0x8000403a (0xecb63137) x2  0xecb63000
core   0: 0x8000403e (0x414f02b3) sub     t0, t5, s4
core   0: 0 0x8000403e (0x414f02b3) x5  0xffffffff
core   0: 0x80004042 (0x3c452a93) slti    s5, a0, 964
core   0: 0 0x80004042 (0x3c452a93) x21 0x00000001
core   0: 0x80004046 (0xd56bb013) sltiu   zero, s7, -682
core   0: 0 0x80004046 (0xd56bb013)
core   0: 0x8000404a (0x0357fe33) remu    t3, a5, s5
core   0: 0 0x8000404a (0x0357fe33) x28 0x00000000
core   0: 0x8000404e (0x02d8f7b3) remu    a5, a7, a3
core   0: 0 0x8000404e (0x02d8f7b3) x15 0x000007c2
core   0: 0x80004052 (0x0000eb99) c.bnez  a5, pc + 22
core   0: 0 0x80004052 (0xeb99)
core   0: 0x80004068 (0x00000d8a) c.slli  s11, 2
core   0: 0 0x80004068 (0x0d8a) x27 0x00000000
core   0: 0x8000406a (0x00001200) c.addi4spn s0, sp, 288
core   0: 0 0x8000406a (0x1200) x8  0xecb63120
core   0: 0x8000406c (0x03e51133) mulh    sp, a0, t5
core   0: 0 0x8000406c (0x03e51133) x2  0x00000000
core   0: 0x80004070 (0x408ad193) srai    gp, s5, 8
core   0: 0 0x80004070 (0x408ad193) x3  0x00000000
core   0: 0x80004074 (0x003b8d33) add     s10, s7, gp
core   0: 0 0x80004074 (0x003b8d33) x26 0x00000000
core   0: 0x80004078 (0x0030bdb3) sltu    s11, ra, gp
core   0: 0 0x80004078 (0x0030bdb3) x27 0x00000000
core   0: 0x8000407c (0x00fdda93) srli    s5, s11, 15
core   0: 0 0x8000407c (0x00fdda93) x21 0x00000000
core   0: 0x80004080 (0x00cb3733) sltu    a4, s6, a2
core   0: 0 0x80004080 (0x00cb3733) x14 0x00000001
core   0: 0x80004084 (0x00001c00) c.addi4spn s0, sp, 560
core   0: 0 0x80004084 (0x1c00) x8  0x00000230
core   0: 0x80004086 (0x9480e113) ori     sp, ra, -1720
core   0: 0 0x80004086 (0x9480e113) x2  0xfffff948
core   0: 0x8000408a (0x00000001) c.nop
core   0: 0 0x8000408a (0x0001)
core   0: 0x8000408c (0x41fe07b3) sub     a5, t3, t6
core   0: 0 0x8000408c (0x41fe07b3) x15 0xfffffff5
core   0: 0x80004090 (0x00fd9333) sll     t1, s11, a5
core   0: 0 0x80004090 (0x00fd9333) x6  0x00000000
core   0: 0x80004094 (0xe3bf3393) sltiu   t2, t5, -453
core   0: 0 0x80004094 (0xe3bf3393) x7  0x00000001
core   0: 0x80004098 (0x03f25633) divu    a2, tp, t6
core   0: 0 0x80004098 (0x03f25633) x12 0x00000004
core   0: 0x8000409c (0x000092e6) c.add   t0, s9
core   0: 0 0x8000409c (0x92e6) x5  0x80025ce3
core   0: 0x8000409e (0x00000001) c.nop
core   0: 0 0x8000409e (0x0001)
core   0: 0x800040a0 (0x00001c08) c.addi4spn a0, sp, 560
core   0: 0 0x800040a0 (0x1c08) x10 0xfffffb78
core   0: 0x800040a2 (0x03629eb3) mulh    t4, t0, s6
core   0: 0 0x800040a2 (0x03629eb3) x29 0x002dca7a
core   0: 0x800040a6 (0x03142eb3) mulhsu  t4, s0, a7
core   0: 0 0x800040a6 (0x03142eb3) x29 0x00000000
core   0: 0x800040aa (0x00008f99) c.sub   a5, a4
core   0: 0 0x800040aa (0x8f99) x15 0xfffffff4
core   0: 0x800040ac (0x0277f963) bgeu    a5, t2, pc + 50
core   0: 0 0x800040ac (0x0277f963)
core   0: 0x800040de (0x02c49933) mulh    s2, s1, a2
core   0: 0 0x800040de (0x02c49933) x18 0xffffffff
core   0: 0x800040e2 (0x004c3c33) sltu    s8, s8, tp
core   0: 0 0x800040e2 (0x004c3c33) x24 0x00000000
core   0: 0x800040e6 (0x00008f25) c.xor   a4, s1
core   0: 0 0x800040e6 (0x8f25) x14 0xffa48a1e
core   0: 0x800040e8 (0x01181193) slli    gp, a6, 17
core   0: 0 0x800040e8 (0x01181193) x3  0x00000000
core   0: 0x800040ec (0x03016b63) bltu    sp, a6, pc + 54
core   0: 0 0x800040ec (0x03016b63)
core   0: 0x800040f0 (0x0000e41d) c.bnez  s0, pc + 46
core   0: 0 0x800040f0 (0xe41d)
core   0: 0x8000411e (0x017668b3) or      a7, a2, s7
core   0: 0 0x8000411e (0x017668b3) x17 0x00000004
core   0: 0x80004122 (0x0266df33) divu    t5, a3, t1
core   0: 0 0x80004122 (0x0266df33) x30 0xffffffff
core   0: 0x80004126 (0x7fb30893) addi    a7, t1, 2043
core   0: 0 0x80004126 (0x7fb30893) x17 0x000007fb
core   0: 0x8000412a (0x00008599) c.srai  a1, 6
core   0: 0 0x8000412a (0x8599) x11 0x00000000
core   0: 0x8000412c (0x00008ecd) c.or    a3, a1
core   0: 0 0x8000412c (0x8ecd) x13 0x00000000
core   0: 0x8000412e (0x033af2b3) remu    t0, s5, s3
core   0: 0 0x8000412e (0x033af2b3) x5  0x00000000
core   0: 0x80004132 (0x171e2513) slti    a0, t3, 369
core   0: 0 0x80004132 (0x171e2513) x10 0x00000001
core   0: 0x80004136 (0x026afdb3) remu    s11, s5, t1
core   0: 0 0x80004136 (0x026afdb3) x27 0x00000000
core   0: 0x8000413a (0x01ec1263) bne     s8, t5, pc + 4
core   0: 0 0x8000413a (0x01ec1263)
core   0: 0x8000413e (0xf5767913) andi    s2, a2, -169
core   0: 0 0x8000413e (0xf5767913) x18 0x00000004
core   0: 0x80004142 (0x00008c71) c.and   s0, a2
core   0: 0 0x80004142 (0x8c71) x8  0x00000000
core   0: 0x80004144 (0x0074e5b3) or      a1, s1, t2
core   0: 0 0x80004144 (0x0074e5b3) x11 0xffa48a1f
core   0: 0x80004148 (0x00006b3d) c.lui   s6, 0xf
core   0: 0 0x80004148 (0x6b3d) x22 0x0000f000
core   0: 0x8000414a (0x0169c563) blt     s3, s6, pc + 10
core   0: 0 0x8000414a (0x0169c563)
core   0: 0x80004154 (0x405e0033) sub     zero, t3, t0
core   0: 0 0x80004154 (0x405e0033)
core   0: 0x80004158 (0x00008e59) c.or    a2, a4
core   0: 0 0x80004158 (0x8e59) x12 0xffa48a1e
core   0: 0x8000415a (0x03a5d533) divu    a0, a1, s10
core   0: 0 0x8000415a (0x03a5d533) x10 0xffffffff
core   0: 0x8000415e (0x01e8ebb3) or      s7, a7, t5
core   0: 0 0x8000415e (0x01e8ebb3) x23 0xffffffff
core   0: 0x80004162 (0x000014fd) c.addi  s1, -1
core   0: 0 0x80004162 (0x14fd) x9  0xffa48a1e
core   0: 0x80004164 (0x00005a7d) c.li    s4, -1
core   0: 0 0x80004164 (0x5a7d) x20 0xffffffff
core   0: 0x80004166 (0x0306dc63) bge     a3, a6, pc + 56
core   0: 0 0x80004166 (0x0306dc63)
core   0: 0x8000419e (0x01bd10b3) sll     ra, s10, s11
core   0: 0 0x8000419e (0x01bd10b3) x1  0x00000000
core   0: 0x800041a2 (0x006a5bb3) srl     s7, s4, t1
core   0: 0 0x800041a2 (0x006a5bb3) x23 0xffffffff
core   0: 0x800041a6 (0x000084d5) c.srai  s1, 21
core   0: 0 0x800041a6 (0x84d5) x9  0xfffffffd
core   0: 0x800041a8 (0x027022b3) mulhsu  t0, zero, t2
core   0: 0 0x800041a8 (0x027022b3) x5  0x00000000
core   0: 0x800041ac (0x01d3e133) or      sp, t2, t4
core   0: 0 0x800041ac (0x01d3e133) x2  0x00000001
core   0: 0x800041b0 (0x41d857b3) sra     a5, a6, t4
core   0: 0 0x800041b0 (0x41d857b3) x15 0x00000000
core   0: 0x800041b4 (0x05934463) blt     t1, s9, pc + 72
core   0: 0 0x800041b4 (0x05934463)
core   0: 0x800041b8 (0x02caa733) mulhsu  a4, s5, a2
core   0: 0 0x800041b8 (0x02caa733) x14 0x00000000
core   0: 0x800041bc (0x03b74663) blt     a4, s11, pc + 44
core   0: 0 0x800041bc (0x03b74663)
core   0: 0x800041c0 (0x01668833) add     a6, a3, s6
core   0: 0 0x800041c0 (0x01668833) x16 0x0000f000
core   0: 0x800041c4 (0x7fc02617) auipc   a2, 0x7fc02
core   0: 0 0x800041c4 (0x7fc02617) x12 0xffc061c4
core   0: 0x800041c8 (0x02389033) mulh    zero, a7, gp
core   0: 0 0x800041c8 (0x02389033)
core   0: 0x800041cc (0x01189e13) slli    t3, a7, 17
core   0: 0 0x800041cc (0x01189e13) x28 0x0ff60000
core   0: 0x800041d0 (0x010b7463) bgeu    s6, a6, pc + 8
core   0: 0 0x800041d0 (0x010b7463)
core   0: 0x800041d8 (0x0000844a) c.mv    s0, s2
core   0: 0 0x800041d8 (0x844a) x8  0x00000004
core   0: 0x800041da (0x0ff0000f) fence   iorw,iorw
core   0: 0 0x800041da (0x0ff0000f)
core   0: 0x800041de (0x00000001) c.nop
core   0: 0 0x800041de (0x0001)
core   0: 0x800041e0 (0x0358adb3) mulhsu  s11, a7, s5
core   0: 0 0x800041e0 (0x0358adb3) x27 0x00000000
core   0: 0x800041e4 (0x0244fbb3) remu    s7, s1, tp
core   0: 0 0x800041e4 (0x0244fbb3) x23 0x00000001
core   0: 0x800041e8 (0xee30e493) ori     s1, ra, -285
core   0: 0 0x800041e8 (0xee30e493) x9  0xfffffee3
core   0: 0x800041ec (0x000083ba) c.mv    t2, a4
core   0: 0 0x800041ec (0x83ba) x7  0x00000000
core   0: 0x800041ee (0x00008e89) c.sub   a3, a0
core   0: 0 0x800041ee (0x8e89) x13 0x00000001
core   0: 0x800041f0 (0x3ae44d13) xori    s10, s0, 942
core   0: 0 0x800041f0 (0x3ae44d13) x26 0x000003aa
core   0: 0x800041f4 (0x004491b3) sll     gp, s1, tp
core   0: 0 0x800041f4 (0x004491b3) x3  0xffee3000
core   0: 0x800041f8 (0x0166a833) slt     a6, a3, s6
core   0: 0 0x800041f8 (0x0166a833) x16 0x00000001
core   0: 0x800041fc (0x00008f49) c.or    a4, a0
core   0: 0 0x800041fc (0x8f49) x14 0xffffffff
core   0: 0x800041fe (0x000014fd) c.addi  s1, -1
core   0: 0 0x800041fe (0x14fd) x9  0xfffffee2
core   0: 0x80004200 (0x011e1563) bne     t3, a7, pc + 10
core   0: 0 0x80004200 (0x011e1563)
core   0: 0x8000420a (0x030a8bb3) mul     s7, s5, a6
core   0: 0 0x8000420a (0x030a8bb3) x23 0x00000000
core   0: 0x8000420e (0x0211fab3) remu    s5, gp, ra
core   0: 0 0x8000420e (0x0211fab3) x21 0xffee3000
core   0: 0x80004212 (0x051e1263) bne     t3, a7, pc + 68
core   0: 0 0x80004212 (0x051e1263)
core   0: 0x80004256 (0x01892633) slt     a2, s2, s8
core   0: 0 0x80004256 (0x01892633) x12 0x00000000
core   0: 0x8000425a (0x00b6ae33) slt     t3, a3, a1
core   0: 0 0x8000425a (0x00b6ae33) x28 0x00000000
core   0: 0x8000425e (0x0230cf63) blt     ra, gp, pc + 62
core   0: 0 0x8000425e (0x0230cf63)
core   0: 0x80004262 (0xe582a397) auipc   t2, 0xe582a
core   0: 0 0x80004262 (0xe582a397) x7  0x6582e262
core   0: 0x80004266 (0x00006825) c.lui   a6, 0x9
core   0: 0 0x80004266 (0x6825) x16 0x00009000
core   0: 0x80004268 (0x0000100f) fence.i
core   0: 0 0x80004268 (0x0000100f)
core   0: 0x8000426c (0xdbca4237) lui     tp, 0xdbca4
core   0: 0 0x8000426c (0xdbca4237) x4  0xdbca4000
core   0: 0x80004270 (0x0137a733) slt     a4, a5, s3
core   0: 0 0x80004270 (0x0137a733) x14 0x00000000
core   0: 0x80004274 (0x0000177d) c.addi  a4, -1
core   0: 0 0x80004274 (0x177d) x14 0xffffffff
core   0: 0x80004276 (0x0000c499) c.beqz  s1, pc + 14
core   0: 0 0x80004276 (0xc499)
core   0: 0x80004278 (0x00dcf663) bgeu    s9, a3, pc + 12
core   0: 0 0x80004278 (0x00dcf663)
core   0: 0x80004284 (0x019f30b3) sltu    ra, t5, s9
core   0: 0 0x80004284 (0x019f30b3) x1  0x00000000
core   0: 0x80004288 (0x0064c763) blt     s1, t1, pc + 14
core   0: 0 0x80004288 (0x0064c763)
core   0: 0x80004296 (0x00000001) c.nop
core   0: 0 0x80004296 (0x0001)
core   0: 0x80004298 (0x005de0b3) or      ra, s11, t0
core   0: 0 0x80004298 (0x005de0b3) x1  0x00000000
core   0: 0x8000429c (0x0068a5b3) slt     a1, a7, t1
core   0: 0 0x8000429c (0x0068a5b3) x11 0x00000000
core   0: 0x800042a0 (0x012aa5b3) slt     a1, s5, s2
core   0: 0 0x800042a0 (0x012aa5b3) x11 0x00000001
core   0: 0x800042a4 (0x00009bfd) c.andi  a5, -1
core   0: 0 0x800042a4 (0x9bfd) x15 0x00000000
core   0: 0x800042a6 (0x0099db33) srl     s6, s3, s1
core   0: 0 0x800042a6 (0x0099db33) x22 0x2000877e
core   0: 0x800042aa (0x1b167513) andi    a0, a2, 433
core   0: 0 0x800042aa (0x1b167513) x10 0x00000000
core   0: 0x800042ae (0x00008549) c.srai  a0, 18
core   0: 0 0x800042ae (0x8549) x10 0x00000000
core   0: 0x800042b0 (0x3a3a4293) xori    t0, s4, 931
core   0: 0 0x800042b0 (0x3a3a4293) x5  0xfffffc5c
core   0: 0x800042b4 (0x41e20633) sub     a2, tp, t5
core   0: 0 0x800042b4 (0x41e20633) x12 0xdbca4001
core   0: 0x800042b8 (0x00009efa) c.add   t4, t5
core   0: 0 0x800042b8 (0x9efa) x29 0xffffffff
core   0: 0x800042ba (0x00008fdd) c.or    a5, a5
core   0: 0 0x800042ba (0x8fdd) x15 0x00000000
core   0: 0x800042bc (0x003e1093) slli    ra, t3, 3
core   0: 0 0x800042bc (0x003e1093) x1  0x00000000
core   0: 0x800042c0 (0x01ab7633) and     a2, s6, s10
core   0: 0 0x800042c0 (0x01ab7633) x12 0x0000032a
core   0: 0x800042c4 (0x00008cb5) c.xor   s1, a3
core   0: 0 0x800042c4 (0x8cb5) x9  0xfffffee3
core   0: 0x800042c6 (0x0352e533) rem     a0, t0, s5
core   0: 0 0x800042c6 (0x0352e533) x10 0xfffffc5c
core   0: 0x800042ca (0x01243433) sltu    s0, s0, s2
core   0: 0 0x800042ca (0x01243433) x8  0x00000000
core   0: 0x800042ce (0x03491bb3) mulh    s7, s2, s4
core   0: 0 0x800042ce (0x03491bb3) x23 0xffffffff
core   0: 0x800042d2 (0x02ea7833) remu    a6, s4, a4
core   0: 0 0x800042d2 (0x02ea7833) x16 0x00000000
core   0: 0x800042d6 (0x00006151) c.addi16sp sp, 272
core   0: 0 0x800042d6 (0x6151) x2  0x00000111
core   0: 0x800042d8 (0x41d853b3) sra     t2, a6, t4
core   0: 0 0x800042d8 (0x41d853b3) x7  0x00000000
core   0: 0x800042dc (0x00000001) c.nop
core   0: 0 0x800042dc (0x0001)
core   0: 0x800042de (0xbefa25b7) lui     a1, 0xbefa2
core   0: 0 0x800042de (0xbefa25b7) x11 0xbefa2000
core   0: 0x800042e2 (0x0104ae33) slt     t3, s1, a6
core   0: 0 0x800042e2 (0x0104ae33) x28 0x00000001
core   0: 0x800042e6 (0x00006d75) c.lui   s10, 0x1d
core   0: 0 0x800042e6 (0x6d75) x26 0x0001d000
core   0: 0x800042e8 (0x00008e81) c.sub   a3, s0
core   0: 0 0x800042e8 (0x8e81) x13 0x00000001
core   0: 0x800042ea (0x00000001) c.nop
core   0: 0 0x800042ea (0x0001)
core   0: 0x800042ec (0x411056b3) sra     a3, zero, a7
core   0: 0 0x800042ec (0x411056b3) x13 0x00000000
core   0: 0x800042f0 (0x408a5513) srai    a0, s4, 8
core   0: 0 0x800042f0 (0x408a5513) x10 0xffffffff
core   0: 0x800042f4 (0x036c8bb3) mul     s7, s9, s6
core   0: 0 0x800042f4 (0x036c8bb3) x23 0xc025f438
core   0: 0x800042f8 (0x02e944b3) div     s1, s2, a4
core   0: 0 0x800042f8 (0x02e944b3) x9  0xfffffffc
core   0: 0x800042fc (0x0000100f) fence.i
core   0: 0 0x800042fc (0x0000100f)
core   0: 0x80004300 (0x00000001) c.nop
core   0: 0 0x80004300 (0x0001)
core   0: 0x80004302 (0x009cc633) xor     a2, s9, s1
core   0: 0 0x80004302 (0x009cc633) x12 0x7ffda318
core   0: 0x80004306 (0x00000001) c.nop
core   0: 0 0x80004306 (0x0001)
core   0: 0x80004308 (0x032f5133) divu    sp, t5, s2
core   0: 0 0x80004308 (0x032f5133) x2  0x3fffffff
core   0: 0x8000430c (0x00008199) c.srli  a1, 6
core   0: 0 0x8000430c (0x8199) x11 0x02fbe880
core   0: 0x8000430e (0x0baccd93) xori    s11, s9, 186
core   0: 0 0x8000430e (0x0baccd93) x27 0x80025c5e
core   0: 0x80004312 (0x00000001) c.nop
core   0: 0 0x80004312 (0x0001)
core   0: 0x80004314 (0x0086f463) bgeu    a3, s0, pc + 8
core   0: 0 0x80004314 (0x0086f463)
core   0: 0x8000431c (0xa4c8ae93) slti    t4, a7, -1460
core   0: 0 0x8000431c (0xa4c8ae93) x29 0x00000000
core   0: 0x80004320 (0x01b64563) blt     a2, s11, pc + 10
core   0: 0 0x80004320 (0x01b64563)
core   0: 0x80004324 (0x00008cd9) c.or    s1, a4
core   0: 0 0x80004324 (0x8cd9) x9  0xffffffff
core   0: 0x80004326 (0x001fc633) xor     a2, t6, ra
core   0: 0 0x80004326 (0x001fc633) x12 0x0000000b
core   0: 0x8000432a (0x0000436d) c.li    t1, 27
core   0: 0 0x8000432a (0x436d) x6  0x0000001b
core   0: 0x8000432c (0x41635633) sra     a2, t1, s6
core   0: 0 0x8000432c (0x41635633) x12 0x00000000
core   0: 0x80004330 (0x00000ab2) c.slli  s5, 12
core   0: 0 0x80004330 (0x0ab2) x21 0xe3000000
core   0: 0x80004332 (0x00008969) c.andi  a0, 26
core   0: 0 0x80004332 (0x8969) x10 0x0000001a
core   0: 0x80004334 (0xe90d3a13) sltiu   s4, s10, -368
core   0: 0 0x80004334 (0xe90d3a13) x20 0x00000001
core   0: 0x80004338 (0x00006e21) c.lui   t3, 0x8
core   0: 0 0x80004338 (0x6e21) x28 0x00008000
core   0: 0x8000433a (0x02c79d63) bne     a5, a2, pc + 58
core   0: 0 0x8000433a (0x02c79d63)
core   0: 0x8000433e (0x016ed7b3) srl     a5, t4, s6
core   0: 0 0x8000433e (0x016ed7b3) x15 0x00000000
core   0: 0x80004342 (0x4f8cea13) ori     s4, s9, 1272
core   0: 0 0x80004342 (0x4f8cea13) x20 0x80025cfc
core   0: 0x80004346 (0x00b05413) srli    s0, zero, 11
core   0: 0 0x80004346 (0x00b05413) x8  0x00000000
core   0: 0x8000434a (0x00008d29) c.xor   a0, a0
core   0: 0 0x8000434a (0x8d29) x10 0x00000000
core   0: 0x8000434c (0x3c4ec513) xori    a0, t4, 964
core   0: 0 0x8000434c (0x3c4ec513) x10 0x000003c4
core   0: 0x80004350 (0x000a16b3) sll     a3, s4, zero
core   0: 0 0x80004350 (0x000a16b3) x13 0x80025cfc
core   0: 0x80004354 (0x00000001) c.nop
core   0: 0 0x80004354 (0x0001)
core   0: 0x80004356 (0x9777a917) auipc   s2, 0x9777a
core   0: 0 0x80004356 (0x9777a917) x18 0x1777e356
core   0: 0x8000435a (0x0000441d) c.li    s0, 7
core   0: 0 0x8000435a (0x441d) x8  0x00000007
core   0: 0x8000435c (0x00008f09) c.sub   a4, a0
core   0: 0 0x8000435c (0x8f09) x14 0xfffffc3b
core   0: 0x8000435e (0x01501d13) slli    s10, zero, 21
core   0: 0 0x8000435e (0x01501d13) x26 0x00000000
core   0: 0x80004362 (0x013112b3) sll     t0, sp, s3
core   0: 0 0x80004362 (0x013112b3) x5  0xff000000
core   0: 0x80004366 (0x00000001) c.nop
core   0: 0 0x80004366 (0x0001)
core   0: 0x80004368 (0x00008bea) c.mv    s7, s10
core   0: 0 0x80004368 (0x8bea) x23 0x00000000
core   0: 0x8000436a (0x00000852) c.slli  a6, 20
core   0: 0 0x8000436a (0x0852) x16 0x00000000
core   0: 0x8000436c (0xca2af197) auipc   gp, 0xca2af
core   0: 0 0x8000436c (0xca2af197) x3  0x4a2b336c
core   0: 0x80004370 (0x400b0d33) sub     s10, s6, zero
core   0: 0 0x80004370 (0x400b0d33) x26 0x2000877e
core   0: 0x80004374 (0x01233e33) sltu    t3, t1, s2
core   0: 0 0x80004374 (0x01233e33) x28 0x00000001
core   0: 0x80004378 (0x02f8f633) remu    a2, a7, a5
core   0: 0 0x80004378 (0x02f8f633) x12 0x000007fb
core   0: 0x8000437c (0x31e7f037) lui     zero, 0x31e7f
core   0: 0 0x8000437c (0x31e7f037)
core   0: 0x80004380 (0x00000669) c.addi  a2, 26
core   0: 0 0x80004380 (0x0669) x12 0x00000815
core   0: 0x80004382 (0x0ff0000f) fence   iorw,iorw
core   0: 0 0x80004382 (0x0ff0000f)
core   0: 0x80004386 (0x00001084) c.addi4spn s1, sp, 96
core   0: 0 0x80004386 (0x1084) x9  0x4000005f
core   0: 0x80004388 (0x0050b033) sltu    zero, ra, t0
core   0: 0 0x80004388 (0x0050b033)
core   0: 0x8000438c (0x2e296d13) ori     s10, s2, 738
core   0: 0 0x8000438c (0x2e296d13) x26 0x1777e3f6
core   0: 0x80004390 (0x05a19063) bne     gp, s10, pc + 64
core   0: 0 0x80004390 (0x05a19063)
core   0: 0x800043d0 (0x02783633) mulhu   a2, a6, t2
core   0: 0 0x800043d0 (0x02783633) x12 0x00000000
core   0: 0x800043d4 (0x32dcc893) xori    a7, s9, 813
core   0: 0 0x800043d4 (0x32dcc893) x17 0x80025fc9
core   0: 0x800043d8 (0x003d9293) slli    t0, s11, 3
core   0: 0 0x800043d8 (0x003d9293) x5  0x0012e2f0
core   0: 0x800043dc (0x00000001) c.nop
core   0: 0 0x800043dc (0x0001)
core   0: 0x800043de (0x401ad933) sra     s2, s5, ra
core   0: 0 0x800043de (0x401ad933) x18 0xe3000000
core   0: 0x800043e2 (0x407484b3) sub     s1, s1, t2
core   0: 0 0x800043e2 (0x407484b3) x9  0x4000005f
core   0: 0x800043e6 (0x00000001) c.nop
core   0: 0 0x800043e6 (0x0001)
core   0: 0x800043e8 (0xd6d0f837) lui     a6, 0xd6d0f
core   0: 0 0x800043e8 (0xd6d0f837) x16 0xd6d0f000
core   0: 0x800043ec (0x009a0433) add     s0, s4, s1
core   0: 0 0x800043ec (0x009a0433) x8  0xc0025d5b
core   0: 0x800043f0 (0x01acd133) srl     sp, s9, s10
core   0: 0 0x800043f0 (0x01acd133) x2  0x00000200
core   0: 0x800043f4 (0x01c74663) blt     a4, t3, pc + 12
core   0: 0 0x800043f4 (0x01c74663)
core   0: 0x80004400 (0x00009c3a) c.add   s8, a4
core   0: 0 0x80004400 (0x9c3a) x24 0xfffffc3b
core   0: 0x80004402 (0x0000651d) c.lui   a0, 0x7
core   0: 0 0x80004402 (0x651d) x10 0x00007000
core   0: 0x80004404 (0x00009e72) c.add   t3, t3
core   0: 0 0x80004404 (0x9e72) x28 0x00000002
core   0: 0x80004406 (0x0000100f) fence.i
core   0: 0 0x80004406 (0x0000100f)
core   0: 0x8000440a (0x033868b3) rem     a7, a6, s3
core   0: 0 0x8000440a (0x033868b3) x17 0xd6d0f000
core   0: 0x8000440e (0x047bf163) bgeu    s7, t2, pc + 66
core   0: 0 0x8000440e (0x047bf163)
core   0: 0x80004450 (0x00b504b3) add     s1, a0, a1
core   0: 0 0x80004450 (0x00b504b3) x9  0x02fc5880
core   0: 0x80004454 (0x67747e93) andi    t4, s0, 1655
core   0: 0 0x80004454 (0x67747e93) x29 0x00000453
core   0: 0x80004458 (0x00008e9d) c.sub   a3, a5
core   0: 0 0x80004458 (0x8e9d) x13 0x80025cfc
core   0: 0x8000445a (0x031aff33) remu    t5, s5, a7
core   0: 0 0x8000445a (0x031aff33) x30 0x0c2f1000
core   0: 0x8000445e (0x2bc76593) ori     a1, a4, 700
core   0: 0 0x8000445e (0x2bc76593) x11 0xfffffebf
core   0: 0x80004462 (0x00008c5d) c.or    s0, a5
core   0: 0 0x80004462 (0x8c5d) x8  0xc0025d5b
core   0: 0x80004464 (0x0000458d) c.li    a1, 3
core   0: 0 0x80004464 (0x458d) x11 0x00000003
core   0: 0x80004466 (0x016a9613) slli    a2, s5, 22
core   0: 0 0x80004466 (0x016a9613) x12 0x00000000
core   0: 0x8000446a (0x0372c533) div     a0, t0, s7
core   0: 0 0x8000446a (0x0372c533) x10 0xffffffff
core   0: 0x8000446e (0xe73b2213) slti    tp, s6, -397
core   0: 0 0x8000446e (0xe73b2213) x4  0x00000000
core   0: 0x80004472 (0x0000100f) fence.i
core   0: 0 0x80004472 (0x0000100f)
core   0: 0x80004476 (0x008adeb3) srl     t4, s5, s0
core   0: 0 0x80004476 (0x008adeb3) x29 0x0000001c
core   0: 0x8000447a (0x0184fbb3) and     s7, s1, s8
core   0: 0 0x8000447a (0x0184fbb3) x23 0x02fc5800
core   0: 0x8000447e (0x000081fd) c.srli  a1, 31
core   0: 0 0x8000447e (0x81fd) x11 0x00000000
core   0: 0x80004480 (0x02596db3) rem     s11, s2, t0
core   0: 0 0x80004480 (0x02596db3) x27 0xfffe6270
core   0: 0x80004484 (0x01606533) or      a0, zero, s6
core   0: 0 0x80004484 (0x01606533) x10 0x2000877e
core   0: 0x80004488 (0x0000841e) c.mv    s0, t2
core   0: 0 0x80004488 (0x841e) x8  0x00000000
core   0: 0x8000448a (0xb4a82d13) slti    s10, a6, -1206
core   0: 0 0x8000448a (0xb4a82d13) x26 0x00000001
core   0: 0x8000448e (0x018f1593) slli    a1, t5, 24
core   0: 0 0x8000448e (0x018f1593) x11 0x00000000
core   0: 0x80004492 (0x409bd693) srai    a3, s7, 9
core   0: 0 0x80004492 (0x409bd693) x13 0x00017e2c
core   0: 0x80004496 (0x000051fd) c.li    gp, -1
core   0: 0 0x80004496 (0x51fd) x3  0xffffffff
core   0: 0x80004498 (0x00411133) sll     sp, sp, tp
core   0: 0 0x80004498 (0x00411133) x2  0x00000200
core   0: 0x8000449c (0x00ce1f63) bne     t3, a2, pc + 30
core   0: 0 0x8000449c (0x00ce1f63)
core   0: 0x800044ba (0x0348f863) bgeu    a7, s4, pc + 48
core   0: 0 0x800044ba (0x0348f863)
core   0: 0x800044ea (0x00008ead) c.xor   a3, a1
core   0: 0 0x800044ea (0x8ead) x13 0x00017e2c
core   0: 0x800044ec (0x00525613) srli    a2, tp, 5
core   0: 0 0x800044ec (0x00525613) x12 0x00000000
core   0: 0x800044f0 (0x02acbd33) mulhu   s10, s9, a0
core   0: 0 0x800044f0 (0x02acbd33) x26 0x10008f5c
core   0: 0x800044f4 (0x4162d033) sra     zero, t0, s6
core   0: 0 0x800044f4 (0x4162d033)
core   0: 0x800044f8 (0x01c722b3) slt     t0, a4, t3
core   0: 0 0x800044f8 (0x01c722b3) x5  0x00000001
core   0: 0x800044fc (0x572cae93) slti    t4, s9, 1394
core   0: 0 0x800044fc (0x572cae93) x29 0x00000001
core   0: 0x80004500 (0x01589833) sll     a6, a7, s5
core   0: 0 0x80004500 (0x01589833) x16 0xd6d0f000
core   0: 0x80004504 (0x0313af33) mulhsu  t5, t2, a7
core   0: 0 0x80004504 (0x0313af33) x30 0x00000000
core   0: 0x80004508 (0x034de133) rem     sp, s11, s4
core   0: 0 0x80004508 (0x034de133) x2  0xfffe6270
core   0: 0x8000450c (0x739de393) ori     t2, s11, 1849
core   0: 0 0x8000450c (0x739de393) x7  0xfffe6779
core   0: 0x80004510 (0x0000091a) c.slli  s2, 6
core   0: 0 0x80004510 (0x091a) x18 0xc0000000
core   0: 0x80004512 (0x0116b1b3) sltu    gp, a3, a7
core   0: 0 0x80004512 (0x0116b1b3) x3  0x00000001
core   0: 0x80004516 (0x00000001) c.nop
core   0: 0 0x80004516 (0x0001)
core   0: 0x80004518 (0x0291c633) div     a2, gp, s1
core   0: 0 0x80004518 (0x0291c633) x12 0x00000000
core   0: 0x8000451c (0x00000001) c.nop
core   0: 0 0x8000451c (0x0001)
core   0: 0x8000451e (0x4113db13) srai    s6, t2, 17
core   0: 0 0x8000451e (0x4113db13) x22 0xffffffff
core   0: 0x80004522 (0x00008e1d) c.sub   a2, a5
core   0: 0 0x80004522 (0x8e1d) x12 0x00000000
core   0: 0x80004524 (0x07573193) sltiu   gp, a4, 117
core   0: 0 0x80004524 (0x07573193) x3  0x00000000
core   0: 0x80004528 (0x84cd6093) ori     ra, s10, -1972
core   0: 0 0x80004528 (0x84cd6093) x1  0xffffff5c
core   0: 0x8000452c (0x0000100f) fence.i
core   0: 0 0x8000452c (0x0000100f)
core   0: 0x80004530 (0x00008151) c.srli  a0, 20
core   0: 0 0x80004530 (0x8151) x10 0x00000200
core   0: 0x80004532 (0x0000814e) c.mv    sp, s3
core   0: 0 0x80004532 (0x814e) x2  0x80021df8
core   0: 0x80004534 (0x00533333) sltu    t1, t1, t0
core   0: 0 0x80004534 (0x00533333) x6  0x00000000
core   0: 0x80004538 (0x01f9a933) slt     s2, s3, t6
core   0: 0 0x80004538 (0x01f9a933) x18 0x00000001
core   0: 0x8000453c (0x00000b84) c.addi4spn s1, sp, 464
core   0: 0 0x8000453c (0x0b84) x9  0x80021fc8
core   0: 0x8000453e (0x0143d493) srli    s1, t2, 20
core   0: 0 0x8000453e (0x0143d493) x9  0x00000fff
core   0: 0x80004542 (0x03706a33) rem     s4, zero, s7
core   0: 0 0x80004542 (0x03706a33) x20 0x00000000
core   0: 0x80004546 (0x00001e7d) c.addi  t3, -1
core   0: 0 0x80004546 (0x1e7d) x28 0x00000001
core   0: 0x80004548 (0x02647033) remu    zero, s0, t1
core   0: 0 0x80004548 (0x02647033)
core   0: 0x8000454c (0x00008846) c.mv    a6, a7
core   0: 0 0x8000454c (0x8846) x16 0xd6d0f000
core   0: 0x8000454e (0x00000001) c.nop
core   0: 0 0x8000454e (0x0001)
core   0: 0x80004550 (0x00f96a33) or      s4, s2, a5
core   0: 0 0x80004550 (0x00f96a33) x20 0x00000001
core   0: 0x80004554 (0x007f1933) sll     s2, t5, t2
core   0: 0 0x80004554 (0x007f1933) x18 0x00000000
core   0: 0x80004558 (0x000097b2) c.add   a5, a2
core   0: 0 0x80004558 (0x97b2) x15 0x00000000
core   0: 0x8000455a (0x01da35b3) sltu    a1, s4, t4
core   0: 0 0x8000455a (0x01da35b3) x11 0x00000000
core   0: 0x8000455e (0x03f8ad33) mulhsu  s10, a7, t6
core   0: 0 0x8000455e (0x03f8ad33) x26 0xfffffffe
core   0: 0x80004562 (0x00008f05) c.sub   a4, s1
core   0: 0 0x80004562 (0x8f05) x14 0xffffec3c
core   0: 0x80004564 (0x4020d5b3) sra     a1, ra, sp
core   0: 0 0x80004564 (0x4020d5b3) x11 0xffffffff
core   0: 0x80004568 (0x0000987d) c.andi  s0, -1
core   0: 0 0x80004568 (0x987d) x8  0x00000000
core   0: 0x8000456a (0x00001d00) c.addi4spn s0, sp, 688
core   0: 0 0x8000456a (0x1d00) x8  0x800220a8
core   0: 0x8000456c (0x03492e33) mulhsu  t3, s2, s4
core   0: 0 0x8000456c (0x03492e33) x28 0x00000000
core   0: 0x80004570 (0x00bb7663) bgeu    s6, a1, pc + 12
core   0: 0 0x80004570 (0x00bb7663)
core   0: 0x8000457c (0xd1e67493) andi    s1, a2, -738
core   0: 0 0x8000457c (0xd1e67493) x9  0x00000000
core   0: 0x80004580 (0x00008edd) c.or    a3, a5
core   0: 0 0x80004580 (0x8edd) x13 0x00017e2c
core   0: 0x80004582 (0xce994db7) lui     s11, 0xce994
core   0: 0 0x80004582 (0xce994db7) x27 0xce994000
core   0: 0x80004586 (0x02014833) div     a6, sp, zero
core   0: 0 0x80004586 (0x02014833) x16 0xffffffff
core   0: 0x8000458a (0x00004a89) c.li    s5, 2
core   0: 0 0x8000458a (0x4a89) x21 0x00000002
core   0: 0x8000458c (0x03b180b3) mul     ra, gp, s11
core   0: 0 0x8000458c (0x03b180b3) x1  0x00000000
core   0: 0x80004590 (0x37584913) xori    s2, a6, 885
core   0: 0 0x80004590 (0x37584913) x18 0xfffffc8a
core   0: 0x80004594 (0x01153933) sltu    s2, a0, a7
core   0: 0 0x80004594 (0x01153933) x18 0x00000001
core   0: 0x80004598 (0x01a66db3) or      s11, a2, s10
core   0: 0 0x80004598 (0x01a66db3) x27 0xfffffffe
core   0: 0x8000459c (0x0000c209) c.beqz  a2, pc + 2
core   0: 0 0x8000459c (0xc209)
core   0: 0x8000459e (0x00b755b3) srl     a1, a4, a1
core   0: 0 0x8000459e (0x00b755b3) x11 0x00000001
core   0: 0x800045a2 (0x0000ea89) c.bnez  a3, pc + 18
core   0: 0 0x800045a2 (0xea89)
core   0: 0x800045b4 (0x020e5633) divu    a2, t3, zero
core   0: 0 0x800045b4 (0x020e5633) x12 0xffffffff
core   0: 0x800045b8 (0x0000869d) c.srai  a3, 7
core   0: 0 0x800045b8 (0x869d) x13 0x000002fc
core   0: 0x800045ba (0x400801b3) sub     gp, a6, zero
core   0: 0 0x800045ba (0x400801b3) x3  0xffffffff
core   0: 0x800045be (0x000088aa) c.mv    a7, a0
core   0: 0 0x800045be (0x88aa) x17 0x00000200
core   0: 0x800045c0 (0x0ff0000f) fence   iorw,iorw
core   0: 0 0x800045c0 (0x0ff0000f)
core   0: 0x800045c4 (0x00d46863) bltu    s0, a3, pc + 16
core   0: 0 0x800045c4 (0x00d46863)
core   0: 0x800045c8 (0x07d58113) addi    sp, a1, 125
core   0: 0 0x800045c8 (0x07d58113) x2  0x0000007e
core   0: 0x800045cc (0x0191a5b3) slt     a1, gp, s9
core   0: 0 0x800045cc (0x0191a5b3) x11 0x00000000
core   0: 0x800045d0 (0x40892f13) slti    t5, s2, 1032
core   0: 0 0x800045d0 (0x40892f13) x30 0x00000001
core   0: 0x800045d4 (0x41320e33) sub     t3, tp, s3
core   0: 0 0x800045d4 (0x41320e33) x28 0x7ffde208
core   0: 0x800045d8 (0x4099d933) sra     s2, s3, s1
core   0: 0 0x800045d8 (0x4099d933) x18 0x80021df8
core   0: 0x800045dc (0x8b310593) addi    a1, sp, -1869
core   0: 0 0x800045dc (0x8b310593) x11 0xfffff931
core   0: 0x800045e0 (0x004f9133) sll     sp, t6, tp
core   0: 0 0x800045e0 (0x004f9133) x2  0x0000000b
core   0: 0x800045e4 (0x00008d8d) c.sub   a1, a1
core   0: 0 0x800045e4 (0x8d8d) x11 0x00000000
core   0: 0x800045e6 (0x00b12633) slt     a2, sp, a1
core   0: 0 0x800045e6 (0x00b12633) x12 0x00000000
core   0: 0x800045ea (0x000af363) bgeu    s5, zero, pc + 6
core   0: 0 0x800045ea (0x000af363)
core   0: 0x800045f0 (0x01c91f33) sll     t5, s2, t3
core   0: 0 0x800045f0 (0x01c91f33) x30 0x021df800
core   0: 0x800045f4 (0x00801f33) sll     t5, zero, s0
core   0: 0 0x800045f4 (0x00801f33) x30 0x00000000
core   0: 0x800045f8 (0x03ec90b3) mulh    ra, s9, t5
core   0: 0 0x800045f8 (0x03ec90b3) x1  0x00000000
core   0: 0x800045fc (0x00000001) c.nop
core   0: 0 0x800045fc (0x0001)
core   0: 0x800045fe (0x00009af2) c.add   s5, t3
core   0: 0 0x800045fe (0x9af2) x21 0x7ffde20a
core   0: 0x80004600 (0x00989633) sll     a2, a7, s1
core   0: 0 0x80004600 (0x00989633) x12 0x00000200
core   0: 0x80004604 (0x02ba85b3) mul     a1, s5, a1
core   0: 0 0x80004604 (0x02ba85b3) x11 0x00000000
core   0: 0x80004608 (0x00678eb3) add     t4, a5, t1
core   0: 0 0x80004608 (0x00678eb3) x29 0x00000000
core   0: 0x8000460c (0x00008d6a) c.mv    s10, s10
core   0: 0 0x8000460c (0x8d6a) x26 0xfffffffe
core   0: 0x8000460e (0x04bf4263) blt     t5, a1, pc + 68
core   0: 0 0x8000460e (0x04bf4263)
core   0: 0x80004612 (0x0000100f) fence.i
core   0: 0 0x80004612 (0x0000100f)
core   0: 0x80004616 (0x962b7913) andi    s2, s6, -1694
core   0: 0 0x80004616 (0x962b7913) x18 0xfffff962
core   0: 0x8000461a (0x007a1f13) slli    t5, s4, 7
core   0: 0 0x8000461a (0x007a1f13) x30 0x00000080
core   0: 0x8000461e (0x414f83b3) sub     t2, t6, s4
core   0: 0 0x8000461e (0x414f83b3) x7  0x0000000a
core   0: 0x80004622 (0x00008e25) c.xor   a2, s1
core   0: 0 0x80004622 (0x8e25) x12 0x00000200
core   0: 0x80004624 (0x00006e39) c.lui   t3, 0xe
core   0: 0 0x80004624 (0x6e39) x28 0x0000e000
core   0: 0x80004626 (0x00008d1e) c.mv    s10, t2
core   0: 0 0x80004626 (0x8d1e) x26 0x0000000a
core   0: 0x80004628 (0x40fadab3) sra     s5, s5, a5
core   0: 0 0x80004628 (0x40fadab3) x21 0x7ffde20a
core   0: 0x8000462c (0x025666b3) rem     a3, a2, t0
core   0: 0 0x8000462c (0x025666b3) x13 0x00000000
core   0: 0x80004630 (0x00bc5633) srl     a2, s8, a1
core   0: 0 0x80004630 (0x00bc5633) x12 0xfffffc3b
core   0: 0x80004634 (0x00008d1e) c.mv    s10, t2
core   0: 0 0x80004634 (0x8d1e) x26 0x0000000a
core   0: 0x80004636 (0x0000e01d) c.bnez  s0, pc + 38
core   0: 0 0x80004636 (0xe01d)
core   0: 0x8000465c (0x9d70ed93) ori     s11, ra, -1577
core   0: 0 0x8000465c (0x9d70ed93) x27 0xfffff9d7
core   0: 0x80004660 (0x02924933) div     s2, tp, s1
core   0: 0 0x80004660 (0x02924933) x18 0xffffffff
core   0: 0x80004664 (0x013e9b63) bne     t4, s3, pc + 22
core   0: 0 0x80004664 (0x013e9b63)
core   0: 0x8000467a (0x00008099) c.srli  s1, 6
core   0: 0 0x8000467a (0x8099) x9  0x00000000
core   0: 0x8000467c (0x0000eb9d) c.bnez  a5, pc + 54
core   0: 0 0x8000467c (0xeb9d)
core   0: 0x8000467e (0x0436b613) sltiu   a2, a3, 67
core   0: 0 0x8000467e (0x0436b613) x12 0x00000001
core   0: 0x80004682 (0x018b9db3) sll     s11, s7, s8
core   0: 0 0x80004682 (0x018b9db3) x27 0x00000000
core   0: 0x80004686 (0x03160e33) mul     t3, a2, a7
core   0: 0 0x80004686 (0x03160e33) x28 0x00000200
core   0: 0x8000468a (0xfb0b3737) lui     a4, 0xfb0b3
core   0: 0 0x8000468a (0xfb0b3737) x14 0xfb0b3000
core   0: 0x8000468e (0x00008fd1) c.or    a5, a2
core   0: 0 0x8000468e (0x8fd1) x15 0x00000001
core   0: 0x80004690 (0x00008925) c.andi  a0, 9
core   0: 0 0x80004690 (0x8925) x10 0x00000000
core   0: 0x80004692 (0x0058af33) slt     t5, a7, t0
core   0: 0 0x80004692 (0x0058af33) x30 0x00000000
core   0: 0x80004696 (0x0000100f) fence.i
core   0: 0 0x80004696 (0x0000100f)
core   0: 0x8000469a (0x0000c399) c.beqz  a5, pc + 6
core   0: 0 0x8000469a (0xc399)
core   0: 0x8000469c (0x008462b3) or      t0, s0, s0
core   0: 0 0x8000469c (0x008462b3) x5  0x800220a8
core   0: 0x800046a0 (0x000002f2) c.slli  t0, 28
core   0: 0 0x800046a0 (0x02f2) x5  0x80000000
core   0: 0x800046a2 (0x00001d18) c.addi4spn a4, sp, 688
core   0: 0 0x800046a2 (0x1d18) x14 0x000002bb
core   0: 0x800046a4 (0x00008f31) c.xor   a4, a2
core   0: 0 0x800046a4 (0x8f31) x14 0x000002ba
core   0: 0x800046a6 (0x682b37b7) lui     a5, 0x682b3
core   0: 0 0x800046a6 (0x682b37b7) x15 0x682b3000
core   0: 0x800046aa (0x000052fd) c.li    t0, -1
core   0: 0 0x800046aa (0x52fd) x5  0xffffffff
core   0: 0x800046ac (0x02735a63) bge     t1, t2, pc + 52
core   0: 0 0x800046ac (0x02735a63)
core   0: 0x800046b0 (0x0000091e) c.slli  s2, 7
core   0: 0 0x800046b0 (0x091e) x18 0xffffff80
core   0: 0x800046b2 (0x000085c9) c.srai  a1, 18
core   0: 0 0x800046b2 (0x85c9) x11 0x00000000
core   0: 0x800046b4 (0x4055d693) srai    a3, a1, 5
core   0: 0 0x800046b4 (0x4055d693) x13 0x00000000
core   0: 0x800046b8 (0x02533db3) mulhu   s11, t1, t0
core   0: 0 0x800046b8 (0x02533db3) x27 0x00000000
core   0: 0x800046bc (0x00001d7d) c.addi  s10, -1
core   0: 0 0x800046bc (0x1d7d) x26 0x00000009
core   0: 0x800046be (0x09dc2d13) slti    s10, s8, 157
core   0: 0 0x800046be (0x09dc2d13) x26 0x00000001
core   0: 0x800046c2 (0x00001a08) c.addi4spn a0, sp, 304
core   0: 0 0x800046c2 (0x1a08) x10 0x0000013b
core   0: 0x800046c4 (0x00008f49) c.or    a4, a0
core   0: 0 0x800046c4 (0x8f49) x14 0x000003bb
core   0: 0x800046c6 (0x8390c013) xori    zero, ra, -1991
core   0: 0 0x800046c6 (0x8390c013)
core   0: 0x800046ca (0x00008f4a) c.mv    t5, s2
core   0: 0 0x800046ca (0x8f4a) x30 0xffffff80
core   0: 0x800046cc (0x00000001) c.nop
core   0: 0 0x800046cc (0x0001)
core   0: 0x800046ce (0x022f26b3) mulhsu  a3, t5, sp
core   0: 0 0x800046ce (0x022f26b3) x13 0xffffffff
core   0: 0x800046d2 (0x0000825e) c.mv    tp, s7
core   0: 0 0x800046d2 (0x825e) x4  0x02fc5800
core   0: 0x800046d4 (0x01ebbc33) sltu    s8, s7, t5
core   0: 0 0x800046d4 (0x01ebbc33) x24 0x00000001
core   0: 0x800046d8 (0xdab90697) auipc   a3, 0xdab90
core   0: 0 0x800046d8 (0xdab90697) x13 0x5ab946d8
core   0: 0x800046dc (0xf81003b7) lui     t2, 0xf8100
core   0: 0 0x800046dc (0xf81003b7) x7  0xf8100000
core   0: 0x800046e0 (0x025c67b3) rem     a5, s8, t0
core   0: 0 0x800046e0 (0x025c67b3) x15 0x00000000
core   0: 0x800046e4 (0x00000bf6) c.slli  s7, 29
core   0: 0 0x800046e4 (0x0bf6) x23 0x00000000
core   0: 0x800046e6 (0x00009372) c.add   t1, t3
core   0: 0 0x800046e6 (0x9372) x6  0x00000200
core   0: 0x800046e8 (0x00008159) c.srli  a0, 22
core   0: 0 0x800046e8 (0x8159) x10 0x00000000
core   0: 0x800046ea (0xa7da3c13) sltiu   s8, s4, -1411
core   0: 0 0x800046ea (0xa7da3c13) x24 0x00000001
core   0: 0x800046ee (0x00000001) c.nop
core   0: 0 0x800046ee (0x0001)
core   0: 0x800046f0 (0x02520533) mul     a0, tp, t0
core   0: 0 0x800046f0 (0x02520533) x10 0xfd03a800
core   0: 0x800046f4 (0x0000717d) c.addi16sp sp, -16
core   0: 0 0x800046f4 (0x717d) x2  0xfffffffb
core   0: 0x800046f6 (0x00001580) c.addi4spn s0, sp, 736
core   0: 0 0x800046f6 (0x1580) x8  0x000002db
core   0: 0x800046f8 (0x02c8b333) mulhu   t1, a7, a2
core   0: 0 0x800046f8 (0x02c8b333) x6  0x00000000
core   0: 0x800046fc (0x0ff0000f) fence   iorw,iorw
core   0: 0 0x800046fc (0x0ff0000f)
core   0: 0x80004700 (0x000098fd) c.andi  s1, -1
core   0: 0 0x80004700 (0x98fd) x9  0x00000000
core   0: 0x80004702 (0x00000d91) c.addi  s11, 4
core   0: 0 0x80004702 (0x0d91) x27 0x00000004
core   0: 0x80004704 (0x010423b3) slt     t2, s0, a6
core   0: 0 0x80004704 (0x010423b3) x7  0x00000000
core   0: 0x80004708 (0x0ff0000f) fence   iorw,iorw
core   0: 0 0x80004708 (0x0ff0000f)
core   0: 0x8000470c (0x03f24f33) div     t5, tp, t6
core   0: 0 0x8000470c (0x03f24f33) x30 0x00457c5d
core   0: 0x80004710 (0x034be033) rem     zero, s7, s4
core   0: 0 0x80004710 (0x034be033)
core   0: 0x80004714 (0x01230a33) add     s4, t1, s2
core   0: 0 0x80004714 (0x01230a33) x20 0xffffff80
core   0: 0x80004718 (0x00001f7d) c.addi  t5, -1
core   0: 0 0x80004718 (0x1f7d) x30 0x00457c5c
core   0: 0x8000471a (0x01e96f33) or      t5, s2, t5
core   0: 0 0x8000471a (0x01e96f33) x30 0xffffffdc
core   0: 0x8000471e (0x0000614d) c.addi16sp sp, 176
core   0: 0 0x8000471e (0x614d) x2  0x000000ab
core   0: 0x80004720 (0x00d3f463) bgeu    t2, a3, pc + 8
core   0: 0 0x80004720 (0x00d3f463)
core   0: 0x80004724 (0x000082a9) c.srli  a3, 10
core   0: 0 0x80004724 (0x82a9) x13 0x0016ae51
core   0: 0x80004726 (0x0000ca1d) c.beqz  a2, pc + 54
core   0: 0 0x80004726 (0xca1d)
core   0: 0x80004728 (0x00008d89) c.sub   a1, a0
core   0: 0 0x80004728 (0x8d89) x11 0x02fc5800
core   0: 0x8000472a (0x00000e55) c.addi  t3, 21
core   0: 0 0x8000472a (0x0e55) x28 0x00000215
core   0: 0x8000472c (0x03ef6663) bltu    t5, t5, pc + 44
core   0: 0 0x8000472c (0x03ef6663)
core   0: 0x80004730 (0x00b85913) srli    s2, a6, 11
core   0: 0 0x80004730 (0x00b85913) x18 0x001fffff
core   0: 0x80004734 (0x026915b3) mulh    a1, s2, t1
core   0: 0 0x80004734 (0x026915b3) x11 0x00000000
core   0: 0x80004738 (0x000007b9) c.addi  a5, 14
core   0: 0 0x80004738 (0x07b9) x15 0x0000000e
core   0: 0x8000473a (0x0288bab3) mulhu   s5, a7, s0
core   0: 0 0x8000473a (0x0288bab3) x21 0x00000000
core   0: 0x8000473e (0xe9c34793) xori    a5, t1, -356
core   0: 0 0x8000473e (0xe9c34793) x15 0xfffffe9c
core   0: 0x80004742 (0x000065a1) c.lui   a1, 0x8
core   0: 0 0x80004742 (0x65a1) x11 0x00008000
core   0: 0x80004744 (0x02191b63) bne     s2, ra, pc + 54
core   0: 0 0x80004744 (0x02191b63)
core   0: 0x8000477a (0x40fcd113) srai    sp, s9, 15
core   0: 0 0x8000477a (0x40fcd113) x2  0xffff0004
core   0: 0x8000477e (0x00009a46) c.add   s4, a7
core   0: 0 0x8000477e (0x9a46) x20 0x00000180
core   0: 0x80004780 (0x0000e711) c.bnez  a4, pc + 12
core   0: 0 0x80004780 (0xe711)
core   0: 0x8000478c (0x01dd7f33) and     t5, s10, t4
core   0: 0 0x8000478c (0x01dd7f33) x30 0x00000000
core   0: 0x80004790 (0xc691e493) ori     s1, gp, -919
core   0: 0 0x80004790 (0xc691e493) x9  0xffffffff
core   0: 0x80004794 (0x05a0c263) blt     ra, s10, pc + 68
core   0: 0 0x80004794 (0x05a0c263)
core   0: 0x800047d8 (0x01363a33) sltu    s4, a2, s3
core   0: 0 0x800047d8 (0x01363a33) x20 0x00000001
core   0: 0x800047dc (0x00008e45) c.or    a2, s1
core   0: 0 0x800047dc (0x8e45) x12 0xffffffff
core   0: 0x800047de (0x012e9763) bne     t4, s2, pc + 14
core   0: 0 0x800047de (0x012e9763)
core   0: 0x800047ec (0x00008ee1) c.and   a3, s0
core   0: 0 0x800047ec (0x8ee1) x13 0x00000251
core   0: 0x800047ee (0x00008152) c.mv    sp, s4
core   0: 0 0x800047ee (0x8152) x2  0x00000001
core   0: 0x800047f0 (0x00000001) c.nop
core   0: 0 0x800047f0 (0x0001)
core   0: 0x800047f2 (0x02d2d833) divu    a6, t0, a3
core   0: 0 0x800047f2 (0x02d2d833) x16 0x006e8419
core   0: 0x800047f6 (0x7028a493) slti    s1, a7, 1794
core   0: 0 0x800047f6 (0x7028a493) x9  0x00000001
core   0: 0x800047fa (0x0ff0000f) fence   iorw,iorw
core   0: 0 0x800047fa (0x0ff0000f)
core   0: 0x800047fe (0x00a4d033) srl     zero, s1, a0
core   0: 0 0x800047fe (0x00a4d033)
core   0: 0x80004802 (0x62443317) auipc   t1, 0x62443
core   0: 0 0x80004802 (0x62443317) x6  0xe2447802
core   0: 0x80004806 (0x011c9093) slli    ra, s9, 17
core   0: 0 0x80004806 (0x011c9093) x1  0xb9c80000
core   0: 0x8000480a (0x00000001) c.nop
core   0: 0 0x8000480a (0x0001)
core   0: 0x8000480c (0x016b77b3) and     a5, s6, s6
core   0: 0 0x8000480c (0x016b77b3) x15 0xffffffff
core   0: 0x80004810 (0x04081063) bnez    a6, pc + 64
core   0: 0 0x80004810 (0x04081063)
core   0: 0x80004850 (0x00000001) c.nop
core   0: 0 0x80004850 (0x0001)
core   0: 0x80004852 (0x0000ef09) c.bnez  a4, pc + 26
core   0: 0 0x80004852 (0xef09)
core   0: 0x8000486c (0x00c5d713) srli    a4, a1, 12
core   0: 0 0x8000486c (0x00c5d713) x14 0x00000008
core   0: 0x80004870 (0x03c41533) mulh    a0, s0, t3
core   0: 0 0x80004870 (0x03c41533) x10 0x00000000
core   0: 0x80004874 (0x0000641d) c.lui   s0, 0x7
core   0: 0 0x80004874 (0x641d) x8  0x00007000
core   0: 0x80004876 (0x0000049c) c.addi4spn a5, sp, 576
core   0: 0 0x80004876 (0x049c) x15 0x00000241
core   0: 0x80004878 (0x010dff63) bgeu    s11, a6, pc + 30
core   0: 0 0x80004878 (0x010dff63)
core   0: 0x8000487c (0x00008c65) c.and   s0, s1
core   0: 0 0x8000487c (0x8c65) x8  0x00000000
core   0: 0x8000487e (0x0672b693) sltiu   a3, t0, 103
core   0: 0 0x8000487e (0x0672b693) x13 0x00000000
core   0: 0x80004882 (0x00000001) c.nop
core   0: 0 0x80004882 (0x0001)
core   0: 0x80004884 (0x029fa733) mulhsu  a4, t6, s1
core   0: 0 0x80004884 (0x029fa733) x14 0x00000000
core   0: 0x80004888 (0x9b562593) slti    a1, a2, -1611
core   0: 0 0x80004888 (0x9b562593) x11 0x00000000
core   0: 0x8000488c (0x0244b133) mulhu   sp, s1, tp
core   0: 0 0x8000488c (0x0244b133) x2  0x00000000
core   0: 0x80004890 (0x03024433) div     s0, tp, a6
core   0: 0 0x80004890 (0x03024433) x8  0x00000006
core   0: 0x80004894 (0x0000717d) c.addi16sp sp, -16
core   0: 0 0x80004894 (0x717d) x2  0xfffffff0
core   0: 0x80004896 (0x05f11363) bne     sp, t6, pc + 70
core   0: 0 0x80004896 (0x05f11363)
core   0: 0x800048dc (0x00008d52) c.mv    s10, s4
core   0: 0 0x800048dc (0x8d52) x26 0x00000001
core   0: 0x800048de (0x7c479717) auipc   a4, 0x7c479
core   0: 0 0x800048de (0x7c479717) x14 0xfc47d8de
core   0: 0x800048e2 (0x00008f71) c.and   a4, a2
core   0: 0 0x800048e2 (0x8f71) x14 0xfc47d8de
core   0: 0x800048e4 (0x00000001) c.nop
core   0: 0 0x800048e4 (0x0001)
core   0: 0x800048e6 (0x0000100f) fence.i
core   0: 0 0x800048e6 (0x0000100f)
core   0: 0x800048ea (0x013c61b3) or      gp, s8, s3
core   0: 0 0x800048ea (0x013c61b3) x3  0x80021df9
core   0: 0x800048ee (0x40435f33) sra     t5, t1, tp
core   0: 0 0x800048ee (0x40435f33) x30 0xe2447802
core   0: 0x800048f2 (0x01c45d93) srli    s11, s0, 28
core   0: 0 0x800048f2 (0x01c45d93) x27 0x00000000
core   0: 0x800048f6 (0x01595733) srl     a4, s2, s5
core   0: 0 0x800048f6 (0x01595733) x14 0x001fffff
core   0: 0x800048fa (0x00006131) c.addi16sp sp, 320
core   0: 0 0x800048fa (0x6131) x2  0x00000130
core   0: 0x800048fc (0x41a10c33) sub     s8, sp, s10
core   0: 0 0x800048fc (0x41a10c33) x24 0x0000012f
core   0: 0x80004900 (0x0000c98d) c.beqz  a1, pc + 50
core   0: 0 0x80004900 (0xc98d)
core   0: 0x80004932 (0x00008471) c.srai  s0, 28
core   0: 0 0x80004932 (0x8471) x8  0x00000000
core   0: 0x80004934 (0x02b925b3) mulhsu  a1, s2, a1
core   0: 0 0x80004934 (0x02b925b3) x11 0x00000000
core   0: 0x80004938 (0x05e49163) bne     s1, t5, pc + 66
core   0: 0 0x80004938 (0x05e49163)
core   0: 0x8000497a (0x008c8c33) add     s8, s9, s0
core   0: 0 0x8000497a (0x008c8c33) x24 0x80025ce4
core   0: 0x8000497e (0x00000118) c.addi4spn a4, sp, 128
core   0: 0 0x8000497e (0x0118) x14 0x000001b0
core   0: 0x80004980 (0x034c0333) mul     t1, s8, s4
core   0: 0 0x80004980 (0x034c0333) x6  0x80025ce4
core   0: 0x80004984 (0x003997b3) sll     a5, s3, gp
core   0: 0 0x80004984 (0x003997b3) x15 0xf0000000
core   0: 0x80004988 (0x0000c319) c.beqz  a4, pc + 6
core   0: 0 0x80004988 (0xc319)
core   0: 0x8000498a (0x0078d2b3) srl     t0, a7, t2
core   0: 0 0x8000498a (0x0078d2b3) x5  0x00000200
core   0: 0x8000498e (0x00000c4e) c.slli  s8, 19
core   0: 0 0x8000498e (0x0c4e) x24 0xe7200000
core   0: 0x80004990 (0x00000ee5) c.addi  t4, 25
core   0: 0 0x80004990 (0x0ee5) x29 0x00000019
core   0: 0x80004992 (0x036f53b3) divu    t2, t5, s6
core   0: 0 0x80004992 (0x036f53b3) x7  0x00000000
core   0: 0x80004996 (0x000082ca) c.mv    t0, s2
core   0: 0 0x80004996 (0x82ca) x5  0x001fffff
core   0: 0x80004998 (0x02809233) mulh    tp, ra, s0
core   0: 0 0x80004998 (0x02809233) x4  0x00000000
core   0: 0x8000499c (0x008f8563) beq     t6, s0, pc + 10
core   0: 0 0x8000499c (0x008f8563)
core   0: 0x800049a0 (0x00000a26) c.slli  s4, 9
core   0: 0 0x800049a0 (0x0a26) x20 0x00000200
core   0: 0x800049a2 (0x00283bb3) sltu    s7, a6, sp
core   0: 0 0x800049a2 (0x00283bb3) x23 0x00000000
core   0: 0x800049a6 (0x0000910e) c.add   sp, gp
core   0: 0 0x800049a6 (0x910e) x2  0x80021f29
core   0: 0x800049a8 (0x037a9933) mulh    s2, s5, s7
core   0: 0 0x800049a8 (0x037a9933) x18 0x00000000
core   0: 0x800049ac (0x03658533) mul     a0, a1, s6
core   0: 0 0x800049ac (0x03658533) x10 0x00000000
core   0: 0x800049b0 (0x0000c095) c.beqz  s1, pc + 36
core   0: 0 0x800049b0 (0xc095)
core   0: 0x800049b2 (0x0000ca81) c.beqz  a3, pc + 16
core   0: 0 0x800049b2 (0xca81)
core   0: 0x800049c2 (0x00d61663) bne     a2, a3, pc + 12
core   0: 0 0x800049c2 (0x00d61663)
core   0: 0x800049ce (0x016a38b3) sltu    a7, s4, s6
core   0: 0 0x800049ce (0x016a38b3) x17 0x00000001
core   0: 0x800049d2 (0x00008e1d) c.sub   a2, a5
core   0: 0 0x800049d2 (0x8e1d) x12 0x0fffffff
core   0: 0x800049d4 (0xb0ea45b7) lui     a1, 0xb0ea4
core   0: 0 0x800049d4 (0xb0ea45b7) x11 0xb0ea4000
core   0: 0x800049d8 (0x016fc0b3) xor     ra, t6, s6
core   0: 0 0x800049d8 (0x016fc0b3) x1  0xfffffff4
core   0: 0x800049dc (0x39162893) slti    a7, a2, 913
core   0: 0 0x800049dc (0x39162893) x17 0x00000000
core   0: 0x800049e0 (0x000083f5) c.srli  a5, 29
core   0: 0 0x800049e0 (0x83f5) x15 0x00000007
core   0: 0x800049e2 (0x015c2333) slt     t1, s8, s5
core   0: 0 0x800049e2 (0x015c2333) x6  0x00000001
core   0: 0x800049e6 (0x016e5f63) bge     t3, s6, pc + 30
core   0: 0 0x800049e6 (0x016e5f63)
core   0: 0x80004a04 (0x0325fe33) remu    t3, a1, s2
core   0: 0 0x80004a04 (0x0325fe33) x28 0xb0ea4000
core   0: 0x80004a08 (0x0000c519) c.beqz  a0, pc + 14
core   0: 0 0x80004a08 (0xc519)
core   0: 0x80004a16 (0x019f1d13) slli    s10, t5, 25
core   0: 0 0x80004a16 (0x019f1d13) x26 0x04000000
core   0: 0x80004a1a (0x0232f4b3) remu    s1, t0, gp
core   0: 0 0x80004a1a (0x0232f4b3) x9  0x001fffff
core   0: 0x80004a1e (0x039ae363) bltu    s5, s9, pc + 38
core   0: 0 0x80004a1e (0x039ae363)
core   0: 0x80004a44 (0x72ba8213) addi    tp, s5, 1835
core   0: 0 0x80004a44 (0x72ba8213) x4  0x0000072b
core   0: 0x80004a48 (0x00000001) c.nop
core   0: 0 0x80004a48 (0x0001)
core   0: 0x80004a4a (0x00004b9d) c.li    s7, 7
core   0: 0 0x80004a4a (0x4b9d) x23 0x00000007
core   0: 0x80004a4c (0x0000023e) c.slli  tp, 15
core   0: 0 0x80004a4c (0x023e) x4  0x03958000
core   0: 0x80004a4e (0x03c85db3) divu    s11, a6, t3
core   0: 0 0x80004a4e (0x03c85db3) x27 0x00000000
core   0: 0x80004a52 (0x000010fd) c.addi  ra, -1
core   0: 0 0x80004a52 (0x10fd) x1  0xfffffff3
core   0: 0x80004a54 (0x015ce463) bltu    s9, s5, pc + 8
core   0: 0 0x80004a54 (0x015ce463)
core   0: 0x80004a58 (0x0000e391) c.bnez  a5, pc + 4
core   0: 0 0x80004a58 (0xe391)
core   0: 0x80004a5c (0x00cd67b3) or      a5, s10, a2
core   0: 0 0x80004a5c (0x00cd67b3) x15 0x0fffffff
core   0: 0x80004a60 (0x02a75a63) bge     a4, a0, pc + 52
core   0: 0 0x80004a60 (0x02a75a63)
core   0: 0x80004a94 (0x036cddb3) divu    s11, s9, s6
core   0: 0 0x80004a94 (0x036cddb3) x27 0x00000000
core   0: 0x80004a98 (0x017382b3) add     t0, t2, s7
core   0: 0 0x80004a98 (0x017382b3) x5  0x00000007
core   0: 0x80004a9c (0x01f19033) sll     zero, gp, t6
core   0: 0 0x80004a9c (0x01f19033)
core   0: 0x80004aa0 (0x528ba713) slti    a4, s7, 1320
core   0: 0 0x80004aa0 (0x528ba713) x14 0x00000001
core   0: 0x80004aa4 (0x037e78b3) remu    a7, t3, s7
core   0: 0 0x80004aa4 (0x037e78b3) x17 0x00000004
core   0: 0x80004aa8 (0x0000c215) c.beqz  a2, pc + 36
core   0: 0 0x80004aa8 (0xc215)
core   0: 0x80004aaa (0x03f2e763) bltu    t0, t6, pc + 46
core   0: 0 0x80004aaa (0x03f2e763)
core   0: 0x80004ad8 (0x00008eb1) c.xor   a3, a2
core   0: 0 0x80004ad8 (0x8eb1) x13 0x0fffffff
core   0: 0x80004ada (0x00008d99) c.sub   a1, a4
core   0: 0 0x80004ada (0x8d99) x11 0xb0ea3fff
core   0: 0x80004adc (0x0315fe33) remu    t3, a1, a7
core   0: 0 0x80004adc (0x0315fe33) x28 0x00000003
core   0: 0x80004ae0 (0x40ca07b3) sub     a5, s4, a2
core   0: 0 0x80004ae0 (0x40ca07b3) x15 0xf0000201
core   0: 0x80004ae4 (0xb0a78693) addi    a3, a5, -1270
core   0: 0 0x80004ae4 (0xb0a78693) x13 0xeffffd0b
core   0: 0x80004ae8 (0x01cbdd33) srl     s10, s7, t3
core   0: 0 0x80004ae8 (0x01cbdd33) x26 0x00000000
core   0: 0x80004aec (0x0000049e) c.slli  s1, 7
core   0: 0 0x80004aec (0x049e) x9  0x0fffff80
core   0: 0x80004aee (0x01a8a5b3) slt     a1, a7, s10
core   0: 0 0x80004aee (0x01a8a5b3) x11 0x00000000
core   0: 0x80004af2 (0x00008d41) c.or    a0, s0
core   0: 0 0x80004af2 (0x8d41) x10 0x00000000
core   0: 0x80004af4 (0x02087e63) bgeu    a6, zero, pc + 60
core   0: 0 0x80004af4 (0x02087e63)
core   0: 0x80004b30 (0xa9d26db7) lui     s11, 0xa9d26
core   0: 0 0x80004b30 (0xa9d26db7) x27 0xa9d26000
core   0: 0x80004b34 (0x00008599) c.srai  a1, 6
core   0: 0 0x80004b34 (0x8599) x11 0x00000000
core   0: 0x80004b36 (0x0000e489) c.bnez  s1, pc + 10
core   0: 0 0x80004b36 (0xe489)
core   0: 0x80004b40 (0x00000001) c.nop
core   0: 0 0x80004b40 (0x0001)
core   0: 0x80004b42 (0x00008ea1) c.xor   a3, s0
core   0: 0 0x80004b42 (0x8ea1) x13 0xeffffd0b
core   0: 0x80004b44 (0x00000001) c.nop
core   0: 0 0x80004b44 (0x0001)
core   0: 0x80004b46 (0x01149db3) sll     s11, s1, a7
core   0: 0 0x80004b46 (0x01149db3) x27 0xfffff800
core   0: 0x80004b4a (0x03d053b3) divu    t2, zero, t4
core   0: 0 0x80004b4a (0x03d053b3) x7  0x00000000
core   0: 0x80004b4e (0x00df1ab3) sll     s5, t5, a3
core   0: 0 0x80004b4e (0x00df1ab3) x21 0x23c01000
core   0: 0x80004b52 (0x00008a79) c.andi  a2, 30
core   0: 0 0x80004b52 (0x8a79) x12 0x0000001e
core   0: 0x80004b54 (0x00008f0d) c.sub   a4, a1
core   0: 0 0x80004b54 (0x8f0d) x14 0x00000001
core   0: 0x80004b56 (0x00000001) c.nop
core   0: 0 0x80004b56 (0x0001)
core   0: 0x80004b58 (0x0000c509) c.beqz  a0, pc + 10
core   0: 0 0x80004b58 (0xc509)
core   0: 0x80004b62 (0x0017adb3) slt     s11, a5, ra
core   0: 0 0x80004b62 (0x0017adb3) x27 0x00000001
core   0: 0x80004b66 (0x00008da1) c.xor   a1, s0
core   0: 0 0x80004b66 (0x8da1) x11 0x00000000
core   0: 0x80004b68 (0x00008d25) c.xor   a0, s1
core   0: 0 0x80004b68 (0x8d25) x10 0x0fffff80
core   0: 0x80004b6a (0x015e6863) bltu    t3, s5, pc + 16
core   0: 0 0x80004b6a (0x015e6863)
core   0: 0x80004b7a (0x000087f9) c.srai  a5, 30
core   0: 0 0x80004b7a (0x87f9) x15 0xffffffff
core   0: 0x80004b7c (0x00008225) c.srli  a2, 9
core   0: 0 0x80004b7c (0x8225) x12 0x00000000
core   0: 0x80004b7e (0x04305163) bge     zero, gp, pc + 66
core   0: 0 0x80004b7e (0x04305163)
core   0: 0x80004bc0 (0x003ea5b3) slt     a1, t4, gp
core   0: 0 0x80004bc0 (0x003ea5b3) x11 0x00000000
core   0: 0x80004bc4 (0x034e4133) div     sp, t3, s4
core   0: 0 0x80004bc4 (0x034e4133) x2  0x00000000
core   0: 0x80004bc8 (0x01f79563) bne     a5, t6, pc + 10
core   0: 0 0x80004bc8 (0x01f79563)
core   0: 0x80004bd2 (0x0000177d) c.addi  a4, -1
core   0: 0 0x80004bd2 (0x177d) x14 0x00000000
core   0: 0x80004bd4 (0x9ea44e13) xori    t3, s0, -1558
core   0: 0 0x80004bd4 (0x9ea44e13) x28 0xfffff9ea
core   0: 0x80004bd8 (0x01039e13) slli    t3, t2, 16
core   0: 0 0x80004bd8 (0x01039e13) x28 0x00000000
core   0: 0x80004bdc (0x00008a71) c.andi  a2, 28
core   0: 0 0x80004bdc (0x8a71) x12 0x00000000
core   0: 0x80004bde (0x036fb3b3) mulhu   t2, t6, s6
core   0: 0 0x80004bde (0x036fb3b3) x7  0x0000000a
core   0: 0x80004be2 (0x00008d51) c.or    a0, a2
core   0: 0 0x80004be2 (0x8d51) x10 0x0fffff80
core   0: 0x80004be4 (0x009c8e33) add     t3, s9, s1
core   0: 0 0x80004be4 (0x009c8e33) x28 0x90025c64
core   0: 0x80004be8 (0x00791033) sll     zero, s2, t2
core   0: 0 0x80004be8 (0x00791033)
core   0: 0x80004bec (0x014efc33) and     s8, t4, s4
core   0: 0 0x80004bec (0x014efc33) x24 0x00000000
core   0: 0x80004bf0 (0x000052fd) c.li    t0, -1
core   0: 0 0x80004bf0 (0x52fd) x5  0xffffffff
core   0: 0x80004bf2 (0x00009646) c.add   a2, a7
core   0: 0 0x80004bf2 (0x9646) x12 0x00000004
core   0: 0x80004bf4 (0x01f023b3) slt     t2, zero, t6
core   0: 0 0x80004bf4 (0x01f023b3) x7  0x00000001
core   0: 0x80004bf8 (0x000015fd) c.addi  a1, -1
core   0: 0 0x80004bf8 (0x15fd) x11 0xffffffff
core   0: 0x80004bfa (0x00008ee9) c.and   a3, a0
core   0: 0 0x80004bfa (0x8ee9) x13 0x0ffffd00
core   0: 0x80004bfc (0x00008cd5) c.or    s1, a3
core   0: 0 0x80004bfc (0x8cd5) x9  0x0fffff80
core   0: 0x80004bfe (0x00008e99) c.sub   a3, a4
core   0: 0 0x80004bfe (0x8e99) x13 0x0ffffd00
core   0: 0x80004c00 (0x0000717d) c.addi16sp sp, -16
core   0: 0 0x80004c00 (0x717d) x2  0xfffffff0
core   0: 0x80004c02 (0x02af9533) mulh    a0, t6, a0
core   0: 0 0x80004c02 (0x02af9533) x10 0x00000000
core   0: 0x80004c06 (0x0ff0000f) fence   iorw,iorw
core   0: 0 0x80004c06 (0x0ff0000f)
core   0: 0x80004c0a (0x411ada33) sra     s4, s5, a7
core   0: 0 0x80004c0a (0x411ada33) x20 0x023c0100
core   0: 0x80004c0e (0x0ff0000f) fence   iorw,iorw
core   0: 0 0x80004c0e (0x0ff0000f)
core   0: 0x80004c12 (0x00f25713) srli    a4, tp, 15
core   0: 0 0x80004c12 (0x00f25713) x14 0x0000072b
core   0: 0x80004c16 (0x00000001) c.nop
core   0: 0 0x80004c16 (0x0001)
core   0: 0x80004c18 (0x00352bb3) slt     s7, a0, gp
core   0: 0 0x80004c18 (0x00352bb3) x23 0x00000000
core   0: 0x80004c1c (0x00006f51) c.lui   t5, 0x14
core   0: 0 0x80004c1c (0x6f51) x30 0x00014000
core   0: 0x80004c1e (0x0000086a) c.slli  a6, 26
core   0: 0 0x80004c1e (0x086a) x16 0x64000000
core   0: 0x80004c20 (0x40518e33) sub     t3, gp, t0
core   0: 0 0x80004c20 (0x40518e33) x28 0x80021dfa
core   0: 0x80004c24 (0x000048fd) c.li    a7, 31
core   0: 0 0x80004c24 (0x48fd) x17 0x0000001f
core   0: 0x80004c26 (0x03fa6a93) ori     s5, s4, 63
core   0: 0 0x80004c26 (0x03fa6a93) x21 0x023c013f
core   0: 0x80004c2a (0x00008325) c.srli  a4, 9
core   0: 0 0x80004c2a (0x8325) x14 0x00000003
core   0: 0x80004c2c (0x00001804) c.addi4spn s1, sp, 48
core   0: 0 0x80004c2c (0x1804) x9  0x00000020
core   0: 0x80004c2e (0x026c2bb3) mulhsu  s7, s8, t1
core   0: 0 0x80004c2e (0x026c2bb3) x23 0x00000000
core   0: 0x80004c32 (0x000080da) c.mv    ra, s6
core   0: 0 0x80004c32 (0x80da) x1  0xffffffff
core   0: 0x80004c34 (0x01b7d593) srli    a1, a5, 27
core   0: 0 0x80004c34 (0x01b7d593) x11 0x0000001f
core   0: 0x80004c38 (0x00000d26) c.slli  s10, 9
core   0: 0 0x80004c38 (0x0d26) x26 0x00000000
core   0: 0x80004c3a (0x00008da5) c.xor   a1, s1
core   0: 0 0x80004c3a (0x8da5) x11 0x0000003f
core   0: 0x80004c3c (0x7b478493) addi    s1, a5, 1972
core   0: 0 0x80004c3c (0x7b478493) x9  0x000007b3
core   0: 0x80004c40 (0x0000717d) c.addi16sp sp, -16
core   0: 0 0x80004c40 (0x717d) x2  0xffffffe0
core   0: 0x80004c42 (0x02959933) mulh    s2, a1, s1
core   0: 0 0x80004c42 (0x02959933) x18 0x00000000
core   0: 0x80004c46 (0x03f3a933) mulhsu  s2, t2, t6
core   0: 0 0x80004c46 (0x03f3a933) x18 0x00000000
core   0: 0x80004c4a (0x038944b3) div     s1, s2, s8
core   0: 0 0x80004c4a (0x038944b3) x9  0xffffffff
core   0: 0x80004c4e (0x40bcd8b3) sra     a7, s9, a1
core   0: 0 0x80004c4e (0x40bcd8b3) x17 0xffffffff
core   0: 0x80004c52 (0x0000ef15) c.bnez  a4, pc + 60
core   0: 0 0x80004c52 (0xef15)
core   0: 0x80004c8e (0x00005a7d) c.li    s4, -1
core   0: 0 0x80004c8e (0x5a7d) x20 0xffffffff
core   0: 0x80004c90 (0x02a2ca63) blt     t0, a0, pc + 52
core   0: 0 0x80004c90 (0x02a2ca63)
core   0: 0x80004cc4 (0x00008a4d) c.andi  a2, 19
core   0: 0 0x80004cc4 (0x8a4d) x12 0x00000000
core   0: 0x80004cc6 (0x00008779) c.srai  a4, 30
core   0: 0 0x80004cc6 (0x8779) x14 0x00000000
core   0: 0x80004cc8 (0x027c5b33) divu    s6, s8, t2
core   0: 0 0x80004cc8 (0x027c5b33) x22 0x00000000
core   0: 0x80004ccc (0x8b556917) auipc   s2, 0x8b556
core   0: 0 0x80004ccc (0x8b556917) x18 0x0b55accc
core   0: 0x80004cd0 (0x03aec963) blt     t4, s10, pc + 50
core   0: 0 0x80004cd0 (0x03aec963)
core   0: 0x80004cd4 (0x00006b31) c.lui   s6, 0xc
core   0: 0 0x80004cd4 (0x6b31) x22 0x0000c000
core   0: 0x80004cd6 (0xc6123a13) sltiu   s4, tp, -927
core   0: 0 0x80004cd6 (0xc6123a13) x20 0x00000001
core   0: 0x80004cda (0x03a66263) bltu    a2, s10, pc + 36
core   0: 0 0x80004cda (0x03a66263)
core   0: 0x80004cde (0x000091aa) c.add   gp, a0
core   0: 0 0x80004cde (0x91aa) x3  0x80021df9
core   0: 0x80004ce0 (0x000fe0b3) or      ra, t6, zero
core   0: 0 0x80004ce0 (0x000fe0b3) x1  0x0000000b
core   0: 0x80004ce4 (0x00008c85) c.sub   s1, s1
core   0: 0 0x80004ce4 (0x8c85) x9  0x00000000
core   0: 0x80004ce6 (0x0000851d) c.srai  a0, 7
core   0: 0 0x80004ce6 (0x851d) x10 0x00000000
core   0: 0x80004ce8 (0x00008aa6) c.mv    s5, s1
core   0: 0 0x80004ce8 (0x8aa6) x21 0x00000000
core   0: 0x80004cea (0x0000c701) c.beqz  a4, pc + 8
core   0: 0 0x80004cea (0xc701)
core   0: 0x80004cf2 (0x01348ab3) add     s5, s1, s3
core   0: 0 0x80004cf2 (0x01348ab3) x21 0x80021df8
core   0: 0x80004cf6 (0x0000e591) c.bnez  a1, pc + 12
core   0: 0 0x80004cf6 (0xe591)
core   0: 0x80004d02 (0x00000c65) c.addi  s8, 25
core   0: 0 0x80004d02 (0x0c65) x24 0x00000019
core   0: 0x80004d04 (0x000083b1) c.srli  a5, 12
core   0: 0 0x80004d04 (0x83b1) x15 0x000fffff
core   0: 0x80004d06 (0x01f3bb33) sltu    s6, t2, t6
core   0: 0 0x80004d06 (0x01f3bb33) x22 0x00000001
core   0: 0x80004d0a (0x000085a5) c.srai  a1, 9
core   0: 0 0x80004d0a (0x85a5) x11 0x00000000
core   0: 0x80004d0c (0x0c26c793) xori    a5, a3, 194
core   0: 0 0x80004d0c (0x0c26c793) x15 0x0ffffdc2
core   0: 0x80004d10 (0x00000001) c.nop
core   0: 0 0x80004d10 (0x0001)
core   0: 0x80004d12 (0x37346193) ori     gp, s0, 883
core   0: 0 0x80004d12 (0x37346193) x3  0x00000373
core   0: 0x80004d16 (0x0000e985) c.bnez  a1, pc + 48
core   0: 0 0x80004d16 (0xe985)
core   0: 0x80004d18 (0x02915eb3) divu    t4, sp, s1
core   0: 0 0x80004d18 (0x02915eb3) x29 0xffffffff
core   0: 0x80004d1c (0x01285db3) srl     s11, a6, s2
core   0: 0 0x80004d1c (0x01285db3) x27 0x00064000
core   0: 0x80004d20 (0x0044d633) srl     a2, s1, tp
core   0: 0 0x80004d20 (0x0044d633) x12 0x00000000
core   0: 0x80004d24 (0x05370463) beq     a4, s3, pc + 72
core   0: 0 0x80004d24 (0x05370463)
core   0: 0x80004d28 (0x00291793) slli    a5, s2, 2
core   0: 0 0x80004d28 (0x00291793) x15 0x2d56b330
core   0: 0x80004d2c (0x00006611) c.lui   a2, 0x4
core   0: 0 0x80004d2c (0x6611) x12 0x00004000
core   0: 0x80004d2e (0x013f4533) xor     a0, t5, s3
core   0: 0 0x80004d2e (0x013f4533) x10 0x80035df8
core   0: 0x80004d32 (0xd3626737) lui     a4, 0xd3626
core   0: 0 0x80004d32 (0xd3626737) x14 0xd3626000
core   0: 0x80004d36 (0x01fe0863) beq     t3, t6, pc + 16
core   0: 0 0x80004d36 (0x01fe0863)
core   0: 0x80004d3a (0xce9cad13) slti    s10, s9, -791
core   0: 0 0x80004d3a (0xce9cad13) x26 0x00000001
core   0: 0x80004d3e (0xfc2ee737) lui     a4, 0xfc2ee
core   0: 0 0x80004d3e (0xfc2ee737) x14 0xfc2ee000
core   0: 0x80004d42 (0x4050d433) sra     s0, ra, t0
core   0: 0 0x80004d42 (0x4050d433) x8  0x00000000
core   0: 0x80004d46 (0xdc96bd13) sltiu   s10, a3, -567
core   0: 0 0x80004d46 (0xdc96bd13) x26 0x00000001
core   0: 0x80004d4a (0x033f6333) rem     t1, t5, s3
core   0: 0 0x80004d4a (0x033f6333) x6  0x00014000
core   0: 0x80004d4e (0x039e94b3) mulh    s1, t4, s9
core   0: 0 0x80004d4e (0x039e94b3) x9  0x00000000
core   0: 0x80004d52 (0xb9287013) andi    zero, a6, -1134
core   0: 0 0x80004d52 (0xb9287013)
core   0: 0x80004d56 (0x00fec563) blt     t4, a5, pc + 10
core   0: 0 0x80004d56 (0x00fec563)
core   0: 0x80004d60 (0xb077c293) xori    t0, a5, -1273
core   0: 0 0x80004d60 (0xb077c293) x5  0xd2a94837
core   0: 0x80004d64 (0x00008d0d) c.sub   a0, a1
core   0: 0 0x80004d64 (0x8d0d) x10 0x80035df8
core   0: 0x80004d66 (0x00008ead) c.xor   a3, a1
core   0: 0 0x80004d66 (0x8ead) x13 0x0ffffd00
core   0: 0x80004d68 (0x01299413) slli    s0, s3, 18
core   0: 0 0x80004d68 (0x01299413) x8  0x77e00000
core   0: 0x80004d6c (0x00008a6d) c.andi  a2, 27
core   0: 0 0x80004d6c (0x8a6d) x12 0x00000000
core   0: 0x80004d6e (0x0000081a) c.slli  a6, 6
core   0: 0 0x80004d6e (0x081a) x16 0x00000000
core   0: 0x80004d70 (0x0053e7b3) or      a5, t2, t0
core   0: 0 0x80004d70 (0x0053e7b3) x15 0xd2a94837
core   0: 0x80004d74 (0x7f0a7d13) andi    s10, s4, 2032
core   0: 0 0x80004d74 (0x7f0a7d13) x26 0x00000000
core   0: 0x80004d78 (0x00008db5) c.xor   a1, a3
core   0: 0 0x80004d78 (0x8db5) x11 0x0ffffd00
core   0: 0x80004d7a (0x00000001) c.nop
core   0: 0 0x80004d7a (0x0001)
core   0: 0x80004d7c (0xda786293) ori     t0, a6, -601
core   0: 0 0x80004d7c (0xda786293) x5  0xfffffda7
core   0: 0x80004d80 (0x00008cfd) c.and   s1, a5
core   0: 0 0x80004d80 (0x8cfd) x9  0x00000000
core   0: 0x80004d82 (0x0242ba33) mulhu   s4, t0, tp
core   0: 0 0x80004d82 (0x0242ba33) x20 0x03957ff7
core   0: 0x80004d86 (0x01e1b733) sltu    a4, gp, t5
core   0: 0 0x80004d86 (0x01e1b733) x14 0x00000001
core   0: 0x80004d8a (0x0000100f) fence.i
core   0: 0 0x80004d8a (0x0000100f)
core   0: 0x80004d8e (0x02f95ab3) divu    s5, s2, a5
core   0: 0 0x80004d8e (0x02f95ab3) x21 0x00000000
core   0: 0x80004d92 (0x0000c089) c.beqz  s1, pc + 2
core   0: 0 0x80004d92 (0xc089)
core   0: 0x80004d94 (0x0000527d) c.li    tp, -1
core   0: 0 0x80004d94 (0x527d) x4  0xffffffff
core   0: 0x80004d96 (0x000b3ab3) sltu    s5, s6, zero
core   0: 0 0x80004d96 (0x000b3ab3) x21 0x00000000
core   0: 0x80004d9a (0x025a4963) blt     s4, t0, pc + 50
core   0: 0 0x80004d9a (0x025a4963)
core   0: 0x80004d9e (0x009eaf33) slt     t5, t4, s1
core   0: 0 0x80004d9e (0x009eaf33) x30 0x00000001
core   0: 0x80004da2 (0x000091f2) c.add   gp, t3
core   0: 0 0x80004da2 (0x91f2) x3  0x8002216d
core   0: 0x80004da4 (0x0206d8b3) divu    a7, a3, zero
core   0: 0 0x80004da4 (0x0206d8b3) x17 0xffffffff
core   0: 0x80004da8 (0x00913933) sltu    s2, sp, s1
core   0: 0 0x80004da8 (0x00913933) x18 0x00000000
core   0: 0x80004dac (0x0000cb15) c.beqz  a4, pc + 52
core   0: 0 0x80004dac (0xcb15)
core   0: 0x80004dae (0x401fd7b3) sra     a5, t6, ra
core   0: 0 0x80004dae (0x401fd7b3) x15 0x00000000
core   0: 0x80004db2 (0x00383e33) sltu    t3, a6, gp
core   0: 0 0x80004db2 (0x00383e33) x28 0x00000001
core   0: 0x80004db6 (0xf3bea213) slti    tp, t4, -197
core   0: 0 0x80004db6 (0xf3bea213) x4  0x00000000
core   0: 0x80004dba (0x00008ce1) c.and   s1, s0
core   0: 0 0x80004dba (0x8ce1) x9  0x00000000
core   0: 0x80004dbc (0x00127863) bgeu    tp, ra, pc + 16
core   0: 0 0x80004dbc (0x00127863)
core   0: 0x80004dc0 (0x007b9d33) sll     s10, s7, t2
core   0: 0 0x80004dc0 (0x007b9d33) x26 0x00000000
core   0: 0x80004dc4 (0x017be963) bltu    s7, s7, pc + 18
core   0: 0 0x80004dc4 (0x017be963)
core   0: 0x80004dc8 (0x00004969) c.li    s2, 26
core   0: 0 0x80004dc8 (0x4969) x18 0x0000001a
core   0: 0x80004dca (0x0000ec99) c.bnez  s1, pc + 30
core   0: 0 0x80004dca (0xec99)
core   0: 0x80004dcc (0x00009bf2) c.add   s7, t3
core   0: 0 0x80004dcc (0x9bf2) x23 0x00000001
core   0: 0x80004dce (0x40c2d133) sra     sp, t0, a2
core   0: 0 0x80004dce (0x40c2d133) x2  0xfffffda7
core   0: 0x80004dd2 (0x00008469) c.srai  s0, 26
core   0: 0 0x80004dd2 (0x8469) x8  0x0000001d
core   0: 0x80004dd4 (0x00009bfd) c.andi  a5, -1
core   0: 0 0x80004dd4 (0x9bfd) x15 0x00000000
core   0: 0x80004dd6 (0x0000862d) c.srai  a2, 11
core   0: 0 0x80004dd6 (0x862d) x12 0x00000000
core   0: 0x80004dd8 (0x049cd463) bge     s9, s1, pc + 72
core   0: 0 0x80004dd8 (0x049cd463)
core   0: 0x80004ddc (0x50858693) addi    a3, a1, 1288
core   0: 0 0x80004ddc (0x50858693) x13 0x10000208
core   0: 0x80004de0 (0x01cf9eb3) sll     t4, t6, t3
core   0: 0 0x80004de0 (0x01cf9eb3) x29 0x00000016
core   0: 0x80004de4 (0x395be513) ori     a0, s7, 917
core   0: 0 0x80004de4 (0x395be513) x10 0x00000395
core   0: 0x80004de8 (0x67ddbe13) sltiu   t3, s11, 1661
core   0: 0 0x80004de8 (0x67ddbe13) x28 0x00000000
core   0: 0x80004dec (0x00779693) slli    a3, a5, 7
core   0: 0 0x80004dec (0x00779693) x13 0x00000000
core   0: 0x80004df0 (0x04a56263) bltu    a0, a0, pc + 68
core   0: 0 0x80004df0 (0x04a56263)
core   0: 0x80004df4 (0x01790563) beq     s2, s7, pc + 10
core   0: 0 0x80004df4 (0x01790563)
core   0: 0x80004df8 (0x00008cb1) c.xor   s1, a2
core   0: 0 0x80004df8 (0x8cb1) x9  0x00000000
core   0: 0x80004dfa (0x00008e55) c.or    a2, a3
core   0: 0 0x80004dfa (0x8e55) x12 0x00000000
core   0: 0x80004dfc (0x00008eda) c.mv    t4, s6
core   0: 0 0x80004dfc (0x8eda) x29 0x00000001
core   0: 0x80004dfe (0x05b9d163) bge     s3, s11, pc + 66
core   0: 0 0x80004dfe (0x05b9d163)
core   0: 0x80004e02 (0x0000100f) fence.i
core   0: 0 0x80004e02 (0x0000100f)
core   0: 0x80004e06 (0x02c05f63) bge     zero, a2, pc + 62
core   0: 0 0x80004e06 (0x02c05f63)
core   0: 0x80004e44 (0x03734633) div     a2, t1, s7
core   0: 0 0x80004e44 (0x03734633) x12 0x00014000
core   0: 0x80004e48 (0x00000562) c.slli  a0, 24
core   0: 0 0x80004e48 (0x0562) x10 0x95000000
core   0: 0x80004e4a (0x4d3eca13) xori    s4, t4, 1235
core   0: 0 0x80004e4a (0x4d3eca13) x20 0x000004d2
core   0: 0x80004e4e (0x03f17563) bgeu    sp, t6, pc + 42
core   0: 0 0x80004e4e (0x03f17563)
core   0: 0x80004e78 (0x00bb1363) bne     s6, a1, pc + 6
core   0: 0 0x80004e78 (0x00bb1363)
core   0: 0x80004e7e (0x0000955a) c.add   a0, s6
core   0: 0 0x80004e7e (0x955a) x10 0x95000001
core   0: 0x80004e80 (0x04014063) bltz    sp, pc + 64
core   0: 0 0x80004e80 (0x04014063)
core   0: 0x80004ec0 (0x008ec0b3) xor     ra, t4, s0
core   0: 0 0x80004ec0 (0x008ec0b3) x1  0x0000001c
core   0: 0x80004ec4 (0x0139d0b3) srl     ra, s3, s3
core   0: 0 0x80004ec4 (0x0139d0b3) x1  0x00000080
core   0: 0x80004ec8 (0x02ee5b33) divu    s6, t3, a4
core   0: 0 0x80004ec8 (0x02ee5b33) x22 0x00000000
core   0: 0x80004ecc (0x00006f2d) c.lui   t5, 0xb
core   0: 0 0x80004ecc (0x6f2d) x30 0x0000b000
core   0: 0x80004ece (0x00346bb3) or      s7, s0, gp
core   0: 0 0x80004ece (0x00346bb3) x23 0x8002217d
core   0: 0x80004ed2 (0x00008225) c.srli  a2, 9
core   0: 0 0x80004ed2 (0x8225) x12 0x000000a0
core   0: 0x80004ed4 (0x9e84c713) xori    a4, s1, -1560
core   0: 0 0x80004ed4 (0x9e84c713) x14 0xfffff9e8
core   0: 0x80004ed8 (0x00000d31) c.addi  s10, 12
core   0: 0 0x80004ed8 (0x0d31) x26 0x0000000c
core   0: 0x80004eda (0x0171e563) bltu    gp, s7, pc + 10
core   0: 0 0x80004eda (0x0171e563)
core   0: 0x80004ee4 (0x00008fb5) c.xor   a5, a3
core   0: 0 0x80004ee4 (0x8fb5) x15 0x00000000
core   0: 0x80004ee6 (0x0000ef1d) c.bnez  a4, pc + 62
core   0: 0 0x80004ee6 (0xef1d)
core   0: 0x80004f24 (0x042144b7) lui     s1, 0x4214
core   0: 0 0x80004f24 (0x042144b7) x9  0x04214000
core   0: 0x80004f28 (0xddd0e413) ori     s0, ra, -547
core   0: 0 0x80004f28 (0xddd0e413) x8  0xfffffddd
core   0: 0x80004f2c (0x00000001) c.nop
core   0: 0 0x80004f2c (0x0001)
core   0: 0x80004f2e (0x07698063) beq     s3, s6, pc + 96
core   0: 0 0x80004f2e (0x07698063)
core   0: 0x80004f32 (0x40f1d393) srai    t2, gp, 15
core   0: 0 0x80004f32 (0x40f1d393) x7  0xffff0004
core   0: 0x80004f36 (0x01111563) bne     sp, a7, pc + 10
core   0: 0 0x80004f36 (0x01111563)
core   0: 0x80004f40 (0x004b0eb3) add     t4, s6, tp
core   0: 0 0x80004f40 (0x004b0eb3) x29 0x00000000
core   0: 0x80004f44 (0x00008341) c.srli  a4, 16
core   0: 0 0x80004f44 (0x8341) x14 0x0000ffff
core   0: 0x80004f46 (0x00000001) c.nop
core   0: 0 0x80004f46 (0x0001)
core   0: 0x80004f48 (0x02298633) mul     a2, s3, sp
core   0: 0 0x80004f48 (0x02298633) x12 0x7b07a4c8
core   0: 0x80004f4c (0x00008ef9) c.and   a3, a4
core   0: 0 0x80004f4c (0x8ef9) x13 0x00000000
core   0: 0x80004f4e (0x03114a63) blt     sp, a7, pc + 52
core   0: 0 0x80004f4e (0x03114a63)
core   0: 0x80004f82 (0x0ff0000f) fence   iorw,iorw
core   0: 0 0x80004f82 (0x0ff0000f)
core   0: 0x80004f86 (0x6daac813) xori    a6, s5, 1754
core   0: 0 0x80004f86 (0x6daac813) x16 0x000006da
core   0: 0x80004f8a (0x03715233) divu    tp, sp, s7
core   0: 0 0x80004f8a (0x03715233) x4  0x00000001
core   0: 0x80004f8e (0x9770c113) xori    sp, ra, -1673
core   0: 0 0x80004f8e (0x9770c113) x2  0xfffff9f7
core   0: 0x80004f92 (0x25369097) auipc   ra, 0x25369
core   0: 0 0x80004f92 (0x25369097) x1  0xa536df92
core   0: 0x80004f96 (0x03adff33) remu    t5, s11, s10
core   0: 0 0x80004f96 (0x03adff33) x30 0x00000004
core   0: 0x80004f9a (0x0000100f) fence.i
core   0: 0 0x80004f9a (0x0000100f)
core   0: 0x80004f9e (0x00000446) c.slli  s0, 17
core   0: 0 0x80004f9e (0x0446) x8  0xfbba0000
core   0: 0x80004fa0 (0x00008ee5) c.and   a3, s1
core   0: 0 0x80004fa0 (0x8ee5) x13 0x00000000
core   0: 0x80004fa2 (0x03279a63) bne     a5, s2, pc + 52
core   0: 0 0x80004fa2 (0x03279a63)
core   0: 0x80004fd6 (0x01125533) srl     a0, tp, a7
core   0: 0 0x80004fd6 (0x01125533) x10 0x00000000
core   0: 0x80004fda (0x0055beb3) sltu    t4, a1, t0
core   0: 0 0x80004fda (0x0055beb3) x29 0x00000001
core   0: 0x80004fde (0x02c00133) mul     sp, zero, a2
core   0: 0 0x80004fde (0x02c00133) x2  0x00000000
core   0: 0x80004fe2 (0x015e83b3) add     t2, t4, s5
core   0: 0 0x80004fe2 (0x015e83b3) x7  0x00000001
core   0: 0x80004fe6 (0x00008875) c.andi  s0, 29
core   0: 0 0x80004fe6 (0x8875) x8  0x00000000
core   0: 0x80004fe8 (0x2962dc37) lui     s8, 0x2962d
core   0: 0 0x80004fe8 (0x2962dc37) x24 0x2962d000
core   0: 0x80004fec (0x000012fd) c.addi  t0, -1
core   0: 0 0x80004fec (0x12fd) x5  0xfffffda6
core   0: 0x80004fee (0x01d6c763) blt     a3, t4, pc + 14
core   0: 0 0x80004fee (0x01d6c763)
core   0: 0x80004ffc (0x0000187d) c.addi  a6, -1
core   0: 0 0x80004ffc (0x187d) x16 0x000006d9
core   0: 0x80004ffe (0x01f55393) srli    t2, a0, 31
core   0: 0 0x80004ffe (0x01f55393) x7  0x00000000
core   0: 0x80005002 (0xa674a493) slti    s1, s1, -1433
core   0: 0 0x80005002 (0xa674a493) x9  0x00000000
core   0: 0x80005006 (0xeeb78e13) addi    t3, a5, -277
core   0: 0 0x80005006 (0xeeb78e13) x28 0xfffffeeb
core   0: 0x8000500a (0x02c5c733) div     a4, a1, a2
core   0: 0 0x8000500a (0x02c5c733) x14 0x00000000
core   0: 0x8000500e (0x0277b633) mulhu   a2, a5, t2
core   0: 0 0x8000500e (0x0277b633) x12 0x00000000
core   0: 0x80005012 (0xc822fd13) andi    s10, t0, -894
core   0: 0 0x80005012 (0xc822fd13) x26 0xfffffc82
core   0: 0x80005016 (0x012ed593) srli    a1, t4, 18
core   0: 0 0x80005016 (0x012ed593) x11 0x00000000
core   0: 0x8000501a (0x038bd333) divu    t1, s7, s8
core   0: 0 0x8000501a (0x038bd333) x6  0x00000003
core   0: 0x8000501e (0x005bba33) sltu    s4, s7, t0
core   0: 0 0x8000501e (0x005bba33) x20 0x00000001
core   0: 0x80005022 (0x03b913b3) mulh    t2, s2, s11
core   0: 0 0x80005022 (0x03b913b3) x7  0x00000000
core   0: 0x80005026 (0x000011fd) c.addi  gp, -1
core   0: 0 0x80005026 (0x11fd) x3  0x8002216c
core   0: 0x80005028 (0x03257a33) remu    s4, a0, s2
core   0: 0 0x80005028 (0x03257a33) x20 0x00000000
core   0: 0x8000502c (0x00000001) c.nop
core   0: 0 0x8000502c (0x0001)
core   0: 0x8000502e (0x012b0663) beq     s6, s2, pc + 12
core   0: 0 0x8000502e (0x012b0663)
core   0: 0x80005032 (0x00194763) blt     s2, ra, pc + 14
core   0: 0 0x80005032 (0x00194763)
core   0: 0x80005036 (0x00008451) c.srai  s0, 20
core   0: 0 0x80005036 (0x8451) x8  0x00000000
core   0: 0x80005038 (0x0000834d) c.srli  a4, 19
core   0: 0 0x80005038 (0x834d) x14 0x00000000
core   0: 0x8000503a (0x00ee9c13) slli    s8, t4, 14
core   0: 0 0x8000503a (0x00ee9c13) x24 0x00004000
core   0: 0x8000503e (0x00008265) c.srli  a2, 25
core   0: 0 0x8000503e (0x8265) x12 0x00000000
core   0: 0x80005040 (0x0000ce85) c.beqz  a3, pc + 56
core   0: 0 0x80005040 (0xce85)
core   0: 0x80005078 (0x00008d85) c.sub   a1, s1
core   0: 0 0x80005078 (0x8d85) x11 0x00000000
core   0: 0x8000507a (0xda769197) auipc   gp, 0xda769
core   0: 0 0x8000507a (0xda769197) x3  0x5a76e07a
core   0: 0x8000507e (0x00b47633) and     a2, s0, a1
core   0: 0 0x8000507e (0x00b47633) x12 0x00000000
core   0: 0x80005082 (0x02bbd933) divu    s2, s7, a1
core   0: 0 0x80005082 (0x02bbd933) x18 0xffffffff
core   0: 0x80005086 (0xe5c1cc13) xori    s8, gp, -420
core   0: 0 0x80005086 (0xe5c1cc13) x24 0xa5891e26
core   0: 0x8000508a (0x03d10c63) beq     sp, t4, pc + 56
core   0: 0 0x8000508a (0x03d10c63)
core   0: 0x8000508e (0x00000c72) c.slli  s8, 28
core   0: 0 0x8000508e (0x0c72) x24 0x60000000
core   0: 0x80005090 (0x02e3cf63) blt     t2, a4, pc + 62
core   0: 0 0x80005090 (0x02e3cf63)
core   0: 0x80005094 (0x00008196) c.mv    gp, t0
core   0: 0 0x80005094 (0x8196) x3  0xfffffda6
core   0: 0x80005096 (0x0ff0000f) fence   iorw,iorw
core   0: 0 0x80005096 (0x0ff0000f)
core   0: 0x8000509a (0x00008dda) c.mv    s11, s6
core   0: 0 0x8000509a (0x8dda) x27 0x00000000
core   0: 0x8000509c (0x0000c689) c.beqz  a3, pc + 10
core   0: 0 0x8000509c (0xc689)
core   0: 0x800050a6 (0x00000001) c.nop
core   0: 0 0x800050a6 (0x0001)
core   0: 0x800050a8 (0x00a39763) bne     t2, a0, pc + 14
core   0: 0 0x800050a8 (0x00a39763)
core   0: 0x800050ac (0x00008fe9) c.and   a5, a0
core   0: 0 0x800050ac (0x8fe9) x15 0x00000000
core   0: 0x800050ae (0x0079f733) and     a4, s3, t2
core   0: 0 0x800050ae (0x0079f733) x14 0x00000000
core   0: 0x800050b2 (0x54034b37) lui     s6, 0x54034
core   0: 0 0x800050b2 (0x54034b37) x22 0x54034000
core   0: 0x800050b6 (0x010f5613) srli    a2, t5, 16
core   0: 0 0x800050b6 (0x010f5613) x12 0x00000000
core   0: 0x800050ba (0x0330ad33) mulhsu  s10, ra, s3
core   0: 0 0x800050ba (0x0330ad33) x26 0xd29aaf96
core   0: 0x800050be (0x9ed4b093) sltiu   ra, s1, -1555
core   0: 0 0x800050be (0x9ed4b093) x1  0x00000001
core   0: 0x800050c2 (0x00008f06) c.mv    t5, ra
core   0: 0 0x800050c2 (0x8f06) x30 0x00000001
core   0: 0x800050c4 (0x018a3633) sltu    a2, s4, s8
core   0: 0 0x800050c4 (0x018a3633) x12 0x00000001
core   0: 0x800050c8 (0x00000001) c.nop
core   0: 0 0x800050c8 (0x0001)
core   0: 0x800050ca (0x02c2fe33) remu    t3, t0, a2
core   0: 0 0x800050ca (0x02c2fe33) x28 0x00000000
core   0: 0x800050ce (0x00008369) c.srli  a4, 26
core   0: 0 0x800050ce (0x8369) x14 0x00000000
core   0: 0x800050d0 (0x69d8bd37) lui     s10, 0x69d8b
core   0: 0 0x800050d0 (0x69d8bd37) x26 0x69d8b000
core   0: 0x800050d4 (0x00e368b3) or      a7, t1, a4
core   0: 0 0x800050d4 (0x00e368b3) x17 0x00000003
core   0: 0x800050d8 (0x00008bd6) c.mv    s7, s5
core   0: 0 0x800050d8 (0x8bd6) x23 0x00000000
core   0: 0x800050da (0x0ff0000f) fence   iorw,iorw
core   0: 0 0x800050da (0x0ff0000f)
core   0: 0x800050de (0x01bcf233) and     tp, s9, s11
core   0: 0 0x800050de (0x01bcf233) x4  0x00000000
core   0: 0x800050e2 (0x01d98363) beq     s3, t4, pc + 6
core   0: 0 0x800050e2 (0x01d98363)
core   0: 0x800050e6 (0x0000099c) c.addi4spn a5, sp, 208
core   0: 0 0x800050e6 (0x099c) x15 0x000000d0
core   0: 0x800050e8 (0xe3a9a693) slti    a3, s3, -454
core   0: 0 0x800050e8 (0xe3a9a693) x13 0x00000001
core   0: 0x800050ec (0x0006cf33) xor     t5, a3, zero
core   0: 0 0x800050ec (0x0006cf33) x30 0x00000001
core   0: 0x800050f0 (0xc08fe393) ori     t2, t6, -1016
core   0: 0 0x800050f0 (0xc08fe393) x7  0xfffffc0b
core   0: 0x800050f4 (0x02e3f063) bgeu    t2, a4, pc + 32
core   0: 0 0x800050f4 (0x02e3f063)
core   0: 0x80005114 (0xd0307793) andi    a5, zero, -765
core   0: 0 0x80005114 (0xd0307793) x15 0x00000000
core   0: 0x80005118 (0x0000100f) fence.i
core   0: 0 0x80005118 (0x0000100f)
core   0: 0x8000511c (0x01e40e63) beq     s0, t5, pc + 28
core   0: 0 0x8000511c (0x01e40e63)
core   0: 0x80005120 (0x0000100f) fence.i
core   0: 0 0x80005120 (0x0000100f)
core   0: 0x80005124 (0x0164e1b3) or      gp, s1, s6
core   0: 0 0x80005124 (0x0164e1b3) x3  0x54034000
core   0: 0x80005128 (0x02e324b3) mulhsu  s1, t1, a4
core   0: 0 0x80005128 (0x02e324b3) x9  0x00000000
core   0: 0x8000512c (0x01bdbb33) sltu    s6, s11, s11
core   0: 0 0x8000512c (0x01bdbb33) x22 0x00000000
core   0: 0x80005130 (0x033452b3) divu    t0, s0, s3
core   0: 0 0x80005130 (0x033452b3) x5  0x00000000
core   0: 0x80005134 (0x04074163) bltz    a4, pc + 66
core   0: 0 0x80005134 (0x04074163)
core   0: 0x80005138 (0x0180de63) bge     ra, s8, pc + 28
core   0: 0 0x80005138 (0x0180de63)
core   0: 0x8000513c (0x000060a5) c.lui   ra, 0x9
core   0: 0 0x8000513c (0x60a5) x1  0x00009000
core   0: 0x8000513e (0x0000c2a1) c.beqz  a3, pc + 64
core   0: 0 0x8000513e (0xc2a1)
core   0: 0x80005140 (0x000098fd) c.andi  s1, -1
core   0: 0 0x80005140 (0x98fd) x9  0x00000000
core   0: 0x80005142 (0x309a7db7) lui     s11, 0x309a7
core   0: 0 0x80005142 (0x309a7db7) x27 0x309a7000
core   0: 0x80005146 (0x00000001) c.nop
core   0: 0 0x80005146 (0x0001)
core   0: 0x80005148 (0x0026d263) bge     a3, sp, pc + 4
core   0: 0 0x80005148 (0x0026d263)
core   0: 0x8000514c (0x00b6bbb3) sltu    s7, a3, a1
core   0: 0 0x8000514c (0x00b6bbb3) x23 0x00000000
core   0: 0x80005150 (0x41e10433) sub     s0, sp, t5
core   0: 0 0x80005150 (0x41e10433) x8  0xffffffff
core   0: 0x80005154 (0x03523433) mulhu   s0, tp, s5
core   0: 0 0x80005154 (0x03523433) x8  0x00000000
core   0: 0x80005158 (0x000084a5) c.srai  s1, 9
core   0: 0 0x80005158 (0x84a5) x9  0x00000000
core   0: 0x8000515a (0x03192033) mulhsu  zero, s2, a7
core   0: 0 0x8000515a (0x03192033)
core   0: 0x8000515e (0x00711463) bne     sp, t2, pc + 8
core   0: 0 0x8000515e (0x00711463)
core   0: 0x80005166 (0x0345f333) remu    t1, a1, s4
core   0: 0 0x80005166 (0x0345f333) x6  0x00000000
core   0: 0x8000516a (0x0000c185) c.beqz  a1, pc + 32
core   0: 0 0x8000516a (0xc185)
core   0: 0x8000518a (0x02ee8133) mul     sp, t4, a4
core   0: 0 0x8000518a (0x02ee8133) x2  0x00000000
core   0: 0x8000518e (0x03387463) bgeu    a6, s3, pc + 40
core   0: 0 0x8000518e (0x03387463)
core   0: 0x80005192 (0x020bf333) remu    t1, s7, zero
core   0: 0 0x80005192 (0x020bf333) x6  0x00000000
core   0: 0x80005196 (0x000005f5) c.addi  a1, 29
core   0: 0 0x80005196 (0x05f5) x11 0x0000001d
core   0: 0x80005198 (0x0000e715) c.bnez  a4, pc + 44
core   0: 0 0x80005198 (0xe715)
core   0: 0x8000519a (0x037454b3) divu    s1, s0, s7
core   0: 0 0x8000519a (0x037454b3) x9  0xffffffff
core   0: 0x8000519e (0x41fb02b3) sub     t0, s6, t6
core   0: 0 0x8000519e (0x41fb02b3) x5  0xfffffff5
core   0: 0x800051a2 (0x00a5dbb3) srl     s7, a1, a0
core   0: 0 0x800051a2 (0x00a5dbb3) x23 0x0000001d
core   0: 0x800051a6 (0x03755233) divu    tp, a0, s7
core   0: 0 0x800051a6 (0x03755233) x4  0x00000000
core   0: 0x800051aa (0x04fbc063) blt     s7, a5, pc + 64
core   0: 0 0x800051aa (0x04fbc063)
core   0: 0x800051ae (0x00000001) c.nop
core   0: 0 0x800051ae (0x0001)
core   0: 0x800051b0 (0xa40ded93) ori     s11, s11, -1472
core   0: 0 0x800051b0 (0xa40ded93) x27 0xfffffa40
core   0: 0x800051b4 (0x0000717d) c.addi16sp sp, -16
core   0: 0 0x800051b4 (0x717d) x2  0xfffffff0
core   0: 0x800051b6 (0xc357f613) andi    a2, a5, -971
core   0: 0 0x800051b6 (0xc357f613) x12 0x00000000
core   0: 0x800051ba (0x00008bf1) c.andi  a5, 28
core   0: 0 0x800051ba (0x8bf1) x15 0x00000000
core   0: 0x800051bc (0xd0144a93) xori    s5, s0, -767
core   0: 0 0x800051bc (0xd0144a93) x21 0xfffffd01
core   0: 0x800051c0 (0x2073ba93) sltiu   s5, t2, 519
core   0: 0 0x800051c0 (0x2073ba93) x21 0x00000000
core   0: 0x800051c4 (0x00008fb1) c.xor   a5, a2
core   0: 0 0x800051c4 (0x8fb1) x15 0x00000000
core   0: 0x800051c6 (0x035fdf63) bge     t6, s5, pc + 62
core   0: 0 0x800051c6 (0x035fdf63)
core   0: 0x80005204 (0x00008dad) c.xor   a1, a1
core   0: 0 0x80005204 (0x8dad) x11 0x00000000
core   0: 0x80005206 (0x00000ea1) c.addi  t4, 8
core   0: 0 0x80005206 (0x0ea1) x29 0x00000009
core   0: 0x80005208 (0x00008e15) c.sub   a2, a3
core   0: 0 0x80005208 (0x8e15) x12 0xffffffff
core   0: 0x8000520a (0x03ecbe33) mulhu   t3, s9, t5
core   0: 0 0x8000520a (0x03ecbe33) x28 0x00000000
core   0: 0x8000520e (0x0352d133) divu    sp, t0, s5
core   0: 0 0x8000520e (0x0352d133) x2  0xffffffff
core   0: 0x80005212 (0x0ff0000f) fence   iorw,iorw
core   0: 0 0x80005212 (0x0ff0000f)
core   0: 0x80005216 (0x00aad663) bge     s5, a0, pc + 12
core   0: 0 0x80005216 (0x00aad663)
core   0: 0x80005222 (0x02389ab3) mulh    s5, a7, gp
core   0: 0 0x80005222 (0x02389ab3) x21 0x00000000
core   0: 0x80005226 (0x03220433) mul     s0, tp, s2
core   0: 0 0x80005226 (0x03220433) x8  0x00000000
core   0: 0x8000522a (0x74198d13) addi    s10, s3, 1857
core   0: 0 0x8000522a (0x74198d13) x26 0x80022539
core   0: 0x8000522e (0x00008809) c.andi  s0, 2
core   0: 0 0x8000522e (0x8809) x8  0x00000000
core   0: 0x80005230 (0x0000100f) fence.i
core   0: 0 0x80005230 (0x0000100f)
core   0: 0x80005234 (0x0168d693) srli    a3, a7, 22
core   0: 0 0x80005234 (0x0168d693) x13 0x00000000
core   0: 0x80005238 (0x00004475) c.li    s0, 29
core   0: 0 0x80005238 (0x4475) x8  0x0000001d
core   0: 0x8000523a (0x00008dd5) c.or    a1, a3
core   0: 0 0x8000523a (0x8dd5) x11 0x00000000
core   0: 0x8000523c (0x02e1a4b3) mulhsu  s1, gp, a4
core   0: 0 0x8000523c (0x02e1a4b3) x9  0x00000000
core   0: 0x80005240 (0x00471a13) slli    s4, a4, 4
core   0: 0 0x80005240 (0x00471a13) x20 0x00000000
core   0: 0x80005244 (0x00000001) c.nop
core   0: 0 0x80005244 (0x0001)
core   0: 0x80005246 (0x00008d3d) c.xor   a0, a5
core   0: 0 0x80005246 (0x8d3d) x10 0x00000000
core   0: 0x80005248 (0x036f5333) divu    t1, t5, s6
core   0: 0 0x80005248 (0x036f5333) x6  0xffffffff
core   0: 0x8000524c (0xea9db693) sltiu   a3, s11, -343
core   0: 0 0x8000524c (0xea9db693) x13 0x00000001
core   0: 0x80005250 (0x184c0413) addi    s0, s8, 388
core   0: 0 0x80005250 (0x184c0413) x8  0x60000184
core   0: 0x80005254 (0xc3650a93) addi    s5, a0, -970
core   0: 0 0x80005254 (0xc3650a93) x21 0xfffffc36
core   0: 0x80005258 (0x02b6fb63) bgeu    a3, a1, pc + 54
core   0: 0 0x80005258 (0x02b6fb63)
core   0: 0x8000528e (0x00000001) c.nop
core   0: 0 0x8000528e (0x0001)
core   0: 0x80005290 (0x00d16863) bltu    sp, a3, pc + 16
core   0: 0 0x80005290 (0x00d16863)
core   0: 0x80005294 (0xd8a02d93) slti    s11, zero, -630
core   0: 0 0x80005294 (0xd8a02d93) x27 0x00000000
core   0: 0x80005298 (0x6a44f713) andi    a4, s1, 1700
core   0: 0 0x80005298 (0x6a44f713) x14 0x00000000
core   0: 0x8000529c (0x02e583b3) mul     t2, a1, a4
core   0: 0 0x8000529c (0x02e583b3) x7  0x00000000
core   0: 0x800052a0 (0xfa920513) addi    a0, tp, -87
core   0: 0 0x800052a0 (0xfa920513) x10 0xffffffa9
core   0: 0x800052a4 (0x463b8d93) addi    s11, s7, 1123
core   0: 0 0x800052a4 (0x463b8d93) x27 0x00000480
core   0: 0x800052a8 (0x00c292b3) sll     t0, t0, a2
core   0: 0 0x800052a8 (0x00c292b3) x5  0x80000000
core   0: 0x800052ac (0x01cd1563) bne     s10, t3, pc + 10
core   0: 0 0x800052ac (0x01cd1563)
core   0: 0x800052b6 (0x0000100f) fence.i
core   0: 0 0x800052b6 (0x0000100f)
core   0: 0x800052ba (0x0ff0000f) fence   iorw,iorw
core   0: 0 0x800052ba (0x0ff0000f)
core   0: 0x800052be (0x02268833) mul     a6, a3, sp
core   0: 0 0x800052be (0x02268833) x16 0xffffffff
core   0: 0x800052c2 (0x00008db9) c.xor   a1, a4
core   0: 0 0x800052c2 (0x8db9) x11 0x00000000
core   0: 0x800052c4 (0x00008f45) c.or    a4, s1
core   0: 0 0x800052c4 (0x8f45) x14 0x00000000
core   0: 0x800052c6 (0x00000108) c.addi4spn a0, sp, 128
core   0: 0 0x800052c6 (0x0108) x10 0x0000007f
core   0: 0x800052c8 (0x00000f62) c.slli  t5, 24
core   0: 0 0x800052c8 (0x0f62) x30 0x01000000
core   0: 0x800052ca (0x0102b333) sltu    t1, t0, a6
core   0: 0 0x800052ca (0x0102b333) x6  0x00000001
core   0: 0x800052ce (0x00008fe5) c.and   a5, s1
core   0: 0 0x800052ce (0x8fe5) x15 0x00000000
core   0: 0x800052d0 (0x02e25763) bge     tp, a4, pc + 46
core   0: 0 0x800052d0 (0x02e25763)
core   0: 0x800052fe (0x035f15b3) mulh    a1, t5, s5
core   0: 0 0x800052fe (0x035f15b3) x11 0xfffffffc
core   0: 0x80005302 (0x00000998) c.addi4spn a4, sp, 208
core   0: 0 0x80005302 (0x0998) x14 0x000000cf
core   0: 0x80005304 (0x0010e2b3) or      t0, ra, ra
core   0: 0 0x80005304 (0x0010e2b3) x5  0x00009000
core   0: 0x80005308 (0x0000c789) c.beqz  a5, pc + 10
core   0: 0 0x80005308 (0xc789)
core   0: 0x80005312 (0x0000100f) fence.i
core   0: 0 0x80005312 (0x0000100f)
core   0: 0x80005316 (0x03828c63) beq     t0, s8, pc + 56
core   0: 0 0x80005316 (0x03828c63)
core   0: 0x8000531a (0x034e51b3) divu    gp, t3, s4
core   0: 0 0x8000531a (0x034e51b3) x3  0xffffffff
core   0: 0x8000531e (0x016a6033) or      zero, s4, s6
core   0: 0 0x8000531e (0x016a6033)
core   0: 0x80005322 (0x03b296b3) mulh    a3, t0, s11
core   0: 0 0x80005322 (0x03b296b3) x13 0x00000000
core   0: 0x80005326 (0x0184c8b3) xor     a7, s1, s8
core   0: 0 0x80005326 (0x0184c8b3) x17 0x60000000
core   0: 0x8000532a (0x00f17433) and     s0, sp, a5
core   0: 0 0x8000532a (0x00f17433) x8  0x00000000
core   0: 0x8000532e (0x05bb9363) bne     s7, s11, pc + 70
core   0: 0 0x8000532e (0x05bb9363)
core   0: 0x80005374 (0x001b1b93) slli    s7, s6, 1
core   0: 0 0x80005374 (0x001b1b93) x23 0x00000000
core   0: 0x80005378 (0x00008ba5) c.andi  a5, 9
core   0: 0 0x80005378 (0x8ba5) x15 0x00000000
core   0: 0x8000537a (0x0000e51d) c.bnez  a0, pc + 46
core   0: 0 0x8000537a (0xe51d)
core   0: 0x800053a8 (0x00009a6e) c.add   s4, s11
core   0: 0 0x800053a8 (0x9a6e) x20 0x00000480
core   0: 0x800053aa (0x00008ebd) c.xor   a3, a5
core   0: 0 0x800053aa (0x8ebd) x13 0x00000000
core   0: 0x800053ac (0xa58c6913) ori     s2, s8, -1448
core   0: 0 0x800053ac (0xa58c6913) x18 0xfffffa58
core   0: 0x800053b0 (0x036322b3) mulhsu  t0, t1, s6
core   0: 0 0x800053b0 (0x036322b3) x5  0x00000000
core   0: 0x800053b4 (0x00a1ebb3) or      s7, gp, a0
core   0: 0 0x800053b4 (0x00a1ebb3) x23 0xffffffff
core   0: 0x800053b8 (0x01ef4563) blt     t5, t5, pc + 10
core   0: 0 0x800053b8 (0x01ef4563)
core   0: 0x800053bc (0x41e7da93) srai    s5, a5, 30
core   0: 0 0x800053bc (0x41e7da93) x21 0x00000000
core   0: 0x800053c0 (0x00008ac2) c.mv    s5, a6
core   0: 0 0x800053c0 (0x8ac2) x21 0xffffffff
core   0: 0x800053c2 (0x41620ab3) sub     s5, tp, s6
core   0: 0 0x800053c2 (0x41620ab3) x21 0x00000000
core   0: 0x800053c6 (0x000099fd) c.andi  a1, -1
core   0: 0 0x800053c6 (0x99fd) x11 0xfffffffc
core   0: 0x800053c8 (0x0000c609) c.beqz  a2, pc + 10
core   0: 0 0x800053c8 (0xc609)
core   0: 0x800053ca (0x00d3f3b3) and     t2, t2, a3
core   0: 0 0x800053ca (0x00d3f3b3) x7  0x00000000
core   0: 0x800053ce (0x31987813) andi    a6, a6, 793
core   0: 0 0x800053ce (0x31987813) x16 0x00000319
core   0: 0x800053d2 (0x36c598b7) lui     a7, 0x36c59
core   0: 0 0x800053d2 (0x36c598b7) x17 0x36c59000
core   0: 0x800053d6 (0x8a65c193) xori    gp, a1, -1882
core   0: 0 0x800053d6 (0x8a65c193) x3  0x0000075a
core   0: 0x800053da (0x00008949) c.andi  a0, 18
core   0: 0 0x800053da (0x8949) x10 0x00000012
core   0: 0x800053dc (0x02716033) rem     zero, sp, t2
core   0: 0 0x800053dc (0x02716033)
core   0: 0x800053e0 (0x0ff0000f) fence   iorw,iorw
core   0: 0 0x800053e0 (0x0ff0000f)
core   0: 0x800053e4 (0x00008fd1) c.or    a5, a2
core   0: 0 0x800053e4 (0x8fd1) x15 0xffffffff
core   0: 0x800053e6 (0x00008ffd) c.and   a5, a5
core   0: 0 0x800053e6 (0x8ffd) x15 0xffffffff
core   0: 0x800053e8 (0x035e5533) divu    a0, t3, s5
core   0: 0 0x800053e8 (0x035e5533) x10 0xffffffff
core   0: 0x800053ec (0x03e4f433) remu    s0, s1, t5
core   0: 0 0x800053ec (0x03e4f433) x8  0x00000000
core   0: 0x800053f0 (0x01f65813) srli    a6, a2, 31
core   0: 0 0x800053f0 (0x01f65813) x16 0x00000001
core   0: 0x800053f4 (0x41a8d893) srai    a7, a7, 26
core   0: 0 0x800053f4 (0x41a8d893) x17 0x0000000d
core   0: 0x800053f8 (0x410fda33) sra     s4, t6, a6
core   0: 0 0x800053f8 (0x410fda33) x20 0x00000005
core   0: 0x800053fc (0x00000001) c.nop
core   0: 0 0x800053fc (0x0001)
core   0: 0x800053fe (0x0291d433) divu    s0, gp, s1
core   0: 0 0x800053fe (0x0291d433) x8  0xffffffff
core   0: 0x80005402 (0x0000187d) c.addi  a6, -1
core   0: 0 0x80005402 (0x187d) x16 0x00000000
core   0: 0x80005404 (0x000086a5) c.srai  a3, 9
core   0: 0 0x80005404 (0x86a5) x13 0x00000000
core   0: 0x80005406 (0x00000001) c.nop
core   0: 0 0x80005406 (0x0001)
core   0: 0x80005408 (0x0ff0000f) fence   iorw,iorw
core   0: 0 0x80005408 (0x0ff0000f)
core   0: 0x8000540c (0x003ee833) or      a6, t4, gp
core   0: 0 0x8000540c (0x003ee833) x16 0x0000075b
core   0: 0x80005410 (0x00008cd1) c.or    s1, a2
core   0: 0 0x80005410 (0x8cd1) x9  0xffffffff
core   0: 0x80005412 (0x0000079c) c.addi4spn a5, sp, 960
core   0: 0 0x80005412 (0x079c) x15 0x000003bf
core   0: 0x80005414 (0x0178ae33) slt     t3, a7, s7
core   0: 0 0x80005414 (0x0178ae33) x28 0x00000000
core   0: 0x80005418 (0x000003f5) c.addi  t2, 29
core   0: 0 0x80005418 (0x03f5) x7  0x0000001d
core   0: 0x8000541a (0x2857fd93) andi    s11, a5, 645
core   0: 0 0x8000541a (0x2857fd93) x27 0x00000285
core   0: 0x8000541e (0x00ec1e33) sll     t3, s8, a4
core   0: 0 0x8000541e (0x00ec1e33) x28 0x00000000
core   0: 0x80005422 (0x00eb93b3) sll     t2, s7, a4
core   0: 0 0x80005422 (0x00eb93b3) x7  0xffff8000
core   0: 0x80005426 (0x0000948a) c.add   s1, sp
core   0: 0 0x80005426 (0x948a) x9  0xfffffffe
core   0: 0x80005428 (0x411486b3) sub     a3, s1, a7
core   0: 0 0x80005428 (0x411486b3) x13 0xfffffff1
core   0: 0x8000542c (0x00006159) c.addi16sp sp, 400
core   0: 0 0x8000542c (0x6159) x2  0x0000018f
core   0: 0x8000542e (0x02ce9eb3) mulh    t4, t4, a2
core   0: 0 0x8000542e (0x02ce9eb3) x29 0xffffffff
core   0: 0x80005432 (0x00008e61) c.and   a2, s0
core   0: 0 0x80005432 (0x8e61) x12 0xffffffff
core   0: 0x80005434 (0x03942133) mulhsu  sp, s0, s9
core   0: 0 0x80005434 (0x03942133) x2  0xffffffff
core   0: 0x80005438 (0x035136b3) mulhu   a3, sp, s5
core   0: 0 0x80005438 (0x035136b3) x13 0x00000000
core   0: 0x8000543c (0x000007fe) c.slli  a5, 31
core   0: 0 0x8000543c (0x07fe) x15 0x80000000
core   0: 0x8000543e (0x2b50b3b7) lui     t2, 0x2b50b
core   0: 0 0x8000543e (0x2b50b3b7) x7  0x2b50b000
core   0: 0x80005442 (0x9ad6dab7) lui     s5, 0x9ad6d
core   0: 0 0x80005442 (0x9ad6dab7) x21 0x9ad6d000
core   0: 0x80005446 (0x0000100f) fence.i
core   0: 0 0x80005446 (0x0000100f)
core   0: 0x8000544a (0x0243f163) bgeu    t2, tp, pc + 34
core   0: 0 0x8000544a (0x0243f163)
core   0: 0x8000546c (0x01b91833) sll     a6, s2, s11
core   0: 0 0x8000546c (0x01b91833) x16 0xffff4b00
core   0: 0x80005470 (0xebaa8193) addi    gp, s5, -326
core   0: 0 0x80005470 (0xebaa8193) x3  0x9ad6ceba
core   0: 0x80005474 (0x035010b3) mulh    ra, zero, s5
core   0: 0 0x80005474 (0x035010b3) x1  0x00000000
core   0: 0x80005478 (0x02bfb1b3) mulhu   gp, t6, a1
core   0: 0 0x80005478 (0x02bfb1b3) x3  0x0000000a
core   0: 0x8000547c (0x00008299) c.srli  a3, 6
core   0: 0 0x8000547c (0x8299) x13 0x00000000
core   0: 0x8000547e (0x0000e039) c.bnez  s0, pc + 70
core   0: 0 0x8000547e (0xe039)
core   0: 0x800054c4 (0x0000ca8d) c.beqz  a3, pc + 50
core   0: 0 0x800054c4 (0xca8d)
core   0: 0x800054f6 (0x00006afd) c.lui   s5, 0x1f
core   0: 0 0x800054f6 (0x6afd) x21 0x0001f000
core   0: 0x800054f8 (0x02304f63) blt     zero, gp, pc + 62
core   0: 0 0x800054f8 (0x02304f63)
core   0: 0x80005536 (0x00000001) c.nop
core   0: 0 0x80005536 (0x0001)
core   0: 0x80005538 (0x00b1dab3) srl     s5, gp, a1
core   0: 0 0x80005538 (0x00b1dab3) x21 0x00000000
core   0: 0x8000553c (0x00008096) c.mv    ra, t0
core   0: 0 0x8000553c (0x8096) x1  0x00000000
core   0: 0x8000553e (0x0ff0000f) fence   iorw,iorw
core   0: 0 0x8000553e (0x0ff0000f)
core   0: 0x80005542 (0x12e80013) addi    zero, a6, 302
core   0: 0 0x80005542 (0x12e80013)
core   0: 0x80005546 (0x00bf6c63) bltu    t5, a1, pc + 24
core   0: 0 0x80005546 (0x00bf6c63)
core   0: 0x8000555e (0xfdffac13) slti    s8, t6, -33
core   0: 0 0x8000555e (0xfdffac13) x24 0x00000000
core   0: 0x80005562 (0x00008d35) c.xor   a0, a3
core   0: 0 0x80005562 (0x8d35) x10 0xffffffff
core   0: 0x80005564 (0x03bb6db3) rem     s11, s6, s11
core   0: 0 0x80005564 (0x03bb6db3) x27 0x00000000
core   0: 0x80005568 (0x00008add) c.andi  a3, 23
core   0: 0 0x80005568 (0x8add) x13 0x00000000
core   0: 0x8000556a (0x027ef163) bgeu    t4, t2, pc + 34
core   0: 0 0x8000556a (0x027ef163)
core   0: 0x8000558c (0x03d4a3b3) mulhsu  t2, s1, t4
core   0: 0 0x8000558c (0x03d4a3b3) x7  0xfffffffe
core   0: 0x80005590 (0xb5edc193) xori    gp, s11, -1186
core   0: 0 0x80005590 (0xb5edc193) x3  0xfffffb5e
core   0: 0x80005594 (0x00005b7d) c.li    s6, -1
core   0: 0 0x80005594 (0x5b7d) x22 0xffffffff
core   0: 0x80005596 (0x031b2233) mulhsu  tp, s6, a7
core   0: 0 0x80005596 (0x031b2233) x4  0xffffffff
core   0: 0x8000559a (0x00ce9563) bne     t4, a2, pc + 10
core   0: 0 0x8000559a (0x00ce9563)
core   0: 0x8000559e (0x01a8bab3) sltu    s5, a7, s10
core   0: 0 0x8000559e (0x01a8bab3) x21 0x00000001
core   0: 0x800055a2 (0x00000001) c.nop
core   0: 0 0x800055a2 (0x0001)
core   0: 0x800055a4 (0x00005b7d) c.li    s6, -1
core   0: 0 0x800055a4 (0x5b7d) x22 0xffffffff
core   0: 0x800055a6 (0x018fceb3) xor     t4, t6, s8
core   0: 0 0x800055a6 (0x018fceb3) x29 0x0000000b
core   0: 0x800055aa (0x00d688b3) add     a7, a3, a3
core   0: 0 0x800055aa (0x00d688b3) x17 0x00000000
core   0: 0x800055ae (0x01a4e633) or      a2, s1, s10
core   0: 0 0x800055ae (0x01a4e633) x12 0xffffffff
core   0: 0x800055b2 (0x40730db3) sub     s11, t1, t2
core   0: 0 0x800055b2 (0x40730db3) x27 0x00000003
core   0: 0x800055b6 (0x01912e33) slt     t3, sp, s9
core   0: 0 0x800055b6 (0x01912e33) x28 0x00000000
core   0: 0x800055ba (0x0000177d) c.addi  a4, -1
core   0: 0 0x800055ba (0x177d) x14 0x000000ce
core   0: 0x800055bc (0x00008f2d) c.xor   a4, a1
core   0: 0 0x800055bc (0x8f2d) x14 0xffffff32
core   0: 0x800055be (0x02986863) bltu    a6, s1, pc + 48
core   0: 0 0x800055be (0x02986863)
core   0: 0x800055ee (0x01db98b3) sll     a7, s7, t4
core   0: 0 0x800055ee (0x01db98b3) x17 0xfffff800
core   0: 0x800055f2 (0x000bfeb3) and     t4, s7, zero
core   0: 0 0x800055f2 (0x000bfeb3) x29 0x00000000
core   0: 0x800055f6 (0x00b57763) bgeu    a0, a1, pc + 14
core   0: 0 0x800055f6 (0x00b57763)
core   0: 0x80005604 (0x0371f433) remu    s0, gp, s7
core   0: 0 0x80005604 (0x0371f433) x8  0xfffffb5e
core   0: 0x80005608 (0x0206a0b3) mulhsu  ra, a3, zero
core   0: 0 0x80005608 (0x0206a0b3) x1  0x00000000
core   0: 0x8000560c (0x5c1de113) ori     sp, s11, 1473
core   0: 0 0x8000560c (0x5c1de113) x2  0x000005c3
core   0: 0x80005610 (0x000014fd) c.addi  s1, -1
core   0: 0 0x80005610 (0x14fd) x9  0xfffffffd
core   0: 0x80005612 (0xec717293) andi    t0, sp, -313
core   0: 0 0x80005612 (0xec717293) x5  0x000004c3
core   0: 0x80005616 (0x029fb633) mulhu   a2, t6, s1
core   0: 0 0x80005616 (0x029fb633) x12 0x0000000a
core   0: 0x8000561a (0x00000001) c.nop
core   0: 0 0x8000561a (0x0001)
core   0: 0x8000561c (0x00008161) c.srli  a0, 24
core   0: 0 0x8000561c (0x8161) x10 0x000000ff
core   0: 0x8000561e (0x0000717d) c.addi16sp sp, -16
core   0: 0 0x8000561e (0x717d) x2  0x000005b3
core   0: 0x80005620 (0x00008475) c.srai  s0, 29
core   0: 0 0x80005620 (0x8475) x8  0xffffffff
core   0: 0x80005622 (0x15fe1197) auipc   gp, 0x15fe1
core   0: 0 0x80005622 (0x15fe1197) x3  0x95fe6622
core   0: 0x80005626 (0x01b60c33) add     s8, a2, s11
core   0: 0 0x80005626 (0x01b60c33) x24 0x0000000d
core   0: 0x8000562a (0x1ce8ed93) ori     s11, a7, 462
core   0: 0 0x8000562a (0x1ce8ed93) x27 0xfffff9ce
core   0: 0x8000562e (0x029731b3) mulhu   gp, a4, s1
core   0: 0 0x8000562e (0x029731b3) x3  0xffffff2f
core   0: 0x80005632 (0x00000f3e) c.slli  t5, 15
core   0: 0 0x80005632 (0x0f3e) x30 0x00000000
core   0: 0x80005634 (0x00000c00) c.addi4spn s0, sp, 528
core   0: 0 0x80005634 (0x0c00) x8  0x000007c3
core   0: 0x80005636 (0x0076d113) srli    sp, a3, 7
core   0: 0 0x80005636 (0x0076d113) x2  0x00000000
core   0: 0x8000563a (0x036711b3) mulh    gp, a4, s6
core   0: 0 0x8000563a (0x036711b3) x3  0x00000000
core   0: 0x8000563e (0x008afc33) and     s8, s5, s0
core   0: 0 0x8000563e (0x008afc33) x24 0x00000001
core   0: 0x80005642 (0x00008f7d) c.and   a4, a5
core   0: 0 0x80005642 (0x8f7d) x14 0x80000000
core   0: 0x80005644 (0x0722f713) andi    a4, t0, 114
core   0: 0 0x80005644 (0x0722f713) x14 0x00000042
core   0: 0x80005648 (0x00008c09) c.sub   s0, a0
core   0: 0 0x80005648 (0x8c09) x8  0x000006c4
core   0: 0x8000564a (0x0049a603) lw      a2, 4(s3)
core   0: 0 0x8000564a (0x0049a603) x12 0x800057d0 mem 0x80021dfc
core   0: 0x8000564e (0x000009f1) c.addi  s3, 28
core   0: 0 0x8000564e (0x09f1) x19 0x80021e14
core   0: 0x80005650 (0x00000386) c.slli  t2, 1
core   0: 0 0x80005650 (0x0386) x7  0xfffffffc
core   0: 0x80005652 (0x00060f13) mv      t5, a2
core   0: 0 0x80005652 (0x00060f13) x30 0x800057d0
core   0: 0x80005656 (0x00008f02) c.jr    t5
core   0: 0 0x80005656 (0x8f02)
core   0: 0x800057d0 (0x000085fd) c.srai  a1, 31
core   0: 0 0x800057d0 (0x85fd) x11 0xffffffff
core   0: 0x800057d2 (0x4a322893) slti    a7, tp, 1187
core   0: 0 0x800057d2 (0x4a322893) x17 0x00000001
core   0: 0x800057d6 (0x00004391) c.li    t2, 4
core   0: 0 0x800057d6 (0x4391) x7  0x00000004
core   0: 0x800057d8 (0x02d720b3) mulhsu  ra, a4, a3
core   0: 0 0x800057d8 (0x02d720b3) x1  0x00000000
core   0: 0x800057dc (0x037ef663) bgeu    t4, s7, pc + 44
core   0: 0 0x800057dc (0x037ef663)
core   0: 0x800057e0 (0x0281cf33) div     t5, gp, s0
core   0: 0 0x800057e0 (0x0281cf33) x30 0x00000000
core   0: 0x800057e4 (0x3c45b113) sltiu   sp, a1, 964
core   0: 0 0x800057e4 (0x3c45b113) x2  0x00000000
core   0: 0x800057e8 (0x00008d85) c.sub   a1, s1
core   0: 0 0x800057e8 (0x8d85) x11 0x00000002
core   0: 0x800057ea (0x011eb4b3) sltu    s1, t4, a7
core   0: 0 0x800057ea (0x011eb4b3) x9  0x00000001
core   0: 0x800057ee (0x000041c5) c.li    gp, 17
core   0: 0 0x800057ee (0x41c5) x3  0x00000011
core   0: 0x800057f0 (0x00008bb1) c.andi  a5, 12
core   0: 0 0x800057f0 (0x8bb1) x15 0x00000000
core   0: 0x800057f2 (0x00000122) c.slli  sp, 8
core   0: 0 0x800057f2 (0x0122) x2  0x00000000
core   0: 0x800057f4 (0x019b1563) bne     s6, s9, pc + 10
core   0: 0 0x800057f4 (0x019b1563)
core   0: 0x800057fe (0x02e7fdb3) remu    s11, a5, a4
core   0: 0 0x800057fe (0x02e7fdb3) x27 0x00000000
core   0: 0x80005802 (0x011684b3) add     s1, a3, a7
core   0: 0 0x80005802 (0x011684b3) x9  0x00000001
core   0: 0x80005806 (0x00008e7d) c.and   a2, a5
core   0: 0 0x80005806 (0x8e7d) x12 0x00000000
core   0: 0x80005808 (0x0000147d) c.addi  s0, -1
core   0: 0 0x80005808 (0x147d) x8  0x000006c3
core   0: 0x8000580a (0x02fac5b3) div     a1, s5, a5
core   0: 0 0x8000580a (0x02fac5b3) x11 0xffffffff
core   0: 0x8000580e (0xfdeb77b7) lui     a5, 0xfdeb7
core   0: 0 0x8000580e (0xfdeb77b7) x15 0xfdeb7000
core   0: 0x80005812 (0x00008f6d) c.and   a4, a1
core   0: 0 0x80005812 (0x8f6d) x14 0x00000042
core   0: 0x80005814 (0x0000127d) c.addi  tp, -1
core   0: 0 0x80005814 (0x127d) x4  0xfffffffe
core   0: 0x80005816 (0x0049a603) lw      a2, 4(s3)
core   0: 0 0x80005816 (0x0049a603) x12 0x80005872 mem 0x80021e18
core   0: 0x8000581a (0x00941a13) slli    s4, s0, 9
core   0: 0 0x8000581a (0x00941a13) x20 0x000d8600
core   0: 0x8000581e (0x010128b3) slt     a7, sp, a6
core   0: 0 0x8000581e (0x010128b3) x17 0x00000000
core   0: 0x80005822 (0x02498993) addi    s3, s3, 36
core   0: 0 0x80005822 (0x02498993) x19 0x80021e38
core   0: 0x80005826 (0x000004ba) c.slli  s1, 14
core   0: 0 0x80005826 (0x04ba) x9  0x00004000
core   0: 0x80005828 (0x00160b93) addi    s7, a2, 1
core   0: 0 0x80005828 (0x00160b93) x23 0x80005873
core   0: 0x8000582c (0x000b8be7) jalr    s7, s7, 0
core   0: 0 0x8000582c (0x000b8be7) x23 0x80005830
core   0: 0x80005872 (0x023c2d33) mulhsu  s10, s8, gp
core   0: 0 0x80005872 (0x023c2d33) x26 0x00000000
core   0: 0x80005876 (0x01dad093) srli    ra, s5, 29
core   0: 0 0x80005876 (0x01dad093) x1  0x00000000
core   0: 0x8000587a (0x4054d1b3) sra     gp, s1, t0
core   0: 0 0x8000587a (0x4054d1b3) x3  0x00000800
core   0: 0x8000587e (0x00006ae9) c.lui   s5, 0x1a
core   0: 0 0x8000587e (0x6ae9) x21 0x0001a000
core   0: 0x80005880 (0x000086d9) c.srai  a3, 22
core   0: 0 0x80005880 (0x86d9) x13 0x00000000
core   0: 0x80005882 (0x51ffb0b7) lui     ra, 0x51ffb
core   0: 0 0x80005882 (0x51ffb0b7) x1  0x51ffb000
core   0: 0x80005886 (0xf19ff66f) jal     a2, pc - 0xe8
core   0: 0 0x80005886 (0xf19ff66f) x12 0x8000588a
core   0: 0x8000579e (0x0083e463) bltu    t2, s0, pc + 8
core   0: 0 0x8000579e (0x0083e463)
core   0: 0x800057a6 (0xfdc98993) addi    s3, s3, -36
core   0: 0 0x800057a6 (0xfdc98993) x19 0x80021e14
core   0: 0x800057aa (0x00c9a223) sw      a2, 4(s3)
core   0: 0 0x800057aa (0x00c9a223) mem 0x80021e18 0x8000588a
core   0: 0x800057ae (0x00000222) c.slli  tp, 8
core   0: 0 0x800057ae (0x0222) x4  0xfffffe00
core   0: 0x800057b0 (0xdacff893) andi    a7, t6, -596
core   0: 0 0x800057b0 (0xdacff893) x17 0x00000008
core   0: 0x800057b4 (0x0000100f) fence.i
core   0: 0 0x800057b4 (0x0000100f)
core   0: 0x800057b8 (0x00000001) c.nop
core   0: 0 0x800057b8 (0x0001)
core   0: 0x800057ba (0x00008c39) c.xor   s0, a4
core   0: 0 0x800057ba (0x8c39) x8  0x00000681
core   0: 0x800057bc (0x032037b3) mulhu   a5, zero, s2
core   0: 0 0x800057bc (0x032037b3) x15 0x00000000
core   0: 0x800057c0 (0x0313e3b3) rem     t2, t2, a7
core   0: 0 0x800057c0 (0x0313e3b3) x7  0x00000004
core   0: 0x800057c4 (0x40a45013) srai    zero, s0, 10
core   0: 0 0x800057c4 (0x40a45013)
core   0: 0x800057c8 (0x021167b3) rem     a5, sp, ra
core   0: 0 0x800057c8 (0x021167b3) x15 0x00000000
core   0: 0x800057cc (0xef7fd66f) jal     a2, pc - 0x210a
core   0: 0 0x800057cc (0xef7fd66f) x12 0x800057d0
core   0: 0x800036c2 (0x00008c61) c.and   s0, s0
core   0: 0 0x800036c2 (0x8c61) x8  0x00000681
core   0: 0x800036c4 (0x9ade6513) ori     a0, t3, -1619
core   0: 0 0x800036c4 (0x9ade6513) x10 0xfffff9ad
core   0: 0x800036c8 (0x0301b133) mulhu   sp, gp, a6
core   0: 0 0x800036c8 (0x0301b133) x2  0x000007ff
core   0: 0x800036cc (0x00001991) c.addi  s3, -28
core   0: 0 0x800036cc (0x1991) x19 0x80021df8
core   0: 0x800036ce (0x21ec2b13) slti    s6, s8, 542
core   0: 0 0x800036ce (0x21ec2b13) x22 0x00000001
core   0: 0x800036d2 (0x00e81d33) sll     s10, a6, a4
core   0: 0 0x800036d2 (0x00e81d33) x26 0xfffd2c00
core   0: 0x800036d6 (0x00c9a223) sw      a2, 4(s3)
core   0: 0 0x800036d6 (0x00c9a223) mem 0x80021dfc 0x800057d0
core   0: 0x800036da (0x00000da6) c.slli  s11, 9
core   0: 0 0x800036da (0x0da6) x27 0x00000000
core   0: 0x800036dc (0x9f66b493) sltiu   s1, a3, -1546
core   0: 0 0x800036dc (0x9f66b493) x9  0x00000001
core   0: 0x800036e0 (0x020ed033) divu    zero, t4, zero
core   0: 0 0x800036e0 (0x020ed033)
core   0: 0x800036e4 (0x00a4b733) sltu    a4, s1, a0
core   0: 0 0x800036e4 (0x00a4b733) x14 0x00000001
core   0: 0x800036e8 (0x000082e2) c.mv    t0, s8
core   0: 0 0x800036e8 (0x82e2) x5  0x00000001
core   0: 0x800036ea (0x00008fdd) c.or    a5, a5
core   0: 0 0x800036ea (0x8fdd) x15 0x00000000
core   0: 0x800036ec (0x0007f963) bgeu    a5, zero, pc + 18
core   0: 0 0x800036ec (0x0007f963)
core   0: 0x800036fe (0x0ff0000f) fence   iorw,iorw
core   0: 0 0x800036fe (0x0ff0000f)
core   0: 0x80003702 (0x03101233) mulh    tp, zero, a7
core   0: 0 0x80003702 (0x03101233) x4  0x00000000
core   0: 0x80003706 (0x035af433) remu    s0, s5, s5
core   0: 0 0x80003706 (0x035af433) x8  0x00000000
core   0: 0x8000370a (0x0000127d) c.addi  tp, -1
core   0: 0 0x8000370a (0x127d) x4  0xffffffff
core   0: 0x8000370c (0x00008c39) c.xor   s0, a4
core   0: 0 0x8000370c (0x8c39) x8  0x00000001
core   0: 0x8000370e (0xe3cd0a13) addi    s4, s10, -452
core   0: 0 0x8000370e (0xe3cd0a13) x20 0xfffd2a3c
core   0: 0x80003712 (0x02f24d33) div     s10, tp, a5
core   0: 0 0x80003712 (0x02f24d33) x26 0xffffffff
core   0: 0x80003716 (0x00000001) c.nop
core   0: 0 0x80003716 (0x0001)
core   0: 0x80003718 (0x6f7b67b7) lui     a5, 0x6f7b6
core   0: 0 0x80003718 (0x6f7b67b7) x15 0x6f7b6000
core   0: 0x8000371c (0x00009afd) c.andi  a3, -1
core   0: 0 0x8000371c (0x9afd) x13 0x00000000
core   0: 0x8000371e (0x000088bd) c.andi  s1, 15
core   0: 0 0x8000371e (0x88bd) x9  0x00000001
core   0: 0x80003720 (0x40915133) sra     sp, sp, s1
core   0: 0 0x80003720 (0x40915133) x2  0x000003ff
core   0: 0x80003724 (0x0000ea81) c.bnez  a3, pc + 16
core   0: 0 0x80003724 (0xea81)
core   0: 0x80003726 (0x02c50333) mul     t1, a0, a2
core   0: 0 0x80003726 (0x02c50333) x6  0x7dd4a790
core   0: 0x8000372a (0x00008c79) c.and   s0, a4
core   0: 0 0x8000372a (0x8c79) x8  0x00000001
core   0: 0x8000372c (0x028c0c63) beq     s8, s0, pc + 56
core   0: 0 0x8000372c (0x028c0c63)
core   0: 0x80003764 (0x03cd4163) blt     s10, t3, pc + 34
core   0: 0 0x80003764 (0x03cd4163)
core   0: 0x80003786 (0x03a3a933) mulhsu  s2, t2, s10
core   0: 0 0x80003786 (0x03a3a933) x18 0x00000003
core   0: 0x8000378a (0x047ef463) bgeu    t4, t2, pc + 72
core   0: 0 0x8000378a (0x047ef463)
core   0: 0x8000378e (0x0000c699) c.beqz  a3, pc + 14
core   0: 0 0x8000378e (0xc699)
core   0: 0x8000379c (0x00008e21) c.xor   a2, s0
core   0: 0 0x8000379c (0x8e21) x12 0x800057d1
core   0: 0x8000379e (0x00c3d563) bge     t2, a2, pc + 10
core   0: 0 0x8000379e (0x00c3d563)
core   0: 0x800037a8 (0x026eb833) mulhu   a6, t4, t1
core   0: 0 0x800037a8 (0x026eb833) x16 0x00000000
core   0: 0x800037ac (0x034a6763) bltu    s4, s4, pc + 46
core   0: 0 0x800037ac (0x034a6763)
core   0: 0x800037b0 (0x02fec433) div     s0, t4, a5
core   0: 0 0x800037b0 (0x02fec433) x8  0x00000000
core   0: 0x800037b4 (0x00b46bb3) or      s7, s0, a1
core   0: 0 0x800037b4 (0x00b46bb3) x23 0xffffffff
core   0: 0x800037b8 (0x00008f49) c.or    a4, a0
core   0: 0 0x800037b8 (0x8f49) x14 0xfffff9ad
core   0: 0x800037ba (0x021df863) bgeu    s11, ra, pc + 48
core   0: 0 0x800037ba (0x021df863)
core   0: 0x800037be (0x0ff0000f) fence   iorw,iorw
core   0: 0 0x800037be (0x0ff0000f)
core   0: 0x800037c2 (0x006ade33) srl     t3, s5, t1
core   0: 0 0x800037c2 (0x006ade33) x28 0x00000001
core   0: 0x800037c6 (0x01b3c663) blt     t2, s11, pc + 12
core   0: 0 0x800037c6 (0x01b3c663)
core   0: 0x800037ca (0x039eec63) bltu    t4, s9, pc + 56
core   0: 0 0x800037ca (0x039eec63)
core   0: 0x80003802 (0x00008d85) c.sub   a1, s1
core   0: 0 0x80003802 (0x8d85) x11 0xfffffffe
core   0: 0x80003804 (0xb7314193) xori    gp, sp, -1165
core   0: 0 0x80003804 (0xb7314193) x3  0xfffff88c
core   0: 0x80003808 (0x012148b3) xor     a7, sp, s2
core   0: 0 0x80003808 (0x012148b3) x17 0x000003fc
core   0: 0x8000380c (0x02b1f363) bgeu    gp, a1, pc + 38
core   0: 0 0x8000380c (0x02b1f363)
core   0: 0x80003810 (0x0196f1b3) and     gp, a3, s9
core   0: 0 0x80003810 (0x0196f1b3) x3  0x00000000
core   0: 0x80003814 (0x04d4f063) bgeu    s1, a3, pc + 64
core   0: 0 0x80003814 (0x04d4f063)
core   0: 0x80003854 (0xa66b7b13) andi    s6, s6, -1434
core   0: 0 0x80003854 (0xa66b7b13) x22 0x00000000
core   0: 0x80003858 (0x743a3413) sltiu   s0, s4, 1859
core   0: 0 0x80003858 (0x743a3413) x8  0x00000000
core   0: 0x8000385c (0x015931b3) sltu    gp, s2, s5
core   0: 0 0x8000385c (0x015931b3) x3  0x00000001
core   0: 0x80003860 (0x0000100f) fence.i
core   0: 0 0x80003860 (0x0000100f)
core   0: 0x80003864 (0x034e6c63) bltu    t3, s4, pc + 56
core   0: 0 0x80003864 (0x034e6c63)
core   0: 0x8000389c (0x00000422) c.slli  s0, 8
core   0: 0 0x8000389c (0x0422) x8  0x00000000
core   0: 0x8000389e (0x0000ea05) c.bnez  a2, pc + 48
core   0: 0 0x8000389e (0xea05)
core   0: 0x800038ce (0x2303b113) sltiu   sp, t2, 560
core   0: 0 0x800038ce (0x2303b113) x2  0x00000001
core   0: 0x800038d2 (0x00008139) c.srli  a0, 14
core   0: 0 0x800038d2 (0x8139) x10 0x0003ffff
core   0: 0x800038d4 (0x00000001) c.nop
core   0: 0 0x800038d4 (0x0001)
core   0: 0x800038d6 (0x41595093) srai    ra, s2, 21
core   0: 0 0x800038d6 (0x41595093) x1  0x00000000
core   0: 0x800038da (0x4b41b017) auipc   zero, 0x4b41b
core   0: 0 0x800038da (0x4b41b017)
core   0: 0x800038de (0x001fa0b3) slt     ra, t6, ra
core   0: 0 0x800038de (0x001fa0b3) x1  0x00000000
core   0: 0x800038e2 (0x01b5aab3) slt     s5, a1, s11
core   0: 0 0x800038e2 (0x01b5aab3) x21 0x00000001
core   0: 0x800038e6 (0x00624133) xor     sp, tp, t1
core   0: 0 0x800038e6 (0x00624133) x2  0x822b586f
core   0: 0x800038ea (0x02670533) mul     a0, a4, t1
core   0: 0 0x800038ea (0x02670533) x10 0x38204c50
core   0: 0x800038ee (0x00008ed1) c.or    a3, a2
core   0: 0 0x800038ee (0x8ed1) x13 0x800057d1
core   0: 0x800038f0 (0x73b7a393) slti    t2, a5, 1851
core   0: 0 0x800038f0 (0x73b7a393) x7  0x00000000
core   0: 0x800038f4 (0x0318ec63) bltu    a7, a7, pc + 56
core   0: 0 0x800038f4 (0x0318ec63)
core   0: 0x800038f8 (0x04bae163) bltu    s5, a1, pc + 66
core   0: 0 0x800038f8 (0x04bae163)
core   0: 0x8000393a (0x03bf8d33) mul     s10, t6, s11
core   0: 0 0x8000393a (0x03bf8d33) x26 0x00000000
core   0: 0x8000393e (0x0065c033) xor     zero, a1, t1
core   0: 0 0x8000393e (0x0065c033)
core   0: 0x80003942 (0x418b5f33) sra     t5, s6, s8
core   0: 0 0x80003942 (0x418b5f33) x30 0x00000000
core   0: 0x80003946 (0x011f3733) sltu    a4, t5, a7
core   0: 0 0x80003946 (0x011f3733) x14 0x00000001
core   0: 0x8000394a (0x05df8063) beq     t6, t4, pc + 64
core   0: 0 0x8000394a (0x05df8063)
core   0: 0x8000394e (0x01265133) srl     sp, a2, s2
core   0: 0 0x8000394e (0x01265133) x2  0x10000afa
core   0: 0x80003952 (0x0000ce05) c.beqz  a2, pc + 56
core   0: 0 0x80003952 (0xce05)
core   0: 0x80003954 (0x02628263) beq     t0, t1, pc + 36
core   0: 0 0x80003954 (0x02628263)
core   0: 0x80003958 (0x66d1e797) auipc   a5, 0x66d1e
core   0: 0 0x80003958 (0x66d1e797) x15 0xe6d21958
core   0: 0x8000395c (0x00006291) c.lui   t0, 0x4
core   0: 0 0x8000395c (0x6291) x5  0x00004000
core   0: 0x8000395e (0x41cb07b3) sub     a5, s6, t3
core   0: 0 0x8000395e (0x41cb07b3) x15 0xffffffff
core   0: 0x80003962 (0x035d4963) blt     s10, s5, pc + 50
core   0: 0 0x80003962 (0x035d4963)
core   0: 0x80003994 (0x01799513) slli    a0, s3, 23
core   0: 0 0x80003994 (0x01799513) x10 0xfc000000
core   0: 0x80003998 (0x020fba33) mulhu   s4, t6, zero
core   0: 0 0x80003998 (0x020fba33) x20 0x00000000
core   0: 0x8000399c (0x03188233) mul     tp, a7, a7
core   0: 0 0x8000399c (0x03188233) x4  0x000fe010
core   0: 0x800039a0 (0x40c3dd93) srai    s11, t2, 12
core   0: 0 0x800039a0 (0x40c3dd93) x27 0x00000000
core   0: 0x800039a4 (0x24ef6b13) ori     s6, t5, 590
core   0: 0 0x800039a4 (0x24ef6b13) x22 0x0000024e
core   0: 0x800039a8 (0x03e7d6b3) divu    a3, a5, t5
core   0: 0 0x800039a8 (0x03e7d6b3) x13 0xffffffff
core   0: 0x800039ac (0x411cd393) srai    t2, s9, 17
core   0: 0 0x800039ac (0x411cd393) x7  0xffffc001
core   0: 0x800039b0 (0xaa488193) addi    gp, a7, -1372
core   0: 0 0x800039b0 (0xaa488193) x3  0xfffffea0
core   0: 0x800039b4 (0x0000e585) c.bnez  a1, pc + 40
core   0: 0 0x800039b4 (0xe585)
core   0: 0x800039dc (0x000001d2) c.slli  gp, 20
core   0: 0 0x800039dc (0x01d2) x3  0xea000000
core   0: 0x800039de (0xd4d8f213) andi    tp, a7, -691
core   0: 0 0x800039de (0xd4d8f213) x4  0x0000014c
core   0: 0x800039e2 (0x0211ceb3) div     t4, gp, ra
core   0: 0 0x800039e2 (0x0211ceb3) x29 0xffffffff
core   0: 0x800039e6 (0x00000001) c.nop
core   0: 0 0x800039e6 (0x0001)
core   0: 0x800039e8 (0x000008ee) c.slli  a7, 27
core   0: 0 0x800039e8 (0x08ee) x17 0xe0000000
core   0: 0x800039ea (0x04eef163) bgeu    t4, a4, pc + 66
core   0: 0 0x800039ea (0x04eef163)
core   0: 0x80003a2c (0xceb85c17) auipc   s8, 0xceb85
core   0: 0 0x80003a2c (0xceb85c17) x24 0x4eb88a2c
core   0: 0x80003a30 (0x0ff0000f) fence   iorw,iorw
core   0: 0 0x80003a30 (0x0ff0000f)
core   0: 0x80003a34 (0x05dbc363) blt     s7, t4, pc + 70
core   0: 0 0x80003a34 (0x05dbc363)
core   0: 0x80003a38 (0x0008a133) slt     sp, a7, zero
core   0: 0 0x80003a38 (0x0008a133) x2  0x00000001
core   0: 0x80003a3c (0x0000100f) fence.i
core   0: 0 0x80003a3c (0x0000100f)
core   0: 0x80003a40 (0x00009bfd) c.andi  a5, -1
core   0: 0 0x80003a40 (0x9bfd) x15 0xffffffff
core   0: 0x80003a42 (0x3bc051b7) lui     gp, 0x3bc05
core   0: 0 0x80003a42 (0x3bc051b7) x3  0x3bc05000
core   0: 0x80003a46 (0x028e93b3) mulh    t2, t4, s0
core   0: 0 0x80003a46 (0x028e93b3) x7  0x00000000
core   0: 0x80003a4a (0x7ef423b7) lui     t2, 0x7ef42
core   0: 0 0x80003a4a (0x7ef423b7) x7  0x7ef42000
core   0: 0x80003a4e (0x00008cd9) c.or    s1, a4
core   0: 0 0x80003a4e (0x8cd9) x9  0x00000001
core   0: 0x80003a50 (0x00085833) srl     a6, a6, zero
core   0: 0 0x80003a50 (0x00085833) x16 0x00000000
core   0: 0x80003a54 (0x000012fd) c.addi  t0, -1
core   0: 0 0x80003a54 (0x12fd) x5  0x00003fff
core   0: 0x80003a56 (0x0110fd33) and     s10, ra, a7
core   0: 0 0x80003a56 (0x0110fd33) x26 0x00000000
core   0: 0x80003a5a (0x037b8433) mul     s0, s7, s7
core   0: 0 0x80003a5a (0x037b8433) x8  0x00000001
core   0: 0x80003a5e (0x03cdcdb3) div     s11, s11, t3
core   0: 0 0x80003a5e (0x03cdcdb3) x27 0x00000000
core   0: 0x80003a62 (0x0186c763) blt     a3, s8, pc + 14
core   0: 0 0x80003a62 (0x0186c763)
core   0: 0x80003a70 (0x02bd7333) remu    t1, s10, a1
core   0: 0 0x80003a70 (0x02bd7333) x6  0x00000000
core   0: 0x80003a74 (0xadef7b13) andi    s6, t5, -1314
core   0: 0 0x80003a74 (0xadef7b13) x22 0x00000000
core   0: 0x80003a78 (0x00000731) c.addi  a4, 12
core   0: 0 0x80003a78 (0x0731) x14 0x0000000d
core   0: 0x80003a7a (0x00008ead) c.xor   a3, a1
core   0: 0 0x80003a7a (0x8ead) x13 0x00000001
core   0: 0x80003a7c (0x00008fdd) c.or    a5, a5
core   0: 0 0x80003a7c (0x8fdd) x15 0xffffffff
core   0: 0x80003a7e (0x015e8663) beq     t4, s5, pc + 12
core   0: 0 0x80003a7e (0x015e8663)
core   0: 0x80003a82 (0x02547663) bgeu    s0, t0, pc + 44
core   0: 0 0x80003a82 (0x02547663)
core   0: 0x80003a86 (0x03ce62b3) rem     t0, t3, t3
core   0: 0 0x80003a86 (0x03ce62b3) x5  0x00000000
core   0: 0x80003a8a (0x03a8ca33) div     s4, a7, s10
core   0: 0 0x80003a8a (0x03a8ca33) x20 0xffffffff
core   0: 0x80003a8e (0x021d8063) beq     s11, ra, pc + 32
core   0: 0 0x80003a8e (0x021d8063)
core   0: 0x80003aae (0x02ae6b33) rem     s6, t3, a0
core   0: 0 0x80003aae (0x02ae6b33) x22 0x00000001
core   0: 0x80003ab2 (0x00008f35) c.xor   a4, a3
core   0: 0 0x80003ab2 (0x8f35) x14 0x0000000c
core   0: 0x80003ab4 (0x0155f663) bgeu    a1, s5, pc + 12
core   0: 0 0x80003ab4 (0x0155f663)
core   0: 0x80003ac0 (0x00008271) c.srli  a2, 28
core   0: 0 0x80003ac0 (0x8271) x12 0x00000008
core   0: 0x80003ac2 (0x0000865e) c.mv    a2, s7
core   0: 0 0x80003ac2 (0x865e) x12 0xffffffff
core   0: 0x80003ac4 (0x00006161) c.addi16sp sp, 80
core   0: 0 0x80003ac4 (0x6161) x2  0x00000051
core   0: 0x80003ac6 (0x038cc933) div     s2, s9, s8
core   0: 0 0x80003ac6 (0x038cc933) x18 0xffffffff
core   0: 0x80003aca (0x04a26063) bltu    tp, a0, pc + 64
core   0: 0 0x80003aca (0x04a26063)
core   0: 0x80003b0a (0x000051fd) c.li    gp, -1
core   0: 0 0x80003b0a (0x51fd) x3  0xffffffff
core   0: 0x80003b0c (0x010e9d63) bne     t4, a6, pc + 26
core   0: 0 0x80003b0c (0x010e9d63)
core   0: 0x80003b26 (0xb05fd037) lui     zero, 0xb05fd
core   0: 0 0x80003b26 (0xb05fd037)
core   0: 0x80003b2a (0xe99b6793) ori     a5, s6, -359
core   0: 0 0x80003b2a (0xe99b6793) x15 0xfffffe99
core   0: 0x80003b2e (0x0000833a) c.mv    t1, a4
core   0: 0 0x80003b2e (0x833a) x6  0x0000000c
core   0: 0x80003b30 (0x02d66633) rem     a2, a2, a3
core   0: 0 0x80003b30 (0x02d66633) x12 0x00000000
core   0: 0x80003b34 (0x00000001) c.nop
core   0: 0 0x80003b34 (0x0001)
core   0: 0x80003b36 (0x00006ab5) c.lui   s5, 0xd
core   0: 0 0x80003b36 (0x6ab5) x21 0x0000d000
core   0: 0x80003b38 (0x000092c6) c.add   t0, a7
core   0: 0 0x80003b38 (0x92c6) x5  0xe0000000
core   0: 0x80003b3a (0x17147793) andi    a5, s0, 369
core   0: 0 0x80003b3a (0x17147793) x15 0x00000001
core   0: 0x80003b3e (0x0ff0000f) fence   iorw,iorw
core   0: 0 0x80003b3e (0x0ff0000f)
core   0: 0x80003b42 (0x013b2133) slt     sp, s6, s3
core   0: 0 0x80003b42 (0x013b2133) x2  0x00000000
core   0: 0x80003b46 (0x00008f99) c.sub   a5, a4
core   0: 0 0x80003b46 (0x8f99) x15 0xfffffff5
core   0: 0x80003b48 (0x00000001) c.nop
core   0: 0 0x80003b48 (0x0001)
core   0: 0x80003b4a (0x401752b3) sra     t0, a4, ra
core   0: 0 0x80003b4a (0x401752b3) x5  0x0000000c
core   0: 0x80003b4e (0x0000e985) c.bnez  a1, pc + 48
core   0: 0 0x80003b4e (0xe985)
core   0: 0x80003b7e (0x00008fc1) c.or    a5, s0
core   0: 0 0x80003b7e (0x8fc1) x15 0xfffffff5
core   0: 0x80003b80 (0x00000001) c.nop
core   0: 0 0x80003b80 (0x0001)
core   0: 0x80003b82 (0x00001214) c.addi4spn a3, sp, 288
core   0: 0 0x80003b82 (0x1214) x13 0x00000120
core   0: 0x80003b84 (0x6541c813) xori    a6, gp, 1620
core   0: 0 0x80003b84 (0x6541c813) x16 0xfffff9ab
core   0: 0x80003b88 (0x0000614d) c.addi16sp sp, 176
core   0: 0 0x80003b88 (0x614d) x2  0x000000b0
core   0: 0x80003b8a (0x00000001) c.nop
core   0: 0 0x80003b8a (0x0001)
core   0: 0x80003b8c (0x0000080e) c.slli  a6, 3
core   0: 0 0x80003b8c (0x080e) x16 0xffffcd58
core   0: 0x80003b8e (0x0000100f) fence.i
core   0: 0 0x80003b8e (0x0000100f)
core   0: 0x80003b92 (0x00006129) c.addi16sp sp, 192
core   0: 0 0x80003b92 (0x6129) x2  0x00000170
core   0: 0x80003b94 (0x01efd463) bge     t6, t5, pc + 8
core   0: 0 0x80003b94 (0x01efd463)
core   0: 0x80003b9c (0x030202b3) mul     t0, tp, a6
core   0: 0 0x80003b9c (0x030202b3) x5  0xffbe4e20
core   0: 0x80003ba0 (0x05910013) addi    zero, sp, 89
core   0: 0 0x80003ba0 (0x05910013)
core   0: 0x80003ba4 (0x0236dab3) divu    s5, a3, gp
core   0: 0 0x80003ba4 (0x0236dab3) x21 0x00000000
core   0: 0x80003ba8 (0x00c10263) beq     sp, a2, pc + 4
core   0: 0 0x80003ba8 (0x00c10263)
core   0: 0x80003bac (0x03449a63) bne     s1, s4, pc + 52
core   0: 0 0x80003bac (0x03449a63)
core   0: 0x80003be0 (0x00009bfd) c.andi  a5, -1
core   0: 0 0x80003be0 (0x9bfd) x15 0xfffffff5
core   0: 0x80003be2 (0x0000c509) c.beqz  a0, pc + 10
core   0: 0 0x80003be2 (0xc509)
core   0: 0x80003be4 (0x00008f61) c.and   a4, s0
core   0: 0 0x80003be4 (0x8f61) x14 0x00000000
core   0: 0x80003be6 (0x000083a1) c.srli  a5, 8
core   0: 0 0x80003be6 (0x83a1) x15 0x00ffffff
core   0: 0x80003be8 (0x03039333) mulh    t1, t2, a6
core   0: 0 0x80003be8 (0x03039333) x6  0xffffe6e1
core   0: 0x80003bec (0x01fbe863) bltu    s7, t6, pc + 16
core   0: 0 0x80003bec (0x01fbe863)
core   0: 0x80003bf0 (0x64634393) xori    t2, t1, 1606
core   0: 0 0x80003bf0 (0x64634393) x7  0xffffe0a7
core   0: 0x80003bf4 (0x00ce3133) sltu    sp, t3, a2
core   0: 0 0x80003bf4 (0x00ce3133) x2  0x00000000
core   0: 0x80003bf8 (0x006a5613) srli    a2, s4, 6
core   0: 0 0x80003bf8 (0x006a5613) x12 0x03ffffff
core   0: 0x80003bfc (0x00b87d63) bgeu    a6, a1, pc + 26
core   0: 0 0x80003bfc (0x00b87d63)
core   0: 0x80003c00 (0x00008bd5) c.andi  a5, 21
core   0: 0 0x80003c00 (0x8bd5) x15 0x00000015
core   0: 0x80003c02 (0x00b11313) slli    t1, sp, 11
core   0: 0 0x80003c02 (0x00b11313) x6  0x00000000
core   0: 0x80003c06 (0x05278263) beq     a5, s2, pc + 68
core   0: 0 0x80003c06 (0x05278263)
core   0: 0x80003c0a (0x0179f763) bgeu    s3, s7, pc + 14
core   0: 0 0x80003c0a (0x0179f763)
core   0: 0x80003c0e (0x008d6233) or      tp, s10, s0
core   0: 0 0x80003c0e (0x008d6233) x4  0x00000001
core   0: 0x80003c12 (0xc69a8313) addi    t1, s5, -919
core   0: 0 0x80003c12 (0xc69a8313) x6  0xfffffc69
core   0: 0x80003c16 (0x00008d71) c.and   a0, a2
core   0: 0 0x80003c16 (0x8d71) x10 0x00000000
core   0: 0x80003c18 (0x00000c41) c.addi  s8, 16
core   0: 0 0x80003c18 (0x0c41) x24 0x4eb88a3c
core   0: 0x80003c1a (0x03b68533) mul     a0, a3, s11
core   0: 0 0x80003c1a (0x03b68533) x10 0x00000000
core   0: 0x80003c1e (0x6a770e93) addi    t4, a4, 1703
core   0: 0 0x80003c1e (0x6a770e93) x29 0x000006a7
core   0: 0x80003c22 (0x0000100f) fence.i
core   0: 0 0x80003c22 (0x0000100f)
core   0: 0x80003c26 (0x03c80c33) mul     s8, a6, t3
core   0: 0 0x80003c26 (0x03c80c33) x24 0xffffcd58
core   0: 0x80003c2a (0x021e86b3) mul     a3, t4, ra
core   0: 0 0x80003c2a (0x021e86b3) x13 0x00000000
core   0: 0x80003c2e (0x00000001) c.nop
core   0: 0 0x80003c2e (0x0001)
core   0: 0x80003c30 (0x00009a7d) c.andi  a2, -1
core   0: 0 0x80003c30 (0x9a7d) x12 0x03ffffff
core   0: 0x80003c32 (0x000087ea) c.mv    a5, s10
core   0: 0 0x80003c32 (0x87ea) x15 0x00000000
core   0: 0x80003c34 (0xc1e06d13) ori     s10, zero, -994
core   0: 0 0x80003c34 (0xc1e06d13) x26 0xfffffc1e
core   0: 0x80003c38 (0x00449533) sll     a0, s1, tp
core   0: 0 0x80003c38 (0x00449533) x10 0x00000002
core   0: 0x80003c3c (0x37093813) sltiu   a6, s2, 880
core   0: 0 0x80003c3c (0x37093813) x16 0x00000000
core   0: 0x80003c40 (0x00004de1) c.li    s11, 24
core   0: 0 0x80003c40 (0x4de1) x27 0x00000018
core   0: 0x80003c42 (0x40a05733) sra     a4, zero, a0
core   0: 0 0x80003c42 (0x40a05733) x14 0x00000000
core   0: 0x80003c46 (0x02a61b63) bne     a2, a0, pc + 54
core   0: 0 0x80003c46 (0x02a61b63)
core   0: 0x80003c7c (0x00922db3) slt     s11, tp, s1
core   0: 0 0x80003c7c (0x00922db3) x27 0x00000000
core   0: 0x80003c80 (0x02cac6b3) div     a3, s5, a2
core   0: 0 0x80003c80 (0x02cac6b3) x13 0x00000000
core   0: 0x80003c84 (0x5e75fa13) andi    s4, a1, 1511
core   0: 0 0x80003c84 (0x5e75fa13) x20 0x000005e6
core   0: 0x80003c88 (0x0000809d) c.srli  s1, 7
core   0: 0 0x80003c88 (0x809d) x9  0x00000000
core   0: 0x80003c8a (0x00441513) slli    a0, s0, 4
core   0: 0 0x80003c8a (0x00441513) x10 0x00000010
core   0: 0x80003c8e (0x00449893) slli    a7, s1, 4
core   0: 0 0x80003c8e (0x00449893) x17 0x00000000
core   0: 0x80003c92 (0x055dc463) blt     s11, s5, pc + 72
core   0: 0 0x80003c92 (0x055dc463)
core   0: 0x80003c96 (0x024e1bb3) mulh    s7, t3, tp
core   0: 0 0x80003c96 (0x024e1bb3) x23 0x00000000
core   0: 0x80003c9a (0x013d3033) sltu    zero, s10, s3
core   0: 0 0x80003c9a (0x013d3033)
core   0: 0x80003c9e (0x000089dd) c.andi  a1, 23
core   0: 0 0x80003c9e (0x89dd) x11 0x00000016
core   0: 0x80003ca0 (0x1d9f2293) slti    t0, t5, 473
core   0: 0 0x80003ca0 (0x1d9f2293) x5  0x00000001
core   0: 0x80003ca4 (0x40240eb3) sub     t4, s0, sp
core   0: 0 0x80003ca4 (0x40240eb3) x29 0x00000001
core   0: 0x80003ca8 (0x03f48233) mul     tp, s1, t6
core   0: 0 0x80003ca8 (0x03f48233) x4  0x00000000
core   0: 0x80003cac (0x002edb93) srli    s7, t4, 2
core   0: 0 0x80003cac (0x002edb93) x23 0x00000000
core   0: 0x80003cb0 (0x009df8b3) and     a7, s11, s1
core   0: 0 0x80003cb0 (0x009df8b3) x17 0x00000000
core   0: 0x80003cb4 (0xea433637) lui     a2, 0xea433
core   0: 0 0x80003cb4 (0xea433637) x12 0xea433000
core   0: 0x80003cb8 (0x00240a33) add     s4, s0, sp
core   0: 0 0x80003cb8 (0x00240a33) x20 0x00000001
core   0: 0x80003cbc (0x0000c609) c.beqz  a2, pc + 10
core   0: 0 0x80003cbc (0xc609)
core   0: 0x80003cbe (0x030c8017) auipc   zero, 0x30c8
core   0: 0 0x80003cbe (0x030c8017)
core   0: 0x80003cc2 (0x031011b3) mulh    gp, zero, a7
core   0: 0 0x80003cc2 (0x031011b3) x3  0x00000000
core   0: 0x80003cc6 (0x0135f363) bgeu    a1, s3, pc + 6
core   0: 0 0x80003cc6 (0x0135f363)
core   0: 0x80003cca (0x0000517d) c.li    sp, -1
core   0: 0 0x80003cca (0x517d) x2  0xffffffff
core   0: 0x80003ccc (0x011f01b3) add     gp, t5, a7
core   0: 0 0x80003ccc (0x011f01b3) x3  0x00000000
core   0: 0x80003cd0 (0x0290a5b3) mulhsu  a1, ra, s1
core   0: 0 0x80003cd0 (0x0290a5b3) x11 0x00000000
core   0: 0x80003cd4 (0x00001398) c.addi4spn a4, sp, 480
core   0: 0 0x80003cd4 (0x1398) x14 0x000001df
core   0: 0x80003cd6 (0x030b1263) bne     s6, a6, pc + 36
core   0: 0 0x80003cd6 (0x030b1263)
core   0: 0x80003cfa (0x0246d1b3) divu    gp, a3, tp
core   0: 0 0x80003cfa (0x0246d1b3) x3  0xffffffff
core   0: 0x80003cfe (0x00ab12b3) sll     t0, s6, a0
core   0: 0 0x80003cfe (0x00ab12b3) x5  0x00010000
core   0: 0x80003d02 (0x035d2433) mulhsu  s0, s10, s5
core   0: 0 0x80003d02 (0x035d2433) x8  0x00000000
core   0: 0x80003d06 (0x014a9893) slli    a7, s5, 20
core   0: 0 0x80003d06 (0x014a9893) x17 0x00000000
core   0: 0x80003d0a (0x00008f81) c.sub   a5, s0
core   0: 0 0x80003d0a (0x8f81) x15 0x00000000
core   0: 0x80003d0c (0x00000636) c.slli  a2, 13
core   0: 0 0x80003d0c (0x0636) x12 0x66000000
core   0: 0x80003d0e (0x00008dad) c.xor   a1, a1
core   0: 0 0x80003d0e (0x8dad) x11 0x00000000
core   0: 0x80003d10 (0x00000001) c.nop
core   0: 0 0x80003d10 (0x0001)
core   0: 0x80003d12 (0x0000cf9d) c.beqz  a5, pc + 62
core   0: 0 0x80003d12 (0xcf9d)
core   0: 0x80003d50 (0x024e2d33) mulhsu  s10, t3, tp
core   0: 0 0x80003d50 (0x024e2d33) x26 0x00000000
core   0: 0x80003d54 (0x95c74313) xori    t1, a4, -1700
core   0: 0 0x80003d54 (0x95c74313) x6  0xfffff883
core   0: 0x80003d58 (0x00009492) c.add   s1, tp
core   0: 0 0x80003d58 (0x9492) x9  0x00000000
core   0: 0x80003d5a (0x00006769) c.lui   a4, 0x1a
core   0: 0 0x80003d5a (0x6769) x14 0x0001a000
core   0: 0x80003d5c (0x00000566) c.slli  a0, 25
core   0: 0 0x80003d5c (0x0566) x10 0x20000000
core   0: 0x80003d5e (0x00008ecd) c.or    a3, a1
core   0: 0 0x80003d5e (0x8ecd) x13 0x00000000
core   0: 0x80003d60 (0x00006135) c.addi16sp sp, 352
core   0: 0 0x80003d60 (0x6135) x2  0x0000015f
core   0: 0x80003d62 (0x00000636) c.slli  a2, 13
core   0: 0 0x80003d62 (0x0636) x12 0x00000000
core   0: 0x80003d64 (0x0ff0000f) fence   iorw,iorw
core   0: 0 0x80003d64 (0x0ff0000f)
core   0: 0x80003d68 (0x0152e433) or      s0, t0, s5
core   0: 0 0x80003d68 (0x0152e433) x8  0x00010000
core   0: 0x80003d6c (0x0000ee91) c.bnez  a3, pc + 28
core   0: 0 0x80003d6c (0xee91)
core   0: 0x80003d6e (0x00000818) c.addi4spn a4, sp, 16
core   0: 0 0x80003d6e (0x0818) x14 0x0000016f
core   0: 0x80003d70 (0x0000c121) c.beqz  a0, pc + 64
core   0: 0 0x80003d70 (0xc121)
core   0: 0x80003d72 (0x00000f16) c.slli  t5, 5
core   0: 0 0x80003d72 (0x0f16) x30 0x00000000
core   0: 0x80003d74 (0x0000100f) fence.i
core   0: 0 0x80003d74 (0x0000100f)
core   0: 0x80003d78 (0x0245dbb3) divu    s7, a1, tp
core   0: 0 0x80003d78 (0x0245dbb3) x23 0xffffffff
core   0: 0x80003d7c (0x012d5a63) bge     s10, s2, pc + 20
core   0: 0 0x80003d7c (0x012d5a63)
core   0: 0x80003d90 (0x000096d6) c.add   a3, s5
core   0: 0 0x80003d90 (0x96d6) x13 0x00000000
core   0: 0x80003d92 (0x05a91463) bne     s2, s10, pc + 72
core   0: 0 0x80003d92 (0x05a91463)
core   0: 0x80003dda (0x01cad4b3) srl     s1, s5, t3
core   0: 0 0x80003dda (0x01cad4b3) x9  0x00000000
core   0: 0x80003dde (0x0000055a) c.slli  a0, 22
core   0: 0 0x80003dde (0x055a) x10 0x00000000
core   0: 0x80003de0 (0x6c8eef13) ori     t5, t4, 1736
core   0: 0 0x80003de0 (0x6c8eef13) x30 0x000006c9
core   0: 0x80003de4 (0x52e5be13) sltiu   t3, a1, 1326
core   0: 0 0x80003de4 (0x52e5be13) x28 0x00000001
core   0: 0x80003de8 (0x00006115) c.addi16sp sp, 288
core   0: 0 0x80003de8 (0x6115) x2  0x0000027f
core   0: 0x80003dea (0xde418d13) addi    s10, gp, -540
core   0: 0 0x80003dea (0xde418d13) x26 0xfffffde3
core   0: 0x80003dee (0x0067b7b3) sltu    a5, a5, t1
core   0: 0 0x80003dee (0x0067b7b3) x15 0x00000001
core   0: 0x80003df2 (0x02d26f33) rem     t5, tp, a3
core   0: 0 0x80003df2 (0x02d26f33) x30 0x00000000
core   0: 0x80003df6 (0x02209bb3) mulh    s7, ra, sp
core   0: 0 0x80003df6 (0x02209bb3) x23 0x00000000
core   0: 0x80003dfa (0x02b06a33) rem     s4, zero, a1
core   0: 0 0x80003dfa (0x02b06a33) x20 0x00000000
core   0: 0x80003dfe (0x0000893a) c.mv    s2, a4
core   0: 0 0x80003dfe (0x893a) x18 0x0000016f
core   0: 0x80003e00 (0x00a4d133) srl     sp, s1, a0
core   0: 0 0x80003e00 (0x00a4d133) x2  0x00000000
core   0: 0x80003e04 (0x0000c719) c.beqz  a4, pc + 14
core   0: 0 0x80003e04 (0xc719)
core   0: 0x80003e06 (0x00d855b3) srl     a1, a6, a3
core   0: 0 0x80003e06 (0x00d855b3) x11 0x00000000
core   0: 0x80003e0a (0x02003a33) mulhu   s4, zero, zero
core   0: 0 0x80003e0a (0x02003a33) x20 0x00000000
core   0: 0x80003e0e (0x01090563) beq     s2, a6, pc + 10
core   0: 0 0x80003e0e (0x01090563)
core   0: 0x80003e12 (0x00008595) c.srai  a1, 5
core   0: 0 0x80003e12 (0x8595) x11 0x00000000
core   0: 0x80003e14 (0x25223a13) sltiu   s4, tp, 594
core   0: 0 0x80003e14 (0x25223a13) x20 0x00000001
core   0: 0x80003e18 (0x00334963) blt     t1, gp, pc + 18
core   0: 0 0x80003e18 (0x00334963)
core   0: 0x80003e2a (0x01d4aab3) slt     s5, s1, t4
core   0: 0 0x80003e2a (0x01d4aab3) x21 0x00000001
core   0: 0x80003e2e (0x00000d9c) c.addi4spn a5, sp, 720
core   0: 0 0x80003e2e (0x0d9c) x15 0x000002d0
core   0: 0x80003e30 (0x03484f63) blt     a6, s4, pc + 62
core   0: 0 0x80003e30 (0x03484f63)
core   0: 0x80003e6e (0x00006385) c.lui   t2, 0x1
core   0: 0 0x80003e6e (0x6385) x7  0x00001000
core   0: 0x80003e70 (0x01a863b3) or      t2, a6, s10
core   0: 0 0x80003e70 (0x01a863b3) x7  0xfffffde3
core   0: 0x80003e74 (0x00008fed) c.and   a5, a1
core   0: 0 0x80003e74 (0x8fed) x15 0x00000000
core   0: 0x80003e76 (0x0000100f) fence.i
core   0: 0 0x80003e76 (0x0000100f)
core   0: 0x80003e7a (0x00008cdd) c.or    s1, a5
core   0: 0 0x80003e7a (0x8cdd) x9  0x00000000
core   0: 0x80003e7c (0x0000717d) c.addi16sp sp, -16
core   0: 0 0x80003e7c (0x717d) x2  0xfffffff0
core   0: 0x80003e7e (0x0031da63) bge     gp, gp, pc + 20
core   0: 0 0x80003e7e (0x0031da63)
core   0: 0x80003e92 (0x03efceb3) div     t4, t6, t5
core   0: 0 0x80003e92 (0x03efceb3) x29 0xffffffff
core   0: 0x80003e96 (0x00000998) c.addi4spn a4, sp, 208
core   0: 0 0x80003e96 (0x0998) x14 0x000000c0
core   0: 0x80003e98 (0x000017fd) c.addi  a5, -1
core   0: 0 0x80003e98 (0x17fd) x15 0xffffffff
core   0: 0x80003e9a (0x00008cc9) c.or    s1, a0
core   0: 0 0x80003e9a (0x8cc9) x9  0x00000000
core   0: 0x80003e9c (0x02d84e33) div     t3, a6, a3
core   0: 0 0x80003e9c (0x02d84e33) x28 0xffffffff
core   0: 0x80003ea0 (0x00000001) c.nop
core   0: 0 0x80003ea0 (0x0001)
core   0: 0x80003ea2 (0x0f21fe93) andi    t4, gp, 242
core   0: 0 0x80003ea2 (0x0f21fe93) x29 0x000000f2
core   0: 0x80003ea6 (0x0ff0000f) fence   iorw,iorw
core   0: 0 0x80003ea6 (0x0ff0000f)
core   0: 0x80003eaa (0x03031563) bne     t1, a6, pc + 42
core   0: 0 0x80003eaa (0x03031563)
core   0: 0x80003ed4 (0x02b02d33) mulhsu  s10, zero, a1
core   0: 0 0x80003ed4 (0x02b02d33) x26 0x00000000
core   0: 0x80003ed8 (0x00000001) c.nop
core   0: 0 0x80003ed8 (0x0001)
core   0: 0x80003eda (0x02d57eb3) remu    t4, a0, a3
core   0: 0 0x80003eda (0x02d57eb3) x29 0x00000000
core   0: 0x80003ede (0x018f3e33) sltu    t3, t5, s8
core   0: 0 0x80003ede (0x018f3e33) x28 0x00000001
core   0: 0x80003ee2 (0x02947733) remu    a4, s0, s1
core   0: 0 0x80003ee2 (0x02947733) x14 0x00010000
core   0: 0x80003ee6 (0x036424b3) mulhsu  s1, s0, s6
core   0: 0 0x80003ee6 (0x036424b3) x9  0x00000000
core   0: 0x80003eea (0x00efa933) slt     s2, t6, a4
core   0: 0 0x80003eea (0x00efa933) x18 0x00000001
core   0: 0x80003eee (0x41940933) sub     s2, s0, s9
core   0: 0 0x80003eee (0x41940933) x18 0x7ffea31c
core   0: 0x80003ef2 (0x7c2b8893) addi    a7, s7, 1986
core   0: 0 0x80003ef2 (0x7c2b8893) x17 0x000007c2
core   0: 0x80003ef6 (0x413d0033) sub     zero, s10, s3
core   0: 0 0x80003ef6 (0x413d0033)
core   0: 0x80003efa (0x0000ec15) c.bnez  s0, pc + 60
core   0: 0 0x80003efa (0xec15)
core   0: 0x80003f36 (0x58bdf013) andi    zero, s11, 1419
core   0: 0 0x80003f36 (0x58bdf013)
core   0: 0x80003f3a (0x0000e3b1) c.bnez  a5, pc + 68
core   0: 0 0x80003f3a (0xe3b1)
core   0: 0x80003f7e (0x03dd6363) bltu    s10, t4, pc + 38
core   0: 0 0x80003f7e (0x03dd6363)
core   0: 0x80003f82 (0x0000100f) fence.i
core   0: 0 0x80003f82 (0x0000100f)
core   0: 0x80003f86 (0x00ea5f33) srl     t5, s4, a4
core   0: 0 0x80003f86 (0x00ea5f33) x30 0x00000001
core   0: 0x80003f8a (0x04456563) bltu    a0, tp, pc + 74
core   0: 0 0x80003f8a (0x04456563)
core   0: 0x80003f8e (0x0000ee15) c.bnez  a2, pc + 60
core   0: 0 0x80003f8e (0xee15)
core   0: 0x80003f90 (0x0378a533) mulhsu  a0, a7, s7
core   0: 0 0x80003f90 (0x0378a533) x10 0x00000000
core   0: 0x80003f94 (0x0000100f) fence.i
core   0: 0 0x80003f94 (0x0000100f)
core   0: 0x80003f98 (0x4c212193) slti    gp, sp, 1218
core   0: 0 0x80003f98 (0x4c212193) x3  0x00000001
core   0: 0x80003f9c (0x03ee6db3) rem     s11, t3, t5
core   0: 0 0x80003f9c (0x03ee6db3) x27 0x00000000
core   0: 0x80003fa0 (0xe0e63737) lui     a4, 0xe0e63
core   0: 0 0x80003fa0 (0xe0e63737) x14 0xe0e63000
core   0: 0x80003fa4 (0x01da1863) bne     s4, t4, pc + 16
core   0: 0 0x80003fa4 (0x01da1863)
core   0: 0x80003fb4 (0x00009a56) c.add   s4, s5
core   0: 0 0x80003fb4 (0x9a56) x20 0x00000002
core   0: 0x80003fb6 (0x012518b3) sll     a7, a0, s2
core   0: 0 0x80003fb6 (0x012518b3) x17 0x00000000
core   0: 0x80003fba (0x85cf1897) auipc   a7, 0x85cf1
core   0: 0 0x80003fba (0x85cf1897) x17 0x05cf4fba
core   0: 0x80003fbe (0x018a9813) slli    a6, s5, 24
core   0: 0 0x80003fbe (0x018a9813) x16 0x01000000
core   0: 0x80003fc2 (0x03f25f63) bge     tp, t6, pc + 62
core   0: 0 0x80003fc2 (0x03f25f63)
core   0: 0x80003fc6 (0xa6880193) addi    gp, a6, -1432
core   0: 0 0x80003fc6 (0xa6880193) x3  0x00fffa68
core   0: 0x80003fca (0x0137f563) bgeu    a5, s3, pc + 10
core   0: 0 0x80003fca (0x0137f563)
core   0: 0x80003fd4 (0x0ff0000f) fence   iorw,iorw
core   0: 0 0x80003fd4 (0x0ff0000f)
core   0: 0x80003fd8 (0x029fdf63) bge     t6, s1, pc + 62
core   0: 0 0x80003fd8 (0x029fdf63)
core   0: 0x80004016 (0x030fa6b3) mulhsu  a3, t6, a6
core   0: 0 0x80004016 (0x030fa6b3) x13 0x00000000
core   0: 0x8000401a (0x01a15633) srl     a2, sp, s10
core   0: 0 0x8000401a (0x01a15633) x12 0xfffffff0
core   0: 0x8000401e (0x0000e199) c.bnez  a1, pc + 6
core   0: 0 0x8000401e (0xe199)
core   0: 0x80004020 (0x41b500b3) sub     ra, a0, s11
core   0: 0 0x80004020 (0x41b500b3) x1  0x00000000
core   0: 0x80004024 (0x01ba20b3) slt     ra, s4, s11
core   0: 0 0x80004024 (0x01ba20b3) x1  0x00000000
core   0: 0x80004028 (0x00000711) c.addi  a4, 4
core   0: 0 0x80004028 (0x0711) x14 0xe0e63004
core   0: 0x8000402a (0x0221b5b3) mulhu   a1, gp, sp
core   0: 0 0x8000402a (0x0221b5b3) x11 0x00fffa67
core   0: 0x8000402e (0x366a0293) addi    t0, s4, 870
core   0: 0 0x8000402e (0x366a0293) x5  0x00000368
core   0: 0x80004032 (0x02ac9433) mulh    s0, s9, a0
core   0: 0 0x80004032 (0x02ac9433) x8  0x00000000
core   0: 0x80004036 (0x0000100f) fence.i
core   0: 0 0x80004036 (0x0000100f)
core   0: 0x8000403a (0xecb63137) lui     sp, 0xecb63
core   0: 0 0x8000403a (0xecb63137) x2  0xecb63000
core   0: 0x8000403e (0x414f02b3) sub     t0, t5, s4
core   0: 0 0x8000403e (0x414f02b3) x5  0xffffffff
core   0: 0x80004042 (0x3c452a93) slti    s5, a0, 964
core   0: 0 0x80004042 (0x3c452a93) x21 0x00000001
core   0: 0x80004046 (0xd56bb013) sltiu   zero, s7, -682
core   0: 0 0x80004046 (0xd56bb013)
core   0: 0x8000404a (0x0357fe33) remu    t3, a5, s5
core   0: 0 0x8000404a (0x0357fe33) x28 0x00000000
core   0: 0x8000404e (0x02d8f7b3) remu    a5, a7, a3
core   0: 0 0x8000404e (0x02d8f7b3) x15 0x05cf4fba
core   0: 0x80004052 (0x0000eb99) c.bnez  a5, pc + 22
core   0: 0 0x80004052 (0xeb99)
core   0: 0x80004068 (0x00000d8a) c.slli  s11, 2
core   0: 0 0x80004068 (0x0d8a) x27 0x00000000
core   0: 0x8000406a (0x00001200) c.addi4spn s0, sp, 288
core   0: 0 0x8000406a (0x1200) x8  0xecb63120
core   0: 0x8000406c (0x03e51133) mulh    sp, a0, t5
core   0: 0 0x8000406c (0x03e51133) x2  0x00000000
core   0: 0x80004070 (0x408ad193) srai    gp, s5, 8
core   0: 0 0x80004070 (0x408ad193) x3  0x00000000
core   0: 0x80004074 (0x003b8d33) add     s10, s7, gp
core   0: 0 0x80004074 (0x003b8d33) x26 0x00000000
core   0: 0x80004078 (0x0030bdb3) sltu    s11, ra, gp
core   0: 0 0x80004078 (0x0030bdb3) x27 0x00000000
core   0: 0x8000407c (0x00fdda93) srli    s5, s11, 15
core   0: 0 0x8000407c (0x00fdda93) x21 0x00000000
core   0: 0x80004080 (0x00cb3733) sltu    a4, s6, a2
core   0: 0 0x80004080 (0x00cb3733) x14 0x00000001
core   0: 0x80004084 (0x00001c00) c.addi4spn s0, sp, 560
core   0: 0 0x80004084 (0x1c00) x8  0x00000230
core   0: 0x80004086 (0x9480e113) ori     sp, ra, -1720
core   0: 0 0x80004086 (0x9480e113) x2  0xfffff948
core   0: 0x8000408a (0x00000001) c.nop
core   0: 0 0x8000408a (0x0001)
core   0: 0x8000408c (0x41fe07b3) sub     a5, t3, t6
core   0: 0 0x8000408c (0x41fe07b3) x15 0xfffffff5
core   0: 0x80004090 (0x00fd9333) sll     t1, s11, a5
core   0: 0 0x80004090 (0x00fd9333) x6  0x00000000
core   0: 0x80004094 (0xe3bf3393) sltiu   t2, t5, -453
core   0: 0 0x80004094 (0xe3bf3393) x7  0x00000001
core   0: 0x80004098 (0x03f25633) divu    a2, tp, t6
core   0: 0 0x80004098 (0x03f25633) x12 0x00000000
core   0: 0x8000409c (0x000092e6) c.add   t0, s9
core   0: 0 0x8000409c (0x92e6) x5  0x80025ce3
core   0: 0x8000409e (0x00000001) c.nop
core   0: 0 0x8000409e (0x0001)
core   0: 0x800040a0 (0x00001c08) c.addi4spn a0, sp, 560
core   0: 0 0x800040a0 (0x1c08) x10 0xfffffb78
core   0: 0x800040a2 (0x03629eb3) mulh    t4, t0, s6
core   0: 0 0x800040a2 (0x03629eb3) x29 0xffffffff
core   0: 0x800040a6 (0x03142eb3) mulhsu  t4, s0, a7
core   0: 0 0x800040a6 (0x03142eb3) x29 0x0000000c
core   0: 0x800040aa (0x00008f99) c.sub   a5, a4
core   0: 0 0x800040aa (0x8f99) x15 0xfffffff4
core   0: 0x800040ac (0x0277f963) bgeu    a5, t2, pc + 50
core   0: 0 0x800040ac (0x0277f963)
core   0: 0x800040de (0x02c49933) mulh    s2, s1, a2
core   0: 0 0x800040de (0x02c49933) x18 0x00000000
core   0: 0x800040e2 (0x004c3c33) sltu    s8, s8, tp
core   0: 0 0x800040e2 (0x004c3c33) x24 0x00000000
core   0: 0x800040e6 (0x00008f25) c.xor   a4, s1
core   0: 0 0x800040e6 (0x8f25) x14 0x00000001
core   0: 0x800040e8 (0x01181193) slli    gp, a6, 17
core   0: 0 0x800040e8 (0x01181193) x3  0x00000000
core   0: 0x800040ec (0x03016b63) bltu    sp, a6, pc + 54
core   0: 0 0x800040ec (0x03016b63)
core   0: 0x800040f0 (0x0000e41d) c.bnez  s0, pc + 46
core   0: 0 0x800040f0 (0xe41d)
core   0: 0x8000411e (0x017668b3) or      a7, a2, s7
core   0: 0 0x8000411e (0x017668b3) x17 0x00000000
core   0: 0x80004122 (0x0266df33) divu    t5, a3, t1
core   0: 0 0x80004122 (0x0266df33) x30 0xffffffff
core   0: 0x80004126 (0x7fb30893) addi    a7, t1, 2043
core   0: 0 0x80004126 (0x7fb30893) x17 0x000007fb
core   0: 0x8000412a (0x00008599) c.srai  a1, 6
core   0: 0 0x8000412a (0x8599) x11 0x0003ffe9
core   0: 0x8000412c (0x00008ecd) c.or    a3, a1
core   0: 0 0x8000412c (0x8ecd) x13 0x0003ffe9
core   0: 0x8000412e (0x033af2b3) remu    t0, s5, s3
core   0: 0 0x8000412e (0x033af2b3) x5  0x00000000
core   0: 0x80004132 (0x171e2513) slti    a0, t3, 369
core   0: 0 0x80004132 (0x171e2513) x10 0x00000001
core   0: 0x80004136 (0x026afdb3) remu    s11, s5, t1
core   0: 0 0x80004136 (0x026afdb3) x27 0x00000000
core   0: 0x8000413a (0x01ec1263) bne     s8, t5, pc + 4
core   0: 0 0x8000413a (0x01ec1263)
core   0: 0x8000413e (0xf5767913) andi    s2, a2, -169
core   0: 0 0x8000413e (0xf5767913) x18 0x00000000
core   0: 0x80004142 (0x00008c71) c.and   s0, a2
core   0: 0 0x80004142 (0x8c71) x8  0x00000000
core   0: 0x80004144 (0x0074e5b3) or      a1, s1, t2
core   0: 0 0x80004144 (0x0074e5b3) x11 0x00000001
core   0: 0x80004148 (0x00006b3d) c.lui   s6, 0xf
core   0: 0 0x80004148 (0x6b3d) x22 0x0000f000
core   0: 0x8000414a (0x0169c563) blt     s3, s6, pc + 10
core   0: 0 0x8000414a (0x0169c563)
core   0: 0x80004154 (0x405e0033) sub     zero, t3, t0
core   0: 0 0x80004154 (0x405e0033)
core   0: 0x80004158 (0x00008e59) c.or    a2, a4
core   0: 0 0x80004158 (0x8e59) x12 0x00000001
core   0: 0x8000415a (0x03a5d533) divu    a0, a1, s10
core   0: 0 0x8000415a (0x03a5d533) x10 0xffffffff
core   0: 0x8000415e (0x01e8ebb3) or      s7, a7, t5
core   0: 0 0x8000415e (0x01e8ebb3) x23 0xffffffff
core   0: 0x80004162 (0x000014fd) c.addi  s1, -1
core   0: 0 0x80004162 (0x14fd) x9  0xffffffff
core   0: 0x80004164 (0x00005a7d) c.li    s4, -1
core   0: 0 0x80004164 (0x5a7d) x20 0xffffffff
core   0: 0x80004166 (0x0306dc63) bge     a3, a6, pc + 56
core   0: 0 0x80004166 (0x0306dc63)
core   0: 0x8000416a (0x01525733) srl     a4, tp, s5
core   0: 0 0x8000416a (0x01525733) x14 0x00000000
core   0: 0x8000416e (0x0000070e) c.slli  a4, 3
core   0: 0 0x8000416e (0x070e) x14 0x00000000
core   0: 0x80004170 (0x018bd0b3) srl     ra, s7, s8
core   0: 0 0x80004170 (0x018bd0b3) x1  0xffffffff
core   0: 0x80004174 (0x028b3233) mulhu   tp, s6, s0
core   0: 0 0x80004174 (0x028b3233) x4  0x00000000
core   0: 0x80004178 (0x03ca0a33) mul     s4, s4, t3
core   0: 0 0x80004178 (0x03ca0a33) x20 0x00000000
core   0: 0x8000417c (0x00008e3d) c.xor   a2, a5
core   0: 0 0x8000417c (0x8e3d) x12 0xfffffff5
core   0: 0x8000417e (0x000086a9) c.srai  a3, 10
core   0: 0 0x8000417e (0x86a9) x13 0x000000ff
core   0: 0x80004180 (0x0090d513) srli    a0, ra, 9
core   0: 0 0x80004180 (0x0090d513) x10 0x007fffff
core   0: 0x80004184 (0x000012fd) c.addi  t0, -1
core   0: 0 0x80004184 (0x12fd) x5  0xffffffff
core   0: 0x80004186 (0xe7013193) sltiu   gp, sp, -400
core   0: 0 0x80004186 (0xe7013193) x3  0x00000001
core   0: 0x8000418a (0x65007d13) andi    s10, zero, 1616
core   0: 0 0x8000418a (0x65007d13) x26 0x00000000
core   0: 0x8000418e (0x40ce5613) srai    a2, t3, 12
core   0: 0 0x8000418e (0x40ce5613) x12 0x00000000
core   0: 0x80004192 (0x04551663) bne     a0, t0, pc + 76
core   0: 0 0x80004192 (0x04551663)
core   0: 0x800041de (0x00000001) c.nop
core   0: 0 0x800041de (0x0001)
core   0: 0x800041e0 (0x0358adb3) mulhsu  s11, a7, s5
core   0: 0 0x800041e0 (0x0358adb3) x27 0x00000000
core   0: 0x800041e4 (0x0244fbb3) remu    s7, s1, tp
core   0: 0 0x800041e4 (0x0244fbb3) x23 0xffffffff
core   0: 0x800041e8 (0xee30e493) ori     s1, ra, -285
core   0: 0 0x800041e8 (0xee30e493) x9  0xffffffff
core   0: 0x800041ec (0x000083ba) c.mv    t2, a4
core   0: 0 0x800041ec (0x83ba) x7  0x00000000
core   0: 0x800041ee (0x00008e89) c.sub   a3, a0
core   0: 0 0x800041ee (0x8e89) x13 0xff800100
core   0: 0x800041f0 (0x3ae44d13) xori    s10, s0, 942
core   0: 0 0x800041f0 (0x3ae44d13) x26 0x000003ae
core   0: 0x800041f4 (0x004491b3) sll     gp, s1, tp
core   0: 0 0x800041f4 (0x004491b3) x3  0xffffffff
core   0: 0x800041f8 (0x0166a833) slt     a6, a3, s6
core   0: 0 0x800041f8 (0x0166a833) x16 0x00000001
core   0: 0x800041fc (0x00008f49) c.or    a4, a0
core   0: 0 0x800041fc (0x8f49) x14 0x007fffff
core   0: 0x800041fe (0x000014fd) c.addi  s1, -1
core   0: 0 0x800041fe (0x14fd) x9  0xfffffffe
core   0: 0x80004200 (0x011e1563) bne     t3, a7, pc + 10
core   0: 0 0x80004200 (0x011e1563)
core   0: 0x8000420a (0x030a8bb3) mul     s7, s5, a6
core   0: 0 0x8000420a (0x030a8bb3) x23 0x00000000
core   0: 0x8000420e (0x0211fab3) remu    s5, gp, ra
core   0: 0 0x8000420e (0x0211fab3) x21 0x00000000
core   0: 0x80004212 (0x051e1263) bne     t3, a7, pc + 68
core   0: 0 0x80004212 (0x051e1263)
core   0: 0x80004256 (0x01892633) slt     a2, s2, s8
core   0: 0 0x80004256 (0x01892633) x12 0x00000000
core   0: 0x8000425a (0x00b6ae33) slt     t3, a3, a1
core   0: 0 0x8000425a (0x00b6ae33) x28 0x00000001
core   0: 0x8000425e (0x0230cf63) blt     ra, gp, pc + 62
core   0: 0 0x8000425e (0x0230cf63)
core   0: 0x80004262 (0xe582a397) auipc   t2, 0xe582a
core   0: 0 0x80004262 (0xe582a397) x7  0x6582e262
core   0: 0x80004266 (0x00006825) c.lui   a6, 0x9
core   0: 0 0x80004266 (0x6825) x16 0x00009000
core   0: 0x80004268 (0x0000100f) fence.i
core   0: 0 0x80004268 (0x0000100f)
core   0: 0x8000426c (0xdbca4237) lui     tp, 0xdbca4
core   0: 0 0x8000426c (0xdbca4237) x4  0xdbca4000
core   0: 0x80004270 (0x0137a733) slt     a4, a5, s3
core   0: 0 0x80004270 (0x0137a733) x14 0x00000000
core   0: 0x80004274 (0x0000177d) c.addi  a4, -1
core   0: 0 0x80004274 (0x177d) x14 0xffffffff
core   0: 0x80004276 (0x0000c499) c.beqz  s1, pc + 14
core   0: 0 0x80004276 (0xc499)
core   0: 0x80004278 (0x00dcf663) bgeu    s9, a3, pc + 12
core   0: 0 0x80004278 (0x00dcf663)
core   0: 0x8000427c (0x00000f15) c.addi  t5, 5
core   0: 0 0x8000427c (0x0f15) x30 0x00000004
core   0: 0x8000427e (0x00001b7d) c.addi  s6, -1
core   0: 0 0x8000427e (0x1b7d) x22 0x0000efff
core   0: 0x80004280 (0x856e7613) andi    a2, t3, -1962
core   0: 0 0x80004280 (0x856e7613) x12 0x00000000
core   0: 0x80004284 (0x019f30b3) sltu    ra, t5, s9
core   0: 0 0x80004284 (0x019f30b3) x1  0x00000001
core   0: 0x80004288 (0x0064c763) blt     s1, t1, pc + 14
core   0: 0 0x80004288 (0x0064c763)
core   0: 0x80004296 (0x00000001) c.nop
core   0: 0 0x80004296 (0x0001)
core   0: 0x80004298 (0x005de0b3) or      ra, s11, t0
core   0: 0 0x80004298 (0x005de0b3) x1  0xffffffff
core   0: 0x8000429c (0x0068a5b3) slt     a1, a7, t1
core   0: 0 0x8000429c (0x0068a5b3) x11 0x00000000
core   0: 0x800042a0 (0x012aa5b3) slt     a1, s5, s2
core   0: 0 0x800042a0 (0x012aa5b3) x11 0x00000000
core   0: 0x800042a4 (0x00009bfd) c.andi  a5, -1
core   0: 0 0x800042a4 (0x9bfd) x15 0xfffffff4
core   0: 0x800042a6 (0x0099db33) srl     s6, s3, s1
core   0: 0 0x800042a6 (0x0099db33) x22 0x00000002
core   0: 0x800042aa (0x1b167513) andi    a0, a2, 433
core   0: 0 0x800042aa (0x1b167513) x10 0x00000000
core   0: 0x800042ae (0x00008549) c.srai  a0, 18
core   0: 0 0x800042ae (0x8549) x10 0x00000000
core   0: 0x800042b0 (0x3a3a4293) xori    t0, s4, 931
core   0: 0 0x800042b0 (0x3a3a4293) x5  0x000003a3
core   0: 0x800042b4 (0x41e20633) sub     a2, tp, t5
core   0: 0 0x800042b4 (0x41e20633) x12 0xdbca3ffc
core   0: 0x800042b8 (0x00009efa) c.add   t4, t5
core   0: 0 0x800042b8 (0x9efa) x29 0x00000010
core   0: 0x800042ba (0x00008fdd) c.or    a5, a5
core   0: 0 0x800042ba (0x8fdd) x15 0xfffffff4
core   0: 0x800042bc (0x003e1093) slli    ra, t3, 3
core   0: 0 0x800042bc (0x003e1093) x1  0x00000008
core   0: 0x800042c0 (0x01ab7633) and     a2, s6, s10
core   0: 0 0x800042c0 (0x01ab7633) x12 0x00000002
core   0: 0x800042c4 (0x00008cb5) c.xor   s1, a3
core   0: 0 0x800042c4 (0x8cb5) x9  0x007ffefe
core   0: 0x800042c6 (0x0352e533) rem     a0, t0, s5
core   0: 0 0x800042c6 (0x0352e533) x10 0x000003a3
core   0: 0x800042ca (0x01243433) sltu    s0, s0, s2
core   0: 0 0x800042ca (0x01243433) x8  0x00000000
core   0: 0x800042ce (0x03491bb3) mulh    s7, s2, s4
core   0: 0 0x800042ce (0x03491bb3) x23 0x00000000
core   0: 0x800042d2 (0x02ea7833) remu    a6, s4, a4
core   0: 0 0x800042d2 (0x02ea7833) x16 0x00000000
core   0: 0x800042d6 (0x00006151) c.addi16sp sp, 272
core   0: 0 0x800042d6 (0x6151) x2  0xfffffa58
core   0: 0x800042d8 (0x41d853b3) sra     t2, a6, t4
core   0: 0 0x800042d8 (0x41d853b3) x7  0x00000000
core   0: 0x800042dc (0x00000001) c.nop
core   0: 0 0x800042dc (0x0001)
core   0: 0x800042de (0xbefa25b7) lui     a1, 0xbefa2
core   0: 0 0x800042de (0xbefa25b7) x11 0xbefa2000
core   0: 0x800042e2 (0x0104ae33) slt     t3, s1, a6
core   0: 0 0x800042e2 (0x0104ae33) x28 0x00000000
core   0: 0x800042e6 (0x00006d75) c.lui   s10, 0x1d
core   0: 0 0x800042e6 (0x6d75) x26 0x0001d000
core   0: 0x800042e8 (0x00008e81) c.sub   a3, s0
core   0: 0 0x800042e8 (0x8e81) x13 0xff800100
core   0: 0x800042ea (0x00000001) c.nop
core   0: 0 0x800042ea (0x0001)
core   0: 0x800042ec (0x411056b3) sra     a3, zero, a7
core   0: 0 0x800042ec (0x411056b3) x13 0x00000000
core   0: 0x800042f0 (0x408a5513) srai    a0, s4, 8
core   0: 0 0x800042f0 (0x408a5513) x10 0x00000000
core   0: 0x800042f4 (0x036c8bb3) mul     s7, s9, s6
core   0: 0 0x800042f4 (0x036c8bb3) x23 0x0004b9c8
core   0: 0x800042f8 (0x02e944b3) div     s1, s2, a4
core   0: 0 0x800042f8 (0x02e944b3) x9  0x00000000
core   0: 0x800042fc (0x0000100f) fence.i
core   0: 0 0x800042fc (0x0000100f)
core   0: 0x80004300 (0x00000001) c.nop
core   0: 0 0x80004300 (0x0001)
core   0: 0x80004302 (0x009cc633) xor     a2, s9, s1
core   0: 0 0x80004302 (0x009cc633) x12 0x80025ce4
core   0: 0x80004306 (0x00000001) c.nop
core   0: 0 0x80004306 (0x0001)
core   0: 0x80004308 (0x032f5133) divu    sp, t5, s2
core   0: 0 0x80004308 (0x032f5133) x2  0xffffffff
core   0: 0x8000430c (0x00008199) c.srli  a1, 6
core   0: 0 0x8000430c (0x8199) x11 0x02fbe880
core   0: 0x8000430e (0x0baccd93) xori    s11, s9, 186
core   0: 0 0x8000430e (0x0baccd93) x27 0x80025c5e
core   0: 0x80004312 (0x00000001) c.nop
core   0: 0 0x80004312 (0x0001)
core   0: 0x80004314 (0x0086f463) bgeu    a3, s0, pc + 8
core   0: 0 0x80004314 (0x0086f463)
core   0: 0x8000431c (0xa4c8ae93) slti    t4, a7, -1460
core   0: 0 0x8000431c (0xa4c8ae93) x29 0x00000000
core   0: 0x80004320 (0x01b64563) blt     a2, s11, pc + 10
core   0: 0 0x80004320 (0x01b64563)
core   0: 0x80004324 (0x00008cd9) c.or    s1, a4
core   0: 0 0x80004324 (0x8cd9) x9  0xffffffff
core   0: 0x80004326 (0x001fc633) xor     a2, t6, ra
core   0: 0 0x80004326 (0x001fc633) x12 0x00000003
core   0: 0x8000432a (0x0000436d) c.li    t1, 27
core   0: 0 0x8000432a (0x436d) x6  0x0000001b
core   0: 0x8000432c (0x41635633) sra     a2, t1, s6
core   0: 0 0x8000432c (0x41635633) x12 0x00000006
core   0: 0x80004330 (0x00000ab2) c.slli  s5, 12
core   0: 0 0x80004330 (0x0ab2) x21 0x00000000
core   0: 0x80004332 (0x00008969) c.andi  a0, 26
core   0: 0 0x80004332 (0x8969) x10 0x00000000
core   0: 0x80004334 (0xe90d3a13) sltiu   s4, s10, -368
core   0: 0 0x80004334 (0xe90d3a13) x20 0x00000001
core   0: 0x80004338 (0x00006e21) c.lui   t3, 0x8
core   0: 0 0x80004338 (0x6e21) x28 0x00008000
core   0: 0x8000433a (0x02c79d63) bne     a5, a2, pc + 58
core   0: 0 0x8000433a (0x02c79d63)
core   0: 0x80004374 (0x01233e33) sltu    t3, t1, s2
core   0: 0 0x80004374 (0x01233e33) x28 0x00000000
core   0: 0x80004378 (0x02f8f633) remu    a2, a7, a5
core   0: 0 0x80004378 (0x02f8f633) x12 0x000007fb
core   0: 0x8000437c (0x31e7f037) lui     zero, 0x31e7f
core   0: 0 0x8000437c (0x31e7f037)
core   0: 0x80004380 (0x00000669) c.addi  a2, 26
core   0: 0 0x80004380 (0x0669) x12 0x00000815
core   0: 0x80004382 (0x0ff0000f) fence   iorw,iorw
core   0: 0 0x80004382 (0x0ff0000f)
core   0: 0x80004386 (0x00001084) c.addi4spn s1, sp, 96
core   0: 0 0x80004386 (0x1084) x9  0x0000005f
core   0: 0x80004388 (0x0050b033) sltu    zero, ra, t0
core   0: 0 0x80004388 (0x0050b033)
core   0: 0x8000438c (0x2e296d13) ori     s10, s2, 738
core   0: 0 0x8000438c (0x2e296d13) x26 0x000002e2
core   0: 0x80004390 (0x05a19063) bne     gp, s10, pc + 64
core   0: 0 0x80004390 (0x05a19063)
core   0: 0x800043d0 (0x02783633) mulhu   a2, a6, t2
core   0: 0 0x800043d0 (0x02783633) x12 0x00000000
core   0: 0x800043d4 (0x32dcc893) xori    a7, s9, 813
core   0: 0 0x800043d4 (0x32dcc893) x17 0x80025fc9
core   0: 0x800043d8 (0x003d9293) slli    t0, s11, 3
core   0: 0 0x800043d8 (0x003d9293) x5  0x0012e2f0
core   0: 0x800043dc (0x00000001) c.nop
core   0: 0 0x800043dc (0x0001)
core   0: 0x800043de (0x401ad933) sra     s2, s5, ra
core   0: 0 0x800043de (0x401ad933) x18 0x00000000
core   0: 0x800043e2 (0x407484b3) sub     s1, s1, t2
core   0: 0 0x800043e2 (0x407484b3) x9  0x0000005f
core   0: 0x800043e6 (0x00000001) c.nop
core   0: 0 0x800043e6 (0x0001)
core   0: 0x800043e8 (0xd6d0f837) lui     a6, 0xd6d0f
core   0: 0 0x800043e8 (0xd6d0f837) x16 0xd6d0f000
core   0: 0x800043ec (0x009a0433) add     s0, s4, s1
core   0: 0 0x800043ec (0x009a0433) x8  0x00000060
core   0: 0x800043f0 (0x01acd133) srl     sp, s9, s10
core   0: 0 0x800043f0 (0x01acd133) x2  0x20009739
core   0: 0x800043f4 (0x01c74663) blt     a4, t3, pc + 12
core   0: 0 0x800043f4 (0x01c74663)
core   0: 0x80004400 (0x00009c3a) c.add   s8, a4
core   0: 0 0x80004400 (0x9c3a) x24 0xffffffff
core   0: 0x80004402 (0x0000651d) c.lui   a0, 0x7
core   0: 0 0x80004402 (0x651d) x10 0x00007000
core   0: 0x80004404 (0x00009e72) c.add   t3, t3
core   0: 0 0x80004404 (0x9e72) x28 0x00000000
core   0: 0x80004406 (0x0000100f) fence.i
core   0: 0 0x80004406 (0x0000100f)
core   0: 0x8000440a (0x033868b3) rem     a7, a6, s3
core   0: 0 0x8000440a (0x033868b3) x17 0xd6d0f000
core   0: 0x8000440e (0x047bf163) bgeu    s7, t2, pc + 66
core   0: 0 0x8000440e (0x047bf163)
core   0: 0x80004450 (0x00b504b3) add     s1, a0, a1
core   0: 0 0x80004450 (0x00b504b3) x9  0x02fc5880
core   0: 0x80004454 (0x67747e93) andi    t4, s0, 1655
core   0: 0 0x80004454 (0x67747e93) x29 0x00000060
core   0: 0x80004458 (0x00008e9d) c.sub   a3, a5
core   0: 0 0x80004458 (0x8e9d) x13 0x0000000c
core   0: 0x8000445a (0x031aff33) remu    t5, s5, a7
core   0: 0 0x8000445a (0x031aff33) x30 0x00000000
core   0: 0x8000445e (0x2bc76593) ori     a1, a4, 700
core   0: 0 0x8000445e (0x2bc76593) x11 0xffffffff
core   0: 0x80004462 (0x00008c5d) c.or    s0, a5
core   0: 0 0x80004462 (0x8c5d) x8  0xfffffff4
core   0: 0x80004464 (0x0000458d) c.li    a1, 3
core   0: 0 0x80004464 (0x458d) x11 0x00000003
core   0: 0x80004466 (0x016a9613) slli    a2, s5, 22
core   0: 0 0x80004466 (0x016a9613) x12 0x00000000
core   0: 0x8000446a (0x0372c533) div     a0, t0, s7
core   0: 0 0x8000446a (0x0372c533) x10 0x00000003
core   0: 0x8000446e (0xe73b2213) slti    tp, s6, -397
core   0: 0 0x8000446e (0xe73b2213) x4  0x00000000
core   0: 0x80004472 (0x0000100f) fence.i
core   0: 0 0x80004472 (0x0000100f)
core   0: 0x80004476 (0x008adeb3) srl     t4, s5, s0
core   0: 0 0x80004476 (0x008adeb3) x29 0x00000000
core   0: 0x8000447a (0x0184fbb3) and     s7, s1, s8
core   0: 0 0x8000447a (0x0184fbb3) x23 0x02fc5880
core   0: 0x8000447e (0x000081fd) c.srli  a1, 31
core   0: 0 0x8000447e (0x81fd) x11 0x00000000
core   0: 0x80004480 (0x02596db3) rem     s11, s2, t0
core   0: 0 0x80004480 (0x02596db3) x27 0x00000000
core   0: 0x80004484 (0x01606533) or      a0, zero, s6
core   0: 0 0x80004484 (0x01606533) x10 0x00000002
core   0: 0x80004488 (0x0000841e) c.mv    s0, t2
core   0: 0 0x80004488 (0x841e) x8  0x00000000
core   0: 0x8000448a (0xb4a82d13) slti    s10, a6, -1206
core   0: 0 0x8000448a (0xb4a82d13) x26 0x00000001
core   0: 0x8000448e (0x018f1593) slli    a1, t5, 24
core   0: 0 0x8000448e (0x018f1593) x11 0x00000000
core   0: 0x80004492 (0x409bd693) srai    a3, s7, 9
core   0: 0 0x80004492 (0x409bd693) x13 0x00017e2c
core   0: 0x80004496 (0x000051fd) c.li    gp, -1
core   0: 0 0x80004496 (0x51fd) x3  0xffffffff
core   0: 0x80004498 (0x00411133) sll     sp, sp, tp
core   0: 0 0x80004498 (0x00411133) x2  0x20009739
core   0: 0x8000449c (0x00ce1f63) bne     t3, a2, pc + 30
core   0: 0 0x8000449c (0x00ce1f63)
core   0: 0x800044a0 (0xa771ef17) auipc   t5, 0xa771e
core   0: 0 0x800044a0 (0xa771ef17) x30 0x277224a0
core   0: 0x800044a4 (0x049f7063) bgeu    t5, s1, pc + 64
core   0: 0 0x800044a4 (0x049f7063)
core   0: 0x800044e4 (0x0000e285) c.bnez  a3, pc + 32
core   0: 0 0x800044e4 (0xe285)
core   0: 0x80004504 (0x0313af33) mulhsu  t5, t2, a7
core   0: 0 0x80004504 (0x0313af33) x30 0x00000000
core   0: 0x80004508 (0x034de133) rem     sp, s11, s4
core   0: 0 0x80004508 (0x034de133) x2  0x00000000
core   0: 0x8000450c (0x739de393) ori     t2, s11, 1849
core   0: 0 0x8000450c (0x739de393) x7  0x00000739
core   0: 0x80004510 (0x0000091a) c.slli  s2, 6
core   0: 0 0x80004510 (0x091a) x18 0x00000000
core   0: 0x80004512 (0x0116b1b3) sltu    gp, a3, a7
core   0: 0 0x80004512 (0x0116b1b3) x3  0x00000001
core   0: 0x80004516 (0x00000001) c.nop
core   0: 0 0x80004516 (0x0001)
core   0: 0x80004518 (0x0291c633) div     a2, gp, s1
core   0: 0 0x80004518 (0x0291c633) x12 0x00000000
core   0: 0x8000451c (0x00000001) c.nop
core   0: 0 0x8000451c (0x0001)
core   0: 0x8000451e (0x4113db13) srai    s6, t2, 17
core   0: 0 0x8000451e (0x4113db13) x22 0x00000000
core   0: 0x80004522 (0x00008e1d) c.sub   a2, a5
core   0: 0 0x80004522 (0x8e1d) x12 0x0000000c
core   0: 0x80004524 (0x07573193) sltiu   gp, a4, 117
core   0: 0 0x80004524 (0x07573193) x3  0x00000000
core   0: 0x80004528 (0x84cd6093) ori     ra, s10, -1972
core   0: 0 0x80004528 (0x84cd6093) x1  0xfffff84d
core   0: 0x8000452c (0x0000100f) fence.i
core   0: 0 0x8000452c (0x0000100f)
core   0: 0x80004530 (0x00008151) c.srli  a0, 20
core   0: 0 0x80004530 (0x8151) x10 0x00000000
core   0: 0x80004532 (0x0000814e) c.mv    sp, s3
core   0: 0 0x80004532 (0x814e) x2  0x80021df8
core   0: 0x80004534 (0x00533333) sltu    t1, t1, t0
core   0: 0 0x80004534 (0x00533333) x6  0x00000001
core   0: 0x80004538 (0x01f9a933) slt     s2, s3, t6
core   0: 0 0x80004538 (0x01f9a933) x18 0x00000001
core   0: 0x8000453c (0x00000b84) c.addi4spn s1, sp, 464
core   0: 0 0x8000453c (0x0b84) x9  0x80021fc8
core   0: 0x8000453e (0x0143d493) srli    s1, t2, 20
core   0: 0 0x8000453e (0x0143d493) x9  0x00000000
core   0: 0x80004542 (0x03706a33) rem     s4, zero, s7
core   0: 0 0x80004542 (0x03706a33) x20 0x00000000
core   0: 0x80004546 (0x00001e7d) c.addi  t3, -1
core   0: 0 0x80004546 (0x1e7d) x28 0xffffffff
core   0: 0x80004548 (0x02647033) remu    zero, s0, t1
core   0: 0 0x80004548 (0x02647033)
core   0: 0x8000454c (0x00008846) c.mv    a6, a7
core   0: 0 0x8000454c (0x8846) x16 0xd6d0f000
core   0: 0x8000454e (0x00000001) c.nop
core   0: 0 0x8000454e (0x0001)
core   0: 0x80004550 (0x00f96a33) or      s4, s2, a5
core   0: 0 0x80004550 (0x00f96a33) x20 0xfffffff5
core   0: 0x80004554 (0x007f1933) sll     s2, t5, t2
core   0: 0 0x80004554 (0x007f1933) x18 0x00000000
core   0: 0x80004558 (0x000097b2) c.add   a5, a2
core   0: 0 0x80004558 (0x97b2) x15 0x00000000
core   0: 0x8000455a (0x01da35b3) sltu    a1, s4, t4
core   0: 0 0x8000455a (0x01da35b3) x11 0x00000000
core   0: 0x8000455e (0x03f8ad33) mulhsu  s10, a7, t6
core   0: 0 0x8000455e (0x03f8ad33) x26 0xfffffffe
core   0: 0x80004562 (0x00008f05) c.sub   a4, s1
core   0: 0 0x80004562 (0x8f05) x14 0xffffffff
core   0: 0x80004564 (0x4020d5b3) sra     a1, ra, sp
core   0: 0 0x80004564 (0x4020d5b3) x11 0xffffffff
core   0: 0x80004568 (0x0000987d) c.andi  s0, -1
core   0: 0 0x80004568 (0x987d) x8  0x00000000
core   0: 0x8000456a (0x00001d00) c.addi4spn s0, sp, 688
core   0: 0 0x8000456a (0x1d00) x8  0x800220a8
core   0: 0x8000456c (0x03492e33) mulhsu  t3, s2, s4
core   0: 0 0x8000456c (0x03492e33) x28 0x00000000
core   0: 0x80004570 (0x00bb7663) bgeu    s6, a1, pc + 12
core   0: 0 0x80004570 (0x00bb7663)
core   0: 0x80004574 (0xb61d2613) slti    a2, s10, -1183
core   0: 0 0x80004574 (0xb61d2613) x12 0x00000000
core   0: 0x80004578 (0xb33abd13) sltiu   s10, s5, -1229
core   0: 0 0x80004578 (0xb33abd13) x26 0x00000001
core   0: 0x8000457c (0xd1e67493) andi    s1, a2, -738
core   0: 0 0x8000457c (0xd1e67493) x9  0x00000000
core   0: 0x80004580 (0x00008edd) c.or    a3, a5
core   0: 0 0x80004580 (0x8edd) x13 0x00017e2c
core   0: 0x80004582 (0xce994db7) lui     s11, 0xce994
core   0: 0 0x80004582 (0xce994db7) x27 0xce994000
core   0: 0x80004586 (0x02014833) div     a6, sp, zero
core   0: 0 0x80004586 (0x02014833) x16 0xffffffff
core   0: 0x8000458a (0x00004a89) c.li    s5, 2
core   0: 0 0x8000458a (0x4a89) x21 0x00000002
core   0: 0x8000458c (0x03b180b3) mul     ra, gp, s11
core   0: 0 0x8000458c (0x03b180b3) x1  0x00000000
core   0: 0x80004590 (0x37584913) xori    s2, a6, 885
core   0: 0 0x80004590 (0x37584913) x18 0xfffffc8a
core   0: 0x80004594 (0x01153933) sltu    s2, a0, a7
core   0: 0 0x80004594 (0x01153933) x18 0x00000001
core   0: 0x80004598 (0x01a66db3) or      s11, a2, s10
core   0: 0 0x80004598 (0x01a66db3) x27 0x00000001
core   0: 0x8000459c (0x0000c209) c.beqz  a2, pc + 2
core   0: 0 0x8000459c (0xc209)
core   0: 0x8000459e (0x00b755b3) srl     a1, a4, a1
core   0: 0 0x8000459e (0x00b755b3) x11 0x00000001
core   0: 0x800045a2 (0x0000ea89) c.bnez  a3, pc + 18
core   0: 0 0x800045a2 (0xea89)
core   0: 0x800045b4 (0x020e5633) divu    a2, t3, zero
core   0: 0 0x800045b4 (0x020e5633) x12 0xffffffff
core   0: 0x800045b8 (0x0000869d) c.srai  a3, 7
core   0: 0 0x800045b8 (0x869d) x13 0x000002fc
core   0: 0x800045ba (0x400801b3) sub     gp, a6, zero
core   0: 0 0x800045ba (0x400801b3) x3  0xffffffff
core   0: 0x800045be (0x000088aa) c.mv    a7, a0
core   0: 0 0x800045be (0x88aa) x17 0x00000000
core   0: 0x800045c0 (0x0ff0000f) fence   iorw,iorw
core   0: 0 0x800045c0 (0x0ff0000f)
core   0: 0x800045c4 (0x00d46863) bltu    s0, a3, pc + 16
core   0: 0 0x800045c4 (0x00d46863)
core   0: 0x800045c8 (0x07d58113) addi    sp, a1, 125
core   0: 0 0x800045c8 (0x07d58113) x2  0x0000007e
core   0: 0x800045cc (0x0191a5b3) slt     a1, gp, s9
core   0: 0 0x800045cc (0x0191a5b3) x11 0x00000000
core   0: 0x800045d0 (0x40892f13) slti    t5, s2, 1032
core   0: 0 0x800045d0 (0x40892f13) x30 0x00000001
core   0: 0x800045d4 (0x41320e33) sub     t3, tp, s3
core   0: 0 0x800045d4 (0x41320e33) x28 0x7ffde208
core   0: 0x800045d8 (0x4099d933) sra     s2, s3, s1
core   0: 0 0x800045d8 (0x4099d933) x18 0x80021df8
core   0: 0x800045dc (0x8b310593) addi    a1, sp, -1869
core   0: 0 0x800045dc (0x8b310593) x11 0xfffff931
core   0: 0x800045e0 (0x004f9133) sll     sp, t6, tp
core   0: 0 0x800045e0 (0x004f9133) x2  0x0000000b
core   0: 0x800045e4 (0x00008d8d) c.sub   a1, a1
core   0: 0 0x800045e4 (0x8d8d) x11 0x00000000
core   0: 0x800045e6 (0x00b12633) slt     a2, sp, a1
core   0: 0 0x800045e6 (0x00b12633) x12 0x00000000
core   0: 0x800045ea (0x000af363) bgeu    s5, zero, pc + 6
core   0: 0 0x800045ea (0x000af363)
core   0: 0x800045f0 (0x01c91f33) sll     t5, s2, t3
core   0: 0 0x800045f0 (0x01c91f33) x30 0x021df800
core   0: 0x800045f4 (0x00801f33) sll     t5, zero, s0
core   0: 0 0x800045f4 (0x00801f33) x30 0x00000000
core   0: 0x800045f8 (0x03ec90b3) mulh    ra, s9, t5
core   0: 0 0x800045f8 (0x03ec90b3) x1  0x00000000
core   0: 0x800045fc (0x00000001) c.nop
core   0: 0 0x800045fc (0x0001)
core   0: 0x800045fe (0x00009af2) c.add   s5, t3
core   0: 0 0x800045fe (0x9af2) x21 0x7ffde20a
core   0: 0x80004600 (0x00989633) sll     a2, a7, s1
core   0: 0 0x80004600 (0x00989633) x12 0x00000000
core   0: 0x80004604 (0x02ba85b3) mul     a1, s5, a1
core   0: 0 0x80004604 (0x02ba85b3) x11 0x00000000
core   0: 0x80004608 (0x00678eb3) add     t4, a5, t1
core   0: 0 0x80004608 (0x00678eb3) x29 0x00000001
core   0: 0x8000460c (0x00008d6a) c.mv    s10, s10
core   0: 0 0x8000460c (0x8d6a) x26 0x00000001
core   0: 0x8000460e (0x04bf4263) blt     t5, a1, pc + 68
core   0: 0 0x8000460e (0x04bf4263)
core   0: 0x80004612 (0x0000100f) fence.i
core   0: 0 0x80004612 (0x0000100f)
core   0: 0x80004616 (0x962b7913) andi    s2, s6, -1694
core   0: 0 0x80004616 (0x962b7913) x18 0x00000000
core   0: 0x8000461a (0x007a1f13) slli    t5, s4, 7
core   0: 0 0x8000461a (0x007a1f13) x30 0xfffffa80
core   0: 0x8000461e (0x414f83b3) sub     t2, t6, s4
core   0: 0 0x8000461e (0x414f83b3) x7  0x00000016
core   0: 0x80004622 (0x00008e25) c.xor   a2, s1
core   0: 0 0x80004622 (0x8e25) x12 0x00000000
core   0: 0x80004624 (0x00006e39) c.lui   t3, 0xe
core   0: 0 0x80004624 (0x6e39) x28 0x0000e000
core   0: 0x80004626 (0x00008d1e) c.mv    s10, t2
core   0: 0 0x80004626 (0x8d1e) x26 0x00000016
core   0: 0x80004628 (0x40fadab3) sra     s5, s5, a5
core   0: 0 0x80004628 (0x40fadab3) x21 0x7ffde20a
core   0: 0x8000462c (0x025666b3) rem     a3, a2, t0
core   0: 0 0x8000462c (0x025666b3) x13 0x00000000
core   0: 0x80004630 (0x00bc5633) srl     a2, s8, a1
core   0: 0 0x80004630 (0x00bc5633) x12 0xffffffff
core   0: 0x80004634 (0x00008d1e) c.mv    s10, t2
core   0: 0 0x80004634 (0x8d1e) x26 0x00000016
core   0: 0x80004636 (0x0000e01d) c.bnez  s0, pc + 38
core   0: 0 0x80004636 (0xe01d)
core   0: 0x8000465c (0x9d70ed93) ori     s11, ra, -1577
core   0: 0 0x8000465c (0x9d70ed93) x27 0xfffff9d7
core   0: 0x80004660 (0x02924933) div     s2, tp, s1
core   0: 0 0x80004660 (0x02924933) x18 0xffffffff
core   0: 0x80004664 (0x013e9b63) bne     t4, s3, pc + 22
core   0: 0 0x80004664 (0x013e9b63)
core   0: 0x8000467a (0x00008099) c.srli  s1, 6
core   0: 0 0x8000467a (0x8099) x9  0x00000000
core   0: 0x8000467c (0x0000eb9d) c.bnez  a5, pc + 54
core   0: 0 0x8000467c (0xeb9d)
core   0: 0x8000467e (0x0436b613) sltiu   a2, a3, 67
core   0: 0 0x8000467e (0x0436b613) x12 0x00000001
core   0: 0x80004682 (0x018b9db3) sll     s11, s7, s8
core   0: 0 0x80004682 (0x018b9db3) x27 0x00000000
core   0: 0x80004686 (0x03160e33) mul     t3, a2, a7
core   0: 0 0x80004686 (0x03160e33) x28 0x00000000
core   0: 0x8000468a (0xfb0b3737) lui     a4, 0xfb0b3
core   0: 0 0x8000468a (0xfb0b3737) x14 0xfb0b3000
core   0: 0x8000468e (0x00008fd1) c.or    a5, a2
core   0: 0 0x8000468e (0x8fd1) x15 0x00000001
core   0: 0x80004690 (0x00008925) c.andi  a0, 9
core   0: 0 0x80004690 (0x8925) x10 0x00000000
core   0: 0x80004692 (0x0058af33) slt     t5, a7, t0
core   0: 0 0x80004692 (0x0058af33) x30 0x00000001
core   0: 0x80004696 (0x0000100f) fence.i
core   0: 0 0x80004696 (0x0000100f)
core   0: 0x8000469a (0x0000c399) c.beqz  a5, pc + 6
core   0: 0 0x8000469a (0xc399)
core   0: 0x8000469c (0x008462b3) or      t0, s0, s0
core   0: 0 0x8000469c (0x008462b3) x5  0x800220a8
core   0: 0x800046a0 (0x000002f2) c.slli  t0, 28
core   0: 0 0x800046a0 (0x02f2) x5  0x80000000
core   0: 0x800046a2 (0x00001d18) c.addi4spn a4, sp, 688
core   0: 0 0x800046a2 (0x1d18) x14 0x000002bb
core   0: 0x800046a4 (0x00008f31) c.xor   a4, a2
core   0: 0 0x800046a4 (0x8f31) x14 0x000002ba
core   0: 0x800046a6 (0x682b37b7) lui     a5, 0x682b3
core   0: 0 0x800046a6 (0x682b37b7) x15 0x682b3000
core   0: 0x800046aa (0x000052fd) c.li    t0, -1
core   0: 0 0x800046aa (0x52fd) x5  0xffffffff
core   0: 0x800046ac (0x02735a63) bge     t1, t2, pc + 52
core   0: 0 0x800046ac (0x02735a63)
core   0: 0x800046b0 (0x0000091e) c.slli  s2, 7
core   0: 0 0x800046b0 (0x091e) x18 0xffffff80
core   0: 0x800046b2 (0x000085c9) c.srai  a1, 18
core   0: 0 0x800046b2 (0x85c9) x11 0x00000000
core   0: 0x800046b4 (0x4055d693) srai    a3, a1, 5
core   0: 0 0x800046b4 (0x4055d693) x13 0x00000000
core   0: 0x800046b8 (0x02533db3) mulhu   s11, t1, t0
core   0: 0 0x800046b8 (0x02533db3) x27 0x00000000
core   0: 0x800046bc (0x00001d7d) c.addi  s10, -1
core   0: 0 0x800046bc (0x1d7d) x26 0x00000015
core   0: 0x800046be (0x09dc2d13) slti    s10, s8, 157
core   0: 0 0x800046be (0x09dc2d13) x26 0x00000001
core   0: 0x800046c2 (0x00001a08) c.addi4spn a0, sp, 304
core   0: 0 0x800046c2 (0x1a08) x10 0x0000013b
core   0: 0x800046c4 (0x00008f49) c.or    a4, a0
core   0: 0 0x800046c4 (0x8f49) x14 0x000003bb
core   0: 0x800046c6 (0x8390c013) xori    zero, ra, -1991
core   0: 0 0x800046c6 (0x8390c013)
core   0: 0x800046ca (0x00008f4a) c.mv    t5, s2
core   0: 0 0x800046ca (0x8f4a) x30 0xffffff80
core   0: 0x800046cc (0x00000001) c.nop
core   0: 0 0x800046cc (0x0001)
core   0: 0x800046ce (0x022f26b3) mulhsu  a3, t5, sp
core   0: 0 0x800046ce (0x022f26b3) x13 0xffffffff
core   0: 0x800046d2 (0x0000825e) c.mv    tp, s7
core   0: 0 0x800046d2 (0x825e) x4  0x02fc5880
core   0: 0x800046d4 (0x01ebbc33) sltu    s8, s7, t5
core   0: 0 0x800046d4 (0x01ebbc33) x24 0x00000001
core   0: 0x800046d8 (0xdab90697) auipc   a3, 0xdab90
core   0: 0 0x800046d8 (0xdab90697) x13 0x5ab946d8
core   0: 0x800046dc (0xf81003b7) lui     t2, 0xf8100
core   0: 0 0x800046dc (0xf81003b7) x7  0xf8100000
core   0: 0x800046e0 (0x025c67b3) rem     a5, s8, t0
core   0: 0 0x800046e0 (0x025c67b3) x15 0x00000000
core   0: 0x800046e4 (0x00000bf6) c.slli  s7, 29
core   0: 0 0x800046e4 (0x0bf6) x23 0x00000000
core   0: 0x800046e6 (0x00009372) c.add   t1, t3
core   0: 0 0x800046e6 (0x9372) x6  0x00000001
core   0: 0x800046e8 (0x00008159) c.srli  a0, 22
core   0: 0 0x800046e8 (0x8159) x10 0x00000000
core   0: 0x800046ea (0xa7da3c13) sltiu   s8, s4, -1411
core   0: 0 0x800046ea (0xa7da3c13) x24 0x00000000
core   0: 0x800046ee (0x00000001) c.nop
core   0: 0 0x800046ee (0x0001)
core   0: 0x800046f0 (0x02520533) mul     a0, tp, t0
core   0: 0 0x800046f0 (0x02520533) x10 0xfd03a780
core   0: 0x800046f4 (0x0000717d) c.addi16sp sp, -16
core   0: 0 0x800046f4 (0x717d) x2  0xfffffffb
core   0: 0x800046f6 (0x00001580) c.addi4spn s0, sp, 736
core   0: 0 0x800046f6 (0x1580) x8  0x000002db
core   0: 0x800046f8 (0x02c8b333) mulhu   t1, a7, a2
core   0: 0 0x800046f8 (0x02c8b333) x6  0x00000000
core   0: 0x800046fc (0x0ff0000f) fence   iorw,iorw
core   0: 0 0x800046fc (0x0ff0000f)
core   0: 0x80004700 (0x000098fd) c.andi  s1, -1
core   0: 0 0x80004700 (0x98fd) x9  0x00000000
core   0: 0x80004702 (0x00000d91) c.addi  s11, 4
core   0: 0 0x80004702 (0x0d91) x27 0x00000004
core   0: 0x80004704 (0x010423b3) slt     t2, s0, a6
core   0: 0 0x80004704 (0x010423b3) x7  0x00000000
core   0: 0x80004708 (0x0ff0000f) fence   iorw,iorw
core   0: 0 0x80004708 (0x0ff0000f)
core   0: 0x8000470c (0x03f24f33) div     t5, tp, t6
core   0: 0 0x8000470c (0x03f24f33) x30 0x00457c68
core   0: 0x80004710 (0x034be033) rem     zero, s7, s4
core   0: 0 0x80004710 (0x034be033)
core   0: 0x80004714 (0x01230a33) add     s4, t1, s2
core   0: 0 0x80004714 (0x01230a33) x20 0xffffff80
core   0: 0x80004718 (0x00001f7d) c.addi  t5, -1
core   0: 0 0x80004718 (0x1f7d) x30 0x00457c67
core   0: 0x8000471a (0x01e96f33) or      t5, s2, t5
core   0: 0 0x8000471a (0x01e96f33) x30 0xffffffe7
core   0: 0x8000471e (0x0000614d) c.addi16sp sp, 176
core   0: 0 0x8000471e (0x614d) x2  0x000000ab
core   0: 0x80004720 (0x00d3f463) bgeu    t2, a3, pc + 8
core   0: 0 0x80004720 (0x00d3f463)
core   0: 0x80004724 (0x000082a9) c.srli  a3, 10
core   0: 0 0x80004724 (0x82a9) x13 0x0016ae51
core   0: 0x80004726 (0x0000ca1d) c.beqz  a2, pc + 54
core   0: 0 0x80004726 (0xca1d)
core   0: 0x80004728 (0x00008d89) c.sub   a1, a0
core   0: 0 0x80004728 (0x8d89) x11 0x02fc5880
core   0: 0x8000472a (0x00000e55) c.addi  t3, 21
core   0: 0 0x8000472a (0x0e55) x28 0x00000015
core   0: 0x8000472c (0x03ef6663) bltu    t5, t5, pc + 44
core   0: 0 0x8000472c (0x03ef6663)
core   0: 0x80004730 (0x00b85913) srli    s2, a6, 11
core   0: 0 0x80004730 (0x00b85913) x18 0x001fffff
core   0: 0x80004734 (0x026915b3) mulh    a1, s2, t1
core   0: 0 0x80004734 (0x026915b3) x11 0x00000000
core   0: 0x80004738 (0x000007b9) c.addi  a5, 14
core   0: 0 0x80004738 (0x07b9) x15 0x0000000e
core   0: 0x8000473a (0x0288bab3) mulhu   s5, a7, s0
core   0: 0 0x8000473a (0x0288bab3) x21 0x00000000
core   0: 0x8000473e (0xe9c34793) xori    a5, t1, -356
core   0: 0 0x8000473e (0xe9c34793) x15 0xfffffe9c
core   0: 0x80004742 (0x000065a1) c.lui   a1, 0x8
core   0: 0 0x80004742 (0x65a1) x11 0x00008000
core   0: 0x80004744 (0x02191b63) bne     s2, ra, pc + 54
core   0: 0 0x80004744 (0x02191b63)
core   0: 0x8000477a (0x40fcd113) srai    sp, s9, 15
core   0: 0 0x8000477a (0x40fcd113) x2  0xffff0004
core   0: 0x8000477e (0x00009a46) c.add   s4, a7
core   0: 0 0x8000477e (0x9a46) x20 0xffffff80
core   0: 0x80004780 (0x0000e711) c.bnez  a4, pc + 12
core   0: 0 0x80004780 (0xe711)
core   0: 0x8000478c (0x01dd7f33) and     t5, s10, t4
core   0: 0 0x8000478c (0x01dd7f33) x30 0x00000001
core   0: 0x80004790 (0xc691e493) ori     s1, gp, -919
core   0: 0 0x80004790 (0xc691e493) x9  0xffffffff
core   0: 0x80004794 (0x05a0c263) blt     ra, s10, pc + 68
core   0: 0 0x80004794 (0x05a0c263)
core   0: 0x800047d8 (0x01363a33) sltu    s4, a2, s3
core   0: 0 0x800047d8 (0x01363a33) x20 0x00000001
core   0: 0x800047dc (0x00008e45) c.or    a2, s1
core   0: 0 0x800047dc (0x8e45) x12 0xffffffff
core   0: 0x800047de (0x012e9763) bne     t4, s2, pc + 14
core   0: 0 0x800047de (0x012e9763)
core   0: 0x800047ec (0x00008ee1) c.and   a3, s0
core   0: 0 0x800047ec (0x8ee1) x13 0x00000251
core   0: 0x800047ee (0x00008152) c.mv    sp, s4
core   0: 0 0x800047ee (0x8152) x2  0x00000001
core   0: 0x800047f0 (0x00000001) c.nop
core   0: 0 0x800047f0 (0x0001)
core   0: 0x800047f2 (0x02d2d833) divu    a6, t0, a3
core   0: 0 0x800047f2 (0x02d2d833) x16 0x006e8419
core   0: 0x800047f6 (0x7028a493) slti    s1, a7, 1794
core   0: 0 0x800047f6 (0x7028a493) x9  0x00000001
core   0: 0x800047fa (0x0ff0000f) fence   iorw,iorw
core   0: 0 0x800047fa (0x0ff0000f)
core   0: 0x800047fe (0x00a4d033) srl     zero, s1, a0
core   0: 0 0x800047fe (0x00a4d033)
core   0: 0x80004802 (0x62443317) auipc   t1, 0x62443
core   0: 0 0x80004802 (0x62443317) x6  0xe2447802
core   0: 0x80004806 (0x011c9093) slli    ra, s9, 17
core   0: 0 0x80004806 (0x011c9093) x1  0xb9c80000
core   0: 0x8000480a (0x00000001) c.nop
core   0: 0 0x8000480a (0x0001)
core   0: 0x8000480c (0x016b77b3) and     a5, s6, s6
core   0: 0 0x8000480c (0x016b77b3) x15 0x00000000
core   0: 0x80004810 (0x04081063) bnez    a6, pc + 64
core   0: 0 0x80004810 (0x04081063)
core   0: 0x80004850 (0x00000001) c.nop
core   0: 0 0x80004850 (0x0001)
core   0: 0x80004852 (0x0000ef09) c.bnez  a4, pc + 26
core   0: 0 0x80004852 (0xef09)
core   0: 0x8000486c (0x00c5d713) srli    a4, a1, 12
core   0: 0 0x8000486c (0x00c5d713) x14 0x00000008
core   0: 0x80004870 (0x03c41533) mulh    a0, s0, t3
core   0: 0 0x80004870 (0x03c41533) x10 0x00000000
core   0: 0x80004874 (0x0000641d) c.lui   s0, 0x7
core   0: 0 0x80004874 (0x641d) x8  0x00007000
core   0: 0x80004876 (0x0000049c) c.addi4spn a5, sp, 576
core   0: 0 0x80004876 (0x049c) x15 0x00000241
core   0: 0x80004878 (0x010dff63) bgeu    s11, a6, pc + 30
core   0: 0 0x80004878 (0x010dff63)
core   0: 0x8000487c (0x00008c65) c.and   s0, s1
core   0: 0 0x8000487c (0x8c65) x8  0x00000000
core   0: 0x8000487e (0x0672b693) sltiu   a3, t0, 103
core   0: 0 0x8000487e (0x0672b693) x13 0x00000000
core   0: 0x80004882 (0x00000001) c.nop
core   0: 0 0x80004882 (0x0001)
core   0: 0x80004884 (0x029fa733) mulhsu  a4, t6, s1
core   0: 0 0x80004884 (0x029fa733) x14 0x00000000
core   0: 0x80004888 (0x9b562593) slti    a1, a2, -1611
core   0: 0 0x80004888 (0x9b562593) x11 0x00000000
core   0: 0x8000488c (0x0244b133) mulhu   sp, s1, tp
core   0: 0 0x8000488c (0x0244b133) x2  0x00000000
core   0: 0x80004890 (0x03024433) div     s0, tp, a6
core   0: 0 0x80004890 (0x03024433) x8  0x00000006
core   0: 0x80004894 (0x0000717d) c.addi16sp sp, -16
core   0: 0 0x80004894 (0x717d) x2  0xfffffff0
core   0: 0x80004896 (0x05f11363) bne     sp, t6, pc + 70
core   0: 0 0x80004896 (0x05f11363)
core   0: 0x800048dc (0x00008d52) c.mv    s10, s4
core   0: 0 0x800048dc (0x8d52) x26 0x00000001
core   0: 0x800048de (0x7c479717) auipc   a4, 0x7c479
core   0: 0 0x800048de (0x7c479717) x14 0xfc47d8de
core   0: 0x800048e2 (0x00008f71) c.and   a4, a2
core   0: 0 0x800048e2 (0x8f71) x14 0xfc47d8de
core   0: 0x800048e4 (0x00000001) c.nop
core   0: 0 0x800048e4 (0x0001)
core   0: 0x800048e6 (0x0000100f) fence.i
core   0: 0 0x800048e6 (0x0000100f)
core   0: 0x800048ea (0x013c61b3) or      gp, s8, s3
core   0: 0 0x800048ea (0x013c61b3) x3  0x80021df8
core   0: 0x800048ee (0x40435f33) sra     t5, t1, tp
core   0: 0 0x800048ee (0x40435f33) x30 0xe2447802
core   0: 0x800048f2 (0x01c45d93) srli    s11, s0, 28
core   0: 0 0x800048f2 (0x01c45d93) x27 0x00000000
core   0: 0x800048f6 (0x01595733) srl     a4, s2, s5
core   0: 0 0x800048f6 (0x01595733) x14 0x001fffff
core   0: 0x800048fa (0x00006131) c.addi16sp sp, 320
core   0: 0 0x800048fa (0x6131) x2  0x00000130
core   0: 0x800048fc (0x41a10c33) sub     s8, sp, s10
core   0: 0 0x800048fc (0x41a10c33) x24 0x0000012f
core   0: 0x80004900 (0x0000c98d) c.beqz  a1, pc + 50
core   0: 0 0x80004900 (0xc98d)
core   0: 0x80004932 (0x00008471) c.srai  s0, 28
core   0: 0 0x80004932 (0x8471) x8  0x00000000
core   0: 0x80004934 (0x02b925b3) mulhsu  a1, s2, a1
core   0: 0 0x80004934 (0x02b925b3) x11 0x00000000
core   0: 0x80004938 (0x05e49163) bne     s1, t5, pc + 66
core   0: 0 0x80004938 (0x05e49163)
core   0: 0x8000497a (0x008c8c33) add     s8, s9, s0
core   0: 0 0x8000497a (0x008c8c33) x24 0x80025ce4
core   0: 0x8000497e (0x00000118) c.addi4spn a4, sp, 128
core   0: 0 0x8000497e (0x0118) x14 0x000001b0
core   0: 0x80004980 (0x034c0333) mul     t1, s8, s4
core   0: 0 0x80004980 (0x034c0333) x6  0x80025ce4
core   0: 0x80004984 (0x003997b3) sll     a5, s3, gp
core   0: 0 0x80004984 (0x003997b3) x15 0xf8000000
core   0: 0x80004988 (0x0000c319) c.beqz  a4, pc + 6
core   0: 0 0x80004988 (0xc319)
core   0: 0x8000498a (0x0078d2b3) srl     t0, a7, t2
core   0: 0 0x8000498a (0x0078d2b3) x5  0x00000000
core   0: 0x8000498e (0x00000c4e) c.slli  s8, 19
core   0: 0 0x8000498e (0x0c4e) x24 0xe7200000
core   0: 0x80004990 (0x00000ee5) c.addi  t4, 25
core   0: 0 0x80004990 (0x0ee5) x29 0x0000001a
core   0: 0x80004992 (0x036f53b3) divu    t2, t5, s6
core   0: 0 0x80004992 (0x036f53b3) x7  0xffffffff
core   0: 0x80004996 (0x000082ca) c.mv    t0, s2
core   0: 0 0x80004996 (0x82ca) x5  0x001fffff
core   0: 0x80004998 (0x02809233) mulh    tp, ra, s0
core   0: 0 0x80004998 (0x02809233) x4  0x00000000
core   0: 0x8000499c (0x008f8563) beq     t6, s0, pc + 10
core   0: 0 0x8000499c (0x008f8563)
core   0: 0x800049a0 (0x00000a26) c.slli  s4, 9
core   0: 0 0x800049a0 (0x0a26) x20 0x00000200
core   0: 0x800049a2 (0x00283bb3) sltu    s7, a6, sp
core   0: 0 0x800049a2 (0x00283bb3) x23 0x00000000
core   0: 0x800049a6 (0x0000910e) c.add   sp, gp
core   0: 0 0x800049a6 (0x910e) x2  0x80021f28
core   0: 0x800049a8 (0x037a9933) mulh    s2, s5, s7
core   0: 0 0x800049a8 (0x037a9933) x18 0x00000000
core   0: 0x800049ac (0x03658533) mul     a0, a1, s6
core   0: 0 0x800049ac (0x03658533) x10 0x00000000
core   0: 0x800049b0 (0x0000c095) c.beqz  s1, pc + 36
core   0: 0 0x800049b0 (0xc095)
core   0: 0x800049b2 (0x0000ca81) c.beqz  a3, pc + 16
core   0: 0 0x800049b2 (0xca81)
core   0: 0x800049c2 (0x00d61663) bne     a2, a3, pc + 12
core   0: 0 0x800049c2 (0x00d61663)
core   0: 0x800049ce (0x016a38b3) sltu    a7, s4, s6
core   0: 0 0x800049ce (0x016a38b3) x17 0x00000000
core   0: 0x800049d2 (0x00008e1d) c.sub   a2, a5
core   0: 0 0x800049d2 (0x8e1d) x12 0x07ffffff
core   0: 0x800049d4 (0xb0ea45b7) lui     a1, 0xb0ea4
core   0: 0 0x800049d4 (0xb0ea45b7) x11 0xb0ea4000
core   0: 0x800049d8 (0x016fc0b3) xor     ra, t6, s6
core   0: 0 0x800049d8 (0x016fc0b3) x1  0x0000000b
core   0: 0x800049dc (0x39162893) slti    a7, a2, 913
core   0: 0 0x800049dc (0x39162893) x17 0x00000000
core   0: 0x800049e0 (0x000083f5) c.srli  a5, 29
core   0: 0 0x800049e0 (0x83f5) x15 0x00000007
core   0: 0x800049e2 (0x015c2333) slt     t1, s8, s5
core   0: 0 0x800049e2 (0x015c2333) x6  0x00000001
core   0: 0x800049e6 (0x016e5f63) bge     t3, s6, pc + 30
core   0: 0 0x800049e6 (0x016e5f63)
core   0: 0x80004a04 (0x0325fe33) remu    t3, a1, s2
core   0: 0 0x80004a04 (0x0325fe33) x28 0xb0ea4000
core   0: 0x80004a08 (0x0000c519) c.beqz  a0, pc + 14
core   0: 0 0x80004a08 (0xc519)
core   0: 0x80004a16 (0x019f1d13) slli    s10, t5, 25
core   0: 0 0x80004a16 (0x019f1d13) x26 0x04000000
core   0: 0x80004a1a (0x0232f4b3) remu    s1, t0, gp
core   0: 0 0x80004a1a (0x0232f4b3) x9  0x001fffff
core   0: 0x80004a1e (0x039ae363) bltu    s5, s9, pc + 38
core   0: 0 0x80004a1e (0x039ae363)
core   0: 0x80004a44 (0x72ba8213) addi    tp, s5, 1835
core   0: 0 0x80004a44 (0x72ba8213) x4  0x0000072b
core   0: 0x80004a48 (0x00000001) c.nop
core   0: 0 0x80004a48 (0x0001)
core   0: 0x80004a4a (0x00004b9d) c.li    s7, 7
core   0: 0 0x80004a4a (0x4b9d) x23 0x00000007
core   0: 0x80004a4c (0x0000023e) c.slli  tp, 15
core   0: 0 0x80004a4c (0x023e) x4  0x03958000
core   0: 0x80004a4e (0x03c85db3) divu    s11, a6, t3
core   0: 0 0x80004a4e (0x03c85db3) x27 0x00000000
core   0: 0x80004a52 (0x000010fd) c.addi  ra, -1
core   0: 0 0x80004a52 (0x10fd) x1  0x0000000a
core   0: 0x80004a54 (0x015ce463) bltu    s9, s5, pc + 8
core   0: 0 0x80004a54 (0x015ce463)
core   0: 0x80004a58 (0x0000e391) c.bnez  a5, pc + 4
core   0: 0 0x80004a58 (0xe391)
core   0: 0x80004a5c (0x00cd67b3) or      a5, s10, a2
core   0: 0 0x80004a5c (0x00cd67b3) x15 0x07ffffff
core   0: 0x80004a60 (0x02a75a63) bge     a4, a0, pc + 52
core   0: 0 0x80004a60 (0x02a75a63)
core   0: 0x80004a94 (0x036cddb3) divu    s11, s9, s6
core   0: 0 0x80004a94 (0x036cddb3) x27 0xffffffff
core   0: 0x80004a98 (0x017382b3) add     t0, t2, s7
core   0: 0 0x80004a98 (0x017382b3) x5  0x00000006
core   0: 0x80004a9c (0x01f19033) sll     zero, gp, t6
core   0: 0 0x80004a9c (0x01f19033)
core   0: 0x80004aa0 (0x528ba713) slti    a4, s7, 1320
core   0: 0 0x80004aa0 (0x528ba713) x14 0x00000001
core   0: 0x80004aa4 (0x037e78b3) remu    a7, t3, s7
core   0: 0 0x80004aa4 (0x037e78b3) x17 0x00000004
core   0: 0x80004aa8 (0x0000c215) c.beqz  a2, pc + 36
core   0: 0 0x80004aa8 (0xc215)
core   0: 0x80004aaa (0x03f2e763) bltu    t0, t6, pc + 46
core   0: 0 0x80004aaa (0x03f2e763)
core   0: 0x80004ad8 (0x00008eb1) c.xor   a3, a2
core   0: 0 0x80004ad8 (0x8eb1) x13 0x07ffffff
core   0: 0x80004ada (0x00008d99) c.sub   a1, a4
core   0: 0 0x80004ada (0x8d99) x11 0xb0ea3fff
core   0: 0x80004adc (0x0315fe33) remu    t3, a1, a7
core   0: 0 0x80004adc (0x0315fe33) x28 0x00000003
core   0: 0x80004ae0 (0x40ca07b3) sub     a5, s4, a2
core   0: 0 0x80004ae0 (0x40ca07b3) x15 0xf8000201
core   0: 0x80004ae4 (0xb0a78693) addi    a3, a5, -1270
core   0: 0 0x80004ae4 (0xb0a78693) x13 0xf7fffd0b
core   0: 0x80004ae8 (0x01cbdd33) srl     s10, s7, t3
core   0: 0 0x80004ae8 (0x01cbdd33) x26 0x00000000
core   0: 0x80004aec (0x0000049e) c.slli  s1, 7
core   0: 0 0x80004aec (0x049e) x9  0x0fffff80
core   0: 0x80004aee (0x01a8a5b3) slt     a1, a7, s10
core   0: 0 0x80004aee (0x01a8a5b3) x11 0x00000000
core   0: 0x80004af2 (0x00008d41) c.or    a0, s0
core   0: 0 0x80004af2 (0x8d41) x10 0x00000000
core   0: 0x80004af4 (0x02087e63) bgeu    a6, zero, pc + 60
core   0: 0 0x80004af4 (0x02087e63)
core   0: 0x80004b30 (0xa9d26db7) lui     s11, 0xa9d26
core   0: 0 0x80004b30 (0xa9d26db7) x27 0xa9d26000
core   0: 0x80004b34 (0x00008599) c.srai  a1, 6
core   0: 0 0x80004b34 (0x8599) x11 0x00000000
core   0: 0x80004b36 (0x0000e489) c.bnez  s1, pc + 10
core   0: 0 0x80004b36 (0xe489)
core   0: 0x80004b40 (0x00000001) c.nop
core   0: 0 0x80004b40 (0x0001)
core   0: 0x80004b42 (0x00008ea1) c.xor   a3, s0
core   0: 0 0x80004b42 (0x8ea1) x13 0xf7fffd0b
core   0: 0x80004b44 (0x00000001) c.nop
core   0: 0 0x80004b44 (0x0001)
core   0: 0x80004b46 (0x01149db3) sll     s11, s1, a7
core   0: 0 0x80004b46 (0x01149db3) x27 0xfffff800
core   0: 0x80004b4a (0x03d053b3) divu    t2, zero, t4
core   0: 0 0x80004b4a (0x03d053b3) x7  0x00000000
core   0: 0x80004b4e (0x00df1ab3) sll     s5, t5, a3
core   0: 0 0x80004b4e (0x00df1ab3) x21 0x23c01000
core   0: 0x80004b52 (0x00008a79) c.andi  a2, 30
core   0: 0 0x80004b52 (0x8a79) x12 0x0000001e
core   0: 0x80004b54 (0x00008f0d) c.sub   a4, a1
core   0: 0 0x80004b54 (0x8f0d) x14 0x00000001
core   0: 0x80004b56 (0x00000001) c.nop
core   0: 0 0x80004b56 (0x0001)
core   0: 0x80004b58 (0x0000c509) c.beqz  a0, pc + 10
core   0: 0 0x80004b58 (0xc509)
core   0: 0x80004b62 (0x0017adb3) slt     s11, a5, ra
core   0: 0 0x80004b62 (0x0017adb3) x27 0x00000001
core   0: 0x80004b66 (0x00008da1) c.xor   a1, s0
core   0: 0 0x80004b66 (0x8da1) x11 0x00000000
core   0: 0x80004b68 (0x00008d25) c.xor   a0, s1
core   0: 0 0x80004b68 (0x8d25) x10 0x0fffff80
core   0: 0x80004b6a (0x015e6863) bltu    t3, s5, pc + 16
core   0: 0 0x80004b6a (0x015e6863)
core   0: 0x80004b7a (0x000087f9) c.srai  a5, 30
core   0: 0 0x80004b7a (0x87f9) x15 0xffffffff
core   0: 0x80004b7c (0x00008225) c.srli  a2, 9
core   0: 0 0x80004b7c (0x8225) x12 0x00000000
core   0: 0x80004b7e (0x04305163) bge     zero, gp, pc + 66
core   0: 0 0x80004b7e (0x04305163)
core   0: 0x80004bc0 (0x003ea5b3) slt     a1, t4, gp
core   0: 0 0x80004bc0 (0x003ea5b3) x11 0x00000000
core   0: 0x80004bc4 (0x034e4133) div     sp, t3, s4
core   0: 0 0x80004bc4 (0x034e4133) x2  0x00000000
core   0: 0x80004bc8 (0x01f79563) bne     a5, t6, pc + 10
core   0: 0 0x80004bc8 (0x01f79563)
core   0: 0x80004bd2 (0x0000177d) c.addi  a4, -1
core   0: 0 0x80004bd2 (0x177d) x14 0x00000000
core   0: 0x80004bd4 (0x9ea44e13) xori    t3, s0, -1558
core   0: 0 0x80004bd4 (0x9ea44e13) x28 0xfffff9ea
core   0: 0x80004bd8 (0x01039e13) slli    t3, t2, 16
core   0: 0 0x80004bd8 (0x01039e13) x28 0x00000000
core   0: 0x80004bdc (0x00008a71) c.andi  a2, 28
core   0: 0 0x80004bdc (0x8a71) x12 0x00000000
core   0: 0x80004bde (0x036fb3b3) mulhu   t2, t6, s6
core   0: 0 0x80004bde (0x036fb3b3) x7  0x00000000
core   0: 0x80004be2 (0x00008d51) c.or    a0, a2
core   0: 0 0x80004be2 (0x8d51) x10 0x0fffff80
core   0: 0x80004be4 (0x009c8e33) add     t3, s9, s1
core   0: 0 0x80004be4 (0x009c8e33) x28 0x90025c64
core   0: 0x80004be8 (0x00791033) sll     zero, s2, t2
core   0: 0 0x80004be8 (0x00791033)
core   0: 0x80004bec (0x014efc33) and     s8, t4, s4
core   0: 0 0x80004bec (0x014efc33) x24 0x00000000
core   0: 0x80004bf0 (0x000052fd) c.li    t0, -1
core   0: 0 0x80004bf0 (0x52fd) x5  0xffffffff
core   0: 0x80004bf2 (0x00009646) c.add   a2, a7
core   0: 0 0x80004bf2 (0x9646) x12 0x00000004
core   0: 0x80004bf4 (0x01f023b3) slt     t2, zero, t6
core   0: 0 0x80004bf4 (0x01f023b3) x7  0x00000001
core   0: 0x80004bf8 (0x000015fd) c.addi  a1, -1
core   0: 0 0x80004bf8 (0x15fd) x11 0xffffffff
core   0: 0x80004bfa (0x00008ee9) c.and   a3, a0
core   0: 0 0x80004bfa (0x8ee9) x13 0x07fffd00
core   0: 0x80004bfc (0x00008cd5) c.or    s1, a3
core   0: 0 0x80004bfc (0x8cd5) x9  0x0fffff80
core   0: 0x80004bfe (0x00008e99) c.sub   a3, a4
core   0: 0 0x80004bfe (0x8e99) x13 0x07fffd00
core   0: 0x80004c00 (0x0000717d) c.addi16sp sp, -16
core   0: 0 0x80004c00 (0x717d) x2  0xfffffff0
core   0: 0x80004c02 (0x02af9533) mulh    a0, t6, a0
core   0: 0 0x80004c02 (0x02af9533) x10 0x00000000
core   0: 0x80004c06 (0x0ff0000f) fence   iorw,iorw
core   0: 0 0x80004c06 (0x0ff0000f)
core   0: 0x80004c0a (0x411ada33) sra     s4, s5, a7
core   0: 0 0x80004c0a (0x411ada33) x20 0x023c0100
core   0: 0x80004c0e (0x0ff0000f) fence   iorw,iorw
core   0: 0 0x80004c0e (0x0ff0000f)
core   0: 0x80004c12 (0x00f25713) srli    a4, tp, 15
core   0: 0 0x80004c12 (0x00f25713) x14 0x0000072b
core   0: 0x80004c16 (0x00000001) c.nop
core   0: 0 0x80004c16 (0x0001)
core   0: 0x80004c18 (0x00352bb3) slt     s7, a0, gp
core   0: 0 0x80004c18 (0x00352bb3) x23 0x00000000
core   0: 0x80004c1c (0x00006f51) c.lui   t5, 0x14
core   0: 0 0x80004c1c (0x6f51) x30 0x00014000
core   0: 0x80004c1e (0x0000086a) c.slli  a6, 26
core   0: 0 0x80004c1e (0x086a) x16 0x64000000
core   0: 0x80004c20 (0x40518e33) sub     t3, gp, t0
core   0: 0 0x80004c20 (0x40518e33) x28 0x80021df9
core   0: 0x80004c24 (0x000048fd) c.li    a7, 31
core   0: 0 0x80004c24 (0x48fd) x17 0x0000001f
core   0: 0x80004c26 (0x03fa6a93) ori     s5, s4, 63
core   0: 0 0x80004c26 (0x03fa6a93) x21 0x023c013f
core   0: 0x80004c2a (0x00008325) c.srli  a4, 9
core   0: 0 0x80004c2a (0x8325) x14 0x00000003
core   0: 0x80004c2c (0x00001804) c.addi4spn s1, sp, 48
core   0: 0 0x80004c2c (0x1804) x9  0x00000020
core   0: 0x80004c2e (0x026c2bb3) mulhsu  s7, s8, t1
core   0: 0 0x80004c2e (0x026c2bb3) x23 0x00000000
core   0: 0x80004c32 (0x000080da) c.mv    ra, s6
core   0: 0 0x80004c32 (0x80da) x1  0x00000000
core   0: 0x80004c34 (0x01b7d593) srli    a1, a5, 27
core   0: 0 0x80004c34 (0x01b7d593) x11 0x0000001f
core   0: 0x80004c38 (0x00000d26) c.slli  s10, 9
core   0: 0 0x80004c38 (0x0d26) x26 0x00000000
core   0: 0x80004c3a (0x00008da5) c.xor   a1, s1
core   0: 0 0x80004c3a (0x8da5) x11 0x0000003f
core   0: 0x80004c3c (0x7b478493) addi    s1, a5, 1972
core   0: 0 0x80004c3c (0x7b478493) x9  0x000007b3
core   0: 0x80004c40 (0x0000717d) c.addi16sp sp, -16
core   0: 0 0x80004c40 (0x717d) x2  0xffffffe0
core   0: 0x80004c42 (0x02959933) mulh    s2, a1, s1
core   0: 0 0x80004c42 (0x02959933) x18 0x00000000
core   0: 0x80004c46 (0x03f3a933) mulhsu  s2, t2, t6
core   0: 0 0x80004c46 (0x03f3a933) x18 0x00000000
core   0: 0x80004c4a (0x038944b3) div     s1, s2, s8
core   0: 0 0x80004c4a (0x038944b3) x9  0xffffffff
core   0: 0x80004c4e (0x40bcd8b3) sra     a7, s9, a1
core   0: 0 0x80004c4e (0x40bcd8b3) x17 0xffffffff
core   0: 0x80004c52 (0x0000ef15) c.bnez  a4, pc + 60
core   0: 0 0x80004c52 (0xef15)
core   0: 0x80004c8e (0x00005a7d) c.li    s4, -1
core   0: 0 0x80004c8e (0x5a7d) x20 0xffffffff
core   0: 0x80004c90 (0x02a2ca63) blt     t0, a0, pc + 52
core   0: 0 0x80004c90 (0x02a2ca63)
core   0: 0x80004cc4 (0x00008a4d) c.andi  a2, 19
core   0: 0 0x80004cc4 (0x8a4d) x12 0x00000000
core   0: 0x80004cc6 (0x00008779) c.srai  a4, 30
core   0: 0 0x80004cc6 (0x8779) x14 0x00000000
core   0: 0x80004cc8 (0x027c5b33) divu    s6, s8, t2
core   0: 0 0x80004cc8 (0x027c5b33) x22 0x00000000
core   0: 0x80004ccc (0x8b556917) auipc   s2, 0x8b556
core   0: 0 0x80004ccc (0x8b556917) x18 0x0b55accc
core   0: 0x80004cd0 (0x03aec963) blt     t4, s10, pc + 50
core   0: 0 0x80004cd0 (0x03aec963)
core   0: 0x80004cd4 (0x00006b31) c.lui   s6, 0xc
core   0: 0 0x80004cd4 (0x6b31) x22 0x0000c000
core   0: 0x80004cd6 (0xc6123a13) sltiu   s4, tp, -927
core   0: 0 0x80004cd6 (0xc6123a13) x20 0x00000001
core   0: 0x80004cda (0x03a66263) bltu    a2, s10, pc + 36
core   0: 0 0x80004cda (0x03a66263)
core   0: 0x80004cde (0x000091aa) c.add   gp, a0
core   0: 0 0x80004cde (0x91aa) x3  0x80021df8
core   0: 0x80004ce0 (0x000fe0b3) or      ra, t6, zero
core   0: 0 0x80004ce0 (0x000fe0b3) x1  0x0000000b
core   0: 0x80004ce4 (0x00008c85) c.sub   s1, s1
core   0: 0 0x80004ce4 (0x8c85) x9  0x00000000
core   0: 0x80004ce6 (0x0000851d) c.srai  a0, 7
core   0: 0 0x80004ce6 (0x851d) x10 0x00000000
core   0: 0x80004ce8 (0x00008aa6) c.mv    s5, s1
core   0: 0 0x80004ce8 (0x8aa6) x21 0x00000000
core   0: 0x80004cea (0x0000c701) c.beqz  a4, pc + 8
core   0: 0 0x80004cea (0xc701)
core   0: 0x80004cf2 (0x01348ab3) add     s5, s1, s3
core   0: 0 0x80004cf2 (0x01348ab3) x21 0x80021df8
core   0: 0x80004cf6 (0x0000e591) c.bnez  a1, pc + 12
core   0: 0 0x80004cf6 (0xe591)
core   0: 0x80004d02 (0x00000c65) c.addi  s8, 25
core   0: 0 0x80004d02 (0x0c65) x24 0x00000019
core   0: 0x80004d04 (0x000083b1) c.srli  a5, 12
core   0: 0 0x80004d04 (0x83b1) x15 0x000fffff
core   0: 0x80004d06 (0x01f3bb33) sltu    s6, t2, t6
core   0: 0 0x80004d06 (0x01f3bb33) x22 0x00000001
core   0: 0x80004d0a (0x000085a5) c.srai  a1, 9
core   0: 0 0x80004d0a (0x85a5) x11 0x00000000
core   0: 0x80004d0c (0x0c26c793) xori    a5, a3, 194
core   0: 0 0x80004d0c (0x0c26c793) x15 0x07fffdc2
core   0: 0x80004d10 (0x00000001) c.nop
core   0: 0 0x80004d10 (0x0001)
core   0: 0x80004d12 (0x37346193) ori     gp, s0, 883
core   0: 0 0x80004d12 (0x37346193) x3  0x00000373
core   0: 0x80004d16 (0x0000e985) c.bnez  a1, pc + 48
core   0: 0 0x80004d16 (0xe985)
core   0: 0x80004d18 (0x02915eb3) divu    t4, sp, s1
core   0: 0 0x80004d18 (0x02915eb3) x29 0xffffffff
core   0: 0x80004d1c (0x01285db3) srl     s11, a6, s2
core   0: 0 0x80004d1c (0x01285db3) x27 0x00064000
core   0: 0x80004d20 (0x0044d633) srl     a2, s1, tp
core   0: 0 0x80004d20 (0x0044d633) x12 0x00000000
core   0: 0x80004d24 (0x05370463) beq     a4, s3, pc + 72
core   0: 0 0x80004d24 (0x05370463)
core   0: 0x80004d28 (0x00291793) slli    a5, s2, 2
core   0: 0 0x80004d28 (0x00291793) x15 0x2d56b330
core   0: 0x80004d2c (0x00006611) c.lui   a2, 0x4
core   0: 0 0x80004d2c (0x6611) x12 0x00004000
core   0: 0x80004d2e (0x013f4533) xor     a0, t5, s3
core   0: 0 0x80004d2e (0x013f4533) x10 0x80035df8
core   0: 0x80004d32 (0xd3626737) lui     a4, 0xd3626
core   0: 0 0x80004d32 (0xd3626737) x14 0xd3626000
core   0: 0x80004d36 (0x01fe0863) beq     t3, t6, pc + 16
core   0: 0 0x80004d36 (0x01fe0863)
core   0: 0x80004d3a (0xce9cad13) slti    s10, s9, -791
core   0: 0 0x80004d3a (0xce9cad13) x26 0x00000001
core   0: 0x80004d3e (0xfc2ee737) lui     a4, 0xfc2ee
core   0: 0 0x80004d3e (0xfc2ee737) x14 0xfc2ee000
core   0: 0x80004d42 (0x4050d433) sra     s0, ra, t0
core   0: 0 0x80004d42 (0x4050d433) x8  0x00000000
core   0: 0x80004d46 (0xdc96bd13) sltiu   s10, a3, -567
core   0: 0 0x80004d46 (0xdc96bd13) x26 0x00000001
core   0: 0x80004d4a (0x033f6333) rem     t1, t5, s3
core   0: 0 0x80004d4a (0x033f6333) x6  0x00014000
core   0: 0x80004d4e (0x039e94b3) mulh    s1, t4, s9
core   0: 0 0x80004d4e (0x039e94b3) x9  0x00000000
core   0: 0x80004d52 (0xb9287013) andi    zero, a6, -1134
core   0: 0 0x80004d52 (0xb9287013)
core   0: 0x80004d56 (0x00fec563) blt     t4, a5, pc + 10
core   0: 0 0x80004d56 (0x00fec563)
core   0: 0x80004d60 (0xb077c293) xori    t0, a5, -1273
core   0: 0 0x80004d60 (0xb077c293) x5  0xd2a94837
core   0: 0x80004d64 (0x00008d0d) c.sub   a0, a1
core   0: 0 0x80004d64 (0x8d0d) x10 0x80035df8
core   0: 0x80004d66 (0x00008ead) c.xor   a3, a1
core   0: 0 0x80004d66 (0x8ead) x13 0x07fffd00
core   0: 0x80004d68 (0x01299413) slli    s0, s3, 18
core   0: 0 0x80004d68 (0x01299413) x8  0x77e00000
core   0: 0x80004d6c (0x00008a6d) c.andi  a2, 27
core   0: 0 0x80004d6c (0x8a6d) x12 0x00000000
core   0: 0x80004d6e (0x0000081a) c.slli  a6, 6
core   0: 0 0x80004d6e (0x081a) x16 0x00000000
core   0: 0x80004d70 (0x0053e7b3) or      a5, t2, t0
core   0: 0 0x80004d70 (0x0053e7b3) x15 0xd2a94837
core   0: 0x80004d74 (0x7f0a7d13) andi    s10, s4, 2032
core   0: 0 0x80004d74 (0x7f0a7d13) x26 0x00000000
core   0: 0x80004d78 (0x00008db5) c.xor   a1, a3
core   0: 0 0x80004d78 (0x8db5) x11 0x07fffd00
core   0: 0x80004d7a (0x00000001) c.nop
core   0: 0 0x80004d7a (0x0001)
core   0: 0x80004d7c (0xda786293) ori     t0, a6, -601
core   0: 0 0x80004d7c (0xda786293) x5  0xfffffda7
core   0: 0x80004d80 (0x00008cfd) c.and   s1, a5
core   0: 0 0x80004d80 (0x8cfd) x9  0x00000000
core   0: 0x80004d82 (0x0242ba33) mulhu   s4, t0, tp
core   0: 0 0x80004d82 (0x0242ba33) x20 0x03957ff7
core   0: 0x80004d86 (0x01e1b733) sltu    a4, gp, t5
core   0: 0 0x80004d86 (0x01e1b733) x14 0x00000001
core   0: 0x80004d8a (0x0000100f) fence.i
core   0: 0 0x80004d8a (0x0000100f)
core   0: 0x80004d8e (0x02f95ab3) divu    s5, s2, a5
core   0: 0 0x80004d8e (0x02f95ab3) x21 0x00000000
core   0: 0x80004d92 (0x0000c089) c.beqz  s1, pc + 2
core   0: 0 0x80004d92 (0xc089)
core   0: 0x80004d94 (0x0000527d) c.li    tp, -1
core   0: 0 0x80004d94 (0x527d) x4  0xffffffff
core   0: 0x80004d96 (0x000b3ab3) sltu    s5, s6, zero
core   0: 0 0x80004d96 (0x000b3ab3) x21 0x00000000
core   0: 0x80004d9a (0x025a4963) blt     s4, t0, pc + 50
core   0: 0 0x80004d9a (0x025a4963)
core   0: 0x80004d9e (0x009eaf33) slt     t5, t4, s1
core   0: 0 0x80004d9e (0x009eaf33) x30 0x00000001
core   0: 0x80004da2 (0x000091f2) c.add   gp, t3
core   0: 0 0x80004da2 (0x91f2) x3  0x8002216c
core   0: 0x80004da4 (0x0206d8b3) divu    a7, a3, zero
core   0: 0 0x80004da4 (0x0206d8b3) x17 0xffffffff
core   0: 0x80004da8 (0x00913933) sltu    s2, sp, s1
core   0: 0 0x80004da8 (0x00913933) x18 0x00000000
core   0: 0x80004dac (0x0000cb15) c.beqz  a4, pc + 52
core   0: 0 0x80004dac (0xcb15)
core   0: 0x80004dae (0x401fd7b3) sra     a5, t6, ra
core   0: 0 0x80004dae (0x401fd7b3) x15 0x00000000
core   0: 0x80004db2 (0x00383e33) sltu    t3, a6, gp
core   0: 0 0x80004db2 (0x00383e33) x28 0x00000001
core   0: 0x80004db6 (0xf3bea213) slti    tp, t4, -197
core   0: 0 0x80004db6 (0xf3bea213) x4  0x00000000
core   0: 0x80004dba (0x00008ce1) c.and   s1, s0
core   0: 0 0x80004dba (0x8ce1) x9  0x00000000
core   0: 0x80004dbc (0x00127863) bgeu    tp, ra, pc + 16
core   0: 0 0x80004dbc (0x00127863)
core   0: 0x80004dc0 (0x007b9d33) sll     s10, s7, t2
core   0: 0 0x80004dc0 (0x007b9d33) x26 0x00000000
core   0: 0x80004dc4 (0x017be963) bltu    s7, s7, pc + 18
core   0: 0 0x80004dc4 (0x017be963)
core   0: 0x80004dc8 (0x00004969) c.li    s2, 26
core   0: 0 0x80004dc8 (0x4969) x18 0x0000001a
core   0: 0x80004dca (0x0000ec99) c.bnez  s1, pc + 30
core   0: 0 0x80004dca (0xec99)
core   0: 0x80004dcc (0x00009bf2) c.add   s7, t3
core   0: 0 0x80004dcc (0x9bf2) x23 0x00000001
core   0: 0x80004dce (0x40c2d133) sra     sp, t0, a2
core   0: 0 0x80004dce (0x40c2d133) x2  0xfffffda7
core   0: 0x80004dd2 (0x00008469) c.srai  s0, 26
core   0: 0 0x80004dd2 (0x8469) x8  0x0000001d
core   0: 0x80004dd4 (0x00009bfd) c.andi  a5, -1
core   0: 0 0x80004dd4 (0x9bfd) x15 0x00000000
core   0: 0x80004dd6 (0x0000862d) c.srai  a2, 11
core   0: 0 0x80004dd6 (0x862d) x12 0x00000000
core   0: 0x80004dd8 (0x049cd463) bge     s9, s1, pc + 72
core   0: 0 0x80004dd8 (0x049cd463)
core   0: 0x80004ddc (0x50858693) addi    a3, a1, 1288
core   0: 0 0x80004ddc (0x50858693) x13 0x08000208
core   0: 0x80004de0 (0x01cf9eb3) sll     t4, t6, t3
core   0: 0 0x80004de0 (0x01cf9eb3) x29 0x00000016
core   0: 0x80004de4 (0x395be513) ori     a0, s7, 917
core   0: 0 0x80004de4 (0x395be513) x10 0x00000395
core   0: 0x80004de8 (0x67ddbe13) sltiu   t3, s11, 1661
core   0: 0 0x80004de8 (0x67ddbe13) x28 0x00000000
core   0: 0x80004dec (0x00779693) slli    a3, a5, 7
core   0: 0 0x80004dec (0x00779693) x13 0x00000000
core   0: 0x80004df0 (0x04a56263) bltu    a0, a0, pc + 68
core   0: 0 0x80004df0 (0x04a56263)
core   0: 0x80004df4 (0x01790563) beq     s2, s7, pc + 10
core   0: 0 0x80004df4 (0x01790563)
core   0: 0x80004df8 (0x00008cb1) c.xor   s1, a2
core   0: 0 0x80004df8 (0x8cb1) x9  0x00000000
core   0: 0x80004dfa (0x00008e55) c.or    a2, a3
core   0: 0 0x80004dfa (0x8e55) x12 0x00000000
core   0: 0x80004dfc (0x00008eda) c.mv    t4, s6
core   0: 0 0x80004dfc (0x8eda) x29 0x00000001
core   0: 0x80004dfe (0x05b9d163) bge     s3, s11, pc + 66
core   0: 0 0x80004dfe (0x05b9d163)
core   0: 0x80004e02 (0x0000100f) fence.i
core   0: 0 0x80004e02 (0x0000100f)
core   0: 0x80004e06 (0x02c05f63) bge     zero, a2, pc + 62
core   0: 0 0x80004e06 (0x02c05f63)
core   0: 0x80004e44 (0x03734633) div     a2, t1, s7
core   0: 0 0x80004e44 (0x03734633) x12 0x00014000
core   0: 0x80004e48 (0x00000562) c.slli  a0, 24
core   0: 0 0x80004e48 (0x0562) x10 0x95000000
core   0: 0x80004e4a (0x4d3eca13) xori    s4, t4, 1235
core   0: 0 0x80004e4a (0x4d3eca13) x20 0x000004d2
core   0: 0x80004e4e (0x03f17563) bgeu    sp, t6, pc + 42
core   0: 0 0x80004e4e (0x03f17563)
core   0: 0x80004e78 (0x00bb1363) bne     s6, a1, pc + 6
core   0: 0 0x80004e78 (0x00bb1363)
core   0: 0x80004e7e (0x0000955a) c.add   a0, s6
core   0: 0 0x80004e7e (0x955a) x10 0x95000001
core   0: 0x80004e80 (0x04014063) bltz    sp, pc + 64
core   0: 0 0x80004e80 (0x04014063)
core   0: 0x80004ec0 (0x008ec0b3) xor     ra, t4, s0
core   0: 0 0x80004ec0 (0x008ec0b3) x1  0x0000001c
core   0: 0x80004ec4 (0x0139d0b3) srl     ra, s3, s3
core   0: 0 0x80004ec4 (0x0139d0b3) x1  0x00000080
core   0: 0x80004ec8 (0x02ee5b33) divu    s6, t3, a4
core   0: 0 0x80004ec8 (0x02ee5b33) x22 0x00000000
core   0: 0x80004ecc (0x00006f2d) c.lui   t5, 0xb
core   0: 0 0x80004ecc (0x6f2d) x30 0x0000b000
core   0: 0x80004ece (0x00346bb3) or      s7, s0, gp
core   0: 0 0x80004ece (0x00346bb3) x23 0x8002217d
core   0: 0x80004ed2 (0x00008225) c.srli  a2, 9
core   0: 0 0x80004ed2 (0x8225) x12 0x000000a0
core   0: 0x80004ed4 (0x9e84c713) xori    a4, s1, -1560
core   0: 0 0x80004ed4 (0x9e84c713) x14 0xfffff9e8
core   0: 0x80004ed8 (0x00000d31) c.addi  s10, 12
core   0: 0 0x80004ed8 (0x0d31) x26 0x0000000c
core   0: 0x80004eda (0x0171e563) bltu    gp, s7, pc + 10
core   0: 0 0x80004eda (0x0171e563)
core   0: 0x80004ee4 (0x00008fb5) c.xor   a5, a3
core   0: 0 0x80004ee4 (0x8fb5) x15 0x00000000
core   0: 0x80004ee6 (0x0000ef1d) c.bnez  a4, pc + 62
core   0: 0 0x80004ee6 (0xef1d)
core   0: 0x80004f24 (0x042144b7) lui     s1, 0x4214
core   0: 0 0x80004f24 (0x042144b7) x9  0x04214000
core   0: 0x80004f28 (0xddd0e413) ori     s0, ra, -547
core   0: 0 0x80004f28 (0xddd0e413) x8  0xfffffddd
core   0: 0x80004f2c (0x00000001) c.nop
core   0: 0 0x80004f2c (0x0001)
core   0: 0x80004f2e (0x07698063) beq     s3, s6, pc + 96
core   0: 0 0x80004f2e (0x07698063)
core   0: 0x80004f32 (0x40f1d393) srai    t2, gp, 15
core   0: 0 0x80004f32 (0x40f1d393) x7  0xffff0004
core   0: 0x80004f36 (0x01111563) bne     sp, a7, pc + 10
core   0: 0 0x80004f36 (0x01111563)
core   0: 0x80004f40 (0x004b0eb3) add     t4, s6, tp
core   0: 0 0x80004f40 (0x004b0eb3) x29 0x00000000
core   0: 0x80004f44 (0x00008341) c.srli  a4, 16
core   0: 0 0x80004f44 (0x8341) x14 0x0000ffff
core   0: 0x80004f46 (0x00000001) c.nop
core   0: 0 0x80004f46 (0x0001)
core   0: 0x80004f48 (0x02298633) mul     a2, s3, sp
core   0: 0 0x80004f48 (0x02298633) x12 0x7b07a4c8
core   0: 0x80004f4c (0x00008ef9) c.and   a3, a4
core   0: 0 0x80004f4c (0x8ef9) x13 0x00000000
core   0: 0x80004f4e (0x03114a63) blt     sp, a7, pc + 52
core   0: 0 0x80004f4e (0x03114a63)
core   0: 0x80004f82 (0x0ff0000f) fence   iorw,iorw
core   0: 0 0x80004f82 (0x0ff0000f)
core   0: 0x80004f86 (0x6daac813) xori    a6, s5, 1754
core   0: 0 0x80004f86 (0x6daac813) x16 0x000006da
core   0: 0x80004f8a (0x03715233) divu    tp, sp, s7
core   0: 0 0x80004f8a (0x03715233) x4  0x00000001
core   0: 0x80004f8e (0x9770c113) xori    sp, ra, -1673
core   0: 0 0x80004f8e (0x9770c113) x2  0xfffff9f7
core   0: 0x80004f92 (0x25369097) auipc   ra, 0x25369
core   0: 0 0x80004f92 (0x25369097) x1  0xa536df92
core   0: 0x80004f96 (0x03adff33) remu    t5, s11, s10
core   0: 0 0x80004f96 (0x03adff33) x30 0x00000004
core   0: 0x80004f9a (0x0000100f) fence.i
core   0: 0 0x80004f9a (0x0000100f)
core   0: 0x80004f9e (0x00000446) c.slli  s0, 17
core   0: 0 0x80004f9e (0x0446) x8  0xfbba0000
core   0: 0x80004fa0 (0x00008ee5) c.and   a3, s1
core   0: 0 0x80004fa0 (0x8ee5) x13 0x00000000
core   0: 0x80004fa2 (0x03279a63) bne     a5, s2, pc + 52
core   0: 0 0x80004fa2 (0x03279a63)
core   0: 0x80004fd6 (0x01125533) srl     a0, tp, a7
core   0: 0 0x80004fd6 (0x01125533) x10 0x00000000
core   0: 0x80004fda (0x0055beb3) sltu    t4, a1, t0
core   0: 0 0x80004fda (0x0055beb3) x29 0x00000001
core   0: 0x80004fde (0x02c00133) mul     sp, zero, a2
core   0: 0 0x80004fde (0x02c00133) x2  0x00000000
core   0: 0x80004fe2 (0x015e83b3) add     t2, t4, s5
core   0: 0 0x80004fe2 (0x015e83b3) x7  0x00000001
core   0: 0x80004fe6 (0x00008875) c.andi  s0, 29
core   0: 0 0x80004fe6 (0x8875) x8  0x00000000
core   0: 0x80004fe8 (0x2962dc37) lui     s8, 0x2962d
core   0: 0 0x80004fe8 (0x2962dc37) x24 0x2962d000
core   0: 0x80004fec (0x000012fd) c.addi  t0, -1
core   0: 0 0x80004fec (0x12fd) x5  0xfffffda6
core   0: 0x80004fee (0x01d6c763) blt     a3, t4, pc + 14
core   0: 0 0x80004fee (0x01d6c763)
core   0: 0x80004ffc (0x0000187d) c.addi  a6, -1
core   0: 0 0x80004ffc (0x187d) x16 0x000006d9
core   0: 0x80004ffe (0x01f55393) srli    t2, a0, 31
core   0: 0 0x80004ffe (0x01f55393) x7  0x00000000
core   0: 0x80005002 (0xa674a493) slti    s1, s1, -1433
core   0: 0 0x80005002 (0xa674a493) x9  0x00000000
core   0: 0x80005006 (0xeeb78e13) addi    t3, a5, -277
core   0: 0 0x80005006 (0xeeb78e13) x28 0xfffffeeb
core   0: 0x8000500a (0x02c5c733) div     a4, a1, a2
core   0: 0 0x8000500a (0x02c5c733) x14 0x00000000
core   0: 0x8000500e (0x0277b633) mulhu   a2, a5, t2
core   0: 0 0x8000500e (0x0277b633) x12 0x00000000
core   0: 0x80005012 (0xc822fd13) andi    s10, t0, -894
core   0: 0 0x80005012 (0xc822fd13) x26 0xfffffc82
core   0: 0x80005016 (0x012ed593) srli    a1, t4, 18
core   0: 0 0x80005016 (0x012ed593) x11 0x00000000
core   0: 0x8000501a (0x038bd333) divu    t1, s7, s8
core   0: 0 0x8000501a (0x038bd333) x6  0x00000003
core   0: 0x8000501e (0x005bba33) sltu    s4, s7, t0
core   0: 0 0x8000501e (0x005bba33) x20 0x00000001
core   0: 0x80005022 (0x03b913b3) mulh    t2, s2, s11
core   0: 0 0x80005022 (0x03b913b3) x7  0x00000000
core   0: 0x80005026 (0x000011fd) c.addi  gp, -1
core   0: 0 0x80005026 (0x11fd) x3  0x8002216b
core   0: 0x80005028 (0x03257a33) remu    s4, a0, s2
core   0: 0 0x80005028 (0x03257a33) x20 0x00000000
core   0: 0x8000502c (0x00000001) c.nop
core   0: 0 0x8000502c (0x0001)
core   0: 0x8000502e (0x012b0663) beq     s6, s2, pc + 12
core   0: 0 0x8000502e (0x012b0663)
core   0: 0x80005032 (0x00194763) blt     s2, ra, pc + 14
core   0: 0 0x80005032 (0x00194763)
core   0: 0x80005036 (0x00008451) c.srai  s0, 20
core   0: 0 0x80005036 (0x8451) x8  0x00000000
core   0: 0x80005038 (0x0000834d) c.srli  a4, 19
core   0: 0 0x80005038 (0x834d) x14 0x00000000
core   0: 0x8000503a (0x00ee9c13) slli    s8, t4, 14
core   0: 0 0x8000503a (0x00ee9c13) x24 0x00004000
core   0: 0x8000503e (0x00008265) c.srli  a2, 25
core   0: 0 0x8000503e (0x8265) x12 0x00000000
core   0: 0x80005040 (0x0000ce85) c.beqz  a3, pc + 56
core   0: 0 0x80005040 (0xce85)
core   0: 0x80005078 (0x00008d85) c.sub   a1, s1
core   0: 0 0x80005078 (0x8d85) x11 0x00000000
core   0: 0x8000507a (0xda769197) auipc   gp, 0xda769
core   0: 0 0x8000507a (0xda769197) x3  0x5a76e07a
core   0: 0x8000507e (0x00b47633) and     a2, s0, a1
core   0: 0 0x8000507e (0x00b47633) x12 0x00000000
core   0: 0x80005082 (0x02bbd933) divu    s2, s7, a1
core   0: 0 0x80005082 (0x02bbd933) x18 0xffffffff
core   0: 0x80005086 (0xe5c1cc13) xori    s8, gp, -420
core   0: 0 0x80005086 (0xe5c1cc13) x24 0xa5891e26
core   0: 0x8000508a (0x03d10c63) beq     sp, t4, pc + 56
core   0: 0 0x8000508a (0x03d10c63)
core   0: 0x8000508e (0x00000c72) c.slli  s8, 28
core   0: 0 0x8000508e (0x0c72) x24 0x60000000
core   0: 0x80005090 (0x02e3cf63) blt     t2, a4, pc + 62
core   0: 0 0x80005090 (0x02e3cf63)
core   0: 0x80005094 (0x00008196) c.mv    gp, t0
core   0: 0 0x80005094 (0x8196) x3  0xfffffda6
core   0: 0x80005096 (0x0ff0000f) fence   iorw,iorw
core   0: 0 0x80005096 (0x0ff0000f)
core   0: 0x8000509a (0x00008dda) c.mv    s11, s6
core   0: 0 0x8000509a (0x8dda) x27 0x00000000
core   0: 0x8000509c (0x0000c689) c.beqz  a3, pc + 10
core   0: 0 0x8000509c (0xc689)
core   0: 0x800050a6 (0x00000001) c.nop
core   0: 0 0x800050a6 (0x0001)
core   0: 0x800050a8 (0x00a39763) bne     t2, a0, pc + 14
core   0: 0 0x800050a8 (0x00a39763)
core   0: 0x800050ac (0x00008fe9) c.and   a5, a0
core   0: 0 0x800050ac (0x8fe9) x15 0x00000000
core   0: 0x800050ae (0x0079f733) and     a4, s3, t2
core   0: 0 0x800050ae (0x0079f733) x14 0x00000000
core   0: 0x800050b2 (0x54034b37) lui     s6, 0x54034
core   0: 0 0x800050b2 (0x54034b37) x22 0x54034000
core   0: 0x800050b6 (0x010f5613) srli    a2, t5, 16
core   0: 0 0x800050b6 (0x010f5613) x12 0x00000000
core   0: 0x800050ba (0x0330ad33) mulhsu  s10, ra, s3
core   0: 0 0x800050ba (0x0330ad33) x26 0xd29aaf96
core   0: 0x800050be (0x9ed4b093) sltiu   ra, s1, -1555
core   0: 0 0x800050be (0x9ed4b093) x1  0x00000001
core   0: 0x800050c2 (0x00008f06) c.mv    t5, ra
core   0: 0 0x800050c2 (0x8f06) x30 0x00000001
core   0: 0x800050c4 (0x018a3633) sltu    a2, s4, s8
core   0: 0 0x800050c4 (0x018a3633) x12 0x00000001
core   0: 0x800050c8 (0x00000001) c.nop
core   0: 0 0x800050c8 (0x0001)
core   0: 0x800050ca (0x02c2fe33) remu    t3, t0, a2
core   0: 0 0x800050ca (0x02c2fe33) x28 0x00000000
core   0: 0x800050ce (0x00008369) c.srli  a4, 26
core   0: 0 0x800050ce (0x8369) x14 0x00000000
core   0: 0x800050d0 (0x69d8bd37) lui     s10, 0x69d8b
core   0: 0 0x800050d0 (0x69d8bd37) x26 0x69d8b000
core   0: 0x800050d4 (0x00e368b3) or      a7, t1, a4
core   0: 0 0x800050d4 (0x00e368b3) x17 0x00000003
core   0: 0x800050d8 (0x00008bd6) c.mv    s7, s5
core   0: 0 0x800050d8 (0x8bd6) x23 0x00000000
core   0: 0x800050da (0x0ff0000f) fence   iorw,iorw
core   0: 0 0x800050da (0x0ff0000f)
core   0: 0x800050de (0x01bcf233) and     tp, s9, s11
core   0: 0 0x800050de (0x01bcf233) x4  0x00000000
core   0: 0x800050e2 (0x01d98363) beq     s3, t4, pc + 6
core   0: 0 0x800050e2 (0x01d98363)
core   0: 0x800050e6 (0x0000099c) c.addi4spn a5, sp, 208
core   0: 0 0x800050e6 (0x099c) x15 0x000000d0
core   0: 0x800050e8 (0xe3a9a693) slti    a3, s3, -454
core   0: 0 0x800050e8 (0xe3a9a693) x13 0x00000001
core   0: 0x800050ec (0x0006cf33) xor     t5, a3, zero
core   0: 0 0x800050ec (0x0006cf33) x30 0x00000001
core   0: 0x800050f0 (0xc08fe393) ori     t2, t6, -1016
core   0: 0 0x800050f0 (0xc08fe393) x7  0xfffffc0b
core   0: 0x800050f4 (0x02e3f063) bgeu    t2, a4, pc + 32
core   0: 0 0x800050f4 (0x02e3f063)
core   0: 0x80005114 (0xd0307793) andi    a5, zero, -765
core   0: 0 0x80005114 (0xd0307793) x15 0x00000000
core   0: 0x80005118 (0x0000100f) fence.i
core   0: 0 0x80005118 (0x0000100f)
core   0: 0x8000511c (0x01e40e63) beq     s0, t5, pc + 28
core   0: 0 0x8000511c (0x01e40e63)
core   0: 0x80005120 (0x0000100f) fence.i
core   0: 0 0x80005120 (0x0000100f)
core   0: 0x80005124 (0x0164e1b3) or      gp, s1, s6
core   0: 0 0x80005124 (0x0164e1b3) x3  0x54034000
core   0: 0x80005128 (0x02e324b3) mulhsu  s1, t1, a4
core   0: 0 0x80005128 (0x02e324b3) x9  0x00000000
core   0: 0x8000512c (0x01bdbb33) sltu    s6, s11, s11
core   0: 0 0x8000512c (0x01bdbb33) x22 0x00000000
core   0: 0x80005130 (0x033452b3) divu    t0, s0, s3
core   0: 0 0x80005130 (0x033452b3) x5  0x00000000
core   0: 0x80005134 (0x04074163) bltz    a4, pc + 66
core   0: 0 0x80005134 (0x04074163)
core   0: 0x80005138 (0x0180de63) bge     ra, s8, pc + 28
core   0: 0 0x80005138 (0x0180de63)
core   0: 0x8000513c (0x000060a5) c.lui   ra, 0x9
core   0: 0 0x8000513c (0x60a5) x1  0x00009000
core   0: 0x8000513e (0x0000c2a1) c.beqz  a3, pc + 64
core   0: 0 0x8000513e (0xc2a1)
core   0: 0x80005140 (0x000098fd) c.andi  s1, -1
core   0: 0 0x80005140 (0x98fd) x9  0x00000000
core   0: 0x80005142 (0x309a7db7) lui     s11, 0x309a7
core   0: 0 0x80005142 (0x309a7db7) x27 0x309a7000
core   0: 0x80005146 (0x00000001) c.nop
core   0: 0 0x80005146 (0x0001)
core   0: 0x80005148 (0x0026d263) bge     a3, sp, pc + 4
core   0: 0 0x80005148 (0x0026d263)
core   0: 0x8000514c (0x00b6bbb3) sltu    s7, a3, a1
core   0: 0 0x8000514c (0x00b6bbb3) x23 0x00000000
core   0: 0x80005150 (0x41e10433) sub     s0, sp, t5
core   0: 0 0x80005150 (0x41e10433) x8  0xffffffff
core   0: 0x80005154 (0x03523433) mulhu   s0, tp, s5
core   0: 0 0x80005154 (0x03523433) x8  0x00000000
core   0: 0x80005158 (0x000084a5) c.srai  s1, 9
core   0: 0 0x80005158 (0x84a5) x9  0x00000000
core   0: 0x8000515a (0x03192033) mulhsu  zero, s2, a7
core   0: 0 0x8000515a (0x03192033)
core   0: 0x8000515e (0x00711463) bne     sp, t2, pc + 8
core   0: 0 0x8000515e (0x00711463)
core   0: 0x80005166 (0x0345f333) remu    t1, a1, s4
core   0: 0 0x80005166 (0x0345f333) x6  0x00000000
core   0: 0x8000516a (0x0000c185) c.beqz  a1, pc + 32
core   0: 0 0x8000516a (0xc185)
core   0: 0x8000518a (0x02ee8133) mul     sp, t4, a4
core   0: 0 0x8000518a (0x02ee8133) x2  0x00000000
core   0: 0x8000518e (0x03387463) bgeu    a6, s3, pc + 40
core   0: 0 0x8000518e (0x03387463)
core   0: 0x80005192 (0x020bf333) remu    t1, s7, zero
core   0: 0 0x80005192 (0x020bf333) x6  0x00000000
core   0: 0x80005196 (0x000005f5) c.addi  a1, 29
core   0: 0 0x80005196 (0x05f5) x11 0x0000001d
core   0: 0x80005198 (0x0000e715) c.bnez  a4, pc + 44
core   0: 0 0x80005198 (0xe715)
core   0: 0x8000519a (0x037454b3) divu    s1, s0, s7
core   0: 0 0x8000519a (0x037454b3) x9  0xffffffff
core   0: 0x8000519e (0x41fb02b3) sub     t0, s6, t6
core   0: 0 0x8000519e (0x41fb02b3) x5  0xfffffff5
core   0: 0x800051a2 (0x00a5dbb3) srl     s7, a1, a0
core   0: 0 0x800051a2 (0x00a5dbb3) x23 0x0000001d
core   0: 0x800051a6 (0x03755233) divu    tp, a0, s7
core   0: 0 0x800051a6 (0x03755233) x4  0x00000000
core   0: 0x800051aa (0x04fbc063) blt     s7, a5, pc + 64
core   0: 0 0x800051aa (0x04fbc063)
core   0: 0x800051ae (0x00000001) c.nop
core   0: 0 0x800051ae (0x0001)
core   0: 0x800051b0 (0xa40ded93) ori     s11, s11, -1472
core   0: 0 0x800051b0 (0xa40ded93) x27 0xfffffa40
core   0: 0x800051b4 (0x0000717d) c.addi16sp sp, -16
core   0: 0 0x800051b4 (0x717d) x2  0xfffffff0
core   0: 0x800051b6 (0xc357f613) andi    a2, a5, -971
core   0: 0 0x800051b6 (0xc357f613) x12 0x00000000
core   0: 0x800051ba (0x00008bf1) c.andi  a5, 28
core   0: 0 0x800051ba (0x8bf1) x15 0x00000000
core   0: 0x800051bc (0xd0144a93) xori    s5, s0, -767
core   0: 0 0x800051bc (0xd0144a93) x21 0xfffffd01
core   0: 0x800051c0 (0x2073ba93) sltiu   s5, t2, 519
core   0: 0 0x800051c0 (0x2073ba93) x21 0x00000000
core   0: 0x800051c4 (0x00008fb1) c.xor   a5, a2
core   0: 0 0x800051c4 (0x8fb1) x15 0x00000000
core   0: 0x800051c6 (0x035fdf63) bge     t6, s5, pc + 62
core   0: 0 0x800051c6 (0x035fdf63)
core   0: 0x80005204 (0x00008dad) c.xor   a1, a1
core   0: 0 0x80005204 (0x8dad) x11 0x00000000
core   0: 0x80005206 (0x00000ea1) c.addi  t4, 8
core   0: 0 0x80005206 (0x0ea1) x29 0x00000009
core   0: 0x80005208 (0x00008e15) c.sub   a2, a3
core   0: 0 0x80005208 (0x8e15) x12 0xffffffff
core   0: 0x8000520a (0x03ecbe33) mulhu   t3, s9, t5
core   0: 0 0x8000520a (0x03ecbe33) x28 0x00000000
core   0: 0x8000520e (0x0352d133) divu    sp, t0, s5
core   0: 0 0x8000520e (0x0352d133) x2  0xffffffff
core   0: 0x80005212 (0x0ff0000f) fence   iorw,iorw
core   0: 0 0x80005212 (0x0ff0000f)
core   0: 0x80005216 (0x00aad663) bge     s5, a0, pc + 12
core   0: 0 0x80005216 (0x00aad663)
core   0: 0x80005222 (0x02389ab3) mulh    s5, a7, gp
core   0: 0 0x80005222 (0x02389ab3) x21 0x00000000
core   0: 0x80005226 (0x03220433) mul     s0, tp, s2
core   0: 0 0x80005226 (0x03220433) x8  0x00000000
core   0: 0x8000522a (0x74198d13) addi    s10, s3, 1857
core   0: 0 0x8000522a (0x74198d13) x26 0x80022539
core   0: 0x8000522e (0x00008809) c.andi  s0, 2
core   0: 0 0x8000522e (0x8809) x8  0x00000000
core   0: 0x80005230 (0x0000100f) fence.i
core   0: 0 0x80005230 (0x0000100f)
core   0: 0x80005234 (0x0168d693) srli    a3, a7, 22
core   0: 0 0x80005234 (0x0168d693) x13 0x00000000
core   0: 0x80005238 (0x00004475) c.li    s0, 29
core   0: 0 0x80005238 (0x4475) x8  0x0000001d
core   0: 0x8000523a (0x00008dd5) c.or    a1, a3
core   0: 0 0x8000523a (0x8dd5) x11 0x00000000
core   0: 0x8000523c (0x02e1a4b3) mulhsu  s1, gp, a4
core   0: 0 0x8000523c (0x02e1a4b3) x9  0x00000000
core   0: 0x80005240 (0x00471a13) slli    s4, a4, 4
core   0: 0 0x80005240 (0x00471a13) x20 0x00000000
core   0: 0x80005244 (0x00000001) c.nop
core   0: 0 0x80005244 (0x0001)
core   0: 0x80005246 (0x00008d3d) c.xor   a0, a5
core   0: 0 0x80005246 (0x8d3d) x10 0x00000000
core   0: 0x80005248 (0x036f5333) divu    t1, t5, s6
core   0: 0 0x80005248 (0x036f5333) x6  0xffffffff
core   0: 0x8000524c (0xea9db693) sltiu   a3, s11, -343
core   0: 0 0x8000524c (0xea9db693) x13 0x00000001
core   0: 0x80005250 (0x184c0413) addi    s0, s8, 388
core   0: 0 0x80005250 (0x184c0413) x8  0x60000184
core   0: 0x80005254 (0xc3650a93) addi    s5, a0, -970
core   0: 0 0x80005254 (0xc3650a93) x21 0xfffffc36
core   0: 0x80005258 (0x02b6fb63) bgeu    a3, a1, pc + 54
core   0: 0 0x80005258 (0x02b6fb63)
core   0: 0x8000528e (0x00000001) c.nop
core   0: 0 0x8000528e (0x0001)
core   0: 0x80005290 (0x00d16863) bltu    sp, a3, pc + 16
core   0: 0 0x80005290 (0x00d16863)
core   0: 0x80005294 (0xd8a02d93) slti    s11, zero, -630
core   0: 0 0x80005294 (0xd8a02d93) x27 0x00000000
core   0: 0x80005298 (0x6a44f713) andi    a4, s1, 1700
core   0: 0 0x80005298 (0x6a44f713) x14 0x00000000
core   0: 0x8000529c (0x02e583b3) mul     t2, a1, a4
core   0: 0 0x8000529c (0x02e583b3) x7  0x00000000
core   0: 0x800052a0 (0xfa920513) addi    a0, tp, -87
core   0: 0 0x800052a0 (0xfa920513) x10 0xffffffa9
core   0: 0x800052a4 (0x463b8d93) addi    s11, s7, 1123
core   0: 0 0x800052a4 (0x463b8d93) x27 0x00000480
core   0: 0x800052a8 (0x00c292b3) sll     t0, t0, a2
core   0: 0 0x800052a8 (0x00c292b3) x5  0x80000000
core   0: 0x800052ac (0x01cd1563) bne     s10, t3, pc + 10
core   0: 0 0x800052ac (0x01cd1563)
core   0: 0x800052b6 (0x0000100f) fence.i
core   0: 0 0x800052b6 (0x0000100f)
core   0: 0x800052ba (0x0ff0000f) fence   iorw,iorw
core   0: 0 0x800052ba (0x0ff0000f)
core   0: 0x800052be (0x02268833) mul     a6, a3, sp
core   0: 0 0x800052be (0x02268833) x16 0xffffffff
core   0: 0x800052c2 (0x00008db9) c.xor   a1, a4
core   0: 0 0x800052c2 (0x8db9) x11 0x00000000
core   0: 0x800052c4 (0x00008f45) c.or    a4, s1
core   0: 0 0x800052c4 (0x8f45) x14 0x00000000
core   0: 0x800052c6 (0x00000108) c.addi4spn a0, sp, 128
core   0: 0 0x800052c6 (0x0108) x10 0x0000007f
core   0: 0x800052c8 (0x00000f62) c.slli  t5, 24
core   0: 0 0x800052c8 (0x0f62) x30 0x01000000
core   0: 0x800052ca (0x0102b333) sltu    t1, t0, a6
core   0: 0 0x800052ca (0x0102b333) x6  0x00000001
core   0: 0x800052ce (0x00008fe5) c.and   a5, s1
core   0: 0 0x800052ce (0x8fe5) x15 0x00000000
core   0: 0x800052d0 (0x02e25763) bge     tp, a4, pc + 46
core   0: 0 0x800052d0 (0x02e25763)
core   0: 0x800052fe (0x035f15b3) mulh    a1, t5, s5
core   0: 0 0x800052fe (0x035f15b3) x11 0xfffffffc
core   0: 0x80005302 (0x00000998) c.addi4spn a4, sp, 208
core   0: 0 0x80005302 (0x0998) x14 0x000000cf
core   0: 0x80005304 (0x0010e2b3) or      t0, ra, ra
core   0: 0 0x80005304 (0x0010e2b3) x5  0x00009000
core   0: 0x80005308 (0x0000c789) c.beqz  a5, pc + 10
core   0: 0 0x80005308 (0xc789)
core   0: 0x80005312 (0x0000100f) fence.i
core   0: 0 0x80005312 (0x0000100f)
core   0: 0x80005316 (0x03828c63) beq     t0, s8, pc + 56
core   0: 0 0x80005316 (0x03828c63)
core   0: 0x8000531a (0x034e51b3) divu    gp, t3, s4
core   0: 0 0x8000531a (0x034e51b3) x3  0xffffffff
core   0: 0x8000531e (0x016a6033) or      zero, s4, s6
core   0: 0 0x8000531e (0x016a6033)
core   0: 0x80005322 (0x03b296b3) mulh    a3, t0, s11
core   0: 0 0x80005322 (0x03b296b3) x13 0x00000000
core   0: 0x80005326 (0x0184c8b3) xor     a7, s1, s8
core   0: 0 0x80005326 (0x0184c8b3) x17 0x60000000
core   0: 0x8000532a (0x00f17433) and     s0, sp, a5
core   0: 0 0x8000532a (0x00f17433) x8  0x00000000
core   0: 0x8000532e (0x05bb9363) bne     s7, s11, pc + 70
core   0: 0 0x8000532e (0x05bb9363)
core   0: 0x80005374 (0x001b1b93) slli    s7, s6, 1
core   0: 0 0x80005374 (0x001b1b93) x23 0x00000000
core   0: 0x80005378 (0x00008ba5) c.andi  a5, 9
core   0: 0 0x80005378 (0x8ba5) x15 0x00000000
core   0: 0x8000537a (0x0000e51d) c.bnez  a0, pc + 46
core   0: 0 0x8000537a (0xe51d)
core   0: 0x800053a8 (0x00009a6e) c.add   s4, s11
core   0: 0 0x800053a8 (0x9a6e) x20 0x00000480
core   0: 0x800053aa (0x00008ebd) c.xor   a3, a5
core   0: 0 0x800053aa (0x8ebd) x13 0x00000000
core   0: 0x800053ac (0xa58c6913) ori     s2, s8, -1448
core   0: 0 0x800053ac (0xa58c6913) x18 0xfffffa58
core   0: 0x800053b0 (0x036322b3) mulhsu  t0, t1, s6
core   0: 0 0x800053b0 (0x036322b3) x5  0x00000000
core   0: 0x800053b4 (0x00a1ebb3) or      s7, gp, a0
core   0: 0 0x800053b4 (0x00a1ebb3) x23 0xffffffff
core   0: 0x800053b8 (0x01ef4563) blt     t5, t5, pc + 10
core   0: 0 0x800053b8 (0x01ef4563)
core   0: 0x800053bc (0x41e7da93) srai    s5, a5, 30
core   0: 0 0x800053bc (0x41e7da93) x21 0x00000000
core   0: 0x800053c0 (0x00008ac2) c.mv    s5, a6
core   0: 0 0x800053c0 (0x8ac2) x21 0xffffffff
core   0: 0x800053c2 (0x41620ab3) sub     s5, tp, s6
core   0: 0 0x800053c2 (0x41620ab3) x21 0x00000000
core   0: 0x800053c6 (0x000099fd) c.andi  a1, -1
core   0: 0 0x800053c6 (0x99fd) x11 0xfffffffc
core   0: 0x800053c8 (0x0000c609) c.beqz  a2, pc + 10
core   0: 0 0x800053c8 (0xc609)
core   0: 0x800053ca (0x00d3f3b3) and     t2, t2, a3
core   0: 0 0x800053ca (0x00d3f3b3) x7  0x00000000
core   0: 0x800053ce (0x31987813) andi    a6, a6, 793
core   0: 0 0x800053ce (0x31987813) x16 0x00000319
core   0: 0x800053d2 (0x36c598b7) lui     a7, 0x36c59
core   0: 0 0x800053d2 (0x36c598b7) x17 0x36c59000
core   0: 0x800053d6 (0x8a65c193) xori    gp, a1, -1882
core   0: 0 0x800053d6 (0x8a65c193) x3  0x0000075a
core   0: 0x800053da (0x00008949) c.andi  a0, 18
core   0: 0 0x800053da (0x8949) x10 0x00000012
core   0: 0x800053dc (0x02716033) rem     zero, sp, t2
core   0: 0 0x800053dc (0x02716033)
core   0: 0x800053e0 (0x0ff0000f) fence   iorw,iorw
core   0: 0 0x800053e0 (0x0ff0000f)
core   0: 0x800053e4 (0x00008fd1) c.or    a5, a2
core   0: 0 0x800053e4 (0x8fd1) x15 0xffffffff
core   0: 0x800053e6 (0x00008ffd) c.and   a5, a5
core   0: 0 0x800053e6 (0x8ffd) x15 0xffffffff
core   0: 0x800053e8 (0x035e5533) divu    a0, t3, s5
core   0: 0 0x800053e8 (0x035e5533) x10 0xffffffff
core   0: 0x800053ec (0x03e4f433) remu    s0, s1, t5
core   0: 0 0x800053ec (0x03e4f433) x8  0x00000000
core   0: 0x800053f0 (0x01f65813) srli    a6, a2, 31
core   0: 0 0x800053f0 (0x01f65813) x16 0x00000001
core   0: 0x800053f4 (0x41a8d893) srai    a7, a7, 26
core   0: 0 0x800053f4 (0x41a8d893) x17 0x0000000d
core   0: 0x800053f8 (0x410fda33) sra     s4, t6, a6
core   0: 0 0x800053f8 (0x410fda33) x20 0x00000005
core   0: 0x800053fc (0x00000001) c.nop
core   0: 0 0x800053fc (0x0001)
core   0: 0x800053fe (0x0291d433) divu    s0, gp, s1
core   0: 0 0x800053fe (0x0291d433) x8  0xffffffff
core   0: 0x80005402 (0x0000187d) c.addi  a6, -1
core   0: 0 0x80005402 (0x187d) x16 0x00000000
core   0: 0x80005404 (0x000086a5) c.srai  a3, 9
core   0: 0 0x80005404 (0x86a5) x13 0x00000000
core   0: 0x80005406 (0x00000001) c.nop
core   0: 0 0x80005406 (0x0001)
core   0: 0x80005408 (0x0ff0000f) fence   iorw,iorw
core   0: 0 0x80005408 (0x0ff0000f)
core   0: 0x8000540c (0x003ee833) or      a6, t4, gp
core   0: 0 0x8000540c (0x003ee833) x16 0x0000075b
core   0: 0x80005410 (0x00008cd1) c.or    s1, a2
core   0: 0 0x80005410 (0x8cd1) x9  0xffffffff
core   0: 0x80005412 (0x0000079c) c.addi4spn a5, sp, 960
core   0: 0 0x80005412 (0x079c) x15 0x000003bf
core   0: 0x80005414 (0x0178ae33) slt     t3, a7, s7
core   0: 0 0x80005414 (0x0178ae33) x28 0x00000000
core   0: 0x80005418 (0x000003f5) c.addi  t2, 29
core   0: 0 0x80005418 (0x03f5) x7  0x0000001d
core   0: 0x8000541a (0x2857fd93) andi    s11, a5, 645
core   0: 0 0x8000541a (0x2857fd93) x27 0x00000285
core   0: 0x8000541e (0x00ec1e33) sll     t3, s8, a4
core   0: 0 0x8000541e (0x00ec1e33) x28 0x00000000
core   0: 0x80005422 (0x00eb93b3) sll     t2, s7, a4
core   0: 0 0x80005422 (0x00eb93b3) x7  0xffff8000
core   0: 0x80005426 (0x0000948a) c.add   s1, sp
core   0: 0 0x80005426 (0x948a) x9  0xfffffffe
core   0: 0x80005428 (0x411486b3) sub     a3, s1, a7
core   0: 0 0x80005428 (0x411486b3) x13 0xfffffff1
core   0: 0x8000542c (0x00006159) c.addi16sp sp, 400
core   0: 0 0x8000542c (0x6159) x2  0x0000018f
core   0: 0x8000542e (0x02ce9eb3) mulh    t4, t4, a2
core   0: 0 0x8000542e (0x02ce9eb3) x29 0xffffffff
core   0: 0x80005432 (0x00008e61) c.and   a2, s0
core   0: 0 0x80005432 (0x8e61) x12 0xffffffff
core   0: 0x80005434 (0x03942133) mulhsu  sp, s0, s9
core   0: 0 0x80005434 (0x03942133) x2  0xffffffff
core   0: 0x80005438 (0x035136b3) mulhu   a3, sp, s5
core   0: 0 0x80005438 (0x035136b3) x13 0x00000000
core   0: 0x8000543c (0x000007fe) c.slli  a5, 31
core   0: 0 0x8000543c (0x07fe) x15 0x80000000
core   0: 0x8000543e (0x2b50b3b7) lui     t2, 0x2b50b
core   0: 0 0x8000543e (0x2b50b3b7) x7  0x2b50b000
core   0: 0x80005442 (0x9ad6dab7) lui     s5, 0x9ad6d
core   0: 0 0x80005442 (0x9ad6dab7) x21 0x9ad6d000
core   0: 0x80005446 (0x0000100f) fence.i
core   0: 0 0x80005446 (0x0000100f)
core   0: 0x8000544a (0x0243f163) bgeu    t2, tp, pc + 34
core   0: 0 0x8000544a (0x0243f163)
core   0: 0x8000546c (0x01b91833) sll     a6, s2, s11
core   0: 0 0x8000546c (0x01b91833) x16 0xffff4b00
core   0: 0x80005470 (0xebaa8193) addi    gp, s5, -326
core   0: 0 0x80005470 (0xebaa8193) x3  0x9ad6ceba
core   0: 0x80005474 (0x035010b3) mulh    ra, zero, s5
core   0: 0 0x80005474 (0x035010b3) x1  0x00000000
core   0: 0x80005478 (0x02bfb1b3) mulhu   gp, t6, a1
core   0: 0 0x80005478 (0x02bfb1b3) x3  0x0000000a
core   0: 0x8000547c (0x00008299) c.srli  a3, 6
core   0: 0 0x8000547c (0x8299) x13 0x00000000
core   0: 0x8000547e (0x0000e039) c.bnez  s0, pc + 70
core   0: 0 0x8000547e (0xe039)
core   0: 0x800054c4 (0x0000ca8d) c.beqz  a3, pc + 50
core   0: 0 0x800054c4 (0xca8d)
core   0: 0x800054f6 (0x00006afd) c.lui   s5, 0x1f
core   0: 0 0x800054f6 (0x6afd) x21 0x0001f000
core   0: 0x800054f8 (0x02304f63) blt     zero, gp, pc + 62
core   0: 0 0x800054f8 (0x02304f63)
core   0: 0x80005536 (0x00000001) c.nop
core   0: 0 0x80005536 (0x0001)
core   0: 0x80005538 (0x00b1dab3) srl     s5, gp, a1
core   0: 0 0x80005538 (0x00b1dab3) x21 0x00000000
core   0: 0x8000553c (0x00008096) c.mv    ra, t0
core   0: 0 0x8000553c (0x8096) x1  0x00000000
core   0: 0x8000553e (0x0ff0000f) fence   iorw,iorw
core   0: 0 0x8000553e (0x0ff0000f)
core   0: 0x80005542 (0x12e80013) addi    zero, a6, 302
core   0: 0 0x80005542 (0x12e80013)
core   0: 0x80005546 (0x00bf6c63) bltu    t5, a1, pc + 24
core   0: 0 0x80005546 (0x00bf6c63)
core   0: 0x8000555e (0xfdffac13) slti    s8, t6, -33
core   0: 0 0x8000555e (0xfdffac13) x24 0x00000000
core   0: 0x80005562 (0x00008d35) c.xor   a0, a3
core   0: 0 0x80005562 (0x8d35) x10 0xffffffff
core   0: 0x80005564 (0x03bb6db3) rem     s11, s6, s11
core   0: 0 0x80005564 (0x03bb6db3) x27 0x00000000
core   0: 0x80005568 (0x00008add) c.andi  a3, 23
core   0: 0 0x80005568 (0x8add) x13 0x00000000
core   0: 0x8000556a (0x027ef163) bgeu    t4, t2, pc + 34
core   0: 0 0x8000556a (0x027ef163)
core   0: 0x8000558c (0x03d4a3b3) mulhsu  t2, s1, t4
core   0: 0 0x8000558c (0x03d4a3b3) x7  0xfffffffe
core   0: 0x80005590 (0xb5edc193) xori    gp, s11, -1186
core   0: 0 0x80005590 (0xb5edc193) x3  0xfffffb5e
core   0: 0x80005594 (0x00005b7d) c.li    s6, -1
core   0: 0 0x80005594 (0x5b7d) x22 0xffffffff
core   0: 0x80005596 (0x031b2233) mulhsu  tp, s6, a7
core   0: 0 0x80005596 (0x031b2233) x4  0xffffffff
core   0: 0x8000559a (0x00ce9563) bne     t4, a2, pc + 10
core   0: 0 0x8000559a (0x00ce9563)
core   0: 0x8000559e (0x01a8bab3) sltu    s5, a7, s10
core   0: 0 0x8000559e (0x01a8bab3) x21 0x00000001
core   0: 0x800055a2 (0x00000001) c.nop
core   0: 0 0x800055a2 (0x0001)
core   0: 0x800055a4 (0x00005b7d) c.li    s6, -1
core   0: 0 0x800055a4 (0x5b7d) x22 0xffffffff
core   0: 0x800055a6 (0x018fceb3) xor     t4, t6, s8
core   0: 0 0x800055a6 (0x018fceb3) x29 0x0000000b
core   0: 0x800055aa (0x00d688b3) add     a7, a3, a3
core   0: 0 0x800055aa (0x00d688b3) x17 0x00000000
core   0: 0x800055ae (0x01a4e633) or      a2, s1, s10
core   0: 0 0x800055ae (0x01a4e633) x12 0xffffffff
core   0: 0x800055b2 (0x40730db3) sub     s11, t1, t2
core   0: 0 0x800055b2 (0x40730db3) x27 0x00000003
core   0: 0x800055b6 (0x01912e33) slt     t3, sp, s9
core   0: 0 0x800055b6 (0x01912e33) x28 0x00000000
core   0: 0x800055ba (0x0000177d) c.addi  a4, -1
core   0: 0 0x800055ba (0x177d) x14 0x000000ce
core   0: 0x800055bc (0x00008f2d) c.xor   a4, a1
core   0: 0 0x800055bc (0x8f2d) x14 0xffffff32
core   0: 0x800055be (0x02986863) bltu    a6, s1, pc + 48
core   0: 0 0x800055be (0x02986863)
core   0: 0x800055ee (0x01db98b3) sll     a7, s7, t4
core   0: 0 0x800055ee (0x01db98b3) x17 0xfffff800
core   0: 0x800055f2 (0x000bfeb3) and     t4, s7, zero
core   0: 0 0x800055f2 (0x000bfeb3) x29 0x00000000
core   0: 0x800055f6 (0x00b57763) bgeu    a0, a1, pc + 14
core   0: 0 0x800055f6 (0x00b57763)
core   0: 0x80005604 (0x0371f433) remu    s0, gp, s7
core   0: 0 0x80005604 (0x0371f433) x8  0xfffffb5e
core   0: 0x80005608 (0x0206a0b3) mulhsu  ra, a3, zero
core   0: 0 0x80005608 (0x0206a0b3) x1  0x00000000
core   0: 0x8000560c (0x5c1de113) ori     sp, s11, 1473
core   0: 0 0x8000560c (0x5c1de113) x2  0x000005c3
core   0: 0x80005610 (0x000014fd) c.addi  s1, -1
core   0: 0 0x80005610 (0x14fd) x9  0xfffffffd
core   0: 0x80005612 (0xec717293) andi    t0, sp, -313
core   0: 0 0x80005612 (0xec717293) x5  0x000004c3
core   0: 0x80005616 (0x029fb633) mulhu   a2, t6, s1
core   0: 0 0x80005616 (0x029fb633) x12 0x0000000a
core   0: 0x8000561a (0x00000001) c.nop
core   0: 0 0x8000561a (0x0001)
core   0: 0x8000561c (0x00008161) c.srli  a0, 24
core   0: 0 0x8000561c (0x8161) x10 0x000000ff
core   0: 0x8000561e (0x0000717d) c.addi16sp sp, -16
core   0: 0 0x8000561e (0x717d) x2  0x000005b3
core   0: 0x80005620 (0x00008475) c.srai  s0, 29
core   0: 0 0x80005620 (0x8475) x8  0xffffffff
core   0: 0x80005622 (0x15fe1197) auipc   gp, 0x15fe1
core   0: 0 0x80005622 (0x15fe1197) x3  0x95fe6622
core   0: 0x80005626 (0x01b60c33) add     s8, a2, s11
core   0: 0 0x80005626 (0x01b60c33) x24 0x0000000d
core   0: 0x8000562a (0x1ce8ed93) ori     s11, a7, 462
core   0: 0 0x8000562a (0x1ce8ed93) x27 0xfffff9ce
core   0: 0x8000562e (0x029731b3) mulhu   gp, a4, s1
core   0: 0 0x8000562e (0x029731b3) x3  0xffffff2f
core   0: 0x80005632 (0x00000f3e) c.slli  t5, 15
core   0: 0 0x80005632 (0x0f3e) x30 0x00000000
core   0: 0x80005634 (0x00000c00) c.addi4spn s0, sp, 528
core   0: 0 0x80005634 (0x0c00) x8  0x000007c3
core   0: 0x80005636 (0x0076d113) srli    sp, a3, 7
core   0: 0 0x80005636 (0x0076d113) x2  0x00000000
core   0: 0x8000563a (0x036711b3) mulh    gp, a4, s6
core   0: 0 0x8000563a (0x036711b3) x3  0x00000000
core   0: 0x8000563e (0x008afc33) and     s8, s5, s0
core   0: 0 0x8000563e (0x008afc33) x24 0x00000001
core   0: 0x80005642 (0x00008f7d) c.and   a4, a5
core   0: 0 0x80005642 (0x8f7d) x14 0x80000000
core   0: 0x80005644 (0x0722f713) andi    a4, t0, 114
core   0: 0 0x80005644 (0x0722f713) x14 0x00000042
core   0: 0x80005648 (0x00008c09) c.sub   s0, a0
core   0: 0 0x80005648 (0x8c09) x8  0x000006c4
core   0: 0x8000564a (0x0049a603) lw      a2, 4(s3)
core   0: 0 0x8000564a (0x0049a603) x12 0x800057d0 mem 0x80021dfc
core   0: 0x8000564e (0x000009f1) c.addi  s3, 28
core   0: 0 0x8000564e (0x09f1) x19 0x80021e14
core   0: 0x80005650 (0x00000386) c.slli  t2, 1
core   0: 0 0x80005650 (0x0386) x7  0xfffffffc
core   0: 0x80005652 (0x00060f13) mv      t5, a2
core   0: 0 0x80005652 (0x00060f13) x30 0x800057d0
core   0: 0x80005656 (0x00008f02) c.jr    t5
core   0: 0 0x80005656 (0x8f02)
core   0: 0x800057d0 (0x000085fd) c.srai  a1, 31
core   0: 0 0x800057d0 (0x85fd) x11 0xffffffff
core   0: 0x800057d2 (0x4a322893) slti    a7, tp, 1187
core   0: 0 0x800057d2 (0x4a322893) x17 0x00000001
core   0: 0x800057d6 (0x00004391) c.li    t2, 4
core   0: 0 0x800057d6 (0x4391) x7  0x00000004
core   0: 0x800057d8 (0x02d720b3) mulhsu  ra, a4, a3
core   0: 0 0x800057d8 (0x02d720b3) x1  0x00000000
core   0: 0x800057dc (0x037ef663) bgeu    t4, s7, pc + 44
core   0: 0 0x800057dc (0x037ef663)
core   0: 0x800057e0 (0x0281cf33) div     t5, gp, s0
core   0: 0 0x800057e0 (0x0281cf33) x30 0x00000000
core   0: 0x800057e4 (0x3c45b113) sltiu   sp, a1, 964
core   0: 0 0x800057e4 (0x3c45b113) x2  0x00000000
core   0: 0x800057e8 (0x00008d85) c.sub   a1, s1
core   0: 0 0x800057e8 (0x8d85) x11 0x00000002
core   0: 0x800057ea (0x011eb4b3) sltu    s1, t4, a7
core   0: 0 0x800057ea (0x011eb4b3) x9  0x00000001
core   0: 0x800057ee (0x000041c5) c.li    gp, 17
core   0: 0 0x800057ee (0x41c5) x3  0x00000011
core   0: 0x800057f0 (0x00008bb1) c.andi  a5, 12
core   0: 0 0x800057f0 (0x8bb1) x15 0x00000000
core   0: 0x800057f2 (0x00000122) c.slli  sp, 8
core   0: 0 0x800057f2 (0x0122) x2  0x00000000
core   0: 0x800057f4 (0x019b1563) bne     s6, s9, pc + 10
core   0: 0 0x800057f4 (0x019b1563)
core   0: 0x800057fe (0x02e7fdb3) remu    s11, a5, a4
core   0: 0 0x800057fe (0x02e7fdb3) x27 0x00000000
core   0: 0x80005802 (0x011684b3) add     s1, a3, a7
core   0: 0 0x80005802 (0x011684b3) x9  0x00000001
core   0: 0x80005806 (0x00008e7d) c.and   a2, a5
core   0: 0 0x80005806 (0x8e7d) x12 0x00000000
core   0: 0x80005808 (0x0000147d) c.addi  s0, -1
core   0: 0 0x80005808 (0x147d) x8  0x000006c3
core   0: 0x8000580a (0x02fac5b3) div     a1, s5, a5
core   0: 0 0x8000580a (0x02fac5b3) x11 0xffffffff
core   0: 0x8000580e (0xfdeb77b7) lui     a5, 0xfdeb7
core   0: 0 0x8000580e (0xfdeb77b7) x15 0xfdeb7000
core   0: 0x80005812 (0x00008f6d) c.and   a4, a1
core   0: 0 0x80005812 (0x8f6d) x14 0x00000042
core   0: 0x80005814 (0x0000127d) c.addi  tp, -1
core   0: 0 0x80005814 (0x127d) x4  0xfffffffe
core   0: 0x80005816 (0x0049a603) lw      a2, 4(s3)
core   0: 0 0x80005816 (0x0049a603) x12 0x8000588a mem 0x80021e18
core   0: 0x8000581a (0x00941a13) slli    s4, s0, 9
core   0: 0 0x8000581a (0x00941a13) x20 0x000d8600
core   0: 0x8000581e (0x010128b3) slt     a7, sp, a6
core   0: 0 0x8000581e (0x010128b3) x17 0x00000000
core   0: 0x80005822 (0x02498993) addi    s3, s3, 36
core   0: 0 0x80005822 (0x02498993) x19 0x80021e38
core   0: 0x80005826 (0x000004ba) c.slli  s1, 14
core   0: 0 0x80005826 (0x04ba) x9  0x00004000
core   0: 0x80005828 (0x00160b93) addi    s7, a2, 1
core   0: 0 0x80005828 (0x00160b93) x23 0x8000588b
core   0: 0x8000582c (0x000b8be7) jalr    s7, s7, 0
core   0: 0 0x8000582c (0x000b8be7) x23 0x80005830
core   0: 0x8000588a (0x00008c25) c.xor   s0, s1
core   0: 0 0x8000588a (0x8c25) x8  0x000046c3
core   0: 0x8000588c (0x000043cd) c.li    t2, 19
core   0: 0 0x8000588c (0x43cd) x7  0x00000013
core   0: 0x8000588e (0x00000001) c.nop
core   0: 0 0x8000588e (0x0001)
core   0: 0x80005890 (0x019eef33) or      t5, t4, s9
core   0: 0 0x80005890 (0x019eef33) x30 0x80025ce4
core   0: 0x80005894 (0x01af9933) sll     s2, t6, s10
core   0: 0 0x80005894 (0x01af9933) x18 0x16000000
core   0: 0x80005898 (0x013d5733) srl     a4, s10, s3
core   0: 0 0x80005898 (0x013d5733) x14 0x00000080
core   0: 0x8000589c (0x0000cb0d) c.beqz  a4, pc + 50
core   0: 0 0x8000589c (0xcb0d)
core   0: 0x8000589e (0x96f00b97) auipc   s7, 0x96f00
core   0: 0 0x8000589e (0x96f00b97) x23 0x16f0589e
core   0: 0x800058a2 (0x039f1333) mulh    t1, t5, s9
core   0: 0 0x800058a2 (0x039f1333) x6  0x3ffda321
core   0: 0x800058a6 (0x31b30d93) addi    s11, t1, 795
core   0: 0 0x800058a6 (0x31b30d93) x27 0x3ffda63c
core   0: 0x800058aa (0x028502b3) mul     t0, a0, s0
core   0: 0 0x800058aa (0x028502b3) x5  0x00467c3d
core   0: 0x800058ae (0x03f16633) rem     a2, sp, t6
core   0: 0 0x800058ae (0x03f16633) x12 0x00000000
core   0: 0x800058b2 (0x000099fd) c.andi  a1, -1
core   0: 0 0x800058b2 (0x99fd) x11 0xffffffff
core   0: 0x800058b4 (0x00a8e533) or      a0, a7, a0
core   0: 0 0x800058b4 (0x00a8e533) x10 0x000000ff
core   0: 0x800058b8 (0x40015a33) sra     s4, sp, zero
core   0: 0 0x800058b8 (0x40015a33) x20 0x00000000
core   0: 0x800058bc (0x0208a733) mulhsu  a4, a7, zero
core   0: 0 0x800058bc (0x0208a733) x14 0x00000000
core   0: 0x800058c0 (0x0325a233) mulhsu  tp, a1, s2
core   0: 0 0x800058c0 (0x0325a233) x4  0xffffffff
core   0: 0x800058c4 (0x0ff0000f) fence   iorw,iorw
core   0: 0 0x800058c4 (0x0ff0000f)
core   0: 0x800058c8 (0x03bfb1b3) mulhu   gp, t6, s11
core   0: 0 0x800058c8 (0x03bfb1b3) x3  0x00000002
core   0: 0x800058cc (0x0000e50d) c.bnez  a0, pc + 42
core   0: 0 0x800058cc (0xe50d)
core   0: 0x800058f6 (0x01f1c233) xor     tp, gp, t6
core   0: 0 0x800058f6 (0x01f1c233) x4  0x00000009
core   0: 0x800058fa (0x7c252293) slti    t0, a0, 1986
core   0: 0 0x800058fa (0x7c252293) x5  0x00000001
core   0: 0x800058fe (0x0049a603) lw      a2, 4(s3)
core   0: 0 0x800058fe (0x0049a603) x12 0x80003510 mem 0x80021e3c
core   0: 0x80005902 (0x02c98993) addi    s3, s3, 44
core   0: 0 0x80005902 (0x02c98993) x19 0x80021e64
core   0: 0x80005906 (0x84277593) andi    a1, a4, -1982
core   0: 0 0x80005906 (0x84277593) x11 0x00000000
core   0: 0x8000590a (0x02321a33) mulh    s4, tp, gp
core   0: 0 0x8000590a (0x02321a33) x20 0x00000000
core   0: 0x8000590e (0x00060413) mv      s0, a2
core   0: 0 0x8000590e (0x00060413) x8  0x80003510
core   0: 0x80005912 (0x00008402) c.jr    s0
core   0: 0 0x80005912 (0x8402)
core   0: 0x80003510 (0x01507c33) and     s8, zero, s5
core   0: 0 0x80003510 (0x01507c33) x24 0x00000000
core   0: 0x80003514 (0x0393b5b3) mulhu   a1, t2, s9
core   0: 0 0x80003514 (0x0393b5b3) x11 0x00000009
core   0: 0x80003518 (0x000067dd) c.lui   a5, 0x17
core   0: 0 0x80003518 (0x67dd) x15 0x00017000
core   0: 0x8000351a (0x01ada6b3) slt     a3, s11, s10
core   0: 0 0x8000351a (0x01ada6b3) x13 0x00000000
core   0: 0x8000351e (0x023774b3) remu    s1, a4, gp
core   0: 0 0x8000351e (0x023774b3) x9  0x00000000
core   0: 0x80003522 (0x0000c1ad) c.beqz  a1, pc + 98
core   0: 0 0x80003522 (0xc1ad)
core   0: 0x80003524 (0x031240b3) div     ra, tp, a7
core   0: 0 0x80003524 (0x031240b3) x1  0xffffffff
core   0: 0x80003528 (0x005105b3) add     a1, sp, t0
core   0: 0 0x80003528 (0x005105b3) x11 0x00000001
core   0: 0x8000352c (0x00000001) c.nop
core   0: 0 0x8000352c (0x0001)
core   0: 0x8000352e (0x4159d4b3) sra     s1, s3, s5
core   0: 0 0x8000352e (0x4159d4b3) x9  0xc0010f32
core   0: 0x80003532 (0x00002f17) auipc   t5, 0x2
core   0: 0 0x80003532 (0x00002f17) x30 0x80005532
core   0: 0x80003536 (0x2fef0f13) addi    t5, t5, 766
core   0: 0 0x80003536 (0x2fef0f13) x30 0x80005830
core   0: 0x8000353a (0x7258b493) sltiu   s1, a7, 1829
core   0: 0 0x8000353a (0x7258b493) x9  0x00000001
core   0: 0x8000353e (0x038bc933) div     s2, s7, s8
core   0: 0 0x8000353e (0x038bc933) x18 0xffffffff
core   0: 0x80003542 (0x3fbf0f13) addi    t5, t5, 1019
core   0: 0 0x80003542 (0x3fbf0f13) x30 0x80005c2b
core   0: 0x80003546 (0x00367c33) and     s8, a2, gp
core   0: 0 0x80003546 (0x00367c33) x24 0x00000000
core   0: 0x8000354a (0x415b88b3) sub     a7, s7, s5
core   0: 0 0x8000354a (0x415b88b3) x17 0x16f0589d
core   0: 0x8000354e (0x71796a93) ori     s5, s2, 1815
core   0: 0 0x8000354e (0x71796a93) x21 0xffffffff
core   0: 0x80003552 (0x00009196) c.add   gp, t0
core   0: 0 0x80003552 (0x9196) x3  0x00000003
core   0: 0x80003554 (0x020755b3) divu    a1, a4, zero
core   0: 0 0x80003554 (0x020755b3) x11 0xffffffff
core   0: 0x80003558 (0x00000001) c.nop
core   0: 0 0x80003558 (0x0001)
core   0: 0x8000355a (0x0093e8b3) or      a7, t2, s1
core   0: 0 0x8000355a (0x0093e8b3) x17 0x00000013
core   0: 0x8000355e (0x0098c363) blt     a7, s1, pc + 6
core   0: 0 0x8000355e (0x0098c363)
core   0: 0x80003562 (0x00008a5a) c.mv    s4, s6
core   0: 0 0x80003562 (0x8a5a) x20 0xffffffff
core   0: 0x80003564 (0xc05f0667) jalr    a2, t5, -1019
core   0: 0 0x80003564 (0xc05f0667) x12 0x80003568
core   0: 0x80005830 (0x0321a0b3) mulhsu  ra, gp, s2
core   0: 0 0x80005830 (0x0321a0b3) x1  0x00000002
core   0: 0x80005834 (0x00b6d663) bge     a3, a1, pc + 12
core   0: 0 0x80005834 (0x00b6d663)
core   0: 0x80005840 (0xfd498993) addi    s3, s3, -44
core   0: 0 0x80005840 (0xfd498993) x19 0x80021e38
core   0: 0x80005844 (0x00000001) c.nop
core   0: 0 0x80005844 (0x0001)
core   0: 0x80005846 (0x00c9a223) sw      a2, 4(s3)
core   0: 0 0x80005846 (0x00c9a223) mem 0x80021e3c 0x80003568
core   0: 0x8000584a (0x008018b3) sll     a7, zero, s0
core   0: 0 0x8000584a (0x008018b3) x17 0x00000000
core   0: 0x8000584e (0x00008451) c.srai  s0, 20
core   0: 0 0x8000584e (0x8451) x8  0xfffff800
core   0: 0x80005850 (0x00cb1133) sll     sp, s6, a2
core   0: 0 0x80005850 (0x00cb1133) x2  0xffffff00
core   0: 0x80005854 (0x01de37b3) sltu    a5, t3, t4
core   0: 0 0x80005854 (0x01de37b3) x15 0x00000000
core   0: 0x80005858 (0xb7d43593) sltiu   a1, s0, -1155
core   0: 0 0x80005858 (0xb7d43593) x11 0x00000001
core   0: 0x8000585c (0x000080d6) c.mv    ra, s5
core   0: 0 0x8000585c (0x80d6) x1  0xffffffff
core   0: 0x8000585e (0x73eed717) auipc   a4, 0x73eed
core   0: 0 0x8000585e (0x73eed717) x14 0xf3ef285e
core   0: 0x80005862 (0x01b34663) blt     t1, s11, pc + 12
core   0: 0 0x80005862 (0x01b34663)
core   0: 0x8000586e (0xf31ff66f) jal     a2, pc - 0xd0
core   0: 0 0x8000586e (0xf31ff66f) x12 0x80005872
core   0: 0x8000579e (0x0083e463) bltu    t2, s0, pc + 8
core   0: 0 0x8000579e (0x0083e463)
core   0: 0x800057a6 (0xfdc98993) addi    s3, s3, -36
core   0: 0 0x800057a6 (0xfdc98993) x19 0x80021e14
core   0: 0x800057aa (0x00c9a223) sw      a2, 4(s3)
core   0: 0 0x800057aa (0x00c9a223) mem 0x80021e18 0x80005872
core   0: 0x800057ae (0x00000222) c.slli  tp, 8
core   0: 0 0x800057ae (0x0222) x4  0x00000900
core   0: 0x800057b0 (0xdacff893) andi    a7, t6, -596
core   0: 0 0x800057b0 (0xdacff893) x17 0x00000008
core   0: 0x800057b4 (0x0000100f) fence.i
core   0: 0 0x800057b4 (0x0000100f)
core   0: 0x800057b8 (0x00000001) c.nop
core   0: 0 0x800057b8 (0x0001)
core   0: 0x800057ba (0x00008c39) c.xor   s0, a4
core   0: 0 0x800057ba (0x8c39) x8  0x0c10d05e
core   0: 0x800057bc (0x032037b3) mulhu   a5, zero, s2
core   0: 0 0x800057bc (0x032037b3) x15 0x00000000
core   0: 0x800057c0 (0x0313e3b3) rem     t2, t2, a7
core   0: 0 0x800057c0 (0x0313e3b3) x7  0x00000003
core   0: 0x800057c4 (0x40a45013) srai    zero, s0, 10
core   0: 0 0x800057c4 (0x40a45013)
core   0: 0x800057c8 (0x021167b3) rem     a5, sp, ra
core   0: 0 0x800057c8 (0x021167b3) x15 0x00000000
core   0: 0x800057cc (0xef7fd66f) jal     a2, pc - 0x210a
core   0: 0 0x800057cc (0xef7fd66f) x12 0x800057d0
core   0: 0x800036c2 (0x00008c61) c.and   s0, s0
core   0: 0 0x800036c2 (0x8c61) x8  0x0c10d05e
core   0: 0x800036c4 (0x9ade6513) ori     a0, t3, -1619
core   0: 0 0x800036c4 (0x9ade6513) x10 0xfffff9ad
core   0: 0x800036c8 (0x0301b133) mulhu   sp, gp, a6
core   0: 0 0x800036c8 (0x0301b133) x2  0x00000002
core   0: 0x800036cc (0x00001991) c.addi  s3, -28
core   0: 0 0x800036cc (0x1991) x19 0x80021df8
core   0: 0x800036ce (0x21ec2b13) slti    s6, s8, 542
core   0: 0 0x800036ce (0x21ec2b13) x22 0x00000001
core   0: 0x800036d2 (0x00e81d33) sll     s10, a6, a4
core   0: 0 0x800036d2 (0x00e81d33) x26 0x00000000
core   0: 0x800036d6 (0x00c9a223) sw      a2, 4(s3)
core   0: 0 0x800036d6 (0x00c9a223) mem 0x80021dfc 0x800057d0
core   0: 0x800036da (0x00000da6) c.slli  s11, 9
core   0: 0 0x800036da (0x0da6) x27 0xfb4c7800
core   0: 0x800036dc (0x9f66b493) sltiu   s1, a3, -1546
core   0: 0 0x800036dc (0x9f66b493) x9  0x00000001
core   0: 0x800036e0 (0x020ed033) divu    zero, t4, zero
core   0: 0 0x800036e0 (0x020ed033)
core   0: 0x800036e4 (0x00a4b733) sltu    a4, s1, a0
core   0: 0 0x800036e4 (0x00a4b733) x14 0x00000001
core   0: 0x800036e8 (0x000082e2) c.mv    t0, s8
core   0: 0 0x800036e8 (0x82e2) x5  0x00000000
core   0: 0x800036ea (0x00008fdd) c.or    a5, a5
core   0: 0 0x800036ea (0x8fdd) x15 0x00000000
core   0: 0x800036ec (0x0007f963) bgeu    a5, zero, pc + 18
core   0: 0 0x800036ec (0x0007f963)
core   0: 0x800036fe (0x0ff0000f) fence   iorw,iorw
core   0: 0 0x800036fe (0x0ff0000f)
core   0: 0x80003702 (0x03101233) mulh    tp, zero, a7
core   0: 0 0x80003702 (0x03101233) x4  0x00000000
core   0: 0x80003706 (0x035af433) remu    s0, s5, s5
core   0: 0 0x80003706 (0x035af433) x8  0x00000000
core   0: 0x8000370a (0x0000127d) c.addi  tp, -1
core   0: 0 0x8000370a (0x127d) x4  0xffffffff
core   0: 0x8000370c (0x00008c39) c.xor   s0, a4
core   0: 0 0x8000370c (0x8c39) x8  0x00000001
core   0: 0x8000370e (0xe3cd0a13) addi    s4, s10, -452
core   0: 0 0x8000370e (0xe3cd0a13) x20 0xfffffe3c
core   0: 0x80003712 (0x02f24d33) div     s10, tp, a5
core   0: 0 0x80003712 (0x02f24d33) x26 0xffffffff
core   0: 0x80003716 (0x00000001) c.nop
core   0: 0 0x80003716 (0x0001)
core   0: 0x80003718 (0x6f7b67b7) lui     a5, 0x6f7b6
core   0: 0 0x80003718 (0x6f7b67b7) x15 0x6f7b6000
core   0: 0x8000371c (0x00009afd) c.andi  a3, -1
core   0: 0 0x8000371c (0x9afd) x13 0x00000000
core   0: 0x8000371e (0x000088bd) c.andi  s1, 15
core   0: 0 0x8000371e (0x88bd) x9  0x00000001
core   0: 0x80003720 (0x40915133) sra     sp, sp, s1
core   0: 0 0x80003720 (0x40915133) x2  0x00000001
core   0: 0x80003724 (0x0000ea81) c.bnez  a3, pc + 16
core   0: 0 0x80003724 (0xea81)
core   0: 0x80003726 (0x02c50333) mul     t1, a0, a2
core   0: 0 0x80003726 (0x02c50333) x6  0x7dd4a790
core   0: 0x8000372a (0x00008c79) c.and   s0, a4
core   0: 0 0x8000372a (0x8c79) x8  0x00000001
core   0: 0x8000372c (0x028c0c63) beq     s8, s0, pc + 56
core   0: 0 0x8000372c (0x028c0c63)
core   0: 0x80003730 (0x006876b3) and     a3, a6, t1
core   0: 0 0x80003730 (0x006876b3) x13 0x7dd40300
core   0: 0x80003734 (0x00004b75) c.li    s6, 29
core   0: 0 0x80003734 (0x4b75) x22 0x0000001d
core   0: 0x80003736 (0x0000826e) c.mv    tp, s11
core   0: 0 0x80003736 (0x826e) x4  0xfb4c7800
core   0: 0x80003738 (0x00008c95) c.sub   s1, a3
core   0: 0 0x80003738 (0x8c95) x9  0x822bfd01
core   0: 0x8000373a (0x00000001) c.nop
core   0: 0 0x8000373a (0x0001)
core   0: 0x8000373c (0x00000001) c.nop
core   0: 0 0x8000373c (0x0001)
core   0: 0x8000373e (0x00032093) slti    ra, t1, 0
core   0: 0 0x8000373e (0x00032093) x1  0x00000000
core   0: 0x80003742 (0x3674ed13) ori     s10, s1, 871
core   0: 0 0x80003742 (0x3674ed13) x26 0x822bff67
core   0: 0x80003746 (0x00a56863) bltu    a0, a0, pc + 16
core   0: 0 0x80003746 (0x00a56863)
core   0: 0x8000374a (0xafec4e13) xori    t3, s8, -1282
core   0: 0 0x8000374a (0xafec4e13) x28 0xfffffafe
core   0: 0x8000374e (0xcb2c2a93) slti    s5, s8, -846
core   0: 0 0x8000374e (0xcb2c2a93) x21 0x00000000
core   0: 0x80003752 (0x01c0b4b3) sltu    s1, ra, t3
core   0: 0 0x80003752 (0x01c0b4b3) x9  0x00000001
core   0: 0x80003756 (0x000041d9) c.li    gp, 22
core   0: 0 0x80003756 (0x41d9) x3  0x00000016
core   0: 0x80003758 (0x03e0c933) div     s2, ra, t5
core   0: 0 0x80003758 (0x03e0c933) x18 0x00000000
core   0: 0x8000375c (0x0bda9517) auipc   a0, 0xbda9
core   0: 0 0x8000375c (0x0bda9517) x10 0x8bdac75c
core   0: 0x80003760 (0x03bfd163) bge     t6, s11, pc + 34
core   0: 0 0x80003760 (0x03bfd163)
core   0: 0x80003782 (0x00008355) c.srli  a4, 21
core   0: 0 0x80003782 (0x8355) x14 0x00000000
core   0: 0x80003784 (0x00000001) c.nop
core   0: 0 0x80003784 (0x0001)
core   0: 0x80003786 (0x03a3a933) mulhsu  s2, t2, s10
core   0: 0 0x80003786 (0x03a3a933) x18 0x00000001
core   0: 0x8000378a (0x047ef463) bgeu    t4, t2, pc + 72
core   0: 0 0x8000378a (0x047ef463)
core   0: 0x8000378e (0x0000c699) c.beqz  a3, pc + 14
core   0: 0 0x8000378e (0xc699)
core   0: 0x80003790 (0x037d0ab3) mul     s5, s10, s7
core   0: 0 0x80003790 (0x037d0ab3) x21 0xc1830992
core   0: 0x80003794 (0x0ff0000f) fence   iorw,iorw
core   0: 0 0x80003794 (0x0ff0000f)
core   0: 0x80003798 (0x4142d7b3) sra     a5, t0, s4
core   0: 0 0x80003798 (0x4142d7b3) x15 0x00000000
core   0: 0x8000379c (0x00008e21) c.xor   a2, s0
core   0: 0 0x8000379c (0x8e21) x12 0x800057d1
core   0: 0x8000379e (0x00c3d563) bge     t2, a2, pc + 10
core   0: 0 0x8000379e (0x00c3d563)
core   0: 0x800037a8 (0x026eb833) mulhu   a6, t4, t1
core   0: 0 0x800037a8 (0x026eb833) x16 0x00000000
core   0: 0x800037ac (0x034a6763) bltu    s4, s4, pc + 46
core   0: 0 0x800037ac (0x034a6763)
core   0: 0x800037b0 (0x02fec433) div     s0, t4, a5
core   0: 0 0x800037b0 (0x02fec433) x8  0xffffffff
core   0: 0x800037b4 (0x00b46bb3) or      s7, s0, a1
core   0: 0 0x800037b4 (0x00b46bb3) x23 0xffffffff
core   0: 0x800037b8 (0x00008f49) c.or    a4, a0
core   0: 0 0x800037b8 (0x8f49) x14 0x8bdac75c
core   0: 0x800037ba (0x021df863) bgeu    s11, ra, pc + 48
core   0: 0 0x800037ba (0x021df863)
core   0: 0x800037ea (0x9beefb93) andi    s7, t4, -1602
core   0: 0 0x800037ea (0x9beefb93) x23 0x00000000
core   0: 0x800037ee (0x03297533) remu    a0, s2, s2
core   0: 0 0x800037ee (0x03297533) x10 0x00000000
core   0: 0x800037f2 (0x00008e59) c.or    a2, a4
core   0: 0 0x800037f2 (0x8e59) x12 0x8bdad7dd
core   0: 0x800037f4 (0x717bcb93) xori    s7, s7, 1815
core   0: 0 0x800037f4 (0x717bcb93) x23 0x00000717
core   0: 0x800037f8 (0x0300ed33) rem     s10, ra, a6
core   0: 0 0x800037f8 (0x0300ed33) x26 0x00000000
core   0: 0x800037fc (0x00000001) c.nop
core   0: 0 0x800037fc (0x0001)
core   0: 0x800037fe (0x00008e2d) c.xor   a2, a1
core   0: 0 0x800037fe (0x8e2d) x12 0x8bdad7dc
core   0: 0x80003800 (0x000080b1) c.srli  s1, 12
core   0: 0 0x80003800 (0x80b1) x9  0x00000000
core   0: 0x80003802 (0x00008d85) c.sub   a1, s1
core   0: 0 0x80003802 (0x8d85) x11 0x00000001
core   0: 0x80003804 (0xb7314193) xori    gp, sp, -1165
core   0: 0 0x80003804 (0xb7314193) x3  0xfffffb72
core   0: 0x80003808 (0x012148b3) xor     a7, sp, s2
core   0: 0 0x80003808 (0x012148b3) x17 0x00000000
core   0: 0x8000380c (0x02b1f363) bgeu    gp, a1, pc + 38
core   0: 0 0x8000380c (0x02b1f363)
core   0: 0x80003832 (0x02749d33) mulh    s10, s1, t2
core   0: 0 0x80003832 (0x02749d33) x26 0x00000000
core   0: 0x80003836 (0x00000001) c.nop
core   0: 0 0x80003836 (0x0001)
core   0: 0x80003838 (0x0000100f) fence.i
core   0: 0 0x80003838 (0x0000100f)
core   0: 0x8000383c (0x2c352737) lui     a4, 0x2c352
core   0: 0 0x8000383c (0x2c352737) x14 0x2c352000
core   0: 0x80003840 (0x00000001) c.nop
core   0: 0 0x80003840 (0x0001)
core   0: 0x80003842 (0x0000ca95) c.beqz  a3, pc + 52
core   0: 0 0x80003842 (0xca95)
core   0: 0x80003844 (0x0386dd33) divu    s10, a3, s8
core   0: 0 0x80003844 (0x0386dd33) x26 0xffffffff
core   0: 0x80003848 (0x00008f55) c.or    a4, a3
core   0: 0 0x80003848 (0x8f55) x14 0x7df52300
core   0: 0x8000384a (0x03c7cd33) div     s10, a5, t3
core   0: 0 0x8000384a (0x03c7cd33) x26 0x00000000
core   0: 0x8000384e (0x00008f15) c.sub   a4, a3
core   0: 0 0x8000384e (0x8f15) x14 0x00212000
core   0: 0x80003850 (0x3a5f4a13) xori    s4, t5, 933
core   0: 0 0x80003850 (0x3a5f4a13) x20 0x80005f8e
core   0: 0x80003854 (0xa66b7b13) andi    s6, s6, -1434
core   0: 0 0x80003854 (0xa66b7b13) x22 0x00000004
core   0: 0x80003858 (0x743a3413) sltiu   s0, s4, 1859
core   0: 0 0x80003858 (0x743a3413) x8  0x00000000
core   0: 0x8000385c (0x015931b3) sltu    gp, s2, s5
core   0: 0 0x8000385c (0x015931b3) x3  0x00000001
core   0: 0x80003860 (0x0000100f) fence.i
core   0: 0 0x80003860 (0x0000100f)
core   0: 0x80003864 (0x034e6c63) bltu    t3, s4, pc + 56
core   0: 0 0x80003864 (0x034e6c63)
core   0: 0x80003868 (0x005471b3) and     gp, s0, t0
core   0: 0 0x80003868 (0x005471b3) x3  0x00000000
core   0: 0x8000386c (0x00da5bb3) srl     s7, s4, a3
core   0: 0 0x8000386c (0x00da5bb3) x23 0x80005f8e
core   0: 0x80003870 (0x02b49033) mulh    zero, s1, a1
core   0: 0 0x80003870 (0x02b49033)
core   0: 0x80003874 (0x00008c7d) c.and   s0, a5
core   0: 0 0x80003874 (0x8c7d) x8  0x00000000
core   0: 0x80003876 (0xfbe0a393) slti    t2, ra, -66
core   0: 0 0x80003876 (0xfbe0a393) x7  0x00000000
core   0: 0x8000387a (0x00000001) c.nop
core   0: 0 0x8000387a (0x0001)
core   0: 0x8000387c (0x03a7ff63) bgeu    a5, s10, pc + 62
core   0: 0 0x8000387c (0x03a7ff63)
core   0: 0x800038ba (0x00008956) c.mv    s2, s5
core   0: 0 0x800038ba (0x8956) x18 0xc1830992
core   0: 0x800038bc (0x0000c211) c.beqz  a2, pc + 4
core   0: 0 0x800038bc (0xc211)
core   0: 0x800038be (0x00008c45) c.or    s0, s1
core   0: 0 0x800038be (0x8c45) x8  0x00000000
core   0: 0x800038c0 (0x00000536) c.slli  a0, 13
core   0: 0 0x800038c0 (0x0536) x10 0x00000000
core   0: 0x800038c2 (0x029a4d33) div     s10, s4, s1
core   0: 0 0x800038c2 (0x029a4d33) x26 0xffffffff
core   0: 0x800038c6 (0x00008db9) c.xor   a1, a4
core   0: 0 0x800038c6 (0x8db9) x11 0x00212001
core   0: 0x800038c8 (0x0000e791) c.bnez  a5, pc + 12
core   0: 0 0x800038c8 (0xe791)
core   0: 0x800038ca (0x027fee33) rem     t3, t6, t2
core   0: 0 0x800038ca (0x027fee33) x28 0x0000000b
core   0: 0x800038ce (0x2303b113) sltiu   sp, t2, 560
core   0: 0 0x800038ce (0x2303b113) x2  0x00000001
core   0: 0x800038d2 (0x00008139) c.srli  a0, 14
core   0: 0 0x800038d2 (0x8139) x10 0x00000000
core   0: 0x800038d4 (0x00000001) c.nop
core   0: 0 0x800038d4 (0x0001)
core   0: 0x800038d6 (0x41595093) srai    ra, s2, 21
core   0: 0 0x800038d6 (0x41595093) x1  0xfffffe0c
core   0: 0x800038da (0x4b41b017) auipc   zero, 0x4b41b
core   0: 0 0x800038da (0x4b41b017)
core   0: 0x800038de (0x001fa0b3) slt     ra, t6, ra
core   0: 0 0x800038de (0x001fa0b3) x1  0x00000000
core   0: 0x800038e2 (0x01b5aab3) slt     s5, a1, s11
core   0: 0 0x800038e2 (0x01b5aab3) x21 0x00000000
core   0: 0x800038e6 (0x00624133) xor     sp, tp, t1
core   0: 0 0x800038e6 (0x00624133) x2  0x8698df90
core   0: 0x800038ea (0x02670533) mul     a0, a4, t1
core   0: 0 0x800038ea (0x02670533) x10 0x2e820000
core   0: 0x800038ee (0x00008ed1) c.or    a3, a2
core   0: 0 0x800038ee (0x8ed1) x13 0xffded7dc
core   0: 0x800038f0 (0x73b7a393) slti    t2, a5, 1851
core   0: 0 0x800038f0 (0x73b7a393) x7  0x00000001
core   0: 0x800038f4 (0x0318ec63) bltu    a7, a7, pc + 56
core   0: 0 0x800038f4 (0x0318ec63)
core   0: 0x800038f8 (0x04bae163) bltu    s5, a1, pc + 66
core   0: 0 0x800038f8 (0x04bae163)
core   0: 0x8000393a (0x03bf8d33) mul     s10, t6, s11
core   0: 0 0x8000393a (0x03bf8d33) x26 0xcc492800
core   0: 0x8000393e (0x0065c033) xor     zero, a1, t1
core   0: 0 0x8000393e (0x0065c033)
core   0: 0x80003942 (0x418b5f33) sra     t5, s6, s8
core   0: 0 0x80003942 (0x418b5f33) x30 0x00000004
core   0: 0x80003946 (0x011f3733) sltu    a4, t5, a7
core   0: 0 0x80003946 (0x011f3733) x14 0x00000000
core   0: 0x8000394a (0x05df8063) beq     t6, t4, pc + 64
core   0: 0 0x8000394a (0x05df8063)
core   0: 0x8000394e (0x01265133) srl     sp, a2, s2
core   0: 0 0x8000394e (0x01265133) x2  0x000022f6
core   0: 0x80003952 (0x0000ce05) c.beqz  a2, pc + 56
core   0: 0 0x80003952 (0xce05)
core   0: 0x80003954 (0x02628263) beq     t0, t1, pc + 36
core   0: 0 0x80003954 (0x02628263)
core   0: 0x80003958 (0x66d1e797) auipc   a5, 0x66d1e
core   0: 0 0x80003958 (0x66d1e797) x15 0xe6d21958
core   0: 0x8000395c (0x00006291) c.lui   t0, 0x4
core   0: 0 0x8000395c (0x6291) x5  0x00004000
core   0: 0x8000395e (0x41cb07b3) sub     a5, s6, t3
core   0: 0 0x8000395e (0x41cb07b3) x15 0xfffffff9
core   0: 0x80003962 (0x035d4963) blt     s10, s5, pc + 50
core   0: 0 0x80003962 (0x035d4963)
core   0: 0x80003994 (0x01799513) slli    a0, s3, 23
core   0: 0 0x80003994 (0x01799513) x10 0xfc000000
core   0: 0x80003998 (0x020fba33) mulhu   s4, t6, zero
core   0: 0 0x80003998 (0x020fba33) x20 0x00000000
core   0: 0x8000399c (0x03188233) mul     tp, a7, a7
core   0: 0 0x8000399c (0x03188233) x4  0x00000000
core   0: 0x800039a0 (0x40c3dd93) srai    s11, t2, 12
core   0: 0 0x800039a0 (0x40c3dd93) x27 0x00000000
core   0: 0x800039a4 (0x24ef6b13) ori     s6, t5, 590
core   0: 0 0x800039a4 (0x24ef6b13) x22 0x0000024e
core   0: 0x800039a8 (0x03e7d6b3) divu    a3, a5, t5
core   0: 0 0x800039a8 (0x03e7d6b3) x13 0x3ffffffe
core   0: 0x800039ac (0x411cd393) srai    t2, s9, 17
core   0: 0 0x800039ac (0x411cd393) x7  0xffffc001
core   0: 0x800039b0 (0xaa488193) addi    gp, a7, -1372
core   0: 0 0x800039b0 (0xaa488193) x3  0xfffffaa4
core   0: 0x800039b4 (0x0000e585) c.bnez  a1, pc + 40
core   0: 0 0x800039b4 (0xe585)
core   0: 0x800039dc (0x000001d2) c.slli  gp, 20
core   0: 0 0x800039dc (0x01d2) x3  0xaa400000
core   0: 0x800039de (0xd4d8f213) andi    tp, a7, -691
core   0: 0 0x800039de (0xd4d8f213) x4  0x00000000
core   0: 0x800039e2 (0x0211ceb3) div     t4, gp, ra
core   0: 0 0x800039e2 (0x0211ceb3) x29 0xffffffff
core   0: 0x800039e6 (0x00000001) c.nop
core   0: 0 0x800039e6 (0x0001)
core   0: 0x800039e8 (0x000008ee) c.slli  a7, 27
core   0: 0 0x800039e8 (0x08ee) x17 0x00000000
core   0: 0x800039ea (0x04eef163) bgeu    t4, a4, pc + 66
core   0: 0 0x800039ea (0x04eef163)
core   0: 0x80003a2c (0xceb85c17) auipc   s8, 0xceb85
core   0: 0 0x80003a2c (0xceb85c17) x24 0x4eb88a2c
core   0: 0x80003a30 (0x0ff0000f) fence   iorw,iorw
core   0: 0 0x80003a30 (0x0ff0000f)
core   0: 0x80003a34 (0x05dbc363) blt     s7, t4, pc + 70
core   0: 0 0x80003a34 (0x05dbc363)
core   0: 0x80003a7a (0x00008ead) c.xor   a3, a1
core   0: 0 0x80003a7a (0x8ead) x13 0x3fdedfff
core   0: 0x80003a7c (0x00008fdd) c.or    a5, a5
core   0: 0 0x80003a7c (0x8fdd) x15 0xfffffff9
core   0: 0x80003a7e (0x015e8663) beq     t4, s5, pc + 12
core   0: 0 0x80003a7e (0x015e8663)
core   0: 0x80003a82 (0x02547663) bgeu    s0, t0, pc + 44
core   0: 0 0x80003a82 (0x02547663)
core   0: 0x80003a86 (0x03ce62b3) rem     t0, t3, t3
core   0: 0 0x80003a86 (0x03ce62b3) x5  0x00000000
core   0: 0x80003a8a (0x03a8ca33) div     s4, a7, s10
core   0: 0 0x80003a8a (0x03a8ca33) x20 0x00000000
core   0: 0x80003a8e (0x021d8063) beq     s11, ra, pc + 32
core   0: 0 0x80003a8e (0x021d8063)
core   0: 0x80003aae (0x02ae6b33) rem     s6, t3, a0
core   0: 0 0x80003aae (0x02ae6b33) x22 0x0000000b
core   0: 0x80003ab2 (0x00008f35) c.xor   a4, a3
core   0: 0 0x80003ab2 (0x8f35) x14 0x3fdedfff
core   0: 0x80003ab4 (0x0155f663) bgeu    a1, s5, pc + 12
core   0: 0 0x80003ab4 (0x0155f663)
core   0: 0x80003ac0 (0x00008271) c.srli  a2, 28
core   0: 0 0x80003ac0 (0x8271) x12 0x00000008
core   0: 0x80003ac2 (0x0000865e) c.mv    a2, s7
core   0: 0 0x80003ac2 (0x865e) x12 0x80005f8e
core   0: 0x80003ac4 (0x00006161) c.addi16sp sp, 80
core   0: 0 0x80003ac4 (0x6161) x2  0x00002346
core   0: 0x80003ac6 (0x038cc933) div     s2, s9, s8
core   0: 0 0x80003ac6 (0x038cc933) x18 0xffffffff
core   0: 0x80003aca (0x04a26063) bltu    tp, a0, pc + 64
core   0: 0 0x80003aca (0x04a26063)
core   0: 0x80003b0a (0x000051fd) c.li    gp, -1
core   0: 0 0x80003b0a (0x51fd) x3  0xffffffff
core   0: 0x80003b0c (0x010e9d63) bne     t4, a6, pc + 26
core   0: 0 0x80003b0c (0x010e9d63)
core   0: 0x80003b26 (0xb05fd037) lui     zero, 0xb05fd
core   0: 0 0x80003b26 (0xb05fd037)
core   0: 0x80003b2a (0xe99b6793) ori     a5, s6, -359
core   0: 0 0x80003b2a (0xe99b6793) x15 0xfffffe9b
core   0: 0x80003b2e (0x0000833a) c.mv    t1, a4
core   0: 0 0x80003b2e (0x833a) x6  0x3fdedfff
core   0: 0x80003b30 (0x02d66633) rem     a2, a2, a3
core   0: 0 0x80003b30 (0x02d66633) x12 0xffbe1f8c
core   0: 0x80003b34 (0x00000001) c.nop
core   0: 0 0x80003b34 (0x0001)
core   0: 0x80003b36 (0x00006ab5) c.lui   s5, 0xd
core   0: 0 0x80003b36 (0x6ab5) x21 0x0000d000
core   0: 0x80003b38 (0x000092c6) c.add   t0, a7
core   0: 0 0x80003b38 (0x92c6) x5  0x00000000
core   0: 0x80003b3a (0x17147793) andi    a5, s0, 369
core   0: 0 0x80003b3a (0x17147793) x15 0x00000000
core   0: 0x80003b3e (0x0ff0000f) fence   iorw,iorw
core   0: 0 0x80003b3e (0x0ff0000f)
core   0: 0x80003b42 (0x013b2133) slt     sp, s6, s3
core   0: 0 0x80003b42 (0x013b2133) x2  0x00000000
core   0: 0x80003b46 (0x00008f99) c.sub   a5, a4
core   0: 0 0x80003b46 (0x8f99) x15 0xc0212001
core   0: 0x80003b48 (0x00000001) c.nop
core   0: 0 0x80003b48 (0x0001)
core   0: 0x80003b4a (0x401752b3) sra     t0, a4, ra
core   0: 0 0x80003b4a (0x401752b3) x5  0x3fdedfff
core   0: 0x80003b4e (0x0000e985) c.bnez  a1, pc + 48
core   0: 0 0x80003b4e (0xe985)
core   0: 0x80003b7e (0x00008fc1) c.or    a5, s0
core   0: 0 0x80003b7e (0x8fc1) x15 0xc0212001
core   0: 0x80003b80 (0x00000001) c.nop
core   0: 0 0x80003b80 (0x0001)
core   0: 0x80003b82 (0x00001214) c.addi4spn a3, sp, 288
core   0: 0 0x80003b82 (0x1214) x13 0x00000120
core   0: 0x80003b84 (0x6541c813) xori    a6, gp, 1620
core   0: 0 0x80003b84 (0x6541c813) x16 0xfffff9ab
core   0: 0x80003b88 (0x0000614d) c.addi16sp sp, 176
core   0: 0 0x80003b88 (0x614d) x2  0x000000b0
core   0: 0x80003b8a (0x00000001) c.nop
core   0: 0 0x80003b8a (0x0001)
core   0: 0x80003b8c (0x0000080e) c.slli  a6, 3
core   0: 0 0x80003b8c (0x080e) x16 0xffffcd58
core   0: 0x80003b8e (0x0000100f) fence.i
core   0: 0 0x80003b8e (0x0000100f)
core   0: 0x80003b92 (0x00006129) c.addi16sp sp, 192
core   0: 0 0x80003b92 (0x6129) x2  0x00000170
core   0: 0x80003b94 (0x01efd463) bge     t6, t5, pc + 8
core   0: 0 0x80003b94 (0x01efd463)
core   0: 0x80003b9c (0x030202b3) mul     t0, tp, a6
core   0: 0 0x80003b9c (0x030202b3) x5  0x00000000
core   0: 0x80003ba0 (0x05910013) addi    zero, sp, 89
core   0: 0 0x80003ba0 (0x05910013)
core   0: 0x80003ba4 (0x0236dab3) divu    s5, a3, gp
core   0: 0 0x80003ba4 (0x0236dab3) x21 0x00000000
core   0: 0x80003ba8 (0x00c10263) beq     sp, a2, pc + 4
core   0: 0 0x80003ba8 (0x00c10263)
core   0: 0x80003bac (0x03449a63) bne     s1, s4, pc + 52
core   0: 0 0x80003bac (0x03449a63)
core   0: 0x80003bb0 (0x004f51b3) srl     gp, t5, tp
core   0: 0 0x80003bb0 (0x004f51b3) x3  0x00000004
core   0: 0x80003bb4 (0x00001688) c.addi4spn a0, sp, 864
core   0: 0 0x80003bb4 (0x1688) x10 0x000004d0
core   0: 0x80003bb6 (0x0000567d) c.li    a2, -1
core   0: 0 0x80003bb6 (0x567d) x12 0xffffffff
core   0: 0x80003bb8 (0x419e5e93) srai    t4, t3, 25
core   0: 0 0x80003bb8 (0x419e5e93) x29 0x00000000
core   0: 0x80003bbc (0x00000622) c.slli  a2, 8
core   0: 0 0x80003bbc (0x0622) x12 0xffffff00
core   0: 0x80003bbe (0x0000980e) c.add   a6, gp
core   0: 0 0x80003bbe (0x980e) x16 0xffffcd5c
core   0: 0x80003bc0 (0x0ff0000f) fence   iorw,iorw
core   0: 0 0x80003bc0 (0x0ff0000f)
core   0: 0x80003bc4 (0x407881b3) sub     gp, a7, t2
core   0: 0 0x80003bc4 (0x407881b3) x3  0x00003fff
core   0: 0x80003bc8 (0x02e3a833) mulhsu  a6, t2, a4
core   0: 0 0x80003bc8 (0x02e3a833) x16 0xfffff008
core   0: 0x80003bcc (0x0000877a) c.mv    a4, t5
core   0: 0 0x80003bcc (0x877a) x14 0x00000004
core   0: 0x80003bce (0x6441bb13) sltiu   s6, gp, 1604
core   0: 0 0x80003bce (0x6441bb13) x22 0x00000000
core   0: 0x80003bd2 (0xe408f613) andi    a2, a7, -448
core   0: 0 0x80003bd2 (0xe408f613) x12 0x00000000
core   0: 0x80003bd6 (0x000098fd) c.andi  s1, -1
core   0: 0 0x80003bd6 (0x98fd) x9  0x00000000
core   0: 0x80003bd8 (0x02dd12b3) mulh    t0, s10, a3
core   0: 0 0x80003bd8 (0x02dd12b3) x5  0xffffffc5
core   0: 0x80003bdc (0x0000100f) fence.i
core   0: 0 0x80003bdc (0x0000100f)
core   0: 0x80003be0 (0x00009bfd) c.andi  a5, -1
core   0: 0 0x80003be0 (0x9bfd) x15 0xc0212001
core   0: 0x80003be2 (0x0000c509) c.beqz  a0, pc + 10
core   0: 0 0x80003be2 (0xc509)
core   0: 0x80003be4 (0x00008f61) c.and   a4, s0
core   0: 0 0x80003be4 (0x8f61) x14 0x00000000
core   0: 0x80003be6 (0x000083a1) c.srli  a5, 8
core   0: 0 0x80003be6 (0x83a1) x15 0x00c02120
core   0: 0x80003be8 (0x03039333) mulh    t1, t2, a6
core   0: 0 0x80003be8 (0x03039333) x6  0x00000000
core   0: 0x80003bec (0x01fbe863) bltu    s7, t6, pc + 16
core   0: 0 0x80003bec (0x01fbe863)
core   0: 0x80003bf0 (0x64634393) xori    t2, t1, 1606
core   0: 0 0x80003bf0 (0x64634393) x7  0x00000646
core   0: 0x80003bf4 (0x00ce3133) sltu    sp, t3, a2
core   0: 0 0x80003bf4 (0x00ce3133) x2  0x00000000
core   0: 0x80003bf8 (0x006a5613) srli    a2, s4, 6
core   0: 0 0x80003bf8 (0x006a5613) x12 0x00000000
core   0: 0x80003bfc (0x00b87d63) bgeu    a6, a1, pc + 26
core   0: 0 0x80003bfc (0x00b87d63)
core   0: 0x80003c16 (0x00008d71) c.and   a0, a2
core   0: 0 0x80003c16 (0x8d71) x10 0x00000000
core   0: 0x80003c18 (0x00000c41) c.addi  s8, 16
core   0: 0 0x80003c18 (0x0c41) x24 0x4eb88a3c
core   0: 0x80003c1a (0x03b68533) mul     a0, a3, s11
core   0: 0 0x80003c1a (0x03b68533) x10 0x00000000
core   0: 0x80003c1e (0x6a770e93) addi    t4, a4, 1703
core   0: 0 0x80003c1e (0x6a770e93) x29 0x000006a7
core   0: 0x80003c22 (0x0000100f) fence.i
core   0: 0 0x80003c22 (0x0000100f)
core   0: 0x80003c26 (0x03c80c33) mul     s8, a6, t3
core   0: 0 0x80003c26 (0x03c80c33) x24 0xffff5058
core   0: 0x80003c2a (0x021e86b3) mul     a3, t4, ra
core   0: 0 0x80003c2a (0x021e86b3) x13 0x00000000
core   0: 0x80003c2e (0x00000001) c.nop
core   0: 0 0x80003c2e (0x0001)
core   0: 0x80003c30 (0x00009a7d) c.andi  a2, -1
core   0: 0 0x80003c30 (0x9a7d) x12 0x00000000
core   0: 0x80003c32 (0x000087ea) c.mv    a5, s10
core   0: 0 0x80003c32 (0x87ea) x15 0xcc492800
core   0: 0x80003c34 (0xc1e06d13) ori     s10, zero, -994
core   0: 0 0x80003c34 (0xc1e06d13) x26 0xfffffc1e
core   0: 0x80003c38 (0x00449533) sll     a0, s1, tp
core   0: 0 0x80003c38 (0x00449533) x10 0x00000000
core   0: 0x80003c3c (0x37093813) sltiu   a6, s2, 880
core   0: 0 0x80003c3c (0x37093813) x16 0x00000000
core   0: 0x80003c40 (0x00004de1) c.li    s11, 24
core   0: 0 0x80003c40 (0x4de1) x27 0x00000018
core   0: 0x80003c42 (0x40a05733) sra     a4, zero, a0
core   0: 0 0x80003c42 (0x40a05733) x14 0x00000000
core   0: 0x80003c46 (0x02a61b63) bne     a2, a0, pc + 54
core   0: 0 0x80003c46 (0x02a61b63)
core   0: 0x80003c4a (0x003a6533) or      a0, s4, gp
core   0: 0 0x80003c4a (0x003a6533) x10 0x00003fff
core   0: 0x80003c4e (0x414dd433) sra     s0, s11, s4
core   0: 0 0x80003c4e (0x414dd433) x8  0x00000018
core   0: 0x80003c52 (0x94c12c13) slti    s8, sp, -1716
core   0: 0 0x80003c52 (0x94c12c13) x24 0x00000000
core   0: 0x80003c56 (0x6d26b313) sltiu   t1, a3, 1746
core   0: 0 0x80003c56 (0x6d26b313) x6  0x00000001
core   0: 0x80003c5a (0x03240133) mul     sp, s0, s2
core   0: 0 0x80003c5a (0x03240133) x2  0xffffffe8
core   0: 0x80003c5e (0x04ee1163) bne     t3, a4, pc + 66
core   0: 0 0x80003c5e (0x04ee1163)
core   0: 0x80003ca0 (0x1d9f2293) slti    t0, t5, 473
core   0: 0 0x80003ca0 (0x1d9f2293) x5  0x00000001
core   0: 0x80003ca4 (0x40240eb3) sub     t4, s0, sp
core   0: 0 0x80003ca4 (0x40240eb3) x29 0x00000030
core   0: 0x80003ca8 (0x03f48233) mul     tp, s1, t6
core   0: 0 0x80003ca8 (0x03f48233) x4  0x00000000
core   0: 0x80003cac (0x002edb93) srli    s7, t4, 2
core   0: 0 0x80003cac (0x002edb93) x23 0x0000000c
core   0: 0x80003cb0 (0x009df8b3) and     a7, s11, s1
core   0: 0 0x80003cb0 (0x009df8b3) x17 0x00000000
core   0: 0x80003cb4 (0xea433637) lui     a2, 0xea433
core   0: 0 0x80003cb4 (0xea433637) x12 0xea433000
core   0: 0x80003cb8 (0x00240a33) add     s4, s0, sp
core   0: 0 0x80003cb8 (0x00240a33) x20 0x00000000
core   0: 0x80003cbc (0x0000c609) c.beqz  a2, pc + 10
core   0: 0 0x80003cbc (0xc609)
core   0: 0x80003cbe (0x030c8017) auipc   zero, 0x30c8
core   0: 0 0x80003cbe (0x030c8017)
core   0: 0x80003cc2 (0x031011b3) mulh    gp, zero, a7
core   0: 0 0x80003cc2 (0x031011b3) x3  0x00000000
core   0: 0x80003cc6 (0x0135f363) bgeu    a1, s3, pc + 6
core   0: 0 0x80003cc6 (0x0135f363)
core   0: 0x80003cca (0x0000517d) c.li    sp, -1
core   0: 0 0x80003cca (0x517d) x2  0xffffffff
core   0: 0x80003ccc (0x011f01b3) add     gp, t5, a7
core   0: 0 0x80003ccc (0x011f01b3) x3  0x00000004
core   0: 0x80003cd0 (0x0290a5b3) mulhsu  a1, ra, s1
core   0: 0 0x80003cd0 (0x0290a5b3) x11 0x00000000
core   0: 0x80003cd4 (0x00001398) c.addi4spn a4, sp, 480
core   0: 0 0x80003cd4 (0x1398) x14 0x000001df
core   0: 0x80003cd6 (0x030b1263) bne     s6, a6, pc + 36
core   0: 0 0x80003cd6 (0x030b1263)
core   0: 0x80003cda (0x00008332) c.mv    t1, a2
core   0: 0 0x80003cda (0x8332) x6  0xea433000
core   0: 0x80003cdc (0x00008edd) c.or    a3, a5
core   0: 0 0x80003cdc (0x8edd) x13 0xcc492800
core   0: 0x80003cde (0xa1a32d13) slti    s10, t1, -1510
core   0: 0 0x80003cde (0xa1a32d13) x26 0x00000001
core   0: 0x80003ce2 (0x024dd063) bge     s11, tp, pc + 32
core   0: 0 0x80003ce2 (0x024dd063)
core   0: 0x80003d02 (0x035d2433) mulhsu  s0, s10, s5
core   0: 0 0x80003d02 (0x035d2433) x8  0x00000000
core   0: 0x80003d06 (0x014a9893) slli    a7, s5, 20
core   0: 0 0x80003d06 (0x014a9893) x17 0x00000000
core   0: 0x80003d0a (0x00008f81) c.sub   a5, s0
core   0: 0 0x80003d0a (0x8f81) x15 0xcc492800
core   0: 0x80003d0c (0x00000636) c.slli  a2, 13
core   0: 0 0x80003d0c (0x0636) x12 0x66000000
core   0: 0x80003d0e (0x00008dad) c.xor   a1, a1
core   0: 0 0x80003d0e (0x8dad) x11 0x00000000
core   0: 0x80003d10 (0x00000001) c.nop
core   0: 0 0x80003d10 (0x0001)
core   0: 0x80003d12 (0x0000cf9d) c.beqz  a5, pc + 62
core   0: 0 0x80003d12 (0xcf9d)
core   0: 0x80003d14 (0x0346c733) div     a4, a3, s4
core   0: 0 0x80003d14 (0x0346c733) x14 0xffffffff
core   0: 0x80003d18 (0x00000ea9) c.addi  t4, 10
core   0: 0 0x80003d18 (0x0ea9) x29 0x0000003a
core   0: 0x80003d1a (0x61a30793) addi    a5, t1, 1562
core   0: 0 0x80003d1a (0x61a30793) x15 0xea43361a
core   0: 0x80003d1e (0x406fd793) srai    a5, t6, 6
core   0: 0 0x80003d1e (0x406fd793) x15 0x00000000
core   0: 0x80003d22 (0x0000e299) c.bnez  a3, pc + 6
core   0: 0 0x80003d22 (0xe299)
core   0: 0x80003d28 (0x00008075) c.srli  s0, 29
core   0: 0 0x80003d28 (0x8075) x8  0x00000000
core   0: 0x80003d2a (0x02acd8b3) divu    a7, s9, a0
core   0: 0 0x80003d2a (0x02acd8b3) x17 0x00020011
core   0: 0x80003d2e (0x00c384b3) add     s1, t2, a2
core   0: 0 0x80003d2e (0x00c384b3) x9  0x66000646
core   0: 0x80003d32 (0x0000cc19) c.beqz  s0, pc + 30
core   0: 0 0x80003d32 (0xcc19)
core   0: 0x80003d50 (0x024e2d33) mulhsu  s10, t3, tp
core   0: 0 0x80003d50 (0x024e2d33) x26 0x00000000
core   0: 0x80003d54 (0x95c74313) xori    t1, a4, -1700
core   0: 0 0x80003d54 (0x95c74313) x6  0x000006a3
core   0: 0x80003d58 (0x00009492) c.add   s1, tp
core   0: 0 0x80003d58 (0x9492) x9  0x66000646
core   0: 0x80003d5a (0x00006769) c.lui   a4, 0x1a
core   0: 0 0x80003d5a (0x6769) x14 0x0001a000
core   0: 0x80003d5c (0x00000566) c.slli  a0, 25
core   0: 0 0x80003d5c (0x0566) x10 0xfe000000
core   0: 0x80003d5e (0x00008ecd) c.or    a3, a1
core   0: 0 0x80003d5e (0x8ecd) x13 0xcc492800
core   0: 0x80003d60 (0x00006135) c.addi16sp sp, 352
core   0: 0 0x80003d60 (0x6135) x2  0x0000015f
core   0: 0x80003d62 (0x00000636) c.slli  a2, 13
core   0: 0 0x80003d62 (0x0636) x12 0x00000000
core   0: 0x80003d64 (0x0ff0000f) fence   iorw,iorw
core   0: 0 0x80003d64 (0x0ff0000f)
core   0: 0x80003d68 (0x0152e433) or      s0, t0, s5
core   0: 0 0x80003d68 (0x0152e433) x8  0x00000001
core   0: 0x80003d6c (0x0000ee91) c.bnez  a3, pc + 28
core   0: 0 0x80003d6c (0xee91)
core   0: 0x80003d88 (0x681ebe93) sltiu   t4, t4, 1665
core   0: 0 0x80003d88 (0x681ebe93) x29 0x00000001
core   0: 0x80003d8c (0x00d127b3) slt     a5, sp, a3
core   0: 0 0x80003d8c (0x00d127b3) x15 0x00000000
core   0: 0x80003d90 (0x000096d6) c.add   a3, s5
core   0: 0 0x80003d90 (0x96d6) x13 0xcc492800
core   0: 0x80003d92 (0x05a91463) bne     s2, s10, pc + 72
core   0: 0 0x80003d92 (0x05a91463)
core   0: 0x80003dda (0x01cad4b3) srl     s1, s5, t3
core   0: 0 0x80003dda (0x01cad4b3) x9  0x00000000
core   0: 0x80003dde (0x0000055a) c.slli  a0, 22
core   0: 0 0x80003dde (0x055a) x10 0x00000000
core   0: 0x80003de0 (0x6c8eef13) ori     t5, t4, 1736
core   0: 0 0x80003de0 (0x6c8eef13) x30 0x000006c9
core   0: 0x80003de4 (0x52e5be13) sltiu   t3, a1, 1326
core   0: 0 0x80003de4 (0x52e5be13) x28 0x00000001
core   0: 0x80003de8 (0x00006115) c.addi16sp sp, 288
core   0: 0 0x80003de8 (0x6115) x2  0x0000027f
core   0: 0x80003dea (0xde418d13) addi    s10, gp, -540
core   0: 0 0x80003dea (0xde418d13) x26 0xfffffde8
core   0: 0x80003dee (0x0067b7b3) sltu    a5, a5, t1
core   0: 0 0x80003dee (0x0067b7b3) x15 0x00000001
core   0: 0x80003df2 (0x02d26f33) rem     t5, tp, a3
core   0: 0 0x80003df2 (0x02d26f33) x30 0x00000000
core   0: 0x80003df6 (0x02209bb3) mulh    s7, ra, sp
core   0: 0 0x80003df6 (0x02209bb3) x23 0x00000000
core   0: 0x80003dfa (0x02b06a33) rem     s4, zero, a1
core   0: 0 0x80003dfa (0x02b06a33) x20 0x00000000
core   0: 0x80003dfe (0x0000893a) c.mv    s2, a4
core   0: 0 0x80003dfe (0x893a) x18 0x0001a000
core   0: 0x80003e00 (0x00a4d133) srl     sp, s1, a0
core   0: 0 0x80003e00 (0x00a4d133) x2  0x00000000
core   0: 0x80003e04 (0x0000c719) c.beqz  a4, pc + 14
core   0: 0 0x80003e04 (0xc719)
core   0: 0x80003e06 (0x00d855b3) srl     a1, a6, a3
core   0: 0 0x80003e06 (0x00d855b3) x11 0x00000000
core   0: 0x80003e0a (0x02003a33) mulhu   s4, zero, zero
core   0: 0 0x80003e0a (0x02003a33) x20 0x00000000
core   0: 0x80003e0e (0x01090563) beq     s2, a6, pc + 10
core   0: 0 0x80003e0e (0x01090563)
core   0: 0x80003e12 (0x00008595) c.srai  a1, 5
core   0: 0 0x80003e12 (0x8595) x11 0x00000000
core   0: 0x80003e14 (0x25223a13) sltiu   s4, tp, 594
core   0: 0 0x80003e14 (0x25223a13) x20 0x00000001
core   0: 0x80003e18 (0x00334963) blt     t1, gp, pc + 18
core   0: 0 0x80003e18 (0x00334963)
core   0: 0x80003e1c (0x00008ca9) c.xor   s1, a0
core   0: 0 0x80003e1c (0x8ca9) x9  0x00000000
core   0: 0x80003e1e (0x3c7d4d93) xori    s11, s10, 967
core   0: 0 0x80003e1e (0x3c7d4d93) x27 0xfffffe2f
core   0: 0x80003e22 (0x02fd5233) divu    tp, s10, a5
core   0: 0 0x80003e22 (0x02fd5233) x4  0xfffffde8
core   0: 0x80003e26 (0xd0506f13) ori     t5, zero, -763
core   0: 0 0x80003e26 (0xd0506f13) x30 0xfffffd05
core   0: 0x80003e2a (0x01d4aab3) slt     s5, s1, t4
core   0: 0 0x80003e2a (0x01d4aab3) x21 0x00000001
core   0: 0x80003e2e (0x00000d9c) c.addi4spn a5, sp, 720
core   0: 0 0x80003e2e (0x0d9c) x15 0x000002d0
core   0: 0x80003e30 (0x03484f63) blt     a6, s4, pc + 62
core   0: 0 0x80003e30 (0x03484f63)
core   0: 0x80003e6e (0x00006385) c.lui   t2, 0x1
core   0: 0 0x80003e6e (0x6385) x7  0x00001000
core   0: 0x80003e70 (0x01a863b3) or      t2, a6, s10
core   0: 0 0x80003e70 (0x01a863b3) x7  0xfffffde8
core   0: 0x80003e74 (0x00008fed) c.and   a5, a1
core   0: 0 0x80003e74 (0x8fed) x15 0x00000000
core   0: 0x80003e76 (0x0000100f) fence.i
core   0: 0 0x80003e76 (0x0000100f)
core   0: 0x80003e7a (0x00008cdd) c.or    s1, a5
core   0: 0 0x80003e7a (0x8cdd) x9  0x00000000
core   0: 0x80003e7c (0x0000717d) c.addi16sp sp, -16
core   0: 0 0x80003e7c (0x717d) x2  0xfffffff0
core   0: 0x80003e7e (0x0031da63) bge     gp, gp, pc + 20
core   0: 0 0x80003e7e (0x0031da63)
core   0: 0x80003e92 (0x03efceb3) div     t4, t6, t5
core   0: 0 0x80003e92 (0x03efceb3) x29 0x00000000
core   0: 0x80003e96 (0x00000998) c.addi4spn a4, sp, 208
core   0: 0 0x80003e96 (0x0998) x14 0x000000c0
core   0: 0x80003e98 (0x000017fd) c.addi  a5, -1
core   0: 0 0x80003e98 (0x17fd) x15 0xffffffff
core   0: 0x80003e9a (0x00008cc9) c.or    s1, a0
core   0: 0 0x80003e9a (0x8cc9) x9  0x00000000
core   0: 0x80003e9c (0x02d84e33) div     t3, a6, a3
core   0: 0 0x80003e9c (0x02d84e33) x28 0x00000000
core   0: 0x80003ea0 (0x00000001) c.nop
core   0: 0 0x80003ea0 (0x0001)
core   0: 0x80003ea2 (0x0f21fe93) andi    t4, gp, 242
core   0: 0 0x80003ea2 (0x0f21fe93) x29 0x00000000
core   0: 0x80003ea6 (0x0ff0000f) fence   iorw,iorw
core   0: 0 0x80003ea6 (0x0ff0000f)
core   0: 0x80003eaa (0x03031563) bne     t1, a6, pc + 42
core   0: 0 0x80003eaa (0x03031563)
core   0: 0x80003ed4 (0x02b02d33) mulhsu  s10, zero, a1
core   0: 0 0x80003ed4 (0x02b02d33) x26 0x00000000
core   0: 0x80003ed8 (0x00000001) c.nop
core   0: 0 0x80003ed8 (0x0001)
core   0: 0x80003eda (0x02d57eb3) remu    t4, a0, a3
core   0: 0 0x80003eda (0x02d57eb3) x29 0x00000000
core   0: 0x80003ede (0x018f3e33) sltu    t3, t5, s8
core   0: 0 0x80003ede (0x018f3e33) x28 0x00000000
core   0: 0x80003ee2 (0x02947733) remu    a4, s0, s1
core   0: 0 0x80003ee2 (0x02947733) x14 0x00000001
core   0: 0x80003ee6 (0x036424b3) mulhsu  s1, s0, s6
core   0: 0 0x80003ee6 (0x036424b3) x9  0x00000000
core   0: 0x80003eea (0x00efa933) slt     s2, t6, a4
core   0: 0 0x80003eea (0x00efa933) x18 0x00000000
core   0: 0x80003eee (0x41940933) sub     s2, s0, s9
core   0: 0 0x80003eee (0x41940933) x18 0x7ffda31d
core   0: 0x80003ef2 (0x7c2b8893) addi    a7, s7, 1986
core   0: 0 0x80003ef2 (0x7c2b8893) x17 0x000007c2
core   0: 0x80003ef6 (0x413d0033) sub     zero, s10, s3
core   0: 0 0x80003ef6 (0x413d0033)
core   0: 0x80003efa (0x0000ec15) c.bnez  s0, pc + 60
core   0: 0 0x80003efa (0xec15)
core   0: 0x80003f36 (0x58bdf013) andi    zero, s11, 1419
core   0: 0 0x80003f36 (0x58bdf013)
core   0: 0x80003f3a (0x0000e3b1) c.bnez  a5, pc + 68
core   0: 0 0x80003f3a (0xe3b1)
core   0: 0x80003f7e (0x03dd6363) bltu    s10, t4, pc + 38
core   0: 0 0x80003f7e (0x03dd6363)
core   0: 0x80003f82 (0x0000100f) fence.i
core   0: 0 0x80003f82 (0x0000100f)
core   0: 0x80003f86 (0x00ea5f33) srl     t5, s4, a4
core   0: 0 0x80003f86 (0x00ea5f33) x30 0x00000000
core   0: 0x80003f8a (0x04456563) bltu    a0, tp, pc + 74
core   0: 0 0x80003f8a (0x04456563)
core   0: 0x80003fd4 (0x0ff0000f) fence   iorw,iorw
core   0: 0 0x80003fd4 (0x0ff0000f)
core   0: 0x80003fd8 (0x029fdf63) bge     t6, s1, pc + 62
core   0: 0 0x80003fd8 (0x029fdf63)
core   0: 0x80004016 (0x030fa6b3) mulhsu  a3, t6, a6
core   0: 0 0x80004016 (0x030fa6b3) x13 0x00000000
core   0: 0x8000401a (0x01a15633) srl     a2, sp, s10
core   0: 0 0x8000401a (0x01a15633) x12 0xfffffff0
core   0: 0x8000401e (0x0000e199) c.bnez  a1, pc + 6
core   0: 0 0x8000401e (0xe199)
core   0: 0x80004020 (0x41b500b3) sub     ra, a0, s11
core   0: 0 0x80004020 (0x41b500b3) x1  0x000001d1
core   0: 0x80004024 (0x01ba20b3) slt     ra, s4, s11
core   0: 0 0x80004024 (0x01ba20b3) x1  0x00000000
core   0: 0x80004028 (0x00000711) c.addi  a4, 4
core   0: 0 0x80004028 (0x0711) x14 0x00000005
core   0: 0x8000402a (0x0221b5b3) mulhu   a1, gp, sp
core   0: 0 0x8000402a (0x0221b5b3) x11 0x00000003
core   0: 0x8000402e (0x366a0293) addi    t0, s4, 870
core   0: 0 0x8000402e (0x366a0293) x5  0x00000367
core   0: 0x80004032 (0x02ac9433) mulh    s0, s9, a0
core   0: 0 0x80004032 (0x02ac9433) x8  0x00000000
core   0: 0x80004036 (0x0000100f) fence.i
core   0: 0 0x80004036 (0x0000100f)
core   0: 0x8000403a (0xecb63137) lui     sp, 0xecb63
core   0: 0 0x8000403a (0xecb63137) x2  0xecb63000
core   0: 0x8000403e (0x414f02b3) sub     t0, t5, s4
core   0: 0 0x8000403e (0x414f02b3) x5  0xffffffff
core   0: 0x80004042 (0x3c452a93) slti    s5, a0, 964
core   0: 0 0x80004042 (0x3c452a93) x21 0x00000001
core   0: 0x80004046 (0xd56bb013) sltiu   zero, s7, -682
core   0: 0 0x80004046 (0xd56bb013)
core   0: 0x8000404a (0x0357fe33) remu    t3, a5, s5
core   0: 0 0x8000404a (0x0357fe33) x28 0x00000000
core   0: 0x8000404e (0x02d8f7b3) remu    a5, a7, a3
core   0: 0 0x8000404e (0x02d8f7b3) x15 0x000007c2
core   0: 0x80004052 (0x0000eb99) c.bnez  a5, pc + 22
core   0: 0 0x80004052 (0xeb99)
core   0: 0x80004068 (0x00000d8a) c.slli  s11, 2
core   0: 0 0x80004068 (0x0d8a) x27 0xfffff8bc
core   0: 0x8000406a (0x00001200) c.addi4spn s0, sp, 288
core   0: 0 0x8000406a (0x1200) x8  0xecb63120
core   0: 0x8000406c (0x03e51133) mulh    sp, a0, t5
core   0: 0 0x8000406c (0x03e51133) x2  0x00000000
core   0: 0x80004070 (0x408ad193) srai    gp, s5, 8
core   0: 0 0x80004070 (0x408ad193) x3  0x00000000
core   0: 0x80004074 (0x003b8d33) add     s10, s7, gp
core   0: 0 0x80004074 (0x003b8d33) x26 0x00000000
core   0: 0x80004078 (0x0030bdb3) sltu    s11, ra, gp
core   0: 0 0x80004078 (0x0030bdb3) x27 0x00000000
core   0: 0x8000407c (0x00fdda93) srli    s5, s11, 15
core   0: 0 0x8000407c (0x00fdda93) x21 0x00000000
core   0: 0x80004080 (0x00cb3733) sltu    a4, s6, a2
core   0: 0 0x80004080 (0x00cb3733) x14 0x00000001
core   0: 0x80004084 (0x00001c00) c.addi4spn s0, sp, 560
core   0: 0 0x80004084 (0x1c00) x8  0x00000230
core   0: 0x80004086 (0x9480e113) ori     sp, ra, -1720
core   0: 0 0x80004086 (0x9480e113) x2  0xfffff948
core   0: 0x8000408a (0x00000001) c.nop
core   0: 0 0x8000408a (0x0001)
core   0: 0x8000408c (0x41fe07b3) sub     a5, t3, t6
core   0: 0 0x8000408c (0x41fe07b3) x15 0xfffffff5
core   0: 0x80004090 (0x00fd9333) sll     t1, s11, a5
core   0: 0 0x80004090 (0x00fd9333) x6  0x00000000
core   0: 0x80004094 (0xe3bf3393) sltiu   t2, t5, -453
core   0: 0 0x80004094 (0xe3bf3393) x7  0x00000001
core   0: 0x80004098 (0x03f25633) divu    a2, tp, t6
core   0: 0 0x80004098 (0x03f25633) x12 0x1745d143
core   0: 0x8000409c (0x000092e6) c.add   t0, s9
core   0: 0 0x8000409c (0x92e6) x5  0x80025ce3
core   0: 0x8000409e (0x00000001) c.nop
core   0: 0 0x8000409e (0x0001)
core   0: 0x800040a0 (0x00001c08) c.addi4spn a0, sp, 560
core   0: 0 0x800040a0 (0x1c08) x10 0xfffffb78
core   0: 0x800040a2 (0x03629eb3) mulh    t4, t0, s6
core   0: 0 0x800040a2 (0x03629eb3) x29 0x00000000
core   0: 0x800040a6 (0x03142eb3) mulhsu  t4, s0, a7
core   0: 0 0x800040a6 (0x03142eb3) x29 0x00000000
core   0: 0x800040aa (0x00008f99) c.sub   a5, a4
core   0: 0 0x800040aa (0x8f99) x15 0xfffffff4
core   0: 0x800040ac (0x0277f963) bgeu    a5, t2, pc + 50
core   0: 0 0x800040ac (0x0277f963)
core   0: 0x800040de (0x02c49933) mulh    s2, s1, a2
core   0: 0 0x800040de (0x02c49933) x18 0x00000000
core   0: 0x800040e2 (0x004c3c33) sltu    s8, s8, tp
core   0: 0 0x800040e2 (0x004c3c33) x24 0x00000001
core   0: 0x800040e6 (0x00008f25) c.xor   a4, s1
core   0: 0 0x800040e6 (0x8f25) x14 0x00000001
core   0: 0x800040e8 (0x01181193) slli    gp, a6, 17
core   0: 0 0x800040e8 (0x01181193) x3  0x00000000
core   0: 0x800040ec (0x03016b63) bltu    sp, a6, pc + 54
core   0: 0 0x800040ec (0x03016b63)
core   0: 0x800040f0 (0x0000e41d) c.bnez  s0, pc + 46
core   0: 0 0x800040f0 (0xe41d)
core   0: 0x8000411e (0x017668b3) or      a7, a2, s7
core   0: 0 0x8000411e (0x017668b3) x17 0x1745d143
core   0: 0x80004122 (0x0266df33) divu    t5, a3, t1
core   0: 0 0x80004122 (0x0266df33) x30 0xffffffff
core   0: 0x80004126 (0x7fb30893) addi    a7, t1, 2043
core   0: 0 0x80004126 (0x7fb30893) x17 0x000007fb
core   0: 0x8000412a (0x00008599) c.srai  a1, 6
core   0: 0 0x8000412a (0x8599) x11 0x00000000
core   0: 0x8000412c (0x00008ecd) c.or    a3, a1
core   0: 0 0x8000412c (0x8ecd) x13 0x00000000
core   0: 0x8000412e (0x033af2b3) remu    t0, s5, s3
core   0: 0 0x8000412e (0x033af2b3) x5  0x00000000
core   0: 0x80004132 (0x171e2513) slti    a0, t3, 369
core   0: 0 0x80004132 (0x171e2513) x10 0x00000001
core   0: 0x80004136 (0x026afdb3) remu    s11, s5, t1
core   0: 0 0x80004136 (0x026afdb3) x27 0x00000000
core   0: 0x8000413a (0x01ec1263) bne     s8, t5, pc + 4
core   0: 0 0x8000413a (0x01ec1263)
core   0: 0x8000413e (0xf5767913) andi    s2, a2, -169
core   0: 0 0x8000413e (0xf5767913) x18 0x1745d143
core   0: 0x80004142 (0x00008c71) c.and   s0, a2
core   0: 0 0x80004142 (0x8c71) x8  0x00000000
core   0: 0x80004144 (0x0074e5b3) or      a1, s1, t2
core   0: 0 0x80004144 (0x0074e5b3) x11 0x00000001
core   0: 0x80004148 (0x00006b3d) c.lui   s6, 0xf
core   0: 0 0x80004148 (0x6b3d) x22 0x0000f000
core   0: 0x8000414a (0x0169c563) blt     s3, s6, pc + 10
core   0: 0 0x8000414a (0x0169c563)
core   0: 0x80004154 (0x405e0033) sub     zero, t3, t0
core   0: 0 0x80004154 (0x405e0033)
core   0: 0x80004158 (0x00008e59) c.or    a2, a4
core   0: 0 0x80004158 (0x8e59) x12 0x1745d143
core   0: 0x8000415a (0x03a5d533) divu    a0, a1, s10
core   0: 0 0x8000415a (0x03a5d533) x10 0xffffffff
core   0: 0x8000415e (0x01e8ebb3) or      s7, a7, t5
core   0: 0 0x8000415e (0x01e8ebb3) x23 0xffffffff
core   0: 0x80004162 (0x000014fd) c.addi  s1, -1
core   0: 0 0x80004162 (0x14fd) x9  0xffffffff
core   0: 0x80004164 (0x00005a7d) c.li    s4, -1
core   0: 0 0x80004164 (0x5a7d) x20 0xffffffff
core   0: 0x80004166 (0x0306dc63) bge     a3, a6, pc + 56
core   0: 0 0x80004166 (0x0306dc63)
core   0: 0x8000419e (0x01bd10b3) sll     ra, s10, s11
core   0: 0 0x8000419e (0x01bd10b3) x1  0x00000000
core   0: 0x800041a2 (0x006a5bb3) srl     s7, s4, t1
core   0: 0 0x800041a2 (0x006a5bb3) x23 0xffffffff
core   0: 0x800041a6 (0x000084d5) c.srai  s1, 21
core   0: 0 0x800041a6 (0x84d5) x9  0xffffffff
core   0: 0x800041a8 (0x027022b3) mulhsu  t0, zero, t2
core   0: 0 0x800041a8 (0x027022b3) x5  0x00000000
core   0: 0x800041ac (0x01d3e133) or      sp, t2, t4
core   0: 0 0x800041ac (0x01d3e133) x2  0x00000001
core   0: 0x800041b0 (0x41d857b3) sra     a5, a6, t4
core   0: 0 0x800041b0 (0x41d857b3) x15 0x00000000
core   0: 0x800041b4 (0x05934463) blt     t1, s9, pc + 72
core   0: 0 0x800041b4 (0x05934463)
core   0: 0x800041b8 (0x02caa733) mulhsu  a4, s5, a2
core   0: 0 0x800041b8 (0x02caa733) x14 0x00000000
core   0: 0x800041bc (0x03b74663) blt     a4, s11, pc + 44
core   0: 0 0x800041bc (0x03b74663)
core   0: 0x800041c0 (0x01668833) add     a6, a3, s6
core   0: 0 0x800041c0 (0x01668833) x16 0x0000f000
core   0: 0x800041c4 (0x7fc02617) auipc   a2, 0x7fc02
core   0: 0 0x800041c4 (0x7fc02617) x12 0xffc061c4
core   0: 0x800041c8 (0x02389033) mulh    zero, a7, gp
core   0: 0 0x800041c8 (0x02389033)
core   0: 0x800041cc (0x01189e13) slli    t3, a7, 17
core   0: 0 0x800041cc (0x01189e13) x28 0x0ff60000
core   0: 0x800041d0 (0x010b7463) bgeu    s6, a6, pc + 8
core   0: 0 0x800041d0 (0x010b7463)
core   0: 0x800041d8 (0x0000844a) c.mv    s0, s2
core   0: 0 0x800041d8 (0x844a) x8  0x1745d143
core   0: 0x800041da (0x0ff0000f) fence   iorw,iorw
core   0: 0 0x800041da (0x0ff0000f)
core   0: 0x800041de (0x00000001) c.nop
core   0: 0 0x800041de (0x0001)
core   0: 0x800041e0 (0x0358adb3) mulhsu  s11, a7, s5
core   0: 0 0x800041e0 (0x0358adb3) x27 0x00000000
core   0: 0x800041e4 (0x0244fbb3) remu    s7, s1, tp
core   0: 0 0x800041e4 (0x0244fbb3) x23 0x00000217
core   0: 0x800041e8 (0xee30e493) ori     s1, ra, -285
core   0: 0 0x800041e8 (0xee30e493) x9  0xfffffee3
core   0: 0x800041ec (0x000083ba) c.mv    t2, a4
core   0: 0 0x800041ec (0x83ba) x7  0x00000000
core   0: 0x800041ee (0x00008e89) c.sub   a3, a0
core   0: 0 0x800041ee (0x8e89) x13 0x00000001
core   0: 0x800041f0 (0x3ae44d13) xori    s10, s0, 942
core   0: 0 0x800041f0 (0x3ae44d13) x26 0x1745d2ed
core   0: 0x800041f4 (0x004491b3) sll     gp, s1, tp
core   0: 0 0x800041f4 (0x004491b3) x3  0xfffee300
core   0: 0x800041f8 (0x0166a833) slt     a6, a3, s6
core   0: 0 0x800041f8 (0x0166a833) x16 0x00000001
core   0: 0x800041fc (0x00008f49) c.or    a4, a0
core   0: 0 0x800041fc (0x8f49) x14 0xffffffff
core   0: 0x800041fe (0x000014fd) c.addi  s1, -1
core   0: 0 0x800041fe (0x14fd) x9  0xfffffee2
core   0: 0x80004200 (0x011e1563) bne     t3, a7, pc + 10
core   0: 0 0x80004200 (0x011e1563)
core   0: 0x8000420a (0x030a8bb3) mul     s7, s5, a6
core   0: 0 0x8000420a (0x030a8bb3) x23 0x00000000
core   0: 0x8000420e (0x0211fab3) remu    s5, gp, ra
core   0: 0 0x8000420e (0x0211fab3) x21 0xfffee300
core   0: 0x80004212 (0x051e1263) bne     t3, a7, pc + 68
core   0: 0 0x80004212 (0x051e1263)
core   0: 0x80004256 (0x01892633) slt     a2, s2, s8
core   0: 0 0x80004256 (0x01892633) x12 0x00000000
core   0: 0x8000425a (0x00b6ae33) slt     t3, a3, a1
core   0: 0 0x8000425a (0x00b6ae33) x28 0x00000000
core   0: 0x8000425e (0x0230cf63) blt     ra, gp, pc + 62
core   0: 0 0x8000425e (0x0230cf63)
core   0: 0x80004262 (0xe582a397) auipc   t2, 0xe582a
core   0: 0 0x80004262 (0xe582a397) x7  0x6582e262
core   0: 0x80004266 (0x00006825) c.lui   a6, 0x9
core   0: 0 0x80004266 (0x6825) x16 0x00009000
core   0: 0x80004268 (0x0000100f) fence.i
core   0: 0 0x80004268 (0x0000100f)
core   0: 0x8000426c (0xdbca4237) lui     tp, 0xdbca4
core   0: 0 0x8000426c (0xdbca4237) x4  0xdbca4000
core   0: 0x80004270 (0x0137a733) slt     a4, a5, s3
core   0: 0 0x80004270 (0x0137a733) x14 0x00000000
core   0: 0x80004274 (0x0000177d) c.addi  a4, -1
core   0: 0 0x80004274 (0x177d) x14 0xffffffff
core   0: 0x80004276 (0x0000c499) c.beqz  s1, pc + 14
core   0: 0 0x80004276 (0xc499)
core   0: 0x80004278 (0x00dcf663) bgeu    s9, a3, pc + 12
core   0: 0 0x80004278 (0x00dcf663)
core   0: 0x80004284 (0x019f30b3) sltu    ra, t5, s9
core   0: 0 0x80004284 (0x019f30b3) x1  0x00000000
core   0: 0x80004288 (0x0064c763) blt     s1, t1, pc + 14
core   0: 0 0x80004288 (0x0064c763)
core   0: 0x80004296 (0x00000001) c.nop
core   0: 0 0x80004296 (0x0001)
core   0: 0x80004298 (0x005de0b3) or      ra, s11, t0
core   0: 0 0x80004298 (0x005de0b3) x1  0x00000000
core   0: 0x8000429c (0x0068a5b3) slt     a1, a7, t1
core   0: 0 0x8000429c (0x0068a5b3) x11 0x00000000
core   0: 0x800042a0 (0x012aa5b3) slt     a1, s5, s2
core   0: 0 0x800042a0 (0x012aa5b3) x11 0x00000001
core   0: 0x800042a4 (0x00009bfd) c.andi  a5, -1
core   0: 0 0x800042a4 (0x9bfd) x15 0x00000000
core   0: 0x800042a6 (0x0099db33) srl     s6, s3, s1
core   0: 0 0x800042a6 (0x0099db33) x22 0x2000877e
core   0: 0x800042aa (0x1b167513) andi    a0, a2, 433
core   0: 0 0x800042aa (0x1b167513) x10 0x00000000
core   0: 0x800042ae (0x00008549) c.srai  a0, 18
core   0: 0 0x800042ae (0x8549) x10 0x00000000
core   0: 0x800042b0 (0x3a3a4293) xori    t0, s4, 931
core   0: 0 0x800042b0 (0x3a3a4293) x5  0xfffffc5c
core   0: 0x800042b4 (0x41e20633) sub     a2, tp, t5
core   0: 0 0x800042b4 (0x41e20633) x12 0xdbca4001
core   0: 0x800042b8 (0x00009efa) c.add   t4, t5
core   0: 0 0x800042b8 (0x9efa) x29 0xffffffff
core   0: 0x800042ba (0x00008fdd) c.or    a5, a5
core   0: 0 0x800042ba (0x8fdd) x15 0x00000000
core   0: 0x800042bc (0x003e1093) slli    ra, t3, 3
core   0: 0 0x800042bc (0x003e1093) x1  0x00000000
core   0: 0x800042c0 (0x01ab7633) and     a2, s6, s10
core   0: 0 0x800042c0 (0x01ab7633) x12 0x0000826c
core   0: 0x800042c4 (0x00008cb5) c.xor   s1, a3
core   0: 0 0x800042c4 (0x8cb5) x9  0xfffffee3
core   0: 0x800042c6 (0x0352e533) rem     a0, t0, s5
core   0: 0 0x800042c6 (0x0352e533) x10 0xfffffc5c
core   0: 0x800042ca (0x01243433) sltu    s0, s0, s2
core   0: 0 0x800042ca (0x01243433) x8  0x00000000
core   0: 0x800042ce (0x03491bb3) mulh    s7, s2, s4
core   0: 0 0x800042ce (0x03491bb3) x23 0xffffffff
core   0: 0x800042d2 (0x02ea7833) remu    a6, s4, a4
core   0: 0 0x800042d2 (0x02ea7833) x16 0x00000000
core   0: 0x800042d6 (0x00006151) c.addi16sp sp, 272
core   0: 0 0x800042d6 (0x6151) x2  0x00000111
core   0: 0x800042d8 (0x41d853b3) sra     t2, a6, t4
core   0: 0 0x800042d8 (0x41d853b3) x7  0x00000000
core   0: 0x800042dc (0x00000001) c.nop
core   0: 0 0x800042dc (0x0001)
core   0: 0x800042de (0xbefa25b7) lui     a1, 0xbefa2
core   0: 0 0x800042de (0xbefa25b7) x11 0xbefa2000
core   0: 0x800042e2 (0x0104ae33) slt     t3, s1, a6
core   0: 0 0x800042e2 (0x0104ae33) x28 0x00000001
core   0: 0x800042e6 (0x00006d75) c.lui   s10, 0x1d
core   0: 0 0x800042e6 (0x6d75) x26 0x0001d000
core   0: 0x800042e8 (0x00008e81) c.sub   a3, s0
core   0: 0 0x800042e8 (0x8e81) x13 0x00000001
core   0: 0x800042ea (0x00000001) c.nop
core   0: 0 0x800042ea (0x0001)
core   0: 0x800042ec (0x411056b3) sra     a3, zero, a7
core   0: 0 0x800042ec (0x411056b3) x13 0x00000000
core   0: 0x800042f0 (0x408a5513) srai    a0, s4, 8
core   0: 0 0x800042f0 (0x408a5513) x10 0xffffffff
core   0: 0x800042f4 (0x036c8bb3) mul     s7, s9, s6
core   0: 0 0x800042f4 (0x036c8bb3) x23 0xc025f438
core   0: 0x800042f8 (0x02e944b3) div     s1, s2, a4
core   0: 0 0x800042f8 (0x02e944b3) x9  0xe8ba2ebd
core   0: 0x800042fc (0x0000100f) fence.i
core   0: 0 0x800042fc (0x0000100f)
core   0: 0x80004300 (0x00000001) c.nop
core   0: 0 0x80004300 (0x0001)
core   0: 0x80004302 (0x009cc633) xor     a2, s9, s1
core   0: 0 0x80004302 (0x009cc633) x12 0x68b87259
core   0: 0x80004306 (0x00000001) c.nop
core   0: 0 0x80004306 (0x0001)
core   0: 0x80004308 (0x032f5133) divu    sp, t5, s2
core   0: 0 0x80004308 (0x032f5133) x2  0x0000000b
core   0: 0x8000430c (0x00008199) c.srli  a1, 6
core   0: 0 0x8000430c (0x8199) x11 0x02fbe880
core   0: 0x8000430e (0x0baccd93) xori    s11, s9, 186
core   0: 0 0x8000430e (0x0baccd93) x27 0x80025c5e
core   0: 0x80004312 (0x00000001) c.nop
core   0: 0 0x80004312 (0x0001)
core   0: 0x80004314 (0x0086f463) bgeu    a3, s0, pc + 8
core   0: 0 0x80004314 (0x0086f463)
core   0: 0x8000431c (0xa4c8ae93) slti    t4, a7, -1460
core   0: 0 0x8000431c (0xa4c8ae93) x29 0x00000000
core   0: 0x80004320 (0x01b64563) blt     a2, s11, pc + 10
core   0: 0 0x80004320 (0x01b64563)
core   0: 0x80004324 (0x00008cd9) c.or    s1, a4
core   0: 0 0x80004324 (0x8cd9) x9  0xffffffff
core   0: 0x80004326 (0x001fc633) xor     a2, t6, ra
core   0: 0 0x80004326 (0x001fc633) x12 0x0000000b
core   0: 0x8000432a (0x0000436d) c.li    t1, 27
core   0: 0 0x8000432a (0x436d) x6  0x0000001b
core   0: 0x8000432c (0x41635633) sra     a2, t1, s6
core   0: 0 0x8000432c (0x41635633) x12 0x00000000
core   0: 0x80004330 (0x00000ab2) c.slli  s5, 12
core   0: 0 0x80004330 (0x0ab2) x21 0xee300000
core   0: 0x80004332 (0x00008969) c.andi  a0, 26
core   0: 0 0x80004332 (0x8969) x10 0x0000001a
core   0: 0x80004334 (0xe90d3a13) sltiu   s4, s10, -368
core   0: 0 0x80004334 (0xe90d3a13) x20 0x00000001
core   0: 0x80004338 (0x00006e21) c.lui   t3, 0x8
core   0: 0 0x80004338 (0x6e21) x28 0x00008000
core   0: 0x8000433a (0x02c79d63) bne     a5, a2, pc + 58
core   0: 0 0x8000433a (0x02c79d63)
core   0: 0x8000433e (0x016ed7b3) srl     a5, t4, s6
core   0: 0 0x8000433e (0x016ed7b3) x15 0x00000000
core   0: 0x80004342 (0x4f8cea13) ori     s4, s9, 1272
core   0: 0 0x80004342 (0x4f8cea13) x20 0x80025cfc
core   0: 0x80004346 (0x00b05413) srli    s0, zero, 11
core   0: 0 0x80004346 (0x00b05413) x8  0x00000000
core   0: 0x8000434a (0x00008d29) c.xor   a0, a0
core   0: 0 0x8000434a (0x8d29) x10 0x00000000
core   0: 0x8000434c (0x3c4ec513) xori    a0, t4, 964
core   0: 0 0x8000434c (0x3c4ec513) x10 0x000003c4
core   0: 0x80004350 (0x000a16b3) sll     a3, s4, zero
core   0: 0 0x80004350 (0x000a16b3) x13 0x80025cfc
core   0: 0x80004354 (0x00000001) c.nop
core   0: 0 0x80004354 (0x0001)
core   0: 0x80004356 (0x9777a917) auipc   s2, 0x9777a
core   0: 0 0x80004356 (0x9777a917) x18 0x1777e356
core   0: 0x8000435a (0x0000441d) c.li    s0, 7
core   0: 0 0x8000435a (0x441d) x8  0x00000007
core   0: 0x8000435c (0x00008f09) c.sub   a4, a0
core   0: 0 0x8000435c (0x8f09) x14 0xfffffc3b
core   0: 0x8000435e (0x01501d13) slli    s10, zero, 21
core   0: 0 0x8000435e (0x01501d13) x26 0x00000000
core   0: 0x80004362 (0x013112b3) sll     t0, sp, s3
core   0: 0 0x80004362 (0x013112b3) x5  0x0b000000
core   0: 0x80004366 (0x00000001) c.nop
core   0: 0 0x80004366 (0x0001)
core   0: 0x80004368 (0x00008bea) c.mv    s7, s10
core   0: 0 0x80004368 (0x8bea) x23 0x00000000
core   0: 0x8000436a (0x00000852) c.slli  a6, 20
core   0: 0 0x8000436a (0x0852) x16 0x00000000
core   0: 0x8000436c (0xca2af197) auipc   gp, 0xca2af
core   0: 0 0x8000436c (0xca2af197) x3  0x4a2b336c
core   0: 0x80004370 (0x400b0d33) sub     s10, s6, zero
core   0: 0 0x80004370 (0x400b0d33) x26 0x2000877e
core   0: 0x80004374 (0x01233e33) sltu    t3, t1, s2
core   0: 0 0x80004374 (0x01233e33) x28 0x00000001
core   0: 0x80004378 (0x02f8f633) remu    a2, a7, a5
core   0: 0 0x80004378 (0x02f8f633) x12 0x000007fb
core   0: 0x8000437c (0x31e7f037) lui     zero, 0x31e7f
core   0: 0 0x8000437c (0x31e7f037)
core   0: 0x80004380 (0x00000669) c.addi  a2, 26
core   0: 0 0x80004380 (0x0669) x12 0x00000815
core   0: 0x80004382 (0x0ff0000f) fence   iorw,iorw
core   0: 0 0x80004382 (0x0ff0000f)
core   0: 0x80004386 (0x00001084) c.addi4spn s1, sp, 96
core   0: 0 0x80004386 (0x1084) x9  0x0000006b
core   0: 0x80004388 (0x0050b033) sltu    zero, ra, t0
core   0: 0 0x80004388 (0x0050b033)
core   0: 0x8000438c (0x2e296d13) ori     s10, s2, 738
core   0: 0 0x8000438c (0x2e296d13) x26 0x1777e3f6
core   0: 0x80004390 (0x05a19063) bne     gp, s10, pc + 64
core   0: 0 0x80004390 (0x05a19063)
core   0: 0x800043d0 (0x02783633) mulhu   a2, a6, t2
core   0: 0 0x800043d0 (0x02783633) x12 0x00000000
core   0: 0x800043d4 (0x32dcc893) xori    a7, s9, 813
core   0: 0 0x800043d4 (0x32dcc893) x17 0x80025fc9
core   0: 0x800043d8 (0x003d9293) slli    t0, s11, 3
core   0: 0 0x800043d8 (0x003d9293) x5  0x0012e2f0
core   0: 0x800043dc (0x00000001) c.nop
core   0: 0 0x800043dc (0x0001)
core   0: 0x800043de (0x401ad933) sra     s2, s5, ra
core   0: 0 0x800043de (0x401ad933) x18 0xee300000
core   0: 0x800043e2 (0x407484b3) sub     s1, s1, t2
core   0: 0 0x800043e2 (0x407484b3) x9  0x0000006b
core   0: 0x800043e6 (0x00000001) c.nop
core   0: 0 0x800043e6 (0x0001)
core   0: 0x800043e8 (0xd6d0f837) lui     a6, 0xd6d0f
core   0: 0 0x800043e8 (0xd6d0f837) x16 0xd6d0f000
core   0: 0x800043ec (0x009a0433) add     s0, s4, s1
core   0: 0 0x800043ec (0x009a0433) x8  0x80025d67
core   0: 0x800043f0 (0x01acd133) srl     sp, s9, s10
core   0: 0 0x800043f0 (0x01acd133) x2  0x00000200
core   0: 0x800043f4 (0x01c74663) blt     a4, t3, pc + 12
core   0: 0 0x800043f4 (0x01c74663)
core   0: 0x80004400 (0x00009c3a) c.add   s8, a4
core   0: 0 0x80004400 (0x9c3a) x24 0xfffffc3c
core   0: 0x80004402 (0x0000651d) c.lui   a0, 0x7
core   0: 0 0x80004402 (0x651d) x10 0x00007000
core   0: 0x80004404 (0x00009e72) c.add   t3, t3
core   0: 0 0x80004404 (0x9e72) x28 0x00000002
core   0: 0x80004406 (0x0000100f) fence.i
core   0: 0 0x80004406 (0x0000100f)
core   0: 0x8000440a (0x033868b3) rem     a7, a6, s3
core   0: 0 0x8000440a (0x033868b3) x17 0xd6d0f000
core   0: 0x8000440e (0x047bf163) bgeu    s7, t2, pc + 66
core   0: 0 0x8000440e (0x047bf163)
core   0: 0x80004450 (0x00b504b3) add     s1, a0, a1
core   0: 0 0x80004450 (0x00b504b3) x9  0x02fc5880
core   0: 0x80004454 (0x67747e93) andi    t4, s0, 1655
core   0: 0 0x80004454 (0x67747e93) x29 0x00000467
core   0: 0x80004458 (0x00008e9d) c.sub   a3, a5
core   0: 0 0x80004458 (0x8e9d) x13 0x80025cfc
core   0: 0x8000445a (0x031aff33) remu    t5, s5, a7
core   0: 0 0x8000445a (0x031aff33) x30 0x175f1000
core   0: 0x8000445e (0x2bc76593) ori     a1, a4, 700
core   0: 0 0x8000445e (0x2bc76593) x11 0xfffffebf
core   0: 0x80004462 (0x00008c5d) c.or    s0, a5
core   0: 0 0x80004462 (0x8c5d) x8  0x80025d67
core   0: 0x80004464 (0x0000458d) c.li    a1, 3
core   0: 0 0x80004464 (0x458d) x11 0x00000003
core   0: 0x80004466 (0x016a9613) slli    a2, s5, 22
core   0: 0 0x80004466 (0x016a9613) x12 0x00000000
core   0: 0x8000446a (0x0372c533) div     a0, t0, s7
core   0: 0 0x8000446a (0x0372c533) x10 0xffffffff
core   0: 0x8000446e (0xe73b2213) slti    tp, s6, -397
core   0: 0 0x8000446e (0xe73b2213) x4  0x00000000
core   0: 0x80004472 (0x0000100f) fence.i
core   0: 0 0x80004472 (0x0000100f)
core   0: 0x80004476 (0x008adeb3) srl     t4, s5, s0
core   0: 0 0x80004476 (0x008adeb3) x29 0x01dc6000
core   0: 0x8000447a (0x0184fbb3) and     s7, s1, s8
core   0: 0 0x8000447a (0x0184fbb3) x23 0x02fc5800
core   0: 0x8000447e (0x000081fd) c.srli  a1, 31
core   0: 0 0x8000447e (0x81fd) x11 0x00000000
core   0: 0x80004480 (0x02596db3) rem     s11, s2, t0
core   0: 0 0x80004480 (0x02596db3) x27 0xfff7a3f0
core   0: 0x80004484 (0x01606533) or      a0, zero, s6
core   0: 0 0x80004484 (0x01606533) x10 0x2000877e
core   0: 0x80004488 (0x0000841e) c.mv    s0, t2
core   0: 0 0x80004488 (0x841e) x8  0x00000000
core   0: 0x8000448a (0xb4a82d13) slti    s10, a6, -1206
core   0: 0 0x8000448a (0xb4a82d13) x26 0x00000001
core   0: 0x8000448e (0x018f1593) slli    a1, t5, 24
core   0: 0 0x8000448e (0x018f1593) x11 0x00000000
core   0: 0x80004492 (0x409bd693) srai    a3, s7, 9
core   0: 0 0x80004492 (0x409bd693) x13 0x00017e2c
core   0: 0x80004496 (0x000051fd) c.li    gp, -1
core   0: 0 0x80004496 (0x51fd) x3  0xffffffff
core   0: 0x80004498 (0x00411133) sll     sp, sp, tp
core   0: 0 0x80004498 (0x00411133) x2  0x00000200
core   0: 0x8000449c (0x00ce1f63) bne     t3, a2, pc + 30
core   0: 0 0x8000449c (0x00ce1f63)
core   0: 0x800044ba (0x0348f863) bgeu    a7, s4, pc + 48
core   0: 0 0x800044ba (0x0348f863)
core   0: 0x800044ea (0x00008ead) c.xor   a3, a1
core   0: 0 0x800044ea (0x8ead) x13 0x00017e2c
core   0: 0x800044ec (0x00525613) srli    a2, tp, 5
core   0: 0 0x800044ec (0x00525613) x12 0x00000000
core   0: 0x800044f0 (0x02acbd33) mulhu   s10, s9, a0
core   0: 0 0x800044f0 (0x02acbd33) x26 0x10008f5c
core   0: 0x800044f4 (0x4162d033) sra     zero, t0, s6
core   0: 0 0x800044f4 (0x4162d033)
core   0: 0x800044f8 (0x01c722b3) slt     t0, a4, t3
core   0: 0 0x800044f8 (0x01c722b3) x5  0x00000001
core   0: 0x800044fc (0x572cae93) slti    t4, s9, 1394
core   0: 0 0x800044fc (0x572cae93) x29 0x00000001
core   0: 0x80004500 (0x01589833) sll     a6, a7, s5
core   0: 0 0x80004500 (0x01589833) x16 0xd6d0f000
core   0: 0x80004504 (0x0313af33) mulhsu  t5, t2, a7
core   0: 0 0x80004504 (0x0313af33) x30 0x00000000
core   0: 0x80004508 (0x034de133) rem     sp, s11, s4
core   0: 0 0x80004508 (0x034de133) x2  0xfff7a3f0
core   0: 0x8000450c (0x739de393) ori     t2, s11, 1849
core   0: 0 0x8000450c (0x739de393) x7  0xfff7a7f9
core   0: 0x80004510 (0x0000091a) c.slli  s2, 6
core   0: 0 0x80004510 (0x091a) x18 0x8c000000
core   0: 0x80004512 (0x0116b1b3) sltu    gp, a3, a7
core   0: 0 0x80004512 (0x0116b1b3) x3  0x00000001
core   0: 0x80004516 (0x00000001) c.nop
core   0: 0 0x80004516 (0x0001)
core   0: 0x80004518 (0x0291c633) div     a2, gp, s1
core   0: 0 0x80004518 (0x0291c633) x12 0x00000000
core   0: 0x8000451c (0x00000001) c.nop
core   0: 0 0x8000451c (0x0001)
core   0: 0x8000451e (0x4113db13) srai    s6, t2, 17
core   0: 0 0x8000451e (0x4113db13) x22 0xfffffffb
core   0: 0x80004522 (0x00008e1d) c.sub   a2, a5
core   0: 0 0x80004522 (0x8e1d) x12 0x00000000
core   0: 0x80004524 (0x07573193) sltiu   gp, a4, 117
core   0: 0 0x80004524 (0x07573193) x3  0x00000000
core   0: 0x80004528 (0x84cd6093) ori     ra, s10, -1972
core   0: 0 0x80004528 (0x84cd6093) x1  0xffffff5c
core   0: 0x8000452c (0x0000100f) fence.i
core   0: 0 0x8000452c (0x0000100f)
core   0: 0x80004530 (0x00008151) c.srli  a0, 20
core   0: 0 0x80004530 (0x8151) x10 0x00000200
core   0: 0x80004532 (0x0000814e) c.mv    sp, s3
core   0: 0 0x80004532 (0x814e) x2  0x80021df8
core   0: 0x80004534 (0x00533333) sltu    t1, t1, t0
core   0: 0 0x80004534 (0x00533333) x6  0x00000000
core   0: 0x80004538 (0x01f9a933) slt     s2, s3, t6
core   0: 0 0x80004538 (0x01f9a933) x18 0x00000001
core   0: 0x8000453c (0x00000b84) c.addi4spn s1, sp, 464
core   0: 0 0x8000453c (0x0b84) x9  0x80021fc8
core   0: 0x8000453e (0x0143d493) srli    s1, t2, 20
core   0: 0 0x8000453e (0x0143d493) x9  0x00000fff
core   0: 0x80004542 (0x03706a33) rem     s4, zero, s7
core   0: 0 0x80004542 (0x03706a33) x20 0x00000000
core   0: 0x80004546 (0x00001e7d) c.addi  t3, -1
core   0: 0 0x80004546 (0x1e7d) x28 0x00000001
core   0: 0x80004548 (0x02647033) remu    zero, s0, t1
core   0: 0 0x80004548 (0x02647033)
core   0: 0x8000454c (0x00008846) c.mv    a6, a7
core   0: 0 0x8000454c (0x8846) x16 0xd6d0f000
core   0: 0x8000454e (0x00000001) c.nop
core   0: 0 0x8000454e (0x0001)
core   0: 0x80004550 (0x00f96a33) or      s4, s2, a5
core   0: 0 0x80004550 (0x00f96a33) x20 0x00000001
core   0: 0x80004554 (0x007f1933) sll     s2, t5, t2
core   0: 0 0x80004554 (0x007f1933) x18 0x00000000
core   0: 0x80004558 (0x000097b2) c.add   a5, a2
core   0: 0 0x80004558 (0x97b2) x15 0x00000000
core   0: 0x8000455a (0x01da35b3) sltu    a1, s4, t4
core   0: 0 0x8000455a (0x01da35b3) x11 0x00000000
core   0: 0x8000455e (0x03f8ad33) mulhsu  s10, a7, t6
core   0: 0 0x8000455e (0x03f8ad33) x26 0xfffffffe
core   0: 0x80004562 (0x00008f05) c.sub   a4, s1
core   0: 0 0x80004562 (0x8f05) x14 0xffffec3c
core   0: 0x80004564 (0x4020d5b3) sra     a1, ra, sp
core   0: 0 0x80004564 (0x4020d5b3) x11 0xffffffff
core   0: 0x80004568 (0x0000987d) c.andi  s0, -1
core   0: 0 0x80004568 (0x987d) x8  0x00000000
core   0: 0x8000456a (0x00001d00) c.addi4spn s0, sp, 688
core   0: 0 0x8000456a (0x1d00) x8  0x800220a8
core   0: 0x8000456c (0x03492e33) mulhsu  t3, s2, s4
core   0: 0 0x8000456c (0x03492e33) x28 0x00000000
core   0: 0x80004570 (0x00bb7663) bgeu    s6, a1, pc + 12
core   0: 0 0x80004570 (0x00bb7663)
core   0: 0x80004574 (0xb61d2613) slti    a2, s10, -1183
core   0: 0 0x80004574 (0xb61d2613) x12 0x00000000
core   0: 0x80004578 (0xb33abd13) sltiu   s10, s5, -1229
core   0: 0 0x80004578 (0xb33abd13) x26 0x00000001
core   0: 0x8000457c (0xd1e67493) andi    s1, a2, -738
core   0: 0 0x8000457c (0xd1e67493) x9  0x00000000
core   0: 0x80004580 (0x00008edd) c.or    a3, a5
core   0: 0 0x80004580 (0x8edd) x13 0x00017e2c
core   0: 0x80004582 (0xce994db7) lui     s11, 0xce994
core   0: 0 0x80004582 (0xce994db7) x27 0xce994000
core   0: 0x80004586 (0x02014833) div     a6, sp, zero
core   0: 0 0x80004586 (0x02014833) x16 0xffffffff
core   0: 0x8000458a (0x00004a89) c.li    s5, 2
core   0: 0 0x8000458a (0x4a89) x21 0x00000002
core   0: 0x8000458c (0x03b180b3) mul     ra, gp, s11
core   0: 0 0x8000458c (0x03b180b3) x1  0x00000000
core   0: 0x80004590 (0x37584913) xori    s2, a6, 885
core   0: 0 0x80004590 (0x37584913) x18 0xfffffc8a
core   0: 0x80004594 (0x01153933) sltu    s2, a0, a7
core   0: 0 0x80004594 (0x01153933) x18 0x00000001
core   0: 0x80004598 (0x01a66db3) or      s11, a2, s10
core   0: 0 0x80004598 (0x01a66db3) x27 0x00000001
core   0: 0x8000459c (0x0000c209) c.beqz  a2, pc + 2
core   0: 0 0x8000459c (0xc209)
core   0: 0x8000459e (0x00b755b3) srl     a1, a4, a1
core   0: 0 0x8000459e (0x00b755b3) x11 0x00000001
core   0: 0x800045a2 (0x0000ea89) c.bnez  a3, pc + 18
core   0: 0 0x800045a2 (0xea89)
core   0: 0x800045b4 (0x020e5633) divu    a2, t3, zero
core   0: 0 0x800045b4 (0x020e5633) x12 0xffffffff
core   0: 0x800045b8 (0x0000869d) c.srai  a3, 7
core   0: 0 0x800045b8 (0x869d) x13 0x000002fc
core   0: 0x800045ba (0x400801b3) sub     gp, a6, zero
core   0: 0 0x800045ba (0x400801b3) x3  0xffffffff
core   0: 0x800045be (0x000088aa) c.mv    a7, a0
core   0: 0 0x800045be (0x88aa) x17 0x00000200
core   0: 0x800045c0 (0x0ff0000f) fence   iorw,iorw
core   0: 0 0x800045c0 (0x0ff0000f)
core   0: 0x800045c4 (0x00d46863) bltu    s0, a3, pc + 16
core   0: 0 0x800045c4 (0x00d46863)
core   0: 0x800045c8 (0x07d58113) addi    sp, a1, 125
core   0: 0 0x800045c8 (0x07d58113) x2  0x0000007e
core   0: 0x800045cc (0x0191a5b3) slt     a1, gp, s9
core   0: 0 0x800045cc (0x0191a5b3) x11 0x00000000
core   0: 0x800045d0 (0x40892f13) slti    t5, s2, 1032
core   0: 0 0x800045d0 (0x40892f13) x30 0x00000001
core   0: 0x800045d4 (0x41320e33) sub     t3, tp, s3
core   0: 0 0x800045d4 (0x41320e33) x28 0x7ffde208
core   0: 0x800045d8 (0x4099d933) sra     s2, s3, s1
core   0: 0 0x800045d8 (0x4099d933) x18 0x80021df8
core   0: 0x800045dc (0x8b310593) addi    a1, sp, -1869
core   0: 0 0x800045dc (0x8b310593) x11 0xfffff931
core   0: 0x800045e0 (0x004f9133) sll     sp, t6, tp
core   0: 0 0x800045e0 (0x004f9133) x2  0x0000000b
core   0: 0x800045e4 (0x00008d8d) c.sub   a1, a1
core   0: 0 0x800045e4 (0x8d8d) x11 0x00000000
core   0: 0x800045e6 (0x00b12633) slt     a2, sp, a1
core   0: 0 0x800045e6 (0x00b12633) x12 0x00000000
core   0: 0x800045ea (0x000af363) bgeu    s5, zero, pc + 6
core   0: 0 0x800045ea (0x000af363)
core   0: 0x800045f0 (0x01c91f33) sll     t5, s2, t3
core   0: 0 0x800045f0 (0x01c91f33) x30 0x021df800
core   0: 0x800045f4 (0x00801f33) sll     t5, zero, s0
core   0: 0 0x800045f4 (0x00801f33) x30 0x00000000
core   0: 0x800045f8 (0x03ec90b3) mulh    ra, s9, t5
core   0: 0 0x800045f8 (0x03ec90b3) x1  0x00000000
core   0: 0x800045fc (0x00000001) c.nop
core   0: 0 0x800045fc (0x0001)
core   0: 0x800045fe (0x00009af2) c.add   s5, t3
core   0: 0 0x800045fe (0x9af2) x21 0x7ffde20a
core   0: 0x80004600 (0x00989633) sll     a2, a7, s1
core   0: 0 0x80004600 (0x00989633) x12 0x00000200
core   0: 0x80004604 (0x02ba85b3) mul     a1, s5, a1
core   0: 0 0x80004604 (0x02ba85b3) x11 0x00000000
core   0: 0x80004608 (0x00678eb3) add     t4, a5, t1
core   0: 0 0x80004608 (0x00678eb3) x29 0x00000000
core   0: 0x8000460c (0x00008d6a) c.mv    s10, s10
core   0: 0 0x8000460c (0x8d6a) x26 0x00000001
core   0: 0x8000460e (0x04bf4263) blt     t5, a1, pc + 68
core   0: 0 0x8000460e (0x04bf4263)
core   0: 0x80004612 (0x0000100f) fence.i
core   0: 0 0x80004612 (0x0000100f)
core   0: 0x80004616 (0x962b7913) andi    s2, s6, -1694
core   0: 0 0x80004616 (0x962b7913) x18 0xfffff962
core   0: 0x8000461a (0x007a1f13) slli    t5, s4, 7
core   0: 0 0x8000461a (0x007a1f13) x30 0x00000080
core   0: 0x8000461e (0x414f83b3) sub     t2, t6, s4
core   0: 0 0x8000461e (0x414f83b3) x7  0x0000000a
core   0: 0x80004622 (0x00008e25) c.xor   a2, s1
core   0: 0 0x80004622 (0x8e25) x12 0x00000200
core   0: 0x80004624 (0x00006e39) c.lui   t3, 0xe
core   0: 0 0x80004624 (0x6e39) x28 0x0000e000
core   0: 0x80004626 (0x00008d1e) c.mv    s10, t2
core   0: 0 0x80004626 (0x8d1e) x26 0x0000000a
core   0: 0x80004628 (0x40fadab3) sra     s5, s5, a5
core   0: 0 0x80004628 (0x40fadab3) x21 0x7ffde20a
core   0: 0x8000462c (0x025666b3) rem     a3, a2, t0
core   0: 0 0x8000462c (0x025666b3) x13 0x00000000
core   0: 0x80004630 (0x00bc5633) srl     a2, s8, a1
core   0: 0 0x80004630 (0x00bc5633) x12 0xfffffc3c
core   0: 0x80004634 (0x00008d1e) c.mv    s10, t2
core   0: 0 0x80004634 (0x8d1e) x26 0x0000000a
core   0: 0x80004636 (0x0000e01d) c.bnez  s0, pc + 38
core   0: 0 0x80004636 (0xe01d)
core   0: 0x8000465c (0x9d70ed93) ori     s11, ra, -1577
core   0: 0 0x8000465c (0x9d70ed93) x27 0xfffff9d7
core   0: 0x80004660 (0x02924933) div     s2, tp, s1
core   0: 0 0x80004660 (0x02924933) x18 0xffffffff
core   0: 0x80004664 (0x013e9b63) bne     t4, s3, pc + 22
core   0: 0 0x80004664 (0x013e9b63)
core   0: 0x8000467a (0x00008099) c.srli  s1, 6
core   0: 0 0x8000467a (0x8099) x9  0x00000000
core   0: 0x8000467c (0x0000eb9d) c.bnez  a5, pc + 54
core   0: 0 0x8000467c (0xeb9d)
core   0: 0x8000467e (0x0436b613) sltiu   a2, a3, 67
core   0: 0 0x8000467e (0x0436b613) x12 0x00000001
core   0: 0x80004682 (0x018b9db3) sll     s11, s7, s8
core   0: 0 0x80004682 (0x018b9db3) x27 0x00000000
core   0: 0x80004686 (0x03160e33) mul     t3, a2, a7
core   0: 0 0x80004686 (0x03160e33) x28 0x00000200
core   0: 0x8000468a (0xfb0b3737) lui     a4, 0xfb0b3
core   0: 0 0x8000468a (0xfb0b3737) x14 0xfb0b3000
core   0: 0x8000468e (0x00008fd1) c.or    a5, a2
core   0: 0 0x8000468e (0x8fd1) x15 0x00000001
core   0: 0x80004690 (0x00008925) c.andi  a0, 9
core   0: 0 0x80004690 (0x8925) x10 0x00000000
core   0: 0x80004692 (0x0058af33) slt     t5, a7, t0
core   0: 0 0x80004692 (0x0058af33) x30 0x00000000
core   0: 0x80004696 (0x0000100f) fence.i
core   0: 0 0x80004696 (0x0000100f)
core   0: 0x8000469a (0x0000c399) c.beqz  a5, pc + 6
core   0: 0 0x8000469a (0xc399)
core   0: 0x8000469c (0x008462b3) or      t0, s0, s0
core   0: 0 0x8000469c (0x008462b3) x5  0x800220a8
core   0: 0x800046a0 (0x000002f2) c.slli  t0, 28
core   0: 0 0x800046a0 (0x02f2) x5  0x80000000
core   0: 0x800046a2 (0x00001d18) c.addi4spn a4, sp, 688
core   0: 0 0x800046a2 (0x1d18) x14 0x000002bb
core   0: 0x800046a4 (0x00008f31) c.xor   a4, a2
core   0: 0 0x800046a4 (0x8f31) x14 0x000002ba
core   0: 0x800046a6 (0x682b37b7) lui     a5, 0x682b3
core   0: 0 0x800046a6 (0x682b37b7) x15 0x682b3000
core   0: 0x800046aa (0x000052fd) c.li    t0, -1
core   0: 0 0x800046aa (0x52fd) x5  0xffffffff
core   0: 0x800046ac (0x02735a63) bge     t1, t2, pc + 52
core   0: 0 0x800046ac (0x02735a63)
core   0: 0x800046b0 (0x0000091e) c.slli  s2, 7
core   0: 0 0x800046b0 (0x091e) x18 0xffffff80
core   0: 0x800046b2 (0x000085c9) c.srai  a1, 18
core   0: 0 0x800046b2 (0x85c9) x11 0x00000000
core   0: 0x800046b4 (0x4055d693) srai    a3, a1, 5
core   0: 0 0x800046b4 (0x4055d693) x13 0x00000000
core   0: 0x800046b8 (0x02533db3) mulhu   s11, t1, t0
core   0: 0 0x800046b8 (0x02533db3) x27 0x00000000
core   0: 0x800046bc (0x00001d7d) c.addi  s10, -1
core   0: 0 0x800046bc (0x1d7d) x26 0x00000009
core   0: 0x800046be (0x09dc2d13) slti    s10, s8, 157
core   0: 0 0x800046be (0x09dc2d13) x26 0x00000001
core   0: 0x800046c2 (0x00001a08) c.addi4spn a0, sp, 304
core   0: 0 0x800046c2 (0x1a08) x10 0x0000013b
core   0: 0x800046c4 (0x00008f49) c.or    a4, a0
core   0: 0 0x800046c4 (0x8f49) x14 0x000003bb
core   0: 0x800046c6 (0x8390c013) xori    zero, ra, -1991
core   0: 0 0x800046c6 (0x8390c013)
core   0: 0x800046ca (0x00008f4a) c.mv    t5, s2
core   0: 0 0x800046ca (0x8f4a) x30 0xffffff80
core   0: 0x800046cc (0x00000001) c.nop
core   0: 0 0x800046cc (0x0001)
core   0: 0x800046ce (0x022f26b3) mulhsu  a3, t5, sp
core   0: 0 0x800046ce (0x022f26b3) x13 0xffffffff
core   0: 0x800046d2 (0x0000825e) c.mv    tp, s7
core   0: 0 0x800046d2 (0x825e) x4  0x02fc5800
core   0: 0x800046d4 (0x01ebbc33) sltu    s8, s7, t5
core   0: 0 0x800046d4 (0x01ebbc33) x24 0x00000001
core   0: 0x800046d8 (0xdab90697) auipc   a3, 0xdab90
core   0: 0 0x800046d8 (0xdab90697) x13 0x5ab946d8
core   0: 0x800046dc (0xf81003b7) lui     t2, 0xf8100
core   0: 0 0x800046dc (0xf81003b7) x7  0xf8100000
core   0: 0x800046e0 (0x025c67b3) rem     a5, s8, t0
core   0: 0 0x800046e0 (0x025c67b3) x15 0x00000000
core   0: 0x800046e4 (0x00000bf6) c.slli  s7, 29
core   0: 0 0x800046e4 (0x0bf6) x23 0x00000000
core   0: 0x800046e6 (0x00009372) c.add   t1, t3
core   0: 0 0x800046e6 (0x9372) x6  0x00000200
core   0: 0x800046e8 (0x00008159) c.srli  a0, 22
core   0: 0 0x800046e8 (0x8159) x10 0x00000000
core   0: 0x800046ea (0xa7da3c13) sltiu   s8, s4, -1411
core   0: 0 0x800046ea (0xa7da3c13) x24 0x00000001
core   0: 0x800046ee (0x00000001) c.nop
core   0: 0 0x800046ee (0x0001)
core   0: 0x800046f0 (0x02520533) mul     a0, tp, t0
core   0: 0 0x800046f0 (0x02520533) x10 0xfd03a800
core   0: 0x800046f4 (0x0000717d) c.addi16sp sp, -16
core   0: 0 0x800046f4 (0x717d) x2  0xfffffffb
core   0: 0x800046f6 (0x00001580) c.addi4spn s0, sp, 736
core   0: 0 0x800046f6 (0x1580) x8  0x000002db
core   0: 0x800046f8 (0x02c8b333) mulhu   t1, a7, a2
core   0: 0 0x800046f8 (0x02c8b333) x6  0x00000000
core   0: 0x800046fc (0x0ff0000f) fence   iorw,iorw
core   0: 0 0x800046fc (0x0ff0000f)
core   0: 0x80004700 (0x000098fd) c.andi  s1, -1
core   0: 0 0x80004700 (0x98fd) x9  0x00000000
core   0: 0x80004702 (0x00000d91) c.addi  s11, 4
core   0: 0 0x80004702 (0x0d91) x27 0x00000004
core   0: 0x80004704 (0x010423b3) slt     t2, s0, a6
core   0: 0 0x80004704 (0x010423b3) x7  0x00000000
core   0: 0x80004708 (0x0ff0000f) fence   iorw,iorw
core   0: 0 0x80004708 (0x0ff0000f)
core   0: 0x8000470c (0x03f24f33) div     t5, tp, t6
core   0: 0 0x8000470c (0x03f24f33) x30 0x00457c5d
core   0: 0x80004710 (0x034be033) rem     zero, s7, s4
core   0: 0 0x80004710 (0x034be033)
core   0: 0x80004714 (0x01230a33) add     s4, t1, s2
core   0: 0 0x80004714 (0x01230a33) x20 0xffffff80
core   0: 0x80004718 (0x00001f7d) c.addi  t5, -1
core   0: 0 0x80004718 (0x1f7d) x30 0x00457c5c
core   0: 0x8000471a (0x01e96f33) or      t5, s2, t5
core   0: 0 0x8000471a (0x01e96f33) x30 0xffffffdc
core   0: 0x8000471e (0x0000614d) c.addi16sp sp, 176
core   0: 0 0x8000471e (0x614d) x2  0x000000ab
core   0: 0x80004720 (0x00d3f463) bgeu    t2, a3, pc + 8
core   0: 0 0x80004720 (0x00d3f463)
core   0: 0x80004724 (0x000082a9) c.srli  a3, 10
core   0: 0 0x80004724 (0x82a9) x13 0x0016ae51
core   0: 0x80004726 (0x0000ca1d) c.beqz  a2, pc + 54
core   0: 0 0x80004726 (0xca1d)
core   0: 0x80004728 (0x00008d89) c.sub   a1, a0
core   0: 0 0x80004728 (0x8d89) x11 0x02fc5800
core   0: 0x8000472a (0x00000e55) c.addi  t3, 21
core   0: 0 0x8000472a (0x0e55) x28 0x00000215
core   0: 0x8000472c (0x03ef6663) bltu    t5, t5, pc + 44
core   0: 0 0x8000472c (0x03ef6663)
core   0: 0x80004730 (0x00b85913) srli    s2, a6, 11
core   0: 0 0x80004730 (0x00b85913) x18 0x001fffff
core   0: 0x80004734 (0x026915b3) mulh    a1, s2, t1
core   0: 0 0x80004734 (0x026915b3) x11 0x00000000
core   0: 0x80004738 (0x000007b9) c.addi  a5, 14
core   0: 0 0x80004738 (0x07b9) x15 0x0000000e
core   0: 0x8000473a (0x0288bab3) mulhu   s5, a7, s0
core   0: 0 0x8000473a (0x0288bab3) x21 0x00000000
core   0: 0x8000473e (0xe9c34793) xori    a5, t1, -356
core   0: 0 0x8000473e (0xe9c34793) x15 0xfffffe9c
core   0: 0x80004742 (0x000065a1) c.lui   a1, 0x8
core   0: 0 0x80004742 (0x65a1) x11 0x00008000
core   0: 0x80004744 (0x02191b63) bne     s2, ra, pc + 54
core   0: 0 0x80004744 (0x02191b63)
core   0: 0x8000477a (0x40fcd113) srai    sp, s9, 15
core   0: 0 0x8000477a (0x40fcd113) x2  0xffff0004
core   0: 0x8000477e (0x00009a46) c.add   s4, a7
core   0: 0 0x8000477e (0x9a46) x20 0x00000180
core   0: 0x80004780 (0x0000e711) c.bnez  a4, pc + 12
core   0: 0 0x80004780 (0xe711)
core   0: 0x8000478c (0x01dd7f33) and     t5, s10, t4
core   0: 0 0x8000478c (0x01dd7f33) x30 0x00000000
core   0: 0x80004790 (0xc691e493) ori     s1, gp, -919
core   0: 0 0x80004790 (0xc691e493) x9  0xffffffff
core   0: 0x80004794 (0x05a0c263) blt     ra, s10, pc + 68
core   0: 0 0x80004794 (0x05a0c263)
core   0: 0x800047d8 (0x01363a33) sltu    s4, a2, s3
core   0: 0 0x800047d8 (0x01363a33) x20 0x00000001
core   0: 0x800047dc (0x00008e45) c.or    a2, s1
core   0: 0 0x800047dc (0x8e45) x12 0xffffffff
core   0: 0x800047de (0x012e9763) bne     t4, s2, pc + 14
core   0: 0 0x800047de (0x012e9763)
core   0: 0x800047ec (0x00008ee1) c.and   a3, s0
core   0: 0 0x800047ec (0x8ee1) x13 0x00000251
core   0: 0x800047ee (0x00008152) c.mv    sp, s4
core   0: 0 0x800047ee (0x8152) x2  0x00000001
core   0: 0x800047f0 (0x00000001) c.nop
core   0: 0 0x800047f0 (0x0001)
core   0: 0x800047f2 (0x02d2d833) divu    a6, t0, a3
core   0: 0 0x800047f2 (0x02d2d833) x16 0x006e8419
core   0: 0x800047f6 (0x7028a493) slti    s1, a7, 1794
core   0: 0 0x800047f6 (0x7028a493) x9  0x00000001
core   0: 0x800047fa (0x0ff0000f) fence   iorw,iorw
core   0: 0 0x800047fa (0x0ff0000f)
core   0: 0x800047fe (0x00a4d033) srl     zero, s1, a0
core   0: 0 0x800047fe (0x00a4d033)
core   0: 0x80004802 (0x62443317) auipc   t1, 0x62443
core   0: 0 0x80004802 (0x62443317) x6  0xe2447802
core   0: 0x80004806 (0x011c9093) slli    ra, s9, 17
core   0: 0 0x80004806 (0x011c9093) x1  0xb9c80000
core   0: 0x8000480a (0x00000001) c.nop
core   0: 0 0x8000480a (0x0001)
core   0: 0x8000480c (0x016b77b3) and     a5, s6, s6
core   0: 0 0x8000480c (0x016b77b3) x15 0xfffffffb
core   0: 0x80004810 (0x04081063) bnez    a6, pc + 64
core   0: 0 0x80004810 (0x04081063)
core   0: 0x80004850 (0x00000001) c.nop
core   0: 0 0x80004850 (0x0001)
core   0: 0x80004852 (0x0000ef09) c.bnez  a4, pc + 26
core   0: 0 0x80004852 (0xef09)
core   0: 0x8000486c (0x00c5d713) srli    a4, a1, 12
core   0: 0 0x8000486c (0x00c5d713) x14 0x00000008
core   0: 0x80004870 (0x03c41533) mulh    a0, s0, t3
core   0: 0 0x80004870 (0x03c41533) x10 0x00000000
core   0: 0x80004874 (0x0000641d) c.lui   s0, 0x7
core   0: 0 0x80004874 (0x641d) x8  0x00007000
core   0: 0x80004876 (0x0000049c) c.addi4spn a5, sp, 576
core   0: 0 0x80004876 (0x049c) x15 0x00000241
core   0: 0x80004878 (0x010dff63) bgeu    s11, a6, pc + 30
core   0: 0 0x80004878 (0x010dff63)
core   0: 0x8000487c (0x00008c65) c.and   s0, s1
core   0: 0 0x8000487c (0x8c65) x8  0x00000000
core   0: 0x8000487e (0x0672b693) sltiu   a3, t0, 103
core   0: 0 0x8000487e (0x0672b693) x13 0x00000000
core   0: 0x80004882 (0x00000001) c.nop
core   0: 0 0x80004882 (0x0001)
core   0: 0x80004884 (0x029fa733) mulhsu  a4, t6, s1
core   0: 0 0x80004884 (0x029fa733) x14 0x00000000
core   0: 0x80004888 (0x9b562593) slti    a1, a2, -1611
core   0: 0 0x80004888 (0x9b562593) x11 0x00000000
core   0: 0x8000488c (0x0244b133) mulhu   sp, s1, tp
core   0: 0 0x8000488c (0x0244b133) x2  0x00000000
core   0: 0x80004890 (0x03024433) div     s0, tp, a6
core   0: 0 0x80004890 (0x03024433) x8  0x00000006
core   0: 0x80004894 (0x0000717d) c.addi16sp sp, -16
core   0: 0 0x80004894 (0x717d) x2  0xfffffff0
core   0: 0x80004896 (0x05f11363) bne     sp, t6, pc + 70
core   0: 0 0x80004896 (0x05f11363)
core   0: 0x800048dc (0x00008d52) c.mv    s10, s4
core   0: 0 0x800048dc (0x8d52) x26 0x00000001
core   0: 0x800048de (0x7c479717) auipc   a4, 0x7c479
core   0: 0 0x800048de (0x7c479717) x14 0xfc47d8de
core   0: 0x800048e2 (0x00008f71) c.and   a4, a2
core   0: 0 0x800048e2 (0x8f71) x14 0xfc47d8de
core   0: 0x800048e4 (0x00000001) c.nop
core   0: 0 0x800048e4 (0x0001)
core   0: 0x800048e6 (0x0000100f) fence.i
core   0: 0 0x800048e6 (0x0000100f)
core   0: 0x800048ea (0x013c61b3) or      gp, s8, s3
core   0: 0 0x800048ea (0x013c61b3) x3  0x80021df9
core   0: 0x800048ee (0x40435f33) sra     t5, t1, tp
core   0: 0 0x800048ee (0x40435f33) x30 0xe2447802
core   0: 0x800048f2 (0x01c45d93) srli    s11, s0, 28
core   0: 0 0x800048f2 (0x01c45d93) x27 0x00000000
core   0: 0x800048f6 (0x01595733) srl     a4, s2, s5
core   0: 0 0x800048f6 (0x01595733) x14 0x001fffff
core   0: 0x800048fa (0x00006131) c.addi16sp sp, 320
core   0: 0 0x800048fa (0x6131) x2  0x00000130
core   0: 0x800048fc (0x41a10c33) sub     s8, sp, s10
core   0: 0 0x800048fc (0x41a10c33) x24 0x0000012f
core   0: 0x80004900 (0x0000c98d) c.beqz  a1, pc + 50
core   0: 0 0x80004900 (0xc98d)
core   0: 0x80004932 (0x00008471) c.srai  s0, 28
core   0: 0 0x80004932 (0x8471) x8  0x00000000
core   0: 0x80004934 (0x02b925b3) mulhsu  a1, s2, a1
core   0: 0 0x80004934 (0x02b925b3) x11 0x00000000
core   0: 0x80004938 (0x05e49163) bne     s1, t5, pc + 66
core   0: 0 0x80004938 (0x05e49163)
core   0: 0x8000497a (0x008c8c33) add     s8, s9, s0
core   0: 0 0x8000497a (0x008c8c33) x24 0x80025ce4
core   0: 0x8000497e (0x00000118) c.addi4spn a4, sp, 128
core   0: 0 0x8000497e (0x0118) x14 0x000001b0
core   0: 0x80004980 (0x034c0333) mul     t1, s8, s4
core   0: 0 0x80004980 (0x034c0333) x6  0x80025ce4
core   0: 0x80004984 (0x003997b3) sll     a5, s3, gp
core   0: 0 0x80004984 (0x003997b3) x15 0xf0000000
core   0: 0x80004988 (0x0000c319) c.beqz  a4, pc + 6
core   0: 0 0x80004988 (0xc319)
core   0: 0x8000498a (0x0078d2b3) srl     t0, a7, t2
core   0: 0 0x8000498a (0x0078d2b3) x5  0x00000200
core   0: 0x8000498e (0x00000c4e) c.slli  s8, 19
core   0: 0 0x8000498e (0x0c4e) x24 0xe7200000
core   0: 0x80004990 (0x00000ee5) c.addi  t4, 25
core   0: 0 0x80004990 (0x0ee5) x29 0x00000019
core   0: 0x80004992 (0x036f53b3) divu    t2, t5, s6
core   0: 0 0x80004992 (0x036f53b3) x7  0x00000000
core   0: 0x80004996 (0x000082ca) c.mv    t0, s2
core   0: 0 0x80004996 (0x82ca) x5  0x001fffff
core   0: 0x80004998 (0x02809233) mulh    tp, ra, s0
core   0: 0 0x80004998 (0x02809233) x4  0x00000000
core   0: 0x8000499c (0x008f8563) beq     t6, s0, pc + 10
core   0: 0 0x8000499c (0x008f8563)
core   0: 0x800049a0 (0x00000a26) c.slli  s4, 9
core   0: 0 0x800049a0 (0x0a26) x20 0x00000200
core   0: 0x800049a2 (0x00283bb3) sltu    s7, a6, sp
core   0: 0 0x800049a2 (0x00283bb3) x23 0x00000000
core   0: 0x800049a6 (0x0000910e) c.add   sp, gp
core   0: 0 0x800049a6 (0x910e) x2  0x80021f29
core   0: 0x800049a8 (0x037a9933) mulh    s2, s5, s7
core   0: 0 0x800049a8 (0x037a9933) x18 0x00000000
core   0: 0x800049ac (0x03658533) mul     a0, a1, s6
core   0: 0 0x800049ac (0x03658533) x10 0x00000000
core   0: 0x800049b0 (0x0000c095) c.beqz  s1, pc + 36
core   0: 0 0x800049b0 (0xc095)
core   0: 0x800049b2 (0x0000ca81) c.beqz  a3, pc + 16
core   0: 0 0x800049b2 (0xca81)
core   0: 0x800049c2 (0x00d61663) bne     a2, a3, pc + 12
core   0: 0 0x800049c2 (0x00d61663)
core   0: 0x800049ce (0x016a38b3) sltu    a7, s4, s6
core   0: 0 0x800049ce (0x016a38b3) x17 0x00000001
core   0: 0x800049d2 (0x00008e1d) c.sub   a2, a5
core   0: 0 0x800049d2 (0x8e1d) x12 0x0fffffff
core   0: 0x800049d4 (0xb0ea45b7) lui     a1, 0xb0ea4
core   0: 0 0x800049d4 (0xb0ea45b7) x11 0xb0ea4000
core   0: 0x800049d8 (0x016fc0b3) xor     ra, t6, s6
core   0: 0 0x800049d8 (0x016fc0b3) x1  0xfffffff0
core   0: 0x800049dc (0x39162893) slti    a7, a2, 913
core   0: 0 0x800049dc (0x39162893) x17 0x00000000
core   0: 0x800049e0 (0x000083f5) c.srli  a5, 29
core   0: 0 0x800049e0 (0x83f5) x15 0x00000007
core   0: 0x800049e2 (0x015c2333) slt     t1, s8, s5
core   0: 0 0x800049e2 (0x015c2333) x6  0x00000001
core   0: 0x800049e6 (0x016e5f63) bge     t3, s6, pc + 30
core   0: 0 0x800049e6 (0x016e5f63)
core   0: 0x80004a04 (0x0325fe33) remu    t3, a1, s2
core   0: 0 0x80004a04 (0x0325fe33) x28 0xb0ea4000
core   0: 0x80004a08 (0x0000c519) c.beqz  a0, pc + 14
core   0: 0 0x80004a08 (0xc519)
core   0: 0x80004a16 (0x019f1d13) slli    s10, t5, 25
core   0: 0 0x80004a16 (0x019f1d13) x26 0x04000000
core   0: 0x80004a1a (0x0232f4b3) remu    s1, t0, gp
core   0: 0 0x80004a1a (0x0232f4b3) x9  0x001fffff
core   0: 0x80004a1e (0x039ae363) bltu    s5, s9, pc + 38
core   0: 0 0x80004a1e (0x039ae363)
core   0: 0x80004a44 (0x72ba8213) addi    tp, s5, 1835
core   0: 0 0x80004a44 (0x72ba8213) x4  0x0000072b
core   0: 0x80004a48 (0x00000001) c.nop
core   0: 0 0x80004a48 (0x0001)
core   0: 0x80004a4a (0x00004b9d) c.li    s7, 7
core   0: 0 0x80004a4a (0x4b9d) x23 0x00000007
core   0: 0x80004a4c (0x0000023e) c.slli  tp, 15
core   0: 0 0x80004a4c (0x023e) x4  0x03958000
core   0: 0x80004a4e (0x03c85db3) divu    s11, a6, t3
core   0: 0 0x80004a4e (0x03c85db3) x27 0x00000000
core   0: 0x80004a52 (0x000010fd) c.addi  ra, -1
core   0: 0 0x80004a52 (0x10fd) x1  0xffffffef
core   0: 0x80004a54 (0x015ce463) bltu    s9, s5, pc + 8
core   0: 0 0x80004a54 (0x015ce463)
core   0: 0x80004a58 (0x0000e391) c.bnez  a5, pc + 4
core   0: 0 0x80004a58 (0xe391)
core   0: 0x80004a5c (0x00cd67b3) or      a5, s10, a2
core   0: 0 0x80004a5c (0x00cd67b3) x15 0x0fffffff
core   0: 0x80004a60 (0x02a75a63) bge     a4, a0, pc + 52
core   0: 0 0x80004a60 (0x02a75a63)
core   0: 0x80004a94 (0x036cddb3) divu    s11, s9, s6
core   0: 0 0x80004a94 (0x036cddb3) x27 0x00000000
core   0: 0x80004a98 (0x017382b3) add     t0, t2, s7
core   0: 0 0x80004a98 (0x017382b3) x5  0x00000007
core   0: 0x80004a9c (0x01f19033) sll     zero, gp, t6
core   0: 0 0x80004a9c (0x01f19033)
core   0: 0x80004aa0 (0x528ba713) slti    a4, s7, 1320
core   0: 0 0x80004aa0 (0x528ba713) x14 0x00000001
core   0: 0x80004aa4 (0x037e78b3) remu    a7, t3, s7
core   0: 0 0x80004aa4 (0x037e78b3) x17 0x00000004
core   0: 0x80004aa8 (0x0000c215) c.beqz  a2, pc + 36
core   0: 0 0x80004aa8 (0xc215)
core   0: 0x80004aaa (0x03f2e763) bltu    t0, t6, pc + 46
core   0: 0 0x80004aaa (0x03f2e763)
core   0: 0x80004ad8 (0x00008eb1) c.xor   a3, a2
core   0: 0 0x80004ad8 (0x8eb1) x13 0x0fffffff
core   0: 0x80004ada (0x00008d99) c.sub   a1, a4
core   0: 0 0x80004ada (0x8d99) x11 0xb0ea3fff
core   0: 0x80004adc (0x0315fe33) remu    t3, a1, a7
core   0: 0 0x80004adc (0x0315fe33) x28 0x00000003
core   0: 0x80004ae0 (0x40ca07b3) sub     a5, s4, a2
core   0: 0 0x80004ae0 (0x40ca07b3) x15 0xf0000201
core   0: 0x80004ae4 (0xb0a78693) addi    a3, a5, -1270
core   0: 0 0x80004ae4 (0xb0a78693) x13 0xeffffd0b
core   0: 0x80004ae8 (0x01cbdd33) srl     s10, s7, t3
core   0: 0 0x80004ae8 (0x01cbdd33) x26 0x00000000
core   0: 0x80004aec (0x0000049e) c.slli  s1, 7
core   0: 0 0x80004aec (0x049e) x9  0x0fffff80
core   0: 0x80004aee (0x01a8a5b3) slt     a1, a7, s10
core   0: 0 0x80004aee (0x01a8a5b3) x11 0x00000000
core   0: 0x80004af2 (0x00008d41) c.or    a0, s0
core   0: 0 0x80004af2 (0x8d41) x10 0x00000000
core   0: 0x80004af4 (0x02087e63) bgeu    a6, zero, pc + 60
core   0: 0 0x80004af4 (0x02087e63)
core   0: 0x80004b30 (0xa9d26db7) lui     s11, 0xa9d26
core   0: 0 0x80004b30 (0xa9d26db7) x27 0xa9d26000
core   0: 0x80004b34 (0x00008599) c.srai  a1, 6
core   0: 0 0x80004b34 (0x8599) x11 0x00000000
core   0: 0x80004b36 (0x0000e489) c.bnez  s1, pc + 10
core   0: 0 0x80004b36 (0xe489)
core   0: 0x80004b40 (0x00000001) c.nop
core   0: 0 0x80004b40 (0x0001)
core   0: 0x80004b42 (0x00008ea1) c.xor   a3, s0
core   0: 0 0x80004b42 (0x8ea1) x13 0xeffffd0b
core   0: 0x80004b44 (0x00000001) c.nop
core   0: 0 0x80004b44 (0x0001)
core   0: 0x80004b46 (0x01149db3) sll     s11, s1, a7
core   0: 0 0x80004b46 (0x01149db3) x27 0xfffff800
core   0: 0x80004b4a (0x03d053b3) divu    t2, zero, t4
core   0: 0 0x80004b4a (0x03d053b3) x7  0x00000000
core   0: 0x80004b4e (0x00df1ab3) sll     s5, t5, a3
core   0: 0 0x80004b4e (0x00df1ab3) x21 0x23c01000
core   0: 0x80004b52 (0x00008a79) c.andi  a2, 30
core   0: 0 0x80004b52 (0x8a79) x12 0x0000001e
core   0: 0x80004b54 (0x00008f0d) c.sub   a4, a1
core   0: 0 0x80004b54 (0x8f0d) x14 0x00000001
core   0: 0x80004b56 (0x00000001) c.nop
core   0: 0 0x80004b56 (0x0001)
core   0: 0x80004b58 (0x0000c509) c.beqz  a0, pc + 10
core   0: 0 0x80004b58 (0xc509)
core   0: 0x80004b62 (0x0017adb3) slt     s11, a5, ra
core   0: 0 0x80004b62 (0x0017adb3) x27 0x00000001
core   0: 0x80004b66 (0x00008da1) c.xor   a1, s0
core   0: 0 0x80004b66 (0x8da1) x11 0x00000000
core   0: 0x80004b68 (0x00008d25) c.xor   a0, s1
core   0: 0 0x80004b68 (0x8d25) x10 0x0fffff80
core   0: 0x80004b6a (0x015e6863) bltu    t3, s5, pc + 16
core   0: 0 0x80004b6a (0x015e6863)
core   0: 0x80004b7a (0x000087f9) c.srai  a5, 30
core   0: 0 0x80004b7a (0x87f9) x15 0xffffffff
core   0: 0x80004b7c (0x00008225) c.srli  a2, 9
core   0: 0 0x80004b7c (0x8225) x12 0x00000000
core   0: 0x80004b7e (0x04305163) bge     zero, gp, pc + 66
core   0: 0 0x80004b7e (0x04305163)
core   0: 0x80004bc0 (0x003ea5b3) slt     a1, t4, gp
core   0: 0 0x80004bc0 (0x003ea5b3) x11 0x00000000
core   0: 0x80004bc4 (0x034e4133) div     sp, t3, s4
core   0: 0 0x80004bc4 (0x034e4133) x2  0x00000000
core   0: 0x80004bc8 (0x01f79563) bne     a5, t6, pc + 10
core   0: 0 0x80004bc8 (0x01f79563)
core   0: 0x80004bd2 (0x0000177d) c.addi  a4, -1
core   0: 0 0x80004bd2 (0x177d) x14 0x00000000
core   0: 0x80004bd4 (0x9ea44e13) xori    t3, s0, -1558
core   0: 0 0x80004bd4 (0x9ea44e13) x28 0xfffff9ea
core   0: 0x80004bd8 (0x01039e13) slli    t3, t2, 16
core   0: 0 0x80004bd8 (0x01039e13) x28 0x00000000
core   0: 0x80004bdc (0x00008a71) c.andi  a2, 28
core   0: 0 0x80004bdc (0x8a71) x12 0x00000000
core   0: 0x80004bde (0x036fb3b3) mulhu   t2, t6, s6
core   0: 0 0x80004bde (0x036fb3b3) x7  0x0000000a
core   0: 0x80004be2 (0x00008d51) c.or    a0, a2
core   0: 0 0x80004be2 (0x8d51) x10 0x0fffff80
core   0: 0x80004be4 (0x009c8e33) add     t3, s9, s1
core   0: 0 0x80004be4 (0x009c8e33) x28 0x90025c64
core   0: 0x80004be8 (0x00791033) sll     zero, s2, t2
core   0: 0 0x80004be8 (0x00791033)
core   0: 0x80004bec (0x014efc33) and     s8, t4, s4
core   0: 0 0x80004bec (0x014efc33) x24 0x00000000
core   0: 0x80004bf0 (0x000052fd) c.li    t0, -1
core   0: 0 0x80004bf0 (0x52fd) x5  0xffffffff
core   0: 0x80004bf2 (0x00009646) c.add   a2, a7
core   0: 0 0x80004bf2 (0x9646) x12 0x00000004
core   0: 0x80004bf4 (0x01f023b3) slt     t2, zero, t6
core   0: 0 0x80004bf4 (0x01f023b3) x7  0x00000001
core   0: 0x80004bf8 (0x000015fd) c.addi  a1, -1
core   0: 0 0x80004bf8 (0x15fd) x11 0xffffffff
core   0: 0x80004bfa (0x00008ee9) c.and   a3, a0
core   0: 0 0x80004bfa (0x8ee9) x13 0x0ffffd00
core   0: 0x80004bfc (0x00008cd5) c.or    s1, a3
core   0: 0 0x80004bfc (0x8cd5) x9  0x0fffff80
core   0: 0x80004bfe (0x00008e99) c.sub   a3, a4
core   0: 0 0x80004bfe (0x8e99) x13 0x0ffffd00
core   0: 0x80004c00 (0x0000717d) c.addi16sp sp, -16
core   0: 0 0x80004c00 (0x717d) x2  0xfffffff0
core   0: 0x80004c02 (0x02af9533) mulh    a0, t6, a0
core   0: 0 0x80004c02 (0x02af9533) x10 0x00000000
core   0: 0x80004c06 (0x0ff0000f) fence   iorw,iorw
core   0: 0 0x80004c06 (0x0ff0000f)
core   0: 0x80004c0a (0x411ada33) sra     s4, s5, a7
core   0: 0 0x80004c0a (0x411ada33) x20 0x023c0100
core   0: 0x80004c0e (0x0ff0000f) fence   iorw,iorw
core   0: 0 0x80004c0e (0x0ff0000f)
core   0: 0x80004c12 (0x00f25713) srli    a4, tp, 15
core   0: 0 0x80004c12 (0x00f25713) x14 0x0000072b
core   0: 0x80004c16 (0x00000001) c.nop
core   0: 0 0x80004c16 (0x0001)
core   0: 0x80004c18 (0x00352bb3) slt     s7, a0, gp
core   0: 0 0x80004c18 (0x00352bb3) x23 0x00000000
core   0: 0x80004c1c (0x00006f51) c.lui   t5, 0x14
core   0: 0 0x80004c1c (0x6f51) x30 0x00014000
core   0: 0x80004c1e (0x0000086a) c.slli  a6, 26
core   0: 0 0x80004c1e (0x086a) x16 0x64000000
core   0: 0x80004c20 (0x40518e33) sub     t3, gp, t0
core   0: 0 0x80004c20 (0x40518e33) x28 0x80021dfa
core   0: 0x80004c24 (0x000048fd) c.li    a7, 31
core   0: 0 0x80004c24 (0x48fd) x17 0x0000001f
core   0: 0x80004c26 (0x03fa6a93) ori     s5, s4, 63
core   0: 0 0x80004c26 (0x03fa6a93) x21 0x023c013f
core   0: 0x80004c2a (0x00008325) c.srli  a4, 9
core   0: 0 0x80004c2a (0x8325) x14 0x00000003
core   0: 0x80004c2c (0x00001804) c.addi4spn s1, sp, 48
core   0: 0 0x80004c2c (0x1804) x9  0x00000020
core   0: 0x80004c2e (0x026c2bb3) mulhsu  s7, s8, t1
core   0: 0 0x80004c2e (0x026c2bb3) x23 0x00000000
core   0: 0x80004c32 (0x000080da) c.mv    ra, s6
core   0: 0 0x80004c32 (0x80da) x1  0xfffffffb
core   0: 0x80004c34 (0x01b7d593) srli    a1, a5, 27
core   0: 0 0x80004c34 (0x01b7d593) x11 0x0000001f
core   0: 0x80004c38 (0x00000d26) c.slli  s10, 9
core   0: 0 0x80004c38 (0x0d26) x26 0x00000000
core   0: 0x80004c3a (0x00008da5) c.xor   a1, s1
core   0: 0 0x80004c3a (0x8da5) x11 0x0000003f
core   0: 0x80004c3c (0x7b478493) addi    s1, a5, 1972
core   0: 0 0x80004c3c (0x7b478493) x9  0x000007b3
core   0: 0x80004c40 (0x0000717d) c.addi16sp sp, -16
core   0: 0 0x80004c40 (0x717d) x2  0xffffffe0
core   0: 0x80004c42 (0x02959933) mulh    s2, a1, s1
core   0: 0 0x80004c42 (0x02959933) x18 0x00000000
core   0: 0x80004c46 (0x03f3a933) mulhsu  s2, t2, t6
core   0: 0 0x80004c46 (0x03f3a933) x18 0x00000000
core   0: 0x80004c4a (0x038944b3) div     s1, s2, s8
core   0: 0 0x80004c4a (0x038944b3) x9  0xffffffff
core   0: 0x80004c4e (0x40bcd8b3) sra     a7, s9, a1
core   0: 0 0x80004c4e (0x40bcd8b3) x17 0xffffffff
core   0: 0x80004c52 (0x0000ef15) c.bnez  a4, pc + 60
core   0: 0 0x80004c52 (0xef15)
core   0: 0x80004c8e (0x00005a7d) c.li    s4, -1
core   0: 0 0x80004c8e (0x5a7d) x20 0xffffffff
core   0: 0x80004c90 (0x02a2ca63) blt     t0, a0, pc + 52
core   0: 0 0x80004c90 (0x02a2ca63)
core   0: 0x80004cc4 (0x00008a4d) c.andi  a2, 19
core   0: 0 0x80004cc4 (0x8a4d) x12 0x00000000
core   0: 0x80004cc6 (0x00008779) c.srai  a4, 30
core   0: 0 0x80004cc6 (0x8779) x14 0x00000000
core   0: 0x80004cc8 (0x027c5b33) divu    s6, s8, t2
core   0: 0 0x80004cc8 (0x027c5b33) x22 0x00000000
core   0: 0x80004ccc (0x8b556917) auipc   s2, 0x8b556
core   0: 0 0x80004ccc (0x8b556917) x18 0x0b55accc
core   0: 0x80004cd0 (0x03aec963) blt     t4, s10, pc + 50
core   0: 0 0x80004cd0 (0x03aec963)
core   0: 0x80004cd4 (0x00006b31) c.lui   s6, 0xc
core   0: 0 0x80004cd4 (0x6b31) x22 0x0000c000
core   0: 0x80004cd6 (0xc6123a13) sltiu   s4, tp, -927
core   0: 0 0x80004cd6 (0xc6123a13) x20 0x00000001
core   0: 0x80004cda (0x03a66263) bltu    a2, s10, pc + 36
core   0: 0 0x80004cda (0x03a66263)
core   0: 0x80004cde (0x000091aa) c.add   gp, a0
core   0: 0 0x80004cde (0x91aa) x3  0x80021df9
core   0: 0x80004ce0 (0x000fe0b3) or      ra, t6, zero
core   0: 0 0x80004ce0 (0x000fe0b3) x1  0x0000000b
core   0: 0x80004ce4 (0x00008c85) c.sub   s1, s1
core   0: 0 0x80004ce4 (0x8c85) x9  0x00000000
core   0: 0x80004ce6 (0x0000851d) c.srai  a0, 7
core   0: 0 0x80004ce6 (0x851d) x10 0x00000000
core   0: 0x80004ce8 (0x00008aa6) c.mv    s5, s1
core   0: 0 0x80004ce8 (0x8aa6) x21 0x00000000
core   0: 0x80004cea (0x0000c701) c.beqz  a4, pc + 8
core   0: 0 0x80004cea (0xc701)
core   0: 0x80004cf2 (0x01348ab3) add     s5, s1, s3
core   0: 0 0x80004cf2 (0x01348ab3) x21 0x80021df8
core   0: 0x80004cf6 (0x0000e591) c.bnez  a1, pc + 12
core   0: 0 0x80004cf6 (0xe591)
core   0: 0x80004d02 (0x00000c65) c.addi  s8, 25
core   0: 0 0x80004d02 (0x0c65) x24 0x00000019
core   0: 0x80004d04 (0x000083b1) c.srli  a5, 12
core   0: 0 0x80004d04 (0x83b1) x15 0x000fffff
core   0: 0x80004d06 (0x01f3bb33) sltu    s6, t2, t6
core   0: 0 0x80004d06 (0x01f3bb33) x22 0x00000001
core   0: 0x80004d0a (0x000085a5) c.srai  a1, 9
core   0: 0 0x80004d0a (0x85a5) x11 0x00000000
core   0: 0x80004d0c (0x0c26c793) xori    a5, a3, 194
core   0: 0 0x80004d0c (0x0c26c793) x15 0x0ffffdc2
core   0: 0x80004d10 (0x00000001) c.nop
core   0: 0 0x80004d10 (0x0001)
core   0: 0x80004d12 (0x37346193) ori     gp, s0, 883
core   0: 0 0x80004d12 (0x37346193) x3  0x00000373
core   0: 0x80004d16 (0x0000e985) c.bnez  a1, pc + 48
core   0: 0 0x80004d16 (0xe985)
core   0: 0x80004d18 (0x02915eb3) divu    t4, sp, s1
core   0: 0 0x80004d18 (0x02915eb3) x29 0xffffffff
core   0: 0x80004d1c (0x01285db3) srl     s11, a6, s2
core   0: 0 0x80004d1c (0x01285db3) x27 0x00064000
core   0: 0x80004d20 (0x0044d633) srl     a2, s1, tp
core   0: 0 0x80004d20 (0x0044d633) x12 0x00000000
core   0: 0x80004d24 (0x05370463) beq     a4, s3, pc + 72
core   0: 0 0x80004d24 (0x05370463)
core   0: 0x80004d28 (0x00291793) slli    a5, s2, 2
core   0: 0 0x80004d28 (0x00291793) x15 0x2d56b330
core   0: 0x80004d2c (0x00006611) c.lui   a2, 0x4
core   0: 0 0x80004d2c (0x6611) x12 0x00004000
core   0: 0x80004d2e (0x013f4533) xor     a0, t5, s3
core   0: 0 0x80004d2e (0x013f4533) x10 0x80035df8
core   0: 0x80004d32 (0xd3626737) lui     a4, 0xd3626
core   0: 0 0x80004d32 (0xd3626737) x14 0xd3626000
core   0: 0x80004d36 (0x01fe0863) beq     t3, t6, pc + 16
core   0: 0 0x80004d36 (0x01fe0863)
core   0: 0x80004d3a (0xce9cad13) slti    s10, s9, -791
core   0: 0 0x80004d3a (0xce9cad13) x26 0x00000001
core   0: 0x80004d3e (0xfc2ee737) lui     a4, 0xfc2ee
core   0: 0 0x80004d3e (0xfc2ee737) x14 0xfc2ee000
core   0: 0x80004d42 (0x4050d433) sra     s0, ra, t0
core   0: 0 0x80004d42 (0x4050d433) x8  0x00000000
core   0: 0x80004d46 (0xdc96bd13) sltiu   s10, a3, -567
core   0: 0 0x80004d46 (0xdc96bd13) x26 0x00000001
core   0: 0x80004d4a (0x033f6333) rem     t1, t5, s3
core   0: 0 0x80004d4a (0x033f6333) x6  0x00014000
core   0: 0x80004d4e (0x039e94b3) mulh    s1, t4, s9
core   0: 0 0x80004d4e (0x039e94b3) x9  0x00000000
core   0: 0x80004d52 (0xb9287013) andi    zero, a6, -1134
core   0: 0 0x80004d52 (0xb9287013)
core   0: 0x80004d56 (0x00fec563) blt     t4, a5, pc + 10
core   0: 0 0x80004d56 (0x00fec563)
core   0: 0x80004d60 (0xb077c293) xori    t0, a5, -1273
core   0: 0 0x80004d60 (0xb077c293) x5  0xd2a94837
core   0: 0x80004d64 (0x00008d0d) c.sub   a0, a1
core   0: 0 0x80004d64 (0x8d0d) x10 0x80035df8
core   0: 0x80004d66 (0x00008ead) c.xor   a3, a1
core   0: 0 0x80004d66 (0x8ead) x13 0x0ffffd00
core   0: 0x80004d68 (0x01299413) slli    s0, s3, 18
core   0: 0 0x80004d68 (0x01299413) x8  0x77e00000
core   0: 0x80004d6c (0x00008a6d) c.andi  a2, 27
core   0: 0 0x80004d6c (0x8a6d) x12 0x00000000
core   0: 0x80004d6e (0x0000081a) c.slli  a6, 6
core   0: 0 0x80004d6e (0x081a) x16 0x00000000
core   0: 0x80004d70 (0x0053e7b3) or      a5, t2, t0
core   0: 0 0x80004d70 (0x0053e7b3) x15 0xd2a94837
core   0: 0x80004d74 (0x7f0a7d13) andi    s10, s4, 2032
core   0: 0 0x80004d74 (0x7f0a7d13) x26 0x00000000
core   0: 0x80004d78 (0x00008db5) c.xor   a1, a3
core   0: 0 0x80004d78 (0x8db5) x11 0x0ffffd00
core   0: 0x80004d7a (0x00000001) c.nop
core   0: 0 0x80004d7a (0x0001)
core   0: 0x80004d7c (0xda786293) ori     t0, a6, -601
core   0: 0 0x80004d7c (0xda786293) x5  0xfffffda7
core   0: 0x80004d80 (0x00008cfd) c.and   s1, a5
core   0: 0 0x80004d80 (0x8cfd) x9  0x00000000
core   0: 0x80004d82 (0x0242ba33) mulhu   s4, t0, tp
core   0: 0 0x80004d82 (0x0242ba33) x20 0x03957ff7
core   0: 0x80004d86 (0x01e1b733) sltu    a4, gp, t5
core   0: 0 0x80004d86 (0x01e1b733) x14 0x00000001
core   0: 0x80004d8a (0x0000100f) fence.i
core   0: 0 0x80004d8a (0x0000100f)
core   0: 0x80004d8e (0x02f95ab3) divu    s5, s2, a5
core   0: 0 0x80004d8e (0x02f95ab3) x21 0x00000000
core   0: 0x80004d92 (0x0000c089) c.beqz  s1, pc + 2
core   0: 0 0x80004d92 (0xc089)
core   0: 0x80004d94 (0x0000527d) c.li    tp, -1
core   0: 0 0x80004d94 (0x527d) x4  0xffffffff
core   0: 0x80004d96 (0x000b3ab3) sltu    s5, s6, zero
core   0: 0 0x80004d96 (0x000b3ab3) x21 0x00000000
core   0: 0x80004d9a (0x025a4963) blt     s4, t0, pc + 50
core   0: 0 0x80004d9a (0x025a4963)
core   0: 0x80004d9e (0x009eaf33) slt     t5, t4, s1
core   0: 0 0x80004d9e (0x009eaf33) x30 0x00000001
core   0: 0x80004da2 (0x000091f2) c.add   gp, t3
core   0: 0 0x80004da2 (0x91f2) x3  0x8002216d
core   0: 0x80004da4 (0x0206d8b3) divu    a7, a3, zero
core   0: 0 0x80004da4 (0x0206d8b3) x17 0xffffffff
core   0: 0x80004da8 (0x00913933) sltu    s2, sp, s1
core   0: 0 0x80004da8 (0x00913933) x18 0x00000000
core   0: 0x80004dac (0x0000cb15) c.beqz  a4, pc + 52
core   0: 0 0x80004dac (0xcb15)
core   0: 0x80004dae (0x401fd7b3) sra     a5, t6, ra
core   0: 0 0x80004dae (0x401fd7b3) x15 0x00000000
core   0: 0x80004db2 (0x00383e33) sltu    t3, a6, gp
core   0: 0 0x80004db2 (0x00383e33) x28 0x00000001
core   0: 0x80004db6 (0xf3bea213) slti    tp, t4, -197
core   0: 0 0x80004db6 (0xf3bea213) x4  0x00000000
core   0: 0x80004dba (0x00008ce1) c.and   s1, s0
core   0: 0 0x80004dba (0x8ce1) x9  0x00000000
core   0: 0x80004dbc (0x00127863) bgeu    tp, ra, pc + 16
core   0: 0 0x80004dbc (0x00127863)
core   0: 0x80004dc0 (0x007b9d33) sll     s10, s7, t2
core   0: 0 0x80004dc0 (0x007b9d33) x26 0x00000000
core   0: 0x80004dc4 (0x017be963) bltu    s7, s7, pc + 18
core   0: 0 0x80004dc4 (0x017be963)
core   0: 0x80004dc8 (0x00004969) c.li    s2, 26
core   0: 0 0x80004dc8 (0x4969) x18 0x0000001a
core   0: 0x80004dca (0x0000ec99) c.bnez  s1, pc + 30
core   0: 0 0x80004dca (0xec99)
core   0: 0x80004dcc (0x00009bf2) c.add   s7, t3
core   0: 0 0x80004dcc (0x9bf2) x23 0x00000001
core   0: 0x80004dce (0x40c2d133) sra     sp, t0, a2
core   0: 0 0x80004dce (0x40c2d133) x2  0xfffffda7
core   0: 0x80004dd2 (0x00008469) c.srai  s0, 26
core   0: 0 0x80004dd2 (0x8469) x8  0x0000001d
core   0: 0x80004dd4 (0x00009bfd) c.andi  a5, -1
core   0: 0 0x80004dd4 (0x9bfd) x15 0x00000000
core   0: 0x80004dd6 (0x0000862d) c.srai  a2, 11
core   0: 0 0x80004dd6 (0x862d) x12 0x00000000
core   0: 0x80004dd8 (0x049cd463) bge     s9, s1, pc + 72
core   0: 0 0x80004dd8 (0x049cd463)
core   0: 0x80004ddc (0x50858693) addi    a3, a1, 1288
core   0: 0 0x80004ddc (0x50858693) x13 0x10000208
core   0: 0x80004de0 (0x01cf9eb3) sll     t4, t6, t3
core   0: 0 0x80004de0 (0x01cf9eb3) x29 0x00000016
core   0: 0x80004de4 (0x395be513) ori     a0, s7, 917
core   0: 0 0x80004de4 (0x395be513) x10 0x00000395
core   0: 0x80004de8 (0x67ddbe13) sltiu   t3, s11, 1661
core   0: 0 0x80004de8 (0x67ddbe13) x28 0x00000000
core   0: 0x80004dec (0x00779693) slli    a3, a5, 7
core   0: 0 0x80004dec (0x00779693) x13 0x00000000
core   0: 0x80004df0 (0x04a56263) bltu    a0, a0, pc + 68
core   0: 0 0x80004df0 (0x04a56263)
core   0: 0x80004df4 (0x01790563) beq     s2, s7, pc + 10
core   0: 0 0x80004df4 (0x01790563)
core   0: 0x80004df8 (0x00008cb1) c.xor   s1, a2
core   0: 0 0x80004df8 (0x8cb1) x9  0x00000000
core   0: 0x80004dfa (0x00008e55) c.or    a2, a3
core   0: 0 0x80004dfa (0x8e55) x12 0x00000000
core   0: 0x80004dfc (0x00008eda) c.mv    t4, s6
core   0: 0 0x80004dfc (0x8eda) x29 0x00000001
core   0: 0x80004dfe (0x05b9d163) bge     s3, s11, pc + 66
core   0: 0 0x80004dfe (0x05b9d163)
core   0: 0x80004e02 (0x0000100f) fence.i
core   0: 0 0x80004e02 (0x0000100f)
core   0: 0x80004e06 (0x02c05f63) bge     zero, a2, pc + 62
core   0: 0 0x80004e06 (0x02c05f63)
core   0: 0x80004e44 (0x03734633) div     a2, t1, s7
core   0: 0 0x80004e44 (0x03734633) x12 0x00014000
core   0: 0x80004e48 (0x00000562) c.slli  a0, 24
core   0: 0 0x80004e48 (0x0562) x10 0x95000000
core   0: 0x80004e4a (0x4d3eca13) xori    s4, t4, 1235
core   0: 0 0x80004e4a (0x4d3eca13) x20 0x000004d2
core   0: 0x80004e4e (0x03f17563) bgeu    sp, t6, pc + 42
core   0: 0 0x80004e4e (0x03f17563)
core   0: 0x80004e78 (0x00bb1363) bne     s6, a1, pc + 6
core   0: 0 0x80004e78 (0x00bb1363)
core   0: 0x80004e7e (0x0000955a) c.add   a0, s6
core   0: 0 0x80004e7e (0x955a) x10 0x95000001
core   0: 0x80004e80 (0x04014063) bltz    sp, pc + 64
core   0: 0 0x80004e80 (0x04014063)
core   0: 0x80004ec0 (0x008ec0b3) xor     ra, t4, s0
core   0: 0 0x80004ec0 (0x008ec0b3) x1  0x0000001c
core   0: 0x80004ec4 (0x0139d0b3) srl     ra, s3, s3
core   0: 0 0x80004ec4 (0x0139d0b3) x1  0x00000080
core   0: 0x80004ec8 (0x02ee5b33) divu    s6, t3, a4
core   0: 0 0x80004ec8 (0x02ee5b33) x22 0x00000000
core   0: 0x80004ecc (0x00006f2d) c.lui   t5, 0xb
core   0: 0 0x80004ecc (0x6f2d) x30 0x0000b000
core   0: 0x80004ece (0x00346bb3) or      s7, s0, gp
core   0: 0 0x80004ece (0x00346bb3) x23 0x8002217d
core   0: 0x80004ed2 (0x00008225) c.srli  a2, 9
core   0: 0 0x80004ed2 (0x8225) x12 0x000000a0
core   0: 0x80004ed4 (0x9e84c713) xori    a4, s1, -1560
core   0: 0 0x80004ed4 (0x9e84c713) x14 0xfffff9e8
core   0: 0x80004ed8 (0x00000d31) c.addi  s10, 12
core   0: 0 0x80004ed8 (0x0d31) x26 0x0000000c
core   0: 0x80004eda (0x0171e563) bltu    gp, s7, pc + 10
core   0: 0 0x80004eda (0x0171e563)
core   0: 0x80004ee4 (0x00008fb5) c.xor   a5, a3
core   0: 0 0x80004ee4 (0x8fb5) x15 0x00000000
core   0: 0x80004ee6 (0x0000ef1d) c.bnez  a4, pc + 62
core   0: 0 0x80004ee6 (0xef1d)
core   0: 0x80004f24 (0x042144b7) lui     s1, 0x4214
core   0: 0 0x80004f24 (0x042144b7) x9  0x04214000
core   0: 0x80004f28 (0xddd0e413) ori     s0, ra, -547
core   0: 0 0x80004f28 (0xddd0e413) x8  0xfffffddd
core   0: 0x80004f2c (0x00000001) c.nop
core   0: 0 0x80004f2c (0x0001)
core   0: 0x80004f2e (0x07698063) beq     s3, s6, pc + 96
core   0: 0 0x80004f2e (0x07698063)
core   0: 0x80004f32 (0x40f1d393) srai    t2, gp, 15
core   0: 0 0x80004f32 (0x40f1d393) x7  0xffff0004
core   0: 0x80004f36 (0x01111563) bne     sp, a7, pc + 10
core   0: 0 0x80004f36 (0x01111563)
core   0: 0x80004f40 (0x004b0eb3) add     t4, s6, tp
core   0: 0 0x80004f40 (0x004b0eb3) x29 0x00000000
core   0: 0x80004f44 (0x00008341) c.srli  a4, 16
core   0: 0 0x80004f44 (0x8341) x14 0x0000ffff
core   0: 0x80004f46 (0x00000001) c.nop
core   0: 0 0x80004f46 (0x0001)
core   0: 0x80004f48 (0x02298633) mul     a2, s3, sp
core   0: 0 0x80004f48 (0x02298633) x12 0x7b07a4c8
core   0: 0x80004f4c (0x00008ef9) c.and   a3, a4
core   0: 0 0x80004f4c (0x8ef9) x13 0x00000000
core   0: 0x80004f4e (0x03114a63) blt     sp, a7, pc + 52
core   0: 0 0x80004f4e (0x03114a63)
core   0: 0x80004f82 (0x0ff0000f) fence   iorw,iorw
core   0: 0 0x80004f82 (0x0ff0000f)
core   0: 0x80004f86 (0x6daac813) xori    a6, s5, 1754
core   0: 0 0x80004f86 (0x6daac813) x16 0x000006da
core   0: 0x80004f8a (0x03715233) divu    tp, sp, s7
core   0: 0 0x80004f8a (0x03715233) x4  0x00000001
core   0: 0x80004f8e (0x9770c113) xori    sp, ra, -1673
core   0: 0 0x80004f8e (0x9770c113) x2  0xfffff9f7
core   0: 0x80004f92 (0x25369097) auipc   ra, 0x25369
core   0: 0 0x80004f92 (0x25369097) x1  0xa536df92
core   0: 0x80004f96 (0x03adff33) remu    t5, s11, s10
core   0: 0 0x80004f96 (0x03adff33) x30 0x00000004
core   0: 0x80004f9a (0x0000100f) fence.i
core   0: 0 0x80004f9a (0x0000100f)
core   0: 0x80004f9e (0x00000446) c.slli  s0, 17
core   0: 0 0x80004f9e (0x0446) x8  0xfbba0000
core   0: 0x80004fa0 (0x00008ee5) c.and   a3, s1
core   0: 0 0x80004fa0 (0x8ee5) x13 0x00000000
core   0: 0x80004fa2 (0x03279a63) bne     a5, s2, pc + 52
core   0: 0 0x80004fa2 (0x03279a63)
core   0: 0x80004fd6 (0x01125533) srl     a0, tp, a7
core   0: 0 0x80004fd6 (0x01125533) x10 0x00000000
core   0: 0x80004fda (0x0055beb3) sltu    t4, a1, t0
core   0: 0 0x80004fda (0x0055beb3) x29 0x00000001
core   0: 0x80004fde (0x02c00133) mul     sp, zero, a2
core   0: 0 0x80004fde (0x02c00133) x2  0x00000000
core   0: 0x80004fe2 (0x015e83b3) add     t2, t4, s5
core   0: 0 0x80004fe2 (0x015e83b3) x7  0x00000001
core   0: 0x80004fe6 (0x00008875) c.andi  s0, 29
core   0: 0 0x80004fe6 (0x8875) x8  0x00000000
core   0: 0x80004fe8 (0x2962dc37) lui     s8, 0x2962d
core   0: 0 0x80004fe8 (0x2962dc37) x24 0x2962d000
core   0: 0x80004fec (0x000012fd) c.addi  t0, -1
core   0: 0 0x80004fec (0x12fd) x5  0xfffffda6
core   0: 0x80004fee (0x01d6c763) blt     a3, t4, pc + 14
core   0: 0 0x80004fee (0x01d6c763)
core   0: 0x80004ffc (0x0000187d) c.addi  a6, -1
core   0: 0 0x80004ffc (0x187d) x16 0x000006d9
core   0: 0x80004ffe (0x01f55393) srli    t2, a0, 31
core   0: 0 0x80004ffe (0x01f55393) x7  0x00000000
core   0: 0x80005002 (0xa674a493) slti    s1, s1, -1433
core   0: 0 0x80005002 (0xa674a493) x9  0x00000000
core   0: 0x80005006 (0xeeb78e13) addi    t3, a5, -277
core   0: 0 0x80005006 (0xeeb78e13) x28 0xfffffeeb
core   0: 0x8000500a (0x02c5c733) div     a4, a1, a2
core   0: 0 0x8000500a (0x02c5c733) x14 0x00000000
core   0: 0x8000500e (0x0277b633) mulhu   a2, a5, t2
core   0: 0 0x8000500e (0x0277b633) x12 0x00000000
core   0: 0x80005012 (0xc822fd13) andi    s10, t0, -894
core   0: 0 0x80005012 (0xc822fd13) x26 0xfffffc82
core   0: 0x80005016 (0x012ed593) srli    a1, t4, 18
core   0: 0 0x80005016 (0x012ed593) x11 0x00000000
core   0: 0x8000501a (0x038bd333) divu    t1, s7, s8
core   0: 0 0x8000501a (0x038bd333) x6  0x00000003
core   0: 0x8000501e (0x005bba33) sltu    s4, s7, t0
core   0: 0 0x8000501e (0x005bba33) x20 0x00000001
core   0: 0x80005022 (0x03b913b3) mulh    t2, s2, s11
core   0: 0 0x80005022 (0x03b913b3) x7  0x00000000
core   0: 0x80005026 (0x000011fd) c.addi  gp, -1
core   0: 0 0x80005026 (0x11fd) x3  0x8002216c
core   0: 0x80005028 (0x03257a33) remu    s4, a0, s2
core   0: 0 0x80005028 (0x03257a33) x20 0x00000000
core   0: 0x8000502c (0x00000001) c.nop
core   0: 0 0x8000502c (0x0001)
core   0: 0x8000502e (0x012b0663) beq     s6, s2, pc + 12
core   0: 0 0x8000502e (0x012b0663)
core   0: 0x80005032 (0x00194763) blt     s2, ra, pc + 14
core   0: 0 0x80005032 (0x00194763)
core   0: 0x80005036 (0x00008451) c.srai  s0, 20
core   0: 0 0x80005036 (0x8451) x8  0x00000000
core   0: 0x80005038 (0x0000834d) c.srli  a4, 19
core   0: 0 0x80005038 (0x834d) x14 0x00000000
core   0: 0x8000503a (0x00ee9c13) slli    s8, t4, 14
core   0: 0 0x8000503a (0x00ee9c13) x24 0x00004000
core   0: 0x8000503e (0x00008265) c.srli  a2, 25
core   0: 0 0x8000503e (0x8265) x12 0x00000000
core   0: 0x80005040 (0x0000ce85) c.beqz  a3, pc + 56
core   0: 0 0x80005040 (0xce85)
core   0: 0x80005078 (0x00008d85) c.sub   a1, s1
core   0: 0 0x80005078 (0x8d85) x11 0x00000000
core   0: 0x8000507a (0xda769197) auipc   gp, 0xda769
core   0: 0 0x8000507a (0xda769197) x3  0x5a76e07a
core   0: 0x8000507e (0x00b47633) and     a2, s0, a1
core   0: 0 0x8000507e (0x00b47633) x12 0x00000000
core   0: 0x80005082 (0x02bbd933) divu    s2, s7, a1
core   0: 0 0x80005082 (0x02bbd933) x18 0xffffffff
core   0: 0x80005086 (0xe5c1cc13) xori    s8, gp, -420
core   0: 0 0x80005086 (0xe5c1cc13) x24 0xa5891e26
core   0: 0x8000508a (0x03d10c63) beq     sp, t4, pc + 56
core   0: 0 0x8000508a (0x03d10c63)
core   0: 0x8000508e (0x00000c72) c.slli  s8, 28
core   0: 0 0x8000508e (0x0c72) x24 0x60000000
core   0: 0x80005090 (0x02e3cf63) blt     t2, a4, pc + 62
core   0: 0 0x80005090 (0x02e3cf63)
core   0: 0x80005094 (0x00008196) c.mv    gp, t0
core   0: 0 0x80005094 (0x8196) x3  0xfffffda6
core   0: 0x80005096 (0x0ff0000f) fence   iorw,iorw
core   0: 0 0x80005096 (0x0ff0000f)
core   0: 0x8000509a (0x00008dda) c.mv    s11, s6
core   0: 0 0x8000509a (0x8dda) x27 0x00000000
core   0: 0x8000509c (0x0000c689) c.beqz  a3, pc + 10
core   0: 0 0x8000509c (0xc689)
core   0: 0x800050a6 (0x00000001) c.nop
core   0: 0 0x800050a6 (0x0001)
core   0: 0x800050a8 (0x00a39763) bne     t2, a0, pc + 14
core   0: 0 0x800050a8 (0x00a39763)
core   0: 0x800050ac (0x00008fe9) c.and   a5, a0
core   0: 0 0x800050ac (0x8fe9) x15 0x00000000
core   0: 0x800050ae (0x0079f733) and     a4, s3, t2
core   0: 0 0x800050ae (0x0079f733) x14 0x00000000
core   0: 0x800050b2 (0x54034b37) lui     s6, 0x54034
core   0: 0 0x800050b2 (0x54034b37) x22 0x54034000
core   0: 0x800050b6 (0x010f5613) srli    a2, t5, 16
core   0: 0 0x800050b6 (0x010f5613) x12 0x00000000
core   0: 0x800050ba (0x0330ad33) mulhsu  s10, ra, s3
core   0: 0 0x800050ba (0x0330ad33) x26 0xd29aaf96
core   0: 0x800050be (0x9ed4b093) sltiu   ra, s1, -1555
core   0: 0 0x800050be (0x9ed4b093) x1  0x00000001
core   0: 0x800050c2 (0x00008f06) c.mv    t5, ra
core   0: 0 0x800050c2 (0x8f06) x30 0x00000001
core   0: 0x800050c4 (0x018a3633) sltu    a2, s4, s8
core   0: 0 0x800050c4 (0x018a3633) x12 0x00000001
core   0: 0x800050c8 (0x00000001) c.nop
core   0: 0 0x800050c8 (0x0001)
core   0: 0x800050ca (0x02c2fe33) remu    t3, t0, a2
core   0: 0 0x800050ca (0x02c2fe33) x28 0x00000000
core   0: 0x800050ce (0x00008369) c.srli  a4, 26
core   0: 0 0x800050ce (0x8369) x14 0x00000000
core   0: 0x800050d0 (0x69d8bd37) lui     s10, 0x69d8b
core   0: 0 0x800050d0 (0x69d8bd37) x26 0x69d8b000
core   0: 0x800050d4 (0x00e368b3) or      a7, t1, a4
core   0: 0 0x800050d4 (0x00e368b3) x17 0x00000003
core   0: 0x800050d8 (0x00008bd6) c.mv    s7, s5
core   0: 0 0x800050d8 (0x8bd6) x23 0x00000000
core   0: 0x800050da (0x0ff0000f) fence   iorw,iorw
core   0: 0 0x800050da (0x0ff0000f)
core   0: 0x800050de (0x01bcf233) and     tp, s9, s11
core   0: 0 0x800050de (0x01bcf233) x4  0x00000000
core   0: 0x800050e2 (0x01d98363) beq     s3, t4, pc + 6
core   0: 0 0x800050e2 (0x01d98363)
core   0: 0x800050e6 (0x0000099c) c.addi4spn a5, sp, 208
core   0: 0 0x800050e6 (0x099c) x15 0x000000d0
core   0: 0x800050e8 (0xe3a9a693) slti    a3, s3, -454
core   0: 0 0x800050e8 (0xe3a9a693) x13 0x00000001
core   0: 0x800050ec (0x0006cf33) xor     t5, a3, zero
core   0: 0 0x800050ec (0x0006cf33) x30 0x00000001
core   0: 0x800050f0 (0xc08fe393) ori     t2, t6, -1016
core   0: 0 0x800050f0 (0xc08fe393) x7  0xfffffc0b
core   0: 0x800050f4 (0x02e3f063) bgeu    t2, a4, pc + 32
core   0: 0 0x800050f4 (0x02e3f063)
core   0: 0x80005114 (0xd0307793) andi    a5, zero, -765
core   0: 0 0x80005114 (0xd0307793) x15 0x00000000
core   0: 0x80005118 (0x0000100f) fence.i
core   0: 0 0x80005118 (0x0000100f)
core   0: 0x8000511c (0x01e40e63) beq     s0, t5, pc + 28
core   0: 0 0x8000511c (0x01e40e63)
core   0: 0x80005120 (0x0000100f) fence.i
core   0: 0 0x80005120 (0x0000100f)
core   0: 0x80005124 (0x0164e1b3) or      gp, s1, s6
core   0: 0 0x80005124 (0x0164e1b3) x3  0x54034000
core   0: 0x80005128 (0x02e324b3) mulhsu  s1, t1, a4
core   0: 0 0x80005128 (0x02e324b3) x9  0x00000000
core   0: 0x8000512c (0x01bdbb33) sltu    s6, s11, s11
core   0: 0 0x8000512c (0x01bdbb33) x22 0x00000000
core   0: 0x80005130 (0x033452b3) divu    t0, s0, s3
core   0: 0 0x80005130 (0x033452b3) x5  0x00000000
core   0: 0x80005134 (0x04074163) bltz    a4, pc + 66
core   0: 0 0x80005134 (0x04074163)
core   0: 0x80005138 (0x0180de63) bge     ra, s8, pc + 28
core   0: 0 0x80005138 (0x0180de63)
core   0: 0x8000513c (0x000060a5) c.lui   ra, 0x9
core   0: 0 0x8000513c (0x60a5) x1  0x00009000
core   0: 0x8000513e (0x0000c2a1) c.beqz  a3, pc + 64
core   0: 0 0x8000513e (0xc2a1)
core   0: 0x80005140 (0x000098fd) c.andi  s1, -1
core   0: 0 0x80005140 (0x98fd) x9  0x00000000
core   0: 0x80005142 (0x309a7db7) lui     s11, 0x309a7
core   0: 0 0x80005142 (0x309a7db7) x27 0x309a7000
core   0: 0x80005146 (0x00000001) c.nop
core   0: 0 0x80005146 (0x0001)
core   0: 0x80005148 (0x0026d263) bge     a3, sp, pc + 4
core   0: 0 0x80005148 (0x0026d263)
core   0: 0x8000514c (0x00b6bbb3) sltu    s7, a3, a1
core   0: 0 0x8000514c (0x00b6bbb3) x23 0x00000000
core   0: 0x80005150 (0x41e10433) sub     s0, sp, t5
core   0: 0 0x80005150 (0x41e10433) x8  0xffffffff
core   0: 0x80005154 (0x03523433) mulhu   s0, tp, s5
core   0: 0 0x80005154 (0x03523433) x8  0x00000000
core   0: 0x80005158 (0x000084a5) c.srai  s1, 9
core   0: 0 0x80005158 (0x84a5) x9  0x00000000
core   0: 0x8000515a (0x03192033) mulhsu  zero, s2, a7
core   0: 0 0x8000515a (0x03192033)
core   0: 0x8000515e (0x00711463) bne     sp, t2, pc + 8
core   0: 0 0x8000515e (0x00711463)
core   0: 0x80005166 (0x0345f333) remu    t1, a1, s4
core   0: 0 0x80005166 (0x0345f333) x6  0x00000000
core   0: 0x8000516a (0x0000c185) c.beqz  a1, pc + 32
core   0: 0 0x8000516a (0xc185)
core   0: 0x8000518a (0x02ee8133) mul     sp, t4, a4
core   0: 0 0x8000518a (0x02ee8133) x2  0x00000000
core   0: 0x8000518e (0x03387463) bgeu    a6, s3, pc + 40
core   0: 0 0x8000518e (0x03387463)
core   0: 0x80005192 (0x020bf333) remu    t1, s7, zero
core   0: 0 0x80005192 (0x020bf333) x6  0x00000000
core   0: 0x80005196 (0x000005f5) c.addi  a1, 29
core   0: 0 0x80005196 (0x05f5) x11 0x0000001d
core   0: 0x80005198 (0x0000e715) c.bnez  a4, pc + 44
core   0: 0 0x80005198 (0xe715)
core   0: 0x8000519a (0x037454b3) divu    s1, s0, s7
core   0: 0 0x8000519a (0x037454b3) x9  0xffffffff
core   0: 0x8000519e (0x41fb02b3) sub     t0, s6, t6
core   0: 0 0x8000519e (0x41fb02b3) x5  0xfffffff5
core   0: 0x800051a2 (0x00a5dbb3) srl     s7, a1, a0
core   0: 0 0x800051a2 (0x00a5dbb3) x23 0x0000001d
core   0: 0x800051a6 (0x03755233) divu    tp, a0, s7
core   0: 0 0x800051a6 (0x03755233) x4  0x00000000
core   0: 0x800051aa (0x04fbc063) blt     s7, a5, pc + 64
core   0: 0 0x800051aa (0x04fbc063)
core   0: 0x800051ae (0x00000001) c.nop
core   0: 0 0x800051ae (0x0001)
core   0: 0x800051b0 (0xa40ded93) ori     s11, s11, -1472
core   0: 0 0x800051b0 (0xa40ded93) x27 0xfffffa40
core   0: 0x800051b4 (0x0000717d) c.addi16sp sp, -16
core   0: 0 0x800051b4 (0x717d) x2  0xfffffff0
core   0: 0x800051b6 (0xc357f613) andi    a2, a5, -971
core   0: 0 0x800051b6 (0xc357f613) x12 0x00000000
core   0: 0x800051ba (0x00008bf1) c.andi  a5, 28
core   0: 0 0x800051ba (0x8bf1) x15 0x00000000
core   0: 0x800051bc (0xd0144a93) xori    s5, s0, -767
core   0: 0 0x800051bc (0xd0144a93) x21 0xfffffd01
core   0: 0x800051c0 (0x2073ba93) sltiu   s5, t2, 519
core   0: 0 0x800051c0 (0x2073ba93) x21 0x00000000
core   0: 0x800051c4 (0x00008fb1) c.xor   a5, a2
core   0: 0 0x800051c4 (0x8fb1) x15 0x00000000
core   0: 0x800051c6 (0x035fdf63) bge     t6, s5, pc + 62
core   0: 0 0x800051c6 (0x035fdf63)
core   0: 0x80005204 (0x00008dad) c.xor   a1, a1
core   0: 0 0x80005204 (0x8dad) x11 0x00000000
core   0: 0x80005206 (0x00000ea1) c.addi  t4, 8
core   0: 0 0x80005206 (0x0ea1) x29 0x00000009
core   0: 0x80005208 (0x00008e15) c.sub   a2, a3
core   0: 0 0x80005208 (0x8e15) x12 0xffffffff
core   0: 0x8000520a (0x03ecbe33) mulhu   t3, s9, t5
core   0: 0 0x8000520a (0x03ecbe33) x28 0x00000000
core   0: 0x8000520e (0x0352d133) divu    sp, t0, s5
core   0: 0 0x8000520e (0x0352d133) x2  0xffffffff
core   0: 0x80005212 (0x0ff0000f) fence   iorw,iorw
core   0: 0 0x80005212 (0x0ff0000f)
core   0: 0x80005216 (0x00aad663) bge     s5, a0, pc + 12
core   0: 0 0x80005216 (0x00aad663)
core   0: 0x80005222 (0x02389ab3) mulh    s5, a7, gp
core   0: 0 0x80005222 (0x02389ab3) x21 0x00000000
core   0: 0x80005226 (0x03220433) mul     s0, tp, s2
core   0: 0 0x80005226 (0x03220433) x8  0x00000000
core   0: 0x8000522a (0x74198d13) addi    s10, s3, 1857
core   0: 0 0x8000522a (0x74198d13) x26 0x80022539
core   0: 0x8000522e (0x00008809) c.andi  s0, 2
core   0: 0 0x8000522e (0x8809) x8  0x00000000
core   0: 0x80005230 (0x0000100f) fence.i
core   0: 0 0x80005230 (0x0000100f)
core   0: 0x80005234 (0x0168d693) srli    a3, a7, 22
core   0: 0 0x80005234 (0x0168d693) x13 0x00000000
core   0: 0x80005238 (0x00004475) c.li    s0, 29
core   0: 0 0x80005238 (0x4475) x8  0x0000001d
core   0: 0x8000523a (0x00008dd5) c.or    a1, a3
core   0: 0 0x8000523a (0x8dd5) x11 0x00000000
core   0: 0x8000523c (0x02e1a4b3) mulhsu  s1, gp, a4
core   0: 0 0x8000523c (0x02e1a4b3) x9  0x00000000
core   0: 0x80005240 (0x00471a13) slli    s4, a4, 4
core   0: 0 0x80005240 (0x00471a13) x20 0x00000000
core   0: 0x80005244 (0x00000001) c.nop
core   0: 0 0x80005244 (0x0001)
core   0: 0x80005246 (0x00008d3d) c.xor   a0, a5
core   0: 0 0x80005246 (0x8d3d) x10 0x00000000
core   0: 0x80005248 (0x036f5333) divu    t1, t5, s6
core   0: 0 0x80005248 (0x036f5333) x6  0xffffffff
core   0: 0x8000524c (0xea9db693) sltiu   a3, s11, -343
core   0: 0 0x8000524c (0xea9db693) x13 0x00000001
core   0: 0x80005250 (0x184c0413) addi    s0, s8, 388
core   0: 0 0x80005250 (0x184c0413) x8  0x60000184
core   0: 0x80005254 (0xc3650a93) addi    s5, a0, -970
core   0: 0 0x80005254 (0xc3650a93) x21 0xfffffc36
core   0: 0x80005258 (0x02b6fb63) bgeu    a3, a1, pc + 54
core   0: 0 0x80005258 (0x02b6fb63)
core   0: 0x8000528e (0x00000001) c.nop
core   0: 0 0x8000528e (0x0001)
core   0: 0x80005290 (0x00d16863) bltu    sp, a3, pc + 16
core   0: 0 0x80005290 (0x00d16863)
core   0: 0x80005294 (0xd8a02d93) slti    s11, zero, -630
core   0: 0 0x80005294 (0xd8a02d93) x27 0x00000000
core   0: 0x80005298 (0x6a44f713) andi    a4, s1, 1700
core   0: 0 0x80005298 (0x6a44f713) x14 0x00000000
core   0: 0x8000529c (0x02e583b3) mul     t2, a1, a4
core   0: 0 0x8000529c (0x02e583b3) x7  0x00000000
core   0: 0x800052a0 (0xfa920513) addi    a0, tp, -87
core   0: 0 0x800052a0 (0xfa920513) x10 0xffffffa9
core   0: 0x800052a4 (0x463b8d93) addi    s11, s7, 1123
core   0: 0 0x800052a4 (0x463b8d93) x27 0x00000480
core   0: 0x800052a8 (0x00c292b3) sll     t0, t0, a2
core   0: 0 0x800052a8 (0x00c292b3) x5  0x80000000
core   0: 0x800052ac (0x01cd1563) bne     s10, t3, pc + 10
core   0: 0 0x800052ac (0x01cd1563)
core   0: 0x800052b6 (0x0000100f) fence.i
core   0: 0 0x800052b6 (0x0000100f)
core   0: 0x800052ba (0x0ff0000f) fence   iorw,iorw
core   0: 0 0x800052ba (0x0ff0000f)
core   0: 0x800052be (0x02268833) mul     a6, a3, sp
core   0: 0 0x800052be (0x02268833) x16 0xffffffff
core   0: 0x800052c2 (0x00008db9) c.xor   a1, a4
core   0: 0 0x800052c2 (0x8db9) x11 0x00000000
core   0: 0x800052c4 (0x00008f45) c.or    a4, s1
core   0: 0 0x800052c4 (0x8f45) x14 0x00000000
core   0: 0x800052c6 (0x00000108) c.addi4spn a0, sp, 128
core   0: 0 0x800052c6 (0x0108) x10 0x0000007f
core   0: 0x800052c8 (0x00000f62) c.slli  t5, 24
core   0: 0 0x800052c8 (0x0f62) x30 0x01000000
core   0: 0x800052ca (0x0102b333) sltu    t1, t0, a6
core   0: 0 0x800052ca (0x0102b333) x6  0x00000001
core   0: 0x800052ce (0x00008fe5) c.and   a5, s1
core   0: 0 0x800052ce (0x8fe5) x15 0x00000000
core   0: 0x800052d0 (0x02e25763) bge     tp, a4, pc + 46
core   0: 0 0x800052d0 (0x02e25763)
core   0: 0x800052fe (0x035f15b3) mulh    a1, t5, s5
core   0: 0 0x800052fe (0x035f15b3) x11 0xfffffffc
core   0: 0x80005302 (0x00000998) c.addi4spn a4, sp, 208
core   0: 0 0x80005302 (0x0998) x14 0x000000cf
core   0: 0x80005304 (0x0010e2b3) or      t0, ra, ra
core   0: 0 0x80005304 (0x0010e2b3) x5  0x00009000
core   0: 0x80005308 (0x0000c789) c.beqz  a5, pc + 10
core   0: 0 0x80005308 (0xc789)
core   0: 0x80005312 (0x0000100f) fence.i
core   0: 0 0x80005312 (0x0000100f)
core   0: 0x80005316 (0x03828c63) beq     t0, s8, pc + 56
core   0: 0 0x80005316 (0x03828c63)
core   0: 0x8000531a (0x034e51b3) divu    gp, t3, s4
core   0: 0 0x8000531a (0x034e51b3) x3  0xffffffff
core   0: 0x8000531e (0x016a6033) or      zero, s4, s6
core   0: 0 0x8000531e (0x016a6033)
core   0: 0x80005322 (0x03b296b3) mulh    a3, t0, s11
core   0: 0 0x80005322 (0x03b296b3) x13 0x00000000
core   0: 0x80005326 (0x0184c8b3) xor     a7, s1, s8
core   0: 0 0x80005326 (0x0184c8b3) x17 0x60000000
core   0: 0x8000532a (0x00f17433) and     s0, sp, a5
core   0: 0 0x8000532a (0x00f17433) x8  0x00000000
core   0: 0x8000532e (0x05bb9363) bne     s7, s11, pc + 70
core   0: 0 0x8000532e (0x05bb9363)
core   0: 0x80005374 (0x001b1b93) slli    s7, s6, 1
core   0: 0 0x80005374 (0x001b1b93) x23 0x00000000
core   0: 0x80005378 (0x00008ba5) c.andi  a5, 9
core   0: 0 0x80005378 (0x8ba5) x15 0x00000000
core   0: 0x8000537a (0x0000e51d) c.bnez  a0, pc + 46
core   0: 0 0x8000537a (0xe51d)
core   0: 0x800053a8 (0x00009a6e) c.add   s4, s11
core   0: 0 0x800053a8 (0x9a6e) x20 0x00000480
core   0: 0x800053aa (0x00008ebd) c.xor   a3, a5
core   0: 0 0x800053aa (0x8ebd) x13 0x00000000
core   0: 0x800053ac (0xa58c6913) ori     s2, s8, -1448
core   0: 0 0x800053ac (0xa58c6913) x18 0xfffffa58
core   0: 0x800053b0 (0x036322b3) mulhsu  t0, t1, s6
core   0: 0 0x800053b0 (0x036322b3) x5  0x00000000
core   0: 0x800053b4 (0x00a1ebb3) or      s7, gp, a0
core   0: 0 0x800053b4 (0x00a1ebb3) x23 0xffffffff
core   0: 0x800053b8 (0x01ef4563) blt     t5, t5, pc + 10
core   0: 0 0x800053b8 (0x01ef4563)
core   0: 0x800053bc (0x41e7da93) srai    s5, a5, 30
core   0: 0 0x800053bc (0x41e7da93) x21 0x00000000
core   0: 0x800053c0 (0x00008ac2) c.mv    s5, a6
core   0: 0 0x800053c0 (0x8ac2) x21 0xffffffff
core   0: 0x800053c2 (0x41620ab3) sub     s5, tp, s6
core   0: 0 0x800053c2 (0x41620ab3) x21 0x00000000
core   0: 0x800053c6 (0x000099fd) c.andi  a1, -1
core   0: 0 0x800053c6 (0x99fd) x11 0xfffffffc
core   0: 0x800053c8 (0x0000c609) c.beqz  a2, pc + 10
core   0: 0 0x800053c8 (0xc609)
core   0: 0x800053ca (0x00d3f3b3) and     t2, t2, a3
core   0: 0 0x800053ca (0x00d3f3b3) x7  0x00000000
core   0: 0x800053ce (0x31987813) andi    a6, a6, 793
core   0: 0 0x800053ce (0x31987813) x16 0x00000319
core   0: 0x800053d2 (0x36c598b7) lui     a7, 0x36c59
core   0: 0 0x800053d2 (0x36c598b7) x17 0x36c59000
core   0: 0x800053d6 (0x8a65c193) xori    gp, a1, -1882
core   0: 0 0x800053d6 (0x8a65c193) x3  0x0000075a
core   0: 0x800053da (0x00008949) c.andi  a0, 18
core   0: 0 0x800053da (0x8949) x10 0x00000012
core   0: 0x800053dc (0x02716033) rem     zero, sp, t2
core   0: 0 0x800053dc (0x02716033)
core   0: 0x800053e0 (0x0ff0000f) fence   iorw,iorw
core   0: 0 0x800053e0 (0x0ff0000f)
core   0: 0x800053e4 (0x00008fd1) c.or    a5, a2
core   0: 0 0x800053e4 (0x8fd1) x15 0xffffffff
core   0: 0x800053e6 (0x00008ffd) c.and   a5, a5
core   0: 0 0x800053e6 (0x8ffd) x15 0xffffffff
core   0: 0x800053e8 (0x035e5533) divu    a0, t3, s5
core   0: 0 0x800053e8 (0x035e5533) x10 0xffffffff
core   0: 0x800053ec (0x03e4f433) remu    s0, s1, t5
core   0: 0 0x800053ec (0x03e4f433) x8  0x00000000
core   0: 0x800053f0 (0x01f65813) srli    a6, a2, 31
core   0: 0 0x800053f0 (0x01f65813) x16 0x00000001
core   0: 0x800053f4 (0x41a8d893) srai    a7, a7, 26
core   0: 0 0x800053f4 (0x41a8d893) x17 0x0000000d
core   0: 0x800053f8 (0x410fda33) sra     s4, t6, a6
core   0: 0 0x800053f8 (0x410fda33) x20 0x00000005
core   0: 0x800053fc (0x00000001) c.nop
core   0: 0 0x800053fc (0x0001)
core   0: 0x800053fe (0x0291d433) divu    s0, gp, s1
core   0: 0 0x800053fe (0x0291d433) x8  0xffffffff
core   0: 0x80005402 (0x0000187d) c.addi  a6, -1
core   0: 0 0x80005402 (0x187d) x16 0x00000000
core   0: 0x80005404 (0x000086a5) c.srai  a3, 9
core   0: 0 0x80005404 (0x86a5) x13 0x00000000
core   0: 0x80005406 (0x00000001) c.nop
core   0: 0 0x80005406 (0x0001)
core   0: 0x80005408 (0x0ff0000f) fence   iorw,iorw
core   0: 0 0x80005408 (0x0ff0000f)
core   0: 0x8000540c (0x003ee833) or      a6, t4, gp
core   0: 0 0x8000540c (0x003ee833) x16 0x0000075b
core   0: 0x80005410 (0x00008cd1) c.or    s1, a2
core   0: 0 0x80005410 (0x8cd1) x9  0xffffffff
core   0: 0x80005412 (0x0000079c) c.addi4spn a5, sp, 960
core   0: 0 0x80005412 (0x079c) x15 0x000003bf
core   0: 0x80005414 (0x0178ae33) slt     t3, a7, s7
core   0: 0 0x80005414 (0x0178ae33) x28 0x00000000
core   0: 0x80005418 (0x000003f5) c.addi  t2, 29
core   0: 0 0x80005418 (0x03f5) x7  0x0000001d
core   0: 0x8000541a (0x2857fd93) andi    s11, a5, 645
core   0: 0 0x8000541a (0x2857fd93) x27 0x00000285
core   0: 0x8000541e (0x00ec1e33) sll     t3, s8, a4
core   0: 0 0x8000541e (0x00ec1e33) x28 0x00000000
core   0: 0x80005422 (0x00eb93b3) sll     t2, s7, a4
core   0: 0 0x80005422 (0x00eb93b3) x7  0xffff8000
core   0: 0x80005426 (0x0000948a) c.add   s1, sp
core   0: 0 0x80005426 (0x948a) x9  0xfffffffe
core   0: 0x80005428 (0x411486b3) sub     a3, s1, a7
core   0: 0 0x80005428 (0x411486b3) x13 0xfffffff1
core   0: 0x8000542c (0x00006159) c.addi16sp sp, 400
core   0: 0 0x8000542c (0x6159) x2  0x0000018f
core   0: 0x8000542e (0x02ce9eb3) mulh    t4, t4, a2
core   0: 0 0x8000542e (0x02ce9eb3) x29 0xffffffff
core   0: 0x80005432 (0x00008e61) c.and   a2, s0
core   0: 0 0x80005432 (0x8e61) x12 0xffffffff
core   0: 0x80005434 (0x03942133) mulhsu  sp, s0, s9
core   0: 0 0x80005434 (0x03942133) x2  0xffffffff
core   0: 0x80005438 (0x035136b3) mulhu   a3, sp, s5
core   0: 0 0x80005438 (0x035136b3) x13 0x00000000
core   0: 0x8000543c (0x000007fe) c.slli  a5, 31
core   0: 0 0x8000543c (0x07fe) x15 0x80000000
core   0: 0x8000543e (0x2b50b3b7) lui     t2, 0x2b50b
core   0: 0 0x8000543e (0x2b50b3b7) x7  0x2b50b000
core   0: 0x80005442 (0x9ad6dab7) lui     s5, 0x9ad6d
core   0: 0 0x80005442 (0x9ad6dab7) x21 0x9ad6d000
core   0: 0x80005446 (0x0000100f) fence.i
core   0: 0 0x80005446 (0x0000100f)
core   0: 0x8000544a (0x0243f163) bgeu    t2, tp, pc + 34
core   0: 0 0x8000544a (0x0243f163)
core   0: 0x8000546c (0x01b91833) sll     a6, s2, s11
core   0: 0 0x8000546c (0x01b91833) x16 0xffff4b00
core   0: 0x80005470 (0xebaa8193) addi    gp, s5, -326
core   0: 0 0x80005470 (0xebaa8193) x3  0x9ad6ceba
core   0: 0x80005474 (0x035010b3) mulh    ra, zero, s5
core   0: 0 0x80005474 (0x035010b3) x1  0x00000000
core   0: 0x80005478 (0x02bfb1b3) mulhu   gp, t6, a1
core   0: 0 0x80005478 (0x02bfb1b3) x3  0x0000000a
core   0: 0x8000547c (0x00008299) c.srli  a3, 6
core   0: 0 0x8000547c (0x8299) x13 0x00000000
core   0: 0x8000547e (0x0000e039) c.bnez  s0, pc + 70
core   0: 0 0x8000547e (0xe039)
core   0: 0x800054c4 (0x0000ca8d) c.beqz  a3, pc + 50
core   0: 0 0x800054c4 (0xca8d)
core   0: 0x800054f6 (0x00006afd) c.lui   s5, 0x1f
core   0: 0 0x800054f6 (0x6afd) x21 0x0001f000
core   0: 0x800054f8 (0x02304f63) blt     zero, gp, pc + 62
core   0: 0 0x800054f8 (0x02304f63)
core   0: 0x80005536 (0x00000001) c.nop
core   0: 0 0x80005536 (0x0001)
core   0: 0x80005538 (0x00b1dab3) srl     s5, gp, a1
core   0: 0 0x80005538 (0x00b1dab3) x21 0x00000000
core   0: 0x8000553c (0x00008096) c.mv    ra, t0
core   0: 0 0x8000553c (0x8096) x1  0x00000000
core   0: 0x8000553e (0x0ff0000f) fence   iorw,iorw
core   0: 0 0x8000553e (0x0ff0000f)
core   0: 0x80005542 (0x12e80013) addi    zero, a6, 302
core   0: 0 0x80005542 (0x12e80013)
core   0: 0x80005546 (0x00bf6c63) bltu    t5, a1, pc + 24
core   0: 0 0x80005546 (0x00bf6c63)
core   0: 0x8000555e (0xfdffac13) slti    s8, t6, -33
core   0: 0 0x8000555e (0xfdffac13) x24 0x00000000
core   0: 0x80005562 (0x00008d35) c.xor   a0, a3
core   0: 0 0x80005562 (0x8d35) x10 0xffffffff
core   0: 0x80005564 (0x03bb6db3) rem     s11, s6, s11
core   0: 0 0x80005564 (0x03bb6db3) x27 0x00000000
core   0: 0x80005568 (0x00008add) c.andi  a3, 23
core   0: 0 0x80005568 (0x8add) x13 0x00000000
core   0: 0x8000556a (0x027ef163) bgeu    t4, t2, pc + 34
core   0: 0 0x8000556a (0x027ef163)
core   0: 0x8000558c (0x03d4a3b3) mulhsu  t2, s1, t4
core   0: 0 0x8000558c (0x03d4a3b3) x7  0xfffffffe
core   0: 0x80005590 (0xb5edc193) xori    gp, s11, -1186
core   0: 0 0x80005590 (0xb5edc193) x3  0xfffffb5e
core   0: 0x80005594 (0x00005b7d) c.li    s6, -1
core   0: 0 0x80005594 (0x5b7d) x22 0xffffffff
core   0: 0x80005596 (0x031b2233) mulhsu  tp, s6, a7
core   0: 0 0x80005596 (0x031b2233) x4  0xffffffff
core   0: 0x8000559a (0x00ce9563) bne     t4, a2, pc + 10
core   0: 0 0x8000559a (0x00ce9563)
core   0: 0x8000559e (0x01a8bab3) sltu    s5, a7, s10
core   0: 0 0x8000559e (0x01a8bab3) x21 0x00000001
core   0: 0x800055a2 (0x00000001) c.nop
core   0: 0 0x800055a2 (0x0001)
core   0: 0x800055a4 (0x00005b7d) c.li    s6, -1
core   0: 0 0x800055a4 (0x5b7d) x22 0xffffffff
core   0: 0x800055a6 (0x018fceb3) xor     t4, t6, s8
core   0: 0 0x800055a6 (0x018fceb3) x29 0x0000000b
core   0: 0x800055aa (0x00d688b3) add     a7, a3, a3
core   0: 0 0x800055aa (0x00d688b3) x17 0x00000000
core   0: 0x800055ae (0x01a4e633) or      a2, s1, s10
core   0: 0 0x800055ae (0x01a4e633) x12 0xffffffff
core   0: 0x800055b2 (0x40730db3) sub     s11, t1, t2
core   0: 0 0x800055b2 (0x40730db3) x27 0x00000003
core   0: 0x800055b6 (0x01912e33) slt     t3, sp, s9
core   0: 0 0x800055b6 (0x01912e33) x28 0x00000000
core   0: 0x800055ba (0x0000177d) c.addi  a4, -1
core   0: 0 0x800055ba (0x177d) x14 0x000000ce
core   0: 0x800055bc (0x00008f2d) c.xor   a4, a1
core   0: 0 0x800055bc (0x8f2d) x14 0xffffff32
core   0: 0x800055be (0x02986863) bltu    a6, s1, pc + 48
core   0: 0 0x800055be (0x02986863)
core   0: 0x800055ee (0x01db98b3) sll     a7, s7, t4
core   0: 0 0x800055ee (0x01db98b3) x17 0xfffff800
core   0: 0x800055f2 (0x000bfeb3) and     t4, s7, zero
core   0: 0 0x800055f2 (0x000bfeb3) x29 0x00000000
core   0: 0x800055f6 (0x00b57763) bgeu    a0, a1, pc + 14
core   0: 0 0x800055f6 (0x00b57763)
core   0: 0x80005604 (0x0371f433) remu    s0, gp, s7
core   0: 0 0x80005604 (0x0371f433) x8  0xfffffb5e
core   0: 0x80005608 (0x0206a0b3) mulhsu  ra, a3, zero
core   0: 0 0x80005608 (0x0206a0b3) x1  0x00000000
core   0: 0x8000560c (0x5c1de113) ori     sp, s11, 1473
core   0: 0 0x8000560c (0x5c1de113) x2  0x000005c3
core   0: 0x80005610 (0x000014fd) c.addi  s1, -1
core   0: 0 0x80005610 (0x14fd) x9  0xfffffffd
core   0: 0x80005612 (0xec717293) andi    t0, sp, -313
core   0: 0 0x80005612 (0xec717293) x5  0x000004c3
core   0: 0x80005616 (0x029fb633) mulhu   a2, t6, s1
core   0: 0 0x80005616 (0x029fb633) x12 0x0000000a
core   0: 0x8000561a (0x00000001) c.nop
core   0: 0 0x8000561a (0x0001)
core   0: 0x8000561c (0x00008161) c.srli  a0, 24
core   0: 0 0x8000561c (0x8161) x10 0x000000ff
core   0: 0x8000561e (0x0000717d) c.addi16sp sp, -16
core   0: 0 0x8000561e (0x717d) x2  0x000005b3
core   0: 0x80005620 (0x00008475) c.srai  s0, 29
core   0: 0 0x80005620 (0x8475) x8  0xffffffff
core   0: 0x80005622 (0x15fe1197) auipc   gp, 0x15fe1
core   0: 0 0x80005622 (0x15fe1197) x3  0x95fe6622
core   0: 0x80005626 (0x01b60c33) add     s8, a2, s11
core   0: 0 0x80005626 (0x01b60c33) x24 0x0000000d
core   0: 0x8000562a (0x1ce8ed93) ori     s11, a7, 462
core   0: 0 0x8000562a (0x1ce8ed93) x27 0xfffff9ce
core   0: 0x8000562e (0x029731b3) mulhu   gp, a4, s1
core   0: 0 0x8000562e (0x029731b3) x3  0xffffff2f
core   0: 0x80005632 (0x00000f3e) c.slli  t5, 15
core   0: 0 0x80005632 (0x0f3e) x30 0x00000000
core   0: 0x80005634 (0x00000c00) c.addi4spn s0, sp, 528
core   0: 0 0x80005634 (0x0c00) x8  0x000007c3
core   0: 0x80005636 (0x0076d113) srli    sp, a3, 7
core   0: 0 0x80005636 (0x0076d113) x2  0x00000000
core   0: 0x8000563a (0x036711b3) mulh    gp, a4, s6
core   0: 0 0x8000563a (0x036711b3) x3  0x00000000
core   0: 0x8000563e (0x008afc33) and     s8, s5, s0
core   0: 0 0x8000563e (0x008afc33) x24 0x00000001
core   0: 0x80005642 (0x00008f7d) c.and   a4, a5
core   0: 0 0x80005642 (0x8f7d) x14 0x80000000
core   0: 0x80005644 (0x0722f713) andi    a4, t0, 114
core   0: 0 0x80005644 (0x0722f713) x14 0x00000042
core   0: 0x80005648 (0x00008c09) c.sub   s0, a0
core   0: 0 0x80005648 (0x8c09) x8  0x000006c4
core   0: 0x8000564a (0x0049a603) lw      a2, 4(s3)
core   0: 0 0x8000564a (0x0049a603) x12 0x800057d0 mem 0x80021dfc
core   0: 0x8000564e (0x000009f1) c.addi  s3, 28
core   0: 0 0x8000564e (0x09f1) x19 0x80021e14
core   0: 0x80005650 (0x00000386) c.slli  t2, 1
core   0: 0 0x80005650 (0x0386) x7  0xfffffffc
core   0: 0x80005652 (0x00060f13) mv      t5, a2
core   0: 0 0x80005652 (0x00060f13) x30 0x800057d0
core   0: 0x80005656 (0x00008f02) c.jr    t5
core   0: 0 0x80005656 (0x8f02)
core   0: 0x800057d0 (0x000085fd) c.srai  a1, 31
core   0: 0 0x800057d0 (0x85fd) x11 0xffffffff
core   0: 0x800057d2 (0x4a322893) slti    a7, tp, 1187
core   0: 0 0x800057d2 (0x4a322893) x17 0x00000001
core   0: 0x800057d6 (0x00004391) c.li    t2, 4
core   0: 0 0x800057d6 (0x4391) x7  0x00000004
core   0: 0x800057d8 (0x02d720b3) mulhsu  ra, a4, a3
core   0: 0 0x800057d8 (0x02d720b3) x1  0x00000000
core   0: 0x800057dc (0x037ef663) bgeu    t4, s7, pc + 44
core   0: 0 0x800057dc (0x037ef663)
core   0: 0x800057e0 (0x0281cf33) div     t5, gp, s0
core   0: 0 0x800057e0 (0x0281cf33) x30 0x00000000
core   0: 0x800057e4 (0x3c45b113) sltiu   sp, a1, 964
core   0: 0 0x800057e4 (0x3c45b113) x2  0x00000000
core   0: 0x800057e8 (0x00008d85) c.sub   a1, s1
core   0: 0 0x800057e8 (0x8d85) x11 0x00000002
core   0: 0x800057ea (0x011eb4b3) sltu    s1, t4, a7
core   0: 0 0x800057ea (0x011eb4b3) x9  0x00000001
core   0: 0x800057ee (0x000041c5) c.li    gp, 17
core   0: 0 0x800057ee (0x41c5) x3  0x00000011
core   0: 0x800057f0 (0x00008bb1) c.andi  a5, 12
core   0: 0 0x800057f0 (0x8bb1) x15 0x00000000
core   0: 0x800057f2 (0x00000122) c.slli  sp, 8
core   0: 0 0x800057f2 (0x0122) x2  0x00000000
core   0: 0x800057f4 (0x019b1563) bne     s6, s9, pc + 10
core   0: 0 0x800057f4 (0x019b1563)
core   0: 0x800057fe (0x02e7fdb3) remu    s11, a5, a4
core   0: 0 0x800057fe (0x02e7fdb3) x27 0x00000000
core   0: 0x80005802 (0x011684b3) add     s1, a3, a7
core   0: 0 0x80005802 (0x011684b3) x9  0x00000001
core   0: 0x80005806 (0x00008e7d) c.and   a2, a5
core   0: 0 0x80005806 (0x8e7d) x12 0x00000000
core   0: 0x80005808 (0x0000147d) c.addi  s0, -1
core   0: 0 0x80005808 (0x147d) x8  0x000006c3
core   0: 0x8000580a (0x02fac5b3) div     a1, s5, a5
core   0: 0 0x8000580a (0x02fac5b3) x11 0xffffffff
core   0: 0x8000580e (0xfdeb77b7) lui     a5, 0xfdeb7
core   0: 0 0x8000580e (0xfdeb77b7) x15 0xfdeb7000
core   0: 0x80005812 (0x00008f6d) c.and   a4, a1
core   0: 0 0x80005812 (0x8f6d) x14 0x00000042
core   0: 0x80005814 (0x0000127d) c.addi  tp, -1
core   0: 0 0x80005814 (0x127d) x4  0xfffffffe
core   0: 0x80005816 (0x0049a603) lw      a2, 4(s3)
core   0: 0 0x80005816 (0x0049a603) x12 0x80005872 mem 0x80021e18
core   0: 0x8000581a (0x00941a13) slli    s4, s0, 9
core   0: 0 0x8000581a (0x00941a13) x20 0x000d8600
core   0: 0x8000581e (0x010128b3) slt     a7, sp, a6
core   0: 0 0x8000581e (0x010128b3) x17 0x00000000
core   0: 0x80005822 (0x02498993) addi    s3, s3, 36
core   0: 0 0x80005822 (0x02498993) x19 0x80021e38
core   0: 0x80005826 (0x000004ba) c.slli  s1, 14
core   0: 0 0x80005826 (0x04ba) x9  0x00004000
core   0: 0x80005828 (0x00160b93) addi    s7, a2, 1
core   0: 0 0x80005828 (0x00160b93) x23 0x80005873
core   0: 0x8000582c (0x000b8be7) jalr    s7, s7, 0
core   0: 0 0x8000582c (0x000b8be7) x23 0x80005830
core   0: 0x80005872 (0x023c2d33) mulhsu  s10, s8, gp
core   0: 0 0x80005872 (0x023c2d33) x26 0x00000000
core   0: 0x80005876 (0x01dad093) srli    ra, s5, 29
core   0: 0 0x80005876 (0x01dad093) x1  0x00000000
core   0: 0x8000587a (0x4054d1b3) sra     gp, s1, t0
core   0: 0 0x8000587a (0x4054d1b3) x3  0x00000800
core   0: 0x8000587e (0x00006ae9) c.lui   s5, 0x1a
core   0: 0 0x8000587e (0x6ae9) x21 0x0001a000
core   0: 0x80005880 (0x000086d9) c.srai  a3, 22
core   0: 0 0x80005880 (0x86d9) x13 0x00000000
core   0: 0x80005882 (0x51ffb0b7) lui     ra, 0x51ffb
core   0: 0 0x80005882 (0x51ffb0b7) x1  0x51ffb000
core   0: 0x80005886 (0xf19ff66f) jal     a2, pc - 0xe8
core   0: 0 0x80005886 (0xf19ff66f) x12 0x8000588a
core   0: 0x8000579e (0x0083e463) bltu    t2, s0, pc + 8
core   0: 0 0x8000579e (0x0083e463)
core   0: 0x800057a6 (0xfdc98993) addi    s3, s3, -36
core   0: 0 0x800057a6 (0xfdc98993) x19 0x80021e14
core   0: 0x800057aa (0x00c9a223) sw      a2, 4(s3)
core   0: 0 0x800057aa (0x00c9a223) mem 0x80021e18 0x8000588a
core   0: 0x800057ae (0x00000222) c.slli  tp, 8
core   0: 0 0x800057ae (0x0222) x4  0xfffffe00
core   0: 0x800057b0 (0xdacff893) andi    a7, t6, -596
core   0: 0 0x800057b0 (0xdacff893) x17 0x00000008
core   0: 0x800057b4 (0x0000100f) fence.i
core   0: 0 0x800057b4 (0x0000100f)
core   0: 0x800057b8 (0x00000001) c.nop
core   0: 0 0x800057b8 (0x0001)
core   0: 0x800057ba (0x00008c39) c.xor   s0, a4
core   0: 0 0x800057ba (0x8c39) x8  0x00000681
core   0: 0x800057bc (0x032037b3) mulhu   a5, zero, s2
core   0: 0 0x800057bc (0x032037b3) x15 0x00000000
core   0: 0x800057c0 (0x0313e3b3) rem     t2, t2, a7
core   0: 0 0x800057c0 (0x0313e3b3) x7  0x00000004
core   0: 0x800057c4 (0x40a45013) srai    zero, s0, 10
core   0: 0 0x800057c4 (0x40a45013)
core   0: 0x800057c8 (0x021167b3) rem     a5, sp, ra
core   0: 0 0x800057c8 (0x021167b3) x15 0x00000000
core   0: 0x800057cc (0xef7fd66f) jal     a2, pc - 0x210a
core   0: 0 0x800057cc (0xef7fd66f) x12 0x800057d0
core   0: 0x800036c2 (0x00008c61) c.and   s0, s0
core   0: 0 0x800036c2 (0x8c61) x8  0x00000681
core   0: 0x800036c4 (0x9ade6513) ori     a0, t3, -1619
core   0: 0 0x800036c4 (0x9ade6513) x10 0xfffff9ad
core   0: 0x800036c8 (0x0301b133) mulhu   sp, gp, a6
core   0: 0 0x800036c8 (0x0301b133) x2  0x000007ff
core   0: 0x800036cc (0x00001991) c.addi  s3, -28
core   0: 0 0x800036cc (0x1991) x19 0x80021df8
core   0: 0x800036ce (0x21ec2b13) slti    s6, s8, 542
core   0: 0 0x800036ce (0x21ec2b13) x22 0x00000001
core   0: 0x800036d2 (0x00e81d33) sll     s10, a6, a4
core   0: 0 0x800036d2 (0x00e81d33) x26 0xfffd2c00
core   0: 0x800036d6 (0x00c9a223) sw      a2, 4(s3)
core   0: 0 0x800036d6 (0x00c9a223) mem 0x80021dfc 0x800057d0
core   0: 0x800036da (0x00000da6) c.slli  s11, 9
core   0: 0 0x800036da (0x0da6) x27 0x00000000
core   0: 0x800036dc (0x9f66b493) sltiu   s1, a3, -1546
core   0: 0 0x800036dc (0x9f66b493) x9  0x00000001
core   0: 0x800036e0 (0x020ed033) divu    zero, t4, zero
core   0: 0 0x800036e0 (0x020ed033)
core   0: 0x800036e4 (0x00a4b733) sltu    a4, s1, a0
core   0: 0 0x800036e4 (0x00a4b733) x14 0x00000001
core   0: 0x800036e8 (0x000082e2) c.mv    t0, s8
core   0: 0 0x800036e8 (0x82e2) x5  0x00000001
core   0: 0x800036ea (0x00008fdd) c.or    a5, a5
core   0: 0 0x800036ea (0x8fdd) x15 0x00000000
core   0: 0x800036ec (0x0007f963) bgeu    a5, zero, pc + 18
core   0: 0 0x800036ec (0x0007f963)
core   0: 0x800036fe (0x0ff0000f) fence   iorw,iorw
core   0: 0 0x800036fe (0x0ff0000f)
core   0: 0x80003702 (0x03101233) mulh    tp, zero, a7
core   0: 0 0x80003702 (0x03101233) x4  0x00000000
core   0: 0x80003706 (0x035af433) remu    s0, s5, s5
core   0: 0 0x80003706 (0x035af433) x8  0x00000000
core   0: 0x8000370a (0x0000127d) c.addi  tp, -1
core   0: 0 0x8000370a (0x127d) x4  0xffffffff
core   0: 0x8000370c (0x00008c39) c.xor   s0, a4
core   0: 0 0x8000370c (0x8c39) x8  0x00000001
core   0: 0x8000370e (0xe3cd0a13) addi    s4, s10, -452
core   0: 0 0x8000370e (0xe3cd0a13) x20 0xfffd2a3c
core   0: 0x80003712 (0x02f24d33) div     s10, tp, a5
core   0: 0 0x80003712 (0x02f24d33) x26 0xffffffff
core   0: 0x80003716 (0x00000001) c.nop
core   0: 0 0x80003716 (0x0001)
core   0: 0x80003718 (0x6f7b67b7) lui     a5, 0x6f7b6
core   0: 0 0x80003718 (0x6f7b67b7) x15 0x6f7b6000
core   0: 0x8000371c (0x00009afd) c.andi  a3, -1
core   0: 0 0x8000371c (0x9afd) x13 0x00000000
core   0: 0x8000371e (0x000088bd) c.andi  s1, 15
core   0: 0 0x8000371e (0x88bd) x9  0x00000001
core   0: 0x80003720 (0x40915133) sra     sp, sp, s1
core   0: 0 0x80003720 (0x40915133) x2  0x000003ff
core   0: 0x80003724 (0x0000ea81) c.bnez  a3, pc + 16
core   0: 0 0x80003724 (0xea81)
core   0: 0x80003726 (0x02c50333) mul     t1, a0, a2
core   0: 0 0x80003726 (0x02c50333) x6  0x7dd4a790
core   0: 0x8000372a (0x00008c79) c.and   s0, a4
core   0: 0 0x8000372a (0x8c79) x8  0x00000001
core   0: 0x8000372c (0x028c0c63) beq     s8, s0, pc + 56
core   0: 0 0x8000372c (0x028c0c63)
core   0: 0x80003764 (0x03cd4163) blt     s10, t3, pc + 34
core   0: 0 0x80003764 (0x03cd4163)
core   0: 0x80003786 (0x03a3a933) mulhsu  s2, t2, s10
core   0: 0 0x80003786 (0x03a3a933) x18 0x00000003
core   0: 0x8000378a (0x047ef463) bgeu    t4, t2, pc + 72
core   0: 0 0x8000378a (0x047ef463)
core   0: 0x8000378e (0x0000c699) c.beqz  a3, pc + 14
core   0: 0 0x8000378e (0xc699)
core   0: 0x8000379c (0x00008e21) c.xor   a2, s0
core   0: 0 0x8000379c (0x8e21) x12 0x800057d1
core   0: 0x8000379e (0x00c3d563) bge     t2, a2, pc + 10
core   0: 0 0x8000379e (0x00c3d563)
core   0: 0x800037a8 (0x026eb833) mulhu   a6, t4, t1
core   0: 0 0x800037a8 (0x026eb833) x16 0x00000000
core   0: 0x800037ac (0x034a6763) bltu    s4, s4, pc + 46
core   0: 0 0x800037ac (0x034a6763)
core   0: 0x800037b0 (0x02fec433) div     s0, t4, a5
core   0: 0 0x800037b0 (0x02fec433) x8  0x00000000
core   0: 0x800037b4 (0x00b46bb3) or      s7, s0, a1
core   0: 0 0x800037b4 (0x00b46bb3) x23 0xffffffff
core   0: 0x800037b8 (0x00008f49) c.or    a4, a0
core   0: 0 0x800037b8 (0x8f49) x14 0xfffff9ad
core   0: 0x800037ba (0x021df863) bgeu    s11, ra, pc + 48
core   0: 0 0x800037ba (0x021df863)
core   0: 0x800037be (0x0ff0000f) fence   iorw,iorw
core   0: 0 0x800037be (0x0ff0000f)
core   0: 0x800037c2 (0x006ade33) srl     t3, s5, t1
core   0: 0 0x800037c2 (0x006ade33) x28 0x00000001
core   0: 0x800037c6 (0x01b3c663) blt     t2, s11, pc + 12
core   0: 0 0x800037c6 (0x01b3c663)
core   0: 0x800037ca (0x039eec63) bltu    t4, s9, pc + 56
core   0: 0 0x800037ca (0x039eec63)
core   0: 0x80003802 (0x00008d85) c.sub   a1, s1
core   0: 0 0x80003802 (0x8d85) x11 0xfffffffe
core   0: 0x80003804 (0xb7314193) xori    gp, sp, -1165
core   0: 0 0x80003804 (0xb7314193) x3  0xfffff88c
core   0: 0x80003808 (0x012148b3) xor     a7, sp, s2
core   0: 0 0x80003808 (0x012148b3) x17 0x000003fc
core   0: 0x8000380c (0x02b1f363) bgeu    gp, a1, pc + 38
core   0: 0 0x8000380c (0x02b1f363)
core   0: 0x80003810 (0x0196f1b3) and     gp, a3, s9
core   0: 0 0x80003810 (0x0196f1b3) x3  0x00000000
core   0: 0x80003814 (0x04d4f063) bgeu    s1, a3, pc + 64
core   0: 0 0x80003814 (0x04d4f063)
core   0: 0x80003854 (0xa66b7b13) andi    s6, s6, -1434
core   0: 0 0x80003854 (0xa66b7b13) x22 0x00000000
core   0: 0x80003858 (0x743a3413) sltiu   s0, s4, 1859
core   0: 0 0x80003858 (0x743a3413) x8  0x00000000
core   0: 0x8000385c (0x015931b3) sltu    gp, s2, s5
core   0: 0 0x8000385c (0x015931b3) x3  0x00000001
core   0: 0x80003860 (0x0000100f) fence.i
core   0: 0 0x80003860 (0x0000100f)
core   0: 0x80003864 (0x034e6c63) bltu    t3, s4, pc + 56
core   0: 0 0x80003864 (0x034e6c63)
core   0: 0x8000389c (0x00000422) c.slli  s0, 8
core   0: 0 0x8000389c (0x0422) x8  0x00000000
core   0: 0x8000389e (0x0000ea05) c.bnez  a2, pc + 48
core   0: 0 0x8000389e (0xea05)
core   0: 0x800038ce (0x2303b113) sltiu   sp, t2, 560
core   0: 0 0x800038ce (0x2303b113) x2  0x00000001
core   0: 0x800038d2 (0x00008139) c.srli  a0, 14
core   0: 0 0x800038d2 (0x8139) x10 0x0003ffff
core   0: 0x800038d4 (0x00000001) c.nop
core   0: 0 0x800038d4 (0x0001)
core   0: 0x800038d6 (0x41595093) srai    ra, s2, 21
core   0: 0 0x800038d6 (0x41595093) x1  0x00000000
core   0: 0x800038da (0x4b41b017) auipc   zero, 0x4b41b
core   0: 0 0x800038da (0x4b41b017)
core   0: 0x800038de (0x001fa0b3) slt     ra, t6, ra
core   0: 0 0x800038de (0x001fa0b3) x1  0x00000000
core   0: 0x800038e2 (0x01b5aab3) slt     s5, a1, s11
core   0: 0 0x800038e2 (0x01b5aab3) x21 0x00000001
core   0: 0x800038e6 (0x00624133) xor     sp, tp, t1
core   0: 0 0x800038e6 (0x00624133) x2  0x822b586f
core   0: 0x800038ea (0x02670533) mul     a0, a4, t1
core   0: 0 0x800038ea (0x02670533) x10 0x38204c50
core   0: 0x800038ee (0x00008ed1) c.or    a3, a2
core   0: 0 0x800038ee (0x8ed1) x13 0x800057d1
core   0: 0x800038f0 (0x73b7a393) slti    t2, a5, 1851
core   0: 0 0x800038f0 (0x73b7a393) x7  0x00000000
core   0: 0x800038f4 (0x0318ec63) bltu    a7, a7, pc + 56
core   0: 0 0x800038f4 (0x0318ec63)
core   0: 0x800038f8 (0x04bae163) bltu    s5, a1, pc + 66
core   0: 0 0x800038f8 (0x04bae163)
core   0: 0x8000393a (0x03bf8d33) mul     s10, t6, s11
core   0: 0 0x8000393a (0x03bf8d33) x26 0x00000000
core   0: 0x8000393e (0x0065c033) xor     zero, a1, t1
core   0: 0 0x8000393e (0x0065c033)
core   0: 0x80003942 (0x418b5f33) sra     t5, s6, s8
core   0: 0 0x80003942 (0x418b5f33) x30 0x00000000
core   0: 0x80003946 (0x011f3733) sltu    a4, t5, a7
core   0: 0 0x80003946 (0x011f3733) x14 0x00000001
core   0: 0x8000394a (0x05df8063) beq     t6, t4, pc + 64
core   0: 0 0x8000394a (0x05df8063)
core   0: 0x8000394e (0x01265133) srl     sp, a2, s2
core   0: 0 0x8000394e (0x01265133) x2  0x10000afa
core   0: 0x80003952 (0x0000ce05) c.beqz  a2, pc + 56
core   0: 0 0x80003952 (0xce05)
core   0: 0x80003954 (0x02628263) beq     t0, t1, pc + 36
core   0: 0 0x80003954 (0x02628263)
core   0: 0x80003958 (0x66d1e797) auipc   a5, 0x66d1e
core   0: 0 0x80003958 (0x66d1e797) x15 0xe6d21958
core   0: 0x8000395c (0x00006291) c.lui   t0, 0x4
core   0: 0 0x8000395c (0x6291) x5  0x00004000
core   0: 0x8000395e (0x41cb07b3) sub     a5, s6, t3
core   0: 0 0x8000395e (0x41cb07b3) x15 0xffffffff
core   0: 0x80003962 (0x035d4963) blt     s10, s5, pc + 50
core   0: 0 0x80003962 (0x035d4963)
core   0: 0x80003994 (0x01799513) slli    a0, s3, 23
core   0: 0 0x80003994 (0x01799513) x10 0xfc000000
core   0: 0x80003998 (0x020fba33) mulhu   s4, t6, zero
core   0: 0 0x80003998 (0x020fba33) x20 0x00000000
core   0: 0x8000399c (0x03188233) mul     tp, a7, a7
core   0: 0 0x8000399c (0x03188233) x4  0x000fe010
core   0: 0x800039a0 (0x40c3dd93) srai    s11, t2, 12
core   0: 0 0x800039a0 (0x40c3dd93) x27 0x00000000
core   0: 0x800039a4 (0x24ef6b13) ori     s6, t5, 590
core   0: 0 0x800039a4 (0x24ef6b13) x22 0x0000024e
core   0: 0x800039a8 (0x03e7d6b3) divu    a3, a5, t5
core   0: 0 0x800039a8 (0x03e7d6b3) x13 0xffffffff
core   0: 0x800039ac (0x411cd393) srai    t2, s9, 17
core   0: 0 0x800039ac (0x411cd393) x7  0xffffc001
core   0: 0x800039b0 (0xaa488193) addi    gp, a7, -1372
core   0: 0 0x800039b0 (0xaa488193) x3  0xfffffea0
core   0: 0x800039b4 (0x0000e585) c.bnez  a1, pc + 40
core   0: 0 0x800039b4 (0xe585)
core   0: 0x800039dc (0x000001d2) c.slli  gp, 20
core   0: 0 0x800039dc (0x01d2) x3  0xea000000
core   0: 0x800039de (0xd4d8f213) andi    tp, a7, -691
core   0: 0 0x800039de (0xd4d8f213) x4  0x0000014c
core   0: 0x800039e2 (0x0211ceb3) div     t4, gp, ra
core   0: 0 0x800039e2 (0x0211ceb3) x29 0xffffffff
core   0: 0x800039e6 (0x00000001) c.nop
core   0: 0 0x800039e6 (0x0001)
core   0: 0x800039e8 (0x000008ee) c.slli  a7, 27
core   0: 0 0x800039e8 (0x08ee) x17 0xe0000000
core   0: 0x800039ea (0x04eef163) bgeu    t4, a4, pc + 66
core   0: 0 0x800039ea (0x04eef163)
core   0: 0x80003a2c (0xceb85c17) auipc   s8, 0xceb85
core   0: 0 0x80003a2c (0xceb85c17) x24 0x4eb88a2c
core   0: 0x80003a30 (0x0ff0000f) fence   iorw,iorw
core   0: 0 0x80003a30 (0x0ff0000f)
core   0: 0x80003a34 (0x05dbc363) blt     s7, t4, pc + 70
core   0: 0 0x80003a34 (0x05dbc363)
core   0: 0x80003a38 (0x0008a133) slt     sp, a7, zero
core   0: 0 0x80003a38 (0x0008a133) x2  0x00000001
core   0: 0x80003a3c (0x0000100f) fence.i
core   0: 0 0x80003a3c (0x0000100f)
core   0: 0x80003a40 (0x00009bfd) c.andi  a5, -1
core   0: 0 0x80003a40 (0x9bfd) x15 0xffffffff
core   0: 0x80003a42 (0x3bc051b7) lui     gp, 0x3bc05
core   0: 0 0x80003a42 (0x3bc051b7) x3  0x3bc05000
core   0: 0x80003a46 (0x028e93b3) mulh    t2, t4, s0
core   0: 0 0x80003a46 (0x028e93b3) x7  0x00000000
core   0: 0x80003a4a (0x7ef423b7) lui     t2, 0x7ef42
core   0: 0 0x80003a4a (0x7ef423b7) x7  0x7ef42000
core   0: 0x80003a4e (0x00008cd9) c.or    s1, a4
core   0: 0 0x80003a4e (0x8cd9) x9  0x00000001
core   0: 0x80003a50 (0x00085833) srl     a6, a6, zero
core   0: 0 0x80003a50 (0x00085833) x16 0x00000000
core   0: 0x80003a54 (0x000012fd) c.addi  t0, -1
core   0: 0 0x80003a54 (0x12fd) x5  0x00003fff
core   0: 0x80003a56 (0x0110fd33) and     s10, ra, a7
core   0: 0 0x80003a56 (0x0110fd33) x26 0x00000000
core   0: 0x80003a5a (0x037b8433) mul     s0, s7, s7
core   0: 0 0x80003a5a (0x037b8433) x8  0x00000001
core   0: 0x80003a5e (0x03cdcdb3) div     s11, s11, t3
core   0: 0 0x80003a5e (0x03cdcdb3) x27 0x00000000
core   0: 0x80003a62 (0x0186c763) blt     a3, s8, pc + 14
core   0: 0 0x80003a62 (0x0186c763)
core   0: 0x80003a70 (0x02bd7333) remu    t1, s10, a1
core   0: 0 0x80003a70 (0x02bd7333) x6  0x00000000
core   0: 0x80003a74 (0xadef7b13) andi    s6, t5, -1314
core   0: 0 0x80003a74 (0xadef7b13) x22 0x00000000
core   0: 0x80003a78 (0x00000731) c.addi  a4, 12
core   0: 0 0x80003a78 (0x0731) x14 0x0000000d
core   0: 0x80003a7a (0x00008ead) c.xor   a3, a1
core   0: 0 0x80003a7a (0x8ead) x13 0x00000001
core   0: 0x80003a7c (0x00008fdd) c.or    a5, a5
core   0: 0 0x80003a7c (0x8fdd) x15 0xffffffff
core   0: 0x80003a7e (0x015e8663) beq     t4, s5, pc + 12
core   0: 0 0x80003a7e (0x015e8663)
core   0: 0x80003a82 (0x02547663) bgeu    s0, t0, pc + 44
core   0: 0 0x80003a82 (0x02547663)
core   0: 0x80003a86 (0x03ce62b3) rem     t0, t3, t3
core   0: 0 0x80003a86 (0x03ce62b3) x5  0x00000000
core   0: 0x80003a8a (0x03a8ca33) div     s4, a7, s10
core   0: 0 0x80003a8a (0x03a8ca33) x20 0xffffffff
core   0: 0x80003a8e (0x021d8063) beq     s11, ra, pc + 32
core   0: 0 0x80003a8e (0x021d8063)
core   0: 0x80003aae (0x02ae6b33) rem     s6, t3, a0
core   0: 0 0x80003aae (0x02ae6b33) x22 0x00000001
core   0: 0x80003ab2 (0x00008f35) c.xor   a4, a3
core   0: 0 0x80003ab2 (0x8f35) x14 0x0000000c
core   0: 0x80003ab4 (0x0155f663) bgeu    a1, s5, pc + 12
core   0: 0 0x80003ab4 (0x0155f663)
core   0: 0x80003ac0 (0x00008271) c.srli  a2, 28
core   0: 0 0x80003ac0 (0x8271) x12 0x00000008
core   0: 0x80003ac2 (0x0000865e) c.mv    a2, s7
core   0: 0 0x80003ac2 (0x865e) x12 0xffffffff
core   0: 0x80003ac4 (0x00006161) c.addi16sp sp, 80
core   0: 0 0x80003ac4 (0x6161) x2  0x00000051
core   0: 0x80003ac6 (0x038cc933) div     s2, s9, s8
core   0: 0 0x80003ac6 (0x038cc933) x18 0xffffffff
core   0: 0x80003aca (0x04a26063) bltu    tp, a0, pc + 64
core   0: 0 0x80003aca (0x04a26063)
core   0: 0x80003b0a (0x000051fd) c.li    gp, -1
core   0: 0 0x80003b0a (0x51fd) x3  0xffffffff
core   0: 0x80003b0c (0x010e9d63) bne     t4, a6, pc + 26
core   0: 0 0x80003b0c (0x010e9d63)
core   0: 0x80003b26 (0xb05fd037) lui     zero, 0xb05fd
core   0: 0 0x80003b26 (0xb05fd037)
core   0: 0x80003b2a (0xe99b6793) ori     a5, s6, -359
core   0: 0 0x80003b2a (0xe99b6793) x15 0xfffffe99
core   0: 0x80003b2e (0x0000833a) c.mv    t1, a4
core   0: 0 0x80003b2e (0x833a) x6  0x0000000c
core   0: 0x80003b30 (0x02d66633) rem     a2, a2, a3
core   0: 0 0x80003b30 (0x02d66633) x12 0x00000000
core   0: 0x80003b34 (0x00000001) c.nop
core   0: 0 0x80003b34 (0x0001)
core   0: 0x80003b36 (0x00006ab5) c.lui   s5, 0xd
core   0: 0 0x80003b36 (0x6ab5) x21 0x0000d000
core   0: 0x80003b38 (0x000092c6) c.add   t0, a7
core   0: 0 0x80003b38 (0x92c6) x5  0xe0000000
core   0: 0x80003b3a (0x17147793) andi    a5, s0, 369
core   0: 0 0x80003b3a (0x17147793) x15 0x00000001
core   0: 0x80003b3e (0x0ff0000f) fence   iorw,iorw
core   0: 0 0x80003b3e (0x0ff0000f)
core   0: 0x80003b42 (0x013b2133) slt     sp, s6, s3
core   0: 0 0x80003b42 (0x013b2133) x2  0x00000000
core   0: 0x80003b46 (0x00008f99) c.sub   a5, a4
core   0: 0 0x80003b46 (0x8f99) x15 0xfffffff5
core   0: 0x80003b48 (0x00000001) c.nop
core   0: 0 0x80003b48 (0x0001)
core   0: 0x80003b4a (0x401752b3) sra     t0, a4, ra
core   0: 0 0x80003b4a (0x401752b3) x5  0x0000000c
core   0: 0x80003b4e (0x0000e985) c.bnez  a1, pc + 48
core   0: 0 0x80003b4e (0xe985)
core   0: 0x80003b7e (0x00008fc1) c.or    a5, s0
core   0: 0 0x80003b7e (0x8fc1) x15 0xfffffff5
core   0: 0x80003b80 (0x00000001) c.nop
core   0: 0 0x80003b80 (0x0001)
core   0: 0x80003b82 (0x00001214) c.addi4spn a3, sp, 288
core   0: 0 0x80003b82 (0x1214) x13 0x00000120
core   0: 0x80003b84 (0x6541c813) xori    a6, gp, 1620
core   0: 0 0x80003b84 (0x6541c813) x16 0xfffff9ab
core   0: 0x80003b88 (0x0000614d) c.addi16sp sp, 176
core   0: 0 0x80003b88 (0x614d) x2  0x000000b0
core   0: 0x80003b8a (0x00000001) c.nop
core   0: 0 0x80003b8a (0x0001)
core   0: 0x80003b8c (0x0000080e) c.slli  a6, 3
core   0: 0 0x80003b8c (0x080e) x16 0xffffcd58
core   0: 0x80003b8e (0x0000100f) fence.i
core   0: 0 0x80003b8e (0x0000100f)
core   0: 0x80003b92 (0x00006129) c.addi16sp sp, 192
core   0: 0 0x80003b92 (0x6129) x2  0x00000170
core   0: 0x80003b94 (0x01efd463) bge     t6, t5, pc + 8
core   0: 0 0x80003b94 (0x01efd463)
core   0: 0x80003b9c (0x030202b3) mul     t0, tp, a6
core   0: 0 0x80003b9c (0x030202b3) x5  0xffbe4e20
core   0: 0x80003ba0 (0x05910013) addi    zero, sp, 89
core   0: 0 0x80003ba0 (0x05910013)
core   0: 0x80003ba4 (0x0236dab3) divu    s5, a3, gp
core   0: 0 0x80003ba4 (0x0236dab3) x21 0x00000000
core   0: 0x80003ba8 (0x00c10263) beq     sp, a2, pc + 4
core   0: 0 0x80003ba8 (0x00c10263)
core   0: 0x80003bac (0x03449a63) bne     s1, s4, pc + 52
core   0: 0 0x80003bac (0x03449a63)
core   0: 0x80003be0 (0x00009bfd) c.andi  a5, -1
core   0: 0 0x80003be0 (0x9bfd) x15 0xfffffff5
core   0: 0x80003be2 (0x0000c509) c.beqz  a0, pc + 10
core   0: 0 0x80003be2 (0xc509)
core   0: 0x80003be4 (0x00008f61) c.and   a4, s0
core   0: 0 0x80003be4 (0x8f61) x14 0x00000000
core   0: 0x80003be6 (0x000083a1) c.srli  a5, 8
core   0: 0 0x80003be6 (0x83a1) x15 0x00ffffff
core   0: 0x80003be8 (0x03039333) mulh    t1, t2, a6
core   0: 0 0x80003be8 (0x03039333) x6  0xffffe6e1
core   0: 0x80003bec (0x01fbe863) bltu    s7, t6, pc + 16
core   0: 0 0x80003bec (0x01fbe863)
core   0: 0x80003bf0 (0x64634393) xori    t2, t1, 1606
core   0: 0 0x80003bf0 (0x64634393) x7  0xffffe0a7
core   0: 0x80003bf4 (0x00ce3133) sltu    sp, t3, a2
core   0: 0 0x80003bf4 (0x00ce3133) x2  0x00000000
core   0: 0x80003bf8 (0x006a5613) srli    a2, s4, 6
core   0: 0 0x80003bf8 (0x006a5613) x12 0x03ffffff
core   0: 0x80003bfc (0x00b87d63) bgeu    a6, a1, pc + 26
core   0: 0 0x80003bfc (0x00b87d63)
core   0: 0x80003c00 (0x00008bd5) c.andi  a5, 21
core   0: 0 0x80003c00 (0x8bd5) x15 0x00000015
core   0: 0x80003c02 (0x00b11313) slli    t1, sp, 11
core   0: 0 0x80003c02 (0x00b11313) x6  0x00000000
core   0: 0x80003c06 (0x05278263) beq     a5, s2, pc + 68
core   0: 0 0x80003c06 (0x05278263)
core   0: 0x80003c0a (0x0179f763) bgeu    s3, s7, pc + 14
core   0: 0 0x80003c0a (0x0179f763)
core   0: 0x80003c0e (0x008d6233) or      tp, s10, s0
core   0: 0 0x80003c0e (0x008d6233) x4  0x00000001
core   0: 0x80003c12 (0xc69a8313) addi    t1, s5, -919
core   0: 0 0x80003c12 (0xc69a8313) x6  0xfffffc69
core   0: 0x80003c16 (0x00008d71) c.and   a0, a2
core   0: 0 0x80003c16 (0x8d71) x10 0x00000000
core   0: 0x80003c18 (0x00000c41) c.addi  s8, 16
core   0: 0 0x80003c18 (0x0c41) x24 0x4eb88a3c
core   0: 0x80003c1a (0x03b68533) mul     a0, a3, s11
core   0: 0 0x80003c1a (0x03b68533) x10 0x00000000
core   0: 0x80003c1e (0x6a770e93) addi    t4, a4, 1703
core   0: 0 0x80003c1e (0x6a770e93) x29 0x000006a7
core   0: 0x80003c22 (0x0000100f) fence.i
core   0: 0 0x80003c22 (0x0000100f)
core   0: 0x80003c26 (0x03c80c33) mul     s8, a6, t3
core   0: 0 0x80003c26 (0x03c80c33) x24 0xffffcd58
core   0: 0x80003c2a (0x021e86b3) mul     a3, t4, ra
core   0: 0 0x80003c2a (0x021e86b3) x13 0x00000000
core   0: 0x80003c2e (0x00000001) c.nop
core   0: 0 0x80003c2e (0x0001)
core   0: 0x80003c30 (0x00009a7d) c.andi  a2, -1
core   0: 0 0x80003c30 (0x9a7d) x12 0x03ffffff
core   0: 0x80003c32 (0x000087ea) c.mv    a5, s10
core   0: 0 0x80003c32 (0x87ea) x15 0x00000000
core   0: 0x80003c34 (0xc1e06d13) ori     s10, zero, -994
core   0: 0 0x80003c34 (0xc1e06d13) x26 0xfffffc1e
core   0: 0x80003c38 (0x00449533) sll     a0, s1, tp
core   0: 0 0x80003c38 (0x00449533) x10 0x00000002
core   0: 0x80003c3c (0x37093813) sltiu   a6, s2, 880
core   0: 0 0x80003c3c (0x37093813) x16 0x00000000
core   0: 0x80003c40 (0x00004de1) c.li    s11, 24
core   0: 0 0x80003c40 (0x4de1) x27 0x00000018
core   0: 0x80003c42 (0x40a05733) sra     a4, zero, a0
core   0: 0 0x80003c42 (0x40a05733) x14 0x00000000
core   0: 0x80003c46 (0x02a61b63) bne     a2, a0, pc + 54
core   0: 0 0x80003c46 (0x02a61b63)
core   0: 0x80003c7c (0x00922db3) slt     s11, tp, s1
core   0: 0 0x80003c7c (0x00922db3) x27 0x00000000
core   0: 0x80003c80 (0x02cac6b3) div     a3, s5, a2
core   0: 0 0x80003c80 (0x02cac6b3) x13 0x00000000
core   0: 0x80003c84 (0x5e75fa13) andi    s4, a1, 1511
core   0: 0 0x80003c84 (0x5e75fa13) x20 0x000005e6
core   0: 0x80003c88 (0x0000809d) c.srli  s1, 7
core   0: 0 0x80003c88 (0x809d) x9  0x00000000
core   0: 0x80003c8a (0x00441513) slli    a0, s0, 4
core   0: 0 0x80003c8a (0x00441513) x10 0x00000010
core   0: 0x80003c8e (0x00449893) slli    a7, s1, 4
core   0: 0 0x80003c8e (0x00449893) x17 0x00000000
core   0: 0x80003c92 (0x055dc463) blt     s11, s5, pc + 72
core   0: 0 0x80003c92 (0x055dc463)
core   0: 0x80003c96 (0x024e1bb3) mulh    s7, t3, tp
core   0: 0 0x80003c96 (0x024e1bb3) x23 0x00000000
core   0: 0x80003c9a (0x013d3033) sltu    zero, s10, s3
core   0: 0 0x80003c9a (0x013d3033)
core   0: 0x80003c9e (0x000089dd) c.andi  a1, 23
core   0: 0 0x80003c9e (0x89dd) x11 0x00000016
core   0: 0x80003ca0 (0x1d9f2293) slti    t0, t5, 473
core   0: 0 0x80003ca0 (0x1d9f2293) x5  0x00000001
core   0: 0x80003ca4 (0x40240eb3) sub     t4, s0, sp
core   0: 0 0x80003ca4 (0x40240eb3) x29 0x00000001
core   0: 0x80003ca8 (0x03f48233) mul     tp, s1, t6
core   0: 0 0x80003ca8 (0x03f48233) x4  0x00000000
core   0: 0x80003cac (0x002edb93) srli    s7, t4, 2
core   0: 0 0x80003cac (0x002edb93) x23 0x00000000
core   0: 0x80003cb0 (0x009df8b3) and     a7, s11, s1
core   0: 0 0x80003cb0 (0x009df8b3) x17 0x00000000
core   0: 0x80003cb4 (0xea433637) lui     a2, 0xea433
core   0: 0 0x80003cb4 (0xea433637) x12 0xea433000
core   0: 0x80003cb8 (0x00240a33) add     s4, s0, sp
core   0: 0 0x80003cb8 (0x00240a33) x20 0x00000001
core   0: 0x80003cbc (0x0000c609) c.beqz  a2, pc + 10
core   0: 0 0x80003cbc (0xc609)
core   0: 0x80003cbe (0x030c8017) auipc   zero, 0x30c8
core   0: 0 0x80003cbe (0x030c8017)
core   0: 0x80003cc2 (0x031011b3) mulh    gp, zero, a7
core   0: 0 0x80003cc2 (0x031011b3) x3  0x00000000
core   0: 0x80003cc6 (0x0135f363) bgeu    a1, s3, pc + 6
core   0: 0 0x80003cc6 (0x0135f363)
core   0: 0x80003cca (0x0000517d) c.li    sp, -1
core   0: 0 0x80003cca (0x517d) x2  0xffffffff
core   0: 0x80003ccc (0x011f01b3) add     gp, t5, a7
core   0: 0 0x80003ccc (0x011f01b3) x3  0x00000000
core   0: 0x80003cd0 (0x0290a5b3) mulhsu  a1, ra, s1
core   0: 0 0x80003cd0 (0x0290a5b3) x11 0x00000000
core   0: 0x80003cd4 (0x00001398) c.addi4spn a4, sp, 480
core   0: 0 0x80003cd4 (0x1398) x14 0x000001df
core   0: 0x80003cd6 (0x030b1263) bne     s6, a6, pc + 36
core   0: 0 0x80003cd6 (0x030b1263)
core   0: 0x80003cfa (0x0246d1b3) divu    gp, a3, tp
core   0: 0 0x80003cfa (0x0246d1b3) x3  0xffffffff
core   0: 0x80003cfe (0x00ab12b3) sll     t0, s6, a0
core   0: 0 0x80003cfe (0x00ab12b3) x5  0x00010000
core   0: 0x80003d02 (0x035d2433) mulhsu  s0, s10, s5
core   0: 0 0x80003d02 (0x035d2433) x8  0x00000000
core   0: 0x80003d06 (0x014a9893) slli    a7, s5, 20
core   0: 0 0x80003d06 (0x014a9893) x17 0x00000000
core   0: 0x80003d0a (0x00008f81) c.sub   a5, s0
core   0: 0 0x80003d0a (0x8f81) x15 0x00000000
core   0: 0x80003d0c (0x00000636) c.slli  a2, 13
core   0: 0 0x80003d0c (0x0636) x12 0x66000000
core   0: 0x80003d0e (0x00008dad) c.xor   a1, a1
core   0: 0 0x80003d0e (0x8dad) x11 0x00000000
core   0: 0x80003d10 (0x00000001) c.nop
core   0: 0 0x80003d10 (0x0001)
core   0: 0x80003d12 (0x0000cf9d) c.beqz  a5, pc + 62
core   0: 0 0x80003d12 (0xcf9d)
core   0: 0x80003d50 (0x024e2d33) mulhsu  s10, t3, tp
core   0: 0 0x80003d50 (0x024e2d33) x26 0x00000000
core   0: 0x80003d54 (0x95c74313) xori    t1, a4, -1700
core   0: 0 0x80003d54 (0x95c74313) x6  0xfffff883
core   0: 0x80003d58 (0x00009492) c.add   s1, tp
core   0: 0 0x80003d58 (0x9492) x9  0x00000000
core   0: 0x80003d5a (0x00006769) c.lui   a4, 0x1a
core   0: 0 0x80003d5a (0x6769) x14 0x0001a000
core   0: 0x80003d5c (0x00000566) c.slli  a0, 25
core   0: 0 0x80003d5c (0x0566) x10 0x20000000
core   0: 0x80003d5e (0x00008ecd) c.or    a3, a1
core   0: 0 0x80003d5e (0x8ecd) x13 0x00000000
core   0: 0x80003d60 (0x00006135) c.addi16sp sp, 352
core   0: 0 0x80003d60 (0x6135) x2  0x0000015f
core   0: 0x80003d62 (0x00000636) c.slli  a2, 13
core   0: 0 0x80003d62 (0x0636) x12 0x00000000
core   0: 0x80003d64 (0x0ff0000f) fence   iorw,iorw
core   0: 0 0x80003d64 (0x0ff0000f)
core   0: 0x80003d68 (0x0152e433) or      s0, t0, s5
core   0: 0 0x80003d68 (0x0152e433) x8  0x00010000
core   0: 0x80003d6c (0x0000ee91) c.bnez  a3, pc + 28
core   0: 0 0x80003d6c (0xee91)
core   0: 0x80003d6e (0x00000818) c.addi4spn a4, sp, 16
core   0: 0 0x80003d6e (0x0818) x14 0x0000016f
core   0: 0x80003d70 (0x0000c121) c.beqz  a0, pc + 64
core   0: 0 0x80003d70 (0xc121)
core   0: 0x80003d72 (0x00000f16) c.slli  t5, 5
core   0: 0 0x80003d72 (0x0f16) x30 0x00000000
core   0: 0x80003d74 (0x0000100f) fence.i
core   0: 0 0x80003d74 (0x0000100f)
core   0: 0x80003d78 (0x0245dbb3) divu    s7, a1, tp
core   0: 0 0x80003d78 (0x0245dbb3) x23 0xffffffff
core   0: 0x80003d7c (0x012d5a63) bge     s10, s2, pc + 20
core   0: 0 0x80003d7c (0x012d5a63)
core   0: 0x80003d90 (0x000096d6) c.add   a3, s5
core   0: 0 0x80003d90 (0x96d6) x13 0x00000000
core   0: 0x80003d92 (0x05a91463) bne     s2, s10, pc + 72
core   0: 0 0x80003d92 (0x05a91463)
core   0: 0x80003dda (0x01cad4b3) srl     s1, s5, t3
core   0: 0 0x80003dda (0x01cad4b3) x9  0x00000000
core   0: 0x80003dde (0x0000055a) c.slli  a0, 22
core   0: 0 0x80003dde (0x055a) x10 0x00000000
core   0: 0x80003de0 (0x6c8eef13) ori     t5, t4, 1736
core   0: 0 0x80003de0 (0x6c8eef13) x30 0x000006c9
core   0: 0x80003de4 (0x52e5be13) sltiu   t3, a1, 1326
core   0: 0 0x80003de4 (0x52e5be13) x28 0x00000001
core   0: 0x80003de8 (0x00006115) c.addi16sp sp, 288
core   0: 0 0x80003de8 (0x6115) x2  0x0000027f
core   0: 0x80003dea (0xde418d13) addi    s10, gp, -540
core   0: 0 0x80003dea (0xde418d13) x26 0xfffffde3
core   0: 0x80003dee (0x0067b7b3) sltu    a5, a5, t1
core   0: 0 0x80003dee (0x0067b7b3) x15 0x00000001
core   0: 0x80003df2 (0x02d26f33) rem     t5, tp, a3
core   0: 0 0x80003df2 (0x02d26f33) x30 0x00000000
core   0: 0x80003df6 (0x02209bb3) mulh    s7, ra, sp
core   0: 0 0x80003df6 (0x02209bb3) x23 0x00000000
core   0: 0x80003dfa (0x02b06a33) rem     s4, zero, a1
core   0: 0 0x80003dfa (0x02b06a33) x20 0x00000000
core   0: 0x80003dfe (0x0000893a) c.mv    s2, a4
core   0: 0 0x80003dfe (0x893a) x18 0x0000016f
core   0: 0x80003e00 (0x00a4d133) srl     sp, s1, a0
core   0: 0 0x80003e00 (0x00a4d133) x2  0x00000000
core   0: 0x80003e04 (0x0000c719) c.beqz  a4, pc + 14
core   0: 0 0x80003e04 (0xc719)
core   0: 0x80003e06 (0x00d855b3) srl     a1, a6, a3
core   0: 0 0x80003e06 (0x00d855b3) x11 0x00000000
core   0: 0x80003e0a (0x02003a33) mulhu   s4, zero, zero
core   0: 0 0x80003e0a (0x02003a33) x20 0x00000000
core   0: 0x80003e0e (0x01090563) beq     s2, a6, pc + 10
core   0: 0 0x80003e0e (0x01090563)
core   0: 0x80003e12 (0x00008595) c.srai  a1, 5
core   0: 0 0x80003e12 (0x8595) x11 0x00000000
core   0: 0x80003e14 (0x25223a13) sltiu   s4, tp, 594
core   0: 0 0x80003e14 (0x25223a13) x20 0x00000001
core   0: 0x80003e18 (0x00334963) blt     t1, gp, pc + 18
core   0: 0 0x80003e18 (0x00334963)
core   0: 0x80003e2a (0x01d4aab3) slt     s5, s1, t4
core   0: 0 0x80003e2a (0x01d4aab3) x21 0x00000001
core   0: 0x80003e2e (0x00000d9c) c.addi4spn a5, sp, 720
core   0: 0 0x80003e2e (0x0d9c) x15 0x000002d0
core   0: 0x80003e30 (0x03484f63) blt     a6, s4, pc + 62
core   0: 0 0x80003e30 (0x03484f63)
core   0: 0x80003e6e (0x00006385) c.lui   t2, 0x1
core   0: 0 0x80003e6e (0x6385) x7  0x00001000
core   0: 0x80003e70 (0x01a863b3) or      t2, a6, s10
core   0: 0 0x80003e70 (0x01a863b3) x7  0xfffffde3
core   0: 0x80003e74 (0x00008fed) c.and   a5, a1
core   0: 0 0x80003e74 (0x8fed) x15 0x00000000
core   0: 0x80003e76 (0x0000100f) fence.i
core   0: 0 0x80003e76 (0x0000100f)
core   0: 0x80003e7a (0x00008cdd) c.or    s1, a5
core   0: 0 0x80003e7a (0x8cdd) x9  0x00000000
core   0: 0x80003e7c (0x0000717d) c.addi16sp sp, -16
core   0: 0 0x80003e7c (0x717d) x2  0xfffffff0
core   0: 0x80003e7e (0x0031da63) bge     gp, gp, pc + 20
core   0: 0 0x80003e7e (0x0031da63)
core   0: 0x80003e92 (0x03efceb3) div     t4, t6, t5
core   0: 0 0x80003e92 (0x03efceb3) x29 0xffffffff
core   0: 0x80003e96 (0x00000998) c.addi4spn a4, sp, 208
core   0: 0 0x80003e96 (0x0998) x14 0x000000c0
core   0: 0x80003e98 (0x000017fd) c.addi  a5, -1
core   0: 0 0x80003e98 (0x17fd) x15 0xffffffff
core   0: 0x80003e9a (0x00008cc9) c.or    s1, a0
core   0: 0 0x80003e9a (0x8cc9) x9  0x00000000
core   0: 0x80003e9c (0x02d84e33) div     t3, a6, a3
core   0: 0 0x80003e9c (0x02d84e33) x28 0xffffffff
core   0: 0x80003ea0 (0x00000001) c.nop
core   0: 0 0x80003ea0 (0x0001)
core   0: 0x80003ea2 (0x0f21fe93) andi    t4, gp, 242
core   0: 0 0x80003ea2 (0x0f21fe93) x29 0x000000f2
core   0: 0x80003ea6 (0x0ff0000f) fence   iorw,iorw
core   0: 0 0x80003ea6 (0x0ff0000f)
core   0: 0x80003eaa (0x03031563) bne     t1, a6, pc + 42
core   0: 0 0x80003eaa (0x03031563)
core   0: 0x80003ed4 (0x02b02d33) mulhsu  s10, zero, a1
core   0: 0 0x80003ed4 (0x02b02d33) x26 0x00000000
core   0: 0x80003ed8 (0x00000001) c.nop
core   0: 0 0x80003ed8 (0x0001)
core   0: 0x80003eda (0x02d57eb3) remu    t4, a0, a3
core   0: 0 0x80003eda (0x02d57eb3) x29 0x00000000
core   0: 0x80003ede (0x018f3e33) sltu    t3, t5, s8
core   0: 0 0x80003ede (0x018f3e33) x28 0x00000001
core   0: 0x80003ee2 (0x02947733) remu    a4, s0, s1
core   0: 0 0x80003ee2 (0x02947733) x14 0x00010000
core   0: 0x80003ee6 (0x036424b3) mulhsu  s1, s0, s6
core   0: 0 0x80003ee6 (0x036424b3) x9  0x00000000
core   0: 0x80003eea (0x00efa933) slt     s2, t6, a4
core   0: 0 0x80003eea (0x00efa933) x18 0x00000001
core   0: 0x80003eee (0x41940933) sub     s2, s0, s9
core   0: 0 0x80003eee (0x41940933) x18 0x7ffea31c
core   0: 0x80003ef2 (0x7c2b8893) addi    a7, s7, 1986
core   0: 0 0x80003ef2 (0x7c2b8893) x17 0x000007c2
core   0: 0x80003ef6 (0x413d0033) sub     zero, s10, s3
core   0: 0 0x80003ef6 (0x413d0033)
core   0: 0x80003efa (0x0000ec15) c.bnez  s0, pc + 60
core   0: 0 0x80003efa (0xec15)
core   0: 0x80003f36 (0x58bdf013) andi    zero, s11, 1419
core   0: 0 0x80003f36 (0x58bdf013)
core   0: 0x80003f3a (0x0000e3b1) c.bnez  a5, pc + 68
core   0: 0 0x80003f3a (0xe3b1)
core   0: 0x80003f7e (0x03dd6363) bltu    s10, t4, pc + 38
core   0: 0 0x80003f7e (0x03dd6363)
core   0: 0x80003f82 (0x0000100f) fence.i
core   0: 0 0x80003f82 (0x0000100f)
core   0: 0x80003f86 (0x00ea5f33) srl     t5, s4, a4
core   0: 0 0x80003f86 (0x00ea5f33) x30 0x00000001
core   0: 0x80003f8a (0x04456563) bltu    a0, tp, pc + 74
core   0: 0 0x80003f8a (0x04456563)
core   0: 0x80003f8e (0x0000ee15) c.bnez  a2, pc + 60
core   0: 0 0x80003f8e (0xee15)
core   0: 0x80003f90 (0x0378a533) mulhsu  a0, a7, s7
core   0: 0 0x80003f90 (0x0378a533) x10 0x00000000
core   0: 0x80003f94 (0x0000100f) fence.i
core   0: 0 0x80003f94 (0x0000100f)
core   0: 0x80003f98 (0x4c212193) slti    gp, sp, 1218
core   0: 0 0x80003f98 (0x4c212193) x3  0x00000001
core   0: 0x80003f9c (0x03ee6db3) rem     s11, t3, t5
core   0: 0 0x80003f9c (0x03ee6db3) x27 0x00000000
core   0: 0x80003fa0 (0xe0e63737) lui     a4, 0xe0e63
core   0: 0 0x80003fa0 (0xe0e63737) x14 0xe0e63000
core   0: 0x80003fa4 (0x01da1863) bne     s4, t4, pc + 16
core   0: 0 0x80003fa4 (0x01da1863)
core   0: 0x80003fb4 (0x00009a56) c.add   s4, s5
core   0: 0 0x80003fb4 (0x9a56) x20 0x00000002
core   0: 0x80003fb6 (0x012518b3) sll     a7, a0, s2
core   0: 0 0x80003fb6 (0x012518b3) x17 0x00000000
core   0: 0x80003fba (0x85cf1897) auipc   a7, 0x85cf1
core   0: 0 0x80003fba (0x85cf1897) x17 0x05cf4fba
core   0: 0x80003fbe (0x018a9813) slli    a6, s5, 24
core   0: 0 0x80003fbe (0x018a9813) x16 0x01000000
core   0: 0x80003fc2 (0x03f25f63) bge     tp, t6, pc + 62
core   0: 0 0x80003fc2 (0x03f25f63)
core   0: 0x80003fc6 (0xa6880193) addi    gp, a6, -1432
core   0: 0 0x80003fc6 (0xa6880193) x3  0x00fffa68
core   0: 0x80003fca (0x0137f563) bgeu    a5, s3, pc + 10
core   0: 0 0x80003fca (0x0137f563)
core   0: 0x80003fd4 (0x0ff0000f) fence   iorw,iorw
core   0: 0 0x80003fd4 (0x0ff0000f)
core   0: 0x80003fd8 (0x029fdf63) bge     t6, s1, pc + 62
core   0: 0 0x80003fd8 (0x029fdf63)
core   0: 0x80004016 (0x030fa6b3) mulhsu  a3, t6, a6
core   0: 0 0x80004016 (0x030fa6b3) x13 0x00000000
core   0: 0x8000401a (0x01a15633) srl     a2, sp, s10
core   0: 0 0x8000401a (0x01a15633) x12 0xfffffff0
core   0: 0x8000401e (0x0000e199) c.bnez  a1, pc + 6
core   0: 0 0x8000401e (0xe199)
core   0: 0x80004020 (0x41b500b3) sub     ra, a0, s11
core   0: 0 0x80004020 (0x41b500b3) x1  0x00000000
core   0: 0x80004024 (0x01ba20b3) slt     ra, s4, s11
core   0: 0 0x80004024 (0x01ba20b3) x1  0x00000000
core   0: 0x80004028 (0x00000711) c.addi  a4, 4
core   0: 0 0x80004028 (0x0711) x14 0xe0e63004
core   0: 0x8000402a (0x0221b5b3) mulhu   a1, gp, sp
core   0: 0 0x8000402a (0x0221b5b3) x11 0x00fffa67
core   0: 0x8000402e (0x366a0293) addi    t0, s4, 870
core   0: 0 0x8000402e (0x366a0293) x5  0x00000368
core   0: 0x80004032 (0x02ac9433) mulh    s0, s9, a0
core   0: 0 0x80004032 (0x02ac9433) x8  0x00000000
core   0: 0x80004036 (0x0000100f) fence.i
core   0: 0 0x80004036 (0x0000100f)
core   0: 0x8000403a (0xecb63137) lui     sp, 0xecb63
core   0: 0 0x8000403a (0xecb63137) x2  0xecb63000
core   0: 0x8000403e (0x414f02b3) sub     t0, t5, s4
core   0: 0 0x8000403e (0x414f02b3) x5  0xffffffff
core   0: 0x80004042 (0x3c452a93) slti    s5, a0, 964
core   0: 0 0x80004042 (0x3c452a93) x21 0x00000001
core   0: 0x80004046 (0xd56bb013) sltiu   zero, s7, -682
core   0: 0 0x80004046 (0xd56bb013)
core   0: 0x8000404a (0x0357fe33) remu    t3, a5, s5
core   0: 0 0x8000404a (0x0357fe33) x28 0x00000000
core   0: 0x8000404e (0x02d8f7b3) remu    a5, a7, a3
core   0: 0 0x8000404e (0x02d8f7b3) x15 0x05cf4fba
core   0: 0x80004052 (0x0000eb99) c.bnez  a5, pc + 22
core   0: 0 0x80004052 (0xeb99)
core   0: 0x80004068 (0x00000d8a) c.slli  s11, 2
core   0: 0 0x80004068 (0x0d8a) x27 0x00000000
core   0: 0x8000406a (0x00001200) c.addi4spn s0, sp, 288
core   0: 0 0x8000406a (0x1200) x8  0xecb63120
core   0: 0x8000406c (0x03e51133) mulh    sp, a0, t5
core   0: 0 0x8000406c (0x03e51133) x2  0x00000000
core   0: 0x80004070 (0x408ad193) srai    gp, s5, 8
core   0: 0 0x80004070 (0x408ad193) x3  0x00000000
core   0: 0x80004074 (0x003b8d33) add     s10, s7, gp
core   0: 0 0x80004074 (0x003b8d33) x26 0x00000000
core   0: 0x80004078 (0x0030bdb3) sltu    s11, ra, gp
core   0: 0 0x80004078 (0x0030bdb3) x27 0x00000000
core   0: 0x8000407c (0x00fdda93) srli    s5, s11, 15
core   0: 0 0x8000407c (0x00fdda93) x21 0x00000000
core   0: 0x80004080 (0x00cb3733) sltu    a4, s6, a2
core   0: 0 0x80004080 (0x00cb3733) x14 0x00000001
core   0: 0x80004084 (0x00001c00) c.addi4spn s0, sp, 560
core   0: 0 0x80004084 (0x1c00) x8  0x00000230
core   0: 0x80004086 (0x9480e113) ori     sp, ra, -1720
core   0: 0 0x80004086 (0x9480e113) x2  0xfffff948
core   0: 0x8000408a (0x00000001) c.nop
core   0: 0 0x8000408a (0x0001)
core   0: 0x8000408c (0x41fe07b3) sub     a5, t3, t6
core   0: 0 0x8000408c (0x41fe07b3) x15 0xfffffff5
core   0: 0x80004090 (0x00fd9333) sll     t1, s11, a5
core   0: 0 0x80004090 (0x00fd9333) x6  0x00000000
core   0: 0x80004094 (0xe3bf3393) sltiu   t2, t5, -453
core   0: 0 0x80004094 (0xe3bf3393) x7  0x00000001
core   0: 0x80004098 (0x03f25633) divu    a2, tp, t6
core   0: 0 0x80004098 (0x03f25633) x12 0x00000000
core   0: 0x8000409c (0x000092e6) c.add   t0, s9
core   0: 0 0x8000409c (0x92e6) x5  0x80025ce3
core   0: 0x8000409e (0x00000001) c.nop
core   0: 0 0x8000409e (0x0001)
core   0: 0x800040a0 (0x00001c08) c.addi4spn a0, sp, 560
core   0: 0 0x800040a0 (0x1c08) x10 0xfffffb78
core   0: 0x800040a2 (0x03629eb3) mulh    t4, t0, s6
core   0: 0 0x800040a2 (0x03629eb3) x29 0xffffffff
core   0: 0x800040a6 (0x03142eb3) mulhsu  t4, s0, a7
core   0: 0 0x800040a6 (0x03142eb3) x29 0x0000000c
core   0: 0x800040aa (0x00008f99) c.sub   a5, a4
core   0: 0 0x800040aa (0x8f99) x15 0xfffffff4
core   0: 0x800040ac (0x0277f963) bgeu    a5, t2, pc + 50
core   0: 0 0x800040ac (0x0277f963)
core   0: 0x800040de (0x02c49933) mulh    s2, s1, a2
core   0: 0 0x800040de (0x02c49933) x18 0x00000000
core   0: 0x800040e2 (0x004c3c33) sltu    s8, s8, tp
core   0: 0 0x800040e2 (0x004c3c33) x24 0x00000000
core   0: 0x800040e6 (0x00008f25) c.xor   a4, s1
core   0: 0 0x800040e6 (0x8f25) x14 0x00000001
core   0: 0x800040e8 (0x01181193) slli    gp, a6, 17
core   0: 0 0x800040e8 (0x01181193) x3  0x00000000
core   0: 0x800040ec (0x03016b63) bltu    sp, a6, pc + 54
core   0: 0 0x800040ec (0x03016b63)
core   0: 0x800040f0 (0x0000e41d) c.bnez  s0, pc + 46
core   0: 0 0x800040f0 (0xe41d)
core   0: 0x8000411e (0x017668b3) or      a7, a2, s7
core   0: 0 0x8000411e (0x017668b3) x17 0x00000000
core   0: 0x80004122 (0x0266df33) divu    t5, a3, t1
core   0: 0 0x80004122 (0x0266df33) x30 0xffffffff
core   0: 0x80004126 (0x7fb30893) addi    a7, t1, 2043
core   0: 0 0x80004126 (0x7fb30893) x17 0x000007fb
core   0: 0x8000412a (0x00008599) c.srai  a1, 6
core   0: 0 0x8000412a (0x8599) x11 0x0003ffe9
core   0: 0x8000412c (0x00008ecd) c.or    a3, a1
core   0: 0 0x8000412c (0x8ecd) x13 0x0003ffe9
core   0: 0x8000412e (0x033af2b3) remu    t0, s5, s3
core   0: 0 0x8000412e (0x033af2b3) x5  0x00000000
core   0: 0x80004132 (0x171e2513) slti    a0, t3, 369
core   0: 0 0x80004132 (0x171e2513) x10 0x00000001
core   0: 0x80004136 (0x026afdb3) remu    s11, s5, t1
core   0: 0 0x80004136 (0x026afdb3) x27 0x00000000
core   0: 0x8000413a (0x01ec1263) bne     s8, t5, pc + 4
core   0: 0 0x8000413a (0x01ec1263)
core   0: 0x8000413e (0xf5767913) andi    s2, a2, -169
core   0: 0 0x8000413e (0xf5767913) x18 0x00000000
core   0: 0x80004142 (0x00008c71) c.and   s0, a2
core   0: 0 0x80004142 (0x8c71) x8  0x00000000
core   0: 0x80004144 (0x0074e5b3) or      a1, s1, t2
core   0: 0 0x80004144 (0x0074e5b3) x11 0x00000001
core   0: 0x80004148 (0x00006b3d) c.lui   s6, 0xf
core   0: 0 0x80004148 (0x6b3d) x22 0x0000f000
core   0: 0x8000414a (0x0169c563) blt     s3, s6, pc + 10
core   0: 0 0x8000414a (0x0169c563)
core   0: 0x80004154 (0x405e0033) sub     zero, t3, t0
core   0: 0 0x80004154 (0x405e0033)
core   0: 0x80004158 (0x00008e59) c.or    a2, a4
core   0: 0 0x80004158 (0x8e59) x12 0x00000001
core   0: 0x8000415a (0x03a5d533) divu    a0, a1, s10
core   0: 0 0x8000415a (0x03a5d533) x10 0xffffffff
core   0: 0x8000415e (0x01e8ebb3) or      s7, a7, t5
core   0: 0 0x8000415e (0x01e8ebb3) x23 0xffffffff
core   0: 0x80004162 (0x000014fd) c.addi  s1, -1
core   0: 0 0x80004162 (0x14fd) x9  0xffffffff
core   0: 0x80004164 (0x00005a7d) c.li    s4, -1
core   0: 0 0x80004164 (0x5a7d) x20 0xffffffff
core   0: 0x80004166 (0x0306dc63) bge     a3, a6, pc + 56
core   0: 0 0x80004166 (0x0306dc63)
core   0: 0x8000416a (0x01525733) srl     a4, tp, s5
core   0: 0 0x8000416a (0x01525733) x14 0x00000000
core   0: 0x8000416e (0x0000070e) c.slli  a4, 3
core   0: 0 0x8000416e (0x070e) x14 0x00000000
core   0: 0x80004170 (0x018bd0b3) srl     ra, s7, s8
core   0: 0 0x80004170 (0x018bd0b3) x1  0xffffffff
core   0: 0x80004174 (0x028b3233) mulhu   tp, s6, s0
core   0: 0 0x80004174 (0x028b3233) x4  0x00000000
core   0: 0x80004178 (0x03ca0a33) mul     s4, s4, t3
core   0: 0 0x80004178 (0x03ca0a33) x20 0x00000000
core   0: 0x8000417c (0x00008e3d) c.xor   a2, a5
core   0: 0 0x8000417c (0x8e3d) x12 0xfffffff5
core   0: 0x8000417e (0x000086a9) c.srai  a3, 10
core   0: 0 0x8000417e (0x86a9) x13 0x000000ff
core   0: 0x80004180 (0x0090d513) srli    a0, ra, 9
core   0: 0 0x80004180 (0x0090d513) x10 0x007fffff
core   0: 0x80004184 (0x000012fd) c.addi  t0, -1
core   0: 0 0x80004184 (0x12fd) x5  0xffffffff
core   0: 0x80004186 (0xe7013193) sltiu   gp, sp, -400
core   0: 0 0x80004186 (0xe7013193) x3  0x00000001
core   0: 0x8000418a (0x65007d13) andi    s10, zero, 1616
core   0: 0 0x8000418a (0x65007d13) x26 0x00000000
core   0: 0x8000418e (0x40ce5613) srai    a2, t3, 12
core   0: 0 0x8000418e (0x40ce5613) x12 0x00000000
core   0: 0x80004192 (0x04551663) bne     a0, t0, pc + 76
core   0: 0 0x80004192 (0x04551663)
core   0: 0x800041de (0x00000001) c.nop
core   0: 0 0x800041de (0x0001)
core   0: 0x800041e0 (0x0358adb3) mulhsu  s11, a7, s5
core   0: 0 0x800041e0 (0x0358adb3) x27 0x00000000
core   0: 0x800041e4 (0x0244fbb3) remu    s7, s1, tp
core   0: 0 0x800041e4 (0x0244fbb3) x23 0xffffffff
core   0: 0x800041e8 (0xee30e493) ori     s1, ra, -285
core   0: 0 0x800041e8 (0xee30e493) x9  0xffffffff
core   0: 0x800041ec (0x000083ba) c.mv    t2, a4
core   0: 0 0x800041ec (0x83ba) x7  0x00000000
core   0: 0x800041ee (0x00008e89) c.sub   a3, a0
core   0: 0 0x800041ee (0x8e89) x13 0xff800100
core   0: 0x800041f0 (0x3ae44d13) xori    s10, s0, 942
core   0: 0 0x800041f0 (0x3ae44d13) x26 0x000003ae
core   0: 0x800041f4 (0x004491b3) sll     gp, s1, tp
core   0: 0 0x800041f4 (0x004491b3) x3  0xffffffff
core   0: 0x800041f8 (0x0166a833) slt     a6, a3, s6
core   0: 0 0x800041f8 (0x0166a833) x16 0x00000001
core   0: 0x800041fc (0x00008f49) c.or    a4, a0
core   0: 0 0x800041fc (0x8f49) x14 0x007fffff
core   0: 0x800041fe (0x000014fd) c.addi  s1, -1
core   0: 0 0x800041fe (0x14fd) x9  0xfffffffe
core   0: 0x80004200 (0x011e1563) bne     t3, a7, pc + 10
core   0: 0 0x80004200 (0x011e1563)
core   0: 0x8000420a (0x030a8bb3) mul     s7, s5, a6
core   0: 0 0x8000420a (0x030a8bb3) x23 0x00000000
core   0: 0x8000420e (0x0211fab3) remu    s5, gp, ra
core   0: 0 0x8000420e (0x0211fab3) x21 0x00000000
core   0: 0x80004212 (0x051e1263) bne     t3, a7, pc + 68
core   0: 0 0x80004212 (0x051e1263)
core   0: 0x80004256 (0x01892633) slt     a2, s2, s8
core   0: 0 0x80004256 (0x01892633) x12 0x00000000
core   0: 0x8000425a (0x00b6ae33) slt     t3, a3, a1
core   0: 0 0x8000425a (0x00b6ae33) x28 0x00000001
core   0: 0x8000425e (0x0230cf63) blt     ra, gp, pc + 62
core   0: 0 0x8000425e (0x0230cf63)
core   0: 0x80004262 (0xe582a397) auipc   t2, 0xe582a
core   0: 0 0x80004262 (0xe582a397) x7  0x6582e262
core   0: 0x80004266 (0x00006825) c.lui   a6, 0x9
core   0: 0 0x80004266 (0x6825) x16 0x00009000
core   0: 0x80004268 (0x0000100f) fence.i
core   0: 0 0x80004268 (0x0000100f)
core   0: 0x8000426c (0xdbca4237) lui     tp, 0xdbca4
core   0: 0 0x8000426c (0xdbca4237) x4  0xdbca4000
core   0: 0x80004270 (0x0137a733) slt     a4, a5, s3
core   0: 0 0x80004270 (0x0137a733) x14 0x00000000
core   0: 0x80004274 (0x0000177d) c.addi  a4, -1
core   0: 0 0x80004274 (0x177d) x14 0xffffffff
core   0: 0x80004276 (0x0000c499) c.beqz  s1, pc + 14
core   0: 0 0x80004276 (0xc499)
core   0: 0x80004278 (0x00dcf663) bgeu    s9, a3, pc + 12
core   0: 0 0x80004278 (0x00dcf663)
core   0: 0x8000427c (0x00000f15) c.addi  t5, 5
core   0: 0 0x8000427c (0x0f15) x30 0x00000004
core   0: 0x8000427e (0x00001b7d) c.addi  s6, -1
core   0: 0 0x8000427e (0x1b7d) x22 0x0000efff
core   0: 0x80004280 (0x856e7613) andi    a2, t3, -1962
core   0: 0 0x80004280 (0x856e7613) x12 0x00000000
core   0: 0x80004284 (0x019f30b3) sltu    ra, t5, s9
core   0: 0 0x80004284 (0x019f30b3) x1  0x00000001
core   0: 0x80004288 (0x0064c763) blt     s1, t1, pc + 14
core   0: 0 0x80004288 (0x0064c763)
core   0: 0x80004296 (0x00000001) c.nop
core   0: 0 0x80004296 (0x0001)
core   0: 0x80004298 (0x005de0b3) or      ra, s11, t0
core   0: 0 0x80004298 (0x005de0b3) x1  0xffffffff
core   0: 0x8000429c (0x0068a5b3) slt     a1, a7, t1
core   0: 0 0x8000429c (0x0068a5b3) x11 0x00000000
core   0: 0x800042a0 (0x012aa5b3) slt     a1, s5, s2
core   0: 0 0x800042a0 (0x012aa5b3) x11 0x00000000
core   0: 0x800042a4 (0x00009bfd) c.andi  a5, -1
core   0: 0 0x800042a4 (0x9bfd) x15 0xfffffff4
core   0: 0x800042a6 (0x0099db33) srl     s6, s3, s1
core   0: 0 0x800042a6 (0x0099db33) x22 0x00000002
core   0: 0x800042aa (0x1b167513) andi    a0, a2, 433
core   0: 0 0x800042aa (0x1b167513) x10 0x00000000
core   0: 0x800042ae (0x00008549) c.srai  a0, 18
core   0: 0 0x800042ae (0x8549) x10 0x00000000
core   0: 0x800042b0 (0x3a3a4293) xori    t0, s4, 931
core   0: 0 0x800042b0 (0x3a3a4293) x5  0x000003a3
core   0: 0x800042b4 (0x41e20633) sub     a2, tp, t5
core   0: 0 0x800042b4 (0x41e20633) x12 0xdbca3ffc
core   0: 0x800042b8 (0x00009efa) c.add   t4, t5
core   0: 0 0x800042b8 (0x9efa) x29 0x00000010
core   0: 0x800042ba (0x00008fdd) c.or    a5, a5
core   0: 0 0x800042ba (0x8fdd) x15 0xfffffff4
core   0: 0x800042bc (0x003e1093) slli    ra, t3, 3
core   0: 0 0x800042bc (0x003e1093) x1  0x00000008
core   0: 0x800042c0 (0x01ab7633) and     a2, s6, s10
core   0: 0 0x800042c0 (0x01ab7633) x12 0x00000002
core   0: 0x800042c4 (0x00008cb5) c.xor   s1, a3
core   0: 0 0x800042c4 (0x8cb5) x9  0x007ffefe
core   0: 0x800042c6 (0x0352e533) rem     a0, t0, s5
core   0: 0 0x800042c6 (0x0352e533) x10 0x000003a3
core   0: 0x800042ca (0x01243433) sltu    s0, s0, s2
core   0: 0 0x800042ca (0x01243433) x8  0x00000000
core   0: 0x800042ce (0x03491bb3) mulh    s7, s2, s4
core   0: 0 0x800042ce (0x03491bb3) x23 0x00000000
core   0: 0x800042d2 (0x02ea7833) remu    a6, s4, a4
core   0: 0 0x800042d2 (0x02ea7833) x16 0x00000000
core   0: 0x800042d6 (0x00006151) c.addi16sp sp, 272
core   0: 0 0x800042d6 (0x6151) x2  0xfffffa58
core   0: 0x800042d8 (0x41d853b3) sra     t2, a6, t4
core   0: 0 0x800042d8 (0x41d853b3) x7  0x00000000
core   0: 0x800042dc (0x00000001) c.nop
core   0: 0 0x800042dc (0x0001)
core   0: 0x800042de (0xbefa25b7) lui     a1, 0xbefa2
core   0: 0 0x800042de (0xbefa25b7) x11 0xbefa2000
core   0: 0x800042e2 (0x0104ae33) slt     t3, s1, a6
core   0: 0 0x800042e2 (0x0104ae33) x28 0x00000000
core   0: 0x800042e6 (0x00006d75) c.lui   s10, 0x1d
core   0: 0 0x800042e6 (0x6d75) x26 0x0001d000
core   0: 0x800042e8 (0x00008e81) c.sub   a3, s0
core   0: 0 0x800042e8 (0x8e81) x13 0xff800100
core   0: 0x800042ea (0x00000001) c.nop
core   0: 0 0x800042ea (0x0001)
core   0: 0x800042ec (0x411056b3) sra     a3, zero, a7
core   0: 0 0x800042ec (0x411056b3) x13 0x00000000
core   0: 0x800042f0 (0x408a5513) srai    a0, s4, 8
core   0: 0 0x800042f0 (0x408a5513) x10 0x00000000
core   0: 0x800042f4 (0x036c8bb3) mul     s7, s9, s6
core   0: 0 0x800042f4 (0x036c8bb3) x23 0x0004b9c8
core   0: 0x800042f8 (0x02e944b3) div     s1, s2, a4
core   0: 0 0x800042f8 (0x02e944b3) x9  0x00000000
core   0: 0x800042fc (0x0000100f) fence.i
core   0: 0 0x800042fc (0x0000100f)
core   0: 0x80004300 (0x00000001) c.nop
core   0: 0 0x80004300 (0x0001)
core   0: 0x80004302 (0x009cc633) xor     a2, s9, s1
core   0: 0 0x80004302 (0x009cc633) x12 0x80025ce4
core   0: 0x80004306 (0x00000001) c.nop
core   0: 0 0x80004306 (0x0001)
core   0: 0x80004308 (0x032f5133) divu    sp, t5, s2
core   0: 0 0x80004308 (0x032f5133) x2  0xffffffff
core   0: 0x8000430c (0x00008199) c.srli  a1, 6
core   0: 0 0x8000430c (0x8199) x11 0x02fbe880
core   0: 0x8000430e (0x0baccd93) xori    s11, s9, 186
core   0: 0 0x8000430e (0x0baccd93) x27 0x80025c5e
core   0: 0x80004312 (0x00000001) c.nop
core   0: 0 0x80004312 (0x0001)
core   0: 0x80004314 (0x0086f463) bgeu    a3, s0, pc + 8
core   0: 0 0x80004314 (0x0086f463)
core   0: 0x8000431c (0xa4c8ae93) slti    t4, a7, -1460
core   0: 0 0x8000431c (0xa4c8ae93) x29 0x00000000
core   0: 0x80004320 (0x01b64563) blt     a2, s11, pc + 10
core   0: 0 0x80004320 (0x01b64563)
core   0: 0x80004324 (0x00008cd9) c.or    s1, a4
core   0: 0 0x80004324 (0x8cd9) x9  0xffffffff
core   0: 0x80004326 (0x001fc633) xor     a2, t6, ra
core   0: 0 0x80004326 (0x001fc633) x12 0x00000003
core   0: 0x8000432a (0x0000436d) c.li    t1, 27
core   0: 0 0x8000432a (0x436d) x6  0x0000001b
core   0: 0x8000432c (0x41635633) sra     a2, t1, s6
core   0: 0 0x8000432c (0x41635633) x12 0x00000006
core   0: 0x80004330 (0x00000ab2) c.slli  s5, 12
core   0: 0 0x80004330 (0x0ab2) x21 0x00000000
core   0: 0x80004332 (0x00008969) c.andi  a0, 26
core   0: 0 0x80004332 (0x8969) x10 0x00000000
core   0: 0x80004334 (0xe90d3a13) sltiu   s4, s10, -368
core   0: 0 0x80004334 (0xe90d3a13) x20 0x00000001
core   0: 0x80004338 (0x00006e21) c.lui   t3, 0x8
core   0: 0 0x80004338 (0x6e21) x28 0x00008000
core   0: 0x8000433a (0x02c79d63) bne     a5, a2, pc + 58
core   0: 0 0x8000433a (0x02c79d63)
core   0: 0x80004374 (0x01233e33) sltu    t3, t1, s2
core   0: 0 0x80004374 (0x01233e33) x28 0x00000000
core   0: 0x80004378 (0x02f8f633) remu    a2, a7, a5
core   0: 0 0x80004378 (0x02f8f633) x12 0x000007fb
core   0: 0x8000437c (0x31e7f037) lui     zero, 0x31e7f
core   0: 0 0x8000437c (0x31e7f037)
core   0: 0x80004380 (0x00000669) c.addi  a2, 26
core   0: 0 0x80004380 (0x0669) x12 0x00000815
core   0: 0x80004382 (0x0ff0000f) fence   iorw,iorw
core   0: 0 0x80004382 (0x0ff0000f)
core   0: 0x80004386 (0x00001084) c.addi4spn s1, sp, 96
core   0: 0 0x80004386 (0x1084) x9  0x0000005f
core   0: 0x80004388 (0x0050b033) sltu    zero, ra, t0
core   0: 0 0x80004388 (0x0050b033)
core   0: 0x8000438c (0x2e296d13) ori     s10, s2, 738
core   0: 0 0x8000438c (0x2e296d13) x26 0x000002e2
core   0: 0x80004390 (0x05a19063) bne     gp, s10, pc + 64
core   0: 0 0x80004390 (0x05a19063)
core   0: 0x800043d0 (0x02783633) mulhu   a2, a6, t2
core   0: 0 0x800043d0 (0x02783633) x12 0x00000000
core   0: 0x800043d4 (0x32dcc893) xori    a7, s9, 813
core   0: 0 0x800043d4 (0x32dcc893) x17 0x80025fc9
core   0: 0x800043d8 (0x003d9293) slli    t0, s11, 3
core   0: 0 0x800043d8 (0x003d9293) x5  0x0012e2f0
core   0: 0x800043dc (0x00000001) c.nop
core   0: 0 0x800043dc (0x0001)
core   0: 0x800043de (0x401ad933) sra     s2, s5, ra
core   0: 0 0x800043de (0x401ad933) x18 0x00000000
core   0: 0x800043e2 (0x407484b3) sub     s1, s1, t2
core   0: 0 0x800043e2 (0x407484b3) x9  0x0000005f
core   0: 0x800043e6 (0x00000001) c.nop
core   0: 0 0x800043e6 (0x0001)
core   0: 0x800043e8 (0xd6d0f837) lui     a6, 0xd6d0f
core   0: 0 0x800043e8 (0xd6d0f837) x16 0xd6d0f000
core   0: 0x800043ec (0x009a0433) add     s0, s4, s1
core   0: 0 0x800043ec (0x009a0433) x8  0x00000060
core   0: 0x800043f0 (0x01acd133) srl     sp, s9, s10
core   0: 0 0x800043f0 (0x01acd133) x2  0x20009739
core   0: 0x800043f4 (0x01c74663) blt     a4, t3, pc + 12
core   0: 0 0x800043f4 (0x01c74663)
core   0: 0x80004400 (0x00009c3a) c.add   s8, a4
core   0: 0 0x80004400 (0x9c3a) x24 0xffffffff
core   0: 0x80004402 (0x0000651d) c.lui   a0, 0x7
core   0: 0 0x80004402 (0x651d) x10 0x00007000
core   0: 0x80004404 (0x00009e72) c.add   t3, t3
core   0: 0 0x80004404 (0x9e72) x28 0x00000000
core   0: 0x80004406 (0x0000100f) fence.i
core   0: 0 0x80004406 (0x0000100f)
core   0: 0x8000440a (0x033868b3) rem     a7, a6, s3
core   0: 0 0x8000440a (0x033868b3) x17 0xd6d0f000
core   0: 0x8000440e (0x047bf163) bgeu    s7, t2, pc + 66
core   0: 0 0x8000440e (0x047bf163)
core   0: 0x80004450 (0x00b504b3) add     s1, a0, a1
core   0: 0 0x80004450 (0x00b504b3) x9  0x02fc5880
core   0: 0x80004454 (0x67747e93) andi    t4, s0, 1655
core   0: 0 0x80004454 (0x67747e93) x29 0x00000060
core   0: 0x80004458 (0x00008e9d) c.sub   a3, a5
core   0: 0 0x80004458 (0x8e9d) x13 0x0000000c
core   0: 0x8000445a (0x031aff33) remu    t5, s5, a7
core   0: 0 0x8000445a (0x031aff33) x30 0x00000000
core   0: 0x8000445e (0x2bc76593) ori     a1, a4, 700
core   0: 0 0x8000445e (0x2bc76593) x11 0xffffffff
core   0: 0x80004462 (0x00008c5d) c.or    s0, a5
core   0: 0 0x80004462 (0x8c5d) x8  0xfffffff4
core   0: 0x80004464 (0x0000458d) c.li    a1, 3
core   0: 0 0x80004464 (0x458d) x11 0x00000003
core   0: 0x80004466 (0x016a9613) slli    a2, s5, 22
core   0: 0 0x80004466 (0x016a9613) x12 0x00000000
core   0: 0x8000446a (0x0372c533) div     a0, t0, s7
core   0: 0 0x8000446a (0x0372c533) x10 0x00000003
core   0: 0x8000446e (0xe73b2213) slti    tp, s6, -397
core   0: 0 0x8000446e (0xe73b2213) x4  0x00000000
core   0: 0x80004472 (0x0000100f) fence.i
core   0: 0 0x80004472 (0x0000100f)
core   0: 0x80004476 (0x008adeb3) srl     t4, s5, s0
core   0: 0 0x80004476 (0x008adeb3) x29 0x00000000
core   0: 0x8000447a (0x0184fbb3) and     s7, s1, s8
core   0: 0 0x8000447a (0x0184fbb3) x23 0x02fc5880
core   0: 0x8000447e (0x000081fd) c.srli  a1, 31
core   0: 0 0x8000447e (0x81fd) x11 0x00000000
core   0: 0x80004480 (0x02596db3) rem     s11, s2, t0
core   0: 0 0x80004480 (0x02596db3) x27 0x00000000
core   0: 0x80004484 (0x01606533) or      a0, zero, s6
core   0: 0 0x80004484 (0x01606533) x10 0x00000002
core   0: 0x80004488 (0x0000841e) c.mv    s0, t2
core   0: 0 0x80004488 (0x841e) x8  0x00000000
core   0: 0x8000448a (0xb4a82d13) slti    s10, a6, -1206
core   0: 0 0x8000448a (0xb4a82d13) x26 0x00000001
core   0: 0x8000448e (0x018f1593) slli    a1, t5, 24
core   0: 0 0x8000448e (0x018f1593) x11 0x00000000
core   0: 0x80004492 (0x409bd693) srai    a3, s7, 9
core   0: 0 0x80004492 (0x409bd693) x13 0x00017e2c
core   0: 0x80004496 (0x000051fd) c.li    gp, -1
core   0: 0 0x80004496 (0x51fd) x3  0xffffffff
core   0: 0x80004498 (0x00411133) sll     sp, sp, tp
core   0: 0 0x80004498 (0x00411133) x2  0x20009739
core   0: 0x8000449c (0x00ce1f63) bne     t3, a2, pc + 30
core   0: 0 0x8000449c (0x00ce1f63)
core   0: 0x800044a0 (0xa771ef17) auipc   t5, 0xa771e
core   0: 0 0x800044a0 (0xa771ef17) x30 0x277224a0
core   0: 0x800044a4 (0x049f7063) bgeu    t5, s1, pc + 64
core   0: 0 0x800044a4 (0x049f7063)
core   0: 0x800044e4 (0x0000e285) c.bnez  a3, pc + 32
core   0: 0 0x800044e4 (0xe285)
core   0: 0x80004504 (0x0313af33) mulhsu  t5, t2, a7
core   0: 0 0x80004504 (0x0313af33) x30 0x00000000
core   0: 0x80004508 (0x034de133) rem     sp, s11, s4
core   0: 0 0x80004508 (0x034de133) x2  0x00000000
core   0: 0x8000450c (0x739de393) ori     t2, s11, 1849
core   0: 0 0x8000450c (0x739de393) x7  0x00000739
core   0: 0x80004510 (0x0000091a) c.slli  s2, 6
core   0: 0 0x80004510 (0x091a) x18 0x00000000
core   0: 0x80004512 (0x0116b1b3) sltu    gp, a3, a7
core   0: 0 0x80004512 (0x0116b1b3) x3  0x00000001
core   0: 0x80004516 (0x00000001) c.nop
core   0: 0 0x80004516 (0x0001)
core   0: 0x80004518 (0x0291c633) div     a2, gp, s1
core   0: 0 0x80004518 (0x0291c633) x12 0x00000000
core   0: 0x8000451c (0x00000001) c.nop
core   0: 0 0x8000451c (0x0001)
core   0: 0x8000451e (0x4113db13) srai    s6, t2, 17
core   0: 0 0x8000451e (0x4113db13) x22 0x00000000
core   0: 0x80004522 (0x00008e1d) c.sub   a2, a5
core   0: 0 0x80004522 (0x8e1d) x12 0x0000000c
core   0: 0x80004524 (0x07573193) sltiu   gp, a4, 117
core   0: 0 0x80004524 (0x07573193) x3  0x00000000
core   0: 0x80004528 (0x84cd6093) ori     ra, s10, -1972
core   0: 0 0x80004528 (0x84cd6093) x1  0xfffff84d
core   0: 0x8000452c (0x0000100f) fence.i
core   0: 0 0x8000452c (0x0000100f)
core   0: 0x80004530 (0x00008151) c.srli  a0, 20
core   0: 0 0x80004530 (0x8151) x10 0x00000000
core   0: 0x80004532 (0x0000814e) c.mv    sp, s3
core   0: 0 0x80004532 (0x814e) x2  0x80021df8
core   0: 0x80004534 (0x00533333) sltu    t1, t1, t0
core   0: 0 0x80004534 (0x00533333) x6  0x00000001
core   0: 0x80004538 (0x01f9a933) slt     s2, s3, t6
core   0: 0 0x80004538 (0x01f9a933) x18 0x00000001
core   0: 0x8000453c (0x00000b84) c.addi4spn s1, sp, 464
core   0: 0 0x8000453c (0x0b84) x9  0x80021fc8
core   0: 0x8000453e (0x0143d493) srli    s1, t2, 20
core   0: 0 0x8000453e (0x0143d493) x9  0x00000000
core   0: 0x80004542 (0x03706a33) rem     s4, zero, s7
core   0: 0 0x80004542 (0x03706a33) x20 0x00000000
core   0: 0x80004546 (0x00001e7d) c.addi  t3, -1
core   0: 0 0x80004546 (0x1e7d) x28 0xffffffff
core   0: 0x80004548 (0x02647033) remu    zero, s0, t1
core   0: 0 0x80004548 (0x02647033)
core   0: 0x8000454c (0x00008846) c.mv    a6, a7
core   0: 0 0x8000454c (0x8846) x16 0xd6d0f000
core   0: 0x8000454e (0x00000001) c.nop
core   0: 0 0x8000454e (0x0001)
core   0: 0x80004550 (0x00f96a33) or      s4, s2, a5
core   0: 0 0x80004550 (0x00f96a33) x20 0xfffffff5
core   0: 0x80004554 (0x007f1933) sll     s2, t5, t2
core   0: 0 0x80004554 (0x007f1933) x18 0x00000000
core   0: 0x80004558 (0x000097b2) c.add   a5, a2
core   0: 0 0x80004558 (0x97b2) x15 0x00000000
core   0: 0x8000455a (0x01da35b3) sltu    a1, s4, t4
core   0: 0 0x8000455a (0x01da35b3) x11 0x00000000
core   0: 0x8000455e (0x03f8ad33) mulhsu  s10, a7, t6
core   0: 0 0x8000455e (0x03f8ad33) x26 0xfffffffe
core   0: 0x80004562 (0x00008f05) c.sub   a4, s1
core   0: 0 0x80004562 (0x8f05) x14 0xffffffff
core   0: 0x80004564 (0x4020d5b3) sra     a1, ra, sp
core   0: 0 0x80004564 (0x4020d5b3) x11 0xffffffff
core   0: 0x80004568 (0x0000987d) c.andi  s0, -1
core   0: 0 0x80004568 (0x987d) x8  0x00000000
core   0: 0x8000456a (0x00001d00) c.addi4spn s0, sp, 688
core   0: 0 0x8000456a (0x1d00) x8  0x800220a8
core   0: 0x8000456c (0x03492e33) mulhsu  t3, s2, s4
core   0: 0 0x8000456c (0x03492e33) x28 0x00000000
core   0: 0x80004570 (0x00bb7663) bgeu    s6, a1, pc + 12
core   0: 0 0x80004570 (0x00bb7663)
core   0: 0x80004574 (0xb61d2613) slti    a2, s10, -1183
core   0: 0 0x80004574 (0xb61d2613) x12 0x00000000
core   0: 0x80004578 (0xb33abd13) sltiu   s10, s5, -1229
core   0: 0 0x80004578 (0xb33abd13) x26 0x00000001
core   0: 0x8000457c (0xd1e67493) andi    s1, a2, -738
core   0: 0 0x8000457c (0xd1e67493) x9  0x00000000
core   0: 0x80004580 (0x00008edd) c.or    a3, a5
core   0: 0 0x80004580 (0x8edd) x13 0x00017e2c
core   0: 0x80004582 (0xce994db7) lui     s11, 0xce994
core   0: 0 0x80004582 (0xce994db7) x27 0xce994000
core   0: 0x80004586 (0x02014833) div     a6, sp, zero
core   0: 0 0x80004586 (0x02014833) x16 0xffffffff
core   0: 0x8000458a (0x00004a89) c.li    s5, 2
core   0: 0 0x8000458a (0x4a89) x21 0x00000002
core   0: 0x8000458c (0x03b180b3) mul     ra, gp, s11
core   0: 0 0x8000458c (0x03b180b3) x1  0x00000000
core   0: 0x80004590 (0x37584913) xori    s2, a6, 885
core   0: 0 0x80004590 (0x37584913) x18 0xfffffc8a
core   0: 0x80004594 (0x01153933) sltu    s2, a0, a7
core   0: 0 0x80004594 (0x01153933) x18 0x00000001
core   0: 0x80004598 (0x01a66db3) or      s11, a2, s10
core   0: 0 0x80004598 (0x01a66db3) x27 0x00000001
core   0: 0x8000459c (0x0000c209) c.beqz  a2, pc + 2
core   0: 0 0x8000459c (0xc209)
core   0: 0x8000459e (0x00b755b3) srl     a1, a4, a1
core   0: 0 0x8000459e (0x00b755b3) x11 0x00000001
core   0: 0x800045a2 (0x0000ea89) c.bnez  a3, pc + 18
core   0: 0 0x800045a2 (0xea89)
core   0: 0x800045b4 (0x020e5633) divu    a2, t3, zero
core   0: 0 0x800045b4 (0x020e5633) x12 0xffffffff
core   0: 0x800045b8 (0x0000869d) c.srai  a3, 7
core   0: 0 0x800045b8 (0x869d) x13 0x000002fc
core   0: 0x800045ba (0x400801b3) sub     gp, a6, zero
core   0: 0 0x800045ba (0x400801b3) x3  0xffffffff
core   0: 0x800045be (0x000088aa) c.mv    a7, a0
core   0: 0 0x800045be (0x88aa) x17 0x00000000
core   0: 0x800045c0 (0x0ff0000f) fence   iorw,iorw
core   0: 0 0x800045c0 (0x0ff0000f)
core   0: 0x800045c4 (0x00d46863) bltu    s0, a3, pc + 16
core   0: 0 0x800045c4 (0x00d46863)
core   0: 0x800045c8 (0x07d58113) addi    sp, a1, 125
core   0: 0 0x800045c8 (0x07d58113) x2  0x0000007e
core   0: 0x800045cc (0x0191a5b3) slt     a1, gp, s9
core   0: 0 0x800045cc (0x0191a5b3) x11 0x00000000
core   0: 0x800045d0 (0x40892f13) slti    t5, s2, 1032
core   0: 0 0x800045d0 (0x40892f13) x30 0x00000001
core   0: 0x800045d4 (0x41320e33) sub     t3, tp, s3
core   0: 0 0x800045d4 (0x41320e33) x28 0x7ffde208
core   0: 0x800045d8 (0x4099d933) sra     s2, s3, s1
core   0: 0 0x800045d8 (0x4099d933) x18 0x80021df8
core   0: 0x800045dc (0x8b310593) addi    a1, sp, -1869
core   0: 0 0x800045dc (0x8b310593) x11 0xfffff931
core   0: 0x800045e0 (0x004f9133) sll     sp, t6, tp
core   0: 0 0x800045e0 (0x004f9133) x2  0x0000000b
core   0: 0x800045e4 (0x00008d8d) c.sub   a1, a1
core   0: 0 0x800045e4 (0x8d8d) x11 0x00000000
core   0: 0x800045e6 (0x00b12633) slt     a2, sp, a1
core   0: 0 0x800045e6 (0x00b12633) x12 0x00000000
core   0: 0x800045ea (0x000af363) bgeu    s5, zero, pc + 6
core   0: 0 0x800045ea (0x000af363)
core   0: 0x800045f0 (0x01c91f33) sll     t5, s2, t3
core   0: 0 0x800045f0 (0x01c91f33) x30 0x021df800
core   0: 0x800045f4 (0x00801f33) sll     t5, zero, s0
core   0: 0 0x800045f4 (0x00801f33) x30 0x00000000
core   0: 0x800045f8 (0x03ec90b3) mulh    ra, s9, t5
core   0: 0 0x800045f8 (0x03ec90b3) x1  0x00000000
core   0: 0x800045fc (0x00000001) c.nop
core   0: 0 0x800045fc (0x0001)
core   0: 0x800045fe (0x00009af2) c.add   s5, t3
core   0: 0 0x800045fe (0x9af2) x21 0x7ffde20a
core   0: 0x80004600 (0x00989633) sll     a2, a7, s1
core   0: 0 0x80004600 (0x00989633) x12 0x00000000
core   0: 0x80004604 (0x02ba85b3) mul     a1, s5, a1
core   0: 0 0x80004604 (0x02ba85b3) x11 0x00000000
core   0: 0x80004608 (0x00678eb3) add     t4, a5, t1
core   0: 0 0x80004608 (0x00678eb3) x29 0x00000001
core   0: 0x8000460c (0x00008d6a) c.mv    s10, s10
core   0: 0 0x8000460c (0x8d6a) x26 0x00000001
core   0: 0x8000460e (0x04bf4263) blt     t5, a1, pc + 68
core   0: 0 0x8000460e (0x04bf4263)
core   0: 0x80004612 (0x0000100f) fence.i
core   0: 0 0x80004612 (0x0000100f)
core   0: 0x80004616 (0x962b7913) andi    s2, s6, -1694
core   0: 0 0x80004616 (0x962b7913) x18 0x00000000
core   0: 0x8000461a (0x007a1f13) slli    t5, s4, 7
core   0: 0 0x8000461a (0x007a1f13) x30 0xfffffa80
core   0: 0x8000461e (0x414f83b3) sub     t2, t6, s4
core   0: 0 0x8000461e (0x414f83b3) x7  0x00000016
core   0: 0x80004622 (0x00008e25) c.xor   a2, s1
core   0: 0 0x80004622 (0x8e25) x12 0x00000000
core   0: 0x80004624 (0x00006e39) c.lui   t3, 0xe
core   0: 0 0x80004624 (0x6e39) x28 0x0000e000
core   0: 0x80004626 (0x00008d1e) c.mv    s10, t2
core   0: 0 0x80004626 (0x8d1e) x26 0x00000016
core   0: 0x80004628 (0x40fadab3) sra     s5, s5, a5
core   0: 0 0x80004628 (0x40fadab3) x21 0x7ffde20a
core   0: 0x8000462c (0x025666b3) rem     a3, a2, t0
core   0: 0 0x8000462c (0x025666b3) x13 0x00000000
core   0: 0x80004630 (0x00bc5633) srl     a2, s8, a1
core   0: 0 0x80004630 (0x00bc5633) x12 0xffffffff
core   0: 0x80004634 (0x00008d1e) c.mv    s10, t2
core   0: 0 0x80004634 (0x8d1e) x26 0x00000016
core   0: 0x80004636 (0x0000e01d) c.bnez  s0, pc + 38
core   0: 0 0x80004636 (0xe01d)
core   0: 0x8000465c (0x9d70ed93) ori     s11, ra, -1577
core   0: 0 0x8000465c (0x9d70ed93) x27 0xfffff9d7
core   0: 0x80004660 (0x02924933) div     s2, tp, s1
core   0: 0 0x80004660 (0x02924933) x18 0xffffffff
core   0: 0x80004664 (0x013e9b63) bne     t4, s3, pc + 22
core   0: 0 0x80004664 (0x013e9b63)
core   0: 0x8000467a (0x00008099) c.srli  s1, 6
core   0: 0 0x8000467a (0x8099) x9  0x00000000
core   0: 0x8000467c (0x0000eb9d) c.bnez  a5, pc + 54
core   0: 0 0x8000467c (0xeb9d)
core   0: 0x8000467e (0x0436b613) sltiu   a2, a3, 67
core   0: 0 0x8000467e (0x0436b613) x12 0x00000001
core   0: 0x80004682 (0x018b9db3) sll     s11, s7, s8
core   0: 0 0x80004682 (0x018b9db3) x27 0x00000000
core   0: 0x80004686 (0x03160e33) mul     t3, a2, a7
core   0: 0 0x80004686 (0x03160e33) x28 0x00000000
core   0: 0x8000468a (0xfb0b3737) lui     a4, 0xfb0b3
core   0: 0 0x8000468a (0xfb0b3737) x14 0xfb0b3000
core   0: 0x8000468e (0x00008fd1) c.or    a5, a2
core   0: 0 0x8000468e (0x8fd1) x15 0x00000001
core   0: 0x80004690 (0x00008925) c.andi  a0, 9
core   0: 0 0x80004690 (0x8925) x10 0x00000000
core   0: 0x80004692 (0x0058af33) slt     t5, a7, t0
core   0: 0 0x80004692 (0x0058af33) x30 0x00000001
core   0: 0x80004696 (0x0000100f) fence.i
core   0: 0 0x80004696 (0x0000100f)
core   0: 0x8000469a (0x0000c399) c.beqz  a5, pc + 6
core   0: 0 0x8000469a (0xc399)
core   0: 0x8000469c (0x008462b3) or      t0, s0, s0
core   0: 0 0x8000469c (0x008462b3) x5  0x800220a8
core   0: 0x800046a0 (0x000002f2) c.slli  t0, 28
core   0: 0 0x800046a0 (0x02f2) x5  0x80000000
core   0: 0x800046a2 (0x00001d18) c.addi4spn a4, sp, 688
core   0: 0 0x800046a2 (0x1d18) x14 0x000002bb
core   0: 0x800046a4 (0x00008f31) c.xor   a4, a2
core   0: 0 0x800046a4 (0x8f31) x14 0x000002ba
core   0: 0x800046a6 (0x682b37b7) lui     a5, 0x682b3
core   0: 0 0x800046a6 (0x682b37b7) x15 0x682b3000
core   0: 0x800046aa (0x000052fd) c.li    t0, -1
core   0: 0 0x800046aa (0x52fd) x5  0xffffffff
core   0: 0x800046ac (0x02735a63) bge     t1, t2, pc + 52
core   0: 0 0x800046ac (0x02735a63)
core   0: 0x800046b0 (0x0000091e) c.slli  s2, 7
core   0: 0 0x800046b0 (0x091e) x18 0xffffff80
core   0: 0x800046b2 (0x000085c9) c.srai  a1, 18
core   0: 0 0x800046b2 (0x85c9) x11 0x00000000
core   0: 0x800046b4 (0x4055d693) srai    a3, a1, 5
core   0: 0 0x800046b4 (0x4055d693) x13 0x00000000
core   0: 0x800046b8 (0x02533db3) mulhu   s11, t1, t0
core   0: 0 0x800046b8 (0x02533db3) x27 0x00000000
core   0: 0x800046bc (0x00001d7d) c.addi  s10, -1
core   0: 0 0x800046bc (0x1d7d) x26 0x00000015
core   0: 0x800046be (0x09dc2d13) slti    s10, s8, 157
core   0: 0 0x800046be (0x09dc2d13) x26 0x00000001
core   0: 0x800046c2 (0x00001a08) c.addi4spn a0, sp, 304
core   0: 0 0x800046c2 (0x1a08) x10 0x0000013b
core   0: 0x800046c4 (0x00008f49) c.or    a4, a0
core   0: 0 0x800046c4 (0x8f49) x14 0x000003bb
core   0: 0x800046c6 (0x8390c013) xori    zero, ra, -1991
core   0: 0 0x800046c6 (0x8390c013)
core   0: 0x800046ca (0x00008f4a) c.mv    t5, s2
core   0: 0 0x800046ca (0x8f4a) x30 0xffffff80
core   0: 0x800046cc (0x00000001) c.nop
core   0: 0 0x800046cc (0x0001)
core   0: 0x800046ce (0x022f26b3) mulhsu  a3, t5, sp
core   0: 0 0x800046ce (0x022f26b3) x13 0xffffffff
core   0: 0x800046d2 (0x0000825e) c.mv    tp, s7
core   0: 0 0x800046d2 (0x825e) x4  0x02fc5880
core   0: 0x800046d4 (0x01ebbc33) sltu    s8, s7, t5
core   0: 0 0x800046d4 (0x01ebbc33) x24 0x00000001
core   0: 0x800046d8 (0xdab90697) auipc   a3, 0xdab90
core   0: 0 0x800046d8 (0xdab90697) x13 0x5ab946d8
core   0: 0x800046dc (0xf81003b7) lui     t2, 0xf8100
core   0: 0 0x800046dc (0xf81003b7) x7  0xf8100000
core   0: 0x800046e0 (0x025c67b3) rem     a5, s8, t0
core   0: 0 0x800046e0 (0x025c67b3) x15 0x00000000
core   0: 0x800046e4 (0x00000bf6) c.slli  s7, 29
core   0: 0 0x800046e4 (0x0bf6) x23 0x00000000
core   0: 0x800046e6 (0x00009372) c.add   t1, t3
core   0: 0 0x800046e6 (0x9372) x6  0x00000001
core   0: 0x800046e8 (0x00008159) c.srli  a0, 22
core   0: 0 0x800046e8 (0x8159) x10 0x00000000
core   0: 0x800046ea (0xa7da3c13) sltiu   s8, s4, -1411
core   0: 0 0x800046ea (0xa7da3c13) x24 0x00000000
core   0: 0x800046ee (0x00000001) c.nop
core   0: 0 0x800046ee (0x0001)
core   0: 0x800046f0 (0x02520533) mul     a0, tp, t0
core   0: 0 0x800046f0 (0x02520533) x10 0xfd03a780
core   0: 0x800046f4 (0x0000717d) c.addi16sp sp, -16
core   0: 0 0x800046f4 (0x717d) x2  0xfffffffb
core   0: 0x800046f6 (0x00001580) c.addi4spn s0, sp, 736
core   0: 0 0x800046f6 (0x1580) x8  0x000002db
core   0: 0x800046f8 (0x02c8b333) mulhu   t1, a7, a2
core   0: 0 0x800046f8 (0x02c8b333) x6  0x00000000
core   0: 0x800046fc (0x0ff0000f) fence   iorw,iorw
core   0: 0 0x800046fc (0x0ff0000f)
core   0: 0x80004700 (0x000098fd) c.andi  s1, -1
core   0: 0 0x80004700 (0x98fd) x9  0x00000000
core   0: 0x80004702 (0x00000d91) c.addi  s11, 4
core   0: 0 0x80004702 (0x0d91) x27 0x00000004
core   0: 0x80004704 (0x010423b3) slt     t2, s0, a6
core   0: 0 0x80004704 (0x010423b3) x7  0x00000000
core   0: 0x80004708 (0x0ff0000f) fence   iorw,iorw
core   0: 0 0x80004708 (0x0ff0000f)
core   0: 0x8000470c (0x03f24f33) div     t5, tp, t6
core   0: 0 0x8000470c (0x03f24f33) x30 0x00457c68
core   0: 0x80004710 (0x034be033) rem     zero, s7, s4
core   0: 0 0x80004710 (0x034be033)
core   0: 0x80004714 (0x01230a33) add     s4, t1, s2
core   0: 0 0x80004714 (0x01230a33) x20 0xffffff80
core   0: 0x80004718 (0x00001f7d) c.addi  t5, -1
core   0: 0 0x80004718 (0x1f7d) x30 0x00457c67
core   0: 0x8000471a (0x01e96f33) or      t5, s2, t5
core   0: 0 0x8000471a (0x01e96f33) x30 0xffffffe7
core   0: 0x8000471e (0x0000614d) c.addi16sp sp, 176
core   0: 0 0x8000471e (0x614d) x2  0x000000ab
core   0: 0x80004720 (0x00d3f463) bgeu    t2, a3, pc + 8
core   0: 0 0x80004720 (0x00d3f463)
core   0: 0x80004724 (0x000082a9) c.srli  a3, 10
core   0: 0 0x80004724 (0x82a9) x13 0x0016ae51
core   0: 0x80004726 (0x0000ca1d) c.beqz  a2, pc + 54
core   0: 0 0x80004726 (0xca1d)
core   0: 0x80004728 (0x00008d89) c.sub   a1, a0
core   0: 0 0x80004728 (0x8d89) x11 0x02fc5880
core   0: 0x8000472a (0x00000e55) c.addi  t3, 21
core   0: 0 0x8000472a (0x0e55) x28 0x00000015
core   0: 0x8000472c (0x03ef6663) bltu    t5, t5, pc + 44
core   0: 0 0x8000472c (0x03ef6663)
core   0: 0x80004730 (0x00b85913) srli    s2, a6, 11
core   0: 0 0x80004730 (0x00b85913) x18 0x001fffff
core   0: 0x80004734 (0x026915b3) mulh    a1, s2, t1
core   0: 0 0x80004734 (0x026915b3) x11 0x00000000
core   0: 0x80004738 (0x000007b9) c.addi  a5, 14
core   0: 0 0x80004738 (0x07b9) x15 0x0000000e
core   0: 0x8000473a (0x0288bab3) mulhu   s5, a7, s0
core   0: 0 0x8000473a (0x0288bab3) x21 0x00000000
core   0: 0x8000473e (0xe9c34793) xori    a5, t1, -356
core   0: 0 0x8000473e (0xe9c34793) x15 0xfffffe9c
core   0: 0x80004742 (0x000065a1) c.lui   a1, 0x8
core   0: 0 0x80004742 (0x65a1) x11 0x00008000
core   0: 0x80004744 (0x02191b63) bne     s2, ra, pc + 54
core   0: 0 0x80004744 (0x02191b63)
core   0: 0x8000477a (0x40fcd113) srai    sp, s9, 15
core   0: 0 0x8000477a (0x40fcd113) x2  0xffff0004
core   0: 0x8000477e (0x00009a46) c.add   s4, a7
core   0: 0 0x8000477e (0x9a46) x20 0xffffff80
core   0: 0x80004780 (0x0000e711) c.bnez  a4, pc + 12
core   0: 0 0x80004780 (0xe711)
core   0: 0x8000478c (0x01dd7f33) and     t5, s10, t4
core   0: 0 0x8000478c (0x01dd7f33) x30 0x00000001
core   0: 0x80004790 (0xc691e493) ori     s1, gp, -919
core   0: 0 0x80004790 (0xc691e493) x9  0xffffffff
core   0: 0x80004794 (0x05a0c263) blt     ra, s10, pc + 68
core   0: 0 0x80004794 (0x05a0c263)
core   0: 0x800047d8 (0x01363a33) sltu    s4, a2, s3
core   0: 0 0x800047d8 (0x01363a33) x20 0x00000001
core   0: 0x800047dc (0x00008e45) c.or    a2, s1
core   0: 0 0x800047dc (0x8e45) x12 0xffffffff
core   0: 0x800047de (0x012e9763) bne     t4, s2, pc + 14
core   0: 0 0x800047de (0x012e9763)
core   0: 0x800047ec (0x00008ee1) c.and   a3, s0
core   0: 0 0x800047ec (0x8ee1) x13 0x00000251
core   0: 0x800047ee (0x00008152) c.mv    sp, s4
core   0: 0 0x800047ee (0x8152) x2  0x00000001
core   0: 0x800047f0 (0x00000001) c.nop
core   0: 0 0x800047f0 (0x0001)
core   0: 0x800047f2 (0x02d2d833) divu    a6, t0, a3
core   0: 0 0x800047f2 (0x02d2d833) x16 0x006e8419
core   0: 0x800047f6 (0x7028a493) slti    s1, a7, 1794
core   0: 0 0x800047f6 (0x7028a493) x9  0x00000001
core   0: 0x800047fa (0x0ff0000f) fence   iorw,iorw
core   0: 0 0x800047fa (0x0ff0000f)
core   0: 0x800047fe (0x00a4d033) srl     zero, s1, a0
core   0: 0 0x800047fe (0x00a4d033)
core   0: 0x80004802 (0x62443317) auipc   t1, 0x62443
core   0: 0 0x80004802 (0x62443317) x6  0xe2447802
core   0: 0x80004806 (0x011c9093) slli    ra, s9, 17
core   0: 0 0x80004806 (0x011c9093) x1  0xb9c80000
core   0: 0x8000480a (0x00000001) c.nop
core   0: 0 0x8000480a (0x0001)
core   0: 0x8000480c (0x016b77b3) and     a5, s6, s6
core   0: 0 0x8000480c (0x016b77b3) x15 0x00000000
core   0: 0x80004810 (0x04081063) bnez    a6, pc + 64
core   0: 0 0x80004810 (0x04081063)
core   0: 0x80004850 (0x00000001) c.nop
core   0: 0 0x80004850 (0x0001)
core   0: 0x80004852 (0x0000ef09) c.bnez  a4, pc + 26
core   0: 0 0x80004852 (0xef09)
core   0: 0x8000486c (0x00c5d713) srli    a4, a1, 12
core   0: 0 0x8000486c (0x00c5d713) x14 0x00000008
core   0: 0x80004870 (0x03c41533) mulh    a0, s0, t3
core   0: 0 0x80004870 (0x03c41533) x10 0x00000000
core   0: 0x80004874 (0x0000641d) c.lui   s0, 0x7
core   0: 0 0x80004874 (0x641d) x8  0x00007000
core   0: 0x80004876 (0x0000049c) c.addi4spn a5, sp, 576
core   0: 0 0x80004876 (0x049c) x15 0x00000241
core   0: 0x80004878 (0x010dff63) bgeu    s11, a6, pc + 30
core   0: 0 0x80004878 (0x010dff63)
core   0: 0x8000487c (0x00008c65) c.and   s0, s1
core   0: 0 0x8000487c (0x8c65) x8  0x00000000
core   0: 0x8000487e (0x0672b693) sltiu   a3, t0, 103
core   0: 0 0x8000487e (0x0672b693) x13 0x00000000
core   0: 0x80004882 (0x00000001) c.nop
core   0: 0 0x80004882 (0x0001)
core   0: 0x80004884 (0x029fa733) mulhsu  a4, t6, s1
core   0: 0 0x80004884 (0x029fa733) x14 0x00000000
core   0: 0x80004888 (0x9b562593) slti    a1, a2, -1611
core   0: 0 0x80004888 (0x9b562593) x11 0x00000000
core   0: 0x8000488c (0x0244b133) mulhu   sp, s1, tp
core   0: 0 0x8000488c (0x0244b133) x2  0x00000000
core   0: 0x80004890 (0x03024433) div     s0, tp, a6
core   0: 0 0x80004890 (0x03024433) x8  0x00000006
core   0: 0x80004894 (0x0000717d) c.addi16sp sp, -16
core   0: 0 0x80004894 (0x717d) x2  0xfffffff0
core   0: 0x80004896 (0x05f11363) bne     sp, t6, pc + 70
core   0: 0 0x80004896 (0x05f11363)
core   0: 0x800048dc (0x00008d52) c.mv    s10, s4
core   0: 0 0x800048dc (0x8d52) x26 0x00000001
core   0: 0x800048de (0x7c479717) auipc   a4, 0x7c479
core   0: 0 0x800048de (0x7c479717) x14 0xfc47d8de
core   0: 0x800048e2 (0x00008f71) c.and   a4, a2
core   0: 0 0x800048e2 (0x8f71) x14 0xfc47d8de
core   0: 0x800048e4 (0x00000001) c.nop
core   0: 0 0x800048e4 (0x0001)
core   0: 0x800048e6 (0x0000100f) fence.i
core   0: 0 0x800048e6 (0x0000100f)
core   0: 0x800048ea (0x013c61b3) or      gp, s8, s3
core   0: 0 0x800048ea (0x013c61b3) x3  0x80021df8
core   0: 0x800048ee (0x40435f33) sra     t5, t1, tp
core   0: 0 0x800048ee (0x40435f33) x30 0xe2447802
core   0: 0x800048f2 (0x01c45d93) srli    s11, s0, 28
core   0: 0 0x800048f2 (0x01c45d93) x27 0x00000000
core   0: 0x800048f6 (0x01595733) srl     a4, s2, s5
core   0: 0 0x800048f6 (0x01595733) x14 0x001fffff
core   0: 0x800048fa (0x00006131) c.addi16sp sp, 320
core   0: 0 0x800048fa (0x6131) x2  0x00000130
core   0: 0x800048fc (0x41a10c33) sub     s8, sp, s10
core   0: 0 0x800048fc (0x41a10c33) x24 0x0000012f
core   0: 0x80004900 (0x0000c98d) c.beqz  a1, pc + 50
core   0: 0 0x80004900 (0xc98d)
core   0: 0x80004932 (0x00008471) c.srai  s0, 28
core   0: 0 0x80004932 (0x8471) x8  0x00000000
core   0: 0x80004934 (0x02b925b3) mulhsu  a1, s2, a1
core   0: 0 0x80004934 (0x02b925b3) x11 0x00000000
core   0: 0x80004938 (0x05e49163) bne     s1, t5, pc + 66
core   0: 0 0x80004938 (0x05e49163)
core   0: 0x8000497a (0x008c8c33) add     s8, s9, s0
core   0: 0 0x8000497a (0x008c8c33) x24 0x80025ce4
core   0: 0x8000497e (0x00000118) c.addi4spn a4, sp, 128
core   0: 0 0x8000497e (0x0118) x14 0x000001b0
core   0: 0x80004980 (0x034c0333) mul     t1, s8, s4
core   0: 0 0x80004980 (0x034c0333) x6  0x80025ce4
core   0: 0x80004984 (0x003997b3) sll     a5, s3, gp
core   0: 0 0x80004984 (0x003997b3) x15 0xf8000000
core   0: 0x80004988 (0x0000c319) c.beqz  a4, pc + 6
core   0: 0 0x80004988 (0xc319)
core   0: 0x8000498a (0x0078d2b3) srl     t0, a7, t2
core   0: 0 0x8000498a (0x0078d2b3) x5  0x00000000
core   0: 0x8000498e (0x00000c4e) c.slli  s8, 19
core   0: 0 0x8000498e (0x0c4e) x24 0xe7200000
core   0: 0x80004990 (0x00000ee5) c.addi  t4, 25
core   0: 0 0x80004990 (0x0ee5) x29 0x0000001a
core   0: 0x80004992 (0x036f53b3) divu    t2, t5, s6
core   0: 0 0x80004992 (0x036f53b3) x7  0xffffffff
core   0: 0x80004996 (0x000082ca) c.mv    t0, s2
core   0: 0 0x80004996 (0x82ca) x5  0x001fffff
core   0: 0x80004998 (0x02809233) mulh    tp, ra, s0
core   0: 0 0x80004998 (0x02809233) x4  0x00000000
core   0: 0x8000499c (0x008f8563) beq     t6, s0, pc + 10
core   0: 0 0x8000499c (0x008f8563)
core   0: 0x800049a0 (0x00000a26) c.slli  s4, 9
core   0: 0 0x800049a0 (0x0a26) x20 0x00000200
core   0: 0x800049a2 (0x00283bb3) sltu    s7, a6, sp
core   0: 0 0x800049a2 (0x00283bb3) x23 0x00000000
core   0: 0x800049a6 (0x0000910e) c.add   sp, gp
core   0: 0 0x800049a6 (0x910e) x2  0x80021f28
core   0: 0x800049a8 (0x037a9933) mulh    s2, s5, s7
core   0: 0 0x800049a8 (0x037a9933) x18 0x00000000
core   0: 0x800049ac (0x03658533) mul     a0, a1, s6
core   0: 0 0x800049ac (0x03658533) x10 0x00000000
core   0: 0x800049b0 (0x0000c095) c.beqz  s1, pc + 36
core   0: 0 0x800049b0 (0xc095)
core   0: 0x800049b2 (0x0000ca81) c.beqz  a3, pc + 16
core   0: 0 0x800049b2 (0xca81)
core   0: 0x800049c2 (0x00d61663) bne     a2, a3, pc + 12
core   0: 0 0x800049c2 (0x00d61663)
core   0: 0x800049ce (0x016a38b3) sltu    a7, s4, s6
core   0: 0 0x800049ce (0x016a38b3) x17 0x00000000
core   0: 0x800049d2 (0x00008e1d) c.sub   a2, a5
core   0: 0 0x800049d2 (0x8e1d) x12 0x07ffffff
core   0: 0x800049d4 (0xb0ea45b7) lui     a1, 0xb0ea4
core   0: 0 0x800049d4 (0xb0ea45b7) x11 0xb0ea4000
core   0: 0x800049d8 (0x016fc0b3) xor     ra, t6, s6
core   0: 0 0x800049d8 (0x016fc0b3) x1  0x0000000b
core   0: 0x800049dc (0x39162893) slti    a7, a2, 913
core   0: 0 0x800049dc (0x39162893) x17 0x00000000
core   0: 0x800049e0 (0x000083f5) c.srli  a5, 29
core   0: 0 0x800049e0 (0x83f5) x15 0x00000007
core   0: 0x800049e2 (0x015c2333) slt     t1, s8, s5
core   0: 0 0x800049e2 (0x015c2333) x6  0x00000001
core   0: 0x800049e6 (0x016e5f63) bge     t3, s6, pc + 30
core   0: 0 0x800049e6 (0x016e5f63)
core   0: 0x80004a04 (0x0325fe33) remu    t3, a1, s2
core   0: 0 0x80004a04 (0x0325fe33) x28 0xb0ea4000
core   0: 0x80004a08 (0x0000c519) c.beqz  a0, pc + 14
core   0: 0 0x80004a08 (0xc519)
core   0: 0x80004a16 (0x019f1d13) slli    s10, t5, 25
core   0: 0 0x80004a16 (0x019f1d13) x26 0x04000000
core   0: 0x80004a1a (0x0232f4b3) remu    s1, t0, gp
core   0: 0 0x80004a1a (0x0232f4b3) x9  0x001fffff
core   0: 0x80004a1e (0x039ae363) bltu    s5, s9, pc + 38
core   0: 0 0x80004a1e (0x039ae363)
core   0: 0x80004a44 (0x72ba8213) addi    tp, s5, 1835
core   0: 0 0x80004a44 (0x72ba8213) x4  0x0000072b
core   0: 0x80004a48 (0x00000001) c.nop
core   0: 0 0x80004a48 (0x0001)
core   0: 0x80004a4a (0x00004b9d) c.li    s7, 7
core   0: 0 0x80004a4a (0x4b9d) x23 0x00000007
core   0: 0x80004a4c (0x0000023e) c.slli  tp, 15
core   0: 0 0x80004a4c (0x023e) x4  0x03958000
core   0: 0x80004a4e (0x03c85db3) divu    s11, a6, t3
core   0: 0 0x80004a4e (0x03c85db3) x27 0x00000000
core   0: 0x80004a52 (0x000010fd) c.addi  ra, -1
core   0: 0 0x80004a52 (0x10fd) x1  0x0000000a
core   0: 0x80004a54 (0x015ce463) bltu    s9, s5, pc + 8
core   0: 0 0x80004a54 (0x015ce463)
core   0: 0x80004a58 (0x0000e391) c.bnez  a5, pc + 4
core   0: 0 0x80004a58 (0xe391)
core   0: 0x80004a5c (0x00cd67b3) or      a5, s10, a2
core   0: 0 0x80004a5c (0x00cd67b3) x15 0x07ffffff
core   0: 0x80004a60 (0x02a75a63) bge     a4, a0, pc + 52
core   0: 0 0x80004a60 (0x02a75a63)
core   0: 0x80004a94 (0x036cddb3) divu    s11, s9, s6
core   0: 0 0x80004a94 (0x036cddb3) x27 0xffffffff
core   0: 0x80004a98 (0x017382b3) add     t0, t2, s7
core   0: 0 0x80004a98 (0x017382b3) x5  0x00000006
core   0: 0x80004a9c (0x01f19033) sll     zero, gp, t6
core   0: 0 0x80004a9c (0x01f19033)
core   0: 0x80004aa0 (0x528ba713) slti    a4, s7, 1320
core   0: 0 0x80004aa0 (0x528ba713) x14 0x00000001
core   0: 0x80004aa4 (0x037e78b3) remu    a7, t3, s7
core   0: 0 0x80004aa4 (0x037e78b3) x17 0x00000004
core   0: 0x80004aa8 (0x0000c215) c.beqz  a2, pc + 36
core   0: 0 0x80004aa8 (0xc215)
core   0: 0x80004aaa (0x03f2e763) bltu    t0, t6, pc + 46
core   0: 0 0x80004aaa (0x03f2e763)
core   0: 0x80004ad8 (0x00008eb1) c.xor   a3, a2
core   0: 0 0x80004ad8 (0x8eb1) x13 0x07ffffff
core   0: 0x80004ada (0x00008d99) c.sub   a1, a4
core   0: 0 0x80004ada (0x8d99) x11 0xb0ea3fff
core   0: 0x80004adc (0x0315fe33) remu    t3, a1, a7
core   0: 0 0x80004adc (0x0315fe33) x28 0x00000003
core   0: 0x80004ae0 (0x40ca07b3) sub     a5, s4, a2
core   0: 0 0x80004ae0 (0x40ca07b3) x15 0xf8000201
core   0: 0x80004ae4 (0xb0a78693) addi    a3, a5, -1270
core   0: 0 0x80004ae4 (0xb0a78693) x13 0xf7fffd0b
core   0: 0x80004ae8 (0x01cbdd33) srl     s10, s7, t3
core   0: 0 0x80004ae8 (0x01cbdd33) x26 0x00000000
core   0: 0x80004aec (0x0000049e) c.slli  s1, 7
core   0: 0 0x80004aec (0x049e) x9  0x0fffff80
core   0: 0x80004aee (0x01a8a5b3) slt     a1, a7, s10
core   0: 0 0x80004aee (0x01a8a5b3) x11 0x00000000
core   0: 0x80004af2 (0x00008d41) c.or    a0, s0
core   0: 0 0x80004af2 (0x8d41) x10 0x00000000
core   0: 0x80004af4 (0x02087e63) bgeu    a6, zero, pc + 60
core   0: 0 0x80004af4 (0x02087e63)
core   0: 0x80004b30 (0xa9d26db7) lui     s11, 0xa9d26
core   0: 0 0x80004b30 (0xa9d26db7) x27 0xa9d26000
core   0: 0x80004b34 (0x00008599) c.srai  a1, 6
core   0: 0 0x80004b34 (0x8599) x11 0x00000000
core   0: 0x80004b36 (0x0000e489) c.bnez  s1, pc + 10
core   0: 0 0x80004b36 (0xe489)
core   0: 0x80004b40 (0x00000001) c.nop
core   0: 0 0x80004b40 (0x0001)
core   0: 0x80004b42 (0x00008ea1) c.xor   a3, s0
core   0: 0 0x80004b42 (0x8ea1) x13 0xf7fffd0b
core   0: 0x80004b44 (0x00000001) c.nop
core   0: 0 0x80004b44 (0x0001)
core   0: 0x80004b46 (0x01149db3) sll     s11, s1, a7
core   0: 0 0x80004b46 (0x01149db3) x27 0xfffff800
core   0: 0x80004b4a (0x03d053b3) divu    t2, zero, t4
core   0: 0 0x80004b4a (0x03d053b3) x7  0x00000000
core   0: 0x80004b4e (0x00df1ab3) sll     s5, t5, a3
core   0: 0 0x80004b4e (0x00df1ab3) x21 0x23c01000
core   0: 0x80004b52 (0x00008a79) c.andi  a2, 30
core   0: 0 0x80004b52 (0x8a79) x12 0x0000001e
core   0: 0x80004b54 (0x00008f0d) c.sub   a4, a1
core   0: 0 0x80004b54 (0x8f0d) x14 0x00000001
core   0: 0x80004b56 (0x00000001) c.nop
core   0: 0 0x80004b56 (0x0001)
core   0: 0x80004b58 (0x0000c509) c.beqz  a0, pc + 10
core   0: 0 0x80004b58 (0xc509)
core   0: 0x80004b62 (0x0017adb3) slt     s11, a5, ra
core   0: 0 0x80004b62 (0x0017adb3) x27 0x00000001
core   0: 0x80004b66 (0x00008da1) c.xor   a1, s0
core   0: 0 0x80004b66 (0x8da1) x11 0x00000000
core   0: 0x80004b68 (0x00008d25) c.xor   a0, s1
core   0: 0 0x80004b68 (0x8d25) x10 0x0fffff80
core   0: 0x80004b6a (0x015e6863) bltu    t3, s5, pc + 16
core   0: 0 0x80004b6a (0x015e6863)
core   0: 0x80004b7a (0x000087f9) c.srai  a5, 30
core   0: 0 0x80004b7a (0x87f9) x15 0xffffffff
core   0: 0x80004b7c (0x00008225) c.srli  a2, 9
core   0: 0 0x80004b7c (0x8225) x12 0x00000000
core   0: 0x80004b7e (0x04305163) bge     zero, gp, pc + 66
core   0: 0 0x80004b7e (0x04305163)
core   0: 0x80004bc0 (0x003ea5b3) slt     a1, t4, gp
core   0: 0 0x80004bc0 (0x003ea5b3) x11 0x00000000
core   0: 0x80004bc4 (0x034e4133) div     sp, t3, s4
core   0: 0 0x80004bc4 (0x034e4133) x2  0x00000000
core   0: 0x80004bc8 (0x01f79563) bne     a5, t6, pc + 10
core   0: 0 0x80004bc8 (0x01f79563)
core   0: 0x80004bd2 (0x0000177d) c.addi  a4, -1
core   0: 0 0x80004bd2 (0x177d) x14 0x00000000
core   0: 0x80004bd4 (0x9ea44e13) xori    t3, s0, -1558
core   0: 0 0x80004bd4 (0x9ea44e13) x28 0xfffff9ea
core   0: 0x80004bd8 (0x01039e13) slli    t3, t2, 16
core   0: 0 0x80004bd8 (0x01039e13) x28 0x00000000
core   0: 0x80004bdc (0x00008a71) c.andi  a2, 28
core   0: 0 0x80004bdc (0x8a71) x12 0x00000000
core   0: 0x80004bde (0x036fb3b3) mulhu   t2, t6, s6
core   0: 0 0x80004bde (0x036fb3b3) x7  0x00000000
core   0: 0x80004be2 (0x00008d51) c.or    a0, a2
core   0: 0 0x80004be2 (0x8d51) x10 0x0fffff80
core   0: 0x80004be4 (0x009c8e33) add     t3, s9, s1
core   0: 0 0x80004be4 (0x009c8e33) x28 0x90025c64
core   0: 0x80004be8 (0x00791033) sll     zero, s2, t2
core   0: 0 0x80004be8 (0x00791033)
core   0: 0x80004bec (0x014efc33) and     s8, t4, s4
core   0: 0 0x80004bec (0x014efc33) x24 0x00000000
core   0: 0x80004bf0 (0x000052fd) c.li    t0, -1
core   0: 0 0x80004bf0 (0x52fd) x5  0xffffffff
core   0: 0x80004bf2 (0x00009646) c.add   a2, a7
core   0: 0 0x80004bf2 (0x9646) x12 0x00000004
core   0: 0x80004bf4 (0x01f023b3) slt     t2, zero, t6
core   0: 0 0x80004bf4 (0x01f023b3) x7  0x00000001
core   0: 0x80004bf8 (0x000015fd) c.addi  a1, -1
core   0: 0 0x80004bf8 (0x15fd) x11 0xffffffff
core   0: 0x80004bfa (0x00008ee9) c.and   a3, a0
core   0: 0 0x80004bfa (0x8ee9) x13 0x07fffd00
core   0: 0x80004bfc (0x00008cd5) c.or    s1, a3
core   0: 0 0x80004bfc (0x8cd5) x9  0x0fffff80
core   0: 0x80004bfe (0x00008e99) c.sub   a3, a4
core   0: 0 0x80004bfe (0x8e99) x13 0x07fffd00
core   0: 0x80004c00 (0x0000717d) c.addi16sp sp, -16
core   0: 0 0x80004c00 (0x717d) x2  0xfffffff0
core   0: 0x80004c02 (0x02af9533) mulh    a0, t6, a0
core   0: 0 0x80004c02 (0x02af9533) x10 0x00000000
core   0: 0x80004c06 (0x0ff0000f) fence   iorw,iorw
core   0: 0 0x80004c06 (0x0ff0000f)
core   0: 0x80004c0a (0x411ada33) sra     s4, s5, a7
core   0: 0 0x80004c0a (0x411ada33) x20 0x023c0100
core   0: 0x80004c0e (0x0ff0000f) fence   iorw,iorw
core   0: 0 0x80004c0e (0x0ff0000f)
core   0: 0x80004c12 (0x00f25713) srli    a4, tp, 15
core   0: 0 0x80004c12 (0x00f25713) x14 0x0000072b
core   0: 0x80004c16 (0x00000001) c.nop
core   0: 0 0x80004c16 (0x0001)
core   0: 0x80004c18 (0x00352bb3) slt     s7, a0, gp
core   0: 0 0x80004c18 (0x00352bb3) x23 0x00000000
core   0: 0x80004c1c (0x00006f51) c.lui   t5, 0x14
core   0: 0 0x80004c1c (0x6f51) x30 0x00014000
core   0: 0x80004c1e (0x0000086a) c.slli  a6, 26
core   0: 0 0x80004c1e (0x086a) x16 0x64000000
core   0: 0x80004c20 (0x40518e33) sub     t3, gp, t0
core   0: 0 0x80004c20 (0x40518e33) x28 0x80021df9
core   0: 0x80004c24 (0x000048fd) c.li    a7, 31
core   0: 0 0x80004c24 (0x48fd) x17 0x0000001f
core   0: 0x80004c26 (0x03fa6a93) ori     s5, s4, 63
core   0: 0 0x80004c26 (0x03fa6a93) x21 0x023c013f
core   0: 0x80004c2a (0x00008325) c.srli  a4, 9
core   0: 0 0x80004c2a (0x8325) x14 0x00000003
core   0: 0x80004c2c (0x00001804) c.addi4spn s1, sp, 48
core   0: 0 0x80004c2c (0x1804) x9  0x00000020
core   0: 0x80004c2e (0x026c2bb3) mulhsu  s7, s8, t1
core   0: 0 0x80004c2e (0x026c2bb3) x23 0x00000000
core   0: 0x80004c32 (0x000080da) c.mv    ra, s6
core   0: 0 0x80004c32 (0x80da) x1  0x00000000
core   0: 0x80004c34 (0x01b7d593) srli    a1, a5, 27
core   0: 0 0x80004c34 (0x01b7d593) x11 0x0000001f
core   0: 0x80004c38 (0x00000d26) c.slli  s10, 9
core   0: 0 0x80004c38 (0x0d26) x26 0x00000000
core   0: 0x80004c3a (0x00008da5) c.xor   a1, s1
core   0: 0 0x80004c3a (0x8da5) x11 0x0000003f
core   0: 0x80004c3c (0x7b478493) addi    s1, a5, 1972
core   0: 0 0x80004c3c (0x7b478493) x9  0x000007b3
core   0: 0x80004c40 (0x0000717d) c.addi16sp sp, -16
core   0: 0 0x80004c40 (0x717d) x2  0xffffffe0
core   0: 0x80004c42 (0x02959933) mulh    s2, a1, s1
core   0: 0 0x80004c42 (0x02959933) x18 0x00000000
core   0: 0x80004c46 (0x03f3a933) mulhsu  s2, t2, t6
core   0: 0 0x80004c46 (0x03f3a933) x18 0x00000000
core   0: 0x80004c4a (0x038944b3) div     s1, s2, s8
core   0: 0 0x80004c4a (0x038944b3) x9  0xffffffff
core   0: 0x80004c4e (0x40bcd8b3) sra     a7, s9, a1
core   0: 0 0x80004c4e (0x40bcd8b3) x17 0xffffffff
core   0: 0x80004c52 (0x0000ef15) c.bnez  a4, pc + 60
core   0: 0 0x80004c52 (0xef15)
core   0: 0x80004c8e (0x00005a7d) c.li    s4, -1
core   0: 0 0x80004c8e (0x5a7d) x20 0xffffffff
core   0: 0x80004c90 (0x02a2ca63) blt     t0, a0, pc + 52
core   0: 0 0x80004c90 (0x02a2ca63)
core   0: 0x80004cc4 (0x00008a4d) c.andi  a2, 19
core   0: 0 0x80004cc4 (0x8a4d) x12 0x00000000
core   0: 0x80004cc6 (0x00008779) c.srai  a4, 30
core   0: 0 0x80004cc6 (0x8779) x14 0x00000000
core   0: 0x80004cc8 (0x027c5b33) divu    s6, s8, t2
core   0: 0 0x80004cc8 (0x027c5b33) x22 0x00000000
core   0: 0x80004ccc (0x8b556917) auipc   s2, 0x8b556
core   0: 0 0x80004ccc (0x8b556917) x18 0x0b55accc
core   0: 0x80004cd0 (0x03aec963) blt     t4, s10, pc + 50
core   0: 0 0x80004cd0 (0x03aec963)
core   0: 0x80004cd4 (0x00006b31) c.lui   s6, 0xc
core   0: 0 0x80004cd4 (0x6b31) x22 0x0000c000
core   0: 0x80004cd6 (0xc6123a13) sltiu   s4, tp, -927
core   0: 0 0x80004cd6 (0xc6123a13) x20 0x00000001
core   0: 0x80004cda (0x03a66263) bltu    a2, s10, pc + 36
core   0: 0 0x80004cda (0x03a66263)
core   0: 0x80004cde (0x000091aa) c.add   gp, a0
core   0: 0 0x80004cde (0x91aa) x3  0x80021df8
core   0: 0x80004ce0 (0x000fe0b3) or      ra, t6, zero
core   0: 0 0x80004ce0 (0x000fe0b3) x1  0x0000000b
core   0: 0x80004ce4 (0x00008c85) c.sub   s1, s1
core   0: 0 0x80004ce4 (0x8c85) x9  0x00000000
core   0: 0x80004ce6 (0x0000851d) c.srai  a0, 7
core   0: 0 0x80004ce6 (0x851d) x10 0x00000000
core   0: 0x80004ce8 (0x00008aa6) c.mv    s5, s1
core   0: 0 0x80004ce8 (0x8aa6) x21 0x00000000
core   0: 0x80004cea (0x0000c701) c.beqz  a4, pc + 8
core   0: 0 0x80004cea (0xc701)
core   0: 0x80004cf2 (0x01348ab3) add     s5, s1, s3
core   0: 0 0x80004cf2 (0x01348ab3) x21 0x80021df8
core   0: 0x80004cf6 (0x0000e591) c.bnez  a1, pc + 12
core   0: 0 0x80004cf6 (0xe591)
core   0: 0x80004d02 (0x00000c65) c.addi  s8, 25
core   0: 0 0x80004d02 (0x0c65) x24 0x00000019
core   0: 0x80004d04 (0x000083b1) c.srli  a5, 12
core   0: 0 0x80004d04 (0x83b1) x15 0x000fffff
core   0: 0x80004d06 (0x01f3bb33) sltu    s6, t2, t6
core   0: 0 0x80004d06 (0x01f3bb33) x22 0x00000001
core   0: 0x80004d0a (0x000085a5) c.srai  a1, 9
core   0: 0 0x80004d0a (0x85a5) x11 0x00000000
core   0: 0x80004d0c (0x0c26c793) xori    a5, a3, 194
core   0: 0 0x80004d0c (0x0c26c793) x15 0x07fffdc2
core   0: 0x80004d10 (0x00000001) c.nop
core   0: 0 0x80004d10 (0x0001)
core   0: 0x80004d12 (0x37346193) ori     gp, s0, 883
core   0: 0 0x80004d12 (0x37346193) x3  0x00000373
core   0: 0x80004d16 (0x0000e985) c.bnez  a1, pc + 48
core   0: 0 0x80004d16 (0xe985)
core   0: 0x80004d18 (0x02915eb3) divu    t4, sp, s1
core   0: 0 0x80004d18 (0x02915eb3) x29 0xffffffff
core   0: 0x80004d1c (0x01285db3) srl     s11, a6, s2
core   0: 0 0x80004d1c (0x01285db3) x27 0x00064000
core   0: 0x80004d20 (0x0044d633) srl     a2, s1, tp
core   0: 0 0x80004d20 (0x0044d633) x12 0x00000000
core   0: 0x80004d24 (0x05370463) beq     a4, s3, pc + 72
core   0: 0 0x80004d24 (0x05370463)
core   0: 0x80004d28 (0x00291793) slli    a5, s2, 2
core   0: 0 0x80004d28 (0x00291793) x15 0x2d56b330
core   0: 0x80004d2c (0x00006611) c.lui   a2, 0x4
core   0: 0 0x80004d2c (0x6611) x12 0x00004000
core   0: 0x80004d2e (0x013f4533) xor     a0, t5, s3
core   0: 0 0x80004d2e (0x013f4533) x10 0x80035df8
core   0: 0x80004d32 (0xd3626737) lui     a4, 0xd3626
core   0: 0 0x80004d32 (0xd3626737) x14 0xd3626000
core   0: 0x80004d36 (0x01fe0863) beq     t3, t6, pc + 16
core   0: 0 0x80004d36 (0x01fe0863)
core   0: 0x80004d3a (0xce9cad13) slti    s10, s9, -791
core   0: 0 0x80004d3a (0xce9cad13) x26 0x00000001
core   0: 0x80004d3e (0xfc2ee737) lui     a4, 0xfc2ee
core   0: 0 0x80004d3e (0xfc2ee737) x14 0xfc2ee000
core   0: 0x80004d42 (0x4050d433) sra     s0, ra, t0
core   0: 0 0x80004d42 (0x4050d433) x8  0x00000000
core   0: 0x80004d46 (0xdc96bd13) sltiu   s10, a3, -567
core   0: 0 0x80004d46 (0xdc96bd13) x26 0x00000001
core   0: 0x80004d4a (0x033f6333) rem     t1, t5, s3
core   0: 0 0x80004d4a (0x033f6333) x6  0x00014000
core   0: 0x80004d4e (0x039e94b3) mulh    s1, t4, s9
core   0: 0 0x80004d4e (0x039e94b3) x9  0x00000000
core   0: 0x80004d52 (0xb9287013) andi    zero, a6, -1134
core   0: 0 0x80004d52 (0xb9287013)
core   0: 0x80004d56 (0x00fec563) blt     t4, a5, pc + 10
core   0: 0 0x80004d56 (0x00fec563)
core   0: 0x80004d60 (0xb077c293) xori    t0, a5, -1273
core   0: 0 0x80004d60 (0xb077c293) x5  0xd2a94837
core   0: 0x80004d64 (0x00008d0d) c.sub   a0, a1
core   0: 0 0x80004d64 (0x8d0d) x10 0x80035df8
core   0: 0x80004d66 (0x00008ead) c.xor   a3, a1
core   0: 0 0x80004d66 (0x8ead) x13 0x07fffd00
core   0: 0x80004d68 (0x01299413) slli    s0, s3, 18
core   0: 0 0x80004d68 (0x01299413) x8  0x77e00000
core   0: 0x80004d6c (0x00008a6d) c.andi  a2, 27
core   0: 0 0x80004d6c (0x8a6d) x12 0x00000000
core   0: 0x80004d6e (0x0000081a) c.slli  a6, 6
core   0: 0 0x80004d6e (0x081a) x16 0x00000000
core   0: 0x80004d70 (0x0053e7b3) or      a5, t2, t0
core   0: 0 0x80004d70 (0x0053e7b3) x15 0xd2a94837
core   0: 0x80004d74 (0x7f0a7d13) andi    s10, s4, 2032
core   0: 0 0x80004d74 (0x7f0a7d13) x26 0x00000000
core   0: 0x80004d78 (0x00008db5) c.xor   a1, a3
core   0: 0 0x80004d78 (0x8db5) x11 0x07fffd00
core   0: 0x80004d7a (0x00000001) c.nop
core   0: 0 0x80004d7a (0x0001)
core   0: 0x80004d7c (0xda786293) ori     t0, a6, -601
core   0: 0 0x80004d7c (0xda786293) x5  0xfffffda7
core   0: 0x80004d80 (0x00008cfd) c.and   s1, a5
core   0: 0 0x80004d80 (0x8cfd) x9  0x00000000
core   0: 0x80004d82 (0x0242ba33) mulhu   s4, t0, tp
core   0: 0 0x80004d82 (0x0242ba33) x20 0x03957ff7
core   0: 0x80004d86 (0x01e1b733) sltu    a4, gp, t5
core   0: 0 0x80004d86 (0x01e1b733) x14 0x00000001
core   0: 0x80004d8a (0x0000100f) fence.i
core   0: 0 0x80004d8a (0x0000100f)
core   0: 0x80004d8e (0x02f95ab3) divu    s5, s2, a5
core   0: 0 0x80004d8e (0x02f95ab3) x21 0x00000000
core   0: 0x80004d92 (0x0000c089) c.beqz  s1, pc + 2
core   0: 0 0x80004d92 (0xc089)
core   0: 0x80004d94 (0x0000527d) c.li    tp, -1
core   0: 0 0x80004d94 (0x527d) x4  0xffffffff
core   0: 0x80004d96 (0x000b3ab3) sltu    s5, s6, zero
core   0: 0 0x80004d96 (0x000b3ab3) x21 0x00000000
core   0: 0x80004d9a (0x025a4963) blt     s4, t0, pc + 50
core   0: 0 0x80004d9a (0x025a4963)
core   0: 0x80004d9e (0x009eaf33) slt     t5, t4, s1
core   0: 0 0x80004d9e (0x009eaf33) x30 0x00000001
core   0: 0x80004da2 (0x000091f2) c.add   gp, t3
core   0: 0 0x80004da2 (0x91f2) x3  0x8002216c
core   0: 0x80004da4 (0x0206d8b3) divu    a7, a3, zero
core   0: 0 0x80004da4 (0x0206d8b3) x17 0xffffffff
core   0: 0x80004da8 (0x00913933) sltu    s2, sp, s1
core   0: 0 0x80004da8 (0x00913933) x18 0x00000000
core   0: 0x80004dac (0x0000cb15) c.beqz  a4, pc + 52
core   0: 0 0x80004dac (0xcb15)
core   0: 0x80004dae (0x401fd7b3) sra     a5, t6, ra
core   0: 0 0x80004dae (0x401fd7b3) x15 0x00000000
core   0: 0x80004db2 (0x00383e33) sltu    t3, a6, gp
core   0: 0 0x80004db2 (0x00383e33) x28 0x00000001
core   0: 0x80004db6 (0xf3bea213) slti    tp, t4, -197
core   0: 0 0x80004db6 (0xf3bea213) x4  0x00000000
core   0: 0x80004dba (0x00008ce1) c.and   s1, s0
core   0: 0 0x80004dba (0x8ce1) x9  0x00000000
core   0: 0x80004dbc (0x00127863) bgeu    tp, ra, pc + 16
core   0: 0 0x80004dbc (0x00127863)
core   0: 0x80004dc0 (0x007b9d33) sll     s10, s7, t2
core   0: 0 0x80004dc0 (0x007b9d33) x26 0x00000000
core   0: 0x80004dc4 (0x017be963) bltu    s7, s7, pc + 18
core   0: 0 0x80004dc4 (0x017be963)
core   0: 0x80004dc8 (0x00004969) c.li    s2, 26
core   0: 0 0x80004dc8 (0x4969) x18 0x0000001a
core   0: 0x80004dca (0x0000ec99) c.bnez  s1, pc + 30
core   0: 0 0x80004dca (0xec99)
core   0: 0x80004dcc (0x00009bf2) c.add   s7, t3
core   0: 0 0x80004dcc (0x9bf2) x23 0x00000001
core   0: 0x80004dce (0x40c2d133) sra     sp, t0, a2
core   0: 0 0x80004dce (0x40c2d133) x2  0xfffffda7
core   0: 0x80004dd2 (0x00008469) c.srai  s0, 26
core   0: 0 0x80004dd2 (0x8469) x8  0x0000001d
core   0: 0x80004dd4 (0x00009bfd) c.andi  a5, -1
core   0: 0 0x80004dd4 (0x9bfd) x15 0x00000000
core   0: 0x80004dd6 (0x0000862d) c.srai  a2, 11
core   0: 0 0x80004dd6 (0x862d) x12 0x00000000
core   0: 0x80004dd8 (0x049cd463) bge     s9, s1, pc + 72
core   0: 0 0x80004dd8 (0x049cd463)
core   0: 0x80004ddc (0x50858693) addi    a3, a1, 1288
core   0: 0 0x80004ddc (0x50858693) x13 0x08000208
core   0: 0x80004de0 (0x01cf9eb3) sll     t4, t6, t3
core   0: 0 0x80004de0 (0x01cf9eb3) x29 0x00000016
core   0: 0x80004de4 (0x395be513) ori     a0, s7, 917
core   0: 0 0x80004de4 (0x395be513) x10 0x00000395
core   0: 0x80004de8 (0x67ddbe13) sltiu   t3, s11, 1661
core   0: 0 0x80004de8 (0x67ddbe13) x28 0x00000000
core   0: 0x80004dec (0x00779693) slli    a3, a5, 7
core   0: 0 0x80004dec (0x00779693) x13 0x00000000
core   0: 0x80004df0 (0x04a56263) bltu    a0, a0, pc + 68
core   0: 0 0x80004df0 (0x04a56263)
core   0: 0x80004df4 (0x01790563) beq     s2, s7, pc + 10
core   0: 0 0x80004df4 (0x01790563)
core   0: 0x80004df8 (0x00008cb1) c.xor   s1, a2
core   0: 0 0x80004df8 (0x8cb1) x9  0x00000000
core   0: 0x80004dfa (0x00008e55) c.or    a2, a3
core   0: 0 0x80004dfa (0x8e55) x12 0x00000000
core   0: 0x80004dfc (0x00008eda) c.mv    t4, s6
core   0: 0 0x80004dfc (0x8eda) x29 0x00000001
core   0: 0x80004dfe (0x05b9d163) bge     s3, s11, pc + 66
core   0: 0 0x80004dfe (0x05b9d163)
core   0: 0x80004e02 (0x0000100f) fence.i
core   0: 0 0x80004e02 (0x0000100f)
core   0: 0x80004e06 (0x02c05f63) bge     zero, a2, pc + 62
core   0: 0 0x80004e06 (0x02c05f63)
core   0: 0x80004e44 (0x03734633) div     a2, t1, s7
core   0: 0 0x80004e44 (0x03734633) x12 0x00014000
core   0: 0x80004e48 (0x00000562) c.slli  a0, 24
core   0: 0 0x80004e48 (0x0562) x10 0x95000000
core   0: 0x80004e4a (0x4d3eca13) xori    s4, t4, 1235
core   0: 0 0x80004e4a (0x4d3eca13) x20 0x000004d2
core   0: 0x80004e4e (0x03f17563) bgeu    sp, t6, pc + 42
core   0: 0 0x80004e4e (0x03f17563)
core   0: 0x80004e78 (0x00bb1363) bne     s6, a1, pc + 6
core   0: 0 0x80004e78 (0x00bb1363)
core   0: 0x80004e7e (0x0000955a) c.add   a0, s6
core   0: 0 0x80004e7e (0x955a) x10 0x95000001
core   0: 0x80004e80 (0x04014063) bltz    sp, pc + 64
core   0: 0 0x80004e80 (0x04014063)
core   0: 0x80004ec0 (0x008ec0b3) xor     ra, t4, s0
core   0: 0 0x80004ec0 (0x008ec0b3) x1  0x0000001c
core   0: 0x80004ec4 (0x0139d0b3) srl     ra, s3, s3
core   0: 0 0x80004ec4 (0x0139d0b3) x1  0x00000080
core   0: 0x80004ec8 (0x02ee5b33) divu    s6, t3, a4
core   0: 0 0x80004ec8 (0x02ee5b33) x22 0x00000000
core   0: 0x80004ecc (0x00006f2d) c.lui   t5, 0xb
core   0: 0 0x80004ecc (0x6f2d) x30 0x0000b000
core   0: 0x80004ece (0x00346bb3) or      s7, s0, gp
core   0: 0 0x80004ece (0x00346bb3) x23 0x8002217d
core   0: 0x80004ed2 (0x00008225) c.srli  a2, 9
core   0: 0 0x80004ed2 (0x8225) x12 0x000000a0
core   0: 0x80004ed4 (0x9e84c713) xori    a4, s1, -1560
core   0: 0 0x80004ed4 (0x9e84c713) x14 0xfffff9e8
core   0: 0x80004ed8 (0x00000d31) c.addi  s10, 12
core   0: 0 0x80004ed8 (0x0d31) x26 0x0000000c
core   0: 0x80004eda (0x0171e563) bltu    gp, s7, pc + 10
core   0: 0 0x80004eda (0x0171e563)
core   0: 0x80004ee4 (0x00008fb5) c.xor   a5, a3
core   0: 0 0x80004ee4 (0x8fb5) x15 0x00000000
core   0: 0x80004ee6 (0x0000ef1d) c.bnez  a4, pc + 62
core   0: 0 0x80004ee6 (0xef1d)
core   0: 0x80004f24 (0x042144b7) lui     s1, 0x4214
core   0: 0 0x80004f24 (0x042144b7) x9  0x04214000
core   0: 0x80004f28 (0xddd0e413) ori     s0, ra, -547
core   0: 0 0x80004f28 (0xddd0e413) x8  0xfffffddd
core   0: 0x80004f2c (0x00000001) c.nop
core   0: 0 0x80004f2c (0x0001)
core   0: 0x80004f2e (0x07698063) beq     s3, s6, pc + 96
core   0: 0 0x80004f2e (0x07698063)
core   0: 0x80004f32 (0x40f1d393) srai    t2, gp, 15
core   0: 0 0x80004f32 (0x40f1d393) x7  0xffff0004
core   0: 0x80004f36 (0x01111563) bne     sp, a7, pc + 10
core   0: 0 0x80004f36 (0x01111563)
core   0: 0x80004f40 (0x004b0eb3) add     t4, s6, tp
core   0: 0 0x80004f40 (0x004b0eb3) x29 0x00000000
core   0: 0x80004f44 (0x00008341) c.srli  a4, 16
core   0: 0 0x80004f44 (0x8341) x14 0x0000ffff
core   0: 0x80004f46 (0x00000001) c.nop
core   0: 0 0x80004f46 (0x0001)
core   0: 0x80004f48 (0x02298633) mul     a2, s3, sp
core   0: 0 0x80004f48 (0x02298633) x12 0x7b07a4c8
core   0: 0x80004f4c (0x00008ef9) c.and   a3, a4
core   0: 0 0x80004f4c (0x8ef9) x13 0x00000000
core   0: 0x80004f4e (0x03114a63) blt     sp, a7, pc + 52
core   0: 0 0x80004f4e (0x03114a63)
core   0: 0x80004f82 (0x0ff0000f) fence   iorw,iorw
core   0: 0 0x80004f82 (0x0ff0000f)
core   0: 0x80004f86 (0x6daac813) xori    a6, s5, 1754
core   0: 0 0x80004f86 (0x6daac813) x16 0x000006da
core   0: 0x80004f8a (0x03715233) divu    tp, sp, s7
core   0: 0 0x80004f8a (0x03715233) x4  0x00000001
core   0: 0x80004f8e (0x9770c113) xori    sp, ra, -1673
core   0: 0 0x80004f8e (0x9770c113) x2  0xfffff9f7
core   0: 0x80004f92 (0x25369097) auipc   ra, 0x25369
core   0: 0 0x80004f92 (0x25369097) x1  0xa536df92
core   0: 0x80004f96 (0x03adff33) remu    t5, s11, s10
core   0: 0 0x80004f96 (0x03adff33) x30 0x00000004
core   0: 0x80004f9a (0x0000100f) fence.i
core   0: 0 0x80004f9a (0x0000100f)
core   0: 0x80004f9e (0x00000446) c.slli  s0, 17
core   0: 0 0x80004f9e (0x0446) x8  0xfbba0000
core   0: 0x80004fa0 (0x00008ee5) c.and   a3, s1
core   0: 0 0x80004fa0 (0x8ee5) x13 0x00000000
core   0: 0x80004fa2 (0x03279a63) bne     a5, s2, pc + 52
core   0: 0 0x80004fa2 (0x03279a63)
core   0: 0x80004fd6 (0x01125533) srl     a0, tp, a7
core   0: 0 0x80004fd6 (0x01125533) x10 0x00000000
core   0: 0x80004fda (0x0055beb3) sltu    t4, a1, t0
core   0: 0 0x80004fda (0x0055beb3) x29 0x00000001
core   0: 0x80004fde (0x02c00133) mul     sp, zero, a2
core   0: 0 0x80004fde (0x02c00133) x2  0x00000000
core   0: 0x80004fe2 (0x015e83b3) add     t2, t4, s5
core   0: 0 0x80004fe2 (0x015e83b3) x7  0x00000001
core   0: 0x80004fe6 (0x00008875) c.andi  s0, 29
core   0: 0 0x80004fe6 (0x8875) x8  0x00000000
core   0: 0x80004fe8 (0x2962dc37) lui     s8, 0x2962d
core   0: 0 0x80004fe8 (0x2962dc37) x24 0x2962d000
core   0: 0x80004fec (0x000012fd) c.addi  t0, -1
core   0: 0 0x80004fec (0x12fd) x5  0xfffffda6
core   0: 0x80004fee (0x01d6c763) blt     a3, t4, pc + 14
core   0: 0 0x80004fee (0x01d6c763)
core   0: 0x80004ffc (0x0000187d) c.addi  a6, -1
core   0: 0 0x80004ffc (0x187d) x16 0x000006d9
core   0: 0x80004ffe (0x01f55393) srli    t2, a0, 31
core   0: 0 0x80004ffe (0x01f55393) x7  0x00000000
core   0: 0x80005002 (0xa674a493) slti    s1, s1, -1433
core   0: 0 0x80005002 (0xa674a493) x9  0x00000000
core   0: 0x80005006 (0xeeb78e13) addi    t3, a5, -277
core   0: 0 0x80005006 (0xeeb78e13) x28 0xfffffeeb
core   0: 0x8000500a (0x02c5c733) div     a4, a1, a2
core   0: 0 0x8000500a (0x02c5c733) x14 0x00000000
core   0: 0x8000500e (0x0277b633) mulhu   a2, a5, t2
core   0: 0 0x8000500e (0x0277b633) x12 0x00000000
core   0: 0x80005012 (0xc822fd13) andi    s10, t0, -894
core   0: 0 0x80005012 (0xc822fd13) x26 0xfffffc82
core   0: 0x80005016 (0x012ed593) srli    a1, t4, 18
core   0: 0 0x80005016 (0x012ed593) x11 0x00000000
core   0: 0x8000501a (0x038bd333) divu    t1, s7, s8
core   0: 0 0x8000501a (0x038bd333) x6  0x00000003
core   0: 0x8000501e (0x005bba33) sltu    s4, s7, t0
core   0: 0 0x8000501e (0x005bba33) x20 0x00000001
core   0: 0x80005022 (0x03b913b3) mulh    t2, s2, s11
core   0: 0 0x80005022 (0x03b913b3) x7  0x00000000
core   0: 0x80005026 (0x000011fd) c.addi  gp, -1
core   0: 0 0x80005026 (0x11fd) x3  0x8002216b
core   0: 0x80005028 (0x03257a33) remu    s4, a0, s2
core   0: 0 0x80005028 (0x03257a33) x20 0x00000000
core   0: 0x8000502c (0x00000001) c.nop
core   0: 0 0x8000502c (0x0001)
core   0: 0x8000502e (0x012b0663) beq     s6, s2, pc + 12
core   0: 0 0x8000502e (0x012b0663)
core   0: 0x80005032 (0x00194763) blt     s2, ra, pc + 14
core   0: 0 0x80005032 (0x00194763)
core   0: 0x80005036 (0x00008451) c.srai  s0, 20
core   0: 0 0x80005036 (0x8451) x8  0x00000000
core   0: 0x80005038 (0x0000834d) c.srli  a4, 19
core   0: 0 0x80005038 (0x834d) x14 0x00000000
core   0: 0x8000503a (0x00ee9c13) slli    s8, t4, 14
core   0: 0 0x8000503a (0x00ee9c13) x24 0x00004000
core   0: 0x8000503e (0x00008265) c.srli  a2, 25
core   0: 0 0x8000503e (0x8265) x12 0x00000000
core   0: 0x80005040 (0x0000ce85) c.beqz  a3, pc + 56
core   0: 0 0x80005040 (0xce85)
core   0: 0x80005078 (0x00008d85) c.sub   a1, s1
core   0: 0 0x80005078 (0x8d85) x11 0x00000000
core   0: 0x8000507a (0xda769197) auipc   gp, 0xda769
core   0: 0 0x8000507a (0xda769197) x3  0x5a76e07a
core   0: 0x8000507e (0x00b47633) and     a2, s0, a1
core   0: 0 0x8000507e (0x00b47633) x12 0x00000000
core   0: 0x80005082 (0x02bbd933) divu    s2, s7, a1
core   0: 0 0x80005082 (0x02bbd933) x18 0xffffffff
core   0: 0x80005086 (0xe5c1cc13) xori    s8, gp, -420
core   0: 0 0x80005086 (0xe5c1cc13) x24 0xa5891e26
core   0: 0x8000508a (0x03d10c63) beq     sp, t4, pc + 56
core   0: 0 0x8000508a (0x03d10c63)
core   0: 0x8000508e (0x00000c72) c.slli  s8, 28
core   0: 0 0x8000508e (0x0c72) x24 0x60000000
core   0: 0x80005090 (0x02e3cf63) blt     t2, a4, pc + 62
core   0: 0 0x80005090 (0x02e3cf63)
core   0: 0x80005094 (0x00008196) c.mv    gp, t0
core   0: 0 0x80005094 (0x8196) x3  0xfffffda6
core   0: 0x80005096 (0x0ff0000f) fence   iorw,iorw
core   0: 0 0x80005096 (0x0ff0000f)
core   0: 0x8000509a (0x00008dda) c.mv    s11, s6
core   0: 0 0x8000509a (0x8dda) x27 0x00000000
core   0: 0x8000509c (0x0000c689) c.beqz  a3, pc + 10
core   0: 0 0x8000509c (0xc689)
core   0: 0x800050a6 (0x00000001) c.nop
core   0: 0 0x800050a6 (0x0001)
core   0: 0x800050a8 (0x00a39763) bne     t2, a0, pc + 14
core   0: 0 0x800050a8 (0x00a39763)
core   0: 0x800050ac (0x00008fe9) c.and   a5, a0
core   0: 0 0x800050ac (0x8fe9) x15 0x00000000
core   0: 0x800050ae (0x0079f733) and     a4, s3, t2
core   0: 0 0x800050ae (0x0079f733) x14 0x00000000
core   0: 0x800050b2 (0x54034b37) lui     s6, 0x54034
core   0: 0 0x800050b2 (0x54034b37) x22 0x54034000
core   0: 0x800050b6 (0x010f5613) srli    a2, t5, 16
core   0: 0 0x800050b6 (0x010f5613) x12 0x00000000
core   0: 0x800050ba (0x0330ad33) mulhsu  s10, ra, s3
core   0: 0 0x800050ba (0x0330ad33) x26 0xd29aaf96
core   0: 0x800050be (0x9ed4b093) sltiu   ra, s1, -1555
core   0: 0 0x800050be (0x9ed4b093) x1  0x00000001
core   0: 0x800050c2 (0x00008f06) c.mv    t5, ra
core   0: 0 0x800050c2 (0x8f06) x30 0x00000001
core   0: 0x800050c4 (0x018a3633) sltu    a2, s4, s8
core   0: 0 0x800050c4 (0x018a3633) x12 0x00000001
core   0: 0x800050c8 (0x00000001) c.nop
core   0: 0 0x800050c8 (0x0001)
core   0: 0x800050ca (0x02c2fe33) remu    t3, t0, a2
core   0: 0 0x800050ca (0x02c2fe33) x28 0x00000000
core   0: 0x800050ce (0x00008369) c.srli  a4, 26
core   0: 0 0x800050ce (0x8369) x14 0x00000000
core   0: 0x800050d0 (0x69d8bd37) lui     s10, 0x69d8b
core   0: 0 0x800050d0 (0x69d8bd37) x26 0x69d8b000
core   0: 0x800050d4 (0x00e368b3) or      a7, t1, a4
core   0: 0 0x800050d4 (0x00e368b3) x17 0x00000003
core   0: 0x800050d8 (0x00008bd6) c.mv    s7, s5
core   0: 0 0x800050d8 (0x8bd6) x23 0x00000000
core   0: 0x800050da (0x0ff0000f) fence   iorw,iorw
core   0: 0 0x800050da (0x0ff0000f)
core   0: 0x800050de (0x01bcf233) and     tp, s9, s11
core   0: 0 0x800050de (0x01bcf233) x4  0x00000000
core   0: 0x800050e2 (0x01d98363) beq     s3, t4, pc + 6
core   0: 0 0x800050e2 (0x01d98363)
core   0: 0x800050e6 (0x0000099c) c.addi4spn a5, sp, 208
core   0: 0 0x800050e6 (0x099c) x15 0x000000d0
core   0: 0x800050e8 (0xe3a9a693) slti    a3, s3, -454
core   0: 0 0x800050e8 (0xe3a9a693) x13 0x00000001
core   0: 0x800050ec (0x0006cf33) xor     t5, a3, zero
core   0: 0 0x800050ec (0x0006cf33) x30 0x00000001
core   0: 0x800050f0 (0xc08fe393) ori     t2, t6, -1016
core   0: 0 0x800050f0 (0xc08fe393) x7  0xfffffc0b
core   0: 0x800050f4 (0x02e3f063) bgeu    t2, a4, pc + 32
core   0: 0 0x800050f4 (0x02e3f063)
core   0: 0x80005114 (0xd0307793) andi    a5, zero, -765
core   0: 0 0x80005114 (0xd0307793) x15 0x00000000
core   0: 0x80005118 (0x0000100f) fence.i
core   0: 0 0x80005118 (0x0000100f)
core   0: 0x8000511c (0x01e40e63) beq     s0, t5, pc + 28
core   0: 0 0x8000511c (0x01e40e63)
core   0: 0x80005120 (0x0000100f) fence.i
core   0: 0 0x80005120 (0x0000100f)
core   0: 0x80005124 (0x0164e1b3) or      gp, s1, s6
core   0: 0 0x80005124 (0x0164e1b3) x3  0x54034000
core   0: 0x80005128 (0x02e324b3) mulhsu  s1, t1, a4
core   0: 0 0x80005128 (0x02e324b3) x9  0x00000000
core   0: 0x8000512c (0x01bdbb33) sltu    s6, s11, s11
core   0: 0 0x8000512c (0x01bdbb33) x22 0x00000000
core   0: 0x80005130 (0x033452b3) divu    t0, s0, s3
core   0: 0 0x80005130 (0x033452b3) x5  0x00000000
core   0: 0x80005134 (0x04074163) bltz    a4, pc + 66
core   0: 0 0x80005134 (0x04074163)
core   0: 0x80005138 (0x0180de63) bge     ra, s8, pc + 28
core   0: 0 0x80005138 (0x0180de63)
core   0: 0x8000513c (0x000060a5) c.lui   ra, 0x9
core   0: 0 0x8000513c (0x60a5) x1  0x00009000
core   0: 0x8000513e (0x0000c2a1) c.beqz  a3, pc + 64
core   0: 0 0x8000513e (0xc2a1)
core   0: 0x80005140 (0x000098fd) c.andi  s1, -1
core   0: 0 0x80005140 (0x98fd) x9  0x00000000
core   0: 0x80005142 (0x309a7db7) lui     s11, 0x309a7
core   0: 0 0x80005142 (0x309a7db7) x27 0x309a7000
core   0: 0x80005146 (0x00000001) c.nop
core   0: 0 0x80005146 (0x0001)
core   0: 0x80005148 (0x0026d263) bge     a3, sp, pc + 4
core   0: 0 0x80005148 (0x0026d263)
core   0: 0x8000514c (0x00b6bbb3) sltu    s7, a3, a1
core   0: 0 0x8000514c (0x00b6bbb3) x23 0x00000000
core   0: 0x80005150 (0x41e10433) sub     s0, sp, t5
core   0: 0 0x80005150 (0x41e10433) x8  0xffffffff
core   0: 0x80005154 (0x03523433) mulhu   s0, tp, s5
core   0: 0 0x80005154 (0x03523433) x8  0x00000000
core   0: 0x80005158 (0x000084a5) c.srai  s1, 9
core   0: 0 0x80005158 (0x84a5) x9  0x00000000
core   0: 0x8000515a (0x03192033) mulhsu  zero, s2, a7
core   0: 0 0x8000515a (0x03192033)
core   0: 0x8000515e (0x00711463) bne     sp, t2, pc + 8
core   0: 0 0x8000515e (0x00711463)
core   0: 0x80005166 (0x0345f333) remu    t1, a1, s4
core   0: 0 0x80005166 (0x0345f333) x6  0x00000000
core   0: 0x8000516a (0x0000c185) c.beqz  a1, pc + 32
core   0: 0 0x8000516a (0xc185)
core   0: 0x8000518a (0x02ee8133) mul     sp, t4, a4
core   0: 0 0x8000518a (0x02ee8133) x2  0x00000000
core   0: 0x8000518e (0x03387463) bgeu    a6, s3, pc + 40
core   0: 0 0x8000518e (0x03387463)
core   0: 0x80005192 (0x020bf333) remu    t1, s7, zero
core   0: 0 0x80005192 (0x020bf333) x6  0x00000000
core   0: 0x80005196 (0x000005f5) c.addi  a1, 29
core   0: 0 0x80005196 (0x05f5) x11 0x0000001d
core   0: 0x80005198 (0x0000e715) c.bnez  a4, pc + 44
core   0: 0 0x80005198 (0xe715)
core   0: 0x8000519a (0x037454b3) divu    s1, s0, s7
core   0: 0 0x8000519a (0x037454b3) x9  0xffffffff
core   0: 0x8000519e (0x41fb02b3) sub     t0, s6, t6
core   0: 0 0x8000519e (0x41fb02b3) x5  0xfffffff5
core   0: 0x800051a2 (0x00a5dbb3) srl     s7, a1, a0
core   0: 0 0x800051a2 (0x00a5dbb3) x23 0x0000001d
core   0: 0x800051a6 (0x03755233) divu    tp, a0, s7
core   0: 0 0x800051a6 (0x03755233) x4  0x00000000
core   0: 0x800051aa (0x04fbc063) blt     s7, a5, pc + 64
core   0: 0 0x800051aa (0x04fbc063)
core   0: 0x800051ae (0x00000001) c.nop
core   0: 0 0x800051ae (0x0001)
core   0: 0x800051b0 (0xa40ded93) ori     s11, s11, -1472
core   0: 0 0x800051b0 (0xa40ded93) x27 0xfffffa40
core   0: 0x800051b4 (0x0000717d) c.addi16sp sp, -16
core   0: 0 0x800051b4 (0x717d) x2  0xfffffff0
core   0: 0x800051b6 (0xc357f613) andi    a2, a5, -971
core   0: 0 0x800051b6 (0xc357f613) x12 0x00000000
core   0: 0x800051ba (0x00008bf1) c.andi  a5, 28
core   0: 0 0x800051ba (0x8bf1) x15 0x00000000
core   0: 0x800051bc (0xd0144a93) xori    s5, s0, -767
core   0: 0 0x800051bc (0xd0144a93) x21 0xfffffd01
core   0: 0x800051c0 (0x2073ba93) sltiu   s5, t2, 519
core   0: 0 0x800051c0 (0x2073ba93) x21 0x00000000
core   0: 0x800051c4 (0x00008fb1) c.xor   a5, a2
core   0: 0 0x800051c4 (0x8fb1) x15 0x00000000
core   0: 0x800051c6 (0x035fdf63) bge     t6, s5, pc + 62
core   0: 0 0x800051c6 (0x035fdf63)
core   0: 0x80005204 (0x00008dad) c.xor   a1, a1
core   0: 0 0x80005204 (0x8dad) x11 0x00000000
core   0: 0x80005206 (0x00000ea1) c.addi  t4, 8
core   0: 0 0x80005206 (0x0ea1) x29 0x00000009
core   0: 0x80005208 (0x00008e15) c.sub   a2, a3
core   0: 0 0x80005208 (0x8e15) x12 0xffffffff
core   0: 0x8000520a (0x03ecbe33) mulhu   t3, s9, t5
core   0: 0 0x8000520a (0x03ecbe33) x28 0x00000000
core   0: 0x8000520e (0x0352d133) divu    sp, t0, s5
core   0: 0 0x8000520e (0x0352d133) x2  0xffffffff
core   0: 0x80005212 (0x0ff0000f) fence   iorw,iorw
core   0: 0 0x80005212 (0x0ff0000f)
core   0: 0x80005216 (0x00aad663) bge     s5, a0, pc + 12
core   0: 0 0x80005216 (0x00aad663)
core   0: 0x80005222 (0x02389ab3) mulh    s5, a7, gp
core   0: 0 0x80005222 (0x02389ab3) x21 0x00000000
core   0: 0x80005226 (0x03220433) mul     s0, tp, s2
core   0: 0 0x80005226 (0x03220433) x8  0x00000000
core   0: 0x8000522a (0x74198d13) addi    s10, s3, 1857
core   0: 0 0x8000522a (0x74198d13) x26 0x80022539
core   0: 0x8000522e (0x00008809) c.andi  s0, 2
core   0: 0 0x8000522e (0x8809) x8  0x00000000
core   0: 0x80005230 (0x0000100f) fence.i
core   0: 0 0x80005230 (0x0000100f)
core   0: 0x80005234 (0x0168d693) srli    a3, a7, 22
core   0: 0 0x80005234 (0x0168d693) x13 0x00000000
core   0: 0x80005238 (0x00004475) c.li    s0, 29
core   0: 0 0x80005238 (0x4475) x8  0x0000001d
core   0: 0x8000523a (0x00008dd5) c.or    a1, a3
core   0: 0 0x8000523a (0x8dd5) x11 0x00000000
core   0: 0x8000523c (0x02e1a4b3) mulhsu  s1, gp, a4
core   0: 0 0x8000523c (0x02e1a4b3) x9  0x00000000
core   0: 0x80005240 (0x00471a13) slli    s4, a4, 4
core   0: 0 0x80005240 (0x00471a13) x20 0x00000000
core   0: 0x80005244 (0x00000001) c.nop
core   0: 0 0x80005244 (0x0001)
core   0: 0x80005246 (0x00008d3d) c.xor   a0, a5
core   0: 0 0x80005246 (0x8d3d) x10 0x00000000
core   0: 0x80005248 (0x036f5333) divu    t1, t5, s6
core   0: 0 0x80005248 (0x036f5333) x6  0xffffffff
core   0: 0x8000524c (0xea9db693) sltiu   a3, s11, -343
core   0: 0 0x8000524c (0xea9db693) x13 0x00000001
core   0: 0x80005250 (0x184c0413) addi    s0, s8, 388
core   0: 0 0x80005250 (0x184c0413) x8  0x60000184
core   0: 0x80005254 (0xc3650a93) addi    s5, a0, -970
core   0: 0 0x80005254 (0xc3650a93) x21 0xfffffc36
core   0: 0x80005258 (0x02b6fb63) bgeu    a3, a1, pc + 54
core   0: 0 0x80005258 (0x02b6fb63)
core   0: 0x8000528e (0x00000001) c.nop
core   0: 0 0x8000528e (0x0001)
core   0: 0x80005290 (0x00d16863) bltu    sp, a3, pc + 16
core   0: 0 0x80005290 (0x00d16863)
core   0: 0x80005294 (0xd8a02d93) slti    s11, zero, -630
core   0: 0 0x80005294 (0xd8a02d93) x27 0x00000000
core   0: 0x80005298 (0x6a44f713) andi    a4, s1, 1700
core   0: 0 0x80005298 (0x6a44f713) x14 0x00000000
core   0: 0x8000529c (0x02e583b3) mul     t2, a1, a4
core   0: 0 0x8000529c (0x02e583b3) x7  0x00000000
core   0: 0x800052a0 (0xfa920513) addi    a0, tp, -87
core   0: 0 0x800052a0 (0xfa920513) x10 0xffffffa9
core   0: 0x800052a4 (0x463b8d93) addi    s11, s7, 1123
core   0: 0 0x800052a4 (0x463b8d93) x27 0x00000480
core   0: 0x800052a8 (0x00c292b3) sll     t0, t0, a2
core   0: 0 0x800052a8 (0x00c292b3) x5  0x80000000
core   0: 0x800052ac (0x01cd1563) bne     s10, t3, pc + 10
core   0: 0 0x800052ac (0x01cd1563)
core   0: 0x800052b6 (0x0000100f) fence.i
core   0: 0 0x800052b6 (0x0000100f)
core   0: 0x800052ba (0x0ff0000f) fence   iorw,iorw
core   0: 0 0x800052ba (0x0ff0000f)
core   0: 0x800052be (0x02268833) mul     a6, a3, sp
core   0: 0 0x800052be (0x02268833) x16 0xffffffff
core   0: 0x800052c2 (0x00008db9) c.xor   a1, a4
core   0: 0 0x800052c2 (0x8db9) x11 0x00000000
core   0: 0x800052c4 (0x00008f45) c.or    a4, s1
core   0: 0 0x800052c4 (0x8f45) x14 0x00000000
core   0: 0x800052c6 (0x00000108) c.addi4spn a0, sp, 128
core   0: 0 0x800052c6 (0x0108) x10 0x0000007f
core   0: 0x800052c8 (0x00000f62) c.slli  t5, 24
core   0: 0 0x800052c8 (0x0f62) x30 0x01000000
core   0: 0x800052ca (0x0102b333) sltu    t1, t0, a6
core   0: 0 0x800052ca (0x0102b333) x6  0x00000001
core   0: 0x800052ce (0x00008fe5) c.and   a5, s1
core   0: 0 0x800052ce (0x8fe5) x15 0x00000000
core   0: 0x800052d0 (0x02e25763) bge     tp, a4, pc + 46
core   0: 0 0x800052d0 (0x02e25763)
core   0: 0x800052fe (0x035f15b3) mulh    a1, t5, s5
core   0: 0 0x800052fe (0x035f15b3) x11 0xfffffffc
core   0: 0x80005302 (0x00000998) c.addi4spn a4, sp, 208
core   0: 0 0x80005302 (0x0998) x14 0x000000cf
core   0: 0x80005304 (0x0010e2b3) or      t0, ra, ra
core   0: 0 0x80005304 (0x0010e2b3) x5  0x00009000
core   0: 0x80005308 (0x0000c789) c.beqz  a5, pc + 10
core   0: 0 0x80005308 (0xc789)
core   0: 0x80005312 (0x0000100f) fence.i
core   0: 0 0x80005312 (0x0000100f)
core   0: 0x80005316 (0x03828c63) beq     t0, s8, pc + 56
core   0: 0 0x80005316 (0x03828c63)
core   0: 0x8000531a (0x034e51b3) divu    gp, t3, s4
core   0: 0 0x8000531a (0x034e51b3) x3  0xffffffff
core   0: 0x8000531e (0x016a6033) or      zero, s4, s6
core   0: 0 0x8000531e (0x016a6033)
core   0: 0x80005322 (0x03b296b3) mulh    a3, t0, s11
core   0: 0 0x80005322 (0x03b296b3) x13 0x00000000
core   0: 0x80005326 (0x0184c8b3) xor     a7, s1, s8
core   0: 0 0x80005326 (0x0184c8b3) x17 0x60000000
core   0: 0x8000532a (0x00f17433) and     s0, sp, a5
core   0: 0 0x8000532a (0x00f17433) x8  0x00000000
core   0: 0x8000532e (0x05bb9363) bne     s7, s11, pc + 70
core   0: 0 0x8000532e (0x05bb9363)
core   0: 0x80005374 (0x001b1b93) slli    s7, s6, 1
core   0: 0 0x80005374 (0x001b1b93) x23 0x00000000
core   0: 0x80005378 (0x00008ba5) c.andi  a5, 9
core   0: 0 0x80005378 (0x8ba5) x15 0x00000000
core   0: 0x8000537a (0x0000e51d) c.bnez  a0, pc + 46
core   0: 0 0x8000537a (0xe51d)
core   0: 0x800053a8 (0x00009a6e) c.add   s4, s11
core   0: 0 0x800053a8 (0x9a6e) x20 0x00000480
core   0: 0x800053aa (0x00008ebd) c.xor   a3, a5
core   0: 0 0x800053aa (0x8ebd) x13 0x00000000
core   0: 0x800053ac (0xa58c6913) ori     s2, s8, -1448
core   0: 0 0x800053ac (0xa58c6913) x18 0xfffffa58
core   0: 0x800053b0 (0x036322b3) mulhsu  t0, t1, s6
core   0: 0 0x800053b0 (0x036322b3) x5  0x00000000
core   0: 0x800053b4 (0x00a1ebb3) or      s7, gp, a0
core   0: 0 0x800053b4 (0x00a1ebb3) x23 0xffffffff
core   0: 0x800053b8 (0x01ef4563) blt     t5, t5, pc + 10
core   0: 0 0x800053b8 (0x01ef4563)
core   0: 0x800053bc (0x41e7da93) srai    s5, a5, 30
core   0: 0 0x800053bc (0x41e7da93) x21 0x00000000
core   0: 0x800053c0 (0x00008ac2) c.mv    s5, a6
core   0: 0 0x800053c0 (0x8ac2) x21 0xffffffff
core   0: 0x800053c2 (0x41620ab3) sub     s5, tp, s6
core   0: 0 0x800053c2 (0x41620ab3) x21 0x00000000
core   0: 0x800053c6 (0x000099fd) c.andi  a1, -1
core   0: 0 0x800053c6 (0x99fd) x11 0xfffffffc
core   0: 0x800053c8 (0x0000c609) c.beqz  a2, pc + 10
core   0: 0 0x800053c8 (0xc609)
core   0: 0x800053ca (0x00d3f3b3) and     t2, t2, a3
core   0: 0 0x800053ca (0x00d3f3b3) x7  0x00000000
core   0: 0x800053ce (0x31987813) andi    a6, a6, 793
core   0: 0 0x800053ce (0x31987813) x16 0x00000319
core   0: 0x800053d2 (0x36c598b7) lui     a7, 0x36c59
core   0: 0 0x800053d2 (0x36c598b7) x17 0x36c59000
core   0: 0x800053d6 (0x8a65c193) xori    gp, a1, -1882
core   0: 0 0x800053d6 (0x8a65c193) x3  0x0000075a
core   0: 0x800053da (0x00008949) c.andi  a0, 18
core   0: 0 0x800053da (0x8949) x10 0x00000012
core   0: 0x800053dc (0x02716033) rem     zero, sp, t2
core   0: 0 0x800053dc (0x02716033)
core   0: 0x800053e0 (0x0ff0000f) fence   iorw,iorw
core   0: 0 0x800053e0 (0x0ff0000f)
core   0: 0x800053e4 (0x00008fd1) c.or    a5, a2
core   0: 0 0x800053e4 (0x8fd1) x15 0xffffffff
core   0: 0x800053e6 (0x00008ffd) c.and   a5, a5
core   0: 0 0x800053e6 (0x8ffd) x15 0xffffffff
core   0: 0x800053e8 (0x035e5533) divu    a0, t3, s5
core   0: 0 0x800053e8 (0x035e5533) x10 0xffffffff
core   0: 0x800053ec (0x03e4f433) remu    s0, s1, t5
core   0: 0 0x800053ec (0x03e4f433) x8  0x00000000
core   0: 0x800053f0 (0x01f65813) srli    a6, a2, 31
core   0: 0 0x800053f0 (0x01f65813) x16 0x00000001
core   0: 0x800053f4 (0x41a8d893) srai    a7, a7, 26
core   0: 0 0x800053f4 (0x41a8d893) x17 0x0000000d
core   0: 0x800053f8 (0x410fda33) sra     s4, t6, a6
core   0: 0 0x800053f8 (0x410fda33) x20 0x00000005
core   0: 0x800053fc (0x00000001) c.nop
core   0: 0 0x800053fc (0x0001)
core   0: 0x800053fe (0x0291d433) divu    s0, gp, s1
core   0: 0 0x800053fe (0x0291d433) x8  0xffffffff
core   0: 0x80005402 (0x0000187d) c.addi  a6, -1
core   0: 0 0x80005402 (0x187d) x16 0x00000000
core   0: 0x80005404 (0x000086a5) c.srai  a3, 9
core   0: 0 0x80005404 (0x86a5) x13 0x00000000
core   0: 0x80005406 (0x00000001) c.nop
core   0: 0 0x80005406 (0x0001)
core   0: 0x80005408 (0x0ff0000f) fence   iorw,iorw
core   0: 0 0x80005408 (0x0ff0000f)
core   0: 0x8000540c (0x003ee833) or      a6, t4, gp
core   0: 0 0x8000540c (0x003ee833) x16 0x0000075b
core   0: 0x80005410 (0x00008cd1) c.or    s1, a2
core   0: 0 0x80005410 (0x8cd1) x9  0xffffffff
core   0: 0x80005412 (0x0000079c) c.addi4spn a5, sp, 960
core   0: 0 0x80005412 (0x079c) x15 0x000003bf
core   0: 0x80005414 (0x0178ae33) slt     t3, a7, s7
core   0: 0 0x80005414 (0x0178ae33) x28 0x00000000
core   0: 0x80005418 (0x000003f5) c.addi  t2, 29
core   0: 0 0x80005418 (0x03f5) x7  0x0000001d
core   0: 0x8000541a (0x2857fd93) andi    s11, a5, 645
core   0: 0 0x8000541a (0x2857fd93) x27 0x00000285
core   0: 0x8000541e (0x00ec1e33) sll     t3, s8, a4
core   0: 0 0x8000541e (0x00ec1e33) x28 0x00000000
core   0: 0x80005422 (0x00eb93b3) sll     t2, s7, a4
core   0: 0 0x80005422 (0x00eb93b3) x7  0xffff8000
core   0: 0x80005426 (0x0000948a) c.add   s1, sp
core   0: 0 0x80005426 (0x948a) x9  0xfffffffe
core   0: 0x80005428 (0x411486b3) sub     a3, s1, a7
core   0: 0 0x80005428 (0x411486b3) x13 0xfffffff1
core   0: 0x8000542c (0x00006159) c.addi16sp sp, 400
core   0: 0 0x8000542c (0x6159) x2  0x0000018f
core   0: 0x8000542e (0x02ce9eb3) mulh    t4, t4, a2
core   0: 0 0x8000542e (0x02ce9eb3) x29 0xffffffff
core   0: 0x80005432 (0x00008e61) c.and   a2, s0
core   0: 0 0x80005432 (0x8e61) x12 0xffffffff
core   0: 0x80005434 (0x03942133) mulhsu  sp, s0, s9
core   0: 0 0x80005434 (0x03942133) x2  0xffffffff
core   0: 0x80005438 (0x035136b3) mulhu   a3, sp, s5
core   0: 0 0x80005438 (0x035136b3) x13 0x00000000
core   0: 0x8000543c (0x000007fe) c.slli  a5, 31
core   0: 0 0x8000543c (0x07fe) x15 0x80000000
core   0: 0x8000543e (0x2b50b3b7) lui     t2, 0x2b50b
core   0: 0 0x8000543e (0x2b50b3b7) x7  0x2b50b000
core   0: 0x80005442 (0x9ad6dab7) lui     s5, 0x9ad6d
core   0: 0 0x80005442 (0x9ad6dab7) x21 0x9ad6d000
core   0: 0x80005446 (0x0000100f) fence.i
core   0: 0 0x80005446 (0x0000100f)
core   0: 0x8000544a (0x0243f163) bgeu    t2, tp, pc + 34
core   0: 0 0x8000544a (0x0243f163)
core   0: 0x8000546c (0x01b91833) sll     a6, s2, s11
core   0: 0 0x8000546c (0x01b91833) x16 0xffff4b00
core   0: 0x80005470 (0xebaa8193) addi    gp, s5, -326
core   0: 0 0x80005470 (0xebaa8193) x3  0x9ad6ceba
core   0: 0x80005474 (0x035010b3) mulh    ra, zero, s5
core   0: 0 0x80005474 (0x035010b3) x1  0x00000000
core   0: 0x80005478 (0x02bfb1b3) mulhu   gp, t6, a1
core   0: 0 0x80005478 (0x02bfb1b3) x3  0x0000000a
core   0: 0x8000547c (0x00008299) c.srli  a3, 6
core   0: 0 0x8000547c (0x8299) x13 0x00000000
core   0: 0x8000547e (0x0000e039) c.bnez  s0, pc + 70
core   0: 0 0x8000547e (0xe039)
core   0: 0x800054c4 (0x0000ca8d) c.beqz  a3, pc + 50
core   0: 0 0x800054c4 (0xca8d)
core   0: 0x800054f6 (0x00006afd) c.lui   s5, 0x1f
core   0: 0 0x800054f6 (0x6afd) x21 0x0001f000
core   0: 0x800054f8 (0x02304f63) blt     zero, gp, pc + 62
core   0: 0 0x800054f8 (0x02304f63)
core   0: 0x80005536 (0x00000001) c.nop
core   0: 0 0x80005536 (0x0001)
core   0: 0x80005538 (0x00b1dab3) srl     s5, gp, a1
core   0: 0 0x80005538 (0x00b1dab3) x21 0x00000000
core   0: 0x8000553c (0x00008096) c.mv    ra, t0
core   0: 0 0x8000553c (0x8096) x1  0x00000000
core   0: 0x8000553e (0x0ff0000f) fence   iorw,iorw
core   0: 0 0x8000553e (0x0ff0000f)
core   0: 0x80005542 (0x12e80013) addi    zero, a6, 302
core   0: 0 0x80005542 (0x12e80013)
core   0: 0x80005546 (0x00bf6c63) bltu    t5, a1, pc + 24
core   0: 0 0x80005546 (0x00bf6c63)
core   0: 0x8000555e (0xfdffac13) slti    s8, t6, -33
core   0: 0 0x8000555e (0xfdffac13) x24 0x00000000
core   0: 0x80005562 (0x00008d35) c.xor   a0, a3
core   0: 0 0x80005562 (0x8d35) x10 0xffffffff
core   0: 0x80005564 (0x03bb6db3) rem     s11, s6, s11
core   0: 0 0x80005564 (0x03bb6db3) x27 0x00000000
core   0: 0x80005568 (0x00008add) c.andi  a3, 23
core   0: 0 0x80005568 (0x8add) x13 0x00000000
core   0: 0x8000556a (0x027ef163) bgeu    t4, t2, pc + 34
core   0: 0 0x8000556a (0x027ef163)
core   0: 0x8000558c (0x03d4a3b3) mulhsu  t2, s1, t4
core   0: 0 0x8000558c (0x03d4a3b3) x7  0xfffffffe
core   0: 0x80005590 (0xb5edc193) xori    gp, s11, -1186
core   0: 0 0x80005590 (0xb5edc193) x3  0xfffffb5e
core   0: 0x80005594 (0x00005b7d) c.li    s6, -1
core   0: 0 0x80005594 (0x5b7d) x22 0xffffffff
core   0: 0x80005596 (0x031b2233) mulhsu  tp, s6, a7
core   0: 0 0x80005596 (0x031b2233) x4  0xffffffff
core   0: 0x8000559a (0x00ce9563) bne     t4, a2, pc + 10
core   0: 0 0x8000559a (0x00ce9563)
core   0: 0x8000559e (0x01a8bab3) sltu    s5, a7, s10
core   0: 0 0x8000559e (0x01a8bab3) x21 0x00000001
core   0: 0x800055a2 (0x00000001) c.nop
core   0: 0 0x800055a2 (0x0001)
core   0: 0x800055a4 (0x00005b7d) c.li    s6, -1
core   0: 0 0x800055a4 (0x5b7d) x22 0xffffffff
core   0: 0x800055a6 (0x018fceb3) xor     t4, t6, s8
core   0: 0 0x800055a6 (0x018fceb3) x29 0x0000000b
core   0: 0x800055aa (0x00d688b3) add     a7, a3, a3
core   0: 0 0x800055aa (0x00d688b3) x17 0x00000000
core   0: 0x800055ae (0x01a4e633) or      a2, s1, s10
core   0: 0 0x800055ae (0x01a4e633) x12 0xffffffff
core   0: 0x800055b2 (0x40730db3) sub     s11, t1, t2
core   0: 0 0x800055b2 (0x40730db3) x27 0x00000003
core   0: 0x800055b6 (0x01912e33) slt     t3, sp, s9
core   0: 0 0x800055b6 (0x01912e33) x28 0x00000000
core   0: 0x800055ba (0x0000177d) c.addi  a4, -1
core   0: 0 0x800055ba (0x177d) x14 0x000000ce
core   0: 0x800055bc (0x00008f2d) c.xor   a4, a1
core   0: 0 0x800055bc (0x8f2d) x14 0xffffff32
core   0: 0x800055be (0x02986863) bltu    a6, s1, pc + 48
core   0: 0 0x800055be (0x02986863)
core   0: 0x800055ee (0x01db98b3) sll     a7, s7, t4
core   0: 0 0x800055ee (0x01db98b3) x17 0xfffff800
core   0: 0x800055f2 (0x000bfeb3) and     t4, s7, zero
core   0: 0 0x800055f2 (0x000bfeb3) x29 0x00000000
core   0: 0x800055f6 (0x00b57763) bgeu    a0, a1, pc + 14
core   0: 0 0x800055f6 (0x00b57763)
core   0: 0x80005604 (0x0371f433) remu    s0, gp, s7
core   0: 0 0x80005604 (0x0371f433) x8  0xfffffb5e
core   0: 0x80005608 (0x0206a0b3) mulhsu  ra, a3, zero
core   0: 0 0x80005608 (0x0206a0b3) x1  0x00000000
core   0: 0x8000560c (0x5c1de113) ori     sp, s11, 1473
core   0: 0 0x8000560c (0x5c1de113) x2  0x000005c3
core   0: 0x80005610 (0x000014fd) c.addi  s1, -1
core   0: 0 0x80005610 (0x14fd) x9  0xfffffffd
core   0: 0x80005612 (0xec717293) andi    t0, sp, -313
core   0: 0 0x80005612 (0xec717293) x5  0x000004c3
core   0: 0x80005616 (0x029fb633) mulhu   a2, t6, s1
core   0: 0 0x80005616 (0x029fb633) x12 0x0000000a
core   0: 0x8000561a (0x00000001) c.nop
core   0: 0 0x8000561a (0x0001)
core   0: 0x8000561c (0x00008161) c.srli  a0, 24
core   0: 0 0x8000561c (0x8161) x10 0x000000ff
core   0: 0x8000561e (0x0000717d) c.addi16sp sp, -16
core   0: 0 0x8000561e (0x717d) x2  0x000005b3
core   0: 0x80005620 (0x00008475) c.srai  s0, 29
core   0: 0 0x80005620 (0x8475) x8  0xffffffff
core   0: 0x80005622 (0x15fe1197) auipc   gp, 0x15fe1
core   0: 0 0x80005622 (0x15fe1197) x3  0x95fe6622
core   0: 0x80005626 (0x01b60c33) add     s8, a2, s11
core   0: 0 0x80005626 (0x01b60c33) x24 0x0000000d
core   0: 0x8000562a (0x1ce8ed93) ori     s11, a7, 462
core   0: 0 0x8000562a (0x1ce8ed93) x27 0xfffff9ce
core   0: 0x8000562e (0x029731b3) mulhu   gp, a4, s1
core   0: 0 0x8000562e (0x029731b3) x3  0xffffff2f
core   0: 0x80005632 (0x00000f3e) c.slli  t5, 15
core   0: 0 0x80005632 (0x0f3e) x30 0x00000000
core   0: 0x80005634 (0x00000c00) c.addi4spn s0, sp, 528
core   0: 0 0x80005634 (0x0c00) x8  0x000007c3
core   0: 0x80005636 (0x0076d113) srli    sp, a3, 7
core   0: 0 0x80005636 (0x0076d113) x2  0x00000000
core   0: 0x8000563a (0x036711b3) mulh    gp, a4, s6
core   0: 0 0x8000563a (0x036711b3) x3  0x00000000
core   0: 0x8000563e (0x008afc33) and     s8, s5, s0
core   0: 0 0x8000563e (0x008afc33) x24 0x00000001
core   0: 0x80005642 (0x00008f7d) c.and   a4, a5
core   0: 0 0x80005642 (0x8f7d) x14 0x80000000
core   0: 0x80005644 (0x0722f713) andi    a4, t0, 114
core   0: 0 0x80005644 (0x0722f713) x14 0x00000042
core   0: 0x80005648 (0x00008c09) c.sub   s0, a0
core   0: 0 0x80005648 (0x8c09) x8  0x000006c4
core   0: 0x8000564a (0x0049a603) lw      a2, 4(s3)
core   0: 0 0x8000564a (0x0049a603) x12 0x800057d0 mem 0x80021dfc
core   0: 0x8000564e (0x000009f1) c.addi  s3, 28
core   0: 0 0x8000564e (0x09f1) x19 0x80021e14
core   0: 0x80005650 (0x00000386) c.slli  t2, 1
core   0: 0 0x80005650 (0x0386) x7  0xfffffffc
core   0: 0x80005652 (0x00060f13) mv      t5, a2
core   0: 0 0x80005652 (0x00060f13) x30 0x800057d0
core   0: 0x80005656 (0x00008f02) c.jr    t5
core   0: 0 0x80005656 (0x8f02)
core   0: 0x800057d0 (0x000085fd) c.srai  a1, 31
core   0: 0 0x800057d0 (0x85fd) x11 0xffffffff
core   0: 0x800057d2 (0x4a322893) slti    a7, tp, 1187
core   0: 0 0x800057d2 (0x4a322893) x17 0x00000001
core   0: 0x800057d6 (0x00004391) c.li    t2, 4
core   0: 0 0x800057d6 (0x4391) x7  0x00000004
core   0: 0x800057d8 (0x02d720b3) mulhsu  ra, a4, a3
core   0: 0 0x800057d8 (0x02d720b3) x1  0x00000000
core   0: 0x800057dc (0x037ef663) bgeu    t4, s7, pc + 44
core   0: 0 0x800057dc (0x037ef663)
core   0: 0x800057e0 (0x0281cf33) div     t5, gp, s0
core   0: 0 0x800057e0 (0x0281cf33) x30 0x00000000
core   0: 0x800057e4 (0x3c45b113) sltiu   sp, a1, 964
core   0: 0 0x800057e4 (0x3c45b113) x2  0x00000000
core   0: 0x800057e8 (0x00008d85) c.sub   a1, s1
core   0: 0 0x800057e8 (0x8d85) x11 0x00000002
core   0: 0x800057ea (0x011eb4b3) sltu    s1, t4, a7
core   0: 0 0x800057ea (0x011eb4b3) x9  0x00000001
core   0: 0x800057ee (0x000041c5) c.li    gp, 17
core   0: 0 0x800057ee (0x41c5) x3  0x00000011
core   0: 0x800057f0 (0x00008bb1) c.andi  a5, 12
core   0: 0 0x800057f0 (0x8bb1) x15 0x00000000
core   0: 0x800057f2 (0x00000122) c.slli  sp, 8
core   0: 0 0x800057f2 (0x0122) x2  0x00000000
core   0: 0x800057f4 (0x019b1563) bne     s6, s9, pc + 10
core   0: 0 0x800057f4 (0x019b1563)
core   0: 0x800057fe (0x02e7fdb3) remu    s11, a5, a4
core   0: 0 0x800057fe (0x02e7fdb3) x27 0x00000000
core   0: 0x80005802 (0x011684b3) add     s1, a3, a7
core   0: 0 0x80005802 (0x011684b3) x9  0x00000001
core   0: 0x80005806 (0x00008e7d) c.and   a2, a5
core   0: 0 0x80005806 (0x8e7d) x12 0x00000000
core   0: 0x80005808 (0x0000147d) c.addi  s0, -1
core   0: 0 0x80005808 (0x147d) x8  0x000006c3
core   0: 0x8000580a (0x02fac5b3) div     a1, s5, a5
core   0: 0 0x8000580a (0x02fac5b3) x11 0xffffffff
core   0: 0x8000580e (0xfdeb77b7) lui     a5, 0xfdeb7
core   0: 0 0x8000580e (0xfdeb77b7) x15 0xfdeb7000
core   0: 0x80005812 (0x00008f6d) c.and   a4, a1
core   0: 0 0x80005812 (0x8f6d) x14 0x00000042
core   0: 0x80005814 (0x0000127d) c.addi  tp, -1
core   0: 0 0x80005814 (0x127d) x4  0xfffffffe
core   0: 0x80005816 (0x0049a603) lw      a2, 4(s3)
core   0: 0 0x80005816 (0x0049a603) x12 0x8000588a mem 0x80021e18
core   0: 0x8000581a (0x00941a13) slli    s4, s0, 9
core   0: 0 0x8000581a (0x00941a13) x20 0x000d8600
core   0: 0x8000581e (0x010128b3) slt     a7, sp, a6
core   0: 0 0x8000581e (0x010128b3) x17 0x00000000
core   0: 0x80005822 (0x02498993) addi    s3, s3, 36
core   0: 0 0x80005822 (0x02498993) x19 0x80021e38
core   0: 0x80005826 (0x000004ba) c.slli  s1, 14
core   0: 0 0x80005826 (0x04ba) x9  0x00004000
core   0: 0x80005828 (0x00160b93) addi    s7, a2, 1
core   0: 0 0x80005828 (0x00160b93) x23 0x8000588b
core   0: 0x8000582c (0x000b8be7) jalr    s7, s7, 0
core   0: 0 0x8000582c (0x000b8be7) x23 0x80005830
core   0: 0x8000588a (0x00008c25) c.xor   s0, s1
core   0: 0 0x8000588a (0x8c25) x8  0x000046c3
core   0: 0x8000588c (0x000043cd) c.li    t2, 19
core   0: 0 0x8000588c (0x43cd) x7  0x00000013
core   0: 0x8000588e (0x00000001) c.nop
core   0: 0 0x8000588e (0x0001)
core   0: 0x80005890 (0x019eef33) or      t5, t4, s9
core   0: 0 0x80005890 (0x019eef33) x30 0x80025ce4
core   0: 0x80005894 (0x01af9933) sll     s2, t6, s10
core   0: 0 0x80005894 (0x01af9933) x18 0x16000000
core   0: 0x80005898 (0x013d5733) srl     a4, s10, s3
core   0: 0 0x80005898 (0x013d5733) x14 0x00000080
core   0: 0x8000589c (0x0000cb0d) c.beqz  a4, pc + 50
core   0: 0 0x8000589c (0xcb0d)
core   0: 0x8000589e (0x96f00b97) auipc   s7, 0x96f00
core   0: 0 0x8000589e (0x96f00b97) x23 0x16f0589e
core   0: 0x800058a2 (0x039f1333) mulh    t1, t5, s9
core   0: 0 0x800058a2 (0x039f1333) x6  0x3ffda321
core   0: 0x800058a6 (0x31b30d93) addi    s11, t1, 795
core   0: 0 0x800058a6 (0x31b30d93) x27 0x3ffda63c
core   0: 0x800058aa (0x028502b3) mul     t0, a0, s0
core   0: 0 0x800058aa (0x028502b3) x5  0x00467c3d
core   0: 0x800058ae (0x03f16633) rem     a2, sp, t6
core   0: 0 0x800058ae (0x03f16633) x12 0x00000000
core   0: 0x800058b2 (0x000099fd) c.andi  a1, -1
core   0: 0 0x800058b2 (0x99fd) x11 0xffffffff
core   0: 0x800058b4 (0x00a8e533) or      a0, a7, a0
core   0: 0 0x800058b4 (0x00a8e533) x10 0x000000ff
core   0: 0x800058b8 (0x40015a33) sra     s4, sp, zero
core   0: 0 0x800058b8 (0x40015a33) x20 0x00000000
core   0: 0x800058bc (0x0208a733) mulhsu  a4, a7, zero
core   0: 0 0x800058bc (0x0208a733) x14 0x00000000
core   0: 0x800058c0 (0x0325a233) mulhsu  tp, a1, s2
core   0: 0 0x800058c0 (0x0325a233) x4  0xffffffff
core   0: 0x800058c4 (0x0ff0000f) fence   iorw,iorw
core   0: 0 0x800058c4 (0x0ff0000f)
core   0: 0x800058c8 (0x03bfb1b3) mulhu   gp, t6, s11
core   0: 0 0x800058c8 (0x03bfb1b3) x3  0x00000002
core   0: 0x800058cc (0x0000e50d) c.bnez  a0, pc + 42
core   0: 0 0x800058cc (0xe50d)
core   0: 0x800058f6 (0x01f1c233) xor     tp, gp, t6
core   0: 0 0x800058f6 (0x01f1c233) x4  0x00000009
core   0: 0x800058fa (0x7c252293) slti    t0, a0, 1986
core   0: 0 0x800058fa (0x7c252293) x5  0x00000001
core   0: 0x800058fe (0x0049a603) lw      a2, 4(s3)
core   0: 0 0x800058fe (0x0049a603) x12 0x80003568 mem 0x80021e3c
core   0: 0x80005902 (0x02c98993) addi    s3, s3, 44
core   0: 0 0x80005902 (0x02c98993) x19 0x80021e64
core   0: 0x80005906 (0x84277593) andi    a1, a4, -1982
core   0: 0 0x80005906 (0x84277593) x11 0x00000000
core   0: 0x8000590a (0x02321a33) mulh    s4, tp, gp
core   0: 0 0x8000590a (0x02321a33) x20 0x00000000
core   0: 0x8000590e (0x00060413) mv      s0, a2
core   0: 0 0x8000590e (0x00060413) x8  0x80003568
core   0: 0x80005912 (0x00008402) c.jr    s0
core   0: 0 0x80005912 (0x8402)
core   0: 0x80003568 (0x0130fb33) and     s6, ra, s3
core   0: 0 0x80003568 (0x0130fb33) x22 0x00000000
core   0: 0x8000356c (0x0101c333) xor     t1, gp, a6
core   0: 0 0x8000356c (0x0101c333) x6  0xffff4b02
core   0: 0x80003570 (0x000001f2) c.slli  gp, 28
core   0: 0 0x80003570 (0x01f2) x3  0x20000000
core   0: 0x80003572 (0x00009d76) c.add   s10, t4
core   0: 0 0x80003572 (0x9d76) x26 0x80022539
core   0: 0x80003574 (0x01833933) sltu    s2, t1, s8
core   0: 0 0x80003574 (0x01833933) x18 0x00000000
core   0: 0x80003578 (0x40b6d5b3) sra     a1, a3, a1
core   0: 0 0x80003578 (0x40b6d5b3) x11 0x00000000
core   0: 0x8000357c (0x00008fbd) c.xor   a5, a5
core   0: 0 0x8000357c (0x8fbd) x15 0x00000000
core   0: 0x8000357e (0x0000717d) c.addi16sp sp, -16
core   0: 0 0x8000357e (0x717d) x2  0xfffffff0
core   0: 0x80003580 (0x294ac193) xori    gp, s5, 660
core   0: 0 0x80003580 (0x294ac193) x3  0x00000295
core   0: 0x80003584 (0x00416f33) or      t5, sp, tp
core   0: 0 0x80003584 (0x00416f33) x30 0xfffffff9
core   0: 0x80003588 (0x00c43f33) sltu    t5, s0, a2
core   0: 0 0x80003588 (0x00c43f33) x30 0x00000000
core   0: 0x8000358c (0x4c8ceb93) ori     s7, s9, 1224
core   0: 0 0x8000358c (0x4c8ceb93) x23 0x80025cec
core   0: 0x80003590 (0x00000001) c.nop
core   0: 0 0x80003590 (0x0001)
core   0: 0x80003592 (0x00006759) c.lui   a4, 0x16
core   0: 0 0x80003592 (0x6759) x14 0x00016000
core   0: 0x80003594 (0x01c4c433) xor     s0, s1, t3
core   0: 0 0x80003594 (0x01c4c433) x8  0x00004000
core   0: 0x80003598 (0x026ef1b3) remu    gp, t4, t1
core   0: 0 0x80003598 (0x026ef1b3) x3  0x00000000
core   0: 0x8000359c (0x0ff0000f) fence   iorw,iorw
core   0: 0 0x8000359c (0x0ff0000f)
core   0: 0x800035a0 (0x00008f2d) c.xor   a4, a1
core   0: 0 0x800035a0 (0x8f2d) x14 0x00016000
core   0: 0x800035a2 (0x00008c45) c.or    s0, s1
core   0: 0 0x800035a2 (0x8c45) x8  0x00004000
core   0: 0x800035a4 (0x016d9293) slli    t0, s11, 22
core   0: 0 0x800035a4 (0x016d9293) x5  0x8f000000
core   0: 0x800035a8 (0x03d95bb3) divu    s7, s2, t4
core   0: 0 0x800035a8 (0x03d95bb3) x23 0xffffffff
core   0: 0x800035ac (0x039ffeb3) remu    t4, t6, s9
core   0: 0 0x800035ac (0x039ffeb3) x29 0x0000000b
core   0: 0x800035b0 (0x02a7fd63) bgeu    a5, a0, pc + 58
core   0: 0 0x800035b0 (0x02a7fd63)
core   0: 0x800035b4 (0x00000001) c.nop
core   0: 0 0x800035b4 (0x0001)
core   0: 0x800035b6 (0x01dcc633) xor     a2, s9, t4
core   0: 0 0x800035b6 (0x01dcc633) x12 0x80025cef
core   0: 0x800035ba (0x00000001) c.nop
core   0: 0 0x800035ba (0x0001)
core   0: 0x800035bc (0x40d45793) srai    a5, s0, 13
core   0: 0 0x800035bc (0x40d45793) x15 0x00000002
core   0: 0x800035c0 (0x0000100f) fence.i
core   0: 0 0x800035c0 (0x0000100f)
core   0: 0x800035c4 (0x038f2933) mulhsu  s2, t5, s8
core   0: 0 0x800035c4 (0x038f2933) x18 0x00000000
core   0: 0x800035c8 (0x00008ca1) c.xor   s1, s0
core   0: 0 0x800035c8 (0x8ca1) x9  0x00000000
core   0: 0x800035ca (0x419f8db3) sub     s11, t6, s9
core   0: 0 0x800035ca (0x419f8db3) x27 0x7ffda327
core   0: 0x800035ce (0x417cde93) srai    t4, s9, 23
core   0: 0 0x800035ce (0x417cde93) x29 0xffffff00
core   0: 0x800035d2 (0xaf188393) addi    t2, a7, -1295
core   0: 0 0x800035d2 (0xaf188393) x7  0xfffffaf1
core   0: 0x800035d6 (0x0000717d) c.addi16sp sp, -16
core   0: 0 0x800035d6 (0x717d) x2  0xffffffe0
core   0: 0x800035d8 (0x01452d33) slt     s10, a0, s4
core   0: 0 0x800035d8 (0x01452d33) x26 0x00000000
core   0: 0x800035dc (0x7417bc13) sltiu   s8, a5, 1857
core   0: 0 0x800035dc (0x7417bc13) x24 0x00000001
core   0: 0x800035e0 (0x4083d613) srai    a2, t2, 8
core   0: 0 0x800035e0 (0x4083d613) x12 0xfffffffa
core   0: 0x800035e4 (0x025757b3) divu    a5, a4, t0
core   0: 0 0x800035e4 (0x025757b3) x15 0x00000000
core   0: 0x800035e8 (0x000082c5) c.srli  a3, 17
core   0: 0 0x800035e8 (0x82c5) x13 0x00000000
core   0: 0x800035ea (0x01b91c13) slli    s8, s2, 27
core   0: 0 0x800035ea (0x01b91c13) x24 0x00000000
core   0: 0x800035ee (0x002ce233) or      tp, s9, sp
core   0: 0 0x800035ee (0x002ce233) x4  0xffffffe4
core   0: 0x800035f2 (0x0173d733) srl     a4, t2, s7
core   0: 0 0x800035f2 (0x0173d733) x14 0x00000001
core   0: 0x800035f6 (0x0000100f) fence.i
core   0: 0 0x800035f6 (0x0000100f)
core   0: 0x800035fa (0x28b714b7) lui     s1, 0x28b71
core   0: 0 0x800035fa (0x28b714b7) x9  0x28b71000
core   0: 0x800035fe (0x02863a33) mulhu   s4, a2, s0
core   0: 0 0x800035fe (0x02863a33) x20 0x00003fff
core   0: 0x80003602 (0x0000c2a9) c.beqz  a3, pc + 66
core   0: 0 0x80003602 (0xc2a9)
core   0: 0x80003644 (0x02fb6f63) bltu    s6, a5, pc + 62
core   0: 0 0x80003644 (0x02fb6f63)
core   0: 0x80003648 (0x017a32b3) sltu    t0, s4, s7
core   0: 0 0x80003648 (0x017a32b3) x5  0x00000001
core   0: 0x8000364c (0x0000009c) c.addi4spn a5, sp, 64
core   0: 0 0x8000364c (0x009c) x15 0x00000020
core   0: 0x8000364e (0x022638b3) mulhu   a7, a2, sp
core   0: 0 0x8000364e (0x022638b3) x17 0xffffffda
core   0: 0x80003652 (0x0057eeb3) or      t4, a5, t0
core   0: 0 0x80003652 (0x0057eeb3) x29 0x00000021
core   0: 0x80003656 (0x00942d33) slt     s10, s0, s1
core   0: 0 0x80003656 (0x00942d33) x26 0x00000001
core   0: 0x8000365a (0x00f9bbb3) sltu    s7, s3, a5
core   0: 0 0x8000365a (0x00f9bbb3) x23 0x00000000
core   0: 0x8000365e (0x02ffdf63) bge     t6, a5, pc + 62
core   0: 0 0x8000365e (0x02ffdf63)
core   0: 0x80003662 (0x417d02b3) sub     t0, s10, s7
core   0: 0 0x80003662 (0x417d02b3) x5  0x00000001
core   0: 0x80003666 (0x00008eb6) c.mv    t4, a3
core   0: 0 0x80003666 (0x8eb6) x29 0x00000000
core   0: 0x80003668 (0x03b8f133) remu    sp, a7, s11
core   0: 0 0x80003668 (0x03b8f133) x2  0x0004b98c
core   0: 0x8000366c (0x0000c59d) c.beqz  a1, pc + 46
core   0: 0 0x8000366c (0xc59d)
core   0: 0x8000369a (0x0000717d) c.addi16sp sp, -16
core   0: 0 0x8000369a (0x717d) x2  0x0004b97c
core   0: 0x8000369c (0x001b4433) xor     s0, s6, ra
core   0: 0 0x8000369c (0x001b4433) x8  0x00000000
core   0: 0x800036a0 (0x02e53833) mulhu   a6, a0, a4
core   0: 0 0x800036a0 (0x02e53833) x16 0x00000000
core   0: 0x800036a4 (0x00008f45) c.or    a4, s1
core   0: 0 0x800036a4 (0x8f45) x14 0x28b71001
core   0: 0x800036a6 (0x02eff6b3) remu    a3, t6, a4
core   0: 0 0x800036a6 (0x02eff6b3) x13 0x0000000b
core   0: 0x800036aa (0x41465433) sra     s0, a2, s4
core   0: 0 0x800036aa (0x41465433) x8  0xffffffff
core   0: 0x800036ae (0xd4f08213) addi    tp, ra, -689
core   0: 0 0x800036ae (0xd4f08213) x4  0xfffffd4f
core   0: 0x800036b2 (0x02f950b3) divu    ra, s2, a5
core   0: 0 0x800036b2 (0x02f950b3) x1  0x00000000
core   0: 0x800036b6 (0xffffdf97) auipc   t6, 0xffffd
core   0: 0 0x800036b6 (0xffffdf97) x31 0x800006b6
core   0: 0x800036ba (0xcc6f8f93) addi    t6, t6, -826
core   0: 0 0x800036ba (0xcc6f8f93) x31 0x8000037c
core   0: 0x800036be (0x000f8067) jr      t6
core   0: 0 0x800036be (0x000f8067)
core   0: 0x8000037c (0x900007b7) lui     a5, 0x90000
core   0: 0 0x8000037c (0x900007b7) x15 0x90000000
core   0: 0x80000380 (0x000017e1) c.addi  a5, -8
core   0: 0 0x80000380 (0x17e1) x15 0x8ffffff8
core   0: 0x80000382 (0x00004e81) c.li    t4, 0
core   0: 0 0x80000382 (0x4e81) x29 0x00000000
core   0: 0x80000384 (0x00000ea2) c.slli  t4, 8
core   0: 0 0x80000384 (0x0ea2) x29 0x00000000
core   0: 0x80000386 (0x00000e85) c.addi  t4, 1
core   0: 0 0x80000386 (0x0e85) x29 0x00000001
core   0: 0x80000388 (0x01d7a023) sw      t4, 0(a5)
core   0: 0 0x80000388 (0x01d7a023) mem 0x8ffffff8 0x00000001
core   0: 0x8000038c (0x00000073) ecall
core   0: exception trap_user_ecall, epc 0x8000038c
core   0: 0x80002700 (0x0800006f) j       pc + 0x80
core   0: 3 0x80002700 (0x0800006f)
core   0: 0x80002780 (0x00001cf1) c.addi  s9, -4
core   0: 3 0x80002780 (0x1cf1) x25 0x80025ce0
core   0: 0x80002782 (0x013ca023) sw      s3, 0(s9)
core   0: 3 0x80002782 (0x013ca023) mem 0x80025ce0 0x80021e64
core   0: 0x80002786 (0x000c89b3) add     s3, s9, zero
core   0: 3 0x80002786 (0x000c89b3) x19 0x80025ce0
core   0: 0x8000278a (0xf8098993) addi    s3, s3, -128
core   0: 3 0x8000278a (0xf8098993) x19 0x80025c60
core   0: 0x8000278e (0x0019a223) sw      ra, 4(s3)
core   0: 3 0x8000278e (0x0019a223) mem 0x80025c64 0x00000000
core   0: 0x80002792 (0x0029a423) sw      sp, 8(s3)
core   0: 3 0x80002792 (0x0029a423) mem 0x80025c68 0x0004b97c
core   0: 0x80002796 (0x0039a623) sw      gp, 12(s3)
core   0: 3 0x80002796 (0x0039a623) mem 0x80025c6c 0x00000000
core   0: 0x8000279a (0x0049a823) sw      tp, 16(s3)
core   0: 3 0x8000279a (0x0049a823) mem 0x80025c70 0xfffffd4f
core   0: 0x8000279e (0x0059aa23) sw      t0, 20(s3)
core   0: 3 0x8000279e (0x0059aa23) mem 0x80025c74 0x00000001
core   0: 0x800027a2 (0x0069ac23) sw      t1, 24(s3)
core   0: 3 0x800027a2 (0x0069ac23) mem 0x80025c78 0xffff4b02
core   0: 0x800027a6 (0x0079ae23) sw      t2, 28(s3)
core   0: 3 0x800027a6 (0x0079ae23) mem 0x80025c7c 0xfffffaf1
core   0: 0x800027aa (0x0289a023) sw      s0, 32(s3)
core   0: 3 0x800027aa (0x0289a023) mem 0x80025c80 0xffffffff
core   0: 0x800027ae (0x0299a223) sw      s1, 36(s3)
core   0: 3 0x800027ae (0x0299a223) mem 0x80025c84 0x28b71000
core   0: 0x800027b2 (0x02a9a423) sw      a0, 40(s3)
core   0: 3 0x800027b2 (0x02a9a423) mem 0x80025c88 0x000000ff
core   0: 0x800027b6 (0x02b9a623) sw      a1, 44(s3)
core   0: 3 0x800027b6 (0x02b9a623) mem 0x80025c8c 0x00000000
core   0: 0x800027ba (0x02c9a823) sw      a2, 48(s3)
core   0: 3 0x800027ba (0x02c9a823) mem 0x80025c90 0xfffffffa
core   0: 0x800027be (0x02d9aa23) sw      a3, 52(s3)
core   0: 3 0x800027be (0x02d9aa23) mem 0x80025c94 0x0000000b
core   0: 0x800027c2 (0x02e9ac23) sw      a4, 56(s3)
core   0: 3 0x800027c2 (0x02e9ac23) mem 0x80025c98 0x28b71001
core   0: 0x800027c6 (0x02f9ae23) sw      a5, 60(s3)
core   0: 3 0x800027c6 (0x02f9ae23) mem 0x80025c9c 0x8ffffff8
core   0: 0x800027ca (0x0509a023) sw      a6, 64(s3)
core   0: 3 0x800027ca (0x0509a023) mem 0x80025ca0 0x00000000
core   0: 0x800027ce (0x0519a223) sw      a7, 68(s3)
core   0: 3 0x800027ce (0x0519a223) mem 0x80025ca4 0xffffffda
core   0: 0x800027d2 (0x0529a423) sw      s2, 72(s3)
core   0: 3 0x800027d2 (0x0529a423) mem 0x80025ca8 0x00000000
core   0: 0x800027d6 (0x0539a623) sw      s3, 76(s3)
core   0: 3 0x800027d6 (0x0539a623) mem 0x80025cac 0x80025c60
core   0: 0x800027da (0x0549a823) sw      s4, 80(s3)
core   0: 3 0x800027da (0x0549a823) mem 0x80025cb0 0x00003fff
core   0: 0x800027de (0x0559aa23) sw      s5, 84(s3)
core   0: 3 0x800027de (0x0559aa23) mem 0x80025cb4 0x00000001
core   0: 0x800027e2 (0x0569ac23) sw      s6, 88(s3)
core   0: 3 0x800027e2 (0x0569ac23) mem 0x80025cb8 0x00000000
core   0: 0x800027e6 (0x0579ae23) sw      s7, 92(s3)
core   0: 3 0x800027e6 (0x0579ae23) mem 0x80025cbc 0x00000000
core   0: 0x800027ea (0x0789a023) sw      s8, 96(s3)
core   0: 3 0x800027ea (0x0789a023) mem 0x80025cc0 0x00000000
core   0: 0x800027ee (0x0799a223) sw      s9, 100(s3)
core   0: 3 0x800027ee (0x0799a223) mem 0x80025cc4 0x80025ce0
core   0: 0x800027f2 (0x07a9a423) sw      s10, 104(s3)
core   0: 3 0x800027f2 (0x07a9a423) mem 0x80025cc8 0x00000001
core   0: 0x800027f6 (0x07b9a623) sw      s11, 108(s3)
core   0: 3 0x800027f6 (0x07b9a623) mem 0x80025ccc 0x7ffda327
core   0: 0x800027fa (0x07c9a823) sw      t3, 112(s3)
core   0: 3 0x800027fa (0x07c9a823) mem 0x80025cd0 0x00000000
core   0: 0x800027fe (0x07d9aa23) sw      t4, 116(s3)
core   0: 3 0x800027fe (0x07d9aa23) mem 0x80025cd4 0x00000001
core   0: 0x80002802 (0x07e9ac23) sw      t5, 120(s3)
core   0: 3 0x80002802 (0x07e9ac23) mem 0x80025cd8 0x00000000
core   0: 0x80002806 (0x07f9ae23) sw      t6, 124(s3)
core   0: 3 0x80002806 (0x07f9ae23) mem 0x80025cdc 0x8000037c
core   0: 0x8000280a (0x00098cb3) add     s9, s3, zero
core   0: 3 0x8000280a (0x00098cb3) x25 0x80025c60
core   0: 0x8000280e (0x900007b7) lui     a5, 0x90000
core   0: 3 0x8000280e (0x900007b7) x15 0x90000000
core   0: 0x80002812 (0x000017f1) c.addi  a5, -4
core   0: 3 0x80002812 (0x17f1) x15 0x8ffffffc
core   0: 0x80002814 (0x00004ea1) c.li    t4, 8
core   0: 3 0x80002814 (0x4ea1) x29 0x00000008
core   0: 0x80002816 (0x00000ea2) c.slli  t4, 8
core   0: 3 0x80002816 (0x0ea2) x29 0x00000800
core   0: 0x80002818 (0x000e8e93) mv      t4, t4
core   0: 3 0x80002818 (0x000e8e93) x29 0x00000800
core   0: 0x8000281c (0x01d7a023) sw      t4, 0(a5)
core   0: 3 0x8000281c (0x01d7a023) mem 0x8ffffffc 0x00000800
core   0: 0x80002820 (0x34102ef3) csrr    t4, mepc
core   0: 3 0x80002820 (0x34102ef3) x29 0x8000038c
core   0: 0x80002824 (0x34202ef3) csrr    t4, mcause
core   0: 3 0x80002824 (0x34202ef3) x29 0x00000008
core   0: 0x80002828 (0x0000478d) c.li    a5, 3
core   0: 3 0x80002828 (0x478d) x15 0x00000003
core   0: 0x8000282a (0x00fe9463) bne     t4, a5, pc + 8
core   0: 3 0x8000282a (0x00fe9463)
core   0: 0x80002832 (0x000047a1) c.li    a5, 8
core   0: 3 0x80002832 (0x47a1) x15 0x00000008
core   0: 0x80002834 (0x04fe8d63) beq     t4, a5, pc + 90
core   0: 3 0x80002834 (0x04fe8d63)
core   0: 0x8000288e (0x900007b7) lui     a5, 0x90000
core   0: 3 0x8000288e (0x900007b7) x15 0x90000000
core   0: 0x80002892 (0x000017f1) c.addi  a5, -4
core   0: 3 0x80002892 (0x17f1) x15 0x8ffffffc
core   0: 0x80002894 (0x00006e85) c.lui   t4, 0x1
core   0: 3 0x80002894 (0x6e85) x29 0x00001000
core   0: 0x80002896 (0xb00e8e93) addi    t4, t4, -1280
core   0: 3 0x80002896 (0xb00e8e93) x29 0x00000b00
core   0: 0x8000289a (0x00000ea2) c.slli  t4, 8
core   0: 3 0x8000289a (0x0ea2) x29 0x000b0000
core   0: 0x8000289c (0x00000e8d) c.addi  t4, 3
core   0: 3 0x8000289c (0x0e8d) x29 0x000b0003
core   0: 0x8000289e (0x01d7a023) sw      t4, 0(a5)
core   0: 3 0x8000289e (0x01d7a023) mem 0x8ffffffc 0x000b0003
core   0: 0x800028a2 (0xb0002ef3) csrr    t4, mcycle
core   0: 3 0x800028a2 (0xb0002ef3) x29 0x0000f7f8
core   0: 0x800028a6 (0x01d7a023) sw      t4, 0(a5)
core   0: 3 0x800028a6 (0x01d7a023) mem 0x8ffffffc 0x0000f7f8
core   0: 0x800028aa (0x900007b7) lui     a5, 0x90000
core   0: 3 0x800028aa (0x900007b7) x15 0x90000000
core   0: 0x800028ae (0x000017f1) c.addi  a5, -4
core   0: 3 0x800028ae (0x17f1) x15 0x8ffffffc
core   0: 0x800028b0 (0x00006e85) c.lui   t4, 0x1
core   0: 3 0x800028b0 (0x6e85) x29 0x00001000
core   0: 0x800028b2 (0xb80e8e93) addi    t4, t4, -1152
core   0: 3 0x800028b2 (0xb80e8e93) x29 0x00000b80
core   0: 0x800028b6 (0x00000ea2) c.slli  t4, 8
core   0: 3 0x800028b6 (0x0ea2) x29 0x000b8000
core   0: 0x800028b8 (0x00000e8d) c.addi  t4, 3
core   0: 3 0x800028b8 (0x0e8d) x29 0x000b8003
core   0: 0x800028ba (0x01d7a023) sw      t4, 0(a5)
core   0: 3 0x800028ba (0x01d7a023) mem 0x8ffffffc 0x000b8003
core   0: 0x800028be (0xb8002ef3) csrr    t4, mcycleh
core   0: 3 0x800028be (0xb8002ef3) x29 0x00000000
core   0: 0x800028c2 (0x01d7a023) sw      t4, 0(a5)
core   0: 3 0x800028c2 (0x01d7a023) mem 0x8ffffffc 0x00000000
core   0: 0x800028c6 (0x900007b7) lui     a5, 0x90000
core   0: 3 0x800028c6 (0x900007b7) x15 0x90000000
core   0: 0x800028ca (0x000017f1) c.addi  a5, -4
core   0: 3 0x800028ca (0x17f1) x15 0x8ffffffc
core   0: 0x800028cc (0x00006e85) c.lui   t4, 0x1
core   0: 3 0x800028cc (0x6e85) x29 0x00001000
core   0: 0x800028ce (0xb03e8e93) addi    t4, t4, -1277
core   0: 3 0x800028ce (0xb03e8e93) x29 0x00000b03
core   0: 0x800028d2 (0x00000ea2) c.slli  t4, 8
core   0: 3 0x800028d2 (0x0ea2) x29 0x000b0300
core   0: 0x800028d4 (0x00000e8d) c.addi  t4, 3
core   0: 3 0x800028d4 (0x0e8d) x29 0x000b0303
core   0: 0x800028d6 (0x01d7a023) sw      t4, 0(a5)
core   0: 3 0x800028d6 (0x01d7a023) mem 0x8ffffffc 0x000b0303
core   0: 0x800028da (0xb0302ef3) csrr    t4, mhpmcounter3
core   0: 3 0x800028da (0xb0302ef3) x29 0x00000114
core   0: 0x800028de (0x01d7a023) sw      t4, 0(a5)
core   0: 3 0x800028de (0x01d7a023) mem 0x8ffffffc 0x00000114
core   0: 0x800028e2 (0x900007b7) lui     a5, 0x90000
core   0: 3 0x800028e2 (0x900007b7) x15 0x90000000
core   0: 0x800028e6 (0x000017f1) c.addi  a5, -4
core   0: 3 0x800028e6 (0x17f1) x15 0x8ffffffc
core   0: 0x800028e8 (0x00006e85) c.lui   t4, 0x1
core   0: 3 0x800028e8 (0x6e85) x29 0x00001000
core   0: 0x800028ea (0xb83e8e93) addi    t4, t4, -1149
core   0: 3 0x800028ea (0xb83e8e93) x29 0x00000b83
core   0: 0x800028ee (0x00000ea2) c.slli  t4, 8
core   0: 3 0x800028ee (0x0ea2) x29 0x000b8300
core   0: 0x800028f0 (0x00000e8d) c.addi  t4, 3
core   0: 3 0x800028f0 (0x0e8d) x29 0x000b8303
core   0: 0x800028f2 (0x01d7a023) sw      t4, 0(a5)
core   0: 3 0x800028f2 (0x01d7a023) mem 0x8ffffffc 0x000b8303
core   0: 0x800028f6 (0xb8302ef3) csrr    t4, mhpmcounter3h
core   0: 3 0x800028f6 (0xb8302ef3) x29 0x00000000
core   0: 0x800028fa (0x01d7a023) sw      t4, 0(a5)
core   0: 3 0x800028fa (0x01d7a023) mem 0x8ffffffc 0x00000000
core   0: 0x800028fe (0x900007b7) lui     a5, 0x90000
core   0: 3 0x800028fe (0x900007b7) x15 0x90000000
core   0: 0x80002902 (0x000017f1) c.addi  a5, -4
core   0: 3 0x80002902 (0x17f1) x15 0x8ffffffc
core   0: 0x80002904 (0x00006e85) c.lui   t4, 0x1
core   0: 3 0x80002904 (0x6e85) x29 0x00001000
core   0: 0x80002906 (0xb04e8e93) addi    t4, t4, -1276
core   0: 3 0x80002906 (0xb04e8e93) x29 0x00000b04
core   0: 0x8000290a (0x00000ea2) c.slli  t4, 8
core   0: 3 0x8000290a (0x0ea2) x29 0x000b0400
core   0: 0x8000290c (0x00000e8d) c.addi  t4, 3
core   0: 3 0x8000290c (0x0e8d) x29 0x000b0403
core   0: 0x8000290e (0x01d7a023) sw      t4, 0(a5)
core   0: 3 0x8000290e (0x01d7a023) mem 0x8ffffffc 0x000b0403
core   0: 0x80002912 (0xb0402ef3) csrr    t4, mhpmcounter4
core   0: 3 0x80002912 (0xb0402ef3) x29 0x000080b7
core   0: 0x80002916 (0x01d7a023) sw      t4, 0(a5)
core   0: 3 0x80002916 (0x01d7a023) mem 0x8ffffffc 0x000080b7
core   0: 0x8000291a (0x900007b7) lui     a5, 0x90000
core   0: 3 0x8000291a (0x900007b7) x15 0x90000000
core   0: 0x8000291e (0x000017f1) c.addi  a5, -4
core   0: 3 0x8000291e (0x17f1) x15 0x8ffffffc
core   0: 0x80002920 (0x00006e85) c.lui   t4, 0x1
core   0: 3 0x80002920 (0x6e85) x29 0x00001000
core   0: 0x80002922 (0xb84e8e93) addi    t4, t4, -1148
core   0: 3 0x80002922 (0xb84e8e93) x29 0x00000b84
core   0: 0x80002926 (0x00000ea2) c.slli  t4, 8
core   0: 3 0x80002926 (0x0ea2) x29 0x000b8400
core   0: 0x80002928 (0x00000e8d) c.addi  t4, 3
core   0: 3 0x80002928 (0x0e8d) x29 0x000b8403
core   0: 0x8000292a (0x01d7a023) sw      t4, 0(a5)
core   0: 3 0x8000292a (0x01d7a023) mem 0x8ffffffc 0x000b8403
core   0: 0x8000292e (0xb8402ef3) csrr    t4, mhpmcounter4h
core   0: 3 0x8000292e (0xb8402ef3) x29 0x00000000
core   0: 0x80002932 (0x01d7a023) sw      t4, 0(a5)
core   0: 3 0x80002932 (0x01d7a023) mem 0x8ffffffc 0x00000000
core   0: 0x80002936 (0x900007b7) lui     a5, 0x90000
core   0: 3 0x80002936 (0x900007b7) x15 0x90000000
core   0: 0x8000293a (0x000017f1) c.addi  a5, -4
core   0: 3 0x8000293a (0x17f1) x15 0x8ffffffc
core   0: 0x8000293c (0x00006e85) c.lui   t4, 0x1
core   0: 3 0x8000293c (0x6e85) x29 0x00001000
core   0: 0x8000293e (0xb05e8e93) addi    t4, t4, -1275
core   0: 3 0x8000293e (0xb05e8e93) x29 0x00000b05
core   0: 0x80002942 (0x00000ea2) c.slli  t4, 8
core   0: 3 0x80002942 (0x0ea2) x29 0x000b0500
core   0: 0x80002944 (0x00000e8d) c.addi  t4, 3
core   0: 3 0x80002944 (0x0e8d) x29 0x000b0503
core   0: 0x80002946 (0x01d7a023) sw      t4, 0(a5)
core   0: 3 0x80002946 (0x01d7a023) mem 0x8ffffffc 0x000b0503
core   0: 0x8000294a (0xb0502ef3) csrr    t4, mhpmcounter5
core   0: 3 0x8000294a (0xb0502ef3) x29 0x0000000a
core   0: 0x8000294e (0x01d7a023) sw      t4, 0(a5)
core   0: 3 0x8000294e (0x01d7a023) mem 0x8ffffffc 0x0000000a
core   0: 0x80002952 (0x900007b7) lui     a5, 0x90000
core   0: 3 0x80002952 (0x900007b7) x15 0x90000000
core   0: 0x80002956 (0x000017f1) c.addi  a5, -4
core   0: 3 0x80002956 (0x17f1) x15 0x8ffffffc
core   0: 0x80002958 (0x00006e85) c.lui   t4, 0x1
core   0: 3 0x80002958 (0x6e85) x29 0x00001000
core   0: 0x8000295a (0xb85e8e93) addi    t4, t4, -1147
core   0: 3 0x8000295a (0xb85e8e93) x29 0x00000b85
core   0: 0x8000295e (0x00000ea2) c.slli  t4, 8
core   0: 3 0x8000295e (0x0ea2) x29 0x000b8500
core   0: 0x80002960 (0x00000e8d) c.addi  t4, 3
core   0: 3 0x80002960 (0x0e8d) x29 0x000b8503
core   0: 0x80002962 (0x01d7a023) sw      t4, 0(a5)
core   0: 3 0x80002962 (0x01d7a023) mem 0x8ffffffc 0x000b8503
core   0: 0x80002966 (0xb8502ef3) csrr    t4, mhpmcounter5h
core   0: 3 0x80002966 (0xb8502ef3) x29 0x00000000
core   0: 0x8000296a (0x01d7a023) sw      t4, 0(a5)
core   0: 3 0x8000296a (0x01d7a023) mem 0x8ffffffc 0x00000000
core   0: 0x8000296e (0x900007b7) lui     a5, 0x90000
core   0: 3 0x8000296e (0x900007b7) x15 0x90000000
core   0: 0x80002972 (0x000017f1) c.addi  a5, -4
core   0: 3 0x80002972 (0x17f1) x15 0x8ffffffc
core   0: 0x80002974 (0x00006e85) c.lui   t4, 0x1
core   0: 3 0x80002974 (0x6e85) x29 0x00001000
core   0: 0x80002976 (0xb06e8e93) addi    t4, t4, -1274
core   0: 3 0x80002976 (0xb06e8e93) x29 0x00000b06
core   0: 0x8000297a (0x00000ea2) c.slli  t4, 8
core   0: 3 0x8000297a (0x0ea2) x29 0x000b0600
core   0: 0x8000297c (0x00000e8d) c.addi  t4, 3
core   0: 3 0x8000297c (0x0e8d) x29 0x000b0603
core   0: 0x8000297e (0x01d7a023) sw      t4, 0(a5)
core   0: 3 0x8000297e (0x01d7a023) mem 0x8ffffffc 0x000b0603
core   0: 0x80002982 (0xb0602ef3) csrr    t4, mhpmcounter6
core   0: 3 0x80002982 (0xb0602ef3) x29 0x00000042
core   0: 0x80002986 (0x01d7a023) sw      t4, 0(a5)
core   0: 3 0x80002986 (0x01d7a023) mem 0x8ffffffc 0x00000042
core   0: 0x8000298a (0x900007b7) lui     a5, 0x90000
core   0: 3 0x8000298a (0x900007b7) x15 0x90000000
core   0: 0x8000298e (0x000017f1) c.addi  a5, -4
core   0: 3 0x8000298e (0x17f1) x15 0x8ffffffc
core   0: 0x80002990 (0x00006e85) c.lui   t4, 0x1
core   0: 3 0x80002990 (0x6e85) x29 0x00001000
core   0: 0x80002992 (0xb86e8e93) addi    t4, t4, -1146
core   0: 3 0x80002992 (0xb86e8e93) x29 0x00000b86
core   0: 0x80002996 (0x00000ea2) c.slli  t4, 8
core   0: 3 0x80002996 (0x0ea2) x29 0x000b8600
core   0: 0x80002998 (0x00000e8d) c.addi  t4, 3
core   0: 3 0x80002998 (0x0e8d) x29 0x000b8603
core   0: 0x8000299a (0x01d7a023) sw      t4, 0(a5)
core   0: 3 0x8000299a (0x01d7a023) mem 0x8ffffffc 0x000b8603
core   0: 0x8000299e (0xb8602ef3) csrr    t4, mhpmcounter6h
core   0: 3 0x8000299e (0xb8602ef3) x29 0x00000000
core   0: 0x800029a2 (0x01d7a023) sw      t4, 0(a5)
core   0: 3 0x800029a2 (0x01d7a023) mem 0x8ffffffc 0x00000000
core   0: 0x800029a6 (0x900007b7) lui     a5, 0x90000
core   0: 3 0x800029a6 (0x900007b7) x15 0x90000000
core   0: 0x800029aa (0x000017f1) c.addi  a5, -4
core   0: 3 0x800029aa (0x17f1) x15 0x8ffffffc
core   0: 0x800029ac (0x00006e85) c.lui   t4, 0x1
core   0: 3 0x800029ac (0x6e85) x29 0x00001000
core   0: 0x800029ae (0xb07e8e93) addi    t4, t4, -1273
core   0: 3 0x800029ae (0xb07e8e93) x29 0x00000b07
core   0: 0x800029b2 (0x00000ea2) c.slli  t4, 8
core   0: 3 0x800029b2 (0x0ea2) x29 0x000b0700
core   0: 0x800029b4 (0x00000e8d) c.addi  t4, 3
core   0: 3 0x800029b4 (0x0e8d) x29 0x000b0703
core   0: 0x800029b6 (0x01d7a023) sw      t4, 0(a5)
core   0: 3 0x800029b6 (0x01d7a023) mem 0x8ffffffc 0x000b0703
core   0: 0x800029ba (0xb0702ef3) csrr    t4, mhpmcounter7
core   0: 3 0x800029ba (0xb0702ef3) x29 0x00000086
core   0: 0x800029be (0x01d7a023) sw      t4, 0(a5)
core   0: 3 0x800029be (0x01d7a023) mem 0x8ffffffc 0x00000086
core   0: 0x800029c2 (0x900007b7) lui     a5, 0x90000
core   0: 3 0x800029c2 (0x900007b7) x15 0x90000000
core   0: 0x800029c6 (0x000017f1) c.addi  a5, -4
core   0: 3 0x800029c6 (0x17f1) x15 0x8ffffffc
core   0: 0x800029c8 (0x00006e85) c.lui   t4, 0x1
core   0: 3 0x800029c8 (0x6e85) x29 0x00001000
core   0: 0x800029ca (0xb87e8e93) addi    t4, t4, -1145
core   0: 3 0x800029ca (0xb87e8e93) x29 0x00000b87
core   0: 0x800029ce (0x00000ea2) c.slli  t4, 8
core   0: 3 0x800029ce (0x0ea2) x29 0x000b8700
core   0: 0x800029d0 (0x00000e8d) c.addi  t4, 3
core   0: 3 0x800029d0 (0x0e8d) x29 0x000b8703
core   0: 0x800029d2 (0x01d7a023) sw      t4, 0(a5)
core   0: 3 0x800029d2 (0x01d7a023) mem 0x8ffffffc 0x000b8703
core   0: 0x800029d6 (0xb8702ef3) csrr    t4, mhpmcounter7h
core   0: 3 0x800029d6 (0xb8702ef3) x29 0x00000000
core   0: 0x800029da (0x01d7a023) sw      t4, 0(a5)
core   0: 3 0x800029da (0x01d7a023) mem 0x8ffffffc 0x00000000
core   0: 0x800029de (0x900007b7) lui     a5, 0x90000
core   0: 3 0x800029de (0x900007b7) x15 0x90000000
core   0: 0x800029e2 (0x000017f1) c.addi  a5, -4
core   0: 3 0x800029e2 (0x17f1) x15 0x8ffffffc
core   0: 0x800029e4 (0x00006e85) c.lui   t4, 0x1
core   0: 3 0x800029e4 (0x6e85) x29 0x00001000
core   0: 0x800029e6 (0xb08e8e93) addi    t4, t4, -1272
core   0: 3 0x800029e6 (0xb08e8e93) x29 0x00000b08
core   0: 0x800029ea (0x00000ea2) c.slli  t4, 8
core   0: 3 0x800029ea (0x0ea2) x29 0x000b0800
core   0: 0x800029ec (0x00000e8d) c.addi  t4, 3
core   0: 3 0x800029ec (0x0e8d) x29 0x000b0803
core   0: 0x800029ee (0x01d7a023) sw      t4, 0(a5)
core   0: 3 0x800029ee (0x01d7a023) mem 0x8ffffffc 0x000b0803
core   0: 0x800029f2 (0xb0802ef3) csrr    t4, mhpmcounter8
core   0: 3 0x800029f2 (0xb0802ef3) x29 0x00000346
core   0: 0x800029f6 (0x01d7a023) sw      t4, 0(a5)
core   0: 3 0x800029f6 (0x01d7a023) mem 0x8ffffffc 0x00000346
core   0: 0x800029fa (0x900007b7) lui     a5, 0x90000
core   0: 3 0x800029fa (0x900007b7) x15 0x90000000
core   0: 0x800029fe (0x000017f1) c.addi  a5, -4
core   0: 3 0x800029fe (0x17f1) x15 0x8ffffffc
core   0: 0x80002a00 (0x00006e85) c.lui   t4, 0x1
core   0: 3 0x80002a00 (0x6e85) x29 0x00001000
core   0: 0x80002a02 (0xb88e8e93) addi    t4, t4, -1144
core   0: 3 0x80002a02 (0xb88e8e93) x29 0x00000b88
core   0: 0x80002a06 (0x00000ea2) c.slli  t4, 8
core   0: 3 0x80002a06 (0x0ea2) x29 0x000b8800
core   0: 0x80002a08 (0x00000e8d) c.addi  t4, 3
core   0: 3 0x80002a08 (0x0e8d) x29 0x000b8803
core   0: 0x80002a0a (0x01d7a023) sw      t4, 0(a5)
core   0: 3 0x80002a0a (0x01d7a023) mem 0x8ffffffc 0x000b8803
core   0: 0x80002a0e (0xb8802ef3) csrr    t4, mhpmcounter8h
core   0: 3 0x80002a0e (0xb8802ef3) x29 0x00000000
core   0: 0x80002a12 (0x01d7a023) sw      t4, 0(a5)
core   0: 3 0x80002a12 (0x01d7a023) mem 0x8ffffffc 0x00000000
core   0: 0x80002a16 (0x900007b7) lui     a5, 0x90000
core   0: 3 0x80002a16 (0x900007b7) x15 0x90000000
core   0: 0x80002a1a (0x000017f1) c.addi  a5, -4
core   0: 3 0x80002a1a (0x17f1) x15 0x8ffffffc
core   0: 0x80002a1c (0x00006e85) c.lui   t4, 0x1
core   0: 3 0x80002a1c (0x6e85) x29 0x00001000
core   0: 0x80002a1e (0xb09e8e93) addi    t4, t4, -1271
core   0: 3 0x80002a1e (0xb09e8e93) x29 0x00000b09
core   0: 0x80002a22 (0x00000ea2) c.slli  t4, 8
core   0: 3 0x80002a22 (0x0ea2) x29 0x000b0900
core   0: 0x80002a24 (0x00000e8d) c.addi  t4, 3
core   0: 3 0x80002a24 (0x0e8d) x29 0x000b0903
core   0: 0x80002a26 (0x01d7a023) sw      t4, 0(a5)
core   0: 3 0x80002a26 (0x01d7a023) mem 0x8ffffffc 0x000b0903
core   0: 0x80002a2a (0xb0902ef3) csrr    t4, mhpmcounter9
core   0: 3 0x80002a2a (0xb0902ef3) x29 0x000001e0
core   0: 0x80002a2e (0x01d7a023) sw      t4, 0(a5)
core   0: 3 0x80002a2e (0x01d7a023) mem 0x8ffffffc 0x000001e0
core   0: 0x80002a32 (0x900007b7) lui     a5, 0x90000
core   0: 3 0x80002a32 (0x900007b7) x15 0x90000000
core   0: 0x80002a36 (0x000017f1) c.addi  a5, -4
core   0: 3 0x80002a36 (0x17f1) x15 0x8ffffffc
core   0: 0x80002a38 (0x00006e85) c.lui   t4, 0x1
core   0: 3 0x80002a38 (0x6e85) x29 0x00001000
core   0: 0x80002a3a (0xb89e8e93) addi    t4, t4, -1143
core   0: 3 0x80002a3a (0xb89e8e93) x29 0x00000b89
core   0: 0x80002a3e (0x00000ea2) c.slli  t4, 8
core   0: 3 0x80002a3e (0x0ea2) x29 0x000b8900
core   0: 0x80002a40 (0x00000e8d) c.addi  t4, 3
core   0: 3 0x80002a40 (0x0e8d) x29 0x000b8903
core   0: 0x80002a42 (0x01d7a023) sw      t4, 0(a5)
core   0: 3 0x80002a42 (0x01d7a023) mem 0x8ffffffc 0x000b8903
core   0: 0x80002a46 (0xb8902ef3) csrr    t4, mhpmcounter9h
core   0: 3 0x80002a46 (0xb8902ef3) x29 0x00000000
core   0: 0x80002a4a (0x01d7a023) sw      t4, 0(a5)
core   0: 3 0x80002a4a (0x01d7a023) mem 0x8ffffffc 0x00000000
core   0: 0x80002a4e (0x900007b7) lui     a5, 0x90000
core   0: 3 0x80002a4e (0x900007b7) x15 0x90000000
core   0: 0x80002a52 (0x000017f1) c.addi  a5, -4
core   0: 3 0x80002a52 (0x17f1) x15 0x8ffffffc
core   0: 0x80002a54 (0x00006e85) c.lui   t4, 0x1
core   0: 3 0x80002a54 (0x6e85) x29 0x00001000
core   0: 0x80002a56 (0xb0ae8e93) addi    t4, t4, -1270
core   0: 3 0x80002a56 (0xb0ae8e93) x29 0x00000b0a
core   0: 0x80002a5a (0x00000ea2) c.slli  t4, 8
core   0: 3 0x80002a5a (0x0ea2) x29 0x000b0a00
core   0: 0x80002a5c (0x00000e8d) c.addi  t4, 3
core   0: 3 0x80002a5c (0x0e8d) x29 0x000b0a03
core   0: 0x80002a5e (0x01d7a023) sw      t4, 0(a5)
core   0: 3 0x80002a5e (0x01d7a023) mem 0x8ffffffc 0x000b0a03
core   0: 0x80002a62 (0xb0a02ef3) csrr    t4, mhpmcounter10
core   0: 3 0x80002a62 (0xb0a02ef3) x29 0x00000836
core   0: 0x80002a66 (0x01d7a023) sw      t4, 0(a5)
core   0: 3 0x80002a66 (0x01d7a023) mem 0x8ffffffc 0x00000836
core   0: 0x80002a6a (0x900007b7) lui     a5, 0x90000
core   0: 3 0x80002a6a (0x900007b7) x15 0x90000000
core   0: 0x80002a6e (0x000017f1) c.addi  a5, -4
core   0: 3 0x80002a6e (0x17f1) x15 0x8ffffffc
core   0: 0x80002a70 (0x00006e85) c.lui   t4, 0x1
core   0: 3 0x80002a70 (0x6e85) x29 0x00001000
core   0: 0x80002a72 (0xb8ae8e93) addi    t4, t4, -1142
core   0: 3 0x80002a72 (0xb8ae8e93) x29 0x00000b8a
core   0: 0x80002a76 (0x00000ea2) c.slli  t4, 8
core   0: 3 0x80002a76 (0x0ea2) x29 0x000b8a00
core   0: 0x80002a78 (0x00000e8d) c.addi  t4, 3
core   0: 3 0x80002a78 (0x0e8d) x29 0x000b8a03
core   0: 0x80002a7a (0x01d7a023) sw      t4, 0(a5)
core   0: 3 0x80002a7a (0x01d7a023) mem 0x8ffffffc 0x000b8a03
core   0: 0x80002a7e (0xb8a02ef3) csrr    t4, mhpmcounter10h
core   0: 3 0x80002a7e (0xb8a02ef3) x29 0x00000000
core   0: 0x80002a82 (0x01d7a023) sw      t4, 0(a5)
core   0: 3 0x80002a82 (0x01d7a023) mem 0x8ffffffc 0x00000000
core   0: 0x80002a86 (0x900007b7) lui     a5, 0x90000
core   0: 3 0x80002a86 (0x900007b7) x15 0x90000000
core   0: 0x80002a8a (0x000017f1) c.addi  a5, -4
core   0: 3 0x80002a8a (0x17f1) x15 0x8ffffffc
core   0: 0x80002a8c (0x00006e85) c.lui   t4, 0x1
core   0: 3 0x80002a8c (0x6e85) x29 0x00001000
core   0: 0x80002a8e (0xb0be8e93) addi    t4, t4, -1269
core   0: 3 0x80002a8e (0xb0be8e93) x29 0x00000b0b
core   0: 0x80002a92 (0x00000ea2) c.slli  t4, 8
core   0: 3 0x80002a92 (0x0ea2) x29 0x000b0b00
core   0: 0x80002a94 (0x00000e8d) c.addi  t4, 3
core   0: 3 0x80002a94 (0x0e8d) x29 0x000b0b03
core   0: 0x80002a96 (0x01d7a023) sw      t4, 0(a5)
core   0: 3 0x80002a96 (0x01d7a023) mem 0x8ffffffc 0x000b0b03
core   0: 0x80002a9a (0xb0b02ef3) csrr    t4, mhpmcounter11
core   0: 3 0x80002a9a (0xb0b02ef3) x29 0x00000147
core   0: 0x80002a9e (0x01d7a023) sw      t4, 0(a5)
core   0: 3 0x80002a9e (0x01d7a023) mem 0x8ffffffc 0x00000147
core   0: 0x80002aa2 (0x900007b7) lui     a5, 0x90000
core   0: 3 0x80002aa2 (0x900007b7) x15 0x90000000
core   0: 0x80002aa6 (0x000017f1) c.addi  a5, -4
core   0: 3 0x80002aa6 (0x17f1) x15 0x8ffffffc
core   0: 0x80002aa8 (0x00006e85) c.lui   t4, 0x1
core   0: 3 0x80002aa8 (0x6e85) x29 0x00001000
core   0: 0x80002aaa (0xb8be8e93) addi    t4, t4, -1141
core   0: 3 0x80002aaa (0xb8be8e93) x29 0x00000b8b
core   0: 0x80002aae (0x00000ea2) c.slli  t4, 8
core   0: 3 0x80002aae (0x0ea2) x29 0x000b8b00
core   0: 0x80002ab0 (0x00000e8d) c.addi  t4, 3
core   0: 3 0x80002ab0 (0x0e8d) x29 0x000b8b03
core   0: 0x80002ab2 (0x01d7a023) sw      t4, 0(a5)
core   0: 3 0x80002ab2 (0x01d7a023) mem 0x8ffffffc 0x000b8b03
core   0: 0x80002ab6 (0xb8b02ef3) csrr    t4, mhpmcounter11h
core   0: 3 0x80002ab6 (0xb8b02ef3) x29 0x00000000
core   0: 0x80002aba (0x01d7a023) sw      t4, 0(a5)
core   0: 3 0x80002aba (0x01d7a023) mem 0x8ffffffc 0x00000000
core   0: 0x80002abe (0x900007b7) lui     a5, 0x90000
core   0: 3 0x80002abe (0x900007b7) x15 0x90000000
core   0: 0x80002ac2 (0x000017f1) c.addi  a5, -4
core   0: 3 0x80002ac2 (0x17f1) x15 0x8ffffffc
core   0: 0x80002ac4 (0x00006e85) c.lui   t4, 0x1
core   0: 3 0x80002ac4 (0x6e85) x29 0x00001000
core   0: 0x80002ac6 (0xb0ce8e93) addi    t4, t4, -1268
core   0: 3 0x80002ac6 (0xb0ce8e93) x29 0x00000b0c
core   0: 0x80002aca (0x00000ea2) c.slli  t4, 8
core   0: 3 0x80002aca (0x0ea2) x29 0x000b0c00
core   0: 0x80002acc (0x00000e8d) c.addi  t4, 3
core   0: 3 0x80002acc (0x0e8d) x29 0x000b0c03
core   0: 0x80002ace (0x01d7a023) sw      t4, 0(a5)
core   0: 3 0x80002ace (0x01d7a023) mem 0x8ffffffc 0x000b0c03
core   0: 0x80002ad2 (0xb0c02ef3) csrr    t4, mhpmcounter12
core   0: 3 0x80002ad2 (0xb0c02ef3) x29 0x00002573
core   0: 0x80002ad6 (0x01d7a023) sw      t4, 0(a5)
core   0: 3 0x80002ad6 (0x01d7a023) mem 0x8ffffffc 0x00002573
core   0: 0x80002ada (0x900007b7) lui     a5, 0x90000
core   0: 3 0x80002ada (0x900007b7) x15 0x90000000
core   0: 0x80002ade (0x000017f1) c.addi  a5, -4
core   0: 3 0x80002ade (0x17f1) x15 0x8ffffffc
core   0: 0x80002ae0 (0x00006e85) c.lui   t4, 0x1
core   0: 3 0x80002ae0 (0x6e85) x29 0x00001000
core   0: 0x80002ae2 (0xb8ce8e93) addi    t4, t4, -1140
core   0: 3 0x80002ae2 (0xb8ce8e93) x29 0x00000b8c
core   0: 0x80002ae6 (0x00000ea2) c.slli  t4, 8
core   0: 3 0x80002ae6 (0x0ea2) x29 0x000b8c00
core   0: 0x80002ae8 (0x00000e8d) c.addi  t4, 3
core   0: 3 0x80002ae8 (0x0e8d) x29 0x000b8c03
