Time	Cycle	PC	Insn	Decoded instruction	Register and memory contents
        2202000	         8	80000080	40001eb7	lui	x29,0x40001	 x29=0x40001000
        2362000	        16	80000084	106e8e93	addi	x29,x29,262	 x29:0x40001000 x29=0x40001106
        2642000	        30	80000088	301e9073	csrrw	x0,misa,x29	 x29:0x40001106  x0=0x00000000
        2702000	        33	8000008c	00026c97	auipc	x25,0x26	 x25=0x8002608c
        2862000	        41	80000090	c58c8c93	addi	x25,x25,-936	 x25:0x8002608c x25=0x80025ce4
        2882000	        42	80000094	00002e97	auipc	x29,0x2	 x29=0x80002094
        2902000	        43	80000098	66ce8e93	addi	x29,x29,1644	 x29:0x80002094 x29=0x80002700
        3142000	        55	8000009c	001eee93	ori	x29,x29,1	 x29:0x80002700 x29=0x80002701
        3402000	        68	800000a0	305e9073	csrrw	x0,mtvec,x29	 x29:0x80002701  x0=0x00000000
        3462000	        71	800000a4	74725073	csrrwi	x0,0x747,4	  x0=0x00000000
        3522000	        74	800000a8	00003f97	auipc	x31,0x3	 x31=0x800030a8
        3542000	        75	800000ac	444f8f93	addi	x31,x31,1092	 x31:0x800030a8 x31=0x800034ec
        3562000	        76	800000b0	4e81	c.li	x29,0	 x29=0x00000000
        3582000	        77	800000b2	9ff6	c.add	x31,x29	 x31:0x800034ec x29:0x00000000 x31=0x800034ec
        3862000	        91	800000b4	002fdf93	srli	x31,x31,0x2	 x31:0x800034ec x31=0x20000d3b
        3882000	        92	800000b8	3b0f9073	csrrw	x0,pmpaddr0,x31	 x31:0x20000d3b  x0=0x00000000
        4302000	       113	800000bc	00003f97	auipc	x31,0x3	 x31=0x800030bc
        4362000	       116	800000c0	430f8f93	addi	x31,x31,1072	 x31:0x800030bc x31=0x800034ec
        4382000	       117	800000c4	11111eb7	lui	x29,0x11111	 x29=0x11111000
        4462000	       121	800000c8	111e8e93	addi	x29,x29,273	 x29:0x11111000 x29=0x11111111
        4742000	       135	800000cc	9ff6	c.add	x31,x29	 x31:0x800034ec x29:0x11111111 x31=0x911145fd
        4762000	       136	800000ce	002fdf93	srli	x31,x31,0x2	 x31:0x911145fd x31=0x2444517f
        4922000	       144	800000d2	3b1f9073	csrrw	x0,pmpaddr1,x31	 x31:0x2444517f  x0=0x00000000
        4982000	       147	800000d6	00003f97	auipc	x31,0x3	 x31=0x800030d6
        5002000	       148	800000da	416f8f93	addi	x31,x31,1046	 x31:0x800030d6 x31=0x800034ec
        5022000	       149	800000de	22222eb7	lui	x29,0x22222	 x29=0x22222000
        5082000	       152	800000e2	222e8e93	addi	x29,x29,546	 x29:0x22222000 x29=0x22222222
        5102000	       153	800000e6	9ff6	c.add	x31,x29	 x31:0x800034ec x29:0x22222222 x31=0xa222570e
        5242000	       160	800000e8	002fdf93	srli	x31,x31,0x2	 x31:0xa222570e x31=0x288895c3
        5262000	       161	800000ec	3b2f9073	csrrw	x0,pmpaddr2,x31	 x31:0x288895c3  x0=0x00000000
        5322000	       164	800000f0	00003f97	auipc	x31,0x3	 x31=0x800030f0
        5342000	       165	800000f4	3fcf8f93	addi	x31,x31,1020	 x31:0x800030f0 x31=0x800034ec
        5362000	       166	800000f8	33333eb7	lui	x29,0x33333	 x29=0x33333000
        5502000	       173	800000fc	333e8e93	addi	x29,x29,819	 x29:0x33333000 x29=0x33333333
        5542000	       175	80000100	9ff6	c.add	x31,x29	 x31:0x800034ec x29:0x33333333 x31=0xb333681f
        5562000	       176	80000102	002fdf93	srli	x31,x31,0x2	 x31:0xb333681f x31=0x2cccda07
        5582000	       177	80000106	3b3f9073	csrrw	x0,pmpaddr3,x31	 x31:0x2cccda07  x0=0x00000000
        5642000	       180	8000010a	0f0f1fb7	lui	x31,0xf0f1	 x31=0x0f0f1000
        5722000	       184	8000010e	f0ff8f93	addi	x31,x31,-241	 x31:0x0f0f1000 x31=0x0f0f0f0f
        5742000	       185	80000112	3a0f9073	csrrw	x0,pmpcfg0,x31	 x31:0x0f0f0f0f  x0=0x00000000
        6162000	       206	80000116	00003f97	auipc	x31,0x3	 x31=0x80003116
        6202000	       208	8000011a	3d6f8f93	addi	x31,x31,982	 x31:0x80003116 x31=0x800034ec
        6222000	       209	8000011e	44444eb7	lui	x29,0x44444	 x29=0x44444000
        6242000	       210	80000122	444e8e93	addi	x29,x29,1092	 x29:0x44444000 x29=0x44444444
        6262000	       211	80000126	9ff6	c.add	x31,x29	 x31:0x800034ec x29:0x44444444 x31=0xc4447930
        6662000	       231	80000128	002fdf93	srli	x31,x31,0x2	 x31:0xc4447930 x31=0x31111e4c
        6682000	       232	8000012c	3b4f9073	csrrw	x0,pmpaddr4,x31	 x31:0x31111e4c  x0=0x00000000
        7102000	       253	80000130	00003f97	auipc	x31,0x3	 x31=0x80003130
        7122000	       254	80000134	3bcf8f93	addi	x31,x31,956	 x31:0x80003130 x31=0x800034ec
        7242000	       260	80000138	55555eb7	lui	x29,0x55555	 x29=0x55555000
        7402000	       268	8000013c	555e8e93	addi	x29,x29,1365	 x29:0x55555000 x29=0x55555555
        7422000	       269	80000140	9ff6	c.add	x31,x29	 x31:0x800034ec x29:0x55555555 x31=0xd5558a41
        7442000	       270	80000142	002fdf93	srli	x31,x31,0x2	 x31:0xd5558a41 x31=0x35556290
        7462000	       271	80000146	3b5f9073	csrrw	x0,pmpaddr5,x31	 x31:0x35556290  x0=0x00000000
        7742000	       285	8000014a	00003f97	auipc	x31,0x3	 x31=0x8000314a
        7942000	       295	8000014e	3a2f8f93	addi	x31,x31,930	 x31:0x8000314a x31=0x800034ec
        8362000	       316	80000152	66666eb7	lui	x29,0x66666	 x29=0x66666000
        8382000	       317	80000156	666e8e93	addi	x29,x29,1638	 x29:0x66666000 x29=0x66666666
        8402000	       318	8000015a	9ff6	c.add	x31,x29	 x31:0x800034ec x29:0x66666666 x31=0xe6669b52
        8642000	       330	8000015c	002fdf93	srli	x31,x31,0x2	 x31:0xe6669b52 x31=0x3999a6d4
        8922000	       344	80000160	3b6f9073	csrrw	x0,pmpaddr6,x31	 x31:0x3999a6d4  x0=0x00000000
        8982000	       347	80000164	00003f97	auipc	x31,0x3	 x31=0x80003164
        9002000	       348	80000168	388f8f93	addi	x31,x31,904	 x31:0x80003164 x31=0x800034ec
        9022000	       349	8000016c	77777eb7	lui	x29,0x77777	 x29=0x77777000
        9142000	       355	80000170	777e8e93	addi	x29,x29,1911	 x29:0x77777000 x29=0x77777777
        9302000	       363	80000174	9ff6	c.add	x31,x29	 x31:0x800034ec x29:0x77777777 x31=0xf777ac63
        9442000	       370	80000176	002fdf93	srli	x31,x31,0x2	 x31:0xf777ac63 x31=0x3dddeb18
        9562000	       376	8000017a	3b7f9073	csrrw	x0,pmpaddr7,x31	 x31:0x3dddeb18  x0=0x00000000
        9622000	       379	8000017e	0f0f1fb7	lui	x31,0xf0f1	 x31=0x0f0f1000
        9642000	       380	80000182	f0ff8f93	addi	x31,x31,-241	 x31:0x0f0f1000 x31=0x0f0f0f0f
        9962000	       396	80000186	3a1f9073	csrrw	x0,pmpcfg1,x31	 x31:0x0f0f0f0f  x0=0x00000000
       10022000	       399	8000018a	00003f97	auipc	x31,0x3	 x31=0x8000318a
       10042000	       400	8000018e	362f8f93	addi	x31,x31,866	 x31:0x8000318a x31=0x800034ec
       10422000	       419	80000192	88889eb7	lui	x29,0x88889	 x29=0x88889000
       10802000	       438	80000196	888e8e93	addi	x29,x29,-1912	 x29:0x88889000 x29=0x88888888
       10822000	       439	8000019a	9ff6	c.add	x31,x29	 x31:0x800034ec x29:0x88888888 x31=0x0888bd74
       10842000	       440	8000019c	002fdf93	srli	x31,x31,0x2	 x31:0x0888bd74 x31=0x02222f5d
       10862000	       441	800001a0	3b8f9073	csrrw	x0,pmpaddr8,x31	 x31:0x02222f5d  x0=0x00000000
       10922000	       444	800001a4	00003f97	auipc	x31,0x3	 x31=0x800031a4
       10942000	       445	800001a8	348f8f93	addi	x31,x31,840	 x31:0x800031a4 x31=0x800034ec
       10962000	       446	800001ac	9999aeb7	lui	x29,0x9999a	 x29=0x9999a000
       10982000	       447	800001b0	999e8e93	addi	x29,x29,-1639	 x29:0x9999a000 x29=0x99999999
       11062000	       451	800001b4	9ff6	c.add	x31,x29	 x31:0x800034ec x29:0x99999999 x31=0x1999ce85
       11162000	       456	800001b6	002fdf93	srli	x31,x31,0x2	 x31:0x1999ce85 x31=0x066673a1
       11422000	       469	800001ba	3b9f9073	csrrw	x0,pmpaddr9,x31	 x31:0x066673a1  x0=0x00000000
       11482000	       472	800001be	00003f97	auipc	x31,0x3	 x31=0x800031be
       11622000	       479	800001c2	32ef8f93	addi	x31,x31,814	 x31:0x800031be x31=0x800034ec
       11762000	       486	800001c6	aaaabeb7	lui	x29,0xaaaab	 x29=0xaaaab000
       11782000	       487	800001ca	aaae8e93	addi	x29,x29,-1366	 x29:0xaaaab000 x29=0xaaaaaaaa
       11802000	       488	800001ce	9ff6	c.add	x31,x29	 x31:0x800034ec x29:0xaaaaaaaa x31=0x2aaadf96
       11822000	       489	800001d0	002fdf93	srli	x31,x31,0x2	 x31:0x2aaadf96 x31=0x0aaab7e5
       11962000	       496	800001d4	3baf9073	csrrw	x0,pmpaddr10,x31	 x31:0x0aaab7e5  x0=0x00000000
       12262000	       511	800001d8	00003f97	auipc	x31,0x3	 x31=0x800031d8
       12502000	       523	800001dc	314f8f93	addi	x31,x31,788	 x31:0x800031d8 x31=0x800034ec
       12522000	       524	800001e0	bbbbceb7	lui	x29,0xbbbbc	 x29=0xbbbbc000
       12642000	       530	800001e4	bbbe8e93	addi	x29,x29,-1093	 x29:0xbbbbc000 x29=0xbbbbbbbb
       12742000	       535	800001e8	9ff6	c.add	x31,x29	 x31:0x800034ec x29:0xbbbbbbbb x31=0x3bbbf0a7
       12762000	       536	800001ea	002fdf93	srli	x31,x31,0x2	 x31:0x3bbbf0a7 x31=0x0eeefc29
       13042000	       550	800001ee	3bbf9073	csrrw	x0,pmpaddr11,x31	 x31:0x0eeefc29  x0=0x00000000
       13462000	       571	800001f2	0f0f1fb7	lui	x31,0xf0f1	 x31=0x0f0f1000
       13482000	       572	800001f6	f0ff8f93	addi	x31,x31,-241	 x31:0x0f0f1000 x31=0x0f0f0f0f
       13642000	       580	800001fa	3a2f9073	csrrw	x0,pmpcfg2,x31	 x31:0x0f0f0f0f  x0=0x00000000
       13782000	       587	800001fe	00003f97	auipc	x31,0x3	 x31=0x800031fe
       13802000	       588	80000202	2eef8f93	addi	x31,x31,750	 x31:0x800031fe x31=0x800034ec
       13982000	       597	80000206	ccccdeb7	lui	x29,0xccccd	 x29=0xccccd000
       14002000	       598	8000020a	ccce8e93	addi	x29,x29,-820	 x29:0xccccd000 x29=0xcccccccc
       14022000	       599	8000020e	9ff6	c.add	x31,x29	 x31:0x800034ec x29:0xcccccccc x31=0x4ccd01b8
       14042000	       600	80000210	002fdf93	srli	x31,x31,0x2	 x31:0x4ccd01b8 x31=0x1333406e
       14062000	       601	80000214	3bcf9073	csrrw	x0,pmpaddr12,x31	 x31:0x1333406e  x0=0x00000000
       14122000	       604	80000218	00003f97	auipc	x31,0x3	 x31=0x80003218
       14142000	       605	8000021c	2d4f8f93	addi	x31,x31,724	 x31:0x80003218 x31=0x800034ec
       14282000	       612	80000220	ddddeeb7	lui	x29,0xdddde	 x29=0xdddde000
       14362000	       616	80000224	ddde8e93	addi	x29,x29,-547	 x29:0xdddde000 x29=0xdddddddd
       14442000	       620	80000228	9ff6	c.add	x31,x29	 x31:0x800034ec x29:0xdddddddd x31=0x5dde12c9
       14482000	       622	8000022a	002fdf93	srli	x31,x31,0x2	 x31:0x5dde12c9 x31=0x177784b2
       14802000	       638	8000022e	3bdf9073	csrrw	x0,pmpaddr13,x31	 x31:0x177784b2  x0=0x00000000
       15222000	       659	80000232	00003f97	auipc	x31,0x3	 x31=0x80003232
       15242000	       660	80000236	2baf8f93	addi	x31,x31,698	 x31:0x80003232 x31=0x800034ec
       15442000	       670	8000023a	eeeefeb7	lui	x29,0xeeeef	 x29=0xeeeef000
       15482000	       672	8000023e	eeee8e93	addi	x29,x29,-274	 x29:0xeeeef000 x29=0xeeeeeeee
       15502000	       673	80000242	9ff6	c.add	x31,x29	 x31:0x800034ec x29:0xeeeeeeee x31=0x6eef23da
       15522000	       674	80000244	002fdf93	srli	x31,x31,0x2	 x31:0x6eef23da x31=0x1bbbc8f6
       15542000	       675	80000248	3bef9073	csrrw	x0,pmpaddr14,x31	 x31:0x1bbbc8f6  x0=0x00000000
       15602000	       678	8000024c	00003f97	auipc	x31,0x3	 x31=0x8000324c
       15982000	       697	80000250	2a0f8f93	addi	x31,x31,672	 x31:0x8000324c x31=0x800034ec
       16002000	       698	80000254	fff00e93	addi	x29,x0,-1	  x0:0x00000000 x29=0xffffffff
       16022000	       699	80000258	9ff6	c.add	x31,x29	 x31:0x800034ec x29:0xffffffff x31=0x800034eb
       16042000	       700	8000025a	002fdf93	srli	x31,x31,0x2	 x31:0x800034eb x31=0x20000d3a
       16402000	       718	8000025e	3bff9073	csrrw	x0,pmpaddr15,x31	 x31:0x20000d3a  x0=0x00000000
       16462000	       721	80000262	0f0f1fb7	lui	x31,0xf0f1	 x31=0x0f0f1000
       16842000	       740	80000266	f0ff8f93	addi	x31,x31,-241	 x31:0x0f0f1000 x31=0x0f0f0f0f
       17222000	       759	8000026a	3a3f9073	csrrw	x0,pmpcfg3,x31	 x31:0x0f0f0f0f  x0=0x00000000
       17282000	       762	8000026e	00000e97	auipc	x29,0x0	 x29=0x8000026e
       17662000	       781	80000272	060e8e93	addi	x29,x29,96	 x29:0x8000026e x29=0x800002ce
       17682000	       782	80000276	341e9073	csrrw	x0,mepc,x29	 x29:0x800002ce  x0=0x00000000
       17702000	       783	8000027a	7c00d073	csrrwi	x0,0x7c0,1	  x0=0x00000000
       17762000	       786	8000027e	4e81	c.li	x29,0	 x29=0x00000000
       18122000	       804	80000280	300e9073	csrrw	x0,mstatus,x29	 x29:0x00000000  x0=0x00000000
       18182000	       807	80000284	4e81	c.li	x29,0	 x29=0x00000000
       18342000	       815	80000286	304e9073	csrrw	x0,mie,x29	 x29:0x00000000  x0=0x00000000
       18642000	       830	8000028a	900007b7	lui	x15,0x90000	 x15=0x90000000
       18662000	       831	8000028e	17f1	c.addi	x15,-4	 x15:0x90000000 x15=0x8ffffffc
       18682000	       832	80000290	900007b7	lui	x15,0x90000	 x15=0x90000000
       18702000	       833	80000294	17f1	c.addi	x15,-4	 x15:0x90000000 x15=0x8ffffffc
       18862000	       841	80000296	900007b7	lui	x15,0x90000	 x15=0x90000000
       18882000	       842	8000029a	17f1	c.addi	x15,-4	 x15:0x90000000 x15=0x8ffffffc
       19042000	       850	8000029c	30000e93	addi	x29,x0,768	  x0:0x00000000 x29=0x00000300
       19062000	       851	800002a0	0ea2	c.slli	x29,0x8	 x29:0x00000300 x29=0x00030000
       19082000	       852	800002a2	0e8d	c.addi	x29,3	 x29:0x00030000 x29=0x00030003
       19662000	       881	800002a4	01d7a023	sw	x29,0(x15)	 x15:0x8ffffffc x29:0x00030003 PA:0x8ffffffc store:0x00030003 load:0xffffffff
       19682000	       882	800002a8	30002ef3	csrrs	x29,mstatus,x0	  x0:0x00000000 x29=0x00000000
       20262000	       911	800002ac	01d7a023	sw	x29,0(x15)	 x15:0x8ffffffc x29:0x00000000 PA:0x8ffffffc store:0x00000000 load:0xffffffff
       20282000	       912	800002b0	900007b7	lui	x15,0x90000	 x15=0x90000000
       20302000	       913	800002b4	17f1	c.addi	x15,-4	 x15:0x90000000 x15=0x8ffffffc
       20322000	       914	800002b6	30400e93	addi	x29,x0,772	  x0:0x00000000 x29=0x00000304
       20342000	       915	800002ba	0ea2	c.slli	x29,0x8	 x29:0x00000304 x29=0x00030400
       20362000	       916	800002bc	0e8d	c.addi	x29,3	 x29:0x00030400 x29=0x00030403
       20562000	       926	800002be	01d7a023	sw	x29,0(x15)	 x15:0x8ffffffc x29:0x00030403 PA:0x8ffffffc store:0x00030403 load:0xffffffff
       20842000	       940	800002c2	30402ef3	csrrs	x29,mie,x0	  x0:0x00000000 x29=0x00000000
       21482000	       972	800002c6	01d7a023	sw	x29,0(x15)	 x15:0x8ffffffc x29:0x00000000 PA:0x8ffffffc store:0x00000000 load:0xffffffff
       21502000	       973	800002ca	30200073	mret	
       21582000	       977	800002ce	00200013	addi	x0,x0,2	  x0:0x00000000  x0=0x00000000
       21602000	       978	800002d2	800000b7	lui	x1,0x80000	  x1=0x80000000
       21622000	       979	800002d6	4121	c.li	x2,8	  x2=0x00000008
       21702000	       983	800002d8	fb2c31b7	lui	x3,0xfb2c3	  x3=0xfb2c3000
       21902000	       993	800002dc	ec418193	addi	x3,x3,-316	  x3:0xfb2c3000  x3=0xfb2c2ec4
       21922000	       994	800002e0	fadcf237	lui	x4,0xfadcf	  x4=0xfadcf000
       21942000	       995	800002e4	87920213	addi	x4,x4,-1927	  x4:0xfadcf000  x4=0xfadce879
       21962000	       996	800002e8	800002b7	lui	x5,0x80000	  x5=0x80000000
       21982000	       997	800002ec	433d	c.li	x6,15	  x6=0x0000000f
       22202000	      1008	800002ee	834b03b7	lui	x7,0x834b0	  x7=0x834b0000
       22222000	      1009	800002f2	f3d38393	addi	x7,x7,-195	  x7:0x834b0000  x7=0x834aff3d
       22242000	      1010	800002f6	4401	c.li	x8,0	  x8=0x00000000
       22282000	      1012	800002f8	800004b7	lui	x9,0x80000	  x9=0x80000000
       22442000	      1020	800002fc	fc76e537	lui	x10,0xfc76e	 x10=0xfc76e000
       22462000	      1021	80000300	4c950513	addi	x10,x10,1225	 x10:0xfc76e000 x10=0xfc76e4c9
       22542000	      1025	80000304	800005b7	lui	x11,0x80000	 x11=0x80000000
       22622000	      1029	80000308	4601	c.li	x12,0	 x12=0x00000000
       22742000	      1035	8000030a	b76a46b7	lui	x13,0xb76a4	 x13=0xb76a4000
       22942000	      1045	8000030e	cb868693	addi	x13,x13,-840	 x13:0xb76a4000 x13=0xb76a3cb8
       22962000	      1046	80000312	4701	c.li	x14,0	 x14=0x00000000
       22982000	      1047	80000314	f5e2d7b7	lui	x15,0xf5e2d	 x15=0xf5e2d000
       23182000	      1057	80000318	1bd78793	addi	x15,x15,445	 x15:0xf5e2d000 x15=0xf5e2d1bd
       23302000	      1063	8000031c	4801	c.li	x16,0	 x16=0x00000000
       23502000	      1073	8000031e	f84398b7	lui	x17,0xf8439	 x17=0xf8439000
       23662000	      1081	80000322	4fe88893	addi	x17,x17,1278	 x17:0xf8439000 x17=0xf84394fe
       23802000	      1088	80000326	80000937	lui	x18,0x80000	 x18=0x80000000
       23822000	      1089	8000032a	4a01	c.li	x20,0	 x20=0x00000000
       24202000	      1108	8000032c	fbac3ab7	lui	x21,0xfbac3	 x21=0xfbac3000
       24622000	      1129	80000330	d00a8a93	addi	x21,x21,-768	 x21:0xfbac3000 x21=0xfbac2d00
       24642000	      1130	80000334	4b01	c.li	x22,0	 x22=0x00000000
       24662000	      1131	80000336	46a94bb7	lui	x23,0x46a94	 x23=0x46a94000
       25082000	      1152	8000033a	8a7b8b93	addi	x23,x23,-1881	 x23:0x46a94000 x23=0x46a938a7
       25502000	      1173	8000033e	80000c37	lui	x24,0x80000	 x24=0x80000000
       25762000	      1186	80000342	f9271d37	lui	x26,0xf9271	 x26=0xf9271000
       25782000	      1187	80000346	2f8d0d13	addi	x26,x26,760	 x26:0xf9271000 x26=0xf92712f8
       25802000	      1188	8000034a	a4a80db7	lui	x27,0xa4a80	 x27=0xa4a80000
       25922000	      1194	8000034e	b50d8d93	addi	x27,x27,-1200	 x27:0xa4a80000 x27=0xa4a7fb50
       26042000	      1200	80000352	80000e37	lui	x28,0x80000	 x28=0x80000000
       26062000	      1201	80000356	80000eb7	lui	x29,0x80000	 x29=0x80000000
       26082000	      1202	8000035a	4f35	c.li	x30,13	 x30=0x0000000d
       26242000	      1210	8000035c	4fad	c.li	x31,11	 x31=0x0000000b
       26662000	      1231	8000035e	00022997	auipc	x19,0x22	 x19=0x8002235e
       27082000	      1252	80000362	b0698993	addi	x19,x19,-1274	 x19:0x8002235e x19=0x80021e64
       27262000	      1261	80000366	900007b7	lui	x15,0x90000	 x15=0x90000000
       27282000	      1262	8000036a	17f1	c.addi	x15,-4	 x15:0x90000000 x15=0x8ffffffc
       27382000	      1267	8000036c	4e81	c.li	x29,0	 x29=0x00000000
       27402000	      1268	8000036e	0ea2	c.slli	x29,0x8	 x29:0x00000000 x29=0x00000000
       27562000	      1276	80000370	000e8e93	addi	x29,x29,0	 x29:0x00000000 x29=0x00000000
       27942000	      1295	80000374	01d7a023	sw	x29,0(x15)	 x15:0x8ffffffc x29:0x00000000 PA:0x8ffffffc store:0x00000000 load:0xffffffff
       27962000	      1296	80000378	1740306f	jal	x0,800034ec	  x0=0x00000000
       28722000	      1334	800034ec	6ade3f37	lui	x30,0x6ade3	 x30=0x6ade3000
       28762000	      1336	800034f0	0000100f	fence.i	
       29242000	      1360	800034f4	1110	c.addi4spn	x12,x2,160	 x12=0x000000a8
       29262000	      1361	800034f6	00002d97	auipc	x27,0x2	 x27=0x800054f6
       29462000	      1371	800034fa	33ad8d93	addi	x27,x27,826	 x27:0x800054f6 x27=0x80005830
       29482000	      1372	800034fe	0ded	c.addi	x27,27	 x27:0x80005830 x27=0x8000584b
       29502000	      1373	80003500	dd8a7013	andi	x0,x20,-552	 x20:0x00000000  x0=0x00000000
       29902000	      1393	80003504	40de5d33	sra	x26,x28,x13	 x28:0x80000000 x13:0xb76a3cb8 x26=0xffffff80
       29922000	      1394	80003508	0000100f	fence.i	
       30222000	      1409	8000350c	fe5d8667	jalr	x12,-27(x27)	 x27:0x8000584b x12=0x80003510
       30382000	      1417	80005830	0321a0b3	mulhsu	x1,x3,x18	  x3:0xfb2c2ec4 x18:0x80000000  x1=0xfd961762
       30462000	      1421	80005834	00b6d663	bge	x13,x11,80005840	 x13:0xb76a3cb8 x11:0x80000000
       31042000	      1450	80005840	fd498993	addi	x19,x19,-44	 x19:0x80021e64 x19=0x80021e38
       31062000	      1451	80005844	0001	c.addi	x0,0	  x0:0x00000000  x0=0x00000000
       31422000	      1469	80005846	00c9a223	sw	x12,4(x19)	 x19:0x80021e38 x12:0x80003510 PA:0x80021e3c store:0x80003510 load:0xffffffff
       31442000	      1470	8000584a	008018b3	sll	x17,x0,x8	  x0:0x00000000  x8:0x00000000 x17=0x00000000
       31462000	      1471	8000584e	8451	c.srai	x8,0x14	  x8:0x00000000  x8=0x00000000
       31482000	      1472	80005850	00cb1133	sll	x2,x22,x12	 x22:0x00000000 x12:0x80003510  x2=0x00000000
       31582000	      1477	80005854	01de37b3	sltu	x15,x28,x29	 x28:0x80000000 x29:0x00000000 x15=0x00000000
       31722000	      1484	80005858	b7d43593	sltiu	x11,x8,-1155	  x8:0x00000000 x11=0x00000001
       31742000	      1485	8000585c	80d6	c.mv	x1,x21	  x0:0x00000000 x21:0xfbac2d00  x1=0xfbac2d00
       32022000	      1499	8000585e	73eed717	auipc	x14,0x73eed	 x14=0xf3ef285e
       32202000	      1508	80005862	01b34663	blt	x6,x27,8000586e	  x6:0x0000000f x27:0x8000584b
       32262000	      1511	80005866	23ea3b13	sltiu	x22,x20,574	 x20:0x00000000 x22=0x00000001
       32282000	      1512	8000586a	17d8c013	xori	x0,x17,381	 x17:0x00000000  x0=0x00000000
       32702000	      1533	8000586e	f31ff66f	jal	x12,8000579e	 x12=0x80005872
       34082000	      1602	8000579e	0083e463	bltu	x7,x8,800057a6	  x7:0x834aff3d  x8:0x00000000
       34102000	      1603	800057a2	008235b3	sltu	x11,x4,x8	  x4:0xfadce879  x8:0x00000000 x11=0x00000000
       34122000	      1604	800057a6	fdc98993	addi	x19,x19,-36	 x19:0x80021e38 x19=0x80021e14
       34582000	      1627	800057aa	00c9a223	sw	x12,4(x19)	 x19:0x80021e14 x12:0x80005872 PA:0x80021e18 store:0x80005872 load:0xffffffff
       34602000	      1628	800057ae	0222	c.slli	x4,0x8	  x4:0xfadce879  x4=0xdce87900
       34702000	      1633	800057b0	dacff893	andi	x17,x31,-596	 x31:0x0000000b x17=0x00000008
       35122000	      1654	800057b4	0000100f	fence.i	
       35622000	      1679	800057b8	0001	c.addi	x0,0	  x0:0x00000000  x0=0x00000000
       35642000	      1680	800057ba	8c39	c.xor	x8,x14	  x8:0x00000000 x14:0xf3ef285e  x8=0xf3ef285e
       35702000	      1683	800057bc	032037b3	mulhu	x15,x0,x18	  x0:0x00000000 x18:0x80000000 x15=0x00000000
       36442000	      1720	800057c0	0313e3b3	rem	x7,x7,x17	  x7:0x834aff3d x17:0x00000008  x7=0xfffffffd
       36462000	      1721	800057c4	40a45013	srai	x0,x8,0xa	  x8:0xf3ef285e  x0=0x00000000
       37202000	      1758	800057c8	021167b3	rem	x15,x2,x1	  x2:0x00000000  x1:0xfbac2d00 x15=0x00000000
       37222000	      1759	800057cc	ef7fd66f	jal	x12,800036c2	 x12=0x800057d0
       37302000	      1763	800036c2	8c61	c.and	x8,x8	  x8:0xf3ef285e  x8:0xf3ef285e  x8=0xf3ef285e
       37582000	      1777	800036c4	9ade6513	ori	x10,x28,-1619	 x28:0x80000000 x10=0xfffff9ad
       37782000	      1787	800036c8	0301b133	mulhu	x2,x3,x16	  x3:0xfb2c2ec4 x16:0x00000000  x2=0x00000000
       37802000	      1788	800036cc	1991	c.addi	x19,-28	 x19:0x80021e14 x19=0x80021df8
       38162000	      1806	800036ce	21ec2b13	slti	x22,x24,542	 x24:0x80000000 x22=0x00000001
       38302000	      1813	800036d2	00e81d33	sll	x26,x16,x14	 x16:0x00000000 x14:0xf3ef285e x26=0x00000000
       38542000	      1825	800036d6	00c9a223	sw	x12,4(x19)	 x19:0x80021df8 x12:0x800057d0 PA:0x80021dfc store:0x800057d0 load:0xffffffff
       38562000	      1826	800036da	0da6	c.slli	x27,0x9	 x27:0x8000584b x27=0x00b09600
       38582000	      1827	800036dc	9f66b493	sltiu	x9,x13,-1546	 x13:0xb76a3cb8  x9=0x00000001
       38622000	      1829	800036e0	020ed033	divu	x0,x29,x0	 x29:0x00000000  x0:0x00000000  x0=0x00000000
       38902000	      1843	800036e4	00a4b733	sltu	x14,x9,x10	  x9:0x00000001 x10:0xfffff9ad x14=0x00000001
       47822000	      2289	800036e8	82e2	c.mv	x5,x24	  x0:0x00000000 x24:0x80000000  x5=0x80000000
       47842000	      2290	800036ea	8fdd	c.or	x15,x15	 x15:0x00000000 x15:0x00000000 x15=0x00000000
       47862000	      2291	800036ec	0007f963	bgeu	x15,x0,800036fe	 x15:0x00000000  x0:0x00000000
       48682000	      2332	800036fe	0ff0000f	fence	iorw,iorw	
       48722000	      2334	80003702	03101233	mulh	x4,x0,x17	  x0:0x00000000 x17:0x00000008  x4=0x00000000
       49462000	      2371	80003706	035af433	remu	x8,x21,x21	 x21:0xfbac2d00 x21:0xfbac2d00  x8=0x00000000
       49482000	      2372	8000370a	127d	c.addi	x4,-1	  x4:0x00000000  x4=0xffffffff
       49502000	      2373	8000370c	8c39	c.xor	x8,x14	  x8:0x00000000 x14:0x00000001  x8=0x00000001
       49522000	      2374	8000370e	e3cd0a13	addi	x20,x26,-452	 x26:0x00000000 x20=0xfffffe3c
       49562000	      2376	80003712	02f24d33	div	x26,x4,x15	  x4:0xffffffff x15:0x00000000 x26=0xffffffff
       49582000	      2377	80003716	0001	c.addi	x0,0	  x0:0x00000000  x0=0x00000000
       49602000	      2378	80003718	6f7b67b7	lui	x15,0x6f7b6	 x15=0x6f7b6000
       49862000	      2391	8000371c	9afd	c.andi	x13,-1	 x13:0xb76a3cb8 x13=0xb76a3cb8
       49882000	      2392	8000371e	88bd	c.andi	x9,15	  x9:0x00000001  x9=0x00000001
       49902000	      2393	80003720	40915133	sra	x2,x2,x9	  x2:0x00000000  x9:0x00000001  x2=0x00000000
       50262000	      2411	80003724	ea81	c.bnez	x13,80003734	 x13:0xb76a3cb8
       50822000	      2439	80003734	4b75	c.li	x22,29	 x22=0x0000001d
       50842000	      2440	80003736	826e	c.mv	x4,x27	  x0:0x00000000 x27:0x00b09600  x4=0x00b09600
       50862000	      2441	80003738	8c95	c.sub	x9,x13	  x9:0x00000001 x13:0xb76a3cb8  x9=0x4895c349
       50882000	      2442	8000373a	0001	c.addi	x0,0	  x0:0x00000000  x0=0x00000000
       50902000	      2443	8000373c	0001	c.addi	x0,0	  x0:0x00000000  x0=0x00000000
       50922000	      2444	8000373e	00032093	slti	x1,x6,0	  x6:0x0000000f  x1=0x00000000
       51202000	      2458	80003742	3674ed13	ori	x26,x9,871	  x9:0x4895c349 x26=0x4895c36f
       51442000	      2470	80003746	00a56863	bltu	x10,x10,80003756	 x10:0xfffff9ad x10:0xfffff9ad
       51462000	      2471	8000374a	afec4e13	xori	x28,x24,-1282	 x24:0x80000000 x28=0x7ffffafe
       51822000	      2489	8000374e	cb2c2a93	slti	x21,x24,-846	 x24:0x80000000 x21=0x00000001
       51942000	      2495	80003752	01c0b4b3	sltu	x9,x1,x28	  x1:0x00000000 x28:0x7ffffafe  x9=0x00000001
       51962000	      2496	80003756	41d9	c.li	x3,22	  x3=0x00000016
       52942000	      2545	80003758	03e0c933	div	x18,x1,x30	  x1:0x00000000 x30:0x6ade3000 x18=0x00000000
       52962000	      2546	8000375c	0bda9517	auipc	x10,0xbda9	 x10=0x8bdac75c
       52982000	      2547	80003760	03bfd163	bge	x31,x27,80003782	 x31:0x0000000b x27:0x00b09600
       53002000	      2548	80003764	03cd4163	blt	x26,x28,80003786	 x26:0x4895c36f x28:0x7ffffafe
       54002000	      2598	80003786	03a3a933	mulhsu	x18,x7,x26	  x7:0xfffffffd x26:0x4895c36f x18=0xffffffff
       54022000	      2599	8000378a	047ef463	bgeu	x29,x7,800037d2	 x29:0x00000000  x7:0xfffffffd
       54042000	      2600	8000378e	c699	c.beqz	x13,8000379c	 x13:0xb76a3cb8
       54062000	      2601	80003790	037d0ab3	mul	x21,x26,x23	 x26:0x4895c36f x23:0x46a938a7 x21=0x7ab9c569
       54082000	      2602	80003794	0ff0000f	fence	iorw,iorw	
       54102000	      2603	80003798	4142d7b3	sra	x15,x5,x20	  x5:0x80000000 x20:0xfffffe3c x15=0xfffffff8
       54262000	      2611	8000379c	8e21	c.xor	x12,x8	 x12:0x800057d0  x8:0x00000001 x12=0x800057d1
       54682000	      2632	8000379e	00c3d563	bge	x7,x12,800037a8	  x7:0xfffffffd x12:0x800057d1
       55462000	      2671	800037a8	026eb833	mulhu	x16,x29,x6	 x29:0x00000000  x6:0x0000000f x16=0x00000000
       55522000	      2674	800037ac	034a6763	bltu	x20,x20,800037da	 x20:0xfffffe3c x20:0xfffffe3c
       56422000	      2719	800037b0	02fec433	div	x8,x29,x15	 x29:0x00000000 x15:0xfffffff8  x8=0x00000000
       56442000	      2720	800037b4	00b46bb3	or	x23,x8,x11	  x8:0x00000000 x11:0x00000000 x23=0x00000000
       56462000	      2721	800037b8	8f49	c.or	x14,x10	 x14:0x00000001 x10:0x8bdac75c x14=0x8bdac75d
       56482000	      2722	800037ba	021df863	bgeu	x27,x1,800037ea	 x27:0x00b09600  x1:0x00000000
       57242000	      2760	800037ea	9beefb93	andi	x23,x29,-1602	 x29:0x00000000 x23=0x00000000
       57982000	      2797	800037ee	03297533	remu	x10,x18,x18	 x18:0xffffffff x18:0xffffffff x10=0x00000000
       58002000	      2798	800037f2	8e59	c.or	x12,x14	 x12:0x800057d1 x14:0x8bdac75d x12=0x8bdad7dd
       58022000	      2799	800037f4	717bcb93	xori	x23,x23,1815	 x23:0x00000000 x23=0x00000717
       58062000	      2801	800037f8	0300ed33	rem	x26,x1,x16	  x1:0x00000000 x16:0x00000000 x26=0x00000000
       58082000	      2802	800037fc	0001	c.addi	x0,0	  x0:0x00000000  x0=0x00000000
       58102000	      2803	800037fe	8e2d	c.xor	x12,x11	 x12:0x8bdad7dd x11:0x00000000 x12=0x8bdad7dd
       58122000	      2804	80003800	80b1	c.srli	x9,0xc	  x9:0x00000001  x9=0x00000000
       58142000	      2805	80003802	8d85	c.sub	x11,x9	 x11:0x00000000  x9:0x00000000 x11=0x00000000
       58282000	      2812	80003804	b7314193	xori	x3,x2,-1165	  x2:0x00000000  x3=0xfffffb73
       58702000	      2833	80003808	012148b3	xor	x17,x2,x18	  x2:0x00000000 x18:0xffffffff x17=0xffffffff
       58782000	      2837	8000380c	02b1f363	bgeu	x3,x11,80003832	  x3:0xfffffb73 x11:0x00000000
       59382000	      2867	80003832	02749d33	mulh	x26,x9,x7	  x9:0x00000000  x7:0xfffffffd x26=0x00000000
       59402000	      2868	80003836	0001	c.addi	x0,0	  x0:0x00000000  x0=0x00000000
       59782000	      2887	80003838	0000100f	fence.i	
       60382000	      2917	8000383c	2c352737	lui	x14,0x2c352	 x14=0x2c352000
       60402000	      2918	80003840	0001	c.addi	x0,0	  x0:0x00000000  x0=0x00000000
       60422000	      2919	80003842	ca95	c.beqz	x13,80003876	 x13:0xb76a3cb8
       61502000	      2973	80003844	0386dd33	divu	x26,x13,x24	 x13:0xb76a3cb8 x24:0x80000000 x26=0x00000001
       61522000	      2974	80003848	8f55	c.or	x14,x13	 x14:0x2c352000 x13:0xb76a3cb8 x14=0xbf7f3cb8
       62262000	      3011	8000384a	03c7cd33	div	x26,x15,x28	 x15:0xfffffff8 x28:0x7ffffafe x26=0x00000000
       62282000	      3012	8000384e	8f15	c.sub	x14,x13	 x14:0xbf7f3cb8 x13:0xb76a3cb8 x14=0x08150000
       62302000	      3013	80003850	3a5f4a13	xori	x20,x30,933	 x30:0x6ade3000 x20=0x6ade33a5
       62322000	      3014	80003854	a66b7b13	andi	x22,x22,-1434	 x22:0x0000001d x22=0x00000004
       62342000	      3015	80003858	743a3413	sltiu	x8,x20,1859	 x20:0x6ade33a5  x8=0x00000000
       62362000	      3016	8000385c	015931b3	sltu	x3,x18,x21	 x18:0xffffffff x21:0x7ab9c569  x3=0x00000000
       62382000	      3017	80003860	0000100f	fence.i	
       62622000	      3029	80003864	034e6c63	bltu	x28,x20,8000389c	 x28:0x7ffffafe x20:0x6ade33a5
       63082000	      3052	80003868	005471b3	and	x3,x8,x5	  x8:0x00000000  x5:0x80000000  x3=0x00000000
       63482000	      3072	8000386c	00da5bb3	srl	x23,x20,x13	 x20:0x6ade33a5 x13:0xb76a3cb8 x23=0x0000006a
       63542000	      3075	80003870	02b49033	mulh	x0,x9,x11	  x9:0x00000000 x11:0x00000000  x0=0x00000000
       63562000	      3076	80003874	8c7d	c.and	x8,x15	  x8:0x00000000 x15:0xfffffff8  x8=0x00000000
       63742000	      3085	80003876	fbe0a393	slti	x7,x1,-66	  x1:0x00000000  x7=0x00000000
       63762000	      3086	8000387a	0001	c.addi	x0,0	  x0:0x00000000  x0=0x00000000
       63822000	      3089	8000387c	03a7ff63	bgeu	x15,x26,800038ba	 x15:0xfffffff8 x26:0x00000000
       64242000	      3110	800038ba	8956	c.mv	x18,x21	  x0:0x00000000 x21:0x7ab9c569 x18=0x7ab9c569
       64402000	      3118	800038bc	c211	c.beqz	x12,800038c0	 x12:0x8bdad7dd
       64422000	      3119	800038be	8c45	c.or	x8,x9	  x8:0x00000000  x9:0x00000000  x8=0x00000000
       64442000	      3120	800038c0	0536	c.slli	x10,0xd	 x10:0x00000000 x10=0x00000000
       64482000	      3122	800038c2	029a4d33	div	x26,x20,x9	 x20:0x6ade33a5  x9:0x00000000 x26=0xffffffff
       64502000	      3123	800038c6	8db9	c.xor	x11,x14	 x11:0x00000000 x14:0x08150000 x11=0x08150000
       64522000	      3124	800038c8	e791	c.bnez	x15,800038d4	 x15:0xfffffff8
       64962000	      3146	800038d4	0001	c.addi	x0,0	  x0:0x00000000  x0=0x00000000
       65002000	      3148	800038d6	41595093	srai	x1,x18,0x15	 x18:0x7ab9c569  x1=0x000003d5
       65422000	      3169	800038da	4b41b017	auipc	x0,0x4b41b	  x0=0x00000000
       65682000	      3182	800038de	001fa0b3	slt	x1,x31,x1	 x31:0x0000000b  x1:0x000003d5  x1=0x00000001
       66022000	      3199	800038e2	01b5aab3	slt	x21,x11,x27	 x11:0x08150000 x27:0x00b09600 x21=0x00000000
       66042000	      3200	800038e6	00624133	xor	x2,x4,x6	  x4:0x00b09600  x6:0x0000000f  x2=0x00b0960f
       66462000	      3221	800038ea	02670533	mul	x10,x14,x6	 x14:0x08150000  x6:0x0000000f x10=0x793b0000
       66482000	      3222	800038ee	8ed1	c.or	x13,x12	 x13:0xb76a3cb8 x12:0x8bdad7dd x13=0xbffafffd
       66502000	      3223	800038f0	73b7a393	slti	x7,x15,1851	 x15:0xfffffff8  x7=0x00000001
       66702000	      3233	800038f4	0318ec63	bltu	x17,x17,8000392c	 x17:0xffffffff x17:0xffffffff
       66722000	      3234	800038f8	04bae163	bltu	x21,x11,8000393a	 x21:0x00000000 x11:0x08150000
       67342000	      3265	8000393a	03bf8d33	mul	x26,x31,x27	 x31:0x0000000b x27:0x00b09600 x26=0x07967200
       67422000	      3269	8000393e	0065c033	xor	x0,x11,x6	 x11:0x08150000  x6:0x0000000f  x0=0x00000000
       67522000	      3274	80003942	418b5f33	sra	x30,x22,x24	 x22:0x00000004 x24:0x80000000 x30=0x00000004
       67562000	      3276	80003946	011f3733	sltu	x14,x30,x17	 x30:0x00000004 x17:0xffffffff x14=0x00000001
       67842000	      3290	8000394a	05df8063	beq	x31,x29,8000398a	 x31:0x0000000b x29:0x00000000
       68022000	      3299	8000394e	01265133	srl	x2,x12,x18	 x12:0x8bdad7dd x18:0x7ab9c569  x2=0x0045ed6b
       68042000	      3300	80003952	ce05	c.beqz	x12,8000398a	 x12:0x8bdad7dd
       68062000	      3301	80003954	02628263	beq	x5,x6,80003978	  x5:0x80000000  x6:0x0000000f
       68462000	      3321	80003958	66d1e797	auipc	x15,0x66d1e	 x15=0xe6d21958
       68482000	      3322	8000395c	6291	c.lui	x5,0x4	  x5=0x00004000
       68842000	      3340	8000395e	41cb07b3	sub	x15,x22,x28	 x22:0x00000004 x28:0x7ffffafe x15=0x80000506
       68862000	      3341	80003962	035d4963	blt	x26,x21,80003994	 x26:0x07967200 x21:0x00000000
       69262000	      3361	80003966	410f06b3	sub	x13,x30,x16	 x30:0x00000004 x16:0x00000000 x13=0x00000004
       69342000	      3365	8000396a	f6446593	ori	x11,x8,-156	  x8:0x00000000 x11=0xffffff64
       69362000	      3366	8000396e	045e0163	beq	x28,x5,800039b0	 x28:0x7ffffafe  x5:0x00004000
       69382000	      3367	80003972	8fbd	c.xor	x15,x15	 x15:0x80000506 x15:0x80000506 x15=0x00000000
       69622000	      3379	80003974	3047e893	ori	x17,x15,772	 x15:0x00000000 x17=0x00000304
       69642000	      3380	80003978	a2fb0737	lui	x14,0xa2fb0	 x14=0xa2fb0000
       69722000	      3384	8000397c	ef85	c.bnez	x15,800039b4	 x15:0x00000000
       69742000	      3385	8000397e	089c	c.addi4spn	x15,x2,80	 x15=0x0045edbb
       69822000	      3389	80003980	43fd4e93	xori	x29,x26,1087	 x26:0x07967200 x29=0x0796763f
       69922000	      3394	80003984	8055	c.srli	x8,0x15	  x8:0x00000000  x8=0x00000000
       70282000	      3412	80003986	40c95433	sra	x8,x18,x12	 x18:0x7ab9c569 x12:0x8bdad7dd  x8=0x00000003
       70302000	      3413	8000398a	0784	c.addi4spn	x9,x2,960	  x9=0x0045f12b
       70322000	      3414	8000398c	8119	c.srli	x10,0x6	 x10:0x793b0000 x10=0x01e4ec00
       70342000	      3415	8000398e	41858033	sub	x0,x11,x24	 x11:0xffffff64 x24:0x80000000  x0=0x00000000
       70362000	      3416	80003992	6421	c.lui	x8,0x8	  x8=0x00008000
       70602000	      3428	80003994	01799513	slli	x10,x19,0x17	 x19:0x80021df8 x10=0xfc000000
       70762000	      3436	80003998	020fba33	mulhu	x20,x31,x0	 x31:0x0000000b  x0:0x00000000 x20=0x00000000
       70782000	      3437	8000399c	03188233	mul	x4,x17,x17	 x17:0x00000304 x17:0x00000304  x4=0x00091810
       71182000	      3457	800039a0	40c3dd93	srai	x27,x7,0xc	  x7:0x00000001 x27=0x00000000
       71342000	      3465	800039a4	24ef6b13	ori	x22,x30,590	 x30:0x00000004 x22=0x0000024e
       72082000	      3502	800039a8	03e7d6b3	divu	x13,x15,x30	 x15:0x0045edbb x30:0x00000004 x13=0x00117b6e
       72102000	      3503	800039ac	411cd393	srai	x7,x25,0x11	 x25:0x80025ce4  x7=0xffffc001
       72122000	      3504	800039b0	aa488193	addi	x3,x17,-1372	 x17:0x00000304  x3=0xfffffda8
       72142000	      3505	800039b4	e585	c.bnez	x11,800039dc	 x11:0xffffff64
       72422000	      3519	800039dc	01d2	c.slli	x3,0x14	  x3:0xfffffda8  x3=0xda800000
       72602000	      3528	800039de	d4d8f213	andi	x4,x17,-691	 x17:0x00000304  x4=0x00000104
       73582000	      3577	800039e2	0211ceb3	div	x29,x3,x1	  x3:0xda800000  x1:0x00000001 x29=0xda800000
       73602000	      3578	800039e6	0001	c.addi	x0,0	  x0:0x00000000  x0=0x00000000
       73622000	      3579	800039e8	08ee	c.slli	x17,0x1b	 x17:0x00000304 x17=0x20000000
       73642000	      3580	800039ea	04eef163	bgeu	x29,x14,80003a2c	 x29:0xda800000 x14:0xa2fb0000
       73722000	      3584	80003a2c	ceb85c17	auipc	x24,0xceb85	 x24=0x4eb88a2c
       74162000	      3606	80003a30	0ff0000f	fence	iorw,iorw	
       74182000	      3607	80003a34	05dbc363	blt	x23,x29,80003a7a	 x23:0x0000006a x29:0xda800000
       74202000	      3608	80003a38	0008a133	slt	x2,x17,x0	 x17:0x20000000  x0:0x00000000  x2=0x00000000
       74262000	      3611	80003a3c	0000100f	fence.i	
       74882000	      3642	80003a40	9bfd	c.andi	x15,-1	 x15:0x0045edbb x15=0x0045edbb
       74902000	      3643	80003a42	3bc051b7	lui	x3,0x3bc05	  x3=0x3bc05000
       74942000	      3645	80003a46	028e93b3	mulh	x7,x29,x8	 x29:0xda800000  x8:0x00008000  x7=0xffffed40
       75062000	      3651	80003a4a	7ef423b7	lui	x7,0x7ef42	  x7=0x7ef42000
       75082000	      3652	80003a4e	8cd9	c.or	x9,x14	  x9:0x0045f12b x14:0xa2fb0000  x9=0xa2fff12b
       75102000	      3653	80003a50	00085833	srl	x16,x16,x0	 x16:0x00000000  x0:0x00000000 x16=0x00000000
       75202000	      3658	80003a54	12fd	c.addi	x5,-1	  x5:0x00004000  x5=0x00003fff
       75222000	      3659	80003a56	0110fd33	and	x26,x1,x17	  x1:0x00000001 x17:0x20000000 x26=0x00000000
       75522000	      3674	80003a5a	037b8433	mul	x8,x23,x23	 x23:0x0000006a x23:0x0000006a  x8=0x00002be4
       76382000	      3717	80003a5e	03cdcdb3	div	x27,x27,x28	 x27:0x00000000 x28:0x7ffffafe x27=0x00000000
       76402000	      3718	80003a62	0186c763	blt	x13,x24,80003a70	 x13:0x00117b6e x24:0x4eb88a2c
       77202000	      3758	80003a70	02bd7333	remu	x6,x26,x11	 x26:0x00000000 x11:0xffffff64  x6=0x00000000
       77222000	      3759	80003a74	adef7b13	andi	x22,x30,-1314	 x30:0x00000004 x22=0x00000004
       77242000	      3760	80003a78	0731	c.addi	x14,12	 x14:0xa2fb0000 x14=0xa2fb000c
       77262000	      3761	80003a7a	8ead	c.xor	x13,x11	 x13:0x00117b6e x11:0xffffff64 x13=0xffee840a
       77282000	      3762	80003a7c	8fdd	c.or	x15,x15	 x15:0x0045edbb x15:0x0045edbb x15=0x0045edbb
       77302000	      3763	80003a7e	015e8663	beq	x29,x21,80003a8a	 x29:0xda800000 x21:0x00000000
       77322000	      3764	80003a82	02547663	bgeu	x8,x5,80003aae	  x8:0x00002be4  x5:0x00003fff
       78162000	      3806	80003a86	03ce62b3	rem	x5,x28,x28	 x28:0x7ffffafe x28:0x7ffffafe  x5=0x00000000
       78202000	      3808	80003a8a	03a8ca33	div	x20,x17,x26	 x17:0x20000000 x26:0x00000000 x20=0xffffffff
       78222000	      3809	80003a8e	021d8063	beq	x27,x1,80003aae	 x27:0x00000000  x1:0x00000001
       78242000	      3810	80003a92	717d	c.addi16sp	x2,-16	  x2:0x00000000  x2=0xfffffff0
       78982000	      3847	80003a94	02474e33	div	x28,x14,x4	 x14:0xa2fb000c  x4:0x00000104 x28=0xffa4695b
       79002000	      3848	80003a98	0001	c.addi	x0,0	  x0:0x00000000  x0=0x00000000
       79022000	      3849	80003a9a	9b43c493	xori	x9,x7,-1612	  x7:0x7ef42000  x9=0x810bd9b4
       79042000	      3850	80003a9e	0684	c.addi4spn	x9,x2,832	  x9=0x00000330
       79062000	      3851	80003aa0	1707b813	sltiu	x16,x15,368	 x15:0x0045edbb x16=0x00000000
       79082000	      3852	80003aa4	00065713	srli	x14,x12,0x0	 x12:0x8bdad7dd x14=0x8bdad7dd
       79102000	      3853	80003aa8	0124e733	or	x14,x9,x18	  x9:0x00000330 x18:0x7ab9c569 x14=0x7ab9c779
       79122000	      3854	80003aac	1c84	c.addi4spn	x9,x2,624	  x9=0x00000260
       80262000	      3911	80003aae	02ae6b33	rem	x22,x28,x10	 x28:0xffa4695b x10:0xfc000000 x22=0xffa4695b
       80282000	      3912	80003ab2	8f35	c.xor	x14,x13	 x14:0x7ab9c779 x13:0xffee840a x14=0x85574373
       80302000	      3913	80003ab4	0155f663	bgeu	x11,x21,80003ac0	 x11:0xffffff64 x21:0x00000000
       80562000	      3926	80003ac0	8271	c.srli	x12,0x1c	 x12:0x8bdad7dd x12=0x00000008
       80582000	      3927	80003ac2	865e	c.mv	x12,x23	  x0:0x00000000 x23:0x0000006a x12=0x0000006a
       80722000	      3934	80003ac4	6161	c.addi16sp	x2,80	  x2:0xfffffff0  x2=0x00000040
       81462000	      3971	80003ac6	038cc933	div	x18,x25,x24	 x25:0x80025ce4 x24:0x4eb88a2c x18=0xffffffff
       81482000	      3972	80003aca	04a26063	bltu	x4,x10,80003b0a	  x4:0x00000104 x10:0xfc000000
       81882000	      3992	80003b0a	51fd	c.li	x3,-1	  x3=0xffffffff
       82302000	      4013	80003b0c	010e9d63	bne	x29,x16,80003b26	 x29:0xda800000 x16:0x00000000
       82722000	      4034	80003b26	b05fd037	lui	x0,0xb05fd	  x0=0x00000000
       82742000	      4035	80003b2a	e99b6793	ori	x15,x22,-359	 x22:0xffa4695b x15=0xffffffdb
       82762000	      4036	80003b2e	833a	c.mv	x6,x14	  x0:0x00000000 x14:0x85574373  x6=0x85574373
       83882000	      4092	80003b30	02d66633	rem	x12,x12,x13	 x12:0x0000006a x13:0xffee840a x12=0x0000006a
       83902000	      4093	80003b34	0001	c.addi	x0,0	  x0:0x00000000  x0=0x00000000
       83922000	      4094	80003b36	6ab5	c.lui	x21,0xd	 x21=0x0000d000
       83942000	      4095	80003b38	92c6	c.add	x5,x17	  x5:0x00000000 x17:0x20000000  x5=0x20000000
       83962000	      4096	80003b3a	17147793	andi	x15,x8,369	  x8:0x00002be4 x15=0x00000160
       83982000	      4097	80003b3e	0ff0000f	fence	iorw,iorw	
       84002000	      4098	80003b42	013b2133	slt	x2,x22,x19	 x22:0xffa4695b x19:0x80021df8  x2=0x00000000
       84022000	      4099	80003b46	8f99	c.sub	x15,x14	 x15:0x00000160 x14:0x85574373 x15=0x7aa8bded
       84202000	      4108	80003b48	0001	c.addi	x0,0	  x0:0x00000000  x0=0x00000000
       84322000	      4114	80003b4a	401752b3	sra	x5,x14,x1	 x14:0x85574373  x1:0x00000001  x5=0xc2aba1b9
       84342000	      4115	80003b4e	e985	c.bnez	x11,80003b7e	 x11:0xffffff64
       84602000	      4128	80003b7e	8fc1	c.or	x15,x8	 x15:0x7aa8bded  x8:0x00002be4 x15=0x7aa8bfed
       84682000	      4132	80003b80	0001	c.addi	x0,0	  x0:0x00000000  x0=0x00000000
       84702000	      4133	80003b82	1214	c.addi4spn	x13,x2,288	 x13=0x00000120
       84722000	      4134	80003b84	6541c813	xori	x16,x3,1620	  x3:0xffffffff x16=0xfffff9ab
       84862000	      4141	80003b88	614d	c.addi16sp	x2,176	  x2:0x00000000  x2=0x000000b0
       84882000	      4142	80003b8a	0001	c.addi	x0,0	  x0:0x00000000  x0=0x00000000
       84942000	      4145	80003b8c	080e	c.slli	x16,0x3	 x16:0xfffff9ab x16=0xffffcd58
      105722000	      5184	80003b8e	0000100f	fence.i	
      105882000	      5192	80003b92	6129	c.addi16sp	x2,192	  x2:0x000000b0  x2=0x00000170
      105902000	      5193	80003b94	01efd463	bge	x31,x30,80003b9c	 x31:0x0000000b x30:0x00000004
      106682000	      5232	80003b9c	030202b3	mul	x5,x4,x16	  x4:0x00000104 x16:0xffffcd58  x5=0xffcc8d60
      106842000	      5240	80003ba0	05910013	addi	x0,x2,89	  x2:0x00000170  x0=0x00000000
      107682000	      5282	80003ba4	0236dab3	divu	x21,x13,x3	 x13:0x00000120  x3:0xffffffff x21=0x00000000
      107702000	      5283	80003ba8	00c10263	beq	x2,x12,80003bac	  x2:0x00000170 x12:0x0000006a
      107722000	      5284	80003bac	03449a63	bne	x9,x20,80003be0	  x9:0x00000260 x20:0xffffffff
      107802000	      5288	80003be0	9bfd	c.andi	x15,-1	 x15:0x7aa8bfed x15=0x7aa8bfed
      107822000	      5289	80003be2	c509	c.beqz	x10,80003bec	 x10:0xfc000000
      107842000	      5290	80003be4	8f61	c.and	x14,x8	 x14:0x85574373  x8:0x00002be4 x14=0x00000360
      107862000	      5291	80003be6	83a1	c.srli	x15,0x8	 x15:0x7aa8bfed x15=0x007aa8bf
      107962000	      5296	80003be8	03039333	mulh	x6,x7,x16	  x7:0x7ef42000 x16:0xffffcd58  x6=0xffffe6e1
      108362000	      5316	80003bec	01fbe863	bltu	x23,x31,80003bfc	 x23:0x0000006a x31:0x0000000b
      108602000	      5328	80003bf0	64634393	xori	x7,x6,1606	  x6:0xffffe6e1  x7=0xffffe0a7
      108622000	      5329	80003bf4	00ce3133	sltu	x2,x28,x12	 x28:0xffa4695b x12:0x0000006a  x2=0x00000000
      108642000	      5330	80003bf8	006a5613	srli	x12,x20,0x6	 x20:0xffffffff x12=0x03ffffff
      108682000	      5332	80003bfc	00b87d63	bgeu	x16,x11,80003c16	 x16:0xffffcd58 x11:0xffffff64
      108942000	      5345	80003c00	8bd5	c.andi	x15,21	 x15:0x007aa8bf x15=0x00000015
      108962000	      5346	80003c02	00b11313	slli	x6,x2,0xb	  x2:0x00000000  x6=0x00000000
      109002000	      5348	80003c06	05278263	beq	x15,x18,80003c4a	 x15:0x00000015 x18:0xffffffff
      109202000	      5358	80003c0a	0179f763	bgeu	x19,x23,80003c18	 x19:0x80021df8 x23:0x0000006a
      109862000	      5391	80003c18	0c41	c.addi	x24,16	 x24:0x4eb88a2c x24=0x4eb88a3c
      110282000	      5412	80003c1a	03b68533	mul	x10,x13,x27	 x13:0x00000120 x27:0x00000000 x10=0x00000000
      110302000	      5413	80003c1e	6a770e93	addi	x29,x14,1703	 x14:0x00000360 x29=0x00000a07
      110322000	      5414	80003c22	0000100f	fence.i	
      111062000	      5451	80003c26	03c80c33	mul	x24,x16,x28	 x16:0xffffcd58 x28:0xffa4695b x24=0x1f871648
      111102000	      5453	80003c2a	021e86b3	mul	x13,x29,x1	 x29:0x00000a07  x1:0x00000001 x13=0x00000a07
      111122000	      5454	80003c2e	0001	c.addi	x0,0	  x0:0x00000000  x0=0x00000000
      111142000	      5455	80003c30	9a7d	c.andi	x12,-1	 x12:0x03ffffff x12=0x03ffffff
      111162000	      5456	80003c32	87ea	c.mv	x15,x26	  x0:0x00000000 x26:0x00000000 x15=0x00000000
      111422000	      5469	80003c34	c1e06d13	ori	x26,x0,-994	  x0:0x00000000 x26=0xfffffc1e
      111442000	      5470	80003c38	00449533	sll	x10,x9,x4	  x9:0x00000260  x4:0x00000104 x10=0x00002600
      111462000	      5471	80003c3c	37093813	sltiu	x16,x18,880	 x18:0xffffffff x16=0x00000000
      111502000	      5473	80003c40	4de1	c.li	x27,24	 x27=0x00000018
      111642000	      5480	80003c42	40a05733	sra	x14,x0,x10	  x0:0x00000000 x10:0x00002600 x14=0x00000000
      111842000	      5490	80003c46	02a61b63	bne	x12,x10,80003c7c	 x12:0x03ffffff x10:0x00002600
      112462000	      5521	80003c7c	00922db3	slt	x27,x4,x9	  x4:0x00000104  x9:0x00000260 x27=0x00000001
      113342000	      5565	80003c80	02cac6b3	div	x13,x21,x12	 x21:0x00000000 x12:0x03ffffff x13=0x00000000
      113362000	      5566	80003c84	5e75fa13	andi	x20,x11,1511	 x11:0xffffff64 x20=0x00000564
      113382000	      5567	80003c88	809d	c.srli	x9,0x7	  x9:0x00000260  x9=0x00000004
      113402000	      5568	80003c8a	00441513	slli	x10,x8,0x4	  x8:0x00002be4 x10=0x0002be40
      113422000	      5569	80003c8e	00449893	slli	x17,x9,0x4	  x9:0x00000004 x17=0x00000040
      113442000	      5570	80003c92	055dc463	blt	x27,x21,80003cda	 x27:0x00000001 x21:0x00000000
      113502000	      5573	80003c96	024e1bb3	mulh	x23,x28,x4	 x28:0xffa4695b  x4:0x00000104 x23=0xffffffff
      113902000	      5593	80003c9a	013d3033	sltu	x0,x26,x19	 x26:0xfffffc1e x19:0x80021df8  x0=0x00000000
      113922000	      5594	80003c9e	89dd	c.andi	x11,23	 x11:0xffffff64 x11=0x00000004
      113942000	      5595	80003ca0	1d9f2293	slti	x5,x30,473	 x30:0x00000004  x5=0x00000001
      113962000	      5596	80003ca4	40240eb3	sub	x29,x8,x2	  x8:0x00002be4  x2:0x00000000 x29=0x00002be4
      114222000	      5609	80003ca8	03f48233	mul	x4,x9,x31	  x9:0x00000004 x31:0x0000000b  x4=0x0000002c
      114242000	      5610	80003cac	002edb93	srli	x23,x29,0x2	 x29:0x00002be4 x23=0x00000af9
      114442000	      5620	80003cb0	009df8b3	and	x17,x27,x9	 x27:0x00000001  x9:0x00000004 x17=0x00000000
      114862000	      5641	80003cb4	ea433637	lui	x12,0xea433	 x12=0xea433000
      114882000	      5642	80003cb8	00240a33	add	x20,x8,x2	  x8:0x00002be4  x2:0x00000000 x20=0x00002be4
      115302000	      5663	80003cbc	c609	c.beqz	x12,80003cc6	 x12:0xea433000
      115322000	      5664	80003cbe	030c8017	auipc	x0,0x30c8	  x0=0x00000000
      115762000	      5686	80003cc2	031011b3	mulh	x3,x0,x17	  x0:0x00000000 x17:0x00000000  x3=0x00000000
      115782000	      5687	80003cc6	0135f363	bgeu	x11,x19,80003ccc	 x11:0x00000004 x19:0x80021df8
      115802000	      5688	80003cca	517d	c.li	x2,-1	  x2=0xffffffff
      115822000	      5689	80003ccc	011f01b3	add	x3,x30,x17	 x30:0x00000004 x17:0x00000000  x3=0x00000004
      116042000	      5700	80003cd0	0290a5b3	mulhsu	x11,x1,x9	  x1:0x00000001  x9:0x00000004 x11=0x00000000
      116062000	      5701	80003cd4	1398	c.addi4spn	x14,x2,480	 x14=0x000001df
      116382000	      5717	80003cd6	030b1263	bne	x22,x16,80003cfa	 x22:0xffa4695b x16:0x00000000
      117862000	      5791	80003cfa	0246d1b3	divu	x3,x13,x4	 x13:0x00000000  x4:0x0000002c  x3=0x00000000
      117882000	      5792	80003cfe	00ab12b3	sll	x5,x22,x10	 x22:0xffa4695b x10:0x0002be40  x5=0xffa4695b
      117922000	      5794	80003d02	035d2433	mulhsu	x8,x26,x21	 x26:0xfffffc1e x21:0x00000000  x8=0x00000000
      117942000	      5795	80003d06	014a9893	slli	x17,x21,0x14	 x21:0x00000000 x17=0x00000000
      117962000	      5796	80003d0a	8f81	c.sub	x15,x8	 x15:0x00000000  x8:0x00000000 x15=0x00000000
      117982000	      5797	80003d0c	0636	c.slli	x12,0xd	 x12:0xea433000 x12=0x66000000
      118002000	      5798	80003d0e	8dad	c.xor	x11,x11	 x11:0x00000000 x11:0x00000000 x11=0x00000000
      118022000	      5799	80003d10	0001	c.addi	x0,0	  x0:0x00000000  x0=0x00000000
      118042000	      5800	80003d12	cf9d	c.beqz	x15,80003d50	 x15:0x00000000
      118682000	      5832	80003d50	024e2d33	mulhsu	x26,x28,x4	 x28:0xffa4695b  x4:0x0000002c x26=0xffffffff
      118782000	      5837	80003d54	95c74313	xori	x6,x14,-1700	 x14:0x000001df  x6=0xfffff883
      118802000	      5838	80003d58	9492	c.add	x9,x4	  x9:0x00000004  x4:0x0000002c  x9=0x00000030
      118822000	      5839	80003d5a	6769	c.lui	x14,0x1a	 x14=0x0001a000
      118842000	      5840	80003d5c	0566	c.slli	x10,0x19	 x10:0x0002be40 x10=0x80000000
      118862000	      5841	80003d5e	8ecd	c.or	x13,x11	 x13:0x00000000 x11:0x00000000 x13=0x00000000
      119022000	      5849	80003d60	6135	c.addi16sp	x2,352	  x2:0xffffffff  x2=0x0000015f
      119042000	      5850	80003d62	0636	c.slli	x12,0xd	 x12:0x66000000 x12=0x00000000
      119182000	      5857	80003d64	0ff0000f	fence	iorw,iorw	
      119262000	      5861	80003d68	0152e433	or	x8,x5,x21	  x5:0xffa4695b x21:0x00000000  x8=0xffa4695b
      119342000	      5865	80003d6c	ee91	c.bnez	x13,80003d88	 x13:0x00000000
      119362000	      5866	80003d6e	0818	c.addi4spn	x14,x2,16	 x14=0x0000016f
      119382000	      5867	80003d70	c121	c.beqz	x10,80003db0	 x10:0x80000000
      119402000	      5868	80003d72	0f16	c.slli	x30,0x5	 x30:0x00000004 x30=0x00000080
      119682000	      5882	80003d74	0000100f	fence.i	
      121002000	      5948	80003d78	0245dbb3	divu	x23,x11,x4	 x11:0x00000000  x4:0x0000002c x23=0x00000000
      121022000	      5949	80003d7c	012d5a63	bge	x26,x18,80003d90	 x26:0xffffffff x18:0xffffffff
      121102000	      5953	80003d90	96d6	c.add	x13,x21	 x13:0x00000000 x21:0x00000000 x13=0x00000000
      121202000	      5958	80003d92	05a91463	bne	x18,x26,80003dda	 x18:0xffffffff x26:0xffffffff
      121642000	      5980	80003d96	035678b3	remu	x17,x12,x21	 x12:0x00000000 x21:0x00000000 x17=0x00000000
      121762000	      5986	80003d9a	01c61093	slli	x1,x12,0x1c	 x12:0x00000000  x1=0x00000000
      122162000	      6006	80003d9e	018a5693	srli	x13,x20,0x18	 x20:0x00002be4 x13=0x00000000
      122242000	      6010	80003da2	015f6733	or	x14,x30,x21	 x30:0x00000080 x21:0x00000000 x14=0x00000080
      122262000	      6011	80003da6	02f61a63	bne	x12,x15,80003dda	 x12:0x00000000 x15:0x00000000
      122282000	      6012	80003daa	8371	c.srli	x14,0x1c	 x14:0x00000080 x14=0x00000000
      122462000	      6021	80003dac	3101c317	auipc	x6,0x3101c	  x6=0xb101fdac
      122602000	      6028	80003db0	c5c94693	xori	x13,x18,-932	 x18:0xffffffff x13=0x000003a3
      122762000	      6036	80003db4	01d67e33	and	x28,x12,x29	 x12:0x00000000 x29:0x00002be4 x28=0x00000000
      122782000	      6037	80003db8	0b9c	c.addi4spn	x15,x2,464	 x15=0x0000032f
      122802000	      6038	80003dba	5f8ba613	slti	x12,x23,1528	 x23:0x00000000 x12=0x00000001
      122942000	      6045	80003dbe	00579e93	slli	x29,x15,0x5	 x15:0x0000032f x29=0x000065e0
      123682000	      6082	80003dc2	03957d33	remu	x26,x10,x25	 x10:0x80000000 x25:0x80025ce4 x26=0x80000000
      123702000	      6083	80003dc6	041c2f17	auipc	x30,0x41c2	 x30=0x841c5dc6
      123722000	      6084	80003dca	8fa5	c.xor	x15,x9	 x15:0x0000032f  x9:0x00000030 x15=0x0000031f
      123742000	      6085	80003dcc	00b19663	bne	x3,x11,80003dd8	  x3:0x00000000 x11:0x00000000
      123782000	      6087	80003dd0	03182db3	mulhsu	x27,x16,x17	 x16:0x00000000 x17:0x00000000 x27=0x00000000
      123802000	      6088	80003dd4	73834e13	xori	x28,x6,1848	  x6:0xb101fdac x28=0xb101fa94
      123822000	      6089	80003dd8	0001	c.addi	x0,0	  x0:0x00000000  x0=0x00000000
      123842000	      6090	80003dda	01cad4b3	srl	x9,x21,x28	 x21:0x00000000 x28:0xb101fa94  x9=0x00000000
      123862000	      6091	80003dde	055a	c.slli	x10,0x16	 x10:0x80000000 x10=0x00000000
      123882000	      6092	80003de0	6c8eef13	ori	x30,x29,1736	 x29:0x000065e0 x30=0x000067e8
      123902000	      6093	80003de4	52e5be13	sltiu	x28,x11,1326	 x11:0x00000000 x28=0x00000001
      124002000	      6098	80003de8	6115	c.addi16sp	x2,288	  x2:0x0000015f  x2=0x0000027f
      124362000	      6116	80003dea	de418d13	addi	x26,x3,-540	  x3:0x00000000 x26=0xfffffde4
      124382000	      6117	80003dee	0067b7b3	sltu	x15,x15,x6	 x15:0x0000031f  x6:0xb101fdac x15=0x00000001
      125122000	      6154	80003df2	02d26f33	rem	x30,x4,x13	  x4:0x0000002c x13:0x000003a3 x30=0x0000002c
      125162000	      6156	80003df6	02209bb3	mulh	x23,x1,x2	  x1:0x00000000  x2:0x0000027f x23=0x00000000
      125202000	      6158	80003dfa	02b06a33	rem	x20,x0,x11	  x0:0x00000000 x11:0x00000000 x20=0x00000000
      125222000	      6159	80003dfe	893a	c.mv	x18,x14	  x0:0x00000000 x14:0x00000000 x18=0x00000000
      125242000	      6160	80003e00	00a4d133	srl	x2,x9,x10	  x9:0x00000000 x10:0x00000000  x2=0x00000000
      125262000	      6161	80003e04	c719	c.beqz	x14,80003e12	 x14:0x00000000
      125482000	      6172	80003e12	8595	c.srai	x11,0x5	 x11:0x00000000 x11=0x00000000
      125502000	      6173	80003e14	25223a13	sltiu	x20,x4,594	  x4:0x0000002c x20=0x00000001
      125922000	      6194	80003e18	00334963	blt	x6,x3,80003e2a	  x6:0xb101fdac  x3:0x00000000
      126422000	      6219	80003e2a	01d4aab3	slt	x21,x9,x29	  x9:0x00000000 x29:0x000065e0 x21=0x00000001
      126442000	      6220	80003e2e	0d9c	c.addi4spn	x15,x2,720	 x15=0x000002d0
      126522000	      6224	80003e30	03484f63	blt	x16,x20,80003e6e	 x16:0x00000000 x20:0x00000001
      126882000	      6242	80003e6e	6385	c.lui	x7,0x1	  x7=0x00001000
      127082000	      6252	80003e70	01a863b3	or	x7,x16,x26	 x16:0x00000000 x26:0xfffffde4  x7=0xfffffde4
      127102000	      6253	80003e74	8fed	c.and	x15,x11	 x15:0x000002d0 x11:0x00000000 x15=0x00000000
      127122000	      6254	80003e76	0000100f	fence.i	
      127502000	      6273	80003e7a	8cdd	c.or	x9,x15	  x9:0x00000000 x15:0x00000000  x9=0x00000000
      127562000	      6276	80003e7c	717d	c.addi16sp	x2,-16	  x2:0x00000000  x2=0xfffffff0
      127582000	      6277	80003e7e	0031da63	bge	x3,x3,80003e92	  x3:0x00000000  x3:0x00000000
      128962000	      6346	80003e92	03efceb3	div	x29,x31,x30	 x31:0x0000000b x30:0x0000002c x29=0x00000000
      128982000	      6347	80003e96	0998	c.addi4spn	x14,x2,208	 x14=0x000000c0
      129002000	      6348	80003e98	17fd	c.addi	x15,-1	 x15:0x00000000 x15=0xffffffff
      129022000	      6349	80003e9a	8cc9	c.or	x9,x10	  x9:0x00000000 x10:0x00000000  x9=0x00000000
      129762000	      6386	80003e9c	02d84e33	div	x28,x16,x13	 x16:0x00000000 x13:0x000003a3 x28=0x00000000
      129782000	      6387	80003ea0	0001	c.addi	x0,0	  x0:0x00000000  x0=0x00000000
      129802000	      6388	80003ea2	0f21fe93	andi	x29,x3,242	  x3:0x00000000 x29=0x00000000
      129822000	      6389	80003ea6	0ff0000f	fence	iorw,iorw	
      129842000	      6390	80003eaa	03031563	bne	x6,x16,80003ed4	  x6:0xb101fdac x16:0x00000000
      130022000	      6399	80003ed4	02b02d33	mulhsu	x26,x0,x11	  x0:0x00000000 x11:0x00000000 x26=0x00000000
      130182000	      6407	80003ed8	0001	c.addi	x0,0	  x0:0x00000000  x0=0x00000000
      131322000	      6464	80003eda	02d57eb3	remu	x29,x10,x13	 x10:0x00000000 x13:0x000003a3 x29=0x00000000
      131342000	      6465	80003ede	018f3e33	sltu	x28,x30,x24	 x30:0x0000002c x24:0x1f871648 x28=0x00000001
      131382000	      6467	80003ee2	02947733	remu	x14,x8,x9	  x8:0xffa4695b  x9:0x00000000 x14=0xffa4695b
      131422000	      6469	80003ee6	036424b3	mulhsu	x9,x8,x22	  x8:0xffa4695b x22:0xffa4695b  x9=0xffa48a1f
      131442000	      6470	80003eea	00efa933	slt	x18,x31,x14	 x31:0x0000000b x14:0xffa4695b x18=0x00000000
      131462000	      6471	80003eee	41940933	sub	x18,x8,x25	  x8:0xffa4695b x25:0x80025ce4 x18=0x7fa20c77
      131482000	      6472	80003ef2	7c2b8893	addi	x17,x23,1986	 x23:0x00000000 x17=0x000007c2
      131582000	      6477	80003ef6	413d0033	sub	x0,x26,x19	 x26:0x00000000 x19:0x80021df8  x0=0x00000000
      131602000	      6478	80003efa	ec15	c.bnez	x8,80003f36	  x8:0xffa4695b
      132262000	      6511	80003f36	58bdf013	andi	x0,x27,1419	 x27:0x00000000  x0=0x00000000
      132282000	      6512	80003f3a	e3b1	c.bnez	x15,80003f7e	 x15:0xffffffff
      132802000	      6538	80003f7e	03dd6363	bltu	x26,x29,80003fa4	 x26:0x00000000 x29:0x00000000
      133002000	      6548	80003f82	0000100f	fence.i	
      133442000	      6570	80003f86	00ea5f33	srl	x30,x20,x14	 x20:0x00000001 x14:0xffa4695b x30=0x00000000
      133462000	      6571	80003f8a	04456563	bltu	x10,x4,80003fd4	 x10:0x00000000  x4:0x0000002c
      134122000	      6604	80003fd4	0ff0000f	fence	iorw,iorw	
      134142000	      6605	80003fd8	029fdf63	bge	x31,x9,80004016	 x31:0x0000000b  x9:0xffa48a1f
      142962000	      7046	80004016	030fa6b3	mulhsu	x13,x31,x16	 x31:0x0000000b x16:0x00000000 x13=0x00000000
      142982000	      7047	8000401a	01a15633	srl	x12,x2,x26	  x2:0xfffffff0 x26:0x00000000 x12=0xfffffff0
      143002000	      7048	8000401e	e199	c.bnez	x11,80004024	 x11:0x00000000
      143022000	      7049	80004020	41b500b3	sub	x1,x10,x27	 x10:0x00000000 x27:0x00000000  x1=0x00000000
      143042000	      7050	80004024	01ba20b3	slt	x1,x20,x27	 x20:0x00000001 x27:0x00000000  x1=0x00000000
      143062000	      7051	80004028	0711	c.addi	x14,4	 x14:0xffa4695b x14=0xffa4695f
      143102000	      7053	8000402a	0221b5b3	mulhu	x11,x3,x2	  x3:0x00000000  x2:0xfffffff0 x11=0x00000000
      143222000	      7059	8000402e	366a0293	addi	x5,x20,870	 x20:0x00000001  x5=0x00000367
      143622000	      7079	80004032	02ac9433	mulh	x8,x25,x10	 x25:0x80025ce4 x10:0x00000000  x8=0x00000000
      144022000	      7099	80004036	0000100f	fence.i	
      144862000	      7141	8000403a	ecb63137	lui	x2,0xecb63	  x2=0xecb63000
      144982000	      7147	8000403e	414f02b3	sub	x5,x30,x20	 x30:0x00000000 x20:0x00000001  x5=0xffffffff
      145002000	      7148	80004042	3c452a93	slti	x21,x10,964	 x10:0x00000000 x21=0x00000001
      145142000	      7155	80004046	d56bb013	sltiu	x0,x23,-682	 x23:0x00000000  x0=0x00000000
      146022000	      7199	8000404a	0357fe33	remu	x28,x15,x21	 x15:0xffffffff x21:0x00000001 x28=0x00000000
      146062000	      7201	8000404e	02d8f7b3	remu	x15,x17,x13	 x17:0x000007c2 x13:0x00000000 x15=0x000007c2
      146082000	      7202	80004052	eb99	c.bnez	x15,80004068	 x15:0x000007c2
      146642000	      7230	80004068	0d8a	c.slli	x27,0x2	 x27:0x00000000 x27=0x00000000
      146662000	      7231	8000406a	1200	c.addi4spn	x8,x2,288	  x8=0xecb63120
      146702000	      7233	8000406c	03e51133	mulh	x2,x10,x30	 x10:0x00000000 x30:0x00000000  x2=0x00000000
      146722000	      7234	80004070	408ad193	srai	x3,x21,0x8	 x21:0x00000001  x3=0x00000000
      147102000	      7253	80004074	003b8d33	add	x26,x23,x3	 x23:0x00000000  x3:0x00000000 x26=0x00000000
      147142000	      7255	80004078	0030bdb3	sltu	x27,x1,x3	  x1:0x00000000  x3:0x00000000 x27=0x00000000
      147182000	      7257	8000407c	00fdda93	srli	x21,x27,0xf	 x27:0x00000000 x21=0x00000000
      147202000	      7258	80004080	00cb3733	sltu	x14,x22,x12	 x22:0xffa4695b x12:0xfffffff0 x14=0x00000001
      147222000	      7259	80004084	1c00	c.addi4spn	x8,x2,560	  x8=0x00000230
      147242000	      7260	80004086	9480e113	ori	x2,x1,-1720	  x1:0x00000000  x2=0xfffff948
      147262000	      7261	8000408a	0001	c.addi	x0,0	  x0:0x00000000  x0=0x00000000
      147482000	      7272	8000408c	41fe07b3	sub	x15,x28,x31	 x28:0x00000000 x31:0x0000000b x15=0xfffffff5
      147542000	      7275	80004090	00fd9333	sll	x6,x27,x15	 x27:0x00000000 x15:0xfffffff5  x6=0x00000000
      147582000	      7277	80004094	e3bf3393	sltiu	x7,x30,-453	 x30:0x00000000  x7=0x00000001
      148722000	      7334	80004098	03f25633	divu	x12,x4,x31	  x4:0x0000002c x31:0x0000000b x12=0x00000004
      148742000	      7335	8000409c	92e6	c.add	x5,x25	  x5:0xffffffff x25:0x80025ce4  x5=0x80025ce3
      148762000	      7336	8000409e	0001	c.addi	x0,0	  x0:0x00000000  x0=0x00000000
      148782000	      7337	800040a0	1c08	c.addi4spn	x10,x2,560	 x10=0xfffffb78
      148822000	      7339	800040a2	03629eb3	mulh	x29,x5,x22	  x5:0x80025ce3 x22:0xffa4695b x29=0x002dca7a
      148862000	      7341	800040a6	03142eb3	mulhsu	x29,x8,x17	  x8:0x00000230 x17:0x000007c2 x29=0x00000000
      148882000	      7342	800040aa	8f99	c.sub	x15,x14	 x15:0xfffffff5 x14:0x00000001 x15=0xfffffff4
      148902000	      7343	800040ac	0277f963	bgeu	x15,x7,800040de	 x15:0xfffffff4  x7:0x00000001
      149162000	      7356	800040de	02c49933	mulh	x18,x9,x12	  x9:0xffa48a1f x12:0x00000004 x18=0xffffffff
      149182000	      7357	800040e2	004c3c33	sltu	x24,x24,x4	 x24:0x1f871648  x4:0x0000002c x24=0x00000000
      149202000	      7358	800040e6	8f25	c.xor	x14,x9	 x14:0x00000001  x9:0xffa48a1f x14=0xffa48a1e
      149522000	      7374	800040e8	01181193	slli	x3,x16,0x11	 x16:0x00000000  x3=0x00000000
      149542000	      7375	800040ec	03016b63	bltu	x2,x16,80004122	  x2:0xfffff948 x16:0x00000000
      149562000	      7376	800040f0	e41d	c.bnez	x8,8000411e	  x8:0x00000230
      150442000	      7420	8000411e	017668b3	or	x17,x12,x23	 x12:0x00000004 x23:0x00000000 x17=0x00000004
      150882000	      7442	80004122	0266df33	divu	x30,x13,x6	 x13:0x00000000  x6:0x00000000 x30=0xffffffff
      150902000	      7443	80004126	7fb30893	addi	x17,x6,2043	  x6:0x00000000 x17=0x000007fb
      150922000	      7444	8000412a	8599	c.srai	x11,0x6	 x11:0x00000000 x11=0x00000000
      150942000	      7445	8000412c	8ecd	c.or	x13,x11	 x13:0x00000000 x11:0x00000000 x13=0x00000000
      151682000	      7482	8000412e	033af2b3	remu	x5,x21,x19	 x21:0x00000000 x19:0x80021df8  x5=0x00000000
      151702000	      7483	80004132	171e2513	slti	x10,x28,369	 x28:0x00000000 x10=0x00000001
      151742000	      7485	80004136	026afdb3	remu	x27,x21,x6	 x21:0x00000000  x6:0x00000000 x27=0x00000000
      151762000	      7486	8000413a	01ec1263	bne	x24,x30,8000413e	 x24:0x00000000 x30:0xffffffff
      151822000	      7489	8000413e	f5767913	andi	x18,x12,-169	 x12:0x00000004 x18=0x00000004
      151842000	      7490	80004142	8c71	c.and	x8,x12	  x8:0x00000230 x12:0x00000004  x8=0x00000000
      151862000	      7491	80004144	0074e5b3	or	x11,x9,x7	  x9:0xffa48a1f  x7:0x00000001 x11=0xffa48a1f
      151942000	      7495	80004148	6b3d	c.lui	x22,0xf	 x22=0x0000f000
      152282000	      7512	8000414a	0169c563	blt	x19,x22,80004154	 x19:0x80021df8 x22:0x0000f000
      153282000	      7562	80004154	405e0033	sub	x0,x28,x5	 x28:0x00000000  x5:0x00000000  x0=0x00000000
      153722000	      7584	80004158	8e59	c.or	x12,x14	 x12:0x00000004 x14:0xffa48a1e x12=0xffa48a1e
      153762000	      7586	8000415a	03a5d533	divu	x10,x11,x26	 x11:0xffa48a1f x26:0x00000000 x10=0xffffffff
      153782000	      7587	8000415e	01e8ebb3	or	x23,x17,x30	 x17:0x000007fb x30:0xffffffff x23=0xffffffff
      153802000	      7588	80004162	14fd	c.addi	x9,-1	  x9:0xffa48a1f  x9=0xffa48a1e
      154082000	      7602	80004164	5a7d	c.li	x20,-1	 x20=0xffffffff
      154102000	      7603	80004166	0306dc63	bge	x13,x16,8000419e	 x13:0x00000000 x16:0x00000000
      154642000	      7630	8000419e	01bd10b3	sll	x1,x26,x27	 x26:0x00000000 x27:0x00000000  x1=0x00000000
      154662000	      7631	800041a2	006a5bb3	srl	x23,x20,x6	 x20:0xffffffff  x6:0x00000000 x23=0xffffffff
      154682000	      7632	800041a6	84d5	c.srai	x9,0x15	  x9:0xffa48a1e  x9=0xfffffffd
      154722000	      7634	800041a8	027022b3	mulhsu	x5,x0,x7	  x0:0x00000000  x7:0x00000001  x5=0x00000000
      154742000	      7635	800041ac	01d3e133	or	x2,x7,x29	  x7:0x00000001 x29:0x00000000  x2=0x00000001
      155102000	      7653	800041b0	41d857b3	sra	x15,x16,x29	 x16:0x00000000 x29:0x00000000 x15=0x00000000
      155242000	      7660	800041b4	05934463	blt	x6,x25,800041fc	  x6:0x00000000 x25:0x80025ce4
      155442000	      7670	800041b8	02caa733	mulhsu	x14,x21,x12	 x21:0x00000000 x12:0xffa48a1e x14=0x00000000
      155622000	      7679	800041bc	03b74663	blt	x14,x27,800041e8	 x14:0x00000000 x27:0x00000000
      155642000	      7680	800041c0	01668833	add	x16,x13,x22	 x13:0x00000000 x22:0x0000f000 x16=0x0000f000
      155982000	      7697	800041c4	7fc02617	auipc	x12,0x7fc02	 x12=0xffc061c4
      156022000	      7699	800041c8	02389033	mulh	x0,x17,x3	 x17:0x000007fb  x3:0x00000000  x0=0x00000000
      156042000	      7700	800041cc	01189e13	slli	x28,x17,0x11	 x17:0x000007fb x28=0x0ff60000
      156082000	      7702	800041d0	010b7463	bgeu	x22,x16,800041d8	 x22:0x0000f000 x16:0x0000f000
      156562000	      7726	800041d8	844a	c.mv	x8,x18	  x0:0x00000000 x18:0x00000004  x8=0x00000004
      156682000	      7732	800041da	0ff0000f	fence	iorw,iorw	
      156702000	      7733	800041de	0001	c.addi	x0,0	  x0:0x00000000  x0=0x00000000
      157122000	      7754	800041e0	0358adb3	mulhsu	x27,x17,x21	 x17:0x000007fb x21:0x00000000 x27=0x00000000
      157922000	      7794	800041e4	0244fbb3	remu	x23,x9,x4	  x9:0xfffffffd  x4:0x0000002c x23=0x00000001
      157942000	      7795	800041e8	ee30e493	ori	x9,x1,-285	  x1:0x00000000  x9=0xfffffee3
      157962000	      7796	800041ec	83ba	c.mv	x7,x14	  x0:0x00000000 x14:0x00000000  x7=0x00000000
      157982000	      7797	800041ee	8e89	c.sub	x13,x10	 x13:0x00000000 x10:0xffffffff x13=0x00000001
      158062000	      7801	800041f0	3ae44d13	xori	x26,x8,942	  x8:0x00000004 x26=0x000003aa
      158082000	      7802	800041f4	004491b3	sll	x3,x9,x4	  x9:0xfffffee3  x4:0x0000002c  x3=0xffee3000
      158102000	      7803	800041f8	0166a833	slt	x16,x13,x22	 x13:0x00000001 x22:0x0000f000 x16=0x00000001
      158282000	      7812	800041fc	8f49	c.or	x14,x10	 x14:0x00000000 x10:0xffffffff x14=0xffffffff
      158302000	      7813	800041fe	14fd	c.addi	x9,-1	  x9:0xfffffee3  x9=0xfffffee2
      158402000	      7818	80004200	011e1563	bne	x28,x17,8000420a	 x28:0x0ff60000 x17:0x000007fb
      159642000	      7880	8000420a	030a8bb3	mul	x23,x21,x16	 x21:0x00000000 x16:0x00000001 x23=0x00000000
      159782000	      7887	8000420e	0211fab3	remu	x21,x3,x1	  x3:0xffee3000  x1:0x00000000 x21=0xffee3000
      159882000	      7892	80004212	051e1263	bne	x28,x17,80004256	 x28:0x0ff60000 x17:0x000007fb
      160362000	      7916	80004256	01892633	slt	x12,x18,x24	 x18:0x00000004 x24:0x00000000 x12=0x00000000
      160382000	      7917	8000425a	00b6ae33	slt	x28,x13,x11	 x13:0x00000001 x11:0xffa48a1f x28=0x00000000
      160402000	      7918	8000425e	0230cf63	blt	x1,x3,8000429c	  x1:0x00000000  x3:0xffee3000
      160422000	      7919	80004262	e582a397	auipc	x7,0xe582a	  x7=0x6582e262
      160442000	      7920	80004266	6825	c.lui	x16,0x9	 x16=0x00009000
      160562000	      7926	80004268	0000100f	fence.i	
      160642000	      7930	8000426c	dbca4237	lui	x4,0xdbca4	  x4=0xdbca4000
      160842000	      7940	80004270	0137a733	slt	x14,x15,x19	 x15:0x00000000 x19:0x80021df8 x14=0x00000000
      161262000	      7961	80004274	177d	c.addi	x14,-1	 x14:0x00000000 x14=0xffffffff
      161282000	      7962	80004276	c499	c.beqz	x9,80004284	  x9:0xfffffee2
      161302000	      7963	80004278	00dcf663	bgeu	x25,x13,80004284	 x25:0x80025ce4 x13:0x00000001
      161962000	      7996	80004284	019f30b3	sltu	x1,x30,x25	 x30:0xffffffff x25:0x80025ce4  x1=0x00000000
      162062000	      8001	80004288	0064c763	blt	x9,x6,80004296	  x9:0xfffffee2  x6:0x00000000
      162602000	      8028	80004296	0001	c.addi	x0,0	  x0:0x00000000  x0=0x00000000
      162622000	      8029	80004298	005de0b3	or	x1,x27,x5	 x27:0x00000000  x5:0x00000000  x1=0x00000000
      162642000	      8030	8000429c	0068a5b3	slt	x11,x17,x6	 x17:0x000007fb  x6:0x00000000 x11=0x00000000
      162742000	      8035	800042a0	012aa5b3	slt	x11,x21,x18	 x21:0xffee3000 x18:0x00000004 x11=0x00000001
      162762000	      8036	800042a4	9bfd	c.andi	x15,-1	 x15:0x00000000 x15=0x00000000
      162782000	      8037	800042a6	0099db33	srl	x22,x19,x9	 x19:0x80021df8  x9:0xfffffee2 x22=0x2000877e
      163162000	      8056	800042aa	1b167513	andi	x10,x12,433	 x12:0x00000000 x10=0x00000000
      163182000	      8057	800042ae	8549	c.srai	x10,0x12	 x10:0x00000000 x10=0x00000000
      163582000	      8077	800042b0	3a3a4293	xori	x5,x20,931	 x20:0xffffffff  x5=0xfffffc5c
      163722000	      8084	800042b4	41e20633	sub	x12,x4,x30	  x4:0xdbca4000 x30:0xffffffff x12=0xdbca4001
      163922000	      8094	800042b8	9efa	c.add	x29,x30	 x29:0x00000000 x30:0xffffffff x29=0xffffffff
      163942000	      8095	800042ba	8fdd	c.or	x15,x15	 x15:0x00000000 x15:0x00000000 x15=0x00000000
      163962000	      8096	800042bc	003e1093	slli	x1,x28,0x3	 x28:0x00000000  x1=0x00000000
      163982000	      8097	800042c0	01ab7633	and	x12,x22,x26	 x22:0x2000877e x26:0x000003aa x12=0x0000032a
      164102000	      8103	800042c4	8cb5	c.xor	x9,x13	  x9:0xfffffee2 x13:0x00000001  x9=0xfffffee3
      164842000	      8140	800042c6	0352e533	rem	x10,x5,x21	  x5:0xfffffc5c x21:0xffee3000 x10=0xfffffc5c
      164862000	      8141	800042ca	01243433	sltu	x8,x8,x18	  x8:0x00000004 x18:0x00000004  x8=0x00000000
      164902000	      8143	800042ce	03491bb3	mulh	x23,x18,x20	 x18:0x00000004 x20:0xffffffff x23=0xffffffff
      165642000	      8180	800042d2	02ea7833	remu	x16,x20,x14	 x20:0xffffffff x14:0xffffffff x16=0x00000000
      165662000	      8181	800042d6	6151	c.addi16sp	x2,272	  x2:0x00000001  x2=0x00000111
      165682000	      8182	800042d8	41d853b3	sra	x7,x16,x29	 x16:0x00000000 x29:0xffffffff  x7=0x00000000
      165702000	      8183	800042dc	0001	c.addi	x0,0	  x0:0x00000000  x0=0x00000000
      165722000	      8184	800042de	befa25b7	lui	x11,0xbefa2	 x11=0xbefa2000
      165742000	      8185	800042e2	0104ae33	slt	x28,x9,x16	  x9:0xfffffee3 x16:0x00000000 x28=0x00000001
      165762000	      8186	800042e6	6d75	c.lui	x26,0x1d	 x26=0x0001d000
      165782000	      8187	800042e8	8e81	c.sub	x13,x8	 x13:0x00000001  x8:0x00000000 x13=0x00000001
      165802000	      8188	800042ea	0001	c.addi	x0,0	  x0:0x00000000  x0=0x00000000
      165822000	      8189	800042ec	411056b3	sra	x13,x0,x17	  x0:0x00000000 x17:0x000007fb x13=0x00000000
      165842000	      8190	800042f0	408a5513	srai	x10,x20,0x8	 x20:0xffffffff x10=0xffffffff
      165862000	      8191	800042f4	036c8bb3	mul	x23,x25,x22	 x25:0x80025ce4 x22:0x2000877e x23=0xc025f438
      166602000	      8228	800042f8	02e944b3	div	x9,x18,x14	 x18:0x00000004 x14:0xffffffff  x9=0xfffffffc
      166622000	      8229	800042fc	0000100f	fence.i	
      166702000	      8233	80004300	0001	c.addi	x0,0	  x0:0x00000000  x0=0x00000000
      166722000	      8234	80004302	009cc633	xor	x12,x25,x9	 x25:0x80025ce4  x9:0xfffffffc x12=0x7ffda318
      166742000	      8235	80004306	0001	c.addi	x0,0	  x0:0x00000000  x0=0x00000000
      167662000	      8281	80004308	032f5133	divu	x2,x30,x18	 x30:0xffffffff x18:0x00000004  x2=0x3fffffff
      167682000	      8282	8000430c	8199	c.srli	x11,0x6	 x11:0xbefa2000 x11=0x02fbe880
      167702000	      8283	8000430e	0baccd93	xori	x27,x25,186	 x25:0x80025ce4 x27=0x80025c5e
      167722000	      8284	80004312	0001	c.addi	x0,0	  x0:0x00000000  x0=0x00000000
      167742000	      8285	80004314	0086f463	bgeu	x13,x8,8000431c	 x13:0x00000000  x8:0x00000000
      167822000	      8289	8000431c	a4c8ae93	slti	x29,x17,-1460	 x17:0x000007fb x29=0x00000000
      167842000	      8290	80004320	01b64563	blt	x12,x27,8000432a	 x12:0x7ffda318 x27:0x80025c5e
      167862000	      8291	80004324	8cd9	c.or	x9,x14	  x9:0xfffffffc x14:0xffffffff  x9=0xffffffff
      167882000	      8292	80004326	001fc633	xor	x12,x31,x1	 x31:0x0000000b  x1:0x00000000 x12=0x0000000b
      167902000	      8293	8000432a	436d	c.li	x6,27	  x6=0x0000001b
      167922000	      8294	8000432c	41635633	sra	x12,x6,x22	  x6:0x0000001b x22:0x2000877e x12=0x00000000
      167942000	      8295	80004330	0ab2	c.slli	x21,0xc	 x21:0xffee3000 x21=0xe3000000
      167962000	      8296	80004332	8969	c.andi	x10,26	 x10:0xffffffff x10=0x0000001a
      168042000	      8300	80004334	e90d3a13	sltiu	x20,x26,-368	 x26:0x0001d000 x20=0x00000001
      168462000	      8321	80004338	6e21	c.lui	x28,0x8	 x28=0x00008000
      168882000	      8342	8000433a	02c79d63	bne	x15,x12,80004374	 x15:0x00000000 x12:0x00000000
      168962000	      8346	8000433e	016ed7b3	srl	x15,x29,x22	 x29:0x00000000 x22:0x2000877e x15=0x00000000
      168982000	      8347	80004342	4f8cea13	ori	x20,x25,1272	 x25:0x80025ce4 x20=0x80025cfc
      169002000	      8348	80004346	00b05413	srli	x8,x0,0xb	  x0:0x00000000  x8=0x00000000
      169022000	      8349	8000434a	8d29	c.xor	x10,x10	 x10:0x0000001a x10:0x0000001a x10=0x00000000
      169042000	      8350	8000434c	3c4ec513	xori	x10,x29,964	 x29:0x00000000 x10=0x000003c4
      169062000	      8351	80004350	000a16b3	sll	x13,x20,x0	 x20:0x80025cfc  x0:0x00000000 x13=0x80025cfc
      169082000	      8352	80004354	0001	c.addi	x0,0	  x0:0x00000000  x0=0x00000000
      169242000	      8360	80004356	9777a917	auipc	x18,0x9777a	 x18=0x1777e356
      169262000	      8361	8000435a	441d	c.li	x8,7	  x8=0x00000007
      169462000	      8371	8000435c	8f09	c.sub	x14,x10	 x14:0xffffffff x10:0x000003c4 x14=0xfffffc3b
      169762000	      8386	8000435e	01501d13	slli	x26,x0,0x15	  x0:0x00000000 x26=0x00000000
      170022000	      8399	80004362	013112b3	sll	x5,x2,x19	  x2:0x3fffffff x19:0x80021df8  x5=0xff000000
      170042000	      8400	80004366	0001	c.addi	x0,0	  x0:0x00000000  x0=0x00000000
      170062000	      8401	80004368	8bea	c.mv	x23,x26	  x0:0x00000000 x26:0x00000000 x23=0x00000000
      170082000	      8402	8000436a	0852	c.slli	x16,0x14	 x16:0x00000000 x16=0x00000000
      170102000	      8403	8000436c	ca2af197	auipc	x3,0xca2af	  x3=0x4a2b336c
      170122000	      8404	80004370	400b0d33	sub	x26,x22,x0	 x22:0x2000877e  x0:0x00000000 x26=0x2000877e
      170142000	      8405	80004374	01233e33	sltu	x28,x6,x18	  x6:0x0000001b x18:0x1777e356 x28=0x00000001
      170562000	      8426	80004378	02f8f633	remu	x12,x17,x15	 x17:0x000007fb x15:0x00000000 x12=0x000007fb
      170642000	      8430	8000437c	31e7f037	lui	x0,0x31e7f	  x0=0x00000000
      170662000	      8431	80004380	0669	c.addi	x12,26	 x12:0x000007fb x12=0x00000815
      170682000	      8432	80004382	0ff0000f	fence	iorw,iorw	
      170702000	      8433	80004386	1084	c.addi4spn	x9,x2,96	  x9=0x4000005f
      170722000	      8434	80004388	0050b033	sltu	x0,x1,x5	  x1:0x00000000  x5:0xff000000  x0=0x00000000
      170782000	      8437	8000438c	2e296d13	ori	x26,x18,738	 x18:0x1777e356 x26=0x1777e3f6
      175382000	      8667	80004390	05a19063	bne	x3,x26,800043d0	  x3:0x4a2b336c x26:0x1777e3f6
      175682000	      8682	800043d0	02783633	mulhu	x12,x16,x7	 x16:0x00000000  x7:0x00000000 x12=0x00000000
      175702000	      8683	800043d4	32dcc893	xori	x17,x25,813	 x25:0x80025ce4 x17=0x80025fc9
      176022000	      8699	800043d8	003d9293	slli	x5,x27,0x3	 x27:0x80025c5e  x5=0x0012e2f0
      176442000	      8720	800043dc	0001	c.addi	x0,0	  x0:0x00000000  x0=0x00000000
      176862000	      8741	800043de	401ad933	sra	x18,x21,x1	 x21:0xe3000000  x1:0x00000000 x18=0xe3000000
      176882000	      8742	800043e2	407484b3	sub	x9,x9,x7	  x9:0x4000005f  x7:0x00000000  x9=0x4000005f
      176902000	      8743	800043e6	0001	c.addi	x0,0	  x0:0x00000000  x0=0x00000000
      177062000	      8751	800043e8	d6d0f837	lui	x16,0xd6d0f	 x16=0xd6d0f000
      177082000	      8752	800043ec	009a0433	add	x8,x20,x9	 x20:0x80025cfc  x9:0x4000005f  x8=0xc0025d5b
      177102000	      8753	800043f0	01acd133	srl	x2,x25,x26	 x25:0x80025ce4 x26:0x1777e3f6  x2=0x00000200
      177122000	      8754	800043f4	01c74663	blt	x14,x28,80004400	 x14:0xfffffc3b x28:0x00000001
      177402000	      8768	80004400	9c3a	c.add	x24,x14	 x24:0x00000000 x14:0xfffffc3b x24=0xfffffc3b
      177422000	      8769	80004402	651d	c.lui	x10,0x7	 x10=0x00007000
      177602000	      8778	80004404	9e72	c.add	x28,x28	 x28:0x00000001 x28:0x00000001 x28=0x00000002
      177902000	      8793	80004406	0000100f	fence.i	
      179482000	      8872	8000440a	033868b3	rem	x17,x16,x19	 x16:0xd6d0f000 x19:0x80021df8 x17=0xd6d0f000
      179502000	      8873	8000440e	047bf163	bgeu	x23,x7,80004450	 x23:0x00000000  x7:0x00000000
      179642000	      8880	80004450	00b504b3	add	x9,x10,x11	 x10:0x00007000 x11:0x02fbe880  x9=0x02fc5880
      179662000	      8881	80004454	67747e93	andi	x29,x8,1655	  x8:0xc0025d5b x29=0x00000453
      180082000	      8902	80004458	8e9d	c.sub	x13,x15	 x13:0x80025cfc x15:0x00000000 x13=0x80025cfc
      180982000	      8947	8000445a	031aff33	remu	x30,x21,x17	 x21:0xe3000000 x17:0xd6d0f000 x30=0x0c2f1000
      181002000	      8948	8000445e	2bc76593	ori	x11,x14,700	 x14:0xfffffc3b x11=0xfffffebf
      181022000	      8949	80004462	8c5d	c.or	x8,x15	  x8:0xc0025d5b x15:0x00000000  x8=0xc0025d5b
      181042000	      8950	80004464	458d	c.li	x11,3	 x11=0x00000003
      181062000	      8951	80004466	016a9613	slli	x12,x21,0x16	 x21:0xe3000000 x12=0x00000000
      181102000	      8953	8000446a	0372c533	div	x10,x5,x23	  x5:0x0012e2f0 x23:0x00000000 x10=0xffffffff
      181122000	      8954	8000446e	e73b2213	slti	x4,x22,-397	 x22:0x2000877e  x4=0x00000000
      181162000	      8956	80004472	0000100f	fence.i	
      181402000	      8968	80004476	008adeb3	srl	x29,x21,x8	 x21:0xe3000000  x8:0xc0025d5b x29=0x0000001c
      181562000	      8976	8000447a	0184fbb3	and	x23,x9,x24	  x9:0x02fc5880 x24:0xfffffc3b x23=0x02fc5800
      181582000	      8977	8000447e	81fd	c.srli	x11,0x1f	 x11:0x00000003 x11=0x00000000
      182322000	      9014	80004480	02596db3	rem	x27,x18,x5	 x18:0xe3000000  x5:0x0012e2f0 x27=0xfffe6270
      182342000	      9015	80004484	01606533	or	x10,x0,x22	  x0:0x00000000 x22:0x2000877e x10=0x2000877e
      182362000	      9016	80004488	841e	c.mv	x8,x7	  x0:0x00000000  x7:0x00000000  x8=0x00000000
      182382000	      9017	8000448a	b4a82d13	slti	x26,x16,-1206	 x16:0xd6d0f000 x26=0x00000001
      182402000	      9018	8000448e	018f1593	slli	x11,x30,0x18	 x30:0x0c2f1000 x11=0x00000000
      182422000	      9019	80004492	409bd693	srai	x13,x23,0x9	 x23:0x02fc5800 x13=0x00017e2c
      182442000	      9020	80004496	51fd	c.li	x3,-1	  x3=0xffffffff
      182542000	      9025	80004498	00411133	sll	x2,x2,x4	  x2:0x00000200  x4:0x00000000  x2=0x00000200
      182702000	      9033	8000449c	00ce1f63	bne	x28,x12,800044ba	 x28:0x00000002 x12:0x00000000
      183502000	      9073	800044ba	0348f863	bgeu	x17,x20,800044ea	 x17:0xd6d0f000 x20:0x80025cfc
      183682000	      9082	800044ea	8ead	c.xor	x13,x11	 x13:0x00017e2c x11:0x00000000 x13=0x00017e2c
      184102000	      9103	800044ec	00525613	srli	x12,x4,0x5	  x4:0x00000000 x12=0x00000000
      184282000	      9112	800044f0	02acbd33	mulhu	x26,x25,x10	 x25:0x80025ce4 x10:0x2000877e x26=0x10008f5c
      184362000	      9116	800044f4	4162d033	sra	x0,x5,x22	  x5:0x0012e2f0 x22:0x2000877e  x0=0x00000000
      184382000	      9117	800044f8	01c722b3	slt	x5,x14,x28	 x14:0xfffffc3b x28:0x00000002  x5=0x00000001
      184402000	      9118	800044fc	572cae93	slti	x29,x25,1394	 x25:0x80025ce4 x29=0x00000001
      184422000	      9119	80004500	01589833	sll	x16,x17,x21	 x17:0xd6d0f000 x21:0xe3000000 x16=0xd6d0f000
      184462000	      9121	80004504	0313af33	mulhsu	x30,x7,x17	  x7:0x00000000 x17:0xd6d0f000 x30=0x00000000
      185242000	      9160	80004508	034de133	rem	x2,x27,x20	 x27:0xfffe6270 x20:0x80025cfc  x2=0xfffe6270
      185262000	      9161	8000450c	739de393	ori	x7,x27,1849	 x27:0xfffe6270  x7=0xfffe6779
      185362000	      9166	80004510	091a	c.slli	x18,0x6	 x18:0xe3000000 x18=0xc0000000
      185622000	      9179	80004512	0116b1b3	sltu	x3,x13,x17	 x13:0x00017e2c x17:0xd6d0f000  x3=0x00000001
      185642000	      9180	80004516	0001	c.addi	x0,0	  x0:0x00000000  x0=0x00000000
      186422000	      9219	80004518	0291c633	div	x12,x3,x9	  x3:0x00000001  x9:0x02fc5880 x12=0x00000000
      186442000	      9220	8000451c	0001	c.addi	x0,0	  x0:0x00000000  x0=0x00000000
      186462000	      9221	8000451e	4113db13	srai	x22,x7,0x11	  x7:0xfffe6779 x22=0xffffffff
      186482000	      9222	80004522	8e1d	c.sub	x12,x15	 x12:0x00000000 x15:0x00000000 x12=0x00000000
      186502000	      9223	80004524	07573193	sltiu	x3,x14,117	 x14:0xfffffc3b  x3=0x00000000
      186522000	      9224	80004528	84cd6093	ori	x1,x26,-1972	 x26:0x10008f5c  x1=0xffffff5c
      186542000	      9225	8000452c	0000100f	fence.i	
      186682000	      9232	80004530	8151	c.srli	x10,0x14	 x10:0x2000877e x10=0x00000200
      186702000	      9233	80004532	814e	c.mv	x2,x19	  x0:0x00000000 x19:0x80021df8  x2=0x80021df8
      186722000	      9234	80004534	00533333	sltu	x6,x6,x5	  x6:0x0000001b  x5:0x00000001  x6=0x00000000
      186742000	      9235	80004538	01f9a933	slt	x18,x19,x31	 x19:0x80021df8 x31:0x0000000b x18=0x00000001
      187222000	      9259	8000453c	0b84	c.addi4spn	x9,x2,464	  x9=0x80021fc8
      187242000	      9260	8000453e	0143d493	srli	x9,x7,0x14	  x7:0xfffe6779  x9=0x00000fff
      188142000	      9305	80004542	03706a33	rem	x20,x0,x23	  x0:0x00000000 x23:0x02fc5800 x20=0x00000000
      188162000	      9306	80004546	1e7d	c.addi	x28,-1	 x28:0x00000002 x28=0x00000001
      188202000	      9308	80004548	02647033	remu	x0,x8,x6	  x8:0x00000000  x6:0x00000000  x0=0x00000000
      188222000	      9309	8000454c	8846	c.mv	x16,x17	  x0:0x00000000 x17:0xd6d0f000 x16=0xd6d0f000
      188242000	      9310	8000454e	0001	c.addi	x0,0	  x0:0x00000000  x0=0x00000000
      188262000	      9311	80004550	00f96a33	or	x20,x18,x15	 x18:0x00000001 x15:0x00000000 x20=0x00000001
      188282000	      9312	80004554	007f1933	sll	x18,x30,x7	 x30:0x00000000  x7:0xfffe6779 x18=0x00000000
      188302000	      9313	80004558	97b2	c.add	x15,x12	 x15:0x00000000 x12:0x00000000 x15=0x00000000
      188322000	      9314	8000455a	01da35b3	sltu	x11,x20,x29	 x20:0x00000001 x29:0x00000001 x11=0x00000000
      188362000	      9316	8000455e	03f8ad33	mulhsu	x26,x17,x31	 x17:0xd6d0f000 x31:0x0000000b x26=0xfffffffe
      188382000	      9317	80004562	8f05	c.sub	x14,x9	 x14:0xfffffc3b  x9:0x00000fff x14=0xffffec3c
      188402000	      9318	80004564	4020d5b3	sra	x11,x1,x2	  x1:0xffffff5c  x2:0x80021df8 x11=0xffffffff
      188582000	      9327	80004568	987d	c.andi	x8,-1	  x8:0x00000000  x8=0x00000000
      188602000	      9328	8000456a	1d00	c.addi4spn	x8,x2,688	  x8=0x800220a8
      188642000	      9330	8000456c	03492e33	mulhsu	x28,x18,x20	 x18:0x00000000 x20:0x00000001 x28=0x00000000
      188982000	      9347	80004570	00bb7663	bgeu	x22,x11,8000457c	 x22:0xffffffff x11:0xffffffff
      189662000	      9381	8000457c	d1e67493	andi	x9,x12,-738	 x12:0x00000000  x9=0x00000000
      189682000	      9382	80004580	8edd	c.or	x13,x15	 x13:0x00017e2c x15:0x00000000 x13=0x00017e2c
      189702000	      9383	80004582	ce994db7	lui	x27,0xce994	 x27=0xce994000
      190062000	      9401	80004586	02014833	div	x16,x2,x0	  x2:0x80021df8  x0:0x00000000 x16=0xffffffff
      190082000	      9402	8000458a	4a89	c.li	x21,2	 x21=0x00000002
      190442000	      9420	8000458c	03b180b3	mul	x1,x3,x27	  x3:0x00000000 x27:0xce994000  x1=0x00000000
      190862000	      9441	80004590	37584913	xori	x18,x16,885	 x16:0xffffffff x18=0xfffffc8a
      190882000	      9442	80004594	01153933	sltu	x18,x10,x17	 x10:0x00000200 x17:0xd6d0f000 x18=0x00000001
      190922000	      9444	80004598	01a66db3	or	x27,x12,x26	 x12:0x00000000 x26:0xfffffffe x27=0xfffffffe
      190942000	      9445	8000459c	c209	c.beqz	x12,8000459e	 x12:0x00000000
      191562000	      9476	8000459e	00b755b3	srl	x11,x14,x11	 x14:0xffffec3c x11:0xffffffff x11=0x00000001
      191582000	      9477	800045a2	ea89	c.bnez	x13,800045b4	 x13:0x00017e2c
      192462000	      9521	800045b4	020e5633	divu	x12,x28,x0	 x28:0x00000000  x0:0x00000000 x12=0xffffffff
      192642000	      9530	800045b8	869d	c.srai	x13,0x7	 x13:0x00017e2c x13=0x000002fc
      192662000	      9531	800045ba	400801b3	sub	x3,x16,x0	 x16:0xffffffff  x0:0x00000000  x3=0xffffffff
      192682000	      9532	800045be	88aa	c.mv	x17,x10	  x0:0x00000000 x10:0x00000200 x17=0x00000200
      192702000	      9533	800045c0	0ff0000f	fence	iorw,iorw	
      192722000	      9534	800045c4	00d46863	bltu	x8,x13,800045d4	  x8:0x800220a8 x13:0x000002fc
      192922000	      9544	800045c8	07d58113	addi	x2,x11,125	 x11:0x00000001  x2=0x0000007e
      192942000	      9545	800045cc	0191a5b3	slt	x11,x3,x25	  x3:0xffffffff x25:0x80025ce4 x11=0x00000000
      192962000	      9546	800045d0	40892f13	slti	x30,x18,1032	 x18:0x00000001 x30=0x00000001
      192982000	      9547	800045d4	41320e33	sub	x28,x4,x19	  x4:0x00000000 x19:0x80021df8 x28=0x7ffde208
      193002000	      9548	800045d8	4099d933	sra	x18,x19,x9	 x19:0x80021df8  x9:0x00000000 x18=0x80021df8
      193142000	      9555	800045dc	8b310593	addi	x11,x2,-1869	  x2:0x0000007e x11=0xfffff931
      193442000	      9570	800045e0	004f9133	sll	x2,x31,x4	 x31:0x0000000b  x4:0x00000000  x2=0x0000000b
      193462000	      9571	800045e4	8d8d	c.sub	x11,x11	 x11:0xfffff931 x11:0xfffff931 x11=0x00000000
      193542000	      9575	800045e6	00b12633	slt	x12,x2,x11	  x2:0x0000000b x11:0x00000000 x12=0x00000000
      193562000	      9576	800045ea	000af363	bgeu	x21,x0,800045f0	 x21:0x00000002  x0:0x00000000
      194262000	      9611	800045f0	01c91f33	sll	x30,x18,x28	 x18:0x80021df8 x28:0x7ffde208 x30=0x021df800
      194282000	      9612	800045f4	00801f33	sll	x30,x0,x8	  x0:0x00000000  x8:0x800220a8 x30=0x00000000
      194322000	      9614	800045f8	03ec90b3	mulh	x1,x25,x30	 x25:0x80025ce4 x30:0x00000000  x1=0x00000000
      194342000	      9615	800045fc	0001	c.addi	x0,0	  x0:0x00000000  x0=0x00000000
      194362000	      9616	800045fe	9af2	c.add	x21,x28	 x21:0x00000002 x28:0x7ffde208 x21=0x7ffde20a
      194382000	      9617	80004600	00989633	sll	x12,x17,x9	 x17:0x00000200  x9:0x00000000 x12=0x00000200
      194402000	      9618	80004604	02ba85b3	mul	x11,x21,x11	 x21:0x7ffde20a x11:0x00000000 x11=0x00000000
      194742000	      9635	80004608	00678eb3	add	x29,x15,x6	 x15:0x00000000  x6:0x00000000 x29=0x00000000
      194762000	      9636	8000460c	8d6a	c.mv	x26,x26	  x0:0x00000000 x26:0xfffffffe x26=0xfffffffe
      194782000	      9637	8000460e	04bf4263	blt	x30,x11,80004652	 x30:0x00000000 x11:0x00000000
      194802000	      9638	80004612	0000100f	fence.i	
      195062000	      9651	80004616	962b7913	andi	x18,x22,-1694	 x22:0xffffffff x18=0xfffff962
      195482000	      9672	8000461a	007a1f13	slli	x30,x20,0x7	 x20:0x00000001 x30=0x00000080
      195502000	      9673	8000461e	414f83b3	sub	x7,x31,x20	 x31:0x0000000b x20:0x00000001  x7=0x0000000a
      195522000	      9674	80004622	8e25	c.xor	x12,x9	 x12:0x00000200  x9:0x00000000 x12=0x00000200
      195622000	      9679	80004624	6e39	c.lui	x28,0xe	 x28=0x0000e000
      195642000	      9680	80004626	8d1e	c.mv	x26,x7	  x0:0x00000000  x7:0x0000000a x26=0x0000000a
      195662000	      9681	80004628	40fadab3	sra	x21,x21,x15	 x21:0x7ffde20a x15:0x00000000 x21=0x7ffde20a
      196682000	      9732	8000462c	025666b3	rem	x13,x12,x5	 x12:0x00000200  x5:0x00000001 x13=0x00000000
      196702000	      9733	80004630	00bc5633	srl	x12,x24,x11	 x24:0xfffffc3b x11:0x00000000 x12=0xfffffc3b
      196722000	      9734	80004634	8d1e	c.mv	x26,x7	  x0:0x00000000  x7:0x0000000a x26=0x0000000a
      196742000	      9735	80004636	e01d	c.bnez	x8,8000465c	  x8:0x800220a8
      196822000	      9739	8000465c	9d70ed93	ori	x27,x1,-1577	  x1:0x00000000 x27=0xfffff9d7
      197462000	      9771	80004660	02924933	div	x18,x4,x9	  x4:0x00000000  x9:0x00000000 x18=0xffffffff
      197482000	      9772	80004664	013e9b63	bne	x29,x19,8000467a	 x29:0x00000000 x19:0x80021df8
      197982000	      9797	8000467a	8099	c.srli	x9,0x6	  x9:0x00000000  x9=0x00000000
      198002000	      9798	8000467c	eb9d	c.bnez	x15,800046b2	 x15:0x00000000
      198222000	      9809	8000467e	0436b613	sltiu	x12,x13,67	 x13:0x00000000 x12=0x00000001
      198642000	      9830	80004682	018b9db3	sll	x27,x23,x24	 x23:0x02fc5800 x24:0xfffffc3b x27=0x00000000
      198742000	      9835	80004686	03160e33	mul	x28,x12,x17	 x12:0x00000001 x17:0x00000200 x28=0x00000200
      199162000	      9856	8000468a	fb0b3737	lui	x14,0xfb0b3	 x14=0xfb0b3000
      199182000	      9857	8000468e	8fd1	c.or	x15,x12	 x15:0x00000000 x12:0x00000001 x15=0x00000001
      199582000	      9877	80004690	8925	c.andi	x10,9	 x10:0x00000200 x10=0x00000000
      199602000	      9878	80004692	0058af33	slt	x30,x17,x5	 x17:0x00000200  x5:0x00000001 x30=0x00000000
      199762000	      9886	80004696	0000100f	fence.i	
      200182000	      9907	8000469a	c399	c.beqz	x15,800046a0	 x15:0x00000001
      200602000	      9928	8000469c	008462b3	or	x5,x8,x8	  x8:0x800220a8  x8:0x800220a8  x5=0x800220a8
      201022000	      9949	800046a0	02f2	c.slli	x5,0x1c	  x5:0x800220a8  x5=0x80000000
      201042000	      9950	800046a2	1d18	c.addi4spn	x14,x2,688	 x14=0x000002bb
      201062000	      9951	800046a4	8f31	c.xor	x14,x12	 x14:0x000002bb x12:0x00000001 x14=0x000002ba
      201462000	      9971	800046a6	682b37b7	lui	x15,0x682b3	 x15=0x682b3000
      201482000	      9972	800046aa	52fd	c.li	x5,-1	  x5=0xffffffff
      201882000	      9992	800046ac	02735a63	bge	x6,x7,800046e0	  x6:0x00000000  x7:0x0000000a
      201902000	      9993	800046b0	091e	c.slli	x18,0x7	 x18:0xffffffff x18=0xffffff80
      201922000	      9994	800046b2	85c9	c.srai	x11,0x12	 x11:0x00000000 x11=0x00000000
      202102000	     10003	800046b4	4055d693	srai	x13,x11,0x5	 x11:0x00000000 x13=0x00000000
      202222000	     10009	800046b8	02533db3	mulhu	x27,x6,x5	  x6:0x00000000  x5:0xffffffff x27=0x00000000
      202242000	     10010	800046bc	1d7d	c.addi	x26,-1	 x26:0x0000000a x26=0x00000009
      202482000	     10022	800046be	09dc2d13	slti	x26,x24,157	 x24:0xfffffc3b x26=0x00000001
      202502000	     10023	800046c2	1a08	c.addi4spn	x10,x2,304	 x10=0x0000013b
      202522000	     10024	800046c4	8f49	c.or	x14,x10	 x14:0x000002ba x10:0x0000013b x14=0x000003bb
      202902000	     10043	800046c6	8390c013	xori	x0,x1,-1991	  x1:0x00000000  x0=0x00000000
      202922000	     10044	800046ca	8f4a	c.mv	x30,x18	  x0:0x00000000 x18:0xffffff80 x30=0xffffff80
      202942000	     10045	800046cc	0001	c.addi	x0,0	  x0:0x00000000  x0=0x00000000
      202982000	     10047	800046ce	022f26b3	mulhsu	x13,x30,x2	 x30:0xffffff80  x2:0x0000000b x13=0xffffffff
      203002000	     10048	800046d2	825e	c.mv	x4,x23	  x0:0x00000000 x23:0x02fc5800  x4=0x02fc5800
      203102000	     10053	800046d4	01ebbc33	sltu	x24,x23,x30	 x23:0x02fc5800 x30:0xffffff80 x24=0x00000001
      203122000	     10054	800046d8	dab90697	auipc	x13,0xdab90	 x13=0x5ab946d8
      203142000	     10055	800046dc	f81003b7	lui	x7,0xf8100	  x7=0xf8100000
      203902000	     10093	800046e0	025c67b3	rem	x15,x24,x5	 x24:0x00000001  x5:0xffffffff x15=0x00000000
      203922000	     10094	800046e4	0bf6	c.slli	x23,0x1d	 x23:0x02fc5800 x23=0x00000000
      203942000	     10095	800046e6	9372	c.add	x6,x28	  x6:0x00000000 x28:0x00000200  x6=0x00000200
      203962000	     10096	800046e8	8159	c.srli	x10,0x16	 x10:0x0000013b x10=0x00000000
      203982000	     10097	800046ea	a7da3c13	sltiu	x24,x20,-1411	 x20:0x00000001 x24=0x00000001
      204002000	     10098	800046ee	0001	c.addi	x0,0	  x0:0x00000000  x0=0x00000000
      204022000	     10099	800046f0	02520533	mul	x10,x4,x5	  x4:0x02fc5800  x5:0xffffffff x10=0xfd03a800
      204242000	     10110	800046f4	717d	c.addi16sp	x2,-16	  x2:0x0000000b  x2=0xfffffffb
      204262000	     10111	800046f6	1580	c.addi4spn	x8,x2,736	  x8=0x000002db
      204682000	     10132	800046f8	02c8b333	mulhu	x6,x17,x12	 x17:0x00000200 x12:0x00000001  x6=0x00000000
      204782000	     10137	800046fc	0ff0000f	fence	iorw,iorw	
      204802000	     10138	80004700	98fd	c.andi	x9,-1	  x9:0x00000000  x9=0x00000000
      204822000	     10139	80004702	0d91	c.addi	x27,4	 x27:0x00000000 x27=0x00000004
      204902000	     10143	80004704	010423b3	slt	x7,x8,x16	  x8:0x000002db x16:0xffffffff  x7=0x00000000
      204922000	     10144	80004708	0ff0000f	fence	iorw,iorw	
      205662000	     10181	8000470c	03f24f33	div	x30,x4,x31	  x4:0x02fc5800 x31:0x0000000b x30=0x00457c5d
      206402000	     10218	80004710	034be033	rem	x0,x23,x20	 x23:0x00000000 x20:0x00000001  x0=0x00000000
      206422000	     10219	80004714	01230a33	add	x20,x6,x18	  x6:0x00000000 x18:0xffffff80 x20=0xffffff80
      206442000	     10220	80004718	1f7d	c.addi	x30,-1	 x30:0x00457c5d x30=0x00457c5c
      206462000	     10221	8000471a	01e96f33	or	x30,x18,x30	 x18:0xffffff80 x30:0x00457c5c x30=0xffffffdc
      206482000	     10222	8000471e	614d	c.addi16sp	x2,176	  x2:0xfffffffb  x2=0x000000ab
      206502000	     10223	80004720	00d3f463	bgeu	x7,x13,80004728	  x7:0x00000000 x13:0x5ab946d8
      206522000	     10224	80004724	82a9	c.srli	x13,0xa	 x13:0x5ab946d8 x13=0x0016ae51
      206542000	     10225	80004726	ca1d	c.beqz	x12,8000475c	 x12:0x00000001
      206822000	     10239	80004728	8d89	c.sub	x11,x10	 x11:0x00000000 x10:0xfd03a800 x11=0x02fc5800
      206842000	     10240	8000472a	0e55	c.addi	x28,21	 x28:0x00000200 x28=0x00000215
      206862000	     10241	8000472c	03ef6663	bltu	x30,x30,80004758	 x30:0xffffffdc x30:0xffffffdc
      206882000	     10242	80004730	00b85913	srli	x18,x16,0xb	 x16:0xffffffff x18=0x001fffff
      206922000	     10244	80004734	026915b3	mulh	x11,x18,x6	 x18:0x001fffff  x6:0x00000000 x11=0x00000000
      207102000	     10253	80004738	07b9	c.addi	x15,14	 x15:0x00000000 x15=0x0000000e
      207142000	     10255	8000473a	0288bab3	mulhu	x21,x17,x8	 x17:0x00000200  x8:0x000002db x21=0x00000000
      207342000	     10265	8000473e	e9c34793	xori	x15,x6,-356	  x6:0x00000000 x15=0xfffffe9c
      207362000	     10266	80004742	65a1	c.lui	x11,0x8	 x11=0x00008000
      207382000	     10267	80004744	02191b63	bne	x18,x1,8000477a	 x18:0x001fffff  x1:0x00000000
      208262000	     10311	8000477a	40fcd113	srai	x2,x25,0xf	 x25:0x80025ce4  x2=0xffff0004
      208282000	     10312	8000477e	9a46	c.add	x20,x17	 x20:0xffffff80 x17:0x00000200 x20=0x00000180
      208562000	     10326	80004780	e711	c.bnez	x14,8000478c	 x14:0x000003bb
      209942000	     10395	8000478c	01dd7f33	and	x30,x26,x29	 x26:0x00000001 x29:0x00000000 x30=0x00000000
      210142000	     10405	80004790	c691e493	ori	x9,x3,-919	  x3:0xffffffff  x9=0xffffffff
      210562000	     10426	80004794	05a0c263	blt	x1,x26,800047d8	  x1:0x00000000 x26:0x00000001
      211382000	     10467	800047d8	01363a33	sltu	x20,x12,x19	 x12:0x00000001 x19:0x80021df8 x20=0x00000001
      211422000	     10469	800047dc	8e45	c.or	x12,x9	 x12:0x00000001  x9:0xffffffff x12=0xffffffff
      211442000	     10470	800047de	012e9763	bne	x29,x18,800047ec	 x29:0x00000000 x18:0x001fffff
      211922000	     10494	800047ec	8ee1	c.and	x13,x8	 x13:0x0016ae51  x8:0x000002db x13=0x00000251
      211942000	     10495	800047ee	8152	c.mv	x2,x20	  x0:0x00000000 x20:0x00000001  x2=0x00000001
      212002000	     10498	800047f0	0001	c.addi	x0,0	  x0:0x00000000  x0=0x00000000
      212842000	     10540	800047f2	02d2d833	divu	x16,x5,x13	  x5:0xffffffff x13:0x00000251 x16=0x006e8419
      216822000	     10739	800047f6	7028a493	slti	x9,x17,1794	 x17:0x00000200  x9=0x00000001
      216842000	     10740	800047fa	0ff0000f	fence	iorw,iorw	
      216862000	     10741	800047fe	00a4d033	srl	x0,x9,x10	  x9:0x00000001 x10:0xfd03a800  x0=0x00000000
      216882000	     10742	80004802	62443317	auipc	x6,0x62443	  x6=0xe2447802
      216902000	     10743	80004806	011c9093	slli	x1,x25,0x11	 x25:0x80025ce4  x1=0xb9c80000
      216922000	     10744	8000480a	0001	c.addi	x0,0	  x0:0x00000000  x0=0x00000000
      216942000	     10745	8000480c	016b77b3	and	x15,x22,x22	 x22:0xffffffff x22:0xffffffff x15=0xffffffff
      216962000	     10746	80004810	04081063	bne	x16,x0,80004850	 x16:0x006e8419  x0:0x00000000
      217682000	     10782	80004850	0001	c.addi	x0,0	  x0:0x00000000  x0=0x00000000
      217702000	     10783	80004852	ef09	c.bnez	x14,8000486c	 x14:0x000003bb
      218082000	     10802	8000486c	00c5d713	srli	x14,x11,0xc	 x11:0x00008000 x14=0x00000008
      218142000	     10805	80004870	03c41533	mulh	x10,x8,x28	  x8:0x000002db x28:0x00000215 x10=0x00000000
      218462000	     10821	80004874	641d	c.lui	x8,0x7	  x8=0x00007000
      218482000	     10822	80004876	049c	c.addi4spn	x15,x2,576	 x15=0x00000241
      218502000	     10823	80004878	010dff63	bgeu	x27,x16,80004896	 x27:0x00000004 x16:0x006e8419
      218522000	     10824	8000487c	8c65	c.and	x8,x9	  x8:0x00007000  x9:0x00000001  x8=0x00000000
      218542000	     10825	8000487e	0672b693	sltiu	x13,x5,103	  x5:0xffffffff x13=0x00000000
      218562000	     10826	80004882	0001	c.addi	x0,0	  x0:0x00000000  x0=0x00000000
      218602000	     10828	80004884	029fa733	mulhsu	x14,x31,x9	 x31:0x0000000b  x9:0x00000001 x14=0x00000000
      218622000	     10829	80004888	9b562593	slti	x11,x12,-1611	 x12:0xffffffff x11=0x00000000
      218662000	     10831	8000488c	0244b133	mulhu	x2,x9,x4	  x9:0x00000001  x4:0x02fc5800  x2=0x00000000
      219402000	     10868	80004890	03024433	div	x8,x4,x16	  x4:0x02fc5800 x16:0x006e8419  x8=0x00000006
      219422000	     10869	80004894	717d	c.addi16sp	x2,-16	  x2:0x00000000  x2=0xfffffff0
      219442000	     10870	80004896	05f11363	bne	x2,x31,800048dc	  x2:0xfffffff0 x31:0x0000000b
      219522000	     10874	800048dc	8d52	c.mv	x26,x20	  x0:0x00000000 x20:0x00000001 x26=0x00000001
      219702000	     10883	800048de	7c479717	auipc	x14,0x7c479	 x14=0xfc47d8de
      219722000	     10884	800048e2	8f71	c.and	x14,x12	 x14:0xfc47d8de x12:0xffffffff x14=0xfc47d8de
      219742000	     10885	800048e4	0001	c.addi	x0,0	  x0:0x00000000  x0=0x00000000
      219982000	     10897	800048e6	0000100f	fence.i	
      220462000	     10921	800048ea	013c61b3	or	x3,x24,x19	 x24:0x00000001 x19:0x80021df8  x3=0x80021df9
      220762000	     10936	800048ee	40435f33	sra	x30,x6,x4	  x6:0xe2447802  x4:0x02fc5800 x30=0xe2447802
      220902000	     10943	800048f2	01c45d93	srli	x27,x8,0x1c	  x8:0x00000006 x27=0x00000000
      221042000	     10950	800048f6	01595733	srl	x14,x18,x21	 x18:0x001fffff x21:0x00000000 x14=0x001fffff
      221062000	     10951	800048fa	6131	c.addi16sp	x2,320	  x2:0xfffffff0  x2=0x00000130
      221082000	     10952	800048fc	41a10c33	sub	x24,x2,x26	  x2:0x00000130 x26:0x00000001 x24=0x0000012f
      221262000	     10961	80004900	c98d	c.beqz	x11,80004932	 x11:0x00000000
      221982000	     10997	80004932	8471	c.srai	x8,0x1c	  x8:0x00000006  x8=0x00000000
      222022000	     10999	80004934	02b925b3	mulhsu	x11,x18,x11	 x18:0x001fffff x11:0x00000000 x11=0x00000000
      222042000	     11000	80004938	05e49163	bne	x9,x30,8000497a	  x9:0x00000001 x30:0xe2447802
      222262000	     11011	8000497a	008c8c33	add	x24,x25,x8	 x25:0x80025ce4  x8:0x00000000 x24=0x80025ce4
      222282000	     11012	8000497e	0118	c.addi4spn	x14,x2,128	 x14=0x000001b0
      222382000	     11017	80004980	034c0333	mul	x6,x24,x20	 x24:0x80025ce4 x20:0x00000001  x6=0x80025ce4
      222482000	     11022	80004984	003997b3	sll	x15,x19,x3	 x19:0x80021df8  x3:0x80021df9 x15=0xf0000000
      222882000	     11042	80004988	c319	c.beqz	x14,8000498e	 x14:0x000001b0
      222902000	     11043	8000498a	0078d2b3	srl	x5,x17,x7	 x17:0x00000200  x7:0x00000000  x5=0x00000200
      222922000	     11044	8000498e	0c4e	c.slli	x24,0x13	 x24:0x80025ce4 x24=0xe7200000
      222942000	     11045	80004990	0ee5	c.addi	x29,25	 x29:0x00000000 x29=0x00000019
      223682000	     11082	80004992	036f53b3	divu	x7,x30,x22	 x30:0xe2447802 x22:0xffffffff  x7=0x00000000
      223702000	     11083	80004996	82ca	c.mv	x5,x18	  x0:0x00000000 x18:0x001fffff  x5=0x001fffff
      223742000	     11085	80004998	02809233	mulh	x4,x1,x8	  x1:0xb9c80000  x8:0x00000000  x4=0x00000000
      223762000	     11086	8000499c	008f8563	beq	x31,x8,800049a6	 x31:0x0000000b  x8:0x00000000
      223782000	     11087	800049a0	0a26	c.slli	x20,0x9	 x20:0x00000001 x20=0x00000200
      223802000	     11088	800049a2	00283bb3	sltu	x23,x16,x2	 x16:0x006e8419  x2:0x00000130 x23=0x00000000
      223822000	     11089	800049a6	910e	c.add	x2,x3	  x2:0x00000130  x3:0x80021df9  x2=0x80021f29
      223862000	     11091	800049a8	037a9933	mulh	x18,x21,x23	 x21:0x00000000 x23:0x00000000 x18=0x00000000
      223882000	     11092	800049ac	03658533	mul	x10,x11,x22	 x11:0x00000000 x22:0xffffffff x10=0x00000000
      224482000	     11122	800049b0	c095	c.beqz	x9,800049d4	  x9:0x00000001
      224502000	     11123	800049b2	ca81	c.beqz	x13,800049c2	 x13:0x00000000
      225042000	     11150	800049c2	00d61663	bne	x12,x13,800049ce	 x12:0xffffffff x13:0x00000000
      225222000	     11159	800049ce	016a38b3	sltu	x17,x20,x22	 x20:0x00000200 x22:0xffffffff x17=0x00000001
      225242000	     11160	800049d2	8e1d	c.sub	x12,x15	 x12:0xffffffff x15:0xf0000000 x12=0x0fffffff
      225362000	     11166	800049d4	b0ea45b7	lui	x11,0xb0ea4	 x11=0xb0ea4000
      225382000	     11167	800049d8	016fc0b3	xor	x1,x31,x22	 x31:0x0000000b x22:0xffffffff  x1=0xfffffff4
      225402000	     11168	800049dc	39162893	slti	x17,x12,913	 x12:0x0fffffff x17=0x00000000
      225822000	     11189	800049e0	83f5	c.srli	x15,0x1d	 x15:0xf0000000 x15=0x00000007
      226162000	     11206	800049e2	015c2333	slt	x6,x24,x21	 x24:0xe7200000 x21:0x00000000  x6=0x00000001
      226182000	     11207	800049e6	016e5f63	bge	x28,x22,80004a04	 x28:0x00000215 x22:0xffffffff
      227102000	     11253	80004a04	0325fe33	remu	x28,x11,x18	 x11:0xb0ea4000 x18:0x00000000 x28=0xb0ea4000
      227522000	     11274	80004a08	c519	c.beqz	x10,80004a16	 x10:0x00000000
      228782000	     11337	80004a16	019f1d13	slli	x26,x30,0x19	 x30:0xe2447802 x26=0x04000000
      229522000	     11374	80004a1a	0232f4b3	remu	x9,x5,x3	  x5:0x001fffff  x3:0x80021df9  x9=0x001fffff
      229542000	     11375	80004a1e	039ae363	bltu	x21,x25,80004a44	 x21:0x00000000 x25:0x80025ce4
      229842000	     11390	80004a44	72ba8213	addi	x4,x21,1835	 x21:0x00000000  x4=0x0000072b
      230222000	     11409	80004a48	0001	c.addi	x0,0	  x0:0x00000000  x0=0x00000000
      230242000	     11410	80004a4a	4b9d	c.li	x23,7	 x23=0x00000007
      230262000	     11411	80004a4c	023e	c.slli	x4,0xf	  x4:0x0000072b  x4=0x03958000
      231002000	     11448	80004a4e	03c85db3	divu	x27,x16,x28	 x16:0x006e8419 x28:0xb0ea4000 x27=0x00000000
      231022000	     11449	80004a52	10fd	c.addi	x1,-1	  x1:0xfffffff4  x1=0xfffffff3
      231042000	     11450	80004a54	015ce463	bltu	x25,x21,80004a5c	 x25:0x80025ce4 x21:0x00000000
      231062000	     11451	80004a58	e391	c.bnez	x15,80004a5c	 x15:0x00000007
      231102000	     11453	80004a5c	00cd67b3	or	x15,x26,x12	 x26:0x04000000 x12:0x0fffffff x15=0x0fffffff
      231122000	     11454	80004a60	02a75a63	bge	x14,x10,80004a94	 x14:0x000001b0 x10:0x00000000
      232422000	     11519	80004a94	036cddb3	divu	x27,x25,x22	 x25:0x80025ce4 x22:0xffffffff x27=0x00000000
      232442000	     11520	80004a98	017382b3	add	x5,x7,x23	  x7:0x00000000 x23:0x00000007  x5=0x00000007
      232462000	     11521	80004a9c	01f19033	sll	x0,x3,x31	  x3:0x80021df9 x31:0x0000000b  x0=0x00000000
      232482000	     11522	80004aa0	528ba713	slti	x14,x23,1320	 x23:0x00000007 x14=0x00000001
      233222000	     11559	80004aa4	037e78b3	remu	x17,x28,x23	 x28:0xb0ea4000 x23:0x00000007 x17=0x00000004
      233242000	     11560	80004aa8	c215	c.beqz	x12,80004acc	 x12:0x0fffffff
      233262000	     11561	80004aaa	03f2e763	bltu	x5,x31,80004ad8	  x5:0x00000007 x31:0x0000000b
      233342000	     11565	80004ad8	8eb1	c.xor	x13,x12	 x13:0x00000000 x12:0x0fffffff x13=0x0fffffff
      233362000	     11566	80004ada	8d99	c.sub	x11,x14	 x11:0xb0ea4000 x14:0x00000001 x11=0xb0ea3fff
      234102000	     11603	80004adc	0315fe33	remu	x28,x11,x17	 x11:0xb0ea3fff x17:0x00000004 x28=0x00000003
      234122000	     11604	80004ae0	40ca07b3	sub	x15,x20,x12	 x20:0x00000200 x12:0x0fffffff x15=0xf0000201
      234142000	     11605	80004ae4	b0a78693	addi	x13,x15,-1270	 x15:0xf0000201 x13=0xeffffd0b
      234302000	     11613	80004ae8	01cbdd33	srl	x26,x23,x28	 x23:0x00000007 x28:0x00000003 x26=0x00000000
      234622000	     11629	80004aec	049e	c.slli	x9,0x7	  x9:0x001fffff  x9=0x0fffff80
      234982000	     11647	80004aee	01a8a5b3	slt	x11,x17,x26	 x17:0x00000004 x26:0x00000000 x11=0x00000000
      235002000	     11648	80004af2	8d41	c.or	x10,x8	 x10:0x00000000  x8:0x00000000 x10=0x00000000
      235022000	     11649	80004af4	02087e63	bgeu	x16,x0,80004b30	 x16:0x006e8419  x0:0x00000000
      235582000	     11677	80004b30	a9d26db7	lui	x27,0xa9d26	 x27=0xa9d26000
      235862000	     11691	80004b34	8599	c.srai	x11,0x6	 x11:0x00000000 x11=0x00000000
      235882000	     11692	80004b36	e489	c.bnez	x9,80004b40	  x9:0x0fffff80
      236502000	     11723	80004b40	0001	c.addi	x0,0	  x0:0x00000000  x0=0x00000000
      236522000	     11724	80004b42	8ea1	c.xor	x13,x8	 x13:0xeffffd0b  x8:0x00000000 x13=0xeffffd0b
      236642000	     11730	80004b44	0001	c.addi	x0,0	  x0:0x00000000  x0=0x00000000
      236662000	     11731	80004b46	01149db3	sll	x27,x9,x17	  x9:0x0fffff80 x17:0x00000004 x27=0xfffff800
      237402000	     11768	80004b4a	03d053b3	divu	x7,x0,x29	  x0:0x00000000 x29:0x00000019  x7=0x00000000
      237422000	     11769	80004b4e	00df1ab3	sll	x21,x30,x13	 x30:0xe2447802 x13:0xeffffd0b x21=0x23c01000
      237442000	     11770	80004b52	8a79	c.andi	x12,30	 x12:0x0fffffff x12=0x0000001e
      237462000	     11771	80004b54	8f0d	c.sub	x14,x11	 x14:0x00000001 x11:0x00000000 x14=0x00000001
      237482000	     11772	80004b56	0001	c.addi	x0,0	  x0:0x00000000  x0=0x00000000
      237502000	     11773	80004b58	c509	c.beqz	x10,80004b62	 x10:0x00000000
      238282000	     11812	80004b62	0017adb3	slt	x27,x15,x1	 x15:0xf0000201  x1:0xfffffff3 x27=0x00000001
      238302000	     11813	80004b66	8da1	c.xor	x11,x8	 x11:0x00000000  x8:0x00000000 x11=0x00000000
      238322000	     11814	80004b68	8d25	c.xor	x10,x9	 x10:0x00000000  x9:0x0fffff80 x10=0x0fffff80
      238402000	     11818	80004b6a	015e6863	bltu	x28,x21,80004b7a	 x28:0x00000003 x21:0x23c01000
      238722000	     11834	80004b7a	87f9	c.srai	x15,0x1e	 x15:0xf0000201 x15=0xffffffff
      238742000	     11835	80004b7c	8225	c.srli	x12,0x9	 x12:0x0000001e x12=0x00000000
      238762000	     11836	80004b7e	04305163	bge	x0,x3,80004bc0	  x0:0x00000000  x3:0x80021df9
      239002000	     11848	80004bc0	003ea5b3	slt	x11,x29,x3	 x29:0x00000019  x3:0x80021df9 x11=0x00000000
      239842000	     11890	80004bc4	034e4133	div	x2,x28,x20	 x28:0x00000003 x20:0x00000200  x2=0x00000000
      239862000	     11891	80004bc8	01f79563	bne	x15,x31,80004bd2	 x15:0xffffffff x31:0x0000000b
      239902000	     11893	80004bd2	177d	c.addi	x14,-1	 x14:0x00000001 x14=0x00000000
      239922000	     11894	80004bd4	9ea44e13	xori	x28,x8,-1558	  x8:0x00000000 x28=0xfffff9ea
      239942000	     11895	80004bd8	01039e13	slli	x28,x7,0x10	  x7:0x00000000 x28=0x00000000
      239962000	     11896	80004bdc	8a71	c.andi	x12,28	 x12:0x00000000 x12=0x00000000
      240042000	     11900	80004bde	036fb3b3	mulhu	x7,x31,x22	 x31:0x0000000b x22:0xffffffff  x7=0x0000000a
      240062000	     11901	80004be2	8d51	c.or	x10,x12	 x10:0x0fffff80 x12:0x00000000 x10=0x0fffff80
      240082000	     11902	80004be4	009c8e33	add	x28,x25,x9	 x25:0x80025ce4  x9:0x0fffff80 x28=0x90025c64
      240102000	     11903	80004be8	00791033	sll	x0,x18,x7	 x18:0x00000000  x7:0x0000000a  x0=0x00000000
      240442000	     11920	80004bec	014efc33	and	x24,x29,x20	 x29:0x00000019 x20:0x00000200 x24=0x00000000
      240462000	     11921	80004bf0	52fd	c.li	x5,-1	  x5=0xffffffff
      240482000	     11922	80004bf2	9646	c.add	x12,x17	 x12:0x00000000 x17:0x00000004 x12=0x00000004
      240502000	     11923	80004bf4	01f023b3	slt	x7,x0,x31	  x0:0x00000000 x31:0x0000000b  x7=0x00000001
      240522000	     11924	80004bf8	15fd	c.addi	x11,-1	 x11:0x00000000 x11=0xffffffff
      257062000	     12751	80004bfa	8ee9	c.and	x13,x10	 x13:0xeffffd0b x10:0x0fffff80 x13=0x0ffffd00
      257082000	     12752	80004bfc	8cd5	c.or	x9,x13	  x9:0x0fffff80 x13:0x0ffffd00  x9=0x0fffff80
      257102000	     12753	80004bfe	8e99	c.sub	x13,x14	 x13:0x0ffffd00 x14:0x00000000 x13=0x0ffffd00
      257122000	     12754	80004c00	717d	c.addi16sp	x2,-16	  x2:0x00000000  x2=0xfffffff0
      257162000	     12756	80004c02	02af9533	mulh	x10,x31,x10	 x31:0x0000000b x10:0x0fffff80 x10=0x00000000
      257462000	     12771	80004c06	0ff0000f	fence	iorw,iorw	
      257542000	     12775	80004c0a	411ada33	sra	x20,x21,x17	 x21:0x23c01000 x17:0x00000004 x20=0x023c0100
      257962000	     12796	80004c0e	0ff0000f	fence	iorw,iorw	
      257982000	     12797	80004c12	00f25713	srli	x14,x4,0xf	  x4:0x03958000 x14=0x0000072b
      258002000	     12798	80004c16	0001	c.addi	x0,0	  x0:0x00000000  x0=0x00000000
      258022000	     12799	80004c18	00352bb3	slt	x23,x10,x3	 x10:0x00000000  x3:0x80021df9 x23=0x00000000
      258182000	     12807	80004c1c	6f51	c.lui	x30,0x14	 x30=0x00014000
      258202000	     12808	80004c1e	086a	c.slli	x16,0x1a	 x16:0x006e8419 x16=0x64000000
      258342000	     12815	80004c20	40518e33	sub	x28,x3,x5	  x3:0x80021df9  x5:0xffffffff x28=0x80021dfa
      258362000	     12816	80004c24	48fd	c.li	x17,31	 x17=0x0000001f
      258482000	     12822	80004c26	03fa6a93	ori	x21,x20,63	 x20:0x023c0100 x21=0x023c013f
      258502000	     12823	80004c2a	8325	c.srli	x14,0x9	 x14:0x0000072b x14=0x00000003
      258902000	     12843	80004c2c	1804	c.addi4spn	x9,x2,48	  x9=0x00000020
      258942000	     12845	80004c2e	026c2bb3	mulhsu	x23,x24,x6	 x24:0x00000000  x6:0x00000001 x23=0x00000000
      258962000	     12846	80004c32	80da	c.mv	x1,x22	  x0:0x00000000 x22:0xffffffff  x1=0xffffffff
      258982000	     12847	80004c34	01b7d593	srli	x11,x15,0x1b	 x15:0xffffffff x11=0x0000001f
      259002000	     12848	80004c38	0d26	c.slli	x26,0x9	 x26:0x00000000 x26=0x00000000
      259022000	     12849	80004c3a	8da5	c.xor	x11,x9	 x11:0x0000001f  x9:0x00000020 x11=0x0000003f
      259042000	     12850	80004c3c	7b478493	addi	x9,x15,1972	 x15:0xffffffff  x9=0x000007b3
      259182000	     12857	80004c40	717d	c.addi16sp	x2,-16	  x2:0xfffffff0  x2=0xffffffe0
      259622000	     12879	80004c42	02959933	mulh	x18,x11,x9	 x11:0x0000003f  x9:0x000007b3 x18=0x00000000
      259882000	     12892	80004c46	03f3a933	mulhsu	x18,x7,x31	  x7:0x00000001 x31:0x0000000b x18=0x00000000
      259922000	     12894	80004c4a	038944b3	div	x9,x18,x24	 x18:0x00000000 x24:0x00000000  x9=0xffffffff
      260022000	     12899	80004c4e	40bcd8b3	sra	x17,x25,x11	 x25:0x80025ce4 x11:0x0000003f x17=0xffffffff
      260042000	     12900	80004c52	ef15	c.bnez	x14,80004c8e	 x14:0x00000003
      260442000	     12920	80004c8e	5a7d	c.li	x20,-1	 x20=0xffffffff
      260882000	     12942	80004c90	02a2ca63	blt	x5,x10,80004cc4	  x5:0xffffffff x10:0x00000000
      261182000	     12957	80004cc4	8a4d	c.andi	x12,19	 x12:0x00000004 x12=0x00000000
      261202000	     12958	80004cc6	8779	c.srai	x14,0x1e	 x14:0x00000003 x14=0x00000000
      262042000	     13000	80004cc8	027c5b33	divu	x22,x24,x7	 x24:0x00000000  x7:0x00000001 x22=0x00000000
      262062000	     13001	80004ccc	8b556917	auipc	x18,0x8b556	 x18=0x0b55accc
      262082000	     13002	80004cd0	03aec963	blt	x29,x26,80004d02	 x29:0x00000019 x26:0x00000000
      262102000	     13003	80004cd4	6b31	c.lui	x22,0xc	 x22=0x0000c000
      262122000	     13004	80004cd6	c6123a13	sltiu	x20,x4,-927	  x4:0x03958000 x20=0x00000001
      262142000	     13005	80004cda	03a66263	bltu	x12,x26,80004cfe	 x12:0x00000000 x26:0x00000000
      262162000	     13006	80004cde	91aa	c.add	x3,x10	  x3:0x80021df9 x10:0x00000000  x3=0x80021df9
      262342000	     13015	80004ce0	000fe0b3	or	x1,x31,x0	 x31:0x0000000b  x0:0x00000000  x1=0x0000000b
      262442000	     13020	80004ce4	8c85	c.sub	x9,x9	  x9:0xffffffff  x9:0xffffffff  x9=0x00000000
      262462000	     13021	80004ce6	851d	c.srai	x10,0x7	 x10:0x00000000 x10=0x00000000
      262862000	     13041	80004ce8	8aa6	c.mv	x21,x9	  x0:0x00000000  x9:0x00000000 x21=0x00000000
      262882000	     13042	80004cea	c701	c.beqz	x14,80004cf2	 x14:0x00000000
      263862000	     13091	80004cf2	01348ab3	add	x21,x9,x19	  x9:0x00000000 x19:0x80021df8 x21=0x80021df8
      263882000	     13092	80004cf6	e591	c.bnez	x11,80004d02	 x11:0x0000003f
      263962000	     13096	80004d02	0c65	c.addi	x24,25	 x24:0x00000000 x24=0x00000019
      263982000	     13097	80004d04	83b1	c.srli	x15,0xc	 x15:0xffffffff x15=0x000fffff
      264242000	     13110	80004d06	01f3bb33	sltu	x22,x7,x31	  x7:0x00000001 x31:0x0000000b x22=0x00000001
      264262000	     13111	80004d0a	85a5	c.srai	x11,0x9	 x11:0x0000003f x11=0x00000000
      264282000	     13112	80004d0c	0c26c793	xori	x15,x13,194	 x13:0x0ffffd00 x15=0x0ffffdc2
      264422000	     13119	80004d10	0001	c.addi	x0,0	  x0:0x00000000  x0=0x00000000
      264442000	     13120	80004d12	37346193	ori	x3,x8,883	  x8:0x00000000  x3=0x00000373
      264462000	     13121	80004d16	e985	c.bnez	x11,80004d46	 x11:0x00000000
      264562000	     13126	80004d18	02915eb3	divu	x29,x2,x9	  x2:0xffffffe0  x9:0x00000000 x29=0xffffffff
      264682000	     13132	80004d1c	01285db3	srl	x27,x16,x18	 x16:0x64000000 x18:0x0b55accc x27=0x00064000
      264782000	     13137	80004d20	0044d633	srl	x12,x9,x4	  x9:0x00000000  x4:0x03958000 x12=0x00000000
      264802000	     13138	80004d24	05370463	beq	x14,x19,80004d6c	 x14:0x00000000 x19:0x80021df8
      264822000	     13139	80004d28	00291793	slli	x15,x18,0x2	 x18:0x0b55accc x15=0x2d56b330
      265162000	     13156	80004d2c	6611	c.lui	x12,0x4	 x12=0x00004000
      265182000	     13157	80004d2e	013f4533	xor	x10,x30,x19	 x30:0x00014000 x19:0x80021df8 x10=0x80035df8
      265602000	     13178	80004d32	d3626737	lui	x14,0xd3626	 x14=0xd3626000
      265622000	     13179	80004d36	01fe0863	beq	x28,x31,80004d46	 x28:0x80021dfa x31:0x0000000b
      265642000	     13180	80004d3a	ce9cad13	slti	x26,x25,-791	 x25:0x80025ce4 x26=0x00000001
      265662000	     13181	80004d3e	fc2ee737	lui	x14,0xfc2ee	 x14=0xfc2ee000
      265682000	     13182	80004d42	4050d433	sra	x8,x1,x5	  x1:0x0000000b  x5:0xffffffff  x8=0x00000000
      265742000	     13185	80004d46	dc96bd13	sltiu	x26,x13,-567	 x13:0x0ffffd00 x26=0x00000001
      266482000	     13222	80004d4a	033f6333	rem	x6,x30,x19	 x30:0x00014000 x19:0x80021df8  x6=0x00014000
      266522000	     13224	80004d4e	039e94b3	mulh	x9,x29,x25	 x29:0xffffffff x25:0x80025ce4  x9=0x00000000
      266542000	     13225	80004d52	b9287013	andi	x0,x16,-1134	 x16:0x64000000  x0=0x00000000
      266562000	     13226	80004d56	00fec563	blt	x29,x15,80004d60	 x29:0xffffffff x15:0x2d56b330
      267042000	     13250	80004d60	b077c293	xori	x5,x15,-1273	 x15:0x2d56b330  x5=0xd2a94837
      267062000	     13251	80004d64	8d0d	c.sub	x10,x11	 x10:0x80035df8 x11:0x00000000 x10=0x80035df8
      267082000	     13252	80004d66	8ead	c.xor	x13,x11	 x13:0x0ffffd00 x11:0x00000000 x13=0x0ffffd00
      267102000	     13253	80004d68	01299413	slli	x8,x19,0x12	 x19:0x80021df8  x8=0x77e00000
      267122000	     13254	80004d6c	8a6d	c.andi	x12,27	 x12:0x00004000 x12=0x00000000
      267142000	     13255	80004d6e	081a	c.slli	x16,0x6	 x16:0x64000000 x16=0x00000000
      267282000	     13262	80004d70	0053e7b3	or	x15,x7,x5	  x7:0x00000001  x5:0xd2a94837 x15=0xd2a94837
      267302000	     13263	80004d74	7f0a7d13	andi	x26,x20,2032	 x20:0x00000001 x26=0x00000000
      267582000	     13277	80004d78	8db5	c.xor	x11,x13	 x11:0x00000000 x13:0x0ffffd00 x11=0x0ffffd00
      267602000	     13278	80004d7a	0001	c.addi	x0,0	  x0:0x00000000  x0=0x00000000
      267702000	     13283	80004d7c	da786293	ori	x5,x16,-601	 x16:0x00000000  x5=0xfffffda7
      267722000	     13284	80004d80	8cfd	c.and	x9,x15	  x9:0x00000000 x15:0xd2a94837  x9=0x00000000
      267762000	     13286	80004d82	0242ba33	mulhu	x20,x5,x4	  x5:0xfffffda7  x4:0x03958000 x20=0x03957ff7
      268162000	     13306	80004d86	01e1b733	sltu	x14,x3,x30	  x3:0x00000373 x30:0x00014000 x14=0x00000001
      268182000	     13307	80004d8a	0000100f	fence.i	
      269822000	     13389	80004d8e	02f95ab3	divu	x21,x18,x15	 x18:0x0b55accc x15:0xd2a94837 x21=0x00000000
      269842000	     13390	80004d92	c089	c.beqz	x9,80004d94	  x9:0x00000000
      269962000	     13396	80004d94	527d	c.li	x4,-1	  x4=0xffffffff
      270142000	     13405	80004d96	000b3ab3	sltu	x21,x22,x0	 x22:0x00000001  x0:0x00000000 x21=0x00000000
      270162000	     13406	80004d9a	025a4963	blt	x20,x5,80004dcc	 x20:0x03957ff7  x5:0xfffffda7
      270282000	     13412	80004d9e	009eaf33	slt	x30,x29,x9	 x29:0xffffffff  x9:0x00000000 x30=0x00000001
      270302000	     13413	80004da2	91f2	c.add	x3,x28	  x3:0x00000373 x28:0x80021dfa  x3=0x8002216d
      270422000	     13419	80004da4	0206d8b3	divu	x17,x13,x0	 x13:0x0ffffd00  x0:0x00000000 x17=0xffffffff
      270442000	     13420	80004da8	00913933	sltu	x18,x2,x9	  x2:0xffffffe0  x9:0x00000000 x18=0x00000000
      270462000	     13421	80004dac	cb15	c.beqz	x14,80004de0	 x14:0x00000001
      270482000	     13422	80004dae	401fd7b3	sra	x15,x31,x1	 x31:0x0000000b  x1:0x0000000b x15=0x00000000
      270502000	     13423	80004db2	00383e33	sltu	x28,x16,x3	 x16:0x00000000  x3:0x8002216d x28=0x00000001
      270522000	     13424	80004db6	f3bea213	slti	x4,x29,-197	 x29:0xffffffff  x4=0x00000000
      270542000	     13425	80004dba	8ce1	c.and	x9,x8	  x9:0x00000000  x8:0x77e00000  x9=0x00000000
      270742000	     13435	80004dbc	00127863	bgeu	x4,x1,80004dcc	  x4:0x00000000  x1:0x0000000b
      270802000	     13438	80004dc0	007b9d33	sll	x26,x23,x7	 x23:0x00000000  x7:0x00000001 x26=0x00000000
      271162000	     13456	80004dc4	017be963	bltu	x23,x23,80004dd6	 x23:0x00000000 x23:0x00000000
      271282000	     13462	80004dc8	4969	c.li	x18,26	 x18=0x0000001a
      271302000	     13463	80004dca	ec99	c.bnez	x9,80004de8	  x9:0x00000000
      271322000	     13464	80004dcc	9bf2	c.add	x23,x28	 x23:0x00000000 x28:0x00000001 x23=0x00000001
      271362000	     13466	80004dce	40c2d133	sra	x2,x5,x12	  x5:0xfffffda7 x12:0x00000000  x2=0xfffffda7
      271382000	     13467	80004dd2	8469	c.srai	x8,0x1a	  x8:0x77e00000  x8=0x0000001d
      271402000	     13468	80004dd4	9bfd	c.andi	x15,-1	 x15:0x00000000 x15=0x00000000
      271422000	     13469	80004dd6	862d	c.srai	x12,0xb	 x12:0x00000000 x12=0x00000000
      271442000	     13470	80004dd8	049cd463	bge	x25,x9,80004e20	 x25:0x80025ce4  x9:0x00000000
      271502000	     13473	80004ddc	50858693	addi	x13,x11,1288	 x11:0x0ffffd00 x13=0x10000208
      271782000	     13487	80004de0	01cf9eb3	sll	x29,x31,x28	 x31:0x0000000b x28:0x00000001 x29=0x00000016
      271802000	     13488	80004de4	395be513	ori	x10,x23,917	 x23:0x00000001 x10=0x00000395
      271962000	     13496	80004de8	67ddbe13	sltiu	x28,x27,1661	 x27:0x00064000 x28=0x00000000
      271982000	     13497	80004dec	00779693	slli	x13,x15,0x7	 x15:0x00000000 x13=0x00000000
      272122000	     13504	80004df0	04a56263	bltu	x10,x10,80004e34	 x10:0x00000395 x10:0x00000395
      272222000	     13509	80004df4	01790563	beq	x18,x23,80004dfe	 x18:0x0000001a x23:0x00000001
      272262000	     13511	80004df8	8cb1	c.xor	x9,x12	  x9:0x00000000 x12:0x00000000  x9=0x00000000
      272282000	     13512	80004dfa	8e55	c.or	x12,x13	 x12:0x00000000 x13:0x00000000 x12=0x00000000
      272402000	     13518	80004dfc	8eda	c.mv	x29,x22	  x0:0x00000000 x22:0x00000001 x29=0x00000001
      272482000	     13522	80004dfe	05b9d163	bge	x19,x27,80004e40	 x19:0x80021df8 x27:0x00064000
      272522000	     13524	80004e02	0000100f	fence.i	
      273062000	     13551	80004e06	02c05f63	bge	x0,x12,80004e44	  x0:0x00000000 x12:0x00000000
      274262000	     13611	80004e44	03734633	div	x12,x6,x23	  x6:0x00014000 x23:0x00000001 x12=0x00014000
      274282000	     13612	80004e48	0562	c.slli	x10,0x18	 x10:0x00000395 x10=0x95000000
      274302000	     13613	80004e4a	4d3eca13	xori	x20,x29,1235	 x29:0x00000001 x20=0x000004d2
      274322000	     13614	80004e4e	03f17563	bgeu	x2,x31,80004e78	  x2:0xfffffda7 x31:0x0000000b
      274802000	     13638	80004e78	00bb1363	bne	x22,x11,80004e7e	 x22:0x00000001 x11:0x0ffffd00
      275542000	     13675	80004e7e	955a	c.add	x10,x22	 x10:0x95000000 x22:0x00000001 x10=0x95000001
      275682000	     13682	80004e80	04014063	blt	x2,x0,80004ec0	  x2:0xfffffda7  x0:0x00000000
      276542000	     13725	80004ec0	008ec0b3	xor	x1,x29,x8	 x29:0x00000001  x8:0x0000001d  x1=0x0000001c
      276562000	     13726	80004ec4	0139d0b3	srl	x1,x19,x19	 x19:0x80021df8 x19:0x80021df8  x1=0x00000080
      277302000	     13763	80004ec8	02ee5b33	divu	x22,x28,x14	 x28:0x00000000 x14:0x00000001 x22=0x00000000
      277322000	     13764	80004ecc	6f2d	c.lui	x30,0xb	 x30=0x0000b000
      277342000	     13765	80004ece	00346bb3	or	x23,x8,x3	  x8:0x0000001d  x3:0x8002216d x23=0x8002217d
      277362000	     13766	80004ed2	8225	c.srli	x12,0x9	 x12:0x00014000 x12=0x000000a0
      277662000	     13781	80004ed4	9e84c713	xori	x14,x9,-1560	  x9:0x00000000 x14=0xfffff9e8
      277822000	     13789	80004ed8	0d31	c.addi	x26,12	 x26:0x00000000 x26=0x0000000c
      277842000	     13790	80004eda	0171e563	bltu	x3,x23,80004ee4	  x3:0x8002216d x23:0x8002217d
      277982000	     13797	80004ee4	8fb5	c.xor	x15,x13	 x15:0x00000000 x13:0x00000000 x15=0x00000000
      278002000	     13798	80004ee6	ef1d	c.bnez	x14,80004f24	 x14:0xfffff9e8
      279322000	     13864	80004f24	042144b7	lui	x9,0x4214	  x9=0x04214000
      279362000	     13866	80004f28	ddd0e413	ori	x8,x1,-547	  x1:0x00000080  x8=0xfffffddd
      279482000	     13872	80004f2c	0001	c.addi	x0,0	  x0:0x00000000  x0=0x00000000
      279602000	     13878	80004f2e	07698063	beq	x19,x22,80004f8e	 x19:0x80021df8 x22:0x00000000
      279622000	     13879	80004f32	40f1d393	srai	x7,x3,0xf	  x3:0x8002216d  x7=0xffff0004
      279642000	     13880	80004f36	01111563	bne	x2,x17,80004f40	  x2:0xfffffda7 x17:0xffffffff
      279722000	     13884	80004f40	004b0eb3	add	x29,x22,x4	 x22:0x00000000  x4:0x00000000 x29=0x00000000
      280062000	     13901	80004f44	8341	c.srli	x14,0x10	 x14:0xfffff9e8 x14=0x0000ffff
      280082000	     13902	80004f46	0001	c.addi	x0,0	  x0:0x00000000  x0=0x00000000
      280102000	     13903	80004f48	02298633	mul	x12,x19,x2	 x19:0x80021df8  x2:0xfffffda7 x12=0x7b07a4c8
      280122000	     13904	80004f4c	8ef9	c.and	x13,x14	 x13:0x00000000 x14:0x0000ffff x13=0x00000000
      280162000	     13906	80004f4e	03114a63	blt	x2,x17,80004f82	  x2:0xfffffda7 x17:0xffffffff
      280402000	     13918	80004f82	0ff0000f	fence	iorw,iorw	
      280702000	     13933	80004f86	6daac813	xori	x16,x21,1754	 x21:0x00000000 x16=0x000006da
      281442000	     13970	80004f8a	03715233	divu	x4,x2,x23	  x2:0xfffffda7 x23:0x8002217d  x4=0x00000001
      281462000	     13971	80004f8e	9770c113	xori	x2,x1,-1673	  x1:0x00000080  x2=0xfffff9f7
      281482000	     13972	80004f92	25369097	auipc	x1,0x25369	  x1=0xa536df92
      282222000	     14009	80004f96	03adff33	remu	x30,x27,x26	 x27:0x00064000 x26:0x0000000c x30=0x00000004
      282242000	     14010	80004f9a	0000100f	fence.i	
      282562000	     14026	80004f9e	0446	c.slli	x8,0x11	  x8:0xfffffddd  x8=0xfbba0000
      282582000	     14027	80004fa0	8ee5	c.and	x13,x9	 x13:0x00000000  x9:0x04214000 x13=0x00000000
      282622000	     14029	80004fa2	03279a63	bne	x15,x18,80004fd6	 x15:0x00000000 x18:0x0000001a
      283122000	     14054	80004fd6	01125533	srl	x10,x4,x17	  x4:0x00000001 x17:0xffffffff x10=0x00000000
      283282000	     14062	80004fda	0055beb3	sltu	x29,x11,x5	 x11:0x0ffffd00  x5:0xfffffda7 x29=0x00000001
      283462000	     14071	80004fde	02c00133	mul	x2,x0,x12	  x0:0x00000000 x12:0x7b07a4c8  x2=0x00000000
      283482000	     14072	80004fe2	015e83b3	add	x7,x29,x21	 x29:0x00000001 x21:0x00000000  x7=0x00000001
      283502000	     14073	80004fe6	8875	c.andi	x8,29	  x8:0xfbba0000  x8=0x00000000
      283522000	     14074	80004fe8	2962dc37	lui	x24,0x2962d	 x24=0x2962d000
      283542000	     14075	80004fec	12fd	c.addi	x5,-1	  x5:0xfffffda7  x5=0xfffffda6
      283602000	     14078	80004fee	01d6c763	blt	x13,x29,80004ffc	 x13:0x00000000 x29:0x00000001
      284022000	     14099	80004ffc	187d	c.addi	x16,-1	 x16:0x000006da x16=0x000006d9
      284062000	     14101	80004ffe	01f55393	srli	x7,x10,0x1f	 x10:0x00000000  x7=0x00000000
      284342000	     14115	80005002	a674a493	slti	x9,x9,-1433	  x9:0x04214000  x9=0x00000000
      284362000	     14116	80005006	eeb78e13	addi	x28,x15,-277	 x15:0x00000000 x28=0xfffffeeb
      285102000	     14153	8000500a	02c5c733	div	x14,x11,x12	 x11:0x0ffffd00 x12:0x7b07a4c8 x14=0x00000000
      285142000	     14155	8000500e	0277b633	mulhu	x12,x15,x7	 x15:0x00000000  x7:0x00000000 x12=0x00000000
      285162000	     14156	80005012	c822fd13	andi	x26,x5,-894	  x5:0xfffffda6 x26=0xfffffc82
      285182000	     14157	80005016	012ed593	srli	x11,x29,0x12	 x29:0x00000001 x11=0x00000000
      285922000	     14194	8000501a	038bd333	divu	x6,x23,x24	 x23:0x8002217d x24:0x2962d000  x6=0x00000003
      285942000	     14195	8000501e	005bba33	sltu	x20,x23,x5	 x23:0x8002217d  x5:0xfffffda6 x20=0x00000001
      285982000	     14197	80005022	03b913b3	mulh	x7,x18,x27	 x18:0x0000001a x27:0x00064000  x7=0x00000000
      286002000	     14198	80005026	11fd	c.addi	x3,-1	  x3:0x8002216d  x3=0x8002216c
      286742000	     14235	80005028	03257a33	remu	x20,x10,x18	 x10:0x00000000 x18:0x0000001a x20=0x00000000
      286762000	     14236	8000502c	0001	c.addi	x0,0	  x0:0x00000000  x0=0x00000000
      286782000	     14237	8000502e	012b0663	beq	x22,x18,8000503a	 x22:0x00000000 x18:0x0000001a
      286802000	     14238	80005032	00194763	blt	x18,x1,80005040	 x18:0x0000001a  x1:0xa536df92
      286822000	     14239	80005036	8451	c.srai	x8,0x14	  x8:0x00000000  x8=0x00000000
      286842000	     14240	80005038	834d	c.srli	x14,0x13	 x14:0x00000000 x14=0x00000000
      286862000	     14241	8000503a	00ee9c13	slli	x24,x29,0xe	 x29:0x00000001 x24=0x00004000
      286882000	     14242	8000503e	8265	c.srli	x12,0x19	 x12:0x00000000 x12=0x00000000
      287182000	     14257	80005040	ce85	c.beqz	x13,80005078	 x13:0x00000000
      287862000	     14291	80005078	8d85	c.sub	x11,x9	 x11:0x00000000  x9:0x00000000 x11=0x00000000
      287882000	     14292	8000507a	da769197	auipc	x3,0xda769	  x3=0x5a76e07a
      288082000	     14302	8000507e	00b47633	and	x12,x8,x11	  x8:0x00000000 x11:0x00000000 x12=0x00000000
      288122000	     14304	80005082	02bbd933	divu	x18,x23,x11	 x23:0x8002217d x11:0x00000000 x18=0xffffffff
      288142000	     14305	80005086	e5c1cc13	xori	x24,x3,-420	  x3:0x5a76e07a x24=0xa5891e26
      288162000	     14306	8000508a	03d10c63	beq	x2,x29,800050c2	  x2:0x00000000 x29:0x00000001
      288182000	     14307	8000508e	0c72	c.slli	x24,0x1c	 x24:0xa5891e26 x24=0x60000000
      288202000	     14308	80005090	02e3cf63	blt	x7,x14,800050ce	  x7:0x00000000 x14:0x00000000
      288222000	     14309	80005094	8196	c.mv	x3,x5	  x0:0x00000000  x5:0xfffffda6  x3=0xfffffda6
      288342000	     14315	80005096	0ff0000f	fence	iorw,iorw	
      297402000	     14768	8000509a	8dda	c.mv	x27,x22	  x0:0x00000000 x22:0x00000000 x27=0x00000000
      297422000	     14769	8000509c	c689	c.beqz	x13,800050a6	 x13:0x00000000
      297462000	     14771	800050a6	0001	c.addi	x0,0	  x0:0x00000000  x0=0x00000000
      297482000	     14772	800050a8	00a39763	bne	x7,x10,800050b6	  x7:0x00000000 x10:0x00000000
      297502000	     14773	800050ac	8fe9	c.and	x15,x10	 x15:0x00000000 x10:0x00000000 x15=0x00000000
      297662000	     14781	800050ae	0079f733	and	x14,x19,x7	 x19:0x80021df8  x7:0x00000000 x14=0x00000000
      297682000	     14782	800050b2	54034b37	lui	x22,0x54034	 x22=0x54034000
      297722000	     14784	800050b6	010f5613	srli	x12,x30,0x10	 x30:0x00000004 x12=0x00000000
      298062000	     14801	800050ba	0330ad33	mulhsu	x26,x1,x19	  x1:0xa536df92 x19:0x80021df8 x26=0xd29aaf96
      298082000	     14802	800050be	9ed4b093	sltiu	x1,x9,-1555	  x9:0x00000000  x1=0x00000001
      298102000	     14803	800050c2	8f06	c.mv	x30,x1	  x0:0x00000000  x1:0x00000001 x30=0x00000001
      298122000	     14804	800050c4	018a3633	sltu	x12,x20,x24	 x20:0x00000000 x24:0x60000000 x12=0x00000001
      298262000	     14811	800050c8	0001	c.addi	x0,0	  x0:0x00000000  x0=0x00000000
      299002000	     14848	800050ca	02c2fe33	remu	x28,x5,x12	  x5:0xfffffda6 x12:0x00000001 x28=0x00000000
      299022000	     14849	800050ce	8369	c.srli	x14,0x1a	 x14:0x00000000 x14=0x00000000
      299042000	     14850	800050d0	69d8bd37	lui	x26,0x69d8b	 x26=0x69d8b000
      299062000	     14851	800050d4	00e368b3	or	x17,x6,x14	  x6:0x00000003 x14:0x00000000 x17=0x00000003
      299082000	     14852	800050d8	8bd6	c.mv	x23,x21	  x0:0x00000000 x21:0x00000000 x23=0x00000000
      299102000	     14853	800050da	0ff0000f	fence	iorw,iorw	
      299122000	     14854	800050de	01bcf233	and	x4,x25,x27	 x25:0x80025ce4 x27:0x00000000  x4=0x00000000
      299142000	     14855	800050e2	01d98363	beq	x19,x29,800050e8	 x19:0x80021df8 x29:0x00000001
      299162000	     14856	800050e6	099c	c.addi4spn	x15,x2,208	 x15=0x000000d0
      299542000	     14875	800050e8	e3a9a693	slti	x13,x19,-454	 x19:0x80021df8 x13=0x00000001
      299962000	     14896	800050ec	0006cf33	xor	x30,x13,x0	 x13:0x00000001  x0:0x00000000 x30=0x00000001
      299982000	     14897	800050f0	c08fe393	ori	x7,x31,-1016	 x31:0x0000000b  x7=0xfffffc0b
      300162000	     14906	800050f4	02e3f063	bgeu	x7,x14,80005114	  x7:0xfffffc0b x14:0x00000000
      300722000	     14934	80005114	d0307793	andi	x15,x0,-765	  x0:0x00000000 x15=0x00000000
      301442000	     14970	80005118	0000100f	fence.i	
      301942000	     14995	8000511c	01e40e63	beq	x8,x30,80005138	  x8:0x00000000 x30:0x00000001
      302362000	     15016	80005120	0000100f	fence.i	
      302742000	     15035	80005124	0164e1b3	or	x3,x9,x22	  x9:0x00000000 x22:0x54034000  x3=0x54034000
      303162000	     15056	80005128	02e324b3	mulhsu	x9,x6,x14	  x6:0x00000003 x14:0x00000000  x9=0x00000000
      303202000	     15058	8000512c	01bdbb33	sltu	x22,x27,x27	 x27:0x00000000 x27:0x00000000 x22=0x00000000
      304262000	     15111	80005130	033452b3	divu	x5,x8,x19	  x8:0x00000000 x19:0x80021df8  x5=0x00000000
      304282000	     15112	80005134	04074163	blt	x14,x0,80005176	 x14:0x00000000  x0:0x00000000
      304302000	     15113	80005138	0180de63	bge	x1,x24,80005154	  x1:0x00000001 x24:0x60000000
      304322000	     15114	8000513c	60a5	c.lui	x1,0x9	  x1=0x00009000
      304342000	     15115	8000513e	c2a1	c.beqz	x13,8000517e	 x13:0x00000001
      304362000	     15116	80005140	98fd	c.andi	x9,-1	  x9:0x00000000  x9=0x00000000
      304382000	     15117	80005142	309a7db7	lui	x27,0x309a7	 x27=0x309a7000
      304402000	     15118	80005146	0001	c.addi	x0,0	  x0:0x00000000  x0=0x00000000
      304602000	     15128	80005148	0026d263	bge	x13,x2,8000514c	 x13:0x00000001  x2:0x00000000
      305062000	     15151	8000514c	00b6bbb3	sltu	x23,x13,x11	 x13:0x00000001 x11:0x00000000 x23=0x00000000
      305102000	     15153	80005150	41e10433	sub	x8,x2,x30	  x2:0x00000000 x30:0x00000001  x8=0xffffffff
      305142000	     15155	80005154	03523433	mulhu	x8,x4,x21	  x4:0x00000000 x21:0x00000000  x8=0x00000000
      305262000	     15161	80005158	84a5	c.srai	x9,0x9	  x9:0x00000000  x9=0x00000000
      305702000	     15183	8000515a	03192033	mulhsu	x0,x18,x17	 x18:0xffffffff x17:0x00000003  x0=0x00000000
      305802000	     15188	8000515e	00711463	bne	x2,x7,80005166	  x2:0x00000000  x7:0xfffffc0b
      306862000	     15241	80005166	0345f333	remu	x6,x11,x20	 x11:0x00000000 x20:0x00000000  x6=0x00000000
      306882000	     15242	8000516a	c185	c.beqz	x11,8000518a	 x11:0x00000000
      307382000	     15267	8000518a	02ee8133	mul	x2,x29,x14	 x29:0x00000001 x14:0x00000000  x2=0x00000000
      307402000	     15268	8000518e	03387463	bgeu	x16,x19,800051b6	 x16:0x000006d9 x19:0x80021df8
      307442000	     15270	80005192	020bf333	remu	x6,x23,x0	 x23:0x00000000  x0:0x00000000  x6=0x00000000
      307462000	     15271	80005196	05f5	c.addi	x11,29	 x11:0x00000000 x11=0x0000001d
      307622000	     15279	80005198	e715	c.bnez	x14,800051c4	 x14:0x00000000
      307742000	     15285	8000519a	037454b3	divu	x9,x8,x23	  x8:0x00000000 x23:0x00000000  x9=0xffffffff
      307762000	     15286	8000519e	41fb02b3	sub	x5,x22,x31	 x22:0x00000000 x31:0x0000000b  x5=0xfffffff5
      307782000	     15287	800051a2	00a5dbb3	srl	x23,x11,x10	 x11:0x0000001d x10:0x00000000 x23=0x0000001d
      308622000	     15329	800051a6	03755233	divu	x4,x10,x23	 x10:0x00000000 x23:0x0000001d  x4=0x00000000
      308642000	     15330	800051aa	04fbc063	blt	x23,x15,800051ea	 x23:0x0000001d x15:0x00000000
      308662000	     15331	800051ae	0001	c.addi	x0,0	  x0:0x00000000  x0=0x00000000
      308682000	     15332	800051b0	a40ded93	ori	x27,x27,-1472	 x27:0x309a7000 x27=0xfffffa40
      308702000	     15333	800051b4	717d	c.addi16sp	x2,-16	  x2:0x00000000  x2=0xfffffff0
      308722000	     15334	800051b6	c357f613	andi	x12,x15,-971	 x15:0x00000000 x12=0x00000000
      308742000	     15335	800051ba	8bf1	c.andi	x15,28	 x15:0x00000000 x15=0x00000000
      308762000	     15336	800051bc	d0144a93	xori	x21,x8,-767	  x8:0x00000000 x21=0xfffffd01
      308982000	     15347	800051c0	2073ba93	sltiu	x21,x7,519	  x7:0xfffffc0b x21=0x00000000
      309002000	     15348	800051c4	8fb1	c.xor	x15,x12	 x15:0x00000000 x12:0x00000000 x15=0x00000000
      309202000	     15358	800051c6	035fdf63	bge	x31,x21,80005204	 x31:0x0000000b x21:0x00000000
      310522000	     15424	80005204	8dad	c.xor	x11,x11	 x11:0x0000001d x11:0x0000001d x11=0x00000000
      310542000	     15425	80005206	0ea1	c.addi	x29,8	 x29:0x00000001 x29=0x00000009
      310562000	     15426	80005208	8e15	c.sub	x12,x13	 x12:0x00000000 x13:0x00000001 x12=0xffffffff
      310602000	     15428	8000520a	03ecbe33	mulhu	x28,x25,x30	 x25:0x80025ce4 x30:0x00000001 x28=0x00000000
      310882000	     15442	8000520e	0352d133	divu	x2,x5,x21	  x5:0xfffffff5 x21:0x00000000  x2=0xffffffff
      311282000	     15462	80005212	0ff0000f	fence	iorw,iorw	
      311322000	     15464	80005216	00aad663	bge	x21,x10,80005222	 x21:0x00000000 x10:0x00000000
      311862000	     15491	80005222	02389ab3	mulh	x21,x17,x3	 x17:0x00000003  x3:0x54034000 x21=0x00000000
      311902000	     15493	80005226	03220433	mul	x8,x4,x18	  x4:0x00000000 x18:0xffffffff  x8=0x00000000
      312022000	     15499	8000522a	74198d13	addi	x26,x19,1857	 x19:0x80021df8 x26=0x80022539
      312042000	     15500	8000522e	8809	c.andi	x8,2	  x8:0x00000000  x8=0x00000000
      312062000	     15501	80005230	0000100f	fence.i	
      312722000	     15534	80005234	0168d693	srli	x13,x17,0x16	 x17:0x00000003 x13=0x00000000
      312742000	     15535	80005238	4475	c.li	x8,29	  x8=0x0000001d
      312762000	     15536	8000523a	8dd5	c.or	x11,x13	 x11:0x00000000 x13:0x00000000 x11=0x00000000
      312802000	     15538	8000523c	02e1a4b3	mulhsu	x9,x3,x14	  x3:0x54034000 x14:0x00000000  x9=0x00000000
      313022000	     15549	80005240	00471a13	slli	x20,x14,0x4	 x14:0x00000000 x20=0x00000000
      313062000	     15551	80005244	0001	c.addi	x0,0	  x0:0x00000000  x0=0x00000000
      313082000	     15552	80005246	8d3d	c.xor	x10,x15	 x10:0x00000000 x15:0x00000000 x10=0x00000000
      313122000	     15554	80005248	036f5333	divu	x6,x30,x22	 x30:0x00000001 x22:0x00000000  x6=0xffffffff
      313142000	     15555	8000524c	ea9db693	sltiu	x13,x27,-343	 x27:0xfffffa40 x13=0x00000001
      313182000	     15557	80005250	184c0413	addi	x8,x24,388	 x24:0x60000000  x8=0x60000184
      313362000	     15566	80005254	c3650a93	addi	x21,x10,-970	 x10:0x00000000 x21=0xfffffc36
      313382000	     15567	80005258	02b6fb63	bgeu	x13,x11,8000528e	 x13:0x00000001 x11:0x00000000
      314102000	     15603	8000528e	0001	c.addi	x0,0	  x0:0x00000000  x0=0x00000000
      314262000	     15611	80005290	00d16863	bltu	x2,x13,800052a0	  x2:0xffffffff x13:0x00000001
      314282000	     15612	80005294	d8a02d93	slti	x27,x0,-630	  x0:0x00000000 x27=0x00000000
      314342000	     15615	80005298	6a44f713	andi	x14,x9,1700	  x9:0x00000000 x14=0x00000000
      314362000	     15616	8000529c	02e583b3	mul	x7,x11,x14	 x11:0x00000000 x14:0x00000000  x7=0x00000000
      314562000	     15626	800052a0	fa920513	addi	x10,x4,-87	  x4:0x00000000 x10=0xffffffa9
      314622000	     15629	800052a4	463b8d93	addi	x27,x23,1123	 x23:0x0000001d x27=0x00000480
      315042000	     15650	800052a8	00c292b3	sll	x5,x5,x12	  x5:0xfffffff5 x12:0xffffffff  x5=0x80000000
      315242000	     15660	800052ac	01cd1563	bne	x26,x28,800052b6	 x26:0x80022539 x28:0x00000000
      316082000	     15702	800052b6	0000100f	fence.i	
      316982000	     15747	800052ba	0ff0000f	fence	iorw,iorw	
      317122000	     15754	800052be	02268833	mul	x16,x13,x2	 x13:0x00000001  x2:0xffffffff x16=0xffffffff
      317142000	     15755	800052c2	8db9	c.xor	x11,x14	 x11:0x00000000 x14:0x00000000 x11=0x00000000
      317162000	     15756	800052c4	8f45	c.or	x14,x9	 x14:0x00000000  x9:0x00000000 x14=0x00000000
      317182000	     15757	800052c6	0108	c.addi4spn	x10,x2,128	 x10=0x0000007f
      317202000	     15758	800052c8	0f62	c.slli	x30,0x18	 x30:0x00000001 x30=0x01000000
      317382000	     15767	800052ca	0102b333	sltu	x6,x5,x16	  x5:0x80000000 x16:0xffffffff  x6=0x00000001
      317402000	     15768	800052ce	8fe5	c.and	x15,x9	 x15:0x00000000  x9:0x00000000 x15=0x00000000
      317562000	     15776	800052d0	02e25763	bge	x4,x14,800052fe	  x4:0x00000000 x14:0x00000000
      318482000	     15822	800052fe	035f15b3	mulh	x11,x30,x21	 x30:0x01000000 x21:0xfffffc36 x11=0xfffffffc
      318502000	     15823	80005302	0998	c.addi4spn	x14,x2,208	 x14=0x000000cf
      318522000	     15824	80005304	0010e2b3	or	x5,x1,x1	  x1:0x00009000  x1:0x00009000  x5=0x00009000
      318642000	     15830	80005308	c789	c.beqz	x15,80005312	 x15:0x00000000
      319502000	     15873	80005312	0000100f	fence.i	
      319782000	     15887	80005316	03828c63	beq	x5,x24,8000534e	  x5:0x00009000 x24:0x60000000
      320202000	     15908	8000531a	034e51b3	divu	x3,x28,x20	 x28:0x00000000 x20:0x00000000  x3=0xffffffff
      320222000	     15909	8000531e	016a6033	or	x0,x20,x22	 x20:0x00000000 x22:0x00000000  x0=0x00000000
      320262000	     15911	80005322	03b296b3	mulh	x13,x5,x27	  x5:0x00009000 x27:0x00000480 x13=0x00000000
      320622000	     15929	80005326	0184c8b3	xor	x17,x9,x24	  x9:0x00000000 x24:0x60000000 x17=0x60000000
      320642000	     15930	8000532a	00f17433	and	x8,x2,x15	  x2:0xffffffff x15:0x00000000  x8=0x00000000
      320782000	     15937	8000532e	05bb9363	bne	x23,x27,80005374	 x23:0x0000001d x27:0x00000480
      321262000	     15961	80005374	001b1b93	slli	x23,x22,0x1	 x22:0x00000000 x23=0x00000000
      321682000	     15982	80005378	8ba5	c.andi	x15,9	 x15:0x00000000 x15=0x00000000
      321702000	     15983	8000537a	e51d	c.bnez	x10,800053a8	 x10:0x0000007f
      322022000	     15999	800053a8	9a6e	c.add	x20,x27	 x20:0x00000000 x27:0x00000480 x20=0x00000480
      322042000	     16000	800053aa	8ebd	c.xor	x13,x15	 x13:0x00000000 x15:0x00000000 x13=0x00000000
      322062000	     16001	800053ac	a58c6913	ori	x18,x24,-1448	 x24:0x60000000 x18=0xfffffa58
      322102000	     16003	800053b0	036322b3	mulhsu	x5,x6,x22	  x6:0x00000001 x22:0x00000000  x5=0x00000000
      322122000	     16004	800053b4	00a1ebb3	or	x23,x3,x10	  x3:0xffffffff x10:0x0000007f x23=0xffffffff
      322402000	     16018	800053b8	01ef4563	blt	x30,x30,800053c2	 x30:0x01000000 x30:0x01000000
      322502000	     16023	800053bc	41e7da93	srai	x21,x15,0x1e	 x15:0x00000000 x21=0x00000000
      322522000	     16024	800053c0	8ac2	c.mv	x21,x16	  x0:0x00000000 x16:0xffffffff x21=0xffffffff
      322702000	     16033	800053c2	41620ab3	sub	x21,x4,x22	  x4:0x00000000 x22:0x00000000 x21=0x00000000
      322722000	     16034	800053c6	99fd	c.andi	x11,-1	 x11:0xfffffffc x11=0xfffffffc
      322742000	     16035	800053c8	c609	c.beqz	x12,800053d2	 x12:0xffffffff
      322762000	     16036	800053ca	00d3f3b3	and	x7,x7,x13	  x7:0x00000000 x13:0x00000000  x7=0x00000000
      322782000	     16037	800053ce	31987813	andi	x16,x16,793	 x16:0xffffffff x16=0x00000319
      323182000	     16057	800053d2	36c598b7	lui	x17,0x36c59	 x17=0x36c59000
      323202000	     16058	800053d6	8a65c193	xori	x3,x11,-1882	 x11:0xfffffffc  x3=0x0000075a
      323222000	     16059	800053da	8949	c.andi	x10,18	 x10:0x0000007f x10=0x00000012
      323262000	     16061	800053dc	02716033	rem	x0,x2,x7	  x2:0xffffffff  x7:0x00000000  x0=0x00000000
      323562000	     16076	800053e0	0ff0000f	fence	iorw,iorw	
      323642000	     16080	800053e4	8fd1	c.or	x15,x12	 x15:0x00000000 x12:0xffffffff x15=0xffffffff
      323662000	     16081	800053e6	8ffd	c.and	x15,x15	 x15:0xffffffff x15:0xffffffff x15=0xffffffff
      323702000	     16083	800053e8	035e5533	divu	x10,x28,x21	 x28:0x00000000 x21:0x00000000 x10=0xffffffff
      324442000	     16120	800053ec	03e4f433	remu	x8,x9,x30	  x9:0x00000000 x30:0x01000000  x8=0x00000000
      324462000	     16121	800053f0	01f65813	srli	x16,x12,0x1f	 x12:0xffffffff x16=0x00000001
      324482000	     16122	800053f4	41a8d893	srai	x17,x17,0x1a	 x17:0x36c59000 x17=0x0000000d
      324502000	     16123	800053f8	410fda33	sra	x20,x31,x16	 x31:0x0000000b x16:0x00000001 x20=0x00000005
      324522000	     16124	800053fc	0001	c.addi	x0,0	  x0:0x00000000  x0=0x00000000
      324562000	     16126	800053fe	0291d433	divu	x8,x3,x9	  x3:0x0000075a  x9:0x00000000  x8=0xffffffff
      324582000	     16127	80005402	187d	c.addi	x16,-1	 x16:0x00000001 x16=0x00000000
      324602000	     16128	80005404	86a5	c.srai	x13,0x9	 x13:0x00000000 x13=0x00000000
      324622000	     16129	80005406	0001	c.addi	x0,0	  x0:0x00000000  x0=0x00000000
      324642000	     16130	80005408	0ff0000f	fence	iorw,iorw	
      324762000	     16136	8000540c	003ee833	or	x16,x29,x3	 x29:0x00000009  x3:0x0000075a x16=0x0000075b
      324782000	     16137	80005410	8cd1	c.or	x9,x12	  x9:0x00000000 x12:0xffffffff  x9=0xffffffff
      324802000	     16138	80005412	079c	c.addi4spn	x15,x2,960	 x15=0x000003bf
      325322000	     16164	80005414	0178ae33	slt	x28,x17,x23	 x17:0x0000000d x23:0xffffffff x28=0x00000000
      325562000	     16176	80005418	03f5	c.addi	x7,29	  x7:0x00000000  x7=0x0000001d
      325582000	     16177	8000541a	2857fd93	andi	x27,x15,645	 x15:0x000003bf x27=0x00000285
      325942000	     16195	8000541e	00ec1e33	sll	x28,x24,x14	 x24:0x60000000 x14:0x000000cf x28=0x00000000
      325962000	     16196	80005422	00eb93b3	sll	x7,x23,x14	 x23:0xffffffff x14:0x000000cf  x7=0xffff8000
      325982000	     16197	80005426	948a	c.add	x9,x2	  x9:0xffffffff  x2:0xffffffff  x9=0xfffffffe
      326042000	     16200	80005428	411486b3	sub	x13,x9,x17	  x9:0xfffffffe x17:0x0000000d x13=0xfffffff1
      326462000	     16221	8000542c	6159	c.addi16sp	x2,400	  x2:0xffffffff  x2=0x0000018f
      326542000	     16225	8000542e	02ce9eb3	mulh	x29,x29,x12	 x29:0x00000009 x12:0xffffffff x29=0xffffffff
      326562000	     16226	80005432	8e61	c.and	x12,x8	 x12:0xffffffff  x8:0xffffffff x12=0xffffffff
      326602000	     16228	80005434	03942133	mulhsu	x2,x8,x25	  x8:0xffffffff x25:0x80025ce4  x2=0xffffffff
      326962000	     16246	80005438	035136b3	mulhu	x13,x2,x21	  x2:0xffffffff x21:0x00000000 x13=0x00000000
      326982000	     16247	8000543c	07fe	c.slli	x15,0x1f	 x15:0x000003bf x15=0x80000000
      327062000	     16251	8000543e	2b50b3b7	lui	x7,0x2b50b	  x7=0x2b50b000
      327482000	     16272	80005442	9ad6dab7	lui	x21,0x9ad6d	 x21=0x9ad6d000
      327502000	     16273	80005446	0000100f	fence.i	
      328422000	     16319	8000544a	0243f163	bgeu	x7,x4,8000546c	  x7:0x2b50b000  x4:0x00000000
      328802000	     16338	8000546c	01b91833	sll	x16,x18,x27	 x18:0xfffffa58 x27:0x00000285 x16=0xffff4b00
      328822000	     16339	80005470	ebaa8193	addi	x3,x21,-326	 x21:0x9ad6d000  x3=0x9ad6ceba
      328882000	     16342	80005474	035010b3	mulh	x1,x0,x21	  x0:0x00000000 x21:0x9ad6d000  x1=0x00000000
      328922000	     16344	80005478	02bfb1b3	mulhu	x3,x31,x11	 x31:0x0000000b x11:0xfffffffc  x3=0x0000000a
      329002000	     16348	8000547c	8299	c.srli	x13,0x6	 x13:0x00000000 x13=0x00000000
      329022000	     16349	8000547e	e039	c.bnez	x8,800054c4	  x8:0xffffffff
      329242000	     16360	800054c4	ca8d	c.beqz	x13,800054f6	 x13:0x00000000
      329662000	     16381	800054f6	6afd	c.lui	x21,0x1f	 x21=0x0001f000
      329682000	     16382	800054f8	02304f63	blt	x0,x3,80005536	  x0:0x00000000  x3:0x0000000a
      329742000	     16385	80005536	0001	c.addi	x0,0	  x0:0x00000000  x0=0x00000000
      329762000	     16386	80005538	00b1dab3	srl	x21,x3,x11	  x3:0x0000000a x11:0xfffffffc x21=0x00000000
      329782000	     16387	8000553c	8096	c.mv	x1,x5	  x0:0x00000000  x5:0x00000000  x1=0x00000000
      330202000	     16408	8000553e	0ff0000f	fence	iorw,iorw	
      330222000	     16409	80005542	12e80013	addi	x0,x16,302	 x16:0xffff4b00  x0=0x00000000
      330262000	     16411	80005546	00bf6c63	bltu	x30,x11,8000555e	 x30:0x01000000 x11:0xfffffffc
      330522000	     16424	8000555e	fdffac13	slti	x24,x31,-33	 x31:0x0000000b x24=0x00000000
      330542000	     16425	80005562	8d35	c.xor	x10,x13	 x10:0xffffffff x13:0x00000000 x10=0xffffffff
      331302000	     16463	80005564	03bb6db3	rem	x27,x22,x27	 x22:0x00000000 x27:0x00000285 x27=0x00000000
      331322000	     16464	80005568	8add	c.andi	x13,23	 x13:0x00000000 x13=0x00000000
      331342000	     16465	8000556a	027ef163	bgeu	x29,x7,8000558c	 x29:0xffffffff  x7:0x2b50b000
      331502000	     16473	8000558c	03d4a3b3	mulhsu	x7,x9,x29	  x9:0xfffffffe x29:0xffffffff  x7=0xfffffffe
      331742000	     16485	80005590	b5edc193	xori	x3,x27,-1186	 x27:0x00000000  x3=0xfffffb5e
      331762000	     16486	80005594	5b7d	c.li	x22,-1	 x22=0xffffffff
      331902000	     16493	80005596	031b2233	mulhsu	x4,x22,x17	 x22:0xffffffff x17:0x0000000d  x4=0xffffffff
      332062000	     16501	8000559a	00ce9563	bne	x29,x12,800055a4	 x29:0xffffffff x12:0xffffffff
      332222000	     16509	8000559e	01a8bab3	sltu	x21,x17,x26	 x17:0x0000000d x26:0x80022539 x21=0x00000001
      332242000	     16510	800055a2	0001	c.addi	x0,0	  x0:0x00000000  x0=0x00000000
      332262000	     16511	800055a4	5b7d	c.li	x22,-1	 x22=0xffffffff
      332282000	     16512	800055a6	018fceb3	xor	x29,x31,x24	 x31:0x0000000b x24:0x00000000 x29=0x0000000b
      332302000	     16513	800055aa	00d688b3	add	x17,x13,x13	 x13:0x00000000 x13:0x00000000 x17=0x00000000
      332662000	     16531	800055ae	01a4e633	or	x12,x9,x26	  x9:0xfffffffe x26:0x80022539 x12=0xffffffff
      332682000	     16532	800055b2	40730db3	sub	x27,x6,x7	  x6:0x00000001  x7:0xfffffffe x27=0x00000003
      332702000	     16533	800055b6	01912e33	slt	x28,x2,x25	  x2:0xffffffff x25:0x80025ce4 x28=0x00000000
      332722000	     16534	800055ba	177d	c.addi	x14,-1	 x14:0x000000cf x14=0x000000ce
      333122000	     16554	800055bc	8f2d	c.xor	x14,x11	 x14:0x000000ce x11:0xfffffffc x14=0xffffff32
      333542000	     16575	800055be	02986863	bltu	x16,x9,800055ee	 x16:0xffff4b00  x9:0xfffffffe
      335322000	     16664	800055ee	01db98b3	sll	x17,x23,x29	 x23:0xffffffff x29:0x0000000b x17=0xfffff800
      335482000	     16672	800055f2	000bfeb3	and	x29,x23,x0	 x23:0xffffffff  x0:0x00000000 x29=0x00000000
      335502000	     16673	800055f6	00b57763	bgeu	x10,x11,80005604	 x10:0xffffffff x11:0xfffffffc
      336902000	     16743	80005604	0371f433	remu	x8,x3,x23	  x3:0xfffffb5e x23:0xffffffff  x8=0xfffffb5e
      336942000	     16745	80005608	0206a0b3	mulhsu	x1,x13,x0	 x13:0x00000000  x0:0x00000000  x1=0x00000000
      336962000	     16746	8000560c	5c1de113	ori	x2,x27,1473	 x27:0x00000003  x2=0x000005c3
      336982000	     16747	80005610	14fd	c.addi	x9,-1	  x9:0xfffffffe  x9=0xfffffffd
      337002000	     16748	80005612	ec717293	andi	x5,x2,-313	  x2:0x000005c3  x5=0x000004c3
      337042000	     16750	80005616	029fb633	mulhu	x12,x31,x9	 x31:0x0000000b  x9:0xfffffffd x12=0x0000000a
      337062000	     16751	8000561a	0001	c.addi	x0,0	  x0:0x00000000  x0=0x00000000
      337082000	     16752	8000561c	8161	c.srli	x10,0x18	 x10:0xffffffff x10=0x000000ff
      337102000	     16753	8000561e	717d	c.addi16sp	x2,-16	  x2:0x000005c3  x2=0x000005b3
      337122000	     16754	80005620	8475	c.srai	x8,0x1d	  x8:0xfffffb5e  x8=0xffffffff
      337142000	     16755	80005622	15fe1197	auipc	x3,0x15fe1	  x3=0x95fe6622
      337162000	     16756	80005626	01b60c33	add	x24,x12,x27	 x12:0x0000000a x27:0x00000003 x24=0x0000000d
      337322000	     16764	8000562a	1ce8ed93	ori	x27,x17,462	 x17:0xfffff800 x27=0xfffff9ce
      337422000	     16769	8000562e	029731b3	mulhu	x3,x14,x9	 x14:0xffffff32  x9:0xfffffffd  x3=0xffffff2f
      337442000	     16770	80005632	0f3e	c.slli	x30,0xf	 x30:0x01000000 x30=0x00000000
      337822000	     16789	80005634	0c00	c.addi4spn	x8,x2,528	  x8=0x000007c3
      338182000	     16807	80005636	0076d113	srli	x2,x13,0x7	 x13:0x00000000  x2=0x00000000
      338222000	     16809	8000563a	036711b3	mulh	x3,x14,x22	 x14:0xffffff32 x22:0xffffffff  x3=0x00000000
      338262000	     16811	8000563e	008afc33	and	x24,x21,x8	 x21:0x00000001  x8:0x000007c3 x24=0x00000001
      338282000	     16812	80005642	8f7d	c.and	x14,x15	 x14:0xffffff32 x15:0x80000000 x14=0x80000000
      338302000	     16813	80005644	0722f713	andi	x14,x5,114	  x5:0x000004c3 x14=0x00000042
      338322000	     16814	80005648	8c09	c.sub	x8,x10	  x8:0x000007c3 x10:0x000000ff  x8=0x000006c4
      339002000	     16848	8000564a	0049a603	lw	x12,4(x19)	 x19:0x80021df8 x12=0x800057d0 PA:0x80021dfc load:0x800057d0
      339022000	     16849	8000564e	09f1	c.addi	x19,28	 x19:0x80021df8 x19=0x80021e14
      339042000	     16850	80005650	0386	c.slli	x7,0x1	  x7:0xfffffffe  x7=0xfffffffc
      339142000	     16855	80005652	00060f13	addi	x30,x12,0	 x12:0x800057d0 x30=0x800057d0
      339162000	     16856	80005656	8f02	c.jr	x30	 x30:0x800057d0
      339262000	     16861	800057d0	85fd	c.srai	x11,0x1f	 x11:0xfffffffc x11=0xffffffff
      339502000	     16873	800057d2	4a322893	slti	x17,x4,1187	  x4:0xffffffff x17=0x00000001
      339522000	     16874	800057d6	4391	c.li	x7,4	  x7=0x00000004
      339702000	     16883	800057d8	02d720b3	mulhsu	x1,x14,x13	 x14:0x00000042 x13:0x00000000  x1=0x00000000
      339722000	     16884	800057dc	037ef663	bgeu	x29,x23,80005808	 x29:0x00000000 x23:0xffffffff
      340462000	     16921	800057e0	0281cf33	div	x30,x3,x8	  x3:0x00000000  x8:0x000006c4 x30=0x00000000
      340482000	     16922	800057e4	3c45b113	sltiu	x2,x11,964	 x11:0xffffffff  x2=0x00000000
      340502000	     16923	800057e8	8d85	c.sub	x11,x9	 x11:0xffffffff  x9:0xfffffffd x11=0x00000002
      340522000	     16924	800057ea	011eb4b3	sltu	x9,x29,x17	 x29:0x00000000 x17:0x00000001  x9=0x00000001
      340542000	     16925	800057ee	41c5	c.li	x3,17	  x3=0x00000011
      340562000	     16926	800057f0	8bb1	c.andi	x15,12	 x15:0x80000000 x15=0x00000000
      340582000	     16927	800057f2	0122	c.slli	x2,0x8	  x2:0x00000000  x2=0x00000000
      340602000	     16928	800057f4	019b1563	bne	x22,x25,800057fe	 x22:0xffffffff x25:0x80025ce4
      341642000	     16980	800057fe	02e7fdb3	remu	x27,x15,x14	 x15:0x00000000 x14:0x00000042 x27=0x00000000
      341662000	     16981	80005802	011684b3	add	x9,x13,x17	 x13:0x00000000 x17:0x00000001  x9=0x00000001
      341682000	     16982	80005806	8e7d	c.and	x12,x15	 x12:0x800057d0 x15:0x00000000 x12=0x00000000
      341702000	     16983	80005808	147d	c.addi	x8,-1	  x8:0x000006c4  x8=0x000006c3
      341742000	     16985	8000580a	02fac5b3	div	x11,x21,x15	 x21:0x00000001 x15:0x00000000 x11=0xffffffff
      341762000	     16986	8000580e	fdeb77b7	lui	x15,0xfdeb7	 x15=0xfdeb7000
      341782000	     16987	80005812	8f6d	c.and	x14,x11	 x14:0x00000042 x11:0xffffffff x14=0x00000042
      341802000	     16988	80005814	127d	c.addi	x4,-1	  x4:0xffffffff  x4=0xfffffffe
      342082000	     17002	80005816	0049a603	lw	x12,4(x19)	 x19:0x80021e14 x12=0x80005872 PA:0x80021e18 load:0x80005872
      342262000	     17011	8000581a	00941a13	slli	x20,x8,0x9	  x8:0x000006c3 x20=0x000d8600
      342282000	     17012	8000581e	010128b3	slt	x17,x2,x16	  x2:0x00000000 x16:0xffff4b00 x17=0x00000000
      342342000	     17015	80005822	02498993	addi	x19,x19,36	 x19:0x80021e14 x19=0x80021e38
      342362000	     17016	80005826	04ba	c.slli	x9,0xe	  x9:0x00000001  x9=0x00004000
      342382000	     17017	80005828	00160b93	addi	x23,x12,1	 x12:0x80005872 x23=0x80005873
      342402000	     17018	8000582c	000b8be7	jalr	x23,0(x23)	 x23:0x80005873 x23=0x80005830
      342662000	     17031	80005872	023c2d33	mulhsu	x26,x24,x3	 x24:0x00000001  x3:0x00000011 x26=0x00000000
      342682000	     17032	80005876	01dad093	srli	x1,x21,0x1d	 x21:0x00000001  x1=0x00000000
      342702000	     17033	8000587a	4054d1b3	sra	x3,x9,x5	  x9:0x00004000  x5:0x000004c3  x3=0x00000800
      342722000	     17034	8000587e	6ae9	c.lui	x21,0x1a	 x21=0x0001a000
      343102000	     17053	80005880	86d9	c.srai	x13,0x16	 x13:0x00000000 x13=0x00000000
      343162000	     17056	80005882	51ffb0b7	lui	x1,0x51ffb	  x1=0x51ffb000
      343182000	     17057	80005886	f19ff66f	jal	x12,8000579e	 x12=0x8000588a
      343862000	     17091	8000579e	0083e463	bltu	x7,x8,800057a6	  x7:0x00000004  x8:0x000006c3
      344802000	     17138	800057a6	fdc98993	addi	x19,x19,-36	 x19:0x80021e38 x19=0x80021e14
      344862000	     17141	800057aa	00c9a223	sw	x12,4(x19)	 x19:0x80021e14 x12:0x8000588a PA:0x80021e18 store:0x8000588a load:0xffffffff
      344882000	     17142	800057ae	0222	c.slli	x4,0x8	  x4:0xfffffffe  x4=0xfffffe00
      344902000	     17143	800057b0	dacff893	andi	x17,x31,-596	 x31:0x0000000b x17=0x00000008
      344922000	     17144	800057b4	0000100f	fence.i	
      345622000	     17179	800057b8	0001	c.addi	x0,0	  x0:0x00000000  x0=0x00000000
      345642000	     17180	800057ba	8c39	c.xor	x8,x14	  x8:0x000006c3 x14:0x00000042  x8=0x00000681
      345682000	     17182	800057bc	032037b3	mulhu	x15,x0,x18	  x0:0x00000000 x18:0xfffffa58 x15=0x00000000
      346422000	     17219	800057c0	0313e3b3	rem	x7,x7,x17	  x7:0x00000004 x17:0x00000008  x7=0x00000004
      346442000	     17220	800057c4	40a45013	srai	x0,x8,0xa	  x8:0x00000681  x0=0x00000000
      347182000	     17257	800057c8	021167b3	rem	x15,x2,x1	  x2:0x00000000  x1:0x51ffb000 x15=0x00000000
      347202000	     17258	800057cc	ef7fd66f	jal	x12,800036c2	 x12=0x800057d0
      347282000	     17262	800036c2	8c61	c.and	x8,x8	  x8:0x00000681  x8:0x00000681  x8=0x00000681
      347302000	     17263	800036c4	9ade6513	ori	x10,x28,-1619	 x28:0x00000000 x10=0xfffff9ad
      347362000	     17266	800036c8	0301b133	mulhu	x2,x3,x16	  x3:0x00000800 x16:0xffff4b00  x2=0x000007ff
      347462000	     17271	800036cc	1991	c.addi	x19,-28	 x19:0x80021e14 x19=0x80021df8
      347482000	     17272	800036ce	21ec2b13	slti	x22,x24,542	 x24:0x00000001 x22=0x00000001
      347502000	     17273	800036d2	00e81d33	sll	x26,x16,x14	 x16:0xffff4b00 x14:0x00000042 x26=0xfffd2c00
      347962000	     17296	800036d6	00c9a223	sw	x12,4(x19)	 x19:0x80021df8 x12:0x800057d0 PA:0x80021dfc store:0x800057d0 load:0xffffffff
      347982000	     17297	800036da	0da6	c.slli	x27,0x9	 x27:0x00000000 x27=0x00000000
      348002000	     17298	800036dc	9f66b493	sltiu	x9,x13,-1546	 x13:0x00000000  x9=0x00000001
      348042000	     17300	800036e0	020ed033	divu	x0,x29,x0	 x29:0x00000000  x0:0x00000000  x0=0x00000000
      348062000	     17301	800036e4	00a4b733	sltu	x14,x9,x10	  x9:0x00000001 x10:0xfffff9ad x14=0x00000001
      348082000	     17302	800036e8	82e2	c.mv	x5,x24	  x0:0x00000000 x24:0x00000001  x5=0x00000001
      348102000	     17303	800036ea	8fdd	c.or	x15,x15	 x15:0x00000000 x15:0x00000000 x15=0x00000000
      348262000	     17311	800036ec	0007f963	bgeu	x15,x0,800036fe	 x15:0x00000000  x0:0x00000000
      348782000	     17337	800036fe	0ff0000f	fence	iorw,iorw	
      348862000	     17341	80003702	03101233	mulh	x4,x0,x17	  x0:0x00000000 x17:0x00000008  x4=0x00000000
      349602000	     17378	80003706	035af433	remu	x8,x21,x21	 x21:0x0001a000 x21:0x0001a000  x8=0x00000000
      349622000	     17379	8000370a	127d	c.addi	x4,-1	  x4:0x00000000  x4=0xffffffff
      349642000	     17380	8000370c	8c39	c.xor	x8,x14	  x8:0x00000000 x14:0x00000001  x8=0x00000001
      349662000	     17381	8000370e	e3cd0a13	addi	x20,x26,-452	 x26:0xfffd2c00 x20=0xfffd2a3c
      349702000	     17383	80003712	02f24d33	div	x26,x4,x15	  x4:0xffffffff x15:0x00000000 x26=0xffffffff
      349722000	     17384	80003716	0001	c.addi	x0,0	  x0:0x00000000  x0=0x00000000
      349742000	     17385	80003718	6f7b67b7	lui	x15,0x6f7b6	 x15=0x6f7b6000
      349882000	     17392	8000371c	9afd	c.andi	x13,-1	 x13:0x00000000 x13=0x00000000
      349902000	     17393	8000371e	88bd	c.andi	x9,15	  x9:0x00000001  x9=0x00000001
      350062000	     17401	80003720	40915133	sra	x2,x2,x9	  x2:0x000007ff  x9:0x00000001  x2=0x000003ff
      350082000	     17402	80003724	ea81	c.bnez	x13,80003734	 x13:0x00000000
      350102000	     17403	80003726	02c50333	mul	x6,x10,x12	 x10:0xfffff9ad x12:0x800057d0  x6=0x7dd4a790
      350122000	     17404	8000372a	8c79	c.and	x8,x14	  x8:0x00000001 x14:0x00000001  x8=0x00000001
      350222000	     17409	8000372c	028c0c63	beq	x24,x8,80003764	 x24:0x00000001  x8:0x00000001
      350842000	     17440	80003764	03cd4163	blt	x26,x28,80003786	 x26:0xffffffff x28:0x00000000
      351602000	     17478	80003786	03a3a933	mulhsu	x18,x7,x26	  x7:0x00000004 x26:0xffffffff x18=0x00000003
      351622000	     17479	8000378a	047ef463	bgeu	x29,x7,800037d2	 x29:0x00000000  x7:0x00000004
      351642000	     17480	8000378e	c699	c.beqz	x13,8000379c	 x13:0x00000000
      352342000	     17515	8000379c	8e21	c.xor	x12,x8	 x12:0x800057d0  x8:0x00000001 x12=0x800057d1
      352602000	     17528	8000379e	00c3d563	bge	x7,x12,800037a8	  x7:0x00000004 x12:0x800057d1
      353102000	     17553	800037a8	026eb833	mulhu	x16,x29,x6	 x29:0x00000000  x6:0x7dd4a790 x16=0x00000000
      353122000	     17554	800037ac	034a6763	bltu	x20,x20,800037da	 x20:0xfffd2a3c x20:0xfffd2a3c
      353922000	     17594	800037b0	02fec433	div	x8,x29,x15	 x29:0x00000000 x15:0x6f7b6000  x8=0x00000000
      353942000	     17595	800037b4	00b46bb3	or	x23,x8,x11	  x8:0x00000000 x11:0xffffffff x23=0xffffffff
      353962000	     17596	800037b8	8f49	c.or	x14,x10	 x14:0x00000001 x10:0xfffff9ad x14=0xfffff9ad
      353982000	     17597	800037ba	021df863	bgeu	x27,x1,800037ea	 x27:0x00000000  x1:0x51ffb000
      354002000	     17598	800037be	0ff0000f	fence	iorw,iorw	
      354022000	     17599	800037c2	006ade33	srl	x28,x21,x6	 x21:0x0001a000  x6:0x7dd4a790 x28=0x00000001
      354062000	     17601	800037c6	01b3c663	blt	x7,x27,800037d2	  x7:0x00000004 x27:0x00000000
      354082000	     17602	800037ca	039eec63	bltu	x29,x25,80003802	 x29:0x00000000 x25:0x80025ce4
      354942000	     17645	80003802	8d85	c.sub	x11,x9	 x11:0xffffffff  x9:0x00000001 x11=0xfffffffe
      355082000	     17652	80003804	b7314193	xori	x3,x2,-1165	  x2:0x000003ff  x3=0xfffff88c
      355102000	     17653	80003808	012148b3	xor	x17,x2,x18	  x2:0x000003ff x18:0x00000003 x17=0x000003fc
      355122000	     17654	8000380c	02b1f363	bgeu	x3,x11,80003832	  x3:0xfffff88c x11:0xfffffffe
      355142000	     17655	80003810	0196f1b3	and	x3,x13,x25	 x13:0x00000000 x25:0x80025ce4  x3=0x00000000
      355162000	     17656	80003814	04d4f063	bgeu	x9,x13,80003854	  x9:0x00000001 x13:0x00000000
      355422000	     17669	80003854	a66b7b13	andi	x22,x22,-1434	 x22:0x00000001 x22=0x00000000
      355602000	     17678	80003858	743a3413	sltiu	x8,x20,1859	 x20:0xfffd2a3c  x8=0x00000000
      355642000	     17680	8000385c	015931b3	sltu	x3,x18,x21	 x18:0x00000003 x21:0x0001a000  x3=0x00000001
      355662000	     17681	80003860	0000100f	fence.i	
      355802000	     17688	80003864	034e6c63	bltu	x28,x20,8000389c	 x28:0x00000001 x20:0xfffd2a3c
      355942000	     17695	8000389c	0422	c.slli	x8,0x8	  x8:0x00000000  x8=0x00000000
      355962000	     17696	8000389e	ea05	c.bnez	x12,800038ce	 x12:0x800057d1
      356582000	     17727	800038ce	2303b113	sltiu	x2,x7,560	  x7:0x00000004  x2=0x00000001
      356602000	     17728	800038d2	8139	c.srli	x10,0xe	 x10:0xfffff9ad x10=0x0003ffff
      356622000	     17729	800038d4	0001	c.addi	x0,0	  x0:0x00000000  x0=0x00000000
      356642000	     17730	800038d6	41595093	srai	x1,x18,0x15	 x18:0x00000003  x1=0x00000000
      356662000	     17731	800038da	4b41b017	auipc	x0,0x4b41b	  x0=0x00000000
      356682000	     17732	800038de	001fa0b3	slt	x1,x31,x1	 x31:0x0000000b  x1:0x00000000  x1=0x00000000
      356702000	     17733	800038e2	01b5aab3	slt	x21,x11,x27	 x11:0xfffffffe x27:0x00000000 x21=0x00000001
      356742000	     17735	800038e6	00624133	xor	x2,x4,x6	  x4:0xffffffff  x6:0x7dd4a790  x2=0x822b586f
      356762000	     17736	800038ea	02670533	mul	x10,x14,x6	 x14:0xfffff9ad  x6:0x7dd4a790 x10=0x38204c50
      356782000	     17737	800038ee	8ed1	c.or	x13,x12	 x13:0x00000000 x12:0x800057d1 x13=0x800057d1
      356962000	     17746	800038f0	73b7a393	slti	x7,x15,1851	 x15:0x6f7b6000  x7=0x00000000
      356982000	     17747	800038f4	0318ec63	bltu	x17,x17,8000392c	 x17:0x000003fc x17:0x000003fc
      357002000	     17748	800038f8	04bae163	bltu	x21,x11,8000393a	 x21:0x00000001 x11:0xfffffffe
      357282000	     17762	8000393a	03bf8d33	mul	x26,x31,x27	 x31:0x0000000b x27:0x00000000 x26=0x00000000
      357402000	     17768	8000393e	0065c033	xor	x0,x11,x6	 x11:0xfffffffe  x6:0x7dd4a790  x0=0x00000000
      357582000	     17777	80003942	418b5f33	sra	x30,x22,x24	 x22:0x00000000 x24:0x00000001 x30=0x00000000
      357702000	     17783	80003946	011f3733	sltu	x14,x30,x17	 x30:0x00000000 x17:0x000003fc x14=0x00000001
      358122000	     17804	8000394a	05df8063	beq	x31,x29,8000398a	 x31:0x0000000b x29:0x00000000
      358142000	     17805	8000394e	01265133	srl	x2,x12,x18	 x12:0x800057d1 x18:0x00000003  x2=0x10000afa
      358162000	     17806	80003952	ce05	c.beqz	x12,8000398a	 x12:0x800057d1
      358202000	     17808	80003954	02628263	beq	x5,x6,80003978	  x5:0x00000001  x6:0x7dd4a790
      358622000	     17829	80003958	66d1e797	auipc	x15,0x66d1e	 x15=0xe6d21958
      358642000	     17830	8000395c	6291	c.lui	x5,0x4	  x5=0x00004000
      358722000	     17834	8000395e	41cb07b3	sub	x15,x22,x28	 x22:0x00000000 x28:0x00000001 x15=0xffffffff
      358802000	     17838	80003962	035d4963	blt	x26,x21,80003994	 x26:0x00000000 x21:0x00000001
      359002000	     17848	80003994	01799513	slli	x10,x19,0x17	 x19:0x80021df8 x10=0xfc000000
      359062000	     17851	80003998	020fba33	mulhu	x20,x31,x0	 x31:0x0000000b  x0:0x00000000 x20=0x00000000
      359082000	     17852	8000399c	03188233	mul	x4,x17,x17	 x17:0x000003fc x17:0x000003fc  x4=0x000fe010
      359102000	     17853	800039a0	40c3dd93	srai	x27,x7,0xc	  x7:0x00000000 x27=0x00000000
      359122000	     17854	800039a4	24ef6b13	ori	x22,x30,590	 x30:0x00000000 x22=0x0000024e
      359202000	     17858	800039a8	03e7d6b3	divu	x13,x15,x30	 x15:0xffffffff x30:0x00000000 x13=0xffffffff
      359562000	     17876	800039ac	411cd393	srai	x7,x25,0x11	 x25:0x80025ce4  x7=0xffffc001
      359622000	     17879	800039b0	aa488193	addi	x3,x17,-1372	 x17:0x000003fc  x3=0xfffffea0
      359702000	     17883	800039b4	e585	c.bnez	x11,800039dc	 x11:0xfffffffe
      359902000	     17893	800039dc	01d2	c.slli	x3,0x14	  x3:0xfffffea0  x3=0xea000000
      359922000	     17894	800039de	d4d8f213	andi	x4,x17,-691	 x17:0x000003fc  x4=0x0000014c
      359982000	     17897	800039e2	0211ceb3	div	x29,x3,x1	  x3:0xea000000  x1:0x00000000 x29=0xffffffff
      360002000	     17898	800039e6	0001	c.addi	x0,0	  x0:0x00000000  x0=0x00000000
      360142000	     17905	800039e8	08ee	c.slli	x17,0x1b	 x17:0x000003fc x17=0xe0000000
      360202000	     17908	800039ea	04eef163	bgeu	x29,x14,80003a2c	 x29:0xffffffff x14:0x00000001
      360482000	     17922	80003a2c	ceb85c17	auipc	x24,0xceb85	 x24=0x4eb88a2c
      360802000	     17938	80003a30	0ff0000f	fence	iorw,iorw	
      360822000	     17939	80003a34	05dbc363	blt	x23,x29,80003a7a	 x23:0xffffffff x29:0xffffffff
      360842000	     17940	80003a38	0008a133	slt	x2,x17,x0	 x17:0xe0000000  x0:0x00000000  x2=0x00000001
      360862000	     17941	80003a3c	0000100f	fence.i	
      361082000	     17952	80003a40	9bfd	c.andi	x15,-1	 x15:0xffffffff x15=0xffffffff
      361102000	     17953	80003a42	3bc051b7	lui	x3,0x3bc05	  x3=0x3bc05000
      361302000	     17963	80003a46	028e93b3	mulh	x7,x29,x8	 x29:0xffffffff  x8:0x00000000  x7=0x00000000
      361322000	     17964	80003a4a	7ef423b7	lui	x7,0x7ef42	  x7=0x7ef42000
      361342000	     17965	80003a4e	8cd9	c.or	x9,x14	  x9:0x00000001 x14:0x00000001  x9=0x00000001
      361362000	     17966	80003a50	00085833	srl	x16,x16,x0	 x16:0x00000000  x0:0x00000000 x16=0x00000000
      361382000	     17967	80003a54	12fd	c.addi	x5,-1	  x5:0x00004000  x5=0x00003fff
      361542000	     17975	80003a56	0110fd33	and	x26,x1,x17	  x1:0x00000000 x17:0xe0000000 x26=0x00000000
      375922000	     18694	80003a5a	037b8433	mul	x8,x23,x23	 x23:0xffffffff x23:0xffffffff  x8=0x00000001
      376662000	     18731	80003a5e	03cdcdb3	div	x27,x27,x28	 x27:0x00000000 x28:0x00000001 x27=0x00000000
      376682000	     18732	80003a62	0186c763	blt	x13,x24,80003a70	 x13:0xffffffff x24:0x4eb88a2c
      377442000	     18770	80003a70	02bd7333	remu	x6,x26,x11	 x26:0x00000000 x11:0xfffffffe  x6=0x00000000
      377462000	     18771	80003a74	adef7b13	andi	x22,x30,-1314	 x30:0x00000000 x22=0x00000000
      377482000	     18772	80003a78	0731	c.addi	x14,12	 x14:0x00000001 x14=0x0000000d
      377502000	     18773	80003a7a	8ead	c.xor	x13,x11	 x13:0xffffffff x11:0xfffffffe x13=0x00000001
      377522000	     18774	80003a7c	8fdd	c.or	x15,x15	 x15:0xffffffff x15:0xffffffff x15=0xffffffff
      377542000	     18775	80003a7e	015e8663	beq	x29,x21,80003a8a	 x29:0xffffffff x21:0x00000001
      377562000	     18776	80003a82	02547663	bgeu	x8,x5,80003aae	  x8:0x00000001  x5:0x00003fff
      378522000	     18824	80003a86	03ce62b3	rem	x5,x28,x28	 x28:0x00000001 x28:0x00000001  x5=0x00000000
      378562000	     18826	80003a8a	03a8ca33	div	x20,x17,x26	 x17:0xe0000000 x26:0x00000000 x20=0xffffffff
      378582000	     18827	80003a8e	021d8063	beq	x27,x1,80003aae	 x27:0x00000000  x1:0x00000000
      380162000	     18906	80003aae	02ae6b33	rem	x22,x28,x10	 x28:0x00000001 x10:0xfc000000 x22=0x00000001
      380182000	     18907	80003ab2	8f35	c.xor	x14,x13	 x14:0x0000000d x13:0x00000001 x14=0x0000000c
      380202000	     18908	80003ab4	0155f663	bgeu	x11,x21,80003ac0	 x11:0xfffffffe x21:0x00000001
      380242000	     18910	80003ac0	8271	c.srli	x12,0x1c	 x12:0x800057d1 x12=0x00000008
      380262000	     18911	80003ac2	865e	c.mv	x12,x23	  x0:0x00000000 x23:0xffffffff x12=0xffffffff
      380282000	     18912	80003ac4	6161	c.addi16sp	x2,80	  x2:0x00000001  x2=0x00000051
      381022000	     18949	80003ac6	038cc933	div	x18,x25,x24	 x25:0x80025ce4 x24:0x4eb88a2c x18=0xffffffff
      381042000	     18950	80003aca	04a26063	bltu	x4,x10,80003b0a	  x4:0x0000014c x10:0xfc000000
      381522000	     18974	80003b0a	51fd	c.li	x3,-1	  x3=0xffffffff
      381542000	     18975	80003b0c	010e9d63	bne	x29,x16,80003b26	 x29:0xffffffff x16:0x00000000
      382022000	     18999	80003b26	b05fd037	lui	x0,0xb05fd	  x0=0x00000000
      382042000	     19000	80003b2a	e99b6793	ori	x15,x22,-359	 x22:0x00000001 x15=0xfffffe99
      382062000	     19001	80003b2e	833a	c.mv	x6,x14	  x0:0x00000000 x14:0x0000000c  x6=0x0000000c
      382962000	     19046	80003b30	02d66633	rem	x12,x12,x13	 x12:0xffffffff x13:0x00000001 x12=0x00000000
      382982000	     19047	80003b34	0001	c.addi	x0,0	  x0:0x00000000  x0=0x00000000
      383002000	     19048	80003b36	6ab5	c.lui	x21,0xd	 x21=0x0000d000
      383022000	     19049	80003b38	92c6	c.add	x5,x17	  x5:0x00000000 x17:0xe0000000  x5=0xe0000000
      383042000	     19050	80003b3a	17147793	andi	x15,x8,369	  x8:0x00000001 x15=0x00000001
      383062000	     19051	80003b3e	0ff0000f	fence	iorw,iorw	
      383082000	     19052	80003b42	013b2133	slt	x2,x22,x19	 x22:0x00000001 x19:0x80021df8  x2=0x00000000
      383102000	     19053	80003b46	8f99	c.sub	x15,x14	 x15:0x00000001 x14:0x0000000c x15=0xfffffff5
      383122000	     19054	80003b48	0001	c.addi	x0,0	  x0:0x00000000  x0=0x00000000
      383162000	     19056	80003b4a	401752b3	sra	x5,x14,x1	 x14:0x0000000c  x1:0x00000000  x5=0x0000000c
      383182000	     19057	80003b4e	e985	c.bnez	x11,80003b7e	 x11:0xfffffffe
      384002000	     19098	80003b7e	8fc1	c.or	x15,x8	 x15:0xfffffff5  x8:0x00000001 x15=0xfffffff5
      384042000	     19100	80003b80	0001	c.addi	x0,0	  x0:0x00000000  x0=0x00000000
      384062000	     19101	80003b82	1214	c.addi4spn	x13,x2,288	 x13=0x00000120
      384082000	     19102	80003b84	6541c813	xori	x16,x3,1620	  x3:0xffffffff x16=0xfffff9ab
      384562000	     19126	80003b88	614d	c.addi16sp	x2,176	  x2:0x00000000  x2=0x000000b0
      384582000	     19127	80003b8a	0001	c.addi	x0,0	  x0:0x00000000  x0=0x00000000
      384802000	     19138	80003b8c	080e	c.slli	x16,0x3	 x16:0xfffff9ab x16=0xffffcd58
      384822000	     19139	80003b8e	0000100f	fence.i	
      385522000	     19174	80003b92	6129	c.addi16sp	x2,192	  x2:0x000000b0  x2=0x00000170
      385762000	     19186	80003b94	01efd463	bge	x31,x30,80003b9c	 x31:0x0000000b x30:0x00000000
      386342000	     19215	80003b9c	030202b3	mul	x5,x4,x16	  x4:0x0000014c x16:0xffffcd58  x5=0xffbe4e20
      386442000	     19220	80003ba0	05910013	addi	x0,x2,89	  x2:0x00000170  x0=0x00000000
      387382000	     19267	80003ba4	0236dab3	divu	x21,x13,x3	 x13:0x00000120  x3:0xffffffff x21=0x00000000
      387402000	     19268	80003ba8	00c10263	beq	x2,x12,80003bac	  x2:0x00000170 x12:0x00000000
      387422000	     19269	80003bac	03449a63	bne	x9,x20,80003be0	  x9:0x00000001 x20:0xffffffff
      387862000	     19291	80003be0	9bfd	c.andi	x15,-1	 x15:0xfffffff5 x15=0xfffffff5
      387882000	     19292	80003be2	c509	c.beqz	x10,80003bec	 x10:0xfc000000
      387902000	     19293	80003be4	8f61	c.and	x14,x8	 x14:0x0000000c  x8:0x00000001 x14=0x00000000
      387922000	     19294	80003be6	83a1	c.srli	x15,0x8	 x15:0xfffffff5 x15=0x00ffffff
      388322000	     19314	80003be8	03039333	mulh	x6,x7,x16	  x7:0x7ef42000 x16:0xffffcd58  x6=0xffffe6e1
      388342000	     19315	80003bec	01fbe863	bltu	x23,x31,80003bfc	 x23:0xffffffff x31:0x0000000b
      388462000	     19321	80003bf0	64634393	xori	x7,x6,1606	  x6:0xffffe6e1  x7=0xffffe0a7
      388682000	     19332	80003bf4	00ce3133	sltu	x2,x28,x12	 x28:0x00000001 x12:0x00000000  x2=0x00000000
      388742000	     19335	80003bf8	006a5613	srli	x12,x20,0x6	 x20:0xffffffff x12=0x03ffffff
      388882000	     19342	80003bfc	00b87d63	bgeu	x16,x11,80003c16	 x16:0xffffcd58 x11:0xfffffffe
      388902000	     19343	80003c00	8bd5	c.andi	x15,21	 x15:0x00ffffff x15=0x00000015
      389042000	     19350	80003c02	00b11313	slli	x6,x2,0xb	  x2:0x00000000  x6=0x00000000
      389402000	     19368	80003c06	05278263	beq	x15,x18,80003c4a	 x15:0x00000015 x18:0xffffffff
      389742000	     19385	80003c0a	0179f763	bgeu	x19,x23,80003c18	 x19:0x80021df8 x23:0xffffffff
      390162000	     19406	80003c0e	008d6233	or	x4,x26,x8	 x26:0x00000000  x8:0x00000001  x4=0x00000001
      390502000	     19423	80003c12	c69a8313	addi	x6,x21,-919	 x21:0x00000000  x6=0xfffffc69
      390522000	     19424	80003c16	8d71	c.and	x10,x12	 x10:0xfc000000 x12:0x03ffffff x10=0x00000000
      390542000	     19425	80003c18	0c41	c.addi	x24,16	 x24:0x4eb88a2c x24=0x4eb88a3c
      390742000	     19435	80003c1a	03b68533	mul	x10,x13,x27	 x13:0x00000120 x27:0x00000000 x10=0x00000000
      391162000	     19456	80003c1e	6a770e93	addi	x29,x14,1703	 x14:0x00000000 x29=0x000006a7
      391242000	     19460	80003c22	0000100f	fence.i	
      392282000	     19512	80003c26	03c80c33	mul	x24,x16,x28	 x16:0xffffcd58 x28:0x00000001 x24=0xffffcd58
      392302000	     19513	80003c2a	021e86b3	mul	x13,x29,x1	 x29:0x000006a7  x1:0x00000000 x13=0x00000000
      392322000	     19514	80003c2e	0001	c.addi	x0,0	  x0:0x00000000  x0=0x00000000
      392542000	     19525	80003c30	9a7d	c.andi	x12,-1	 x12:0x03ffffff x12=0x03ffffff
      392562000	     19526	80003c32	87ea	c.mv	x15,x26	  x0:0x00000000 x26:0x00000000 x15=0x00000000
      392682000	     19532	80003c34	c1e06d13	ori	x26,x0,-994	  x0:0x00000000 x26=0xfffffc1e
      392702000	     19533	80003c38	00449533	sll	x10,x9,x4	  x9:0x00000001  x4:0x00000001 x10=0x00000002
      392722000	     19534	80003c3c	37093813	sltiu	x16,x18,880	 x18:0xffffffff x16=0x00000000
      393142000	     19555	80003c40	4de1	c.li	x27,24	 x27=0x00000018
      393162000	     19556	80003c42	40a05733	sra	x14,x0,x10	  x0:0x00000000 x10:0x00000002 x14=0x00000000
      393302000	     19563	80003c46	02a61b63	bne	x12,x10,80003c7c	 x12:0x03ffffff x10:0x00000002
      393922000	     19594	80003c7c	00922db3	slt	x27,x4,x9	  x4:0x00000001  x9:0x00000001 x27=0x00000000
      394662000	     19631	80003c80	02cac6b3	div	x13,x21,x12	 x21:0x00000000 x12:0x03ffffff x13=0x00000000
      394682000	     19632	80003c84	5e75fa13	andi	x20,x11,1511	 x11:0xfffffffe x20=0x000005e6
      394702000	     19633	80003c88	809d	c.srli	x9,0x7	  x9:0x00000001  x9=0x00000000
      394802000	     19638	80003c8a	00441513	slli	x10,x8,0x4	  x8:0x00000001 x10=0x00000010
      394822000	     19639	80003c8e	00449893	slli	x17,x9,0x4	  x9:0x00000000 x17=0x00000000
      394842000	     19640	80003c92	055dc463	blt	x27,x21,80003cda	 x27:0x00000000 x21:0x00000000
      394922000	     19644	80003c96	024e1bb3	mulh	x23,x28,x4	 x28:0x00000001  x4:0x00000001 x23=0x00000000
      394942000	     19645	80003c9a	013d3033	sltu	x0,x26,x19	 x26:0xfffffc1e x19:0x80021df8  x0=0x00000000
      394962000	     19646	80003c9e	89dd	c.andi	x11,23	 x11:0xfffffffe x11=0x00000016
      394982000	     19647	80003ca0	1d9f2293	slti	x5,x30,473	 x30:0x00000000  x5=0x00000001
      395002000	     19648	80003ca4	40240eb3	sub	x29,x8,x2	  x8:0x00000001  x2:0x00000000 x29=0x00000001
      395022000	     19649	80003ca8	03f48233	mul	x4,x9,x31	  x9:0x00000000 x31:0x0000000b  x4=0x00000000
      395362000	     19666	80003cac	002edb93	srli	x23,x29,0x2	 x29:0x00000001 x23=0x00000000
      395382000	     19667	80003cb0	009df8b3	and	x17,x27,x9	 x27:0x00000000  x9:0x00000000 x17=0x00000000
      395402000	     19668	80003cb4	ea433637	lui	x12,0xea433	 x12=0xea433000
      395762000	     19686	80003cb8	00240a33	add	x20,x8,x2	  x8:0x00000001  x2:0x00000000 x20=0x00000001
      395922000	     19694	80003cbc	c609	c.beqz	x12,80003cc6	 x12:0xea433000
      396262000	     19711	80003cbe	030c8017	auipc	x0,0x30c8	  x0=0x00000000
      396302000	     19713	80003cc2	031011b3	mulh	x3,x0,x17	  x0:0x00000000 x17:0x00000000  x3=0x00000000
      396682000	     19732	80003cc6	0135f363	bgeu	x11,x19,80003ccc	 x11:0x00000016 x19:0x80021df8
      396702000	     19733	80003cca	517d	c.li	x2,-1	  x2=0xffffffff
      396722000	     19734	80003ccc	011f01b3	add	x3,x30,x17	 x30:0x00000000 x17:0x00000000  x3=0x00000000
      397142000	     19755	80003cd0	0290a5b3	mulhsu	x11,x1,x9	  x1:0x00000000  x9:0x00000000 x11=0x00000000
      397162000	     19756	80003cd4	1398	c.addi4spn	x14,x2,480	 x14=0x000001df
      397562000	     19776	80003cd6	030b1263	bne	x22,x16,80003cfa	 x22:0x00000001 x16:0x00000000
      398262000	     19811	80003cfa	0246d1b3	divu	x3,x13,x4	 x13:0x00000000  x4:0x00000000  x3=0xffffffff
      398282000	     19812	80003cfe	00ab12b3	sll	x5,x22,x10	 x22:0x00000001 x10:0x00000010  x5=0x00010000
      398322000	     19814	80003d02	035d2433	mulhsu	x8,x26,x21	 x26:0xfffffc1e x21:0x00000000  x8=0x00000000
      398702000	     19833	80003d06	014a9893	slli	x17,x21,0x14	 x21:0x00000000 x17=0x00000000
      398722000	     19834	80003d0a	8f81	c.sub	x15,x8	 x15:0x00000000  x8:0x00000000 x15=0x00000000
      398742000	     19835	80003d0c	0636	c.slli	x12,0xd	 x12:0xea433000 x12=0x66000000
      398762000	     19836	80003d0e	8dad	c.xor	x11,x11	 x11:0x00000000 x11:0x00000000 x11=0x00000000
      399042000	     19850	80003d10	0001	c.addi	x0,0	  x0:0x00000000  x0=0x00000000
      399062000	     19851	80003d12	cf9d	c.beqz	x15,80003d50	 x15:0x00000000
      399922000	     19894	80003d50	024e2d33	mulhsu	x26,x28,x4	 x28:0x00000001  x4:0x00000000 x26=0x00000000
      399942000	     19895	80003d54	95c74313	xori	x6,x14,-1700	 x14:0x000001df  x6=0xfffff883
      400342000	     19915	80003d58	9492	c.add	x9,x4	  x9:0x00000000  x4:0x00000000  x9=0x00000000
      400362000	     19916	80003d5a	6769	c.lui	x14,0x1a	 x14=0x0001a000
      400382000	     19917	80003d5c	0566	c.slli	x10,0x19	 x10:0x00000010 x10=0x20000000
      400402000	     19918	80003d5e	8ecd	c.or	x13,x11	 x13:0x00000000 x11:0x00000000 x13=0x00000000
      400482000	     19922	80003d60	6135	c.addi16sp	x2,352	  x2:0xffffffff  x2=0x0000015f
      400502000	     19923	80003d62	0636	c.slli	x12,0xd	 x12:0x66000000 x12=0x00000000
      400902000	     19943	80003d64	0ff0000f	fence	iorw,iorw	
      410582000	     20427	80003d68	0152e433	or	x8,x5,x21	  x5:0x00010000 x21:0x00000000  x8=0x00010000
      410602000	     20428	80003d6c	ee91	c.bnez	x13,80003d88	 x13:0x00000000
      410622000	     20429	80003d6e	0818	c.addi4spn	x14,x2,16	 x14=0x0000016f
      410642000	     20430	80003d70	c121	c.beqz	x10,80003db0	 x10:0x20000000
      410662000	     20431	80003d72	0f16	c.slli	x30,0x5	 x30:0x00000000 x30=0x00000000
      410682000	     20432	80003d74	0000100f	fence.i	
      410962000	     20446	80003d78	0245dbb3	divu	x23,x11,x4	 x11:0x00000000  x4:0x00000000 x23=0xffffffff
      410982000	     20447	80003d7c	012d5a63	bge	x26,x18,80003d90	 x26:0x00000000 x18:0xffffffff
      411222000	     20459	80003d90	96d6	c.add	x13,x21	 x13:0x00000000 x21:0x00000000 x13=0x00000000
      411642000	     20480	80003d92	05a91463	bne	x18,x26,80003dda	 x18:0xffffffff x26:0x00000000
      412382000	     20517	80003dda	01cad4b3	srl	x9,x21,x28	 x21:0x00000000 x28:0x00000001  x9=0x00000000
      412402000	     20518	80003dde	055a	c.slli	x10,0x16	 x10:0x20000000 x10=0x00000000
      412642000	     20530	80003de0	6c8eef13	ori	x30,x29,1736	 x29:0x00000001 x30=0x000006c9
      412662000	     20531	80003de4	52e5be13	sltiu	x28,x11,1326	 x11:0x00000000 x28=0x00000001
      412702000	     20533	80003de8	6115	c.addi16sp	x2,288	  x2:0x0000015f  x2=0x0000027f
      412722000	     20534	80003dea	de418d13	addi	x26,x3,-540	  x3:0xffffffff x26=0xfffffde3
      412762000	     20536	80003dee	0067b7b3	sltu	x15,x15,x6	 x15:0x00000000  x6:0xfffff883 x15=0x00000001
      413202000	     20558	80003df2	02d26f33	rem	x30,x4,x13	  x4:0x00000000 x13:0x00000000 x30=0x00000000
      413242000	     20560	80003df6	02209bb3	mulh	x23,x1,x2	  x1:0x00000000  x2:0x0000027f x23=0x00000000
      413642000	     20580	80003dfa	02b06a33	rem	x20,x0,x11	  x0:0x00000000 x11:0x00000000 x20=0x00000000
      413662000	     20581	80003dfe	893a	c.mv	x18,x14	  x0:0x00000000 x14:0x0000016f x18=0x0000016f
      413682000	     20582	80003e00	00a4d133	srl	x2,x9,x10	  x9:0x00000000 x10:0x00000000  x2=0x00000000
      413862000	     20591	80003e04	c719	c.beqz	x14,80003e12	 x14:0x0000016f
      414282000	     20612	80003e06	00d855b3	srl	x11,x16,x13	 x16:0x00000000 x13:0x00000000 x11=0x00000000
      414322000	     20614	80003e0a	02003a33	mulhu	x20,x0,x0	  x0:0x00000000  x0:0x00000000 x20=0x00000000
      414522000	     20624	80003e0e	01090563	beq	x18,x16,80003e18	 x18:0x0000016f x16:0x00000000
      414542000	     20625	80003e12	8595	c.srai	x11,0x5	 x11:0x00000000 x11=0x00000000
      414562000	     20626	80003e14	25223a13	sltiu	x20,x4,594	  x4:0x00000000 x20=0x00000001
      414662000	     20631	80003e18	00334963	blt	x6,x3,80003e2a	  x6:0xfffff883  x3:0xffffffff
      415982000	     20697	80003e2a	01d4aab3	slt	x21,x9,x29	  x9:0x00000000 x29:0x00000001 x21=0x00000001
      416002000	     20698	80003e2e	0d9c	c.addi4spn	x15,x2,720	 x15=0x000002d0
      416402000	     20718	80003e30	03484f63	blt	x16,x20,80003e6e	 x16:0x00000000 x20:0x00000001
      416982000	     20747	80003e6e	6385	c.lui	x7,0x1	  x7=0x00001000
      417482000	     20772	80003e70	01a863b3	or	x7,x16,x26	 x16:0x00000000 x26:0xfffffde3  x7=0xfffffde3
      417502000	     20773	80003e74	8fed	c.and	x15,x11	 x15:0x000002d0 x11:0x00000000 x15=0x00000000
      417522000	     20774	80003e76	0000100f	fence.i	
      418402000	     20818	80003e7a	8cdd	c.or	x9,x15	  x9:0x00000000 x15:0x00000000  x9=0x00000000
      418422000	     20819	80003e7c	717d	c.addi16sp	x2,-16	  x2:0x00000000  x2=0xfffffff0
      418442000	     20820	80003e7e	0031da63	bge	x3,x3,80003e92	  x3:0xffffffff  x3:0xffffffff
      418822000	     20839	80003e92	03efceb3	div	x29,x31,x30	 x31:0x0000000b x30:0x00000000 x29=0xffffffff
      418842000	     20840	80003e96	0998	c.addi4spn	x14,x2,208	 x14=0x000000c0
      418862000	     20841	80003e98	17fd	c.addi	x15,-1	 x15:0x00000000 x15=0xffffffff
      418882000	     20842	80003e9a	8cc9	c.or	x9,x10	  x9:0x00000000 x10:0x00000000  x9=0x00000000
      418922000	     20844	80003e9c	02d84e33	div	x28,x16,x13	 x16:0x00000000 x13:0x00000000 x28=0xffffffff
      419002000	     20848	80003ea0	0001	c.addi	x0,0	  x0:0x00000000  x0=0x00000000
      419062000	     20851	80003ea2	0f21fe93	andi	x29,x3,242	  x3:0xffffffff x29=0x000000f2
      419082000	     20852	80003ea6	0ff0000f	fence	iorw,iorw	
      419102000	     20853	80003eaa	03031563	bne	x6,x16,80003ed4	  x6:0xfffff883 x16:0x00000000
      419802000	     20888	80003ed4	02b02d33	mulhsu	x26,x0,x11	  x0:0x00000000 x11:0x00000000 x26=0x00000000
      420202000	     20908	80003ed8	0001	c.addi	x0,0	  x0:0x00000000  x0=0x00000000
      420642000	     20930	80003eda	02d57eb3	remu	x29,x10,x13	 x10:0x00000000 x13:0x00000000 x29=0x00000000
      420662000	     20931	80003ede	018f3e33	sltu	x28,x30,x24	 x30:0x00000000 x24:0xffffcd58 x28=0x00000001
      420882000	     20942	80003ee2	02947733	remu	x14,x8,x9	  x8:0x00010000  x9:0x00000000 x14=0x00010000
      421302000	     20963	80003ee6	036424b3	mulhsu	x9,x8,x22	  x8:0x00010000 x22:0x00000001  x9=0x00000000
      421362000	     20966	80003eea	00efa933	slt	x18,x31,x14	 x31:0x0000000b x14:0x00010000 x18=0x00000001
      421502000	     20973	80003eee	41940933	sub	x18,x8,x25	  x8:0x00010000 x25:0x80025ce4 x18=0x7ffea31c
      421522000	     20974	80003ef2	7c2b8893	addi	x17,x23,1986	 x23:0x00000000 x17=0x000007c2
      421542000	     20975	80003ef6	413d0033	sub	x0,x26,x19	 x26:0x00000000 x19:0x80021df8  x0=0x00000000
      421562000	     20976	80003efa	ec15	c.bnez	x8,80003f36	  x8:0x00010000
      422602000	     21028	80003f36	58bdf013	andi	x0,x27,1419	 x27:0x00000000  x0=0x00000000
      422622000	     21029	80003f3a	e3b1	c.bnez	x15,80003f7e	 x15:0xffffffff
      423202000	     21058	80003f7e	03dd6363	bltu	x26,x29,80003fa4	 x26:0x00000000 x29:0x00000000
      423222000	     21059	80003f82	0000100f	fence.i	
      423922000	     21094	80003f86	00ea5f33	srl	x30,x20,x14	 x20:0x00000001 x14:0x00010000 x30=0x00000001
      423982000	     21097	80003f8a	04456563	bltu	x10,x4,80003fd4	 x10:0x00000000  x4:0x00000000
      424002000	     21098	80003f8e	ee15	c.bnez	x12,80003fca	 x12:0x00000000
      424142000	     21105	80003f90	0378a533	mulhsu	x10,x17,x23	 x17:0x000007c2 x23:0x00000000 x10=0x00000000
      424162000	     21106	80003f94	0000100f	fence.i	
      424642000	     21130	80003f98	4c212193	slti	x3,x2,1218	  x2:0xfffffff0  x3=0x00000001
      425502000	     21173	80003f9c	03ee6db3	rem	x27,x28,x30	 x28:0x00000001 x30:0x00000001 x27=0x00000000
      425522000	     21174	80003fa0	e0e63737	lui	x14,0xe0e63	 x14=0xe0e63000
      425542000	     21175	80003fa4	01da1863	bne	x20,x29,80003fb4	 x20:0x00000001 x29:0x00000000
      425622000	     21179	80003fb4	9a56	c.add	x20,x21	 x20:0x00000001 x21:0x00000001 x20=0x00000002
      425642000	     21180	80003fb6	012518b3	sll	x17,x10,x18	 x10:0x00000000 x18:0x7ffea31c x17=0x00000000
      426062000	     21201	80003fba	85cf1897	auipc	x17,0x85cf1	 x17=0x05cf4fba
      426342000	     21215	80003fbe	018a9813	slli	x16,x21,0x18	 x21:0x00000001 x16=0x01000000
      426762000	     21236	80003fc2	03f25f63	bge	x4,x31,80004000	  x4:0x00000000 x31:0x0000000b
      426802000	     21238	80003fc6	a6880193	addi	x3,x16,-1432	 x16:0x01000000  x3=0x00fffa68
      426862000	     21241	80003fca	0137f563	bgeu	x15,x19,80003fd4	 x15:0xffffffff x19:0x80021df8
      427142000	     21255	80003fd4	0ff0000f	fence	iorw,iorw	
      427162000	     21256	80003fd8	029fdf63	bge	x31,x9,80004016	 x31:0x0000000b  x9:0x00000000
      427322000	     21264	80004016	030fa6b3	mulhsu	x13,x31,x16	 x31:0x0000000b x16:0x01000000 x13=0x00000000
      427482000	     21272	8000401a	01a15633	srl	x12,x2,x26	  x2:0xfffffff0 x26:0x00000000 x12=0xfffffff0
      427502000	     21273	8000401e	e199	c.bnez	x11,80004024	 x11:0x00000000
      427602000	     21278	80004020	41b500b3	sub	x1,x10,x27	 x10:0x00000000 x27:0x00000000  x1=0x00000000
      427622000	     21279	80004024	01ba20b3	slt	x1,x20,x27	 x20:0x00000002 x27:0x00000000  x1=0x00000000
      427882000	     21292	80004028	0711	c.addi	x14,4	 x14:0xe0e63000 x14=0xe0e63004
      428322000	     21314	8000402a	0221b5b3	mulhu	x11,x3,x2	  x3:0x00fffa68  x2:0xfffffff0 x11=0x00fffa67
      428462000	     21321	8000402e	366a0293	addi	x5,x20,870	 x20:0x00000002  x5=0x00000368
      428502000	     21323	80004032	02ac9433	mulh	x8,x25,x10	 x25:0x80025ce4 x10:0x00000000  x8=0x00000000
      428642000	     21330	80004036	0000100f	fence.i	
      429422000	     21369	8000403a	ecb63137	lui	x2,0xecb63	  x2=0xecb63000
      429442000	     21370	8000403e	414f02b3	sub	x5,x30,x20	 x30:0x00000001 x20:0x00000002  x5=0xffffffff
      429642000	     21380	80004042	3c452a93	slti	x21,x10,964	 x10:0x00000000 x21=0x00000001
      429782000	     21387	80004046	d56bb013	sltiu	x0,x23,-682	 x23:0x00000000  x0=0x00000000
      430902000	     21443	8000404a	0357fe33	remu	x28,x15,x21	 x15:0xffffffff x21:0x00000001 x28=0x00000000
      430942000	     21445	8000404e	02d8f7b3	remu	x15,x17,x13	 x17:0x05cf4fba x13:0x00000000 x15=0x05cf4fba
      430962000	     21446	80004052	eb99	c.bnez	x15,80004068	 x15:0x05cf4fba
      431562000	     21476	80004068	0d8a	c.slli	x27,0x2	 x27:0x00000000 x27=0x00000000
      431582000	     21477	8000406a	1200	c.addi4spn	x8,x2,288	  x8=0xecb63120
      431722000	     21484	8000406c	03e51133	mulh	x2,x10,x30	 x10:0x00000000 x30:0x00000001  x2=0x00000000
      431902000	     21493	80004070	408ad193	srai	x3,x21,0x8	 x21:0x00000001  x3=0x00000000
      431922000	     21494	80004074	003b8d33	add	x26,x23,x3	 x23:0x00000000  x3:0x00000000 x26=0x00000000
      432342000	     21515	80004078	0030bdb3	sltu	x27,x1,x3	  x1:0x00000000  x3:0x00000000 x27=0x00000000
      432362000	     21516	8000407c	00fdda93	srli	x21,x27,0xf	 x27:0x00000000 x21=0x00000000
      432482000	     21522	80004080	00cb3733	sltu	x14,x22,x12	 x22:0x00000001 x12:0xfffffff0 x14=0x00000001
      432862000	     21541	80004084	1c00	c.addi4spn	x8,x2,560	  x8=0x00000230
      433082000	     21552	80004086	9480e113	ori	x2,x1,-1720	  x1:0x00000000  x2=0xfffff948
      433102000	     21553	8000408a	0001	c.addi	x0,0	  x0:0x00000000  x0=0x00000000
      433502000	     21573	8000408c	41fe07b3	sub	x15,x28,x31	 x28:0x00000000 x31:0x0000000b x15=0xfffffff5
      433522000	     21574	80004090	00fd9333	sll	x6,x27,x15	 x27:0x00000000 x15:0xfffffff5  x6=0x00000000
      433622000	     21579	80004094	e3bf3393	sltiu	x7,x30,-453	 x30:0x00000001  x7=0x00000001
      434482000	     21622	80004098	03f25633	divu	x12,x4,x31	  x4:0x00000000 x31:0x0000000b x12=0x00000000
      434502000	     21623	8000409c	92e6	c.add	x5,x25	  x5:0xffffffff x25:0x80025ce4  x5=0x80025ce3
      434522000	     21624	8000409e	0001	c.addi	x0,0	  x0:0x00000000  x0=0x00000000
      434542000	     21625	800040a0	1c08	c.addi4spn	x10,x2,560	 x10=0xfffffb78
      434582000	     21627	800040a2	03629eb3	mulh	x29,x5,x22	  x5:0x80025ce3 x22:0x00000001 x29=0xffffffff
      434622000	     21629	800040a6	03142eb3	mulhsu	x29,x8,x17	  x8:0x00000230 x17:0x05cf4fba x29=0x0000000c
      434642000	     21630	800040aa	8f99	c.sub	x15,x14	 x15:0xfffffff5 x14:0x00000001 x15=0xfffffff4
      434662000	     21631	800040ac	0277f963	bgeu	x15,x7,800040de	 x15:0xfffffff4  x7:0x00000001
      435202000	     21658	800040de	02c49933	mulh	x18,x9,x12	  x9:0x00000000 x12:0x00000000 x18=0x00000000
      435222000	     21659	800040e2	004c3c33	sltu	x24,x24,x4	 x24:0xffffcd58  x4:0x00000000 x24=0x00000000
      435242000	     21660	800040e6	8f25	c.xor	x14,x9	 x14:0x00000001  x9:0x00000000 x14=0x00000001
      435282000	     21662	800040e8	01181193	slli	x3,x16,0x11	 x16:0x01000000  x3=0x00000000
      435482000	     21672	800040ec	03016b63	bltu	x2,x16,80004122	  x2:0xfffff948 x16:0x01000000
      435502000	     21673	800040f0	e41d	c.bnez	x8,8000411e	  x8:0x00000230
      436662000	     21731	8000411e	017668b3	or	x17,x12,x23	 x12:0x00000000 x23:0x00000000 x17=0x00000000
      436722000	     21734	80004122	0266df33	divu	x30,x13,x6	 x13:0x00000000  x6:0x00000000 x30=0xffffffff
      436762000	     21736	80004126	7fb30893	addi	x17,x6,2043	  x6:0x00000000 x17=0x000007fb
      436782000	     21737	8000412a	8599	c.srai	x11,0x6	 x11:0x00fffa67 x11=0x0003ffe9
      436802000	     21738	8000412c	8ecd	c.or	x13,x11	 x13:0x00000000 x11:0x0003ffe9 x13=0x0003ffe9
      437542000	     21775	8000412e	033af2b3	remu	x5,x21,x19	 x21:0x00000000 x19:0x80021df8  x5=0x00000000
      437562000	     21776	80004132	171e2513	slti	x10,x28,369	 x28:0x00000000 x10=0x00000001
      437602000	     21778	80004136	026afdb3	remu	x27,x21,x6	 x21:0x00000000  x6:0x00000000 x27=0x00000000
      437762000	     21786	8000413a	01ec1263	bne	x24,x30,8000413e	 x24:0x00000000 x30:0xffffffff
      438202000	     21808	8000413e	f5767913	andi	x18,x12,-169	 x12:0x00000000 x18=0x00000000
      438222000	     21809	80004142	8c71	c.and	x8,x12	  x8:0x00000230 x12:0x00000000  x8=0x00000000
      438342000	     21815	80004144	0074e5b3	or	x11,x9,x7	  x9:0x00000000  x7:0x00000001 x11=0x00000001
      438362000	     21816	80004148	6b3d	c.lui	x22,0xf	 x22=0x0000f000
      438382000	     21817	8000414a	0169c563	blt	x19,x22,80004154	 x19:0x80021df8 x22:0x0000f000
      438542000	     21825	80004154	405e0033	sub	x0,x28,x5	 x28:0x00000000  x5:0x00000000  x0=0x00000000
      438582000	     21827	80004158	8e59	c.or	x12,x14	 x12:0x00000000 x14:0x00000001 x12=0x00000001
      438822000	     21839	8000415a	03a5d533	divu	x10,x11,x26	 x11:0x00000001 x26:0x00000000 x10=0xffffffff
      438842000	     21840	8000415e	01e8ebb3	or	x23,x17,x30	 x17:0x000007fb x30:0xffffffff x23=0xffffffff
      438862000	     21841	80004162	14fd	c.addi	x9,-1	  x9:0x00000000  x9=0xffffffff
      438982000	     21847	80004164	5a7d	c.li	x20,-1	 x20=0xffffffff
      439002000	     21848	80004166	0306dc63	bge	x13,x16,8000419e	 x13:0x0003ffe9 x16:0x01000000
      439082000	     21852	8000416a	01525733	srl	x14,x4,x21	  x4:0x00000000 x21:0x00000000 x14=0x00000000
      439102000	     21853	8000416e	070e	c.slli	x14,0x3	 x14:0x00000000 x14=0x00000000
      439502000	     21873	80004170	018bd0b3	srl	x1,x23,x24	 x23:0xffffffff x24:0x00000000  x1=0xffffffff
      439542000	     21875	80004174	028b3233	mulhu	x4,x22,x8	 x22:0x0000f000  x8:0x00000000  x4=0x00000000
      439562000	     21876	80004178	03ca0a33	mul	x20,x20,x28	 x20:0xffffffff x28:0x00000000 x20=0x00000000
      439582000	     21877	8000417c	8e3d	c.xor	x12,x15	 x12:0x00000001 x15:0xfffffff4 x12=0xfffffff5
      439602000	     21878	8000417e	86a9	c.srai	x13,0xa	 x13:0x0003ffe9 x13=0x000000ff
      439622000	     21879	80004180	0090d513	srli	x10,x1,0x9	  x1:0xffffffff x10=0x007fffff
      440002000	     21898	80004184	12fd	c.addi	x5,-1	  x5:0x00000000  x5=0xffffffff
      440022000	     21899	80004186	e7013193	sltiu	x3,x2,-400	  x2:0xfffff948  x3=0x00000001
      440042000	     21900	8000418a	65007d13	andi	x26,x0,1616	  x0:0x00000000 x26=0x00000000
      440062000	     21901	8000418e	40ce5613	srai	x12,x28,0xc	 x28:0x00000000 x12=0x00000000
      440162000	     21906	80004192	04551663	bne	x10,x5,800041de	 x10:0x007fffff  x5:0xffffffff
      441022000	     21949	800041de	0001	c.addi	x0,0	  x0:0x00000000  x0=0x00000000
      441102000	     21953	800041e0	0358adb3	mulhsu	x27,x17,x21	 x17:0x000007fb x21:0x00000000 x27=0x00000000
      441242000	     21960	800041e4	0244fbb3	remu	x23,x9,x4	  x9:0xffffffff  x4:0x00000000 x23=0xffffffff
      444882000	     22142	800041e8	ee30e493	ori	x9,x1,-285	  x1:0xffffffff  x9=0xffffffff
      444902000	     22143	800041ec	83ba	c.mv	x7,x14	  x0:0x00000000 x14:0x00000000  x7=0x00000000
      444922000	     22144	800041ee	8e89	c.sub	x13,x10	 x13:0x000000ff x10:0x007fffff x13=0xff800100
      444942000	     22145	800041f0	3ae44d13	xori	x26,x8,942	  x8:0x00000000 x26=0x000003ae
      444962000	     22146	800041f4	004491b3	sll	x3,x9,x4	  x9:0xffffffff  x4:0x00000000  x3=0xffffffff
      444982000	     22147	800041f8	0166a833	slt	x16,x13,x22	 x13:0xff800100 x22:0x0000f000 x16=0x00000001
      445002000	     22148	800041fc	8f49	c.or	x14,x10	 x14:0x00000000 x10:0x007fffff x14=0x007fffff
      445022000	     22149	800041fe	14fd	c.addi	x9,-1	  x9:0xffffffff  x9=0xfffffffe
      445042000	     22150	80004200	011e1563	bne	x28,x17,8000420a	 x28:0x00000000 x17:0x000007fb
      445942000	     22195	8000420a	030a8bb3	mul	x23,x21,x16	 x21:0x00000000 x16:0x00000001 x23=0x00000000
      446682000	     22232	8000420e	0211fab3	remu	x21,x3,x1	  x3:0xffffffff  x1:0xffffffff x21=0x00000000
      446702000	     22233	80004212	051e1263	bne	x28,x17,80004256	 x28:0x00000000 x17:0x000007fb
      446922000	     22244	80004256	01892633	slt	x12,x18,x24	 x18:0x00000000 x24:0x00000000 x12=0x00000000
      447102000	     22253	8000425a	00b6ae33	slt	x28,x13,x11	 x13:0xff800100 x11:0x00000001 x28=0x00000001
      447302000	     22263	8000425e	0230cf63	blt	x1,x3,8000429c	  x1:0xffffffff  x3:0xffffffff
      447322000	     22264	80004262	e582a397	auipc	x7,0xe582a	  x7=0x6582e262
      447342000	     22265	80004266	6825	c.lui	x16,0x9	 x16=0x00009000
      447422000	     22269	80004268	0000100f	fence.i	
      447542000	     22275	8000426c	dbca4237	lui	x4,0xdbca4	  x4=0xdbca4000
      447722000	     22284	80004270	0137a733	slt	x14,x15,x19	 x15:0xfffffff4 x19:0x80021df8 x14=0x00000000
      448022000	     22299	80004274	177d	c.addi	x14,-1	 x14:0x00000000 x14=0xffffffff
      448042000	     22300	80004276	c499	c.beqz	x9,80004284	  x9:0xfffffffe
      448362000	     22316	80004278	00dcf663	bgeu	x25,x13,80004284	 x25:0x80025ce4 x13:0xff800100
      448502000	     22323	8000427c	0f15	c.addi	x30,5	 x30:0xffffffff x30=0x00000004
      448522000	     22324	8000427e	1b7d	c.addi	x22,-1	 x22:0x0000f000 x22=0x0000efff
      448542000	     22325	80004280	856e7613	andi	x12,x28,-1962	 x28:0x00000001 x12=0x00000000
      448562000	     22326	80004284	019f30b3	sltu	x1,x30,x25	 x30:0x00000004 x25:0x80025ce4  x1=0x00000001
      448622000	     22329	80004288	0064c763	blt	x9,x6,80004296	  x9:0xfffffffe  x6:0x00000000
      449042000	     22350	80004296	0001	c.addi	x0,0	  x0:0x00000000  x0=0x00000000
      449462000	     22371	80004298	005de0b3	or	x1,x27,x5	 x27:0x00000000  x5:0xffffffff  x1=0xffffffff
      449802000	     22388	8000429c	0068a5b3	slt	x11,x17,x6	 x17:0x000007fb  x6:0x00000000 x11=0x00000000
      449822000	     22389	800042a0	012aa5b3	slt	x11,x21,x18	 x21:0x00000000 x18:0x00000000 x11=0x00000000
      450122000	     22404	800042a4	9bfd	c.andi	x15,-1	 x15:0xfffffff4 x15=0xfffffff4
      450142000	     22405	800042a6	0099db33	srl	x22,x19,x9	 x19:0x80021df8  x9:0xfffffffe x22=0x00000002
      450562000	     22426	800042aa	1b167513	andi	x10,x12,433	 x12:0x00000000 x10=0x00000000
      450582000	     22427	800042ae	8549	c.srai	x10,0x12	 x10:0x00000000 x10=0x00000000
      450602000	     22428	800042b0	3a3a4293	xori	x5,x20,931	 x20:0x00000000  x5=0x000003a3
      450662000	     22431	800042b4	41e20633	sub	x12,x4,x30	  x4:0xdbca4000 x30:0x00000004 x12=0xdbca3ffc
      450682000	     22432	800042b8	9efa	c.add	x29,x30	 x29:0x0000000c x30:0x00000004 x29=0x00000010
      450702000	     22433	800042ba	8fdd	c.or	x15,x15	 x15:0xfffffff4 x15:0xfffffff4 x15=0xfffffff4
      450782000	     22437	800042bc	003e1093	slli	x1,x28,0x3	 x28:0x00000001  x1=0x00000008
      451042000	     22450	800042c0	01ab7633	and	x12,x22,x26	 x22:0x00000002 x26:0x000003ae x12=0x00000002
      451062000	     22451	800042c4	8cb5	c.xor	x9,x13	  x9:0xfffffffe x13:0xff800100  x9=0x007ffefe
      451502000	     22473	800042c6	0352e533	rem	x10,x5,x21	  x5:0x000003a3 x21:0x00000000 x10=0x000003a3
      451902000	     22493	800042ca	01243433	sltu	x8,x8,x18	  x8:0x00000000 x18:0x00000000  x8=0x00000000
      451942000	     22495	800042ce	03491bb3	mulh	x23,x18,x20	 x18:0x00000000 x20:0x00000000 x23=0x00000000
      452902000	     22543	800042d2	02ea7833	remu	x16,x20,x14	 x20:0x00000000 x14:0xffffffff x16=0x00000000
      452922000	     22544	800042d6	6151	c.addi16sp	x2,272	  x2:0xfffff948  x2=0xfffffa58
      452942000	     22545	800042d8	41d853b3	sra	x7,x16,x29	 x16:0x00000000 x29:0x00000010  x7=0x00000000
      452962000	     22546	800042dc	0001	c.addi	x0,0	  x0:0x00000000  x0=0x00000000
      452982000	     22547	800042de	befa25b7	lui	x11,0xbefa2	 x11=0xbefa2000
      453002000	     22548	800042e2	0104ae33	slt	x28,x9,x16	  x9:0x007ffefe x16:0x00000000 x28=0x00000000
      453022000	     22549	800042e6	6d75	c.lui	x26,0x1d	 x26=0x0001d000
      453162000	     22556	800042e8	8e81	c.sub	x13,x8	 x13:0xff800100  x8:0x00000000 x13=0xff800100
      453182000	     22557	800042ea	0001	c.addi	x0,0	  x0:0x00000000  x0=0x00000000
      453342000	     22565	800042ec	411056b3	sra	x13,x0,x17	  x0:0x00000000 x17:0x000007fb x13=0x00000000
      453462000	     22571	800042f0	408a5513	srai	x10,x20,0x8	 x20:0x00000000 x10=0x00000000
      453482000	     22572	800042f4	036c8bb3	mul	x23,x25,x22	 x25:0x80025ce4 x22:0x00000002 x23=0x0004b9c8
      454242000	     22610	800042f8	02e944b3	div	x9,x18,x14	 x18:0x00000000 x14:0xffffffff  x9=0x00000000
      454262000	     22611	800042fc	0000100f	fence.i	
      454662000	     22631	80004300	0001	c.addi	x0,0	  x0:0x00000000  x0=0x00000000
      454682000	     22632	80004302	009cc633	xor	x12,x25,x9	 x25:0x80025ce4  x9:0x00000000 x12=0x80025ce4
      454702000	     22633	80004306	0001	c.addi	x0,0	  x0:0x00000000  x0=0x00000000
      454742000	     22635	80004308	032f5133	divu	x2,x30,x18	 x30:0x00000004 x18:0x00000000  x2=0xffffffff
      455122000	     22654	8000430c	8199	c.srli	x11,0x6	 x11:0xbefa2000 x11=0x02fbe880
      455322000	     22664	8000430e	0baccd93	xori	x27,x25,186	 x25:0x80025ce4 x27=0x80025c5e
      455342000	     22665	80004312	0001	c.addi	x0,0	  x0:0x00000000  x0=0x00000000
      455362000	     22666	80004314	0086f463	bgeu	x13,x8,8000431c	 x13:0x00000000  x8:0x00000000
      455442000	     22670	8000431c	a4c8ae93	slti	x29,x17,-1460	 x17:0x000007fb x29=0x00000000
      455862000	     22691	80004320	01b64563	blt	x12,x27,8000432a	 x12:0x80025ce4 x27:0x80025c5e
      456222000	     22709	80004324	8cd9	c.or	x9,x14	  x9:0x00000000 x14:0xffffffff  x9=0xffffffff
      456582000	     22727	80004326	001fc633	xor	x12,x31,x1	 x31:0x0000000b  x1:0x00000008 x12=0x00000003
      456602000	     22728	8000432a	436d	c.li	x6,27	  x6=0x0000001b
      456622000	     22729	8000432c	41635633	sra	x12,x6,x22	  x6:0x0000001b x22:0x00000002 x12=0x00000006
      456642000	     22730	80004330	0ab2	c.slli	x21,0xc	 x21:0x00000000 x21=0x00000000
      456662000	     22731	80004332	8969	c.andi	x10,26	 x10:0x00000000 x10=0x00000000
      456682000	     22732	80004334	e90d3a13	sltiu	x20,x26,-368	 x26:0x0001d000 x20=0x00000001
      456702000	     22733	80004338	6e21	c.lui	x28,0x8	 x28=0x00008000
      456722000	     22734	8000433a	02c79d63	bne	x15,x12,80004374	 x15:0xfffffff4 x12:0x00000006
      456822000	     22739	80004374	01233e33	sltu	x28,x6,x18	  x6:0x0000001b x18:0x00000000 x28=0x00000000
      457562000	     22776	80004378	02f8f633	remu	x12,x17,x15	 x17:0x000007fb x15:0xfffffff4 x12=0x000007fb
      457582000	     22777	8000437c	31e7f037	lui	x0,0x31e7f	  x0=0x00000000
      457602000	     22778	80004380	0669	c.addi	x12,26	 x12:0x000007fb x12=0x00000815
      457622000	     22779	80004382	0ff0000f	fence	iorw,iorw	
      457642000	     22780	80004386	1084	c.addi4spn	x9,x2,96	  x9=0x0000005f
      457662000	     22781	80004388	0050b033	sltu	x0,x1,x5	  x1:0x00000008  x5:0x000003a3  x0=0x00000000
      457682000	     22782	8000438c	2e296d13	ori	x26,x18,738	 x18:0x00000000 x26=0x000002e2
      457822000	     22789	80004390	05a19063	bne	x3,x26,800043d0	  x3:0xffffffff x26:0x000002e2
      458402000	     22818	800043d0	02783633	mulhu	x12,x16,x7	 x16:0x00000000  x7:0x00000000 x12=0x00000000
      458522000	     22824	800043d4	32dcc893	xori	x17,x25,813	 x25:0x80025ce4 x17=0x80025fc9
      458642000	     22830	800043d8	003d9293	slli	x5,x27,0x3	 x27:0x80025c5e  x5=0x0012e2f0
      458662000	     22831	800043dc	0001	c.addi	x0,0	  x0:0x00000000  x0=0x00000000
      458682000	     22832	800043de	401ad933	sra	x18,x21,x1	 x21:0x00000000  x1:0x00000008 x18=0x00000000
      458902000	     22843	800043e2	407484b3	sub	x9,x9,x7	  x9:0x0000005f  x7:0x00000000  x9=0x0000005f
      458922000	     22844	800043e6	0001	c.addi	x0,0	  x0:0x00000000  x0=0x00000000
      458942000	     22845	800043e8	d6d0f837	lui	x16,0xd6d0f	 x16=0xd6d0f000
      459122000	     22854	800043ec	009a0433	add	x8,x20,x9	 x20:0x00000001  x9:0x0000005f  x8=0x00000060
      459142000	     22855	800043f0	01acd133	srl	x2,x25,x26	 x25:0x80025ce4 x26:0x000002e2  x2=0x20009739
      459162000	     22856	800043f4	01c74663	blt	x14,x28,80004400	 x14:0xffffffff x28:0x00000000
      459862000	     22891	80004400	9c3a	c.add	x24,x14	 x24:0x00000000 x14:0xffffffff x24=0xffffffff
      459882000	     22892	80004402	651d	c.lui	x10,0x7	 x10=0x00007000
      459922000	     22894	80004404	9e72	c.add	x28,x28	 x28:0x00000000 x28:0x00000000 x28=0x00000000
      459962000	     22896	80004406	0000100f	fence.i	
      461902000	     22993	8000440a	033868b3	rem	x17,x16,x19	 x16:0xd6d0f000 x19:0x80021df8 x17=0xd6d0f000
      461922000	     22994	8000440e	047bf163	bgeu	x23,x7,80004450	 x23:0x0004b9c8  x7:0x00000000
      462002000	     22998	80004450	00b504b3	add	x9,x10,x11	 x10:0x00007000 x11:0x02fbe880  x9=0x02fc5880
      462402000	     23018	80004454	67747e93	andi	x29,x8,1655	  x8:0x00000060 x29=0x00000060
      462502000	     23023	80004458	8e9d	c.sub	x13,x15	 x13:0x00000000 x15:0xfffffff4 x13=0x0000000c
      463282000	     23062	8000445a	031aff33	remu	x30,x21,x17	 x21:0x00000000 x17:0xd6d0f000 x30=0x00000000
      463302000	     23063	8000445e	2bc76593	ori	x11,x14,700	 x14:0xffffffff x11=0xffffffff
      463322000	     23064	80004462	8c5d	c.or	x8,x15	  x8:0x00000060 x15:0xfffffff4  x8=0xfffffff4
      463342000	     23065	80004464	458d	c.li	x11,3	 x11=0x00000003
      463362000	     23066	80004466	016a9613	slli	x12,x21,0x16	 x21:0x00000000 x12=0x00000000
      464102000	     23103	8000446a	0372c533	div	x10,x5,x23	  x5:0x0012e2f0 x23:0x0004b9c8 x10=0x00000003
      464122000	     23104	8000446e	e73b2213	slti	x4,x22,-397	 x22:0x00000002  x4=0x00000000
      464142000	     23105	80004472	0000100f	fence.i	
      464782000	     23137	80004476	008adeb3	srl	x29,x21,x8	 x21:0x00000000  x8:0xfffffff4 x29=0x00000000
      464802000	     23138	8000447a	0184fbb3	and	x23,x9,x24	  x9:0x02fc5880 x24:0xffffffff x23=0x02fc5880
      464822000	     23139	8000447e	81fd	c.srli	x11,0x1f	 x11:0x00000003 x11=0x00000000
      465562000	     23176	80004480	02596db3	rem	x27,x18,x5	 x18:0x00000000  x5:0x0012e2f0 x27=0x00000000
      465582000	     23177	80004484	01606533	or	x10,x0,x22	  x0:0x00000000 x22:0x00000002 x10=0x00000002
      465602000	     23178	80004488	841e	c.mv	x8,x7	  x0:0x00000000  x7:0x00000000  x8=0x00000000
      465622000	     23179	8000448a	b4a82d13	slti	x26,x16,-1206	 x16:0xd6d0f000 x26=0x00000001
      465642000	     23180	8000448e	018f1593	slli	x11,x30,0x18	 x30:0x00000000 x11=0x00000000
      465662000	     23181	80004492	409bd693	srai	x13,x23,0x9	 x23:0x02fc5880 x13=0x00017e2c
      465682000	     23182	80004496	51fd	c.li	x3,-1	  x3=0xffffffff
      465702000	     23183	80004498	00411133	sll	x2,x2,x4	  x2:0x20009739  x4:0x00000000  x2=0x20009739
      465722000	     23184	8000449c	00ce1f63	bne	x28,x12,800044ba	 x28:0x00000000 x12:0x00000000
      465742000	     23185	800044a0	a771ef17	auipc	x30,0xa771e	 x30=0x277224a0
      466162000	     23206	800044a4	049f7063	bgeu	x30,x9,800044e4	 x30:0x277224a0  x9:0x02fc5880
      466462000	     23221	800044e4	e285	c.bnez	x13,80004504	 x13:0x00017e2c
      467362000	     23266	80004504	0313af33	mulhsu	x30,x7,x17	  x7:0x00000000 x17:0xd6d0f000 x30=0x00000000
      468162000	     23306	80004508	034de133	rem	x2,x27,x20	 x27:0x00000000 x20:0x00000001  x2=0x00000000
      468182000	     23307	8000450c	739de393	ori	x7,x27,1849	 x27:0x00000000  x7=0x00000739
      468202000	     23308	80004510	091a	c.slli	x18,0x6	 x18:0x00000000 x18=0x00000000
      468222000	     23309	80004512	0116b1b3	sltu	x3,x13,x17	 x13:0x00017e2c x17:0xd6d0f000  x3=0x00000001
      468242000	     23310	80004516	0001	c.addi	x0,0	  x0:0x00000000  x0=0x00000000
      468982000	     23347	80004518	0291c633	div	x12,x3,x9	  x3:0x00000001  x9:0x02fc5880 x12=0x00000000
      469002000	     23348	8000451c	0001	c.addi	x0,0	  x0:0x00000000  x0=0x00000000
      469022000	     23349	8000451e	4113db13	srai	x22,x7,0x11	  x7:0x00000739 x22=0x00000000
      469042000	     23350	80004522	8e1d	c.sub	x12,x15	 x12:0x00000000 x15:0xfffffff4 x12=0x0000000c
      469202000	     23358	80004524	07573193	sltiu	x3,x14,117	 x14:0xffffffff  x3=0x00000000
      469222000	     23359	80004528	84cd6093	ori	x1,x26,-1972	 x26:0x00000001  x1=0xfffff84d
      469242000	     23360	8000452c	0000100f	fence.i	
      469982000	     23397	80004530	8151	c.srli	x10,0x14	 x10:0x00000002 x10=0x00000000
      470002000	     23398	80004532	814e	c.mv	x2,x19	  x0:0x00000000 x19:0x80021df8  x2=0x80021df8
      470402000	     23418	80004534	00533333	sltu	x6,x6,x5	  x6:0x0000001b  x5:0x0012e2f0  x6=0x00000001
      470802000	     23438	80004538	01f9a933	slt	x18,x19,x31	 x19:0x80021df8 x31:0x0000000b x18=0x00000001
      470822000	     23439	8000453c	0b84	c.addi4spn	x9,x2,464	  x9=0x80021fc8
      471022000	     23449	8000453e	0143d493	srli	x9,x7,0x14	  x7:0x00000739  x9=0x00000000
      471982000	     23497	80004542	03706a33	rem	x20,x0,x23	  x0:0x00000000 x23:0x02fc5880 x20=0x00000000
      472002000	     23498	80004546	1e7d	c.addi	x28,-1	 x28:0x00000000 x28=0xffffffff
      472742000	     23535	80004548	02647033	remu	x0,x8,x6	  x8:0x00000000  x6:0x00000001  x0=0x00000000
      472762000	     23536	8000454c	8846	c.mv	x16,x17	  x0:0x00000000 x17:0xd6d0f000 x16=0xd6d0f000
      472782000	     23537	8000454e	0001	c.addi	x0,0	  x0:0x00000000  x0=0x00000000
      472802000	     23538	80004550	00f96a33	or	x20,x18,x15	 x18:0x00000001 x15:0xfffffff4 x20=0xfffffff5
      472822000	     23539	80004554	007f1933	sll	x18,x30,x7	 x30:0x00000000  x7:0x00000739 x18=0x00000000
      472842000	     23540	80004558	97b2	c.add	x15,x12	 x15:0xfffffff4 x12:0x0000000c x15=0x00000000
      472862000	     23541	8000455a	01da35b3	sltu	x11,x20,x29	 x20:0xfffffff5 x29:0x00000000 x11=0x00000000
      473142000	     23555	8000455e	03f8ad33	mulhsu	x26,x17,x31	 x17:0xd6d0f000 x31:0x0000000b x26=0xfffffffe
      473162000	     23556	80004562	8f05	c.sub	x14,x9	 x14:0xffffffff  x9:0x00000000 x14=0xffffffff
      473202000	     23558	80004564	4020d5b3	sra	x11,x1,x2	  x1:0xfffff84d  x2:0x80021df8 x11=0xffffffff
      473222000	     23559	80004568	987d	c.andi	x8,-1	  x8:0x00000000  x8=0x00000000
      473242000	     23560	8000456a	1d00	c.addi4spn	x8,x2,688	  x8=0x800220a8
      473282000	     23562	8000456c	03492e33	mulhsu	x28,x18,x20	 x18:0x00000000 x20:0xfffffff5 x28=0x00000000
      473342000	     23565	80004570	00bb7663	bgeu	x22,x11,8000457c	 x22:0x00000000 x11:0xffffffff
      473382000	     23567	80004574	b61d2613	slti	x12,x26,-1183	 x26:0xfffffffe x12=0x00000000
      473462000	     23571	80004578	b33abd13	sltiu	x26,x21,-1229	 x21:0x00000000 x26=0x00000001
      473622000	     23579	8000457c	d1e67493	andi	x9,x12,-738	 x12:0x00000000  x9=0x00000000
      473642000	     23580	80004580	8edd	c.or	x13,x15	 x13:0x00017e2c x15:0x00000000 x13=0x00017e2c
      473762000	     23586	80004582	ce994db7	lui	x27,0xce994	 x27=0xce994000
      473802000	     23588	80004586	02014833	div	x16,x2,x0	  x2:0x80021df8  x0:0x00000000 x16=0xffffffff
      473822000	     23589	8000458a	4a89	c.li	x21,2	 x21=0x00000002
      473842000	     23590	8000458c	03b180b3	mul	x1,x3,x27	  x3:0x00000000 x27:0xce994000  x1=0x00000000
      474182000	     23607	80004590	37584913	xori	x18,x16,885	 x16:0xffffffff x18=0xfffffc8a
      474602000	     23628	80004594	01153933	sltu	x18,x10,x17	 x10:0x00000000 x17:0xd6d0f000 x18=0x00000001
      475022000	     23649	80004598	01a66db3	or	x27,x12,x26	 x12:0x00000000 x26:0x00000001 x27=0x00000001
      475082000	     23652	8000459c	c209	c.beqz	x12,8000459e	 x12:0x00000000
      475682000	     23682	8000459e	00b755b3	srl	x11,x14,x11	 x14:0xffffffff x11:0xffffffff x11=0x00000001
      475702000	     23683	800045a2	ea89	c.bnez	x13,800045b4	 x13:0x00017e2c
      476022000	     23699	800045b4	020e5633	divu	x12,x28,x0	 x28:0x00000000  x0:0x00000000 x12=0xffffffff
      476142000	     23705	800045b8	869d	c.srai	x13,0x7	 x13:0x00017e2c x13=0x000002fc
      476162000	     23706	800045ba	400801b3	sub	x3,x16,x0	 x16:0xffffffff  x0:0x00000000  x3=0xffffffff
      476182000	     23707	800045be	88aa	c.mv	x17,x10	  x0:0x00000000 x10:0x00000000 x17=0x00000000
      476362000	     23716	800045c0	0ff0000f	fence	iorw,iorw	
      476562000	     23726	800045c4	00d46863	bltu	x8,x13,800045d4	  x8:0x800220a8 x13:0x000002fc
      476982000	     23747	800045c8	07d58113	addi	x2,x11,125	 x11:0x00000001  x2=0x0000007e
      477082000	     23752	800045cc	0191a5b3	slt	x11,x3,x25	  x3:0xffffffff x25:0x80025ce4 x11=0x00000000
      477102000	     23753	800045d0	40892f13	slti	x30,x18,1032	 x18:0x00000001 x30=0x00000001
      477522000	     23774	800045d4	41320e33	sub	x28,x4,x19	  x4:0x00000000 x19:0x80021df8 x28=0x7ffde208
      477542000	     23775	800045d8	4099d933	sra	x18,x19,x9	 x19:0x80021df8  x9:0x00000000 x18=0x80021df8
      477562000	     23776	800045dc	8b310593	addi	x11,x2,-1869	  x2:0x0000007e x11=0xfffff931
      477622000	     23779	800045e0	004f9133	sll	x2,x31,x4	 x31:0x0000000b  x4:0x00000000  x2=0x0000000b
      477642000	     23780	800045e4	8d8d	c.sub	x11,x11	 x11:0xfffff931 x11:0xfffff931 x11=0x00000000
      477842000	     23790	800045e6	00b12633	slt	x12,x2,x11	  x2:0x0000000b x11:0x00000000 x12=0x00000000
      477862000	     23791	800045ea	000af363	bgeu	x21,x0,800045f0	 x21:0x00000002  x0:0x00000000
      484982000	     24147	800045f0	01c91f33	sll	x30,x18,x28	 x18:0x80021df8 x28:0x7ffde208 x30=0x021df800
      485002000	     24148	800045f4	00801f33	sll	x30,x0,x8	  x0:0x00000000  x8:0x800220a8 x30=0x00000000
      485042000	     24150	800045f8	03ec90b3	mulh	x1,x25,x30	 x25:0x80025ce4 x30:0x00000000  x1=0x00000000
      485062000	     24151	800045fc	0001	c.addi	x0,0	  x0:0x00000000  x0=0x00000000
      485082000	     24152	800045fe	9af2	c.add	x21,x28	 x21:0x00000002 x28:0x7ffde208 x21=0x7ffde20a
      485102000	     24153	80004600	00989633	sll	x12,x17,x9	 x17:0x00000000  x9:0x00000000 x12=0x00000000
      485122000	     24154	80004604	02ba85b3	mul	x11,x21,x11	 x21:0x7ffde20a x11:0x00000000 x11=0x00000000
      485142000	     24155	80004608	00678eb3	add	x29,x15,x6	 x15:0x00000000  x6:0x00000001 x29=0x00000001
      485262000	     24161	8000460c	8d6a	c.mv	x26,x26	  x0:0x00000000 x26:0x00000001 x26=0x00000001
      485282000	     24162	8000460e	04bf4263	blt	x30,x11,80004652	 x30:0x00000000 x11:0x00000000
      485702000	     24183	80004612	0000100f	fence.i	
      486542000	     24225	80004616	962b7913	andi	x18,x22,-1694	 x22:0x00000000 x18=0x00000000
      486562000	     24226	8000461a	007a1f13	slli	x30,x20,0x7	 x20:0xfffffff5 x30=0xfffffa80
      486982000	     24247	8000461e	414f83b3	sub	x7,x31,x20	 x31:0x0000000b x20:0xfffffff5  x7=0x00000016
      487002000	     24248	80004622	8e25	c.xor	x12,x9	 x12:0x00000000  x9:0x00000000 x12=0x00000000
      487022000	     24249	80004624	6e39	c.lui	x28,0xe	 x28=0x0000e000
      487042000	     24250	80004626	8d1e	c.mv	x26,x7	  x0:0x00000000  x7:0x00000016 x26=0x00000016
      487062000	     24251	80004628	40fadab3	sra	x21,x21,x15	 x21:0x7ffde20a x15:0x00000000 x21=0x7ffde20a
      487802000	     24288	8000462c	025666b3	rem	x13,x12,x5	 x12:0x00000000  x5:0x0012e2f0 x13=0x00000000
      487822000	     24289	80004630	00bc5633	srl	x12,x24,x11	 x24:0xffffffff x11:0x00000000 x12=0xffffffff
      487842000	     24290	80004634	8d1e	c.mv	x26,x7	  x0:0x00000000  x7:0x00000016 x26=0x00000016
      487862000	     24291	80004636	e01d	c.bnez	x8,8000465c	  x8:0x800220a8
      488262000	     24311	8000465c	9d70ed93	ori	x27,x1,-1577	  x1:0x00000000 x27=0xfffff9d7
      488582000	     24327	80004660	02924933	div	x18,x4,x9	  x4:0x00000000  x9:0x00000000 x18=0xffffffff
      488622000	     24329	80004664	013e9b63	bne	x29,x19,8000467a	 x29:0x00000001 x19:0x80021df8
      489302000	     24363	8000467a	8099	c.srli	x9,0x6	  x9:0x00000000  x9=0x00000000
      489402000	     24368	8000467c	eb9d	c.bnez	x15,800046b2	 x15:0x00000000
      489462000	     24371	8000467e	0436b613	sltiu	x12,x13,67	 x13:0x00000000 x12=0x00000001
      489482000	     24372	80004682	018b9db3	sll	x27,x23,x24	 x23:0x02fc5880 x24:0xffffffff x27=0x00000000
      489502000	     24373	80004686	03160e33	mul	x28,x12,x17	 x12:0x00000001 x17:0x00000000 x28=0x00000000
      489522000	     24374	8000468a	fb0b3737	lui	x14,0xfb0b3	 x14=0xfb0b3000
      489542000	     24375	8000468e	8fd1	c.or	x15,x12	 x15:0x00000000 x12:0x00000001 x15=0x00000001
      489942000	     24395	80004690	8925	c.andi	x10,9	 x10:0x00000000 x10=0x00000000
      489962000	     24396	80004692	0058af33	slt	x30,x17,x5	 x17:0x00000000  x5:0x0012e2f0 x30=0x00000001
      490382000	     24417	80004696	0000100f	fence.i	
      490762000	     24436	8000469a	c399	c.beqz	x15,800046a0	 x15:0x00000001
      491042000	     24450	8000469c	008462b3	or	x5,x8,x8	  x8:0x800220a8  x8:0x800220a8  x5=0x800220a8
      491062000	     24451	800046a0	02f2	c.slli	x5,0x1c	  x5:0x800220a8  x5=0x80000000
      491082000	     24452	800046a2	1d18	c.addi4spn	x14,x2,688	 x14=0x000002bb
      491362000	     24466	800046a4	8f31	c.xor	x14,x12	 x14:0x000002bb x12:0x00000001 x14=0x000002ba
      491402000	     24468	800046a6	682b37b7	lui	x15,0x682b3	 x15=0x682b3000
      491422000	     24469	800046aa	52fd	c.li	x5,-1	  x5=0xffffffff
      491442000	     24470	800046ac	02735a63	bge	x6,x7,800046e0	  x6:0x00000001  x7:0x00000016
      491462000	     24471	800046b0	091e	c.slli	x18,0x7	 x18:0xffffffff x18=0xffffff80
      491482000	     24472	800046b2	85c9	c.srai	x11,0x12	 x11:0x00000000 x11=0x00000000
      491862000	     24491	800046b4	4055d693	srai	x13,x11,0x5	 x11:0x00000000 x13=0x00000000
      492302000	     24513	800046b8	02533db3	mulhu	x27,x6,x5	  x6:0x00000001  x5:0xffffffff x27=0x00000000
      492322000	     24514	800046bc	1d7d	c.addi	x26,-1	 x26:0x00000016 x26=0x00000015
      492442000	     24520	800046be	09dc2d13	slti	x26,x24,157	 x24:0xffffffff x26=0x00000001
      492462000	     24521	800046c2	1a08	c.addi4spn	x10,x2,304	 x10=0x0000013b
      492482000	     24522	800046c4	8f49	c.or	x14,x10	 x14:0x000002ba x10:0x0000013b x14=0x000003bb
      492502000	     24523	800046c6	8390c013	xori	x0,x1,-1991	  x1:0x00000000  x0=0x00000000
      492522000	     24524	800046ca	8f4a	c.mv	x30,x18	  x0:0x00000000 x18:0xffffff80 x30=0xffffff80
      492902000	     24543	800046cc	0001	c.addi	x0,0	  x0:0x00000000  x0=0x00000000
      492942000	     24545	800046ce	022f26b3	mulhsu	x13,x30,x2	 x30:0xffffff80  x2:0x0000000b x13=0xffffffff
      492962000	     24546	800046d2	825e	c.mv	x4,x23	  x0:0x00000000 x23:0x02fc5880  x4=0x02fc5880
      492982000	     24547	800046d4	01ebbc33	sltu	x24,x23,x30	 x23:0x02fc5880 x30:0xffffff80 x24=0x00000001
      493102000	     24553	800046d8	dab90697	auipc	x13,0xdab90	 x13=0x5ab946d8
      493262000	     24561	800046dc	f81003b7	lui	x7,0xf8100	  x7=0xf8100000
      494362000	     24616	800046e0	025c67b3	rem	x15,x24,x5	 x24:0x00000001  x5:0xffffffff x15=0x00000000
      494382000	     24617	800046e4	0bf6	c.slli	x23,0x1d	 x23:0x02fc5880 x23=0x00000000
      494402000	     24618	800046e6	9372	c.add	x6,x28	  x6:0x00000001 x28:0x00000000  x6=0x00000001
      494422000	     24619	800046e8	8159	c.srli	x10,0x16	 x10:0x0000013b x10=0x00000000
      494442000	     24620	800046ea	a7da3c13	sltiu	x24,x20,-1411	 x20:0xfffffff5 x24=0x00000000
      494462000	     24621	800046ee	0001	c.addi	x0,0	  x0:0x00000000  x0=0x00000000
      494482000	     24622	800046f0	02520533	mul	x10,x4,x5	  x4:0x02fc5880  x5:0xffffffff x10=0xfd03a780
      494502000	     24623	800046f4	717d	c.addi16sp	x2,-16	  x2:0x0000000b  x2=0xfffffffb
      494522000	     24624	800046f6	1580	c.addi4spn	x8,x2,736	  x8=0x000002db
      494922000	     24644	800046f8	02c8b333	mulhu	x6,x17,x12	 x17:0x00000000 x12:0x00000001  x6=0x00000000
      494942000	     24645	800046fc	0ff0000f	fence	iorw,iorw	
      494962000	     24646	80004700	98fd	c.andi	x9,-1	  x9:0x00000000  x9=0x00000000
      494982000	     24647	80004702	0d91	c.addi	x27,4	 x27:0x00000000 x27=0x00000004
      495002000	     24648	80004704	010423b3	slt	x7,x8,x16	  x8:0x000002db x16:0xffffffff  x7=0x00000000
      495382000	     24667	80004708	0ff0000f	fence	iorw,iorw	
      496122000	     24704	8000470c	03f24f33	div	x30,x4,x31	  x4:0x02fc5880 x31:0x0000000b x30=0x00457c68
      496862000	     24741	80004710	034be033	rem	x0,x23,x20	 x23:0x00000000 x20:0xfffffff5  x0=0x00000000
      496882000	     24742	80004714	01230a33	add	x20,x6,x18	  x6:0x00000000 x18:0xffffff80 x20=0xffffff80
      496902000	     24743	80004718	1f7d	c.addi	x30,-1	 x30:0x00457c68 x30=0x00457c67
      496922000	     24744	8000471a	01e96f33	or	x30,x18,x30	 x18:0xffffff80 x30:0x00457c67 x30=0xffffffe7
      496942000	     24745	8000471e	614d	c.addi16sp	x2,176	  x2:0xfffffffb  x2=0x000000ab
      496962000	     24746	80004720	00d3f463	bgeu	x7,x13,80004728	  x7:0x00000000 x13:0x5ab946d8
      496982000	     24747	80004724	82a9	c.srli	x13,0xa	 x13:0x5ab946d8 x13=0x0016ae51
      497002000	     24748	80004726	ca1d	c.beqz	x12,8000475c	 x12:0x00000001
      497082000	     24752	80004728	8d89	c.sub	x11,x10	 x11:0x00000000 x10:0xfd03a780 x11=0x02fc5880
      497102000	     24753	8000472a	0e55	c.addi	x28,21	 x28:0x00000000 x28=0x00000015
      497122000	     24754	8000472c	03ef6663	bltu	x30,x30,80004758	 x30:0xffffffe7 x30:0xffffffe7
      497142000	     24755	80004730	00b85913	srli	x18,x16,0xb	 x16:0xffffffff x18=0x001fffff
      497182000	     24757	80004734	026915b3	mulh	x11,x18,x6	 x18:0x001fffff  x6:0x00000000 x11=0x00000000
      497202000	     24758	80004738	07b9	c.addi	x15,14	 x15:0x00000000 x15=0x0000000e
      497342000	     24765	8000473a	0288bab3	mulhu	x21,x17,x8	 x17:0x00000000  x8:0x000002db x21=0x00000000
      497442000	     24770	8000473e	e9c34793	xori	x15,x6,-356	  x6:0x00000000 x15=0xfffffe9c
      497462000	     24771	80004742	65a1	c.lui	x11,0x8	 x11=0x00008000
      497542000	     24775	80004744	02191b63	bne	x18,x1,8000477a	 x18:0x001fffff  x1:0x00000000
      498582000	     24827	8000477a	40fcd113	srai	x2,x25,0xf	 x25:0x80025ce4  x2=0xffff0004
      498602000	     24828	8000477e	9a46	c.add	x20,x17	 x20:0xffffff80 x17:0x00000000 x20=0xffffff80
      498622000	     24829	80004780	e711	c.bnez	x14,8000478c	 x14:0x000003bb
      498762000	     24836	8000478c	01dd7f33	and	x30,x26,x29	 x26:0x00000001 x29:0x00000001 x30=0x00000001
      498902000	     24843	80004790	c691e493	ori	x9,x3,-919	  x3:0xffffffff  x9=0xffffffff
      498962000	     24846	80004794	05a0c263	blt	x1,x26,800047d8	  x1:0x00000000 x26:0x00000001
      499522000	     24874	800047d8	01363a33	sltu	x20,x12,x19	 x12:0x00000001 x19:0x80021df8 x20=0x00000001
      499622000	     24879	800047dc	8e45	c.or	x12,x9	 x12:0x00000001  x9:0xffffffff x12=0xffffffff
      499642000	     24880	800047de	012e9763	bne	x29,x18,800047ec	 x29:0x00000001 x18:0x001fffff
      500002000	     24898	800047ec	8ee1	c.and	x13,x8	 x13:0x0016ae51  x8:0x000002db x13=0x00000251
      500022000	     24899	800047ee	8152	c.mv	x2,x20	  x0:0x00000000 x20:0x00000001  x2=0x00000001
      500182000	     24907	800047f0	0001	c.addi	x0,0	  x0:0x00000000  x0=0x00000000
      501022000	     24949	800047f2	02d2d833	divu	x16,x5,x13	  x5:0xffffffff x13:0x00000251 x16=0x006e8419
      501042000	     24950	800047f6	7028a493	slti	x9,x17,1794	 x17:0x00000000  x9=0x00000001
      501062000	     24951	800047fa	0ff0000f	fence	iorw,iorw	
      501082000	     24952	800047fe	00a4d033	srl	x0,x9,x10	  x9:0x00000001 x10:0xfd03a780  x0=0x00000000
      501382000	     24967	80004802	62443317	auipc	x6,0x62443	  x6=0xe2447802
      501802000	     24988	80004806	011c9093	slli	x1,x25,0x11	 x25:0x80025ce4  x1=0xb9c80000
      501822000	     24989	8000480a	0001	c.addi	x0,0	  x0:0x00000000  x0=0x00000000
      501922000	     24994	8000480c	016b77b3	and	x15,x22,x22	 x22:0x00000000 x22:0x00000000 x15=0x00000000
      502022000	     24999	80004810	04081063	bne	x16,x0,80004850	 x16:0x006e8419  x0:0x00000000
      502462000	     25021	80004850	0001	c.addi	x0,0	  x0:0x00000000  x0=0x00000000
      502482000	     25022	80004852	ef09	c.bnez	x14,8000486c	 x14:0x000003bb
      503622000	     25079	8000486c	00c5d713	srli	x14,x11,0xc	 x11:0x00008000 x14=0x00000008
      504022000	     25099	80004870	03c41533	mulh	x10,x8,x28	  x8:0x000002db x28:0x00000015 x10=0x00000000
      504422000	     25119	80004874	641d	c.lui	x8,0x7	  x8=0x00007000
      504442000	     25120	80004876	049c	c.addi4spn	x15,x2,576	 x15=0x00000241
      504482000	     25122	80004878	010dff63	bgeu	x27,x16,80004896	 x27:0x00000004 x16:0x006e8419
      504602000	     25128	8000487c	8c65	c.and	x8,x9	  x8:0x00007000  x9:0x00000001  x8=0x00000000
      504762000	     25136	8000487e	0672b693	sltiu	x13,x5,103	  x5:0xffffffff x13=0x00000000
      504782000	     25137	80004882	0001	c.addi	x0,0	  x0:0x00000000  x0=0x00000000
      504822000	     25139	80004884	029fa733	mulhsu	x14,x31,x9	 x31:0x0000000b  x9:0x00000001 x14=0x00000000
      504962000	     25146	80004888	9b562593	slti	x11,x12,-1611	 x12:0xffffffff x11=0x00000000
      505002000	     25148	8000488c	0244b133	mulhu	x2,x9,x4	  x9:0x00000001  x4:0x02fc5880  x2=0x00000000
      505922000	     25194	80004890	03024433	div	x8,x4,x16	  x4:0x02fc5880 x16:0x006e8419  x8=0x00000006
      505942000	     25195	80004894	717d	c.addi16sp	x2,-16	  x2:0x00000000  x2=0xfffffff0
      505962000	     25196	80004896	05f11363	bne	x2,x31,800048dc	  x2:0xfffffff0 x31:0x0000000b
      506442000	     25220	800048dc	8d52	c.mv	x26,x20	  x0:0x00000000 x20:0x00000001 x26=0x00000001
      506482000	     25222	800048de	7c479717	auipc	x14,0x7c479	 x14=0xfc47d8de
      506502000	     25223	800048e2	8f71	c.and	x14,x12	 x14:0xfc47d8de x12:0xffffffff x14=0xfc47d8de
      506522000	     25224	800048e4	0001	c.addi	x0,0	  x0:0x00000000  x0=0x00000000
      506542000	     25225	800048e6	0000100f	fence.i	
      507062000	     25251	800048ea	013c61b3	or	x3,x24,x19	 x24:0x00000000 x19:0x80021df8  x3=0x80021df8
      507242000	     25260	800048ee	40435f33	sra	x30,x6,x4	  x6:0xe2447802  x4:0x02fc5880 x30=0xe2447802
      507442000	     25270	800048f2	01c45d93	srli	x27,x8,0x1c	  x8:0x00000006 x27=0x00000000
      507582000	     25277	800048f6	01595733	srl	x14,x18,x21	 x18:0x001fffff x21:0x00000000 x14=0x001fffff
      507602000	     25278	800048fa	6131	c.addi16sp	x2,320	  x2:0xfffffff0  x2=0x00000130
      507962000	     25296	800048fc	41a10c33	sub	x24,x2,x26	  x2:0x00000130 x26:0x00000001 x24=0x0000012f
      507982000	     25297	80004900	c98d	c.beqz	x11,80004932	 x11:0x00000000
      508282000	     25312	80004932	8471	c.srai	x8,0x1c	  x8:0x00000006  x8=0x00000000
      508342000	     25315	80004934	02b925b3	mulhsu	x11,x18,x11	 x18:0x001fffff x11:0x00000000 x11=0x00000000
      508522000	     25324	80004938	05e49163	bne	x9,x30,8000497a	  x9:0x00000001 x30:0xe2447802
      509102000	     25353	8000497a	008c8c33	add	x24,x25,x8	 x25:0x80025ce4  x8:0x00000000 x24=0x80025ce4
      509122000	     25354	8000497e	0118	c.addi4spn	x14,x2,128	 x14=0x000001b0
      509142000	     25355	80004980	034c0333	mul	x6,x24,x20	 x24:0x80025ce4 x20:0x00000001  x6=0x80025ce4
      509162000	     25356	80004984	003997b3	sll	x15,x19,x3	 x19:0x80021df8  x3:0x80021df8 x15=0xf8000000
      509182000	     25357	80004988	c319	c.beqz	x14,8000498e	 x14:0x000001b0
      509202000	     25358	8000498a	0078d2b3	srl	x5,x17,x7	 x17:0x00000000  x7:0x00000000  x5=0x00000000
      509222000	     25359	8000498e	0c4e	c.slli	x24,0x13	 x24:0x80025ce4 x24=0xe7200000
      509242000	     25360	80004990	0ee5	c.addi	x29,25	 x29:0x00000001 x29=0x0000001a
      509342000	     25365	80004992	036f53b3	divu	x7,x30,x22	 x30:0xe2447802 x22:0x00000000  x7=0xffffffff
      509362000	     25366	80004996	82ca	c.mv	x5,x18	  x0:0x00000000 x18:0x001fffff  x5=0x001fffff
      509402000	     25368	80004998	02809233	mulh	x4,x1,x8	  x1:0xb9c80000  x8:0x00000000  x4=0x00000000
      509422000	     25369	8000499c	008f8563	beq	x31,x8,800049a6	 x31:0x0000000b  x8:0x00000000
      509442000	     25370	800049a0	0a26	c.slli	x20,0x9	 x20:0x00000001 x20=0x00000200
      509462000	     25371	800049a2	00283bb3	sltu	x23,x16,x2	 x16:0x006e8419  x2:0x00000130 x23=0x00000000
      509482000	     25372	800049a6	910e	c.add	x2,x3	  x2:0x00000130  x3:0x80021df8  x2=0x80021f28
      509662000	     25381	800049a8	037a9933	mulh	x18,x21,x23	 x21:0x00000000 x23:0x00000000 x18=0x00000000
      509922000	     25394	800049ac	03658533	mul	x10,x11,x22	 x11:0x00000000 x22:0x00000000 x10=0x00000000
      509942000	     25395	800049b0	c095	c.beqz	x9,800049d4	  x9:0x00000001
      509962000	     25396	800049b2	ca81	c.beqz	x13,800049c2	 x13:0x00000000
      510382000	     25417	800049c2	00d61663	bne	x12,x13,800049ce	 x12:0xffffffff x13:0x00000000
      511322000	     25464	800049ce	016a38b3	sltu	x17,x20,x22	 x20:0x00000200 x22:0x00000000 x17=0x00000000
      511342000	     25465	800049d2	8e1d	c.sub	x12,x15	 x12:0xffffffff x15:0xf8000000 x12=0x07ffffff
      511682000	     25482	800049d4	b0ea45b7	lui	x11,0xb0ea4	 x11=0xb0ea4000
      511702000	     25483	800049d8	016fc0b3	xor	x1,x31,x22	 x31:0x0000000b x22:0x00000000  x1=0x0000000b
      511762000	     25486	800049dc	39162893	slti	x17,x12,913	 x12:0x07ffffff x17=0x00000000
      511782000	     25487	800049e0	83f5	c.srli	x15,0x1d	 x15:0xf8000000 x15=0x00000007
      511802000	     25488	800049e2	015c2333	slt	x6,x24,x21	 x24:0xe7200000 x21:0x00000000  x6=0x00000001
      511982000	     25497	800049e6	016e5f63	bge	x28,x22,80004a04	 x28:0x00000015 x22:0x00000000
      512482000	     25522	80004a04	0325fe33	remu	x28,x11,x18	 x11:0xb0ea4000 x18:0x00000000 x28=0xb0ea4000
      512562000	     25526	80004a08	c519	c.beqz	x10,80004a16	 x10:0x00000000
      513622000	     25579	80004a16	019f1d13	slli	x26,x30,0x19	 x30:0xe2447802 x26=0x04000000
      514362000	     25616	80004a1a	0232f4b3	remu	x9,x5,x3	  x5:0x001fffff  x3:0x80021df8  x9=0x001fffff
      514382000	     25617	80004a1e	039ae363	bltu	x21,x25,80004a44	 x21:0x00000000 x25:0x80025ce4
      514882000	     25642	80004a44	72ba8213	addi	x4,x21,1835	 x21:0x00000000  x4=0x0000072b
      514922000	     25644	80004a48	0001	c.addi	x0,0	  x0:0x00000000  x0=0x00000000
      514942000	     25645	80004a4a	4b9d	c.li	x23,7	 x23=0x00000007
      514962000	     25646	80004a4c	023e	c.slli	x4,0xf	  x4:0x0000072b  x4=0x03958000
      515702000	     25683	80004a4e	03c85db3	divu	x27,x16,x28	 x16:0x006e8419 x28:0xb0ea4000 x27=0x00000000
      515722000	     25684	80004a52	10fd	c.addi	x1,-1	  x1:0x0000000b  x1=0x0000000a
      515742000	     25685	80004a54	015ce463	bltu	x25,x21,80004a5c	 x25:0x80025ce4 x21:0x00000000
      515762000	     25686	80004a58	e391	c.bnez	x15,80004a5c	 x15:0x00000007
      515802000	     25688	80004a5c	00cd67b3	or	x15,x26,x12	 x26:0x04000000 x12:0x07ffffff x15=0x07ffffff
      515822000	     25689	80004a60	02a75a63	bge	x14,x10,80004a94	 x14:0x000001b0 x10:0x00000000
      516882000	     25742	80004a94	036cddb3	divu	x27,x25,x22	 x25:0x80025ce4 x22:0x00000000 x27=0xffffffff
      517122000	     25754	80004a98	017382b3	add	x5,x7,x23	  x7:0xffffffff x23:0x00000007  x5=0x00000006
      517362000	     25766	80004a9c	01f19033	sll	x0,x3,x31	  x3:0x80021df8 x31:0x0000000b  x0=0x00000000
      517382000	     25767	80004aa0	528ba713	slti	x14,x23,1320	 x23:0x00000007 x14=0x00000001
      522062000	     26001	80004aa4	037e78b3	remu	x17,x28,x23	 x28:0xb0ea4000 x23:0x00000007 x17=0x00000004
      522082000	     26002	80004aa8	c215	c.beqz	x12,80004acc	 x12:0x07ffffff
      522102000	     26003	80004aaa	03f2e763	bltu	x5,x31,80004ad8	  x5:0x00000006 x31:0x0000000b
      522342000	     26015	80004ad8	8eb1	c.xor	x13,x12	 x13:0x00000000 x12:0x07ffffff x13=0x07ffffff
      522362000	     26016	80004ada	8d99	c.sub	x11,x14	 x11:0xb0ea4000 x14:0x00000001 x11=0xb0ea3fff
      523102000	     26053	80004adc	0315fe33	remu	x28,x11,x17	 x11:0xb0ea3fff x17:0x00000004 x28=0x00000003
      523122000	     26054	80004ae0	40ca07b3	sub	x15,x20,x12	 x20:0x00000200 x12:0x07ffffff x15=0xf8000201
      523142000	     26055	80004ae4	b0a78693	addi	x13,x15,-1270	 x15:0xf8000201 x13=0xf7fffd0b
      523162000	     26056	80004ae8	01cbdd33	srl	x26,x23,x28	 x23:0x00000007 x28:0x00000003 x26=0x00000000
      523182000	     26057	80004aec	049e	c.slli	x9,0x7	  x9:0x001fffff  x9=0x0fffff80
      523262000	     26061	80004aee	01a8a5b3	slt	x11,x17,x26	 x17:0x00000004 x26:0x00000000 x11=0x00000000
      523282000	     26062	80004af2	8d41	c.or	x10,x8	 x10:0x00000000  x8:0x00000000 x10=0x00000000
      523422000	     26069	80004af4	02087e63	bgeu	x16,x0,80004b30	 x16:0x006e8419  x0:0x00000000
      524322000	     26114	80004b30	a9d26db7	lui	x27,0xa9d26	 x27=0xa9d26000
      524422000	     26119	80004b34	8599	c.srai	x11,0x6	 x11:0x00000000 x11=0x00000000
      524442000	     26120	80004b36	e489	c.bnez	x9,80004b40	  x9:0x0fffff80
      524962000	     26146	80004b40	0001	c.addi	x0,0	  x0:0x00000000  x0=0x00000000
      524982000	     26147	80004b42	8ea1	c.xor	x13,x8	 x13:0xf7fffd0b  x8:0x00000000 x13=0xf7fffd0b
      525242000	     26160	80004b44	0001	c.addi	x0,0	  x0:0x00000000  x0=0x00000000
      525262000	     26161	80004b46	01149db3	sll	x27,x9,x17	  x9:0x0fffff80 x17:0x00000004 x27=0xfffff800
      526002000	     26198	80004b4a	03d053b3	divu	x7,x0,x29	  x0:0x00000000 x29:0x0000001a  x7=0x00000000
      526022000	     26199	80004b4e	00df1ab3	sll	x21,x30,x13	 x30:0xe2447802 x13:0xf7fffd0b x21=0x23c01000
      526042000	     26200	80004b52	8a79	c.andi	x12,30	 x12:0x07ffffff x12=0x0000001e
      526062000	     26201	80004b54	8f0d	c.sub	x14,x11	 x14:0x00000001 x11:0x00000000 x14=0x00000001
      526082000	     26202	80004b56	0001	c.addi	x0,0	  x0:0x00000000  x0=0x00000000
      526102000	     26203	80004b58	c509	c.beqz	x10,80004b62	 x10:0x00000000
      526162000	     26206	80004b62	0017adb3	slt	x27,x15,x1	 x15:0xf8000201  x1:0x0000000a x27=0x00000001
      526182000	     26207	80004b66	8da1	c.xor	x11,x8	 x11:0x00000000  x8:0x00000000 x11=0x00000000
      526222000	     26209	80004b68	8d25	c.xor	x10,x9	 x10:0x00000000  x9:0x0fffff80 x10=0x0fffff80
      526242000	     26210	80004b6a	015e6863	bltu	x28,x21,80004b7a	 x28:0x00000003 x21:0x23c01000
      527562000	     26276	80004b7a	87f9	c.srai	x15,0x1e	 x15:0xf8000201 x15=0xffffffff
      527602000	     26278	80004b7c	8225	c.srli	x12,0x9	 x12:0x0000001e x12=0x00000000
      527882000	     26292	80004b7e	04305163	bge	x0,x3,80004bc0	  x0:0x00000000  x3:0x80021df8
      529042000	     26350	80004bc0	003ea5b3	slt	x11,x29,x3	 x29:0x0000001a  x3:0x80021df8 x11=0x00000000
      529782000	     26387	80004bc4	034e4133	div	x2,x28,x20	 x28:0x00000003 x20:0x00000200  x2=0x00000000
      529802000	     26388	80004bc8	01f79563	bne	x15,x31,80004bd2	 x15:0xffffffff x31:0x0000000b
      529842000	     26390	80004bd2	177d	c.addi	x14,-1	 x14:0x00000001 x14=0x00000000
      529862000	     26391	80004bd4	9ea44e13	xori	x28,x8,-1558	  x8:0x00000000 x28=0xfffff9ea
      529882000	     26392	80004bd8	01039e13	slli	x28,x7,0x10	  x7:0x00000000 x28=0x00000000
      529902000	     26393	80004bdc	8a71	c.andi	x12,28	 x12:0x00000000 x12=0x00000000
      530162000	     26406	80004bde	036fb3b3	mulhu	x7,x31,x22	 x31:0x0000000b x22:0x00000000  x7=0x00000000
      530182000	     26407	80004be2	8d51	c.or	x10,x12	 x10:0x0fffff80 x12:0x00000000 x10=0x0fffff80
      530202000	     26408	80004be4	009c8e33	add	x28,x25,x9	 x25:0x80025ce4  x9:0x0fffff80 x28=0x90025c64
      530622000	     26429	80004be8	00791033	sll	x0,x18,x7	 x18:0x00000000  x7:0x00000000  x0=0x00000000
      531042000	     26450	80004bec	014efc33	and	x24,x29,x20	 x29:0x0000001a x20:0x00000200 x24=0x00000000
      531062000	     26451	80004bf0	52fd	c.li	x5,-1	  x5=0xffffffff
      531082000	     26452	80004bf2	9646	c.add	x12,x17	 x12:0x00000000 x17:0x00000004 x12=0x00000004
      531182000	     26457	80004bf4	01f023b3	slt	x7,x0,x31	  x0:0x00000000 x31:0x0000000b  x7=0x00000001
      531202000	     26458	80004bf8	15fd	c.addi	x11,-1	 x11:0x00000000 x11=0xffffffff
      531222000	     26459	80004bfa	8ee9	c.and	x13,x10	 x13:0xf7fffd0b x10:0x0fffff80 x13=0x07fffd00
      531242000	     26460	80004bfc	8cd5	c.or	x9,x13	  x9:0x0fffff80 x13:0x07fffd00  x9=0x0fffff80
      531262000	     26461	80004bfe	8e99	c.sub	x13,x14	 x13:0x07fffd00 x14:0x00000000 x13=0x07fffd00
      531282000	     26462	80004c00	717d	c.addi16sp	x2,-16	  x2:0x00000000  x2=0xfffffff0
      531322000	     26464	80004c02	02af9533	mulh	x10,x31,x10	 x31:0x0000000b x10:0x0fffff80 x10=0x00000000
      531422000	     26469	80004c06	0ff0000f	fence	iorw,iorw	
      531442000	     26470	80004c0a	411ada33	sra	x20,x21,x17	 x21:0x23c01000 x17:0x00000004 x20=0x023c0100
      531462000	     26471	80004c0e	0ff0000f	fence	iorw,iorw	
      531482000	     26472	80004c12	00f25713	srli	x14,x4,0xf	  x4:0x03958000 x14=0x0000072b
      531502000	     26473	80004c16	0001	c.addi	x0,0	  x0:0x00000000  x0=0x00000000
      531522000	     26474	80004c18	00352bb3	slt	x23,x10,x3	 x10:0x00000000  x3:0x80021df8 x23=0x00000000
      531542000	     26475	80004c1c	6f51	c.lui	x30,0x14	 x30=0x00014000
      531562000	     26476	80004c1e	086a	c.slli	x16,0x1a	 x16:0x006e8419 x16=0x64000000
      531862000	     26491	80004c20	40518e33	sub	x28,x3,x5	  x3:0x80021df8  x5:0xffffffff x28=0x80021df9
      531882000	     26492	80004c24	48fd	c.li	x17,31	 x17=0x0000001f
      531902000	     26493	80004c26	03fa6a93	ori	x21,x20,63	 x20:0x023c0100 x21=0x023c013f
      531922000	     26494	80004c2a	8325	c.srli	x14,0x9	 x14:0x0000072b x14=0x00000003
      531942000	     26495	80004c2c	1804	c.addi4spn	x9,x2,48	  x9=0x00000020
      531982000	     26497	80004c2e	026c2bb3	mulhsu	x23,x24,x6	 x24:0x00000000  x6:0x00000001 x23=0x00000000
      532002000	     26498	80004c32	80da	c.mv	x1,x22	  x0:0x00000000 x22:0x00000000  x1=0x00000000
      532162000	     26506	80004c34	01b7d593	srli	x11,x15,0x1b	 x15:0xffffffff x11=0x0000001f
      532542000	     26525	80004c38	0d26	c.slli	x26,0x9	 x26:0x00000000 x26=0x00000000
      532562000	     26526	80004c3a	8da5	c.xor	x11,x9	 x11:0x0000001f  x9:0x00000020 x11=0x0000003f
      532702000	     26533	80004c3c	7b478493	addi	x9,x15,1972	 x15:0xffffffff  x9=0x000007b3
      533122000	     26554	80004c40	717d	c.addi16sp	x2,-16	  x2:0xfffffff0  x2=0xffffffe0
      533162000	     26556	80004c42	02959933	mulh	x18,x11,x9	 x11:0x0000003f  x9:0x000007b3 x18=0x00000000
      533202000	     26558	80004c46	03f3a933	mulhsu	x18,x7,x31	  x7:0x00000001 x31:0x0000000b x18=0x00000000
      533322000	     26564	80004c4a	038944b3	div	x9,x18,x24	 x18:0x00000000 x24:0x00000000  x9=0xffffffff
      533342000	     26565	80004c4e	40bcd8b3	sra	x17,x25,x11	 x25:0x80025ce4 x11:0x0000003f x17=0xffffffff
      533362000	     26566	80004c52	ef15	c.bnez	x14,80004c8e	 x14:0x00000003
      534282000	     26612	80004c8e	5a7d	c.li	x20,-1	 x20=0xffffffff
      534722000	     26634	80004c90	02a2ca63	blt	x5,x10,80004cc4	  x5:0xffffffff x10:0x00000000
      535782000	     26687	80004cc4	8a4d	c.andi	x12,19	 x12:0x00000004 x12=0x00000000
      535802000	     26688	80004cc6	8779	c.srai	x14,0x1e	 x14:0x00000003 x14=0x00000000
      537142000	     26755	80004cc8	027c5b33	divu	x22,x24,x7	 x24:0x00000000  x7:0x00000001 x22=0x00000000
      537162000	     26756	80004ccc	8b556917	auipc	x18,0x8b556	 x18=0x0b55accc
      537182000	     26757	80004cd0	03aec963	blt	x29,x26,80004d02	 x29:0x0000001a x26:0x00000000
      537242000	     26760	80004cd4	6b31	c.lui	x22,0xc	 x22=0x0000c000
      537262000	     26761	80004cd6	c6123a13	sltiu	x20,x4,-927	  x4:0x03958000 x20=0x00000001
      537282000	     26762	80004cda	03a66263	bltu	x12,x26,80004cfe	 x12:0x00000000 x26:0x00000000
      537302000	     26763	80004cde	91aa	c.add	x3,x10	  x3:0x80021df8 x10:0x00000000  x3=0x80021df8
      537322000	     26764	80004ce0	000fe0b3	or	x1,x31,x0	 x31:0x0000000b  x0:0x00000000  x1=0x0000000b
      537342000	     26765	80004ce4	8c85	c.sub	x9,x9	  x9:0xffffffff  x9:0xffffffff  x9=0x00000000
      537362000	     26766	80004ce6	851d	c.srai	x10,0x7	 x10:0x00000000 x10=0x00000000
      537502000	     26773	80004ce8	8aa6	c.mv	x21,x9	  x0:0x00000000  x9:0x00000000 x21=0x00000000
      537522000	     26774	80004cea	c701	c.beqz	x14,80004cf2	 x14:0x00000000
      538442000	     26820	80004cf2	01348ab3	add	x21,x9,x19	  x9:0x00000000 x19:0x80021df8 x21=0x80021df8
      538462000	     26821	80004cf6	e591	c.bnez	x11,80004d02	 x11:0x0000003f
      539082000	     26852	80004d02	0c65	c.addi	x24,25	 x24:0x00000000 x24=0x00000019
      539242000	     26860	80004d04	83b1	c.srli	x15,0xc	 x15:0xffffffff x15=0x000fffff
      539262000	     26861	80004d06	01f3bb33	sltu	x22,x7,x31	  x7:0x00000001 x31:0x0000000b x22=0x00000001
      539282000	     26862	80004d0a	85a5	c.srai	x11,0x9	 x11:0x0000003f x11=0x00000000
      539302000	     26863	80004d0c	0c26c793	xori	x15,x13,194	 x13:0x07fffd00 x15=0x07fffdc2
      539322000	     26864	80004d10	0001	c.addi	x0,0	  x0:0x00000000  x0=0x00000000
      539382000	     26867	80004d12	37346193	ori	x3,x8,883	  x8:0x00000000  x3=0x00000373
      539402000	     26868	80004d16	e985	c.bnez	x11,80004d46	 x11:0x00000000
      539442000	     26870	80004d18	02915eb3	divu	x29,x2,x9	  x2:0xffffffe0  x9:0x00000000 x29=0xffffffff
      539822000	     26889	80004d1c	01285db3	srl	x27,x16,x18	 x16:0x64000000 x18:0x0b55accc x27=0x00064000
      539842000	     26890	80004d20	0044d633	srl	x12,x9,x4	  x9:0x00000000  x4:0x03958000 x12=0x00000000
      539862000	     26891	80004d24	05370463	beq	x14,x19,80004d6c	 x14:0x00000000 x19:0x80021df8
      539882000	     26892	80004d28	00291793	slli	x15,x18,0x2	 x18:0x0b55accc x15=0x2d56b330
      540302000	     26913	80004d2c	6611	c.lui	x12,0x4	 x12=0x00004000
      540322000	     26914	80004d2e	013f4533	xor	x10,x30,x19	 x30:0x00014000 x19:0x80021df8 x10=0x80035df8
      540342000	     26915	80004d32	d3626737	lui	x14,0xd3626	 x14=0xd3626000
      540462000	     26921	80004d36	01fe0863	beq	x28,x31,80004d46	 x28:0x80021df9 x31:0x0000000b
      540482000	     26922	80004d3a	ce9cad13	slti	x26,x25,-791	 x25:0x80025ce4 x26=0x00000001
      540542000	     26925	80004d3e	fc2ee737	lui	x14,0xfc2ee	 x14=0xfc2ee000
      540922000	     26944	80004d42	4050d433	sra	x8,x1,x5	  x1:0x0000000b  x5:0xffffffff  x8=0x00000000
      540982000	     26947	80004d46	dc96bd13	sltiu	x26,x13,-567	 x13:0x07fffd00 x26=0x00000001
      541722000	     26984	80004d4a	033f6333	rem	x6,x30,x19	 x30:0x00014000 x19:0x80021df8  x6=0x00014000
      541762000	     26986	80004d4e	039e94b3	mulh	x9,x29,x25	 x29:0xffffffff x25:0x80025ce4  x9=0x00000000
      541782000	     26987	80004d52	b9287013	andi	x0,x16,-1134	 x16:0x64000000  x0=0x00000000
      541802000	     26988	80004d56	00fec563	blt	x29,x15,80004d60	 x29:0xffffffff x15:0x2d56b330
      541942000	     26995	80004d60	b077c293	xori	x5,x15,-1273	 x15:0x2d56b330  x5=0xd2a94837
      541962000	     26996	80004d64	8d0d	c.sub	x10,x11	 x10:0x80035df8 x11:0x00000000 x10=0x80035df8
      541982000	     26997	80004d66	8ead	c.xor	x13,x11	 x13:0x07fffd00 x11:0x00000000 x13=0x07fffd00
      542002000	     26998	80004d68	01299413	slli	x8,x19,0x12	 x19:0x80021df8  x8=0x77e00000
      542022000	     26999	80004d6c	8a6d	c.andi	x12,27	 x12:0x00004000 x12=0x00000000
      542042000	     27000	80004d6e	081a	c.slli	x16,0x6	 x16:0x64000000 x16=0x00000000
      542062000	     27001	80004d70	0053e7b3	or	x15,x7,x5	  x7:0x00000001  x5:0xd2a94837 x15=0xd2a94837
      542082000	     27002	80004d74	7f0a7d13	andi	x26,x20,2032	 x20:0x00000001 x26=0x00000000
      542102000	     27003	80004d78	8db5	c.xor	x11,x13	 x11:0x00000000 x13:0x07fffd00 x11=0x07fffd00
      542122000	     27004	80004d7a	0001	c.addi	x0,0	  x0:0x00000000  x0=0x00000000
      542722000	     27034	80004d7c	da786293	ori	x5,x16,-601	 x16:0x00000000  x5=0xfffffda7
      542902000	     27043	80004d80	8cfd	c.and	x9,x15	  x9:0x00000000 x15:0xd2a94837  x9=0x00000000
      543322000	     27064	80004d82	0242ba33	mulhu	x20,x5,x4	  x5:0xfffffda7  x4:0x03958000 x20=0x03957ff7
      543342000	     27065	80004d86	01e1b733	sltu	x14,x3,x30	  x3:0x00000373 x30:0x00014000 x14=0x00000001
      543642000	     27080	80004d8a	0000100f	fence.i	
      545142000	     27155	80004d8e	02f95ab3	divu	x21,x18,x15	 x18:0x0b55accc x15:0xd2a94837 x21=0x00000000
      545162000	     27156	80004d92	c089	c.beqz	x9,80004d94	  x9:0x00000000
      545342000	     27165	80004d94	527d	c.li	x4,-1	  x4=0xffffffff
      545782000	     27187	80004d96	000b3ab3	sltu	x21,x22,x0	 x22:0x00000001  x0:0x00000000 x21=0x00000000
      545922000	     27194	80004d9a	025a4963	blt	x20,x5,80004dcc	 x20:0x03957ff7  x5:0xfffffda7
      546342000	     27215	80004d9e	009eaf33	slt	x30,x29,x9	 x29:0xffffffff  x9:0x00000000 x30=0x00000001
      546362000	     27216	80004da2	91f2	c.add	x3,x28	  x3:0x00000373 x28:0x80021df9  x3=0x8002216c
      546782000	     27237	80004da4	0206d8b3	divu	x17,x13,x0	 x13:0x07fffd00  x0:0x00000000 x17=0xffffffff
      547182000	     27257	80004da8	00913933	sltu	x18,x2,x9	  x2:0xffffffe0  x9:0x00000000 x18=0x00000000
      547202000	     27258	80004dac	cb15	c.beqz	x14,80004de0	 x14:0x00000001
      547282000	     27262	80004dae	401fd7b3	sra	x15,x31,x1	 x31:0x0000000b  x1:0x0000000b x15=0x00000000
      547302000	     27263	80004db2	00383e33	sltu	x28,x16,x3	 x16:0x00000000  x3:0x8002216c x28=0x00000001
      547382000	     27267	80004db6	f3bea213	slti	x4,x29,-197	 x29:0xffffffff  x4=0x00000000
      547402000	     27268	80004dba	8ce1	c.and	x9,x8	  x9:0x00000000  x8:0x77e00000  x9=0x00000000
      547802000	     27288	80004dbc	00127863	bgeu	x4,x1,80004dcc	  x4:0x00000000  x1:0x0000000b
      547922000	     27294	80004dc0	007b9d33	sll	x26,x23,x7	 x23:0x00000000  x7:0x00000001 x26=0x00000000
      548042000	     27300	80004dc4	017be963	bltu	x23,x23,80004dd6	 x23:0x00000000 x23:0x00000000
      548442000	     27320	80004dc8	4969	c.li	x18,26	 x18=0x0000001a
      548462000	     27321	80004dca	ec99	c.bnez	x9,80004de8	  x9:0x00000000
      548482000	     27322	80004dcc	9bf2	c.add	x23,x28	 x23:0x00000000 x28:0x00000001 x23=0x00000001
      548582000	     27327	80004dce	40c2d133	sra	x2,x5,x12	  x5:0xfffffda7 x12:0x00000000  x2=0xfffffda7
      548602000	     27328	80004dd2	8469	c.srai	x8,0x1a	  x8:0x77e00000  x8=0x0000001d
      548622000	     27329	80004dd4	9bfd	c.andi	x15,-1	 x15:0x00000000 x15=0x00000000
      548642000	     27330	80004dd6	862d	c.srai	x12,0xb	 x12:0x00000000 x12=0x00000000
      548682000	     27332	80004dd8	049cd463	bge	x25,x9,80004e20	 x25:0x80025ce4  x9:0x00000000
      549042000	     27350	80004ddc	50858693	addi	x13,x11,1288	 x11:0x07fffd00 x13=0x08000208
      549062000	     27351	80004de0	01cf9eb3	sll	x29,x31,x28	 x31:0x0000000b x28:0x00000001 x29=0x00000016
      549082000	     27352	80004de4	395be513	ori	x10,x23,917	 x23:0x00000001 x10=0x00000395
      549342000	     27365	80004de8	67ddbe13	sltiu	x28,x27,1661	 x27:0x00064000 x28=0x00000000
      549362000	     27366	80004dec	00779693	slli	x13,x15,0x7	 x15:0x00000000 x13=0x00000000
      549482000	     27372	80004df0	04a56263	bltu	x10,x10,80004e34	 x10:0x00000395 x10:0x00000395
      549782000	     27387	80004df4	01790563	beq	x18,x23,80004dfe	 x18:0x0000001a x23:0x00000001
      549802000	     27388	80004df8	8cb1	c.xor	x9,x12	  x9:0x00000000 x12:0x00000000  x9=0x00000000
      549822000	     27389	80004dfa	8e55	c.or	x12,x13	 x12:0x00000000 x13:0x00000000 x12=0x00000000
      559662000	     27881	80004dfc	8eda	c.mv	x29,x22	  x0:0x00000000 x22:0x00000001 x29=0x00000001
      559682000	     27882	80004dfe	05b9d163	bge	x19,x27,80004e40	 x19:0x80021df8 x27:0x00064000
      559702000	     27883	80004e02	0000100f	fence.i	
      560382000	     27917	80004e06	02c05f63	bge	x0,x12,80004e44	  x0:0x00000000 x12:0x00000000
      562122000	     28004	80004e44	03734633	div	x12,x6,x23	  x6:0x00014000 x23:0x00000001 x12=0x00014000
      562142000	     28005	80004e48	0562	c.slli	x10,0x18	 x10:0x00000395 x10=0x95000000
      562162000	     28006	80004e4a	4d3eca13	xori	x20,x29,1235	 x29:0x00000001 x20=0x000004d2
      562182000	     28007	80004e4e	03f17563	bgeu	x2,x31,80004e78	  x2:0xfffffda7 x31:0x0000000b
      562262000	     28011	80004e78	00bb1363	bne	x22,x11,80004e7e	 x22:0x00000001 x11:0x07fffd00
      562702000	     28033	80004e7e	955a	c.add	x10,x22	 x10:0x95000000 x22:0x00000001 x10=0x95000001
      562722000	     28034	80004e80	04014063	blt	x2,x0,80004ec0	  x2:0xfffffda7  x0:0x00000000
      563262000	     28061	80004ec0	008ec0b3	xor	x1,x29,x8	 x29:0x00000001  x8:0x0000001d  x1=0x0000001c
      563282000	     28062	80004ec4	0139d0b3	srl	x1,x19,x19	 x19:0x80021df8 x19:0x80021df8  x1=0x00000080
      564182000	     28107	80004ec8	02ee5b33	divu	x22,x28,x14	 x28:0x00000000 x14:0x00000001 x22=0x00000000
      564202000	     28108	80004ecc	6f2d	c.lui	x30,0xb	 x30=0x0000b000
      564222000	     28109	80004ece	00346bb3	or	x23,x8,x3	  x8:0x0000001d  x3:0x8002216c x23=0x8002217d
      564242000	     28110	80004ed2	8225	c.srli	x12,0x9	 x12:0x00014000 x12=0x000000a0
      564262000	     28111	80004ed4	9e84c713	xori	x14,x9,-1560	  x9:0x00000000 x14=0xfffff9e8
      564282000	     28112	80004ed8	0d31	c.addi	x26,12	 x26:0x00000000 x26=0x0000000c
      564302000	     28113	80004eda	0171e563	bltu	x3,x23,80004ee4	  x3:0x8002216c x23:0x8002217d
      564502000	     28123	80004ee4	8fb5	c.xor	x15,x13	 x15:0x00000000 x13:0x00000000 x15=0x00000000
      564522000	     28124	80004ee6	ef1d	c.bnez	x14,80004f24	 x14:0xfffff9e8
      565282000	     28162	80004f24	042144b7	lui	x9,0x4214	  x9=0x04214000
      565702000	     28183	80004f28	ddd0e413	ori	x8,x1,-547	  x1:0x00000080  x8=0xfffffddd
      565722000	     28184	80004f2c	0001	c.addi	x0,0	  x0:0x00000000  x0=0x00000000
      565802000	     28188	80004f2e	07698063	beq	x19,x22,80004f8e	 x19:0x80021df8 x22:0x00000000
      565822000	     28189	80004f32	40f1d393	srai	x7,x3,0xf	  x3:0x8002216c  x7=0xffff0004
      565982000	     28197	80004f36	01111563	bne	x2,x17,80004f40	  x2:0xfffffda7 x17:0xffffffff
      566522000	     28224	80004f40	004b0eb3	add	x29,x22,x4	 x22:0x00000000  x4:0x00000000 x29=0x00000000
      566542000	     28225	80004f44	8341	c.srli	x14,0x10	 x14:0xfffff9e8 x14=0x0000ffff
      566562000	     28226	80004f46	0001	c.addi	x0,0	  x0:0x00000000  x0=0x00000000
      566582000	     28227	80004f48	02298633	mul	x12,x19,x2	 x19:0x80021df8  x2:0xfffffda7 x12=0x7b07a4c8
      566662000	     28231	80004f4c	8ef9	c.and	x13,x14	 x13:0x00000000 x14:0x0000ffff x13=0x00000000
      566802000	     28238	80004f4e	03114a63	blt	x2,x17,80004f82	  x2:0xfffffda7 x17:0xffffffff
      567922000	     28294	80004f82	0ff0000f	fence	iorw,iorw	
      568302000	     28313	80004f86	6daac813	xori	x16,x21,1754	 x21:0x00000000 x16=0x000006da
      569362000	     28366	80004f8a	03715233	divu	x4,x2,x23	  x2:0xfffffda7 x23:0x8002217d  x4=0x00000001
      569382000	     28367	80004f8e	9770c113	xori	x2,x1,-1673	  x1:0x00000080  x2=0xfffff9f7
      569402000	     28368	80004f92	25369097	auipc	x1,0x25369	  x1=0xa536df92
      570142000	     28405	80004f96	03adff33	remu	x30,x27,x26	 x27:0x00064000 x26:0x0000000c x30=0x00000004
      570162000	     28406	80004f9a	0000100f	fence.i	
      570482000	     28422	80004f9e	0446	c.slli	x8,0x11	  x8:0xfffffddd  x8=0xfbba0000
      570622000	     28429	80004fa0	8ee5	c.and	x13,x9	 x13:0x00000000  x9:0x04214000 x13=0x00000000
      570802000	     28438	80004fa2	03279a63	bne	x15,x18,80004fd6	 x15:0x00000000 x18:0x0000001a
      571562000	     28476	80004fd6	01125533	srl	x10,x4,x17	  x4:0x00000001 x17:0xffffffff x10=0x00000000
      571682000	     28482	80004fda	0055beb3	sltu	x29,x11,x5	 x11:0x07fffd00  x5:0xfffffda7 x29=0x00000001
      571702000	     28483	80004fde	02c00133	mul	x2,x0,x12	  x0:0x00000000 x12:0x7b07a4c8  x2=0x00000000
      571722000	     28484	80004fe2	015e83b3	add	x7,x29,x21	 x29:0x00000001 x21:0x00000000  x7=0x00000001
      571742000	     28485	80004fe6	8875	c.andi	x8,29	  x8:0xfbba0000  x8=0x00000000
      571842000	     28490	80004fe8	2962dc37	lui	x24,0x2962d	 x24=0x2962d000
      571862000	     28491	80004fec	12fd	c.addi	x5,-1	  x5:0xfffffda7  x5=0xfffffda6
      571882000	     28492	80004fee	01d6c763	blt	x13,x29,80004ffc	 x13:0x00000000 x29:0x00000001
      572882000	     28542	80004ffc	187d	c.addi	x16,-1	 x16:0x000006da x16=0x000006d9
      572902000	     28543	80004ffe	01f55393	srli	x7,x10,0x1f	 x10:0x00000000  x7=0x00000000
      572962000	     28546	80005002	a674a493	slti	x9,x9,-1433	  x9:0x04214000  x9=0x00000000
      573382000	     28567	80005006	eeb78e13	addi	x28,x15,-277	 x15:0x00000000 x28=0xfffffeeb
      574282000	     28612	8000500a	02c5c733	div	x14,x11,x12	 x11:0x07fffd00 x12:0x7b07a4c8 x14=0x00000000
      574322000	     28614	8000500e	0277b633	mulhu	x12,x15,x7	 x15:0x00000000  x7:0x00000000 x12=0x00000000
      574342000	     28615	80005012	c822fd13	andi	x26,x5,-894	  x5:0xfffffda6 x26=0xfffffc82
      574362000	     28616	80005016	012ed593	srli	x11,x29,0x12	 x29:0x00000001 x11=0x00000000
      575102000	     28653	8000501a	038bd333	divu	x6,x23,x24	 x23:0x8002217d x24:0x2962d000  x6=0x00000003
      575122000	     28654	8000501e	005bba33	sltu	x20,x23,x5	 x23:0x8002217d  x5:0xfffffda6 x20=0x00000001
      575162000	     28656	80005022	03b913b3	mulh	x7,x18,x27	 x18:0x0000001a x27:0x00064000  x7=0x00000000
      575182000	     28657	80005026	11fd	c.addi	x3,-1	  x3:0x8002216c  x3=0x8002216b
      575922000	     28694	80005028	03257a33	remu	x20,x10,x18	 x10:0x00000000 x18:0x0000001a x20=0x00000000
      575942000	     28695	8000502c	0001	c.addi	x0,0	  x0:0x00000000  x0=0x00000000
      575962000	     28696	8000502e	012b0663	beq	x22,x18,8000503a	 x22:0x00000000 x18:0x0000001a
      575982000	     28697	80005032	00194763	blt	x18,x1,80005040	 x18:0x0000001a  x1:0xa536df92
      576002000	     28698	80005036	8451	c.srai	x8,0x14	  x8:0x00000000  x8=0x00000000
      576022000	     28699	80005038	834d	c.srli	x14,0x13	 x14:0x00000000 x14=0x00000000
      576042000	     28700	8000503a	00ee9c13	slli	x24,x29,0xe	 x29:0x00000001 x24=0x00004000
      576062000	     28701	8000503e	8265	c.srli	x12,0x19	 x12:0x00000000 x12=0x00000000
      576082000	     28702	80005040	ce85	c.beqz	x13,80005078	 x13:0x00000000
      576882000	     28742	80005078	8d85	c.sub	x11,x9	 x11:0x00000000  x9:0x00000000 x11=0x00000000
      576902000	     28743	8000507a	da769197	auipc	x3,0xda769	  x3=0x5a76e07a
      576922000	     28744	8000507e	00b47633	and	x12,x8,x11	  x8:0x00000000 x11:0x00000000 x12=0x00000000
      577202000	     28758	80005082	02bbd933	divu	x18,x23,x11	 x23:0x8002217d x11:0x00000000 x18=0xffffffff
      577222000	     28759	80005086	e5c1cc13	xori	x24,x3,-420	  x3:0x5a76e07a x24=0xa5891e26
      577242000	     28760	8000508a	03d10c63	beq	x2,x29,800050c2	  x2:0x00000000 x29:0x00000001
      577262000	     28761	8000508e	0c72	c.slli	x24,0x1c	 x24:0xa5891e26 x24=0x60000000
      577282000	     28762	80005090	02e3cf63	blt	x7,x14,800050ce	  x7:0x00000000 x14:0x00000000
      577302000	     28763	80005094	8196	c.mv	x3,x5	  x0:0x00000000  x5:0xfffffda6  x3=0xfffffda6
      577382000	     28767	80005096	0ff0000f	fence	iorw,iorw	
      577402000	     28768	8000509a	8dda	c.mv	x27,x22	  x0:0x00000000 x22:0x00000000 x27=0x00000000
      577422000	     28769	8000509c	c689	c.beqz	x13,800050a6	 x13:0x00000000
      578022000	     28799	800050a6	0001	c.addi	x0,0	  x0:0x00000000  x0=0x00000000
      578342000	     28815	800050a8	00a39763	bne	x7,x10,800050b6	  x7:0x00000000 x10:0x00000000
      578362000	     28816	800050ac	8fe9	c.and	x15,x10	 x15:0x00000000 x10:0x00000000 x15=0x00000000
      578762000	     28836	800050ae	0079f733	and	x14,x19,x7	 x19:0x80021df8  x7:0x00000000 x14=0x00000000
      578782000	     28837	800050b2	54034b37	lui	x22,0x54034	 x22=0x54034000
      578802000	     28838	800050b6	010f5613	srli	x12,x30,0x10	 x30:0x00000004 x12=0x00000000
      578842000	     28840	800050ba	0330ad33	mulhsu	x26,x1,x19	  x1:0xa536df92 x19:0x80021df8 x26=0xd29aaf96
      579162000	     28856	800050be	9ed4b093	sltiu	x1,x9,-1555	  x9:0x00000000  x1=0x00000001
      579182000	     28857	800050c2	8f06	c.mv	x30,x1	  x0:0x00000000  x1:0x00000001 x30=0x00000001
      579202000	     28858	800050c4	018a3633	sltu	x12,x20,x24	 x20:0x00000000 x24:0x60000000 x12=0x00000001
      579322000	     28864	800050c8	0001	c.addi	x0,0	  x0:0x00000000  x0=0x00000000
      580462000	     28921	800050ca	02c2fe33	remu	x28,x5,x12	  x5:0xfffffda6 x12:0x00000001 x28=0x00000000
      580482000	     28922	800050ce	8369	c.srli	x14,0x1a	 x14:0x00000000 x14=0x00000000
      580502000	     28923	800050d0	69d8bd37	lui	x26,0x69d8b	 x26=0x69d8b000
      580522000	     28924	800050d4	00e368b3	or	x17,x6,x14	  x6:0x00000003 x14:0x00000000 x17=0x00000003
      580542000	     28925	800050d8	8bd6	c.mv	x23,x21	  x0:0x00000000 x21:0x00000000 x23=0x00000000
      580562000	     28926	800050da	0ff0000f	fence	iorw,iorw	
      580582000	     28927	800050de	01bcf233	and	x4,x25,x27	 x25:0x80025ce4 x27:0x00000000  x4=0x00000000
      580602000	     28928	800050e2	01d98363	beq	x19,x29,800050e8	 x19:0x80021df8 x29:0x00000001
      580622000	     28929	800050e6	099c	c.addi4spn	x15,x2,208	 x15=0x000000d0
      581042000	     28950	800050e8	e3a9a693	slti	x13,x19,-454	 x19:0x80021df8 x13=0x00000001
      581462000	     28971	800050ec	0006cf33	xor	x30,x13,x0	 x13:0x00000001  x0:0x00000000 x30=0x00000001
      581682000	     28982	800050f0	c08fe393	ori	x7,x31,-1016	 x31:0x0000000b  x7=0xfffffc0b
      581742000	     28985	800050f4	02e3f063	bgeu	x7,x14,80005114	  x7:0xfffffc0b x14:0x00000000
      582402000	     29018	80005114	d0307793	andi	x15,x0,-765	  x0:0x00000000 x15=0x00000000
      583202000	     29058	80005118	0000100f	fence.i	
      583562000	     29076	8000511c	01e40e63	beq	x8,x30,80005138	  x8:0x00000000 x30:0x00000001
      583582000	     29077	80005120	0000100f	fence.i	
      583902000	     29093	80005124	0164e1b3	or	x3,x9,x22	  x9:0x00000000 x22:0x54034000  x3=0x54034000
      583942000	     29095	80005128	02e324b3	mulhsu	x9,x6,x14	  x6:0x00000003 x14:0x00000000  x9=0x00000000
      584122000	     29104	8000512c	01bdbb33	sltu	x22,x27,x27	 x27:0x00000000 x27:0x00000000 x22=0x00000000
      584862000	     29141	80005130	033452b3	divu	x5,x8,x19	  x8:0x00000000 x19:0x80021df8  x5=0x00000000
      584882000	     29142	80005134	04074163	blt	x14,x0,80005176	 x14:0x00000000  x0:0x00000000
      584902000	     29143	80005138	0180de63	bge	x1,x24,80005154	  x1:0x00000001 x24:0x60000000
      584922000	     29144	8000513c	60a5	c.lui	x1,0x9	  x1=0x00009000
      584942000	     29145	8000513e	c2a1	c.beqz	x13,8000517e	 x13:0x00000001
      584962000	     29146	80005140	98fd	c.andi	x9,-1	  x9:0x00000000  x9=0x00000000
      584982000	     29147	80005142	309a7db7	lui	x27,0x309a7	 x27=0x309a7000
      585002000	     29148	80005146	0001	c.addi	x0,0	  x0:0x00000000  x0=0x00000000
      585202000	     29158	80005148	0026d263	bge	x13,x2,8000514c	 x13:0x00000001  x2:0x00000000
      585382000	     29167	8000514c	00b6bbb3	sltu	x23,x13,x11	 x13:0x00000001 x11:0x00000000 x23=0x00000000
      585402000	     29168	80005150	41e10433	sub	x8,x2,x30	  x2:0x00000000 x30:0x00000001  x8=0xffffffff
      585502000	     29173	80005154	03523433	mulhu	x8,x4,x21	  x4:0x00000000 x21:0x00000000  x8=0x00000000
      585662000	     29181	80005158	84a5	c.srai	x9,0x9	  x9:0x00000000  x9=0x00000000
      585782000	     29187	8000515a	03192033	mulhsu	x0,x18,x17	 x18:0xffffffff x17:0x00000003  x0=0x00000000
      585822000	     29189	8000515e	00711463	bne	x2,x7,80005166	  x2:0x00000000  x7:0xfffffc0b
      586362000	     29216	80005166	0345f333	remu	x6,x11,x20	 x11:0x00000000 x20:0x00000000  x6=0x00000000
      586382000	     29217	8000516a	c185	c.beqz	x11,8000518a	 x11:0x00000000
      587322000	     29264	8000518a	02ee8133	mul	x2,x29,x14	 x29:0x00000001 x14:0x00000000  x2=0x00000000
      587482000	     29272	8000518e	03387463	bgeu	x16,x19,800051b6	 x16:0x000006d9 x19:0x80021df8
      587922000	     29294	80005192	020bf333	remu	x6,x23,x0	 x23:0x00000000  x0:0x00000000  x6=0x00000000
      587942000	     29295	80005196	05f5	c.addi	x11,29	 x11:0x00000000 x11=0x0000001d
      587962000	     29296	80005198	e715	c.bnez	x14,800051c4	 x14:0x00000000
      588002000	     29298	8000519a	037454b3	divu	x9,x8,x23	  x8:0x00000000 x23:0x00000000  x9=0xffffffff
      588122000	     29304	8000519e	41fb02b3	sub	x5,x22,x31	 x22:0x00000000 x31:0x0000000b  x5=0xfffffff5
      588142000	     29305	800051a2	00a5dbb3	srl	x23,x11,x10	 x11:0x0000001d x10:0x00000000 x23=0x0000001d
      588942000	     29345	800051a6	03755233	divu	x4,x10,x23	 x10:0x00000000 x23:0x0000001d  x4=0x00000000
      588962000	     29346	800051aa	04fbc063	blt	x23,x15,800051ea	 x23:0x0000001d x15:0x00000000
      588982000	     29347	800051ae	0001	c.addi	x0,0	  x0:0x00000000  x0=0x00000000
      589002000	     29348	800051b0	a40ded93	ori	x27,x27,-1472	 x27:0x309a7000 x27=0xfffffa40
      589022000	     29349	800051b4	717d	c.addi16sp	x2,-16	  x2:0x00000000  x2=0xfffffff0
      589042000	     29350	800051b6	c357f613	andi	x12,x15,-971	 x15:0x00000000 x12=0x00000000
      589062000	     29351	800051ba	8bf1	c.andi	x15,28	 x15:0x00000000 x15=0x00000000
      589082000	     29352	800051bc	d0144a93	xori	x21,x8,-767	  x8:0x00000000 x21=0xfffffd01
      589282000	     29362	800051c0	2073ba93	sltiu	x21,x7,519	  x7:0xfffffc0b x21=0x00000000
      589722000	     29384	800051c4	8fb1	c.xor	x15,x12	 x15:0x00000000 x12:0x00000000 x15=0x00000000
      590142000	     29405	800051c6	035fdf63	bge	x31,x21,80005204	 x31:0x0000000b x21:0x00000000
      590802000	     29438	80005204	8dad	c.xor	x11,x11	 x11:0x0000001d x11:0x0000001d x11=0x00000000
      590822000	     29439	80005206	0ea1	c.addi	x29,8	 x29:0x00000001 x29=0x00000009
      591242000	     29460	80005208	8e15	c.sub	x12,x13	 x12:0x00000000 x13:0x00000001 x12=0xffffffff
      591662000	     29481	8000520a	03ecbe33	mulhu	x28,x25,x30	 x25:0x80025ce4 x30:0x00000001 x28=0x00000000
      591782000	     29487	8000520e	0352d133	divu	x2,x5,x21	  x5:0xfffffff5 x21:0x00000000  x2=0xffffffff
      591802000	     29488	80005212	0ff0000f	fence	iorw,iorw	
      591882000	     29492	80005216	00aad663	bge	x21,x10,80005222	 x21:0x00000000 x10:0x00000000
      592262000	     29511	80005222	02389ab3	mulh	x21,x17,x3	 x17:0x00000003  x3:0x54034000 x21=0x00000000
      592402000	     29518	80005226	03220433	mul	x8,x4,x18	  x4:0x00000000 x18:0xffffffff  x8=0x00000000
      592422000	     29519	8000522a	74198d13	addi	x26,x19,1857	 x19:0x80021df8 x26=0x80022539
      592442000	     29520	8000522e	8809	c.andi	x8,2	  x8:0x00000000  x8=0x00000000
      592842000	     29540	80005230	0000100f	fence.i	
      593442000	     29570	80005234	0168d693	srli	x13,x17,0x16	 x17:0x00000003 x13=0x00000000
      593462000	     29571	80005238	4475	c.li	x8,29	  x8=0x0000001d
      593482000	     29572	8000523a	8dd5	c.or	x11,x13	 x11:0x00000000 x13:0x00000000 x11=0x00000000
      593822000	     29589	8000523c	02e1a4b3	mulhsu	x9,x3,x14	  x3:0x54034000 x14:0x00000000  x9=0x00000000
      593842000	     29590	80005240	00471a13	slli	x20,x14,0x4	 x14:0x00000000 x20=0x00000000
      593862000	     29591	80005244	0001	c.addi	x0,0	  x0:0x00000000  x0=0x00000000
      593882000	     29592	80005246	8d3d	c.xor	x10,x15	 x10:0x00000000 x15:0x00000000 x10=0x00000000
      593922000	     29594	80005248	036f5333	divu	x6,x30,x22	 x30:0x00000001 x22:0x00000000  x6=0xffffffff
      593942000	     29595	8000524c	ea9db693	sltiu	x13,x27,-343	 x27:0xfffffa40 x13=0x00000001
      593962000	     29596	80005250	184c0413	addi	x8,x24,388	 x24:0x60000000  x8=0x60000184
      594502000	     29623	80005254	c3650a93	addi	x21,x10,-970	 x10:0x00000000 x21=0xfffffc36
      594542000	     29625	80005258	02b6fb63	bgeu	x13,x11,8000528e	 x13:0x00000001 x11:0x00000000
      595182000	     29657	8000528e	0001	c.addi	x0,0	  x0:0x00000000  x0=0x00000000
      595202000	     29658	80005290	00d16863	bltu	x2,x13,800052a0	  x2:0xffffffff x13:0x00000001
      595222000	     29659	80005294	d8a02d93	slti	x27,x0,-630	  x0:0x00000000 x27=0x00000000
      595242000	     29660	80005298	6a44f713	andi	x14,x9,1700	  x9:0x00000000 x14=0x00000000
      595262000	     29661	8000529c	02e583b3	mul	x7,x11,x14	 x11:0x00000000 x14:0x00000000  x7=0x00000000
      595302000	     29663	800052a0	fa920513	addi	x10,x4,-87	  x4:0x00000000 x10=0xffffffa9
      595462000	     29671	800052a4	463b8d93	addi	x27,x23,1123	 x23:0x0000001d x27=0x00000480
      595482000	     29672	800052a8	00c292b3	sll	x5,x5,x12	  x5:0xfffffff5 x12:0xffffffff  x5=0x80000000
      595642000	     29680	800052ac	01cd1563	bne	x26,x28,800052b6	 x26:0x80022539 x28:0x00000000
      596322000	     29714	800052b6	0000100f	fence.i	
      597302000	     29763	800052ba	0ff0000f	fence	iorw,iorw	
      597722000	     29784	800052be	02268833	mul	x16,x13,x2	 x13:0x00000001  x2:0xffffffff x16=0xffffffff
      597742000	     29785	800052c2	8db9	c.xor	x11,x14	 x11:0x00000000 x14:0x00000000 x11=0x00000000
      597762000	     29786	800052c4	8f45	c.or	x14,x9	 x14:0x00000000  x9:0x00000000 x14=0x00000000
      597782000	     29787	800052c6	0108	c.addi4spn	x10,x2,128	 x10=0x0000007f
      597902000	     29793	800052c8	0f62	c.slli	x30,0x18	 x30:0x00000001 x30=0x01000000
      597922000	     29794	800052ca	0102b333	sltu	x6,x5,x16	  x5:0x80000000 x16:0xffffffff  x6=0x00000001
      597942000	     29795	800052ce	8fe5	c.and	x15,x9	 x15:0x00000000  x9:0x00000000 x15=0x00000000
      597962000	     29796	800052d0	02e25763	bge	x4,x14,800052fe	  x4:0x00000000 x14:0x00000000
      598462000	     29821	800052fe	035f15b3	mulh	x11,x30,x21	 x30:0x01000000 x21:0xfffffc36 x11=0xfffffffc
      598482000	     29822	80005302	0998	c.addi4spn	x14,x2,208	 x14=0x000000cf
      598702000	     29833	80005304	0010e2b3	or	x5,x1,x1	  x1:0x00009000  x1:0x00009000  x5=0x00009000
      598722000	     29834	80005308	c789	c.beqz	x15,80005312	 x15:0x00000000
      599162000	     29856	80005312	0000100f	fence.i	
      599522000	     29874	80005316	03828c63	beq	x5,x24,8000534e	  x5:0x00009000 x24:0x60000000
      599782000	     29887	8000531a	034e51b3	divu	x3,x28,x20	 x28:0x00000000 x20:0x00000000  x3=0xffffffff
      600182000	     29907	8000531e	016a6033	or	x0,x20,x22	 x20:0x00000000 x22:0x00000000  x0=0x00000000
      600342000	     29915	80005322	03b296b3	mulh	x13,x5,x27	  x5:0x00009000 x27:0x00000480 x13=0x00000000
      600362000	     29916	80005326	0184c8b3	xor	x17,x9,x24	  x9:0x00000000 x24:0x60000000 x17=0x60000000
      600382000	     29917	8000532a	00f17433	and	x8,x2,x15	  x2:0xffffffff x15:0x00000000  x8=0x00000000
      600402000	     29918	8000532e	05bb9363	bne	x23,x27,80005374	 x23:0x0000001d x27:0x00000480
      600842000	     29940	80005374	001b1b93	slli	x23,x22,0x1	 x22:0x00000000 x23=0x00000000
      600862000	     29941	80005378	8ba5	c.andi	x15,9	 x15:0x00000000 x15=0x00000000
      600882000	     29942	8000537a	e51d	c.bnez	x10,800053a8	 x10:0x0000007f
      601142000	     29955	800053a8	9a6e	c.add	x20,x27	 x20:0x00000000 x27:0x00000480 x20=0x00000480
      601162000	     29956	800053aa	8ebd	c.xor	x13,x15	 x13:0x00000000 x15:0x00000000 x13=0x00000000
      601182000	     29957	800053ac	a58c6913	ori	x18,x24,-1448	 x24:0x60000000 x18=0xfffffa58
      601222000	     29959	800053b0	036322b3	mulhsu	x5,x6,x22	  x6:0x00000001 x22:0x00000000  x5=0x00000000
      601242000	     29960	800053b4	00a1ebb3	or	x23,x3,x10	  x3:0xffffffff x10:0x0000007f x23=0xffffffff
      601262000	     29961	800053b8	01ef4563	blt	x30,x30,800053c2	 x30:0x01000000 x30:0x01000000
      601282000	     29962	800053bc	41e7da93	srai	x21,x15,0x1e	 x15:0x00000000 x21=0x00000000
      601522000	     29974	800053c0	8ac2	c.mv	x21,x16	  x0:0x00000000 x16:0xffffffff x21=0xffffffff
      601622000	     29979	800053c2	41620ab3	sub	x21,x4,x22	  x4:0x00000000 x22:0x00000000 x21=0x00000000
      601642000	     29980	800053c6	99fd	c.andi	x11,-1	 x11:0xfffffffc x11=0xfffffffc
      601662000	     29981	800053c8	c609	c.beqz	x12,800053d2	 x12:0xffffffff
      601802000	     29988	800053ca	00d3f3b3	and	x7,x7,x13	  x7:0x00000000 x13:0x00000000  x7=0x00000000
      601822000	     29989	800053ce	31987813	andi	x16,x16,793	 x16:0xffffffff x16=0x00000319
      602222000	     30009	800053d2	36c598b7	lui	x17,0x36c59	 x17=0x36c59000
      602342000	     30015	800053d6	8a65c193	xori	x3,x11,-1882	 x11:0xfffffffc  x3=0x0000075a
      602362000	     30016	800053da	8949	c.andi	x10,18	 x10:0x0000007f x10=0x00000012
      602422000	     30019	800053dc	02716033	rem	x0,x2,x7	  x2:0xffffffff  x7:0x00000000  x0=0x00000000
      602442000	     30020	800053e0	0ff0000f	fence	iorw,iorw	
      602462000	     30021	800053e4	8fd1	c.or	x15,x12	 x15:0x00000000 x12:0xffffffff x15=0xffffffff
      602482000	     30022	800053e6	8ffd	c.and	x15,x15	 x15:0xffffffff x15:0xffffffff x15=0xffffffff
      602522000	     30024	800053e8	035e5533	divu	x10,x28,x21	 x28:0x00000000 x21:0x00000000 x10=0xffffffff
      603262000	     30061	800053ec	03e4f433	remu	x8,x9,x30	  x9:0x00000000 x30:0x01000000  x8=0x00000000
      603282000	     30062	800053f0	01f65813	srli	x16,x12,0x1f	 x12:0xffffffff x16=0x00000001
      603302000	     30063	800053f4	41a8d893	srai	x17,x17,0x1a	 x17:0x36c59000 x17=0x0000000d
      603322000	     30064	800053f8	410fda33	sra	x20,x31,x16	 x31:0x0000000b x16:0x00000001 x20=0x00000005
      603342000	     30065	800053fc	0001	c.addi	x0,0	  x0:0x00000000  x0=0x00000000
      603382000	     30067	800053fe	0291d433	divu	x8,x3,x9	  x3:0x0000075a  x9:0x00000000  x8=0xffffffff
      603402000	     30068	80005402	187d	c.addi	x16,-1	 x16:0x00000001 x16=0x00000000
      603422000	     30069	80005404	86a5	c.srai	x13,0x9	 x13:0x00000000 x13=0x00000000
      603442000	     30070	80005406	0001	c.addi	x0,0	  x0:0x00000000  x0=0x00000000
      603482000	     30072	80005408	0ff0000f	fence	iorw,iorw	
      603502000	     30073	8000540c	003ee833	or	x16,x29,x3	 x29:0x00000009  x3:0x0000075a x16=0x0000075b
      603522000	     30074	80005410	8cd1	c.or	x9,x12	  x9:0x00000000 x12:0xffffffff  x9=0xffffffff
      603542000	     30075	80005412	079c	c.addi4spn	x15,x2,960	 x15=0x000003bf
      603562000	     30076	80005414	0178ae33	slt	x28,x17,x23	 x17:0x0000000d x23:0xffffffff x28=0x00000000
      603582000	     30077	80005418	03f5	c.addi	x7,29	  x7:0x00000000  x7=0x0000001d
      604122000	     30104	8000541a	2857fd93	andi	x27,x15,645	 x15:0x000003bf x27=0x00000285
      604142000	     30105	8000541e	00ec1e33	sll	x28,x24,x14	 x24:0x60000000 x14:0x000000cf x28=0x00000000
      604242000	     30110	80005422	00eb93b3	sll	x7,x23,x14	 x23:0xffffffff x14:0x000000cf  x7=0xffff8000
      604262000	     30111	80005426	948a	c.add	x9,x2	  x9:0xffffffff  x2:0xffffffff  x9=0xfffffffe
      604662000	     30131	80005428	411486b3	sub	x13,x9,x17	  x9:0xfffffffe x17:0x0000000d x13=0xfffffff1
      604682000	     30132	8000542c	6159	c.addi16sp	x2,400	  x2:0xffffffff  x2=0x0000018f
      604722000	     30134	8000542e	02ce9eb3	mulh	x29,x29,x12	 x29:0x00000009 x12:0xffffffff x29=0xffffffff
      604742000	     30135	80005432	8e61	c.and	x12,x8	 x12:0xffffffff  x8:0xffffffff x12=0xffffffff
      604782000	     30137	80005434	03942133	mulhsu	x2,x8,x25	  x8:0xffffffff x25:0x80025ce4  x2=0xffffffff
      604822000	     30139	80005438	035136b3	mulhu	x13,x2,x21	  x2:0xffffffff x21:0x00000000 x13=0x00000000
      604842000	     30140	8000543c	07fe	c.slli	x15,0x1f	 x15:0x000003bf x15=0x80000000
      604942000	     30145	8000543e	2b50b3b7	lui	x7,0x2b50b	  x7=0x2b50b000
      604962000	     30146	80005442	9ad6dab7	lui	x21,0x9ad6d	 x21=0x9ad6d000
      605442000	     30170	80005446	0000100f	fence.i	
      606182000	     30207	8000544a	0243f163	bgeu	x7,x4,8000546c	  x7:0x2b50b000  x4:0x00000000
      607222000	     30259	8000546c	01b91833	sll	x16,x18,x27	 x18:0xfffffa58 x27:0x00000285 x16=0xffff4b00
      607242000	     30260	80005470	ebaa8193	addi	x3,x21,-326	 x21:0x9ad6d000  x3=0x9ad6ceba
      607282000	     30262	80005474	035010b3	mulh	x1,x0,x21	  x0:0x00000000 x21:0x9ad6d000  x1=0x00000000
      607322000	     30264	80005478	02bfb1b3	mulhu	x3,x31,x11	 x31:0x0000000b x11:0xfffffffc  x3=0x0000000a
      607342000	     30265	8000547c	8299	c.srli	x13,0x6	 x13:0x00000000 x13=0x00000000
      607362000	     30266	8000547e	e039	c.bnez	x8,800054c4	  x8:0xffffffff
      608062000	     30301	800054c4	ca8d	c.beqz	x13,800054f6	 x13:0x00000000
      608402000	     30318	800054f6	6afd	c.lui	x21,0x1f	 x21=0x0001f000
      608422000	     30319	800054f8	02304f63	blt	x0,x3,80005536	  x0:0x00000000  x3:0x0000000a
      609482000	     30372	80005536	0001	c.addi	x0,0	  x0:0x00000000  x0=0x00000000
      609542000	     30375	80005538	00b1dab3	srl	x21,x3,x11	  x3:0x0000000a x11:0xfffffffc x21=0x00000000
      609562000	     30376	8000553c	8096	c.mv	x1,x5	  x0:0x00000000  x5:0x00000000  x1=0x00000000
      609662000	     30381	8000553e	0ff0000f	fence	iorw,iorw	
      609942000	     30395	80005542	12e80013	addi	x0,x16,302	 x16:0xffff4b00  x0=0x00000000
      609962000	     30396	80005546	00bf6c63	bltu	x30,x11,8000555e	 x30:0x01000000 x11:0xfffffffc
      610762000	     30436	8000555e	fdffac13	slti	x24,x31,-33	 x31:0x0000000b x24=0x00000000
      610782000	     30437	80005562	8d35	c.xor	x10,x13	 x10:0xffffffff x13:0x00000000 x10=0xffffffff
      611902000	     30493	80005564	03bb6db3	rem	x27,x22,x27	 x22:0x00000000 x27:0x00000285 x27=0x00000000
      611922000	     30494	80005568	8add	c.andi	x13,23	 x13:0x00000000 x13=0x00000000
      611942000	     30495	8000556a	027ef163	bgeu	x29,x7,8000558c	 x29:0xffffffff  x7:0x2b50b000
      612042000	     30500	8000558c	03d4a3b3	mulhsu	x7,x9,x29	  x9:0xfffffffe x29:0xffffffff  x7=0xfffffffe
      612082000	     30502	80005590	b5edc193	xori	x3,x27,-1186	 x27:0x00000000  x3=0xfffffb5e
      612162000	     30506	80005594	5b7d	c.li	x22,-1	 x22=0xffffffff
      612602000	     30528	80005596	031b2233	mulhsu	x4,x22,x17	 x22:0xffffffff x17:0x0000000d  x4=0xffffffff
      613002000	     30548	8000559a	00ce9563	bne	x29,x12,800055a4	 x29:0xffffffff x12:0xffffffff
      613022000	     30549	8000559e	01a8bab3	sltu	x21,x17,x26	 x17:0x0000000d x26:0x80022539 x21=0x00000001
      613042000	     30550	800055a2	0001	c.addi	x0,0	  x0:0x00000000  x0=0x00000000
      613062000	     30551	800055a4	5b7d	c.li	x22,-1	 x22=0xffffffff
      613342000	     30565	800055a6	018fceb3	xor	x29,x31,x24	 x31:0x0000000b x24:0x00000000 x29=0x0000000b
      613362000	     30566	800055aa	00d688b3	add	x17,x13,x13	 x13:0x00000000 x13:0x00000000 x17=0x00000000
      613382000	     30567	800055ae	01a4e633	or	x12,x9,x26	  x9:0xfffffffe x26:0x80022539 x12=0xffffffff
      613402000	     30568	800055b2	40730db3	sub	x27,x6,x7	  x6:0x00000001  x7:0xfffffffe x27=0x00000003
      613422000	     30569	800055b6	01912e33	slt	x28,x2,x25	  x2:0xffffffff x25:0x80025ce4 x28=0x00000000
      613442000	     30570	800055ba	177d	c.addi	x14,-1	 x14:0x000000cf x14=0x000000ce
      613462000	     30571	800055bc	8f2d	c.xor	x14,x11	 x14:0x000000ce x11:0xfffffffc x14=0xffffff32
      613502000	     30573	800055be	02986863	bltu	x16,x9,800055ee	 x16:0xffff4b00  x9:0xfffffffe
      614062000	     30601	800055ee	01db98b3	sll	x17,x23,x29	 x23:0xffffffff x29:0x0000000b x17=0xfffff800
      614162000	     30606	800055f2	000bfeb3	and	x29,x23,x0	 x23:0xffffffff  x0:0x00000000 x29=0x00000000
      614182000	     30607	800055f6	00b57763	bgeu	x10,x11,80005604	 x10:0xffffffff x11:0xfffffffc
      615522000	     30674	80005604	0371f433	remu	x8,x3,x23	  x3:0xfffffb5e x23:0xffffffff  x8=0xfffffb5e
      615562000	     30676	80005608	0206a0b3	mulhsu	x1,x13,x0	 x13:0x00000000  x0:0x00000000  x1=0x00000000
      615582000	     30677	8000560c	5c1de113	ori	x2,x27,1473	 x27:0x00000003  x2=0x000005c3
      615602000	     30678	80005610	14fd	c.addi	x9,-1	  x9:0xfffffffe  x9=0xfffffffd
      615622000	     30679	80005612	ec717293	andi	x5,x2,-313	  x2:0x000005c3  x5=0x000004c3
      615922000	     30694	80005616	029fb633	mulhu	x12,x31,x9	 x31:0x0000000b  x9:0xfffffffd x12=0x0000000a
      615942000	     30695	8000561a	0001	c.addi	x0,0	  x0:0x00000000  x0=0x00000000
      615962000	     30696	8000561c	8161	c.srli	x10,0x18	 x10:0xffffffff x10=0x000000ff
      615982000	     30697	8000561e	717d	c.addi16sp	x2,-16	  x2:0x000005c3  x2=0x000005b3
      616002000	     30698	80005620	8475	c.srai	x8,0x1d	  x8:0xfffffb5e  x8=0xffffffff
      616022000	     30699	80005622	15fe1197	auipc	x3,0x15fe1	  x3=0x95fe6622
      616142000	     30705	80005626	01b60c33	add	x24,x12,x27	 x12:0x0000000a x27:0x00000003 x24=0x0000000d
      629882000	     31392	8000562a	1ce8ed93	ori	x27,x17,462	 x17:0xfffff800 x27=0xfffff9ce
      629922000	     31394	8000562e	029731b3	mulhu	x3,x14,x9	 x14:0xffffff32  x9:0xfffffffd  x3=0xffffff2f
      629942000	     31395	80005632	0f3e	c.slli	x30,0xf	 x30:0x01000000 x30=0x00000000
      629962000	     31396	80005634	0c00	c.addi4spn	x8,x2,528	  x8=0x000007c3
      629982000	     31397	80005636	0076d113	srli	x2,x13,0x7	 x13:0x00000000  x2=0x00000000
      630022000	     31399	8000563a	036711b3	mulh	x3,x14,x22	 x14:0xffffff32 x22:0xffffffff  x3=0x00000000
      630162000	     31406	8000563e	008afc33	and	x24,x21,x8	 x21:0x00000001  x8:0x000007c3 x24=0x00000001
      630182000	     31407	80005642	8f7d	c.and	x14,x15	 x14:0xffffff32 x15:0x80000000 x14=0x80000000
      630242000	     31410	80005644	0722f713	andi	x14,x5,114	  x5:0x000004c3 x14=0x00000042
      630262000	     31411	80005648	8c09	c.sub	x8,x10	  x8:0x000007c3 x10:0x000000ff  x8=0x000006c4
      630722000	     31434	8000564a	0049a603	lw	x12,4(x19)	 x19:0x80021df8 x12=0x800057d0 PA:0x80021dfc load:0x800057d0
      630742000	     31435	8000564e	09f1	c.addi	x19,28	 x19:0x80021df8 x19=0x80021e14
      630762000	     31436	80005650	0386	c.slli	x7,0x1	  x7:0xfffffffe  x7=0xfffffffc
      630782000	     31437	80005652	00060f13	addi	x30,x12,0	 x12:0x800057d0 x30=0x800057d0
      630802000	     31438	80005656	8f02	c.jr	x30	 x30:0x800057d0
      631102000	     31453	800057d0	85fd	c.srai	x11,0x1f	 x11:0xfffffffc x11=0xffffffff
      631182000	     31457	800057d2	4a322893	slti	x17,x4,1187	  x4:0xffffffff x17=0x00000001
      631202000	     31458	800057d6	4391	c.li	x7,4	  x7=0x00000004
      631322000	     31464	800057d8	02d720b3	mulhsu	x1,x14,x13	 x14:0x00000042 x13:0x00000000  x1=0x00000000
      631342000	     31465	800057dc	037ef663	bgeu	x29,x23,80005808	 x29:0x00000000 x23:0xffffffff
      632122000	     31504	800057e0	0281cf33	div	x30,x3,x8	  x3:0x00000000  x8:0x000006c4 x30=0x00000000
      632142000	     31505	800057e4	3c45b113	sltiu	x2,x11,964	 x11:0xffffffff  x2=0x00000000
      632162000	     31506	800057e8	8d85	c.sub	x11,x9	 x11:0xffffffff  x9:0xfffffffd x11=0x00000002
      632182000	     31507	800057ea	011eb4b3	sltu	x9,x29,x17	 x29:0x00000000 x17:0x00000001  x9=0x00000001
      632202000	     31508	800057ee	41c5	c.li	x3,17	  x3=0x00000011
      632222000	     31509	800057f0	8bb1	c.andi	x15,12	 x15:0x80000000 x15=0x00000000
      632242000	     31510	800057f2	0122	c.slli	x2,0x8	  x2:0x00000000  x2=0x00000000
      632262000	     31511	800057f4	019b1563	bne	x22,x25,800057fe	 x22:0xffffffff x25:0x80025ce4
      633562000	     31576	800057fe	02e7fdb3	remu	x27,x15,x14	 x15:0x00000000 x14:0x00000042 x27=0x00000000
      633582000	     31577	80005802	011684b3	add	x9,x13,x17	 x13:0x00000000 x17:0x00000001  x9=0x00000001
      633602000	     31578	80005806	8e7d	c.and	x12,x15	 x12:0x800057d0 x15:0x00000000 x12=0x00000000
      633622000	     31579	80005808	147d	c.addi	x8,-1	  x8:0x000006c4  x8=0x000006c3
      633662000	     31581	8000580a	02fac5b3	div	x11,x21,x15	 x21:0x00000001 x15:0x00000000 x11=0xffffffff
      633742000	     31585	8000580e	fdeb77b7	lui	x15,0xfdeb7	 x15=0xfdeb7000
      633762000	     31586	80005812	8f6d	c.and	x14,x11	 x14:0x00000042 x11:0xffffffff x14=0x00000042
      634162000	     31606	80005814	127d	c.addi	x4,-1	  x4:0xffffffff  x4=0xfffffffe
      634782000	     31637	80005816	0049a603	lw	x12,4(x19)	 x19:0x80021e14 x12=0x8000588a PA:0x80021e18 load:0x8000588a
      634802000	     31638	8000581a	00941a13	slli	x20,x8,0x9	  x8:0x000006c3 x20=0x000d8600
      634822000	     31639	8000581e	010128b3	slt	x17,x2,x16	  x2:0x00000000 x16:0xffff4b00 x17=0x00000000
      634842000	     31640	80005822	02498993	addi	x19,x19,36	 x19:0x80021e14 x19=0x80021e38
      634862000	     31641	80005826	04ba	c.slli	x9,0xe	  x9:0x00000001  x9=0x00004000
      634882000	     31642	80005828	00160b93	addi	x23,x12,1	 x12:0x8000588a x23=0x8000588b
      635142000	     31655	8000582c	000b8be7	jalr	x23,0(x23)	 x23:0x8000588b x23=0x80005830
      636122000	     31704	8000588a	8c25	c.xor	x8,x9	  x8:0x000006c3  x9:0x00004000  x8=0x000046c3
      636242000	     31710	8000588c	43cd	c.li	x7,19	  x7=0x00000013
      636262000	     31711	8000588e	0001	c.addi	x0,0	  x0:0x00000000  x0=0x00000000
      636282000	     31712	80005890	019eef33	or	x30,x29,x25	 x29:0x00000000 x25:0x80025ce4 x30=0x80025ce4
      636682000	     31732	80005894	01af9933	sll	x18,x31,x26	 x31:0x0000000b x26:0x80022539 x18=0x16000000
      637102000	     31753	80005898	013d5733	srl	x14,x26,x19	 x26:0x80022539 x19:0x80021e38 x14=0x00000080
      637122000	     31754	8000589c	cb0d	c.beqz	x14,800058ce	 x14:0x00000080
      637542000	     31775	8000589e	96f00b97	auipc	x23,0x96f00	 x23=0x16f0589e
      637582000	     31777	800058a2	039f1333	mulh	x6,x30,x25	 x30:0x80025ce4 x25:0x80025ce4  x6=0x3ffda321
      637662000	     31781	800058a6	31b30d93	addi	x27,x6,795	  x6:0x3ffda321 x27=0x3ffda63c
      637682000	     31782	800058aa	028502b3	mul	x5,x10,x8	 x10:0x000000ff  x8:0x000046c3  x5=0x00467c3d
      638422000	     31819	800058ae	03f16633	rem	x12,x2,x31	  x2:0x00000000 x31:0x0000000b x12=0x00000000
      638442000	     31820	800058b2	99fd	c.andi	x11,-1	 x11:0xffffffff x11=0xffffffff
      638462000	     31821	800058b4	00a8e533	or	x10,x17,x10	 x17:0x00000000 x10:0x000000ff x10=0x000000ff
      638482000	     31822	800058b8	40015a33	sra	x20,x2,x0	  x2:0x00000000  x0:0x00000000 x20=0x00000000
      638522000	     31824	800058bc	0208a733	mulhsu	x14,x17,x0	 x17:0x00000000  x0:0x00000000 x14=0x00000000
      638562000	     31826	800058c0	0325a233	mulhsu	x4,x11,x18	 x11:0xffffffff x18:0x16000000  x4=0xffffffff
      638582000	     31827	800058c4	0ff0000f	fence	iorw,iorw	
      638782000	     31837	800058c8	03bfb1b3	mulhu	x3,x31,x27	 x31:0x0000000b x27:0x3ffda63c  x3=0x00000002
      638802000	     31838	800058cc	e50d	c.bnez	x10,800058f6	 x10:0x000000ff
      639202000	     31858	800058f6	01f1c233	xor	x4,x3,x31	  x3:0x00000002 x31:0x0000000b  x4=0x00000009
      639502000	     31873	800058fa	7c252293	slti	x5,x10,1986	 x10:0x000000ff  x5=0x00000001
      639822000	     31889	800058fe	0049a603	lw	x12,4(x19)	 x19:0x80021e38 x12=0x80003510 PA:0x80021e3c load:0x80003510
      639842000	     31890	80005902	02c98993	addi	x19,x19,44	 x19:0x80021e38 x19=0x80021e64
      639862000	     31891	80005906	84277593	andi	x11,x14,-1982	 x14:0x00000000 x11=0x00000000
      639902000	     31893	8000590a	02321a33	mulh	x20,x4,x3	  x4:0x00000009  x3:0x00000002 x20=0x00000000
      639922000	     31894	8000590e	00060413	addi	x8,x12,0	 x12:0x80003510  x8=0x80003510
      639942000	     31895	80005912	8402	c.jr	x8	  x8:0x80003510
      640442000	     31920	80003510	01507c33	and	x24,x0,x21	  x0:0x00000000 x21:0x00000001 x24=0x00000000
      640562000	     31926	80003514	0393b5b3	mulhu	x11,x7,x25	  x7:0x00000013 x25:0x80025ce4 x11=0x00000009
      640582000	     31927	80003518	67dd	c.lui	x15,0x17	 x15=0x00017000
      640602000	     31928	8000351a	01ada6b3	slt	x13,x27,x26	 x27:0x3ffda63c x26:0x80022539 x13=0x00000000
      641462000	     31971	8000351e	023774b3	remu	x9,x14,x3	 x14:0x00000000  x3:0x00000002  x9=0x00000000
      641482000	     31972	80003522	c1ad	c.beqz	x11,80003584	 x11:0x00000009
      641522000	     31974	80003524	031240b3	div	x1,x4,x17	  x4:0x00000009 x17:0x00000000  x1=0xffffffff
      641542000	     31975	80003528	005105b3	add	x11,x2,x5	  x2:0x00000000  x5:0x00000001 x11=0x00000001
      641562000	     31976	8000352c	0001	c.addi	x0,0	  x0:0x00000000  x0=0x00000000
      641582000	     31977	8000352e	4159d4b3	sra	x9,x19,x21	 x19:0x80021e64 x21:0x00000001  x9=0xc0010f32
      641602000	     31978	80003532	00002f17	auipc	x30,0x2	 x30=0x80005532
      641622000	     31979	80003536	2fef0f13	addi	x30,x30,766	 x30:0x80005532 x30=0x80005830
      642042000	     32000	8000353a	7258b493	sltiu	x9,x17,1829	 x17:0x00000000  x9=0x00000001
      642082000	     32002	8000353e	038bc933	div	x18,x23,x24	 x23:0x16f0589e x24:0x00000000 x18=0xffffffff
      642102000	     32003	80003542	3fbf0f13	addi	x30,x30,1019	 x30:0x80005830 x30=0x80005c2b
      642322000	     32014	80003546	00367c33	and	x24,x12,x3	 x12:0x80003510  x3:0x00000002 x24=0x00000000
      642522000	     32024	8000354a	415b88b3	sub	x17,x23,x21	 x23:0x16f0589e x21:0x00000001 x17=0x16f0589d
      642942000	     32045	8000354e	71796a93	ori	x21,x18,1815	 x18:0xffffffff x21=0xffffffff
      642962000	     32046	80003552	9196	c.add	x3,x5	  x3:0x00000002  x5:0x00000001  x3=0x00000003
      643122000	     32054	80003554	020755b3	divu	x11,x14,x0	 x14:0x00000000  x0:0x00000000 x11=0xffffffff
      643222000	     32059	80003558	0001	c.addi	x0,0	  x0:0x00000000  x0=0x00000000
      643242000	     32060	8000355a	0093e8b3	or	x17,x7,x9	  x7:0x00000013  x9:0x00000001 x17=0x00000013
      643442000	     32070	8000355e	0098c363	blt	x17,x9,80003564	 x17:0x00000013  x9:0x00000001
      643462000	     32071	80003562	8a5a	c.mv	x20,x22	  x0:0x00000000 x22:0xffffffff x20=0xffffffff
      643482000	     32072	80003564	c05f0667	jalr	x12,-1019(x30)	 x30:0x80005c2b x12=0x80003568
      643542000	     32075	80005830	0321a0b3	mulhsu	x1,x3,x18	  x3:0x00000003 x18:0xffffffff  x1=0x00000002
      643562000	     32076	80005834	00b6d663	bge	x13,x11,80005840	 x13:0x00000000 x11:0xffffffff
      644522000	     32124	80005840	fd498993	addi	x19,x19,-44	 x19:0x80021e64 x19=0x80021e38
      644542000	     32125	80005844	0001	c.addi	x0,0	  x0:0x00000000  x0=0x00000000
      644602000	     32128	80005846	00c9a223	sw	x12,4(x19)	 x19:0x80021e38 x12:0x80003568 PA:0x80021e3c store:0x80003568 load:0xffffffff
      644762000	     32136	8000584a	008018b3	sll	x17,x0,x8	  x0:0x00000000  x8:0x80003510 x17=0x00000000
      644782000	     32137	8000584e	8451	c.srai	x8,0x14	  x8:0x80003510  x8=0xfffff800
      645022000	     32149	80005850	00cb1133	sll	x2,x22,x12	 x22:0xffffffff x12:0x80003568  x2=0xffffff00
      645382000	     32167	80005854	01de37b3	sltu	x15,x28,x29	 x28:0x00000000 x29:0x00000000 x15=0x00000000
      645402000	     32168	80005858	b7d43593	sltiu	x11,x8,-1155	  x8:0xfffff800 x11=0x00000001
      645462000	     32171	8000585c	80d6	c.mv	x1,x21	  x0:0x00000000 x21:0xffffffff  x1=0xffffffff
      645882000	     32192	8000585e	73eed717	auipc	x14,0x73eed	 x14=0xf3ef285e
      645902000	     32193	80005862	01b34663	blt	x6,x27,8000586e	  x6:0x3ffda321 x27:0x3ffda63c
      646322000	     32214	8000586e	f31ff66f	jal	x12,8000579e	 x12=0x80005872
      647162000	     32256	8000579e	0083e463	bltu	x7,x8,800057a6	  x7:0x00000013  x8:0xfffff800
      648782000	     32337	800057a6	fdc98993	addi	x19,x19,-36	 x19:0x80021e38 x19=0x80021e14
      648842000	     32340	800057aa	00c9a223	sw	x12,4(x19)	 x19:0x80021e14 x12:0x80005872 PA:0x80021e18 store:0x80005872 load:0xffffffff
      648862000	     32341	800057ae	0222	c.slli	x4,0x8	  x4:0x00000009  x4=0x00000900
      648882000	     32342	800057b0	dacff893	andi	x17,x31,-596	 x31:0x0000000b x17=0x00000008
      648902000	     32343	800057b4	0000100f	fence.i	
      648962000	     32346	800057b8	0001	c.addi	x0,0	  x0:0x00000000  x0=0x00000000
      648982000	     32347	800057ba	8c39	c.xor	x8,x14	  x8:0xfffff800 x14:0xf3ef285e  x8=0x0c10d05e
      649402000	     32368	800057bc	032037b3	mulhu	x15,x0,x18	  x0:0x00000000 x18:0xffffffff x15=0x00000000
      650142000	     32405	800057c0	0313e3b3	rem	x7,x7,x17	  x7:0x00000013 x17:0x00000008  x7=0x00000003
      650162000	     32406	800057c4	40a45013	srai	x0,x8,0xa	  x8:0x0c10d05e  x0=0x00000000
      650902000	     32443	800057c8	021167b3	rem	x15,x2,x1	  x2:0xffffff00  x1:0xffffffff x15=0x00000000
      650922000	     32444	800057cc	ef7fd66f	jal	x12,800036c2	 x12=0x800057d0
      651062000	     32451	800036c2	8c61	c.and	x8,x8	  x8:0x0c10d05e  x8:0x0c10d05e  x8=0x0c10d05e
      651082000	     32452	800036c4	9ade6513	ori	x10,x28,-1619	 x28:0x00000000 x10=0xfffff9ad
      651522000	     32474	800036c8	0301b133	mulhu	x2,x3,x16	  x3:0x00000003 x16:0xffff4b00  x2=0x00000002
      651542000	     32475	800036cc	1991	c.addi	x19,-28	 x19:0x80021e14 x19=0x80021df8
      651942000	     32495	800036ce	21ec2b13	slti	x22,x24,542	 x24:0x00000000 x22=0x00000001
      651962000	     32496	800036d2	00e81d33	sll	x26,x16,x14	 x16:0xffff4b00 x14:0xf3ef285e x26=0x00000000
      652162000	     32506	800036d6	00c9a223	sw	x12,4(x19)	 x19:0x80021df8 x12:0x800057d0 PA:0x80021dfc store:0x800057d0 load:0xffffffff
      652182000	     32507	800036da	0da6	c.slli	x27,0x9	 x27:0x3ffda63c x27=0xfb4c7800
      652202000	     32508	800036dc	9f66b493	sltiu	x9,x13,-1546	 x13:0x00000000  x9=0x00000001
      652242000	     32510	800036e0	020ed033	divu	x0,x29,x0	 x29:0x00000000  x0:0x00000000  x0=0x00000000
      652262000	     32511	800036e4	00a4b733	sltu	x14,x9,x10	  x9:0x00000001 x10:0xfffff9ad x14=0x00000001
      652282000	     32512	800036e8	82e2	c.mv	x5,x24	  x0:0x00000000 x24:0x00000000  x5=0x00000000
      652302000	     32513	800036ea	8fdd	c.or	x15,x15	 x15:0x00000000 x15:0x00000000 x15=0x00000000
      652322000	     32514	800036ec	0007f963	bgeu	x15,x0,800036fe	 x15:0x00000000  x0:0x00000000
      653202000	     32558	800036fe	0ff0000f	fence	iorw,iorw	
      653642000	     32580	80003702	03101233	mulh	x4,x0,x17	  x0:0x00000000 x17:0x00000008  x4=0x00000000
      654382000	     32617	80003706	035af433	remu	x8,x21,x21	 x21:0xffffffff x21:0xffffffff  x8=0x00000000
      654402000	     32618	8000370a	127d	c.addi	x4,-1	  x4:0x00000000  x4=0xffffffff
      654422000	     32619	8000370c	8c39	c.xor	x8,x14	  x8:0x00000000 x14:0x00000001  x8=0x00000001
      654442000	     32620	8000370e	e3cd0a13	addi	x20,x26,-452	 x26:0x00000000 x20=0xfffffe3c
      654482000	     32622	80003712	02f24d33	div	x26,x4,x15	  x4:0xffffffff x15:0x00000000 x26=0xffffffff
      654502000	     32623	80003716	0001	c.addi	x0,0	  x0:0x00000000  x0=0x00000000
      654522000	     32624	80003718	6f7b67b7	lui	x15,0x6f7b6	 x15=0x6f7b6000
      654542000	     32625	8000371c	9afd	c.andi	x13,-1	 x13:0x00000000 x13=0x00000000
      654562000	     32626	8000371e	88bd	c.andi	x9,15	  x9:0x00000001  x9=0x00000001
      654682000	     32632	80003720	40915133	sra	x2,x2,x9	  x2:0x00000002  x9:0x00000001  x2=0x00000001
      655062000	     32651	80003724	ea81	c.bnez	x13,80003734	 x13:0x00000000
      655082000	     32652	80003726	02c50333	mul	x6,x10,x12	 x10:0xfffff9ad x12:0x800057d0  x6=0x7dd4a790
      655102000	     32653	8000372a	8c79	c.and	x8,x14	  x8:0x00000001 x14:0x00000001  x8=0x00000001
      655282000	     32662	8000372c	028c0c63	beq	x24,x8,80003764	 x24:0x00000000  x8:0x00000001
      655302000	     32663	80003730	006876b3	and	x13,x16,x6	 x16:0xffff4b00  x6:0x7dd4a790 x13=0x7dd40300
      655322000	     32664	80003734	4b75	c.li	x22,29	 x22=0x0000001d
      655342000	     32665	80003736	826e	c.mv	x4,x27	  x0:0x00000000 x27:0xfb4c7800  x4=0xfb4c7800
      655742000	     32685	80003738	8c95	c.sub	x9,x13	  x9:0x00000001 x13:0x7dd40300  x9=0x822bfd01
      655762000	     32686	8000373a	0001	c.addi	x0,0	  x0:0x00000000  x0=0x00000000
      655782000	     32687	8000373c	0001	c.addi	x0,0	  x0:0x00000000  x0=0x00000000
      655802000	     32688	8000373e	00032093	slti	x1,x6,0	  x6:0x7dd4a790  x1=0x00000000
      656042000	     32700	80003742	3674ed13	ori	x26,x9,871	  x9:0x822bfd01 x26=0x822bff67
      656062000	     32701	80003746	00a56863	bltu	x10,x10,80003756	 x10:0xfffff9ad x10:0xfffff9ad
      656082000	     32702	8000374a	afec4e13	xori	x28,x24,-1282	 x24:0x00000000 x28=0xfffffafe
      656182000	     32707	8000374e	cb2c2a93	slti	x21,x24,-846	 x24:0x00000000 x21=0x00000000
      656302000	     32713	80003752	01c0b4b3	sltu	x9,x1,x28	  x1:0x00000000 x28:0xfffffafe  x9=0x00000001
      656322000	     32714	80003756	41d9	c.li	x3,22	  x3=0x00000016
      657062000	     32751	80003758	03e0c933	div	x18,x1,x30	  x1:0x00000000 x30:0x80005c2b x18=0x00000000
      657082000	     32752	8000375c	0bda9517	auipc	x10,0xbda9	 x10=0x8bdac75c
      657102000	     32753	80003760	03bfd163	bge	x31,x27,80003782	 x31:0x0000000b x27:0xfb4c7800
      657242000	     32760	80003782	8355	c.srli	x14,0x15	 x14:0x00000001 x14=0x00000000
      657262000	     32761	80003784	0001	c.addi	x0,0	  x0:0x00000000  x0=0x00000000
      657382000	     32767	80003786	03a3a933	mulhsu	x18,x7,x26	  x7:0x00000003 x26:0x822bff67 x18=0x00000001
      657522000	     32774	8000378a	047ef463	bgeu	x29,x7,800037d2	 x29:0x00000000  x7:0x00000003
      657542000	     32775	8000378e	c699	c.beqz	x13,8000379c	 x13:0x7dd40300
      657562000	     32776	80003790	037d0ab3	mul	x21,x26,x23	 x26:0x822bff67 x23:0x16f0589e x21=0xc1830992
      657582000	     32777	80003794	0ff0000f	fence	iorw,iorw	
      657602000	     32778	80003798	4142d7b3	sra	x15,x5,x20	  x5:0x00000000 x20:0xfffffe3c x15=0x00000000
      657782000	     32787	8000379c	8e21	c.xor	x12,x8	 x12:0x800057d0  x8:0x00000001 x12=0x800057d1
      657922000	     32794	8000379e	00c3d563	bge	x7,x12,800037a8	  x7:0x00000003 x12:0x800057d1
      658902000	     32843	800037a8	026eb833	mulhu	x16,x29,x6	 x29:0x00000000  x6:0x7dd4a790 x16=0x00000000
      658982000	     32847	800037ac	034a6763	bltu	x20,x20,800037da	 x20:0xfffffe3c x20:0xfffffe3c
      659022000	     32849	800037b0	02fec433	div	x8,x29,x15	 x29:0x00000000 x15:0x00000000  x8=0xffffffff
      659422000	     32869	800037b4	00b46bb3	or	x23,x8,x11	  x8:0xffffffff x11:0x00000001 x23=0xffffffff
      659482000	     32872	800037b8	8f49	c.or	x14,x10	 x14:0x00000000 x10:0x8bdac75c x14=0x8bdac75c
      659682000	     32882	800037ba	021df863	bgeu	x27,x1,800037ea	 x27:0xfb4c7800  x1:0x00000000
      660862000	     32941	800037ea	9beefb93	andi	x23,x29,-1602	 x29:0x00000000 x23=0x00000000
      661602000	     32978	800037ee	03297533	remu	x10,x18,x18	 x18:0x00000001 x18:0x00000001 x10=0x00000000
      661622000	     32979	800037f2	8e59	c.or	x12,x14	 x12:0x800057d1 x14:0x8bdac75c x12=0x8bdad7dd
      661642000	     32980	800037f4	717bcb93	xori	x23,x23,1815	 x23:0x00000000 x23=0x00000717
      661682000	     32982	800037f8	0300ed33	rem	x26,x1,x16	  x1:0x00000000 x16:0x00000000 x26=0x00000000
      661702000	     32983	800037fc	0001	c.addi	x0,0	  x0:0x00000000  x0=0x00000000
      661722000	     32984	800037fe	8e2d	c.xor	x12,x11	 x12:0x8bdad7dd x11:0x00000001 x12=0x8bdad7dc
      661742000	     32985	80003800	80b1	c.srli	x9,0xc	  x9:0x00000001  x9=0x00000000
      661762000	     32986	80003802	8d85	c.sub	x11,x9	 x11:0x00000001  x9:0x00000000 x11=0x00000001
      661782000	     32987	80003804	b7314193	xori	x3,x2,-1165	  x2:0x00000001  x3=0xfffffb72
      661802000	     32988	80003808	012148b3	xor	x17,x2,x18	  x2:0x00000001 x18:0x00000001 x17=0x00000000
      661822000	     32989	8000380c	02b1f363	bgeu	x3,x11,80003832	  x3:0xfffffb72 x11:0x00000001
      662442000	     33020	80003832	02749d33	mulh	x26,x9,x7	  x9:0x00000000  x7:0x00000003 x26=0x00000000
      662462000	     33021	80003836	0001	c.addi	x0,0	  x0:0x00000000  x0=0x00000000
      662482000	     33022	80003838	0000100f	fence.i	
      663402000	     33068	8000383c	2c352737	lui	x14,0x2c352	 x14=0x2c352000
      663422000	     33069	80003840	0001	c.addi	x0,0	  x0:0x00000000  x0=0x00000000
      663442000	     33070	80003842	ca95	c.beqz	x13,80003876	 x13:0x7dd40300
      663482000	     33072	80003844	0386dd33	divu	x26,x13,x24	 x13:0x7dd40300 x24:0x00000000 x26=0xffffffff
      663862000	     33091	80003848	8f55	c.or	x14,x13	 x14:0x2c352000 x13:0x7dd40300 x14=0x7df52300
      664782000	     33137	8000384a	03c7cd33	div	x26,x15,x28	 x15:0x00000000 x28:0xfffffafe x26=0x00000000
      664802000	     33138	8000384e	8f15	c.sub	x14,x13	 x14:0x7df52300 x13:0x7dd40300 x14=0x00212000
      664822000	     33139	80003850	3a5f4a13	xori	x20,x30,933	 x30:0x80005c2b x20=0x80005f8e
      664842000	     33140	80003854	a66b7b13	andi	x22,x22,-1434	 x22:0x0000001d x22=0x00000004
      664862000	     33141	80003858	743a3413	sltiu	x8,x20,1859	 x20:0x80005f8e  x8=0x00000000
      664882000	     33142	8000385c	015931b3	sltu	x3,x18,x21	 x18:0x00000001 x21:0xc1830992  x3=0x00000001
      664902000	     33143	80003860	0000100f	fence.i	
      665582000	     33177	80003864	034e6c63	bltu	x28,x20,8000389c	 x28:0xfffffafe x20:0x80005f8e
      665602000	     33178	80003868	005471b3	and	x3,x8,x5	  x8:0x00000000  x5:0x00000000  x3=0x00000000
      665722000	     33184	8000386c	00da5bb3	srl	x23,x20,x13	 x20:0x80005f8e x13:0x7dd40300 x23=0x80005f8e
      665762000	     33186	80003870	02b49033	mulh	x0,x9,x11	  x9:0x00000000 x11:0x00000001  x0=0x00000000
      665782000	     33187	80003874	8c7d	c.and	x8,x15	  x8:0x00000000 x15:0x00000000  x8=0x00000000
      665802000	     33188	80003876	fbe0a393	slti	x7,x1,-66	  x1:0x00000000  x7=0x00000000
      665822000	     33189	8000387a	0001	c.addi	x0,0	  x0:0x00000000  x0=0x00000000
      665842000	     33190	8000387c	03a7ff63	bgeu	x15,x26,800038ba	 x15:0x00000000 x26:0x00000000
      665942000	     33195	800038ba	8956	c.mv	x18,x21	  x0:0x00000000 x21:0xc1830992 x18=0xc1830992
      665962000	     33196	800038bc	c211	c.beqz	x12,800038c0	 x12:0x8bdad7dc
      665982000	     33197	800038be	8c45	c.or	x8,x9	  x8:0x00000000  x9:0x00000000  x8=0x00000000
      666002000	     33198	800038c0	0536	c.slli	x10,0xd	 x10:0x00000000 x10=0x00000000
      666042000	     33200	800038c2	029a4d33	div	x26,x20,x9	 x20:0x80005f8e  x9:0x00000000 x26=0xffffffff
      666062000	     33201	800038c6	8db9	c.xor	x11,x14	 x11:0x00000001 x14:0x00212000 x11=0x00212001
      666082000	     33202	800038c8	e791	c.bnez	x15,800038d4	 x15:0x00000000
      666122000	     33204	800038ca	027fee33	rem	x28,x31,x7	 x31:0x0000000b  x7:0x00000000 x28=0x0000000b
      666142000	     33205	800038ce	2303b113	sltiu	x2,x7,560	  x7:0x00000000  x2=0x00000001
      666162000	     33206	800038d2	8139	c.srli	x10,0xe	 x10:0x00000000 x10=0x00000000
      666262000	     33211	800038d4	0001	c.addi	x0,0	  x0:0x00000000  x0=0x00000000
      666402000	     33218	800038d6	41595093	srai	x1,x18,0x15	 x18:0xc1830992  x1=0xfffffe0c
      666482000	     33222	800038da	4b41b017	auipc	x0,0x4b41b	  x0=0x00000000
      666562000	     33226	800038de	001fa0b3	slt	x1,x31,x1	 x31:0x0000000b  x1:0xfffffe0c  x1=0x00000000
      666582000	     33227	800038e2	01b5aab3	slt	x21,x11,x27	 x11:0x00212001 x27:0xfb4c7800 x21=0x00000000
      666622000	     33229	800038e6	00624133	xor	x2,x4,x6	  x4:0xfb4c7800  x6:0x7dd4a790  x2=0x8698df90
      666742000	     33235	800038ea	02670533	mul	x10,x14,x6	 x14:0x00212000  x6:0x7dd4a790 x10=0x2e820000
      666762000	     33236	800038ee	8ed1	c.or	x13,x12	 x13:0x7dd40300 x12:0x8bdad7dc x13=0xffded7dc
      666782000	     33237	800038f0	73b7a393	slti	x7,x15,1851	 x15:0x00000000  x7=0x00000001
      666802000	     33238	800038f4	0318ec63	bltu	x17,x17,8000392c	 x17:0x00000000 x17:0x00000000
      666822000	     33239	800038f8	04bae163	bltu	x21,x11,8000393a	 x21:0x00000000 x11:0x00212001
      680042000	     33900	8000393a	03bf8d33	mul	x26,x31,x27	 x31:0x0000000b x27:0xfb4c7800 x26=0xcc492800
      680142000	     33905	8000393e	0065c033	xor	x0,x11,x6	 x11:0x00212001  x6:0x7dd4a790  x0=0x00000000
      680342000	     33915	80003942	418b5f33	sra	x30,x22,x24	 x22:0x00000004 x24:0x00000000 x30=0x00000004
      680762000	     33936	80003946	011f3733	sltu	x14,x30,x17	 x30:0x00000004 x17:0x00000000 x14=0x00000000
      680782000	     33937	8000394a	05df8063	beq	x31,x29,8000398a	 x31:0x0000000b x29:0x00000000
      680802000	     33938	8000394e	01265133	srl	x2,x12,x18	 x12:0x8bdad7dc x18:0xc1830992  x2=0x000022f6
      680822000	     33939	80003952	ce05	c.beqz	x12,8000398a	 x12:0x8bdad7dc
      680842000	     33940	80003954	02628263	beq	x5,x6,80003978	  x5:0x00000000  x6:0x7dd4a790
      681242000	     33960	80003958	66d1e797	auipc	x15,0x66d1e	 x15=0xe6d21958
      681262000	     33961	8000395c	6291	c.lui	x5,0x4	  x5=0x00004000
      681462000	     33971	8000395e	41cb07b3	sub	x15,x22,x28	 x22:0x00000004 x28:0x0000000b x15=0xfffffff9
      681482000	     33972	80003962	035d4963	blt	x26,x21,80003994	 x26:0xcc492800 x21:0x00000000
      682022000	     33999	80003994	01799513	slli	x10,x19,0x17	 x19:0x80021df8 x10=0xfc000000
      682482000	     34022	80003998	020fba33	mulhu	x20,x31,x0	 x31:0x0000000b  x0:0x00000000 x20=0x00000000
      682502000	     34023	8000399c	03188233	mul	x4,x17,x17	 x17:0x00000000 x17:0x00000000  x4=0x00000000
      682902000	     34043	800039a0	40c3dd93	srai	x27,x7,0xc	  x7:0x00000001 x27=0x00000000
      682922000	     34044	800039a4	24ef6b13	ori	x22,x30,590	 x30:0x00000004 x22=0x0000024e
      683662000	     34081	800039a8	03e7d6b3	divu	x13,x15,x30	 x15:0xfffffff9 x30:0x00000004 x13=0x3ffffffe
      683682000	     34082	800039ac	411cd393	srai	x7,x25,0x11	 x25:0x80025ce4  x7=0xffffc001
      683702000	     34083	800039b0	aa488193	addi	x3,x17,-1372	 x17:0x00000000  x3=0xfffffaa4
      683722000	     34084	800039b4	e585	c.bnez	x11,800039dc	 x11:0x00212001
      684702000	     34133	800039dc	01d2	c.slli	x3,0x14	  x3:0xfffffaa4  x3=0xaa400000
      684742000	     34135	800039de	d4d8f213	andi	x4,x17,-691	 x17:0x00000000  x4=0x00000000
      685042000	     34150	800039e2	0211ceb3	div	x29,x3,x1	  x3:0xaa400000  x1:0x00000000 x29=0xffffffff
      685062000	     34151	800039e6	0001	c.addi	x0,0	  x0:0x00000000  x0=0x00000000
      685142000	     34155	800039e8	08ee	c.slli	x17,0x1b	 x17:0x00000000 x17=0x00000000
      685162000	     34156	800039ea	04eef163	bgeu	x29,x14,80003a2c	 x29:0xffffffff x14:0x00000000
      685702000	     34183	80003a2c	ceb85c17	auipc	x24,0xceb85	 x24=0x4eb88a2c
      686142000	     34205	80003a30	0ff0000f	fence	iorw,iorw	
      686162000	     34206	80003a34	05dbc363	blt	x23,x29,80003a7a	 x23:0x80005f8e x29:0xffffffff
      686562000	     34226	80003a7a	8ead	c.xor	x13,x11	 x13:0x3ffffffe x11:0x00212001 x13=0x3fdedfff
      686722000	     34234	80003a7c	8fdd	c.or	x15,x15	 x15:0xfffffff9 x15:0xfffffff9 x15=0xfffffff9
      686742000	     34235	80003a7e	015e8663	beq	x29,x21,80003a8a	 x29:0xffffffff x21:0x00000000
      686862000	     34241	80003a82	02547663	bgeu	x8,x5,80003aae	  x8:0x00000000  x5:0x00004000
      687782000	     34287	80003a86	03ce62b3	rem	x5,x28,x28	 x28:0x0000000b x28:0x0000000b  x5=0x00000000
      688522000	     34324	80003a8a	03a8ca33	div	x20,x17,x26	 x17:0x00000000 x26:0xcc492800 x20=0x00000000
      688542000	     34325	80003a8e	021d8063	beq	x27,x1,80003aae	 x27:0x00000000  x1:0x00000000
      689802000	     34388	80003aae	02ae6b33	rem	x22,x28,x10	 x28:0x0000000b x10:0xfc000000 x22=0x0000000b
      689822000	     34389	80003ab2	8f35	c.xor	x14,x13	 x14:0x00000000 x13:0x3fdedfff x14=0x3fdedfff
      689842000	     34390	80003ab4	0155f663	bgeu	x11,x21,80003ac0	 x11:0x00212001 x21:0x00000000
      690042000	     34400	80003ac0	8271	c.srli	x12,0x1c	 x12:0x8bdad7dc x12=0x00000008
      690062000	     34401	80003ac2	865e	c.mv	x12,x23	  x0:0x00000000 x23:0x80005f8e x12=0x80005f8e
      690082000	     34402	80003ac4	6161	c.addi16sp	x2,80	  x2:0x000022f6  x2=0x00002346
      691062000	     34451	80003ac6	038cc933	div	x18,x25,x24	 x25:0x80025ce4 x24:0x4eb88a2c x18=0xffffffff
      691082000	     34452	80003aca	04a26063	bltu	x4,x10,80003b0a	  x4:0x00000000 x10:0xfc000000
      691542000	     34475	80003b0a	51fd	c.li	x3,-1	  x3=0xffffffff
      691562000	     34476	80003b0c	010e9d63	bne	x29,x16,80003b26	 x29:0xffffffff x16:0x00000000
      693022000	     34549	80003b26	b05fd037	lui	x0,0xb05fd	  x0=0x00000000
      693042000	     34550	80003b2a	e99b6793	ori	x15,x22,-359	 x22:0x0000000b x15=0xfffffe9b
      693062000	     34551	80003b2e	833a	c.mv	x6,x14	  x0:0x00000000 x14:0x3fdedfff  x6=0x3fdedfff
      693802000	     34588	80003b30	02d66633	rem	x12,x12,x13	 x12:0x80005f8e x13:0x3fdedfff x12=0xffbe1f8c
      693822000	     34589	80003b34	0001	c.addi	x0,0	  x0:0x00000000  x0=0x00000000
      693842000	     34590	80003b36	6ab5	c.lui	x21,0xd	 x21=0x0000d000
      693862000	     34591	80003b38	92c6	c.add	x5,x17	  x5:0x00000000 x17:0x00000000  x5=0x00000000
      693882000	     34592	80003b3a	17147793	andi	x15,x8,369	  x8:0x00000000 x15=0x00000000
      693902000	     34593	80003b3e	0ff0000f	fence	iorw,iorw	
      693922000	     34594	80003b42	013b2133	slt	x2,x22,x19	 x22:0x0000000b x19:0x80021df8  x2=0x00000000
      693942000	     34595	80003b46	8f99	c.sub	x15,x14	 x15:0x00000000 x14:0x3fdedfff x15=0xc0212001
      693962000	     34596	80003b48	0001	c.addi	x0,0	  x0:0x00000000  x0=0x00000000
      693982000	     34597	80003b4a	401752b3	sra	x5,x14,x1	 x14:0x3fdedfff  x1:0x00000000  x5=0x3fdedfff
      694002000	     34598	80003b4e	e985	c.bnez	x11,80003b7e	 x11:0x00212001
      694302000	     34613	80003b7e	8fc1	c.or	x15,x8	 x15:0xc0212001  x8:0x00000000 x15=0xc0212001
      694622000	     34629	80003b80	0001	c.addi	x0,0	  x0:0x00000000  x0=0x00000000
      694642000	     34630	80003b82	1214	c.addi4spn	x13,x2,288	 x13=0x00000120
      694662000	     34631	80003b84	6541c813	xori	x16,x3,1620	  x3:0xffffffff x16=0xfffff9ab
      694682000	     34632	80003b88	614d	c.addi16sp	x2,176	  x2:0x00000000  x2=0x000000b0
      694702000	     34633	80003b8a	0001	c.addi	x0,0	  x0:0x00000000  x0=0x00000000
      694722000	     34634	80003b8c	080e	c.slli	x16,0x3	 x16:0xfffff9ab x16=0xffffcd58
      694842000	     34640	80003b8e	0000100f	fence.i	
      695082000	     34652	80003b92	6129	c.addi16sp	x2,192	  x2:0x000000b0  x2=0x00000170
      695102000	     34653	80003b94	01efd463	bge	x31,x30,80003b9c	 x31:0x0000000b x30:0x00000004
      695562000	     34676	80003b9c	030202b3	mul	x5,x4,x16	  x4:0x00000000 x16:0xffffcd58  x5=0x00000000
      695982000	     34697	80003ba0	05910013	addi	x0,x2,89	  x2:0x00000170  x0=0x00000000
      696722000	     34734	80003ba4	0236dab3	divu	x21,x13,x3	 x13:0x00000120  x3:0xffffffff x21=0x00000000
      696742000	     34735	80003ba8	00c10263	beq	x2,x12,80003bac	  x2:0x00000170 x12:0xffbe1f8c
      696762000	     34736	80003bac	03449a63	bne	x9,x20,80003be0	  x9:0x00000000 x20:0x00000000
      696782000	     34737	80003bb0	004f51b3	srl	x3,x30,x4	 x30:0x00000004  x4:0x00000000  x3=0x00000004
      697102000	     34753	80003bb4	1688	c.addi4spn	x10,x2,864	 x10=0x000004d0
      697122000	     34754	80003bb6	567d	c.li	x12,-1	 x12=0xffffffff
      697142000	     34755	80003bb8	419e5e93	srai	x29,x28,0x19	 x28:0x0000000b x29=0x00000000
      697162000	     34756	80003bbc	0622	c.slli	x12,0x8	 x12:0xffffffff x12=0xffffff00
      697182000	     34757	80003bbe	980e	c.add	x16,x3	 x16:0xffffcd58  x3:0x00000004 x16=0xffffcd5c
      697202000	     34758	80003bc0	0ff0000f	fence	iorw,iorw	
      697222000	     34759	80003bc4	407881b3	sub	x3,x17,x7	 x17:0x00000000  x7:0xffffc001  x3=0x00003fff
      697262000	     34761	80003bc8	02e3a833	mulhsu	x16,x7,x14	  x7:0xffffc001 x14:0x3fdedfff x16=0xfffff008
      697382000	     34767	80003bcc	877a	c.mv	x14,x30	  x0:0x00000000 x30:0x00000004 x14=0x00000004
      697802000	     34788	80003bce	6441bb13	sltiu	x22,x3,1604	  x3:0x00003fff x22=0x00000000
      698222000	     34809	80003bd2	e408f613	andi	x12,x17,-448	 x17:0x00000000 x12=0x00000000
      698242000	     34810	80003bd6	98fd	c.andi	x9,-1	  x9:0x00000000  x9=0x00000000
      698662000	     34831	80003bd8	02dd12b3	mulh	x5,x26,x13	 x26:0xcc492800 x13:0x00000120  x5=0xffffffc5
      698682000	     34832	80003bdc	0000100f	fence.i	
      699682000	     34882	80003be0	9bfd	c.andi	x15,-1	 x15:0xc0212001 x15=0xc0212001
      699702000	     34883	80003be2	c509	c.beqz	x10,80003bec	 x10:0x000004d0
      699762000	     34886	80003be4	8f61	c.and	x14,x8	 x14:0x00000004  x8:0x00000000 x14=0x00000000
      699782000	     34887	80003be6	83a1	c.srli	x15,0x8	 x15:0xc0212001 x15=0x00c02120
      699922000	     34894	80003be8	03039333	mulh	x6,x7,x16	  x7:0xffffc001 x16:0xfffff008  x6=0x00000000
      699962000	     34896	80003bec	01fbe863	bltu	x23,x31,80003bfc	 x23:0x80005f8e x31:0x0000000b
      699982000	     34897	80003bf0	64634393	xori	x7,x6,1606	  x6:0x00000000  x7=0x00000646
      700002000	     34898	80003bf4	00ce3133	sltu	x2,x28,x12	 x28:0x0000000b x12:0x00000000  x2=0x00000000
      700362000	     34916	80003bf8	006a5613	srli	x12,x20,0x6	 x20:0x00000000 x12=0x00000000
      700542000	     34925	80003bfc	00b87d63	bgeu	x16,x11,80003c16	 x16:0xfffff008 x11:0x00212001
      701182000	     34957	80003c16	8d71	c.and	x10,x12	 x10:0x000004d0 x12:0x00000000 x10=0x00000000
      701202000	     34958	80003c18	0c41	c.addi	x24,16	 x24:0x4eb88a2c x24=0x4eb88a3c
      701402000	     34968	80003c1a	03b68533	mul	x10,x13,x27	 x13:0x00000120 x27:0x00000000 x10=0x00000000
      701422000	     34969	80003c1e	6a770e93	addi	x29,x14,1703	 x14:0x00000000 x29=0x000006a7
      701442000	     34970	80003c22	0000100f	fence.i	
      701622000	     34979	80003c26	03c80c33	mul	x24,x16,x28	 x16:0xfffff008 x28:0x0000000b x24=0xffff5058
      702042000	     35000	80003c2a	021e86b3	mul	x13,x29,x1	 x29:0x000006a7  x1:0x00000000 x13=0x00000000
      702062000	     35001	80003c2e	0001	c.addi	x0,0	  x0:0x00000000  x0=0x00000000
      702082000	     35002	80003c30	9a7d	c.andi	x12,-1	 x12:0x00000000 x12=0x00000000
      702102000	     35003	80003c32	87ea	c.mv	x15,x26	  x0:0x00000000 x26:0xcc492800 x15=0xcc492800
      702122000	     35004	80003c34	c1e06d13	ori	x26,x0,-994	  x0:0x00000000 x26=0xfffffc1e
      702142000	     35005	80003c38	00449533	sll	x10,x9,x4	  x9:0x00000000  x4:0x00000000 x10=0x00000000
      702162000	     35006	80003c3c	37093813	sltiu	x16,x18,880	 x18:0xffffffff x16=0x00000000
      702182000	     35007	80003c40	4de1	c.li	x27,24	 x27=0x00000018
      703542000	     35075	80003c42	40a05733	sra	x14,x0,x10	  x0:0x00000000 x10:0x00000000 x14=0x00000000
      703562000	     35076	80003c46	02a61b63	bne	x12,x10,80003c7c	 x12:0x00000000 x10:0x00000000
      703582000	     35077	80003c4a	003a6533	or	x10,x20,x3	 x20:0x00000000  x3:0x00003fff x10=0x00003fff
      703602000	     35078	80003c4e	414dd433	sra	x8,x27,x20	 x27:0x00000018 x20:0x00000000  x8=0x00000018
      703622000	     35079	80003c52	94c12c13	slti	x24,x2,-1716	  x2:0x00000000 x24=0x00000000
      703662000	     35081	80003c56	6d26b313	sltiu	x6,x13,1746	 x13:0x00000000  x6=0x00000001
      703682000	     35082	80003c5a	03240133	mul	x2,x8,x18	  x8:0x00000018 x18:0xffffffff  x2=0xffffffe8
      703702000	     35083	80003c5e	04ee1163	bne	x28,x14,80003ca0	 x28:0x0000000b x14:0x00000000
      703982000	     35097	80003ca0	1d9f2293	slti	x5,x30,473	 x30:0x00000004  x5=0x00000001
      704002000	     35098	80003ca4	40240eb3	sub	x29,x8,x2	  x8:0x00000018  x2:0xffffffe8 x29=0x00000030
      704022000	     35099	80003ca8	03f48233	mul	x4,x9,x31	  x9:0x00000000 x31:0x0000000b  x4=0x00000000
      704222000	     35109	80003cac	002edb93	srli	x23,x29,0x2	 x29:0x00000030 x23=0x0000000c
      704562000	     35126	80003cb0	009df8b3	and	x17,x27,x9	 x27:0x00000018  x9:0x00000000 x17=0x00000000
      704682000	     35132	80003cb4	ea433637	lui	x12,0xea433	 x12=0xea433000
      704862000	     35141	80003cb8	00240a33	add	x20,x8,x2	  x8:0x00000018  x2:0xffffffe8 x20=0x00000000
      705282000	     35162	80003cbc	c609	c.beqz	x12,80003cc6	 x12:0xea433000
      705342000	     35165	80003cbe	030c8017	auipc	x0,0x30c8	  x0=0x00000000
      705402000	     35168	80003cc2	031011b3	mulh	x3,x0,x17	  x0:0x00000000 x17:0x00000000  x3=0x00000000
      705422000	     35169	80003cc6	0135f363	bgeu	x11,x19,80003ccc	 x11:0x00212001 x19:0x80021df8
      705442000	     35170	80003cca	517d	c.li	x2,-1	  x2=0xffffffff
      705462000	     35171	80003ccc	011f01b3	add	x3,x30,x17	 x30:0x00000004 x17:0x00000000  x3=0x00000004
      705502000	     35173	80003cd0	0290a5b3	mulhsu	x11,x1,x9	  x1:0x00000000  x9:0x00000000 x11=0x00000000
      705522000	     35174	80003cd4	1398	c.addi4spn	x14,x2,480	 x14=0x000001df
      705542000	     35175	80003cd6	030b1263	bne	x22,x16,80003cfa	 x22:0x00000000 x16:0x00000000
      705562000	     35176	80003cda	8332	c.mv	x6,x12	  x0:0x00000000 x12:0xea433000  x6=0xea433000
      705662000	     35181	80003cdc	8edd	c.or	x13,x15	 x13:0x00000000 x15:0xcc492800 x13=0xcc492800
      705682000	     35182	80003cde	a1a32d13	slti	x26,x6,-1510	  x6:0xea433000 x26=0x00000001
      705822000	     35189	80003ce2	024dd063	bge	x27,x4,80003d02	 x27:0x00000018  x4:0x00000000
      706342000	     35215	80003d02	035d2433	mulhsu	x8,x26,x21	 x26:0x00000001 x21:0x00000000  x8=0x00000000
      706722000	     35234	80003d06	014a9893	slli	x17,x21,0x14	 x21:0x00000000 x17=0x00000000
      706742000	     35235	80003d0a	8f81	c.sub	x15,x8	 x15:0xcc492800  x8:0x00000000 x15=0xcc492800
      706762000	     35236	80003d0c	0636	c.slli	x12,0xd	 x12:0xea433000 x12=0x66000000
      706782000	     35237	80003d0e	8dad	c.xor	x11,x11	 x11:0x00000000 x11:0x00000000 x11=0x00000000
      706802000	     35238	80003d10	0001	c.addi	x0,0	  x0:0x00000000  x0=0x00000000
      706822000	     35239	80003d12	cf9d	c.beqz	x15,80003d50	 x15:0xcc492800
      706882000	     35242	80003d14	0346c733	div	x14,x13,x20	 x13:0xcc492800 x20:0x00000000 x14=0xffffffff
      707102000	     35253	80003d18	0ea9	c.addi	x29,10	 x29:0x00000030 x29=0x0000003a
      707122000	     35254	80003d1a	61a30793	addi	x15,x6,1562	  x6:0xea433000 x15=0xea43361a
      707142000	     35255	80003d1e	406fd793	srai	x15,x31,0x6	 x31:0x0000000b x15=0x00000000
      707162000	     35256	80003d22	e299	c.bnez	x13,80003d28	 x13:0xcc492800
      708562000	     35326	80003d28	8075	c.srli	x8,0x1d	  x8:0x00000000  x8=0x00000000
      709302000	     35363	80003d2a	02acd8b3	divu	x17,x25,x10	 x25:0x80025ce4 x10:0x00003fff x17=0x00020011
      709322000	     35364	80003d2e	00c384b3	add	x9,x7,x12	  x7:0x00000646 x12:0x66000000  x9=0x66000646
      709342000	     35365	80003d32	cc19	c.beqz	x8,80003d50	  x8:0x00000000
      709442000	     35370	80003d50	024e2d33	mulhsu	x26,x28,x4	 x28:0x0000000b  x4:0x00000000 x26=0x00000000
      709602000	     35378	80003d54	95c74313	xori	x6,x14,-1700	 x14:0xffffffff  x6=0x000006a3
      709622000	     35379	80003d58	9492	c.add	x9,x4	  x9:0x66000646  x4:0x00000000  x9=0x66000646
      709642000	     35380	80003d5a	6769	c.lui	x14,0x1a	 x14=0x0001a000
      709662000	     35381	80003d5c	0566	c.slli	x10,0x19	 x10:0x00003fff x10=0xfe000000
      709682000	     35382	80003d5e	8ecd	c.or	x13,x11	 x13:0xcc492800 x11:0x00000000 x13=0xcc492800
      709942000	     35395	80003d60	6135	c.addi16sp	x2,352	  x2:0xffffffff  x2=0x0000015f
      709962000	     35396	80003d62	0636	c.slli	x12,0xd	 x12:0x66000000 x12=0x00000000
      710322000	     35414	80003d64	0ff0000f	fence	iorw,iorw	
      710342000	     35415	80003d68	0152e433	or	x8,x5,x21	  x5:0x00000001 x21:0x00000000  x8=0x00000001
      710362000	     35416	80003d6c	ee91	c.bnez	x13,80003d88	 x13:0xcc492800
      711082000	     35452	80003d88	681ebe93	sltiu	x29,x29,1665	 x29:0x0000003a x29=0x00000001
      711102000	     35453	80003d8c	00d127b3	slt	x15,x2,x13	  x2:0x0000015f x13:0xcc492800 x15=0x00000000
      711122000	     35454	80003d90	96d6	c.add	x13,x21	 x13:0xcc492800 x21:0x00000000 x13=0xcc492800
      711202000	     35458	80003d92	05a91463	bne	x18,x26,80003dda	 x18:0xffffffff x26:0x00000000
      712182000	     35507	80003dda	01cad4b3	srl	x9,x21,x28	 x21:0x00000000 x28:0x0000000b  x9=0x00000000
      712202000	     35508	80003dde	055a	c.slli	x10,0x16	 x10:0xfe000000 x10=0x00000000
      712302000	     35513	80003de0	6c8eef13	ori	x30,x29,1736	 x29:0x00000001 x30=0x000006c9
      712482000	     35522	80003de4	52e5be13	sltiu	x28,x11,1326	 x11:0x00000000 x28=0x00000001
      712722000	     35534	80003de8	6115	c.addi16sp	x2,288	  x2:0x0000015f  x2=0x0000027f
      712862000	     35541	80003dea	de418d13	addi	x26,x3,-540	  x3:0x00000004 x26=0xfffffde8
      712942000	     35545	80003dee	0067b7b3	sltu	x15,x15,x6	 x15:0x00000000  x6:0x000006a3 x15=0x00000001
      713682000	     35582	80003df2	02d26f33	rem	x30,x4,x13	  x4:0x00000000 x13:0xcc492800 x30=0x00000000
      713722000	     35584	80003df6	02209bb3	mulh	x23,x1,x2	  x1:0x00000000  x2:0x0000027f x23=0x00000000
      713762000	     35586	80003dfa	02b06a33	rem	x20,x0,x11	  x0:0x00000000 x11:0x00000000 x20=0x00000000
      713782000	     35587	80003dfe	893a	c.mv	x18,x14	  x0:0x00000000 x14:0x0001a000 x18=0x0001a000
      713802000	     35588	80003e00	00a4d133	srl	x2,x9,x10	  x9:0x00000000 x10:0x00000000  x2=0x00000000
      713822000	     35589	80003e04	c719	c.beqz	x14,80003e12	 x14:0x0001a000
      713842000	     35590	80003e06	00d855b3	srl	x11,x16,x13	 x16:0x00000000 x13:0xcc492800 x11=0x00000000
      713882000	     35592	80003e0a	02003a33	mulhu	x20,x0,x0	  x0:0x00000000  x0:0x00000000 x20=0x00000000
      713982000	     35597	80003e0e	01090563	beq	x18,x16,80003e18	 x18:0x0001a000 x16:0x00000000
      714002000	     35598	80003e12	8595	c.srai	x11,0x5	 x11:0x00000000 x11=0x00000000
      714102000	     35603	80003e14	25223a13	sltiu	x20,x4,594	  x4:0x00000000 x20=0x00000001
      714142000	     35605	80003e18	00334963	blt	x6,x3,80003e2a	  x6:0x000006a3  x3:0x00000004
      714162000	     35606	80003e1c	8ca9	c.xor	x9,x10	  x9:0x00000000 x10:0x00000000  x9=0x00000000
      714482000	     35622	80003e1e	3c7d4d93	xori	x27,x26,967	 x26:0xfffffde8 x27=0xfffffe2f
      715382000	     35667	80003e22	02fd5233	divu	x4,x26,x15	 x26:0xfffffde8 x15:0x00000001  x4=0xfffffde8
      715402000	     35668	80003e26	d0506f13	ori	x30,x0,-763	  x0:0x00000000 x30=0xfffffd05
      715422000	     35669	80003e2a	01d4aab3	slt	x21,x9,x29	  x9:0x00000000 x29:0x00000001 x21=0x00000001
      715442000	     35670	80003e2e	0d9c	c.addi4spn	x15,x2,720	 x15=0x000002d0
      715462000	     35671	80003e30	03484f63	blt	x16,x20,80003e6e	 x16:0x00000000 x20:0x00000001
      716202000	     35708	80003e6e	6385	c.lui	x7,0x1	  x7=0x00001000
      716242000	     35710	80003e70	01a863b3	or	x7,x16,x26	 x16:0x00000000 x26:0xfffffde8  x7=0xfffffde8
      716382000	     35717	80003e74	8fed	c.and	x15,x11	 x15:0x000002d0 x11:0x00000000 x15=0x00000000
      716402000	     35718	80003e76	0000100f	fence.i	
      717182000	     35757	80003e7a	8cdd	c.or	x9,x15	  x9:0x00000000 x15:0x00000000  x9=0x00000000
      717342000	     35765	80003e7c	717d	c.addi16sp	x2,-16	  x2:0x00000000  x2=0xfffffff0
      717662000	     35781	80003e7e	0031da63	bge	x3,x3,80003e92	  x3:0x00000004  x3:0x00000004
      718722000	     35834	80003e92	03efceb3	div	x29,x31,x30	 x31:0x0000000b x30:0xfffffd05 x29=0x00000000
      718742000	     35835	80003e96	0998	c.addi4spn	x14,x2,208	 x14=0x000000c0
      718762000	     35836	80003e98	17fd	c.addi	x15,-1	 x15:0x00000000 x15=0xffffffff
      718782000	     35837	80003e9a	8cc9	c.or	x9,x10	  x9:0x00000000 x10:0x00000000  x9=0x00000000
      719522000	     35874	80003e9c	02d84e33	div	x28,x16,x13	 x16:0x00000000 x13:0xcc492800 x28=0x00000000
      719542000	     35875	80003ea0	0001	c.addi	x0,0	  x0:0x00000000  x0=0x00000000
      719562000	     35876	80003ea2	0f21fe93	andi	x29,x3,242	  x3:0x00000004 x29=0x00000000
      719582000	     35877	80003ea6	0ff0000f	fence	iorw,iorw	
      719602000	     35878	80003eaa	03031563	bne	x6,x16,80003ed4	  x6:0x000006a3 x16:0x00000000
      719942000	     35895	80003ed4	02b02d33	mulhsu	x26,x0,x11	  x0:0x00000000 x11:0x00000000 x26=0x00000000
      719982000	     35897	80003ed8	0001	c.addi	x0,0	  x0:0x00000000  x0=0x00000000
      720902000	     35943	80003eda	02d57eb3	remu	x29,x10,x13	 x10:0x00000000 x13:0xcc492800 x29=0x00000000
      720922000	     35944	80003ede	018f3e33	sltu	x28,x30,x24	 x30:0xfffffd05 x24:0x00000000 x28=0x00000000
      720962000	     35946	80003ee2	02947733	remu	x14,x8,x9	  x8:0x00000001  x9:0x00000000 x14=0x00000001
      721002000	     35948	80003ee6	036424b3	mulhsu	x9,x8,x22	  x8:0x00000001 x22:0x00000000  x9=0x00000000
      721022000	     35949	80003eea	00efa933	slt	x18,x31,x14	 x31:0x0000000b x14:0x00000001 x18=0x00000000
      721062000	     35951	80003eee	41940933	sub	x18,x8,x25	  x8:0x00000001 x25:0x80025ce4 x18=0x7ffda31d
      721082000	     35952	80003ef2	7c2b8893	addi	x17,x23,1986	 x23:0x00000000 x17=0x000007c2
      721102000	     35953	80003ef6	413d0033	sub	x0,x26,x19	 x26:0x00000000 x19:0x80021df8  x0=0x00000000
      721122000	     35954	80003efa	ec15	c.bnez	x8,80003f36	  x8:0x00000001
      721542000	     35975	80003f36	58bdf013	andi	x0,x27,1419	 x27:0xfffffe2f  x0=0x00000000
      721562000	     35976	80003f3a	e3b1	c.bnez	x15,80003f7e	 x15:0xffffffff
      722082000	     36002	80003f7e	03dd6363	bltu	x26,x29,80003fa4	 x26:0x00000000 x29:0x00000000
      722102000	     36003	80003f82	0000100f	fence.i	
      723102000	     36053	80003f86	00ea5f33	srl	x30,x20,x14	 x20:0x00000001 x14:0x00000001 x30=0x00000000
      723202000	     36058	80003f8a	04456563	bltu	x10,x4,80003fd4	 x10:0x00000000  x4:0xfffffde8
      723802000	     36088	80003fd4	0ff0000f	fence	iorw,iorw	
      723822000	     36089	80003fd8	029fdf63	bge	x31,x9,80004016	 x31:0x0000000b  x9:0x00000000
      724982000	     36147	80004016	030fa6b3	mulhsu	x13,x31,x16	 x31:0x0000000b x16:0x00000000 x13=0x00000000
      725002000	     36148	8000401a	01a15633	srl	x12,x2,x26	  x2:0xfffffff0 x26:0x00000000 x12=0xfffffff0
      725022000	     36149	8000401e	e199	c.bnez	x11,80004024	 x11:0x00000000
      725402000	     36168	80004020	41b500b3	sub	x1,x10,x27	 x10:0x00000000 x27:0xfffffe2f  x1=0x000001d1
      725502000	     36173	80004024	01ba20b3	slt	x1,x20,x27	 x20:0x00000001 x27:0xfffffe2f  x1=0x00000000
      725802000	     36188	80004028	0711	c.addi	x14,4	 x14:0x00000001 x14=0x00000005
      726022000	     36199	8000402a	0221b5b3	mulhu	x11,x3,x2	  x3:0x00000004  x2:0xfffffff0 x11=0x00000003
      726042000	     36200	8000402e	366a0293	addi	x5,x20,870	 x20:0x00000001  x5=0x00000367
      726182000	     36207	80004032	02ac9433	mulh	x8,x25,x10	 x25:0x80025ce4 x10:0x00000000  x8=0x00000000
      726422000	     36219	80004036	0000100f	fence.i	
      726822000	     36239	8000403a	ecb63137	lui	x2,0xecb63	  x2=0xecb63000
      726862000	     36241	8000403e	414f02b3	sub	x5,x30,x20	 x30:0x00000000 x20:0x00000001  x5=0xffffffff
      727282000	     36262	80004042	3c452a93	slti	x21,x10,964	 x10:0x00000000 x21=0x00000001
      727322000	     36264	80004046	d56bb013	sltiu	x0,x23,-682	 x23:0x00000000  x0=0x00000000
      728182000	     36307	8000404a	0357fe33	remu	x28,x15,x21	 x15:0xffffffff x21:0x00000001 x28=0x00000000
      728222000	     36309	8000404e	02d8f7b3	remu	x15,x17,x13	 x17:0x000007c2 x13:0x00000000 x15=0x000007c2
      728242000	     36310	80004052	eb99	c.bnez	x15,80004068	 x15:0x000007c2
      728322000	     36314	80004068	0d8a	c.slli	x27,0x2	 x27:0xfffffe2f x27=0xfffff8bc
      728342000	     36315	8000406a	1200	c.addi4spn	x8,x2,288	  x8=0xecb63120
      728562000	     36326	8000406c	03e51133	mulh	x2,x10,x30	 x10:0x00000000 x30:0x00000000  x2=0x00000000
      728582000	     36327	80004070	408ad193	srai	x3,x21,0x8	 x21:0x00000001  x3=0x00000000
      728602000	     36328	80004074	003b8d33	add	x26,x23,x3	 x23:0x00000000  x3:0x00000000 x26=0x00000000
      728762000	     36336	80004078	0030bdb3	sltu	x27,x1,x3	  x1:0x00000000  x3:0x00000000 x27=0x00000000
      728962000	     36346	8000407c	00fdda93	srli	x21,x27,0xf	 x27:0x00000000 x21=0x00000000
      729122000	     36354	80004080	00cb3733	sltu	x14,x22,x12	 x22:0x00000000 x12:0xfffffff0 x14=0x00000001
      729142000	     36355	80004084	1c00	c.addi4spn	x8,x2,560	  x8=0x00000230
      729162000	     36356	80004086	9480e113	ori	x2,x1,-1720	  x1:0x00000000  x2=0xfffff948
      729182000	     36357	8000408a	0001	c.addi	x0,0	  x0:0x00000000  x0=0x00000000
      729202000	     36358	8000408c	41fe07b3	sub	x15,x28,x31	 x28:0x00000000 x31:0x0000000b x15=0xfffffff5
      729562000	     36376	80004090	00fd9333	sll	x6,x27,x15	 x27:0x00000000 x15:0xfffffff5  x6=0x00000000
      729822000	     36389	80004094	e3bf3393	sltiu	x7,x30,-453	 x30:0x00000000  x7=0x00000001
      730562000	     36426	80004098	03f25633	divu	x12,x4,x31	  x4:0xfffffde8 x31:0x0000000b x12=0x1745d143
      730582000	     36427	8000409c	92e6	c.add	x5,x25	  x5:0xffffffff x25:0x80025ce4  x5=0x80025ce3
      730602000	     36428	8000409e	0001	c.addi	x0,0	  x0:0x00000000  x0=0x00000000
      730622000	     36429	800040a0	1c08	c.addi4spn	x10,x2,560	 x10=0xfffffb78
      730662000	     36431	800040a2	03629eb3	mulh	x29,x5,x22	  x5:0x80025ce3 x22:0x00000000 x29=0x00000000
      730702000	     36433	800040a6	03142eb3	mulhsu	x29,x8,x17	  x8:0x00000230 x17:0x000007c2 x29=0x00000000
      730722000	     36434	800040aa	8f99	c.sub	x15,x14	 x15:0xfffffff5 x14:0x00000001 x15=0xfffffff4
      730742000	     36435	800040ac	0277f963	bgeu	x15,x7,800040de	 x15:0xfffffff4  x7:0x00000001
      730882000	     36442	800040de	02c49933	mulh	x18,x9,x12	  x9:0x00000000 x12:0x1745d143 x18=0x00000000
      730922000	     36444	800040e2	004c3c33	sltu	x24,x24,x4	 x24:0x00000000  x4:0xfffffde8 x24=0x00000001
      730942000	     36445	800040e6	8f25	c.xor	x14,x9	 x14:0x00000001  x9:0x00000000 x14=0x00000001
      730962000	     36446	800040e8	01181193	slli	x3,x16,0x11	 x16:0x00000000  x3=0x00000000
      731362000	     36466	800040ec	03016b63	bltu	x2,x16,80004122	  x2:0xfffff948 x16:0x00000000
      731382000	     36467	800040f0	e41d	c.bnez	x8,8000411e	  x8:0x00000230
      732162000	     36506	8000411e	017668b3	or	x17,x12,x23	 x12:0x1745d143 x23:0x00000000 x17=0x1745d143
      732242000	     36510	80004122	0266df33	divu	x30,x13,x6	 x13:0x00000000  x6:0x00000000 x30=0xffffffff
      732262000	     36511	80004126	7fb30893	addi	x17,x6,2043	  x6:0x00000000 x17=0x000007fb
      732282000	     36512	8000412a	8599	c.srai	x11,0x6	 x11:0x00000003 x11=0x00000000
      732302000	     36513	8000412c	8ecd	c.or	x13,x11	 x13:0x00000000 x11:0x00000000 x13=0x00000000
      733402000	     36568	8000412e	033af2b3	remu	x5,x21,x19	 x21:0x00000000 x19:0x80021df8  x5=0x00000000
      733422000	     36569	80004132	171e2513	slti	x10,x28,369	 x28:0x00000000 x10=0x00000001
      733462000	     36571	80004136	026afdb3	remu	x27,x21,x6	 x21:0x00000000  x6:0x00000000 x27=0x00000000
      733482000	     36572	8000413a	01ec1263	bne	x24,x30,8000413e	 x24:0x00000001 x30:0xffffffff
      733542000	     36575	8000413e	f5767913	andi	x18,x12,-169	 x12:0x1745d143 x18=0x1745d143
      733562000	     36576	80004142	8c71	c.and	x8,x12	  x8:0x00000230 x12:0x1745d143  x8=0x00000000
      733582000	     36577	80004144	0074e5b3	or	x11,x9,x7	  x9:0x00000000  x7:0x00000001 x11=0x00000001
      733782000	     36587	80004148	6b3d	c.lui	x22,0xf	 x22=0x0000f000
      733842000	     36590	8000414a	0169c563	blt	x19,x22,80004154	 x19:0x80021df8 x22:0x0000f000
      734562000	     36626	80004154	405e0033	sub	x0,x28,x5	 x28:0x00000000  x5:0x00000000  x0=0x00000000
      735002000	     36648	80004158	8e59	c.or	x12,x14	 x12:0x1745d143 x14:0x00000001 x12=0x1745d143
      735042000	     36650	8000415a	03a5d533	divu	x10,x11,x26	 x11:0x00000001 x26:0x00000000 x10=0xffffffff
      735062000	     36651	8000415e	01e8ebb3	or	x23,x17,x30	 x17:0x000007fb x30:0xffffffff x23=0xffffffff
      735082000	     36652	80004162	14fd	c.addi	x9,-1	  x9:0x00000000  x9=0xffffffff
      735102000	     36653	80004164	5a7d	c.li	x20,-1	 x20=0xffffffff
      735122000	     36654	80004166	0306dc63	bge	x13,x16,8000419e	 x13:0x00000000 x16:0x00000000
      735582000	     36677	8000419e	01bd10b3	sll	x1,x26,x27	 x26:0x00000000 x27:0x00000000  x1=0x00000000
      735682000	     36682	800041a2	006a5bb3	srl	x23,x20,x6	 x20:0xffffffff  x6:0x00000000 x23=0xffffffff
      735702000	     36683	800041a6	84d5	c.srai	x9,0x15	  x9:0xffffffff  x9=0xffffffff
      735742000	     36685	800041a8	027022b3	mulhsu	x5,x0,x7	  x0:0x00000000  x7:0x00000001  x5=0x00000000
      736042000	     36700	800041ac	01d3e133	or	x2,x7,x29	  x7:0x00000001 x29:0x00000000  x2=0x00000001
      736062000	     36701	800041b0	41d857b3	sra	x15,x16,x29	 x16:0x00000000 x29:0x00000000 x15=0x00000000
      736082000	     36702	800041b4	05934463	blt	x6,x25,800041fc	  x6:0x00000000 x25:0x80025ce4
      736202000	     36708	800041b8	02caa733	mulhsu	x14,x21,x12	 x21:0x00000000 x12:0x1745d143 x14=0x00000000
      736602000	     36728	800041bc	03b74663	blt	x14,x27,800041e8	 x14:0x00000000 x27:0x00000000
      736762000	     36736	800041c0	01668833	add	x16,x13,x22	 x13:0x00000000 x22:0x0000f000 x16=0x0000f000
      736782000	     36737	800041c4	7fc02617	auipc	x12,0x7fc02	 x12=0xffc061c4
      737022000	     36749	800041c8	02389033	mulh	x0,x17,x3	 x17:0x000007fb  x3:0x00000000  x0=0x00000000
      737102000	     36753	800041cc	01189e13	slli	x28,x17,0x11	 x17:0x000007fb x28=0x0ff60000
      737202000	     36758	800041d0	010b7463	bgeu	x22,x16,800041d8	 x22:0x0000f000 x16:0x0000f000
      745582000	     37177	800041d8	844a	c.mv	x8,x18	  x0:0x00000000 x18:0x1745d143  x8=0x1745d143
      745602000	     37178	800041da	0ff0000f	fence	iorw,iorw	
      745622000	     37179	800041de	0001	c.addi	x0,0	  x0:0x00000000  x0=0x00000000
      745662000	     37181	800041e0	0358adb3	mulhsu	x27,x17,x21	 x17:0x000007fb x21:0x00000000 x27=0x00000000
      746402000	     37218	800041e4	0244fbb3	remu	x23,x9,x4	  x9:0xffffffff  x4:0xfffffde8 x23=0x00000217
      746422000	     37219	800041e8	ee30e493	ori	x9,x1,-285	  x1:0x00000000  x9=0xfffffee3
      746442000	     37220	800041ec	83ba	c.mv	x7,x14	  x0:0x00000000 x14:0x00000000  x7=0x00000000
      746462000	     37221	800041ee	8e89	c.sub	x13,x10	 x13:0x00000000 x10:0xffffffff x13=0x00000001
      746502000	     37223	800041f0	3ae44d13	xori	x26,x8,942	  x8:0x1745d143 x26=0x1745d2ed
      746522000	     37224	800041f4	004491b3	sll	x3,x9,x4	  x9:0xfffffee3  x4:0xfffffde8  x3=0xfffee300
      746942000	     37245	800041f8	0166a833	slt	x16,x13,x22	 x13:0x00000001 x22:0x0000f000 x16=0x00000001
      747102000	     37253	800041fc	8f49	c.or	x14,x10	 x14:0x00000000 x10:0xffffffff x14=0xffffffff
      747122000	     37254	800041fe	14fd	c.addi	x9,-1	  x9:0xfffffee3  x9=0xfffffee2
      747362000	     37266	80004200	011e1563	bne	x28,x17,8000420a	 x28:0x0ff60000 x17:0x000007fb
      748662000	     37331	8000420a	030a8bb3	mul	x23,x21,x16	 x21:0x00000000 x16:0x00000001 x23=0x00000000
      748882000	     37342	8000420e	0211fab3	remu	x21,x3,x1	  x3:0xfffee300  x1:0x00000000 x21=0xfffee300
      749282000	     37362	80004212	051e1263	bne	x28,x17,80004256	 x28:0x0ff60000 x17:0x000007fb
      749962000	     37396	80004256	01892633	slt	x12,x18,x24	 x18:0x1745d143 x24:0x00000001 x12=0x00000000
      749982000	     37397	8000425a	00b6ae33	slt	x28,x13,x11	 x13:0x00000001 x11:0x00000001 x28=0x00000000
      750002000	     37398	8000425e	0230cf63	blt	x1,x3,8000429c	  x1:0x00000000  x3:0xfffee300
      750022000	     37399	80004262	e582a397	auipc	x7,0xe582a	  x7=0x6582e262
      750042000	     37400	80004266	6825	c.lui	x16,0x9	 x16=0x00009000
      750082000	     37402	80004268	0000100f	fence.i	
      750382000	     37417	8000426c	dbca4237	lui	x4,0xdbca4	  x4=0xdbca4000
      750502000	     37423	80004270	0137a733	slt	x14,x15,x19	 x15:0x00000000 x19:0x80021df8 x14=0x00000000
      750522000	     37424	80004274	177d	c.addi	x14,-1	 x14:0x00000000 x14=0xffffffff
      750542000	     37425	80004276	c499	c.beqz	x9,80004284	  x9:0xfffffee2
      750562000	     37426	80004278	00dcf663	bgeu	x25,x13,80004284	 x25:0x80025ce4 x13:0x00000001
      750802000	     37438	80004284	019f30b3	sltu	x1,x30,x25	 x30:0xffffffff x25:0x80025ce4  x1=0x00000000
      750822000	     37439	80004288	0064c763	blt	x9,x6,80004296	  x9:0xfffffee2  x6:0x00000000
      751022000	     37449	80004296	0001	c.addi	x0,0	  x0:0x00000000  x0=0x00000000
      751182000	     37457	80004298	005de0b3	or	x1,x27,x5	 x27:0x00000000  x5:0x00000000  x1=0x00000000
      751202000	     37458	8000429c	0068a5b3	slt	x11,x17,x6	 x17:0x000007fb  x6:0x00000000 x11=0x00000000
      751382000	     37467	800042a0	012aa5b3	slt	x11,x21,x18	 x21:0xfffee300 x18:0x1745d143 x11=0x00000001
      751402000	     37468	800042a4	9bfd	c.andi	x15,-1	 x15:0x00000000 x15=0x00000000
      751422000	     37469	800042a6	0099db33	srl	x22,x19,x9	 x19:0x80021df8  x9:0xfffffee2 x22=0x2000877e
      751442000	     37470	800042aa	1b167513	andi	x10,x12,433	 x12:0x00000000 x10=0x00000000
      751462000	     37471	800042ae	8549	c.srai	x10,0x12	 x10:0x00000000 x10=0x00000000
      751862000	     37491	800042b0	3a3a4293	xori	x5,x20,931	 x20:0xffffffff  x5=0xfffffc5c
      751882000	     37492	800042b4	41e20633	sub	x12,x4,x30	  x4:0xdbca4000 x30:0xffffffff x12=0xdbca4001
      751902000	     37493	800042b8	9efa	c.add	x29,x30	 x29:0x00000000 x30:0xffffffff x29=0xffffffff
      751922000	     37494	800042ba	8fdd	c.or	x15,x15	 x15:0x00000000 x15:0x00000000 x15=0x00000000
      752262000	     37511	800042bc	003e1093	slli	x1,x28,0x3	 x28:0x00000000  x1=0x00000000
      752462000	     37521	800042c0	01ab7633	and	x12,x22,x26	 x22:0x2000877e x26:0x1745d2ed x12=0x0000826c
      752502000	     37523	800042c4	8cb5	c.xor	x9,x13	  x9:0xfffffee2 x13:0x00000001  x9=0xfffffee3
      753382000	     37567	800042c6	0352e533	rem	x10,x5,x21	  x5:0xfffffc5c x21:0xfffee300 x10=0xfffffc5c
      753402000	     37568	800042ca	01243433	sltu	x8,x8,x18	  x8:0x1745d143 x18:0x1745d143  x8=0x00000000
      753442000	     37570	800042ce	03491bb3	mulh	x23,x18,x20	 x18:0x1745d143 x20:0xffffffff x23=0xffffffff
      754182000	     37607	800042d2	02ea7833	remu	x16,x20,x14	 x20:0xffffffff x14:0xffffffff x16=0x00000000
      754202000	     37608	800042d6	6151	c.addi16sp	x2,272	  x2:0x00000001  x2=0x00000111
      754222000	     37609	800042d8	41d853b3	sra	x7,x16,x29	 x16:0x00000000 x29:0xffffffff  x7=0x00000000
      754242000	     37610	800042dc	0001	c.addi	x0,0	  x0:0x00000000  x0=0x00000000
      754262000	     37611	800042de	befa25b7	lui	x11,0xbefa2	 x11=0xbefa2000
      754282000	     37612	800042e2	0104ae33	slt	x28,x9,x16	  x9:0xfffffee3 x16:0x00000000 x28=0x00000001
      754302000	     37613	800042e6	6d75	c.lui	x26,0x1d	 x26=0x0001d000
      754322000	     37614	800042e8	8e81	c.sub	x13,x8	 x13:0x00000001  x8:0x00000000 x13=0x00000001
      754342000	     37615	800042ea	0001	c.addi	x0,0	  x0:0x00000000  x0=0x00000000
      754362000	     37616	800042ec	411056b3	sra	x13,x0,x17	  x0:0x00000000 x17:0x000007fb x13=0x00000000
      754522000	     37624	800042f0	408a5513	srai	x10,x20,0x8	 x20:0xffffffff x10=0xffffffff
      754542000	     37625	800042f4	036c8bb3	mul	x23,x25,x22	 x25:0x80025ce4 x22:0x2000877e x23=0xc025f438
      755282000	     37662	800042f8	02e944b3	div	x9,x18,x14	 x18:0x1745d143 x14:0xffffffff  x9=0xe8ba2ebd
      755302000	     37663	800042fc	0000100f	fence.i	
      755542000	     37675	80004300	0001	c.addi	x0,0	  x0:0x00000000  x0=0x00000000
      755562000	     37676	80004302	009cc633	xor	x12,x25,x9	 x25:0x80025ce4  x9:0xe8ba2ebd x12=0x68b87259
      755582000	     37677	80004306	0001	c.addi	x0,0	  x0:0x00000000  x0=0x00000000
      756402000	     37718	80004308	032f5133	divu	x2,x30,x18	 x30:0xffffffff x18:0x1745d143  x2=0x0000000b
      756422000	     37719	8000430c	8199	c.srli	x11,0x6	 x11:0xbefa2000 x11=0x02fbe880
      756442000	     37720	8000430e	0baccd93	xori	x27,x25,186	 x25:0x80025ce4 x27=0x80025c5e
      756462000	     37721	80004312	0001	c.addi	x0,0	  x0:0x00000000  x0=0x00000000
      756482000	     37722	80004314	0086f463	bgeu	x13,x8,8000431c	 x13:0x00000000  x8:0x00000000
      756842000	     37740	8000431c	a4c8ae93	slti	x29,x17,-1460	 x17:0x000007fb x29=0x00000000
      756862000	     37741	80004320	01b64563	blt	x12,x27,8000432a	 x12:0x68b87259 x27:0x80025c5e
      756882000	     37742	80004324	8cd9	c.or	x9,x14	  x9:0xe8ba2ebd x14:0xffffffff  x9=0xffffffff
      757262000	     37761	80004326	001fc633	xor	x12,x31,x1	 x31:0x0000000b  x1:0x00000000 x12=0x0000000b
      757282000	     37762	8000432a	436d	c.li	x6,27	  x6=0x0000001b
      757302000	     37763	8000432c	41635633	sra	x12,x6,x22	  x6:0x0000001b x22:0x2000877e x12=0x00000000
      757382000	     37767	80004330	0ab2	c.slli	x21,0xc	 x21:0xfffee300 x21=0xee300000
      757402000	     37768	80004332	8969	c.andi	x10,26	 x10:0xffffffff x10=0x0000001a
      757502000	     37773	80004334	e90d3a13	sltiu	x20,x26,-368	 x26:0x0001d000 x20=0x00000001
      757522000	     37774	80004338	6e21	c.lui	x28,0x8	 x28=0x00008000
      757542000	     37775	8000433a	02c79d63	bne	x15,x12,80004374	 x15:0x00000000 x12:0x00000000
      757562000	     37776	8000433e	016ed7b3	srl	x15,x29,x22	 x29:0x00000000 x22:0x2000877e x15=0x00000000
      757642000	     37780	80004342	4f8cea13	ori	x20,x25,1272	 x25:0x80025ce4 x20=0x80025cfc
      757662000	     37781	80004346	00b05413	srli	x8,x0,0xb	  x0:0x00000000  x8=0x00000000
      757682000	     37782	8000434a	8d29	c.xor	x10,x10	 x10:0x0000001a x10:0x0000001a x10=0x00000000
      757702000	     37783	8000434c	3c4ec513	xori	x10,x29,964	 x29:0x00000000 x10=0x000003c4
      757902000	     37793	80004350	000a16b3	sll	x13,x20,x0	 x20:0x80025cfc  x0:0x00000000 x13=0x80025cfc
      757922000	     37794	80004354	0001	c.addi	x0,0	  x0:0x00000000  x0=0x00000000
      757942000	     37795	80004356	9777a917	auipc	x18,0x9777a	 x18=0x1777e356
      757962000	     37796	8000435a	441d	c.li	x8,7	  x8=0x00000007
      758202000	     37808	8000435c	8f09	c.sub	x14,x10	 x14:0xffffffff x10:0x000003c4 x14=0xfffffc3b
      758442000	     37820	8000435e	01501d13	slli	x26,x0,0x15	  x0:0x00000000 x26=0x00000000
      758522000	     37824	80004362	013112b3	sll	x5,x2,x19	  x2:0x0000000b x19:0x80021df8  x5=0x0b000000
      758542000	     37825	80004366	0001	c.addi	x0,0	  x0:0x00000000  x0=0x00000000
      758762000	     37836	80004368	8bea	c.mv	x23,x26	  x0:0x00000000 x26:0x00000000 x23=0x00000000
      758782000	     37837	8000436a	0852	c.slli	x16,0x14	 x16:0x00000000 x16=0x00000000
      758802000	     37838	8000436c	ca2af197	auipc	x3,0xca2af	  x3=0x4a2b336c
      758822000	     37839	80004370	400b0d33	sub	x26,x22,x0	 x22:0x2000877e  x0:0x00000000 x26=0x2000877e
      758842000	     37840	80004374	01233e33	sltu	x28,x6,x18	  x6:0x0000001b x18:0x1777e356 x28=0x00000001
      758882000	     37842	80004378	02f8f633	remu	x12,x17,x15	 x17:0x000007fb x15:0x00000000 x12=0x000007fb
      758902000	     37843	8000437c	31e7f037	lui	x0,0x31e7f	  x0=0x00000000
      759042000	     37850	80004380	0669	c.addi	x12,26	 x12:0x000007fb x12=0x00000815
      759182000	     37857	80004382	0ff0000f	fence	iorw,iorw	
      759202000	     37858	80004386	1084	c.addi4spn	x9,x2,96	  x9=0x0000006b
      759222000	     37859	80004388	0050b033	sltu	x0,x1,x5	  x1:0x00000000  x5:0x0b000000  x0=0x00000000
      759242000	     37860	8000438c	2e296d13	ori	x26,x18,738	 x18:0x1777e356 x26=0x1777e3f6
      759342000	     37865	80004390	05a19063	bne	x3,x26,800043d0	  x3:0x4a2b336c x26:0x1777e3f6
      760042000	     37900	800043d0	02783633	mulhu	x12,x16,x7	 x16:0x00000000  x7:0x00000000 x12=0x00000000
      760062000	     37901	800043d4	32dcc893	xori	x17,x25,813	 x25:0x80025ce4 x17=0x80025fc9
      760122000	     37904	800043d8	003d9293	slli	x5,x27,0x3	 x27:0x80025c5e  x5=0x0012e2f0
      760542000	     37925	800043dc	0001	c.addi	x0,0	  x0:0x00000000  x0=0x00000000
      760562000	     37926	800043de	401ad933	sra	x18,x21,x1	 x21:0xee300000  x1:0x00000000 x18=0xee300000
      760582000	     37927	800043e2	407484b3	sub	x9,x9,x7	  x9:0x0000006b  x7:0x00000000  x9=0x0000006b
      760602000	     37928	800043e6	0001	c.addi	x0,0	  x0:0x00000000  x0=0x00000000
      760622000	     37929	800043e8	d6d0f837	lui	x16,0xd6d0f	 x16=0xd6d0f000
      760862000	     37941	800043ec	009a0433	add	x8,x20,x9	 x20:0x80025cfc  x9:0x0000006b  x8=0x80025d67
      761022000	     37949	800043f0	01acd133	srl	x2,x25,x26	 x25:0x80025ce4 x26:0x1777e3f6  x2=0x00000200
      761042000	     37950	800043f4	01c74663	blt	x14,x28,80004400	 x14:0xfffffc3b x28:0x00000001
      761722000	     37984	80004400	9c3a	c.add	x24,x14	 x24:0x00000001 x14:0xfffffc3b x24=0xfffffc3c
      761742000	     37985	80004402	651d	c.lui	x10,0x7	 x10=0x00007000
      761762000	     37986	80004404	9e72	c.add	x28,x28	 x28:0x00000001 x28:0x00000001 x28=0x00000002
      762162000	     38006	80004406	0000100f	fence.i	
      763222000	     38059	8000440a	033868b3	rem	x17,x16,x19	 x16:0xd6d0f000 x19:0x80021df8 x17=0xd6d0f000
      763242000	     38060	8000440e	047bf163	bgeu	x23,x7,80004450	 x23:0x00000000  x7:0x00000000
      763942000	     38095	80004450	00b504b3	add	x9,x10,x11	 x10:0x00007000 x11:0x02fbe880  x9=0x02fc5880
      763962000	     38096	80004454	67747e93	andi	x29,x8,1655	  x8:0x80025d67 x29=0x00000467
      763982000	     38097	80004458	8e9d	c.sub	x13,x15	 x13:0x80025cfc x15:0x00000000 x13=0x80025cfc
      764722000	     38134	8000445a	031aff33	remu	x30,x21,x17	 x21:0xee300000 x17:0xd6d0f000 x30=0x175f1000
      764742000	     38135	8000445e	2bc76593	ori	x11,x14,700	 x14:0xfffffc3b x11=0xfffffebf
      764762000	     38136	80004462	8c5d	c.or	x8,x15	  x8:0x80025d67 x15:0x00000000  x8=0x80025d67
      764782000	     38137	80004464	458d	c.li	x11,3	 x11=0x00000003
      764822000	     38139	80004466	016a9613	slli	x12,x21,0x16	 x21:0xee300000 x12=0x00000000
      765042000	     38150	8000446a	0372c533	div	x10,x5,x23	  x5:0x0012e2f0 x23:0x00000000 x10=0xffffffff
      765082000	     38152	8000446e	e73b2213	slti	x4,x22,-397	 x22:0x2000877e  x4=0x00000000
      765242000	     38160	80004472	0000100f	fence.i	
      765922000	     38194	80004476	008adeb3	srl	x29,x21,x8	 x21:0xee300000  x8:0x80025d67 x29=0x01dc6000
      765942000	     38195	8000447a	0184fbb3	and	x23,x9,x24	  x9:0x02fc5880 x24:0xfffffc3c x23=0x02fc5800
      765962000	     38196	8000447e	81fd	c.srli	x11,0x1f	 x11:0x00000003 x11=0x00000000
      767022000	     38249	80004480	02596db3	rem	x27,x18,x5	 x18:0xee300000  x5:0x0012e2f0 x27=0xfff7a3f0
      767042000	     38250	80004484	01606533	or	x10,x0,x22	  x0:0x00000000 x22:0x2000877e x10=0x2000877e
      767062000	     38251	80004488	841e	c.mv	x8,x7	  x0:0x00000000  x7:0x00000000  x8=0x00000000
      767082000	     38252	8000448a	b4a82d13	slti	x26,x16,-1206	 x16:0xd6d0f000 x26=0x00000001
      767102000	     38253	8000448e	018f1593	slli	x11,x30,0x18	 x30:0x175f1000 x11=0x00000000
      767122000	     38254	80004492	409bd693	srai	x13,x23,0x9	 x23:0x02fc5800 x13=0x00017e2c
      767142000	     38255	80004496	51fd	c.li	x3,-1	  x3=0xffffffff
      767162000	     38256	80004498	00411133	sll	x2,x2,x4	  x2:0x00000200  x4:0x00000000  x2=0x00000200
      767342000	     38265	8000449c	00ce1f63	bne	x28,x12,800044ba	 x28:0x00000002 x12:0x00000000
      768622000	     38329	800044ba	0348f863	bgeu	x17,x20,800044ea	 x17:0xd6d0f000 x20:0x80025cfc
      769442000	     38370	800044ea	8ead	c.xor	x13,x11	 x13:0x00017e2c x11:0x00000000 x13=0x00017e2c
      769862000	     38391	800044ec	00525613	srli	x12,x4,0x5	  x4:0x00000000 x12=0x00000000
      769962000	     38396	800044f0	02acbd33	mulhu	x26,x25,x10	 x25:0x80025ce4 x10:0x2000877e x26=0x10008f5c
      769982000	     38397	800044f4	4162d033	sra	x0,x5,x22	  x5:0x0012e2f0 x22:0x2000877e  x0=0x00000000
      770002000	     38398	800044f8	01c722b3	slt	x5,x14,x28	 x14:0xfffffc3b x28:0x00000002  x5=0x00000001
      770042000	     38400	800044fc	572cae93	slti	x29,x25,1394	 x25:0x80025ce4 x29=0x00000001
      770402000	     38418	80004500	01589833	sll	x16,x17,x21	 x17:0xd6d0f000 x21:0xee300000 x16=0xd6d0f000
      770442000	     38420	80004504	0313af33	mulhsu	x30,x7,x17	  x7:0x00000000 x17:0xd6d0f000 x30=0x00000000
      771182000	     38457	80004508	034de133	rem	x2,x27,x20	 x27:0xfff7a3f0 x20:0x80025cfc  x2=0xfff7a3f0
      771202000	     38458	8000450c	739de393	ori	x7,x27,1849	 x27:0xfff7a3f0  x7=0xfff7a7f9
      771222000	     38459	80004510	091a	c.slli	x18,0x6	 x18:0xee300000 x18=0x8c000000
      771242000	     38460	80004512	0116b1b3	sltu	x3,x13,x17	 x13:0x00017e2c x17:0xd6d0f000  x3=0x00000001
      771262000	     38461	80004516	0001	c.addi	x0,0	  x0:0x00000000  x0=0x00000000
      772002000	     38498	80004518	0291c633	div	x12,x3,x9	  x3:0x00000001  x9:0x02fc5880 x12=0x00000000
      772022000	     38499	8000451c	0001	c.addi	x0,0	  x0:0x00000000  x0=0x00000000
      772042000	     38500	8000451e	4113db13	srai	x22,x7,0x11	  x7:0xfff7a7f9 x22=0xfffffffb
      772062000	     38501	80004522	8e1d	c.sub	x12,x15	 x12:0x00000000 x15:0x00000000 x12=0x00000000
      772082000	     38502	80004524	07573193	sltiu	x3,x14,117	 x14:0xfffffc3b  x3=0x00000000
      772102000	     38503	80004528	84cd6093	ori	x1,x26,-1972	 x26:0x10008f5c  x1=0xffffff5c
      772122000	     38504	8000452c	0000100f	fence.i	
      772322000	     38514	80004530	8151	c.srli	x10,0x14	 x10:0x2000877e x10=0x00000200
      772342000	     38515	80004532	814e	c.mv	x2,x19	  x0:0x00000000 x19:0x80021df8  x2=0x80021df8
      772442000	     38520	80004534	00533333	sltu	x6,x6,x5	  x6:0x0000001b  x5:0x00000001  x6=0x00000000
      772462000	     38521	80004538	01f9a933	slt	x18,x19,x31	 x19:0x80021df8 x31:0x0000000b x18=0x00000001
      772482000	     38522	8000453c	0b84	c.addi4spn	x9,x2,464	  x9=0x80021fc8
      772622000	     38529	8000453e	0143d493	srli	x9,x7,0x14	  x7:0xfff7a7f9  x9=0x00000fff
      773362000	     38566	80004542	03706a33	rem	x20,x0,x23	  x0:0x00000000 x23:0x02fc5800 x20=0x00000000
      773382000	     38567	80004546	1e7d	c.addi	x28,-1	 x28:0x00000002 x28=0x00000001
      773422000	     38569	80004548	02647033	remu	x0,x8,x6	  x8:0x00000000  x6:0x00000000  x0=0x00000000
      773442000	     38570	8000454c	8846	c.mv	x16,x17	  x0:0x00000000 x17:0xd6d0f000 x16=0xd6d0f000
      773462000	     38571	8000454e	0001	c.addi	x0,0	  x0:0x00000000  x0=0x00000000
      773482000	     38572	80004550	00f96a33	or	x20,x18,x15	 x18:0x00000001 x15:0x00000000 x20=0x00000001
      773502000	     38573	80004554	007f1933	sll	x18,x30,x7	 x30:0x00000000  x7:0xfff7a7f9 x18=0x00000000
      773522000	     38574	80004558	97b2	c.add	x15,x12	 x15:0x00000000 x12:0x00000000 x15=0x00000000
      773542000	     38575	8000455a	01da35b3	sltu	x11,x20,x29	 x20:0x00000001 x29:0x00000001 x11=0x00000000
      773582000	     38577	8000455e	03f8ad33	mulhsu	x26,x17,x31	 x17:0xd6d0f000 x31:0x0000000b x26=0xfffffffe
      773602000	     38578	80004562	8f05	c.sub	x14,x9	 x14:0xfffffc3b  x9:0x00000fff x14=0xffffec3c
      773622000	     38579	80004564	4020d5b3	sra	x11,x1,x2	  x1:0xffffff5c  x2:0x80021df8 x11=0xffffffff
      773642000	     38580	80004568	987d	c.andi	x8,-1	  x8:0x00000000  x8=0x00000000
      773662000	     38581	8000456a	1d00	c.addi4spn	x8,x2,688	  x8=0x800220a8
      773702000	     38583	8000456c	03492e33	mulhsu	x28,x18,x20	 x18:0x00000000 x20:0x00000001 x28=0x00000000
      773722000	     38584	80004570	00bb7663	bgeu	x22,x11,8000457c	 x22:0xfffffffb x11:0xffffffff
      774062000	     38601	80004574	b61d2613	slti	x12,x26,-1183	 x26:0xfffffffe x12=0x00000000
      774102000	     38603	80004578	b33abd13	sltiu	x26,x21,-1229	 x21:0xee300000 x26=0x00000001
      774122000	     38604	8000457c	d1e67493	andi	x9,x12,-738	 x12:0x00000000  x9=0x00000000
      774142000	     38605	80004580	8edd	c.or	x13,x15	 x13:0x00017e2c x15:0x00000000 x13=0x00017e2c
      774542000	     38625	80004582	ce994db7	lui	x27,0xce994	 x27=0xce994000
      774582000	     38627	80004586	02014833	div	x16,x2,x0	  x2:0x80021df8  x0:0x00000000 x16=0xffffffff
      774602000	     38628	8000458a	4a89	c.li	x21,2	 x21=0x00000002
      774642000	     38630	8000458c	03b180b3	mul	x1,x3,x27	  x3:0x00000000 x27:0xce994000  x1=0x00000000
      774802000	     38638	80004590	37584913	xori	x18,x16,885	 x16:0xffffffff x18=0xfffffc8a
      774822000	     38639	80004594	01153933	sltu	x18,x10,x17	 x10:0x00000200 x17:0xd6d0f000 x18=0x00000001
      774842000	     38640	80004598	01a66db3	or	x27,x12,x26	 x12:0x00000000 x26:0x00000001 x27=0x00000001
      774862000	     38641	8000459c	c209	c.beqz	x12,8000459e	 x12:0x00000000
      775582000	     38677	8000459e	00b755b3	srl	x11,x14,x11	 x14:0xffffec3c x11:0xffffffff x11=0x00000001
      775602000	     38678	800045a2	ea89	c.bnez	x13,800045b4	 x13:0x00017e2c
      776222000	     38709	800045b4	020e5633	divu	x12,x28,x0	 x28:0x00000000  x0:0x00000000 x12=0xffffffff
      776242000	     38710	800045b8	869d	c.srai	x13,0x7	 x13:0x00017e2c x13=0x000002fc
      776262000	     38711	800045ba	400801b3	sub	x3,x16,x0	 x16:0xffffffff  x0:0x00000000  x3=0xffffffff
      776282000	     38712	800045be	88aa	c.mv	x17,x10	  x0:0x00000000 x10:0x00000200 x17=0x00000200
      776422000	     38719	800045c0	0ff0000f	fence	iorw,iorw	
      776442000	     38720	800045c4	00d46863	bltu	x8,x13,800045d4	  x8:0x800220a8 x13:0x000002fc
      776462000	     38721	800045c8	07d58113	addi	x2,x11,125	 x11:0x00000001  x2=0x0000007e
      776522000	     38724	800045cc	0191a5b3	slt	x11,x3,x25	  x3:0xffffffff x25:0x80025ce4 x11=0x00000000
      776542000	     38725	800045d0	40892f13	slti	x30,x18,1032	 x18:0x00000001 x30=0x00000001
      776642000	     38730	800045d4	41320e33	sub	x28,x4,x19	  x4:0x00000000 x19:0x80021df8 x28=0x7ffde208
      776742000	     38735	800045d8	4099d933	sra	x18,x19,x9	 x19:0x80021df8  x9:0x00000000 x18=0x80021df8
      776762000	     38736	800045dc	8b310593	addi	x11,x2,-1869	  x2:0x0000007e x11=0xfffff931
      776782000	     38737	800045e0	004f9133	sll	x2,x31,x4	 x31:0x0000000b  x4:0x00000000  x2=0x0000000b
      776862000	     38741	800045e4	8d8d	c.sub	x11,x11	 x11:0xfffff931 x11:0xfffff931 x11=0x00000000
      776882000	     38742	800045e6	00b12633	slt	x12,x2,x11	  x2:0x0000000b x11:0x00000000 x12=0x00000000
      776902000	     38743	800045ea	000af363	bgeu	x21,x0,800045f0	 x21:0x00000002  x0:0x00000000
      776962000	     38746	800045f0	01c91f33	sll	x30,x18,x28	 x18:0x80021df8 x28:0x7ffde208 x30=0x021df800
      776982000	     38747	800045f4	00801f33	sll	x30,x0,x8	  x0:0x00000000  x8:0x800220a8 x30=0x00000000
      777022000	     38749	800045f8	03ec90b3	mulh	x1,x25,x30	 x25:0x80025ce4 x30:0x00000000  x1=0x00000000
      777042000	     38750	800045fc	0001	c.addi	x0,0	  x0:0x00000000  x0=0x00000000
      777062000	     38751	800045fe	9af2	c.add	x21,x28	 x21:0x00000002 x28:0x7ffde208 x21=0x7ffde20a
      777082000	     38752	80004600	00989633	sll	x12,x17,x9	 x17:0x00000200  x9:0x00000000 x12=0x00000200
      777222000	     38759	80004604	02ba85b3	mul	x11,x21,x11	 x21:0x7ffde20a x11:0x00000000 x11=0x00000000
      777242000	     38760	80004608	00678eb3	add	x29,x15,x6	 x15:0x00000000  x6:0x00000000 x29=0x00000000
      777302000	     38763	8000460c	8d6a	c.mv	x26,x26	  x0:0x00000000 x26:0x00000001 x26=0x00000001
      777382000	     38767	8000460e	04bf4263	blt	x30,x11,80004652	 x30:0x00000000 x11:0x00000000
      777402000	     38768	80004612	0000100f	fence.i	
      778002000	     38798	80004616	962b7913	andi	x18,x22,-1694	 x22:0xfffffffb x18=0xfffff962
      778022000	     38799	8000461a	007a1f13	slli	x30,x20,0x7	 x20:0x00000001 x30=0x00000080
      778042000	     38800	8000461e	414f83b3	sub	x7,x31,x20	 x31:0x0000000b x20:0x00000001  x7=0x0000000a
      778062000	     38801	80004622	8e25	c.xor	x12,x9	 x12:0x00000200  x9:0x00000000 x12=0x00000200
      778082000	     38802	80004624	6e39	c.lui	x28,0xe	 x28=0x0000e000
      778102000	     38803	80004626	8d1e	c.mv	x26,x7	  x0:0x00000000  x7:0x0000000a x26=0x0000000a
      778482000	     38822	80004628	40fadab3	sra	x21,x21,x15	 x21:0x7ffde20a x15:0x00000000 x21=0x7ffde20a
      779322000	     38864	8000462c	025666b3	rem	x13,x12,x5	 x12:0x00000200  x5:0x00000001 x13=0x00000000
      779342000	     38865	80004630	00bc5633	srl	x12,x24,x11	 x24:0xfffffc3c x11:0x00000000 x12=0xfffffc3c
      779362000	     38866	80004634	8d1e	c.mv	x26,x7	  x0:0x00000000  x7:0x0000000a x26=0x0000000a
      779382000	     38867	80004636	e01d	c.bnez	x8,8000465c	  x8:0x800220a8
      787362000	     39266	8000465c	9d70ed93	ori	x27,x1,-1577	  x1:0x00000000 x27=0xfffff9d7
      787742000	     39285	80004660	02924933	div	x18,x4,x9	  x4:0x00000000  x9:0x00000000 x18=0xffffffff
      788002000	     39298	80004664	013e9b63	bne	x29,x19,8000467a	 x29:0x00000000 x19:0x80021df8
      788202000	     39308	8000467a	8099	c.srli	x9,0x6	  x9:0x00000000  x9=0x00000000
      788222000	     39309	8000467c	eb9d	c.bnez	x15,800046b2	 x15:0x00000000
      788582000	     39327	8000467e	0436b613	sltiu	x12,x13,67	 x13:0x00000000 x12=0x00000001
      788682000	     39332	80004682	018b9db3	sll	x27,x23,x24	 x23:0x02fc5800 x24:0xfffffc3c x27=0x00000000
      788702000	     39333	80004686	03160e33	mul	x28,x12,x17	 x12:0x00000001 x17:0x00000200 x28=0x00000200
      788902000	     39343	8000468a	fb0b3737	lui	x14,0xfb0b3	 x14=0xfb0b3000
      788922000	     39344	8000468e	8fd1	c.or	x15,x12	 x15:0x00000000 x12:0x00000001 x15=0x00000001
      788942000	     39345	80004690	8925	c.andi	x10,9	 x10:0x00000200 x10=0x00000000
      788982000	     39347	80004692	0058af33	slt	x30,x17,x5	 x17:0x00000200  x5:0x00000001 x30=0x00000000
      789002000	     39348	80004696	0000100f	fence.i	
      789322000	     39364	8000469a	c399	c.beqz	x15,800046a0	 x15:0x00000001
      789342000	     39365	8000469c	008462b3	or	x5,x8,x8	  x8:0x800220a8  x8:0x800220a8  x5=0x800220a8
      789522000	     39374	800046a0	02f2	c.slli	x5,0x1c	  x5:0x800220a8  x5=0x80000000
      789542000	     39375	800046a2	1d18	c.addi4spn	x14,x2,688	 x14=0x000002bb
      789782000	     39387	800046a4	8f31	c.xor	x14,x12	 x14:0x000002bb x12:0x00000001 x14=0x000002ba
      789802000	     39388	800046a6	682b37b7	lui	x15,0x682b3	 x15=0x682b3000
      789822000	     39389	800046aa	52fd	c.li	x5,-1	  x5=0xffffffff
      790222000	     39409	800046ac	02735a63	bge	x6,x7,800046e0	  x6:0x00000000  x7:0x0000000a
      790242000	     39410	800046b0	091e	c.slli	x18,0x7	 x18:0xffffffff x18=0xffffff80
      790262000	     39411	800046b2	85c9	c.srai	x11,0x12	 x11:0x00000000 x11=0x00000000
      790282000	     39412	800046b4	4055d693	srai	x13,x11,0x5	 x11:0x00000000 x13=0x00000000
      790322000	     39414	800046b8	02533db3	mulhu	x27,x6,x5	  x6:0x00000000  x5:0xffffffff x27=0x00000000
      790702000	     39433	800046bc	1d7d	c.addi	x26,-1	 x26:0x0000000a x26=0x00000009
      790722000	     39434	800046be	09dc2d13	slti	x26,x24,157	 x24:0xfffffc3c x26=0x00000001
      790742000	     39435	800046c2	1a08	c.addi4spn	x10,x2,304	 x10=0x0000013b
      790862000	     39441	800046c4	8f49	c.or	x14,x10	 x14:0x000002ba x10:0x0000013b x14=0x000003bb
      790882000	     39442	800046c6	8390c013	xori	x0,x1,-1991	  x1:0x00000000  x0=0x00000000
      790902000	     39443	800046ca	8f4a	c.mv	x30,x18	  x0:0x00000000 x18:0xffffff80 x30=0xffffff80
      790922000	     39444	800046cc	0001	c.addi	x0,0	  x0:0x00000000  x0=0x00000000
      790962000	     39446	800046ce	022f26b3	mulhsu	x13,x30,x2	 x30:0xffffff80  x2:0x0000000b x13=0xffffffff
      790982000	     39447	800046d2	825e	c.mv	x4,x23	  x0:0x00000000 x23:0x02fc5800  x4=0x02fc5800
      791002000	     39448	800046d4	01ebbc33	sltu	x24,x23,x30	 x23:0x02fc5800 x30:0xffffff80 x24=0x00000001
      791022000	     39449	800046d8	dab90697	auipc	x13,0xdab90	 x13=0x5ab946d8
      791042000	     39450	800046dc	f81003b7	lui	x7,0xf8100	  x7=0xf8100000
      791782000	     39487	800046e0	025c67b3	rem	x15,x24,x5	 x24:0x00000001  x5:0xffffffff x15=0x00000000
      791802000	     39488	800046e4	0bf6	c.slli	x23,0x1d	 x23:0x02fc5800 x23=0x00000000
      791822000	     39489	800046e6	9372	c.add	x6,x28	  x6:0x00000000 x28:0x00000200  x6=0x00000200
      791842000	     39490	800046e8	8159	c.srli	x10,0x16	 x10:0x0000013b x10=0x00000000
      791862000	     39491	800046ea	a7da3c13	sltiu	x24,x20,-1411	 x20:0x00000001 x24=0x00000001
      791882000	     39492	800046ee	0001	c.addi	x0,0	  x0:0x00000000  x0=0x00000000
      791902000	     39493	800046f0	02520533	mul	x10,x4,x5	  x4:0x02fc5800  x5:0xffffffff x10=0xfd03a800
      791922000	     39494	800046f4	717d	c.addi16sp	x2,-16	  x2:0x0000000b  x2=0xfffffffb
      791942000	     39495	800046f6	1580	c.addi4spn	x8,x2,736	  x8=0x000002db
      791982000	     39497	800046f8	02c8b333	mulhu	x6,x17,x12	 x17:0x00000200 x12:0x00000001  x6=0x00000000
      792002000	     39498	800046fc	0ff0000f	fence	iorw,iorw	
      792022000	     39499	80004700	98fd	c.andi	x9,-1	  x9:0x00000000  x9=0x00000000
      792042000	     39500	80004702	0d91	c.addi	x27,4	 x27:0x00000000 x27=0x00000004
      792062000	     39501	80004704	010423b3	slt	x7,x8,x16	  x8:0x000002db x16:0xffffffff  x7=0x00000000
      792082000	     39502	80004708	0ff0000f	fence	iorw,iorw	
      792922000	     39544	8000470c	03f24f33	div	x30,x4,x31	  x4:0x02fc5800 x31:0x0000000b x30=0x00457c5d
      793662000	     39581	80004710	034be033	rem	x0,x23,x20	 x23:0x00000000 x20:0x00000001  x0=0x00000000
      793682000	     39582	80004714	01230a33	add	x20,x6,x18	  x6:0x00000000 x18:0xffffff80 x20=0xffffff80
      793702000	     39583	80004718	1f7d	c.addi	x30,-1	 x30:0x00457c5d x30=0x00457c5c
      793722000	     39584	8000471a	01e96f33	or	x30,x18,x30	 x18:0xffffff80 x30:0x00457c5c x30=0xffffffdc
      793742000	     39585	8000471e	614d	c.addi16sp	x2,176	  x2:0xfffffffb  x2=0x000000ab
      793762000	     39586	80004720	00d3f463	bgeu	x7,x13,80004728	  x7:0x00000000 x13:0x5ab946d8
      793782000	     39587	80004724	82a9	c.srli	x13,0xa	 x13:0x5ab946d8 x13=0x0016ae51
      793802000	     39588	80004726	ca1d	c.beqz	x12,8000475c	 x12:0x00000001
      794142000	     39605	80004728	8d89	c.sub	x11,x10	 x11:0x00000000 x10:0xfd03a800 x11=0x02fc5800
      794162000	     39606	8000472a	0e55	c.addi	x28,21	 x28:0x00000200 x28=0x00000215
      794182000	     39607	8000472c	03ef6663	bltu	x30,x30,80004758	 x30:0xffffffdc x30:0xffffffdc
      794322000	     39614	80004730	00b85913	srli	x18,x16,0xb	 x16:0xffffffff x18=0x001fffff
      794362000	     39616	80004734	026915b3	mulh	x11,x18,x6	 x18:0x001fffff  x6:0x00000000 x11=0x00000000
      794722000	     39634	80004738	07b9	c.addi	x15,14	 x15:0x00000000 x15=0x0000000e
      794762000	     39636	8000473a	0288bab3	mulhu	x21,x17,x8	 x17:0x00000200  x8:0x000002db x21=0x00000000
      794902000	     39643	8000473e	e9c34793	xori	x15,x6,-356	  x6:0x00000000 x15=0xfffffe9c
      794922000	     39644	80004742	65a1	c.lui	x11,0x8	 x11=0x00008000
      794942000	     39645	80004744	02191b63	bne	x18,x1,8000477a	 x18:0x001fffff  x1:0x00000000
      796202000	     39708	8000477a	40fcd113	srai	x2,x25,0xf	 x25:0x80025ce4  x2=0xffff0004
      796222000	     39709	8000477e	9a46	c.add	x20,x17	 x20:0xffffff80 x17:0x00000200 x20=0x00000180
      796242000	     39710	80004780	e711	c.bnez	x14,8000478c	 x14:0x000003bb
      796702000	     39733	8000478c	01dd7f33	and	x30,x26,x29	 x26:0x00000001 x29:0x00000000 x30=0x00000000
      796762000	     39736	80004790	c691e493	ori	x9,x3,-919	  x3:0xffffffff  x9=0xffffffff
      796922000	     39744	80004794	05a0c263	blt	x1,x26,800047d8	  x1:0x00000000 x26:0x00000001
      797462000	     39771	800047d8	01363a33	sltu	x20,x12,x19	 x12:0x00000001 x19:0x80021df8 x20=0x00000001
      797482000	     39772	800047dc	8e45	c.or	x12,x9	 x12:0x00000001  x9:0xffffffff x12=0xffffffff
      797522000	     39774	800047de	012e9763	bne	x29,x18,800047ec	 x29:0x00000000 x18:0x001fffff
      798042000	     39800	800047ec	8ee1	c.and	x13,x8	 x13:0x0016ae51  x8:0x000002db x13=0x00000251
      798062000	     39801	800047ee	8152	c.mv	x2,x20	  x0:0x00000000 x20:0x00000001  x2=0x00000001
      798882000	     39842	800047f0	0001	c.addi	x0,0	  x0:0x00000000  x0=0x00000000
      800022000	     39899	800047f2	02d2d833	divu	x16,x5,x13	  x5:0xffffffff x13:0x00000251 x16=0x006e8419
      800042000	     39900	800047f6	7028a493	slti	x9,x17,1794	 x17:0x00000200  x9=0x00000001
      800062000	     39901	800047fa	0ff0000f	fence	iorw,iorw	
      800082000	     39902	800047fe	00a4d033	srl	x0,x9,x10	  x9:0x00000001 x10:0xfd03a800  x0=0x00000000
      800122000	     39904	80004802	62443317	auipc	x6,0x62443	  x6=0xe2447802
      800182000	     39907	80004806	011c9093	slli	x1,x25,0x11	 x25:0x80025ce4  x1=0xb9c80000
      800202000	     39908	8000480a	0001	c.addi	x0,0	  x0:0x00000000  x0=0x00000000
      800322000	     39914	8000480c	016b77b3	and	x15,x22,x22	 x22:0xfffffffb x22:0xfffffffb x15=0xfffffffb
      800342000	     39915	80004810	04081063	bne	x16,x0,80004850	 x16:0x006e8419  x0:0x00000000
      800502000	     39923	80004850	0001	c.addi	x0,0	  x0:0x00000000  x0=0x00000000
      800522000	     39924	80004852	ef09	c.bnez	x14,8000486c	 x14:0x000003bb
      800842000	     39940	8000486c	00c5d713	srli	x14,x11,0xc	 x11:0x00008000 x14=0x00000008
      801182000	     39957	80004870	03c41533	mulh	x10,x8,x28	  x8:0x000002db x28:0x00000215 x10=0x00000000
      801502000	     39973	80004874	641d	c.lui	x8,0x7	  x8=0x00007000
      801522000	     39974	80004876	049c	c.addi4spn	x15,x2,576	 x15=0x00000241
      801702000	     39983	80004878	010dff63	bgeu	x27,x16,80004896	 x27:0x00000004 x16:0x006e8419
      802042000	     40000	8000487c	8c65	c.and	x8,x9	  x8:0x00007000  x9:0x00000001  x8=0x00000000
      802062000	     40001	8000487e	0672b693	sltiu	x13,x5,103	  x5:0xffffffff x13=0x00000000
      802082000	     40002	80004882	0001	c.addi	x0,0	  x0:0x00000000  x0=0x00000000
      802322000	     40014	80004884	029fa733	mulhsu	x14,x31,x9	 x31:0x0000000b  x9:0x00000001 x14=0x00000000
      802342000	     40015	80004888	9b562593	slti	x11,x12,-1611	 x12:0xffffffff x11=0x00000000
      802462000	     40021	8000488c	0244b133	mulhu	x2,x9,x4	  x9:0x00000001  x4:0x02fc5800  x2=0x00000000
      803582000	     40077	80004890	03024433	div	x8,x4,x16	  x4:0x02fc5800 x16:0x006e8419  x8=0x00000006
      803602000	     40078	80004894	717d	c.addi16sp	x2,-16	  x2:0x00000000  x2=0xfffffff0
      803622000	     40079	80004896	05f11363	bne	x2,x31,800048dc	  x2:0xfffffff0 x31:0x0000000b
      803842000	     40090	800048dc	8d52	c.mv	x26,x20	  x0:0x00000000 x20:0x00000001 x26=0x00000001
      803882000	     40092	800048de	7c479717	auipc	x14,0x7c479	 x14=0xfc47d8de
      803902000	     40093	800048e2	8f71	c.and	x14,x12	 x14:0xfc47d8de x12:0xffffffff x14=0xfc47d8de
      804222000	     40109	800048e4	0001	c.addi	x0,0	  x0:0x00000000  x0=0x00000000
      804262000	     40111	800048e6	0000100f	fence.i	
      804902000	     40143	800048ea	013c61b3	or	x3,x24,x19	 x24:0x00000001 x19:0x80021df8  x3=0x80021df9
      804922000	     40144	800048ee	40435f33	sra	x30,x6,x4	  x6:0xe2447802  x4:0x02fc5800 x30=0xe2447802
      805342000	     40165	800048f2	01c45d93	srli	x27,x8,0x1c	  x8:0x00000006 x27=0x00000000
      805762000	     40186	800048f6	01595733	srl	x14,x18,x21	 x18:0x001fffff x21:0x00000000 x14=0x001fffff
      805782000	     40187	800048fa	6131	c.addi16sp	x2,320	  x2:0xfffffff0  x2=0x00000130
      805942000	     40195	800048fc	41a10c33	sub	x24,x2,x26	  x2:0x00000130 x26:0x00000001 x24=0x0000012f
      806362000	     40216	80004900	c98d	c.beqz	x11,80004932	 x11:0x00000000
      806902000	     40243	80004932	8471	c.srai	x8,0x1c	  x8:0x00000006  x8=0x00000000
      806942000	     40245	80004934	02b925b3	mulhsu	x11,x18,x11	 x18:0x001fffff x11:0x00000000 x11=0x00000000
      806962000	     40246	80004938	05e49163	bne	x9,x30,8000497a	  x9:0x00000001 x30:0xe2447802
      807262000	     40261	8000497a	008c8c33	add	x24,x25,x8	 x25:0x80025ce4  x8:0x00000000 x24=0x80025ce4
      807282000	     40262	8000497e	0118	c.addi4spn	x14,x2,128	 x14=0x000001b0
      807302000	     40263	80004980	034c0333	mul	x6,x24,x20	 x24:0x80025ce4 x20:0x00000001  x6=0x80025ce4
      807322000	     40264	80004984	003997b3	sll	x15,x19,x3	 x19:0x80021df8  x3:0x80021df9 x15=0xf0000000
      807482000	     40272	80004988	c319	c.beqz	x14,8000498e	 x14:0x000001b0
      807562000	     40276	8000498a	0078d2b3	srl	x5,x17,x7	 x17:0x00000200  x7:0x00000000  x5=0x00000200
      807582000	     40277	8000498e	0c4e	c.slli	x24,0x13	 x24:0x80025ce4 x24=0xe7200000
      807862000	     40291	80004990	0ee5	c.addi	x29,25	 x29:0x00000000 x29=0x00000019
      808602000	     40328	80004992	036f53b3	divu	x7,x30,x22	 x30:0xe2447802 x22:0xfffffffb  x7=0x00000000
      808622000	     40329	80004996	82ca	c.mv	x5,x18	  x0:0x00000000 x18:0x001fffff  x5=0x001fffff
      808662000	     40331	80004998	02809233	mulh	x4,x1,x8	  x1:0xb9c80000  x8:0x00000000  x4=0x00000000
      808682000	     40332	8000499c	008f8563	beq	x31,x8,800049a6	 x31:0x0000000b  x8:0x00000000
      808702000	     40333	800049a0	0a26	c.slli	x20,0x9	 x20:0x00000001 x20=0x00000200
      808722000	     40334	800049a2	00283bb3	sltu	x23,x16,x2	 x16:0x006e8419  x2:0x00000130 x23=0x00000000
      808742000	     40335	800049a6	910e	c.add	x2,x3	  x2:0x00000130  x3:0x80021df9  x2=0x80021f29
      808782000	     40337	800049a8	037a9933	mulh	x18,x21,x23	 x21:0x00000000 x23:0x00000000 x18=0x00000000
      808802000	     40338	800049ac	03658533	mul	x10,x11,x22	 x11:0x00000000 x22:0xfffffffb x10=0x00000000
      809202000	     40358	800049b0	c095	c.beqz	x9,800049d4	  x9:0x00000001
      809222000	     40359	800049b2	ca81	c.beqz	x13,800049c2	 x13:0x00000000
      809642000	     40380	800049c2	00d61663	bne	x12,x13,800049ce	 x12:0xffffffff x13:0x00000000
      810642000	     40430	800049ce	016a38b3	sltu	x17,x20,x22	 x20:0x00000200 x22:0xfffffffb x17=0x00000001
      810662000	     40431	800049d2	8e1d	c.sub	x12,x15	 x12:0xffffffff x15:0xf0000000 x12=0x0fffffff
      810722000	     40434	800049d4	b0ea45b7	lui	x11,0xb0ea4	 x11=0xb0ea4000
      811142000	     40455	800049d8	016fc0b3	xor	x1,x31,x22	 x31:0x0000000b x22:0xfffffffb  x1=0xfffffff0
      811202000	     40458	800049dc	39162893	slti	x17,x12,913	 x12:0x0fffffff x17=0x00000000
      811462000	     40471	800049e0	83f5	c.srli	x15,0x1d	 x15:0xf0000000 x15=0x00000007
      811482000	     40472	800049e2	015c2333	slt	x6,x24,x21	 x24:0xe7200000 x21:0x00000000  x6=0x00000001
      811502000	     40473	800049e6	016e5f63	bge	x28,x22,80004a04	 x28:0x00000215 x22:0xfffffffb
      811902000	     40493	80004a04	0325fe33	remu	x28,x11,x18	 x11:0xb0ea4000 x18:0x00000000 x28=0xb0ea4000
      812262000	     40511	80004a08	c519	c.beqz	x10,80004a16	 x10:0x00000000
      812882000	     40542	80004a16	019f1d13	slli	x26,x30,0x19	 x30:0xe2447802 x26=0x04000000
      813742000	     40585	80004a1a	0232f4b3	remu	x9,x5,x3	  x5:0x001fffff  x3:0x80021df9  x9=0x001fffff
      813762000	     40586	80004a1e	039ae363	bltu	x21,x25,80004a44	 x21:0x00000000 x25:0x80025ce4
      814082000	     40602	80004a44	72ba8213	addi	x4,x21,1835	 x21:0x00000000  x4=0x0000072b
      814122000	     40604	80004a48	0001	c.addi	x0,0	  x0:0x00000000  x0=0x00000000
      814142000	     40605	80004a4a	4b9d	c.li	x23,7	 x23=0x00000007
      814162000	     40606	80004a4c	023e	c.slli	x4,0xf	  x4:0x0000072b  x4=0x03958000
      814902000	     40643	80004a4e	03c85db3	divu	x27,x16,x28	 x16:0x006e8419 x28:0xb0ea4000 x27=0x00000000
      814922000	     40644	80004a52	10fd	c.addi	x1,-1	  x1:0xfffffff0  x1=0xffffffef
      814942000	     40645	80004a54	015ce463	bltu	x25,x21,80004a5c	 x25:0x80025ce4 x21:0x00000000
      814962000	     40646	80004a58	e391	c.bnez	x15,80004a5c	 x15:0x00000007
      815002000	     40648	80004a5c	00cd67b3	or	x15,x26,x12	 x26:0x04000000 x12:0x0fffffff x15=0x0fffffff
      815022000	     40649	80004a60	02a75a63	bge	x14,x10,80004a94	 x14:0x000001b0 x10:0x00000000
      816082000	     40702	80004a94	036cddb3	divu	x27,x25,x22	 x25:0x80025ce4 x22:0xfffffffb x27=0x00000000
      816102000	     40703	80004a98	017382b3	add	x5,x7,x23	  x7:0x00000000 x23:0x00000007  x5=0x00000007
      816122000	     40704	80004a9c	01f19033	sll	x0,x3,x31	  x3:0x80021df9 x31:0x0000000b  x0=0x00000000
      816142000	     40705	80004aa0	528ba713	slti	x14,x23,1320	 x23:0x00000007 x14=0x00000001
      816882000	     40742	80004aa4	037e78b3	remu	x17,x28,x23	 x28:0xb0ea4000 x23:0x00000007 x17=0x00000004
      816902000	     40743	80004aa8	c215	c.beqz	x12,80004acc	 x12:0x0fffffff
      816922000	     40744	80004aaa	03f2e763	bltu	x5,x31,80004ad8	  x5:0x00000007 x31:0x0000000b
      817942000	     40795	80004ad8	8eb1	c.xor	x13,x12	 x13:0x00000000 x12:0x0fffffff x13=0x0fffffff
      817962000	     40796	80004ada	8d99	c.sub	x11,x14	 x11:0xb0ea4000 x14:0x00000001 x11=0xb0ea3fff
      818702000	     40833	80004adc	0315fe33	remu	x28,x11,x17	 x11:0xb0ea3fff x17:0x00000004 x28=0x00000003
      818722000	     40834	80004ae0	40ca07b3	sub	x15,x20,x12	 x20:0x00000200 x12:0x0fffffff x15=0xf0000201
      818742000	     40835	80004ae4	b0a78693	addi	x13,x15,-1270	 x15:0xf0000201 x13=0xeffffd0b
      818762000	     40836	80004ae8	01cbdd33	srl	x26,x23,x28	 x23:0x00000007 x28:0x00000003 x26=0x00000000
      818782000	     40837	80004aec	049e	c.slli	x9,0x7	  x9:0x001fffff  x9=0x0fffff80
      818802000	     40838	80004aee	01a8a5b3	slt	x11,x17,x26	 x17:0x00000004 x26:0x00000000 x11=0x00000000
      818822000	     40839	80004af2	8d41	c.or	x10,x8	 x10:0x00000000  x8:0x00000000 x10=0x00000000
      818842000	     40840	80004af4	02087e63	bgeu	x16,x0,80004b30	 x16:0x006e8419  x0:0x00000000
      819082000	     40852	80004b30	a9d26db7	lui	x27,0xa9d26	 x27=0xa9d26000
      819102000	     40853	80004b34	8599	c.srai	x11,0x6	 x11:0x00000000 x11=0x00000000
      819122000	     40854	80004b36	e489	c.bnez	x9,80004b40	  x9:0x0fffff80
      819582000	     40877	80004b40	0001	c.addi	x0,0	  x0:0x00000000  x0=0x00000000
      819602000	     40878	80004b42	8ea1	c.xor	x13,x8	 x13:0xeffffd0b  x8:0x00000000 x13=0xeffffd0b
      819622000	     40879	80004b44	0001	c.addi	x0,0	  x0:0x00000000  x0=0x00000000
      820022000	     40899	80004b46	01149db3	sll	x27,x9,x17	  x9:0x0fffff80 x17:0x00000004 x27=0xfffff800
      820862000	     40941	80004b4a	03d053b3	divu	x7,x0,x29	  x0:0x00000000 x29:0x00000019  x7=0x00000000
      820882000	     40942	80004b4e	00df1ab3	sll	x21,x30,x13	 x30:0xe2447802 x13:0xeffffd0b x21=0x23c01000
      820902000	     40943	80004b52	8a79	c.andi	x12,30	 x12:0x0fffffff x12=0x0000001e
      820922000	     40944	80004b54	8f0d	c.sub	x14,x11	 x14:0x00000001 x11:0x00000000 x14=0x00000001
      820942000	     40945	80004b56	0001	c.addi	x0,0	  x0:0x00000000  x0=0x00000000
      820962000	     40946	80004b58	c509	c.beqz	x10,80004b62	 x10:0x00000000
      821022000	     40949	80004b62	0017adb3	slt	x27,x15,x1	 x15:0xf0000201  x1:0xffffffef x27=0x00000001
      821042000	     40950	80004b66	8da1	c.xor	x11,x8	 x11:0x00000000  x8:0x00000000 x11=0x00000000
      821082000	     40952	80004b68	8d25	c.xor	x10,x9	 x10:0x00000000  x9:0x0fffff80 x10=0x0fffff80
      821142000	     40955	80004b6a	015e6863	bltu	x28,x21,80004b7a	 x28:0x00000003 x21:0x23c01000
      821342000	     40965	80004b7a	87f9	c.srai	x15,0x1e	 x15:0xf0000201 x15=0xffffffff
      821542000	     40975	80004b7c	8225	c.srli	x12,0x9	 x12:0x0000001e x12=0x00000000
      821762000	     40986	80004b7e	04305163	bge	x0,x3,80004bc0	  x0:0x00000000  x3:0x80021df9
      822582000	     41027	80004bc0	003ea5b3	slt	x11,x29,x3	 x29:0x00000019  x3:0x80021df9 x11=0x00000000
      823322000	     41064	80004bc4	034e4133	div	x2,x28,x20	 x28:0x00000003 x20:0x00000200  x2=0x00000000
      823342000	     41065	80004bc8	01f79563	bne	x15,x31,80004bd2	 x15:0xffffffff x31:0x0000000b
      824122000	     41104	80004bd2	177d	c.addi	x14,-1	 x14:0x00000001 x14=0x00000000
      824142000	     41105	80004bd4	9ea44e13	xori	x28,x8,-1558	  x8:0x00000000 x28=0xfffff9ea
      824162000	     41106	80004bd8	01039e13	slli	x28,x7,0x10	  x7:0x00000000 x28=0x00000000
      824182000	     41107	80004bdc	8a71	c.andi	x12,28	 x12:0x00000000 x12=0x00000000
      824362000	     41116	80004bde	036fb3b3	mulhu	x7,x31,x22	 x31:0x0000000b x22:0xfffffffb  x7=0x0000000a
      824382000	     41117	80004be2	8d51	c.or	x10,x12	 x10:0x0fffff80 x12:0x00000000 x10=0x0fffff80
      824462000	     41121	80004be4	009c8e33	add	x28,x25,x9	 x25:0x80025ce4  x9:0x0fffff80 x28=0x90025c64
      824482000	     41122	80004be8	00791033	sll	x0,x18,x7	 x18:0x00000000  x7:0x0000000a  x0=0x00000000
      824842000	     41140	80004bec	014efc33	and	x24,x29,x20	 x29:0x00000019 x20:0x00000200 x24=0x00000000
      824902000	     41143	80004bf0	52fd	c.li	x5,-1	  x5=0xffffffff
      824922000	     41144	80004bf2	9646	c.add	x12,x17	 x12:0x00000000 x17:0x00000004 x12=0x00000004
      824942000	     41145	80004bf4	01f023b3	slt	x7,x0,x31	  x0:0x00000000 x31:0x0000000b  x7=0x00000001
      824962000	     41146	80004bf8	15fd	c.addi	x11,-1	 x11:0x00000000 x11=0xffffffff
      824982000	     41147	80004bfa	8ee9	c.and	x13,x10	 x13:0xeffffd0b x10:0x0fffff80 x13=0x0ffffd00
      825022000	     41149	80004bfc	8cd5	c.or	x9,x13	  x9:0x0fffff80 x13:0x0ffffd00  x9=0x0fffff80
      825042000	     41150	80004bfe	8e99	c.sub	x13,x14	 x13:0x0ffffd00 x14:0x00000000 x13=0x0ffffd00
      825062000	     41151	80004c00	717d	c.addi16sp	x2,-16	  x2:0x00000000  x2=0xfffffff0
      825102000	     41153	80004c02	02af9533	mulh	x10,x31,x10	 x31:0x0000000b x10:0x0fffff80 x10=0x00000000
      825122000	     41154	80004c06	0ff0000f	fence	iorw,iorw	
      825482000	     41172	80004c0a	411ada33	sra	x20,x21,x17	 x21:0x23c01000 x17:0x00000004 x20=0x023c0100
      825502000	     41173	80004c0e	0ff0000f	fence	iorw,iorw	
      825522000	     41174	80004c12	00f25713	srli	x14,x4,0xf	  x4:0x03958000 x14=0x0000072b
      825542000	     41175	80004c16	0001	c.addi	x0,0	  x0:0x00000000  x0=0x00000000
      825782000	     41187	80004c18	00352bb3	slt	x23,x10,x3	 x10:0x00000000  x3:0x80021df9 x23=0x00000000
      826202000	     41208	80004c1c	6f51	c.lui	x30,0x14	 x30=0x00014000
      826222000	     41209	80004c1e	086a	c.slli	x16,0x1a	 x16:0x006e8419 x16=0x64000000
      826242000	     41210	80004c20	40518e33	sub	x28,x3,x5	  x3:0x80021df9  x5:0xffffffff x28=0x80021dfa
      826302000	     41213	80004c24	48fd	c.li	x17,31	 x17=0x0000001f
      826722000	     41234	80004c26	03fa6a93	ori	x21,x20,63	 x20:0x023c0100 x21=0x023c013f
      826742000	     41235	80004c2a	8325	c.srli	x14,0x9	 x14:0x0000072b x14=0x00000003
      826922000	     41244	80004c2c	1804	c.addi4spn	x9,x2,48	  x9=0x00000020
      827082000	     41252	80004c2e	026c2bb3	mulhsu	x23,x24,x6	 x24:0x00000000  x6:0x00000001 x23=0x00000000
      827102000	     41253	80004c32	80da	c.mv	x1,x22	  x0:0x00000000 x22:0xfffffffb  x1=0xfffffffb
      827182000	     41257	80004c34	01b7d593	srli	x11,x15,0x1b	 x15:0xffffffff x11=0x0000001f
      827202000	     41258	80004c38	0d26	c.slli	x26,0x9	 x26:0x00000000 x26=0x00000000
      827222000	     41259	80004c3a	8da5	c.xor	x11,x9	 x11:0x0000001f  x9:0x00000020 x11=0x0000003f
      827542000	     41275	80004c3c	7b478493	addi	x9,x15,1972	 x15:0xffffffff  x9=0x000007b3
      827742000	     41285	80004c40	717d	c.addi16sp	x2,-16	  x2:0xfffffff0  x2=0xffffffe0
      827782000	     41287	80004c42	02959933	mulh	x18,x11,x9	 x11:0x0000003f  x9:0x000007b3 x18=0x00000000
      827822000	     41289	80004c46	03f3a933	mulhsu	x18,x7,x31	  x7:0x00000001 x31:0x0000000b x18=0x00000000
      827862000	     41291	80004c4a	038944b3	div	x9,x18,x24	 x18:0x00000000 x24:0x00000000  x9=0xffffffff
      828202000	     41308	80004c4e	40bcd8b3	sra	x17,x25,x11	 x25:0x80025ce4 x11:0x0000003f x17=0xffffffff
      828222000	     41309	80004c52	ef15	c.bnez	x14,80004c8e	 x14:0x00000003
      828602000	     41328	80004c8e	5a7d	c.li	x20,-1	 x20=0xffffffff
      829042000	     41350	80004c90	02a2ca63	blt	x5,x10,80004cc4	  x5:0xffffffff x10:0x00000000
      829882000	     41392	80004cc4	8a4d	c.andi	x12,19	 x12:0x00000004 x12=0x00000000
      829902000	     41393	80004cc6	8779	c.srai	x14,0x1e	 x14:0x00000003 x14=0x00000000
      831142000	     41455	80004cc8	027c5b33	divu	x22,x24,x7	 x24:0x00000000  x7:0x00000001 x22=0x00000000
      831162000	     41456	80004ccc	8b556917	auipc	x18,0x8b556	 x18=0x0b55accc
      831182000	     41457	80004cd0	03aec963	blt	x29,x26,80004d02	 x29:0x00000019 x26:0x00000000
      831202000	     41458	80004cd4	6b31	c.lui	x22,0xc	 x22=0x0000c000
      831222000	     41459	80004cd6	c6123a13	sltiu	x20,x4,-927	  x4:0x03958000 x20=0x00000001
      831242000	     41460	80004cda	03a66263	bltu	x12,x26,80004cfe	 x12:0x00000000 x26:0x00000000
      831262000	     41461	80004cde	91aa	c.add	x3,x10	  x3:0x80021df9 x10:0x00000000  x3=0x80021df9
      831282000	     41462	80004ce0	000fe0b3	or	x1,x31,x0	 x31:0x0000000b  x0:0x00000000  x1=0x0000000b
      831302000	     41463	80004ce4	8c85	c.sub	x9,x9	  x9:0xffffffff  x9:0xffffffff  x9=0x00000000
      831322000	     41464	80004ce6	851d	c.srai	x10,0x7	 x10:0x00000000 x10=0x00000000
      831462000	     41471	80004ce8	8aa6	c.mv	x21,x9	  x0:0x00000000  x9:0x00000000 x21=0x00000000
      831482000	     41472	80004cea	c701	c.beqz	x14,80004cf2	 x14:0x00000000
      832542000	     41525	80004cf2	01348ab3	add	x21,x9,x19	  x9:0x00000000 x19:0x80021df8 x21=0x80021df8
      832562000	     41526	80004cf6	e591	c.bnez	x11,80004d02	 x11:0x0000003f
      832942000	     41545	80004d02	0c65	c.addi	x24,25	 x24:0x00000000 x24=0x00000019
      833062000	     41551	80004d04	83b1	c.srli	x15,0xc	 x15:0xffffffff x15=0x000fffff
      833082000	     41552	80004d06	01f3bb33	sltu	x22,x7,x31	  x7:0x00000001 x31:0x0000000b x22=0x00000001
      833102000	     41553	80004d0a	85a5	c.srai	x11,0x9	 x11:0x0000003f x11=0x00000000
      833502000	     41573	80004d0c	0c26c793	xori	x15,x13,194	 x13:0x0ffffd00 x15=0x0ffffdc2
      833522000	     41574	80004d10	0001	c.addi	x0,0	  x0:0x00000000  x0=0x00000000
      833542000	     41575	80004d12	37346193	ori	x3,x8,883	  x8:0x00000000  x3=0x00000373
      833562000	     41576	80004d16	e985	c.bnez	x11,80004d46	 x11:0x00000000
      833762000	     41586	80004d18	02915eb3	divu	x29,x2,x9	  x2:0xffffffe0  x9:0x00000000 x29=0xffffffff
      833902000	     41593	80004d1c	01285db3	srl	x27,x16,x18	 x16:0x64000000 x18:0x0b55accc x27=0x00064000
      833922000	     41594	80004d20	0044d633	srl	x12,x9,x4	  x9:0x00000000  x4:0x03958000 x12=0x00000000
      834042000	     41600	80004d24	05370463	beq	x14,x19,80004d6c	 x14:0x00000000 x19:0x80021df8
      834062000	     41601	80004d28	00291793	slli	x15,x18,0x2	 x18:0x0b55accc x15=0x2d56b330
      834082000	     41602	80004d2c	6611	c.lui	x12,0x4	 x12=0x00004000
      834102000	     41603	80004d2e	013f4533	xor	x10,x30,x19	 x30:0x00014000 x19:0x80021df8 x10=0x80035df8
      834522000	     41624	80004d32	d3626737	lui	x14,0xd3626	 x14=0xd3626000
      834582000	     41627	80004d36	01fe0863	beq	x28,x31,80004d46	 x28:0x80021dfa x31:0x0000000b
      834602000	     41628	80004d3a	ce9cad13	slti	x26,x25,-791	 x25:0x80025ce4 x26=0x00000001
      835022000	     41649	80004d3e	fc2ee737	lui	x14,0xfc2ee	 x14=0xfc2ee000
      835042000	     41650	80004d42	4050d433	sra	x8,x1,x5	  x1:0x0000000b  x5:0xffffffff  x8=0x00000000
      835282000	     41662	80004d46	dc96bd13	sltiu	x26,x13,-567	 x13:0x0ffffd00 x26=0x00000001
      836382000	     41717	80004d4a	033f6333	rem	x6,x30,x19	 x30:0x00014000 x19:0x80021df8  x6=0x00014000
      836422000	     41719	80004d4e	039e94b3	mulh	x9,x29,x25	 x29:0xffffffff x25:0x80025ce4  x9=0x00000000
      836442000	     41720	80004d52	b9287013	andi	x0,x16,-1134	 x16:0x64000000  x0=0x00000000
      836462000	     41721	80004d56	00fec563	blt	x29,x15,80004d60	 x29:0xffffffff x15:0x2d56b330
      836502000	     41723	80004d60	b077c293	xori	x5,x15,-1273	 x15:0x2d56b330  x5=0xd2a94837
      836522000	     41724	80004d64	8d0d	c.sub	x10,x11	 x10:0x80035df8 x11:0x00000000 x10=0x80035df8
      836542000	     41725	80004d66	8ead	c.xor	x13,x11	 x13:0x0ffffd00 x11:0x00000000 x13=0x0ffffd00
      836822000	     41739	80004d68	01299413	slli	x8,x19,0x12	 x19:0x80021df8  x8=0x77e00000
      837242000	     41760	80004d6c	8a6d	c.andi	x12,27	 x12:0x00004000 x12=0x00000000
      837262000	     41761	80004d6e	081a	c.slli	x16,0x6	 x16:0x64000000 x16=0x00000000
      837442000	     41770	80004d70	0053e7b3	or	x15,x7,x5	  x7:0x00000001  x5:0xd2a94837 x15=0xd2a94837
      837462000	     41771	80004d74	7f0a7d13	andi	x26,x20,2032	 x20:0x00000001 x26=0x00000000
      837482000	     41772	80004d78	8db5	c.xor	x11,x13	 x11:0x00000000 x13:0x0ffffd00 x11=0x0ffffd00
      837502000	     41773	80004d7a	0001	c.addi	x0,0	  x0:0x00000000  x0=0x00000000
      837522000	     41774	80004d7c	da786293	ori	x5,x16,-601	 x16:0x00000000  x5=0xfffffda7
      837882000	     41792	80004d80	8cfd	c.and	x9,x15	  x9:0x00000000 x15:0xd2a94837  x9=0x00000000
      838322000	     41814	80004d82	0242ba33	mulhu	x20,x5,x4	  x5:0xfffffda7  x4:0x03958000 x20=0x03957ff7
      838342000	     41815	80004d86	01e1b733	sltu	x14,x3,x30	  x3:0x00000373 x30:0x00014000 x14=0x00000001
      838422000	     41819	80004d8a	0000100f	fence.i	
      839842000	     41890	80004d8e	02f95ab3	divu	x21,x18,x15	 x18:0x0b55accc x15:0xd2a94837 x21=0x00000000
      839862000	     41891	80004d92	c089	c.beqz	x9,80004d94	  x9:0x00000000
      840222000	     41909	80004d94	527d	c.li	x4,-1	  x4=0xffffffff
      840622000	     41929	80004d96	000b3ab3	sltu	x21,x22,x0	 x22:0x00000001  x0:0x00000000 x21=0x00000000
      840762000	     41936	80004d9a	025a4963	blt	x20,x5,80004dcc	 x20:0x03957ff7  x5:0xfffffda7
      841182000	     41957	80004d9e	009eaf33	slt	x30,x29,x9	 x29:0xffffffff  x9:0x00000000 x30=0x00000001
      841202000	     41958	80004da2	91f2	c.add	x3,x28	  x3:0x00000373 x28:0x80021dfa  x3=0x8002216d
      841242000	     41960	80004da4	0206d8b3	divu	x17,x13,x0	 x13:0x0ffffd00  x0:0x00000000 x17=0xffffffff
      841262000	     41961	80004da8	00913933	sltu	x18,x2,x9	  x2:0xffffffe0  x9:0x00000000 x18=0x00000000
      841282000	     41962	80004dac	cb15	c.beqz	x14,80004de0	 x14:0x00000001
      841302000	     41963	80004dae	401fd7b3	sra	x15,x31,x1	 x31:0x0000000b  x1:0x0000000b x15=0x00000000
      841382000	     41967	80004db2	00383e33	sltu	x28,x16,x3	 x16:0x00000000  x3:0x8002216d x28=0x00000001
      841402000	     41968	80004db6	f3bea213	slti	x4,x29,-197	 x29:0xffffffff  x4=0x00000000
      841422000	     41969	80004dba	8ce1	c.and	x9,x8	  x9:0x00000000  x8:0x77e00000  x9=0x00000000
      841542000	     41975	80004dbc	00127863	bgeu	x4,x1,80004dcc	  x4:0x00000000  x1:0x0000000b
      841722000	     41984	80004dc0	007b9d33	sll	x26,x23,x7	 x23:0x00000000  x7:0x00000001 x26=0x00000000
      841862000	     41991	80004dc4	017be963	bltu	x23,x23,80004dd6	 x23:0x00000000 x23:0x00000000
      841882000	     41992	80004dc8	4969	c.li	x18,26	 x18=0x0000001a
      841902000	     41993	80004dca	ec99	c.bnez	x9,80004de8	  x9:0x00000000
      841922000	     41994	80004dcc	9bf2	c.add	x23,x28	 x23:0x00000000 x28:0x00000001 x23=0x00000001
      841942000	     41995	80004dce	40c2d133	sra	x2,x5,x12	  x5:0xfffffda7 x12:0x00000000  x2=0xfffffda7
      841962000	     41996	80004dd2	8469	c.srai	x8,0x1a	  x8:0x77e00000  x8=0x0000001d
      841982000	     41997	80004dd4	9bfd	c.andi	x15,-1	 x15:0x00000000 x15=0x00000000
      842002000	     41998	80004dd6	862d	c.srai	x12,0xb	 x12:0x00000000 x12=0x00000000
      842202000	     42008	80004dd8	049cd463	bge	x25,x9,80004e20	 x25:0x80025ce4  x9:0x00000000
      842462000	     42021	80004ddc	50858693	addi	x13,x11,1288	 x11:0x0ffffd00 x13=0x10000208
      842482000	     42022	80004de0	01cf9eb3	sll	x29,x31,x28	 x31:0x0000000b x28:0x00000001 x29=0x00000016
      842522000	     42024	80004de4	395be513	ori	x10,x23,917	 x23:0x00000001 x10=0x00000395
      842702000	     42033	80004de8	67ddbe13	sltiu	x28,x27,1661	 x27:0x00064000 x28=0x00000000
      842722000	     42034	80004dec	00779693	slli	x13,x15,0x7	 x15:0x00000000 x13=0x00000000
      842742000	     42035	80004df0	04a56263	bltu	x10,x10,80004e34	 x10:0x00000395 x10:0x00000395
      842842000	     42040	80004df4	01790563	beq	x18,x23,80004dfe	 x18:0x0000001a x23:0x00000001
      842862000	     42041	80004df8	8cb1	c.xor	x9,x12	  x9:0x00000000 x12:0x00000000  x9=0x00000000
      842882000	     42042	80004dfa	8e55	c.or	x12,x13	 x12:0x00000000 x13:0x00000000 x12=0x00000000
      842902000	     42043	80004dfc	8eda	c.mv	x29,x22	  x0:0x00000000 x22:0x00000001 x29=0x00000001
      842922000	     42044	80004dfe	05b9d163	bge	x19,x27,80004e40	 x19:0x80021df8 x27:0x00064000
      843322000	     42064	80004e02	0000100f	fence.i	
      843962000	     42096	80004e06	02c05f63	bge	x0,x12,80004e44	  x0:0x00000000 x12:0x00000000
      845602000	     42178	80004e44	03734633	div	x12,x6,x23	  x6:0x00014000 x23:0x00000001 x12=0x00014000
      859342000	     42865	80004e48	0562	c.slli	x10,0x18	 x10:0x00000395 x10=0x95000000
      859362000	     42866	80004e4a	4d3eca13	xori	x20,x29,1235	 x29:0x00000001 x20=0x000004d2
      859382000	     42867	80004e4e	03f17563	bgeu	x2,x31,80004e78	  x2:0xfffffda7 x31:0x0000000b
      859862000	     42891	80004e78	00bb1363	bne	x22,x11,80004e7e	 x22:0x00000001 x11:0x0ffffd00
      860402000	     42918	80004e7e	955a	c.add	x10,x22	 x10:0x95000000 x22:0x00000001 x10=0x95000001
      860862000	     42941	80004e80	04014063	blt	x2,x0,80004ec0	  x2:0xfffffda7  x0:0x00000000
      862102000	     43003	80004ec0	008ec0b3	xor	x1,x29,x8	 x29:0x00000001  x8:0x0000001d  x1=0x0000001c
      862502000	     43023	80004ec4	0139d0b3	srl	x1,x19,x19	 x19:0x80021df8 x19:0x80021df8  x1=0x00000080
      863322000	     43064	80004ec8	02ee5b33	divu	x22,x28,x14	 x28:0x00000000 x14:0x00000001 x22=0x00000000
      863342000	     43065	80004ecc	6f2d	c.lui	x30,0xb	 x30=0x0000b000
      863362000	     43066	80004ece	00346bb3	or	x23,x8,x3	  x8:0x0000001d  x3:0x8002216d x23=0x8002217d
      863382000	     43067	80004ed2	8225	c.srli	x12,0x9	 x12:0x00014000 x12=0x000000a0
      863402000	     43068	80004ed4	9e84c713	xori	x14,x9,-1560	  x9:0x00000000 x14=0xfffff9e8
      863422000	     43069	80004ed8	0d31	c.addi	x26,12	 x26:0x00000000 x26=0x0000000c
      863442000	     43070	80004eda	0171e563	bltu	x3,x23,80004ee4	  x3:0x8002216d x23:0x8002217d
      864102000	     43103	80004ee4	8fb5	c.xor	x15,x13	 x15:0x00000000 x13:0x00000000 x15=0x00000000
      864122000	     43104	80004ee6	ef1d	c.bnez	x14,80004f24	 x14:0xfffff9e8
      864422000	     43119	80004f24	042144b7	lui	x9,0x4214	  x9=0x04214000
      864482000	     43122	80004f28	ddd0e413	ori	x8,x1,-547	  x1:0x00000080  x8=0xfffffddd
      864662000	     43131	80004f2c	0001	c.addi	x0,0	  x0:0x00000000  x0=0x00000000
      865082000	     43152	80004f2e	07698063	beq	x19,x22,80004f8e	 x19:0x80021df8 x22:0x00000000
      865102000	     43153	80004f32	40f1d393	srai	x7,x3,0xf	  x3:0x8002216d  x7=0xffff0004
      865282000	     43162	80004f36	01111563	bne	x2,x17,80004f40	  x2:0xfffffda7 x17:0xffffffff
      865902000	     43193	80004f40	004b0eb3	add	x29,x22,x4	 x22:0x00000000  x4:0x00000000 x29=0x00000000
      866002000	     43198	80004f44	8341	c.srli	x14,0x10	 x14:0xfffff9e8 x14=0x0000ffff
      866022000	     43199	80004f46	0001	c.addi	x0,0	  x0:0x00000000  x0=0x00000000
      866202000	     43208	80004f48	02298633	mul	x12,x19,x2	 x19:0x80021df8  x2:0xfffffda7 x12=0x7b07a4c8
      866222000	     43209	80004f4c	8ef9	c.and	x13,x14	 x13:0x00000000 x14:0x0000ffff x13=0x00000000
      866642000	     43230	80004f4e	03114a63	blt	x2,x17,80004f82	  x2:0xfffffda7 x17:0xffffffff
      867602000	     43278	80004f82	0ff0000f	fence	iorw,iorw	
      867642000	     43280	80004f86	6daac813	xori	x16,x21,1754	 x21:0x00000000 x16=0x000006da
      868702000	     43333	80004f8a	03715233	divu	x4,x2,x23	  x2:0xfffffda7 x23:0x8002217d  x4=0x00000001
      868722000	     43334	80004f8e	9770c113	xori	x2,x1,-1673	  x1:0x00000080  x2=0xfffff9f7
      868742000	     43335	80004f92	25369097	auipc	x1,0x25369	  x1=0xa536df92
      869482000	     43372	80004f96	03adff33	remu	x30,x27,x26	 x27:0x00064000 x26:0x0000000c x30=0x00000004
      869502000	     43373	80004f9a	0000100f	fence.i	
      869942000	     43395	80004f9e	0446	c.slli	x8,0x11	  x8:0xfffffddd  x8=0xfbba0000
      870042000	     43400	80004fa0	8ee5	c.and	x13,x9	 x13:0x00000000  x9:0x04214000 x13=0x00000000
      870062000	     43401	80004fa2	03279a63	bne	x15,x18,80004fd6	 x15:0x00000000 x18:0x0000001a
      870242000	     43410	80004fd6	01125533	srl	x10,x4,x17	  x4:0x00000001 x17:0xffffffff x10=0x00000000
      870262000	     43411	80004fda	0055beb3	sltu	x29,x11,x5	 x11:0x0ffffd00  x5:0xfffffda7 x29=0x00000001
      870282000	     43412	80004fde	02c00133	mul	x2,x0,x12	  x0:0x00000000 x12:0x7b07a4c8  x2=0x00000000
      870502000	     43423	80004fe2	015e83b3	add	x7,x29,x21	 x29:0x00000001 x21:0x00000000  x7=0x00000001
      870522000	     43424	80004fe6	8875	c.andi	x8,29	  x8:0xfbba0000  x8=0x00000000
      870542000	     43425	80004fe8	2962dc37	lui	x24,0x2962d	 x24=0x2962d000
      870562000	     43426	80004fec	12fd	c.addi	x5,-1	  x5:0xfffffda7  x5=0xfffffda6
      870582000	     43427	80004fee	01d6c763	blt	x13,x29,80004ffc	 x13:0x00000000 x29:0x00000001
      870882000	     43442	80004ffc	187d	c.addi	x16,-1	 x16:0x000006da x16=0x000006d9
      870902000	     43443	80004ffe	01f55393	srli	x7,x10,0x1f	 x10:0x00000000  x7=0x00000000
      871022000	     43449	80005002	a674a493	slti	x9,x9,-1433	  x9:0x04214000  x9=0x00000000
      871042000	     43450	80005006	eeb78e13	addi	x28,x15,-277	 x15:0x00000000 x28=0xfffffeeb
      871782000	     43487	8000500a	02c5c733	div	x14,x11,x12	 x11:0x0ffffd00 x12:0x7b07a4c8 x14=0x00000000
      871822000	     43489	8000500e	0277b633	mulhu	x12,x15,x7	 x15:0x00000000  x7:0x00000000 x12=0x00000000
      871842000	     43490	80005012	c822fd13	andi	x26,x5,-894	  x5:0xfffffda6 x26=0xfffffc82
      871862000	     43491	80005016	012ed593	srli	x11,x29,0x12	 x29:0x00000001 x11=0x00000000
      872602000	     43528	8000501a	038bd333	divu	x6,x23,x24	 x23:0x8002217d x24:0x2962d000  x6=0x00000003
      872622000	     43529	8000501e	005bba33	sltu	x20,x23,x5	 x23:0x8002217d  x5:0xfffffda6 x20=0x00000001
      872662000	     43531	80005022	03b913b3	mulh	x7,x18,x27	 x18:0x0000001a x27:0x00064000  x7=0x00000000
      872682000	     43532	80005026	11fd	c.addi	x3,-1	  x3:0x8002216d  x3=0x8002216c
      873422000	     43569	80005028	03257a33	remu	x20,x10,x18	 x10:0x00000000 x18:0x0000001a x20=0x00000000
      873442000	     43570	8000502c	0001	c.addi	x0,0	  x0:0x00000000  x0=0x00000000
      873462000	     43571	8000502e	012b0663	beq	x22,x18,8000503a	 x22:0x00000000 x18:0x0000001a
      873482000	     43572	80005032	00194763	blt	x18,x1,80005040	 x18:0x0000001a  x1:0xa536df92
      873502000	     43573	80005036	8451	c.srai	x8,0x14	  x8:0x00000000  x8=0x00000000
      873522000	     43574	80005038	834d	c.srli	x14,0x13	 x14:0x00000000 x14=0x00000000
      873542000	     43575	8000503a	00ee9c13	slli	x24,x29,0xe	 x29:0x00000001 x24=0x00004000
      873562000	     43576	8000503e	8265	c.srli	x12,0x19	 x12:0x00000000 x12=0x00000000
      873582000	     43577	80005040	ce85	c.beqz	x13,80005078	 x13:0x00000000
      874082000	     43602	80005078	8d85	c.sub	x11,x9	 x11:0x00000000  x9:0x00000000 x11=0x00000000
      874102000	     43603	8000507a	da769197	auipc	x3,0xda769	  x3=0x5a76e07a
      874282000	     43612	8000507e	00b47633	and	x12,x8,x11	  x8:0x00000000 x11:0x00000000 x12=0x00000000
      874342000	     43615	80005082	02bbd933	divu	x18,x23,x11	 x23:0x8002217d x11:0x00000000 x18=0xffffffff
      874362000	     43616	80005086	e5c1cc13	xori	x24,x3,-420	  x3:0x5a76e07a x24=0xa5891e26
      874382000	     43617	8000508a	03d10c63	beq	x2,x29,800050c2	  x2:0x00000000 x29:0x00000001
      874402000	     43618	8000508e	0c72	c.slli	x24,0x1c	 x24:0xa5891e26 x24=0x60000000
      874702000	     43633	80005090	02e3cf63	blt	x7,x14,800050ce	  x7:0x00000000 x14:0x00000000
      874882000	     43642	80005094	8196	c.mv	x3,x5	  x0:0x00000000  x5:0xfffffda6  x3=0xfffffda6
      874902000	     43643	80005096	0ff0000f	fence	iorw,iorw	
      874922000	     43644	8000509a	8dda	c.mv	x27,x22	  x0:0x00000000 x22:0x00000000 x27=0x00000000
      874942000	     43645	8000509c	c689	c.beqz	x13,800050a6	 x13:0x00000000
      875882000	     43692	800050a6	0001	c.addi	x0,0	  x0:0x00000000  x0=0x00000000
      875922000	     43694	800050a8	00a39763	bne	x7,x10,800050b6	  x7:0x00000000 x10:0x00000000
      876342000	     43715	800050ac	8fe9	c.and	x15,x10	 x15:0x00000000 x10:0x00000000 x15=0x00000000
      876362000	     43716	800050ae	0079f733	and	x14,x19,x7	 x19:0x80021df8  x7:0x00000000 x14=0x00000000
      876402000	     43718	800050b2	54034b37	lui	x22,0x54034	 x22=0x54034000
      876422000	     43719	800050b6	010f5613	srli	x12,x30,0x10	 x30:0x00000004 x12=0x00000000
      876462000	     43721	800050ba	0330ad33	mulhsu	x26,x1,x19	  x1:0xa536df92 x19:0x80021df8 x26=0xd29aaf96
      876482000	     43722	800050be	9ed4b093	sltiu	x1,x9,-1555	  x9:0x00000000  x1=0x00000001
      876502000	     43723	800050c2	8f06	c.mv	x30,x1	  x0:0x00000000  x1:0x00000001 x30=0x00000001
      876522000	     43724	800050c4	018a3633	sltu	x12,x20,x24	 x20:0x00000000 x24:0x60000000 x12=0x00000001
      877122000	     43754	800050c8	0001	c.addi	x0,0	  x0:0x00000000  x0=0x00000000
      877862000	     43791	800050ca	02c2fe33	remu	x28,x5,x12	  x5:0xfffffda6 x12:0x00000001 x28=0x00000000
      877882000	     43792	800050ce	8369	c.srli	x14,0x1a	 x14:0x00000000 x14=0x00000000
      877902000	     43793	800050d0	69d8bd37	lui	x26,0x69d8b	 x26=0x69d8b000
      877922000	     43794	800050d4	00e368b3	or	x17,x6,x14	  x6:0x00000003 x14:0x00000000 x17=0x00000003
      877942000	     43795	800050d8	8bd6	c.mv	x23,x21	  x0:0x00000000 x21:0x00000000 x23=0x00000000
      877962000	     43796	800050da	0ff0000f	fence	iorw,iorw	
      877982000	     43797	800050de	01bcf233	and	x4,x25,x27	 x25:0x80025ce4 x27:0x00000000  x4=0x00000000
      878002000	     43798	800050e2	01d98363	beq	x19,x29,800050e8	 x19:0x80021df8 x29:0x00000001
      878022000	     43799	800050e6	099c	c.addi4spn	x15,x2,208	 x15=0x000000d0
      878442000	     43820	800050e8	e3a9a693	slti	x13,x19,-454	 x19:0x80021df8 x13=0x00000001
      878462000	     43821	800050ec	0006cf33	xor	x30,x13,x0	 x13:0x00000001  x0:0x00000000 x30=0x00000001
      878882000	     43842	800050f0	c08fe393	ori	x7,x31,-1016	 x31:0x0000000b  x7=0xfffffc0b
      879182000	     43857	800050f4	02e3f063	bgeu	x7,x14,80005114	  x7:0xfffffc0b x14:0x00000000
      880302000	     43913	80005114	d0307793	andi	x15,x0,-765	  x0:0x00000000 x15=0x00000000
      880442000	     43920	80005118	0000100f	fence.i	
      880842000	     43940	8000511c	01e40e63	beq	x8,x30,80005138	  x8:0x00000000 x30:0x00000001
      880862000	     43941	80005120	0000100f	fence.i	
      881002000	     43948	80005124	0164e1b3	or	x3,x9,x22	  x9:0x00000000 x22:0x54034000  x3=0x54034000
      881042000	     43950	80005128	02e324b3	mulhsu	x9,x6,x14	  x6:0x00000003 x14:0x00000000  x9=0x00000000
      881062000	     43951	8000512c	01bdbb33	sltu	x22,x27,x27	 x27:0x00000000 x27:0x00000000 x22=0x00000000
      881842000	     43990	80005130	033452b3	divu	x5,x8,x19	  x8:0x00000000 x19:0x80021df8  x5=0x00000000
      881862000	     43991	80005134	04074163	blt	x14,x0,80005176	 x14:0x00000000  x0:0x00000000
      881882000	     43992	80005138	0180de63	bge	x1,x24,80005154	  x1:0x00000001 x24:0x60000000
      881902000	     43993	8000513c	60a5	c.lui	x1,0x9	  x1=0x00009000
      881922000	     43994	8000513e	c2a1	c.beqz	x13,8000517e	 x13:0x00000001
      881942000	     43995	80005140	98fd	c.andi	x9,-1	  x9:0x00000000  x9=0x00000000
      881962000	     43996	80005142	309a7db7	lui	x27,0x309a7	 x27=0x309a7000
      881982000	     43997	80005146	0001	c.addi	x0,0	  x0:0x00000000  x0=0x00000000
      882062000	     44001	80005148	0026d263	bge	x13,x2,8000514c	 x13:0x00000001  x2:0x00000000
      883002000	     44048	8000514c	00b6bbb3	sltu	x23,x13,x11	 x13:0x00000001 x11:0x00000000 x23=0x00000000
      883022000	     44049	80005150	41e10433	sub	x8,x2,x30	  x2:0x00000000 x30:0x00000001  x8=0xffffffff
      883062000	     44051	80005154	03523433	mulhu	x8,x4,x21	  x4:0x00000000 x21:0x00000000  x8=0x00000000
      883082000	     44052	80005158	84a5	c.srai	x9,0x9	  x9:0x00000000  x9=0x00000000
      883122000	     44054	8000515a	03192033	mulhsu	x0,x18,x17	 x18:0xffffffff x17:0x00000003  x0=0x00000000
      883142000	     44055	8000515e	00711463	bne	x2,x7,80005166	  x2:0x00000000  x7:0xfffffc0b
      883662000	     44081	80005166	0345f333	remu	x6,x11,x20	 x11:0x00000000 x20:0x00000000  x6=0x00000000
      883682000	     44082	8000516a	c185	c.beqz	x11,8000518a	 x11:0x00000000
      884422000	     44119	8000518a	02ee8133	mul	x2,x29,x14	 x29:0x00000001 x14:0x00000000  x2=0x00000000
      884442000	     44120	8000518e	03387463	bgeu	x16,x19,800051b6	 x16:0x000006d9 x19:0x80021df8
      884522000	     44124	80005192	020bf333	remu	x6,x23,x0	 x23:0x00000000  x0:0x00000000  x6=0x00000000
      884542000	     44125	80005196	05f5	c.addi	x11,29	 x11:0x00000000 x11=0x0000001d
      884622000	     44129	80005198	e715	c.bnez	x14,800051c4	 x14:0x00000000
      884662000	     44131	8000519a	037454b3	divu	x9,x8,x23	  x8:0x00000000 x23:0x00000000  x9=0xffffffff
      884682000	     44132	8000519e	41fb02b3	sub	x5,x22,x31	 x22:0x00000000 x31:0x0000000b  x5=0xfffffff5
      884822000	     44139	800051a2	00a5dbb3	srl	x23,x11,x10	 x11:0x0000001d x10:0x00000000 x23=0x0000001d
      889022000	     44349	800051a6	03755233	divu	x4,x10,x23	 x10:0x00000000 x23:0x0000001d  x4=0x00000000
      889042000	     44350	800051aa	04fbc063	blt	x23,x15,800051ea	 x23:0x0000001d x15:0x00000000
      889062000	     44351	800051ae	0001	c.addi	x0,0	  x0:0x00000000  x0=0x00000000
      889082000	     44352	800051b0	a40ded93	ori	x27,x27,-1472	 x27:0x309a7000 x27=0xfffffa40
      889102000	     44353	800051b4	717d	c.addi16sp	x2,-16	  x2:0x00000000  x2=0xfffffff0
      889122000	     44354	800051b6	c357f613	andi	x12,x15,-971	 x15:0x00000000 x12=0x00000000
      889142000	     44355	800051ba	8bf1	c.andi	x15,28	 x15:0x00000000 x15=0x00000000
      889162000	     44356	800051bc	d0144a93	xori	x21,x8,-767	  x8:0x00000000 x21=0xfffffd01
      889402000	     44368	800051c0	2073ba93	sltiu	x21,x7,519	  x7:0xfffffc0b x21=0x00000000
      889422000	     44369	800051c4	8fb1	c.xor	x15,x12	 x15:0x00000000 x12:0x00000000 x15=0x00000000
      889442000	     44370	800051c6	035fdf63	bge	x31,x21,80005204	 x31:0x0000000b x21:0x00000000
      889922000	     44394	80005204	8dad	c.xor	x11,x11	 x11:0x0000001d x11:0x0000001d x11=0x00000000
      889942000	     44395	80005206	0ea1	c.addi	x29,8	 x29:0x00000001 x29=0x00000009
      890162000	     44406	80005208	8e15	c.sub	x12,x13	 x12:0x00000000 x13:0x00000001 x12=0xffffffff
      890202000	     44408	8000520a	03ecbe33	mulhu	x28,x25,x30	 x25:0x80025ce4 x30:0x00000001 x28=0x00000000
      890342000	     44415	8000520e	0352d133	divu	x2,x5,x21	  x5:0xfffffff5 x21:0x00000000  x2=0xffffffff
      890362000	     44416	80005212	0ff0000f	fence	iorw,iorw	
      890382000	     44417	80005216	00aad663	bge	x21,x10,80005222	 x21:0x00000000 x10:0x00000000
      890902000	     44443	80005222	02389ab3	mulh	x21,x17,x3	 x17:0x00000003  x3:0x54034000 x21=0x00000000
      890922000	     44444	80005226	03220433	mul	x8,x4,x18	  x4:0x00000000 x18:0xffffffff  x8=0x00000000
      891322000	     44464	8000522a	74198d13	addi	x26,x19,1857	 x19:0x80021df8 x26=0x80022539
      891342000	     44465	8000522e	8809	c.andi	x8,2	  x8:0x00000000  x8=0x00000000
      891362000	     44466	80005230	0000100f	fence.i	
      892122000	     44504	80005234	0168d693	srli	x13,x17,0x16	 x17:0x00000003 x13=0x00000000
      892142000	     44505	80005238	4475	c.li	x8,29	  x8=0x0000001d
      892162000	     44506	8000523a	8dd5	c.or	x11,x13	 x11:0x00000000 x13:0x00000000 x11=0x00000000
      892582000	     44527	8000523c	02e1a4b3	mulhsu	x9,x3,x14	  x3:0x54034000 x14:0x00000000  x9=0x00000000
      892762000	     44536	80005240	00471a13	slli	x20,x14,0x4	 x14:0x00000000 x20=0x00000000
      892862000	     44541	80005244	0001	c.addi	x0,0	  x0:0x00000000  x0=0x00000000
      892882000	     44542	80005246	8d3d	c.xor	x10,x15	 x10:0x00000000 x15:0x00000000 x10=0x00000000
      892922000	     44544	80005248	036f5333	divu	x6,x30,x22	 x30:0x00000001 x22:0x00000000  x6=0xffffffff
      893202000	     44558	8000524c	ea9db693	sltiu	x13,x27,-343	 x27:0xfffffa40 x13=0x00000001
      893622000	     44579	80005250	184c0413	addi	x8,x24,388	 x24:0x60000000  x8=0x60000184
      894042000	     44600	80005254	c3650a93	addi	x21,x10,-970	 x10:0x00000000 x21=0xfffffc36
      894062000	     44601	80005258	02b6fb63	bgeu	x13,x11,8000528e	 x13:0x00000001 x11:0x00000000
      894222000	     44609	8000528e	0001	c.addi	x0,0	  x0:0x00000000  x0=0x00000000
      894422000	     44619	80005290	00d16863	bltu	x2,x13,800052a0	  x2:0xffffffff x13:0x00000001
      894542000	     44625	80005294	d8a02d93	slti	x27,x0,-630	  x0:0x00000000 x27=0x00000000
      894622000	     44629	80005298	6a44f713	andi	x14,x9,1700	  x9:0x00000000 x14=0x00000000
      894642000	     44630	8000529c	02e583b3	mul	x7,x11,x14	 x11:0x00000000 x14:0x00000000  x7=0x00000000
      894662000	     44631	800052a0	fa920513	addi	x10,x4,-87	  x4:0x00000000 x10=0xffffffa9
      895082000	     44652	800052a4	463b8d93	addi	x27,x23,1123	 x23:0x0000001d x27=0x00000480
      895102000	     44653	800052a8	00c292b3	sll	x5,x5,x12	  x5:0xfffffff5 x12:0xffffffff  x5=0x80000000
      895462000	     44671	800052ac	01cd1563	bne	x26,x28,800052b6	 x26:0x80022539 x28:0x00000000
      895822000	     44689	800052b6	0000100f	fence.i	
      896262000	     44711	800052ba	0ff0000f	fence	iorw,iorw	
      896282000	     44712	800052be	02268833	mul	x16,x13,x2	 x13:0x00000001  x2:0xffffffff x16=0xffffffff
      896302000	     44713	800052c2	8db9	c.xor	x11,x14	 x11:0x00000000 x14:0x00000000 x11=0x00000000
      896322000	     44714	800052c4	8f45	c.or	x14,x9	 x14:0x00000000  x9:0x00000000 x14=0x00000000
      896342000	     44715	800052c6	0108	c.addi4spn	x10,x2,128	 x10=0x0000007f
      896362000	     44716	800052c8	0f62	c.slli	x30,0x18	 x30:0x00000001 x30=0x01000000
      896382000	     44717	800052ca	0102b333	sltu	x6,x5,x16	  x5:0x80000000 x16:0xffffffff  x6=0x00000001
      896402000	     44718	800052ce	8fe5	c.and	x15,x9	 x15:0x00000000  x9:0x00000000 x15=0x00000000
      896422000	     44719	800052d0	02e25763	bge	x4,x14,800052fe	  x4:0x00000000 x14:0x00000000
      897002000	     44748	800052fe	035f15b3	mulh	x11,x30,x21	 x30:0x01000000 x21:0xfffffc36 x11=0xfffffffc
      897022000	     44749	80005302	0998	c.addi4spn	x14,x2,208	 x14=0x000000cf
      897042000	     44750	80005304	0010e2b3	or	x5,x1,x1	  x1:0x00009000  x1:0x00009000  x5=0x00009000
      897062000	     44751	80005308	c789	c.beqz	x15,80005312	 x15:0x00000000
      897522000	     44774	80005312	0000100f	fence.i	
      897822000	     44789	80005316	03828c63	beq	x5,x24,8000534e	  x5:0x00009000 x24:0x60000000
      897862000	     44791	8000531a	034e51b3	divu	x3,x28,x20	 x28:0x00000000 x20:0x00000000  x3=0xffffffff
      897882000	     44792	8000531e	016a6033	or	x0,x20,x22	 x20:0x00000000 x22:0x00000000  x0=0x00000000
      897922000	     44794	80005322	03b296b3	mulh	x13,x5,x27	  x5:0x00009000 x27:0x00000480 x13=0x00000000
      898022000	     44799	80005326	0184c8b3	xor	x17,x9,x24	  x9:0x00000000 x24:0x60000000 x17=0x60000000
      898122000	     44804	8000532a	00f17433	and	x8,x2,x15	  x2:0xffffffff x15:0x00000000  x8=0x00000000
      898542000	     44825	8000532e	05bb9363	bne	x23,x27,80005374	 x23:0x0000001d x27:0x00000480
      899462000	     44871	80005374	001b1b93	slli	x23,x22,0x1	 x22:0x00000000 x23=0x00000000
      899662000	     44881	80005378	8ba5	c.andi	x15,9	 x15:0x00000000 x15=0x00000000
      899682000	     44882	8000537a	e51d	c.bnez	x10,800053a8	 x10:0x0000007f
      900322000	     44914	800053a8	9a6e	c.add	x20,x27	 x20:0x00000000 x27:0x00000480 x20=0x00000480
      900342000	     44915	800053aa	8ebd	c.xor	x13,x15	 x13:0x00000000 x15:0x00000000 x13=0x00000000
      900362000	     44916	800053ac	a58c6913	ori	x18,x24,-1448	 x24:0x60000000 x18=0xfffffa58
      900402000	     44918	800053b0	036322b3	mulhsu	x5,x6,x22	  x6:0x00000001 x22:0x00000000  x5=0x00000000
      900422000	     44919	800053b4	00a1ebb3	or	x23,x3,x10	  x3:0xffffffff x10:0x0000007f x23=0xffffffff
      900802000	     44938	800053b8	01ef4563	blt	x30,x30,800053c2	 x30:0x01000000 x30:0x01000000
      900822000	     44939	800053bc	41e7da93	srai	x21,x15,0x1e	 x15:0x00000000 x21=0x00000000
      900842000	     44940	800053c0	8ac2	c.mv	x21,x16	  x0:0x00000000 x16:0xffffffff x21=0xffffffff
      900862000	     44941	800053c2	41620ab3	sub	x21,x4,x22	  x4:0x00000000 x22:0x00000000 x21=0x00000000
      900882000	     44942	800053c6	99fd	c.andi	x11,-1	 x11:0xfffffffc x11=0xfffffffc
      900902000	     44943	800053c8	c609	c.beqz	x12,800053d2	 x12:0xffffffff
      900962000	     44946	800053ca	00d3f3b3	and	x7,x7,x13	  x7:0x00000000 x13:0x00000000  x7=0x00000000
      901102000	     44953	800053ce	31987813	andi	x16,x16,793	 x16:0xffffffff x16=0x00000319
      901322000	     44964	800053d2	36c598b7	lui	x17,0x36c59	 x17=0x36c59000
      901342000	     44965	800053d6	8a65c193	xori	x3,x11,-1882	 x11:0xfffffffc  x3=0x0000075a
      901362000	     44966	800053da	8949	c.andi	x10,18	 x10:0x0000007f x10=0x00000012
      901402000	     44968	800053dc	02716033	rem	x0,x2,x7	  x2:0xffffffff  x7:0x00000000  x0=0x00000000
      901422000	     44969	800053e0	0ff0000f	fence	iorw,iorw	
      901482000	     44972	800053e4	8fd1	c.or	x15,x12	 x15:0x00000000 x12:0xffffffff x15=0xffffffff
      901502000	     44973	800053e6	8ffd	c.and	x15,x15	 x15:0xffffffff x15:0xffffffff x15=0xffffffff
      901922000	     44994	800053e8	035e5533	divu	x10,x28,x21	 x28:0x00000000 x21:0x00000000 x10=0xffffffff
      902662000	     45031	800053ec	03e4f433	remu	x8,x9,x30	  x9:0x00000000 x30:0x01000000  x8=0x00000000
      902682000	     45032	800053f0	01f65813	srli	x16,x12,0x1f	 x12:0xffffffff x16=0x00000001
      902702000	     45033	800053f4	41a8d893	srai	x17,x17,0x1a	 x17:0x36c59000 x17=0x0000000d
      902862000	     45041	800053f8	410fda33	sra	x20,x31,x16	 x31:0x0000000b x16:0x00000001 x20=0x00000005
      902882000	     45042	800053fc	0001	c.addi	x0,0	  x0:0x00000000  x0=0x00000000
      903002000	     45048	800053fe	0291d433	divu	x8,x3,x9	  x3:0x0000075a  x9:0x00000000  x8=0xffffffff
      903022000	     45049	80005402	187d	c.addi	x16,-1	 x16:0x00000001 x16=0x00000000
      903042000	     45050	80005404	86a5	c.srai	x13,0x9	 x13:0x00000000 x13=0x00000000
      903062000	     45051	80005406	0001	c.addi	x0,0	  x0:0x00000000  x0=0x00000000
      903082000	     45052	80005408	0ff0000f	fence	iorw,iorw	
      903102000	     45053	8000540c	003ee833	or	x16,x29,x3	 x29:0x00000009  x3:0x0000075a x16=0x0000075b
      903282000	     45062	80005410	8cd1	c.or	x9,x12	  x9:0x00000000 x12:0xffffffff  x9=0xffffffff
      903302000	     45063	80005412	079c	c.addi4spn	x15,x2,960	 x15=0x000003bf
      903422000	     45069	80005414	0178ae33	slt	x28,x17,x23	 x17:0x0000000d x23:0xffffffff x28=0x00000000
      903582000	     45077	80005418	03f5	c.addi	x7,29	  x7:0x00000000  x7=0x0000001d
      903602000	     45078	8000541a	2857fd93	andi	x27,x15,645	 x15:0x000003bf x27=0x00000285
      903622000	     45079	8000541e	00ec1e33	sll	x28,x24,x14	 x24:0x60000000 x14:0x000000cf x28=0x00000000
      903802000	     45088	80005422	00eb93b3	sll	x7,x23,x14	 x23:0xffffffff x14:0x000000cf  x7=0xffff8000
      903822000	     45089	80005426	948a	c.add	x9,x2	  x9:0xffffffff  x2:0xffffffff  x9=0xfffffffe
      904222000	     45109	80005428	411486b3	sub	x13,x9,x17	  x9:0xfffffffe x17:0x0000000d x13=0xfffffff1
      904242000	     45110	8000542c	6159	c.addi16sp	x2,400	  x2:0xffffffff  x2=0x0000018f
      904322000	     45114	8000542e	02ce9eb3	mulh	x29,x29,x12	 x29:0x00000009 x12:0xffffffff x29=0xffffffff
      904342000	     45115	80005432	8e61	c.and	x12,x8	 x12:0xffffffff  x8:0xffffffff x12=0xffffffff
      904382000	     45117	80005434	03942133	mulhsu	x2,x8,x25	  x8:0xffffffff x25:0x80025ce4  x2=0xffffffff
      904682000	     45132	80005438	035136b3	mulhu	x13,x2,x21	  x2:0xffffffff x21:0x00000000 x13=0x00000000
      904702000	     45133	8000543c	07fe	c.slli	x15,0x1f	 x15:0x000003bf x15=0x80000000
      905102000	     45153	8000543e	2b50b3b7	lui	x7,0x2b50b	  x7=0x2b50b000
      905122000	     45154	80005442	9ad6dab7	lui	x21,0x9ad6d	 x21=0x9ad6d000
      905142000	     45155	80005446	0000100f	fence.i	
      905662000	     45181	8000544a	0243f163	bgeu	x7,x4,8000546c	  x7:0x2b50b000  x4:0x00000000
      906522000	     45224	8000546c	01b91833	sll	x16,x18,x27	 x18:0xfffffa58 x27:0x00000285 x16=0xffff4b00
      906542000	     45225	80005470	ebaa8193	addi	x3,x21,-326	 x21:0x9ad6d000  x3=0x9ad6ceba
      906582000	     45227	80005474	035010b3	mulh	x1,x0,x21	  x0:0x00000000 x21:0x9ad6d000  x1=0x00000000
      906622000	     45229	80005478	02bfb1b3	mulhu	x3,x31,x11	 x31:0x0000000b x11:0xfffffffc  x3=0x0000000a
      906882000	     45242	8000547c	8299	c.srli	x13,0x6	 x13:0x00000000 x13=0x00000000
      906902000	     45243	8000547e	e039	c.bnez	x8,800054c4	  x8:0xffffffff
      907062000	     45251	800054c4	ca8d	c.beqz	x13,800054f6	 x13:0x00000000
      907222000	     45259	800054f6	6afd	c.lui	x21,0x1f	 x21=0x0001f000
      907242000	     45260	800054f8	02304f63	blt	x0,x3,80005536	  x0:0x00000000  x3:0x0000000a
      907682000	     45282	80005536	0001	c.addi	x0,0	  x0:0x00000000  x0=0x00000000
      907702000	     45283	80005538	00b1dab3	srl	x21,x3,x11	  x3:0x0000000a x11:0xfffffffc x21=0x00000000
      907822000	     45289	8000553c	8096	c.mv	x1,x5	  x0:0x00000000  x5:0x00000000  x1=0x00000000
      907842000	     45290	8000553e	0ff0000f	fence	iorw,iorw	
      907882000	     45292	80005542	12e80013	addi	x0,x16,302	 x16:0xffff4b00  x0=0x00000000
      907982000	     45297	80005546	00bf6c63	bltu	x30,x11,8000555e	 x30:0x01000000 x11:0xfffffffc
      908122000	     45304	8000555e	fdffac13	slti	x24,x31,-33	 x31:0x0000000b x24=0x00000000
      908142000	     45305	80005562	8d35	c.xor	x10,x13	 x10:0xffffffff x13:0x00000000 x10=0xffffffff
      908882000	     45342	80005564	03bb6db3	rem	x27,x22,x27	 x22:0x00000000 x27:0x00000285 x27=0x00000000
      908902000	     45343	80005568	8add	c.andi	x13,23	 x13:0x00000000 x13=0x00000000
      908922000	     45344	8000556a	027ef163	bgeu	x29,x7,8000558c	 x29:0xffffffff  x7:0x2b50b000
      909582000	     45377	8000558c	03d4a3b3	mulhsu	x7,x9,x29	  x9:0xfffffffe x29:0xffffffff  x7=0xfffffffe
      909702000	     45383	80005590	b5edc193	xori	x3,x27,-1186	 x27:0x00000000  x3=0xfffffb5e
      910022000	     45399	80005594	5b7d	c.li	x22,-1	 x22=0xffffffff
      910062000	     45401	80005596	031b2233	mulhsu	x4,x22,x17	 x22:0xffffffff x17:0x0000000d  x4=0xffffffff
      910082000	     45402	8000559a	00ce9563	bne	x29,x12,800055a4	 x29:0xffffffff x12:0xffffffff
      910102000	     45403	8000559e	01a8bab3	sltu	x21,x17,x26	 x17:0x0000000d x26:0x80022539 x21=0x00000001
      910122000	     45404	800055a2	0001	c.addi	x0,0	  x0:0x00000000  x0=0x00000000
      910182000	     45407	800055a4	5b7d	c.li	x22,-1	 x22=0xffffffff
      910202000	     45408	800055a6	018fceb3	xor	x29,x31,x24	 x31:0x0000000b x24:0x00000000 x29=0x0000000b
      910222000	     45409	800055aa	00d688b3	add	x17,x13,x13	 x13:0x00000000 x13:0x00000000 x17=0x00000000
      910242000	     45410	800055ae	01a4e633	or	x12,x9,x26	  x9:0xfffffffe x26:0x80022539 x12=0xffffffff
      910262000	     45411	800055b2	40730db3	sub	x27,x6,x7	  x6:0x00000001  x7:0xfffffffe x27=0x00000003
      910802000	     45438	800055b6	01912e33	slt	x28,x2,x25	  x2:0xffffffff x25:0x80025ce4 x28=0x00000000
      910822000	     45439	800055ba	177d	c.addi	x14,-1	 x14:0x000000cf x14=0x000000ce
      911222000	     45459	800055bc	8f2d	c.xor	x14,x11	 x14:0x000000ce x11:0xfffffffc x14=0xffffff32
      911382000	     45467	800055be	02986863	bltu	x16,x9,800055ee	 x16:0xffff4b00  x9:0xfffffffe
      912662000	     45531	800055ee	01db98b3	sll	x17,x23,x29	 x23:0xffffffff x29:0x0000000b x17=0xfffff800
      912802000	     45538	800055f2	000bfeb3	and	x29,x23,x0	 x23:0xffffffff  x0:0x00000000 x29=0x00000000
      913182000	     45557	800055f6	00b57763	bgeu	x10,x11,80005604	 x10:0xffffffff x11:0xfffffffc
      914322000	     45614	80005604	0371f433	remu	x8,x3,x23	  x3:0xfffffb5e x23:0xffffffff  x8=0xfffffb5e
      914362000	     45616	80005608	0206a0b3	mulhsu	x1,x13,x0	 x13:0x00000000  x0:0x00000000  x1=0x00000000
      914382000	     45617	8000560c	5c1de113	ori	x2,x27,1473	 x27:0x00000003  x2=0x000005c3
      914402000	     45618	80005610	14fd	c.addi	x9,-1	  x9:0xfffffffe  x9=0xfffffffd
      914422000	     45619	80005612	ec717293	andi	x5,x2,-313	  x2:0x000005c3  x5=0x000004c3
      914462000	     45621	80005616	029fb633	mulhu	x12,x31,x9	 x31:0x0000000b  x9:0xfffffffd x12=0x0000000a
      914482000	     45622	8000561a	0001	c.addi	x0,0	  x0:0x00000000  x0=0x00000000
      914502000	     45623	8000561c	8161	c.srli	x10,0x18	 x10:0xffffffff x10=0x000000ff
      914522000	     45624	8000561e	717d	c.addi16sp	x2,-16	  x2:0x000005c3  x2=0x000005b3
      914642000	     45630	80005620	8475	c.srai	x8,0x1d	  x8:0xfffffb5e  x8=0xffffffff
      914902000	     45643	80005622	15fe1197	auipc	x3,0x15fe1	  x3=0x95fe6622
      914922000	     45644	80005626	01b60c33	add	x24,x12,x27	 x12:0x0000000a x27:0x00000003 x24=0x0000000d
      915262000	     45661	8000562a	1ce8ed93	ori	x27,x17,462	 x17:0xfffff800 x27=0xfffff9ce
      915302000	     45663	8000562e	029731b3	mulhu	x3,x14,x9	 x14:0xffffff32  x9:0xfffffffd  x3=0xffffff2f
      915322000	     45664	80005632	0f3e	c.slli	x30,0xf	 x30:0x01000000 x30=0x00000000
      915342000	     45665	80005634	0c00	c.addi4spn	x8,x2,528	  x8=0x000007c3
      915362000	     45666	80005636	0076d113	srli	x2,x13,0x7	 x13:0x00000000  x2=0x00000000
      915662000	     45681	8000563a	036711b3	mulh	x3,x14,x22	 x14:0xffffff32 x22:0xffffffff  x3=0x00000000
      915682000	     45682	8000563e	008afc33	and	x24,x21,x8	 x21:0x00000001  x8:0x000007c3 x24=0x00000001
      915702000	     45683	80005642	8f7d	c.and	x14,x15	 x14:0xffffff32 x15:0x80000000 x14=0x80000000
      915882000	     45692	80005644	0722f713	andi	x14,x5,114	  x5:0x000004c3 x14=0x00000042
      916142000	     45705	80005648	8c09	c.sub	x8,x10	  x8:0x000007c3 x10:0x000000ff  x8=0x000006c4
      916382000	     45717	8000564a	0049a603	lw	x12,4(x19)	 x19:0x80021df8 x12=0x800057d0 PA:0x80021dfc load:0x800057d0
      916402000	     45718	8000564e	09f1	c.addi	x19,28	 x19:0x80021df8 x19=0x80021e14
      916422000	     45719	80005650	0386	c.slli	x7,0x1	  x7:0xfffffffe  x7=0xfffffffc
      916442000	     45720	80005652	00060f13	addi	x30,x12,0	 x12:0x800057d0 x30=0x800057d0
      916462000	     45721	80005656	8f02	c.jr	x30	 x30:0x800057d0
      917042000	     45750	800057d0	85fd	c.srai	x11,0x1f	 x11:0xfffffffc x11=0xffffffff
      917062000	     45751	800057d2	4a322893	slti	x17,x4,1187	  x4:0xffffffff x17=0x00000001
      917082000	     45752	800057d6	4391	c.li	x7,4	  x7=0x00000004
      917182000	     45757	800057d8	02d720b3	mulhsu	x1,x14,x13	 x14:0x00000042 x13:0x00000000  x1=0x00000000
      917202000	     45758	800057dc	037ef663	bgeu	x29,x23,80005808	 x29:0x00000000 x23:0xffffffff
      918242000	     45810	800057e0	0281cf33	div	x30,x3,x8	  x3:0x00000000  x8:0x000006c4 x30=0x00000000
      918262000	     45811	800057e4	3c45b113	sltiu	x2,x11,964	 x11:0xffffffff  x2=0x00000000
      918282000	     45812	800057e8	8d85	c.sub	x11,x9	 x11:0xffffffff  x9:0xfffffffd x11=0x00000002
      918302000	     45813	800057ea	011eb4b3	sltu	x9,x29,x17	 x29:0x00000000 x17:0x00000001  x9=0x00000001
      918322000	     45814	800057ee	41c5	c.li	x3,17	  x3=0x00000011
      918342000	     45815	800057f0	8bb1	c.andi	x15,12	 x15:0x80000000 x15=0x00000000
      918362000	     45816	800057f2	0122	c.slli	x2,0x8	  x2:0x00000000  x2=0x00000000
      918382000	     45817	800057f4	019b1563	bne	x22,x25,800057fe	 x22:0xffffffff x25:0x80025ce4
      920642000	     45930	800057fe	02e7fdb3	remu	x27,x15,x14	 x15:0x00000000 x14:0x00000042 x27=0x00000000
      920662000	     45931	80005802	011684b3	add	x9,x13,x17	 x13:0x00000000 x17:0x00000001  x9=0x00000001
      920682000	     45932	80005806	8e7d	c.and	x12,x15	 x12:0x800057d0 x15:0x00000000 x12=0x00000000
      920702000	     45933	80005808	147d	c.addi	x8,-1	  x8:0x000006c4  x8=0x000006c3
      920742000	     45935	8000580a	02fac5b3	div	x11,x21,x15	 x21:0x00000001 x15:0x00000000 x11=0xffffffff
      920762000	     45936	8000580e	fdeb77b7	lui	x15,0xfdeb7	 x15=0xfdeb7000
      920782000	     45937	80005812	8f6d	c.and	x14,x11	 x14:0x00000042 x11:0xffffffff x14=0x00000042
      920802000	     45938	80005814	127d	c.addi	x4,-1	  x4:0xffffffff  x4=0xfffffffe
      920862000	     45941	80005816	0049a603	lw	x12,4(x19)	 x19:0x80021e14 x12=0x80005872 PA:0x80021e18 load:0x80005872
      921122000	     45954	8000581a	00941a13	slli	x20,x8,0x9	  x8:0x000006c3 x20=0x000d8600
      921302000	     45963	8000581e	010128b3	slt	x17,x2,x16	  x2:0x00000000 x16:0xffff4b00 x17=0x00000000
      921422000	     45969	80005822	02498993	addi	x19,x19,36	 x19:0x80021e14 x19=0x80021e38
      921442000	     45970	80005826	04ba	c.slli	x9,0xe	  x9:0x00000001  x9=0x00004000
      921622000	     45979	80005828	00160b93	addi	x23,x12,1	 x12:0x80005872 x23=0x80005873
      921822000	     45989	8000582c	000b8be7	jalr	x23,0(x23)	 x23:0x80005873 x23=0x80005830
      922502000	     46023	80005872	023c2d33	mulhsu	x26,x24,x3	 x24:0x00000001  x3:0x00000011 x26=0x00000000
      922662000	     46031	80005876	01dad093	srli	x1,x21,0x1d	 x21:0x00000001  x1=0x00000000
      922682000	     46032	8000587a	4054d1b3	sra	x3,x9,x5	  x9:0x00004000  x5:0x000004c3  x3=0x00000800
      922702000	     46033	8000587e	6ae9	c.lui	x21,0x1a	 x21=0x0001a000
      922722000	     46034	80005880	86d9	c.srai	x13,0x16	 x13:0x00000000 x13=0x00000000
      922802000	     46038	80005882	51ffb0b7	lui	x1,0x51ffb	  x1=0x51ffb000
      923222000	     46059	80005886	f19ff66f	jal	x12,8000579e	 x12=0x8000588a
      924042000	     46100	8000579e	0083e463	bltu	x7,x8,800057a6	  x7:0x00000004  x8:0x000006c3
      933022000	     46549	800057a6	fdc98993	addi	x19,x19,-36	 x19:0x80021e38 x19=0x80021e14
      933082000	     46552	800057aa	00c9a223	sw	x12,4(x19)	 x19:0x80021e14 x12:0x8000588a PA:0x80021e18 store:0x8000588a load:0xffffffff
      933102000	     46553	800057ae	0222	c.slli	x4,0x8	  x4:0xfffffffe  x4=0xfffffe00
      933122000	     46554	800057b0	dacff893	andi	x17,x31,-596	 x31:0x0000000b x17=0x00000008
      933142000	     46555	800057b4	0000100f	fence.i	
      933322000	     46564	800057b8	0001	c.addi	x0,0	  x0:0x00000000  x0=0x00000000
      933342000	     46565	800057ba	8c39	c.xor	x8,x14	  x8:0x000006c3 x14:0x00000042  x8=0x00000681
      933382000	     46567	800057bc	032037b3	mulhu	x15,x0,x18	  x0:0x00000000 x18:0xfffffa58 x15=0x00000000
      934182000	     46607	800057c0	0313e3b3	rem	x7,x7,x17	  x7:0x00000004 x17:0x00000008  x7=0x00000004
      934202000	     46608	800057c4	40a45013	srai	x0,x8,0xa	  x8:0x00000681  x0=0x00000000
      934942000	     46645	800057c8	021167b3	rem	x15,x2,x1	  x2:0x00000000  x1:0x51ffb000 x15=0x00000000
      934962000	     46646	800057cc	ef7fd66f	jal	x12,800036c2	 x12=0x800057d0
      935042000	     46650	800036c2	8c61	c.and	x8,x8	  x8:0x00000681  x8:0x00000681  x8=0x00000681
      935062000	     46651	800036c4	9ade6513	ori	x10,x28,-1619	 x28:0x00000000 x10=0xfffff9ad
      935262000	     46661	800036c8	0301b133	mulhu	x2,x3,x16	  x3:0x00000800 x16:0xffff4b00  x2=0x000007ff
      935282000	     46662	800036cc	1991	c.addi	x19,-28	 x19:0x80021e14 x19=0x80021df8
      935322000	     46664	800036ce	21ec2b13	slti	x22,x24,542	 x24:0x00000001 x22=0x00000001
      935742000	     46685	800036d2	00e81d33	sll	x26,x16,x14	 x16:0xffff4b00 x14:0x00000042 x26=0xfffd2c00
      936222000	     46709	800036d6	00c9a223	sw	x12,4(x19)	 x19:0x80021df8 x12:0x800057d0 PA:0x80021dfc store:0x800057d0 load:0xffffffff
      936242000	     46710	800036da	0da6	c.slli	x27,0x9	 x27:0x00000000 x27=0x00000000
      936262000	     46711	800036dc	9f66b493	sltiu	x9,x13,-1546	 x13:0x00000000  x9=0x00000001
      936302000	     46713	800036e0	020ed033	divu	x0,x29,x0	 x29:0x00000000  x0:0x00000000  x0=0x00000000
      936322000	     46714	800036e4	00a4b733	sltu	x14,x9,x10	  x9:0x00000001 x10:0xfffff9ad x14=0x00000001
      936342000	     46715	800036e8	82e2	c.mv	x5,x24	  x0:0x00000000 x24:0x00000001  x5=0x00000001
      936362000	     46716	800036ea	8fdd	c.or	x15,x15	 x15:0x00000000 x15:0x00000000 x15=0x00000000
      936382000	     46717	800036ec	0007f963	bgeu	x15,x0,800036fe	 x15:0x00000000  x0:0x00000000
      937122000	     46754	800036fe	0ff0000f	fence	iorw,iorw	
      937302000	     46763	80003702	03101233	mulh	x4,x0,x17	  x0:0x00000000 x17:0x00000008  x4=0x00000000
      938042000	     46800	80003706	035af433	remu	x8,x21,x21	 x21:0x0001a000 x21:0x0001a000  x8=0x00000000
      938062000	     46801	8000370a	127d	c.addi	x4,-1	  x4:0x00000000  x4=0xffffffff
      938082000	     46802	8000370c	8c39	c.xor	x8,x14	  x8:0x00000000 x14:0x00000001  x8=0x00000001
      938102000	     46803	8000370e	e3cd0a13	addi	x20,x26,-452	 x26:0xfffd2c00 x20=0xfffd2a3c
      938142000	     46805	80003712	02f24d33	div	x26,x4,x15	  x4:0xffffffff x15:0x00000000 x26=0xffffffff
      938162000	     46806	80003716	0001	c.addi	x0,0	  x0:0x00000000  x0=0x00000000
      938182000	     46807	80003718	6f7b67b7	lui	x15,0x6f7b6	 x15=0x6f7b6000
      938202000	     46808	8000371c	9afd	c.andi	x13,-1	 x13:0x00000000 x13=0x00000000
      938222000	     46809	8000371e	88bd	c.andi	x9,15	  x9:0x00000001  x9=0x00000001
      938242000	     46810	80003720	40915133	sra	x2,x2,x9	  x2:0x000007ff  x9:0x00000001  x2=0x000003ff
      938262000	     46811	80003724	ea81	c.bnez	x13,80003734	 x13:0x00000000
      938462000	     46821	80003726	02c50333	mul	x6,x10,x12	 x10:0xfffff9ad x12:0x800057d0  x6=0x7dd4a790
      938482000	     46822	8000372a	8c79	c.and	x8,x14	  x8:0x00000001 x14:0x00000001  x8=0x00000001
      938542000	     46825	8000372c	028c0c63	beq	x24,x8,80003764	 x24:0x00000001  x8:0x00000001
      939622000	     46879	80003764	03cd4163	blt	x26,x28,80003786	 x26:0xffffffff x28:0x00000000
      940502000	     46923	80003786	03a3a933	mulhsu	x18,x7,x26	  x7:0x00000004 x26:0xffffffff x18=0x00000003
      940522000	     46924	8000378a	047ef463	bgeu	x29,x7,800037d2	 x29:0x00000000  x7:0x00000004
      940542000	     46925	8000378e	c699	c.beqz	x13,8000379c	 x13:0x00000000
      941362000	     46966	8000379c	8e21	c.xor	x12,x8	 x12:0x800057d0  x8:0x00000001 x12=0x800057d1
      941402000	     46968	8000379e	00c3d563	bge	x7,x12,800037a8	  x7:0x00000004 x12:0x800057d1
      941602000	     46978	800037a8	026eb833	mulhu	x16,x29,x6	 x29:0x00000000  x6:0x7dd4a790 x16=0x00000000
      941622000	     46979	800037ac	034a6763	bltu	x20,x20,800037da	 x20:0xfffd2a3c x20:0xfffd2a3c
      942422000	     47019	800037b0	02fec433	div	x8,x29,x15	 x29:0x00000000 x15:0x6f7b6000  x8=0x00000000
      942442000	     47020	800037b4	00b46bb3	or	x23,x8,x11	  x8:0x00000000 x11:0xffffffff x23=0xffffffff
      942462000	     47021	800037b8	8f49	c.or	x14,x10	 x14:0x00000001 x10:0xfffff9ad x14=0xfffff9ad
      942482000	     47022	800037ba	021df863	bgeu	x27,x1,800037ea	 x27:0x00000000  x1:0x51ffb000
      942502000	     47023	800037be	0ff0000f	fence	iorw,iorw	
      942522000	     47024	800037c2	006ade33	srl	x28,x21,x6	 x21:0x0001a000  x6:0x7dd4a790 x28=0x00000001
      942582000	     47027	800037c6	01b3c663	blt	x7,x27,800037d2	  x7:0x00000004 x27:0x00000000
      942762000	     47036	800037ca	039eec63	bltu	x29,x25,80003802	 x29:0x00000000 x25:0x80025ce4
      943242000	     47060	80003802	8d85	c.sub	x11,x9	 x11:0xffffffff  x9:0x00000001 x11=0xfffffffe
      943262000	     47061	80003804	b7314193	xori	x3,x2,-1165	  x2:0x000003ff  x3=0xfffff88c
      943282000	     47062	80003808	012148b3	xor	x17,x2,x18	  x2:0x000003ff x18:0x00000003 x17=0x000003fc
      943302000	     47063	8000380c	02b1f363	bgeu	x3,x11,80003832	  x3:0xfffff88c x11:0xfffffffe
      943322000	     47064	80003810	0196f1b3	and	x3,x13,x25	 x13:0x00000000 x25:0x80025ce4  x3=0x00000000
      943342000	     47065	80003814	04d4f063	bgeu	x9,x13,80003854	  x9:0x00000001 x13:0x00000000
      943522000	     47074	80003854	a66b7b13	andi	x22,x22,-1434	 x22:0x00000001 x22=0x00000000
      943662000	     47081	80003858	743a3413	sltiu	x8,x20,1859	 x20:0xfffd2a3c  x8=0x00000000
      943682000	     47082	8000385c	015931b3	sltu	x3,x18,x21	 x18:0x00000003 x21:0x0001a000  x3=0x00000001
      944102000	     47103	80003860	0000100f	fence.i	
      944862000	     47141	80003864	034e6c63	bltu	x28,x20,8000389c	 x28:0x00000001 x20:0xfffd2a3c
      945702000	     47183	8000389c	0422	c.slli	x8,0x8	  x8:0x00000000  x8=0x00000000
      945722000	     47184	8000389e	ea05	c.bnez	x12,800038ce	 x12:0x800057d1
      946122000	     47204	800038ce	2303b113	sltiu	x2,x7,560	  x7:0x00000004  x2=0x00000001
      946142000	     47205	800038d2	8139	c.srli	x10,0xe	 x10:0xfffff9ad x10=0x0003ffff
      946202000	     47208	800038d4	0001	c.addi	x0,0	  x0:0x00000000  x0=0x00000000
      946282000	     47212	800038d6	41595093	srai	x1,x18,0x15	 x18:0x00000003  x1=0x00000000
      946702000	     47233	800038da	4b41b017	auipc	x0,0x4b41b	  x0=0x00000000
      946742000	     47235	800038de	001fa0b3	slt	x1,x31,x1	 x31:0x0000000b  x1:0x00000000  x1=0x00000000
      946762000	     47236	800038e2	01b5aab3	slt	x21,x11,x27	 x11:0xfffffffe x27:0x00000000 x21=0x00000001
      947182000	     47257	800038e6	00624133	xor	x2,x4,x6	  x4:0xffffffff  x6:0x7dd4a790  x2=0x822b586f
      947202000	     47258	800038ea	02670533	mul	x10,x14,x6	 x14:0xfffff9ad  x6:0x7dd4a790 x10=0x38204c50
      947222000	     47259	800038ee	8ed1	c.or	x13,x12	 x13:0x00000000 x12:0x800057d1 x13=0x800057d1
      947382000	     47267	800038f0	73b7a393	slti	x7,x15,1851	 x15:0x6f7b6000  x7=0x00000000
      947482000	     47272	800038f4	0318ec63	bltu	x17,x17,8000392c	 x17:0x000003fc x17:0x000003fc
      947502000	     47273	800038f8	04bae163	bltu	x21,x11,8000393a	 x21:0x00000001 x11:0xfffffffe
      947742000	     47285	8000393a	03bf8d33	mul	x26,x31,x27	 x31:0x0000000b x27:0x00000000 x26=0x00000000
      947762000	     47286	8000393e	0065c033	xor	x0,x11,x6	 x11:0xfffffffe  x6:0x7dd4a790  x0=0x00000000
      947842000	     47290	80003942	418b5f33	sra	x30,x22,x24	 x22:0x00000000 x24:0x00000001 x30=0x00000000
      948142000	     47305	80003946	011f3733	sltu	x14,x30,x17	 x30:0x00000000 x17:0x000003fc x14=0x00000001
      948262000	     47311	8000394a	05df8063	beq	x31,x29,8000398a	 x31:0x0000000b x29:0x00000000
      948602000	     47328	8000394e	01265133	srl	x2,x12,x18	 x12:0x800057d1 x18:0x00000003  x2=0x10000afa
      948622000	     47329	80003952	ce05	c.beqz	x12,8000398a	 x12:0x800057d1
      948842000	     47340	80003954	02628263	beq	x5,x6,80003978	  x5:0x00000001  x6:0x7dd4a790
      948862000	     47341	80003958	66d1e797	auipc	x15,0x66d1e	 x15=0xe6d21958
      948882000	     47342	8000395c	6291	c.lui	x5,0x4	  x5=0x00004000
      948942000	     47345	8000395e	41cb07b3	sub	x15,x22,x28	 x22:0x00000000 x28:0x00000001 x15=0xffffffff
      949022000	     47349	80003962	035d4963	blt	x26,x21,80003994	 x26:0x00000000 x21:0x00000001
      949262000	     47361	80003994	01799513	slli	x10,x19,0x17	 x19:0x80021df8 x10=0xfc000000
      949302000	     47363	80003998	020fba33	mulhu	x20,x31,x0	 x31:0x0000000b  x0:0x00000000 x20=0x00000000
      949322000	     47364	8000399c	03188233	mul	x4,x17,x17	 x17:0x000003fc x17:0x000003fc  x4=0x000fe010
      949522000	     47374	800039a0	40c3dd93	srai	x27,x7,0xc	  x7:0x00000000 x27=0x00000000
      949662000	     47381	800039a4	24ef6b13	ori	x22,x30,590	 x30:0x00000000 x22=0x0000024e
      949982000	     47397	800039a8	03e7d6b3	divu	x13,x15,x30	 x15:0xffffffff x30:0x00000000 x13=0xffffffff
      950002000	     47398	800039ac	411cd393	srai	x7,x25,0x11	 x25:0x80025ce4  x7=0xffffc001
      950402000	     47418	800039b0	aa488193	addi	x3,x17,-1372	 x17:0x000003fc  x3=0xfffffea0
      950822000	     47439	800039b4	e585	c.bnez	x11,800039dc	 x11:0xfffffffe
      952122000	     47504	800039dc	01d2	c.slli	x3,0x14	  x3:0xfffffea0  x3=0xea000000
      952162000	     47506	800039de	d4d8f213	andi	x4,x17,-691	 x17:0x000003fc  x4=0x0000014c
      952322000	     47514	800039e2	0211ceb3	div	x29,x3,x1	  x3:0xea000000  x1:0x00000000 x29=0xffffffff
      952342000	     47515	800039e6	0001	c.addi	x0,0	  x0:0x00000000  x0=0x00000000
      952362000	     47516	800039e8	08ee	c.slli	x17,0x1b	 x17:0x000003fc x17=0xe0000000
      952382000	     47517	800039ea	04eef163	bgeu	x29,x14,80003a2c	 x29:0xffffffff x14:0x00000001
      952622000	     47529	80003a2c	ceb85c17	auipc	x24,0xceb85	 x24=0x4eb88a2c
      952802000	     47538	80003a30	0ff0000f	fence	iorw,iorw	
      952822000	     47539	80003a34	05dbc363	blt	x23,x29,80003a7a	 x23:0xffffffff x29:0xffffffff
      953202000	     47558	80003a38	0008a133	slt	x2,x17,x0	 x17:0xe0000000  x0:0x00000000  x2=0x00000001
      953222000	     47559	80003a3c	0000100f	fence.i	
      954362000	     47616	80003a40	9bfd	c.andi	x15,-1	 x15:0xffffffff x15=0xffffffff
      954382000	     47617	80003a42	3bc051b7	lui	x3,0x3bc05	  x3=0x3bc05000
      954422000	     47619	80003a46	028e93b3	mulh	x7,x29,x8	 x29:0xffffffff  x8:0x00000000  x7=0x00000000
      954442000	     47620	80003a4a	7ef423b7	lui	x7,0x7ef42	  x7=0x7ef42000
      954462000	     47621	80003a4e	8cd9	c.or	x9,x14	  x9:0x00000001 x14:0x00000001  x9=0x00000001
      954622000	     47629	80003a50	00085833	srl	x16,x16,x0	 x16:0x00000000  x0:0x00000000 x16=0x00000000
      955042000	     47650	80003a54	12fd	c.addi	x5,-1	  x5:0x00004000  x5=0x00003fff
      955062000	     47651	80003a56	0110fd33	and	x26,x1,x17	  x1:0x00000000 x17:0xe0000000 x26=0x00000000
      955082000	     47652	80003a5a	037b8433	mul	x8,x23,x23	 x23:0xffffffff x23:0xffffffff  x8=0x00000001
      956202000	     47708	80003a5e	03cdcdb3	div	x27,x27,x28	 x27:0x00000000 x28:0x00000001 x27=0x00000000
      956222000	     47709	80003a62	0186c763	blt	x13,x24,80003a70	 x13:0xffffffff x24:0x4eb88a2c
      957022000	     47749	80003a70	02bd7333	remu	x6,x26,x11	 x26:0x00000000 x11:0xfffffffe  x6=0x00000000
      973482000	     48572	80003a74	adef7b13	andi	x22,x30,-1314	 x30:0x00000000 x22=0x00000000
      973502000	     48573	80003a78	0731	c.addi	x14,12	 x14:0x00000001 x14=0x0000000d
      973522000	     48574	80003a7a	8ead	c.xor	x13,x11	 x13:0xffffffff x11:0xfffffffe x13=0x00000001
      973542000	     48575	80003a7c	8fdd	c.or	x15,x15	 x15:0xffffffff x15:0xffffffff x15=0xffffffff
      973562000	     48576	80003a7e	015e8663	beq	x29,x21,80003a8a	 x29:0xffffffff x21:0x00000001
      973582000	     48577	80003a82	02547663	bgeu	x8,x5,80003aae	  x8:0x00000001  x5:0x00003fff
      974362000	     48616	80003a86	03ce62b3	rem	x5,x28,x28	 x28:0x00000001 x28:0x00000001  x5=0x00000000
      974402000	     48618	80003a8a	03a8ca33	div	x20,x17,x26	 x17:0xe0000000 x26:0x00000000 x20=0xffffffff
      974422000	     48619	80003a8e	021d8063	beq	x27,x1,80003aae	 x27:0x00000000  x1:0x00000000
      975982000	     48697	80003aae	02ae6b33	rem	x22,x28,x10	 x28:0x00000001 x10:0xfc000000 x22=0x00000001
      976002000	     48698	80003ab2	8f35	c.xor	x14,x13	 x14:0x0000000d x13:0x00000001 x14=0x0000000c
      976022000	     48699	80003ab4	0155f663	bgeu	x11,x21,80003ac0	 x11:0xfffffffe x21:0x00000001
      976582000	     48727	80003ac0	8271	c.srli	x12,0x1c	 x12:0x800057d1 x12=0x00000008
      976602000	     48728	80003ac2	865e	c.mv	x12,x23	  x0:0x00000000 x23:0xffffffff x12=0xffffffff
      976622000	     48729	80003ac4	6161	c.addi16sp	x2,80	  x2:0x00000001  x2=0x00000051
      977362000	     48766	80003ac6	038cc933	div	x18,x25,x24	 x25:0x80025ce4 x24:0x4eb88a2c x18=0xffffffff
      977382000	     48767	80003aca	04a26063	bltu	x4,x10,80003b0a	  x4:0x0000014c x10:0xfc000000
      977462000	     48771	80003b0a	51fd	c.li	x3,-1	  x3=0xffffffff
      977482000	     48772	80003b0c	010e9d63	bne	x29,x16,80003b26	 x29:0xffffffff x16:0x00000000
      978862000	     48841	80003b26	b05fd037	lui	x0,0xb05fd	  x0=0x00000000
      979062000	     48851	80003b2a	e99b6793	ori	x15,x22,-359	 x22:0x00000001 x15=0xfffffe99
      979082000	     48852	80003b2e	833a	c.mv	x6,x14	  x0:0x00000000 x14:0x0000000c  x6=0x0000000c
      979822000	     48889	80003b30	02d66633	rem	x12,x12,x13	 x12:0xffffffff x13:0x00000001 x12=0x00000000
      979842000	     48890	80003b34	0001	c.addi	x0,0	  x0:0x00000000  x0=0x00000000
      979862000	     48891	80003b36	6ab5	c.lui	x21,0xd	 x21=0x0000d000
      979882000	     48892	80003b38	92c6	c.add	x5,x17	  x5:0x00000000 x17:0xe0000000  x5=0xe0000000
      979902000	     48893	80003b3a	17147793	andi	x15,x8,369	  x8:0x00000001 x15=0x00000001
      979922000	     48894	80003b3e	0ff0000f	fence	iorw,iorw	
      979942000	     48895	80003b42	013b2133	slt	x2,x22,x19	 x22:0x00000001 x19:0x80021df8  x2=0x00000000
      979962000	     48896	80003b46	8f99	c.sub	x15,x14	 x15:0x00000001 x14:0x0000000c x15=0xfffffff5
      979982000	     48897	80003b48	0001	c.addi	x0,0	  x0:0x00000000  x0=0x00000000
      980002000	     48898	80003b4a	401752b3	sra	x5,x14,x1	 x14:0x0000000c  x1:0x00000000  x5=0x0000000c
      980022000	     48899	80003b4e	e985	c.bnez	x11,80003b7e	 x11:0xfffffffe
      980602000	     48928	80003b7e	8fc1	c.or	x15,x8	 x15:0xfffffff5  x8:0x00000001 x15=0xfffffff5
      980642000	     48930	80003b80	0001	c.addi	x0,0	  x0:0x00000000  x0=0x00000000
      980662000	     48931	80003b82	1214	c.addi4spn	x13,x2,288	 x13=0x00000120
      980802000	     48938	80003b84	6541c813	xori	x16,x3,1620	  x3:0xffffffff x16=0xfffff9ab
      980822000	     48939	80003b88	614d	c.addi16sp	x2,176	  x2:0x00000000  x2=0x000000b0
      980842000	     48940	80003b8a	0001	c.addi	x0,0	  x0:0x00000000  x0=0x00000000
      981082000	     48952	80003b8c	080e	c.slli	x16,0x3	 x16:0xfffff9ab x16=0xffffcd58
      981102000	     48953	80003b8e	0000100f	fence.i	
      981522000	     48974	80003b92	6129	c.addi16sp	x2,192	  x2:0x000000b0  x2=0x00000170
      981722000	     48984	80003b94	01efd463	bge	x31,x30,80003b9c	 x31:0x0000000b x30:0x00000000
      982082000	     49002	80003b9c	030202b3	mul	x5,x4,x16	  x4:0x0000014c x16:0xffffcd58  x5=0xffbe4e20
      982102000	     49003	80003ba0	05910013	addi	x0,x2,89	  x2:0x00000170  x0=0x00000000
      982842000	     49040	80003ba4	0236dab3	divu	x21,x13,x3	 x13:0x00000120  x3:0xffffffff x21=0x00000000
      982862000	     49041	80003ba8	00c10263	beq	x2,x12,80003bac	  x2:0x00000170 x12:0x00000000
      982882000	     49042	80003bac	03449a63	bne	x9,x20,80003be0	  x9:0x00000001 x20:0xffffffff
      983622000	     49079	80003be0	9bfd	c.andi	x15,-1	 x15:0xfffffff5 x15=0xfffffff5
      983642000	     49080	80003be2	c509	c.beqz	x10,80003bec	 x10:0xfc000000
      983662000	     49081	80003be4	8f61	c.and	x14,x8	 x14:0x0000000c  x8:0x00000001 x14=0x00000000
      983682000	     49082	80003be6	83a1	c.srli	x15,0x8	 x15:0xfffffff5 x15=0x00ffffff
      983722000	     49084	80003be8	03039333	mulh	x6,x7,x16	  x7:0x7ef42000 x16:0xffffcd58  x6=0xffffe6e1
      983742000	     49085	80003bec	01fbe863	bltu	x23,x31,80003bfc	 x23:0xffffffff x31:0x0000000b
      983802000	     49088	80003bf0	64634393	xori	x7,x6,1606	  x6:0xffffe6e1  x7=0xffffe0a7
      983822000	     49089	80003bf4	00ce3133	sltu	x2,x28,x12	 x28:0x00000001 x12:0x00000000  x2=0x00000000
      983862000	     49091	80003bf8	006a5613	srli	x12,x20,0x6	 x20:0xffffffff x12=0x03ffffff
      983882000	     49092	80003bfc	00b87d63	bgeu	x16,x11,80003c16	 x16:0xffffcd58 x11:0xfffffffe
      984062000	     49101	80003c00	8bd5	c.andi	x15,21	 x15:0x00ffffff x15=0x00000015
      984082000	     49102	80003c02	00b11313	slli	x6,x2,0xb	  x2:0x00000000  x6=0x00000000
      984182000	     49107	80003c06	05278263	beq	x15,x18,80003c4a	 x15:0x00000015 x18:0xffffffff
      984382000	     49117	80003c0a	0179f763	bgeu	x19,x23,80003c18	 x19:0x80021df8 x23:0xffffffff
      984402000	     49118	80003c0e	008d6233	or	x4,x26,x8	 x26:0x00000000  x8:0x00000001  x4=0x00000001
      984722000	     49134	80003c12	c69a8313	addi	x6,x21,-919	 x21:0x00000000  x6=0xfffffc69
      984742000	     49135	80003c16	8d71	c.and	x10,x12	 x10:0xfc000000 x12:0x03ffffff x10=0x00000000
      984762000	     49136	80003c18	0c41	c.addi	x24,16	 x24:0x4eb88a2c x24=0x4eb88a3c
      985162000	     49156	80003c1a	03b68533	mul	x10,x13,x27	 x13:0x00000120 x27:0x00000000 x10=0x00000000
      985182000	     49157	80003c1e	6a770e93	addi	x29,x14,1703	 x14:0x00000000 x29=0x000006a7
      985562000	     49176	80003c22	0000100f	fence.i	
      986482000	     49222	80003c26	03c80c33	mul	x24,x16,x28	 x16:0xffffcd58 x28:0x00000001 x24=0xffffcd58
      986502000	     49223	80003c2a	021e86b3	mul	x13,x29,x1	 x29:0x000006a7  x1:0x00000000 x13=0x00000000
      986522000	     49224	80003c2e	0001	c.addi	x0,0	  x0:0x00000000  x0=0x00000000
      986542000	     49225	80003c30	9a7d	c.andi	x12,-1	 x12:0x03ffffff x12=0x03ffffff
      986562000	     49226	80003c32	87ea	c.mv	x15,x26	  x0:0x00000000 x26:0x00000000 x15=0x00000000
      986582000	     49227	80003c34	c1e06d13	ori	x26,x0,-994	  x0:0x00000000 x26=0xfffffc1e
      986762000	     49236	80003c38	00449533	sll	x10,x9,x4	  x9:0x00000001  x4:0x00000001 x10=0x00000002
      986782000	     49237	80003c3c	37093813	sltiu	x16,x18,880	 x18:0xffffffff x16=0x00000000
      986802000	     49238	80003c40	4de1	c.li	x27,24	 x27=0x00000018
      986822000	     49239	80003c42	40a05733	sra	x14,x0,x10	  x0:0x00000000 x10:0x00000002 x14=0x00000000
      986882000	     49242	80003c46	02a61b63	bne	x12,x10,80003c7c	 x12:0x03ffffff x10:0x00000002
      986922000	     49244	80003c7c	00922db3	slt	x27,x4,x9	  x4:0x00000001  x9:0x00000001 x27=0x00000000
      987742000	     49285	80003c80	02cac6b3	div	x13,x21,x12	 x21:0x00000000 x12:0x03ffffff x13=0x00000000
      987762000	     49286	80003c84	5e75fa13	andi	x20,x11,1511	 x11:0xfffffffe x20=0x000005e6
      987782000	     49287	80003c88	809d	c.srli	x9,0x7	  x9:0x00000001  x9=0x00000000
      987842000	     49290	80003c8a	00441513	slli	x10,x8,0x4	  x8:0x00000001 x10=0x00000010
      988262000	     49311	80003c8e	00449893	slli	x17,x9,0x4	  x9:0x00000000 x17=0x00000000
      988622000	     49329	80003c92	055dc463	blt	x27,x21,80003cda	 x27:0x00000000 x21:0x00000000
      989062000	     49351	80003c96	024e1bb3	mulh	x23,x28,x4	 x28:0x00000001  x4:0x00000001 x23=0x00000000
      989162000	     49356	80003c9a	013d3033	sltu	x0,x26,x19	 x26:0xfffffc1e x19:0x80021df8  x0=0x00000000
      989182000	     49357	80003c9e	89dd	c.andi	x11,23	 x11:0xfffffffe x11=0x00000016
      989402000	     49368	80003ca0	1d9f2293	slti	x5,x30,473	 x30:0x00000000  x5=0x00000001
      989422000	     49369	80003ca4	40240eb3	sub	x29,x8,x2	  x8:0x00000001  x2:0x00000000 x29=0x00000001
      989442000	     49370	80003ca8	03f48233	mul	x4,x9,x31	  x9:0x00000000 x31:0x0000000b  x4=0x00000000
      989642000	     49380	80003cac	002edb93	srli	x23,x29,0x2	 x29:0x00000001 x23=0x00000000
      990062000	     49401	80003cb0	009df8b3	and	x17,x27,x9	 x27:0x00000000  x9:0x00000000 x17=0x00000000
      990082000	     49402	80003cb4	ea433637	lui	x12,0xea433	 x12=0xea433000
      990422000	     49419	80003cb8	00240a33	add	x20,x8,x2	  x8:0x00000001  x2:0x00000000 x20=0x00000001
      990442000	     49420	80003cbc	c609	c.beqz	x12,80003cc6	 x12:0xea433000
      990462000	     49421	80003cbe	030c8017	auipc	x0,0x30c8	  x0=0x00000000
      990502000	     49423	80003cc2	031011b3	mulh	x3,x0,x17	  x0:0x00000000 x17:0x00000000  x3=0x00000000
      990522000	     49424	80003cc6	0135f363	bgeu	x11,x19,80003ccc	 x11:0x00000016 x19:0x80021df8
      990542000	     49425	80003cca	517d	c.li	x2,-1	  x2=0xffffffff
      990562000	     49426	80003ccc	011f01b3	add	x3,x30,x17	 x30:0x00000000 x17:0x00000000  x3=0x00000000
      990982000	     49447	80003cd0	0290a5b3	mulhsu	x11,x1,x9	  x1:0x00000000  x9:0x00000000 x11=0x00000000
      991282000	     49462	80003cd4	1398	c.addi4spn	x14,x2,480	 x14=0x000001df
      991302000	     49463	80003cd6	030b1263	bne	x22,x16,80003cfa	 x22:0x00000001 x16:0x00000000
      991762000	     49486	80003cfa	0246d1b3	divu	x3,x13,x4	 x13:0x00000000  x4:0x00000000  x3=0xffffffff
      991862000	     49491	80003cfe	00ab12b3	sll	x5,x22,x10	 x22:0x00000001 x10:0x00000010  x5=0x00010000
      992082000	     49502	80003d02	035d2433	mulhsu	x8,x26,x21	 x26:0xfffffc1e x21:0x00000000  x8=0x00000000
      992382000	     49517	80003d06	014a9893	slli	x17,x21,0x14	 x21:0x00000000 x17=0x00000000
      992402000	     49518	80003d0a	8f81	c.sub	x15,x8	 x15:0x00000000  x8:0x00000000 x15=0x00000000
      992422000	     49519	80003d0c	0636	c.slli	x12,0xd	 x12:0xea433000 x12=0x66000000
      992442000	     49520	80003d0e	8dad	c.xor	x11,x11	 x11:0x00000000 x11:0x00000000 x11=0x00000000
      992462000	     49521	80003d10	0001	c.addi	x0,0	  x0:0x00000000  x0=0x00000000
      992482000	     49522	80003d12	cf9d	c.beqz	x15,80003d50	 x15:0x00000000
      992842000	     49540	80003d50	024e2d33	mulhsu	x26,x28,x4	 x28:0x00000001  x4:0x00000000 x26=0x00000000
      992862000	     49541	80003d54	95c74313	xori	x6,x14,-1700	 x14:0x000001df  x6=0xfffff883
      992882000	     49542	80003d58	9492	c.add	x9,x4	  x9:0x00000000  x4:0x00000000  x9=0x00000000
      992902000	     49543	80003d5a	6769	c.lui	x14,0x1a	 x14=0x0001a000
      993002000	     49548	80003d5c	0566	c.slli	x10,0x19	 x10:0x00000010 x10=0x20000000
      993022000	     49549	80003d5e	8ecd	c.or	x13,x11	 x13:0x00000000 x11:0x00000000 x13=0x00000000
      993042000	     49550	80003d60	6135	c.addi16sp	x2,352	  x2:0xffffffff  x2=0x0000015f
      993062000	     49551	80003d62	0636	c.slli	x12,0xd	 x12:0x66000000 x12=0x00000000
      993442000	     49570	80003d64	0ff0000f	fence	iorw,iorw	
      993462000	     49571	80003d68	0152e433	or	x8,x5,x21	  x5:0x00010000 x21:0x00000000  x8=0x00010000
      993522000	     49574	80003d6c	ee91	c.bnez	x13,80003d88	 x13:0x00000000
      993542000	     49575	80003d6e	0818	c.addi4spn	x14,x2,16	 x14=0x0000016f
      993562000	     49576	80003d70	c121	c.beqz	x10,80003db0	 x10:0x20000000
      993582000	     49577	80003d72	0f16	c.slli	x30,0x5	 x30:0x00000000 x30=0x00000000
      993602000	     49578	80003d74	0000100f	fence.i	
      994082000	     49602	80003d78	0245dbb3	divu	x23,x11,x4	 x11:0x00000000  x4:0x00000000 x23=0xffffffff
      994142000	     49605	80003d7c	012d5a63	bge	x26,x18,80003d90	 x26:0x00000000 x18:0xffffffff
      994762000	     49636	80003d90	96d6	c.add	x13,x21	 x13:0x00000000 x21:0x00000000 x13=0x00000000
      994782000	     49637	80003d92	05a91463	bne	x18,x26,80003dda	 x18:0xffffffff x26:0x00000000
      995082000	     49652	80003dda	01cad4b3	srl	x9,x21,x28	 x21:0x00000000 x28:0x00000001  x9=0x00000000
      995102000	     49653	80003dde	055a	c.slli	x10,0x16	 x10:0x20000000 x10=0x00000000
      995502000	     49673	80003de0	6c8eef13	ori	x30,x29,1736	 x29:0x00000001 x30=0x000006c9
      995582000	     49677	80003de4	52e5be13	sltiu	x28,x11,1326	 x11:0x00000000 x28=0x00000001
      995682000	     49682	80003de8	6115	c.addi16sp	x2,288	  x2:0x0000015f  x2=0x0000027f
      995702000	     49683	80003dea	de418d13	addi	x26,x3,-540	  x3:0xffffffff x26=0xfffffde3
      995722000	     49684	80003dee	0067b7b3	sltu	x15,x15,x6	 x15:0x00000000  x6:0xfffff883 x15=0x00000001
      995902000	     49693	80003df2	02d26f33	rem	x30,x4,x13	  x4:0x00000000 x13:0x00000000 x30=0x00000000
      995942000	     49695	80003df6	02209bb3	mulh	x23,x1,x2	  x1:0x00000000  x2:0x0000027f x23=0x00000000
      996142000	     49705	80003dfa	02b06a33	rem	x20,x0,x11	  x0:0x00000000 x11:0x00000000 x20=0x00000000
      996162000	     49706	80003dfe	893a	c.mv	x18,x14	  x0:0x00000000 x14:0x0000016f x18=0x0000016f
      996402000	     49718	80003e00	00a4d133	srl	x2,x9,x10	  x9:0x00000000 x10:0x00000000  x2=0x00000000
      996482000	     49722	80003e04	c719	c.beqz	x14,80003e12	 x14:0x0000016f
      996502000	     49723	80003e06	00d855b3	srl	x11,x16,x13	 x16:0x00000000 x13:0x00000000 x11=0x00000000
      996542000	     49725	80003e0a	02003a33	mulhu	x20,x0,x0	  x0:0x00000000  x0:0x00000000 x20=0x00000000
      996562000	     49726	80003e0e	01090563	beq	x18,x16,80003e18	 x18:0x0000016f x16:0x00000000
      996582000	     49727	80003e12	8595	c.srai	x11,0x5	 x11:0x00000000 x11=0x00000000
      996602000	     49728	80003e14	25223a13	sltiu	x20,x4,594	  x4:0x00000000 x20=0x00000001
      996822000	     49739	80003e18	00334963	blt	x6,x3,80003e2a	  x6:0xfffff883  x3:0xffffffff
      997102000	     49753	80003e2a	01d4aab3	slt	x21,x9,x29	  x9:0x00000000 x29:0x00000001 x21=0x00000001
      997122000	     49754	80003e2e	0d9c	c.addi4spn	x15,x2,720	 x15=0x000002d0
      997302000	     49763	80003e30	03484f63	blt	x16,x20,80003e6e	 x16:0x00000000 x20:0x00000001
      997342000	     49765	80003e6e	6385	c.lui	x7,0x1	  x7=0x00001000
      997742000	     49785	80003e70	01a863b3	or	x7,x16,x26	 x16:0x00000000 x26:0xfffffde3  x7=0xfffffde3
      997762000	     49786	80003e74	8fed	c.and	x15,x11	 x15:0x000002d0 x11:0x00000000 x15=0x00000000
      997782000	     49787	80003e76	0000100f	fence.i	
      998142000	     49805	80003e7a	8cdd	c.or	x9,x15	  x9:0x00000000 x15:0x00000000  x9=0x00000000
      998262000	     49811	80003e7c	717d	c.addi16sp	x2,-16	  x2:0x00000000  x2=0xfffffff0
      998662000	     49831	80003e7e	0031da63	bge	x3,x3,80003e92	  x3:0xffffffff  x3:0xffffffff
     1000022000	     49899	80003e92	03efceb3	div	x29,x31,x30	 x31:0x0000000b x30:0x00000000 x29=0xffffffff
     1000042000	     49900	80003e96	0998	c.addi4spn	x14,x2,208	 x14=0x000000c0
     1000062000	     49901	80003e98	17fd	c.addi	x15,-1	 x15:0x00000000 x15=0xffffffff
     1000082000	     49902	80003e9a	8cc9	c.or	x9,x10	  x9:0x00000000 x10:0x00000000  x9=0x00000000
     1000162000	     49906	80003e9c	02d84e33	div	x28,x16,x13	 x16:0x00000000 x13:0x00000000 x28=0xffffffff
     1000182000	     49907	80003ea0	0001	c.addi	x0,0	  x0:0x00000000  x0=0x00000000
     1000202000	     49908	80003ea2	0f21fe93	andi	x29,x3,242	  x3:0xffffffff x29=0x000000f2
     1000222000	     49909	80003ea6	0ff0000f	fence	iorw,iorw	
     1000302000	     49913	80003eaa	03031563	bne	x6,x16,80003ed4	  x6:0xfffff883 x16:0x00000000
     1000382000	     49917	80003ed4	02b02d33	mulhsu	x26,x0,x11	  x0:0x00000000 x11:0x00000000 x26=0x00000000
     1000742000	     49935	80003ed8	0001	c.addi	x0,0	  x0:0x00000000  x0=0x00000000
     1000782000	     49937	80003eda	02d57eb3	remu	x29,x10,x13	 x10:0x00000000 x13:0x00000000 x29=0x00000000
     1000942000	     49945	80003ede	018f3e33	sltu	x28,x30,x24	 x30:0x00000000 x24:0xffffcd58 x28=0x00000001
     1000982000	     49947	80003ee2	02947733	remu	x14,x8,x9	  x8:0x00010000  x9:0x00000000 x14=0x00010000
     1001202000	     49958	80003ee6	036424b3	mulhsu	x9,x8,x22	  x8:0x00010000 x22:0x00000001  x9=0x00000000
     1001222000	     49959	80003eea	00efa933	slt	x18,x31,x14	 x31:0x0000000b x14:0x00010000 x18=0x00000001
     1001242000	     49960	80003eee	41940933	sub	x18,x8,x25	  x8:0x00010000 x25:0x80025ce4 x18=0x7ffea31c
     1001262000	     49961	80003ef2	7c2b8893	addi	x17,x23,1986	 x23:0x00000000 x17=0x000007c2
     1001282000	     49962	80003ef6	413d0033	sub	x0,x26,x19	 x26:0x00000000 x19:0x80021df8  x0=0x00000000
     1001302000	     49963	80003efa	ec15	c.bnez	x8,80003f36	  x8:0x00010000
     1001982000	     49997	80003f36	58bdf013	andi	x0,x27,1419	 x27:0x00000000  x0=0x00000000
     1002002000	     49998	80003f3a	e3b1	c.bnez	x15,80003f7e	 x15:0xffffffff
     1002462000	     50021	80003f7e	03dd6363	bltu	x26,x29,80003fa4	 x26:0x00000000 x29:0x00000000
     1002642000	     50030	80003f82	0000100f	fence.i	
     1003562000	     50076	80003f86	00ea5f33	srl	x30,x20,x14	 x20:0x00000001 x14:0x00010000 x30=0x00000001
     1003582000	     50077	80003f8a	04456563	bltu	x10,x4,80003fd4	 x10:0x00000000  x4:0x00000000
     1003602000	     50078	80003f8e	ee15	c.bnez	x12,80003fca	 x12:0x00000000
     1003642000	     50080	80003f90	0378a533	mulhsu	x10,x17,x23	 x17:0x000007c2 x23:0x00000000 x10=0x00000000
     1004022000	     50099	80003f94	0000100f	fence.i	
     1005642000	     50180	80003f98	4c212193	slti	x3,x2,1218	  x2:0xfffffff0  x3=0x00000001
     1006382000	     50217	80003f9c	03ee6db3	rem	x27,x28,x30	 x28:0x00000001 x30:0x00000001 x27=0x00000000
     1006402000	     50218	80003fa0	e0e63737	lui	x14,0xe0e63	 x14=0xe0e63000
     1006422000	     50219	80003fa4	01da1863	bne	x20,x29,80003fb4	 x20:0x00000001 x29:0x00000000
     1006502000	     50223	80003fb4	9a56	c.add	x20,x21	 x20:0x00000001 x21:0x00000001 x20=0x00000002
     1006582000	     50227	80003fb6	012518b3	sll	x17,x10,x18	 x10:0x00000000 x18:0x7ffea31c x17=0x00000000
     1006602000	     50228	80003fba	85cf1897	auipc	x17,0x85cf1	 x17=0x05cf4fba
     1007022000	     50249	80003fbe	018a9813	slli	x16,x21,0x18	 x21:0x00000001 x16=0x01000000
     1007442000	     50270	80003fc2	03f25f63	bge	x4,x31,80004000	  x4:0x00000000 x31:0x0000000b
     1007462000	     50271	80003fc6	a6880193	addi	x3,x16,-1432	 x16:0x01000000  x3=0x00fffa68
     1007602000	     50278	80003fca	0137f563	bgeu	x15,x19,80003fd4	 x15:0xffffffff x19:0x80021df8
     1007862000	     50291	80003fd4	0ff0000f	fence	iorw,iorw	
     1008042000	     50300	80003fd8	029fdf63	bge	x31,x9,80004016	 x31:0x0000000b  x9:0x00000000
     1008462000	     50321	80004016	030fa6b3	mulhsu	x13,x31,x16	 x31:0x0000000b x16:0x01000000 x13=0x00000000
     1008542000	     50325	8000401a	01a15633	srl	x12,x2,x26	  x2:0xfffffff0 x26:0x00000000 x12=0xfffffff0
     1008562000	     50326	8000401e	e199	c.bnez	x11,80004024	 x11:0x00000000
     1008582000	     50327	80004020	41b500b3	sub	x1,x10,x27	 x10:0x00000000 x27:0x00000000  x1=0x00000000
     1008642000	     50330	80004024	01ba20b3	slt	x1,x20,x27	 x20:0x00000002 x27:0x00000000  x1=0x00000000
     1008702000	     50333	80004028	0711	c.addi	x14,4	 x14:0xe0e63000 x14=0xe0e63004
     1008782000	     50337	8000402a	0221b5b3	mulhu	x11,x3,x2	  x3:0x00fffa68  x2:0xfffffff0 x11=0x00fffa67
     1008802000	     50338	8000402e	366a0293	addi	x5,x20,870	 x20:0x00000002  x5=0x00000368
     1008922000	     50344	80004032	02ac9433	mulh	x8,x25,x10	 x25:0x80025ce4 x10:0x00000000  x8=0x00000000
     1008942000	     50345	80004036	0000100f	fence.i	
     1009522000	     50374	8000403a	ecb63137	lui	x2,0xecb63	  x2=0xecb63000
     1009542000	     50375	8000403e	414f02b3	sub	x5,x30,x20	 x30:0x00000001 x20:0x00000002  x5=0xffffffff
     1009962000	     50396	80004042	3c452a93	slti	x21,x10,964	 x10:0x00000000 x21=0x00000001
     1009982000	     50397	80004046	d56bb013	sltiu	x0,x23,-682	 x23:0x00000000  x0=0x00000000
     1010722000	     50434	8000404a	0357fe33	remu	x28,x15,x21	 x15:0xffffffff x21:0x00000001 x28=0x00000000
     1010762000	     50436	8000404e	02d8f7b3	remu	x15,x17,x13	 x17:0x05cf4fba x13:0x00000000 x15=0x05cf4fba
     1010782000	     50437	80004052	eb99	c.bnez	x15,80004068	 x15:0x05cf4fba
     1010922000	     50444	80004068	0d8a	c.slli	x27,0x2	 x27:0x00000000 x27=0x00000000
     1010942000	     50445	8000406a	1200	c.addi4spn	x8,x2,288	  x8=0xecb63120
     1010982000	     50447	8000406c	03e51133	mulh	x2,x10,x30	 x10:0x00000000 x30:0x00000001  x2=0x00000000
     1011002000	     50448	80004070	408ad193	srai	x3,x21,0x8	 x21:0x00000001  x3=0x00000000
     1011022000	     50449	80004074	003b8d33	add	x26,x23,x3	 x23:0x00000000  x3:0x00000000 x26=0x00000000
     1011042000	     50450	80004078	0030bdb3	sltu	x27,x1,x3	  x1:0x00000000  x3:0x00000000 x27=0x00000000
     1011142000	     50455	8000407c	00fdda93	srli	x21,x27,0xf	 x27:0x00000000 x21=0x00000000
     1011162000	     50456	80004080	00cb3733	sltu	x14,x22,x12	 x22:0x00000001 x12:0xfffffff0 x14=0x00000001
     1011182000	     50457	80004084	1c00	c.addi4spn	x8,x2,560	  x8=0x00000230
     1011202000	     50458	80004086	9480e113	ori	x2,x1,-1720	  x1:0x00000000  x2=0xfffff948
     1011222000	     50459	8000408a	0001	c.addi	x0,0	  x0:0x00000000  x0=0x00000000
     1011242000	     50460	8000408c	41fe07b3	sub	x15,x28,x31	 x28:0x00000000 x31:0x0000000b x15=0xfffffff5
     1011262000	     50461	80004090	00fd9333	sll	x6,x27,x15	 x27:0x00000000 x15:0xfffffff5  x6=0x00000000
     1011402000	     50468	80004094	e3bf3393	sltiu	x7,x30,-453	 x30:0x00000001  x7=0x00000001
     1012162000	     50506	80004098	03f25633	divu	x12,x4,x31	  x4:0x00000000 x31:0x0000000b x12=0x00000000
     1012182000	     50507	8000409c	92e6	c.add	x5,x25	  x5:0xffffffff x25:0x80025ce4  x5=0x80025ce3
     1012202000	     50508	8000409e	0001	c.addi	x0,0	  x0:0x00000000  x0=0x00000000
     1012222000	     50509	800040a0	1c08	c.addi4spn	x10,x2,560	 x10=0xfffffb78
     1012262000	     50511	800040a2	03629eb3	mulh	x29,x5,x22	  x5:0x80025ce3 x22:0x00000001 x29=0xffffffff
     1012302000	     50513	800040a6	03142eb3	mulhsu	x29,x8,x17	  x8:0x00000230 x17:0x05cf4fba x29=0x0000000c
     1012322000	     50514	800040aa	8f99	c.sub	x15,x14	 x15:0xfffffff5 x14:0x00000001 x15=0xfffffff4
     1012342000	     50515	800040ac	0277f963	bgeu	x15,x7,800040de	 x15:0xfffffff4  x7:0x00000001
     1012742000	     50535	800040de	02c49933	mulh	x18,x9,x12	  x9:0x00000000 x12:0x00000000 x18=0x00000000
     1012762000	     50536	800040e2	004c3c33	sltu	x24,x24,x4	 x24:0xffffcd58  x4:0x00000000 x24=0x00000000
     1012782000	     50537	800040e6	8f25	c.xor	x14,x9	 x14:0x00000001  x9:0x00000000 x14=0x00000001
     1012802000	     50538	800040e8	01181193	slli	x3,x16,0x11	 x16:0x01000000  x3=0x00000000
     1012962000	     50546	800040ec	03016b63	bltu	x2,x16,80004122	  x2:0xfffff948 x16:0x01000000
     1013382000	     50567	800040f0	e41d	c.bnez	x8,8000411e	  x8:0x00000230
     1013822000	     50589	8000411e	017668b3	or	x17,x12,x23	 x12:0x00000000 x23:0x00000000 x17=0x00000000
     1013982000	     50597	80004122	0266df33	divu	x30,x13,x6	 x13:0x00000000  x6:0x00000000 x30=0xffffffff
     1014002000	     50598	80004126	7fb30893	addi	x17,x6,2043	  x6:0x00000000 x17=0x000007fb
     1014022000	     50599	8000412a	8599	c.srai	x11,0x6	 x11:0x00fffa67 x11=0x0003ffe9
     1014042000	     50600	8000412c	8ecd	c.or	x13,x11	 x13:0x00000000 x11:0x0003ffe9 x13=0x0003ffe9
     1015142000	     50655	8000412e	033af2b3	remu	x5,x21,x19	 x21:0x00000000 x19:0x80021df8  x5=0x00000000
     1015162000	     50656	80004132	171e2513	slti	x10,x28,369	 x28:0x00000000 x10=0x00000001
     1015202000	     50658	80004136	026afdb3	remu	x27,x21,x6	 x21:0x00000000  x6:0x00000000 x27=0x00000000
     1015222000	     50659	8000413a	01ec1263	bne	x24,x30,8000413e	 x24:0x00000000 x30:0xffffffff
     1015962000	     50696	8000413e	f5767913	andi	x18,x12,-169	 x12:0x00000000 x18=0x00000000
     1015982000	     50697	80004142	8c71	c.and	x8,x12	  x8:0x00000230 x12:0x00000000  x8=0x00000000
     1016002000	     50698	80004144	0074e5b3	or	x11,x9,x7	  x9:0x00000000  x7:0x00000001 x11=0x00000001
     1016022000	     50699	80004148	6b3d	c.lui	x22,0xf	 x22=0x0000f000
     1016202000	     50708	8000414a	0169c563	blt	x19,x22,80004154	 x19:0x80021df8 x22:0x0000f000
     1016782000	     50737	80004154	405e0033	sub	x0,x28,x5	 x28:0x00000000  x5:0x00000000  x0=0x00000000
     1016962000	     50746	80004158	8e59	c.or	x12,x14	 x12:0x00000000 x14:0x00000001 x12=0x00000001
     1017002000	     50748	8000415a	03a5d533	divu	x10,x11,x26	 x11:0x00000001 x26:0x00000000 x10=0xffffffff
     1017022000	     50749	8000415e	01e8ebb3	or	x23,x17,x30	 x17:0x000007fb x30:0xffffffff x23=0xffffffff
     1017042000	     50750	80004162	14fd	c.addi	x9,-1	  x9:0x00000000  x9=0xffffffff
     1017062000	     50751	80004164	5a7d	c.li	x20,-1	 x20=0xffffffff
     1017202000	     50758	80004166	0306dc63	bge	x13,x16,8000419e	 x13:0x0003ffe9 x16:0x01000000
     1017402000	     50768	8000416a	01525733	srl	x14,x4,x21	  x4:0x00000000 x21:0x00000000 x14=0x00000000
     1017422000	     50769	8000416e	070e	c.slli	x14,0x3	 x14:0x00000000 x14=0x00000000
     1017442000	     50770	80004170	018bd0b3	srl	x1,x23,x24	 x23:0xffffffff x24:0x00000000  x1=0xffffffff
     1017542000	     50775	80004174	028b3233	mulhu	x4,x22,x8	 x22:0x0000f000  x8:0x00000000  x4=0x00000000
     1017682000	     50782	80004178	03ca0a33	mul	x20,x20,x28	 x20:0xffffffff x28:0x00000000 x20=0x00000000
     1017702000	     50783	8000417c	8e3d	c.xor	x12,x15	 x12:0x00000001 x15:0xfffffff4 x12=0xfffffff5
     1017722000	     50784	8000417e	86a9	c.srai	x13,0xa	 x13:0x0003ffe9 x13=0x000000ff
     1017742000	     50785	80004180	0090d513	srli	x10,x1,0x9	  x1:0xffffffff x10=0x007fffff
     1017762000	     50786	80004184	12fd	c.addi	x5,-1	  x5:0x00000000  x5=0xffffffff
     1018142000	     50805	80004186	e7013193	sltiu	x3,x2,-400	  x2:0xfffff948  x3=0x00000001
     1018162000	     50806	8000418a	65007d13	andi	x26,x0,1616	  x0:0x00000000 x26=0x00000000
     1018262000	     50811	8000418e	40ce5613	srai	x12,x28,0xc	 x28:0x00000000 x12=0x00000000
     1018282000	     50812	80004192	04551663	bne	x10,x5,800041de	 x10:0x007fffff  x5:0xffffffff
     1018782000	     50837	800041de	0001	c.addi	x0,0	  x0:0x00000000  x0=0x00000000
     1019242000	     50860	800041e0	0358adb3	mulhsu	x27,x17,x21	 x17:0x000007fb x21:0x00000000 x27=0x00000000
     1019282000	     50862	800041e4	0244fbb3	remu	x23,x9,x4	  x9:0xffffffff  x4:0x00000000 x23=0xffffffff
     1019302000	     50863	800041e8	ee30e493	ori	x9,x1,-285	  x1:0xffffffff  x9=0xffffffff
     1019322000	     50864	800041ec	83ba	c.mv	x7,x14	  x0:0x00000000 x14:0x00000000  x7=0x00000000
     1019342000	     50865	800041ee	8e89	c.sub	x13,x10	 x13:0x000000ff x10:0x007fffff x13=0xff800100
     1019362000	     50866	800041f0	3ae44d13	xori	x26,x8,942	  x8:0x00000000 x26=0x000003ae
     1019382000	     50867	800041f4	004491b3	sll	x3,x9,x4	  x9:0xffffffff  x4:0x00000000  x3=0xffffffff
     1019722000	     50884	800041f8	0166a833	slt	x16,x13,x22	 x13:0xff800100 x22:0x0000f000 x16=0x00000001
     1019742000	     50885	800041fc	8f49	c.or	x14,x10	 x14:0x00000000 x10:0x007fffff x14=0x007fffff
     1019762000	     50886	800041fe	14fd	c.addi	x9,-1	  x9:0xffffffff  x9=0xfffffffe
     1019782000	     50887	80004200	011e1563	bne	x28,x17,8000420a	 x28:0x00000000 x17:0x000007fb
     1020002000	     50898	8000420a	030a8bb3	mul	x23,x21,x16	 x21:0x00000000 x16:0x00000001 x23=0x00000000
     1021142000	     50955	8000420e	0211fab3	remu	x21,x3,x1	  x3:0xffffffff  x1:0xffffffff x21=0x00000000
     1021162000	     50956	80004212	051e1263	bne	x28,x17,80004256	 x28:0x00000000 x17:0x000007fb
     1021862000	     50991	80004256	01892633	slt	x12,x18,x24	 x18:0x00000000 x24:0x00000000 x12=0x00000000
     1021882000	     50992	8000425a	00b6ae33	slt	x28,x13,x11	 x13:0xff800100 x11:0x00000001 x28=0x00000001
     1021982000	     50997	8000425e	0230cf63	blt	x1,x3,8000429c	  x1:0xffffffff  x3:0xffffffff
     1022182000	     51007	80004262	e582a397	auipc	x7,0xe582a	  x7=0x6582e262
     1022202000	     51008	80004266	6825	c.lui	x16,0x9	 x16=0x00009000
     1022262000	     51011	80004268	0000100f	fence.i	
     1022642000	     51030	8000426c	dbca4237	lui	x4,0xdbca4	  x4=0xdbca4000
     1022662000	     51031	80004270	0137a733	slt	x14,x15,x19	 x15:0xfffffff4 x19:0x80021df8 x14=0x00000000
     1022982000	     51047	80004274	177d	c.addi	x14,-1	 x14:0x00000000 x14=0xffffffff
     1023002000	     51048	80004276	c499	c.beqz	x9,80004284	  x9:0xfffffffe
     1023022000	     51049	80004278	00dcf663	bgeu	x25,x13,80004284	 x25:0x80025ce4 x13:0xff800100
     1023122000	     51054	8000427c	0f15	c.addi	x30,5	 x30:0xffffffff x30=0x00000004
     1023142000	     51055	8000427e	1b7d	c.addi	x22,-1	 x22:0x0000f000 x22=0x0000efff
     1023262000	     51061	80004280	856e7613	andi	x12,x28,-1962	 x28:0x00000001 x12=0x00000000
     1023462000	     51071	80004284	019f30b3	sltu	x1,x30,x25	 x30:0x00000004 x25:0x80025ce4  x1=0x00000001
     1023502000	     51073	80004288	0064c763	blt	x9,x6,80004296	  x9:0xfffffffe  x6:0x00000000
     1024162000	     51106	80004296	0001	c.addi	x0,0	  x0:0x00000000  x0=0x00000000
     1024282000	     51112	80004298	005de0b3	or	x1,x27,x5	 x27:0x00000000  x5:0xffffffff  x1=0xffffffff
     1024362000	     51116	8000429c	0068a5b3	slt	x11,x17,x6	 x17:0x000007fb  x6:0x00000000 x11=0x00000000
     1024502000	     51123	800042a0	012aa5b3	slt	x11,x21,x18	 x21:0x00000000 x18:0x00000000 x11=0x00000000
     1024862000	     51141	800042a4	9bfd	c.andi	x15,-1	 x15:0xfffffff4 x15=0xfffffff4
     1025282000	     51162	800042a6	0099db33	srl	x22,x19,x9	 x19:0x80021df8  x9:0xfffffffe x22=0x00000002
     1025682000	     51182	800042aa	1b167513	andi	x10,x12,433	 x12:0x00000000 x10=0x00000000
     1025702000	     51183	800042ae	8549	c.srai	x10,0x12	 x10:0x00000000 x10=0x00000000
     1025942000	     51195	800042b0	3a3a4293	xori	x5,x20,931	 x20:0x00000000  x5=0x000003a3
     1025962000	     51196	800042b4	41e20633	sub	x12,x4,x30	  x4:0xdbca4000 x30:0x00000004 x12=0xdbca3ffc
     1026122000	     51204	800042b8	9efa	c.add	x29,x30	 x29:0x0000000c x30:0x00000004 x29=0x00000010
     1026142000	     51205	800042ba	8fdd	c.or	x15,x15	 x15:0xfffffff4 x15:0xfffffff4 x15=0xfffffff4
     1026242000	     51210	800042bc	003e1093	slli	x1,x28,0x3	 x28:0x00000001  x1=0x00000008
     1026662000	     51231	800042c0	01ab7633	and	x12,x22,x26	 x22:0x00000002 x26:0x000003ae x12=0x00000002
     1027062000	     51251	800042c4	8cb5	c.xor	x9,x13	  x9:0xfffffffe x13:0xff800100  x9=0x007ffefe
     1027102000	     51253	800042c6	0352e533	rem	x10,x5,x21	  x5:0x000003a3 x21:0x00000000 x10=0x000003a3
     1027462000	     51271	800042ca	01243433	sltu	x8,x8,x18	  x8:0x00000000 x18:0x00000000  x8=0x00000000
     1027502000	     51273	800042ce	03491bb3	mulh	x23,x18,x20	 x18:0x00000000 x20:0x00000000 x23=0x00000000
     1028302000	     51313	800042d2	02ea7833	remu	x16,x20,x14	 x20:0x00000000 x14:0xffffffff x16=0x00000000
     1028322000	     51314	800042d6	6151	c.addi16sp	x2,272	  x2:0xfffff948  x2=0xfffffa58
     1028342000	     51315	800042d8	41d853b3	sra	x7,x16,x29	 x16:0x00000000 x29:0x00000010  x7=0x00000000
     1028362000	     51316	800042dc	0001	c.addi	x0,0	  x0:0x00000000  x0=0x00000000
     1028522000	     51324	800042de	befa25b7	lui	x11,0xbefa2	 x11=0xbefa2000
     1028542000	     51325	800042e2	0104ae33	slt	x28,x9,x16	  x9:0x007ffefe x16:0x00000000 x28=0x00000000
     1028562000	     51326	800042e6	6d75	c.lui	x26,0x1d	 x26=0x0001d000
     1028582000	     51327	800042e8	8e81	c.sub	x13,x8	 x13:0xff800100  x8:0x00000000 x13=0xff800100
     1028602000	     51328	800042ea	0001	c.addi	x0,0	  x0:0x00000000  x0=0x00000000
     1028982000	     51347	800042ec	411056b3	sra	x13,x0,x17	  x0:0x00000000 x17:0x000007fb x13=0x00000000
     1029122000	     51354	800042f0	408a5513	srai	x10,x20,0x8	 x20:0x00000000 x10=0x00000000
     1029542000	     51375	800042f4	036c8bb3	mul	x23,x25,x22	 x25:0x80025ce4 x22:0x00000002 x23=0x0004b9c8
     1030282000	     51412	800042f8	02e944b3	div	x9,x18,x14	 x18:0x00000000 x14:0xffffffff  x9=0x00000000
     1030302000	     51413	800042fc	0000100f	fence.i	
     1030382000	     51417	80004300	0001	c.addi	x0,0	  x0:0x00000000  x0=0x00000000
     1030402000	     51418	80004302	009cc633	xor	x12,x25,x9	 x25:0x80025ce4  x9:0x00000000 x12=0x80025ce4
     1030422000	     51419	80004306	0001	c.addi	x0,0	  x0:0x00000000  x0=0x00000000
     1030462000	     51421	80004308	032f5133	divu	x2,x30,x18	 x30:0x00000004 x18:0x00000000  x2=0xffffffff
     1030482000	     51422	8000430c	8199	c.srli	x11,0x6	 x11:0xbefa2000 x11=0x02fbe880
     1030502000	     51423	8000430e	0baccd93	xori	x27,x25,186	 x25:0x80025ce4 x27=0x80025c5e
     1030522000	     51424	80004312	0001	c.addi	x0,0	  x0:0x00000000  x0=0x00000000
     1030922000	     51444	80004314	0086f463	bgeu	x13,x8,8000431c	 x13:0x00000000  x8:0x00000000
     1031402000	     51468	8000431c	a4c8ae93	slti	x29,x17,-1460	 x17:0x000007fb x29=0x00000000
     1031742000	     51485	80004320	01b64563	blt	x12,x27,8000432a	 x12:0x80025ce4 x27:0x80025c5e
     1031762000	     51486	80004324	8cd9	c.or	x9,x14	  x9:0x00000000 x14:0xffffffff  x9=0xffffffff
     1031782000	     51487	80004326	001fc633	xor	x12,x31,x1	 x31:0x0000000b  x1:0x00000008 x12=0x00000003
     1031802000	     51488	8000432a	436d	c.li	x6,27	  x6=0x0000001b
     1031862000	     51491	8000432c	41635633	sra	x12,x6,x22	  x6:0x0000001b x22:0x00000002 x12=0x00000006
     1031882000	     51492	80004330	0ab2	c.slli	x21,0xc	 x21:0x00000000 x21=0x00000000
     1031902000	     51493	80004332	8969	c.andi	x10,26	 x10:0x00000000 x10=0x00000000
     1031922000	     51494	80004334	e90d3a13	sltiu	x20,x26,-368	 x26:0x0001d000 x20=0x00000001
     1032262000	     51511	80004338	6e21	c.lui	x28,0x8	 x28=0x00008000
     1032462000	     51521	8000433a	02c79d63	bne	x15,x12,80004374	 x15:0xfffffff4 x12:0x00000006
     1032942000	     51545	80004374	01233e33	sltu	x28,x6,x18	  x6:0x0000001b x18:0x00000000 x28=0x00000000
     1033742000	     51585	80004378	02f8f633	remu	x12,x17,x15	 x17:0x000007fb x15:0xfffffff4 x12=0x000007fb
     1033762000	     51586	8000437c	31e7f037	lui	x0,0x31e7f	  x0=0x00000000
     1033782000	     51587	80004380	0669	c.addi	x12,26	 x12:0x000007fb x12=0x00000815
     1033802000	     51588	80004382	0ff0000f	fence	iorw,iorw	
     1033822000	     51589	80004386	1084	c.addi4spn	x9,x2,96	  x9=0x0000005f
     1033842000	     51590	80004388	0050b033	sltu	x0,x1,x5	  x1:0x00000008  x5:0x000003a3  x0=0x00000000
     1033862000	     51591	8000438c	2e296d13	ori	x26,x18,738	 x18:0x00000000 x26=0x000002e2
     1033922000	     51594	80004390	05a19063	bne	x3,x26,800043d0	  x3:0xffffffff x26:0x000002e2
     1034422000	     51619	800043d0	02783633	mulhu	x12,x16,x7	 x16:0x00000000  x7:0x00000000 x12=0x00000000
     1034442000	     51620	800043d4	32dcc893	xori	x17,x25,813	 x25:0x80025ce4 x17=0x80025fc9
     1034842000	     51640	800043d8	003d9293	slli	x5,x27,0x3	 x27:0x80025c5e  x5=0x0012e2f0
     1035262000	     51661	800043dc	0001	c.addi	x0,0	  x0:0x00000000  x0=0x00000000
     1035342000	     51665	800043de	401ad933	sra	x18,x21,x1	 x21:0x00000000  x1:0x00000008 x18=0x00000000
     1035502000	     51673	800043e2	407484b3	sub	x9,x9,x7	  x9:0x0000005f  x7:0x00000000  x9=0x0000005f
     1035522000	     51674	800043e6	0001	c.addi	x0,0	  x0:0x00000000  x0=0x00000000
     1035922000	     51694	800043e8	d6d0f837	lui	x16,0xd6d0f	 x16=0xd6d0f000
     1035942000	     51695	800043ec	009a0433	add	x8,x20,x9	 x20:0x00000001  x9:0x0000005f  x8=0x00000060
     1035962000	     51696	800043f0	01acd133	srl	x2,x25,x26	 x25:0x80025ce4 x26:0x000002e2  x2=0x20009739
     1035982000	     51697	800043f4	01c74663	blt	x14,x28,80004400	 x14:0xffffffff x28:0x00000000
     1036902000	     51743	80004400	9c3a	c.add	x24,x14	 x24:0x00000000 x14:0xffffffff x24=0xffffffff
     1036922000	     51744	80004402	651d	c.lui	x10,0x7	 x10=0x00007000
     1036942000	     51745	80004404	9e72	c.add	x28,x28	 x28:0x00000000 x28:0x00000000 x28=0x00000000
     1037002000	     51748	80004406	0000100f	fence.i	
     1038242000	     51810	8000440a	033868b3	rem	x17,x16,x19	 x16:0xd6d0f000 x19:0x80021df8 x17=0xd6d0f000
     1038262000	     51811	8000440e	047bf163	bgeu	x23,x7,80004450	 x23:0x0004b9c8  x7:0x00000000
     1038522000	     51824	80004450	00b504b3	add	x9,x10,x11	 x10:0x00007000 x11:0x02fbe880  x9=0x02fc5880
     1038542000	     51825	80004454	67747e93	andi	x29,x8,1655	  x8:0x00000060 x29=0x00000060
     1038622000	     51829	80004458	8e9d	c.sub	x13,x15	 x13:0x00000000 x15:0xfffffff4 x13=0x0000000c
     1039762000	     51886	8000445a	031aff33	remu	x30,x21,x17	 x21:0x00000000 x17:0xd6d0f000 x30=0x00000000
     1047142000	     52255	8000445e	2bc76593	ori	x11,x14,700	 x14:0xffffffff x11=0xffffffff
     1047162000	     52256	80004462	8c5d	c.or	x8,x15	  x8:0x00000060 x15:0xfffffff4  x8=0xfffffff4
     1047182000	     52257	80004464	458d	c.li	x11,3	 x11=0x00000003
     1047202000	     52258	80004466	016a9613	slli	x12,x21,0x16	 x21:0x00000000 x12=0x00000000
     1047942000	     52295	8000446a	0372c533	div	x10,x5,x23	  x5:0x0012e2f0 x23:0x0004b9c8 x10=0x00000003
     1047962000	     52296	8000446e	e73b2213	slti	x4,x22,-397	 x22:0x00000002  x4=0x00000000
     1047982000	     52297	80004472	0000100f	fence.i	
     1048482000	     52322	80004476	008adeb3	srl	x29,x21,x8	 x21:0x00000000  x8:0xfffffff4 x29=0x00000000
     1048502000	     52323	8000447a	0184fbb3	and	x23,x9,x24	  x9:0x02fc5880 x24:0xffffffff x23=0x02fc5880
     1048522000	     52324	8000447e	81fd	c.srli	x11,0x1f	 x11:0x00000003 x11=0x00000000
     1049462000	     52371	80004480	02596db3	rem	x27,x18,x5	 x18:0x00000000  x5:0x0012e2f0 x27=0x00000000
     1049482000	     52372	80004484	01606533	or	x10,x0,x22	  x0:0x00000000 x22:0x00000002 x10=0x00000002
     1049502000	     52373	80004488	841e	c.mv	x8,x7	  x0:0x00000000  x7:0x00000000  x8=0x00000000
     1049522000	     52374	8000448a	b4a82d13	slti	x26,x16,-1206	 x16:0xd6d0f000 x26=0x00000001
     1049542000	     52375	8000448e	018f1593	slli	x11,x30,0x18	 x30:0x00000000 x11=0x00000000
     1049562000	     52376	80004492	409bd693	srai	x13,x23,0x9	 x23:0x02fc5880 x13=0x00017e2c
     1049582000	     52377	80004496	51fd	c.li	x3,-1	  x3=0xffffffff
     1049622000	     52379	80004498	00411133	sll	x2,x2,x4	  x2:0x20009739  x4:0x00000000  x2=0x20009739
     1050042000	     52400	8000449c	00ce1f63	bne	x28,x12,800044ba	 x28:0x00000000 x12:0x00000000
     1050062000	     52401	800044a0	a771ef17	auipc	x30,0xa771e	 x30=0x277224a0
     1050162000	     52406	800044a4	049f7063	bgeu	x30,x9,800044e4	 x30:0x277224a0  x9:0x02fc5880
     1050682000	     52432	800044e4	e285	c.bnez	x13,80004504	 x13:0x00017e2c
     1051242000	     52460	80004504	0313af33	mulhsu	x30,x7,x17	  x7:0x00000000 x17:0xd6d0f000 x30=0x00000000
     1051982000	     52497	80004508	034de133	rem	x2,x27,x20	 x27:0x00000000 x20:0x00000001  x2=0x00000000
     1052002000	     52498	8000450c	739de393	ori	x7,x27,1849	 x27:0x00000000  x7=0x00000739
     1052022000	     52499	80004510	091a	c.slli	x18,0x6	 x18:0x00000000 x18=0x00000000
     1052042000	     52500	80004512	0116b1b3	sltu	x3,x13,x17	 x13:0x00017e2c x17:0xd6d0f000  x3=0x00000001
     1052062000	     52501	80004516	0001	c.addi	x0,0	  x0:0x00000000  x0=0x00000000
     1052802000	     52538	80004518	0291c633	div	x12,x3,x9	  x3:0x00000001  x9:0x02fc5880 x12=0x00000000
     1052822000	     52539	8000451c	0001	c.addi	x0,0	  x0:0x00000000  x0=0x00000000
     1052842000	     52540	8000451e	4113db13	srai	x22,x7,0x11	  x7:0x00000739 x22=0x00000000
     1052862000	     52541	80004522	8e1d	c.sub	x12,x15	 x12:0x00000000 x15:0xfffffff4 x12=0x0000000c
     1052882000	     52542	80004524	07573193	sltiu	x3,x14,117	 x14:0xffffffff  x3=0x00000000
     1052902000	     52543	80004528	84cd6093	ori	x1,x26,-1972	 x26:0x00000001  x1=0xfffff84d
     1052922000	     52544	8000452c	0000100f	fence.i	
     1052962000	     52546	80004530	8151	c.srli	x10,0x14	 x10:0x00000002 x10=0x00000000
     1052982000	     52547	80004532	814e	c.mv	x2,x19	  x0:0x00000000 x19:0x80021df8  x2=0x80021df8
     1053162000	     52556	80004534	00533333	sltu	x6,x6,x5	  x6:0x0000001b  x5:0x0012e2f0  x6=0x00000001
     1053202000	     52558	80004538	01f9a933	slt	x18,x19,x31	 x19:0x80021df8 x31:0x0000000b x18=0x00000001
     1053342000	     52565	8000453c	0b84	c.addi4spn	x9,x2,464	  x9=0x80021fc8
     1053362000	     52566	8000453e	0143d493	srli	x9,x7,0x14	  x7:0x00000739  x9=0x00000000
     1054102000	     52603	80004542	03706a33	rem	x20,x0,x23	  x0:0x00000000 x23:0x02fc5880 x20=0x00000000
     1054122000	     52604	80004546	1e7d	c.addi	x28,-1	 x28:0x00000000 x28=0xffffffff
     1054862000	     52641	80004548	02647033	remu	x0,x8,x6	  x8:0x00000000  x6:0x00000001  x0=0x00000000
     1054882000	     52642	8000454c	8846	c.mv	x16,x17	  x0:0x00000000 x17:0xd6d0f000 x16=0xd6d0f000
     1054902000	     52643	8000454e	0001	c.addi	x0,0	  x0:0x00000000  x0=0x00000000
     1054922000	     52644	80004550	00f96a33	or	x20,x18,x15	 x18:0x00000001 x15:0xfffffff4 x20=0xfffffff5
     1054942000	     52645	80004554	007f1933	sll	x18,x30,x7	 x30:0x00000000  x7:0x00000739 x18=0x00000000
     1054962000	     52646	80004558	97b2	c.add	x15,x12	 x15:0xfffffff4 x12:0x0000000c x15=0x00000000
     1054982000	     52647	8000455a	01da35b3	sltu	x11,x20,x29	 x20:0xfffffff5 x29:0x00000000 x11=0x00000000
     1055142000	     52655	8000455e	03f8ad33	mulhsu	x26,x17,x31	 x17:0xd6d0f000 x31:0x0000000b x26=0xfffffffe
     1055162000	     52656	80004562	8f05	c.sub	x14,x9	 x14:0xffffffff  x9:0x00000000 x14=0xffffffff
     1055182000	     52657	80004564	4020d5b3	sra	x11,x1,x2	  x1:0xfffff84d  x2:0x80021df8 x11=0xffffffff
     1055202000	     52658	80004568	987d	c.andi	x8,-1	  x8:0x00000000  x8=0x00000000
     1055222000	     52659	8000456a	1d00	c.addi4spn	x8,x2,688	  x8=0x800220a8
     1055262000	     52661	8000456c	03492e33	mulhsu	x28,x18,x20	 x18:0x00000000 x20:0xfffffff5 x28=0x00000000
     1055282000	     52662	80004570	00bb7663	bgeu	x22,x11,8000457c	 x22:0x00000000 x11:0xffffffff
     1055482000	     52672	80004574	b61d2613	slti	x12,x26,-1183	 x26:0xfffffffe x12=0x00000000
     1055542000	     52675	80004578	b33abd13	sltiu	x26,x21,-1229	 x21:0x00000000 x26=0x00000001
     1055622000	     52679	8000457c	d1e67493	andi	x9,x12,-738	 x12:0x00000000  x9=0x00000000
     1055762000	     52686	80004580	8edd	c.or	x13,x15	 x13:0x00017e2c x15:0x00000000 x13=0x00017e2c
     1055862000	     52691	80004582	ce994db7	lui	x27,0xce994	 x27=0xce994000
     1055902000	     52693	80004586	02014833	div	x16,x2,x0	  x2:0x80021df8  x0:0x00000000 x16=0xffffffff
     1055922000	     52694	8000458a	4a89	c.li	x21,2	 x21=0x00000002
     1055942000	     52695	8000458c	03b180b3	mul	x1,x3,x27	  x3:0x00000000 x27:0xce994000  x1=0x00000000
     1056322000	     52714	80004590	37584913	xori	x18,x16,885	 x16:0xffffffff x18=0xfffffc8a
     1056742000	     52735	80004594	01153933	sltu	x18,x10,x17	 x10:0x00000000 x17:0xd6d0f000 x18=0x00000001
     1056762000	     52736	80004598	01a66db3	or	x27,x12,x26	 x12:0x00000000 x26:0x00000001 x27=0x00000001
     1056782000	     52737	8000459c	c209	c.beqz	x12,8000459e	 x12:0x00000000
     1057042000	     52750	8000459e	00b755b3	srl	x11,x14,x11	 x14:0xffffffff x11:0xffffffff x11=0x00000001
     1057062000	     52751	800045a2	ea89	c.bnez	x13,800045b4	 x13:0x00017e2c
     1057642000	     52780	800045b4	020e5633	divu	x12,x28,x0	 x28:0x00000000  x0:0x00000000 x12=0xffffffff
     1057722000	     52784	800045b8	869d	c.srai	x13,0x7	 x13:0x00017e2c x13=0x000002fc
     1057942000	     52795	800045ba	400801b3	sub	x3,x16,x0	 x16:0xffffffff  x0:0x00000000  x3=0xffffffff
     1057962000	     52796	800045be	88aa	c.mv	x17,x10	  x0:0x00000000 x10:0x00000000 x17=0x00000000
     1057982000	     52797	800045c0	0ff0000f	fence	iorw,iorw	
     1058342000	     52815	800045c4	00d46863	bltu	x8,x13,800045d4	  x8:0x800220a8 x13:0x000002fc
     1058462000	     52821	800045c8	07d58113	addi	x2,x11,125	 x11:0x00000001  x2=0x0000007e
     1058482000	     52822	800045cc	0191a5b3	slt	x11,x3,x25	  x3:0xffffffff x25:0x80025ce4 x11=0x00000000
     1058502000	     52823	800045d0	40892f13	slti	x30,x18,1032	 x18:0x00000001 x30=0x00000001
     1058522000	     52824	800045d4	41320e33	sub	x28,x4,x19	  x4:0x00000000 x19:0x80021df8 x28=0x7ffde208
     1058742000	     52835	800045d8	4099d933	sra	x18,x19,x9	 x19:0x80021df8  x9:0x00000000 x18=0x80021df8
     1058762000	     52836	800045dc	8b310593	addi	x11,x2,-1869	  x2:0x0000007e x11=0xfffff931
     1058922000	     52844	800045e0	004f9133	sll	x2,x31,x4	 x31:0x0000000b  x4:0x00000000  x2=0x0000000b
     1059002000	     52848	800045e4	8d8d	c.sub	x11,x11	 x11:0xfffff931 x11:0xfffff931 x11=0x00000000
     1059022000	     52849	800045e6	00b12633	slt	x12,x2,x11	  x2:0x0000000b x11:0x00000000 x12=0x00000000
     1059042000	     52850	800045ea	000af363	bgeu	x21,x0,800045f0	 x21:0x00000002  x0:0x00000000
     1059662000	     52881	800045f0	01c91f33	sll	x30,x18,x28	 x18:0x80021df8 x28:0x7ffde208 x30=0x021df800
     1059822000	     52889	800045f4	00801f33	sll	x30,x0,x8	  x0:0x00000000  x8:0x800220a8 x30=0x00000000
     1059922000	     52894	800045f8	03ec90b3	mulh	x1,x25,x30	 x25:0x80025ce4 x30:0x00000000  x1=0x00000000
     1059942000	     52895	800045fc	0001	c.addi	x0,0	  x0:0x00000000  x0=0x00000000
     1059962000	     52896	800045fe	9af2	c.add	x21,x28	 x21:0x00000002 x28:0x7ffde208 x21=0x7ffde20a
     1059982000	     52897	80004600	00989633	sll	x12,x17,x9	 x17:0x00000000  x9:0x00000000 x12=0x00000000
     1060002000	     52898	80004604	02ba85b3	mul	x11,x21,x11	 x21:0x7ffde20a x11:0x00000000 x11=0x00000000
     1060302000	     52913	80004608	00678eb3	add	x29,x15,x6	 x15:0x00000000  x6:0x00000001 x29=0x00000001
     1060322000	     52914	8000460c	8d6a	c.mv	x26,x26	  x0:0x00000000 x26:0x00000001 x26=0x00000001
     1060342000	     52915	8000460e	04bf4263	blt	x30,x11,80004652	 x30:0x00000000 x11:0x00000000
     1060362000	     52916	80004612	0000100f	fence.i	
     1060902000	     52943	80004616	962b7913	andi	x18,x22,-1694	 x22:0x00000000 x18=0x00000000
     1060942000	     52945	8000461a	007a1f13	slli	x30,x20,0x7	 x20:0xfffffff5 x30=0xfffffa80
     1060962000	     52946	8000461e	414f83b3	sub	x7,x31,x20	 x31:0x0000000b x20:0xfffffff5  x7=0x00000016
     1060982000	     52947	80004622	8e25	c.xor	x12,x9	 x12:0x00000000  x9:0x00000000 x12=0x00000000
     1061162000	     52956	80004624	6e39	c.lui	x28,0xe	 x28=0x0000e000
     1061182000	     52957	80004626	8d1e	c.mv	x26,x7	  x0:0x00000000  x7:0x00000016 x26=0x00000016
     1061202000	     52958	80004628	40fadab3	sra	x21,x21,x15	 x21:0x7ffde20a x15:0x00000000 x21=0x7ffde20a
     1062062000	     53001	8000462c	025666b3	rem	x13,x12,x5	 x12:0x00000000  x5:0x0012e2f0 x13=0x00000000
     1062082000	     53002	80004630	00bc5633	srl	x12,x24,x11	 x24:0xffffffff x11:0x00000000 x12=0xffffffff
     1062102000	     53003	80004634	8d1e	c.mv	x26,x7	  x0:0x00000000  x7:0x00000016 x26=0x00000016
     1062122000	     53004	80004636	e01d	c.bnez	x8,8000465c	  x8:0x800220a8
     1062642000	     53030	8000465c	9d70ed93	ori	x27,x1,-1577	  x1:0x00000000 x27=0xfffff9d7
     1062682000	     53032	80004660	02924933	div	x18,x4,x9	  x4:0x00000000  x9:0x00000000 x18=0xffffffff
     1062702000	     53033	80004664	013e9b63	bne	x29,x19,8000467a	 x29:0x00000001 x19:0x80021df8
     1063122000	     53054	8000467a	8099	c.srli	x9,0x6	  x9:0x00000000  x9=0x00000000
     1063142000	     53055	8000467c	eb9d	c.bnez	x15,800046b2	 x15:0x00000000
     1063162000	     53056	8000467e	0436b613	sltiu	x12,x13,67	 x13:0x00000000 x12=0x00000001
     1063542000	     53075	80004682	018b9db3	sll	x27,x23,x24	 x23:0x02fc5880 x24:0xffffffff x27=0x00000000
     1063562000	     53076	80004686	03160e33	mul	x28,x12,x17	 x12:0x00000001 x17:0x00000000 x28=0x00000000
     1063642000	     53080	8000468a	fb0b3737	lui	x14,0xfb0b3	 x14=0xfb0b3000
     1063662000	     53081	8000468e	8fd1	c.or	x15,x12	 x15:0x00000000 x12:0x00000001 x15=0x00000001
     1064062000	     53101	80004690	8925	c.andi	x10,9	 x10:0x00000000 x10=0x00000000
     1064222000	     53109	80004692	0058af33	slt	x30,x17,x5	 x17:0x00000000  x5:0x0012e2f0 x30=0x00000001
     1064642000	     53130	80004696	0000100f	fence.i	
     1065642000	     53180	8000469a	c399	c.beqz	x15,800046a0	 x15:0x00000001
     1065662000	     53181	8000469c	008462b3	or	x5,x8,x8	  x8:0x800220a8  x8:0x800220a8  x5=0x800220a8
     1065682000	     53182	800046a0	02f2	c.slli	x5,0x1c	  x5:0x800220a8  x5=0x80000000
     1065702000	     53183	800046a2	1d18	c.addi4spn	x14,x2,688	 x14=0x000002bb
     1065722000	     53184	800046a4	8f31	c.xor	x14,x12	 x14:0x000002bb x12:0x00000001 x14=0x000002ba
     1065962000	     53196	800046a6	682b37b7	lui	x15,0x682b3	 x15=0x682b3000
     1065982000	     53197	800046aa	52fd	c.li	x5,-1	  x5=0xffffffff
     1066002000	     53198	800046ac	02735a63	bge	x6,x7,800046e0	  x6:0x00000001  x7:0x00000016
     1066402000	     53218	800046b0	091e	c.slli	x18,0x7	 x18:0xffffffff x18=0xffffff80
     1066422000	     53219	800046b2	85c9	c.srai	x11,0x12	 x11:0x00000000 x11=0x00000000
     1066442000	     53220	800046b4	4055d693	srai	x13,x11,0x5	 x11:0x00000000 x13=0x00000000
     1066502000	     53223	800046b8	02533db3	mulhu	x27,x6,x5	  x6:0x00000001  x5:0xffffffff x27=0x00000000
     1066602000	     53228	800046bc	1d7d	c.addi	x26,-1	 x26:0x00000016 x26=0x00000015
     1067022000	     53249	800046be	09dc2d13	slti	x26,x24,157	 x24:0xffffffff x26=0x00000001
     1067042000	     53250	800046c2	1a08	c.addi4spn	x10,x2,304	 x10=0x0000013b
     1067062000	     53251	800046c4	8f49	c.or	x14,x10	 x14:0x000002ba x10:0x0000013b x14=0x000003bb
     1067122000	     53254	800046c6	8390c013	xori	x0,x1,-1991	  x1:0x00000000  x0=0x00000000
     1067142000	     53255	800046ca	8f4a	c.mv	x30,x18	  x0:0x00000000 x18:0xffffff80 x30=0xffffff80
     1067162000	     53256	800046cc	0001	c.addi	x0,0	  x0:0x00000000  x0=0x00000000
     1067202000	     53258	800046ce	022f26b3	mulhsu	x13,x30,x2	 x30:0xffffff80  x2:0x0000000b x13=0xffffffff
     1067222000	     53259	800046d2	825e	c.mv	x4,x23	  x0:0x00000000 x23:0x02fc5880  x4=0x02fc5880
     1067242000	     53260	800046d4	01ebbc33	sltu	x24,x23,x30	 x23:0x02fc5880 x30:0xffffff80 x24=0x00000001
     1067262000	     53261	800046d8	dab90697	auipc	x13,0xdab90	 x13=0x5ab946d8
     1067282000	     53262	800046dc	f81003b7	lui	x7,0xf8100	  x7=0xf8100000
     1068022000	     53299	800046e0	025c67b3	rem	x15,x24,x5	 x24:0x00000001  x5:0xffffffff x15=0x00000000
     1068042000	     53300	800046e4	0bf6	c.slli	x23,0x1d	 x23:0x02fc5880 x23=0x00000000
     1068062000	     53301	800046e6	9372	c.add	x6,x28	  x6:0x00000001 x28:0x00000000  x6=0x00000001
     1068082000	     53302	800046e8	8159	c.srli	x10,0x16	 x10:0x0000013b x10=0x00000000
     1068102000	     53303	800046ea	a7da3c13	sltiu	x24,x20,-1411	 x20:0xfffffff5 x24=0x00000000
     1068122000	     53304	800046ee	0001	c.addi	x0,0	  x0:0x00000000  x0=0x00000000
     1068142000	     53305	800046f0	02520533	mul	x10,x4,x5	  x4:0x02fc5880  x5:0xffffffff x10=0xfd03a780
     1068162000	     53306	800046f4	717d	c.addi16sp	x2,-16	  x2:0x0000000b  x2=0xfffffffb
     1068182000	     53307	800046f6	1580	c.addi4spn	x8,x2,736	  x8=0x000002db
     1068222000	     53309	800046f8	02c8b333	mulhu	x6,x17,x12	 x17:0x00000000 x12:0x00000001  x6=0x00000000
     1068242000	     53310	800046fc	0ff0000f	fence	iorw,iorw	
     1068262000	     53311	80004700	98fd	c.andi	x9,-1	  x9:0x00000000  x9=0x00000000
     1068282000	     53312	80004702	0d91	c.addi	x27,4	 x27:0x00000000 x27=0x00000004
     1068402000	     53318	80004704	010423b3	slt	x7,x8,x16	  x8:0x000002db x16:0xffffffff  x7=0x00000000
     1068422000	     53319	80004708	0ff0000f	fence	iorw,iorw	
     1069242000	     53360	8000470c	03f24f33	div	x30,x4,x31	  x4:0x02fc5880 x31:0x0000000b x30=0x00457c68
     1069982000	     53397	80004710	034be033	rem	x0,x23,x20	 x23:0x00000000 x20:0xfffffff5  x0=0x00000000
     1070002000	     53398	80004714	01230a33	add	x20,x6,x18	  x6:0x00000000 x18:0xffffff80 x20=0xffffff80
     1070022000	     53399	80004718	1f7d	c.addi	x30,-1	 x30:0x00457c68 x30=0x00457c67
     1070042000	     53400	8000471a	01e96f33	or	x30,x18,x30	 x18:0xffffff80 x30:0x00457c67 x30=0xffffffe7
     1070062000	     53401	8000471e	614d	c.addi16sp	x2,176	  x2:0xfffffffb  x2=0x000000ab
     1070082000	     53402	80004720	00d3f463	bgeu	x7,x13,80004728	  x7:0x00000000 x13:0x5ab946d8
     1070102000	     53403	80004724	82a9	c.srli	x13,0xa	 x13:0x5ab946d8 x13=0x0016ae51
     1070122000	     53404	80004726	ca1d	c.beqz	x12,8000475c	 x12:0x00000001
     1070262000	     53411	80004728	8d89	c.sub	x11,x10	 x11:0x00000000 x10:0xfd03a780 x11=0x02fc5880
     1070282000	     53412	8000472a	0e55	c.addi	x28,21	 x28:0x00000000 x28=0x00000015
     1070382000	     53417	8000472c	03ef6663	bltu	x30,x30,80004758	 x30:0xffffffe7 x30:0xffffffe7
     1070782000	     53437	80004730	00b85913	srli	x18,x16,0xb	 x16:0xffffffff x18=0x001fffff
     1070962000	     53446	80004734	026915b3	mulh	x11,x18,x6	 x18:0x001fffff  x6:0x00000000 x11=0x00000000
     1070982000	     53447	80004738	07b9	c.addi	x15,14	 x15:0x00000000 x15=0x0000000e
     1071042000	     53450	8000473a	0288bab3	mulhu	x21,x17,x8	 x17:0x00000000  x8:0x000002db x21=0x00000000
     1071062000	     53451	8000473e	e9c34793	xori	x15,x6,-356	  x6:0x00000000 x15=0xfffffe9c
     1071082000	     53452	80004742	65a1	c.lui	x11,0x8	 x11=0x00008000
     1071102000	     53453	80004744	02191b63	bne	x18,x1,8000477a	 x18:0x001fffff  x1:0x00000000
     1071622000	     53479	8000477a	40fcd113	srai	x2,x25,0xf	 x25:0x80025ce4  x2=0xffff0004
     1071642000	     53480	8000477e	9a46	c.add	x20,x17	 x20:0xffffff80 x17:0x00000000 x20=0xffffff80
     1071822000	     53489	80004780	e711	c.bnez	x14,8000478c	 x14:0x000003bb
     1088402000	     54318	8000478c	01dd7f33	and	x30,x26,x29	 x26:0x00000001 x29:0x00000001 x30=0x00000001
     1088422000	     54319	80004790	c691e493	ori	x9,x3,-919	  x3:0xffffffff  x9=0xffffffff
     1088442000	     54320	80004794	05a0c263	blt	x1,x26,800047d8	  x1:0x00000000 x26:0x00000001
     1089122000	     54354	800047d8	01363a33	sltu	x20,x12,x19	 x12:0x00000001 x19:0x80021df8 x20=0x00000001
     1089342000	     54365	800047dc	8e45	c.or	x12,x9	 x12:0x00000001  x9:0xffffffff x12=0xffffffff
     1089442000	     54370	800047de	012e9763	bne	x29,x18,800047ec	 x29:0x00000001 x18:0x001fffff
     1090082000	     54402	800047ec	8ee1	c.and	x13,x8	 x13:0x0016ae51  x8:0x000002db x13=0x00000251
     1090102000	     54403	800047ee	8152	c.mv	x2,x20	  x0:0x00000000 x20:0x00000001  x2=0x00000001
     1090442000	     54420	800047f0	0001	c.addi	x0,0	  x0:0x00000000  x0=0x00000000
     1091182000	     54457	800047f2	02d2d833	divu	x16,x5,x13	  x5:0xffffffff x13:0x00000251 x16=0x006e8419
     1091202000	     54458	800047f6	7028a493	slti	x9,x17,1794	 x17:0x00000000  x9=0x00000001
     1091222000	     54459	800047fa	0ff0000f	fence	iorw,iorw	
     1091242000	     54460	800047fe	00a4d033	srl	x0,x9,x10	  x9:0x00000001 x10:0xfd03a780  x0=0x00000000
     1091262000	     54461	80004802	62443317	auipc	x6,0x62443	  x6=0xe2447802
     1091282000	     54462	80004806	011c9093	slli	x1,x25,0x11	 x25:0x80025ce4  x1=0xb9c80000
     1091302000	     54463	8000480a	0001	c.addi	x0,0	  x0:0x00000000  x0=0x00000000
     1091322000	     54464	8000480c	016b77b3	and	x15,x22,x22	 x22:0x00000000 x22:0x00000000 x15=0x00000000
     1091562000	     54476	80004810	04081063	bne	x16,x0,80004850	 x16:0x006e8419  x0:0x00000000
     1092082000	     54502	80004850	0001	c.addi	x0,0	  x0:0x00000000  x0=0x00000000
     1092102000	     54503	80004852	ef09	c.bnez	x14,8000486c	 x14:0x000003bb
     1092802000	     54538	8000486c	00c5d713	srli	x14,x11,0xc	 x11:0x00008000 x14=0x00000008
     1092962000	     54546	80004870	03c41533	mulh	x10,x8,x28	  x8:0x000002db x28:0x00000015 x10=0x00000000
     1093122000	     54554	80004874	641d	c.lui	x8,0x7	  x8=0x00007000
     1093142000	     54555	80004876	049c	c.addi4spn	x15,x2,576	 x15=0x00000241
     1093162000	     54556	80004878	010dff63	bgeu	x27,x16,80004896	 x27:0x00000004 x16:0x006e8419
     1093182000	     54557	8000487c	8c65	c.and	x8,x9	  x8:0x00007000  x9:0x00000001  x8=0x00000000
     1093362000	     54566	8000487e	0672b693	sltiu	x13,x5,103	  x5:0xffffffff x13=0x00000000
     1093382000	     54567	80004882	0001	c.addi	x0,0	  x0:0x00000000  x0=0x00000000
     1093422000	     54569	80004884	029fa733	mulhsu	x14,x31,x9	 x31:0x0000000b  x9:0x00000001 x14=0x00000000
     1093642000	     54580	80004888	9b562593	slti	x11,x12,-1611	 x12:0xffffffff x11=0x00000000
     1093682000	     54582	8000488c	0244b133	mulhu	x2,x9,x4	  x9:0x00000001  x4:0x02fc5880  x2=0x00000000
     1094422000	     54619	80004890	03024433	div	x8,x4,x16	  x4:0x02fc5880 x16:0x006e8419  x8=0x00000006
     1094442000	     54620	80004894	717d	c.addi16sp	x2,-16	  x2:0x00000000  x2=0xfffffff0
     1094462000	     54621	80004896	05f11363	bne	x2,x31,800048dc	  x2:0xfffffff0 x31:0x0000000b
     1094742000	     54635	800048dc	8d52	c.mv	x26,x20	  x0:0x00000000 x20:0x00000001 x26=0x00000001
     1094782000	     54637	800048de	7c479717	auipc	x14,0x7c479	 x14=0xfc47d8de
     1094802000	     54638	800048e2	8f71	c.and	x14,x12	 x14:0xfc47d8de x12:0xffffffff x14=0xfc47d8de
     1095382000	     54667	800048e4	0001	c.addi	x0,0	  x0:0x00000000  x0=0x00000000
     1095582000	     54677	800048e6	0000100f	fence.i	
     1096222000	     54709	800048ea	013c61b3	or	x3,x24,x19	 x24:0x00000000 x19:0x80021df8  x3=0x80021df8
     1096282000	     54712	800048ee	40435f33	sra	x30,x6,x4	  x6:0xe2447802  x4:0x02fc5880 x30=0xe2447802
     1096582000	     54727	800048f2	01c45d93	srli	x27,x8,0x1c	  x8:0x00000006 x27=0x00000000
     1096602000	     54728	800048f6	01595733	srl	x14,x18,x21	 x18:0x001fffff x21:0x00000000 x14=0x001fffff
     1096622000	     54729	800048fa	6131	c.addi16sp	x2,320	  x2:0xfffffff0  x2=0x00000130
     1096642000	     54730	800048fc	41a10c33	sub	x24,x2,x26	  x2:0x00000130 x26:0x00000001 x24=0x0000012f
     1096662000	     54731	80004900	c98d	c.beqz	x11,80004932	 x11:0x00000000
     1096922000	     54744	80004932	8471	c.srai	x8,0x1c	  x8:0x00000006  x8=0x00000000
     1097142000	     54755	80004934	02b925b3	mulhsu	x11,x18,x11	 x18:0x001fffff x11:0x00000000 x11=0x00000000
     1097162000	     54756	80004938	05e49163	bne	x9,x30,8000497a	  x9:0x00000001 x30:0xe2447802
     1098582000	     54827	8000497a	008c8c33	add	x24,x25,x8	 x25:0x80025ce4  x8:0x00000000 x24=0x80025ce4
     1098602000	     54828	8000497e	0118	c.addi4spn	x14,x2,128	 x14=0x000001b0
     1098622000	     54829	80004980	034c0333	mul	x6,x24,x20	 x24:0x80025ce4 x20:0x00000001  x6=0x80025ce4
     1098802000	     54838	80004984	003997b3	sll	x15,x19,x3	 x19:0x80021df8  x3:0x80021df8 x15=0xf8000000
     1098882000	     54842	80004988	c319	c.beqz	x14,8000498e	 x14:0x000001b0
     1098902000	     54843	8000498a	0078d2b3	srl	x5,x17,x7	 x17:0x00000000  x7:0x00000000  x5=0x00000000
     1098922000	     54844	8000498e	0c4e	c.slli	x24,0x13	 x24:0x80025ce4 x24=0xe7200000
     1099102000	     54853	80004990	0ee5	c.addi	x29,25	 x29:0x00000001 x29=0x0000001a
     1099422000	     54869	80004992	036f53b3	divu	x7,x30,x22	 x30:0xe2447802 x22:0x00000000  x7=0xffffffff
     1099442000	     54870	80004996	82ca	c.mv	x5,x18	  x0:0x00000000 x18:0x001fffff  x5=0x001fffff
     1099482000	     54872	80004998	02809233	mulh	x4,x1,x8	  x1:0xb9c80000  x8:0x00000000  x4=0x00000000
     1099502000	     54873	8000499c	008f8563	beq	x31,x8,800049a6	 x31:0x0000000b  x8:0x00000000
     1099562000	     54876	800049a0	0a26	c.slli	x20,0x9	 x20:0x00000001 x20=0x00000200
     1099982000	     54897	800049a2	00283bb3	sltu	x23,x16,x2	 x16:0x006e8419  x2:0x00000130 x23=0x00000000
     1100002000	     54898	800049a6	910e	c.add	x2,x3	  x2:0x00000130  x3:0x80021df8  x2=0x80021f28
     1100042000	     54900	800049a8	037a9933	mulh	x18,x21,x23	 x21:0x00000000 x23:0x00000000 x18=0x00000000
     1100062000	     54901	800049ac	03658533	mul	x10,x11,x22	 x11:0x00000000 x22:0x00000000 x10=0x00000000
     1100082000	     54902	800049b0	c095	c.beqz	x9,800049d4	  x9:0x00000001
     1100102000	     54903	800049b2	ca81	c.beqz	x13,800049c2	 x13:0x00000000
     1100702000	     54933	800049c2	00d61663	bne	x12,x13,800049ce	 x12:0xffffffff x13:0x00000000
     1101262000	     54961	800049ce	016a38b3	sltu	x17,x20,x22	 x20:0x00000200 x22:0x00000000 x17=0x00000000
     1101282000	     54962	800049d2	8e1d	c.sub	x12,x15	 x12:0xffffffff x15:0xf8000000 x12=0x07ffffff
     1101302000	     54963	800049d4	b0ea45b7	lui	x11,0xb0ea4	 x11=0xb0ea4000
     1101702000	     54983	800049d8	016fc0b3	xor	x1,x31,x22	 x31:0x0000000b x22:0x00000000  x1=0x0000000b
     1101842000	     54990	800049dc	39162893	slti	x17,x12,913	 x12:0x07ffffff x17=0x00000000
     1101862000	     54991	800049e0	83f5	c.srli	x15,0x1d	 x15:0xf8000000 x15=0x00000007
     1101882000	     54992	800049e2	015c2333	slt	x6,x24,x21	 x24:0xe7200000 x21:0x00000000  x6=0x00000001
     1101902000	     54993	800049e6	016e5f63	bge	x28,x22,80004a04	 x28:0x00000015 x22:0x00000000
     1102742000	     55035	80004a04	0325fe33	remu	x28,x11,x18	 x11:0xb0ea4000 x18:0x00000000 x28=0xb0ea4000
     1102942000	     55045	80004a08	c519	c.beqz	x10,80004a16	 x10:0x00000000
     1103822000	     55089	80004a16	019f1d13	slli	x26,x30,0x19	 x30:0xe2447802 x26=0x04000000
     1104562000	     55126	80004a1a	0232f4b3	remu	x9,x5,x3	  x5:0x001fffff  x3:0x80021df8  x9=0x001fffff
     1104582000	     55127	80004a1e	039ae363	bltu	x21,x25,80004a44	 x21:0x00000000 x25:0x80025ce4
     1104762000	     55136	80004a44	72ba8213	addi	x4,x21,1835	 x21:0x00000000  x4=0x0000072b
     1104862000	     55141	80004a48	0001	c.addi	x0,0	  x0:0x00000000  x0=0x00000000
     1104882000	     55142	80004a4a	4b9d	c.li	x23,7	 x23=0x00000007
     1105282000	     55162	80004a4c	023e	c.slli	x4,0xf	  x4:0x0000072b  x4=0x03958000
     1106082000	     55202	80004a4e	03c85db3	divu	x27,x16,x28	 x16:0x006e8419 x28:0xb0ea4000 x27=0x00000000
     1106102000	     55203	80004a52	10fd	c.addi	x1,-1	  x1:0x0000000b  x1=0x0000000a
     1106122000	     55204	80004a54	015ce463	bltu	x25,x21,80004a5c	 x25:0x80025ce4 x21:0x00000000
     1106142000	     55205	80004a58	e391	c.bnez	x15,80004a5c	 x15:0x00000007
     1106182000	     55207	80004a5c	00cd67b3	or	x15,x26,x12	 x26:0x04000000 x12:0x07ffffff x15=0x07ffffff
     1106202000	     55208	80004a60	02a75a63	bge	x14,x10,80004a94	 x14:0x000001b0 x10:0x00000000
     1106302000	     55213	80004a94	036cddb3	divu	x27,x25,x22	 x25:0x80025ce4 x22:0x00000000 x27=0xffffffff
     1106322000	     55214	80004a98	017382b3	add	x5,x7,x23	  x7:0xffffffff x23:0x00000007  x5=0x00000006
     1106422000	     55219	80004a9c	01f19033	sll	x0,x3,x31	  x3:0x80021df8 x31:0x0000000b  x0=0x00000000
     1106542000	     55225	80004aa0	528ba713	slti	x14,x23,1320	 x23:0x00000007 x14=0x00000001
     1107282000	     55262	80004aa4	037e78b3	remu	x17,x28,x23	 x28:0xb0ea4000 x23:0x00000007 x17=0x00000004
     1107302000	     55263	80004aa8	c215	c.beqz	x12,80004acc	 x12:0x07ffffff
     1107322000	     55264	80004aaa	03f2e763	bltu	x5,x31,80004ad8	  x5:0x00000006 x31:0x0000000b
     1107482000	     55272	80004ad8	8eb1	c.xor	x13,x12	 x13:0x00000000 x12:0x07ffffff x13=0x07ffffff
     1107502000	     55273	80004ada	8d99	c.sub	x11,x14	 x11:0xb0ea4000 x14:0x00000001 x11=0xb0ea3fff
     1108342000	     55315	80004adc	0315fe33	remu	x28,x11,x17	 x11:0xb0ea3fff x17:0x00000004 x28=0x00000003
     1108362000	     55316	80004ae0	40ca07b3	sub	x15,x20,x12	 x20:0x00000200 x12:0x07ffffff x15=0xf8000201
     1108382000	     55317	80004ae4	b0a78693	addi	x13,x15,-1270	 x15:0xf8000201 x13=0xf7fffd0b
     1108402000	     55318	80004ae8	01cbdd33	srl	x26,x23,x28	 x23:0x00000007 x28:0x00000003 x26=0x00000000
     1108422000	     55319	80004aec	049e	c.slli	x9,0x7	  x9:0x001fffff  x9=0x0fffff80
     1108442000	     55320	80004aee	01a8a5b3	slt	x11,x17,x26	 x17:0x00000004 x26:0x00000000 x11=0x00000000
     1108462000	     55321	80004af2	8d41	c.or	x10,x8	 x10:0x00000000  x8:0x00000000 x10=0x00000000
     1108802000	     55338	80004af4	02087e63	bgeu	x16,x0,80004b30	 x16:0x006e8419  x0:0x00000000
     1109062000	     55351	80004b30	a9d26db7	lui	x27,0xa9d26	 x27=0xa9d26000
     1109082000	     55352	80004b34	8599	c.srai	x11,0x6	 x11:0x00000000 x11=0x00000000
     1109102000	     55353	80004b36	e489	c.bnez	x9,80004b40	  x9:0x0fffff80
     1110282000	     55412	80004b40	0001	c.addi	x0,0	  x0:0x00000000  x0=0x00000000
     1110302000	     55413	80004b42	8ea1	c.xor	x13,x8	 x13:0xf7fffd0b  x8:0x00000000 x13=0xf7fffd0b
     1110382000	     55417	80004b44	0001	c.addi	x0,0	  x0:0x00000000  x0=0x00000000
     1110402000	     55418	80004b46	01149db3	sll	x27,x9,x17	  x9:0x0fffff80 x17:0x00000004 x27=0xfffff800
     1111302000	     55463	80004b4a	03d053b3	divu	x7,x0,x29	  x0:0x00000000 x29:0x0000001a  x7=0x00000000
     1111322000	     55464	80004b4e	00df1ab3	sll	x21,x30,x13	 x30:0xe2447802 x13:0xf7fffd0b x21=0x23c01000
     1111342000	     55465	80004b52	8a79	c.andi	x12,30	 x12:0x07ffffff x12=0x0000001e
     1111362000	     55466	80004b54	8f0d	c.sub	x14,x11	 x14:0x00000001 x11:0x00000000 x14=0x00000001
     1111382000	     55467	80004b56	0001	c.addi	x0,0	  x0:0x00000000  x0=0x00000000
     1111602000	     55478	80004b58	c509	c.beqz	x10,80004b62	 x10:0x00000000
     1112182000	     55507	80004b62	0017adb3	slt	x27,x15,x1	 x15:0xf8000201  x1:0x0000000a x27=0x00000001
     1112202000	     55508	80004b66	8da1	c.xor	x11,x8	 x11:0x00000000  x8:0x00000000 x11=0x00000000
     1112222000	     55509	80004b68	8d25	c.xor	x10,x9	 x10:0x00000000  x9:0x0fffff80 x10=0x0fffff80
     1112242000	     55510	80004b6a	015e6863	bltu	x28,x21,80004b7a	 x28:0x00000003 x21:0x23c01000
     1113202000	     55558	80004b7a	87f9	c.srai	x15,0x1e	 x15:0xf8000201 x15=0xffffffff
     1113222000	     55559	80004b7c	8225	c.srli	x12,0x9	 x12:0x0000001e x12=0x00000000
     1113362000	     55566	80004b7e	04305163	bge	x0,x3,80004bc0	  x0:0x00000000  x3:0x80021df8
     1113962000	     55596	80004bc0	003ea5b3	slt	x11,x29,x3	 x29:0x0000001a  x3:0x80021df8 x11=0x00000000
     1115082000	     55652	80004bc4	034e4133	div	x2,x28,x20	 x28:0x00000003 x20:0x00000200  x2=0x00000000
     1115102000	     55653	80004bc8	01f79563	bne	x15,x31,80004bd2	 x15:0xffffffff x31:0x0000000b
     1115142000	     55655	80004bd2	177d	c.addi	x14,-1	 x14:0x00000001 x14=0x00000000
     1115162000	     55656	80004bd4	9ea44e13	xori	x28,x8,-1558	  x8:0x00000000 x28=0xfffff9ea
     1115182000	     55657	80004bd8	01039e13	slli	x28,x7,0x10	  x7:0x00000000 x28=0x00000000
     1115202000	     55658	80004bdc	8a71	c.andi	x12,28	 x12:0x00000000 x12=0x00000000
     1115442000	     55670	80004bde	036fb3b3	mulhu	x7,x31,x22	 x31:0x0000000b x22:0x00000000  x7=0x00000000
     1115462000	     55671	80004be2	8d51	c.or	x10,x12	 x10:0x0fffff80 x12:0x00000000 x10=0x0fffff80
     1115482000	     55672	80004be4	009c8e33	add	x28,x25,x9	 x25:0x80025ce4  x9:0x0fffff80 x28=0x90025c64
     1115622000	     55679	80004be8	00791033	sll	x0,x18,x7	 x18:0x00000000  x7:0x00000000  x0=0x00000000
     1115642000	     55680	80004bec	014efc33	and	x24,x29,x20	 x29:0x0000001a x20:0x00000200 x24=0x00000000
     1115702000	     55683	80004bf0	52fd	c.li	x5,-1	  x5=0xffffffff
     1115722000	     55684	80004bf2	9646	c.add	x12,x17	 x12:0x00000000 x17:0x00000004 x12=0x00000004
     1115742000	     55685	80004bf4	01f023b3	slt	x7,x0,x31	  x0:0x00000000 x31:0x0000000b  x7=0x00000001
     1115882000	     55692	80004bf8	15fd	c.addi	x11,-1	 x11:0x00000000 x11=0xffffffff
     1115902000	     55693	80004bfa	8ee9	c.and	x13,x10	 x13:0xf7fffd0b x10:0x0fffff80 x13=0x07fffd00
     1115922000	     55694	80004bfc	8cd5	c.or	x9,x13	  x9:0x0fffff80 x13:0x07fffd00  x9=0x0fffff80
     1115942000	     55695	80004bfe	8e99	c.sub	x13,x14	 x13:0x07fffd00 x14:0x00000000 x13=0x07fffd00
     1116122000	     55704	80004c00	717d	c.addi16sp	x2,-16	  x2:0x00000000  x2=0xfffffff0
     1116562000	     55726	80004c02	02af9533	mulh	x10,x31,x10	 x31:0x0000000b x10:0x0fffff80 x10=0x00000000
     1116582000	     55727	80004c06	0ff0000f	fence	iorw,iorw	
     1116602000	     55728	80004c0a	411ada33	sra	x20,x21,x17	 x21:0x23c01000 x17:0x00000004 x20=0x023c0100
     1116622000	     55729	80004c0e	0ff0000f	fence	iorw,iorw	
     1116642000	     55730	80004c12	00f25713	srli	x14,x4,0xf	  x4:0x03958000 x14=0x0000072b
     1116662000	     55731	80004c16	0001	c.addi	x0,0	  x0:0x00000000  x0=0x00000000
     1116742000	     55735	80004c18	00352bb3	slt	x23,x10,x3	 x10:0x00000000  x3:0x80021df8 x23=0x00000000
     1117082000	     55752	80004c1c	6f51	c.lui	x30,0x14	 x30=0x00014000
     1117102000	     55753	80004c1e	086a	c.slli	x16,0x1a	 x16:0x006e8419 x16=0x64000000
     1117122000	     55754	80004c20	40518e33	sub	x28,x3,x5	  x3:0x80021df8  x5:0xffffffff x28=0x80021df9
     1117142000	     55755	80004c24	48fd	c.li	x17,31	 x17=0x0000001f
     1117262000	     55761	80004c26	03fa6a93	ori	x21,x20,63	 x20:0x023c0100 x21=0x023c013f
     1117282000	     55762	80004c2a	8325	c.srli	x14,0x9	 x14:0x0000072b x14=0x00000003
     1117302000	     55763	80004c2c	1804	c.addi4spn	x9,x2,48	  x9=0x00000020
     1117482000	     55772	80004c2e	026c2bb3	mulhsu	x23,x24,x6	 x24:0x00000000  x6:0x00000001 x23=0x00000000
     1117502000	     55773	80004c32	80da	c.mv	x1,x22	  x0:0x00000000 x22:0x00000000  x1=0x00000000
     1117522000	     55774	80004c34	01b7d593	srli	x11,x15,0x1b	 x15:0xffffffff x11=0x0000001f
     1117722000	     55784	80004c38	0d26	c.slli	x26,0x9	 x26:0x00000000 x26=0x00000000
     1117742000	     55785	80004c3a	8da5	c.xor	x11,x9	 x11:0x0000001f  x9:0x00000020 x11=0x0000003f
     1117762000	     55786	80004c3c	7b478493	addi	x9,x15,1972	 x15:0xffffffff  x9=0x000007b3
     1117922000	     55794	80004c40	717d	c.addi16sp	x2,-16	  x2:0xfffffff0  x2=0xffffffe0
     1118042000	     55800	80004c42	02959933	mulh	x18,x11,x9	 x11:0x0000003f  x9:0x000007b3 x18=0x00000000
     1118082000	     55802	80004c46	03f3a933	mulhsu	x18,x7,x31	  x7:0x00000001 x31:0x0000000b x18=0x00000000
     1148422000	     57319	80004c4a	038944b3	div	x9,x18,x24	 x18:0x00000000 x24:0x00000000  x9=0xffffffff
     1148442000	     57320	80004c4e	40bcd8b3	sra	x17,x25,x11	 x25:0x80025ce4 x11:0x0000003f x17=0xffffffff
     1148462000	     57321	80004c52	ef15	c.bnez	x14,80004c8e	 x14:0x00000003
     1148742000	     57335	80004c8e	5a7d	c.li	x20,-1	 x20=0xffffffff
     1148782000	     57337	80004c90	02a2ca63	blt	x5,x10,80004cc4	  x5:0xffffffff x10:0x00000000
     1149342000	     57365	80004cc4	8a4d	c.andi	x12,19	 x12:0x00000004 x12=0x00000000
     1149362000	     57366	80004cc6	8779	c.srai	x14,0x1e	 x14:0x00000003 x14=0x00000000
     1150102000	     57403	80004cc8	027c5b33	divu	x22,x24,x7	 x24:0x00000000  x7:0x00000001 x22=0x00000000
     1150122000	     57404	80004ccc	8b556917	auipc	x18,0x8b556	 x18=0x0b55accc
     1150142000	     57405	80004cd0	03aec963	blt	x29,x26,80004d02	 x29:0x0000001a x26:0x00000000
     1150162000	     57406	80004cd4	6b31	c.lui	x22,0xc	 x22=0x0000c000
     1150182000	     57407	80004cd6	c6123a13	sltiu	x20,x4,-927	  x4:0x03958000 x20=0x00000001
     1150202000	     57408	80004cda	03a66263	bltu	x12,x26,80004cfe	 x12:0x00000000 x26:0x00000000
     1150222000	     57409	80004cde	91aa	c.add	x3,x10	  x3:0x80021df8 x10:0x00000000  x3=0x80021df8
     1150582000	     57427	80004ce0	000fe0b3	or	x1,x31,x0	 x31:0x0000000b  x0:0x00000000  x1=0x0000000b
     1150682000	     57432	80004ce4	8c85	c.sub	x9,x9	  x9:0xffffffff  x9:0xffffffff  x9=0x00000000
     1150702000	     57433	80004ce6	851d	c.srai	x10,0x7	 x10:0x00000000 x10=0x00000000
     1150722000	     57434	80004ce8	8aa6	c.mv	x21,x9	  x0:0x00000000  x9:0x00000000 x21=0x00000000
     1150742000	     57435	80004cea	c701	c.beqz	x14,80004cf2	 x14:0x00000000
     1151302000	     57463	80004cf2	01348ab3	add	x21,x9,x19	  x9:0x00000000 x19:0x80021df8 x21=0x80021df8
     1151322000	     57464	80004cf6	e591	c.bnez	x11,80004d02	 x11:0x0000003f
     1152482000	     57522	80004d02	0c65	c.addi	x24,25	 x24:0x00000000 x24=0x00000019
     1152502000	     57523	80004d04	83b1	c.srli	x15,0xc	 x15:0xffffffff x15=0x000fffff
     1152522000	     57524	80004d06	01f3bb33	sltu	x22,x7,x31	  x7:0x00000001 x31:0x0000000b x22=0x00000001
     1152542000	     57525	80004d0a	85a5	c.srai	x11,0x9	 x11:0x0000003f x11=0x00000000
     1152562000	     57526	80004d0c	0c26c793	xori	x15,x13,194	 x13:0x07fffd00 x15=0x07fffdc2
     1152582000	     57527	80004d10	0001	c.addi	x0,0	  x0:0x00000000  x0=0x00000000
     1152922000	     57544	80004d12	37346193	ori	x3,x8,883	  x8:0x00000000  x3=0x00000373
     1152942000	     57545	80004d16	e985	c.bnez	x11,80004d46	 x11:0x00000000
     1152982000	     57547	80004d18	02915eb3	divu	x29,x2,x9	  x2:0xffffffe0  x9:0x00000000 x29=0xffffffff
     1153002000	     57548	80004d1c	01285db3	srl	x27,x16,x18	 x16:0x64000000 x18:0x0b55accc x27=0x00064000
     1153022000	     57549	80004d20	0044d633	srl	x12,x9,x4	  x9:0x00000000  x4:0x03958000 x12=0x00000000
     1153342000	     57565	80004d24	05370463	beq	x14,x19,80004d6c	 x14:0x00000000 x19:0x80021df8
     1153762000	     57586	80004d28	00291793	slli	x15,x18,0x2	 x18:0x0b55accc x15=0x2d56b330
     1153922000	     57594	80004d2c	6611	c.lui	x12,0x4	 x12=0x00004000
     1154002000	     57598	80004d2e	013f4533	xor	x10,x30,x19	 x30:0x00014000 x19:0x80021df8 x10=0x80035df8
     1154422000	     57619	80004d32	d3626737	lui	x14,0xd3626	 x14=0xd3626000
     1154442000	     57620	80004d36	01fe0863	beq	x28,x31,80004d46	 x28:0x80021df9 x31:0x0000000b
     1154702000	     57633	80004d3a	ce9cad13	slti	x26,x25,-791	 x25:0x80025ce4 x26=0x00000001
     1154722000	     57634	80004d3e	fc2ee737	lui	x14,0xfc2ee	 x14=0xfc2ee000
     1154802000	     57638	80004d42	4050d433	sra	x8,x1,x5	  x1:0x0000000b  x5:0xffffffff  x8=0x00000000
     1154822000	     57639	80004d46	dc96bd13	sltiu	x26,x13,-567	 x13:0x07fffd00 x26=0x00000001
     1155562000	     57676	80004d4a	033f6333	rem	x6,x30,x19	 x30:0x00014000 x19:0x80021df8  x6=0x00014000
     1155602000	     57678	80004d4e	039e94b3	mulh	x9,x29,x25	 x29:0xffffffff x25:0x80025ce4  x9=0x00000000
     1155682000	     57682	80004d52	b9287013	andi	x0,x16,-1134	 x16:0x64000000  x0=0x00000000
     1156102000	     57703	80004d56	00fec563	blt	x29,x15,80004d60	 x29:0xffffffff x15:0x2d56b330
     1156842000	     57740	80004d60	b077c293	xori	x5,x15,-1273	 x15:0x2d56b330  x5=0xd2a94837
     1157262000	     57761	80004d64	8d0d	c.sub	x10,x11	 x10:0x80035df8 x11:0x00000000 x10=0x80035df8
     1157282000	     57762	80004d66	8ead	c.xor	x13,x11	 x13:0x07fffd00 x11:0x00000000 x13=0x07fffd00
     1157322000	     57764	80004d68	01299413	slli	x8,x19,0x12	 x19:0x80021df8  x8=0x77e00000
     1157342000	     57765	80004d6c	8a6d	c.andi	x12,27	 x12:0x00004000 x12=0x00000000
     1157362000	     57766	80004d6e	081a	c.slli	x16,0x6	 x16:0x64000000 x16=0x00000000
     1157402000	     57768	80004d70	0053e7b3	or	x15,x7,x5	  x7:0x00000001  x5:0xd2a94837 x15=0xd2a94837
     1157422000	     57769	80004d74	7f0a7d13	andi	x26,x20,2032	 x20:0x00000001 x26=0x00000000
     1157762000	     57786	80004d78	8db5	c.xor	x11,x13	 x11:0x00000000 x13:0x07fffd00 x11=0x07fffd00
     1157782000	     57787	80004d7a	0001	c.addi	x0,0	  x0:0x00000000  x0=0x00000000
     1157802000	     57788	80004d7c	da786293	ori	x5,x16,-601	 x16:0x00000000  x5=0xfffffda7
     1157822000	     57789	80004d80	8cfd	c.and	x9,x15	  x9:0x00000000 x15:0xd2a94837  x9=0x00000000
     1157862000	     57791	80004d82	0242ba33	mulhu	x20,x5,x4	  x5:0xfffffda7  x4:0x03958000 x20=0x03957ff7
     1157962000	     57796	80004d86	01e1b733	sltu	x14,x3,x30	  x3:0x00000373 x30:0x00014000 x14=0x00000001
     1157982000	     57797	80004d8a	0000100f	fence.i	
     1159022000	     57849	80004d8e	02f95ab3	divu	x21,x18,x15	 x18:0x0b55accc x15:0xd2a94837 x21=0x00000000
     1159042000	     57850	80004d92	c089	c.beqz	x9,80004d94	  x9:0x00000000
     1159522000	     57874	80004d94	527d	c.li	x4,-1	  x4=0xffffffff
     1159622000	     57879	80004d96	000b3ab3	sltu	x21,x22,x0	 x22:0x00000001  x0:0x00000000 x21=0x00000000
     1160042000	     57900	80004d9a	025a4963	blt	x20,x5,80004dcc	 x20:0x03957ff7  x5:0xfffffda7
     1160082000	     57902	80004d9e	009eaf33	slt	x30,x29,x9	 x29:0xffffffff  x9:0x00000000 x30=0x00000001
     1160102000	     57903	80004da2	91f2	c.add	x3,x28	  x3:0x00000373 x28:0x80021df9  x3=0x8002216c
     1160522000	     57924	80004da4	0206d8b3	divu	x17,x13,x0	 x13:0x07fffd00  x0:0x00000000 x17=0xffffffff
     1160922000	     57944	80004da8	00913933	sltu	x18,x2,x9	  x2:0xffffffe0  x9:0x00000000 x18=0x00000000
     1160942000	     57945	80004dac	cb15	c.beqz	x14,80004de0	 x14:0x00000001
     1161122000	     57954	80004dae	401fd7b3	sra	x15,x31,x1	 x31:0x0000000b  x1:0x0000000b x15=0x00000000
     1161462000	     57971	80004db2	00383e33	sltu	x28,x16,x3	 x16:0x00000000  x3:0x8002216c x28=0x00000001
     1161482000	     57972	80004db6	f3bea213	slti	x4,x29,-197	 x29:0xffffffff  x4=0x00000000
     1161502000	     57973	80004dba	8ce1	c.and	x9,x8	  x9:0x00000000  x8:0x77e00000  x9=0x00000000
     1161522000	     57974	80004dbc	00127863	bgeu	x4,x1,80004dcc	  x4:0x00000000  x1:0x0000000b
     1161542000	     57975	80004dc0	007b9d33	sll	x26,x23,x7	 x23:0x00000000  x7:0x00000001 x26=0x00000000
     1161562000	     57976	80004dc4	017be963	bltu	x23,x23,80004dd6	 x23:0x00000000 x23:0x00000000
     1161962000	     57996	80004dc8	4969	c.li	x18,26	 x18=0x0000001a
     1161982000	     57997	80004dca	ec99	c.bnez	x9,80004de8	  x9:0x00000000
     1162342000	     58015	80004dcc	9bf2	c.add	x23,x28	 x23:0x00000000 x28:0x00000001 x23=0x00000001
     1162762000	     58036	80004dce	40c2d133	sra	x2,x5,x12	  x5:0xfffffda7 x12:0x00000000  x2=0xfffffda7
     1162782000	     58037	80004dd2	8469	c.srai	x8,0x1a	  x8:0x77e00000  x8=0x0000001d
     1163182000	     58057	80004dd4	9bfd	c.andi	x15,-1	 x15:0x00000000 x15=0x00000000
     1163202000	     58058	80004dd6	862d	c.srai	x12,0xb	 x12:0x00000000 x12=0x00000000
     1163222000	     58059	80004dd8	049cd463	bge	x25,x9,80004e20	 x25:0x80025ce4  x9:0x00000000
     1163242000	     58060	80004ddc	50858693	addi	x13,x11,1288	 x11:0x07fffd00 x13=0x08000208
     1163322000	     58064	80004de0	01cf9eb3	sll	x29,x31,x28	 x31:0x0000000b x28:0x00000001 x29=0x00000016
     1163382000	     58067	80004de4	395be513	ori	x10,x23,917	 x23:0x00000001 x10=0x00000395
     1163402000	     58068	80004de8	67ddbe13	sltiu	x28,x27,1661	 x27:0x00064000 x28=0x00000000
     1163422000	     58069	80004dec	00779693	slli	x13,x15,0x7	 x15:0x00000000 x13=0x00000000
     1163622000	     58079	80004df0	04a56263	bltu	x10,x10,80004e34	 x10:0x00000395 x10:0x00000395
     1163882000	     58092	80004df4	01790563	beq	x18,x23,80004dfe	 x18:0x0000001a x23:0x00000001
     1164262000	     58111	80004df8	8cb1	c.xor	x9,x12	  x9:0x00000000 x12:0x00000000  x9=0x00000000
     1164282000	     58112	80004dfa	8e55	c.or	x12,x13	 x12:0x00000000 x13:0x00000000 x12=0x00000000
     1164302000	     58113	80004dfc	8eda	c.mv	x29,x22	  x0:0x00000000 x22:0x00000001 x29=0x00000001
     1164322000	     58114	80004dfe	05b9d163	bge	x19,x27,80004e40	 x19:0x80021df8 x27:0x00064000
     1164342000	     58115	80004e02	0000100f	fence.i	
     1164722000	     58134	80004e06	02c05f63	bge	x0,x12,80004e44	  x0:0x00000000 x12:0x00000000
     1165682000	     58182	80004e44	03734633	div	x12,x6,x23	  x6:0x00014000 x23:0x00000001 x12=0x00014000
     1165702000	     58183	80004e48	0562	c.slli	x10,0x18	 x10:0x00000395 x10=0x95000000
     1165722000	     58184	80004e4a	4d3eca13	xori	x20,x29,1235	 x29:0x00000001 x20=0x000004d2
     1165742000	     58185	80004e4e	03f17563	bgeu	x2,x31,80004e78	  x2:0xfffffda7 x31:0x0000000b
     1165822000	     58189	80004e78	00bb1363	bne	x22,x11,80004e7e	 x22:0x00000001 x11:0x07fffd00
     1165862000	     58191	80004e7e	955a	c.add	x10,x22	 x10:0x95000000 x22:0x00000001 x10=0x95000001
     1165962000	     58196	80004e80	04014063	blt	x2,x0,80004ec0	  x2:0xfffffda7  x0:0x00000000
     1166902000	     58243	80004ec0	008ec0b3	xor	x1,x29,x8	 x29:0x00000001  x8:0x0000001d  x1=0x0000001c
     1166922000	     58244	80004ec4	0139d0b3	srl	x1,x19,x19	 x19:0x80021df8 x19:0x80021df8  x1=0x00000080
     1167682000	     58282	80004ec8	02ee5b33	divu	x22,x28,x14	 x28:0x00000000 x14:0x00000001 x22=0x00000000
     1167702000	     58283	80004ecc	6f2d	c.lui	x30,0xb	 x30=0x0000b000
     1167722000	     58284	80004ece	00346bb3	or	x23,x8,x3	  x8:0x0000001d  x3:0x8002216c x23=0x8002217d
     1167742000	     58285	80004ed2	8225	c.srli	x12,0x9	 x12:0x00014000 x12=0x000000a0
     1167762000	     58286	80004ed4	9e84c713	xori	x14,x9,-1560	  x9:0x00000000 x14=0xfffff9e8
     1167782000	     58287	80004ed8	0d31	c.addi	x26,12	 x26:0x00000000 x26=0x0000000c
     1167802000	     58288	80004eda	0171e563	bltu	x3,x23,80004ee4	  x3:0x8002216c x23:0x8002217d
     1167842000	     58290	80004ee4	8fb5	c.xor	x15,x13	 x15:0x00000000 x13:0x00000000 x15=0x00000000
     1167862000	     58291	80004ee6	ef1d	c.bnez	x14,80004f24	 x14:0xfffff9e8
     1167922000	     58294	80004f24	042144b7	lui	x9,0x4214	  x9=0x04214000
     1167942000	     58295	80004f28	ddd0e413	ori	x8,x1,-547	  x1:0x00000080  x8=0xfffffddd
     1168122000	     58304	80004f2c	0001	c.addi	x0,0	  x0:0x00000000  x0=0x00000000
     1168142000	     58305	80004f2e	07698063	beq	x19,x22,80004f8e	 x19:0x80021df8 x22:0x00000000
     1168202000	     58308	80004f32	40f1d393	srai	x7,x3,0xf	  x3:0x8002216c  x7=0xffff0004
     1168282000	     58312	80004f36	01111563	bne	x2,x17,80004f40	  x2:0xfffffda7 x17:0xffffffff
     1168722000	     58334	80004f40	004b0eb3	add	x29,x22,x4	 x22:0x00000000  x4:0x00000000 x29=0x00000000
     1168902000	     58343	80004f44	8341	c.srli	x14,0x10	 x14:0xfffff9e8 x14=0x0000ffff
     1168922000	     58344	80004f46	0001	c.addi	x0,0	  x0:0x00000000  x0=0x00000000
     1168942000	     58345	80004f48	02298633	mul	x12,x19,x2	 x19:0x80021df8  x2:0xfffffda7 x12=0x7b07a4c8
     1168982000	     58347	80004f4c	8ef9	c.and	x13,x14	 x13:0x00000000 x14:0x0000ffff x13=0x00000000
     1169022000	     58349	80004f4e	03114a63	blt	x2,x17,80004f82	  x2:0xfffffda7 x17:0xffffffff
     1169462000	     58371	80004f82	0ff0000f	fence	iorw,iorw	
     1169482000	     58372	80004f86	6daac813	xori	x16,x21,1754	 x21:0x00000000 x16=0x000006da
     1170222000	     58409	80004f8a	03715233	divu	x4,x2,x23	  x2:0xfffffda7 x23:0x8002217d  x4=0x00000001
     1170242000	     58410	80004f8e	9770c113	xori	x2,x1,-1673	  x1:0x00000080  x2=0xfffff9f7
     1170262000	     58411	80004f92	25369097	auipc	x1,0x25369	  x1=0xa536df92
     1171002000	     58448	80004f96	03adff33	remu	x30,x27,x26	 x27:0x00064000 x26:0x0000000c x30=0x00000004
     1171022000	     58449	80004f9a	0000100f	fence.i	
     1171102000	     58453	80004f9e	0446	c.slli	x8,0x11	  x8:0xfffffddd  x8=0xfbba0000
     1171122000	     58454	80004fa0	8ee5	c.and	x13,x9	 x13:0x00000000  x9:0x04214000 x13=0x00000000
     1171142000	     58455	80004fa2	03279a63	bne	x15,x18,80004fd6	 x15:0x00000000 x18:0x0000001a
     1171662000	     58481	80004fd6	01125533	srl	x10,x4,x17	  x4:0x00000001 x17:0xffffffff x10=0x00000000
     1171682000	     58482	80004fda	0055beb3	sltu	x29,x11,x5	 x11:0x07fffd00  x5:0xfffffda7 x29=0x00000001
     1172102000	     58503	80004fde	02c00133	mul	x2,x0,x12	  x0:0x00000000 x12:0x7b07a4c8  x2=0x00000000
     1172122000	     58504	80004fe2	015e83b3	add	x7,x29,x21	 x29:0x00000001 x21:0x00000000  x7=0x00000001
     1172142000	     58505	80004fe6	8875	c.andi	x8,29	  x8:0xfbba0000  x8=0x00000000
     1172162000	     58506	80004fe8	2962dc37	lui	x24,0x2962d	 x24=0x2962d000
     1172342000	     58515	80004fec	12fd	c.addi	x5,-1	  x5:0xfffffda7  x5=0xfffffda6
     1172402000	     58518	80004fee	01d6c763	blt	x13,x29,80004ffc	 x13:0x00000000 x29:0x00000001
     1172742000	     58535	80004ffc	187d	c.addi	x16,-1	 x16:0x000006da x16=0x000006d9
     1172762000	     58536	80004ffe	01f55393	srli	x7,x10,0x1f	 x10:0x00000000  x7=0x00000000
     1172782000	     58537	80005002	a674a493	slti	x9,x9,-1433	  x9:0x04214000  x9=0x00000000
     1172922000	     58544	80005006	eeb78e13	addi	x28,x15,-277	 x15:0x00000000 x28=0xfffffeeb
     1173882000	     58592	8000500a	02c5c733	div	x14,x11,x12	 x11:0x07fffd00 x12:0x7b07a4c8 x14=0x00000000
     1173922000	     58594	8000500e	0277b633	mulhu	x12,x15,x7	 x15:0x00000000  x7:0x00000000 x12=0x00000000
     1173942000	     58595	80005012	c822fd13	andi	x26,x5,-894	  x5:0xfffffda6 x26=0xfffffc82
     1173962000	     58596	80005016	012ed593	srli	x11,x29,0x12	 x29:0x00000001 x11=0x00000000
     1174862000	     58641	8000501a	038bd333	divu	x6,x23,x24	 x23:0x8002217d x24:0x2962d000  x6=0x00000003
     1174882000	     58642	8000501e	005bba33	sltu	x20,x23,x5	 x23:0x8002217d  x5:0xfffffda6 x20=0x00000001
     1174922000	     58644	80005022	03b913b3	mulh	x7,x18,x27	 x18:0x0000001a x27:0x00064000  x7=0x00000000
     1174942000	     58645	80005026	11fd	c.addi	x3,-1	  x3:0x8002216c  x3=0x8002216b
     1175682000	     58682	80005028	03257a33	remu	x20,x10,x18	 x10:0x00000000 x18:0x0000001a x20=0x00000000
     1175702000	     58683	8000502c	0001	c.addi	x0,0	  x0:0x00000000  x0=0x00000000
     1175722000	     58684	8000502e	012b0663	beq	x22,x18,8000503a	 x22:0x00000000 x18:0x0000001a
     1175742000	     58685	80005032	00194763	blt	x18,x1,80005040	 x18:0x0000001a  x1:0xa536df92
     1175762000	     58686	80005036	8451	c.srai	x8,0x14	  x8:0x00000000  x8=0x00000000
     1175782000	     58687	80005038	834d	c.srli	x14,0x13	 x14:0x00000000 x14=0x00000000
     1175802000	     58688	8000503a	00ee9c13	slli	x24,x29,0xe	 x29:0x00000001 x24=0x00004000
     1175822000	     58689	8000503e	8265	c.srli	x12,0x19	 x12:0x00000000 x12=0x00000000
     1176162000	     58706	80005040	ce85	c.beqz	x13,80005078	 x13:0x00000000
     1176582000	     58727	80005078	8d85	c.sub	x11,x9	 x11:0x00000000  x9:0x00000000 x11=0x00000000
     1177002000	     58748	8000507a	da769197	auipc	x3,0xda769	  x3=0x5a76e07a
     1177102000	     58753	8000507e	00b47633	and	x12,x8,x11	  x8:0x00000000 x11:0x00000000 x12=0x00000000
     1177142000	     58755	80005082	02bbd933	divu	x18,x23,x11	 x23:0x8002217d x11:0x00000000 x18=0xffffffff
     1183342000	     59065	80005086	e5c1cc13	xori	x24,x3,-420	  x3:0x5a76e07a x24=0xa5891e26
     1183362000	     59066	8000508a	03d10c63	beq	x2,x29,800050c2	  x2:0x00000000 x29:0x00000001
     1183382000	     59067	8000508e	0c72	c.slli	x24,0x1c	 x24:0xa5891e26 x24=0x60000000
     1183402000	     59068	80005090	02e3cf63	blt	x7,x14,800050ce	  x7:0x00000000 x14:0x00000000
     1183422000	     59069	80005094	8196	c.mv	x3,x5	  x0:0x00000000  x5:0xfffffda6  x3=0xfffffda6
     1183762000	     59086	80005096	0ff0000f	fence	iorw,iorw	
     1183782000	     59087	8000509a	8dda	c.mv	x27,x22	  x0:0x00000000 x22:0x00000000 x27=0x00000000
     1183802000	     59088	8000509c	c689	c.beqz	x13,800050a6	 x13:0x00000000
     1184322000	     59114	800050a6	0001	c.addi	x0,0	  x0:0x00000000  x0=0x00000000
     1184602000	     59128	800050a8	00a39763	bne	x7,x10,800050b6	  x7:0x00000000 x10:0x00000000
     1184862000	     59141	800050ac	8fe9	c.and	x15,x10	 x15:0x00000000 x10:0x00000000 x15=0x00000000
     1184882000	     59142	800050ae	0079f733	and	x14,x19,x7	 x19:0x80021df8  x7:0x00000000 x14=0x00000000
     1184982000	     59147	800050b2	54034b37	lui	x22,0x54034	 x22=0x54034000
     1185102000	     59153	800050b6	010f5613	srli	x12,x30,0x10	 x30:0x00000004 x12=0x00000000
     1185142000	     59155	800050ba	0330ad33	mulhsu	x26,x1,x19	  x1:0xa536df92 x19:0x80021df8 x26=0xd29aaf96
     1185542000	     59175	800050be	9ed4b093	sltiu	x1,x9,-1555	  x9:0x00000000  x1=0x00000001
     1185562000	     59176	800050c2	8f06	c.mv	x30,x1	  x0:0x00000000  x1:0x00000001 x30=0x00000001
     1185582000	     59177	800050c4	018a3633	sltu	x12,x20,x24	 x20:0x00000000 x24:0x60000000 x12=0x00000001
     1185602000	     59178	800050c8	0001	c.addi	x0,0	  x0:0x00000000  x0=0x00000000
     1186342000	     59215	800050ca	02c2fe33	remu	x28,x5,x12	  x5:0xfffffda6 x12:0x00000001 x28=0x00000000
     1186362000	     59216	800050ce	8369	c.srli	x14,0x1a	 x14:0x00000000 x14=0x00000000
     1186382000	     59217	800050d0	69d8bd37	lui	x26,0x69d8b	 x26=0x69d8b000
     1186402000	     59218	800050d4	00e368b3	or	x17,x6,x14	  x6:0x00000003 x14:0x00000000 x17=0x00000003
     1186582000	     59227	800050d8	8bd6	c.mv	x23,x21	  x0:0x00000000 x21:0x00000000 x23=0x00000000
     1186602000	     59228	800050da	0ff0000f	fence	iorw,iorw	
     1186622000	     59229	800050de	01bcf233	and	x4,x25,x27	 x25:0x80025ce4 x27:0x00000000  x4=0x00000000
     1186642000	     59230	800050e2	01d98363	beq	x19,x29,800050e8	 x19:0x80021df8 x29:0x00000001
     1186662000	     59231	800050e6	099c	c.addi4spn	x15,x2,208	 x15=0x000000d0
     1186902000	     59243	800050e8	e3a9a693	slti	x13,x19,-454	 x19:0x80021df8 x13=0x00000001
     1186922000	     59244	800050ec	0006cf33	xor	x30,x13,x0	 x13:0x00000001  x0:0x00000000 x30=0x00000001
     1187302000	     59263	800050f0	c08fe393	ori	x7,x31,-1016	 x31:0x0000000b  x7=0xfffffc0b
     1187322000	     59264	800050f4	02e3f063	bgeu	x7,x14,80005114	  x7:0xfffffc0b x14:0x00000000
     1188602000	     59328	80005114	d0307793	andi	x15,x0,-765	  x0:0x00000000 x15=0x00000000
     1188702000	     59333	80005118	0000100f	fence.i	
     1189162000	     59356	8000511c	01e40e63	beq	x8,x30,80005138	  x8:0x00000000 x30:0x00000001
     1189182000	     59357	80005120	0000100f	fence.i	
     1189622000	     59379	80005124	0164e1b3	or	x3,x9,x22	  x9:0x00000000 x22:0x54034000  x3=0x54034000
     1189662000	     59381	80005128	02e324b3	mulhsu	x9,x6,x14	  x6:0x00000003 x14:0x00000000  x9=0x00000000
     1189682000	     59382	8000512c	01bdbb33	sltu	x22,x27,x27	 x27:0x00000000 x27:0x00000000 x22=0x00000000
     1190802000	     59438	80005130	033452b3	divu	x5,x8,x19	  x8:0x00000000 x19:0x80021df8  x5=0x00000000
     1190822000	     59439	80005134	04074163	blt	x14,x0,80005176	 x14:0x00000000  x0:0x00000000
     1190842000	     59440	80005138	0180de63	bge	x1,x24,80005154	  x1:0x00000001 x24:0x60000000
     1190862000	     59441	8000513c	60a5	c.lui	x1,0x9	  x1=0x00009000
     1190882000	     59442	8000513e	c2a1	c.beqz	x13,8000517e	 x13:0x00000001
     1190902000	     59443	80005140	98fd	c.andi	x9,-1	  x9:0x00000000  x9=0x00000000
     1190922000	     59444	80005142	309a7db7	lui	x27,0x309a7	 x27=0x309a7000
     1190942000	     59445	80005146	0001	c.addi	x0,0	  x0:0x00000000  x0=0x00000000
     1190962000	     59446	80005148	0026d263	bge	x13,x2,8000514c	 x13:0x00000001  x2:0x00000000
     1191442000	     59470	8000514c	00b6bbb3	sltu	x23,x13,x11	 x13:0x00000001 x11:0x00000000 x23=0x00000000
     1191522000	     59474	80005150	41e10433	sub	x8,x2,x30	  x2:0x00000000 x30:0x00000001  x8=0xffffffff
     1191742000	     59485	80005154	03523433	mulhu	x8,x4,x21	  x4:0x00000000 x21:0x00000000  x8=0x00000000
     1191762000	     59486	80005158	84a5	c.srai	x9,0x9	  x9:0x00000000  x9=0x00000000
     1191802000	     59488	8000515a	03192033	mulhsu	x0,x18,x17	 x18:0xffffffff x17:0x00000003  x0=0x00000000
     1192182000	     59507	8000515e	00711463	bne	x2,x7,80005166	  x2:0x00000000  x7:0xfffffc0b
     1192862000	     59541	80005166	0345f333	remu	x6,x11,x20	 x11:0x00000000 x20:0x00000000  x6=0x00000000
     1192882000	     59542	8000516a	c185	c.beqz	x11,8000518a	 x11:0x00000000
     1193162000	     59556	8000518a	02ee8133	mul	x2,x29,x14	 x29:0x00000001 x14:0x00000000  x2=0x00000000
     1193182000	     59557	8000518e	03387463	bgeu	x16,x19,800051b6	 x16:0x000006d9 x19:0x80021df8
     1193622000	     59579	80005192	020bf333	remu	x6,x23,x0	 x23:0x00000000  x0:0x00000000  x6=0x00000000
     1193642000	     59580	80005196	05f5	c.addi	x11,29	 x11:0x00000000 x11=0x0000001d
     1193662000	     59581	80005198	e715	c.bnez	x14,800051c4	 x14:0x00000000
     1194002000	     59598	8000519a	037454b3	divu	x9,x8,x23	  x8:0x00000000 x23:0x00000000  x9=0xffffffff
     1194382000	     59617	8000519e	41fb02b3	sub	x5,x22,x31	 x22:0x00000000 x31:0x0000000b  x5=0xfffffff5
     1194402000	     59618	800051a2	00a5dbb3	srl	x23,x11,x10	 x11:0x0000001d x10:0x00000000 x23=0x0000001d
     1195442000	     59670	800051a6	03755233	divu	x4,x10,x23	 x10:0x00000000 x23:0x0000001d  x4=0x00000000
     1195462000	     59671	800051aa	04fbc063	blt	x23,x15,800051ea	 x23:0x0000001d x15:0x00000000
     1195482000	     59672	800051ae	0001	c.addi	x0,0	  x0:0x00000000  x0=0x00000000
     1195502000	     59673	800051b0	a40ded93	ori	x27,x27,-1472	 x27:0x309a7000 x27=0xfffffa40
     1195522000	     59674	800051b4	717d	c.addi16sp	x2,-16	  x2:0x00000000  x2=0xfffffff0
     1195542000	     59675	800051b6	c357f613	andi	x12,x15,-971	 x15:0x00000000 x12=0x00000000
     1195562000	     59676	800051ba	8bf1	c.andi	x15,28	 x15:0x00000000 x15=0x00000000
     1195582000	     59677	800051bc	d0144a93	xori	x21,x8,-767	  x8:0x00000000 x21=0xfffffd01
     1195982000	     59697	800051c0	2073ba93	sltiu	x21,x7,519	  x7:0xfffffc0b x21=0x00000000
     1196002000	     59698	800051c4	8fb1	c.xor	x15,x12	 x15:0x00000000 x12:0x00000000 x15=0x00000000
     1196022000	     59699	800051c6	035fdf63	bge	x31,x21,80005204	 x31:0x0000000b x21:0x00000000
     1196442000	     59720	80005204	8dad	c.xor	x11,x11	 x11:0x0000001d x11:0x0000001d x11=0x00000000
     1196462000	     59721	80005206	0ea1	c.addi	x29,8	 x29:0x00000001 x29=0x00000009
     1196622000	     59729	80005208	8e15	c.sub	x12,x13	 x12:0x00000000 x13:0x00000001 x12=0xffffffff
     1196802000	     59738	8000520a	03ecbe33	mulhu	x28,x25,x30	 x25:0x80025ce4 x30:0x00000001 x28=0x00000000
     1196842000	     59740	8000520e	0352d133	divu	x2,x5,x21	  x5:0xfffffff5 x21:0x00000000  x2=0xffffffff
     1196862000	     59741	80005212	0ff0000f	fence	iorw,iorw	
     1197142000	     59755	80005216	00aad663	bge	x21,x10,80005222	 x21:0x00000000 x10:0x00000000
     1197842000	     59790	80005222	02389ab3	mulh	x21,x17,x3	 x17:0x00000003  x3:0x54034000 x21=0x00000000
     1197862000	     59791	80005226	03220433	mul	x8,x4,x18	  x4:0x00000000 x18:0xffffffff  x8=0x00000000
     1198262000	     59811	8000522a	74198d13	addi	x26,x19,1857	 x19:0x80021df8 x26=0x80022539
     1198282000	     59812	8000522e	8809	c.andi	x8,2	  x8:0x00000000  x8=0x00000000
     1198462000	     59821	80005230	0000100f	fence.i	
     1199382000	     59867	80005234	0168d693	srli	x13,x17,0x16	 x17:0x00000003 x13=0x00000000
     1199482000	     59872	80005238	4475	c.li	x8,29	  x8=0x0000001d
     1199502000	     59873	8000523a	8dd5	c.or	x11,x13	 x11:0x00000000 x13:0x00000000 x11=0x00000000
     1199602000	     59878	8000523c	02e1a4b3	mulhsu	x9,x3,x14	  x3:0x54034000 x14:0x00000000  x9=0x00000000
     1199722000	     59884	80005240	00471a13	slli	x20,x14,0x4	 x14:0x00000000 x20=0x00000000
     1199742000	     59885	80005244	0001	c.addi	x0,0	  x0:0x00000000  x0=0x00000000
     1199762000	     59886	80005246	8d3d	c.xor	x10,x15	 x10:0x00000000 x15:0x00000000 x10=0x00000000
     1199962000	     59896	80005248	036f5333	divu	x6,x30,x22	 x30:0x00000001 x22:0x00000000  x6=0xffffffff
     1200362000	     59916	8000524c	ea9db693	sltiu	x13,x27,-343	 x27:0xfffffa40 x13=0x00000001
     1200402000	     59918	80005250	184c0413	addi	x8,x24,388	 x24:0x60000000  x8=0x60000184
     1200602000	     59928	80005254	c3650a93	addi	x21,x10,-970	 x10:0x00000000 x21=0xfffffc36
     1200622000	     59929	80005258	02b6fb63	bgeu	x13,x11,8000528e	 x13:0x00000001 x11:0x00000000
     1201102000	     59953	8000528e	0001	c.addi	x0,0	  x0:0x00000000  x0=0x00000000
     1201122000	     59954	80005290	00d16863	bltu	x2,x13,800052a0	  x2:0xffffffff x13:0x00000001
     1201302000	     59963	80005294	d8a02d93	slti	x27,x0,-630	  x0:0x00000000 x27=0x00000000
     1201322000	     59964	80005298	6a44f713	andi	x14,x9,1700	  x9:0x00000000 x14=0x00000000
     1201342000	     59965	8000529c	02e583b3	mul	x7,x11,x14	 x11:0x00000000 x14:0x00000000  x7=0x00000000
     1201402000	     59968	800052a0	fa920513	addi	x10,x4,-87	  x4:0x00000000 x10=0xffffffa9
     1201422000	     59969	800052a4	463b8d93	addi	x27,x23,1123	 x23:0x0000001d x27=0x00000480
     1201442000	     59970	800052a8	00c292b3	sll	x5,x5,x12	  x5:0xfffffff5 x12:0xffffffff  x5=0x80000000
     1201462000	     59971	800052ac	01cd1563	bne	x26,x28,800052b6	 x26:0x80022539 x28:0x00000000
     1201722000	     59984	800052b6	0000100f	fence.i	
     1201822000	     59989	800052ba	0ff0000f	fence	iorw,iorw	
     1201842000	     59990	800052be	02268833	mul	x16,x13,x2	 x13:0x00000001  x2:0xffffffff x16=0xffffffff
     1201862000	     59991	800052c2	8db9	c.xor	x11,x14	 x11:0x00000000 x14:0x00000000 x11=0x00000000
     1202262000	     60011	800052c4	8f45	c.or	x14,x9	 x14:0x00000000  x9:0x00000000 x14=0x00000000
     1202282000	     60012	800052c6	0108	c.addi4spn	x10,x2,128	 x10=0x0000007f
     1202302000	     60013	800052c8	0f62	c.slli	x30,0x18	 x30:0x00000001 x30=0x01000000
     1202462000	     60021	800052ca	0102b333	sltu	x6,x5,x16	  x5:0x80000000 x16:0xffffffff  x6=0x00000001
     1202482000	     60022	800052ce	8fe5	c.and	x15,x9	 x15:0x00000000  x9:0x00000000 x15=0x00000000
     1202682000	     60032	800052d0	02e25763	bge	x4,x14,800052fe	  x4:0x00000000 x14:0x00000000
     1203342000	     60065	800052fe	035f15b3	mulh	x11,x30,x21	 x30:0x01000000 x21:0xfffffc36 x11=0xfffffffc
     1203362000	     60066	80005302	0998	c.addi4spn	x14,x2,208	 x14=0x000000cf
     1203382000	     60067	80005304	0010e2b3	or	x5,x1,x1	  x1:0x00009000  x1:0x00009000  x5=0x00009000
     1203442000	     60070	80005308	c789	c.beqz	x15,80005312	 x15:0x00000000
     1203902000	     60093	80005312	0000100f	fence.i	
     1204482000	     60122	80005316	03828c63	beq	x5,x24,8000534e	  x5:0x00009000 x24:0x60000000
     1204522000	     60124	8000531a	034e51b3	divu	x3,x28,x20	 x28:0x00000000 x20:0x00000000  x3=0xffffffff
     1204562000	     60126	8000531e	016a6033	or	x0,x20,x22	 x20:0x00000000 x22:0x00000000  x0=0x00000000
     1204922000	     60144	80005322	03b296b3	mulh	x13,x5,x27	  x5:0x00009000 x27:0x00000480 x13=0x00000000
     1204962000	     60146	80005326	0184c8b3	xor	x17,x9,x24	  x9:0x00000000 x24:0x60000000 x17=0x60000000
     1204982000	     60147	8000532a	00f17433	and	x8,x2,x15	  x2:0xffffffff x15:0x00000000  x8=0x00000000
     1205202000	     60158	8000532e	05bb9363	bne	x23,x27,80005374	 x23:0x0000001d x27:0x00000480
     1205422000	     60169	80005374	001b1b93	slli	x23,x22,0x1	 x22:0x00000000 x23=0x00000000
     1205442000	     60170	80005378	8ba5	c.andi	x15,9	 x15:0x00000000 x15=0x00000000
     1205462000	     60171	8000537a	e51d	c.bnez	x10,800053a8	 x10:0x0000007f
     1205702000	     60183	800053a8	9a6e	c.add	x20,x27	 x20:0x00000000 x27:0x00000480 x20=0x00000480
     1205722000	     60184	800053aa	8ebd	c.xor	x13,x15	 x13:0x00000000 x15:0x00000000 x13=0x00000000
     1206022000	     60199	800053ac	a58c6913	ori	x18,x24,-1448	 x24:0x60000000 x18=0xfffffa58
     1206062000	     60201	800053b0	036322b3	mulhsu	x5,x6,x22	  x6:0x00000001 x22:0x00000000  x5=0x00000000
     1206082000	     60202	800053b4	00a1ebb3	or	x23,x3,x10	  x3:0xffffffff x10:0x0000007f x23=0xffffffff
     1206102000	     60203	800053b8	01ef4563	blt	x30,x30,800053c2	 x30:0x01000000 x30:0x01000000
     1206222000	     60209	800053bc	41e7da93	srai	x21,x15,0x1e	 x15:0x00000000 x21=0x00000000
     1206242000	     60210	800053c0	8ac2	c.mv	x21,x16	  x0:0x00000000 x16:0xffffffff x21=0xffffffff
     1206302000	     60213	800053c2	41620ab3	sub	x21,x4,x22	  x4:0x00000000 x22:0x00000000 x21=0x00000000
     1206322000	     60214	800053c6	99fd	c.andi	x11,-1	 x11:0xfffffffc x11=0xfffffffc
     1206702000	     60233	800053c8	c609	c.beqz	x12,800053d2	 x12:0xffffffff
     1207042000	     60250	800053ca	00d3f3b3	and	x7,x7,x13	  x7:0x00000000 x13:0x00000000  x7=0x00000000
     1207062000	     60251	800053ce	31987813	andi	x16,x16,793	 x16:0xffffffff x16=0x00000319
     1207202000	     60258	800053d2	36c598b7	lui	x17,0x36c59	 x17=0x36c59000
     1207282000	     60262	800053d6	8a65c193	xori	x3,x11,-1882	 x11:0xfffffffc  x3=0x0000075a
     1207302000	     60263	800053da	8949	c.andi	x10,18	 x10:0x0000007f x10=0x00000012
     1207722000	     60284	800053dc	02716033	rem	x0,x2,x7	  x2:0xffffffff  x7:0x00000000  x0=0x00000000
     1207742000	     60285	800053e0	0ff0000f	fence	iorw,iorw	
     1208142000	     60305	800053e4	8fd1	c.or	x15,x12	 x15:0x00000000 x12:0xffffffff x15=0xffffffff
     1208162000	     60306	800053e6	8ffd	c.and	x15,x15	 x15:0xffffffff x15:0xffffffff x15=0xffffffff
     1208382000	     60317	800053e8	035e5533	divu	x10,x28,x21	 x28:0x00000000 x21:0x00000000 x10=0xffffffff
     1209122000	     60354	800053ec	03e4f433	remu	x8,x9,x30	  x9:0x00000000 x30:0x01000000  x8=0x00000000
     1209142000	     60355	800053f0	01f65813	srli	x16,x12,0x1f	 x12:0xffffffff x16=0x00000001
     1209162000	     60356	800053f4	41a8d893	srai	x17,x17,0x1a	 x17:0x36c59000 x17=0x0000000d
     1209182000	     60357	800053f8	410fda33	sra	x20,x31,x16	 x31:0x0000000b x16:0x00000001 x20=0x00000005
     1209202000	     60358	800053fc	0001	c.addi	x0,0	  x0:0x00000000  x0=0x00000000
     1209242000	     60360	800053fe	0291d433	divu	x8,x3,x9	  x3:0x0000075a  x9:0x00000000  x8=0xffffffff
     1209262000	     60361	80005402	187d	c.addi	x16,-1	 x16:0x00000001 x16=0x00000000
     1209282000	     60362	80005404	86a5	c.srai	x13,0x9	 x13:0x00000000 x13=0x00000000
     1209302000	     60363	80005406	0001	c.addi	x0,0	  x0:0x00000000  x0=0x00000000
     1209662000	     60381	80005408	0ff0000f	fence	iorw,iorw	
     1209842000	     60390	8000540c	003ee833	or	x16,x29,x3	 x29:0x00000009  x3:0x0000075a x16=0x0000075b
     1209862000	     60391	80005410	8cd1	c.or	x9,x12	  x9:0x00000000 x12:0xffffffff  x9=0xffffffff
     1209882000	     60392	80005412	079c	c.addi4spn	x15,x2,960	 x15=0x000003bf
     1209922000	     60394	80005414	0178ae33	slt	x28,x17,x23	 x17:0x0000000d x23:0xffffffff x28=0x00000000
     1210342000	     60415	80005418	03f5	c.addi	x7,29	  x7:0x00000000  x7=0x0000001d
     1210762000	     60436	8000541a	2857fd93	andi	x27,x15,645	 x15:0x000003bf x27=0x00000285
     1210962000	     60446	8000541e	00ec1e33	sll	x28,x24,x14	 x24:0x60000000 x14:0x000000cf x28=0x00000000
     1211002000	     60448	80005422	00eb93b3	sll	x7,x23,x14	 x23:0xffffffff x14:0x000000cf  x7=0xffff8000
     1211022000	     60449	80005426	948a	c.add	x9,x2	  x9:0xffffffff  x2:0xffffffff  x9=0xfffffffe
     1211062000	     60451	80005428	411486b3	sub	x13,x9,x17	  x9:0xfffffffe x17:0x0000000d x13=0xfffffff1
     1211082000	     60452	8000542c	6159	c.addi16sp	x2,400	  x2:0xffffffff  x2=0x0000018f
     1211122000	     60454	8000542e	02ce9eb3	mulh	x29,x29,x12	 x29:0x00000009 x12:0xffffffff x29=0xffffffff
     1211142000	     60455	80005432	8e61	c.and	x12,x8	 x12:0xffffffff  x8:0xffffffff x12=0xffffffff
     1211302000	     60463	80005434	03942133	mulhsu	x2,x8,x25	  x8:0xffffffff x25:0x80025ce4  x2=0xffffffff
     1211722000	     60484	80005438	035136b3	mulhu	x13,x2,x21	  x2:0xffffffff x21:0x00000000 x13=0x00000000
     1211742000	     60485	8000543c	07fe	c.slli	x15,0x1f	 x15:0x000003bf x15=0x80000000
     1211862000	     60491	8000543e	2b50b3b7	lui	x7,0x2b50b	  x7=0x2b50b000
     1211882000	     60492	80005442	9ad6dab7	lui	x21,0x9ad6d	 x21=0x9ad6d000
     1212082000	     60502	80005446	0000100f	fence.i	
     1213002000	     60548	8000544a	0243f163	bgeu	x7,x4,8000546c	  x7:0x2b50b000  x4:0x00000000
     1213262000	     60561	8000546c	01b91833	sll	x16,x18,x27	 x18:0xfffffa58 x27:0x00000285 x16=0xffff4b00
     1213642000	     60580	80005470	ebaa8193	addi	x3,x21,-326	 x21:0x9ad6d000  x3=0x9ad6ceba
     1214062000	     60601	80005474	035010b3	mulh	x1,x0,x21	  x0:0x00000000 x21:0x9ad6d000  x1=0x00000000
     1214322000	     60614	80005478	02bfb1b3	mulhu	x3,x31,x11	 x31:0x0000000b x11:0xfffffffc  x3=0x0000000a
     1214722000	     60634	8000547c	8299	c.srli	x13,0x6	 x13:0x00000000 x13=0x00000000
     1214742000	     60635	8000547e	e039	c.bnez	x8,800054c4	  x8:0xffffffff
     1215622000	     60679	800054c4	ca8d	c.beqz	x13,800054f6	 x13:0x00000000
     1215902000	     60693	800054f6	6afd	c.lui	x21,0x1f	 x21=0x0001f000
     1216042000	     60700	800054f8	02304f63	blt	x0,x3,80005536	  x0:0x00000000  x3:0x0000000a
     1216382000	     60717	80005536	0001	c.addi	x0,0	  x0:0x00000000  x0=0x00000000
     1216402000	     60718	80005538	00b1dab3	srl	x21,x3,x11	  x3:0x0000000a x11:0xfffffffc x21=0x00000000
     1216422000	     60719	8000553c	8096	c.mv	x1,x5	  x0:0x00000000  x5:0x00000000  x1=0x00000000
     1216442000	     60720	8000553e	0ff0000f	fence	iorw,iorw	
     1216462000	     60721	80005542	12e80013	addi	x0,x16,302	 x16:0xffff4b00  x0=0x00000000
     1216522000	     60724	80005546	00bf6c63	bltu	x30,x11,8000555e	 x30:0x01000000 x11:0xfffffffc
     1216862000	     60741	8000555e	fdffac13	slti	x24,x31,-33	 x31:0x0000000b x24=0x00000000
     1216882000	     60742	80005562	8d35	c.xor	x10,x13	 x10:0xffffffff x13:0x00000000 x10=0xffffffff
     1217622000	     60779	80005564	03bb6db3	rem	x27,x22,x27	 x22:0x00000000 x27:0x00000285 x27=0x00000000
     1217642000	     60780	80005568	8add	c.andi	x13,23	 x13:0x00000000 x13=0x00000000
     1217662000	     60781	8000556a	027ef163	bgeu	x29,x7,8000558c	 x29:0xffffffff  x7:0x2b50b000
     1217762000	     60786	8000558c	03d4a3b3	mulhsu	x7,x9,x29	  x9:0xfffffffe x29:0xffffffff  x7=0xfffffffe
     1217982000	     60797	80005590	b5edc193	xori	x3,x27,-1186	 x27:0x00000000  x3=0xfffffb5e
     1218002000	     60798	80005594	5b7d	c.li	x22,-1	 x22=0xffffffff
     1218642000	     60830	80005596	031b2233	mulhsu	x4,x22,x17	 x22:0xffffffff x17:0x0000000d  x4=0xffffffff
     1218662000	     60831	8000559a	00ce9563	bne	x29,x12,800055a4	 x29:0xffffffff x12:0xffffffff
     1218682000	     60832	8000559e	01a8bab3	sltu	x21,x17,x26	 x17:0x0000000d x26:0x80022539 x21=0x00000001
     1218702000	     60833	800055a2	0001	c.addi	x0,0	  x0:0x00000000  x0=0x00000000
     1218742000	     60835	800055a4	5b7d	c.li	x22,-1	 x22=0xffffffff
     1219142000	     60855	800055a6	018fceb3	xor	x29,x31,x24	 x31:0x0000000b x24:0x00000000 x29=0x0000000b
     1219322000	     60864	800055aa	00d688b3	add	x17,x13,x13	 x13:0x00000000 x13:0x00000000 x17=0x00000000
     1219602000	     60878	800055ae	01a4e633	or	x12,x9,x26	  x9:0xfffffffe x26:0x80022539 x12=0xffffffff
     1219742000	     60885	800055b2	40730db3	sub	x27,x6,x7	  x6:0x00000001  x7:0xfffffffe x27=0x00000003
     1220162000	     60906	800055b6	01912e33	slt	x28,x2,x25	  x2:0xffffffff x25:0x80025ce4 x28=0x00000000
     1220182000	     60907	800055ba	177d	c.addi	x14,-1	 x14:0x000000cf x14=0x000000ce
     1220302000	     60913	800055bc	8f2d	c.xor	x14,x11	 x14:0x000000ce x11:0xfffffffc x14=0xffffff32
     1220562000	     60926	800055be	02986863	bltu	x16,x9,800055ee	 x16:0xffff4b00  x9:0xfffffffe
     1229922000	     61394	800055ee	01db98b3	sll	x17,x23,x29	 x23:0xffffffff x29:0x0000000b x17=0xfffff800
     1229942000	     61395	800055f2	000bfeb3	and	x29,x23,x0	 x23:0xffffffff  x0:0x00000000 x29=0x00000000
     1229962000	     61396	800055f6	00b57763	bgeu	x10,x11,80005604	 x10:0xffffffff x11:0xfffffffc
     1230802000	     61438	80005604	0371f433	remu	x8,x3,x23	  x3:0xfffffb5e x23:0xffffffff  x8=0xfffffb5e
     1230842000	     61440	80005608	0206a0b3	mulhsu	x1,x13,x0	 x13:0x00000000  x0:0x00000000  x1=0x00000000
     1230862000	     61441	8000560c	5c1de113	ori	x2,x27,1473	 x27:0x00000003  x2=0x000005c3
     1230882000	     61442	80005610	14fd	c.addi	x9,-1	  x9:0xfffffffe  x9=0xfffffffd
     1230902000	     61443	80005612	ec717293	andi	x5,x2,-313	  x2:0x000005c3  x5=0x000004c3
     1230942000	     61445	80005616	029fb633	mulhu	x12,x31,x9	 x31:0x0000000b  x9:0xfffffffd x12=0x0000000a
     1230962000	     61446	8000561a	0001	c.addi	x0,0	  x0:0x00000000  x0=0x00000000
     1230982000	     61447	8000561c	8161	c.srli	x10,0x18	 x10:0xffffffff x10=0x000000ff
     1231002000	     61448	8000561e	717d	c.addi16sp	x2,-16	  x2:0x000005c3  x2=0x000005b3
     1231022000	     61449	80005620	8475	c.srai	x8,0x1d	  x8:0xfffffb5e  x8=0xffffffff
     1231402000	     61468	80005622	15fe1197	auipc	x3,0x15fe1	  x3=0x95fe6622
     1231522000	     61474	80005626	01b60c33	add	x24,x12,x27	 x12:0x0000000a x27:0x00000003 x24=0x0000000d
     1231942000	     61495	8000562a	1ce8ed93	ori	x27,x17,462	 x17:0xfffff800 x27=0xfffff9ce
     1231982000	     61497	8000562e	029731b3	mulhu	x3,x14,x9	 x14:0xffffff32  x9:0xfffffffd  x3=0xffffff2f
     1232002000	     61498	80005632	0f3e	c.slli	x30,0xf	 x30:0x01000000 x30=0x00000000
     1232022000	     61499	80005634	0c00	c.addi4spn	x8,x2,528	  x8=0x000007c3
     1232062000	     61501	80005636	0076d113	srli	x2,x13,0x7	 x13:0x00000000  x2=0x00000000
     1232102000	     61503	8000563a	036711b3	mulh	x3,x14,x22	 x14:0xffffff32 x22:0xffffffff  x3=0x00000000
     1232142000	     61505	8000563e	008afc33	and	x24,x21,x8	 x21:0x00000001  x8:0x000007c3 x24=0x00000001
     1232162000	     61506	80005642	8f7d	c.and	x14,x15	 x14:0xffffff32 x15:0x80000000 x14=0x80000000
     1232242000	     61510	80005644	0722f713	andi	x14,x5,114	  x5:0x000004c3 x14=0x00000042
     1232662000	     61531	80005648	8c09	c.sub	x8,x10	  x8:0x000007c3 x10:0x000000ff  x8=0x000006c4
     1232722000	     61534	8000564a	0049a603	lw	x12,4(x19)	 x19:0x80021df8 x12=0x800057d0 PA:0x80021dfc load:0x800057d0
     1232742000	     61535	8000564e	09f1	c.addi	x19,28	 x19:0x80021df8 x19=0x80021e14
     1232762000	     61536	80005650	0386	c.slli	x7,0x1	  x7:0xfffffffe  x7=0xfffffffc
     1232882000	     61542	80005652	00060f13	addi	x30,x12,0	 x12:0x800057d0 x30=0x800057d0
     1232902000	     61543	80005656	8f02	c.jr	x30	 x30:0x800057d0
     1233382000	     61567	800057d0	85fd	c.srai	x11,0x1f	 x11:0xfffffffc x11=0xffffffff
     1233402000	     61568	800057d2	4a322893	slti	x17,x4,1187	  x4:0xffffffff x17=0x00000001
     1233422000	     61569	800057d6	4391	c.li	x7,4	  x7=0x00000004
     1233462000	     61571	800057d8	02d720b3	mulhsu	x1,x14,x13	 x14:0x00000042 x13:0x00000000  x1=0x00000000
     1233602000	     61578	800057dc	037ef663	bgeu	x29,x23,80005808	 x29:0x00000000 x23:0xffffffff
     1234342000	     61615	800057e0	0281cf33	div	x30,x3,x8	  x3:0x00000000  x8:0x000006c4 x30=0x00000000
     1234362000	     61616	800057e4	3c45b113	sltiu	x2,x11,964	 x11:0xffffffff  x2=0x00000000
     1234382000	     61617	800057e8	8d85	c.sub	x11,x9	 x11:0xffffffff  x9:0xfffffffd x11=0x00000002
     1234402000	     61618	800057ea	011eb4b3	sltu	x9,x29,x17	 x29:0x00000000 x17:0x00000001  x9=0x00000001
     1234422000	     61619	800057ee	41c5	c.li	x3,17	  x3=0x00000011
     1234442000	     61620	800057f0	8bb1	c.andi	x15,12	 x15:0x80000000 x15=0x00000000
     1234462000	     61621	800057f2	0122	c.slli	x2,0x8	  x2:0x00000000  x2=0x00000000
     1234482000	     61622	800057f4	019b1563	bne	x22,x25,800057fe	 x22:0xffffffff x25:0x80025ce4
     1235922000	     61694	800057fe	02e7fdb3	remu	x27,x15,x14	 x15:0x00000000 x14:0x00000042 x27=0x00000000
     1235942000	     61695	80005802	011684b3	add	x9,x13,x17	 x13:0x00000000 x17:0x00000001  x9=0x00000001
     1235962000	     61696	80005806	8e7d	c.and	x12,x15	 x12:0x800057d0 x15:0x00000000 x12=0x00000000
     1235982000	     61697	80005808	147d	c.addi	x8,-1	  x8:0x000006c4  x8=0x000006c3
     1236022000	     61699	8000580a	02fac5b3	div	x11,x21,x15	 x21:0x00000001 x15:0x00000000 x11=0xffffffff
     1236042000	     61700	8000580e	fdeb77b7	lui	x15,0xfdeb7	 x15=0xfdeb7000
     1236062000	     61701	80005812	8f6d	c.and	x14,x11	 x14:0x00000042 x11:0xffffffff x14=0x00000042
     1236082000	     61702	80005814	127d	c.addi	x4,-1	  x4:0xffffffff  x4=0xfffffffe
     1236542000	     61725	80005816	0049a603	lw	x12,4(x19)	 x19:0x80021e14 x12=0x8000588a PA:0x80021e18 load:0x8000588a
     1236562000	     61726	8000581a	00941a13	slli	x20,x8,0x9	  x8:0x000006c3 x20=0x000d8600
     1236582000	     61727	8000581e	010128b3	slt	x17,x2,x16	  x2:0x00000000 x16:0xffff4b00 x17=0x00000000
     1236602000	     61728	80005822	02498993	addi	x19,x19,36	 x19:0x80021e14 x19=0x80021e38
     1236622000	     61729	80005826	04ba	c.slli	x9,0xe	  x9:0x00000001  x9=0x00004000
     1236642000	     61730	80005828	00160b93	addi	x23,x12,1	 x12:0x8000588a x23=0x8000588b
     1236882000	     61742	8000582c	000b8be7	jalr	x23,0(x23)	 x23:0x8000588b x23=0x80005830
     1237382000	     61767	8000588a	8c25	c.xor	x8,x9	  x8:0x000006c3  x9:0x00004000  x8=0x000046c3
     1237522000	     61774	8000588c	43cd	c.li	x7,19	  x7=0x00000013
     1237542000	     61775	8000588e	0001	c.addi	x0,0	  x0:0x00000000  x0=0x00000000
     1237942000	     61795	80005890	019eef33	or	x30,x29,x25	 x29:0x00000000 x25:0x80025ce4 x30=0x80025ce4
     1237962000	     61796	80005894	01af9933	sll	x18,x31,x26	 x31:0x0000000b x26:0x80022539 x18=0x16000000
     1237982000	     61797	80005898	013d5733	srl	x14,x26,x19	 x26:0x80022539 x19:0x80021e38 x14=0x00000080
     1238362000	     61816	8000589c	cb0d	c.beqz	x14,800058ce	 x14:0x00000080
     1238422000	     61819	8000589e	96f00b97	auipc	x23,0x96f00	 x23=0x16f0589e
     1238802000	     61838	800058a2	039f1333	mulh	x6,x30,x25	 x30:0x80025ce4 x25:0x80025ce4  x6=0x3ffda321
     1238822000	     61839	800058a6	31b30d93	addi	x27,x6,795	  x6:0x3ffda321 x27=0x3ffda63c
     1239082000	     61852	800058aa	028502b3	mul	x5,x10,x8	 x10:0x000000ff  x8:0x000046c3  x5=0x00467c3d
     1240222000	     61909	800058ae	03f16633	rem	x12,x2,x31	  x2:0x00000000 x31:0x0000000b x12=0x00000000
     1240242000	     61910	800058b2	99fd	c.andi	x11,-1	 x11:0xffffffff x11=0xffffffff
     1240262000	     61911	800058b4	00a8e533	or	x10,x17,x10	 x17:0x00000000 x10:0x000000ff x10=0x000000ff
     1240282000	     61912	800058b8	40015a33	sra	x20,x2,x0	  x2:0x00000000  x0:0x00000000 x20=0x00000000
     1240322000	     61914	800058bc	0208a733	mulhsu	x14,x17,x0	 x17:0x00000000  x0:0x00000000 x14=0x00000000
     1240382000	     61917	800058c0	0325a233	mulhsu	x4,x11,x18	 x11:0xffffffff x18:0x16000000  x4=0xffffffff
     1240402000	     61918	800058c4	0ff0000f	fence	iorw,iorw	
     1240442000	     61920	800058c8	03bfb1b3	mulhu	x3,x31,x27	 x31:0x0000000b x27:0x3ffda63c  x3=0x00000002
     1240462000	     61921	800058cc	e50d	c.bnez	x10,800058f6	 x10:0x000000ff
     1241182000	     61957	800058f6	01f1c233	xor	x4,x3,x31	  x3:0x00000002 x31:0x0000000b  x4=0x00000009
     1241242000	     61960	800058fa	7c252293	slti	x5,x10,1986	 x10:0x000000ff  x5=0x00000001
     1241822000	     61989	800058fe	0049a603	lw	x12,4(x19)	 x19:0x80021e38 x12=0x80003568 PA:0x80021e3c load:0x80003568
     1241842000	     61990	80005902	02c98993	addi	x19,x19,44	 x19:0x80021e38 x19=0x80021e64
     1241862000	     61991	80005906	84277593	andi	x11,x14,-1982	 x14:0x00000000 x11=0x00000000
     1241902000	     61993	8000590a	02321a33	mulh	x20,x4,x3	  x4:0x00000009  x3:0x00000002 x20=0x00000000
     1241922000	     61994	8000590e	00060413	addi	x8,x12,0	 x12:0x80003568  x8=0x80003568
     1241942000	     61995	80005912	8402	c.jr	x8	  x8:0x80003568
     1242282000	     62012	80003568	0130fb33	and	x22,x1,x19	  x1:0x00000000 x19:0x80021e64 x22=0x00000000
     1242562000	     62026	8000356c	0101c333	xor	x6,x3,x16	  x3:0x00000002 x16:0xffff4b00  x6=0xffff4b02
     1242582000	     62027	80003570	01f2	c.slli	x3,0x1c	  x3:0x00000002  x3=0x20000000
     1242602000	     62028	80003572	9d76	c.add	x26,x29	 x26:0x80022539 x29:0x00000000 x26=0x80022539
     1242802000	     62038	80003574	01833933	sltu	x18,x6,x24	  x6:0xffff4b02 x24:0x00000001 x18=0x00000000
     1243222000	     62059	80003578	40b6d5b3	sra	x11,x13,x11	 x13:0x00000000 x11:0x00000000 x11=0x00000000
     1243382000	     62067	8000357c	8fbd	c.xor	x15,x15	 x15:0xfdeb7000 x15:0xfdeb7000 x15=0x00000000
     1243402000	     62068	8000357e	717d	c.addi16sp	x2,-16	  x2:0x00000000  x2=0xfffffff0
     1243422000	     62069	80003580	294ac193	xori	x3,x21,660	 x21:0x00000001  x3=0x00000295
     1243442000	     62070	80003584	00416f33	or	x30,x2,x4	  x2:0xfffffff0  x4:0x00000009 x30=0xfffffff9
     1243462000	     62071	80003588	00c43f33	sltu	x30,x8,x12	  x8:0x80003568 x12:0x80003568 x30=0x00000000
     1243482000	     62072	8000358c	4c8ceb93	ori	x23,x25,1224	 x25:0x80025ce4 x23=0x80025cec
     1243522000	     62074	80003590	0001	c.addi	x0,0	  x0:0x00000000  x0=0x00000000
     1243542000	     62075	80003592	6759	c.lui	x14,0x16	 x14=0x00016000
     1243562000	     62076	80003594	01c4c433	xor	x8,x9,x28	  x9:0x00004000 x28:0x00000000  x8=0x00004000
     1244302000	     62113	80003598	026ef1b3	remu	x3,x29,x6	 x29:0x00000000  x6:0xffff4b02  x3=0x00000000
     1244322000	     62114	8000359c	0ff0000f	fence	iorw,iorw	
     1244342000	     62115	800035a0	8f2d	c.xor	x14,x11	 x14:0x00016000 x11:0x00000000 x14=0x00016000
     1244362000	     62116	800035a2	8c45	c.or	x8,x9	  x8:0x00004000  x9:0x00004000  x8=0x00004000
     1244382000	     62117	800035a4	016d9293	slli	x5,x27,0x16	 x27:0x3ffda63c  x5=0x8f000000
     1244422000	     62119	800035a8	03d95bb3	divu	x23,x18,x29	 x18:0x00000000 x29:0x00000000 x23=0xffffffff
     1245162000	     62156	800035ac	039ffeb3	remu	x29,x31,x25	 x31:0x0000000b x25:0x80025ce4 x29=0x0000000b
     1245182000	     62157	800035b0	02a7fd63	bgeu	x15,x10,800035ea	 x15:0x00000000 x10:0x000000ff
     1245202000	     62158	800035b4	0001	c.addi	x0,0	  x0:0x00000000  x0=0x00000000
     1245222000	     62159	800035b6	01dcc633	xor	x12,x25,x29	 x25:0x80025ce4 x29:0x0000000b x12=0x80025cef
     1245242000	     62160	800035ba	0001	c.addi	x0,0	  x0:0x00000000  x0=0x00000000
     1245322000	     62164	800035bc	40d45793	srai	x15,x8,0xd	  x8:0x00004000 x15=0x00000002
     1245742000	     62185	800035c0	0000100f	fence.i	
     1246042000	     62200	800035c4	038f2933	mulhsu	x18,x30,x24	 x30:0x00000000 x24:0x00000001 x18=0x00000000
     1246242000	     62210	800035c8	8ca1	c.xor	x9,x8	  x9:0x00004000  x8:0x00004000  x9=0x00000000
     1246262000	     62211	800035ca	419f8db3	sub	x27,x31,x25	 x31:0x0000000b x25:0x80025ce4 x27=0x7ffda327
     1246462000	     62221	800035ce	417cde93	srai	x29,x25,0x17	 x25:0x80025ce4 x29=0xffffff00
     1246522000	     62224	800035d2	af188393	addi	x7,x17,-1295	 x17:0x00000000  x7=0xfffffaf1
     1246542000	     62225	800035d6	717d	c.addi16sp	x2,-16	  x2:0xfffffff0  x2=0xffffffe0
     1246562000	     62226	800035d8	01452d33	slt	x26,x10,x20	 x10:0x000000ff x20:0x00000000 x26=0x00000000
     1246582000	     62227	800035dc	7417bc13	sltiu	x24,x15,1857	 x15:0x00000002 x24=0x00000001
     1246602000	     62228	800035e0	4083d613	srai	x12,x7,0x8	  x7:0xfffffaf1 x12=0xfffffffa
     1247722000	     62284	800035e4	025757b3	divu	x15,x14,x5	 x14:0x00016000  x5:0x8f000000 x15=0x00000000
     1247742000	     62285	800035e8	82c5	c.srli	x13,0x11	 x13:0x00000000 x13=0x00000000
     1247762000	     62286	800035ea	01b91c13	slli	x24,x18,0x1b	 x18:0x00000000 x24=0x00000000
     1247782000	     62287	800035ee	002ce233	or	x4,x25,x2	 x25:0x80025ce4  x2:0xffffffe0  x4=0xffffffe4
     1247802000	     62288	800035f2	0173d733	srl	x14,x7,x23	  x7:0xfffffaf1 x23:0xffffffff x14=0x00000001
     1247822000	     62289	800035f6	0000100f	fence.i	
     1248322000	     62314	800035fa	28b714b7	lui	x9,0x28b71	  x9=0x28b71000
     1248362000	     62316	800035fe	02863a33	mulhu	x20,x12,x8	 x12:0xfffffffa  x8:0x00004000 x20=0x00003fff
     1248382000	     62317	80003602	c2a9	c.beqz	x13,80003644	 x13:0x00000000
     1248742000	     62335	80003644	02fb6f63	bltu	x22,x15,80003682	 x22:0x00000000 x15:0x00000000
     1248762000	     62336	80003648	017a32b3	sltu	x5,x20,x23	 x20:0x00003fff x23:0xffffffff  x5=0x00000001
     1248942000	     62345	8000364c	009c	c.addi4spn	x15,x2,64	 x15=0x00000020
     1249102000	     62353	8000364e	022638b3	mulhu	x17,x12,x2	 x12:0xfffffffa  x2:0xffffffe0 x17=0xffffffda
     1249122000	     62354	80003652	0057eeb3	or	x29,x15,x5	 x15:0x00000020  x5:0x00000001 x29=0x00000021
     1249142000	     62355	80003656	00942d33	slt	x26,x8,x9	  x8:0x00004000  x9:0x28b71000 x26=0x00000001
     1249162000	     62356	8000365a	00f9bbb3	sltu	x23,x19,x15	 x19:0x80021e64 x15:0x00000020 x23=0x00000000
     1249322000	     62364	8000365e	02ffdf63	bge	x31,x15,8000369c	 x31:0x0000000b x15:0x00000020
     1249342000	     62365	80003662	417d02b3	sub	x5,x26,x23	 x26:0x00000001 x23:0x00000000  x5=0x00000001
     1249362000	     62366	80003666	8eb6	c.mv	x29,x13	  x0:0x00000000 x13:0x00000000 x29=0x00000000
     1250202000	     62408	80003668	03b8f133	remu	x2,x17,x27	 x17:0xffffffda x27:0x7ffda327  x2=0x0004b98c
     1250222000	     62409	8000366c	c59d	c.beqz	x11,8000369a	 x11:0x00000000
     1250302000	     62413	8000369a	717d	c.addi16sp	x2,-16	  x2:0x0004b98c  x2=0x0004b97c
     1250322000	     62414	8000369c	001b4433	xor	x8,x22,x1	 x22:0x00000000  x1:0x00000000  x8=0x00000000
     1250482000	     62422	800036a0	02e53833	mulhu	x16,x10,x14	 x10:0x000000ff x14:0x00000001 x16=0x00000000
     1250522000	     62424	800036a4	8f45	c.or	x14,x9	 x14:0x00000001  x9:0x28b71000 x14=0x28b71001
     1251262000	     62461	800036a6	02eff6b3	remu	x13,x31,x14	 x31:0x0000000b x14:0x28b71001 x13=0x0000000b
     1251282000	     62462	800036aa	41465433	sra	x8,x12,x20	 x12:0xfffffffa x20:0x00003fff  x8=0xffffffff
     1251302000	     62463	800036ae	d4f08213	addi	x4,x1,-689	  x1:0x00000000  x4=0xfffffd4f
     1252042000	     62500	800036b2	02f950b3	divu	x1,x18,x15	 x18:0x00000000 x15:0x00000020  x1=0x00000000
     1252062000	     62501	800036b6	ffffdf97	auipc	x31,0xffffd	 x31=0x800006b6
     1252082000	     62502	800036ba	cc6f8f93	addi	x31,x31,-826	 x31:0x800006b6 x31=0x8000037c
     1252102000	     62503	800036be	000f8067	jalr	x0,0(x31)	 x31:0x8000037c  x0=0x00000000
     1252462000	     62521	8000037c	900007b7	lui	x15,0x90000	 x15=0x90000000
     1252522000	     62524	80000380	17e1	c.addi	x15,-8	 x15:0x90000000 x15=0x8ffffff8
     1252542000	     62525	80000382	4e81	c.li	x29,0	 x29=0x00000000
     1252622000	     62529	80000384	0ea2	c.slli	x29,0x8	 x29:0x00000000 x29=0x00000000
     1252642000	     62530	80000386	0e85	c.addi	x29,1	 x29:0x00000000 x29=0x00000001
     1253482000	     62572	80000388	01d7a023	sw	x29,0(x15)	 x15:0x8ffffff8 x29:0x00000001 PA:0x8ffffff8 store:0x00000001 load:0xffffffff
     1253502000	     62573	8000038c	00000073	ecall	
     1263022000	     63049	80002700	0800006f	jal	x0,80002780	  x0=0x00000000
     1263382000	     63067	80002780	1cf1	c.addi	x25,-4	 x25:0x80025ce4 x25=0x80025ce0
     1263642000	     63080	80002782	013ca023	sw	x19,0(x25)	 x25:0x80025ce0 x19:0x80021e64 PA:0x80025ce0 store:0x80021e64 load:0xffffffff
     1263662000	     63081	80002786	000c89b3	add	x19,x25,x0	 x25:0x80025ce0  x0:0x00000000 x19=0x80025ce0
     1263722000	     63084	8000278a	f8098993	addi	x19,x19,-128	 x19:0x80025ce0 x19=0x80025c60
     1264122000	     63104	8000278e	0019a223	sw	x1,4(x19)	 x19:0x80025c60  x1:0x00000000 PA:0x80025c64 store:0x00000000 load:0xffffffff
     1264182000	     63107	80002792	0029a423	sw	x2,8(x19)	 x19:0x80025c60  x2:0x0004b97c PA:0x80025c68 store:0x0004b97c load:0xffffffff
     1264202000	     63108	80002796	0039a623	sw	x3,12(x19)	 x19:0x80025c60  x3:0x00000000 PA:0x80025c6c store:0x00000000 load:0xffffffff
     1264222000	     63109	8000279a	0049a823	sw	x4,16(x19)	 x19:0x80025c60  x4:0xfffffd4f PA:0x80025c70 store:0xfffffd4f load:0xffffffff
     1264442000	     63120	8000279e	0059aa23	sw	x5,20(x19)	 x19:0x80025c60  x5:0x00000001 PA:0x80025c74 store:0x00000001 load:0xffffffff
     1264582000	     63127	800027a2	0069ac23	sw	x6,24(x19)	 x19:0x80025c60  x6:0xffff4b02 PA:0x80025c78 store:0xffff4b02 load:0xffffffff
     1264642000	     63130	800027a6	0079ae23	sw	x7,28(x19)	 x19:0x80025c60  x7:0xfffffaf1 PA:0x80025c7c store:0xfffffaf1 load:0xffffffff
     1264862000	     63141	800027aa	0289a023	sw	x8,32(x19)	 x19:0x80025c60  x8:0xffffffff PA:0x80025c80 store:0xffffffff load:0xffffffff
     1265142000	     63155	800027ae	0299a223	sw	x9,36(x19)	 x19:0x80025c60  x9:0x28b71000 PA:0x80025c84 store:0x28b71000 load:0xffffffff
     1265482000	     63172	800027b2	02a9a423	sw	x10,40(x19)	 x19:0x80025c60 x10:0x000000ff PA:0x80025c88 store:0x000000ff load:0xffffffff
     1265542000	     63175	800027b6	02b9a623	sw	x11,44(x19)	 x19:0x80025c60 x11:0x00000000 PA:0x80025c8c store:0x00000000 load:0xffffffff
     1265962000	     63196	800027ba	02c9a823	sw	x12,48(x19)	 x19:0x80025c60 x12:0xfffffffa PA:0x80025c90 store:0xfffffffa load:0xffffffff
     1266182000	     63207	800027be	02d9aa23	sw	x13,52(x19)	 x19:0x80025c60 x13:0x0000000b PA:0x80025c94 store:0x0000000b load:0xffffffff
     1266442000	     63220	800027c2	02e9ac23	sw	x14,56(x19)	 x19:0x80025c60 x14:0x28b71001 PA:0x80025c98 store:0x28b71001 load:0xffffffff
     1266582000	     63227	800027c6	02f9ae23	sw	x15,60(x19)	 x19:0x80025c60 x15:0x8ffffff8 PA:0x80025c9c store:0x8ffffff8 load:0xffffffff
     1266702000	     63233	800027ca	0509a023	sw	x16,64(x19)	 x19:0x80025c60 x16:0x00000000 PA:0x80025ca0 store:0x00000000 load:0xffffffff
     1266762000	     63236	800027ce	0519a223	sw	x17,68(x19)	 x19:0x80025c60 x17:0xffffffda PA:0x80025ca4 store:0xffffffda load:0xffffffff
     1266822000	     63239	800027d2	0529a423	sw	x18,72(x19)	 x19:0x80025c60 x18:0x00000000 PA:0x80025ca8 store:0x00000000 load:0xffffffff
     1267062000	     63251	800027d6	0539a623	sw	x19,76(x19)	 x19:0x80025c60 x19:0x80025c60 PA:0x80025cac store:0x80025c60 load:0xffffffff
     1267342000	     63265	800027da	0549a823	sw	x20,80(x19)	 x19:0x80025c60 x20:0x00003fff PA:0x80025cb0 store:0x00003fff load:0xffffffff
     1267362000	     63266	800027de	0559aa23	sw	x21,84(x19)	 x19:0x80025c60 x21:0x00000001 PA:0x80025cb4 store:0x00000001 load:0xffffffff
     1267402000	     63268	800027e2	0569ac23	sw	x22,88(x19)	 x19:0x80025c60 x22:0x00000000 PA:0x80025cb8 store:0x00000000 load:0xffffffff
     1267422000	     63269	800027e6	0579ae23	sw	x23,92(x19)	 x19:0x80025c60 x23:0x00000000 PA:0x80025cbc store:0x00000000 load:0xffffffff
     1267622000	     63279	800027ea	0789a023	sw	x24,96(x19)	 x19:0x80025c60 x24:0x00000000 PA:0x80025cc0 store:0x00000000 load:0xffffffff
     1267642000	     63280	800027ee	0799a223	sw	x25,100(x19)	 x19:0x80025c60 x25:0x80025ce0 PA:0x80025cc4 store:0x80025ce0 load:0xffffffff
     1267662000	     63281	800027f2	07a9a423	sw	x26,104(x19)	 x19:0x80025c60 x26:0x00000001 PA:0x80025cc8 store:0x00000001 load:0xffffffff
     1267742000	     63285	800027f6	07b9a623	sw	x27,108(x19)	 x19:0x80025c60 x27:0x7ffda327 PA:0x80025ccc store:0x7ffda327 load:0xffffffff
     1267802000	     63288	800027fa	07c9a823	sw	x28,112(x19)	 x19:0x80025c60 x28:0x00000000 PA:0x80025cd0 store:0x00000000 load:0xffffffff
     1268422000	     63319	800027fe	07d9aa23	sw	x29,116(x19)	 x19:0x80025c60 x29:0x00000001 PA:0x80025cd4 store:0x00000001 load:0xffffffff
     1268482000	     63322	80002802	07e9ac23	sw	x30,120(x19)	 x19:0x80025c60 x30:0x00000000 PA:0x80025cd8 store:0x00000000 load:0xffffffff
     1268682000	     63332	80002806	07f9ae23	sw	x31,124(x19)	 x19:0x80025c60 x31:0x8000037c PA:0x80025cdc store:0x8000037c load:0xffffffff
     1268702000	     63333	8000280a	00098cb3	add	x25,x19,x0	 x19:0x80025c60  x0:0x00000000 x25=0x80025c60
     1268722000	     63334	8000280e	900007b7	lui	x15,0x90000	 x15=0x90000000
     1268742000	     63335	80002812	17f1	c.addi	x15,-4	 x15:0x90000000 x15=0x8ffffffc
     1268762000	     63336	80002814	4ea1	c.li	x29,8	 x29=0x00000008
     1268782000	     63337	80002816	0ea2	c.slli	x29,0x8	 x29:0x00000008 x29=0x00000800
     1268802000	     63338	80002818	000e8e93	addi	x29,x29,0	 x29:0x00000800 x29=0x00000800
     1268862000	     63341	8000281c	01d7a023	sw	x29,0(x15)	 x15:0x8ffffffc x29:0x00000800 PA:0x8ffffffc store:0x00000800 load:0xffffffff
     1268882000	     63342	80002820	34102ef3	csrrs	x29,mepc,x0	  x0:0x00000000 x29=0x8000038c
     1269042000	     63350	80002824	34202ef3	csrrs	x29,mcause,x0	  x0:0x00000000 x29=0x00000008
     1269062000	     63351	80002828	478d	c.li	x15,3	 x15=0x00000003
     1269102000	     63353	8000282a	00fe9463	bne	x29,x15,80002832	 x29:0x00000008 x15:0x00000003
     1269722000	     63384	80002832	47a1	c.li	x15,8	 x15=0x00000008
     1269742000	     63385	80002834	04fe8d63	beq	x29,x15,8000288e	 x29:0x00000008 x15:0x00000008
     1270402000	     63418	8000288e	900007b7	lui	x15,0x90000	 x15=0x90000000
     1270422000	     63419	80002892	17f1	c.addi	x15,-4	 x15:0x90000000 x15=0x8ffffffc
     1270442000	     63420	80002894	6e85	c.lui	x29,0x1	 x29=0x00001000
     1270842000	     63440	80002896	b00e8e93	addi	x29,x29,-1280	 x29:0x00001000 x29=0x00000b00
     1270862000	     63441	8000289a	0ea2	c.slli	x29,0x8	 x29:0x00000b00 x29=0x000b0000
     1271102000	     63453	8000289c	0e8d	c.addi	x29,3	 x29:0x000b0000 x29=0x000b0003
     1271682000	     63482	8000289e	01d7a023	sw	x29,0(x15)	 x15:0x8ffffffc x29:0x000b0003 PA:0x8ffffffc store:0x000b0003 load:0xffffffff
     1271702000	     63483	800028a2	b0002ef3	csrrs	x29,mcycle,x0	  x0:0x00000000 x29=0x0000f7f8
     1271722000	     63484	800028a6	01d7a023	sw	x29,0(x15)	 x15:0x8ffffffc x29:0x0000f7f8 PA:0x8ffffffc store:0x0000f7f8 load:0xffffffff
     1271742000	     63485	800028aa	900007b7	lui	x15,0x90000	 x15=0x90000000
     1271762000	     63486	800028ae	17f1	c.addi	x15,-4	 x15:0x90000000 x15=0x8ffffffc
     1271902000	     63493	800028b0	6e85	c.lui	x29,0x1	 x29=0x00001000
     1272062000	     63501	800028b2	b80e8e93	addi	x29,x29,-1152	 x29:0x00001000 x29=0x00000b80
     1272082000	     63502	800028b6	0ea2	c.slli	x29,0x8	 x29:0x00000b80 x29=0x000b8000
     1272422000	     63519	800028b8	0e8d	c.addi	x29,3	 x29:0x000b8000 x29=0x000b8003
     1273082000	     63552	800028ba	01d7a023	sw	x29,0(x15)	 x15:0x8ffffffc x29:0x000b8003 PA:0x8ffffffc store:0x000b8003 load:0xffffffff
     1273102000	     63553	800028be	b8002ef3	csrrs	x29,mcycleh,x0	  x0:0x00000000 x29=0x00000000
     1273162000	     63556	800028c2	01d7a023	sw	x29,0(x15)	 x15:0x8ffffffc x29:0x00000000 PA:0x8ffffffc store:0x00000000 load:0xffffffff
     1273182000	     63557	800028c6	900007b7	lui	x15,0x90000	 x15=0x90000000
     1273202000	     63558	800028ca	17f1	c.addi	x15,-4	 x15:0x90000000 x15=0x8ffffffc
     1273222000	     63559	800028cc	6e85	c.lui	x29,0x1	 x29=0x00001000
     1273242000	     63560	800028ce	b03e8e93	addi	x29,x29,-1277	 x29:0x00001000 x29=0x00000b03
     1273262000	     63561	800028d2	0ea2	c.slli	x29,0x8	 x29:0x00000b03 x29=0x000b0300
     1273342000	     63565	800028d4	0e8d	c.addi	x29,3	 x29:0x000b0300 x29=0x000b0303
     1273482000	     63572	800028d6	01d7a023	sw	x29,0(x15)	 x15:0x8ffffffc x29:0x000b0303 PA:0x8ffffffc store:0x000b0303 load:0xffffffff
     1273502000	     63573	800028da	b0302ef3	csrrs	x29,mhpmcounter3,x0	  x0:0x00000000 x29=0x00000114
     1273922000	     63594	800028de	01d7a023	sw	x29,0(x15)	 x15:0x8ffffffc x29:0x00000114 PA:0x8ffffffc store:0x00000114 load:0xffffffff
     1273942000	     63595	800028e2	900007b7	lui	x15,0x90000	 x15=0x90000000
     1273962000	     63596	800028e6	17f1	c.addi	x15,-4	 x15:0x90000000 x15=0x8ffffffc
     1273982000	     63597	800028e8	6e85	c.lui	x29,0x1	 x29=0x00001000
     1274002000	     63598	800028ea	b83e8e93	addi	x29,x29,-1149	 x29:0x00001000 x29=0x00000b83
     1274022000	     63599	800028ee	0ea2	c.slli	x29,0x8	 x29:0x00000b83 x29=0x000b8300
     1274042000	     63600	800028f0	0e8d	c.addi	x29,3	 x29:0x000b8300 x29=0x000b8303
     1274102000	     63603	800028f2	01d7a023	sw	x29,0(x15)	 x15:0x8ffffffc x29:0x000b8303 PA:0x8ffffffc store:0x000b8303 load:0xffffffff
     1274122000	     63604	800028f6	b8302ef3	csrrs	x29,mhpmcounter3h,x0	  x0:0x00000000 x29=0x00000000
     1274322000	     63614	800028fa	01d7a023	sw	x29,0(x15)	 x15:0x8ffffffc x29:0x00000000 PA:0x8ffffffc store:0x00000000 load:0xffffffff
     1274682000	     63632	800028fe	900007b7	lui	x15,0x90000	 x15=0x90000000
     1274702000	     63633	80002902	17f1	c.addi	x15,-4	 x15:0x90000000 x15=0x8ffffffc
     1274722000	     63634	80002904	6e85	c.lui	x29,0x1	 x29=0x00001000
     1274862000	     63641	80002906	b04e8e93	addi	x29,x29,-1276	 x29:0x00001000 x29=0x00000b04
     1274882000	     63642	8000290a	0ea2	c.slli	x29,0x8	 x29:0x00000b04 x29=0x000b0400
     1274902000	     63643	8000290c	0e8d	c.addi	x29,3	 x29:0x000b0400 x29=0x000b0403
     1275062000	     63651	8000290e	01d7a023	sw	x29,0(x15)	 x15:0x8ffffffc x29:0x000b0403 PA:0x8ffffffc store:0x000b0403 load:0xffffffff
     1275082000	     63652	80002912	b0402ef3	csrrs	x29,mhpmcounter4,x0	  x0:0x00000000 x29=0x000080b7
     1275282000	     63662	80002916	01d7a023	sw	x29,0(x15)	 x15:0x8ffffffc x29:0x000080b7 PA:0x8ffffffc store:0x000080b7 load:0xffffffff
     1275422000	     63669	8000291a	900007b7	lui	x15,0x90000	 x15=0x90000000
     1275442000	     63670	8000291e	17f1	c.addi	x15,-4	 x15:0x90000000 x15=0x8ffffffc
     1275462000	     63671	80002920	6e85	c.lui	x29,0x1	 x29=0x00001000
     1275482000	     63672	80002922	b84e8e93	addi	x29,x29,-1148	 x29:0x00001000 x29=0x00000b84
     1275502000	     63673	80002926	0ea2	c.slli	x29,0x8	 x29:0x00000b84 x29=0x000b8400
     1275522000	     63674	80002928	0e8d	c.addi	x29,3	 x29:0x000b8400 x29=0x000b8403
     1275582000	     63677	8000292a	01d7a023	sw	x29,0(x15)	 x15:0x8ffffffc x29:0x000b8403 PA:0x8ffffffc store:0x000b8403 load:0xffffffff
     1275602000	     63678	8000292e	b8402ef3	csrrs	x29,mhpmcounter4h,x0	  x0:0x00000000 x29=0x00000000
     1275782000	     63687	80002932	01d7a023	sw	x29,0(x15)	 x15:0x8ffffffc x29:0x00000000 PA:0x8ffffffc store:0x00000000 load:0xffffffff
     1275862000	     63691	80002936	900007b7	lui	x15,0x90000	 x15=0x90000000
     1275882000	     63692	8000293a	17f1	c.addi	x15,-4	 x15:0x90000000 x15=0x8ffffffc
     1275902000	     63693	8000293c	6e85	c.lui	x29,0x1	 x29=0x00001000
     1275922000	     63694	8000293e	b05e8e93	addi	x29,x29,-1275	 x29:0x00001000 x29=0x00000b05
     1275942000	     63695	80002942	0ea2	c.slli	x29,0x8	 x29:0x00000b05 x29=0x000b0500
     1275962000	     63696	80002944	0e8d	c.addi	x29,3	 x29:0x000b0500 x29=0x000b0503
     1276142000	     63705	80002946	01d7a023	sw	x29,0(x15)	 x15:0x8ffffffc x29:0x000b0503 PA:0x8ffffffc store:0x000b0503 load:0xffffffff
     1276162000	     63706	8000294a	b0502ef3	csrrs	x29,mhpmcounter5,x0	  x0:0x00000000 x29=0x0000000a
     1276422000	     63719	8000294e	01d7a023	sw	x29,0(x15)	 x15:0x8ffffffc x29:0x0000000a PA:0x8ffffffc store:0x0000000a load:0xffffffff
     1276442000	     63720	80002952	900007b7	lui	x15,0x90000	 x15=0x90000000
     1276462000	     63721	80002956	17f1	c.addi	x15,-4	 x15:0x90000000 x15=0x8ffffffc
     1276482000	     63722	80002958	6e85	c.lui	x29,0x1	 x29=0x00001000
     1276502000	     63723	8000295a	b85e8e93	addi	x29,x29,-1147	 x29:0x00001000 x29=0x00000b85
     1276522000	     63724	8000295e	0ea2	c.slli	x29,0x8	 x29:0x00000b85 x29=0x000b8500
     1276542000	     63725	80002960	0e8d	c.addi	x29,3	 x29:0x000b8500 x29=0x000b8503
     1277002000	     63748	80002962	01d7a023	sw	x29,0(x15)	 x15:0x8ffffffc x29:0x000b8503 PA:0x8ffffffc store:0x000b8503 load:0xffffffff
     1277022000	     63749	80002966	b8502ef3	csrrs	x29,mhpmcounter5h,x0	  x0:0x00000000 x29=0x00000000
     1277082000	     63752	8000296a	01d7a023	sw	x29,0(x15)	 x15:0x8ffffffc x29:0x00000000 PA:0x8ffffffc store:0x00000000 load:0xffffffff
     1277102000	     63753	8000296e	900007b7	lui	x15,0x90000	 x15=0x90000000
     1277122000	     63754	80002972	17f1	c.addi	x15,-4	 x15:0x90000000 x15=0x8ffffffc
     1277142000	     63755	80002974	6e85	c.lui	x29,0x1	 x29=0x00001000
     1277162000	     63756	80002976	b06e8e93	addi	x29,x29,-1274	 x29:0x00001000 x29=0x00000b06
     1277182000	     63757	8000297a	0ea2	c.slli	x29,0x8	 x29:0x00000b06 x29=0x000b0600
     1277342000	     63765	8000297c	0e8d	c.addi	x29,3	 x29:0x000b0600 x29=0x000b0603
     1277562000	     63776	8000297e	01d7a023	sw	x29,0(x15)	 x15:0x8ffffffc x29:0x000b0603 PA:0x8ffffffc store:0x000b0603 load:0xffffffff
     1277582000	     63777	80002982	b0602ef3	csrrs	x29,mhpmcounter6,x0	  x0:0x00000000 x29=0x00000042
     1277642000	     63780	80002986	01d7a023	sw	x29,0(x15)	 x15:0x8ffffffc x29:0x00000042 PA:0x8ffffffc store:0x00000042 load:0xffffffff
     1277662000	     63781	8000298a	900007b7	lui	x15,0x90000	 x15=0x90000000
     1277682000	     63782	8000298e	17f1	c.addi	x15,-4	 x15:0x90000000 x15=0x8ffffffc
     1277742000	     63785	80002990	6e85	c.lui	x29,0x1	 x29=0x00001000
     1277802000	     63788	80002992	b86e8e93	addi	x29,x29,-1146	 x29:0x00001000 x29=0x00000b86
     1277822000	     63789	80002996	0ea2	c.slli	x29,0x8	 x29:0x00000b86 x29=0x000b8600
     1277842000	     63790	80002998	0e8d	c.addi	x29,3	 x29:0x000b8600 x29=0x000b8603
     1278222000	     63809	8000299a	01d7a023	sw	x29,0(x15)	 x15:0x8ffffffc x29:0x000b8603 PA:0x8ffffffc store:0x000b8603 load:0xffffffff
     1278242000	     63810	8000299e	b8602ef3	csrrs	x29,mhpmcounter6h,x0	  x0:0x00000000 x29=0x00000000
     1278422000	     63819	800029a2	01d7a023	sw	x29,0(x15)	 x15:0x8ffffffc x29:0x00000000 PA:0x8ffffffc store:0x00000000 load:0xffffffff
     1278442000	     63820	800029a6	900007b7	lui	x15,0x90000	 x15=0x90000000
     1278462000	     63821	800029aa	17f1	c.addi	x15,-4	 x15:0x90000000 x15=0x8ffffffc
     1278482000	     63822	800029ac	6e85	c.lui	x29,0x1	 x29=0x00001000
     1278622000	     63829	800029ae	b07e8e93	addi	x29,x29,-1273	 x29:0x00001000 x29=0x00000b07
     1278642000	     63830	800029b2	0ea2	c.slli	x29,0x8	 x29:0x00000b07 x29=0x000b0700
     1278782000	     63837	800029b4	0e8d	c.addi	x29,3	 x29:0x000b0700 x29=0x000b0703
     1279082000	     63852	800029b6	01d7a023	sw	x29,0(x15)	 x15:0x8ffffffc x29:0x000b0703 PA:0x8ffffffc store:0x000b0703 load:0xffffffff
     1279222000	     63859	800029ba	b0702ef3	csrrs	x29,mhpmcounter7,x0	  x0:0x00000000 x29=0x00000086
     1279402000	     63868	800029be	01d7a023	sw	x29,0(x15)	 x15:0x8ffffffc x29:0x00000086 PA:0x8ffffffc store:0x00000086 load:0xffffffff
     1279542000	     63875	800029c2	900007b7	lui	x15,0x90000	 x15=0x90000000
     1279562000	     63876	800029c6	17f1	c.addi	x15,-4	 x15:0x90000000 x15=0x8ffffffc
     1279582000	     63877	800029c8	6e85	c.lui	x29,0x1	 x29=0x00001000
     1279602000	     63878	800029ca	b87e8e93	addi	x29,x29,-1145	 x29:0x00001000 x29=0x00000b87
     1279622000	     63879	800029ce	0ea2	c.slli	x29,0x8	 x29:0x00000b87 x29=0x000b8700
     1279642000	     63880	800029d0	0e8d	c.addi	x29,3	 x29:0x000b8700 x29=0x000b8703
     1280002000	     63898	800029d2	01d7a023	sw	x29,0(x15)	 x15:0x8ffffffc x29:0x000b8703 PA:0x8ffffffc store:0x000b8703 load:0xffffffff
     1280022000	     63899	800029d6	b8702ef3	csrrs	x29,mhpmcounter7h,x0	  x0:0x00000000 x29=0x00000000
     1280282000	     63912	800029da	01d7a023	sw	x29,0(x15)	 x15:0x8ffffffc x29:0x00000000 PA:0x8ffffffc store:0x00000000 load:0xffffffff
     1280302000	     63913	800029de	900007b7	lui	x15,0x90000	 x15=0x90000000
     1280322000	     63914	800029e2	17f1	c.addi	x15,-4	 x15:0x90000000 x15=0x8ffffffc
     1280342000	     63915	800029e4	6e85	c.lui	x29,0x1	 x29=0x00001000
     1280362000	     63916	800029e6	b08e8e93	addi	x29,x29,-1272	 x29:0x00001000 x29=0x00000b08
     1280382000	     63917	800029ea	0ea2	c.slli	x29,0x8	 x29:0x00000b08 x29=0x000b0800
     1280402000	     63918	800029ec	0e8d	c.addi	x29,3	 x29:0x000b0800 x29=0x000b0803
     1280582000	     63927	800029ee	01d7a023	sw	x29,0(x15)	 x15:0x8ffffffc x29:0x000b0803 PA:0x8ffffffc store:0x000b0803 load:0xffffffff
     1280602000	     63928	800029f2	b0802ef3	csrrs	x29,mhpmcounter8,x0	  x0:0x00000000 x29=0x00000346
     1280702000	     63933	800029f6	01d7a023	sw	x29,0(x15)	 x15:0x8ffffffc x29:0x00000346 PA:0x8ffffffc store:0x00000346 load:0xffffffff
     1280722000	     63934	800029fa	900007b7	lui	x15,0x90000	 x15=0x90000000
     1280742000	     63935	800029fe	17f1	c.addi	x15,-4	 x15:0x90000000 x15=0x8ffffffc
     1281102000	     63953	80002a00	6e85	c.lui	x29,0x1	 x29=0x00001000
     1281302000	     63963	80002a02	b88e8e93	addi	x29,x29,-1144	 x29:0x00001000 x29=0x00000b88
     1281322000	     63964	80002a06	0ea2	c.slli	x29,0x8	 x29:0x00000b88 x29=0x000b8800
     1281402000	     63968	80002a08	0e8d	c.addi	x29,3	 x29:0x000b8800 x29=0x000b8803
     1281662000	     63981	80002a0a	01d7a023	sw	x29,0(x15)	 x15:0x8ffffffc x29:0x000b8803 PA:0x8ffffffc store:0x000b8803 load:0xffffffff
     1281682000	     63982	80002a0e	b8802ef3	csrrs	x29,mhpmcounter8h,x0	  x0:0x00000000 x29=0x00000000
     1281902000	     63993	80002a12	01d7a023	sw	x29,0(x15)	 x15:0x8ffffffc x29:0x00000000 PA:0x8ffffffc store:0x00000000 load:0xffffffff
     1281922000	     63994	80002a16	900007b7	lui	x15,0x90000	 x15=0x90000000
     1281942000	     63995	80002a1a	17f1	c.addi	x15,-4	 x15:0x90000000 x15=0x8ffffffc
     1281962000	     63996	80002a1c	6e85	c.lui	x29,0x1	 x29=0x00001000
     1281982000	     63997	80002a1e	b09e8e93	addi	x29,x29,-1271	 x29:0x00001000 x29=0x00000b09
     1282002000	     63998	80002a22	0ea2	c.slli	x29,0x8	 x29:0x00000b09 x29=0x000b0900
     1282022000	     63999	80002a24	0e8d	c.addi	x29,3	 x29:0x000b0900 x29=0x000b0903
     1282262000	     64011	80002a26	01d7a023	sw	x29,0(x15)	 x15:0x8ffffffc x29:0x000b0903 PA:0x8ffffffc store:0x000b0903 load:0xffffffff
     1282282000	     64012	80002a2a	b0902ef3	csrrs	x29,mhpmcounter9,x0	  x0:0x00000000 x29=0x000001e0
     1282442000	     64020	80002a2e	01d7a023	sw	x29,0(x15)	 x15:0x8ffffffc x29:0x000001e0 PA:0x8ffffffc store:0x000001e0 load:0xffffffff
     1282462000	     64021	80002a32	900007b7	lui	x15,0x90000	 x15=0x90000000
     1282482000	     64022	80002a36	17f1	c.addi	x15,-4	 x15:0x90000000 x15=0x8ffffffc
     1282502000	     64023	80002a38	6e85	c.lui	x29,0x1	 x29=0x00001000
     1282522000	     64024	80002a3a	b89e8e93	addi	x29,x29,-1143	 x29:0x00001000 x29=0x00000b89
     1282542000	     64025	80002a3e	0ea2	c.slli	x29,0x8	 x29:0x00000b89 x29=0x000b8900
     1282782000	     64037	80002a40	0e8d	c.addi	x29,3	 x29:0x000b8900 x29=0x000b8903
     1283162000	     64056	80002a42	01d7a023	sw	x29,0(x15)	 x15:0x8ffffffc x29:0x000b8903 PA:0x8ffffffc store:0x000b8903 load:0xffffffff
     1283182000	     64057	80002a46	b8902ef3	csrrs	x29,mhpmcounter9h,x0	  x0:0x00000000 x29=0x00000000
     1283442000	     64070	80002a4a	01d7a023	sw	x29,0(x15)	 x15:0x8ffffffc x29:0x00000000 PA:0x8ffffffc store:0x00000000 load:0xffffffff
     1283562000	     64076	80002a4e	900007b7	lui	x15,0x90000	 x15=0x90000000
     1283582000	     64077	80002a52	17f1	c.addi	x15,-4	 x15:0x90000000 x15=0x8ffffffc
     1309862000	     65391	80002a54	6e85	c.lui	x29,0x1	 x29=0x00001000
     1309882000	     65392	80002a56	b0ae8e93	addi	x29,x29,-1270	 x29:0x00001000 x29=0x00000b0a
     1309902000	     65393	80002a5a	0ea2	c.slli	x29,0x8	 x29:0x00000b0a x29=0x000b0a00
     1309922000	     65394	80002a5c	0e8d	c.addi	x29,3	 x29:0x000b0a00 x29=0x000b0a03
     1310122000	     65404	80002a5e	01d7a023	sw	x29,0(x15)	 x15:0x8ffffffc x29:0x000b0a03 PA:0x8ffffffc store:0x000b0a03 load:0xffffffff
     1310142000	     65405	80002a62	b0a02ef3	csrrs	x29,mhpmcounter10,x0	  x0:0x00000000 x29=0x00000836
     1310222000	     65409	80002a66	01d7a023	sw	x29,0(x15)	 x15:0x8ffffffc x29:0x00000836 PA:0x8ffffffc store:0x00000836 load:0xffffffff
     1310242000	     65410	80002a6a	900007b7	lui	x15,0x90000	 x15=0x90000000
     1310262000	     65411	80002a6e	17f1	c.addi	x15,-4	 x15:0x90000000 x15=0x8ffffffc
     1310282000	     65412	80002a70	6e85	c.lui	x29,0x1	 x29=0x00001000
     1310422000	     65419	80002a72	b8ae8e93	addi	x29,x29,-1142	 x29:0x00001000 x29=0x00000b8a
     1310442000	     65420	80002a76	0ea2	c.slli	x29,0x8	 x29:0x00000b8a x29=0x000b8a00
     1310462000	     65421	80002a78	0e8d	c.addi	x29,3	 x29:0x000b8a00 x29=0x000b8a03
     1310922000	     65444	80002a7a	01d7a023	sw	x29,0(x15)	 x15:0x8ffffffc x29:0x000b8a03 PA:0x8ffffffc store:0x000b8a03 load:0xffffffff
     1310942000	     65445	80002a7e	b8a02ef3	csrrs	x29,mhpmcounter10h,x0	  x0:0x00000000 x29=0x00000000
     1311002000	     65448	80002a82	01d7a023	sw	x29,0(x15)	 x15:0x8ffffffc x29:0x00000000 PA:0x8ffffffc store:0x00000000 load:0xffffffff
     1311022000	     65449	80002a86	900007b7	lui	x15,0x90000	 x15=0x90000000
     1311042000	     65450	80002a8a	17f1	c.addi	x15,-4	 x15:0x90000000 x15=0x8ffffffc
     1311142000	     65455	80002a8c	6e85	c.lui	x29,0x1	 x29=0x00001000
     1311562000	     65476	80002a8e	b0be8e93	addi	x29,x29,-1269	 x29:0x00001000 x29=0x00000b0b
     1311582000	     65477	80002a92	0ea2	c.slli	x29,0x8	 x29:0x00000b0b x29=0x000b0b00
     1311602000	     65478	80002a94	0e8d	c.addi	x29,3	 x29:0x000b0b00 x29=0x000b0b03
     1311802000	     65488	80002a96	01d7a023	sw	x29,0(x15)	 x15:0x8ffffffc x29:0x000b0b03 PA:0x8ffffffc store:0x000b0b03 load:0xffffffff
     1311822000	     65489	80002a9a	b0b02ef3	csrrs	x29,mhpmcounter11,x0	  x0:0x00000000 x29=0x00000147
     1312182000	     65507	80002a9e	01d7a023	sw	x29,0(x15)	 x15:0x8ffffffc x29:0x00000147 PA:0x8ffffffc store:0x00000147 load:0xffffffff
     1312202000	     65508	80002aa2	900007b7	lui	x15,0x90000	 x15=0x90000000
     1312222000	     65509	80002aa6	17f1	c.addi	x15,-4	 x15:0x90000000 x15=0x8ffffffc
     1312242000	     65510	80002aa8	6e85	c.lui	x29,0x1	 x29=0x00001000
     1312262000	     65511	80002aaa	b8be8e93	addi	x29,x29,-1141	 x29:0x00001000 x29=0x00000b8b
     1312282000	     65512	80002aae	0ea2	c.slli	x29,0x8	 x29:0x00000b8b x29=0x000b8b00
     1312302000	     65513	80002ab0	0e8d	c.addi	x29,3	 x29:0x000b8b00 x29=0x000b8b03
     1312422000	     65519	80002ab2	01d7a023	sw	x29,0(x15)	 x15:0x8ffffffc x29:0x000b8b03 PA:0x8ffffffc store:0x000b8b03 load:0xffffffff
     1312802000	     65538	80002ab6	b8b02ef3	csrrs	x29,mhpmcounter11h,x0	  x0:0x00000000 x29=0x00000000
     1313462000	     65571	80002aba	01d7a023	sw	x29,0(x15)	 x15:0x8ffffffc x29:0x00000000 PA:0x8ffffffc store:0x00000000 load:0xffffffff
     1313482000	     65572	80002abe	900007b7	lui	x15,0x90000	 x15=0x90000000
     1313502000	     65573	80002ac2	17f1	c.addi	x15,-4	 x15:0x90000000 x15=0x8ffffffc
     1313522000	     65574	80002ac4	6e85	c.lui	x29,0x1	 x29=0x00001000
     1313542000	     65575	80002ac6	b0ce8e93	addi	x29,x29,-1268	 x29:0x00001000 x29=0x00000b0c
     1313562000	     65576	80002aca	0ea2	c.slli	x29,0x8	 x29:0x00000b0c x29=0x000b0c00
     1313582000	     65577	80002acc	0e8d	c.addi	x29,3	 x29:0x000b0c00 x29=0x000b0c03
     1313662000	     65581	80002ace	01d7a023	sw	x29,0(x15)	 x15:0x8ffffffc x29:0x000b0c03 PA:0x8ffffffc store:0x000b0c03 load:0xffffffff
     1313682000	     65582	80002ad2	b0c02ef3	csrrs	x29,mhpmcounter12,x0	  x0:0x00000000 x29=0x00002573
     1313982000	     65597	80002ad6	01d7a023	sw	x29,0(x15)	 x15:0x8ffffffc x29:0x00002573 PA:0x8ffffffc store:0x00002573 load:0xffffffff
     1314002000	     65598	80002ada	900007b7	lui	x15,0x90000	 x15=0x90000000
     1314022000	     65599	80002ade	17f1	c.addi	x15,-4	 x15:0x90000000 x15=0x8ffffffc
     1314102000	     65603	80002ae0	6e85	c.lui	x29,0x1	 x29=0x00001000
     1314122000	     65604	80002ae2	b8ce8e93	addi	x29,x29,-1140	 x29:0x00001000 x29=0x00000b8c
     1314142000	     65605	80002ae6	0ea2	c.slli	x29,0x8	 x29:0x00000b8c x29=0x000b8c00
     1314162000	     65606	80002ae8	0e8d	c.addi	x29,3	 x29:0x000b8c00 x29=0x000b8c03
