Time	Cycle	PC	Insn	Decoded instruction	Register and memory contents
        1055000	         6	80000080	40001eb7	lui	x29,0x40001	 x29=0x40001000
        1065000	         7	80000084	106e8e93	addi	x29,x29,262	 x29:0x40001000 x29=0x40001106
        1075000	         8	80000088	301e9073	csrrw	x0,misa,x29	 x29:0x40001106  x0=0x00000000
        1105000	        11	8000008c	00026c97	auipc	x25,0x26	 x25=0x8002608c
        1115000	        12	80000090	c58c8c93	addi	x25,x25,-936	 x25:0x8002608c x25=0x80025ce4
        1125000	        13	80000094	00002e97	auipc	x29,0x2	 x29=0x80002094
        1135000	        14	80000098	66ce8e93	addi	x29,x29,1644	 x29:0x80002094 x29=0x80002700
        1145000	        15	8000009c	001eee93	ori	x29,x29,1	 x29:0x80002700 x29=0x80002701
        1155000	        16	800000a0	305e9073	csrrw	x0,mtvec,x29	 x29:0x80002701  x0=0x00000000
        1185000	        19	800000a4	74725073	csrrwi	x0,0x747,4	  x0=0x00000000
        1215000	        22	800000a8	00003f97	auipc	x31,0x3	 x31=0x800030a8
        1225000	        23	800000ac	444f8f93	addi	x31,x31,1092	 x31:0x800030a8 x31=0x800034ec
        1235000	        24	800000b0	4e81	c.li	x29,0	 x29=0x00000000
        1245000	        25	800000b2	9ff6	c.add	x31,x29	 x31:0x800034ec x29:0x00000000 x31=0x800034ec
        1255000	        26	800000b4	002fdf93	srli	x31,x31,0x2	 x31:0x800034ec x31=0x20000d3b
        1265000	        27	800000b8	3b0f9073	csrrw	x0,pmpaddr0,x31	 x31:0x20000d3b  x0=0x00000000
        1295000	        30	800000bc	00003f97	auipc	x31,0x3	 x31=0x800030bc
        1305000	        31	800000c0	430f8f93	addi	x31,x31,1072	 x31:0x800030bc x31=0x800034ec
        1315000	        32	800000c4	11111eb7	lui	x29,0x11111	 x29=0x11111000
        1325000	        33	800000c8	111e8e93	addi	x29,x29,273	 x29:0x11111000 x29=0x11111111
        1335000	        34	800000cc	9ff6	c.add	x31,x29	 x31:0x800034ec x29:0x11111111 x31=0x911145fd
        1345000	        35	800000ce	002fdf93	srli	x31,x31,0x2	 x31:0x911145fd x31=0x2444517f
        1355000	        36	800000d2	3b1f9073	csrrw	x0,pmpaddr1,x31	 x31:0x2444517f  x0=0x00000000
        1385000	        39	800000d6	00003f97	auipc	x31,0x3	 x31=0x800030d6
        1395000	        40	800000da	416f8f93	addi	x31,x31,1046	 x31:0x800030d6 x31=0x800034ec
        1405000	        41	800000de	22222eb7	lui	x29,0x22222	 x29=0x22222000
        1415000	        42	800000e2	222e8e93	addi	x29,x29,546	 x29:0x22222000 x29=0x22222222
        1425000	        43	800000e6	9ff6	c.add	x31,x29	 x31:0x800034ec x29:0x22222222 x31=0xa222570e
        1435000	        44	800000e8	002fdf93	srli	x31,x31,0x2	 x31:0xa222570e x31=0x288895c3
        1445000	        45	800000ec	3b2f9073	csrrw	x0,pmpaddr2,x31	 x31:0x288895c3  x0=0x00000000
        1475000	        48	800000f0	00003f97	auipc	x31,0x3	 x31=0x800030f0
        1485000	        49	800000f4	3fcf8f93	addi	x31,x31,1020	 x31:0x800030f0 x31=0x800034ec
        1495000	        50	800000f8	33333eb7	lui	x29,0x33333	 x29=0x33333000
        1505000	        51	800000fc	333e8e93	addi	x29,x29,819	 x29:0x33333000 x29=0x33333333
        1515000	        52	80000100	9ff6	c.add	x31,x29	 x31:0x800034ec x29:0x33333333 x31=0xb333681f
        1525000	        53	80000102	002fdf93	srli	x31,x31,0x2	 x31:0xb333681f x31=0x2cccda07
        1535000	        54	80000106	3b3f9073	csrrw	x0,pmpaddr3,x31	 x31:0x2cccda07  x0=0x00000000
        1565000	        57	8000010a	0f0f1fb7	lui	x31,0xf0f1	 x31=0x0f0f1000
        1575000	        58	8000010e	f0ff8f93	addi	x31,x31,-241	 x31:0x0f0f1000 x31=0x0f0f0f0f
        1585000	        59	80000112	3a0f9073	csrrw	x0,pmpcfg0,x31	 x31:0x0f0f0f0f  x0=0x00000000
        1615000	        62	80000116	00003f97	auipc	x31,0x3	 x31=0x80003116
        1625000	        63	8000011a	3d6f8f93	addi	x31,x31,982	 x31:0x80003116 x31=0x800034ec
        1635000	        64	8000011e	44444eb7	lui	x29,0x44444	 x29=0x44444000
        1645000	        65	80000122	444e8e93	addi	x29,x29,1092	 x29:0x44444000 x29=0x44444444
        1655000	        66	80000126	9ff6	c.add	x31,x29	 x31:0x800034ec x29:0x44444444 x31=0xc4447930
        1665000	        67	80000128	002fdf93	srli	x31,x31,0x2	 x31:0xc4447930 x31=0x31111e4c
        1675000	        68	8000012c	3b4f9073	csrrw	x0,pmpaddr4,x31	 x31:0x31111e4c  x0=0x00000000
        1705000	        71	80000130	00003f97	auipc	x31,0x3	 x31=0x80003130
        1715000	        72	80000134	3bcf8f93	addi	x31,x31,956	 x31:0x80003130 x31=0x800034ec
        1725000	        73	80000138	55555eb7	lui	x29,0x55555	 x29=0x55555000
        1735000	        74	8000013c	555e8e93	addi	x29,x29,1365	 x29:0x55555000 x29=0x55555555
        1745000	        75	80000140	9ff6	c.add	x31,x29	 x31:0x800034ec x29:0x55555555 x31=0xd5558a41
        1755000	        76	80000142	002fdf93	srli	x31,x31,0x2	 x31:0xd5558a41 x31=0x35556290
        1765000	        77	80000146	3b5f9073	csrrw	x0,pmpaddr5,x31	 x31:0x35556290  x0=0x00000000
        1795000	        80	8000014a	00003f97	auipc	x31,0x3	 x31=0x8000314a
        1805000	        81	8000014e	3a2f8f93	addi	x31,x31,930	 x31:0x8000314a x31=0x800034ec
        1815000	        82	80000152	66666eb7	lui	x29,0x66666	 x29=0x66666000
        1825000	        83	80000156	666e8e93	addi	x29,x29,1638	 x29:0x66666000 x29=0x66666666
        1835000	        84	8000015a	9ff6	c.add	x31,x29	 x31:0x800034ec x29:0x66666666 x31=0xe6669b52
        1845000	        85	8000015c	002fdf93	srli	x31,x31,0x2	 x31:0xe6669b52 x31=0x3999a6d4
        1855000	        86	80000160	3b6f9073	csrrw	x0,pmpaddr6,x31	 x31:0x3999a6d4  x0=0x00000000
        1885000	        89	80000164	00003f97	auipc	x31,0x3	 x31=0x80003164
        1895000	        90	80000168	388f8f93	addi	x31,x31,904	 x31:0x80003164 x31=0x800034ec
        1905000	        91	8000016c	77777eb7	lui	x29,0x77777	 x29=0x77777000
        1915000	        92	80000170	777e8e93	addi	x29,x29,1911	 x29:0x77777000 x29=0x77777777
        1925000	        93	80000174	9ff6	c.add	x31,x29	 x31:0x800034ec x29:0x77777777 x31=0xf777ac63
        1935000	        94	80000176	002fdf93	srli	x31,x31,0x2	 x31:0xf777ac63 x31=0x3dddeb18
        1945000	        95	8000017a	3b7f9073	csrrw	x0,pmpaddr7,x31	 x31:0x3dddeb18  x0=0x00000000
        1975000	        98	8000017e	0f0f1fb7	lui	x31,0xf0f1	 x31=0x0f0f1000
        1985000	        99	80000182	f0ff8f93	addi	x31,x31,-241	 x31:0x0f0f1000 x31=0x0f0f0f0f
        1995000	       100	80000186	3a1f9073	csrrw	x0,pmpcfg1,x31	 x31:0x0f0f0f0f  x0=0x00000000
        2025000	       103	8000018a	00003f97	auipc	x31,0x3	 x31=0x8000318a
        2035000	       104	8000018e	362f8f93	addi	x31,x31,866	 x31:0x8000318a x31=0x800034ec
        2045000	       105	80000192	88889eb7	lui	x29,0x88889	 x29=0x88889000
        2055000	       106	80000196	888e8e93	addi	x29,x29,-1912	 x29:0x88889000 x29=0x88888888
        2065000	       107	8000019a	9ff6	c.add	x31,x29	 x31:0x800034ec x29:0x88888888 x31=0x0888bd74
        2075000	       108	8000019c	002fdf93	srli	x31,x31,0x2	 x31:0x0888bd74 x31=0x02222f5d
        2085000	       109	800001a0	3b8f9073	csrrw	x0,pmpaddr8,x31	 x31:0x02222f5d  x0=0x00000000
        2115000	       112	800001a4	00003f97	auipc	x31,0x3	 x31=0x800031a4
        2125000	       113	800001a8	348f8f93	addi	x31,x31,840	 x31:0x800031a4 x31=0x800034ec
        2135000	       114	800001ac	9999aeb7	lui	x29,0x9999a	 x29=0x9999a000
        2145000	       115	800001b0	999e8e93	addi	x29,x29,-1639	 x29:0x9999a000 x29=0x99999999
        2155000	       116	800001b4	9ff6	c.add	x31,x29	 x31:0x800034ec x29:0x99999999 x31=0x1999ce85
        2165000	       117	800001b6	002fdf93	srli	x31,x31,0x2	 x31:0x1999ce85 x31=0x066673a1
        2175000	       118	800001ba	3b9f9073	csrrw	x0,pmpaddr9,x31	 x31:0x066673a1  x0=0x00000000
        2205000	       121	800001be	00003f97	auipc	x31,0x3	 x31=0x800031be
        2215000	       122	800001c2	32ef8f93	addi	x31,x31,814	 x31:0x800031be x31=0x800034ec
        2225000	       123	800001c6	aaaabeb7	lui	x29,0xaaaab	 x29=0xaaaab000
        2235000	       124	800001ca	aaae8e93	addi	x29,x29,-1366	 x29:0xaaaab000 x29=0xaaaaaaaa
        2245000	       125	800001ce	9ff6	c.add	x31,x29	 x31:0x800034ec x29:0xaaaaaaaa x31=0x2aaadf96
        2255000	       126	800001d0	002fdf93	srli	x31,x31,0x2	 x31:0x2aaadf96 x31=0x0aaab7e5
        2265000	       127	800001d4	3baf9073	csrrw	x0,pmpaddr10,x31	 x31:0x0aaab7e5  x0=0x00000000
        2295000	       130	800001d8	00003f97	auipc	x31,0x3	 x31=0x800031d8
        2305000	       131	800001dc	314f8f93	addi	x31,x31,788	 x31:0x800031d8 x31=0x800034ec
        2315000	       132	800001e0	bbbbceb7	lui	x29,0xbbbbc	 x29=0xbbbbc000
        2325000	       133	800001e4	bbbe8e93	addi	x29,x29,-1093	 x29:0xbbbbc000 x29=0xbbbbbbbb
        2335000	       134	800001e8	9ff6	c.add	x31,x29	 x31:0x800034ec x29:0xbbbbbbbb x31=0x3bbbf0a7
        2345000	       135	800001ea	002fdf93	srli	x31,x31,0x2	 x31:0x3bbbf0a7 x31=0x0eeefc29
        2355000	       136	800001ee	3bbf9073	csrrw	x0,pmpaddr11,x31	 x31:0x0eeefc29  x0=0x00000000
        2385000	       139	800001f2	0f0f1fb7	lui	x31,0xf0f1	 x31=0x0f0f1000
        2395000	       140	800001f6	f0ff8f93	addi	x31,x31,-241	 x31:0x0f0f1000 x31=0x0f0f0f0f
        2405000	       141	800001fa	3a2f9073	csrrw	x0,pmpcfg2,x31	 x31:0x0f0f0f0f  x0=0x00000000
        2435000	       144	800001fe	00003f97	auipc	x31,0x3	 x31=0x800031fe
        2445000	       145	80000202	2eef8f93	addi	x31,x31,750	 x31:0x800031fe x31=0x800034ec
        2455000	       146	80000206	ccccdeb7	lui	x29,0xccccd	 x29=0xccccd000
        2465000	       147	8000020a	ccce8e93	addi	x29,x29,-820	 x29:0xccccd000 x29=0xcccccccc
        2475000	       148	8000020e	9ff6	c.add	x31,x29	 x31:0x800034ec x29:0xcccccccc x31=0x4ccd01b8
        2485000	       149	80000210	002fdf93	srli	x31,x31,0x2	 x31:0x4ccd01b8 x31=0x1333406e
        2495000	       150	80000214	3bcf9073	csrrw	x0,pmpaddr12,x31	 x31:0x1333406e  x0=0x00000000
        2525000	       153	80000218	00003f97	auipc	x31,0x3	 x31=0x80003218
        2535000	       154	8000021c	2d4f8f93	addi	x31,x31,724	 x31:0x80003218 x31=0x800034ec
        2545000	       155	80000220	ddddeeb7	lui	x29,0xdddde	 x29=0xdddde000
        2555000	       156	80000224	ddde8e93	addi	x29,x29,-547	 x29:0xdddde000 x29=0xdddddddd
        2565000	       157	80000228	9ff6	c.add	x31,x29	 x31:0x800034ec x29:0xdddddddd x31=0x5dde12c9
        2575000	       158	8000022a	002fdf93	srli	x31,x31,0x2	 x31:0x5dde12c9 x31=0x177784b2
        2585000	       159	8000022e	3bdf9073	csrrw	x0,pmpaddr13,x31	 x31:0x177784b2  x0=0x00000000
        2615000	       162	80000232	00003f97	auipc	x31,0x3	 x31=0x80003232
        2625000	       163	80000236	2baf8f93	addi	x31,x31,698	 x31:0x80003232 x31=0x800034ec
        2635000	       164	8000023a	eeeefeb7	lui	x29,0xeeeef	 x29=0xeeeef000
        2645000	       165	8000023e	eeee8e93	addi	x29,x29,-274	 x29:0xeeeef000 x29=0xeeeeeeee
        2655000	       166	80000242	9ff6	c.add	x31,x29	 x31:0x800034ec x29:0xeeeeeeee x31=0x6eef23da
        2665000	       167	80000244	002fdf93	srli	x31,x31,0x2	 x31:0x6eef23da x31=0x1bbbc8f6
        2675000	       168	80000248	3bef9073	csrrw	x0,pmpaddr14,x31	 x31:0x1bbbc8f6  x0=0x00000000
        2705000	       171	8000024c	00003f97	auipc	x31,0x3	 x31=0x8000324c
        2715000	       172	80000250	2a0f8f93	addi	x31,x31,672	 x31:0x8000324c x31=0x800034ec
        2725000	       173	80000254	fff00e93	addi	x29,x0,-1	  x0:0x00000000 x29=0xffffffff
        2735000	       174	80000258	9ff6	c.add	x31,x29	 x31:0x800034ec x29:0xffffffff x31=0x800034eb
        2745000	       175	8000025a	002fdf93	srli	x31,x31,0x2	 x31:0x800034eb x31=0x20000d3a
        2755000	       176	8000025e	3bff9073	csrrw	x0,pmpaddr15,x31	 x31:0x20000d3a  x0=0x00000000
        2785000	       179	80000262	0f0f1fb7	lui	x31,0xf0f1	 x31=0x0f0f1000
        2795000	       180	80000266	f0ff8f93	addi	x31,x31,-241	 x31:0x0f0f1000 x31=0x0f0f0f0f
        2805000	       181	8000026a	3a3f9073	csrrw	x0,pmpcfg3,x31	 x31:0x0f0f0f0f  x0=0x00000000
        2835000	       184	8000026e	00000e97	auipc	x29,0x0	 x29=0x8000026e
        2845000	       185	80000272	060e8e93	addi	x29,x29,96	 x29:0x8000026e x29=0x800002ce
        2855000	       186	80000276	341e9073	csrrw	x0,mepc,x29	 x29:0x800002ce  x0=0x00000000
        2865000	       187	8000027a	7c00d073	csrrwi	x0,0x7c0,1	  x0=0x00000000
        2895000	       190	8000027e	4e81	c.li	x29,0	 x29=0x00000000
        2905000	       191	80000280	300e9073	csrrw	x0,mstatus,x29	 x29:0x00000000  x0=0x00000000
        2935000	       194	80000284	4e81	c.li	x29,0	 x29=0x00000000
        2945000	       195	80000286	304e9073	csrrw	x0,mie,x29	 x29:0x00000000  x0=0x00000000
        2975000	       198	8000028a	900007b7	lui	x15,0x90000	 x15=0x90000000
        2985000	       199	8000028e	17f1	c.addi	x15,-4	 x15:0x90000000 x15=0x8ffffffc
        2995000	       200	80000290	900007b7	lui	x15,0x90000	 x15=0x90000000
        3005000	       201	80000294	17f1	c.addi	x15,-4	 x15:0x90000000 x15=0x8ffffffc
        3015000	       202	80000296	900007b7	lui	x15,0x90000	 x15=0x90000000
        3025000	       203	8000029a	17f1	c.addi	x15,-4	 x15:0x90000000 x15=0x8ffffffc
        3035000	       204	8000029c	30000e93	addi	x29,x0,768	  x0:0x00000000 x29=0x00000300
        3045000	       205	800002a0	0ea2	c.slli	x29,0x8	 x29:0x00000300 x29=0x00030000
        3055000	       206	800002a2	0e8d	c.addi	x29,3	 x29:0x00030000 x29=0x00030003
        3065000	       207	800002a4	01d7a023	sw	x29,0(x15)	 x15:0x8ffffffc x29:0x00030003 PA:0x8ffffffc store:0x00030003 load:0x00000000
        3075000	       208	800002a8	30002ef3	csrrs	x29,mstatus,x0	  x0:0x00000000 x29=0x00000000
        3085000	       209	800002ac	01d7a023	sw	x29,0(x15)	 x15:0x8ffffffc x29:0x00000000 PA:0x8ffffffc store:0x00000000 load:0x00000000
        3095000	       210	800002b0	900007b7	lui	x15,0x90000	 x15=0x90000000
        3105000	       211	800002b4	17f1	c.addi	x15,-4	 x15:0x90000000 x15=0x8ffffffc
        3115000	       212	800002b6	30400e93	addi	x29,x0,772	  x0:0x00000000 x29=0x00000304
        3125000	       213	800002ba	0ea2	c.slli	x29,0x8	 x29:0x00000304 x29=0x00030400
        3135000	       214	800002bc	0e8d	c.addi	x29,3	 x29:0x00030400 x29=0x00030403
        3145000	       215	800002be	01d7a023	sw	x29,0(x15)	 x15:0x8ffffffc x29:0x00030403 PA:0x8ffffffc store:0x00030403 load:0x00000000
        3155000	       216	800002c2	30402ef3	csrrs	x29,mie,x0	  x0:0x00000000 x29=0x00000000
        3165000	       217	800002c6	01d7a023	sw	x29,0(x15)	 x15:0x8ffffffc x29:0x00000000 PA:0x8ffffffc store:0x00000000 load:0x00000000
        3175000	       218	800002ca	30200073	mret	
        3215000	       222	800002ce	00200013	addi	x0,x0,2	  x0:0x00000000  x0=0x00000000
        3225000	       223	800002d2	800000b7	lui	x1,0x80000	  x1=0x80000000
        3235000	       224	800002d6	4121	c.li	x2,8	  x2=0x00000008
        3245000	       225	800002d8	fb2c31b7	lui	x3,0xfb2c3	  x3=0xfb2c3000
        3255000	       226	800002dc	ec418193	addi	x3,x3,-316	  x3:0xfb2c3000  x3=0xfb2c2ec4
        3265000	       227	800002e0	fadcf237	lui	x4,0xfadcf	  x4=0xfadcf000
        3275000	       228	800002e4	87920213	addi	x4,x4,-1927	  x4:0xfadcf000  x4=0xfadce879
        3285000	       229	800002e8	800002b7	lui	x5,0x80000	  x5=0x80000000
        3295000	       230	800002ec	433d	c.li	x6,15	  x6=0x0000000f
        3305000	       231	800002ee	834b03b7	lui	x7,0x834b0	  x7=0x834b0000
        3315000	       232	800002f2	f3d38393	addi	x7,x7,-195	  x7:0x834b0000  x7=0x834aff3d
        3325000	       233	800002f6	4401	c.li	x8,0	  x8=0x00000000
        3335000	       234	800002f8	800004b7	lui	x9,0x80000	  x9=0x80000000
        3345000	       235	800002fc	fc76e537	lui	x10,0xfc76e	 x10=0xfc76e000
        3355000	       236	80000300	4c950513	addi	x10,x10,1225	 x10:0xfc76e000 x10=0xfc76e4c9
        3365000	       237	80000304	800005b7	lui	x11,0x80000	 x11=0x80000000
        3375000	       238	80000308	4601	c.li	x12,0	 x12=0x00000000
        3385000	       239	8000030a	b76a46b7	lui	x13,0xb76a4	 x13=0xb76a4000
        3395000	       240	8000030e	cb868693	addi	x13,x13,-840	 x13:0xb76a4000 x13=0xb76a3cb8
        3405000	       241	80000312	4701	c.li	x14,0	 x14=0x00000000
        3415000	       242	80000314	f5e2d7b7	lui	x15,0xf5e2d	 x15=0xf5e2d000
        3425000	       243	80000318	1bd78793	addi	x15,x15,445	 x15:0xf5e2d000 x15=0xf5e2d1bd
        3435000	       244	8000031c	4801	c.li	x16,0	 x16=0x00000000
        3445000	       245	8000031e	f84398b7	lui	x17,0xf8439	 x17=0xf8439000
        3455000	       246	80000322	4fe88893	addi	x17,x17,1278	 x17:0xf8439000 x17=0xf84394fe
        3465000	       247	80000326	80000937	lui	x18,0x80000	 x18=0x80000000
        3475000	       248	8000032a	4a01	c.li	x20,0	 x20=0x00000000
        3485000	       249	8000032c	fbac3ab7	lui	x21,0xfbac3	 x21=0xfbac3000
        3495000	       250	80000330	d00a8a93	addi	x21,x21,-768	 x21:0xfbac3000 x21=0xfbac2d00
        3505000	       251	80000334	4b01	c.li	x22,0	 x22=0x00000000
        3515000	       252	80000336	46a94bb7	lui	x23,0x46a94	 x23=0x46a94000
        3525000	       253	8000033a	8a7b8b93	addi	x23,x23,-1881	 x23:0x46a94000 x23=0x46a938a7
        3535000	       254	8000033e	80000c37	lui	x24,0x80000	 x24=0x80000000
        3545000	       255	80000342	f9271d37	lui	x26,0xf9271	 x26=0xf9271000
        3555000	       256	80000346	2f8d0d13	addi	x26,x26,760	 x26:0xf9271000 x26=0xf92712f8
        3565000	       257	8000034a	a4a80db7	lui	x27,0xa4a80	 x27=0xa4a80000
        3575000	       258	8000034e	b50d8d93	addi	x27,x27,-1200	 x27:0xa4a80000 x27=0xa4a7fb50
        3585000	       259	80000352	80000e37	lui	x28,0x80000	 x28=0x80000000
        3595000	       260	80000356	80000eb7	lui	x29,0x80000	 x29=0x80000000
        3605000	       261	8000035a	4f35	c.li	x30,13	 x30=0x0000000d
        3615000	       262	8000035c	4fad	c.li	x31,11	 x31=0x0000000b
        3625000	       263	8000035e	00022997	auipc	x19,0x22	 x19=0x8002235e
        3635000	       264	80000362	b0698993	addi	x19,x19,-1274	 x19:0x8002235e x19=0x80021e64
        3645000	       265	80000366	900007b7	lui	x15,0x90000	 x15=0x90000000
        3655000	       266	8000036a	17f1	c.addi	x15,-4	 x15:0x90000000 x15=0x8ffffffc
        3665000	       267	8000036c	4e81	c.li	x29,0	 x29=0x00000000
        3675000	       268	8000036e	0ea2	c.slli	x29,0x8	 x29:0x00000000 x29=0x00000000
        3685000	       269	80000370	000e8e93	addi	x29,x29,0	 x29:0x00000000 x29=0x00000000
        3695000	       270	80000374	01d7a023	sw	x29,0(x15)	 x15:0x8ffffffc x29:0x00000000 PA:0x8ffffffc store:0x00000000 load:0x00000000
        3705000	       271	80000378	1740306f	jal	x0,800034ec	  x0=0x00000000
        3725000	       273	800034ec	6ade3f37	lui	x30,0x6ade3	 x30=0x6ade3000
        3735000	       274	800034f0	0000100f	fence.i	
        3755000	       276	800034f4	1110	c.addi4spn	x12,x2,160	 x12=0x000000a8
        3765000	       277	800034f6	00002d97	auipc	x27,0x2	 x27=0x800054f6
        3775000	       278	800034fa	33ad8d93	addi	x27,x27,826	 x27:0x800054f6 x27=0x80005830
        3785000	       279	800034fe	0ded	c.addi	x27,27	 x27:0x80005830 x27=0x8000584b
        3795000	       280	80003500	dd8a7013	andi	x0,x20,-552	 x20:0x00000000  x0=0x00000000
        3805000	       281	80003504	40de5d33	sra	x26,x28,x13	 x28:0x80000000 x13:0xb76a3cb8 x26=0xffffff80
        3815000	       282	80003508	0000100f	fence.i	
        3835000	       284	8000350c	fe5d8667	jalr	x12,-27(x27)	 x27:0x8000584b x12=0x80003510
        3885000	       289	80005830	0321a0b3	mulhsu	x1,x3,x18	  x3:0xfb2c2ec4 x18:0x80000000  x1=0xfd961762
        3895000	       290	80005834	00b6d663	bge	x13,x11,80005840	 x13:0xb76a3cb8 x11:0x80000000
        3915000	       292	80005840	fd498993	addi	x19,x19,-44	 x19:0x80021e64 x19=0x80021e38
        3925000	       293	80005844	0001	c.addi	x0,0	  x0:0x00000000  x0=0x00000000
        3935000	       294	80005846	00c9a223	sw	x12,4(x19)	 x19:0x80021e38 x12:0x80003510 PA:0x80021e3c store:0x80003510 load:0x00000000
        3945000	       295	8000584a	008018b3	sll	x17,x0,x8	  x0:0x00000000  x8:0x00000000 x17=0x00000000
        3955000	       296	8000584e	8451	c.srai	x8,0x14	  x8:0x00000000  x8=0x00000000
        3965000	       297	80005850	00cb1133	sll	x2,x22,x12	 x22:0x00000000 x12:0x80003510  x2=0x00000000
        3975000	       298	80005854	01de37b3	sltu	x15,x28,x29	 x28:0x80000000 x29:0x00000000 x15=0x00000000
        3985000	       299	80005858	b7d43593	sltiu	x11,x8,-1155	  x8:0x00000000 x11=0x00000001
        3995000	       300	8000585c	80d6	c.mv	x1,x21	  x0:0x00000000 x21:0xfbac2d00  x1=0xfbac2d00
        4005000	       301	8000585e	73eed717	auipc	x14,0x73eed	 x14=0xf3ef285e
        4015000	       302	80005862	01b34663	blt	x6,x27,8000586e	  x6:0x0000000f x27:0x8000584b
        4025000	       303	80005866	23ea3b13	sltiu	x22,x20,574	 x20:0x00000000 x22=0x00000001
        4035000	       304	8000586a	17d8c013	xori	x0,x17,381	 x17:0x00000000  x0=0x00000000
        4045000	       305	8000586e	f31ff66f	jal	x12,8000579e	 x12=0x80005872
        4075000	       308	8000579e	0083e463	bltu	x7,x8,800057a6	  x7:0x834aff3d  x8:0x00000000
        4085000	       309	800057a2	008235b3	sltu	x11,x4,x8	  x4:0xfadce879  x8:0x00000000 x11=0x00000000
        4095000	       310	800057a6	fdc98993	addi	x19,x19,-36	 x19:0x80021e38 x19=0x80021e14
        4105000	       311	800057aa	00c9a223	sw	x12,4(x19)	 x19:0x80021e14 x12:0x80005872 PA:0x80021e18 store:0x80005872 load:0x00000000
        4115000	       312	800057ae	0222	c.slli	x4,0x8	  x4:0xfadce879  x4=0xdce87900
        4125000	       313	800057b0	dacff893	andi	x17,x31,-596	 x31:0x0000000b x17=0x00000008
        4135000	       314	800057b4	0000100f	fence.i	
        4155000	       316	800057b8	0001	c.addi	x0,0	  x0:0x00000000  x0=0x00000000
        4165000	       317	800057ba	8c39	c.xor	x8,x14	  x8:0x00000000 x14:0xf3ef285e  x8=0xf3ef285e
        4205000	       321	800057bc	032037b3	mulhu	x15,x0,x18	  x0:0x00000000 x18:0x80000000 x15=0x00000000
        4575000	       358	800057c0	0313e3b3	rem	x7,x7,x17	  x7:0x834aff3d x17:0x00000008  x7=0xfffffffd
        4585000	       359	800057c4	40a45013	srai	x0,x8,0xa	  x8:0xf3ef285e  x0=0x00000000
        4955000	       396	800057c8	021167b3	rem	x15,x2,x1	  x2:0x00000000  x1:0xfbac2d00 x15=0x00000000
        4965000	       397	800057cc	ef7fd66f	jal	x12,800036c2	 x12=0x800057d0
        4985000	       399	800036c2	8c61	c.and	x8,x8	  x8:0xf3ef285e  x8:0xf3ef285e  x8=0xf3ef285e
        4995000	       400	800036c4	9ade6513	ori	x10,x28,-1619	 x28:0x80000000 x10=0xfffff9ad
        5035000	       404	800036c8	0301b133	mulhu	x2,x3,x16	  x3:0xfb2c2ec4 x16:0x00000000  x2=0x00000000
        5045000	       405	800036cc	1991	c.addi	x19,-28	 x19:0x80021e14 x19=0x80021df8
        5055000	       406	800036ce	21ec2b13	slti	x22,x24,542	 x24:0x80000000 x22=0x00000001
        5065000	       407	800036d2	00e81d33	sll	x26,x16,x14	 x16:0x00000000 x14:0xf3ef285e x26=0x00000000
        5075000	       408	800036d6	00c9a223	sw	x12,4(x19)	 x19:0x80021df8 x12:0x800057d0 PA:0x80021dfc store:0x800057d0 load:0x00000000
        5085000	       409	800036da	0da6	c.slli	x27,0x9	 x27:0x8000584b x27=0x00b09600
        5095000	       410	800036dc	9f66b493	sltiu	x9,x13,-1546	 x13:0xb76a3cb8  x9=0x00000001
        5115000	       412	800036e0	020ed033	divu	x0,x29,x0	 x29:0x00000000  x0:0x00000000  x0=0x00000000
        5125000	       413	800036e4	00a4b733	sltu	x14,x9,x10	  x9:0x00000001 x10:0xfffff9ad x14=0x00000001
        5135000	       414	800036e8	82e2	c.mv	x5,x24	  x0:0x00000000 x24:0x80000000  x5=0x80000000
        5145000	       415	800036ea	8fdd	c.or	x15,x15	 x15:0x00000000 x15:0x00000000 x15=0x00000000
        5155000	       416	800036ec	0007f963	bgeu	x15,x0,800036fe	 x15:0x00000000  x0:0x00000000
        5185000	       419	800036fe	0ff0000f	fence	iorw,iorw	
        5225000	       423	80003702	03101233	mulh	x4,x0,x17	  x0:0x00000000 x17:0x00000008  x4=0x00000000
        5595000	       460	80003706	035af433	remu	x8,x21,x21	 x21:0xfbac2d00 x21:0xfbac2d00  x8=0x00000000
        5605000	       461	8000370a	127d	c.addi	x4,-1	  x4:0x00000000  x4=0xffffffff
        5615000	       462	8000370c	8c39	c.xor	x8,x14	  x8:0x00000000 x14:0x00000001  x8=0x00000001
        5625000	       463	8000370e	e3cd0a13	addi	x20,x26,-452	 x26:0x00000000 x20=0xfffffe3c
        5645000	       465	80003712	02f24d33	div	x26,x4,x15	  x4:0xffffffff x15:0x00000000 x26=0xffffffff
        5655000	       466	80003716	0001	c.addi	x0,0	  x0:0x00000000  x0=0x00000000
        5665000	       467	80003718	6f7b67b7	lui	x15,0x6f7b6	 x15=0x6f7b6000
        5675000	       468	8000371c	9afd	c.andi	x13,-1	 x13:0xb76a3cb8 x13=0xb76a3cb8
        5685000	       469	8000371e	88bd	c.andi	x9,15	  x9:0x00000001  x9=0x00000001
        5695000	       470	80003720	40915133	sra	x2,x2,x9	  x2:0x00000000  x9:0x00000001  x2=0x00000000
        5705000	       471	80003724	ea81	c.bnez	x13,80003734	 x13:0xb76a3cb8
        5725000	       473	80003734	4b75	c.li	x22,29	 x22=0x0000001d
        5735000	       474	80003736	826e	c.mv	x4,x27	  x0:0x00000000 x27:0x00b09600  x4=0x00b09600
        5745000	       475	80003738	8c95	c.sub	x9,x13	  x9:0x00000001 x13:0xb76a3cb8  x9=0x4895c349
        5755000	       476	8000373a	0001	c.addi	x0,0	  x0:0x00000000  x0=0x00000000
        5765000	       477	8000373c	0001	c.addi	x0,0	  x0:0x00000000  x0=0x00000000
        5775000	       478	8000373e	00032093	slti	x1,x6,0	  x6:0x0000000f  x1=0x00000000
        5785000	       479	80003742	3674ed13	ori	x26,x9,871	  x9:0x4895c349 x26=0x4895c36f
        5795000	       480	80003746	00a56863	bltu	x10,x10,80003756	 x10:0xfffff9ad x10:0xfffff9ad
        5805000	       481	8000374a	afec4e13	xori	x28,x24,-1282	 x24:0x80000000 x28=0x7ffffafe
        5815000	       482	8000374e	cb2c2a93	slti	x21,x24,-846	 x24:0x80000000 x21=0x00000001
        5825000	       483	80003752	01c0b4b3	sltu	x9,x1,x28	  x1:0x00000000 x28:0x7ffffafe  x9=0x00000001
        5835000	       484	80003756	41d9	c.li	x3,22	  x3=0x00000016
        6205000	       521	80003758	03e0c933	div	x18,x1,x30	  x1:0x00000000 x30:0x6ade3000 x18=0x00000000
        6215000	       522	8000375c	0bda9517	auipc	x10,0xbda9	 x10=0x8bdac75c
        6225000	       523	80003760	03bfd163	bge	x31,x27,80003782	 x31:0x0000000b x27:0x00b09600
        6235000	       524	80003764	03cd4163	blt	x26,x28,80003786	 x26:0x4895c36f x28:0x7ffffafe
        6295000	       530	80003786	03a3a933	mulhsu	x18,x7,x26	  x7:0xfffffffd x26:0x4895c36f x18=0xffffffff
        6305000	       531	8000378a	047ef463	bgeu	x29,x7,800037d2	 x29:0x00000000  x7:0xfffffffd
        6315000	       532	8000378e	c699	c.beqz	x13,8000379c	 x13:0xb76a3cb8
        6345000	       535	80003790	037d0ab3	mul	x21,x26,x23	 x26:0x4895c36f x23:0x46a938a7 x21=0x7ab9c569
        6355000	       536	80003794	0ff0000f	fence	iorw,iorw	
        6365000	       537	80003798	4142d7b3	sra	x15,x5,x20	  x5:0x80000000 x20:0xfffffe3c x15=0xfffffff8
        6375000	       538	8000379c	8e21	c.xor	x12,x8	 x12:0x800057d0  x8:0x00000001 x12=0x800057d1
        6385000	       539	8000379e	00c3d563	bge	x7,x12,800037a8	  x7:0xfffffffd x12:0x800057d1
        6435000	       544	800037a8	026eb833	mulhu	x16,x29,x6	 x29:0x00000000  x6:0x0000000f x16=0x00000000
        6445000	       545	800037ac	034a6763	bltu	x20,x20,800037da	 x20:0xfffffe3c x20:0xfffffe3c
        6815000	       582	800037b0	02fec433	div	x8,x29,x15	 x29:0x00000000 x15:0xfffffff8  x8=0x00000000
        6825000	       583	800037b4	00b46bb3	or	x23,x8,x11	  x8:0x00000000 x11:0x00000000 x23=0x00000000
        6835000	       584	800037b8	8f49	c.or	x14,x10	 x14:0x00000001 x10:0x8bdac75c x14=0x8bdac75d
        6845000	       585	800037ba	021df863	bgeu	x27,x1,800037ea	 x27:0x00b09600  x1:0x00000000
        6875000	       588	800037ea	9beefb93	andi	x23,x29,-1602	 x29:0x00000000 x23=0x00000000
        7245000	       625	800037ee	03297533	remu	x10,x18,x18	 x18:0xffffffff x18:0xffffffff x10=0x00000000
        7255000	       626	800037f2	8e59	c.or	x12,x14	 x12:0x800057d1 x14:0x8bdac75d x12=0x8bdad7dd
        7265000	       627	800037f4	717bcb93	xori	x23,x23,1815	 x23:0x00000000 x23=0x00000717
        7285000	       629	800037f8	0300ed33	rem	x26,x1,x16	  x1:0x00000000 x16:0x00000000 x26=0x00000000
        7295000	       630	800037fc	0001	c.addi	x0,0	  x0:0x00000000  x0=0x00000000
        7305000	       631	800037fe	8e2d	c.xor	x12,x11	 x12:0x8bdad7dd x11:0x00000000 x12=0x8bdad7dd
        7315000	       632	80003800	80b1	c.srli	x9,0xc	  x9:0x00000001  x9=0x00000000
        7325000	       633	80003802	8d85	c.sub	x11,x9	 x11:0x00000000  x9:0x00000000 x11=0x00000000
        7335000	       634	80003804	b7314193	xori	x3,x2,-1165	  x2:0x00000000  x3=0xfffffb73
        7345000	       635	80003808	012148b3	xor	x17,x2,x18	  x2:0x00000000 x18:0xffffffff x17=0xffffffff
        7355000	       636	8000380c	02b1f363	bgeu	x3,x11,80003832	  x3:0xfffffb73 x11:0x00000000
        7415000	       642	80003832	02749d33	mulh	x26,x9,x7	  x9:0x00000000  x7:0xfffffffd x26=0x00000000
        7425000	       643	80003836	0001	c.addi	x0,0	  x0:0x00000000  x0=0x00000000
        7435000	       644	80003838	0000100f	fence.i	
        7455000	       646	8000383c	2c352737	lui	x14,0x2c352	 x14=0x2c352000
        7465000	       647	80003840	0001	c.addi	x0,0	  x0:0x00000000  x0=0x00000000
        7475000	       648	80003842	ca95	c.beqz	x13,80003876	 x13:0xb76a3cb8
        7845000	       685	80003844	0386dd33	divu	x26,x13,x24	 x13:0xb76a3cb8 x24:0x80000000 x26=0x00000001
        7855000	       686	80003848	8f55	c.or	x14,x13	 x14:0x2c352000 x13:0xb76a3cb8 x14=0xbf7f3cb8
        8225000	       723	8000384a	03c7cd33	div	x26,x15,x28	 x15:0xfffffff8 x28:0x7ffffafe x26=0x00000000
        8235000	       724	8000384e	8f15	c.sub	x14,x13	 x14:0xbf7f3cb8 x13:0xb76a3cb8 x14=0x08150000
        8245000	       725	80003850	3a5f4a13	xori	x20,x30,933	 x30:0x6ade3000 x20=0x6ade33a5
        8255000	       726	80003854	a66b7b13	andi	x22,x22,-1434	 x22:0x0000001d x22=0x00000004
        8265000	       727	80003858	743a3413	sltiu	x8,x20,1859	 x20:0x6ade33a5  x8=0x00000000
        8275000	       728	8000385c	015931b3	sltu	x3,x18,x21	 x18:0xffffffff x21:0x7ab9c569  x3=0x00000000
        8285000	       729	80003860	0000100f	fence.i	
        8305000	       731	80003864	034e6c63	bltu	x28,x20,8000389c	 x28:0x7ffffafe x20:0x6ade33a5
        8315000	       732	80003868	005471b3	and	x3,x8,x5	  x8:0x00000000  x5:0x80000000  x3=0x00000000
        8325000	       733	8000386c	00da5bb3	srl	x23,x20,x13	 x20:0x6ade33a5 x13:0xb76a3cb8 x23=0x0000006a
        8365000	       737	80003870	02b49033	mulh	x0,x9,x11	  x9:0x00000000 x11:0x00000000  x0=0x00000000
        8375000	       738	80003874	8c7d	c.and	x8,x15	  x8:0x00000000 x15:0xfffffff8  x8=0x00000000
        8385000	       739	80003876	fbe0a393	slti	x7,x1,-66	  x1:0x00000000  x7=0x00000000
        8395000	       740	8000387a	0001	c.addi	x0,0	  x0:0x00000000  x0=0x00000000
        8405000	       741	8000387c	03a7ff63	bgeu	x15,x26,800038ba	 x15:0xfffffff8 x26:0x00000000
        8425000	       743	800038ba	8956	c.mv	x18,x21	  x0:0x00000000 x21:0x7ab9c569 x18=0x7ab9c569
        8435000	       744	800038bc	c211	c.beqz	x12,800038c0	 x12:0x8bdad7dd
        8445000	       745	800038be	8c45	c.or	x8,x9	  x8:0x00000000  x9:0x00000000  x8=0x00000000
        8455000	       746	800038c0	0536	c.slli	x10,0xd	 x10:0x00000000 x10=0x00000000
        8475000	       748	800038c2	029a4d33	div	x26,x20,x9	 x20:0x6ade33a5  x9:0x00000000 x26=0xffffffff
        8485000	       749	800038c6	8db9	c.xor	x11,x14	 x11:0x00000000 x14:0x08150000 x11=0x08150000
        8495000	       750	800038c8	e791	c.bnez	x15,800038d4	 x15:0xfffffff8
        8515000	       752	800038d4	0001	c.addi	x0,0	  x0:0x00000000  x0=0x00000000
        8525000	       753	800038d6	41595093	srai	x1,x18,0x15	 x18:0x7ab9c569  x1=0x000003d5
        8535000	       754	800038da	4b41b017	auipc	x0,0x4b41b	  x0=0x00000000
        8545000	       755	800038de	001fa0b3	slt	x1,x31,x1	 x31:0x0000000b  x1:0x000003d5  x1=0x00000001
        8555000	       756	800038e2	01b5aab3	slt	x21,x11,x27	 x11:0x08150000 x27:0x00b09600 x21=0x00000000
        8565000	       757	800038e6	00624133	xor	x2,x4,x6	  x4:0x00b09600  x6:0x0000000f  x2=0x00b0960f
        8595000	       760	800038ea	02670533	mul	x10,x14,x6	 x14:0x08150000  x6:0x0000000f x10=0x793b0000
        8605000	       761	800038ee	8ed1	c.or	x13,x12	 x13:0xb76a3cb8 x12:0x8bdad7dd x13=0xbffafffd
        8615000	       762	800038f0	73b7a393	slti	x7,x15,1851	 x15:0xfffffff8  x7=0x00000001
        8625000	       763	800038f4	0318ec63	bltu	x17,x17,8000392c	 x17:0xffffffff x17:0xffffffff
        8635000	       764	800038f8	04bae163	bltu	x21,x11,8000393a	 x21:0x00000000 x11:0x08150000
        8685000	       769	8000393a	03bf8d33	mul	x26,x31,x27	 x31:0x0000000b x27:0x00b09600 x26=0x07967200
        8695000	       770	8000393e	0065c033	xor	x0,x11,x6	 x11:0x08150000  x6:0x0000000f  x0=0x00000000
        8705000	       771	80003942	418b5f33	sra	x30,x22,x24	 x22:0x00000004 x24:0x80000000 x30=0x00000004
        8715000	       772	80003946	011f3733	sltu	x14,x30,x17	 x30:0x00000004 x17:0xffffffff x14=0x00000001
        8725000	       773	8000394a	05df8063	beq	x31,x29,8000398a	 x31:0x0000000b x29:0x00000000
        8735000	       774	8000394e	01265133	srl	x2,x12,x18	 x12:0x8bdad7dd x18:0x7ab9c569  x2=0x0045ed6b
        8745000	       775	80003952	ce05	c.beqz	x12,8000398a	 x12:0x8bdad7dd
        8755000	       776	80003954	02628263	beq	x5,x6,80003978	  x5:0x80000000  x6:0x0000000f
        8765000	       777	80003958	66d1e797	auipc	x15,0x66d1e	 x15=0xe6d21958
        8775000	       778	8000395c	6291	c.lui	x5,0x4	  x5=0x00004000
        8785000	       779	8000395e	41cb07b3	sub	x15,x22,x28	 x22:0x00000004 x28:0x7ffffafe x15=0x80000506
        8795000	       780	80003962	035d4963	blt	x26,x21,80003994	 x26:0x07967200 x21:0x00000000
        8805000	       781	80003966	410f06b3	sub	x13,x30,x16	 x30:0x00000004 x16:0x00000000 x13=0x00000004
        8815000	       782	8000396a	f6446593	ori	x11,x8,-156	  x8:0x00000000 x11=0xffffff64
        8825000	       783	8000396e	045e0163	beq	x28,x5,800039b0	 x28:0x7ffffafe  x5:0x00004000
        8835000	       784	80003972	8fbd	c.xor	x15,x15	 x15:0x80000506 x15:0x80000506 x15=0x00000000
        8845000	       785	80003974	3047e893	ori	x17,x15,772	 x15:0x00000000 x17=0x00000304
        8855000	       786	80003978	a2fb0737	lui	x14,0xa2fb0	 x14=0xa2fb0000
        8865000	       787	8000397c	ef85	c.bnez	x15,800039b4	 x15:0x00000000
        8875000	       788	8000397e	089c	c.addi4spn	x15,x2,80	 x15=0x0045edbb
        8885000	       789	80003980	43fd4e93	xori	x29,x26,1087	 x26:0x07967200 x29=0x0796763f
        8895000	       790	80003984	8055	c.srli	x8,0x15	  x8:0x00000000  x8=0x00000000
        8905000	       791	80003986	40c95433	sra	x8,x18,x12	 x18:0x7ab9c569 x12:0x8bdad7dd  x8=0x00000003
        8915000	       792	8000398a	0784	c.addi4spn	x9,x2,960	  x9=0x0045f12b
        8925000	       793	8000398c	8119	c.srli	x10,0x6	 x10:0x793b0000 x10=0x01e4ec00
        8935000	       794	8000398e	41858033	sub	x0,x11,x24	 x11:0xffffff64 x24:0x80000000  x0=0x00000000
        8945000	       795	80003992	6421	c.lui	x8,0x8	  x8=0x00008000
        8955000	       796	80003994	01799513	slli	x10,x19,0x17	 x19:0x80021df8 x10=0xfc000000
        8995000	       800	80003998	020fba33	mulhu	x20,x31,x0	 x31:0x0000000b  x0:0x00000000 x20=0x00000000
        9025000	       803	8000399c	03188233	mul	x4,x17,x17	 x17:0x00000304 x17:0x00000304  x4=0x00091810
        9035000	       804	800039a0	40c3dd93	srai	x27,x7,0xc	  x7:0x00000001 x27=0x00000000
        9045000	       805	800039a4	24ef6b13	ori	x22,x30,590	 x30:0x00000004 x22=0x0000024e
        9415000	       842	800039a8	03e7d6b3	divu	x13,x15,x30	 x15:0x0045edbb x30:0x00000004 x13=0x00117b6e
        9425000	       843	800039ac	411cd393	srai	x7,x25,0x11	 x25:0x80025ce4  x7=0xffffc001
        9435000	       844	800039b0	aa488193	addi	x3,x17,-1372	 x17:0x00000304  x3=0xfffffda8
        9445000	       845	800039b4	e585	c.bnez	x11,800039dc	 x11:0xffffff64
        9465000	       847	800039dc	01d2	c.slli	x3,0x14	  x3:0xfffffda8  x3=0xda800000
        9475000	       848	800039de	d4d8f213	andi	x4,x17,-691	 x17:0x00000304  x4=0x00000104
        9845000	       885	800039e2	0211ceb3	div	x29,x3,x1	  x3:0xda800000  x1:0x00000001 x29=0xda800000
        9855000	       886	800039e6	0001	c.addi	x0,0	  x0:0x00000000  x0=0x00000000
        9865000	       887	800039e8	08ee	c.slli	x17,0x1b	 x17:0x00000304 x17=0x20000000
        9875000	       888	800039ea	04eef163	bgeu	x29,x14,80003a2c	 x29:0xda800000 x14:0xa2fb0000
        9895000	       890	80003a2c	ceb85c17	auipc	x24,0xceb85	 x24=0x4eb88a2c
        9905000	       891	80003a30	0ff0000f	fence	iorw,iorw	
        9915000	       892	80003a34	05dbc363	blt	x23,x29,80003a7a	 x23:0x0000006a x29:0xda800000
        9925000	       893	80003a38	0008a133	slt	x2,x17,x0	 x17:0x20000000  x0:0x00000000  x2=0x00000000
        9935000	       894	80003a3c	0000100f	fence.i	
        9955000	       896	80003a40	9bfd	c.andi	x15,-1	 x15:0x0045edbb x15=0x0045edbb
        9965000	       897	80003a42	3bc051b7	lui	x3,0x3bc05	  x3=0x3bc05000
       10005000	       901	80003a46	028e93b3	mulh	x7,x29,x8	 x29:0xda800000  x8:0x00008000  x7=0xffffed40
       10015000	       902	80003a4a	7ef423b7	lui	x7,0x7ef42	  x7=0x7ef42000
       10025000	       903	80003a4e	8cd9	c.or	x9,x14	  x9:0x0045f12b x14:0xa2fb0000  x9=0xa2fff12b
       10035000	       904	80003a50	00085833	srl	x16,x16,x0	 x16:0x00000000  x0:0x00000000 x16=0x00000000
       10045000	       905	80003a54	12fd	c.addi	x5,-1	  x5:0x00004000  x5=0x00003fff
       10055000	       906	80003a56	0110fd33	and	x26,x1,x17	  x1:0x00000001 x17:0x20000000 x26=0x00000000
       10085000	       909	80003a5a	037b8433	mul	x8,x23,x23	 x23:0x0000006a x23:0x0000006a  x8=0x00002be4
       10455000	       946	80003a5e	03cdcdb3	div	x27,x27,x28	 x27:0x00000000 x28:0x7ffffafe x27=0x00000000
       10465000	       947	80003a62	0186c763	blt	x13,x24,80003a70	 x13:0x00117b6e x24:0x4eb88a2c
       10845000	       985	80003a70	02bd7333	remu	x6,x26,x11	 x26:0x00000000 x11:0xffffff64  x6=0x00000000
       10855000	       986	80003a74	adef7b13	andi	x22,x30,-1314	 x30:0x00000004 x22=0x00000004
       10865000	       987	80003a78	0731	c.addi	x14,12	 x14:0xa2fb0000 x14=0xa2fb000c
       10875000	       988	80003a7a	8ead	c.xor	x13,x11	 x13:0x00117b6e x11:0xffffff64 x13=0xffee840a
       10885000	       989	80003a7c	8fdd	c.or	x15,x15	 x15:0x0045edbb x15:0x0045edbb x15=0x0045edbb
       10895000	       990	80003a7e	015e8663	beq	x29,x21,80003a8a	 x29:0xda800000 x21:0x00000000
       10905000	       991	80003a82	02547663	bgeu	x8,x5,80003aae	  x8:0x00002be4  x5:0x00003fff
       11275000	      1028	80003a86	03ce62b3	rem	x5,x28,x28	 x28:0x7ffffafe x28:0x7ffffafe  x5=0x00000000
       11295000	      1030	80003a8a	03a8ca33	div	x20,x17,x26	 x17:0x20000000 x26:0x00000000 x20=0xffffffff
       11305000	      1031	80003a8e	021d8063	beq	x27,x1,80003aae	 x27:0x00000000  x1:0x00000001
       11315000	      1032	80003a92	717d	c.addi16sp	x2,-16	  x2:0x00000000  x2=0xfffffff0
       11685000	      1069	80003a94	02474e33	div	x28,x14,x4	 x14:0xa2fb000c  x4:0x00000104 x28=0xffa4695b
       11695000	      1070	80003a98	0001	c.addi	x0,0	  x0:0x00000000  x0=0x00000000
       11705000	      1071	80003a9a	9b43c493	xori	x9,x7,-1612	  x7:0x7ef42000  x9=0x810bd9b4
       11715000	      1072	80003a9e	0684	c.addi4spn	x9,x2,832	  x9=0x00000330
       11725000	      1073	80003aa0	1707b813	sltiu	x16,x15,368	 x15:0x0045edbb x16=0x00000000
       11735000	      1074	80003aa4	00065713	srli	x14,x12,0x0	 x12:0x8bdad7dd x14=0x8bdad7dd
       11745000	      1075	80003aa8	0124e733	or	x14,x9,x18	  x9:0x00000330 x18:0x7ab9c569 x14=0x7ab9c779
       11755000	      1076	80003aac	1c84	c.addi4spn	x9,x2,624	  x9=0x00000260
       12125000	      1113	80003aae	02ae6b33	rem	x22,x28,x10	 x28:0xffa4695b x10:0xfc000000 x22=0xffa4695b
       12135000	      1114	80003ab2	8f35	c.xor	x14,x13	 x14:0x7ab9c779 x13:0xffee840a x14=0x85574373
       12145000	      1115	80003ab4	0155f663	bgeu	x11,x21,80003ac0	 x11:0xffffff64 x21:0x00000000
       12165000	      1117	80003ac0	8271	c.srli	x12,0x1c	 x12:0x8bdad7dd x12=0x00000008
       12175000	      1118	80003ac2	865e	c.mv	x12,x23	  x0:0x00000000 x23:0x0000006a x12=0x0000006a
       12185000	      1119	80003ac4	6161	c.addi16sp	x2,80	  x2:0xfffffff0  x2=0x00000040
       12555000	      1156	80003ac6	038cc933	div	x18,x25,x24	 x25:0x80025ce4 x24:0x4eb88a2c x18=0xffffffff
       12565000	      1157	80003aca	04a26063	bltu	x4,x10,80003b0a	  x4:0x00000104 x10:0xfc000000
       12585000	      1159	80003b0a	51fd	c.li	x3,-1	  x3=0xffffffff
       12595000	      1160	80003b0c	010e9d63	bne	x29,x16,80003b26	 x29:0xda800000 x16:0x00000000
       12625000	      1163	80003b26	b05fd037	lui	x0,0xb05fd	  x0=0x00000000
       12635000	      1164	80003b2a	e99b6793	ori	x15,x22,-359	 x22:0xffa4695b x15=0xffffffdb
       12645000	      1165	80003b2e	833a	c.mv	x6,x14	  x0:0x00000000 x14:0x85574373  x6=0x85574373
       13015000	      1202	80003b30	02d66633	rem	x12,x12,x13	 x12:0x0000006a x13:0xffee840a x12=0x0000006a
       13025000	      1203	80003b34	0001	c.addi	x0,0	  x0:0x00000000  x0=0x00000000
       13035000	      1204	80003b36	6ab5	c.lui	x21,0xd	 x21=0x0000d000
       13045000	      1205	80003b38	92c6	c.add	x5,x17	  x5:0x00000000 x17:0x20000000  x5=0x20000000
       13055000	      1206	80003b3a	17147793	andi	x15,x8,369	  x8:0x00002be4 x15=0x00000160
       13065000	      1207	80003b3e	0ff0000f	fence	iorw,iorw	
       13075000	      1208	80003b42	013b2133	slt	x2,x22,x19	 x22:0xffa4695b x19:0x80021df8  x2=0x00000000
       13085000	      1209	80003b46	8f99	c.sub	x15,x14	 x15:0x00000160 x14:0x85574373 x15=0x7aa8bded
       13095000	      1210	80003b48	0001	c.addi	x0,0	  x0:0x00000000  x0=0x00000000
       13105000	      1211	80003b4a	401752b3	sra	x5,x14,x1	 x14:0x85574373  x1:0x00000001  x5=0xc2aba1b9
       13115000	      1212	80003b4e	e985	c.bnez	x11,80003b7e	 x11:0xffffff64
       13135000	      1214	80003b7e	8fc1	c.or	x15,x8	 x15:0x7aa8bded  x8:0x00002be4 x15=0x7aa8bfed
       13145000	      1215	80003b80	0001	c.addi	x0,0	  x0:0x00000000  x0=0x00000000
       13155000	      1216	80003b82	1214	c.addi4spn	x13,x2,288	 x13=0x00000120
       13165000	      1217	80003b84	6541c813	xori	x16,x3,1620	  x3:0xffffffff x16=0xfffff9ab
       13175000	      1218	80003b88	614d	c.addi16sp	x2,176	  x2:0x00000000  x2=0x000000b0
       13185000	      1219	80003b8a	0001	c.addi	x0,0	  x0:0x00000000  x0=0x00000000
       13195000	      1220	80003b8c	080e	c.slli	x16,0x3	 x16:0xfffff9ab x16=0xffffcd58
       13205000	      1221	80003b8e	0000100f	fence.i	
       13225000	      1223	80003b92	6129	c.addi16sp	x2,192	  x2:0x000000b0  x2=0x00000170
       13235000	      1224	80003b94	01efd463	bge	x31,x30,80003b9c	 x31:0x0000000b x30:0x00000004
       13275000	      1228	80003b9c	030202b3	mul	x5,x4,x16	  x4:0x00000104 x16:0xffffcd58  x5=0xffcc8d60
       13285000	      1229	80003ba0	05910013	addi	x0,x2,89	  x2:0x00000170  x0=0x00000000
       13655000	      1266	80003ba4	0236dab3	divu	x21,x13,x3	 x13:0x00000120  x3:0xffffffff x21=0x00000000
       13665000	      1267	80003ba8	00c10263	beq	x2,x12,80003bac	  x2:0x00000170 x12:0x0000006a
       13675000	      1268	80003bac	03449a63	bne	x9,x20,80003be0	  x9:0x00000260 x20:0xffffffff
       13695000	      1270	80003be0	9bfd	c.andi	x15,-1	 x15:0x7aa8bfed x15=0x7aa8bfed
       13705000	      1271	80003be2	c509	c.beqz	x10,80003bec	 x10:0xfc000000
       13715000	      1272	80003be4	8f61	c.and	x14,x8	 x14:0x85574373  x8:0x00002be4 x14=0x00000360
       13725000	      1273	80003be6	83a1	c.srli	x15,0x8	 x15:0x7aa8bfed x15=0x007aa8bf
       13765000	      1277	80003be8	03039333	mulh	x6,x7,x16	  x7:0x7ef42000 x16:0xffffcd58  x6=0xffffe6e1
       13775000	      1278	80003bec	01fbe863	bltu	x23,x31,80003bfc	 x23:0x0000006a x31:0x0000000b
       13785000	      1279	80003bf0	64634393	xori	x7,x6,1606	  x6:0xffffe6e1  x7=0xffffe0a7
       13795000	      1280	80003bf4	00ce3133	sltu	x2,x28,x12	 x28:0xffa4695b x12:0x0000006a  x2=0x00000000
       13805000	      1281	80003bf8	006a5613	srli	x12,x20,0x6	 x20:0xffffffff x12=0x03ffffff
       13815000	      1282	80003bfc	00b87d63	bgeu	x16,x11,80003c16	 x16:0xffffcd58 x11:0xffffff64
       13825000	      1283	80003c00	8bd5	c.andi	x15,21	 x15:0x007aa8bf x15=0x00000015
       13835000	      1284	80003c02	00b11313	slli	x6,x2,0xb	  x2:0x00000000  x6=0x00000000
       13845000	      1285	80003c06	05278263	beq	x15,x18,80003c4a	 x15:0x00000015 x18:0xffffffff
       13855000	      1286	80003c0a	0179f763	bgeu	x19,x23,80003c18	 x19:0x80021df8 x23:0x0000006a
       13875000	      1288	80003c18	0c41	c.addi	x24,16	 x24:0x4eb88a2c x24=0x4eb88a3c
       13905000	      1291	80003c1a	03b68533	mul	x10,x13,x27	 x13:0x00000120 x27:0x00000000 x10=0x00000000
       13915000	      1292	80003c1e	6a770e93	addi	x29,x14,1703	 x14:0x00000360 x29=0x00000a07
       13925000	      1293	80003c22	0000100f	fence.i	
       13975000	      1298	80003c26	03c80c33	mul	x24,x16,x28	 x16:0xffffcd58 x28:0xffa4695b x24=0x1f871648
       14005000	      1301	80003c2a	021e86b3	mul	x13,x29,x1	 x29:0x00000a07  x1:0x00000001 x13=0x00000a07
       14015000	      1302	80003c2e	0001	c.addi	x0,0	  x0:0x00000000  x0=0x00000000
       14025000	      1303	80003c30	9a7d	c.andi	x12,-1	 x12:0x03ffffff x12=0x03ffffff
       14035000	      1304	80003c32	87ea	c.mv	x15,x26	  x0:0x00000000 x26:0x00000000 x15=0x00000000
       14045000	      1305	80003c34	c1e06d13	ori	x26,x0,-994	  x0:0x00000000 x26=0xfffffc1e
       14055000	      1306	80003c38	00449533	sll	x10,x9,x4	  x9:0x00000260  x4:0x00000104 x10=0x00002600
       14065000	      1307	80003c3c	37093813	sltiu	x16,x18,880	 x18:0xffffffff x16=0x00000000
       14075000	      1308	80003c40	4de1	c.li	x27,24	 x27=0x00000018
       14085000	      1309	80003c42	40a05733	sra	x14,x0,x10	  x0:0x00000000 x10:0x00002600 x14=0x00000000
       14095000	      1310	80003c46	02a61b63	bne	x12,x10,80003c7c	 x12:0x03ffffff x10:0x00002600
       14115000	      1312	80003c7c	00922db3	slt	x27,x4,x9	  x4:0x00000104  x9:0x00000260 x27=0x00000001
       14485000	      1349	80003c80	02cac6b3	div	x13,x21,x12	 x21:0x00000000 x12:0x03ffffff x13=0x00000000
       14495000	      1350	80003c84	5e75fa13	andi	x20,x11,1511	 x11:0xffffff64 x20=0x00000564
       14505000	      1351	80003c88	809d	c.srli	x9,0x7	  x9:0x00000260  x9=0x00000004
       14515000	      1352	80003c8a	00441513	slli	x10,x8,0x4	  x8:0x00002be4 x10=0x0002be40
       14525000	      1353	80003c8e	00449893	slli	x17,x9,0x4	  x9:0x00000004 x17=0x00000040
       14535000	      1354	80003c92	055dc463	blt	x27,x21,80003cda	 x27:0x00000001 x21:0x00000000
       14575000	      1358	80003c96	024e1bb3	mulh	x23,x28,x4	 x28:0xffa4695b  x4:0x00000104 x23=0xffffffff
       14585000	      1359	80003c9a	013d3033	sltu	x0,x26,x19	 x26:0xfffffc1e x19:0x80021df8  x0=0x00000000
       14595000	      1360	80003c9e	89dd	c.andi	x11,23	 x11:0xffffff64 x11=0x00000004
       14605000	      1361	80003ca0	1d9f2293	slti	x5,x30,473	 x30:0x00000004  x5=0x00000001
       14615000	      1362	80003ca4	40240eb3	sub	x29,x8,x2	  x8:0x00002be4  x2:0x00000000 x29=0x00002be4
       14645000	      1365	80003ca8	03f48233	mul	x4,x9,x31	  x9:0x00000004 x31:0x0000000b  x4=0x0000002c
       14655000	      1366	80003cac	002edb93	srli	x23,x29,0x2	 x29:0x00002be4 x23=0x00000af9
       14665000	      1367	80003cb0	009df8b3	and	x17,x27,x9	 x27:0x00000001  x9:0x00000004 x17=0x00000000
       14675000	      1368	80003cb4	ea433637	lui	x12,0xea433	 x12=0xea433000
       14685000	      1369	80003cb8	00240a33	add	x20,x8,x2	  x8:0x00002be4  x2:0x00000000 x20=0x00002be4
       14695000	      1370	80003cbc	c609	c.beqz	x12,80003cc6	 x12:0xea433000
       14705000	      1371	80003cbe	030c8017	auipc	x0,0x30c8	  x0=0x00000000
       14745000	      1375	80003cc2	031011b3	mulh	x3,x0,x17	  x0:0x00000000 x17:0x00000000  x3=0x00000000
       14755000	      1376	80003cc6	0135f363	bgeu	x11,x19,80003ccc	 x11:0x00000004 x19:0x80021df8
       14765000	      1377	80003cca	517d	c.li	x2,-1	  x2=0xffffffff
       14775000	      1378	80003ccc	011f01b3	add	x3,x30,x17	 x30:0x00000004 x17:0x00000000  x3=0x00000004
       14815000	      1382	80003cd0	0290a5b3	mulhsu	x11,x1,x9	  x1:0x00000001  x9:0x00000004 x11=0x00000000
       14825000	      1383	80003cd4	1398	c.addi4spn	x14,x2,480	 x14=0x000001df
       14835000	      1384	80003cd6	030b1263	bne	x22,x16,80003cfa	 x22:0xffa4695b x16:0x00000000
       15225000	      1423	80003cfa	0246d1b3	divu	x3,x13,x4	 x13:0x00000000  x4:0x0000002c  x3=0x00000000
       15235000	      1424	80003cfe	00ab12b3	sll	x5,x22,x10	 x22:0xffa4695b x10:0x0002be40  x5=0xffa4695b
       15275000	      1428	80003d02	035d2433	mulhsu	x8,x26,x21	 x26:0xfffffc1e x21:0x00000000  x8=0x00000000
       15285000	      1429	80003d06	014a9893	slli	x17,x21,0x14	 x21:0x00000000 x17=0x00000000
       15295000	      1430	80003d0a	8f81	c.sub	x15,x8	 x15:0x00000000  x8:0x00000000 x15=0x00000000
       15305000	      1431	80003d0c	0636	c.slli	x12,0xd	 x12:0xea433000 x12=0x66000000
       15315000	      1432	80003d0e	8dad	c.xor	x11,x11	 x11:0x00000000 x11:0x00000000 x11=0x00000000
       15325000	      1433	80003d10	0001	c.addi	x0,0	  x0:0x00000000  x0=0x00000000
       15335000	      1434	80003d12	cf9d	c.beqz	x15,80003d50	 x15:0x00000000
       15385000	      1439	80003d50	024e2d33	mulhsu	x26,x28,x4	 x28:0xffa4695b  x4:0x0000002c x26=0xffffffff
       15395000	      1440	80003d54	95c74313	xori	x6,x14,-1700	 x14:0x000001df  x6=0xfffff883
       15405000	      1441	80003d58	9492	c.add	x9,x4	  x9:0x00000004  x4:0x0000002c  x9=0x00000030
       15415000	      1442	80003d5a	6769	c.lui	x14,0x1a	 x14=0x0001a000
       15425000	      1443	80003d5c	0566	c.slli	x10,0x19	 x10:0x0002be40 x10=0x80000000
       15435000	      1444	80003d5e	8ecd	c.or	x13,x11	 x13:0x00000000 x11:0x00000000 x13=0x00000000
       15445000	      1445	80003d60	6135	c.addi16sp	x2,352	  x2:0xffffffff  x2=0x0000015f
       15455000	      1446	80003d62	0636	c.slli	x12,0xd	 x12:0x66000000 x12=0x00000000
       15465000	      1447	80003d64	0ff0000f	fence	iorw,iorw	
       15475000	      1448	80003d68	0152e433	or	x8,x5,x21	  x5:0xffa4695b x21:0x00000000  x8=0xffa4695b
       15485000	      1449	80003d6c	ee91	c.bnez	x13,80003d88	 x13:0x00000000
       15495000	      1450	80003d6e	0818	c.addi4spn	x14,x2,16	 x14=0x0000016f
       15505000	      1451	80003d70	c121	c.beqz	x10,80003db0	 x10:0x80000000
       15515000	      1452	80003d72	0f16	c.slli	x30,0x5	 x30:0x00000004 x30=0x00000080
       15525000	      1453	80003d74	0000100f	fence.i	
       15905000	      1491	80003d78	0245dbb3	divu	x23,x11,x4	 x11:0x00000000  x4:0x0000002c x23=0x00000000
       15915000	      1492	80003d7c	012d5a63	bge	x26,x18,80003d90	 x26:0xffffffff x18:0xffffffff
       15935000	      1494	80003d90	96d6	c.add	x13,x21	 x13:0x00000000 x21:0x00000000 x13=0x00000000
       15945000	      1495	80003d92	05a91463	bne	x18,x26,80003dda	 x18:0xffffffff x26:0xffffffff
       15965000	      1497	80003d96	035678b3	remu	x17,x12,x21	 x12:0x00000000 x21:0x00000000 x17=0x00000000
       15975000	      1498	80003d9a	01c61093	slli	x1,x12,0x1c	 x12:0x00000000  x1=0x00000000
       15985000	      1499	80003d9e	018a5693	srli	x13,x20,0x18	 x20:0x00002be4 x13=0x00000000
       15995000	      1500	80003da2	015f6733	or	x14,x30,x21	 x30:0x00000080 x21:0x00000000 x14=0x00000080
       16005000	      1501	80003da6	02f61a63	bne	x12,x15,80003dda	 x12:0x00000000 x15:0x00000000
       16015000	      1502	80003daa	8371	c.srli	x14,0x1c	 x14:0x00000080 x14=0x00000000
       16025000	      1503	80003dac	3101c317	auipc	x6,0x3101c	  x6=0xb101fdac
       16035000	      1504	80003db0	c5c94693	xori	x13,x18,-932	 x18:0xffffffff x13=0x000003a3
       16045000	      1505	80003db4	01d67e33	and	x28,x12,x29	 x12:0x00000000 x29:0x00002be4 x28=0x00000000
       16055000	      1506	80003db8	0b9c	c.addi4spn	x15,x2,464	 x15=0x0000032f
       16065000	      1507	80003dba	5f8ba613	slti	x12,x23,1528	 x23:0x00000000 x12=0x00000001
       16075000	      1508	80003dbe	00579e93	slli	x29,x15,0x5	 x15:0x0000032f x29=0x000065e0
       16445000	      1545	80003dc2	03957d33	remu	x26,x10,x25	 x10:0x80000000 x25:0x80025ce4 x26=0x80000000
       16455000	      1546	80003dc6	041c2f17	auipc	x30,0x41c2	 x30=0x841c5dc6
       16465000	      1547	80003dca	8fa5	c.xor	x15,x9	 x15:0x0000032f  x9:0x00000030 x15=0x0000031f
       16475000	      1548	80003dcc	00b19663	bne	x3,x11,80003dd8	  x3:0x00000000 x11:0x00000000
       16515000	      1552	80003dd0	03182db3	mulhsu	x27,x16,x17	 x16:0x00000000 x17:0x00000000 x27=0x00000000
       16525000	      1553	80003dd4	73834e13	xori	x28,x6,1848	  x6:0xb101fdac x28=0xb101fa94
       16535000	      1554	80003dd8	0001	c.addi	x0,0	  x0:0x00000000  x0=0x00000000
       16545000	      1555	80003dda	01cad4b3	srl	x9,x21,x28	 x21:0x00000000 x28:0xb101fa94  x9=0x00000000
       16555000	      1556	80003dde	055a	c.slli	x10,0x16	 x10:0x80000000 x10=0x00000000
       16565000	      1557	80003de0	6c8eef13	ori	x30,x29,1736	 x29:0x000065e0 x30=0x000067e8
       16575000	      1558	80003de4	52e5be13	sltiu	x28,x11,1326	 x11:0x00000000 x28=0x00000001
       16585000	      1559	80003de8	6115	c.addi16sp	x2,288	  x2:0x0000015f  x2=0x0000027f
       16595000	      1560	80003dea	de418d13	addi	x26,x3,-540	  x3:0x00000000 x26=0xfffffde4
       16605000	      1561	80003dee	0067b7b3	sltu	x15,x15,x6	 x15:0x0000031f  x6:0xb101fdac x15=0x00000001
       16975000	      1598	80003df2	02d26f33	rem	x30,x4,x13	  x4:0x0000002c x13:0x000003a3 x30=0x0000002c
       17015000	      1602	80003df6	02209bb3	mulh	x23,x1,x2	  x1:0x00000000  x2:0x0000027f x23=0x00000000
       17035000	      1604	80003dfa	02b06a33	rem	x20,x0,x11	  x0:0x00000000 x11:0x00000000 x20=0x00000000
       17045000	      1605	80003dfe	893a	c.mv	x18,x14	  x0:0x00000000 x14:0x00000000 x18=0x00000000
       17055000	      1606	80003e00	00a4d133	srl	x2,x9,x10	  x9:0x00000000 x10:0x00000000  x2=0x00000000
       17065000	      1607	80003e04	c719	c.beqz	x14,80003e12	 x14:0x00000000
       17085000	      1609	80003e12	8595	c.srai	x11,0x5	 x11:0x00000000 x11=0x00000000
       17095000	      1610	80003e14	25223a13	sltiu	x20,x4,594	  x4:0x0000002c x20=0x00000001
       17105000	      1611	80003e18	00334963	blt	x6,x3,80003e2a	  x6:0xb101fdac  x3:0x00000000
       17135000	      1614	80003e2a	01d4aab3	slt	x21,x9,x29	  x9:0x00000000 x29:0x000065e0 x21=0x00000001
       17145000	      1615	80003e2e	0d9c	c.addi4spn	x15,x2,720	 x15=0x000002d0
       17155000	      1616	80003e30	03484f63	blt	x16,x20,80003e6e	 x16:0x00000000 x20:0x00000001
       17175000	      1618	80003e6e	6385	c.lui	x7,0x1	  x7=0x00001000
       17185000	      1619	80003e70	01a863b3	or	x7,x16,x26	 x16:0x00000000 x26:0xfffffde4  x7=0xfffffde4
       17195000	      1620	80003e74	8fed	c.and	x15,x11	 x15:0x000002d0 x11:0x00000000 x15=0x00000000
       17205000	      1621	80003e76	0000100f	fence.i	
       17225000	      1623	80003e7a	8cdd	c.or	x9,x15	  x9:0x00000000 x15:0x00000000  x9=0x00000000
       17235000	      1624	80003e7c	717d	c.addi16sp	x2,-16	  x2:0x00000000  x2=0xfffffff0
       17245000	      1625	80003e7e	0031da63	bge	x3,x3,80003e92	  x3:0x00000000  x3:0x00000000
       17635000	      1664	80003e92	03efceb3	div	x29,x31,x30	 x31:0x0000000b x30:0x0000002c x29=0x00000000
       17645000	      1665	80003e96	0998	c.addi4spn	x14,x2,208	 x14=0x000000c0
       17655000	      1666	80003e98	17fd	c.addi	x15,-1	 x15:0x00000000 x15=0xffffffff
       17665000	      1667	80003e9a	8cc9	c.or	x9,x10	  x9:0x00000000 x10:0x00000000  x9=0x00000000
       18035000	      1704	80003e9c	02d84e33	div	x28,x16,x13	 x16:0x00000000 x13:0x000003a3 x28=0x00000000
       18045000	      1705	80003ea0	0001	c.addi	x0,0	  x0:0x00000000  x0=0x00000000
       18055000	      1706	80003ea2	0f21fe93	andi	x29,x3,242	  x3:0x00000000 x29=0x00000000
       18065000	      1707	80003ea6	0ff0000f	fence	iorw,iorw	
       18075000	      1708	80003eaa	03031563	bne	x6,x16,80003ed4	  x6:0xb101fdac x16:0x00000000
       18125000	      1713	80003ed4	02b02d33	mulhsu	x26,x0,x11	  x0:0x00000000 x11:0x00000000 x26=0x00000000
       18135000	      1714	80003ed8	0001	c.addi	x0,0	  x0:0x00000000  x0=0x00000000
       18505000	      1751	80003eda	02d57eb3	remu	x29,x10,x13	 x10:0x00000000 x13:0x000003a3 x29=0x00000000
       18515000	      1752	80003ede	018f3e33	sltu	x28,x30,x24	 x30:0x0000002c x24:0x1f871648 x28=0x00000001
       18535000	      1754	80003ee2	02947733	remu	x14,x8,x9	  x8:0xffa4695b  x9:0x00000000 x14=0xffa4695b
       18575000	      1758	80003ee6	036424b3	mulhsu	x9,x8,x22	  x8:0xffa4695b x22:0xffa4695b  x9=0xffa48a1f
       18585000	      1759	80003eea	00efa933	slt	x18,x31,x14	 x31:0x0000000b x14:0xffa4695b x18=0x00000000
       18595000	      1760	80003eee	41940933	sub	x18,x8,x25	  x8:0xffa4695b x25:0x80025ce4 x18=0x7fa20c77
       18605000	      1761	80003ef2	7c2b8893	addi	x17,x23,1986	 x23:0x00000000 x17=0x000007c2
       18615000	      1762	80003ef6	413d0033	sub	x0,x26,x19	 x26:0x00000000 x19:0x80021df8  x0=0x00000000
       18625000	      1763	80003efa	ec15	c.bnez	x8,80003f36	  x8:0xffa4695b
       18655000	      1766	80003f36	58bdf013	andi	x0,x27,1419	 x27:0x00000000  x0=0x00000000
       18665000	      1767	80003f3a	e3b1	c.bnez	x15,80003f7e	 x15:0xffffffff
       18695000	      1770	80003f7e	03dd6363	bltu	x26,x29,80003fa4	 x26:0x00000000 x29:0x00000000
       18705000	      1771	80003f82	0000100f	fence.i	
       18735000	      1774	80003f86	00ea5f33	srl	x30,x20,x14	 x20:0x00000001 x14:0xffa4695b x30=0x00000000
       18745000	      1775	80003f8a	04456563	bltu	x10,x4,80003fd4	 x10:0x00000000  x4:0x0000002c
       18765000	      1777	80003fd4	0ff0000f	fence	iorw,iorw	
       18775000	      1778	80003fd8	029fdf63	bge	x31,x9,80004016	 x31:0x0000000b  x9:0xffa48a1f
       18835000	      1784	80004016	030fa6b3	mulhsu	x13,x31,x16	 x31:0x0000000b x16:0x00000000 x13=0x00000000
       18845000	      1785	8000401a	01a15633	srl	x12,x2,x26	  x2:0xfffffff0 x26:0x00000000 x12=0xfffffff0
       18855000	      1786	8000401e	e199	c.bnez	x11,80004024	 x11:0x00000000
       18865000	      1787	80004020	41b500b3	sub	x1,x10,x27	 x10:0x00000000 x27:0x00000000  x1=0x00000000
       18875000	      1788	80004024	01ba20b3	slt	x1,x20,x27	 x20:0x00000001 x27:0x00000000  x1=0x00000000
       18885000	      1789	80004028	0711	c.addi	x14,4	 x14:0xffa4695b x14=0xffa4695f
       18925000	      1793	8000402a	0221b5b3	mulhu	x11,x3,x2	  x3:0x00000000  x2:0xfffffff0 x11=0x00000000
       18935000	      1794	8000402e	366a0293	addi	x5,x20,870	 x20:0x00000001  x5=0x00000367
       18975000	      1798	80004032	02ac9433	mulh	x8,x25,x10	 x25:0x80025ce4 x10:0x00000000  x8=0x00000000
       18985000	      1799	80004036	0000100f	fence.i	
       19015000	      1802	8000403a	ecb63137	lui	x2,0xecb63	  x2=0xecb63000
       19025000	      1803	8000403e	414f02b3	sub	x5,x30,x20	 x30:0x00000000 x20:0x00000001  x5=0xffffffff
       19035000	      1804	80004042	3c452a93	slti	x21,x10,964	 x10:0x00000000 x21=0x00000001
       19045000	      1805	80004046	d56bb013	sltiu	x0,x23,-682	 x23:0x00000000  x0=0x00000000
       19415000	      1842	8000404a	0357fe33	remu	x28,x15,x21	 x15:0xffffffff x21:0x00000001 x28=0x00000000
       19435000	      1844	8000404e	02d8f7b3	remu	x15,x17,x13	 x17:0x000007c2 x13:0x00000000 x15=0x000007c2
       19445000	      1845	80004052	eb99	c.bnez	x15,80004068	 x15:0x000007c2
       19465000	      1847	80004068	0d8a	c.slli	x27,0x2	 x27:0x00000000 x27=0x00000000
       19475000	      1848	8000406a	1200	c.addi4spn	x8,x2,288	  x8=0xecb63120
       19515000	      1852	8000406c	03e51133	mulh	x2,x10,x30	 x10:0x00000000 x30:0x00000000  x2=0x00000000
       19525000	      1853	80004070	408ad193	srai	x3,x21,0x8	 x21:0x00000001  x3=0x00000000
       19535000	      1854	80004074	003b8d33	add	x26,x23,x3	 x23:0x00000000  x3:0x00000000 x26=0x00000000
       19545000	      1855	80004078	0030bdb3	sltu	x27,x1,x3	  x1:0x00000000  x3:0x00000000 x27=0x00000000
       19555000	      1856	8000407c	00fdda93	srli	x21,x27,0xf	 x27:0x00000000 x21=0x00000000
       19565000	      1857	80004080	00cb3733	sltu	x14,x22,x12	 x22:0xffa4695b x12:0xfffffff0 x14=0x00000001
       19575000	      1858	80004084	1c00	c.addi4spn	x8,x2,560	  x8=0x00000230
       19585000	      1859	80004086	9480e113	ori	x2,x1,-1720	  x1:0x00000000  x2=0xfffff948
       19595000	      1860	8000408a	0001	c.addi	x0,0	  x0:0x00000000  x0=0x00000000
       19605000	      1861	8000408c	41fe07b3	sub	x15,x28,x31	 x28:0x00000000 x31:0x0000000b x15=0xfffffff5
       19615000	      1862	80004090	00fd9333	sll	x6,x27,x15	 x27:0x00000000 x15:0xfffffff5  x6=0x00000000
       19625000	      1863	80004094	e3bf3393	sltiu	x7,x30,-453	 x30:0x00000000  x7=0x00000001
       19995000	      1900	80004098	03f25633	divu	x12,x4,x31	  x4:0x0000002c x31:0x0000000b x12=0x00000004
       20005000	      1901	8000409c	92e6	c.add	x5,x25	  x5:0xffffffff x25:0x80025ce4  x5=0x80025ce3
       20015000	      1902	8000409e	0001	c.addi	x0,0	  x0:0x00000000  x0=0x00000000
       20025000	      1903	800040a0	1c08	c.addi4spn	x10,x2,560	 x10=0xfffffb78
       20065000	      1907	800040a2	03629eb3	mulh	x29,x5,x22	  x5:0x80025ce3 x22:0xffa4695b x29=0x002dca7a
       20105000	      1911	800040a6	03142eb3	mulhsu	x29,x8,x17	  x8:0x00000230 x17:0x000007c2 x29=0x00000000
       20115000	      1912	800040aa	8f99	c.sub	x15,x14	 x15:0xfffffff5 x14:0x00000001 x15=0xfffffff4
       20125000	      1913	800040ac	0277f963	bgeu	x15,x7,800040de	 x15:0xfffffff4  x7:0x00000001
       20185000	      1919	800040de	02c49933	mulh	x18,x9,x12	  x9:0xffa48a1f x12:0x00000004 x18=0xffffffff
       20195000	      1920	800040e2	004c3c33	sltu	x24,x24,x4	 x24:0x1f871648  x4:0x0000002c x24=0x00000000
       20205000	      1921	800040e6	8f25	c.xor	x14,x9	 x14:0x00000001  x9:0xffa48a1f x14=0xffa48a1e
       20215000	      1922	800040e8	01181193	slli	x3,x16,0x11	 x16:0x00000000  x3=0x00000000
       20225000	      1923	800040ec	03016b63	bltu	x2,x16,80004122	  x2:0xfffff948 x16:0x00000000
       20235000	      1924	800040f0	e41d	c.bnez	x8,8000411e	  x8:0x00000230
       20265000	      1927	8000411e	017668b3	or	x17,x12,x23	 x12:0x00000004 x23:0x00000000 x17=0x00000004
       20285000	      1929	80004122	0266df33	divu	x30,x13,x6	 x13:0x00000000  x6:0x00000000 x30=0xffffffff
       20295000	      1930	80004126	7fb30893	addi	x17,x6,2043	  x6:0x00000000 x17=0x000007fb
       20305000	      1931	8000412a	8599	c.srai	x11,0x6	 x11:0x00000000 x11=0x00000000
       20315000	      1932	8000412c	8ecd	c.or	x13,x11	 x13:0x00000000 x11:0x00000000 x13=0x00000000
       20685000	      1969	8000412e	033af2b3	remu	x5,x21,x19	 x21:0x00000000 x19:0x80021df8  x5=0x00000000
       20695000	      1970	80004132	171e2513	slti	x10,x28,369	 x28:0x00000000 x10=0x00000001
       20715000	      1972	80004136	026afdb3	remu	x27,x21,x6	 x21:0x00000000  x6:0x00000000 x27=0x00000000
       20725000	      1973	8000413a	01ec1263	bne	x24,x30,8000413e	 x24:0x00000000 x30:0xffffffff
       20755000	      1976	8000413e	f5767913	andi	x18,x12,-169	 x12:0x00000004 x18=0x00000004
       20765000	      1977	80004142	8c71	c.and	x8,x12	  x8:0x00000230 x12:0x00000004  x8=0x00000000
       20775000	      1978	80004144	0074e5b3	or	x11,x9,x7	  x9:0xffa48a1f  x7:0x00000001 x11=0xffa48a1f
       20785000	      1979	80004148	6b3d	c.lui	x22,0xf	 x22=0x0000f000
       20795000	      1980	8000414a	0169c563	blt	x19,x22,80004154	 x19:0x80021df8 x22:0x0000f000
       20815000	      1982	80004154	405e0033	sub	x0,x28,x5	 x28:0x00000000  x5:0x00000000  x0=0x00000000
       20825000	      1983	80004158	8e59	c.or	x12,x14	 x12:0x00000004 x14:0xffa48a1e x12=0xffa48a1e
       20845000	      1985	8000415a	03a5d533	divu	x10,x11,x26	 x11:0xffa48a1f x26:0x00000000 x10=0xffffffff
       20855000	      1986	8000415e	01e8ebb3	or	x23,x17,x30	 x17:0x000007fb x30:0xffffffff x23=0xffffffff
       20865000	      1987	80004162	14fd	c.addi	x9,-1	  x9:0xffa48a1f  x9=0xffa48a1e
       20875000	      1988	80004164	5a7d	c.li	x20,-1	 x20=0xffffffff
       20885000	      1989	80004166	0306dc63	bge	x13,x16,8000419e	 x13:0x00000000 x16:0x00000000
       20915000	      1992	8000419e	01bd10b3	sll	x1,x26,x27	 x26:0x00000000 x27:0x00000000  x1=0x00000000
       20925000	      1993	800041a2	006a5bb3	srl	x23,x20,x6	 x20:0xffffffff  x6:0x00000000 x23=0xffffffff
       20935000	      1994	800041a6	84d5	c.srai	x9,0x15	  x9:0xffa48a1e  x9=0xfffffffd
       20975000	      1998	800041a8	027022b3	mulhsu	x5,x0,x7	  x0:0x00000000  x7:0x00000001  x5=0x00000000
       20985000	      1999	800041ac	01d3e133	or	x2,x7,x29	  x7:0x00000001 x29:0x00000000  x2=0x00000001
       20995000	      2000	800041b0	41d857b3	sra	x15,x16,x29	 x16:0x00000000 x29:0x00000000 x15=0x00000000
       21005000	      2001	800041b4	05934463	blt	x6,x25,800041fc	  x6:0x00000000 x25:0x80025ce4
       21045000	      2005	800041b8	02caa733	mulhsu	x14,x21,x12	 x21:0x00000000 x12:0xffa48a1e x14=0x00000000
       21055000	      2006	800041bc	03b74663	blt	x14,x27,800041e8	 x14:0x00000000 x27:0x00000000
       21065000	      2007	800041c0	01668833	add	x16,x13,x22	 x13:0x00000000 x22:0x0000f000 x16=0x0000f000
       21075000	      2008	800041c4	7fc02617	auipc	x12,0x7fc02	 x12=0xffc061c4
       21115000	      2012	800041c8	02389033	mulh	x0,x17,x3	 x17:0x000007fb  x3:0x00000000  x0=0x00000000
       21125000	      2013	800041cc	01189e13	slli	x28,x17,0x11	 x17:0x000007fb x28=0x0ff60000
       21135000	      2014	800041d0	010b7463	bgeu	x22,x16,800041d8	 x22:0x0000f000 x16:0x0000f000
       21155000	      2016	800041d8	844a	c.mv	x8,x18	  x0:0x00000000 x18:0x00000004  x8=0x00000004
       21165000	      2017	800041da	0ff0000f	fence	iorw,iorw	
       21175000	      2018	800041de	0001	c.addi	x0,0	  x0:0x00000000  x0=0x00000000
       21215000	      2022	800041e0	0358adb3	mulhsu	x27,x17,x21	 x17:0x000007fb x21:0x00000000 x27=0x00000000
       21585000	      2059	800041e4	0244fbb3	remu	x23,x9,x4	  x9:0xfffffffd  x4:0x0000002c x23=0x00000001
       21595000	      2060	800041e8	ee30e493	ori	x9,x1,-285	  x1:0x00000000  x9=0xfffffee3
       21605000	      2061	800041ec	83ba	c.mv	x7,x14	  x0:0x00000000 x14:0x00000000  x7=0x00000000
       21615000	      2062	800041ee	8e89	c.sub	x13,x10	 x13:0x00000000 x10:0xffffffff x13=0x00000001
       21625000	      2063	800041f0	3ae44d13	xori	x26,x8,942	  x8:0x00000004 x26=0x000003aa
       21635000	      2064	800041f4	004491b3	sll	x3,x9,x4	  x9:0xfffffee3  x4:0x0000002c  x3=0xffee3000
       21645000	      2065	800041f8	0166a833	slt	x16,x13,x22	 x13:0x00000001 x22:0x0000f000 x16=0x00000001
       21655000	      2066	800041fc	8f49	c.or	x14,x10	 x14:0x00000000 x10:0xffffffff x14=0xffffffff
       21665000	      2067	800041fe	14fd	c.addi	x9,-1	  x9:0xfffffee3  x9=0xfffffee2
       21675000	      2068	80004200	011e1563	bne	x28,x17,8000420a	 x28:0x0ff60000 x17:0x000007fb
       21725000	      2073	8000420a	030a8bb3	mul	x23,x21,x16	 x21:0x00000000 x16:0x00000001 x23=0x00000000
       21745000	      2075	8000420e	0211fab3	remu	x21,x3,x1	  x3:0xffee3000  x1:0x00000000 x21=0xffee3000
       21755000	      2076	80004212	051e1263	bne	x28,x17,80004256	 x28:0x0ff60000 x17:0x000007fb
       21785000	      2079	80004256	01892633	slt	x12,x18,x24	 x18:0x00000004 x24:0x00000000 x12=0x00000000
       21795000	      2080	8000425a	00b6ae33	slt	x28,x13,x11	 x13:0x00000001 x11:0xffa48a1f x28=0x00000000
       21805000	      2081	8000425e	0230cf63	blt	x1,x3,8000429c	  x1:0x00000000  x3:0xffee3000
       21815000	      2082	80004262	e582a397	auipc	x7,0xe582a	  x7=0x6582e262
       21825000	      2083	80004266	6825	c.lui	x16,0x9	 x16=0x00009000
       21835000	      2084	80004268	0000100f	fence.i	
       21855000	      2086	8000426c	dbca4237	lui	x4,0xdbca4	  x4=0xdbca4000
       21865000	      2087	80004270	0137a733	slt	x14,x15,x19	 x15:0x00000000 x19:0x80021df8 x14=0x00000000
       21875000	      2088	80004274	177d	c.addi	x14,-1	 x14:0x00000000 x14=0xffffffff
       21885000	      2089	80004276	c499	c.beqz	x9,80004284	  x9:0xfffffee2
       21895000	      2090	80004278	00dcf663	bgeu	x25,x13,80004284	 x25:0x80025ce4 x13:0x00000001
       21915000	      2092	80004284	019f30b3	sltu	x1,x30,x25	 x30:0xffffffff x25:0x80025ce4  x1=0x00000000
       21925000	      2093	80004288	0064c763	blt	x9,x6,80004296	  x9:0xfffffee2  x6:0x00000000
       21945000	      2095	80004296	0001	c.addi	x0,0	  x0:0x00000000  x0=0x00000000
       21955000	      2096	80004298	005de0b3	or	x1,x27,x5	 x27:0x00000000  x5:0x00000000  x1=0x00000000
       21965000	      2097	8000429c	0068a5b3	slt	x11,x17,x6	 x17:0x000007fb  x6:0x00000000 x11=0x00000000
       21975000	      2098	800042a0	012aa5b3	slt	x11,x21,x18	 x21:0xffee3000 x18:0x00000004 x11=0x00000001
       21985000	      2099	800042a4	9bfd	c.andi	x15,-1	 x15:0x00000000 x15=0x00000000
       21995000	      2100	800042a6	0099db33	srl	x22,x19,x9	 x19:0x80021df8  x9:0xfffffee2 x22=0x2000877e
       22005000	      2101	800042aa	1b167513	andi	x10,x12,433	 x12:0x00000000 x10=0x00000000
       22015000	      2102	800042ae	8549	c.srai	x10,0x12	 x10:0x00000000 x10=0x00000000
       22025000	      2103	800042b0	3a3a4293	xori	x5,x20,931	 x20:0xffffffff  x5=0xfffffc5c
       22035000	      2104	800042b4	41e20633	sub	x12,x4,x30	  x4:0xdbca4000 x30:0xffffffff x12=0xdbca4001
       22045000	      2105	800042b8	9efa	c.add	x29,x30	 x29:0x00000000 x30:0xffffffff x29=0xffffffff
       22055000	      2106	800042ba	8fdd	c.or	x15,x15	 x15:0x00000000 x15:0x00000000 x15=0x00000000
       22065000	      2107	800042bc	003e1093	slli	x1,x28,0x3	 x28:0x00000000  x1=0x00000000
       22075000	      2108	800042c0	01ab7633	and	x12,x22,x26	 x22:0x2000877e x26:0x000003aa x12=0x0000032a
       22085000	      2109	800042c4	8cb5	c.xor	x9,x13	  x9:0xfffffee2 x13:0x00000001  x9=0xfffffee3
       22455000	      2146	800042c6	0352e533	rem	x10,x5,x21	  x5:0xfffffc5c x21:0xffee3000 x10=0xfffffc5c
       22465000	      2147	800042ca	01243433	sltu	x8,x8,x18	  x8:0x00000004 x18:0x00000004  x8=0x00000000
       22505000	      2151	800042ce	03491bb3	mulh	x23,x18,x20	 x18:0x00000004 x20:0xffffffff x23=0xffffffff
       22875000	      2188	800042d2	02ea7833	remu	x16,x20,x14	 x20:0xffffffff x14:0xffffffff x16=0x00000000
       22885000	      2189	800042d6	6151	c.addi16sp	x2,272	  x2:0x00000001  x2=0x00000111
       22895000	      2190	800042d8	41d853b3	sra	x7,x16,x29	 x16:0x00000000 x29:0xffffffff  x7=0x00000000
       22905000	      2191	800042dc	0001	c.addi	x0,0	  x0:0x00000000  x0=0x00000000
       22915000	      2192	800042de	befa25b7	lui	x11,0xbefa2	 x11=0xbefa2000
       22925000	      2193	800042e2	0104ae33	slt	x28,x9,x16	  x9:0xfffffee3 x16:0x00000000 x28=0x00000001
       22935000	      2194	800042e6	6d75	c.lui	x26,0x1d	 x26=0x0001d000
       22945000	      2195	800042e8	8e81	c.sub	x13,x8	 x13:0x00000001  x8:0x00000000 x13=0x00000001
       22955000	      2196	800042ea	0001	c.addi	x0,0	  x0:0x00000000  x0=0x00000000
       22965000	      2197	800042ec	411056b3	sra	x13,x0,x17	  x0:0x00000000 x17:0x000007fb x13=0x00000000
       22975000	      2198	800042f0	408a5513	srai	x10,x20,0x8	 x20:0xffffffff x10=0xffffffff
       23005000	      2201	800042f4	036c8bb3	mul	x23,x25,x22	 x25:0x80025ce4 x22:0x2000877e x23=0xc025f438
       23375000	      2238	800042f8	02e944b3	div	x9,x18,x14	 x18:0x00000004 x14:0xffffffff  x9=0xfffffffc
       23385000	      2239	800042fc	0000100f	fence.i	
       23405000	      2241	80004300	0001	c.addi	x0,0	  x0:0x00000000  x0=0x00000000
       23415000	      2242	80004302	009cc633	xor	x12,x25,x9	 x25:0x80025ce4  x9:0xfffffffc x12=0x7ffda318
       23425000	      2243	80004306	0001	c.addi	x0,0	  x0:0x00000000  x0=0x00000000
       23795000	      2280	80004308	032f5133	divu	x2,x30,x18	 x30:0xffffffff x18:0x00000004  x2=0x3fffffff
       23805000	      2281	8000430c	8199	c.srli	x11,0x6	 x11:0xbefa2000 x11=0x02fbe880
       23815000	      2282	8000430e	0baccd93	xori	x27,x25,186	 x25:0x80025ce4 x27=0x80025c5e
       23825000	      2283	80004312	0001	c.addi	x0,0	  x0:0x00000000  x0=0x00000000
       23835000	      2284	80004314	0086f463	bgeu	x13,x8,8000431c	 x13:0x00000000  x8:0x00000000
       23855000	      2286	8000431c	a4c8ae93	slti	x29,x17,-1460	 x17:0x000007fb x29=0x00000000
       23865000	      2287	80004320	01b64563	blt	x12,x27,8000432a	 x12:0x7ffda318 x27:0x80025c5e
       23875000	      2288	80004324	8cd9	c.or	x9,x14	  x9:0xfffffffc x14:0xffffffff  x9=0xffffffff
       23885000	      2289	80004326	001fc633	xor	x12,x31,x1	 x31:0x0000000b  x1:0x00000000 x12=0x0000000b
       23895000	      2290	8000432a	436d	c.li	x6,27	  x6=0x0000001b
       23905000	      2291	8000432c	41635633	sra	x12,x6,x22	  x6:0x0000001b x22:0x2000877e x12=0x00000000
       23915000	      2292	80004330	0ab2	c.slli	x21,0xc	 x21:0xffee3000 x21=0xe3000000
       23925000	      2293	80004332	8969	c.andi	x10,26	 x10:0xffffffff x10=0x0000001a
       23935000	      2294	80004334	e90d3a13	sltiu	x20,x26,-368	 x26:0x0001d000 x20=0x00000001
       23945000	      2295	80004338	6e21	c.lui	x28,0x8	 x28=0x00008000
       23955000	      2296	8000433a	02c79d63	bne	x15,x12,80004374	 x15:0x00000000 x12:0x00000000
       23965000	      2297	8000433e	016ed7b3	srl	x15,x29,x22	 x29:0x00000000 x22:0x2000877e x15=0x00000000
       23975000	      2298	80004342	4f8cea13	ori	x20,x25,1272	 x25:0x80025ce4 x20=0x80025cfc
       23985000	      2299	80004346	00b05413	srli	x8,x0,0xb	  x0:0x00000000  x8=0x00000000
       23995000	      2300	8000434a	8d29	c.xor	x10,x10	 x10:0x0000001a x10:0x0000001a x10=0x00000000
       24005000	      2301	8000434c	3c4ec513	xori	x10,x29,964	 x29:0x00000000 x10=0x000003c4
       24015000	      2302	80004350	000a16b3	sll	x13,x20,x0	 x20:0x80025cfc  x0:0x00000000 x13=0x80025cfc
       24025000	      2303	80004354	0001	c.addi	x0,0	  x0:0x00000000  x0=0x00000000
       24035000	      2304	80004356	9777a917	auipc	x18,0x9777a	 x18=0x1777e356
       24045000	      2305	8000435a	441d	c.li	x8,7	  x8=0x00000007
       24055000	      2306	8000435c	8f09	c.sub	x14,x10	 x14:0xffffffff x10:0x000003c4 x14=0xfffffc3b
       24065000	      2307	8000435e	01501d13	slli	x26,x0,0x15	  x0:0x00000000 x26=0x00000000
       24075000	      2308	80004362	013112b3	sll	x5,x2,x19	  x2:0x3fffffff x19:0x80021df8  x5=0xff000000
       24085000	      2309	80004366	0001	c.addi	x0,0	  x0:0x00000000  x0=0x00000000
       24095000	      2310	80004368	8bea	c.mv	x23,x26	  x0:0x00000000 x26:0x00000000 x23=0x00000000
       24105000	      2311	8000436a	0852	c.slli	x16,0x14	 x16:0x00000000 x16=0x00000000
       24115000	      2312	8000436c	ca2af197	auipc	x3,0xca2af	  x3=0x4a2b336c
       24125000	      2313	80004370	400b0d33	sub	x26,x22,x0	 x22:0x2000877e  x0:0x00000000 x26=0x2000877e
       24135000	      2314	80004374	01233e33	sltu	x28,x6,x18	  x6:0x0000001b x18:0x1777e356 x28=0x00000001
       24155000	      2316	80004378	02f8f633	remu	x12,x17,x15	 x17:0x000007fb x15:0x00000000 x12=0x000007fb
       24165000	      2317	8000437c	31e7f037	lui	x0,0x31e7f	  x0=0x00000000
       24175000	      2318	80004380	0669	c.addi	x12,26	 x12:0x000007fb x12=0x00000815
       24185000	      2319	80004382	0ff0000f	fence	iorw,iorw	
       24195000	      2320	80004386	1084	c.addi4spn	x9,x2,96	  x9=0x4000005f
       24205000	      2321	80004388	0050b033	sltu	x0,x1,x5	  x1:0x00000000  x5:0xff000000  x0=0x00000000
       24215000	      2322	8000438c	2e296d13	ori	x26,x18,738	 x18:0x1777e356 x26=0x1777e3f6
       24225000	      2323	80004390	05a19063	bne	x3,x26,800043d0	  x3:0x4a2b336c x26:0x1777e3f6
       24275000	      2328	800043d0	02783633	mulhu	x12,x16,x7	 x16:0x00000000  x7:0x00000000 x12=0x00000000
       24285000	      2329	800043d4	32dcc893	xori	x17,x25,813	 x25:0x80025ce4 x17=0x80025fc9
       24295000	      2330	800043d8	003d9293	slli	x5,x27,0x3	 x27:0x80025c5e  x5=0x0012e2f0
       24305000	      2331	800043dc	0001	c.addi	x0,0	  x0:0x00000000  x0=0x00000000
       24315000	      2332	800043de	401ad933	sra	x18,x21,x1	 x21:0xe3000000  x1:0x00000000 x18=0xe3000000
       24325000	      2333	800043e2	407484b3	sub	x9,x9,x7	  x9:0x4000005f  x7:0x00000000  x9=0x4000005f
       24335000	      2334	800043e6	0001	c.addi	x0,0	  x0:0x00000000  x0=0x00000000
       24345000	      2335	800043e8	d6d0f837	lui	x16,0xd6d0f	 x16=0xd6d0f000
       24355000	      2336	800043ec	009a0433	add	x8,x20,x9	 x20:0x80025cfc  x9:0x4000005f  x8=0xc0025d5b
       24365000	      2337	800043f0	01acd133	srl	x2,x25,x26	 x25:0x80025ce4 x26:0x1777e3f6  x2=0x00000200
       24375000	      2338	800043f4	01c74663	blt	x14,x28,80004400	 x14:0xfffffc3b x28:0x00000001
       24395000	      2340	80004400	9c3a	c.add	x24,x14	 x24:0x00000000 x14:0xfffffc3b x24=0xfffffc3b
       24405000	      2341	80004402	651d	c.lui	x10,0x7	 x10=0x00007000
       24415000	      2342	80004404	9e72	c.add	x28,x28	 x28:0x00000001 x28:0x00000001 x28=0x00000002
       24425000	      2343	80004406	0000100f	fence.i	
       24815000	      2382	8000440a	033868b3	rem	x17,x16,x19	 x16:0xd6d0f000 x19:0x80021df8 x17=0xd6d0f000
       24825000	      2383	8000440e	047bf163	bgeu	x23,x7,80004450	 x23:0x00000000  x7:0x00000000
       24845000	      2385	80004450	00b504b3	add	x9,x10,x11	 x10:0x00007000 x11:0x02fbe880  x9=0x02fc5880
       24855000	      2386	80004454	67747e93	andi	x29,x8,1655	  x8:0xc0025d5b x29=0x00000453
       24865000	      2387	80004458	8e9d	c.sub	x13,x15	 x13:0x80025cfc x15:0x00000000 x13=0x80025cfc
       25235000	      2424	8000445a	031aff33	remu	x30,x21,x17	 x21:0xe3000000 x17:0xd6d0f000 x30=0x0c2f1000
       25245000	      2425	8000445e	2bc76593	ori	x11,x14,700	 x14:0xfffffc3b x11=0xfffffebf
       25255000	      2426	80004462	8c5d	c.or	x8,x15	  x8:0xc0025d5b x15:0x00000000  x8=0xc0025d5b
       25265000	      2427	80004464	458d	c.li	x11,3	 x11=0x00000003
       25275000	      2428	80004466	016a9613	slli	x12,x21,0x16	 x21:0xe3000000 x12=0x00000000
       25295000	      2430	8000446a	0372c533	div	x10,x5,x23	  x5:0x0012e2f0 x23:0x00000000 x10=0xffffffff
       25305000	      2431	8000446e	e73b2213	slti	x4,x22,-397	 x22:0x2000877e  x4=0x00000000
       25315000	      2432	80004472	0000100f	fence.i	
       25345000	      2435	80004476	008adeb3	srl	x29,x21,x8	 x21:0xe3000000  x8:0xc0025d5b x29=0x0000001c
       25355000	      2436	8000447a	0184fbb3	and	x23,x9,x24	  x9:0x02fc5880 x24:0xfffffc3b x23=0x02fc5800
       25365000	      2437	8000447e	81fd	c.srli	x11,0x1f	 x11:0x00000003 x11=0x00000000
       25735000	      2474	80004480	02596db3	rem	x27,x18,x5	 x18:0xe3000000  x5:0x0012e2f0 x27=0xfffe6270
       25745000	      2475	80004484	01606533	or	x10,x0,x22	  x0:0x00000000 x22:0x2000877e x10=0x2000877e
       25755000	      2476	80004488	841e	c.mv	x8,x7	  x0:0x00000000  x7:0x00000000  x8=0x00000000
       25765000	      2477	8000448a	b4a82d13	slti	x26,x16,-1206	 x16:0xd6d0f000 x26=0x00000001
       25775000	      2478	8000448e	018f1593	slli	x11,x30,0x18	 x30:0x0c2f1000 x11=0x00000000
       25785000	      2479	80004492	409bd693	srai	x13,x23,0x9	 x23:0x02fc5800 x13=0x00017e2c
       25795000	      2480	80004496	51fd	c.li	x3,-1	  x3=0xffffffff
       25805000	      2481	80004498	00411133	sll	x2,x2,x4	  x2:0x00000200  x4:0x00000000  x2=0x00000200
       25815000	      2482	8000449c	00ce1f63	bne	x28,x12,800044ba	 x28:0x00000002 x12:0x00000000
       25845000	      2485	800044ba	0348f863	bgeu	x17,x20,800044ea	 x17:0xd6d0f000 x20:0x80025cfc
       25865000	      2487	800044ea	8ead	c.xor	x13,x11	 x13:0x00017e2c x11:0x00000000 x13=0x00017e2c
       25875000	      2488	800044ec	00525613	srli	x12,x4,0x5	  x4:0x00000000 x12=0x00000000
       25915000	      2492	800044f0	02acbd33	mulhu	x26,x25,x10	 x25:0x80025ce4 x10:0x2000877e x26=0x10008f5c
       25925000	      2493	800044f4	4162d033	sra	x0,x5,x22	  x5:0x0012e2f0 x22:0x2000877e  x0=0x00000000
       25935000	      2494	800044f8	01c722b3	slt	x5,x14,x28	 x14:0xfffffc3b x28:0x00000002  x5=0x00000001
       25945000	      2495	800044fc	572cae93	slti	x29,x25,1394	 x25:0x80025ce4 x29=0x00000001
       25955000	      2496	80004500	01589833	sll	x16,x17,x21	 x17:0xd6d0f000 x21:0xe3000000 x16=0xd6d0f000
       25995000	      2500	80004504	0313af33	mulhsu	x30,x7,x17	  x7:0x00000000 x17:0xd6d0f000 x30=0x00000000
       26365000	      2537	80004508	034de133	rem	x2,x27,x20	 x27:0xfffe6270 x20:0x80025cfc  x2=0xfffe6270
       26375000	      2538	8000450c	739de393	ori	x7,x27,1849	 x27:0xfffe6270  x7=0xfffe6779
       26385000	      2539	80004510	091a	c.slli	x18,0x6	 x18:0xe3000000 x18=0xc0000000
       26395000	      2540	80004512	0116b1b3	sltu	x3,x13,x17	 x13:0x00017e2c x17:0xd6d0f000  x3=0x00000001
       26405000	      2541	80004516	0001	c.addi	x0,0	  x0:0x00000000  x0=0x00000000
       26775000	      2578	80004518	0291c633	div	x12,x3,x9	  x3:0x00000001  x9:0x02fc5880 x12=0x00000000
       26785000	      2579	8000451c	0001	c.addi	x0,0	  x0:0x00000000  x0=0x00000000
       26795000	      2580	8000451e	4113db13	srai	x22,x7,0x11	  x7:0xfffe6779 x22=0xffffffff
       26805000	      2581	80004522	8e1d	c.sub	x12,x15	 x12:0x00000000 x15:0x00000000 x12=0x00000000
       26815000	      2582	80004524	07573193	sltiu	x3,x14,117	 x14:0xfffffc3b  x3=0x00000000
       26825000	      2583	80004528	84cd6093	ori	x1,x26,-1972	 x26:0x10008f5c  x1=0xffffff5c
       26835000	      2584	8000452c	0000100f	fence.i	
       26855000	      2586	80004530	8151	c.srli	x10,0x14	 x10:0x2000877e x10=0x00000200
       26865000	      2587	80004532	814e	c.mv	x2,x19	  x0:0x00000000 x19:0x80021df8  x2=0x80021df8
       26875000	      2588	80004534	00533333	sltu	x6,x6,x5	  x6:0x0000001b  x5:0x00000001  x6=0x00000000
       26885000	      2589	80004538	01f9a933	slt	x18,x19,x31	 x19:0x80021df8 x31:0x0000000b x18=0x00000001
       26895000	      2590	8000453c	0b84	c.addi4spn	x9,x2,464	  x9=0x80021fc8
       26905000	      2591	8000453e	0143d493	srli	x9,x7,0x14	  x7:0xfffe6779  x9=0x00000fff
       27275000	      2628	80004542	03706a33	rem	x20,x0,x23	  x0:0x00000000 x23:0x02fc5800 x20=0x00000000
       27285000	      2629	80004546	1e7d	c.addi	x28,-1	 x28:0x00000002 x28=0x00000001
       27305000	      2631	80004548	02647033	remu	x0,x8,x6	  x8:0x00000000  x6:0x00000000  x0=0x00000000
       27315000	      2632	8000454c	8846	c.mv	x16,x17	  x0:0x00000000 x17:0xd6d0f000 x16=0xd6d0f000
       27325000	      2633	8000454e	0001	c.addi	x0,0	  x0:0x00000000  x0=0x00000000
       27335000	      2634	80004550	00f96a33	or	x20,x18,x15	 x18:0x00000001 x15:0x00000000 x20=0x00000001
       27345000	      2635	80004554	007f1933	sll	x18,x30,x7	 x30:0x00000000  x7:0xfffe6779 x18=0x00000000
       27355000	      2636	80004558	97b2	c.add	x15,x12	 x15:0x00000000 x12:0x00000000 x15=0x00000000
       27365000	      2637	8000455a	01da35b3	sltu	x11,x20,x29	 x20:0x00000001 x29:0x00000001 x11=0x00000000
       27405000	      2641	8000455e	03f8ad33	mulhsu	x26,x17,x31	 x17:0xd6d0f000 x31:0x0000000b x26=0xfffffffe
       27415000	      2642	80004562	8f05	c.sub	x14,x9	 x14:0xfffffc3b  x9:0x00000fff x14=0xffffec3c
       27425000	      2643	80004564	4020d5b3	sra	x11,x1,x2	  x1:0xffffff5c  x2:0x80021df8 x11=0xffffffff
       27435000	      2644	80004568	987d	c.andi	x8,-1	  x8:0x00000000  x8=0x00000000
       27445000	      2645	8000456a	1d00	c.addi4spn	x8,x2,688	  x8=0x800220a8
       27485000	      2649	8000456c	03492e33	mulhsu	x28,x18,x20	 x18:0x00000000 x20:0x00000001 x28=0x00000000
       27495000	      2650	80004570	00bb7663	bgeu	x22,x11,8000457c	 x22:0xffffffff x11:0xffffffff
       27515000	      2652	8000457c	d1e67493	andi	x9,x12,-738	 x12:0x00000000  x9=0x00000000
       27525000	      2653	80004580	8edd	c.or	x13,x15	 x13:0x00017e2c x15:0x00000000 x13=0x00017e2c
       27535000	      2654	80004582	ce994db7	lui	x27,0xce994	 x27=0xce994000
       27555000	      2656	80004586	02014833	div	x16,x2,x0	  x2:0x80021df8  x0:0x00000000 x16=0xffffffff
       27565000	      2657	8000458a	4a89	c.li	x21,2	 x21=0x00000002
       27595000	      2660	8000458c	03b180b3	mul	x1,x3,x27	  x3:0x00000000 x27:0xce994000  x1=0x00000000
       27605000	      2661	80004590	37584913	xori	x18,x16,885	 x16:0xffffffff x18=0xfffffc8a
       27615000	      2662	80004594	01153933	sltu	x18,x10,x17	 x10:0x00000200 x17:0xd6d0f000 x18=0x00000001
       27625000	      2663	80004598	01a66db3	or	x27,x12,x26	 x12:0x00000000 x26:0xfffffffe x27=0xfffffffe
       27635000	      2664	8000459c	c209	c.beqz	x12,8000459e	 x12:0x00000000
       27665000	      2667	8000459e	00b755b3	srl	x11,x14,x11	 x14:0xffffec3c x11:0xffffffff x11=0x00000001
       27675000	      2668	800045a2	ea89	c.bnez	x13,800045b4	 x13:0x00017e2c
       27705000	      2671	800045b4	020e5633	divu	x12,x28,x0	 x28:0x00000000  x0:0x00000000 x12=0xffffffff
       27715000	      2672	800045b8	869d	c.srai	x13,0x7	 x13:0x00017e2c x13=0x000002fc
       27725000	      2673	800045ba	400801b3	sub	x3,x16,x0	 x16:0xffffffff  x0:0x00000000  x3=0xffffffff
       27735000	      2674	800045be	88aa	c.mv	x17,x10	  x0:0x00000000 x10:0x00000200 x17=0x00000200
       27745000	      2675	800045c0	0ff0000f	fence	iorw,iorw	
       27755000	      2676	800045c4	00d46863	bltu	x8,x13,800045d4	  x8:0x800220a8 x13:0x000002fc
       27765000	      2677	800045c8	07d58113	addi	x2,x11,125	 x11:0x00000001  x2=0x0000007e
       27775000	      2678	800045cc	0191a5b3	slt	x11,x3,x25	  x3:0xffffffff x25:0x80025ce4 x11=0x00000000
       27785000	      2679	800045d0	40892f13	slti	x30,x18,1032	 x18:0x00000001 x30=0x00000001
       27795000	      2680	800045d4	41320e33	sub	x28,x4,x19	  x4:0x00000000 x19:0x80021df8 x28=0x7ffde208
       27805000	      2681	800045d8	4099d933	sra	x18,x19,x9	 x19:0x80021df8  x9:0x00000000 x18=0x80021df8
       27815000	      2682	800045dc	8b310593	addi	x11,x2,-1869	  x2:0x0000007e x11=0xfffff931
       27825000	      2683	800045e0	004f9133	sll	x2,x31,x4	 x31:0x0000000b  x4:0x00000000  x2=0x0000000b
       27835000	      2684	800045e4	8d8d	c.sub	x11,x11	 x11:0xfffff931 x11:0xfffff931 x11=0x00000000
       27845000	      2685	800045e6	00b12633	slt	x12,x2,x11	  x2:0x0000000b x11:0x00000000 x12=0x00000000
       27855000	      2686	800045ea	000af363	bgeu	x21,x0,800045f0	 x21:0x00000002  x0:0x00000000
       27875000	      2688	800045f0	01c91f33	sll	x30,x18,x28	 x18:0x80021df8 x28:0x7ffde208 x30=0x021df800
       27885000	      2689	800045f4	00801f33	sll	x30,x0,x8	  x0:0x00000000  x8:0x800220a8 x30=0x00000000
       27925000	      2693	800045f8	03ec90b3	mulh	x1,x25,x30	 x25:0x80025ce4 x30:0x00000000  x1=0x00000000
       27935000	      2694	800045fc	0001	c.addi	x0,0	  x0:0x00000000  x0=0x00000000
       27945000	      2695	800045fe	9af2	c.add	x21,x28	 x21:0x00000002 x28:0x7ffde208 x21=0x7ffde20a
       27955000	      2696	80004600	00989633	sll	x12,x17,x9	 x17:0x00000200  x9:0x00000000 x12=0x00000200
       27985000	      2699	80004604	02ba85b3	mul	x11,x21,x11	 x21:0x7ffde20a x11:0x00000000 x11=0x00000000
       27995000	      2700	80004608	00678eb3	add	x29,x15,x6	 x15:0x00000000  x6:0x00000000 x29=0x00000000
       28005000	      2701	8000460c	8d6a	c.mv	x26,x26	  x0:0x00000000 x26:0xfffffffe x26=0xfffffffe
       28015000	      2702	8000460e	04bf4263	blt	x30,x11,80004652	 x30:0x00000000 x11:0x00000000
       28025000	      2703	80004612	0000100f	fence.i	
       28055000	      2706	80004616	962b7913	andi	x18,x22,-1694	 x22:0xffffffff x18=0xfffff962
       28065000	      2707	8000461a	007a1f13	slli	x30,x20,0x7	 x20:0x00000001 x30=0x00000080
       28075000	      2708	8000461e	414f83b3	sub	x7,x31,x20	 x31:0x0000000b x20:0x00000001  x7=0x0000000a
       28085000	      2709	80004622	8e25	c.xor	x12,x9	 x12:0x00000200  x9:0x00000000 x12=0x00000200
       28095000	      2710	80004624	6e39	c.lui	x28,0xe	 x28=0x0000e000
       28105000	      2711	80004626	8d1e	c.mv	x26,x7	  x0:0x00000000  x7:0x0000000a x26=0x0000000a
       28115000	      2712	80004628	40fadab3	sra	x21,x21,x15	 x21:0x7ffde20a x15:0x00000000 x21=0x7ffde20a
       28485000	      2749	8000462c	025666b3	rem	x13,x12,x5	 x12:0x00000200  x5:0x00000001 x13=0x00000000
       28495000	      2750	80004630	00bc5633	srl	x12,x24,x11	 x24:0xfffffc3b x11:0x00000000 x12=0xfffffc3b
       28505000	      2751	80004634	8d1e	c.mv	x26,x7	  x0:0x00000000  x7:0x0000000a x26=0x0000000a
       28515000	      2752	80004636	e01d	c.bnez	x8,8000465c	  x8:0x800220a8
       28535000	      2754	8000465c	9d70ed93	ori	x27,x1,-1577	  x1:0x00000000 x27=0xfffff9d7
       28555000	      2756	80004660	02924933	div	x18,x4,x9	  x4:0x00000000  x9:0x00000000 x18=0xffffffff
       28565000	      2757	80004664	013e9b63	bne	x29,x19,8000467a	 x29:0x00000000 x19:0x80021df8
       28585000	      2759	8000467a	8099	c.srli	x9,0x6	  x9:0x00000000  x9=0x00000000
       28595000	      2760	8000467c	eb9d	c.bnez	x15,800046b2	 x15:0x00000000
       28605000	      2761	8000467e	0436b613	sltiu	x12,x13,67	 x13:0x00000000 x12=0x00000001
       28615000	      2762	80004682	018b9db3	sll	x27,x23,x24	 x23:0x02fc5800 x24:0xfffffc3b x27=0x00000000
       28645000	      2765	80004686	03160e33	mul	x28,x12,x17	 x12:0x00000001 x17:0x00000200 x28=0x00000200
       28655000	      2766	8000468a	fb0b3737	lui	x14,0xfb0b3	 x14=0xfb0b3000
       28665000	      2767	8000468e	8fd1	c.or	x15,x12	 x15:0x00000000 x12:0x00000001 x15=0x00000001
       28675000	      2768	80004690	8925	c.andi	x10,9	 x10:0x00000200 x10=0x00000000
       28685000	      2769	80004692	0058af33	slt	x30,x17,x5	 x17:0x00000200  x5:0x00000001 x30=0x00000000
       28695000	      2770	80004696	0000100f	fence.i	
       28715000	      2772	8000469a	c399	c.beqz	x15,800046a0	 x15:0x00000001
       28725000	      2773	8000469c	008462b3	or	x5,x8,x8	  x8:0x800220a8  x8:0x800220a8  x5=0x800220a8
       28735000	      2774	800046a0	02f2	c.slli	x5,0x1c	  x5:0x800220a8  x5=0x80000000
       28745000	      2775	800046a2	1d18	c.addi4spn	x14,x2,688	 x14=0x000002bb
       28755000	      2776	800046a4	8f31	c.xor	x14,x12	 x14:0x000002bb x12:0x00000001 x14=0x000002ba
       28765000	      2777	800046a6	682b37b7	lui	x15,0x682b3	 x15=0x682b3000
       28775000	      2778	800046aa	52fd	c.li	x5,-1	  x5=0xffffffff
       28785000	      2779	800046ac	02735a63	bge	x6,x7,800046e0	  x6:0x00000000  x7:0x0000000a
       28795000	      2780	800046b0	091e	c.slli	x18,0x7	 x18:0xffffffff x18=0xffffff80
       28805000	      2781	800046b2	85c9	c.srai	x11,0x12	 x11:0x00000000 x11=0x00000000
       28815000	      2782	800046b4	4055d693	srai	x13,x11,0x5	 x11:0x00000000 x13=0x00000000
       28855000	      2786	800046b8	02533db3	mulhu	x27,x6,x5	  x6:0x00000000  x5:0xffffffff x27=0x00000000
       28865000	      2787	800046bc	1d7d	c.addi	x26,-1	 x26:0x0000000a x26=0x00000009
       28875000	      2788	800046be	09dc2d13	slti	x26,x24,157	 x24:0xfffffc3b x26=0x00000001
       28885000	      2789	800046c2	1a08	c.addi4spn	x10,x2,304	 x10=0x0000013b
       28895000	      2790	800046c4	8f49	c.or	x14,x10	 x14:0x000002ba x10:0x0000013b x14=0x000003bb
       28905000	      2791	800046c6	8390c013	xori	x0,x1,-1991	  x1:0x00000000  x0=0x00000000
       28915000	      2792	800046ca	8f4a	c.mv	x30,x18	  x0:0x00000000 x18:0xffffff80 x30=0xffffff80
       28925000	      2793	800046cc	0001	c.addi	x0,0	  x0:0x00000000  x0=0x00000000
       28965000	      2797	800046ce	022f26b3	mulhsu	x13,x30,x2	 x30:0xffffff80  x2:0x0000000b x13=0xffffffff
       28975000	      2798	800046d2	825e	c.mv	x4,x23	  x0:0x00000000 x23:0x02fc5800  x4=0x02fc5800
       28985000	      2799	800046d4	01ebbc33	sltu	x24,x23,x30	 x23:0x02fc5800 x30:0xffffff80 x24=0x00000001
       28995000	      2800	800046d8	dab90697	auipc	x13,0xdab90	 x13=0x5ab946d8
       29005000	      2801	800046dc	f81003b7	lui	x7,0xf8100	  x7=0xf8100000
       29375000	      2838	800046e0	025c67b3	rem	x15,x24,x5	 x24:0x00000001  x5:0xffffffff x15=0x00000000
       29385000	      2839	800046e4	0bf6	c.slli	x23,0x1d	 x23:0x02fc5800 x23=0x00000000
       29395000	      2840	800046e6	9372	c.add	x6,x28	  x6:0x00000000 x28:0x00000200  x6=0x00000200
       29405000	      2841	800046e8	8159	c.srli	x10,0x16	 x10:0x0000013b x10=0x00000000
       29415000	      2842	800046ea	a7da3c13	sltiu	x24,x20,-1411	 x20:0x00000001 x24=0x00000001
       29425000	      2843	800046ee	0001	c.addi	x0,0	  x0:0x00000000  x0=0x00000000
       29455000	      2846	800046f0	02520533	mul	x10,x4,x5	  x4:0x02fc5800  x5:0xffffffff x10=0xfd03a800
       29465000	      2847	800046f4	717d	c.addi16sp	x2,-16	  x2:0x0000000b  x2=0xfffffffb
       29475000	      2848	800046f6	1580	c.addi4spn	x8,x2,736	  x8=0x000002db
       29515000	      2852	800046f8	02c8b333	mulhu	x6,x17,x12	 x17:0x00000200 x12:0x00000001  x6=0x00000000
       29525000	      2853	800046fc	0ff0000f	fence	iorw,iorw	
       29535000	      2854	80004700	98fd	c.andi	x9,-1	  x9:0x00000000  x9=0x00000000
       29545000	      2855	80004702	0d91	c.addi	x27,4	 x27:0x00000000 x27=0x00000004
       29555000	      2856	80004704	010423b3	slt	x7,x8,x16	  x8:0x000002db x16:0xffffffff  x7=0x00000000
       29565000	      2857	80004708	0ff0000f	fence	iorw,iorw	
       29935000	      2894	8000470c	03f24f33	div	x30,x4,x31	  x4:0x02fc5800 x31:0x0000000b x30=0x00457c5d
       30305000	      2931	80004710	034be033	rem	x0,x23,x20	 x23:0x00000000 x20:0x00000001  x0=0x00000000
       30315000	      2932	80004714	01230a33	add	x20,x6,x18	  x6:0x00000000 x18:0xffffff80 x20=0xffffff80
       30325000	      2933	80004718	1f7d	c.addi	x30,-1	 x30:0x00457c5d x30=0x00457c5c
       30335000	      2934	8000471a	01e96f33	or	x30,x18,x30	 x18:0xffffff80 x30:0x00457c5c x30=0xffffffdc
       30345000	      2935	8000471e	614d	c.addi16sp	x2,176	  x2:0xfffffffb  x2=0x000000ab
       30355000	      2936	80004720	00d3f463	bgeu	x7,x13,80004728	  x7:0x00000000 x13:0x5ab946d8
       30365000	      2937	80004724	82a9	c.srli	x13,0xa	 x13:0x5ab946d8 x13=0x0016ae51
       30375000	      2938	80004726	ca1d	c.beqz	x12,8000475c	 x12:0x00000001
       30385000	      2939	80004728	8d89	c.sub	x11,x10	 x11:0x00000000 x10:0xfd03a800 x11=0x02fc5800
       30395000	      2940	8000472a	0e55	c.addi	x28,21	 x28:0x00000200 x28=0x00000215
       30405000	      2941	8000472c	03ef6663	bltu	x30,x30,80004758	 x30:0xffffffdc x30:0xffffffdc
       30415000	      2942	80004730	00b85913	srli	x18,x16,0xb	 x16:0xffffffff x18=0x001fffff
       30455000	      2946	80004734	026915b3	mulh	x11,x18,x6	 x18:0x001fffff  x6:0x00000000 x11=0x00000000
       30465000	      2947	80004738	07b9	c.addi	x15,14	 x15:0x00000000 x15=0x0000000e
       30505000	      2951	8000473a	0288bab3	mulhu	x21,x17,x8	 x17:0x00000200  x8:0x000002db x21=0x00000000
       30515000	      2952	8000473e	e9c34793	xori	x15,x6,-356	  x6:0x00000000 x15=0xfffffe9c
       30525000	      2953	80004742	65a1	c.lui	x11,0x8	 x11=0x00008000
       30535000	      2954	80004744	02191b63	bne	x18,x1,8000477a	 x18:0x001fffff  x1:0x00000000
       30565000	      2957	8000477a	40fcd113	srai	x2,x25,0xf	 x25:0x80025ce4  x2=0xffff0004
       30575000	      2958	8000477e	9a46	c.add	x20,x17	 x20:0xffffff80 x17:0x00000200 x20=0x00000180
       30585000	      2959	80004780	e711	c.bnez	x14,8000478c	 x14:0x000003bb
       30605000	      2961	8000478c	01dd7f33	and	x30,x26,x29	 x26:0x00000001 x29:0x00000000 x30=0x00000000
       30615000	      2962	80004790	c691e493	ori	x9,x3,-919	  x3:0xffffffff  x9=0xffffffff
       30625000	      2963	80004794	05a0c263	blt	x1,x26,800047d8	  x1:0x00000000 x26:0x00000001
       30645000	      2965	800047d8	01363a33	sltu	x20,x12,x19	 x12:0x00000001 x19:0x80021df8 x20=0x00000001
       30655000	      2966	800047dc	8e45	c.or	x12,x9	 x12:0x00000001  x9:0xffffffff x12=0xffffffff
       30665000	      2967	800047de	012e9763	bne	x29,x18,800047ec	 x29:0x00000000 x18:0x001fffff
       30685000	      2969	800047ec	8ee1	c.and	x13,x8	 x13:0x0016ae51  x8:0x000002db x13=0x00000251
       30695000	      2970	800047ee	8152	c.mv	x2,x20	  x0:0x00000000 x20:0x00000001  x2=0x00000001
       30705000	      2971	800047f0	0001	c.addi	x0,0	  x0:0x00000000  x0=0x00000000
       31075000	      3008	800047f2	02d2d833	divu	x16,x5,x13	  x5:0xffffffff x13:0x00000251 x16=0x006e8419
       31085000	      3009	800047f6	7028a493	slti	x9,x17,1794	 x17:0x00000200  x9=0x00000001
       31095000	      3010	800047fa	0ff0000f	fence	iorw,iorw	
       31105000	      3011	800047fe	00a4d033	srl	x0,x9,x10	  x9:0x00000001 x10:0xfd03a800  x0=0x00000000
       31115000	      3012	80004802	62443317	auipc	x6,0x62443	  x6=0xe2447802
       31125000	      3013	80004806	011c9093	slli	x1,x25,0x11	 x25:0x80025ce4  x1=0xb9c80000
       31135000	      3014	8000480a	0001	c.addi	x0,0	  x0:0x00000000  x0=0x00000000
       31145000	      3015	8000480c	016b77b3	and	x15,x22,x22	 x22:0xffffffff x22:0xffffffff x15=0xffffffff
       31155000	      3016	80004810	04081063	bne	x16,x0,80004850	 x16:0x006e8419  x0:0x00000000
       31175000	      3018	80004850	0001	c.addi	x0,0	  x0:0x00000000  x0=0x00000000
       31185000	      3019	80004852	ef09	c.bnez	x14,8000486c	 x14:0x000003bb
       31205000	      3021	8000486c	00c5d713	srli	x14,x11,0xc	 x11:0x00008000 x14=0x00000008
       31245000	      3025	80004870	03c41533	mulh	x10,x8,x28	  x8:0x000002db x28:0x00000215 x10=0x00000000
       31255000	      3026	80004874	641d	c.lui	x8,0x7	  x8=0x00007000
       31265000	      3027	80004876	049c	c.addi4spn	x15,x2,576	 x15=0x00000241
       31275000	      3028	80004878	010dff63	bgeu	x27,x16,80004896	 x27:0x00000004 x16:0x006e8419
       31285000	      3029	8000487c	8c65	c.and	x8,x9	  x8:0x00007000  x9:0x00000001  x8=0x00000000
       31295000	      3030	8000487e	0672b693	sltiu	x13,x5,103	  x5:0xffffffff x13=0x00000000
       31305000	      3031	80004882	0001	c.addi	x0,0	  x0:0x00000000  x0=0x00000000
       31345000	      3035	80004884	029fa733	mulhsu	x14,x31,x9	 x31:0x0000000b  x9:0x00000001 x14=0x00000000
       31355000	      3036	80004888	9b562593	slti	x11,x12,-1611	 x12:0xffffffff x11=0x00000000
       31395000	      3040	8000488c	0244b133	mulhu	x2,x9,x4	  x9:0x00000001  x4:0x02fc5800  x2=0x00000000
       31765000	      3077	80004890	03024433	div	x8,x4,x16	  x4:0x02fc5800 x16:0x006e8419  x8=0x00000006
       31775000	      3078	80004894	717d	c.addi16sp	x2,-16	  x2:0x00000000  x2=0xfffffff0
       31785000	      3079	80004896	05f11363	bne	x2,x31,800048dc	  x2:0xfffffff0 x31:0x0000000b
       31805000	      3081	800048dc	8d52	c.mv	x26,x20	  x0:0x00000000 x20:0x00000001 x26=0x00000001
       31815000	      3082	800048de	7c479717	auipc	x14,0x7c479	 x14=0xfc47d8de
       31825000	      3083	800048e2	8f71	c.and	x14,x12	 x14:0xfc47d8de x12:0xffffffff x14=0xfc47d8de
       31835000	      3084	800048e4	0001	c.addi	x0,0	  x0:0x00000000  x0=0x00000000
       31845000	      3085	800048e6	0000100f	fence.i	
       31875000	      3088	800048ea	013c61b3	or	x3,x24,x19	 x24:0x00000001 x19:0x80021df8  x3=0x80021df9
       31885000	      3089	800048ee	40435f33	sra	x30,x6,x4	  x6:0xe2447802  x4:0x02fc5800 x30=0xe2447802
       31895000	      3090	800048f2	01c45d93	srli	x27,x8,0x1c	  x8:0x00000006 x27=0x00000000
       31905000	      3091	800048f6	01595733	srl	x14,x18,x21	 x18:0x001fffff x21:0x00000000 x14=0x001fffff
       31915000	      3092	800048fa	6131	c.addi16sp	x2,320	  x2:0xfffffff0  x2=0x00000130
       31925000	      3093	800048fc	41a10c33	sub	x24,x2,x26	  x2:0x00000130 x26:0x00000001 x24=0x0000012f
       31935000	      3094	80004900	c98d	c.beqz	x11,80004932	 x11:0x00000000
       31955000	      3096	80004932	8471	c.srai	x8,0x1c	  x8:0x00000006  x8=0x00000000
       31995000	      3100	80004934	02b925b3	mulhsu	x11,x18,x11	 x18:0x001fffff x11:0x00000000 x11=0x00000000
       32005000	      3101	80004938	05e49163	bne	x9,x30,8000497a	  x9:0x00000001 x30:0xe2447802
       32035000	      3104	8000497a	008c8c33	add	x24,x25,x8	 x25:0x80025ce4  x8:0x00000000 x24=0x80025ce4
       32045000	      3105	8000497e	0118	c.addi4spn	x14,x2,128	 x14=0x000001b0
       32075000	      3108	80004980	034c0333	mul	x6,x24,x20	 x24:0x80025ce4 x20:0x00000001  x6=0x80025ce4
       32085000	      3109	80004984	003997b3	sll	x15,x19,x3	 x19:0x80021df8  x3:0x80021df9 x15=0xf0000000
       32095000	      3110	80004988	c319	c.beqz	x14,8000498e	 x14:0x000001b0
       32105000	      3111	8000498a	0078d2b3	srl	x5,x17,x7	 x17:0x00000200  x7:0x00000000  x5=0x00000200
       32115000	      3112	8000498e	0c4e	c.slli	x24,0x13	 x24:0x80025ce4 x24=0xe7200000
       32125000	      3113	80004990	0ee5	c.addi	x29,25	 x29:0x00000000 x29=0x00000019
       32495000	      3150	80004992	036f53b3	divu	x7,x30,x22	 x30:0xe2447802 x22:0xffffffff  x7=0x00000000
       32505000	      3151	80004996	82ca	c.mv	x5,x18	  x0:0x00000000 x18:0x001fffff  x5=0x001fffff
       32545000	      3155	80004998	02809233	mulh	x4,x1,x8	  x1:0xb9c80000  x8:0x00000000  x4=0x00000000
       32555000	      3156	8000499c	008f8563	beq	x31,x8,800049a6	 x31:0x0000000b  x8:0x00000000
       32565000	      3157	800049a0	0a26	c.slli	x20,0x9	 x20:0x00000001 x20=0x00000200
       32575000	      3158	800049a2	00283bb3	sltu	x23,x16,x2	 x16:0x006e8419  x2:0x00000130 x23=0x00000000
       32585000	      3159	800049a6	910e	c.add	x2,x3	  x2:0x00000130  x3:0x80021df9  x2=0x80021f29
       32625000	      3163	800049a8	037a9933	mulh	x18,x21,x23	 x21:0x00000000 x23:0x00000000 x18=0x00000000
       32655000	      3166	800049ac	03658533	mul	x10,x11,x22	 x11:0x00000000 x22:0xffffffff x10=0x00000000
       32665000	      3167	800049b0	c095	c.beqz	x9,800049d4	  x9:0x00000001
       32675000	      3168	800049b2	ca81	c.beqz	x13,800049c2	 x13:0x00000000
       32705000	      3171	800049c2	00d61663	bne	x12,x13,800049ce	 x12:0xffffffff x13:0x00000000
       32735000	      3174	800049ce	016a38b3	sltu	x17,x20,x22	 x20:0x00000200 x22:0xffffffff x17=0x00000001
       32745000	      3175	800049d2	8e1d	c.sub	x12,x15	 x12:0xffffffff x15:0xf0000000 x12=0x0fffffff
       32755000	      3176	800049d4	b0ea45b7	lui	x11,0xb0ea4	 x11=0xb0ea4000
       32765000	      3177	800049d8	016fc0b3	xor	x1,x31,x22	 x31:0x0000000b x22:0xffffffff  x1=0xfffffff4
       32775000	      3178	800049dc	39162893	slti	x17,x12,913	 x12:0x0fffffff x17=0x00000000
       32785000	      3179	800049e0	83f5	c.srli	x15,0x1d	 x15:0xf0000000 x15=0x00000007
       32795000	      3180	800049e2	015c2333	slt	x6,x24,x21	 x24:0xe7200000 x21:0x00000000  x6=0x00000001
       32805000	      3181	800049e6	016e5f63	bge	x28,x22,80004a04	 x28:0x00000215 x22:0xffffffff
       32835000	      3184	80004a04	0325fe33	remu	x28,x11,x18	 x11:0xb0ea4000 x18:0x00000000 x28=0xb0ea4000
       32845000	      3185	80004a08	c519	c.beqz	x10,80004a16	 x10:0x00000000
       32875000	      3188	80004a16	019f1d13	slli	x26,x30,0x19	 x30:0xe2447802 x26=0x04000000
       33245000	      3225	80004a1a	0232f4b3	remu	x9,x5,x3	  x5:0x001fffff  x3:0x80021df9  x9=0x001fffff
       33255000	      3226	80004a1e	039ae363	bltu	x21,x25,80004a44	 x21:0x00000000 x25:0x80025ce4
       33275000	      3228	80004a44	72ba8213	addi	x4,x21,1835	 x21:0x00000000  x4=0x0000072b
       33285000	      3229	80004a48	0001	c.addi	x0,0	  x0:0x00000000  x0=0x00000000
       33295000	      3230	80004a4a	4b9d	c.li	x23,7	 x23=0x00000007
       33305000	      3231	80004a4c	023e	c.slli	x4,0xf	  x4:0x0000072b  x4=0x03958000
       33675000	      3268	80004a4e	03c85db3	divu	x27,x16,x28	 x16:0x006e8419 x28:0xb0ea4000 x27=0x00000000
       33685000	      3269	80004a52	10fd	c.addi	x1,-1	  x1:0xfffffff4  x1=0xfffffff3
       33695000	      3270	80004a54	015ce463	bltu	x25,x21,80004a5c	 x25:0x80025ce4 x21:0x00000000
       33705000	      3271	80004a58	e391	c.bnez	x15,80004a5c	 x15:0x00000007
       33725000	      3273	80004a5c	00cd67b3	or	x15,x26,x12	 x26:0x04000000 x12:0x0fffffff x15=0x0fffffff
       33735000	      3274	80004a60	02a75a63	bge	x14,x10,80004a94	 x14:0x000001b0 x10:0x00000000
       34115000	      3312	80004a94	036cddb3	divu	x27,x25,x22	 x25:0x80025ce4 x22:0xffffffff x27=0x00000000
       34125000	      3313	80004a98	017382b3	add	x5,x7,x23	  x7:0x00000000 x23:0x00000007  x5=0x00000007
       34135000	      3314	80004a9c	01f19033	sll	x0,x3,x31	  x3:0x80021df9 x31:0x0000000b  x0=0x00000000
       34145000	      3315	80004aa0	528ba713	slti	x14,x23,1320	 x23:0x00000007 x14=0x00000001
       34515000	      3352	80004aa4	037e78b3	remu	x17,x28,x23	 x28:0xb0ea4000 x23:0x00000007 x17=0x00000004
       34525000	      3353	80004aa8	c215	c.beqz	x12,80004acc	 x12:0x0fffffff
       34535000	      3354	80004aaa	03f2e763	bltu	x5,x31,80004ad8	  x5:0x00000007 x31:0x0000000b
       34555000	      3356	80004ad8	8eb1	c.xor	x13,x12	 x13:0x00000000 x12:0x0fffffff x13=0x0fffffff
       34565000	      3357	80004ada	8d99	c.sub	x11,x14	 x11:0xb0ea4000 x14:0x00000001 x11=0xb0ea3fff
       34935000	      3394	80004adc	0315fe33	remu	x28,x11,x17	 x11:0xb0ea3fff x17:0x00000004 x28=0x00000003
       34945000	      3395	80004ae0	40ca07b3	sub	x15,x20,x12	 x20:0x00000200 x12:0x0fffffff x15=0xf0000201
       34955000	      3396	80004ae4	b0a78693	addi	x13,x15,-1270	 x15:0xf0000201 x13=0xeffffd0b
       34965000	      3397	80004ae8	01cbdd33	srl	x26,x23,x28	 x23:0x00000007 x28:0x00000003 x26=0x00000000
       34975000	      3398	80004aec	049e	c.slli	x9,0x7	  x9:0x001fffff  x9=0x0fffff80
       34985000	      3399	80004aee	01a8a5b3	slt	x11,x17,x26	 x17:0x00000004 x26:0x00000000 x11=0x00000000
       34995000	      3400	80004af2	8d41	c.or	x10,x8	 x10:0x00000000  x8:0x00000000 x10=0x00000000
       35005000	      3401	80004af4	02087e63	bgeu	x16,x0,80004b30	 x16:0x006e8419  x0:0x00000000
       35025000	      3403	80004b30	a9d26db7	lui	x27,0xa9d26	 x27=0xa9d26000
       35035000	      3404	80004b34	8599	c.srai	x11,0x6	 x11:0x00000000 x11=0x00000000
       35045000	      3405	80004b36	e489	c.bnez	x9,80004b40	  x9:0x0fffff80
       35065000	      3407	80004b40	0001	c.addi	x0,0	  x0:0x00000000  x0=0x00000000
       35075000	      3408	80004b42	8ea1	c.xor	x13,x8	 x13:0xeffffd0b  x8:0x00000000 x13=0xeffffd0b
       35085000	      3409	80004b44	0001	c.addi	x0,0	  x0:0x00000000  x0=0x00000000
       35095000	      3410	80004b46	01149db3	sll	x27,x9,x17	  x9:0x0fffff80 x17:0x00000004 x27=0xfffff800
       35465000	      3447	80004b4a	03d053b3	divu	x7,x0,x29	  x0:0x00000000 x29:0x00000019  x7=0x00000000
       35475000	      3448	80004b4e	00df1ab3	sll	x21,x30,x13	 x30:0xe2447802 x13:0xeffffd0b x21=0x23c01000
       35485000	      3449	80004b52	8a79	c.andi	x12,30	 x12:0x0fffffff x12=0x0000001e
       35495000	      3450	80004b54	8f0d	c.sub	x14,x11	 x14:0x00000001 x11:0x00000000 x14=0x00000001
       35505000	      3451	80004b56	0001	c.addi	x0,0	  x0:0x00000000  x0=0x00000000
       35515000	      3452	80004b58	c509	c.beqz	x10,80004b62	 x10:0x00000000
       35545000	      3455	80004b62	0017adb3	slt	x27,x15,x1	 x15:0xf0000201  x1:0xfffffff3 x27=0x00000001
       35555000	      3456	80004b66	8da1	c.xor	x11,x8	 x11:0x00000000  x8:0x00000000 x11=0x00000000
       35565000	      3457	80004b68	8d25	c.xor	x10,x9	 x10:0x00000000  x9:0x0fffff80 x10=0x0fffff80
       35575000	      3458	80004b6a	015e6863	bltu	x28,x21,80004b7a	 x28:0x00000003 x21:0x23c01000
       35595000	      3460	80004b7a	87f9	c.srai	x15,0x1e	 x15:0xf0000201 x15=0xffffffff
       35605000	      3461	80004b7c	8225	c.srli	x12,0x9	 x12:0x0000001e x12=0x00000000
       35615000	      3462	80004b7e	04305163	bge	x0,x3,80004bc0	  x0:0x00000000  x3:0x80021df9
       35635000	      3464	80004bc0	003ea5b3	slt	x11,x29,x3	 x29:0x00000019  x3:0x80021df9 x11=0x00000000
       36005000	      3501	80004bc4	034e4133	div	x2,x28,x20	 x28:0x00000003 x20:0x00000200  x2=0x00000000
       36015000	      3502	80004bc8	01f79563	bne	x15,x31,80004bd2	 x15:0xffffffff x31:0x0000000b
       36035000	      3504	80004bd2	177d	c.addi	x14,-1	 x14:0x00000001 x14=0x00000000
       36045000	      3505	80004bd4	9ea44e13	xori	x28,x8,-1558	  x8:0x00000000 x28=0xfffff9ea
       36055000	      3506	80004bd8	01039e13	slli	x28,x7,0x10	  x7:0x00000000 x28=0x00000000
       36065000	      3507	80004bdc	8a71	c.andi	x12,28	 x12:0x00000000 x12=0x00000000
       36105000	      3511	80004bde	036fb3b3	mulhu	x7,x31,x22	 x31:0x0000000b x22:0xffffffff  x7=0x0000000a
       36115000	      3512	80004be2	8d51	c.or	x10,x12	 x10:0x0fffff80 x12:0x00000000 x10=0x0fffff80
       36125000	      3513	80004be4	009c8e33	add	x28,x25,x9	 x25:0x80025ce4  x9:0x0fffff80 x28=0x90025c64
       36135000	      3514	80004be8	00791033	sll	x0,x18,x7	 x18:0x00000000  x7:0x0000000a  x0=0x00000000
       36145000	      3515	80004bec	014efc33	and	x24,x29,x20	 x29:0x00000019 x20:0x00000200 x24=0x00000000
       36155000	      3516	80004bf0	52fd	c.li	x5,-1	  x5=0xffffffff
       36165000	      3517	80004bf2	9646	c.add	x12,x17	 x12:0x00000000 x17:0x00000004 x12=0x00000004
       36175000	      3518	80004bf4	01f023b3	slt	x7,x0,x31	  x0:0x00000000 x31:0x0000000b  x7=0x00000001
       36185000	      3519	80004bf8	15fd	c.addi	x11,-1	 x11:0x00000000 x11=0xffffffff
       36195000	      3520	80004bfa	8ee9	c.and	x13,x10	 x13:0xeffffd0b x10:0x0fffff80 x13=0x0ffffd00
       36205000	      3521	80004bfc	8cd5	c.or	x9,x13	  x9:0x0fffff80 x13:0x0ffffd00  x9=0x0fffff80
       36215000	      3522	80004bfe	8e99	c.sub	x13,x14	 x13:0x0ffffd00 x14:0x00000000 x13=0x0ffffd00
       36225000	      3523	80004c00	717d	c.addi16sp	x2,-16	  x2:0x00000000  x2=0xfffffff0
       36265000	      3527	80004c02	02af9533	mulh	x10,x31,x10	 x31:0x0000000b x10:0x0fffff80 x10=0x00000000
       36275000	      3528	80004c06	0ff0000f	fence	iorw,iorw	
       36285000	      3529	80004c0a	411ada33	sra	x20,x21,x17	 x21:0x23c01000 x17:0x00000004 x20=0x023c0100
       36295000	      3530	80004c0e	0ff0000f	fence	iorw,iorw	
       36305000	      3531	80004c12	00f25713	srli	x14,x4,0xf	  x4:0x03958000 x14=0x0000072b
       36315000	      3532	80004c16	0001	c.addi	x0,0	  x0:0x00000000  x0=0x00000000
       36325000	      3533	80004c18	00352bb3	slt	x23,x10,x3	 x10:0x00000000  x3:0x80021df9 x23=0x00000000
       36335000	      3534	80004c1c	6f51	c.lui	x30,0x14	 x30=0x00014000
       36345000	      3535	80004c1e	086a	c.slli	x16,0x1a	 x16:0x006e8419 x16=0x64000000
       36355000	      3536	80004c20	40518e33	sub	x28,x3,x5	  x3:0x80021df9  x5:0xffffffff x28=0x80021dfa
       36365000	      3537	80004c24	48fd	c.li	x17,31	 x17=0x0000001f
       36375000	      3538	80004c26	03fa6a93	ori	x21,x20,63	 x20:0x023c0100 x21=0x023c013f
       36385000	      3539	80004c2a	8325	c.srli	x14,0x9	 x14:0x0000072b x14=0x00000003
       36395000	      3540	80004c2c	1804	c.addi4spn	x9,x2,48	  x9=0x00000020
       36435000	      3544	80004c2e	026c2bb3	mulhsu	x23,x24,x6	 x24:0x00000000  x6:0x00000001 x23=0x00000000
       36445000	      3545	80004c32	80da	c.mv	x1,x22	  x0:0x00000000 x22:0xffffffff  x1=0xffffffff
       36455000	      3546	80004c34	01b7d593	srli	x11,x15,0x1b	 x15:0xffffffff x11=0x0000001f
       36465000	      3547	80004c38	0d26	c.slli	x26,0x9	 x26:0x00000000 x26=0x00000000
       36475000	      3548	80004c3a	8da5	c.xor	x11,x9	 x11:0x0000001f  x9:0x00000020 x11=0x0000003f
       36485000	      3549	80004c3c	7b478493	addi	x9,x15,1972	 x15:0xffffffff  x9=0x000007b3
       36495000	      3550	80004c40	717d	c.addi16sp	x2,-16	  x2:0xfffffff0  x2=0xffffffe0
       36535000	      3554	80004c42	02959933	mulh	x18,x11,x9	 x11:0x0000003f  x9:0x000007b3 x18=0x00000000
       36575000	      3558	80004c46	03f3a933	mulhsu	x18,x7,x31	  x7:0x00000001 x31:0x0000000b x18=0x00000000
       36595000	      3560	80004c4a	038944b3	div	x9,x18,x24	 x18:0x00000000 x24:0x00000000  x9=0xffffffff
       36605000	      3561	80004c4e	40bcd8b3	sra	x17,x25,x11	 x25:0x80025ce4 x11:0x0000003f x17=0xffffffff
       36615000	      3562	80004c52	ef15	c.bnez	x14,80004c8e	 x14:0x00000003
       36635000	      3564	80004c8e	5a7d	c.li	x20,-1	 x20=0xffffffff
       36645000	      3565	80004c90	02a2ca63	blt	x5,x10,80004cc4	  x5:0xffffffff x10:0x00000000
       36665000	      3567	80004cc4	8a4d	c.andi	x12,19	 x12:0x00000004 x12=0x00000000
       36675000	      3568	80004cc6	8779	c.srai	x14,0x1e	 x14:0x00000003 x14=0x00000000
       37045000	      3605	80004cc8	027c5b33	divu	x22,x24,x7	 x24:0x00000000  x7:0x00000001 x22=0x00000000
       37055000	      3606	80004ccc	8b556917	auipc	x18,0x8b556	 x18=0x0b55accc
       37065000	      3607	80004cd0	03aec963	blt	x29,x26,80004d02	 x29:0x00000019 x26:0x00000000
       37075000	      3608	80004cd4	6b31	c.lui	x22,0xc	 x22=0x0000c000
       37085000	      3609	80004cd6	c6123a13	sltiu	x20,x4,-927	  x4:0x03958000 x20=0x00000001
       37095000	      3610	80004cda	03a66263	bltu	x12,x26,80004cfe	 x12:0x00000000 x26:0x00000000
       37105000	      3611	80004cde	91aa	c.add	x3,x10	  x3:0x80021df9 x10:0x00000000  x3=0x80021df9
       37115000	      3612	80004ce0	000fe0b3	or	x1,x31,x0	 x31:0x0000000b  x0:0x00000000  x1=0x0000000b
       37125000	      3613	80004ce4	8c85	c.sub	x9,x9	  x9:0xffffffff  x9:0xffffffff  x9=0x00000000
       37135000	      3614	80004ce6	851d	c.srai	x10,0x7	 x10:0x00000000 x10=0x00000000
       37145000	      3615	80004ce8	8aa6	c.mv	x21,x9	  x0:0x00000000  x9:0x00000000 x21=0x00000000
       37155000	      3616	80004cea	c701	c.beqz	x14,80004cf2	 x14:0x00000000
       37185000	      3619	80004cf2	01348ab3	add	x21,x9,x19	  x9:0x00000000 x19:0x80021df8 x21=0x80021df8
       37195000	      3620	80004cf6	e591	c.bnez	x11,80004d02	 x11:0x0000003f
       37215000	      3622	80004d02	0c65	c.addi	x24,25	 x24:0x00000000 x24=0x00000019
       37225000	      3623	80004d04	83b1	c.srli	x15,0xc	 x15:0xffffffff x15=0x000fffff
       37235000	      3624	80004d06	01f3bb33	sltu	x22,x7,x31	  x7:0x00000001 x31:0x0000000b x22=0x00000001
       37245000	      3625	80004d0a	85a5	c.srai	x11,0x9	 x11:0x0000003f x11=0x00000000
       37255000	      3626	80004d0c	0c26c793	xori	x15,x13,194	 x13:0x0ffffd00 x15=0x0ffffdc2
       37265000	      3627	80004d10	0001	c.addi	x0,0	  x0:0x00000000  x0=0x00000000
       37275000	      3628	80004d12	37346193	ori	x3,x8,883	  x8:0x00000000  x3=0x00000373
       37285000	      3629	80004d16	e985	c.bnez	x11,80004d46	 x11:0x00000000
       37305000	      3631	80004d18	02915eb3	divu	x29,x2,x9	  x2:0xffffffe0  x9:0x00000000 x29=0xffffffff
       37315000	      3632	80004d1c	01285db3	srl	x27,x16,x18	 x16:0x64000000 x18:0x0b55accc x27=0x00064000
       37325000	      3633	80004d20	0044d633	srl	x12,x9,x4	  x9:0x00000000  x4:0x03958000 x12=0x00000000
       37335000	      3634	80004d24	05370463	beq	x14,x19,80004d6c	 x14:0x00000000 x19:0x80021df8
       37345000	      3635	80004d28	00291793	slli	x15,x18,0x2	 x18:0x0b55accc x15=0x2d56b330
       37355000	      3636	80004d2c	6611	c.lui	x12,0x4	 x12=0x00004000
       37365000	      3637	80004d2e	013f4533	xor	x10,x30,x19	 x30:0x00014000 x19:0x80021df8 x10=0x80035df8
       37375000	      3638	80004d32	d3626737	lui	x14,0xd3626	 x14=0xd3626000
       37385000	      3639	80004d36	01fe0863	beq	x28,x31,80004d46	 x28:0x80021dfa x31:0x0000000b
       37395000	      3640	80004d3a	ce9cad13	slti	x26,x25,-791	 x25:0x80025ce4 x26=0x00000001
       37405000	      3641	80004d3e	fc2ee737	lui	x14,0xfc2ee	 x14=0xfc2ee000
       37415000	      3642	80004d42	4050d433	sra	x8,x1,x5	  x1:0x0000000b  x5:0xffffffff  x8=0x00000000
       37425000	      3643	80004d46	dc96bd13	sltiu	x26,x13,-567	 x13:0x0ffffd00 x26=0x00000001
       37795000	      3680	80004d4a	033f6333	rem	x6,x30,x19	 x30:0x00014000 x19:0x80021df8  x6=0x00014000
       37835000	      3684	80004d4e	039e94b3	mulh	x9,x29,x25	 x29:0xffffffff x25:0x80025ce4  x9=0x00000000
       37845000	      3685	80004d52	b9287013	andi	x0,x16,-1134	 x16:0x64000000  x0=0x00000000
       37855000	      3686	80004d56	00fec563	blt	x29,x15,80004d60	 x29:0xffffffff x15:0x2d56b330
       37875000	      3688	80004d60	b077c293	xori	x5,x15,-1273	 x15:0x2d56b330  x5=0xd2a94837
       37885000	      3689	80004d64	8d0d	c.sub	x10,x11	 x10:0x80035df8 x11:0x00000000 x10=0x80035df8
       37895000	      3690	80004d66	8ead	c.xor	x13,x11	 x13:0x0ffffd00 x11:0x00000000 x13=0x0ffffd00
       37905000	      3691	80004d68	01299413	slli	x8,x19,0x12	 x19:0x80021df8  x8=0x77e00000
       37915000	      3692	80004d6c	8a6d	c.andi	x12,27	 x12:0x00004000 x12=0x00000000
       37925000	      3693	80004d6e	081a	c.slli	x16,0x6	 x16:0x64000000 x16=0x00000000
       37935000	      3694	80004d70	0053e7b3	or	x15,x7,x5	  x7:0x00000001  x5:0xd2a94837 x15=0xd2a94837
       37945000	      3695	80004d74	7f0a7d13	andi	x26,x20,2032	 x20:0x00000001 x26=0x00000000
       37955000	      3696	80004d78	8db5	c.xor	x11,x13	 x11:0x00000000 x13:0x0ffffd00 x11=0x0ffffd00
       37965000	      3697	80004d7a	0001	c.addi	x0,0	  x0:0x00000000  x0=0x00000000
       37975000	      3698	80004d7c	da786293	ori	x5,x16,-601	 x16:0x00000000  x5=0xfffffda7
       37985000	      3699	80004d80	8cfd	c.and	x9,x15	  x9:0x00000000 x15:0xd2a94837  x9=0x00000000
       38025000	      3703	80004d82	0242ba33	mulhu	x20,x5,x4	  x5:0xfffffda7  x4:0x03958000 x20=0x03957ff7
       38035000	      3704	80004d86	01e1b733	sltu	x14,x3,x30	  x3:0x00000373 x30:0x00014000 x14=0x00000001
       38045000	      3705	80004d8a	0000100f	fence.i	
       38435000	      3744	80004d8e	02f95ab3	divu	x21,x18,x15	 x18:0x0b55accc x15:0xd2a94837 x21=0x00000000
       38445000	      3745	80004d92	c089	c.beqz	x9,80004d94	  x9:0x00000000
       38465000	      3747	80004d94	527d	c.li	x4,-1	  x4=0xffffffff
       38475000	      3748	80004d96	000b3ab3	sltu	x21,x22,x0	 x22:0x00000001  x0:0x00000000 x21=0x00000000
       38485000	      3749	80004d9a	025a4963	blt	x20,x5,80004dcc	 x20:0x03957ff7  x5:0xfffffda7
       38495000	      3750	80004d9e	009eaf33	slt	x30,x29,x9	 x29:0xffffffff  x9:0x00000000 x30=0x00000001
       38505000	      3751	80004da2	91f2	c.add	x3,x28	  x3:0x00000373 x28:0x80021dfa  x3=0x8002216d
       38525000	      3753	80004da4	0206d8b3	divu	x17,x13,x0	 x13:0x0ffffd00  x0:0x00000000 x17=0xffffffff
       38535000	      3754	80004da8	00913933	sltu	x18,x2,x9	  x2:0xffffffe0  x9:0x00000000 x18=0x00000000
       38545000	      3755	80004dac	cb15	c.beqz	x14,80004de0	 x14:0x00000001
       38555000	      3756	80004dae	401fd7b3	sra	x15,x31,x1	 x31:0x0000000b  x1:0x0000000b x15=0x00000000
       38565000	      3757	80004db2	00383e33	sltu	x28,x16,x3	 x16:0x00000000  x3:0x8002216d x28=0x00000001
       38575000	      3758	80004db6	f3bea213	slti	x4,x29,-197	 x29:0xffffffff  x4=0x00000000
       38585000	      3759	80004dba	8ce1	c.and	x9,x8	  x9:0x00000000  x8:0x77e00000  x9=0x00000000
       38595000	      3760	80004dbc	00127863	bgeu	x4,x1,80004dcc	  x4:0x00000000  x1:0x0000000b
       38605000	      3761	80004dc0	007b9d33	sll	x26,x23,x7	 x23:0x00000000  x7:0x00000001 x26=0x00000000
       38615000	      3762	80004dc4	017be963	bltu	x23,x23,80004dd6	 x23:0x00000000 x23:0x00000000
       38625000	      3763	80004dc8	4969	c.li	x18,26	 x18=0x0000001a
       38635000	      3764	80004dca	ec99	c.bnez	x9,80004de8	  x9:0x00000000
       38645000	      3765	80004dcc	9bf2	c.add	x23,x28	 x23:0x00000000 x28:0x00000001 x23=0x00000001
       38655000	      3766	80004dce	40c2d133	sra	x2,x5,x12	  x5:0xfffffda7 x12:0x00000000  x2=0xfffffda7
       38665000	      3767	80004dd2	8469	c.srai	x8,0x1a	  x8:0x77e00000  x8=0x0000001d
       38675000	      3768	80004dd4	9bfd	c.andi	x15,-1	 x15:0x00000000 x15=0x00000000
       38685000	      3769	80004dd6	862d	c.srai	x12,0xb	 x12:0x00000000 x12=0x00000000
       38695000	      3770	80004dd8	049cd463	bge	x25,x9,80004e20	 x25:0x80025ce4  x9:0x00000000
       38705000	      3771	80004ddc	50858693	addi	x13,x11,1288	 x11:0x0ffffd00 x13=0x10000208
       38715000	      3772	80004de0	01cf9eb3	sll	x29,x31,x28	 x31:0x0000000b x28:0x00000001 x29=0x00000016
       38725000	      3773	80004de4	395be513	ori	x10,x23,917	 x23:0x00000001 x10=0x00000395
       38735000	      3774	80004de8	67ddbe13	sltiu	x28,x27,1661	 x27:0x00064000 x28=0x00000000
       38745000	      3775	80004dec	00779693	slli	x13,x15,0x7	 x15:0x00000000 x13=0x00000000
       38755000	      3776	80004df0	04a56263	bltu	x10,x10,80004e34	 x10:0x00000395 x10:0x00000395
       38765000	      3777	80004df4	01790563	beq	x18,x23,80004dfe	 x18:0x0000001a x23:0x00000001
       38775000	      3778	80004df8	8cb1	c.xor	x9,x12	  x9:0x00000000 x12:0x00000000  x9=0x00000000
       38785000	      3779	80004dfa	8e55	c.or	x12,x13	 x12:0x00000000 x13:0x00000000 x12=0x00000000
       38795000	      3780	80004dfc	8eda	c.mv	x29,x22	  x0:0x00000000 x22:0x00000001 x29=0x00000001
       38805000	      3781	80004dfe	05b9d163	bge	x19,x27,80004e40	 x19:0x80021df8 x27:0x00064000
       38815000	      3782	80004e02	0000100f	fence.i	
       38845000	      3785	80004e06	02c05f63	bge	x0,x12,80004e44	  x0:0x00000000 x12:0x00000000
       39225000	      3823	80004e44	03734633	div	x12,x6,x23	  x6:0x00014000 x23:0x00000001 x12=0x00014000
       39235000	      3824	80004e48	0562	c.slli	x10,0x18	 x10:0x00000395 x10=0x95000000
       39245000	      3825	80004e4a	4d3eca13	xori	x20,x29,1235	 x29:0x00000001 x20=0x000004d2
       39255000	      3826	80004e4e	03f17563	bgeu	x2,x31,80004e78	  x2:0xfffffda7 x31:0x0000000b
       39275000	      3828	80004e78	00bb1363	bne	x22,x11,80004e7e	 x22:0x00000001 x11:0x0ffffd00
       39295000	      3830	80004e7e	955a	c.add	x10,x22	 x10:0x95000000 x22:0x00000001 x10=0x95000001
       39305000	      3831	80004e80	04014063	blt	x2,x0,80004ec0	  x2:0xfffffda7  x0:0x00000000
       39325000	      3833	80004ec0	008ec0b3	xor	x1,x29,x8	 x29:0x00000001  x8:0x0000001d  x1=0x0000001c
       39335000	      3834	80004ec4	0139d0b3	srl	x1,x19,x19	 x19:0x80021df8 x19:0x80021df8  x1=0x00000080
       39705000	      3871	80004ec8	02ee5b33	divu	x22,x28,x14	 x28:0x00000000 x14:0x00000001 x22=0x00000000
       39715000	      3872	80004ecc	6f2d	c.lui	x30,0xb	 x30=0x0000b000
       39725000	      3873	80004ece	00346bb3	or	x23,x8,x3	  x8:0x0000001d  x3:0x8002216d x23=0x8002217d
       39735000	      3874	80004ed2	8225	c.srli	x12,0x9	 x12:0x00014000 x12=0x000000a0
       39745000	      3875	80004ed4	9e84c713	xori	x14,x9,-1560	  x9:0x00000000 x14=0xfffff9e8
       39755000	      3876	80004ed8	0d31	c.addi	x26,12	 x26:0x00000000 x26=0x0000000c
       39765000	      3877	80004eda	0171e563	bltu	x3,x23,80004ee4	  x3:0x8002216d x23:0x8002217d
       39785000	      3879	80004ee4	8fb5	c.xor	x15,x13	 x15:0x00000000 x13:0x00000000 x15=0x00000000
       39795000	      3880	80004ee6	ef1d	c.bnez	x14,80004f24	 x14:0xfffff9e8
       39815000	      3882	80004f24	042144b7	lui	x9,0x4214	  x9=0x04214000
       39825000	      3883	80004f28	ddd0e413	ori	x8,x1,-547	  x1:0x00000080  x8=0xfffffddd
       39835000	      3884	80004f2c	0001	c.addi	x0,0	  x0:0x00000000  x0=0x00000000
       39845000	      3885	80004f2e	07698063	beq	x19,x22,80004f8e	 x19:0x80021df8 x22:0x00000000
       39855000	      3886	80004f32	40f1d393	srai	x7,x3,0xf	  x3:0x8002216d  x7=0xffff0004
       39865000	      3887	80004f36	01111563	bne	x2,x17,80004f40	  x2:0xfffffda7 x17:0xffffffff
       39885000	      3889	80004f40	004b0eb3	add	x29,x22,x4	 x22:0x00000000  x4:0x00000000 x29=0x00000000
       39895000	      3890	80004f44	8341	c.srli	x14,0x10	 x14:0xfffff9e8 x14=0x0000ffff
       39905000	      3891	80004f46	0001	c.addi	x0,0	  x0:0x00000000  x0=0x00000000
       39935000	      3894	80004f48	02298633	mul	x12,x19,x2	 x19:0x80021df8  x2:0xfffffda7 x12=0x7b07a4c8
       39945000	      3895	80004f4c	8ef9	c.and	x13,x14	 x13:0x00000000 x14:0x0000ffff x13=0x00000000
       39955000	      3896	80004f4e	03114a63	blt	x2,x17,80004f82	  x2:0xfffffda7 x17:0xffffffff
       39985000	      3899	80004f82	0ff0000f	fence	iorw,iorw	
       39995000	      3900	80004f86	6daac813	xori	x16,x21,1754	 x21:0x00000000 x16=0x000006da
       40365000	      3937	80004f8a	03715233	divu	x4,x2,x23	  x2:0xfffffda7 x23:0x8002217d  x4=0x00000001
       40375000	      3938	80004f8e	9770c113	xori	x2,x1,-1673	  x1:0x00000080  x2=0xfffff9f7
       40385000	      3939	80004f92	25369097	auipc	x1,0x25369	  x1=0xa536df92
       40755000	      3976	80004f96	03adff33	remu	x30,x27,x26	 x27:0x00064000 x26:0x0000000c x30=0x00000004
       40765000	      3977	80004f9a	0000100f	fence.i	
       40785000	      3979	80004f9e	0446	c.slli	x8,0x11	  x8:0xfffffddd  x8=0xfbba0000
       40795000	      3980	80004fa0	8ee5	c.and	x13,x9	 x13:0x00000000  x9:0x04214000 x13=0x00000000
       40805000	      3981	80004fa2	03279a63	bne	x15,x18,80004fd6	 x15:0x00000000 x18:0x0000001a
       40835000	      3984	80004fd6	01125533	srl	x10,x4,x17	  x4:0x00000001 x17:0xffffffff x10=0x00000000
       40845000	      3985	80004fda	0055beb3	sltu	x29,x11,x5	 x11:0x0ffffd00  x5:0xfffffda7 x29=0x00000001
       40875000	      3988	80004fde	02c00133	mul	x2,x0,x12	  x0:0x00000000 x12:0x7b07a4c8  x2=0x00000000
       40885000	      3989	80004fe2	015e83b3	add	x7,x29,x21	 x29:0x00000001 x21:0x00000000  x7=0x00000001
       40895000	      3990	80004fe6	8875	c.andi	x8,29	  x8:0xfbba0000  x8=0x00000000
       40905000	      3991	80004fe8	2962dc37	lui	x24,0x2962d	 x24=0x2962d000
       40915000	      3992	80004fec	12fd	c.addi	x5,-1	  x5:0xfffffda7  x5=0xfffffda6
       40925000	      3993	80004fee	01d6c763	blt	x13,x29,80004ffc	 x13:0x00000000 x29:0x00000001
       40945000	      3995	80004ffc	187d	c.addi	x16,-1	 x16:0x000006da x16=0x000006d9
       40955000	      3996	80004ffe	01f55393	srli	x7,x10,0x1f	 x10:0x00000000  x7=0x00000000
       40965000	      3997	80005002	a674a493	slti	x9,x9,-1433	  x9:0x04214000  x9=0x00000000
       40975000	      3998	80005006	eeb78e13	addi	x28,x15,-277	 x15:0x00000000 x28=0xfffffeeb
       41345000	      4035	8000500a	02c5c733	div	x14,x11,x12	 x11:0x0ffffd00 x12:0x7b07a4c8 x14=0x00000000
       41385000	      4039	8000500e	0277b633	mulhu	x12,x15,x7	 x15:0x00000000  x7:0x00000000 x12=0x00000000
       41395000	      4040	80005012	c822fd13	andi	x26,x5,-894	  x5:0xfffffda6 x26=0xfffffc82
       41405000	      4041	80005016	012ed593	srli	x11,x29,0x12	 x29:0x00000001 x11=0x00000000
       41775000	      4078	8000501a	038bd333	divu	x6,x23,x24	 x23:0x8002217d x24:0x2962d000  x6=0x00000003
       41785000	      4079	8000501e	005bba33	sltu	x20,x23,x5	 x23:0x8002217d  x5:0xfffffda6 x20=0x00000001
       41825000	      4083	80005022	03b913b3	mulh	x7,x18,x27	 x18:0x0000001a x27:0x00064000  x7=0x00000000
       41835000	      4084	80005026	11fd	c.addi	x3,-1	  x3:0x8002216d  x3=0x8002216c
       42205000	      4121	80005028	03257a33	remu	x20,x10,x18	 x10:0x00000000 x18:0x0000001a x20=0x00000000
       42215000	      4122	8000502c	0001	c.addi	x0,0	  x0:0x00000000  x0=0x00000000
       42225000	      4123	8000502e	012b0663	beq	x22,x18,8000503a	 x22:0x00000000 x18:0x0000001a
       42235000	      4124	80005032	00194763	blt	x18,x1,80005040	 x18:0x0000001a  x1:0xa536df92
       42245000	      4125	80005036	8451	c.srai	x8,0x14	  x8:0x00000000  x8=0x00000000
       42255000	      4126	80005038	834d	c.srli	x14,0x13	 x14:0x00000000 x14=0x00000000
       42265000	      4127	8000503a	00ee9c13	slli	x24,x29,0xe	 x29:0x00000001 x24=0x00004000
       42275000	      4128	8000503e	8265	c.srli	x12,0x19	 x12:0x00000000 x12=0x00000000
       42285000	      4129	80005040	ce85	c.beqz	x13,80005078	 x13:0x00000000
       42305000	      4131	80005078	8d85	c.sub	x11,x9	 x11:0x00000000  x9:0x00000000 x11=0x00000000
       42315000	      4132	8000507a	da769197	auipc	x3,0xda769	  x3=0x5a76e07a
       42325000	      4133	8000507e	00b47633	and	x12,x8,x11	  x8:0x00000000 x11:0x00000000 x12=0x00000000
       42345000	      4135	80005082	02bbd933	divu	x18,x23,x11	 x23:0x8002217d x11:0x00000000 x18=0xffffffff
       42355000	      4136	80005086	e5c1cc13	xori	x24,x3,-420	  x3:0x5a76e07a x24=0xa5891e26
       42365000	      4137	8000508a	03d10c63	beq	x2,x29,800050c2	  x2:0x00000000 x29:0x00000001
       42375000	      4138	8000508e	0c72	c.slli	x24,0x1c	 x24:0xa5891e26 x24=0x60000000
       42385000	      4139	80005090	02e3cf63	blt	x7,x14,800050ce	  x7:0x00000000 x14:0x00000000
       42395000	      4140	80005094	8196	c.mv	x3,x5	  x0:0x00000000  x5:0xfffffda6  x3=0xfffffda6
       42405000	      4141	80005096	0ff0000f	fence	iorw,iorw	
       42415000	      4142	8000509a	8dda	c.mv	x27,x22	  x0:0x00000000 x22:0x00000000 x27=0x00000000
       42425000	      4143	8000509c	c689	c.beqz	x13,800050a6	 x13:0x00000000
       42445000	      4145	800050a6	0001	c.addi	x0,0	  x0:0x00000000  x0=0x00000000
       42455000	      4146	800050a8	00a39763	bne	x7,x10,800050b6	  x7:0x00000000 x10:0x00000000
       42465000	      4147	800050ac	8fe9	c.and	x15,x10	 x15:0x00000000 x10:0x00000000 x15=0x00000000
       42475000	      4148	800050ae	0079f733	and	x14,x19,x7	 x19:0x80021df8  x7:0x00000000 x14=0x00000000
       42485000	      4149	800050b2	54034b37	lui	x22,0x54034	 x22=0x54034000
       42495000	      4150	800050b6	010f5613	srli	x12,x30,0x10	 x30:0x00000004 x12=0x00000000
       42535000	      4154	800050ba	0330ad33	mulhsu	x26,x1,x19	  x1:0xa536df92 x19:0x80021df8 x26=0xd29aaf96
       42545000	      4155	800050be	9ed4b093	sltiu	x1,x9,-1555	  x9:0x00000000  x1=0x00000001
       42555000	      4156	800050c2	8f06	c.mv	x30,x1	  x0:0x00000000  x1:0x00000001 x30=0x00000001
       42565000	      4157	800050c4	018a3633	sltu	x12,x20,x24	 x20:0x00000000 x24:0x60000000 x12=0x00000001
       42575000	      4158	800050c8	0001	c.addi	x0,0	  x0:0x00000000  x0=0x00000000
       42945000	      4195	800050ca	02c2fe33	remu	x28,x5,x12	  x5:0xfffffda6 x12:0x00000001 x28=0x00000000
       42955000	      4196	800050ce	8369	c.srli	x14,0x1a	 x14:0x00000000 x14=0x00000000
       42965000	      4197	800050d0	69d8bd37	lui	x26,0x69d8b	 x26=0x69d8b000
       42975000	      4198	800050d4	00e368b3	or	x17,x6,x14	  x6:0x00000003 x14:0x00000000 x17=0x00000003
       42985000	      4199	800050d8	8bd6	c.mv	x23,x21	  x0:0x00000000 x21:0x00000000 x23=0x00000000
       42995000	      4200	800050da	0ff0000f	fence	iorw,iorw	
       43005000	      4201	800050de	01bcf233	and	x4,x25,x27	 x25:0x80025ce4 x27:0x00000000  x4=0x00000000
       43015000	      4202	800050e2	01d98363	beq	x19,x29,800050e8	 x19:0x80021df8 x29:0x00000001
       43025000	      4203	800050e6	099c	c.addi4spn	x15,x2,208	 x15=0x000000d0
       43035000	      4204	800050e8	e3a9a693	slti	x13,x19,-454	 x19:0x80021df8 x13=0x00000001
       43045000	      4205	800050ec	0006cf33	xor	x30,x13,x0	 x13:0x00000001  x0:0x00000000 x30=0x00000001
       43055000	      4206	800050f0	c08fe393	ori	x7,x31,-1016	 x31:0x0000000b  x7=0xfffffc0b
       43065000	      4207	800050f4	02e3f063	bgeu	x7,x14,80005114	  x7:0xfffffc0b x14:0x00000000
       43085000	      4209	80005114	d0307793	andi	x15,x0,-765	  x0:0x00000000 x15=0x00000000
       43095000	      4210	80005118	0000100f	fence.i	
       43115000	      4212	8000511c	01e40e63	beq	x8,x30,80005138	  x8:0x00000000 x30:0x00000001
       43125000	      4213	80005120	0000100f	fence.i	
       43145000	      4215	80005124	0164e1b3	or	x3,x9,x22	  x9:0x00000000 x22:0x54034000  x3=0x54034000
       43185000	      4219	80005128	02e324b3	mulhsu	x9,x6,x14	  x6:0x00000003 x14:0x00000000  x9=0x00000000
       43195000	      4220	8000512c	01bdbb33	sltu	x22,x27,x27	 x27:0x00000000 x27:0x00000000 x22=0x00000000
       43565000	      4257	80005130	033452b3	divu	x5,x8,x19	  x8:0x00000000 x19:0x80021df8  x5=0x00000000
       43575000	      4258	80005134	04074163	blt	x14,x0,80005176	 x14:0x00000000  x0:0x00000000
       43585000	      4259	80005138	0180de63	bge	x1,x24,80005154	  x1:0x00000001 x24:0x60000000
       43595000	      4260	8000513c	60a5	c.lui	x1,0x9	  x1=0x00009000
       43605000	      4261	8000513e	c2a1	c.beqz	x13,8000517e	 x13:0x00000001
       43615000	      4262	80005140	98fd	c.andi	x9,-1	  x9:0x00000000  x9=0x00000000
       43625000	      4263	80005142	309a7db7	lui	x27,0x309a7	 x27=0x309a7000
       43635000	      4264	80005146	0001	c.addi	x0,0	  x0:0x00000000  x0=0x00000000
       43645000	      4265	80005148	0026d263	bge	x13,x2,8000514c	 x13:0x00000001  x2:0x00000000
       43665000	      4267	8000514c	00b6bbb3	sltu	x23,x13,x11	 x13:0x00000001 x11:0x00000000 x23=0x00000000
       43675000	      4268	80005150	41e10433	sub	x8,x2,x30	  x2:0x00000000 x30:0x00000001  x8=0xffffffff
       43715000	      4272	80005154	03523433	mulhu	x8,x4,x21	  x4:0x00000000 x21:0x00000000  x8=0x00000000
       43725000	      4273	80005158	84a5	c.srai	x9,0x9	  x9:0x00000000  x9=0x00000000
       43765000	      4277	8000515a	03192033	mulhsu	x0,x18,x17	 x18:0xffffffff x17:0x00000003  x0=0x00000000
       43775000	      4278	8000515e	00711463	bne	x2,x7,80005166	  x2:0x00000000  x7:0xfffffc0b
       43815000	      4282	80005166	0345f333	remu	x6,x11,x20	 x11:0x00000000 x20:0x00000000  x6=0x00000000
       43825000	      4283	8000516a	c185	c.beqz	x11,8000518a	 x11:0x00000000
       43875000	      4288	8000518a	02ee8133	mul	x2,x29,x14	 x29:0x00000001 x14:0x00000000  x2=0x00000000
       43885000	      4289	8000518e	03387463	bgeu	x16,x19,800051b6	 x16:0x000006d9 x19:0x80021df8
       43905000	      4291	80005192	020bf333	remu	x6,x23,x0	 x23:0x00000000  x0:0x00000000  x6=0x00000000
       43915000	      4292	80005196	05f5	c.addi	x11,29	 x11:0x00000000 x11=0x0000001d
       43925000	      4293	80005198	e715	c.bnez	x14,800051c4	 x14:0x00000000
       43945000	      4295	8000519a	037454b3	divu	x9,x8,x23	  x8:0x00000000 x23:0x00000000  x9=0xffffffff
       43955000	      4296	8000519e	41fb02b3	sub	x5,x22,x31	 x22:0x00000000 x31:0x0000000b  x5=0xfffffff5
       43965000	      4297	800051a2	00a5dbb3	srl	x23,x11,x10	 x11:0x0000001d x10:0x00000000 x23=0x0000001d
       44335000	      4334	800051a6	03755233	divu	x4,x10,x23	 x10:0x00000000 x23:0x0000001d  x4=0x00000000
       44345000	      4335	800051aa	04fbc063	blt	x23,x15,800051ea	 x23:0x0000001d x15:0x00000000
       44355000	      4336	800051ae	0001	c.addi	x0,0	  x0:0x00000000  x0=0x00000000
       44365000	      4337	800051b0	a40ded93	ori	x27,x27,-1472	 x27:0x309a7000 x27=0xfffffa40
       44375000	      4338	800051b4	717d	c.addi16sp	x2,-16	  x2:0x00000000  x2=0xfffffff0
       44385000	      4339	800051b6	c357f613	andi	x12,x15,-971	 x15:0x00000000 x12=0x00000000
       44395000	      4340	800051ba	8bf1	c.andi	x15,28	 x15:0x00000000 x15=0x00000000
       44405000	      4341	800051bc	d0144a93	xori	x21,x8,-767	  x8:0x00000000 x21=0xfffffd01
       44415000	      4342	800051c0	2073ba93	sltiu	x21,x7,519	  x7:0xfffffc0b x21=0x00000000
       44425000	      4343	800051c4	8fb1	c.xor	x15,x12	 x15:0x00000000 x12:0x00000000 x15=0x00000000
       44435000	      4344	800051c6	035fdf63	bge	x31,x21,80005204	 x31:0x0000000b x21:0x00000000
       44455000	      4346	80005204	8dad	c.xor	x11,x11	 x11:0x0000001d x11:0x0000001d x11=0x00000000
       44465000	      4347	80005206	0ea1	c.addi	x29,8	 x29:0x00000001 x29=0x00000009
       44475000	      4348	80005208	8e15	c.sub	x12,x13	 x12:0x00000000 x13:0x00000001 x12=0xffffffff
       44515000	      4352	8000520a	03ecbe33	mulhu	x28,x25,x30	 x25:0x80025ce4 x30:0x00000001 x28=0x00000000
       44535000	      4354	8000520e	0352d133	divu	x2,x5,x21	  x5:0xfffffff5 x21:0x00000000  x2=0xffffffff
       44545000	      4355	80005212	0ff0000f	fence	iorw,iorw	
       44555000	      4356	80005216	00aad663	bge	x21,x10,80005222	 x21:0x00000000 x10:0x00000000
       44615000	      4362	80005222	02389ab3	mulh	x21,x17,x3	 x17:0x00000003  x3:0x54034000 x21=0x00000000
       44645000	      4365	80005226	03220433	mul	x8,x4,x18	  x4:0x00000000 x18:0xffffffff  x8=0x00000000
       44655000	      4366	8000522a	74198d13	addi	x26,x19,1857	 x19:0x80021df8 x26=0x80022539
       44665000	      4367	8000522e	8809	c.andi	x8,2	  x8:0x00000000  x8=0x00000000
       44675000	      4368	80005230	0000100f	fence.i	
       44695000	      4370	80005234	0168d693	srli	x13,x17,0x16	 x17:0x00000003 x13=0x00000000
       44705000	      4371	80005238	4475	c.li	x8,29	  x8=0x0000001d
       44715000	      4372	8000523a	8dd5	c.or	x11,x13	 x11:0x00000000 x13:0x00000000 x11=0x00000000
       44755000	      4376	8000523c	02e1a4b3	mulhsu	x9,x3,x14	  x3:0x54034000 x14:0x00000000  x9=0x00000000
       44765000	      4377	80005240	00471a13	slli	x20,x14,0x4	 x14:0x00000000 x20=0x00000000
       44775000	      4378	80005244	0001	c.addi	x0,0	  x0:0x00000000  x0=0x00000000
       44785000	      4379	80005246	8d3d	c.xor	x10,x15	 x10:0x00000000 x15:0x00000000 x10=0x00000000
       44805000	      4381	80005248	036f5333	divu	x6,x30,x22	 x30:0x00000001 x22:0x00000000  x6=0xffffffff
       44815000	      4382	8000524c	ea9db693	sltiu	x13,x27,-343	 x27:0xfffffa40 x13=0x00000001
       44825000	      4383	80005250	184c0413	addi	x8,x24,388	 x24:0x60000000  x8=0x60000184
       44835000	      4384	80005254	c3650a93	addi	x21,x10,-970	 x10:0x00000000 x21=0xfffffc36
       44845000	      4385	80005258	02b6fb63	bgeu	x13,x11,8000528e	 x13:0x00000001 x11:0x00000000
       44865000	      4387	8000528e	0001	c.addi	x0,0	  x0:0x00000000  x0=0x00000000
       44875000	      4388	80005290	00d16863	bltu	x2,x13,800052a0	  x2:0xffffffff x13:0x00000001
       44885000	      4389	80005294	d8a02d93	slti	x27,x0,-630	  x0:0x00000000 x27=0x00000000
       44895000	      4390	80005298	6a44f713	andi	x14,x9,1700	  x9:0x00000000 x14=0x00000000
       44925000	      4393	8000529c	02e583b3	mul	x7,x11,x14	 x11:0x00000000 x14:0x00000000  x7=0x00000000
       44935000	      4394	800052a0	fa920513	addi	x10,x4,-87	  x4:0x00000000 x10=0xffffffa9
       44945000	      4395	800052a4	463b8d93	addi	x27,x23,1123	 x23:0x0000001d x27=0x00000480
       44955000	      4396	800052a8	00c292b3	sll	x5,x5,x12	  x5:0xfffffff5 x12:0xffffffff  x5=0x80000000
       44965000	      4397	800052ac	01cd1563	bne	x26,x28,800052b6	 x26:0x80022539 x28:0x00000000
       44995000	      4400	800052b6	0000100f	fence.i	
       45025000	      4403	800052ba	0ff0000f	fence	iorw,iorw	
       45055000	      4406	800052be	02268833	mul	x16,x13,x2	 x13:0x00000001  x2:0xffffffff x16=0xffffffff
       45065000	      4407	800052c2	8db9	c.xor	x11,x14	 x11:0x00000000 x14:0x00000000 x11=0x00000000
       45075000	      4408	800052c4	8f45	c.or	x14,x9	 x14:0x00000000  x9:0x00000000 x14=0x00000000
       45085000	      4409	800052c6	0108	c.addi4spn	x10,x2,128	 x10=0x0000007f
       45095000	      4410	800052c8	0f62	c.slli	x30,0x18	 x30:0x00000001 x30=0x01000000
       45105000	      4411	800052ca	0102b333	sltu	x6,x5,x16	  x5:0x80000000 x16:0xffffffff  x6=0x00000001
       45115000	      4412	800052ce	8fe5	c.and	x15,x9	 x15:0x00000000  x9:0x00000000 x15=0x00000000
       45125000	      4413	800052d0	02e25763	bge	x4,x14,800052fe	  x4:0x00000000 x14:0x00000000
       45185000	      4419	800052fe	035f15b3	mulh	x11,x30,x21	 x30:0x01000000 x21:0xfffffc36 x11=0xfffffffc
       45195000	      4420	80005302	0998	c.addi4spn	x14,x2,208	 x14=0x000000cf
       45205000	      4421	80005304	0010e2b3	or	x5,x1,x1	  x1:0x00009000  x1:0x00009000  x5=0x00009000
       45215000	      4422	80005308	c789	c.beqz	x15,80005312	 x15:0x00000000
       45245000	      4425	80005312	0000100f	fence.i	
       45275000	      4428	80005316	03828c63	beq	x5,x24,8000534e	  x5:0x00009000 x24:0x60000000
       45295000	      4430	8000531a	034e51b3	divu	x3,x28,x20	 x28:0x00000000 x20:0x00000000  x3=0xffffffff
       45305000	      4431	8000531e	016a6033	or	x0,x20,x22	 x20:0x00000000 x22:0x00000000  x0=0x00000000
       45345000	      4435	80005322	03b296b3	mulh	x13,x5,x27	  x5:0x00009000 x27:0x00000480 x13=0x00000000
       45355000	      4436	80005326	0184c8b3	xor	x17,x9,x24	  x9:0x00000000 x24:0x60000000 x17=0x60000000
       45365000	      4437	8000532a	00f17433	and	x8,x2,x15	  x2:0xffffffff x15:0x00000000  x8=0x00000000
       45375000	      4438	8000532e	05bb9363	bne	x23,x27,80005374	 x23:0x0000001d x27:0x00000480
       45395000	      4440	80005374	001b1b93	slli	x23,x22,0x1	 x22:0x00000000 x23=0x00000000
       45405000	      4441	80005378	8ba5	c.andi	x15,9	 x15:0x00000000 x15=0x00000000
       45415000	      4442	8000537a	e51d	c.bnez	x10,800053a8	 x10:0x0000007f
       45435000	      4444	800053a8	9a6e	c.add	x20,x27	 x20:0x00000000 x27:0x00000480 x20=0x00000480
       45445000	      4445	800053aa	8ebd	c.xor	x13,x15	 x13:0x00000000 x15:0x00000000 x13=0x00000000
       45455000	      4446	800053ac	a58c6913	ori	x18,x24,-1448	 x24:0x60000000 x18=0xfffffa58
       45495000	      4450	800053b0	036322b3	mulhsu	x5,x6,x22	  x6:0x00000001 x22:0x00000000  x5=0x00000000
       45505000	      4451	800053b4	00a1ebb3	or	x23,x3,x10	  x3:0xffffffff x10:0x0000007f x23=0xffffffff
       45515000	      4452	800053b8	01ef4563	blt	x30,x30,800053c2	 x30:0x01000000 x30:0x01000000
       45525000	      4453	800053bc	41e7da93	srai	x21,x15,0x1e	 x15:0x00000000 x21=0x00000000
       45535000	      4454	800053c0	8ac2	c.mv	x21,x16	  x0:0x00000000 x16:0xffffffff x21=0xffffffff
       45545000	      4455	800053c2	41620ab3	sub	x21,x4,x22	  x4:0x00000000 x22:0x00000000 x21=0x00000000
       45555000	      4456	800053c6	99fd	c.andi	x11,-1	 x11:0xfffffffc x11=0xfffffffc
       45565000	      4457	800053c8	c609	c.beqz	x12,800053d2	 x12:0xffffffff
       45575000	      4458	800053ca	00d3f3b3	and	x7,x7,x13	  x7:0x00000000 x13:0x00000000  x7=0x00000000
       45585000	      4459	800053ce	31987813	andi	x16,x16,793	 x16:0xffffffff x16=0x00000319
       45595000	      4460	800053d2	36c598b7	lui	x17,0x36c59	 x17=0x36c59000
       45605000	      4461	800053d6	8a65c193	xori	x3,x11,-1882	 x11:0xfffffffc  x3=0x0000075a
       45615000	      4462	800053da	8949	c.andi	x10,18	 x10:0x0000007f x10=0x00000012
       45635000	      4464	800053dc	02716033	rem	x0,x2,x7	  x2:0xffffffff  x7:0x00000000  x0=0x00000000
       45645000	      4465	800053e0	0ff0000f	fence	iorw,iorw	
       45655000	      4466	800053e4	8fd1	c.or	x15,x12	 x15:0x00000000 x12:0xffffffff x15=0xffffffff
       45665000	      4467	800053e6	8ffd	c.and	x15,x15	 x15:0xffffffff x15:0xffffffff x15=0xffffffff
       45685000	      4469	800053e8	035e5533	divu	x10,x28,x21	 x28:0x00000000 x21:0x00000000 x10=0xffffffff
       46055000	      4506	800053ec	03e4f433	remu	x8,x9,x30	  x9:0x00000000 x30:0x01000000  x8=0x00000000
       46065000	      4507	800053f0	01f65813	srli	x16,x12,0x1f	 x12:0xffffffff x16=0x00000001
       46075000	      4508	800053f4	41a8d893	srai	x17,x17,0x1a	 x17:0x36c59000 x17=0x0000000d
       46085000	      4509	800053f8	410fda33	sra	x20,x31,x16	 x31:0x0000000b x16:0x00000001 x20=0x00000005
       46095000	      4510	800053fc	0001	c.addi	x0,0	  x0:0x00000000  x0=0x00000000
       46115000	      4512	800053fe	0291d433	divu	x8,x3,x9	  x3:0x0000075a  x9:0x00000000  x8=0xffffffff
       46125000	      4513	80005402	187d	c.addi	x16,-1	 x16:0x00000001 x16=0x00000000
       46135000	      4514	80005404	86a5	c.srai	x13,0x9	 x13:0x00000000 x13=0x00000000
       46145000	      4515	80005406	0001	c.addi	x0,0	  x0:0x00000000  x0=0x00000000
       46155000	      4516	80005408	0ff0000f	fence	iorw,iorw	
       46165000	      4517	8000540c	003ee833	or	x16,x29,x3	 x29:0x00000009  x3:0x0000075a x16=0x0000075b
       46175000	      4518	80005410	8cd1	c.or	x9,x12	  x9:0x00000000 x12:0xffffffff  x9=0xffffffff
       46185000	      4519	80005412	079c	c.addi4spn	x15,x2,960	 x15=0x000003bf
       46195000	      4520	80005414	0178ae33	slt	x28,x17,x23	 x17:0x0000000d x23:0xffffffff x28=0x00000000
       46205000	      4521	80005418	03f5	c.addi	x7,29	  x7:0x00000000  x7=0x0000001d
       46215000	      4522	8000541a	2857fd93	andi	x27,x15,645	 x15:0x000003bf x27=0x00000285
       46225000	      4523	8000541e	00ec1e33	sll	x28,x24,x14	 x24:0x60000000 x14:0x000000cf x28=0x00000000
       46235000	      4524	80005422	00eb93b3	sll	x7,x23,x14	 x23:0xffffffff x14:0x000000cf  x7=0xffff8000
       46245000	      4525	80005426	948a	c.add	x9,x2	  x9:0xffffffff  x2:0xffffffff  x9=0xfffffffe
       46255000	      4526	80005428	411486b3	sub	x13,x9,x17	  x9:0xfffffffe x17:0x0000000d x13=0xfffffff1
       46265000	      4527	8000542c	6159	c.addi16sp	x2,400	  x2:0xffffffff  x2=0x0000018f
       46305000	      4531	8000542e	02ce9eb3	mulh	x29,x29,x12	 x29:0x00000009 x12:0xffffffff x29=0xffffffff
       46315000	      4532	80005432	8e61	c.and	x12,x8	 x12:0xffffffff  x8:0xffffffff x12=0xffffffff
       46355000	      4536	80005434	03942133	mulhsu	x2,x8,x25	  x8:0xffffffff x25:0x80025ce4  x2=0xffffffff
       46395000	      4540	80005438	035136b3	mulhu	x13,x2,x21	  x2:0xffffffff x21:0x00000000 x13=0x00000000
       46405000	      4541	8000543c	07fe	c.slli	x15,0x1f	 x15:0x000003bf x15=0x80000000
       46415000	      4542	8000543e	2b50b3b7	lui	x7,0x2b50b	  x7=0x2b50b000
       46425000	      4543	80005442	9ad6dab7	lui	x21,0x9ad6d	 x21=0x9ad6d000
       46435000	      4544	80005446	0000100f	fence.i	
       46465000	      4547	8000544a	0243f163	bgeu	x7,x4,8000546c	  x7:0x2b50b000  x4:0x00000000
       46485000	      4549	8000546c	01b91833	sll	x16,x18,x27	 x18:0xfffffa58 x27:0x00000285 x16=0xffff4b00
       46495000	      4550	80005470	ebaa8193	addi	x3,x21,-326	 x21:0x9ad6d000  x3=0x9ad6ceba
       46535000	      4554	80005474	035010b3	mulh	x1,x0,x21	  x0:0x00000000 x21:0x9ad6d000  x1=0x00000000
       46575000	      4558	80005478	02bfb1b3	mulhu	x3,x31,x11	 x31:0x0000000b x11:0xfffffffc  x3=0x0000000a
       46585000	      4559	8000547c	8299	c.srli	x13,0x6	 x13:0x00000000 x13=0x00000000
       46595000	      4560	8000547e	e039	c.bnez	x8,800054c4	  x8:0xffffffff
       46615000	      4562	800054c4	ca8d	c.beqz	x13,800054f6	 x13:0x00000000
       46635000	      4564	800054f6	6afd	c.lui	x21,0x1f	 x21=0x0001f000
       46645000	      4565	800054f8	02304f63	blt	x0,x3,80005536	  x0:0x00000000  x3:0x0000000a
       46665000	      4567	80005536	0001	c.addi	x0,0	  x0:0x00000000  x0=0x00000000
       46675000	      4568	80005538	00b1dab3	srl	x21,x3,x11	  x3:0x0000000a x11:0xfffffffc x21=0x00000000
       46685000	      4569	8000553c	8096	c.mv	x1,x5	  x0:0x00000000  x5:0x00000000  x1=0x00000000
       46695000	      4570	8000553e	0ff0000f	fence	iorw,iorw	
       46705000	      4571	80005542	12e80013	addi	x0,x16,302	 x16:0xffff4b00  x0=0x00000000
       46715000	      4572	80005546	00bf6c63	bltu	x30,x11,8000555e	 x30:0x01000000 x11:0xfffffffc
       46745000	      4575	8000555e	fdffac13	slti	x24,x31,-33	 x31:0x0000000b x24=0x00000000
       46755000	      4576	80005562	8d35	c.xor	x10,x13	 x10:0xffffffff x13:0x00000000 x10=0xffffffff
       47125000	      4613	80005564	03bb6db3	rem	x27,x22,x27	 x22:0x00000000 x27:0x00000285 x27=0x00000000
       47135000	      4614	80005568	8add	c.andi	x13,23	 x13:0x00000000 x13=0x00000000
       47145000	      4615	8000556a	027ef163	bgeu	x29,x7,8000558c	 x29:0xffffffff  x7:0x2b50b000
       47195000	      4620	8000558c	03d4a3b3	mulhsu	x7,x9,x29	  x9:0xfffffffe x29:0xffffffff  x7=0xfffffffe
       47205000	      4621	80005590	b5edc193	xori	x3,x27,-1186	 x27:0x00000000  x3=0xfffffb5e
       47215000	      4622	80005594	5b7d	c.li	x22,-1	 x22=0xffffffff
       47255000	      4626	80005596	031b2233	mulhsu	x4,x22,x17	 x22:0xffffffff x17:0x0000000d  x4=0xffffffff
       47265000	      4627	8000559a	00ce9563	bne	x29,x12,800055a4	 x29:0xffffffff x12:0xffffffff
       47275000	      4628	8000559e	01a8bab3	sltu	x21,x17,x26	 x17:0x0000000d x26:0x80022539 x21=0x00000001
       47285000	      4629	800055a2	0001	c.addi	x0,0	  x0:0x00000000  x0=0x00000000
       47295000	      4630	800055a4	5b7d	c.li	x22,-1	 x22=0xffffffff
       47305000	      4631	800055a6	018fceb3	xor	x29,x31,x24	 x31:0x0000000b x24:0x00000000 x29=0x0000000b
       47315000	      4632	800055aa	00d688b3	add	x17,x13,x13	 x13:0x00000000 x13:0x00000000 x17=0x00000000
       47325000	      4633	800055ae	01a4e633	or	x12,x9,x26	  x9:0xfffffffe x26:0x80022539 x12=0xffffffff
       47335000	      4634	800055b2	40730db3	sub	x27,x6,x7	  x6:0x00000001  x7:0xfffffffe x27=0x00000003
       47345000	      4635	800055b6	01912e33	slt	x28,x2,x25	  x2:0xffffffff x25:0x80025ce4 x28=0x00000000
       47355000	      4636	800055ba	177d	c.addi	x14,-1	 x14:0x000000cf x14=0x000000ce
       47365000	      4637	800055bc	8f2d	c.xor	x14,x11	 x14:0x000000ce x11:0xfffffffc x14=0xffffff32
       47375000	      4638	800055be	02986863	bltu	x16,x9,800055ee	 x16:0xffff4b00  x9:0xfffffffe
       47405000	      4641	800055ee	01db98b3	sll	x17,x23,x29	 x23:0xffffffff x29:0x0000000b x17=0xfffff800
       47415000	      4642	800055f2	000bfeb3	and	x29,x23,x0	 x23:0xffffffff  x0:0x00000000 x29=0x00000000
       47425000	      4643	800055f6	00b57763	bgeu	x10,x11,80005604	 x10:0xffffffff x11:0xfffffffc
       47805000	      4681	80005604	0371f433	remu	x8,x3,x23	  x3:0xfffffb5e x23:0xffffffff  x8=0xfffffb5e
       47845000	      4685	80005608	0206a0b3	mulhsu	x1,x13,x0	 x13:0x00000000  x0:0x00000000  x1=0x00000000
       47855000	      4686	8000560c	5c1de113	ori	x2,x27,1473	 x27:0x00000003  x2=0x000005c3
       47865000	      4687	80005610	14fd	c.addi	x9,-1	  x9:0xfffffffe  x9=0xfffffffd
       47875000	      4688	80005612	ec717293	andi	x5,x2,-313	  x2:0x000005c3  x5=0x000004c3
       47915000	      4692	80005616	029fb633	mulhu	x12,x31,x9	 x31:0x0000000b  x9:0xfffffffd x12=0x0000000a
       47925000	      4693	8000561a	0001	c.addi	x0,0	  x0:0x00000000  x0=0x00000000
       47935000	      4694	8000561c	8161	c.srli	x10,0x18	 x10:0xffffffff x10=0x000000ff
       47945000	      4695	8000561e	717d	c.addi16sp	x2,-16	  x2:0x000005c3  x2=0x000005b3
       47955000	      4696	80005620	8475	c.srai	x8,0x1d	  x8:0xfffffb5e  x8=0xffffffff
       47965000	      4697	80005622	15fe1197	auipc	x3,0x15fe1	  x3=0x95fe6622
       47975000	      4698	80005626	01b60c33	add	x24,x12,x27	 x12:0x0000000a x27:0x00000003 x24=0x0000000d
       47985000	      4699	8000562a	1ce8ed93	ori	x27,x17,462	 x17:0xfffff800 x27=0xfffff9ce
       48025000	      4703	8000562e	029731b3	mulhu	x3,x14,x9	 x14:0xffffff32  x9:0xfffffffd  x3=0xffffff2f
       48035000	      4704	80005632	0f3e	c.slli	x30,0xf	 x30:0x01000000 x30=0x00000000
       48045000	      4705	80005634	0c00	c.addi4spn	x8,x2,528	  x8=0x000007c3
       48055000	      4706	80005636	0076d113	srli	x2,x13,0x7	 x13:0x00000000  x2=0x00000000
       48095000	      4710	8000563a	036711b3	mulh	x3,x14,x22	 x14:0xffffff32 x22:0xffffffff  x3=0x00000000
       48105000	      4711	8000563e	008afc33	and	x24,x21,x8	 x21:0x00000001  x8:0x000007c3 x24=0x00000001
       48115000	      4712	80005642	8f7d	c.and	x14,x15	 x14:0xffffff32 x15:0x80000000 x14=0x80000000
       48125000	      4713	80005644	0722f713	andi	x14,x5,114	  x5:0x000004c3 x14=0x00000042
       48135000	      4714	80005648	8c09	c.sub	x8,x10	  x8:0x000007c3 x10:0x000000ff  x8=0x000006c4
       48145000	      4715	8000564a	0049a603	lw	x12,4(x19)	 x19:0x80021df8 x12=0x800057d0 PA:0x80021dfc load:0x800057d0
       48155000	      4716	8000564e	09f1	c.addi	x19,28	 x19:0x80021df8 x19=0x80021e14
       48165000	      4717	80005650	0386	c.slli	x7,0x1	  x7:0xfffffffe  x7=0xfffffffc
       48175000	      4718	80005652	00060f13	addi	x30,x12,0	 x12:0x800057d0 x30=0x800057d0
       48185000	      4719	80005656	8f02	c.jr	x30	 x30:0x800057d0
       48205000	      4721	800057d0	85fd	c.srai	x11,0x1f	 x11:0xfffffffc x11=0xffffffff
       48215000	      4722	800057d2	4a322893	slti	x17,x4,1187	  x4:0xffffffff x17=0x00000001
       48225000	      4723	800057d6	4391	c.li	x7,4	  x7=0x00000004
       48265000	      4727	800057d8	02d720b3	mulhsu	x1,x14,x13	 x14:0x00000042 x13:0x00000000  x1=0x00000000
       48275000	      4728	800057dc	037ef663	bgeu	x29,x23,80005808	 x29:0x00000000 x23:0xffffffff
       48645000	      4765	800057e0	0281cf33	div	x30,x3,x8	  x3:0x00000000  x8:0x000006c4 x30=0x00000000
       48655000	      4766	800057e4	3c45b113	sltiu	x2,x11,964	 x11:0xffffffff  x2=0x00000000
       48665000	      4767	800057e8	8d85	c.sub	x11,x9	 x11:0xffffffff  x9:0xfffffffd x11=0x00000002
       48675000	      4768	800057ea	011eb4b3	sltu	x9,x29,x17	 x29:0x00000000 x17:0x00000001  x9=0x00000001
       48685000	      4769	800057ee	41c5	c.li	x3,17	  x3=0x00000011
       48695000	      4770	800057f0	8bb1	c.andi	x15,12	 x15:0x80000000 x15=0x00000000
       48705000	      4771	800057f2	0122	c.slli	x2,0x8	  x2:0x00000000  x2=0x00000000
       48715000	      4772	800057f4	019b1563	bne	x22,x25,800057fe	 x22:0xffffffff x25:0x80025ce4
       49105000	      4811	800057fe	02e7fdb3	remu	x27,x15,x14	 x15:0x00000000 x14:0x00000042 x27=0x00000000
       49115000	      4812	80005802	011684b3	add	x9,x13,x17	 x13:0x00000000 x17:0x00000001  x9=0x00000001
       49125000	      4813	80005806	8e7d	c.and	x12,x15	 x12:0x800057d0 x15:0x00000000 x12=0x00000000
       49135000	      4814	80005808	147d	c.addi	x8,-1	  x8:0x000006c4  x8=0x000006c3
       49155000	      4816	8000580a	02fac5b3	div	x11,x21,x15	 x21:0x00000001 x15:0x00000000 x11=0xffffffff
       49165000	      4817	8000580e	fdeb77b7	lui	x15,0xfdeb7	 x15=0xfdeb7000
       49175000	      4818	80005812	8f6d	c.and	x14,x11	 x14:0x00000042 x11:0xffffffff x14=0x00000042
       49185000	      4819	80005814	127d	c.addi	x4,-1	  x4:0xffffffff  x4=0xfffffffe
       49195000	      4820	80005816	0049a603	lw	x12,4(x19)	 x19:0x80021e14 x12=0x80005872 PA:0x80021e18 load:0x80005872
       49205000	      4821	8000581a	00941a13	slli	x20,x8,0x9	  x8:0x000006c3 x20=0x000d8600
       49215000	      4822	8000581e	010128b3	slt	x17,x2,x16	  x2:0x00000000 x16:0xffff4b00 x17=0x00000000
       49225000	      4823	80005822	02498993	addi	x19,x19,36	 x19:0x80021e14 x19=0x80021e38
       49235000	      4824	80005826	04ba	c.slli	x9,0xe	  x9:0x00000001  x9=0x00004000
       49245000	      4825	80005828	00160b93	addi	x23,x12,1	 x12:0x80005872 x23=0x80005873
       49255000	      4826	8000582c	000b8be7	jalr	x23,0(x23)	 x23:0x80005873 x23=0x80005830
       49315000	      4832	80005872	023c2d33	mulhsu	x26,x24,x3	 x24:0x00000001  x3:0x00000011 x26=0x00000000
       49325000	      4833	80005876	01dad093	srli	x1,x21,0x1d	 x21:0x00000001  x1=0x00000000
       49335000	      4834	8000587a	4054d1b3	sra	x3,x9,x5	  x9:0x00004000  x5:0x000004c3  x3=0x00000800
       49345000	      4835	8000587e	6ae9	c.lui	x21,0x1a	 x21=0x0001a000
       49355000	      4836	80005880	86d9	c.srai	x13,0x16	 x13:0x00000000 x13=0x00000000
       49365000	      4837	80005882	51ffb0b7	lui	x1,0x51ffb	  x1=0x51ffb000
       49375000	      4838	80005886	f19ff66f	jal	x12,8000579e	 x12=0x8000588a
       49405000	      4841	8000579e	0083e463	bltu	x7,x8,800057a6	  x7:0x00000004  x8:0x000006c3
       49435000	      4844	800057a6	fdc98993	addi	x19,x19,-36	 x19:0x80021e38 x19=0x80021e14
       49445000	      4845	800057aa	00c9a223	sw	x12,4(x19)	 x19:0x80021e14 x12:0x8000588a PA:0x80021e18 store:0x8000588a load:0x00000000
       49455000	      4846	800057ae	0222	c.slli	x4,0x8	  x4:0xfffffffe  x4=0xfffffe00
       49465000	      4847	800057b0	dacff893	andi	x17,x31,-596	 x31:0x0000000b x17=0x00000008
       49475000	      4848	800057b4	0000100f	fence.i	
       49495000	      4850	800057b8	0001	c.addi	x0,0	  x0:0x00000000  x0=0x00000000
       49505000	      4851	800057ba	8c39	c.xor	x8,x14	  x8:0x000006c3 x14:0x00000042  x8=0x00000681
       49545000	      4855	800057bc	032037b3	mulhu	x15,x0,x18	  x0:0x00000000 x18:0xfffffa58 x15=0x00000000
       49915000	      4892	800057c0	0313e3b3	rem	x7,x7,x17	  x7:0x00000004 x17:0x00000008  x7=0x00000004
       49925000	      4893	800057c4	40a45013	srai	x0,x8,0xa	  x8:0x00000681  x0=0x00000000
       50295000	      4930	800057c8	021167b3	rem	x15,x2,x1	  x2:0x00000000  x1:0x51ffb000 x15=0x00000000
       50305000	      4931	800057cc	ef7fd66f	jal	x12,800036c2	 x12=0x800057d0
       50325000	      4933	800036c2	8c61	c.and	x8,x8	  x8:0x00000681  x8:0x00000681  x8=0x00000681
       50335000	      4934	800036c4	9ade6513	ori	x10,x28,-1619	 x28:0x00000000 x10=0xfffff9ad
       50375000	      4938	800036c8	0301b133	mulhu	x2,x3,x16	  x3:0x00000800 x16:0xffff4b00  x2=0x000007ff
       50385000	      4939	800036cc	1991	c.addi	x19,-28	 x19:0x80021e14 x19=0x80021df8
       50395000	      4940	800036ce	21ec2b13	slti	x22,x24,542	 x24:0x00000001 x22=0x00000001
       50405000	      4941	800036d2	00e81d33	sll	x26,x16,x14	 x16:0xffff4b00 x14:0x00000042 x26=0xfffd2c00
       50415000	      4942	800036d6	00c9a223	sw	x12,4(x19)	 x19:0x80021df8 x12:0x800057d0 PA:0x80021dfc store:0x800057d0 load:0x00000000
       50425000	      4943	800036da	0da6	c.slli	x27,0x9	 x27:0x00000000 x27=0x00000000
       50435000	      4944	800036dc	9f66b493	sltiu	x9,x13,-1546	 x13:0x00000000  x9=0x00000001
       50455000	      4946	800036e0	020ed033	divu	x0,x29,x0	 x29:0x00000000  x0:0x00000000  x0=0x00000000
       50465000	      4947	800036e4	00a4b733	sltu	x14,x9,x10	  x9:0x00000001 x10:0xfffff9ad x14=0x00000001
       50475000	      4948	800036e8	82e2	c.mv	x5,x24	  x0:0x00000000 x24:0x00000001  x5=0x00000001
       50485000	      4949	800036ea	8fdd	c.or	x15,x15	 x15:0x00000000 x15:0x00000000 x15=0x00000000
       50495000	      4950	800036ec	0007f963	bgeu	x15,x0,800036fe	 x15:0x00000000  x0:0x00000000
       50525000	      4953	800036fe	0ff0000f	fence	iorw,iorw	
       50565000	      4957	80003702	03101233	mulh	x4,x0,x17	  x0:0x00000000 x17:0x00000008  x4=0x00000000
       50935000	      4994	80003706	035af433	remu	x8,x21,x21	 x21:0x0001a000 x21:0x0001a000  x8=0x00000000
       50945000	      4995	8000370a	127d	c.addi	x4,-1	  x4:0x00000000  x4=0xffffffff
       50955000	      4996	8000370c	8c39	c.xor	x8,x14	  x8:0x00000000 x14:0x00000001  x8=0x00000001
       50965000	      4997	8000370e	e3cd0a13	addi	x20,x26,-452	 x26:0xfffd2c00 x20=0xfffd2a3c
       50985000	      4999	80003712	02f24d33	div	x26,x4,x15	  x4:0xffffffff x15:0x00000000 x26=0xffffffff
       50995000	      5000	80003716	0001	c.addi	x0,0	  x0:0x00000000  x0=0x00000000
       51005000	      5001	80003718	6f7b67b7	lui	x15,0x6f7b6	 x15=0x6f7b6000
       51015000	      5002	8000371c	9afd	c.andi	x13,-1	 x13:0x00000000 x13=0x00000000
       51025000	      5003	8000371e	88bd	c.andi	x9,15	  x9:0x00000001  x9=0x00000001
       51035000	      5004	80003720	40915133	sra	x2,x2,x9	  x2:0x000007ff  x9:0x00000001  x2=0x000003ff
       51045000	      5005	80003724	ea81	c.bnez	x13,80003734	 x13:0x00000000
       51075000	      5008	80003726	02c50333	mul	x6,x10,x12	 x10:0xfffff9ad x12:0x800057d0  x6=0x7dd4a790
       51085000	      5009	8000372a	8c79	c.and	x8,x14	  x8:0x00000001 x14:0x00000001  x8=0x00000001
       51095000	      5010	8000372c	028c0c63	beq	x24,x8,80003764	 x24:0x00000001  x8:0x00000001
       51115000	      5012	80003764	03cd4163	blt	x26,x28,80003786	 x26:0xffffffff x28:0x00000000
       51175000	      5018	80003786	03a3a933	mulhsu	x18,x7,x26	  x7:0x00000004 x26:0xffffffff x18=0x00000003
       51185000	      5019	8000378a	047ef463	bgeu	x29,x7,800037d2	 x29:0x00000000  x7:0x00000004
       51195000	      5020	8000378e	c699	c.beqz	x13,8000379c	 x13:0x00000000
       51215000	      5022	8000379c	8e21	c.xor	x12,x8	 x12:0x800057d0  x8:0x00000001 x12=0x800057d1
       51225000	      5023	8000379e	00c3d563	bge	x7,x12,800037a8	  x7:0x00000004 x12:0x800057d1
       51275000	      5028	800037a8	026eb833	mulhu	x16,x29,x6	 x29:0x00000000  x6:0x7dd4a790 x16=0x00000000
       51285000	      5029	800037ac	034a6763	bltu	x20,x20,800037da	 x20:0xfffd2a3c x20:0xfffd2a3c
       51655000	      5066	800037b0	02fec433	div	x8,x29,x15	 x29:0x00000000 x15:0x6f7b6000  x8=0x00000000
       51665000	      5067	800037b4	00b46bb3	or	x23,x8,x11	  x8:0x00000000 x11:0xffffffff x23=0xffffffff
       51675000	      5068	800037b8	8f49	c.or	x14,x10	 x14:0x00000001 x10:0xfffff9ad x14=0xfffff9ad
       51685000	      5069	800037ba	021df863	bgeu	x27,x1,800037ea	 x27:0x00000000  x1:0x51ffb000
       51695000	      5070	800037be	0ff0000f	fence	iorw,iorw	
       51705000	      5071	800037c2	006ade33	srl	x28,x21,x6	 x21:0x0001a000  x6:0x7dd4a790 x28=0x00000001
       51715000	      5072	800037c6	01b3c663	blt	x7,x27,800037d2	  x7:0x00000004 x27:0x00000000
       51725000	      5073	800037ca	039eec63	bltu	x29,x25,80003802	 x29:0x00000000 x25:0x80025ce4
       51745000	      5075	80003802	8d85	c.sub	x11,x9	 x11:0xffffffff  x9:0x00000001 x11=0xfffffffe
       51755000	      5076	80003804	b7314193	xori	x3,x2,-1165	  x2:0x000003ff  x3=0xfffff88c
       51765000	      5077	80003808	012148b3	xor	x17,x2,x18	  x2:0x000003ff x18:0x00000003 x17=0x000003fc
       51775000	      5078	8000380c	02b1f363	bgeu	x3,x11,80003832	  x3:0xfffff88c x11:0xfffffffe
       51785000	      5079	80003810	0196f1b3	and	x3,x13,x25	 x13:0x00000000 x25:0x80025ce4  x3=0x00000000
       51795000	      5080	80003814	04d4f063	bgeu	x9,x13,80003854	  x9:0x00000001 x13:0x00000000
       51815000	      5082	80003854	a66b7b13	andi	x22,x22,-1434	 x22:0x00000001 x22=0x00000000
       51825000	      5083	80003858	743a3413	sltiu	x8,x20,1859	 x20:0xfffd2a3c  x8=0x00000000
       51835000	      5084	8000385c	015931b3	sltu	x3,x18,x21	 x18:0x00000003 x21:0x0001a000  x3=0x00000001
       51845000	      5085	80003860	0000100f	fence.i	
       51865000	      5087	80003864	034e6c63	bltu	x28,x20,8000389c	 x28:0x00000001 x20:0xfffd2a3c
       51885000	      5089	8000389c	0422	c.slli	x8,0x8	  x8:0x00000000  x8=0x00000000
       51895000	      5090	8000389e	ea05	c.bnez	x12,800038ce	 x12:0x800057d1
       51925000	      5093	800038ce	2303b113	sltiu	x2,x7,560	  x7:0x00000004  x2=0x00000001
       51935000	      5094	800038d2	8139	c.srli	x10,0xe	 x10:0xfffff9ad x10=0x0003ffff
       51945000	      5095	800038d4	0001	c.addi	x0,0	  x0:0x00000000  x0=0x00000000
       51955000	      5096	800038d6	41595093	srai	x1,x18,0x15	 x18:0x00000003  x1=0x00000000
       51965000	      5097	800038da	4b41b017	auipc	x0,0x4b41b	  x0=0x00000000
       51975000	      5098	800038de	001fa0b3	slt	x1,x31,x1	 x31:0x0000000b  x1:0x00000000  x1=0x00000000
       51985000	      5099	800038e2	01b5aab3	slt	x21,x11,x27	 x11:0xfffffffe x27:0x00000000 x21=0x00000001
       51995000	      5100	800038e6	00624133	xor	x2,x4,x6	  x4:0xffffffff  x6:0x7dd4a790  x2=0x822b586f
       52025000	      5103	800038ea	02670533	mul	x10,x14,x6	 x14:0xfffff9ad  x6:0x7dd4a790 x10=0x38204c50
       52035000	      5104	800038ee	8ed1	c.or	x13,x12	 x13:0x00000000 x12:0x800057d1 x13=0x800057d1
       52045000	      5105	800038f0	73b7a393	slti	x7,x15,1851	 x15:0x6f7b6000  x7=0x00000000
       52055000	      5106	800038f4	0318ec63	bltu	x17,x17,8000392c	 x17:0x000003fc x17:0x000003fc
       52065000	      5107	800038f8	04bae163	bltu	x21,x11,8000393a	 x21:0x00000001 x11:0xfffffffe
       52115000	      5112	8000393a	03bf8d33	mul	x26,x31,x27	 x31:0x0000000b x27:0x00000000 x26=0x00000000
       52125000	      5113	8000393e	0065c033	xor	x0,x11,x6	 x11:0xfffffffe  x6:0x7dd4a790  x0=0x00000000
       52135000	      5114	80003942	418b5f33	sra	x30,x22,x24	 x22:0x00000000 x24:0x00000001 x30=0x00000000
       52145000	      5115	80003946	011f3733	sltu	x14,x30,x17	 x30:0x00000000 x17:0x000003fc x14=0x00000001
       52155000	      5116	8000394a	05df8063	beq	x31,x29,8000398a	 x31:0x0000000b x29:0x00000000
       52165000	      5117	8000394e	01265133	srl	x2,x12,x18	 x12:0x800057d1 x18:0x00000003  x2=0x10000afa
       52175000	      5118	80003952	ce05	c.beqz	x12,8000398a	 x12:0x800057d1
       52185000	      5119	80003954	02628263	beq	x5,x6,80003978	  x5:0x00000001  x6:0x7dd4a790
       52195000	      5120	80003958	66d1e797	auipc	x15,0x66d1e	 x15=0xe6d21958
       52205000	      5121	8000395c	6291	c.lui	x5,0x4	  x5=0x00004000
       52215000	      5122	8000395e	41cb07b3	sub	x15,x22,x28	 x22:0x00000000 x28:0x00000001 x15=0xffffffff
       52225000	      5123	80003962	035d4963	blt	x26,x21,80003994	 x26:0x00000000 x21:0x00000001
       52245000	      5125	80003994	01799513	slli	x10,x19,0x17	 x19:0x80021df8 x10=0xfc000000
       52285000	      5129	80003998	020fba33	mulhu	x20,x31,x0	 x31:0x0000000b  x0:0x00000000 x20=0x00000000
       52315000	      5132	8000399c	03188233	mul	x4,x17,x17	 x17:0x000003fc x17:0x000003fc  x4=0x000fe010
       52325000	      5133	800039a0	40c3dd93	srai	x27,x7,0xc	  x7:0x00000000 x27=0x00000000
       52335000	      5134	800039a4	24ef6b13	ori	x22,x30,590	 x30:0x00000000 x22=0x0000024e
       52355000	      5136	800039a8	03e7d6b3	divu	x13,x15,x30	 x15:0xffffffff x30:0x00000000 x13=0xffffffff
       52365000	      5137	800039ac	411cd393	srai	x7,x25,0x11	 x25:0x80025ce4  x7=0xffffc001
       52375000	      5138	800039b0	aa488193	addi	x3,x17,-1372	 x17:0x000003fc  x3=0xfffffea0
       52385000	      5139	800039b4	e585	c.bnez	x11,800039dc	 x11:0xfffffffe
       52405000	      5141	800039dc	01d2	c.slli	x3,0x14	  x3:0xfffffea0  x3=0xea000000
       52415000	      5142	800039de	d4d8f213	andi	x4,x17,-691	 x17:0x000003fc  x4=0x0000014c
       52435000	      5144	800039e2	0211ceb3	div	x29,x3,x1	  x3:0xea000000  x1:0x00000000 x29=0xffffffff
       52445000	      5145	800039e6	0001	c.addi	x0,0	  x0:0x00000000  x0=0x00000000
       52455000	      5146	800039e8	08ee	c.slli	x17,0x1b	 x17:0x000003fc x17=0xe0000000
       52465000	      5147	800039ea	04eef163	bgeu	x29,x14,80003a2c	 x29:0xffffffff x14:0x00000001
       52485000	      5149	80003a2c	ceb85c17	auipc	x24,0xceb85	 x24=0x4eb88a2c
       52495000	      5150	80003a30	0ff0000f	fence	iorw,iorw	
       52505000	      5151	80003a34	05dbc363	blt	x23,x29,80003a7a	 x23:0xffffffff x29:0xffffffff
       52515000	      5152	80003a38	0008a133	slt	x2,x17,x0	 x17:0xe0000000  x0:0x00000000  x2=0x00000001
       52525000	      5153	80003a3c	0000100f	fence.i	
       52545000	      5155	80003a40	9bfd	c.andi	x15,-1	 x15:0xffffffff x15=0xffffffff
       52555000	      5156	80003a42	3bc051b7	lui	x3,0x3bc05	  x3=0x3bc05000
       52595000	      5160	80003a46	028e93b3	mulh	x7,x29,x8	 x29:0xffffffff  x8:0x00000000  x7=0x00000000
       52605000	      5161	80003a4a	7ef423b7	lui	x7,0x7ef42	  x7=0x7ef42000
       52615000	      5162	80003a4e	8cd9	c.or	x9,x14	  x9:0x00000001 x14:0x00000001  x9=0x00000001
       52625000	      5163	80003a50	00085833	srl	x16,x16,x0	 x16:0x00000000  x0:0x00000000 x16=0x00000000
       52635000	      5164	80003a54	12fd	c.addi	x5,-1	  x5:0x00004000  x5=0x00003fff
       52645000	      5165	80003a56	0110fd33	and	x26,x1,x17	  x1:0x00000000 x17:0xe0000000 x26=0x00000000
       52675000	      5168	80003a5a	037b8433	mul	x8,x23,x23	 x23:0xffffffff x23:0xffffffff  x8=0x00000001
       53045000	      5205	80003a5e	03cdcdb3	div	x27,x27,x28	 x27:0x00000000 x28:0x00000001 x27=0x00000000
       53055000	      5206	80003a62	0186c763	blt	x13,x24,80003a70	 x13:0xffffffff x24:0x4eb88a2c
       53435000	      5244	80003a70	02bd7333	remu	x6,x26,x11	 x26:0x00000000 x11:0xfffffffe  x6=0x00000000
       53445000	      5245	80003a74	adef7b13	andi	x22,x30,-1314	 x30:0x00000000 x22=0x00000000
       53455000	      5246	80003a78	0731	c.addi	x14,12	 x14:0x00000001 x14=0x0000000d
       53465000	      5247	80003a7a	8ead	c.xor	x13,x11	 x13:0xffffffff x11:0xfffffffe x13=0x00000001
       53475000	      5248	80003a7c	8fdd	c.or	x15,x15	 x15:0xffffffff x15:0xffffffff x15=0xffffffff
       53485000	      5249	80003a7e	015e8663	beq	x29,x21,80003a8a	 x29:0xffffffff x21:0x00000001
       53495000	      5250	80003a82	02547663	bgeu	x8,x5,80003aae	  x8:0x00000001  x5:0x00003fff
       53865000	      5287	80003a86	03ce62b3	rem	x5,x28,x28	 x28:0x00000001 x28:0x00000001  x5=0x00000000
       53885000	      5289	80003a8a	03a8ca33	div	x20,x17,x26	 x17:0xe0000000 x26:0x00000000 x20=0xffffffff
       53895000	      5290	80003a8e	021d8063	beq	x27,x1,80003aae	 x27:0x00000000  x1:0x00000000
       54285000	      5329	80003aae	02ae6b33	rem	x22,x28,x10	 x28:0x00000001 x10:0xfc000000 x22=0x00000001
       54295000	      5330	80003ab2	8f35	c.xor	x14,x13	 x14:0x0000000d x13:0x00000001 x14=0x0000000c
       54305000	      5331	80003ab4	0155f663	bgeu	x11,x21,80003ac0	 x11:0xfffffffe x21:0x00000001
       54325000	      5333	80003ac0	8271	c.srli	x12,0x1c	 x12:0x800057d1 x12=0x00000008
       54335000	      5334	80003ac2	865e	c.mv	x12,x23	  x0:0x00000000 x23:0xffffffff x12=0xffffffff
       54345000	      5335	80003ac4	6161	c.addi16sp	x2,80	  x2:0x00000001  x2=0x00000051
       54715000	      5372	80003ac6	038cc933	div	x18,x25,x24	 x25:0x80025ce4 x24:0x4eb88a2c x18=0xffffffff
       54725000	      5373	80003aca	04a26063	bltu	x4,x10,80003b0a	  x4:0x0000014c x10:0xfc000000
       54745000	      5375	80003b0a	51fd	c.li	x3,-1	  x3=0xffffffff
       54755000	      5376	80003b0c	010e9d63	bne	x29,x16,80003b26	 x29:0xffffffff x16:0x00000000
       54785000	      5379	80003b26	b05fd037	lui	x0,0xb05fd	  x0=0x00000000
       54795000	      5380	80003b2a	e99b6793	ori	x15,x22,-359	 x22:0x00000001 x15=0xfffffe99
       54805000	      5381	80003b2e	833a	c.mv	x6,x14	  x0:0x00000000 x14:0x0000000c  x6=0x0000000c
       55175000	      5418	80003b30	02d66633	rem	x12,x12,x13	 x12:0xffffffff x13:0x00000001 x12=0x00000000
       55185000	      5419	80003b34	0001	c.addi	x0,0	  x0:0x00000000  x0=0x00000000
       55195000	      5420	80003b36	6ab5	c.lui	x21,0xd	 x21=0x0000d000
       55205000	      5421	80003b38	92c6	c.add	x5,x17	  x5:0x00000000 x17:0xe0000000  x5=0xe0000000
       55215000	      5422	80003b3a	17147793	andi	x15,x8,369	  x8:0x00000001 x15=0x00000001
       55225000	      5423	80003b3e	0ff0000f	fence	iorw,iorw	
       55235000	      5424	80003b42	013b2133	slt	x2,x22,x19	 x22:0x00000001 x19:0x80021df8  x2=0x00000000
       55245000	      5425	80003b46	8f99	c.sub	x15,x14	 x15:0x00000001 x14:0x0000000c x15=0xfffffff5
       55255000	      5426	80003b48	0001	c.addi	x0,0	  x0:0x00000000  x0=0x00000000
       55265000	      5427	80003b4a	401752b3	sra	x5,x14,x1	 x14:0x0000000c  x1:0x00000000  x5=0x0000000c
       55275000	      5428	80003b4e	e985	c.bnez	x11,80003b7e	 x11:0xfffffffe
       55295000	      5430	80003b7e	8fc1	c.or	x15,x8	 x15:0xfffffff5  x8:0x00000001 x15=0xfffffff5
       55305000	      5431	80003b80	0001	c.addi	x0,0	  x0:0x00000000  x0=0x00000000
       55315000	      5432	80003b82	1214	c.addi4spn	x13,x2,288	 x13=0x00000120
       55325000	      5433	80003b84	6541c813	xori	x16,x3,1620	  x3:0xffffffff x16=0xfffff9ab
       55335000	      5434	80003b88	614d	c.addi16sp	x2,176	  x2:0x00000000  x2=0x000000b0
       55345000	      5435	80003b8a	0001	c.addi	x0,0	  x0:0x00000000  x0=0x00000000
       55355000	      5436	80003b8c	080e	c.slli	x16,0x3	 x16:0xfffff9ab x16=0xffffcd58
       55365000	      5437	80003b8e	0000100f	fence.i	
       55385000	      5439	80003b92	6129	c.addi16sp	x2,192	  x2:0x000000b0  x2=0x00000170
       55395000	      5440	80003b94	01efd463	bge	x31,x30,80003b9c	 x31:0x0000000b x30:0x00000000
       55435000	      5444	80003b9c	030202b3	mul	x5,x4,x16	  x4:0x0000014c x16:0xffffcd58  x5=0xffbe4e20
       55445000	      5445	80003ba0	05910013	addi	x0,x2,89	  x2:0x00000170  x0=0x00000000
       55815000	      5482	80003ba4	0236dab3	divu	x21,x13,x3	 x13:0x00000120  x3:0xffffffff x21=0x00000000
       55825000	      5483	80003ba8	00c10263	beq	x2,x12,80003bac	  x2:0x00000170 x12:0x00000000
       55835000	      5484	80003bac	03449a63	bne	x9,x20,80003be0	  x9:0x00000001 x20:0xffffffff
       55855000	      5486	80003be0	9bfd	c.andi	x15,-1	 x15:0xfffffff5 x15=0xfffffff5
       55865000	      5487	80003be2	c509	c.beqz	x10,80003bec	 x10:0xfc000000
       55875000	      5488	80003be4	8f61	c.and	x14,x8	 x14:0x0000000c  x8:0x00000001 x14=0x00000000
       55885000	      5489	80003be6	83a1	c.srli	x15,0x8	 x15:0xfffffff5 x15=0x00ffffff
       55925000	      5493	80003be8	03039333	mulh	x6,x7,x16	  x7:0x7ef42000 x16:0xffffcd58  x6=0xffffe6e1
       55935000	      5494	80003bec	01fbe863	bltu	x23,x31,80003bfc	 x23:0xffffffff x31:0x0000000b
       55945000	      5495	80003bf0	64634393	xori	x7,x6,1606	  x6:0xffffe6e1  x7=0xffffe0a7
       55955000	      5496	80003bf4	00ce3133	sltu	x2,x28,x12	 x28:0x00000001 x12:0x00000000  x2=0x00000000
       55965000	      5497	80003bf8	006a5613	srli	x12,x20,0x6	 x20:0xffffffff x12=0x03ffffff
       55975000	      5498	80003bfc	00b87d63	bgeu	x16,x11,80003c16	 x16:0xffffcd58 x11:0xfffffffe
       55985000	      5499	80003c00	8bd5	c.andi	x15,21	 x15:0x00ffffff x15=0x00000015
       55995000	      5500	80003c02	00b11313	slli	x6,x2,0xb	  x2:0x00000000  x6=0x00000000
       56005000	      5501	80003c06	05278263	beq	x15,x18,80003c4a	 x15:0x00000015 x18:0xffffffff
       56015000	      5502	80003c0a	0179f763	bgeu	x19,x23,80003c18	 x19:0x80021df8 x23:0xffffffff
       56025000	      5503	80003c0e	008d6233	or	x4,x26,x8	 x26:0x00000000  x8:0x00000001  x4=0x00000001
       56035000	      5504	80003c12	c69a8313	addi	x6,x21,-919	 x21:0x00000000  x6=0xfffffc69
       56045000	      5505	80003c16	8d71	c.and	x10,x12	 x10:0xfc000000 x12:0x03ffffff x10=0x00000000
       56055000	      5506	80003c18	0c41	c.addi	x24,16	 x24:0x4eb88a2c x24=0x4eb88a3c
       56085000	      5509	80003c1a	03b68533	mul	x10,x13,x27	 x13:0x00000120 x27:0x00000000 x10=0x00000000
       56095000	      5510	80003c1e	6a770e93	addi	x29,x14,1703	 x14:0x00000000 x29=0x000006a7
       56105000	      5511	80003c22	0000100f	fence.i	
       56155000	      5516	80003c26	03c80c33	mul	x24,x16,x28	 x16:0xffffcd58 x28:0x00000001 x24=0xffffcd58
       56185000	      5519	80003c2a	021e86b3	mul	x13,x29,x1	 x29:0x000006a7  x1:0x00000000 x13=0x00000000
       56195000	      5520	80003c2e	0001	c.addi	x0,0	  x0:0x00000000  x0=0x00000000
       56205000	      5521	80003c30	9a7d	c.andi	x12,-1	 x12:0x03ffffff x12=0x03ffffff
       56215000	      5522	80003c32	87ea	c.mv	x15,x26	  x0:0x00000000 x26:0x00000000 x15=0x00000000
       56225000	      5523	80003c34	c1e06d13	ori	x26,x0,-994	  x0:0x00000000 x26=0xfffffc1e
       56235000	      5524	80003c38	00449533	sll	x10,x9,x4	  x9:0x00000001  x4:0x00000001 x10=0x00000002
       56245000	      5525	80003c3c	37093813	sltiu	x16,x18,880	 x18:0xffffffff x16=0x00000000
       56255000	      5526	80003c40	4de1	c.li	x27,24	 x27=0x00000018
       56265000	      5527	80003c42	40a05733	sra	x14,x0,x10	  x0:0x00000000 x10:0x00000002 x14=0x00000000
       56275000	      5528	80003c46	02a61b63	bne	x12,x10,80003c7c	 x12:0x03ffffff x10:0x00000002
       56295000	      5530	80003c7c	00922db3	slt	x27,x4,x9	  x4:0x00000001  x9:0x00000001 x27=0x00000000
       56665000	      5567	80003c80	02cac6b3	div	x13,x21,x12	 x21:0x00000000 x12:0x03ffffff x13=0x00000000
       56675000	      5568	80003c84	5e75fa13	andi	x20,x11,1511	 x11:0xfffffffe x20=0x000005e6
       56685000	      5569	80003c88	809d	c.srli	x9,0x7	  x9:0x00000001  x9=0x00000000
       56695000	      5570	80003c8a	00441513	slli	x10,x8,0x4	  x8:0x00000001 x10=0x00000010
       56705000	      5571	80003c8e	00449893	slli	x17,x9,0x4	  x9:0x00000000 x17=0x00000000
       56715000	      5572	80003c92	055dc463	blt	x27,x21,80003cda	 x27:0x00000000 x21:0x00000000
       56755000	      5576	80003c96	024e1bb3	mulh	x23,x28,x4	 x28:0x00000001  x4:0x00000001 x23=0x00000000
       56765000	      5577	80003c9a	013d3033	sltu	x0,x26,x19	 x26:0xfffffc1e x19:0x80021df8  x0=0x00000000
       56775000	      5578	80003c9e	89dd	c.andi	x11,23	 x11:0xfffffffe x11=0x00000016
       56785000	      5579	80003ca0	1d9f2293	slti	x5,x30,473	 x30:0x00000000  x5=0x00000001
       56795000	      5580	80003ca4	40240eb3	sub	x29,x8,x2	  x8:0x00000001  x2:0x00000000 x29=0x00000001
       56825000	      5583	80003ca8	03f48233	mul	x4,x9,x31	  x9:0x00000000 x31:0x0000000b  x4=0x00000000
       56835000	      5584	80003cac	002edb93	srli	x23,x29,0x2	 x29:0x00000001 x23=0x00000000
       56845000	      5585	80003cb0	009df8b3	and	x17,x27,x9	 x27:0x00000000  x9:0x00000000 x17=0x00000000
       56855000	      5586	80003cb4	ea433637	lui	x12,0xea433	 x12=0xea433000
       56865000	      5587	80003cb8	00240a33	add	x20,x8,x2	  x8:0x00000001  x2:0x00000000 x20=0x00000001
       56875000	      5588	80003cbc	c609	c.beqz	x12,80003cc6	 x12:0xea433000
       56885000	      5589	80003cbe	030c8017	auipc	x0,0x30c8	  x0=0x00000000
       56925000	      5593	80003cc2	031011b3	mulh	x3,x0,x17	  x0:0x00000000 x17:0x00000000  x3=0x00000000
       56935000	      5594	80003cc6	0135f363	bgeu	x11,x19,80003ccc	 x11:0x00000016 x19:0x80021df8
       56945000	      5595	80003cca	517d	c.li	x2,-1	  x2=0xffffffff
       56955000	      5596	80003ccc	011f01b3	add	x3,x30,x17	 x30:0x00000000 x17:0x00000000  x3=0x00000000
       56995000	      5600	80003cd0	0290a5b3	mulhsu	x11,x1,x9	  x1:0x00000000  x9:0x00000000 x11=0x00000000
       57005000	      5601	80003cd4	1398	c.addi4spn	x14,x2,480	 x14=0x000001df
       57015000	      5602	80003cd6	030b1263	bne	x22,x16,80003cfa	 x22:0x00000001 x16:0x00000000
       57055000	      5606	80003cfa	0246d1b3	divu	x3,x13,x4	 x13:0x00000000  x4:0x00000000  x3=0xffffffff
       57065000	      5607	80003cfe	00ab12b3	sll	x5,x22,x10	 x22:0x00000001 x10:0x00000010  x5=0x00010000
       57105000	      5611	80003d02	035d2433	mulhsu	x8,x26,x21	 x26:0xfffffc1e x21:0x00000000  x8=0x00000000
       57115000	      5612	80003d06	014a9893	slli	x17,x21,0x14	 x21:0x00000000 x17=0x00000000
       57125000	      5613	80003d0a	8f81	c.sub	x15,x8	 x15:0x00000000  x8:0x00000000 x15=0x00000000
       57135000	      5614	80003d0c	0636	c.slli	x12,0xd	 x12:0xea433000 x12=0x66000000
       57145000	      5615	80003d0e	8dad	c.xor	x11,x11	 x11:0x00000000 x11:0x00000000 x11=0x00000000
       57155000	      5616	80003d10	0001	c.addi	x0,0	  x0:0x00000000  x0=0x00000000
       57165000	      5617	80003d12	cf9d	c.beqz	x15,80003d50	 x15:0x00000000
       57215000	      5622	80003d50	024e2d33	mulhsu	x26,x28,x4	 x28:0x00000001  x4:0x00000000 x26=0x00000000
       57225000	      5623	80003d54	95c74313	xori	x6,x14,-1700	 x14:0x000001df  x6=0xfffff883
       57235000	      5624	80003d58	9492	c.add	x9,x4	  x9:0x00000000  x4:0x00000000  x9=0x00000000
       57245000	      5625	80003d5a	6769	c.lui	x14,0x1a	 x14=0x0001a000
       57255000	      5626	80003d5c	0566	c.slli	x10,0x19	 x10:0x00000010 x10=0x20000000
       57265000	      5627	80003d5e	8ecd	c.or	x13,x11	 x13:0x00000000 x11:0x00000000 x13=0x00000000
       57275000	      5628	80003d60	6135	c.addi16sp	x2,352	  x2:0xffffffff  x2=0x0000015f
       57285000	      5629	80003d62	0636	c.slli	x12,0xd	 x12:0x66000000 x12=0x00000000
       57295000	      5630	80003d64	0ff0000f	fence	iorw,iorw	
       57305000	      5631	80003d68	0152e433	or	x8,x5,x21	  x5:0x00010000 x21:0x00000000  x8=0x00010000
       57315000	      5632	80003d6c	ee91	c.bnez	x13,80003d88	 x13:0x00000000
       57325000	      5633	80003d6e	0818	c.addi4spn	x14,x2,16	 x14=0x0000016f
       57335000	      5634	80003d70	c121	c.beqz	x10,80003db0	 x10:0x20000000
       57345000	      5635	80003d72	0f16	c.slli	x30,0x5	 x30:0x00000000 x30=0x00000000
       57355000	      5636	80003d74	0000100f	fence.i	
       57385000	      5639	80003d78	0245dbb3	divu	x23,x11,x4	 x11:0x00000000  x4:0x00000000 x23=0xffffffff
       57395000	      5640	80003d7c	012d5a63	bge	x26,x18,80003d90	 x26:0x00000000 x18:0xffffffff
       57415000	      5642	80003d90	96d6	c.add	x13,x21	 x13:0x00000000 x21:0x00000000 x13=0x00000000
       57425000	      5643	80003d92	05a91463	bne	x18,x26,80003dda	 x18:0xffffffff x26:0x00000000
       57455000	      5646	80003dda	01cad4b3	srl	x9,x21,x28	 x21:0x00000000 x28:0x00000001  x9=0x00000000
       57465000	      5647	80003dde	055a	c.slli	x10,0x16	 x10:0x20000000 x10=0x00000000
       57475000	      5648	80003de0	6c8eef13	ori	x30,x29,1736	 x29:0x00000001 x30=0x000006c9
       57485000	      5649	80003de4	52e5be13	sltiu	x28,x11,1326	 x11:0x00000000 x28=0x00000001
       57495000	      5650	80003de8	6115	c.addi16sp	x2,288	  x2:0x0000015f  x2=0x0000027f
       57505000	      5651	80003dea	de418d13	addi	x26,x3,-540	  x3:0xffffffff x26=0xfffffde3
       57515000	      5652	80003dee	0067b7b3	sltu	x15,x15,x6	 x15:0x00000000  x6:0xfffff883 x15=0x00000001
       57535000	      5654	80003df2	02d26f33	rem	x30,x4,x13	  x4:0x00000000 x13:0x00000000 x30=0x00000000
       57575000	      5658	80003df6	02209bb3	mulh	x23,x1,x2	  x1:0x00000000  x2:0x0000027f x23=0x00000000
       57595000	      5660	80003dfa	02b06a33	rem	x20,x0,x11	  x0:0x00000000 x11:0x00000000 x20=0x00000000
       57605000	      5661	80003dfe	893a	c.mv	x18,x14	  x0:0x00000000 x14:0x0000016f x18=0x0000016f
       57615000	      5662	80003e00	00a4d133	srl	x2,x9,x10	  x9:0x00000000 x10:0x00000000  x2=0x00000000
       57625000	      5663	80003e04	c719	c.beqz	x14,80003e12	 x14:0x0000016f
       57635000	      5664	80003e06	00d855b3	srl	x11,x16,x13	 x16:0x00000000 x13:0x00000000 x11=0x00000000
       57675000	      5668	80003e0a	02003a33	mulhu	x20,x0,x0	  x0:0x00000000  x0:0x00000000 x20=0x00000000
       57685000	      5669	80003e0e	01090563	beq	x18,x16,80003e18	 x18:0x0000016f x16:0x00000000
       57695000	      5670	80003e12	8595	c.srai	x11,0x5	 x11:0x00000000 x11=0x00000000
       57705000	      5671	80003e14	25223a13	sltiu	x20,x4,594	  x4:0x00000000 x20=0x00000001
       57715000	      5672	80003e18	00334963	blt	x6,x3,80003e2a	  x6:0xfffff883  x3:0xffffffff
       57745000	      5675	80003e2a	01d4aab3	slt	x21,x9,x29	  x9:0x00000000 x29:0x00000001 x21=0x00000001
       57755000	      5676	80003e2e	0d9c	c.addi4spn	x15,x2,720	 x15=0x000002d0
       57765000	      5677	80003e30	03484f63	blt	x16,x20,80003e6e	 x16:0x00000000 x20:0x00000001
       57785000	      5679	80003e6e	6385	c.lui	x7,0x1	  x7=0x00001000
       57795000	      5680	80003e70	01a863b3	or	x7,x16,x26	 x16:0x00000000 x26:0xfffffde3  x7=0xfffffde3
       57805000	      5681	80003e74	8fed	c.and	x15,x11	 x15:0x000002d0 x11:0x00000000 x15=0x00000000
       57815000	      5682	80003e76	0000100f	fence.i	
       57835000	      5684	80003e7a	8cdd	c.or	x9,x15	  x9:0x00000000 x15:0x00000000  x9=0x00000000
       57845000	      5685	80003e7c	717d	c.addi16sp	x2,-16	  x2:0x00000000  x2=0xfffffff0
       57855000	      5686	80003e7e	0031da63	bge	x3,x3,80003e92	  x3:0xffffffff  x3:0xffffffff
       57895000	      5690	80003e92	03efceb3	div	x29,x31,x30	 x31:0x0000000b x30:0x00000000 x29=0xffffffff
       57905000	      5691	80003e96	0998	c.addi4spn	x14,x2,208	 x14=0x000000c0
       57915000	      5692	80003e98	17fd	c.addi	x15,-1	 x15:0x00000000 x15=0xffffffff
       57925000	      5693	80003e9a	8cc9	c.or	x9,x10	  x9:0x00000000 x10:0x00000000  x9=0x00000000
       57945000	      5695	80003e9c	02d84e33	div	x28,x16,x13	 x16:0x00000000 x13:0x00000000 x28=0xffffffff
       57955000	      5696	80003ea0	0001	c.addi	x0,0	  x0:0x00000000  x0=0x00000000
       57965000	      5697	80003ea2	0f21fe93	andi	x29,x3,242	  x3:0xffffffff x29=0x000000f2
       57975000	      5698	80003ea6	0ff0000f	fence	iorw,iorw	
       57985000	      5699	80003eaa	03031563	bne	x6,x16,80003ed4	  x6:0xfffff883 x16:0x00000000
       58035000	      5704	80003ed4	02b02d33	mulhsu	x26,x0,x11	  x0:0x00000000 x11:0x00000000 x26=0x00000000
       58045000	      5705	80003ed8	0001	c.addi	x0,0	  x0:0x00000000  x0=0x00000000
       58065000	      5707	80003eda	02d57eb3	remu	x29,x10,x13	 x10:0x00000000 x13:0x00000000 x29=0x00000000
       58075000	      5708	80003ede	018f3e33	sltu	x28,x30,x24	 x30:0x00000000 x24:0xffffcd58 x28=0x00000001
       58095000	      5710	80003ee2	02947733	remu	x14,x8,x9	  x8:0x00010000  x9:0x00000000 x14=0x00010000
       58135000	      5714	80003ee6	036424b3	mulhsu	x9,x8,x22	  x8:0x00010000 x22:0x00000001  x9=0x00000000
       58145000	      5715	80003eea	00efa933	slt	x18,x31,x14	 x31:0x0000000b x14:0x00010000 x18=0x00000001
       58155000	      5716	80003eee	41940933	sub	x18,x8,x25	  x8:0x00010000 x25:0x80025ce4 x18=0x7ffea31c
       58165000	      5717	80003ef2	7c2b8893	addi	x17,x23,1986	 x23:0x00000000 x17=0x000007c2
       58175000	      5718	80003ef6	413d0033	sub	x0,x26,x19	 x26:0x00000000 x19:0x80021df8  x0=0x00000000
       58185000	      5719	80003efa	ec15	c.bnez	x8,80003f36	  x8:0x00010000
       58215000	      5722	80003f36	58bdf013	andi	x0,x27,1419	 x27:0x00000000  x0=0x00000000
       58225000	      5723	80003f3a	e3b1	c.bnez	x15,80003f7e	 x15:0xffffffff
       58255000	      5726	80003f7e	03dd6363	bltu	x26,x29,80003fa4	 x26:0x00000000 x29:0x00000000
       58265000	      5727	80003f82	0000100f	fence.i	
       58295000	      5730	80003f86	00ea5f33	srl	x30,x20,x14	 x20:0x00000001 x14:0x00010000 x30=0x00000001
       58305000	      5731	80003f8a	04456563	bltu	x10,x4,80003fd4	 x10:0x00000000  x4:0x00000000
       58315000	      5732	80003f8e	ee15	c.bnez	x12,80003fca	 x12:0x00000000
       58355000	      5736	80003f90	0378a533	mulhsu	x10,x17,x23	 x17:0x000007c2 x23:0x00000000 x10=0x00000000
       58365000	      5737	80003f94	0000100f	fence.i	
       58385000	      5739	80003f98	4c212193	slti	x3,x2,1218	  x2:0xfffffff0  x3=0x00000001
       58755000	      5776	80003f9c	03ee6db3	rem	x27,x28,x30	 x28:0x00000001 x30:0x00000001 x27=0x00000000
       58765000	      5777	80003fa0	e0e63737	lui	x14,0xe0e63	 x14=0xe0e63000
       58775000	      5778	80003fa4	01da1863	bne	x20,x29,80003fb4	 x20:0x00000001 x29:0x00000000
       58795000	      5780	80003fb4	9a56	c.add	x20,x21	 x20:0x00000001 x21:0x00000001 x20=0x00000002
       58805000	      5781	80003fb6	012518b3	sll	x17,x10,x18	 x10:0x00000000 x18:0x7ffea31c x17=0x00000000
       58815000	      5782	80003fba	85cf1897	auipc	x17,0x85cf1	 x17=0x05cf4fba
       58825000	      5783	80003fbe	018a9813	slli	x16,x21,0x18	 x21:0x00000001 x16=0x01000000
       58835000	      5784	80003fc2	03f25f63	bge	x4,x31,80004000	  x4:0x00000000 x31:0x0000000b
       58845000	      5785	80003fc6	a6880193	addi	x3,x16,-1432	 x16:0x01000000  x3=0x00fffa68
       58855000	      5786	80003fca	0137f563	bgeu	x15,x19,80003fd4	 x15:0xffffffff x19:0x80021df8
       58875000	      5788	80003fd4	0ff0000f	fence	iorw,iorw	
       58885000	      5789	80003fd8	029fdf63	bge	x31,x9,80004016	 x31:0x0000000b  x9:0x00000000
       58945000	      5795	80004016	030fa6b3	mulhsu	x13,x31,x16	 x31:0x0000000b x16:0x01000000 x13=0x00000000
       58955000	      5796	8000401a	01a15633	srl	x12,x2,x26	  x2:0xfffffff0 x26:0x00000000 x12=0xfffffff0
       58965000	      5797	8000401e	e199	c.bnez	x11,80004024	 x11:0x00000000
       58975000	      5798	80004020	41b500b3	sub	x1,x10,x27	 x10:0x00000000 x27:0x00000000  x1=0x00000000
       58985000	      5799	80004024	01ba20b3	slt	x1,x20,x27	 x20:0x00000002 x27:0x00000000  x1=0x00000000
       58995000	      5800	80004028	0711	c.addi	x14,4	 x14:0xe0e63000 x14=0xe0e63004
       59035000	      5804	8000402a	0221b5b3	mulhu	x11,x3,x2	  x3:0x00fffa68  x2:0xfffffff0 x11=0x00fffa67
       59045000	      5805	8000402e	366a0293	addi	x5,x20,870	 x20:0x00000002  x5=0x00000368
       59085000	      5809	80004032	02ac9433	mulh	x8,x25,x10	 x25:0x80025ce4 x10:0x00000000  x8=0x00000000
       59095000	      5810	80004036	0000100f	fence.i	
       59125000	      5813	8000403a	ecb63137	lui	x2,0xecb63	  x2=0xecb63000
       59135000	      5814	8000403e	414f02b3	sub	x5,x30,x20	 x30:0x00000001 x20:0x00000002  x5=0xffffffff
       59145000	      5815	80004042	3c452a93	slti	x21,x10,964	 x10:0x00000000 x21=0x00000001
       59155000	      5816	80004046	d56bb013	sltiu	x0,x23,-682	 x23:0x00000000  x0=0x00000000
       59525000	      5853	8000404a	0357fe33	remu	x28,x15,x21	 x15:0xffffffff x21:0x00000001 x28=0x00000000
       59545000	      5855	8000404e	02d8f7b3	remu	x15,x17,x13	 x17:0x05cf4fba x13:0x00000000 x15=0x05cf4fba
       59555000	      5856	80004052	eb99	c.bnez	x15,80004068	 x15:0x05cf4fba
       59575000	      5858	80004068	0d8a	c.slli	x27,0x2	 x27:0x00000000 x27=0x00000000
       59585000	      5859	8000406a	1200	c.addi4spn	x8,x2,288	  x8=0xecb63120
       59625000	      5863	8000406c	03e51133	mulh	x2,x10,x30	 x10:0x00000000 x30:0x00000001  x2=0x00000000
       59635000	      5864	80004070	408ad193	srai	x3,x21,0x8	 x21:0x00000001  x3=0x00000000
       59645000	      5865	80004074	003b8d33	add	x26,x23,x3	 x23:0x00000000  x3:0x00000000 x26=0x00000000
       59655000	      5866	80004078	0030bdb3	sltu	x27,x1,x3	  x1:0x00000000  x3:0x00000000 x27=0x00000000
       59665000	      5867	8000407c	00fdda93	srli	x21,x27,0xf	 x27:0x00000000 x21=0x00000000
       59675000	      5868	80004080	00cb3733	sltu	x14,x22,x12	 x22:0x00000001 x12:0xfffffff0 x14=0x00000001
       59685000	      5869	80004084	1c00	c.addi4spn	x8,x2,560	  x8=0x00000230
       59695000	      5870	80004086	9480e113	ori	x2,x1,-1720	  x1:0x00000000  x2=0xfffff948
       59705000	      5871	8000408a	0001	c.addi	x0,0	  x0:0x00000000  x0=0x00000000
       59715000	      5872	8000408c	41fe07b3	sub	x15,x28,x31	 x28:0x00000000 x31:0x0000000b x15=0xfffffff5
       59725000	      5873	80004090	00fd9333	sll	x6,x27,x15	 x27:0x00000000 x15:0xfffffff5  x6=0x00000000
       59735000	      5874	80004094	e3bf3393	sltiu	x7,x30,-453	 x30:0x00000001  x7=0x00000001
       60105000	      5911	80004098	03f25633	divu	x12,x4,x31	  x4:0x00000000 x31:0x0000000b x12=0x00000000
       60115000	      5912	8000409c	92e6	c.add	x5,x25	  x5:0xffffffff x25:0x80025ce4  x5=0x80025ce3
       60125000	      5913	8000409e	0001	c.addi	x0,0	  x0:0x00000000  x0=0x00000000
       60135000	      5914	800040a0	1c08	c.addi4spn	x10,x2,560	 x10=0xfffffb78
       60175000	      5918	800040a2	03629eb3	mulh	x29,x5,x22	  x5:0x80025ce3 x22:0x00000001 x29=0xffffffff
       60215000	      5922	800040a6	03142eb3	mulhsu	x29,x8,x17	  x8:0x00000230 x17:0x05cf4fba x29=0x0000000c
       60225000	      5923	800040aa	8f99	c.sub	x15,x14	 x15:0xfffffff5 x14:0x00000001 x15=0xfffffff4
       60235000	      5924	800040ac	0277f963	bgeu	x15,x7,800040de	 x15:0xfffffff4  x7:0x00000001
       60295000	      5930	800040de	02c49933	mulh	x18,x9,x12	  x9:0x00000000 x12:0x00000000 x18=0x00000000
       60305000	      5931	800040e2	004c3c33	sltu	x24,x24,x4	 x24:0xffffcd58  x4:0x00000000 x24=0x00000000
       60315000	      5932	800040e6	8f25	c.xor	x14,x9	 x14:0x00000001  x9:0x00000000 x14=0x00000001
       60325000	      5933	800040e8	01181193	slli	x3,x16,0x11	 x16:0x01000000  x3=0x00000000
       60335000	      5934	800040ec	03016b63	bltu	x2,x16,80004122	  x2:0xfffff948 x16:0x01000000
       60345000	      5935	800040f0	e41d	c.bnez	x8,8000411e	  x8:0x00000230
       60375000	      5938	8000411e	017668b3	or	x17,x12,x23	 x12:0x00000000 x23:0x00000000 x17=0x00000000
       60395000	      5940	80004122	0266df33	divu	x30,x13,x6	 x13:0x00000000  x6:0x00000000 x30=0xffffffff
       60405000	      5941	80004126	7fb30893	addi	x17,x6,2043	  x6:0x00000000 x17=0x000007fb
       60415000	      5942	8000412a	8599	c.srai	x11,0x6	 x11:0x00fffa67 x11=0x0003ffe9
       60425000	      5943	8000412c	8ecd	c.or	x13,x11	 x13:0x00000000 x11:0x0003ffe9 x13=0x0003ffe9
       60795000	      5980	8000412e	033af2b3	remu	x5,x21,x19	 x21:0x00000000 x19:0x80021df8  x5=0x00000000
       60805000	      5981	80004132	171e2513	slti	x10,x28,369	 x28:0x00000000 x10=0x00000001
       60825000	      5983	80004136	026afdb3	remu	x27,x21,x6	 x21:0x00000000  x6:0x00000000 x27=0x00000000
       60835000	      5984	8000413a	01ec1263	bne	x24,x30,8000413e	 x24:0x00000000 x30:0xffffffff
       60865000	      5987	8000413e	f5767913	andi	x18,x12,-169	 x12:0x00000000 x18=0x00000000
       60875000	      5988	80004142	8c71	c.and	x8,x12	  x8:0x00000230 x12:0x00000000  x8=0x00000000
       60885000	      5989	80004144	0074e5b3	or	x11,x9,x7	  x9:0x00000000  x7:0x00000001 x11=0x00000001
       60895000	      5990	80004148	6b3d	c.lui	x22,0xf	 x22=0x0000f000
       60905000	      5991	8000414a	0169c563	blt	x19,x22,80004154	 x19:0x80021df8 x22:0x0000f000
       60925000	      5993	80004154	405e0033	sub	x0,x28,x5	 x28:0x00000000  x5:0x00000000  x0=0x00000000
       60935000	      5994	80004158	8e59	c.or	x12,x14	 x12:0x00000000 x14:0x00000001 x12=0x00000001
       60955000	      5996	8000415a	03a5d533	divu	x10,x11,x26	 x11:0x00000001 x26:0x00000000 x10=0xffffffff
       60965000	      5997	8000415e	01e8ebb3	or	x23,x17,x30	 x17:0x000007fb x30:0xffffffff x23=0xffffffff
       60975000	      5998	80004162	14fd	c.addi	x9,-1	  x9:0x00000000  x9=0xffffffff
       60985000	      5999	80004164	5a7d	c.li	x20,-1	 x20=0xffffffff
       60995000	      6000	80004166	0306dc63	bge	x13,x16,8000419e	 x13:0x0003ffe9 x16:0x01000000
       61005000	      6001	8000416a	01525733	srl	x14,x4,x21	  x4:0x00000000 x21:0x00000000 x14=0x00000000
       61015000	      6002	8000416e	070e	c.slli	x14,0x3	 x14:0x00000000 x14=0x00000000
       61025000	      6003	80004170	018bd0b3	srl	x1,x23,x24	 x23:0xffffffff x24:0x00000000  x1=0xffffffff
       61065000	      6007	80004174	028b3233	mulhu	x4,x22,x8	 x22:0x0000f000  x8:0x00000000  x4=0x00000000
       61095000	      6010	80004178	03ca0a33	mul	x20,x20,x28	 x20:0xffffffff x28:0x00000000 x20=0x00000000
       61105000	      6011	8000417c	8e3d	c.xor	x12,x15	 x12:0x00000001 x15:0xfffffff4 x12=0xfffffff5
       61115000	      6012	8000417e	86a9	c.srai	x13,0xa	 x13:0x0003ffe9 x13=0x000000ff
       61125000	      6013	80004180	0090d513	srli	x10,x1,0x9	  x1:0xffffffff x10=0x007fffff
       61135000	      6014	80004184	12fd	c.addi	x5,-1	  x5:0x00000000  x5=0xffffffff
       61145000	      6015	80004186	e7013193	sltiu	x3,x2,-400	  x2:0xfffff948  x3=0x00000001
       61155000	      6016	8000418a	65007d13	andi	x26,x0,1616	  x0:0x00000000 x26=0x00000000
       61165000	      6017	8000418e	40ce5613	srai	x12,x28,0xc	 x28:0x00000000 x12=0x00000000
       61175000	      6018	80004192	04551663	bne	x10,x5,800041de	 x10:0x007fffff  x5:0xffffffff
       61195000	      6020	800041de	0001	c.addi	x0,0	  x0:0x00000000  x0=0x00000000
       61235000	      6024	800041e0	0358adb3	mulhsu	x27,x17,x21	 x17:0x000007fb x21:0x00000000 x27=0x00000000
       61255000	      6026	800041e4	0244fbb3	remu	x23,x9,x4	  x9:0xffffffff  x4:0x00000000 x23=0xffffffff
       61265000	      6027	800041e8	ee30e493	ori	x9,x1,-285	  x1:0xffffffff  x9=0xffffffff
       61275000	      6028	800041ec	83ba	c.mv	x7,x14	  x0:0x00000000 x14:0x00000000  x7=0x00000000
       61285000	      6029	800041ee	8e89	c.sub	x13,x10	 x13:0x000000ff x10:0x007fffff x13=0xff800100
       61295000	      6030	800041f0	3ae44d13	xori	x26,x8,942	  x8:0x00000000 x26=0x000003ae
       61305000	      6031	800041f4	004491b3	sll	x3,x9,x4	  x9:0xffffffff  x4:0x00000000  x3=0xffffffff
       61315000	      6032	800041f8	0166a833	slt	x16,x13,x22	 x13:0xff800100 x22:0x0000f000 x16=0x00000001
       61325000	      6033	800041fc	8f49	c.or	x14,x10	 x14:0x00000000 x10:0x007fffff x14=0x007fffff
       61335000	      6034	800041fe	14fd	c.addi	x9,-1	  x9:0xffffffff  x9=0xfffffffe
       61345000	      6035	80004200	011e1563	bne	x28,x17,8000420a	 x28:0x00000000 x17:0x000007fb
       61395000	      6040	8000420a	030a8bb3	mul	x23,x21,x16	 x21:0x00000000 x16:0x00000001 x23=0x00000000
       61765000	      6077	8000420e	0211fab3	remu	x21,x3,x1	  x3:0xffffffff  x1:0xffffffff x21=0x00000000
       61775000	      6078	80004212	051e1263	bne	x28,x17,80004256	 x28:0x00000000 x17:0x000007fb
       61805000	      6081	80004256	01892633	slt	x12,x18,x24	 x18:0x00000000 x24:0x00000000 x12=0x00000000
       61815000	      6082	8000425a	00b6ae33	slt	x28,x13,x11	 x13:0xff800100 x11:0x00000001 x28=0x00000001
       61825000	      6083	8000425e	0230cf63	blt	x1,x3,8000429c	  x1:0xffffffff  x3:0xffffffff
       61835000	      6084	80004262	e582a397	auipc	x7,0xe582a	  x7=0x6582e262
       61845000	      6085	80004266	6825	c.lui	x16,0x9	 x16=0x00009000
       61855000	      6086	80004268	0000100f	fence.i	
       61875000	      6088	8000426c	dbca4237	lui	x4,0xdbca4	  x4=0xdbca4000
       61885000	      6089	80004270	0137a733	slt	x14,x15,x19	 x15:0xfffffff4 x19:0x80021df8 x14=0x00000000
       61895000	      6090	80004274	177d	c.addi	x14,-1	 x14:0x00000000 x14=0xffffffff
       61905000	      6091	80004276	c499	c.beqz	x9,80004284	  x9:0xfffffffe
       61915000	      6092	80004278	00dcf663	bgeu	x25,x13,80004284	 x25:0x80025ce4 x13:0xff800100
       61925000	      6093	8000427c	0f15	c.addi	x30,5	 x30:0xffffffff x30=0x00000004
       61935000	      6094	8000427e	1b7d	c.addi	x22,-1	 x22:0x0000f000 x22=0x0000efff
       61945000	      6095	80004280	856e7613	andi	x12,x28,-1962	 x28:0x00000001 x12=0x00000000
       61955000	      6096	80004284	019f30b3	sltu	x1,x30,x25	 x30:0x00000004 x25:0x80025ce4  x1=0x00000001
       61965000	      6097	80004288	0064c763	blt	x9,x6,80004296	  x9:0xfffffffe  x6:0x00000000
       61985000	      6099	80004296	0001	c.addi	x0,0	  x0:0x00000000  x0=0x00000000
       61995000	      6100	80004298	005de0b3	or	x1,x27,x5	 x27:0x00000000  x5:0xffffffff  x1=0xffffffff
       62005000	      6101	8000429c	0068a5b3	slt	x11,x17,x6	 x17:0x000007fb  x6:0x00000000 x11=0x00000000
       62015000	      6102	800042a0	012aa5b3	slt	x11,x21,x18	 x21:0x00000000 x18:0x00000000 x11=0x00000000
       62025000	      6103	800042a4	9bfd	c.andi	x15,-1	 x15:0xfffffff4 x15=0xfffffff4
       62035000	      6104	800042a6	0099db33	srl	x22,x19,x9	 x19:0x80021df8  x9:0xfffffffe x22=0x00000002
       62045000	      6105	800042aa	1b167513	andi	x10,x12,433	 x12:0x00000000 x10=0x00000000
       62055000	      6106	800042ae	8549	c.srai	x10,0x12	 x10:0x00000000 x10=0x00000000
       62065000	      6107	800042b0	3a3a4293	xori	x5,x20,931	 x20:0x00000000  x5=0x000003a3
       62075000	      6108	800042b4	41e20633	sub	x12,x4,x30	  x4:0xdbca4000 x30:0x00000004 x12=0xdbca3ffc
       62085000	      6109	800042b8	9efa	c.add	x29,x30	 x29:0x0000000c x30:0x00000004 x29=0x00000010
       62095000	      6110	800042ba	8fdd	c.or	x15,x15	 x15:0xfffffff4 x15:0xfffffff4 x15=0xfffffff4
       62105000	      6111	800042bc	003e1093	slli	x1,x28,0x3	 x28:0x00000001  x1=0x00000008
       62115000	      6112	800042c0	01ab7633	and	x12,x22,x26	 x22:0x00000002 x26:0x000003ae x12=0x00000002
       62125000	      6113	800042c4	8cb5	c.xor	x9,x13	  x9:0xfffffffe x13:0xff800100  x9=0x007ffefe
       62145000	      6115	800042c6	0352e533	rem	x10,x5,x21	  x5:0x000003a3 x21:0x00000000 x10=0x000003a3
       62155000	      6116	800042ca	01243433	sltu	x8,x8,x18	  x8:0x00000000 x18:0x00000000  x8=0x00000000
       62195000	      6120	800042ce	03491bb3	mulh	x23,x18,x20	 x18:0x00000000 x20:0x00000000 x23=0x00000000
       62565000	      6157	800042d2	02ea7833	remu	x16,x20,x14	 x20:0x00000000 x14:0xffffffff x16=0x00000000
       62575000	      6158	800042d6	6151	c.addi16sp	x2,272	  x2:0xfffff948  x2=0xfffffa58
       62585000	      6159	800042d8	41d853b3	sra	x7,x16,x29	 x16:0x00000000 x29:0x00000010  x7=0x00000000
       62595000	      6160	800042dc	0001	c.addi	x0,0	  x0:0x00000000  x0=0x00000000
       62605000	      6161	800042de	befa25b7	lui	x11,0xbefa2	 x11=0xbefa2000
       62615000	      6162	800042e2	0104ae33	slt	x28,x9,x16	  x9:0x007ffefe x16:0x00000000 x28=0x00000000
       62625000	      6163	800042e6	6d75	c.lui	x26,0x1d	 x26=0x0001d000
       62635000	      6164	800042e8	8e81	c.sub	x13,x8	 x13:0xff800100  x8:0x00000000 x13=0xff800100
       62645000	      6165	800042ea	0001	c.addi	x0,0	  x0:0x00000000  x0=0x00000000
       62655000	      6166	800042ec	411056b3	sra	x13,x0,x17	  x0:0x00000000 x17:0x000007fb x13=0x00000000
       62665000	      6167	800042f0	408a5513	srai	x10,x20,0x8	 x20:0x00000000 x10=0x00000000
       62695000	      6170	800042f4	036c8bb3	mul	x23,x25,x22	 x25:0x80025ce4 x22:0x00000002 x23=0x0004b9c8
       63065000	      6207	800042f8	02e944b3	div	x9,x18,x14	 x18:0x00000000 x14:0xffffffff  x9=0x00000000
       63075000	      6208	800042fc	0000100f	fence.i	
       63095000	      6210	80004300	0001	c.addi	x0,0	  x0:0x00000000  x0=0x00000000
       63105000	      6211	80004302	009cc633	xor	x12,x25,x9	 x25:0x80025ce4  x9:0x00000000 x12=0x80025ce4
       63115000	      6212	80004306	0001	c.addi	x0,0	  x0:0x00000000  x0=0x00000000
       63135000	      6214	80004308	032f5133	divu	x2,x30,x18	 x30:0x00000004 x18:0x00000000  x2=0xffffffff
       63145000	      6215	8000430c	8199	c.srli	x11,0x6	 x11:0xbefa2000 x11=0x02fbe880
       63155000	      6216	8000430e	0baccd93	xori	x27,x25,186	 x25:0x80025ce4 x27=0x80025c5e
       63165000	      6217	80004312	0001	c.addi	x0,0	  x0:0x00000000  x0=0x00000000
       63175000	      6218	80004314	0086f463	bgeu	x13,x8,8000431c	 x13:0x00000000  x8:0x00000000
       63195000	      6220	8000431c	a4c8ae93	slti	x29,x17,-1460	 x17:0x000007fb x29=0x00000000
       63205000	      6221	80004320	01b64563	blt	x12,x27,8000432a	 x12:0x80025ce4 x27:0x80025c5e
       63215000	      6222	80004324	8cd9	c.or	x9,x14	  x9:0x00000000 x14:0xffffffff  x9=0xffffffff
       63225000	      6223	80004326	001fc633	xor	x12,x31,x1	 x31:0x0000000b  x1:0x00000008 x12=0x00000003
       63235000	      6224	8000432a	436d	c.li	x6,27	  x6=0x0000001b
       63245000	      6225	8000432c	41635633	sra	x12,x6,x22	  x6:0x0000001b x22:0x00000002 x12=0x00000006
       63255000	      6226	80004330	0ab2	c.slli	x21,0xc	 x21:0x00000000 x21=0x00000000
       63265000	      6227	80004332	8969	c.andi	x10,26	 x10:0x00000000 x10=0x00000000
       63275000	      6228	80004334	e90d3a13	sltiu	x20,x26,-368	 x26:0x0001d000 x20=0x00000001
       63285000	      6229	80004338	6e21	c.lui	x28,0x8	 x28=0x00008000
       63295000	      6230	8000433a	02c79d63	bne	x15,x12,80004374	 x15:0xfffffff4 x12:0x00000006
       63315000	      6232	80004374	01233e33	sltu	x28,x6,x18	  x6:0x0000001b x18:0x00000000 x28=0x00000000
       63685000	      6269	80004378	02f8f633	remu	x12,x17,x15	 x17:0x000007fb x15:0xfffffff4 x12=0x000007fb
       63695000	      6270	8000437c	31e7f037	lui	x0,0x31e7f	  x0=0x00000000
       63705000	      6271	80004380	0669	c.addi	x12,26	 x12:0x000007fb x12=0x00000815
       63715000	      6272	80004382	0ff0000f	fence	iorw,iorw	
       63725000	      6273	80004386	1084	c.addi4spn	x9,x2,96	  x9=0x0000005f
       63735000	      6274	80004388	0050b033	sltu	x0,x1,x5	  x1:0x00000008  x5:0x000003a3  x0=0x00000000
       63745000	      6275	8000438c	2e296d13	ori	x26,x18,738	 x18:0x00000000 x26=0x000002e2
       63755000	      6276	80004390	05a19063	bne	x3,x26,800043d0	  x3:0xffffffff x26:0x000002e2
       63805000	      6281	800043d0	02783633	mulhu	x12,x16,x7	 x16:0x00000000  x7:0x00000000 x12=0x00000000
       63815000	      6282	800043d4	32dcc893	xori	x17,x25,813	 x25:0x80025ce4 x17=0x80025fc9
       63825000	      6283	800043d8	003d9293	slli	x5,x27,0x3	 x27:0x80025c5e  x5=0x0012e2f0
       63835000	      6284	800043dc	0001	c.addi	x0,0	  x0:0x00000000  x0=0x00000000
       63845000	      6285	800043de	401ad933	sra	x18,x21,x1	 x21:0x00000000  x1:0x00000008 x18=0x00000000
       63855000	      6286	800043e2	407484b3	sub	x9,x9,x7	  x9:0x0000005f  x7:0x00000000  x9=0x0000005f
       63865000	      6287	800043e6	0001	c.addi	x0,0	  x0:0x00000000  x0=0x00000000
       63875000	      6288	800043e8	d6d0f837	lui	x16,0xd6d0f	 x16=0xd6d0f000
       63885000	      6289	800043ec	009a0433	add	x8,x20,x9	 x20:0x00000001  x9:0x0000005f  x8=0x00000060
       63895000	      6290	800043f0	01acd133	srl	x2,x25,x26	 x25:0x80025ce4 x26:0x000002e2  x2=0x20009739
       63905000	      6291	800043f4	01c74663	blt	x14,x28,80004400	 x14:0xffffffff x28:0x00000000
       63925000	      6293	80004400	9c3a	c.add	x24,x14	 x24:0x00000000 x14:0xffffffff x24=0xffffffff
       63935000	      6294	80004402	651d	c.lui	x10,0x7	 x10=0x00007000
       63945000	      6295	80004404	9e72	c.add	x28,x28	 x28:0x00000000 x28:0x00000000 x28=0x00000000
       63955000	      6296	80004406	0000100f	fence.i	
       64345000	      6335	8000440a	033868b3	rem	x17,x16,x19	 x16:0xd6d0f000 x19:0x80021df8 x17=0xd6d0f000
       64355000	      6336	8000440e	047bf163	bgeu	x23,x7,80004450	 x23:0x0004b9c8  x7:0x00000000
       64375000	      6338	80004450	00b504b3	add	x9,x10,x11	 x10:0x00007000 x11:0x02fbe880  x9=0x02fc5880
       64385000	      6339	80004454	67747e93	andi	x29,x8,1655	  x8:0x00000060 x29=0x00000060
       64395000	      6340	80004458	8e9d	c.sub	x13,x15	 x13:0x00000000 x15:0xfffffff4 x13=0x0000000c
       64765000	      6377	8000445a	031aff33	remu	x30,x21,x17	 x21:0x00000000 x17:0xd6d0f000 x30=0x00000000
       64775000	      6378	8000445e	2bc76593	ori	x11,x14,700	 x14:0xffffffff x11=0xffffffff
       64785000	      6379	80004462	8c5d	c.or	x8,x15	  x8:0x00000060 x15:0xfffffff4  x8=0xfffffff4
       64795000	      6380	80004464	458d	c.li	x11,3	 x11=0x00000003
       64805000	      6381	80004466	016a9613	slli	x12,x21,0x16	 x21:0x00000000 x12=0x00000000
       65175000	      6418	8000446a	0372c533	div	x10,x5,x23	  x5:0x0012e2f0 x23:0x0004b9c8 x10=0x00000003
       65185000	      6419	8000446e	e73b2213	slti	x4,x22,-397	 x22:0x00000002  x4=0x00000000
       65195000	      6420	80004472	0000100f	fence.i	
       65225000	      6423	80004476	008adeb3	srl	x29,x21,x8	 x21:0x00000000  x8:0xfffffff4 x29=0x00000000
       65235000	      6424	8000447a	0184fbb3	and	x23,x9,x24	  x9:0x02fc5880 x24:0xffffffff x23=0x02fc5880
       65245000	      6425	8000447e	81fd	c.srli	x11,0x1f	 x11:0x00000003 x11=0x00000000
       65615000	      6462	80004480	02596db3	rem	x27,x18,x5	 x18:0x00000000  x5:0x0012e2f0 x27=0x00000000
       65625000	      6463	80004484	01606533	or	x10,x0,x22	  x0:0x00000000 x22:0x00000002 x10=0x00000002
       65635000	      6464	80004488	841e	c.mv	x8,x7	  x0:0x00000000  x7:0x00000000  x8=0x00000000
       65645000	      6465	8000448a	b4a82d13	slti	x26,x16,-1206	 x16:0xd6d0f000 x26=0x00000001
       65655000	      6466	8000448e	018f1593	slli	x11,x30,0x18	 x30:0x00000000 x11=0x00000000
       65665000	      6467	80004492	409bd693	srai	x13,x23,0x9	 x23:0x02fc5880 x13=0x00017e2c
       65675000	      6468	80004496	51fd	c.li	x3,-1	  x3=0xffffffff
       65685000	      6469	80004498	00411133	sll	x2,x2,x4	  x2:0x20009739  x4:0x00000000  x2=0x20009739
       65695000	      6470	8000449c	00ce1f63	bne	x28,x12,800044ba	 x28:0x00000000 x12:0x00000000
       65705000	      6471	800044a0	a771ef17	auipc	x30,0xa771e	 x30=0x277224a0
       65715000	      6472	800044a4	049f7063	bgeu	x30,x9,800044e4	 x30:0x277224a0  x9:0x02fc5880
       65735000	      6474	800044e4	e285	c.bnez	x13,80004504	 x13:0x00017e2c
       65785000	      6479	80004504	0313af33	mulhsu	x30,x7,x17	  x7:0x00000000 x17:0xd6d0f000 x30=0x00000000
       66155000	      6516	80004508	034de133	rem	x2,x27,x20	 x27:0x00000000 x20:0x00000001  x2=0x00000000
       66165000	      6517	8000450c	739de393	ori	x7,x27,1849	 x27:0x00000000  x7=0x00000739
       66175000	      6518	80004510	091a	c.slli	x18,0x6	 x18:0x00000000 x18=0x00000000
       66185000	      6519	80004512	0116b1b3	sltu	x3,x13,x17	 x13:0x00017e2c x17:0xd6d0f000  x3=0x00000001
       66195000	      6520	80004516	0001	c.addi	x0,0	  x0:0x00000000  x0=0x00000000
       66565000	      6557	80004518	0291c633	div	x12,x3,x9	  x3:0x00000001  x9:0x02fc5880 x12=0x00000000
       66575000	      6558	8000451c	0001	c.addi	x0,0	  x0:0x00000000  x0=0x00000000
       66585000	      6559	8000451e	4113db13	srai	x22,x7,0x11	  x7:0x00000739 x22=0x00000000
       66595000	      6560	80004522	8e1d	c.sub	x12,x15	 x12:0x00000000 x15:0xfffffff4 x12=0x0000000c
       66605000	      6561	80004524	07573193	sltiu	x3,x14,117	 x14:0xffffffff  x3=0x00000000
       66615000	      6562	80004528	84cd6093	ori	x1,x26,-1972	 x26:0x00000001  x1=0xfffff84d
       66625000	      6563	8000452c	0000100f	fence.i	
       66645000	      6565	80004530	8151	c.srli	x10,0x14	 x10:0x00000002 x10=0x00000000
       66655000	      6566	80004532	814e	c.mv	x2,x19	  x0:0x00000000 x19:0x80021df8  x2=0x80021df8
       66665000	      6567	80004534	00533333	sltu	x6,x6,x5	  x6:0x0000001b  x5:0x0012e2f0  x6=0x00000001
       66675000	      6568	80004538	01f9a933	slt	x18,x19,x31	 x19:0x80021df8 x31:0x0000000b x18=0x00000001
       66685000	      6569	8000453c	0b84	c.addi4spn	x9,x2,464	  x9=0x80021fc8
       66695000	      6570	8000453e	0143d493	srli	x9,x7,0x14	  x7:0x00000739  x9=0x00000000
       67065000	      6607	80004542	03706a33	rem	x20,x0,x23	  x0:0x00000000 x23:0x02fc5880 x20=0x00000000
       67075000	      6608	80004546	1e7d	c.addi	x28,-1	 x28:0x00000000 x28=0xffffffff
       67445000	      6645	80004548	02647033	remu	x0,x8,x6	  x8:0x00000000  x6:0x00000001  x0=0x00000000
       67455000	      6646	8000454c	8846	c.mv	x16,x17	  x0:0x00000000 x17:0xd6d0f000 x16=0xd6d0f000
       67465000	      6647	8000454e	0001	c.addi	x0,0	  x0:0x00000000  x0=0x00000000
       67475000	      6648	80004550	00f96a33	or	x20,x18,x15	 x18:0x00000001 x15:0xfffffff4 x20=0xfffffff5
       67485000	      6649	80004554	007f1933	sll	x18,x30,x7	 x30:0x00000000  x7:0x00000739 x18=0x00000000
       67495000	      6650	80004558	97b2	c.add	x15,x12	 x15:0xfffffff4 x12:0x0000000c x15=0x00000000
       67505000	      6651	8000455a	01da35b3	sltu	x11,x20,x29	 x20:0xfffffff5 x29:0x00000000 x11=0x00000000
       67545000	      6655	8000455e	03f8ad33	mulhsu	x26,x17,x31	 x17:0xd6d0f000 x31:0x0000000b x26=0xfffffffe
       67555000	      6656	80004562	8f05	c.sub	x14,x9	 x14:0xffffffff  x9:0x00000000 x14=0xffffffff
       67565000	      6657	80004564	4020d5b3	sra	x11,x1,x2	  x1:0xfffff84d  x2:0x80021df8 x11=0xffffffff
       67575000	      6658	80004568	987d	c.andi	x8,-1	  x8:0x00000000  x8=0x00000000
       67585000	      6659	8000456a	1d00	c.addi4spn	x8,x2,688	  x8=0x800220a8
       67625000	      6663	8000456c	03492e33	mulhsu	x28,x18,x20	 x18:0x00000000 x20:0xfffffff5 x28=0x00000000
       67635000	      6664	80004570	00bb7663	bgeu	x22,x11,8000457c	 x22:0x00000000 x11:0xffffffff
       67645000	      6665	80004574	b61d2613	slti	x12,x26,-1183	 x26:0xfffffffe x12=0x00000000
       67655000	      6666	80004578	b33abd13	sltiu	x26,x21,-1229	 x21:0x00000000 x26=0x00000001
       67665000	      6667	8000457c	d1e67493	andi	x9,x12,-738	 x12:0x00000000  x9=0x00000000
       67675000	      6668	80004580	8edd	c.or	x13,x15	 x13:0x00017e2c x15:0x00000000 x13=0x00017e2c
       67685000	      6669	80004582	ce994db7	lui	x27,0xce994	 x27=0xce994000
       67705000	      6671	80004586	02014833	div	x16,x2,x0	  x2:0x80021df8  x0:0x00000000 x16=0xffffffff
       67715000	      6672	8000458a	4a89	c.li	x21,2	 x21=0x00000002
       67745000	      6675	8000458c	03b180b3	mul	x1,x3,x27	  x3:0x00000000 x27:0xce994000  x1=0x00000000
       67755000	      6676	80004590	37584913	xori	x18,x16,885	 x16:0xffffffff x18=0xfffffc8a
       67765000	      6677	80004594	01153933	sltu	x18,x10,x17	 x10:0x00000000 x17:0xd6d0f000 x18=0x00000001
       67775000	      6678	80004598	01a66db3	or	x27,x12,x26	 x12:0x00000000 x26:0x00000001 x27=0x00000001
       67785000	      6679	8000459c	c209	c.beqz	x12,8000459e	 x12:0x00000000
       67815000	      6682	8000459e	00b755b3	srl	x11,x14,x11	 x14:0xffffffff x11:0xffffffff x11=0x00000001
       67825000	      6683	800045a2	ea89	c.bnez	x13,800045b4	 x13:0x00017e2c
       67855000	      6686	800045b4	020e5633	divu	x12,x28,x0	 x28:0x00000000  x0:0x00000000 x12=0xffffffff
       67865000	      6687	800045b8	869d	c.srai	x13,0x7	 x13:0x00017e2c x13=0x000002fc
       67875000	      6688	800045ba	400801b3	sub	x3,x16,x0	 x16:0xffffffff  x0:0x00000000  x3=0xffffffff
       67885000	      6689	800045be	88aa	c.mv	x17,x10	  x0:0x00000000 x10:0x00000000 x17=0x00000000
       67895000	      6690	800045c0	0ff0000f	fence	iorw,iorw	
       67905000	      6691	800045c4	00d46863	bltu	x8,x13,800045d4	  x8:0x800220a8 x13:0x000002fc
       67915000	      6692	800045c8	07d58113	addi	x2,x11,125	 x11:0x00000001  x2=0x0000007e
       67925000	      6693	800045cc	0191a5b3	slt	x11,x3,x25	  x3:0xffffffff x25:0x80025ce4 x11=0x00000000
       67935000	      6694	800045d0	40892f13	slti	x30,x18,1032	 x18:0x00000001 x30=0x00000001
       67945000	      6695	800045d4	41320e33	sub	x28,x4,x19	  x4:0x00000000 x19:0x80021df8 x28=0x7ffde208
       67955000	      6696	800045d8	4099d933	sra	x18,x19,x9	 x19:0x80021df8  x9:0x00000000 x18=0x80021df8
       67965000	      6697	800045dc	8b310593	addi	x11,x2,-1869	  x2:0x0000007e x11=0xfffff931
       67975000	      6698	800045e0	004f9133	sll	x2,x31,x4	 x31:0x0000000b  x4:0x00000000  x2=0x0000000b
       67985000	      6699	800045e4	8d8d	c.sub	x11,x11	 x11:0xfffff931 x11:0xfffff931 x11=0x00000000
       67995000	      6700	800045e6	00b12633	slt	x12,x2,x11	  x2:0x0000000b x11:0x00000000 x12=0x00000000
       68005000	      6701	800045ea	000af363	bgeu	x21,x0,800045f0	 x21:0x00000002  x0:0x00000000
       68025000	      6703	800045f0	01c91f33	sll	x30,x18,x28	 x18:0x80021df8 x28:0x7ffde208 x30=0x021df800
       68035000	      6704	800045f4	00801f33	sll	x30,x0,x8	  x0:0x00000000  x8:0x800220a8 x30=0x00000000
       68075000	      6708	800045f8	03ec90b3	mulh	x1,x25,x30	 x25:0x80025ce4 x30:0x00000000  x1=0x00000000
       68085000	      6709	800045fc	0001	c.addi	x0,0	  x0:0x00000000  x0=0x00000000
       68095000	      6710	800045fe	9af2	c.add	x21,x28	 x21:0x00000002 x28:0x7ffde208 x21=0x7ffde20a
       68105000	      6711	80004600	00989633	sll	x12,x17,x9	 x17:0x00000000  x9:0x00000000 x12=0x00000000
       68135000	      6714	80004604	02ba85b3	mul	x11,x21,x11	 x21:0x7ffde20a x11:0x00000000 x11=0x00000000
       68145000	      6715	80004608	00678eb3	add	x29,x15,x6	 x15:0x00000000  x6:0x00000001 x29=0x00000001
       68155000	      6716	8000460c	8d6a	c.mv	x26,x26	  x0:0x00000000 x26:0x00000001 x26=0x00000001
       68165000	      6717	8000460e	04bf4263	blt	x30,x11,80004652	 x30:0x00000000 x11:0x00000000
       68175000	      6718	80004612	0000100f	fence.i	
       68205000	      6721	80004616	962b7913	andi	x18,x22,-1694	 x22:0x00000000 x18=0x00000000
       68215000	      6722	8000461a	007a1f13	slli	x30,x20,0x7	 x20:0xfffffff5 x30=0xfffffa80
       68225000	      6723	8000461e	414f83b3	sub	x7,x31,x20	 x31:0x0000000b x20:0xfffffff5  x7=0x00000016
       68235000	      6724	80004622	8e25	c.xor	x12,x9	 x12:0x00000000  x9:0x00000000 x12=0x00000000
       68245000	      6725	80004624	6e39	c.lui	x28,0xe	 x28=0x0000e000
       68255000	      6726	80004626	8d1e	c.mv	x26,x7	  x0:0x00000000  x7:0x00000016 x26=0x00000016
       68265000	      6727	80004628	40fadab3	sra	x21,x21,x15	 x21:0x7ffde20a x15:0x00000000 x21=0x7ffde20a
       68635000	      6764	8000462c	025666b3	rem	x13,x12,x5	 x12:0x00000000  x5:0x0012e2f0 x13=0x00000000
       68645000	      6765	80004630	00bc5633	srl	x12,x24,x11	 x24:0xffffffff x11:0x00000000 x12=0xffffffff
       68655000	      6766	80004634	8d1e	c.mv	x26,x7	  x0:0x00000000  x7:0x00000016 x26=0x00000016
       68665000	      6767	80004636	e01d	c.bnez	x8,8000465c	  x8:0x800220a8
       68685000	      6769	8000465c	9d70ed93	ori	x27,x1,-1577	  x1:0x00000000 x27=0xfffff9d7
       68705000	      6771	80004660	02924933	div	x18,x4,x9	  x4:0x00000000  x9:0x00000000 x18=0xffffffff
       68715000	      6772	80004664	013e9b63	bne	x29,x19,8000467a	 x29:0x00000001 x19:0x80021df8
       68735000	      6774	8000467a	8099	c.srli	x9,0x6	  x9:0x00000000  x9=0x00000000
       68745000	      6775	8000467c	eb9d	c.bnez	x15,800046b2	 x15:0x00000000
       68755000	      6776	8000467e	0436b613	sltiu	x12,x13,67	 x13:0x00000000 x12=0x00000001
       68765000	      6777	80004682	018b9db3	sll	x27,x23,x24	 x23:0x02fc5880 x24:0xffffffff x27=0x00000000
       68795000	      6780	80004686	03160e33	mul	x28,x12,x17	 x12:0x00000001 x17:0x00000000 x28=0x00000000
       68805000	      6781	8000468a	fb0b3737	lui	x14,0xfb0b3	 x14=0xfb0b3000
       68815000	      6782	8000468e	8fd1	c.or	x15,x12	 x15:0x00000000 x12:0x00000001 x15=0x00000001
       68825000	      6783	80004690	8925	c.andi	x10,9	 x10:0x00000000 x10=0x00000000
       68835000	      6784	80004692	0058af33	slt	x30,x17,x5	 x17:0x00000000  x5:0x0012e2f0 x30=0x00000001
       68845000	      6785	80004696	0000100f	fence.i	
       68865000	      6787	8000469a	c399	c.beqz	x15,800046a0	 x15:0x00000001
       68875000	      6788	8000469c	008462b3	or	x5,x8,x8	  x8:0x800220a8  x8:0x800220a8  x5=0x800220a8
       68885000	      6789	800046a0	02f2	c.slli	x5,0x1c	  x5:0x800220a8  x5=0x80000000
       68895000	      6790	800046a2	1d18	c.addi4spn	x14,x2,688	 x14=0x000002bb
       68905000	      6791	800046a4	8f31	c.xor	x14,x12	 x14:0x000002bb x12:0x00000001 x14=0x000002ba
       68915000	      6792	800046a6	682b37b7	lui	x15,0x682b3	 x15=0x682b3000
       68925000	      6793	800046aa	52fd	c.li	x5,-1	  x5=0xffffffff
       68935000	      6794	800046ac	02735a63	bge	x6,x7,800046e0	  x6:0x00000001  x7:0x00000016
       68945000	      6795	800046b0	091e	c.slli	x18,0x7	 x18:0xffffffff x18=0xffffff80
       68955000	      6796	800046b2	85c9	c.srai	x11,0x12	 x11:0x00000000 x11=0x00000000
       68965000	      6797	800046b4	4055d693	srai	x13,x11,0x5	 x11:0x00000000 x13=0x00000000
       69005000	      6801	800046b8	02533db3	mulhu	x27,x6,x5	  x6:0x00000001  x5:0xffffffff x27=0x00000000
       69015000	      6802	800046bc	1d7d	c.addi	x26,-1	 x26:0x00000016 x26=0x00000015
       69025000	      6803	800046be	09dc2d13	slti	x26,x24,157	 x24:0xffffffff x26=0x00000001
       69035000	      6804	800046c2	1a08	c.addi4spn	x10,x2,304	 x10=0x0000013b
       69045000	      6805	800046c4	8f49	c.or	x14,x10	 x14:0x000002ba x10:0x0000013b x14=0x000003bb
       69055000	      6806	800046c6	8390c013	xori	x0,x1,-1991	  x1:0x00000000  x0=0x00000000
       69065000	      6807	800046ca	8f4a	c.mv	x30,x18	  x0:0x00000000 x18:0xffffff80 x30=0xffffff80
       69075000	      6808	800046cc	0001	c.addi	x0,0	  x0:0x00000000  x0=0x00000000
       69115000	      6812	800046ce	022f26b3	mulhsu	x13,x30,x2	 x30:0xffffff80  x2:0x0000000b x13=0xffffffff
       69125000	      6813	800046d2	825e	c.mv	x4,x23	  x0:0x00000000 x23:0x02fc5880  x4=0x02fc5880
       69135000	      6814	800046d4	01ebbc33	sltu	x24,x23,x30	 x23:0x02fc5880 x30:0xffffff80 x24=0x00000001
       69145000	      6815	800046d8	dab90697	auipc	x13,0xdab90	 x13=0x5ab946d8
       69155000	      6816	800046dc	f81003b7	lui	x7,0xf8100	  x7=0xf8100000
       69525000	      6853	800046e0	025c67b3	rem	x15,x24,x5	 x24:0x00000001  x5:0xffffffff x15=0x00000000
       69535000	      6854	800046e4	0bf6	c.slli	x23,0x1d	 x23:0x02fc5880 x23=0x00000000
       69545000	      6855	800046e6	9372	c.add	x6,x28	  x6:0x00000001 x28:0x00000000  x6=0x00000001
       69555000	      6856	800046e8	8159	c.srli	x10,0x16	 x10:0x0000013b x10=0x00000000
       69565000	      6857	800046ea	a7da3c13	sltiu	x24,x20,-1411	 x20:0xfffffff5 x24=0x00000000
       69575000	      6858	800046ee	0001	c.addi	x0,0	  x0:0x00000000  x0=0x00000000
       69605000	      6861	800046f0	02520533	mul	x10,x4,x5	  x4:0x02fc5880  x5:0xffffffff x10=0xfd03a780
       69615000	      6862	800046f4	717d	c.addi16sp	x2,-16	  x2:0x0000000b  x2=0xfffffffb
       69625000	      6863	800046f6	1580	c.addi4spn	x8,x2,736	  x8=0x000002db
       69665000	      6867	800046f8	02c8b333	mulhu	x6,x17,x12	 x17:0x00000000 x12:0x00000001  x6=0x00000000
       69675000	      6868	800046fc	0ff0000f	fence	iorw,iorw	
       69685000	      6869	80004700	98fd	c.andi	x9,-1	  x9:0x00000000  x9=0x00000000
       69695000	      6870	80004702	0d91	c.addi	x27,4	 x27:0x00000000 x27=0x00000004
       69705000	      6871	80004704	010423b3	slt	x7,x8,x16	  x8:0x000002db x16:0xffffffff  x7=0x00000000
       69715000	      6872	80004708	0ff0000f	fence	iorw,iorw	
       70085000	      6909	8000470c	03f24f33	div	x30,x4,x31	  x4:0x02fc5880 x31:0x0000000b x30=0x00457c68
       70455000	      6946	80004710	034be033	rem	x0,x23,x20	 x23:0x00000000 x20:0xfffffff5  x0=0x00000000
       70465000	      6947	80004714	01230a33	add	x20,x6,x18	  x6:0x00000000 x18:0xffffff80 x20=0xffffff80
       70475000	      6948	80004718	1f7d	c.addi	x30,-1	 x30:0x00457c68 x30=0x00457c67
       70485000	      6949	8000471a	01e96f33	or	x30,x18,x30	 x18:0xffffff80 x30:0x00457c67 x30=0xffffffe7
       70495000	      6950	8000471e	614d	c.addi16sp	x2,176	  x2:0xfffffffb  x2=0x000000ab
       70505000	      6951	80004720	00d3f463	bgeu	x7,x13,80004728	  x7:0x00000000 x13:0x5ab946d8
       70515000	      6952	80004724	82a9	c.srli	x13,0xa	 x13:0x5ab946d8 x13=0x0016ae51
       70525000	      6953	80004726	ca1d	c.beqz	x12,8000475c	 x12:0x00000001
       70535000	      6954	80004728	8d89	c.sub	x11,x10	 x11:0x00000000 x10:0xfd03a780 x11=0x02fc5880
       70545000	      6955	8000472a	0e55	c.addi	x28,21	 x28:0x00000000 x28=0x00000015
       70555000	      6956	8000472c	03ef6663	bltu	x30,x30,80004758	 x30:0xffffffe7 x30:0xffffffe7
       70565000	      6957	80004730	00b85913	srli	x18,x16,0xb	 x16:0xffffffff x18=0x001fffff
       70605000	      6961	80004734	026915b3	mulh	x11,x18,x6	 x18:0x001fffff  x6:0x00000000 x11=0x00000000
       70615000	      6962	80004738	07b9	c.addi	x15,14	 x15:0x00000000 x15=0x0000000e
       70655000	      6966	8000473a	0288bab3	mulhu	x21,x17,x8	 x17:0x00000000  x8:0x000002db x21=0x00000000
       70665000	      6967	8000473e	e9c34793	xori	x15,x6,-356	  x6:0x00000000 x15=0xfffffe9c
       70675000	      6968	80004742	65a1	c.lui	x11,0x8	 x11=0x00008000
       70685000	      6969	80004744	02191b63	bne	x18,x1,8000477a	 x18:0x001fffff  x1:0x00000000
       70715000	      6972	8000477a	40fcd113	srai	x2,x25,0xf	 x25:0x80025ce4  x2=0xffff0004
       70725000	      6973	8000477e	9a46	c.add	x20,x17	 x20:0xffffff80 x17:0x00000000 x20=0xffffff80
       70735000	      6974	80004780	e711	c.bnez	x14,8000478c	 x14:0x000003bb
       70755000	      6976	8000478c	01dd7f33	and	x30,x26,x29	 x26:0x00000001 x29:0x00000001 x30=0x00000001
       70765000	      6977	80004790	c691e493	ori	x9,x3,-919	  x3:0xffffffff  x9=0xffffffff
       70775000	      6978	80004794	05a0c263	blt	x1,x26,800047d8	  x1:0x00000000 x26:0x00000001
       70795000	      6980	800047d8	01363a33	sltu	x20,x12,x19	 x12:0x00000001 x19:0x80021df8 x20=0x00000001
       70805000	      6981	800047dc	8e45	c.or	x12,x9	 x12:0x00000001  x9:0xffffffff x12=0xffffffff
       70815000	      6982	800047de	012e9763	bne	x29,x18,800047ec	 x29:0x00000001 x18:0x001fffff
       70835000	      6984	800047ec	8ee1	c.and	x13,x8	 x13:0x0016ae51  x8:0x000002db x13=0x00000251
       70845000	      6985	800047ee	8152	c.mv	x2,x20	  x0:0x00000000 x20:0x00000001  x2=0x00000001
       70855000	      6986	800047f0	0001	c.addi	x0,0	  x0:0x00000000  x0=0x00000000
       71225000	      7023	800047f2	02d2d833	divu	x16,x5,x13	  x5:0xffffffff x13:0x00000251 x16=0x006e8419
       71235000	      7024	800047f6	7028a493	slti	x9,x17,1794	 x17:0x00000000  x9=0x00000001
       71245000	      7025	800047fa	0ff0000f	fence	iorw,iorw	
       71255000	      7026	800047fe	00a4d033	srl	x0,x9,x10	  x9:0x00000001 x10:0xfd03a780  x0=0x00000000
       71265000	      7027	80004802	62443317	auipc	x6,0x62443	  x6=0xe2447802
       71275000	      7028	80004806	011c9093	slli	x1,x25,0x11	 x25:0x80025ce4  x1=0xb9c80000
       71285000	      7029	8000480a	0001	c.addi	x0,0	  x0:0x00000000  x0=0x00000000
       71295000	      7030	8000480c	016b77b3	and	x15,x22,x22	 x22:0x00000000 x22:0x00000000 x15=0x00000000
       71305000	      7031	80004810	04081063	bne	x16,x0,80004850	 x16:0x006e8419  x0:0x00000000
       71325000	      7033	80004850	0001	c.addi	x0,0	  x0:0x00000000  x0=0x00000000
       71335000	      7034	80004852	ef09	c.bnez	x14,8000486c	 x14:0x000003bb
       71355000	      7036	8000486c	00c5d713	srli	x14,x11,0xc	 x11:0x00008000 x14=0x00000008
       71395000	      7040	80004870	03c41533	mulh	x10,x8,x28	  x8:0x000002db x28:0x00000015 x10=0x00000000
       71405000	      7041	80004874	641d	c.lui	x8,0x7	  x8=0x00007000
       71415000	      7042	80004876	049c	c.addi4spn	x15,x2,576	 x15=0x00000241
       71425000	      7043	80004878	010dff63	bgeu	x27,x16,80004896	 x27:0x00000004 x16:0x006e8419
       71435000	      7044	8000487c	8c65	c.and	x8,x9	  x8:0x00007000  x9:0x00000001  x8=0x00000000
       71445000	      7045	8000487e	0672b693	sltiu	x13,x5,103	  x5:0xffffffff x13=0x00000000
       71455000	      7046	80004882	0001	c.addi	x0,0	  x0:0x00000000  x0=0x00000000
       71495000	      7050	80004884	029fa733	mulhsu	x14,x31,x9	 x31:0x0000000b  x9:0x00000001 x14=0x00000000
       71505000	      7051	80004888	9b562593	slti	x11,x12,-1611	 x12:0xffffffff x11=0x00000000
       71545000	      7055	8000488c	0244b133	mulhu	x2,x9,x4	  x9:0x00000001  x4:0x02fc5880  x2=0x00000000
       71915000	      7092	80004890	03024433	div	x8,x4,x16	  x4:0x02fc5880 x16:0x006e8419  x8=0x00000006
       71925000	      7093	80004894	717d	c.addi16sp	x2,-16	  x2:0x00000000  x2=0xfffffff0
       71935000	      7094	80004896	05f11363	bne	x2,x31,800048dc	  x2:0xfffffff0 x31:0x0000000b
       71955000	      7096	800048dc	8d52	c.mv	x26,x20	  x0:0x00000000 x20:0x00000001 x26=0x00000001
       71965000	      7097	800048de	7c479717	auipc	x14,0x7c479	 x14=0xfc47d8de
       71975000	      7098	800048e2	8f71	c.and	x14,x12	 x14:0xfc47d8de x12:0xffffffff x14=0xfc47d8de
       71985000	      7099	800048e4	0001	c.addi	x0,0	  x0:0x00000000  x0=0x00000000
       71995000	      7100	800048e6	0000100f	fence.i	
       72025000	      7103	800048ea	013c61b3	or	x3,x24,x19	 x24:0x00000000 x19:0x80021df8  x3=0x80021df8
       72035000	      7104	800048ee	40435f33	sra	x30,x6,x4	  x6:0xe2447802  x4:0x02fc5880 x30=0xe2447802
       72045000	      7105	800048f2	01c45d93	srli	x27,x8,0x1c	  x8:0x00000006 x27=0x00000000
       72055000	      7106	800048f6	01595733	srl	x14,x18,x21	 x18:0x001fffff x21:0x00000000 x14=0x001fffff
       72065000	      7107	800048fa	6131	c.addi16sp	x2,320	  x2:0xfffffff0  x2=0x00000130
       72075000	      7108	800048fc	41a10c33	sub	x24,x2,x26	  x2:0x00000130 x26:0x00000001 x24=0x0000012f
       72085000	      7109	80004900	c98d	c.beqz	x11,80004932	 x11:0x00000000
       72105000	      7111	80004932	8471	c.srai	x8,0x1c	  x8:0x00000006  x8=0x00000000
       72145000	      7115	80004934	02b925b3	mulhsu	x11,x18,x11	 x18:0x001fffff x11:0x00000000 x11=0x00000000
       72155000	      7116	80004938	05e49163	bne	x9,x30,8000497a	  x9:0x00000001 x30:0xe2447802
       72185000	      7119	8000497a	008c8c33	add	x24,x25,x8	 x25:0x80025ce4  x8:0x00000000 x24=0x80025ce4
       72195000	      7120	8000497e	0118	c.addi4spn	x14,x2,128	 x14=0x000001b0
       72225000	      7123	80004980	034c0333	mul	x6,x24,x20	 x24:0x80025ce4 x20:0x00000001  x6=0x80025ce4
       72235000	      7124	80004984	003997b3	sll	x15,x19,x3	 x19:0x80021df8  x3:0x80021df8 x15=0xf8000000
       72245000	      7125	80004988	c319	c.beqz	x14,8000498e	 x14:0x000001b0
       72255000	      7126	8000498a	0078d2b3	srl	x5,x17,x7	 x17:0x00000000  x7:0x00000000  x5=0x00000000
       72265000	      7127	8000498e	0c4e	c.slli	x24,0x13	 x24:0x80025ce4 x24=0xe7200000
       72275000	      7128	80004990	0ee5	c.addi	x29,25	 x29:0x00000001 x29=0x0000001a
       72295000	      7130	80004992	036f53b3	divu	x7,x30,x22	 x30:0xe2447802 x22:0x00000000  x7=0xffffffff
       72305000	      7131	80004996	82ca	c.mv	x5,x18	  x0:0x00000000 x18:0x001fffff  x5=0x001fffff
       72345000	      7135	80004998	02809233	mulh	x4,x1,x8	  x1:0xb9c80000  x8:0x00000000  x4=0x00000000
       72355000	      7136	8000499c	008f8563	beq	x31,x8,800049a6	 x31:0x0000000b  x8:0x00000000
       72365000	      7137	800049a0	0a26	c.slli	x20,0x9	 x20:0x00000001 x20=0x00000200
       72375000	      7138	800049a2	00283bb3	sltu	x23,x16,x2	 x16:0x006e8419  x2:0x00000130 x23=0x00000000
       72385000	      7139	800049a6	910e	c.add	x2,x3	  x2:0x00000130  x3:0x80021df8  x2=0x80021f28
       72425000	      7143	800049a8	037a9933	mulh	x18,x21,x23	 x21:0x00000000 x23:0x00000000 x18=0x00000000
       72455000	      7146	800049ac	03658533	mul	x10,x11,x22	 x11:0x00000000 x22:0x00000000 x10=0x00000000
       72465000	      7147	800049b0	c095	c.beqz	x9,800049d4	  x9:0x00000001
       72475000	      7148	800049b2	ca81	c.beqz	x13,800049c2	 x13:0x00000000
       72505000	      7151	800049c2	00d61663	bne	x12,x13,800049ce	 x12:0xffffffff x13:0x00000000
       72535000	      7154	800049ce	016a38b3	sltu	x17,x20,x22	 x20:0x00000200 x22:0x00000000 x17=0x00000000
       72545000	      7155	800049d2	8e1d	c.sub	x12,x15	 x12:0xffffffff x15:0xf8000000 x12=0x07ffffff
       72555000	      7156	800049d4	b0ea45b7	lui	x11,0xb0ea4	 x11=0xb0ea4000
       72565000	      7157	800049d8	016fc0b3	xor	x1,x31,x22	 x31:0x0000000b x22:0x00000000  x1=0x0000000b
       72575000	      7158	800049dc	39162893	slti	x17,x12,913	 x12:0x07ffffff x17=0x00000000
       72585000	      7159	800049e0	83f5	c.srli	x15,0x1d	 x15:0xf8000000 x15=0x00000007
       72595000	      7160	800049e2	015c2333	slt	x6,x24,x21	 x24:0xe7200000 x21:0x00000000  x6=0x00000001
       72605000	      7161	800049e6	016e5f63	bge	x28,x22,80004a04	 x28:0x00000015 x22:0x00000000
       72635000	      7164	80004a04	0325fe33	remu	x28,x11,x18	 x11:0xb0ea4000 x18:0x00000000 x28=0xb0ea4000
       72645000	      7165	80004a08	c519	c.beqz	x10,80004a16	 x10:0x00000000
       72675000	      7168	80004a16	019f1d13	slli	x26,x30,0x19	 x30:0xe2447802 x26=0x04000000
       73045000	      7205	80004a1a	0232f4b3	remu	x9,x5,x3	  x5:0x001fffff  x3:0x80021df8  x9=0x001fffff
       73055000	      7206	80004a1e	039ae363	bltu	x21,x25,80004a44	 x21:0x00000000 x25:0x80025ce4
       73075000	      7208	80004a44	72ba8213	addi	x4,x21,1835	 x21:0x00000000  x4=0x0000072b
       73085000	      7209	80004a48	0001	c.addi	x0,0	  x0:0x00000000  x0=0x00000000
       73095000	      7210	80004a4a	4b9d	c.li	x23,7	 x23=0x00000007
       73105000	      7211	80004a4c	023e	c.slli	x4,0xf	  x4:0x0000072b  x4=0x03958000
       73475000	      7248	80004a4e	03c85db3	divu	x27,x16,x28	 x16:0x006e8419 x28:0xb0ea4000 x27=0x00000000
       73485000	      7249	80004a52	10fd	c.addi	x1,-1	  x1:0x0000000b  x1=0x0000000a
       73495000	      7250	80004a54	015ce463	bltu	x25,x21,80004a5c	 x25:0x80025ce4 x21:0x00000000
       73505000	      7251	80004a58	e391	c.bnez	x15,80004a5c	 x15:0x00000007
       73525000	      7253	80004a5c	00cd67b3	or	x15,x26,x12	 x26:0x04000000 x12:0x07ffffff x15=0x07ffffff
       73535000	      7254	80004a60	02a75a63	bge	x14,x10,80004a94	 x14:0x000001b0 x10:0x00000000
       73565000	      7257	80004a94	036cddb3	divu	x27,x25,x22	 x25:0x80025ce4 x22:0x00000000 x27=0xffffffff
       73575000	      7258	80004a98	017382b3	add	x5,x7,x23	  x7:0xffffffff x23:0x00000007  x5=0x00000006
       73585000	      7259	80004a9c	01f19033	sll	x0,x3,x31	  x3:0x80021df8 x31:0x0000000b  x0=0x00000000
       73595000	      7260	80004aa0	528ba713	slti	x14,x23,1320	 x23:0x00000007 x14=0x00000001
       73965000	      7297	80004aa4	037e78b3	remu	x17,x28,x23	 x28:0xb0ea4000 x23:0x00000007 x17=0x00000004
       73975000	      7298	80004aa8	c215	c.beqz	x12,80004acc	 x12:0x07ffffff
       73985000	      7299	80004aaa	03f2e763	bltu	x5,x31,80004ad8	  x5:0x00000006 x31:0x0000000b
       74005000	      7301	80004ad8	8eb1	c.xor	x13,x12	 x13:0x00000000 x12:0x07ffffff x13=0x07ffffff
       74015000	      7302	80004ada	8d99	c.sub	x11,x14	 x11:0xb0ea4000 x14:0x00000001 x11=0xb0ea3fff
       74385000	      7339	80004adc	0315fe33	remu	x28,x11,x17	 x11:0xb0ea3fff x17:0x00000004 x28=0x00000003
       74395000	      7340	80004ae0	40ca07b3	sub	x15,x20,x12	 x20:0x00000200 x12:0x07ffffff x15=0xf8000201
       74405000	      7341	80004ae4	b0a78693	addi	x13,x15,-1270	 x15:0xf8000201 x13=0xf7fffd0b
       74415000	      7342	80004ae8	01cbdd33	srl	x26,x23,x28	 x23:0x00000007 x28:0x00000003 x26=0x00000000
       74425000	      7343	80004aec	049e	c.slli	x9,0x7	  x9:0x001fffff  x9=0x0fffff80
       74435000	      7344	80004aee	01a8a5b3	slt	x11,x17,x26	 x17:0x00000004 x26:0x00000000 x11=0x00000000
       74445000	      7345	80004af2	8d41	c.or	x10,x8	 x10:0x00000000  x8:0x00000000 x10=0x00000000
       74455000	      7346	80004af4	02087e63	bgeu	x16,x0,80004b30	 x16:0x006e8419  x0:0x00000000
       74475000	      7348	80004b30	a9d26db7	lui	x27,0xa9d26	 x27=0xa9d26000
       74485000	      7349	80004b34	8599	c.srai	x11,0x6	 x11:0x00000000 x11=0x00000000
       74495000	      7350	80004b36	e489	c.bnez	x9,80004b40	  x9:0x0fffff80
       74515000	      7352	80004b40	0001	c.addi	x0,0	  x0:0x00000000  x0=0x00000000
       74525000	      7353	80004b42	8ea1	c.xor	x13,x8	 x13:0xf7fffd0b  x8:0x00000000 x13=0xf7fffd0b
       74535000	      7354	80004b44	0001	c.addi	x0,0	  x0:0x00000000  x0=0x00000000
       74545000	      7355	80004b46	01149db3	sll	x27,x9,x17	  x9:0x0fffff80 x17:0x00000004 x27=0xfffff800
       74915000	      7392	80004b4a	03d053b3	divu	x7,x0,x29	  x0:0x00000000 x29:0x0000001a  x7=0x00000000
       74925000	      7393	80004b4e	00df1ab3	sll	x21,x30,x13	 x30:0xe2447802 x13:0xf7fffd0b x21=0x23c01000
       74935000	      7394	80004b52	8a79	c.andi	x12,30	 x12:0x07ffffff x12=0x0000001e
       74945000	      7395	80004b54	8f0d	c.sub	x14,x11	 x14:0x00000001 x11:0x00000000 x14=0x00000001
       74955000	      7396	80004b56	0001	c.addi	x0,0	  x0:0x00000000  x0=0x00000000
       74965000	      7397	80004b58	c509	c.beqz	x10,80004b62	 x10:0x00000000
       74995000	      7400	80004b62	0017adb3	slt	x27,x15,x1	 x15:0xf8000201  x1:0x0000000a x27=0x00000001
       75005000	      7401	80004b66	8da1	c.xor	x11,x8	 x11:0x00000000  x8:0x00000000 x11=0x00000000
       75015000	      7402	80004b68	8d25	c.xor	x10,x9	 x10:0x00000000  x9:0x0fffff80 x10=0x0fffff80
       75025000	      7403	80004b6a	015e6863	bltu	x28,x21,80004b7a	 x28:0x00000003 x21:0x23c01000
       75045000	      7405	80004b7a	87f9	c.srai	x15,0x1e	 x15:0xf8000201 x15=0xffffffff
       75055000	      7406	80004b7c	8225	c.srli	x12,0x9	 x12:0x0000001e x12=0x00000000
       75065000	      7407	80004b7e	04305163	bge	x0,x3,80004bc0	  x0:0x00000000  x3:0x80021df8
       75085000	      7409	80004bc0	003ea5b3	slt	x11,x29,x3	 x29:0x0000001a  x3:0x80021df8 x11=0x00000000
       75455000	      7446	80004bc4	034e4133	div	x2,x28,x20	 x28:0x00000003 x20:0x00000200  x2=0x00000000
       75465000	      7447	80004bc8	01f79563	bne	x15,x31,80004bd2	 x15:0xffffffff x31:0x0000000b
       75485000	      7449	80004bd2	177d	c.addi	x14,-1	 x14:0x00000001 x14=0x00000000
       75495000	      7450	80004bd4	9ea44e13	xori	x28,x8,-1558	  x8:0x00000000 x28=0xfffff9ea
       75505000	      7451	80004bd8	01039e13	slli	x28,x7,0x10	  x7:0x00000000 x28=0x00000000
       75515000	      7452	80004bdc	8a71	c.andi	x12,28	 x12:0x00000000 x12=0x00000000
       75555000	      7456	80004bde	036fb3b3	mulhu	x7,x31,x22	 x31:0x0000000b x22:0x00000000  x7=0x00000000
       75565000	      7457	80004be2	8d51	c.or	x10,x12	 x10:0x0fffff80 x12:0x00000000 x10=0x0fffff80
       75575000	      7458	80004be4	009c8e33	add	x28,x25,x9	 x25:0x80025ce4  x9:0x0fffff80 x28=0x90025c64
       75585000	      7459	80004be8	00791033	sll	x0,x18,x7	 x18:0x00000000  x7:0x00000000  x0=0x00000000
       75595000	      7460	80004bec	014efc33	and	x24,x29,x20	 x29:0x0000001a x20:0x00000200 x24=0x00000000
       75605000	      7461	80004bf0	52fd	c.li	x5,-1	  x5=0xffffffff
       75615000	      7462	80004bf2	9646	c.add	x12,x17	 x12:0x00000000 x17:0x00000004 x12=0x00000004
       75625000	      7463	80004bf4	01f023b3	slt	x7,x0,x31	  x0:0x00000000 x31:0x0000000b  x7=0x00000001
       75635000	      7464	80004bf8	15fd	c.addi	x11,-1	 x11:0x00000000 x11=0xffffffff
       75645000	      7465	80004bfa	8ee9	c.and	x13,x10	 x13:0xf7fffd0b x10:0x0fffff80 x13=0x07fffd00
       75655000	      7466	80004bfc	8cd5	c.or	x9,x13	  x9:0x0fffff80 x13:0x07fffd00  x9=0x0fffff80
       75665000	      7467	80004bfe	8e99	c.sub	x13,x14	 x13:0x07fffd00 x14:0x00000000 x13=0x07fffd00
       75675000	      7468	80004c00	717d	c.addi16sp	x2,-16	  x2:0x00000000  x2=0xfffffff0
       75715000	      7472	80004c02	02af9533	mulh	x10,x31,x10	 x31:0x0000000b x10:0x0fffff80 x10=0x00000000
       75725000	      7473	80004c06	0ff0000f	fence	iorw,iorw	
       75735000	      7474	80004c0a	411ada33	sra	x20,x21,x17	 x21:0x23c01000 x17:0x00000004 x20=0x023c0100
       75745000	      7475	80004c0e	0ff0000f	fence	iorw,iorw	
       75755000	      7476	80004c12	00f25713	srli	x14,x4,0xf	  x4:0x03958000 x14=0x0000072b
       75765000	      7477	80004c16	0001	c.addi	x0,0	  x0:0x00000000  x0=0x00000000
       75775000	      7478	80004c18	00352bb3	slt	x23,x10,x3	 x10:0x00000000  x3:0x80021df8 x23=0x00000000
       75785000	      7479	80004c1c	6f51	c.lui	x30,0x14	 x30=0x00014000
       75795000	      7480	80004c1e	086a	c.slli	x16,0x1a	 x16:0x006e8419 x16=0x64000000
       75805000	      7481	80004c20	40518e33	sub	x28,x3,x5	  x3:0x80021df8  x5:0xffffffff x28=0x80021df9
       75815000	      7482	80004c24	48fd	c.li	x17,31	 x17=0x0000001f
       75825000	      7483	80004c26	03fa6a93	ori	x21,x20,63	 x20:0x023c0100 x21=0x023c013f
       75835000	      7484	80004c2a	8325	c.srli	x14,0x9	 x14:0x0000072b x14=0x00000003
       75845000	      7485	80004c2c	1804	c.addi4spn	x9,x2,48	  x9=0x00000020
       75885000	      7489	80004c2e	026c2bb3	mulhsu	x23,x24,x6	 x24:0x00000000  x6:0x00000001 x23=0x00000000
       75895000	      7490	80004c32	80da	c.mv	x1,x22	  x0:0x00000000 x22:0x00000000  x1=0x00000000
       75905000	      7491	80004c34	01b7d593	srli	x11,x15,0x1b	 x15:0xffffffff x11=0x0000001f
       75915000	      7492	80004c38	0d26	c.slli	x26,0x9	 x26:0x00000000 x26=0x00000000
       75925000	      7493	80004c3a	8da5	c.xor	x11,x9	 x11:0x0000001f  x9:0x00000020 x11=0x0000003f
       75935000	      7494	80004c3c	7b478493	addi	x9,x15,1972	 x15:0xffffffff  x9=0x000007b3
       75945000	      7495	80004c40	717d	c.addi16sp	x2,-16	  x2:0xfffffff0  x2=0xffffffe0
       75985000	      7499	80004c42	02959933	mulh	x18,x11,x9	 x11:0x0000003f  x9:0x000007b3 x18=0x00000000
       76025000	      7503	80004c46	03f3a933	mulhsu	x18,x7,x31	  x7:0x00000001 x31:0x0000000b x18=0x00000000
       76045000	      7505	80004c4a	038944b3	div	x9,x18,x24	 x18:0x00000000 x24:0x00000000  x9=0xffffffff
       76055000	      7506	80004c4e	40bcd8b3	sra	x17,x25,x11	 x25:0x80025ce4 x11:0x0000003f x17=0xffffffff
       76065000	      7507	80004c52	ef15	c.bnez	x14,80004c8e	 x14:0x00000003
       76085000	      7509	80004c8e	5a7d	c.li	x20,-1	 x20=0xffffffff
       76095000	      7510	80004c90	02a2ca63	blt	x5,x10,80004cc4	  x5:0xffffffff x10:0x00000000
       76115000	      7512	80004cc4	8a4d	c.andi	x12,19	 x12:0x00000004 x12=0x00000000
       76125000	      7513	80004cc6	8779	c.srai	x14,0x1e	 x14:0x00000003 x14=0x00000000
       76495000	      7550	80004cc8	027c5b33	divu	x22,x24,x7	 x24:0x00000000  x7:0x00000001 x22=0x00000000
       76505000	      7551	80004ccc	8b556917	auipc	x18,0x8b556	 x18=0x0b55accc
       76515000	      7552	80004cd0	03aec963	blt	x29,x26,80004d02	 x29:0x0000001a x26:0x00000000
       76525000	      7553	80004cd4	6b31	c.lui	x22,0xc	 x22=0x0000c000
       76535000	      7554	80004cd6	c6123a13	sltiu	x20,x4,-927	  x4:0x03958000 x20=0x00000001
       76545000	      7555	80004cda	03a66263	bltu	x12,x26,80004cfe	 x12:0x00000000 x26:0x00000000
       76555000	      7556	80004cde	91aa	c.add	x3,x10	  x3:0x80021df8 x10:0x00000000  x3=0x80021df8
       76565000	      7557	80004ce0	000fe0b3	or	x1,x31,x0	 x31:0x0000000b  x0:0x00000000  x1=0x0000000b
       76575000	      7558	80004ce4	8c85	c.sub	x9,x9	  x9:0xffffffff  x9:0xffffffff  x9=0x00000000
       76585000	      7559	80004ce6	851d	c.srai	x10,0x7	 x10:0x00000000 x10=0x00000000
       76595000	      7560	80004ce8	8aa6	c.mv	x21,x9	  x0:0x00000000  x9:0x00000000 x21=0x00000000
       76605000	      7561	80004cea	c701	c.beqz	x14,80004cf2	 x14:0x00000000
       76635000	      7564	80004cf2	01348ab3	add	x21,x9,x19	  x9:0x00000000 x19:0x80021df8 x21=0x80021df8
       76645000	      7565	80004cf6	e591	c.bnez	x11,80004d02	 x11:0x0000003f
       76665000	      7567	80004d02	0c65	c.addi	x24,25	 x24:0x00000000 x24=0x00000019
       76675000	      7568	80004d04	83b1	c.srli	x15,0xc	 x15:0xffffffff x15=0x000fffff
       76685000	      7569	80004d06	01f3bb33	sltu	x22,x7,x31	  x7:0x00000001 x31:0x0000000b x22=0x00000001
       76695000	      7570	80004d0a	85a5	c.srai	x11,0x9	 x11:0x0000003f x11=0x00000000
       76705000	      7571	80004d0c	0c26c793	xori	x15,x13,194	 x13:0x07fffd00 x15=0x07fffdc2
       76715000	      7572	80004d10	0001	c.addi	x0,0	  x0:0x00000000  x0=0x00000000
       76725000	      7573	80004d12	37346193	ori	x3,x8,883	  x8:0x00000000  x3=0x00000373
       76735000	      7574	80004d16	e985	c.bnez	x11,80004d46	 x11:0x00000000
       76755000	      7576	80004d18	02915eb3	divu	x29,x2,x9	  x2:0xffffffe0  x9:0x00000000 x29=0xffffffff
       76765000	      7577	80004d1c	01285db3	srl	x27,x16,x18	 x16:0x64000000 x18:0x0b55accc x27=0x00064000
       76775000	      7578	80004d20	0044d633	srl	x12,x9,x4	  x9:0x00000000  x4:0x03958000 x12=0x00000000
       76785000	      7579	80004d24	05370463	beq	x14,x19,80004d6c	 x14:0x00000000 x19:0x80021df8
       76795000	      7580	80004d28	00291793	slli	x15,x18,0x2	 x18:0x0b55accc x15=0x2d56b330
       76805000	      7581	80004d2c	6611	c.lui	x12,0x4	 x12=0x00004000
       76815000	      7582	80004d2e	013f4533	xor	x10,x30,x19	 x30:0x00014000 x19:0x80021df8 x10=0x80035df8
       76825000	      7583	80004d32	d3626737	lui	x14,0xd3626	 x14=0xd3626000
       76835000	      7584	80004d36	01fe0863	beq	x28,x31,80004d46	 x28:0x80021df9 x31:0x0000000b
       76845000	      7585	80004d3a	ce9cad13	slti	x26,x25,-791	 x25:0x80025ce4 x26=0x00000001
       76855000	      7586	80004d3e	fc2ee737	lui	x14,0xfc2ee	 x14=0xfc2ee000
       76865000	      7587	80004d42	4050d433	sra	x8,x1,x5	  x1:0x0000000b  x5:0xffffffff  x8=0x00000000
       76875000	      7588	80004d46	dc96bd13	sltiu	x26,x13,-567	 x13:0x07fffd00 x26=0x00000001
       77245000	      7625	80004d4a	033f6333	rem	x6,x30,x19	 x30:0x00014000 x19:0x80021df8  x6=0x00014000
       77285000	      7629	80004d4e	039e94b3	mulh	x9,x29,x25	 x29:0xffffffff x25:0x80025ce4  x9=0x00000000
       77295000	      7630	80004d52	b9287013	andi	x0,x16,-1134	 x16:0x64000000  x0=0x00000000
       77305000	      7631	80004d56	00fec563	blt	x29,x15,80004d60	 x29:0xffffffff x15:0x2d56b330
       77325000	      7633	80004d60	b077c293	xori	x5,x15,-1273	 x15:0x2d56b330  x5=0xd2a94837
       77335000	      7634	80004d64	8d0d	c.sub	x10,x11	 x10:0x80035df8 x11:0x00000000 x10=0x80035df8
       77345000	      7635	80004d66	8ead	c.xor	x13,x11	 x13:0x07fffd00 x11:0x00000000 x13=0x07fffd00
       77355000	      7636	80004d68	01299413	slli	x8,x19,0x12	 x19:0x80021df8  x8=0x77e00000
       77365000	      7637	80004d6c	8a6d	c.andi	x12,27	 x12:0x00004000 x12=0x00000000
       77375000	      7638	80004d6e	081a	c.slli	x16,0x6	 x16:0x64000000 x16=0x00000000
       77385000	      7639	80004d70	0053e7b3	or	x15,x7,x5	  x7:0x00000001  x5:0xd2a94837 x15=0xd2a94837
       77395000	      7640	80004d74	7f0a7d13	andi	x26,x20,2032	 x20:0x00000001 x26=0x00000000
       77405000	      7641	80004d78	8db5	c.xor	x11,x13	 x11:0x00000000 x13:0x07fffd00 x11=0x07fffd00
       77415000	      7642	80004d7a	0001	c.addi	x0,0	  x0:0x00000000  x0=0x00000000
       77425000	      7643	80004d7c	da786293	ori	x5,x16,-601	 x16:0x00000000  x5=0xfffffda7
       77435000	      7644	80004d80	8cfd	c.and	x9,x15	  x9:0x00000000 x15:0xd2a94837  x9=0x00000000
       77475000	      7648	80004d82	0242ba33	mulhu	x20,x5,x4	  x5:0xfffffda7  x4:0x03958000 x20=0x03957ff7
       77485000	      7649	80004d86	01e1b733	sltu	x14,x3,x30	  x3:0x00000373 x30:0x00014000 x14=0x00000001
       77495000	      7650	80004d8a	0000100f	fence.i	
       77885000	      7689	80004d8e	02f95ab3	divu	x21,x18,x15	 x18:0x0b55accc x15:0xd2a94837 x21=0x00000000
       77895000	      7690	80004d92	c089	c.beqz	x9,80004d94	  x9:0x00000000
       77915000	      7692	80004d94	527d	c.li	x4,-1	  x4=0xffffffff
       77925000	      7693	80004d96	000b3ab3	sltu	x21,x22,x0	 x22:0x00000001  x0:0x00000000 x21=0x00000000
       77935000	      7694	80004d9a	025a4963	blt	x20,x5,80004dcc	 x20:0x03957ff7  x5:0xfffffda7
       77945000	      7695	80004d9e	009eaf33	slt	x30,x29,x9	 x29:0xffffffff  x9:0x00000000 x30=0x00000001
       77955000	      7696	80004da2	91f2	c.add	x3,x28	  x3:0x00000373 x28:0x80021df9  x3=0x8002216c
       77975000	      7698	80004da4	0206d8b3	divu	x17,x13,x0	 x13:0x07fffd00  x0:0x00000000 x17=0xffffffff
       77985000	      7699	80004da8	00913933	sltu	x18,x2,x9	  x2:0xffffffe0  x9:0x00000000 x18=0x00000000
       77995000	      7700	80004dac	cb15	c.beqz	x14,80004de0	 x14:0x00000001
       78005000	      7701	80004dae	401fd7b3	sra	x15,x31,x1	 x31:0x0000000b  x1:0x0000000b x15=0x00000000
       78015000	      7702	80004db2	00383e33	sltu	x28,x16,x3	 x16:0x00000000  x3:0x8002216c x28=0x00000001
       78025000	      7703	80004db6	f3bea213	slti	x4,x29,-197	 x29:0xffffffff  x4=0x00000000
       78035000	      7704	80004dba	8ce1	c.and	x9,x8	  x9:0x00000000  x8:0x77e00000  x9=0x00000000
       78045000	      7705	80004dbc	00127863	bgeu	x4,x1,80004dcc	  x4:0x00000000  x1:0x0000000b
       78055000	      7706	80004dc0	007b9d33	sll	x26,x23,x7	 x23:0x00000000  x7:0x00000001 x26=0x00000000
       78065000	      7707	80004dc4	017be963	bltu	x23,x23,80004dd6	 x23:0x00000000 x23:0x00000000
       78075000	      7708	80004dc8	4969	c.li	x18,26	 x18=0x0000001a
       78085000	      7709	80004dca	ec99	c.bnez	x9,80004de8	  x9:0x00000000
       78095000	      7710	80004dcc	9bf2	c.add	x23,x28	 x23:0x00000000 x28:0x00000001 x23=0x00000001
       78105000	      7711	80004dce	40c2d133	sra	x2,x5,x12	  x5:0xfffffda7 x12:0x00000000  x2=0xfffffda7
       78115000	      7712	80004dd2	8469	c.srai	x8,0x1a	  x8:0x77e00000  x8=0x0000001d
       78125000	      7713	80004dd4	9bfd	c.andi	x15,-1	 x15:0x00000000 x15=0x00000000
       78135000	      7714	80004dd6	862d	c.srai	x12,0xb	 x12:0x00000000 x12=0x00000000
       78145000	      7715	80004dd8	049cd463	bge	x25,x9,80004e20	 x25:0x80025ce4  x9:0x00000000
       78155000	      7716	80004ddc	50858693	addi	x13,x11,1288	 x11:0x07fffd00 x13=0x08000208
       78165000	      7717	80004de0	01cf9eb3	sll	x29,x31,x28	 x31:0x0000000b x28:0x00000001 x29=0x00000016
       78175000	      7718	80004de4	395be513	ori	x10,x23,917	 x23:0x00000001 x10=0x00000395
       78185000	      7719	80004de8	67ddbe13	sltiu	x28,x27,1661	 x27:0x00064000 x28=0x00000000
       78195000	      7720	80004dec	00779693	slli	x13,x15,0x7	 x15:0x00000000 x13=0x00000000
       78205000	      7721	80004df0	04a56263	bltu	x10,x10,80004e34	 x10:0x00000395 x10:0x00000395
       78215000	      7722	80004df4	01790563	beq	x18,x23,80004dfe	 x18:0x0000001a x23:0x00000001
       78225000	      7723	80004df8	8cb1	c.xor	x9,x12	  x9:0x00000000 x12:0x00000000  x9=0x00000000
       78235000	      7724	80004dfa	8e55	c.or	x12,x13	 x12:0x00000000 x13:0x00000000 x12=0x00000000
       78245000	      7725	80004dfc	8eda	c.mv	x29,x22	  x0:0x00000000 x22:0x00000001 x29=0x00000001
       78255000	      7726	80004dfe	05b9d163	bge	x19,x27,80004e40	 x19:0x80021df8 x27:0x00064000
       78265000	      7727	80004e02	0000100f	fence.i	
       78295000	      7730	80004e06	02c05f63	bge	x0,x12,80004e44	  x0:0x00000000 x12:0x00000000
       78675000	      7768	80004e44	03734633	div	x12,x6,x23	  x6:0x00014000 x23:0x00000001 x12=0x00014000
       78685000	      7769	80004e48	0562	c.slli	x10,0x18	 x10:0x00000395 x10=0x95000000
       78695000	      7770	80004e4a	4d3eca13	xori	x20,x29,1235	 x29:0x00000001 x20=0x000004d2
       78705000	      7771	80004e4e	03f17563	bgeu	x2,x31,80004e78	  x2:0xfffffda7 x31:0x0000000b
       78725000	      7773	80004e78	00bb1363	bne	x22,x11,80004e7e	 x22:0x00000001 x11:0x07fffd00
       78745000	      7775	80004e7e	955a	c.add	x10,x22	 x10:0x95000000 x22:0x00000001 x10=0x95000001
       78755000	      7776	80004e80	04014063	blt	x2,x0,80004ec0	  x2:0xfffffda7  x0:0x00000000
       78775000	      7778	80004ec0	008ec0b3	xor	x1,x29,x8	 x29:0x00000001  x8:0x0000001d  x1=0x0000001c
       78785000	      7779	80004ec4	0139d0b3	srl	x1,x19,x19	 x19:0x80021df8 x19:0x80021df8  x1=0x00000080
       79155000	      7816	80004ec8	02ee5b33	divu	x22,x28,x14	 x28:0x00000000 x14:0x00000001 x22=0x00000000
       79165000	      7817	80004ecc	6f2d	c.lui	x30,0xb	 x30=0x0000b000
       79175000	      7818	80004ece	00346bb3	or	x23,x8,x3	  x8:0x0000001d  x3:0x8002216c x23=0x8002217d
       79185000	      7819	80004ed2	8225	c.srli	x12,0x9	 x12:0x00014000 x12=0x000000a0
       79195000	      7820	80004ed4	9e84c713	xori	x14,x9,-1560	  x9:0x00000000 x14=0xfffff9e8
       79205000	      7821	80004ed8	0d31	c.addi	x26,12	 x26:0x00000000 x26=0x0000000c
       79215000	      7822	80004eda	0171e563	bltu	x3,x23,80004ee4	  x3:0x8002216c x23:0x8002217d
       79235000	      7824	80004ee4	8fb5	c.xor	x15,x13	 x15:0x00000000 x13:0x00000000 x15=0x00000000
       79245000	      7825	80004ee6	ef1d	c.bnez	x14,80004f24	 x14:0xfffff9e8
       79265000	      7827	80004f24	042144b7	lui	x9,0x4214	  x9=0x04214000
       79275000	      7828	80004f28	ddd0e413	ori	x8,x1,-547	  x1:0x00000080  x8=0xfffffddd
       79285000	      7829	80004f2c	0001	c.addi	x0,0	  x0:0x00000000  x0=0x00000000
       79295000	      7830	80004f2e	07698063	beq	x19,x22,80004f8e	 x19:0x80021df8 x22:0x00000000
       79305000	      7831	80004f32	40f1d393	srai	x7,x3,0xf	  x3:0x8002216c  x7=0xffff0004
       79315000	      7832	80004f36	01111563	bne	x2,x17,80004f40	  x2:0xfffffda7 x17:0xffffffff
       79335000	      7834	80004f40	004b0eb3	add	x29,x22,x4	 x22:0x00000000  x4:0x00000000 x29=0x00000000
       79345000	      7835	80004f44	8341	c.srli	x14,0x10	 x14:0xfffff9e8 x14=0x0000ffff
       79355000	      7836	80004f46	0001	c.addi	x0,0	  x0:0x00000000  x0=0x00000000
       79385000	      7839	80004f48	02298633	mul	x12,x19,x2	 x19:0x80021df8  x2:0xfffffda7 x12=0x7b07a4c8
       79395000	      7840	80004f4c	8ef9	c.and	x13,x14	 x13:0x00000000 x14:0x0000ffff x13=0x00000000
       79405000	      7841	80004f4e	03114a63	blt	x2,x17,80004f82	  x2:0xfffffda7 x17:0xffffffff
       79435000	      7844	80004f82	0ff0000f	fence	iorw,iorw	
       79445000	      7845	80004f86	6daac813	xori	x16,x21,1754	 x21:0x00000000 x16=0x000006da
       79815000	      7882	80004f8a	03715233	divu	x4,x2,x23	  x2:0xfffffda7 x23:0x8002217d  x4=0x00000001
       79825000	      7883	80004f8e	9770c113	xori	x2,x1,-1673	  x1:0x00000080  x2=0xfffff9f7
       79835000	      7884	80004f92	25369097	auipc	x1,0x25369	  x1=0xa536df92
       80205000	      7921	80004f96	03adff33	remu	x30,x27,x26	 x27:0x00064000 x26:0x0000000c x30=0x00000004
       80215000	      7922	80004f9a	0000100f	fence.i	
       80235000	      7924	80004f9e	0446	c.slli	x8,0x11	  x8:0xfffffddd  x8=0xfbba0000
       80245000	      7925	80004fa0	8ee5	c.and	x13,x9	 x13:0x00000000  x9:0x04214000 x13=0x00000000
       80255000	      7926	80004fa2	03279a63	bne	x15,x18,80004fd6	 x15:0x00000000 x18:0x0000001a
       80285000	      7929	80004fd6	01125533	srl	x10,x4,x17	  x4:0x00000001 x17:0xffffffff x10=0x00000000
       80295000	      7930	80004fda	0055beb3	sltu	x29,x11,x5	 x11:0x07fffd00  x5:0xfffffda7 x29=0x00000001
       80325000	      7933	80004fde	02c00133	mul	x2,x0,x12	  x0:0x00000000 x12:0x7b07a4c8  x2=0x00000000
       80335000	      7934	80004fe2	015e83b3	add	x7,x29,x21	 x29:0x00000001 x21:0x00000000  x7=0x00000001
       80345000	      7935	80004fe6	8875	c.andi	x8,29	  x8:0xfbba0000  x8=0x00000000
       80355000	      7936	80004fe8	2962dc37	lui	x24,0x2962d	 x24=0x2962d000
       80365000	      7937	80004fec	12fd	c.addi	x5,-1	  x5:0xfffffda7  x5=0xfffffda6
       80375000	      7938	80004fee	01d6c763	blt	x13,x29,80004ffc	 x13:0x00000000 x29:0x00000001
       80395000	      7940	80004ffc	187d	c.addi	x16,-1	 x16:0x000006da x16=0x000006d9
       80405000	      7941	80004ffe	01f55393	srli	x7,x10,0x1f	 x10:0x00000000  x7=0x00000000
       80415000	      7942	80005002	a674a493	slti	x9,x9,-1433	  x9:0x04214000  x9=0x00000000
       80425000	      7943	80005006	eeb78e13	addi	x28,x15,-277	 x15:0x00000000 x28=0xfffffeeb
       80795000	      7980	8000500a	02c5c733	div	x14,x11,x12	 x11:0x07fffd00 x12:0x7b07a4c8 x14=0x00000000
       80835000	      7984	8000500e	0277b633	mulhu	x12,x15,x7	 x15:0x00000000  x7:0x00000000 x12=0x00000000
       80845000	      7985	80005012	c822fd13	andi	x26,x5,-894	  x5:0xfffffda6 x26=0xfffffc82
       80855000	      7986	80005016	012ed593	srli	x11,x29,0x12	 x29:0x00000001 x11=0x00000000
       81225000	      8023	8000501a	038bd333	divu	x6,x23,x24	 x23:0x8002217d x24:0x2962d000  x6=0x00000003
       81235000	      8024	8000501e	005bba33	sltu	x20,x23,x5	 x23:0x8002217d  x5:0xfffffda6 x20=0x00000001
       81275000	      8028	80005022	03b913b3	mulh	x7,x18,x27	 x18:0x0000001a x27:0x00064000  x7=0x00000000
       81285000	      8029	80005026	11fd	c.addi	x3,-1	  x3:0x8002216c  x3=0x8002216b
       81655000	      8066	80005028	03257a33	remu	x20,x10,x18	 x10:0x00000000 x18:0x0000001a x20=0x00000000
       81665000	      8067	8000502c	0001	c.addi	x0,0	  x0:0x00000000  x0=0x00000000
       81675000	      8068	8000502e	012b0663	beq	x22,x18,8000503a	 x22:0x00000000 x18:0x0000001a
       81685000	      8069	80005032	00194763	blt	x18,x1,80005040	 x18:0x0000001a  x1:0xa536df92
       81695000	      8070	80005036	8451	c.srai	x8,0x14	  x8:0x00000000  x8=0x00000000
       81705000	      8071	80005038	834d	c.srli	x14,0x13	 x14:0x00000000 x14=0x00000000
       81715000	      8072	8000503a	00ee9c13	slli	x24,x29,0xe	 x29:0x00000001 x24=0x00004000
       81725000	      8073	8000503e	8265	c.srli	x12,0x19	 x12:0x00000000 x12=0x00000000
       81735000	      8074	80005040	ce85	c.beqz	x13,80005078	 x13:0x00000000
       81755000	      8076	80005078	8d85	c.sub	x11,x9	 x11:0x00000000  x9:0x00000000 x11=0x00000000
       81765000	      8077	8000507a	da769197	auipc	x3,0xda769	  x3=0x5a76e07a
       81775000	      8078	8000507e	00b47633	and	x12,x8,x11	  x8:0x00000000 x11:0x00000000 x12=0x00000000
       81795000	      8080	80005082	02bbd933	divu	x18,x23,x11	 x23:0x8002217d x11:0x00000000 x18=0xffffffff
       81805000	      8081	80005086	e5c1cc13	xori	x24,x3,-420	  x3:0x5a76e07a x24=0xa5891e26
       81815000	      8082	8000508a	03d10c63	beq	x2,x29,800050c2	  x2:0x00000000 x29:0x00000001
       81825000	      8083	8000508e	0c72	c.slli	x24,0x1c	 x24:0xa5891e26 x24=0x60000000
       81835000	      8084	80005090	02e3cf63	blt	x7,x14,800050ce	  x7:0x00000000 x14:0x00000000
       81845000	      8085	80005094	8196	c.mv	x3,x5	  x0:0x00000000  x5:0xfffffda6  x3=0xfffffda6
       81855000	      8086	80005096	0ff0000f	fence	iorw,iorw	
       81865000	      8087	8000509a	8dda	c.mv	x27,x22	  x0:0x00000000 x22:0x00000000 x27=0x00000000
       81875000	      8088	8000509c	c689	c.beqz	x13,800050a6	 x13:0x00000000
       81895000	      8090	800050a6	0001	c.addi	x0,0	  x0:0x00000000  x0=0x00000000
       81905000	      8091	800050a8	00a39763	bne	x7,x10,800050b6	  x7:0x00000000 x10:0x00000000
       81915000	      8092	800050ac	8fe9	c.and	x15,x10	 x15:0x00000000 x10:0x00000000 x15=0x00000000
       81925000	      8093	800050ae	0079f733	and	x14,x19,x7	 x19:0x80021df8  x7:0x00000000 x14=0x00000000
       81935000	      8094	800050b2	54034b37	lui	x22,0x54034	 x22=0x54034000
       81945000	      8095	800050b6	010f5613	srli	x12,x30,0x10	 x30:0x00000004 x12=0x00000000
       81985000	      8099	800050ba	0330ad33	mulhsu	x26,x1,x19	  x1:0xa536df92 x19:0x80021df8 x26=0xd29aaf96
       81995000	      8100	800050be	9ed4b093	sltiu	x1,x9,-1555	  x9:0x00000000  x1=0x00000001
       82005000	      8101	800050c2	8f06	c.mv	x30,x1	  x0:0x00000000  x1:0x00000001 x30=0x00000001
       82015000	      8102	800050c4	018a3633	sltu	x12,x20,x24	 x20:0x00000000 x24:0x60000000 x12=0x00000001
       82025000	      8103	800050c8	0001	c.addi	x0,0	  x0:0x00000000  x0=0x00000000
       82395000	      8140	800050ca	02c2fe33	remu	x28,x5,x12	  x5:0xfffffda6 x12:0x00000001 x28=0x00000000
       82405000	      8141	800050ce	8369	c.srli	x14,0x1a	 x14:0x00000000 x14=0x00000000
       82415000	      8142	800050d0	69d8bd37	lui	x26,0x69d8b	 x26=0x69d8b000
       82425000	      8143	800050d4	00e368b3	or	x17,x6,x14	  x6:0x00000003 x14:0x00000000 x17=0x00000003
       82435000	      8144	800050d8	8bd6	c.mv	x23,x21	  x0:0x00000000 x21:0x00000000 x23=0x00000000
       82445000	      8145	800050da	0ff0000f	fence	iorw,iorw	
       82455000	      8146	800050de	01bcf233	and	x4,x25,x27	 x25:0x80025ce4 x27:0x00000000  x4=0x00000000
       82465000	      8147	800050e2	01d98363	beq	x19,x29,800050e8	 x19:0x80021df8 x29:0x00000001
       82475000	      8148	800050e6	099c	c.addi4spn	x15,x2,208	 x15=0x000000d0
       82485000	      8149	800050e8	e3a9a693	slti	x13,x19,-454	 x19:0x80021df8 x13=0x00000001
       82495000	      8150	800050ec	0006cf33	xor	x30,x13,x0	 x13:0x00000001  x0:0x00000000 x30=0x00000001
       82505000	      8151	800050f0	c08fe393	ori	x7,x31,-1016	 x31:0x0000000b  x7=0xfffffc0b
       82515000	      8152	800050f4	02e3f063	bgeu	x7,x14,80005114	  x7:0xfffffc0b x14:0x00000000
       82535000	      8154	80005114	d0307793	andi	x15,x0,-765	  x0:0x00000000 x15=0x00000000
       82545000	      8155	80005118	0000100f	fence.i	
       82565000	      8157	8000511c	01e40e63	beq	x8,x30,80005138	  x8:0x00000000 x30:0x00000001
       82575000	      8158	80005120	0000100f	fence.i	
       82595000	      8160	80005124	0164e1b3	or	x3,x9,x22	  x9:0x00000000 x22:0x54034000  x3=0x54034000
       82635000	      8164	80005128	02e324b3	mulhsu	x9,x6,x14	  x6:0x00000003 x14:0x00000000  x9=0x00000000
       82645000	      8165	8000512c	01bdbb33	sltu	x22,x27,x27	 x27:0x00000000 x27:0x00000000 x22=0x00000000
       83015000	      8202	80005130	033452b3	divu	x5,x8,x19	  x8:0x00000000 x19:0x80021df8  x5=0x00000000
       83025000	      8203	80005134	04074163	blt	x14,x0,80005176	 x14:0x00000000  x0:0x00000000
       83035000	      8204	80005138	0180de63	bge	x1,x24,80005154	  x1:0x00000001 x24:0x60000000
       83045000	      8205	8000513c	60a5	c.lui	x1,0x9	  x1=0x00009000
       83055000	      8206	8000513e	c2a1	c.beqz	x13,8000517e	 x13:0x00000001
       83065000	      8207	80005140	98fd	c.andi	x9,-1	  x9:0x00000000  x9=0x00000000
       83075000	      8208	80005142	309a7db7	lui	x27,0x309a7	 x27=0x309a7000
       83085000	      8209	80005146	0001	c.addi	x0,0	  x0:0x00000000  x0=0x00000000
       83095000	      8210	80005148	0026d263	bge	x13,x2,8000514c	 x13:0x00000001  x2:0x00000000
       83115000	      8212	8000514c	00b6bbb3	sltu	x23,x13,x11	 x13:0x00000001 x11:0x00000000 x23=0x00000000
       83125000	      8213	80005150	41e10433	sub	x8,x2,x30	  x2:0x00000000 x30:0x00000001  x8=0xffffffff
       83165000	      8217	80005154	03523433	mulhu	x8,x4,x21	  x4:0x00000000 x21:0x00000000  x8=0x00000000
       83175000	      8218	80005158	84a5	c.srai	x9,0x9	  x9:0x00000000  x9=0x00000000
       83215000	      8222	8000515a	03192033	mulhsu	x0,x18,x17	 x18:0xffffffff x17:0x00000003  x0=0x00000000
       83225000	      8223	8000515e	00711463	bne	x2,x7,80005166	  x2:0x00000000  x7:0xfffffc0b
       83265000	      8227	80005166	0345f333	remu	x6,x11,x20	 x11:0x00000000 x20:0x00000000  x6=0x00000000
       83275000	      8228	8000516a	c185	c.beqz	x11,8000518a	 x11:0x00000000
       83325000	      8233	8000518a	02ee8133	mul	x2,x29,x14	 x29:0x00000001 x14:0x00000000  x2=0x00000000
       83335000	      8234	8000518e	03387463	bgeu	x16,x19,800051b6	 x16:0x000006d9 x19:0x80021df8
       83355000	      8236	80005192	020bf333	remu	x6,x23,x0	 x23:0x00000000  x0:0x00000000  x6=0x00000000
       83365000	      8237	80005196	05f5	c.addi	x11,29	 x11:0x00000000 x11=0x0000001d
       83375000	      8238	80005198	e715	c.bnez	x14,800051c4	 x14:0x00000000
       83395000	      8240	8000519a	037454b3	divu	x9,x8,x23	  x8:0x00000000 x23:0x00000000  x9=0xffffffff
       83405000	      8241	8000519e	41fb02b3	sub	x5,x22,x31	 x22:0x00000000 x31:0x0000000b  x5=0xfffffff5
       83415000	      8242	800051a2	00a5dbb3	srl	x23,x11,x10	 x11:0x0000001d x10:0x00000000 x23=0x0000001d
       83785000	      8279	800051a6	03755233	divu	x4,x10,x23	 x10:0x00000000 x23:0x0000001d  x4=0x00000000
       83795000	      8280	800051aa	04fbc063	blt	x23,x15,800051ea	 x23:0x0000001d x15:0x00000000
       83805000	      8281	800051ae	0001	c.addi	x0,0	  x0:0x00000000  x0=0x00000000
       83815000	      8282	800051b0	a40ded93	ori	x27,x27,-1472	 x27:0x309a7000 x27=0xfffffa40
       83825000	      8283	800051b4	717d	c.addi16sp	x2,-16	  x2:0x00000000  x2=0xfffffff0
       83835000	      8284	800051b6	c357f613	andi	x12,x15,-971	 x15:0x00000000 x12=0x00000000
       83845000	      8285	800051ba	8bf1	c.andi	x15,28	 x15:0x00000000 x15=0x00000000
       83855000	      8286	800051bc	d0144a93	xori	x21,x8,-767	  x8:0x00000000 x21=0xfffffd01
       83865000	      8287	800051c0	2073ba93	sltiu	x21,x7,519	  x7:0xfffffc0b x21=0x00000000
       83875000	      8288	800051c4	8fb1	c.xor	x15,x12	 x15:0x00000000 x12:0x00000000 x15=0x00000000
       83885000	      8289	800051c6	035fdf63	bge	x31,x21,80005204	 x31:0x0000000b x21:0x00000000
       83905000	      8291	80005204	8dad	c.xor	x11,x11	 x11:0x0000001d x11:0x0000001d x11=0x00000000
       83915000	      8292	80005206	0ea1	c.addi	x29,8	 x29:0x00000001 x29=0x00000009
       83925000	      8293	80005208	8e15	c.sub	x12,x13	 x12:0x00000000 x13:0x00000001 x12=0xffffffff
       83965000	      8297	8000520a	03ecbe33	mulhu	x28,x25,x30	 x25:0x80025ce4 x30:0x00000001 x28=0x00000000
       83985000	      8299	8000520e	0352d133	divu	x2,x5,x21	  x5:0xfffffff5 x21:0x00000000  x2=0xffffffff
       83995000	      8300	80005212	0ff0000f	fence	iorw,iorw	
       84005000	      8301	80005216	00aad663	bge	x21,x10,80005222	 x21:0x00000000 x10:0x00000000
       84065000	      8307	80005222	02389ab3	mulh	x21,x17,x3	 x17:0x00000003  x3:0x54034000 x21=0x00000000
       84095000	      8310	80005226	03220433	mul	x8,x4,x18	  x4:0x00000000 x18:0xffffffff  x8=0x00000000
       84105000	      8311	8000522a	74198d13	addi	x26,x19,1857	 x19:0x80021df8 x26=0x80022539
       84115000	      8312	8000522e	8809	c.andi	x8,2	  x8:0x00000000  x8=0x00000000
       84125000	      8313	80005230	0000100f	fence.i	
       84145000	      8315	80005234	0168d693	srli	x13,x17,0x16	 x17:0x00000003 x13=0x00000000
       84155000	      8316	80005238	4475	c.li	x8,29	  x8=0x0000001d
       84165000	      8317	8000523a	8dd5	c.or	x11,x13	 x11:0x00000000 x13:0x00000000 x11=0x00000000
       84205000	      8321	8000523c	02e1a4b3	mulhsu	x9,x3,x14	  x3:0x54034000 x14:0x00000000  x9=0x00000000
       84215000	      8322	80005240	00471a13	slli	x20,x14,0x4	 x14:0x00000000 x20=0x00000000
       84225000	      8323	80005244	0001	c.addi	x0,0	  x0:0x00000000  x0=0x00000000
       84235000	      8324	80005246	8d3d	c.xor	x10,x15	 x10:0x00000000 x15:0x00000000 x10=0x00000000
       84255000	      8326	80005248	036f5333	divu	x6,x30,x22	 x30:0x00000001 x22:0x00000000  x6=0xffffffff
       84265000	      8327	8000524c	ea9db693	sltiu	x13,x27,-343	 x27:0xfffffa40 x13=0x00000001
       84275000	      8328	80005250	184c0413	addi	x8,x24,388	 x24:0x60000000  x8=0x60000184
       84285000	      8329	80005254	c3650a93	addi	x21,x10,-970	 x10:0x00000000 x21=0xfffffc36
       84295000	      8330	80005258	02b6fb63	bgeu	x13,x11,8000528e	 x13:0x00000001 x11:0x00000000
       84315000	      8332	8000528e	0001	c.addi	x0,0	  x0:0x00000000  x0=0x00000000
       84325000	      8333	80005290	00d16863	bltu	x2,x13,800052a0	  x2:0xffffffff x13:0x00000001
       84335000	      8334	80005294	d8a02d93	slti	x27,x0,-630	  x0:0x00000000 x27=0x00000000
       84345000	      8335	80005298	6a44f713	andi	x14,x9,1700	  x9:0x00000000 x14=0x00000000
       84375000	      8338	8000529c	02e583b3	mul	x7,x11,x14	 x11:0x00000000 x14:0x00000000  x7=0x00000000
       84385000	      8339	800052a0	fa920513	addi	x10,x4,-87	  x4:0x00000000 x10=0xffffffa9
       84395000	      8340	800052a4	463b8d93	addi	x27,x23,1123	 x23:0x0000001d x27=0x00000480
       84405000	      8341	800052a8	00c292b3	sll	x5,x5,x12	  x5:0xfffffff5 x12:0xffffffff  x5=0x80000000
       84415000	      8342	800052ac	01cd1563	bne	x26,x28,800052b6	 x26:0x80022539 x28:0x00000000
       84445000	      8345	800052b6	0000100f	fence.i	
       84475000	      8348	800052ba	0ff0000f	fence	iorw,iorw	
       84505000	      8351	800052be	02268833	mul	x16,x13,x2	 x13:0x00000001  x2:0xffffffff x16=0xffffffff
       84515000	      8352	800052c2	8db9	c.xor	x11,x14	 x11:0x00000000 x14:0x00000000 x11=0x00000000
       84525000	      8353	800052c4	8f45	c.or	x14,x9	 x14:0x00000000  x9:0x00000000 x14=0x00000000
       84535000	      8354	800052c6	0108	c.addi4spn	x10,x2,128	 x10=0x0000007f
       84545000	      8355	800052c8	0f62	c.slli	x30,0x18	 x30:0x00000001 x30=0x01000000
       84555000	      8356	800052ca	0102b333	sltu	x6,x5,x16	  x5:0x80000000 x16:0xffffffff  x6=0x00000001
       84565000	      8357	800052ce	8fe5	c.and	x15,x9	 x15:0x00000000  x9:0x00000000 x15=0x00000000
       84575000	      8358	800052d0	02e25763	bge	x4,x14,800052fe	  x4:0x00000000 x14:0x00000000
       84635000	      8364	800052fe	035f15b3	mulh	x11,x30,x21	 x30:0x01000000 x21:0xfffffc36 x11=0xfffffffc
       84645000	      8365	80005302	0998	c.addi4spn	x14,x2,208	 x14=0x000000cf
       84655000	      8366	80005304	0010e2b3	or	x5,x1,x1	  x1:0x00009000  x1:0x00009000  x5=0x00009000
       84665000	      8367	80005308	c789	c.beqz	x15,80005312	 x15:0x00000000
       84695000	      8370	80005312	0000100f	fence.i	
       84725000	      8373	80005316	03828c63	beq	x5,x24,8000534e	  x5:0x00009000 x24:0x60000000
       84745000	      8375	8000531a	034e51b3	divu	x3,x28,x20	 x28:0x00000000 x20:0x00000000  x3=0xffffffff
       84755000	      8376	8000531e	016a6033	or	x0,x20,x22	 x20:0x00000000 x22:0x00000000  x0=0x00000000
       84795000	      8380	80005322	03b296b3	mulh	x13,x5,x27	  x5:0x00009000 x27:0x00000480 x13=0x00000000
       84805000	      8381	80005326	0184c8b3	xor	x17,x9,x24	  x9:0x00000000 x24:0x60000000 x17=0x60000000
       84815000	      8382	8000532a	00f17433	and	x8,x2,x15	  x2:0xffffffff x15:0x00000000  x8=0x00000000
       84825000	      8383	8000532e	05bb9363	bne	x23,x27,80005374	 x23:0x0000001d x27:0x00000480
       84845000	      8385	80005374	001b1b93	slli	x23,x22,0x1	 x22:0x00000000 x23=0x00000000
       84855000	      8386	80005378	8ba5	c.andi	x15,9	 x15:0x00000000 x15=0x00000000
       84865000	      8387	8000537a	e51d	c.bnez	x10,800053a8	 x10:0x0000007f
       84885000	      8389	800053a8	9a6e	c.add	x20,x27	 x20:0x00000000 x27:0x00000480 x20=0x00000480
       84895000	      8390	800053aa	8ebd	c.xor	x13,x15	 x13:0x00000000 x15:0x00000000 x13=0x00000000
       84905000	      8391	800053ac	a58c6913	ori	x18,x24,-1448	 x24:0x60000000 x18=0xfffffa58
       84945000	      8395	800053b0	036322b3	mulhsu	x5,x6,x22	  x6:0x00000001 x22:0x00000000  x5=0x00000000
       84955000	      8396	800053b4	00a1ebb3	or	x23,x3,x10	  x3:0xffffffff x10:0x0000007f x23=0xffffffff
       84965000	      8397	800053b8	01ef4563	blt	x30,x30,800053c2	 x30:0x01000000 x30:0x01000000
       84975000	      8398	800053bc	41e7da93	srai	x21,x15,0x1e	 x15:0x00000000 x21=0x00000000
       84985000	      8399	800053c0	8ac2	c.mv	x21,x16	  x0:0x00000000 x16:0xffffffff x21=0xffffffff
       84995000	      8400	800053c2	41620ab3	sub	x21,x4,x22	  x4:0x00000000 x22:0x00000000 x21=0x00000000
       85005000	      8401	800053c6	99fd	c.andi	x11,-1	 x11:0xfffffffc x11=0xfffffffc
       85015000	      8402	800053c8	c609	c.beqz	x12,800053d2	 x12:0xffffffff
       85025000	      8403	800053ca	00d3f3b3	and	x7,x7,x13	  x7:0x00000000 x13:0x00000000  x7=0x00000000
       85035000	      8404	800053ce	31987813	andi	x16,x16,793	 x16:0xffffffff x16=0x00000319
       85045000	      8405	800053d2	36c598b7	lui	x17,0x36c59	 x17=0x36c59000
       85055000	      8406	800053d6	8a65c193	xori	x3,x11,-1882	 x11:0xfffffffc  x3=0x0000075a
       85065000	      8407	800053da	8949	c.andi	x10,18	 x10:0x0000007f x10=0x00000012
       85085000	      8409	800053dc	02716033	rem	x0,x2,x7	  x2:0xffffffff  x7:0x00000000  x0=0x00000000
       85095000	      8410	800053e0	0ff0000f	fence	iorw,iorw	
       85105000	      8411	800053e4	8fd1	c.or	x15,x12	 x15:0x00000000 x12:0xffffffff x15=0xffffffff
       85115000	      8412	800053e6	8ffd	c.and	x15,x15	 x15:0xffffffff x15:0xffffffff x15=0xffffffff
       85135000	      8414	800053e8	035e5533	divu	x10,x28,x21	 x28:0x00000000 x21:0x00000000 x10=0xffffffff
       85505000	      8451	800053ec	03e4f433	remu	x8,x9,x30	  x9:0x00000000 x30:0x01000000  x8=0x00000000
       85515000	      8452	800053f0	01f65813	srli	x16,x12,0x1f	 x12:0xffffffff x16=0x00000001
       85525000	      8453	800053f4	41a8d893	srai	x17,x17,0x1a	 x17:0x36c59000 x17=0x0000000d
       85535000	      8454	800053f8	410fda33	sra	x20,x31,x16	 x31:0x0000000b x16:0x00000001 x20=0x00000005
       85545000	      8455	800053fc	0001	c.addi	x0,0	  x0:0x00000000  x0=0x00000000
       85565000	      8457	800053fe	0291d433	divu	x8,x3,x9	  x3:0x0000075a  x9:0x00000000  x8=0xffffffff
       85575000	      8458	80005402	187d	c.addi	x16,-1	 x16:0x00000001 x16=0x00000000
       85585000	      8459	80005404	86a5	c.srai	x13,0x9	 x13:0x00000000 x13=0x00000000
       85595000	      8460	80005406	0001	c.addi	x0,0	  x0:0x00000000  x0=0x00000000
       85605000	      8461	80005408	0ff0000f	fence	iorw,iorw	
       85615000	      8462	8000540c	003ee833	or	x16,x29,x3	 x29:0x00000009  x3:0x0000075a x16=0x0000075b
       85625000	      8463	80005410	8cd1	c.or	x9,x12	  x9:0x00000000 x12:0xffffffff  x9=0xffffffff
       85635000	      8464	80005412	079c	c.addi4spn	x15,x2,960	 x15=0x000003bf
       85645000	      8465	80005414	0178ae33	slt	x28,x17,x23	 x17:0x0000000d x23:0xffffffff x28=0x00000000
       85655000	      8466	80005418	03f5	c.addi	x7,29	  x7:0x00000000  x7=0x0000001d
       85665000	      8467	8000541a	2857fd93	andi	x27,x15,645	 x15:0x000003bf x27=0x00000285
       85675000	      8468	8000541e	00ec1e33	sll	x28,x24,x14	 x24:0x60000000 x14:0x000000cf x28=0x00000000
       85685000	      8469	80005422	00eb93b3	sll	x7,x23,x14	 x23:0xffffffff x14:0x000000cf  x7=0xffff8000
       85695000	      8470	80005426	948a	c.add	x9,x2	  x9:0xffffffff  x2:0xffffffff  x9=0xfffffffe
       85705000	      8471	80005428	411486b3	sub	x13,x9,x17	  x9:0xfffffffe x17:0x0000000d x13=0xfffffff1
       85715000	      8472	8000542c	6159	c.addi16sp	x2,400	  x2:0xffffffff  x2=0x0000018f
       85755000	      8476	8000542e	02ce9eb3	mulh	x29,x29,x12	 x29:0x00000009 x12:0xffffffff x29=0xffffffff
       85765000	      8477	80005432	8e61	c.and	x12,x8	 x12:0xffffffff  x8:0xffffffff x12=0xffffffff
       85805000	      8481	80005434	03942133	mulhsu	x2,x8,x25	  x8:0xffffffff x25:0x80025ce4  x2=0xffffffff
       85845000	      8485	80005438	035136b3	mulhu	x13,x2,x21	  x2:0xffffffff x21:0x00000000 x13=0x00000000
       85855000	      8486	8000543c	07fe	c.slli	x15,0x1f	 x15:0x000003bf x15=0x80000000
       85865000	      8487	8000543e	2b50b3b7	lui	x7,0x2b50b	  x7=0x2b50b000
       85875000	      8488	80005442	9ad6dab7	lui	x21,0x9ad6d	 x21=0x9ad6d000
       85885000	      8489	80005446	0000100f	fence.i	
       85915000	      8492	8000544a	0243f163	bgeu	x7,x4,8000546c	  x7:0x2b50b000  x4:0x00000000
       85935000	      8494	8000546c	01b91833	sll	x16,x18,x27	 x18:0xfffffa58 x27:0x00000285 x16=0xffff4b00
       85945000	      8495	80005470	ebaa8193	addi	x3,x21,-326	 x21:0x9ad6d000  x3=0x9ad6ceba
       85985000	      8499	80005474	035010b3	mulh	x1,x0,x21	  x0:0x00000000 x21:0x9ad6d000  x1=0x00000000
       86025000	      8503	80005478	02bfb1b3	mulhu	x3,x31,x11	 x31:0x0000000b x11:0xfffffffc  x3=0x0000000a
       86035000	      8504	8000547c	8299	c.srli	x13,0x6	 x13:0x00000000 x13=0x00000000
       86045000	      8505	8000547e	e039	c.bnez	x8,800054c4	  x8:0xffffffff
       86065000	      8507	800054c4	ca8d	c.beqz	x13,800054f6	 x13:0x00000000
       86085000	      8509	800054f6	6afd	c.lui	x21,0x1f	 x21=0x0001f000
       86095000	      8510	800054f8	02304f63	blt	x0,x3,80005536	  x0:0x00000000  x3:0x0000000a
       86115000	      8512	80005536	0001	c.addi	x0,0	  x0:0x00000000  x0=0x00000000
       86125000	      8513	80005538	00b1dab3	srl	x21,x3,x11	  x3:0x0000000a x11:0xfffffffc x21=0x00000000
       86135000	      8514	8000553c	8096	c.mv	x1,x5	  x0:0x00000000  x5:0x00000000  x1=0x00000000
       86145000	      8515	8000553e	0ff0000f	fence	iorw,iorw	
       86155000	      8516	80005542	12e80013	addi	x0,x16,302	 x16:0xffff4b00  x0=0x00000000
       86165000	      8517	80005546	00bf6c63	bltu	x30,x11,8000555e	 x30:0x01000000 x11:0xfffffffc
       86195000	      8520	8000555e	fdffac13	slti	x24,x31,-33	 x31:0x0000000b x24=0x00000000
       86205000	      8521	80005562	8d35	c.xor	x10,x13	 x10:0xffffffff x13:0x00000000 x10=0xffffffff
       86575000	      8558	80005564	03bb6db3	rem	x27,x22,x27	 x22:0x00000000 x27:0x00000285 x27=0x00000000
       86585000	      8559	80005568	8add	c.andi	x13,23	 x13:0x00000000 x13=0x00000000
       86595000	      8560	8000556a	027ef163	bgeu	x29,x7,8000558c	 x29:0xffffffff  x7:0x2b50b000
       86645000	      8565	8000558c	03d4a3b3	mulhsu	x7,x9,x29	  x9:0xfffffffe x29:0xffffffff  x7=0xfffffffe
       86655000	      8566	80005590	b5edc193	xori	x3,x27,-1186	 x27:0x00000000  x3=0xfffffb5e
       86665000	      8567	80005594	5b7d	c.li	x22,-1	 x22=0xffffffff
       86705000	      8571	80005596	031b2233	mulhsu	x4,x22,x17	 x22:0xffffffff x17:0x0000000d  x4=0xffffffff
       86715000	      8572	8000559a	00ce9563	bne	x29,x12,800055a4	 x29:0xffffffff x12:0xffffffff
       86725000	      8573	8000559e	01a8bab3	sltu	x21,x17,x26	 x17:0x0000000d x26:0x80022539 x21=0x00000001
       86735000	      8574	800055a2	0001	c.addi	x0,0	  x0:0x00000000  x0=0x00000000
       86745000	      8575	800055a4	5b7d	c.li	x22,-1	 x22=0xffffffff
       86755000	      8576	800055a6	018fceb3	xor	x29,x31,x24	 x31:0x0000000b x24:0x00000000 x29=0x0000000b
       86765000	      8577	800055aa	00d688b3	add	x17,x13,x13	 x13:0x00000000 x13:0x00000000 x17=0x00000000
       86775000	      8578	800055ae	01a4e633	or	x12,x9,x26	  x9:0xfffffffe x26:0x80022539 x12=0xffffffff
       86785000	      8579	800055b2	40730db3	sub	x27,x6,x7	  x6:0x00000001  x7:0xfffffffe x27=0x00000003
       86795000	      8580	800055b6	01912e33	slt	x28,x2,x25	  x2:0xffffffff x25:0x80025ce4 x28=0x00000000
       86805000	      8581	800055ba	177d	c.addi	x14,-1	 x14:0x000000cf x14=0x000000ce
       86815000	      8582	800055bc	8f2d	c.xor	x14,x11	 x14:0x000000ce x11:0xfffffffc x14=0xffffff32
       86825000	      8583	800055be	02986863	bltu	x16,x9,800055ee	 x16:0xffff4b00  x9:0xfffffffe
       86855000	      8586	800055ee	01db98b3	sll	x17,x23,x29	 x23:0xffffffff x29:0x0000000b x17=0xfffff800
       86865000	      8587	800055f2	000bfeb3	and	x29,x23,x0	 x23:0xffffffff  x0:0x00000000 x29=0x00000000
       86875000	      8588	800055f6	00b57763	bgeu	x10,x11,80005604	 x10:0xffffffff x11:0xfffffffc
       87255000	      8626	80005604	0371f433	remu	x8,x3,x23	  x3:0xfffffb5e x23:0xffffffff  x8=0xfffffb5e
       87295000	      8630	80005608	0206a0b3	mulhsu	x1,x13,x0	 x13:0x00000000  x0:0x00000000  x1=0x00000000
       87305000	      8631	8000560c	5c1de113	ori	x2,x27,1473	 x27:0x00000003  x2=0x000005c3
       87315000	      8632	80005610	14fd	c.addi	x9,-1	  x9:0xfffffffe  x9=0xfffffffd
       87325000	      8633	80005612	ec717293	andi	x5,x2,-313	  x2:0x000005c3  x5=0x000004c3
       87365000	      8637	80005616	029fb633	mulhu	x12,x31,x9	 x31:0x0000000b  x9:0xfffffffd x12=0x0000000a
       87375000	      8638	8000561a	0001	c.addi	x0,0	  x0:0x00000000  x0=0x00000000
       87385000	      8639	8000561c	8161	c.srli	x10,0x18	 x10:0xffffffff x10=0x000000ff
       87395000	      8640	8000561e	717d	c.addi16sp	x2,-16	  x2:0x000005c3  x2=0x000005b3
       87405000	      8641	80005620	8475	c.srai	x8,0x1d	  x8:0xfffffb5e  x8=0xffffffff
       87415000	      8642	80005622	15fe1197	auipc	x3,0x15fe1	  x3=0x95fe6622
       87425000	      8643	80005626	01b60c33	add	x24,x12,x27	 x12:0x0000000a x27:0x00000003 x24=0x0000000d
       87435000	      8644	8000562a	1ce8ed93	ori	x27,x17,462	 x17:0xfffff800 x27=0xfffff9ce
       87475000	      8648	8000562e	029731b3	mulhu	x3,x14,x9	 x14:0xffffff32  x9:0xfffffffd  x3=0xffffff2f
       87485000	      8649	80005632	0f3e	c.slli	x30,0xf	 x30:0x01000000 x30=0x00000000
       87495000	      8650	80005634	0c00	c.addi4spn	x8,x2,528	  x8=0x000007c3
       87505000	      8651	80005636	0076d113	srli	x2,x13,0x7	 x13:0x00000000  x2=0x00000000
       87545000	      8655	8000563a	036711b3	mulh	x3,x14,x22	 x14:0xffffff32 x22:0xffffffff  x3=0x00000000
       87555000	      8656	8000563e	008afc33	and	x24,x21,x8	 x21:0x00000001  x8:0x000007c3 x24=0x00000001
       87565000	      8657	80005642	8f7d	c.and	x14,x15	 x14:0xffffff32 x15:0x80000000 x14=0x80000000
       87575000	      8658	80005644	0722f713	andi	x14,x5,114	  x5:0x000004c3 x14=0x00000042
       87585000	      8659	80005648	8c09	c.sub	x8,x10	  x8:0x000007c3 x10:0x000000ff  x8=0x000006c4
       87595000	      8660	8000564a	0049a603	lw	x12,4(x19)	 x19:0x80021df8 x12=0x800057d0 PA:0x80021dfc load:0x800057d0
       87605000	      8661	8000564e	09f1	c.addi	x19,28	 x19:0x80021df8 x19=0x80021e14
       87615000	      8662	80005650	0386	c.slli	x7,0x1	  x7:0xfffffffe  x7=0xfffffffc
       87625000	      8663	80005652	00060f13	addi	x30,x12,0	 x12:0x800057d0 x30=0x800057d0
       87635000	      8664	80005656	8f02	c.jr	x30	 x30:0x800057d0
       87655000	      8666	800057d0	85fd	c.srai	x11,0x1f	 x11:0xfffffffc x11=0xffffffff
       87665000	      8667	800057d2	4a322893	slti	x17,x4,1187	  x4:0xffffffff x17=0x00000001
       87675000	      8668	800057d6	4391	c.li	x7,4	  x7=0x00000004
       87715000	      8672	800057d8	02d720b3	mulhsu	x1,x14,x13	 x14:0x00000042 x13:0x00000000  x1=0x00000000
       87725000	      8673	800057dc	037ef663	bgeu	x29,x23,80005808	 x29:0x00000000 x23:0xffffffff
       88095000	      8710	800057e0	0281cf33	div	x30,x3,x8	  x3:0x00000000  x8:0x000006c4 x30=0x00000000
       88105000	      8711	800057e4	3c45b113	sltiu	x2,x11,964	 x11:0xffffffff  x2=0x00000000
       88115000	      8712	800057e8	8d85	c.sub	x11,x9	 x11:0xffffffff  x9:0xfffffffd x11=0x00000002
       88125000	      8713	800057ea	011eb4b3	sltu	x9,x29,x17	 x29:0x00000000 x17:0x00000001  x9=0x00000001
       88135000	      8714	800057ee	41c5	c.li	x3,17	  x3=0x00000011
       88145000	      8715	800057f0	8bb1	c.andi	x15,12	 x15:0x80000000 x15=0x00000000
       88155000	      8716	800057f2	0122	c.slli	x2,0x8	  x2:0x00000000  x2=0x00000000
       88165000	      8717	800057f4	019b1563	bne	x22,x25,800057fe	 x22:0xffffffff x25:0x80025ce4
       88555000	      8756	800057fe	02e7fdb3	remu	x27,x15,x14	 x15:0x00000000 x14:0x00000042 x27=0x00000000
       88565000	      8757	80005802	011684b3	add	x9,x13,x17	 x13:0x00000000 x17:0x00000001  x9=0x00000001
       88575000	      8758	80005806	8e7d	c.and	x12,x15	 x12:0x800057d0 x15:0x00000000 x12=0x00000000
       88585000	      8759	80005808	147d	c.addi	x8,-1	  x8:0x000006c4  x8=0x000006c3
       88605000	      8761	8000580a	02fac5b3	div	x11,x21,x15	 x21:0x00000001 x15:0x00000000 x11=0xffffffff
       88615000	      8762	8000580e	fdeb77b7	lui	x15,0xfdeb7	 x15=0xfdeb7000
       88625000	      8763	80005812	8f6d	c.and	x14,x11	 x14:0x00000042 x11:0xffffffff x14=0x00000042
       88635000	      8764	80005814	127d	c.addi	x4,-1	  x4:0xffffffff  x4=0xfffffffe
       88645000	      8765	80005816	0049a603	lw	x12,4(x19)	 x19:0x80021e14 x12=0x8000588a PA:0x80021e18 load:0x8000588a
       88655000	      8766	8000581a	00941a13	slli	x20,x8,0x9	  x8:0x000006c3 x20=0x000d8600
       88665000	      8767	8000581e	010128b3	slt	x17,x2,x16	  x2:0x00000000 x16:0xffff4b00 x17=0x00000000
       88675000	      8768	80005822	02498993	addi	x19,x19,36	 x19:0x80021e14 x19=0x80021e38
       88685000	      8769	80005826	04ba	c.slli	x9,0xe	  x9:0x00000001  x9=0x00004000
       88695000	      8770	80005828	00160b93	addi	x23,x12,1	 x12:0x8000588a x23=0x8000588b
       88705000	      8771	8000582c	000b8be7	jalr	x23,0(x23)	 x23:0x8000588b x23=0x80005830
       88725000	      8773	8000588a	8c25	c.xor	x8,x9	  x8:0x000006c3  x9:0x00004000  x8=0x000046c3
       88735000	      8774	8000588c	43cd	c.li	x7,19	  x7=0x00000013
       88745000	      8775	8000588e	0001	c.addi	x0,0	  x0:0x00000000  x0=0x00000000
       88755000	      8776	80005890	019eef33	or	x30,x29,x25	 x29:0x00000000 x25:0x80025ce4 x30=0x80025ce4
       88765000	      8777	80005894	01af9933	sll	x18,x31,x26	 x31:0x0000000b x26:0x80022539 x18=0x16000000
       88775000	      8778	80005898	013d5733	srl	x14,x26,x19	 x26:0x80022539 x19:0x80021e38 x14=0x00000080
       88785000	      8779	8000589c	cb0d	c.beqz	x14,800058ce	 x14:0x00000080
       88795000	      8780	8000589e	96f00b97	auipc	x23,0x96f00	 x23=0x16f0589e
       88835000	      8784	800058a2	039f1333	mulh	x6,x30,x25	 x30:0x80025ce4 x25:0x80025ce4  x6=0x3ffda321
       88845000	      8785	800058a6	31b30d93	addi	x27,x6,795	  x6:0x3ffda321 x27=0x3ffda63c
       88875000	      8788	800058aa	028502b3	mul	x5,x10,x8	 x10:0x000000ff  x8:0x000046c3  x5=0x00467c3d
       89245000	      8825	800058ae	03f16633	rem	x12,x2,x31	  x2:0x00000000 x31:0x0000000b x12=0x00000000
       89255000	      8826	800058b2	99fd	c.andi	x11,-1	 x11:0xffffffff x11=0xffffffff
       89265000	      8827	800058b4	00a8e533	or	x10,x17,x10	 x17:0x00000000 x10:0x000000ff x10=0x000000ff
       89275000	      8828	800058b8	40015a33	sra	x20,x2,x0	  x2:0x00000000  x0:0x00000000 x20=0x00000000
       89315000	      8832	800058bc	0208a733	mulhsu	x14,x17,x0	 x17:0x00000000  x0:0x00000000 x14=0x00000000
       89355000	      8836	800058c0	0325a233	mulhsu	x4,x11,x18	 x11:0xffffffff x18:0x16000000  x4=0xffffffff
       89365000	      8837	800058c4	0ff0000f	fence	iorw,iorw	
       89405000	      8841	800058c8	03bfb1b3	mulhu	x3,x31,x27	 x31:0x0000000b x27:0x3ffda63c  x3=0x00000002
       89415000	      8842	800058cc	e50d	c.bnez	x10,800058f6	 x10:0x000000ff
       89445000	      8845	800058f6	01f1c233	xor	x4,x3,x31	  x3:0x00000002 x31:0x0000000b  x4=0x00000009
       89455000	      8846	800058fa	7c252293	slti	x5,x10,1986	 x10:0x000000ff  x5=0x00000001
       89465000	      8847	800058fe	0049a603	lw	x12,4(x19)	 x19:0x80021e38 x12=0x80003510 PA:0x80021e3c load:0x80003510
       89475000	      8848	80005902	02c98993	addi	x19,x19,44	 x19:0x80021e38 x19=0x80021e64
       89485000	      8849	80005906	84277593	andi	x11,x14,-1982	 x14:0x00000000 x11=0x00000000
       89525000	      8853	8000590a	02321a33	mulh	x20,x4,x3	  x4:0x00000009  x3:0x00000002 x20=0x00000000
       89535000	      8854	8000590e	00060413	addi	x8,x12,0	 x12:0x80003510  x8=0x80003510
       89545000	      8855	80005912	8402	c.jr	x8	  x8:0x80003510
       89565000	      8857	80003510	01507c33	and	x24,x0,x21	  x0:0x00000000 x21:0x00000001 x24=0x00000000
       89605000	      8861	80003514	0393b5b3	mulhu	x11,x7,x25	  x7:0x00000013 x25:0x80025ce4 x11=0x00000009
       89615000	      8862	80003518	67dd	c.lui	x15,0x17	 x15=0x00017000
       89625000	      8863	8000351a	01ada6b3	slt	x13,x27,x26	 x27:0x3ffda63c x26:0x80022539 x13=0x00000000
       89995000	      8900	8000351e	023774b3	remu	x9,x14,x3	 x14:0x00000000  x3:0x00000002  x9=0x00000000
       90005000	      8901	80003522	c1ad	c.beqz	x11,80003584	 x11:0x00000009
       90025000	      8903	80003524	031240b3	div	x1,x4,x17	  x4:0x00000009 x17:0x00000000  x1=0xffffffff
       90035000	      8904	80003528	005105b3	add	x11,x2,x5	  x2:0x00000000  x5:0x00000001 x11=0x00000001
       90045000	      8905	8000352c	0001	c.addi	x0,0	  x0:0x00000000  x0=0x00000000
       90055000	      8906	8000352e	4159d4b3	sra	x9,x19,x21	 x19:0x80021e64 x21:0x00000001  x9=0xc0010f32
       90065000	      8907	80003532	00002f17	auipc	x30,0x2	 x30=0x80005532
       90075000	      8908	80003536	2fef0f13	addi	x30,x30,766	 x30:0x80005532 x30=0x80005830
       90085000	      8909	8000353a	7258b493	sltiu	x9,x17,1829	 x17:0x00000000  x9=0x00000001
       90105000	      8911	8000353e	038bc933	div	x18,x23,x24	 x23:0x16f0589e x24:0x00000000 x18=0xffffffff
       90115000	      8912	80003542	3fbf0f13	addi	x30,x30,1019	 x30:0x80005830 x30=0x80005c2b
       90125000	      8913	80003546	00367c33	and	x24,x12,x3	 x12:0x80003510  x3:0x00000002 x24=0x00000000
       90135000	      8914	8000354a	415b88b3	sub	x17,x23,x21	 x23:0x16f0589e x21:0x00000001 x17=0x16f0589d
       90145000	      8915	8000354e	71796a93	ori	x21,x18,1815	 x18:0xffffffff x21=0xffffffff
       90155000	      8916	80003552	9196	c.add	x3,x5	  x3:0x00000002  x5:0x00000001  x3=0x00000003
       90175000	      8918	80003554	020755b3	divu	x11,x14,x0	 x14:0x00000000  x0:0x00000000 x11=0xffffffff
       90185000	      8919	80003558	0001	c.addi	x0,0	  x0:0x00000000  x0=0x00000000
       90195000	      8920	8000355a	0093e8b3	or	x17,x7,x9	  x7:0x00000013  x9:0x00000001 x17=0x00000013
       90205000	      8921	8000355e	0098c363	blt	x17,x9,80003564	 x17:0x00000013  x9:0x00000001
       90215000	      8922	80003562	8a5a	c.mv	x20,x22	  x0:0x00000000 x22:0xffffffff x20=0xffffffff
       90225000	      8923	80003564	c05f0667	jalr	x12,-1019(x30)	 x30:0x80005c2b x12=0x80003568
       90275000	      8928	80005830	0321a0b3	mulhsu	x1,x3,x18	  x3:0x00000003 x18:0xffffffff  x1=0x00000002
       90285000	      8929	80005834	00b6d663	bge	x13,x11,80005840	 x13:0x00000000 x11:0xffffffff
       90305000	      8931	80005840	fd498993	addi	x19,x19,-44	 x19:0x80021e64 x19=0x80021e38
       90315000	      8932	80005844	0001	c.addi	x0,0	  x0:0x00000000  x0=0x00000000
       90325000	      8933	80005846	00c9a223	sw	x12,4(x19)	 x19:0x80021e38 x12:0x80003568 PA:0x80021e3c store:0x80003568 load:0x00000000
       90335000	      8934	8000584a	008018b3	sll	x17,x0,x8	  x0:0x00000000  x8:0x80003510 x17=0x00000000
       90345000	      8935	8000584e	8451	c.srai	x8,0x14	  x8:0x80003510  x8=0xfffff800
       90355000	      8936	80005850	00cb1133	sll	x2,x22,x12	 x22:0xffffffff x12:0x80003568  x2=0xffffff00
       90365000	      8937	80005854	01de37b3	sltu	x15,x28,x29	 x28:0x00000000 x29:0x00000000 x15=0x00000000
       90375000	      8938	80005858	b7d43593	sltiu	x11,x8,-1155	  x8:0xfffff800 x11=0x00000001
       90385000	      8939	8000585c	80d6	c.mv	x1,x21	  x0:0x00000000 x21:0xffffffff  x1=0xffffffff
       90395000	      8940	8000585e	73eed717	auipc	x14,0x73eed	 x14=0xf3ef285e
       90405000	      8941	80005862	01b34663	blt	x6,x27,8000586e	  x6:0x3ffda321 x27:0x3ffda63c
       90435000	      8944	8000586e	f31ff66f	jal	x12,8000579e	 x12=0x80005872
       90465000	      8947	8000579e	0083e463	bltu	x7,x8,800057a6	  x7:0x00000013  x8:0xfffff800
       90495000	      8950	800057a6	fdc98993	addi	x19,x19,-36	 x19:0x80021e38 x19=0x80021e14
       90505000	      8951	800057aa	00c9a223	sw	x12,4(x19)	 x19:0x80021e14 x12:0x80005872 PA:0x80021e18 store:0x80005872 load:0x00000000
       90515000	      8952	800057ae	0222	c.slli	x4,0x8	  x4:0x00000009  x4=0x00000900
       90525000	      8953	800057b0	dacff893	andi	x17,x31,-596	 x31:0x0000000b x17=0x00000008
       90535000	      8954	800057b4	0000100f	fence.i	
       90555000	      8956	800057b8	0001	c.addi	x0,0	  x0:0x00000000  x0=0x00000000
       90565000	      8957	800057ba	8c39	c.xor	x8,x14	  x8:0xfffff800 x14:0xf3ef285e  x8=0x0c10d05e
       90605000	      8961	800057bc	032037b3	mulhu	x15,x0,x18	  x0:0x00000000 x18:0xffffffff x15=0x00000000
       90975000	      8998	800057c0	0313e3b3	rem	x7,x7,x17	  x7:0x00000013 x17:0x00000008  x7=0x00000003
       90985000	      8999	800057c4	40a45013	srai	x0,x8,0xa	  x8:0x0c10d05e  x0=0x00000000
       91355000	      9036	800057c8	021167b3	rem	x15,x2,x1	  x2:0xffffff00  x1:0xffffffff x15=0x00000000
       91365000	      9037	800057cc	ef7fd66f	jal	x12,800036c2	 x12=0x800057d0
       91385000	      9039	800036c2	8c61	c.and	x8,x8	  x8:0x0c10d05e  x8:0x0c10d05e  x8=0x0c10d05e
       91395000	      9040	800036c4	9ade6513	ori	x10,x28,-1619	 x28:0x00000000 x10=0xfffff9ad
       91435000	      9044	800036c8	0301b133	mulhu	x2,x3,x16	  x3:0x00000003 x16:0xffff4b00  x2=0x00000002
       91445000	      9045	800036cc	1991	c.addi	x19,-28	 x19:0x80021e14 x19=0x80021df8
       91455000	      9046	800036ce	21ec2b13	slti	x22,x24,542	 x24:0x00000000 x22=0x00000001
       91465000	      9047	800036d2	00e81d33	sll	x26,x16,x14	 x16:0xffff4b00 x14:0xf3ef285e x26=0x00000000
       91475000	      9048	800036d6	00c9a223	sw	x12,4(x19)	 x19:0x80021df8 x12:0x800057d0 PA:0x80021dfc store:0x800057d0 load:0x00000000
       91485000	      9049	800036da	0da6	c.slli	x27,0x9	 x27:0x3ffda63c x27=0xfb4c7800
       91495000	      9050	800036dc	9f66b493	sltiu	x9,x13,-1546	 x13:0x00000000  x9=0x00000001
       91515000	      9052	800036e0	020ed033	divu	x0,x29,x0	 x29:0x00000000  x0:0x00000000  x0=0x00000000
       91525000	      9053	800036e4	00a4b733	sltu	x14,x9,x10	  x9:0x00000001 x10:0xfffff9ad x14=0x00000001
       91535000	      9054	800036e8	82e2	c.mv	x5,x24	  x0:0x00000000 x24:0x00000000  x5=0x00000000
       91545000	      9055	800036ea	8fdd	c.or	x15,x15	 x15:0x00000000 x15:0x00000000 x15=0x00000000
       91555000	      9056	800036ec	0007f963	bgeu	x15,x0,800036fe	 x15:0x00000000  x0:0x00000000
       91585000	      9059	800036fe	0ff0000f	fence	iorw,iorw	
       91625000	      9063	80003702	03101233	mulh	x4,x0,x17	  x0:0x00000000 x17:0x00000008  x4=0x00000000
       91995000	      9100	80003706	035af433	remu	x8,x21,x21	 x21:0xffffffff x21:0xffffffff  x8=0x00000000
       92005000	      9101	8000370a	127d	c.addi	x4,-1	  x4:0x00000000  x4=0xffffffff
       92015000	      9102	8000370c	8c39	c.xor	x8,x14	  x8:0x00000000 x14:0x00000001  x8=0x00000001
       92025000	      9103	8000370e	e3cd0a13	addi	x20,x26,-452	 x26:0x00000000 x20=0xfffffe3c
       92045000	      9105	80003712	02f24d33	div	x26,x4,x15	  x4:0xffffffff x15:0x00000000 x26=0xffffffff
       92055000	      9106	80003716	0001	c.addi	x0,0	  x0:0x00000000  x0=0x00000000
       92065000	      9107	80003718	6f7b67b7	lui	x15,0x6f7b6	 x15=0x6f7b6000
       92075000	      9108	8000371c	9afd	c.andi	x13,-1	 x13:0x00000000 x13=0x00000000
       92085000	      9109	8000371e	88bd	c.andi	x9,15	  x9:0x00000001  x9=0x00000001
       92095000	      9110	80003720	40915133	sra	x2,x2,x9	  x2:0x00000002  x9:0x00000001  x2=0x00000001
       92105000	      9111	80003724	ea81	c.bnez	x13,80003734	 x13:0x00000000
       92135000	      9114	80003726	02c50333	mul	x6,x10,x12	 x10:0xfffff9ad x12:0x800057d0  x6=0x7dd4a790
       92145000	      9115	8000372a	8c79	c.and	x8,x14	  x8:0x00000001 x14:0x00000001  x8=0x00000001
       92155000	      9116	8000372c	028c0c63	beq	x24,x8,80003764	 x24:0x00000000  x8:0x00000001
       92165000	      9117	80003730	006876b3	and	x13,x16,x6	 x16:0xffff4b00  x6:0x7dd4a790 x13=0x7dd40300
       92175000	      9118	80003734	4b75	c.li	x22,29	 x22=0x0000001d
       92185000	      9119	80003736	826e	c.mv	x4,x27	  x0:0x00000000 x27:0xfb4c7800  x4=0xfb4c7800
       92195000	      9120	80003738	8c95	c.sub	x9,x13	  x9:0x00000001 x13:0x7dd40300  x9=0x822bfd01
       92205000	      9121	8000373a	0001	c.addi	x0,0	  x0:0x00000000  x0=0x00000000
       92215000	      9122	8000373c	0001	c.addi	x0,0	  x0:0x00000000  x0=0x00000000
       92225000	      9123	8000373e	00032093	slti	x1,x6,0	  x6:0x7dd4a790  x1=0x00000000
       92235000	      9124	80003742	3674ed13	ori	x26,x9,871	  x9:0x822bfd01 x26=0x822bff67
       92245000	      9125	80003746	00a56863	bltu	x10,x10,80003756	 x10:0xfffff9ad x10:0xfffff9ad
       92255000	      9126	8000374a	afec4e13	xori	x28,x24,-1282	 x24:0x00000000 x28=0xfffffafe
       92265000	      9127	8000374e	cb2c2a93	slti	x21,x24,-846	 x24:0x00000000 x21=0x00000000
       92275000	      9128	80003752	01c0b4b3	sltu	x9,x1,x28	  x1:0x00000000 x28:0xfffffafe  x9=0x00000001
       92285000	      9129	80003756	41d9	c.li	x3,22	  x3=0x00000016
       92655000	      9166	80003758	03e0c933	div	x18,x1,x30	  x1:0x00000000 x30:0x80005c2b x18=0x00000000
       92665000	      9167	8000375c	0bda9517	auipc	x10,0xbda9	 x10=0x8bdac75c
       92675000	      9168	80003760	03bfd163	bge	x31,x27,80003782	 x31:0x0000000b x27:0xfb4c7800
       92695000	      9170	80003782	8355	c.srli	x14,0x15	 x14:0x00000001 x14=0x00000000
       92705000	      9171	80003784	0001	c.addi	x0,0	  x0:0x00000000  x0=0x00000000
       92745000	      9175	80003786	03a3a933	mulhsu	x18,x7,x26	  x7:0x00000003 x26:0x822bff67 x18=0x00000001
       92755000	      9176	8000378a	047ef463	bgeu	x29,x7,800037d2	 x29:0x00000000  x7:0x00000003
       92765000	      9177	8000378e	c699	c.beqz	x13,8000379c	 x13:0x7dd40300
       92795000	      9180	80003790	037d0ab3	mul	x21,x26,x23	 x26:0x822bff67 x23:0x16f0589e x21=0xc1830992
       92805000	      9181	80003794	0ff0000f	fence	iorw,iorw	
       92815000	      9182	80003798	4142d7b3	sra	x15,x5,x20	  x5:0x00000000 x20:0xfffffe3c x15=0x00000000
       92825000	      9183	8000379c	8e21	c.xor	x12,x8	 x12:0x800057d0  x8:0x00000001 x12=0x800057d1
       92835000	      9184	8000379e	00c3d563	bge	x7,x12,800037a8	  x7:0x00000003 x12:0x800057d1
       92885000	      9189	800037a8	026eb833	mulhu	x16,x29,x6	 x29:0x00000000  x6:0x7dd4a790 x16=0x00000000
       92895000	      9190	800037ac	034a6763	bltu	x20,x20,800037da	 x20:0xfffffe3c x20:0xfffffe3c
       92915000	      9192	800037b0	02fec433	div	x8,x29,x15	 x29:0x00000000 x15:0x00000000  x8=0xffffffff
       92925000	      9193	800037b4	00b46bb3	or	x23,x8,x11	  x8:0xffffffff x11:0x00000001 x23=0xffffffff
       92935000	      9194	800037b8	8f49	c.or	x14,x10	 x14:0x00000000 x10:0x8bdac75c x14=0x8bdac75c
       92945000	      9195	800037ba	021df863	bgeu	x27,x1,800037ea	 x27:0xfb4c7800  x1:0x00000000
       92975000	      9198	800037ea	9beefb93	andi	x23,x29,-1602	 x29:0x00000000 x23=0x00000000
       93345000	      9235	800037ee	03297533	remu	x10,x18,x18	 x18:0x00000001 x18:0x00000001 x10=0x00000000
       93355000	      9236	800037f2	8e59	c.or	x12,x14	 x12:0x800057d1 x14:0x8bdac75c x12=0x8bdad7dd
       93365000	      9237	800037f4	717bcb93	xori	x23,x23,1815	 x23:0x00000000 x23=0x00000717
       93385000	      9239	800037f8	0300ed33	rem	x26,x1,x16	  x1:0x00000000 x16:0x00000000 x26=0x00000000
       93395000	      9240	800037fc	0001	c.addi	x0,0	  x0:0x00000000  x0=0x00000000
       93405000	      9241	800037fe	8e2d	c.xor	x12,x11	 x12:0x8bdad7dd x11:0x00000001 x12=0x8bdad7dc
       93415000	      9242	80003800	80b1	c.srli	x9,0xc	  x9:0x00000001  x9=0x00000000
       93425000	      9243	80003802	8d85	c.sub	x11,x9	 x11:0x00000001  x9:0x00000000 x11=0x00000001
       93435000	      9244	80003804	b7314193	xori	x3,x2,-1165	  x2:0x00000001  x3=0xfffffb72
       93445000	      9245	80003808	012148b3	xor	x17,x2,x18	  x2:0x00000001 x18:0x00000001 x17=0x00000000
       93455000	      9246	8000380c	02b1f363	bgeu	x3,x11,80003832	  x3:0xfffffb72 x11:0x00000001
       93515000	      9252	80003832	02749d33	mulh	x26,x9,x7	  x9:0x00000000  x7:0x00000003 x26=0x00000000
       93525000	      9253	80003836	0001	c.addi	x0,0	  x0:0x00000000  x0=0x00000000
       93535000	      9254	80003838	0000100f	fence.i	
       93555000	      9256	8000383c	2c352737	lui	x14,0x2c352	 x14=0x2c352000
       93565000	      9257	80003840	0001	c.addi	x0,0	  x0:0x00000000  x0=0x00000000
       93575000	      9258	80003842	ca95	c.beqz	x13,80003876	 x13:0x7dd40300
       93595000	      9260	80003844	0386dd33	divu	x26,x13,x24	 x13:0x7dd40300 x24:0x00000000 x26=0xffffffff
       93605000	      9261	80003848	8f55	c.or	x14,x13	 x14:0x2c352000 x13:0x7dd40300 x14=0x7df52300
       93975000	      9298	8000384a	03c7cd33	div	x26,x15,x28	 x15:0x00000000 x28:0xfffffafe x26=0x00000000
       93985000	      9299	8000384e	8f15	c.sub	x14,x13	 x14:0x7df52300 x13:0x7dd40300 x14=0x00212000
       93995000	      9300	80003850	3a5f4a13	xori	x20,x30,933	 x30:0x80005c2b x20=0x80005f8e
       94005000	      9301	80003854	a66b7b13	andi	x22,x22,-1434	 x22:0x0000001d x22=0x00000004
       94015000	      9302	80003858	743a3413	sltiu	x8,x20,1859	 x20:0x80005f8e  x8=0x00000000
       94025000	      9303	8000385c	015931b3	sltu	x3,x18,x21	 x18:0x00000001 x21:0xc1830992  x3=0x00000001
       94035000	      9304	80003860	0000100f	fence.i	
       94055000	      9306	80003864	034e6c63	bltu	x28,x20,8000389c	 x28:0xfffffafe x20:0x80005f8e
       94065000	      9307	80003868	005471b3	and	x3,x8,x5	  x8:0x00000000  x5:0x00000000  x3=0x00000000
       94075000	      9308	8000386c	00da5bb3	srl	x23,x20,x13	 x20:0x80005f8e x13:0x7dd40300 x23=0x80005f8e
       94115000	      9312	80003870	02b49033	mulh	x0,x9,x11	  x9:0x00000000 x11:0x00000001  x0=0x00000000
       94125000	      9313	80003874	8c7d	c.and	x8,x15	  x8:0x00000000 x15:0x00000000  x8=0x00000000
       94135000	      9314	80003876	fbe0a393	slti	x7,x1,-66	  x1:0x00000000  x7=0x00000000
       94145000	      9315	8000387a	0001	c.addi	x0,0	  x0:0x00000000  x0=0x00000000
       94155000	      9316	8000387c	03a7ff63	bgeu	x15,x26,800038ba	 x15:0x00000000 x26:0x00000000
       94175000	      9318	800038ba	8956	c.mv	x18,x21	  x0:0x00000000 x21:0xc1830992 x18=0xc1830992
       94185000	      9319	800038bc	c211	c.beqz	x12,800038c0	 x12:0x8bdad7dc
       94195000	      9320	800038be	8c45	c.or	x8,x9	  x8:0x00000000  x9:0x00000000  x8=0x00000000
       94205000	      9321	800038c0	0536	c.slli	x10,0xd	 x10:0x00000000 x10=0x00000000
       94225000	      9323	800038c2	029a4d33	div	x26,x20,x9	 x20:0x80005f8e  x9:0x00000000 x26=0xffffffff
       94235000	      9324	800038c6	8db9	c.xor	x11,x14	 x11:0x00000001 x14:0x00212000 x11=0x00212001
       94245000	      9325	800038c8	e791	c.bnez	x15,800038d4	 x15:0x00000000
       94265000	      9327	800038ca	027fee33	rem	x28,x31,x7	 x31:0x0000000b  x7:0x00000000 x28=0x0000000b
       94275000	      9328	800038ce	2303b113	sltiu	x2,x7,560	  x7:0x00000000  x2=0x00000001
       94285000	      9329	800038d2	8139	c.srli	x10,0xe	 x10:0x00000000 x10=0x00000000
       94295000	      9330	800038d4	0001	c.addi	x0,0	  x0:0x00000000  x0=0x00000000
       94305000	      9331	800038d6	41595093	srai	x1,x18,0x15	 x18:0xc1830992  x1=0xfffffe0c
       94315000	      9332	800038da	4b41b017	auipc	x0,0x4b41b	  x0=0x00000000
       94325000	      9333	800038de	001fa0b3	slt	x1,x31,x1	 x31:0x0000000b  x1:0xfffffe0c  x1=0x00000000
       94335000	      9334	800038e2	01b5aab3	slt	x21,x11,x27	 x11:0x00212001 x27:0xfb4c7800 x21=0x00000000
       94345000	      9335	800038e6	00624133	xor	x2,x4,x6	  x4:0xfb4c7800  x6:0x7dd4a790  x2=0x8698df90
       94375000	      9338	800038ea	02670533	mul	x10,x14,x6	 x14:0x00212000  x6:0x7dd4a790 x10=0x2e820000
       94385000	      9339	800038ee	8ed1	c.or	x13,x12	 x13:0x7dd40300 x12:0x8bdad7dc x13=0xffded7dc
       94395000	      9340	800038f0	73b7a393	slti	x7,x15,1851	 x15:0x00000000  x7=0x00000001
       94405000	      9341	800038f4	0318ec63	bltu	x17,x17,8000392c	 x17:0x00000000 x17:0x00000000
       94415000	      9342	800038f8	04bae163	bltu	x21,x11,8000393a	 x21:0x00000000 x11:0x00212001
       94465000	      9347	8000393a	03bf8d33	mul	x26,x31,x27	 x31:0x0000000b x27:0xfb4c7800 x26=0xcc492800
       94475000	      9348	8000393e	0065c033	xor	x0,x11,x6	 x11:0x00212001  x6:0x7dd4a790  x0=0x00000000
       94485000	      9349	80003942	418b5f33	sra	x30,x22,x24	 x22:0x00000004 x24:0x00000000 x30=0x00000004
       94495000	      9350	80003946	011f3733	sltu	x14,x30,x17	 x30:0x00000004 x17:0x00000000 x14=0x00000000
       94505000	      9351	8000394a	05df8063	beq	x31,x29,8000398a	 x31:0x0000000b x29:0x00000000
       94515000	      9352	8000394e	01265133	srl	x2,x12,x18	 x12:0x8bdad7dc x18:0xc1830992  x2=0x000022f6
       94525000	      9353	80003952	ce05	c.beqz	x12,8000398a	 x12:0x8bdad7dc
       94535000	      9354	80003954	02628263	beq	x5,x6,80003978	  x5:0x00000000  x6:0x7dd4a790
       94545000	      9355	80003958	66d1e797	auipc	x15,0x66d1e	 x15=0xe6d21958
       94555000	      9356	8000395c	6291	c.lui	x5,0x4	  x5=0x00004000
       94565000	      9357	8000395e	41cb07b3	sub	x15,x22,x28	 x22:0x00000004 x28:0x0000000b x15=0xfffffff9
       94575000	      9358	80003962	035d4963	blt	x26,x21,80003994	 x26:0xcc492800 x21:0x00000000
       94595000	      9360	80003994	01799513	slli	x10,x19,0x17	 x19:0x80021df8 x10=0xfc000000
       94635000	      9364	80003998	020fba33	mulhu	x20,x31,x0	 x31:0x0000000b  x0:0x00000000 x20=0x00000000
       94665000	      9367	8000399c	03188233	mul	x4,x17,x17	 x17:0x00000000 x17:0x00000000  x4=0x00000000
       94675000	      9368	800039a0	40c3dd93	srai	x27,x7,0xc	  x7:0x00000001 x27=0x00000000
       94685000	      9369	800039a4	24ef6b13	ori	x22,x30,590	 x30:0x00000004 x22=0x0000024e
       95055000	      9406	800039a8	03e7d6b3	divu	x13,x15,x30	 x15:0xfffffff9 x30:0x00000004 x13=0x3ffffffe
       95065000	      9407	800039ac	411cd393	srai	x7,x25,0x11	 x25:0x80025ce4  x7=0xffffc001
       95075000	      9408	800039b0	aa488193	addi	x3,x17,-1372	 x17:0x00000000  x3=0xfffffaa4
       95085000	      9409	800039b4	e585	c.bnez	x11,800039dc	 x11:0x00212001
       95105000	      9411	800039dc	01d2	c.slli	x3,0x14	  x3:0xfffffaa4  x3=0xaa400000
       95115000	      9412	800039de	d4d8f213	andi	x4,x17,-691	 x17:0x00000000  x4=0x00000000
       95135000	      9414	800039e2	0211ceb3	div	x29,x3,x1	  x3:0xaa400000  x1:0x00000000 x29=0xffffffff
       95145000	      9415	800039e6	0001	c.addi	x0,0	  x0:0x00000000  x0=0x00000000
       95155000	      9416	800039e8	08ee	c.slli	x17,0x1b	 x17:0x00000000 x17=0x00000000
       95165000	      9417	800039ea	04eef163	bgeu	x29,x14,80003a2c	 x29:0xffffffff x14:0x00000000
       95185000	      9419	80003a2c	ceb85c17	auipc	x24,0xceb85	 x24=0x4eb88a2c
       95195000	      9420	80003a30	0ff0000f	fence	iorw,iorw	
       95205000	      9421	80003a34	05dbc363	blt	x23,x29,80003a7a	 x23:0x80005f8e x29:0xffffffff
       95225000	      9423	80003a7a	8ead	c.xor	x13,x11	 x13:0x3ffffffe x11:0x00212001 x13=0x3fdedfff
       95235000	      9424	80003a7c	8fdd	c.or	x15,x15	 x15:0xfffffff9 x15:0xfffffff9 x15=0xfffffff9
       95245000	      9425	80003a7e	015e8663	beq	x29,x21,80003a8a	 x29:0xffffffff x21:0x00000000
       95255000	      9426	80003a82	02547663	bgeu	x8,x5,80003aae	  x8:0x00000000  x5:0x00004000
       95625000	      9463	80003a86	03ce62b3	rem	x5,x28,x28	 x28:0x0000000b x28:0x0000000b  x5=0x00000000
       95995000	      9500	80003a8a	03a8ca33	div	x20,x17,x26	 x17:0x00000000 x26:0xcc492800 x20=0x00000000
       96005000	      9501	80003a8e	021d8063	beq	x27,x1,80003aae	 x27:0x00000000  x1:0x00000000
       96395000	      9540	80003aae	02ae6b33	rem	x22,x28,x10	 x28:0x0000000b x10:0xfc000000 x22=0x0000000b
       96405000	      9541	80003ab2	8f35	c.xor	x14,x13	 x14:0x00000000 x13:0x3fdedfff x14=0x3fdedfff
       96415000	      9542	80003ab4	0155f663	bgeu	x11,x21,80003ac0	 x11:0x00212001 x21:0x00000000
       96435000	      9544	80003ac0	8271	c.srli	x12,0x1c	 x12:0x8bdad7dc x12=0x00000008
       96445000	      9545	80003ac2	865e	c.mv	x12,x23	  x0:0x00000000 x23:0x80005f8e x12=0x80005f8e
       96455000	      9546	80003ac4	6161	c.addi16sp	x2,80	  x2:0x000022f6  x2=0x00002346
       96825000	      9583	80003ac6	038cc933	div	x18,x25,x24	 x25:0x80025ce4 x24:0x4eb88a2c x18=0xffffffff
       96835000	      9584	80003aca	04a26063	bltu	x4,x10,80003b0a	  x4:0x00000000 x10:0xfc000000
       96855000	      9586	80003b0a	51fd	c.li	x3,-1	  x3=0xffffffff
       96865000	      9587	80003b0c	010e9d63	bne	x29,x16,80003b26	 x29:0xffffffff x16:0x00000000
       96895000	      9590	80003b26	b05fd037	lui	x0,0xb05fd	  x0=0x00000000
       96905000	      9591	80003b2a	e99b6793	ori	x15,x22,-359	 x22:0x0000000b x15=0xfffffe9b
       96915000	      9592	80003b2e	833a	c.mv	x6,x14	  x0:0x00000000 x14:0x3fdedfff  x6=0x3fdedfff
       97285000	      9629	80003b30	02d66633	rem	x12,x12,x13	 x12:0x80005f8e x13:0x3fdedfff x12=0xffbe1f8c
       97295000	      9630	80003b34	0001	c.addi	x0,0	  x0:0x00000000  x0=0x00000000
       97305000	      9631	80003b36	6ab5	c.lui	x21,0xd	 x21=0x0000d000
       97315000	      9632	80003b38	92c6	c.add	x5,x17	  x5:0x00000000 x17:0x00000000  x5=0x00000000
       97325000	      9633	80003b3a	17147793	andi	x15,x8,369	  x8:0x00000000 x15=0x00000000
       97335000	      9634	80003b3e	0ff0000f	fence	iorw,iorw	
       97345000	      9635	80003b42	013b2133	slt	x2,x22,x19	 x22:0x0000000b x19:0x80021df8  x2=0x00000000
       97355000	      9636	80003b46	8f99	c.sub	x15,x14	 x15:0x00000000 x14:0x3fdedfff x15=0xc0212001
       97365000	      9637	80003b48	0001	c.addi	x0,0	  x0:0x00000000  x0=0x00000000
       97375000	      9638	80003b4a	401752b3	sra	x5,x14,x1	 x14:0x3fdedfff  x1:0x00000000  x5=0x3fdedfff
       97385000	      9639	80003b4e	e985	c.bnez	x11,80003b7e	 x11:0x00212001
       97405000	      9641	80003b7e	8fc1	c.or	x15,x8	 x15:0xc0212001  x8:0x00000000 x15=0xc0212001
       97415000	      9642	80003b80	0001	c.addi	x0,0	  x0:0x00000000  x0=0x00000000
       97425000	      9643	80003b82	1214	c.addi4spn	x13,x2,288	 x13=0x00000120
       97435000	      9644	80003b84	6541c813	xori	x16,x3,1620	  x3:0xffffffff x16=0xfffff9ab
       97445000	      9645	80003b88	614d	c.addi16sp	x2,176	  x2:0x00000000  x2=0x000000b0
       97455000	      9646	80003b8a	0001	c.addi	x0,0	  x0:0x00000000  x0=0x00000000
       97465000	      9647	80003b8c	080e	c.slli	x16,0x3	 x16:0xfffff9ab x16=0xffffcd58
       97475000	      9648	80003b8e	0000100f	fence.i	
       97495000	      9650	80003b92	6129	c.addi16sp	x2,192	  x2:0x000000b0  x2=0x00000170
       97505000	      9651	80003b94	01efd463	bge	x31,x30,80003b9c	 x31:0x0000000b x30:0x00000004
       97545000	      9655	80003b9c	030202b3	mul	x5,x4,x16	  x4:0x00000000 x16:0xffffcd58  x5=0x00000000
       97555000	      9656	80003ba0	05910013	addi	x0,x2,89	  x2:0x00000170  x0=0x00000000
       97925000	      9693	80003ba4	0236dab3	divu	x21,x13,x3	 x13:0x00000120  x3:0xffffffff x21=0x00000000
       97935000	      9694	80003ba8	00c10263	beq	x2,x12,80003bac	  x2:0x00000170 x12:0xffbe1f8c
       97945000	      9695	80003bac	03449a63	bne	x9,x20,80003be0	  x9:0x00000000 x20:0x00000000
       97955000	      9696	80003bb0	004f51b3	srl	x3,x30,x4	 x30:0x00000004  x4:0x00000000  x3=0x00000004
       97965000	      9697	80003bb4	1688	c.addi4spn	x10,x2,864	 x10=0x000004d0
       97975000	      9698	80003bb6	567d	c.li	x12,-1	 x12=0xffffffff
       97985000	      9699	80003bb8	419e5e93	srai	x29,x28,0x19	 x28:0x0000000b x29=0x00000000
       97995000	      9700	80003bbc	0622	c.slli	x12,0x8	 x12:0xffffffff x12=0xffffff00
       98005000	      9701	80003bbe	980e	c.add	x16,x3	 x16:0xffffcd58  x3:0x00000004 x16=0xffffcd5c
       98015000	      9702	80003bc0	0ff0000f	fence	iorw,iorw	
       98025000	      9703	80003bc4	407881b3	sub	x3,x17,x7	 x17:0x00000000  x7:0xffffc001  x3=0x00003fff
       98065000	      9707	80003bc8	02e3a833	mulhsu	x16,x7,x14	  x7:0xffffc001 x14:0x3fdedfff x16=0xfffff008
       98075000	      9708	80003bcc	877a	c.mv	x14,x30	  x0:0x00000000 x30:0x00000004 x14=0x00000004
       98085000	      9709	80003bce	6441bb13	sltiu	x22,x3,1604	  x3:0x00003fff x22=0x00000000
       98095000	      9710	80003bd2	e408f613	andi	x12,x17,-448	 x17:0x00000000 x12=0x00000000
       98105000	      9711	80003bd6	98fd	c.andi	x9,-1	  x9:0x00000000  x9=0x00000000
       98145000	      9715	80003bd8	02dd12b3	mulh	x5,x26,x13	 x26:0xcc492800 x13:0x00000120  x5=0xffffffc5
       98155000	      9716	80003bdc	0000100f	fence.i	
       98175000	      9718	80003be0	9bfd	c.andi	x15,-1	 x15:0xc0212001 x15=0xc0212001
       98185000	      9719	80003be2	c509	c.beqz	x10,80003bec	 x10:0x000004d0
       98195000	      9720	80003be4	8f61	c.and	x14,x8	 x14:0x00000004  x8:0x00000000 x14=0x00000000
       98205000	      9721	80003be6	83a1	c.srli	x15,0x8	 x15:0xc0212001 x15=0x00c02120
       98245000	      9725	80003be8	03039333	mulh	x6,x7,x16	  x7:0xffffc001 x16:0xfffff008  x6=0x00000000
       98255000	      9726	80003bec	01fbe863	bltu	x23,x31,80003bfc	 x23:0x80005f8e x31:0x0000000b
       98265000	      9727	80003bf0	64634393	xori	x7,x6,1606	  x6:0x00000000  x7=0x00000646
       98275000	      9728	80003bf4	00ce3133	sltu	x2,x28,x12	 x28:0x0000000b x12:0x00000000  x2=0x00000000
       98285000	      9729	80003bf8	006a5613	srli	x12,x20,0x6	 x20:0x00000000 x12=0x00000000
       98295000	      9730	80003bfc	00b87d63	bgeu	x16,x11,80003c16	 x16:0xfffff008 x11:0x00212001
       98315000	      9732	80003c16	8d71	c.and	x10,x12	 x10:0x000004d0 x12:0x00000000 x10=0x00000000
       98325000	      9733	80003c18	0c41	c.addi	x24,16	 x24:0x4eb88a2c x24=0x4eb88a3c
       98355000	      9736	80003c1a	03b68533	mul	x10,x13,x27	 x13:0x00000120 x27:0x00000000 x10=0x00000000
       98365000	      9737	80003c1e	6a770e93	addi	x29,x14,1703	 x14:0x00000000 x29=0x000006a7
       98375000	      9738	80003c22	0000100f	fence.i	
       98425000	      9743	80003c26	03c80c33	mul	x24,x16,x28	 x16:0xfffff008 x28:0x0000000b x24=0xffff5058
       98455000	      9746	80003c2a	021e86b3	mul	x13,x29,x1	 x29:0x000006a7  x1:0x00000000 x13=0x00000000
       98465000	      9747	80003c2e	0001	c.addi	x0,0	  x0:0x00000000  x0=0x00000000
       98475000	      9748	80003c30	9a7d	c.andi	x12,-1	 x12:0x00000000 x12=0x00000000
       98485000	      9749	80003c32	87ea	c.mv	x15,x26	  x0:0x00000000 x26:0xcc492800 x15=0xcc492800
       98495000	      9750	80003c34	c1e06d13	ori	x26,x0,-994	  x0:0x00000000 x26=0xfffffc1e
       98505000	      9751	80003c38	00449533	sll	x10,x9,x4	  x9:0x00000000  x4:0x00000000 x10=0x00000000
       98515000	      9752	80003c3c	37093813	sltiu	x16,x18,880	 x18:0xffffffff x16=0x00000000
       98525000	      9753	80003c40	4de1	c.li	x27,24	 x27=0x00000018
       98535000	      9754	80003c42	40a05733	sra	x14,x0,x10	  x0:0x00000000 x10:0x00000000 x14=0x00000000
       98545000	      9755	80003c46	02a61b63	bne	x12,x10,80003c7c	 x12:0x00000000 x10:0x00000000
       98555000	      9756	80003c4a	003a6533	or	x10,x20,x3	 x20:0x00000000  x3:0x00003fff x10=0x00003fff
       98565000	      9757	80003c4e	414dd433	sra	x8,x27,x20	 x27:0x00000018 x20:0x00000000  x8=0x00000018
       98575000	      9758	80003c52	94c12c13	slti	x24,x2,-1716	  x2:0x00000000 x24=0x00000000
       98585000	      9759	80003c56	6d26b313	sltiu	x6,x13,1746	 x13:0x00000000  x6=0x00000001
       98615000	      9762	80003c5a	03240133	mul	x2,x8,x18	  x8:0x00000018 x18:0xffffffff  x2=0xffffffe8
       98625000	      9763	80003c5e	04ee1163	bne	x28,x14,80003ca0	 x28:0x0000000b x14:0x00000000
       98645000	      9765	80003ca0	1d9f2293	slti	x5,x30,473	 x30:0x00000004  x5=0x00000001
       98655000	      9766	80003ca4	40240eb3	sub	x29,x8,x2	  x8:0x00000018  x2:0xffffffe8 x29=0x00000030
       98685000	      9769	80003ca8	03f48233	mul	x4,x9,x31	  x9:0x00000000 x31:0x0000000b  x4=0x00000000
       98695000	      9770	80003cac	002edb93	srli	x23,x29,0x2	 x29:0x00000030 x23=0x0000000c
       98705000	      9771	80003cb0	009df8b3	and	x17,x27,x9	 x27:0x00000018  x9:0x00000000 x17=0x00000000
       98715000	      9772	80003cb4	ea433637	lui	x12,0xea433	 x12=0xea433000
       98725000	      9773	80003cb8	00240a33	add	x20,x8,x2	  x8:0x00000018  x2:0xffffffe8 x20=0x00000000
       98735000	      9774	80003cbc	c609	c.beqz	x12,80003cc6	 x12:0xea433000
       98745000	      9775	80003cbe	030c8017	auipc	x0,0x30c8	  x0=0x00000000
       98785000	      9779	80003cc2	031011b3	mulh	x3,x0,x17	  x0:0x00000000 x17:0x00000000  x3=0x00000000
       98795000	      9780	80003cc6	0135f363	bgeu	x11,x19,80003ccc	 x11:0x00212001 x19:0x80021df8
       98805000	      9781	80003cca	517d	c.li	x2,-1	  x2=0xffffffff
       98815000	      9782	80003ccc	011f01b3	add	x3,x30,x17	 x30:0x00000004 x17:0x00000000  x3=0x00000004
       98855000	      9786	80003cd0	0290a5b3	mulhsu	x11,x1,x9	  x1:0x00000000  x9:0x00000000 x11=0x00000000
       98865000	      9787	80003cd4	1398	c.addi4spn	x14,x2,480	 x14=0x000001df
       98875000	      9788	80003cd6	030b1263	bne	x22,x16,80003cfa	 x22:0x00000000 x16:0x00000000
       98885000	      9789	80003cda	8332	c.mv	x6,x12	  x0:0x00000000 x12:0xea433000  x6=0xea433000
       98895000	      9790	80003cdc	8edd	c.or	x13,x15	 x13:0x00000000 x15:0xcc492800 x13=0xcc492800
       98905000	      9791	80003cde	a1a32d13	slti	x26,x6,-1510	  x6:0xea433000 x26=0x00000001
       98915000	      9792	80003ce2	024dd063	bge	x27,x4,80003d02	 x27:0x00000018  x4:0x00000000
       98975000	      9798	80003d02	035d2433	mulhsu	x8,x26,x21	 x26:0x00000001 x21:0x00000000  x8=0x00000000
       98985000	      9799	80003d06	014a9893	slli	x17,x21,0x14	 x21:0x00000000 x17=0x00000000
       98995000	      9800	80003d0a	8f81	c.sub	x15,x8	 x15:0xcc492800  x8:0x00000000 x15=0xcc492800
       99005000	      9801	80003d0c	0636	c.slli	x12,0xd	 x12:0xea433000 x12=0x66000000
       99015000	      9802	80003d0e	8dad	c.xor	x11,x11	 x11:0x00000000 x11:0x00000000 x11=0x00000000
       99025000	      9803	80003d10	0001	c.addi	x0,0	  x0:0x00000000  x0=0x00000000
       99035000	      9804	80003d12	cf9d	c.beqz	x15,80003d50	 x15:0xcc492800
       99055000	      9806	80003d14	0346c733	div	x14,x13,x20	 x13:0xcc492800 x20:0x00000000 x14=0xffffffff
       99065000	      9807	80003d18	0ea9	c.addi	x29,10	 x29:0x00000030 x29=0x0000003a
       99075000	      9808	80003d1a	61a30793	addi	x15,x6,1562	  x6:0xea433000 x15=0xea43361a
       99085000	      9809	80003d1e	406fd793	srai	x15,x31,0x6	 x31:0x0000000b x15=0x00000000
       99095000	      9810	80003d22	e299	c.bnez	x13,80003d28	 x13:0xcc492800
       99115000	      9812	80003d28	8075	c.srli	x8,0x1d	  x8:0x00000000  x8=0x00000000
       99485000	      9849	80003d2a	02acd8b3	divu	x17,x25,x10	 x25:0x80025ce4 x10:0x00003fff x17=0x00020011
       99495000	      9850	80003d2e	00c384b3	add	x9,x7,x12	  x7:0x00000646 x12:0x66000000  x9=0x66000646
       99505000	      9851	80003d32	cc19	c.beqz	x8,80003d50	  x8:0x00000000
       99555000	      9856	80003d50	024e2d33	mulhsu	x26,x28,x4	 x28:0x0000000b  x4:0x00000000 x26=0x00000000
       99565000	      9857	80003d54	95c74313	xori	x6,x14,-1700	 x14:0xffffffff  x6=0x000006a3
       99575000	      9858	80003d58	9492	c.add	x9,x4	  x9:0x66000646  x4:0x00000000  x9=0x66000646
       99585000	      9859	80003d5a	6769	c.lui	x14,0x1a	 x14=0x0001a000
       99595000	      9860	80003d5c	0566	c.slli	x10,0x19	 x10:0x00003fff x10=0xfe000000
       99605000	      9861	80003d5e	8ecd	c.or	x13,x11	 x13:0xcc492800 x11:0x00000000 x13=0xcc492800
       99615000	      9862	80003d60	6135	c.addi16sp	x2,352	  x2:0xffffffff  x2=0x0000015f
       99625000	      9863	80003d62	0636	c.slli	x12,0xd	 x12:0x66000000 x12=0x00000000
       99635000	      9864	80003d64	0ff0000f	fence	iorw,iorw	
       99645000	      9865	80003d68	0152e433	or	x8,x5,x21	  x5:0x00000001 x21:0x00000000  x8=0x00000001
       99655000	      9866	80003d6c	ee91	c.bnez	x13,80003d88	 x13:0xcc492800
       99675000	      9868	80003d88	681ebe93	sltiu	x29,x29,1665	 x29:0x0000003a x29=0x00000001
       99685000	      9869	80003d8c	00d127b3	slt	x15,x2,x13	  x2:0x0000015f x13:0xcc492800 x15=0x00000000
       99695000	      9870	80003d90	96d6	c.add	x13,x21	 x13:0xcc492800 x21:0x00000000 x13=0xcc492800
       99705000	      9871	80003d92	05a91463	bne	x18,x26,80003dda	 x18:0xffffffff x26:0x00000000
       99735000	      9874	80003dda	01cad4b3	srl	x9,x21,x28	 x21:0x00000000 x28:0x0000000b  x9=0x00000000
       99745000	      9875	80003dde	055a	c.slli	x10,0x16	 x10:0xfe000000 x10=0x00000000
       99755000	      9876	80003de0	6c8eef13	ori	x30,x29,1736	 x29:0x00000001 x30=0x000006c9
       99765000	      9877	80003de4	52e5be13	sltiu	x28,x11,1326	 x11:0x00000000 x28=0x00000001
       99775000	      9878	80003de8	6115	c.addi16sp	x2,288	  x2:0x0000015f  x2=0x0000027f
       99785000	      9879	80003dea	de418d13	addi	x26,x3,-540	  x3:0x00000004 x26=0xfffffde8
       99795000	      9880	80003dee	0067b7b3	sltu	x15,x15,x6	 x15:0x00000000  x6:0x000006a3 x15=0x00000001
      100165000	      9917	80003df2	02d26f33	rem	x30,x4,x13	  x4:0x00000000 x13:0xcc492800 x30=0x00000000
      100205000	      9921	80003df6	02209bb3	mulh	x23,x1,x2	  x1:0x00000000  x2:0x0000027f x23=0x00000000
      100225000	      9923	80003dfa	02b06a33	rem	x20,x0,x11	  x0:0x00000000 x11:0x00000000 x20=0x00000000
      100235000	      9924	80003dfe	893a	c.mv	x18,x14	  x0:0x00000000 x14:0x0001a000 x18=0x0001a000
      100245000	      9925	80003e00	00a4d133	srl	x2,x9,x10	  x9:0x00000000 x10:0x00000000  x2=0x00000000
      100255000	      9926	80003e04	c719	c.beqz	x14,80003e12	 x14:0x0001a000
      100265000	      9927	80003e06	00d855b3	srl	x11,x16,x13	 x16:0x00000000 x13:0xcc492800 x11=0x00000000
      100305000	      9931	80003e0a	02003a33	mulhu	x20,x0,x0	  x0:0x00000000  x0:0x00000000 x20=0x00000000
      100315000	      9932	80003e0e	01090563	beq	x18,x16,80003e18	 x18:0x0001a000 x16:0x00000000
      100325000	      9933	80003e12	8595	c.srai	x11,0x5	 x11:0x00000000 x11=0x00000000
      100335000	      9934	80003e14	25223a13	sltiu	x20,x4,594	  x4:0x00000000 x20=0x00000001
      100345000	      9935	80003e18	00334963	blt	x6,x3,80003e2a	  x6:0x000006a3  x3:0x00000004
      100355000	      9936	80003e1c	8ca9	c.xor	x9,x10	  x9:0x00000000 x10:0x00000000  x9=0x00000000
      100365000	      9937	80003e1e	3c7d4d93	xori	x27,x26,967	 x26:0xfffffde8 x27=0xfffffe2f
      100735000	      9974	80003e22	02fd5233	divu	x4,x26,x15	 x26:0xfffffde8 x15:0x00000001  x4=0xfffffde8
      100745000	      9975	80003e26	d0506f13	ori	x30,x0,-763	  x0:0x00000000 x30=0xfffffd05
      100755000	      9976	80003e2a	01d4aab3	slt	x21,x9,x29	  x9:0x00000000 x29:0x00000001 x21=0x00000001
      100765000	      9977	80003e2e	0d9c	c.addi4spn	x15,x2,720	 x15=0x000002d0
      100775000	      9978	80003e30	03484f63	blt	x16,x20,80003e6e	 x16:0x00000000 x20:0x00000001
      100795000	      9980	80003e6e	6385	c.lui	x7,0x1	  x7=0x00001000
      100805000	      9981	80003e70	01a863b3	or	x7,x16,x26	 x16:0x00000000 x26:0xfffffde8  x7=0xfffffde8
      100815000	      9982	80003e74	8fed	c.and	x15,x11	 x15:0x000002d0 x11:0x00000000 x15=0x00000000
      100825000	      9983	80003e76	0000100f	fence.i	
      100845000	      9985	80003e7a	8cdd	c.or	x9,x15	  x9:0x00000000 x15:0x00000000  x9=0x00000000
      100855000	      9986	80003e7c	717d	c.addi16sp	x2,-16	  x2:0x00000000  x2=0xfffffff0
      100865000	      9987	80003e7e	0031da63	bge	x3,x3,80003e92	  x3:0x00000004  x3:0x00000004
      101255000	     10026	80003e92	03efceb3	div	x29,x31,x30	 x31:0x0000000b x30:0xfffffd05 x29=0x00000000
      101265000	     10027	80003e96	0998	c.addi4spn	x14,x2,208	 x14=0x000000c0
      101275000	     10028	80003e98	17fd	c.addi	x15,-1	 x15:0x00000000 x15=0xffffffff
      101285000	     10029	80003e9a	8cc9	c.or	x9,x10	  x9:0x00000000 x10:0x00000000  x9=0x00000000
      101655000	     10066	80003e9c	02d84e33	div	x28,x16,x13	 x16:0x00000000 x13:0xcc492800 x28=0x00000000
      101665000	     10067	80003ea0	0001	c.addi	x0,0	  x0:0x00000000  x0=0x00000000
      101675000	     10068	80003ea2	0f21fe93	andi	x29,x3,242	  x3:0x00000004 x29=0x00000000
      101685000	     10069	80003ea6	0ff0000f	fence	iorw,iorw	
      101695000	     10070	80003eaa	03031563	bne	x6,x16,80003ed4	  x6:0x000006a3 x16:0x00000000
      101745000	     10075	80003ed4	02b02d33	mulhsu	x26,x0,x11	  x0:0x00000000 x11:0x00000000 x26=0x00000000
      101755000	     10076	80003ed8	0001	c.addi	x0,0	  x0:0x00000000  x0=0x00000000
      102125000	     10113	80003eda	02d57eb3	remu	x29,x10,x13	 x10:0x00000000 x13:0xcc492800 x29=0x00000000
      102135000	     10114	80003ede	018f3e33	sltu	x28,x30,x24	 x30:0xfffffd05 x24:0x00000000 x28=0x00000000
      102155000	     10116	80003ee2	02947733	remu	x14,x8,x9	  x8:0x00000001  x9:0x00000000 x14=0x00000001
      102195000	     10120	80003ee6	036424b3	mulhsu	x9,x8,x22	  x8:0x00000001 x22:0x00000000  x9=0x00000000
      102205000	     10121	80003eea	00efa933	slt	x18,x31,x14	 x31:0x0000000b x14:0x00000001 x18=0x00000000
      102215000	     10122	80003eee	41940933	sub	x18,x8,x25	  x8:0x00000001 x25:0x80025ce4 x18=0x7ffda31d
      102225000	     10123	80003ef2	7c2b8893	addi	x17,x23,1986	 x23:0x00000000 x17=0x000007c2
      102235000	     10124	80003ef6	413d0033	sub	x0,x26,x19	 x26:0x00000000 x19:0x80021df8  x0=0x00000000
      102245000	     10125	80003efa	ec15	c.bnez	x8,80003f36	  x8:0x00000001
      102275000	     10128	80003f36	58bdf013	andi	x0,x27,1419	 x27:0xfffffe2f  x0=0x00000000
      102285000	     10129	80003f3a	e3b1	c.bnez	x15,80003f7e	 x15:0xffffffff
      102315000	     10132	80003f7e	03dd6363	bltu	x26,x29,80003fa4	 x26:0x00000000 x29:0x00000000
      102325000	     10133	80003f82	0000100f	fence.i	
      102355000	     10136	80003f86	00ea5f33	srl	x30,x20,x14	 x20:0x00000001 x14:0x00000001 x30=0x00000000
      102365000	     10137	80003f8a	04456563	bltu	x10,x4,80003fd4	 x10:0x00000000  x4:0xfffffde8
      102385000	     10139	80003fd4	0ff0000f	fence	iorw,iorw	
      102395000	     10140	80003fd8	029fdf63	bge	x31,x9,80004016	 x31:0x0000000b  x9:0x00000000
      102455000	     10146	80004016	030fa6b3	mulhsu	x13,x31,x16	 x31:0x0000000b x16:0x00000000 x13=0x00000000
      102465000	     10147	8000401a	01a15633	srl	x12,x2,x26	  x2:0xfffffff0 x26:0x00000000 x12=0xfffffff0
      102475000	     10148	8000401e	e199	c.bnez	x11,80004024	 x11:0x00000000
      102485000	     10149	80004020	41b500b3	sub	x1,x10,x27	 x10:0x00000000 x27:0xfffffe2f  x1=0x000001d1
      102495000	     10150	80004024	01ba20b3	slt	x1,x20,x27	 x20:0x00000001 x27:0xfffffe2f  x1=0x00000000
      102505000	     10151	80004028	0711	c.addi	x14,4	 x14:0x00000001 x14=0x00000005
      102545000	     10155	8000402a	0221b5b3	mulhu	x11,x3,x2	  x3:0x00000004  x2:0xfffffff0 x11=0x00000003
      102555000	     10156	8000402e	366a0293	addi	x5,x20,870	 x20:0x00000001  x5=0x00000367
      102595000	     10160	80004032	02ac9433	mulh	x8,x25,x10	 x25:0x80025ce4 x10:0x00000000  x8=0x00000000
      102605000	     10161	80004036	0000100f	fence.i	
      102635000	     10164	8000403a	ecb63137	lui	x2,0xecb63	  x2=0xecb63000
      102645000	     10165	8000403e	414f02b3	sub	x5,x30,x20	 x30:0x00000000 x20:0x00000001  x5=0xffffffff
      102655000	     10166	80004042	3c452a93	slti	x21,x10,964	 x10:0x00000000 x21=0x00000001
      102665000	     10167	80004046	d56bb013	sltiu	x0,x23,-682	 x23:0x00000000  x0=0x00000000
      103035000	     10204	8000404a	0357fe33	remu	x28,x15,x21	 x15:0xffffffff x21:0x00000001 x28=0x00000000
      103055000	     10206	8000404e	02d8f7b3	remu	x15,x17,x13	 x17:0x000007c2 x13:0x00000000 x15=0x000007c2
      103065000	     10207	80004052	eb99	c.bnez	x15,80004068	 x15:0x000007c2
      103085000	     10209	80004068	0d8a	c.slli	x27,0x2	 x27:0xfffffe2f x27=0xfffff8bc
      103095000	     10210	8000406a	1200	c.addi4spn	x8,x2,288	  x8=0xecb63120
      103135000	     10214	8000406c	03e51133	mulh	x2,x10,x30	 x10:0x00000000 x30:0x00000000  x2=0x00000000
      103145000	     10215	80004070	408ad193	srai	x3,x21,0x8	 x21:0x00000001  x3=0x00000000
      103155000	     10216	80004074	003b8d33	add	x26,x23,x3	 x23:0x00000000  x3:0x00000000 x26=0x00000000
      103165000	     10217	80004078	0030bdb3	sltu	x27,x1,x3	  x1:0x00000000  x3:0x00000000 x27=0x00000000
      103175000	     10218	8000407c	00fdda93	srli	x21,x27,0xf	 x27:0x00000000 x21=0x00000000
      103185000	     10219	80004080	00cb3733	sltu	x14,x22,x12	 x22:0x00000000 x12:0xfffffff0 x14=0x00000001
      103195000	     10220	80004084	1c00	c.addi4spn	x8,x2,560	  x8=0x00000230
      103205000	     10221	80004086	9480e113	ori	x2,x1,-1720	  x1:0x00000000  x2=0xfffff948
      103215000	     10222	8000408a	0001	c.addi	x0,0	  x0:0x00000000  x0=0x00000000
      103225000	     10223	8000408c	41fe07b3	sub	x15,x28,x31	 x28:0x00000000 x31:0x0000000b x15=0xfffffff5
      103235000	     10224	80004090	00fd9333	sll	x6,x27,x15	 x27:0x00000000 x15:0xfffffff5  x6=0x00000000
      103245000	     10225	80004094	e3bf3393	sltiu	x7,x30,-453	 x30:0x00000000  x7=0x00000001
      103615000	     10262	80004098	03f25633	divu	x12,x4,x31	  x4:0xfffffde8 x31:0x0000000b x12=0x1745d143
      103625000	     10263	8000409c	92e6	c.add	x5,x25	  x5:0xffffffff x25:0x80025ce4  x5=0x80025ce3
      103635000	     10264	8000409e	0001	c.addi	x0,0	  x0:0x00000000  x0=0x00000000
      103645000	     10265	800040a0	1c08	c.addi4spn	x10,x2,560	 x10=0xfffffb78
      103685000	     10269	800040a2	03629eb3	mulh	x29,x5,x22	  x5:0x80025ce3 x22:0x00000000 x29=0x00000000
      103725000	     10273	800040a6	03142eb3	mulhsu	x29,x8,x17	  x8:0x00000230 x17:0x000007c2 x29=0x00000000
      103735000	     10274	800040aa	8f99	c.sub	x15,x14	 x15:0xfffffff5 x14:0x00000001 x15=0xfffffff4
      103745000	     10275	800040ac	0277f963	bgeu	x15,x7,800040de	 x15:0xfffffff4  x7:0x00000001
      103805000	     10281	800040de	02c49933	mulh	x18,x9,x12	  x9:0x00000000 x12:0x1745d143 x18=0x00000000
      103815000	     10282	800040e2	004c3c33	sltu	x24,x24,x4	 x24:0x00000000  x4:0xfffffde8 x24=0x00000001
      103825000	     10283	800040e6	8f25	c.xor	x14,x9	 x14:0x00000001  x9:0x00000000 x14=0x00000001
      103835000	     10284	800040e8	01181193	slli	x3,x16,0x11	 x16:0x00000000  x3=0x00000000
      103845000	     10285	800040ec	03016b63	bltu	x2,x16,80004122	  x2:0xfffff948 x16:0x00000000
      103855000	     10286	800040f0	e41d	c.bnez	x8,8000411e	  x8:0x00000230
      103885000	     10289	8000411e	017668b3	or	x17,x12,x23	 x12:0x1745d143 x23:0x00000000 x17=0x1745d143
      103905000	     10291	80004122	0266df33	divu	x30,x13,x6	 x13:0x00000000  x6:0x00000000 x30=0xffffffff
      103915000	     10292	80004126	7fb30893	addi	x17,x6,2043	  x6:0x00000000 x17=0x000007fb
      103925000	     10293	8000412a	8599	c.srai	x11,0x6	 x11:0x00000003 x11=0x00000000
      103935000	     10294	8000412c	8ecd	c.or	x13,x11	 x13:0x00000000 x11:0x00000000 x13=0x00000000
      104305000	     10331	8000412e	033af2b3	remu	x5,x21,x19	 x21:0x00000000 x19:0x80021df8  x5=0x00000000
      104315000	     10332	80004132	171e2513	slti	x10,x28,369	 x28:0x00000000 x10=0x00000001
      104335000	     10334	80004136	026afdb3	remu	x27,x21,x6	 x21:0x00000000  x6:0x00000000 x27=0x00000000
      104345000	     10335	8000413a	01ec1263	bne	x24,x30,8000413e	 x24:0x00000001 x30:0xffffffff
      104375000	     10338	8000413e	f5767913	andi	x18,x12,-169	 x12:0x1745d143 x18=0x1745d143
      104385000	     10339	80004142	8c71	c.and	x8,x12	  x8:0x00000230 x12:0x1745d143  x8=0x00000000
      104395000	     10340	80004144	0074e5b3	or	x11,x9,x7	  x9:0x00000000  x7:0x00000001 x11=0x00000001
      104405000	     10341	80004148	6b3d	c.lui	x22,0xf	 x22=0x0000f000
      104415000	     10342	8000414a	0169c563	blt	x19,x22,80004154	 x19:0x80021df8 x22:0x0000f000
      104435000	     10344	80004154	405e0033	sub	x0,x28,x5	 x28:0x00000000  x5:0x00000000  x0=0x00000000
      104445000	     10345	80004158	8e59	c.or	x12,x14	 x12:0x1745d143 x14:0x00000001 x12=0x1745d143
      104465000	     10347	8000415a	03a5d533	divu	x10,x11,x26	 x11:0x00000001 x26:0x00000000 x10=0xffffffff
      104475000	     10348	8000415e	01e8ebb3	or	x23,x17,x30	 x17:0x000007fb x30:0xffffffff x23=0xffffffff
      104485000	     10349	80004162	14fd	c.addi	x9,-1	  x9:0x00000000  x9=0xffffffff
      104495000	     10350	80004164	5a7d	c.li	x20,-1	 x20=0xffffffff
      104505000	     10351	80004166	0306dc63	bge	x13,x16,8000419e	 x13:0x00000000 x16:0x00000000
      104535000	     10354	8000419e	01bd10b3	sll	x1,x26,x27	 x26:0x00000000 x27:0x00000000  x1=0x00000000
      104545000	     10355	800041a2	006a5bb3	srl	x23,x20,x6	 x20:0xffffffff  x6:0x00000000 x23=0xffffffff
      104555000	     10356	800041a6	84d5	c.srai	x9,0x15	  x9:0xffffffff  x9=0xffffffff
      104595000	     10360	800041a8	027022b3	mulhsu	x5,x0,x7	  x0:0x00000000  x7:0x00000001  x5=0x00000000
      104605000	     10361	800041ac	01d3e133	or	x2,x7,x29	  x7:0x00000001 x29:0x00000000  x2=0x00000001
      104615000	     10362	800041b0	41d857b3	sra	x15,x16,x29	 x16:0x00000000 x29:0x00000000 x15=0x00000000
      104625000	     10363	800041b4	05934463	blt	x6,x25,800041fc	  x6:0x00000000 x25:0x80025ce4
      104665000	     10367	800041b8	02caa733	mulhsu	x14,x21,x12	 x21:0x00000000 x12:0x1745d143 x14=0x00000000
      104675000	     10368	800041bc	03b74663	blt	x14,x27,800041e8	 x14:0x00000000 x27:0x00000000
      104685000	     10369	800041c0	01668833	add	x16,x13,x22	 x13:0x00000000 x22:0x0000f000 x16=0x0000f000
      104695000	     10370	800041c4	7fc02617	auipc	x12,0x7fc02	 x12=0xffc061c4
      104735000	     10374	800041c8	02389033	mulh	x0,x17,x3	 x17:0x000007fb  x3:0x00000000  x0=0x00000000
      104745000	     10375	800041cc	01189e13	slli	x28,x17,0x11	 x17:0x000007fb x28=0x0ff60000
      104755000	     10376	800041d0	010b7463	bgeu	x22,x16,800041d8	 x22:0x0000f000 x16:0x0000f000
      104775000	     10378	800041d8	844a	c.mv	x8,x18	  x0:0x00000000 x18:0x1745d143  x8=0x1745d143
      104785000	     10379	800041da	0ff0000f	fence	iorw,iorw	
      104795000	     10380	800041de	0001	c.addi	x0,0	  x0:0x00000000  x0=0x00000000
      104835000	     10384	800041e0	0358adb3	mulhsu	x27,x17,x21	 x17:0x000007fb x21:0x00000000 x27=0x00000000
      105205000	     10421	800041e4	0244fbb3	remu	x23,x9,x4	  x9:0xffffffff  x4:0xfffffde8 x23=0x00000217
      105215000	     10422	800041e8	ee30e493	ori	x9,x1,-285	  x1:0x00000000  x9=0xfffffee3
      105225000	     10423	800041ec	83ba	c.mv	x7,x14	  x0:0x00000000 x14:0x00000000  x7=0x00000000
      105235000	     10424	800041ee	8e89	c.sub	x13,x10	 x13:0x00000000 x10:0xffffffff x13=0x00000001
      105245000	     10425	800041f0	3ae44d13	xori	x26,x8,942	  x8:0x1745d143 x26=0x1745d2ed
      105255000	     10426	800041f4	004491b3	sll	x3,x9,x4	  x9:0xfffffee3  x4:0xfffffde8  x3=0xfffee300
      105265000	     10427	800041f8	0166a833	slt	x16,x13,x22	 x13:0x00000001 x22:0x0000f000 x16=0x00000001
      105275000	     10428	800041fc	8f49	c.or	x14,x10	 x14:0x00000000 x10:0xffffffff x14=0xffffffff
      105285000	     10429	800041fe	14fd	c.addi	x9,-1	  x9:0xfffffee3  x9=0xfffffee2
      105295000	     10430	80004200	011e1563	bne	x28,x17,8000420a	 x28:0x0ff60000 x17:0x000007fb
      105345000	     10435	8000420a	030a8bb3	mul	x23,x21,x16	 x21:0x00000000 x16:0x00000001 x23=0x00000000
      105365000	     10437	8000420e	0211fab3	remu	x21,x3,x1	  x3:0xfffee300  x1:0x00000000 x21=0xfffee300
      105375000	     10438	80004212	051e1263	bne	x28,x17,80004256	 x28:0x0ff60000 x17:0x000007fb
      105405000	     10441	80004256	01892633	slt	x12,x18,x24	 x18:0x1745d143 x24:0x00000001 x12=0x00000000
      105415000	     10442	8000425a	00b6ae33	slt	x28,x13,x11	 x13:0x00000001 x11:0x00000001 x28=0x00000000
      105425000	     10443	8000425e	0230cf63	blt	x1,x3,8000429c	  x1:0x00000000  x3:0xfffee300
      105435000	     10444	80004262	e582a397	auipc	x7,0xe582a	  x7=0x6582e262
      105445000	     10445	80004266	6825	c.lui	x16,0x9	 x16=0x00009000
      105455000	     10446	80004268	0000100f	fence.i	
      105475000	     10448	8000426c	dbca4237	lui	x4,0xdbca4	  x4=0xdbca4000
      105485000	     10449	80004270	0137a733	slt	x14,x15,x19	 x15:0x00000000 x19:0x80021df8 x14=0x00000000
      105495000	     10450	80004274	177d	c.addi	x14,-1	 x14:0x00000000 x14=0xffffffff
      105505000	     10451	80004276	c499	c.beqz	x9,80004284	  x9:0xfffffee2
      105515000	     10452	80004278	00dcf663	bgeu	x25,x13,80004284	 x25:0x80025ce4 x13:0x00000001
      105535000	     10454	80004284	019f30b3	sltu	x1,x30,x25	 x30:0xffffffff x25:0x80025ce4  x1=0x00000000
      105545000	     10455	80004288	0064c763	blt	x9,x6,80004296	  x9:0xfffffee2  x6:0x00000000
      105565000	     10457	80004296	0001	c.addi	x0,0	  x0:0x00000000  x0=0x00000000
      105575000	     10458	80004298	005de0b3	or	x1,x27,x5	 x27:0x00000000  x5:0x00000000  x1=0x00000000
      105585000	     10459	8000429c	0068a5b3	slt	x11,x17,x6	 x17:0x000007fb  x6:0x00000000 x11=0x00000000
      105595000	     10460	800042a0	012aa5b3	slt	x11,x21,x18	 x21:0xfffee300 x18:0x1745d143 x11=0x00000001
      105605000	     10461	800042a4	9bfd	c.andi	x15,-1	 x15:0x00000000 x15=0x00000000
      105615000	     10462	800042a6	0099db33	srl	x22,x19,x9	 x19:0x80021df8  x9:0xfffffee2 x22=0x2000877e
      105625000	     10463	800042aa	1b167513	andi	x10,x12,433	 x12:0x00000000 x10=0x00000000
      105635000	     10464	800042ae	8549	c.srai	x10,0x12	 x10:0x00000000 x10=0x00000000
      105645000	     10465	800042b0	3a3a4293	xori	x5,x20,931	 x20:0xffffffff  x5=0xfffffc5c
      105655000	     10466	800042b4	41e20633	sub	x12,x4,x30	  x4:0xdbca4000 x30:0xffffffff x12=0xdbca4001
      105665000	     10467	800042b8	9efa	c.add	x29,x30	 x29:0x00000000 x30:0xffffffff x29=0xffffffff
      105675000	     10468	800042ba	8fdd	c.or	x15,x15	 x15:0x00000000 x15:0x00000000 x15=0x00000000
      105685000	     10469	800042bc	003e1093	slli	x1,x28,0x3	 x28:0x00000000  x1=0x00000000
      105695000	     10470	800042c0	01ab7633	and	x12,x22,x26	 x22:0x2000877e x26:0x1745d2ed x12=0x0000826c
      105705000	     10471	800042c4	8cb5	c.xor	x9,x13	  x9:0xfffffee2 x13:0x00000001  x9=0xfffffee3
      106075000	     10508	800042c6	0352e533	rem	x10,x5,x21	  x5:0xfffffc5c x21:0xfffee300 x10=0xfffffc5c
      106085000	     10509	800042ca	01243433	sltu	x8,x8,x18	  x8:0x1745d143 x18:0x1745d143  x8=0x00000000
      106125000	     10513	800042ce	03491bb3	mulh	x23,x18,x20	 x18:0x1745d143 x20:0xffffffff x23=0xffffffff
      106495000	     10550	800042d2	02ea7833	remu	x16,x20,x14	 x20:0xffffffff x14:0xffffffff x16=0x00000000
      106505000	     10551	800042d6	6151	c.addi16sp	x2,272	  x2:0x00000001  x2=0x00000111
      106515000	     10552	800042d8	41d853b3	sra	x7,x16,x29	 x16:0x00000000 x29:0xffffffff  x7=0x00000000
      106525000	     10553	800042dc	0001	c.addi	x0,0	  x0:0x00000000  x0=0x00000000
      106535000	     10554	800042de	befa25b7	lui	x11,0xbefa2	 x11=0xbefa2000
      106545000	     10555	800042e2	0104ae33	slt	x28,x9,x16	  x9:0xfffffee3 x16:0x00000000 x28=0x00000001
      106555000	     10556	800042e6	6d75	c.lui	x26,0x1d	 x26=0x0001d000
      106565000	     10557	800042e8	8e81	c.sub	x13,x8	 x13:0x00000001  x8:0x00000000 x13=0x00000001
      106575000	     10558	800042ea	0001	c.addi	x0,0	  x0:0x00000000  x0=0x00000000
      106585000	     10559	800042ec	411056b3	sra	x13,x0,x17	  x0:0x00000000 x17:0x000007fb x13=0x00000000
      106595000	     10560	800042f0	408a5513	srai	x10,x20,0x8	 x20:0xffffffff x10=0xffffffff
      106625000	     10563	800042f4	036c8bb3	mul	x23,x25,x22	 x25:0x80025ce4 x22:0x2000877e x23=0xc025f438
      106995000	     10600	800042f8	02e944b3	div	x9,x18,x14	 x18:0x1745d143 x14:0xffffffff  x9=0xe8ba2ebd
      107005000	     10601	800042fc	0000100f	fence.i	
      107025000	     10603	80004300	0001	c.addi	x0,0	  x0:0x00000000  x0=0x00000000
      107035000	     10604	80004302	009cc633	xor	x12,x25,x9	 x25:0x80025ce4  x9:0xe8ba2ebd x12=0x68b87259
      107045000	     10605	80004306	0001	c.addi	x0,0	  x0:0x00000000  x0=0x00000000
      107415000	     10642	80004308	032f5133	divu	x2,x30,x18	 x30:0xffffffff x18:0x1745d143  x2=0x0000000b
      107425000	     10643	8000430c	8199	c.srli	x11,0x6	 x11:0xbefa2000 x11=0x02fbe880
      107435000	     10644	8000430e	0baccd93	xori	x27,x25,186	 x25:0x80025ce4 x27=0x80025c5e
      107445000	     10645	80004312	0001	c.addi	x0,0	  x0:0x00000000  x0=0x00000000
      107455000	     10646	80004314	0086f463	bgeu	x13,x8,8000431c	 x13:0x00000000  x8:0x00000000
      107475000	     10648	8000431c	a4c8ae93	slti	x29,x17,-1460	 x17:0x000007fb x29=0x00000000
      107485000	     10649	80004320	01b64563	blt	x12,x27,8000432a	 x12:0x68b87259 x27:0x80025c5e
      107495000	     10650	80004324	8cd9	c.or	x9,x14	  x9:0xe8ba2ebd x14:0xffffffff  x9=0xffffffff
      107505000	     10651	80004326	001fc633	xor	x12,x31,x1	 x31:0x0000000b  x1:0x00000000 x12=0x0000000b
      107515000	     10652	8000432a	436d	c.li	x6,27	  x6=0x0000001b
      107525000	     10653	8000432c	41635633	sra	x12,x6,x22	  x6:0x0000001b x22:0x2000877e x12=0x00000000
      107535000	     10654	80004330	0ab2	c.slli	x21,0xc	 x21:0xfffee300 x21=0xee300000
      107545000	     10655	80004332	8969	c.andi	x10,26	 x10:0xffffffff x10=0x0000001a
      107555000	     10656	80004334	e90d3a13	sltiu	x20,x26,-368	 x26:0x0001d000 x20=0x00000001
      107565000	     10657	80004338	6e21	c.lui	x28,0x8	 x28=0x00008000
      107575000	     10658	8000433a	02c79d63	bne	x15,x12,80004374	 x15:0x00000000 x12:0x00000000
      107585000	     10659	8000433e	016ed7b3	srl	x15,x29,x22	 x29:0x00000000 x22:0x2000877e x15=0x00000000
      107595000	     10660	80004342	4f8cea13	ori	x20,x25,1272	 x25:0x80025ce4 x20=0x80025cfc
      107605000	     10661	80004346	00b05413	srli	x8,x0,0xb	  x0:0x00000000  x8=0x00000000
      107615000	     10662	8000434a	8d29	c.xor	x10,x10	 x10:0x0000001a x10:0x0000001a x10=0x00000000
      107625000	     10663	8000434c	3c4ec513	xori	x10,x29,964	 x29:0x00000000 x10=0x000003c4
      107635000	     10664	80004350	000a16b3	sll	x13,x20,x0	 x20:0x80025cfc  x0:0x00000000 x13=0x80025cfc
      107645000	     10665	80004354	0001	c.addi	x0,0	  x0:0x00000000  x0=0x00000000
      107655000	     10666	80004356	9777a917	auipc	x18,0x9777a	 x18=0x1777e356
      107665000	     10667	8000435a	441d	c.li	x8,7	  x8=0x00000007
      107675000	     10668	8000435c	8f09	c.sub	x14,x10	 x14:0xffffffff x10:0x000003c4 x14=0xfffffc3b
      107685000	     10669	8000435e	01501d13	slli	x26,x0,0x15	  x0:0x00000000 x26=0x00000000
      107695000	     10670	80004362	013112b3	sll	x5,x2,x19	  x2:0x0000000b x19:0x80021df8  x5=0x0b000000
      107705000	     10671	80004366	0001	c.addi	x0,0	  x0:0x00000000  x0=0x00000000
      107715000	     10672	80004368	8bea	c.mv	x23,x26	  x0:0x00000000 x26:0x00000000 x23=0x00000000
      107725000	     10673	8000436a	0852	c.slli	x16,0x14	 x16:0x00000000 x16=0x00000000
      107735000	     10674	8000436c	ca2af197	auipc	x3,0xca2af	  x3=0x4a2b336c
      107745000	     10675	80004370	400b0d33	sub	x26,x22,x0	 x22:0x2000877e  x0:0x00000000 x26=0x2000877e
      107755000	     10676	80004374	01233e33	sltu	x28,x6,x18	  x6:0x0000001b x18:0x1777e356 x28=0x00000001
      107775000	     10678	80004378	02f8f633	remu	x12,x17,x15	 x17:0x000007fb x15:0x00000000 x12=0x000007fb
      107785000	     10679	8000437c	31e7f037	lui	x0,0x31e7f	  x0=0x00000000
      107795000	     10680	80004380	0669	c.addi	x12,26	 x12:0x000007fb x12=0x00000815
      107805000	     10681	80004382	0ff0000f	fence	iorw,iorw	
      107815000	     10682	80004386	1084	c.addi4spn	x9,x2,96	  x9=0x0000006b
      107825000	     10683	80004388	0050b033	sltu	x0,x1,x5	  x1:0x00000000  x5:0x0b000000  x0=0x00000000
      107835000	     10684	8000438c	2e296d13	ori	x26,x18,738	 x18:0x1777e356 x26=0x1777e3f6
      107845000	     10685	80004390	05a19063	bne	x3,x26,800043d0	  x3:0x4a2b336c x26:0x1777e3f6
      107895000	     10690	800043d0	02783633	mulhu	x12,x16,x7	 x16:0x00000000  x7:0x00000000 x12=0x00000000
      107905000	     10691	800043d4	32dcc893	xori	x17,x25,813	 x25:0x80025ce4 x17=0x80025fc9
      107915000	     10692	800043d8	003d9293	slli	x5,x27,0x3	 x27:0x80025c5e  x5=0x0012e2f0
      107925000	     10693	800043dc	0001	c.addi	x0,0	  x0:0x00000000  x0=0x00000000
      107935000	     10694	800043de	401ad933	sra	x18,x21,x1	 x21:0xee300000  x1:0x00000000 x18=0xee300000
      107945000	     10695	800043e2	407484b3	sub	x9,x9,x7	  x9:0x0000006b  x7:0x00000000  x9=0x0000006b
      107955000	     10696	800043e6	0001	c.addi	x0,0	  x0:0x00000000  x0=0x00000000
      107965000	     10697	800043e8	d6d0f837	lui	x16,0xd6d0f	 x16=0xd6d0f000
      107975000	     10698	800043ec	009a0433	add	x8,x20,x9	 x20:0x80025cfc  x9:0x0000006b  x8=0x80025d67
      107985000	     10699	800043f0	01acd133	srl	x2,x25,x26	 x25:0x80025ce4 x26:0x1777e3f6  x2=0x00000200
      107995000	     10700	800043f4	01c74663	blt	x14,x28,80004400	 x14:0xfffffc3b x28:0x00000001
      108015000	     10702	80004400	9c3a	c.add	x24,x14	 x24:0x00000001 x14:0xfffffc3b x24=0xfffffc3c
      108025000	     10703	80004402	651d	c.lui	x10,0x7	 x10=0x00007000
      108035000	     10704	80004404	9e72	c.add	x28,x28	 x28:0x00000001 x28:0x00000001 x28=0x00000002
      108045000	     10705	80004406	0000100f	fence.i	
      108435000	     10744	8000440a	033868b3	rem	x17,x16,x19	 x16:0xd6d0f000 x19:0x80021df8 x17=0xd6d0f000
      108445000	     10745	8000440e	047bf163	bgeu	x23,x7,80004450	 x23:0x00000000  x7:0x00000000
      108465000	     10747	80004450	00b504b3	add	x9,x10,x11	 x10:0x00007000 x11:0x02fbe880  x9=0x02fc5880
      108475000	     10748	80004454	67747e93	andi	x29,x8,1655	  x8:0x80025d67 x29=0x00000467
      108485000	     10749	80004458	8e9d	c.sub	x13,x15	 x13:0x80025cfc x15:0x00000000 x13=0x80025cfc
      108855000	     10786	8000445a	031aff33	remu	x30,x21,x17	 x21:0xee300000 x17:0xd6d0f000 x30=0x175f1000
      108865000	     10787	8000445e	2bc76593	ori	x11,x14,700	 x14:0xfffffc3b x11=0xfffffebf
      108875000	     10788	80004462	8c5d	c.or	x8,x15	  x8:0x80025d67 x15:0x00000000  x8=0x80025d67
      108885000	     10789	80004464	458d	c.li	x11,3	 x11=0x00000003
      108895000	     10790	80004466	016a9613	slli	x12,x21,0x16	 x21:0xee300000 x12=0x00000000
      108915000	     10792	8000446a	0372c533	div	x10,x5,x23	  x5:0x0012e2f0 x23:0x00000000 x10=0xffffffff
      108925000	     10793	8000446e	e73b2213	slti	x4,x22,-397	 x22:0x2000877e  x4=0x00000000
      108935000	     10794	80004472	0000100f	fence.i	
      108965000	     10797	80004476	008adeb3	srl	x29,x21,x8	 x21:0xee300000  x8:0x80025d67 x29=0x01dc6000
      108975000	     10798	8000447a	0184fbb3	and	x23,x9,x24	  x9:0x02fc5880 x24:0xfffffc3c x23=0x02fc5800
      108985000	     10799	8000447e	81fd	c.srli	x11,0x1f	 x11:0x00000003 x11=0x00000000
      109355000	     10836	80004480	02596db3	rem	x27,x18,x5	 x18:0xee300000  x5:0x0012e2f0 x27=0xfff7a3f0
      109365000	     10837	80004484	01606533	or	x10,x0,x22	  x0:0x00000000 x22:0x2000877e x10=0x2000877e
      109375000	     10838	80004488	841e	c.mv	x8,x7	  x0:0x00000000  x7:0x00000000  x8=0x00000000
      109385000	     10839	8000448a	b4a82d13	slti	x26,x16,-1206	 x16:0xd6d0f000 x26=0x00000001
      109395000	     10840	8000448e	018f1593	slli	x11,x30,0x18	 x30:0x175f1000 x11=0x00000000
      109405000	     10841	80004492	409bd693	srai	x13,x23,0x9	 x23:0x02fc5800 x13=0x00017e2c
      109415000	     10842	80004496	51fd	c.li	x3,-1	  x3=0xffffffff
      109425000	     10843	80004498	00411133	sll	x2,x2,x4	  x2:0x00000200  x4:0x00000000  x2=0x00000200
      109435000	     10844	8000449c	00ce1f63	bne	x28,x12,800044ba	 x28:0x00000002 x12:0x00000000
      109465000	     10847	800044ba	0348f863	bgeu	x17,x20,800044ea	 x17:0xd6d0f000 x20:0x80025cfc
      109485000	     10849	800044ea	8ead	c.xor	x13,x11	 x13:0x00017e2c x11:0x00000000 x13=0x00017e2c
      109495000	     10850	800044ec	00525613	srli	x12,x4,0x5	  x4:0x00000000 x12=0x00000000
      109535000	     10854	800044f0	02acbd33	mulhu	x26,x25,x10	 x25:0x80025ce4 x10:0x2000877e x26=0x10008f5c
      109545000	     10855	800044f4	4162d033	sra	x0,x5,x22	  x5:0x0012e2f0 x22:0x2000877e  x0=0x00000000
      109555000	     10856	800044f8	01c722b3	slt	x5,x14,x28	 x14:0xfffffc3b x28:0x00000002  x5=0x00000001
      109565000	     10857	800044fc	572cae93	slti	x29,x25,1394	 x25:0x80025ce4 x29=0x00000001
      109575000	     10858	80004500	01589833	sll	x16,x17,x21	 x17:0xd6d0f000 x21:0xee300000 x16=0xd6d0f000
      109615000	     10862	80004504	0313af33	mulhsu	x30,x7,x17	  x7:0x00000000 x17:0xd6d0f000 x30=0x00000000
      109985000	     10899	80004508	034de133	rem	x2,x27,x20	 x27:0xfff7a3f0 x20:0x80025cfc  x2=0xfff7a3f0
      109995000	     10900	8000450c	739de393	ori	x7,x27,1849	 x27:0xfff7a3f0  x7=0xfff7a7f9
      110005000	     10901	80004510	091a	c.slli	x18,0x6	 x18:0xee300000 x18=0x8c000000
      110015000	     10902	80004512	0116b1b3	sltu	x3,x13,x17	 x13:0x00017e2c x17:0xd6d0f000  x3=0x00000001
      110025000	     10903	80004516	0001	c.addi	x0,0	  x0:0x00000000  x0=0x00000000
      110395000	     10940	80004518	0291c633	div	x12,x3,x9	  x3:0x00000001  x9:0x02fc5880 x12=0x00000000
      110405000	     10941	8000451c	0001	c.addi	x0,0	  x0:0x00000000  x0=0x00000000
      110415000	     10942	8000451e	4113db13	srai	x22,x7,0x11	  x7:0xfff7a7f9 x22=0xfffffffb
      110425000	     10943	80004522	8e1d	c.sub	x12,x15	 x12:0x00000000 x15:0x00000000 x12=0x00000000
      110435000	     10944	80004524	07573193	sltiu	x3,x14,117	 x14:0xfffffc3b  x3=0x00000000
      110445000	     10945	80004528	84cd6093	ori	x1,x26,-1972	 x26:0x10008f5c  x1=0xffffff5c
      110455000	     10946	8000452c	0000100f	fence.i	
      110475000	     10948	80004530	8151	c.srli	x10,0x14	 x10:0x2000877e x10=0x00000200
      110485000	     10949	80004532	814e	c.mv	x2,x19	  x0:0x00000000 x19:0x80021df8  x2=0x80021df8
      110495000	     10950	80004534	00533333	sltu	x6,x6,x5	  x6:0x0000001b  x5:0x00000001  x6=0x00000000
      110505000	     10951	80004538	01f9a933	slt	x18,x19,x31	 x19:0x80021df8 x31:0x0000000b x18=0x00000001
      110515000	     10952	8000453c	0b84	c.addi4spn	x9,x2,464	  x9=0x80021fc8
      110525000	     10953	8000453e	0143d493	srli	x9,x7,0x14	  x7:0xfff7a7f9  x9=0x00000fff
      110895000	     10990	80004542	03706a33	rem	x20,x0,x23	  x0:0x00000000 x23:0x02fc5800 x20=0x00000000
      110905000	     10991	80004546	1e7d	c.addi	x28,-1	 x28:0x00000002 x28=0x00000001
      110925000	     10993	80004548	02647033	remu	x0,x8,x6	  x8:0x00000000  x6:0x00000000  x0=0x00000000
      110935000	     10994	8000454c	8846	c.mv	x16,x17	  x0:0x00000000 x17:0xd6d0f000 x16=0xd6d0f000
      110945000	     10995	8000454e	0001	c.addi	x0,0	  x0:0x00000000  x0=0x00000000
      110955000	     10996	80004550	00f96a33	or	x20,x18,x15	 x18:0x00000001 x15:0x00000000 x20=0x00000001
      110965000	     10997	80004554	007f1933	sll	x18,x30,x7	 x30:0x00000000  x7:0xfff7a7f9 x18=0x00000000
      110975000	     10998	80004558	97b2	c.add	x15,x12	 x15:0x00000000 x12:0x00000000 x15=0x00000000
      110985000	     10999	8000455a	01da35b3	sltu	x11,x20,x29	 x20:0x00000001 x29:0x00000001 x11=0x00000000
      111025000	     11003	8000455e	03f8ad33	mulhsu	x26,x17,x31	 x17:0xd6d0f000 x31:0x0000000b x26=0xfffffffe
      111035000	     11004	80004562	8f05	c.sub	x14,x9	 x14:0xfffffc3b  x9:0x00000fff x14=0xffffec3c
      111045000	     11005	80004564	4020d5b3	sra	x11,x1,x2	  x1:0xffffff5c  x2:0x80021df8 x11=0xffffffff
      111055000	     11006	80004568	987d	c.andi	x8,-1	  x8:0x00000000  x8=0x00000000
      111065000	     11007	8000456a	1d00	c.addi4spn	x8,x2,688	  x8=0x800220a8
      111105000	     11011	8000456c	03492e33	mulhsu	x28,x18,x20	 x18:0x00000000 x20:0x00000001 x28=0x00000000
      111115000	     11012	80004570	00bb7663	bgeu	x22,x11,8000457c	 x22:0xfffffffb x11:0xffffffff
      111125000	     11013	80004574	b61d2613	slti	x12,x26,-1183	 x26:0xfffffffe x12=0x00000000
      111135000	     11014	80004578	b33abd13	sltiu	x26,x21,-1229	 x21:0xee300000 x26=0x00000001
      111145000	     11015	8000457c	d1e67493	andi	x9,x12,-738	 x12:0x00000000  x9=0x00000000
      111155000	     11016	80004580	8edd	c.or	x13,x15	 x13:0x00017e2c x15:0x00000000 x13=0x00017e2c
      111165000	     11017	80004582	ce994db7	lui	x27,0xce994	 x27=0xce994000
      111185000	     11019	80004586	02014833	div	x16,x2,x0	  x2:0x80021df8  x0:0x00000000 x16=0xffffffff
      111195000	     11020	8000458a	4a89	c.li	x21,2	 x21=0x00000002
      111225000	     11023	8000458c	03b180b3	mul	x1,x3,x27	  x3:0x00000000 x27:0xce994000  x1=0x00000000
      111235000	     11024	80004590	37584913	xori	x18,x16,885	 x16:0xffffffff x18=0xfffffc8a
      111245000	     11025	80004594	01153933	sltu	x18,x10,x17	 x10:0x00000200 x17:0xd6d0f000 x18=0x00000001
      111255000	     11026	80004598	01a66db3	or	x27,x12,x26	 x12:0x00000000 x26:0x00000001 x27=0x00000001
      111265000	     11027	8000459c	c209	c.beqz	x12,8000459e	 x12:0x00000000
      111295000	     11030	8000459e	00b755b3	srl	x11,x14,x11	 x14:0xffffec3c x11:0xffffffff x11=0x00000001
      111305000	     11031	800045a2	ea89	c.bnez	x13,800045b4	 x13:0x00017e2c
      111335000	     11034	800045b4	020e5633	divu	x12,x28,x0	 x28:0x00000000  x0:0x00000000 x12=0xffffffff
      111345000	     11035	800045b8	869d	c.srai	x13,0x7	 x13:0x00017e2c x13=0x000002fc
      111355000	     11036	800045ba	400801b3	sub	x3,x16,x0	 x16:0xffffffff  x0:0x00000000  x3=0xffffffff
      111365000	     11037	800045be	88aa	c.mv	x17,x10	  x0:0x00000000 x10:0x00000200 x17=0x00000200
      111375000	     11038	800045c0	0ff0000f	fence	iorw,iorw	
      111385000	     11039	800045c4	00d46863	bltu	x8,x13,800045d4	  x8:0x800220a8 x13:0x000002fc
      111395000	     11040	800045c8	07d58113	addi	x2,x11,125	 x11:0x00000001  x2=0x0000007e
      111405000	     11041	800045cc	0191a5b3	slt	x11,x3,x25	  x3:0xffffffff x25:0x80025ce4 x11=0x00000000
      111415000	     11042	800045d0	40892f13	slti	x30,x18,1032	 x18:0x00000001 x30=0x00000001
      111425000	     11043	800045d4	41320e33	sub	x28,x4,x19	  x4:0x00000000 x19:0x80021df8 x28=0x7ffde208
      111435000	     11044	800045d8	4099d933	sra	x18,x19,x9	 x19:0x80021df8  x9:0x00000000 x18=0x80021df8
      111445000	     11045	800045dc	8b310593	addi	x11,x2,-1869	  x2:0x0000007e x11=0xfffff931
      111455000	     11046	800045e0	004f9133	sll	x2,x31,x4	 x31:0x0000000b  x4:0x00000000  x2=0x0000000b
      111465000	     11047	800045e4	8d8d	c.sub	x11,x11	 x11:0xfffff931 x11:0xfffff931 x11=0x00000000
      111475000	     11048	800045e6	00b12633	slt	x12,x2,x11	  x2:0x0000000b x11:0x00000000 x12=0x00000000
      111485000	     11049	800045ea	000af363	bgeu	x21,x0,800045f0	 x21:0x00000002  x0:0x00000000
      111505000	     11051	800045f0	01c91f33	sll	x30,x18,x28	 x18:0x80021df8 x28:0x7ffde208 x30=0x021df800
      111515000	     11052	800045f4	00801f33	sll	x30,x0,x8	  x0:0x00000000  x8:0x800220a8 x30=0x00000000
      111555000	     11056	800045f8	03ec90b3	mulh	x1,x25,x30	 x25:0x80025ce4 x30:0x00000000  x1=0x00000000
      111565000	     11057	800045fc	0001	c.addi	x0,0	  x0:0x00000000  x0=0x00000000
      111575000	     11058	800045fe	9af2	c.add	x21,x28	 x21:0x00000002 x28:0x7ffde208 x21=0x7ffde20a
      111585000	     11059	80004600	00989633	sll	x12,x17,x9	 x17:0x00000200  x9:0x00000000 x12=0x00000200
      111615000	     11062	80004604	02ba85b3	mul	x11,x21,x11	 x21:0x7ffde20a x11:0x00000000 x11=0x00000000
      111625000	     11063	80004608	00678eb3	add	x29,x15,x6	 x15:0x00000000  x6:0x00000000 x29=0x00000000
      111635000	     11064	8000460c	8d6a	c.mv	x26,x26	  x0:0x00000000 x26:0x00000001 x26=0x00000001
      111645000	     11065	8000460e	04bf4263	blt	x30,x11,80004652	 x30:0x00000000 x11:0x00000000
      111655000	     11066	80004612	0000100f	fence.i	
      111685000	     11069	80004616	962b7913	andi	x18,x22,-1694	 x22:0xfffffffb x18=0xfffff962
      111695000	     11070	8000461a	007a1f13	slli	x30,x20,0x7	 x20:0x00000001 x30=0x00000080
      111705000	     11071	8000461e	414f83b3	sub	x7,x31,x20	 x31:0x0000000b x20:0x00000001  x7=0x0000000a
      111715000	     11072	80004622	8e25	c.xor	x12,x9	 x12:0x00000200  x9:0x00000000 x12=0x00000200
      111725000	     11073	80004624	6e39	c.lui	x28,0xe	 x28=0x0000e000
      111735000	     11074	80004626	8d1e	c.mv	x26,x7	  x0:0x00000000  x7:0x0000000a x26=0x0000000a
      111745000	     11075	80004628	40fadab3	sra	x21,x21,x15	 x21:0x7ffde20a x15:0x00000000 x21=0x7ffde20a
      112115000	     11112	8000462c	025666b3	rem	x13,x12,x5	 x12:0x00000200  x5:0x00000001 x13=0x00000000
      112125000	     11113	80004630	00bc5633	srl	x12,x24,x11	 x24:0xfffffc3c x11:0x00000000 x12=0xfffffc3c
      112135000	     11114	80004634	8d1e	c.mv	x26,x7	  x0:0x00000000  x7:0x0000000a x26=0x0000000a
      112145000	     11115	80004636	e01d	c.bnez	x8,8000465c	  x8:0x800220a8
      112165000	     11117	8000465c	9d70ed93	ori	x27,x1,-1577	  x1:0x00000000 x27=0xfffff9d7
      112185000	     11119	80004660	02924933	div	x18,x4,x9	  x4:0x00000000  x9:0x00000000 x18=0xffffffff
      112195000	     11120	80004664	013e9b63	bne	x29,x19,8000467a	 x29:0x00000000 x19:0x80021df8
      112215000	     11122	8000467a	8099	c.srli	x9,0x6	  x9:0x00000000  x9=0x00000000
      112225000	     11123	8000467c	eb9d	c.bnez	x15,800046b2	 x15:0x00000000
      112235000	     11124	8000467e	0436b613	sltiu	x12,x13,67	 x13:0x00000000 x12=0x00000001
      112245000	     11125	80004682	018b9db3	sll	x27,x23,x24	 x23:0x02fc5800 x24:0xfffffc3c x27=0x00000000
      112275000	     11128	80004686	03160e33	mul	x28,x12,x17	 x12:0x00000001 x17:0x00000200 x28=0x00000200
      112285000	     11129	8000468a	fb0b3737	lui	x14,0xfb0b3	 x14=0xfb0b3000
      112295000	     11130	8000468e	8fd1	c.or	x15,x12	 x15:0x00000000 x12:0x00000001 x15=0x00000001
      112305000	     11131	80004690	8925	c.andi	x10,9	 x10:0x00000200 x10=0x00000000
      112315000	     11132	80004692	0058af33	slt	x30,x17,x5	 x17:0x00000200  x5:0x00000001 x30=0x00000000
      112325000	     11133	80004696	0000100f	fence.i	
      112345000	     11135	8000469a	c399	c.beqz	x15,800046a0	 x15:0x00000001
      112355000	     11136	8000469c	008462b3	or	x5,x8,x8	  x8:0x800220a8  x8:0x800220a8  x5=0x800220a8
      112365000	     11137	800046a0	02f2	c.slli	x5,0x1c	  x5:0x800220a8  x5=0x80000000
      112375000	     11138	800046a2	1d18	c.addi4spn	x14,x2,688	 x14=0x000002bb
      112385000	     11139	800046a4	8f31	c.xor	x14,x12	 x14:0x000002bb x12:0x00000001 x14=0x000002ba
      112395000	     11140	800046a6	682b37b7	lui	x15,0x682b3	 x15=0x682b3000
      112405000	     11141	800046aa	52fd	c.li	x5,-1	  x5=0xffffffff
      112415000	     11142	800046ac	02735a63	bge	x6,x7,800046e0	  x6:0x00000000  x7:0x0000000a
      112425000	     11143	800046b0	091e	c.slli	x18,0x7	 x18:0xffffffff x18=0xffffff80
      112435000	     11144	800046b2	85c9	c.srai	x11,0x12	 x11:0x00000000 x11=0x00000000
      112445000	     11145	800046b4	4055d693	srai	x13,x11,0x5	 x11:0x00000000 x13=0x00000000
      112485000	     11149	800046b8	02533db3	mulhu	x27,x6,x5	  x6:0x00000000  x5:0xffffffff x27=0x00000000
      112495000	     11150	800046bc	1d7d	c.addi	x26,-1	 x26:0x0000000a x26=0x00000009
      112505000	     11151	800046be	09dc2d13	slti	x26,x24,157	 x24:0xfffffc3c x26=0x00000001
      112515000	     11152	800046c2	1a08	c.addi4spn	x10,x2,304	 x10=0x0000013b
      112525000	     11153	800046c4	8f49	c.or	x14,x10	 x14:0x000002ba x10:0x0000013b x14=0x000003bb
      112535000	     11154	800046c6	8390c013	xori	x0,x1,-1991	  x1:0x00000000  x0=0x00000000
      112545000	     11155	800046ca	8f4a	c.mv	x30,x18	  x0:0x00000000 x18:0xffffff80 x30=0xffffff80
      112555000	     11156	800046cc	0001	c.addi	x0,0	  x0:0x00000000  x0=0x00000000
      112595000	     11160	800046ce	022f26b3	mulhsu	x13,x30,x2	 x30:0xffffff80  x2:0x0000000b x13=0xffffffff
      112605000	     11161	800046d2	825e	c.mv	x4,x23	  x0:0x00000000 x23:0x02fc5800  x4=0x02fc5800
      112615000	     11162	800046d4	01ebbc33	sltu	x24,x23,x30	 x23:0x02fc5800 x30:0xffffff80 x24=0x00000001
      112625000	     11163	800046d8	dab90697	auipc	x13,0xdab90	 x13=0x5ab946d8
      112635000	     11164	800046dc	f81003b7	lui	x7,0xf8100	  x7=0xf8100000
      113005000	     11201	800046e0	025c67b3	rem	x15,x24,x5	 x24:0x00000001  x5:0xffffffff x15=0x00000000
      113015000	     11202	800046e4	0bf6	c.slli	x23,0x1d	 x23:0x02fc5800 x23=0x00000000
      113025000	     11203	800046e6	9372	c.add	x6,x28	  x6:0x00000000 x28:0x00000200  x6=0x00000200
      113035000	     11204	800046e8	8159	c.srli	x10,0x16	 x10:0x0000013b x10=0x00000000
      113045000	     11205	800046ea	a7da3c13	sltiu	x24,x20,-1411	 x20:0x00000001 x24=0x00000001
      113055000	     11206	800046ee	0001	c.addi	x0,0	  x0:0x00000000  x0=0x00000000
      113085000	     11209	800046f0	02520533	mul	x10,x4,x5	  x4:0x02fc5800  x5:0xffffffff x10=0xfd03a800
      113095000	     11210	800046f4	717d	c.addi16sp	x2,-16	  x2:0x0000000b  x2=0xfffffffb
      113105000	     11211	800046f6	1580	c.addi4spn	x8,x2,736	  x8=0x000002db
      113145000	     11215	800046f8	02c8b333	mulhu	x6,x17,x12	 x17:0x00000200 x12:0x00000001  x6=0x00000000
      113155000	     11216	800046fc	0ff0000f	fence	iorw,iorw	
      113165000	     11217	80004700	98fd	c.andi	x9,-1	  x9:0x00000000  x9=0x00000000
      113175000	     11218	80004702	0d91	c.addi	x27,4	 x27:0x00000000 x27=0x00000004
      113185000	     11219	80004704	010423b3	slt	x7,x8,x16	  x8:0x000002db x16:0xffffffff  x7=0x00000000
      113195000	     11220	80004708	0ff0000f	fence	iorw,iorw	
      113565000	     11257	8000470c	03f24f33	div	x30,x4,x31	  x4:0x02fc5800 x31:0x0000000b x30=0x00457c5d
      113935000	     11294	80004710	034be033	rem	x0,x23,x20	 x23:0x00000000 x20:0x00000001  x0=0x00000000
      113945000	     11295	80004714	01230a33	add	x20,x6,x18	  x6:0x00000000 x18:0xffffff80 x20=0xffffff80
      113955000	     11296	80004718	1f7d	c.addi	x30,-1	 x30:0x00457c5d x30=0x00457c5c
      113965000	     11297	8000471a	01e96f33	or	x30,x18,x30	 x18:0xffffff80 x30:0x00457c5c x30=0xffffffdc
      113975000	     11298	8000471e	614d	c.addi16sp	x2,176	  x2:0xfffffffb  x2=0x000000ab
      113985000	     11299	80004720	00d3f463	bgeu	x7,x13,80004728	  x7:0x00000000 x13:0x5ab946d8
      113995000	     11300	80004724	82a9	c.srli	x13,0xa	 x13:0x5ab946d8 x13=0x0016ae51
      114005000	     11301	80004726	ca1d	c.beqz	x12,8000475c	 x12:0x00000001
      114015000	     11302	80004728	8d89	c.sub	x11,x10	 x11:0x00000000 x10:0xfd03a800 x11=0x02fc5800
      114025000	     11303	8000472a	0e55	c.addi	x28,21	 x28:0x00000200 x28=0x00000215
      114035000	     11304	8000472c	03ef6663	bltu	x30,x30,80004758	 x30:0xffffffdc x30:0xffffffdc
      114045000	     11305	80004730	00b85913	srli	x18,x16,0xb	 x16:0xffffffff x18=0x001fffff
      114085000	     11309	80004734	026915b3	mulh	x11,x18,x6	 x18:0x001fffff  x6:0x00000000 x11=0x00000000
      114095000	     11310	80004738	07b9	c.addi	x15,14	 x15:0x00000000 x15=0x0000000e
      114135000	     11314	8000473a	0288bab3	mulhu	x21,x17,x8	 x17:0x00000200  x8:0x000002db x21=0x00000000
      114145000	     11315	8000473e	e9c34793	xori	x15,x6,-356	  x6:0x00000000 x15=0xfffffe9c
      114155000	     11316	80004742	65a1	c.lui	x11,0x8	 x11=0x00008000
      114165000	     11317	80004744	02191b63	bne	x18,x1,8000477a	 x18:0x001fffff  x1:0x00000000
      114195000	     11320	8000477a	40fcd113	srai	x2,x25,0xf	 x25:0x80025ce4  x2=0xffff0004
      114205000	     11321	8000477e	9a46	c.add	x20,x17	 x20:0xffffff80 x17:0x00000200 x20=0x00000180
      114215000	     11322	80004780	e711	c.bnez	x14,8000478c	 x14:0x000003bb
      114235000	     11324	8000478c	01dd7f33	and	x30,x26,x29	 x26:0x00000001 x29:0x00000000 x30=0x00000000
      114245000	     11325	80004790	c691e493	ori	x9,x3,-919	  x3:0xffffffff  x9=0xffffffff
      114255000	     11326	80004794	05a0c263	blt	x1,x26,800047d8	  x1:0x00000000 x26:0x00000001
      114275000	     11328	800047d8	01363a33	sltu	x20,x12,x19	 x12:0x00000001 x19:0x80021df8 x20=0x00000001
      114285000	     11329	800047dc	8e45	c.or	x12,x9	 x12:0x00000001  x9:0xffffffff x12=0xffffffff
      114295000	     11330	800047de	012e9763	bne	x29,x18,800047ec	 x29:0x00000000 x18:0x001fffff
      114315000	     11332	800047ec	8ee1	c.and	x13,x8	 x13:0x0016ae51  x8:0x000002db x13=0x00000251
      114325000	     11333	800047ee	8152	c.mv	x2,x20	  x0:0x00000000 x20:0x00000001  x2=0x00000001
      114335000	     11334	800047f0	0001	c.addi	x0,0	  x0:0x00000000  x0=0x00000000
      114705000	     11371	800047f2	02d2d833	divu	x16,x5,x13	  x5:0xffffffff x13:0x00000251 x16=0x006e8419
      114715000	     11372	800047f6	7028a493	slti	x9,x17,1794	 x17:0x00000200  x9=0x00000001
      114725000	     11373	800047fa	0ff0000f	fence	iorw,iorw	
      114735000	     11374	800047fe	00a4d033	srl	x0,x9,x10	  x9:0x00000001 x10:0xfd03a800  x0=0x00000000
      114745000	     11375	80004802	62443317	auipc	x6,0x62443	  x6=0xe2447802
      114755000	     11376	80004806	011c9093	slli	x1,x25,0x11	 x25:0x80025ce4  x1=0xb9c80000
      114765000	     11377	8000480a	0001	c.addi	x0,0	  x0:0x00000000  x0=0x00000000
      114775000	     11378	8000480c	016b77b3	and	x15,x22,x22	 x22:0xfffffffb x22:0xfffffffb x15=0xfffffffb
      114785000	     11379	80004810	04081063	bne	x16,x0,80004850	 x16:0x006e8419  x0:0x00000000
      114805000	     11381	80004850	0001	c.addi	x0,0	  x0:0x00000000  x0=0x00000000
      114815000	     11382	80004852	ef09	c.bnez	x14,8000486c	 x14:0x000003bb
      114835000	     11384	8000486c	00c5d713	srli	x14,x11,0xc	 x11:0x00008000 x14=0x00000008
      114875000	     11388	80004870	03c41533	mulh	x10,x8,x28	  x8:0x000002db x28:0x00000215 x10=0x00000000
      114885000	     11389	80004874	641d	c.lui	x8,0x7	  x8=0x00007000
      114895000	     11390	80004876	049c	c.addi4spn	x15,x2,576	 x15=0x00000241
      114905000	     11391	80004878	010dff63	bgeu	x27,x16,80004896	 x27:0x00000004 x16:0x006e8419
      114915000	     11392	8000487c	8c65	c.and	x8,x9	  x8:0x00007000  x9:0x00000001  x8=0x00000000
      114925000	     11393	8000487e	0672b693	sltiu	x13,x5,103	  x5:0xffffffff x13=0x00000000
      114935000	     11394	80004882	0001	c.addi	x0,0	  x0:0x00000000  x0=0x00000000
      114975000	     11398	80004884	029fa733	mulhsu	x14,x31,x9	 x31:0x0000000b  x9:0x00000001 x14=0x00000000
      114985000	     11399	80004888	9b562593	slti	x11,x12,-1611	 x12:0xffffffff x11=0x00000000
      115025000	     11403	8000488c	0244b133	mulhu	x2,x9,x4	  x9:0x00000001  x4:0x02fc5800  x2=0x00000000
      115395000	     11440	80004890	03024433	div	x8,x4,x16	  x4:0x02fc5800 x16:0x006e8419  x8=0x00000006
      115405000	     11441	80004894	717d	c.addi16sp	x2,-16	  x2:0x00000000  x2=0xfffffff0
      115415000	     11442	80004896	05f11363	bne	x2,x31,800048dc	  x2:0xfffffff0 x31:0x0000000b
      115435000	     11444	800048dc	8d52	c.mv	x26,x20	  x0:0x00000000 x20:0x00000001 x26=0x00000001
      115445000	     11445	800048de	7c479717	auipc	x14,0x7c479	 x14=0xfc47d8de
      115455000	     11446	800048e2	8f71	c.and	x14,x12	 x14:0xfc47d8de x12:0xffffffff x14=0xfc47d8de
      115465000	     11447	800048e4	0001	c.addi	x0,0	  x0:0x00000000  x0=0x00000000
      115475000	     11448	800048e6	0000100f	fence.i	
      115505000	     11451	800048ea	013c61b3	or	x3,x24,x19	 x24:0x00000001 x19:0x80021df8  x3=0x80021df9
      115515000	     11452	800048ee	40435f33	sra	x30,x6,x4	  x6:0xe2447802  x4:0x02fc5800 x30=0xe2447802
      115525000	     11453	800048f2	01c45d93	srli	x27,x8,0x1c	  x8:0x00000006 x27=0x00000000
      115535000	     11454	800048f6	01595733	srl	x14,x18,x21	 x18:0x001fffff x21:0x00000000 x14=0x001fffff
      115545000	     11455	800048fa	6131	c.addi16sp	x2,320	  x2:0xfffffff0  x2=0x00000130
      115555000	     11456	800048fc	41a10c33	sub	x24,x2,x26	  x2:0x00000130 x26:0x00000001 x24=0x0000012f
      115565000	     11457	80004900	c98d	c.beqz	x11,80004932	 x11:0x00000000
      115585000	     11459	80004932	8471	c.srai	x8,0x1c	  x8:0x00000006  x8=0x00000000
      115625000	     11463	80004934	02b925b3	mulhsu	x11,x18,x11	 x18:0x001fffff x11:0x00000000 x11=0x00000000
      115635000	     11464	80004938	05e49163	bne	x9,x30,8000497a	  x9:0x00000001 x30:0xe2447802
      115665000	     11467	8000497a	008c8c33	add	x24,x25,x8	 x25:0x80025ce4  x8:0x00000000 x24=0x80025ce4
      115675000	     11468	8000497e	0118	c.addi4spn	x14,x2,128	 x14=0x000001b0
      115705000	     11471	80004980	034c0333	mul	x6,x24,x20	 x24:0x80025ce4 x20:0x00000001  x6=0x80025ce4
      115715000	     11472	80004984	003997b3	sll	x15,x19,x3	 x19:0x80021df8  x3:0x80021df9 x15=0xf0000000
      115725000	     11473	80004988	c319	c.beqz	x14,8000498e	 x14:0x000001b0
      115735000	     11474	8000498a	0078d2b3	srl	x5,x17,x7	 x17:0x00000200  x7:0x00000000  x5=0x00000200
      115745000	     11475	8000498e	0c4e	c.slli	x24,0x13	 x24:0x80025ce4 x24=0xe7200000
      115755000	     11476	80004990	0ee5	c.addi	x29,25	 x29:0x00000000 x29=0x00000019
      116125000	     11513	80004992	036f53b3	divu	x7,x30,x22	 x30:0xe2447802 x22:0xfffffffb  x7=0x00000000
      116135000	     11514	80004996	82ca	c.mv	x5,x18	  x0:0x00000000 x18:0x001fffff  x5=0x001fffff
      116175000	     11518	80004998	02809233	mulh	x4,x1,x8	  x1:0xb9c80000  x8:0x00000000  x4=0x00000000
      116185000	     11519	8000499c	008f8563	beq	x31,x8,800049a6	 x31:0x0000000b  x8:0x00000000
      116195000	     11520	800049a0	0a26	c.slli	x20,0x9	 x20:0x00000001 x20=0x00000200
      116205000	     11521	800049a2	00283bb3	sltu	x23,x16,x2	 x16:0x006e8419  x2:0x00000130 x23=0x00000000
      116215000	     11522	800049a6	910e	c.add	x2,x3	  x2:0x00000130  x3:0x80021df9  x2=0x80021f29
      116255000	     11526	800049a8	037a9933	mulh	x18,x21,x23	 x21:0x00000000 x23:0x00000000 x18=0x00000000
      116285000	     11529	800049ac	03658533	mul	x10,x11,x22	 x11:0x00000000 x22:0xfffffffb x10=0x00000000
      116295000	     11530	800049b0	c095	c.beqz	x9,800049d4	  x9:0x00000001
      116305000	     11531	800049b2	ca81	c.beqz	x13,800049c2	 x13:0x00000000
      116335000	     11534	800049c2	00d61663	bne	x12,x13,800049ce	 x12:0xffffffff x13:0x00000000
      116365000	     11537	800049ce	016a38b3	sltu	x17,x20,x22	 x20:0x00000200 x22:0xfffffffb x17=0x00000001
      116375000	     11538	800049d2	8e1d	c.sub	x12,x15	 x12:0xffffffff x15:0xf0000000 x12=0x0fffffff
      116385000	     11539	800049d4	b0ea45b7	lui	x11,0xb0ea4	 x11=0xb0ea4000
      116395000	     11540	800049d8	016fc0b3	xor	x1,x31,x22	 x31:0x0000000b x22:0xfffffffb  x1=0xfffffff0
      116405000	     11541	800049dc	39162893	slti	x17,x12,913	 x12:0x0fffffff x17=0x00000000
      116415000	     11542	800049e0	83f5	c.srli	x15,0x1d	 x15:0xf0000000 x15=0x00000007
      116425000	     11543	800049e2	015c2333	slt	x6,x24,x21	 x24:0xe7200000 x21:0x00000000  x6=0x00000001
      116435000	     11544	800049e6	016e5f63	bge	x28,x22,80004a04	 x28:0x00000215 x22:0xfffffffb
      116465000	     11547	80004a04	0325fe33	remu	x28,x11,x18	 x11:0xb0ea4000 x18:0x00000000 x28=0xb0ea4000
      116475000	     11548	80004a08	c519	c.beqz	x10,80004a16	 x10:0x00000000
      116505000	     11551	80004a16	019f1d13	slli	x26,x30,0x19	 x30:0xe2447802 x26=0x04000000
      116875000	     11588	80004a1a	0232f4b3	remu	x9,x5,x3	  x5:0x001fffff  x3:0x80021df9  x9=0x001fffff
      116885000	     11589	80004a1e	039ae363	bltu	x21,x25,80004a44	 x21:0x00000000 x25:0x80025ce4
      116905000	     11591	80004a44	72ba8213	addi	x4,x21,1835	 x21:0x00000000  x4=0x0000072b
      116915000	     11592	80004a48	0001	c.addi	x0,0	  x0:0x00000000  x0=0x00000000
      116925000	     11593	80004a4a	4b9d	c.li	x23,7	 x23=0x00000007
      116935000	     11594	80004a4c	023e	c.slli	x4,0xf	  x4:0x0000072b  x4=0x03958000
      117305000	     11631	80004a4e	03c85db3	divu	x27,x16,x28	 x16:0x006e8419 x28:0xb0ea4000 x27=0x00000000
      117315000	     11632	80004a52	10fd	c.addi	x1,-1	  x1:0xfffffff0  x1=0xffffffef
      117325000	     11633	80004a54	015ce463	bltu	x25,x21,80004a5c	 x25:0x80025ce4 x21:0x00000000
      117335000	     11634	80004a58	e391	c.bnez	x15,80004a5c	 x15:0x00000007
      117355000	     11636	80004a5c	00cd67b3	or	x15,x26,x12	 x26:0x04000000 x12:0x0fffffff x15=0x0fffffff
      117365000	     11637	80004a60	02a75a63	bge	x14,x10,80004a94	 x14:0x000001b0 x10:0x00000000
      117745000	     11675	80004a94	036cddb3	divu	x27,x25,x22	 x25:0x80025ce4 x22:0xfffffffb x27=0x00000000
      117755000	     11676	80004a98	017382b3	add	x5,x7,x23	  x7:0x00000000 x23:0x00000007  x5=0x00000007
      117765000	     11677	80004a9c	01f19033	sll	x0,x3,x31	  x3:0x80021df9 x31:0x0000000b  x0=0x00000000
      117775000	     11678	80004aa0	528ba713	slti	x14,x23,1320	 x23:0x00000007 x14=0x00000001
      118145000	     11715	80004aa4	037e78b3	remu	x17,x28,x23	 x28:0xb0ea4000 x23:0x00000007 x17=0x00000004
      118155000	     11716	80004aa8	c215	c.beqz	x12,80004acc	 x12:0x0fffffff
      118165000	     11717	80004aaa	03f2e763	bltu	x5,x31,80004ad8	  x5:0x00000007 x31:0x0000000b
      118185000	     11719	80004ad8	8eb1	c.xor	x13,x12	 x13:0x00000000 x12:0x0fffffff x13=0x0fffffff
      118195000	     11720	80004ada	8d99	c.sub	x11,x14	 x11:0xb0ea4000 x14:0x00000001 x11=0xb0ea3fff
      118565000	     11757	80004adc	0315fe33	remu	x28,x11,x17	 x11:0xb0ea3fff x17:0x00000004 x28=0x00000003
      118575000	     11758	80004ae0	40ca07b3	sub	x15,x20,x12	 x20:0x00000200 x12:0x0fffffff x15=0xf0000201
      118585000	     11759	80004ae4	b0a78693	addi	x13,x15,-1270	 x15:0xf0000201 x13=0xeffffd0b
      118595000	     11760	80004ae8	01cbdd33	srl	x26,x23,x28	 x23:0x00000007 x28:0x00000003 x26=0x00000000
      118605000	     11761	80004aec	049e	c.slli	x9,0x7	  x9:0x001fffff  x9=0x0fffff80
      118615000	     11762	80004aee	01a8a5b3	slt	x11,x17,x26	 x17:0x00000004 x26:0x00000000 x11=0x00000000
      118625000	     11763	80004af2	8d41	c.or	x10,x8	 x10:0x00000000  x8:0x00000000 x10=0x00000000
      118635000	     11764	80004af4	02087e63	bgeu	x16,x0,80004b30	 x16:0x006e8419  x0:0x00000000
      118655000	     11766	80004b30	a9d26db7	lui	x27,0xa9d26	 x27=0xa9d26000
      118665000	     11767	80004b34	8599	c.srai	x11,0x6	 x11:0x00000000 x11=0x00000000
      118675000	     11768	80004b36	e489	c.bnez	x9,80004b40	  x9:0x0fffff80
      118695000	     11770	80004b40	0001	c.addi	x0,0	  x0:0x00000000  x0=0x00000000
      118705000	     11771	80004b42	8ea1	c.xor	x13,x8	 x13:0xeffffd0b  x8:0x00000000 x13=0xeffffd0b
      118715000	     11772	80004b44	0001	c.addi	x0,0	  x0:0x00000000  x0=0x00000000
      118725000	     11773	80004b46	01149db3	sll	x27,x9,x17	  x9:0x0fffff80 x17:0x00000004 x27=0xfffff800
      119095000	     11810	80004b4a	03d053b3	divu	x7,x0,x29	  x0:0x00000000 x29:0x00000019  x7=0x00000000
      119105000	     11811	80004b4e	00df1ab3	sll	x21,x30,x13	 x30:0xe2447802 x13:0xeffffd0b x21=0x23c01000
      119115000	     11812	80004b52	8a79	c.andi	x12,30	 x12:0x0fffffff x12=0x0000001e
      119125000	     11813	80004b54	8f0d	c.sub	x14,x11	 x14:0x00000001 x11:0x00000000 x14=0x00000001
      119135000	     11814	80004b56	0001	c.addi	x0,0	  x0:0x00000000  x0=0x00000000
      119145000	     11815	80004b58	c509	c.beqz	x10,80004b62	 x10:0x00000000
      119175000	     11818	80004b62	0017adb3	slt	x27,x15,x1	 x15:0xf0000201  x1:0xffffffef x27=0x00000001
      119185000	     11819	80004b66	8da1	c.xor	x11,x8	 x11:0x00000000  x8:0x00000000 x11=0x00000000
      119195000	     11820	80004b68	8d25	c.xor	x10,x9	 x10:0x00000000  x9:0x0fffff80 x10=0x0fffff80
      119205000	     11821	80004b6a	015e6863	bltu	x28,x21,80004b7a	 x28:0x00000003 x21:0x23c01000
      119225000	     11823	80004b7a	87f9	c.srai	x15,0x1e	 x15:0xf0000201 x15=0xffffffff
      119235000	     11824	80004b7c	8225	c.srli	x12,0x9	 x12:0x0000001e x12=0x00000000
      119245000	     11825	80004b7e	04305163	bge	x0,x3,80004bc0	  x0:0x00000000  x3:0x80021df9
      119265000	     11827	80004bc0	003ea5b3	slt	x11,x29,x3	 x29:0x00000019  x3:0x80021df9 x11=0x00000000
      119635000	     11864	80004bc4	034e4133	div	x2,x28,x20	 x28:0x00000003 x20:0x00000200  x2=0x00000000
      119645000	     11865	80004bc8	01f79563	bne	x15,x31,80004bd2	 x15:0xffffffff x31:0x0000000b
      119665000	     11867	80004bd2	177d	c.addi	x14,-1	 x14:0x00000001 x14=0x00000000
      119675000	     11868	80004bd4	9ea44e13	xori	x28,x8,-1558	  x8:0x00000000 x28=0xfffff9ea
      119685000	     11869	80004bd8	01039e13	slli	x28,x7,0x10	  x7:0x00000000 x28=0x00000000
      119695000	     11870	80004bdc	8a71	c.andi	x12,28	 x12:0x00000000 x12=0x00000000
      119735000	     11874	80004bde	036fb3b3	mulhu	x7,x31,x22	 x31:0x0000000b x22:0xfffffffb  x7=0x0000000a
      119745000	     11875	80004be2	8d51	c.or	x10,x12	 x10:0x0fffff80 x12:0x00000000 x10=0x0fffff80
      119755000	     11876	80004be4	009c8e33	add	x28,x25,x9	 x25:0x80025ce4  x9:0x0fffff80 x28=0x90025c64
      119765000	     11877	80004be8	00791033	sll	x0,x18,x7	 x18:0x00000000  x7:0x0000000a  x0=0x00000000
      119775000	     11878	80004bec	014efc33	and	x24,x29,x20	 x29:0x00000019 x20:0x00000200 x24=0x00000000
      119785000	     11879	80004bf0	52fd	c.li	x5,-1	  x5=0xffffffff
      119795000	     11880	80004bf2	9646	c.add	x12,x17	 x12:0x00000000 x17:0x00000004 x12=0x00000004
      119805000	     11881	80004bf4	01f023b3	slt	x7,x0,x31	  x0:0x00000000 x31:0x0000000b  x7=0x00000001
      119815000	     11882	80004bf8	15fd	c.addi	x11,-1	 x11:0x00000000 x11=0xffffffff
      119825000	     11883	80004bfa	8ee9	c.and	x13,x10	 x13:0xeffffd0b x10:0x0fffff80 x13=0x0ffffd00
      119835000	     11884	80004bfc	8cd5	c.or	x9,x13	  x9:0x0fffff80 x13:0x0ffffd00  x9=0x0fffff80
      119845000	     11885	80004bfe	8e99	c.sub	x13,x14	 x13:0x0ffffd00 x14:0x00000000 x13=0x0ffffd00
      119855000	     11886	80004c00	717d	c.addi16sp	x2,-16	  x2:0x00000000  x2=0xfffffff0
      119895000	     11890	80004c02	02af9533	mulh	x10,x31,x10	 x31:0x0000000b x10:0x0fffff80 x10=0x00000000
      119905000	     11891	80004c06	0ff0000f	fence	iorw,iorw	
      119915000	     11892	80004c0a	411ada33	sra	x20,x21,x17	 x21:0x23c01000 x17:0x00000004 x20=0x023c0100
      119925000	     11893	80004c0e	0ff0000f	fence	iorw,iorw	
      119935000	     11894	80004c12	00f25713	srli	x14,x4,0xf	  x4:0x03958000 x14=0x0000072b
      119945000	     11895	80004c16	0001	c.addi	x0,0	  x0:0x00000000  x0=0x00000000
      119955000	     11896	80004c18	00352bb3	slt	x23,x10,x3	 x10:0x00000000  x3:0x80021df9 x23=0x00000000
      119965000	     11897	80004c1c	6f51	c.lui	x30,0x14	 x30=0x00014000
      119975000	     11898	80004c1e	086a	c.slli	x16,0x1a	 x16:0x006e8419 x16=0x64000000
      119985000	     11899	80004c20	40518e33	sub	x28,x3,x5	  x3:0x80021df9  x5:0xffffffff x28=0x80021dfa
      119995000	     11900	80004c24	48fd	c.li	x17,31	 x17=0x0000001f
      120005000	     11901	80004c26	03fa6a93	ori	x21,x20,63	 x20:0x023c0100 x21=0x023c013f
      120015000	     11902	80004c2a	8325	c.srli	x14,0x9	 x14:0x0000072b x14=0x00000003
      120025000	     11903	80004c2c	1804	c.addi4spn	x9,x2,48	  x9=0x00000020
      120065000	     11907	80004c2e	026c2bb3	mulhsu	x23,x24,x6	 x24:0x00000000  x6:0x00000001 x23=0x00000000
      120075000	     11908	80004c32	80da	c.mv	x1,x22	  x0:0x00000000 x22:0xfffffffb  x1=0xfffffffb
      120085000	     11909	80004c34	01b7d593	srli	x11,x15,0x1b	 x15:0xffffffff x11=0x0000001f
      120095000	     11910	80004c38	0d26	c.slli	x26,0x9	 x26:0x00000000 x26=0x00000000
      120105000	     11911	80004c3a	8da5	c.xor	x11,x9	 x11:0x0000001f  x9:0x00000020 x11=0x0000003f
      120115000	     11912	80004c3c	7b478493	addi	x9,x15,1972	 x15:0xffffffff  x9=0x000007b3
      120125000	     11913	80004c40	717d	c.addi16sp	x2,-16	  x2:0xfffffff0  x2=0xffffffe0
      120165000	     11917	80004c42	02959933	mulh	x18,x11,x9	 x11:0x0000003f  x9:0x000007b3 x18=0x00000000
      120205000	     11921	80004c46	03f3a933	mulhsu	x18,x7,x31	  x7:0x00000001 x31:0x0000000b x18=0x00000000
      120225000	     11923	80004c4a	038944b3	div	x9,x18,x24	 x18:0x00000000 x24:0x00000000  x9=0xffffffff
      120235000	     11924	80004c4e	40bcd8b3	sra	x17,x25,x11	 x25:0x80025ce4 x11:0x0000003f x17=0xffffffff
      120245000	     11925	80004c52	ef15	c.bnez	x14,80004c8e	 x14:0x00000003
      120265000	     11927	80004c8e	5a7d	c.li	x20,-1	 x20=0xffffffff
      120275000	     11928	80004c90	02a2ca63	blt	x5,x10,80004cc4	  x5:0xffffffff x10:0x00000000
      120295000	     11930	80004cc4	8a4d	c.andi	x12,19	 x12:0x00000004 x12=0x00000000
      120305000	     11931	80004cc6	8779	c.srai	x14,0x1e	 x14:0x00000003 x14=0x00000000
      120675000	     11968	80004cc8	027c5b33	divu	x22,x24,x7	 x24:0x00000000  x7:0x00000001 x22=0x00000000
      120685000	     11969	80004ccc	8b556917	auipc	x18,0x8b556	 x18=0x0b55accc
      120695000	     11970	80004cd0	03aec963	blt	x29,x26,80004d02	 x29:0x00000019 x26:0x00000000
      120705000	     11971	80004cd4	6b31	c.lui	x22,0xc	 x22=0x0000c000
      120715000	     11972	80004cd6	c6123a13	sltiu	x20,x4,-927	  x4:0x03958000 x20=0x00000001
      120725000	     11973	80004cda	03a66263	bltu	x12,x26,80004cfe	 x12:0x00000000 x26:0x00000000
      120735000	     11974	80004cde	91aa	c.add	x3,x10	  x3:0x80021df9 x10:0x00000000  x3=0x80021df9
      120745000	     11975	80004ce0	000fe0b3	or	x1,x31,x0	 x31:0x0000000b  x0:0x00000000  x1=0x0000000b
      120755000	     11976	80004ce4	8c85	c.sub	x9,x9	  x9:0xffffffff  x9:0xffffffff  x9=0x00000000
      120765000	     11977	80004ce6	851d	c.srai	x10,0x7	 x10:0x00000000 x10=0x00000000
      120775000	     11978	80004ce8	8aa6	c.mv	x21,x9	  x0:0x00000000  x9:0x00000000 x21=0x00000000
      120785000	     11979	80004cea	c701	c.beqz	x14,80004cf2	 x14:0x00000000
      120815000	     11982	80004cf2	01348ab3	add	x21,x9,x19	  x9:0x00000000 x19:0x80021df8 x21=0x80021df8
      120825000	     11983	80004cf6	e591	c.bnez	x11,80004d02	 x11:0x0000003f
      120845000	     11985	80004d02	0c65	c.addi	x24,25	 x24:0x00000000 x24=0x00000019
      120855000	     11986	80004d04	83b1	c.srli	x15,0xc	 x15:0xffffffff x15=0x000fffff
      120865000	     11987	80004d06	01f3bb33	sltu	x22,x7,x31	  x7:0x00000001 x31:0x0000000b x22=0x00000001
      120875000	     11988	80004d0a	85a5	c.srai	x11,0x9	 x11:0x0000003f x11=0x00000000
      120885000	     11989	80004d0c	0c26c793	xori	x15,x13,194	 x13:0x0ffffd00 x15=0x0ffffdc2
      120895000	     11990	80004d10	0001	c.addi	x0,0	  x0:0x00000000  x0=0x00000000
      120905000	     11991	80004d12	37346193	ori	x3,x8,883	  x8:0x00000000  x3=0x00000373
      120915000	     11992	80004d16	e985	c.bnez	x11,80004d46	 x11:0x00000000
      120935000	     11994	80004d18	02915eb3	divu	x29,x2,x9	  x2:0xffffffe0  x9:0x00000000 x29=0xffffffff
      120945000	     11995	80004d1c	01285db3	srl	x27,x16,x18	 x16:0x64000000 x18:0x0b55accc x27=0x00064000
      120955000	     11996	80004d20	0044d633	srl	x12,x9,x4	  x9:0x00000000  x4:0x03958000 x12=0x00000000
      120965000	     11997	80004d24	05370463	beq	x14,x19,80004d6c	 x14:0x00000000 x19:0x80021df8
      120975000	     11998	80004d28	00291793	slli	x15,x18,0x2	 x18:0x0b55accc x15=0x2d56b330
      120985000	     11999	80004d2c	6611	c.lui	x12,0x4	 x12=0x00004000
      120995000	     12000	80004d2e	013f4533	xor	x10,x30,x19	 x30:0x00014000 x19:0x80021df8 x10=0x80035df8
      121005000	     12001	80004d32	d3626737	lui	x14,0xd3626	 x14=0xd3626000
      121015000	     12002	80004d36	01fe0863	beq	x28,x31,80004d46	 x28:0x80021dfa x31:0x0000000b
      121025000	     12003	80004d3a	ce9cad13	slti	x26,x25,-791	 x25:0x80025ce4 x26=0x00000001
      121035000	     12004	80004d3e	fc2ee737	lui	x14,0xfc2ee	 x14=0xfc2ee000
      121045000	     12005	80004d42	4050d433	sra	x8,x1,x5	  x1:0x0000000b  x5:0xffffffff  x8=0x00000000
      121055000	     12006	80004d46	dc96bd13	sltiu	x26,x13,-567	 x13:0x0ffffd00 x26=0x00000001
      121425000	     12043	80004d4a	033f6333	rem	x6,x30,x19	 x30:0x00014000 x19:0x80021df8  x6=0x00014000
      121465000	     12047	80004d4e	039e94b3	mulh	x9,x29,x25	 x29:0xffffffff x25:0x80025ce4  x9=0x00000000
      121475000	     12048	80004d52	b9287013	andi	x0,x16,-1134	 x16:0x64000000  x0=0x00000000
      121485000	     12049	80004d56	00fec563	blt	x29,x15,80004d60	 x29:0xffffffff x15:0x2d56b330
      121505000	     12051	80004d60	b077c293	xori	x5,x15,-1273	 x15:0x2d56b330  x5=0xd2a94837
      121515000	     12052	80004d64	8d0d	c.sub	x10,x11	 x10:0x80035df8 x11:0x00000000 x10=0x80035df8
      121525000	     12053	80004d66	8ead	c.xor	x13,x11	 x13:0x0ffffd00 x11:0x00000000 x13=0x0ffffd00
      121535000	     12054	80004d68	01299413	slli	x8,x19,0x12	 x19:0x80021df8  x8=0x77e00000
      121545000	     12055	80004d6c	8a6d	c.andi	x12,27	 x12:0x00004000 x12=0x00000000
      121555000	     12056	80004d6e	081a	c.slli	x16,0x6	 x16:0x64000000 x16=0x00000000
      121565000	     12057	80004d70	0053e7b3	or	x15,x7,x5	  x7:0x00000001  x5:0xd2a94837 x15=0xd2a94837
      121575000	     12058	80004d74	7f0a7d13	andi	x26,x20,2032	 x20:0x00000001 x26=0x00000000
      121585000	     12059	80004d78	8db5	c.xor	x11,x13	 x11:0x00000000 x13:0x0ffffd00 x11=0x0ffffd00
      121595000	     12060	80004d7a	0001	c.addi	x0,0	  x0:0x00000000  x0=0x00000000
      121605000	     12061	80004d7c	da786293	ori	x5,x16,-601	 x16:0x00000000  x5=0xfffffda7
      121615000	     12062	80004d80	8cfd	c.and	x9,x15	  x9:0x00000000 x15:0xd2a94837  x9=0x00000000
      121655000	     12066	80004d82	0242ba33	mulhu	x20,x5,x4	  x5:0xfffffda7  x4:0x03958000 x20=0x03957ff7
      121665000	     12067	80004d86	01e1b733	sltu	x14,x3,x30	  x3:0x00000373 x30:0x00014000 x14=0x00000001
      121675000	     12068	80004d8a	0000100f	fence.i	
      122065000	     12107	80004d8e	02f95ab3	divu	x21,x18,x15	 x18:0x0b55accc x15:0xd2a94837 x21=0x00000000
      122075000	     12108	80004d92	c089	c.beqz	x9,80004d94	  x9:0x00000000
      122095000	     12110	80004d94	527d	c.li	x4,-1	  x4=0xffffffff
      122105000	     12111	80004d96	000b3ab3	sltu	x21,x22,x0	 x22:0x00000001  x0:0x00000000 x21=0x00000000
      122115000	     12112	80004d9a	025a4963	blt	x20,x5,80004dcc	 x20:0x03957ff7  x5:0xfffffda7
      122125000	     12113	80004d9e	009eaf33	slt	x30,x29,x9	 x29:0xffffffff  x9:0x00000000 x30=0x00000001
      122135000	     12114	80004da2	91f2	c.add	x3,x28	  x3:0x00000373 x28:0x80021dfa  x3=0x8002216d
      122155000	     12116	80004da4	0206d8b3	divu	x17,x13,x0	 x13:0x0ffffd00  x0:0x00000000 x17=0xffffffff
      122165000	     12117	80004da8	00913933	sltu	x18,x2,x9	  x2:0xffffffe0  x9:0x00000000 x18=0x00000000
      122175000	     12118	80004dac	cb15	c.beqz	x14,80004de0	 x14:0x00000001
      122185000	     12119	80004dae	401fd7b3	sra	x15,x31,x1	 x31:0x0000000b  x1:0x0000000b x15=0x00000000
      122195000	     12120	80004db2	00383e33	sltu	x28,x16,x3	 x16:0x00000000  x3:0x8002216d x28=0x00000001
      122205000	     12121	80004db6	f3bea213	slti	x4,x29,-197	 x29:0xffffffff  x4=0x00000000
      122215000	     12122	80004dba	8ce1	c.and	x9,x8	  x9:0x00000000  x8:0x77e00000  x9=0x00000000
      122225000	     12123	80004dbc	00127863	bgeu	x4,x1,80004dcc	  x4:0x00000000  x1:0x0000000b
      122235000	     12124	80004dc0	007b9d33	sll	x26,x23,x7	 x23:0x00000000  x7:0x00000001 x26=0x00000000
      122245000	     12125	80004dc4	017be963	bltu	x23,x23,80004dd6	 x23:0x00000000 x23:0x00000000
      122255000	     12126	80004dc8	4969	c.li	x18,26	 x18=0x0000001a
      122265000	     12127	80004dca	ec99	c.bnez	x9,80004de8	  x9:0x00000000
      122275000	     12128	80004dcc	9bf2	c.add	x23,x28	 x23:0x00000000 x28:0x00000001 x23=0x00000001
      122285000	     12129	80004dce	40c2d133	sra	x2,x5,x12	  x5:0xfffffda7 x12:0x00000000  x2=0xfffffda7
      122295000	     12130	80004dd2	8469	c.srai	x8,0x1a	  x8:0x77e00000  x8=0x0000001d
      122305000	     12131	80004dd4	9bfd	c.andi	x15,-1	 x15:0x00000000 x15=0x00000000
      122315000	     12132	80004dd6	862d	c.srai	x12,0xb	 x12:0x00000000 x12=0x00000000
      122325000	     12133	80004dd8	049cd463	bge	x25,x9,80004e20	 x25:0x80025ce4  x9:0x00000000
      122335000	     12134	80004ddc	50858693	addi	x13,x11,1288	 x11:0x0ffffd00 x13=0x10000208
      122345000	     12135	80004de0	01cf9eb3	sll	x29,x31,x28	 x31:0x0000000b x28:0x00000001 x29=0x00000016
      122355000	     12136	80004de4	395be513	ori	x10,x23,917	 x23:0x00000001 x10=0x00000395
      122365000	     12137	80004de8	67ddbe13	sltiu	x28,x27,1661	 x27:0x00064000 x28=0x00000000
      122375000	     12138	80004dec	00779693	slli	x13,x15,0x7	 x15:0x00000000 x13=0x00000000
      122385000	     12139	80004df0	04a56263	bltu	x10,x10,80004e34	 x10:0x00000395 x10:0x00000395
      122395000	     12140	80004df4	01790563	beq	x18,x23,80004dfe	 x18:0x0000001a x23:0x00000001
      122405000	     12141	80004df8	8cb1	c.xor	x9,x12	  x9:0x00000000 x12:0x00000000  x9=0x00000000
      122415000	     12142	80004dfa	8e55	c.or	x12,x13	 x12:0x00000000 x13:0x00000000 x12=0x00000000
      122425000	     12143	80004dfc	8eda	c.mv	x29,x22	  x0:0x00000000 x22:0x00000001 x29=0x00000001
      122435000	     12144	80004dfe	05b9d163	bge	x19,x27,80004e40	 x19:0x80021df8 x27:0x00064000
      122445000	     12145	80004e02	0000100f	fence.i	
      122475000	     12148	80004e06	02c05f63	bge	x0,x12,80004e44	  x0:0x00000000 x12:0x00000000
      122855000	     12186	80004e44	03734633	div	x12,x6,x23	  x6:0x00014000 x23:0x00000001 x12=0x00014000
      122865000	     12187	80004e48	0562	c.slli	x10,0x18	 x10:0x00000395 x10=0x95000000
      122875000	     12188	80004e4a	4d3eca13	xori	x20,x29,1235	 x29:0x00000001 x20=0x000004d2
      122885000	     12189	80004e4e	03f17563	bgeu	x2,x31,80004e78	  x2:0xfffffda7 x31:0x0000000b
      122905000	     12191	80004e78	00bb1363	bne	x22,x11,80004e7e	 x22:0x00000001 x11:0x0ffffd00
      122925000	     12193	80004e7e	955a	c.add	x10,x22	 x10:0x95000000 x22:0x00000001 x10=0x95000001
      122935000	     12194	80004e80	04014063	blt	x2,x0,80004ec0	  x2:0xfffffda7  x0:0x00000000
      122955000	     12196	80004ec0	008ec0b3	xor	x1,x29,x8	 x29:0x00000001  x8:0x0000001d  x1=0x0000001c
      122965000	     12197	80004ec4	0139d0b3	srl	x1,x19,x19	 x19:0x80021df8 x19:0x80021df8  x1=0x00000080
      123335000	     12234	80004ec8	02ee5b33	divu	x22,x28,x14	 x28:0x00000000 x14:0x00000001 x22=0x00000000
      123345000	     12235	80004ecc	6f2d	c.lui	x30,0xb	 x30=0x0000b000
      123355000	     12236	80004ece	00346bb3	or	x23,x8,x3	  x8:0x0000001d  x3:0x8002216d x23=0x8002217d
      123365000	     12237	80004ed2	8225	c.srli	x12,0x9	 x12:0x00014000 x12=0x000000a0
      123375000	     12238	80004ed4	9e84c713	xori	x14,x9,-1560	  x9:0x00000000 x14=0xfffff9e8
      123385000	     12239	80004ed8	0d31	c.addi	x26,12	 x26:0x00000000 x26=0x0000000c
      123395000	     12240	80004eda	0171e563	bltu	x3,x23,80004ee4	  x3:0x8002216d x23:0x8002217d
      123415000	     12242	80004ee4	8fb5	c.xor	x15,x13	 x15:0x00000000 x13:0x00000000 x15=0x00000000
      123425000	     12243	80004ee6	ef1d	c.bnez	x14,80004f24	 x14:0xfffff9e8
      123445000	     12245	80004f24	042144b7	lui	x9,0x4214	  x9=0x04214000
      123455000	     12246	80004f28	ddd0e413	ori	x8,x1,-547	  x1:0x00000080  x8=0xfffffddd
      123465000	     12247	80004f2c	0001	c.addi	x0,0	  x0:0x00000000  x0=0x00000000
      123475000	     12248	80004f2e	07698063	beq	x19,x22,80004f8e	 x19:0x80021df8 x22:0x00000000
      123485000	     12249	80004f32	40f1d393	srai	x7,x3,0xf	  x3:0x8002216d  x7=0xffff0004
      123495000	     12250	80004f36	01111563	bne	x2,x17,80004f40	  x2:0xfffffda7 x17:0xffffffff
      123515000	     12252	80004f40	004b0eb3	add	x29,x22,x4	 x22:0x00000000  x4:0x00000000 x29=0x00000000
      123525000	     12253	80004f44	8341	c.srli	x14,0x10	 x14:0xfffff9e8 x14=0x0000ffff
      123535000	     12254	80004f46	0001	c.addi	x0,0	  x0:0x00000000  x0=0x00000000
      123565000	     12257	80004f48	02298633	mul	x12,x19,x2	 x19:0x80021df8  x2:0xfffffda7 x12=0x7b07a4c8
      123575000	     12258	80004f4c	8ef9	c.and	x13,x14	 x13:0x00000000 x14:0x0000ffff x13=0x00000000
      123585000	     12259	80004f4e	03114a63	blt	x2,x17,80004f82	  x2:0xfffffda7 x17:0xffffffff
      123615000	     12262	80004f82	0ff0000f	fence	iorw,iorw	
      123625000	     12263	80004f86	6daac813	xori	x16,x21,1754	 x21:0x00000000 x16=0x000006da
      123995000	     12300	80004f8a	03715233	divu	x4,x2,x23	  x2:0xfffffda7 x23:0x8002217d  x4=0x00000001
      124005000	     12301	80004f8e	9770c113	xori	x2,x1,-1673	  x1:0x00000080  x2=0xfffff9f7
      124015000	     12302	80004f92	25369097	auipc	x1,0x25369	  x1=0xa536df92
      124385000	     12339	80004f96	03adff33	remu	x30,x27,x26	 x27:0x00064000 x26:0x0000000c x30=0x00000004
      124395000	     12340	80004f9a	0000100f	fence.i	
      124415000	     12342	80004f9e	0446	c.slli	x8,0x11	  x8:0xfffffddd  x8=0xfbba0000
      124425000	     12343	80004fa0	8ee5	c.and	x13,x9	 x13:0x00000000  x9:0x04214000 x13=0x00000000
      124435000	     12344	80004fa2	03279a63	bne	x15,x18,80004fd6	 x15:0x00000000 x18:0x0000001a
      124465000	     12347	80004fd6	01125533	srl	x10,x4,x17	  x4:0x00000001 x17:0xffffffff x10=0x00000000
      124475000	     12348	80004fda	0055beb3	sltu	x29,x11,x5	 x11:0x0ffffd00  x5:0xfffffda7 x29=0x00000001
      124505000	     12351	80004fde	02c00133	mul	x2,x0,x12	  x0:0x00000000 x12:0x7b07a4c8  x2=0x00000000
      124515000	     12352	80004fe2	015e83b3	add	x7,x29,x21	 x29:0x00000001 x21:0x00000000  x7=0x00000001
      124525000	     12353	80004fe6	8875	c.andi	x8,29	  x8:0xfbba0000  x8=0x00000000
      124535000	     12354	80004fe8	2962dc37	lui	x24,0x2962d	 x24=0x2962d000
      124545000	     12355	80004fec	12fd	c.addi	x5,-1	  x5:0xfffffda7  x5=0xfffffda6
      124555000	     12356	80004fee	01d6c763	blt	x13,x29,80004ffc	 x13:0x00000000 x29:0x00000001
      124575000	     12358	80004ffc	187d	c.addi	x16,-1	 x16:0x000006da x16=0x000006d9
      124585000	     12359	80004ffe	01f55393	srli	x7,x10,0x1f	 x10:0x00000000  x7=0x00000000
      124595000	     12360	80005002	a674a493	slti	x9,x9,-1433	  x9:0x04214000  x9=0x00000000
      124605000	     12361	80005006	eeb78e13	addi	x28,x15,-277	 x15:0x00000000 x28=0xfffffeeb
      124975000	     12398	8000500a	02c5c733	div	x14,x11,x12	 x11:0x0ffffd00 x12:0x7b07a4c8 x14=0x00000000
      125015000	     12402	8000500e	0277b633	mulhu	x12,x15,x7	 x15:0x00000000  x7:0x00000000 x12=0x00000000
      125025000	     12403	80005012	c822fd13	andi	x26,x5,-894	  x5:0xfffffda6 x26=0xfffffc82
      125035000	     12404	80005016	012ed593	srli	x11,x29,0x12	 x29:0x00000001 x11=0x00000000
      125405000	     12441	8000501a	038bd333	divu	x6,x23,x24	 x23:0x8002217d x24:0x2962d000  x6=0x00000003
      125415000	     12442	8000501e	005bba33	sltu	x20,x23,x5	 x23:0x8002217d  x5:0xfffffda6 x20=0x00000001
      125455000	     12446	80005022	03b913b3	mulh	x7,x18,x27	 x18:0x0000001a x27:0x00064000  x7=0x00000000
      125465000	     12447	80005026	11fd	c.addi	x3,-1	  x3:0x8002216d  x3=0x8002216c
      125835000	     12484	80005028	03257a33	remu	x20,x10,x18	 x10:0x00000000 x18:0x0000001a x20=0x00000000
      125845000	     12485	8000502c	0001	c.addi	x0,0	  x0:0x00000000  x0=0x00000000
      125855000	     12486	8000502e	012b0663	beq	x22,x18,8000503a	 x22:0x00000000 x18:0x0000001a
      125865000	     12487	80005032	00194763	blt	x18,x1,80005040	 x18:0x0000001a  x1:0xa536df92
      125875000	     12488	80005036	8451	c.srai	x8,0x14	  x8:0x00000000  x8=0x00000000
      125885000	     12489	80005038	834d	c.srli	x14,0x13	 x14:0x00000000 x14=0x00000000
      125895000	     12490	8000503a	00ee9c13	slli	x24,x29,0xe	 x29:0x00000001 x24=0x00004000
      125905000	     12491	8000503e	8265	c.srli	x12,0x19	 x12:0x00000000 x12=0x00000000
      125915000	     12492	80005040	ce85	c.beqz	x13,80005078	 x13:0x00000000
      125935000	     12494	80005078	8d85	c.sub	x11,x9	 x11:0x00000000  x9:0x00000000 x11=0x00000000
      125945000	     12495	8000507a	da769197	auipc	x3,0xda769	  x3=0x5a76e07a
      125955000	     12496	8000507e	00b47633	and	x12,x8,x11	  x8:0x00000000 x11:0x00000000 x12=0x00000000
      125975000	     12498	80005082	02bbd933	divu	x18,x23,x11	 x23:0x8002217d x11:0x00000000 x18=0xffffffff
      125985000	     12499	80005086	e5c1cc13	xori	x24,x3,-420	  x3:0x5a76e07a x24=0xa5891e26
      125995000	     12500	8000508a	03d10c63	beq	x2,x29,800050c2	  x2:0x00000000 x29:0x00000001
      126005000	     12501	8000508e	0c72	c.slli	x24,0x1c	 x24:0xa5891e26 x24=0x60000000
      126015000	     12502	80005090	02e3cf63	blt	x7,x14,800050ce	  x7:0x00000000 x14:0x00000000
      126025000	     12503	80005094	8196	c.mv	x3,x5	  x0:0x00000000  x5:0xfffffda6  x3=0xfffffda6
      126035000	     12504	80005096	0ff0000f	fence	iorw,iorw	
      126045000	     12505	8000509a	8dda	c.mv	x27,x22	  x0:0x00000000 x22:0x00000000 x27=0x00000000
      126055000	     12506	8000509c	c689	c.beqz	x13,800050a6	 x13:0x00000000
      126075000	     12508	800050a6	0001	c.addi	x0,0	  x0:0x00000000  x0=0x00000000
      126085000	     12509	800050a8	00a39763	bne	x7,x10,800050b6	  x7:0x00000000 x10:0x00000000
      126095000	     12510	800050ac	8fe9	c.and	x15,x10	 x15:0x00000000 x10:0x00000000 x15=0x00000000
      126105000	     12511	800050ae	0079f733	and	x14,x19,x7	 x19:0x80021df8  x7:0x00000000 x14=0x00000000
      126115000	     12512	800050b2	54034b37	lui	x22,0x54034	 x22=0x54034000
      126125000	     12513	800050b6	010f5613	srli	x12,x30,0x10	 x30:0x00000004 x12=0x00000000
      126165000	     12517	800050ba	0330ad33	mulhsu	x26,x1,x19	  x1:0xa536df92 x19:0x80021df8 x26=0xd29aaf96
      126175000	     12518	800050be	9ed4b093	sltiu	x1,x9,-1555	  x9:0x00000000  x1=0x00000001
      126185000	     12519	800050c2	8f06	c.mv	x30,x1	  x0:0x00000000  x1:0x00000001 x30=0x00000001
      126195000	     12520	800050c4	018a3633	sltu	x12,x20,x24	 x20:0x00000000 x24:0x60000000 x12=0x00000001
      126205000	     12521	800050c8	0001	c.addi	x0,0	  x0:0x00000000  x0=0x00000000
      126575000	     12558	800050ca	02c2fe33	remu	x28,x5,x12	  x5:0xfffffda6 x12:0x00000001 x28=0x00000000
      126585000	     12559	800050ce	8369	c.srli	x14,0x1a	 x14:0x00000000 x14=0x00000000
      126595000	     12560	800050d0	69d8bd37	lui	x26,0x69d8b	 x26=0x69d8b000
      126605000	     12561	800050d4	00e368b3	or	x17,x6,x14	  x6:0x00000003 x14:0x00000000 x17=0x00000003
      126615000	     12562	800050d8	8bd6	c.mv	x23,x21	  x0:0x00000000 x21:0x00000000 x23=0x00000000
      126625000	     12563	800050da	0ff0000f	fence	iorw,iorw	
      126635000	     12564	800050de	01bcf233	and	x4,x25,x27	 x25:0x80025ce4 x27:0x00000000  x4=0x00000000
      126645000	     12565	800050e2	01d98363	beq	x19,x29,800050e8	 x19:0x80021df8 x29:0x00000001
      126655000	     12566	800050e6	099c	c.addi4spn	x15,x2,208	 x15=0x000000d0
      126665000	     12567	800050e8	e3a9a693	slti	x13,x19,-454	 x19:0x80021df8 x13=0x00000001
      126675000	     12568	800050ec	0006cf33	xor	x30,x13,x0	 x13:0x00000001  x0:0x00000000 x30=0x00000001
      126685000	     12569	800050f0	c08fe393	ori	x7,x31,-1016	 x31:0x0000000b  x7=0xfffffc0b
      126695000	     12570	800050f4	02e3f063	bgeu	x7,x14,80005114	  x7:0xfffffc0b x14:0x00000000
      126715000	     12572	80005114	d0307793	andi	x15,x0,-765	  x0:0x00000000 x15=0x00000000
      126725000	     12573	80005118	0000100f	fence.i	
      126745000	     12575	8000511c	01e40e63	beq	x8,x30,80005138	  x8:0x00000000 x30:0x00000001
      126755000	     12576	80005120	0000100f	fence.i	
      126775000	     12578	80005124	0164e1b3	or	x3,x9,x22	  x9:0x00000000 x22:0x54034000  x3=0x54034000
      126815000	     12582	80005128	02e324b3	mulhsu	x9,x6,x14	  x6:0x00000003 x14:0x00000000  x9=0x00000000
      126825000	     12583	8000512c	01bdbb33	sltu	x22,x27,x27	 x27:0x00000000 x27:0x00000000 x22=0x00000000
      127195000	     12620	80005130	033452b3	divu	x5,x8,x19	  x8:0x00000000 x19:0x80021df8  x5=0x00000000
      127205000	     12621	80005134	04074163	blt	x14,x0,80005176	 x14:0x00000000  x0:0x00000000
      127215000	     12622	80005138	0180de63	bge	x1,x24,80005154	  x1:0x00000001 x24:0x60000000
      127225000	     12623	8000513c	60a5	c.lui	x1,0x9	  x1=0x00009000
      127235000	     12624	8000513e	c2a1	c.beqz	x13,8000517e	 x13:0x00000001
      127245000	     12625	80005140	98fd	c.andi	x9,-1	  x9:0x00000000  x9=0x00000000
      127255000	     12626	80005142	309a7db7	lui	x27,0x309a7	 x27=0x309a7000
      127265000	     12627	80005146	0001	c.addi	x0,0	  x0:0x00000000  x0=0x00000000
      127275000	     12628	80005148	0026d263	bge	x13,x2,8000514c	 x13:0x00000001  x2:0x00000000
      127295000	     12630	8000514c	00b6bbb3	sltu	x23,x13,x11	 x13:0x00000001 x11:0x00000000 x23=0x00000000
      127305000	     12631	80005150	41e10433	sub	x8,x2,x30	  x2:0x00000000 x30:0x00000001  x8=0xffffffff
      127345000	     12635	80005154	03523433	mulhu	x8,x4,x21	  x4:0x00000000 x21:0x00000000  x8=0x00000000
      127355000	     12636	80005158	84a5	c.srai	x9,0x9	  x9:0x00000000  x9=0x00000000
      127395000	     12640	8000515a	03192033	mulhsu	x0,x18,x17	 x18:0xffffffff x17:0x00000003  x0=0x00000000
      127405000	     12641	8000515e	00711463	bne	x2,x7,80005166	  x2:0x00000000  x7:0xfffffc0b
      127445000	     12645	80005166	0345f333	remu	x6,x11,x20	 x11:0x00000000 x20:0x00000000  x6=0x00000000
      127455000	     12646	8000516a	c185	c.beqz	x11,8000518a	 x11:0x00000000
      127505000	     12651	8000518a	02ee8133	mul	x2,x29,x14	 x29:0x00000001 x14:0x00000000  x2=0x00000000
      127515000	     12652	8000518e	03387463	bgeu	x16,x19,800051b6	 x16:0x000006d9 x19:0x80021df8
      127535000	     12654	80005192	020bf333	remu	x6,x23,x0	 x23:0x00000000  x0:0x00000000  x6=0x00000000
      127545000	     12655	80005196	05f5	c.addi	x11,29	 x11:0x00000000 x11=0x0000001d
      127555000	     12656	80005198	e715	c.bnez	x14,800051c4	 x14:0x00000000
      127575000	     12658	8000519a	037454b3	divu	x9,x8,x23	  x8:0x00000000 x23:0x00000000  x9=0xffffffff
      127585000	     12659	8000519e	41fb02b3	sub	x5,x22,x31	 x22:0x00000000 x31:0x0000000b  x5=0xfffffff5
      127595000	     12660	800051a2	00a5dbb3	srl	x23,x11,x10	 x11:0x0000001d x10:0x00000000 x23=0x0000001d
      127965000	     12697	800051a6	03755233	divu	x4,x10,x23	 x10:0x00000000 x23:0x0000001d  x4=0x00000000
      127975000	     12698	800051aa	04fbc063	blt	x23,x15,800051ea	 x23:0x0000001d x15:0x00000000
      127985000	     12699	800051ae	0001	c.addi	x0,0	  x0:0x00000000  x0=0x00000000
      127995000	     12700	800051b0	a40ded93	ori	x27,x27,-1472	 x27:0x309a7000 x27=0xfffffa40
      128005000	     12701	800051b4	717d	c.addi16sp	x2,-16	  x2:0x00000000  x2=0xfffffff0
      128015000	     12702	800051b6	c357f613	andi	x12,x15,-971	 x15:0x00000000 x12=0x00000000
      128025000	     12703	800051ba	8bf1	c.andi	x15,28	 x15:0x00000000 x15=0x00000000
      128035000	     12704	800051bc	d0144a93	xori	x21,x8,-767	  x8:0x00000000 x21=0xfffffd01
      128045000	     12705	800051c0	2073ba93	sltiu	x21,x7,519	  x7:0xfffffc0b x21=0x00000000
      128055000	     12706	800051c4	8fb1	c.xor	x15,x12	 x15:0x00000000 x12:0x00000000 x15=0x00000000
      128065000	     12707	800051c6	035fdf63	bge	x31,x21,80005204	 x31:0x0000000b x21:0x00000000
      128085000	     12709	80005204	8dad	c.xor	x11,x11	 x11:0x0000001d x11:0x0000001d x11=0x00000000
      128095000	     12710	80005206	0ea1	c.addi	x29,8	 x29:0x00000001 x29=0x00000009
      128105000	     12711	80005208	8e15	c.sub	x12,x13	 x12:0x00000000 x13:0x00000001 x12=0xffffffff
      128145000	     12715	8000520a	03ecbe33	mulhu	x28,x25,x30	 x25:0x80025ce4 x30:0x00000001 x28=0x00000000
      128165000	     12717	8000520e	0352d133	divu	x2,x5,x21	  x5:0xfffffff5 x21:0x00000000  x2=0xffffffff
      128175000	     12718	80005212	0ff0000f	fence	iorw,iorw	
      128185000	     12719	80005216	00aad663	bge	x21,x10,80005222	 x21:0x00000000 x10:0x00000000
      128245000	     12725	80005222	02389ab3	mulh	x21,x17,x3	 x17:0x00000003  x3:0x54034000 x21=0x00000000
      128275000	     12728	80005226	03220433	mul	x8,x4,x18	  x4:0x00000000 x18:0xffffffff  x8=0x00000000
      128285000	     12729	8000522a	74198d13	addi	x26,x19,1857	 x19:0x80021df8 x26=0x80022539
      128295000	     12730	8000522e	8809	c.andi	x8,2	  x8:0x00000000  x8=0x00000000
      128305000	     12731	80005230	0000100f	fence.i	
      128325000	     12733	80005234	0168d693	srli	x13,x17,0x16	 x17:0x00000003 x13=0x00000000
      128335000	     12734	80005238	4475	c.li	x8,29	  x8=0x0000001d
      128345000	     12735	8000523a	8dd5	c.or	x11,x13	 x11:0x00000000 x13:0x00000000 x11=0x00000000
      128385000	     12739	8000523c	02e1a4b3	mulhsu	x9,x3,x14	  x3:0x54034000 x14:0x00000000  x9=0x00000000
      128395000	     12740	80005240	00471a13	slli	x20,x14,0x4	 x14:0x00000000 x20=0x00000000
      128405000	     12741	80005244	0001	c.addi	x0,0	  x0:0x00000000  x0=0x00000000
      128415000	     12742	80005246	8d3d	c.xor	x10,x15	 x10:0x00000000 x15:0x00000000 x10=0x00000000
      128435000	     12744	80005248	036f5333	divu	x6,x30,x22	 x30:0x00000001 x22:0x00000000  x6=0xffffffff
      128445000	     12745	8000524c	ea9db693	sltiu	x13,x27,-343	 x27:0xfffffa40 x13=0x00000001
      128455000	     12746	80005250	184c0413	addi	x8,x24,388	 x24:0x60000000  x8=0x60000184
      128465000	     12747	80005254	c3650a93	addi	x21,x10,-970	 x10:0x00000000 x21=0xfffffc36
      128475000	     12748	80005258	02b6fb63	bgeu	x13,x11,8000528e	 x13:0x00000001 x11:0x00000000
      128495000	     12750	8000528e	0001	c.addi	x0,0	  x0:0x00000000  x0=0x00000000
      128505000	     12751	80005290	00d16863	bltu	x2,x13,800052a0	  x2:0xffffffff x13:0x00000001
      128515000	     12752	80005294	d8a02d93	slti	x27,x0,-630	  x0:0x00000000 x27=0x00000000
      128525000	     12753	80005298	6a44f713	andi	x14,x9,1700	  x9:0x00000000 x14=0x00000000
      128555000	     12756	8000529c	02e583b3	mul	x7,x11,x14	 x11:0x00000000 x14:0x00000000  x7=0x00000000
      128565000	     12757	800052a0	fa920513	addi	x10,x4,-87	  x4:0x00000000 x10=0xffffffa9
      128575000	     12758	800052a4	463b8d93	addi	x27,x23,1123	 x23:0x0000001d x27=0x00000480
      128585000	     12759	800052a8	00c292b3	sll	x5,x5,x12	  x5:0xfffffff5 x12:0xffffffff  x5=0x80000000
      128595000	     12760	800052ac	01cd1563	bne	x26,x28,800052b6	 x26:0x80022539 x28:0x00000000
      128625000	     12763	800052b6	0000100f	fence.i	
      128655000	     12766	800052ba	0ff0000f	fence	iorw,iorw	
      128685000	     12769	800052be	02268833	mul	x16,x13,x2	 x13:0x00000001  x2:0xffffffff x16=0xffffffff
      128695000	     12770	800052c2	8db9	c.xor	x11,x14	 x11:0x00000000 x14:0x00000000 x11=0x00000000
      128705000	     12771	800052c4	8f45	c.or	x14,x9	 x14:0x00000000  x9:0x00000000 x14=0x00000000
      128715000	     12772	800052c6	0108	c.addi4spn	x10,x2,128	 x10=0x0000007f
      128725000	     12773	800052c8	0f62	c.slli	x30,0x18	 x30:0x00000001 x30=0x01000000
      128735000	     12774	800052ca	0102b333	sltu	x6,x5,x16	  x5:0x80000000 x16:0xffffffff  x6=0x00000001
      128745000	     12775	800052ce	8fe5	c.and	x15,x9	 x15:0x00000000  x9:0x00000000 x15=0x00000000
      128755000	     12776	800052d0	02e25763	bge	x4,x14,800052fe	  x4:0x00000000 x14:0x00000000
      128815000	     12782	800052fe	035f15b3	mulh	x11,x30,x21	 x30:0x01000000 x21:0xfffffc36 x11=0xfffffffc
      128825000	     12783	80005302	0998	c.addi4spn	x14,x2,208	 x14=0x000000cf
      128835000	     12784	80005304	0010e2b3	or	x5,x1,x1	  x1:0x00009000  x1:0x00009000  x5=0x00009000
      128845000	     12785	80005308	c789	c.beqz	x15,80005312	 x15:0x00000000
      128875000	     12788	80005312	0000100f	fence.i	
      128905000	     12791	80005316	03828c63	beq	x5,x24,8000534e	  x5:0x00009000 x24:0x60000000
      128925000	     12793	8000531a	034e51b3	divu	x3,x28,x20	 x28:0x00000000 x20:0x00000000  x3=0xffffffff
      128935000	     12794	8000531e	016a6033	or	x0,x20,x22	 x20:0x00000000 x22:0x00000000  x0=0x00000000
      128975000	     12798	80005322	03b296b3	mulh	x13,x5,x27	  x5:0x00009000 x27:0x00000480 x13=0x00000000
      128985000	     12799	80005326	0184c8b3	xor	x17,x9,x24	  x9:0x00000000 x24:0x60000000 x17=0x60000000
      128995000	     12800	8000532a	00f17433	and	x8,x2,x15	  x2:0xffffffff x15:0x00000000  x8=0x00000000
      129005000	     12801	8000532e	05bb9363	bne	x23,x27,80005374	 x23:0x0000001d x27:0x00000480
      129025000	     12803	80005374	001b1b93	slli	x23,x22,0x1	 x22:0x00000000 x23=0x00000000
      129035000	     12804	80005378	8ba5	c.andi	x15,9	 x15:0x00000000 x15=0x00000000
      129045000	     12805	8000537a	e51d	c.bnez	x10,800053a8	 x10:0x0000007f
      129065000	     12807	800053a8	9a6e	c.add	x20,x27	 x20:0x00000000 x27:0x00000480 x20=0x00000480
      129075000	     12808	800053aa	8ebd	c.xor	x13,x15	 x13:0x00000000 x15:0x00000000 x13=0x00000000
      129085000	     12809	800053ac	a58c6913	ori	x18,x24,-1448	 x24:0x60000000 x18=0xfffffa58
      129125000	     12813	800053b0	036322b3	mulhsu	x5,x6,x22	  x6:0x00000001 x22:0x00000000  x5=0x00000000
      129135000	     12814	800053b4	00a1ebb3	or	x23,x3,x10	  x3:0xffffffff x10:0x0000007f x23=0xffffffff
      129145000	     12815	800053b8	01ef4563	blt	x30,x30,800053c2	 x30:0x01000000 x30:0x01000000
      129155000	     12816	800053bc	41e7da93	srai	x21,x15,0x1e	 x15:0x00000000 x21=0x00000000
      129165000	     12817	800053c0	8ac2	c.mv	x21,x16	  x0:0x00000000 x16:0xffffffff x21=0xffffffff
      129175000	     12818	800053c2	41620ab3	sub	x21,x4,x22	  x4:0x00000000 x22:0x00000000 x21=0x00000000
      129185000	     12819	800053c6	99fd	c.andi	x11,-1	 x11:0xfffffffc x11=0xfffffffc
      129195000	     12820	800053c8	c609	c.beqz	x12,800053d2	 x12:0xffffffff
      129205000	     12821	800053ca	00d3f3b3	and	x7,x7,x13	  x7:0x00000000 x13:0x00000000  x7=0x00000000
      129215000	     12822	800053ce	31987813	andi	x16,x16,793	 x16:0xffffffff x16=0x00000319
      129225000	     12823	800053d2	36c598b7	lui	x17,0x36c59	 x17=0x36c59000
      129235000	     12824	800053d6	8a65c193	xori	x3,x11,-1882	 x11:0xfffffffc  x3=0x0000075a
      129245000	     12825	800053da	8949	c.andi	x10,18	 x10:0x0000007f x10=0x00000012
      129265000	     12827	800053dc	02716033	rem	x0,x2,x7	  x2:0xffffffff  x7:0x00000000  x0=0x00000000
      129275000	     12828	800053e0	0ff0000f	fence	iorw,iorw	
      129285000	     12829	800053e4	8fd1	c.or	x15,x12	 x15:0x00000000 x12:0xffffffff x15=0xffffffff
      129295000	     12830	800053e6	8ffd	c.and	x15,x15	 x15:0xffffffff x15:0xffffffff x15=0xffffffff
      129315000	     12832	800053e8	035e5533	divu	x10,x28,x21	 x28:0x00000000 x21:0x00000000 x10=0xffffffff
      129685000	     12869	800053ec	03e4f433	remu	x8,x9,x30	  x9:0x00000000 x30:0x01000000  x8=0x00000000
      129695000	     12870	800053f0	01f65813	srli	x16,x12,0x1f	 x12:0xffffffff x16=0x00000001
      129705000	     12871	800053f4	41a8d893	srai	x17,x17,0x1a	 x17:0x36c59000 x17=0x0000000d
      129715000	     12872	800053f8	410fda33	sra	x20,x31,x16	 x31:0x0000000b x16:0x00000001 x20=0x00000005
      129725000	     12873	800053fc	0001	c.addi	x0,0	  x0:0x00000000  x0=0x00000000
      129745000	     12875	800053fe	0291d433	divu	x8,x3,x9	  x3:0x0000075a  x9:0x00000000  x8=0xffffffff
      129755000	     12876	80005402	187d	c.addi	x16,-1	 x16:0x00000001 x16=0x00000000
      129765000	     12877	80005404	86a5	c.srai	x13,0x9	 x13:0x00000000 x13=0x00000000
      129775000	     12878	80005406	0001	c.addi	x0,0	  x0:0x00000000  x0=0x00000000
      129785000	     12879	80005408	0ff0000f	fence	iorw,iorw	
      129795000	     12880	8000540c	003ee833	or	x16,x29,x3	 x29:0x00000009  x3:0x0000075a x16=0x0000075b
      129805000	     12881	80005410	8cd1	c.or	x9,x12	  x9:0x00000000 x12:0xffffffff  x9=0xffffffff
      129815000	     12882	80005412	079c	c.addi4spn	x15,x2,960	 x15=0x000003bf
      129825000	     12883	80005414	0178ae33	slt	x28,x17,x23	 x17:0x0000000d x23:0xffffffff x28=0x00000000
      129835000	     12884	80005418	03f5	c.addi	x7,29	  x7:0x00000000  x7=0x0000001d
      129845000	     12885	8000541a	2857fd93	andi	x27,x15,645	 x15:0x000003bf x27=0x00000285
      129855000	     12886	8000541e	00ec1e33	sll	x28,x24,x14	 x24:0x60000000 x14:0x000000cf x28=0x00000000
      129865000	     12887	80005422	00eb93b3	sll	x7,x23,x14	 x23:0xffffffff x14:0x000000cf  x7=0xffff8000
      129875000	     12888	80005426	948a	c.add	x9,x2	  x9:0xffffffff  x2:0xffffffff  x9=0xfffffffe
      129885000	     12889	80005428	411486b3	sub	x13,x9,x17	  x9:0xfffffffe x17:0x0000000d x13=0xfffffff1
      129895000	     12890	8000542c	6159	c.addi16sp	x2,400	  x2:0xffffffff  x2=0x0000018f
      129935000	     12894	8000542e	02ce9eb3	mulh	x29,x29,x12	 x29:0x00000009 x12:0xffffffff x29=0xffffffff
      129945000	     12895	80005432	8e61	c.and	x12,x8	 x12:0xffffffff  x8:0xffffffff x12=0xffffffff
      129985000	     12899	80005434	03942133	mulhsu	x2,x8,x25	  x8:0xffffffff x25:0x80025ce4  x2=0xffffffff
      130025000	     12903	80005438	035136b3	mulhu	x13,x2,x21	  x2:0xffffffff x21:0x00000000 x13=0x00000000
      130035000	     12904	8000543c	07fe	c.slli	x15,0x1f	 x15:0x000003bf x15=0x80000000
      130045000	     12905	8000543e	2b50b3b7	lui	x7,0x2b50b	  x7=0x2b50b000
      130055000	     12906	80005442	9ad6dab7	lui	x21,0x9ad6d	 x21=0x9ad6d000
      130065000	     12907	80005446	0000100f	fence.i	
      130095000	     12910	8000544a	0243f163	bgeu	x7,x4,8000546c	  x7:0x2b50b000  x4:0x00000000
      130115000	     12912	8000546c	01b91833	sll	x16,x18,x27	 x18:0xfffffa58 x27:0x00000285 x16=0xffff4b00
      130125000	     12913	80005470	ebaa8193	addi	x3,x21,-326	 x21:0x9ad6d000  x3=0x9ad6ceba
      130165000	     12917	80005474	035010b3	mulh	x1,x0,x21	  x0:0x00000000 x21:0x9ad6d000  x1=0x00000000
      130205000	     12921	80005478	02bfb1b3	mulhu	x3,x31,x11	 x31:0x0000000b x11:0xfffffffc  x3=0x0000000a
      130215000	     12922	8000547c	8299	c.srli	x13,0x6	 x13:0x00000000 x13=0x00000000
      130225000	     12923	8000547e	e039	c.bnez	x8,800054c4	  x8:0xffffffff
      130245000	     12925	800054c4	ca8d	c.beqz	x13,800054f6	 x13:0x00000000
      130265000	     12927	800054f6	6afd	c.lui	x21,0x1f	 x21=0x0001f000
      130275000	     12928	800054f8	02304f63	blt	x0,x3,80005536	  x0:0x00000000  x3:0x0000000a
      130295000	     12930	80005536	0001	c.addi	x0,0	  x0:0x00000000  x0=0x00000000
      130305000	     12931	80005538	00b1dab3	srl	x21,x3,x11	  x3:0x0000000a x11:0xfffffffc x21=0x00000000
      130315000	     12932	8000553c	8096	c.mv	x1,x5	  x0:0x00000000  x5:0x00000000  x1=0x00000000
      130325000	     12933	8000553e	0ff0000f	fence	iorw,iorw	
      130335000	     12934	80005542	12e80013	addi	x0,x16,302	 x16:0xffff4b00  x0=0x00000000
      130345000	     12935	80005546	00bf6c63	bltu	x30,x11,8000555e	 x30:0x01000000 x11:0xfffffffc
      130375000	     12938	8000555e	fdffac13	slti	x24,x31,-33	 x31:0x0000000b x24=0x00000000
      130385000	     12939	80005562	8d35	c.xor	x10,x13	 x10:0xffffffff x13:0x00000000 x10=0xffffffff
      130755000	     12976	80005564	03bb6db3	rem	x27,x22,x27	 x22:0x00000000 x27:0x00000285 x27=0x00000000
      130765000	     12977	80005568	8add	c.andi	x13,23	 x13:0x00000000 x13=0x00000000
      130775000	     12978	8000556a	027ef163	bgeu	x29,x7,8000558c	 x29:0xffffffff  x7:0x2b50b000
      130825000	     12983	8000558c	03d4a3b3	mulhsu	x7,x9,x29	  x9:0xfffffffe x29:0xffffffff  x7=0xfffffffe
      130835000	     12984	80005590	b5edc193	xori	x3,x27,-1186	 x27:0x00000000  x3=0xfffffb5e
      130845000	     12985	80005594	5b7d	c.li	x22,-1	 x22=0xffffffff
      130885000	     12989	80005596	031b2233	mulhsu	x4,x22,x17	 x22:0xffffffff x17:0x0000000d  x4=0xffffffff
      130895000	     12990	8000559a	00ce9563	bne	x29,x12,800055a4	 x29:0xffffffff x12:0xffffffff
      130905000	     12991	8000559e	01a8bab3	sltu	x21,x17,x26	 x17:0x0000000d x26:0x80022539 x21=0x00000001
      130915000	     12992	800055a2	0001	c.addi	x0,0	  x0:0x00000000  x0=0x00000000
      130925000	     12993	800055a4	5b7d	c.li	x22,-1	 x22=0xffffffff
      130935000	     12994	800055a6	018fceb3	xor	x29,x31,x24	 x31:0x0000000b x24:0x00000000 x29=0x0000000b
      130945000	     12995	800055aa	00d688b3	add	x17,x13,x13	 x13:0x00000000 x13:0x00000000 x17=0x00000000
      130955000	     12996	800055ae	01a4e633	or	x12,x9,x26	  x9:0xfffffffe x26:0x80022539 x12=0xffffffff
      130965000	     12997	800055b2	40730db3	sub	x27,x6,x7	  x6:0x00000001  x7:0xfffffffe x27=0x00000003
      130975000	     12998	800055b6	01912e33	slt	x28,x2,x25	  x2:0xffffffff x25:0x80025ce4 x28=0x00000000
      130985000	     12999	800055ba	177d	c.addi	x14,-1	 x14:0x000000cf x14=0x000000ce
      130995000	     13000	800055bc	8f2d	c.xor	x14,x11	 x14:0x000000ce x11:0xfffffffc x14=0xffffff32
      131005000	     13001	800055be	02986863	bltu	x16,x9,800055ee	 x16:0xffff4b00  x9:0xfffffffe
      131035000	     13004	800055ee	01db98b3	sll	x17,x23,x29	 x23:0xffffffff x29:0x0000000b x17=0xfffff800
      131045000	     13005	800055f2	000bfeb3	and	x29,x23,x0	 x23:0xffffffff  x0:0x00000000 x29=0x00000000
      131055000	     13006	800055f6	00b57763	bgeu	x10,x11,80005604	 x10:0xffffffff x11:0xfffffffc
      131435000	     13044	80005604	0371f433	remu	x8,x3,x23	  x3:0xfffffb5e x23:0xffffffff  x8=0xfffffb5e
      131475000	     13048	80005608	0206a0b3	mulhsu	x1,x13,x0	 x13:0x00000000  x0:0x00000000  x1=0x00000000
      131485000	     13049	8000560c	5c1de113	ori	x2,x27,1473	 x27:0x00000003  x2=0x000005c3
      131495000	     13050	80005610	14fd	c.addi	x9,-1	  x9:0xfffffffe  x9=0xfffffffd
      131505000	     13051	80005612	ec717293	andi	x5,x2,-313	  x2:0x000005c3  x5=0x000004c3
      131545000	     13055	80005616	029fb633	mulhu	x12,x31,x9	 x31:0x0000000b  x9:0xfffffffd x12=0x0000000a
      131555000	     13056	8000561a	0001	c.addi	x0,0	  x0:0x00000000  x0=0x00000000
      131565000	     13057	8000561c	8161	c.srli	x10,0x18	 x10:0xffffffff x10=0x000000ff
      131575000	     13058	8000561e	717d	c.addi16sp	x2,-16	  x2:0x000005c3  x2=0x000005b3
      131585000	     13059	80005620	8475	c.srai	x8,0x1d	  x8:0xfffffb5e  x8=0xffffffff
      131595000	     13060	80005622	15fe1197	auipc	x3,0x15fe1	  x3=0x95fe6622
      131605000	     13061	80005626	01b60c33	add	x24,x12,x27	 x12:0x0000000a x27:0x00000003 x24=0x0000000d
      131615000	     13062	8000562a	1ce8ed93	ori	x27,x17,462	 x17:0xfffff800 x27=0xfffff9ce
      131655000	     13066	8000562e	029731b3	mulhu	x3,x14,x9	 x14:0xffffff32  x9:0xfffffffd  x3=0xffffff2f
      131665000	     13067	80005632	0f3e	c.slli	x30,0xf	 x30:0x01000000 x30=0x00000000
      131675000	     13068	80005634	0c00	c.addi4spn	x8,x2,528	  x8=0x000007c3
      131685000	     13069	80005636	0076d113	srli	x2,x13,0x7	 x13:0x00000000  x2=0x00000000
      131725000	     13073	8000563a	036711b3	mulh	x3,x14,x22	 x14:0xffffff32 x22:0xffffffff  x3=0x00000000
      131735000	     13074	8000563e	008afc33	and	x24,x21,x8	 x21:0x00000001  x8:0x000007c3 x24=0x00000001
      131745000	     13075	80005642	8f7d	c.and	x14,x15	 x14:0xffffff32 x15:0x80000000 x14=0x80000000
      131755000	     13076	80005644	0722f713	andi	x14,x5,114	  x5:0x000004c3 x14=0x00000042
      131765000	     13077	80005648	8c09	c.sub	x8,x10	  x8:0x000007c3 x10:0x000000ff  x8=0x000006c4
      131775000	     13078	8000564a	0049a603	lw	x12,4(x19)	 x19:0x80021df8 x12=0x800057d0 PA:0x80021dfc load:0x800057d0
      131785000	     13079	8000564e	09f1	c.addi	x19,28	 x19:0x80021df8 x19=0x80021e14
      131795000	     13080	80005650	0386	c.slli	x7,0x1	  x7:0xfffffffe  x7=0xfffffffc
      131805000	     13081	80005652	00060f13	addi	x30,x12,0	 x12:0x800057d0 x30=0x800057d0
      131815000	     13082	80005656	8f02	c.jr	x30	 x30:0x800057d0
      131835000	     13084	800057d0	85fd	c.srai	x11,0x1f	 x11:0xfffffffc x11=0xffffffff
      131845000	     13085	800057d2	4a322893	slti	x17,x4,1187	  x4:0xffffffff x17=0x00000001
      131855000	     13086	800057d6	4391	c.li	x7,4	  x7=0x00000004
      131895000	     13090	800057d8	02d720b3	mulhsu	x1,x14,x13	 x14:0x00000042 x13:0x00000000  x1=0x00000000
      131905000	     13091	800057dc	037ef663	bgeu	x29,x23,80005808	 x29:0x00000000 x23:0xffffffff
      132275000	     13128	800057e0	0281cf33	div	x30,x3,x8	  x3:0x00000000  x8:0x000006c4 x30=0x00000000
      132285000	     13129	800057e4	3c45b113	sltiu	x2,x11,964	 x11:0xffffffff  x2=0x00000000
      132295000	     13130	800057e8	8d85	c.sub	x11,x9	 x11:0xffffffff  x9:0xfffffffd x11=0x00000002
      132305000	     13131	800057ea	011eb4b3	sltu	x9,x29,x17	 x29:0x00000000 x17:0x00000001  x9=0x00000001
      132315000	     13132	800057ee	41c5	c.li	x3,17	  x3=0x00000011
      132325000	     13133	800057f0	8bb1	c.andi	x15,12	 x15:0x80000000 x15=0x00000000
      132335000	     13134	800057f2	0122	c.slli	x2,0x8	  x2:0x00000000  x2=0x00000000
      132345000	     13135	800057f4	019b1563	bne	x22,x25,800057fe	 x22:0xffffffff x25:0x80025ce4
      132735000	     13174	800057fe	02e7fdb3	remu	x27,x15,x14	 x15:0x00000000 x14:0x00000042 x27=0x00000000
      132745000	     13175	80005802	011684b3	add	x9,x13,x17	 x13:0x00000000 x17:0x00000001  x9=0x00000001
      132755000	     13176	80005806	8e7d	c.and	x12,x15	 x12:0x800057d0 x15:0x00000000 x12=0x00000000
      132765000	     13177	80005808	147d	c.addi	x8,-1	  x8:0x000006c4  x8=0x000006c3
      132785000	     13179	8000580a	02fac5b3	div	x11,x21,x15	 x21:0x00000001 x15:0x00000000 x11=0xffffffff
      132795000	     13180	8000580e	fdeb77b7	lui	x15,0xfdeb7	 x15=0xfdeb7000
      132805000	     13181	80005812	8f6d	c.and	x14,x11	 x14:0x00000042 x11:0xffffffff x14=0x00000042
      132815000	     13182	80005814	127d	c.addi	x4,-1	  x4:0xffffffff  x4=0xfffffffe
      132825000	     13183	80005816	0049a603	lw	x12,4(x19)	 x19:0x80021e14 x12=0x80005872 PA:0x80021e18 load:0x80005872
      132835000	     13184	8000581a	00941a13	slli	x20,x8,0x9	  x8:0x000006c3 x20=0x000d8600
      132845000	     13185	8000581e	010128b3	slt	x17,x2,x16	  x2:0x00000000 x16:0xffff4b00 x17=0x00000000
      132855000	     13186	80005822	02498993	addi	x19,x19,36	 x19:0x80021e14 x19=0x80021e38
      132865000	     13187	80005826	04ba	c.slli	x9,0xe	  x9:0x00000001  x9=0x00004000
      132875000	     13188	80005828	00160b93	addi	x23,x12,1	 x12:0x80005872 x23=0x80005873
      132885000	     13189	8000582c	000b8be7	jalr	x23,0(x23)	 x23:0x80005873 x23=0x80005830
      132945000	     13195	80005872	023c2d33	mulhsu	x26,x24,x3	 x24:0x00000001  x3:0x00000011 x26=0x00000000
      132955000	     13196	80005876	01dad093	srli	x1,x21,0x1d	 x21:0x00000001  x1=0x00000000
      132965000	     13197	8000587a	4054d1b3	sra	x3,x9,x5	  x9:0x00004000  x5:0x000004c3  x3=0x00000800
      132975000	     13198	8000587e	6ae9	c.lui	x21,0x1a	 x21=0x0001a000
      132985000	     13199	80005880	86d9	c.srai	x13,0x16	 x13:0x00000000 x13=0x00000000
      132995000	     13200	80005882	51ffb0b7	lui	x1,0x51ffb	  x1=0x51ffb000
      133005000	     13201	80005886	f19ff66f	jal	x12,8000579e	 x12=0x8000588a
      133035000	     13204	8000579e	0083e463	bltu	x7,x8,800057a6	  x7:0x00000004  x8:0x000006c3
      133065000	     13207	800057a6	fdc98993	addi	x19,x19,-36	 x19:0x80021e38 x19=0x80021e14
      133075000	     13208	800057aa	00c9a223	sw	x12,4(x19)	 x19:0x80021e14 x12:0x8000588a PA:0x80021e18 store:0x8000588a load:0x00000000
      133085000	     13209	800057ae	0222	c.slli	x4,0x8	  x4:0xfffffffe  x4=0xfffffe00
      133095000	     13210	800057b0	dacff893	andi	x17,x31,-596	 x31:0x0000000b x17=0x00000008
      133105000	     13211	800057b4	0000100f	fence.i	
      133125000	     13213	800057b8	0001	c.addi	x0,0	  x0:0x00000000  x0=0x00000000
      133135000	     13214	800057ba	8c39	c.xor	x8,x14	  x8:0x000006c3 x14:0x00000042  x8=0x00000681
      133175000	     13218	800057bc	032037b3	mulhu	x15,x0,x18	  x0:0x00000000 x18:0xfffffa58 x15=0x00000000
      133545000	     13255	800057c0	0313e3b3	rem	x7,x7,x17	  x7:0x00000004 x17:0x00000008  x7=0x00000004
      133555000	     13256	800057c4	40a45013	srai	x0,x8,0xa	  x8:0x00000681  x0=0x00000000
      133925000	     13293	800057c8	021167b3	rem	x15,x2,x1	  x2:0x00000000  x1:0x51ffb000 x15=0x00000000
      133935000	     13294	800057cc	ef7fd66f	jal	x12,800036c2	 x12=0x800057d0
      133955000	     13296	800036c2	8c61	c.and	x8,x8	  x8:0x00000681  x8:0x00000681  x8=0x00000681
      133965000	     13297	800036c4	9ade6513	ori	x10,x28,-1619	 x28:0x00000000 x10=0xfffff9ad
      134005000	     13301	800036c8	0301b133	mulhu	x2,x3,x16	  x3:0x00000800 x16:0xffff4b00  x2=0x000007ff
      134015000	     13302	800036cc	1991	c.addi	x19,-28	 x19:0x80021e14 x19=0x80021df8
      134025000	     13303	800036ce	21ec2b13	slti	x22,x24,542	 x24:0x00000001 x22=0x00000001
      134035000	     13304	800036d2	00e81d33	sll	x26,x16,x14	 x16:0xffff4b00 x14:0x00000042 x26=0xfffd2c00
      134045000	     13305	800036d6	00c9a223	sw	x12,4(x19)	 x19:0x80021df8 x12:0x800057d0 PA:0x80021dfc store:0x800057d0 load:0x00000000
      134055000	     13306	800036da	0da6	c.slli	x27,0x9	 x27:0x00000000 x27=0x00000000
      134065000	     13307	800036dc	9f66b493	sltiu	x9,x13,-1546	 x13:0x00000000  x9=0x00000001
      134085000	     13309	800036e0	020ed033	divu	x0,x29,x0	 x29:0x00000000  x0:0x00000000  x0=0x00000000
      134095000	     13310	800036e4	00a4b733	sltu	x14,x9,x10	  x9:0x00000001 x10:0xfffff9ad x14=0x00000001
      134105000	     13311	800036e8	82e2	c.mv	x5,x24	  x0:0x00000000 x24:0x00000001  x5=0x00000001
      134115000	     13312	800036ea	8fdd	c.or	x15,x15	 x15:0x00000000 x15:0x00000000 x15=0x00000000
      134125000	     13313	800036ec	0007f963	bgeu	x15,x0,800036fe	 x15:0x00000000  x0:0x00000000
      134155000	     13316	800036fe	0ff0000f	fence	iorw,iorw	
      134195000	     13320	80003702	03101233	mulh	x4,x0,x17	  x0:0x00000000 x17:0x00000008  x4=0x00000000
      134565000	     13357	80003706	035af433	remu	x8,x21,x21	 x21:0x0001a000 x21:0x0001a000  x8=0x00000000
      134575000	     13358	8000370a	127d	c.addi	x4,-1	  x4:0x00000000  x4=0xffffffff
      134585000	     13359	8000370c	8c39	c.xor	x8,x14	  x8:0x00000000 x14:0x00000001  x8=0x00000001
      134595000	     13360	8000370e	e3cd0a13	addi	x20,x26,-452	 x26:0xfffd2c00 x20=0xfffd2a3c
      134615000	     13362	80003712	02f24d33	div	x26,x4,x15	  x4:0xffffffff x15:0x00000000 x26=0xffffffff
      134625000	     13363	80003716	0001	c.addi	x0,0	  x0:0x00000000  x0=0x00000000
      134635000	     13364	80003718	6f7b67b7	lui	x15,0x6f7b6	 x15=0x6f7b6000
      134645000	     13365	8000371c	9afd	c.andi	x13,-1	 x13:0x00000000 x13=0x00000000
      134655000	     13366	8000371e	88bd	c.andi	x9,15	  x9:0x00000001  x9=0x00000001
      134665000	     13367	80003720	40915133	sra	x2,x2,x9	  x2:0x000007ff  x9:0x00000001  x2=0x000003ff
      134675000	     13368	80003724	ea81	c.bnez	x13,80003734	 x13:0x00000000
      134705000	     13371	80003726	02c50333	mul	x6,x10,x12	 x10:0xfffff9ad x12:0x800057d0  x6=0x7dd4a790
      134715000	     13372	8000372a	8c79	c.and	x8,x14	  x8:0x00000001 x14:0x00000001  x8=0x00000001
      134725000	     13373	8000372c	028c0c63	beq	x24,x8,80003764	 x24:0x00000001  x8:0x00000001
      134745000	     13375	80003764	03cd4163	blt	x26,x28,80003786	 x26:0xffffffff x28:0x00000000
      134805000	     13381	80003786	03a3a933	mulhsu	x18,x7,x26	  x7:0x00000004 x26:0xffffffff x18=0x00000003
      134815000	     13382	8000378a	047ef463	bgeu	x29,x7,800037d2	 x29:0x00000000  x7:0x00000004
      134825000	     13383	8000378e	c699	c.beqz	x13,8000379c	 x13:0x00000000
      134845000	     13385	8000379c	8e21	c.xor	x12,x8	 x12:0x800057d0  x8:0x00000001 x12=0x800057d1
      134855000	     13386	8000379e	00c3d563	bge	x7,x12,800037a8	  x7:0x00000004 x12:0x800057d1
      134905000	     13391	800037a8	026eb833	mulhu	x16,x29,x6	 x29:0x00000000  x6:0x7dd4a790 x16=0x00000000
      134915000	     13392	800037ac	034a6763	bltu	x20,x20,800037da	 x20:0xfffd2a3c x20:0xfffd2a3c
      135285000	     13429	800037b0	02fec433	div	x8,x29,x15	 x29:0x00000000 x15:0x6f7b6000  x8=0x00000000
      135295000	     13430	800037b4	00b46bb3	or	x23,x8,x11	  x8:0x00000000 x11:0xffffffff x23=0xffffffff
      135305000	     13431	800037b8	8f49	c.or	x14,x10	 x14:0x00000001 x10:0xfffff9ad x14=0xfffff9ad
      135315000	     13432	800037ba	021df863	bgeu	x27,x1,800037ea	 x27:0x00000000  x1:0x51ffb000
      135325000	     13433	800037be	0ff0000f	fence	iorw,iorw	
      135335000	     13434	800037c2	006ade33	srl	x28,x21,x6	 x21:0x0001a000  x6:0x7dd4a790 x28=0x00000001
      135345000	     13435	800037c6	01b3c663	blt	x7,x27,800037d2	  x7:0x00000004 x27:0x00000000
      135355000	     13436	800037ca	039eec63	bltu	x29,x25,80003802	 x29:0x00000000 x25:0x80025ce4
      135375000	     13438	80003802	8d85	c.sub	x11,x9	 x11:0xffffffff  x9:0x00000001 x11=0xfffffffe
      135385000	     13439	80003804	b7314193	xori	x3,x2,-1165	  x2:0x000003ff  x3=0xfffff88c
      135395000	     13440	80003808	012148b3	xor	x17,x2,x18	  x2:0x000003ff x18:0x00000003 x17=0x000003fc
      135405000	     13441	8000380c	02b1f363	bgeu	x3,x11,80003832	  x3:0xfffff88c x11:0xfffffffe
      135415000	     13442	80003810	0196f1b3	and	x3,x13,x25	 x13:0x00000000 x25:0x80025ce4  x3=0x00000000
      135425000	     13443	80003814	04d4f063	bgeu	x9,x13,80003854	  x9:0x00000001 x13:0x00000000
      135445000	     13445	80003854	a66b7b13	andi	x22,x22,-1434	 x22:0x00000001 x22=0x00000000
      135455000	     13446	80003858	743a3413	sltiu	x8,x20,1859	 x20:0xfffd2a3c  x8=0x00000000
      135465000	     13447	8000385c	015931b3	sltu	x3,x18,x21	 x18:0x00000003 x21:0x0001a000  x3=0x00000001
      135475000	     13448	80003860	0000100f	fence.i	
      135495000	     13450	80003864	034e6c63	bltu	x28,x20,8000389c	 x28:0x00000001 x20:0xfffd2a3c
      135515000	     13452	8000389c	0422	c.slli	x8,0x8	  x8:0x00000000  x8=0x00000000
      135525000	     13453	8000389e	ea05	c.bnez	x12,800038ce	 x12:0x800057d1
      135555000	     13456	800038ce	2303b113	sltiu	x2,x7,560	  x7:0x00000004  x2=0x00000001
      135565000	     13457	800038d2	8139	c.srli	x10,0xe	 x10:0xfffff9ad x10=0x0003ffff
      135575000	     13458	800038d4	0001	c.addi	x0,0	  x0:0x00000000  x0=0x00000000
      135585000	     13459	800038d6	41595093	srai	x1,x18,0x15	 x18:0x00000003  x1=0x00000000
      135595000	     13460	800038da	4b41b017	auipc	x0,0x4b41b	  x0=0x00000000
      135605000	     13461	800038de	001fa0b3	slt	x1,x31,x1	 x31:0x0000000b  x1:0x00000000  x1=0x00000000
      135615000	     13462	800038e2	01b5aab3	slt	x21,x11,x27	 x11:0xfffffffe x27:0x00000000 x21=0x00000001
      135625000	     13463	800038e6	00624133	xor	x2,x4,x6	  x4:0xffffffff  x6:0x7dd4a790  x2=0x822b586f
      135655000	     13466	800038ea	02670533	mul	x10,x14,x6	 x14:0xfffff9ad  x6:0x7dd4a790 x10=0x38204c50
      135665000	     13467	800038ee	8ed1	c.or	x13,x12	 x13:0x00000000 x12:0x800057d1 x13=0x800057d1
      135675000	     13468	800038f0	73b7a393	slti	x7,x15,1851	 x15:0x6f7b6000  x7=0x00000000
      135685000	     13469	800038f4	0318ec63	bltu	x17,x17,8000392c	 x17:0x000003fc x17:0x000003fc
      135695000	     13470	800038f8	04bae163	bltu	x21,x11,8000393a	 x21:0x00000001 x11:0xfffffffe
      135745000	     13475	8000393a	03bf8d33	mul	x26,x31,x27	 x31:0x0000000b x27:0x00000000 x26=0x00000000
      135755000	     13476	8000393e	0065c033	xor	x0,x11,x6	 x11:0xfffffffe  x6:0x7dd4a790  x0=0x00000000
      135765000	     13477	80003942	418b5f33	sra	x30,x22,x24	 x22:0x00000000 x24:0x00000001 x30=0x00000000
      135775000	     13478	80003946	011f3733	sltu	x14,x30,x17	 x30:0x00000000 x17:0x000003fc x14=0x00000001
      135785000	     13479	8000394a	05df8063	beq	x31,x29,8000398a	 x31:0x0000000b x29:0x00000000
      135795000	     13480	8000394e	01265133	srl	x2,x12,x18	 x12:0x800057d1 x18:0x00000003  x2=0x10000afa
      135805000	     13481	80003952	ce05	c.beqz	x12,8000398a	 x12:0x800057d1
      135815000	     13482	80003954	02628263	beq	x5,x6,80003978	  x5:0x00000001  x6:0x7dd4a790
      135825000	     13483	80003958	66d1e797	auipc	x15,0x66d1e	 x15=0xe6d21958
      135835000	     13484	8000395c	6291	c.lui	x5,0x4	  x5=0x00004000
      135845000	     13485	8000395e	41cb07b3	sub	x15,x22,x28	 x22:0x00000000 x28:0x00000001 x15=0xffffffff
      135855000	     13486	80003962	035d4963	blt	x26,x21,80003994	 x26:0x00000000 x21:0x00000001
      135875000	     13488	80003994	01799513	slli	x10,x19,0x17	 x19:0x80021df8 x10=0xfc000000
      135915000	     13492	80003998	020fba33	mulhu	x20,x31,x0	 x31:0x0000000b  x0:0x00000000 x20=0x00000000
      135945000	     13495	8000399c	03188233	mul	x4,x17,x17	 x17:0x000003fc x17:0x000003fc  x4=0x000fe010
      135955000	     13496	800039a0	40c3dd93	srai	x27,x7,0xc	  x7:0x00000000 x27=0x00000000
      135965000	     13497	800039a4	24ef6b13	ori	x22,x30,590	 x30:0x00000000 x22=0x0000024e
      135985000	     13499	800039a8	03e7d6b3	divu	x13,x15,x30	 x15:0xffffffff x30:0x00000000 x13=0xffffffff
      135995000	     13500	800039ac	411cd393	srai	x7,x25,0x11	 x25:0x80025ce4  x7=0xffffc001
      136005000	     13501	800039b0	aa488193	addi	x3,x17,-1372	 x17:0x000003fc  x3=0xfffffea0
      136015000	     13502	800039b4	e585	c.bnez	x11,800039dc	 x11:0xfffffffe
      136035000	     13504	800039dc	01d2	c.slli	x3,0x14	  x3:0xfffffea0  x3=0xea000000
      136045000	     13505	800039de	d4d8f213	andi	x4,x17,-691	 x17:0x000003fc  x4=0x0000014c
      136065000	     13507	800039e2	0211ceb3	div	x29,x3,x1	  x3:0xea000000  x1:0x00000000 x29=0xffffffff
      136075000	     13508	800039e6	0001	c.addi	x0,0	  x0:0x00000000  x0=0x00000000
      136085000	     13509	800039e8	08ee	c.slli	x17,0x1b	 x17:0x000003fc x17=0xe0000000
      136095000	     13510	800039ea	04eef163	bgeu	x29,x14,80003a2c	 x29:0xffffffff x14:0x00000001
      136115000	     13512	80003a2c	ceb85c17	auipc	x24,0xceb85	 x24=0x4eb88a2c
      136125000	     13513	80003a30	0ff0000f	fence	iorw,iorw	
      136135000	     13514	80003a34	05dbc363	blt	x23,x29,80003a7a	 x23:0xffffffff x29:0xffffffff
      136145000	     13515	80003a38	0008a133	slt	x2,x17,x0	 x17:0xe0000000  x0:0x00000000  x2=0x00000001
      136155000	     13516	80003a3c	0000100f	fence.i	
      136175000	     13518	80003a40	9bfd	c.andi	x15,-1	 x15:0xffffffff x15=0xffffffff
      136185000	     13519	80003a42	3bc051b7	lui	x3,0x3bc05	  x3=0x3bc05000
      136225000	     13523	80003a46	028e93b3	mulh	x7,x29,x8	 x29:0xffffffff  x8:0x00000000  x7=0x00000000
      136235000	     13524	80003a4a	7ef423b7	lui	x7,0x7ef42	  x7=0x7ef42000
      136245000	     13525	80003a4e	8cd9	c.or	x9,x14	  x9:0x00000001 x14:0x00000001  x9=0x00000001
      136255000	     13526	80003a50	00085833	srl	x16,x16,x0	 x16:0x00000000  x0:0x00000000 x16=0x00000000
      136265000	     13527	80003a54	12fd	c.addi	x5,-1	  x5:0x00004000  x5=0x00003fff
      136275000	     13528	80003a56	0110fd33	and	x26,x1,x17	  x1:0x00000000 x17:0xe0000000 x26=0x00000000
      136305000	     13531	80003a5a	037b8433	mul	x8,x23,x23	 x23:0xffffffff x23:0xffffffff  x8=0x00000001
      136675000	     13568	80003a5e	03cdcdb3	div	x27,x27,x28	 x27:0x00000000 x28:0x00000001 x27=0x00000000
      136685000	     13569	80003a62	0186c763	blt	x13,x24,80003a70	 x13:0xffffffff x24:0x4eb88a2c
      137065000	     13607	80003a70	02bd7333	remu	x6,x26,x11	 x26:0x00000000 x11:0xfffffffe  x6=0x00000000
      137075000	     13608	80003a74	adef7b13	andi	x22,x30,-1314	 x30:0x00000000 x22=0x00000000
      137085000	     13609	80003a78	0731	c.addi	x14,12	 x14:0x00000001 x14=0x0000000d
      137095000	     13610	80003a7a	8ead	c.xor	x13,x11	 x13:0xffffffff x11:0xfffffffe x13=0x00000001
      137105000	     13611	80003a7c	8fdd	c.or	x15,x15	 x15:0xffffffff x15:0xffffffff x15=0xffffffff
      137115000	     13612	80003a7e	015e8663	beq	x29,x21,80003a8a	 x29:0xffffffff x21:0x00000001
      137125000	     13613	80003a82	02547663	bgeu	x8,x5,80003aae	  x8:0x00000001  x5:0x00003fff
      137495000	     13650	80003a86	03ce62b3	rem	x5,x28,x28	 x28:0x00000001 x28:0x00000001  x5=0x00000000
      137515000	     13652	80003a8a	03a8ca33	div	x20,x17,x26	 x17:0xe0000000 x26:0x00000000 x20=0xffffffff
      137525000	     13653	80003a8e	021d8063	beq	x27,x1,80003aae	 x27:0x00000000  x1:0x00000000
      137915000	     13692	80003aae	02ae6b33	rem	x22,x28,x10	 x28:0x00000001 x10:0xfc000000 x22=0x00000001
      137925000	     13693	80003ab2	8f35	c.xor	x14,x13	 x14:0x0000000d x13:0x00000001 x14=0x0000000c
      137935000	     13694	80003ab4	0155f663	bgeu	x11,x21,80003ac0	 x11:0xfffffffe x21:0x00000001
      137955000	     13696	80003ac0	8271	c.srli	x12,0x1c	 x12:0x800057d1 x12=0x00000008
      137965000	     13697	80003ac2	865e	c.mv	x12,x23	  x0:0x00000000 x23:0xffffffff x12=0xffffffff
      137975000	     13698	80003ac4	6161	c.addi16sp	x2,80	  x2:0x00000001  x2=0x00000051
      138345000	     13735	80003ac6	038cc933	div	x18,x25,x24	 x25:0x80025ce4 x24:0x4eb88a2c x18=0xffffffff
      138355000	     13736	80003aca	04a26063	bltu	x4,x10,80003b0a	  x4:0x0000014c x10:0xfc000000
      138375000	     13738	80003b0a	51fd	c.li	x3,-1	  x3=0xffffffff
      138385000	     13739	80003b0c	010e9d63	bne	x29,x16,80003b26	 x29:0xffffffff x16:0x00000000
      138415000	     13742	80003b26	b05fd037	lui	x0,0xb05fd	  x0=0x00000000
      138425000	     13743	80003b2a	e99b6793	ori	x15,x22,-359	 x22:0x00000001 x15=0xfffffe99
      138435000	     13744	80003b2e	833a	c.mv	x6,x14	  x0:0x00000000 x14:0x0000000c  x6=0x0000000c
      138805000	     13781	80003b30	02d66633	rem	x12,x12,x13	 x12:0xffffffff x13:0x00000001 x12=0x00000000
      138815000	     13782	80003b34	0001	c.addi	x0,0	  x0:0x00000000  x0=0x00000000
      138825000	     13783	80003b36	6ab5	c.lui	x21,0xd	 x21=0x0000d000
      138835000	     13784	80003b38	92c6	c.add	x5,x17	  x5:0x00000000 x17:0xe0000000  x5=0xe0000000
      138845000	     13785	80003b3a	17147793	andi	x15,x8,369	  x8:0x00000001 x15=0x00000001
      138855000	     13786	80003b3e	0ff0000f	fence	iorw,iorw	
      138865000	     13787	80003b42	013b2133	slt	x2,x22,x19	 x22:0x00000001 x19:0x80021df8  x2=0x00000000
      138875000	     13788	80003b46	8f99	c.sub	x15,x14	 x15:0x00000001 x14:0x0000000c x15=0xfffffff5
      138885000	     13789	80003b48	0001	c.addi	x0,0	  x0:0x00000000  x0=0x00000000
      138895000	     13790	80003b4a	401752b3	sra	x5,x14,x1	 x14:0x0000000c  x1:0x00000000  x5=0x0000000c
      138905000	     13791	80003b4e	e985	c.bnez	x11,80003b7e	 x11:0xfffffffe
      138925000	     13793	80003b7e	8fc1	c.or	x15,x8	 x15:0xfffffff5  x8:0x00000001 x15=0xfffffff5
      138935000	     13794	80003b80	0001	c.addi	x0,0	  x0:0x00000000  x0=0x00000000
      138945000	     13795	80003b82	1214	c.addi4spn	x13,x2,288	 x13=0x00000120
      138955000	     13796	80003b84	6541c813	xori	x16,x3,1620	  x3:0xffffffff x16=0xfffff9ab
      138965000	     13797	80003b88	614d	c.addi16sp	x2,176	  x2:0x00000000  x2=0x000000b0
      138975000	     13798	80003b8a	0001	c.addi	x0,0	  x0:0x00000000  x0=0x00000000
      138985000	     13799	80003b8c	080e	c.slli	x16,0x3	 x16:0xfffff9ab x16=0xffffcd58
      138995000	     13800	80003b8e	0000100f	fence.i	
      139015000	     13802	80003b92	6129	c.addi16sp	x2,192	  x2:0x000000b0  x2=0x00000170
      139025000	     13803	80003b94	01efd463	bge	x31,x30,80003b9c	 x31:0x0000000b x30:0x00000000
      139065000	     13807	80003b9c	030202b3	mul	x5,x4,x16	  x4:0x0000014c x16:0xffffcd58  x5=0xffbe4e20
      139075000	     13808	80003ba0	05910013	addi	x0,x2,89	  x2:0x00000170  x0=0x00000000
      139445000	     13845	80003ba4	0236dab3	divu	x21,x13,x3	 x13:0x00000120  x3:0xffffffff x21=0x00000000
      139455000	     13846	80003ba8	00c10263	beq	x2,x12,80003bac	  x2:0x00000170 x12:0x00000000
      139465000	     13847	80003bac	03449a63	bne	x9,x20,80003be0	  x9:0x00000001 x20:0xffffffff
      139485000	     13849	80003be0	9bfd	c.andi	x15,-1	 x15:0xfffffff5 x15=0xfffffff5
      139495000	     13850	80003be2	c509	c.beqz	x10,80003bec	 x10:0xfc000000
      139505000	     13851	80003be4	8f61	c.and	x14,x8	 x14:0x0000000c  x8:0x00000001 x14=0x00000000
      139515000	     13852	80003be6	83a1	c.srli	x15,0x8	 x15:0xfffffff5 x15=0x00ffffff
      139555000	     13856	80003be8	03039333	mulh	x6,x7,x16	  x7:0x7ef42000 x16:0xffffcd58  x6=0xffffe6e1
      139565000	     13857	80003bec	01fbe863	bltu	x23,x31,80003bfc	 x23:0xffffffff x31:0x0000000b
      139575000	     13858	80003bf0	64634393	xori	x7,x6,1606	  x6:0xffffe6e1  x7=0xffffe0a7
      139585000	     13859	80003bf4	00ce3133	sltu	x2,x28,x12	 x28:0x00000001 x12:0x00000000  x2=0x00000000
      139595000	     13860	80003bf8	006a5613	srli	x12,x20,0x6	 x20:0xffffffff x12=0x03ffffff
      139605000	     13861	80003bfc	00b87d63	bgeu	x16,x11,80003c16	 x16:0xffffcd58 x11:0xfffffffe
      139615000	     13862	80003c00	8bd5	c.andi	x15,21	 x15:0x00ffffff x15=0x00000015
      139625000	     13863	80003c02	00b11313	slli	x6,x2,0xb	  x2:0x00000000  x6=0x00000000
      139635000	     13864	80003c06	05278263	beq	x15,x18,80003c4a	 x15:0x00000015 x18:0xffffffff
      139645000	     13865	80003c0a	0179f763	bgeu	x19,x23,80003c18	 x19:0x80021df8 x23:0xffffffff
      139655000	     13866	80003c0e	008d6233	or	x4,x26,x8	 x26:0x00000000  x8:0x00000001  x4=0x00000001
      139665000	     13867	80003c12	c69a8313	addi	x6,x21,-919	 x21:0x00000000  x6=0xfffffc69
      139675000	     13868	80003c16	8d71	c.and	x10,x12	 x10:0xfc000000 x12:0x03ffffff x10=0x00000000
      139685000	     13869	80003c18	0c41	c.addi	x24,16	 x24:0x4eb88a2c x24=0x4eb88a3c
      139715000	     13872	80003c1a	03b68533	mul	x10,x13,x27	 x13:0x00000120 x27:0x00000000 x10=0x00000000
      139725000	     13873	80003c1e	6a770e93	addi	x29,x14,1703	 x14:0x00000000 x29=0x000006a7
      139735000	     13874	80003c22	0000100f	fence.i	
      139785000	     13879	80003c26	03c80c33	mul	x24,x16,x28	 x16:0xffffcd58 x28:0x00000001 x24=0xffffcd58
      139815000	     13882	80003c2a	021e86b3	mul	x13,x29,x1	 x29:0x000006a7  x1:0x00000000 x13=0x00000000
      139825000	     13883	80003c2e	0001	c.addi	x0,0	  x0:0x00000000  x0=0x00000000
      139835000	     13884	80003c30	9a7d	c.andi	x12,-1	 x12:0x03ffffff x12=0x03ffffff
      139845000	     13885	80003c32	87ea	c.mv	x15,x26	  x0:0x00000000 x26:0x00000000 x15=0x00000000
      139855000	     13886	80003c34	c1e06d13	ori	x26,x0,-994	  x0:0x00000000 x26=0xfffffc1e
      139865000	     13887	80003c38	00449533	sll	x10,x9,x4	  x9:0x00000001  x4:0x00000001 x10=0x00000002
      139875000	     13888	80003c3c	37093813	sltiu	x16,x18,880	 x18:0xffffffff x16=0x00000000
      139885000	     13889	80003c40	4de1	c.li	x27,24	 x27=0x00000018
      139895000	     13890	80003c42	40a05733	sra	x14,x0,x10	  x0:0x00000000 x10:0x00000002 x14=0x00000000
      139905000	     13891	80003c46	02a61b63	bne	x12,x10,80003c7c	 x12:0x03ffffff x10:0x00000002
      139925000	     13893	80003c7c	00922db3	slt	x27,x4,x9	  x4:0x00000001  x9:0x00000001 x27=0x00000000
      140295000	     13930	80003c80	02cac6b3	div	x13,x21,x12	 x21:0x00000000 x12:0x03ffffff x13=0x00000000
      140305000	     13931	80003c84	5e75fa13	andi	x20,x11,1511	 x11:0xfffffffe x20=0x000005e6
      140315000	     13932	80003c88	809d	c.srli	x9,0x7	  x9:0x00000001  x9=0x00000000
      140325000	     13933	80003c8a	00441513	slli	x10,x8,0x4	  x8:0x00000001 x10=0x00000010
      140335000	     13934	80003c8e	00449893	slli	x17,x9,0x4	  x9:0x00000000 x17=0x00000000
      140345000	     13935	80003c92	055dc463	blt	x27,x21,80003cda	 x27:0x00000000 x21:0x00000000
      140385000	     13939	80003c96	024e1bb3	mulh	x23,x28,x4	 x28:0x00000001  x4:0x00000001 x23=0x00000000
      140395000	     13940	80003c9a	013d3033	sltu	x0,x26,x19	 x26:0xfffffc1e x19:0x80021df8  x0=0x00000000
      140405000	     13941	80003c9e	89dd	c.andi	x11,23	 x11:0xfffffffe x11=0x00000016
      140415000	     13942	80003ca0	1d9f2293	slti	x5,x30,473	 x30:0x00000000  x5=0x00000001
      140425000	     13943	80003ca4	40240eb3	sub	x29,x8,x2	  x8:0x00000001  x2:0x00000000 x29=0x00000001
      140455000	     13946	80003ca8	03f48233	mul	x4,x9,x31	  x9:0x00000000 x31:0x0000000b  x4=0x00000000
      140465000	     13947	80003cac	002edb93	srli	x23,x29,0x2	 x29:0x00000001 x23=0x00000000
      140475000	     13948	80003cb0	009df8b3	and	x17,x27,x9	 x27:0x00000000  x9:0x00000000 x17=0x00000000
      140485000	     13949	80003cb4	ea433637	lui	x12,0xea433	 x12=0xea433000
      140495000	     13950	80003cb8	00240a33	add	x20,x8,x2	  x8:0x00000001  x2:0x00000000 x20=0x00000001
      140505000	     13951	80003cbc	c609	c.beqz	x12,80003cc6	 x12:0xea433000
      140515000	     13952	80003cbe	030c8017	auipc	x0,0x30c8	  x0=0x00000000
      140555000	     13956	80003cc2	031011b3	mulh	x3,x0,x17	  x0:0x00000000 x17:0x00000000  x3=0x00000000
      140565000	     13957	80003cc6	0135f363	bgeu	x11,x19,80003ccc	 x11:0x00000016 x19:0x80021df8
      140575000	     13958	80003cca	517d	c.li	x2,-1	  x2=0xffffffff
      140585000	     13959	80003ccc	011f01b3	add	x3,x30,x17	 x30:0x00000000 x17:0x00000000  x3=0x00000000
      140625000	     13963	80003cd0	0290a5b3	mulhsu	x11,x1,x9	  x1:0x00000000  x9:0x00000000 x11=0x00000000
      140635000	     13964	80003cd4	1398	c.addi4spn	x14,x2,480	 x14=0x000001df
      140645000	     13965	80003cd6	030b1263	bne	x22,x16,80003cfa	 x22:0x00000001 x16:0x00000000
      140685000	     13969	80003cfa	0246d1b3	divu	x3,x13,x4	 x13:0x00000000  x4:0x00000000  x3=0xffffffff
      140695000	     13970	80003cfe	00ab12b3	sll	x5,x22,x10	 x22:0x00000001 x10:0x00000010  x5=0x00010000
      140735000	     13974	80003d02	035d2433	mulhsu	x8,x26,x21	 x26:0xfffffc1e x21:0x00000000  x8=0x00000000
      140745000	     13975	80003d06	014a9893	slli	x17,x21,0x14	 x21:0x00000000 x17=0x00000000
      140755000	     13976	80003d0a	8f81	c.sub	x15,x8	 x15:0x00000000  x8:0x00000000 x15=0x00000000
      140765000	     13977	80003d0c	0636	c.slli	x12,0xd	 x12:0xea433000 x12=0x66000000
      140775000	     13978	80003d0e	8dad	c.xor	x11,x11	 x11:0x00000000 x11:0x00000000 x11=0x00000000
      140785000	     13979	80003d10	0001	c.addi	x0,0	  x0:0x00000000  x0=0x00000000
      140795000	     13980	80003d12	cf9d	c.beqz	x15,80003d50	 x15:0x00000000
      140845000	     13985	80003d50	024e2d33	mulhsu	x26,x28,x4	 x28:0x00000001  x4:0x00000000 x26=0x00000000
      140855000	     13986	80003d54	95c74313	xori	x6,x14,-1700	 x14:0x000001df  x6=0xfffff883
      140865000	     13987	80003d58	9492	c.add	x9,x4	  x9:0x00000000  x4:0x00000000  x9=0x00000000
      140875000	     13988	80003d5a	6769	c.lui	x14,0x1a	 x14=0x0001a000
      140885000	     13989	80003d5c	0566	c.slli	x10,0x19	 x10:0x00000010 x10=0x20000000
      140895000	     13990	80003d5e	8ecd	c.or	x13,x11	 x13:0x00000000 x11:0x00000000 x13=0x00000000
      140905000	     13991	80003d60	6135	c.addi16sp	x2,352	  x2:0xffffffff  x2=0x0000015f
      140915000	     13992	80003d62	0636	c.slli	x12,0xd	 x12:0x66000000 x12=0x00000000
      140925000	     13993	80003d64	0ff0000f	fence	iorw,iorw	
      140935000	     13994	80003d68	0152e433	or	x8,x5,x21	  x5:0x00010000 x21:0x00000000  x8=0x00010000
      140945000	     13995	80003d6c	ee91	c.bnez	x13,80003d88	 x13:0x00000000
      140955000	     13996	80003d6e	0818	c.addi4spn	x14,x2,16	 x14=0x0000016f
      140965000	     13997	80003d70	c121	c.beqz	x10,80003db0	 x10:0x20000000
      140975000	     13998	80003d72	0f16	c.slli	x30,0x5	 x30:0x00000000 x30=0x00000000
      140985000	     13999	80003d74	0000100f	fence.i	
      141015000	     14002	80003d78	0245dbb3	divu	x23,x11,x4	 x11:0x00000000  x4:0x00000000 x23=0xffffffff
      141025000	     14003	80003d7c	012d5a63	bge	x26,x18,80003d90	 x26:0x00000000 x18:0xffffffff
      141045000	     14005	80003d90	96d6	c.add	x13,x21	 x13:0x00000000 x21:0x00000000 x13=0x00000000
      141055000	     14006	80003d92	05a91463	bne	x18,x26,80003dda	 x18:0xffffffff x26:0x00000000
      141085000	     14009	80003dda	01cad4b3	srl	x9,x21,x28	 x21:0x00000000 x28:0x00000001  x9=0x00000000
      141095000	     14010	80003dde	055a	c.slli	x10,0x16	 x10:0x20000000 x10=0x00000000
      141105000	     14011	80003de0	6c8eef13	ori	x30,x29,1736	 x29:0x00000001 x30=0x000006c9
      141115000	     14012	80003de4	52e5be13	sltiu	x28,x11,1326	 x11:0x00000000 x28=0x00000001
      141125000	     14013	80003de8	6115	c.addi16sp	x2,288	  x2:0x0000015f  x2=0x0000027f
      141135000	     14014	80003dea	de418d13	addi	x26,x3,-540	  x3:0xffffffff x26=0xfffffde3
      141145000	     14015	80003dee	0067b7b3	sltu	x15,x15,x6	 x15:0x00000000  x6:0xfffff883 x15=0x00000001
      141165000	     14017	80003df2	02d26f33	rem	x30,x4,x13	  x4:0x00000000 x13:0x00000000 x30=0x00000000
      141205000	     14021	80003df6	02209bb3	mulh	x23,x1,x2	  x1:0x00000000  x2:0x0000027f x23=0x00000000
      141225000	     14023	80003dfa	02b06a33	rem	x20,x0,x11	  x0:0x00000000 x11:0x00000000 x20=0x00000000
      141235000	     14024	80003dfe	893a	c.mv	x18,x14	  x0:0x00000000 x14:0x0000016f x18=0x0000016f
      141245000	     14025	80003e00	00a4d133	srl	x2,x9,x10	  x9:0x00000000 x10:0x00000000  x2=0x00000000
      141255000	     14026	80003e04	c719	c.beqz	x14,80003e12	 x14:0x0000016f
      141265000	     14027	80003e06	00d855b3	srl	x11,x16,x13	 x16:0x00000000 x13:0x00000000 x11=0x00000000
      141305000	     14031	80003e0a	02003a33	mulhu	x20,x0,x0	  x0:0x00000000  x0:0x00000000 x20=0x00000000
      141315000	     14032	80003e0e	01090563	beq	x18,x16,80003e18	 x18:0x0000016f x16:0x00000000
      141325000	     14033	80003e12	8595	c.srai	x11,0x5	 x11:0x00000000 x11=0x00000000
      141335000	     14034	80003e14	25223a13	sltiu	x20,x4,594	  x4:0x00000000 x20=0x00000001
      141345000	     14035	80003e18	00334963	blt	x6,x3,80003e2a	  x6:0xfffff883  x3:0xffffffff
      141375000	     14038	80003e2a	01d4aab3	slt	x21,x9,x29	  x9:0x00000000 x29:0x00000001 x21=0x00000001
      141385000	     14039	80003e2e	0d9c	c.addi4spn	x15,x2,720	 x15=0x000002d0
      141395000	     14040	80003e30	03484f63	blt	x16,x20,80003e6e	 x16:0x00000000 x20:0x00000001
      141415000	     14042	80003e6e	6385	c.lui	x7,0x1	  x7=0x00001000
      141425000	     14043	80003e70	01a863b3	or	x7,x16,x26	 x16:0x00000000 x26:0xfffffde3  x7=0xfffffde3
      141435000	     14044	80003e74	8fed	c.and	x15,x11	 x15:0x000002d0 x11:0x00000000 x15=0x00000000
      141445000	     14045	80003e76	0000100f	fence.i	
      141465000	     14047	80003e7a	8cdd	c.or	x9,x15	  x9:0x00000000 x15:0x00000000  x9=0x00000000
      141475000	     14048	80003e7c	717d	c.addi16sp	x2,-16	  x2:0x00000000  x2=0xfffffff0
      141485000	     14049	80003e7e	0031da63	bge	x3,x3,80003e92	  x3:0xffffffff  x3:0xffffffff
      141525000	     14053	80003e92	03efceb3	div	x29,x31,x30	 x31:0x0000000b x30:0x00000000 x29=0xffffffff
      141535000	     14054	80003e96	0998	c.addi4spn	x14,x2,208	 x14=0x000000c0
      141545000	     14055	80003e98	17fd	c.addi	x15,-1	 x15:0x00000000 x15=0xffffffff
      141555000	     14056	80003e9a	8cc9	c.or	x9,x10	  x9:0x00000000 x10:0x00000000  x9=0x00000000
      141575000	     14058	80003e9c	02d84e33	div	x28,x16,x13	 x16:0x00000000 x13:0x00000000 x28=0xffffffff
      141585000	     14059	80003ea0	0001	c.addi	x0,0	  x0:0x00000000  x0=0x00000000
      141595000	     14060	80003ea2	0f21fe93	andi	x29,x3,242	  x3:0xffffffff x29=0x000000f2
      141605000	     14061	80003ea6	0ff0000f	fence	iorw,iorw	
      141615000	     14062	80003eaa	03031563	bne	x6,x16,80003ed4	  x6:0xfffff883 x16:0x00000000
      141665000	     14067	80003ed4	02b02d33	mulhsu	x26,x0,x11	  x0:0x00000000 x11:0x00000000 x26=0x00000000
      141675000	     14068	80003ed8	0001	c.addi	x0,0	  x0:0x00000000  x0=0x00000000
      141695000	     14070	80003eda	02d57eb3	remu	x29,x10,x13	 x10:0x00000000 x13:0x00000000 x29=0x00000000
      141705000	     14071	80003ede	018f3e33	sltu	x28,x30,x24	 x30:0x00000000 x24:0xffffcd58 x28=0x00000001
      141725000	     14073	80003ee2	02947733	remu	x14,x8,x9	  x8:0x00010000  x9:0x00000000 x14=0x00010000
      141765000	     14077	80003ee6	036424b3	mulhsu	x9,x8,x22	  x8:0x00010000 x22:0x00000001  x9=0x00000000
      141775000	     14078	80003eea	00efa933	slt	x18,x31,x14	 x31:0x0000000b x14:0x00010000 x18=0x00000001
      141785000	     14079	80003eee	41940933	sub	x18,x8,x25	  x8:0x00010000 x25:0x80025ce4 x18=0x7ffea31c
      141795000	     14080	80003ef2	7c2b8893	addi	x17,x23,1986	 x23:0x00000000 x17=0x000007c2
      141805000	     14081	80003ef6	413d0033	sub	x0,x26,x19	 x26:0x00000000 x19:0x80021df8  x0=0x00000000
      141815000	     14082	80003efa	ec15	c.bnez	x8,80003f36	  x8:0x00010000
      141845000	     14085	80003f36	58bdf013	andi	x0,x27,1419	 x27:0x00000000  x0=0x00000000
      141855000	     14086	80003f3a	e3b1	c.bnez	x15,80003f7e	 x15:0xffffffff
      141885000	     14089	80003f7e	03dd6363	bltu	x26,x29,80003fa4	 x26:0x00000000 x29:0x00000000
      141895000	     14090	80003f82	0000100f	fence.i	
      141925000	     14093	80003f86	00ea5f33	srl	x30,x20,x14	 x20:0x00000001 x14:0x00010000 x30=0x00000001
      141935000	     14094	80003f8a	04456563	bltu	x10,x4,80003fd4	 x10:0x00000000  x4:0x00000000
      141945000	     14095	80003f8e	ee15	c.bnez	x12,80003fca	 x12:0x00000000
      141985000	     14099	80003f90	0378a533	mulhsu	x10,x17,x23	 x17:0x000007c2 x23:0x00000000 x10=0x00000000
      141995000	     14100	80003f94	0000100f	fence.i	
      142015000	     14102	80003f98	4c212193	slti	x3,x2,1218	  x2:0xfffffff0  x3=0x00000001
      142385000	     14139	80003f9c	03ee6db3	rem	x27,x28,x30	 x28:0x00000001 x30:0x00000001 x27=0x00000000
      142395000	     14140	80003fa0	e0e63737	lui	x14,0xe0e63	 x14=0xe0e63000
      142405000	     14141	80003fa4	01da1863	bne	x20,x29,80003fb4	 x20:0x00000001 x29:0x00000000
      142425000	     14143	80003fb4	9a56	c.add	x20,x21	 x20:0x00000001 x21:0x00000001 x20=0x00000002
      142435000	     14144	80003fb6	012518b3	sll	x17,x10,x18	 x10:0x00000000 x18:0x7ffea31c x17=0x00000000
      142445000	     14145	80003fba	85cf1897	auipc	x17,0x85cf1	 x17=0x05cf4fba
      142455000	     14146	80003fbe	018a9813	slli	x16,x21,0x18	 x21:0x00000001 x16=0x01000000
      142465000	     14147	80003fc2	03f25f63	bge	x4,x31,80004000	  x4:0x00000000 x31:0x0000000b
      142475000	     14148	80003fc6	a6880193	addi	x3,x16,-1432	 x16:0x01000000  x3=0x00fffa68
      142485000	     14149	80003fca	0137f563	bgeu	x15,x19,80003fd4	 x15:0xffffffff x19:0x80021df8
      142505000	     14151	80003fd4	0ff0000f	fence	iorw,iorw	
      142515000	     14152	80003fd8	029fdf63	bge	x31,x9,80004016	 x31:0x0000000b  x9:0x00000000
      142575000	     14158	80004016	030fa6b3	mulhsu	x13,x31,x16	 x31:0x0000000b x16:0x01000000 x13=0x00000000
      142585000	     14159	8000401a	01a15633	srl	x12,x2,x26	  x2:0xfffffff0 x26:0x00000000 x12=0xfffffff0
      142595000	     14160	8000401e	e199	c.bnez	x11,80004024	 x11:0x00000000
      142605000	     14161	80004020	41b500b3	sub	x1,x10,x27	 x10:0x00000000 x27:0x00000000  x1=0x00000000
      142615000	     14162	80004024	01ba20b3	slt	x1,x20,x27	 x20:0x00000002 x27:0x00000000  x1=0x00000000
      142625000	     14163	80004028	0711	c.addi	x14,4	 x14:0xe0e63000 x14=0xe0e63004
      142665000	     14167	8000402a	0221b5b3	mulhu	x11,x3,x2	  x3:0x00fffa68  x2:0xfffffff0 x11=0x00fffa67
      142675000	     14168	8000402e	366a0293	addi	x5,x20,870	 x20:0x00000002  x5=0x00000368
      142715000	     14172	80004032	02ac9433	mulh	x8,x25,x10	 x25:0x80025ce4 x10:0x00000000  x8=0x00000000
      142725000	     14173	80004036	0000100f	fence.i	
      142755000	     14176	8000403a	ecb63137	lui	x2,0xecb63	  x2=0xecb63000
      142765000	     14177	8000403e	414f02b3	sub	x5,x30,x20	 x30:0x00000001 x20:0x00000002  x5=0xffffffff
      142775000	     14178	80004042	3c452a93	slti	x21,x10,964	 x10:0x00000000 x21=0x00000001
      142785000	     14179	80004046	d56bb013	sltiu	x0,x23,-682	 x23:0x00000000  x0=0x00000000
      143155000	     14216	8000404a	0357fe33	remu	x28,x15,x21	 x15:0xffffffff x21:0x00000001 x28=0x00000000
      143175000	     14218	8000404e	02d8f7b3	remu	x15,x17,x13	 x17:0x05cf4fba x13:0x00000000 x15=0x05cf4fba
      143185000	     14219	80004052	eb99	c.bnez	x15,80004068	 x15:0x05cf4fba
      143205000	     14221	80004068	0d8a	c.slli	x27,0x2	 x27:0x00000000 x27=0x00000000
      143215000	     14222	8000406a	1200	c.addi4spn	x8,x2,288	  x8=0xecb63120
      143255000	     14226	8000406c	03e51133	mulh	x2,x10,x30	 x10:0x00000000 x30:0x00000001  x2=0x00000000
      143265000	     14227	80004070	408ad193	srai	x3,x21,0x8	 x21:0x00000001  x3=0x00000000
      143275000	     14228	80004074	003b8d33	add	x26,x23,x3	 x23:0x00000000  x3:0x00000000 x26=0x00000000
      143285000	     14229	80004078	0030bdb3	sltu	x27,x1,x3	  x1:0x00000000  x3:0x00000000 x27=0x00000000
      143295000	     14230	8000407c	00fdda93	srli	x21,x27,0xf	 x27:0x00000000 x21=0x00000000
      143305000	     14231	80004080	00cb3733	sltu	x14,x22,x12	 x22:0x00000001 x12:0xfffffff0 x14=0x00000001
      143315000	     14232	80004084	1c00	c.addi4spn	x8,x2,560	  x8=0x00000230
      143325000	     14233	80004086	9480e113	ori	x2,x1,-1720	  x1:0x00000000  x2=0xfffff948
      143335000	     14234	8000408a	0001	c.addi	x0,0	  x0:0x00000000  x0=0x00000000
      143345000	     14235	8000408c	41fe07b3	sub	x15,x28,x31	 x28:0x00000000 x31:0x0000000b x15=0xfffffff5
      143355000	     14236	80004090	00fd9333	sll	x6,x27,x15	 x27:0x00000000 x15:0xfffffff5  x6=0x00000000
      143365000	     14237	80004094	e3bf3393	sltiu	x7,x30,-453	 x30:0x00000001  x7=0x00000001
      143735000	     14274	80004098	03f25633	divu	x12,x4,x31	  x4:0x00000000 x31:0x0000000b x12=0x00000000
      143745000	     14275	8000409c	92e6	c.add	x5,x25	  x5:0xffffffff x25:0x80025ce4  x5=0x80025ce3
      143755000	     14276	8000409e	0001	c.addi	x0,0	  x0:0x00000000  x0=0x00000000
      143765000	     14277	800040a0	1c08	c.addi4spn	x10,x2,560	 x10=0xfffffb78
      143805000	     14281	800040a2	03629eb3	mulh	x29,x5,x22	  x5:0x80025ce3 x22:0x00000001 x29=0xffffffff
      143845000	     14285	800040a6	03142eb3	mulhsu	x29,x8,x17	  x8:0x00000230 x17:0x05cf4fba x29=0x0000000c
      143855000	     14286	800040aa	8f99	c.sub	x15,x14	 x15:0xfffffff5 x14:0x00000001 x15=0xfffffff4
      143865000	     14287	800040ac	0277f963	bgeu	x15,x7,800040de	 x15:0xfffffff4  x7:0x00000001
      143925000	     14293	800040de	02c49933	mulh	x18,x9,x12	  x9:0x00000000 x12:0x00000000 x18=0x00000000
      143935000	     14294	800040e2	004c3c33	sltu	x24,x24,x4	 x24:0xffffcd58  x4:0x00000000 x24=0x00000000
      143945000	     14295	800040e6	8f25	c.xor	x14,x9	 x14:0x00000001  x9:0x00000000 x14=0x00000001
      143955000	     14296	800040e8	01181193	slli	x3,x16,0x11	 x16:0x01000000  x3=0x00000000
      143965000	     14297	800040ec	03016b63	bltu	x2,x16,80004122	  x2:0xfffff948 x16:0x01000000
      143975000	     14298	800040f0	e41d	c.bnez	x8,8000411e	  x8:0x00000230
      144005000	     14301	8000411e	017668b3	or	x17,x12,x23	 x12:0x00000000 x23:0x00000000 x17=0x00000000
      144025000	     14303	80004122	0266df33	divu	x30,x13,x6	 x13:0x00000000  x6:0x00000000 x30=0xffffffff
      144035000	     14304	80004126	7fb30893	addi	x17,x6,2043	  x6:0x00000000 x17=0x000007fb
      144045000	     14305	8000412a	8599	c.srai	x11,0x6	 x11:0x00fffa67 x11=0x0003ffe9
      144055000	     14306	8000412c	8ecd	c.or	x13,x11	 x13:0x00000000 x11:0x0003ffe9 x13=0x0003ffe9
      144425000	     14343	8000412e	033af2b3	remu	x5,x21,x19	 x21:0x00000000 x19:0x80021df8  x5=0x00000000
      144435000	     14344	80004132	171e2513	slti	x10,x28,369	 x28:0x00000000 x10=0x00000001
      144455000	     14346	80004136	026afdb3	remu	x27,x21,x6	 x21:0x00000000  x6:0x00000000 x27=0x00000000
      144465000	     14347	8000413a	01ec1263	bne	x24,x30,8000413e	 x24:0x00000000 x30:0xffffffff
      144495000	     14350	8000413e	f5767913	andi	x18,x12,-169	 x12:0x00000000 x18=0x00000000
      144505000	     14351	80004142	8c71	c.and	x8,x12	  x8:0x00000230 x12:0x00000000  x8=0x00000000
      144515000	     14352	80004144	0074e5b3	or	x11,x9,x7	  x9:0x00000000  x7:0x00000001 x11=0x00000001
      144525000	     14353	80004148	6b3d	c.lui	x22,0xf	 x22=0x0000f000
      144535000	     14354	8000414a	0169c563	blt	x19,x22,80004154	 x19:0x80021df8 x22:0x0000f000
      144555000	     14356	80004154	405e0033	sub	x0,x28,x5	 x28:0x00000000  x5:0x00000000  x0=0x00000000
      144565000	     14357	80004158	8e59	c.or	x12,x14	 x12:0x00000000 x14:0x00000001 x12=0x00000001
      144585000	     14359	8000415a	03a5d533	divu	x10,x11,x26	 x11:0x00000001 x26:0x00000000 x10=0xffffffff
      144595000	     14360	8000415e	01e8ebb3	or	x23,x17,x30	 x17:0x000007fb x30:0xffffffff x23=0xffffffff
      144605000	     14361	80004162	14fd	c.addi	x9,-1	  x9:0x00000000  x9=0xffffffff
      144615000	     14362	80004164	5a7d	c.li	x20,-1	 x20=0xffffffff
      144625000	     14363	80004166	0306dc63	bge	x13,x16,8000419e	 x13:0x0003ffe9 x16:0x01000000
      144635000	     14364	8000416a	01525733	srl	x14,x4,x21	  x4:0x00000000 x21:0x00000000 x14=0x00000000
      144645000	     14365	8000416e	070e	c.slli	x14,0x3	 x14:0x00000000 x14=0x00000000
      144655000	     14366	80004170	018bd0b3	srl	x1,x23,x24	 x23:0xffffffff x24:0x00000000  x1=0xffffffff
      144695000	     14370	80004174	028b3233	mulhu	x4,x22,x8	 x22:0x0000f000  x8:0x00000000  x4=0x00000000
      144725000	     14373	80004178	03ca0a33	mul	x20,x20,x28	 x20:0xffffffff x28:0x00000000 x20=0x00000000
      144735000	     14374	8000417c	8e3d	c.xor	x12,x15	 x12:0x00000001 x15:0xfffffff4 x12=0xfffffff5
      144745000	     14375	8000417e	86a9	c.srai	x13,0xa	 x13:0x0003ffe9 x13=0x000000ff
      144755000	     14376	80004180	0090d513	srli	x10,x1,0x9	  x1:0xffffffff x10=0x007fffff
      144765000	     14377	80004184	12fd	c.addi	x5,-1	  x5:0x00000000  x5=0xffffffff
      144775000	     14378	80004186	e7013193	sltiu	x3,x2,-400	  x2:0xfffff948  x3=0x00000001
      144785000	     14379	8000418a	65007d13	andi	x26,x0,1616	  x0:0x00000000 x26=0x00000000
      144795000	     14380	8000418e	40ce5613	srai	x12,x28,0xc	 x28:0x00000000 x12=0x00000000
      144805000	     14381	80004192	04551663	bne	x10,x5,800041de	 x10:0x007fffff  x5:0xffffffff
      144825000	     14383	800041de	0001	c.addi	x0,0	  x0:0x00000000  x0=0x00000000
      144865000	     14387	800041e0	0358adb3	mulhsu	x27,x17,x21	 x17:0x000007fb x21:0x00000000 x27=0x00000000
      144885000	     14389	800041e4	0244fbb3	remu	x23,x9,x4	  x9:0xffffffff  x4:0x00000000 x23=0xffffffff
      144895000	     14390	800041e8	ee30e493	ori	x9,x1,-285	  x1:0xffffffff  x9=0xffffffff
      144905000	     14391	800041ec	83ba	c.mv	x7,x14	  x0:0x00000000 x14:0x00000000  x7=0x00000000
      144915000	     14392	800041ee	8e89	c.sub	x13,x10	 x13:0x000000ff x10:0x007fffff x13=0xff800100
      144925000	     14393	800041f0	3ae44d13	xori	x26,x8,942	  x8:0x00000000 x26=0x000003ae
      144935000	     14394	800041f4	004491b3	sll	x3,x9,x4	  x9:0xffffffff  x4:0x00000000  x3=0xffffffff
      144945000	     14395	800041f8	0166a833	slt	x16,x13,x22	 x13:0xff800100 x22:0x0000f000 x16=0x00000001
      144955000	     14396	800041fc	8f49	c.or	x14,x10	 x14:0x00000000 x10:0x007fffff x14=0x007fffff
      144965000	     14397	800041fe	14fd	c.addi	x9,-1	  x9:0xffffffff  x9=0xfffffffe
      144975000	     14398	80004200	011e1563	bne	x28,x17,8000420a	 x28:0x00000000 x17:0x000007fb
      145025000	     14403	8000420a	030a8bb3	mul	x23,x21,x16	 x21:0x00000000 x16:0x00000001 x23=0x00000000
      145395000	     14440	8000420e	0211fab3	remu	x21,x3,x1	  x3:0xffffffff  x1:0xffffffff x21=0x00000000
      145405000	     14441	80004212	051e1263	bne	x28,x17,80004256	 x28:0x00000000 x17:0x000007fb
      145435000	     14444	80004256	01892633	slt	x12,x18,x24	 x18:0x00000000 x24:0x00000000 x12=0x00000000
      145445000	     14445	8000425a	00b6ae33	slt	x28,x13,x11	 x13:0xff800100 x11:0x00000001 x28=0x00000001
      145455000	     14446	8000425e	0230cf63	blt	x1,x3,8000429c	  x1:0xffffffff  x3:0xffffffff
      145465000	     14447	80004262	e582a397	auipc	x7,0xe582a	  x7=0x6582e262
      145475000	     14448	80004266	6825	c.lui	x16,0x9	 x16=0x00009000
      145485000	     14449	80004268	0000100f	fence.i	
      145505000	     14451	8000426c	dbca4237	lui	x4,0xdbca4	  x4=0xdbca4000
      145515000	     14452	80004270	0137a733	slt	x14,x15,x19	 x15:0xfffffff4 x19:0x80021df8 x14=0x00000000
      145525000	     14453	80004274	177d	c.addi	x14,-1	 x14:0x00000000 x14=0xffffffff
      145535000	     14454	80004276	c499	c.beqz	x9,80004284	  x9:0xfffffffe
      145545000	     14455	80004278	00dcf663	bgeu	x25,x13,80004284	 x25:0x80025ce4 x13:0xff800100
      145555000	     14456	8000427c	0f15	c.addi	x30,5	 x30:0xffffffff x30=0x00000004
      145565000	     14457	8000427e	1b7d	c.addi	x22,-1	 x22:0x0000f000 x22=0x0000efff
      145575000	     14458	80004280	856e7613	andi	x12,x28,-1962	 x28:0x00000001 x12=0x00000000
      145585000	     14459	80004284	019f30b3	sltu	x1,x30,x25	 x30:0x00000004 x25:0x80025ce4  x1=0x00000001
      145595000	     14460	80004288	0064c763	blt	x9,x6,80004296	  x9:0xfffffffe  x6:0x00000000
      145615000	     14462	80004296	0001	c.addi	x0,0	  x0:0x00000000  x0=0x00000000
      145625000	     14463	80004298	005de0b3	or	x1,x27,x5	 x27:0x00000000  x5:0xffffffff  x1=0xffffffff
      145635000	     14464	8000429c	0068a5b3	slt	x11,x17,x6	 x17:0x000007fb  x6:0x00000000 x11=0x00000000
      145645000	     14465	800042a0	012aa5b3	slt	x11,x21,x18	 x21:0x00000000 x18:0x00000000 x11=0x00000000
      145655000	     14466	800042a4	9bfd	c.andi	x15,-1	 x15:0xfffffff4 x15=0xfffffff4
      145665000	     14467	800042a6	0099db33	srl	x22,x19,x9	 x19:0x80021df8  x9:0xfffffffe x22=0x00000002
      145675000	     14468	800042aa	1b167513	andi	x10,x12,433	 x12:0x00000000 x10=0x00000000
      145685000	     14469	800042ae	8549	c.srai	x10,0x12	 x10:0x00000000 x10=0x00000000
      145695000	     14470	800042b0	3a3a4293	xori	x5,x20,931	 x20:0x00000000  x5=0x000003a3
      145705000	     14471	800042b4	41e20633	sub	x12,x4,x30	  x4:0xdbca4000 x30:0x00000004 x12=0xdbca3ffc
      145715000	     14472	800042b8	9efa	c.add	x29,x30	 x29:0x0000000c x30:0x00000004 x29=0x00000010
      145725000	     14473	800042ba	8fdd	c.or	x15,x15	 x15:0xfffffff4 x15:0xfffffff4 x15=0xfffffff4
      145735000	     14474	800042bc	003e1093	slli	x1,x28,0x3	 x28:0x00000001  x1=0x00000008
      145745000	     14475	800042c0	01ab7633	and	x12,x22,x26	 x22:0x00000002 x26:0x000003ae x12=0x00000002
      145755000	     14476	800042c4	8cb5	c.xor	x9,x13	  x9:0xfffffffe x13:0xff800100  x9=0x007ffefe
      145775000	     14478	800042c6	0352e533	rem	x10,x5,x21	  x5:0x000003a3 x21:0x00000000 x10=0x000003a3
      145785000	     14479	800042ca	01243433	sltu	x8,x8,x18	  x8:0x00000000 x18:0x00000000  x8=0x00000000
      145825000	     14483	800042ce	03491bb3	mulh	x23,x18,x20	 x18:0x00000000 x20:0x00000000 x23=0x00000000
      146195000	     14520	800042d2	02ea7833	remu	x16,x20,x14	 x20:0x00000000 x14:0xffffffff x16=0x00000000
      146205000	     14521	800042d6	6151	c.addi16sp	x2,272	  x2:0xfffff948  x2=0xfffffa58
      146215000	     14522	800042d8	41d853b3	sra	x7,x16,x29	 x16:0x00000000 x29:0x00000010  x7=0x00000000
      146225000	     14523	800042dc	0001	c.addi	x0,0	  x0:0x00000000  x0=0x00000000
      146235000	     14524	800042de	befa25b7	lui	x11,0xbefa2	 x11=0xbefa2000
      146245000	     14525	800042e2	0104ae33	slt	x28,x9,x16	  x9:0x007ffefe x16:0x00000000 x28=0x00000000
      146255000	     14526	800042e6	6d75	c.lui	x26,0x1d	 x26=0x0001d000
      146265000	     14527	800042e8	8e81	c.sub	x13,x8	 x13:0xff800100  x8:0x00000000 x13=0xff800100
      146275000	     14528	800042ea	0001	c.addi	x0,0	  x0:0x00000000  x0=0x00000000
      146285000	     14529	800042ec	411056b3	sra	x13,x0,x17	  x0:0x00000000 x17:0x000007fb x13=0x00000000
      146295000	     14530	800042f0	408a5513	srai	x10,x20,0x8	 x20:0x00000000 x10=0x00000000
      146325000	     14533	800042f4	036c8bb3	mul	x23,x25,x22	 x25:0x80025ce4 x22:0x00000002 x23=0x0004b9c8
      146695000	     14570	800042f8	02e944b3	div	x9,x18,x14	 x18:0x00000000 x14:0xffffffff  x9=0x00000000
      146705000	     14571	800042fc	0000100f	fence.i	
      146725000	     14573	80004300	0001	c.addi	x0,0	  x0:0x00000000  x0=0x00000000
      146735000	     14574	80004302	009cc633	xor	x12,x25,x9	 x25:0x80025ce4  x9:0x00000000 x12=0x80025ce4
      146745000	     14575	80004306	0001	c.addi	x0,0	  x0:0x00000000  x0=0x00000000
      146765000	     14577	80004308	032f5133	divu	x2,x30,x18	 x30:0x00000004 x18:0x00000000  x2=0xffffffff
      146775000	     14578	8000430c	8199	c.srli	x11,0x6	 x11:0xbefa2000 x11=0x02fbe880
      146785000	     14579	8000430e	0baccd93	xori	x27,x25,186	 x25:0x80025ce4 x27=0x80025c5e
      146795000	     14580	80004312	0001	c.addi	x0,0	  x0:0x00000000  x0=0x00000000
      146805000	     14581	80004314	0086f463	bgeu	x13,x8,8000431c	 x13:0x00000000  x8:0x00000000
      146825000	     14583	8000431c	a4c8ae93	slti	x29,x17,-1460	 x17:0x000007fb x29=0x00000000
      146835000	     14584	80004320	01b64563	blt	x12,x27,8000432a	 x12:0x80025ce4 x27:0x80025c5e
      146845000	     14585	80004324	8cd9	c.or	x9,x14	  x9:0x00000000 x14:0xffffffff  x9=0xffffffff
      146855000	     14586	80004326	001fc633	xor	x12,x31,x1	 x31:0x0000000b  x1:0x00000008 x12=0x00000003
      146865000	     14587	8000432a	436d	c.li	x6,27	  x6=0x0000001b
      146875000	     14588	8000432c	41635633	sra	x12,x6,x22	  x6:0x0000001b x22:0x00000002 x12=0x00000006
      146885000	     14589	80004330	0ab2	c.slli	x21,0xc	 x21:0x00000000 x21=0x00000000
      146895000	     14590	80004332	8969	c.andi	x10,26	 x10:0x00000000 x10=0x00000000
      146905000	     14591	80004334	e90d3a13	sltiu	x20,x26,-368	 x26:0x0001d000 x20=0x00000001
      146915000	     14592	80004338	6e21	c.lui	x28,0x8	 x28=0x00008000
      146925000	     14593	8000433a	02c79d63	bne	x15,x12,80004374	 x15:0xfffffff4 x12:0x00000006
      146945000	     14595	80004374	01233e33	sltu	x28,x6,x18	  x6:0x0000001b x18:0x00000000 x28=0x00000000
      147315000	     14632	80004378	02f8f633	remu	x12,x17,x15	 x17:0x000007fb x15:0xfffffff4 x12=0x000007fb
      147325000	     14633	8000437c	31e7f037	lui	x0,0x31e7f	  x0=0x00000000
      147335000	     14634	80004380	0669	c.addi	x12,26	 x12:0x000007fb x12=0x00000815
      147345000	     14635	80004382	0ff0000f	fence	iorw,iorw	
      147355000	     14636	80004386	1084	c.addi4spn	x9,x2,96	  x9=0x0000005f
      147365000	     14637	80004388	0050b033	sltu	x0,x1,x5	  x1:0x00000008  x5:0x000003a3  x0=0x00000000
      147375000	     14638	8000438c	2e296d13	ori	x26,x18,738	 x18:0x00000000 x26=0x000002e2
      147385000	     14639	80004390	05a19063	bne	x3,x26,800043d0	  x3:0xffffffff x26:0x000002e2
      147435000	     14644	800043d0	02783633	mulhu	x12,x16,x7	 x16:0x00000000  x7:0x00000000 x12=0x00000000
      147445000	     14645	800043d4	32dcc893	xori	x17,x25,813	 x25:0x80025ce4 x17=0x80025fc9
      147455000	     14646	800043d8	003d9293	slli	x5,x27,0x3	 x27:0x80025c5e  x5=0x0012e2f0
      147465000	     14647	800043dc	0001	c.addi	x0,0	  x0:0x00000000  x0=0x00000000
      147475000	     14648	800043de	401ad933	sra	x18,x21,x1	 x21:0x00000000  x1:0x00000008 x18=0x00000000
      147485000	     14649	800043e2	407484b3	sub	x9,x9,x7	  x9:0x0000005f  x7:0x00000000  x9=0x0000005f
      147495000	     14650	800043e6	0001	c.addi	x0,0	  x0:0x00000000  x0=0x00000000
      147505000	     14651	800043e8	d6d0f837	lui	x16,0xd6d0f	 x16=0xd6d0f000
      147515000	     14652	800043ec	009a0433	add	x8,x20,x9	 x20:0x00000001  x9:0x0000005f  x8=0x00000060
      147525000	     14653	800043f0	01acd133	srl	x2,x25,x26	 x25:0x80025ce4 x26:0x000002e2  x2=0x20009739
      147535000	     14654	800043f4	01c74663	blt	x14,x28,80004400	 x14:0xffffffff x28:0x00000000
      147555000	     14656	80004400	9c3a	c.add	x24,x14	 x24:0x00000000 x14:0xffffffff x24=0xffffffff
      147565000	     14657	80004402	651d	c.lui	x10,0x7	 x10=0x00007000
      147575000	     14658	80004404	9e72	c.add	x28,x28	 x28:0x00000000 x28:0x00000000 x28=0x00000000
      147585000	     14659	80004406	0000100f	fence.i	
      147975000	     14698	8000440a	033868b3	rem	x17,x16,x19	 x16:0xd6d0f000 x19:0x80021df8 x17=0xd6d0f000
      147985000	     14699	8000440e	047bf163	bgeu	x23,x7,80004450	 x23:0x0004b9c8  x7:0x00000000
      148005000	     14701	80004450	00b504b3	add	x9,x10,x11	 x10:0x00007000 x11:0x02fbe880  x9=0x02fc5880
      148015000	     14702	80004454	67747e93	andi	x29,x8,1655	  x8:0x00000060 x29=0x00000060
      148025000	     14703	80004458	8e9d	c.sub	x13,x15	 x13:0x00000000 x15:0xfffffff4 x13=0x0000000c
      148395000	     14740	8000445a	031aff33	remu	x30,x21,x17	 x21:0x00000000 x17:0xd6d0f000 x30=0x00000000
      148405000	     14741	8000445e	2bc76593	ori	x11,x14,700	 x14:0xffffffff x11=0xffffffff
      148415000	     14742	80004462	8c5d	c.or	x8,x15	  x8:0x00000060 x15:0xfffffff4  x8=0xfffffff4
      148425000	     14743	80004464	458d	c.li	x11,3	 x11=0x00000003
      148435000	     14744	80004466	016a9613	slli	x12,x21,0x16	 x21:0x00000000 x12=0x00000000
      148805000	     14781	8000446a	0372c533	div	x10,x5,x23	  x5:0x0012e2f0 x23:0x0004b9c8 x10=0x00000003
      148815000	     14782	8000446e	e73b2213	slti	x4,x22,-397	 x22:0x00000002  x4=0x00000000
      148825000	     14783	80004472	0000100f	fence.i	
      148855000	     14786	80004476	008adeb3	srl	x29,x21,x8	 x21:0x00000000  x8:0xfffffff4 x29=0x00000000
      148865000	     14787	8000447a	0184fbb3	and	x23,x9,x24	  x9:0x02fc5880 x24:0xffffffff x23=0x02fc5880
      148875000	     14788	8000447e	81fd	c.srli	x11,0x1f	 x11:0x00000003 x11=0x00000000
      149245000	     14825	80004480	02596db3	rem	x27,x18,x5	 x18:0x00000000  x5:0x0012e2f0 x27=0x00000000
      149255000	     14826	80004484	01606533	or	x10,x0,x22	  x0:0x00000000 x22:0x00000002 x10=0x00000002
      149265000	     14827	80004488	841e	c.mv	x8,x7	  x0:0x00000000  x7:0x00000000  x8=0x00000000
      149275000	     14828	8000448a	b4a82d13	slti	x26,x16,-1206	 x16:0xd6d0f000 x26=0x00000001
      149285000	     14829	8000448e	018f1593	slli	x11,x30,0x18	 x30:0x00000000 x11=0x00000000
      149295000	     14830	80004492	409bd693	srai	x13,x23,0x9	 x23:0x02fc5880 x13=0x00017e2c
      149305000	     14831	80004496	51fd	c.li	x3,-1	  x3=0xffffffff
      149315000	     14832	80004498	00411133	sll	x2,x2,x4	  x2:0x20009739  x4:0x00000000  x2=0x20009739
      149325000	     14833	8000449c	00ce1f63	bne	x28,x12,800044ba	 x28:0x00000000 x12:0x00000000
      149335000	     14834	800044a0	a771ef17	auipc	x30,0xa771e	 x30=0x277224a0
      149345000	     14835	800044a4	049f7063	bgeu	x30,x9,800044e4	 x30:0x277224a0  x9:0x02fc5880
      149365000	     14837	800044e4	e285	c.bnez	x13,80004504	 x13:0x00017e2c
      149415000	     14842	80004504	0313af33	mulhsu	x30,x7,x17	  x7:0x00000000 x17:0xd6d0f000 x30=0x00000000
      149785000	     14879	80004508	034de133	rem	x2,x27,x20	 x27:0x00000000 x20:0x00000001  x2=0x00000000
      149795000	     14880	8000450c	739de393	ori	x7,x27,1849	 x27:0x00000000  x7=0x00000739
      149805000	     14881	80004510	091a	c.slli	x18,0x6	 x18:0x00000000 x18=0x00000000
      149815000	     14882	80004512	0116b1b3	sltu	x3,x13,x17	 x13:0x00017e2c x17:0xd6d0f000  x3=0x00000001
      149825000	     14883	80004516	0001	c.addi	x0,0	  x0:0x00000000  x0=0x00000000
      150195000	     14920	80004518	0291c633	div	x12,x3,x9	  x3:0x00000001  x9:0x02fc5880 x12=0x00000000
      150205000	     14921	8000451c	0001	c.addi	x0,0	  x0:0x00000000  x0=0x00000000
      150215000	     14922	8000451e	4113db13	srai	x22,x7,0x11	  x7:0x00000739 x22=0x00000000
      150225000	     14923	80004522	8e1d	c.sub	x12,x15	 x12:0x00000000 x15:0xfffffff4 x12=0x0000000c
      150235000	     14924	80004524	07573193	sltiu	x3,x14,117	 x14:0xffffffff  x3=0x00000000
      150245000	     14925	80004528	84cd6093	ori	x1,x26,-1972	 x26:0x00000001  x1=0xfffff84d
      150255000	     14926	8000452c	0000100f	fence.i	
      150275000	     14928	80004530	8151	c.srli	x10,0x14	 x10:0x00000002 x10=0x00000000
      150285000	     14929	80004532	814e	c.mv	x2,x19	  x0:0x00000000 x19:0x80021df8  x2=0x80021df8
      150295000	     14930	80004534	00533333	sltu	x6,x6,x5	  x6:0x0000001b  x5:0x0012e2f0  x6=0x00000001
      150305000	     14931	80004538	01f9a933	slt	x18,x19,x31	 x19:0x80021df8 x31:0x0000000b x18=0x00000001
      150315000	     14932	8000453c	0b84	c.addi4spn	x9,x2,464	  x9=0x80021fc8
      150325000	     14933	8000453e	0143d493	srli	x9,x7,0x14	  x7:0x00000739  x9=0x00000000
      150695000	     14970	80004542	03706a33	rem	x20,x0,x23	  x0:0x00000000 x23:0x02fc5880 x20=0x00000000
      150705000	     14971	80004546	1e7d	c.addi	x28,-1	 x28:0x00000000 x28=0xffffffff
      151075000	     15008	80004548	02647033	remu	x0,x8,x6	  x8:0x00000000  x6:0x00000001  x0=0x00000000
      151085000	     15009	8000454c	8846	c.mv	x16,x17	  x0:0x00000000 x17:0xd6d0f000 x16=0xd6d0f000
      151095000	     15010	8000454e	0001	c.addi	x0,0	  x0:0x00000000  x0=0x00000000
      151105000	     15011	80004550	00f96a33	or	x20,x18,x15	 x18:0x00000001 x15:0xfffffff4 x20=0xfffffff5
      151115000	     15012	80004554	007f1933	sll	x18,x30,x7	 x30:0x00000000  x7:0x00000739 x18=0x00000000
      151125000	     15013	80004558	97b2	c.add	x15,x12	 x15:0xfffffff4 x12:0x0000000c x15=0x00000000
      151135000	     15014	8000455a	01da35b3	sltu	x11,x20,x29	 x20:0xfffffff5 x29:0x00000000 x11=0x00000000
      151175000	     15018	8000455e	03f8ad33	mulhsu	x26,x17,x31	 x17:0xd6d0f000 x31:0x0000000b x26=0xfffffffe
      151185000	     15019	80004562	8f05	c.sub	x14,x9	 x14:0xffffffff  x9:0x00000000 x14=0xffffffff
      151195000	     15020	80004564	4020d5b3	sra	x11,x1,x2	  x1:0xfffff84d  x2:0x80021df8 x11=0xffffffff
      151205000	     15021	80004568	987d	c.andi	x8,-1	  x8:0x00000000  x8=0x00000000
      151215000	     15022	8000456a	1d00	c.addi4spn	x8,x2,688	  x8=0x800220a8
      151255000	     15026	8000456c	03492e33	mulhsu	x28,x18,x20	 x18:0x00000000 x20:0xfffffff5 x28=0x00000000
      151265000	     15027	80004570	00bb7663	bgeu	x22,x11,8000457c	 x22:0x00000000 x11:0xffffffff
      151275000	     15028	80004574	b61d2613	slti	x12,x26,-1183	 x26:0xfffffffe x12=0x00000000
      151285000	     15029	80004578	b33abd13	sltiu	x26,x21,-1229	 x21:0x00000000 x26=0x00000001
      151295000	     15030	8000457c	d1e67493	andi	x9,x12,-738	 x12:0x00000000  x9=0x00000000
      151305000	     15031	80004580	8edd	c.or	x13,x15	 x13:0x00017e2c x15:0x00000000 x13=0x00017e2c
      151315000	     15032	80004582	ce994db7	lui	x27,0xce994	 x27=0xce994000
      151335000	     15034	80004586	02014833	div	x16,x2,x0	  x2:0x80021df8  x0:0x00000000 x16=0xffffffff
      151345000	     15035	8000458a	4a89	c.li	x21,2	 x21=0x00000002
      151375000	     15038	8000458c	03b180b3	mul	x1,x3,x27	  x3:0x00000000 x27:0xce994000  x1=0x00000000
      151385000	     15039	80004590	37584913	xori	x18,x16,885	 x16:0xffffffff x18=0xfffffc8a
      151395000	     15040	80004594	01153933	sltu	x18,x10,x17	 x10:0x00000000 x17:0xd6d0f000 x18=0x00000001
      151405000	     15041	80004598	01a66db3	or	x27,x12,x26	 x12:0x00000000 x26:0x00000001 x27=0x00000001
      151415000	     15042	8000459c	c209	c.beqz	x12,8000459e	 x12:0x00000000
      151445000	     15045	8000459e	00b755b3	srl	x11,x14,x11	 x14:0xffffffff x11:0xffffffff x11=0x00000001
      151455000	     15046	800045a2	ea89	c.bnez	x13,800045b4	 x13:0x00017e2c
      151485000	     15049	800045b4	020e5633	divu	x12,x28,x0	 x28:0x00000000  x0:0x00000000 x12=0xffffffff
      151495000	     15050	800045b8	869d	c.srai	x13,0x7	 x13:0x00017e2c x13=0x000002fc
      151505000	     15051	800045ba	400801b3	sub	x3,x16,x0	 x16:0xffffffff  x0:0x00000000  x3=0xffffffff
      151515000	     15052	800045be	88aa	c.mv	x17,x10	  x0:0x00000000 x10:0x00000000 x17=0x00000000
      151525000	     15053	800045c0	0ff0000f	fence	iorw,iorw	
      151535000	     15054	800045c4	00d46863	bltu	x8,x13,800045d4	  x8:0x800220a8 x13:0x000002fc
      151545000	     15055	800045c8	07d58113	addi	x2,x11,125	 x11:0x00000001  x2=0x0000007e
      151555000	     15056	800045cc	0191a5b3	slt	x11,x3,x25	  x3:0xffffffff x25:0x80025ce4 x11=0x00000000
      151565000	     15057	800045d0	40892f13	slti	x30,x18,1032	 x18:0x00000001 x30=0x00000001
      151575000	     15058	800045d4	41320e33	sub	x28,x4,x19	  x4:0x00000000 x19:0x80021df8 x28=0x7ffde208
      151585000	     15059	800045d8	4099d933	sra	x18,x19,x9	 x19:0x80021df8  x9:0x00000000 x18=0x80021df8
      151595000	     15060	800045dc	8b310593	addi	x11,x2,-1869	  x2:0x0000007e x11=0xfffff931
      151605000	     15061	800045e0	004f9133	sll	x2,x31,x4	 x31:0x0000000b  x4:0x00000000  x2=0x0000000b
      151615000	     15062	800045e4	8d8d	c.sub	x11,x11	 x11:0xfffff931 x11:0xfffff931 x11=0x00000000
      151625000	     15063	800045e6	00b12633	slt	x12,x2,x11	  x2:0x0000000b x11:0x00000000 x12=0x00000000
      151635000	     15064	800045ea	000af363	bgeu	x21,x0,800045f0	 x21:0x00000002  x0:0x00000000
      151655000	     15066	800045f0	01c91f33	sll	x30,x18,x28	 x18:0x80021df8 x28:0x7ffde208 x30=0x021df800
      151665000	     15067	800045f4	00801f33	sll	x30,x0,x8	  x0:0x00000000  x8:0x800220a8 x30=0x00000000
      151705000	     15071	800045f8	03ec90b3	mulh	x1,x25,x30	 x25:0x80025ce4 x30:0x00000000  x1=0x00000000
      151715000	     15072	800045fc	0001	c.addi	x0,0	  x0:0x00000000  x0=0x00000000
      151725000	     15073	800045fe	9af2	c.add	x21,x28	 x21:0x00000002 x28:0x7ffde208 x21=0x7ffde20a
      151735000	     15074	80004600	00989633	sll	x12,x17,x9	 x17:0x00000000  x9:0x00000000 x12=0x00000000
      151765000	     15077	80004604	02ba85b3	mul	x11,x21,x11	 x21:0x7ffde20a x11:0x00000000 x11=0x00000000
      151775000	     15078	80004608	00678eb3	add	x29,x15,x6	 x15:0x00000000  x6:0x00000001 x29=0x00000001
      151785000	     15079	8000460c	8d6a	c.mv	x26,x26	  x0:0x00000000 x26:0x00000001 x26=0x00000001
      151795000	     15080	8000460e	04bf4263	blt	x30,x11,80004652	 x30:0x00000000 x11:0x00000000
      151805000	     15081	80004612	0000100f	fence.i	
      151835000	     15084	80004616	962b7913	andi	x18,x22,-1694	 x22:0x00000000 x18=0x00000000
      151845000	     15085	8000461a	007a1f13	slli	x30,x20,0x7	 x20:0xfffffff5 x30=0xfffffa80
      151855000	     15086	8000461e	414f83b3	sub	x7,x31,x20	 x31:0x0000000b x20:0xfffffff5  x7=0x00000016
      151865000	     15087	80004622	8e25	c.xor	x12,x9	 x12:0x00000000  x9:0x00000000 x12=0x00000000
      151875000	     15088	80004624	6e39	c.lui	x28,0xe	 x28=0x0000e000
      151885000	     15089	80004626	8d1e	c.mv	x26,x7	  x0:0x00000000  x7:0x00000016 x26=0x00000016
      151895000	     15090	80004628	40fadab3	sra	x21,x21,x15	 x21:0x7ffde20a x15:0x00000000 x21=0x7ffde20a
      152265000	     15127	8000462c	025666b3	rem	x13,x12,x5	 x12:0x00000000  x5:0x0012e2f0 x13=0x00000000
      152275000	     15128	80004630	00bc5633	srl	x12,x24,x11	 x24:0xffffffff x11:0x00000000 x12=0xffffffff
      152285000	     15129	80004634	8d1e	c.mv	x26,x7	  x0:0x00000000  x7:0x00000016 x26=0x00000016
      152295000	     15130	80004636	e01d	c.bnez	x8,8000465c	  x8:0x800220a8
      152315000	     15132	8000465c	9d70ed93	ori	x27,x1,-1577	  x1:0x00000000 x27=0xfffff9d7
      152335000	     15134	80004660	02924933	div	x18,x4,x9	  x4:0x00000000  x9:0x00000000 x18=0xffffffff
      152345000	     15135	80004664	013e9b63	bne	x29,x19,8000467a	 x29:0x00000001 x19:0x80021df8
      152365000	     15137	8000467a	8099	c.srli	x9,0x6	  x9:0x00000000  x9=0x00000000
      152375000	     15138	8000467c	eb9d	c.bnez	x15,800046b2	 x15:0x00000000
      152385000	     15139	8000467e	0436b613	sltiu	x12,x13,67	 x13:0x00000000 x12=0x00000001
      152395000	     15140	80004682	018b9db3	sll	x27,x23,x24	 x23:0x02fc5880 x24:0xffffffff x27=0x00000000
      152425000	     15143	80004686	03160e33	mul	x28,x12,x17	 x12:0x00000001 x17:0x00000000 x28=0x00000000
      152435000	     15144	8000468a	fb0b3737	lui	x14,0xfb0b3	 x14=0xfb0b3000
      152445000	     15145	8000468e	8fd1	c.or	x15,x12	 x15:0x00000000 x12:0x00000001 x15=0x00000001
      152455000	     15146	80004690	8925	c.andi	x10,9	 x10:0x00000000 x10=0x00000000
      152465000	     15147	80004692	0058af33	slt	x30,x17,x5	 x17:0x00000000  x5:0x0012e2f0 x30=0x00000001
      152475000	     15148	80004696	0000100f	fence.i	
      152495000	     15150	8000469a	c399	c.beqz	x15,800046a0	 x15:0x00000001
      152505000	     15151	8000469c	008462b3	or	x5,x8,x8	  x8:0x800220a8  x8:0x800220a8  x5=0x800220a8
      152515000	     15152	800046a0	02f2	c.slli	x5,0x1c	  x5:0x800220a8  x5=0x80000000
      152525000	     15153	800046a2	1d18	c.addi4spn	x14,x2,688	 x14=0x000002bb
      152535000	     15154	800046a4	8f31	c.xor	x14,x12	 x14:0x000002bb x12:0x00000001 x14=0x000002ba
      152545000	     15155	800046a6	682b37b7	lui	x15,0x682b3	 x15=0x682b3000
      152555000	     15156	800046aa	52fd	c.li	x5,-1	  x5=0xffffffff
      152565000	     15157	800046ac	02735a63	bge	x6,x7,800046e0	  x6:0x00000001  x7:0x00000016
      152575000	     15158	800046b0	091e	c.slli	x18,0x7	 x18:0xffffffff x18=0xffffff80
      152585000	     15159	800046b2	85c9	c.srai	x11,0x12	 x11:0x00000000 x11=0x00000000
      152595000	     15160	800046b4	4055d693	srai	x13,x11,0x5	 x11:0x00000000 x13=0x00000000
      152635000	     15164	800046b8	02533db3	mulhu	x27,x6,x5	  x6:0x00000001  x5:0xffffffff x27=0x00000000
      152645000	     15165	800046bc	1d7d	c.addi	x26,-1	 x26:0x00000016 x26=0x00000015
      152655000	     15166	800046be	09dc2d13	slti	x26,x24,157	 x24:0xffffffff x26=0x00000001
      152665000	     15167	800046c2	1a08	c.addi4spn	x10,x2,304	 x10=0x0000013b
      152675000	     15168	800046c4	8f49	c.or	x14,x10	 x14:0x000002ba x10:0x0000013b x14=0x000003bb
      152685000	     15169	800046c6	8390c013	xori	x0,x1,-1991	  x1:0x00000000  x0=0x00000000
      152695000	     15170	800046ca	8f4a	c.mv	x30,x18	  x0:0x00000000 x18:0xffffff80 x30=0xffffff80
      152705000	     15171	800046cc	0001	c.addi	x0,0	  x0:0x00000000  x0=0x00000000
      152745000	     15175	800046ce	022f26b3	mulhsu	x13,x30,x2	 x30:0xffffff80  x2:0x0000000b x13=0xffffffff
      152755000	     15176	800046d2	825e	c.mv	x4,x23	  x0:0x00000000 x23:0x02fc5880  x4=0x02fc5880
      152765000	     15177	800046d4	01ebbc33	sltu	x24,x23,x30	 x23:0x02fc5880 x30:0xffffff80 x24=0x00000001
      152775000	     15178	800046d8	dab90697	auipc	x13,0xdab90	 x13=0x5ab946d8
      152785000	     15179	800046dc	f81003b7	lui	x7,0xf8100	  x7=0xf8100000
      153155000	     15216	800046e0	025c67b3	rem	x15,x24,x5	 x24:0x00000001  x5:0xffffffff x15=0x00000000
      153165000	     15217	800046e4	0bf6	c.slli	x23,0x1d	 x23:0x02fc5880 x23=0x00000000
      153175000	     15218	800046e6	9372	c.add	x6,x28	  x6:0x00000001 x28:0x00000000  x6=0x00000001
      153185000	     15219	800046e8	8159	c.srli	x10,0x16	 x10:0x0000013b x10=0x00000000
      153195000	     15220	800046ea	a7da3c13	sltiu	x24,x20,-1411	 x20:0xfffffff5 x24=0x00000000
      153205000	     15221	800046ee	0001	c.addi	x0,0	  x0:0x00000000  x0=0x00000000
      153235000	     15224	800046f0	02520533	mul	x10,x4,x5	  x4:0x02fc5880  x5:0xffffffff x10=0xfd03a780
      153245000	     15225	800046f4	717d	c.addi16sp	x2,-16	  x2:0x0000000b  x2=0xfffffffb
      153255000	     15226	800046f6	1580	c.addi4spn	x8,x2,736	  x8=0x000002db
      153295000	     15230	800046f8	02c8b333	mulhu	x6,x17,x12	 x17:0x00000000 x12:0x00000001  x6=0x00000000
      153305000	     15231	800046fc	0ff0000f	fence	iorw,iorw	
      153315000	     15232	80004700	98fd	c.andi	x9,-1	  x9:0x00000000  x9=0x00000000
      153325000	     15233	80004702	0d91	c.addi	x27,4	 x27:0x00000000 x27=0x00000004
      153335000	     15234	80004704	010423b3	slt	x7,x8,x16	  x8:0x000002db x16:0xffffffff  x7=0x00000000
      153345000	     15235	80004708	0ff0000f	fence	iorw,iorw	
      153715000	     15272	8000470c	03f24f33	div	x30,x4,x31	  x4:0x02fc5880 x31:0x0000000b x30=0x00457c68
      154085000	     15309	80004710	034be033	rem	x0,x23,x20	 x23:0x00000000 x20:0xfffffff5  x0=0x00000000
      154095000	     15310	80004714	01230a33	add	x20,x6,x18	  x6:0x00000000 x18:0xffffff80 x20=0xffffff80
      154105000	     15311	80004718	1f7d	c.addi	x30,-1	 x30:0x00457c68 x30=0x00457c67
      154115000	     15312	8000471a	01e96f33	or	x30,x18,x30	 x18:0xffffff80 x30:0x00457c67 x30=0xffffffe7
      154125000	     15313	8000471e	614d	c.addi16sp	x2,176	  x2:0xfffffffb  x2=0x000000ab
      154135000	     15314	80004720	00d3f463	bgeu	x7,x13,80004728	  x7:0x00000000 x13:0x5ab946d8
      154145000	     15315	80004724	82a9	c.srli	x13,0xa	 x13:0x5ab946d8 x13=0x0016ae51
      154155000	     15316	80004726	ca1d	c.beqz	x12,8000475c	 x12:0x00000001
      154165000	     15317	80004728	8d89	c.sub	x11,x10	 x11:0x00000000 x10:0xfd03a780 x11=0x02fc5880
      154175000	     15318	8000472a	0e55	c.addi	x28,21	 x28:0x00000000 x28=0x00000015
      154185000	     15319	8000472c	03ef6663	bltu	x30,x30,80004758	 x30:0xffffffe7 x30:0xffffffe7
      154195000	     15320	80004730	00b85913	srli	x18,x16,0xb	 x16:0xffffffff x18=0x001fffff
      154235000	     15324	80004734	026915b3	mulh	x11,x18,x6	 x18:0x001fffff  x6:0x00000000 x11=0x00000000
      154245000	     15325	80004738	07b9	c.addi	x15,14	 x15:0x00000000 x15=0x0000000e
      154285000	     15329	8000473a	0288bab3	mulhu	x21,x17,x8	 x17:0x00000000  x8:0x000002db x21=0x00000000
      154295000	     15330	8000473e	e9c34793	xori	x15,x6,-356	  x6:0x00000000 x15=0xfffffe9c
      154305000	     15331	80004742	65a1	c.lui	x11,0x8	 x11=0x00008000
      154315000	     15332	80004744	02191b63	bne	x18,x1,8000477a	 x18:0x001fffff  x1:0x00000000
      154345000	     15335	8000477a	40fcd113	srai	x2,x25,0xf	 x25:0x80025ce4  x2=0xffff0004
      154355000	     15336	8000477e	9a46	c.add	x20,x17	 x20:0xffffff80 x17:0x00000000 x20=0xffffff80
      154365000	     15337	80004780	e711	c.bnez	x14,8000478c	 x14:0x000003bb
      154385000	     15339	8000478c	01dd7f33	and	x30,x26,x29	 x26:0x00000001 x29:0x00000001 x30=0x00000001
      154395000	     15340	80004790	c691e493	ori	x9,x3,-919	  x3:0xffffffff  x9=0xffffffff
      154405000	     15341	80004794	05a0c263	blt	x1,x26,800047d8	  x1:0x00000000 x26:0x00000001
      154425000	     15343	800047d8	01363a33	sltu	x20,x12,x19	 x12:0x00000001 x19:0x80021df8 x20=0x00000001
      154435000	     15344	800047dc	8e45	c.or	x12,x9	 x12:0x00000001  x9:0xffffffff x12=0xffffffff
      154445000	     15345	800047de	012e9763	bne	x29,x18,800047ec	 x29:0x00000001 x18:0x001fffff
      154465000	     15347	800047ec	8ee1	c.and	x13,x8	 x13:0x0016ae51  x8:0x000002db x13=0x00000251
      154475000	     15348	800047ee	8152	c.mv	x2,x20	  x0:0x00000000 x20:0x00000001  x2=0x00000001
      154485000	     15349	800047f0	0001	c.addi	x0,0	  x0:0x00000000  x0=0x00000000
      154855000	     15386	800047f2	02d2d833	divu	x16,x5,x13	  x5:0xffffffff x13:0x00000251 x16=0x006e8419
      154865000	     15387	800047f6	7028a493	slti	x9,x17,1794	 x17:0x00000000  x9=0x00000001
      154875000	     15388	800047fa	0ff0000f	fence	iorw,iorw	
      154885000	     15389	800047fe	00a4d033	srl	x0,x9,x10	  x9:0x00000001 x10:0xfd03a780  x0=0x00000000
      154895000	     15390	80004802	62443317	auipc	x6,0x62443	  x6=0xe2447802
      154905000	     15391	80004806	011c9093	slli	x1,x25,0x11	 x25:0x80025ce4  x1=0xb9c80000
      154915000	     15392	8000480a	0001	c.addi	x0,0	  x0:0x00000000  x0=0x00000000
      154925000	     15393	8000480c	016b77b3	and	x15,x22,x22	 x22:0x00000000 x22:0x00000000 x15=0x00000000
      154935000	     15394	80004810	04081063	bne	x16,x0,80004850	 x16:0x006e8419  x0:0x00000000
      154955000	     15396	80004850	0001	c.addi	x0,0	  x0:0x00000000  x0=0x00000000
      154965000	     15397	80004852	ef09	c.bnez	x14,8000486c	 x14:0x000003bb
      154985000	     15399	8000486c	00c5d713	srli	x14,x11,0xc	 x11:0x00008000 x14=0x00000008
      155025000	     15403	80004870	03c41533	mulh	x10,x8,x28	  x8:0x000002db x28:0x00000015 x10=0x00000000
      155035000	     15404	80004874	641d	c.lui	x8,0x7	  x8=0x00007000
      155045000	     15405	80004876	049c	c.addi4spn	x15,x2,576	 x15=0x00000241
      155055000	     15406	80004878	010dff63	bgeu	x27,x16,80004896	 x27:0x00000004 x16:0x006e8419
      155065000	     15407	8000487c	8c65	c.and	x8,x9	  x8:0x00007000  x9:0x00000001  x8=0x00000000
      155075000	     15408	8000487e	0672b693	sltiu	x13,x5,103	  x5:0xffffffff x13=0x00000000
      155085000	     15409	80004882	0001	c.addi	x0,0	  x0:0x00000000  x0=0x00000000
      155125000	     15413	80004884	029fa733	mulhsu	x14,x31,x9	 x31:0x0000000b  x9:0x00000001 x14=0x00000000
      155135000	     15414	80004888	9b562593	slti	x11,x12,-1611	 x12:0xffffffff x11=0x00000000
      155175000	     15418	8000488c	0244b133	mulhu	x2,x9,x4	  x9:0x00000001  x4:0x02fc5880  x2=0x00000000
      155545000	     15455	80004890	03024433	div	x8,x4,x16	  x4:0x02fc5880 x16:0x006e8419  x8=0x00000006
      155555000	     15456	80004894	717d	c.addi16sp	x2,-16	  x2:0x00000000  x2=0xfffffff0
      155565000	     15457	80004896	05f11363	bne	x2,x31,800048dc	  x2:0xfffffff0 x31:0x0000000b
      155585000	     15459	800048dc	8d52	c.mv	x26,x20	  x0:0x00000000 x20:0x00000001 x26=0x00000001
      155595000	     15460	800048de	7c479717	auipc	x14,0x7c479	 x14=0xfc47d8de
      155605000	     15461	800048e2	8f71	c.and	x14,x12	 x14:0xfc47d8de x12:0xffffffff x14=0xfc47d8de
      155615000	     15462	800048e4	0001	c.addi	x0,0	  x0:0x00000000  x0=0x00000000
      155625000	     15463	800048e6	0000100f	fence.i	
      155655000	     15466	800048ea	013c61b3	or	x3,x24,x19	 x24:0x00000000 x19:0x80021df8  x3=0x80021df8
      155665000	     15467	800048ee	40435f33	sra	x30,x6,x4	  x6:0xe2447802  x4:0x02fc5880 x30=0xe2447802
      155675000	     15468	800048f2	01c45d93	srli	x27,x8,0x1c	  x8:0x00000006 x27=0x00000000
      155685000	     15469	800048f6	01595733	srl	x14,x18,x21	 x18:0x001fffff x21:0x00000000 x14=0x001fffff
      155695000	     15470	800048fa	6131	c.addi16sp	x2,320	  x2:0xfffffff0  x2=0x00000130
      155705000	     15471	800048fc	41a10c33	sub	x24,x2,x26	  x2:0x00000130 x26:0x00000001 x24=0x0000012f
      155715000	     15472	80004900	c98d	c.beqz	x11,80004932	 x11:0x00000000
      155735000	     15474	80004932	8471	c.srai	x8,0x1c	  x8:0x00000006  x8=0x00000000
      155775000	     15478	80004934	02b925b3	mulhsu	x11,x18,x11	 x18:0x001fffff x11:0x00000000 x11=0x00000000
      155785000	     15479	80004938	05e49163	bne	x9,x30,8000497a	  x9:0x00000001 x30:0xe2447802
      155815000	     15482	8000497a	008c8c33	add	x24,x25,x8	 x25:0x80025ce4  x8:0x00000000 x24=0x80025ce4
      155825000	     15483	8000497e	0118	c.addi4spn	x14,x2,128	 x14=0x000001b0
      155855000	     15486	80004980	034c0333	mul	x6,x24,x20	 x24:0x80025ce4 x20:0x00000001  x6=0x80025ce4
      155865000	     15487	80004984	003997b3	sll	x15,x19,x3	 x19:0x80021df8  x3:0x80021df8 x15=0xf8000000
      155875000	     15488	80004988	c319	c.beqz	x14,8000498e	 x14:0x000001b0
      155885000	     15489	8000498a	0078d2b3	srl	x5,x17,x7	 x17:0x00000000  x7:0x00000000  x5=0x00000000
      155895000	     15490	8000498e	0c4e	c.slli	x24,0x13	 x24:0x80025ce4 x24=0xe7200000
      155905000	     15491	80004990	0ee5	c.addi	x29,25	 x29:0x00000001 x29=0x0000001a
      155925000	     15493	80004992	036f53b3	divu	x7,x30,x22	 x30:0xe2447802 x22:0x00000000  x7=0xffffffff
      155935000	     15494	80004996	82ca	c.mv	x5,x18	  x0:0x00000000 x18:0x001fffff  x5=0x001fffff
      155975000	     15498	80004998	02809233	mulh	x4,x1,x8	  x1:0xb9c80000  x8:0x00000000  x4=0x00000000
      155985000	     15499	8000499c	008f8563	beq	x31,x8,800049a6	 x31:0x0000000b  x8:0x00000000
      155995000	     15500	800049a0	0a26	c.slli	x20,0x9	 x20:0x00000001 x20=0x00000200
      156005000	     15501	800049a2	00283bb3	sltu	x23,x16,x2	 x16:0x006e8419  x2:0x00000130 x23=0x00000000
      156015000	     15502	800049a6	910e	c.add	x2,x3	  x2:0x00000130  x3:0x80021df8  x2=0x80021f28
      156055000	     15506	800049a8	037a9933	mulh	x18,x21,x23	 x21:0x00000000 x23:0x00000000 x18=0x00000000
      156085000	     15509	800049ac	03658533	mul	x10,x11,x22	 x11:0x00000000 x22:0x00000000 x10=0x00000000
      156095000	     15510	800049b0	c095	c.beqz	x9,800049d4	  x9:0x00000001
      156105000	     15511	800049b2	ca81	c.beqz	x13,800049c2	 x13:0x00000000
      156135000	     15514	800049c2	00d61663	bne	x12,x13,800049ce	 x12:0xffffffff x13:0x00000000
      156165000	     15517	800049ce	016a38b3	sltu	x17,x20,x22	 x20:0x00000200 x22:0x00000000 x17=0x00000000
      156175000	     15518	800049d2	8e1d	c.sub	x12,x15	 x12:0xffffffff x15:0xf8000000 x12=0x07ffffff
      156185000	     15519	800049d4	b0ea45b7	lui	x11,0xb0ea4	 x11=0xb0ea4000
      156195000	     15520	800049d8	016fc0b3	xor	x1,x31,x22	 x31:0x0000000b x22:0x00000000  x1=0x0000000b
      156205000	     15521	800049dc	39162893	slti	x17,x12,913	 x12:0x07ffffff x17=0x00000000
      156215000	     15522	800049e0	83f5	c.srli	x15,0x1d	 x15:0xf8000000 x15=0x00000007
      156225000	     15523	800049e2	015c2333	slt	x6,x24,x21	 x24:0xe7200000 x21:0x00000000  x6=0x00000001
      156235000	     15524	800049e6	016e5f63	bge	x28,x22,80004a04	 x28:0x00000015 x22:0x00000000
      156265000	     15527	80004a04	0325fe33	remu	x28,x11,x18	 x11:0xb0ea4000 x18:0x00000000 x28=0xb0ea4000
      156275000	     15528	80004a08	c519	c.beqz	x10,80004a16	 x10:0x00000000
      156305000	     15531	80004a16	019f1d13	slli	x26,x30,0x19	 x30:0xe2447802 x26=0x04000000
      156675000	     15568	80004a1a	0232f4b3	remu	x9,x5,x3	  x5:0x001fffff  x3:0x80021df8  x9=0x001fffff
      156685000	     15569	80004a1e	039ae363	bltu	x21,x25,80004a44	 x21:0x00000000 x25:0x80025ce4
      156705000	     15571	80004a44	72ba8213	addi	x4,x21,1835	 x21:0x00000000  x4=0x0000072b
      156715000	     15572	80004a48	0001	c.addi	x0,0	  x0:0x00000000  x0=0x00000000
      156725000	     15573	80004a4a	4b9d	c.li	x23,7	 x23=0x00000007
      156735000	     15574	80004a4c	023e	c.slli	x4,0xf	  x4:0x0000072b  x4=0x03958000
      157105000	     15611	80004a4e	03c85db3	divu	x27,x16,x28	 x16:0x006e8419 x28:0xb0ea4000 x27=0x00000000
      157115000	     15612	80004a52	10fd	c.addi	x1,-1	  x1:0x0000000b  x1=0x0000000a
      157125000	     15613	80004a54	015ce463	bltu	x25,x21,80004a5c	 x25:0x80025ce4 x21:0x00000000
      157135000	     15614	80004a58	e391	c.bnez	x15,80004a5c	 x15:0x00000007
      157155000	     15616	80004a5c	00cd67b3	or	x15,x26,x12	 x26:0x04000000 x12:0x07ffffff x15=0x07ffffff
      157165000	     15617	80004a60	02a75a63	bge	x14,x10,80004a94	 x14:0x000001b0 x10:0x00000000
      157195000	     15620	80004a94	036cddb3	divu	x27,x25,x22	 x25:0x80025ce4 x22:0x00000000 x27=0xffffffff
      157205000	     15621	80004a98	017382b3	add	x5,x7,x23	  x7:0xffffffff x23:0x00000007  x5=0x00000006
      157215000	     15622	80004a9c	01f19033	sll	x0,x3,x31	  x3:0x80021df8 x31:0x0000000b  x0=0x00000000
      157225000	     15623	80004aa0	528ba713	slti	x14,x23,1320	 x23:0x00000007 x14=0x00000001
      157595000	     15660	80004aa4	037e78b3	remu	x17,x28,x23	 x28:0xb0ea4000 x23:0x00000007 x17=0x00000004
      157605000	     15661	80004aa8	c215	c.beqz	x12,80004acc	 x12:0x07ffffff
      157615000	     15662	80004aaa	03f2e763	bltu	x5,x31,80004ad8	  x5:0x00000006 x31:0x0000000b
      157635000	     15664	80004ad8	8eb1	c.xor	x13,x12	 x13:0x00000000 x12:0x07ffffff x13=0x07ffffff
      157645000	     15665	80004ada	8d99	c.sub	x11,x14	 x11:0xb0ea4000 x14:0x00000001 x11=0xb0ea3fff
      158015000	     15702	80004adc	0315fe33	remu	x28,x11,x17	 x11:0xb0ea3fff x17:0x00000004 x28=0x00000003
      158025000	     15703	80004ae0	40ca07b3	sub	x15,x20,x12	 x20:0x00000200 x12:0x07ffffff x15=0xf8000201
      158035000	     15704	80004ae4	b0a78693	addi	x13,x15,-1270	 x15:0xf8000201 x13=0xf7fffd0b
      158045000	     15705	80004ae8	01cbdd33	srl	x26,x23,x28	 x23:0x00000007 x28:0x00000003 x26=0x00000000
      158055000	     15706	80004aec	049e	c.slli	x9,0x7	  x9:0x001fffff  x9=0x0fffff80
      158065000	     15707	80004aee	01a8a5b3	slt	x11,x17,x26	 x17:0x00000004 x26:0x00000000 x11=0x00000000
      158075000	     15708	80004af2	8d41	c.or	x10,x8	 x10:0x00000000  x8:0x00000000 x10=0x00000000
      158085000	     15709	80004af4	02087e63	bgeu	x16,x0,80004b30	 x16:0x006e8419  x0:0x00000000
      158105000	     15711	80004b30	a9d26db7	lui	x27,0xa9d26	 x27=0xa9d26000
      158115000	     15712	80004b34	8599	c.srai	x11,0x6	 x11:0x00000000 x11=0x00000000
      158125000	     15713	80004b36	e489	c.bnez	x9,80004b40	  x9:0x0fffff80
      158145000	     15715	80004b40	0001	c.addi	x0,0	  x0:0x00000000  x0=0x00000000
      158155000	     15716	80004b42	8ea1	c.xor	x13,x8	 x13:0xf7fffd0b  x8:0x00000000 x13=0xf7fffd0b
      158165000	     15717	80004b44	0001	c.addi	x0,0	  x0:0x00000000  x0=0x00000000
      158175000	     15718	80004b46	01149db3	sll	x27,x9,x17	  x9:0x0fffff80 x17:0x00000004 x27=0xfffff800
      158545000	     15755	80004b4a	03d053b3	divu	x7,x0,x29	  x0:0x00000000 x29:0x0000001a  x7=0x00000000
      158555000	     15756	80004b4e	00df1ab3	sll	x21,x30,x13	 x30:0xe2447802 x13:0xf7fffd0b x21=0x23c01000
      158565000	     15757	80004b52	8a79	c.andi	x12,30	 x12:0x07ffffff x12=0x0000001e
      158575000	     15758	80004b54	8f0d	c.sub	x14,x11	 x14:0x00000001 x11:0x00000000 x14=0x00000001
      158585000	     15759	80004b56	0001	c.addi	x0,0	  x0:0x00000000  x0=0x00000000
      158595000	     15760	80004b58	c509	c.beqz	x10,80004b62	 x10:0x00000000
      158625000	     15763	80004b62	0017adb3	slt	x27,x15,x1	 x15:0xf8000201  x1:0x0000000a x27=0x00000001
      158635000	     15764	80004b66	8da1	c.xor	x11,x8	 x11:0x00000000  x8:0x00000000 x11=0x00000000
      158645000	     15765	80004b68	8d25	c.xor	x10,x9	 x10:0x00000000  x9:0x0fffff80 x10=0x0fffff80
      158655000	     15766	80004b6a	015e6863	bltu	x28,x21,80004b7a	 x28:0x00000003 x21:0x23c01000
      158675000	     15768	80004b7a	87f9	c.srai	x15,0x1e	 x15:0xf8000201 x15=0xffffffff
      158685000	     15769	80004b7c	8225	c.srli	x12,0x9	 x12:0x0000001e x12=0x00000000
      158695000	     15770	80004b7e	04305163	bge	x0,x3,80004bc0	  x0:0x00000000  x3:0x80021df8
      158715000	     15772	80004bc0	003ea5b3	slt	x11,x29,x3	 x29:0x0000001a  x3:0x80021df8 x11=0x00000000
      159085000	     15809	80004bc4	034e4133	div	x2,x28,x20	 x28:0x00000003 x20:0x00000200  x2=0x00000000
      159095000	     15810	80004bc8	01f79563	bne	x15,x31,80004bd2	 x15:0xffffffff x31:0x0000000b
      159115000	     15812	80004bd2	177d	c.addi	x14,-1	 x14:0x00000001 x14=0x00000000
      159125000	     15813	80004bd4	9ea44e13	xori	x28,x8,-1558	  x8:0x00000000 x28=0xfffff9ea
      159135000	     15814	80004bd8	01039e13	slli	x28,x7,0x10	  x7:0x00000000 x28=0x00000000
      159145000	     15815	80004bdc	8a71	c.andi	x12,28	 x12:0x00000000 x12=0x00000000
      159185000	     15819	80004bde	036fb3b3	mulhu	x7,x31,x22	 x31:0x0000000b x22:0x00000000  x7=0x00000000
      159195000	     15820	80004be2	8d51	c.or	x10,x12	 x10:0x0fffff80 x12:0x00000000 x10=0x0fffff80
      159205000	     15821	80004be4	009c8e33	add	x28,x25,x9	 x25:0x80025ce4  x9:0x0fffff80 x28=0x90025c64
      159215000	     15822	80004be8	00791033	sll	x0,x18,x7	 x18:0x00000000  x7:0x00000000  x0=0x00000000
      159225000	     15823	80004bec	014efc33	and	x24,x29,x20	 x29:0x0000001a x20:0x00000200 x24=0x00000000
      159235000	     15824	80004bf0	52fd	c.li	x5,-1	  x5=0xffffffff
      159245000	     15825	80004bf2	9646	c.add	x12,x17	 x12:0x00000000 x17:0x00000004 x12=0x00000004
      159255000	     15826	80004bf4	01f023b3	slt	x7,x0,x31	  x0:0x00000000 x31:0x0000000b  x7=0x00000001
      159265000	     15827	80004bf8	15fd	c.addi	x11,-1	 x11:0x00000000 x11=0xffffffff
      159275000	     15828	80004bfa	8ee9	c.and	x13,x10	 x13:0xf7fffd0b x10:0x0fffff80 x13=0x07fffd00
      159285000	     15829	80004bfc	8cd5	c.or	x9,x13	  x9:0x0fffff80 x13:0x07fffd00  x9=0x0fffff80
      159295000	     15830	80004bfe	8e99	c.sub	x13,x14	 x13:0x07fffd00 x14:0x00000000 x13=0x07fffd00
      159305000	     15831	80004c00	717d	c.addi16sp	x2,-16	  x2:0x00000000  x2=0xfffffff0
      159345000	     15835	80004c02	02af9533	mulh	x10,x31,x10	 x31:0x0000000b x10:0x0fffff80 x10=0x00000000
      159355000	     15836	80004c06	0ff0000f	fence	iorw,iorw	
      159365000	     15837	80004c0a	411ada33	sra	x20,x21,x17	 x21:0x23c01000 x17:0x00000004 x20=0x023c0100
      159375000	     15838	80004c0e	0ff0000f	fence	iorw,iorw	
      159385000	     15839	80004c12	00f25713	srli	x14,x4,0xf	  x4:0x03958000 x14=0x0000072b
      159395000	     15840	80004c16	0001	c.addi	x0,0	  x0:0x00000000  x0=0x00000000
      159405000	     15841	80004c18	00352bb3	slt	x23,x10,x3	 x10:0x00000000  x3:0x80021df8 x23=0x00000000
      159415000	     15842	80004c1c	6f51	c.lui	x30,0x14	 x30=0x00014000
      159425000	     15843	80004c1e	086a	c.slli	x16,0x1a	 x16:0x006e8419 x16=0x64000000
      159435000	     15844	80004c20	40518e33	sub	x28,x3,x5	  x3:0x80021df8  x5:0xffffffff x28=0x80021df9
      159445000	     15845	80004c24	48fd	c.li	x17,31	 x17=0x0000001f
      159455000	     15846	80004c26	03fa6a93	ori	x21,x20,63	 x20:0x023c0100 x21=0x023c013f
      159465000	     15847	80004c2a	8325	c.srli	x14,0x9	 x14:0x0000072b x14=0x00000003
      159475000	     15848	80004c2c	1804	c.addi4spn	x9,x2,48	  x9=0x00000020
      159515000	     15852	80004c2e	026c2bb3	mulhsu	x23,x24,x6	 x24:0x00000000  x6:0x00000001 x23=0x00000000
      159525000	     15853	80004c32	80da	c.mv	x1,x22	  x0:0x00000000 x22:0x00000000  x1=0x00000000
      159535000	     15854	80004c34	01b7d593	srli	x11,x15,0x1b	 x15:0xffffffff x11=0x0000001f
      159545000	     15855	80004c38	0d26	c.slli	x26,0x9	 x26:0x00000000 x26=0x00000000
      159555000	     15856	80004c3a	8da5	c.xor	x11,x9	 x11:0x0000001f  x9:0x00000020 x11=0x0000003f
      159565000	     15857	80004c3c	7b478493	addi	x9,x15,1972	 x15:0xffffffff  x9=0x000007b3
      159575000	     15858	80004c40	717d	c.addi16sp	x2,-16	  x2:0xfffffff0  x2=0xffffffe0
      159615000	     15862	80004c42	02959933	mulh	x18,x11,x9	 x11:0x0000003f  x9:0x000007b3 x18=0x00000000
      159655000	     15866	80004c46	03f3a933	mulhsu	x18,x7,x31	  x7:0x00000001 x31:0x0000000b x18=0x00000000
      159675000	     15868	80004c4a	038944b3	div	x9,x18,x24	 x18:0x00000000 x24:0x00000000  x9=0xffffffff
      159685000	     15869	80004c4e	40bcd8b3	sra	x17,x25,x11	 x25:0x80025ce4 x11:0x0000003f x17=0xffffffff
      159695000	     15870	80004c52	ef15	c.bnez	x14,80004c8e	 x14:0x00000003
      159715000	     15872	80004c8e	5a7d	c.li	x20,-1	 x20=0xffffffff
      159725000	     15873	80004c90	02a2ca63	blt	x5,x10,80004cc4	  x5:0xffffffff x10:0x00000000
      159745000	     15875	80004cc4	8a4d	c.andi	x12,19	 x12:0x00000004 x12=0x00000000
      159755000	     15876	80004cc6	8779	c.srai	x14,0x1e	 x14:0x00000003 x14=0x00000000
      160125000	     15913	80004cc8	027c5b33	divu	x22,x24,x7	 x24:0x00000000  x7:0x00000001 x22=0x00000000
      160135000	     15914	80004ccc	8b556917	auipc	x18,0x8b556	 x18=0x0b55accc
      160145000	     15915	80004cd0	03aec963	blt	x29,x26,80004d02	 x29:0x0000001a x26:0x00000000
      160155000	     15916	80004cd4	6b31	c.lui	x22,0xc	 x22=0x0000c000
      160165000	     15917	80004cd6	c6123a13	sltiu	x20,x4,-927	  x4:0x03958000 x20=0x00000001
      160175000	     15918	80004cda	03a66263	bltu	x12,x26,80004cfe	 x12:0x00000000 x26:0x00000000
      160185000	     15919	80004cde	91aa	c.add	x3,x10	  x3:0x80021df8 x10:0x00000000  x3=0x80021df8
      160195000	     15920	80004ce0	000fe0b3	or	x1,x31,x0	 x31:0x0000000b  x0:0x00000000  x1=0x0000000b
      160205000	     15921	80004ce4	8c85	c.sub	x9,x9	  x9:0xffffffff  x9:0xffffffff  x9=0x00000000
      160215000	     15922	80004ce6	851d	c.srai	x10,0x7	 x10:0x00000000 x10=0x00000000
      160225000	     15923	80004ce8	8aa6	c.mv	x21,x9	  x0:0x00000000  x9:0x00000000 x21=0x00000000
      160235000	     15924	80004cea	c701	c.beqz	x14,80004cf2	 x14:0x00000000
      160265000	     15927	80004cf2	01348ab3	add	x21,x9,x19	  x9:0x00000000 x19:0x80021df8 x21=0x80021df8
      160275000	     15928	80004cf6	e591	c.bnez	x11,80004d02	 x11:0x0000003f
      160295000	     15930	80004d02	0c65	c.addi	x24,25	 x24:0x00000000 x24=0x00000019
      160305000	     15931	80004d04	83b1	c.srli	x15,0xc	 x15:0xffffffff x15=0x000fffff
      160315000	     15932	80004d06	01f3bb33	sltu	x22,x7,x31	  x7:0x00000001 x31:0x0000000b x22=0x00000001
      160325000	     15933	80004d0a	85a5	c.srai	x11,0x9	 x11:0x0000003f x11=0x00000000
      160335000	     15934	80004d0c	0c26c793	xori	x15,x13,194	 x13:0x07fffd00 x15=0x07fffdc2
      160345000	     15935	80004d10	0001	c.addi	x0,0	  x0:0x00000000  x0=0x00000000
      160355000	     15936	80004d12	37346193	ori	x3,x8,883	  x8:0x00000000  x3=0x00000373
      160365000	     15937	80004d16	e985	c.bnez	x11,80004d46	 x11:0x00000000
      160385000	     15939	80004d18	02915eb3	divu	x29,x2,x9	  x2:0xffffffe0  x9:0x00000000 x29=0xffffffff
      160395000	     15940	80004d1c	01285db3	srl	x27,x16,x18	 x16:0x64000000 x18:0x0b55accc x27=0x00064000
      160405000	     15941	80004d20	0044d633	srl	x12,x9,x4	  x9:0x00000000  x4:0x03958000 x12=0x00000000
      160415000	     15942	80004d24	05370463	beq	x14,x19,80004d6c	 x14:0x00000000 x19:0x80021df8
      160425000	     15943	80004d28	00291793	slli	x15,x18,0x2	 x18:0x0b55accc x15=0x2d56b330
      160435000	     15944	80004d2c	6611	c.lui	x12,0x4	 x12=0x00004000
      160445000	     15945	80004d2e	013f4533	xor	x10,x30,x19	 x30:0x00014000 x19:0x80021df8 x10=0x80035df8
      160455000	     15946	80004d32	d3626737	lui	x14,0xd3626	 x14=0xd3626000
      160465000	     15947	80004d36	01fe0863	beq	x28,x31,80004d46	 x28:0x80021df9 x31:0x0000000b
      160475000	     15948	80004d3a	ce9cad13	slti	x26,x25,-791	 x25:0x80025ce4 x26=0x00000001
      160485000	     15949	80004d3e	fc2ee737	lui	x14,0xfc2ee	 x14=0xfc2ee000
      160495000	     15950	80004d42	4050d433	sra	x8,x1,x5	  x1:0x0000000b  x5:0xffffffff  x8=0x00000000
      160505000	     15951	80004d46	dc96bd13	sltiu	x26,x13,-567	 x13:0x07fffd00 x26=0x00000001
      160875000	     15988	80004d4a	033f6333	rem	x6,x30,x19	 x30:0x00014000 x19:0x80021df8  x6=0x00014000
      160915000	     15992	80004d4e	039e94b3	mulh	x9,x29,x25	 x29:0xffffffff x25:0x80025ce4  x9=0x00000000
      160925000	     15993	80004d52	b9287013	andi	x0,x16,-1134	 x16:0x64000000  x0=0x00000000
      160935000	     15994	80004d56	00fec563	blt	x29,x15,80004d60	 x29:0xffffffff x15:0x2d56b330
      160955000	     15996	80004d60	b077c293	xori	x5,x15,-1273	 x15:0x2d56b330  x5=0xd2a94837
      160965000	     15997	80004d64	8d0d	c.sub	x10,x11	 x10:0x80035df8 x11:0x00000000 x10=0x80035df8
      160975000	     15998	80004d66	8ead	c.xor	x13,x11	 x13:0x07fffd00 x11:0x00000000 x13=0x07fffd00
      160985000	     15999	80004d68	01299413	slli	x8,x19,0x12	 x19:0x80021df8  x8=0x77e00000
      160995000	     16000	80004d6c	8a6d	c.andi	x12,27	 x12:0x00004000 x12=0x00000000
      161005000	     16001	80004d6e	081a	c.slli	x16,0x6	 x16:0x64000000 x16=0x00000000
      161015000	     16002	80004d70	0053e7b3	or	x15,x7,x5	  x7:0x00000001  x5:0xd2a94837 x15=0xd2a94837
      161025000	     16003	80004d74	7f0a7d13	andi	x26,x20,2032	 x20:0x00000001 x26=0x00000000
      161035000	     16004	80004d78	8db5	c.xor	x11,x13	 x11:0x00000000 x13:0x07fffd00 x11=0x07fffd00
      161045000	     16005	80004d7a	0001	c.addi	x0,0	  x0:0x00000000  x0=0x00000000
      161055000	     16006	80004d7c	da786293	ori	x5,x16,-601	 x16:0x00000000  x5=0xfffffda7
      161065000	     16007	80004d80	8cfd	c.and	x9,x15	  x9:0x00000000 x15:0xd2a94837  x9=0x00000000
      161105000	     16011	80004d82	0242ba33	mulhu	x20,x5,x4	  x5:0xfffffda7  x4:0x03958000 x20=0x03957ff7
      161115000	     16012	80004d86	01e1b733	sltu	x14,x3,x30	  x3:0x00000373 x30:0x00014000 x14=0x00000001
      161125000	     16013	80004d8a	0000100f	fence.i	
      161515000	     16052	80004d8e	02f95ab3	divu	x21,x18,x15	 x18:0x0b55accc x15:0xd2a94837 x21=0x00000000
      161525000	     16053	80004d92	c089	c.beqz	x9,80004d94	  x9:0x00000000
      161545000	     16055	80004d94	527d	c.li	x4,-1	  x4=0xffffffff
      161555000	     16056	80004d96	000b3ab3	sltu	x21,x22,x0	 x22:0x00000001  x0:0x00000000 x21=0x00000000
      161565000	     16057	80004d9a	025a4963	blt	x20,x5,80004dcc	 x20:0x03957ff7  x5:0xfffffda7
      161575000	     16058	80004d9e	009eaf33	slt	x30,x29,x9	 x29:0xffffffff  x9:0x00000000 x30=0x00000001
      161585000	     16059	80004da2	91f2	c.add	x3,x28	  x3:0x00000373 x28:0x80021df9  x3=0x8002216c
      161605000	     16061	80004da4	0206d8b3	divu	x17,x13,x0	 x13:0x07fffd00  x0:0x00000000 x17=0xffffffff
      161615000	     16062	80004da8	00913933	sltu	x18,x2,x9	  x2:0xffffffe0  x9:0x00000000 x18=0x00000000
      161625000	     16063	80004dac	cb15	c.beqz	x14,80004de0	 x14:0x00000001
      161635000	     16064	80004dae	401fd7b3	sra	x15,x31,x1	 x31:0x0000000b  x1:0x0000000b x15=0x00000000
      161645000	     16065	80004db2	00383e33	sltu	x28,x16,x3	 x16:0x00000000  x3:0x8002216c x28=0x00000001
      161655000	     16066	80004db6	f3bea213	slti	x4,x29,-197	 x29:0xffffffff  x4=0x00000000
      161665000	     16067	80004dba	8ce1	c.and	x9,x8	  x9:0x00000000  x8:0x77e00000  x9=0x00000000
      161675000	     16068	80004dbc	00127863	bgeu	x4,x1,80004dcc	  x4:0x00000000  x1:0x0000000b
      161685000	     16069	80004dc0	007b9d33	sll	x26,x23,x7	 x23:0x00000000  x7:0x00000001 x26=0x00000000
      161695000	     16070	80004dc4	017be963	bltu	x23,x23,80004dd6	 x23:0x00000000 x23:0x00000000
      161705000	     16071	80004dc8	4969	c.li	x18,26	 x18=0x0000001a
      161715000	     16072	80004dca	ec99	c.bnez	x9,80004de8	  x9:0x00000000
      161725000	     16073	80004dcc	9bf2	c.add	x23,x28	 x23:0x00000000 x28:0x00000001 x23=0x00000001
      161735000	     16074	80004dce	40c2d133	sra	x2,x5,x12	  x5:0xfffffda7 x12:0x00000000  x2=0xfffffda7
      161745000	     16075	80004dd2	8469	c.srai	x8,0x1a	  x8:0x77e00000  x8=0x0000001d
      161755000	     16076	80004dd4	9bfd	c.andi	x15,-1	 x15:0x00000000 x15=0x00000000
      161765000	     16077	80004dd6	862d	c.srai	x12,0xb	 x12:0x00000000 x12=0x00000000
      161775000	     16078	80004dd8	049cd463	bge	x25,x9,80004e20	 x25:0x80025ce4  x9:0x00000000
      161785000	     16079	80004ddc	50858693	addi	x13,x11,1288	 x11:0x07fffd00 x13=0x08000208
      161795000	     16080	80004de0	01cf9eb3	sll	x29,x31,x28	 x31:0x0000000b x28:0x00000001 x29=0x00000016
      161805000	     16081	80004de4	395be513	ori	x10,x23,917	 x23:0x00000001 x10=0x00000395
      161815000	     16082	80004de8	67ddbe13	sltiu	x28,x27,1661	 x27:0x00064000 x28=0x00000000
      161825000	     16083	80004dec	00779693	slli	x13,x15,0x7	 x15:0x00000000 x13=0x00000000
      161835000	     16084	80004df0	04a56263	bltu	x10,x10,80004e34	 x10:0x00000395 x10:0x00000395
      161845000	     16085	80004df4	01790563	beq	x18,x23,80004dfe	 x18:0x0000001a x23:0x00000001
      161855000	     16086	80004df8	8cb1	c.xor	x9,x12	  x9:0x00000000 x12:0x00000000  x9=0x00000000
      161865000	     16087	80004dfa	8e55	c.or	x12,x13	 x12:0x00000000 x13:0x00000000 x12=0x00000000
      161875000	     16088	80004dfc	8eda	c.mv	x29,x22	  x0:0x00000000 x22:0x00000001 x29=0x00000001
      161885000	     16089	80004dfe	05b9d163	bge	x19,x27,80004e40	 x19:0x80021df8 x27:0x00064000
      161895000	     16090	80004e02	0000100f	fence.i	
      161925000	     16093	80004e06	02c05f63	bge	x0,x12,80004e44	  x0:0x00000000 x12:0x00000000
      162305000	     16131	80004e44	03734633	div	x12,x6,x23	  x6:0x00014000 x23:0x00000001 x12=0x00014000
      162315000	     16132	80004e48	0562	c.slli	x10,0x18	 x10:0x00000395 x10=0x95000000
      162325000	     16133	80004e4a	4d3eca13	xori	x20,x29,1235	 x29:0x00000001 x20=0x000004d2
      162335000	     16134	80004e4e	03f17563	bgeu	x2,x31,80004e78	  x2:0xfffffda7 x31:0x0000000b
      162355000	     16136	80004e78	00bb1363	bne	x22,x11,80004e7e	 x22:0x00000001 x11:0x07fffd00
      162375000	     16138	80004e7e	955a	c.add	x10,x22	 x10:0x95000000 x22:0x00000001 x10=0x95000001
      162385000	     16139	80004e80	04014063	blt	x2,x0,80004ec0	  x2:0xfffffda7  x0:0x00000000
      162405000	     16141	80004ec0	008ec0b3	xor	x1,x29,x8	 x29:0x00000001  x8:0x0000001d  x1=0x0000001c
      162415000	     16142	80004ec4	0139d0b3	srl	x1,x19,x19	 x19:0x80021df8 x19:0x80021df8  x1=0x00000080
      162785000	     16179	80004ec8	02ee5b33	divu	x22,x28,x14	 x28:0x00000000 x14:0x00000001 x22=0x00000000
      162795000	     16180	80004ecc	6f2d	c.lui	x30,0xb	 x30=0x0000b000
      162805000	     16181	80004ece	00346bb3	or	x23,x8,x3	  x8:0x0000001d  x3:0x8002216c x23=0x8002217d
      162815000	     16182	80004ed2	8225	c.srli	x12,0x9	 x12:0x00014000 x12=0x000000a0
      162825000	     16183	80004ed4	9e84c713	xori	x14,x9,-1560	  x9:0x00000000 x14=0xfffff9e8
      162835000	     16184	80004ed8	0d31	c.addi	x26,12	 x26:0x00000000 x26=0x0000000c
      162845000	     16185	80004eda	0171e563	bltu	x3,x23,80004ee4	  x3:0x8002216c x23:0x8002217d
      162865000	     16187	80004ee4	8fb5	c.xor	x15,x13	 x15:0x00000000 x13:0x00000000 x15=0x00000000
      162875000	     16188	80004ee6	ef1d	c.bnez	x14,80004f24	 x14:0xfffff9e8
      162895000	     16190	80004f24	042144b7	lui	x9,0x4214	  x9=0x04214000
      162905000	     16191	80004f28	ddd0e413	ori	x8,x1,-547	  x1:0x00000080  x8=0xfffffddd
      162915000	     16192	80004f2c	0001	c.addi	x0,0	  x0:0x00000000  x0=0x00000000
      162925000	     16193	80004f2e	07698063	beq	x19,x22,80004f8e	 x19:0x80021df8 x22:0x00000000
      162935000	     16194	80004f32	40f1d393	srai	x7,x3,0xf	  x3:0x8002216c  x7=0xffff0004
      162945000	     16195	80004f36	01111563	bne	x2,x17,80004f40	  x2:0xfffffda7 x17:0xffffffff
      162965000	     16197	80004f40	004b0eb3	add	x29,x22,x4	 x22:0x00000000  x4:0x00000000 x29=0x00000000
      162975000	     16198	80004f44	8341	c.srli	x14,0x10	 x14:0xfffff9e8 x14=0x0000ffff
      162985000	     16199	80004f46	0001	c.addi	x0,0	  x0:0x00000000  x0=0x00000000
      163015000	     16202	80004f48	02298633	mul	x12,x19,x2	 x19:0x80021df8  x2:0xfffffda7 x12=0x7b07a4c8
      163025000	     16203	80004f4c	8ef9	c.and	x13,x14	 x13:0x00000000 x14:0x0000ffff x13=0x00000000
      163035000	     16204	80004f4e	03114a63	blt	x2,x17,80004f82	  x2:0xfffffda7 x17:0xffffffff
      163065000	     16207	80004f82	0ff0000f	fence	iorw,iorw	
      163075000	     16208	80004f86	6daac813	xori	x16,x21,1754	 x21:0x00000000 x16=0x000006da
      163445000	     16245	80004f8a	03715233	divu	x4,x2,x23	  x2:0xfffffda7 x23:0x8002217d  x4=0x00000001
      163455000	     16246	80004f8e	9770c113	xori	x2,x1,-1673	  x1:0x00000080  x2=0xfffff9f7
      163465000	     16247	80004f92	25369097	auipc	x1,0x25369	  x1=0xa536df92
      163835000	     16284	80004f96	03adff33	remu	x30,x27,x26	 x27:0x00064000 x26:0x0000000c x30=0x00000004
      163845000	     16285	80004f9a	0000100f	fence.i	
      163865000	     16287	80004f9e	0446	c.slli	x8,0x11	  x8:0xfffffddd  x8=0xfbba0000
      163875000	     16288	80004fa0	8ee5	c.and	x13,x9	 x13:0x00000000  x9:0x04214000 x13=0x00000000
      163885000	     16289	80004fa2	03279a63	bne	x15,x18,80004fd6	 x15:0x00000000 x18:0x0000001a
      163915000	     16292	80004fd6	01125533	srl	x10,x4,x17	  x4:0x00000001 x17:0xffffffff x10=0x00000000
      163925000	     16293	80004fda	0055beb3	sltu	x29,x11,x5	 x11:0x07fffd00  x5:0xfffffda7 x29=0x00000001
      163955000	     16296	80004fde	02c00133	mul	x2,x0,x12	  x0:0x00000000 x12:0x7b07a4c8  x2=0x00000000
      163965000	     16297	80004fe2	015e83b3	add	x7,x29,x21	 x29:0x00000001 x21:0x00000000  x7=0x00000001
      163975000	     16298	80004fe6	8875	c.andi	x8,29	  x8:0xfbba0000  x8=0x00000000
      163985000	     16299	80004fe8	2962dc37	lui	x24,0x2962d	 x24=0x2962d000
      163995000	     16300	80004fec	12fd	c.addi	x5,-1	  x5:0xfffffda7  x5=0xfffffda6
      164005000	     16301	80004fee	01d6c763	blt	x13,x29,80004ffc	 x13:0x00000000 x29:0x00000001
      164025000	     16303	80004ffc	187d	c.addi	x16,-1	 x16:0x000006da x16=0x000006d9
      164035000	     16304	80004ffe	01f55393	srli	x7,x10,0x1f	 x10:0x00000000  x7=0x00000000
      164045000	     16305	80005002	a674a493	slti	x9,x9,-1433	  x9:0x04214000  x9=0x00000000
      164055000	     16306	80005006	eeb78e13	addi	x28,x15,-277	 x15:0x00000000 x28=0xfffffeeb
      164425000	     16343	8000500a	02c5c733	div	x14,x11,x12	 x11:0x07fffd00 x12:0x7b07a4c8 x14=0x00000000
      164465000	     16347	8000500e	0277b633	mulhu	x12,x15,x7	 x15:0x00000000  x7:0x00000000 x12=0x00000000
      164475000	     16348	80005012	c822fd13	andi	x26,x5,-894	  x5:0xfffffda6 x26=0xfffffc82
      164485000	     16349	80005016	012ed593	srli	x11,x29,0x12	 x29:0x00000001 x11=0x00000000
      164855000	     16386	8000501a	038bd333	divu	x6,x23,x24	 x23:0x8002217d x24:0x2962d000  x6=0x00000003
      164865000	     16387	8000501e	005bba33	sltu	x20,x23,x5	 x23:0x8002217d  x5:0xfffffda6 x20=0x00000001
      164905000	     16391	80005022	03b913b3	mulh	x7,x18,x27	 x18:0x0000001a x27:0x00064000  x7=0x00000000
      164915000	     16392	80005026	11fd	c.addi	x3,-1	  x3:0x8002216c  x3=0x8002216b
      165285000	     16429	80005028	03257a33	remu	x20,x10,x18	 x10:0x00000000 x18:0x0000001a x20=0x00000000
      165295000	     16430	8000502c	0001	c.addi	x0,0	  x0:0x00000000  x0=0x00000000
      165305000	     16431	8000502e	012b0663	beq	x22,x18,8000503a	 x22:0x00000000 x18:0x0000001a
      165315000	     16432	80005032	00194763	blt	x18,x1,80005040	 x18:0x0000001a  x1:0xa536df92
      165325000	     16433	80005036	8451	c.srai	x8,0x14	  x8:0x00000000  x8=0x00000000
      165335000	     16434	80005038	834d	c.srli	x14,0x13	 x14:0x00000000 x14=0x00000000
      165345000	     16435	8000503a	00ee9c13	slli	x24,x29,0xe	 x29:0x00000001 x24=0x00004000
      165355000	     16436	8000503e	8265	c.srli	x12,0x19	 x12:0x00000000 x12=0x00000000
      165365000	     16437	80005040	ce85	c.beqz	x13,80005078	 x13:0x00000000
      165385000	     16439	80005078	8d85	c.sub	x11,x9	 x11:0x00000000  x9:0x00000000 x11=0x00000000
      165395000	     16440	8000507a	da769197	auipc	x3,0xda769	  x3=0x5a76e07a
      165405000	     16441	8000507e	00b47633	and	x12,x8,x11	  x8:0x00000000 x11:0x00000000 x12=0x00000000
      165425000	     16443	80005082	02bbd933	divu	x18,x23,x11	 x23:0x8002217d x11:0x00000000 x18=0xffffffff
      165435000	     16444	80005086	e5c1cc13	xori	x24,x3,-420	  x3:0x5a76e07a x24=0xa5891e26
      165445000	     16445	8000508a	03d10c63	beq	x2,x29,800050c2	  x2:0x00000000 x29:0x00000001
      165455000	     16446	8000508e	0c72	c.slli	x24,0x1c	 x24:0xa5891e26 x24=0x60000000
      165465000	     16447	80005090	02e3cf63	blt	x7,x14,800050ce	  x7:0x00000000 x14:0x00000000
      165475000	     16448	80005094	8196	c.mv	x3,x5	  x0:0x00000000  x5:0xfffffda6  x3=0xfffffda6
      165485000	     16449	80005096	0ff0000f	fence	iorw,iorw	
      165495000	     16450	8000509a	8dda	c.mv	x27,x22	  x0:0x00000000 x22:0x00000000 x27=0x00000000
      165505000	     16451	8000509c	c689	c.beqz	x13,800050a6	 x13:0x00000000
      165525000	     16453	800050a6	0001	c.addi	x0,0	  x0:0x00000000  x0=0x00000000
      165535000	     16454	800050a8	00a39763	bne	x7,x10,800050b6	  x7:0x00000000 x10:0x00000000
      165545000	     16455	800050ac	8fe9	c.and	x15,x10	 x15:0x00000000 x10:0x00000000 x15=0x00000000
      165555000	     16456	800050ae	0079f733	and	x14,x19,x7	 x19:0x80021df8  x7:0x00000000 x14=0x00000000
      165565000	     16457	800050b2	54034b37	lui	x22,0x54034	 x22=0x54034000
      165575000	     16458	800050b6	010f5613	srli	x12,x30,0x10	 x30:0x00000004 x12=0x00000000
      165615000	     16462	800050ba	0330ad33	mulhsu	x26,x1,x19	  x1:0xa536df92 x19:0x80021df8 x26=0xd29aaf96
      165625000	     16463	800050be	9ed4b093	sltiu	x1,x9,-1555	  x9:0x00000000  x1=0x00000001
      165635000	     16464	800050c2	8f06	c.mv	x30,x1	  x0:0x00000000  x1:0x00000001 x30=0x00000001
      165645000	     16465	800050c4	018a3633	sltu	x12,x20,x24	 x20:0x00000000 x24:0x60000000 x12=0x00000001
      165655000	     16466	800050c8	0001	c.addi	x0,0	  x0:0x00000000  x0=0x00000000
      166025000	     16503	800050ca	02c2fe33	remu	x28,x5,x12	  x5:0xfffffda6 x12:0x00000001 x28=0x00000000
      166035000	     16504	800050ce	8369	c.srli	x14,0x1a	 x14:0x00000000 x14=0x00000000
      166045000	     16505	800050d0	69d8bd37	lui	x26,0x69d8b	 x26=0x69d8b000
      166055000	     16506	800050d4	00e368b3	or	x17,x6,x14	  x6:0x00000003 x14:0x00000000 x17=0x00000003
      166065000	     16507	800050d8	8bd6	c.mv	x23,x21	  x0:0x00000000 x21:0x00000000 x23=0x00000000
      166075000	     16508	800050da	0ff0000f	fence	iorw,iorw	
      166085000	     16509	800050de	01bcf233	and	x4,x25,x27	 x25:0x80025ce4 x27:0x00000000  x4=0x00000000
      166095000	     16510	800050e2	01d98363	beq	x19,x29,800050e8	 x19:0x80021df8 x29:0x00000001
      166105000	     16511	800050e6	099c	c.addi4spn	x15,x2,208	 x15=0x000000d0
      166115000	     16512	800050e8	e3a9a693	slti	x13,x19,-454	 x19:0x80021df8 x13=0x00000001
      166125000	     16513	800050ec	0006cf33	xor	x30,x13,x0	 x13:0x00000001  x0:0x00000000 x30=0x00000001
      166135000	     16514	800050f0	c08fe393	ori	x7,x31,-1016	 x31:0x0000000b  x7=0xfffffc0b
      166145000	     16515	800050f4	02e3f063	bgeu	x7,x14,80005114	  x7:0xfffffc0b x14:0x00000000
      166165000	     16517	80005114	d0307793	andi	x15,x0,-765	  x0:0x00000000 x15=0x00000000
      166175000	     16518	80005118	0000100f	fence.i	
      166195000	     16520	8000511c	01e40e63	beq	x8,x30,80005138	  x8:0x00000000 x30:0x00000001
      166205000	     16521	80005120	0000100f	fence.i	
      166225000	     16523	80005124	0164e1b3	or	x3,x9,x22	  x9:0x00000000 x22:0x54034000  x3=0x54034000
      166265000	     16527	80005128	02e324b3	mulhsu	x9,x6,x14	  x6:0x00000003 x14:0x00000000  x9=0x00000000
      166275000	     16528	8000512c	01bdbb33	sltu	x22,x27,x27	 x27:0x00000000 x27:0x00000000 x22=0x00000000
      166645000	     16565	80005130	033452b3	divu	x5,x8,x19	  x8:0x00000000 x19:0x80021df8  x5=0x00000000
      166655000	     16566	80005134	04074163	blt	x14,x0,80005176	 x14:0x00000000  x0:0x00000000
      166665000	     16567	80005138	0180de63	bge	x1,x24,80005154	  x1:0x00000001 x24:0x60000000
      166675000	     16568	8000513c	60a5	c.lui	x1,0x9	  x1=0x00009000
      166685000	     16569	8000513e	c2a1	c.beqz	x13,8000517e	 x13:0x00000001
      166695000	     16570	80005140	98fd	c.andi	x9,-1	  x9:0x00000000  x9=0x00000000
      166705000	     16571	80005142	309a7db7	lui	x27,0x309a7	 x27=0x309a7000
      166715000	     16572	80005146	0001	c.addi	x0,0	  x0:0x00000000  x0=0x00000000
      166725000	     16573	80005148	0026d263	bge	x13,x2,8000514c	 x13:0x00000001  x2:0x00000000
      166745000	     16575	8000514c	00b6bbb3	sltu	x23,x13,x11	 x13:0x00000001 x11:0x00000000 x23=0x00000000
      166755000	     16576	80005150	41e10433	sub	x8,x2,x30	  x2:0x00000000 x30:0x00000001  x8=0xffffffff
      166795000	     16580	80005154	03523433	mulhu	x8,x4,x21	  x4:0x00000000 x21:0x00000000  x8=0x00000000
      166805000	     16581	80005158	84a5	c.srai	x9,0x9	  x9:0x00000000  x9=0x00000000
      166845000	     16585	8000515a	03192033	mulhsu	x0,x18,x17	 x18:0xffffffff x17:0x00000003  x0=0x00000000
      166855000	     16586	8000515e	00711463	bne	x2,x7,80005166	  x2:0x00000000  x7:0xfffffc0b
      166895000	     16590	80005166	0345f333	remu	x6,x11,x20	 x11:0x00000000 x20:0x00000000  x6=0x00000000
      166905000	     16591	8000516a	c185	c.beqz	x11,8000518a	 x11:0x00000000
      166955000	     16596	8000518a	02ee8133	mul	x2,x29,x14	 x29:0x00000001 x14:0x00000000  x2=0x00000000
      166965000	     16597	8000518e	03387463	bgeu	x16,x19,800051b6	 x16:0x000006d9 x19:0x80021df8
      166985000	     16599	80005192	020bf333	remu	x6,x23,x0	 x23:0x00000000  x0:0x00000000  x6=0x00000000
      166995000	     16600	80005196	05f5	c.addi	x11,29	 x11:0x00000000 x11=0x0000001d
      167005000	     16601	80005198	e715	c.bnez	x14,800051c4	 x14:0x00000000
      167025000	     16603	8000519a	037454b3	divu	x9,x8,x23	  x8:0x00000000 x23:0x00000000  x9=0xffffffff
      167035000	     16604	8000519e	41fb02b3	sub	x5,x22,x31	 x22:0x00000000 x31:0x0000000b  x5=0xfffffff5
      167045000	     16605	800051a2	00a5dbb3	srl	x23,x11,x10	 x11:0x0000001d x10:0x00000000 x23=0x0000001d
      167415000	     16642	800051a6	03755233	divu	x4,x10,x23	 x10:0x00000000 x23:0x0000001d  x4=0x00000000
      167425000	     16643	800051aa	04fbc063	blt	x23,x15,800051ea	 x23:0x0000001d x15:0x00000000
      167435000	     16644	800051ae	0001	c.addi	x0,0	  x0:0x00000000  x0=0x00000000
      167445000	     16645	800051b0	a40ded93	ori	x27,x27,-1472	 x27:0x309a7000 x27=0xfffffa40
      167455000	     16646	800051b4	717d	c.addi16sp	x2,-16	  x2:0x00000000  x2=0xfffffff0
      167465000	     16647	800051b6	c357f613	andi	x12,x15,-971	 x15:0x00000000 x12=0x00000000
      167475000	     16648	800051ba	8bf1	c.andi	x15,28	 x15:0x00000000 x15=0x00000000
      167485000	     16649	800051bc	d0144a93	xori	x21,x8,-767	  x8:0x00000000 x21=0xfffffd01
      167495000	     16650	800051c0	2073ba93	sltiu	x21,x7,519	  x7:0xfffffc0b x21=0x00000000
      167505000	     16651	800051c4	8fb1	c.xor	x15,x12	 x15:0x00000000 x12:0x00000000 x15=0x00000000
      167515000	     16652	800051c6	035fdf63	bge	x31,x21,80005204	 x31:0x0000000b x21:0x00000000
      167535000	     16654	80005204	8dad	c.xor	x11,x11	 x11:0x0000001d x11:0x0000001d x11=0x00000000
      167545000	     16655	80005206	0ea1	c.addi	x29,8	 x29:0x00000001 x29=0x00000009
      167555000	     16656	80005208	8e15	c.sub	x12,x13	 x12:0x00000000 x13:0x00000001 x12=0xffffffff
      167595000	     16660	8000520a	03ecbe33	mulhu	x28,x25,x30	 x25:0x80025ce4 x30:0x00000001 x28=0x00000000
      167615000	     16662	8000520e	0352d133	divu	x2,x5,x21	  x5:0xfffffff5 x21:0x00000000  x2=0xffffffff
      167625000	     16663	80005212	0ff0000f	fence	iorw,iorw	
      167635000	     16664	80005216	00aad663	bge	x21,x10,80005222	 x21:0x00000000 x10:0x00000000
      167695000	     16670	80005222	02389ab3	mulh	x21,x17,x3	 x17:0x00000003  x3:0x54034000 x21=0x00000000
      167725000	     16673	80005226	03220433	mul	x8,x4,x18	  x4:0x00000000 x18:0xffffffff  x8=0x00000000
      167735000	     16674	8000522a	74198d13	addi	x26,x19,1857	 x19:0x80021df8 x26=0x80022539
      167745000	     16675	8000522e	8809	c.andi	x8,2	  x8:0x00000000  x8=0x00000000
      167755000	     16676	80005230	0000100f	fence.i	
      167775000	     16678	80005234	0168d693	srli	x13,x17,0x16	 x17:0x00000003 x13=0x00000000
      167785000	     16679	80005238	4475	c.li	x8,29	  x8=0x0000001d
      167795000	     16680	8000523a	8dd5	c.or	x11,x13	 x11:0x00000000 x13:0x00000000 x11=0x00000000
      167835000	     16684	8000523c	02e1a4b3	mulhsu	x9,x3,x14	  x3:0x54034000 x14:0x00000000  x9=0x00000000
      167845000	     16685	80005240	00471a13	slli	x20,x14,0x4	 x14:0x00000000 x20=0x00000000
      167855000	     16686	80005244	0001	c.addi	x0,0	  x0:0x00000000  x0=0x00000000
      167865000	     16687	80005246	8d3d	c.xor	x10,x15	 x10:0x00000000 x15:0x00000000 x10=0x00000000
      167885000	     16689	80005248	036f5333	divu	x6,x30,x22	 x30:0x00000001 x22:0x00000000  x6=0xffffffff
      167895000	     16690	8000524c	ea9db693	sltiu	x13,x27,-343	 x27:0xfffffa40 x13=0x00000001
      167905000	     16691	80005250	184c0413	addi	x8,x24,388	 x24:0x60000000  x8=0x60000184
      167915000	     16692	80005254	c3650a93	addi	x21,x10,-970	 x10:0x00000000 x21=0xfffffc36
      167925000	     16693	80005258	02b6fb63	bgeu	x13,x11,8000528e	 x13:0x00000001 x11:0x00000000
      167945000	     16695	8000528e	0001	c.addi	x0,0	  x0:0x00000000  x0=0x00000000
      167955000	     16696	80005290	00d16863	bltu	x2,x13,800052a0	  x2:0xffffffff x13:0x00000001
      167965000	     16697	80005294	d8a02d93	slti	x27,x0,-630	  x0:0x00000000 x27=0x00000000
      167975000	     16698	80005298	6a44f713	andi	x14,x9,1700	  x9:0x00000000 x14=0x00000000
      168005000	     16701	8000529c	02e583b3	mul	x7,x11,x14	 x11:0x00000000 x14:0x00000000  x7=0x00000000
      168015000	     16702	800052a0	fa920513	addi	x10,x4,-87	  x4:0x00000000 x10=0xffffffa9
      168025000	     16703	800052a4	463b8d93	addi	x27,x23,1123	 x23:0x0000001d x27=0x00000480
      168035000	     16704	800052a8	00c292b3	sll	x5,x5,x12	  x5:0xfffffff5 x12:0xffffffff  x5=0x80000000
      168045000	     16705	800052ac	01cd1563	bne	x26,x28,800052b6	 x26:0x80022539 x28:0x00000000
      168075000	     16708	800052b6	0000100f	fence.i	
      168105000	     16711	800052ba	0ff0000f	fence	iorw,iorw	
      168135000	     16714	800052be	02268833	mul	x16,x13,x2	 x13:0x00000001  x2:0xffffffff x16=0xffffffff
      168145000	     16715	800052c2	8db9	c.xor	x11,x14	 x11:0x00000000 x14:0x00000000 x11=0x00000000
      168155000	     16716	800052c4	8f45	c.or	x14,x9	 x14:0x00000000  x9:0x00000000 x14=0x00000000
      168165000	     16717	800052c6	0108	c.addi4spn	x10,x2,128	 x10=0x0000007f
      168175000	     16718	800052c8	0f62	c.slli	x30,0x18	 x30:0x00000001 x30=0x01000000
      168185000	     16719	800052ca	0102b333	sltu	x6,x5,x16	  x5:0x80000000 x16:0xffffffff  x6=0x00000001
      168195000	     16720	800052ce	8fe5	c.and	x15,x9	 x15:0x00000000  x9:0x00000000 x15=0x00000000
      168205000	     16721	800052d0	02e25763	bge	x4,x14,800052fe	  x4:0x00000000 x14:0x00000000
      168265000	     16727	800052fe	035f15b3	mulh	x11,x30,x21	 x30:0x01000000 x21:0xfffffc36 x11=0xfffffffc
      168275000	     16728	80005302	0998	c.addi4spn	x14,x2,208	 x14=0x000000cf
      168285000	     16729	80005304	0010e2b3	or	x5,x1,x1	  x1:0x00009000  x1:0x00009000  x5=0x00009000
      168295000	     16730	80005308	c789	c.beqz	x15,80005312	 x15:0x00000000
      168325000	     16733	80005312	0000100f	fence.i	
      168355000	     16736	80005316	03828c63	beq	x5,x24,8000534e	  x5:0x00009000 x24:0x60000000
      168375000	     16738	8000531a	034e51b3	divu	x3,x28,x20	 x28:0x00000000 x20:0x00000000  x3=0xffffffff
      168385000	     16739	8000531e	016a6033	or	x0,x20,x22	 x20:0x00000000 x22:0x00000000  x0=0x00000000
      168425000	     16743	80005322	03b296b3	mulh	x13,x5,x27	  x5:0x00009000 x27:0x00000480 x13=0x00000000
      168435000	     16744	80005326	0184c8b3	xor	x17,x9,x24	  x9:0x00000000 x24:0x60000000 x17=0x60000000
      168445000	     16745	8000532a	00f17433	and	x8,x2,x15	  x2:0xffffffff x15:0x00000000  x8=0x00000000
      168455000	     16746	8000532e	05bb9363	bne	x23,x27,80005374	 x23:0x0000001d x27:0x00000480
      168475000	     16748	80005374	001b1b93	slli	x23,x22,0x1	 x22:0x00000000 x23=0x00000000
      168485000	     16749	80005378	8ba5	c.andi	x15,9	 x15:0x00000000 x15=0x00000000
      168495000	     16750	8000537a	e51d	c.bnez	x10,800053a8	 x10:0x0000007f
      168515000	     16752	800053a8	9a6e	c.add	x20,x27	 x20:0x00000000 x27:0x00000480 x20=0x00000480
      168525000	     16753	800053aa	8ebd	c.xor	x13,x15	 x13:0x00000000 x15:0x00000000 x13=0x00000000
      168535000	     16754	800053ac	a58c6913	ori	x18,x24,-1448	 x24:0x60000000 x18=0xfffffa58
      168575000	     16758	800053b0	036322b3	mulhsu	x5,x6,x22	  x6:0x00000001 x22:0x00000000  x5=0x00000000
      168585000	     16759	800053b4	00a1ebb3	or	x23,x3,x10	  x3:0xffffffff x10:0x0000007f x23=0xffffffff
      168595000	     16760	800053b8	01ef4563	blt	x30,x30,800053c2	 x30:0x01000000 x30:0x01000000
      168605000	     16761	800053bc	41e7da93	srai	x21,x15,0x1e	 x15:0x00000000 x21=0x00000000
      168615000	     16762	800053c0	8ac2	c.mv	x21,x16	  x0:0x00000000 x16:0xffffffff x21=0xffffffff
      168625000	     16763	800053c2	41620ab3	sub	x21,x4,x22	  x4:0x00000000 x22:0x00000000 x21=0x00000000
      168635000	     16764	800053c6	99fd	c.andi	x11,-1	 x11:0xfffffffc x11=0xfffffffc
      168645000	     16765	800053c8	c609	c.beqz	x12,800053d2	 x12:0xffffffff
      168655000	     16766	800053ca	00d3f3b3	and	x7,x7,x13	  x7:0x00000000 x13:0x00000000  x7=0x00000000
      168665000	     16767	800053ce	31987813	andi	x16,x16,793	 x16:0xffffffff x16=0x00000319
      168675000	     16768	800053d2	36c598b7	lui	x17,0x36c59	 x17=0x36c59000
      168685000	     16769	800053d6	8a65c193	xori	x3,x11,-1882	 x11:0xfffffffc  x3=0x0000075a
      168695000	     16770	800053da	8949	c.andi	x10,18	 x10:0x0000007f x10=0x00000012
      168715000	     16772	800053dc	02716033	rem	x0,x2,x7	  x2:0xffffffff  x7:0x00000000  x0=0x00000000
      168725000	     16773	800053e0	0ff0000f	fence	iorw,iorw	
      168735000	     16774	800053e4	8fd1	c.or	x15,x12	 x15:0x00000000 x12:0xffffffff x15=0xffffffff
      168745000	     16775	800053e6	8ffd	c.and	x15,x15	 x15:0xffffffff x15:0xffffffff x15=0xffffffff
      168765000	     16777	800053e8	035e5533	divu	x10,x28,x21	 x28:0x00000000 x21:0x00000000 x10=0xffffffff
      169135000	     16814	800053ec	03e4f433	remu	x8,x9,x30	  x9:0x00000000 x30:0x01000000  x8=0x00000000
      169145000	     16815	800053f0	01f65813	srli	x16,x12,0x1f	 x12:0xffffffff x16=0x00000001
      169155000	     16816	800053f4	41a8d893	srai	x17,x17,0x1a	 x17:0x36c59000 x17=0x0000000d
      169165000	     16817	800053f8	410fda33	sra	x20,x31,x16	 x31:0x0000000b x16:0x00000001 x20=0x00000005
      169175000	     16818	800053fc	0001	c.addi	x0,0	  x0:0x00000000  x0=0x00000000
      169195000	     16820	800053fe	0291d433	divu	x8,x3,x9	  x3:0x0000075a  x9:0x00000000  x8=0xffffffff
      169205000	     16821	80005402	187d	c.addi	x16,-1	 x16:0x00000001 x16=0x00000000
      169215000	     16822	80005404	86a5	c.srai	x13,0x9	 x13:0x00000000 x13=0x00000000
      169225000	     16823	80005406	0001	c.addi	x0,0	  x0:0x00000000  x0=0x00000000
      169235000	     16824	80005408	0ff0000f	fence	iorw,iorw	
      169245000	     16825	8000540c	003ee833	or	x16,x29,x3	 x29:0x00000009  x3:0x0000075a x16=0x0000075b
      169255000	     16826	80005410	8cd1	c.or	x9,x12	  x9:0x00000000 x12:0xffffffff  x9=0xffffffff
      169265000	     16827	80005412	079c	c.addi4spn	x15,x2,960	 x15=0x000003bf
      169275000	     16828	80005414	0178ae33	slt	x28,x17,x23	 x17:0x0000000d x23:0xffffffff x28=0x00000000
      169285000	     16829	80005418	03f5	c.addi	x7,29	  x7:0x00000000  x7=0x0000001d
      169295000	     16830	8000541a	2857fd93	andi	x27,x15,645	 x15:0x000003bf x27=0x00000285
      169305000	     16831	8000541e	00ec1e33	sll	x28,x24,x14	 x24:0x60000000 x14:0x000000cf x28=0x00000000
      169315000	     16832	80005422	00eb93b3	sll	x7,x23,x14	 x23:0xffffffff x14:0x000000cf  x7=0xffff8000
      169325000	     16833	80005426	948a	c.add	x9,x2	  x9:0xffffffff  x2:0xffffffff  x9=0xfffffffe
      169335000	     16834	80005428	411486b3	sub	x13,x9,x17	  x9:0xfffffffe x17:0x0000000d x13=0xfffffff1
      169345000	     16835	8000542c	6159	c.addi16sp	x2,400	  x2:0xffffffff  x2=0x0000018f
      169385000	     16839	8000542e	02ce9eb3	mulh	x29,x29,x12	 x29:0x00000009 x12:0xffffffff x29=0xffffffff
      169395000	     16840	80005432	8e61	c.and	x12,x8	 x12:0xffffffff  x8:0xffffffff x12=0xffffffff
      169435000	     16844	80005434	03942133	mulhsu	x2,x8,x25	  x8:0xffffffff x25:0x80025ce4  x2=0xffffffff
      169475000	     16848	80005438	035136b3	mulhu	x13,x2,x21	  x2:0xffffffff x21:0x00000000 x13=0x00000000
      169485000	     16849	8000543c	07fe	c.slli	x15,0x1f	 x15:0x000003bf x15=0x80000000
      169495000	     16850	8000543e	2b50b3b7	lui	x7,0x2b50b	  x7=0x2b50b000
      169505000	     16851	80005442	9ad6dab7	lui	x21,0x9ad6d	 x21=0x9ad6d000
      169515000	     16852	80005446	0000100f	fence.i	
      169545000	     16855	8000544a	0243f163	bgeu	x7,x4,8000546c	  x7:0x2b50b000  x4:0x00000000
      169565000	     16857	8000546c	01b91833	sll	x16,x18,x27	 x18:0xfffffa58 x27:0x00000285 x16=0xffff4b00
      169575000	     16858	80005470	ebaa8193	addi	x3,x21,-326	 x21:0x9ad6d000  x3=0x9ad6ceba
      169615000	     16862	80005474	035010b3	mulh	x1,x0,x21	  x0:0x00000000 x21:0x9ad6d000  x1=0x00000000
      169655000	     16866	80005478	02bfb1b3	mulhu	x3,x31,x11	 x31:0x0000000b x11:0xfffffffc  x3=0x0000000a
      169665000	     16867	8000547c	8299	c.srli	x13,0x6	 x13:0x00000000 x13=0x00000000
      169675000	     16868	8000547e	e039	c.bnez	x8,800054c4	  x8:0xffffffff
      169695000	     16870	800054c4	ca8d	c.beqz	x13,800054f6	 x13:0x00000000
      169715000	     16872	800054f6	6afd	c.lui	x21,0x1f	 x21=0x0001f000
      169725000	     16873	800054f8	02304f63	blt	x0,x3,80005536	  x0:0x00000000  x3:0x0000000a
      169745000	     16875	80005536	0001	c.addi	x0,0	  x0:0x00000000  x0=0x00000000
      169755000	     16876	80005538	00b1dab3	srl	x21,x3,x11	  x3:0x0000000a x11:0xfffffffc x21=0x00000000
      169765000	     16877	8000553c	8096	c.mv	x1,x5	  x0:0x00000000  x5:0x00000000  x1=0x00000000
      169775000	     16878	8000553e	0ff0000f	fence	iorw,iorw	
      169785000	     16879	80005542	12e80013	addi	x0,x16,302	 x16:0xffff4b00  x0=0x00000000
      169795000	     16880	80005546	00bf6c63	bltu	x30,x11,8000555e	 x30:0x01000000 x11:0xfffffffc
      169825000	     16883	8000555e	fdffac13	slti	x24,x31,-33	 x31:0x0000000b x24=0x00000000
      169835000	     16884	80005562	8d35	c.xor	x10,x13	 x10:0xffffffff x13:0x00000000 x10=0xffffffff
      170205000	     16921	80005564	03bb6db3	rem	x27,x22,x27	 x22:0x00000000 x27:0x00000285 x27=0x00000000
      170215000	     16922	80005568	8add	c.andi	x13,23	 x13:0x00000000 x13=0x00000000
      170225000	     16923	8000556a	027ef163	bgeu	x29,x7,8000558c	 x29:0xffffffff  x7:0x2b50b000
      170275000	     16928	8000558c	03d4a3b3	mulhsu	x7,x9,x29	  x9:0xfffffffe x29:0xffffffff  x7=0xfffffffe
      170285000	     16929	80005590	b5edc193	xori	x3,x27,-1186	 x27:0x00000000  x3=0xfffffb5e
      170295000	     16930	80005594	5b7d	c.li	x22,-1	 x22=0xffffffff
      170335000	     16934	80005596	031b2233	mulhsu	x4,x22,x17	 x22:0xffffffff x17:0x0000000d  x4=0xffffffff
      170345000	     16935	8000559a	00ce9563	bne	x29,x12,800055a4	 x29:0xffffffff x12:0xffffffff
      170355000	     16936	8000559e	01a8bab3	sltu	x21,x17,x26	 x17:0x0000000d x26:0x80022539 x21=0x00000001
      170365000	     16937	800055a2	0001	c.addi	x0,0	  x0:0x00000000  x0=0x00000000
      170375000	     16938	800055a4	5b7d	c.li	x22,-1	 x22=0xffffffff
      170385000	     16939	800055a6	018fceb3	xor	x29,x31,x24	 x31:0x0000000b x24:0x00000000 x29=0x0000000b
      170395000	     16940	800055aa	00d688b3	add	x17,x13,x13	 x13:0x00000000 x13:0x00000000 x17=0x00000000
      170405000	     16941	800055ae	01a4e633	or	x12,x9,x26	  x9:0xfffffffe x26:0x80022539 x12=0xffffffff
      170415000	     16942	800055b2	40730db3	sub	x27,x6,x7	  x6:0x00000001  x7:0xfffffffe x27=0x00000003
      170425000	     16943	800055b6	01912e33	slt	x28,x2,x25	  x2:0xffffffff x25:0x80025ce4 x28=0x00000000
      170435000	     16944	800055ba	177d	c.addi	x14,-1	 x14:0x000000cf x14=0x000000ce
      170445000	     16945	800055bc	8f2d	c.xor	x14,x11	 x14:0x000000ce x11:0xfffffffc x14=0xffffff32
      170455000	     16946	800055be	02986863	bltu	x16,x9,800055ee	 x16:0xffff4b00  x9:0xfffffffe
      170485000	     16949	800055ee	01db98b3	sll	x17,x23,x29	 x23:0xffffffff x29:0x0000000b x17=0xfffff800
      170495000	     16950	800055f2	000bfeb3	and	x29,x23,x0	 x23:0xffffffff  x0:0x00000000 x29=0x00000000
      170505000	     16951	800055f6	00b57763	bgeu	x10,x11,80005604	 x10:0xffffffff x11:0xfffffffc
      170885000	     16989	80005604	0371f433	remu	x8,x3,x23	  x3:0xfffffb5e x23:0xffffffff  x8=0xfffffb5e
      170925000	     16993	80005608	0206a0b3	mulhsu	x1,x13,x0	 x13:0x00000000  x0:0x00000000  x1=0x00000000
      170935000	     16994	8000560c	5c1de113	ori	x2,x27,1473	 x27:0x00000003  x2=0x000005c3
      170945000	     16995	80005610	14fd	c.addi	x9,-1	  x9:0xfffffffe  x9=0xfffffffd
      170955000	     16996	80005612	ec717293	andi	x5,x2,-313	  x2:0x000005c3  x5=0x000004c3
      170995000	     17000	80005616	029fb633	mulhu	x12,x31,x9	 x31:0x0000000b  x9:0xfffffffd x12=0x0000000a
      171005000	     17001	8000561a	0001	c.addi	x0,0	  x0:0x00000000  x0=0x00000000
      171015000	     17002	8000561c	8161	c.srli	x10,0x18	 x10:0xffffffff x10=0x000000ff
      171025000	     17003	8000561e	717d	c.addi16sp	x2,-16	  x2:0x000005c3  x2=0x000005b3
      171035000	     17004	80005620	8475	c.srai	x8,0x1d	  x8:0xfffffb5e  x8=0xffffffff
      171045000	     17005	80005622	15fe1197	auipc	x3,0x15fe1	  x3=0x95fe6622
      171055000	     17006	80005626	01b60c33	add	x24,x12,x27	 x12:0x0000000a x27:0x00000003 x24=0x0000000d
      171065000	     17007	8000562a	1ce8ed93	ori	x27,x17,462	 x17:0xfffff800 x27=0xfffff9ce
      171105000	     17011	8000562e	029731b3	mulhu	x3,x14,x9	 x14:0xffffff32  x9:0xfffffffd  x3=0xffffff2f
      171115000	     17012	80005632	0f3e	c.slli	x30,0xf	 x30:0x01000000 x30=0x00000000
      171125000	     17013	80005634	0c00	c.addi4spn	x8,x2,528	  x8=0x000007c3
      171135000	     17014	80005636	0076d113	srli	x2,x13,0x7	 x13:0x00000000  x2=0x00000000
      171175000	     17018	8000563a	036711b3	mulh	x3,x14,x22	 x14:0xffffff32 x22:0xffffffff  x3=0x00000000
      171185000	     17019	8000563e	008afc33	and	x24,x21,x8	 x21:0x00000001  x8:0x000007c3 x24=0x00000001
      171195000	     17020	80005642	8f7d	c.and	x14,x15	 x14:0xffffff32 x15:0x80000000 x14=0x80000000
      171205000	     17021	80005644	0722f713	andi	x14,x5,114	  x5:0x000004c3 x14=0x00000042
      171215000	     17022	80005648	8c09	c.sub	x8,x10	  x8:0x000007c3 x10:0x000000ff  x8=0x000006c4
      171225000	     17023	8000564a	0049a603	lw	x12,4(x19)	 x19:0x80021df8 x12=0x800057d0 PA:0x80021dfc load:0x800057d0
      171235000	     17024	8000564e	09f1	c.addi	x19,28	 x19:0x80021df8 x19=0x80021e14
      171245000	     17025	80005650	0386	c.slli	x7,0x1	  x7:0xfffffffe  x7=0xfffffffc
      171255000	     17026	80005652	00060f13	addi	x30,x12,0	 x12:0x800057d0 x30=0x800057d0
      171265000	     17027	80005656	8f02	c.jr	x30	 x30:0x800057d0
      171285000	     17029	800057d0	85fd	c.srai	x11,0x1f	 x11:0xfffffffc x11=0xffffffff
      171295000	     17030	800057d2	4a322893	slti	x17,x4,1187	  x4:0xffffffff x17=0x00000001
      171305000	     17031	800057d6	4391	c.li	x7,4	  x7=0x00000004
      171345000	     17035	800057d8	02d720b3	mulhsu	x1,x14,x13	 x14:0x00000042 x13:0x00000000  x1=0x00000000
      171355000	     17036	800057dc	037ef663	bgeu	x29,x23,80005808	 x29:0x00000000 x23:0xffffffff
      171725000	     17073	800057e0	0281cf33	div	x30,x3,x8	  x3:0x00000000  x8:0x000006c4 x30=0x00000000
      171735000	     17074	800057e4	3c45b113	sltiu	x2,x11,964	 x11:0xffffffff  x2=0x00000000
      171745000	     17075	800057e8	8d85	c.sub	x11,x9	 x11:0xffffffff  x9:0xfffffffd x11=0x00000002
      171755000	     17076	800057ea	011eb4b3	sltu	x9,x29,x17	 x29:0x00000000 x17:0x00000001  x9=0x00000001
      171765000	     17077	800057ee	41c5	c.li	x3,17	  x3=0x00000011
      171775000	     17078	800057f0	8bb1	c.andi	x15,12	 x15:0x80000000 x15=0x00000000
      171785000	     17079	800057f2	0122	c.slli	x2,0x8	  x2:0x00000000  x2=0x00000000
      171795000	     17080	800057f4	019b1563	bne	x22,x25,800057fe	 x22:0xffffffff x25:0x80025ce4
      172185000	     17119	800057fe	02e7fdb3	remu	x27,x15,x14	 x15:0x00000000 x14:0x00000042 x27=0x00000000
      172195000	     17120	80005802	011684b3	add	x9,x13,x17	 x13:0x00000000 x17:0x00000001  x9=0x00000001
      172205000	     17121	80005806	8e7d	c.and	x12,x15	 x12:0x800057d0 x15:0x00000000 x12=0x00000000
      172215000	     17122	80005808	147d	c.addi	x8,-1	  x8:0x000006c4  x8=0x000006c3
      172235000	     17124	8000580a	02fac5b3	div	x11,x21,x15	 x21:0x00000001 x15:0x00000000 x11=0xffffffff
      172245000	     17125	8000580e	fdeb77b7	lui	x15,0xfdeb7	 x15=0xfdeb7000
      172255000	     17126	80005812	8f6d	c.and	x14,x11	 x14:0x00000042 x11:0xffffffff x14=0x00000042
      172265000	     17127	80005814	127d	c.addi	x4,-1	  x4:0xffffffff  x4=0xfffffffe
      172275000	     17128	80005816	0049a603	lw	x12,4(x19)	 x19:0x80021e14 x12=0x8000588a PA:0x80021e18 load:0x8000588a
      172285000	     17129	8000581a	00941a13	slli	x20,x8,0x9	  x8:0x000006c3 x20=0x000d8600
      172295000	     17130	8000581e	010128b3	slt	x17,x2,x16	  x2:0x00000000 x16:0xffff4b00 x17=0x00000000
      172305000	     17131	80005822	02498993	addi	x19,x19,36	 x19:0x80021e14 x19=0x80021e38
      172315000	     17132	80005826	04ba	c.slli	x9,0xe	  x9:0x00000001  x9=0x00004000
      172325000	     17133	80005828	00160b93	addi	x23,x12,1	 x12:0x8000588a x23=0x8000588b
      172335000	     17134	8000582c	000b8be7	jalr	x23,0(x23)	 x23:0x8000588b x23=0x80005830
      172355000	     17136	8000588a	8c25	c.xor	x8,x9	  x8:0x000006c3  x9:0x00004000  x8=0x000046c3
      172365000	     17137	8000588c	43cd	c.li	x7,19	  x7=0x00000013
      172375000	     17138	8000588e	0001	c.addi	x0,0	  x0:0x00000000  x0=0x00000000
      172385000	     17139	80005890	019eef33	or	x30,x29,x25	 x29:0x00000000 x25:0x80025ce4 x30=0x80025ce4
      172395000	     17140	80005894	01af9933	sll	x18,x31,x26	 x31:0x0000000b x26:0x80022539 x18=0x16000000
      172405000	     17141	80005898	013d5733	srl	x14,x26,x19	 x26:0x80022539 x19:0x80021e38 x14=0x00000080
      172415000	     17142	8000589c	cb0d	c.beqz	x14,800058ce	 x14:0x00000080
      172425000	     17143	8000589e	96f00b97	auipc	x23,0x96f00	 x23=0x16f0589e
      172465000	     17147	800058a2	039f1333	mulh	x6,x30,x25	 x30:0x80025ce4 x25:0x80025ce4  x6=0x3ffda321
      172475000	     17148	800058a6	31b30d93	addi	x27,x6,795	  x6:0x3ffda321 x27=0x3ffda63c
      172505000	     17151	800058aa	028502b3	mul	x5,x10,x8	 x10:0x000000ff  x8:0x000046c3  x5=0x00467c3d
      172875000	     17188	800058ae	03f16633	rem	x12,x2,x31	  x2:0x00000000 x31:0x0000000b x12=0x00000000
      172885000	     17189	800058b2	99fd	c.andi	x11,-1	 x11:0xffffffff x11=0xffffffff
      172895000	     17190	800058b4	00a8e533	or	x10,x17,x10	 x17:0x00000000 x10:0x000000ff x10=0x000000ff
      172905000	     17191	800058b8	40015a33	sra	x20,x2,x0	  x2:0x00000000  x0:0x00000000 x20=0x00000000
      172945000	     17195	800058bc	0208a733	mulhsu	x14,x17,x0	 x17:0x00000000  x0:0x00000000 x14=0x00000000
      172985000	     17199	800058c0	0325a233	mulhsu	x4,x11,x18	 x11:0xffffffff x18:0x16000000  x4=0xffffffff
      172995000	     17200	800058c4	0ff0000f	fence	iorw,iorw	
      173035000	     17204	800058c8	03bfb1b3	mulhu	x3,x31,x27	 x31:0x0000000b x27:0x3ffda63c  x3=0x00000002
      173045000	     17205	800058cc	e50d	c.bnez	x10,800058f6	 x10:0x000000ff
      173075000	     17208	800058f6	01f1c233	xor	x4,x3,x31	  x3:0x00000002 x31:0x0000000b  x4=0x00000009
      173085000	     17209	800058fa	7c252293	slti	x5,x10,1986	 x10:0x000000ff  x5=0x00000001
      173095000	     17210	800058fe	0049a603	lw	x12,4(x19)	 x19:0x80021e38 x12=0x80003568 PA:0x80021e3c load:0x80003568
      173105000	     17211	80005902	02c98993	addi	x19,x19,44	 x19:0x80021e38 x19=0x80021e64
      173115000	     17212	80005906	84277593	andi	x11,x14,-1982	 x14:0x00000000 x11=0x00000000
      173155000	     17216	8000590a	02321a33	mulh	x20,x4,x3	  x4:0x00000009  x3:0x00000002 x20=0x00000000
      173165000	     17217	8000590e	00060413	addi	x8,x12,0	 x12:0x80003568  x8=0x80003568
      173175000	     17218	80005912	8402	c.jr	x8	  x8:0x80003568
      173195000	     17220	80003568	0130fb33	and	x22,x1,x19	  x1:0x00000000 x19:0x80021e64 x22=0x00000000
      173205000	     17221	8000356c	0101c333	xor	x6,x3,x16	  x3:0x00000002 x16:0xffff4b00  x6=0xffff4b02
      173215000	     17222	80003570	01f2	c.slli	x3,0x1c	  x3:0x00000002  x3=0x20000000
      173225000	     17223	80003572	9d76	c.add	x26,x29	 x26:0x80022539 x29:0x00000000 x26=0x80022539
      173235000	     17224	80003574	01833933	sltu	x18,x6,x24	  x6:0xffff4b02 x24:0x00000001 x18=0x00000000
      173245000	     17225	80003578	40b6d5b3	sra	x11,x13,x11	 x13:0x00000000 x11:0x00000000 x11=0x00000000
      173255000	     17226	8000357c	8fbd	c.xor	x15,x15	 x15:0xfdeb7000 x15:0xfdeb7000 x15=0x00000000
      173265000	     17227	8000357e	717d	c.addi16sp	x2,-16	  x2:0x00000000  x2=0xfffffff0
      173275000	     17228	80003580	294ac193	xori	x3,x21,660	 x21:0x00000001  x3=0x00000295
      173285000	     17229	80003584	00416f33	or	x30,x2,x4	  x2:0xfffffff0  x4:0x00000009 x30=0xfffffff9
      173295000	     17230	80003588	00c43f33	sltu	x30,x8,x12	  x8:0x80003568 x12:0x80003568 x30=0x00000000
      173305000	     17231	8000358c	4c8ceb93	ori	x23,x25,1224	 x25:0x80025ce4 x23=0x80025cec
      173315000	     17232	80003590	0001	c.addi	x0,0	  x0:0x00000000  x0=0x00000000
      173325000	     17233	80003592	6759	c.lui	x14,0x16	 x14=0x00016000
      173335000	     17234	80003594	01c4c433	xor	x8,x9,x28	  x9:0x00004000 x28:0x00000000  x8=0x00004000
      173705000	     17271	80003598	026ef1b3	remu	x3,x29,x6	 x29:0x00000000  x6:0xffff4b02  x3=0x00000000
      173715000	     17272	8000359c	0ff0000f	fence	iorw,iorw	
      173725000	     17273	800035a0	8f2d	c.xor	x14,x11	 x14:0x00016000 x11:0x00000000 x14=0x00016000
      173735000	     17274	800035a2	8c45	c.or	x8,x9	  x8:0x00004000  x9:0x00004000  x8=0x00004000
      173745000	     17275	800035a4	016d9293	slli	x5,x27,0x16	 x27:0x3ffda63c  x5=0x8f000000
      173765000	     17277	800035a8	03d95bb3	divu	x23,x18,x29	 x18:0x00000000 x29:0x00000000 x23=0xffffffff
      174135000	     17314	800035ac	039ffeb3	remu	x29,x31,x25	 x31:0x0000000b x25:0x80025ce4 x29=0x0000000b
      174145000	     17315	800035b0	02a7fd63	bgeu	x15,x10,800035ea	 x15:0x00000000 x10:0x000000ff
      174155000	     17316	800035b4	0001	c.addi	x0,0	  x0:0x00000000  x0=0x00000000
      174165000	     17317	800035b6	01dcc633	xor	x12,x25,x29	 x25:0x80025ce4 x29:0x0000000b x12=0x80025cef
      174175000	     17318	800035ba	0001	c.addi	x0,0	  x0:0x00000000  x0=0x00000000
      174185000	     17319	800035bc	40d45793	srai	x15,x8,0xd	  x8:0x00004000 x15=0x00000002
      174195000	     17320	800035c0	0000100f	fence.i	
      174245000	     17325	800035c4	038f2933	mulhsu	x18,x30,x24	 x30:0x00000000 x24:0x00000001 x18=0x00000000
      174255000	     17326	800035c8	8ca1	c.xor	x9,x8	  x9:0x00004000  x8:0x00004000  x9=0x00000000
      174265000	     17327	800035ca	419f8db3	sub	x27,x31,x25	 x31:0x0000000b x25:0x80025ce4 x27=0x7ffda327
      174275000	     17328	800035ce	417cde93	srai	x29,x25,0x17	 x25:0x80025ce4 x29=0xffffff00
      174285000	     17329	800035d2	af188393	addi	x7,x17,-1295	 x17:0x00000000  x7=0xfffffaf1
      174295000	     17330	800035d6	717d	c.addi16sp	x2,-16	  x2:0xfffffff0  x2=0xffffffe0
      174305000	     17331	800035d8	01452d33	slt	x26,x10,x20	 x10:0x000000ff x20:0x00000000 x26=0x00000000
      174315000	     17332	800035dc	7417bc13	sltiu	x24,x15,1857	 x15:0x00000002 x24=0x00000001
      174325000	     17333	800035e0	4083d613	srai	x12,x7,0x8	  x7:0xfffffaf1 x12=0xfffffffa
      174695000	     17370	800035e4	025757b3	divu	x15,x14,x5	 x14:0x00016000  x5:0x8f000000 x15=0x00000000
      174705000	     17371	800035e8	82c5	c.srli	x13,0x11	 x13:0x00000000 x13=0x00000000
      174715000	     17372	800035ea	01b91c13	slli	x24,x18,0x1b	 x18:0x00000000 x24=0x00000000
      174725000	     17373	800035ee	002ce233	or	x4,x25,x2	 x25:0x80025ce4  x2:0xffffffe0  x4=0xffffffe4
      174735000	     17374	800035f2	0173d733	srl	x14,x7,x23	  x7:0xfffffaf1 x23:0xffffffff x14=0x00000001
      174745000	     17375	800035f6	0000100f	fence.i	
      174775000	     17378	800035fa	28b714b7	lui	x9,0x28b71	  x9=0x28b71000
      174815000	     17382	800035fe	02863a33	mulhu	x20,x12,x8	 x12:0xfffffffa  x8:0x00004000 x20=0x00003fff
      174825000	     17383	80003602	c2a9	c.beqz	x13,80003644	 x13:0x00000000
      174845000	     17385	80003644	02fb6f63	bltu	x22,x15,80003682	 x22:0x00000000 x15:0x00000000
      174855000	     17386	80003648	017a32b3	sltu	x5,x20,x23	 x20:0x00003fff x23:0xffffffff  x5=0x00000001
      174865000	     17387	8000364c	009c	c.addi4spn	x15,x2,64	 x15=0x00000020
      174905000	     17391	8000364e	022638b3	mulhu	x17,x12,x2	 x12:0xfffffffa  x2:0xffffffe0 x17=0xffffffda
      174915000	     17392	80003652	0057eeb3	or	x29,x15,x5	 x15:0x00000020  x5:0x00000001 x29=0x00000021
      174925000	     17393	80003656	00942d33	slt	x26,x8,x9	  x8:0x00004000  x9:0x28b71000 x26=0x00000001
      174935000	     17394	8000365a	00f9bbb3	sltu	x23,x19,x15	 x19:0x80021e64 x15:0x00000020 x23=0x00000000
      174945000	     17395	8000365e	02ffdf63	bge	x31,x15,8000369c	 x31:0x0000000b x15:0x00000020
      174955000	     17396	80003662	417d02b3	sub	x5,x26,x23	 x26:0x00000001 x23:0x00000000  x5=0x00000001
      174965000	     17397	80003666	8eb6	c.mv	x29,x13	  x0:0x00000000 x13:0x00000000 x29=0x00000000
      175335000	     17434	80003668	03b8f133	remu	x2,x17,x27	 x17:0xffffffda x27:0x7ffda327  x2=0x0004b98c
      175345000	     17435	8000366c	c59d	c.beqz	x11,8000369a	 x11:0x00000000
      175365000	     17437	8000369a	717d	c.addi16sp	x2,-16	  x2:0x0004b98c  x2=0x0004b97c
      175375000	     17438	8000369c	001b4433	xor	x8,x22,x1	 x22:0x00000000  x1:0x00000000  x8=0x00000000
      175415000	     17442	800036a0	02e53833	mulhu	x16,x10,x14	 x10:0x000000ff x14:0x00000001 x16=0x00000000
      175425000	     17443	800036a4	8f45	c.or	x14,x9	 x14:0x00000001  x9:0x28b71000 x14=0x28b71001
      175795000	     17480	800036a6	02eff6b3	remu	x13,x31,x14	 x31:0x0000000b x14:0x28b71001 x13=0x0000000b
      175805000	     17481	800036aa	41465433	sra	x8,x12,x20	 x12:0xfffffffa x20:0x00003fff  x8=0xffffffff
      175815000	     17482	800036ae	d4f08213	addi	x4,x1,-689	  x1:0x00000000  x4=0xfffffd4f
      176185000	     17519	800036b2	02f950b3	divu	x1,x18,x15	 x18:0x00000000 x15:0x00000020  x1=0x00000000
      176195000	     17520	800036b6	ffffdf97	auipc	x31,0xffffd	 x31=0x800006b6
      176205000	     17521	800036ba	cc6f8f93	addi	x31,x31,-826	 x31:0x800006b6 x31=0x8000037c
      176215000	     17522	800036be	000f8067	jalr	x0,0(x31)	 x31:0x8000037c  x0=0x00000000
      176235000	     17524	8000037c	900007b7	lui	x15,0x90000	 x15=0x90000000
      176245000	     17525	80000380	17e1	c.addi	x15,-8	 x15:0x90000000 x15=0x8ffffff8
      176255000	     17526	80000382	4e81	c.li	x29,0	 x29=0x00000000
      176265000	     17527	80000384	0ea2	c.slli	x29,0x8	 x29:0x00000000 x29=0x00000000
      176275000	     17528	80000386	0e85	c.addi	x29,1	 x29:0x00000000 x29=0x00000001
      176285000	     17529	80000388	01d7a023	sw	x29,0(x15)	 x15:0x8ffffff8 x29:0x00000001 PA:0x8ffffff8 store:0x00000001 load:0x00000000
      176295000	     17530	8000038c	00000073	ecall	
      176325000	     17533	80002700	0800006f	jal	x0,80002780	  x0=0x00000000
      176345000	     17535	80002780	1cf1	c.addi	x25,-4	 x25:0x80025ce4 x25=0x80025ce0
      176355000	     17536	80002782	013ca023	sw	x19,0(x25)	 x25:0x80025ce0 x19:0x80021e64 PA:0x80025ce0 store:0x80021e64 load:0x00000000
