core   0: 0x80000080 (0x40001db7) lui     s11, 0x40001
core   0: 3 0x80000080 (0x40001db7) x27 0x40001000
core   0: 0x80000084 (0x106d8d93) addi    s11, s11, 262
core   0: 3 0x80000084 (0x106d8d93) x27 0x40001106
core   0: 0x80000088 (0x301d9073) csrw    misa, s11
core   0: 3 0x80000088 (0x301d9073) c769_misa 0x40901104
core   0: 0x8000008c (0x0002d697) auipc   a3, 0x2d
core   0: 3 0x8000008c (0x0002d697) x13 0x8002d08c
core   0: 0x80000090 (0xc5868693) addi    a3, a3, -936
core   0: 3 0x80000090 (0xc5868693) x13 0x8002cce4
core   0: 0x80000094 (0x00003d97) auipc   s11, 0x3
core   0: 3 0x80000094 (0x00003d97) x27 0x80003094
core   0: 0x80000098 (0x96cd8d93) addi    s11, s11, -1684
core   0: 3 0x80000098 (0x96cd8d93) x27 0x80002a00
core   0: 0x8000009c (0x001ded93) ori     s11, s11, 1
core   0: 3 0x8000009c (0x001ded93) x27 0x80002a01
core   0: 0x800000a0 (0x305d9073) csrw    mtvec, s11
core   0: 3 0x800000a0 (0x305d9073) c773_mtvec 0x80002a01
core   0: 0x800000a4 (0x74725073) csrwi   mseccfg, 4
core   0: 3 0x800000a4 (0x74725073) c1863_mseccfg 0x00000004
core   0: 0x800000a8 (0x00003597) auipc   a1, 0x3
core   0: 3 0x800000a8 (0x00003597) x11 0x800030a8
core   0: 0x800000ac (0x71458593) addi    a1, a1, 1812
core   0: 3 0x800000ac (0x71458593) x11 0x800037bc
core   0: 0x800000b0 (0x00004d81) c.li    s11, 0
core   0: 3 0x800000b0 (0x4d81) x27 0x00000000
core   0: 0x800000b2 (0x000095ee) c.add   a1, s11
core   0: 3 0x800000b2 (0x95ee) x11 0x800037bc
core   0: 0x800000b4 (0x00008189) c.srli  a1, 2
core   0: 3 0x800000b4 (0x8189) x11 0x20000def
core   0: 0x800000b6 (0x3b059073) csrw    pmpaddr0, a1
core   0: 3 0x800000b6 (0x3b059073) c944_pmpaddr0 0x20000def
core   0: 0x800000ba (0x00003597) auipc   a1, 0x3
core   0: 3 0x800000ba (0x00003597) x11 0x800030ba
core   0: 0x800000be (0x70258593) addi    a1, a1, 1794
core   0: 3 0x800000be (0x70258593) x11 0x800037bc
core   0: 0x800000c2 (0x00006d89) c.lui   s11, 0x2
core   0: 3 0x800000c2 (0x6d89) x27 0x00002000
core   0: 0x800000c4 (0x666d8d93) addi    s11, s11, 1638
core   0: 3 0x800000c4 (0x666d8d93) x27 0x00002666
core   0: 0x800000c8 (0x000095ee) c.add   a1, s11
core   0: 3 0x800000c8 (0x95ee) x11 0x80005e22
core   0: 0x800000ca (0x00008189) c.srli  a1, 2
core   0: 3 0x800000ca (0x8189) x11 0x20001788
core   0: 0x800000cc (0x3b159073) csrw    pmpaddr1, a1
core   0: 3 0x800000cc (0x3b159073) c945_pmpaddr1 0x20001788
core   0: 0x800000d0 (0x00003597) auipc   a1, 0x3
core   0: 3 0x800000d0 (0x00003597) x11 0x800030d0
core   0: 0x800000d4 (0x6ec58593) addi    a1, a1, 1772
core   0: 3 0x800000d4 (0x6ec58593) x11 0x800037bc
core   0: 0x800000d8 (0x00006d95) c.lui   s11, 0x5
core   0: 3 0x800000d8 (0x6d95) x27 0x00005000
core   0: 0x800000da (0xcccd8d93) addi    s11, s11, -820
core   0: 3 0x800000da (0xcccd8d93) x27 0x00004ccc
core   0: 0x800000de (0x000095ee) c.add   a1, s11
core   0: 3 0x800000de (0x95ee) x11 0x80008488
core   0: 0x800000e0 (0x00008189) c.srli  a1, 2
core   0: 3 0x800000e0 (0x8189) x11 0x20002122
core   0: 0x800000e2 (0x3b259073) csrw    pmpaddr2, a1
core   0: 3 0x800000e2 (0x3b259073) c946_pmpaddr2 0x20002122
core   0: 0x800000e6 (0x00003597) auipc   a1, 0x3
core   0: 3 0x800000e6 (0x00003597) x11 0x800030e6
core   0: 0x800000ea (0x6d658593) addi    a1, a1, 1750
core   0: 3 0x800000ea (0x6d658593) x11 0x800037bc
core   0: 0x800000ee (0x00006d9d) c.lui   s11, 0x7
core   0: 3 0x800000ee (0x6d9d) x27 0x00007000
core   0: 0x800000f0 (0x332d8d93) addi    s11, s11, 818
core   0: 3 0x800000f0 (0x332d8d93) x27 0x00007332
core   0: 0x800000f4 (0x000095ee) c.add   a1, s11
core   0: 3 0x800000f4 (0x95ee) x11 0x8000aaee
core   0: 0x800000f6 (0x00008189) c.srli  a1, 2
core   0: 3 0x800000f6 (0x8189) x11 0x20002abb
core   0: 0x800000f8 (0x3b359073) csrw    pmpaddr3, a1
core   0: 3 0x800000f8 (0x3b359073) c947_pmpaddr3 0x20002abb
core   0: 0x800000fc (0x0f0f15b7) lui     a1, 0xf0f1
core   0: 3 0x800000fc (0x0f0f15b7) x11 0x0f0f1000
core   0: 0x80000100 (0xf0f58593) addi    a1, a1, -241
core   0: 3 0x80000100 (0xf0f58593) x11 0x0f0f0f0f
core   0: 0x80000104 (0x3a059073) csrw    pmpcfg0, a1
core   0: 3 0x80000104 (0x3a059073) c928_pmpcfg0 0x0f0f0f0f
core   0: 0x80000108 (0x00003597) auipc   a1, 0x3
core   0: 3 0x80000108 (0x00003597) x11 0x80003108
core   0: 0x8000010c (0x6b458593) addi    a1, a1, 1716
core   0: 3 0x8000010c (0x6b458593) x11 0x800037bc
core   0: 0x80000110 (0x00006da9) c.lui   s11, 0xa
core   0: 3 0x80000110 (0x6da9) x27 0x0000a000
core   0: 0x80000112 (0x998d8d93) addi    s11, s11, -1640
core   0: 3 0x80000112 (0x998d8d93) x27 0x00009998
core   0: 0x80000116 (0x000095ee) c.add   a1, s11
core   0: 3 0x80000116 (0x95ee) x11 0x8000d154
core   0: 0x80000118 (0x00008189) c.srli  a1, 2
core   0: 3 0x80000118 (0x8189) x11 0x20003455
core   0: 0x8000011a (0x3b459073) csrw    pmpaddr4, a1
core   0: 3 0x8000011a (0x3b459073) c948_pmpaddr4 0x20003455
core   0: 0x8000011e (0x00003597) auipc   a1, 0x3
core   0: 3 0x8000011e (0x00003597) x11 0x8000311e
core   0: 0x80000122 (0x69e58593) addi    a1, a1, 1694
core   0: 3 0x80000122 (0x69e58593) x11 0x800037bc
core   0: 0x80000126 (0x00006db1) c.lui   s11, 0xc
core   0: 3 0x80000126 (0x6db1) x27 0x0000c000
core   0: 0x80000128 (0x00001df9) c.addi  s11, -2
core   0: 3 0x80000128 (0x1df9) x27 0x0000bffe
core   0: 0x8000012a (0x000095ee) c.add   a1, s11
core   0: 3 0x8000012a (0x95ee) x11 0x8000f7ba
core   0: 0x8000012c (0x00008189) c.srli  a1, 2
core   0: 3 0x8000012c (0x8189) x11 0x20003dee
core   0: 0x8000012e (0x3b559073) csrw    pmpaddr5, a1
core   0: 3 0x8000012e (0x3b559073) c949_pmpaddr5 0x20003dee
core   0: 0x80000132 (0x00003597) auipc   a1, 0x3
core   0: 3 0x80000132 (0x00003597) x11 0x80003132
core   0: 0x80000136 (0x68a58593) addi    a1, a1, 1674
core   0: 3 0x80000136 (0x68a58593) x11 0x800037bc
core   0: 0x8000013a (0x00006db9) c.lui   s11, 0xe
core   0: 3 0x8000013a (0x6db9) x27 0x0000e000
core   0: 0x8000013c (0x664d8d93) addi    s11, s11, 1636
core   0: 3 0x8000013c (0x664d8d93) x27 0x0000e664
core   0: 0x80000140 (0x000095ee) c.add   a1, s11
core   0: 3 0x80000140 (0x95ee) x11 0x80011e20
core   0: 0x80000142 (0x00008189) c.srli  a1, 2
core   0: 3 0x80000142 (0x8189) x11 0x20004788
core   0: 0x80000144 (0x3b659073) csrw    pmpaddr6, a1
core   0: 3 0x80000144 (0x3b659073) c950_pmpaddr6 0x20004788
core   0: 0x80000148 (0x00003597) auipc   a1, 0x3
core   0: 3 0x80000148 (0x00003597) x11 0x80003148
core   0: 0x8000014c (0x67458593) addi    a1, a1, 1652
core   0: 3 0x8000014c (0x67458593) x11 0x800037bc
core   0: 0x80000150 (0x00006dc5) c.lui   s11, 0x11
core   0: 3 0x80000150 (0x6dc5) x27 0x00011000
core   0: 0x80000152 (0xccad8d93) addi    s11, s11, -822
core   0: 3 0x80000152 (0xccad8d93) x27 0x00010cca
core   0: 0x80000156 (0x000095ee) c.add   a1, s11
core   0: 3 0x80000156 (0x95ee) x11 0x80014486
core   0: 0x80000158 (0x00008189) c.srli  a1, 2
core   0: 3 0x80000158 (0x8189) x11 0x20005121
core   0: 0x8000015a (0x3b759073) csrw    pmpaddr7, a1
core   0: 3 0x8000015a (0x3b759073) c951_pmpaddr7 0x20005121
core   0: 0x8000015e (0x0f0f15b7) lui     a1, 0xf0f1
core   0: 3 0x8000015e (0x0f0f15b7) x11 0x0f0f1000
core   0: 0x80000162 (0xf0f58593) addi    a1, a1, -241
core   0: 3 0x80000162 (0xf0f58593) x11 0x0f0f0f0f
core   0: 0x80000166 (0x3a159073) csrw    pmpcfg1, a1
core   0: 3 0x80000166 (0x3a159073) c929_pmpcfg1 0x0f0f0f0f
core   0: 0x8000016a (0x00003597) auipc   a1, 0x3
core   0: 3 0x8000016a (0x00003597) x11 0x8000316a
core   0: 0x8000016e (0x65258593) addi    a1, a1, 1618
core   0: 3 0x8000016e (0x65258593) x11 0x800037bc
core   0: 0x80000172 (0x00006dcd) c.lui   s11, 0x13
core   0: 3 0x80000172 (0x6dcd) x27 0x00013000
core   0: 0x80000174 (0x330d8d93) addi    s11, s11, 816
core   0: 3 0x80000174 (0x330d8d93) x27 0x00013330
core   0: 0x80000178 (0x000095ee) c.add   a1, s11
core   0: 3 0x80000178 (0x95ee) x11 0x80016aec
core   0: 0x8000017a (0x00008189) c.srli  a1, 2
core   0: 3 0x8000017a (0x8189) x11 0x20005abb
core   0: 0x8000017c (0x3b859073) csrw    pmpaddr8, a1
core   0: 3 0x8000017c (0x3b859073) c952_pmpaddr8 0x20005abb
core   0: 0x80000180 (0x00003597) auipc   a1, 0x3
core   0: 3 0x80000180 (0x00003597) x11 0x80003180
core   0: 0x80000184 (0x63c58593) addi    a1, a1, 1596
core   0: 3 0x80000184 (0x63c58593) x11 0x800037bc
core   0: 0x80000188 (0x00006dd9) c.lui   s11, 0x16
core   0: 3 0x80000188 (0x6dd9) x27 0x00016000
core   0: 0x8000018a (0x996d8d93) addi    s11, s11, -1642
core   0: 3 0x8000018a (0x996d8d93) x27 0x00015996
core   0: 0x8000018e (0x000095ee) c.add   a1, s11
core   0: 3 0x8000018e (0x95ee) x11 0x80019152
core   0: 0x80000190 (0x00008189) c.srli  a1, 2
core   0: 3 0x80000190 (0x8189) x11 0x20006454
core   0: 0x80000192 (0x3b959073) csrw    pmpaddr9, a1
core   0: 3 0x80000192 (0x3b959073) c953_pmpaddr9 0x20006454
core   0: 0x80000196 (0x00003597) auipc   a1, 0x3
core   0: 3 0x80000196 (0x00003597) x11 0x80003196
core   0: 0x8000019a (0x62658593) addi    a1, a1, 1574
core   0: 3 0x8000019a (0x62658593) x11 0x800037bc
core   0: 0x8000019e (0x00006de1) c.lui   s11, 0x18
core   0: 3 0x8000019e (0x6de1) x27 0x00018000
core   0: 0x800001a0 (0x00001df1) c.addi  s11, -4
core   0: 3 0x800001a0 (0x1df1) x27 0x00017ffc
core   0: 0x800001a2 (0x000095ee) c.add   a1, s11
core   0: 3 0x800001a2 (0x95ee) x11 0x8001b7b8
core   0: 0x800001a4 (0x00008189) c.srli  a1, 2
core   0: 3 0x800001a4 (0x8189) x11 0x20006dee
core   0: 0x800001a6 (0x3ba59073) csrw    pmpaddr10, a1
core   0: 3 0x800001a6 (0x3ba59073) c954_pmpaddr10 0x20006dee
core   0: 0x800001aa (0x00003597) auipc   a1, 0x3
core   0: 3 0x800001aa (0x00003597) x11 0x800031aa
core   0: 0x800001ae (0x61258593) addi    a1, a1, 1554
core   0: 3 0x800001ae (0x61258593) x11 0x800037bc
core   0: 0x800001b2 (0x00006de9) c.lui   s11, 0x1a
core   0: 3 0x800001b2 (0x6de9) x27 0x0001a000
core   0: 0x800001b4 (0x662d8d93) addi    s11, s11, 1634
core   0: 3 0x800001b4 (0x662d8d93) x27 0x0001a662
core   0: 0x800001b8 (0x000095ee) c.add   a1, s11
core   0: 3 0x800001b8 (0x95ee) x11 0x8001de1e
core   0: 0x800001ba (0x00008189) c.srli  a1, 2
core   0: 3 0x800001ba (0x8189) x11 0x20007787
core   0: 0x800001bc (0x3bb59073) csrw    pmpaddr11, a1
core   0: 3 0x800001bc (0x3bb59073) c955_pmpaddr11 0x20007787
core   0: 0x800001c0 (0x0f0f15b7) lui     a1, 0xf0f1
core   0: 3 0x800001c0 (0x0f0f15b7) x11 0x0f0f1000
core   0: 0x800001c4 (0xf0f58593) addi    a1, a1, -241
core   0: 3 0x800001c4 (0xf0f58593) x11 0x0f0f0f0f
core   0: 0x800001c8 (0x3a259073) csrw    pmpcfg2, a1
core   0: 3 0x800001c8 (0x3a259073) c930_pmpcfg2 0x0f0f0f0f
core   0: 0x800001cc (0x00003597) auipc   a1, 0x3
core   0: 3 0x800001cc (0x00003597) x11 0x800031cc
core   0: 0x800001d0 (0x5f058593) addi    a1, a1, 1520
core   0: 3 0x800001d0 (0x5f058593) x11 0x800037bc
core   0: 0x800001d4 (0x00006df5) c.lui   s11, 0x1d
core   0: 3 0x800001d4 (0x6df5) x27 0x0001d000
core   0: 0x800001d6 (0xcc8d8d93) addi    s11, s11, -824
core   0: 3 0x800001d6 (0xcc8d8d93) x27 0x0001ccc8
core   0: 0x800001da (0x000095ee) c.add   a1, s11
core   0: 3 0x800001da (0x95ee) x11 0x80020484
core   0: 0x800001dc (0x00008189) c.srli  a1, 2
core   0: 3 0x800001dc (0x8189) x11 0x20008121
core   0: 0x800001de (0x3bc59073) csrw    pmpaddr12, a1
core   0: 3 0x800001de (0x3bc59073) c956_pmpaddr12 0x20008121
core   0: 0x800001e2 (0x00003597) auipc   a1, 0x3
core   0: 3 0x800001e2 (0x00003597) x11 0x800031e2
core   0: 0x800001e6 (0x5da58593) addi    a1, a1, 1498
core   0: 3 0x800001e6 (0x5da58593) x11 0x800037bc
core   0: 0x800001ea (0x00006dfd) c.lui   s11, 0x1f
core   0: 3 0x800001ea (0x6dfd) x27 0x0001f000
core   0: 0x800001ec (0x32ed8d93) addi    s11, s11, 814
core   0: 3 0x800001ec (0x32ed8d93) x27 0x0001f32e
core   0: 0x800001f0 (0x000095ee) c.add   a1, s11
core   0: 3 0x800001f0 (0x95ee) x11 0x80022aea
core   0: 0x800001f2 (0x00008189) c.srli  a1, 2
core   0: 3 0x800001f2 (0x8189) x11 0x20008aba
core   0: 0x800001f4 (0x3bd59073) csrw    pmpaddr13, a1
core   0: 3 0x800001f4 (0x3bd59073) c957_pmpaddr13 0x20008aba
core   0: 0x800001f8 (0x00003597) auipc   a1, 0x3
core   0: 3 0x800001f8 (0x00003597) x11 0x800031f8
core   0: 0x800001fc (0x5c458593) addi    a1, a1, 1476
core   0: 3 0x800001fc (0x5c458593) x11 0x800037bc
core   0: 0x80000200 (0x00022db7) lui     s11, 0x22
core   0: 3 0x80000200 (0x00022db7) x27 0x00022000
core   0: 0x80000204 (0x994d8d93) addi    s11, s11, -1644
core   0: 3 0x80000204 (0x994d8d93) x27 0x00021994
core   0: 0x80000208 (0x000095ee) c.add   a1, s11
core   0: 3 0x80000208 (0x95ee) x11 0x80025150
core   0: 0x8000020a (0x00008189) c.srli  a1, 2
core   0: 3 0x8000020a (0x8189) x11 0x20009454
core   0: 0x8000020c (0x3be59073) csrw    pmpaddr14, a1
core   0: 3 0x8000020c (0x3be59073) c958_pmpaddr14 0x20009454
core   0: 0x80000210 (0x00003597) auipc   a1, 0x3
core   0: 3 0x80000210 (0x00003597) x11 0x80003210
core   0: 0x80000214 (0x5ac58593) addi    a1, a1, 1452
core   0: 3 0x80000214 (0x5ac58593) x11 0x800037bc
core   0: 0x80000218 (0x00024db7) lui     s11, 0x24
core   0: 3 0x80000218 (0x00024db7) x27 0x00024000
core   0: 0x8000021c (0x00001de9) c.addi  s11, -6
core   0: 3 0x8000021c (0x1de9) x27 0x00023ffa
core   0: 0x8000021e (0x000095ee) c.add   a1, s11
core   0: 3 0x8000021e (0x95ee) x11 0x800277b6
core   0: 0x80000220 (0x00008189) c.srli  a1, 2
core   0: 3 0x80000220 (0x8189) x11 0x20009ded
core   0: 0x80000222 (0x3bf59073) csrw    pmpaddr15, a1
core   0: 3 0x80000222 (0x3bf59073) c959_pmpaddr15 0x20009ded
core   0: 0x80000226 (0x0f0f15b7) lui     a1, 0xf0f1
core   0: 3 0x80000226 (0x0f0f15b7) x11 0x0f0f1000
core   0: 0x8000022a (0xf0f58593) addi    a1, a1, -241
core   0: 3 0x8000022a (0xf0f58593) x11 0x0f0f0f0f
core   0: 0x8000022e (0x3a359073) csrw    pmpcfg3, a1
core   0: 3 0x8000022e (0x3a359073) c931_pmpcfg3 0x0f0f0f0f
core   0: 0x80000232 (0x74705073) csrwi   mseccfg, 0
core   0: 3 0x80000232 (0x74705073) c1863_mseccfg 0x00000000
core   0: 0x80000236 (0x78d025b7) lui     a1, 0x78d02
core   0: 3 0x80000236 (0x78d025b7) x11 0x78d02000
core   0: 0x8000023a (0xed458593) addi    a1, a1, -300
core   0: 3 0x8000023a (0xed458593) x11 0x78d01ed4
core   0: 0x8000023e (0x00003e17) auipc   t3, 0x3
core   0: 3 0x8000023e (0x00003e17) x28 0x8000323e
core   0: 0x80000242 (0x57ee0e13) addi    t3, t3, 1406
core   0: 3 0x80000242 (0x57ee0e13) x28 0x800037bc
core   0: 0x80000246 (0x000095f2) c.add   a1, t3
core   0: 3 0x80000246 (0x95f2) x11 0xf8d05690
core   0: 0x80000248 (0x3b0595f3) csrrw   a1, pmpaddr0, a1
core   0: 3 0x80000248 (0x3b0595f3) x11 0x20000def c944_pmpaddr0 0xf8d05690
core   0: 0x8000024c (0x3b0595f3) csrrw   a1, pmpaddr0, a1
core   0: 3 0x8000024c (0x3b0595f3) x11 0xf8d05690 c944_pmpaddr0 0x20000def
core   0: 0x80000250 (0x5d5b55b7) lui     a1, 0x5d5b5
core   0: 3 0x80000250 (0x5d5b55b7) x11 0x5d5b5000
core   0: 0x80000254 (0x10f58593) addi    a1, a1, 271
core   0: 3 0x80000254 (0x10f58593) x11 0x5d5b510f
core   0: 0x80000258 (0x3a0595f3) csrrw   a1, pmpcfg0, a1
core   0: 3 0x80000258 (0x3a0595f3) x11 0x0f0f0f0f c928_pmpcfg0 0x1d1b110f
core   0: 0x8000025c (0x3a0595f3) csrrw   a1, pmpcfg0, a1
core   0: 3 0x8000025c (0x3a0595f3) x11 0x1d1b110f c928_pmpcfg0 0x0f0f0f0f
core   0: 0x80000260 (0x4428a5b7) lui     a1, 0x4428a
core   0: 3 0x80000260 (0x4428a5b7) x11 0x4428a000
core   0: 0x80000264 (0x8ad58593) addi    a1, a1, -1875
core   0: 3 0x80000264 (0x8ad58593) x11 0x442898ad
core   0: 0x80000268 (0x00003e17) auipc   t3, 0x3
core   0: 3 0x80000268 (0x00003e17) x28 0x80003268
core   0: 0x8000026c (0x554e0e13) addi    t3, t3, 1364
core   0: 3 0x8000026c (0x554e0e13) x28 0x800037bc
core   0: 0x80000270 (0x000095f2) c.add   a1, t3
core   0: 3 0x80000270 (0x95f2) x11 0xc428d069
core   0: 0x80000272 (0x3b1595f3) csrrw   a1, pmpaddr1, a1
core   0: 3 0x80000272 (0x3b1595f3) x11 0x20001788 c945_pmpaddr1 0xc428d069
core   0: 0x80000276 (0x3b1595f3) csrrw   a1, pmpaddr1, a1
core   0: 3 0x80000276 (0x3b1595f3) x11 0xc428d069 c945_pmpaddr1 0x20001788
core   0: 0x8000027a (0x2c0345b7) lui     a1, 0x2c034
core   0: 3 0x8000027a (0x2c0345b7) x11 0x2c034000
core   0: 0x8000027e (0x80f58593) addi    a1, a1, -2033
core   0: 3 0x8000027e (0x80f58593) x11 0x2c03380f
core   0: 0x80000282 (0x3a0595f3) csrrw   a1, pmpcfg0, a1
core   0: 3 0x80000282 (0x3a0595f3) x11 0x0f0f0f0f c928_pmpcfg0 0x0c03180f
core   0: 0x80000286 (0x3a0595f3) csrrw   a1, pmpcfg0, a1
core   0: 3 0x80000286 (0x3a0595f3) x11 0x0c03180f c928_pmpcfg0 0x0f0f0f0f
core   0: 0x8000028a (0x49dfc5b7) lui     a1, 0x49dfc
core   0: 3 0x8000028a (0x49dfc5b7) x11 0x49dfc000
core   0: 0x8000028e (0x69758593) addi    a1, a1, 1687
core   0: 3 0x8000028e (0x69758593) x11 0x49dfc697
core   0: 0x80000292 (0x00003e17) auipc   t3, 0x3
core   0: 3 0x80000292 (0x00003e17) x28 0x80003292
core   0: 0x80000296 (0x52ae0e13) addi    t3, t3, 1322
core   0: 3 0x80000296 (0x52ae0e13) x28 0x800037bc
core   0: 0x8000029a (0x000095f2) c.add   a1, t3
core   0: 3 0x8000029a (0x95f2) x11 0xc9dffe53
core   0: 0x8000029c (0x3b2595f3) csrrw   a1, pmpaddr2, a1
core   0: 3 0x8000029c (0x3b2595f3) x11 0x20002122 c946_pmpaddr2 0xc9dffe53
core   0: 0x800002a0 (0x3b2595f3) csrrw   a1, pmpaddr2, a1
core   0: 3 0x800002a0 (0x3b2595f3) x11 0xc9dffe53 c946_pmpaddr2 0x20002122
core   0: 0x800002a4 (0x434845b7) lui     a1, 0x43484
core   0: 3 0x800002a4 (0x434845b7) x11 0x43484000
core   0: 0x800002a8 (0xb0f58593) addi    a1, a1, -1265
core   0: 3 0x800002a8 (0xb0f58593) x11 0x43483b0f
core   0: 0x800002ac (0x3a0595f3) csrrw   a1, pmpcfg0, a1
core   0: 3 0x800002ac (0x3a0595f3) x11 0x0f0f0f0f c928_pmpcfg0 0x03081b0f
core   0: 0x800002b0 (0x3a0595f3) csrrw   a1, pmpcfg0, a1
core   0: 3 0x800002b0 (0x3a0595f3) x11 0x03081b0f c928_pmpcfg0 0x0f0f0f0f
core   0: 0x800002b4 (0x3e8f75b7) lui     a1, 0x3e8f7
core   0: 3 0x800002b4 (0x3e8f75b7) x11 0x3e8f7000
core   0: 0x800002b8 (0x3f458593) addi    a1, a1, 1012
core   0: 3 0x800002b8 (0x3f458593) x11 0x3e8f73f4
core   0: 0x800002bc (0x00003e17) auipc   t3, 0x3
core   0: 3 0x800002bc (0x00003e17) x28 0x800032bc
core   0: 0x800002c0 (0x500e0e13) addi    t3, t3, 1280
core   0: 3 0x800002c0 (0x500e0e13) x28 0x800037bc
core   0: 0x800002c4 (0x000095f2) c.add   a1, t3
core   0: 3 0x800002c4 (0x95f2) x11 0xbe8fabb0
core   0: 0x800002c6 (0x3b3595f3) csrrw   a1, pmpaddr3, a1
core   0: 3 0x800002c6 (0x3b3595f3) x11 0x20002abb c947_pmpaddr3 0xbe8fabb0
core   0: 0x800002ca (0x3b3595f3) csrrw   a1, pmpaddr3, a1
core   0: 3 0x800002ca (0x3b3595f3) x11 0xbe8fabb0 c947_pmpaddr3 0x20002abb
core   0: 0x800002ce (0x6f0365b7) lui     a1, 0x6f036
core   0: 3 0x800002ce (0x6f0365b7) x11 0x6f036000
core   0: 0x800002d2 (0x80f58593) addi    a1, a1, -2033
core   0: 3 0x800002d2 (0x80f58593) x11 0x6f03580f
core   0: 0x800002d6 (0x3a0595f3) csrrw   a1, pmpcfg0, a1
core   0: 3 0x800002d6 (0x3a0595f3) x11 0x0f0f0f0f c928_pmpcfg0 0x0f03180f
core   0: 0x800002da (0x3a0595f3) csrrw   a1, pmpcfg0, a1
core   0: 3 0x800002da (0x3a0595f3) x11 0x0f03180f c928_pmpcfg0 0x0f0f0f0f
core   0: 0x800002de (0x1fd455b7) lui     a1, 0x1fd45
core   0: 3 0x800002de (0x1fd455b7) x11 0x1fd45000
core   0: 0x800002e2 (0x4e458593) addi    a1, a1, 1252
core   0: 3 0x800002e2 (0x4e458593) x11 0x1fd454e4
core   0: 0x800002e6 (0x00003e17) auipc   t3, 0x3
core   0: 3 0x800002e6 (0x00003e17) x28 0x800032e6
core   0: 0x800002ea (0x4d6e0e13) addi    t3, t3, 1238
core   0: 3 0x800002ea (0x4d6e0e13) x28 0x800037bc
core   0: 0x800002ee (0x000095f2) c.add   a1, t3
core   0: 3 0x800002ee (0x95f2) x11 0x9fd48ca0
core   0: 0x800002f0 (0x3b4595f3) csrrw   a1, pmpaddr4, a1
core   0: 3 0x800002f0 (0x3b4595f3) x11 0x20003455 c948_pmpaddr4 0x9fd48ca0
core   0: 0x800002f4 (0x3b4595f3) csrrw   a1, pmpaddr4, a1
core   0: 3 0x800002f4 (0x3b4595f3) x11 0x9fd48ca0 c948_pmpaddr4 0x20003455
core   0: 0x800002f8 (0x514545b7) lui     a1, 0x51454
core   0: 3 0x800002f8 (0x514545b7) x11 0x51454000
core   0: 0x800002fc (0xf3f58593) addi    a1, a1, -193
core   0: 3 0x800002fc (0xf3f58593) x11 0x51453f3f
core   0: 0x80000300 (0x3a1595f3) csrrw   a1, pmpcfg1, a1
core   0: 3 0x80000300 (0x3a1595f3) x11 0x0f0f0f0f c929_pmpcfg1 0x11051f1f
core   0: 0x80000304 (0x3a1595f3) csrrw   a1, pmpcfg1, a1
core   0: 3 0x80000304 (0x3a1595f3) x11 0x11051f1f c929_pmpcfg1 0x0f0f0f0f
core   0: 0x80000308 (0x19edd5b7) lui     a1, 0x19edd
core   0: 3 0x80000308 (0x19edd5b7) x11 0x19edd000
core   0: 0x8000030c (0x03858593) addi    a1, a1, 56
core   0: 3 0x8000030c (0x03858593) x11 0x19edd038
core   0: 0x80000310 (0x00003e17) auipc   t3, 0x3
core   0: 3 0x80000310 (0x00003e17) x28 0x80003310
core   0: 0x80000314 (0x4ace0e13) addi    t3, t3, 1196
core   0: 3 0x80000314 (0x4ace0e13) x28 0x800037bc
core   0: 0x80000318 (0x000095f2) c.add   a1, t3
core   0: 3 0x80000318 (0x95f2) x11 0x99ee07f4
core   0: 0x8000031a (0x3b5595f3) csrrw   a1, pmpaddr5, a1
core   0: 3 0x8000031a (0x3b5595f3) x11 0x20003dee c949_pmpaddr5 0x99ee07f4
core   0: 0x8000031e (0x3b5595f3) csrrw   a1, pmpaddr5, a1
core   0: 3 0x8000031e (0x3b5595f3) x11 0x99ee07f4 c949_pmpaddr5 0x20003dee
core   0: 0x80000322 (0x707365b7) lui     a1, 0x70736
core   0: 3 0x80000322 (0x707365b7) x11 0x70736000
core   0: 0x80000326 (0x41c58593) addi    a1, a1, 1052
core   0: 3 0x80000326 (0x41c58593) x11 0x7073641c
core   0: 0x8000032a (0x3a1595f3) csrrw   a1, pmpcfg1, a1
core   0: 3 0x8000032a (0x3a1595f3) x11 0x0f0f0f0f c929_pmpcfg1 0x1013041c
core   0: 0x8000032e (0x3a1595f3) csrrw   a1, pmpcfg1, a1
core   0: 3 0x8000032e (0x3a1595f3) x11 0x1013041c c929_pmpcfg1 0x0f0f0f0f
core   0: 0x80000332 (0x0d13f5b7) lui     a1, 0xd13f
core   0: 3 0x80000332 (0x0d13f5b7) x11 0x0d13f000
core   0: 0x80000336 (0x61558593) addi    a1, a1, 1557
core   0: 3 0x80000336 (0x61558593) x11 0x0d13f615
core   0: 0x8000033a (0x00003e17) auipc   t3, 0x3
core   0: 3 0x8000033a (0x00003e17) x28 0x8000333a
core   0: 0x8000033e (0x482e0e13) addi    t3, t3, 1154
core   0: 3 0x8000033e (0x482e0e13) x28 0x800037bc
core   0: 0x80000342 (0x000095f2) c.add   a1, t3
core   0: 3 0x80000342 (0x95f2) x11 0x8d142dd1
core   0: 0x80000344 (0x3b6595f3) csrrw   a1, pmpaddr6, a1
core   0: 3 0x80000344 (0x3b6595f3) x11 0x20004788 c950_pmpaddr6 0x8d142dd1
core   0: 0x80000348 (0x3b6595f3) csrrw   a1, pmpaddr6, a1
core   0: 3 0x80000348 (0x3b6595f3) x11 0x8d142dd1 c950_pmpaddr6 0x20004788
core   0: 0x8000034c (0x243355b7) lui     a1, 0x24335
core   0: 3 0x8000034c (0x243355b7) x11 0x24335000
core   0: 0x80000350 (0x83458593) addi    a1, a1, -1996
core   0: 3 0x80000350 (0x83458593) x11 0x24334834
core   0: 0x80000354 (0x3a1595f3) csrrw   a1, pmpcfg1, a1
core   0: 3 0x80000354 (0x3a1595f3) x11 0x0f0f0f0f c929_pmpcfg1 0x04130814
core   0: 0x80000358 (0x3a1595f3) csrrw   a1, pmpcfg1, a1
core   0: 3 0x80000358 (0x3a1595f3) x11 0x04130814 c929_pmpcfg1 0x0f0f0f0f
core   0: 0x8000035c (0x0e9655b7) lui     a1, 0xe965
core   0: 3 0x8000035c (0x0e9655b7) x11 0x0e965000
core   0: 0x80000360 (0xf6a58593) addi    a1, a1, -150
core   0: 3 0x80000360 (0xf6a58593) x11 0x0e964f6a
core   0: 0x80000364 (0x00003e17) auipc   t3, 0x3
core   0: 3 0x80000364 (0x00003e17) x28 0x80003364
core   0: 0x80000368 (0x458e0e13) addi    t3, t3, 1112
core   0: 3 0x80000368 (0x458e0e13) x28 0x800037bc
core   0: 0x8000036c (0x000095f2) c.add   a1, t3
core   0: 3 0x8000036c (0x95f2) x11 0x8e968726
core   0: 0x8000036e (0x3b7595f3) csrrw   a1, pmpaddr7, a1
core   0: 3 0x8000036e (0x3b7595f3) x11 0x20005121 c951_pmpaddr7 0x8e968726
core   0: 0x80000372 (0x3b7595f3) csrrw   a1, pmpaddr7, a1
core   0: 3 0x80000372 (0x3b7595f3) x11 0x8e968726 c951_pmpaddr7 0x20005121
core   0: 0x80000376 (0x515325b7) lui     a1, 0x51532
core   0: 3 0x80000376 (0x515325b7) x11 0x51532000
core   0: 0x8000037a (0xf7f58593) addi    a1, a1, -129
core   0: 3 0x8000037a (0xf7f58593) x11 0x51531f7f
core   0: 0x8000037e (0x3a1595f3) csrrw   a1, pmpcfg1, a1
core   0: 3 0x8000037e (0x3a1595f3) x11 0x0f0f0f0f c929_pmpcfg1 0x11131f1f
core   0: 0x80000382 (0x3a1595f3) csrrw   a1, pmpcfg1, a1
core   0: 3 0x80000382 (0x3a1595f3) x11 0x11131f1f c929_pmpcfg1 0x0f0f0f0f
core   0: 0x80000386 (0x01bbf5b7) lui     a1, 0x1bbf
core   0: 3 0x80000386 (0x01bbf5b7) x11 0x01bbf000
core   0: 0x8000038a (0x21158593) addi    a1, a1, 529
core   0: 3 0x8000038a (0x21158593) x11 0x01bbf211
core   0: 0x8000038e (0x00003e17) auipc   t3, 0x3
core   0: 3 0x8000038e (0x00003e17) x28 0x8000338e
core   0: 0x80000392 (0x42ee0e13) addi    t3, t3, 1070
core   0: 3 0x80000392 (0x42ee0e13) x28 0x800037bc
core   0: 0x80000396 (0x000095f2) c.add   a1, t3
core   0: 3 0x80000396 (0x95f2) x11 0x81bc29cd
core   0: 0x80000398 (0x3b8595f3) csrrw   a1, pmpaddr8, a1
core   0: 3 0x80000398 (0x3b8595f3) x11 0x20005abb c952_pmpaddr8 0x81bc29cd
core   0: 0x8000039c (0x3b8595f3) csrrw   a1, pmpaddr8, a1
core   0: 3 0x8000039c (0x3b8595f3) x11 0x81bc29cd c952_pmpaddr8 0x20005abb
core   0: 0x800003a0 (0x405f55b7) lui     a1, 0x405f5
core   0: 3 0x800003a0 (0x405f55b7) x11 0x405f5000
core   0: 0x800003a4 (0x94f58593) addi    a1, a1, -1713
core   0: 3 0x800003a4 (0x94f58593) x11 0x405f494f
core   0: 0x800003a8 (0x3a2595f3) csrrw   a1, pmpcfg2, a1
core   0: 3 0x800003a8 (0x3a2595f3) x11 0x0f0f0f0f c930_pmpcfg2 0x001f090f
core   0: 0x800003ac (0x3a2595f3) csrrw   a1, pmpcfg2, a1
core   0: 3 0x800003ac (0x3a2595f3) x11 0x001f090f c930_pmpcfg2 0x0f0f0f0f
core   0: 0x800003b0 (0x245605b7) lui     a1, 0x24560
core   0: 3 0x800003b0 (0x245605b7) x11 0x24560000
core   0: 0x800003b4 (0x5c658593) addi    a1, a1, 1478
core   0: 3 0x800003b4 (0x5c658593) x11 0x245605c6
core   0: 0x800003b8 (0x00003e17) auipc   t3, 0x3
core   0: 3 0x800003b8 (0x00003e17) x28 0x800033b8
core   0: 0x800003bc (0x404e0e13) addi    t3, t3, 1028
core   0: 3 0x800003bc (0x404e0e13) x28 0x800037bc
core   0: 0x800003c0 (0x000095f2) c.add   a1, t3
core   0: 3 0x800003c0 (0x95f2) x11 0xa4563d82
core   0: 0x800003c2 (0x3b9595f3) csrrw   a1, pmpaddr9, a1
core   0: 3 0x800003c2 (0x3b9595f3) x11 0x20006454 c953_pmpaddr9 0xa4563d82
core   0: 0x800003c6 (0x3b9595f3) csrrw   a1, pmpaddr9, a1
core   0: 3 0x800003c6 (0x3b9595f3) x11 0xa4563d82 c953_pmpaddr9 0x20006454
core   0: 0x800003ca (0x7f5f45b7) lui     a1, 0x7f5f4
core   0: 3 0x800003ca (0x7f5f45b7) x11 0x7f5f4000
core   0: 0x800003ce (0xc1158593) addi    a1, a1, -1007
core   0: 3 0x800003ce (0xc1158593) x11 0x7f5f3c11
core   0: 0x800003d2 (0x3a2595f3) csrrw   a1, pmpcfg2, a1
core   0: 3 0x800003d2 (0x3a2595f3) x11 0x0f0f0f0f c930_pmpcfg2 0x1f1f1c11
core   0: 0x800003d6 (0x3a2595f3) csrrw   a1, pmpcfg2, a1
core   0: 3 0x800003d6 (0x3a2595f3) x11 0x1f1f1c11 c930_pmpcfg2 0x0f0f0f0f
core   0: 0x800003da (0x2b28a5b7) lui     a1, 0x2b28a
core   0: 3 0x800003da (0x2b28a5b7) x11 0x2b28a000
core   0: 0x800003de (0x5ca58593) addi    a1, a1, 1482
core   0: 3 0x800003de (0x5ca58593) x11 0x2b28a5ca
core   0: 0x800003e2 (0x00003e17) auipc   t3, 0x3
core   0: 3 0x800003e2 (0x00003e17) x28 0x800033e2
core   0: 0x800003e6 (0x3dae0e13) addi    t3, t3, 986
core   0: 3 0x800003e6 (0x3dae0e13) x28 0x800037bc
core   0: 0x800003ea (0x000095f2) c.add   a1, t3
core   0: 3 0x800003ea (0x95f2) x11 0xab28dd86
core   0: 0x800003ec (0x3ba595f3) csrrw   a1, pmpaddr10, a1
core   0: 3 0x800003ec (0x3ba595f3) x11 0x20006dee c954_pmpaddr10 0xab28dd86
core   0: 0x800003f0 (0x3ba595f3) csrrw   a1, pmpaddr10, a1
core   0: 3 0x800003f0 (0x3ba595f3) x11 0xab28dd86 c954_pmpaddr10 0x20006dee
core   0: 0x800003f4 (0x7d0125b7) lui     a1, 0x7d012
core   0: 3 0x800003f4 (0x7d0125b7) x11 0x7d012000
core   0: 0x800003f8 (0x76358593) addi    a1, a1, 1891
core   0: 3 0x800003f8 (0x76358593) x11 0x7d012763
core   0: 0x800003fc (0x3a2595f3) csrrw   a1, pmpcfg2, a1
core   0: 3 0x800003fc (0x3a2595f3) x11 0x0f0f0f0f c930_pmpcfg2 0x1d010703
core   0: 0x80000400 (0x3a2595f3) csrrw   a1, pmpcfg2, a1
core   0: 3 0x80000400 (0x3a2595f3) x11 0x1d010703 c930_pmpcfg2 0x0f0f0f0f
core   0: 0x80000404 (0x49f8d5b7) lui     a1, 0x49f8d
core   0: 3 0x80000404 (0x49f8d5b7) x11 0x49f8d000
core   0: 0x80000408 (0xb5558593) addi    a1, a1, -1195
core   0: 3 0x80000408 (0xb5558593) x11 0x49f8cb55
core   0: 0x8000040c (0x00003e17) auipc   t3, 0x3
core   0: 3 0x8000040c (0x00003e17) x28 0x8000340c
core   0: 0x80000410 (0x3b0e0e13) addi    t3, t3, 944
core   0: 3 0x80000410 (0x3b0e0e13) x28 0x800037bc
core   0: 0x80000414 (0x000095f2) c.add   a1, t3
core   0: 3 0x80000414 (0x95f2) x11 0xc9f90311
core   0: 0x80000416 (0x3bb595f3) csrrw   a1, pmpaddr11, a1
core   0: 3 0x80000416 (0x3bb595f3) x11 0x20007787 c955_pmpaddr11 0xc9f90311
core   0: 0x8000041a (0x3bb595f3) csrrw   a1, pmpaddr11, a1
core   0: 3 0x8000041a (0x3bb595f3) x11 0xc9f90311 c955_pmpaddr11 0x20007787
core   0: 0x8000041e (0x456525b7) lui     a1, 0x45652
core   0: 3 0x8000041e (0x456525b7) x11 0x45652000
core   0: 0x80000422 (0x05058593) addi    a1, a1, 80
core   0: 3 0x80000422 (0x05058593) x11 0x45652050
core   0: 0x80000426 (0x3a2595f3) csrrw   a1, pmpcfg2, a1
core   0: 3 0x80000426 (0x3a2595f3) x11 0x0f0f0f0f c930_pmpcfg2 0x05050010
core   0: 0x8000042a (0x3a2595f3) csrrw   a1, pmpcfg2, a1
core   0: 3 0x8000042a (0x3a2595f3) x11 0x05050010 c930_pmpcfg2 0x0f0f0f0f
core   0: 0x8000042e (0x4373b5b7) lui     a1, 0x4373b
core   0: 3 0x8000042e (0x4373b5b7) x11 0x4373b000
core   0: 0x80000432 (0xcbe58593) addi    a1, a1, -834
core   0: 3 0x80000432 (0xcbe58593) x11 0x4373acbe
core   0: 0x80000436 (0x00003e17) auipc   t3, 0x3
core   0: 3 0x80000436 (0x00003e17) x28 0x80003436
core   0: 0x8000043a (0x386e0e13) addi    t3, t3, 902
core   0: 3 0x8000043a (0x386e0e13) x28 0x800037bc
core   0: 0x8000043e (0x000095f2) c.add   a1, t3
core   0: 3 0x8000043e (0x95f2) x11 0xc373e47a
core   0: 0x80000440 (0x3bc595f3) csrrw   a1, pmpaddr12, a1
core   0: 3 0x80000440 (0x3bc595f3) x11 0x20008121 c956_pmpaddr12 0xc373e47a
core   0: 0x80000444 (0x3bc595f3) csrrw   a1, pmpaddr12, a1
core   0: 3 0x80000444 (0x3bc595f3) x11 0xc373e47a c956_pmpaddr12 0x20008121
core   0: 0x80000448 (0x110755b7) lui     a1, 0x11075
core   0: 3 0x80000448 (0x110755b7) x11 0x11075000
core   0: 0x8000044c (0xd3f58593) addi    a1, a1, -705
core   0: 3 0x8000044c (0xd3f58593) x11 0x11074d3f
core   0: 0x80000450 (0x3a3595f3) csrrw   a1, pmpcfg3, a1
core   0: 3 0x80000450 (0x3a3595f3) x11 0x0f0f0f0f c931_pmpcfg3 0x11070d1f
core   0: 0x80000454 (0x3a3595f3) csrrw   a1, pmpcfg3, a1
core   0: 3 0x80000454 (0x3a3595f3) x11 0x11070d1f c931_pmpcfg3 0x0f0f0f0f
core   0: 0x80000458 (0x5cc3c5b7) lui     a1, 0x5cc3c
core   0: 3 0x80000458 (0x5cc3c5b7) x11 0x5cc3c000
core   0: 0x8000045c (0xd6a58593) addi    a1, a1, -662
core   0: 3 0x8000045c (0xd6a58593) x11 0x5cc3bd6a
core   0: 0x80000460 (0x00003e17) auipc   t3, 0x3
core   0: 3 0x80000460 (0x00003e17) x28 0x80003460
core   0: 0x80000464 (0x35ce0e13) addi    t3, t3, 860
core   0: 3 0x80000464 (0x35ce0e13) x28 0x800037bc
core   0: 0x80000468 (0x000095f2) c.add   a1, t3
core   0: 3 0x80000468 (0x95f2) x11 0xdcc3f526
core   0: 0x8000046a (0x3bd595f3) csrrw   a1, pmpaddr13, a1
core   0: 3 0x8000046a (0x3bd595f3) x11 0x20008aba c957_pmpaddr13 0xdcc3f526
core   0: 0x8000046e (0x3bd595f3) csrrw   a1, pmpaddr13, a1
core   0: 3 0x8000046e (0x3bd595f3) x11 0xdcc3f526 c957_pmpaddr13 0x20008aba
core   0: 0x80000472 (0x5f3d75b7) lui     a1, 0x5f3d7
core   0: 3 0x80000472 (0x5f3d75b7) x11 0x5f3d7000
core   0: 0x80000476 (0xc0d58593) addi    a1, a1, -1011
core   0: 3 0x80000476 (0xc0d58593) x11 0x5f3d6c0d
core   0: 0x8000047a (0x3a3595f3) csrrw   a1, pmpcfg3, a1
core   0: 3 0x8000047a (0x3a3595f3) x11 0x0f0f0f0f c931_pmpcfg3 0x1f1d0c0d
core   0: 0x8000047e (0x3a3595f3) csrrw   a1, pmpcfg3, a1
core   0: 3 0x8000047e (0x3a3595f3) x11 0x1f1d0c0d c931_pmpcfg3 0x0f0f0f0f
core   0: 0x80000482 (0x50ef45b7) lui     a1, 0x50ef4
core   0: 3 0x80000482 (0x50ef45b7) x11 0x50ef4000
core   0: 0x80000486 (0xa7758593) addi    a1, a1, -1417
core   0: 3 0x80000486 (0xa7758593) x11 0x50ef3a77
core   0: 0x8000048a (0x00003e17) auipc   t3, 0x3
core   0: 3 0x8000048a (0x00003e17) x28 0x8000348a
core   0: 0x8000048e (0x332e0e13) addi    t3, t3, 818
core   0: 3 0x8000048e (0x332e0e13) x28 0x800037bc
core   0: 0x80000492 (0x000095f2) c.add   a1, t3
core   0: 3 0x80000492 (0x95f2) x11 0xd0ef7233
core   0: 0x80000494 (0x3be595f3) csrrw   a1, pmpaddr14, a1
core   0: 3 0x80000494 (0x3be595f3) x11 0x20009454 c958_pmpaddr14 0xd0ef7233
core   0: 0x80000498 (0x3be595f3) csrrw   a1, pmpaddr14, a1
core   0: 3 0x80000498 (0x3be595f3) x11 0xd0ef7233 c958_pmpaddr14 0x20009454
core   0: 0x8000049c (0x7f0c25b7) lui     a1, 0x7f0c2
core   0: 3 0x8000049c (0x7f0c25b7) x11 0x7f0c2000
core   0: 0x800004a0 (0x84f58593) addi    a1, a1, -1969
core   0: 3 0x800004a0 (0x84f58593) x11 0x7f0c184f
core   0: 0x800004a4 (0x3a3595f3) csrrw   a1, pmpcfg3, a1
core   0: 3 0x800004a4 (0x3a3595f3) x11 0x0f0f0f0f c931_pmpcfg3 0x1f0c180f
core   0: 0x800004a8 (0x3a3595f3) csrrw   a1, pmpcfg3, a1
core   0: 3 0x800004a8 (0x3a3595f3) x11 0x1f0c180f c931_pmpcfg3 0x0f0f0f0f
core   0: 0x800004ac (0x1ff6f5b7) lui     a1, 0x1ff6f
core   0: 3 0x800004ac (0x1ff6f5b7) x11 0x1ff6f000
core   0: 0x800004b0 (0x02758593) addi    a1, a1, 39
core   0: 3 0x800004b0 (0x02758593) x11 0x1ff6f027
core   0: 0x800004b4 (0x00003e17) auipc   t3, 0x3
core   0: 3 0x800004b4 (0x00003e17) x28 0x800034b4
core   0: 0x800004b8 (0x308e0e13) addi    t3, t3, 776
core   0: 3 0x800004b8 (0x308e0e13) x28 0x800037bc
core   0: 0x800004bc (0x000095f2) c.add   a1, t3
core   0: 3 0x800004bc (0x95f2) x11 0x9ff727e3
core   0: 0x800004be (0x3bf595f3) csrrw   a1, pmpaddr15, a1
core   0: 3 0x800004be (0x3bf595f3) x11 0x20009ded c959_pmpaddr15 0x9ff727e3
core   0: 0x800004c2 (0x3bf595f3) csrrw   a1, pmpaddr15, a1
core   0: 3 0x800004c2 (0x3bf595f3) x11 0x9ff727e3 c959_pmpaddr15 0x20009ded
core   0: 0x800004c6 (0x2d0085b7) lui     a1, 0x2d008
core   0: 3 0x800004c6 (0x2d0085b7) x11 0x2d008000
core   0: 0x800004ca (0x87758593) addi    a1, a1, -1929
core   0: 3 0x800004ca (0x87758593) x11 0x2d007877
core   0: 0x800004ce (0x3a3595f3) csrrw   a1, pmpcfg3, a1
core   0: 3 0x800004ce (0x3a3595f3) x11 0x0f0f0f0f c931_pmpcfg3 0x0d001817
core   0: 0x800004d2 (0x3a3595f3) csrrw   a1, pmpcfg3, a1
core   0: 3 0x800004d2 (0x3a3595f3) x11 0x0d001817 c931_pmpcfg3 0x0f0f0f0f
core   0: 0x800004d6 (0x00000d97) auipc   s11, 0x0
core   0: 3 0x800004d6 (0x00000d97) x27 0x800004d6
core   0: 0x800004da (0x062d8d93) addi    s11, s11, 98
core   0: 3 0x800004da (0x062d8d93) x27 0x80000538
core   0: 0x800004de (0x341d9073) csrw    mepc, s11
core   0: 3 0x800004de (0x341d9073) c833_mepc 0x80000538
core   0: 0x800004e2 (0x7c00d073) csrwi   cpuctrlsts, 1
core   0: 3 0x800004e2 (0x7c00d073) c1984_cpuctrlsts 0x00000101
core   0: 0x800004e6 (0x00020db7) lui     s11, 0x20
core   0: 3 0x800004e6 (0x00020db7) x27 0x00020000
core   0: 0x800004ea (0x300d9073) csrw    mstatus, s11
core   0: 3 0x800004ea (0x300d9073) c768_mstatus 0x00020000
core   0: 0x800004ee (0x00004d81) c.li    s11, 0
core   0: 3 0x800004ee (0x4d81) x27 0x00000000
core   0: 0x800004f0 (0x304d9073) csrw    mie, s11
core   0: 3 0x800004f0 (0x304d9073) c772_mie 0x00000000
core   0: 0x800004f4 (0x90000d37) lui     s10, 0x90000
core   0: 3 0x800004f4 (0x90000d37) x26 0x90000000
core   0: 0x800004f8 (0x00001d71) c.addi  s10, -4
core   0: 3 0x800004f8 (0x1d71) x26 0x8ffffffc
core   0: 0x800004fa (0x90000d37) lui     s10, 0x90000
core   0: 3 0x800004fa (0x90000d37) x26 0x90000000
core   0: 0x800004fe (0x00001d71) c.addi  s10, -4
core   0: 3 0x800004fe (0x1d71) x26 0x8ffffffc
core   0: 0x80000500 (0x90000d37) lui     s10, 0x90000
core   0: 3 0x80000500 (0x90000d37) x26 0x90000000
core   0: 0x80000504 (0x00001d71) c.addi  s10, -4
core   0: 3 0x80000504 (0x1d71) x26 0x8ffffffc
core   0: 0x80000506 (0x30000d93) li      s11, 768
core   0: 3 0x80000506 (0x30000d93) x27 0x00000300
core   0: 0x8000050a (0x00000da2) c.slli  s11, 8
core   0: 3 0x8000050a (0x0da2) x27 0x00030000
core   0: 0x8000050c (0x00000d8d) c.addi  s11, 3
core   0: 3 0x8000050c (0x0d8d) x27 0x00030003
core   0: 0x8000050e (0x01bd2023) sw      s11, 0(s10)
core   0: exception trap_store_access_fault, epc 0x8000050e
core   0:           tval 0x8ffffffc
core   0: 0x80002a00 (0x0800006f) j       pc + 0x80
core   0: 3 0x80002a00 (0x0800006f)
core   0: 0x80002a80 (0x000016f1) c.addi  a3, -4
core   0: 3 0x80002a80 (0x16f1) x13 0x8002cce0
core   0: 0x80002a82 (0x0176a023) sw      s7, 0(a3)
core   0: 3 0x80002a82 (0x0176a023) mem 0x8002cce0 0x00000000
core   0: 0x80002a86 (0x00068bb3) add     s7, a3, zero
core   0: 3 0x80002a86 (0x00068bb3) x23 0x8002cce0
core   0: 0x80002a8a (0xf80b8b93) addi    s7, s7, -128
core   0: 3 0x80002a8a (0xf80b8b93) x23 0x8002cc60
core   0: 0x80002a8e (0x001ba223) sw      ra, 4(s7)
core   0: 3 0x80002a8e (0x001ba223) mem 0x8002cc64 0x00000000
core   0: 0x80002a92 (0x002ba423) sw      sp, 8(s7)
core   0: 3 0x80002a92 (0x002ba423) mem 0x8002cc68 0x00000000
core   0: 0x80002a96 (0x003ba623) sw      gp, 12(s7)
core   0: 3 0x80002a96 (0x003ba623) mem 0x8002cc6c 0x00000000
core   0: 0x80002a9a (0x004ba823) sw      tp, 16(s7)
core   0: 3 0x80002a9a (0x004ba823) mem 0x8002cc70 0x00000000
core   0: 0x80002a9e (0x005baa23) sw      t0, 20(s7)
core   0: 3 0x80002a9e (0x005baa23) mem 0x8002cc74 0x00000000
core   0: 0x80002aa2 (0x006bac23) sw      t1, 24(s7)
core   0: 3 0x80002aa2 (0x006bac23) mem 0x8002cc78 0x00000000
core   0: 0x80002aa6 (0x007bae23) sw      t2, 28(s7)
core   0: 3 0x80002aa6 (0x007bae23) mem 0x8002cc7c 0x00000000
core   0: 0x80002aaa (0x028ba023) sw      s0, 32(s7)
core   0: 3 0x80002aaa (0x028ba023) mem 0x8002cc80 0x00000000
core   0: 0x80002aae (0x029ba223) sw      s1, 36(s7)
core   0: 3 0x80002aae (0x029ba223) mem 0x8002cc84 0x00000000
core   0: 0x80002ab2 (0x02aba423) sw      a0, 40(s7)
core   0: 3 0x80002ab2 (0x02aba423) mem 0x8002cc88 0x00000000
core   0: 0x80002ab6 (0x02bba623) sw      a1, 44(s7)
core   0: 3 0x80002ab6 (0x02bba623) mem 0x8002cc8c 0x0d001817
core   0: 0x80002aba (0x02cba823) sw      a2, 48(s7)
core   0: 3 0x80002aba (0x02cba823) mem 0x8002cc90 0x00000000
core   0: 0x80002abe (0x02dbaa23) sw      a3, 52(s7)
core   0: 3 0x80002abe (0x02dbaa23) mem 0x8002cc94 0x8002cce0
core   0: 0x80002ac2 (0x02ebac23) sw      a4, 56(s7)
core   0: 3 0x80002ac2 (0x02ebac23) mem 0x8002cc98 0x00000000
core   0: 0x80002ac6 (0x02fbae23) sw      a5, 60(s7)
core   0: 3 0x80002ac6 (0x02fbae23) mem 0x8002cc9c 0x00000000
core   0: 0x80002aca (0x050ba023) sw      a6, 64(s7)
core   0: 3 0x80002aca (0x050ba023) mem 0x8002cca0 0x00000000
core   0: 0x80002ace (0x051ba223) sw      a7, 68(s7)
core   0: 3 0x80002ace (0x051ba223) mem 0x8002cca4 0x00000000
core   0: 0x80002ad2 (0x052ba423) sw      s2, 72(s7)
core   0: 3 0x80002ad2 (0x052ba423) mem 0x8002cca8 0x00000000
core   0: 0x80002ad6 (0x053ba623) sw      s3, 76(s7)
core   0: 3 0x80002ad6 (0x053ba623) mem 0x8002ccac 0x00000000
core   0: 0x80002ada (0x054ba823) sw      s4, 80(s7)
core   0: 3 0x80002ada (0x054ba823) mem 0x8002ccb0 0x00000000
core   0: 0x80002ade (0x055baa23) sw      s5, 84(s7)
core   0: 3 0x80002ade (0x055baa23) mem 0x8002ccb4 0x00000000
core   0: 0x80002ae2 (0x056bac23) sw      s6, 88(s7)
core   0: 3 0x80002ae2 (0x056bac23) mem 0x8002ccb8 0x00000000
core   0: 0x80002ae6 (0x057bae23) sw      s7, 92(s7)
core   0: 3 0x80002ae6 (0x057bae23) mem 0x8002ccbc 0x8002cc60
core   0: 0x80002aea (0x078ba023) sw      s8, 96(s7)
core   0: 3 0x80002aea (0x078ba023) mem 0x8002ccc0 0x00000000
core   0: 0x80002aee (0x079ba223) sw      s9, 100(s7)
core   0: 3 0x80002aee (0x079ba223) mem 0x8002ccc4 0x00000000
core   0: 0x80002af2 (0x07aba423) sw      s10, 104(s7)
core   0: 3 0x80002af2 (0x07aba423) mem 0x8002ccc8 0x8ffffffc
core   0: 0x80002af6 (0x07bba623) sw      s11, 108(s7)
core   0: 3 0x80002af6 (0x07bba623) mem 0x8002cccc 0x00030003
core   0: 0x80002afa (0x07cba823) sw      t3, 112(s7)
core   0: 3 0x80002afa (0x07cba823) mem 0x8002ccd0 0x800037bc
core   0: 0x80002afe (0x07dbaa23) sw      t4, 116(s7)
core   0: 3 0x80002afe (0x07dbaa23) mem 0x8002ccd4 0x00000000
core   0: 0x80002b02 (0x07ebac23) sw      t5, 120(s7)
core   0: 3 0x80002b02 (0x07ebac23) mem 0x8002ccd8 0x00000000
core   0: 0x80002b06 (0x07fbae23) sw      t6, 124(s7)
core   0: 3 0x80002b06 (0x07fbae23) mem 0x8002ccdc 0x00000000
core   0: 0x80002b0a (0x000b86b3) add     a3, s7, zero
core   0: 3 0x80002b0a (0x000b86b3) x13 0x8002cc60
core   0: 0x80002b0e (0x90000d37) lui     s10, 0x90000
core   0: 3 0x80002b0e (0x90000d37) x26 0x90000000
core   0: 0x80002b12 (0x00001d71) c.addi  s10, -4
core   0: 3 0x80002b12 (0x1d71) x26 0x8ffffffc
core   0: 0x80002b14 (0x00004da1) c.li    s11, 8
core   0: 3 0x80002b14 (0x4da1) x27 0x00000008
core   0: 0x80002b16 (0x00000da2) c.slli  s11, 8
core   0: 3 0x80002b16 (0x0da2) x27 0x00000800
core   0: 0x80002b18 (0x000d8d93) mv      s11, s11
core   0: 3 0x80002b18 (0x000d8d93) x27 0x00000800
core   0: 0x80002b1c (0x01bd2023) sw      s11, 0(s10)
core   0: 3 0x80002b1c (0x01bd2023) mem 0x8ffffffc 0x00000800
core   0: 0x80002b20 (0x34102df3) csrr    s11, mepc
core   0: 3 0x80002b20 (0x34102df3) x27 0x8000050e
core   0: 0x80002b24 (0x34202df3) csrr    s11, mcause
core   0: 3 0x80002b24 (0x34202df3) x27 0x00000007
core   0: 0x80002b28 (0x00004d0d) c.li    s10, 3
core   0: 3 0x80002b28 (0x4d0d) x26 0x00000003
core   0: 0x80002b2a (0x01ad9463) bne     s11, s10, pc + 8
core   0: 3 0x80002b2a (0x01ad9463)
core   0: 0x80002b32 (0x00004d21) c.li    s10, 8
core   0: 3 0x80002b32 (0x4d21) x26 0x00000008
core   0: 0x80002b34 (0x05ad8d63) beq     s11, s10, pc + 90
core   0: 3 0x80002b34 (0x05ad8d63)
core   0: 0x80002b38 (0x00004d25) c.li    s10, 9
core   0: 3 0x80002b38 (0x4d25) x26 0x00000009
core   0: 0x80002b3a (0x05ad8a63) beq     s11, s10, pc + 84
core   0: 3 0x80002b3a (0x05ad8a63)
core   0: 0x80002b3e (0x00004d2d) c.li    s10, 11
core   0: 3 0x80002b3e (0x4d2d) x26 0x0000000b
core   0: 0x80002b40 (0x05ad8763) beq     s11, s10, pc + 78
core   0: 3 0x80002b40 (0x05ad8763)
core   0: 0x80002b44 (0x00004d05) c.li    s10, 1
core   0: 3 0x80002b44 (0x4d05) x26 0x00000001
core   0: 0x80002b46 (0x35ad8363) beq     s11, s10, pc + 838
core   0: 3 0x80002b46 (0x35ad8363)
core   0: 0x80002b4a (0x00004d15) c.li    s10, 5
core   0: 3 0x80002b4a (0x4d15) x26 0x00000005
core   0: 0x80002b4c (0x63ad8a63) beq     s11, s10, pc + 1588
core   0: 3 0x80002b4c (0x63ad8a63)
core   0: 0x80002b50 (0x00004d1d) c.li    s10, 7
core   0: 3 0x80002b50 (0x4d1d) x26 0x00000007
core   0: 0x80002b52 (0x15ad8ce3) beq     s11, s10, pc + 2392
core   0: 3 0x80002b52 (0x15ad8ce3)
core   0: 0x800034aa (0x90000d37) lui     s10, 0x90000
core   0: 3 0x800034aa (0x90000d37) x26 0x90000000
core   0: 0x800034ae (0x00001d71) c.addi  s10, -4
core   0: 3 0x800034ae (0x1d71) x26 0x8ffffffc
core   0: 0x800034b0 (0x00004db1) c.li    s11, 12
core   0: 3 0x800034b0 (0x4db1) x27 0x0000000c
core   0: 0x800034b2 (0x00000da2) c.slli  s11, 8
core   0: 3 0x800034b2 (0x0da2) x27 0x00000c00
core   0: 0x800034b4 (0x000d8d93) mv      s11, s11
core   0: 3 0x800034b4 (0x000d8d93) x27 0x00000c00
core   0: 0x800034b8 (0x01bd2023) sw      s11, 0(s10)
core   0: 3 0x800034b8 (0x01bd2023) mem 0x8ffffffc 0x00000c00
core   0: 0x800034bc (0x90000d37) lui     s10, 0x90000
core   0: 3 0x800034bc (0x90000d37) x26 0x90000000
core   0: 0x800034c0 (0x00001d71) c.addi  s10, -4
core   0: 3 0x800034c0 (0x1d71) x26 0x8ffffffc
core   0: 0x800034c2 (0x34200d93) li      s11, 834
core   0: 3 0x800034c2 (0x34200d93) x27 0x00000342
core   0: 0x800034c6 (0x00000da2) c.slli  s11, 8
core   0: 3 0x800034c6 (0x0da2) x27 0x00034200
core   0: 0x800034c8 (0x00000d8d) c.addi  s11, 3
core   0: 3 0x800034c8 (0x0d8d) x27 0x00034203
core   0: 0x800034ca (0x01bd2023) sw      s11, 0(s10)
core   0: 3 0x800034ca (0x01bd2023) mem 0x8ffffffc 0x00034203
core   0: 0x800034ce (0x34202df3) csrr    s11, mcause
core   0: 3 0x800034ce (0x34202df3) x27 0x00000007
core   0: 0x800034d2 (0x01bd2023) sw      s11, 0(s10)
core   0: 3 0x800034d2 (0x01bd2023) mem 0x8ffffffc 0x00000007
core   0: 0x800034d6 (0x00004d81) c.li    s11, 0
core   0: 3 0x800034d6 (0x4d81) x27 0x00000000
core   0: 0x800034d8 (0x000083ee) c.mv    t2, s11
core   0: 3 0x800034d8 (0x83ee) x7  0x00000000
core   0: 0x800034da (0x00004e01) c.li    t3, 0
core   0: 3 0x800034da (0x4e01) x28 0x00000000
core   0: 0x800034dc (0x00008d9e) c.mv    s11, t2
core   0: 3 0x800034dc (0x8d9e) x27 0x00000000
core   0: 0x800034de (0x000085ee) c.mv    a1, s11
core   0: 3 0x800034de (0x85ee) x11 0x00000000
core   0: 0x800034e0 (0x00004581) c.li    a1, 0
core   0: 3 0x800034e0 (0x4581) x11 0x00000000
core   0: 0x800034e2 (0x04bd8f63) beq     s11, a1, pc + 94
core   0: 3 0x800034e2 (0x04bd8f63)
core   0: 0x80003540 (0x3b002d73) csrr    s10, pmpaddr0
core   0: 3 0x80003540 (0x3b002d73) x26 0x20000def
core   0: 0x80003544 (0x3a002c73) csrr    s8, pmpcfg0
core   0: 3 0x80003544 (0x3a002c73) x24 0x0f0f0f0f
core   0: 0x80003548 (0x0000a861) c.j     pc + 152
core   0: 3 0x80003548 (0xa861)
core   0: 0x800035e0 (0x00004411) c.li    s0, 4
core   0: 3 0x800035e0 (0x4411) x8  0x00000004
core   0: 0x800035e2 (0x01e39d93) slli    s11, t2, 30
core   0: 3 0x800035e2 (0x01e39d93) x27 0x00000000
core   0: 0x800035e6 (0x01eddd93) srli    s11, s11, 30
core   0: 3 0x800035e6 (0x01eddd93) x27 0x00000000
core   0: 0x800035ea (0x41b405b3) sub     a1, s0, s11
core   0: 3 0x800035ea (0x41b405b3) x11 0x00000004
core   0: 0x800035ee (0x000015fd) c.addi  a1, -1
core   0: 3 0x800035ee (0x15fd) x11 0x00000003
core   0: 0x800035f0 (0x0000058e) c.slli  a1, 3
core   0: 3 0x800035f0 (0x058e) x11 0x00000018
core   0: 0x800035f2 (0x00bc1433) sll     s0, s8, a1
core   0: 3 0x800035f2 (0x00bc1433) x8  0x0f000000
core   0: 0x800035f6 (0x00000d8e) c.slli  s11, 3
core   0: 3 0x800035f6 (0x0d8e) x27 0x00000000
core   0: 0x800035f8 (0x000095ee) c.add   a1, s11
core   0: 3 0x800035f8 (0x95ee) x11 0x00000018
core   0: 0x800035fa (0x00b45433) srl     s0, s0, a1
core   0: 3 0x800035fa (0x00b45433) x8  0x0000000f
core   0: 0x800035fe (0x01b41593) slli    a1, s0, 27
core   0: 3 0x800035fe (0x01b41593) x11 0x78000000
core   0: 0x80003602 (0x000081f9) c.srli  a1, 30
core   0: 3 0x80003602 (0x81f9) x11 0x00000001
core   0: 0x80003604 (0x0000c5a1) c.beqz  a1, pc + 72
core   0: 3 0x80003604 (0xc5a1)
core   0: 0x80003606 (0x00004d85) c.li    s11, 1
core   0: 3 0x80003606 (0x4d85) x27 0x00000001
core   0: 0x80003608 (0x05b58363) beq     a1, s11, pc + 70
core   0: 3 0x80003608 (0x05b58363)
core   0: 0x8000364e (0x00008d9e) c.mv    s11, t2
core   0: 3 0x8000364e (0x8d9e) x27 0x00000000
core   0: 0x80003650 (0x343025f3) csrr    a1, mtval
core   0: 3 0x80003650 (0x343025f3) x11 0x8ffffffc
core   0: 0x80003654 (0x00008189) c.srli  a1, 2
core   0: 3 0x80003654 (0x8189) x11 0x23ffffff
core   0: 0x80003656 (0x000d9563) bnez    s11, pc + 10
core   0: 3 0x80003656 (0x000d9563)
core   0: 0x8000365a (0xfc05c5e3) bltz    a1, pc - 54
core   0: 3 0x8000365a (0xfc05c5e3)
core   0: 0x8000365e (0x0000a019) c.j     pc + 6
core   0: 3 0x8000365e (0xa019)
core   0: 0x80003664 (0xfda5f0e3) bgeu    a1, s10, pc - 64
core   0: 3 0x80003664 (0xfda5f0e3)
core   0: 0x80003624 (0x00008d9e) c.mv    s11, t2
core   0: 3 0x80003624 (0x8d9e) x27 0x00000000
core   0: 0x80003626 (0x00008e6a) c.mv    t3, s10
core   0: 3 0x80003626 (0x8e6a) x28 0x20000def
core   0: 0x80003628 (0x00000d85) c.addi  s11, 1
core   0: 3 0x80003628 (0x0d85) x27 0x00000001
core   0: 0x8000362a (0x000083ee) c.mv    t2, s11
core   0: 3 0x8000362a (0x83ee) x7  0x00000001
core   0: 0x8000362c (0x00004d41) c.li    s10, 16
core   0: 3 0x8000362c (0x4d41) x26 0x00000010
core   0: 0x8000362e (0x01add363) bge     s11, s10, pc + 6
core   0: 3 0x8000362e (0x01add363)
core   0: 0x80003632 (0x0000b56d) c.j     pc - 342
core   0: 3 0x80003632 (0xb56d)
core   0: 0x800034dc (0x00008d9e) c.mv    s11, t2
core   0: 3 0x800034dc (0x8d9e) x27 0x00000001
core   0: 0x800034de (0x000085ee) c.mv    a1, s11
core   0: 3 0x800034de (0x85ee) x11 0x00000001
core   0: 0x800034e0 (0x00004581) c.li    a1, 0
core   0: 3 0x800034e0 (0x4581) x11 0x00000000
core   0: 0x800034e2 (0x04bd8f63) beq     s11, a1, pc + 94
core   0: 3 0x800034e2 (0x04bd8f63)
core   0: 0x800034e6 (0x00004585) c.li    a1, 1
core   0: 3 0x800034e6 (0x4585) x11 0x00000001
core   0: 0x800034e8 (0x06bd8163) beq     s11, a1, pc + 98
core   0: 3 0x800034e8 (0x06bd8163)
core   0: 0x8000354a (0x3b102d73) csrr    s10, pmpaddr1
core   0: 3 0x8000354a (0x3b102d73) x26 0x20001788
core   0: 0x8000354e (0x3a002c73) csrr    s8, pmpcfg0
core   0: 3 0x8000354e (0x3a002c73) x24 0x0f0f0f0f
core   0: 0x80003552 (0x0000a079) c.j     pc + 142
core   0: 3 0x80003552 (0xa079)
core   0: 0x800035e0 (0x00004411) c.li    s0, 4
core   0: 3 0x800035e0 (0x4411) x8  0x00000004
core   0: 0x800035e2 (0x01e39d93) slli    s11, t2, 30
core   0: 3 0x800035e2 (0x01e39d93) x27 0x40000000
core   0: 0x800035e6 (0x01eddd93) srli    s11, s11, 30
core   0: 3 0x800035e6 (0x01eddd93) x27 0x00000001
core   0: 0x800035ea (0x41b405b3) sub     a1, s0, s11
core   0: 3 0x800035ea (0x41b405b3) x11 0x00000003
core   0: 0x800035ee (0x000015fd) c.addi  a1, -1
core   0: 3 0x800035ee (0x15fd) x11 0x00000002
core   0: 0x800035f0 (0x0000058e) c.slli  a1, 3
core   0: 3 0x800035f0 (0x058e) x11 0x00000010
core   0: 0x800035f2 (0x00bc1433) sll     s0, s8, a1
core   0: 3 0x800035f2 (0x00bc1433) x8  0x0f0f0000
core   0: 0x800035f6 (0x00000d8e) c.slli  s11, 3
core   0: 3 0x800035f6 (0x0d8e) x27 0x00000008
core   0: 0x800035f8 (0x000095ee) c.add   a1, s11
core   0: 3 0x800035f8 (0x95ee) x11 0x00000018
core   0: 0x800035fa (0x00b45433) srl     s0, s0, a1
core   0: 3 0x800035fa (0x00b45433) x8  0x0000000f
core   0: 0x800035fe (0x01b41593) slli    a1, s0, 27
core   0: 3 0x800035fe (0x01b41593) x11 0x78000000
core   0: 0x80003602 (0x000081f9) c.srli  a1, 30
core   0: 3 0x80003602 (0x81f9) x11 0x00000001
core   0: 0x80003604 (0x0000c5a1) c.beqz  a1, pc + 72
core   0: 3 0x80003604 (0xc5a1)
core   0: 0x80003606 (0x00004d85) c.li    s11, 1
core   0: 3 0x80003606 (0x4d85) x27 0x00000001
core   0: 0x80003608 (0x05b58363) beq     a1, s11, pc + 70
core   0: 3 0x80003608 (0x05b58363)
core   0: 0x8000364e (0x00008d9e) c.mv    s11, t2
core   0: 3 0x8000364e (0x8d9e) x27 0x00000001
core   0: 0x80003650 (0x343025f3) csrr    a1, mtval
core   0: 3 0x80003650 (0x343025f3) x11 0x8ffffffc
core   0: 0x80003654 (0x00008189) c.srli  a1, 2
core   0: 3 0x80003654 (0x8189) x11 0x23ffffff
core   0: 0x80003656 (0x000d9563) bnez    s11, pc + 10
core   0: 3 0x80003656 (0x000d9563)
core   0: 0x80003660 (0xfdc5e2e3) bltu    a1, t3, pc - 60
core   0: 3 0x80003660 (0xfdc5e2e3)
core   0: 0x80003664 (0xfda5f0e3) bgeu    a1, s10, pc - 64
core   0: 3 0x80003664 (0xfda5f0e3)
core   0: 0x80003624 (0x00008d9e) c.mv    s11, t2
core   0: 3 0x80003624 (0x8d9e) x27 0x00000001
core   0: 0x80003626 (0x00008e6a) c.mv    t3, s10
core   0: 3 0x80003626 (0x8e6a) x28 0x20001788
core   0: 0x80003628 (0x00000d85) c.addi  s11, 1
core   0: 3 0x80003628 (0x0d85) x27 0x00000002
core   0: 0x8000362a (0x000083ee) c.mv    t2, s11
core   0: 3 0x8000362a (0x83ee) x7  0x00000002
core   0: 0x8000362c (0x00004d41) c.li    s10, 16
core   0: 3 0x8000362c (0x4d41) x26 0x00000010
core   0: 0x8000362e (0x01add363) bge     s11, s10, pc + 6
core   0: 3 0x8000362e (0x01add363)
core   0: 0x80003632 (0x0000b56d) c.j     pc - 342
core   0: 3 0x80003632 (0xb56d)
core   0: 0x800034dc (0x00008d9e) c.mv    s11, t2
core   0: 3 0x800034dc (0x8d9e) x27 0x00000002
core   0: 0x800034de (0x000085ee) c.mv    a1, s11
core   0: 3 0x800034de (0x85ee) x11 0x00000002
core   0: 0x800034e0 (0x00004581) c.li    a1, 0
core   0: 3 0x800034e0 (0x4581) x11 0x00000000
core   0: 0x800034e2 (0x04bd8f63) beq     s11, a1, pc + 94
core   0: 3 0x800034e2 (0x04bd8f63)
core   0: 0x800034e6 (0x00004585) c.li    a1, 1
core   0: 3 0x800034e6 (0x4585) x11 0x00000001
core   0: 0x800034e8 (0x06bd8163) beq     s11, a1, pc + 98
core   0: 3 0x800034e8 (0x06bd8163)
core   0: 0x800034ec (0x00004589) c.li    a1, 2
core   0: 3 0x800034ec (0x4589) x11 0x00000002
core   0: 0x800034ee (0x06bd8363) beq     s11, a1, pc + 102
core   0: 3 0x800034ee (0x06bd8363)
core   0: 0x80003554 (0x3b202d73) csrr    s10, pmpaddr2
core   0: 3 0x80003554 (0x3b202d73) x26 0x20002122
core   0: 0x80003558 (0x3a002c73) csrr    s8, pmpcfg0
core   0: 3 0x80003558 (0x3a002c73) x24 0x0f0f0f0f
core   0: 0x8000355c (0x0000a051) c.j     pc + 132
core   0: 3 0x8000355c (0xa051)
core   0: 0x800035e0 (0x00004411) c.li    s0, 4
core   0: 3 0x800035e0 (0x4411) x8  0x00000004
core   0: 0x800035e2 (0x01e39d93) slli    s11, t2, 30
core   0: 3 0x800035e2 (0x01e39d93) x27 0x80000000
core   0: 0x800035e6 (0x01eddd93) srli    s11, s11, 30
core   0: 3 0x800035e6 (0x01eddd93) x27 0x00000002
core   0: 0x800035ea (0x41b405b3) sub     a1, s0, s11
core   0: 3 0x800035ea (0x41b405b3) x11 0x00000002
core   0: 0x800035ee (0x000015fd) c.addi  a1, -1
core   0: 3 0x800035ee (0x15fd) x11 0x00000001
core   0: 0x800035f0 (0x0000058e) c.slli  a1, 3
core   0: 3 0x800035f0 (0x058e) x11 0x00000008
core   0: 0x800035f2 (0x00bc1433) sll     s0, s8, a1
core   0: 3 0x800035f2 (0x00bc1433) x8  0x0f0f0f00
core   0: 0x800035f6 (0x00000d8e) c.slli  s11, 3
core   0: 3 0x800035f6 (0x0d8e) x27 0x00000010
core   0: 0x800035f8 (0x000095ee) c.add   a1, s11
core   0: 3 0x800035f8 (0x95ee) x11 0x00000018
core   0: 0x800035fa (0x00b45433) srl     s0, s0, a1
core   0: 3 0x800035fa (0x00b45433) x8  0x0000000f
core   0: 0x800035fe (0x01b41593) slli    a1, s0, 27
core   0: 3 0x800035fe (0x01b41593) x11 0x78000000
core   0: 0x80003602 (0x000081f9) c.srli  a1, 30
core   0: 3 0x80003602 (0x81f9) x11 0x00000001
core   0: 0x80003604 (0x0000c5a1) c.beqz  a1, pc + 72
core   0: 3 0x80003604 (0xc5a1)
core   0: 0x80003606 (0x00004d85) c.li    s11, 1
core   0: 3 0x80003606 (0x4d85) x27 0x00000001
core   0: 0x80003608 (0x05b58363) beq     a1, s11, pc + 70
core   0: 3 0x80003608 (0x05b58363)
core   0: 0x8000364e (0x00008d9e) c.mv    s11, t2
core   0: 3 0x8000364e (0x8d9e) x27 0x00000002
core   0: 0x80003650 (0x343025f3) csrr    a1, mtval
core   0: 3 0x80003650 (0x343025f3) x11 0x8ffffffc
core   0: 0x80003654 (0x00008189) c.srli  a1, 2
core   0: 3 0x80003654 (0x8189) x11 0x23ffffff
core   0: 0x80003656 (0x000d9563) bnez    s11, pc + 10
core   0: 3 0x80003656 (0x000d9563)
core   0: 0x80003660 (0xfdc5e2e3) bltu    a1, t3, pc - 60
core   0: 3 0x80003660 (0xfdc5e2e3)
core   0: 0x80003664 (0xfda5f0e3) bgeu    a1, s10, pc - 64
core   0: 3 0x80003664 (0xfda5f0e3)
core   0: 0x80003624 (0x00008d9e) c.mv    s11, t2
core   0: 3 0x80003624 (0x8d9e) x27 0x00000002
core   0: 0x80003626 (0x00008e6a) c.mv    t3, s10
core   0: 3 0x80003626 (0x8e6a) x28 0x20002122
core   0: 0x80003628 (0x00000d85) c.addi  s11, 1
core   0: 3 0x80003628 (0x0d85) x27 0x00000003
core   0: 0x8000362a (0x000083ee) c.mv    t2, s11
core   0: 3 0x8000362a (0x83ee) x7  0x00000003
core   0: 0x8000362c (0x00004d41) c.li    s10, 16
core   0: 3 0x8000362c (0x4d41) x26 0x00000010
core   0: 0x8000362e (0x01add363) bge     s11, s10, pc + 6
core   0: 3 0x8000362e (0x01add363)
core   0: 0x80003632 (0x0000b56d) c.j     pc - 342
core   0: 3 0x80003632 (0xb56d)
core   0: 0x800034dc (0x00008d9e) c.mv    s11, t2
core   0: 3 0x800034dc (0x8d9e) x27 0x00000003
core   0: 0x800034de (0x000085ee) c.mv    a1, s11
core   0: 3 0x800034de (0x85ee) x11 0x00000003
core   0: 0x800034e0 (0x00004581) c.li    a1, 0
core   0: 3 0x800034e0 (0x4581) x11 0x00000000
core   0: 0x800034e2 (0x04bd8f63) beq     s11, a1, pc + 94
core   0: 3 0x800034e2 (0x04bd8f63)
core   0: 0x800034e6 (0x00004585) c.li    a1, 1
core   0: 3 0x800034e6 (0x4585) x11 0x00000001
core   0: 0x800034e8 (0x06bd8163) beq     s11, a1, pc + 98
core   0: 3 0x800034e8 (0x06bd8163)
core   0: 0x800034ec (0x00004589) c.li    a1, 2
core   0: 3 0x800034ec (0x4589) x11 0x00000002
core   0: 0x800034ee (0x06bd8363) beq     s11, a1, pc + 102
core   0: 3 0x800034ee (0x06bd8363)
core   0: 0x800034f2 (0x0000458d) c.li    a1, 3
core   0: 3 0x800034f2 (0x458d) x11 0x00000003
core   0: 0x800034f4 (0x06bd8563) beq     s11, a1, pc + 106
core   0: 3 0x800034f4 (0x06bd8563)
core   0: 0x8000355e (0x3b302d73) csrr    s10, pmpaddr3
core   0: 3 0x8000355e (0x3b302d73) x26 0x20002abb
core   0: 0x80003562 (0x3a002c73) csrr    s8, pmpcfg0
core   0: 3 0x80003562 (0x3a002c73) x24 0x0f0f0f0f
core   0: 0x80003566 (0x0000a8ad) c.j     pc + 122
core   0: 3 0x80003566 (0xa8ad)
core   0: 0x800035e0 (0x00004411) c.li    s0, 4
core   0: 3 0x800035e0 (0x4411) x8  0x00000004
core   0: 0x800035e2 (0x01e39d93) slli    s11, t2, 30
core   0: 3 0x800035e2 (0x01e39d93) x27 0xc0000000
core   0: 0x800035e6 (0x01eddd93) srli    s11, s11, 30
core   0: 3 0x800035e6 (0x01eddd93) x27 0x00000003
core   0: 0x800035ea (0x41b405b3) sub     a1, s0, s11
core   0: 3 0x800035ea (0x41b405b3) x11 0x00000001
core   0: 0x800035ee (0x000015fd) c.addi  a1, -1
core   0: 3 0x800035ee (0x15fd) x11 0x00000000
core   0: 0x800035f0 (0x0000058e) c.slli  a1, 3
core   0: 3 0x800035f0 (0x058e) x11 0x00000000
core   0: 0x800035f2 (0x00bc1433) sll     s0, s8, a1
core   0: 3 0x800035f2 (0x00bc1433) x8  0x0f0f0f0f
core   0: 0x800035f6 (0x00000d8e) c.slli  s11, 3
core   0: 3 0x800035f6 (0x0d8e) x27 0x00000018
core   0: 0x800035f8 (0x000095ee) c.add   a1, s11
core   0: 3 0x800035f8 (0x95ee) x11 0x00000018
core   0: 0x800035fa (0x00b45433) srl     s0, s0, a1
core   0: 3 0x800035fa (0x00b45433) x8  0x0000000f
core   0: 0x800035fe (0x01b41593) slli    a1, s0, 27
core   0: 3 0x800035fe (0x01b41593) x11 0x78000000
core   0: 0x80003602 (0x000081f9) c.srli  a1, 30
core   0: 3 0x80003602 (0x81f9) x11 0x00000001
core   0: 0x80003604 (0x0000c5a1) c.beqz  a1, pc + 72
core   0: 3 0x80003604 (0xc5a1)
core   0: 0x80003606 (0x00004d85) c.li    s11, 1
core   0: 3 0x80003606 (0x4d85) x27 0x00000001
core   0: 0x80003608 (0x05b58363) beq     a1, s11, pc + 70
core   0: 3 0x80003608 (0x05b58363)
core   0: 0x8000364e (0x00008d9e) c.mv    s11, t2
core   0: 3 0x8000364e (0x8d9e) x27 0x00000003
core   0: 0x80003650 (0x343025f3) csrr    a1, mtval
core   0: 3 0x80003650 (0x343025f3) x11 0x8ffffffc
core   0: 0x80003654 (0x00008189) c.srli  a1, 2
core   0: 3 0x80003654 (0x8189) x11 0x23ffffff
core   0: 0x80003656 (0x000d9563) bnez    s11, pc + 10
core   0: 3 0x80003656 (0x000d9563)
core   0: 0x80003660 (0xfdc5e2e3) bltu    a1, t3, pc - 60
core   0: 3 0x80003660 (0xfdc5e2e3)
core   0: 0x80003664 (0xfda5f0e3) bgeu    a1, s10, pc - 64
core   0: 3 0x80003664 (0xfda5f0e3)
core   0: 0x80003624 (0x00008d9e) c.mv    s11, t2
core   0: 3 0x80003624 (0x8d9e) x27 0x00000003
core   0: 0x80003626 (0x00008e6a) c.mv    t3, s10
core   0: 3 0x80003626 (0x8e6a) x28 0x20002abb
core   0: 0x80003628 (0x00000d85) c.addi  s11, 1
core   0: 3 0x80003628 (0x0d85) x27 0x00000004
core   0: 0x8000362a (0x000083ee) c.mv    t2, s11
core   0: 3 0x8000362a (0x83ee) x7  0x00000004
core   0: 0x8000362c (0x00004d41) c.li    s10, 16
core   0: 3 0x8000362c (0x4d41) x26 0x00000010
core   0: 0x8000362e (0x01add363) bge     s11, s10, pc + 6
core   0: 3 0x8000362e (0x01add363)
core   0: 0x80003632 (0x0000b56d) c.j     pc - 342
core   0: 3 0x80003632 (0xb56d)
core   0: 0x800034dc (0x00008d9e) c.mv    s11, t2
core   0: 3 0x800034dc (0x8d9e) x27 0x00000004
core   0: 0x800034de (0x000085ee) c.mv    a1, s11
core   0: 3 0x800034de (0x85ee) x11 0x00000004
core   0: 0x800034e0 (0x00004581) c.li    a1, 0
core   0: 3 0x800034e0 (0x4581) x11 0x00000000
core   0: 0x800034e2 (0x04bd8f63) beq     s11, a1, pc + 94
core   0: 3 0x800034e2 (0x04bd8f63)
core   0: 0x800034e6 (0x00004585) c.li    a1, 1
core   0: 3 0x800034e6 (0x4585) x11 0x00000001
core   0: 0x800034e8 (0x06bd8163) beq     s11, a1, pc + 98
core   0: 3 0x800034e8 (0x06bd8163)
core   0: 0x800034ec (0x00004589) c.li    a1, 2
core   0: 3 0x800034ec (0x4589) x11 0x00000002
core   0: 0x800034ee (0x06bd8363) beq     s11, a1, pc + 102
core   0: 3 0x800034ee (0x06bd8363)
core   0: 0x800034f2 (0x0000458d) c.li    a1, 3
core   0: 3 0x800034f2 (0x458d) x11 0x00000003
core   0: 0x800034f4 (0x06bd8563) beq     s11, a1, pc + 106
core   0: 3 0x800034f4 (0x06bd8563)
core   0: 0x800034f8 (0x00004591) c.li    a1, 4
core   0: 3 0x800034f8 (0x4591) x11 0x00000004
core   0: 0x800034fa (0x06bd8763) beq     s11, a1, pc + 110
core   0: 3 0x800034fa (0x06bd8763)
core   0: 0x80003568 (0x3b402d73) csrr    s10, pmpaddr4
core   0: 3 0x80003568 (0x3b402d73) x26 0x20003455
core   0: 0x8000356c (0x3a102c73) csrr    s8, pmpcfg1
core   0: 3 0x8000356c (0x3a102c73) x24 0x0f0f0f0f
core   0: 0x80003570 (0x0000a885) c.j     pc + 112
core   0: 3 0x80003570 (0xa885)
core   0: 0x800035e0 (0x00004411) c.li    s0, 4
core   0: 3 0x800035e0 (0x4411) x8  0x00000004
core   0: 0x800035e2 (0x01e39d93) slli    s11, t2, 30
core   0: 3 0x800035e2 (0x01e39d93) x27 0x00000000
core   0: 0x800035e6 (0x01eddd93) srli    s11, s11, 30
core   0: 3 0x800035e6 (0x01eddd93) x27 0x00000000
core   0: 0x800035ea (0x41b405b3) sub     a1, s0, s11
core   0: 3 0x800035ea (0x41b405b3) x11 0x00000004
core   0: 0x800035ee (0x000015fd) c.addi  a1, -1
core   0: 3 0x800035ee (0x15fd) x11 0x00000003
core   0: 0x800035f0 (0x0000058e) c.slli  a1, 3
core   0: 3 0x800035f0 (0x058e) x11 0x00000018
core   0: 0x800035f2 (0x00bc1433) sll     s0, s8, a1
core   0: 3 0x800035f2 (0x00bc1433) x8  0x0f000000
core   0: 0x800035f6 (0x00000d8e) c.slli  s11, 3
core   0: 3 0x800035f6 (0x0d8e) x27 0x00000000
core   0: 0x800035f8 (0x000095ee) c.add   a1, s11
core   0: 3 0x800035f8 (0x95ee) x11 0x00000018
core   0: 0x800035fa (0x00b45433) srl     s0, s0, a1
core   0: 3 0x800035fa (0x00b45433) x8  0x0000000f
core   0: 0x800035fe (0x01b41593) slli    a1, s0, 27
core   0: 3 0x800035fe (0x01b41593) x11 0x78000000
core   0: 0x80003602 (0x000081f9) c.srli  a1, 30
core   0: 3 0x80003602 (0x81f9) x11 0x00000001
core   0: 0x80003604 (0x0000c5a1) c.beqz  a1, pc + 72
core   0: 3 0x80003604 (0xc5a1)
core   0: 0x80003606 (0x00004d85) c.li    s11, 1
core   0: 3 0x80003606 (0x4d85) x27 0x00000001
core   0: 0x80003608 (0x05b58363) beq     a1, s11, pc + 70
core   0: 3 0x80003608 (0x05b58363)
core   0: 0x8000364e (0x00008d9e) c.mv    s11, t2
core   0: 3 0x8000364e (0x8d9e) x27 0x00000004
core   0: 0x80003650 (0x343025f3) csrr    a1, mtval
core   0: 3 0x80003650 (0x343025f3) x11 0x8ffffffc
core   0: 0x80003654 (0x00008189) c.srli  a1, 2
core   0: 3 0x80003654 (0x8189) x11 0x23ffffff
core   0: 0x80003656 (0x000d9563) bnez    s11, pc + 10
core   0: 3 0x80003656 (0x000d9563)
core   0: 0x80003660 (0xfdc5e2e3) bltu    a1, t3, pc - 60
core   0: 3 0x80003660 (0xfdc5e2e3)
core   0: 0x80003664 (0xfda5f0e3) bgeu    a1, s10, pc - 64
core   0: 3 0x80003664 (0xfda5f0e3)
core   0: 0x80003624 (0x00008d9e) c.mv    s11, t2
core   0: 3 0x80003624 (0x8d9e) x27 0x00000004
core   0: 0x80003626 (0x00008e6a) c.mv    t3, s10
core   0: 3 0x80003626 (0x8e6a) x28 0x20003455
core   0: 0x80003628 (0x00000d85) c.addi  s11, 1
core   0: 3 0x80003628 (0x0d85) x27 0x00000005
core   0: 0x8000362a (0x000083ee) c.mv    t2, s11
core   0: 3 0x8000362a (0x83ee) x7  0x00000005
core   0: 0x8000362c (0x00004d41) c.li    s10, 16
core   0: 3 0x8000362c (0x4d41) x26 0x00000010
core   0: 0x8000362e (0x01add363) bge     s11, s10, pc + 6
core   0: 3 0x8000362e (0x01add363)
core   0: 0x80003632 (0x0000b56d) c.j     pc - 342
core   0: 3 0x80003632 (0xb56d)
core   0: 0x800034dc (0x00008d9e) c.mv    s11, t2
core   0: 3 0x800034dc (0x8d9e) x27 0x00000005
core   0: 0x800034de (0x000085ee) c.mv    a1, s11
core   0: 3 0x800034de (0x85ee) x11 0x00000005
core   0: 0x800034e0 (0x00004581) c.li    a1, 0
core   0: 3 0x800034e0 (0x4581) x11 0x00000000
core   0: 0x800034e2 (0x04bd8f63) beq     s11, a1, pc + 94
core   0: 3 0x800034e2 (0x04bd8f63)
core   0: 0x800034e6 (0x00004585) c.li    a1, 1
core   0: 3 0x800034e6 (0x4585) x11 0x00000001
core   0: 0x800034e8 (0x06bd8163) beq     s11, a1, pc + 98
core   0: 3 0x800034e8 (0x06bd8163)
core   0: 0x800034ec (0x00004589) c.li    a1, 2
core   0: 3 0x800034ec (0x4589) x11 0x00000002
core   0: 0x800034ee (0x06bd8363) beq     s11, a1, pc + 102
core   0: 3 0x800034ee (0x06bd8363)
core   0: 0x800034f2 (0x0000458d) c.li    a1, 3
core   0: 3 0x800034f2 (0x458d) x11 0x00000003
core   0: 0x800034f4 (0x06bd8563) beq     s11, a1, pc + 106
core   0: 3 0x800034f4 (0x06bd8563)
core   0: 0x800034f8 (0x00004591) c.li    a1, 4
core   0: 3 0x800034f8 (0x4591) x11 0x00000004
core   0: 0x800034fa (0x06bd8763) beq     s11, a1, pc + 110
core   0: 3 0x800034fa (0x06bd8763)
core   0: 0x800034fe (0x00004595) c.li    a1, 5
core   0: 3 0x800034fe (0x4595) x11 0x00000005
core   0: 0x80003500 (0x06bd8963) beq     s11, a1, pc + 114
core   0: 3 0x80003500 (0x06bd8963)
core   0: 0x80003572 (0x3b502d73) csrr    s10, pmpaddr5
core   0: 3 0x80003572 (0x3b502d73) x26 0x20003dee
core   0: 0x80003576 (0x3a102c73) csrr    s8, pmpcfg1
core   0: 3 0x80003576 (0x3a102c73) x24 0x0f0f0f0f
core   0: 0x8000357a (0x0000a09d) c.j     pc + 102
core   0: 3 0x8000357a (0xa09d)
core   0: 0x800035e0 (0x00004411) c.li    s0, 4
core   0: 3 0x800035e0 (0x4411) x8  0x00000004
core   0: 0x800035e2 (0x01e39d93) slli    s11, t2, 30
core   0: 3 0x800035e2 (0x01e39d93) x27 0x40000000
core   0: 0x800035e6 (0x01eddd93) srli    s11, s11, 30
core   0: 3 0x800035e6 (0x01eddd93) x27 0x00000001
core   0: 0x800035ea (0x41b405b3) sub     a1, s0, s11
core   0: 3 0x800035ea (0x41b405b3) x11 0x00000003
core   0: 0x800035ee (0x000015fd) c.addi  a1, -1
core   0: 3 0x800035ee (0x15fd) x11 0x00000002
core   0: 0x800035f0 (0x0000058e) c.slli  a1, 3
core   0: 3 0x800035f0 (0x058e) x11 0x00000010
core   0: 0x800035f2 (0x00bc1433) sll     s0, s8, a1
core   0: 3 0x800035f2 (0x00bc1433) x8  0x0f0f0000
core   0: 0x800035f6 (0x00000d8e) c.slli  s11, 3
core   0: 3 0x800035f6 (0x0d8e) x27 0x00000008
core   0: 0x800035f8 (0x000095ee) c.add   a1, s11
core   0: 3 0x800035f8 (0x95ee) x11 0x00000018
core   0: 0x800035fa (0x00b45433) srl     s0, s0, a1
core   0: 3 0x800035fa (0x00b45433) x8  0x0000000f
core   0: 0x800035fe (0x01b41593) slli    a1, s0, 27
core   0: 3 0x800035fe (0x01b41593) x11 0x78000000
core   0: 0x80003602 (0x000081f9) c.srli  a1, 30
core   0: 3 0x80003602 (0x81f9) x11 0x00000001
core   0: 0x80003604 (0x0000c5a1) c.beqz  a1, pc + 72
core   0: 3 0x80003604 (0xc5a1)
core   0: 0x80003606 (0x00004d85) c.li    s11, 1
core   0: 3 0x80003606 (0x4d85) x27 0x00000001
core   0: 0x80003608 (0x05b58363) beq     a1, s11, pc + 70
core   0: 3 0x80003608 (0x05b58363)
core   0: 0x8000364e (0x00008d9e) c.mv    s11, t2
core   0: 3 0x8000364e (0x8d9e) x27 0x00000005
core   0: 0x80003650 (0x343025f3) csrr    a1, mtval
core   0: 3 0x80003650 (0x343025f3) x11 0x8ffffffc
core   0: 0x80003654 (0x00008189) c.srli  a1, 2
core   0: 3 0x80003654 (0x8189) x11 0x23ffffff
core   0: 0x80003656 (0x000d9563) bnez    s11, pc + 10
core   0: 3 0x80003656 (0x000d9563)
core   0: 0x80003660 (0xfdc5e2e3) bltu    a1, t3, pc - 60
core   0: 3 0x80003660 (0xfdc5e2e3)
core   0: 0x80003664 (0xfda5f0e3) bgeu    a1, s10, pc - 64
core   0: 3 0x80003664 (0xfda5f0e3)
core   0: 0x80003624 (0x00008d9e) c.mv    s11, t2
core   0: 3 0x80003624 (0x8d9e) x27 0x00000005
core   0: 0x80003626 (0x00008e6a) c.mv    t3, s10
core   0: 3 0x80003626 (0x8e6a) x28 0x20003dee
core   0: 0x80003628 (0x00000d85) c.addi  s11, 1
core   0: 3 0x80003628 (0x0d85) x27 0x00000006
core   0: 0x8000362a (0x000083ee) c.mv    t2, s11
core   0: 3 0x8000362a (0x83ee) x7  0x00000006
core   0: 0x8000362c (0x00004d41) c.li    s10, 16
core   0: 3 0x8000362c (0x4d41) x26 0x00000010
core   0: 0x8000362e (0x01add363) bge     s11, s10, pc + 6
core   0: 3 0x8000362e (0x01add363)
core   0: 0x80003632 (0x0000b56d) c.j     pc - 342
core   0: 3 0x80003632 (0xb56d)
core   0: 0x800034dc (0x00008d9e) c.mv    s11, t2
core   0: 3 0x800034dc (0x8d9e) x27 0x00000006
core   0: 0x800034de (0x000085ee) c.mv    a1, s11
core   0: 3 0x800034de (0x85ee) x11 0x00000006
core   0: 0x800034e0 (0x00004581) c.li    a1, 0
core   0: 3 0x800034e0 (0x4581) x11 0x00000000
core   0: 0x800034e2 (0x04bd8f63) beq     s11, a1, pc + 94
core   0: 3 0x800034e2 (0x04bd8f63)
core   0: 0x800034e6 (0x00004585) c.li    a1, 1
core   0: 3 0x800034e6 (0x4585) x11 0x00000001
core   0: 0x800034e8 (0x06bd8163) beq     s11, a1, pc + 98
core   0: 3 0x800034e8 (0x06bd8163)
core   0: 0x800034ec (0x00004589) c.li    a1, 2
core   0: 3 0x800034ec (0x4589) x11 0x00000002
core   0: 0x800034ee (0x06bd8363) beq     s11, a1, pc + 102
core   0: 3 0x800034ee (0x06bd8363)
core   0: 0x800034f2 (0x0000458d) c.li    a1, 3
core   0: 3 0x800034f2 (0x458d) x11 0x00000003
core   0: 0x800034f4 (0x06bd8563) beq     s11, a1, pc + 106
core   0: 3 0x800034f4 (0x06bd8563)
core   0: 0x800034f8 (0x00004591) c.li    a1, 4
core   0: 3 0x800034f8 (0x4591) x11 0x00000004
core   0: 0x800034fa (0x06bd8763) beq     s11, a1, pc + 110
core   0: 3 0x800034fa (0x06bd8763)
core   0: 0x800034fe (0x00004595) c.li    a1, 5
core   0: 3 0x800034fe (0x4595) x11 0x00000005
core   0: 0x80003500 (0x06bd8963) beq     s11, a1, pc + 114
core   0: 3 0x80003500 (0x06bd8963)
core   0: 0x80003504 (0x00004599) c.li    a1, 6
core   0: 3 0x80003504 (0x4599) x11 0x00000006
core   0: 0x80003506 (0x06bd8b63) beq     s11, a1, pc + 118
core   0: 3 0x80003506 (0x06bd8b63)
core   0: 0x8000357c (0x3b602d73) csrr    s10, pmpaddr6
core   0: 3 0x8000357c (0x3b602d73) x26 0x20004788
core   0: 0x80003580 (0x3a102c73) csrr    s8, pmpcfg1
core   0: 3 0x80003580 (0x3a102c73) x24 0x0f0f0f0f
core   0: 0x80003584 (0x0000a8b1) c.j     pc + 92
core   0: 3 0x80003584 (0xa8b1)
core   0: 0x800035e0 (0x00004411) c.li    s0, 4
core   0: 3 0x800035e0 (0x4411) x8  0x00000004
core   0: 0x800035e2 (0x01e39d93) slli    s11, t2, 30
core   0: 3 0x800035e2 (0x01e39d93) x27 0x80000000
core   0: 0x800035e6 (0x01eddd93) srli    s11, s11, 30
core   0: 3 0x800035e6 (0x01eddd93) x27 0x00000002
core   0: 0x800035ea (0x41b405b3) sub     a1, s0, s11
core   0: 3 0x800035ea (0x41b405b3) x11 0x00000002
core   0: 0x800035ee (0x000015fd) c.addi  a1, -1
core   0: 3 0x800035ee (0x15fd) x11 0x00000001
core   0: 0x800035f0 (0x0000058e) c.slli  a1, 3
core   0: 3 0x800035f0 (0x058e) x11 0x00000008
core   0: 0x800035f2 (0x00bc1433) sll     s0, s8, a1
core   0: 3 0x800035f2 (0x00bc1433) x8  0x0f0f0f00
core   0: 0x800035f6 (0x00000d8e) c.slli  s11, 3
core   0: 3 0x800035f6 (0x0d8e) x27 0x00000010
core   0: 0x800035f8 (0x000095ee) c.add   a1, s11
core   0: 3 0x800035f8 (0x95ee) x11 0x00000018
core   0: 0x800035fa (0x00b45433) srl     s0, s0, a1
core   0: 3 0x800035fa (0x00b45433) x8  0x0000000f
core   0: 0x800035fe (0x01b41593) slli    a1, s0, 27
core   0: 3 0x800035fe (0x01b41593) x11 0x78000000
core   0: 0x80003602 (0x000081f9) c.srli  a1, 30
core   0: 3 0x80003602 (0x81f9) x11 0x00000001
core   0: 0x80003604 (0x0000c5a1) c.beqz  a1, pc + 72
core   0: 3 0x80003604 (0xc5a1)
core   0: 0x80003606 (0x00004d85) c.li    s11, 1
core   0: 3 0x80003606 (0x4d85) x27 0x00000001
core   0: 0x80003608 (0x05b58363) beq     a1, s11, pc + 70
core   0: 3 0x80003608 (0x05b58363)
core   0: 0x8000364e (0x00008d9e) c.mv    s11, t2
core   0: 3 0x8000364e (0x8d9e) x27 0x00000006
core   0: 0x80003650 (0x343025f3) csrr    a1, mtval
core   0: 3 0x80003650 (0x343025f3) x11 0x8ffffffc
core   0: 0x80003654 (0x00008189) c.srli  a1, 2
core   0: 3 0x80003654 (0x8189) x11 0x23ffffff
core   0: 0x80003656 (0x000d9563) bnez    s11, pc + 10
core   0: 3 0x80003656 (0x000d9563)
core   0: 0x80003660 (0xfdc5e2e3) bltu    a1, t3, pc - 60
core   0: 3 0x80003660 (0xfdc5e2e3)
core   0: 0x80003664 (0xfda5f0e3) bgeu    a1, s10, pc - 64
core   0: 3 0x80003664 (0xfda5f0e3)
core   0: 0x80003624 (0x00008d9e) c.mv    s11, t2
core   0: 3 0x80003624 (0x8d9e) x27 0x00000006
core   0: 0x80003626 (0x00008e6a) c.mv    t3, s10
core   0: 3 0x80003626 (0x8e6a) x28 0x20004788
core   0: 0x80003628 (0x00000d85) c.addi  s11, 1
core   0: 3 0x80003628 (0x0d85) x27 0x00000007
core   0: 0x8000362a (0x000083ee) c.mv    t2, s11
core   0: 3 0x8000362a (0x83ee) x7  0x00000007
core   0: 0x8000362c (0x00004d41) c.li    s10, 16
core   0: 3 0x8000362c (0x4d41) x26 0x00000010
core   0: 0x8000362e (0x01add363) bge     s11, s10, pc + 6
core   0: 3 0x8000362e (0x01add363)
core   0: 0x80003632 (0x0000b56d) c.j     pc - 342
core   0: 3 0x80003632 (0xb56d)
core   0: 0x800034dc (0x00008d9e) c.mv    s11, t2
core   0: 3 0x800034dc (0x8d9e) x27 0x00000007
core   0: 0x800034de (0x000085ee) c.mv    a1, s11
core   0: 3 0x800034de (0x85ee) x11 0x00000007
core   0: 0x800034e0 (0x00004581) c.li    a1, 0
core   0: 3 0x800034e0 (0x4581) x11 0x00000000
core   0: 0x800034e2 (0x04bd8f63) beq     s11, a1, pc + 94
core   0: 3 0x800034e2 (0x04bd8f63)
core   0: 0x800034e6 (0x00004585) c.li    a1, 1
core   0: 3 0x800034e6 (0x4585) x11 0x00000001
core   0: 0x800034e8 (0x06bd8163) beq     s11, a1, pc + 98
core   0: 3 0x800034e8 (0x06bd8163)
core   0: 0x800034ec (0x00004589) c.li    a1, 2
core   0: 3 0x800034ec (0x4589) x11 0x00000002
core   0: 0x800034ee (0x06bd8363) beq     s11, a1, pc + 102
core   0: 3 0x800034ee (0x06bd8363)
core   0: 0x800034f2 (0x0000458d) c.li    a1, 3
core   0: 3 0x800034f2 (0x458d) x11 0x00000003
core   0: 0x800034f4 (0x06bd8563) beq     s11, a1, pc + 106
core   0: 3 0x800034f4 (0x06bd8563)
core   0: 0x800034f8 (0x00004591) c.li    a1, 4
core   0: 3 0x800034f8 (0x4591) x11 0x00000004
core   0: 0x800034fa (0x06bd8763) beq     s11, a1, pc + 110
core   0: 3 0x800034fa (0x06bd8763)
core   0: 0x800034fe (0x00004595) c.li    a1, 5
core   0: 3 0x800034fe (0x4595) x11 0x00000005
core   0: 0x80003500 (0x06bd8963) beq     s11, a1, pc + 114
core   0: 3 0x80003500 (0x06bd8963)
core   0: 0x80003504 (0x00004599) c.li    a1, 6
core   0: 3 0x80003504 (0x4599) x11 0x00000006
core   0: 0x80003506 (0x06bd8b63) beq     s11, a1, pc + 118
core   0: 3 0x80003506 (0x06bd8b63)
core   0: 0x8000350a (0x0000459d) c.li    a1, 7
core   0: 3 0x8000350a (0x459d) x11 0x00000007
core   0: 0x8000350c (0x06bd8d63) beq     s11, a1, pc + 122
core   0: 3 0x8000350c (0x06bd8d63)
core   0: 0x80003586 (0x3b702d73) csrr    s10, pmpaddr7
core   0: 3 0x80003586 (0x3b702d73) x26 0x20005121
core   0: 0x8000358a (0x3a102c73) csrr    s8, pmpcfg1
core   0: 3 0x8000358a (0x3a102c73) x24 0x0f0f0f0f
core   0: 0x8000358e (0x0000a889) c.j     pc + 82
core   0: 3 0x8000358e (0xa889)
core   0: 0x800035e0 (0x00004411) c.li    s0, 4
core   0: 3 0x800035e0 (0x4411) x8  0x00000004
core   0: 0x800035e2 (0x01e39d93) slli    s11, t2, 30
core   0: 3 0x800035e2 (0x01e39d93) x27 0xc0000000
core   0: 0x800035e6 (0x01eddd93) srli    s11, s11, 30
core   0: 3 0x800035e6 (0x01eddd93) x27 0x00000003
core   0: 0x800035ea (0x41b405b3) sub     a1, s0, s11
core   0: 3 0x800035ea (0x41b405b3) x11 0x00000001
core   0: 0x800035ee (0x000015fd) c.addi  a1, -1
core   0: 3 0x800035ee (0x15fd) x11 0x00000000
core   0: 0x800035f0 (0x0000058e) c.slli  a1, 3
core   0: 3 0x800035f0 (0x058e) x11 0x00000000
core   0: 0x800035f2 (0x00bc1433) sll     s0, s8, a1
core   0: 3 0x800035f2 (0x00bc1433) x8  0x0f0f0f0f
core   0: 0x800035f6 (0x00000d8e) c.slli  s11, 3
core   0: 3 0x800035f6 (0x0d8e) x27 0x00000018
core   0: 0x800035f8 (0x000095ee) c.add   a1, s11
core   0: 3 0x800035f8 (0x95ee) x11 0x00000018
core   0: 0x800035fa (0x00b45433) srl     s0, s0, a1
core   0: 3 0x800035fa (0x00b45433) x8  0x0000000f
core   0: 0x800035fe (0x01b41593) slli    a1, s0, 27
core   0: 3 0x800035fe (0x01b41593) x11 0x78000000
core   0: 0x80003602 (0x000081f9) c.srli  a1, 30
core   0: 3 0x80003602 (0x81f9) x11 0x00000001
core   0: 0x80003604 (0x0000c5a1) c.beqz  a1, pc + 72
core   0: 3 0x80003604 (0xc5a1)
core   0: 0x80003606 (0x00004d85) c.li    s11, 1
core   0: 3 0x80003606 (0x4d85) x27 0x00000001
core   0: 0x80003608 (0x05b58363) beq     a1, s11, pc + 70
core   0: 3 0x80003608 (0x05b58363)
core   0: 0x8000364e (0x00008d9e) c.mv    s11, t2
core   0: 3 0x8000364e (0x8d9e) x27 0x00000007
core   0: 0x80003650 (0x343025f3) csrr    a1, mtval
core   0: 3 0x80003650 (0x343025f3) x11 0x8ffffffc
core   0: 0x80003654 (0x00008189) c.srli  a1, 2
core   0: 3 0x80003654 (0x8189) x11 0x23ffffff
core   0: 0x80003656 (0x000d9563) bnez    s11, pc + 10
core   0: 3 0x80003656 (0x000d9563)
core   0: 0x80003660 (0xfdc5e2e3) bltu    a1, t3, pc - 60
core   0: 3 0x80003660 (0xfdc5e2e3)
core   0: 0x80003664 (0xfda5f0e3) bgeu    a1, s10, pc - 64
core   0: 3 0x80003664 (0xfda5f0e3)
core   0: 0x80003624 (0x00008d9e) c.mv    s11, t2
core   0: 3 0x80003624 (0x8d9e) x27 0x00000007
core   0: 0x80003626 (0x00008e6a) c.mv    t3, s10
core   0: 3 0x80003626 (0x8e6a) x28 0x20005121
core   0: 0x80003628 (0x00000d85) c.addi  s11, 1
core   0: 3 0x80003628 (0x0d85) x27 0x00000008
core   0: 0x8000362a (0x000083ee) c.mv    t2, s11
core   0: 3 0x8000362a (0x83ee) x7  0x00000008
core   0: 0x8000362c (0x00004d41) c.li    s10, 16
core   0: 3 0x8000362c (0x4d41) x26 0x00000010
core   0: 0x8000362e (0x01add363) bge     s11, s10, pc + 6
core   0: 3 0x8000362e (0x01add363)
core   0: 0x80003632 (0x0000b56d) c.j     pc - 342
core   0: 3 0x80003632 (0xb56d)
core   0: 0x800034dc (0x00008d9e) c.mv    s11, t2
core   0: 3 0x800034dc (0x8d9e) x27 0x00000008
core   0: 0x800034de (0x000085ee) c.mv    a1, s11
core   0: 3 0x800034de (0x85ee) x11 0x00000008
core   0: 0x800034e0 (0x00004581) c.li    a1, 0
core   0: 3 0x800034e0 (0x4581) x11 0x00000000
core   0: 0x800034e2 (0x04bd8f63) beq     s11, a1, pc + 94
core   0: 3 0x800034e2 (0x04bd8f63)
core   0: 0x800034e6 (0x00004585) c.li    a1, 1
core   0: 3 0x800034e6 (0x4585) x11 0x00000001
core   0: 0x800034e8 (0x06bd8163) beq     s11, a1, pc + 98
core   0: 3 0x800034e8 (0x06bd8163)
core   0: 0x800034ec (0x00004589) c.li    a1, 2
core   0: 3 0x800034ec (0x4589) x11 0x00000002
core   0: 0x800034ee (0x06bd8363) beq     s11, a1, pc + 102
core   0: 3 0x800034ee (0x06bd8363)
core   0: 0x800034f2 (0x0000458d) c.li    a1, 3
core   0: 3 0x800034f2 (0x458d) x11 0x00000003
core   0: 0x800034f4 (0x06bd8563) beq     s11, a1, pc + 106
core   0: 3 0x800034f4 (0x06bd8563)
core   0: 0x800034f8 (0x00004591) c.li    a1, 4
core   0: 3 0x800034f8 (0x4591) x11 0x00000004
core   0: 0x800034fa (0x06bd8763) beq     s11, a1, pc + 110
core   0: 3 0x800034fa (0x06bd8763)
core   0: 0x800034fe (0x00004595) c.li    a1, 5
core   0: 3 0x800034fe (0x4595) x11 0x00000005
core   0: 0x80003500 (0x06bd8963) beq     s11, a1, pc + 114
core   0: 3 0x80003500 (0x06bd8963)
core   0: 0x80003504 (0x00004599) c.li    a1, 6
core   0: 3 0x80003504 (0x4599) x11 0x00000006
core   0: 0x80003506 (0x06bd8b63) beq     s11, a1, pc + 118
core   0: 3 0x80003506 (0x06bd8b63)
core   0: 0x8000350a (0x0000459d) c.li    a1, 7
core   0: 3 0x8000350a (0x459d) x11 0x00000007
core   0: 0x8000350c (0x06bd8d63) beq     s11, a1, pc + 122
core   0: 3 0x8000350c (0x06bd8d63)
core   0: 0x80003510 (0x000045a1) c.li    a1, 8
core   0: 3 0x80003510 (0x45a1) x11 0x00000008
core   0: 0x80003512 (0x06bd8f63) beq     s11, a1, pc + 126
core   0: 3 0x80003512 (0x06bd8f63)
core   0: 0x80003590 (0x3b802d73) csrr    s10, pmpaddr8
core   0: 3 0x80003590 (0x3b802d73) x26 0x20005abb
core   0: 0x80003594 (0x3a202c73) csrr    s8, pmpcfg2
core   0: 3 0x80003594 (0x3a202c73) x24 0x0f0f0f0f
core   0: 0x80003598 (0x0000a0a1) c.j     pc + 72
core   0: 3 0x80003598 (0xa0a1)
core   0: 0x800035e0 (0x00004411) c.li    s0, 4
core   0: 3 0x800035e0 (0x4411) x8  0x00000004
core   0: 0x800035e2 (0x01e39d93) slli    s11, t2, 30
core   0: 3 0x800035e2 (0x01e39d93) x27 0x00000000
core   0: 0x800035e6 (0x01eddd93) srli    s11, s11, 30
core   0: 3 0x800035e6 (0x01eddd93) x27 0x00000000
core   0: 0x800035ea (0x41b405b3) sub     a1, s0, s11
core   0: 3 0x800035ea (0x41b405b3) x11 0x00000004
core   0: 0x800035ee (0x000015fd) c.addi  a1, -1
core   0: 3 0x800035ee (0x15fd) x11 0x00000003
core   0: 0x800035f0 (0x0000058e) c.slli  a1, 3
core   0: 3 0x800035f0 (0x058e) x11 0x00000018
core   0: 0x800035f2 (0x00bc1433) sll     s0, s8, a1
core   0: 3 0x800035f2 (0x00bc1433) x8  0x0f000000
core   0: 0x800035f6 (0x00000d8e) c.slli  s11, 3
core   0: 3 0x800035f6 (0x0d8e) x27 0x00000000
core   0: 0x800035f8 (0x000095ee) c.add   a1, s11
core   0: 3 0x800035f8 (0x95ee) x11 0x00000018
core   0: 0x800035fa (0x00b45433) srl     s0, s0, a1
core   0: 3 0x800035fa (0x00b45433) x8  0x0000000f
core   0: 0x800035fe (0x01b41593) slli    a1, s0, 27
core   0: 3 0x800035fe (0x01b41593) x11 0x78000000
core   0: 0x80003602 (0x000081f9) c.srli  a1, 30
core   0: 3 0x80003602 (0x81f9) x11 0x00000001
core   0: 0x80003604 (0x0000c5a1) c.beqz  a1, pc + 72
core   0: 3 0x80003604 (0xc5a1)
core   0: 0x80003606 (0x00004d85) c.li    s11, 1
core   0: 3 0x80003606 (0x4d85) x27 0x00000001
core   0: 0x80003608 (0x05b58363) beq     a1, s11, pc + 70
core   0: 3 0x80003608 (0x05b58363)
core   0: 0x8000364e (0x00008d9e) c.mv    s11, t2
core   0: 3 0x8000364e (0x8d9e) x27 0x00000008
core   0: 0x80003650 (0x343025f3) csrr    a1, mtval
core   0: 3 0x80003650 (0x343025f3) x11 0x8ffffffc
core   0: 0x80003654 (0x00008189) c.srli  a1, 2
core   0: 3 0x80003654 (0x8189) x11 0x23ffffff
core   0: 0x80003656 (0x000d9563) bnez    s11, pc + 10
core   0: 3 0x80003656 (0x000d9563)
core   0: 0x80003660 (0xfdc5e2e3) bltu    a1, t3, pc - 60
core   0: 3 0x80003660 (0xfdc5e2e3)
core   0: 0x80003664 (0xfda5f0e3) bgeu    a1, s10, pc - 64
core   0: 3 0x80003664 (0xfda5f0e3)
core   0: 0x80003624 (0x00008d9e) c.mv    s11, t2
core   0: 3 0x80003624 (0x8d9e) x27 0x00000008
core   0: 0x80003626 (0x00008e6a) c.mv    t3, s10
core   0: 3 0x80003626 (0x8e6a) x28 0x20005abb
core   0: 0x80003628 (0x00000d85) c.addi  s11, 1
core   0: 3 0x80003628 (0x0d85) x27 0x00000009
core   0: 0x8000362a (0x000083ee) c.mv    t2, s11
core   0: 3 0x8000362a (0x83ee) x7  0x00000009
core   0: 0x8000362c (0x00004d41) c.li    s10, 16
core   0: 3 0x8000362c (0x4d41) x26 0x00000010
core   0: 0x8000362e (0x01add363) bge     s11, s10, pc + 6
core   0: 3 0x8000362e (0x01add363)
core   0: 0x80003632 (0x0000b56d) c.j     pc - 342
core   0: 3 0x80003632 (0xb56d)
core   0: 0x800034dc (0x00008d9e) c.mv    s11, t2
core   0: 3 0x800034dc (0x8d9e) x27 0x00000009
core   0: 0x800034de (0x000085ee) c.mv    a1, s11
core   0: 3 0x800034de (0x85ee) x11 0x00000009
core   0: 0x800034e0 (0x00004581) c.li    a1, 0
core   0: 3 0x800034e0 (0x4581) x11 0x00000000
core   0: 0x800034e2 (0x04bd8f63) beq     s11, a1, pc + 94
core   0: 3 0x800034e2 (0x04bd8f63)
core   0: 0x800034e6 (0x00004585) c.li    a1, 1
core   0: 3 0x800034e6 (0x4585) x11 0x00000001
core   0: 0x800034e8 (0x06bd8163) beq     s11, a1, pc + 98
core   0: 3 0x800034e8 (0x06bd8163)
core   0: 0x800034ec (0x00004589) c.li    a1, 2
core   0: 3 0x800034ec (0x4589) x11 0x00000002
core   0: 0x800034ee (0x06bd8363) beq     s11, a1, pc + 102
core   0: 3 0x800034ee (0x06bd8363)
core   0: 0x800034f2 (0x0000458d) c.li    a1, 3
core   0: 3 0x800034f2 (0x458d) x11 0x00000003
core   0: 0x800034f4 (0x06bd8563) beq     s11, a1, pc + 106
core   0: 3 0x800034f4 (0x06bd8563)
core   0: 0x800034f8 (0x00004591) c.li    a1, 4
core   0: 3 0x800034f8 (0x4591) x11 0x00000004
core   0: 0x800034fa (0x06bd8763) beq     s11, a1, pc + 110
core   0: 3 0x800034fa (0x06bd8763)
core   0: 0x800034fe (0x00004595) c.li    a1, 5
core   0: 3 0x800034fe (0x4595) x11 0x00000005
core   0: 0x80003500 (0x06bd8963) beq     s11, a1, pc + 114
core   0: 3 0x80003500 (0x06bd8963)
core   0: 0x80003504 (0x00004599) c.li    a1, 6
core   0: 3 0x80003504 (0x4599) x11 0x00000006
core   0: 0x80003506 (0x06bd8b63) beq     s11, a1, pc + 118
core   0: 3 0x80003506 (0x06bd8b63)
core   0: 0x8000350a (0x0000459d) c.li    a1, 7
core   0: 3 0x8000350a (0x459d) x11 0x00000007
core   0: 0x8000350c (0x06bd8d63) beq     s11, a1, pc + 122
core   0: 3 0x8000350c (0x06bd8d63)
core   0: 0x80003510 (0x000045a1) c.li    a1, 8
core   0: 3 0x80003510 (0x45a1) x11 0x00000008
core   0: 0x80003512 (0x06bd8f63) beq     s11, a1, pc + 126
core   0: 3 0x80003512 (0x06bd8f63)
core   0: 0x80003516 (0x000045a5) c.li    a1, 9
core   0: 3 0x80003516 (0x45a5) x11 0x00000009
core   0: 0x80003518 (0x08bd8163) beq     s11, a1, pc + 130
core   0: 3 0x80003518 (0x08bd8163)
core   0: 0x8000359a (0x3b902d73) csrr    s10, pmpaddr9
core   0: 3 0x8000359a (0x3b902d73) x26 0x20006454
core   0: 0x8000359e (0x3a202c73) csrr    s8, pmpcfg2
core   0: 3 0x8000359e (0x3a202c73) x24 0x0f0f0f0f
core   0: 0x800035a2 (0x0000a83d) c.j     pc + 62
core   0: 3 0x800035a2 (0xa83d)
core   0: 0x800035e0 (0x00004411) c.li    s0, 4
core   0: 3 0x800035e0 (0x4411) x8  0x00000004
core   0: 0x800035e2 (0x01e39d93) slli    s11, t2, 30
core   0: 3 0x800035e2 (0x01e39d93) x27 0x40000000
core   0: 0x800035e6 (0x01eddd93) srli    s11, s11, 30
core   0: 3 0x800035e6 (0x01eddd93) x27 0x00000001
core   0: 0x800035ea (0x41b405b3) sub     a1, s0, s11
core   0: 3 0x800035ea (0x41b405b3) x11 0x00000003
core   0: 0x800035ee (0x000015fd) c.addi  a1, -1
core   0: 3 0x800035ee (0x15fd) x11 0x00000002
core   0: 0x800035f0 (0x0000058e) c.slli  a1, 3
core   0: 3 0x800035f0 (0x058e) x11 0x00000010
core   0: 0x800035f2 (0x00bc1433) sll     s0, s8, a1
core   0: 3 0x800035f2 (0x00bc1433) x8  0x0f0f0000
core   0: 0x800035f6 (0x00000d8e) c.slli  s11, 3
core   0: 3 0x800035f6 (0x0d8e) x27 0x00000008
core   0: 0x800035f8 (0x000095ee) c.add   a1, s11
core   0: 3 0x800035f8 (0x95ee) x11 0x00000018
core   0: 0x800035fa (0x00b45433) srl     s0, s0, a1
core   0: 3 0x800035fa (0x00b45433) x8  0x0000000f
core   0: 0x800035fe (0x01b41593) slli    a1, s0, 27
core   0: 3 0x800035fe (0x01b41593) x11 0x78000000
core   0: 0x80003602 (0x000081f9) c.srli  a1, 30
core   0: 3 0x80003602 (0x81f9) x11 0x00000001
core   0: 0x80003604 (0x0000c5a1) c.beqz  a1, pc + 72
core   0: 3 0x80003604 (0xc5a1)
core   0: 0x80003606 (0x00004d85) c.li    s11, 1
core   0: 3 0x80003606 (0x4d85) x27 0x00000001
core   0: 0x80003608 (0x05b58363) beq     a1, s11, pc + 70
core   0: 3 0x80003608 (0x05b58363)
core   0: 0x8000364e (0x00008d9e) c.mv    s11, t2
core   0: 3 0x8000364e (0x8d9e) x27 0x00000009
core   0: 0x80003650 (0x343025f3) csrr    a1, mtval
core   0: 3 0x80003650 (0x343025f3) x11 0x8ffffffc
core   0: 0x80003654 (0x00008189) c.srli  a1, 2
core   0: 3 0x80003654 (0x8189) x11 0x23ffffff
core   0: 0x80003656 (0x000d9563) bnez    s11, pc + 10
core   0: 3 0x80003656 (0x000d9563)
core   0: 0x80003660 (0xfdc5e2e3) bltu    a1, t3, pc - 60
core   0: 3 0x80003660 (0xfdc5e2e3)
core   0: 0x80003664 (0xfda5f0e3) bgeu    a1, s10, pc - 64
core   0: 3 0x80003664 (0xfda5f0e3)
core   0: 0x80003624 (0x00008d9e) c.mv    s11, t2
core   0: 3 0x80003624 (0x8d9e) x27 0x00000009
core   0: 0x80003626 (0x00008e6a) c.mv    t3, s10
core   0: 3 0x80003626 (0x8e6a) x28 0x20006454
core   0: 0x80003628 (0x00000d85) c.addi  s11, 1
core   0: 3 0x80003628 (0x0d85) x27 0x0000000a
core   0: 0x8000362a (0x000083ee) c.mv    t2, s11
core   0: 3 0x8000362a (0x83ee) x7  0x0000000a
core   0: 0x8000362c (0x00004d41) c.li    s10, 16
core   0: 3 0x8000362c (0x4d41) x26 0x00000010
core   0: 0x8000362e (0x01add363) bge     s11, s10, pc + 6
core   0: 3 0x8000362e (0x01add363)
core   0: 0x80003632 (0x0000b56d) c.j     pc - 342
core   0: 3 0x80003632 (0xb56d)
core   0: 0x800034dc (0x00008d9e) c.mv    s11, t2
core   0: 3 0x800034dc (0x8d9e) x27 0x0000000a
core   0: 0x800034de (0x000085ee) c.mv    a1, s11
core   0: 3 0x800034de (0x85ee) x11 0x0000000a
core   0: 0x800034e0 (0x00004581) c.li    a1, 0
core   0: 3 0x800034e0 (0x4581) x11 0x00000000
core   0: 0x800034e2 (0x04bd8f63) beq     s11, a1, pc + 94
core   0: 3 0x800034e2 (0x04bd8f63)
core   0: 0x800034e6 (0x00004585) c.li    a1, 1
core   0: 3 0x800034e6 (0x4585) x11 0x00000001
core   0: 0x800034e8 (0x06bd8163) beq     s11, a1, pc + 98
core   0: 3 0x800034e8 (0x06bd8163)
core   0: 0x800034ec (0x00004589) c.li    a1, 2
core   0: 3 0x800034ec (0x4589) x11 0x00000002
core   0: 0x800034ee (0x06bd8363) beq     s11, a1, pc + 102
core   0: 3 0x800034ee (0x06bd8363)
core   0: 0x800034f2 (0x0000458d) c.li    a1, 3
core   0: 3 0x800034f2 (0x458d) x11 0x00000003
core   0: 0x800034f4 (0x06bd8563) beq     s11, a1, pc + 106
core   0: 3 0x800034f4 (0x06bd8563)
core   0: 0x800034f8 (0x00004591) c.li    a1, 4
core   0: 3 0x800034f8 (0x4591) x11 0x00000004
core   0: 0x800034fa (0x06bd8763) beq     s11, a1, pc + 110
core   0: 3 0x800034fa (0x06bd8763)
core   0: 0x800034fe (0x00004595) c.li    a1, 5
core   0: 3 0x800034fe (0x4595) x11 0x00000005
core   0: 0x80003500 (0x06bd8963) beq     s11, a1, pc + 114
core   0: 3 0x80003500 (0x06bd8963)
core   0: 0x80003504 (0x00004599) c.li    a1, 6
core   0: 3 0x80003504 (0x4599) x11 0x00000006
core   0: 0x80003506 (0x06bd8b63) beq     s11, a1, pc + 118
core   0: 3 0x80003506 (0x06bd8b63)
core   0: 0x8000350a (0x0000459d) c.li    a1, 7
core   0: 3 0x8000350a (0x459d) x11 0x00000007
core   0: 0x8000350c (0x06bd8d63) beq     s11, a1, pc + 122
core   0: 3 0x8000350c (0x06bd8d63)
core   0: 0x80003510 (0x000045a1) c.li    a1, 8
core   0: 3 0x80003510 (0x45a1) x11 0x00000008
core   0: 0x80003512 (0x06bd8f63) beq     s11, a1, pc + 126
core   0: 3 0x80003512 (0x06bd8f63)
core   0: 0x80003516 (0x000045a5) c.li    a1, 9
core   0: 3 0x80003516 (0x45a5) x11 0x00000009
core   0: 0x80003518 (0x08bd8163) beq     s11, a1, pc + 130
core   0: 3 0x80003518 (0x08bd8163)
core   0: 0x8000351c (0x000045a9) c.li    a1, 10
core   0: 3 0x8000351c (0x45a9) x11 0x0000000a
core   0: 0x8000351e (0x08bd8363) beq     s11, a1, pc + 134
core   0: 3 0x8000351e (0x08bd8363)
core   0: 0x800035a4 (0x3ba02d73) csrr    s10, pmpaddr10
core   0: 3 0x800035a4 (0x3ba02d73) x26 0x20006dee
core   0: 0x800035a8 (0x3a202c73) csrr    s8, pmpcfg2
core   0: 3 0x800035a8 (0x3a202c73) x24 0x0f0f0f0f
core   0: 0x800035ac (0x0000a815) c.j     pc + 52
core   0: 3 0x800035ac (0xa815)
core   0: 0x800035e0 (0x00004411) c.li    s0, 4
core   0: 3 0x800035e0 (0x4411) x8  0x00000004
core   0: 0x800035e2 (0x01e39d93) slli    s11, t2, 30
core   0: 3 0x800035e2 (0x01e39d93) x27 0x80000000
core   0: 0x800035e6 (0x01eddd93) srli    s11, s11, 30
core   0: 3 0x800035e6 (0x01eddd93) x27 0x00000002
core   0: 0x800035ea (0x41b405b3) sub     a1, s0, s11
core   0: 3 0x800035ea (0x41b405b3) x11 0x00000002
core   0: 0x800035ee (0x000015fd) c.addi  a1, -1
core   0: 3 0x800035ee (0x15fd) x11 0x00000001
core   0: 0x800035f0 (0x0000058e) c.slli  a1, 3
core   0: 3 0x800035f0 (0x058e) x11 0x00000008
core   0: 0x800035f2 (0x00bc1433) sll     s0, s8, a1
core   0: 3 0x800035f2 (0x00bc1433) x8  0x0f0f0f00
core   0: 0x800035f6 (0x00000d8e) c.slli  s11, 3
core   0: 3 0x800035f6 (0x0d8e) x27 0x00000010
core   0: 0x800035f8 (0x000095ee) c.add   a1, s11
core   0: 3 0x800035f8 (0x95ee) x11 0x00000018
core   0: 0x800035fa (0x00b45433) srl     s0, s0, a1
core   0: 3 0x800035fa (0x00b45433) x8  0x0000000f
core   0: 0x800035fe (0x01b41593) slli    a1, s0, 27
core   0: 3 0x800035fe (0x01b41593) x11 0x78000000
core   0: 0x80003602 (0x000081f9) c.srli  a1, 30
core   0: 3 0x80003602 (0x81f9) x11 0x00000001
core   0: 0x80003604 (0x0000c5a1) c.beqz  a1, pc + 72
core   0: 3 0x80003604 (0xc5a1)
core   0: 0x80003606 (0x00004d85) c.li    s11, 1
core   0: 3 0x80003606 (0x4d85) x27 0x00000001
core   0: 0x80003608 (0x05b58363) beq     a1, s11, pc + 70
core   0: 3 0x80003608 (0x05b58363)
core   0: 0x8000364e (0x00008d9e) c.mv    s11, t2
core   0: 3 0x8000364e (0x8d9e) x27 0x0000000a
core   0: 0x80003650 (0x343025f3) csrr    a1, mtval
core   0: 3 0x80003650 (0x343025f3) x11 0x8ffffffc
core   0: 0x80003654 (0x00008189) c.srli  a1, 2
core   0: 3 0x80003654 (0x8189) x11 0x23ffffff
core   0: 0x80003656 (0x000d9563) bnez    s11, pc + 10
core   0: 3 0x80003656 (0x000d9563)
core   0: 0x80003660 (0xfdc5e2e3) bltu    a1, t3, pc - 60
core   0: 3 0x80003660 (0xfdc5e2e3)
core   0: 0x80003664 (0xfda5f0e3) bgeu    a1, s10, pc - 64
core   0: 3 0x80003664 (0xfda5f0e3)
core   0: 0x80003624 (0x00008d9e) c.mv    s11, t2
core   0: 3 0x80003624 (0x8d9e) x27 0x0000000a
core   0: 0x80003626 (0x00008e6a) c.mv    t3, s10
core   0: 3 0x80003626 (0x8e6a) x28 0x20006dee
core   0: 0x80003628 (0x00000d85) c.addi  s11, 1
core   0: 3 0x80003628 (0x0d85) x27 0x0000000b
core   0: 0x8000362a (0x000083ee) c.mv    t2, s11
core   0: 3 0x8000362a (0x83ee) x7  0x0000000b
core   0: 0x8000362c (0x00004d41) c.li    s10, 16
core   0: 3 0x8000362c (0x4d41) x26 0x00000010
core   0: 0x8000362e (0x01add363) bge     s11, s10, pc + 6
core   0: 3 0x8000362e (0x01add363)
core   0: 0x80003632 (0x0000b56d) c.j     pc - 342
core   0: 3 0x80003632 (0xb56d)
core   0: 0x800034dc (0x00008d9e) c.mv    s11, t2
core   0: 3 0x800034dc (0x8d9e) x27 0x0000000b
core   0: 0x800034de (0x000085ee) c.mv    a1, s11
core   0: 3 0x800034de (0x85ee) x11 0x0000000b
core   0: 0x800034e0 (0x00004581) c.li    a1, 0
core   0: 3 0x800034e0 (0x4581) x11 0x00000000
core   0: 0x800034e2 (0x04bd8f63) beq     s11, a1, pc + 94
core   0: 3 0x800034e2 (0x04bd8f63)
core   0: 0x800034e6 (0x00004585) c.li    a1, 1
core   0: 3 0x800034e6 (0x4585) x11 0x00000001
core   0: 0x800034e8 (0x06bd8163) beq     s11, a1, pc + 98
core   0: 3 0x800034e8 (0x06bd8163)
core   0: 0x800034ec (0x00004589) c.li    a1, 2
core   0: 3 0x800034ec (0x4589) x11 0x00000002
core   0: 0x800034ee (0x06bd8363) beq     s11, a1, pc + 102
core   0: 3 0x800034ee (0x06bd8363)
core   0: 0x800034f2 (0x0000458d) c.li    a1, 3
core   0: 3 0x800034f2 (0x458d) x11 0x00000003
core   0: 0x800034f4 (0x06bd8563) beq     s11, a1, pc + 106
core   0: 3 0x800034f4 (0x06bd8563)
core   0: 0x800034f8 (0x00004591) c.li    a1, 4
core   0: 3 0x800034f8 (0x4591) x11 0x00000004
core   0: 0x800034fa (0x06bd8763) beq     s11, a1, pc + 110
core   0: 3 0x800034fa (0x06bd8763)
core   0: 0x800034fe (0x00004595) c.li    a1, 5
core   0: 3 0x800034fe (0x4595) x11 0x00000005
core   0: 0x80003500 (0x06bd8963) beq     s11, a1, pc + 114
core   0: 3 0x80003500 (0x06bd8963)
core   0: 0x80003504 (0x00004599) c.li    a1, 6
core   0: 3 0x80003504 (0x4599) x11 0x00000006
core   0: 0x80003506 (0x06bd8b63) beq     s11, a1, pc + 118
core   0: 3 0x80003506 (0x06bd8b63)
core   0: 0x8000350a (0x0000459d) c.li    a1, 7
core   0: 3 0x8000350a (0x459d) x11 0x00000007
core   0: 0x8000350c (0x06bd8d63) beq     s11, a1, pc + 122
core   0: 3 0x8000350c (0x06bd8d63)
core   0: 0x80003510 (0x000045a1) c.li    a1, 8
core   0: 3 0x80003510 (0x45a1) x11 0x00000008
core   0: 0x80003512 (0x06bd8f63) beq     s11, a1, pc + 126
core   0: 3 0x80003512 (0x06bd8f63)
core   0: 0x80003516 (0x000045a5) c.li    a1, 9
core   0: 3 0x80003516 (0x45a5) x11 0x00000009
core   0: 0x80003518 (0x08bd8163) beq     s11, a1, pc + 130
core   0: 3 0x80003518 (0x08bd8163)
core   0: 0x8000351c (0x000045a9) c.li    a1, 10
core   0: 3 0x8000351c (0x45a9) x11 0x0000000a
core   0: 0x8000351e (0x08bd8363) beq     s11, a1, pc + 134
core   0: 3 0x8000351e (0x08bd8363)
core   0: 0x80003522 (0x000045ad) c.li    a1, 11
core   0: 3 0x80003522 (0x45ad) x11 0x0000000b
core   0: 0x80003524 (0x08bd8563) beq     s11, a1, pc + 138
core   0: 3 0x80003524 (0x08bd8563)
core   0: 0x800035ae (0x3bb02d73) csrr    s10, pmpaddr11
core   0: 3 0x800035ae (0x3bb02d73) x26 0x20007787
core   0: 0x800035b2 (0x3a202c73) csrr    s8, pmpcfg2
core   0: 3 0x800035b2 (0x3a202c73) x24 0x0f0f0f0f
core   0: 0x800035b6 (0x0000a02d) c.j     pc + 42
core   0: 3 0x800035b6 (0xa02d)
core   0: 0x800035e0 (0x00004411) c.li    s0, 4
core   0: 3 0x800035e0 (0x4411) x8  0x00000004
core   0: 0x800035e2 (0x01e39d93) slli    s11, t2, 30
core   0: 3 0x800035e2 (0x01e39d93) x27 0xc0000000
core   0: 0x800035e6 (0x01eddd93) srli    s11, s11, 30
core   0: 3 0x800035e6 (0x01eddd93) x27 0x00000003
core   0: 0x800035ea (0x41b405b3) sub     a1, s0, s11
core   0: 3 0x800035ea (0x41b405b3) x11 0x00000001
core   0: 0x800035ee (0x000015fd) c.addi  a1, -1
core   0: 3 0x800035ee (0x15fd) x11 0x00000000
core   0: 0x800035f0 (0x0000058e) c.slli  a1, 3
core   0: 3 0x800035f0 (0x058e) x11 0x00000000
core   0: 0x800035f2 (0x00bc1433) sll     s0, s8, a1
core   0: 3 0x800035f2 (0x00bc1433) x8  0x0f0f0f0f
core   0: 0x800035f6 (0x00000d8e) c.slli  s11, 3
core   0: 3 0x800035f6 (0x0d8e) x27 0x00000018
core   0: 0x800035f8 (0x000095ee) c.add   a1, s11
core   0: 3 0x800035f8 (0x95ee) x11 0x00000018
core   0: 0x800035fa (0x00b45433) srl     s0, s0, a1
core   0: 3 0x800035fa (0x00b45433) x8  0x0000000f
core   0: 0x800035fe (0x01b41593) slli    a1, s0, 27
core   0: 3 0x800035fe (0x01b41593) x11 0x78000000
core   0: 0x80003602 (0x000081f9) c.srli  a1, 30
core   0: 3 0x80003602 (0x81f9) x11 0x00000001
core   0: 0x80003604 (0x0000c5a1) c.beqz  a1, pc + 72
core   0: 3 0x80003604 (0xc5a1)
core   0: 0x80003606 (0x00004d85) c.li    s11, 1
core   0: 3 0x80003606 (0x4d85) x27 0x00000001
core   0: 0x80003608 (0x05b58363) beq     a1, s11, pc + 70
core   0: 3 0x80003608 (0x05b58363)
core   0: 0x8000364e (0x00008d9e) c.mv    s11, t2
core   0: 3 0x8000364e (0x8d9e) x27 0x0000000b
core   0: 0x80003650 (0x343025f3) csrr    a1, mtval
core   0: 3 0x80003650 (0x343025f3) x11 0x8ffffffc
core   0: 0x80003654 (0x00008189) c.srli  a1, 2
core   0: 3 0x80003654 (0x8189) x11 0x23ffffff
core   0: 0x80003656 (0x000d9563) bnez    s11, pc + 10
core   0: 3 0x80003656 (0x000d9563)
core   0: 0x80003660 (0xfdc5e2e3) bltu    a1, t3, pc - 60
core   0: 3 0x80003660 (0xfdc5e2e3)
core   0: 0x80003664 (0xfda5f0e3) bgeu    a1, s10, pc - 64
core   0: 3 0x80003664 (0xfda5f0e3)
core   0: 0x80003624 (0x00008d9e) c.mv    s11, t2
core   0: 3 0x80003624 (0x8d9e) x27 0x0000000b
core   0: 0x80003626 (0x00008e6a) c.mv    t3, s10
core   0: 3 0x80003626 (0x8e6a) x28 0x20007787
core   0: 0x80003628 (0x00000d85) c.addi  s11, 1
core   0: 3 0x80003628 (0x0d85) x27 0x0000000c
core   0: 0x8000362a (0x000083ee) c.mv    t2, s11
core   0: 3 0x8000362a (0x83ee) x7  0x0000000c
core   0: 0x8000362c (0x00004d41) c.li    s10, 16
core   0: 3 0x8000362c (0x4d41) x26 0x00000010
core   0: 0x8000362e (0x01add363) bge     s11, s10, pc + 6
core   0: 3 0x8000362e (0x01add363)
core   0: 0x80003632 (0x0000b56d) c.j     pc - 342
core   0: 3 0x80003632 (0xb56d)
core   0: 0x800034dc (0x00008d9e) c.mv    s11, t2
core   0: 3 0x800034dc (0x8d9e) x27 0x0000000c
core   0: 0x800034de (0x000085ee) c.mv    a1, s11
core   0: 3 0x800034de (0x85ee) x11 0x0000000c
core   0: 0x800034e0 (0x00004581) c.li    a1, 0
core   0: 3 0x800034e0 (0x4581) x11 0x00000000
core   0: 0x800034e2 (0x04bd8f63) beq     s11, a1, pc + 94
core   0: 3 0x800034e2 (0x04bd8f63)
core   0: 0x800034e6 (0x00004585) c.li    a1, 1
core   0: 3 0x800034e6 (0x4585) x11 0x00000001
core   0: 0x800034e8 (0x06bd8163) beq     s11, a1, pc + 98
core   0: 3 0x800034e8 (0x06bd8163)
core   0: 0x800034ec (0x00004589) c.li    a1, 2
core   0: 3 0x800034ec (0x4589) x11 0x00000002
core   0: 0x800034ee (0x06bd8363) beq     s11, a1, pc + 102
core   0: 3 0x800034ee (0x06bd8363)
core   0: 0x800034f2 (0x0000458d) c.li    a1, 3
core   0: 3 0x800034f2 (0x458d) x11 0x00000003
core   0: 0x800034f4 (0x06bd8563) beq     s11, a1, pc + 106
core   0: 3 0x800034f4 (0x06bd8563)
core   0: 0x800034f8 (0x00004591) c.li    a1, 4
core   0: 3 0x800034f8 (0x4591) x11 0x00000004
core   0: 0x800034fa (0x06bd8763) beq     s11, a1, pc + 110
core   0: 3 0x800034fa (0x06bd8763)
core   0: 0x800034fe (0x00004595) c.li    a1, 5
core   0: 3 0x800034fe (0x4595) x11 0x00000005
core   0: 0x80003500 (0x06bd8963) beq     s11, a1, pc + 114
core   0: 3 0x80003500 (0x06bd8963)
core   0: 0x80003504 (0x00004599) c.li    a1, 6
core   0: 3 0x80003504 (0x4599) x11 0x00000006
core   0: 0x80003506 (0x06bd8b63) beq     s11, a1, pc + 118
core   0: 3 0x80003506 (0x06bd8b63)
core   0: 0x8000350a (0x0000459d) c.li    a1, 7
core   0: 3 0x8000350a (0x459d) x11 0x00000007
core   0: 0x8000350c (0x06bd8d63) beq     s11, a1, pc + 122
core   0: 3 0x8000350c (0x06bd8d63)
core   0: 0x80003510 (0x000045a1) c.li    a1, 8
core   0: 3 0x80003510 (0x45a1) x11 0x00000008
core   0: 0x80003512 (0x06bd8f63) beq     s11, a1, pc + 126
core   0: 3 0x80003512 (0x06bd8f63)
core   0: 0x80003516 (0x000045a5) c.li    a1, 9
core   0: 3 0x80003516 (0x45a5) x11 0x00000009
core   0: 0x80003518 (0x08bd8163) beq     s11, a1, pc + 130
core   0: 3 0x80003518 (0x08bd8163)
core   0: 0x8000351c (0x000045a9) c.li    a1, 10
core   0: 3 0x8000351c (0x45a9) x11 0x0000000a
core   0: 0x8000351e (0x08bd8363) beq     s11, a1, pc + 134
core   0: 3 0x8000351e (0x08bd8363)
core   0: 0x80003522 (0x000045ad) c.li    a1, 11
core   0: 3 0x80003522 (0x45ad) x11 0x0000000b
core   0: 0x80003524 (0x08bd8563) beq     s11, a1, pc + 138
core   0: 3 0x80003524 (0x08bd8563)
core   0: 0x80003528 (0x000045b1) c.li    a1, 12
core   0: 3 0x80003528 (0x45b1) x11 0x0000000c
core   0: 0x8000352a (0x08bd8763) beq     s11, a1, pc + 142
core   0: 3 0x8000352a (0x08bd8763)
core   0: 0x800035b8 (0x3bc02d73) csrr    s10, pmpaddr12
core   0: 3 0x800035b8 (0x3bc02d73) x26 0x20008121
core   0: 0x800035bc (0x3a302c73) csrr    s8, pmpcfg3
core   0: 3 0x800035bc (0x3a302c73) x24 0x0f0f0f0f
core   0: 0x800035c0 (0x0000a005) c.j     pc + 32
core   0: 3 0x800035c0 (0xa005)
core   0: 0x800035e0 (0x00004411) c.li    s0, 4
core   0: 3 0x800035e0 (0x4411) x8  0x00000004
core   0: 0x800035e2 (0x01e39d93) slli    s11, t2, 30
core   0: 3 0x800035e2 (0x01e39d93) x27 0x00000000
core   0: 0x800035e6 (0x01eddd93) srli    s11, s11, 30
core   0: 3 0x800035e6 (0x01eddd93) x27 0x00000000
core   0: 0x800035ea (0x41b405b3) sub     a1, s0, s11
core   0: 3 0x800035ea (0x41b405b3) x11 0x00000004
core   0: 0x800035ee (0x000015fd) c.addi  a1, -1
core   0: 3 0x800035ee (0x15fd) x11 0x00000003
core   0: 0x800035f0 (0x0000058e) c.slli  a1, 3
core   0: 3 0x800035f0 (0x058e) x11 0x00000018
core   0: 0x800035f2 (0x00bc1433) sll     s0, s8, a1
core   0: 3 0x800035f2 (0x00bc1433) x8  0x0f000000
core   0: 0x800035f6 (0x00000d8e) c.slli  s11, 3
core   0: 3 0x800035f6 (0x0d8e) x27 0x00000000
core   0: 0x800035f8 (0x000095ee) c.add   a1, s11
core   0: 3 0x800035f8 (0x95ee) x11 0x00000018
core   0: 0x800035fa (0x00b45433) srl     s0, s0, a1
core   0: 3 0x800035fa (0x00b45433) x8  0x0000000f
core   0: 0x800035fe (0x01b41593) slli    a1, s0, 27
core   0: 3 0x800035fe (0x01b41593) x11 0x78000000
core   0: 0x80003602 (0x000081f9) c.srli  a1, 30
core   0: 3 0x80003602 (0x81f9) x11 0x00000001
core   0: 0x80003604 (0x0000c5a1) c.beqz  a1, pc + 72
core   0: 3 0x80003604 (0xc5a1)
core   0: 0x80003606 (0x00004d85) c.li    s11, 1
core   0: 3 0x80003606 (0x4d85) x27 0x00000001
core   0: 0x80003608 (0x05b58363) beq     a1, s11, pc + 70
core   0: 3 0x80003608 (0x05b58363)
core   0: 0x8000364e (0x00008d9e) c.mv    s11, t2
core   0: 3 0x8000364e (0x8d9e) x27 0x0000000c
core   0: 0x80003650 (0x343025f3) csrr    a1, mtval
core   0: 3 0x80003650 (0x343025f3) x11 0x8ffffffc
core   0: 0x80003654 (0x00008189) c.srli  a1, 2
core   0: 3 0x80003654 (0x8189) x11 0x23ffffff
core   0: 0x80003656 (0x000d9563) bnez    s11, pc + 10
core   0: 3 0x80003656 (0x000d9563)
core   0: 0x80003660 (0xfdc5e2e3) bltu    a1, t3, pc - 60
core   0: 3 0x80003660 (0xfdc5e2e3)
core   0: 0x80003664 (0xfda5f0e3) bgeu    a1, s10, pc - 64
core   0: 3 0x80003664 (0xfda5f0e3)
core   0: 0x80003624 (0x00008d9e) c.mv    s11, t2
core   0: 3 0x80003624 (0x8d9e) x27 0x0000000c
core   0: 0x80003626 (0x00008e6a) c.mv    t3, s10
core   0: 3 0x80003626 (0x8e6a) x28 0x20008121
core   0: 0x80003628 (0x00000d85) c.addi  s11, 1
core   0: 3 0x80003628 (0x0d85) x27 0x0000000d
core   0: 0x8000362a (0x000083ee) c.mv    t2, s11
core   0: 3 0x8000362a (0x83ee) x7  0x0000000d
core   0: 0x8000362c (0x00004d41) c.li    s10, 16
core   0: 3 0x8000362c (0x4d41) x26 0x00000010
core   0: 0x8000362e (0x01add363) bge     s11, s10, pc + 6
core   0: 3 0x8000362e (0x01add363)
core   0: 0x80003632 (0x0000b56d) c.j     pc - 342
core   0: 3 0x80003632 (0xb56d)
core   0: 0x800034dc (0x00008d9e) c.mv    s11, t2
core   0: 3 0x800034dc (0x8d9e) x27 0x0000000d
core   0: 0x800034de (0x000085ee) c.mv    a1, s11
core   0: 3 0x800034de (0x85ee) x11 0x0000000d
core   0: 0x800034e0 (0x00004581) c.li    a1, 0
core   0: 3 0x800034e0 (0x4581) x11 0x00000000
core   0: 0x800034e2 (0x04bd8f63) beq     s11, a1, pc + 94
core   0: 3 0x800034e2 (0x04bd8f63)
core   0: 0x800034e6 (0x00004585) c.li    a1, 1
core   0: 3 0x800034e6 (0x4585) x11 0x00000001
core   0: 0x800034e8 (0x06bd8163) beq     s11, a1, pc + 98
core   0: 3 0x800034e8 (0x06bd8163)
core   0: 0x800034ec (0x00004589) c.li    a1, 2
core   0: 3 0x800034ec (0x4589) x11 0x00000002
core   0: 0x800034ee (0x06bd8363) beq     s11, a1, pc + 102
core   0: 3 0x800034ee (0x06bd8363)
core   0: 0x800034f2 (0x0000458d) c.li    a1, 3
core   0: 3 0x800034f2 (0x458d) x11 0x00000003
core   0: 0x800034f4 (0x06bd8563) beq     s11, a1, pc + 106
core   0: 3 0x800034f4 (0x06bd8563)
core   0: 0x800034f8 (0x00004591) c.li    a1, 4
core   0: 3 0x800034f8 (0x4591) x11 0x00000004
core   0: 0x800034fa (0x06bd8763) beq     s11, a1, pc + 110
core   0: 3 0x800034fa (0x06bd8763)
core   0: 0x800034fe (0x00004595) c.li    a1, 5
core   0: 3 0x800034fe (0x4595) x11 0x00000005
core   0: 0x80003500 (0x06bd8963) beq     s11, a1, pc + 114
core   0: 3 0x80003500 (0x06bd8963)
core   0: 0x80003504 (0x00004599) c.li    a1, 6
core   0: 3 0x80003504 (0x4599) x11 0x00000006
core   0: 0x80003506 (0x06bd8b63) beq     s11, a1, pc + 118
core   0: 3 0x80003506 (0x06bd8b63)
core   0: 0x8000350a (0x0000459d) c.li    a1, 7
core   0: 3 0x8000350a (0x459d) x11 0x00000007
core   0: 0x8000350c (0x06bd8d63) beq     s11, a1, pc + 122
core   0: 3 0x8000350c (0x06bd8d63)
core   0: 0x80003510 (0x000045a1) c.li    a1, 8
core   0: 3 0x80003510 (0x45a1) x11 0x00000008
core   0: 0x80003512 (0x06bd8f63) beq     s11, a1, pc + 126
core   0: 3 0x80003512 (0x06bd8f63)
core   0: 0x80003516 (0x000045a5) c.li    a1, 9
core   0: 3 0x80003516 (0x45a5) x11 0x00000009
core   0: 0x80003518 (0x08bd8163) beq     s11, a1, pc + 130
core   0: 3 0x80003518 (0x08bd8163)
core   0: 0x8000351c (0x000045a9) c.li    a1, 10
core   0: 3 0x8000351c (0x45a9) x11 0x0000000a
core   0: 0x8000351e (0x08bd8363) beq     s11, a1, pc + 134
core   0: 3 0x8000351e (0x08bd8363)
core   0: 0x80003522 (0x000045ad) c.li    a1, 11
core   0: 3 0x80003522 (0x45ad) x11 0x0000000b
core   0: 0x80003524 (0x08bd8563) beq     s11, a1, pc + 138
core   0: 3 0x80003524 (0x08bd8563)
core   0: 0x80003528 (0x000045b1) c.li    a1, 12
core   0: 3 0x80003528 (0x45b1) x11 0x0000000c
core   0: 0x8000352a (0x08bd8763) beq     s11, a1, pc + 142
core   0: 3 0x8000352a (0x08bd8763)
core   0: 0x8000352e (0x000045b5) c.li    a1, 13
core   0: 3 0x8000352e (0x45b5) x11 0x0000000d
core   0: 0x80003530 (0x08bd8963) beq     s11, a1, pc + 146
core   0: 3 0x80003530 (0x08bd8963)
core   0: 0x800035c2 (0x3bd02d73) csrr    s10, pmpaddr13
core   0: 3 0x800035c2 (0x3bd02d73) x26 0x20008aba
core   0: 0x800035c6 (0x3a302c73) csrr    s8, pmpcfg3
core   0: 3 0x800035c6 (0x3a302c73) x24 0x0f0f0f0f
core   0: 0x800035ca (0x0000a819) c.j     pc + 22
core   0: 3 0x800035ca (0xa819)
core   0: 0x800035e0 (0x00004411) c.li    s0, 4
core   0: 3 0x800035e0 (0x4411) x8  0x00000004
core   0: 0x800035e2 (0x01e39d93) slli    s11, t2, 30
core   0: 3 0x800035e2 (0x01e39d93) x27 0x40000000
core   0: 0x800035e6 (0x01eddd93) srli    s11, s11, 30
core   0: 3 0x800035e6 (0x01eddd93) x27 0x00000001
core   0: 0x800035ea (0x41b405b3) sub     a1, s0, s11
core   0: 3 0x800035ea (0x41b405b3) x11 0x00000003
core   0: 0x800035ee (0x000015fd) c.addi  a1, -1
core   0: 3 0x800035ee (0x15fd) x11 0x00000002
core   0: 0x800035f0 (0x0000058e) c.slli  a1, 3
core   0: 3 0x800035f0 (0x058e) x11 0x00000010
core   0: 0x800035f2 (0x00bc1433) sll     s0, s8, a1
core   0: 3 0x800035f2 (0x00bc1433) x8  0x0f0f0000
core   0: 0x800035f6 (0x00000d8e) c.slli  s11, 3
core   0: 3 0x800035f6 (0x0d8e) x27 0x00000008
core   0: 0x800035f8 (0x000095ee) c.add   a1, s11
core   0: 3 0x800035f8 (0x95ee) x11 0x00000018
core   0: 0x800035fa (0x00b45433) srl     s0, s0, a1
core   0: 3 0x800035fa (0x00b45433) x8  0x0000000f
core   0: 0x800035fe (0x01b41593) slli    a1, s0, 27
core   0: 3 0x800035fe (0x01b41593) x11 0x78000000
core   0: 0x80003602 (0x000081f9) c.srli  a1, 30
core   0: 3 0x80003602 (0x81f9) x11 0x00000001
core   0: 0x80003604 (0x0000c5a1) c.beqz  a1, pc + 72
core   0: 3 0x80003604 (0xc5a1)
core   0: 0x80003606 (0x00004d85) c.li    s11, 1
core   0: 3 0x80003606 (0x4d85) x27 0x00000001
core   0: 0x80003608 (0x05b58363) beq     a1, s11, pc + 70
core   0: 3 0x80003608 (0x05b58363)
core   0: 0x8000364e (0x00008d9e) c.mv    s11, t2
core   0: 3 0x8000364e (0x8d9e) x27 0x0000000d
core   0: 0x80003650 (0x343025f3) csrr    a1, mtval
core   0: 3 0x80003650 (0x343025f3) x11 0x8ffffffc
core   0: 0x80003654 (0x00008189) c.srli  a1, 2
core   0: 3 0x80003654 (0x8189) x11 0x23ffffff
core   0: 0x80003656 (0x000d9563) bnez    s11, pc + 10
core   0: 3 0x80003656 (0x000d9563)
core   0: 0x80003660 (0xfdc5e2e3) bltu    a1, t3, pc - 60
core   0: 3 0x80003660 (0xfdc5e2e3)
core   0: 0x80003664 (0xfda5f0e3) bgeu    a1, s10, pc - 64
core   0: 3 0x80003664 (0xfda5f0e3)
core   0: 0x80003624 (0x00008d9e) c.mv    s11, t2
core   0: 3 0x80003624 (0x8d9e) x27 0x0000000d
core   0: 0x80003626 (0x00008e6a) c.mv    t3, s10
core   0: 3 0x80003626 (0x8e6a) x28 0x20008aba
core   0: 0x80003628 (0x00000d85) c.addi  s11, 1
core   0: 3 0x80003628 (0x0d85) x27 0x0000000e
core   0: 0x8000362a (0x000083ee) c.mv    t2, s11
core   0: 3 0x8000362a (0x83ee) x7  0x0000000e
core   0: 0x8000362c (0x00004d41) c.li    s10, 16
core   0: 3 0x8000362c (0x4d41) x26 0x00000010
core   0: 0x8000362e (0x01add363) bge     s11, s10, pc + 6
core   0: 3 0x8000362e (0x01add363)
core   0: 0x80003632 (0x0000b56d) c.j     pc - 342
core   0: 3 0x80003632 (0xb56d)
core   0: 0x800034dc (0x00008d9e) c.mv    s11, t2
core   0: 3 0x800034dc (0x8d9e) x27 0x0000000e
core   0: 0x800034de (0x000085ee) c.mv    a1, s11
core   0: 3 0x800034de (0x85ee) x11 0x0000000e
core   0: 0x800034e0 (0x00004581) c.li    a1, 0
core   0: 3 0x800034e0 (0x4581) x11 0x00000000
core   0: 0x800034e2 (0x04bd8f63) beq     s11, a1, pc + 94
core   0: 3 0x800034e2 (0x04bd8f63)
core   0: 0x800034e6 (0x00004585) c.li    a1, 1
core   0: 3 0x800034e6 (0x4585) x11 0x00000001
core   0: 0x800034e8 (0x06bd8163) beq     s11, a1, pc + 98
core   0: 3 0x800034e8 (0x06bd8163)
core   0: 0x800034ec (0x00004589) c.li    a1, 2
core   0: 3 0x800034ec (0x4589) x11 0x00000002
core   0: 0x800034ee (0x06bd8363) beq     s11, a1, pc + 102
core   0: 3 0x800034ee (0x06bd8363)
core   0: 0x800034f2 (0x0000458d) c.li    a1, 3
core   0: 3 0x800034f2 (0x458d) x11 0x00000003
core   0: 0x800034f4 (0x06bd8563) beq     s11, a1, pc + 106
core   0: 3 0x800034f4 (0x06bd8563)
core   0: 0x800034f8 (0x00004591) c.li    a1, 4
core   0: 3 0x800034f8 (0x4591) x11 0x00000004
core   0: 0x800034fa (0x06bd8763) beq     s11, a1, pc + 110
core   0: 3 0x800034fa (0x06bd8763)
core   0: 0x800034fe (0x00004595) c.li    a1, 5
core   0: 3 0x800034fe (0x4595) x11 0x00000005
core   0: 0x80003500 (0x06bd8963) beq     s11, a1, pc + 114
core   0: 3 0x80003500 (0x06bd8963)
core   0: 0x80003504 (0x00004599) c.li    a1, 6
core   0: 3 0x80003504 (0x4599) x11 0x00000006
core   0: 0x80003506 (0x06bd8b63) beq     s11, a1, pc + 118
core   0: 3 0x80003506 (0x06bd8b63)
core   0: 0x8000350a (0x0000459d) c.li    a1, 7
core   0: 3 0x8000350a (0x459d) x11 0x00000007
core   0: 0x8000350c (0x06bd8d63) beq     s11, a1, pc + 122
core   0: 3 0x8000350c (0x06bd8d63)
core   0: 0x80003510 (0x000045a1) c.li    a1, 8
core   0: 3 0x80003510 (0x45a1) x11 0x00000008
core   0: 0x80003512 (0x06bd8f63) beq     s11, a1, pc + 126
core   0: 3 0x80003512 (0x06bd8f63)
core   0: 0x80003516 (0x000045a5) c.li    a1, 9
core   0: 3 0x80003516 (0x45a5) x11 0x00000009
core   0: 0x80003518 (0x08bd8163) beq     s11, a1, pc + 130
core   0: 3 0x80003518 (0x08bd8163)
core   0: 0x8000351c (0x000045a9) c.li    a1, 10
core   0: 3 0x8000351c (0x45a9) x11 0x0000000a
core   0: 0x8000351e (0x08bd8363) beq     s11, a1, pc + 134
core   0: 3 0x8000351e (0x08bd8363)
core   0: 0x80003522 (0x000045ad) c.li    a1, 11
core   0: 3 0x80003522 (0x45ad) x11 0x0000000b
core   0: 0x80003524 (0x08bd8563) beq     s11, a1, pc + 138
core   0: 3 0x80003524 (0x08bd8563)
core   0: 0x80003528 (0x000045b1) c.li    a1, 12
core   0: 3 0x80003528 (0x45b1) x11 0x0000000c
core   0: 0x8000352a (0x08bd8763) beq     s11, a1, pc + 142
core   0: 3 0x8000352a (0x08bd8763)
core   0: 0x8000352e (0x000045b5) c.li    a1, 13
core   0: 3 0x8000352e (0x45b5) x11 0x0000000d
core   0: 0x80003530 (0x08bd8963) beq     s11, a1, pc + 146
core   0: 3 0x80003530 (0x08bd8963)
core   0: 0x80003534 (0x000045b9) c.li    a1, 14
core   0: 3 0x80003534 (0x45b9) x11 0x0000000e
core   0: 0x80003536 (0x08bd8b63) beq     s11, a1, pc + 150
core   0: 3 0x80003536 (0x08bd8b63)
core   0: 0x800035cc (0x3be02d73) csrr    s10, pmpaddr14
core   0: 3 0x800035cc (0x3be02d73) x26 0x20009454
core   0: 0x800035d0 (0x3a302c73) csrr    s8, pmpcfg3
core   0: 3 0x800035d0 (0x3a302c73) x24 0x0f0f0f0f
core   0: 0x800035d4 (0x0000a031) c.j     pc + 12
core   0: 3 0x800035d4 (0xa031)
core   0: 0x800035e0 (0x00004411) c.li    s0, 4
core   0: 3 0x800035e0 (0x4411) x8  0x00000004
core   0: 0x800035e2 (0x01e39d93) slli    s11, t2, 30
core   0: 3 0x800035e2 (0x01e39d93) x27 0x80000000
core   0: 0x800035e6 (0x01eddd93) srli    s11, s11, 30
core   0: 3 0x800035e6 (0x01eddd93) x27 0x00000002
core   0: 0x800035ea (0x41b405b3) sub     a1, s0, s11
core   0: 3 0x800035ea (0x41b405b3) x11 0x00000002
core   0: 0x800035ee (0x000015fd) c.addi  a1, -1
core   0: 3 0x800035ee (0x15fd) x11 0x00000001
core   0: 0x800035f0 (0x0000058e) c.slli  a1, 3
core   0: 3 0x800035f0 (0x058e) x11 0x00000008
core   0: 0x800035f2 (0x00bc1433) sll     s0, s8, a1
core   0: 3 0x800035f2 (0x00bc1433) x8  0x0f0f0f00
core   0: 0x800035f6 (0x00000d8e) c.slli  s11, 3
core   0: 3 0x800035f6 (0x0d8e) x27 0x00000010
core   0: 0x800035f8 (0x000095ee) c.add   a1, s11
core   0: 3 0x800035f8 (0x95ee) x11 0x00000018
core   0: 0x800035fa (0x00b45433) srl     s0, s0, a1
core   0: 3 0x800035fa (0x00b45433) x8  0x0000000f
core   0: 0x800035fe (0x01b41593) slli    a1, s0, 27
core   0: 3 0x800035fe (0x01b41593) x11 0x78000000
core   0: 0x80003602 (0x000081f9) c.srli  a1, 30
core   0: 3 0x80003602 (0x81f9) x11 0x00000001
core   0: 0x80003604 (0x0000c5a1) c.beqz  a1, pc + 72
core   0: 3 0x80003604 (0xc5a1)
core   0: 0x80003606 (0x00004d85) c.li    s11, 1
core   0: 3 0x80003606 (0x4d85) x27 0x00000001
core   0: 0x80003608 (0x05b58363) beq     a1, s11, pc + 70
core   0: 3 0x80003608 (0x05b58363)
core   0: 0x8000364e (0x00008d9e) c.mv    s11, t2
core   0: 3 0x8000364e (0x8d9e) x27 0x0000000e
core   0: 0x80003650 (0x343025f3) csrr    a1, mtval
core   0: 3 0x80003650 (0x343025f3) x11 0x8ffffffc
core   0: 0x80003654 (0x00008189) c.srli  a1, 2
core   0: 3 0x80003654 (0x8189) x11 0x23ffffff
core   0: 0x80003656 (0x000d9563) bnez    s11, pc + 10
core   0: 3 0x80003656 (0x000d9563)
core   0: 0x80003660 (0xfdc5e2e3) bltu    a1, t3, pc - 60
core   0: 3 0x80003660 (0xfdc5e2e3)
core   0: 0x80003664 (0xfda5f0e3) bgeu    a1, s10, pc - 64
core   0: 3 0x80003664 (0xfda5f0e3)
core   0: 0x80003624 (0x00008d9e) c.mv    s11, t2
core   0: 3 0x80003624 (0x8d9e) x27 0x0000000e
core   0: 0x80003626 (0x00008e6a) c.mv    t3, s10
core   0: 3 0x80003626 (0x8e6a) x28 0x20009454
core   0: 0x80003628 (0x00000d85) c.addi  s11, 1
core   0: 3 0x80003628 (0x0d85) x27 0x0000000f
core   0: 0x8000362a (0x000083ee) c.mv    t2, s11
core   0: 3 0x8000362a (0x83ee) x7  0x0000000f
core   0: 0x8000362c (0x00004d41) c.li    s10, 16
core   0: 3 0x8000362c (0x4d41) x26 0x00000010
core   0: 0x8000362e (0x01add363) bge     s11, s10, pc + 6
core   0: 3 0x8000362e (0x01add363)
core   0: 0x80003632 (0x0000b56d) c.j     pc - 342
core   0: 3 0x80003632 (0xb56d)
core   0: 0x800034dc (0x00008d9e) c.mv    s11, t2
core   0: 3 0x800034dc (0x8d9e) x27 0x0000000f
core   0: 0x800034de (0x000085ee) c.mv    a1, s11
core   0: 3 0x800034de (0x85ee) x11 0x0000000f
core   0: 0x800034e0 (0x00004581) c.li    a1, 0
core   0: 3 0x800034e0 (0x4581) x11 0x00000000
core   0: 0x800034e2 (0x04bd8f63) beq     s11, a1, pc + 94
core   0: 3 0x800034e2 (0x04bd8f63)
core   0: 0x800034e6 (0x00004585) c.li    a1, 1
core   0: 3 0x800034e6 (0x4585) x11 0x00000001
core   0: 0x800034e8 (0x06bd8163) beq     s11, a1, pc + 98
core   0: 3 0x800034e8 (0x06bd8163)
core   0: 0x800034ec (0x00004589) c.li    a1, 2
core   0: 3 0x800034ec (0x4589) x11 0x00000002
core   0: 0x800034ee (0x06bd8363) beq     s11, a1, pc + 102
core   0: 3 0x800034ee (0x06bd8363)
core   0: 0x800034f2 (0x0000458d) c.li    a1, 3
core   0: 3 0x800034f2 (0x458d) x11 0x00000003
core   0: 0x800034f4 (0x06bd8563) beq     s11, a1, pc + 106
core   0: 3 0x800034f4 (0x06bd8563)
core   0: 0x800034f8 (0x00004591) c.li    a1, 4
core   0: 3 0x800034f8 (0x4591) x11 0x00000004
core   0: 0x800034fa (0x06bd8763) beq     s11, a1, pc + 110
core   0: 3 0x800034fa (0x06bd8763)
core   0: 0x800034fe (0x00004595) c.li    a1, 5
core   0: 3 0x800034fe (0x4595) x11 0x00000005
core   0: 0x80003500 (0x06bd8963) beq     s11, a1, pc + 114
core   0: 3 0x80003500 (0x06bd8963)
core   0: 0x80003504 (0x00004599) c.li    a1, 6
core   0: 3 0x80003504 (0x4599) x11 0x00000006
core   0: 0x80003506 (0x06bd8b63) beq     s11, a1, pc + 118
core   0: 3 0x80003506 (0x06bd8b63)
core   0: 0x8000350a (0x0000459d) c.li    a1, 7
core   0: 3 0x8000350a (0x459d) x11 0x00000007
core   0: 0x8000350c (0x06bd8d63) beq     s11, a1, pc + 122
core   0: 3 0x8000350c (0x06bd8d63)
core   0: 0x80003510 (0x000045a1) c.li    a1, 8
core   0: 3 0x80003510 (0x45a1) x11 0x00000008
core   0: 0x80003512 (0x06bd8f63) beq     s11, a1, pc + 126
core   0: 3 0x80003512 (0x06bd8f63)
core   0: 0x80003516 (0x000045a5) c.li    a1, 9
core   0: 3 0x80003516 (0x45a5) x11 0x00000009
core   0: 0x80003518 (0x08bd8163) beq     s11, a1, pc + 130
core   0: 3 0x80003518 (0x08bd8163)
core   0: 0x8000351c (0x000045a9) c.li    a1, 10
core   0: 3 0x8000351c (0x45a9) x11 0x0000000a
core   0: 0x8000351e (0x08bd8363) beq     s11, a1, pc + 134
core   0: 3 0x8000351e (0x08bd8363)
core   0: 0x80003522 (0x000045ad) c.li    a1, 11
core   0: 3 0x80003522 (0x45ad) x11 0x0000000b
core   0: 0x80003524 (0x08bd8563) beq     s11, a1, pc + 138
core   0: 3 0x80003524 (0x08bd8563)
core   0: 0x80003528 (0x000045b1) c.li    a1, 12
core   0: 3 0x80003528 (0x45b1) x11 0x0000000c
core   0: 0x8000352a (0x08bd8763) beq     s11, a1, pc + 142
core   0: 3 0x8000352a (0x08bd8763)
core   0: 0x8000352e (0x000045b5) c.li    a1, 13
core   0: 3 0x8000352e (0x45b5) x11 0x0000000d
core   0: 0x80003530 (0x08bd8963) beq     s11, a1, pc + 146
core   0: 3 0x80003530 (0x08bd8963)
core   0: 0x80003534 (0x000045b9) c.li    a1, 14
core   0: 3 0x80003534 (0x45b9) x11 0x0000000e
core   0: 0x80003536 (0x08bd8b63) beq     s11, a1, pc + 150
core   0: 3 0x80003536 (0x08bd8b63)
core   0: 0x8000353a (0x000045bd) c.li    a1, 15
core   0: 3 0x8000353a (0x45bd) x11 0x0000000f
core   0: 0x8000353c (0x08bd8d63) beq     s11, a1, pc + 154
core   0: 3 0x8000353c (0x08bd8d63)
core   0: 0x800035d6 (0x3bf02d73) csrr    s10, pmpaddr15
core   0: 3 0x800035d6 (0x3bf02d73) x26 0x20009ded
core   0: 0x800035da (0x3a302c73) csrr    s8, pmpcfg3
core   0: 3 0x800035da (0x3a302c73) x24 0x0f0f0f0f
core   0: 0x800035de (0x0000a009) c.j     pc + 2
core   0: 3 0x800035de (0xa009)
core   0: 0x800035e0 (0x00004411) c.li    s0, 4
core   0: 3 0x800035e0 (0x4411) x8  0x00000004
core   0: 0x800035e2 (0x01e39d93) slli    s11, t2, 30
core   0: 3 0x800035e2 (0x01e39d93) x27 0xc0000000
core   0: 0x800035e6 (0x01eddd93) srli    s11, s11, 30
core   0: 3 0x800035e6 (0x01eddd93) x27 0x00000003
core   0: 0x800035ea (0x41b405b3) sub     a1, s0, s11
core   0: 3 0x800035ea (0x41b405b3) x11 0x00000001
core   0: 0x800035ee (0x000015fd) c.addi  a1, -1
core   0: 3 0x800035ee (0x15fd) x11 0x00000000
core   0: 0x800035f0 (0x0000058e) c.slli  a1, 3
core   0: 3 0x800035f0 (0x058e) x11 0x00000000
core   0: 0x800035f2 (0x00bc1433) sll     s0, s8, a1
core   0: 3 0x800035f2 (0x00bc1433) x8  0x0f0f0f0f
core   0: 0x800035f6 (0x00000d8e) c.slli  s11, 3
core   0: 3 0x800035f6 (0x0d8e) x27 0x00000018
core   0: 0x800035f8 (0x000095ee) c.add   a1, s11
core   0: 3 0x800035f8 (0x95ee) x11 0x00000018
core   0: 0x800035fa (0x00b45433) srl     s0, s0, a1
core   0: 3 0x800035fa (0x00b45433) x8  0x0000000f
core   0: 0x800035fe (0x01b41593) slli    a1, s0, 27
core   0: 3 0x800035fe (0x01b41593) x11 0x78000000
core   0: 0x80003602 (0x000081f9) c.srli  a1, 30
core   0: 3 0x80003602 (0x81f9) x11 0x00000001
core   0: 0x80003604 (0x0000c5a1) c.beqz  a1, pc + 72
core   0: 3 0x80003604 (0xc5a1)
core   0: 0x80003606 (0x00004d85) c.li    s11, 1
core   0: 3 0x80003606 (0x4d85) x27 0x00000001
core   0: 0x80003608 (0x05b58363) beq     a1, s11, pc + 70
core   0: 3 0x80003608 (0x05b58363)
core   0: 0x8000364e (0x00008d9e) c.mv    s11, t2
core   0: 3 0x8000364e (0x8d9e) x27 0x0000000f
core   0: 0x80003650 (0x343025f3) csrr    a1, mtval
core   0: 3 0x80003650 (0x343025f3) x11 0x8ffffffc
core   0: 0x80003654 (0x00008189) c.srli  a1, 2
core   0: 3 0x80003654 (0x8189) x11 0x23ffffff
core   0: 0x80003656 (0x000d9563) bnez    s11, pc + 10
core   0: 3 0x80003656 (0x000d9563)
core   0: 0x80003660 (0xfdc5e2e3) bltu    a1, t3, pc - 60
core   0: 3 0x80003660 (0xfdc5e2e3)
core   0: 0x80003664 (0xfda5f0e3) bgeu    a1, s10, pc - 64
core   0: 3 0x80003664 (0xfda5f0e3)
core   0: 0x80003624 (0x00008d9e) c.mv    s11, t2
core   0: 3 0x80003624 (0x8d9e) x27 0x0000000f
core   0: 0x80003626 (0x00008e6a) c.mv    t3, s10
core   0: 3 0x80003626 (0x8e6a) x28 0x20009ded
core   0: 0x80003628 (0x00000d85) c.addi  s11, 1
core   0: 3 0x80003628 (0x0d85) x27 0x00000010
core   0: 0x8000362a (0x000083ee) c.mv    t2, s11
core   0: 3 0x8000362a (0x83ee) x7  0x00000010
core   0: 0x8000362c (0x00004d41) c.li    s10, 16
core   0: 3 0x8000362c (0x4d41) x26 0x00000010
core   0: 0x8000362e (0x01add363) bge     s11, s10, pc + 6
core   0: 3 0x8000362e (0x01add363)
core   0: 0x80003634 (0x74702df3) csrr    s11, mseccfg
core   0: 3 0x80003634 (0x74702df3) x27 0x00000000
core   0: 0x80003638 (0x002dfd93) andi    s11, s11, 2
core   0: 3 0x80003638 (0x002dfd93) x27 0x00000000
core   0: 0x8000363c (0x060d9b63) bnez    s11, pc + 118
core   0: 3 0x8000363c (0x060d9b63)
core   0: 0x80003640 (0xffffdd97) auipc   s11, 0xffffd
core   0: 3 0x80003640 (0xffffdd97) x27 0x80000640
core   0: 0x80003644 (0xf94d8d93) addi    s11, s11, -108
core   0: 3 0x80003644 (0xf94d8d93) x27 0x800005d4
core   0: 0x80003648 (0x000d8067) jr      s11
core   0: 3 0x80003648 (0x000d8067)
core   0: 0x800005d4 (0x90000d37) lui     s10, 0x90000
core   0: 3 0x800005d4 (0x90000d37) x26 0x90000000
core   0: 0x800005d8 (0x00001d61) c.addi  s10, -8
core   0: 3 0x800005d8 (0x1d61) x26 0x8ffffff8
core   0: 0x800005da (0x00004d81) c.li    s11, 0
core   0: 3 0x800005da (0x4d81) x27 0x00000000
core   0: 0x800005dc (0x00000da2) c.slli  s11, 8
core   0: 3 0x800005dc (0x0da2) x27 0x00000000
core   0: 0x800005de (0x00000d85) c.addi  s11, 1
core   0: 3 0x800005de (0x0d85) x27 0x00000001
core   0: 0x800005e0 (0x01bd2023) sw      s11, 0(s10)
core   0: 3 0x800005e0 (0x01bd2023) mem 0x8ffffff8 0x00000001
core   0: 0x800005e4 (0x00000073) ecall
core   0: exception trap_machine_ecall, epc 0x800005e4
core   0: 0x80002a00 (0x0800006f) j       pc + 0x80
core   0: 3 0x80002a00 (0x0800006f)
core   0: 0x80002a80 (0x000016f1) c.addi  a3, -4
core   0: 3 0x80002a80 (0x16f1) x13 0x8002cc5c
core   0: 0x80002a82 (0x0176a023) sw      s7, 0(a3)
core   0: 3 0x80002a82 (0x0176a023) mem 0x8002cc5c 0x8002cc60
core   0: 0x80002a86 (0x00068bb3) add     s7, a3, zero
core   0: 3 0x80002a86 (0x00068bb3) x23 0x8002cc5c
core   0: 0x80002a8a (0xf80b8b93) addi    s7, s7, -128
core   0: 3 0x80002a8a (0xf80b8b93) x23 0x8002cbdc
core   0: 0x80002a8e (0x001ba223) sw      ra, 4(s7)
core   0: 3 0x80002a8e (0x001ba223) mem 0x8002cbe0 0x00000000
core   0: 0x80002a92 (0x002ba423) sw      sp, 8(s7)
core   0: 3 0x80002a92 (0x002ba423) mem 0x8002cbe4 0x00000000
core   0: 0x80002a96 (0x003ba623) sw      gp, 12(s7)
core   0: 3 0x80002a96 (0x003ba623) mem 0x8002cbe8 0x00000000
core   0: 0x80002a9a (0x004ba823) sw      tp, 16(s7)
core   0: 3 0x80002a9a (0x004ba823) mem 0x8002cbec 0x00000000
core   0: 0x80002a9e (0x005baa23) sw      t0, 20(s7)
core   0: 3 0x80002a9e (0x005baa23) mem 0x8002cbf0 0x00000000
core   0: 0x80002aa2 (0x006bac23) sw      t1, 24(s7)
core   0: 3 0x80002aa2 (0x006bac23) mem 0x8002cbf4 0x00000000
core   0: 0x80002aa6 (0x007bae23) sw      t2, 28(s7)
core   0: 3 0x80002aa6 (0x007bae23) mem 0x8002cbf8 0x00000010
core   0: 0x80002aaa (0x028ba023) sw      s0, 32(s7)
core   0: 3 0x80002aaa (0x028ba023) mem 0x8002cbfc 0x0000000f
core   0: 0x80002aae (0x029ba223) sw      s1, 36(s7)
core   0: 3 0x80002aae (0x029ba223) mem 0x8002cc00 0x00000000
core   0: 0x80002ab2 (0x02aba423) sw      a0, 40(s7)
core   0: 3 0x80002ab2 (0x02aba423) mem 0x8002cc04 0x00000000
core   0: 0x80002ab6 (0x02bba623) sw      a1, 44(s7)
core   0: 3 0x80002ab6 (0x02bba623) mem 0x8002cc08 0x23ffffff
core   0: 0x80002aba (0x02cba823) sw      a2, 48(s7)
core   0: 3 0x80002aba (0x02cba823) mem 0x8002cc0c 0x00000000
core   0: 0x80002abe (0x02dbaa23) sw      a3, 52(s7)
core   0: 3 0x80002abe (0x02dbaa23) mem 0x8002cc10 0x8002cc5c
core   0: 0x80002ac2 (0x02ebac23) sw      a4, 56(s7)
core   0: 3 0x80002ac2 (0x02ebac23) mem 0x8002cc14 0x00000000
core   0: 0x80002ac6 (0x02fbae23) sw      a5, 60(s7)
core   0: 3 0x80002ac6 (0x02fbae23) mem 0x8002cc18 0x00000000
core   0: 0x80002aca (0x050ba023) sw      a6, 64(s7)
core   0: 3 0x80002aca (0x050ba023) mem 0x8002cc1c 0x00000000
core   0: 0x80002ace (0x051ba223) sw      a7, 68(s7)
core   0: 3 0x80002ace (0x051ba223) mem 0x8002cc20 0x00000000
core   0: 0x80002ad2 (0x052ba423) sw      s2, 72(s7)
core   0: 3 0x80002ad2 (0x052ba423) mem 0x8002cc24 0x00000000
core   0: 0x80002ad6 (0x053ba623) sw      s3, 76(s7)
core   0: 3 0x80002ad6 (0x053ba623) mem 0x8002cc28 0x00000000
core   0: 0x80002ada (0x054ba823) sw      s4, 80(s7)
core   0: 3 0x80002ada (0x054ba823) mem 0x8002cc2c 0x00000000
core   0: 0x80002ade (0x055baa23) sw      s5, 84(s7)
core   0: 3 0x80002ade (0x055baa23) mem 0x8002cc30 0x00000000
core   0: 0x80002ae2 (0x056bac23) sw      s6, 88(s7)
core   0: 3 0x80002ae2 (0x056bac23) mem 0x8002cc34 0x00000000
core   0: 0x80002ae6 (0x057bae23) sw      s7, 92(s7)
core   0: 3 0x80002ae6 (0x057bae23) mem 0x8002cc38 0x8002cbdc
core   0: 0x80002aea (0x078ba023) sw      s8, 96(s7)
core   0: 3 0x80002aea (0x078ba023) mem 0x8002cc3c 0x0f0f0f0f
core   0: 0x80002aee (0x079ba223) sw      s9, 100(s7)
core   0: 3 0x80002aee (0x079ba223) mem 0x8002cc40 0x00000000
core   0: 0x80002af2 (0x07aba423) sw      s10, 104(s7)
core   0: 3 0x80002af2 (0x07aba423) mem 0x8002cc44 0x8ffffff8
core   0: 0x80002af6 (0x07bba623) sw      s11, 108(s7)
core   0: 3 0x80002af6 (0x07bba623) mem 0x8002cc48 0x00000001
core   0: 0x80002afa (0x07cba823) sw      t3, 112(s7)
core   0: 3 0x80002afa (0x07cba823) mem 0x8002cc4c 0x20009ded
core   0: 0x80002afe (0x07dbaa23) sw      t4, 116(s7)
core   0: 3 0x80002afe (0x07dbaa23) mem 0x8002cc50 0x00000000
core   0: 0x80002b02 (0x07ebac23) sw      t5, 120(s7)
core   0: 3 0x80002b02 (0x07ebac23) mem 0x8002cc54 0x00000000
core   0: 0x80002b06 (0x07fbae23) sw      t6, 124(s7)
core   0: 3 0x80002b06 (0x07fbae23) mem 0x8002cc58 0x00000000
core   0: 0x80002b0a (0x000b86b3) add     a3, s7, zero
core   0: 3 0x80002b0a (0x000b86b3) x13 0x8002cbdc
core   0: 0x80002b0e (0x90000d37) lui     s10, 0x90000
core   0: 3 0x80002b0e (0x90000d37) x26 0x90000000
core   0: 0x80002b12 (0x00001d71) c.addi  s10, -4
core   0: 3 0x80002b12 (0x1d71) x26 0x8ffffffc
core   0: 0x80002b14 (0x00004da1) c.li    s11, 8
core   0: 3 0x80002b14 (0x4da1) x27 0x00000008
core   0: 0x80002b16 (0x00000da2) c.slli  s11, 8
core   0: 3 0x80002b16 (0x0da2) x27 0x00000800
core   0: 0x80002b18 (0x000d8d93) mv      s11, s11
core   0: 3 0x80002b18 (0x000d8d93) x27 0x00000800
core   0: 0x80002b1c (0x01bd2023) sw      s11, 0(s10)
core   0: 3 0x80002b1c (0x01bd2023) mem 0x8ffffffc 0x00000800
core   0: 0x80002b20 (0x34102df3) csrr    s11, mepc
core   0: 3 0x80002b20 (0x34102df3) x27 0x800005e4
core   0: 0x80002b24 (0x34202df3) csrr    s11, mcause
core   0: 3 0x80002b24 (0x34202df3) x27 0x0000000b
core   0: 0x80002b28 (0x00004d0d) c.li    s10, 3
core   0: 3 0x80002b28 (0x4d0d) x26 0x00000003
core   0: 0x80002b2a (0x01ad9463) bne     s11, s10, pc + 8
core   0: 3 0x80002b2a (0x01ad9463)
core   0: 0x80002b32 (0x00004d21) c.li    s10, 8
core   0: 3 0x80002b32 (0x4d21) x26 0x00000008
core   0: 0x80002b34 (0x05ad8d63) beq     s11, s10, pc + 90
core   0: 3 0x80002b34 (0x05ad8d63)
core   0: 0x80002b38 (0x00004d25) c.li    s10, 9
core   0: 3 0x80002b38 (0x4d25) x26 0x00000009
core   0: 0x80002b3a (0x05ad8a63) beq     s11, s10, pc + 84
core   0: 3 0x80002b3a (0x05ad8a63)
core   0: 0x80002b3e (0x00004d2d) c.li    s10, 11
core   0: 3 0x80002b3e (0x4d2d) x26 0x0000000b
core   0: 0x80002b40 (0x05ad8763) beq     s11, s10, pc + 78
core   0: 3 0x80002b40 (0x05ad8763)
core   0: 0x80002b8e (0x90000d37) lui     s10, 0x90000
core   0: 3 0x80002b8e (0x90000d37) x26 0x90000000
core   0: 0x80002b92 (0x00001d71) c.addi  s10, -4
core   0: 3 0x80002b92 (0x1d71) x26 0x8ffffffc
core   0: 0x80002b94 (0x00006d85) c.lui   s11, 0x1
core   0: 3 0x80002b94 (0x6d85) x27 0x00001000
core   0: 0x80002b96 (0xb00d8d93) addi    s11, s11, -1280
core   0: 3 0x80002b96 (0xb00d8d93) x27 0x00000b00
core   0: 0x80002b9a (0x00000da2) c.slli  s11, 8
core   0: 3 0x80002b9a (0x0da2) x27 0x000b0000
core   0: 0x80002b9c (0x00000d8d) c.addi  s11, 3
core   0: 3 0x80002b9c (0x0d8d) x27 0x000b0003
core   0: 0x80002b9e (0x01bd2023) sw      s11, 0(s10)
core   0: 3 0x80002b9e (0x01bd2023) mem 0x8ffffffc 0x000b0003
core   0: 0x80002ba2 (0xb0002df3) csrr    s11, mcycle
core   0: 3 0x80002ba2 (0xb0002df3) x27 0x00001639
core   0: 0x80002ba6 (0x01bd2023) sw      s11, 0(s10)
core   0: 3 0x80002ba6 (0x01bd2023) mem 0x8ffffffc 0x00001639
core   0: 0x80002baa (0x90000d37) lui     s10, 0x90000
core   0: 3 0x80002baa (0x90000d37) x26 0x90000000
core   0: 0x80002bae (0x00001d71) c.addi  s10, -4
core   0: 3 0x80002bae (0x1d71) x26 0x8ffffffc
core   0: 0x80002bb0 (0x00006d85) c.lui   s11, 0x1
core   0: 3 0x80002bb0 (0x6d85) x27 0x00001000
core   0: 0x80002bb2 (0xb80d8d93) addi    s11, s11, -1152
core   0: 3 0x80002bb2 (0xb80d8d93) x27 0x00000b80
core   0: 0x80002bb6 (0x00000da2) c.slli  s11, 8
core   0: 3 0x80002bb6 (0x0da2) x27 0x000b8000
core   0: 0x80002bb8 (0x00000d8d) c.addi  s11, 3
core   0: 3 0x80002bb8 (0x0d8d) x27 0x000b8003
core   0: 0x80002bba (0x01bd2023) sw      s11, 0(s10)
core   0: 3 0x80002bba (0x01bd2023) mem 0x8ffffffc 0x000b8003
core   0: 0x80002bbe (0xb8002df3) csrr    s11, mcycleh
core   0: 3 0x80002bbe (0xb8002df3) x27 0x00000000
core   0: 0x80002bc2 (0x01bd2023) sw      s11, 0(s10)
core   0: 3 0x80002bc2 (0x01bd2023) mem 0x8ffffffc 0x00000000
core   0: 0x80002bc6 (0x90000d37) lui     s10, 0x90000
core   0: 3 0x80002bc6 (0x90000d37) x26 0x90000000
core   0: 0x80002bca (0x00001d71) c.addi  s10, -4
core   0: 3 0x80002bca (0x1d71) x26 0x8ffffffc
core   0: 0x80002bcc (0x00006d85) c.lui   s11, 0x1
core   0: 3 0x80002bcc (0x6d85) x27 0x00001000
core   0: 0x80002bce (0xb03d8d93) addi    s11, s11, -1277
core   0: 3 0x80002bce (0xb03d8d93) x27 0x00000b03
core   0: 0x80002bd2 (0x00000da2) c.slli  s11, 8
core   0: 3 0x80002bd2 (0x0da2) x27 0x000b0300
core   0: 0x80002bd4 (0x00000d8d) c.addi  s11, 3
core   0: 3 0x80002bd4 (0x0d8d) x27 0x000b0303
core   0: 0x80002bd6 (0x01bd2023) sw      s11, 0(s10)
core   0: 3 0x80002bd6 (0x01bd2023) mem 0x8ffffffc 0x000b0303
core   0: 0x80002bda (0xb0302df3) csrr    s11, mhpmcounter3
core   0: 3 0x80002bda (0xb0302df3) x27 0x000001d1
core   0: 0x80002bde (0x01bd2023) sw      s11, 0(s10)
core   0: 3 0x80002bde (0x01bd2023) mem 0x8ffffffc 0x000001d1
core   0: 0x80002be2 (0x90000d37) lui     s10, 0x90000
core   0: 3 0x80002be2 (0x90000d37) x26 0x90000000
core   0: 0x80002be6 (0x00001d71) c.addi  s10, -4
core   0: 3 0x80002be6 (0x1d71) x26 0x8ffffffc
core   0: 0x80002be8 (0x00006d85) c.lui   s11, 0x1
core   0: 3 0x80002be8 (0x6d85) x27 0x00001000
core   0: 0x80002bea (0xb83d8d93) addi    s11, s11, -1149
core   0: 3 0x80002bea (0xb83d8d93) x27 0x00000b83
core   0: 0x80002bee (0x00000da2) c.slli  s11, 8
core   0: 3 0x80002bee (0x0da2) x27 0x000b8300
core   0: 0x80002bf0 (0x00000d8d) c.addi  s11, 3
core   0: 3 0x80002bf0 (0x0d8d) x27 0x000b8303
core   0: 0x80002bf2 (0x01bd2023) sw      s11, 0(s10)
core   0: 3 0x80002bf2 (0x01bd2023) mem 0x8ffffffc 0x000b8303
core   0: 0x80002bf6 (0xb8302df3) csrr    s11, mhpmcounter3h
core   0: 3 0x80002bf6 (0xb8302df3) x27 0x00000000
core   0: 0x80002bfa (0x01bd2023) sw      s11, 0(s10)
core   0: 3 0x80002bfa (0x01bd2023) mem 0x8ffffffc 0x00000000
core   0: 0x80002bfe (0x90000d37) lui     s10, 0x90000
core   0: 3 0x80002bfe (0x90000d37) x26 0x90000000
core   0: 0x80002c02 (0x00001d71) c.addi  s10, -4
core   0: 3 0x80002c02 (0x1d71) x26 0x8ffffffc
core   0: 0x80002c04 (0x00006d85) c.lui   s11, 0x1
core   0: 3 0x80002c04 (0x6d85) x27 0x00001000
core   0: 0x80002c06 (0xb04d8d93) addi    s11, s11, -1276
core   0: 3 0x80002c06 (0xb04d8d93) x27 0x00000b04
core   0: 0x80002c0a (0x00000da2) c.slli  s11, 8
core   0: 3 0x80002c0a (0x0da2) x27 0x000b0400
core   0: 0x80002c0c (0x00000d8d) c.addi  s11, 3
core   0: 3 0x80002c0c (0x0d8d) x27 0x000b0403
core   0: 0x80002c0e (0x01bd2023) sw      s11, 0(s10)
core   0: 3 0x80002c0e (0x01bd2023) mem 0x8ffffffc 0x000b0403
core   0: 0x80002c12 (0xb0402df3) csrr    s11, mhpmcounter4
core   0: 3 0x80002c12 (0xb0402df3) x27 0x000007fe
core   0: 0x80002c16 (0x01bd2023) sw      s11, 0(s10)
core   0: 3 0x80002c16 (0x01bd2023) mem 0x8ffffffc 0x000007fe
core   0: 0x80002c1a (0x90000d37) lui     s10, 0x90000
core   0: 3 0x80002c1a (0x90000d37) x26 0x90000000
core   0: 0x80002c1e (0x00001d71) c.addi  s10, -4
core   0: 3 0x80002c1e (0x1d71) x26 0x8ffffffc
core   0: 0x80002c20 (0x00006d85) c.lui   s11, 0x1
core   0: 3 0x80002c20 (0x6d85) x27 0x00001000
core   0: 0x80002c22 (0xb84d8d93) addi    s11, s11, -1148
core   0: 3 0x80002c22 (0xb84d8d93) x27 0x00000b84
core   0: 0x80002c26 (0x00000da2) c.slli  s11, 8
core   0: 3 0x80002c26 (0x0da2) x27 0x000b8400
core   0: 0x80002c28 (0x00000d8d) c.addi  s11, 3
core   0: 3 0x80002c28 (0x0d8d) x27 0x000b8403
core   0: 0x80002c2a (0x01bd2023) sw      s11, 0(s10)
core   0: 3 0x80002c2a (0x01bd2023) mem 0x8ffffffc 0x000b8403
core   0: 0x80002c2e (0xb8402df3) csrr    s11, mhpmcounter4h
core   0: 3 0x80002c2e (0xb8402df3) x27 0x00000000
core   0: 0x80002c32 (0x01bd2023) sw      s11, 0(s10)
core   0: 3 0x80002c32 (0x01bd2023) mem 0x8ffffffc 0x00000000
core   0: 0x80002c36 (0x90000d37) lui     s10, 0x90000
core   0: 3 0x80002c36 (0x90000d37) x26 0x90000000
core   0: 0x80002c3a (0x00001d71) c.addi  s10, -4
core   0: 3 0x80002c3a (0x1d71) x26 0x8ffffffc
core   0: 0x80002c3c (0x00006d85) c.lui   s11, 0x1
core   0: 3 0x80002c3c (0x6d85) x27 0x00001000
core   0: 0x80002c3e (0xb05d8d93) addi    s11, s11, -1275
core   0: 3 0x80002c3e (0xb05d8d93) x27 0x00000b05
core   0: 0x80002c42 (0x00000da2) c.slli  s11, 8
core   0: 3 0x80002c42 (0x0da2) x27 0x000b0500
core   0: 0x80002c44 (0x00000d8d) c.addi  s11, 3
core   0: 3 0x80002c44 (0x0d8d) x27 0x000b0503
core   0: 0x80002c46 (0x01bd2023) sw      s11, 0(s10)
core   0: 3 0x80002c46 (0x01bd2023) mem 0x8ffffffc 0x000b0503
core   0: 0x80002c4a (0xb0502df3) csrr    s11, mhpmcounter5
core   0: 3 0x80002c4a (0xb0502df3) x27 0x00000000
core   0: 0x80002c4e (0x01bd2023) sw      s11, 0(s10)
core   0: 3 0x80002c4e (0x01bd2023) mem 0x8ffffffc 0x00000000
core   0: 0x80002c52 (0x90000d37) lui     s10, 0x90000
core   0: 3 0x80002c52 (0x90000d37) x26 0x90000000
core   0: 0x80002c56 (0x00001d71) c.addi  s10, -4
core   0: 3 0x80002c56 (0x1d71) x26 0x8ffffffc
core   0: 0x80002c58 (0x00006d85) c.lui   s11, 0x1
core   0: 3 0x80002c58 (0x6d85) x27 0x00001000
core   0: 0x80002c5a (0xb85d8d93) addi    s11, s11, -1147
core   0: 3 0x80002c5a (0xb85d8d93) x27 0x00000b85
core   0: 0x80002c5e (0x00000da2) c.slli  s11, 8
core   0: 3 0x80002c5e (0x0da2) x27 0x000b8500
core   0: 0x80002c60 (0x00000d8d) c.addi  s11, 3
core   0: 3 0x80002c60 (0x0d8d) x27 0x000b8503
core   0: 0x80002c62 (0x01bd2023) sw      s11, 0(s10)
core   0: 3 0x80002c62 (0x01bd2023) mem 0x8ffffffc 0x000b8503
core   0: 0x80002c66 (0xb8502df3) csrr    s11, mhpmcounter5h
core   0: 3 0x80002c66 (0xb8502df3) x27 0x00000000
core   0: 0x80002c6a (0x01bd2023) sw      s11, 0(s10)
core   0: 3 0x80002c6a (0x01bd2023) mem 0x8ffffffc 0x00000000
core   0: 0x80002c6e (0x90000d37) lui     s10, 0x90000
core   0: 3 0x80002c6e (0x90000d37) x26 0x90000000
core   0: 0x80002c72 (0x00001d71) c.addi  s10, -4
core   0: 3 0x80002c72 (0x1d71) x26 0x8ffffffc
core   0: 0x80002c74 (0x00006d85) c.lui   s11, 0x1
core   0: 3 0x80002c74 (0x6d85) x27 0x00001000
core   0: 0x80002c76 (0xb06d8d93) addi    s11, s11, -1274
core   0: 3 0x80002c76 (0xb06d8d93) x27 0x00000b06
core   0: 0x80002c7a (0x00000da2) c.slli  s11, 8
core   0: 3 0x80002c7a (0x0da2) x27 0x000b0600
core   0: 0x80002c7c (0x00000d8d) c.addi  s11, 3
core   0: 3 0x80002c7c (0x0d8d) x27 0x000b0603
core   0: 0x80002c7e (0x01bd2023) sw      s11, 0(s10)
core   0: 3 0x80002c7e (0x01bd2023) mem 0x8ffffffc 0x000b0603
core   0: 0x80002c82 (0xb0602df3) csrr    s11, mhpmcounter6
core   0: 3 0x80002c82 (0xb0602df3) x27 0x00000058
core   0: 0x80002c86 (0x01bd2023) sw      s11, 0(s10)
core   0: 3 0x80002c86 (0x01bd2023) mem 0x8ffffffc 0x00000058
core   0: 0x80002c8a (0x90000d37) lui     s10, 0x90000
core   0: 3 0x80002c8a (0x90000d37) x26 0x90000000
core   0: 0x80002c8e (0x00001d71) c.addi  s10, -4
core   0: 3 0x80002c8e (0x1d71) x26 0x8ffffffc
core   0: 0x80002c90 (0x00006d85) c.lui   s11, 0x1
core   0: 3 0x80002c90 (0x6d85) x27 0x00001000
core   0: 0x80002c92 (0xb86d8d93) addi    s11, s11, -1146
core   0: 3 0x80002c92 (0xb86d8d93) x27 0x00000b86
core   0: 0x80002c96 (0x00000da2) c.slli  s11, 8
core   0: 3 0x80002c96 (0x0da2) x27 0x000b8600
core   0: 0x80002c98 (0x00000d8d) c.addi  s11, 3
core   0: 3 0x80002c98 (0x0d8d) x27 0x000b8603
core   0: 0x80002c9a (0x01bd2023) sw      s11, 0(s10)
core   0: 3 0x80002c9a (0x01bd2023) mem 0x8ffffffc 0x000b8603
core   0: 0x80002c9e (0xb8602df3) csrr    s11, mhpmcounter6h
core   0: 3 0x80002c9e (0xb8602df3) x27 0x00000000
core   0: 0x80002ca2 (0x01bd2023) sw      s11, 0(s10)
core   0: 3 0x80002ca2 (0x01bd2023) mem 0x8ffffffc 0x00000000
core   0: 0x80002ca6 (0x90000d37) lui     s10, 0x90000
core   0: 3 0x80002ca6 (0x90000d37) x26 0x90000000
core   0: 0x80002caa (0x00001d71) c.addi  s10, -4
core   0: 3 0x80002caa (0x1d71) x26 0x8ffffffc
core   0: 0x80002cac (0x00006d85) c.lui   s11, 0x1
core   0: 3 0x80002cac (0x6d85) x27 0x00001000
core   0: 0x80002cae (0xb07d8d93) addi    s11, s11, -1273
core   0: 3 0x80002cae (0xb07d8d93) x27 0x00000b07
core   0: 0x80002cb2 (0x00000da2) c.slli  s11, 8
core   0: 3 0x80002cb2 (0x0da2) x27 0x000b0700
core   0: 0x80002cb4 (0x00000d8d) c.addi  s11, 3
core   0: 3 0x80002cb4 (0x0d8d) x27 0x000b0703
core   0: 0x80002cb6 (0x01bd2023) sw      s11, 0(s10)
core   0: 3 0x80002cb6 (0x01bd2023) mem 0x8ffffffc 0x000b0703
core   0: 0x80002cba (0xb0702df3) csrr    s11, mhpmcounter7
core   0: 3 0x80002cba (0xb0702df3) x27 0x00000023
core   0: 0x80002cbe (0x01bd2023) sw      s11, 0(s10)
core   0: 3 0x80002cbe (0x01bd2023) mem 0x8ffffffc 0x00000023
core   0: 0x80002cc2 (0x90000d37) lui     s10, 0x90000
core   0: 3 0x80002cc2 (0x90000d37) x26 0x90000000
core   0: 0x80002cc6 (0x00001d71) c.addi  s10, -4
core   0: 3 0x80002cc6 (0x1d71) x26 0x8ffffffc
core   0: 0x80002cc8 (0x00006d85) c.lui   s11, 0x1
core   0: 3 0x80002cc8 (0x6d85) x27 0x00001000
core   0: 0x80002cca (0xb87d8d93) addi    s11, s11, -1145
core   0: 3 0x80002cca (0xb87d8d93) x27 0x00000b87
core   0: 0x80002cce (0x00000da2) c.slli  s11, 8
core   0: 3 0x80002cce (0x0da2) x27 0x000b8700
core   0: 0x80002cd0 (0x00000d8d) c.addi  s11, 3
core   0: 3 0x80002cd0 (0x0d8d) x27 0x000b8703
core   0: 0x80002cd2 (0x01bd2023) sw      s11, 0(s10)
core   0: 3 0x80002cd2 (0x01bd2023) mem 0x8ffffffc 0x000b8703
core   0: 0x80002cd6 (0xb8702df3) csrr    s11, mhpmcounter7h
core   0: 3 0x80002cd6 (0xb8702df3) x27 0x00000000
core   0: 0x80002cda (0x01bd2023) sw      s11, 0(s10)
core   0: 3 0x80002cda (0x01bd2023) mem 0x8ffffffc 0x00000000
core   0: 0x80002cde (0x90000d37) lui     s10, 0x90000
core   0: 3 0x80002cde (0x90000d37) x26 0x90000000
core   0: 0x80002ce2 (0x00001d71) c.addi  s10, -4
core   0: 3 0x80002ce2 (0x1d71) x26 0x8ffffffc
core   0: 0x80002ce4 (0x00006d85) c.lui   s11, 0x1
core   0: 3 0x80002ce4 (0x6d85) x27 0x00001000
core   0: 0x80002ce6 (0xb08d8d93) addi    s11, s11, -1272
core   0: 3 0x80002ce6 (0xb08d8d93) x27 0x00000b08
core   0: 0x80002cea (0x00000da2) c.slli  s11, 8
core   0: 3 0x80002cea (0x0da2) x27 0x000b0800
core   0: 0x80002cec (0x00000d8d) c.addi  s11, 3
core   0: 3 0x80002cec (0x0d8d) x27 0x000b0803
core   0: 0x80002cee (0x01bd2023) sw      s11, 0(s10)
core   0: 3 0x80002cee (0x01bd2023) mem 0x8ffffffc 0x000b0803
core   0: 0x80002cf2 (0xb0802df3) csrr    s11, mhpmcounter8
core   0: 3 0x80002cf2 (0xb0802df3) x27 0x000000f4
core   0: 0x80002cf6 (0x01bd2023) sw      s11, 0(s10)
core   0: 3 0x80002cf6 (0x01bd2023) mem 0x8ffffffc 0x000000f4
core   0: 0x80002cfa (0x90000d37) lui     s10, 0x90000
core   0: 3 0x80002cfa (0x90000d37) x26 0x90000000
core   0: 0x80002cfe (0x00001d71) c.addi  s10, -4
core   0: 3 0x80002cfe (0x1d71) x26 0x8ffffffc
core   0: 0x80002d00 (0x00006d85) c.lui   s11, 0x1
core   0: 3 0x80002d00 (0x6d85) x27 0x00001000
core   0: 0x80002d02 (0xb88d8d93) addi    s11, s11, -1144
core   0: 3 0x80002d02 (0xb88d8d93) x27 0x00000b88
core   0: 0x80002d06 (0x00000da2) c.slli  s11, 8
core   0: 3 0x80002d06 (0x0da2) x27 0x000b8800
core   0: 0x80002d08 (0x00000d8d) c.addi  s11, 3
core   0: 3 0x80002d08 (0x0d8d) x27 0x000b8803
core   0: 0x80002d0a (0x01bd2023) sw      s11, 0(s10)
core   0: 3 0x80002d0a (0x01bd2023) mem 0x8ffffffc 0x000b8803
core   0: 0x80002d0e (0xb8802df3) csrr    s11, mhpmcounter8h
core   0: 3 0x80002d0e (0xb8802df3) x27 0x00000000
core   0: 0x80002d12 (0x01bd2023) sw      s11, 0(s10)
core   0: 3 0x80002d12 (0x01bd2023) mem 0x8ffffffc 0x00000000
core   0: 0x80002d16 (0x90000d37) lui     s10, 0x90000
core   0: 3 0x80002d16 (0x90000d37) x26 0x90000000
core   0: 0x80002d1a (0x00001d71) c.addi  s10, -4
core   0: 3 0x80002d1a (0x1d71) x26 0x8ffffffc
core   0: 0x80002d1c (0x00006d85) c.lui   s11, 0x1
core   0: 3 0x80002d1c (0x6d85) x27 0x00001000
core   0: 0x80002d1e (0xb09d8d93) addi    s11, s11, -1271
core   0: 3 0x80002d1e (0xb09d8d93) x27 0x00000b09
core   0: 0x80002d22 (0x00000da2) c.slli  s11, 8
core   0: 3 0x80002d22 (0x0da2) x27 0x000b0900
core   0: 0x80002d24 (0x00000d8d) c.addi  s11, 3
core   0: 3 0x80002d24 (0x0d8d) x27 0x000b0903
core   0: 0x80002d26 (0x01bd2023) sw      s11, 0(s10)
core   0: 3 0x80002d26 (0x01bd2023) mem 0x8ffffffc 0x000b0903
core   0: 0x80002d2a (0xb0902df3) csrr    s11, mhpmcounter9
core   0: 3 0x80002d2a (0xb0902df3) x27 0x00000044
core   0: 0x80002d2e (0x01bd2023) sw      s11, 0(s10)
core   0: 3 0x80002d2e (0x01bd2023) mem 0x8ffffffc 0x00000044
core   0: 0x80002d32 (0x90000d37) lui     s10, 0x90000
core   0: 3 0x80002d32 (0x90000d37) x26 0x90000000
core   0: 0x80002d36 (0x00001d71) c.addi  s10, -4
core   0: 3 0x80002d36 (0x1d71) x26 0x8ffffffc
core   0: 0x80002d38 (0x00006d85) c.lui   s11, 0x1
core   0: 3 0x80002d38 (0x6d85) x27 0x00001000
core   0: 0x80002d3a (0xb89d8d93) addi    s11, s11, -1143
core   0: 3 0x80002d3a (0xb89d8d93) x27 0x00000b89
core   0: 0x80002d3e (0x00000da2) c.slli  s11, 8
core   0: 3 0x80002d3e (0x0da2) x27 0x000b8900
core   0: 0x80002d40 (0x00000d8d) c.addi  s11, 3
core   0: 3 0x80002d40 (0x0d8d) x27 0x000b8903
core   0: 0x80002d42 (0x01bd2023) sw      s11, 0(s10)
core   0: 3 0x80002d42 (0x01bd2023) mem 0x8ffffffc 0x000b8903
core   0: 0x80002d46 (0xb8902df3) csrr    s11, mhpmcounter9h
core   0: 3 0x80002d46 (0xb8902df3) x27 0x00000000
core   0: 0x80002d4a (0x01bd2023) sw      s11, 0(s10)
core   0: 3 0x80002d4a (0x01bd2023) mem 0x8ffffffc 0x00000000
core   0: 0x80002d4e (0x90000d37) lui     s10, 0x90000
core   0: 3 0x80002d4e (0x90000d37) x26 0x90000000
core   0: 0x80002d52 (0x00001d71) c.addi  s10, -4
core   0: 3 0x80002d52 (0x1d71) x26 0x8ffffffc
core   0: 0x80002d54 (0x00006d85) c.lui   s11, 0x1
core   0: 3 0x80002d54 (0x6d85) x27 0x00001000
core   0: 0x80002d56 (0xb0ad8d93) addi    s11, s11, -1270
core   0: 3 0x80002d56 (0xb0ad8d93) x27 0x00000b0a
core   0: 0x80002d5a (0x00000da2) c.slli  s11, 8
core   0: 3 0x80002d5a (0x0da2) x27 0x000b0a00
core   0: 0x80002d5c (0x00000d8d) c.addi  s11, 3
core   0: 3 0x80002d5c (0x0d8d) x27 0x000b0a03
core   0: 0x80002d5e (0x01bd2023) sw      s11, 0(s10)
core   0: 3 0x80002d5e (0x01bd2023) mem 0x8ffffffc 0x000b0a03
core   0: 0x80002d62 (0xb0a02df3) csrr    s11, mhpmcounter10
core   0: 3 0x80002d62 (0xb0a02df3) x27 0x00000263
core   0: 0x80002d66 (0x01bd2023) sw      s11, 0(s10)
core   0: 3 0x80002d66 (0x01bd2023) mem 0x8ffffffc 0x00000263
core   0: 0x80002d6a (0x90000d37) lui     s10, 0x90000
core   0: 3 0x80002d6a (0x90000d37) x26 0x90000000
core   0: 0x80002d6e (0x00001d71) c.addi  s10, -4
core   0: 3 0x80002d6e (0x1d71) x26 0x8ffffffc
core   0: 0x80002d70 (0x00006d85) c.lui   s11, 0x1
core   0: 3 0x80002d70 (0x6d85) x27 0x00001000
core   0: 0x80002d72 (0xb8ad8d93) addi    s11, s11, -1142
core   0: 3 0x80002d72 (0xb8ad8d93) x27 0x00000b8a
core   0: 0x80002d76 (0x00000da2) c.slli  s11, 8
core   0: 3 0x80002d76 (0x0da2) x27 0x000b8a00
core   0: 0x80002d78 (0x00000d8d) c.addi  s11, 3
core   0: 3 0x80002d78 (0x0d8d) x27 0x000b8a03
core   0: 0x80002d7a (0x01bd2023) sw      s11, 0(s10)
core   0: 3 0x80002d7a (0x01bd2023) mem 0x8ffffffc 0x000b8a03
core   0: 0x80002d7e (0xb8a02df3) csrr    s11, mhpmcounter10h
core   0: 3 0x80002d7e (0xb8a02df3) x27 0x00000000
core   0: 0x80002d82 (0x01bd2023) sw      s11, 0(s10)
core   0: 3 0x80002d82 (0x01bd2023) mem 0x8ffffffc 0x00000000
core   0: 0x80002d86 (0x90000d37) lui     s10, 0x90000
core   0: 3 0x80002d86 (0x90000d37) x26 0x90000000
core   0: 0x80002d8a (0x00001d71) c.addi  s10, -4
core   0: 3 0x80002d8a (0x1d71) x26 0x8ffffffc
core   0: 0x80002d8c (0x00006d85) c.lui   s11, 0x1
core   0: 3 0x80002d8c (0x6d85) x27 0x00001000
core   0: 0x80002d8e (0xb0bd8d93) addi    s11, s11, -1269
core   0: 3 0x80002d8e (0xb0bd8d93) x27 0x00000b0b
core   0: 0x80002d92 (0x00000da2) c.slli  s11, 8
core   0: 3 0x80002d92 (0x0da2) x27 0x000b0b00
core   0: 0x80002d94 (0x00000d8d) c.addi  s11, 3
core   0: 3 0x80002d94 (0x0d8d) x27 0x000b0b03
core   0: 0x80002d96 (0x01bd2023) sw      s11, 0(s10)
core   0: 3 0x80002d96 (0x01bd2023) mem 0x8ffffffc 0x000b0b03
core   0: 0x80002d9a (0xb0b02df3) csrr    s11, mhpmcounter11
core   0: 3 0x80002d9a (0xb0b02df3) x27 0x00000000
core   0: 0x80002d9e (0x01bd2023) sw      s11, 0(s10)
core   0: 3 0x80002d9e (0x01bd2023) mem 0x8ffffffc 0x00000000
core   0: 0x80002da2 (0x90000d37) lui     s10, 0x90000
core   0: 3 0x80002da2 (0x90000d37) x26 0x90000000
core   0: 0x80002da6 (0x00001d71) c.addi  s10, -4
core   0: 3 0x80002da6 (0x1d71) x26 0x8ffffffc
core   0: 0x80002da8 (0x00006d85) c.lui   s11, 0x1
core   0: 3 0x80002da8 (0x6d85) x27 0x00001000
core   0: 0x80002daa (0xb8bd8d93) addi    s11, s11, -1141
core   0: 3 0x80002daa (0xb8bd8d93) x27 0x00000b8b
core   0: 0x80002dae (0x00000da2) c.slli  s11, 8
core   0: 3 0x80002dae (0x0da2) x27 0x000b8b00
core   0: 0x80002db0 (0x00000d8d) c.addi  s11, 3
core   0: 3 0x80002db0 (0x0d8d) x27 0x000b8b03
core   0: 0x80002db2 (0x01bd2023) sw      s11, 0(s10)
core   0: 3 0x80002db2 (0x01bd2023) mem 0x8ffffffc 0x000b8b03
core   0: 0x80002db6 (0xb8b02df3) csrr    s11, mhpmcounter11h
core   0: 3 0x80002db6 (0xb8b02df3) x27 0x00000000
core   0: 0x80002dba (0x01bd2023) sw      s11, 0(s10)
core   0: 3 0x80002dba (0x01bd2023) mem 0x8ffffffc 0x00000000
core   0: 0x80002dbe (0x90000d37) lui     s10, 0x90000
core   0: 3 0x80002dbe (0x90000d37) x26 0x90000000
core   0: 0x80002dc2 (0x00001d71) c.addi  s10, -4
core   0: 3 0x80002dc2 (0x1d71) x26 0x8ffffffc
core   0: 0x80002dc4 (0x00006d85) c.lui   s11, 0x1
core   0: 3 0x80002dc4 (0x6d85) x27 0x00001000
core   0: 0x80002dc6 (0xb0cd8d93) addi    s11, s11, -1268
core   0: 3 0x80002dc6 (0xb0cd8d93) x27 0x00000b0c
core   0: 0x80002dca (0x00000da2) c.slli  s11, 8
core   0: 3 0x80002dca (0x0da2) x27 0x000b0c00
core   0: 0x80002dcc (0x00000d8d) c.addi  s11, 3
core   0: 3 0x80002dcc (0x0d8d) x27 0x000b0c03
core   0: 0x80002dce (0x01bd2023) sw      s11, 0(s10)
core   0: 3 0x80002dce (0x01bd2023) mem 0x8ffffffc 0x000b0c03
core   0: 0x80002dd2 (0xb0c02df3) csrr    s11, mhpmcounter12
core   0: 3 0x80002dd2 (0xb0c02df3) x27 0x00000000
core   0: 0x80002dd6 (0x01bd2023) sw      s11, 0(s10)
core   0: 3 0x80002dd6 (0x01bd2023) mem 0x8ffffffc 0x00000000
core   0: 0x80002dda (0x90000d37) lui     s10, 0x90000
core   0: 3 0x80002dda (0x90000d37) x26 0x90000000
core   0: 0x80002dde (0x00001d71) c.addi  s10, -4
core   0: 3 0x80002dde (0x1d71) x26 0x8ffffffc
core   0: 0x80002de0 (0x00006d85) c.lui   s11, 0x1
core   0: 3 0x80002de0 (0x6d85) x27 0x00001000
core   0: 0x80002de2 (0xb8cd8d93) addi    s11, s11, -1140
core   0: 3 0x80002de2 (0xb8cd8d93) x27 0x00000b8c
core   0: 0x80002de6 (0x00000da2) c.slli  s11, 8
core   0: 3 0x80002de6 (0x0da2) x27 0x000b8c00
core   0: 0x80002de8 (0x00000d8d) c.addi  s11, 3
core   0: 3 0x80002de8 (0x0d8d) x27 0x000b8c03
core   0: 0x80002dea (0x01bd2023) sw      s11, 0(s10)
core   0: 3 0x80002dea (0x01bd2023) mem 0x8ffffffc 0x000b8c03
core   0: 0x80002dee (0xb8c02df3) csrr    s11, mhpmcounter12h
core   0: 3 0x80002dee (0xb8c02df3) x27 0x00000000
core   0: 0x80002df2 (0x01bd2023) sw      s11, 0(s10)
core   0: 3 0x80002df2 (0x01bd2023) mem 0x8ffffffc 0x00000000
core   0: 0x80002df6 (0xffffdd97) auipc   s11, 0xffffd
core   0: 3 0x80002df6 (0xffffdd97) x27 0x7ffffdf6
core   0: 0x80002dfa (0x28ad8d93) addi    s11, s11, 650
core   0: 3 0x80002dfa (0x28ad8d93) x27 0x80000080
core   0: 0x80002dfe (0x000da023) sw      zero, 0(s11)
core   0: 3 0x80002dfe (0x000da023) mem 0x80000080 0x00000000
core   0: 0x80002e02 (0x001da223) sw      ra, 4(s11)
core   0: 3 0x80002e02 (0x001da223) mem 0x80000084 0x00000000
core   0: 0x80002e06 (0x002da423) sw      sp, 8(s11)
core   0: 3 0x80002e06 (0x002da423) mem 0x80000088 0x00000000
core   0: 0x80002e0a (0x003da623) sw      gp, 12(s11)
core   0: 3 0x80002e0a (0x003da623) mem 0x8000008c 0x00000000
core   0: 0x80002e0e (0x004da823) sw      tp, 16(s11)
core   0: 3 0x80002e0e (0x004da823) mem 0x80000090 0x00000000
core   0: 0x80002e12 (0x005daa23) sw      t0, 20(s11)
core   0: 3 0x80002e12 (0x005daa23) mem 0x80000094 0x00000000
core   0: 0x80002e16 (0x006dac23) sw      t1, 24(s11)
core   0: 3 0x80002e16 (0x006dac23) mem 0x80000098 0x00000000
core   0: 0x80002e1a (0x007dae23) sw      t2, 28(s11)
core   0: 3 0x80002e1a (0x007dae23) mem 0x8000009c 0x00000010
core   0: 0x80002e1e (0x028da023) sw      s0, 32(s11)
core   0: 3 0x80002e1e (0x028da023) mem 0x800000a0 0x0000000f
core   0: 0x80002e22 (0x029da223) sw      s1, 36(s11)
core   0: 3 0x80002e22 (0x029da223) mem 0x800000a4 0x00000000
core   0: 0x80002e26 (0x02ada423) sw      a0, 40(s11)
core   0: 3 0x80002e26 (0x02ada423) mem 0x800000a8 0x00000000
core   0: 0x80002e2a (0x02bda623) sw      a1, 44(s11)
core   0: 3 0x80002e2a (0x02bda623) mem 0x800000ac 0x23ffffff
core   0: 0x80002e2e (0x02cda823) sw      a2, 48(s11)
core   0: 3 0x80002e2e (0x02cda823) mem 0x800000b0 0x00000000
core   0: 0x80002e32 (0x02ddaa23) sw      a3, 52(s11)
core   0: 3 0x80002e32 (0x02ddaa23) mem 0x800000b4 0x8002cbdc
core   0: 0x80002e36 (0x02edac23) sw      a4, 56(s11)
core   0: 3 0x80002e36 (0x02edac23) mem 0x800000b8 0x00000000
core   0: 0x80002e3a (0x02fdae23) sw      a5, 60(s11)
core   0: 3 0x80002e3a (0x02fdae23) mem 0x800000bc 0x00000000
core   0: 0x80002e3e (0x050da023) sw      a6, 64(s11)
core   0: 3 0x80002e3e (0x050da023) mem 0x800000c0 0x00000000
core   0: 0x80002e42 (0x051da223) sw      a7, 68(s11)
core   0: 3 0x80002e42 (0x051da223) mem 0x800000c4 0x00000000
core   0: 0x80002e46 (0x052da423) sw      s2, 72(s11)
core   0: 3 0x80002e46 (0x052da423) mem 0x800000c8 0x00000000
core   0: 0x80002e4a (0x053da623) sw      s3, 76(s11)
core   0: 3 0x80002e4a (0x053da623) mem 0x800000cc 0x00000000
core   0: 0x80002e4e (0x054da823) sw      s4, 80(s11)
core   0: 3 0x80002e4e (0x054da823) mem 0x800000d0 0x00000000
core   0: 0x80002e52 (0x055daa23) sw      s5, 84(s11)
core   0: 3 0x80002e52 (0x055daa23) mem 0x800000d4 0x00000000
core   0: 0x80002e56 (0x056dac23) sw      s6, 88(s11)
core   0: 3 0x80002e56 (0x056dac23) mem 0x800000d8 0x00000000
core   0: 0x80002e5a (0x057dae23) sw      s7, 92(s11)
core   0: 3 0x80002e5a (0x057dae23) mem 0x800000dc 0x8002cbdc
core   0: 0x80002e5e (0x078da023) sw      s8, 96(s11)
core   0: 3 0x80002e5e (0x078da023) mem 0x800000e0 0x0f0f0f0f
core   0: 0x80002e62 (0x079da223) sw      s9, 100(s11)
core   0: 3 0x80002e62 (0x079da223) mem 0x800000e4 0x00000000
core   0: 0x80002e66 (0x07ada423) sw      s10, 104(s11)
core   0: 3 0x80002e66 (0x07ada423) mem 0x800000e8 0x8ffffffc
core   0: 0x80002e6a (0x07bda623) sw      s11, 108(s11)
core   0: 3 0x80002e6a (0x07bda623) mem 0x800000ec 0x80000080
core   0: 0x80002e6e (0x07cda823) sw      t3, 112(s11)
core   0: 3 0x80002e6e (0x07cda823) mem 0x800000f0 0x20009ded
core   0: 0x80002e72 (0x07ddaa23) sw      t4, 116(s11)
core   0: 3 0x80002e72 (0x07ddaa23) mem 0x800000f4 0x00000000
core   0: 0x80002e76 (0x07edac23) sw      t5, 120(s11)
core   0: 3 0x80002e76 (0x07edac23) mem 0x800000f8 0x00000000
core   0: 0x80002e7a (0x07fdae23) sw      t6, 124(s11)
core   0: 3 0x80002e7a (0x07fdae23) mem 0x800000fc 0x00000000
core   0: 0x80002e7e (0x34102df3) csrr    s11, mepc
core   0: 3 0x80002e7e (0x34102df3) x27 0x800005e4
core   0: 0x80002e82 (0x00000d91) c.addi  s11, 4
core   0: 3 0x80002e82 (0x0d91) x27 0x800005e8
core   0: 0x80002e84 (0x341d9073) csrw    mepc, s11
core   0: 3 0x80002e84 (0x341d9073) c833_mepc 0x800005e8
core   0: 0x80002e88 (0x30200073) mret
core   0: 3 0x80002e88 (0x30200073) c768_mstatus 0x00020080
core   0: 0x800005e8 (0x90000d37) lui     s10, 0x90000
core   0: 3 0x800005e8 (0x90000d37) x26 0x90000000
core   0: 0x800005ec (0x00001d61) c.addi  s10, -8
core   0: 3 0x800005ec (0x1d61) x26 0x8ffffff8
core   0: 0x800005ee (0x00004d85) c.li    s11, 1
core   0: 3 0x800005ee (0x4d85) x27 0x00000001
core   0: 0x800005f0 (0x00000da2) c.slli  s11, 8
core   0: 3 0x800005f0 (0x0da2) x27 0x00000100
core   0: 0x800005f2 (0x00000d85) c.addi  s11, 1
core   0: 3 0x800005f2 (0x0d85) x27 0x00000101
core   0: 0x800005f4 (0x01bd2023) sw      s11, 0(s10)
core   0: exception trap_store_access_fault, epc 0x800005f4
core   0:           tval 0x8ffffff8
core   0: 0x80002a00 (0x0800006f) j       pc + 0x80
core   0: 3 0x80002a00 (0x0800006f)
core   0: 0x80002a80 (0x000016f1) c.addi  a3, -4
core   0: 3 0x80002a80 (0x16f1) x13 0x8002cbd8
core   0: 0x80002a82 (0x0176a023) sw      s7, 0(a3)
core   0: 3 0x80002a82 (0x0176a023) mem 0x8002cbd8 0x8002cbdc
core   0: 0x80002a86 (0x00068bb3) add     s7, a3, zero
core   0: 3 0x80002a86 (0x00068bb3) x23 0x8002cbd8
core   0: 0x80002a8a (0xf80b8b93) addi    s7, s7, -128
core   0: 3 0x80002a8a (0xf80b8b93) x23 0x8002cb58
core   0: 0x80002a8e (0x001ba223) sw      ra, 4(s7)
core   0: 3 0x80002a8e (0x001ba223) mem 0x8002cb5c 0x00000000
core   0: 0x80002a92 (0x002ba423) sw      sp, 8(s7)
core   0: 3 0x80002a92 (0x002ba423) mem 0x8002cb60 0x00000000
core   0: 0x80002a96 (0x003ba623) sw      gp, 12(s7)
core   0: 3 0x80002a96 (0x003ba623) mem 0x8002cb64 0x00000000
core   0: 0x80002a9a (0x004ba823) sw      tp, 16(s7)
core   0: 3 0x80002a9a (0x004ba823) mem 0x8002cb68 0x00000000
core   0: 0x80002a9e (0x005baa23) sw      t0, 20(s7)
core   0: 3 0x80002a9e (0x005baa23) mem 0x8002cb6c 0x00000000
core   0: 0x80002aa2 (0x006bac23) sw      t1, 24(s7)
core   0: 3 0x80002aa2 (0x006bac23) mem 0x8002cb70 0x00000000
core   0: 0x80002aa6 (0x007bae23) sw      t2, 28(s7)
core   0: 3 0x80002aa6 (0x007bae23) mem 0x8002cb74 0x00000010
core   0: 0x80002aaa (0x028ba023) sw      s0, 32(s7)
core   0: 3 0x80002aaa (0x028ba023) mem 0x8002cb78 0x0000000f
core   0: 0x80002aae (0x029ba223) sw      s1, 36(s7)
core   0: 3 0x80002aae (0x029ba223) mem 0x8002cb7c 0x00000000
core   0: 0x80002ab2 (0x02aba423) sw      a0, 40(s7)
core   0: 3 0x80002ab2 (0x02aba423) mem 0x8002cb80 0x00000000
core   0: 0x80002ab6 (0x02bba623) sw      a1, 44(s7)
core   0: 3 0x80002ab6 (0x02bba623) mem 0x8002cb84 0x23ffffff
core   0: 0x80002aba (0x02cba823) sw      a2, 48(s7)
core   0: 3 0x80002aba (0x02cba823) mem 0x8002cb88 0x00000000
core   0: 0x80002abe (0x02dbaa23) sw      a3, 52(s7)
core   0: 3 0x80002abe (0x02dbaa23) mem 0x8002cb8c 0x8002cbd8
core   0: 0x80002ac2 (0x02ebac23) sw      a4, 56(s7)
core   0: 3 0x80002ac2 (0x02ebac23) mem 0x8002cb90 0x00000000
core   0: 0x80002ac6 (0x02fbae23) sw      a5, 60(s7)
core   0: 3 0x80002ac6 (0x02fbae23) mem 0x8002cb94 0x00000000
core   0: 0x80002aca (0x050ba023) sw      a6, 64(s7)
core   0: 3 0x80002aca (0x050ba023) mem 0x8002cb98 0x00000000
core   0: 0x80002ace (0x051ba223) sw      a7, 68(s7)
core   0: 3 0x80002ace (0x051ba223) mem 0x8002cb9c 0x00000000
core   0: 0x80002ad2 (0x052ba423) sw      s2, 72(s7)
core   0: 3 0x80002ad2 (0x052ba423) mem 0x8002cba0 0x00000000
core   0: 0x80002ad6 (0x053ba623) sw      s3, 76(s7)
core   0: 3 0x80002ad6 (0x053ba623) mem 0x8002cba4 0x00000000
core   0: 0x80002ada (0x054ba823) sw      s4, 80(s7)
core   0: 3 0x80002ada (0x054ba823) mem 0x8002cba8 0x00000000
core   0: 0x80002ade (0x055baa23) sw      s5, 84(s7)
core   0: 3 0x80002ade (0x055baa23) mem 0x8002cbac 0x00000000
core   0: 0x80002ae2 (0x056bac23) sw      s6, 88(s7)
core   0: 3 0x80002ae2 (0x056bac23) mem 0x8002cbb0 0x00000000
core   0: 0x80002ae6 (0x057bae23) sw      s7, 92(s7)
core   0: 3 0x80002ae6 (0x057bae23) mem 0x8002cbb4 0x8002cb58
core   0: 0x80002aea (0x078ba023) sw      s8, 96(s7)
core   0: 3 0x80002aea (0x078ba023) mem 0x8002cbb8 0x0f0f0f0f
core   0: 0x80002aee (0x079ba223) sw      s9, 100(s7)
core   0: 3 0x80002aee (0x079ba223) mem 0x8002cbbc 0x00000000
core   0: 0x80002af2 (0x07aba423) sw      s10, 104(s7)
core   0: 3 0x80002af2 (0x07aba423) mem 0x8002cbc0 0x8ffffff8
core   0: 0x80002af6 (0x07bba623) sw      s11, 108(s7)
core   0: 3 0x80002af6 (0x07bba623) mem 0x8002cbc4 0x00000101
core   0: 0x80002afa (0x07cba823) sw      t3, 112(s7)
core   0: 3 0x80002afa (0x07cba823) mem 0x8002cbc8 0x20009ded
core   0: 0x80002afe (0x07dbaa23) sw      t4, 116(s7)
core   0: 3 0x80002afe (0x07dbaa23) mem 0x8002cbcc 0x00000000
core   0: 0x80002b02 (0x07ebac23) sw      t5, 120(s7)
core   0: 3 0x80002b02 (0x07ebac23) mem 0x8002cbd0 0x00000000
core   0: 0x80002b06 (0x07fbae23) sw      t6, 124(s7)
core   0: 3 0x80002b06 (0x07fbae23) mem 0x8002cbd4 0x00000000
core   0: 0x80002b0a (0x000b86b3) add     a3, s7, zero
core   0: 3 0x80002b0a (0x000b86b3) x13 0x8002cb58
core   0: 0x80002b0e (0x90000d37) lui     s10, 0x90000
core   0: 3 0x80002b0e (0x90000d37) x26 0x90000000
core   0: 0x80002b12 (0x00001d71) c.addi  s10, -4
core   0: 3 0x80002b12 (0x1d71) x26 0x8ffffffc
core   0: 0x80002b14 (0x00004da1) c.li    s11, 8
core   0: 3 0x80002b14 (0x4da1) x27 0x00000008
core   0: 0x80002b16 (0x00000da2) c.slli  s11, 8
core   0: 3 0x80002b16 (0x0da2) x27 0x00000800
core   0: 0x80002b18 (0x000d8d93) mv      s11, s11
core   0: 3 0x80002b18 (0x000d8d93) x27 0x00000800
core   0: 0x80002b1c (0x01bd2023) sw      s11, 0(s10)
core   0: 3 0x80002b1c (0x01bd2023) mem 0x8ffffffc 0x00000800
core   0: 0x80002b20 (0x34102df3) csrr    s11, mepc
core   0: 3 0x80002b20 (0x34102df3) x27 0x800005f4
core   0: 0x80002b24 (0x34202df3) csrr    s11, mcause
core   0: 3 0x80002b24 (0x34202df3) x27 0x00000007
core   0: 0x80002b28 (0x00004d0d) c.li    s10, 3
core   0: 3 0x80002b28 (0x4d0d) x26 0x00000003
core   0: 0x80002b2a (0x01ad9463) bne     s11, s10, pc + 8
core   0: 3 0x80002b2a (0x01ad9463)
core   0: 0x80002b32 (0x00004d21) c.li    s10, 8
core   0: 3 0x80002b32 (0x4d21) x26 0x00000008
core   0: 0x80002b34 (0x05ad8d63) beq     s11, s10, pc + 90
core   0: 3 0x80002b34 (0x05ad8d63)
core   0: 0x80002b38 (0x00004d25) c.li    s10, 9
core   0: 3 0x80002b38 (0x4d25) x26 0x00000009
core   0: 0x80002b3a (0x05ad8a63) beq     s11, s10, pc + 84
core   0: 3 0x80002b3a (0x05ad8a63)
core   0: 0x80002b3e (0x00004d2d) c.li    s10, 11
core   0: 3 0x80002b3e (0x4d2d) x26 0x0000000b
core   0: 0x80002b40 (0x05ad8763) beq     s11, s10, pc + 78
core   0: 3 0x80002b40 (0x05ad8763)
core   0: 0x80002b44 (0x00004d05) c.li    s10, 1
core   0: 3 0x80002b44 (0x4d05) x26 0x00000001
core   0: 0x80002b46 (0x35ad8363) beq     s11, s10, pc + 838
core   0: 3 0x80002b46 (0x35ad8363)
