Time	Cycle	PC	Insn	Decoded instruction	Register and memory contents
        8582000	       327	80000080	40001db7	lui	x27,0x40001	 x27=0x40001000
        8602000	       328	80000084	106d8d93	addi	x27,x27,262	 x27:0x40001000 x27=0x40001106
        8742000	       335	80000088	301d9073	csrrw	x0,misa,x27	 x27:0x40001106  x0=0x00000000
        9162000	       356	8000008c	0002d697	auipc	x13,0x2d	 x13=0x8002d08c
        9182000	       357	80000090	c5868693	addi	x13,x13,-936	 x13:0x8002d08c x13=0x8002cce4
        9382000	       367	80000094	00003d97	auipc	x27,0x3	 x27=0x80003094
        9402000	       368	80000098	96cd8d93	addi	x27,x27,-1684	 x27:0x80003094 x27=0x80002a00
        9422000	       369	8000009c	001ded93	ori	x27,x27,1	 x27:0x80002a00 x27=0x80002a01
        9842000	       390	800000a0	305d9073	csrrw	x0,mtvec,x27	 x27:0x80002a01  x0=0x00000000
        9902000	       393	800000a4	74725073	csrrwi	x0,0x747,4	  x0=0x00000000
        9962000	       396	800000a8	00003597	auipc	x11,0x3	 x11=0x800030a8
       10002000	       398	800000ac	71458593	addi	x11,x11,1812	 x11:0x800030a8 x11=0x800037bc
       10422000	       419	800000b0	4d81	c.li	x27,0	 x27=0x00000000
       10442000	       420	800000b2	95ee	c.add	x11,x27	 x11:0x800037bc x27:0x00000000 x11=0x800037bc
       10462000	       421	800000b4	8189	c.srli	x11,0x2	 x11:0x800037bc x11=0x20000def
       10522000	       424	800000b6	3b059073	csrrw	x0,pmpaddr0,x11	 x11:0x20000def  x0=0x00000000
       10702000	       433	800000ba	00003597	auipc	x11,0x3	 x11=0x800030ba
       10722000	       434	800000be	70258593	addi	x11,x11,1794	 x11:0x800030ba x11=0x800037bc
       10742000	       435	800000c2	6d89	c.lui	x27,0x2	 x27=0x00002000
       10822000	       439	800000c4	666d8d93	addi	x27,x27,1638	 x27:0x00002000 x27=0x00002666
       10862000	       441	800000c8	95ee	c.add	x11,x27	 x11:0x800037bc x27:0x00002666 x11=0x80005e22
       10882000	       442	800000ca	8189	c.srli	x11,0x2	 x11:0x80005e22 x11=0x20001788
       10902000	       443	800000cc	3b159073	csrrw	x0,pmpaddr1,x11	 x11:0x20001788  x0=0x00000000
       11242000	       460	800000d0	00003597	auipc	x11,0x3	 x11=0x800030d0
       11322000	       464	800000d4	6ec58593	addi	x11,x11,1772	 x11:0x800030d0 x11=0x800037bc
       11342000	       465	800000d8	6d95	c.lui	x27,0x5	 x27=0x00005000
       11762000	       486	800000da	cccd8d93	addi	x27,x27,-820	 x27:0x00005000 x27=0x00004ccc
       11782000	       487	800000de	95ee	c.add	x11,x27	 x11:0x800037bc x27:0x00004ccc x11=0x80008488
       11802000	       488	800000e0	8189	c.srli	x11,0x2	 x11:0x80008488 x11=0x20002122
       11822000	       489	800000e2	3b259073	csrrw	x0,pmpaddr2,x11	 x11:0x20002122  x0=0x00000000
       11882000	       492	800000e6	00003597	auipc	x11,0x3	 x11=0x800030e6
       11902000	       493	800000ea	6d658593	addi	x11,x11,1750	 x11:0x800030e6 x11=0x800037bc
       11922000	       494	800000ee	6d9d	c.lui	x27,0x7	 x27=0x00007000
       12142000	       505	800000f0	332d8d93	addi	x27,x27,818	 x27:0x00007000 x27=0x00007332
       12182000	       507	800000f4	95ee	c.add	x11,x27	 x11:0x800037bc x27:0x00007332 x11=0x8000aaee
       12202000	       508	800000f6	8189	c.srli	x11,0x2	 x11:0x8000aaee x11=0x20002abb
       12222000	       509	800000f8	3b359073	csrrw	x0,pmpaddr3,x11	 x11:0x20002abb  x0=0x00000000
       12282000	       512	800000fc	0f0f15b7	lui	x11,0xf0f1	 x11=0x0f0f1000
       12422000	       519	80000100	f0f58593	addi	x11,x11,-241	 x11:0x0f0f1000 x11=0x0f0f0f0f
       12442000	       520	80000104	3a059073	csrrw	x0,pmpcfg0,x11	 x11:0x0f0f0f0f  x0=0x00000000
       12502000	       523	80000108	00003597	auipc	x11,0x3	 x11=0x80003108
       12542000	       525	8000010c	6b458593	addi	x11,x11,1716	 x11:0x80003108 x11=0x800037bc
       12622000	       529	80000110	6da9	c.lui	x27,0xa	 x27=0x0000a000
       12642000	       530	80000112	998d8d93	addi	x27,x27,-1640	 x27:0x0000a000 x27=0x00009998
       12662000	       531	80000116	95ee	c.add	x11,x27	 x11:0x800037bc x27:0x00009998 x11=0x8000d154
       13062000	       551	80000118	8189	c.srli	x11,0x2	 x11:0x8000d154 x11=0x20003455
       13222000	       559	8000011a	3b459073	csrrw	x0,pmpaddr4,x11	 x11:0x20003455  x0=0x00000000
       13322000	       564	8000011e	00003597	auipc	x11,0x3	 x11=0x8000311e
       13342000	       565	80000122	69e58593	addi	x11,x11,1694	 x11:0x8000311e x11=0x800037bc
       13362000	       566	80000126	6db1	c.lui	x27,0xc	 x27=0x0000c000
       13762000	       586	80000128	1df9	c.addi	x27,-2	 x27:0x0000c000 x27=0x0000bffe
       13782000	       587	8000012a	95ee	c.add	x11,x27	 x11:0x800037bc x27:0x0000bffe x11=0x8000f7ba
       13802000	       588	8000012c	8189	c.srli	x11,0x2	 x11:0x8000f7ba x11=0x20003dee
       14202000	       608	8000012e	3b559073	csrrw	x0,pmpaddr5,x11	 x11:0x20003dee  x0=0x00000000
       14502000	       623	80000132	00003597	auipc	x11,0x3	 x11=0x80003132
       14522000	       624	80000136	68a58593	addi	x11,x11,1674	 x11:0x80003132 x11=0x800037bc
       14542000	       625	8000013a	6db9	c.lui	x27,0xe	 x27=0x0000e000
       14942000	       645	8000013c	664d8d93	addi	x27,x27,1636	 x27:0x0000e000 x27=0x0000e664
       14962000	       646	80000140	95ee	c.add	x11,x27	 x11:0x800037bc x27:0x0000e664 x11=0x80011e20
       14982000	       647	80000142	8189	c.srli	x11,0x2	 x11:0x80011e20 x11=0x20004788
       15002000	       648	80000144	3b659073	csrrw	x0,pmpaddr6,x11	 x11:0x20004788  x0=0x00000000
       15142000	       655	80000148	00003597	auipc	x11,0x3	 x11=0x80003148
       15242000	       660	8000014c	67458593	addi	x11,x11,1652	 x11:0x80003148 x11=0x800037bc
       15402000	       668	80000150	6dc5	c.lui	x27,0x11	 x27=0x00011000
       15422000	       669	80000152	ccad8d93	addi	x27,x27,-822	 x27:0x00011000 x27=0x00010cca
       15442000	       670	80000156	95ee	c.add	x11,x27	 x11:0x800037bc x27:0x00010cca x11=0x80014486
       15462000	       671	80000158	8189	c.srli	x11,0x2	 x11:0x80014486 x11=0x20005121
       15862000	       691	8000015a	3b759073	csrrw	x0,pmpaddr7,x11	 x11:0x20005121  x0=0x00000000
       15922000	       694	8000015e	0f0f15b7	lui	x11,0xf0f1	 x11=0x0f0f1000
       16302000	       713	80000162	f0f58593	addi	x11,x11,-241	 x11:0x0f0f1000 x11=0x0f0f0f0f
       16322000	       714	80000166	3a159073	csrrw	x0,pmpcfg1,x11	 x11:0x0f0f0f0f  x0=0x00000000
       16502000	       723	8000016a	00003597	auipc	x11,0x3	 x11=0x8000316a
       16622000	       729	8000016e	65258593	addi	x11,x11,1618	 x11:0x8000316a x11=0x800037bc
       16642000	       730	80000172	6dcd	c.lui	x27,0x13	 x27=0x00013000
       16982000	       747	80000174	330d8d93	addi	x27,x27,816	 x27:0x00013000 x27=0x00013330
       17022000	       749	80000178	95ee	c.add	x11,x27	 x11:0x800037bc x27:0x00013330 x11=0x80016aec
       17042000	       750	8000017a	8189	c.srli	x11,0x2	 x11:0x80016aec x11=0x20005abb
       17442000	       770	8000017c	3b859073	csrrw	x0,pmpaddr8,x11	 x11:0x20005abb  x0=0x00000000
       17742000	       785	80000180	00003597	auipc	x11,0x3	 x11=0x80003180
       17762000	       786	80000184	63c58593	addi	x11,x11,1596	 x11:0x80003180 x11=0x800037bc
       17782000	       787	80000188	6dd9	c.lui	x27,0x16	 x27=0x00016000
       17802000	       788	8000018a	996d8d93	addi	x27,x27,-1642	 x27:0x00016000 x27=0x00015996
       17822000	       789	8000018e	95ee	c.add	x11,x27	 x11:0x800037bc x27:0x00015996 x11=0x80019152
       17842000	       790	80000190	8189	c.srli	x11,0x2	 x11:0x80019152 x11=0x20006454
       17922000	       794	80000192	3b959073	csrrw	x0,pmpaddr9,x11	 x11:0x20006454  x0=0x00000000
       18382000	       817	80000196	00003597	auipc	x11,0x3	 x11=0x80003196
       18402000	       818	8000019a	62658593	addi	x11,x11,1574	 x11:0x80003196 x11=0x800037bc
       18422000	       819	8000019e	6de1	c.lui	x27,0x18	 x27=0x00018000
       18582000	       827	800001a0	1df1	c.addi	x27,-4	 x27:0x00018000 x27=0x00017ffc
       18602000	       828	800001a2	95ee	c.add	x11,x27	 x11:0x800037bc x27:0x00017ffc x11=0x8001b7b8
       18982000	       847	800001a4	8189	c.srli	x11,0x2	 x11:0x8001b7b8 x11=0x20006dee
       19002000	       848	800001a6	3ba59073	csrrw	x0,pmpaddr10,x11	 x11:0x20006dee  x0=0x00000000
       19082000	       852	800001aa	00003597	auipc	x11,0x3	 x11=0x800031aa
       19322000	       864	800001ae	61258593	addi	x11,x11,1554	 x11:0x800031aa x11=0x800037bc
       19342000	       865	800001b2	6de9	c.lui	x27,0x1a	 x27=0x0001a000
       19462000	       871	800001b4	662d8d93	addi	x27,x27,1634	 x27:0x0001a000 x27=0x0001a662
       19482000	       872	800001b8	95ee	c.add	x11,x27	 x11:0x800037bc x27:0x0001a662 x11=0x8001de1e
       19502000	       873	800001ba	8189	c.srli	x11,0x2	 x11:0x8001de1e x11=0x20007787
       19542000	       875	800001bc	3bb59073	csrrw	x0,pmpaddr11,x11	 x11:0x20007787  x0=0x00000000
       19602000	       878	800001c0	0f0f15b7	lui	x11,0xf0f1	 x11=0x0f0f1000
       19742000	       885	800001c4	f0f58593	addi	x11,x11,-241	 x11:0x0f0f1000 x11=0x0f0f0f0f
       20162000	       906	800001c8	3a259073	csrrw	x0,pmpcfg2,x11	 x11:0x0f0f0f0f  x0=0x00000000
       20222000	       909	800001cc	00003597	auipc	x11,0x3	 x11=0x800031cc
       20242000	       910	800001d0	5f058593	addi	x11,x11,1520	 x11:0x800031cc x11=0x800037bc
       20282000	       912	800001d4	6df5	c.lui	x27,0x1d	 x27=0x0001d000
       20302000	       913	800001d6	cc8d8d93	addi	x27,x27,-824	 x27:0x0001d000 x27=0x0001ccc8
       20322000	       914	800001da	95ee	c.add	x11,x27	 x11:0x800037bc x27:0x0001ccc8 x11=0x80020484
       20382000	       917	800001dc	8189	c.srli	x11,0x2	 x11:0x80020484 x11=0x20008121
       20402000	       918	800001de	3bc59073	csrrw	x0,pmpaddr12,x11	 x11:0x20008121  x0=0x00000000
       20462000	       921	800001e2	00003597	auipc	x11,0x3	 x11=0x800031e2
       20482000	       922	800001e6	5da58593	addi	x11,x11,1498	 x11:0x800031e2 x11=0x800037bc
       20502000	       923	800001ea	6dfd	c.lui	x27,0x1f	 x27=0x0001f000
       20522000	       924	800001ec	32ed8d93	addi	x27,x27,814	 x27:0x0001f000 x27=0x0001f32e
       20662000	       931	800001f0	95ee	c.add	x11,x27	 x11:0x800037bc x27:0x0001f32e x11=0x80022aea
       20682000	       932	800001f2	8189	c.srli	x11,0x2	 x11:0x80022aea x11=0x20008aba
       20822000	       939	800001f4	3bd59073	csrrw	x0,pmpaddr13,x11	 x11:0x20008aba  x0=0x00000000
       20882000	       942	800001f8	00003597	auipc	x11,0x3	 x11=0x800031f8
       20902000	       943	800001fc	5c458593	addi	x11,x11,1476	 x11:0x800031f8 x11=0x800037bc
       20922000	       944	80000200	00022db7	lui	x27,0x22	 x27=0x00022000
       21002000	       948	80000204	994d8d93	addi	x27,x27,-1644	 x27:0x00022000 x27=0x00021994
       21082000	       952	80000208	95ee	c.add	x11,x27	 x11:0x800037bc x27:0x00021994 x11=0x80025150
       21102000	       953	8000020a	8189	c.srli	x11,0x2	 x11:0x80025150 x11=0x20009454
       21402000	       968	8000020c	3be59073	csrrw	x0,pmpaddr14,x11	 x11:0x20009454  x0=0x00000000
       21462000	       971	80000210	00003597	auipc	x11,0x3	 x11=0x80003210
       21762000	       986	80000214	5ac58593	addi	x11,x11,1452	 x11:0x80003210 x11=0x800037bc
       21982000	       997	80000218	00024db7	lui	x27,0x24	 x27=0x00024000
       22002000	       998	8000021c	1de9	c.addi	x27,-6	 x27:0x00024000 x27=0x00023ffa
       22022000	       999	8000021e	95ee	c.add	x11,x27	 x11:0x800037bc x27:0x00023ffa x11=0x800277b6
       22422000	      1019	80000220	8189	c.srli	x11,0x2	 x11:0x800277b6 x11=0x20009ded
       22482000	      1022	80000222	3bf59073	csrrw	x0,pmpaddr15,x11	 x11:0x20009ded  x0=0x00000000
       22562000	      1026	80000226	0f0f15b7	lui	x11,0xf0f1	 x11=0x0f0f1000
       22642000	      1030	8000022a	f0f58593	addi	x11,x11,-241	 x11:0x0f0f1000 x11=0x0f0f0f0f
       22662000	      1031	8000022e	3a359073	csrrw	x0,pmpcfg3,x11	 x11:0x0f0f0f0f  x0=0x00000000
       22862000	      1041	80000232	74705073	csrrwi	x0,0x747,0	  x0=0x00000000
       22942000	      1045	80000236	78d025b7	lui	x11,0x78d02	 x11=0x78d02000
       23362000	      1066	8000023a	ed458593	addi	x11,x11,-300	 x11:0x78d02000 x11=0x78d01ed4
       23382000	      1067	8000023e	00003e17	auipc	x28,0x3	 x28=0x8000323e
       23442000	      1070	80000242	57ee0e13	addi	x28,x28,1406	 x28:0x8000323e x28=0x800037bc
       23462000	      1071	80000246	95f2	c.add	x11,x28	 x11:0x78d01ed4 x28:0x800037bc x11=0xf8d05690
       23582000	      1077	80000248	3b0595f3	csrrw	x11,pmpaddr0,x11	 x11:0xf8d05690 x11=0x20000def
       23642000	      1080	8000024c	3b0595f3	csrrw	x11,pmpaddr0,x11	 x11:0x20000def x11=0xf8d05690
       24002000	      1098	80000250	5d5b55b7	lui	x11,0x5d5b5	 x11=0x5d5b5000
       24022000	      1099	80000254	10f58593	addi	x11,x11,271	 x11:0x5d5b5000 x11=0x5d5b510f
       24042000	      1100	80000258	3a0595f3	csrrw	x11,pmpcfg0,x11	 x11:0x5d5b510f x11=0x0f0f0f0f
       24462000	      1121	8000025c	3a0595f3	csrrw	x11,pmpcfg0,x11	 x11:0x0f0f0f0f x11=0x1d1b110f
       24522000	      1124	80000260	4428a5b7	lui	x11,0x4428a	 x11=0x4428a000
       24902000	      1143	80000264	8ad58593	addi	x11,x11,-1875	 x11:0x4428a000 x11=0x442898ad
       24922000	      1144	80000268	00003e17	auipc	x28,0x3	 x28=0x80003268
       24942000	      1145	8000026c	554e0e13	addi	x28,x28,1364	 x28:0x80003268 x28=0x800037bc
       25042000	      1150	80000270	95f2	c.add	x11,x28	 x11:0x442898ad x28:0x800037bc x11=0xc428d069
       25422000	      1169	80000272	3b1595f3	csrrw	x11,pmpaddr1,x11	 x11:0xc428d069 x11=0x20001788
       25482000	      1172	80000276	3b1595f3	csrrw	x11,pmpaddr1,x11	 x11:0x20001788 x11=0xc428d069
       25542000	      1175	8000027a	2c0345b7	lui	x11,0x2c034	 x11=0x2c034000
       25562000	      1176	8000027e	80f58593	addi	x11,x11,-2033	 x11:0x2c034000 x11=0x2c03380f
       25582000	      1177	80000282	3a0595f3	csrrw	x11,pmpcfg0,x11	 x11:0x2c03380f x11=0x0f0f0f0f
       25642000	      1180	80000286	3a0595f3	csrrw	x11,pmpcfg0,x11	 x11:0x0f0f0f0f x11=0x0c03180f
       25702000	      1183	8000028a	49dfc5b7	lui	x11,0x49dfc	 x11=0x49dfc000
       25762000	      1186	8000028e	69758593	addi	x11,x11,1687	 x11:0x49dfc000 x11=0x49dfc697
       25802000	      1188	80000292	00003e17	auipc	x28,0x3	 x28=0x80003292
       26042000	      1200	80000296	52ae0e13	addi	x28,x28,1322	 x28:0x80003292 x28=0x800037bc
       26062000	      1201	8000029a	95f2	c.add	x11,x28	 x11:0x49dfc697 x28:0x800037bc x11=0xc9dffe53
       26122000	      1204	8000029c	3b2595f3	csrrw	x11,pmpaddr2,x11	 x11:0xc9dffe53 x11=0x20002122
       26462000	      1221	800002a0	3b2595f3	csrrw	x11,pmpaddr2,x11	 x11:0x20002122 x11=0xc9dffe53
       26602000	      1228	800002a4	434845b7	lui	x11,0x43484	 x11=0x43484000
       26722000	      1234	800002a8	b0f58593	addi	x11,x11,-1265	 x11:0x43484000 x11=0x43483b0f
       26742000	      1235	800002ac	3a0595f3	csrrw	x11,pmpcfg0,x11	 x11:0x43483b0f x11=0x0f0f0f0f
       26802000	      1238	800002b0	3a0595f3	csrrw	x11,pmpcfg0,x11	 x11:0x0f0f0f0f x11=0x03081b0f
       26902000	      1243	800002b4	3e8f75b7	lui	x11,0x3e8f7	 x11=0x3e8f7000
       26922000	      1244	800002b8	3f458593	addi	x11,x11,1012	 x11:0x3e8f7000 x11=0x3e8f73f4
       26942000	      1245	800002bc	00003e17	auipc	x28,0x3	 x28=0x800032bc
       26962000	      1246	800002c0	500e0e13	addi	x28,x28,1280	 x28:0x800032bc x28=0x800037bc
       27382000	      1267	800002c4	95f2	c.add	x11,x28	 x11:0x3e8f73f4 x28:0x800037bc x11=0xbe8fabb0
       27402000	      1268	800002c6	3b3595f3	csrrw	x11,pmpaddr3,x11	 x11:0xbe8fabb0 x11=0x20002abb
       27462000	      1271	800002ca	3b3595f3	csrrw	x11,pmpaddr3,x11	 x11:0x20002abb x11=0xbe8fabb0
       27582000	      1277	800002ce	6f0365b7	lui	x11,0x6f036	 x11=0x6f036000
       27602000	      1278	800002d2	80f58593	addi	x11,x11,-2033	 x11:0x6f036000 x11=0x6f03580f
       27622000	      1279	800002d6	3a0595f3	csrrw	x11,pmpcfg0,x11	 x11:0x6f03580f x11=0x0f0f0f0f
       27822000	      1289	800002da	3a0595f3	csrrw	x11,pmpcfg0,x11	 x11:0x0f0f0f0f x11=0x0f03180f
       27882000	      1292	800002de	1fd455b7	lui	x11,0x1fd45	 x11=0x1fd45000
       28242000	      1310	800002e2	4e458593	addi	x11,x11,1252	 x11:0x1fd45000 x11=0x1fd454e4
       28262000	      1311	800002e6	00003e17	auipc	x28,0x3	 x28=0x800032e6
       28282000	      1312	800002ea	4d6e0e13	addi	x28,x28,1238	 x28:0x800032e6 x28=0x800037bc
       28302000	      1313	800002ee	95f2	c.add	x11,x28	 x11:0x1fd454e4 x28:0x800037bc x11=0x9fd48ca0
       28382000	      1317	800002f0	3b4595f3	csrrw	x11,pmpaddr4,x11	 x11:0x9fd48ca0 x11=0x20003455
       28442000	      1320	800002f4	3b4595f3	csrrw	x11,pmpaddr4,x11	 x11:0x20003455 x11=0x9fd48ca0
       28782000	      1337	800002f8	514545b7	lui	x11,0x51454	 x11=0x51454000
       28802000	      1338	800002fc	f3f58593	addi	x11,x11,-193	 x11:0x51454000 x11=0x51453f3f
       29122000	      1354	80000300	3a1595f3	csrrw	x11,pmpcfg1,x11	 x11:0x51453f3f x11=0x0f0f0f0f
       29502000	      1373	80000304	3a1595f3	csrrw	x11,pmpcfg1,x11	 x11:0x0f0f0f0f x11=0x11051f1f
       29562000	      1376	80000308	19edd5b7	lui	x11,0x19edd	 x11=0x19edd000
       29582000	      1377	8000030c	03858593	addi	x11,x11,56	 x11:0x19edd000 x11=0x19edd038
       29922000	      1394	80000310	00003e17	auipc	x28,0x3	 x28=0x80003310
       30022000	      1399	80000314	4ace0e13	addi	x28,x28,1196	 x28:0x80003310 x28=0x800037bc
       30042000	      1400	80000318	95f2	c.add	x11,x28	 x11:0x19edd038 x28:0x800037bc x11=0x99ee07f4
       30062000	      1401	8000031a	3b5595f3	csrrw	x11,pmpaddr5,x11	 x11:0x99ee07f4 x11=0x20003dee
       30122000	      1404	8000031e	3b5595f3	csrrw	x11,pmpaddr5,x11	 x11:0x20003dee x11=0x99ee07f4
       30182000	      1407	80000322	707365b7	lui	x11,0x70736	 x11=0x70736000
       30202000	      1408	80000326	41c58593	addi	x11,x11,1052	 x11:0x70736000 x11=0x7073641c
       30362000	      1416	8000032a	3a1595f3	csrrw	x11,pmpcfg1,x11	 x11:0x7073641c x11=0x0f0f0f0f
       30682000	      1432	8000032e	3a1595f3	csrrw	x11,pmpcfg1,x11	 x11:0x0f0f0f0f x11=0x1013041c
       30742000	      1435	80000332	0d13f5b7	lui	x11,0xd13f	 x11=0x0d13f000
       30762000	      1436	80000336	61558593	addi	x11,x11,1557	 x11:0x0d13f000 x11=0x0d13f615
       30942000	      1445	8000033a	00003e17	auipc	x28,0x3	 x28=0x8000333a
       31082000	      1452	8000033e	482e0e13	addi	x28,x28,1154	 x28:0x8000333a x28=0x800037bc
       31102000	      1453	80000342	95f2	c.add	x11,x28	 x11:0x0d13f615 x28:0x800037bc x11=0x8d142dd1
       31122000	      1454	80000344	3b6595f3	csrrw	x11,pmpaddr6,x11	 x11:0x8d142dd1 x11=0x20004788
       31182000	      1457	80000348	3b6595f3	csrrw	x11,pmpaddr6,x11	 x11:0x20004788 x11=0x8d142dd1
       31242000	      1460	8000034c	243355b7	lui	x11,0x24335	 x11=0x24335000
       31562000	      1476	80000350	83458593	addi	x11,x11,-1996	 x11:0x24335000 x11=0x24334834
       31802000	      1488	80000354	3a1595f3	csrrw	x11,pmpcfg1,x11	 x11:0x24334834 x11=0x0f0f0f0f
       31862000	      1491	80000358	3a1595f3	csrrw	x11,pmpcfg1,x11	 x11:0x0f0f0f0f x11=0x04130814
       32242000	      1510	8000035c	0e9655b7	lui	x11,0xe965	 x11=0x0e965000
       32262000	      1511	80000360	f6a58593	addi	x11,x11,-150	 x11:0x0e965000 x11=0x0e964f6a
       32282000	      1512	80000364	00003e17	auipc	x28,0x3	 x28=0x80003364
       32702000	      1533	80000368	458e0e13	addi	x28,x28,1112	 x28:0x80003364 x28=0x800037bc
       32722000	      1534	8000036c	95f2	c.add	x11,x28	 x11:0x0e964f6a x28:0x800037bc x11=0x8e968726
       32742000	      1535	8000036e	3b7595f3	csrrw	x11,pmpaddr7,x11	 x11:0x8e968726 x11=0x20005121
       32802000	      1538	80000372	3b7595f3	csrrw	x11,pmpaddr7,x11	 x11:0x20005121 x11=0x8e968726
       32902000	      1543	80000376	515325b7	lui	x11,0x51532	 x11=0x51532000
       32922000	      1544	8000037a	f7f58593	addi	x11,x11,-129	 x11:0x51532000 x11=0x51531f7f
       44962000	      2146	8000037e	3a1595f3	csrrw	x11,pmpcfg1,x11	 x11:0x51531f7f x11=0x0f0f0f0f
       45022000	      2149	80000382	3a1595f3	csrrw	x11,pmpcfg1,x11	 x11:0x0f0f0f0f x11=0x11131f1f
       45082000	      2152	80000386	01bbf5b7	lui	x11,0x1bbf	 x11=0x01bbf000
       45102000	      2153	8000038a	21158593	addi	x11,x11,529	 x11:0x01bbf000 x11=0x01bbf211
       45222000	      2159	8000038e	00003e17	auipc	x28,0x3	 x28=0x8000338e
       45522000	      2174	80000392	42ee0e13	addi	x28,x28,1070	 x28:0x8000338e x28=0x800037bc
       45542000	      2175	80000396	95f2	c.add	x11,x28	 x11:0x01bbf211 x28:0x800037bc x11=0x81bc29cd
       45562000	      2176	80000398	3b8595f3	csrrw	x11,pmpaddr8,x11	 x11:0x81bc29cd x11=0x20005abb
       45622000	      2179	8000039c	3b8595f3	csrrw	x11,pmpaddr8,x11	 x11:0x20005abb x11=0x81bc29cd
       45682000	      2182	800003a0	405f55b7	lui	x11,0x405f5	 x11=0x405f5000
       45702000	      2183	800003a4	94f58593	addi	x11,x11,-1713	 x11:0x405f5000 x11=0x405f494f
       45722000	      2184	800003a8	3a2595f3	csrrw	x11,pmpcfg2,x11	 x11:0x405f494f x11=0x0f0f0f0f
       45782000	      2187	800003ac	3a2595f3	csrrw	x11,pmpcfg2,x11	 x11:0x0f0f0f0f x11=0x001f090f
       46122000	      2204	800003b0	245605b7	lui	x11,0x24560	 x11=0x24560000
       46142000	      2205	800003b4	5c658593	addi	x11,x11,1478	 x11:0x24560000 x11=0x245605c6
       46162000	      2206	800003b8	00003e17	auipc	x28,0x3	 x28=0x800033b8
       46182000	      2207	800003bc	404e0e13	addi	x28,x28,1028	 x28:0x800033b8 x28=0x800037bc
       46202000	      2208	800003c0	95f2	c.add	x11,x28	 x11:0x245605c6 x28:0x800037bc x11=0xa4563d82
       46222000	      2209	800003c2	3b9595f3	csrrw	x11,pmpaddr9,x11	 x11:0xa4563d82 x11=0x20006454
       46282000	      2212	800003c6	3b9595f3	csrrw	x11,pmpaddr9,x11	 x11:0x20006454 x11=0xa4563d82
       46542000	      2225	800003ca	7f5f45b7	lui	x11,0x7f5f4	 x11=0x7f5f4000
       46602000	      2228	800003ce	c1158593	addi	x11,x11,-1007	 x11:0x7f5f4000 x11=0x7f5f3c11
       46622000	      2229	800003d2	3a2595f3	csrrw	x11,pmpcfg2,x11	 x11:0x7f5f3c11 x11=0x0f0f0f0f
       46682000	      2232	800003d6	3a2595f3	csrrw	x11,pmpcfg2,x11	 x11:0x0f0f0f0f x11=0x1f1f1c11
       46742000	      2235	800003da	2b28a5b7	lui	x11,0x2b28a	 x11=0x2b28a000
       46762000	      2236	800003de	5ca58593	addi	x11,x11,1482	 x11:0x2b28a000 x11=0x2b28a5ca
       46782000	      2237	800003e2	00003e17	auipc	x28,0x3	 x28=0x800033e2
       46802000	      2238	800003e6	3dae0e13	addi	x28,x28,986	 x28:0x800033e2 x28=0x800037bc
       46822000	      2239	800003ea	95f2	c.add	x11,x28	 x11:0x2b28a5ca x28:0x800037bc x11=0xab28dd86
       46842000	      2240	800003ec	3ba595f3	csrrw	x11,pmpaddr10,x11	 x11:0xab28dd86 x11=0x20006dee
       47022000	      2249	800003f0	3ba595f3	csrrw	x11,pmpaddr10,x11	 x11:0x20006dee x11=0xab28dd86
       47142000	      2255	800003f4	7d0125b7	lui	x11,0x7d012	 x11=0x7d012000
       47162000	      2256	800003f8	76358593	addi	x11,x11,1891	 x11:0x7d012000 x11=0x7d012763
       47182000	      2257	800003fc	3a2595f3	csrrw	x11,pmpcfg2,x11	 x11:0x7d012763 x11=0x0f0f0f0f
       47242000	      2260	80000400	3a2595f3	csrrw	x11,pmpcfg2,x11	 x11:0x0f0f0f0f x11=0x1d010703
       47362000	      2266	80000404	49f8d5b7	lui	x11,0x49f8d	 x11=0x49f8d000
       47382000	      2267	80000408	b5558593	addi	x11,x11,-1195	 x11:0x49f8d000 x11=0x49f8cb55
       47402000	      2268	8000040c	00003e17	auipc	x28,0x3	 x28=0x8000340c
       47822000	      2289	80000410	3b0e0e13	addi	x28,x28,944	 x28:0x8000340c x28=0x800037bc
       47882000	      2292	80000414	95f2	c.add	x11,x28	 x11:0x49f8cb55 x28:0x800037bc x11=0xc9f90311
       47962000	      2296	80000416	3bb595f3	csrrw	x11,pmpaddr11,x11	 x11:0xc9f90311 x11=0x20007787
       48022000	      2299	8000041a	3bb595f3	csrrw	x11,pmpaddr11,x11	 x11:0x20007787 x11=0xc9f90311
       48282000	      2312	8000041e	456525b7	lui	x11,0x45652	 x11=0x45652000
       48362000	      2316	80000422	05058593	addi	x11,x11,80	 x11:0x45652000 x11=0x45652050
       48462000	      2321	80000426	3a2595f3	csrrw	x11,pmpcfg2,x11	 x11:0x45652050 x11=0x0f0f0f0f
       48522000	      2324	8000042a	3a2595f3	csrrw	x11,pmpcfg2,x11	 x11:0x0f0f0f0f x11=0x05050010
       48582000	      2327	8000042e	4373b5b7	lui	x11,0x4373b	 x11=0x4373b000
       48602000	      2328	80000432	cbe58593	addi	x11,x11,-834	 x11:0x4373b000 x11=0x4373acbe
       48622000	      2329	80000436	00003e17	auipc	x28,0x3	 x28=0x80003436
       48982000	      2347	8000043a	386e0e13	addi	x28,x28,902	 x28:0x80003436 x28=0x800037bc
       49002000	      2348	8000043e	95f2	c.add	x11,x28	 x11:0x4373acbe x28:0x800037bc x11=0xc373e47a
       49022000	      2349	80000440	3bc595f3	csrrw	x11,pmpaddr12,x11	 x11:0xc373e47a x11=0x20008121
       49082000	      2352	80000444	3bc595f3	csrrw	x11,pmpaddr12,x11	 x11:0x20008121 x11=0xc373e47a
       49142000	      2355	80000448	110755b7	lui	x11,0x11075	 x11=0x11075000
       49462000	      2371	8000044c	d3f58593	addi	x11,x11,-705	 x11:0x11075000 x11=0x11074d3f
       49622000	      2379	80000450	3a3595f3	csrrw	x11,pmpcfg3,x11	 x11:0x11074d3f x11=0x0f0f0f0f
       49722000	      2384	80000454	3a3595f3	csrrw	x11,pmpcfg3,x11	 x11:0x0f0f0f0f x11=0x11070d1f
       49782000	      2387	80000458	5cc3c5b7	lui	x11,0x5cc3c	 x11=0x5cc3c000
       49802000	      2388	8000045c	d6a58593	addi	x11,x11,-662	 x11:0x5cc3c000 x11=0x5cc3bd6a
       49822000	      2389	80000460	00003e17	auipc	x28,0x3	 x28=0x80003460
       49982000	      2397	80000464	35ce0e13	addi	x28,x28,860	 x28:0x80003460 x28=0x800037bc
       50002000	      2398	80000468	95f2	c.add	x11,x28	 x11:0x5cc3bd6a x28:0x800037bc x11=0xdcc3f526
       50422000	      2419	8000046a	3bd595f3	csrrw	x11,pmpaddr13,x11	 x11:0xdcc3f526 x11=0x20008aba
       50842000	      2440	8000046e	3bd595f3	csrrw	x11,pmpaddr13,x11	 x11:0x20008aba x11=0xdcc3f526
       50902000	      2443	80000472	5f3d75b7	lui	x11,0x5f3d7	 x11=0x5f3d7000
       50922000	      2444	80000476	c0d58593	addi	x11,x11,-1011	 x11:0x5f3d7000 x11=0x5f3d6c0d
       50942000	      2445	8000047a	3a3595f3	csrrw	x11,pmpcfg3,x11	 x11:0x5f3d6c0d x11=0x0f0f0f0f
       51302000	      2463	8000047e	3a3595f3	csrrw	x11,pmpcfg3,x11	 x11:0x0f0f0f0f x11=0x1f1d0c0d
       51362000	      2466	80000482	50ef45b7	lui	x11,0x50ef4	 x11=0x50ef4000
       51402000	      2468	80000486	a7758593	addi	x11,x11,-1417	 x11:0x50ef4000 x11=0x50ef3a77
       51502000	      2473	8000048a	00003e17	auipc	x28,0x3	 x28=0x8000348a
       51522000	      2474	8000048e	332e0e13	addi	x28,x28,818	 x28:0x8000348a x28=0x800037bc
       51542000	      2475	80000492	95f2	c.add	x11,x28	 x11:0x50ef3a77 x28:0x800037bc x11=0xd0ef7233
       51562000	      2476	80000494	3be595f3	csrrw	x11,pmpaddr14,x11	 x11:0xd0ef7233 x11=0x20009454
       51622000	      2479	80000498	3be595f3	csrrw	x11,pmpaddr14,x11	 x11:0x20009454 x11=0xd0ef7233
       51682000	      2482	8000049c	7f0c25b7	lui	x11,0x7f0c2	 x11=0x7f0c2000
       51702000	      2483	800004a0	84f58593	addi	x11,x11,-1969	 x11:0x7f0c2000 x11=0x7f0c184f
       51722000	      2484	800004a4	3a3595f3	csrrw	x11,pmpcfg3,x11	 x11:0x7f0c184f x11=0x0f0f0f0f
       51782000	      2487	800004a8	3a3595f3	csrrw	x11,pmpcfg3,x11	 x11:0x0f0f0f0f x11=0x1f0c180f
       51922000	      2494	800004ac	1ff6f5b7	lui	x11,0x1ff6f	 x11=0x1ff6f000
       52162000	      2506	800004b0	02758593	addi	x11,x11,39	 x11:0x1ff6f000 x11=0x1ff6f027
       52402000	      2518	800004b4	00003e17	auipc	x28,0x3	 x28=0x800034b4
       52822000	      2539	800004b8	308e0e13	addi	x28,x28,776	 x28:0x800034b4 x28=0x800037bc
       52982000	      2547	800004bc	95f2	c.add	x11,x28	 x11:0x1ff6f027 x28:0x800037bc x11=0x9ff727e3
       53062000	      2551	800004be	3bf595f3	csrrw	x11,pmpaddr15,x11	 x11:0x9ff727e3 x11=0x20009ded
       53242000	      2560	800004c2	3bf595f3	csrrw	x11,pmpaddr15,x11	 x11:0x20009ded x11=0x9ff727e3
       53302000	      2563	800004c6	2d0085b7	lui	x11,0x2d008	 x11=0x2d008000
       53322000	      2564	800004ca	87758593	addi	x11,x11,-1929	 x11:0x2d008000 x11=0x2d007877
       53342000	      2565	800004ce	3a3595f3	csrrw	x11,pmpcfg3,x11	 x11:0x2d007877 x11=0x0f0f0f0f
       53402000	      2568	800004d2	3a3595f3	csrrw	x11,pmpcfg3,x11	 x11:0x0f0f0f0f x11=0x0d001817
       53462000	      2571	800004d6	00000d97	auipc	x27,0x0	 x27=0x800004d6
       53482000	      2572	800004da	062d8d93	addi	x27,x27,98	 x27:0x800004d6 x27=0x80000538
       53502000	      2573	800004de	341d9073	csrrw	x0,mepc,x27	 x27:0x80000538  x0=0x00000000
       53522000	      2574	800004e2	7c00d073	csrrwi	x0,0x7c0,1	  x0=0x00000000
       53582000	      2577	800004e6	00020db7	lui	x27,0x20	 x27=0x00020000
       53602000	      2578	800004ea	300d9073	csrrw	x0,mstatus,x27	 x27:0x00020000  x0=0x00000000
       53662000	      2581	800004ee	4d81	c.li	x27,0	 x27=0x00000000
       53962000	      2596	800004f0	304d9073	csrrw	x0,mie,x27	 x27:0x00000000  x0=0x00000000
       54022000	      2599	800004f4	90000d37	lui	x26,0x90000	 x26=0x90000000
       54142000	      2605	800004f8	1d71	c.addi	x26,-4	 x26:0x90000000 x26=0x8ffffffc
       54162000	      2606	800004fa	90000d37	lui	x26,0x90000	 x26=0x90000000
       54182000	      2607	800004fe	1d71	c.addi	x26,-4	 x26:0x90000000 x26=0x8ffffffc
       54202000	      2608	80000500	90000d37	lui	x26,0x90000	 x26=0x90000000
       54222000	      2609	80000504	1d71	c.addi	x26,-4	 x26:0x90000000 x26=0x8ffffffc
       54262000	      2611	80000506	30000d93	addi	x27,x0,768	  x0:0x00000000 x27=0x00000300
       54282000	      2612	8000050a	0da2	c.slli	x27,0x8	 x27:0x00000300 x27=0x00030000
       54302000	      2613	8000050c	0d8d	c.addi	x27,3	 x27:0x00030000 x27=0x00030003
       54702000	      2633	8000050e	01bd2023	sw	x27,0(x26)	 x26:0x8ffffffc x27:0x00030003 PA:0x8ffffffc store:0x00030003 load:0xxxxxxxxx
       55662000	      2681	80002a00	0800006f	jal	x0,80002a80	  x0=0x00000000
       55902000	      2693	80002a80	16f1	c.addi	x13,-4	 x13:0x8002cce4 x13=0x8002cce0
       56482000	      2722	80002a82	0176a023	sw	x23,0(x13)	 x13:0x8002cce0 x23:0x00000000 PA:0x8002cce0 store:0x00000000 load:0xffffffff
       56502000	      2723	80002a86	00068bb3	add	x23,x13,x0	 x13:0x8002cce0  x0:0x00000000 x23=0x8002cce0
       56522000	      2724	80002a8a	f80b8b93	addi	x23,x23,-128	 x23:0x8002cce0 x23=0x8002cc60
       56982000	      2747	80002a8e	001ba223	sw	x1,4(x23)	 x23:0x8002cc60  x1:0x00000000 PA:0x8002cc64 store:0x00000000 load:0xffffffff
       57042000	      2750	80002a92	002ba423	sw	x2,8(x23)	 x23:0x8002cc60  x2:0x00000000 PA:0x8002cc68 store:0x00000000 load:0xffffffff
       57062000	      2751	80002a96	003ba623	sw	x3,12(x23)	 x23:0x8002cc60  x3:0x00000000 PA:0x8002cc6c store:0x00000000 load:0xffffffff
       57682000	      2782	80002a9a	004ba823	sw	x4,16(x23)	 x23:0x8002cc60  x4:0x00000000 PA:0x8002cc70 store:0x00000000 load:0xffffffff
       57742000	      2785	80002a9e	005baa23	sw	x5,20(x23)	 x23:0x8002cc60  x5:0x00000000 PA:0x8002cc74 store:0x00000000 load:0xffffffff
       57762000	      2786	80002aa2	006bac23	sw	x6,24(x23)	 x23:0x8002cc60  x6:0x00000000 PA:0x8002cc78 store:0x00000000 load:0xffffffff
       57782000	      2787	80002aa6	007bae23	sw	x7,28(x23)	 x23:0x8002cc60  x7:0x00000000 PA:0x8002cc7c store:0x00000000 load:0xffffffff
       58062000	      2801	80002aaa	028ba023	sw	x8,32(x23)	 x23:0x8002cc60  x8:0x00000000 PA:0x8002cc80 store:0x00000000 load:0xffffffff
       58122000	      2804	80002aae	029ba223	sw	x9,36(x23)	 x23:0x8002cc60  x9:0x00000000 PA:0x8002cc84 store:0x00000000 load:0xffffffff
       59002000	      2848	80002ab2	02aba423	sw	x10,40(x23)	 x23:0x8002cc60 x10:0x00000000 PA:0x8002cc88 store:0x00000000 load:0xffffffff
       59242000	      2860	80002ab6	02bba623	sw	x11,44(x23)	 x23:0x8002cc60 x11:0x0d001817 PA:0x8002cc8c store:0x0d001817 load:0xffffffff
       59302000	      2863	80002aba	02cba823	sw	x12,48(x23)	 x23:0x8002cc60 x12:0x00000000 PA:0x8002cc90 store:0x00000000 load:0xffffffff
       59762000	      2886	80002abe	02dbaa23	sw	x13,52(x23)	 x23:0x8002cc60 x13:0x8002cce0 PA:0x8002cc94 store:0x8002cce0 load:0xffffffff
       60222000	      2909	80002ac2	02ebac23	sw	x14,56(x23)	 x23:0x8002cc60 x14:0x00000000 PA:0x8002cc98 store:0x00000000 load:0xffffffff
       60462000	      2921	80002ac6	02fbae23	sw	x15,60(x23)	 x23:0x8002cc60 x15:0x00000000 PA:0x8002cc9c store:0x00000000 load:0xffffffff
       60642000	      2930	80002aca	050ba023	sw	x16,64(x23)	 x23:0x8002cc60 x16:0x00000000 PA:0x8002cca0 store:0x00000000 load:0xffffffff
       60742000	      2935	80002ace	051ba223	sw	x17,68(x23)	 x23:0x8002cc60 x17:0x00000000 PA:0x8002cca4 store:0x00000000 load:0xffffffff
       60762000	      2936	80002ad2	052ba423	sw	x18,72(x23)	 x23:0x8002cc60 x18:0x00000000 PA:0x8002cca8 store:0x00000000 load:0xffffffff
       60782000	      2937	80002ad6	053ba623	sw	x19,76(x23)	 x23:0x8002cc60 x19:0x00000000 PA:0x8002ccac store:0x00000000 load:0xffffffff
       61302000	      2963	80002ada	054ba823	sw	x20,80(x23)	 x23:0x8002cc60 x20:0x00000000 PA:0x8002ccb0 store:0x00000000 load:0xffffffff
       61362000	      2966	80002ade	055baa23	sw	x21,84(x23)	 x23:0x8002cc60 x21:0x00000000 PA:0x8002ccb4 store:0x00000000 load:0xffffffff
       61782000	      2987	80002ae2	056bac23	sw	x22,88(x23)	 x23:0x8002cc60 x22:0x00000000 PA:0x8002ccb8 store:0x00000000 load:0xffffffff
       61882000	      2992	80002ae6	057bae23	sw	x23,92(x23)	 x23:0x8002cc60 x23:0x8002cc60 PA:0x8002ccbc store:0x8002cc60 load:0xffffffff
       62342000	      3015	80002aea	078ba023	sw	x24,96(x23)	 x23:0x8002cc60 x24:0x00000000 PA:0x8002ccc0 store:0x00000000 load:0xffffffff
       62602000	      3028	80002aee	079ba223	sw	x25,100(x23)	 x23:0x8002cc60 x25:0x00000000 PA:0x8002ccc4 store:0x00000000 load:0xffffffff
       63022000	      3049	80002af2	07aba423	sw	x26,104(x23)	 x23:0x8002cc60 x26:0x8ffffffc PA:0x8002ccc8 store:0x8ffffffc load:0xffffffff
       63082000	      3052	80002af6	07bba623	sw	x27,108(x23)	 x23:0x8002cc60 x27:0x00030003 PA:0x8002cccc store:0x00030003 load:0xffffffff
       63102000	      3053	80002afa	07cba823	sw	x28,112(x23)	 x23:0x8002cc60 x28:0x800037bc PA:0x8002ccd0 store:0x800037bc load:0xffffffff
       63122000	      3054	80002afe	07dbaa23	sw	x29,116(x23)	 x23:0x8002cc60 x29:0x00000000 PA:0x8002ccd4 store:0x00000000 load:0xffffffff
       63282000	      3062	80002b02	07ebac23	sw	x30,120(x23)	 x23:0x8002cc60 x30:0x00000000 PA:0x8002ccd8 store:0x00000000 load:0xffffffff
       63562000	      3076	80002b06	07fbae23	sw	x31,124(x23)	 x23:0x8002cc60 x31:0x00000000 PA:0x8002ccdc store:0x00000000 load:0xffffffff
       63582000	      3077	80002b0a	000b86b3	add	x13,x23,x0	 x23:0x8002cc60  x0:0x00000000 x13=0x8002cc60
       63602000	      3078	80002b0e	90000d37	lui	x26,0x90000	 x26=0x90000000
       63622000	      3079	80002b12	1d71	c.addi	x26,-4	 x26:0x90000000 x26=0x8ffffffc
       63642000	      3080	80002b14	4da1	c.li	x27,8	 x27=0x00000008
       63662000	      3081	80002b16	0da2	c.slli	x27,0x8	 x27:0x00000008 x27=0x00000800
       63682000	      3082	80002b18	000d8d93	addi	x27,x27,0	 x27:0x00000800 x27=0x00000800
       63742000	      3085	80002b1c	01bd2023	sw	x27,0(x26)	 x26:0x8ffffffc x27:0x00000800 PA:0x8ffffffc store:0x00000800 load:0xffffffff
       63762000	      3086	80002b20	34102df3	csrrs	x27,mepc,x0	  x0:0x00000000 x27=0x8000050e
       63782000	      3087	80002b24	34202df3	csrrs	x27,mcause,x0	  x0:0x00000000 x27=0x00000007
       63842000	      3090	80002b28	4d0d	c.li	x26,3	 x26=0x00000003
       64022000	      3099	80002b2a	01ad9463	bne	x27,x26,80002b32	 x27:0x00000007 x26:0x00000003
       64902000	      3143	80002b32	4d21	c.li	x26,8	 x26=0x00000008
       64962000	      3146	80002b34	05ad8d63	beq	x27,x26,80002b8e	 x27:0x00000007 x26:0x00000008
       65142000	      3155	80002b38	4d25	c.li	x26,9	 x26=0x00000009
       65162000	      3156	80002b3a	05ad8a63	beq	x27,x26,80002b8e	 x27:0x00000007 x26:0x00000009
       65182000	      3157	80002b3e	4d2d	c.li	x26,11	 x26=0x0000000b
       65202000	      3158	80002b40	05ad8763	beq	x27,x26,80002b8e	 x27:0x00000007 x26:0x0000000b
       65222000	      3159	80002b44	4d05	c.li	x26,1	 x26=0x00000001
       65502000	      3173	80002b46	35ad8363	beq	x27,x26,80002e8c	 x27:0x00000007 x26:0x00000001
       65522000	      3174	80002b4a	4d15	c.li	x26,5	 x26=0x00000005
       65682000	      3182	80002b4c	63ad8a63	beq	x27,x26,80003180	 x27:0x00000007 x26:0x00000005
       65742000	      3185	80002b50	4d1d	c.li	x26,7	 x26=0x00000007
       65762000	      3186	80002b52	15ad8ce3	beq	x27,x26,800034aa	 x27:0x00000007 x26:0x00000007
       66062000	      3201	800034aa	90000d37	lui	x26,0x90000	 x26=0x90000000
       66082000	      3202	800034ae	1d71	c.addi	x26,-4	 x26:0x90000000 x26=0x8ffffffc
       66102000	      3203	800034b0	4db1	c.li	x27,12	 x27=0x0000000c
       66122000	      3204	800034b2	0da2	c.slli	x27,0x8	 x27:0x0000000c x27=0x00000c00
       66242000	      3210	800034b4	000d8d93	addi	x27,x27,0	 x27:0x00000c00 x27=0x00000c00
       66662000	      3231	800034b8	01bd2023	sw	x27,0(x26)	 x26:0x8ffffffc x27:0x00000c00 PA:0x8ffffffc store:0x00000c00 load:0xffffffff
       66682000	      3232	800034bc	90000d37	lui	x26,0x90000	 x26=0x90000000
       66702000	      3233	800034c0	1d71	c.addi	x26,-4	 x26:0x90000000 x26=0x8ffffffc
       66822000	      3239	800034c2	34200d93	addi	x27,x0,834	  x0:0x00000000 x27=0x00000342
       66842000	      3240	800034c6	0da2	c.slli	x27,0x8	 x27:0x00000342 x27=0x00034200
       66862000	      3241	800034c8	0d8d	c.addi	x27,3	 x27:0x00034200 x27=0x00034203
       67262000	      3261	800034ca	01bd2023	sw	x27,0(x26)	 x26:0x8ffffffc x27:0x00034203 PA:0x8ffffffc store:0x00034203 load:0xffffffff
       67582000	      3277	800034ce	34202df3	csrrs	x27,mcause,x0	  x0:0x00000000 x27=0x00000007
       68042000	      3300	800034d2	01bd2023	sw	x27,0(x26)	 x26:0x8ffffffc x27:0x00000007 PA:0x8ffffffc store:0x00000007 load:0xffffffff
       68062000	      3301	800034d6	4d81	c.li	x27,0	 x27=0x00000000
       68082000	      3302	800034d8	83ee	c.mv	x7,x27	  x0:0x00000000 x27:0x00000000  x7=0x00000000
       68102000	      3303	800034da	4e01	c.li	x28,0	 x28=0x00000000
       68122000	      3304	800034dc	8d9e	c.mv	x27,x7	  x0:0x00000000  x7:0x00000000 x27=0x00000000
       68142000	      3305	800034de	85ee	c.mv	x11,x27	  x0:0x00000000 x27:0x00000000 x11=0x00000000
       68162000	      3306	800034e0	4581	c.li	x11,0	 x11=0x00000000
       68182000	      3307	800034e2	04bd8f63	beq	x27,x11,80003540	 x27:0x00000000 x11:0x00000000
       68922000	      3344	80003540	3b002d73	csrrs	x26,pmpaddr0,x0	  x0:0x00000000 x26=0x20000def
       69062000	      3351	80003544	3a002c73	csrrs	x24,pmpcfg0,x0	  x0:0x00000000 x24=0x0f0f0f0f
       69082000	      3352	80003548	a861	c.j	800035e0	
       76882000	      3742	800035e0	4411	c.li	x8,4	  x8=0x00000004
       76902000	      3743	800035e2	01e39d93	slli	x27,x7,0x1e	  x7:0x00000000 x27=0x00000000
       76922000	      3744	800035e6	01eddd93	srli	x27,x27,0x1e	 x27:0x00000000 x27=0x00000000
       76942000	      3745	800035ea	41b405b3	sub	x11,x8,x27	  x8:0x00000004 x27:0x00000000 x11=0x00000004
       76962000	      3746	800035ee	15fd	c.addi	x11,-1	 x11:0x00000004 x11=0x00000003
       76982000	      3747	800035f0	058e	c.slli	x11,0x3	 x11:0x00000003 x11=0x00000018
       77002000	      3748	800035f2	00bc1433	sll	x8,x24,x11	 x24:0x0f0f0f0f x11:0x00000018  x8=0x0f000000
       77022000	      3749	800035f6	0d8e	c.slli	x27,0x3	 x27:0x00000000 x27=0x00000000
       77042000	      3750	800035f8	95ee	c.add	x11,x27	 x11:0x00000018 x27:0x00000000 x11=0x00000018
       77062000	      3751	800035fa	00b45433	srl	x8,x8,x11	  x8:0x0f000000 x11:0x00000018  x8=0x0000000f
       77082000	      3752	800035fe	01b41593	slli	x11,x8,0x1b	  x8:0x0000000f x11=0x78000000
       77102000	      3753	80003602	81f9	c.srli	x11,0x1e	 x11:0x78000000 x11=0x00000001
       77182000	      3757	80003604	c5a1	c.beqz	x11,8000364c	 x11:0x00000001
       77202000	      3758	80003606	4d85	c.li	x27,1	 x27=0x00000001
       77222000	      3759	80003608	05b58363	beq	x11,x27,8000364e	 x11:0x00000001 x27:0x00000001
       77322000	      3764	8000364e	8d9e	c.mv	x27,x7	  x0:0x00000000  x7:0x00000000 x27=0x00000000
       77762000	      3786	80003650	343025f3	csrrs	x11,mtval,x0	  x0:0x00000000 x11=0x8ffffffc
       77782000	      3787	80003654	8189	c.srli	x11,0x2	 x11:0x8ffffffc x11=0x23ffffff
       77802000	      3788	80003656	000d9563	bne	x27,x0,80003660	 x27:0x00000000  x0:0x00000000
       77942000	      3795	8000365a	fc05c5e3	blt	x11,x0,80003624	 x11:0x23ffffff  x0:0x00000000
       77962000	      3796	8000365e	a019	c.j	80003664	
       78722000	      3834	80003664	fda5f0e3	bgeu	x11,x26,80003624	 x11:0x23ffffff x26:0x20000def
       79382000	      3867	80003624	8d9e	c.mv	x27,x7	  x0:0x00000000  x7:0x00000000 x27=0x00000000
       79402000	      3868	80003626	8e6a	c.mv	x28,x26	  x0:0x00000000 x26:0x20000def x28=0x20000def
       79582000	      3877	80003628	0d85	c.addi	x27,1	 x27:0x00000000 x27=0x00000001
       79602000	      3878	8000362a	83ee	c.mv	x7,x27	  x0:0x00000000 x27:0x00000001  x7=0x00000001
       79622000	      3879	8000362c	4d41	c.li	x26,16	 x26=0x00000010
       79642000	      3880	8000362e	01add363	bge	x27,x26,80003634	 x27:0x00000001 x26:0x00000010
       79662000	      3881	80003632	b56d	c.j	800034dc	
       79702000	      3883	800034dc	8d9e	c.mv	x27,x7	  x0:0x00000000  x7:0x00000001 x27=0x00000001
       79722000	      3884	800034de	85ee	c.mv	x11,x27	  x0:0x00000000 x27:0x00000001 x11=0x00000001
       79742000	      3885	800034e0	4581	c.li	x11,0	 x11=0x00000000
       79762000	      3886	800034e2	04bd8f63	beq	x27,x11,80003540	 x27:0x00000001 x11:0x00000000
       79782000	      3887	800034e6	4585	c.li	x11,1	 x11=0x00000001
       79802000	      3888	800034e8	06bd8163	beq	x27,x11,8000354a	 x27:0x00000001 x11:0x00000001
       79882000	      3892	8000354a	3b102d73	csrrs	x26,pmpaddr1,x0	  x0:0x00000000 x26=0x20001788
       79902000	      3893	8000354e	3a002c73	csrrs	x24,pmpcfg0,x0	  x0:0x00000000 x24=0x0f0f0f0f
       79922000	      3894	80003552	a079	c.j	800035e0	
       79982000	      3897	800035e0	4411	c.li	x8,4	  x8=0x00000004
       80002000	      3898	800035e2	01e39d93	slli	x27,x7,0x1e	  x7:0x00000001 x27=0x40000000
       80062000	      3901	800035e6	01eddd93	srli	x27,x27,0x1e	 x27:0x40000000 x27=0x00000001
       80082000	      3902	800035ea	41b405b3	sub	x11,x8,x27	  x8:0x00000004 x27:0x00000001 x11=0x00000003
       80102000	      3903	800035ee	15fd	c.addi	x11,-1	 x11:0x00000003 x11=0x00000002
       80142000	      3905	800035f0	058e	c.slli	x11,0x3	 x11:0x00000002 x11=0x00000010
       80162000	      3906	800035f2	00bc1433	sll	x8,x24,x11	 x24:0x0f0f0f0f x11:0x00000010  x8=0x0f0f0000
       80182000	      3907	800035f6	0d8e	c.slli	x27,0x3	 x27:0x00000001 x27=0x00000008
       80202000	      3908	800035f8	95ee	c.add	x11,x27	 x11:0x00000010 x27:0x00000008 x11=0x00000018
       80222000	      3909	800035fa	00b45433	srl	x8,x8,x11	  x8:0x0f0f0000 x11:0x00000018  x8=0x0000000f
       80242000	      3910	800035fe	01b41593	slli	x11,x8,0x1b	  x8:0x0000000f x11=0x78000000
       80262000	      3911	80003602	81f9	c.srli	x11,0x1e	 x11:0x78000000 x11=0x00000001
       80282000	      3912	80003604	c5a1	c.beqz	x11,8000364c	 x11:0x00000001
       80302000	      3913	80003606	4d85	c.li	x27,1	 x27=0x00000001
       80322000	      3914	80003608	05b58363	beq	x11,x27,8000364e	 x11:0x00000001 x27:0x00000001
       80382000	      3917	8000364e	8d9e	c.mv	x27,x7	  x0:0x00000000  x7:0x00000001 x27=0x00000001
       80402000	      3918	80003650	343025f3	csrrs	x11,mtval,x0	  x0:0x00000000 x11=0x8ffffffc
       80422000	      3919	80003654	8189	c.srli	x11,0x2	 x11:0x8ffffffc x11=0x23ffffff
       80442000	      3920	80003656	000d9563	bne	x27,x0,80003660	 x27:0x00000001  x0:0x00000000
       80482000	      3922	80003660	fdc5e2e3	bltu	x11,x28,80003624	 x11:0x23ffffff x28:0x20000def
       80502000	      3923	80003664	fda5f0e3	bgeu	x11,x26,80003624	 x11:0x23ffffff x26:0x20001788
       80542000	      3925	80003624	8d9e	c.mv	x27,x7	  x0:0x00000000  x7:0x00000001 x27=0x00000001
       80562000	      3926	80003626	8e6a	c.mv	x28,x26	  x0:0x00000000 x26:0x20001788 x28=0x20001788
       80582000	      3927	80003628	0d85	c.addi	x27,1	 x27:0x00000001 x27=0x00000002
       80602000	      3928	8000362a	83ee	c.mv	x7,x27	  x0:0x00000000 x27:0x00000002  x7=0x00000002
       80622000	      3929	8000362c	4d41	c.li	x26,16	 x26=0x00000010
       80642000	      3930	8000362e	01add363	bge	x27,x26,80003634	 x27:0x00000002 x26:0x00000010
       80662000	      3931	80003632	b56d	c.j	800034dc	
       80702000	      3933	800034dc	8d9e	c.mv	x27,x7	  x0:0x00000000  x7:0x00000002 x27=0x00000002
       80722000	      3934	800034de	85ee	c.mv	x11,x27	  x0:0x00000000 x27:0x00000002 x11=0x00000002
       80742000	      3935	800034e0	4581	c.li	x11,0	 x11=0x00000000
       80762000	      3936	800034e2	04bd8f63	beq	x27,x11,80003540	 x27:0x00000002 x11:0x00000000
       80782000	      3937	800034e6	4585	c.li	x11,1	 x11=0x00000001
       80802000	      3938	800034e8	06bd8163	beq	x27,x11,8000354a	 x27:0x00000002 x11:0x00000001
       80822000	      3939	800034ec	4589	c.li	x11,2	 x11=0x00000002
       80842000	      3940	800034ee	06bd8363	beq	x27,x11,80003554	 x27:0x00000002 x11:0x00000002
       80882000	      3942	80003554	3b202d73	csrrs	x26,pmpaddr2,x0	  x0:0x00000000 x26=0x20002122
       80902000	      3943	80003558	3a002c73	csrrs	x24,pmpcfg0,x0	  x0:0x00000000 x24=0x0f0f0f0f
       80922000	      3944	8000355c	a051	c.j	800035e0	
       80982000	      3947	800035e0	4411	c.li	x8,4	  x8=0x00000004
       81002000	      3948	800035e2	01e39d93	slli	x27,x7,0x1e	  x7:0x00000002 x27=0x80000000
       81022000	      3949	800035e6	01eddd93	srli	x27,x27,0x1e	 x27:0x80000000 x27=0x00000002
       81042000	      3950	800035ea	41b405b3	sub	x11,x8,x27	  x8:0x00000004 x27:0x00000002 x11=0x00000002
       81062000	      3951	800035ee	15fd	c.addi	x11,-1	 x11:0x00000002 x11=0x00000001
       81082000	      3952	800035f0	058e	c.slli	x11,0x3	 x11:0x00000001 x11=0x00000008
       81102000	      3953	800035f2	00bc1433	sll	x8,x24,x11	 x24:0x0f0f0f0f x11:0x00000008  x8=0x0f0f0f00
       81122000	      3954	800035f6	0d8e	c.slli	x27,0x3	 x27:0x00000002 x27=0x00000010
       81142000	      3955	800035f8	95ee	c.add	x11,x27	 x11:0x00000008 x27:0x00000010 x11=0x00000018
       81162000	      3956	800035fa	00b45433	srl	x8,x8,x11	  x8:0x0f0f0f00 x11:0x00000018  x8=0x0000000f
       81182000	      3957	800035fe	01b41593	slli	x11,x8,0x1b	  x8:0x0000000f x11=0x78000000
       81202000	      3958	80003602	81f9	c.srli	x11,0x1e	 x11:0x78000000 x11=0x00000001
       81222000	      3959	80003604	c5a1	c.beqz	x11,8000364c	 x11:0x00000001
       81242000	      3960	80003606	4d85	c.li	x27,1	 x27=0x00000001
       81262000	      3961	80003608	05b58363	beq	x11,x27,8000364e	 x11:0x00000001 x27:0x00000001
       81302000	      3963	8000364e	8d9e	c.mv	x27,x7	  x0:0x00000000  x7:0x00000002 x27=0x00000002
       81322000	      3964	80003650	343025f3	csrrs	x11,mtval,x0	  x0:0x00000000 x11=0x8ffffffc
       81342000	      3965	80003654	8189	c.srli	x11,0x2	 x11:0x8ffffffc x11=0x23ffffff
       81362000	      3966	80003656	000d9563	bne	x27,x0,80003660	 x27:0x00000002  x0:0x00000000
       81402000	      3968	80003660	fdc5e2e3	bltu	x11,x28,80003624	 x11:0x23ffffff x28:0x20001788
       81422000	      3969	80003664	fda5f0e3	bgeu	x11,x26,80003624	 x11:0x23ffffff x26:0x20002122
       81482000	      3972	80003624	8d9e	c.mv	x27,x7	  x0:0x00000000  x7:0x00000002 x27=0x00000002
       81502000	      3973	80003626	8e6a	c.mv	x28,x26	  x0:0x00000000 x26:0x20002122 x28=0x20002122
       81522000	      3974	80003628	0d85	c.addi	x27,1	 x27:0x00000002 x27=0x00000003
       81542000	      3975	8000362a	83ee	c.mv	x7,x27	  x0:0x00000000 x27:0x00000003  x7=0x00000003
       81562000	      3976	8000362c	4d41	c.li	x26,16	 x26=0x00000010
       81582000	      3977	8000362e	01add363	bge	x27,x26,80003634	 x27:0x00000003 x26:0x00000010
       81602000	      3978	80003632	b56d	c.j	800034dc	
       81662000	      3981	800034dc	8d9e	c.mv	x27,x7	  x0:0x00000000  x7:0x00000003 x27=0x00000003
       81682000	      3982	800034de	85ee	c.mv	x11,x27	  x0:0x00000000 x27:0x00000003 x11=0x00000003
       81702000	      3983	800034e0	4581	c.li	x11,0	 x11=0x00000000
       81722000	      3984	800034e2	04bd8f63	beq	x27,x11,80003540	 x27:0x00000003 x11:0x00000000
       81742000	      3985	800034e6	4585	c.li	x11,1	 x11=0x00000001
       81762000	      3986	800034e8	06bd8163	beq	x27,x11,8000354a	 x27:0x00000003 x11:0x00000001
       81782000	      3987	800034ec	4589	c.li	x11,2	 x11=0x00000002
       81802000	      3988	800034ee	06bd8363	beq	x27,x11,80003554	 x27:0x00000003 x11:0x00000002
       81822000	      3989	800034f2	458d	c.li	x11,3	 x11=0x00000003
       81842000	      3990	800034f4	06bd8563	beq	x27,x11,8000355e	 x27:0x00000003 x11:0x00000003
       81902000	      3993	8000355e	3b302d73	csrrs	x26,pmpaddr3,x0	  x0:0x00000000 x26=0x20002abb
       81922000	      3994	80003562	3a002c73	csrrs	x24,pmpcfg0,x0	  x0:0x00000000 x24=0x0f0f0f0f
       81942000	      3995	80003566	a8ad	c.j	800035e0	
       81982000	      3997	800035e0	4411	c.li	x8,4	  x8=0x00000004
       82002000	      3998	800035e2	01e39d93	slli	x27,x7,0x1e	  x7:0x00000003 x27=0xc0000000
       82062000	      4001	800035e6	01eddd93	srli	x27,x27,0x1e	 x27:0xc0000000 x27=0x00000003
       82082000	      4002	800035ea	41b405b3	sub	x11,x8,x27	  x8:0x00000004 x27:0x00000003 x11=0x00000001
       82102000	      4003	800035ee	15fd	c.addi	x11,-1	 x11:0x00000001 x11=0x00000000
       82142000	      4005	800035f0	058e	c.slli	x11,0x3	 x11:0x00000000 x11=0x00000000
       82162000	      4006	800035f2	00bc1433	sll	x8,x24,x11	 x24:0x0f0f0f0f x11:0x00000000  x8=0x0f0f0f0f
       82182000	      4007	800035f6	0d8e	c.slli	x27,0x3	 x27:0x00000003 x27=0x00000018
       82202000	      4008	800035f8	95ee	c.add	x11,x27	 x11:0x00000000 x27:0x00000018 x11=0x00000018
       82222000	      4009	800035fa	00b45433	srl	x8,x8,x11	  x8:0x0f0f0f0f x11:0x00000018  x8=0x0000000f
       82242000	      4010	800035fe	01b41593	slli	x11,x8,0x1b	  x8:0x0000000f x11=0x78000000
       82262000	      4011	80003602	81f9	c.srli	x11,0x1e	 x11:0x78000000 x11=0x00000001
       82282000	      4012	80003604	c5a1	c.beqz	x11,8000364c	 x11:0x00000001
       82302000	      4013	80003606	4d85	c.li	x27,1	 x27=0x00000001
       82322000	      4014	80003608	05b58363	beq	x11,x27,8000364e	 x11:0x00000001 x27:0x00000001
       82362000	      4016	8000364e	8d9e	c.mv	x27,x7	  x0:0x00000000  x7:0x00000003 x27=0x00000003
       82382000	      4017	80003650	343025f3	csrrs	x11,mtval,x0	  x0:0x00000000 x11=0x8ffffffc
       82402000	      4018	80003654	8189	c.srli	x11,0x2	 x11:0x8ffffffc x11=0x23ffffff
       82422000	      4019	80003656	000d9563	bne	x27,x0,80003660	 x27:0x00000003  x0:0x00000000
       82462000	      4021	80003660	fdc5e2e3	bltu	x11,x28,80003624	 x11:0x23ffffff x28:0x20002122
       82482000	      4022	80003664	fda5f0e3	bgeu	x11,x26,80003624	 x11:0x23ffffff x26:0x20002abb
       82522000	      4024	80003624	8d9e	c.mv	x27,x7	  x0:0x00000000  x7:0x00000003 x27=0x00000003
       82542000	      4025	80003626	8e6a	c.mv	x28,x26	  x0:0x00000000 x26:0x20002abb x28=0x20002abb
       82562000	      4026	80003628	0d85	c.addi	x27,1	 x27:0x00000003 x27=0x00000004
       82582000	      4027	8000362a	83ee	c.mv	x7,x27	  x0:0x00000000 x27:0x00000004  x7=0x00000004
       82602000	      4028	8000362c	4d41	c.li	x26,16	 x26=0x00000010
       82622000	      4029	8000362e	01add363	bge	x27,x26,80003634	 x27:0x00000004 x26:0x00000010
       82642000	      4030	80003632	b56d	c.j	800034dc	
       82702000	      4033	800034dc	8d9e	c.mv	x27,x7	  x0:0x00000000  x7:0x00000004 x27=0x00000004
       82722000	      4034	800034de	85ee	c.mv	x11,x27	  x0:0x00000000 x27:0x00000004 x11=0x00000004
       82742000	      4035	800034e0	4581	c.li	x11,0	 x11=0x00000000
       82762000	      4036	800034e2	04bd8f63	beq	x27,x11,80003540	 x27:0x00000004 x11:0x00000000
       82782000	      4037	800034e6	4585	c.li	x11,1	 x11=0x00000001
       82802000	      4038	800034e8	06bd8163	beq	x27,x11,8000354a	 x27:0x00000004 x11:0x00000001
       82822000	      4039	800034ec	4589	c.li	x11,2	 x11=0x00000002
       82842000	      4040	800034ee	06bd8363	beq	x27,x11,80003554	 x27:0x00000004 x11:0x00000002
       82862000	      4041	800034f2	458d	c.li	x11,3	 x11=0x00000003
       82882000	      4042	800034f4	06bd8563	beq	x27,x11,8000355e	 x27:0x00000004 x11:0x00000003
       82902000	      4043	800034f8	4591	c.li	x11,4	 x11=0x00000004
       82922000	      4044	800034fa	06bd8763	beq	x27,x11,80003568	 x27:0x00000004 x11:0x00000004
       82962000	      4046	80003568	3b402d73	csrrs	x26,pmpaddr4,x0	  x0:0x00000000 x26=0x20003455
       82982000	      4047	8000356c	3a102c73	csrrs	x24,pmpcfg1,x0	  x0:0x00000000 x24=0x0f0f0f0f
       83002000	      4048	80003570	a885	c.j	800035e0	
       83042000	      4050	800035e0	4411	c.li	x8,4	  x8=0x00000004
       83062000	      4051	800035e2	01e39d93	slli	x27,x7,0x1e	  x7:0x00000004 x27=0x00000000
       83082000	      4052	800035e6	01eddd93	srli	x27,x27,0x1e	 x27:0x00000000 x27=0x00000000
       83102000	      4053	800035ea	41b405b3	sub	x11,x8,x27	  x8:0x00000004 x27:0x00000000 x11=0x00000004
       83122000	      4054	800035ee	15fd	c.addi	x11,-1	 x11:0x00000004 x11=0x00000003
       83142000	      4055	800035f0	058e	c.slli	x11,0x3	 x11:0x00000003 x11=0x00000018
       83162000	      4056	800035f2	00bc1433	sll	x8,x24,x11	 x24:0x0f0f0f0f x11:0x00000018  x8=0x0f000000
       83182000	      4057	800035f6	0d8e	c.slli	x27,0x3	 x27:0x00000000 x27=0x00000000
       83202000	      4058	800035f8	95ee	c.add	x11,x27	 x11:0x00000018 x27:0x00000000 x11=0x00000018
       83222000	      4059	800035fa	00b45433	srl	x8,x8,x11	  x8:0x0f000000 x11:0x00000018  x8=0x0000000f
       83242000	      4060	800035fe	01b41593	slli	x11,x8,0x1b	  x8:0x0000000f x11=0x78000000
       83262000	      4061	80003602	81f9	c.srli	x11,0x1e	 x11:0x78000000 x11=0x00000001
       83282000	      4062	80003604	c5a1	c.beqz	x11,8000364c	 x11:0x00000001
       83302000	      4063	80003606	4d85	c.li	x27,1	 x27=0x00000001
       83322000	      4064	80003608	05b58363	beq	x11,x27,8000364e	 x11:0x00000001 x27:0x00000001
       83362000	      4066	8000364e	8d9e	c.mv	x27,x7	  x0:0x00000000  x7:0x00000004 x27=0x00000004
       83382000	      4067	80003650	343025f3	csrrs	x11,mtval,x0	  x0:0x00000000 x11=0x8ffffffc
       83402000	      4068	80003654	8189	c.srli	x11,0x2	 x11:0x8ffffffc x11=0x23ffffff
       83422000	      4069	80003656	000d9563	bne	x27,x0,80003660	 x27:0x00000004  x0:0x00000000
       83462000	      4071	80003660	fdc5e2e3	bltu	x11,x28,80003624	 x11:0x23ffffff x28:0x20002abb
       83482000	      4072	80003664	fda5f0e3	bgeu	x11,x26,80003624	 x11:0x23ffffff x26:0x20003455
       83542000	      4075	80003624	8d9e	c.mv	x27,x7	  x0:0x00000000  x7:0x00000004 x27=0x00000004
       83562000	      4076	80003626	8e6a	c.mv	x28,x26	  x0:0x00000000 x26:0x20003455 x28=0x20003455
       83582000	      4077	80003628	0d85	c.addi	x27,1	 x27:0x00000004 x27=0x00000005
       83602000	      4078	8000362a	83ee	c.mv	x7,x27	  x0:0x00000000 x27:0x00000005  x7=0x00000005
       83622000	      4079	8000362c	4d41	c.li	x26,16	 x26=0x00000010
       83642000	      4080	8000362e	01add363	bge	x27,x26,80003634	 x27:0x00000005 x26:0x00000010
       83662000	      4081	80003632	b56d	c.j	800034dc	
       83722000	      4084	800034dc	8d9e	c.mv	x27,x7	  x0:0x00000000  x7:0x00000005 x27=0x00000005
       83742000	      4085	800034de	85ee	c.mv	x11,x27	  x0:0x00000000 x27:0x00000005 x11=0x00000005
       83762000	      4086	800034e0	4581	c.li	x11,0	 x11=0x00000000
       83782000	      4087	800034e2	04bd8f63	beq	x27,x11,80003540	 x27:0x00000005 x11:0x00000000
       83802000	      4088	800034e6	4585	c.li	x11,1	 x11=0x00000001
       83822000	      4089	800034e8	06bd8163	beq	x27,x11,8000354a	 x27:0x00000005 x11:0x00000001
       83842000	      4090	800034ec	4589	c.li	x11,2	 x11=0x00000002
       83862000	      4091	800034ee	06bd8363	beq	x27,x11,80003554	 x27:0x00000005 x11:0x00000002
       83882000	      4092	800034f2	458d	c.li	x11,3	 x11=0x00000003
       83902000	      4093	800034f4	06bd8563	beq	x27,x11,8000355e	 x27:0x00000005 x11:0x00000003
       83922000	      4094	800034f8	4591	c.li	x11,4	 x11=0x00000004
       83942000	      4095	800034fa	06bd8763	beq	x27,x11,80003568	 x27:0x00000005 x11:0x00000004
       83962000	      4096	800034fe	4595	c.li	x11,5	 x11=0x00000005
       83982000	      4097	80003500	06bd8963	beq	x27,x11,80003572	 x27:0x00000005 x11:0x00000005
       84042000	      4100	80003572	3b502d73	csrrs	x26,pmpaddr5,x0	  x0:0x00000000 x26=0x20003dee
       84062000	      4101	80003576	3a102c73	csrrs	x24,pmpcfg1,x0	  x0:0x00000000 x24=0x0f0f0f0f
       84082000	      4102	8000357a	a09d	c.j	800035e0	
       84142000	      4105	800035e0	4411	c.li	x8,4	  x8=0x00000004
       84162000	      4106	800035e2	01e39d93	slli	x27,x7,0x1e	  x7:0x00000005 x27=0x40000000
       84182000	      4107	800035e6	01eddd93	srli	x27,x27,0x1e	 x27:0x40000000 x27=0x00000001
       84202000	      4108	800035ea	41b405b3	sub	x11,x8,x27	  x8:0x00000004 x27:0x00000001 x11=0x00000003
       84222000	      4109	800035ee	15fd	c.addi	x11,-1	 x11:0x00000003 x11=0x00000002
       84242000	      4110	800035f0	058e	c.slli	x11,0x3	 x11:0x00000002 x11=0x00000010
       84262000	      4111	800035f2	00bc1433	sll	x8,x24,x11	 x24:0x0f0f0f0f x11:0x00000010  x8=0x0f0f0000
       84282000	      4112	800035f6	0d8e	c.slli	x27,0x3	 x27:0x00000001 x27=0x00000008
       84302000	      4113	800035f8	95ee	c.add	x11,x27	 x11:0x00000010 x27:0x00000008 x11=0x00000018
       84322000	      4114	800035fa	00b45433	srl	x8,x8,x11	  x8:0x0f0f0000 x11:0x00000018  x8=0x0000000f
       84342000	      4115	800035fe	01b41593	slli	x11,x8,0x1b	  x8:0x0000000f x11=0x78000000
       84362000	      4116	80003602	81f9	c.srli	x11,0x1e	 x11:0x78000000 x11=0x00000001
       84382000	      4117	80003604	c5a1	c.beqz	x11,8000364c	 x11:0x00000001
       84402000	      4118	80003606	4d85	c.li	x27,1	 x27=0x00000001
       84422000	      4119	80003608	05b58363	beq	x11,x27,8000364e	 x11:0x00000001 x27:0x00000001
       84482000	      4122	8000364e	8d9e	c.mv	x27,x7	  x0:0x00000000  x7:0x00000005 x27=0x00000005
       84502000	      4123	80003650	343025f3	csrrs	x11,mtval,x0	  x0:0x00000000 x11=0x8ffffffc
       84522000	      4124	80003654	8189	c.srli	x11,0x2	 x11:0x8ffffffc x11=0x23ffffff
       84542000	      4125	80003656	000d9563	bne	x27,x0,80003660	 x27:0x00000005  x0:0x00000000
       84582000	      4127	80003660	fdc5e2e3	bltu	x11,x28,80003624	 x11:0x23ffffff x28:0x20003455
       84602000	      4128	80003664	fda5f0e3	bgeu	x11,x26,80003624	 x11:0x23ffffff x26:0x20003dee
       84662000	      4131	80003624	8d9e	c.mv	x27,x7	  x0:0x00000000  x7:0x00000005 x27=0x00000005
       84682000	      4132	80003626	8e6a	c.mv	x28,x26	  x0:0x00000000 x26:0x20003dee x28=0x20003dee
       84702000	      4133	80003628	0d85	c.addi	x27,1	 x27:0x00000005 x27=0x00000006
       84722000	      4134	8000362a	83ee	c.mv	x7,x27	  x0:0x00000000 x27:0x00000006  x7=0x00000006
       84742000	      4135	8000362c	4d41	c.li	x26,16	 x26=0x00000010
       84762000	      4136	8000362e	01add363	bge	x27,x26,80003634	 x27:0x00000006 x26:0x00000010
       84782000	      4137	80003632	b56d	c.j	800034dc	
       84842000	      4140	800034dc	8d9e	c.mv	x27,x7	  x0:0x00000000  x7:0x00000006 x27=0x00000006
       84862000	      4141	800034de	85ee	c.mv	x11,x27	  x0:0x00000000 x27:0x00000006 x11=0x00000006
       84882000	      4142	800034e0	4581	c.li	x11,0	 x11=0x00000000
       84902000	      4143	800034e2	04bd8f63	beq	x27,x11,80003540	 x27:0x00000006 x11:0x00000000
       84922000	      4144	800034e6	4585	c.li	x11,1	 x11=0x00000001
       84942000	      4145	800034e8	06bd8163	beq	x27,x11,8000354a	 x27:0x00000006 x11:0x00000001
       84962000	      4146	800034ec	4589	c.li	x11,2	 x11=0x00000002
       84982000	      4147	800034ee	06bd8363	beq	x27,x11,80003554	 x27:0x00000006 x11:0x00000002
       85002000	      4148	800034f2	458d	c.li	x11,3	 x11=0x00000003
       85022000	      4149	800034f4	06bd8563	beq	x27,x11,8000355e	 x27:0x00000006 x11:0x00000003
       85042000	      4150	800034f8	4591	c.li	x11,4	 x11=0x00000004
       85062000	      4151	800034fa	06bd8763	beq	x27,x11,80003568	 x27:0x00000006 x11:0x00000004
       85082000	      4152	800034fe	4595	c.li	x11,5	 x11=0x00000005
       85102000	      4153	80003500	06bd8963	beq	x27,x11,80003572	 x27:0x00000006 x11:0x00000005
       85122000	      4154	80003504	4599	c.li	x11,6	 x11=0x00000006
       85142000	      4155	80003506	06bd8b63	beq	x27,x11,8000357c	 x27:0x00000006 x11:0x00000006
       85182000	      4157	8000357c	3b602d73	csrrs	x26,pmpaddr6,x0	  x0:0x00000000 x26=0x20004788
       85202000	      4158	80003580	3a102c73	csrrs	x24,pmpcfg1,x0	  x0:0x00000000 x24=0x0f0f0f0f
       85222000	      4159	80003584	a8b1	c.j	800035e0	
       85262000	      4161	800035e0	4411	c.li	x8,4	  x8=0x00000004
       85282000	      4162	800035e2	01e39d93	slli	x27,x7,0x1e	  x7:0x00000006 x27=0x80000000
       85302000	      4163	800035e6	01eddd93	srli	x27,x27,0x1e	 x27:0x80000000 x27=0x00000002
       85322000	      4164	800035ea	41b405b3	sub	x11,x8,x27	  x8:0x00000004 x27:0x00000002 x11=0x00000002
       85342000	      4165	800035ee	15fd	c.addi	x11,-1	 x11:0x00000002 x11=0x00000001
       85362000	      4166	800035f0	058e	c.slli	x11,0x3	 x11:0x00000001 x11=0x00000008
       85382000	      4167	800035f2	00bc1433	sll	x8,x24,x11	 x24:0x0f0f0f0f x11:0x00000008  x8=0x0f0f0f00
       85402000	      4168	800035f6	0d8e	c.slli	x27,0x3	 x27:0x00000002 x27=0x00000010
       85422000	      4169	800035f8	95ee	c.add	x11,x27	 x11:0x00000008 x27:0x00000010 x11=0x00000018
       85442000	      4170	800035fa	00b45433	srl	x8,x8,x11	  x8:0x0f0f0f00 x11:0x00000018  x8=0x0000000f
       85462000	      4171	800035fe	01b41593	slli	x11,x8,0x1b	  x8:0x0000000f x11=0x78000000
       85482000	      4172	80003602	81f9	c.srli	x11,0x1e	 x11:0x78000000 x11=0x00000001
       85502000	      4173	80003604	c5a1	c.beqz	x11,8000364c	 x11:0x00000001
       85522000	      4174	80003606	4d85	c.li	x27,1	 x27=0x00000001
       85542000	      4175	80003608	05b58363	beq	x11,x27,8000364e	 x11:0x00000001 x27:0x00000001
       85582000	      4177	8000364e	8d9e	c.mv	x27,x7	  x0:0x00000000  x7:0x00000006 x27=0x00000006
       85602000	      4178	80003650	343025f3	csrrs	x11,mtval,x0	  x0:0x00000000 x11=0x8ffffffc
       85622000	      4179	80003654	8189	c.srli	x11,0x2	 x11:0x8ffffffc x11=0x23ffffff
       85642000	      4180	80003656	000d9563	bne	x27,x0,80003660	 x27:0x00000006  x0:0x00000000
       85682000	      4182	80003660	fdc5e2e3	bltu	x11,x28,80003624	 x11:0x23ffffff x28:0x20003dee
       85702000	      4183	80003664	fda5f0e3	bgeu	x11,x26,80003624	 x11:0x23ffffff x26:0x20004788
       85762000	      4186	80003624	8d9e	c.mv	x27,x7	  x0:0x00000000  x7:0x00000006 x27=0x00000006
       85782000	      4187	80003626	8e6a	c.mv	x28,x26	  x0:0x00000000 x26:0x20004788 x28=0x20004788
       85802000	      4188	80003628	0d85	c.addi	x27,1	 x27:0x00000006 x27=0x00000007
       85822000	      4189	8000362a	83ee	c.mv	x7,x27	  x0:0x00000000 x27:0x00000007  x7=0x00000007
       85842000	      4190	8000362c	4d41	c.li	x26,16	 x26=0x00000010
       85862000	      4191	8000362e	01add363	bge	x27,x26,80003634	 x27:0x00000007 x26:0x00000010
       85882000	      4192	80003632	b56d	c.j	800034dc	
       85922000	      4194	800034dc	8d9e	c.mv	x27,x7	  x0:0x00000000  x7:0x00000007 x27=0x00000007
       85942000	      4195	800034de	85ee	c.mv	x11,x27	  x0:0x00000000 x27:0x00000007 x11=0x00000007
       85962000	      4196	800034e0	4581	c.li	x11,0	 x11=0x00000000
       85982000	      4197	800034e2	04bd8f63	beq	x27,x11,80003540	 x27:0x00000007 x11:0x00000000
       86002000	      4198	800034e6	4585	c.li	x11,1	 x11=0x00000001
       86022000	      4199	800034e8	06bd8163	beq	x27,x11,8000354a	 x27:0x00000007 x11:0x00000001
       86042000	      4200	800034ec	4589	c.li	x11,2	 x11=0x00000002
       86062000	      4201	800034ee	06bd8363	beq	x27,x11,80003554	 x27:0x00000007 x11:0x00000002
       86082000	      4202	800034f2	458d	c.li	x11,3	 x11=0x00000003
       86102000	      4203	800034f4	06bd8563	beq	x27,x11,8000355e	 x27:0x00000007 x11:0x00000003
       86122000	      4204	800034f8	4591	c.li	x11,4	 x11=0x00000004
       86142000	      4205	800034fa	06bd8763	beq	x27,x11,80003568	 x27:0x00000007 x11:0x00000004
       86162000	      4206	800034fe	4595	c.li	x11,5	 x11=0x00000005
       86182000	      4207	80003500	06bd8963	beq	x27,x11,80003572	 x27:0x00000007 x11:0x00000005
       86202000	      4208	80003504	4599	c.li	x11,6	 x11=0x00000006
       86222000	      4209	80003506	06bd8b63	beq	x27,x11,8000357c	 x27:0x00000007 x11:0x00000006
       86242000	      4210	8000350a	459d	c.li	x11,7	 x11=0x00000007
       86262000	      4211	8000350c	06bd8d63	beq	x27,x11,80003586	 x27:0x00000007 x11:0x00000007
       86322000	      4214	80003586	3b702d73	csrrs	x26,pmpaddr7,x0	  x0:0x00000000 x26=0x20005121
       86342000	      4215	8000358a	3a102c73	csrrs	x24,pmpcfg1,x0	  x0:0x00000000 x24=0x0f0f0f0f
       86362000	      4216	8000358e	a889	c.j	800035e0	
       86402000	      4218	800035e0	4411	c.li	x8,4	  x8=0x00000004
       86422000	      4219	800035e2	01e39d93	slli	x27,x7,0x1e	  x7:0x00000007 x27=0xc0000000
       86442000	      4220	800035e6	01eddd93	srli	x27,x27,0x1e	 x27:0xc0000000 x27=0x00000003
       86462000	      4221	800035ea	41b405b3	sub	x11,x8,x27	  x8:0x00000004 x27:0x00000003 x11=0x00000001
       86482000	      4222	800035ee	15fd	c.addi	x11,-1	 x11:0x00000001 x11=0x00000000
       86502000	      4223	800035f0	058e	c.slli	x11,0x3	 x11:0x00000000 x11=0x00000000
       86522000	      4224	800035f2	00bc1433	sll	x8,x24,x11	 x24:0x0f0f0f0f x11:0x00000000  x8=0x0f0f0f0f
       86542000	      4225	800035f6	0d8e	c.slli	x27,0x3	 x27:0x00000003 x27=0x00000018
       86562000	      4226	800035f8	95ee	c.add	x11,x27	 x11:0x00000000 x27:0x00000018 x11=0x00000018
       86582000	      4227	800035fa	00b45433	srl	x8,x8,x11	  x8:0x0f0f0f0f x11:0x00000018  x8=0x0000000f
       86602000	      4228	800035fe	01b41593	slli	x11,x8,0x1b	  x8:0x0000000f x11=0x78000000
       86622000	      4229	80003602	81f9	c.srli	x11,0x1e	 x11:0x78000000 x11=0x00000001
       86642000	      4230	80003604	c5a1	c.beqz	x11,8000364c	 x11:0x00000001
       86662000	      4231	80003606	4d85	c.li	x27,1	 x27=0x00000001
       86682000	      4232	80003608	05b58363	beq	x11,x27,8000364e	 x11:0x00000001 x27:0x00000001
       86722000	      4234	8000364e	8d9e	c.mv	x27,x7	  x0:0x00000000  x7:0x00000007 x27=0x00000007
       86742000	      4235	80003650	343025f3	csrrs	x11,mtval,x0	  x0:0x00000000 x11=0x8ffffffc
       86762000	      4236	80003654	8189	c.srli	x11,0x2	 x11:0x8ffffffc x11=0x23ffffff
       86782000	      4237	80003656	000d9563	bne	x27,x0,80003660	 x27:0x00000007  x0:0x00000000
       86822000	      4239	80003660	fdc5e2e3	bltu	x11,x28,80003624	 x11:0x23ffffff x28:0x20004788
       86842000	      4240	80003664	fda5f0e3	bgeu	x11,x26,80003624	 x11:0x23ffffff x26:0x20005121
       86882000	      4242	80003624	8d9e	c.mv	x27,x7	  x0:0x00000000  x7:0x00000007 x27=0x00000007
       86902000	      4243	80003626	8e6a	c.mv	x28,x26	  x0:0x00000000 x26:0x20005121 x28=0x20005121
       86922000	      4244	80003628	0d85	c.addi	x27,1	 x27:0x00000007 x27=0x00000008
       86942000	      4245	8000362a	83ee	c.mv	x7,x27	  x0:0x00000000 x27:0x00000008  x7=0x00000008
       86962000	      4246	8000362c	4d41	c.li	x26,16	 x26=0x00000010
       86982000	      4247	8000362e	01add363	bge	x27,x26,80003634	 x27:0x00000008 x26:0x00000010
       87002000	      4248	80003632	b56d	c.j	800034dc	
       87042000	      4250	800034dc	8d9e	c.mv	x27,x7	  x0:0x00000000  x7:0x00000008 x27=0x00000008
       87062000	      4251	800034de	85ee	c.mv	x11,x27	  x0:0x00000000 x27:0x00000008 x11=0x00000008
       87082000	      4252	800034e0	4581	c.li	x11,0	 x11=0x00000000
       87102000	      4253	800034e2	04bd8f63	beq	x27,x11,80003540	 x27:0x00000008 x11:0x00000000
       87122000	      4254	800034e6	4585	c.li	x11,1	 x11=0x00000001
       87142000	      4255	800034e8	06bd8163	beq	x27,x11,8000354a	 x27:0x00000008 x11:0x00000001
       87162000	      4256	800034ec	4589	c.li	x11,2	 x11=0x00000002
       87182000	      4257	800034ee	06bd8363	beq	x27,x11,80003554	 x27:0x00000008 x11:0x00000002
       87202000	      4258	800034f2	458d	c.li	x11,3	 x11=0x00000003
       87222000	      4259	800034f4	06bd8563	beq	x27,x11,8000355e	 x27:0x00000008 x11:0x00000003
       87242000	      4260	800034f8	4591	c.li	x11,4	 x11=0x00000004
       87262000	      4261	800034fa	06bd8763	beq	x27,x11,80003568	 x27:0x00000008 x11:0x00000004
       87282000	      4262	800034fe	4595	c.li	x11,5	 x11=0x00000005
       87302000	      4263	80003500	06bd8963	beq	x27,x11,80003572	 x27:0x00000008 x11:0x00000005
       87322000	      4264	80003504	4599	c.li	x11,6	 x11=0x00000006
       87342000	      4265	80003506	06bd8b63	beq	x27,x11,8000357c	 x27:0x00000008 x11:0x00000006
       87362000	      4266	8000350a	459d	c.li	x11,7	 x11=0x00000007
       87382000	      4267	8000350c	06bd8d63	beq	x27,x11,80003586	 x27:0x00000008 x11:0x00000007
       87402000	      4268	80003510	45a1	c.li	x11,8	 x11=0x00000008
       87422000	      4269	80003512	06bd8f63	beq	x27,x11,80003590	 x27:0x00000008 x11:0x00000008
       87462000	      4271	80003590	3b802d73	csrrs	x26,pmpaddr8,x0	  x0:0x00000000 x26=0x20005abb
       87482000	      4272	80003594	3a202c73	csrrs	x24,pmpcfg2,x0	  x0:0x00000000 x24=0x0f0f0f0f
       88662000	      4331	80003598	a0a1	c.j	800035e0	
       88702000	      4333	800035e0	4411	c.li	x8,4	  x8=0x00000004
       88722000	      4334	800035e2	01e39d93	slli	x27,x7,0x1e	  x7:0x00000008 x27=0x00000000
       88942000	      4345	800035e6	01eddd93	srli	x27,x27,0x1e	 x27:0x00000000 x27=0x00000000
       88962000	      4346	800035ea	41b405b3	sub	x11,x8,x27	  x8:0x00000004 x27:0x00000000 x11=0x00000004
       88982000	      4347	800035ee	15fd	c.addi	x11,-1	 x11:0x00000004 x11=0x00000003
       89022000	      4349	800035f0	058e	c.slli	x11,0x3	 x11:0x00000003 x11=0x00000018
       89042000	      4350	800035f2	00bc1433	sll	x8,x24,x11	 x24:0x0f0f0f0f x11:0x00000018  x8=0x0f000000
       89062000	      4351	800035f6	0d8e	c.slli	x27,0x3	 x27:0x00000000 x27=0x00000000
       89102000	      4353	800035f8	95ee	c.add	x11,x27	 x11:0x00000018 x27:0x00000000 x11=0x00000018
       89122000	      4354	800035fa	00b45433	srl	x8,x8,x11	  x8:0x0f000000 x11:0x00000018  x8=0x0000000f
       89182000	      4357	800035fe	01b41593	slli	x11,x8,0x1b	  x8:0x0000000f x11=0x78000000
       89202000	      4358	80003602	81f9	c.srli	x11,0x1e	 x11:0x78000000 x11=0x00000001
       89222000	      4359	80003604	c5a1	c.beqz	x11,8000364c	 x11:0x00000001
       89242000	      4360	80003606	4d85	c.li	x27,1	 x27=0x00000001
       89282000	      4362	80003608	05b58363	beq	x11,x27,8000364e	 x11:0x00000001 x27:0x00000001
       89342000	      4365	8000364e	8d9e	c.mv	x27,x7	  x0:0x00000000  x7:0x00000008 x27=0x00000008
       89402000	      4368	80003650	343025f3	csrrs	x11,mtval,x0	  x0:0x00000000 x11=0x8ffffffc
       89422000	      4369	80003654	8189	c.srli	x11,0x2	 x11:0x8ffffffc x11=0x23ffffff
       89442000	      4370	80003656	000d9563	bne	x27,x0,80003660	 x27:0x00000008  x0:0x00000000
       89482000	      4372	80003660	fdc5e2e3	bltu	x11,x28,80003624	 x11:0x23ffffff x28:0x20005121
       89502000	      4373	80003664	fda5f0e3	bgeu	x11,x26,80003624	 x11:0x23ffffff x26:0x20005abb
       89542000	      4375	80003624	8d9e	c.mv	x27,x7	  x0:0x00000000  x7:0x00000008 x27=0x00000008
       89562000	      4376	80003626	8e6a	c.mv	x28,x26	  x0:0x00000000 x26:0x20005abb x28=0x20005abb
       89582000	      4377	80003628	0d85	c.addi	x27,1	 x27:0x00000008 x27=0x00000009
       89602000	      4378	8000362a	83ee	c.mv	x7,x27	  x0:0x00000000 x27:0x00000009  x7=0x00000009
       89622000	      4379	8000362c	4d41	c.li	x26,16	 x26=0x00000010
       89642000	      4380	8000362e	01add363	bge	x27,x26,80003634	 x27:0x00000009 x26:0x00000010
       89662000	      4381	80003632	b56d	c.j	800034dc	
       89722000	      4384	800034dc	8d9e	c.mv	x27,x7	  x0:0x00000000  x7:0x00000009 x27=0x00000009
       89742000	      4385	800034de	85ee	c.mv	x11,x27	  x0:0x00000000 x27:0x00000009 x11=0x00000009
       89762000	      4386	800034e0	4581	c.li	x11,0	 x11=0x00000000
       89782000	      4387	800034e2	04bd8f63	beq	x27,x11,80003540	 x27:0x00000009 x11:0x00000000
       89802000	      4388	800034e6	4585	c.li	x11,1	 x11=0x00000001
       89822000	      4389	800034e8	06bd8163	beq	x27,x11,8000354a	 x27:0x00000009 x11:0x00000001
       89842000	      4390	800034ec	4589	c.li	x11,2	 x11=0x00000002
       89862000	      4391	800034ee	06bd8363	beq	x27,x11,80003554	 x27:0x00000009 x11:0x00000002
       89882000	      4392	800034f2	458d	c.li	x11,3	 x11=0x00000003
       89902000	      4393	800034f4	06bd8563	beq	x27,x11,8000355e	 x27:0x00000009 x11:0x00000003
       89922000	      4394	800034f8	4591	c.li	x11,4	 x11=0x00000004
       89942000	      4395	800034fa	06bd8763	beq	x27,x11,80003568	 x27:0x00000009 x11:0x00000004
       89962000	      4396	800034fe	4595	c.li	x11,5	 x11=0x00000005
       89982000	      4397	80003500	06bd8963	beq	x27,x11,80003572	 x27:0x00000009 x11:0x00000005
       90002000	      4398	80003504	4599	c.li	x11,6	 x11=0x00000006
       90022000	      4399	80003506	06bd8b63	beq	x27,x11,8000357c	 x27:0x00000009 x11:0x00000006
       90042000	      4400	8000350a	459d	c.li	x11,7	 x11=0x00000007
       90062000	      4401	8000350c	06bd8d63	beq	x27,x11,80003586	 x27:0x00000009 x11:0x00000007
       90082000	      4402	80003510	45a1	c.li	x11,8	 x11=0x00000008
       90102000	      4403	80003512	06bd8f63	beq	x27,x11,80003590	 x27:0x00000009 x11:0x00000008
       90122000	      4404	80003516	45a5	c.li	x11,9	 x11=0x00000009
       90142000	      4405	80003518	08bd8163	beq	x27,x11,8000359a	 x27:0x00000009 x11:0x00000009
       90202000	      4408	8000359a	3b902d73	csrrs	x26,pmpaddr9,x0	  x0:0x00000000 x26=0x20006454
       90222000	      4409	8000359e	3a202c73	csrrs	x24,pmpcfg2,x0	  x0:0x00000000 x24=0x0f0f0f0f
       90242000	      4410	800035a2	a83d	c.j	800035e0	
       90302000	      4413	800035e0	4411	c.li	x8,4	  x8=0x00000004
       90322000	      4414	800035e2	01e39d93	slli	x27,x7,0x1e	  x7:0x00000009 x27=0x40000000
       90342000	      4415	800035e6	01eddd93	srli	x27,x27,0x1e	 x27:0x40000000 x27=0x00000001
       90362000	      4416	800035ea	41b405b3	sub	x11,x8,x27	  x8:0x00000004 x27:0x00000001 x11=0x00000003
       90382000	      4417	800035ee	15fd	c.addi	x11,-1	 x11:0x00000003 x11=0x00000002
       90402000	      4418	800035f0	058e	c.slli	x11,0x3	 x11:0x00000002 x11=0x00000010
       90422000	      4419	800035f2	00bc1433	sll	x8,x24,x11	 x24:0x0f0f0f0f x11:0x00000010  x8=0x0f0f0000
       90442000	      4420	800035f6	0d8e	c.slli	x27,0x3	 x27:0x00000001 x27=0x00000008
       90462000	      4421	800035f8	95ee	c.add	x11,x27	 x11:0x00000010 x27:0x00000008 x11=0x00000018
       90482000	      4422	800035fa	00b45433	srl	x8,x8,x11	  x8:0x0f0f0000 x11:0x00000018  x8=0x0000000f
       90502000	      4423	800035fe	01b41593	slli	x11,x8,0x1b	  x8:0x0000000f x11=0x78000000
       90522000	      4424	80003602	81f9	c.srli	x11,0x1e	 x11:0x78000000 x11=0x00000001
       90542000	      4425	80003604	c5a1	c.beqz	x11,8000364c	 x11:0x00000001
       90562000	      4426	80003606	4d85	c.li	x27,1	 x27=0x00000001
       90582000	      4427	80003608	05b58363	beq	x11,x27,8000364e	 x11:0x00000001 x27:0x00000001
       90642000	      4430	8000364e	8d9e	c.mv	x27,x7	  x0:0x00000000  x7:0x00000009 x27=0x00000009
       90662000	      4431	80003650	343025f3	csrrs	x11,mtval,x0	  x0:0x00000000 x11=0x8ffffffc
       90682000	      4432	80003654	8189	c.srli	x11,0x2	 x11:0x8ffffffc x11=0x23ffffff
       90702000	      4433	80003656	000d9563	bne	x27,x0,80003660	 x27:0x00000009  x0:0x00000000
       90742000	      4435	80003660	fdc5e2e3	bltu	x11,x28,80003624	 x11:0x23ffffff x28:0x20005abb
       90762000	      4436	80003664	fda5f0e3	bgeu	x11,x26,80003624	 x11:0x23ffffff x26:0x20006454
       90822000	      4439	80003624	8d9e	c.mv	x27,x7	  x0:0x00000000  x7:0x00000009 x27=0x00000009
       90842000	      4440	80003626	8e6a	c.mv	x28,x26	  x0:0x00000000 x26:0x20006454 x28=0x20006454
       90862000	      4441	80003628	0d85	c.addi	x27,1	 x27:0x00000009 x27=0x0000000a
       90882000	      4442	8000362a	83ee	c.mv	x7,x27	  x0:0x00000000 x27:0x0000000a  x7=0x0000000a
       90902000	      4443	8000362c	4d41	c.li	x26,16	 x26=0x00000010
       90922000	      4444	8000362e	01add363	bge	x27,x26,80003634	 x27:0x0000000a x26:0x00000010
       90942000	      4445	80003632	b56d	c.j	800034dc	
       91002000	      4448	800034dc	8d9e	c.mv	x27,x7	  x0:0x00000000  x7:0x0000000a x27=0x0000000a
       91022000	      4449	800034de	85ee	c.mv	x11,x27	  x0:0x00000000 x27:0x0000000a x11=0x0000000a
       91042000	      4450	800034e0	4581	c.li	x11,0	 x11=0x00000000
       91062000	      4451	800034e2	04bd8f63	beq	x27,x11,80003540	 x27:0x0000000a x11:0x00000000
       91082000	      4452	800034e6	4585	c.li	x11,1	 x11=0x00000001
       91102000	      4453	800034e8	06bd8163	beq	x27,x11,8000354a	 x27:0x0000000a x11:0x00000001
       91122000	      4454	800034ec	4589	c.li	x11,2	 x11=0x00000002
       91142000	      4455	800034ee	06bd8363	beq	x27,x11,80003554	 x27:0x0000000a x11:0x00000002
       91162000	      4456	800034f2	458d	c.li	x11,3	 x11=0x00000003
       91182000	      4457	800034f4	06bd8563	beq	x27,x11,8000355e	 x27:0x0000000a x11:0x00000003
       91202000	      4458	800034f8	4591	c.li	x11,4	 x11=0x00000004
       91222000	      4459	800034fa	06bd8763	beq	x27,x11,80003568	 x27:0x0000000a x11:0x00000004
       91242000	      4460	800034fe	4595	c.li	x11,5	 x11=0x00000005
       91262000	      4461	80003500	06bd8963	beq	x27,x11,80003572	 x27:0x0000000a x11:0x00000005
       91282000	      4462	80003504	4599	c.li	x11,6	 x11=0x00000006
       91302000	      4463	80003506	06bd8b63	beq	x27,x11,8000357c	 x27:0x0000000a x11:0x00000006
       91322000	      4464	8000350a	459d	c.li	x11,7	 x11=0x00000007
       91342000	      4465	8000350c	06bd8d63	beq	x27,x11,80003586	 x27:0x0000000a x11:0x00000007
       91362000	      4466	80003510	45a1	c.li	x11,8	 x11=0x00000008
       91382000	      4467	80003512	06bd8f63	beq	x27,x11,80003590	 x27:0x0000000a x11:0x00000008
       91402000	      4468	80003516	45a5	c.li	x11,9	 x11=0x00000009
       91422000	      4469	80003518	08bd8163	beq	x27,x11,8000359a	 x27:0x0000000a x11:0x00000009
       91442000	      4470	8000351c	45a9	c.li	x11,10	 x11=0x0000000a
       91462000	      4471	8000351e	08bd8363	beq	x27,x11,800035a4	 x27:0x0000000a x11:0x0000000a
       91502000	      4473	800035a4	3ba02d73	csrrs	x26,pmpaddr10,x0	  x0:0x00000000 x26=0x20006dee
       91522000	      4474	800035a8	3a202c73	csrrs	x24,pmpcfg2,x0	  x0:0x00000000 x24=0x0f0f0f0f
       91542000	      4475	800035ac	a815	c.j	800035e0	
       91582000	      4477	800035e0	4411	c.li	x8,4	  x8=0x00000004
       91602000	      4478	800035e2	01e39d93	slli	x27,x7,0x1e	  x7:0x0000000a x27=0x80000000
       91622000	      4479	800035e6	01eddd93	srli	x27,x27,0x1e	 x27:0x80000000 x27=0x00000002
       91642000	      4480	800035ea	41b405b3	sub	x11,x8,x27	  x8:0x00000004 x27:0x00000002 x11=0x00000002
       91662000	      4481	800035ee	15fd	c.addi	x11,-1	 x11:0x00000002 x11=0x00000001
       91682000	      4482	800035f0	058e	c.slli	x11,0x3	 x11:0x00000001 x11=0x00000008
       91702000	      4483	800035f2	00bc1433	sll	x8,x24,x11	 x24:0x0f0f0f0f x11:0x00000008  x8=0x0f0f0f00
       91722000	      4484	800035f6	0d8e	c.slli	x27,0x3	 x27:0x00000002 x27=0x00000010
       91742000	      4485	800035f8	95ee	c.add	x11,x27	 x11:0x00000008 x27:0x00000010 x11=0x00000018
       91762000	      4486	800035fa	00b45433	srl	x8,x8,x11	  x8:0x0f0f0f00 x11:0x00000018  x8=0x0000000f
       91782000	      4487	800035fe	01b41593	slli	x11,x8,0x1b	  x8:0x0000000f x11=0x78000000
       91802000	      4488	80003602	81f9	c.srli	x11,0x1e	 x11:0x78000000 x11=0x00000001
       91822000	      4489	80003604	c5a1	c.beqz	x11,8000364c	 x11:0x00000001
       91842000	      4490	80003606	4d85	c.li	x27,1	 x27=0x00000001
       91862000	      4491	80003608	05b58363	beq	x11,x27,8000364e	 x11:0x00000001 x27:0x00000001
       91902000	      4493	8000364e	8d9e	c.mv	x27,x7	  x0:0x00000000  x7:0x0000000a x27=0x0000000a
       91922000	      4494	80003650	343025f3	csrrs	x11,mtval,x0	  x0:0x00000000 x11=0x8ffffffc
       91942000	      4495	80003654	8189	c.srli	x11,0x2	 x11:0x8ffffffc x11=0x23ffffff
       91962000	      4496	80003656	000d9563	bne	x27,x0,80003660	 x27:0x0000000a  x0:0x00000000
       92002000	      4498	80003660	fdc5e2e3	bltu	x11,x28,80003624	 x11:0x23ffffff x28:0x20006454
       92022000	      4499	80003664	fda5f0e3	bgeu	x11,x26,80003624	 x11:0x23ffffff x26:0x20006dee
       92062000	      4501	80003624	8d9e	c.mv	x27,x7	  x0:0x00000000  x7:0x0000000a x27=0x0000000a
       92082000	      4502	80003626	8e6a	c.mv	x28,x26	  x0:0x00000000 x26:0x20006dee x28=0x20006dee
       92102000	      4503	80003628	0d85	c.addi	x27,1	 x27:0x0000000a x27=0x0000000b
       92122000	      4504	8000362a	83ee	c.mv	x7,x27	  x0:0x00000000 x27:0x0000000b  x7=0x0000000b
       92142000	      4505	8000362c	4d41	c.li	x26,16	 x26=0x00000010
       92162000	      4506	8000362e	01add363	bge	x27,x26,80003634	 x27:0x0000000b x26:0x00000010
       92182000	      4507	80003632	b56d	c.j	800034dc	
       92242000	      4510	800034dc	8d9e	c.mv	x27,x7	  x0:0x00000000  x7:0x0000000b x27=0x0000000b
       92262000	      4511	800034de	85ee	c.mv	x11,x27	  x0:0x00000000 x27:0x0000000b x11=0x0000000b
       92282000	      4512	800034e0	4581	c.li	x11,0	 x11=0x00000000
       92302000	      4513	800034e2	04bd8f63	beq	x27,x11,80003540	 x27:0x0000000b x11:0x00000000
       92322000	      4514	800034e6	4585	c.li	x11,1	 x11=0x00000001
       92342000	      4515	800034e8	06bd8163	beq	x27,x11,8000354a	 x27:0x0000000b x11:0x00000001
       92362000	      4516	800034ec	4589	c.li	x11,2	 x11=0x00000002
       92382000	      4517	800034ee	06bd8363	beq	x27,x11,80003554	 x27:0x0000000b x11:0x00000002
       92402000	      4518	800034f2	458d	c.li	x11,3	 x11=0x00000003
       92422000	      4519	800034f4	06bd8563	beq	x27,x11,8000355e	 x27:0x0000000b x11:0x00000003
       92442000	      4520	800034f8	4591	c.li	x11,4	 x11=0x00000004
       92462000	      4521	800034fa	06bd8763	beq	x27,x11,80003568	 x27:0x0000000b x11:0x00000004
       92482000	      4522	800034fe	4595	c.li	x11,5	 x11=0x00000005
       92502000	      4523	80003500	06bd8963	beq	x27,x11,80003572	 x27:0x0000000b x11:0x00000005
       92522000	      4524	80003504	4599	c.li	x11,6	 x11=0x00000006
       92542000	      4525	80003506	06bd8b63	beq	x27,x11,8000357c	 x27:0x0000000b x11:0x00000006
       92562000	      4526	8000350a	459d	c.li	x11,7	 x11=0x00000007
       92582000	      4527	8000350c	06bd8d63	beq	x27,x11,80003586	 x27:0x0000000b x11:0x00000007
       92602000	      4528	80003510	45a1	c.li	x11,8	 x11=0x00000008
       92622000	      4529	80003512	06bd8f63	beq	x27,x11,80003590	 x27:0x0000000b x11:0x00000008
       92642000	      4530	80003516	45a5	c.li	x11,9	 x11=0x00000009
       92662000	      4531	80003518	08bd8163	beq	x27,x11,8000359a	 x27:0x0000000b x11:0x00000009
       92682000	      4532	8000351c	45a9	c.li	x11,10	 x11=0x0000000a
       92702000	      4533	8000351e	08bd8363	beq	x27,x11,800035a4	 x27:0x0000000b x11:0x0000000a
       92722000	      4534	80003522	45ad	c.li	x11,11	 x11=0x0000000b
       92742000	      4535	80003524	08bd8563	beq	x27,x11,800035ae	 x27:0x0000000b x11:0x0000000b
       92802000	      4538	800035ae	3bb02d73	csrrs	x26,pmpaddr11,x0	  x0:0x00000000 x26=0x20007787
       92822000	      4539	800035b2	3a202c73	csrrs	x24,pmpcfg2,x0	  x0:0x00000000 x24=0x0f0f0f0f
       92842000	      4540	800035b6	a02d	c.j	800035e0	
       92882000	      4542	800035e0	4411	c.li	x8,4	  x8=0x00000004
       92902000	      4543	800035e2	01e39d93	slli	x27,x7,0x1e	  x7:0x0000000b x27=0xc0000000
       92962000	      4546	800035e6	01eddd93	srli	x27,x27,0x1e	 x27:0xc0000000 x27=0x00000003
       92982000	      4547	800035ea	41b405b3	sub	x11,x8,x27	  x8:0x00000004 x27:0x00000003 x11=0x00000001
       93002000	      4548	800035ee	15fd	c.addi	x11,-1	 x11:0x00000001 x11=0x00000000
       93042000	      4550	800035f0	058e	c.slli	x11,0x3	 x11:0x00000000 x11=0x00000000
       93062000	      4551	800035f2	00bc1433	sll	x8,x24,x11	 x24:0x0f0f0f0f x11:0x00000000  x8=0x0f0f0f0f
       93082000	      4552	800035f6	0d8e	c.slli	x27,0x3	 x27:0x00000003 x27=0x00000018
       93122000	      4554	800035f8	95ee	c.add	x11,x27	 x11:0x00000000 x27:0x00000018 x11=0x00000018
       93142000	      4555	800035fa	00b45433	srl	x8,x8,x11	  x8:0x0f0f0f0f x11:0x00000018  x8=0x0000000f
       93202000	      4558	800035fe	01b41593	slli	x11,x8,0x1b	  x8:0x0000000f x11=0x78000000
       93222000	      4559	80003602	81f9	c.srli	x11,0x1e	 x11:0x78000000 x11=0x00000001
       93242000	      4560	80003604	c5a1	c.beqz	x11,8000364c	 x11:0x00000001
       93262000	      4561	80003606	4d85	c.li	x27,1	 x27=0x00000001
       93302000	      4563	80003608	05b58363	beq	x11,x27,8000364e	 x11:0x00000001 x27:0x00000001
       93362000	      4566	8000364e	8d9e	c.mv	x27,x7	  x0:0x00000000  x7:0x0000000b x27=0x0000000b
       93382000	      4567	80003650	343025f3	csrrs	x11,mtval,x0	  x0:0x00000000 x11=0x8ffffffc
       93402000	      4568	80003654	8189	c.srli	x11,0x2	 x11:0x8ffffffc x11=0x23ffffff
       93422000	      4569	80003656	000d9563	bne	x27,x0,80003660	 x27:0x0000000b  x0:0x00000000
       93462000	      4571	80003660	fdc5e2e3	bltu	x11,x28,80003624	 x11:0x23ffffff x28:0x20006dee
       93482000	      4572	80003664	fda5f0e3	bgeu	x11,x26,80003624	 x11:0x23ffffff x26:0x20007787
       93542000	      4575	80003624	8d9e	c.mv	x27,x7	  x0:0x00000000  x7:0x0000000b x27=0x0000000b
       93562000	      4576	80003626	8e6a	c.mv	x28,x26	  x0:0x00000000 x26:0x20007787 x28=0x20007787
       93582000	      4577	80003628	0d85	c.addi	x27,1	 x27:0x0000000b x27=0x0000000c
       93602000	      4578	8000362a	83ee	c.mv	x7,x27	  x0:0x00000000 x27:0x0000000c  x7=0x0000000c
       93622000	      4579	8000362c	4d41	c.li	x26,16	 x26=0x00000010
       93642000	      4580	8000362e	01add363	bge	x27,x26,80003634	 x27:0x0000000c x26:0x00000010
       93662000	      4581	80003632	b56d	c.j	800034dc	
       93722000	      4584	800034dc	8d9e	c.mv	x27,x7	  x0:0x00000000  x7:0x0000000c x27=0x0000000c
       93742000	      4585	800034de	85ee	c.mv	x11,x27	  x0:0x00000000 x27:0x0000000c x11=0x0000000c
       93762000	      4586	800034e0	4581	c.li	x11,0	 x11=0x00000000
       93782000	      4587	800034e2	04bd8f63	beq	x27,x11,80003540	 x27:0x0000000c x11:0x00000000
       93802000	      4588	800034e6	4585	c.li	x11,1	 x11=0x00000001
       93822000	      4589	800034e8	06bd8163	beq	x27,x11,8000354a	 x27:0x0000000c x11:0x00000001
       93842000	      4590	800034ec	4589	c.li	x11,2	 x11=0x00000002
       93862000	      4591	800034ee	06bd8363	beq	x27,x11,80003554	 x27:0x0000000c x11:0x00000002
       93882000	      4592	800034f2	458d	c.li	x11,3	 x11=0x00000003
       93902000	      4593	800034f4	06bd8563	beq	x27,x11,8000355e	 x27:0x0000000c x11:0x00000003
       93922000	      4594	800034f8	4591	c.li	x11,4	 x11=0x00000004
       93942000	      4595	800034fa	06bd8763	beq	x27,x11,80003568	 x27:0x0000000c x11:0x00000004
       93962000	      4596	800034fe	4595	c.li	x11,5	 x11=0x00000005
       93982000	      4597	80003500	06bd8963	beq	x27,x11,80003572	 x27:0x0000000c x11:0x00000005
       94002000	      4598	80003504	4599	c.li	x11,6	 x11=0x00000006
       94022000	      4599	80003506	06bd8b63	beq	x27,x11,8000357c	 x27:0x0000000c x11:0x00000006
       94042000	      4600	8000350a	459d	c.li	x11,7	 x11=0x00000007
       94062000	      4601	8000350c	06bd8d63	beq	x27,x11,80003586	 x27:0x0000000c x11:0x00000007
       94082000	      4602	80003510	45a1	c.li	x11,8	 x11=0x00000008
       94102000	      4603	80003512	06bd8f63	beq	x27,x11,80003590	 x27:0x0000000c x11:0x00000008
       94122000	      4604	80003516	45a5	c.li	x11,9	 x11=0x00000009
       94142000	      4605	80003518	08bd8163	beq	x27,x11,8000359a	 x27:0x0000000c x11:0x00000009
       94162000	      4606	8000351c	45a9	c.li	x11,10	 x11=0x0000000a
       94182000	      4607	8000351e	08bd8363	beq	x27,x11,800035a4	 x27:0x0000000c x11:0x0000000a
       94202000	      4608	80003522	45ad	c.li	x11,11	 x11=0x0000000b
       94222000	      4609	80003524	08bd8563	beq	x27,x11,800035ae	 x27:0x0000000c x11:0x0000000b
       94242000	      4610	80003528	45b1	c.li	x11,12	 x11=0x0000000c
       94262000	      4611	8000352a	08bd8763	beq	x27,x11,800035b8	 x27:0x0000000c x11:0x0000000c
       94302000	      4613	800035b8	3bc02d73	csrrs	x26,pmpaddr12,x0	  x0:0x00000000 x26=0x20008121
       94322000	      4614	800035bc	3a302c73	csrrs	x24,pmpcfg3,x0	  x0:0x00000000 x24=0x0f0f0f0f
       94342000	      4615	800035c0	a005	c.j	800035e0	
       94382000	      4617	800035e0	4411	c.li	x8,4	  x8=0x00000004
       94402000	      4618	800035e2	01e39d93	slli	x27,x7,0x1e	  x7:0x0000000c x27=0x00000000
       94422000	      4619	800035e6	01eddd93	srli	x27,x27,0x1e	 x27:0x00000000 x27=0x00000000
       94442000	      4620	800035ea	41b405b3	sub	x11,x8,x27	  x8:0x00000004 x27:0x00000000 x11=0x00000004
       94462000	      4621	800035ee	15fd	c.addi	x11,-1	 x11:0x00000004 x11=0x00000003
       94482000	      4622	800035f0	058e	c.slli	x11,0x3	 x11:0x00000003 x11=0x00000018
       94502000	      4623	800035f2	00bc1433	sll	x8,x24,x11	 x24:0x0f0f0f0f x11:0x00000018  x8=0x0f000000
       94522000	      4624	800035f6	0d8e	c.slli	x27,0x3	 x27:0x00000000 x27=0x00000000
       94542000	      4625	800035f8	95ee	c.add	x11,x27	 x11:0x00000018 x27:0x00000000 x11=0x00000018
       94562000	      4626	800035fa	00b45433	srl	x8,x8,x11	  x8:0x0f000000 x11:0x00000018  x8=0x0000000f
       94582000	      4627	800035fe	01b41593	slli	x11,x8,0x1b	  x8:0x0000000f x11=0x78000000
       94602000	      4628	80003602	81f9	c.srli	x11,0x1e	 x11:0x78000000 x11=0x00000001
       94622000	      4629	80003604	c5a1	c.beqz	x11,8000364c	 x11:0x00000001
       94642000	      4630	80003606	4d85	c.li	x27,1	 x27=0x00000001
       94662000	      4631	80003608	05b58363	beq	x11,x27,8000364e	 x11:0x00000001 x27:0x00000001
       94722000	      4634	8000364e	8d9e	c.mv	x27,x7	  x0:0x00000000  x7:0x0000000c x27=0x0000000c
       94742000	      4635	80003650	343025f3	csrrs	x11,mtval,x0	  x0:0x00000000 x11=0x8ffffffc
       94762000	      4636	80003654	8189	c.srli	x11,0x2	 x11:0x8ffffffc x11=0x23ffffff
       94782000	      4637	80003656	000d9563	bne	x27,x0,80003660	 x27:0x0000000c  x0:0x00000000
       94822000	      4639	80003660	fdc5e2e3	bltu	x11,x28,80003624	 x11:0x23ffffff x28:0x20007787
       94842000	      4640	80003664	fda5f0e3	bgeu	x11,x26,80003624	 x11:0x23ffffff x26:0x20008121
       94902000	      4643	80003624	8d9e	c.mv	x27,x7	  x0:0x00000000  x7:0x0000000c x27=0x0000000c
       94922000	      4644	80003626	8e6a	c.mv	x28,x26	  x0:0x00000000 x26:0x20008121 x28=0x20008121
       94942000	      4645	80003628	0d85	c.addi	x27,1	 x27:0x0000000c x27=0x0000000d
       94962000	      4646	8000362a	83ee	c.mv	x7,x27	  x0:0x00000000 x27:0x0000000d  x7=0x0000000d
       94982000	      4647	8000362c	4d41	c.li	x26,16	 x26=0x00000010
       95002000	      4648	8000362e	01add363	bge	x27,x26,80003634	 x27:0x0000000d x26:0x00000010
       95022000	      4649	80003632	b56d	c.j	800034dc	
       95062000	      4651	800034dc	8d9e	c.mv	x27,x7	  x0:0x00000000  x7:0x0000000d x27=0x0000000d
       95082000	      4652	800034de	85ee	c.mv	x11,x27	  x0:0x00000000 x27:0x0000000d x11=0x0000000d
       95102000	      4653	800034e0	4581	c.li	x11,0	 x11=0x00000000
       95122000	      4654	800034e2	04bd8f63	beq	x27,x11,80003540	 x27:0x0000000d x11:0x00000000
       95142000	      4655	800034e6	4585	c.li	x11,1	 x11=0x00000001
       95162000	      4656	800034e8	06bd8163	beq	x27,x11,8000354a	 x27:0x0000000d x11:0x00000001
       95182000	      4657	800034ec	4589	c.li	x11,2	 x11=0x00000002
       95202000	      4658	800034ee	06bd8363	beq	x27,x11,80003554	 x27:0x0000000d x11:0x00000002
       95222000	      4659	800034f2	458d	c.li	x11,3	 x11=0x00000003
       95242000	      4660	800034f4	06bd8563	beq	x27,x11,8000355e	 x27:0x0000000d x11:0x00000003
       95262000	      4661	800034f8	4591	c.li	x11,4	 x11=0x00000004
       95282000	      4662	800034fa	06bd8763	beq	x27,x11,80003568	 x27:0x0000000d x11:0x00000004
       95302000	      4663	800034fe	4595	c.li	x11,5	 x11=0x00000005
       95322000	      4664	80003500	06bd8963	beq	x27,x11,80003572	 x27:0x0000000d x11:0x00000005
       95342000	      4665	80003504	4599	c.li	x11,6	 x11=0x00000006
       95362000	      4666	80003506	06bd8b63	beq	x27,x11,8000357c	 x27:0x0000000d x11:0x00000006
       95382000	      4667	8000350a	459d	c.li	x11,7	 x11=0x00000007
       95402000	      4668	8000350c	06bd8d63	beq	x27,x11,80003586	 x27:0x0000000d x11:0x00000007
       95422000	      4669	80003510	45a1	c.li	x11,8	 x11=0x00000008
       95442000	      4670	80003512	06bd8f63	beq	x27,x11,80003590	 x27:0x0000000d x11:0x00000008
       95462000	      4671	80003516	45a5	c.li	x11,9	 x11=0x00000009
       95482000	      4672	80003518	08bd8163	beq	x27,x11,8000359a	 x27:0x0000000d x11:0x00000009
       95502000	      4673	8000351c	45a9	c.li	x11,10	 x11=0x0000000a
       95522000	      4674	8000351e	08bd8363	beq	x27,x11,800035a4	 x27:0x0000000d x11:0x0000000a
       95542000	      4675	80003522	45ad	c.li	x11,11	 x11=0x0000000b
       95562000	      4676	80003524	08bd8563	beq	x27,x11,800035ae	 x27:0x0000000d x11:0x0000000b
       95582000	      4677	80003528	45b1	c.li	x11,12	 x11=0x0000000c
       95602000	      4678	8000352a	08bd8763	beq	x27,x11,800035b8	 x27:0x0000000d x11:0x0000000c
       95622000	      4679	8000352e	45b5	c.li	x11,13	 x11=0x0000000d
       95642000	      4680	80003530	08bd8963	beq	x27,x11,800035c2	 x27:0x0000000d x11:0x0000000d
       95702000	      4683	800035c2	3bd02d73	csrrs	x26,pmpaddr13,x0	  x0:0x00000000 x26=0x20008aba
       95722000	      4684	800035c6	3a302c73	csrrs	x24,pmpcfg3,x0	  x0:0x00000000 x24=0x0f0f0f0f
       95742000	      4685	800035ca	a819	c.j	800035e0	
       95802000	      4688	800035e0	4411	c.li	x8,4	  x8=0x00000004
       95822000	      4689	800035e2	01e39d93	slli	x27,x7,0x1e	  x7:0x0000000d x27=0x40000000
       95882000	      4692	800035e6	01eddd93	srli	x27,x27,0x1e	 x27:0x40000000 x27=0x00000001
       95902000	      4693	800035ea	41b405b3	sub	x11,x8,x27	  x8:0x00000004 x27:0x00000001 x11=0x00000003
       95922000	      4694	800035ee	15fd	c.addi	x11,-1	 x11:0x00000003 x11=0x00000002
       95942000	      4695	800035f0	058e	c.slli	x11,0x3	 x11:0x00000002 x11=0x00000010
       95962000	      4696	800035f2	00bc1433	sll	x8,x24,x11	 x24:0x0f0f0f0f x11:0x00000010  x8=0x0f0f0000
       95982000	      4697	800035f6	0d8e	c.slli	x27,0x3	 x27:0x00000001 x27=0x00000008
       96002000	      4698	800035f8	95ee	c.add	x11,x27	 x11:0x00000010 x27:0x00000008 x11=0x00000018
       96022000	      4699	800035fa	00b45433	srl	x8,x8,x11	  x8:0x0f0f0000 x11:0x00000018  x8=0x0000000f
       96042000	      4700	800035fe	01b41593	slli	x11,x8,0x1b	  x8:0x0000000f x11=0x78000000
       96062000	      4701	80003602	81f9	c.srli	x11,0x1e	 x11:0x78000000 x11=0x00000001
       96082000	      4702	80003604	c5a1	c.beqz	x11,8000364c	 x11:0x00000001
       96102000	      4703	80003606	4d85	c.li	x27,1	 x27=0x00000001
       96122000	      4704	80003608	05b58363	beq	x11,x27,8000364e	 x11:0x00000001 x27:0x00000001
       96162000	      4706	8000364e	8d9e	c.mv	x27,x7	  x0:0x00000000  x7:0x0000000d x27=0x0000000d
       96182000	      4707	80003650	343025f3	csrrs	x11,mtval,x0	  x0:0x00000000 x11=0x8ffffffc
       96202000	      4708	80003654	8189	c.srli	x11,0x2	 x11:0x8ffffffc x11=0x23ffffff
       96222000	      4709	80003656	000d9563	bne	x27,x0,80003660	 x27:0x0000000d  x0:0x00000000
       96262000	      4711	80003660	fdc5e2e3	bltu	x11,x28,80003624	 x11:0x23ffffff x28:0x20008121
       96282000	      4712	80003664	fda5f0e3	bgeu	x11,x26,80003624	 x11:0x23ffffff x26:0x20008aba
       96342000	      4715	80003624	8d9e	c.mv	x27,x7	  x0:0x00000000  x7:0x0000000d x27=0x0000000d
       96362000	      4716	80003626	8e6a	c.mv	x28,x26	  x0:0x00000000 x26:0x20008aba x28=0x20008aba
       96382000	      4717	80003628	0d85	c.addi	x27,1	 x27:0x0000000d x27=0x0000000e
       96402000	      4718	8000362a	83ee	c.mv	x7,x27	  x0:0x00000000 x27:0x0000000e  x7=0x0000000e
       96422000	      4719	8000362c	4d41	c.li	x26,16	 x26=0x00000010
       96442000	      4720	8000362e	01add363	bge	x27,x26,80003634	 x27:0x0000000e x26:0x00000010
       96462000	      4721	80003632	b56d	c.j	800034dc	
       96502000	      4723	800034dc	8d9e	c.mv	x27,x7	  x0:0x00000000  x7:0x0000000e x27=0x0000000e
       96522000	      4724	800034de	85ee	c.mv	x11,x27	  x0:0x00000000 x27:0x0000000e x11=0x0000000e
       96542000	      4725	800034e0	4581	c.li	x11,0	 x11=0x00000000
       96562000	      4726	800034e2	04bd8f63	beq	x27,x11,80003540	 x27:0x0000000e x11:0x00000000
       96582000	      4727	800034e6	4585	c.li	x11,1	 x11=0x00000001
       96602000	      4728	800034e8	06bd8163	beq	x27,x11,8000354a	 x27:0x0000000e x11:0x00000001
       96622000	      4729	800034ec	4589	c.li	x11,2	 x11=0x00000002
       96642000	      4730	800034ee	06bd8363	beq	x27,x11,80003554	 x27:0x0000000e x11:0x00000002
       96662000	      4731	800034f2	458d	c.li	x11,3	 x11=0x00000003
       96682000	      4732	800034f4	06bd8563	beq	x27,x11,8000355e	 x27:0x0000000e x11:0x00000003
       96702000	      4733	800034f8	4591	c.li	x11,4	 x11=0x00000004
       96722000	      4734	800034fa	06bd8763	beq	x27,x11,80003568	 x27:0x0000000e x11:0x00000004
       96742000	      4735	800034fe	4595	c.li	x11,5	 x11=0x00000005
       96762000	      4736	80003500	06bd8963	beq	x27,x11,80003572	 x27:0x0000000e x11:0x00000005
       96782000	      4737	80003504	4599	c.li	x11,6	 x11=0x00000006
       96802000	      4738	80003506	06bd8b63	beq	x27,x11,8000357c	 x27:0x0000000e x11:0x00000006
       96822000	      4739	8000350a	459d	c.li	x11,7	 x11=0x00000007
       96842000	      4740	8000350c	06bd8d63	beq	x27,x11,80003586	 x27:0x0000000e x11:0x00000007
       96862000	      4741	80003510	45a1	c.li	x11,8	 x11=0x00000008
       96882000	      4742	80003512	06bd8f63	beq	x27,x11,80003590	 x27:0x0000000e x11:0x00000008
       96902000	      4743	80003516	45a5	c.li	x11,9	 x11=0x00000009
       96922000	      4744	80003518	08bd8163	beq	x27,x11,8000359a	 x27:0x0000000e x11:0x00000009
       96942000	      4745	8000351c	45a9	c.li	x11,10	 x11=0x0000000a
       96962000	      4746	8000351e	08bd8363	beq	x27,x11,800035a4	 x27:0x0000000e x11:0x0000000a
       96982000	      4747	80003522	45ad	c.li	x11,11	 x11=0x0000000b
       97002000	      4748	80003524	08bd8563	beq	x27,x11,800035ae	 x27:0x0000000e x11:0x0000000b
       97022000	      4749	80003528	45b1	c.li	x11,12	 x11=0x0000000c
       97042000	      4750	8000352a	08bd8763	beq	x27,x11,800035b8	 x27:0x0000000e x11:0x0000000c
       97062000	      4751	8000352e	45b5	c.li	x11,13	 x11=0x0000000d
       97082000	      4752	80003530	08bd8963	beq	x27,x11,800035c2	 x27:0x0000000e x11:0x0000000d
       97102000	      4753	80003534	45b9	c.li	x11,14	 x11=0x0000000e
       97122000	      4754	80003536	08bd8b63	beq	x27,x11,800035cc	 x27:0x0000000e x11:0x0000000e
       97162000	      4756	800035cc	3be02d73	csrrs	x26,pmpaddr14,x0	  x0:0x00000000 x26=0x20009454
       97182000	      4757	800035d0	3a302c73	csrrs	x24,pmpcfg3,x0	  x0:0x00000000 x24=0x0f0f0f0f
       97202000	      4758	800035d4	a031	c.j	800035e0	
       97242000	      4760	800035e0	4411	c.li	x8,4	  x8=0x00000004
       97262000	      4761	800035e2	01e39d93	slli	x27,x7,0x1e	  x7:0x0000000e x27=0x80000000
       97282000	      4762	800035e6	01eddd93	srli	x27,x27,0x1e	 x27:0x80000000 x27=0x00000002
       97302000	      4763	800035ea	41b405b3	sub	x11,x8,x27	  x8:0x00000004 x27:0x00000002 x11=0x00000002
       97322000	      4764	800035ee	15fd	c.addi	x11,-1	 x11:0x00000002 x11=0x00000001
       97342000	      4765	800035f0	058e	c.slli	x11,0x3	 x11:0x00000001 x11=0x00000008
       97362000	      4766	800035f2	00bc1433	sll	x8,x24,x11	 x24:0x0f0f0f0f x11:0x00000008  x8=0x0f0f0f00
       97382000	      4767	800035f6	0d8e	c.slli	x27,0x3	 x27:0x00000002 x27=0x00000010
       97402000	      4768	800035f8	95ee	c.add	x11,x27	 x11:0x00000008 x27:0x00000010 x11=0x00000018
       97422000	      4769	800035fa	00b45433	srl	x8,x8,x11	  x8:0x0f0f0f00 x11:0x00000018  x8=0x0000000f
       97442000	      4770	800035fe	01b41593	slli	x11,x8,0x1b	  x8:0x0000000f x11=0x78000000
       97462000	      4771	80003602	81f9	c.srli	x11,0x1e	 x11:0x78000000 x11=0x00000001
       97482000	      4772	80003604	c5a1	c.beqz	x11,8000364c	 x11:0x00000001
       97502000	      4773	80003606	4d85	c.li	x27,1	 x27=0x00000001
       97522000	      4774	80003608	05b58363	beq	x11,x27,8000364e	 x11:0x00000001 x27:0x00000001
       97562000	      4776	8000364e	8d9e	c.mv	x27,x7	  x0:0x00000000  x7:0x0000000e x27=0x0000000e
       97582000	      4777	80003650	343025f3	csrrs	x11,mtval,x0	  x0:0x00000000 x11=0x8ffffffc
       97602000	      4778	80003654	8189	c.srli	x11,0x2	 x11:0x8ffffffc x11=0x23ffffff
       97622000	      4779	80003656	000d9563	bne	x27,x0,80003660	 x27:0x0000000e  x0:0x00000000
       97662000	      4781	80003660	fdc5e2e3	bltu	x11,x28,80003624	 x11:0x23ffffff x28:0x20008aba
       97682000	      4782	80003664	fda5f0e3	bgeu	x11,x26,80003624	 x11:0x23ffffff x26:0x20009454
       97722000	      4784	80003624	8d9e	c.mv	x27,x7	  x0:0x00000000  x7:0x0000000e x27=0x0000000e
       97742000	      4785	80003626	8e6a	c.mv	x28,x26	  x0:0x00000000 x26:0x20009454 x28=0x20009454
       97762000	      4786	80003628	0d85	c.addi	x27,1	 x27:0x0000000e x27=0x0000000f
       97782000	      4787	8000362a	83ee	c.mv	x7,x27	  x0:0x00000000 x27:0x0000000f  x7=0x0000000f
       97802000	      4788	8000362c	4d41	c.li	x26,16	 x26=0x00000010
       97822000	      4789	8000362e	01add363	bge	x27,x26,80003634	 x27:0x0000000f x26:0x00000010
       97842000	      4790	80003632	b56d	c.j	800034dc	
       97882000	      4792	800034dc	8d9e	c.mv	x27,x7	  x0:0x00000000  x7:0x0000000f x27=0x0000000f
       97902000	      4793	800034de	85ee	c.mv	x11,x27	  x0:0x00000000 x27:0x0000000f x11=0x0000000f
       97922000	      4794	800034e0	4581	c.li	x11,0	 x11=0x00000000
       97942000	      4795	800034e2	04bd8f63	beq	x27,x11,80003540	 x27:0x0000000f x11:0x00000000
       97962000	      4796	800034e6	4585	c.li	x11,1	 x11=0x00000001
       97982000	      4797	800034e8	06bd8163	beq	x27,x11,8000354a	 x27:0x0000000f x11:0x00000001
       98002000	      4798	800034ec	4589	c.li	x11,2	 x11=0x00000002
       98022000	      4799	800034ee	06bd8363	beq	x27,x11,80003554	 x27:0x0000000f x11:0x00000002
       98042000	      4800	800034f2	458d	c.li	x11,3	 x11=0x00000003
       98062000	      4801	800034f4	06bd8563	beq	x27,x11,8000355e	 x27:0x0000000f x11:0x00000003
       98082000	      4802	800034f8	4591	c.li	x11,4	 x11=0x00000004
       98102000	      4803	800034fa	06bd8763	beq	x27,x11,80003568	 x27:0x0000000f x11:0x00000004
       98122000	      4804	800034fe	4595	c.li	x11,5	 x11=0x00000005
       98142000	      4805	80003500	06bd8963	beq	x27,x11,80003572	 x27:0x0000000f x11:0x00000005
       98162000	      4806	80003504	4599	c.li	x11,6	 x11=0x00000006
       98182000	      4807	80003506	06bd8b63	beq	x27,x11,8000357c	 x27:0x0000000f x11:0x00000006
       98202000	      4808	8000350a	459d	c.li	x11,7	 x11=0x00000007
       98222000	      4809	8000350c	06bd8d63	beq	x27,x11,80003586	 x27:0x0000000f x11:0x00000007
       98242000	      4810	80003510	45a1	c.li	x11,8	 x11=0x00000008
       98262000	      4811	80003512	06bd8f63	beq	x27,x11,80003590	 x27:0x0000000f x11:0x00000008
       98282000	      4812	80003516	45a5	c.li	x11,9	 x11=0x00000009
       98302000	      4813	80003518	08bd8163	beq	x27,x11,8000359a	 x27:0x0000000f x11:0x00000009
       98322000	      4814	8000351c	45a9	c.li	x11,10	 x11=0x0000000a
       98342000	      4815	8000351e	08bd8363	beq	x27,x11,800035a4	 x27:0x0000000f x11:0x0000000a
       98362000	      4816	80003522	45ad	c.li	x11,11	 x11=0x0000000b
       98382000	      4817	80003524	08bd8563	beq	x27,x11,800035ae	 x27:0x0000000f x11:0x0000000b
       98402000	      4818	80003528	45b1	c.li	x11,12	 x11=0x0000000c
       98422000	      4819	8000352a	08bd8763	beq	x27,x11,800035b8	 x27:0x0000000f x11:0x0000000c
       98442000	      4820	8000352e	45b5	c.li	x11,13	 x11=0x0000000d
       98462000	      4821	80003530	08bd8963	beq	x27,x11,800035c2	 x27:0x0000000f x11:0x0000000d
       98482000	      4822	80003534	45b9	c.li	x11,14	 x11=0x0000000e
       98502000	      4823	80003536	08bd8b63	beq	x27,x11,800035cc	 x27:0x0000000f x11:0x0000000e
       98522000	      4824	8000353a	45bd	c.li	x11,15	 x11=0x0000000f
       98542000	      4825	8000353c	08bd8d63	beq	x27,x11,800035d6	 x27:0x0000000f x11:0x0000000f
       98602000	      4828	800035d6	3bf02d73	csrrs	x26,pmpaddr15,x0	  x0:0x00000000 x26=0x20009ded
       98622000	      4829	800035da	3a302c73	csrrs	x24,pmpcfg3,x0	  x0:0x00000000 x24=0x0f0f0f0f
       98642000	      4830	800035de	a009	c.j	800035e0	
       98682000	      4832	800035e0	4411	c.li	x8,4	  x8=0x00000004
       98702000	      4833	800035e2	01e39d93	slli	x27,x7,0x1e	  x7:0x0000000f x27=0xc0000000
       98722000	      4834	800035e6	01eddd93	srli	x27,x27,0x1e	 x27:0xc0000000 x27=0x00000003
       98742000	      4835	800035ea	41b405b3	sub	x11,x8,x27	  x8:0x00000004 x27:0x00000003 x11=0x00000001
       98762000	      4836	800035ee	15fd	c.addi	x11,-1	 x11:0x00000001 x11=0x00000000
       98782000	      4837	800035f0	058e	c.slli	x11,0x3	 x11:0x00000000 x11=0x00000000
       98802000	      4838	800035f2	00bc1433	sll	x8,x24,x11	 x24:0x0f0f0f0f x11:0x00000000  x8=0x0f0f0f0f
       98822000	      4839	800035f6	0d8e	c.slli	x27,0x3	 x27:0x00000003 x27=0x00000018
       98842000	      4840	800035f8	95ee	c.add	x11,x27	 x11:0x00000000 x27:0x00000018 x11=0x00000018
       98862000	      4841	800035fa	00b45433	srl	x8,x8,x11	  x8:0x0f0f0f0f x11:0x00000018  x8=0x0000000f
       98882000	      4842	800035fe	01b41593	slli	x11,x8,0x1b	  x8:0x0000000f x11=0x78000000
       98902000	      4843	80003602	81f9	c.srli	x11,0x1e	 x11:0x78000000 x11=0x00000001
       98922000	      4844	80003604	c5a1	c.beqz	x11,8000364c	 x11:0x00000001
       98942000	      4845	80003606	4d85	c.li	x27,1	 x27=0x00000001
       98962000	      4846	80003608	05b58363	beq	x11,x27,8000364e	 x11:0x00000001 x27:0x00000001
       99022000	      4849	8000364e	8d9e	c.mv	x27,x7	  x0:0x00000000  x7:0x0000000f x27=0x0000000f
       99042000	      4850	80003650	343025f3	csrrs	x11,mtval,x0	  x0:0x00000000 x11=0x8ffffffc
       99062000	      4851	80003654	8189	c.srli	x11,0x2	 x11:0x8ffffffc x11=0x23ffffff
       99082000	      4852	80003656	000d9563	bne	x27,x0,80003660	 x27:0x0000000f  x0:0x00000000
       99122000	      4854	80003660	fdc5e2e3	bltu	x11,x28,80003624	 x11:0x23ffffff x28:0x20009454
       99142000	      4855	80003664	fda5f0e3	bgeu	x11,x26,80003624	 x11:0x23ffffff x26:0x20009ded
       99202000	      4858	80003624	8d9e	c.mv	x27,x7	  x0:0x00000000  x7:0x0000000f x27=0x0000000f
       99222000	      4859	80003626	8e6a	c.mv	x28,x26	  x0:0x00000000 x26:0x20009ded x28=0x20009ded
       99242000	      4860	80003628	0d85	c.addi	x27,1	 x27:0x0000000f x27=0x00000010
       99262000	      4861	8000362a	83ee	c.mv	x7,x27	  x0:0x00000000 x27:0x00000010  x7=0x00000010
       99282000	      4862	8000362c	4d41	c.li	x26,16	 x26=0x00000010
       99302000	      4863	8000362e	01add363	bge	x27,x26,80003634	 x27:0x00000010 x26:0x00000010
       99342000	      4865	80003634	74702df3	csrrs	x27,0x747,x0	  x0:0x00000000 x27=0x00000000
       99362000	      4866	80003638	002dfd93	andi	x27,x27,2	 x27:0x00000000 x27=0x00000000
       99382000	      4867	8000363c	060d9b63	bne	x27,x0,800036b2	 x27:0x00000000  x0:0x00000000
       99422000	      4869	80003640	ffffdd97	auipc	x27,0xffffd	 x27=0x80000640
       99442000	      4870	80003644	f94d8d93	addi	x27,x27,-108	 x27:0x80000640 x27=0x800005d4
       99462000	      4871	80003648	000d8067	jalr	x0,0(x27)	 x27:0x800005d4  x0=0x00000000
       99542000	      4875	800005d4	90000d37	lui	x26,0x90000	 x26=0x90000000
       99622000	      4879	800005d8	1d61	c.addi	x26,-8	 x26:0x90000000 x26=0x8ffffff8
       99642000	      4880	800005da	4d81	c.li	x27,0	 x27=0x00000000
       99662000	      4881	800005dc	0da2	c.slli	x27,0x8	 x27:0x00000000 x27=0x00000000
       99682000	      4882	800005de	0d85	c.addi	x27,1	 x27:0x00000000 x27=0x00000001
       99742000	      4885	800005e0	01bd2023	sw	x27,0(x26)	 x26:0x8ffffff8 x27:0x00000001 PA:0x8ffffff8 store:0x00000001 load:0xffffffff
       99842000	      4890	800005e4	00000073	ecall	
       99902000	      4893	80002a00	0800006f	jal	x0,80002a80	  x0=0x00000000
       99962000	      4896	80002a80	16f1	c.addi	x13,-4	 x13:0x8002cc60 x13=0x8002cc5c
      100202000	      4908	80002a82	0176a023	sw	x23,0(x13)	 x13:0x8002cc5c x23:0x8002cc60 PA:0x8002cc5c store:0x8002cc60 load:0xffffffff
      108362000	      5316	80002a86	00068bb3	add	x23,x13,x0	 x13:0x8002cc5c  x0:0x00000000 x23=0x8002cc5c
      108382000	      5317	80002a8a	f80b8b93	addi	x23,x23,-128	 x23:0x8002cc5c x23=0x8002cbdc
      108442000	      5320	80002a8e	001ba223	sw	x1,4(x23)	 x23:0x8002cbdc  x1:0x00000000 PA:0x8002cbe0 store:0x00000000 load:0xffffffff
      108582000	      5327	80002a92	002ba423	sw	x2,8(x23)	 x23:0x8002cbdc  x2:0x00000000 PA:0x8002cbe4 store:0x00000000 load:0xffffffff
      108762000	      5336	80002a96	003ba623	sw	x3,12(x23)	 x23:0x8002cbdc  x3:0x00000000 PA:0x8002cbe8 store:0x00000000 load:0xffffffff
      109102000	      5353	80002a9a	004ba823	sw	x4,16(x23)	 x23:0x8002cbdc  x4:0x00000000 PA:0x8002cbec store:0x00000000 load:0xffffffff
      109162000	      5356	80002a9e	005baa23	sw	x5,20(x23)	 x23:0x8002cbdc  x5:0x00000000 PA:0x8002cbf0 store:0x00000000 load:0xffffffff
      109282000	      5362	80002aa2	006bac23	sw	x6,24(x23)	 x23:0x8002cbdc  x6:0x00000000 PA:0x8002cbf4 store:0x00000000 load:0xffffffff
      109662000	      5381	80002aa6	007bae23	sw	x7,28(x23)	 x23:0x8002cbdc  x7:0x00000010 PA:0x8002cbf8 store:0x00000010 load:0xffffffff
      109722000	      5384	80002aaa	028ba023	sw	x8,32(x23)	 x23:0x8002cbdc  x8:0x0000000f PA:0x8002cbfc store:0x0000000f load:0xffffffff
      109802000	      5388	80002aae	029ba223	sw	x9,36(x23)	 x23:0x8002cbdc  x9:0x00000000 PA:0x8002cc00 store:0x00000000 load:0xffffffff
      109862000	      5391	80002ab2	02aba423	sw	x10,40(x23)	 x23:0x8002cbdc x10:0x00000000 PA:0x8002cc04 store:0x00000000 load:0xffffffff
      110122000	      5404	80002ab6	02bba623	sw	x11,44(x23)	 x23:0x8002cbdc x11:0x23ffffff PA:0x8002cc08 store:0x23ffffff load:0xffffffff
      110222000	      5409	80002aba	02cba823	sw	x12,48(x23)	 x23:0x8002cbdc x12:0x00000000 PA:0x8002cc0c store:0x00000000 load:0xffffffff
      110402000	      5418	80002abe	02dbaa23	sw	x13,52(x23)	 x23:0x8002cbdc x13:0x8002cc5c PA:0x8002cc10 store:0x8002cc5c load:0xffffffff
      110422000	      5419	80002ac2	02ebac23	sw	x14,56(x23)	 x23:0x8002cbdc x14:0x00000000 PA:0x8002cc14 store:0x00000000 load:0xffffffff
      110842000	      5440	80002ac6	02fbae23	sw	x15,60(x23)	 x23:0x8002cbdc x15:0x00000000 PA:0x8002cc18 store:0x00000000 load:0xffffffff
      110902000	      5443	80002aca	050ba023	sw	x16,64(x23)	 x23:0x8002cbdc x16:0x00000000 PA:0x8002cc1c store:0x00000000 load:0xffffffff
      111202000	      5458	80002ace	051ba223	sw	x17,68(x23)	 x23:0x8002cbdc x17:0x00000000 PA:0x8002cc20 store:0x00000000 load:0xffffffff
      111802000	      5488	80002ad2	052ba423	sw	x18,72(x23)	 x23:0x8002cbdc x18:0x00000000 PA:0x8002cc24 store:0x00000000 load:0xffffffff
      112002000	      5498	80002ad6	053ba623	sw	x19,76(x23)	 x23:0x8002cbdc x19:0x00000000 PA:0x8002cc28 store:0x00000000 load:0xffffffff
      112422000	      5519	80002ada	054ba823	sw	x20,80(x23)	 x23:0x8002cbdc x20:0x00000000 PA:0x8002cc2c store:0x00000000 load:0xffffffff
      112622000	      5529	80002ade	055baa23	sw	x21,84(x23)	 x23:0x8002cbdc x21:0x00000000 PA:0x8002cc30 store:0x00000000 load:0xffffffff
      112742000	      5535	80002ae2	056bac23	sw	x22,88(x23)	 x23:0x8002cbdc x22:0x00000000 PA:0x8002cc34 store:0x00000000 load:0xffffffff
      113042000	      5550	80002ae6	057bae23	sw	x23,92(x23)	 x23:0x8002cbdc x23:0x8002cbdc PA:0x8002cc38 store:0x8002cbdc load:0xffffffff
      113102000	      5553	80002aea	078ba023	sw	x24,96(x23)	 x23:0x8002cbdc x24:0x0f0f0f0f PA:0x8002cc3c store:0x0f0f0f0f load:0xffffffff
      113122000	      5554	80002aee	079ba223	sw	x25,100(x23)	 x23:0x8002cbdc x25:0x00000000 PA:0x8002cc40 store:0x00000000 load:0xffffffff
      113162000	      5556	80002af2	07aba423	sw	x26,104(x23)	 x23:0x8002cbdc x26:0x8ffffff8 PA:0x8002cc44 store:0x8ffffff8 load:0xffffffff
      113182000	      5557	80002af6	07bba623	sw	x27,108(x23)	 x23:0x8002cbdc x27:0x00000001 PA:0x8002cc48 store:0x00000001 load:0xffffffff
      113222000	      5559	80002afa	07cba823	sw	x28,112(x23)	 x23:0x8002cbdc x28:0x20009ded PA:0x8002cc4c store:0x20009ded load:0xffffffff
      113362000	      5566	80002afe	07dbaa23	sw	x29,116(x23)	 x23:0x8002cbdc x29:0x00000000 PA:0x8002cc50 store:0x00000000 load:0xffffffff
      113822000	      5589	80002b02	07ebac23	sw	x30,120(x23)	 x23:0x8002cbdc x30:0x00000000 PA:0x8002cc54 store:0x00000000 load:0xffffffff
      114402000	      5618	80002b06	07fbae23	sw	x31,124(x23)	 x23:0x8002cbdc x31:0x00000000 PA:0x8002cc58 store:0x00000000 load:0xffffffff
      114422000	      5619	80002b0a	000b86b3	add	x13,x23,x0	 x23:0x8002cbdc  x0:0x00000000 x13=0x8002cbdc
      114442000	      5620	80002b0e	90000d37	lui	x26,0x90000	 x26=0x90000000
      114462000	      5621	80002b12	1d71	c.addi	x26,-4	 x26:0x90000000 x26=0x8ffffffc
      114482000	      5622	80002b14	4da1	c.li	x27,8	 x27=0x00000008
      114502000	      5623	80002b16	0da2	c.slli	x27,0x8	 x27:0x00000008 x27=0x00000800
      114522000	      5624	80002b18	000d8d93	addi	x27,x27,0	 x27:0x00000800 x27=0x00000800
      114802000	      5638	80002b1c	01bd2023	sw	x27,0(x26)	 x26:0x8ffffffc x27:0x00000800 PA:0x8ffffffc store:0x00000800 load:0xffffffff
      114822000	      5639	80002b20	34102df3	csrrs	x27,mepc,x0	  x0:0x00000000 x27=0x800005e4
      114842000	      5640	80002b24	34202df3	csrrs	x27,mcause,x0	  x0:0x00000000 x27=0x0000000b
      114862000	      5641	80002b28	4d0d	c.li	x26,3	 x26=0x00000003
      114882000	      5642	80002b2a	01ad9463	bne	x27,x26,80002b32	 x27:0x0000000b x26:0x00000003
      114922000	      5644	80002b32	4d21	c.li	x26,8	 x26=0x00000008
      114942000	      5645	80002b34	05ad8d63	beq	x27,x26,80002b8e	 x27:0x0000000b x26:0x00000008
      114962000	      5646	80002b38	4d25	c.li	x26,9	 x26=0x00000009
      114982000	      5647	80002b3a	05ad8a63	beq	x27,x26,80002b8e	 x27:0x0000000b x26:0x00000009
      115002000	      5648	80002b3e	4d2d	c.li	x26,11	 x26=0x0000000b
      115022000	      5649	80002b40	05ad8763	beq	x27,x26,80002b8e	 x27:0x0000000b x26:0x0000000b
      115142000	      5655	80002b8e	90000d37	lui	x26,0x90000	 x26=0x90000000
      115162000	      5656	80002b92	1d71	c.addi	x26,-4	 x26:0x90000000 x26=0x8ffffffc
      115182000	      5657	80002b94	6d85	c.lui	x27,0x1	 x27=0x00001000
      115382000	      5667	80002b96	b00d8d93	addi	x27,x27,-1280	 x27:0x00001000 x27=0x00000b00
      115402000	      5668	80002b9a	0da2	c.slli	x27,0x8	 x27:0x00000b00 x27=0x000b0000
      115802000	      5688	80002b9c	0d8d	c.addi	x27,3	 x27:0x000b0000 x27=0x000b0003
      115862000	      5691	80002b9e	01bd2023	sw	x27,0(x26)	 x26:0x8ffffffc x27:0x000b0003 PA:0x8ffffffc store:0x000b0003 load:0xffffffff
      115882000	      5692	80002ba2	b0002df3	csrrs	x27,mcycle,x0	  x0:0x00000000 x27=0x00001639
      115942000	      5695	80002ba6	01bd2023	sw	x27,0(x26)	 x26:0x8ffffffc x27:0x00001639 PA:0x8ffffffc store:0x00001639 load:0xffffffff
      116082000	      5702	80002baa	90000d37	lui	x26,0x90000	 x26=0x90000000
      116102000	      5703	80002bae	1d71	c.addi	x26,-4	 x26:0x90000000 x26=0x8ffffffc
      116122000	      5704	80002bb0	6d85	c.lui	x27,0x1	 x27=0x00001000
      116142000	      5705	80002bb2	b80d8d93	addi	x27,x27,-1152	 x27:0x00001000 x27=0x00000b80
      116162000	      5706	80002bb6	0da2	c.slli	x27,0x8	 x27:0x00000b80 x27=0x000b8000
      116542000	      5725	80002bb8	0d8d	c.addi	x27,3	 x27:0x000b8000 x27=0x000b8003
      116702000	      5733	80002bba	01bd2023	sw	x27,0(x26)	 x26:0x8ffffffc x27:0x000b8003 PA:0x8ffffffc store:0x000b8003 load:0xffffffff
      117082000	      5752	80002bbe	b8002df3	csrrs	x27,mcycleh,x0	  x0:0x00000000 x27=0x00000000
      117722000	      5784	80002bc2	01bd2023	sw	x27,0(x26)	 x26:0x8ffffffc x27:0x00000000 PA:0x8ffffffc store:0x00000000 load:0xffffffff
      117742000	      5785	80002bc6	90000d37	lui	x26,0x90000	 x26=0x90000000
      117762000	      5786	80002bca	1d71	c.addi	x26,-4	 x26:0x90000000 x26=0x8ffffffc
      117782000	      5787	80002bcc	6d85	c.lui	x27,0x1	 x27=0x00001000
      117802000	      5788	80002bce	b03d8d93	addi	x27,x27,-1277	 x27:0x00001000 x27=0x00000b03
      117822000	      5789	80002bd2	0da2	c.slli	x27,0x8	 x27:0x00000b03 x27=0x000b0300
      117842000	      5790	80002bd4	0d8d	c.addi	x27,3	 x27:0x000b0300 x27=0x000b0303
      118302000	      5813	80002bd6	01bd2023	sw	x27,0(x26)	 x26:0x8ffffffc x27:0x000b0303 PA:0x8ffffffc store:0x000b0303 load:0xffffffff
      118322000	      5814	80002bda	b0302df3	csrrs	x27,mhpmcounter3,x0	  x0:0x00000000 x27=0x000001d1
      118882000	      5842	80002bde	01bd2023	sw	x27,0(x26)	 x26:0x8ffffffc x27:0x000001d1 PA:0x8ffffffc store:0x000001d1 load:0xffffffff
      118902000	      5843	80002be2	90000d37	lui	x26,0x90000	 x26=0x90000000
      118922000	      5844	80002be6	1d71	c.addi	x26,-4	 x26:0x90000000 x26=0x8ffffffc
      118942000	      5845	80002be8	6d85	c.lui	x27,0x1	 x27=0x00001000
      118962000	      5846	80002bea	b83d8d93	addi	x27,x27,-1149	 x27:0x00001000 x27=0x00000b83
      118982000	      5847	80002bee	0da2	c.slli	x27,0x8	 x27:0x00000b83 x27=0x000b8300
      119002000	      5848	80002bf0	0d8d	c.addi	x27,3	 x27:0x000b8300 x27=0x000b8303
      119062000	      5851	80002bf2	01bd2023	sw	x27,0(x26)	 x26:0x8ffffffc x27:0x000b8303 PA:0x8ffffffc store:0x000b8303 load:0xffffffff
      119082000	      5852	80002bf6	b8302df3	csrrs	x27,mhpmcounter3h,x0	  x0:0x00000000 x27=0x00000000
      119302000	      5863	80002bfa	01bd2023	sw	x27,0(x26)	 x26:0x8ffffffc x27:0x00000000 PA:0x8ffffffc store:0x00000000 load:0xffffffff
      119322000	      5864	80002bfe	90000d37	lui	x26,0x90000	 x26=0x90000000
      119342000	      5865	80002c02	1d71	c.addi	x26,-4	 x26:0x90000000 x26=0x8ffffffc
      119362000	      5866	80002c04	6d85	c.lui	x27,0x1	 x27=0x00001000
      119382000	      5867	80002c06	b04d8d93	addi	x27,x27,-1276	 x27:0x00001000 x27=0x00000b04
      119402000	      5868	80002c0a	0da2	c.slli	x27,0x8	 x27:0x00000b04 x27=0x000b0400
      119422000	      5869	80002c0c	0d8d	c.addi	x27,3	 x27:0x000b0400 x27=0x000b0403
      119642000	      5880	80002c0e	01bd2023	sw	x27,0(x26)	 x26:0x8ffffffc x27:0x000b0403 PA:0x8ffffffc store:0x000b0403 load:0xffffffff
      119662000	      5881	80002c12	b0402df3	csrrs	x27,mhpmcounter4,x0	  x0:0x00000000 x27=0x000007fe
      119782000	      5887	80002c16	01bd2023	sw	x27,0(x26)	 x26:0x8ffffffc x27:0x000007fe PA:0x8ffffffc store:0x000007fe load:0xffffffff
      119802000	      5888	80002c1a	90000d37	lui	x26,0x90000	 x26=0x90000000
      119822000	      5889	80002c1e	1d71	c.addi	x26,-4	 x26:0x90000000 x26=0x8ffffffc
      119842000	      5890	80002c20	6d85	c.lui	x27,0x1	 x27=0x00001000
      120022000	      5899	80002c22	b84d8d93	addi	x27,x27,-1148	 x27:0x00001000 x27=0x00000b84
      120042000	      5900	80002c26	0da2	c.slli	x27,0x8	 x27:0x00000b84 x27=0x000b8400
      120102000	      5903	80002c28	0d8d	c.addi	x27,3	 x27:0x000b8400 x27=0x000b8403
      120342000	      5915	80002c2a	01bd2023	sw	x27,0(x26)	 x26:0x8ffffffc x27:0x000b8403 PA:0x8ffffffc store:0x000b8403 load:0xffffffff
      120362000	      5916	80002c2e	b8402df3	csrrs	x27,mhpmcounter4h,x0	  x0:0x00000000 x27=0x00000000
      120462000	      5921	80002c32	01bd2023	sw	x27,0(x26)	 x26:0x8ffffffc x27:0x00000000 PA:0x8ffffffc store:0x00000000 load:0xffffffff
      120482000	      5922	80002c36	90000d37	lui	x26,0x90000	 x26=0x90000000
      120502000	      5923	80002c3a	1d71	c.addi	x26,-4	 x26:0x90000000 x26=0x8ffffffc
      120522000	      5924	80002c3c	6d85	c.lui	x27,0x1	 x27=0x00001000
      120742000	      5935	80002c3e	b05d8d93	addi	x27,x27,-1275	 x27:0x00001000 x27=0x00000b05
      120762000	      5936	80002c42	0da2	c.slli	x27,0x8	 x27:0x00000b05 x27=0x000b0500
      120942000	      5945	80002c44	0d8d	c.addi	x27,3	 x27:0x000b0500 x27=0x000b0503
      121402000	      5968	80002c46	01bd2023	sw	x27,0(x26)	 x26:0x8ffffffc x27:0x000b0503 PA:0x8ffffffc store:0x000b0503 load:0xffffffff
      121422000	      5969	80002c4a	b0502df3	csrrs	x27,mhpmcounter5,x0	  x0:0x00000000 x27=0x00000000
      121482000	      5972	80002c4e	01bd2023	sw	x27,0(x26)	 x26:0x8ffffffc x27:0x00000000 PA:0x8ffffffc store:0x00000000 load:0xffffffff
      121502000	      5973	80002c52	90000d37	lui	x26,0x90000	 x26=0x90000000
      121522000	      5974	80002c56	1d71	c.addi	x26,-4	 x26:0x90000000 x26=0x8ffffffc
      121542000	      5975	80002c58	6d85	c.lui	x27,0x1	 x27=0x00001000
      121562000	      5976	80002c5a	b85d8d93	addi	x27,x27,-1147	 x27:0x00001000 x27=0x00000b85
      121582000	      5977	80002c5e	0da2	c.slli	x27,0x8	 x27:0x00000b85 x27=0x000b8500
      121602000	      5978	80002c60	0d8d	c.addi	x27,3	 x27:0x000b8500 x27=0x000b8503
      121902000	      5993	80002c62	01bd2023	sw	x27,0(x26)	 x26:0x8ffffffc x27:0x000b8503 PA:0x8ffffffc store:0x000b8503 load:0xffffffff
      121922000	      5994	80002c66	b8502df3	csrrs	x27,mhpmcounter5h,x0	  x0:0x00000000 x27=0x00000000
      122322000	      6014	80002c6a	01bd2023	sw	x27,0(x26)	 x26:0x8ffffffc x27:0x00000000 PA:0x8ffffffc store:0x00000000 load:0xffffffff
      122342000	      6015	80002c6e	90000d37	lui	x26,0x90000	 x26=0x90000000
      122362000	      6016	80002c72	1d71	c.addi	x26,-4	 x26:0x90000000 x26=0x8ffffffc
      122382000	      6017	80002c74	6d85	c.lui	x27,0x1	 x27=0x00001000
      122402000	      6018	80002c76	b06d8d93	addi	x27,x27,-1274	 x27:0x00001000 x27=0x00000b06
      122422000	      6019	80002c7a	0da2	c.slli	x27,0x8	 x27:0x00000b06 x27=0x000b0600
      122782000	      6037	80002c7c	0d8d	c.addi	x27,3	 x27:0x000b0600 x27=0x000b0603
      122842000	      6040	80002c7e	01bd2023	sw	x27,0(x26)	 x26:0x8ffffffc x27:0x000b0603 PA:0x8ffffffc store:0x000b0603 load:0xffffffff
      122862000	      6041	80002c82	b0602df3	csrrs	x27,mhpmcounter6,x0	  x0:0x00000000 x27=0x00000058
      123082000	      6052	80002c86	01bd2023	sw	x27,0(x26)	 x26:0x8ffffffc x27:0x00000058 PA:0x8ffffffc store:0x00000058 load:0xffffffff
      123102000	      6053	80002c8a	90000d37	lui	x26,0x90000	 x26=0x90000000
      123122000	      6054	80002c8e	1d71	c.addi	x26,-4	 x26:0x90000000 x26=0x8ffffffc
      123142000	      6055	80002c90	6d85	c.lui	x27,0x1	 x27=0x00001000
      123322000	      6064	80002c92	b86d8d93	addi	x27,x27,-1146	 x27:0x00001000 x27=0x00000b86
      123342000	      6065	80002c96	0da2	c.slli	x27,0x8	 x27:0x00000b86 x27=0x000b8600
      123362000	      6066	80002c98	0d8d	c.addi	x27,3	 x27:0x000b8600 x27=0x000b8603
      123582000	      6077	80002c9a	01bd2023	sw	x27,0(x26)	 x26:0x8ffffffc x27:0x000b8603 PA:0x8ffffffc store:0x000b8603 load:0xffffffff
      123642000	      6080	80002c9e	b8602df3	csrrs	x27,mhpmcounter6h,x0	  x0:0x00000000 x27=0x00000000
      123662000	      6081	80002ca2	01bd2023	sw	x27,0(x26)	 x26:0x8ffffffc x27:0x00000000 PA:0x8ffffffc store:0x00000000 load:0xffffffff
      123762000	      6086	80002ca6	90000d37	lui	x26,0x90000	 x26=0x90000000
      123782000	      6087	80002caa	1d71	c.addi	x26,-4	 x26:0x90000000 x26=0x8ffffffc
      123802000	      6088	80002cac	6d85	c.lui	x27,0x1	 x27=0x00001000
      123882000	      6092	80002cae	b07d8d93	addi	x27,x27,-1273	 x27:0x00001000 x27=0x00000b07
      123902000	      6093	80002cb2	0da2	c.slli	x27,0x8	 x27:0x00000b07 x27=0x000b0700
      123922000	      6094	80002cb4	0d8d	c.addi	x27,3	 x27:0x000b0700 x27=0x000b0703
      124322000	      6114	80002cb6	01bd2023	sw	x27,0(x26)	 x26:0x8ffffffc x27:0x000b0703 PA:0x8ffffffc store:0x000b0703 load:0xffffffff
      124342000	      6115	80002cba	b0702df3	csrrs	x27,mhpmcounter7,x0	  x0:0x00000000 x27=0x00000023
      124582000	      6127	80002cbe	01bd2023	sw	x27,0(x26)	 x26:0x8ffffffc x27:0x00000023 PA:0x8ffffffc store:0x00000023 load:0xffffffff
      124602000	      6128	80002cc2	90000d37	lui	x26,0x90000	 x26=0x90000000
      124622000	      6129	80002cc6	1d71	c.addi	x26,-4	 x26:0x90000000 x26=0x8ffffffc
      124642000	      6130	80002cc8	6d85	c.lui	x27,0x1	 x27=0x00001000
      124662000	      6131	80002cca	b87d8d93	addi	x27,x27,-1145	 x27:0x00001000 x27=0x00000b87
      124682000	      6132	80002cce	0da2	c.slli	x27,0x8	 x27:0x00000b87 x27=0x000b8700
      124702000	      6133	80002cd0	0d8d	c.addi	x27,3	 x27:0x000b8700 x27=0x000b8703
      125022000	      6149	80002cd2	01bd2023	sw	x27,0(x26)	 x26:0x8ffffffc x27:0x000b8703 PA:0x8ffffffc store:0x000b8703 load:0xffffffff
      125042000	      6150	80002cd6	b8702df3	csrrs	x27,mhpmcounter7h,x0	  x0:0x00000000 x27=0x00000000
      125262000	      6161	80002cda	01bd2023	sw	x27,0(x26)	 x26:0x8ffffffc x27:0x00000000 PA:0x8ffffffc store:0x00000000 load:0xffffffff
      125282000	      6162	80002cde	90000d37	lui	x26,0x90000	 x26=0x90000000
      125302000	      6163	80002ce2	1d71	c.addi	x26,-4	 x26:0x90000000 x26=0x8ffffffc
      125322000	      6164	80002ce4	6d85	c.lui	x27,0x1	 x27=0x00001000
      125342000	      6165	80002ce6	b08d8d93	addi	x27,x27,-1272	 x27:0x00001000 x27=0x00000b08
      125362000	      6166	80002cea	0da2	c.slli	x27,0x8	 x27:0x00000b08 x27=0x000b0800
      125382000	      6167	80002cec	0d8d	c.addi	x27,3	 x27:0x000b0800 x27=0x000b0803
      125502000	      6173	80002cee	01bd2023	sw	x27,0(x26)	 x26:0x8ffffffc x27:0x000b0803 PA:0x8ffffffc store:0x000b0803 load:0xffffffff
      125682000	      6182	80002cf2	b0802df3	csrrs	x27,mhpmcounter8,x0	  x0:0x00000000 x27=0x000000f4
      125822000	      6189	80002cf6	01bd2023	sw	x27,0(x26)	 x26:0x8ffffffc x27:0x000000f4 PA:0x8ffffffc store:0x000000f4 load:0xffffffff
      125842000	      6190	80002cfa	90000d37	lui	x26,0x90000	 x26=0x90000000
      125862000	      6191	80002cfe	1d71	c.addi	x26,-4	 x26:0x90000000 x26=0x8ffffffc
      125882000	      6192	80002d00	6d85	c.lui	x27,0x1	 x27=0x00001000
      126142000	      6205	80002d02	b88d8d93	addi	x27,x27,-1144	 x27:0x00001000 x27=0x00000b88
      126162000	      6206	80002d06	0da2	c.slli	x27,0x8	 x27:0x00000b88 x27=0x000b8800
      126182000	      6207	80002d08	0d8d	c.addi	x27,3	 x27:0x000b8800 x27=0x000b8803
      126302000	      6213	80002d0a	01bd2023	sw	x27,0(x26)	 x26:0x8ffffffc x27:0x000b8803 PA:0x8ffffffc store:0x000b8803 load:0xffffffff
      126602000	      6228	80002d0e	b8802df3	csrrs	x27,mhpmcounter8h,x0	  x0:0x00000000 x27=0x00000000
      127022000	      6249	80002d12	01bd2023	sw	x27,0(x26)	 x26:0x8ffffffc x27:0x00000000 PA:0x8ffffffc store:0x00000000 load:0xffffffff
      127042000	      6250	80002d16	90000d37	lui	x26,0x90000	 x26=0x90000000
      127062000	      6251	80002d1a	1d71	c.addi	x26,-4	 x26:0x90000000 x26=0x8ffffffc
      127082000	      6252	80002d1c	6d85	c.lui	x27,0x1	 x27=0x00001000
      127102000	      6253	80002d1e	b09d8d93	addi	x27,x27,-1271	 x27:0x00001000 x27=0x00000b09
      127122000	      6254	80002d22	0da2	c.slli	x27,0x8	 x27:0x00000b09 x27=0x000b0900
      127142000	      6255	80002d24	0d8d	c.addi	x27,3	 x27:0x000b0900 x27=0x000b0903
      127262000	      6261	80002d26	01bd2023	sw	x27,0(x26)	 x26:0x8ffffffc x27:0x000b0903 PA:0x8ffffffc store:0x000b0903 load:0xffffffff
      127282000	      6262	80002d2a	b0902df3	csrrs	x27,mhpmcounter9,x0	  x0:0x00000000 x27=0x00000044
      127342000	      6265	80002d2e	01bd2023	sw	x27,0(x26)	 x26:0x8ffffffc x27:0x00000044 PA:0x8ffffffc store:0x00000044 load:0xffffffff
      127362000	      6266	80002d32	90000d37	lui	x26,0x90000	 x26=0x90000000
      127382000	      6267	80002d36	1d71	c.addi	x26,-4	 x26:0x90000000 x26=0x8ffffffc
      127422000	      6269	80002d38	6d85	c.lui	x27,0x1	 x27=0x00001000
      127682000	      6282	80002d3a	b89d8d93	addi	x27,x27,-1143	 x27:0x00001000 x27=0x00000b89
      127702000	      6283	80002d3e	0da2	c.slli	x27,0x8	 x27:0x00000b89 x27=0x000b8900
      127722000	      6284	80002d40	0d8d	c.addi	x27,3	 x27:0x000b8900 x27=0x000b8903
      127942000	      6295	80002d42	01bd2023	sw	x27,0(x26)	 x26:0x8ffffffc x27:0x000b8903 PA:0x8ffffffc store:0x000b8903 load:0xffffffff
      127962000	      6296	80002d46	b8902df3	csrrs	x27,mhpmcounter9h,x0	  x0:0x00000000 x27=0x00000000
      128022000	      6299	80002d4a	01bd2023	sw	x27,0(x26)	 x26:0x8ffffffc x27:0x00000000 PA:0x8ffffffc store:0x00000000 load:0xffffffff
      128042000	      6300	80002d4e	90000d37	lui	x26,0x90000	 x26=0x90000000
      128062000	      6301	80002d52	1d71	c.addi	x26,-4	 x26:0x90000000 x26=0x8ffffffc
      128082000	      6302	80002d54	6d85	c.lui	x27,0x1	 x27=0x00001000
      128182000	      6307	80002d56	b0ad8d93	addi	x27,x27,-1270	 x27:0x00001000 x27=0x00000b0a
      128202000	      6308	80002d5a	0da2	c.slli	x27,0x8	 x27:0x00000b0a x27=0x000b0a00
      128222000	      6309	80002d5c	0d8d	c.addi	x27,3	 x27:0x000b0a00 x27=0x000b0a03
      128482000	      6322	80002d5e	01bd2023	sw	x27,0(x26)	 x26:0x8ffffffc x27:0x000b0a03 PA:0x8ffffffc store:0x000b0a03 load:0xffffffff
      128502000	      6323	80002d62	b0a02df3	csrrs	x27,mhpmcounter10,x0	  x0:0x00000000 x27=0x00000263
      128602000	      6328	80002d66	01bd2023	sw	x27,0(x26)	 x26:0x8ffffffc x27:0x00000263 PA:0x8ffffffc store:0x00000263 load:0xffffffff
      128622000	      6329	80002d6a	90000d37	lui	x26,0x90000	 x26=0x90000000
      128642000	      6330	80002d6e	1d71	c.addi	x26,-4	 x26:0x90000000 x26=0x8ffffffc
      128702000	      6333	80002d70	6d85	c.lui	x27,0x1	 x27=0x00001000
      128722000	      6334	80002d72	b8ad8d93	addi	x27,x27,-1142	 x27:0x00001000 x27=0x00000b8a
      128742000	      6335	80002d76	0da2	c.slli	x27,0x8	 x27:0x00000b8a x27=0x000b8a00
      128762000	      6336	80002d78	0d8d	c.addi	x27,3	 x27:0x000b8a00 x27=0x000b8a03
      129542000	      6375	80002d7a	01bd2023	sw	x27,0(x26)	 x26:0x8ffffffc x27:0x000b8a03 PA:0x8ffffffc store:0x000b8a03 load:0xffffffff
      129562000	      6376	80002d7e	b8a02df3	csrrs	x27,mhpmcounter10h,x0	  x0:0x00000000 x27=0x00000000
      129622000	      6379	80002d82	01bd2023	sw	x27,0(x26)	 x26:0x8ffffffc x27:0x00000000 PA:0x8ffffffc store:0x00000000 load:0xffffffff
      129782000	      6387	80002d86	90000d37	lui	x26,0x90000	 x26=0x90000000
      129802000	      6388	80002d8a	1d71	c.addi	x26,-4	 x26:0x90000000 x26=0x8ffffffc
      130202000	      6408	80002d8c	6d85	c.lui	x27,0x1	 x27=0x00001000
      130502000	      6423	80002d8e	b0bd8d93	addi	x27,x27,-1269	 x27:0x00001000 x27=0x00000b0b
      130522000	      6424	80002d92	0da2	c.slli	x27,0x8	 x27:0x00000b0b x27=0x000b0b00
      130542000	      6425	80002d94	0d8d	c.addi	x27,3	 x27:0x000b0b00 x27=0x000b0b03
      130702000	      6433	80002d96	01bd2023	sw	x27,0(x26)	 x26:0x8ffffffc x27:0x000b0b03 PA:0x8ffffffc store:0x000b0b03 load:0xffffffff
      130722000	      6434	80002d9a	b0b02df3	csrrs	x27,mhpmcounter11,x0	  x0:0x00000000 x27=0x00000000
      131182000	      6457	80002d9e	01bd2023	sw	x27,0(x26)	 x26:0x8ffffffc x27:0x00000000 PA:0x8ffffffc store:0x00000000 load:0xffffffff
      131202000	      6458	80002da2	90000d37	lui	x26,0x90000	 x26=0x90000000
      131222000	      6459	80002da6	1d71	c.addi	x26,-4	 x26:0x90000000 x26=0x8ffffffc
      131242000	      6460	80002da8	6d85	c.lui	x27,0x1	 x27=0x00001000
      131262000	      6461	80002daa	b8bd8d93	addi	x27,x27,-1141	 x27:0x00001000 x27=0x00000b8b
      131282000	      6462	80002dae	0da2	c.slli	x27,0x8	 x27:0x00000b8b x27=0x000b8b00
      131302000	      6463	80002db0	0d8d	c.addi	x27,3	 x27:0x000b8b00 x27=0x000b8b03
      131402000	      6468	80002db2	01bd2023	sw	x27,0(x26)	 x26:0x8ffffffc x27:0x000b8b03 PA:0x8ffffffc store:0x000b8b03 load:0xffffffff
      131422000	      6469	80002db6	b8b02df3	csrrs	x27,mhpmcounter11h,x0	  x0:0x00000000 x27=0x00000000
      131482000	      6472	80002dba	01bd2023	sw	x27,0(x26)	 x26:0x8ffffffc x27:0x00000000 PA:0x8ffffffc store:0x00000000 load:0xffffffff
      131742000	      6485	80002dbe	90000d37	lui	x26,0x90000	 x26=0x90000000
      131762000	      6486	80002dc2	1d71	c.addi	x26,-4	 x26:0x90000000 x26=0x8ffffffc
      131862000	      6491	80002dc4	6d85	c.lui	x27,0x1	 x27=0x00001000
      131882000	      6492	80002dc6	b0cd8d93	addi	x27,x27,-1268	 x27:0x00001000 x27=0x00000b0c
      131902000	      6493	80002dca	0da2	c.slli	x27,0x8	 x27:0x00000b0c x27=0x000b0c00
      131922000	      6494	80002dcc	0d8d	c.addi	x27,3	 x27:0x000b0c00 x27=0x000b0c03
      131982000	      6497	80002dce	01bd2023	sw	x27,0(x26)	 x26:0x8ffffffc x27:0x000b0c03 PA:0x8ffffffc store:0x000b0c03 load:0xffffffff
      132002000	      6498	80002dd2	b0c02df3	csrrs	x27,mhpmcounter12,x0	  x0:0x00000000 x27=0x00000000
      132202000	      6508	80002dd6	01bd2023	sw	x27,0(x26)	 x26:0x8ffffffc x27:0x00000000 PA:0x8ffffffc store:0x00000000 load:0xffffffff
      132222000	      6509	80002dda	90000d37	lui	x26,0x90000	 x26=0x90000000
      132242000	      6510	80002dde	1d71	c.addi	x26,-4	 x26:0x90000000 x26=0x8ffffffc
      132262000	      6511	80002de0	6d85	c.lui	x27,0x1	 x27=0x00001000
      132282000	      6512	80002de2	b8cd8d93	addi	x27,x27,-1140	 x27:0x00001000 x27=0x00000b8c
      132302000	      6513	80002de6	0da2	c.slli	x27,0x8	 x27:0x00000b8c x27=0x000b8c00
      132702000	      6533	80002de8	0d8d	c.addi	x27,3	 x27:0x000b8c00 x27=0x000b8c03
      133222000	      6559	80002dea	01bd2023	sw	x27,0(x26)	 x26:0x8ffffffc x27:0x000b8c03 PA:0x8ffffffc store:0x000b8c03 load:0xffffffff
      133242000	      6560	80002dee	b8c02df3	csrrs	x27,mhpmcounter12h,x0	  x0:0x00000000 x27=0x00000000
      133302000	      6563	80002df2	01bd2023	sw	x27,0(x26)	 x26:0x8ffffffc x27:0x00000000 PA:0x8ffffffc store:0x00000000 load:0xffffffff
      133322000	      6564	80002df6	ffffdd97	auipc	x27,0xffffd	 x27=0x7ffffdf6
      133342000	      6565	80002dfa	28ad8d93	addi	x27,x27,650	 x27:0x7ffffdf6 x27=0x80000080
      133742000	      6585	80002dfe	000da023	sw	x0,0(x27)	 x27:0x80000080  x0:0x00000000 PA:0x80000080 store:0x00000000 load:0xffffffff
      134402000	      6618	80002e02	001da223	sw	x1,4(x27)	 x27:0x80000080  x1:0x00000000 PA:0x80000084 store:0x00000000 load:0xffffffff
      134462000	      6621	80002e06	002da423	sw	x2,8(x27)	 x27:0x80000080  x2:0x00000000 PA:0x80000088 store:0x00000000 load:0xffffffff
      134482000	      6622	80002e0a	003da623	sw	x3,12(x27)	 x27:0x80000080  x3:0x00000000 PA:0x8000008c store:0x00000000 load:0xffffffff
      134702000	      6633	80002e0e	004da823	sw	x4,16(x27)	 x27:0x80000080  x4:0x00000000 PA:0x80000090 store:0x00000000 load:0xffffffff
      134862000	      6641	80002e12	005daa23	sw	x5,20(x27)	 x27:0x80000080  x5:0x00000000 PA:0x80000094 store:0x00000000 load:0xffffffff
      135022000	      6649	80002e16	006dac23	sw	x6,24(x27)	 x27:0x80000080  x6:0x00000000 PA:0x80000098 store:0x00000000 load:0xffffffff
      135082000	      6652	80002e1a	007dae23	sw	x7,28(x27)	 x27:0x80000080  x7:0x00000010 PA:0x8000009c store:0x00000010 load:0xffffffff
      135102000	      6653	80002e1e	028da023	sw	x8,32(x27)	 x27:0x80000080  x8:0x0000000f PA:0x800000a0 store:0x0000000f load:0xffffffff
      135242000	      6660	80002e22	029da223	sw	x9,36(x27)	 x27:0x80000080  x9:0x00000000 PA:0x800000a4 store:0x00000000 load:0xffffffff
      135502000	      6673	80002e26	02ada423	sw	x10,40(x27)	 x27:0x80000080 x10:0x00000000 PA:0x800000a8 store:0x00000000 load:0xffffffff
      135702000	      6683	80002e2a	02bda623	sw	x11,44(x27)	 x27:0x80000080 x11:0x23ffffff PA:0x800000ac store:0x23ffffff load:0xffffffff
      136262000	      6711	80002e2e	02cda823	sw	x12,48(x27)	 x27:0x80000080 x12:0x00000000 PA:0x800000b0 store:0x00000000 load:0xffffffff
      136502000	      6723	80002e32	02ddaa23	sw	x13,52(x27)	 x27:0x80000080 x13:0x8002cbdc PA:0x800000b4 store:0x8002cbdc load:0xffffffff
      136742000	      6735	80002e36	02edac23	sw	x14,56(x27)	 x27:0x80000080 x14:0x00000000 PA:0x800000b8 store:0x00000000 load:0xffffffff
      136822000	      6739	80002e3a	02fdae23	sw	x15,60(x27)	 x27:0x80000080 x15:0x00000000 PA:0x800000bc store:0x00000000 load:0xffffffff
      136862000	      6741	80002e3e	050da023	sw	x16,64(x27)	 x27:0x80000080 x16:0x00000000 PA:0x800000c0 store:0x00000000 load:0xffffffff
      137062000	      6751	80002e42	051da223	sw	x17,68(x27)	 x27:0x80000080 x17:0x00000000 PA:0x800000c4 store:0x00000000 load:0xffffffff
      137082000	      6752	80002e46	052da423	sw	x18,72(x27)	 x27:0x80000080 x18:0x00000000 PA:0x800000c8 store:0x00000000 load:0xffffffff
      137342000	      6765	80002e4a	053da623	sw	x19,76(x27)	 x27:0x80000080 x19:0x00000000 PA:0x800000cc store:0x00000000 load:0xffffffff
      137862000	      6791	80002e4e	054da823	sw	x20,80(x27)	 x27:0x80000080 x20:0x00000000 PA:0x800000d0 store:0x00000000 load:0xffffffff
      137922000	      6794	80002e52	055daa23	sw	x21,84(x27)	 x27:0x80000080 x21:0x00000000 PA:0x800000d4 store:0x00000000 load:0xffffffff
      138142000	      6805	80002e56	056dac23	sw	x22,88(x27)	 x27:0x80000080 x22:0x00000000 PA:0x800000d8 store:0x00000000 load:0xffffffff
      138562000	      6826	80002e5a	057dae23	sw	x23,92(x27)	 x27:0x80000080 x23:0x8002cbdc PA:0x800000dc store:0x8002cbdc load:0xffffffff
      138822000	      6839	80002e5e	078da023	sw	x24,96(x27)	 x27:0x80000080 x24:0x0f0f0f0f PA:0x800000e0 store:0x0f0f0f0f load:0xffffffff
      139082000	      6852	80002e62	079da223	sw	x25,100(x27)	 x27:0x80000080 x25:0x00000000 PA:0x800000e4 store:0x00000000 load:0xffffffff
      139542000	      6875	80002e66	07ada423	sw	x26,104(x27)	 x27:0x80000080 x26:0x8ffffffc PA:0x800000e8 store:0x8ffffffc load:0xffffffff
      139602000	      6878	80002e6a	07bda623	sw	x27,108(x27)	 x27:0x80000080 x27:0x80000080 PA:0x800000ec store:0x80000080 load:0xffffffff
      139622000	      6879	80002e6e	07cda823	sw	x28,112(x27)	 x27:0x80000080 x28:0x20009ded PA:0x800000f0 store:0x20009ded load:0xffffffff
      139822000	      6889	80002e72	07ddaa23	sw	x29,116(x27)	 x27:0x80000080 x29:0x00000000 PA:0x800000f4 store:0x00000000 load:0xffffffff
      139842000	      6890	80002e76	07edac23	sw	x30,120(x27)	 x27:0x80000080 x30:0x00000000 PA:0x800000f8 store:0x00000000 load:0xffffffff
      139862000	      6891	80002e7a	07fdae23	sw	x31,124(x27)	 x27:0x80000080 x31:0x00000000 PA:0x800000fc store:0x00000000 load:0xffffffff
      139882000	      6892	80002e7e	34102df3	csrrs	x27,mepc,x0	  x0:0x00000000 x27=0x800005e4
      139902000	      6893	80002e82	0d91	c.addi	x27,4	 x27:0x800005e4 x27=0x800005e8
      139922000	      6894	80002e84	341d9073	csrrw	x0,mepc,x27	 x27:0x800005e8  x0=0x00000000
      139942000	      6895	80002e88	30200073	mret	
      140002000	      6898	800005e8	90000d37	lui	x26,0x90000	 x26=0x90000000
      140022000	      6899	800005ec	1d61	c.addi	x26,-8	 x26:0x90000000 x26=0x8ffffff8
      140042000	      6900	800005ee	4d85	c.li	x27,1	 x27=0x00000001
      154822000	      7639	800005f0	0da2	c.slli	x27,0x8	 x27:0x00000001 x27=0x00000100
      154842000	      7640	800005f2	0d85	c.addi	x27,1	 x27:0x00000100 x27=0x00000101
      154882000	      7642	800005f4	01bd2023	sw	x27,0(x26)	 x26:0x8ffffff8 x27:0x00000101 PA:0x8ffffff8 store:0x00000101 load:0xxxxxxxxx
      154962000	      7646	80002a00	0800006f	jal	x0,80002a80	  x0=0x00000000
      155002000	      7648	80002a80	16f1	c.addi	x13,-4	 x13:0x8002cbdc x13=0x8002cbd8
      155062000	      7651	80002a82	0176a023	sw	x23,0(x13)	 x13:0x8002cbd8 x23:0x8002cbdc PA:0x8002cbd8 store:0x8002cbdc load:0xffffffff
      155082000	      7652	80002a86	00068bb3	add	x23,x13,x0	 x13:0x8002cbd8  x0:0x00000000 x23=0x8002cbd8
      155102000	      7653	80002a8a	f80b8b93	addi	x23,x23,-128	 x23:0x8002cbd8 x23=0x8002cb58
      155162000	      7656	80002a8e	001ba223	sw	x1,4(x23)	 x23:0x8002cb58  x1:0x00000000 PA:0x8002cb5c store:0x00000000 load:0xffffffff
      155382000	      7667	80002a92	002ba423	sw	x2,8(x23)	 x23:0x8002cb58  x2:0x00000000 PA:0x8002cb60 store:0x00000000 load:0xffffffff
      155402000	      7668	80002a96	003ba623	sw	x3,12(x23)	 x23:0x8002cb58  x3:0x00000000 PA:0x8002cb64 store:0x00000000 load:0xffffffff
      155622000	      7679	80002a9a	004ba823	sw	x4,16(x23)	 x23:0x8002cb58  x4:0x00000000 PA:0x8002cb68 store:0x00000000 load:0xffffffff
      156082000	      7702	80002a9e	005baa23	sw	x5,20(x23)	 x23:0x8002cb58  x5:0x00000000 PA:0x8002cb6c store:0x00000000 load:0xffffffff
      156242000	      7710	80002aa2	006bac23	sw	x6,24(x23)	 x23:0x8002cb58  x6:0x00000000 PA:0x8002cb70 store:0x00000000 load:0xffffffff
      156302000	      7713	80002aa6	007bae23	sw	x7,28(x23)	 x23:0x8002cb58  x7:0x00000010 PA:0x8002cb74 store:0x00000010 load:0xffffffff
      156622000	      7729	80002aaa	028ba023	sw	x8,32(x23)	 x23:0x8002cb58  x8:0x0000000f PA:0x8002cb78 store:0x0000000f load:0xffffffff
      156682000	      7732	80002aae	029ba223	sw	x9,36(x23)	 x23:0x8002cb58  x9:0x00000000 PA:0x8002cb7c store:0x00000000 load:0xffffffff
      156702000	      7733	80002ab2	02aba423	sw	x10,40(x23)	 x23:0x8002cb58 x10:0x00000000 PA:0x8002cb80 store:0x00000000 load:0xffffffff
      156782000	      7737	80002ab6	02bba623	sw	x11,44(x23)	 x23:0x8002cb58 x11:0x23ffffff PA:0x8002cb84 store:0x23ffffff load:0xffffffff
      157142000	      7755	80002aba	02cba823	sw	x12,48(x23)	 x23:0x8002cb58 x12:0x00000000 PA:0x8002cb88 store:0x00000000 load:0xffffffff
      157202000	      7758	80002abe	02dbaa23	sw	x13,52(x23)	 x23:0x8002cb58 x13:0x8002cbd8 PA:0x8002cb8c store:0x8002cbd8 load:0xffffffff
      157222000	      7759	80002ac2	02ebac23	sw	x14,56(x23)	 x23:0x8002cb58 x14:0x00000000 PA:0x8002cb90 store:0x00000000 load:0xffffffff
      157242000	      7760	80002ac6	02fbae23	sw	x15,60(x23)	 x23:0x8002cb58 x15:0x00000000 PA:0x8002cb94 store:0x00000000 load:0xffffffff
      157402000	      7768	80002aca	050ba023	sw	x16,64(x23)	 x23:0x8002cb58 x16:0x00000000 PA:0x8002cb98 store:0x00000000 load:0xffffffff
      157582000	      7777	80002ace	051ba223	sw	x17,68(x23)	 x23:0x8002cb58 x17:0x00000000 PA:0x8002cb9c store:0x00000000 load:0xffffffff
      157642000	      7780	80002ad2	052ba423	sw	x18,72(x23)	 x23:0x8002cb58 x18:0x00000000 PA:0x8002cba0 store:0x00000000 load:0xffffffff
      157762000	      7786	80002ad6	053ba623	sw	x19,76(x23)	 x23:0x8002cb58 x19:0x00000000 PA:0x8002cba4 store:0x00000000 load:0xffffffff
      157962000	      7796	80002ada	054ba823	sw	x20,80(x23)	 x23:0x8002cb58 x20:0x00000000 PA:0x8002cba8 store:0x00000000 load:0xffffffff
      158402000	      7818	80002ade	055baa23	sw	x21,84(x23)	 x23:0x8002cb58 x21:0x00000000 PA:0x8002cbac store:0x00000000 load:0xffffffff
      158602000	      7828	80002ae2	056bac23	sw	x22,88(x23)	 x23:0x8002cb58 x22:0x00000000 PA:0x8002cbb0 store:0x00000000 load:0xffffffff
      158982000	      7847	80002ae6	057bae23	sw	x23,92(x23)	 x23:0x8002cb58 x23:0x8002cb58 PA:0x8002cbb4 store:0x8002cb58 load:0xffffffff
      159082000	      7852	80002aea	078ba023	sw	x24,96(x23)	 x23:0x8002cb58 x24:0x0f0f0f0f PA:0x8002cbb8 store:0x0f0f0f0f load:0xffffffff
      159142000	      7855	80002aee	079ba223	sw	x25,100(x23)	 x23:0x8002cb58 x25:0x00000000 PA:0x8002cbbc store:0x00000000 load:0xffffffff
      159222000	      7859	80002af2	07aba423	sw	x26,104(x23)	 x23:0x8002cb58 x26:0x8ffffff8 PA:0x8002cbc0 store:0x8ffffff8 load:0xffffffff
      159462000	      7871	80002af6	07bba623	sw	x27,108(x23)	 x23:0x8002cb58 x27:0x00000101 PA:0x8002cbc4 store:0x00000101 load:0xffffffff
      159622000	      7879	80002afa	07cba823	sw	x28,112(x23)	 x23:0x8002cb58 x28:0x20009ded PA:0x8002cbc8 store:0x20009ded load:0xffffffff
      159682000	      7882	80002afe	07dbaa23	sw	x29,116(x23)	 x23:0x8002cb58 x29:0x00000000 PA:0x8002cbcc store:0x00000000 load:0xffffffff
      159902000	      7893	80002b02	07ebac23	sw	x30,120(x23)	 x23:0x8002cb58 x30:0x00000000 PA:0x8002cbd0 store:0x00000000 load:0xffffffff
      160422000	      7919	80002b06	07fbae23	sw	x31,124(x23)	 x23:0x8002cb58 x31:0x00000000 PA:0x8002cbd4 store:0x00000000 load:0xffffffff
      160442000	      7920	80002b0a	000b86b3	add	x13,x23,x0	 x23:0x8002cb58  x0:0x00000000 x13=0x8002cb58
      160462000	      7921	80002b0e	90000d37	lui	x26,0x90000	 x26=0x90000000
      160482000	      7922	80002b12	1d71	c.addi	x26,-4	 x26:0x90000000 x26=0x8ffffffc
      160502000	      7923	80002b14	4da1	c.li	x27,8	 x27=0x00000008
      160522000	      7924	80002b16	0da2	c.slli	x27,0x8	 x27:0x00000008 x27=0x00000800
      160542000	      7925	80002b18	000d8d93	addi	x27,x27,0	 x27:0x00000800 x27=0x00000800
      160642000	      7930	80002b1c	01bd2023	sw	x27,0(x26)	 x26:0x8ffffffc x27:0x00000800 PA:0x8ffffffc store:0x00000800 load:0xffffffff
      160662000	      7931	80002b20	34102df3	csrrs	x27,mepc,x0	  x0:0x00000000 x27=0x800005f4
      160682000	      7932	80002b24	34202df3	csrrs	x27,mcause,x0	  x0:0x00000000 x27=0x00000007
      160702000	      7933	80002b28	4d0d	c.li	x26,3	 x26=0x00000003
      160722000	      7934	80002b2a	01ad9463	bne	x27,x26,80002b32	 x27:0x00000007 x26:0x00000003
      160762000	      7936	80002b32	4d21	c.li	x26,8	 x26=0x00000008
      160782000	      7937	80002b34	05ad8d63	beq	x27,x26,80002b8e	 x27:0x00000007 x26:0x00000008
      160802000	      7938	80002b38	4d25	c.li	x26,9	 x26=0x00000009
      160822000	      7939	80002b3a	05ad8a63	beq	x27,x26,80002b8e	 x27:0x00000007 x26:0x00000009
      160842000	      7940	80002b3e	4d2d	c.li	x26,11	 x26=0x0000000b
      160862000	      7941	80002b40	05ad8763	beq	x27,x26,80002b8e	 x27:0x00000007 x26:0x0000000b
      160882000	      7942	80002b44	4d05	c.li	x26,1	 x26=0x00000001
      160902000	      7943	80002b46	35ad8363	beq	x27,x26,80002e8c	 x27:0x00000007 x26:0x00000001
      160922000	      7944	80002b4a	4d15	c.li	x26,5	 x26=0x00000005
