Time	Cycle	PC	Insn	Decoded instruction	Register and memory contents
        1055000	         6	80000080	40001db7	lui	x27,0x40001	 x27=0x40001000
        1065000	         7	80000084	106d8d93	addi	x27,x27,262	 x27:0x40001000 x27=0x40001106
        1075000	         8	80000088	301d9073	csrrw	x0,misa,x27	 x27:0x40001106  x0=0x00000000
        1105000	        11	8000008c	0002d697	auipc	x13,0x2d	 x13=0x8002d08c
        1115000	        12	80000090	c5868693	addi	x13,x13,-936	 x13:0x8002d08c x13=0x8002cce4
        1125000	        13	80000094	00003d97	auipc	x27,0x3	 x27=0x80003094
        1135000	        14	80000098	96cd8d93	addi	x27,x27,-1684	 x27:0x80003094 x27=0x80002a00
        1145000	        15	8000009c	001ded93	ori	x27,x27,1	 x27:0x80002a00 x27=0x80002a01
        1155000	        16	800000a0	305d9073	csrrw	x0,mtvec,x27	 x27:0x80002a01  x0=0x00000000
        1185000	        19	800000a4	74725073	csrrwi	x0,0x747,4	  x0=0x00000000
        1215000	        22	800000a8	00003597	auipc	x11,0x3	 x11=0x800030a8
        1225000	        23	800000ac	71458593	addi	x11,x11,1812	 x11:0x800030a8 x11=0x800037bc
        1235000	        24	800000b0	4d81	c.li	x27,0	 x27=0x00000000
        1245000	        25	800000b2	95ee	c.add	x11,x27	 x11:0x800037bc x27:0x00000000 x11=0x800037bc
        1255000	        26	800000b4	8189	c.srli	x11,0x2	 x11:0x800037bc x11=0x20000def
        1265000	        27	800000b6	3b059073	csrrw	x0,pmpaddr0,x11	 x11:0x20000def  x0=0x00000000
        1295000	        30	800000ba	00003597	auipc	x11,0x3	 x11=0x800030ba
        1305000	        31	800000be	70258593	addi	x11,x11,1794	 x11:0x800030ba x11=0x800037bc
        1315000	        32	800000c2	6d89	c.lui	x27,0x2	 x27=0x00002000
        1325000	        33	800000c4	666d8d93	addi	x27,x27,1638	 x27:0x00002000 x27=0x00002666
        1335000	        34	800000c8	95ee	c.add	x11,x27	 x11:0x800037bc x27:0x00002666 x11=0x80005e22
        1345000	        35	800000ca	8189	c.srli	x11,0x2	 x11:0x80005e22 x11=0x20001788
        1355000	        36	800000cc	3b159073	csrrw	x0,pmpaddr1,x11	 x11:0x20001788  x0=0x00000000
        1385000	        39	800000d0	00003597	auipc	x11,0x3	 x11=0x800030d0
        1395000	        40	800000d4	6ec58593	addi	x11,x11,1772	 x11:0x800030d0 x11=0x800037bc
        1405000	        41	800000d8	6d95	c.lui	x27,0x5	 x27=0x00005000
        1415000	        42	800000da	cccd8d93	addi	x27,x27,-820	 x27:0x00005000 x27=0x00004ccc
        1425000	        43	800000de	95ee	c.add	x11,x27	 x11:0x800037bc x27:0x00004ccc x11=0x80008488
        1435000	        44	800000e0	8189	c.srli	x11,0x2	 x11:0x80008488 x11=0x20002122
        1445000	        45	800000e2	3b259073	csrrw	x0,pmpaddr2,x11	 x11:0x20002122  x0=0x00000000
        1475000	        48	800000e6	00003597	auipc	x11,0x3	 x11=0x800030e6
        1485000	        49	800000ea	6d658593	addi	x11,x11,1750	 x11:0x800030e6 x11=0x800037bc
        1495000	        50	800000ee	6d9d	c.lui	x27,0x7	 x27=0x00007000
        1505000	        51	800000f0	332d8d93	addi	x27,x27,818	 x27:0x00007000 x27=0x00007332
        1515000	        52	800000f4	95ee	c.add	x11,x27	 x11:0x800037bc x27:0x00007332 x11=0x8000aaee
        1525000	        53	800000f6	8189	c.srli	x11,0x2	 x11:0x8000aaee x11=0x20002abb
        1535000	        54	800000f8	3b359073	csrrw	x0,pmpaddr3,x11	 x11:0x20002abb  x0=0x00000000
        1565000	        57	800000fc	0f0f15b7	lui	x11,0xf0f1	 x11=0x0f0f1000
        1575000	        58	80000100	f0f58593	addi	x11,x11,-241	 x11:0x0f0f1000 x11=0x0f0f0f0f
        1585000	        59	80000104	3a059073	csrrw	x0,pmpcfg0,x11	 x11:0x0f0f0f0f  x0=0x00000000
        1615000	        62	80000108	00003597	auipc	x11,0x3	 x11=0x80003108
        1625000	        63	8000010c	6b458593	addi	x11,x11,1716	 x11:0x80003108 x11=0x800037bc
        1635000	        64	80000110	6da9	c.lui	x27,0xa	 x27=0x0000a000
        1645000	        65	80000112	998d8d93	addi	x27,x27,-1640	 x27:0x0000a000 x27=0x00009998
        1655000	        66	80000116	95ee	c.add	x11,x27	 x11:0x800037bc x27:0x00009998 x11=0x8000d154
        1665000	        67	80000118	8189	c.srli	x11,0x2	 x11:0x8000d154 x11=0x20003455
        1675000	        68	8000011a	3b459073	csrrw	x0,pmpaddr4,x11	 x11:0x20003455  x0=0x00000000
        1705000	        71	8000011e	00003597	auipc	x11,0x3	 x11=0x8000311e
        1715000	        72	80000122	69e58593	addi	x11,x11,1694	 x11:0x8000311e x11=0x800037bc
        1725000	        73	80000126	6db1	c.lui	x27,0xc	 x27=0x0000c000
        1735000	        74	80000128	1df9	c.addi	x27,-2	 x27:0x0000c000 x27=0x0000bffe
        1745000	        75	8000012a	95ee	c.add	x11,x27	 x11:0x800037bc x27:0x0000bffe x11=0x8000f7ba
        1755000	        76	8000012c	8189	c.srli	x11,0x2	 x11:0x8000f7ba x11=0x20003dee
        1765000	        77	8000012e	3b559073	csrrw	x0,pmpaddr5,x11	 x11:0x20003dee  x0=0x00000000
        1795000	        80	80000132	00003597	auipc	x11,0x3	 x11=0x80003132
        1805000	        81	80000136	68a58593	addi	x11,x11,1674	 x11:0x80003132 x11=0x800037bc
        1815000	        82	8000013a	6db9	c.lui	x27,0xe	 x27=0x0000e000
        1825000	        83	8000013c	664d8d93	addi	x27,x27,1636	 x27:0x0000e000 x27=0x0000e664
        1835000	        84	80000140	95ee	c.add	x11,x27	 x11:0x800037bc x27:0x0000e664 x11=0x80011e20
        1845000	        85	80000142	8189	c.srli	x11,0x2	 x11:0x80011e20 x11=0x20004788
        1855000	        86	80000144	3b659073	csrrw	x0,pmpaddr6,x11	 x11:0x20004788  x0=0x00000000
        1885000	        89	80000148	00003597	auipc	x11,0x3	 x11=0x80003148
        1895000	        90	8000014c	67458593	addi	x11,x11,1652	 x11:0x80003148 x11=0x800037bc
        1905000	        91	80000150	6dc5	c.lui	x27,0x11	 x27=0x00011000
        1915000	        92	80000152	ccad8d93	addi	x27,x27,-822	 x27:0x00011000 x27=0x00010cca
        1925000	        93	80000156	95ee	c.add	x11,x27	 x11:0x800037bc x27:0x00010cca x11=0x80014486
        1935000	        94	80000158	8189	c.srli	x11,0x2	 x11:0x80014486 x11=0x20005121
        1945000	        95	8000015a	3b759073	csrrw	x0,pmpaddr7,x11	 x11:0x20005121  x0=0x00000000
        1975000	        98	8000015e	0f0f15b7	lui	x11,0xf0f1	 x11=0x0f0f1000
        1985000	        99	80000162	f0f58593	addi	x11,x11,-241	 x11:0x0f0f1000 x11=0x0f0f0f0f
        1995000	       100	80000166	3a159073	csrrw	x0,pmpcfg1,x11	 x11:0x0f0f0f0f  x0=0x00000000
        2025000	       103	8000016a	00003597	auipc	x11,0x3	 x11=0x8000316a
        2035000	       104	8000016e	65258593	addi	x11,x11,1618	 x11:0x8000316a x11=0x800037bc
        2045000	       105	80000172	6dcd	c.lui	x27,0x13	 x27=0x00013000
        2055000	       106	80000174	330d8d93	addi	x27,x27,816	 x27:0x00013000 x27=0x00013330
        2065000	       107	80000178	95ee	c.add	x11,x27	 x11:0x800037bc x27:0x00013330 x11=0x80016aec
        2075000	       108	8000017a	8189	c.srli	x11,0x2	 x11:0x80016aec x11=0x20005abb
        2085000	       109	8000017c	3b859073	csrrw	x0,pmpaddr8,x11	 x11:0x20005abb  x0=0x00000000
        2115000	       112	80000180	00003597	auipc	x11,0x3	 x11=0x80003180
        2125000	       113	80000184	63c58593	addi	x11,x11,1596	 x11:0x80003180 x11=0x800037bc
        2135000	       114	80000188	6dd9	c.lui	x27,0x16	 x27=0x00016000
        2145000	       115	8000018a	996d8d93	addi	x27,x27,-1642	 x27:0x00016000 x27=0x00015996
        2155000	       116	8000018e	95ee	c.add	x11,x27	 x11:0x800037bc x27:0x00015996 x11=0x80019152
        2165000	       117	80000190	8189	c.srli	x11,0x2	 x11:0x80019152 x11=0x20006454
        2175000	       118	80000192	3b959073	csrrw	x0,pmpaddr9,x11	 x11:0x20006454  x0=0x00000000
        2205000	       121	80000196	00003597	auipc	x11,0x3	 x11=0x80003196
        2215000	       122	8000019a	62658593	addi	x11,x11,1574	 x11:0x80003196 x11=0x800037bc
        2225000	       123	8000019e	6de1	c.lui	x27,0x18	 x27=0x00018000
        2235000	       124	800001a0	1df1	c.addi	x27,-4	 x27:0x00018000 x27=0x00017ffc
        2245000	       125	800001a2	95ee	c.add	x11,x27	 x11:0x800037bc x27:0x00017ffc x11=0x8001b7b8
        2255000	       126	800001a4	8189	c.srli	x11,0x2	 x11:0x8001b7b8 x11=0x20006dee
        2265000	       127	800001a6	3ba59073	csrrw	x0,pmpaddr10,x11	 x11:0x20006dee  x0=0x00000000
        2295000	       130	800001aa	00003597	auipc	x11,0x3	 x11=0x800031aa
        2305000	       131	800001ae	61258593	addi	x11,x11,1554	 x11:0x800031aa x11=0x800037bc
        2315000	       132	800001b2	6de9	c.lui	x27,0x1a	 x27=0x0001a000
        2325000	       133	800001b4	662d8d93	addi	x27,x27,1634	 x27:0x0001a000 x27=0x0001a662
        2335000	       134	800001b8	95ee	c.add	x11,x27	 x11:0x800037bc x27:0x0001a662 x11=0x8001de1e
        2345000	       135	800001ba	8189	c.srli	x11,0x2	 x11:0x8001de1e x11=0x20007787
        2355000	       136	800001bc	3bb59073	csrrw	x0,pmpaddr11,x11	 x11:0x20007787  x0=0x00000000
        2385000	       139	800001c0	0f0f15b7	lui	x11,0xf0f1	 x11=0x0f0f1000
        2395000	       140	800001c4	f0f58593	addi	x11,x11,-241	 x11:0x0f0f1000 x11=0x0f0f0f0f
        2405000	       141	800001c8	3a259073	csrrw	x0,pmpcfg2,x11	 x11:0x0f0f0f0f  x0=0x00000000
        2435000	       144	800001cc	00003597	auipc	x11,0x3	 x11=0x800031cc
        2445000	       145	800001d0	5f058593	addi	x11,x11,1520	 x11:0x800031cc x11=0x800037bc
        2455000	       146	800001d4	6df5	c.lui	x27,0x1d	 x27=0x0001d000
        2465000	       147	800001d6	cc8d8d93	addi	x27,x27,-824	 x27:0x0001d000 x27=0x0001ccc8
        2475000	       148	800001da	95ee	c.add	x11,x27	 x11:0x800037bc x27:0x0001ccc8 x11=0x80020484
        2485000	       149	800001dc	8189	c.srli	x11,0x2	 x11:0x80020484 x11=0x20008121
        2495000	       150	800001de	3bc59073	csrrw	x0,pmpaddr12,x11	 x11:0x20008121  x0=0x00000000
        2525000	       153	800001e2	00003597	auipc	x11,0x3	 x11=0x800031e2
        2535000	       154	800001e6	5da58593	addi	x11,x11,1498	 x11:0x800031e2 x11=0x800037bc
        2545000	       155	800001ea	6dfd	c.lui	x27,0x1f	 x27=0x0001f000
        2555000	       156	800001ec	32ed8d93	addi	x27,x27,814	 x27:0x0001f000 x27=0x0001f32e
        2565000	       157	800001f0	95ee	c.add	x11,x27	 x11:0x800037bc x27:0x0001f32e x11=0x80022aea
        2575000	       158	800001f2	8189	c.srli	x11,0x2	 x11:0x80022aea x11=0x20008aba
        2585000	       159	800001f4	3bd59073	csrrw	x0,pmpaddr13,x11	 x11:0x20008aba  x0=0x00000000
        2615000	       162	800001f8	00003597	auipc	x11,0x3	 x11=0x800031f8
        2625000	       163	800001fc	5c458593	addi	x11,x11,1476	 x11:0x800031f8 x11=0x800037bc
        2635000	       164	80000200	00022db7	lui	x27,0x22	 x27=0x00022000
        2645000	       165	80000204	994d8d93	addi	x27,x27,-1644	 x27:0x00022000 x27=0x00021994
        2655000	       166	80000208	95ee	c.add	x11,x27	 x11:0x800037bc x27:0x00021994 x11=0x80025150
        2665000	       167	8000020a	8189	c.srli	x11,0x2	 x11:0x80025150 x11=0x20009454
        2675000	       168	8000020c	3be59073	csrrw	x0,pmpaddr14,x11	 x11:0x20009454  x0=0x00000000
        2705000	       171	80000210	00003597	auipc	x11,0x3	 x11=0x80003210
        2715000	       172	80000214	5ac58593	addi	x11,x11,1452	 x11:0x80003210 x11=0x800037bc
        2725000	       173	80000218	00024db7	lui	x27,0x24	 x27=0x00024000
        2735000	       174	8000021c	1de9	c.addi	x27,-6	 x27:0x00024000 x27=0x00023ffa
        2745000	       175	8000021e	95ee	c.add	x11,x27	 x11:0x800037bc x27:0x00023ffa x11=0x800277b6
        2755000	       176	80000220	8189	c.srli	x11,0x2	 x11:0x800277b6 x11=0x20009ded
        2765000	       177	80000222	3bf59073	csrrw	x0,pmpaddr15,x11	 x11:0x20009ded  x0=0x00000000
        2795000	       180	80000226	0f0f15b7	lui	x11,0xf0f1	 x11=0x0f0f1000
        2805000	       181	8000022a	f0f58593	addi	x11,x11,-241	 x11:0x0f0f1000 x11=0x0f0f0f0f
        2815000	       182	8000022e	3a359073	csrrw	x0,pmpcfg3,x11	 x11:0x0f0f0f0f  x0=0x00000000
        2845000	       185	80000232	74705073	csrrwi	x0,0x747,0	  x0=0x00000000
        2875000	       188	80000236	78d025b7	lui	x11,0x78d02	 x11=0x78d02000
        2885000	       189	8000023a	ed458593	addi	x11,x11,-300	 x11:0x78d02000 x11=0x78d01ed4
        2895000	       190	8000023e	00003e17	auipc	x28,0x3	 x28=0x8000323e
        2905000	       191	80000242	57ee0e13	addi	x28,x28,1406	 x28:0x8000323e x28=0x800037bc
        2915000	       192	80000246	95f2	c.add	x11,x28	 x11:0x78d01ed4 x28:0x800037bc x11=0xf8d05690
        2925000	       193	80000248	3b0595f3	csrrw	x11,pmpaddr0,x11	 x11:0xf8d05690 x11=0x20000def
        2955000	       196	8000024c	3b0595f3	csrrw	x11,pmpaddr0,x11	 x11:0x20000def x11=0xf8d05690
        2985000	       199	80000250	5d5b55b7	lui	x11,0x5d5b5	 x11=0x5d5b5000
        2995000	       200	80000254	10f58593	addi	x11,x11,271	 x11:0x5d5b5000 x11=0x5d5b510f
        3005000	       201	80000258	3a0595f3	csrrw	x11,pmpcfg0,x11	 x11:0x5d5b510f x11=0x0f0f0f0f
        3035000	       204	8000025c	3a0595f3	csrrw	x11,pmpcfg0,x11	 x11:0x0f0f0f0f x11=0x1d1b110f
        3065000	       207	80000260	4428a5b7	lui	x11,0x4428a	 x11=0x4428a000
        3075000	       208	80000264	8ad58593	addi	x11,x11,-1875	 x11:0x4428a000 x11=0x442898ad
        3085000	       209	80000268	00003e17	auipc	x28,0x3	 x28=0x80003268
        3095000	       210	8000026c	554e0e13	addi	x28,x28,1364	 x28:0x80003268 x28=0x800037bc
        3105000	       211	80000270	95f2	c.add	x11,x28	 x11:0x442898ad x28:0x800037bc x11=0xc428d069
        3115000	       212	80000272	3b1595f3	csrrw	x11,pmpaddr1,x11	 x11:0xc428d069 x11=0x20001788
        3145000	       215	80000276	3b1595f3	csrrw	x11,pmpaddr1,x11	 x11:0x20001788 x11=0xc428d069
        3175000	       218	8000027a	2c0345b7	lui	x11,0x2c034	 x11=0x2c034000
        3185000	       219	8000027e	80f58593	addi	x11,x11,-2033	 x11:0x2c034000 x11=0x2c03380f
        3195000	       220	80000282	3a0595f3	csrrw	x11,pmpcfg0,x11	 x11:0x2c03380f x11=0x0f0f0f0f
        3225000	       223	80000286	3a0595f3	csrrw	x11,pmpcfg0,x11	 x11:0x0f0f0f0f x11=0x0c03180f
        3255000	       226	8000028a	49dfc5b7	lui	x11,0x49dfc	 x11=0x49dfc000
        3265000	       227	8000028e	69758593	addi	x11,x11,1687	 x11:0x49dfc000 x11=0x49dfc697
        3275000	       228	80000292	00003e17	auipc	x28,0x3	 x28=0x80003292
        3285000	       229	80000296	52ae0e13	addi	x28,x28,1322	 x28:0x80003292 x28=0x800037bc
        3295000	       230	8000029a	95f2	c.add	x11,x28	 x11:0x49dfc697 x28:0x800037bc x11=0xc9dffe53
        3305000	       231	8000029c	3b2595f3	csrrw	x11,pmpaddr2,x11	 x11:0xc9dffe53 x11=0x20002122
        3335000	       234	800002a0	3b2595f3	csrrw	x11,pmpaddr2,x11	 x11:0x20002122 x11=0xc9dffe53
        3365000	       237	800002a4	434845b7	lui	x11,0x43484	 x11=0x43484000
        3375000	       238	800002a8	b0f58593	addi	x11,x11,-1265	 x11:0x43484000 x11=0x43483b0f
        3385000	       239	800002ac	3a0595f3	csrrw	x11,pmpcfg0,x11	 x11:0x43483b0f x11=0x0f0f0f0f
        3415000	       242	800002b0	3a0595f3	csrrw	x11,pmpcfg0,x11	 x11:0x0f0f0f0f x11=0x03081b0f
        3445000	       245	800002b4	3e8f75b7	lui	x11,0x3e8f7	 x11=0x3e8f7000
        3455000	       246	800002b8	3f458593	addi	x11,x11,1012	 x11:0x3e8f7000 x11=0x3e8f73f4
        3465000	       247	800002bc	00003e17	auipc	x28,0x3	 x28=0x800032bc
        3475000	       248	800002c0	500e0e13	addi	x28,x28,1280	 x28:0x800032bc x28=0x800037bc
        3485000	       249	800002c4	95f2	c.add	x11,x28	 x11:0x3e8f73f4 x28:0x800037bc x11=0xbe8fabb0
        3495000	       250	800002c6	3b3595f3	csrrw	x11,pmpaddr3,x11	 x11:0xbe8fabb0 x11=0x20002abb
        3525000	       253	800002ca	3b3595f3	csrrw	x11,pmpaddr3,x11	 x11:0x20002abb x11=0xbe8fabb0
        3555000	       256	800002ce	6f0365b7	lui	x11,0x6f036	 x11=0x6f036000
        3565000	       257	800002d2	80f58593	addi	x11,x11,-2033	 x11:0x6f036000 x11=0x6f03580f
        3575000	       258	800002d6	3a0595f3	csrrw	x11,pmpcfg0,x11	 x11:0x6f03580f x11=0x0f0f0f0f
        3605000	       261	800002da	3a0595f3	csrrw	x11,pmpcfg0,x11	 x11:0x0f0f0f0f x11=0x0f03180f
        3635000	       264	800002de	1fd455b7	lui	x11,0x1fd45	 x11=0x1fd45000
        3645000	       265	800002e2	4e458593	addi	x11,x11,1252	 x11:0x1fd45000 x11=0x1fd454e4
        3655000	       266	800002e6	00003e17	auipc	x28,0x3	 x28=0x800032e6
        3665000	       267	800002ea	4d6e0e13	addi	x28,x28,1238	 x28:0x800032e6 x28=0x800037bc
        3675000	       268	800002ee	95f2	c.add	x11,x28	 x11:0x1fd454e4 x28:0x800037bc x11=0x9fd48ca0
        3685000	       269	800002f0	3b4595f3	csrrw	x11,pmpaddr4,x11	 x11:0x9fd48ca0 x11=0x20003455
        3715000	       272	800002f4	3b4595f3	csrrw	x11,pmpaddr4,x11	 x11:0x20003455 x11=0x9fd48ca0
        3745000	       275	800002f8	514545b7	lui	x11,0x51454	 x11=0x51454000
        3755000	       276	800002fc	f3f58593	addi	x11,x11,-193	 x11:0x51454000 x11=0x51453f3f
        3765000	       277	80000300	3a1595f3	csrrw	x11,pmpcfg1,x11	 x11:0x51453f3f x11=0x0f0f0f0f
        3795000	       280	80000304	3a1595f3	csrrw	x11,pmpcfg1,x11	 x11:0x0f0f0f0f x11=0x11051f1f
        3825000	       283	80000308	19edd5b7	lui	x11,0x19edd	 x11=0x19edd000
        3835000	       284	8000030c	03858593	addi	x11,x11,56	 x11:0x19edd000 x11=0x19edd038
        3845000	       285	80000310	00003e17	auipc	x28,0x3	 x28=0x80003310
        3855000	       286	80000314	4ace0e13	addi	x28,x28,1196	 x28:0x80003310 x28=0x800037bc
        3865000	       287	80000318	95f2	c.add	x11,x28	 x11:0x19edd038 x28:0x800037bc x11=0x99ee07f4
        3875000	       288	8000031a	3b5595f3	csrrw	x11,pmpaddr5,x11	 x11:0x99ee07f4 x11=0x20003dee
        3905000	       291	8000031e	3b5595f3	csrrw	x11,pmpaddr5,x11	 x11:0x20003dee x11=0x99ee07f4
        3935000	       294	80000322	707365b7	lui	x11,0x70736	 x11=0x70736000
        3945000	       295	80000326	41c58593	addi	x11,x11,1052	 x11:0x70736000 x11=0x7073641c
        3955000	       296	8000032a	3a1595f3	csrrw	x11,pmpcfg1,x11	 x11:0x7073641c x11=0x0f0f0f0f
        3985000	       299	8000032e	3a1595f3	csrrw	x11,pmpcfg1,x11	 x11:0x0f0f0f0f x11=0x1013041c
        4015000	       302	80000332	0d13f5b7	lui	x11,0xd13f	 x11=0x0d13f000
        4025000	       303	80000336	61558593	addi	x11,x11,1557	 x11:0x0d13f000 x11=0x0d13f615
        4035000	       304	8000033a	00003e17	auipc	x28,0x3	 x28=0x8000333a
        4045000	       305	8000033e	482e0e13	addi	x28,x28,1154	 x28:0x8000333a x28=0x800037bc
        4055000	       306	80000342	95f2	c.add	x11,x28	 x11:0x0d13f615 x28:0x800037bc x11=0x8d142dd1
        4065000	       307	80000344	3b6595f3	csrrw	x11,pmpaddr6,x11	 x11:0x8d142dd1 x11=0x20004788
        4095000	       310	80000348	3b6595f3	csrrw	x11,pmpaddr6,x11	 x11:0x20004788 x11=0x8d142dd1
        4125000	       313	8000034c	243355b7	lui	x11,0x24335	 x11=0x24335000
        4135000	       314	80000350	83458593	addi	x11,x11,-1996	 x11:0x24335000 x11=0x24334834
        4145000	       315	80000354	3a1595f3	csrrw	x11,pmpcfg1,x11	 x11:0x24334834 x11=0x0f0f0f0f
        4175000	       318	80000358	3a1595f3	csrrw	x11,pmpcfg1,x11	 x11:0x0f0f0f0f x11=0x04130814
        4205000	       321	8000035c	0e9655b7	lui	x11,0xe965	 x11=0x0e965000
        4215000	       322	80000360	f6a58593	addi	x11,x11,-150	 x11:0x0e965000 x11=0x0e964f6a
        4225000	       323	80000364	00003e17	auipc	x28,0x3	 x28=0x80003364
        4235000	       324	80000368	458e0e13	addi	x28,x28,1112	 x28:0x80003364 x28=0x800037bc
        4245000	       325	8000036c	95f2	c.add	x11,x28	 x11:0x0e964f6a x28:0x800037bc x11=0x8e968726
        4255000	       326	8000036e	3b7595f3	csrrw	x11,pmpaddr7,x11	 x11:0x8e968726 x11=0x20005121
        4285000	       329	80000372	3b7595f3	csrrw	x11,pmpaddr7,x11	 x11:0x20005121 x11=0x8e968726
        4315000	       332	80000376	515325b7	lui	x11,0x51532	 x11=0x51532000
        4325000	       333	8000037a	f7f58593	addi	x11,x11,-129	 x11:0x51532000 x11=0x51531f7f
        4335000	       334	8000037e	3a1595f3	csrrw	x11,pmpcfg1,x11	 x11:0x51531f7f x11=0x0f0f0f0f
        4365000	       337	80000382	3a1595f3	csrrw	x11,pmpcfg1,x11	 x11:0x0f0f0f0f x11=0x11131f1f
        4395000	       340	80000386	01bbf5b7	lui	x11,0x1bbf	 x11=0x01bbf000
        4405000	       341	8000038a	21158593	addi	x11,x11,529	 x11:0x01bbf000 x11=0x01bbf211
        4415000	       342	8000038e	00003e17	auipc	x28,0x3	 x28=0x8000338e
        4425000	       343	80000392	42ee0e13	addi	x28,x28,1070	 x28:0x8000338e x28=0x800037bc
        4435000	       344	80000396	95f2	c.add	x11,x28	 x11:0x01bbf211 x28:0x800037bc x11=0x81bc29cd
        4445000	       345	80000398	3b8595f3	csrrw	x11,pmpaddr8,x11	 x11:0x81bc29cd x11=0x20005abb
        4475000	       348	8000039c	3b8595f3	csrrw	x11,pmpaddr8,x11	 x11:0x20005abb x11=0x81bc29cd
        4505000	       351	800003a0	405f55b7	lui	x11,0x405f5	 x11=0x405f5000
        4515000	       352	800003a4	94f58593	addi	x11,x11,-1713	 x11:0x405f5000 x11=0x405f494f
        4525000	       353	800003a8	3a2595f3	csrrw	x11,pmpcfg2,x11	 x11:0x405f494f x11=0x0f0f0f0f
        4555000	       356	800003ac	3a2595f3	csrrw	x11,pmpcfg2,x11	 x11:0x0f0f0f0f x11=0x001f090f
        4585000	       359	800003b0	245605b7	lui	x11,0x24560	 x11=0x24560000
        4595000	       360	800003b4	5c658593	addi	x11,x11,1478	 x11:0x24560000 x11=0x245605c6
        4605000	       361	800003b8	00003e17	auipc	x28,0x3	 x28=0x800033b8
        4615000	       362	800003bc	404e0e13	addi	x28,x28,1028	 x28:0x800033b8 x28=0x800037bc
        4625000	       363	800003c0	95f2	c.add	x11,x28	 x11:0x245605c6 x28:0x800037bc x11=0xa4563d82
        4635000	       364	800003c2	3b9595f3	csrrw	x11,pmpaddr9,x11	 x11:0xa4563d82 x11=0x20006454
        4665000	       367	800003c6	3b9595f3	csrrw	x11,pmpaddr9,x11	 x11:0x20006454 x11=0xa4563d82
        4695000	       370	800003ca	7f5f45b7	lui	x11,0x7f5f4	 x11=0x7f5f4000
        4705000	       371	800003ce	c1158593	addi	x11,x11,-1007	 x11:0x7f5f4000 x11=0x7f5f3c11
        4715000	       372	800003d2	3a2595f3	csrrw	x11,pmpcfg2,x11	 x11:0x7f5f3c11 x11=0x0f0f0f0f
        4745000	       375	800003d6	3a2595f3	csrrw	x11,pmpcfg2,x11	 x11:0x0f0f0f0f x11=0x1f1f1c11
        4775000	       378	800003da	2b28a5b7	lui	x11,0x2b28a	 x11=0x2b28a000
        4785000	       379	800003de	5ca58593	addi	x11,x11,1482	 x11:0x2b28a000 x11=0x2b28a5ca
        4795000	       380	800003e2	00003e17	auipc	x28,0x3	 x28=0x800033e2
        4805000	       381	800003e6	3dae0e13	addi	x28,x28,986	 x28:0x800033e2 x28=0x800037bc
        4815000	       382	800003ea	95f2	c.add	x11,x28	 x11:0x2b28a5ca x28:0x800037bc x11=0xab28dd86
        4825000	       383	800003ec	3ba595f3	csrrw	x11,pmpaddr10,x11	 x11:0xab28dd86 x11=0x20006dee
        4855000	       386	800003f0	3ba595f3	csrrw	x11,pmpaddr10,x11	 x11:0x20006dee x11=0xab28dd86
        4885000	       389	800003f4	7d0125b7	lui	x11,0x7d012	 x11=0x7d012000
        4895000	       390	800003f8	76358593	addi	x11,x11,1891	 x11:0x7d012000 x11=0x7d012763
        4905000	       391	800003fc	3a2595f3	csrrw	x11,pmpcfg2,x11	 x11:0x7d012763 x11=0x0f0f0f0f
        4935000	       394	80000400	3a2595f3	csrrw	x11,pmpcfg2,x11	 x11:0x0f0f0f0f x11=0x1d010703
        4965000	       397	80000404	49f8d5b7	lui	x11,0x49f8d	 x11=0x49f8d000
        4975000	       398	80000408	b5558593	addi	x11,x11,-1195	 x11:0x49f8d000 x11=0x49f8cb55
        4985000	       399	8000040c	00003e17	auipc	x28,0x3	 x28=0x8000340c
        4995000	       400	80000410	3b0e0e13	addi	x28,x28,944	 x28:0x8000340c x28=0x800037bc
        5005000	       401	80000414	95f2	c.add	x11,x28	 x11:0x49f8cb55 x28:0x800037bc x11=0xc9f90311
        5015000	       402	80000416	3bb595f3	csrrw	x11,pmpaddr11,x11	 x11:0xc9f90311 x11=0x20007787
        5045000	       405	8000041a	3bb595f3	csrrw	x11,pmpaddr11,x11	 x11:0x20007787 x11=0xc9f90311
        5075000	       408	8000041e	456525b7	lui	x11,0x45652	 x11=0x45652000
        5085000	       409	80000422	05058593	addi	x11,x11,80	 x11:0x45652000 x11=0x45652050
        5095000	       410	80000426	3a2595f3	csrrw	x11,pmpcfg2,x11	 x11:0x45652050 x11=0x0f0f0f0f
        5125000	       413	8000042a	3a2595f3	csrrw	x11,pmpcfg2,x11	 x11:0x0f0f0f0f x11=0x05050010
        5155000	       416	8000042e	4373b5b7	lui	x11,0x4373b	 x11=0x4373b000
        5165000	       417	80000432	cbe58593	addi	x11,x11,-834	 x11:0x4373b000 x11=0x4373acbe
        5175000	       418	80000436	00003e17	auipc	x28,0x3	 x28=0x80003436
        5185000	       419	8000043a	386e0e13	addi	x28,x28,902	 x28:0x80003436 x28=0x800037bc
        5195000	       420	8000043e	95f2	c.add	x11,x28	 x11:0x4373acbe x28:0x800037bc x11=0xc373e47a
        5205000	       421	80000440	3bc595f3	csrrw	x11,pmpaddr12,x11	 x11:0xc373e47a x11=0x20008121
        5235000	       424	80000444	3bc595f3	csrrw	x11,pmpaddr12,x11	 x11:0x20008121 x11=0xc373e47a
        5265000	       427	80000448	110755b7	lui	x11,0x11075	 x11=0x11075000
        5275000	       428	8000044c	d3f58593	addi	x11,x11,-705	 x11:0x11075000 x11=0x11074d3f
        5285000	       429	80000450	3a3595f3	csrrw	x11,pmpcfg3,x11	 x11:0x11074d3f x11=0x0f0f0f0f
        5315000	       432	80000454	3a3595f3	csrrw	x11,pmpcfg3,x11	 x11:0x0f0f0f0f x11=0x11070d1f
        5345000	       435	80000458	5cc3c5b7	lui	x11,0x5cc3c	 x11=0x5cc3c000
        5355000	       436	8000045c	d6a58593	addi	x11,x11,-662	 x11:0x5cc3c000 x11=0x5cc3bd6a
        5365000	       437	80000460	00003e17	auipc	x28,0x3	 x28=0x80003460
        5375000	       438	80000464	35ce0e13	addi	x28,x28,860	 x28:0x80003460 x28=0x800037bc
        5385000	       439	80000468	95f2	c.add	x11,x28	 x11:0x5cc3bd6a x28:0x800037bc x11=0xdcc3f526
        5395000	       440	8000046a	3bd595f3	csrrw	x11,pmpaddr13,x11	 x11:0xdcc3f526 x11=0x20008aba
        5425000	       443	8000046e	3bd595f3	csrrw	x11,pmpaddr13,x11	 x11:0x20008aba x11=0xdcc3f526
        5455000	       446	80000472	5f3d75b7	lui	x11,0x5f3d7	 x11=0x5f3d7000
        5465000	       447	80000476	c0d58593	addi	x11,x11,-1011	 x11:0x5f3d7000 x11=0x5f3d6c0d
        5475000	       448	8000047a	3a3595f3	csrrw	x11,pmpcfg3,x11	 x11:0x5f3d6c0d x11=0x0f0f0f0f
        5505000	       451	8000047e	3a3595f3	csrrw	x11,pmpcfg3,x11	 x11:0x0f0f0f0f x11=0x1f1d0c0d
        5535000	       454	80000482	50ef45b7	lui	x11,0x50ef4	 x11=0x50ef4000
        5545000	       455	80000486	a7758593	addi	x11,x11,-1417	 x11:0x50ef4000 x11=0x50ef3a77
        5555000	       456	8000048a	00003e17	auipc	x28,0x3	 x28=0x8000348a
        5565000	       457	8000048e	332e0e13	addi	x28,x28,818	 x28:0x8000348a x28=0x800037bc
        5575000	       458	80000492	95f2	c.add	x11,x28	 x11:0x50ef3a77 x28:0x800037bc x11=0xd0ef7233
        5585000	       459	80000494	3be595f3	csrrw	x11,pmpaddr14,x11	 x11:0xd0ef7233 x11=0x20009454
        5615000	       462	80000498	3be595f3	csrrw	x11,pmpaddr14,x11	 x11:0x20009454 x11=0xd0ef7233
        5645000	       465	8000049c	7f0c25b7	lui	x11,0x7f0c2	 x11=0x7f0c2000
        5655000	       466	800004a0	84f58593	addi	x11,x11,-1969	 x11:0x7f0c2000 x11=0x7f0c184f
        5665000	       467	800004a4	3a3595f3	csrrw	x11,pmpcfg3,x11	 x11:0x7f0c184f x11=0x0f0f0f0f
        5695000	       470	800004a8	3a3595f3	csrrw	x11,pmpcfg3,x11	 x11:0x0f0f0f0f x11=0x1f0c180f
        5725000	       473	800004ac	1ff6f5b7	lui	x11,0x1ff6f	 x11=0x1ff6f000
        5735000	       474	800004b0	02758593	addi	x11,x11,39	 x11:0x1ff6f000 x11=0x1ff6f027
        5745000	       475	800004b4	00003e17	auipc	x28,0x3	 x28=0x800034b4
        5755000	       476	800004b8	308e0e13	addi	x28,x28,776	 x28:0x800034b4 x28=0x800037bc
        5765000	       477	800004bc	95f2	c.add	x11,x28	 x11:0x1ff6f027 x28:0x800037bc x11=0x9ff727e3
        5775000	       478	800004be	3bf595f3	csrrw	x11,pmpaddr15,x11	 x11:0x9ff727e3 x11=0x20009ded
        5805000	       481	800004c2	3bf595f3	csrrw	x11,pmpaddr15,x11	 x11:0x20009ded x11=0x9ff727e3
        5835000	       484	800004c6	2d0085b7	lui	x11,0x2d008	 x11=0x2d008000
        5845000	       485	800004ca	87758593	addi	x11,x11,-1929	 x11:0x2d008000 x11=0x2d007877
        5855000	       486	800004ce	3a3595f3	csrrw	x11,pmpcfg3,x11	 x11:0x2d007877 x11=0x0f0f0f0f
        5885000	       489	800004d2	3a3595f3	csrrw	x11,pmpcfg3,x11	 x11:0x0f0f0f0f x11=0x0d001817
        5915000	       492	800004d6	00000d97	auipc	x27,0x0	 x27=0x800004d6
        5925000	       493	800004da	062d8d93	addi	x27,x27,98	 x27:0x800004d6 x27=0x80000538
        5935000	       494	800004de	341d9073	csrrw	x0,mepc,x27	 x27:0x80000538  x0=0x00000000
        5945000	       495	800004e2	7c00d073	csrrwi	x0,0x7c0,1	  x0=0x00000000
        5975000	       498	800004e6	00020db7	lui	x27,0x20	 x27=0x00020000
        5985000	       499	800004ea	300d9073	csrrw	x0,mstatus,x27	 x27:0x00020000  x0=0x00000000
        6015000	       502	800004ee	4d81	c.li	x27,0	 x27=0x00000000
        6025000	       503	800004f0	304d9073	csrrw	x0,mie,x27	 x27:0x00000000  x0=0x00000000
        6055000	       506	800004f4	90000d37	lui	x26,0x90000	 x26=0x90000000
        6065000	       507	800004f8	1d71	c.addi	x26,-4	 x26:0x90000000 x26=0x8ffffffc
        6075000	       508	800004fa	90000d37	lui	x26,0x90000	 x26=0x90000000
        6085000	       509	800004fe	1d71	c.addi	x26,-4	 x26:0x90000000 x26=0x8ffffffc
        6095000	       510	80000500	90000d37	lui	x26,0x90000	 x26=0x90000000
        6105000	       511	80000504	1d71	c.addi	x26,-4	 x26:0x90000000 x26=0x8ffffffc
        6115000	       512	80000506	30000d93	addi	x27,x0,768	  x0:0x00000000 x27=0x00000300
        6125000	       513	8000050a	0da2	c.slli	x27,0x8	 x27:0x00000300 x27=0x00030000
        6135000	       514	8000050c	0d8d	c.addi	x27,3	 x27:0x00030000 x27=0x00030003
        6155000	       516	8000050e	01bd2023	sw	x27,0(x26)	 x26:0x8ffffffc x27:0x00030003 PA:0x8ffffffc store:0x00030003 load:0x00000000
        6195000	       520	80002a00	0800006f	jal	x0,80002a80	  x0=0x00000000
        6215000	       522	80002a80	16f1	c.addi	x13,-4	 x13:0x8002cce4 x13=0x8002cce0
        6225000	       523	80002a82	0176a023	sw	x23,0(x13)	 x13:0x8002cce0 x23:0x00000000 PA:0x8002cce0 store:0x00000000 load:0x00000000
        6235000	       524	80002a86	00068bb3	add	x23,x13,x0	 x13:0x8002cce0  x0:0x00000000 x23=0x8002cce0
        6245000	       525	80002a8a	f80b8b93	addi	x23,x23,-128	 x23:0x8002cce0 x23=0x8002cc60
        6255000	       526	80002a8e	001ba223	sw	x1,4(x23)	 x23:0x8002cc60  x1:0x00000000 PA:0x8002cc64 store:0x00000000 load:0x00000000
        6265000	       527	80002a92	002ba423	sw	x2,8(x23)	 x23:0x8002cc60  x2:0x00000000 PA:0x8002cc68 store:0x00000000 load:0x00000000
        6275000	       528	80002a96	003ba623	sw	x3,12(x23)	 x23:0x8002cc60  x3:0x00000000 PA:0x8002cc6c store:0x00000000 load:0x00000000
        6285000	       529	80002a9a	004ba823	sw	x4,16(x23)	 x23:0x8002cc60  x4:0x00000000 PA:0x8002cc70 store:0x00000000 load:0x00000000
        6295000	       530	80002a9e	005baa23	sw	x5,20(x23)	 x23:0x8002cc60  x5:0x00000000 PA:0x8002cc74 store:0x00000000 load:0x00000000
        6305000	       531	80002aa2	006bac23	sw	x6,24(x23)	 x23:0x8002cc60  x6:0x00000000 PA:0x8002cc78 store:0x00000000 load:0x00000000
        6315000	       532	80002aa6	007bae23	sw	x7,28(x23)	 x23:0x8002cc60  x7:0x00000000 PA:0x8002cc7c store:0x00000000 load:0x00000000
        6325000	       533	80002aaa	028ba023	sw	x8,32(x23)	 x23:0x8002cc60  x8:0x00000000 PA:0x8002cc80 store:0x00000000 load:0x00000000
        6335000	       534	80002aae	029ba223	sw	x9,36(x23)	 x23:0x8002cc60  x9:0x00000000 PA:0x8002cc84 store:0x00000000 load:0x00000000
        6345000	       535	80002ab2	02aba423	sw	x10,40(x23)	 x23:0x8002cc60 x10:0x00000000 PA:0x8002cc88 store:0x00000000 load:0x00000000
        6355000	       536	80002ab6	02bba623	sw	x11,44(x23)	 x23:0x8002cc60 x11:0x0d001817 PA:0x8002cc8c store:0x0d001817 load:0x00000000
        6365000	       537	80002aba	02cba823	sw	x12,48(x23)	 x23:0x8002cc60 x12:0x00000000 PA:0x8002cc90 store:0x00000000 load:0x00000000
        6375000	       538	80002abe	02dbaa23	sw	x13,52(x23)	 x23:0x8002cc60 x13:0x8002cce0 PA:0x8002cc94 store:0x8002cce0 load:0x00000000
        6385000	       539	80002ac2	02ebac23	sw	x14,56(x23)	 x23:0x8002cc60 x14:0x00000000 PA:0x8002cc98 store:0x00000000 load:0x00000000
        6395000	       540	80002ac6	02fbae23	sw	x15,60(x23)	 x23:0x8002cc60 x15:0x00000000 PA:0x8002cc9c store:0x00000000 load:0x00000000
        6405000	       541	80002aca	050ba023	sw	x16,64(x23)	 x23:0x8002cc60 x16:0x00000000 PA:0x8002cca0 store:0x00000000 load:0x00000000
        6415000	       542	80002ace	051ba223	sw	x17,68(x23)	 x23:0x8002cc60 x17:0x00000000 PA:0x8002cca4 store:0x00000000 load:0x00000000
        6425000	       543	80002ad2	052ba423	sw	x18,72(x23)	 x23:0x8002cc60 x18:0x00000000 PA:0x8002cca8 store:0x00000000 load:0x00000000
        6435000	       544	80002ad6	053ba623	sw	x19,76(x23)	 x23:0x8002cc60 x19:0x00000000 PA:0x8002ccac store:0x00000000 load:0x00000000
        6445000	       545	80002ada	054ba823	sw	x20,80(x23)	 x23:0x8002cc60 x20:0x00000000 PA:0x8002ccb0 store:0x00000000 load:0x00000000
        6455000	       546	80002ade	055baa23	sw	x21,84(x23)	 x23:0x8002cc60 x21:0x00000000 PA:0x8002ccb4 store:0x00000000 load:0x00000000
        6465000	       547	80002ae2	056bac23	sw	x22,88(x23)	 x23:0x8002cc60 x22:0x00000000 PA:0x8002ccb8 store:0x00000000 load:0x00000000
        6475000	       548	80002ae6	057bae23	sw	x23,92(x23)	 x23:0x8002cc60 x23:0x8002cc60 PA:0x8002ccbc store:0x8002cc60 load:0x00000000
        6485000	       549	80002aea	078ba023	sw	x24,96(x23)	 x23:0x8002cc60 x24:0x00000000 PA:0x8002ccc0 store:0x00000000 load:0x00000000
        6495000	       550	80002aee	079ba223	sw	x25,100(x23)	 x23:0x8002cc60 x25:0x00000000 PA:0x8002ccc4 store:0x00000000 load:0x00000000
        6505000	       551	80002af2	07aba423	sw	x26,104(x23)	 x23:0x8002cc60 x26:0x8ffffffc PA:0x8002ccc8 store:0x8ffffffc load:0x00000000
        6515000	       552	80002af6	07bba623	sw	x27,108(x23)	 x23:0x8002cc60 x27:0x00030003 PA:0x8002cccc store:0x00030003 load:0x00000000
        6525000	       553	80002afa	07cba823	sw	x28,112(x23)	 x23:0x8002cc60 x28:0x800037bc PA:0x8002ccd0 store:0x800037bc load:0x00000000
        6535000	       554	80002afe	07dbaa23	sw	x29,116(x23)	 x23:0x8002cc60 x29:0x00000000 PA:0x8002ccd4 store:0x00000000 load:0x00000000
        6545000	       555	80002b02	07ebac23	sw	x30,120(x23)	 x23:0x8002cc60 x30:0x00000000 PA:0x8002ccd8 store:0x00000000 load:0x00000000
        6555000	       556	80002b06	07fbae23	sw	x31,124(x23)	 x23:0x8002cc60 x31:0x00000000 PA:0x8002ccdc store:0x00000000 load:0x00000000
        6565000	       557	80002b0a	000b86b3	add	x13,x23,x0	 x23:0x8002cc60  x0:0x00000000 x13=0x8002cc60
        6575000	       558	80002b0e	90000d37	lui	x26,0x90000	 x26=0x90000000
        6585000	       559	80002b12	1d71	c.addi	x26,-4	 x26:0x90000000 x26=0x8ffffffc
        6595000	       560	80002b14	4da1	c.li	x27,8	 x27=0x00000008
        6605000	       561	80002b16	0da2	c.slli	x27,0x8	 x27:0x00000008 x27=0x00000800
        6615000	       562	80002b18	000d8d93	addi	x27,x27,0	 x27:0x00000800 x27=0x00000800
        6625000	       563	80002b1c	01bd2023	sw	x27,0(x26)	 x26:0x8ffffffc x27:0x00000800 PA:0x8ffffffc store:0x00000800 load:0x00000000
        6635000	       564	80002b20	34102df3	csrrs	x27,mepc,x0	  x0:0x00000000 x27=0x8000050e
        6645000	       565	80002b24	34202df3	csrrs	x27,mcause,x0	  x0:0x00000000 x27=0x00000007
        6655000	       566	80002b28	4d0d	c.li	x26,3	 x26=0x00000003
        6665000	       567	80002b2a	01ad9463	bne	x27,x26,80002b32	 x27:0x00000007 x26:0x00000003
        6685000	       569	80002b32	4d21	c.li	x26,8	 x26=0x00000008
        6695000	       570	80002b34	05ad8d63	beq	x27,x26,80002b8e	 x27:0x00000007 x26:0x00000008
        6705000	       571	80002b38	4d25	c.li	x26,9	 x26=0x00000009
        6715000	       572	80002b3a	05ad8a63	beq	x27,x26,80002b8e	 x27:0x00000007 x26:0x00000009
        6725000	       573	80002b3e	4d2d	c.li	x26,11	 x26=0x0000000b
        6735000	       574	80002b40	05ad8763	beq	x27,x26,80002b8e	 x27:0x00000007 x26:0x0000000b
        6745000	       575	80002b44	4d05	c.li	x26,1	 x26=0x00000001
        6755000	       576	80002b46	35ad8363	beq	x27,x26,80002e8c	 x27:0x00000007 x26:0x00000001
        6765000	       577	80002b4a	4d15	c.li	x26,5	 x26=0x00000005
        6775000	       578	80002b4c	63ad8a63	beq	x27,x26,80003180	 x27:0x00000007 x26:0x00000005
        6785000	       579	80002b50	4d1d	c.li	x26,7	 x26=0x00000007
        6795000	       580	80002b52	15ad8ce3	beq	x27,x26,800034aa	 x27:0x00000007 x26:0x00000007
        6825000	       583	800034aa	90000d37	lui	x26,0x90000	 x26=0x90000000
        6835000	       584	800034ae	1d71	c.addi	x26,-4	 x26:0x90000000 x26=0x8ffffffc
        6845000	       585	800034b0	4db1	c.li	x27,12	 x27=0x0000000c
        6855000	       586	800034b2	0da2	c.slli	x27,0x8	 x27:0x0000000c x27=0x00000c00
        6865000	       587	800034b4	000d8d93	addi	x27,x27,0	 x27:0x00000c00 x27=0x00000c00
        6875000	       588	800034b8	01bd2023	sw	x27,0(x26)	 x26:0x8ffffffc x27:0x00000c00 PA:0x8ffffffc store:0x00000c00 load:0x00000000
        6885000	       589	800034bc	90000d37	lui	x26,0x90000	 x26=0x90000000
        6895000	       590	800034c0	1d71	c.addi	x26,-4	 x26:0x90000000 x26=0x8ffffffc
        6905000	       591	800034c2	34200d93	addi	x27,x0,834	  x0:0x00000000 x27=0x00000342
        6915000	       592	800034c6	0da2	c.slli	x27,0x8	 x27:0x00000342 x27=0x00034200
        6925000	       593	800034c8	0d8d	c.addi	x27,3	 x27:0x00034200 x27=0x00034203
        6935000	       594	800034ca	01bd2023	sw	x27,0(x26)	 x26:0x8ffffffc x27:0x00034203 PA:0x8ffffffc store:0x00034203 load:0x00000000
        6945000	       595	800034ce	34202df3	csrrs	x27,mcause,x0	  x0:0x00000000 x27=0x00000007
        6955000	       596	800034d2	01bd2023	sw	x27,0(x26)	 x26:0x8ffffffc x27:0x00000007 PA:0x8ffffffc store:0x00000007 load:0x00000000
        6965000	       597	800034d6	4d81	c.li	x27,0	 x27=0x00000000
        6975000	       598	800034d8	83ee	c.mv	x7,x27	  x0:0x00000000 x27:0x00000000  x7=0x00000000
        6985000	       599	800034da	4e01	c.li	x28,0	 x28=0x00000000
        6995000	       600	800034dc	8d9e	c.mv	x27,x7	  x0:0x00000000  x7:0x00000000 x27=0x00000000
        7005000	       601	800034de	85ee	c.mv	x11,x27	  x0:0x00000000 x27:0x00000000 x11=0x00000000
        7015000	       602	800034e0	4581	c.li	x11,0	 x11=0x00000000
        7025000	       603	800034e2	04bd8f63	beq	x27,x11,80003540	 x27:0x00000000 x11:0x00000000
        7045000	       605	80003540	3b002d73	csrrs	x26,pmpaddr0,x0	  x0:0x00000000 x26=0x20000def
        7055000	       606	80003544	3a002c73	csrrs	x24,pmpcfg0,x0	  x0:0x00000000 x24=0x0f0f0f0f
        7065000	       607	80003548	a861	c.j	800035e0	
        7085000	       609	800035e0	4411	c.li	x8,4	  x8=0x00000004
        7095000	       610	800035e2	01e39d93	slli	x27,x7,0x1e	  x7:0x00000000 x27=0x00000000
        7105000	       611	800035e6	01eddd93	srli	x27,x27,0x1e	 x27:0x00000000 x27=0x00000000
        7115000	       612	800035ea	41b405b3	sub	x11,x8,x27	  x8:0x00000004 x27:0x00000000 x11=0x00000004
        7125000	       613	800035ee	15fd	c.addi	x11,-1	 x11:0x00000004 x11=0x00000003
        7135000	       614	800035f0	058e	c.slli	x11,0x3	 x11:0x00000003 x11=0x00000018
        7145000	       615	800035f2	00bc1433	sll	x8,x24,x11	 x24:0x0f0f0f0f x11:0x00000018  x8=0x0f000000
        7155000	       616	800035f6	0d8e	c.slli	x27,0x3	 x27:0x00000000 x27=0x00000000
        7165000	       617	800035f8	95ee	c.add	x11,x27	 x11:0x00000018 x27:0x00000000 x11=0x00000018
        7175000	       618	800035fa	00b45433	srl	x8,x8,x11	  x8:0x0f000000 x11:0x00000018  x8=0x0000000f
        7185000	       619	800035fe	01b41593	slli	x11,x8,0x1b	  x8:0x0000000f x11=0x78000000
        7195000	       620	80003602	81f9	c.srli	x11,0x1e	 x11:0x78000000 x11=0x00000001
        7205000	       621	80003604	c5a1	c.beqz	x11,8000364c	 x11:0x00000001
        7215000	       622	80003606	4d85	c.li	x27,1	 x27=0x00000001
        7225000	       623	80003608	05b58363	beq	x11,x27,8000364e	 x11:0x00000001 x27:0x00000001
        7245000	       625	8000364e	8d9e	c.mv	x27,x7	  x0:0x00000000  x7:0x00000000 x27=0x00000000
        7255000	       626	80003650	343025f3	csrrs	x11,mtval,x0	  x0:0x00000000 x11=0x8ffffffc
        7265000	       627	80003654	8189	c.srli	x11,0x2	 x11:0x8ffffffc x11=0x23ffffff
        7275000	       628	80003656	000d9563	bne	x27,x0,80003660	 x27:0x00000000  x0:0x00000000
        7285000	       629	8000365a	fc05c5e3	blt	x11,x0,80003624	 x11:0x23ffffff  x0:0x00000000
        7295000	       630	8000365e	a019	c.j	80003664	
        7315000	       632	80003664	fda5f0e3	bgeu	x11,x26,80003624	 x11:0x23ffffff x26:0x20000def
        7335000	       634	80003624	8d9e	c.mv	x27,x7	  x0:0x00000000  x7:0x00000000 x27=0x00000000
        7345000	       635	80003626	8e6a	c.mv	x28,x26	  x0:0x00000000 x26:0x20000def x28=0x20000def
        7355000	       636	80003628	0d85	c.addi	x27,1	 x27:0x00000000 x27=0x00000001
        7365000	       637	8000362a	83ee	c.mv	x7,x27	  x0:0x00000000 x27:0x00000001  x7=0x00000001
        7375000	       638	8000362c	4d41	c.li	x26,16	 x26=0x00000010
        7385000	       639	8000362e	01add363	bge	x27,x26,80003634	 x27:0x00000001 x26:0x00000010
        7395000	       640	80003632	b56d	c.j	800034dc	
        7415000	       642	800034dc	8d9e	c.mv	x27,x7	  x0:0x00000000  x7:0x00000001 x27=0x00000001
        7425000	       643	800034de	85ee	c.mv	x11,x27	  x0:0x00000000 x27:0x00000001 x11=0x00000001
        7435000	       644	800034e0	4581	c.li	x11,0	 x11=0x00000000
        7445000	       645	800034e2	04bd8f63	beq	x27,x11,80003540	 x27:0x00000001 x11:0x00000000
        7455000	       646	800034e6	4585	c.li	x11,1	 x11=0x00000001
        7465000	       647	800034e8	06bd8163	beq	x27,x11,8000354a	 x27:0x00000001 x11:0x00000001
        7495000	       650	8000354a	3b102d73	csrrs	x26,pmpaddr1,x0	  x0:0x00000000 x26=0x20001788
        7505000	       651	8000354e	3a002c73	csrrs	x24,pmpcfg0,x0	  x0:0x00000000 x24=0x0f0f0f0f
        7515000	       652	80003552	a079	c.j	800035e0	
        7535000	       654	800035e0	4411	c.li	x8,4	  x8=0x00000004
        7545000	       655	800035e2	01e39d93	slli	x27,x7,0x1e	  x7:0x00000001 x27=0x40000000
        7555000	       656	800035e6	01eddd93	srli	x27,x27,0x1e	 x27:0x40000000 x27=0x00000001
        7565000	       657	800035ea	41b405b3	sub	x11,x8,x27	  x8:0x00000004 x27:0x00000001 x11=0x00000003
        7575000	       658	800035ee	15fd	c.addi	x11,-1	 x11:0x00000003 x11=0x00000002
        7585000	       659	800035f0	058e	c.slli	x11,0x3	 x11:0x00000002 x11=0x00000010
        7595000	       660	800035f2	00bc1433	sll	x8,x24,x11	 x24:0x0f0f0f0f x11:0x00000010  x8=0x0f0f0000
        7605000	       661	800035f6	0d8e	c.slli	x27,0x3	 x27:0x00000001 x27=0x00000008
        7615000	       662	800035f8	95ee	c.add	x11,x27	 x11:0x00000010 x27:0x00000008 x11=0x00000018
        7625000	       663	800035fa	00b45433	srl	x8,x8,x11	  x8:0x0f0f0000 x11:0x00000018  x8=0x0000000f
        7635000	       664	800035fe	01b41593	slli	x11,x8,0x1b	  x8:0x0000000f x11=0x78000000
        7645000	       665	80003602	81f9	c.srli	x11,0x1e	 x11:0x78000000 x11=0x00000001
        7655000	       666	80003604	c5a1	c.beqz	x11,8000364c	 x11:0x00000001
        7665000	       667	80003606	4d85	c.li	x27,1	 x27=0x00000001
        7675000	       668	80003608	05b58363	beq	x11,x27,8000364e	 x11:0x00000001 x27:0x00000001
        7695000	       670	8000364e	8d9e	c.mv	x27,x7	  x0:0x00000000  x7:0x00000001 x27=0x00000001
        7705000	       671	80003650	343025f3	csrrs	x11,mtval,x0	  x0:0x00000000 x11=0x8ffffffc
        7715000	       672	80003654	8189	c.srli	x11,0x2	 x11:0x8ffffffc x11=0x23ffffff
        7725000	       673	80003656	000d9563	bne	x27,x0,80003660	 x27:0x00000001  x0:0x00000000
        7745000	       675	80003660	fdc5e2e3	bltu	x11,x28,80003624	 x11:0x23ffffff x28:0x20000def
        7755000	       676	80003664	fda5f0e3	bgeu	x11,x26,80003624	 x11:0x23ffffff x26:0x20001788
        7775000	       678	80003624	8d9e	c.mv	x27,x7	  x0:0x00000000  x7:0x00000001 x27=0x00000001
        7785000	       679	80003626	8e6a	c.mv	x28,x26	  x0:0x00000000 x26:0x20001788 x28=0x20001788
        7795000	       680	80003628	0d85	c.addi	x27,1	 x27:0x00000001 x27=0x00000002
        7805000	       681	8000362a	83ee	c.mv	x7,x27	  x0:0x00000000 x27:0x00000002  x7=0x00000002
        7815000	       682	8000362c	4d41	c.li	x26,16	 x26=0x00000010
        7825000	       683	8000362e	01add363	bge	x27,x26,80003634	 x27:0x00000002 x26:0x00000010
        7835000	       684	80003632	b56d	c.j	800034dc	
        7855000	       686	800034dc	8d9e	c.mv	x27,x7	  x0:0x00000000  x7:0x00000002 x27=0x00000002
        7865000	       687	800034de	85ee	c.mv	x11,x27	  x0:0x00000000 x27:0x00000002 x11=0x00000002
        7875000	       688	800034e0	4581	c.li	x11,0	 x11=0x00000000
        7885000	       689	800034e2	04bd8f63	beq	x27,x11,80003540	 x27:0x00000002 x11:0x00000000
        7895000	       690	800034e6	4585	c.li	x11,1	 x11=0x00000001
        7905000	       691	800034e8	06bd8163	beq	x27,x11,8000354a	 x27:0x00000002 x11:0x00000001
        7915000	       692	800034ec	4589	c.li	x11,2	 x11=0x00000002
        7925000	       693	800034ee	06bd8363	beq	x27,x11,80003554	 x27:0x00000002 x11:0x00000002
        7945000	       695	80003554	3b202d73	csrrs	x26,pmpaddr2,x0	  x0:0x00000000 x26=0x20002122
        7955000	       696	80003558	3a002c73	csrrs	x24,pmpcfg0,x0	  x0:0x00000000 x24=0x0f0f0f0f
        7965000	       697	8000355c	a051	c.j	800035e0	
        7985000	       699	800035e0	4411	c.li	x8,4	  x8=0x00000004
        7995000	       700	800035e2	01e39d93	slli	x27,x7,0x1e	  x7:0x00000002 x27=0x80000000
        8005000	       701	800035e6	01eddd93	srli	x27,x27,0x1e	 x27:0x80000000 x27=0x00000002
        8015000	       702	800035ea	41b405b3	sub	x11,x8,x27	  x8:0x00000004 x27:0x00000002 x11=0x00000002
        8025000	       703	800035ee	15fd	c.addi	x11,-1	 x11:0x00000002 x11=0x00000001
        8035000	       704	800035f0	058e	c.slli	x11,0x3	 x11:0x00000001 x11=0x00000008
        8045000	       705	800035f2	00bc1433	sll	x8,x24,x11	 x24:0x0f0f0f0f x11:0x00000008  x8=0x0f0f0f00
        8055000	       706	800035f6	0d8e	c.slli	x27,0x3	 x27:0x00000002 x27=0x00000010
        8065000	       707	800035f8	95ee	c.add	x11,x27	 x11:0x00000008 x27:0x00000010 x11=0x00000018
        8075000	       708	800035fa	00b45433	srl	x8,x8,x11	  x8:0x0f0f0f00 x11:0x00000018  x8=0x0000000f
        8085000	       709	800035fe	01b41593	slli	x11,x8,0x1b	  x8:0x0000000f x11=0x78000000
        8095000	       710	80003602	81f9	c.srli	x11,0x1e	 x11:0x78000000 x11=0x00000001
        8105000	       711	80003604	c5a1	c.beqz	x11,8000364c	 x11:0x00000001
        8115000	       712	80003606	4d85	c.li	x27,1	 x27=0x00000001
        8125000	       713	80003608	05b58363	beq	x11,x27,8000364e	 x11:0x00000001 x27:0x00000001
        8145000	       715	8000364e	8d9e	c.mv	x27,x7	  x0:0x00000000  x7:0x00000002 x27=0x00000002
        8155000	       716	80003650	343025f3	csrrs	x11,mtval,x0	  x0:0x00000000 x11=0x8ffffffc
        8165000	       717	80003654	8189	c.srli	x11,0x2	 x11:0x8ffffffc x11=0x23ffffff
        8175000	       718	80003656	000d9563	bne	x27,x0,80003660	 x27:0x00000002  x0:0x00000000
        8195000	       720	80003660	fdc5e2e3	bltu	x11,x28,80003624	 x11:0x23ffffff x28:0x20001788
        8205000	       721	80003664	fda5f0e3	bgeu	x11,x26,80003624	 x11:0x23ffffff x26:0x20002122
        8225000	       723	80003624	8d9e	c.mv	x27,x7	  x0:0x00000000  x7:0x00000002 x27=0x00000002
        8235000	       724	80003626	8e6a	c.mv	x28,x26	  x0:0x00000000 x26:0x20002122 x28=0x20002122
        8245000	       725	80003628	0d85	c.addi	x27,1	 x27:0x00000002 x27=0x00000003
        8255000	       726	8000362a	83ee	c.mv	x7,x27	  x0:0x00000000 x27:0x00000003  x7=0x00000003
        8265000	       727	8000362c	4d41	c.li	x26,16	 x26=0x00000010
        8275000	       728	8000362e	01add363	bge	x27,x26,80003634	 x27:0x00000003 x26:0x00000010
        8285000	       729	80003632	b56d	c.j	800034dc	
        8305000	       731	800034dc	8d9e	c.mv	x27,x7	  x0:0x00000000  x7:0x00000003 x27=0x00000003
        8315000	       732	800034de	85ee	c.mv	x11,x27	  x0:0x00000000 x27:0x00000003 x11=0x00000003
        8325000	       733	800034e0	4581	c.li	x11,0	 x11=0x00000000
        8335000	       734	800034e2	04bd8f63	beq	x27,x11,80003540	 x27:0x00000003 x11:0x00000000
        8345000	       735	800034e6	4585	c.li	x11,1	 x11=0x00000001
        8355000	       736	800034e8	06bd8163	beq	x27,x11,8000354a	 x27:0x00000003 x11:0x00000001
        8365000	       737	800034ec	4589	c.li	x11,2	 x11=0x00000002
        8375000	       738	800034ee	06bd8363	beq	x27,x11,80003554	 x27:0x00000003 x11:0x00000002
        8385000	       739	800034f2	458d	c.li	x11,3	 x11=0x00000003
        8395000	       740	800034f4	06bd8563	beq	x27,x11,8000355e	 x27:0x00000003 x11:0x00000003
        8425000	       743	8000355e	3b302d73	csrrs	x26,pmpaddr3,x0	  x0:0x00000000 x26=0x20002abb
        8435000	       744	80003562	3a002c73	csrrs	x24,pmpcfg0,x0	  x0:0x00000000 x24=0x0f0f0f0f
        8445000	       745	80003566	a8ad	c.j	800035e0	
        8465000	       747	800035e0	4411	c.li	x8,4	  x8=0x00000004
        8475000	       748	800035e2	01e39d93	slli	x27,x7,0x1e	  x7:0x00000003 x27=0xc0000000
        8485000	       749	800035e6	01eddd93	srli	x27,x27,0x1e	 x27:0xc0000000 x27=0x00000003
        8495000	       750	800035ea	41b405b3	sub	x11,x8,x27	  x8:0x00000004 x27:0x00000003 x11=0x00000001
        8505000	       751	800035ee	15fd	c.addi	x11,-1	 x11:0x00000001 x11=0x00000000
        8515000	       752	800035f0	058e	c.slli	x11,0x3	 x11:0x00000000 x11=0x00000000
        8525000	       753	800035f2	00bc1433	sll	x8,x24,x11	 x24:0x0f0f0f0f x11:0x00000000  x8=0x0f0f0f0f
        8535000	       754	800035f6	0d8e	c.slli	x27,0x3	 x27:0x00000003 x27=0x00000018
        8545000	       755	800035f8	95ee	c.add	x11,x27	 x11:0x00000000 x27:0x00000018 x11=0x00000018
        8555000	       756	800035fa	00b45433	srl	x8,x8,x11	  x8:0x0f0f0f0f x11:0x00000018  x8=0x0000000f
        8565000	       757	800035fe	01b41593	slli	x11,x8,0x1b	  x8:0x0000000f x11=0x78000000
        8575000	       758	80003602	81f9	c.srli	x11,0x1e	 x11:0x78000000 x11=0x00000001
        8585000	       759	80003604	c5a1	c.beqz	x11,8000364c	 x11:0x00000001
        8595000	       760	80003606	4d85	c.li	x27,1	 x27=0x00000001
        8605000	       761	80003608	05b58363	beq	x11,x27,8000364e	 x11:0x00000001 x27:0x00000001
        8625000	       763	8000364e	8d9e	c.mv	x27,x7	  x0:0x00000000  x7:0x00000003 x27=0x00000003
        8635000	       764	80003650	343025f3	csrrs	x11,mtval,x0	  x0:0x00000000 x11=0x8ffffffc
        8645000	       765	80003654	8189	c.srli	x11,0x2	 x11:0x8ffffffc x11=0x23ffffff
        8655000	       766	80003656	000d9563	bne	x27,x0,80003660	 x27:0x00000003  x0:0x00000000
        8675000	       768	80003660	fdc5e2e3	bltu	x11,x28,80003624	 x11:0x23ffffff x28:0x20002122
        8685000	       769	80003664	fda5f0e3	bgeu	x11,x26,80003624	 x11:0x23ffffff x26:0x20002abb
        8705000	       771	80003624	8d9e	c.mv	x27,x7	  x0:0x00000000  x7:0x00000003 x27=0x00000003
        8715000	       772	80003626	8e6a	c.mv	x28,x26	  x0:0x00000000 x26:0x20002abb x28=0x20002abb
        8725000	       773	80003628	0d85	c.addi	x27,1	 x27:0x00000003 x27=0x00000004
        8735000	       774	8000362a	83ee	c.mv	x7,x27	  x0:0x00000000 x27:0x00000004  x7=0x00000004
        8745000	       775	8000362c	4d41	c.li	x26,16	 x26=0x00000010
        8755000	       776	8000362e	01add363	bge	x27,x26,80003634	 x27:0x00000004 x26:0x00000010
        8765000	       777	80003632	b56d	c.j	800034dc	
        8785000	       779	800034dc	8d9e	c.mv	x27,x7	  x0:0x00000000  x7:0x00000004 x27=0x00000004
        8795000	       780	800034de	85ee	c.mv	x11,x27	  x0:0x00000000 x27:0x00000004 x11=0x00000004
        8805000	       781	800034e0	4581	c.li	x11,0	 x11=0x00000000
        8815000	       782	800034e2	04bd8f63	beq	x27,x11,80003540	 x27:0x00000004 x11:0x00000000
        8825000	       783	800034e6	4585	c.li	x11,1	 x11=0x00000001
        8835000	       784	800034e8	06bd8163	beq	x27,x11,8000354a	 x27:0x00000004 x11:0x00000001
        8845000	       785	800034ec	4589	c.li	x11,2	 x11=0x00000002
        8855000	       786	800034ee	06bd8363	beq	x27,x11,80003554	 x27:0x00000004 x11:0x00000002
        8865000	       787	800034f2	458d	c.li	x11,3	 x11=0x00000003
        8875000	       788	800034f4	06bd8563	beq	x27,x11,8000355e	 x27:0x00000004 x11:0x00000003
        8885000	       789	800034f8	4591	c.li	x11,4	 x11=0x00000004
        8895000	       790	800034fa	06bd8763	beq	x27,x11,80003568	 x27:0x00000004 x11:0x00000004
        8915000	       792	80003568	3b402d73	csrrs	x26,pmpaddr4,x0	  x0:0x00000000 x26=0x20003455
        8925000	       793	8000356c	3a102c73	csrrs	x24,pmpcfg1,x0	  x0:0x00000000 x24=0x0f0f0f0f
        8935000	       794	80003570	a885	c.j	800035e0	
        8955000	       796	800035e0	4411	c.li	x8,4	  x8=0x00000004
        8965000	       797	800035e2	01e39d93	slli	x27,x7,0x1e	  x7:0x00000004 x27=0x00000000
        8975000	       798	800035e6	01eddd93	srli	x27,x27,0x1e	 x27:0x00000000 x27=0x00000000
        8985000	       799	800035ea	41b405b3	sub	x11,x8,x27	  x8:0x00000004 x27:0x00000000 x11=0x00000004
        8995000	       800	800035ee	15fd	c.addi	x11,-1	 x11:0x00000004 x11=0x00000003
        9005000	       801	800035f0	058e	c.slli	x11,0x3	 x11:0x00000003 x11=0x00000018
        9015000	       802	800035f2	00bc1433	sll	x8,x24,x11	 x24:0x0f0f0f0f x11:0x00000018  x8=0x0f000000
        9025000	       803	800035f6	0d8e	c.slli	x27,0x3	 x27:0x00000000 x27=0x00000000
        9035000	       804	800035f8	95ee	c.add	x11,x27	 x11:0x00000018 x27:0x00000000 x11=0x00000018
        9045000	       805	800035fa	00b45433	srl	x8,x8,x11	  x8:0x0f000000 x11:0x00000018  x8=0x0000000f
        9055000	       806	800035fe	01b41593	slli	x11,x8,0x1b	  x8:0x0000000f x11=0x78000000
        9065000	       807	80003602	81f9	c.srli	x11,0x1e	 x11:0x78000000 x11=0x00000001
        9075000	       808	80003604	c5a1	c.beqz	x11,8000364c	 x11:0x00000001
        9085000	       809	80003606	4d85	c.li	x27,1	 x27=0x00000001
        9095000	       810	80003608	05b58363	beq	x11,x27,8000364e	 x11:0x00000001 x27:0x00000001
        9115000	       812	8000364e	8d9e	c.mv	x27,x7	  x0:0x00000000  x7:0x00000004 x27=0x00000004
        9125000	       813	80003650	343025f3	csrrs	x11,mtval,x0	  x0:0x00000000 x11=0x8ffffffc
        9135000	       814	80003654	8189	c.srli	x11,0x2	 x11:0x8ffffffc x11=0x23ffffff
        9145000	       815	80003656	000d9563	bne	x27,x0,80003660	 x27:0x00000004  x0:0x00000000
        9165000	       817	80003660	fdc5e2e3	bltu	x11,x28,80003624	 x11:0x23ffffff x28:0x20002abb
        9175000	       818	80003664	fda5f0e3	bgeu	x11,x26,80003624	 x11:0x23ffffff x26:0x20003455
        9195000	       820	80003624	8d9e	c.mv	x27,x7	  x0:0x00000000  x7:0x00000004 x27=0x00000004
        9205000	       821	80003626	8e6a	c.mv	x28,x26	  x0:0x00000000 x26:0x20003455 x28=0x20003455
        9215000	       822	80003628	0d85	c.addi	x27,1	 x27:0x00000004 x27=0x00000005
        9225000	       823	8000362a	83ee	c.mv	x7,x27	  x0:0x00000000 x27:0x00000005  x7=0x00000005
        9235000	       824	8000362c	4d41	c.li	x26,16	 x26=0x00000010
        9245000	       825	8000362e	01add363	bge	x27,x26,80003634	 x27:0x00000005 x26:0x00000010
        9255000	       826	80003632	b56d	c.j	800034dc	
        9275000	       828	800034dc	8d9e	c.mv	x27,x7	  x0:0x00000000  x7:0x00000005 x27=0x00000005
        9285000	       829	800034de	85ee	c.mv	x11,x27	  x0:0x00000000 x27:0x00000005 x11=0x00000005
        9295000	       830	800034e0	4581	c.li	x11,0	 x11=0x00000000
        9305000	       831	800034e2	04bd8f63	beq	x27,x11,80003540	 x27:0x00000005 x11:0x00000000
        9315000	       832	800034e6	4585	c.li	x11,1	 x11=0x00000001
        9325000	       833	800034e8	06bd8163	beq	x27,x11,8000354a	 x27:0x00000005 x11:0x00000001
        9335000	       834	800034ec	4589	c.li	x11,2	 x11=0x00000002
        9345000	       835	800034ee	06bd8363	beq	x27,x11,80003554	 x27:0x00000005 x11:0x00000002
        9355000	       836	800034f2	458d	c.li	x11,3	 x11=0x00000003
        9365000	       837	800034f4	06bd8563	beq	x27,x11,8000355e	 x27:0x00000005 x11:0x00000003
        9375000	       838	800034f8	4591	c.li	x11,4	 x11=0x00000004
        9385000	       839	800034fa	06bd8763	beq	x27,x11,80003568	 x27:0x00000005 x11:0x00000004
        9395000	       840	800034fe	4595	c.li	x11,5	 x11=0x00000005
        9405000	       841	80003500	06bd8963	beq	x27,x11,80003572	 x27:0x00000005 x11:0x00000005
        9435000	       844	80003572	3b502d73	csrrs	x26,pmpaddr5,x0	  x0:0x00000000 x26=0x20003dee
        9445000	       845	80003576	3a102c73	csrrs	x24,pmpcfg1,x0	  x0:0x00000000 x24=0x0f0f0f0f
        9455000	       846	8000357a	a09d	c.j	800035e0	
        9475000	       848	800035e0	4411	c.li	x8,4	  x8=0x00000004
        9485000	       849	800035e2	01e39d93	slli	x27,x7,0x1e	  x7:0x00000005 x27=0x40000000
        9495000	       850	800035e6	01eddd93	srli	x27,x27,0x1e	 x27:0x40000000 x27=0x00000001
        9505000	       851	800035ea	41b405b3	sub	x11,x8,x27	  x8:0x00000004 x27:0x00000001 x11=0x00000003
        9515000	       852	800035ee	15fd	c.addi	x11,-1	 x11:0x00000003 x11=0x00000002
        9525000	       853	800035f0	058e	c.slli	x11,0x3	 x11:0x00000002 x11=0x00000010
        9535000	       854	800035f2	00bc1433	sll	x8,x24,x11	 x24:0x0f0f0f0f x11:0x00000010  x8=0x0f0f0000
        9545000	       855	800035f6	0d8e	c.slli	x27,0x3	 x27:0x00000001 x27=0x00000008
        9555000	       856	800035f8	95ee	c.add	x11,x27	 x11:0x00000010 x27:0x00000008 x11=0x00000018
        9565000	       857	800035fa	00b45433	srl	x8,x8,x11	  x8:0x0f0f0000 x11:0x00000018  x8=0x0000000f
        9575000	       858	800035fe	01b41593	slli	x11,x8,0x1b	  x8:0x0000000f x11=0x78000000
        9585000	       859	80003602	81f9	c.srli	x11,0x1e	 x11:0x78000000 x11=0x00000001
        9595000	       860	80003604	c5a1	c.beqz	x11,8000364c	 x11:0x00000001
        9605000	       861	80003606	4d85	c.li	x27,1	 x27=0x00000001
        9615000	       862	80003608	05b58363	beq	x11,x27,8000364e	 x11:0x00000001 x27:0x00000001
        9635000	       864	8000364e	8d9e	c.mv	x27,x7	  x0:0x00000000  x7:0x00000005 x27=0x00000005
        9645000	       865	80003650	343025f3	csrrs	x11,mtval,x0	  x0:0x00000000 x11=0x8ffffffc
        9655000	       866	80003654	8189	c.srli	x11,0x2	 x11:0x8ffffffc x11=0x23ffffff
        9665000	       867	80003656	000d9563	bne	x27,x0,80003660	 x27:0x00000005  x0:0x00000000
        9685000	       869	80003660	fdc5e2e3	bltu	x11,x28,80003624	 x11:0x23ffffff x28:0x20003455
        9695000	       870	80003664	fda5f0e3	bgeu	x11,x26,80003624	 x11:0x23ffffff x26:0x20003dee
        9715000	       872	80003624	8d9e	c.mv	x27,x7	  x0:0x00000000  x7:0x00000005 x27=0x00000005
        9725000	       873	80003626	8e6a	c.mv	x28,x26	  x0:0x00000000 x26:0x20003dee x28=0x20003dee
        9735000	       874	80003628	0d85	c.addi	x27,1	 x27:0x00000005 x27=0x00000006
        9745000	       875	8000362a	83ee	c.mv	x7,x27	  x0:0x00000000 x27:0x00000006  x7=0x00000006
        9755000	       876	8000362c	4d41	c.li	x26,16	 x26=0x00000010
        9765000	       877	8000362e	01add363	bge	x27,x26,80003634	 x27:0x00000006 x26:0x00000010
        9775000	       878	80003632	b56d	c.j	800034dc	
        9795000	       880	800034dc	8d9e	c.mv	x27,x7	  x0:0x00000000  x7:0x00000006 x27=0x00000006
        9805000	       881	800034de	85ee	c.mv	x11,x27	  x0:0x00000000 x27:0x00000006 x11=0x00000006
        9815000	       882	800034e0	4581	c.li	x11,0	 x11=0x00000000
        9825000	       883	800034e2	04bd8f63	beq	x27,x11,80003540	 x27:0x00000006 x11:0x00000000
        9835000	       884	800034e6	4585	c.li	x11,1	 x11=0x00000001
        9845000	       885	800034e8	06bd8163	beq	x27,x11,8000354a	 x27:0x00000006 x11:0x00000001
        9855000	       886	800034ec	4589	c.li	x11,2	 x11=0x00000002
        9865000	       887	800034ee	06bd8363	beq	x27,x11,80003554	 x27:0x00000006 x11:0x00000002
        9875000	       888	800034f2	458d	c.li	x11,3	 x11=0x00000003
        9885000	       889	800034f4	06bd8563	beq	x27,x11,8000355e	 x27:0x00000006 x11:0x00000003
        9895000	       890	800034f8	4591	c.li	x11,4	 x11=0x00000004
        9905000	       891	800034fa	06bd8763	beq	x27,x11,80003568	 x27:0x00000006 x11:0x00000004
        9915000	       892	800034fe	4595	c.li	x11,5	 x11=0x00000005
        9925000	       893	80003500	06bd8963	beq	x27,x11,80003572	 x27:0x00000006 x11:0x00000005
        9935000	       894	80003504	4599	c.li	x11,6	 x11=0x00000006
        9945000	       895	80003506	06bd8b63	beq	x27,x11,8000357c	 x27:0x00000006 x11:0x00000006
        9965000	       897	8000357c	3b602d73	csrrs	x26,pmpaddr6,x0	  x0:0x00000000 x26=0x20004788
        9975000	       898	80003580	3a102c73	csrrs	x24,pmpcfg1,x0	  x0:0x00000000 x24=0x0f0f0f0f
        9985000	       899	80003584	a8b1	c.j	800035e0	
       10005000	       901	800035e0	4411	c.li	x8,4	  x8=0x00000004
       10015000	       902	800035e2	01e39d93	slli	x27,x7,0x1e	  x7:0x00000006 x27=0x80000000
       10025000	       903	800035e6	01eddd93	srli	x27,x27,0x1e	 x27:0x80000000 x27=0x00000002
       10035000	       904	800035ea	41b405b3	sub	x11,x8,x27	  x8:0x00000004 x27:0x00000002 x11=0x00000002
       10045000	       905	800035ee	15fd	c.addi	x11,-1	 x11:0x00000002 x11=0x00000001
       10055000	       906	800035f0	058e	c.slli	x11,0x3	 x11:0x00000001 x11=0x00000008
       10065000	       907	800035f2	00bc1433	sll	x8,x24,x11	 x24:0x0f0f0f0f x11:0x00000008  x8=0x0f0f0f00
       10075000	       908	800035f6	0d8e	c.slli	x27,0x3	 x27:0x00000002 x27=0x00000010
       10085000	       909	800035f8	95ee	c.add	x11,x27	 x11:0x00000008 x27:0x00000010 x11=0x00000018
       10095000	       910	800035fa	00b45433	srl	x8,x8,x11	  x8:0x0f0f0f00 x11:0x00000018  x8=0x0000000f
       10105000	       911	800035fe	01b41593	slli	x11,x8,0x1b	  x8:0x0000000f x11=0x78000000
       10115000	       912	80003602	81f9	c.srli	x11,0x1e	 x11:0x78000000 x11=0x00000001
       10125000	       913	80003604	c5a1	c.beqz	x11,8000364c	 x11:0x00000001
       10135000	       914	80003606	4d85	c.li	x27,1	 x27=0x00000001
       10145000	       915	80003608	05b58363	beq	x11,x27,8000364e	 x11:0x00000001 x27:0x00000001
       10165000	       917	8000364e	8d9e	c.mv	x27,x7	  x0:0x00000000  x7:0x00000006 x27=0x00000006
       10175000	       918	80003650	343025f3	csrrs	x11,mtval,x0	  x0:0x00000000 x11=0x8ffffffc
       10185000	       919	80003654	8189	c.srli	x11,0x2	 x11:0x8ffffffc x11=0x23ffffff
       10195000	       920	80003656	000d9563	bne	x27,x0,80003660	 x27:0x00000006  x0:0x00000000
       10215000	       922	80003660	fdc5e2e3	bltu	x11,x28,80003624	 x11:0x23ffffff x28:0x20003dee
       10225000	       923	80003664	fda5f0e3	bgeu	x11,x26,80003624	 x11:0x23ffffff x26:0x20004788
       10245000	       925	80003624	8d9e	c.mv	x27,x7	  x0:0x00000000  x7:0x00000006 x27=0x00000006
       10255000	       926	80003626	8e6a	c.mv	x28,x26	  x0:0x00000000 x26:0x20004788 x28=0x20004788
       10265000	       927	80003628	0d85	c.addi	x27,1	 x27:0x00000006 x27=0x00000007
       10275000	       928	8000362a	83ee	c.mv	x7,x27	  x0:0x00000000 x27:0x00000007  x7=0x00000007
       10285000	       929	8000362c	4d41	c.li	x26,16	 x26=0x00000010
       10295000	       930	8000362e	01add363	bge	x27,x26,80003634	 x27:0x00000007 x26:0x00000010
       10305000	       931	80003632	b56d	c.j	800034dc	
       10325000	       933	800034dc	8d9e	c.mv	x27,x7	  x0:0x00000000  x7:0x00000007 x27=0x00000007
       10335000	       934	800034de	85ee	c.mv	x11,x27	  x0:0x00000000 x27:0x00000007 x11=0x00000007
       10345000	       935	800034e0	4581	c.li	x11,0	 x11=0x00000000
       10355000	       936	800034e2	04bd8f63	beq	x27,x11,80003540	 x27:0x00000007 x11:0x00000000
       10365000	       937	800034e6	4585	c.li	x11,1	 x11=0x00000001
       10375000	       938	800034e8	06bd8163	beq	x27,x11,8000354a	 x27:0x00000007 x11:0x00000001
       10385000	       939	800034ec	4589	c.li	x11,2	 x11=0x00000002
       10395000	       940	800034ee	06bd8363	beq	x27,x11,80003554	 x27:0x00000007 x11:0x00000002
       10405000	       941	800034f2	458d	c.li	x11,3	 x11=0x00000003
       10415000	       942	800034f4	06bd8563	beq	x27,x11,8000355e	 x27:0x00000007 x11:0x00000003
       10425000	       943	800034f8	4591	c.li	x11,4	 x11=0x00000004
       10435000	       944	800034fa	06bd8763	beq	x27,x11,80003568	 x27:0x00000007 x11:0x00000004
       10445000	       945	800034fe	4595	c.li	x11,5	 x11=0x00000005
       10455000	       946	80003500	06bd8963	beq	x27,x11,80003572	 x27:0x00000007 x11:0x00000005
       10465000	       947	80003504	4599	c.li	x11,6	 x11=0x00000006
       10475000	       948	80003506	06bd8b63	beq	x27,x11,8000357c	 x27:0x00000007 x11:0x00000006
       10485000	       949	8000350a	459d	c.li	x11,7	 x11=0x00000007
       10495000	       950	8000350c	06bd8d63	beq	x27,x11,80003586	 x27:0x00000007 x11:0x00000007
       10525000	       953	80003586	3b702d73	csrrs	x26,pmpaddr7,x0	  x0:0x00000000 x26=0x20005121
       10535000	       954	8000358a	3a102c73	csrrs	x24,pmpcfg1,x0	  x0:0x00000000 x24=0x0f0f0f0f
       10545000	       955	8000358e	a889	c.j	800035e0	
       10565000	       957	800035e0	4411	c.li	x8,4	  x8=0x00000004
       10575000	       958	800035e2	01e39d93	slli	x27,x7,0x1e	  x7:0x00000007 x27=0xc0000000
       10585000	       959	800035e6	01eddd93	srli	x27,x27,0x1e	 x27:0xc0000000 x27=0x00000003
       10595000	       960	800035ea	41b405b3	sub	x11,x8,x27	  x8:0x00000004 x27:0x00000003 x11=0x00000001
       10605000	       961	800035ee	15fd	c.addi	x11,-1	 x11:0x00000001 x11=0x00000000
       10615000	       962	800035f0	058e	c.slli	x11,0x3	 x11:0x00000000 x11=0x00000000
       10625000	       963	800035f2	00bc1433	sll	x8,x24,x11	 x24:0x0f0f0f0f x11:0x00000000  x8=0x0f0f0f0f
       10635000	       964	800035f6	0d8e	c.slli	x27,0x3	 x27:0x00000003 x27=0x00000018
       10645000	       965	800035f8	95ee	c.add	x11,x27	 x11:0x00000000 x27:0x00000018 x11=0x00000018
       10655000	       966	800035fa	00b45433	srl	x8,x8,x11	  x8:0x0f0f0f0f x11:0x00000018  x8=0x0000000f
       10665000	       967	800035fe	01b41593	slli	x11,x8,0x1b	  x8:0x0000000f x11=0x78000000
       10675000	       968	80003602	81f9	c.srli	x11,0x1e	 x11:0x78000000 x11=0x00000001
       10685000	       969	80003604	c5a1	c.beqz	x11,8000364c	 x11:0x00000001
       10695000	       970	80003606	4d85	c.li	x27,1	 x27=0x00000001
       10705000	       971	80003608	05b58363	beq	x11,x27,8000364e	 x11:0x00000001 x27:0x00000001
       10725000	       973	8000364e	8d9e	c.mv	x27,x7	  x0:0x00000000  x7:0x00000007 x27=0x00000007
       10735000	       974	80003650	343025f3	csrrs	x11,mtval,x0	  x0:0x00000000 x11=0x8ffffffc
       10745000	       975	80003654	8189	c.srli	x11,0x2	 x11:0x8ffffffc x11=0x23ffffff
       10755000	       976	80003656	000d9563	bne	x27,x0,80003660	 x27:0x00000007  x0:0x00000000
       10775000	       978	80003660	fdc5e2e3	bltu	x11,x28,80003624	 x11:0x23ffffff x28:0x20004788
       10785000	       979	80003664	fda5f0e3	bgeu	x11,x26,80003624	 x11:0x23ffffff x26:0x20005121
       10805000	       981	80003624	8d9e	c.mv	x27,x7	  x0:0x00000000  x7:0x00000007 x27=0x00000007
       10815000	       982	80003626	8e6a	c.mv	x28,x26	  x0:0x00000000 x26:0x20005121 x28=0x20005121
       10825000	       983	80003628	0d85	c.addi	x27,1	 x27:0x00000007 x27=0x00000008
       10835000	       984	8000362a	83ee	c.mv	x7,x27	  x0:0x00000000 x27:0x00000008  x7=0x00000008
       10845000	       985	8000362c	4d41	c.li	x26,16	 x26=0x00000010
       10855000	       986	8000362e	01add363	bge	x27,x26,80003634	 x27:0x00000008 x26:0x00000010
       10865000	       987	80003632	b56d	c.j	800034dc	
       10885000	       989	800034dc	8d9e	c.mv	x27,x7	  x0:0x00000000  x7:0x00000008 x27=0x00000008
       10895000	       990	800034de	85ee	c.mv	x11,x27	  x0:0x00000000 x27:0x00000008 x11=0x00000008
       10905000	       991	800034e0	4581	c.li	x11,0	 x11=0x00000000
       10915000	       992	800034e2	04bd8f63	beq	x27,x11,80003540	 x27:0x00000008 x11:0x00000000
       10925000	       993	800034e6	4585	c.li	x11,1	 x11=0x00000001
       10935000	       994	800034e8	06bd8163	beq	x27,x11,8000354a	 x27:0x00000008 x11:0x00000001
       10945000	       995	800034ec	4589	c.li	x11,2	 x11=0x00000002
       10955000	       996	800034ee	06bd8363	beq	x27,x11,80003554	 x27:0x00000008 x11:0x00000002
       10965000	       997	800034f2	458d	c.li	x11,3	 x11=0x00000003
       10975000	       998	800034f4	06bd8563	beq	x27,x11,8000355e	 x27:0x00000008 x11:0x00000003
       10985000	       999	800034f8	4591	c.li	x11,4	 x11=0x00000004
       10995000	      1000	800034fa	06bd8763	beq	x27,x11,80003568	 x27:0x00000008 x11:0x00000004
       11005000	      1001	800034fe	4595	c.li	x11,5	 x11=0x00000005
       11015000	      1002	80003500	06bd8963	beq	x27,x11,80003572	 x27:0x00000008 x11:0x00000005
       11025000	      1003	80003504	4599	c.li	x11,6	 x11=0x00000006
       11035000	      1004	80003506	06bd8b63	beq	x27,x11,8000357c	 x27:0x00000008 x11:0x00000006
       11045000	      1005	8000350a	459d	c.li	x11,7	 x11=0x00000007
       11055000	      1006	8000350c	06bd8d63	beq	x27,x11,80003586	 x27:0x00000008 x11:0x00000007
       11065000	      1007	80003510	45a1	c.li	x11,8	 x11=0x00000008
       11075000	      1008	80003512	06bd8f63	beq	x27,x11,80003590	 x27:0x00000008 x11:0x00000008
       11095000	      1010	80003590	3b802d73	csrrs	x26,pmpaddr8,x0	  x0:0x00000000 x26=0x20005abb
       11105000	      1011	80003594	3a202c73	csrrs	x24,pmpcfg2,x0	  x0:0x00000000 x24=0x0f0f0f0f
       11115000	      1012	80003598	a0a1	c.j	800035e0	
       11135000	      1014	800035e0	4411	c.li	x8,4	  x8=0x00000004
       11145000	      1015	800035e2	01e39d93	slli	x27,x7,0x1e	  x7:0x00000008 x27=0x00000000
       11155000	      1016	800035e6	01eddd93	srli	x27,x27,0x1e	 x27:0x00000000 x27=0x00000000
       11165000	      1017	800035ea	41b405b3	sub	x11,x8,x27	  x8:0x00000004 x27:0x00000000 x11=0x00000004
       11175000	      1018	800035ee	15fd	c.addi	x11,-1	 x11:0x00000004 x11=0x00000003
       11185000	      1019	800035f0	058e	c.slli	x11,0x3	 x11:0x00000003 x11=0x00000018
       11195000	      1020	800035f2	00bc1433	sll	x8,x24,x11	 x24:0x0f0f0f0f x11:0x00000018  x8=0x0f000000
       11205000	      1021	800035f6	0d8e	c.slli	x27,0x3	 x27:0x00000000 x27=0x00000000
       11215000	      1022	800035f8	95ee	c.add	x11,x27	 x11:0x00000018 x27:0x00000000 x11=0x00000018
       11225000	      1023	800035fa	00b45433	srl	x8,x8,x11	  x8:0x0f000000 x11:0x00000018  x8=0x0000000f
       11235000	      1024	800035fe	01b41593	slli	x11,x8,0x1b	  x8:0x0000000f x11=0x78000000
       11245000	      1025	80003602	81f9	c.srli	x11,0x1e	 x11:0x78000000 x11=0x00000001
       11255000	      1026	80003604	c5a1	c.beqz	x11,8000364c	 x11:0x00000001
       11265000	      1027	80003606	4d85	c.li	x27,1	 x27=0x00000001
       11275000	      1028	80003608	05b58363	beq	x11,x27,8000364e	 x11:0x00000001 x27:0x00000001
       11295000	      1030	8000364e	8d9e	c.mv	x27,x7	  x0:0x00000000  x7:0x00000008 x27=0x00000008
       11305000	      1031	80003650	343025f3	csrrs	x11,mtval,x0	  x0:0x00000000 x11=0x8ffffffc
       11315000	      1032	80003654	8189	c.srli	x11,0x2	 x11:0x8ffffffc x11=0x23ffffff
       11325000	      1033	80003656	000d9563	bne	x27,x0,80003660	 x27:0x00000008  x0:0x00000000
       11345000	      1035	80003660	fdc5e2e3	bltu	x11,x28,80003624	 x11:0x23ffffff x28:0x20005121
       11355000	      1036	80003664	fda5f0e3	bgeu	x11,x26,80003624	 x11:0x23ffffff x26:0x20005abb
       11375000	      1038	80003624	8d9e	c.mv	x27,x7	  x0:0x00000000  x7:0x00000008 x27=0x00000008
       11385000	      1039	80003626	8e6a	c.mv	x28,x26	  x0:0x00000000 x26:0x20005abb x28=0x20005abb
       11395000	      1040	80003628	0d85	c.addi	x27,1	 x27:0x00000008 x27=0x00000009
       11405000	      1041	8000362a	83ee	c.mv	x7,x27	  x0:0x00000000 x27:0x00000009  x7=0x00000009
       11415000	      1042	8000362c	4d41	c.li	x26,16	 x26=0x00000010
       11425000	      1043	8000362e	01add363	bge	x27,x26,80003634	 x27:0x00000009 x26:0x00000010
       11435000	      1044	80003632	b56d	c.j	800034dc	
       11455000	      1046	800034dc	8d9e	c.mv	x27,x7	  x0:0x00000000  x7:0x00000009 x27=0x00000009
       11465000	      1047	800034de	85ee	c.mv	x11,x27	  x0:0x00000000 x27:0x00000009 x11=0x00000009
       11475000	      1048	800034e0	4581	c.li	x11,0	 x11=0x00000000
       11485000	      1049	800034e2	04bd8f63	beq	x27,x11,80003540	 x27:0x00000009 x11:0x00000000
       11495000	      1050	800034e6	4585	c.li	x11,1	 x11=0x00000001
       11505000	      1051	800034e8	06bd8163	beq	x27,x11,8000354a	 x27:0x00000009 x11:0x00000001
       11515000	      1052	800034ec	4589	c.li	x11,2	 x11=0x00000002
       11525000	      1053	800034ee	06bd8363	beq	x27,x11,80003554	 x27:0x00000009 x11:0x00000002
       11535000	      1054	800034f2	458d	c.li	x11,3	 x11=0x00000003
       11545000	      1055	800034f4	06bd8563	beq	x27,x11,8000355e	 x27:0x00000009 x11:0x00000003
       11555000	      1056	800034f8	4591	c.li	x11,4	 x11=0x00000004
       11565000	      1057	800034fa	06bd8763	beq	x27,x11,80003568	 x27:0x00000009 x11:0x00000004
       11575000	      1058	800034fe	4595	c.li	x11,5	 x11=0x00000005
       11585000	      1059	80003500	06bd8963	beq	x27,x11,80003572	 x27:0x00000009 x11:0x00000005
       11595000	      1060	80003504	4599	c.li	x11,6	 x11=0x00000006
       11605000	      1061	80003506	06bd8b63	beq	x27,x11,8000357c	 x27:0x00000009 x11:0x00000006
       11615000	      1062	8000350a	459d	c.li	x11,7	 x11=0x00000007
       11625000	      1063	8000350c	06bd8d63	beq	x27,x11,80003586	 x27:0x00000009 x11:0x00000007
       11635000	      1064	80003510	45a1	c.li	x11,8	 x11=0x00000008
       11645000	      1065	80003512	06bd8f63	beq	x27,x11,80003590	 x27:0x00000009 x11:0x00000008
       11655000	      1066	80003516	45a5	c.li	x11,9	 x11=0x00000009
       11665000	      1067	80003518	08bd8163	beq	x27,x11,8000359a	 x27:0x00000009 x11:0x00000009
       11695000	      1070	8000359a	3b902d73	csrrs	x26,pmpaddr9,x0	  x0:0x00000000 x26=0x20006454
       11705000	      1071	8000359e	3a202c73	csrrs	x24,pmpcfg2,x0	  x0:0x00000000 x24=0x0f0f0f0f
       11715000	      1072	800035a2	a83d	c.j	800035e0	
       11735000	      1074	800035e0	4411	c.li	x8,4	  x8=0x00000004
       11745000	      1075	800035e2	01e39d93	slli	x27,x7,0x1e	  x7:0x00000009 x27=0x40000000
       11755000	      1076	800035e6	01eddd93	srli	x27,x27,0x1e	 x27:0x40000000 x27=0x00000001
       11765000	      1077	800035ea	41b405b3	sub	x11,x8,x27	  x8:0x00000004 x27:0x00000001 x11=0x00000003
       11775000	      1078	800035ee	15fd	c.addi	x11,-1	 x11:0x00000003 x11=0x00000002
       11785000	      1079	800035f0	058e	c.slli	x11,0x3	 x11:0x00000002 x11=0x00000010
       11795000	      1080	800035f2	00bc1433	sll	x8,x24,x11	 x24:0x0f0f0f0f x11:0x00000010  x8=0x0f0f0000
       11805000	      1081	800035f6	0d8e	c.slli	x27,0x3	 x27:0x00000001 x27=0x00000008
       11815000	      1082	800035f8	95ee	c.add	x11,x27	 x11:0x00000010 x27:0x00000008 x11=0x00000018
       11825000	      1083	800035fa	00b45433	srl	x8,x8,x11	  x8:0x0f0f0000 x11:0x00000018  x8=0x0000000f
       11835000	      1084	800035fe	01b41593	slli	x11,x8,0x1b	  x8:0x0000000f x11=0x78000000
       11845000	      1085	80003602	81f9	c.srli	x11,0x1e	 x11:0x78000000 x11=0x00000001
       11855000	      1086	80003604	c5a1	c.beqz	x11,8000364c	 x11:0x00000001
       11865000	      1087	80003606	4d85	c.li	x27,1	 x27=0x00000001
       11875000	      1088	80003608	05b58363	beq	x11,x27,8000364e	 x11:0x00000001 x27:0x00000001
       11895000	      1090	8000364e	8d9e	c.mv	x27,x7	  x0:0x00000000  x7:0x00000009 x27=0x00000009
       11905000	      1091	80003650	343025f3	csrrs	x11,mtval,x0	  x0:0x00000000 x11=0x8ffffffc
       11915000	      1092	80003654	8189	c.srli	x11,0x2	 x11:0x8ffffffc x11=0x23ffffff
       11925000	      1093	80003656	000d9563	bne	x27,x0,80003660	 x27:0x00000009  x0:0x00000000
       11945000	      1095	80003660	fdc5e2e3	bltu	x11,x28,80003624	 x11:0x23ffffff x28:0x20005abb
       11955000	      1096	80003664	fda5f0e3	bgeu	x11,x26,80003624	 x11:0x23ffffff x26:0x20006454
       11975000	      1098	80003624	8d9e	c.mv	x27,x7	  x0:0x00000000  x7:0x00000009 x27=0x00000009
       11985000	      1099	80003626	8e6a	c.mv	x28,x26	  x0:0x00000000 x26:0x20006454 x28=0x20006454
       11995000	      1100	80003628	0d85	c.addi	x27,1	 x27:0x00000009 x27=0x0000000a
       12005000	      1101	8000362a	83ee	c.mv	x7,x27	  x0:0x00000000 x27:0x0000000a  x7=0x0000000a
       12015000	      1102	8000362c	4d41	c.li	x26,16	 x26=0x00000010
       12025000	      1103	8000362e	01add363	bge	x27,x26,80003634	 x27:0x0000000a x26:0x00000010
       12035000	      1104	80003632	b56d	c.j	800034dc	
       12055000	      1106	800034dc	8d9e	c.mv	x27,x7	  x0:0x00000000  x7:0x0000000a x27=0x0000000a
       12065000	      1107	800034de	85ee	c.mv	x11,x27	  x0:0x00000000 x27:0x0000000a x11=0x0000000a
       12075000	      1108	800034e0	4581	c.li	x11,0	 x11=0x00000000
       12085000	      1109	800034e2	04bd8f63	beq	x27,x11,80003540	 x27:0x0000000a x11:0x00000000
       12095000	      1110	800034e6	4585	c.li	x11,1	 x11=0x00000001
       12105000	      1111	800034e8	06bd8163	beq	x27,x11,8000354a	 x27:0x0000000a x11:0x00000001
       12115000	      1112	800034ec	4589	c.li	x11,2	 x11=0x00000002
       12125000	      1113	800034ee	06bd8363	beq	x27,x11,80003554	 x27:0x0000000a x11:0x00000002
       12135000	      1114	800034f2	458d	c.li	x11,3	 x11=0x00000003
       12145000	      1115	800034f4	06bd8563	beq	x27,x11,8000355e	 x27:0x0000000a x11:0x00000003
       12155000	      1116	800034f8	4591	c.li	x11,4	 x11=0x00000004
       12165000	      1117	800034fa	06bd8763	beq	x27,x11,80003568	 x27:0x0000000a x11:0x00000004
       12175000	      1118	800034fe	4595	c.li	x11,5	 x11=0x00000005
       12185000	      1119	80003500	06bd8963	beq	x27,x11,80003572	 x27:0x0000000a x11:0x00000005
       12195000	      1120	80003504	4599	c.li	x11,6	 x11=0x00000006
       12205000	      1121	80003506	06bd8b63	beq	x27,x11,8000357c	 x27:0x0000000a x11:0x00000006
       12215000	      1122	8000350a	459d	c.li	x11,7	 x11=0x00000007
       12225000	      1123	8000350c	06bd8d63	beq	x27,x11,80003586	 x27:0x0000000a x11:0x00000007
       12235000	      1124	80003510	45a1	c.li	x11,8	 x11=0x00000008
       12245000	      1125	80003512	06bd8f63	beq	x27,x11,80003590	 x27:0x0000000a x11:0x00000008
       12255000	      1126	80003516	45a5	c.li	x11,9	 x11=0x00000009
       12265000	      1127	80003518	08bd8163	beq	x27,x11,8000359a	 x27:0x0000000a x11:0x00000009
       12275000	      1128	8000351c	45a9	c.li	x11,10	 x11=0x0000000a
       12285000	      1129	8000351e	08bd8363	beq	x27,x11,800035a4	 x27:0x0000000a x11:0x0000000a
       12305000	      1131	800035a4	3ba02d73	csrrs	x26,pmpaddr10,x0	  x0:0x00000000 x26=0x20006dee
       12315000	      1132	800035a8	3a202c73	csrrs	x24,pmpcfg2,x0	  x0:0x00000000 x24=0x0f0f0f0f
       12325000	      1133	800035ac	a815	c.j	800035e0	
       12345000	      1135	800035e0	4411	c.li	x8,4	  x8=0x00000004
       12355000	      1136	800035e2	01e39d93	slli	x27,x7,0x1e	  x7:0x0000000a x27=0x80000000
       12365000	      1137	800035e6	01eddd93	srli	x27,x27,0x1e	 x27:0x80000000 x27=0x00000002
       12375000	      1138	800035ea	41b405b3	sub	x11,x8,x27	  x8:0x00000004 x27:0x00000002 x11=0x00000002
       12385000	      1139	800035ee	15fd	c.addi	x11,-1	 x11:0x00000002 x11=0x00000001
       12395000	      1140	800035f0	058e	c.slli	x11,0x3	 x11:0x00000001 x11=0x00000008
       12405000	      1141	800035f2	00bc1433	sll	x8,x24,x11	 x24:0x0f0f0f0f x11:0x00000008  x8=0x0f0f0f00
       12415000	      1142	800035f6	0d8e	c.slli	x27,0x3	 x27:0x00000002 x27=0x00000010
       12425000	      1143	800035f8	95ee	c.add	x11,x27	 x11:0x00000008 x27:0x00000010 x11=0x00000018
       12435000	      1144	800035fa	00b45433	srl	x8,x8,x11	  x8:0x0f0f0f00 x11:0x00000018  x8=0x0000000f
       12445000	      1145	800035fe	01b41593	slli	x11,x8,0x1b	  x8:0x0000000f x11=0x78000000
       12455000	      1146	80003602	81f9	c.srli	x11,0x1e	 x11:0x78000000 x11=0x00000001
       12465000	      1147	80003604	c5a1	c.beqz	x11,8000364c	 x11:0x00000001
       12475000	      1148	80003606	4d85	c.li	x27,1	 x27=0x00000001
       12485000	      1149	80003608	05b58363	beq	x11,x27,8000364e	 x11:0x00000001 x27:0x00000001
       12505000	      1151	8000364e	8d9e	c.mv	x27,x7	  x0:0x00000000  x7:0x0000000a x27=0x0000000a
       12515000	      1152	80003650	343025f3	csrrs	x11,mtval,x0	  x0:0x00000000 x11=0x8ffffffc
       12525000	      1153	80003654	8189	c.srli	x11,0x2	 x11:0x8ffffffc x11=0x23ffffff
       12535000	      1154	80003656	000d9563	bne	x27,x0,80003660	 x27:0x0000000a  x0:0x00000000
       12555000	      1156	80003660	fdc5e2e3	bltu	x11,x28,80003624	 x11:0x23ffffff x28:0x20006454
       12565000	      1157	80003664	fda5f0e3	bgeu	x11,x26,80003624	 x11:0x23ffffff x26:0x20006dee
       12585000	      1159	80003624	8d9e	c.mv	x27,x7	  x0:0x00000000  x7:0x0000000a x27=0x0000000a
       12595000	      1160	80003626	8e6a	c.mv	x28,x26	  x0:0x00000000 x26:0x20006dee x28=0x20006dee
       12605000	      1161	80003628	0d85	c.addi	x27,1	 x27:0x0000000a x27=0x0000000b
       12615000	      1162	8000362a	83ee	c.mv	x7,x27	  x0:0x00000000 x27:0x0000000b  x7=0x0000000b
       12625000	      1163	8000362c	4d41	c.li	x26,16	 x26=0x00000010
       12635000	      1164	8000362e	01add363	bge	x27,x26,80003634	 x27:0x0000000b x26:0x00000010
       12645000	      1165	80003632	b56d	c.j	800034dc	
       12665000	      1167	800034dc	8d9e	c.mv	x27,x7	  x0:0x00000000  x7:0x0000000b x27=0x0000000b
       12675000	      1168	800034de	85ee	c.mv	x11,x27	  x0:0x00000000 x27:0x0000000b x11=0x0000000b
       12685000	      1169	800034e0	4581	c.li	x11,0	 x11=0x00000000
       12695000	      1170	800034e2	04bd8f63	beq	x27,x11,80003540	 x27:0x0000000b x11:0x00000000
       12705000	      1171	800034e6	4585	c.li	x11,1	 x11=0x00000001
       12715000	      1172	800034e8	06bd8163	beq	x27,x11,8000354a	 x27:0x0000000b x11:0x00000001
       12725000	      1173	800034ec	4589	c.li	x11,2	 x11=0x00000002
       12735000	      1174	800034ee	06bd8363	beq	x27,x11,80003554	 x27:0x0000000b x11:0x00000002
       12745000	      1175	800034f2	458d	c.li	x11,3	 x11=0x00000003
       12755000	      1176	800034f4	06bd8563	beq	x27,x11,8000355e	 x27:0x0000000b x11:0x00000003
       12765000	      1177	800034f8	4591	c.li	x11,4	 x11=0x00000004
       12775000	      1178	800034fa	06bd8763	beq	x27,x11,80003568	 x27:0x0000000b x11:0x00000004
       12785000	      1179	800034fe	4595	c.li	x11,5	 x11=0x00000005
       12795000	      1180	80003500	06bd8963	beq	x27,x11,80003572	 x27:0x0000000b x11:0x00000005
       12805000	      1181	80003504	4599	c.li	x11,6	 x11=0x00000006
       12815000	      1182	80003506	06bd8b63	beq	x27,x11,8000357c	 x27:0x0000000b x11:0x00000006
       12825000	      1183	8000350a	459d	c.li	x11,7	 x11=0x00000007
       12835000	      1184	8000350c	06bd8d63	beq	x27,x11,80003586	 x27:0x0000000b x11:0x00000007
       12845000	      1185	80003510	45a1	c.li	x11,8	 x11=0x00000008
       12855000	      1186	80003512	06bd8f63	beq	x27,x11,80003590	 x27:0x0000000b x11:0x00000008
       12865000	      1187	80003516	45a5	c.li	x11,9	 x11=0x00000009
       12875000	      1188	80003518	08bd8163	beq	x27,x11,8000359a	 x27:0x0000000b x11:0x00000009
       12885000	      1189	8000351c	45a9	c.li	x11,10	 x11=0x0000000a
       12895000	      1190	8000351e	08bd8363	beq	x27,x11,800035a4	 x27:0x0000000b x11:0x0000000a
       12905000	      1191	80003522	45ad	c.li	x11,11	 x11=0x0000000b
       12915000	      1192	80003524	08bd8563	beq	x27,x11,800035ae	 x27:0x0000000b x11:0x0000000b
       12945000	      1195	800035ae	3bb02d73	csrrs	x26,pmpaddr11,x0	  x0:0x00000000 x26=0x20007787
       12955000	      1196	800035b2	3a202c73	csrrs	x24,pmpcfg2,x0	  x0:0x00000000 x24=0x0f0f0f0f
       12965000	      1197	800035b6	a02d	c.j	800035e0	
       12985000	      1199	800035e0	4411	c.li	x8,4	  x8=0x00000004
       12995000	      1200	800035e2	01e39d93	slli	x27,x7,0x1e	  x7:0x0000000b x27=0xc0000000
       13005000	      1201	800035e6	01eddd93	srli	x27,x27,0x1e	 x27:0xc0000000 x27=0x00000003
       13015000	      1202	800035ea	41b405b3	sub	x11,x8,x27	  x8:0x00000004 x27:0x00000003 x11=0x00000001
       13025000	      1203	800035ee	15fd	c.addi	x11,-1	 x11:0x00000001 x11=0x00000000
       13035000	      1204	800035f0	058e	c.slli	x11,0x3	 x11:0x00000000 x11=0x00000000
       13045000	      1205	800035f2	00bc1433	sll	x8,x24,x11	 x24:0x0f0f0f0f x11:0x00000000  x8=0x0f0f0f0f
       13055000	      1206	800035f6	0d8e	c.slli	x27,0x3	 x27:0x00000003 x27=0x00000018
       13065000	      1207	800035f8	95ee	c.add	x11,x27	 x11:0x00000000 x27:0x00000018 x11=0x00000018
       13075000	      1208	800035fa	00b45433	srl	x8,x8,x11	  x8:0x0f0f0f0f x11:0x00000018  x8=0x0000000f
       13085000	      1209	800035fe	01b41593	slli	x11,x8,0x1b	  x8:0x0000000f x11=0x78000000
       13095000	      1210	80003602	81f9	c.srli	x11,0x1e	 x11:0x78000000 x11=0x00000001
       13105000	      1211	80003604	c5a1	c.beqz	x11,8000364c	 x11:0x00000001
       13115000	      1212	80003606	4d85	c.li	x27,1	 x27=0x00000001
       13125000	      1213	80003608	05b58363	beq	x11,x27,8000364e	 x11:0x00000001 x27:0x00000001
       13145000	      1215	8000364e	8d9e	c.mv	x27,x7	  x0:0x00000000  x7:0x0000000b x27=0x0000000b
       13155000	      1216	80003650	343025f3	csrrs	x11,mtval,x0	  x0:0x00000000 x11=0x8ffffffc
       13165000	      1217	80003654	8189	c.srli	x11,0x2	 x11:0x8ffffffc x11=0x23ffffff
       13175000	      1218	80003656	000d9563	bne	x27,x0,80003660	 x27:0x0000000b  x0:0x00000000
       13195000	      1220	80003660	fdc5e2e3	bltu	x11,x28,80003624	 x11:0x23ffffff x28:0x20006dee
       13205000	      1221	80003664	fda5f0e3	bgeu	x11,x26,80003624	 x11:0x23ffffff x26:0x20007787
       13225000	      1223	80003624	8d9e	c.mv	x27,x7	  x0:0x00000000  x7:0x0000000b x27=0x0000000b
       13235000	      1224	80003626	8e6a	c.mv	x28,x26	  x0:0x00000000 x26:0x20007787 x28=0x20007787
       13245000	      1225	80003628	0d85	c.addi	x27,1	 x27:0x0000000b x27=0x0000000c
       13255000	      1226	8000362a	83ee	c.mv	x7,x27	  x0:0x00000000 x27:0x0000000c  x7=0x0000000c
       13265000	      1227	8000362c	4d41	c.li	x26,16	 x26=0x00000010
       13275000	      1228	8000362e	01add363	bge	x27,x26,80003634	 x27:0x0000000c x26:0x00000010
       13285000	      1229	80003632	b56d	c.j	800034dc	
       13305000	      1231	800034dc	8d9e	c.mv	x27,x7	  x0:0x00000000  x7:0x0000000c x27=0x0000000c
       13315000	      1232	800034de	85ee	c.mv	x11,x27	  x0:0x00000000 x27:0x0000000c x11=0x0000000c
       13325000	      1233	800034e0	4581	c.li	x11,0	 x11=0x00000000
       13335000	      1234	800034e2	04bd8f63	beq	x27,x11,80003540	 x27:0x0000000c x11:0x00000000
       13345000	      1235	800034e6	4585	c.li	x11,1	 x11=0x00000001
       13355000	      1236	800034e8	06bd8163	beq	x27,x11,8000354a	 x27:0x0000000c x11:0x00000001
       13365000	      1237	800034ec	4589	c.li	x11,2	 x11=0x00000002
       13375000	      1238	800034ee	06bd8363	beq	x27,x11,80003554	 x27:0x0000000c x11:0x00000002
       13385000	      1239	800034f2	458d	c.li	x11,3	 x11=0x00000003
       13395000	      1240	800034f4	06bd8563	beq	x27,x11,8000355e	 x27:0x0000000c x11:0x00000003
       13405000	      1241	800034f8	4591	c.li	x11,4	 x11=0x00000004
       13415000	      1242	800034fa	06bd8763	beq	x27,x11,80003568	 x27:0x0000000c x11:0x00000004
       13425000	      1243	800034fe	4595	c.li	x11,5	 x11=0x00000005
       13435000	      1244	80003500	06bd8963	beq	x27,x11,80003572	 x27:0x0000000c x11:0x00000005
       13445000	      1245	80003504	4599	c.li	x11,6	 x11=0x00000006
       13455000	      1246	80003506	06bd8b63	beq	x27,x11,8000357c	 x27:0x0000000c x11:0x00000006
       13465000	      1247	8000350a	459d	c.li	x11,7	 x11=0x00000007
       13475000	      1248	8000350c	06bd8d63	beq	x27,x11,80003586	 x27:0x0000000c x11:0x00000007
       13485000	      1249	80003510	45a1	c.li	x11,8	 x11=0x00000008
       13495000	      1250	80003512	06bd8f63	beq	x27,x11,80003590	 x27:0x0000000c x11:0x00000008
       13505000	      1251	80003516	45a5	c.li	x11,9	 x11=0x00000009
       13515000	      1252	80003518	08bd8163	beq	x27,x11,8000359a	 x27:0x0000000c x11:0x00000009
       13525000	      1253	8000351c	45a9	c.li	x11,10	 x11=0x0000000a
       13535000	      1254	8000351e	08bd8363	beq	x27,x11,800035a4	 x27:0x0000000c x11:0x0000000a
       13545000	      1255	80003522	45ad	c.li	x11,11	 x11=0x0000000b
       13555000	      1256	80003524	08bd8563	beq	x27,x11,800035ae	 x27:0x0000000c x11:0x0000000b
       13565000	      1257	80003528	45b1	c.li	x11,12	 x11=0x0000000c
       13575000	      1258	8000352a	08bd8763	beq	x27,x11,800035b8	 x27:0x0000000c x11:0x0000000c
       13595000	      1260	800035b8	3bc02d73	csrrs	x26,pmpaddr12,x0	  x0:0x00000000 x26=0x20008121
       13605000	      1261	800035bc	3a302c73	csrrs	x24,pmpcfg3,x0	  x0:0x00000000 x24=0x0f0f0f0f
       13615000	      1262	800035c0	a005	c.j	800035e0	
       13635000	      1264	800035e0	4411	c.li	x8,4	  x8=0x00000004
       13645000	      1265	800035e2	01e39d93	slli	x27,x7,0x1e	  x7:0x0000000c x27=0x00000000
       13655000	      1266	800035e6	01eddd93	srli	x27,x27,0x1e	 x27:0x00000000 x27=0x00000000
       13665000	      1267	800035ea	41b405b3	sub	x11,x8,x27	  x8:0x00000004 x27:0x00000000 x11=0x00000004
       13675000	      1268	800035ee	15fd	c.addi	x11,-1	 x11:0x00000004 x11=0x00000003
       13685000	      1269	800035f0	058e	c.slli	x11,0x3	 x11:0x00000003 x11=0x00000018
       13695000	      1270	800035f2	00bc1433	sll	x8,x24,x11	 x24:0x0f0f0f0f x11:0x00000018  x8=0x0f000000
       13705000	      1271	800035f6	0d8e	c.slli	x27,0x3	 x27:0x00000000 x27=0x00000000
       13715000	      1272	800035f8	95ee	c.add	x11,x27	 x11:0x00000018 x27:0x00000000 x11=0x00000018
       13725000	      1273	800035fa	00b45433	srl	x8,x8,x11	  x8:0x0f000000 x11:0x00000018  x8=0x0000000f
       13735000	      1274	800035fe	01b41593	slli	x11,x8,0x1b	  x8:0x0000000f x11=0x78000000
       13745000	      1275	80003602	81f9	c.srli	x11,0x1e	 x11:0x78000000 x11=0x00000001
       13755000	      1276	80003604	c5a1	c.beqz	x11,8000364c	 x11:0x00000001
       13765000	      1277	80003606	4d85	c.li	x27,1	 x27=0x00000001
       13775000	      1278	80003608	05b58363	beq	x11,x27,8000364e	 x11:0x00000001 x27:0x00000001
       13795000	      1280	8000364e	8d9e	c.mv	x27,x7	  x0:0x00000000  x7:0x0000000c x27=0x0000000c
       13805000	      1281	80003650	343025f3	csrrs	x11,mtval,x0	  x0:0x00000000 x11=0x8ffffffc
       13815000	      1282	80003654	8189	c.srli	x11,0x2	 x11:0x8ffffffc x11=0x23ffffff
       13825000	      1283	80003656	000d9563	bne	x27,x0,80003660	 x27:0x0000000c  x0:0x00000000
       13845000	      1285	80003660	fdc5e2e3	bltu	x11,x28,80003624	 x11:0x23ffffff x28:0x20007787
       13855000	      1286	80003664	fda5f0e3	bgeu	x11,x26,80003624	 x11:0x23ffffff x26:0x20008121
       13875000	      1288	80003624	8d9e	c.mv	x27,x7	  x0:0x00000000  x7:0x0000000c x27=0x0000000c
       13885000	      1289	80003626	8e6a	c.mv	x28,x26	  x0:0x00000000 x26:0x20008121 x28=0x20008121
       13895000	      1290	80003628	0d85	c.addi	x27,1	 x27:0x0000000c x27=0x0000000d
       13905000	      1291	8000362a	83ee	c.mv	x7,x27	  x0:0x00000000 x27:0x0000000d  x7=0x0000000d
       13915000	      1292	8000362c	4d41	c.li	x26,16	 x26=0x00000010
       13925000	      1293	8000362e	01add363	bge	x27,x26,80003634	 x27:0x0000000d x26:0x00000010
       13935000	      1294	80003632	b56d	c.j	800034dc	
       13955000	      1296	800034dc	8d9e	c.mv	x27,x7	  x0:0x00000000  x7:0x0000000d x27=0x0000000d
       13965000	      1297	800034de	85ee	c.mv	x11,x27	  x0:0x00000000 x27:0x0000000d x11=0x0000000d
       13975000	      1298	800034e0	4581	c.li	x11,0	 x11=0x00000000
       13985000	      1299	800034e2	04bd8f63	beq	x27,x11,80003540	 x27:0x0000000d x11:0x00000000
       13995000	      1300	800034e6	4585	c.li	x11,1	 x11=0x00000001
       14005000	      1301	800034e8	06bd8163	beq	x27,x11,8000354a	 x27:0x0000000d x11:0x00000001
       14015000	      1302	800034ec	4589	c.li	x11,2	 x11=0x00000002
       14025000	      1303	800034ee	06bd8363	beq	x27,x11,80003554	 x27:0x0000000d x11:0x00000002
       14035000	      1304	800034f2	458d	c.li	x11,3	 x11=0x00000003
       14045000	      1305	800034f4	06bd8563	beq	x27,x11,8000355e	 x27:0x0000000d x11:0x00000003
       14055000	      1306	800034f8	4591	c.li	x11,4	 x11=0x00000004
       14065000	      1307	800034fa	06bd8763	beq	x27,x11,80003568	 x27:0x0000000d x11:0x00000004
       14075000	      1308	800034fe	4595	c.li	x11,5	 x11=0x00000005
       14085000	      1309	80003500	06bd8963	beq	x27,x11,80003572	 x27:0x0000000d x11:0x00000005
       14095000	      1310	80003504	4599	c.li	x11,6	 x11=0x00000006
       14105000	      1311	80003506	06bd8b63	beq	x27,x11,8000357c	 x27:0x0000000d x11:0x00000006
       14115000	      1312	8000350a	459d	c.li	x11,7	 x11=0x00000007
       14125000	      1313	8000350c	06bd8d63	beq	x27,x11,80003586	 x27:0x0000000d x11:0x00000007
       14135000	      1314	80003510	45a1	c.li	x11,8	 x11=0x00000008
       14145000	      1315	80003512	06bd8f63	beq	x27,x11,80003590	 x27:0x0000000d x11:0x00000008
       14155000	      1316	80003516	45a5	c.li	x11,9	 x11=0x00000009
       14165000	      1317	80003518	08bd8163	beq	x27,x11,8000359a	 x27:0x0000000d x11:0x00000009
       14175000	      1318	8000351c	45a9	c.li	x11,10	 x11=0x0000000a
       14185000	      1319	8000351e	08bd8363	beq	x27,x11,800035a4	 x27:0x0000000d x11:0x0000000a
       14195000	      1320	80003522	45ad	c.li	x11,11	 x11=0x0000000b
       14205000	      1321	80003524	08bd8563	beq	x27,x11,800035ae	 x27:0x0000000d x11:0x0000000b
       14215000	      1322	80003528	45b1	c.li	x11,12	 x11=0x0000000c
       14225000	      1323	8000352a	08bd8763	beq	x27,x11,800035b8	 x27:0x0000000d x11:0x0000000c
       14235000	      1324	8000352e	45b5	c.li	x11,13	 x11=0x0000000d
       14245000	      1325	80003530	08bd8963	beq	x27,x11,800035c2	 x27:0x0000000d x11:0x0000000d
       14275000	      1328	800035c2	3bd02d73	csrrs	x26,pmpaddr13,x0	  x0:0x00000000 x26=0x20008aba
       14285000	      1329	800035c6	3a302c73	csrrs	x24,pmpcfg3,x0	  x0:0x00000000 x24=0x0f0f0f0f
       14295000	      1330	800035ca	a819	c.j	800035e0	
       14315000	      1332	800035e0	4411	c.li	x8,4	  x8=0x00000004
       14325000	      1333	800035e2	01e39d93	slli	x27,x7,0x1e	  x7:0x0000000d x27=0x40000000
       14335000	      1334	800035e6	01eddd93	srli	x27,x27,0x1e	 x27:0x40000000 x27=0x00000001
       14345000	      1335	800035ea	41b405b3	sub	x11,x8,x27	  x8:0x00000004 x27:0x00000001 x11=0x00000003
       14355000	      1336	800035ee	15fd	c.addi	x11,-1	 x11:0x00000003 x11=0x00000002
       14365000	      1337	800035f0	058e	c.slli	x11,0x3	 x11:0x00000002 x11=0x00000010
       14375000	      1338	800035f2	00bc1433	sll	x8,x24,x11	 x24:0x0f0f0f0f x11:0x00000010  x8=0x0f0f0000
       14385000	      1339	800035f6	0d8e	c.slli	x27,0x3	 x27:0x00000001 x27=0x00000008
       14395000	      1340	800035f8	95ee	c.add	x11,x27	 x11:0x00000010 x27:0x00000008 x11=0x00000018
       14405000	      1341	800035fa	00b45433	srl	x8,x8,x11	  x8:0x0f0f0000 x11:0x00000018  x8=0x0000000f
       14415000	      1342	800035fe	01b41593	slli	x11,x8,0x1b	  x8:0x0000000f x11=0x78000000
       14425000	      1343	80003602	81f9	c.srli	x11,0x1e	 x11:0x78000000 x11=0x00000001
       14435000	      1344	80003604	c5a1	c.beqz	x11,8000364c	 x11:0x00000001
       14445000	      1345	80003606	4d85	c.li	x27,1	 x27=0x00000001
       14455000	      1346	80003608	05b58363	beq	x11,x27,8000364e	 x11:0x00000001 x27:0x00000001
       14475000	      1348	8000364e	8d9e	c.mv	x27,x7	  x0:0x00000000  x7:0x0000000d x27=0x0000000d
       14485000	      1349	80003650	343025f3	csrrs	x11,mtval,x0	  x0:0x00000000 x11=0x8ffffffc
       14495000	      1350	80003654	8189	c.srli	x11,0x2	 x11:0x8ffffffc x11=0x23ffffff
       14505000	      1351	80003656	000d9563	bne	x27,x0,80003660	 x27:0x0000000d  x0:0x00000000
       14525000	      1353	80003660	fdc5e2e3	bltu	x11,x28,80003624	 x11:0x23ffffff x28:0x20008121
       14535000	      1354	80003664	fda5f0e3	bgeu	x11,x26,80003624	 x11:0x23ffffff x26:0x20008aba
       14555000	      1356	80003624	8d9e	c.mv	x27,x7	  x0:0x00000000  x7:0x0000000d x27=0x0000000d
       14565000	      1357	80003626	8e6a	c.mv	x28,x26	  x0:0x00000000 x26:0x20008aba x28=0x20008aba
       14575000	      1358	80003628	0d85	c.addi	x27,1	 x27:0x0000000d x27=0x0000000e
       14585000	      1359	8000362a	83ee	c.mv	x7,x27	  x0:0x00000000 x27:0x0000000e  x7=0x0000000e
       14595000	      1360	8000362c	4d41	c.li	x26,16	 x26=0x00000010
       14605000	      1361	8000362e	01add363	bge	x27,x26,80003634	 x27:0x0000000e x26:0x00000010
       14615000	      1362	80003632	b56d	c.j	800034dc	
       14635000	      1364	800034dc	8d9e	c.mv	x27,x7	  x0:0x00000000  x7:0x0000000e x27=0x0000000e
       14645000	      1365	800034de	85ee	c.mv	x11,x27	  x0:0x00000000 x27:0x0000000e x11=0x0000000e
       14655000	      1366	800034e0	4581	c.li	x11,0	 x11=0x00000000
       14665000	      1367	800034e2	04bd8f63	beq	x27,x11,80003540	 x27:0x0000000e x11:0x00000000
       14675000	      1368	800034e6	4585	c.li	x11,1	 x11=0x00000001
       14685000	      1369	800034e8	06bd8163	beq	x27,x11,8000354a	 x27:0x0000000e x11:0x00000001
       14695000	      1370	800034ec	4589	c.li	x11,2	 x11=0x00000002
       14705000	      1371	800034ee	06bd8363	beq	x27,x11,80003554	 x27:0x0000000e x11:0x00000002
       14715000	      1372	800034f2	458d	c.li	x11,3	 x11=0x00000003
       14725000	      1373	800034f4	06bd8563	beq	x27,x11,8000355e	 x27:0x0000000e x11:0x00000003
       14735000	      1374	800034f8	4591	c.li	x11,4	 x11=0x00000004
       14745000	      1375	800034fa	06bd8763	beq	x27,x11,80003568	 x27:0x0000000e x11:0x00000004
       14755000	      1376	800034fe	4595	c.li	x11,5	 x11=0x00000005
       14765000	      1377	80003500	06bd8963	beq	x27,x11,80003572	 x27:0x0000000e x11:0x00000005
       14775000	      1378	80003504	4599	c.li	x11,6	 x11=0x00000006
       14785000	      1379	80003506	06bd8b63	beq	x27,x11,8000357c	 x27:0x0000000e x11:0x00000006
       14795000	      1380	8000350a	459d	c.li	x11,7	 x11=0x00000007
       14805000	      1381	8000350c	06bd8d63	beq	x27,x11,80003586	 x27:0x0000000e x11:0x00000007
       14815000	      1382	80003510	45a1	c.li	x11,8	 x11=0x00000008
       14825000	      1383	80003512	06bd8f63	beq	x27,x11,80003590	 x27:0x0000000e x11:0x00000008
       14835000	      1384	80003516	45a5	c.li	x11,9	 x11=0x00000009
       14845000	      1385	80003518	08bd8163	beq	x27,x11,8000359a	 x27:0x0000000e x11:0x00000009
       14855000	      1386	8000351c	45a9	c.li	x11,10	 x11=0x0000000a
       14865000	      1387	8000351e	08bd8363	beq	x27,x11,800035a4	 x27:0x0000000e x11:0x0000000a
       14875000	      1388	80003522	45ad	c.li	x11,11	 x11=0x0000000b
       14885000	      1389	80003524	08bd8563	beq	x27,x11,800035ae	 x27:0x0000000e x11:0x0000000b
       14895000	      1390	80003528	45b1	c.li	x11,12	 x11=0x0000000c
       14905000	      1391	8000352a	08bd8763	beq	x27,x11,800035b8	 x27:0x0000000e x11:0x0000000c
       14915000	      1392	8000352e	45b5	c.li	x11,13	 x11=0x0000000d
       14925000	      1393	80003530	08bd8963	beq	x27,x11,800035c2	 x27:0x0000000e x11:0x0000000d
       14935000	      1394	80003534	45b9	c.li	x11,14	 x11=0x0000000e
       14945000	      1395	80003536	08bd8b63	beq	x27,x11,800035cc	 x27:0x0000000e x11:0x0000000e
       14965000	      1397	800035cc	3be02d73	csrrs	x26,pmpaddr14,x0	  x0:0x00000000 x26=0x20009454
       14975000	      1398	800035d0	3a302c73	csrrs	x24,pmpcfg3,x0	  x0:0x00000000 x24=0x0f0f0f0f
       14985000	      1399	800035d4	a031	c.j	800035e0	
       15005000	      1401	800035e0	4411	c.li	x8,4	  x8=0x00000004
       15015000	      1402	800035e2	01e39d93	slli	x27,x7,0x1e	  x7:0x0000000e x27=0x80000000
       15025000	      1403	800035e6	01eddd93	srli	x27,x27,0x1e	 x27:0x80000000 x27=0x00000002
       15035000	      1404	800035ea	41b405b3	sub	x11,x8,x27	  x8:0x00000004 x27:0x00000002 x11=0x00000002
       15045000	      1405	800035ee	15fd	c.addi	x11,-1	 x11:0x00000002 x11=0x00000001
       15055000	      1406	800035f0	058e	c.slli	x11,0x3	 x11:0x00000001 x11=0x00000008
       15065000	      1407	800035f2	00bc1433	sll	x8,x24,x11	 x24:0x0f0f0f0f x11:0x00000008  x8=0x0f0f0f00
       15075000	      1408	800035f6	0d8e	c.slli	x27,0x3	 x27:0x00000002 x27=0x00000010
       15085000	      1409	800035f8	95ee	c.add	x11,x27	 x11:0x00000008 x27:0x00000010 x11=0x00000018
       15095000	      1410	800035fa	00b45433	srl	x8,x8,x11	  x8:0x0f0f0f00 x11:0x00000018  x8=0x0000000f
       15105000	      1411	800035fe	01b41593	slli	x11,x8,0x1b	  x8:0x0000000f x11=0x78000000
       15115000	      1412	80003602	81f9	c.srli	x11,0x1e	 x11:0x78000000 x11=0x00000001
       15125000	      1413	80003604	c5a1	c.beqz	x11,8000364c	 x11:0x00000001
       15135000	      1414	80003606	4d85	c.li	x27,1	 x27=0x00000001
       15145000	      1415	80003608	05b58363	beq	x11,x27,8000364e	 x11:0x00000001 x27:0x00000001
       15165000	      1417	8000364e	8d9e	c.mv	x27,x7	  x0:0x00000000  x7:0x0000000e x27=0x0000000e
       15175000	      1418	80003650	343025f3	csrrs	x11,mtval,x0	  x0:0x00000000 x11=0x8ffffffc
       15185000	      1419	80003654	8189	c.srli	x11,0x2	 x11:0x8ffffffc x11=0x23ffffff
       15195000	      1420	80003656	000d9563	bne	x27,x0,80003660	 x27:0x0000000e  x0:0x00000000
       15215000	      1422	80003660	fdc5e2e3	bltu	x11,x28,80003624	 x11:0x23ffffff x28:0x20008aba
       15225000	      1423	80003664	fda5f0e3	bgeu	x11,x26,80003624	 x11:0x23ffffff x26:0x20009454
       15245000	      1425	80003624	8d9e	c.mv	x27,x7	  x0:0x00000000  x7:0x0000000e x27=0x0000000e
       15255000	      1426	80003626	8e6a	c.mv	x28,x26	  x0:0x00000000 x26:0x20009454 x28=0x20009454
       15265000	      1427	80003628	0d85	c.addi	x27,1	 x27:0x0000000e x27=0x0000000f
       15275000	      1428	8000362a	83ee	c.mv	x7,x27	  x0:0x00000000 x27:0x0000000f  x7=0x0000000f
       15285000	      1429	8000362c	4d41	c.li	x26,16	 x26=0x00000010
       15295000	      1430	8000362e	01add363	bge	x27,x26,80003634	 x27:0x0000000f x26:0x00000010
       15305000	      1431	80003632	b56d	c.j	800034dc	
       15325000	      1433	800034dc	8d9e	c.mv	x27,x7	  x0:0x00000000  x7:0x0000000f x27=0x0000000f
       15335000	      1434	800034de	85ee	c.mv	x11,x27	  x0:0x00000000 x27:0x0000000f x11=0x0000000f
       15345000	      1435	800034e0	4581	c.li	x11,0	 x11=0x00000000
       15355000	      1436	800034e2	04bd8f63	beq	x27,x11,80003540	 x27:0x0000000f x11:0x00000000
       15365000	      1437	800034e6	4585	c.li	x11,1	 x11=0x00000001
       15375000	      1438	800034e8	06bd8163	beq	x27,x11,8000354a	 x27:0x0000000f x11:0x00000001
       15385000	      1439	800034ec	4589	c.li	x11,2	 x11=0x00000002
       15395000	      1440	800034ee	06bd8363	beq	x27,x11,80003554	 x27:0x0000000f x11:0x00000002
       15405000	      1441	800034f2	458d	c.li	x11,3	 x11=0x00000003
       15415000	      1442	800034f4	06bd8563	beq	x27,x11,8000355e	 x27:0x0000000f x11:0x00000003
       15425000	      1443	800034f8	4591	c.li	x11,4	 x11=0x00000004
       15435000	      1444	800034fa	06bd8763	beq	x27,x11,80003568	 x27:0x0000000f x11:0x00000004
       15445000	      1445	800034fe	4595	c.li	x11,5	 x11=0x00000005
       15455000	      1446	80003500	06bd8963	beq	x27,x11,80003572	 x27:0x0000000f x11:0x00000005
       15465000	      1447	80003504	4599	c.li	x11,6	 x11=0x00000006
       15475000	      1448	80003506	06bd8b63	beq	x27,x11,8000357c	 x27:0x0000000f x11:0x00000006
       15485000	      1449	8000350a	459d	c.li	x11,7	 x11=0x00000007
       15495000	      1450	8000350c	06bd8d63	beq	x27,x11,80003586	 x27:0x0000000f x11:0x00000007
       15505000	      1451	80003510	45a1	c.li	x11,8	 x11=0x00000008
       15515000	      1452	80003512	06bd8f63	beq	x27,x11,80003590	 x27:0x0000000f x11:0x00000008
       15525000	      1453	80003516	45a5	c.li	x11,9	 x11=0x00000009
       15535000	      1454	80003518	08bd8163	beq	x27,x11,8000359a	 x27:0x0000000f x11:0x00000009
       15545000	      1455	8000351c	45a9	c.li	x11,10	 x11=0x0000000a
       15555000	      1456	8000351e	08bd8363	beq	x27,x11,800035a4	 x27:0x0000000f x11:0x0000000a
       15565000	      1457	80003522	45ad	c.li	x11,11	 x11=0x0000000b
       15575000	      1458	80003524	08bd8563	beq	x27,x11,800035ae	 x27:0x0000000f x11:0x0000000b
       15585000	      1459	80003528	45b1	c.li	x11,12	 x11=0x0000000c
       15595000	      1460	8000352a	08bd8763	beq	x27,x11,800035b8	 x27:0x0000000f x11:0x0000000c
       15605000	      1461	8000352e	45b5	c.li	x11,13	 x11=0x0000000d
       15615000	      1462	80003530	08bd8963	beq	x27,x11,800035c2	 x27:0x0000000f x11:0x0000000d
       15625000	      1463	80003534	45b9	c.li	x11,14	 x11=0x0000000e
       15635000	      1464	80003536	08bd8b63	beq	x27,x11,800035cc	 x27:0x0000000f x11:0x0000000e
       15645000	      1465	8000353a	45bd	c.li	x11,15	 x11=0x0000000f
       15655000	      1466	8000353c	08bd8d63	beq	x27,x11,800035d6	 x27:0x0000000f x11:0x0000000f
       15685000	      1469	800035d6	3bf02d73	csrrs	x26,pmpaddr15,x0	  x0:0x00000000 x26=0x20009ded
       15695000	      1470	800035da	3a302c73	csrrs	x24,pmpcfg3,x0	  x0:0x00000000 x24=0x0f0f0f0f
       15705000	      1471	800035de	a009	c.j	800035e0	
       15725000	      1473	800035e0	4411	c.li	x8,4	  x8=0x00000004
       15735000	      1474	800035e2	01e39d93	slli	x27,x7,0x1e	  x7:0x0000000f x27=0xc0000000
       15745000	      1475	800035e6	01eddd93	srli	x27,x27,0x1e	 x27:0xc0000000 x27=0x00000003
       15755000	      1476	800035ea	41b405b3	sub	x11,x8,x27	  x8:0x00000004 x27:0x00000003 x11=0x00000001
       15765000	      1477	800035ee	15fd	c.addi	x11,-1	 x11:0x00000001 x11=0x00000000
       15775000	      1478	800035f0	058e	c.slli	x11,0x3	 x11:0x00000000 x11=0x00000000
       15785000	      1479	800035f2	00bc1433	sll	x8,x24,x11	 x24:0x0f0f0f0f x11:0x00000000  x8=0x0f0f0f0f
       15795000	      1480	800035f6	0d8e	c.slli	x27,0x3	 x27:0x00000003 x27=0x00000018
       15805000	      1481	800035f8	95ee	c.add	x11,x27	 x11:0x00000000 x27:0x00000018 x11=0x00000018
       15815000	      1482	800035fa	00b45433	srl	x8,x8,x11	  x8:0x0f0f0f0f x11:0x00000018  x8=0x0000000f
       15825000	      1483	800035fe	01b41593	slli	x11,x8,0x1b	  x8:0x0000000f x11=0x78000000
       15835000	      1484	80003602	81f9	c.srli	x11,0x1e	 x11:0x78000000 x11=0x00000001
       15845000	      1485	80003604	c5a1	c.beqz	x11,8000364c	 x11:0x00000001
       15855000	      1486	80003606	4d85	c.li	x27,1	 x27=0x00000001
       15865000	      1487	80003608	05b58363	beq	x11,x27,8000364e	 x11:0x00000001 x27:0x00000001
       15885000	      1489	8000364e	8d9e	c.mv	x27,x7	  x0:0x00000000  x7:0x0000000f x27=0x0000000f
       15895000	      1490	80003650	343025f3	csrrs	x11,mtval,x0	  x0:0x00000000 x11=0x8ffffffc
       15905000	      1491	80003654	8189	c.srli	x11,0x2	 x11:0x8ffffffc x11=0x23ffffff
       15915000	      1492	80003656	000d9563	bne	x27,x0,80003660	 x27:0x0000000f  x0:0x00000000
       15935000	      1494	80003660	fdc5e2e3	bltu	x11,x28,80003624	 x11:0x23ffffff x28:0x20009454
       15945000	      1495	80003664	fda5f0e3	bgeu	x11,x26,80003624	 x11:0x23ffffff x26:0x20009ded
       15965000	      1497	80003624	8d9e	c.mv	x27,x7	  x0:0x00000000  x7:0x0000000f x27=0x0000000f
       15975000	      1498	80003626	8e6a	c.mv	x28,x26	  x0:0x00000000 x26:0x20009ded x28=0x20009ded
       15985000	      1499	80003628	0d85	c.addi	x27,1	 x27:0x0000000f x27=0x00000010
       15995000	      1500	8000362a	83ee	c.mv	x7,x27	  x0:0x00000000 x27:0x00000010  x7=0x00000010
       16005000	      1501	8000362c	4d41	c.li	x26,16	 x26=0x00000010
       16015000	      1502	8000362e	01add363	bge	x27,x26,80003634	 x27:0x00000010 x26:0x00000010
       16035000	      1504	80003634	74702df3	csrrs	x27,0x747,x0	  x0:0x00000000 x27=0x00000000
       16045000	      1505	80003638	002dfd93	andi	x27,x27,2	 x27:0x00000000 x27=0x00000000
       16055000	      1506	8000363c	060d9b63	bne	x27,x0,800036b2	 x27:0x00000000  x0:0x00000000
       16065000	      1507	80003640	ffffdd97	auipc	x27,0xffffd	 x27=0x80000640
       16075000	      1508	80003644	f94d8d93	addi	x27,x27,-108	 x27:0x80000640 x27=0x800005d4
       16085000	      1509	80003648	000d8067	jalr	x0,0(x27)	 x27:0x800005d4  x0=0x00000000
       16105000	      1511	800005d4	90000d37	lui	x26,0x90000	 x26=0x90000000
       16115000	      1512	800005d8	1d61	c.addi	x26,-8	 x26:0x90000000 x26=0x8ffffff8
       16125000	      1513	800005da	4d81	c.li	x27,0	 x27=0x00000000
       16135000	      1514	800005dc	0da2	c.slli	x27,0x8	 x27:0x00000000 x27=0x00000000
       16145000	      1515	800005de	0d85	c.addi	x27,1	 x27:0x00000000 x27=0x00000001
       16155000	      1516	800005e0	01bd2023	sw	x27,0(x26)	 x26:0x8ffffff8 x27:0x00000001 PA:0x8ffffff8 store:0x00000001 load:0x00000000
       16165000	      1517	800005e4	00000073	ecall	
       16195000	      1520	80002a00	0800006f	jal	x0,80002a80	  x0=0x00000000
       16215000	      1522	80002a80	16f1	c.addi	x13,-4	 x13:0x8002cc60 x13=0x8002cc5c
       16225000	      1523	80002a82	0176a023	sw	x23,0(x13)	 x13:0x8002cc5c x23:0x8002cc60 PA:0x8002cc5c store:0x8002cc60 load:0x00000000
