core   0: 0x80000080 (0x40001db7) lui     s11, 0x40001
core   0: 3 0x80000080 (0x40001db7) x27 0x40001000
core   0: 0x80000084 (0x106d8d93) addi    s11, s11, 262
core   0: 3 0x80000084 (0x106d8d93) x27 0x40001106
core   0: 0x80000088 (0x301d9073) csrw    misa, s11
core   0: 3 0x80000088 (0x301d9073) c769_misa 0x40901104
core   0: 0x8000008c (0x00024697) auipc   a3, 0x24
core   0: 3 0x8000008c (0x00024697) x13 0x8002408c
core   0: 0x80000090 (0xc5868693) addi    a3, a3, -936
core   0: 3 0x80000090 (0xc5868693) x13 0x80023ce4
core   0: 0x80000094 (0x00002d97) auipc   s11, 0x2
core   0: 3 0x80000094 (0x00002d97) x27 0x80002094
core   0: 0x80000098 (0x66cd8d93) addi    s11, s11, 1644
core   0: 3 0x80000098 (0x66cd8d93) x27 0x80002700
core   0: 0x8000009c (0x001ded93) ori     s11, s11, 1
core   0: 3 0x8000009c (0x001ded93) x27 0x80002701
core   0: 0x800000a0 (0x305d9073) csrw    mtvec, s11
core   0: 3 0x800000a0 (0x305d9073) c773_mtvec 0x80002701
core   0: 0x800000a4 (0x74725073) csrwi   mseccfg, 4
core   0: 3 0x800000a4 (0x74725073) c1863_mseccfg 0x00000004
core   0: 0x800000a8 (0x00003597) auipc   a1, 0x3
core   0: 3 0x800000a8 (0x00003597) x11 0x800030a8
core   0: 0x800000ac (0x41458593) addi    a1, a1, 1044
core   0: 3 0x800000ac (0x41458593) x11 0x800034bc
core   0: 0x800000b0 (0x00004d81) c.li    s11, 0
core   0: 3 0x800000b0 (0x4d81) x27 0x00000000
core   0: 0x800000b2 (0x000095ee) c.add   a1, s11
core   0: 3 0x800000b2 (0x95ee) x11 0x800034bc
core   0: 0x800000b4 (0x00008189) c.srli  a1, 2
core   0: 3 0x800000b4 (0x8189) x11 0x20000d2f
core   0: 0x800000b6 (0x3b059073) csrw    pmpaddr0, a1
core   0: 3 0x800000b6 (0x3b059073) c944_pmpaddr0 0x20000d2f
core   0: 0x800000ba (0x00003597) auipc   a1, 0x3
core   0: 3 0x800000ba (0x00003597) x11 0x800030ba
core   0: 0x800000be (0x40258593) addi    a1, a1, 1026
core   0: 3 0x800000be (0x40258593) x11 0x800034bc
core   0: 0x800000c2 (0x11111db7) lui     s11, 0x11111
core   0: 3 0x800000c2 (0x11111db7) x27 0x11111000
core   0: 0x800000c6 (0x111d8d93) addi    s11, s11, 273
core   0: 3 0x800000c6 (0x111d8d93) x27 0x11111111
core   0: 0x800000ca (0x000095ee) c.add   a1, s11
core   0: 3 0x800000ca (0x95ee) x11 0x911145cd
core   0: 0x800000cc (0x00008189) c.srli  a1, 2
core   0: 3 0x800000cc (0x8189) x11 0x24445173
core   0: 0x800000ce (0x3b159073) csrw    pmpaddr1, a1
core   0: 3 0x800000ce (0x3b159073) c945_pmpaddr1 0x24445173
core   0: 0x800000d2 (0x00003597) auipc   a1, 0x3
core   0: 3 0x800000d2 (0x00003597) x11 0x800030d2
core   0: 0x800000d6 (0x3ea58593) addi    a1, a1, 1002
core   0: 3 0x800000d6 (0x3ea58593) x11 0x800034bc
core   0: 0x800000da (0x22222db7) lui     s11, 0x22222
core   0: 3 0x800000da (0x22222db7) x27 0x22222000
core   0: 0x800000de (0x222d8d93) addi    s11, s11, 546
core   0: 3 0x800000de (0x222d8d93) x27 0x22222222
core   0: 0x800000e2 (0x000095ee) c.add   a1, s11
core   0: 3 0x800000e2 (0x95ee) x11 0xa22256de
core   0: 0x800000e4 (0x00008189) c.srli  a1, 2
core   0: 3 0x800000e4 (0x8189) x11 0x288895b7
core   0: 0x800000e6 (0x3b259073) csrw    pmpaddr2, a1
core   0: 3 0x800000e6 (0x3b259073) c946_pmpaddr2 0x288895b7
core   0: 0x800000ea (0x00003597) auipc   a1, 0x3
core   0: 3 0x800000ea (0x00003597) x11 0x800030ea
core   0: 0x800000ee (0x3d258593) addi    a1, a1, 978
core   0: 3 0x800000ee (0x3d258593) x11 0x800034bc
core   0: 0x800000f2 (0x33333db7) lui     s11, 0x33333
core   0: 3 0x800000f2 (0x33333db7) x27 0x33333000
core   0: 0x800000f6 (0x333d8d93) addi    s11, s11, 819
core   0: 3 0x800000f6 (0x333d8d93) x27 0x33333333
core   0: 0x800000fa (0x000095ee) c.add   a1, s11
core   0: 3 0x800000fa (0x95ee) x11 0xb33367ef
core   0: 0x800000fc (0x00008189) c.srli  a1, 2
core   0: 3 0x800000fc (0x8189) x11 0x2cccd9fb
core   0: 0x800000fe (0x3b359073) csrw    pmpaddr3, a1
core   0: 3 0x800000fe (0x3b359073) c947_pmpaddr3 0x2cccd9fb
core   0: 0x80000102 (0x0f0f15b7) lui     a1, 0xf0f1
core   0: 3 0x80000102 (0x0f0f15b7) x11 0x0f0f1000
core   0: 0x80000106 (0xf0f58593) addi    a1, a1, -241
core   0: 3 0x80000106 (0xf0f58593) x11 0x0f0f0f0f
core   0: 0x8000010a (0x3a059073) csrw    pmpcfg0, a1
core   0: 3 0x8000010a (0x3a059073) c928_pmpcfg0 0x0f0f0f0f
core   0: 0x8000010e (0x00003597) auipc   a1, 0x3
core   0: 3 0x8000010e (0x00003597) x11 0x8000310e
core   0: 0x80000112 (0x3ae58593) addi    a1, a1, 942
core   0: 3 0x80000112 (0x3ae58593) x11 0x800034bc
core   0: 0x80000116 (0x44444db7) lui     s11, 0x44444
core   0: 3 0x80000116 (0x44444db7) x27 0x44444000
core   0: 0x8000011a (0x444d8d93) addi    s11, s11, 1092
core   0: 3 0x8000011a (0x444d8d93) x27 0x44444444
core   0: 0x8000011e (0x000095ee) c.add   a1, s11
core   0: 3 0x8000011e (0x95ee) x11 0xc4447900
core   0: 0x80000120 (0x00008189) c.srli  a1, 2
core   0: 3 0x80000120 (0x8189) x11 0x31111e40
core   0: 0x80000122 (0x3b459073) csrw    pmpaddr4, a1
core   0: 3 0x80000122 (0x3b459073) c948_pmpaddr4 0x31111e40
core   0: 0x80000126 (0x00003597) auipc   a1, 0x3
core   0: 3 0x80000126 (0x00003597) x11 0x80003126
core   0: 0x8000012a (0x39658593) addi    a1, a1, 918
core   0: 3 0x8000012a (0x39658593) x11 0x800034bc
core   0: 0x8000012e (0x55555db7) lui     s11, 0x55555
core   0: 3 0x8000012e (0x55555db7) x27 0x55555000
core   0: 0x80000132 (0x555d8d93) addi    s11, s11, 1365
core   0: 3 0x80000132 (0x555d8d93) x27 0x55555555
core   0: 0x80000136 (0x000095ee) c.add   a1, s11
core   0: 3 0x80000136 (0x95ee) x11 0xd5558a11
core   0: 0x80000138 (0x00008189) c.srli  a1, 2
core   0: 3 0x80000138 (0x8189) x11 0x35556284
core   0: 0x8000013a (0x3b559073) csrw    pmpaddr5, a1
core   0: 3 0x8000013a (0x3b559073) c949_pmpaddr5 0x35556284
core   0: 0x8000013e (0x00003597) auipc   a1, 0x3
core   0: 3 0x8000013e (0x00003597) x11 0x8000313e
core   0: 0x80000142 (0x37e58593) addi    a1, a1, 894
core   0: 3 0x80000142 (0x37e58593) x11 0x800034bc
core   0: 0x80000146 (0x66666db7) lui     s11, 0x66666
core   0: 3 0x80000146 (0x66666db7) x27 0x66666000
core   0: 0x8000014a (0x666d8d93) addi    s11, s11, 1638
core   0: 3 0x8000014a (0x666d8d93) x27 0x66666666
core   0: 0x8000014e (0x000095ee) c.add   a1, s11
core   0: 3 0x8000014e (0x95ee) x11 0xe6669b22
core   0: 0x80000150 (0x00008189) c.srli  a1, 2
core   0: 3 0x80000150 (0x8189) x11 0x3999a6c8
core   0: 0x80000152 (0x3b659073) csrw    pmpaddr6, a1
core   0: 3 0x80000152 (0x3b659073) c950_pmpaddr6 0x3999a6c8
core   0: 0x80000156 (0x00003597) auipc   a1, 0x3
core   0: 3 0x80000156 (0x00003597) x11 0x80003156
core   0: 0x8000015a (0x36658593) addi    a1, a1, 870
core   0: 3 0x8000015a (0x36658593) x11 0x800034bc
core   0: 0x8000015e (0x77777db7) lui     s11, 0x77777
core   0: 3 0x8000015e (0x77777db7) x27 0x77777000
core   0: 0x80000162 (0x777d8d93) addi    s11, s11, 1911
core   0: 3 0x80000162 (0x777d8d93) x27 0x77777777
core   0: 0x80000166 (0x000095ee) c.add   a1, s11
core   0: 3 0x80000166 (0x95ee) x11 0xf777ac33
core   0: 0x80000168 (0x00008189) c.srli  a1, 2
core   0: 3 0x80000168 (0x8189) x11 0x3dddeb0c
core   0: 0x8000016a (0x3b759073) csrw    pmpaddr7, a1
core   0: 3 0x8000016a (0x3b759073) c951_pmpaddr7 0x3dddeb0c
core   0: 0x8000016e (0x0f0f15b7) lui     a1, 0xf0f1
core   0: 3 0x8000016e (0x0f0f15b7) x11 0x0f0f1000
core   0: 0x80000172 (0xf0f58593) addi    a1, a1, -241
core   0: 3 0x80000172 (0xf0f58593) x11 0x0f0f0f0f
core   0: 0x80000176 (0x3a159073) csrw    pmpcfg1, a1
core   0: 3 0x80000176 (0x3a159073) c929_pmpcfg1 0x0f0f0f0f
core   0: 0x8000017a (0x00003597) auipc   a1, 0x3
core   0: 3 0x8000017a (0x00003597) x11 0x8000317a
core   0: 0x8000017e (0x34258593) addi    a1, a1, 834
core   0: 3 0x8000017e (0x34258593) x11 0x800034bc
core   0: 0x80000182 (0x88889db7) lui     s11, 0x88889
core   0: 3 0x80000182 (0x88889db7) x27 0x88889000
core   0: 0x80000186 (0x888d8d93) addi    s11, s11, -1912
core   0: 3 0x80000186 (0x888d8d93) x27 0x88888888
core   0: 0x8000018a (0x000095ee) c.add   a1, s11
core   0: 3 0x8000018a (0x95ee) x11 0x0888bd44
core   0: 0x8000018c (0x00008189) c.srli  a1, 2
core   0: 3 0x8000018c (0x8189) x11 0x02222f51
core   0: 0x8000018e (0x3b859073) csrw    pmpaddr8, a1
core   0: 3 0x8000018e (0x3b859073) c952_pmpaddr8 0x02222f51
core   0: 0x80000192 (0x00003597) auipc   a1, 0x3
core   0: 3 0x80000192 (0x00003597) x11 0x80003192
core   0: 0x80000196 (0x32a58593) addi    a1, a1, 810
core   0: 3 0x80000196 (0x32a58593) x11 0x800034bc
core   0: 0x8000019a (0x9999adb7) lui     s11, 0x9999a
core   0: 3 0x8000019a (0x9999adb7) x27 0x9999a000
core   0: 0x8000019e (0x999d8d93) addi    s11, s11, -1639
core   0: 3 0x8000019e (0x999d8d93) x27 0x99999999
core   0: 0x800001a2 (0x000095ee) c.add   a1, s11
core   0: 3 0x800001a2 (0x95ee) x11 0x1999ce55
core   0: 0x800001a4 (0x00008189) c.srli  a1, 2
core   0: 3 0x800001a4 (0x8189) x11 0x06667395
core   0: 0x800001a6 (0x3b959073) csrw    pmpaddr9, a1
core   0: 3 0x800001a6 (0x3b959073) c953_pmpaddr9 0x06667395
core   0: 0x800001aa (0x00003597) auipc   a1, 0x3
core   0: 3 0x800001aa (0x00003597) x11 0x800031aa
core   0: 0x800001ae (0x31258593) addi    a1, a1, 786
core   0: 3 0x800001ae (0x31258593) x11 0x800034bc
core   0: 0x800001b2 (0xaaaabdb7) lui     s11, 0xaaaab
core   0: 3 0x800001b2 (0xaaaabdb7) x27 0xaaaab000
core   0: 0x800001b6 (0xaaad8d93) addi    s11, s11, -1366
core   0: 3 0x800001b6 (0xaaad8d93) x27 0xaaaaaaaa
core   0: 0x800001ba (0x000095ee) c.add   a1, s11
core   0: 3 0x800001ba (0x95ee) x11 0x2aaadf66
core   0: 0x800001bc (0x00008189) c.srli  a1, 2
core   0: 3 0x800001bc (0x8189) x11 0x0aaab7d9
core   0: 0x800001be (0x3ba59073) csrw    pmpaddr10, a1
core   0: 3 0x800001be (0x3ba59073) c954_pmpaddr10 0x0aaab7d9
core   0: 0x800001c2 (0x00003597) auipc   a1, 0x3
core   0: 3 0x800001c2 (0x00003597) x11 0x800031c2
core   0: 0x800001c6 (0x2fa58593) addi    a1, a1, 762
core   0: 3 0x800001c6 (0x2fa58593) x11 0x800034bc
core   0: 0x800001ca (0xbbbbcdb7) lui     s11, 0xbbbbc
core   0: 3 0x800001ca (0xbbbbcdb7) x27 0xbbbbc000
core   0: 0x800001ce (0xbbbd8d93) addi    s11, s11, -1093
core   0: 3 0x800001ce (0xbbbd8d93) x27 0xbbbbbbbb
core   0: 0x800001d2 (0x000095ee) c.add   a1, s11
core   0: 3 0x800001d2 (0x95ee) x11 0x3bbbf077
core   0: 0x800001d4 (0x00008189) c.srli  a1, 2
core   0: 3 0x800001d4 (0x8189) x11 0x0eeefc1d
core   0: 0x800001d6 (0x3bb59073) csrw    pmpaddr11, a1
core   0: 3 0x800001d6 (0x3bb59073) c955_pmpaddr11 0x0eeefc1d
core   0: 0x800001da (0x0f0f15b7) lui     a1, 0xf0f1
core   0: 3 0x800001da (0x0f0f15b7) x11 0x0f0f1000
core   0: 0x800001de (0xf0f58593) addi    a1, a1, -241
core   0: 3 0x800001de (0xf0f58593) x11 0x0f0f0f0f
core   0: 0x800001e2 (0x3a259073) csrw    pmpcfg2, a1
core   0: 3 0x800001e2 (0x3a259073) c930_pmpcfg2 0x0f0f0f0f
core   0: 0x800001e6 (0x00003597) auipc   a1, 0x3
core   0: 3 0x800001e6 (0x00003597) x11 0x800031e6
core   0: 0x800001ea (0x2d658593) addi    a1, a1, 726
core   0: 3 0x800001ea (0x2d658593) x11 0x800034bc
core   0: 0x800001ee (0xccccddb7) lui     s11, 0xccccd
core   0: 3 0x800001ee (0xccccddb7) x27 0xccccd000
core   0: 0x800001f2 (0xcccd8d93) addi    s11, s11, -820
core   0: 3 0x800001f2 (0xcccd8d93) x27 0xcccccccc
core   0: 0x800001f6 (0x000095ee) c.add   a1, s11
core   0: 3 0x800001f6 (0x95ee) x11 0x4ccd0188
core   0: 0x800001f8 (0x00008189) c.srli  a1, 2
core   0: 3 0x800001f8 (0x8189) x11 0x13334062
core   0: 0x800001fa (0x3bc59073) csrw    pmpaddr12, a1
core   0: 3 0x800001fa (0x3bc59073) c956_pmpaddr12 0x13334062
core   0: 0x800001fe (0x00003597) auipc   a1, 0x3
core   0: 3 0x800001fe (0x00003597) x11 0x800031fe
core   0: 0x80000202 (0x2be58593) addi    a1, a1, 702
core   0: 3 0x80000202 (0x2be58593) x11 0x800034bc
core   0: 0x80000206 (0xddddedb7) lui     s11, 0xdddde
core   0: 3 0x80000206 (0xddddedb7) x27 0xdddde000
core   0: 0x8000020a (0xdddd8d93) addi    s11, s11, -547
core   0: 3 0x8000020a (0xdddd8d93) x27 0xdddddddd
core   0: 0x8000020e (0x000095ee) c.add   a1, s11
core   0: 3 0x8000020e (0x95ee) x11 0x5dde1299
core   0: 0x80000210 (0x00008189) c.srli  a1, 2
core   0: 3 0x80000210 (0x8189) x11 0x177784a6
core   0: 0x80000212 (0x3bd59073) csrw    pmpaddr13, a1
core   0: 3 0x80000212 (0x3bd59073) c957_pmpaddr13 0x177784a6
core   0: 0x80000216 (0x00003597) auipc   a1, 0x3
core   0: 3 0x80000216 (0x00003597) x11 0x80003216
core   0: 0x8000021a (0x2a658593) addi    a1, a1, 678
core   0: 3 0x8000021a (0x2a658593) x11 0x800034bc
core   0: 0x8000021e (0xeeeefdb7) lui     s11, 0xeeeef
core   0: 3 0x8000021e (0xeeeefdb7) x27 0xeeeef000
core   0: 0x80000222 (0xeeed8d93) addi    s11, s11, -274
core   0: 3 0x80000222 (0xeeed8d93) x27 0xeeeeeeee
core   0: 0x80000226 (0x000095ee) c.add   a1, s11
core   0: 3 0x80000226 (0x95ee) x11 0x6eef23aa
core   0: 0x80000228 (0x00008189) c.srli  a1, 2
core   0: 3 0x80000228 (0x8189) x11 0x1bbbc8ea
core   0: 0x8000022a (0x3be59073) csrw    pmpaddr14, a1
core   0: 3 0x8000022a (0x3be59073) c958_pmpaddr14 0x1bbbc8ea
core   0: 0x8000022e (0x00003597) auipc   a1, 0x3
core   0: 3 0x8000022e (0x00003597) x11 0x8000322e
core   0: 0x80000232 (0x28e58593) addi    a1, a1, 654
core   0: 3 0x80000232 (0x28e58593) x11 0x800034bc
core   0: 0x80000236 (0xfff00d93) li      s11, -1
core   0: 3 0x80000236 (0xfff00d93) x27 0xffffffff
core   0: 0x8000023a (0x000095ee) c.add   a1, s11
core   0: 3 0x8000023a (0x95ee) x11 0x800034bb
core   0: 0x8000023c (0x00008189) c.srli  a1, 2
core   0: 3 0x8000023c (0x8189) x11 0x20000d2e
core   0: 0x8000023e (0x3bf59073) csrw    pmpaddr15, a1
core   0: 3 0x8000023e (0x3bf59073) c959_pmpaddr15 0x20000d2e
core   0: 0x80000242 (0x0f0f15b7) lui     a1, 0xf0f1
core   0: 3 0x80000242 (0x0f0f15b7) x11 0x0f0f1000
core   0: 0x80000246 (0xf0f58593) addi    a1, a1, -241
core   0: 3 0x80000246 (0xf0f58593) x11 0x0f0f0f0f
core   0: 0x8000024a (0x3a359073) csrw    pmpcfg3, a1
core   0: 3 0x8000024a (0x3a359073) c931_pmpcfg3 0x0f0f0f0f
core   0: 0x8000024e (0x00000d97) auipc   s11, 0x0
core   0: 3 0x8000024e (0x00000d97) x27 0x8000024e
core   0: 0x80000252 (0x060d8d93) addi    s11, s11, 96
core   0: 3 0x80000252 (0x060d8d93) x27 0x800002ae
core   0: 0x80000256 (0x341d9073) csrw    mepc, s11
core   0: 3 0x80000256 (0x341d9073) c833_mepc 0x800002ae
core   0: 0x8000025a (0x7c00d073) csrwi   cpuctrlsts, 1
core   0: 3 0x8000025a (0x7c00d073) c1984_cpuctrlsts 0x00000101
core   0: 0x8000025e (0x00004d81) c.li    s11, 0
core   0: 3 0x8000025e (0x4d81) x27 0x00000000
core   0: 0x80000260 (0x300d9073) csrw    mstatus, s11
core   0: 3 0x80000260 (0x300d9073) c768_mstatus 0x00000000
core   0: 0x80000264 (0x00004d81) c.li    s11, 0
core   0: 3 0x80000264 (0x4d81) x27 0x00000000
core   0: 0x80000266 (0x304d9073) csrw    mie, s11
core   0: 3 0x80000266 (0x304d9073) c772_mie 0x00000000
core   0: 0x8000026a (0x90000d37) lui     s10, 0x90000
core   0: 3 0x8000026a (0x90000d37) x26 0x90000000
core   0: 0x8000026e (0x00001d71) c.addi  s10, -4
core   0: 3 0x8000026e (0x1d71) x26 0x8ffffffc
core   0: 0x80000270 (0x90000d37) lui     s10, 0x90000
core   0: 3 0x80000270 (0x90000d37) x26 0x90000000
core   0: 0x80000274 (0x00001d71) c.addi  s10, -4
core   0: 3 0x80000274 (0x1d71) x26 0x8ffffffc
core   0: 0x80000276 (0x90000d37) lui     s10, 0x90000
core   0: 3 0x80000276 (0x90000d37) x26 0x90000000
core   0: 0x8000027a (0x00001d71) c.addi  s10, -4
core   0: 3 0x8000027a (0x1d71) x26 0x8ffffffc
core   0: 0x8000027c (0x30000d93) li      s11, 768
core   0: 3 0x8000027c (0x30000d93) x27 0x00000300
core   0: 0x80000280 (0x00000da2) c.slli  s11, 8
core   0: 3 0x80000280 (0x0da2) x27 0x00030000
core   0: 0x80000282 (0x00000d8d) c.addi  s11, 3
core   0: 3 0x80000282 (0x0d8d) x27 0x00030003
core   0: 0x80000284 (0x01bd2023) sw      s11, 0(s10)
core   0: 3 0x80000284 (0x01bd2023) mem 0x8ffffffc 0x00030003
core   0: 0x80000288 (0x30002df3) csrr    s11, mstatus
core   0: 3 0x80000288 (0x30002df3) x27 0x00000000
core   0: 0x8000028c (0x01bd2023) sw      s11, 0(s10)
core   0: 3 0x8000028c (0x01bd2023) mem 0x8ffffffc 0x00000000
core   0: 0x80000290 (0x90000d37) lui     s10, 0x90000
core   0: 3 0x80000290 (0x90000d37) x26 0x90000000
core   0: 0x80000294 (0x00001d71) c.addi  s10, -4
core   0: 3 0x80000294 (0x1d71) x26 0x8ffffffc
core   0: 0x80000296 (0x30400d93) li      s11, 772
core   0: 3 0x80000296 (0x30400d93) x27 0x00000304
core   0: 0x8000029a (0x00000da2) c.slli  s11, 8
core   0: 3 0x8000029a (0x0da2) x27 0x00030400
core   0: 0x8000029c (0x00000d8d) c.addi  s11, 3
core   0: 3 0x8000029c (0x0d8d) x27 0x00030403
core   0: 0x8000029e (0x01bd2023) sw      s11, 0(s10)
core   0: 3 0x8000029e (0x01bd2023) mem 0x8ffffffc 0x00030403
core   0: 0x800002a2 (0x30402df3) csrr    s11, mie
core   0: 3 0x800002a2 (0x30402df3) x27 0x00000000
core   0: 0x800002a6 (0x01bd2023) sw      s11, 0(s10)
core   0: 3 0x800002a6 (0x01bd2023) mem 0x8ffffffc 0x00000000
core   0: 0x800002aa (0x30200073) mret
core   0: 3 0x800002aa (0x30200073) c768_mstatus 0x00000080
core   0: 0x800002ae (0x00100013) li      zero, 1
core   0: 0 0x800002ae (0x00100013)
core   0: 0x800002b2 (0x49ecc0b7) lui     ra, 0x49ecc
core   0: 0 0x800002b2 (0x49ecc0b7) x1  0x49ecc000
core   0: 0x800002b6 (0x08708093) addi    ra, ra, 135
core   0: 0 0x800002b6 (0x08708093) x1  0x49ecc087
core   0: 0x800002ba (0x00004101) c.li    sp, 0
core   0: 0 0x800002ba (0x4101) x2  0x00000000
core   0: 0x800002bc (0x800001b7) lui     gp, 0x80000
core   0: 0 0x800002bc (0x800001b7) x3  0x80000000
core   0: 0x800002c0 (0x80000237) lui     tp, 0x80000
core   0: 0 0x800002c0 (0x80000237) x4  0x80000000
core   0: 0x800002c4 (0x00004281) c.li    t0, 0
core   0: 0 0x800002c4 (0x4281) x5  0x00000000
core   0: 0x800002c6 (0x80000337) lui     t1, 0x80000
core   0: 0 0x800002c6 (0x80000337) x6  0x80000000
core   0: 0x800002ca (0x800003b7) lui     t2, 0x80000
core   0: 0 0x800002ca (0x800003b7) x7  0x80000000
core   0: 0x800002ce (0x00004435) c.li    s0, 13
core   0: 0 0x800002ce (0x4435) x8  0x0000000d
core   0: 0x800002d0 (0xf3c464b7) lui     s1, 0xf3c46
core   0: 0 0x800002d0 (0xf3c464b7) x9  0xf3c46000
core   0: 0x800002d4 (0x49248493) addi    s1, s1, 1170
core   0: 0 0x800002d4 (0x49248493) x9  0xf3c46492
core   0: 0x800002d8 (0x7db24537) lui     a0, 0x7db24
core   0: 0 0x800002d8 (0x7db24537) x10 0x7db24000
core   0: 0x800002dc (0x02d50513) addi    a0, a0, 45
core   0: 0 0x800002dc (0x02d50513) x10 0x7db2402d
core   0: 0x800002e0 (0xf1e8b5b7) lui     a1, 0xf1e8b
core   0: 0 0x800002e0 (0xf1e8b5b7) x11 0xf1e8b000
core   0: 0x800002e4 (0x1fd58593) addi    a1, a1, 509
core   0: 0 0x800002e4 (0x1fd58593) x11 0xf1e8b1fd
core   0: 0x800002e8 (0xea41f637) lui     a2, 0xea41f
core   0: 0 0x800002e8 (0xea41f637) x12 0xea41f000
core   0: 0x800002ec (0x80f60613) addi    a2, a2, -2033
core   0: 0 0x800002ec (0x80f60613) x12 0xea41e80f
core   0: 0x800002f0 (0x00004715) c.li    a4, 5
core   0: 0 0x800002f0 (0x4715) x14 0x00000005
core   0: 0x800002f2 (0x00004781) c.li    a5, 0
core   0: 0 0x800002f2 (0x4781) x15 0x00000000
core   0: 0x800002f4 (0x80000837) lui     a6, 0x80000
core   0: 0 0x800002f4 (0x80000837) x16 0x80000000
core   0: 0x800002f8 (0x800008b7) lui     a7, 0x80000
core   0: 0 0x800002f8 (0x800008b7) x17 0x80000000
core   0: 0x800002fc (0x80000937) lui     s2, 0x80000
core   0: 0 0x800002fc (0x80000937) x18 0x80000000
core   0: 0x80000300 (0x247fa9b7) lui     s3, 0x247fa
core   0: 0 0x80000300 (0x247fa9b7) x19 0x247fa000
core   0: 0x80000304 (0x13498993) addi    s3, s3, 308
core   0: 0 0x80000304 (0x13498993) x19 0x247fa134
core   0: 0x80000308 (0x80000a37) lui     s4, 0x80000
core   0: 0 0x80000308 (0x80000a37) x20 0x80000000
core   0: 0x8000030c (0x3377aab7) lui     s5, 0x3377a
core   0: 0 0x8000030c (0x3377aab7) x21 0x3377a000
core   0: 0x80000310 (0x6b3a8a93) addi    s5, s5, 1715
core   0: 0 0x80000310 (0x6b3a8a93) x21 0x3377a6b3
core   0: 0x80000314 (0x00004b39) c.li    s6, 14
core   0: 0 0x80000314 (0x4b39) x22 0x0000000e
core   0: 0x80000316 (0x80000c37) lui     s8, 0x80000
core   0: 0 0x80000316 (0x80000c37) x24 0x80000000
core   0: 0x8000031a (0xe4118cb7) lui     s9, 0xe4118
core   0: 0 0x8000031a (0xe4118cb7) x25 0xe4118000
core   0: 0x8000031e (0x4b0c8c93) addi    s9, s9, 1200
core   0: 0 0x8000031e (0x4b0c8c93) x25 0xe41184b0
core   0: 0x80000322 (0xff8e3d37) lui     s10, 0xff8e3
core   0: 0 0x80000322 (0xff8e3d37) x26 0xff8e3000
core   0: 0x80000326 (0x42dd0d13) addi    s10, s10, 1069
core   0: 0 0x80000326 (0x42dd0d13) x26 0xff8e342d
core   0: 0x8000032a (0x00004d81) c.li    s11, 0
core   0: 0 0x8000032a (0x4d81) x27 0x00000000
core   0: 0x8000032c (0xf756ee37) lui     t3, 0xf756e
core   0: 0 0x8000032c (0xf756ee37) x28 0xf756e000
core   0: 0x80000330 (0x58be0e13) addi    t3, t3, 1419
core   0: 0 0x80000330 (0x58be0e13) x28 0xf756e58b
core   0: 0x80000334 (0xb0c56eb7) lui     t4, 0xb0c56
core   0: 0 0x80000334 (0xb0c56eb7) x29 0xb0c56000
core   0: 0x80000338 (0x673e8e93) addi    t4, t4, 1651
core   0: 0 0x80000338 (0x673e8e93) x29 0xb0c56673
core   0: 0x8000033c (0xf208df37) lui     t5, 0xf208d
core   0: 0 0x8000033c (0xf208df37) x30 0xf208d000
core   0: 0x80000340 (0xd6cf0f13) addi    t5, t5, -660
core   0: 0 0x80000340 (0xd6cf0f13) x30 0xf208cd6c
core   0: 0x80000344 (0x09249fb7) lui     t6, 0x9249
core   0: 0 0x80000344 (0x09249fb7) x31 0x09249000
core   0: 0x80000348 (0x2b6f8f93) addi    t6, t6, 694
core   0: 0 0x80000348 (0x2b6f8f93) x31 0x092492b6
core   0: 0x8000034c (0x00020b97) auipc   s7, 0x20
core   0: 0 0x8000034c (0x00020b97) x23 0x8002034c
core   0: 0x80000350 (0xb18b8b93) addi    s7, s7, -1256
core   0: 0 0x80000350 (0xb18b8b93) x23 0x8001fe64
core   0: 0x80000354 (0x90000d37) lui     s10, 0x90000
core   0: 0 0x80000354 (0x90000d37) x26 0x90000000
core   0: 0x80000358 (0x00001d71) c.addi  s10, -4
core   0: 0 0x80000358 (0x1d71) x26 0x8ffffffc
core   0: 0x8000035a (0x00004d81) c.li    s11, 0
core   0: 0 0x8000035a (0x4d81) x27 0x00000000
core   0: 0x8000035c (0x00000da2) c.slli  s11, 8
core   0: 0 0x8000035c (0x0da2) x27 0x00000000
core   0: 0x8000035e (0x000d8d93) mv      s11, s11
core   0: 0 0x8000035e (0x000d8d93) x27 0x00000000
core   0: 0x80000362 (0x01bd2023) sw      s11, 0(s10)
core   0: 0 0x80000362 (0x01bd2023) mem 0x8ffffffc 0x00000000
core   0: 0x80000366 (0x1560306f) j       pc + 0x3156
core   0: 0 0x80000366 (0x1560306f)
core   0: 0x800034bc (0x00000a17) auipc   s4, 0x0
core   0: 0 0x800034bc (0x00000a17) x20 0x800034bc
core   0: 0x800034c0 (0x142a0a13) addi    s4, s4, 322
core   0: 0 0x800034c0 (0x142a0a13) x20 0x800035fe
core   0: 0x800034c4 (0x00000001) c.nop
core   0: 0 0x800034c4 (0x0001)
core   0: 0x800034c6 (0xeeba0a13) addi    s4, s4, -277
core   0: 0 0x800034c6 (0xeeba0a13) x20 0x800034e9
core   0: 0x800034ca (0x00008e6a) c.mv    t3, s10
core   0: 0 0x800034ca (0x8e6a) x28 0x8ffffffc
core   0: 0x800034cc (0x93373c93) sltiu   s9, a4, -1741
core   0: 0 0x800034cc (0x93373c93) x25 0x00000001
core   0: 0x800034d0 (0x010d7563) bgeu    s10, a6, pc + 10
core   0: 0 0x800034d0 (0x010d7563)
core   0: 0x800034da (0x115a00e7) jalr    ra, s4, 277
core   0: 0 0x800034da (0x115a00e7) x1  0x800034de
core   0: 0x800035fe (0x00be5263) bge     t3, a1, pc + 4
core   0: 0 0x800035fe (0x00be5263)
core   0: 0x80003602 (0x00001b81) c.addi  s7, -32
core   0: 0 0x80003602 (0x1b81) x23 0x8001fe44
core   0: 0x80003604 (0x00000c06) c.slli  s8, 1
core   0: 0 0x80003604 (0x0c06) x24 0x00000000
core   0: 0x80003606 (0x001ba223) sw      ra, 4(s7)
core   0: 0 0x80003606 (0x001ba223) mem 0x8001fe48 0x800034de
core   0: 0x8000360a (0x0000069c) c.addi4spn a5, sp, 832
core   0: 0 0x8000360a (0x069c) x15 0x00000340
core   0: 0x8000360c (0x02069633) mulh    a2, a3, zero
core   0: 0 0x8000360c (0x02069633) x12 0x00000000
core   0: 0x80003610 (0x00008e31) c.xor   a2, a2
core   0: 0 0x80003610 (0x8e31) x12 0x00000000
core   0: 0x80003612 (0x41940533) sub     a0, s0, s9
core   0: 0 0x80003612 (0x41940533) x10 0x0000000c
core   0: 0x80003616 (0x3861ff13) andi    t5, gp, 902
core   0: 0 0x80003616 (0x3861ff13) x30 0x00000000
core   0: 0x8000361a (0x0000100f) fence.i
core   0: 0 0x8000361a (0x0000100f)
core   0: 0x8000361e (0x55da3217) auipc   tp, 0x55da3
core   0: 0 0x8000361e (0x55da3217) x4  0xd5da661e
core   0: 0x80003622 (0x033a91b3) mulh    gp, s5, s3
core   0: 0 0x80003622 (0x033a91b3) x3  0x07567c35
core   0: 0x80003626 (0x02f9acb3) mulhsu  s9, s3, a5
core   0: 0 0x80003626 (0x02f9acb3) x25 0x00000076
core   0: 0x8000362a (0x00008c35) c.xor   s0, a3
core   0: 0 0x8000362a (0x8c35) x8  0x80023ce9
core   0: 0x8000362c (0x0098c433) xor     s0, a7, s1
core   0: 0 0x8000362c (0x0098c433) x8  0x73c46492
core   0: 0x80003630 (0x00009f66) c.add   t5, s9
core   0: 0 0x80003630 (0x9f66) x30 0x00000076
core   0: 0x80003632 (0x00869f13) slli    t5, a3, 8
core   0: 0 0x80003632 (0x00869f13) x30 0x023ce400
core   0: 0x80003636 (0x00008f75) c.and   a4, a3
core   0: 0 0x80003636 (0x8f75) x14 0x00000004
core   0: 0x80003638 (0x80186893) ori     a7, a6, -2047
core   0: 0 0x80003638 (0x80186893) x17 0xfffff801
core   0: 0x8000363c (0x01f4c263) blt     s1, t6, pc + 4
core   0: 0 0x8000363c (0x01f4c263)
core   0: 0x80003640 (0x0ff0000f) fence   iorw,iorw
core   0: 0 0x80003640 (0x0ff0000f)
core   0: 0x80003644 (0x027c8033) mul     zero, s9, t2
core   0: 0 0x80003644 (0x027c8033)
core   0: 0x80003648 (0x0dc14493) xori    s1, sp, 220
core   0: 0 0x80003648 (0x0dc14493) x9  0x000000dc
core   0: 0x8000364c (0x004ba083) lw      ra, 4(s7)
core   0: 0 0x8000364c (0x004ba083) x1  0x800034de mem 0x8001fe48
core   0: 0x80003650 (0x0000986a) c.add   a6, s10
core   0: 0 0x80003650 (0x986a) x16 0x0ffffffc
core   0: 0x80003652 (0x036eab33) mulhsu  s6, t4, s6
core   0: 0 0x80003652 (0x036eab33) x22 0xfffffffb
core   0: 0x80003656 (0x0000997d) c.andi  a0, -1
core   0: 0 0x80003656 (0x997d) x10 0x0000000c
core   0: 0x80003658 (0x415ddd33) sra     s10, s11, s5
core   0: 0 0x80003658 (0x415ddd33) x26 0x00000000
core   0: 0x8000365c (0x00008431) c.srai  s0, 12
core   0: 0 0x8000365c (0x8431) x8  0x00073c46
core   0: 0x8000365e (0x00008f9d) c.sub   a5, a5
core   0: 0 0x8000365e (0x8f9d) x15 0x00000000
core   0: 0x80003660 (0x020b8b93) addi    s7, s7, 32
core   0: 0 0x80003660 (0x020b8b93) x23 0x8001fe64
core   0: 0x80003664 (0x7d65ac93) slti    s9, a1, 2006
core   0: 0 0x80003664 (0x7d65ac93) x25 0x00000001
core   0: 0x80003668 (0x0ff0000f) fence   iorw,iorw
core   0: 0 0x80003668 (0x0ff0000f)
core   0: 0x8000366c (0x00108b13) addi    s6, ra, 1
core   0: 0 0x8000366c (0x00108b13) x22 0x800034df
core   0: 0x80003670 (0x00009b02) c.jalr  s6
core   0: 0 0x80003670 (0x9b02) x1  0x80003672
core   0: 0x800034de (0xde7b0d97) auipc   s11, 0xde7b0
core   0: 0 0x800034de (0xde7b0d97) x27 0x5e7b34de
core   0: 0x800034e2 (0x00006717) auipc   a4, 0x6
core   0: 0 0x800034e2 (0x00006717) x14 0x800094e2
core   0: 0x800034e6 (0x90070713) addi    a4, a4, -1792
core   0: 0 0x800034e6 (0x90070713) x14 0x80008de2
core   0: 0x800034ea (0x41670fb3) sub     t6, a4, s6
core   0: 0 0x800034ea (0x41670fb3) x31 0x00005903
core   0: 0x800034ee (0x000083bd) c.srli  a5, 15
core   0: 0 0x800034ee (0x83bd) x15 0x00000000
core   0: 0x800034f0 (0x4079db33) sra     s6, s3, t2
core   0: 0 0x800034f0 (0x4079db33) x22 0x247fa134
core   0: 0x800034f4 (0x021ee2b3) rem     t0, t4, ra
core   0: 0 0x800034f4 (0x021ee2b3) x5  0xb0c56673
core   0: 0x800034f8 (0xc4770713) addi    a4, a4, -953
core   0: 0 0x800034f8 (0xc4770713) x14 0x80008a29
core   0: 0x800034fc (0x02f5f9b3) remu    s3, a1, a5
core   0: 0 0x800034fc (0x02f5f9b3) x19 0xf1e8b1fd
core   0: 0x80003500 (0x00782833) slt     a6, a6, t2
core   0: 0 0x80003500 (0x00782833) x16 0x00000000
core   0: 0x80003504 (0x00006129) c.addi16sp sp, 192
core   0: 0 0x80003504 (0x6129) x2  0x000000c0
core   0: 0x80003506 (0x010f6563) bltu    t5, a6, pc + 10
core   0: 0 0x80003506 (0x010f6563)
core   0: 0x8000350a (0x00000001) c.nop
core   0: 0 0x8000350a (0x0001)
core   0: 0x8000350c (0x0398fdb3) remu    s11, a7, s9
core   0: 0 0x8000350c (0x0398fdb3) x27 0x00000000
core   0: 0x80003510 (0x3b9700e7) jalr    ra, a4, 953
core   0: 0 0x80003510 (0x3b9700e7) x1  0x80003514
core   0: 0x80008de2 (0x0ff0000f) fence   iorw,iorw
core   0: 0 0x80008de2 (0x0ff0000f)
core   0: 0x80008de6 (0x0ff0000f) fence   iorw,iorw
core   0: 0 0x80008de6 (0x0ff0000f)
core   0: 0x80008dea (0x00369a63) bne     a3, gp, pc + 20
core   0: 0 0x80008dea (0x00369a63)
core   0: 0x80008dfe (0x00001ba1) c.addi  s7, -24
core   0: 0 0x80008dfe (0x1ba1) x23 0x8001fe4c
core   0: 0x80008e00 (0x001ba223) sw      ra, 4(s7)
core   0: 0 0x80008e00 (0x001ba223) mem 0x8001fe50 0x80003514
core   0: 0x80008e04 (0x4bb08e93) addi    t4, ra, 1211
core   0: 0 0x80008e04 (0x4bb08e93) x29 0x800039cf
core   0: 0x80008e08 (0x00aa1213) slli    tp, s4, 10
core   0: 0 0x80008e08 (0x00aa1213) x4  0x00d3a400
core   0: 0x80008e0c (0x0000e329) c.bnez  a4, pc + 66
core   0: 0 0x80008e0c (0xe329)
core   0: 0x80008e4e (0x41a38c33) sub     s8, t2, s10
core   0: 0 0x80008e4e (0x41a38c33) x24 0x80000000
core   0: 0x80008e52 (0x0000c781) c.beqz  a5, pc + 8
core   0: 0 0x80008e52 (0xc781)
core   0: 0x80008e5a (0x000090e6) c.add   ra, s9
core   0: 0 0x80008e5a (0x90e6) x1  0x80003515
core   0: 0x80008e5c (0x00000ab6) c.slli  s5, 13
core   0: 0 0x80008e5c (0x0ab6) x21 0xf4d66000
core   0: 0x80008e5e (0x004ba083) lw      ra, 4(s7)
core   0: 0 0x80008e5e (0x004ba083) x1  0x80003514 mem 0x8001fe50
core   0: 0x80008e62 (0x0000100f) fence.i
core   0: 0 0x80008e62 (0x0000100f)
core   0: 0x80008e66 (0x00000be1) c.addi  s7, 24
core   0: 0 0x80008e66 (0x0be1) x23 0x8001fe64
core   0: 0x80008e68 (0x00009f86) c.add   t6, ra
core   0: 0 0x80008e68 (0x9f86) x31 0x80008e17
core   0: 0x80008e6a (0x00001a84) c.addi4spn s1, sp, 368
core   0: 0 0x80008e6a (0x1a84) x9  0x00000230
core   0: 0x80008e6c (0x031d7733) remu    a4, s10, a7
core   0: 0 0x80008e6c (0x031d7733) x14 0x00000000
core   0: 0x80008e70 (0xe7c64893) xori    a7, a2, -388
core   0: 0 0x80008e70 (0xe7c64893) x17 0xfffffe7c
core   0: 0x80008e74 (0x00008fe9) c.and   a5, a0
core   0: 0 0x80008e74 (0x8fe9) x15 0x00000000
core   0: 0x80008e76 (0x00008793) mv      a5, ra
core   0: 0 0x80008e76 (0x00008793) x15 0x80003514
core   0: 0x80008e7a (0x000787e7) jalr    a5, a5, 0
core   0: 0 0x80008e7a (0x000787e7) x15 0x80008e7e
core   0: 0x80003514 (0x00000001) c.nop
core   0: 0 0x80003514 (0x0001)
core   0: 0x80003516 (0x017ca333) slt     t1, s9, s7
core   0: 0 0x80003516 (0x017ca333) x6  0x00000000
core   0: 0x8000351a (0x03cd61b3) rem     gp, s10, t3
core   0: 0 0x8000351a (0x03cd61b3) x3  0x00000000
core   0: 0x8000351e (0x031f1b33) mulh    s6, t5, a7
core   0: 0 0x8000351e (0x031f1b33) x22 0xfffffffc
core   0: 0x80003522 (0x0085ce33) xor     t3, a1, s0
core   0: 0 0x80003522 (0x0085ce33) x28 0xf1ef8dbb
core   0: 0x80003526 (0x00002217) auipc   tp, 0x2
core   0: 0 0x80003526 (0x00002217) x4  0x80005526
core   0: 0x8000352a (0x42420213) addi    tp, tp, 1060
core   0: 0 0x8000352a (0x42420213) x4  0x8000594a
core   0: 0x8000352e (0x000008a5) c.addi  a7, 9
core   0: 0 0x8000352e (0x08a5) x17 0xfffffe85
core   0: 0x80003530 (0x0219ea33) rem     s4, s3, ra
core   0: 0 0x80003530 (0x0219ea33) x20 0xf1e8b1fd
core   0: 0x80003534 (0x9e36aa37) lui     s4, 0x9e36a
core   0: 0 0x80003534 (0x9e36aa37) x20 0x9e36a000
core   0: 0x80003538 (0xd1720213) addi    tp, tp, -745
core   0: 0 0x80003538 (0xd1720213) x4  0x80005661
core   0: 0x8000353c (0x415b8533) sub     a0, s7, s5
core   0: 0 0x8000353c (0x415b8533) x10 0x8b2b9e64
core   0: 0x80003540 (0x00008579) c.srai  a0, 30
core   0: 0 0x80003540 (0x8579) x10 0xfffffffe
core   0: 0x80003542 (0x2e9200e7) jalr    ra, tp, 745
core   0: 0 0x80003542 (0x2e9200e7) x1  0x80003546
core   0: 0x8000594a (0x407cd393) srai    t2, s9, 7
core   0: 0 0x8000594a (0x407cd393) x7  0x00000000
core   0: 0x8000594e (0x01b9c963) blt     s3, s11, pc + 18
core   0: 0 0x8000594e (0x01b9c963)
core   0: 0x80005960 (0x00001bd1) c.addi  s7, -12
core   0: 0 0x80005960 (0x1bd1) x23 0x8001fe58
core   0: 0x80005962 (0xdf53aa93) slti    s5, t2, -523
core   0: 0 0x80005962 (0xdf53aa93) x21 0x00000000
core   0: 0x80005966 (0x000064b5) c.lui   s1, 0xd
core   0: 0 0x80005966 (0x64b5) x9  0x0000d000
core   0: 0x80005968 (0x001ba223) sw      ra, 4(s7)
core   0: 0 0x80005968 (0x001ba223) mem 0x8001fe5c 0x80003546
core   0: 0x8000596c (0x00000486) c.slli  s1, 1
core   0: 0 0x8000596c (0x0486) x9  0x0001a000
core   0: 0x8000596e (0x040000ef) jal     pc + 0x40
core   0: 0 0x8000596e (0x040000ef) x1  0x80005972
core   0: 0x800059ae (0x0000bfe5) c.j     pc - 8
core   0: 0 0x800059ae (0xbfe5)
core   0: 0x800059a6 (0xfd3ff0ef) jal     pc - 0x2e
core   0: 0 0x800059a6 (0xfd3ff0ef) x1  0x800059aa
core   0: 0x80005978 (0x0000a819) c.j     pc + 22
core   0: 0 0x80005978 (0xa819)
core   0: 0x8000598e (0x0000a809) c.j     pc + 18
core   0: 0 0x8000598e (0xa809)
core   0: 0x800059a0 (0x00002801) c.jal   pc + 16
core   0: 0 0x800059a0 (0x2801) x1  0x800059a2
core   0: 0x800059b0 (0x000037ed) c.jal   pc - 22
core   0: 0 0x800059b0 (0x37ed) x1  0x800059b2
core   0: 0x8000599a (0x00003fcd) c.jal   pc - 14
core   0: 0 0x8000599a (0x3fcd) x1  0x8000599c
core   0: 0x8000598c (0x0000a029) c.j     pc + 10
core   0: 0 0x8000598c (0xa029)
core   0: 0x80005996 (0xffdff36f) jal     t1, pc - 0x4
core   0: 0 0x80005996 (0xffdff36f) x6  0x8000599a
core   0: 0x80005992 (0x00003fcd) c.jal   pc - 14
core   0: 0 0x80005992 (0x3fcd) x1  0x80005994
core   0: 0x80005984 (0x00400a6f) jal     s4, pc + 0x4
core   0: 0 0x80005984 (0x00400a6f) x20 0x80005988
core   0: 0x80005988 (0x00002819) c.jal   pc + 22
core   0: 0 0x80005988 (0x2819) x1  0x8000598a
core   0: 0x8000599e (0x00003fdd) c.jal   pc - 10
core   0: 0 0x8000599e (0x3fdd) x1  0x800059a0
core   0: 0x80005994 (0x000037c5) c.jal   pc - 32
core   0: 0 0x80005994 (0x37c5) x1  0x80005996
core   0: 0x80005974 (0x0000a805) c.j     pc + 48
core   0: 0 0x80005974 (0xa805)
core   0: 0x800059a4 (0x00003ffd) c.jal   pc - 2
core   0: 0 0x800059a4 (0x3ffd) x1  0x800059a6
core   0: 0x800059a2 (0x0000bff1) c.j     pc - 36
core   0: 0 0x800059a2 (0xbff1)
core   0: 0x8000597e (0x01e0036f) jal     t1, pc + 0x1e
core   0: 0 0x8000597e (0x01e0036f) x6  0x80005982
core   0: 0x8000599c (0x00002819) c.jal   pc + 22
core   0: 0 0x8000599c (0x2819) x1  0x8000599e
core   0: 0x800059b2 (0xfc9ff0ef) jal     pc - 0x38
core   0: 0 0x800059b2 (0xfc9ff0ef) x1  0x800059b6
core   0: 0x8000597a (0x010000ef) jal     pc + 0x10
core   0: 0 0x8000597a (0x010000ef) x1  0x8000597e
core   0: 0x8000598a (0x00003fe5) c.jal   pc - 8
core   0: 0 0x8000598a (0x3fe5) x1  0x8000598c
core   0: 0x80005982 (0x00003fc5) c.jal   pc - 16
core   0: 0 0x80005982 (0x3fc5) x1  0x80005984
core   0: 0x80005972 (0x0000a825) c.j     pc + 56
core   0: 0 0x80005972 (0xa825)
core   0: 0x800059aa (0xfe7ff0ef) jal     pc - 0x1a
core   0: 0 0x800059aa (0xfe7ff0ef) x1  0x800059ae
core   0: 0x80005990 (0x0000b7dd) c.j     pc - 26
core   0: 0 0x80005990 (0xb7dd)
core   0: 0x80005976 (0x0000a081) c.j     pc + 64
core   0: 0 0x80005976 (0xa081)
core   0: 0x800059b6 (0x00b04633) xor     a2, zero, a1
core   0: 0 0x800059b6 (0x00b04633) x12 0xf1e8b1fd
core   0: 0x800059ba (0x012000ef) jal     pc + 0x12
core   0: 0 0x800059ba (0x012000ef) x1  0x800059be
core   0: 0x800059cc (0x0000a819) c.j     pc + 22
core   0: 0 0x800059cc (0xa819)
core   0: 0x800059e2 (0x00003fc5) c.jal   pc - 16
core   0: 0 0x800059e2 (0x3fc5) x1  0x800059e4
core   0: 0x800059d2 (0xff3ffaef) jal     s5, pc - 0xe
core   0: 0 0x800059d2 (0xff3ffaef) x21 0x800059d6
core   0: 0x800059c4 (0x00c00a6f) jal     s4, pc + 0xc
core   0: 0 0x800059c4 (0x00c00a6f) x20 0x800059c8
core   0: 0x800059d0 (0x00002811) c.jal   pc + 20
core   0: 0 0x800059d0 (0x2811) x1  0x800059d2
core   0: 0x800059e4 (0x00003ff5) c.jal   pc - 4
core   0: 0 0x800059e4 (0x3ff5) x1  0x800059e6
core   0: 0x800059e0 (0x0000bfdd) c.j     pc - 10
core   0: 0 0x800059e0 (0xbfdd)
core   0: 0x800059d6 (0xfe9ff0ef) jal     pc - 0x18
core   0: 0 0x800059d6 (0xfe9ff0ef) x1  0x800059da
core   0: 0x800059be (0x0000a009) c.j     pc + 2
core   0: 0 0x800059be (0xa009)
core   0: 0x800059c0 (0x01a0036f) jal     t1, pc + 0x1a
core   0: 0 0x800059c0 (0x01a0036f) x6  0x800059c4
core   0: 0x800059da (0x0000b7fd) c.j     pc - 18
core   0: 0 0x800059da (0xb7fd)
core   0: 0x800059c8 (0x0140036f) jal     t1, pc + 0x14
core   0: 0 0x800059c8 (0x0140036f) x6  0x800059cc
core   0: 0x800059dc (0x0000a009) c.j     pc + 2
core   0: 0 0x800059dc (0xa009)
core   0: 0x800059de (0x00003fc5) c.jal   pc - 16
core   0: 0 0x800059de (0x3fc5) x1  0x800059e0
core   0: 0x800059ce (0x0000a821) c.j     pc + 24
core   0: 0 0x800059ce (0xa821)
core   0: 0x800059e6 (0x58f3aa93) slti    s5, t2, 1423
core   0: 0 0x800059e6 (0x58f3aa93) x21 0x00000001
core   0: 0x800059ea (0x01c000ef) jal     pc + 0x1c
core   0: 0 0x800059ea (0x01c000ef) x1  0x800059ee
core   0: 0x80005a06 (0x00003fc5) c.jal   pc - 16
core   0: 0 0x80005a06 (0x3fc5) x1  0x80005a08
core   0: 0x800059f6 (0x0000a025) c.j     pc + 40
core   0: 0 0x800059f6 (0xa025)
core   0: 0x80005a1e (0xfe3ff0ef) jal     pc - 0x1e
core   0: 0 0x80005a1e (0xfe3ff0ef) x1  0x80005a22
core   0: 0x80005a00 (0x0000a021) c.j     pc + 8
core   0: 0 0x80005a00 (0xa021)
core   0: 0x80005a08 (0x0240016f) jal     sp, pc + 0x24
core   0: 0 0x80005a08 (0x0240016f) x2  0x80005a0c
core   0: 0x80005a2c (0x000037f1) c.jal   pc - 52
core   0: 0 0x80005a2c (0x37f1) x1  0x80005a2e
core   0: 0x800059f8 (0x0000a03d) c.j     pc + 46
core   0: 0 0x800059f8 (0xa03d)
core   0: 0x80005a26 (0x000037f9) c.jal   pc - 50
core   0: 0 0x80005a26 (0x37f9) x1  0x80005a28
core   0: 0x800059f4 (0x00003fed) c.jal   pc - 6
core   0: 0 0x800059f4 (0x3fed) x1  0x800059f6
core   0: 0x800059ee (0x0000203d) c.jal   pc + 46
core   0: 0 0x800059ee (0x203d) x1  0x800059f0
core   0: 0x80005a1c (0x0000b7dd) c.j     pc - 26
core   0: 0 0x80005a1c (0xb7dd)
core   0: 0x80005a02 (0x0180036f) jal     t1, pc + 0x18
core   0: 0 0x80005a02 (0x0180036f) x6  0x80005a06
core   0: 0x80005a1a (0x0000b7c5) c.j     pc - 32
core   0: 0 0x80005a1a (0xb7c5)
core   0: 0x800059fa (0xff7ff36f) jal     t1, pc - 0xa
core   0: 0 0x800059fa (0xff7ff36f) x6  0x800059fe
core   0: 0x800059f0 (0x0240036f) jal     t1, pc + 0x24
core   0: 0 0x800059f0 (0x0240036f) x6  0x800059f4
core   0: 0x80005a14 (0xfebff0ef) jal     pc - 0x16
core   0: 0 0x80005a14 (0xfebff0ef) x1  0x80005a18
core   0: 0x800059fe (0x0000a811) c.j     pc + 20
core   0: 0 0x800059fe (0xa811)
core   0: 0x80005a12 (0x0000a019) c.j     pc + 6
core   0: 0 0x80005a12 (0xa019)
core   0: 0x80005a18 (0x00002801) c.jal   pc + 16
core   0: 0 0x80005a18 (0x2801) x1  0x80005a1a
core   0: 0x80005a28 (0xffbff0ef) jal     pc - 0x6
core   0: 0 0x80005a28 (0xffbff0ef) x1  0x80005a2c
core   0: 0x80005a22 (0x0000a009) c.j     pc + 2
core   0: 0 0x80005a22 (0xa009)
core   0: 0x80005a24 (0x0000b7ed) c.j     pc - 22
core   0: 0 0x80005a24 (0xb7ed)
core   0: 0x80005a0e (0xfffff0ef) jal     pc - 0x2
core   0: 0 0x80005a0e (0xfffff0ef) x1  0x80005a12
core   0: 0x80005a0c (0x0000a00d) c.j     pc + 34
core   0: 0 0x80005a0c (0xa00d)
core   0: 0x80005a2e (0x0080d113) srli    sp, ra, 8
core   0: 0 0x80005a2e (0x0080d113) x2  0x0080005a
core   0: 0x80005a32 (0x02a000ef) jal     pc + 0x2a
core   0: 0 0x80005a32 (0x02a000ef) x1  0x80005a36
core   0: 0x80005a5c (0x000037d5) c.jal   pc - 28
core   0: 0 0x80005a5c (0x37d5) x1  0x80005a5e
core   0: 0x80005a40 (0x00003fe5) c.jal   pc - 8
core   0: 0 0x80005a40 (0x3fe5) x1  0x80005a42
core   0: 0x80005a38 (0x00003ffd) c.jal   pc - 2
core   0: 0 0x80005a38 (0x3ffd) x1  0x80005a3a
core   0: 0x80005a36 (0x0000a821) c.j     pc + 24
core   0: 0 0x80005a36 (0xa821)
core   0: 0x80005a4e (0x000037fd) c.jal   pc - 18
core   0: 0 0x80005a4e (0x37fd) x1  0x80005a50
core   0: 0x80005a3c (0x0000a819) c.j     pc + 22
core   0: 0 0x80005a3c (0xa819)
core   0: 0x80005a52 (0x0000bfed) c.j     pc - 6
core   0: 0 0x80005a52 (0xbfed)
core   0: 0x80005a4c (0x00002011) c.jal   pc + 4
core   0: 0 0x80005a4c (0x2011) x1  0x80005a4e
core   0: 0x80005a50 (0x0000bfed) c.j     pc - 6
core   0: 0 0x80005a50 (0xbfed)
core   0: 0x80005a4a (0x00003ff5) c.jal   pc - 4
core   0: 0 0x80005a4a (0x3ff5) x1  0x80005a4c
core   0: 0x80005a46 (0x00002801) c.jal   pc + 16
core   0: 0 0x80005a46 (0x2801) x1  0x80005a48
core   0: 0x80005a56 (0x0000b7d5) c.j     pc - 28
core   0: 0 0x80005a56 (0xb7d5)
core   0: 0x80005a3a (0x0000a839) c.j     pc + 30
core   0: 0 0x80005a3a (0xa839)
core   0: 0x80005a58 (0xff1ff0ef) jal     pc - 0x10
core   0: 0 0x80005a58 (0xff1ff0ef) x1  0x80005a5c
core   0: 0x80005a48 (0x0000a031) c.j     pc + 12
core   0: 0 0x80005a48 (0xa031)
core   0: 0x80005a54 (0x000037ed) c.jal   pc - 22
core   0: 0 0x80005a54 (0x37ed) x1  0x80005a56
core   0: 0x80005a3e (0x00002011) c.jal   pc + 4
core   0: 0 0x80005a3e (0x2011) x1  0x80005a40
core   0: 0x80005a42 (0x01c0096f) jal     s2, pc + 0x1c
core   0: 0 0x80005a42 (0x01c0096f) x18 0x80005a46
core   0: 0x80005a5e (0x01070ab3) add     s5, a4, a6
core   0: 0 0x80005a5e (0x01070ab3) x21 0x00000000
core   0: 0x80005a62 (0x00c000ef) jal     pc + 0xc
core   0: 0 0x80005a62 (0x00c000ef) x1  0x80005a66
core   0: 0x80005a6e (0x00002809) c.jal   pc + 18
core   0: 0 0x80005a6e (0x2809) x1  0x80005a70
core   0: 0x80005a80 (0x00002819) c.jal   pc + 22
core   0: 0 0x80005a80 (0x2819) x1  0x80005a82
core   0: 0x80005a96 (0x0000bfcd) c.j     pc - 14
core   0: 0 0x80005a96 (0xbfcd)
core   0: 0x80005a88 (0x0000b7e5) c.j     pc - 24
core   0: 0 0x80005a88 (0xb7e5)
core   0: 0x80005a70 (0x0000a831) c.j     pc + 28
core   0: 0 0x80005a70 (0xa831)
core   0: 0x80005a8c (0xff3ff0ef) jal     pc - 0xe
core   0: 0 0x80005a8c (0xff3ff0ef) x1  0x80005a90
core   0: 0x80005a7e (0x00003ffd) c.jal   pc - 2
core   0: 0 0x80005a7e (0x3ffd) x1  0x80005a80
core   0: 0x80005a7c (0x0000a025) c.j     pc + 40
core   0: 0 0x80005a7c (0xa025)
core   0: 0x80005aa4 (0xfdfff36f) jal     t1, pc - 0x22
core   0: 0 0x80005aa4 (0xfdfff36f) x6  0x80005aa8
core   0: 0x80005a82 (0x0040086f) jal     a6, pc + 0x4
core   0: 0 0x80005a82 (0x0040086f) x16 0x80005a86
core   0: 0x80005a86 (0x0000bfcd) c.j     pc - 14
core   0: 0 0x80005a86 (0xbfcd)
core   0: 0x80005a78 (0x01a0036f) jal     t1, pc + 0x1a
core   0: 0 0x80005a78 (0x01a0036f) x6  0x80005a7c
core   0: 0x80005a92 (0xfffff8ef) jal     a7, pc - 0x2
core   0: 0 0x80005a92 (0xfffff8ef) x17 0x80005a96
core   0: 0x80005a90 (0x0000b7d5) c.j     pc - 28
core   0: 0 0x80005a90 (0xb7d5)
core   0: 0x80005a74 (0x028000ef) jal     pc + 0x28
core   0: 0 0x80005a74 (0x028000ef) x1  0x80005a78
core   0: 0x80005a9c (0x00002011) c.jal   pc + 4
core   0: 0 0x80005a9c (0x2011) x1  0x80005a9e
core   0: 0x80005aa0 (0xfcbff8ef) jal     a7, pc - 0x36
core   0: 0 0x80005aa0 (0xfcbff8ef) x17 0x80005aa4
core   0: 0x80005a6a (0x034000ef) jal     pc + 0x34
core   0: 0 0x80005a6a (0x034000ef) x1  0x80005a6e
core   0: 0x80005a9e (0x0000bfed) c.j     pc - 6
core   0: 0 0x80005a9e (0xbfed)
core   0: 0x80005a98 (0xff3ff0ef) jal     pc - 0xe
core   0: 0 0x80005a98 (0xff3ff0ef) x1  0x80005a9c
core   0: 0x80005a8a (0x0000a00d) c.j     pc + 34
core   0: 0 0x80005a8a (0xa00d)
core   0: 0x80005aac (0x00003ff5) c.jal   pc - 4
core   0: 0 0x80005aac (0x3ff5) x1  0x80005aae
core   0: 0x80005aa8 (0xfcbff36f) jal     t1, pc - 0x36
core   0: 0 0x80005aa8 (0xfcbff36f) x6  0x80005aac
core   0: 0x80005a72 (0x0000bfd5) c.j     pc - 12
core   0: 0 0x80005a72 (0xbfd5)
core   0: 0x80005a66 (0x0480056f) jal     a0, pc + 0x48
core   0: 0 0x80005a66 (0x0480056f) x10 0x80005a6a
core   0: 0x80005aae (0x01588733) add     a4, a7, s5
core   0: 0 0x80005aae (0x01588733) x14 0x80005aa4
core   0: 0x80005ab2 (0x004000ef) jal     pc + 0x4
core   0: 0 0x80005ab2 (0x004000ef) x1  0x80005ab6
core   0: 0x80005ab6 (0x0000a809) c.j     pc + 18
core   0: 0 0x80005ab6 (0xa809)
core   0: 0x80005ac8 (0x008000ef) jal     pc + 0x8
core   0: 0 0x80005ac8 (0x008000ef) x1  0x80005acc
core   0: 0x80005ad0 (0x0000b7fd) c.j     pc - 18
core   0: 0 0x80005ad0 (0xb7fd)
core   0: 0x80005abe (0x0140016f) jal     sp, pc + 0x14
core   0: 0 0x80005abe (0x0140016f) x2  0x80005ac2
core   0: 0x80005ad2 (0x0000bfed) c.j     pc - 6
core   0: 0 0x80005ad2 (0xbfed)
core   0: 0x80005acc (0xffbff36f) jal     t1, pc - 0x6
core   0: 0 0x80005acc (0xffbff36f) x6  0x80005ad0
core   0: 0x80005ac6 (0x0000bff5) c.j     pc - 4
core   0: 0 0x80005ac6 (0xbff5)
core   0: 0x80005ac2 (0xff7ff76f) jal     a4, pc - 0xa
core   0: 0 0x80005ac2 (0xff7ff76f) x14 0x80005ac6
core   0: 0x80005ab8 (0x004000ef) jal     pc + 0x4
core   0: 0 0x80005ab8 (0x004000ef) x1  0x80005abc
core   0: 0x80005abc (0x00002821) c.jal   pc + 24
core   0: 0 0x80005abc (0x2821) x1  0x80005abe
core   0: 0x80005ad4 (0x0109dd33) srl     s10, s3, a6
core   0: 0 0x80005ad4 (0x0109dd33) x26 0x03c7a2c7
core   0: 0x80005ad8 (0x006000ef) jal     pc + 0x6
core   0: 0 0x80005ad8 (0x006000ef) x1  0x80005adc
core   0: 0x80005ade (0x0000a029) c.j     pc + 10
core   0: 0 0x80005ade (0xa029)
core   0: 0x80005ae8 (0x008000ef) jal     pc + 0x8
core   0: 0 0x80005ae8 (0x008000ef) x1  0x80005aec
core   0: 0x80005af0 (0x0000a029) c.j     pc + 10
core   0: 0 0x80005af0 (0xa029)
core   0: 0x80005afa (0x0000b7dd) c.j     pc - 26
core   0: 0 0x80005afa (0xb7dd)
core   0: 0x80005ae0 (0x00002809) c.jal   pc + 18
core   0: 0 0x80005ae0 (0x2809) x1  0x80005ae2
core   0: 0x80005af2 (0x00002801) c.jal   pc + 16
core   0: 0 0x80005af2 (0x2801) x1  0x80005af4
core   0: 0x80005b02 (0xfe1ff16f) jal     sp, pc - 0x20
core   0: 0 0x80005b02 (0xfe1ff16f) x2  0x80005b06
core   0: 0x80005ae2 (0x02a00c6f) jal     s8, pc + 0x2a
core   0: 0 0x80005ae2 (0x02a00c6f) x24 0x80005ae6
core   0: 0x80005b0c (0x0000bffd) c.j     pc - 2
core   0: 0 0x80005b0c (0xbffd)
core   0: 0x80005b0a (0x000037ed) c.jal   pc - 22
core   0: 0 0x80005b0a (0x37ed) x1  0x80005b0c
core   0: 0x80005af4 (0x00002809) c.jal   pc + 18
core   0: 0 0x80005af4 (0x2809) x1  0x80005af6
core   0: 0x80005b06 (0xfe1ff0ef) jal     pc - 0x20
core   0: 0 0x80005b06 (0xfe1ff0ef) x1  0x80005b0a
core   0: 0x80005ae6 (0x0000a021) c.j     pc + 8
core   0: 0 0x80005ae6 (0xa021)
core   0: 0x80005aee (0x00002801) c.jal   pc + 16
core   0: 0 0x80005aee (0x2801) x1  0x80005af0
core   0: 0x80005afe (0xff9ff0ef) jal     pc - 0x8
core   0: 0 0x80005afe (0xff9ff0ef) x1  0x80005b02
core   0: 0x80005af6 (0x0000a009) c.j     pc + 2
core   0: 0 0x80005af6 (0xa009)
core   0: 0x80005af8 (0x0000a011) c.j     pc + 4
core   0: 0 0x80005af8 (0xa011)
core   0: 0x80005afc (0x0000b7c5) c.j     pc - 32
core   0: 0 0x80005afc (0xb7c5)
core   0: 0x80005adc (0x0000a801) c.j     pc + 16
core   0: 0 0x80005adc (0xa801)
core   0: 0x80005aec (0x0000a00d) c.j     pc + 34
core   0: 0 0x80005aec (0xa00d)
core   0: 0x80005b0e (0x017cf8b3) and     a7, s9, s7
core   0: 0 0x80005b0e (0x017cf8b3) x17 0x00000000
core   0: 0x80005b12 (0x014000ef) jal     pc + 0x14
core   0: 0 0x80005b12 (0x014000ef) x1  0x80005b16
core   0: 0x80005b26 (0x01200fef) jal     t6, pc + 0x12
core   0: 0 0x80005b26 (0x01200fef) x31 0x80005b2a
core   0: 0x80005b38 (0x0000bff9) c.j     pc - 34
core   0: 0 0x80005b38 (0xbff9)
core   0: 0x80005b16 (0x00002021) c.jal   pc + 8
core   0: 0 0x80005b16 (0x2021) x1  0x80005b18
core   0: 0x80005b1e (0x0000a83d) c.j     pc + 62
core   0: 0 0x80005b1e (0xa83d)
core   0: 0x80005b5c (0x000037d1) c.jal   pc - 60
core   0: 0 0x80005b5c (0x37d1) x1  0x80005b5e
core   0: 0x80005b20 (0x00002805) c.jal   pc + 48
core   0: 0 0x80005b20 (0x2805) x1  0x80005b22
core   0: 0x80005b50 (0x00003ff9) c.jal   pc - 34
core   0: 0 0x80005b50 (0x3ff9) x1  0x80005b52
core   0: 0x80005b2e (0x00002021) c.jal   pc + 8
core   0: 0 0x80005b2e (0x2021) x1  0x80005b30
core   0: 0x80005b36 (0x00003ff5) c.jal   pc - 4
core   0: 0 0x80005b36 (0x3ff5) x1  0x80005b38
core   0: 0x80005b32 (0x00003fcd) c.jal   pc - 14
core   0: 0 0x80005b32 (0x3fcd) x1  0x80005b34
core   0: 0x80005b24 (0x00002801) c.jal   pc + 16
core   0: 0 0x80005b24 (0x2801) x1  0x80005b26
core   0: 0x80005b34 (0x0000b7fd) c.j     pc - 18
core   0: 0 0x80005b34 (0xb7fd)
core   0: 0x80005b22 (0x00002025) c.jal   pc + 40
core   0: 0 0x80005b22 (0x2025) x1  0x80005b24
core   0: 0x80005b4a (0xff1ff0ef) jal     pc - 0x10
core   0: 0 0x80005b4a (0xff1ff0ef) x1  0x80005b4e
core   0: 0x80005b3a (0xfdfff36f) jal     t1, pc - 0x22
core   0: 0 0x80005b3a (0xfdfff36f) x6  0x80005b3e
core   0: 0x80005b18 (0x00002805) c.jal   pc + 48
core   0: 0 0x80005b18 (0x2805) x1  0x80005b1a
core   0: 0x80005b48 (0x0000a029) c.j     pc + 10
core   0: 0 0x80005b48 (0xa029)
core   0: 0x80005b52 (0x004000ef) jal     pc + 0x4
core   0: 0 0x80005b52 (0x004000ef) x1  0x80005b56
core   0: 0x80005b56 (0x0000bfe9) c.j     pc - 38
core   0: 0 0x80005b56 (0xbfe9)
core   0: 0x80005b30 (0x0000a801) c.j     pc + 16
core   0: 0 0x80005b30 (0xa801)
core   0: 0x80005b40 (0x0000a019) c.j     pc + 6
core   0: 0 0x80005b40 (0xa019)
core   0: 0x80005b46 (0x0000a811) c.j     pc + 20
core   0: 0 0x80005b46 (0xa811)
core   0: 0x80005b5a (0x00003fd5) c.jal   pc - 12
core   0: 0 0x80005b5a (0x3fd5) x1  0x80005b5c
core   0: 0x80005b4e (0x00002801) c.jal   pc + 16
core   0: 0 0x80005b4e (0x2801) x1  0x80005b50
core   0: 0x80005b5e (0x000037d5) c.jal   pc - 28
core   0: 0 0x80005b5e (0x37d5) x1  0x80005b60
core   0: 0x80005b42 (0xfe9ff2ef) jal     t0, pc - 0x18
core   0: 0 0x80005b42 (0xfe9ff2ef) x5  0x80005b46
core   0: 0x80005b2a (0x02e0036f) jal     t1, pc + 0x2e
core   0: 0 0x80005b2a (0x02e0036f) x6  0x80005b2e
core   0: 0x80005b58 (0x0000b7dd) c.j     pc - 26
core   0: 0 0x80005b58 (0xb7dd)
core   0: 0x80005b3e (0x00003ff1) c.jal   pc - 36
core   0: 0 0x80005b3e (0x3ff1) x1  0x80005b40
core   0: 0x80005b1a (0x0460056f) jal     a0, pc + 0x46
core   0: 0 0x80005b1a (0x0460056f) x10 0x80005b1e
core   0: 0x80005b60 (0x02c7b733) mulhu   a4, a5, a2
core   0: 0 0x80005b60 (0x02c7b733) x14 0x78f4dfa4
core   0: 0x80005b64 (0x02e000ef) jal     pc + 0x2e
core   0: 0 0x80005b64 (0x02e000ef) x1  0x80005b68
core   0: 0x80005b92 (0xfd9ff0ef) jal     pc - 0x28
core   0: 0 0x80005b92 (0xfd9ff0ef) x1  0x80005b96
core   0: 0x80005b6a (0x0000a821) c.j     pc + 24
core   0: 0 0x80005b6a (0xa821)
core   0: 0x80005b82 (0x004000ef) jal     pc + 0x4
core   0: 0 0x80005b82 (0x004000ef) x1  0x80005b86
core   0: 0x80005b86 (0x00003fd5) c.jal   pc - 12
core   0: 0 0x80005b86 (0x3fd5) x1  0x80005b88
core   0: 0x80005b7a (0xff3ffcef) jal     s9, pc - 0xe
core   0: 0 0x80005b7a (0xff3ffcef) x25 0x80005b7e
core   0: 0x80005b6c (0x00002839) c.jal   pc + 30
core   0: 0 0x80005b6c (0x2839) x1  0x80005b6e
core   0: 0x80005b8a (0xfffff0ef) jal     pc - 0x2
core   0: 0 0x80005b8a (0xfffff0ef) x1  0x80005b8e
core   0: 0x80005b88 (0x00003fdd) c.jal   pc - 10
core   0: 0 0x80005b88 (0x3fdd) x1  0x80005b8a
core   0: 0x80005b7e (0xff1ff1ef) jal     gp, pc - 0x10
core   0: 0 0x80005b7e (0xff1ff1ef) x3  0x80005b82
core   0: 0x80005b6e (0x006000ef) jal     pc + 0x6
core   0: 0 0x80005b6e (0x006000ef) x1  0x80005b72
core   0: 0x80005b74 (0x00003ffd) c.jal   pc - 2
core   0: 0 0x80005b74 (0x3ffd) x1  0x80005b76
core   0: 0x80005b72 (0x0000a011) c.j     pc + 4
core   0: 0 0x80005b72 (0xa011)
core   0: 0x80005b76 (0x00002009) c.jal   pc + 2
core   0: 0 0x80005b76 (0x2009) x1  0x80005b78
core   0: 0x80005b78 (0x00002839) c.jal   pc + 30
core   0: 0 0x80005b78 (0x2839) x1  0x80005b7a
core   0: 0x80005b96 (0xfd3ff0ef) jal     pc - 0x2e
core   0: 0 0x80005b96 (0xfd3ff0ef) x1  0x80005b9a
core   0: 0x80005b68 (0x0000a01d) c.j     pc + 38
core   0: 0 0x80005b68 (0xa01d)
core   0: 0x80005b8e (0x00c008ef) jal     a7, pc + 0xc
core   0: 0 0x80005b8e (0x00c008ef) x17 0x80005b92
core   0: 0x80005b9a (0x0ff0000f) fence   iorw,iorw
core   0: 0 0x80005b9a (0x0ff0000f)
core   0: 0x80005b9e (0x006000ef) jal     pc + 0x6
core   0: 0 0x80005b9e (0x006000ef) x1  0x80005ba2
core   0: 0x80005ba4 (0x006009ef) jal     s3, pc + 0x6
core   0: 0 0x80005ba4 (0x006009ef) x19 0x80005ba8
core   0: 0x80005baa (0x02800def) jal     s11, pc + 0x28
core   0: 0 0x80005baa (0x02800def) x27 0x80005bae
core   0: 0x80005bd2 (0x0000bfd9) c.j     pc - 42
core   0: 0 0x80005bd2 (0xbfd9)
core   0: 0x80005ba8 (0x00002821) c.jal   pc + 24
core   0: 0 0x80005ba8 (0x2821) x1  0x80005baa
core   0: 0x80005bc0 (0xffdff36f) jal     t1, pc - 0x4
core   0: 0 0x80005bc0 (0xffdff36f) x6  0x80005bc4
core   0: 0x80005bbc (0x00a000ef) jal     pc + 0xa
core   0: 0 0x80005bbc (0x00a000ef) x1  0x80005bc0
core   0: 0x80005bc6 (0x00003ffd) c.jal   pc - 2
core   0: 0 0x80005bc6 (0x3ffd) x1  0x80005bc8
core   0: 0x80005bc4 (0x00002801) c.jal   pc + 16
core   0: 0 0x80005bc4 (0x2801) x1  0x80005bc6
core   0: 0x80005bd4 (0xff7ff36f) jal     t1, pc - 0xa
core   0: 0 0x80005bd4 (0xff7ff36f) x6  0x80005bd8
core   0: 0x80005bca (0x000037ed) c.jal   pc - 22
core   0: 0 0x80005bca (0x37ed) x1  0x80005bcc
core   0: 0x80005bb4 (0x018000ef) jal     pc + 0x18
core   0: 0 0x80005bb4 (0x018000ef) x1  0x80005bb8
core   0: 0x80005bcc (0x00003ff5) c.jal   pc - 4
core   0: 0 0x80005bcc (0x3ff5) x1  0x80005bce
core   0: 0x80005bc8 (0x000037e5) c.jal   pc - 24
core   0: 0 0x80005bc8 (0x37e5) x1  0x80005bca
core   0: 0x80005bb0 (0x0000a839) c.j     pc + 30
core   0: 0 0x80005bb0 (0xa839)
core   0: 0x80005bce (0xfd5ff56f) jal     a0, pc - 0x2c
core   0: 0 0x80005bce (0xfd5ff56f) x10 0x80005bd2
core   0: 0x80005ba2 (0x00002801) c.jal   pc + 16
core   0: 0 0x80005ba2 (0x2801) x1  0x80005ba4
core   0: 0x80005bb2 (0x00002019) c.jal   pc + 6
core   0: 0 0x80005bb2 (0x2019) x1  0x80005bb4
core   0: 0x80005bb8 (0xff7ff0ef) jal     pc - 0xa
core   0: 0 0x80005bb8 (0xff7ff0ef) x1  0x80005bbc
core   0: 0x80005bae (0x0000202d) c.jal   pc + 42
core   0: 0 0x80005bae (0x202d) x1  0x80005bb0
core   0: 0x80005bd8 (0x00001584) c.addi4spn s1, sp, 736
core   0: 0 0x80005bd8 (0x1584) x9  0x80005de6
core   0: 0x80005bda (0x010000ef) jal     pc + 0x10
core   0: 0 0x80005bda (0x010000ef) x1  0x80005bde
core   0: 0x80005bea (0xffdff0ef) jal     pc - 0x4
core   0: 0 0x80005bea (0xffdff0ef) x1  0x80005bee
core   0: 0x80005be6 (0x00002009) c.jal   pc + 2
core   0: 0 0x80005be6 (0x2009) x1  0x80005be8
core   0: 0x80005be8 (0x0000a809) c.j     pc + 18
core   0: 0 0x80005be8 (0xa809)
core   0: 0x80005bfa (0x00003fd5) c.jal   pc - 12
core   0: 0 0x80005bfa (0x3fd5) x1  0x80005bfc
core   0: 0x80005bee (0x0000bfcd) c.j     pc - 14
core   0: 0 0x80005bee (0xbfcd)
core   0: 0x80005be0 (0x00003ffd) c.jal   pc - 2
core   0: 0 0x80005be0 (0x3ffd) x1  0x80005be2
core   0: 0x80005bde (0x00002809) c.jal   pc + 18
core   0: 0 0x80005bde (0x2809) x1  0x80005be0
core   0: 0x80005bf0 (0x004000ef) jal     pc + 0x4
core   0: 0 0x80005bf0 (0x004000ef) x1  0x80005bf4
core   0: 0x80005bf4 (0x0000a009) c.j     pc + 2
core   0: 0 0x80005bf4 (0xa009)
core   0: 0x80005bf6 (0x00a0036f) jal     t1, pc + 0xa
core   0: 0 0x80005bf6 (0x00a0036f) x6  0x80005bfa
core   0: 0x80005c00 (0x0000bffd) c.j     pc - 2
core   0: 0 0x80005c00 (0xbffd)
core   0: 0x80005bfe (0x000037dd) c.jal   pc - 26
core   0: 0 0x80005bfe (0x37dd) x1  0x80005c00
core   0: 0x80005be4 (0x0000a821) c.j     pc + 24
core   0: 0 0x80005be4 (0xa821)
core   0: 0x80005bfc (0x000037dd) c.jal   pc - 26
core   0: 0 0x80005bfc (0x37dd) x1  0x80005bfe
core   0: 0x80005be2 (0x00002005) c.jal   pc + 32
core   0: 0 0x80005be2 (0x2005) x1  0x80005be4
core   0: 0x80005c02 (0x00008fc1) c.or    a5, s0
core   0: 0 0x80005c02 (0x8fc1) x15 0x8007be7e
core   0: 0x80005c04 (0x012000ef) jal     pc + 0x12
core   0: 0 0x80005c04 (0x012000ef) x1  0x80005c08
core   0: 0x80005c16 (0x0000bfcd) c.j     pc - 14
core   0: 0 0x80005c16 (0xbfcd)
core   0: 0x80005c08 (0x0000a829) c.j     pc + 26
core   0: 0 0x80005c08 (0xa829)
core   0: 0x80005c22 (0x00002809) c.jal   pc + 18
core   0: 0 0x80005c22 (0x2809) x1  0x80005c24
core   0: 0x80005c34 (0x00003fe5) c.jal   pc - 8
core   0: 0 0x80005c34 (0x3fe5) x1  0x80005c36
core   0: 0x80005c2c (0xfdffff6f) jal     t5, pc - 0x22
core   0: 0 0x80005c2c (0xfdffff6f) x30 0x80005c30
core   0: 0x80005c0a (0x00002039) c.jal   pc + 14
core   0: 0 0x80005c0a (0x2039) x1  0x80005c0c
core   0: 0x80005c18 (0x0000bfed) c.j     pc - 6
core   0: 0 0x80005c18 (0xbfed)
core   0: 0x80005c12 (0x0000a01d) c.j     pc + 38
core   0: 0 0x80005c12 (0xa01d)
core   0: 0x80005c38 (0x0080016f) jal     sp, pc + 0x8
core   0: 0 0x80005c38 (0x0080016f) x2  0x80005c3c
core   0: 0x80005c40 (0x00003fe9) c.jal   pc - 38
core   0: 0 0x80005c40 (0x3fe9) x1  0x80005c42
core   0: 0x80005c1a (0x0000bfed) c.j     pc - 6
core   0: 0 0x80005c1a (0xbfed)
core   0: 0x80005c14 (0x0000a00d) c.j     pc + 34
core   0: 0 0x80005c14 (0xa00d)
core   0: 0x80005c36 (0x0000b7dd) c.j     pc - 26
core   0: 0 0x80005c36 (0xb7dd)
core   0: 0x80005c1c (0xff3ff0ef) jal     pc - 0xe
core   0: 0 0x80005c1c (0xff3ff0ef) x1  0x80005c20
core   0: 0x80005c0e (0xfffff1ef) jal     gp, pc - 0x2
core   0: 0 0x80005c0e (0xfffff1ef) x3  0x80005c12
core   0: 0x80005c0c (0x0000a805) c.j     pc + 48
core   0: 0 0x80005c0c (0xa805)
core   0: 0x80005c3c (0x000037e5) c.jal   pc - 24
core   0: 0 0x80005c3c (0x37e5) x1  0x80005c3e
core   0: 0x80005c24 (0x00002829) c.jal   pc + 26
core   0: 0 0x80005c24 (0x2829) x1  0x80005c26
core   0: 0x80005c3e (0x000037f5) c.jal   pc - 20
core   0: 0 0x80005c3e (0x37f5) x1  0x80005c40
core   0: 0x80005c2a (0x0000bfdd) c.j     pc - 10
core   0: 0 0x80005c2a (0xbfdd)
core   0: 0x80005c20 (0x0000200d) c.jal   pc + 34
core   0: 0 0x80005c20 (0x200d) x1  0x80005c22
core   0: 0x80005c42 (0xfefff0ef) jal     pc - 0x12
core   0: 0 0x80005c42 (0xfefff0ef) x1  0x80005c46
core   0: 0x80005c30 (0xff7ff0ef) jal     pc - 0xa
core   0: 0 0x80005c30 (0xff7ff0ef) x1  0x80005c34
core   0: 0x80005c26 (0x0200036f) jal     t1, pc + 0x20
core   0: 0 0x80005c26 (0x0200036f) x6  0x80005c2a
core   0: 0x80005c46 (0x91610013) addi    zero, sp, -1770
core   0: 0 0x80005c46 (0x91610013)
core   0: 0x80005c4a (0x026000ef) jal     pc + 0x26
core   0: 0 0x80005c4a (0x026000ef) x1  0x80005c4e
core   0: 0x80005c70 (0x00003ff5) c.jal   pc - 4
core   0: 0 0x80005c70 (0x3ff5) x1  0x80005c72
core   0: 0x80005c6c (0x00003fc5) c.jal   pc - 16
core   0: 0 0x80005c6c (0x3fc5) x1  0x80005c6e
core   0: 0x80005c5c (0x0000a039) c.j     pc + 14
core   0: 0 0x80005c5c (0xa039)
core   0: 0x80005c6a (0x00002021) c.jal   pc + 8
core   0: 0 0x80005c6a (0x2021) x1  0x80005c6c
core   0: 0x80005c72 (0x0000a015) c.j     pc + 36
core   0: 0 0x80005c72 (0xa015)
core   0: 0x80005c96 (0x00003fdd) c.jal   pc - 10
core   0: 0 0x80005c96 (0x3fdd) x1  0x80005c98
core   0: 0x80005c8c (0x00003fc5) c.jal   pc - 16
core   0: 0 0x80005c8c (0x3fc5) x1  0x80005c8e
core   0: 0x80005c7c (0x00003fd9) c.jal   pc - 42
core   0: 0 0x80005c7c (0x3fd9) x1  0x80005c7e
core   0: 0x80005c52 (0x00c0036f) jal     t1, pc + 0xc
core   0: 0 0x80005c52 (0x00c0036f) x6  0x80005c56
core   0: 0x80005c5e (0x0280026f) jal     tp, pc + 0x28
core   0: 0 0x80005c5e (0x0280026f) x4  0x80005c62
core   0: 0x80005c86 (0x000037e5) c.jal   pc - 24
core   0: 0 0x80005c86 (0x37e5) x1  0x80005c88
core   0: 0x80005c6e (0x00003fd5) c.jal   pc - 12
core   0: 0 0x80005c6e (0x3fd5) x1  0x80005c70
core   0: 0x80005c62 (0x00002809) c.jal   pc + 18
core   0: 0 0x80005c62 (0x2809) x1  0x80005c64
core   0: 0x80005c74 (0x00a0036f) jal     t1, pc + 0xa
core   0: 0 0x80005c74 (0x00a0036f) x6  0x80005c78
core   0: 0x80005c7e (0xfe9ff86f) jal     a6, pc - 0x18
core   0: 0 0x80005c7e (0xfe9ff86f) x16 0x80005c82
core   0: 0x80005c66 (0x0000a03d) c.j     pc + 46
core   0: 0 0x80005c66 (0xa03d)
core   0: 0x80005c94 (0x000037d5) c.jal   pc - 28
core   0: 0 0x80005c94 (0x37d5) x1  0x80005c96
core   0: 0x80005c78 (0x0000a801) c.j     pc + 16
core   0: 0 0x80005c78 (0xa801)
core   0: 0x80005c88 (0xfddffeef) jal     t4, pc - 0x24
core   0: 0 0x80005c88 (0xfddffeef) x29 0x80005c8c
core   0: 0x80005c64 (0x0000a839) c.j     pc + 30
core   0: 0 0x80005c64 (0xa839)
core   0: 0x80005c82 (0xfd5ff36f) jal     t1, pc - 0x2c
core   0: 0 0x80005c82 (0xfd5ff36f) x6  0x80005c86
core   0: 0x80005c56 (0x0000a82d) c.j     pc + 58
core   0: 0 0x80005c56 (0xa82d)
core   0: 0x80005c90 (0xfbfff36f) jal     t1, pc - 0x42
core   0: 0 0x80005c90 (0xfbfff36f) x6  0x80005c94
core   0: 0x80005c4e (0x00002035) c.jal   pc + 44
core   0: 0 0x80005c4e (0x2035) x1  0x80005c50
core   0: 0x80005c7a (0x000037fd) c.jal   pc - 18
core   0: 0 0x80005c7a (0x37fd) x1  0x80005c7c
core   0: 0x80005c68 (0x00003fc5) c.jal   pc - 16
core   0: 0 0x80005c68 (0x3fc5) x1  0x80005c6a
core   0: 0x80005c58 (0x036000ef) jal     pc + 0x36
core   0: 0 0x80005c58 (0x036000ef) x1  0x80005c5c
core   0: 0x80005c8e (0x0000b7c9) c.j     pc - 62
core   0: 0 0x80005c8e (0xb7c9)
core   0: 0x80005c50 (0x0000a0a1) c.j     pc + 72
core   0: 0 0x80005c50 (0xa0a1)
core   0: 0x80005c98 (0x8492fc93) andi    s9, t0, -1975
core   0: 0 0x80005c98 (0x8492fc93) x25 0x80005840
core   0: 0x80005c9c (0x00e000ef) jal     pc + 0xe
core   0: 0 0x80005c9c (0x00e000ef) x1  0x80005ca0
core   0: 0x80005caa (0x00002011) c.jal   pc + 4
core   0: 0 0x80005caa (0x2011) x1  0x80005cac
core   0: 0x80005cae (0x0000bffd) c.j     pc - 2
core   0: 0 0x80005cae (0xbffd)
core   0: 0x80005cac (0x00002011) c.jal   pc + 4
core   0: 0 0x80005cac (0x2011) x1  0x80005cae
core   0: 0x80005cb0 (0xff5ff0ef) jal     pc - 0xc
core   0: 0 0x80005cb0 (0xff5ff0ef) x1  0x80005cb4
core   0: 0x80005ca4 (0x010002ef) jal     t0, pc + 0x10
core   0: 0 0x80005ca4 (0x010002ef) x5  0x80005ca8
core   0: 0x80005cb4 (0x0000bfd5) c.j     pc - 12
core   0: 0 0x80005cb4 (0xbfd5)
core   0: 0x80005ca8 (0x00003fed) c.jal   pc - 6
core   0: 0 0x80005ca8 (0x3fed) x1  0x80005caa
core   0: 0x80005ca2 (0x00002811) c.jal   pc + 20
core   0: 0 0x80005ca2 (0x2811) x1  0x80005ca4
core   0: 0x80005cb6 (0xfebff36f) jal     t1, pc - 0x16
core   0: 0 0x80005cb6 (0xfebff36f) x6  0x80005cba
core   0: 0x80005ca0 (0x0000a829) c.j     pc + 26
core   0: 0 0x80005ca0 (0xa829)
core   0: 0x80005cba (0xfed4f913) andi    s2, s1, -19
core   0: 0 0x80005cba (0xfed4f913) x18 0x80005de4
core   0: 0x80005cbe (0x00e000ef) jal     pc + 0xe
core   0: 0 0x80005cbe (0x00e000ef) x1  0x80005cc2
core   0: 0x80005ccc (0x028000ef) jal     pc + 0x28
core   0: 0 0x80005ccc (0x028000ef) x1  0x80005cd0
core   0: 0x80005cf4 (0x0000bfc5) c.j     pc - 16
core   0: 0 0x80005cf4 (0xbfc5)
core   0: 0x80005ce4 (0xffdff36f) jal     t1, pc - 0x4
core   0: 0 0x80005ce4 (0xffdff36f) x6  0x80005ce8
core   0: 0x80005ce0 (0x0000a009) c.j     pc + 2
core   0: 0 0x80005ce0 (0xa009)
core   0: 0x80005ce2 (0x0000bfd5) c.j     pc - 12
core   0: 0 0x80005ce2 (0xbfd5)
core   0: 0x80005cd6 (0x0000a831) c.j     pc + 28
core   0: 0 0x80005cd6 (0xa831)
core   0: 0x80005cf2 (0x0000bfdd) c.j     pc - 10
core   0: 0 0x80005cf2 (0xbfdd)
core   0: 0x80005ce8 (0xfe1ff9ef) jal     s3, pc - 0x20
core   0: 0 0x80005ce8 (0xfe1ff9ef) x19 0x80005cec
core   0: 0x80005cc8 (0x008000ef) jal     pc + 0x8
core   0: 0 0x80005cc8 (0x008000ef) x1  0x80005ccc
core   0: 0x80005cd0 (0x00e000ef) jal     pc + 0xe
core   0: 0 0x80005cd0 (0x00e000ef) x1  0x80005cd4
core   0: 0x80005cde (0x0000a039) c.j     pc + 14
core   0: 0 0x80005cde (0xa039)
core   0: 0x80005cec (0x0000a009) c.j     pc + 2
core   0: 0 0x80005cec (0xa009)
core   0: 0x80005cee (0x00003fe1) c.jal   pc - 40
core   0: 0 0x80005cee (0x3fe1) x1  0x80005cf0
core   0: 0x80005cc6 (0x0000280d) c.jal   pc + 50
core   0: 0 0x80005cc6 (0x280d) x1  0x80005cc8
core   0: 0x80005cf8 (0x00003fe5) c.jal   pc - 8
core   0: 0 0x80005cf8 (0x3fe5) x1  0x80005cfa
core   0: 0x80005cf0 (0x0000b7e5) c.j     pc - 24
core   0: 0 0x80005cf0 (0xb7e5)
core   0: 0x80005cd8 (0x000037ed) c.jal   pc - 22
core   0: 0 0x80005cd8 (0x37ed) x1  0x80005cda
core   0: 0x80005cc2 (0x0340036f) jal     t1, pc + 0x34
core   0: 0 0x80005cc2 (0x0340036f) x6  0x80005cc6
core   0: 0x80005cf6 (0x0000b7d5) c.j     pc - 28
core   0: 0 0x80005cf6 (0xb7d5)
core   0: 0x80005cda (0xffbff0ef) jal     pc - 0x6
core   0: 0 0x80005cda (0xffbff0ef) x1  0x80005cde
core   0: 0x80005cd4 (0x0000201d) c.jal   pc + 38
core   0: 0 0x80005cd4 (0x201d) x1  0x80005cd6
core   0: 0x80005cfa (0xe8cd8793) addi    a5, s11, -372
core   0: 0 0x80005cfa (0xe8cd8793) x15 0x80005a3a
core   0: 0x80005cfe (0x008000ef) jal     pc + 0x8
core   0: 0 0x80005cfe (0x008000ef) x1  0x80005d02
core   0: 0x80005d06 (0x0200026f) jal     tp, pc + 0x20
core   0: 0 0x80005d06 (0x0200026f) x4  0x80005d0a
core   0: 0x80005d26 (0xfe9ffc6f) jal     s8, pc - 0x18
core   0: 0 0x80005d26 (0xfe9ffc6f) x24 0x80005d2a
core   0: 0x80005d0e (0x006000ef) jal     pc + 0x6
core   0: 0 0x80005d0e (0x006000ef) x1  0x80005d12
core   0: 0x80005d14 (0x024000ef) jal     pc + 0x24
core   0: 0 0x80005d14 (0x024000ef) x1  0x80005d18
core   0: 0x80005d38 (0x0000b7d5) c.j     pc - 28
core   0: 0 0x80005d38 (0xb7d5)
core   0: 0x80005d1c (0x01e000ef) jal     pc + 0x1e
core   0: 0 0x80005d1c (0x01e000ef) x1  0x80005d20
core   0: 0x80005d3a (0x0000b7e9) c.j     pc - 54
core   0: 0 0x80005d3a (0xb7e9)
core   0: 0x80005d04 (0x0000bffd) c.j     pc - 2
core   0: 0 0x80005d04 (0xbffd)
core   0: 0x80005d02 (0x00002801) c.jal   pc + 16
core   0: 0 0x80005d02 (0x2801) x1  0x80005d04
core   0: 0x80005d12 (0x00003fe5) c.jal   pc - 8
core   0: 0 0x80005d12 (0x3fe5) x1  0x80005d14
core   0: 0x80005d0a (0x0000a02d) c.j     pc + 42
core   0: 0 0x80005d0a (0xa02d)
core   0: 0x80005d34 (0x0000bff5) c.j     pc - 4
core   0: 0 0x80005d34 (0xbff5)
core   0: 0x80005d30 (0xfebff2ef) jal     t0, pc - 0x16
core   0: 0 0x80005d30 (0xfebff2ef) x5  0x80005d34
core   0: 0x80005d1a (0x0000a831) c.j     pc + 28
core   0: 0 0x80005d1a (0xa831)
core   0: 0x80005d36 (0x0000bfdd) c.j     pc - 10
core   0: 0 0x80005d36 (0xbfdd)
core   0: 0x80005d2c (0xfffff0ef) jal     pc - 0x2
core   0: 0 0x80005d2c (0xfffff0ef) x1  0x80005d30
core   0: 0x80005d2a (0x0000b7fd) c.j     pc - 18
core   0: 0 0x80005d2a (0xb7fd)
core   0: 0x80005d18 (0x0000a029) c.j     pc + 10
core   0: 0 0x80005d18 (0xa029)
core   0: 0x80005d22 (0xfebff0ef) jal     pc - 0x16
core   0: 0 0x80005d22 (0xfebff0ef) x1  0x80005d26
core   0: 0x80005d0c (0x00002811) c.jal   pc + 20
core   0: 0 0x80005d0c (0x2811) x1  0x80005d0e
core   0: 0x80005d20 (0x00002831) c.jal   pc + 28
core   0: 0 0x80005d20 (0x2831) x1  0x80005d22
core   0: 0x80005d3c (0x03b14db3) div     s11, sp, s11
core   0: 0 0x80005d3c (0x03b14db3) x27 0x00000000
core   0: 0x80005d40 (0x022000ef) jal     pc + 0x22
core   0: 0 0x80005d40 (0x022000ef) x1  0x80005d44
core   0: 0x80005d62 (0x00002019) c.jal   pc + 6
core   0: 0 0x80005d62 (0x2019) x1  0x80005d64
core   0: 0x80005d68 (0xff3ff86f) jal     a6, pc - 0xe
core   0: 0 0x80005d68 (0xff3ff86f) x16 0x80005d6c
core   0: 0x80005d5a (0x0000a005) c.j     pc + 32
core   0: 0 0x80005d5a (0xa005)
core   0: 0x80005d7a (0x000037e9) c.jal   pc - 54
core   0: 0 0x80005d7a (0x37e9) x1  0x80005d7c
core   0: 0x80005d44 (0x00002029) c.jal   pc + 10
core   0: 0 0x80005d44 (0x2029) x1  0x80005d46
core   0: 0x80005d4e (0x0000a801) c.j     pc + 16
core   0: 0 0x80005d4e (0xa801)
core   0: 0x80005d5e (0x00002819) c.jal   pc + 22
core   0: 0 0x80005d5e (0x2819) x1  0x80005d60
core   0: 0x80005d74 (0x0000bff1) c.j     pc - 36
core   0: 0 0x80005d74 (0xbff1)
core   0: 0x80005d50 (0x0260036f) jal     t1, pc + 0x26
core   0: 0 0x80005d50 (0x0260036f) x6  0x80005d54
core   0: 0x80005d76 (0x000037dd) c.jal   pc - 26
core   0: 0 0x80005d76 (0x37dd) x1  0x80005d78
core   0: 0x80005d5c (0x00002021) c.jal   pc + 8
core   0: 0 0x80005d5c (0x2021) x1  0x80005d5e
core   0: 0x80005d64 (0xfe7ff0ef) jal     pc - 0x1a
core   0: 0 0x80005d64 (0xfe7ff0ef) x1  0x80005d68
core   0: 0x80005d4a (0x00003ff5) c.jal   pc - 4
core   0: 0 0x80005d4a (0x3ff5) x1  0x80005d4c
core   0: 0x80005d46 (0x02a000ef) jal     pc + 0x2a
core   0: 0 0x80005d46 (0x02a000ef) x1  0x80005d4a
core   0: 0x80005d70 (0xfe5ff36f) jal     t1, pc - 0x1c
core   0: 0 0x80005d70 (0xfe5ff36f) x6  0x80005d74
core   0: 0x80005d54 (0x004000ef) jal     pc + 0x4
core   0: 0 0x80005d54 (0x004000ef) x1  0x80005d58
core   0: 0x80005d58 (0x0000bfd5) c.j     pc - 12
core   0: 0 0x80005d58 (0xbfd5)
core   0: 0x80005d4c (0x0000a035) c.j     pc + 44
core   0: 0 0x80005d4c (0xa035)
core   0: 0x80005d78 (0x00003fd5) c.jal   pc - 12
core   0: 0 0x80005d78 (0x3fd5) x1  0x80005d7a
core   0: 0x80005d6c (0xff5ff36f) jal     t1, pc - 0xc
core   0: 0 0x80005d6c (0xff5ff36f) x6  0x80005d70
core   0: 0x80005d60 (0x0000a831) c.j     pc + 28
core   0: 0 0x80005d60 (0xa831)
core   0: 0x80005d7c (0xd12f4537) lui     a0, 0xd12f4
core   0: 0 0x80005d7c (0xd12f4537) x10 0xd12f4000
core   0: 0x80005d80 (0x014000ef) jal     pc + 0x14
core   0: 0 0x80005d80 (0x014000ef) x1  0x80005d84
core   0: 0x80005d94 (0xff3ffa6f) jal     s4, pc - 0xe
core   0: 0 0x80005d94 (0xff3ffa6f) x20 0x80005d98
core   0: 0x80005d86 (0x0080036f) jal     t1, pc + 0x8
core   0: 0 0x80005d86 (0x0080036f) x6  0x80005d8a
core   0: 0x80005d8e (0x00002009) c.jal   pc + 2
core   0: 0 0x80005d8e (0x2009) x1  0x80005d90
core   0: 0x80005d90 (0x00002021) c.jal   pc + 8
core   0: 0 0x80005d90 (0x2021) x1  0x80005d92
core   0: 0x80005d98 (0x00003fcd) c.jal   pc - 14
core   0: 0 0x80005d98 (0x3fcd) x1  0x80005d9a
core   0: 0x80005d8a (0x020000ef) jal     pc + 0x20
core   0: 0 0x80005d8a (0x020000ef) x1  0x80005d8e
core   0: 0x80005daa (0x00003ff5) c.jal   pc - 4
core   0: 0 0x80005daa (0x3ff5) x1  0x80005dac
core   0: 0x80005da6 (0x0000a009) c.j     pc + 2
core   0: 0 0x80005da6 (0xa009)
core   0: 0x80005da8 (0x0000bfcd) c.j     pc - 14
core   0: 0 0x80005da8 (0xbfcd)
core   0: 0x80005d9a (0x000037ed) c.jal   pc - 22
core   0: 0 0x80005d9a (0x37ed) x1  0x80005d9c
core   0: 0x80005d84 (0x0000a005) c.j     pc + 32
core   0: 0 0x80005d84 (0xa005)
core   0: 0x80005da4 (0x0000a021) c.j     pc + 8
core   0: 0 0x80005da4 (0xa021)
core   0: 0x80005dac (0xfe7ff0ef) jal     pc - 0x1a
core   0: 0 0x80005dac (0xfe7ff0ef) x1  0x80005db0
core   0: 0x80005d92 (0x0000a029) c.j     pc + 10
core   0: 0 0x80005d92 (0xa029)
core   0: 0x80005d9c (0x0060036f) jal     t1, pc + 0x6
core   0: 0 0x80005d9c (0x0060036f) x6  0x80005da0
core   0: 0x80005da2 (0x0000bffd) c.j     pc - 2
core   0: 0 0x80005da2 (0xbffd)
core   0: 0x80005da0 (0x0000a801) c.j     pc + 16
core   0: 0 0x80005da0 (0xa801)
core   0: 0x80005db0 (0x00008d59) c.or    a0, a4
core   0: 0 0x80005db0 (0x8d59) x10 0xf9ffdfa4
core   0: 0x80005db2 (0x034000ef) jal     pc + 0x34
core   0: 0 0x80005db2 (0x034000ef) x1  0x80005db6
core   0: 0x80005de6 (0xffbff0ef) jal     pc - 0x6
core   0: 0 0x80005de6 (0xffbff0ef) x1  0x80005dea
core   0: 0x80005de0 (0x000037e5) c.jal   pc - 24
core   0: 0 0x80005de0 (0x37e5) x1  0x80005de2
core   0: 0x80005dc8 (0x004000ef) jal     pc + 0x4
core   0: 0 0x80005dc8 (0x004000ef) x1  0x80005dcc
core   0: 0x80005dcc (0xfebff1ef) jal     gp, pc - 0x16
core   0: 0 0x80005dcc (0xfebff1ef) x3  0x80005dd0
core   0: 0x80005db6 (0x00002839) c.jal   pc + 30
core   0: 0 0x80005db6 (0x2839) x1  0x80005db8
core   0: 0x80005dd4 (0xffdff0ef) jal     pc - 0x4
core   0: 0 0x80005dd4 (0xffdff0ef) x1  0x80005dd8
core   0: 0x80005dd0 (0xfedff0ef) jal     pc - 0x14
core   0: 0 0x80005dd0 (0xfedff0ef) x1  0x80005dd4
core   0: 0x80005dbc (0x006009ef) jal     s3, pc + 0x6
core   0: 0 0x80005dbc (0x006009ef) x19 0x80005dc0
core   0: 0x80005dc2 (0x016001ef) jal     gp, pc + 0x16
core   0: 0 0x80005dc2 (0x016001ef) x3  0x80005dc6
core   0: 0x80005dd8 (0x0000a009) c.j     pc + 2
core   0: 0 0x80005dd8 (0xa009)
core   0: 0x80005dda (0x0000a009) c.j     pc + 2
core   0: 0 0x80005dda (0xa009)
core   0: 0x80005ddc (0xfebff86f) jal     a6, pc - 0x16
core   0: 0 0x80005ddc (0xfebff86f) x16 0x80005de0
core   0: 0x80005dc6 (0x00002831) c.jal   pc + 28
core   0: 0 0x80005dc6 (0x2831) x1  0x80005dc8
core   0: 0x80005de2 (0x00c00def) jal     s11, pc + 0xc
core   0: 0 0x80005de2 (0x00c00def) x27 0x80005de6
core   0: 0x80005dee (0x00002009) c.jal   pc + 2
core   0: 0 0x80005dee (0x2009) x1  0x80005df0
core   0: 0x80005df0 (0x000037e1) c.jal   pc - 56
core   0: 0 0x80005df0 (0x37e1) x1  0x80005df2
core   0: 0x80005db8 (0x0320036f) jal     t1, pc + 0x32
core   0: 0 0x80005db8 (0x0320036f) x6  0x80005dbc
core   0: 0x80005dea (0xfd7ff36f) jal     t1, pc - 0x2a
core   0: 0 0x80005dea (0xfd7ff36f) x6  0x80005dee
core   0: 0x80005dc0 (0x0000a80d) c.j     pc + 50
core   0: 0 0x80005dc0 (0xa80d)
core   0: 0x80005df2 (0x00008c41) c.or    s0, s0
core   0: 0 0x80005df2 (0x8c41) x8  0x00073c46
core   0: 0x80005df4 (0x006000ef) jal     pc + 0x6
core   0: 0 0x80005df4 (0x006000ef) x1  0x80005df8
core   0: 0x80005dfa (0x00002021) c.jal   pc + 8
core   0: 0 0x80005dfa (0x2021) x1  0x80005dfc
core   0: 0x80005e02 (0x01c000ef) jal     pc + 0x1c
core   0: 0 0x80005e02 (0x01c000ef) x1  0x80005e06
core   0: 0x80005e1e (0xff9ff1ef) jal     gp, pc - 0x8
core   0: 0 0x80005e1e (0xff9ff1ef) x3  0x80005e22
core   0: 0x80005e16 (0x0000bfe5) c.j     pc - 8
core   0: 0 0x80005e16 (0xbfe5)
core   0: 0x80005e0e (0x0000a009) c.j     pc + 2
core   0: 0 0x80005e0e (0xa009)
core   0: 0x80005e10 (0x00002011) c.jal   pc + 4
core   0: 0 0x80005e10 (0x2011) x1  0x80005e12
core   0: 0x80005e14 (0x00002021) c.jal   pc + 8
core   0: 0 0x80005e14 (0x2021) x1  0x80005e16
core   0: 0x80005e1c (0x0000b7f5) c.j     pc - 20
core   0: 0 0x80005e1c (0xb7f5)
core   0: 0x80005e08 (0x00002809) c.jal   pc + 18
core   0: 0 0x80005e08 (0x2809) x1  0x80005e0a
core   0: 0x80005e1a (0x000037d5) c.jal   pc - 28
core   0: 0 0x80005e1a (0x37d5) x1  0x80005e1c
core   0: 0x80005dfe (0x01a000ef) jal     pc + 0x1a
core   0: 0 0x80005dfe (0x01a000ef) x1  0x80005e02
core   0: 0x80005e18 (0x0000b7d5) c.j     pc - 28
core   0: 0 0x80005e18 (0xb7d5)
core   0: 0x80005dfc (0x0000201d) c.jal   pc + 38
core   0: 0 0x80005dfc (0x201d) x1  0x80005dfe
core   0: 0x80005e22 (0xfe9ff26f) jal     tp, pc - 0x18
core   0: 0 0x80005e22 (0xfe9ff26f) x4  0x80005e26
core   0: 0x80005e0a (0x008000ef) jal     pc + 0x8
core   0: 0 0x80005e0a (0x008000ef) x1  0x80005e0e
core   0: 0x80005e12 (0x000037dd) c.jal   pc - 26
core   0: 0 0x80005e12 (0x37dd) x1  0x80005e14
core   0: 0x80005df8 (0x00002039) c.jal   pc + 14
core   0: 0 0x80005df8 (0x2039) x1  0x80005dfa
core   0: 0x80005e06 (0x00002005) c.jal   pc + 32
core   0: 0 0x80005e06 (0x2005) x1  0x80005e08
core   0: 0x80005e26 (0x41285913) srai    s2, a6, 18
core   0: 0 0x80005e26 (0x41285913) x18 0xffffe000
core   0: 0x80005e2a (0x00e000ef) jal     pc + 0xe
core   0: 0 0x80005e2a (0x00e000ef) x1  0x80005e2e
core   0: 0x80005e38 (0x0000a031) c.j     pc + 12
core   0: 0 0x80005e38 (0xa031)
core   0: 0x80005e44 (0x00c0036f) jal     t1, pc + 0xc
core   0: 0 0x80005e44 (0x00c0036f) x6  0x80005e48
core   0: 0x80005e50 (0x000037d5) c.jal   pc - 28
core   0: 0 0x80005e50 (0x37d5) x1  0x80005e52
core   0: 0x80005e34 (0x0000a039) c.j     pc + 14
core   0: 0 0x80005e34 (0xa039)
core   0: 0x80005e42 (0x0000a801) c.j     pc + 16
core   0: 0 0x80005e42 (0xa801)
core   0: 0x80005e52 (0x000037c5) c.jal   pc - 32
core   0: 0 0x80005e52 (0x37c5) x1  0x80005e54
core   0: 0x80005e32 (0x00002011) c.jal   pc + 4
core   0: 0 0x80005e32 (0x2011) x1  0x80005e34
core   0: 0x80005e36 (0x0000a819) c.j     pc + 22
core   0: 0 0x80005e36 (0xa819)
core   0: 0x80005e4c (0x0000bfd5) c.j     pc - 12
core   0: 0 0x80005e4c (0xbfd5)
core   0: 0x80005e40 (0x0000a039) c.j     pc + 14
core   0: 0 0x80005e40 (0xa039)
core   0: 0x80005e4e (0x000037cd) c.jal   pc - 30
core   0: 0 0x80005e4e (0x37cd) x1  0x80005e50
core   0: 0x80005e30 (0x00002829) c.jal   pc + 26
core   0: 0 0x80005e30 (0x2829) x1  0x80005e32
core   0: 0x80005e4a (0x0000bffd) c.j     pc - 2
core   0: 0 0x80005e4a (0xbffd)
core   0: 0x80005e48 (0x0000b7dd) c.j     pc - 26
core   0: 0 0x80005e48 (0xb7dd)
core   0: 0x80005e2e (0x0000a039) c.j     pc + 14
core   0: 0 0x80005e2e (0xa039)
core   0: 0x80005e3c (0xfffff0ef) jal     pc - 0x2
core   0: 0 0x80005e3c (0xfffff0ef) x1  0x80005e40
core   0: 0x80005e3a (0x00002829) c.jal   pc + 26
core   0: 0 0x80005e3a (0x2829) x1  0x80005e3c
core   0: 0x80005e54 (0x00008221) c.srli  a2, 8
core   0: 0 0x80005e54 (0x8221) x12 0x00f1e8b1
core   0: 0x80005e56 (0x006000ef) jal     pc + 0x6
core   0: 0 0x80005e56 (0x006000ef) x1  0x80005e5a
core   0: 0x80005e5c (0x0000a009) c.j     pc + 2
core   0: 0 0x80005e5c (0xa009)
core   0: 0x80005e5e (0x00002801) c.jal   pc + 16
core   0: 0 0x80005e5e (0x2801) x1  0x80005e60
core   0: 0x80005e6e (0x0000bff5) c.j     pc - 4
core   0: 0 0x80005e6e (0xbff5)
core   0: 0x80005e6a (0x00e000ef) jal     pc + 0xe
core   0: 0 0x80005e6a (0x00e000ef) x1  0x80005e6e
core   0: 0x80005e78 (0x000037f5) c.jal   pc - 20
core   0: 0 0x80005e78 (0x37f5) x1  0x80005e7a
core   0: 0x80005e64 (0x0000bfdd) c.j     pc - 10
core   0: 0 0x80005e64 (0xbfdd)
core   0: 0x80005e5a (0x0000200d) c.jal   pc + 34
core   0: 0 0x80005e5a (0x200d) x1  0x80005e5c
core   0: 0x80005e7c (0x0000b7d5) c.j     pc - 28
core   0: 0 0x80005e7c (0xb7d5)
core   0: 0x80005e60 (0x00002801) c.jal   pc + 16
core   0: 0 0x80005e60 (0x2801) x1  0x80005e62
core   0: 0x80005e70 (0x00a001ef) jal     gp, pc + 0xa
core   0: 0 0x80005e70 (0x00a001ef) x3  0x80005e74
core   0: 0x80005e7a (0x0000bfed) c.j     pc - 6
core   0: 0 0x80005e7a (0xbfed)
core   0: 0x80005e74 (0xff3ff0ef) jal     pc - 0xe
core   0: 0 0x80005e74 (0xff3ff0ef) x1  0x80005e78
core   0: 0x80005e66 (0xffdff0ef) jal     pc - 0x4
core   0: 0 0x80005e66 (0xffdff0ef) x1  0x80005e6a
core   0: 0x80005e62 (0x0000a831) c.j     pc + 28
core   0: 0 0x80005e62 (0xa831)
core   0: 0x80005e7e (0x00006645) c.lui   a2, 0x11
core   0: 0 0x80005e7e (0x6645) x12 0x00011000
core   0: 0x80005e80 (0x03a000ef) jal     pc + 0x3a
core   0: 0 0x80005e80 (0x03a000ef) x1  0x80005e84
core   0: 0x80005eba (0xfefff0ef) jal     pc - 0x12
core   0: 0 0x80005eba (0xfefff0ef) x1  0x80005ebe
core   0: 0x80005ea8 (0x00003ff1) c.jal   pc - 36
core   0: 0 0x80005ea8 (0x3ff1) x1  0x80005eaa
core   0: 0x80005e84 (0x0340036f) jal     t1, pc + 0x34
core   0: 0 0x80005e84 (0x0340036f) x6  0x80005e88
core   0: 0x80005eb8 (0x0000bff9) c.j     pc - 34
core   0: 0 0x80005eb8 (0xbff9)
core   0: 0x80005e96 (0x00002839) c.jal   pc + 30
core   0: 0 0x80005e96 (0x2839) x1  0x80005e98
core   0: 0x80005eb4 (0xfebff0ef) jal     pc - 0x16
core   0: 0 0x80005eb4 (0xfebff0ef) x1  0x80005eb8
core   0: 0x80005e9e (0x000037ed) c.jal   pc - 22
core   0: 0 0x80005e9e (0x37ed) x1  0x80005ea0
core   0: 0x80005e88 (0x0000281d) c.jal   pc + 54
core   0: 0 0x80005e88 (0x281d) x1  0x80005e8a
core   0: 0x80005ebe (0x0000b7f1) c.j     pc - 52
core   0: 0 0x80005ebe (0xb7f1)
core   0: 0x80005e8a (0x0000a005) c.j     pc + 32
core   0: 0 0x80005e8a (0xa005)
core   0: 0x80005eaa (0x000037d5) c.jal   pc - 28
core   0: 0 0x80005eaa (0x37d5) x1  0x80005eac
core   0: 0x80005e8e (0x022000ef) jal     pc + 0x22
core   0: 0 0x80005e8e (0x022000ef) x1  0x80005e92
core   0: 0x80005eb0 (0xff3ff4ef) jal     s1, pc - 0xe
core   0: 0 0x80005eb0 (0xff3ff4ef) x9  0x80005eb4
core   0: 0x80005ea2 (0x000037ed) c.jal   pc - 22
core   0: 0 0x80005ea2 (0x37ed) x1  0x80005ea4
core   0: 0x80005e8c (0x00002019) c.jal   pc + 6
core   0: 0 0x80005e8c (0x2019) x1  0x80005e8e
core   0: 0x80005e92 (0x01a00e6f) jal     t3, pc + 0x1a
core   0: 0 0x80005e92 (0x01a00e6f) x28 0x80005e96
core   0: 0x80005eac (0xfefff0ef) jal     pc - 0x12
core   0: 0 0x80005eac (0xfefff0ef) x1  0x80005eb0
core   0: 0x80005e9a (0x006000ef) jal     pc + 0x6
core   0: 0 0x80005e9a (0x006000ef) x1  0x80005e9e
core   0: 0x80005ea0 (0x00003fe5) c.jal   pc - 8
core   0: 0 0x80005ea0 (0x3fe5) x1  0x80005ea2
core   0: 0x80005e98 (0x0000a031) c.j     pc + 12
core   0: 0 0x80005e98 (0xa031)
core   0: 0x80005ea4 (0x01c000ef) jal     pc + 0x1c
core   0: 0 0x80005ea4 (0x01c000ef) x1  0x80005ea8
core   0: 0x80005ec0 (0xc641b237) lui     tp, 0xc641b
core   0: 0 0x80005ec0 (0xc641b237) x4  0xc641b000
core   0: 0x80005ec4 (0x024000ef) jal     pc + 0x24
core   0: 0 0x80005ec4 (0x024000ef) x1  0x80005ec8
core   0: 0x80005ee8 (0xffbff0ef) jal     pc - 0x6
core   0: 0 0x80005ee8 (0xffbff0ef) x1  0x80005eec
core   0: 0x80005ee2 (0xfe9ffa6f) jal     s4, pc - 0x18
core   0: 0 0x80005ee2 (0xfe9ffa6f) x20 0x80005ee6
core   0: 0x80005eca (0x0000203d) c.jal   pc + 46
core   0: 0 0x80005eca (0x203d) x1  0x80005ecc
core   0: 0x80005ef8 (0x00003ffd) c.jal   pc - 2
core   0: 0 0x80005ef8 (0x3ffd) x1  0x80005efa
core   0: 0x80005ef6 (0x00003ffd) c.jal   pc - 2
core   0: 0 0x80005ef6 (0x3ffd) x1  0x80005ef8
core   0: 0x80005ef4 (0x000037e5) c.jal   pc - 24
core   0: 0 0x80005ef4 (0x37e5) x1  0x80005ef6
core   0: 0x80005edc (0xffdff0ef) jal     pc - 0x4
core   0: 0 0x80005edc (0xffdff0ef) x1  0x80005ee0
core   0: 0x80005ed8 (0x00002821) c.jal   pc + 24
core   0: 0 0x80005ed8 (0x2821) x1  0x80005eda
core   0: 0x80005ef0 (0xfebff0ef) jal     pc - 0x16
core   0: 0 0x80005ef0 (0xfebff0ef) x1  0x80005ef4
core   0: 0x80005eda (0x00002019) c.jal   pc + 6
core   0: 0 0x80005eda (0x2019) x1  0x80005edc
core   0: 0x80005ee0 (0x000037e5) c.jal   pc - 24
core   0: 0 0x80005ee0 (0x37e5) x1  0x80005ee2
core   0: 0x80005ec8 (0x0000a031) c.j     pc + 12
core   0: 0 0x80005ec8 (0xa031)
core   0: 0x80005ed4 (0xff9ffcef) jal     s9, pc - 0x8
core   0: 0 0x80005ed4 (0xff9ffcef) x25 0x80005ed8
core   0: 0x80005ecc (0x00002005) c.jal   pc + 32
core   0: 0 0x80005ecc (0x2005) x1  0x80005ece
core   0: 0x80005eec (0xffbff2ef) jal     t0, pc - 0x6
core   0: 0 0x80005eec (0xffbff2ef) x5  0x80005ef0
core   0: 0x80005ee6 (0x0000b7ed) c.j     pc - 22
core   0: 0 0x80005ee6 (0xb7ed)
core   0: 0x80005ed0 (0xfffff0ef) jal     pc - 0x2
core   0: 0 0x80005ed0 (0xfffff0ef) x1  0x80005ed4
core   0: 0x80005ece (0x00002035) c.jal   pc + 44
core   0: 0 0x80005ece (0x2035) x1  0x80005ed0
core   0: 0x80005efa (0x00008d39) c.xor   a0, a4
core   0: 0 0x80005efa (0x8d39) x10 0x810b0000
core   0: 0x80005efc (0x022000ef) jal     pc + 0x22
core   0: 0 0x80005efc (0x022000ef) x1  0x80005f00
core   0: 0x80005f1e (0x0000a009) c.j     pc + 2
core   0: 0 0x80005f1e (0xa009)
core   0: 0x80005f20 (0x0000bff5) c.j     pc - 4
core   0: 0 0x80005f20 (0xbff5)
core   0: 0x80005f1c (0x0000a021) c.j     pc + 8
core   0: 0 0x80005f1c (0xa021)
core   0: 0x80005f24 (0x000037dd) c.jal   pc - 26
core   0: 0 0x80005f24 (0x37dd) x1  0x80005f26
core   0: 0x80005f0a (0x006000ef) jal     pc + 0x6
core   0: 0 0x80005f0a (0x006000ef) x1  0x80005f0e
core   0: 0x80005f10 (0x0000bfd5) c.j     pc - 12
core   0: 0 0x80005f10 (0xbfd5)
core   0: 0x80005f04 (0x01000f6f) jal     t5, pc + 0x10
core   0: 0 0x80005f04 (0x01000f6f) x30 0x80005f08
core   0: 0x80005f14 (0x00002039) c.jal   pc + 14
core   0: 0 0x80005f14 (0x2039) x1  0x80005f16
core   0: 0x80005f22 (0x00003fdd) c.jal   pc - 10
core   0: 0 0x80005f22 (0x3fdd) x1  0x80005f24
core   0: 0x80005f18 (0xfe9ff0ef) jal     pc - 0x18
core   0: 0 0x80005f18 (0xfe9ff0ef) x1  0x80005f1c
core   0: 0x80005f00 (0x00002021) c.jal   pc + 8
core   0: 0 0x80005f00 (0x2021) x1  0x80005f02
core   0: 0x80005f08 (0x0000bfed) c.j     pc - 6
core   0: 0 0x80005f08 (0xbfed)
core   0: 0x80005f02 (0x0000a801) c.j     pc + 16
core   0: 0 0x80005f02 (0xa801)
core   0: 0x80005f12 (0x00002011) c.jal   pc + 4
core   0: 0 0x80005f12 (0x2011) x1  0x80005f14
core   0: 0x80005f16 (0x00003fe5) c.jal   pc - 8
core   0: 0 0x80005f16 (0x3fe5) x1  0x80005f18
core   0: 0x80005f0e (0x00002821) c.jal   pc + 24
core   0: 0 0x80005f0e (0x2821) x1  0x80005f10
core   0: 0x80005f26 (0x6adb3a93) sltiu   s5, s6, 1709
core   0: 0 0x80005f26 (0x6adb3a93) x21 0x00000000
core   0: 0x80005f2a (0x024000ef) jal     pc + 0x24
core   0: 0 0x80005f2a (0x024000ef) x1  0x80005f2e
core   0: 0x80005f4e (0x00e000ef) jal     pc + 0xe
core   0: 0 0x80005f4e (0x00e000ef) x1  0x80005f52
core   0: 0x80005f5c (0x00003fc5) c.jal   pc - 16
core   0: 0 0x80005f5c (0x3fc5) x1  0x80005f5e
core   0: 0x80005f4c (0x00002031) c.jal   pc + 12
core   0: 0 0x80005f4c (0x2031) x1  0x80005f4e
core   0: 0x80005f58 (0x0000b7ed) c.j     pc - 22
core   0: 0 0x80005f58 (0xb7ed)
core   0: 0x80005f42 (0x0000bfed) c.j     pc - 6
core   0: 0 0x80005f42 (0xbfed)
core   0: 0x80005f3c (0x00002011) c.jal   pc + 4
core   0: 0 0x80005f3c (0x2011) x1  0x80005f3e
core   0: 0x80005f40 (0x0000a005) c.j     pc + 32
core   0: 0 0x80005f40 (0xa005)
core   0: 0x80005f60 (0xfd9ff3ef) jal     t2, pc - 0x28
core   0: 0 0x80005f60 (0xfd9ff3ef) x7  0x80005f64
core   0: 0x80005f38 (0x0100036f) jal     t1, pc + 0x10
core   0: 0 0x80005f38 (0x0100036f) x6  0x80005f3c
core   0: 0x80005f48 (0xfe7ff0ef) jal     pc - 0x1a
core   0: 0 0x80005f48 (0xfe7ff0ef) x1  0x80005f4c
core   0: 0x80005f2e (0x004009ef) jal     s3, pc + 0x4
core   0: 0 0x80005f2e (0x004009ef) x19 0x80005f32
core   0: 0x80005f32 (0x0000a035) c.j     pc + 44
core   0: 0 0x80005f32 (0xa035)
core   0: 0x80005f5e (0x00003fd9) c.jal   pc - 42
core   0: 0 0x80005f5e (0x3fd9) x1  0x80005f60
core   0: 0x80005f34 (0x02000cef) jal     s9, pc + 0x20
core   0: 0 0x80005f34 (0x02000cef) x25 0x80005f38
core   0: 0x80005f54 (0xfebff0ef) jal     pc - 0x16
core   0: 0 0x80005f54 (0xfebff0ef) x1  0x80005f58
core   0: 0x80005f3e (0x00002831) c.jal   pc + 28
core   0: 0 0x80005f3e (0x2831) x1  0x80005f40
core   0: 0x80005f5a (0x000037ed) c.jal   pc - 22
core   0: 0 0x80005f5a (0x37ed) x1  0x80005f5c
core   0: 0x80005f44 (0x0000a009) c.j     pc + 2
core   0: 0 0x80005f44 (0xa009)
core   0: 0x80005f46 (0x00002031) c.jal   pc + 12
core   0: 0 0x80005f46 (0x2031) x1  0x80005f48
core   0: 0x80005f52 (0x0000a809) c.j     pc + 18
core   0: 0 0x80005f52 (0xa809)
core   0: 0x80005f64 (0x001084b3) add     s1, ra, ra
core   0: 0 0x80005f64 (0x001084b3) x9  0x0000be90
core   0: 0x80005f68 (0x00a000ef) jal     pc + 0xa
core   0: 0 0x80005f68 (0x00a000ef) x1  0x80005f6c
core   0: 0x80005f72 (0x00002819) c.jal   pc + 22
core   0: 0 0x80005f72 (0x2819) x1  0x80005f74
core   0: 0x80005f88 (0xffdff0ef) jal     pc - 0x4
core   0: 0 0x80005f88 (0xffdff0ef) x1  0x80005f8c
core   0: 0x80005f84 (0xff1ffeef) jal     t4, pc - 0x10
core   0: 0 0x80005f84 (0xff1ffeef) x29 0x80005f88
core   0: 0x80005f74 (0x00002831) c.jal   pc + 28
core   0: 0 0x80005f74 (0x2831) x1  0x80005f76
core   0: 0x80005f90 (0x004002ef) jal     t0, pc + 0x4
core   0: 0 0x80005f90 (0x004002ef) x5  0x80005f94
core   0: 0x80005f94 (0x0000bff1) c.j     pc - 36
core   0: 0 0x80005f94 (0xbff1)
core   0: 0x80005f70 (0x00002021) c.jal   pc + 8
core   0: 0 0x80005f70 (0x2021) x1  0x80005f72
core   0: 0x80005f78 (0x00003ffd) c.jal   pc - 2
core   0: 0 0x80005f78 (0x3ffd) x1  0x80005f7a
core   0: 0x80005f76 (0x0000a005) c.j     pc + 32
core   0: 0 0x80005f76 (0xa005)
core   0: 0x80005f96 (0x0000a009) c.j     pc + 2
core   0: 0 0x80005f96 (0xa009)
core   0: 0x80005f98 (0x0000bfd1) c.j     pc - 44
core   0: 0 0x80005f98 (0xbfd1)
core   0: 0x80005f6c (0x014000ef) jal     pc + 0x14
core   0: 0 0x80005f6c (0x014000ef) x1  0x80005f70
core   0: 0x80005f80 (0xffdffaef) jal     s5, pc - 0x4
core   0: 0 0x80005f80 (0xffdffaef) x21 0x80005f84
core   0: 0x80005f7c (0x0000a009) c.j     pc + 2
core   0: 0 0x80005f7c (0xa009)
core   0: 0x80005f7e (0x0000a039) c.j     pc + 14
core   0: 0 0x80005f7e (0xa039)
core   0: 0x80005f8c (0xfefff0ef) jal     pc - 0x12
core   0: 0 0x80005f8c (0xfefff0ef) x1  0x80005f90
core   0: 0x80005f7a (0x00002005) c.jal   pc + 32
core   0: 0 0x80005f7a (0x2005) x1  0x80005f7c
core   0: 0x80005f9a (0x00000001) c.nop
core   0: 0 0x80005f9a (0x0001)
core   0: 0x80005f9c (0x008000ef) jal     pc + 0x8
core   0: 0 0x80005f9c (0x008000ef) x1  0x80005fa0
core   0: 0x80005fa4 (0x024000ef) jal     pc + 0x24
core   0: 0 0x80005fa4 (0x024000ef) x1  0x80005fa8
core   0: 0x80005fc8 (0x0000bfe9) c.j     pc - 38
core   0: 0 0x80005fc8 (0xbfe9)
core   0: 0x80005fa2 (0x0000a821) c.j     pc + 24
core   0: 0 0x80005fa2 (0xa821)
core   0: 0x80005fba (0x00003fc5) c.jal   pc - 16
core   0: 0 0x80005fba (0x3fc5) x1  0x80005fbc
core   0: 0x80005faa (0x00c0096f) jal     s2, pc + 0xc
core   0: 0 0x80005faa (0x00c0096f) x18 0x80005fae
core   0: 0x80005fb6 (0x0000a831) c.j     pc + 28
core   0: 0 0x80005fb6 (0xa831)
core   0: 0x80005fd2 (0x00003ff1) c.jal   pc - 36
core   0: 0 0x80005fd2 (0x3ff1) x1  0x80005fd4
core   0: 0x80005fae (0x00002831) c.jal   pc + 28
core   0: 0 0x80005fae (0x2831) x1  0x80005fb0
core   0: 0x80005fca (0x0000bfcd) c.j     pc - 14
core   0: 0 0x80005fca (0xbfcd)
core   0: 0x80005fbc (0x0000a821) c.j     pc + 24
core   0: 0 0x80005fbc (0xa821)
core   0: 0x80005fd4 (0xfebfff6f) jal     t5, pc - 0x16
core   0: 0 0x80005fd4 (0xfebfff6f) x30 0x80005fd8
core   0: 0x80005fbe (0x0000a009) c.j     pc + 2
core   0: 0 0x80005fbe (0xa009)
core   0: 0x80005fc0 (0x00c000ef) jal     pc + 0xc
core   0: 0 0x80005fc0 (0x00c000ef) x1  0x80005fc4
core   0: 0x80005fcc (0x00002801) c.jal   pc + 16
core   0: 0 0x80005fcc (0x2801) x1  0x80005fce
core   0: 0x80005fdc (0x000037f1) c.jal   pc - 52
core   0: 0 0x80005fdc (0x37f1) x1  0x80005fde
core   0: 0x80005fa8 (0x0000a021) c.j     pc + 8
core   0: 0 0x80005fa8 (0xa021)
core   0: 0x80005fb0 (0x016000ef) jal     pc + 0x16
core   0: 0 0x80005fb0 (0x016000ef) x1  0x80005fb4
core   0: 0x80005fc6 (0x00002021) c.jal   pc + 8
core   0: 0 0x80005fc6 (0x2021) x1  0x80005fc8
core   0: 0x80005fce (0x0000a009) c.j     pc + 2
core   0: 0 0x80005fce (0xa009)
core   0: 0x80005fd0 (0x0000bfc1) c.j     pc - 48
core   0: 0 0x80005fd0 (0xbfc1)
core   0: 0x80005fa0 (0x00002015) c.jal   pc + 36
core   0: 0 0x80005fa0 (0x2015) x1  0x80005fa2
core   0: 0x80005fc4 (0x00003fc5) c.jal   pc - 16
core   0: 0 0x80005fc4 (0x3fc5) x1  0x80005fc6
core   0: 0x80005fb4 (0x0000a011) c.j     pc + 4
core   0: 0 0x80005fb4 (0xa011)
core   0: 0x80005fb8 (0x00002005) c.jal   pc + 32
core   0: 0 0x80005fb8 (0x2005) x1  0x80005fba
core   0: 0x80005fd8 (0x0060026f) jal     tp, pc + 0x6
core   0: 0 0x80005fd8 (0x0060026f) x4  0x80005fdc
core   0: 0x80005fde (0x41e40933) sub     s2, s0, t5
core   0: 0 0x80005fde (0x41e40933) x18 0x8006dc6e
core   0: 0x80005fe2 (0x008000ef) jal     pc + 0x8
core   0: 0 0x80005fe2 (0x008000ef) x1  0x80005fe6
core   0: 0x80005fea (0x00002801) c.jal   pc + 16
core   0: 0 0x80005fea (0x2801) x1  0x80005fec
core   0: 0x80005ffa (0x0060036f) jal     t1, pc + 0x6
core   0: 0 0x80005ffa (0x0060036f) x6  0x80005ffe
core   0: 0x80006000 (0x0000bfd5) c.j     pc - 12
core   0: 0 0x80006000 (0xbfd5)
core   0: 0x80005ff4 (0x0000bfed) c.j     pc - 6
core   0: 0 0x80005ff4 (0xbfed)
core   0: 0x80005fee (0x0000bfe5) c.j     pc - 8
core   0: 0 0x80005fee (0xbfe5)
core   0: 0x80005fe6 (0x0000a029) c.j     pc + 10
core   0: 0 0x80005fe6 (0xa029)
core   0: 0x80005ff0 (0xff9ff0ef) jal     pc - 0x8
core   0: 0 0x80005ff0 (0xff9ff0ef) x1  0x80005ff4
core   0: 0x80005fe8 (0x00002011) c.jal   pc + 4
core   0: 0 0x80005fe8 (0x2011) x1  0x80005fea
core   0: 0x80005fec (0x0000a029) c.j     pc + 10
core   0: 0 0x80005fec (0xa029)
core   0: 0x80005ff6 (0x008000ef) jal     pc + 0x8
core   0: 0 0x80005ff6 (0x008000ef) x1  0x80005ffa
core   0: 0x80005ffe (0x0000a011) c.j     pc + 4
core   0: 0 0x80005ffe (0xa011)
core   0: 0x80006002 (0x00000906) c.slli  s2, 1
core   0: 0 0x80006002 (0x0906) x18 0x000db8dc
core   0: 0x80006004 (0x00a000ef) jal     pc + 0xa
core   0: 0 0x80006004 (0x00a000ef) x1  0x80006008
core   0: 0x8000600e (0x00003ffd) c.jal   pc - 2
core   0: 0 0x8000600e (0x3ffd) x1  0x80006010
core   0: 0x8000600c (0x00003ff5) c.jal   pc - 4
core   0: 0 0x8000600c (0x3ff5) x1  0x8000600e
core   0: 0x80006008 (0x0120016f) jal     sp, pc + 0x12
core   0: 0 0x80006008 (0x0120016f) x2  0x8000600c
core   0: 0x8000601a (0x00002009) c.jal   pc + 2
core   0: 0 0x8000601a (0x2009) x1  0x8000601c
core   0: 0x8000601c (0x006004ef) jal     s1, pc + 0x6
core   0: 0 0x8000601c (0x006004ef) x9  0x80006020
core   0: 0x80006022 (0x0000b7fd) c.j     pc - 18
core   0: 0 0x80006022 (0xb7fd)
core   0: 0x80006010 (0x0000a019) c.j     pc + 6
core   0: 0 0x80006010 (0xa019)
core   0: 0x80006016 (0x00002009) c.jal   pc + 2
core   0: 0 0x80006016 (0x2009) x1  0x80006018
core   0: 0x80006018 (0x0000bfed) c.j     pc - 6
core   0: 0 0x80006018 (0xbfed)
core   0: 0x80006012 (0x0000a009) c.j     pc + 2
core   0: 0 0x80006012 (0xa009)
core   0: 0x80006014 (0x0000a031) c.j     pc + 12
core   0: 0 0x80006014 (0xa031)
core   0: 0x80006020 (0x0000a011) c.j     pc + 4
core   0: 0 0x80006020 (0xa011)
core   0: 0x80006024 (0x00008251) c.srli  a2, 20
core   0: 0 0x80006024 (0x8251) x12 0x00000000
core   0: 0x80006026 (0x040000ef) jal     pc + 0x40
core   0: 0 0x80006026 (0x040000ef) x1  0x8000602a
core   0: 0x80006066 (0x00003fe9) c.jal   pc - 38
core   0: 0 0x80006066 (0x3fe9) x1  0x80006068
core   0: 0x80006040 (0x0060036f) jal     t1, pc + 0x6
core   0: 0 0x80006040 (0x0060036f) x6  0x80006044
core   0: 0x80006046 (0x0000bfe5) c.j     pc - 8
core   0: 0 0x80006046 (0xbfe5)
core   0: 0x8000603e (0x0000bffd) c.j     pc - 2
core   0: 0 0x8000603e (0xbffd)
core   0: 0x8000603c (0x0000bfdd) c.j     pc - 10
core   0: 0 0x8000603c (0xbfdd)
core   0: 0x80006032 (0x030000ef) jal     pc + 0x30
core   0: 0 0x80006032 (0x030000ef) x1  0x80006036
core   0: 0x80006062 (0x00003ffd) c.jal   pc - 2
core   0: 0 0x80006062 (0x3ffd) x1  0x80006064
core   0: 0x80006060 (0x000037ed) c.jal   pc - 22
core   0: 0 0x80006060 (0x37ed) x1  0x80006062
core   0: 0x8000604a (0x0000a039) c.j     pc + 14
core   0: 0 0x8000604a (0xa039)
core   0: 0x80006058 (0xfedff0ef) jal     pc - 0x14
core   0: 0 0x80006058 (0xfedff0ef) x1  0x8000605c
core   0: 0x80006044 (0x0000b7f5) c.j     pc - 20
core   0: 0 0x80006044 (0xb7f5)
core   0: 0x80006030 (0x00002005) c.jal   pc + 32
core   0: 0 0x80006030 (0x2005) x1  0x80006032
core   0: 0x80006050 (0xfdbff36f) jal     t1, pc - 0x26
core   0: 0 0x80006050 (0xfdbff36f) x6  0x80006054
core   0: 0x8000602a (0x02a0036f) jal     t1, pc + 0x2a
core   0: 0 0x8000602a (0x02a0036f) x6  0x8000602e
core   0: 0x80006054 (0x00800c6f) jal     s8, pc + 0x8
core   0: 0 0x80006054 (0x00800c6f) x24 0x80006058
core   0: 0x8000605c (0xfedff0ef) jal     pc - 0x14
core   0: 0 0x8000605c (0xfedff0ef) x1  0x80006060
core   0: 0x80006048 (0x00002831) c.jal   pc + 28
core   0: 0 0x80006048 (0x2831) x1  0x8000604a
core   0: 0x80006064 (0x0000bfd1) c.j     pc - 44
core   0: 0 0x80006064 (0xbfd1)
core   0: 0x80006038 (0xfffff36f) jal     t1, pc - 0x2
core   0: 0 0x80006038 (0xfffff36f) x6  0x8000603c
core   0: 0x80006036 (0x0000a819) c.j     pc + 22
core   0: 0 0x80006036 (0xa819)
core   0: 0x8000604c (0xfe3ff0ef) jal     pc - 0x1e
core   0: 0 0x8000604c (0xfe3ff0ef) x1  0x80006050
core   0: 0x8000602e (0x0000a82d) c.j     pc + 58
core   0: 0 0x8000602e (0xa82d)
core   0: 0x80006068 (0x00008f01) c.sub   a4, s0
core   0: 0 0x80006068 (0x8f01) x14 0x78eda35e
core   0: 0x8000606a (0x014000ef) jal     pc + 0x14
core   0: 0 0x8000606a (0x014000ef) x1  0x8000606e
core   0: 0x8000607e (0x00002821) c.jal   pc + 24
core   0: 0 0x8000607e (0x2821) x1  0x80006080
core   0: 0x80006096 (0xff1ff0ef) jal     pc - 0x10
core   0: 0 0x80006096 (0xff1ff0ef) x1  0x8000609a
core   0: 0x80006086 (0x000037f5) c.jal   pc - 20
core   0: 0 0x80006086 (0x37f5) x1  0x80006088
core   0: 0x80006072 (0x0160036f) jal     t1, pc + 0x16
core   0: 0 0x80006072 (0x0160036f) x6  0x80006076
core   0: 0x80006088 (0x00002031) c.jal   pc + 12
core   0: 0 0x80006088 (0x2031) x1  0x8000608a
core   0: 0x80006094 (0x0000b7f5) c.j     pc - 20
core   0: 0 0x80006094 (0xb7f5)
core   0: 0x80006080 (0x0000a801) c.j     pc + 16
core   0: 0 0x80006080 (0xa801)
core   0: 0x80006090 (0xfe9ff0ef) jal     pc - 0x18
core   0: 0 0x80006090 (0xfe9ff0ef) x1  0x80006094
core   0: 0x80006078 (0xfffff0ef) jal     pc - 0x2
core   0: 0 0x80006078 (0xfffff0ef) x1  0x8000607c
core   0: 0x80006076 (0x00002031) c.jal   pc + 12
core   0: 0 0x80006076 (0x2031) x1  0x80006078
core   0: 0x80006082 (0x00002021) c.jal   pc + 8
core   0: 0 0x80006082 (0x2021) x1  0x80006084
core   0: 0x8000608a (0xff3ff36f) jal     t1, pc - 0xe
core   0: 0 0x8000608a (0xff3ff36f) x6  0x8000608e
core   0: 0x8000607c (0x0000a021) c.j     pc + 8
core   0: 0 0x8000607c (0xa021)
core   0: 0x80006084 (0x00002819) c.jal   pc + 22
core   0: 0 0x80006084 (0x2819) x1  0x80006086
core   0: 0x8000609a (0x00003fd1) c.jal   pc - 44
core   0: 0 0x8000609a (0x3fd1) x1  0x8000609c
core   0: 0x8000606e (0x020000ef) jal     pc + 0x20
core   0: 0 0x8000606e (0x020000ef) x1  0x80006072
core   0: 0x8000608e (0x00002039) c.jal   pc + 14
core   0: 0 0x8000608e (0x2039) x1  0x80006090
core   0: 0x8000609c (0x01069733) sll     a4, a3, a6
core   0: 0 0x8000609c (0x01069733) x14 0x80023ce4
core   0: 0x800060a0 (0x00c000ef) jal     pc + 0xc
core   0: 0 0x800060a0 (0x00c000ef) x1  0x800060a4
core   0: 0x800060ac (0x016000ef) jal     pc + 0x16
core   0: 0 0x800060ac (0x016000ef) x1  0x800060b0
core   0: 0x800060c2 (0x0000bfd5) c.j     pc - 12
core   0: 0 0x800060c2 (0xbfd5)
core   0: 0x800060b6 (0xffbff0ef) jal     pc - 0x6
core   0: 0 0x800060b6 (0xffbff0ef) x1  0x800060ba
core   0: 0x800060b0 (0x00002009) c.jal   pc + 2
core   0: 0 0x800060b0 (0x2009) x1  0x800060b2
core   0: 0x800060b2 (0x0000a039) c.j     pc + 14
core   0: 0 0x800060b2 (0xa039)
core   0: 0x800060c0 (0x00003ff5) c.jal   pc - 4
core   0: 0 0x800060c0 (0x3ff5) x1  0x800060c2
core   0: 0x800060bc (0x00800eef) jal     t4, pc + 0x8
core   0: 0 0x800060bc (0x00800eef) x29 0x800060c0
core   0: 0x800060c4 (0x0000b7cd) c.j     pc - 30
core   0: 0 0x800060c4 (0xb7cd)
core   0: 0x800060a6 (0xfffff0ef) jal     pc - 0x2
core   0: 0 0x800060a6 (0xfffff0ef) x1  0x800060aa
core   0: 0x800060a4 (0x0000a801) c.j     pc + 16
core   0: 0 0x800060a4 (0xa801)
core   0: 0x800060b4 (0x00003fdd) c.jal   pc - 10
core   0: 0 0x800060b4 (0x3fdd) x1  0x800060b6
core   0: 0x800060aa (0x00002801) c.jal   pc + 16
core   0: 0 0x800060aa (0x2801) x1  0x800060ac
core   0: 0x800060ba (0x00002031) c.jal   pc + 12
core   0: 0 0x800060ba (0x2031) x1  0x800060bc
core   0: 0x800060c6 (0x0ff0000f) fence   iorw,iorw
core   0: 0 0x800060c6 (0x0ff0000f)
core   0: 0x800060ca (0x006000ef) jal     pc + 0x6
core   0: 0 0x800060ca (0x006000ef) x1  0x800060ce
core   0: 0x800060d0 (0x04e000ef) jal     pc + 0x4e
core   0: 0 0x800060d0 (0x04e000ef) x1  0x800060d4
core   0: 0x8000611e (0x0000b7c9) c.j     pc - 62
core   0: 0 0x8000611e (0xb7c9)
core   0: 0x800060e0 (0x0000a039) c.j     pc + 14
core   0: 0 0x800060e0 (0xa039)
core   0: 0x800060ee (0x01c000ef) jal     pc + 0x1c
core   0: 0 0x800060ee (0x01c000ef) x1  0x800060f2
core   0: 0x8000610a (0xfddff0ef) jal     pc - 0x24
core   0: 0 0x8000610a (0xfddff0ef) x1  0x8000610e
core   0: 0x800060e6 (0x0000bfc5) c.j     pc - 16
core   0: 0 0x800060e6 (0xbfc5)
core   0: 0x800060d6 (0x0000a811) c.j     pc + 20
core   0: 0 0x800060d6 (0xa811)
core   0: 0x800060ea (0x02e000ef) jal     pc + 0x2e
core   0: 0 0x800060ea (0x02e000ef) x1  0x800060ee
core   0: 0x80006118 (0x00400c6f) jal     s8, pc + 0x4
core   0: 0 0x80006118 (0x00400c6f) x24 0x8000611c
core   0: 0x8000611c (0x0000bf75) c.j     pc - 68
core   0: 0 0x8000611c (0xbf75)
core   0: 0x800060d8 (0x00002025) c.jal   pc + 40
core   0: 0 0x800060d8 (0x2025) x1  0x800060da
core   0: 0x80006100 (0xffdff0ef) jal     pc - 0x4
core   0: 0 0x80006100 (0xffdff0ef) x1  0x80006104
core   0: 0x800060fc (0xff7ff26f) jal     tp, pc - 0xa
core   0: 0 0x800060fc (0xff7ff26f) x4  0x80006100
core   0: 0x800060f2 (0xfddff0ef) jal     pc - 0x24
core   0: 0 0x800060f2 (0xfddff0ef) x1  0x800060f6
core   0: 0x800060ce (0x0000a081) c.j     pc + 64
core   0: 0 0x800060ce (0xa081)
core   0: 0x8000610e (0xff9ff0ef) jal     pc - 0x8
core   0: 0 0x8000610e (0xff9ff0ef) x1  0x80006112
core   0: 0x80006106 (0x00e00aef) jal     s5, pc + 0xe
core   0: 0 0x80006106 (0x00e00aef) x21 0x8000610a
core   0: 0x80006114 (0xfe5ff66f) jal     a2, pc - 0x1c
core   0: 0 0x80006114 (0xfe5ff66f) x12 0x80006118
core   0: 0x800060f8 (0x0000a031) c.j     pc + 12
core   0: 0 0x800060f8 (0xa031)
core   0: 0x80006104 (0x0000a039) c.j     pc + 14
core   0: 0 0x80006104 (0xa039)
core   0: 0x80006112 (0x000037e5) c.jal   pc - 24
core   0: 0 0x80006112 (0x37e5) x1  0x80006114
core   0: 0x800060fa (0x00003ff5) c.jal   pc - 4
core   0: 0 0x800060fa (0x3ff5) x1  0x800060fc
core   0: 0x800060f6 (0x000037f5) c.jal   pc - 20
core   0: 0 0x800060f6 (0x37f5) x1  0x800060f8
core   0: 0x800060e2 (0xffdff36f) jal     t1, pc - 0x4
core   0: 0 0x800060e2 (0xffdff36f) x6  0x800060e6
core   0: 0x800060de (0x0000bff5) c.j     pc - 4
core   0: 0 0x800060de (0xbff5)
core   0: 0x800060da (0x00e0046f) jal     s0, pc + 0xe
core   0: 0 0x800060da (0x00e0046f) x8  0x800060de
core   0: 0x800060e8 (0x000037f5) c.jal   pc - 20
core   0: 0 0x800060e8 (0x37f5) x1  0x800060ea
core   0: 0x800060d4 (0x000020b1) c.jal   pc + 76
core   0: 0 0x800060d4 (0x20b1) x1  0x800060d6
core   0: 0x80006120 (0xc8098193) addi    gp, s3, -896
core   0: 0 0x80006120 (0xc8098193) x3  0x80005bb2
core   0: 0x80006124 (0x004000ef) jal     pc + 0x4
core   0: 0 0x80006124 (0x004000ef) x1  0x80006128
core   0: 0x80006128 (0x0300086f) jal     a6, pc + 0x30
core   0: 0 0x80006128 (0x0300086f) x16 0x8000612c
core   0: 0x80006158 (0x00002029) c.jal   pc + 10
core   0: 0 0x80006158 (0x2029) x1  0x8000615a
core   0: 0x80006162 (0x0000bfcd) c.j     pc - 14
core   0: 0 0x80006162 (0xbfcd)
core   0: 0x80006154 (0xff1ff0ef) jal     pc - 0x10
core   0: 0 0x80006154 (0xff1ff0ef) x1  0x80006158
core   0: 0x80006144 (0x00400b6f) jal     s6, pc + 0x4
core   0: 0 0x80006144 (0x00400b6f) x22 0x80006148
core   0: 0x80006148 (0x008000ef) jal     pc + 0x8
core   0: 0 0x80006148 (0x008000ef) x1  0x8000614c
core   0: 0x80006150 (0xfe3ff0ef) jal     pc - 0x1e
core   0: 0 0x80006150 (0xfe3ff0ef) x1  0x80006154
core   0: 0x80006132 (0x0000bfed) c.j     pc - 6
core   0: 0 0x80006132 (0xbfed)
core   0: 0x8000612c (0x030000ef) jal     pc + 0x30
core   0: 0 0x8000612c (0x030000ef) x1  0x80006130
core   0: 0x8000615c (0x00003fc5) c.jal   pc - 16
core   0: 0 0x8000615c (0x3fc5) x1  0x8000615e
core   0: 0x8000614c (0xfe5ff0ef) jal     pc - 0x1c
core   0: 0 0x8000614c (0xfe5ff0ef) x1  0x80006150
core   0: 0x80006130 (0x0000a809) c.j     pc + 18
core   0: 0 0x80006130 (0xa809)
core   0: 0x80006142 (0x00003fed) c.jal   pc - 6
core   0: 0 0x80006142 (0x3fed) x1  0x80006144
core   0: 0x8000613c (0x00002025) c.jal   pc + 40
core   0: 0 0x8000613c (0x2025) x1  0x8000613e
core   0: 0x80006164 (0x00003fdd) c.jal   pc - 10
core   0: 0 0x80006164 (0x3fdd) x1  0x80006166
core   0: 0x8000615a (0x0000a011) c.j     pc + 4
core   0: 0 0x8000615a (0xa011)
core   0: 0x8000615e (0xfdbff2ef) jal     t0, pc - 0x26
core   0: 0 0x8000615e (0xfdbff2ef) x5  0x80006162
core   0: 0x80006138 (0x0000a019) c.j     pc + 6
core   0: 0 0x80006138 (0xa019)
core   0: 0x8000613e (0xff7ff0ef) jal     pc - 0xa
core   0: 0 0x8000613e (0xff7ff0ef) x1  0x80006142
core   0: 0x80006134 (0x006000ef) jal     pc + 0x6
core   0: 0 0x80006134 (0x006000ef) x1  0x80006138
core   0: 0x8000613a (0x0000a035) c.j     pc + 44
core   0: 0 0x8000613a (0xa035)
core   0: 0x80006166 (0xdb95fa13) andi    s4, a1, -583
core   0: 0 0x80006166 (0xdb95fa13) x20 0xf1e8b1b9
core   0: 0x8000616a (0x008000ef) jal     pc + 0x8
core   0: 0 0x8000616a (0x008000ef) x1  0x8000616e
core   0: 0x80006172 (0x0000281d) c.jal   pc + 54
core   0: 0 0x80006172 (0x281d) x1  0x80006174
core   0: 0x800061a8 (0x00003ff5) c.jal   pc - 4
core   0: 0 0x800061a8 (0x3ff5) x1  0x800061aa
core   0: 0x800061a4 (0xff7ff0ef) jal     pc - 0xa
core   0: 0 0x800061a4 (0xff7ff0ef) x1  0x800061a8
core   0: 0x8000619a (0x00002829) c.jal   pc + 26
core   0: 0 0x8000619a (0x2829) x1  0x8000619c
core   0: 0x800061b4 (0xfd9ff0ef) jal     pc - 0x28
core   0: 0 0x800061b4 (0xfd9ff0ef) x1  0x800061b8
core   0: 0x8000618c (0xff9ff2ef) jal     t0, pc - 0x8
core   0: 0 0x8000618c (0xff9ff2ef) x5  0x80006190
core   0: 0x80006184 (0xff1ffc6f) jal     s8, pc - 0x10
core   0: 0 0x80006184 (0xff1ffc6f) x24 0x80006188
core   0: 0x80006174 (0x00003fed) c.jal   pc - 6
core   0: 0 0x80006174 (0x3fed) x1  0x80006176
core   0: 0x8000616e (0x0000a01d) c.j     pc + 38
core   0: 0 0x8000616e (0xa01d)
core   0: 0x80006194 (0x01e0046f) jal     s0, pc + 0x1e
core   0: 0 0x80006194 (0x01e0046f) x8  0x80006198
core   0: 0x800061b2 (0x0000bfd9) c.j     pc - 42
core   0: 0 0x800061b2 (0xbfd9)
core   0: 0x80006188 (0x022000ef) jal     pc + 0x22
core   0: 0 0x80006188 (0x022000ef) x1  0x8000618c
core   0: 0x800061aa (0x0000b7d9) c.j     pc - 58
core   0: 0 0x800061aa (0xb7d9)
core   0: 0x80006170 (0x00002035) c.jal   pc + 44
core   0: 0 0x80006170 (0x2035) x1  0x80006172
core   0: 0x8000619c (0xffdff36f) jal     t1, pc - 0x4
core   0: 0 0x8000619c (0xffdff36f) x6  0x800061a0
core   0: 0x80006198 (0x00003ff9) c.jal   pc - 34
core   0: 0 0x80006198 (0x3ff9) x1  0x8000619a
core   0: 0x80006176 (0x0000281d) c.jal   pc + 54
core   0: 0 0x80006176 (0x281d) x1  0x80006178
core   0: 0x800061ac (0xfd3ff56f) jal     a0, pc - 0x2e
core   0: 0 0x800061ac (0xfd3ff56f) x10 0x800061b0
core   0: 0x8000617e (0xffdff0ef) jal     pc - 0x4
core   0: 0 0x8000617e (0xffdff0ef) x1  0x80006182
core   0: 0x8000617a (0x018009ef) jal     s3, pc + 0x18
core   0: 0 0x8000617a (0x018009ef) x19 0x8000617e
core   0: 0x80006192 (0x0000bffd) c.j     pc - 2
core   0: 0 0x80006192 (0xbffd)
core   0: 0x80006190 (0x00003fcd) c.jal   pc - 14
core   0: 0 0x80006190 (0x3fcd) x1  0x80006192
core   0: 0x80006182 (0x0000bfdd) c.j     pc - 10
core   0: 0 0x80006182 (0xbfdd)
core   0: 0x80006178 (0x0000a025) c.j     pc + 40
core   0: 0 0x80006178 (0xa025)
core   0: 0x800061a0 (0x010000ef) jal     pc + 0x10
core   0: 0 0x800061a0 (0x010000ef) x1  0x800061a4
core   0: 0x800061b0 (0x0000a021) c.j     pc + 8
core   0: 0 0x800061b0 (0xa021)
core   0: 0x800061b8 (0x0000995e) c.add   s2, s7
core   0: 0 0x800061b8 (0x995e) x18 0x800fb734
core   0: 0x800061ba (0x010000ef) jal     pc + 0x10
core   0: 0 0x800061ba (0x010000ef) x1  0x800061be
core   0: 0x800061ca (0x00002029) c.jal   pc + 10
core   0: 0 0x800061ca (0x2029) x1  0x800061cc
core   0: 0x800061d4 (0x00003fed) c.jal   pc - 6
core   0: 0 0x800061d4 (0x3fed) x1  0x800061d6
core   0: 0x800061ce (0x00003ffd) c.jal   pc - 2
core   0: 0 0x800061ce (0x3ffd) x1  0x800061d0
core   0: 0x800061cc (0x0000bfcd) c.j     pc - 14
core   0: 0 0x800061cc (0xbfcd)
core   0: 0x800061be (0x0000a009) c.j     pc + 2
core   0: 0 0x800061be (0xa009)
core   0: 0x800061c0 (0x0000a021) c.j     pc + 8
core   0: 0 0x800061c0 (0xa021)
core   0: 0x800061c8 (0x0000a819) c.j     pc + 22
core   0: 0 0x800061c8 (0xa819)
core   0: 0x800061de (0x00002019) c.jal   pc + 6
core   0: 0 0x800061de (0x2019) x1  0x800061e0
core   0: 0x800061e4 (0x00003fd5) c.jal   pc - 12
core   0: 0 0x800061e4 (0x3fd5) x1  0x800061e6
core   0: 0x800061d8 (0x0080056f) jal     a0, pc + 0x8
core   0: 0 0x800061d8 (0x0080056f) x10 0x800061dc
core   0: 0x800061e0 (0xfe3ff2ef) jal     t0, pc - 0x1e
core   0: 0 0x800061e0 (0xfe3ff2ef) x5  0x800061e4
core   0: 0x800061c2 (0x0000a015) c.j     pc + 36
core   0: 0 0x800061c2 (0xa015)
core   0: 0x800061e6 (0x0000bfdd) c.j     pc - 10
core   0: 0 0x800061e6 (0xbfdd)
core   0: 0x800061dc (0x0000bfd5) c.j     pc - 12
core   0: 0 0x800061dc (0xbfd5)
core   0: 0x800061d0 (0x006000ef) jal     pc + 0x6
core   0: 0 0x800061d0 (0x006000ef) x1  0x800061d4
core   0: 0x800061d6 (0x00002809) c.jal   pc + 18
core   0: 0 0x800061d6 (0x2809) x1  0x800061d8
core   0: 0x800061e8 (0x00002009) c.jal   pc + 2
core   0: 0 0x800061e8 (0x2009) x1  0x800061ea
core   0: 0x800061ea (0x0000bfe9) c.j     pc - 38
core   0: 0 0x800061ea (0xbfe9)
core   0: 0x800061c4 (0x0280036f) jal     t1, pc + 0x28
core   0: 0 0x800061c4 (0x0280036f) x6  0x800061c8
core   0: 0x800061ec (0x0000100f) fence.i
core   0: 0 0x800061ec (0x0000100f)
core   0: 0x800061f0 (0x008000ef) jal     pc + 0x8
core   0: 0 0x800061f0 (0x008000ef) x1  0x800061f4
core   0: 0x800061f8 (0x00002019) c.jal   pc + 6
core   0: 0 0x800061f8 (0x2019) x1  0x800061fa
core   0: 0x800061fe (0x00002035) c.jal   pc + 44
core   0: 0 0x800061fe (0x2035) x1  0x80006200
core   0: 0x8000622a (0x0000bff1) c.j     pc - 36
core   0: 0 0x8000622a (0xbff1)
core   0: 0x80006206 (0x01a008ef) jal     a7, pc + 0x1a
core   0: 0 0x80006206 (0x01a008ef) x17 0x8000620a
core   0: 0x80006220 (0x0000a801) c.j     pc + 16
core   0: 0 0x80006220 (0xa801)
core   0: 0x80006230 (0x0000b7e5) c.j     pc - 24
core   0: 0 0x80006230 (0xb7e5)
core   0: 0x80006218 (0x0000bfcd) c.j     pc - 14
core   0: 0 0x80006218 (0xbfcd)
core   0: 0x8000620a (0x0000a801) c.j     pc + 16
core   0: 0 0x8000620a (0xa801)
core   0: 0x8000621a (0x0000a009) c.j     pc + 2
core   0: 0 0x8000621a (0xa009)
core   0: 0x8000621c (0xfe7ff0ef) jal     pc - 0x1a
core   0: 0 0x8000621c (0xfe7ff0ef) x1  0x80006220
core   0: 0x80006202 (0x00c000ef) jal     pc + 0xc
core   0: 0 0x80006202 (0x00c000ef) x1  0x80006206
core   0: 0x8000620e (0x028000ef) jal     pc + 0x28
core   0: 0 0x8000620e (0x028000ef) x1  0x80006212
core   0: 0x80006236 (0x00002009) c.jal   pc + 2
core   0: 0 0x80006236 (0x2009) x1  0x80006238
core   0: 0x80006238 (0x0000bfd1) c.j     pc - 44
core   0: 0 0x80006238 (0xbfd1)
core   0: 0x8000620c (0x0000a019) c.j     pc + 6
core   0: 0 0x8000620c (0xa019)
core   0: 0x80006212 (0x0000a801) c.j     pc + 16
core   0: 0 0x80006212 (0xa801)
core   0: 0x80006222 (0xff3ff1ef) jal     gp, pc - 0xe
core   0: 0 0x80006222 (0xff3ff1ef) x3  0x80006226
core   0: 0x80006214 (0x0000a839) c.j     pc + 30
core   0: 0 0x80006214 (0xa839)
core   0: 0x80006232 (0xffdffcef) jal     s9, pc - 0x4
core   0: 0 0x80006232 (0xffdffcef) x25 0x80006236
core   0: 0x8000622e (0x0000bfe5) c.j     pc - 8
core   0: 0 0x8000622e (0xbfe5)
core   0: 0x80006226 (0xfdbff86f) jal     a6, pc - 0x26
core   0: 0 0x80006226 (0xfdbff86f) x16 0x8000622a
core   0: 0x80006200 (0x0000a035) c.j     pc + 44
core   0: 0 0x80006200 (0xa035)
core   0: 0x8000622c (0x000037f9) c.jal   pc - 50
core   0: 0 0x8000622c (0x37f9) x1  0x8000622e
core   0: 0x800061fa (0xffbff0ef) jal     pc - 0x6
core   0: 0 0x800061fa (0xffbff0ef) x1  0x800061fe
core   0: 0x800061f4 (0x0220086f) jal     a6, pc + 0x22
core   0: 0 0x800061f4 (0x0220086f) x16 0x800061f8
core   0: 0x80006216 (0x0000a015) c.j     pc + 36
core   0: 0 0x80006216 (0xa015)
core   0: 0x8000623a (0x0000717d) c.addi16sp sp, -16
core   0: 0 0x8000623a (0x717d) x2  0x80005ffc
core   0: 0x8000623c (0x00c000ef) jal     pc + 0xc
core   0: 0 0x8000623c (0x00c000ef) x1  0x80006240
core   0: 0x80006248 (0x004000ef) jal     pc + 0x4
core   0: 0 0x80006248 (0x004000ef) x1  0x8000624c
core   0: 0x8000624c (0x00002009) c.jal   pc + 2
core   0: 0 0x8000624c (0x2009) x1  0x8000624e
core   0: 0x8000624e (0x00002021) c.jal   pc + 8
core   0: 0 0x8000624e (0x2021) x1  0x80006250
core   0: 0x80006256 (0x00002801) c.jal   pc + 16
core   0: 0 0x80006256 (0x2801) x1  0x80006258
core   0: 0x80006266 (0x00003fed) c.jal   pc - 6
core   0: 0 0x80006266 (0x3fed) x1  0x80006268
core   0: 0x80006260 (0x0000b7cd) c.j     pc - 30
core   0: 0 0x80006260 (0xb7cd)
core   0: 0x80006242 (0x016000ef) jal     pc + 0x16
core   0: 0 0x80006242 (0x016000ef) x1  0x80006246
core   0: 0x80006258 (0x00003ff5) c.jal   pc - 4
core   0: 0 0x80006258 (0x3ff5) x1  0x8000625a
core   0: 0x80006254 (0x00003ff5) c.jal   pc - 4
core   0: 0 0x80006254 (0x3ff5) x1  0x80006256
core   0: 0x80006250 (0x012000ef) jal     pc + 0x12
core   0: 0 0x80006250 (0x012000ef) x1  0x80006254
core   0: 0x80006262 (0xfdfff36f) jal     t1, pc - 0x22
core   0: 0 0x80006262 (0xfdfff36f) x6  0x80006266
core   0: 0x80006240 (0x00002831) c.jal   pc + 28
core   0: 0 0x80006240 (0x2831) x1  0x80006242
core   0: 0x8000625c (0xfffffd6f) jal     s10, pc - 0x2
core   0: 0 0x8000625c (0xfffffd6f) x26 0x80006260
core   0: 0x8000625a (0x000037f5) c.jal   pc - 20
core   0: 0 0x8000625a (0x37f5) x1  0x8000625c
core   0: 0x80006246 (0x0000a00d) c.j     pc + 34
core   0: 0 0x80006246 (0xa00d)
core   0: 0x80006268 (0x0ff0000f) fence   iorw,iorw
core   0: 0 0x80006268 (0x0ff0000f)
core   0: 0x8000626c (0x014000ef) jal     pc + 0x14
core   0: 0 0x8000626c (0x014000ef) x1  0x80006270
core   0: 0x80006280 (0x0000a829) c.j     pc + 26
core   0: 0 0x80006280 (0xa829)
core   0: 0x8000629a (0x0000b7f5) c.j     pc - 20
core   0: 0 0x8000629a (0xb7f5)
core   0: 0x80006286 (0x0000bfc5) c.j     pc - 16
core   0: 0 0x80006286 (0xbfc5)
core   0: 0x80006276 (0x038000ef) jal     pc + 0x38
core   0: 0 0x80006276 (0x038000ef) x1  0x8000627a
core   0: 0x800062ae (0xfdfff16f) jal     sp, pc - 0x22
core   0: 0 0x800062ae (0xfdfff16f) x2  0x800062b2
core   0: 0x8000628c (0x0000b7fd) c.j     pc - 18
core   0: 0 0x8000628c (0xb7fd)
core   0: 0x8000627a (0x0000a029) c.j     pc + 10
core   0: 0 0x8000627a (0xa029)
core   0: 0x80006284 (0x00002811) c.jal   pc + 20
core   0: 0 0x80006284 (0x2811) x1  0x80006286
core   0: 0x80006298 (0x0000a829) c.j     pc + 26
core   0: 0 0x80006298 (0xa829)
core   0: 0x800062b2 (0x000037ed) c.jal   pc - 22
core   0: 0 0x800062b2 (0x37ed) x1  0x800062b4
core   0: 0x8000629c (0x00003fd9) c.jal   pc - 42
core   0: 0 0x8000629c (0x3fd9) x1  0x8000629e
core   0: 0x80006272 (0x00002091) c.jal   pc + 68
core   0: 0 0x80006272 (0x2091) x1  0x80006274
core   0: 0x800062b6 (0xfbfff0ef) jal     pc - 0x42
core   0: 0 0x800062b6 (0xfbfff0ef) x1  0x800062ba
core   0: 0x80006274 (0x0000a825) c.j     pc + 56
core   0: 0 0x80006274 (0xa825)
core   0: 0x800062ac (0x0000b7d1) c.j     pc - 60
core   0: 0 0x800062ac (0xb7d1)
core   0: 0x80006270 (0x0000281d) c.jal   pc + 54
core   0: 0 0x80006270 (0x281d) x1  0x80006272
core   0: 0x800062a6 (0x00003fe5) c.jal   pc - 8
core   0: 0 0x800062a6 (0x3fe5) x1  0x800062a8
core   0: 0x8000629e (0xfedff9ef) jal     s3, pc - 0x14
core   0: 0 0x8000629e (0xfedff9ef) x19 0x800062a2
core   0: 0x8000628a (0x00002821) c.jal   pc + 24
core   0: 0 0x8000628a (0x2821) x1  0x8000628c
core   0: 0x800062a2 (0x0000b7f5) c.j     pc - 20
core   0: 0 0x800062a2 (0xb7f5)
core   0: 0x8000628e (0x0000bfd5) c.j     pc - 12
core   0: 0 0x8000628e (0xbfd5)
core   0: 0x80006282 (0x0000200d) c.jal   pc + 34
core   0: 0 0x80006282 (0x200d) x1  0x80006284
core   0: 0x800062a4 (0x00002801) c.jal   pc + 16
core   0: 0 0x800062a4 (0x2801) x1  0x800062a6
core   0: 0x800062b4 (0x0000b7e1) c.j     pc - 56
core   0: 0 0x800062b4 (0xb7e1)
core   0: 0x8000627c (0x00c00def) jal     s11, pc + 0xc
core   0: 0 0x8000627c (0x00c00def) x27 0x80006280
core   0: 0x80006288 (0x00002021) c.jal   pc + 8
core   0: 0 0x80006288 (0x2021) x1  0x8000628a
core   0: 0x80006290 (0x01800fef) jal     t6, pc + 0x18
core   0: 0 0x80006290 (0x01800fef) x31 0x80006294
core   0: 0x800062a8 (0xfedff0ef) jal     pc - 0x14
core   0: 0 0x800062a8 (0xfedff0ef) x1  0x800062ac
core   0: 0x80006294 (0x026000ef) jal     pc + 0x26
core   0: 0 0x80006294 (0x026000ef) x1  0x80006298
core   0: 0x800062ba (0x01d25413) srli    s0, tp, 29
core   0: 0 0x800062ba (0x01d25413) x8  0x00000004
core   0: 0x800062be (0x004000ef) jal     pc + 0x4
core   0: 0 0x800062be (0x004000ef) x1  0x800062c2
core   0: 0x800062c2 (0x008000ef) jal     pc + 0x8
core   0: 0 0x800062c2 (0x008000ef) x1  0x800062c6
core   0: 0x800062ca (0x0000bff5) c.j     pc - 4
core   0: 0 0x800062ca (0xbff5)
core   0: 0x800062c6 (0x010000ef) jal     pc + 0x10
core   0: 0 0x800062c6 (0x010000ef) x1  0x800062ca
core   0: 0x800062d6 (0x0000a021) c.j     pc + 8
core   0: 0 0x800062d6 (0xa021)
core   0: 0x800062de (0x00003fdd) c.jal   pc - 10
core   0: 0 0x800062de (0x3fdd) x1  0x800062e0
core   0: 0x800062d4 (0x0000a021) c.j     pc + 8
core   0: 0 0x800062d4 (0xa021)
core   0: 0x800062dc (0x0000bfdd) c.j     pc - 10
core   0: 0 0x800062dc (0xbfdd)
core   0: 0x800062d2 (0x0000a039) c.j     pc + 14
core   0: 0 0x800062d2 (0xa039)
core   0: 0x800062e0 (0x000037fd) c.jal   pc - 18
core   0: 0 0x800062e0 (0x37fd) x1  0x800062e2
core   0: 0x800062ce (0x00a00d6f) jal     s10, pc + 0xa
core   0: 0 0x800062ce (0x00a00d6f) x26 0x800062d2
core   0: 0x800062d8 (0xff5ffa6f) jal     s4, pc - 0xc
core   0: 0 0x800062d8 (0xff5ffa6f) x20 0x800062dc
core   0: 0x800062cc (0x00002819) c.jal   pc + 22
core   0: 0 0x800062cc (0x2819) x1  0x800062ce
core   0: 0x800062e2 (0x00008332) c.mv    t1, a2
core   0: 0 0x800062e2 (0x8332) x6  0x80006118
core   0: 0x800062e4 (0x00a000ef) jal     pc + 0xa
core   0: 0 0x800062e4 (0x00a000ef) x1  0x800062e8
core   0: 0x800062ee (0x0000a811) c.j     pc + 20
core   0: 0 0x800062ee (0xa811)
core   0: 0x80006302 (0x000037ed) c.jal   pc - 22
core   0: 0 0x80006302 (0x37ed) x1  0x80006304
core   0: 0x800062ec (0x0000201d) c.jal   pc + 38
core   0: 0 0x800062ec (0x201d) x1  0x800062ee
core   0: 0x80006312 (0xfffff0ef) jal     pc - 0x2
core   0: 0 0x80006312 (0xfffff0ef) x1  0x80006316
core   0: 0x80006310 (0x0000b7c5) c.j     pc - 32
core   0: 0 0x80006310 (0xb7c5)
core   0: 0x800062f0 (0x00002839) c.jal   pc + 30
core   0: 0 0x800062f0 (0x2839) x1  0x800062f2
core   0: 0x8000630e (0x00003fe9) c.jal   pc - 38
core   0: 0 0x8000630e (0x3fe9) x1  0x80006310
core   0: 0x800062e8 (0x00002831) c.jal   pc + 28
core   0: 0 0x800062e8 (0x2831) x1  0x800062ea
core   0: 0x80006304 (0xff7ff0ef) jal     pc - 0xa
core   0: 0 0x80006304 (0xff7ff0ef) x1  0x80006308
core   0: 0x800062fa (0xff9ff16f) jal     sp, pc - 0x8
core   0: 0 0x800062fa (0xff9ff16f) x2  0x800062fe
core   0: 0x800062f2 (0x01a000ef) jal     pc + 0x1a
core   0: 0 0x800062f2 (0x01a000ef) x1  0x800062f6
core   0: 0x8000630c (0x0000b7ed) c.j     pc - 22
core   0: 0 0x8000630c (0xb7ed)
core   0: 0x800062f6 (0x0200076f) jal     a4, pc + 0x20
core   0: 0 0x800062f6 (0x0200076f) x14 0x800062fa
core   0: 0x80006316 (0x0000bfcd) c.j     pc - 14
core   0: 0 0x80006316 (0xbfcd)
core   0: 0x80006308 (0xff7ff0ef) jal     pc - 0xa
core   0: 0 0x80006308 (0xff7ff0ef) x1  0x8000630c
core   0: 0x800062fe (0xfedff0ef) jal     pc - 0x14
core   0: 0 0x800062fe (0xfedff0ef) x1  0x80006302
core   0: 0x800062ea (0x0000a03d) c.j     pc + 46
core   0: 0 0x800062ea (0xa03d)
core   0: 0x80006318 (0x034b4ab3) div     s5, s6, s4
core   0: 0 0x80006318 (0x034b4ab3) x21 0x00000001
core   0: 0x8000631c (0x00c000ef) jal     pc + 0xc
core   0: 0 0x8000631c (0x00c000ef) x1  0x80006320
core   0: 0x80006328 (0x00002005) c.jal   pc + 32
core   0: 0 0x80006328 (0x2005) x1  0x8000632a
core   0: 0x80006348 (0x0000b7fd) c.j     pc - 18
core   0: 0 0x80006348 (0xb7fd)
core   0: 0x80006336 (0x00c000ef) jal     pc + 0xc
core   0: 0 0x80006336 (0x00c000ef) x1  0x8000633a
core   0: 0x80006342 (0xfe5ff2ef) jal     t0, pc - 0x1c
core   0: 0 0x80006342 (0xfe5ff2ef) x5  0x80006346
core   0: 0x80006326 (0x0000a811) c.j     pc + 20
core   0: 0 0x80006326 (0xa811)
core   0: 0x8000633a (0x00c000ef) jal     pc + 0xc
core   0: 0 0x8000633a (0x00c000ef) x1  0x8000633e
core   0: 0x80006346 (0x0000b7e5) c.j     pc - 24
core   0: 0 0x80006346 (0xb7e5)
core   0: 0x8000632e (0x01c000ef) jal     pc + 0x1c
core   0: 0 0x8000632e (0x01c000ef) x1  0x80006332
core   0: 0x8000634a (0x000037e5) c.jal   pc - 24
core   0: 0 0x8000634a (0x37e5) x1  0x8000634c
core   0: 0x80006332 (0x00002031) c.jal   pc + 12
core   0: 0 0x80006332 (0x2031) x1  0x80006334
core   0: 0x8000633e (0x00003fdd) c.jal   pc - 10
core   0: 0 0x8000633e (0x3fdd) x1  0x80006340
core   0: 0x80006334 (0x0000a821) c.j     pc + 24
core   0: 0 0x80006334 (0xa821)
core   0: 0x8000634c (0x00003ff9) c.jal   pc - 34
core   0: 0 0x8000634c (0x3ff9) x1  0x8000634e
core   0: 0x8000632a (0x024000ef) jal     pc + 0x24
core   0: 0 0x8000632a (0x024000ef) x1  0x8000632e
core   0: 0x8000634e (0x00003fc9) c.jal   pc - 46
core   0: 0 0x8000634e (0x3fc9) x1  0x80006350
core   0: 0x80006320 (0x0000a005) c.j     pc + 32
core   0: 0 0x80006320 (0xa005)
core   0: 0x80006340 (0x0000a801) c.j     pc + 16
core   0: 0 0x80006340 (0xa801)
core   0: 0x80006350 (0x0000bfc9) c.j     pc - 46
core   0: 0 0x80006350 (0xbfc9)
core   0: 0x80006322 (0x0300036f) jal     t1, pc + 0x30
core   0: 0 0x80006322 (0x0300036f) x6  0x80006326
core   0: 0x80006352 (0x0ff0000f) fence   iorw,iorw
core   0: 0 0x80006352 (0x0ff0000f)
core   0: 0x80006356 (0x01fd3eb3) sltu    t4, s10, t6
core   0: 0 0x80006356 (0x01fd3eb3) x29 0x00000000
core   0: 0x8000635a (0x48143993) sltiu   s3, s0, 1153
core   0: 0 0x8000635a (0x48143993) x19 0x00000001
core   0: 0x8000635e (0xcb493293) sltiu   t0, s2, -844
core   0: 0 0x8000635e (0xcb493293) x5  0x00000001
core   0: 0x80006362 (0x0244fc33) remu    s8, s1, tp
core   0: 0 0x80006362 (0x0244fc33) x24 0x80006020
core   0: 0x80006366 (0x01f30663) beq     t1, t6, pc + 12
core   0: 0 0x80006366 (0x01f30663)
core   0: 0x8000636a (0x02c493b3) mulh    t2, s1, a2
core   0: 0 0x8000636a (0x02c493b3) x7  0x3fff9f64
core   0: 0x8000636e (0x02378b63) beq     a5, gp, pc + 54
core   0: 0 0x8000636e (0x02378b63)
core   0: 0x80006372 (0x016e4cb3) xor     s9, t3, s6
core   0: 0 0x80006372 (0x016e4cb3) x25 0x00003fde
core   0: 0x80006376 (0x00097b33) and     s6, s2, zero
core   0: 0 0x80006376 (0x00097b33) x22 0x00000000
core   0: 0x8000637a (0x00d45263) bge     s0, a3, pc + 4
core   0: 0 0x8000637a (0x00d45263)
core   0: 0x8000637e (0x0287f963) bgeu    a5, s0, pc + 50
core   0: 0 0x8000637e (0x0287f963)
core   0: 0x800063b0 (0x3a5e8393) addi    t2, t4, 933
core   0: 0 0x800063b0 (0x3a5e8393) x7  0x000003a5
core   0: 0x800063b4 (0x00008cc5) c.or    s1, s1
core   0: 0 0x800063b4 (0x8cc5) x9  0x80006020
core   0: 0x800063b6 (0x0000e021) c.bnez  s0, pc + 64
core   0: 0 0x800063b6 (0xe021)
core   0: 0x800063f6 (0x006c37b3) sltu    a5, s8, t1
core   0: 0 0x800063f6 (0x006c37b3) x15 0x00000001
core   0: 0x800063fa (0x0000841d) c.srai  s0, 7
core   0: 0 0x800063fa (0x841d) x8  0x00000000
core   0: 0x800063fc (0x00006c2d) c.lui   s8, 0xb
core   0: 0 0x800063fc (0x6c2d) x24 0x0000b000
core   0: 0x800063fe (0x06e5ed13) ori     s10, a1, 110
core   0: 0 0x800063fe (0x06e5ed13) x26 0xf1e8b1ff
core   0: 0x80006402 (0xbf1a4393) xori    t2, s4, -1039
core   0: 0 0x80006402 (0xbf1a4393) x7  0x7fff992d
core   0: 0x80006406 (0x43cec113) xori    sp, t4, 1084
core   0: 0 0x80006406 (0x43cec113) x2  0x0000043c
core   0: 0x8000640a (0x01f4b933) sltu    s2, s1, t6
core   0: 0 0x8000640a (0x01f4b933) x18 0x00000001
core   0: 0x8000640e (0x01909433) sll     s0, ra, s9
core   0: 0 0x8000640e (0x01909433) x8  0x00000000
core   0: 0x80006412 (0x00008651) c.srai  a2, 20
core   0: 0 0x80006412 (0x8651) x12 0xfffff800
core   0: 0x80006414 (0x41d40eb3) sub     t4, s0, t4
core   0: 0 0x80006414 (0x41d40eb3) x29 0x00000000
core   0: 0x80006418 (0x03c0b433) mulhu   s0, ra, t3
core   0: 0 0x80006418 (0x03c0b433) x8  0x400060f3
core   0: 0x8000641c (0x00008fd6) c.mv    t6, s5
core   0: 0 0x8000641c (0x8fd6) x31 0x00000001
core   0: 0x8000641e (0xc407ef13) ori     t5, a5, -960
core   0: 0 0x8000641e (0xc407ef13) x30 0xfffffc41
core   0: 0x80006422 (0x00000e0e) c.slli  t3, 3
core   0: 0 0x80006422 (0x0e0e) x28 0x0002f4b0
core   0: 0x80006424 (0x00008c65) c.and   s0, s1
core   0: 0 0x80006424 (0x8c65) x8  0x00006020
core   0: 0x80006426 (0x00008c51) c.or    s0, a2
core   0: 0 0x80006426 (0x8c51) x8  0xfffff820
core   0: 0x80006428 (0x00008cfd) c.and   s1, a5
core   0: 0 0x80006428 (0x8cfd) x9  0x00000000
core   0: 0x8000642a (0x00001e00) c.addi4spn s0, sp, 816
core   0: 0 0x8000642a (0x1e00) x8  0x0000076c
core   0: 0x8000642c (0x438d7713) andi    a4, s10, 1080
core   0: 0 0x8000642c (0x438d7713) x14 0x00000038
core   0: 0x80006430 (0x01baeeb3) or      t4, s5, s11
core   0: 0 0x80006430 (0x01baeeb3) x29 0x80006281
core   0: 0x80006434 (0x00000001) c.nop
core   0: 0 0x80006434 (0x0001)
core   0: 0x80006436 (0x00009fee) c.add   t6, s11
core   0: 0 0x80006436 (0x9fee) x31 0x80006281
core   0: 0x80006438 (0x0ff0000f) fence   iorw,iorw
core   0: 0 0x80006438 (0x0ff0000f)
core   0: 0x8000643c (0x00c8cf63) blt     a7, a2, pc + 30
core   0: 0 0x8000643c (0x00c8cf63)
core   0: 0x8000645a (0x0000c90d) c.beqz  a0, pc + 50
core   0: 0 0x8000645a (0xc90d)
core   0: 0x8000645c (0x00006135) c.addi16sp sp, 352
core   0: 0 0x8000645c (0x6135) x2  0x0000059c
core   0: 0x8000645e (0x003ea233) slt     tp, t4, gp
core   0: 0 0x8000645e (0x003ea233) x4  0x00000000
core   0: 0x80006462 (0x0000e121) c.bnez  a0, pc + 64
core   0: 0 0x80006462 (0xe121)
core   0: 0x800064a2 (0x00006149) c.addi16sp sp, 144
core   0: 0 0x800064a2 (0x6149) x2  0x0000062c
core   0: 0x800064a4 (0x02e36933) rem     s2, t1, a4
core   0: 0 0x800064a4 (0x02e36933) x18 0xfffffffe
core   0: 0x800064a8 (0x00008f85) c.sub   a5, s1
core   0: 0 0x800064a8 (0x8f85) x15 0x00000001
core   0: 0x800064aa (0x00008a4e) c.mv    s4, s3
core   0: 0 0x800064aa (0x8a4e) x20 0x00000001
core   0: 0x800064ac (0x0ff0000f) fence   iorw,iorw
core   0: 0 0x800064ac (0x0ff0000f)
core   0: 0x800064b0 (0x012139b3) sltu    s3, sp, s2
core   0: 0 0x800064b0 (0x012139b3) x19 0x00000001
core   0: 0x800064b4 (0x88848393) addi    t2, s1, -1912
core   0: 0 0x800064b4 (0x88848393) x7  0xfffff888
core   0: 0x800064b8 (0x016d4e63) blt     s10, s6, pc + 28
core   0: 0 0x800064b8 (0x016d4e63)
core   0: 0x800064d4 (0xf1b7cc13) xori    s8, a5, -229
core   0: 0 0x800064d4 (0xf1b7cc13) x24 0xffffff1a
core   0: 0x800064d8 (0x00009bfd) c.andi  a5, -1
core   0: 0 0x800064d8 (0x9bfd) x15 0x00000001
core   0: 0x800064da (0x031b6463) bltu    s6, a7, pc + 40
core   0: 0 0x800064da (0x031b6463)
core   0: 0x80006502 (0x0280ef63) bltu    ra, s0, pc + 62
core   0: 0 0x80006502 (0x0280ef63)
core   0: 0x80006506 (0x0343bcb3) mulhu   s9, t2, s4
core   0: 0 0x80006506 (0x0343bcb3) x25 0x00000000
core   0: 0x8000650a (0xdbb00893) li      a7, -581
core   0: 0 0x8000650a (0xdbb00893) x17 0xfffffdbb
core   0: 0x8000650e (0x03296d33) rem     s10, s2, s2
core   0: 0 0x8000650e (0x03296d33) x26 0x00000000
core   0: 0x80006512 (0x42ef81b7) lui     gp, 0x42ef8
core   0: 0 0x80006512 (0x42ef81b7) x3  0x42ef8000
core   0: 0x80006516 (0x00000688) c.addi4spn a0, sp, 832
core   0: 0 0x80006516 (0x0688) x10 0x0000096c
core   0: 0x80006518 (0x0048eeb3) or      t4, a7, tp
core   0: 0 0x80006518 (0x0048eeb3) x29 0xfffffdbb
core   0: 0x8000651c (0x00009ce6) c.add   s9, s9
core   0: 0 0x8000651c (0x9ce6) x25 0x00000000
core   0: 0x8000651e (0xd64d2f93) slti    t6, s10, -668
core   0: 0 0x8000651e (0xd64d2f93) x31 0x00000000
core   0: 0x80006522 (0x0000ec89) c.bnez  s1, pc + 26
core   0: 0 0x80006522 (0xec89)
core   0: 0x80006524 (0x818c7e93) andi    t4, s8, -2024
core   0: 0 0x80006524 (0x818c7e93) x29 0xfffff818
core   0: 0x80006528 (0x00008fb9) c.xor   a5, a4
core   0: 0 0x80006528 (0x8fb9) x15 0x00000039
core   0: 0x8000652a (0x000092fe) c.add   t0, t6
core   0: 0 0x8000652a (0x92fe) x5  0x00000001
core   0: 0x8000652c (0x02ce3433) mulhu   s0, t3, a2
core   0: 0 0x8000652c (0x02ce3433) x8  0x0002f4af
core   0: 0x80006530 (0x00548c33) add     s8, s1, t0
core   0: 0 0x80006530 (0x00548c33) x24 0x00000001
core   0: 0x80006534 (0x02984f33) div     t5, a6, s1
core   0: 0 0x80006534 (0x02984f33) x30 0xffffffff
core   0: 0x80006538 (0x00008206) c.mv    tp, ra
core   0: 0 0x80006538 (0x8206) x4  0x80006350
core   0: 0x8000653a (0x00000001) c.nop
core   0: 0 0x8000653a (0x0001)
core   0: 0x8000653c (0x00da1813) slli    a6, s4, 13
core   0: 0 0x8000653c (0x00da1813) x16 0x00002000
core   0: 0x80006540 (0x0ae4fe63) bgeu    s1, a4, pc + 188
core   0: 0 0x80006540 (0x0ae4fe63)
core   0: 0x80006544 (0x01ad4533) xor     a0, s10, s10
core   0: 0 0x80006544 (0x01ad4533) x10 0x00000000
core   0: 0x80006548 (0x00386a63) bltu    a6, gp, pc + 20
core   0: 0 0x80006548 (0x00386a63)
core   0: 0x8000655c (0x0a515c63) bge     sp, t0, pc + 184
core   0: 0 0x8000655c (0x0a515c63)
core   0: 0x80006614 (0x00008659) c.srai  a2, 22
core   0: 0 0x80006614 (0x8659) x12 0xffffffff
core   0: 0x80006616 (0x000088ae) c.mv    a7, a1
core   0: 0 0x80006616 (0x88ae) x17 0xf1e8b1fd
core   0: 0x80006618 (0x000062b1) c.lui   t0, 0xc
core   0: 0 0x80006618 (0x62b1) x5  0x0000c000
core   0: 0x8000661a (0x0ff0000f) fence   iorw,iorw
core   0: 0 0x8000661a (0x0ff0000f)
core   0: 0x8000661e (0x01049563) bne     s1, a6, pc + 10
core   0: 0 0x8000661e (0x01049563)
core   0: 0x80006628 (0xb850f113) andi    sp, ra, -1147
core   0: 0 0x80006628 (0xb850f113) x2  0x80006300
core   0: 0x8000662c (0xf7e6ce93) xori    t4, a3, -130
core   0: 0 0x8000662c (0xf7e6ce93) x29 0x7ffdc39a
core   0: 0x80006630 (0x00001e04) c.addi4spn s1, sp, 816
core   0: 0 0x80006630 (0x1e04) x9  0x80006630
core   0: 0x80006632 (0x016648b3) xor     a7, a2, s6
core   0: 0 0x80006632 (0x016648b3) x17 0xffffffff
core   0: 0x80006636 (0x0000e021) c.bnez  s0, pc + 64
core   0: 0 0x80006636 (0xe021)
core   0: 0x80006676 (0x3485e313) ori     t1, a1, 840
core   0: 0 0x80006676 (0x3485e313) x6  0xf1e8b3fd
core   0: 0x8000667a (0x00311013) slli    zero, sp, 3
core   0: 0 0x8000667a (0x00311013)
core   0: 0x8000667e (0x01962033) slt     zero, a2, s9
core   0: 0 0x8000667e (0x01962033)
core   0: 0x80006682 (0x0000e50d) c.bnez  a0, pc + 42
core   0: 0 0x80006682 (0xe50d)
core   0: 0x80006684 (0x000083ea) c.mv    t2, s10
core   0: 0 0x80006684 (0x83ea) x7  0x00000000
core   0: 0x80006686 (0x014293b3) sll     t2, t0, s4
core   0: 0 0x80006686 (0x014293b3) x7  0x00018000
core   0: 0x8000668a (0x965fc993) xori    s3, t6, -1691
core   0: 0 0x8000668a (0x965fc993) x19 0xfffff965
core   0: 0x8000668e (0x00008cb9) c.xor   s1, a4
core   0: 0 0x8000668e (0x8cb9) x9  0x80006608
core   0: 0x80006690 (0x01dbbc33) sltu    s8, s7, t4
core   0: 0 0x80006690 (0x01dbbc33) x24 0x00000000
core   0: 0x80006694 (0x04d4c263) blt     s1, a3, pc + 68
core   0: 0 0x80006694 (0x04d4c263)
core   0: 0x800066d8 (0x0049ff33) and     t5, s3, tp
core   0: 0 0x800066d8 (0x0049ff33) x30 0x80006140
core   0: 0x800066dc (0x015b57b3) srl     a5, s6, s5
core   0: 0 0x800066dc (0x015b57b3) x15 0x00000000
core   0: 0x800066e0 (0x00b508b3) add     a7, a0, a1
core   0: 0 0x800066e0 (0x00b508b3) x17 0xf1e8b1fd
core   0: 0x800066e4 (0x0000100f) fence.i
core   0: 0 0x800066e4 (0x0000100f)
core   0: 0x800066e8 (0x016029b3) slt     s3, zero, s6
core   0: 0 0x800066e8 (0x016029b3) x19 0x00000000
core   0: 0x800066ec (0x0000cf8d) c.beqz  a5, pc + 58
core   0: 0 0x800066ec (0xcf8d)
core   0: 0x80006726 (0x000a6133) or      sp, s4, zero
core   0: 0 0x80006726 (0x000a6133) x2  0x00000001
core   0: 0x8000672a (0x03f04933) div     s2, zero, t6
core   0: 0 0x8000672a (0x03f04933) x18 0xffffffff
core   0: 0x8000672e (0x49a5bb13) sltiu   s6, a1, 1178
core   0: 0 0x8000672e (0x49a5bb13) x22 0x00000000
core   0: 0x80006732 (0x0000e789) c.bnez  a5, pc + 10
core   0: 0 0x80006732 (0xe789)
core   0: 0x80006734 (0x01998733) add     a4, s3, s9
core   0: 0 0x80006734 (0x01998733) x14 0x00000000
core   0: 0x80006738 (0x02186c33) rem     s8, a6, ra
core   0: 0 0x80006738 (0x02186c33) x24 0x00002000
core   0: 0x8000673c (0x41565133) sra     sp, a2, s5
core   0: 0 0x8000673c (0x41565133) x2  0xffffffff
core   0: 0x80006740 (0x0164f433) and     s0, s1, s6
core   0: 0 0x80006740 (0x0164f433) x8  0x00000000
core   0: 0x80006744 (0x034aaeb3) mulhsu  t4, s5, s4
core   0: 0 0x80006744 (0x034aaeb3) x29 0x00000000
core   0: 0x80006748 (0x018f38b3) sltu    a7, t5, s8
core   0: 0 0x80006748 (0x018f38b3) x17 0x00000000
core   0: 0x8000674c (0x017d4933) xor     s2, s10, s7
core   0: 0 0x8000674c (0x017d4933) x18 0x8001fe58
core   0: 0x80006750 (0x0000717d) c.addi16sp sp, -16
core   0: 0 0x80006750 (0x717d) x2  0xffffffef
core   0: 0x80006752 (0xe3ac2897) auipc   a7, 0xe3ac2
core   0: 0 0x80006752 (0xe3ac2897) x17 0x63ac8752
core   0: 0x80006756 (0x00008ce5) c.and   s1, s1
core   0: 0 0x80006756 (0x8ce5) x9  0x80006608
core   0: 0x80006758 (0x01b8dd93) srli    s11, a7, 27
core   0: 0 0x80006758 (0x01b8dd93) x27 0x0000000c
core   0: 0x8000675c (0x013d8733) add     a4, s11, s3
core   0: 0 0x8000675c (0x013d8733) x14 0x0000000c
core   0: 0x80006760 (0xb4628717) auipc   a4, 0xb4628
core   0: 0 0x80006760 (0xb4628717) x14 0x3462e760
core   0: 0x80006764 (0x00008b6a) c.mv    s6, s10
core   0: 0 0x80006764 (0x8b6a) x22 0x00000000
core   0: 0x80006766 (0x44e58b13) addi    s6, a1, 1102
core   0: 0 0x80006766 (0x44e58b13) x22 0xf1e8b64b
core   0: 0x8000676a (0x419c00b3) sub     ra, s8, s9
core   0: 0 0x8000676a (0x419c00b3) x1  0x00002000
core   0: 0x8000676e (0x0ff0000f) fence   iorw,iorw
core   0: 0 0x8000676e (0x0ff0000f)
core   0: 0x80006772 (0x71cf7713) andi    a4, t5, 1820
core   0: 0 0x80006772 (0x71cf7713) x14 0x00000100
core   0: 0x80006776 (0x0000997d) c.andi  a0, -1
core   0: 0 0x80006776 (0x997d) x10 0x00000000
core   0: 0x80006778 (0x0000100f) fence.i
core   0: 0 0x80006778 (0x0000100f)
core   0: 0x8000677c (0x0000e11d) c.bnez  a0, pc + 38
core   0: 0 0x8000677c (0xe11d)
core   0: 0x8000677e (0x00008cad) c.xor   s1, a1
core   0: 0 0x8000677e (0x8cad) x9  0x71e8d7f5
core   0: 0x80006780 (0xfd336293) ori     t0, t1, -45
core   0: 0 0x80006780 (0xfd336293) x5  0xffffffff
core   0: 0x80006784 (0x0221d163) bge     gp, sp, pc + 34
core   0: 0 0x80006784 (0x0221d163)
core   0: 0x800067a6 (0x01c29813) slli    a6, t0, 28
core   0: 0 0x800067a6 (0x01c29813) x16 0xf0000000
core   0: 0x800067aa (0x024b97b3) mulh    a5, s7, tp
core   0: 0 0x800067aa (0x024b97b3) x15 0x3ffecf2c
core   0: 0x800067ae (0x223d7893) andi    a7, s10, 547
core   0: 0 0x800067ae (0x223d7893) x17 0x00000000
core   0: 0x800067b2 (0x00b7dc13) srli    s8, a5, 11
core   0: 0 0x800067b2 (0x00b7dc13) x24 0x0007ffd9
core   0: 0x800067b6 (0x22360893) addi    a7, a2, 547
core   0: 0 0x800067b6 (0x22360893) x17 0x00000222
core   0: 0x800067ba (0x00000d4e) c.slli  s10, 19
core   0: 0 0x800067ba (0x0d4e) x26 0x00000000
core   0: 0x800067bc (0x00008cc1) c.or    s1, s0
core   0: 0 0x800067bc (0x8cc1) x9  0x71e8d7f5
core   0: 0x800067be (0x1d7fbc93) sltiu   s9, t6, 471
core   0: 0 0x800067be (0x1d7fbc93) x25 0x00000001
core   0: 0x800067c2 (0x019aae33) slt     t3, s5, s9
core   0: 0 0x800067c2 (0x019aae33) x28 0x00000000
core   0: 0x800067c6 (0x8eca8393) addi    t2, s5, -1812
core   0: 0 0x800067c6 (0x8eca8393) x7  0xfffff8ed
core   0: 0x800067ca (0x0000137d) c.addi  t1, -1
core   0: 0 0x800067ca (0x137d) x6  0xf1e8b3fc
core   0: 0x800067cc (0x038ee063) bltu    t4, s8, pc + 32
core   0: 0 0x800067cc (0x038ee063)
core   0: 0x800067ec (0x7cb1f813) andi    a6, gp, 1995
core   0: 0 0x800067ec (0x7cb1f813) x16 0x00000000
core   0: 0x800067f0 (0x005a5093) srli    ra, s4, 5
core   0: 0 0x800067f0 (0x005a5093) x1  0x00000000
core   0: 0x800067f4 (0x00000001) c.nop
core   0: 0 0x800067f4 (0x0001)
core   0: 0x800067f6 (0x0136f9b3) and     s3, a3, s3
core   0: 0 0x800067f6 (0x0136f9b3) x19 0x00000000
core   0: 0x800067fa (0x3b650093) addi    ra, a0, 950
core   0: 0 0x800067fa (0x3b650093) x1  0x000003b6
core   0: 0x800067fe (0x018990b3) sll     ra, s3, s8
core   0: 0 0x800067fe (0x018990b3) x1  0x00000000
core   0: 0x80006802 (0x00008e11) c.sub   a2, a2
core   0: 0 0x80006802 (0x8e11) x12 0x00000000
core   0: 0x80006804 (0x0000875d) c.srai  a4, 23
core   0: 0 0x80006804 (0x875d) x14 0x00000000
core   0: 0x80006806 (0x00000001) c.nop
core   0: 0 0x80006806 (0x0001)
core   0: 0x80006808 (0x00ff3433) sltu    s0, t5, a5
core   0: 0 0x80006808 (0x00ff3433) x8  0x00000000
core   0: 0x8000680c (0x0000080e) c.slli  a6, 3
core   0: 0 0x8000680c (0x080e) x16 0x00000000
core   0: 0x8000680e (0x00008d21) c.xor   a0, s0
core   0: 0 0x8000680e (0x8d21) x10 0x00000000
core   0: 0x80006810 (0x0163f233) and     tp, t2, s6
core   0: 0 0x80006810 (0x0163f233) x4  0xf1e8b049
core   0: 0x80006814 (0x00a25a13) srli    s4, tp, 10
core   0: 0 0x80006814 (0x00a25a13) x20 0x003c7a2c
core   0: 0x80006818 (0x00008279) c.srli  a2, 30
core   0: 0 0x80006818 (0x8279) x12 0x00000000
core   0: 0x8000681a (0x01918f33) add     t5, gp, s9
core   0: 0 0x8000681a (0x01918f33) x30 0x42ef8001
core   0: 0x8000681e (0x00006d3d) c.lui   s10, 0xf
core   0: 0 0x8000681e (0x6d3d) x26 0x0000f000
core   0: 0x80006820 (0x0000100f) fence.i
core   0: 0 0x80006820 (0x0000100f)
core   0: 0x80006824 (0x00008f8d) c.sub   a5, a1
core   0: 0 0x80006824 (0x8f8d) x15 0x4e161d2f
core   0: 0x80006826 (0x000a77b3) and     a5, s4, zero
core   0: 0 0x80006826 (0x000a77b3) x15 0x00000000
core   0: 0x8000682a (0x0227f133) remu    sp, a5, sp
core   0: 0 0x8000682a (0x0227f133) x2  0x00000000
core   0: 0x8000682e (0x01281613) slli    a2, a6, 18
core   0: 0 0x8000682e (0x01281613) x12 0x00000000
core   0: 0x80006832 (0x13b84237) lui     tp, 0x13b84
core   0: 0 0x80006832 (0x13b84237) x4  0x13b84000
core   0: 0x80006836 (0x005ea4b3) slt     s1, t4, t0
core   0: 0 0x80006836 (0x005ea4b3) x9  0x00000000
core   0: 0x8000683a (0x0000887e) c.mv    a6, t6
core   0: 0 0x8000683a (0x887e) x16 0x00000000
core   0: 0x8000683c (0x010fa1b3) slt     gp, t6, a6
core   0: 0 0x8000683c (0x010fa1b3) x3  0x00000000
core   0: 0x80006840 (0x0409fe63) bgeu    s3, zero, pc + 92
core   0: 0 0x80006840 (0x0409fe63)
core   0: 0x8000689c (0x025c8fb3) mul     t6, s9, t0
core   0: 0 0x8000689c (0x025c8fb3) x31 0xffffffff
core   0: 0x800068a0 (0x023eafb3) mulhsu  t6, t4, gp
core   0: 0 0x800068a0 (0x023eafb3) x31 0x00000000
core   0: 0x800068a4 (0x6e118793) addi    a5, gp, 1761
core   0: 0 0x800068a4 (0x6e118793) x15 0x000006e1
core   0: 0x800068a8 (0xa3124a37) lui     s4, 0xa3124
core   0: 0 0x800068a8 (0xa3124a37) x20 0xa3124000
core   0: 0x800068ac (0x0062b833) sltu    a6, t0, t1
core   0: 0 0x800068ac (0x0062b833) x16 0x00000000
core   0: 0x800068b0 (0x03529fb3) mulh    t6, t0, s5
core   0: 0 0x800068b0 (0x03529fb3) x31 0xffffffff
core   0: 0x800068b4 (0x000087a9) c.srai  a5, 10
core   0: 0 0x800068b4 (0x87a9) x15 0x00000001
core   0: 0x800068b6 (0x02f86ab3) rem     s5, a6, a5
core   0: 0 0x800068b6 (0x02f86ab3) x21 0x00000000
core   0: 0x800068ba (0x0000807d) c.srli  s0, 31
core   0: 0 0x800068ba (0x807d) x8  0x00000000
core   0: 0x800068bc (0x02cf7b33) remu    s6, t5, a2
core   0: 0 0x800068bc (0x02cf7b33) x22 0x42ef8001
core   0: 0x800068c0 (0x027d1633) mulh    a2, s10, t2
core   0: 0 0x800068c0 (0x027d1633) x12 0xffffffff
core   0: 0x800068c4 (0x0261f433) remu    s0, gp, t1
core   0: 0 0x800068c4 (0x0261f433) x8  0x00000000
core   0: 0x800068c8 (0x75782c93) slti    s9, a6, 1879
core   0: 0 0x800068c8 (0x75782c93) x25 0x00000001
core   0: 0x800068cc (0x00000001) c.nop
core   0: 0 0x800068cc (0x0001)
core   0: 0x800068ce (0x0298b433) mulhu   s0, a7, s1
core   0: 0 0x800068ce (0x0298b433) x8  0x00000000
core   0: 0x800068d2 (0x95606213) ori     tp, zero, -1706
core   0: 0 0x800068d2 (0x95606213) x4  0xfffff956
core   0: 0x800068d6 (0x2c48a193) slti    gp, a7, 708
core   0: 0 0x800068d6 (0x2c48a193) x3  0x00000001
core   0: 0x800068da (0x0123eb63) bltu    t2, s2, pc + 22
core   0: 0 0x800068da (0x0123eb63)
core   0: 0x800068de (0x0161ec63) bltu    gp, s6, pc + 24
core   0: 0 0x800068de (0x0161ec63)
core   0: 0x800068f6 (0x000098fd) c.andi  s1, -1
core   0: 0 0x800068f6 (0x98fd) x9  0x00000000
core   0: 0x800068f8 (0x018000ef) jal     pc + 0x18
core   0: 0 0x800068f8 (0x018000ef) x1  0x800068fc
core   0: 0x80006910 (0x00003fcd) c.jal   pc - 14
core   0: 0 0x80006910 (0x3fcd) x1  0x80006912
core   0: 0x80006902 (0x00003fed) c.jal   pc - 6
core   0: 0 0x80006902 (0x3fed) x1  0x80006904
core   0: 0x800068fc (0x0000a009) c.j     pc + 2
core   0: 0 0x800068fc (0xa009)
core   0: 0x800068fe (0x014000ef) jal     pc + 0x14
core   0: 0 0x800068fe (0x014000ef) x1  0x80006902
core   0: 0x80006912 (0x00003fed) c.jal   pc - 6
core   0: 0 0x80006912 (0x3fed) x1  0x80006914
core   0: 0x8000690c (0xffdffcef) jal     s9, pc - 0x4
core   0: 0 0x8000690c (0xffdffcef) x25 0x80006910
core   0: 0x80006908 (0x00003ffd) c.jal   pc - 2
core   0: 0 0x80006908 (0x3ffd) x1  0x8000690a
core   0: 0x80006906 (0x00002011) c.jal   pc + 4
core   0: 0 0x80006906 (0x2011) x1  0x80006908
core   0: 0x8000690a (0x00003fed) c.jal   pc - 6
core   0: 0 0x8000690a (0x3fed) x1  0x8000690c
core   0: 0x80006904 (0x00002809) c.jal   pc + 18
core   0: 0 0x80006904 (0x2809) x1  0x80006906
core   0: 0x80006916 (0x00003ffd) c.jal   pc - 2
core   0: 0 0x80006916 (0x3ffd) x1  0x80006918
core   0: 0x80006914 (0x0000a011) c.j     pc + 4
core   0: 0 0x80006914 (0xa011)
core   0: 0x80006918 (0x012b1a93) slli    s5, s6, 18
core   0: 0 0x80006918 (0x012b1a93) x21 0x00040000
core   0: 0x8000691c (0x01321763) bne     tp, s3, pc + 14
core   0: 0 0x8000691c (0x01321763)
core   0: 0x8000692a (0x03775433) divu    s0, a4, s7
core   0: 0 0x8000692a (0x03775433) x8  0x00000000
core   0: 0x8000692e (0x00b19f63) bne     gp, a1, pc + 30
core   0: 0 0x8000692e (0x00b19f63)
core   0: 0x8000694c (0x0147a4b3) slt     s1, a5, s4
core   0: 0 0x8000694c (0x0147a4b3) x9  0x00000000
core   0: 0x80006950 (0x02d048b3) div     a7, zero, a3
core   0: 0 0x80006950 (0x02d048b3) x17 0x00000000
core   0: 0x80006954 (0x03158db3) mul     s11, a1, a7
core   0: 0 0x80006954 (0x03158db3) x27 0x00000000
core   0: 0x80006958 (0x03d7eab3) rem     s5, a5, t4
core   0: 0 0x80006958 (0x03d7eab3) x21 0x00000001
core   0: 0x8000695c (0x00e39c93) slli    s9, t2, 14
core   0: 0 0x8000695c (0x00e39c93) x25 0xfe3b4000
core   0: 0x80006960 (0x02269533) mulh    a0, a3, sp
core   0: 0 0x80006960 (0x02269533) x10 0x00000000
core   0: 0x80006964 (0x01ec5d33) srl     s10, s8, t5
core   0: 0 0x80006964 (0x01ec5d33) x26 0x0003ffec
core   0: 0x80006968 (0xce53b293) sltiu   t0, t2, -795
core   0: 0 0x80006968 (0xce53b293) x5  0x00000001
core   0: 0x8000696c (0x0079f963) bgeu    s3, t2, pc + 18
core   0: 0 0x8000696c (0x0079f963)
core   0: 0x80006970 (0x00945f33) srl     t5, s0, s1
core   0: 0 0x80006970 (0x00945f33) x30 0x00000000
core   0: 0x80006974 (0x40ef0d33) sub     s10, t5, a4
core   0: 0 0x80006974 (0x40ef0d33) x26 0x00000000
core   0: 0x80006978 (0x00006179) c.addi16sp sp, 464
core   0: 0 0x80006978 (0x6179) x2  0x000001d0
core   0: 0x8000697a (0x03c58eb3) mul     t4, a1, t3
core   0: 0 0x8000697a (0x03c58eb3) x29 0x00000000
core   0: 0x8000697e (0x00008c49) c.or    s0, a0
core   0: 0 0x8000697e (0x8c49) x8  0x00000000
core   0: 0x80006980 (0x0000e38d) c.bnez  a5, pc + 34
core   0: 0 0x80006980 (0xe38d)
core   0: 0x800069a2 (0x024221b3) mulhsu  gp, tp, tp
core   0: 0 0x800069a2 (0x024221b3) x3  0xfffff956
core   0: 0x800069a6 (0x41dc04b3) sub     s1, s8, t4
core   0: 0 0x800069a6 (0x41dc04b3) x9  0x0007ffd9
core   0: 0x800069aa (0x02d44963) blt     s0, a3, pc + 50
core   0: 0 0x800069aa (0x02d44963)
core   0: 0x800069ae (0x01782f33) slt     t5, a6, s7
core   0: 0 0x800069ae (0x01782f33) x30 0x00000000
core   0: 0x800069b2 (0x01d39d13) slli    s10, t2, 29
core   0: 0 0x800069b2 (0x01d39d13) x26 0xa0000000
core   0: 0x800069b6 (0xbc9da113) slti    sp, s11, -1079
core   0: 0 0x800069b6 (0xbc9da113) x2  0x00000000
core   0: 0x800069ba (0x00006211) c.lui   tp, 0x4
core   0: 0 0x800069ba (0x6211) x4  0x00004000
core   0: 0x800069bc (0x00001f7d) c.addi  t5, -1
core   0: 0 0x800069bc (0x1f7d) x30 0xffffffff
core   0: 0x800069be (0x03f27963) bgeu    tp, t6, pc + 50
core   0: 0 0x800069be (0x03f27963)
core   0: 0x800069c2 (0x3f7c2493) slti    s1, s8, 1015
core   0: 0 0x800069c2 (0x3f7c2493) x9  0x00000000
core   0: 0x800069c6 (0x0000717d) c.addi16sp sp, -16
core   0: 0 0x800069c6 (0x717d) x2  0xfffffff0
core   0: 0x800069c8 (0x0000852d) c.srai  a0, 11
core   0: 0 0x800069c8 (0x852d) x10 0x00000000
core   0: 0x800069ca (0x00008ad6) c.mv    s5, s5
core   0: 0 0x800069ca (0x8ad6) x21 0x00000001
core   0: 0x800069cc (0x02e38363) beq     t2, a4, pc + 38
core   0: 0 0x800069cc (0x02e38363)
core   0: 0x800069d0 (0x025ef133) remu    sp, t4, t0
core   0: 0 0x800069d0 (0x025ef133) x2  0x00000000
core   0: 0x800069d4 (0x00501413) slli    s0, zero, 5
core   0: 0 0x800069d4 (0x00501413) x8  0x00000000
core   0: 0x800069d8 (0x02417463) bgeu    sp, tp, pc + 40
core   0: 0 0x800069d8 (0x02417463)
core   0: 0x800069dc (0x300f4a17) auipc   s4, 0x300f4
core   0: 0 0x800069dc (0x300f4a17) x20 0xb00fa9dc
core   0: 0x800069e0 (0x03e93333) mulhu   t1, s2, t5
core   0: 0 0x800069e0 (0x03e93333) x6  0x8001fe57
core   0: 0x800069e4 (0x00008975) c.andi  a0, 29
core   0: 0 0x800069e4 (0x8975) x10 0x00000000
core   0: 0x800069e6 (0x41a7df13) srai    t5, a5, 26
core   0: 0 0x800069e6 (0x41a7df13) x30 0x00000000
core   0: 0x800069ea (0x0000ee99) c.bnez  a3, pc + 30
core   0: 0 0x800069ea (0xee99)
core   0: 0x80006a08 (0x00001988) c.addi4spn a0, sp, 240
core   0: 0 0x80006a08 (0x1988) x10 0x000000f0
core   0: 0x80006a0a (0x00009646) c.add   a2, a7
core   0: 0 0x80006a0a (0x9646) x12 0xffffffff
core   0: 0x80006a0c (0x0000930a) c.add   t1, sp
core   0: 0 0x80006a0c (0x930a) x6  0x8001fe57
core   0: 0x80006a0e (0xb8603eb7) lui     t4, 0xb8603
core   0: 0 0x80006a0e (0xb8603eb7) x29 0xb8603000
core   0: 0x80006a12 (0x01d57d33) and     s10, a0, t4
core   0: 0 0x80006a12 (0x01d57d33) x26 0x00000000
core   0: 0x80006a16 (0x03fb0c33) mul     s8, s6, t6
core   0: 0 0x80006a16 (0x03fb0c33) x24 0xbd107fff
core   0: 0x80006a1a (0x0000100f) fence.i
core   0: 0 0x80006a1a (0x0000100f)
core   0: 0x80006a1e (0x0372afb3) mulhsu  t6, t0, s7
core   0: 0 0x80006a1e (0x0372afb3) x31 0x00000000
core   0: 0x80006a22 (0x0000ef21) c.bnez  a4, pc + 88
core   0: 0 0x80006a22 (0xef21)
core   0: 0x80006a24 (0x00008e69) c.and   a2, a0
core   0: 0 0x80006a24 (0x8e69) x12 0x000000f0
core   0: 0x80006a26 (0x024daf33) mulhsu  t5, s11, tp
core   0: 0 0x80006a26 (0x024daf33) x30 0x00000000
core   0: 0x80006a2a (0x0309e733) rem     a4, s3, a6
core   0: 0 0x80006a2a (0x0309e733) x14 0x00000000
core   0: 0x80006a2e (0x00006135) c.addi16sp sp, 352
core   0: 0 0x80006a2e (0x6135) x2  0x00000160
core   0: 0x80006a30 (0x41b8d613) srai    a2, a7, 27
core   0: 0 0x80006a30 (0x41b8d613) x12 0x00000000
core   0: 0x80006a34 (0x0ff0000f) fence   iorw,iorw
core   0: 0 0x80006a34 (0x0ff0000f)
core   0: 0x80006a38 (0x041fc963) blt     t6, ra, pc + 82
core   0: 0 0x80006a38 (0x041fc963)
core   0: 0x80006a3c (0x011b33b3) sltu    t2, s6, a7
core   0: 0 0x80006a3c (0x011b33b3) x7  0x00000000
core   0: 0x80006a40 (0x0ff0000f) fence   iorw,iorw
core   0: 0 0x80006a40 (0x0ff0000f)
core   0: 0x80006a44 (0x006000ef) jal     pc + 0x6
core   0: 0 0x80006a44 (0x006000ef) x1  0x80006a48
core   0: 0x80006a4a (0x00002821) c.jal   pc + 24
core   0: 0 0x80006a4a (0x2821) x1  0x80006a4c
core   0: 0x80006a62 (0x0000a019) c.j     pc + 6
core   0: 0 0x80006a62 (0xa019)
core   0: 0x80006a68 (0x0000b7c5) c.j     pc - 32
core   0: 0 0x80006a68 (0xb7c5)
core   0: 0x80006a48 (0x0000a801) c.j     pc + 16
core   0: 0 0x80006a48 (0xa801)
core   0: 0x80006a58 (0x00003ffd) c.jal   pc - 2
core   0: 0 0x80006a58 (0x3ffd) x1  0x80006a5a
core   0: 0x80006a56 (0x00003fdd) c.jal   pc - 10
core   0: 0 0x80006a56 (0x3fdd) x1  0x80006a58
core   0: 0x80006a4c (0x0000a021) c.j     pc + 8
core   0: 0 0x80006a4c (0xa021)
core   0: 0x80006a54 (0x0000bffd) c.j     pc - 2
core   0: 0 0x80006a54 (0xbffd)
core   0: 0x80006a52 (0x0000a031) c.j     pc + 12
core   0: 0 0x80006a52 (0xa031)
core   0: 0x80006a5e (0x00003fcd) c.jal   pc - 14
core   0: 0 0x80006a5e (0x3fcd) x1  0x80006a60
core   0: 0x80006a50 (0x0000a811) c.j     pc + 20
core   0: 0 0x80006a50 (0xa811)
core   0: 0x80006a64 (0x008008ef) jal     a7, pc + 0x8
core   0: 0 0x80006a64 (0x008008ef) x17 0x80006a68
core   0: 0x80006a6c (0xffffff6f) jal     t5, pc - 0x2
core   0: 0 0x80006a6c (0xffffff6f) x30 0x80006a70
core   0: 0x80006a6a (0x0000a019) c.j     pc + 6
core   0: 0 0x80006a6a (0xa019)
core   0: 0x80006a70 (0x0000b7f5) c.j     pc - 20
core   0: 0 0x80006a70 (0xb7f5)
core   0: 0x80006a5c (0x0000a011) c.j     pc + 4
core   0: 0 0x80006a5c (0xa011)
core   0: 0x80006a60 (0x0000bfed) c.j     pc - 6
core   0: 0 0x80006a60 (0xbfed)
core   0: 0x80006a5a (0x00002821) c.jal   pc + 24
core   0: 0 0x80006a5a (0x2821) x1  0x80006a5c
core   0: 0x80006a72 (0x0000bff1) c.j     pc - 36
core   0: 0 0x80006a72 (0xbff1)
core   0: 0x80006a4e (0x0000a01d) c.j     pc + 38
core   0: 0 0x80006a4e (0xa01d)
core   0: 0x80006a74 (0x00000001) c.nop
core   0: 0 0x80006a74 (0x0001)
core   0: 0x80006a76 (0x01175e63) bge     a4, a7, pc + 28
core   0: 0 0x80006a76 (0x01175e63)
core   0: 0x80006a92 (0x000063f5) c.lui   t2, 0x1d
core   0: 0 0x80006a92 (0x63f5) x7  0x0001d000
core   0: 0x80006a94 (0x4199d633) sra     a2, s3, s9
core   0: 0 0x80006a94 (0x4199d633) x12 0x00000000
core   0: 0x80006a98 (0x00000688) c.addi4spn a0, sp, 832
core   0: 0 0x80006a98 (0x0688) x10 0x000004a0
core   0: 0x80006a9a (0x0197e1b3) or      gp, a5, s9
core   0: 0 0x80006a9a (0x0197e1b3) x3  0xfe3b4001
core   0: 0x80006a9e (0x00008812) c.mv    a6, tp
core   0: 0 0x80006a9e (0x8812) x16 0x00004000
core   0: 0x80006aa0 (0x00005d7d) c.li    s10, -1
core   0: 0 0x80006aa0 (0x5d7d) x26 0xffffffff
core   0: 0x80006aa2 (0x00004f45) c.li    t5, 17
core   0: 0 0x80006aa2 (0x4f45) x30 0x00000011
core   0: 0x80006aa4 (0x02354863) blt     a0, gp, pc + 48
core   0: 0 0x80006aa4 (0x02354863)
core   0: 0x80006aa8 (0x41b50833) sub     a6, a0, s11
core   0: 0 0x80006aa8 (0x41b50833) x16 0x000004a0
core   0: 0x80006aac (0x00008cb5) c.xor   s1, a3
core   0: 0 0x80006aac (0x8cb5) x9  0x80023ce4
core   0: 0x80006aae (0x00000001) c.nop
core   0: 0 0x80006aae (0x0001)
core   0: 0x80006ab0 (0x000097ea) c.add   a5, s10
core   0: 0 0x80006ab0 (0x97ea) x15 0x00000000
core   0: 0x80006ab2 (0x02cb63b3) rem     t2, s6, a2
core   0: 0 0x80006ab2 (0x02cb63b3) x7  0x42ef8001
core   0: 0x80006ab6 (0x0000e019) c.bnez  s0, pc + 6
core   0: 0 0x80006ab6 (0xe019)
core   0: 0x80006ab8 (0x00008261) c.srli  a2, 24
core   0: 0 0x80006ab8 (0x8261) x12 0x00000000
core   0: 0x80006aba (0x00008c69) c.and   s0, a0
core   0: 0 0x80006aba (0x8c69) x8  0x00000000
core   0: 0x80006abc (0x0ff0000f) fence   iorw,iorw
core   0: 0 0x80006abc (0x0ff0000f)
core   0: 0x80006ac0 (0x03aa0e33) mul     t3, s4, s10
core   0: 0 0x80006ac0 (0x03aa0e33) x28 0x4ff05624
core   0: 0x80006ac4 (0x016232b3) sltu    t0, tp, s6
core   0: 0 0x80006ac4 (0x016232b3) x5  0x00000001
core   0: 0x80006ac8 (0x02682933) mulhsu  s2, a6, t1
core   0: 0 0x80006ac8 (0x02682933) x18 0x00000250
core   0: 0x80006acc (0xc0dea493) slti    s1, t4, -1011
core   0: 0 0x80006acc (0xc0dea493) x9  0x00000001
core   0: 0x80006ad0 (0xa4906937) lui     s2, 0xa4906
core   0: 0 0x80006ad0 (0xa4906937) x18 0xa4906000
core   0: 0x80006ad4 (0x018993b3) sll     t2, s3, s8
core   0: 0 0x80006ad4 (0x018993b3) x7  0x00000000
core   0: 0x80006ad8 (0x00032633) slt     a2, t1, zero
core   0: 0 0x80006ad8 (0x00032633) x12 0x00000001
core   0: 0x80006adc (0x41145733) sra     a4, s0, a7
core   0: 0 0x80006adc (0x41145733) x14 0x00000000
core   0: 0x80006ae0 (0x015e7ab3) and     s5, t3, s5
core   0: 0 0x80006ae0 (0x015e7ab3) x21 0x00000000
core   0: 0x80006ae4 (0x00000f75) c.addi  t5, 29
core   0: 0 0x80006ae4 (0x0f75) x30 0x0000002e
core   0: 0x80006ae6 (0x00e55933) srl     s2, a0, a4
core   0: 0 0x80006ae6 (0x00e55933) x18 0x000004a0
core   0: 0x80006aea (0x01234b33) xor     s6, t1, s2
core   0: 0 0x80006aea (0x01234b33) x22 0x8001faf7
core   0: 0x80006aee (0x00008cfd) c.and   s1, a5
core   0: 0 0x80006aee (0x8cfd) x9  0x00000000
core   0: 0x80006af0 (0x00008e7d) c.and   a2, a5
core   0: 0 0x80006af0 (0x8e7d) x12 0x00000000
core   0: 0x80006af2 (0x000007f6) c.slli  a5, 29
core   0: 0 0x80006af2 (0x07f6) x15 0x00000000
core   0: 0x80006af4 (0x000003aa) c.slli  t2, 10
core   0: 0 0x80006af4 (0x03aa) x7  0x00000000
core   0: 0x80006af6 (0x03d35963) bge     t1, t4, pc + 50
core   0: 0 0x80006af6 (0x03d35963)
core   0: 0x80006afa (0x00911633) sll     a2, sp, s1
core   0: 0 0x80006afa (0x00911633) x12 0x00000160
core   0: 0x80006afe (0x04529263) bne     t0, t0, pc + 68
core   0: 0 0x80006afe (0x04529263)
core   0: 0x80006b02 (0x00001afd) c.addi  s5, -1
core   0: 0 0x80006b02 (0x1afd) x21 0xffffffff
core   0: 0x80006b04 (0x006a7663) bgeu    s4, t1, pc + 12
core   0: 0 0x80006b04 (0x006a7663)
core   0: 0x80006b10 (0x01ab2733) slt     a4, s6, s10
core   0: 0 0x80006b10 (0x01ab2733) x14 0x00000001
core   0: 0x80006b14 (0x00047763) bgeu    s0, zero, pc + 14
core   0: 0 0x80006b14 (0x00047763)
core   0: 0x80006b22 (0x01cd9e33) sll     t3, s11, t3
core   0: 0 0x80006b22 (0x01cd9e33) x28 0x00000000
core   0: 0x80006b26 (0x0000987d) c.andi  s0, -1
core   0: 0 0x80006b26 (0x987d) x8  0x00000000
core   0: 0x80006b28 (0xf0514213) xori    tp, sp, -251
core   0: 0 0x80006b28 (0xf0514213) x4  0xfffffe65
core   0: 0x80006b2c (0x00207fb3) and     t6, zero, sp
core   0: 0 0x80006b2c (0x00207fb3) x31 0x00000000
core   0: 0x80006b30 (0x00009c86) c.add   s9, ra
core   0: 0 0x80006b30 (0x9c86) x25 0x7e3baa5c
core   0: 0x80006b32 (0x407f82b3) sub     t0, t6, t2
core   0: 0 0x80006b32 (0x407f82b3) x5  0x00000000
core   0: 0x80006b36 (0x000001b1) c.addi  gp, 12
core   0: 0 0x80006b36 (0x01b1) x3  0xfe3b400d
core   0: 0x80006b38 (0x00791d33) sll     s10, s2, t2
core   0: 0 0x80006b38 (0x00791d33) x26 0x000004a0
core   0: 0x80006b3c (0x028c6033) rem     zero, s8, s0
core   0: 0 0x80006b3c (0x028c6033)
core   0: 0x80006b40 (0x00000001) c.nop
core   0: 0 0x80006b40 (0x0001)
core   0: 0x80006b42 (0x01769533) sll     a0, a3, s7
core   0: 0 0x80006b42 (0x01769533) x10 0xe4000000
core   0: 0x80006b46 (0x00008d41) c.or    a0, s0
core   0: 0 0x80006b46 (0x8d41) x10 0xe4000000
core   0: 0x80006b48 (0x00008b6d) c.andi  a4, 27
core   0: 0 0x80006b48 (0x8b6d) x14 0x00000001
core   0: 0x80006b4a (0x0183d563) bge     t2, s8, pc + 10
core   0: 0 0x80006b4a (0x0183d563)
core   0: 0x80006b54 (0x0000100f) fence.i
core   0: 0 0x80006b54 (0x0000100f)
core   0: 0x80006b58 (0x03782433) mulhsu  s0, a6, s7
core   0: 0 0x80006b58 (0x03782433) x8  0x00000250
core   0: 0x80006b5c (0x3cf2b113) sltiu   sp, t0, 975
core   0: 0 0x80006b5c (0x3cf2b113) x2  0x00000001
core   0: 0x80006b60 (0x051e5063) bge     t3, a7, pc + 64
core   0: 0 0x80006b60 (0x051e5063)
core   0: 0x80006ba0 (0x6c4a0e13) addi    t3, s4, 1732
core   0: 0 0x80006ba0 (0x6c4a0e13) x28 0xb00fb0a0
core   0: 0x80006ba4 (0x015e0433) add     s0, t3, s5
core   0: 0 0x80006ba4 (0x015e0433) x8  0xb00fb09f
core   0: 0x80006ba8 (0x00a35933) srl     s2, t1, a0
core   0: 0 0x80006ba8 (0x00a35933) x18 0x8001fe57
core   0: 0x80006bac (0x0000c005) c.beqz  s0, pc + 32
core   0: 0 0x80006bac (0xc005)
core   0: 0x80006bae (0x9e514793) xori    a5, sp, -1563
core   0: 0 0x80006bae (0x9e514793) x15 0xfffff9e4
core   0: 0x80006bb2 (0x028ce9b3) rem     s3, s9, s0
core   0: 0 0x80006bb2 (0x028ce9b3) x19 0x2e4b5afb
core   0: 0x80006bb6 (0x0266dc33) divu    s8, a3, t1
core   0: 0 0x80006bb6 (0x0266dc33) x24 0x00000001
core   0: 0x80006bba (0x00008f81) c.sub   a5, s0
core   0: 0 0x80006bba (0x8f81) x15 0x4ff04945
core   0: 0x80006bbc (0x0ff0000f) fence   iorw,iorw
core   0: 0 0x80006bbc (0x0ff0000f)
core   0: 0x80006bc0 (0x03d53ab3) mulhu   s5, a0, t4
core   0: 0 0x80006bc0 (0x03d53ab3) x21 0xa435aac0
core   0: 0x80006bc4 (0x0ff0000f) fence   iorw,iorw
core   0: 0 0x80006bc4 (0x0ff0000f)
core   0: 0x80006bc8 (0x00d0cd33) xor     s10, ra, a3
core   0: 0 0x80006bc8 (0x00d0cd33) x26 0x000256b8
core   0: 0x80006bcc (0x41115b13) srai    s6, sp, 17
core   0: 0 0x80006bcc (0x41115b13) x22 0x00000000
core   0: 0x80006bd0 (0x0000100f) fence.i
core   0: 0 0x80006bd0 (0x0000100f)
core   0: 0x80006bd4 (0x00008d51) c.or    a0, a2
core   0: 0 0x80006bd4 (0x8d51) x10 0xe4000160
core   0: 0x80006bd6 (0x000014fd) c.addi  s1, -1
core   0: 0 0x80006bd6 (0x14fd) x9  0xffffffff
core   0: 0x80006bd8 (0x01925993) srli    s3, tp, 25
core   0: 0 0x80006bd8 (0x01925993) x19 0x0000007f
core   0: 0x80006bdc (0x413987b3) sub     a5, s3, s3
core   0: 0 0x80006bdc (0x413987b3) x15 0x00000000
core   0: 0x80006be0 (0x40c3deb3) sra     t4, t2, a2
core   0: 0 0x80006be0 (0x40c3deb3) x29 0x00000000
core   0: 0x80006be4 (0xdace2513) slti    a0, t3, -596
core   0: 0 0x80006be4 (0xdace2513) x10 0x00000001
core   0: 0x80006be8 (0x00009a7d) c.andi  a2, -1
core   0: 0 0x80006be8 (0x9a7d) x12 0x00000160
core   0: 0x80006bea (0x01a8df63) bge     a7, s10, pc + 30
core   0: 0 0x80006bea (0x01a8df63)
core   0: 0x80006bee (0xa375a817) auipc   a6, 0xa375a
core   0: 0 0x80006bee (0xa375a817) x16 0x23760bee
core   0: 0x80006bf2 (0x0000014e) c.slli  sp, 19
core   0: 0 0x80006bf2 (0x014e) x2  0x00080000
core   0: 0x80006bf4 (0x00008f65) c.and   a4, s1
core   0: 0 0x80006bf4 (0x8f65) x14 0x00000001
core   0: 0x80006bf6 (0x035249b3) div     s3, tp, s5
core   0: 0 0x80006bf6 (0x035249b3) x19 0x00000000
core   0: 0x80006bfa (0x006dda13) srli    s4, s11, 6
core   0: 0 0x80006bfa (0x006dda13) x20 0x00000000
core   0: 0x80006bfe (0x0000147d) c.addi  s0, -1
core   0: 0 0x80006bfe (0x147d) x8  0xb00fb09e
core   0: 0x80006c00 (0x400cdd93) srai    s11, s9, 0
core   0: 0 0x80006c00 (0x400cdd93) x27 0x7e3baa5c
core   0: 0x80006c04 (0x01382533) slt     a0, a6, s3
core   0: 0 0x80006c04 (0x01382533) x10 0x00000000
core   0: 0x80006c08 (0x03f77463) bgeu    a4, t6, pc + 40
core   0: 0 0x80006c08 (0x03f77463)
core   0: 0x80006c30 (0x00a09c93) slli    s9, ra, 10
core   0: 0 0x80006c30 (0x00a09c93) x25 0x01a97000
core   0: 0x80006c34 (0x1cf3ae93) slti    t4, t2, 463
core   0: 0 0x80006c34 (0x1cf3ae93) x29 0x00000001
core   0: 0x80006c38 (0x0177d463) bge     a5, s7, pc + 8
core   0: 0 0x80006c38 (0x0177d463)
core   0: 0x80006c40 (0x00006855) c.lui   a6, 0x15
core   0: 0 0x80006c40 (0x6855) x16 0x00015000
core   0: 0x80006c42 (0x003edc13) srli    s8, t4, 3
core   0: 0 0x80006c42 (0x003edc13) x24 0x00000000
core   0: 0x80006c46 (0x0000814a) c.mv    sp, s2
core   0: 0 0x80006c46 (0x814a) x2  0x8001fe57
core   0: 0x80006c48 (0x00000ac2) c.slli  s5, 16
core   0: 0 0x80006c48 (0x0ac2) x21 0xaac00000
core   0: 0x80006c4a (0x0083e0b3) or      ra, t2, s0
core   0: 0 0x80006c4a (0x0083e0b3) x1  0xb00fb09e
core   0: 0x80006c4e (0x008f04b3) add     s1, t5, s0
core   0: 0 0x80006c4e (0x008f04b3) x9  0xb00fb0cc
core   0: 0x80006c52 (0x6d427c97) auipc   s9, 0x6d427
core   0: 0 0x80006c52 (0x6d427c97) x25 0xed42dc52
core   0: 0x80006c56 (0x013e10b3) sll     ra, t3, s3
core   0: 0 0x80006c56 (0x013e10b3) x1  0xb00fb0a0
core   0: 0x80006c5a (0x0408d863) bgez    a7, pc + 80
core   0: 0 0x80006c5a (0x0408d863)
core   0: 0x80006c5e (0x00001e7d) c.addi  t3, -1
core   0: 0 0x80006c5e (0x1e7d) x28 0xb00fb09f
core   0: 0x80006c60 (0x02a000ef) jal     pc + 0x2a
core   0: 0 0x80006c60 (0x02a000ef) x1  0x80006c64
core   0: 0x80006c8a (0x00003fe9) c.jal   pc - 38
core   0: 0 0x80006c8a (0x3fe9) x1  0x80006c8c
core   0: 0x80006c64 (0x0000200d) c.jal   pc + 34
core   0: 0 0x80006c64 (0x200d) x1  0x80006c66
core   0: 0x80006c86 (0x0000bfd5) c.j     pc - 12
core   0: 0 0x80006c86 (0xbfd5)
core   0: 0x80006c7a (0x006000ef) jal     pc + 0x6
core   0: 0 0x80006c7a (0x006000ef) x1  0x80006c7e
core   0: 0x80006c80 (0x00c0036f) jal     t1, pc + 0xc
core   0: 0 0x80006c80 (0x00c0036f) x6  0x80006c84
core   0: 0x80006c8c (0x00003fcd) c.jal   pc - 14
core   0: 0 0x80006c8c (0x3fcd) x1  0x80006c8e
core   0: 0x80006c7e (0x000037f5) c.jal   pc - 20
core   0: 0 0x80006c7e (0x37f5) x1  0x80006c80
core   0: 0x80006c6a (0x008000ef) jal     pc + 0x8
core   0: 0 0x80006c6a (0x008000ef) x1  0x80006c6e
core   0: 0x80006c72 (0xff5ff8ef) jal     a7, pc - 0xc
core   0: 0 0x80006c72 (0xff5ff8ef) x17 0x80006c76
core   0: 0x80006c66 (0x01e000ef) jal     pc + 0x1e
core   0: 0 0x80006c66 (0x01e000ef) x1  0x80006c6a
core   0: 0x80006c84 (0x0000a011) c.j     pc + 4
core   0: 0 0x80006c84 (0xa011)
core   0: 0x80006c88 (0x0000b7dd) c.j     pc - 26
core   0: 0 0x80006c88 (0xb7dd)
core   0: 0x80006c6e (0x0080036f) jal     t1, pc + 0x8
core   0: 0 0x80006c6e (0x0080036f) x6  0x80006c72
core   0: 0x80006c76 (0x018001ef) jal     gp, pc + 0x18
core   0: 0 0x80006c76 (0x018001ef) x3  0x80006c7a
core   0: 0x80006c8e (0x00008c41) c.or    s0, s0
core   0: 0 0x80006c8e (0x8c41) x8  0xb00fb09e
core   0: 0x80006c90 (0x00000001) c.nop
core   0: 0 0x80006c90 (0x0001)
core   0: 0x80006c92 (0x0000ec1d) c.bnez  s0, pc + 62
core   0: 0 0x80006c92 (0xec1d)
core   0: 0x80006cd0 (0x0000137d) c.addi  t1, -1
core   0: 0 0x80006cd0 (0x137d) x6  0x80006c71
core   0: 0x80006cd2 (0x0000100f) fence.i
core   0: 0 0x80006cd2 (0x0000100f)
core   0: 0x80006cd6 (0x00008d61) c.and   a0, s0
core   0: 0 0x80006cd6 (0x8d61) x10 0x00000000
core   0: 0x80006cd8 (0x0051d213) srli    tp, gp, 5
core   0: 0 0x80006cd8 (0x0051d213) x4  0x04000363
core   0: 0x80006cdc (0x0000717d) c.addi16sp sp, -16
core   0: 0 0x80006cdc (0x717d) x2  0x8001fe47
core   0: 0x80006cde (0x01693633) sltu    a2, s2, s6
core   0: 0 0x80006cde (0x01693633) x12 0x00000000
core   0: 0x80006ce2 (0x00b54133) xor     sp, a0, a1
core   0: 0 0x80006ce2 (0x00b54133) x2  0xf1e8b1fd
core   0: 0x80006ce6 (0x00008cc5) c.or    s1, s1
core   0: 0 0x80006ce6 (0x8cc5) x9  0xb00fb0cc
core   0: 0x80006ce8 (0x00242733) slt     a4, s0, sp
core   0: 0 0x80006ce8 (0x00242733) x14 0x00000001
core   0: 0x80006cec (0x0348c8b3) div     a7, a7, s4
core   0: 0 0x80006cec (0x0348c8b3) x17 0xffffffff
core   0: 0x80006cf0 (0xea896493) ori     s1, s2, -344
core   0: 0 0x80006cf0 (0xea896493) x9  0xfffffeff
core   0: 0x80006cf4 (0x412e5493) srai    s1, t3, 18
core   0: 0 0x80006cf4 (0x412e5493) x9  0xffffec03
core   0: 0x80006cf8 (0x0000ce19) c.beqz  a2, pc + 30
core   0: 0 0x80006cf8 (0xce19)
core   0: 0x80006d16 (0x0000c801) c.beqz  s0, pc + 16
core   0: 0 0x80006d16 (0xc801)
core   0: 0x80006d18 (0x1e126297) auipc   t0, 0x1e126
core   0: 0 0x80006d18 (0x1e126297) x5  0x9e12cd18
core   0: 0x80006d1c (0x03442b33) mulhsu  s6, s0, s4
core   0: 0 0x80006d1c (0x03442b33) x22 0x00000000
core   0: 0x80006d20 (0x0000c485) c.beqz  s1, pc + 40
core   0: 0 0x80006d20 (0xc485)
core   0: 0x80006d22 (0x0ff0000f) fence   iorw,iorw
core   0: 0 0x80006d22 (0x0ff0000f)
core   0: 0x80006d26 (0x03ef4d63) blt     t5, t5, pc + 58
core   0: 0 0x80006d26 (0x03ef4d63)
core   0: 0x80006d2a (0x0149e563) bltu    s3, s4, pc + 10
core   0: 0 0x80006d2a (0x0149e563)
core   0: 0x80006d2e (0x03488f33) mul     t5, a7, s4
core   0: 0 0x80006d2e (0x03488f33) x30 0x00000000
core   0: 0x80006d32 (0x00001410) c.addi4spn a2, sp, 544
core   0: 0 0x80006d32 (0x1410) x12 0xf1e8b41d
core   0: 0x80006d34 (0x00008d5d) c.or    a0, a5
core   0: 0 0x80006d34 (0x8d5d) x10 0x00000000
core   0: 0x80006d36 (0x007bfd33) and     s10, s7, t2
core   0: 0 0x80006d36 (0x007bfd33) x26 0x00000000
core   0: 0x80006d3a (0x00a73333) sltu    t1, a4, a0
core   0: 0 0x80006d3a (0x00a73333) x6  0x00000000
core   0: 0x80006d3e (0x4da3c393) xori    t2, t2, 1242
core   0: 0 0x80006d3e (0x4da3c393) x7  0x000004da
core   0: 0x80006d42 (0x418ade33) sra     t3, s5, s8
core   0: 0 0x80006d42 (0x418ade33) x28 0xaac00000
core   0: 0x80006d46 (0x00000a00) c.addi4spn s0, sp, 272
core   0: 0 0x80006d46 (0x0a00) x8  0xf1e8b30d
core   0: 0x80006d48 (0x0ff0000f) fence   iorw,iorw
core   0: 0 0x80006d48 (0x0ff0000f)
core   0: 0x80006d4c (0x0154e4b3) or      s1, s1, s5
core   0: 0 0x80006d4c (0x0154e4b3) x9  0xffffec03
core   0: 0x80006d50 (0x005b9713) slli    a4, s7, 5
core   0: 0 0x80006d50 (0x005b9713) x14 0x003fcb00
core   0: 0x80006d54 (0x00b63c33) sltu    s8, a2, a1
core   0: 0 0x80006d54 (0x00b63c33) x24 0x00000000
core   0: 0x80006d58 (0x02221a33) mulh    s4, tp, sp
core   0: 0 0x80006d58 (0x02221a33) x20 0xffc7a298
core   0: 0x80006d5c (0x01369eb3) sll     t4, a3, s3
core   0: 0 0x80006d5c (0x01369eb3) x29 0x80023ce4
core   0: 0x80006d60 (0x0000c495) c.beqz  s1, pc + 44
core   0: 0 0x80006d60 (0xc495)
core   0: 0x80006d62 (0x0000100f) fence.i
core   0: 0 0x80006d62 (0x0000100f)
core   0: 0x80006d66 (0x00001f08) c.addi4spn a0, sp, 944
core   0: 0 0x80006d66 (0x1f08) x10 0xf1e8b5ad
core   0: 0x80006d68 (0x000084e5) c.srai  s1, 25
core   0: 0 0x80006d68 (0x84e5) x9  0xffffffff
core   0: 0x80006d6a (0x000083b9) c.srli  a5, 14
core   0: 0 0x80006d6a (0x83b9) x15 0x00000000
core   0: 0x80006d6c (0x05c59063) bne     a1, t3, pc + 64
core   0: 0 0x80006d6c (0x05c59063)
core   0: 0x80006dac (0x00000806) c.slli  a6, 1
core   0: 0 0x80006dac (0x0806) x16 0x0002a000
core   0: 0x80006dae (0x02cac333) div     t1, s5, a2
core   0: 0 0x80006dae (0x02cac333) x6  0x00000006
core   0: 0x80006db2 (0x00008ed6) c.mv    t4, s5
core   0: 0 0x80006db2 (0x8ed6) x29 0xaac00000
core   0: 0x80006db4 (0x0000717d) c.addi16sp sp, -16
core   0: 0 0x80006db4 (0x717d) x2  0xf1e8b1ed
core   0: 0x80006db6 (0x02cfa3b3) mulhsu  t2, t6, a2
core   0: 0 0x80006db6 (0x02cfa3b3) x7  0x00000000
core   0: 0x80006dba (0x1b58f793) andi    a5, a7, 437
core   0: 0 0x80006dba (0x1b58f793) x15 0x000001b5
core   0: 0x80006dbe (0x03944733) div     a4, s0, s9
core   0: 0 0x80006dbe (0x03944733) x14 0x00000000
core   0: 0x80006dc2 (0x02983eb3) mulhu   t4, a6, s1
core   0: 0 0x80006dc2 (0x02983eb3) x29 0x00029fff
core   0: 0x80006dc6 (0x9b350a93) addi    s5, a0, -1613
core   0: 0 0x80006dc6 (0x9b350a93) x21 0xf1e8af60
core   0: 0x80006dca (0x00006a85) c.lui   s5, 0x1
core   0: 0 0x80006dca (0x6a85) x21 0x00001000
core   0: 0x80006dcc (0x00009e46) c.add   t3, a7
core   0: 0 0x80006dcc (0x9e46) x28 0xaabfffff
core   0: 0x80006dce (0x00008fa9) c.xor   a5, a0
core   0: 0 0x80006dce (0x8fa9) x15 0xf1e8b418
core   0: 0x80006dd0 (0x007cf0b3) and     ra, s9, t2
core   0: 0 0x80006dd0 (0x007cf0b3) x1  0x00000000
core   0: 0x80006dd4 (0x0000860a) c.mv    a2, sp
core   0: 0 0x80006dd4 (0x860a) x12 0xf1e8b1ed
core   0: 0x80006dd6 (0x01288663) beq     a7, s2, pc + 12
core   0: 0 0x80006dd6 (0x01288663)
core   0: 0x80006dda (0xc405fa93) andi    s5, a1, -960
core   0: 0 0x80006dda (0xc405fa93) x21 0xf1e8b040
core   0: 0x80006dde (0x023ddeb3) divu    t4, s11, gp
core   0: 0 0x80006dde (0x023ddeb3) x29 0x00000000
core   0: 0x80006de2 (0x03030333) mul     t1, t1, a6
core   0: 0 0x80006de2 (0x03030333) x6  0x000fc000
core   0: 0x80006de6 (0x0145df93) srli    t6, a1, 20
core   0: 0 0x80006de6 (0x0145df93) x31 0x00000f1e
core   0: 0x80006dea (0x41b70833) sub     a6, a4, s11
core   0: 0 0x80006dea (0x41b70833) x16 0x81c455a4
core   0: 0x80006dee (0x0239a2b3) mulhsu  t0, s3, gp
core   0: 0 0x80006dee (0x0239a2b3) x5  0x00000000
core   0: 0x80006df2 (0x00008cb1) c.xor   s1, a2
core   0: 0 0x80006df2 (0x8cb1) x9  0x0e174e12
core   0: 0x80006df4 (0x0000e085) c.bnez  s1, pc + 32
core   0: 0 0x80006df4 (0xe085)
core   0: 0x80006e14 (0x0509f063) bgeu    s3, a6, pc + 64
core   0: 0 0x80006e14 (0x0509f063)
core   0: 0x80006e18 (0x000001ca) c.slli  gp, 18
core   0: 0 0x80006e18 (0x01ca) x3  0xb1e80000
core   0: 0x80006e1a (0x40e30ab3) sub     s5, t1, a4
core   0: 0 0x80006e1a (0x40e30ab3) x21 0x000fc000
core   0: 0x80006e1e (0x028f4363) blt     t5, s0, pc + 38
core   0: 0 0x80006e1e (0x028f4363)
core   0: 0x80006e22 (0x00a69f63) bne     a3, a0, pc + 30
core   0: 0 0x80006e22 (0x00a69f63)
core   0: 0x80006e40 (0xa91d8893) addi    a7, s11, -1391
core   0: 0 0x80006e40 (0xa91d8893) x17 0x7e3ba4ed
core   0: 0x80006e44 (0x01b0dc33) srl     s8, ra, s11
core   0: 0 0x80006e44 (0x01b0dc33) x24 0x00000000
core   0: 0x80006e48 (0x00004451) c.li    s0, 20
core   0: 0 0x80006e48 (0x4451) x8  0x00000014
core   0: 0x80006e4a (0x00008939) c.andi  a0, 14
core   0: 0 0x80006e4a (0x8939) x10 0x0000000c
core   0: 0x80006e4c (0x01745813) srli    a6, s0, 23
core   0: 0 0x80006e4c (0x01745813) x16 0x00000000
core   0: 0x80006e50 (0x00356633) or      a2, a0, gp
core   0: 0 0x80006e50 (0x00356633) x12 0xb1e8000c
core   0: 0x80006e54 (0x00074263) bltz    a4, pc + 4
core   0: 0 0x80006e54 (0x00074263)
core   0: 0x80006e58 (0x00c95e13) srli    t3, s2, 12
core   0: 0 0x80006e58 (0x00c95e13) x28 0x0008001f
core   0: 0x80006e5c (0x02f00863) beq     zero, a5, pc + 48
core   0: 0 0x80006e5c (0x02f00863)
core   0: 0x80006e60 (0x007172b3) and     t0, sp, t2
core   0: 0 0x80006e60 (0x007172b3) x5  0x00000000
core   0: 0x80006e64 (0x02c7a133) mulhsu  sp, a5, a2
core   0: 0 0x80006e64 (0x02c7a133) x2  0xf6351f67
core   0: 0x80006e68 (0x00000faa) c.slli  t6, 10
core   0: 0 0x80006e68 (0x0faa) x31 0x003c7800
core   0: 0x80006e6a (0xa90eb913) sltiu   s2, t4, -1392
core   0: 0 0x80006e6a (0xa90eb913) x18 0x00000001
core   0: 0x80006e6e (0x03c30833) mul     a6, t1, t3
core   0: 0 0x80006e6e (0x03c30833) x16 0x01e84000
core   0: 0x80006e72 (0x44da84b7) lui     s1, 0x44da8
core   0: 0 0x80006e72 (0x44da84b7) x9  0x44da8000
core   0: 0x80006e76 (0x0088f133) and     sp, a7, s0
core   0: 0 0x80006e76 (0x0088f133) x2  0x00000004
core   0: 0x80006e7a (0x0307e963) bltu    a5, a6, pc + 50
core   0: 0 0x80006e7a (0x0307e963)
core   0: 0x80006e7e (0x00d7a033) slt     zero, a5, a3
core   0: 0 0x80006e7e (0x00d7a033)
core   0: 0x80006e82 (0x40545333) sra     t1, s0, t0
core   0: 0 0x80006e82 (0x40545333) x6  0x00000014
core   0: 0x80006e86 (0x00008d31) c.xor   a0, a2
core   0: 0 0x80006e86 (0x8d31) x10 0xb1e80000
core   0: 0x80006e88 (0x00b3fab3) and     s5, t2, a1
core   0: 0 0x80006e88 (0x00b3fab3) x21 0x00000000
core   0: 0x80006e8c (0x0299b1b3) mulhu   gp, s3, s1
core   0: 0 0x80006e8c (0x0299b1b3) x3  0x00000000
core   0: 0x80006e90 (0x0175dd13) srli    s10, a1, 23
core   0: 0 0x80006e90 (0x0175dd13) x26 0x000001e3
core   0: 0x80006e94 (0x03dd5533) divu    a0, s10, t4
core   0: 0 0x80006e94 (0x03dd5533) x10 0xffffffff
core   0: 0x80006e98 (0x02a6d4b3) divu    s1, a3, a0
core   0: 0 0x80006e98 (0x02a6d4b3) x9  0x00000000
core   0: 0x80006e9c (0x000018fd) c.addi  a7, -1
core   0: 0 0x80006e9c (0x18fd) x17 0x7e3ba4ec
core   0: 0x80006e9e (0x00001e9c) c.addi4spn a5, sp, 880
core   0: 0 0x80006e9e (0x1e9c) x15 0x00000374
core   0: 0x80006ea0 (0x01a0bd33) sltu    s10, ra, s10
core   0: 0 0x80006ea0 (0x01a0bd33) x26 0x00000001
core   0: 0x80006ea4 (0x000c07b3) add     a5, s8, zero
core   0: 0 0x80006ea4 (0x000c07b3) x15 0x00000000
core   0: 0x80006ea8 (0x00000001) c.nop
core   0: 0 0x80006ea8 (0x0001)
core   0: 0x80006eaa (0x00000001) c.nop
core   0: 0 0x80006eaa (0x0001)
core   0: 0x80006eac (0x008eb933) sltu    s2, t4, s0
core   0: 0 0x80006eac (0x008eb933) x18 0x00000001
core   0: 0x80006eb0 (0x00008d0d) c.sub   a0, a1
core   0: 0 0x80006eb0 (0x8d0d) x10 0x0e174e02
core   0: 0x80006eb2 (0x00df5b33) srl     s6, t5, a3
core   0: 0 0x80006eb2 (0x00df5b33) x22 0x00000000
core   0: 0x80006eb6 (0x0000c321) c.beqz  a4, pc + 64
core   0: 0 0x80006eb6 (0xc321)
core   0: 0x80006ef6 (0x00008741) c.srai  a4, 16
core   0: 0 0x80006ef6 (0x8741) x14 0x00000000
core   0: 0x80006ef8 (0x0000e131) c.bnez  a0, pc + 68
core   0: 0 0x80006ef8 (0xe131)
core   0: 0x80006f3c (0x40ebda13) srai    s4, s7, 14
core   0: 0 0x80006f3c (0x40ebda13) x20 0xfffe0007
core   0: 0x80006f40 (0x0000995a) c.add   s2, s6
core   0: 0 0x80006f40 (0x995a) x18 0x00000001
core   0: 0x80006f42 (0x0000100f) fence.i
core   0: 0 0x80006f42 (0x0000100f)
core   0: 0x80006f46 (0x000087a2) c.mv    a5, s0
core   0: 0 0x80006f46 (0x87a2) x15 0x00000014
core   0: 0x80006f48 (0x00009b22) c.add   s6, s0
core   0: 0 0x80006f48 (0x9b22) x22 0x00000014
core   0: 0x80006f4a (0x00000001) c.nop
core   0: 0 0x80006f4a (0x0001)
core   0: 0x80006f4c (0xe816b417) auipc   s0, 0xe816b
core   0: 0 0x80006f4c (0xe816b417) x8  0x68171f4c
core   0: 0x80006f50 (0x037cc2b3) div     t0, s9, s7
core   0: 0 0x80006f50 (0x037cc2b3) x5  0x00000000
core   0: 0x80006f54 (0x02482433) mulhsu  s0, a6, tp
core   0: 0 0x80006f54 (0x02482433) x8  0x0007a106
core   0: 0x80006f58 (0x02607c63) bgeu    zero, t1, pc + 56
core   0: 0 0x80006f58 (0x02607c63)
core   0: 0x80006f5c (0x0000197d) c.addi  s2, -1
core   0: 0 0x80006f5c (0x197d) x18 0x00000000
core   0: 0x80006f5e (0xe941be13) sltiu   t3, gp, -364
core   0: 0 0x80006f5e (0xe941be13) x28 0x00000001
core   0: 0x80006f62 (0x005f9313) slli    t1, t6, 5
core   0: 0 0x80006f62 (0x005f9313) x6  0x078f0000
core   0: 0x80006f66 (0x40eadf33) sra     t5, s5, a4
core   0: 0 0x80006f66 (0x40eadf33) x30 0x00000000
core   0: 0x80006f6a (0xded16113) ori     sp, sp, -531
core   0: 0 0x80006f6a (0xded16113) x2  0xfffffded
core   0: 0x80006f6e (0x614ffe93) andi    t4, t6, 1556
core   0: 0 0x80006f6e (0x614ffe93) x29 0x00000000
core   0: 0x80006f72 (0x01861d63) bne     a2, s8, pc + 26
core   0: 0 0x80006f72 (0x01861d63)
core   0: 0x80006f8c (0x0058ec93) ori     s9, a7, 5
core   0: 0 0x80006f8c (0x0058ec93) x25 0x7e3ba4ed
core   0: 0x80006f90 (0x01602db3) slt     s11, zero, s6
core   0: 0 0x80006f90 (0x01602db3) x27 0x00000001
core   0: 0x80006f94 (0x41a35c93) srai    s9, t1, 26
core   0: 0 0x80006f94 (0x41a35c93) x25 0x00000001
core   0: 0x80006f98 (0x40ab08b3) sub     a7, s6, a0
core   0: 0 0x80006f98 (0x40ab08b3) x17 0xf1e8b212
core   0: 0x80006f9c (0x025641b3) div     gp, a2, t0
core   0: 0 0x80006f9c (0x025641b3) x3  0xffffffff
core   0: 0x80006fa0 (0x00008f05) c.sub   a4, s1
core   0: 0 0x80006fa0 (0x8f05) x14 0x00000000
core   0: 0x80006fa2 (0x0119f3b3) and     t2, s3, a7
core   0: 0 0x80006fa2 (0x0119f3b3) x7  0x00000000
core   0: 0x80006fa6 (0x055a5263) bge     s4, s5, pc + 68
core   0: 0 0x80006fa6 (0x055a5263)
core   0: 0x80006faa (0x01599f63) bne     s3, s5, pc + 30
core   0: 0 0x80006faa (0x01599f63)
core   0: 0x80006fae (0x02f90933) mul     s2, s2, a5
core   0: 0 0x80006fae (0x02f90933) x18 0x00000000
core   0: 0x80006fb2 (0x00000001) c.nop
core   0: 0 0x80006fb2 (0x0001)
core   0: 0x80006fb4 (0x004ac2b3) xor     t0, s5, tp
core   0: 0 0x80006fb4 (0x004ac2b3) x5  0x04000363
core   0: 0x80006fb8 (0x0000100f) fence.i
core   0: 0 0x80006fb8 (0x0000100f)
core   0: 0x80006fbc (0x00e94d63) blt     s2, a4, pc + 26
core   0: 0 0x80006fbc (0x00e94d63)
core   0: 0x80006fc0 (0x027dc533) div     a0, s11, t2
core   0: 0 0x80006fc0 (0x027dc533) x10 0xffffffff
core   0: 0x80006fc4 (0x00008259) c.srli  a2, 22
core   0: 0 0x80006fc4 (0x8259) x12 0x000002c7
core   0: 0x80006fc6 (0x000083ed) c.srli  a5, 27
core   0: 0 0x80006fc6 (0x83ed) x15 0x00000000
core   0: 0x80006fc8 (0x0000847d) c.srai  s0, 31
core   0: 0 0x80006fc8 (0x847d) x8  0x00000000
core   0: 0x80006fca (0xff02fd17) auipc   s10, 0xff02f
core   0: 0 0x80006fca (0xff02fd17) x26 0x7f035fca
core   0: 0x80006fce (0x411c5a13) srai    s4, s8, 17
core   0: 0 0x80006fce (0x411c5a13) x20 0x00000000
core   0: 0x80006fd2 (0x033a1fb3) mulh    t6, s4, s3
core   0: 0 0x80006fd2 (0x033a1fb3) x31 0x00000000
core   0: 0x80006fd6 (0x022dd733) divu    a4, s11, sp
core   0: 0 0x80006fd6 (0x022dd733) x14 0x00000000
core   0: 0x80006fda (0x00008d71) c.and   a0, a2
core   0: 0 0x80006fda (0x8d71) x10 0x000002c7
core   0: 0x80006fdc (0x03802733) mulhsu  a4, zero, s8
core   0: 0 0x80006fdc (0x03802733) x14 0x00000000
core   0: 0x80006fe0 (0x01b55e13) srli    t3, a0, 27
core   0: 0 0x80006fe0 (0x01b55e13) x28 0x00000000
core   0: 0x80006fe4 (0x023cb1b3) mulhu   gp, s9, gp
core   0: 0 0x80006fe4 (0x023cb1b3) x3  0x00000000
core   0: 0x80006fe8 (0x00008505) c.srai  a0, 1
core   0: 0 0x80006fe8 (0x8505) x10 0x00000163
core   0: 0x80006fea (0x02c92eb3) mulhsu  t4, s2, a2
core   0: 0 0x80006fea (0x02c92eb3) x29 0x00000000
core   0: 0x80006fee (0xc7cda4b7) lui     s1, 0xc7cda
core   0: 0 0x80006fee (0xc7cda4b7) x9  0xc7cda000
core   0: 0x80006ff2 (0x00008cb9) c.xor   s1, a4
core   0: 0 0x80006ff2 (0x8cb9) x9  0xc7cda000
core   0: 0x80006ff4 (0x0000085a) c.slli  a6, 22
core   0: 0 0x80006ff4 (0x085a) x16 0x00000000
core   0: 0x80006ff6 (0x00008d71) c.and   a0, a2
core   0: 0 0x80006ff6 (0x8d71) x10 0x00000043
core   0: 0x80006ff8 (0x0263ecb3) rem     s9, t2, t1
core   0: 0 0x80006ff8 (0x0263ecb3) x25 0x00000000
core   0: 0x80006ffc (0x0000ef9d) c.bnez  a5, pc + 62
core   0: 0 0x80006ffc (0xef9d)
core   0: 0x80006ffe (0x03634033) div     zero, t1, s6
core   0: 0 0x80006ffe (0x03634033)
core   0: 0x80007002 (0x01374563) blt     a4, s3, pc + 10
core   0: 0 0x80007002 (0x01374563)
core   0: 0x80007006 (0x01845733) srl     a4, s0, s8
core   0: 0 0x80007006 (0x01845733) x14 0x00000000
core   0: 0x8000700a (0x00001988) c.addi4spn a0, sp, 240
core   0: 0 0x8000700a (0x1988) x10 0xfffffedd
core   0: 0x8000700c (0x000080e1) c.srli  s1, 24
core   0: 0 0x8000700c (0x80e1) x9  0x000000c7
core   0: 0x8000700e (0x02f3b733) mulhu   a4, t2, a5
core   0: 0 0x8000700e (0x02f3b733) x14 0x00000000
core   0: 0x80007012 (0x036e4ab3) div     s5, t3, s6
core   0: 0 0x80007012 (0x036e4ab3) x21 0x00000000
core   0: 0x80007016 (0x01e6d893) srli    a7, a3, 30
core   0: 0 0x80007016 (0x01e6d893) x17 0x00000002
core   0: 0x8000701a (0x0000100f) fence.i
core   0: 0 0x8000701a (0x0000100f)
core   0: 0x8000701e (0x39354793) xori    a5, a0, 915
core   0: 0 0x8000701e (0x39354793) x15 0xfffffd4e
core   0: 0x80007022 (0x000089b2) c.mv    s3, a2
core   0: 0 0x80007022 (0x89b2) x19 0x000002c7
core   0: 0x80007024 (0x00000001) c.nop
core   0: 0 0x80007024 (0x0001)
core   0: 0x80007026 (0x4087dc93) srai    s9, a5, 8
core   0: 0 0x80007026 (0x4087dc93) x25 0xfffffffd
core   0: 0x8000702a (0x02f88763) beq     a7, a5, pc + 46
core   0: 0 0x8000702a (0x02f88763)
core   0: 0x8000702e (0x02922833) mulhsu  a6, tp, s1
core   0: 0 0x8000702e (0x02922833) x16 0x00000003
core   0: 0x80007032 (0x46488293) addi    t0, a7, 1124
core   0: 0 0x80007032 (0x46488293) x5  0x00000466
core   0: 0x80007036 (0x00008a79) c.andi  a2, 30
core   0: 0 0x80007036 (0x8a79) x12 0x00000006
core   0: 0x80007038 (0x00000001) c.nop
core   0: 0 0x80007038 (0x0001)
core   0: 0x8000703a (0x0000100f) fence.i
core   0: 0 0x8000703a (0x0000100f)
core   0: 0x8000703e (0x012bb633) sltu    a2, s7, s2
core   0: 0 0x8000703e (0x012bb633) x12 0x00000000
core   0: 0x80007042 (0x018042b3) xor     t0, zero, s8
core   0: 0 0x80007042 (0x018042b3) x5  0x00000000
core   0: 0x80007046 (0x00001afd) c.addi  s5, -1
core   0: 0 0x80007046 (0x1afd) x21 0xffffffff
core   0: 0x80007048 (0x03467833) remu    a6, a2, s4
core   0: 0 0x80007048 (0x03467833) x16 0x00000000
core   0: 0x8000704c (0x02a7e833) rem     a6, a5, a0
core   0: 0 0x8000704c (0x02a7e833) x16 0xffffff94
core   0: 0x80007050 (0x002d8fb3) add     t6, s11, sp
core   0: 0 0x80007050 (0x002d8fb3) x31 0xfffffdee
core   0: 0x80007054 (0xe46c3a93) sltiu   s5, s8, -442
core   0: 0 0x80007054 (0xe46c3a93) x21 0x00000001
core   0: 0x80007058 (0xb7deb993) sltiu   s3, t4, -1155
core   0: 0 0x80007058 (0xb7deb993) x19 0x00000001
core   0: 0x8000705c (0x00008215) c.srli  a2, 5
core   0: 0 0x8000705c (0x8215) x12 0x00000000
core   0: 0x8000705e (0x01d55493) srli    s1, a0, 29
core   0: 0 0x8000705e (0x01d55493) x9  0x00000007
core   0: 0x80007062 (0xf1ffa093) slti    ra, t6, -225
core   0: 0 0x80007062 (0xf1ffa093) x1  0x00000001
core   0: 0x80007066 (0x00000001) c.nop
core   0: 0 0x80007066 (0x0001)
core   0: 0x80007068 (0x6fb4a817) auipc   a6, 0x6fb4a
core   0: 0 0x80007068 (0x6fb4a817) x16 0xefb51068
core   0: 0x8000706c (0x00008c59) c.or    s0, a4
core   0: 0 0x8000706c (0x8c59) x8  0x00000000
core   0: 0x8000706e (0x03d79b33) mulh    s6, a5, t4
core   0: 0 0x8000706e (0x03d79b33) x22 0x00000000
core   0: 0x80007072 (0x000088da) c.mv    a7, s6
core   0: 0 0x80007072 (0x88da) x17 0x00000000
core   0: 0x80007074 (0x40e05a93) srai    s5, zero, 14
core   0: 0 0x80007074 (0x40e05a93) x21 0x00000000
core   0: 0x80007078 (0x01fda033) slt     zero, s11, t6
core   0: 0 0x80007078 (0x01fda033)
core   0: 0x8000707c (0xbfc7a293) slti    t0, a5, -1028
core   0: 0 0x8000707c (0xbfc7a293) x5  0x00000000
core   0: 0x80007080 (0x40805f33) sra     t5, zero, s0
core   0: 0 0x80007080 (0x40805f33) x30 0x00000000
core   0: 0x80007084 (0x40cdd533) sra     a0, s11, a2
core   0: 0 0x80007084 (0x40cdd533) x10 0x00000001
core   0: 0x80007088 (0x6d914413) xori    s0, sp, 1753
core   0: 0 0x80007088 (0x6d914413) x8  0xfffffb34
core   0: 0x8000708c (0x00000219) c.addi  tp, 6
core   0: 0 0x8000708c (0x0219) x4  0x04000369
core   0: 0x8000708e (0x02d9cdb3) div     s11, s3, a3
core   0: 0 0x8000708e (0x02d9cdb3) x27 0x00000000
core   0: 0x80007092 (0x3a5b7c93) andi    s9, s6, 933
core   0: 0 0x80007092 (0x3a5b7c93) x25 0x00000000
core   0: 0x80007096 (0x004a4663) blt     s4, tp, pc + 12
core   0: 0 0x80007096 (0x004a4663)
core   0: 0x800070a2 (0x0294d263) bge     s1, s1, pc + 36
core   0: 0 0x800070a2 (0x0294d263)
core   0: 0x800070c6 (0x00009a3e) c.add   s4, a5
core   0: 0 0x800070c6 (0x9a3e) x20 0xfffffd4e
core   0: 0x800070c8 (0x038cc7b3) div     a5, s9, s8
core   0: 0 0x800070c8 (0x038cc7b3) x15 0xffffffff
core   0: 0x800070cc (0x00223533) sltu    a0, tp, sp
core   0: 0 0x800070cc (0x00223533) x10 0x00000001
core   0: 0x800070d0 (0x00008e01) c.sub   a2, s0
core   0: 0 0x800070d0 (0x8e01) x12 0x000004cc
core   0: 0x800070d2 (0x008b9413) slli    s0, s7, 8
core   0: 0 0x800070d2 (0x008b9413) x8  0x01fe5800
core   0: 0x800070d6 (0x000001dd) c.addi  gp, 23
core   0: 0 0x800070d6 (0x01dd) x3  0x00000017
core   0: 0x800070d8 (0x00000a56) c.slli  s4, 21
core   0: 0 0x800070d8 (0x0a56) x20 0xa9c00000
core   0: 0x800070da (0x00009fba) c.add   t6, a4
core   0: 0 0x800070da (0x9fba) x31 0xfffffdee
core   0: 0x800070dc (0x00005cfd) c.li    s9, -1
core   0: 0 0x800070dc (0x5cfd) x25 0xffffffff
core   0: 0x800070de (0x0123ef63) bltu    t2, s2, pc + 30
core   0: 0 0x800070de (0x0123ef63)
core   0: 0x800070e2 (0x0088ff63) bgeu    a7, s0, pc + 30
core   0: 0 0x800070e2 (0x0088ff63)
core   0: 0x800070e6 (0x00008669) c.srai  a2, 26
core   0: 0 0x800070e6 (0x8669) x12 0x00000000
core   0: 0x800070e8 (0x02cfbfb3) mulhu   t6, t6, a2
core   0: 0 0x800070e8 (0x02cfbfb3) x31 0x00000000
core   0: 0x800070ec (0x405fd2b3) sra     t0, t6, t0
core   0: 0 0x800070ec (0x405fd2b3) x5  0x00000000
core   0: 0x800070f0 (0x010ef833) and     a6, t4, a6
core   0: 0 0x800070f0 (0x010ef833) x16 0x00000000
core   0: 0x800070f4 (0x0000e00d) c.bnez  s0, pc + 34
core   0: 0 0x800070f4 (0xe00d)
core   0: 0x80007116 (0x00009bfd) c.andi  a5, -1
core   0: 0 0x80007116 (0x9bfd) x15 0xffffffff
core   0: 0x80007118 (0x008a53b3) srl     t2, s4, s0
core   0: 0 0x80007118 (0x008a53b3) x7  0xa9c00000
core   0: 0x8000711c (0x000087f9) c.srai  a5, 30
core   0: 0 0x8000711c (0x87f9) x15 0xffffffff
core   0: 0x8000711e (0x00008c49) c.or    s0, a0
core   0: 0 0x8000711e (0x8c49) x8  0x01fe5801
core   0: 0x80007120 (0x00000001) c.nop
core   0: 0 0x80007120 (0x0001)
core   0: 0x80007122 (0x0196f833) and     a6, a3, s9
core   0: 0 0x80007122 (0x0196f833) x16 0x80023ce4
core   0: 0x80007126 (0x002f6263) bltu    t5, sp, pc + 4
core   0: 0 0x80007126 (0x002f6263)
core   0: 0x8000712a (0x00001ffd) c.addi  t6, -1
core   0: 0 0x8000712a (0x1ffd) x31 0xffffffff
core   0: 0x8000712c (0x037d8333) mul     t1, s11, s7
core   0: 0 0x8000712c (0x037d8333) x6  0x00000000
core   0: 0x80007130 (0x04204b63) blt     zero, sp, pc + 86
core   0: 0 0x80007130 (0x04204b63)
core   0: 0x80007134 (0x015d9c33) sll     s8, s11, s5
core   0: 0 0x80007134 (0x015d9c33) x24 0x00000000
core   0: 0x80007138 (0x00008c41) c.or    s0, s0
core   0: 0 0x80007138 (0x8c41) x8  0x01fe5801
core   0: 0x8000713a (0x0000517d) c.li    sp, -1
core   0: 0 0x8000713a (0x517d) x2  0xffffffff
core   0: 0x8000713c (0x020000ef) jal     pc + 0x20
core   0: 0 0x8000713c (0x020000ef) x1  0x80007140
core   0: 0x8000715c (0x000037f5) c.jal   pc - 20
core   0: 0 0x8000715c (0x37f5) x1  0x8000715e
core   0: 0x80007148 (0x0000a039) c.j     pc + 14
core   0: 0 0x80007148 (0xa039)
core   0: 0x80007156 (0xfebfff6f) jal     t5, pc - 0x16
core   0: 0 0x80007156 (0xfebfff6f) x30 0x8000715a
core   0: 0x80007140 (0x00e000ef) jal     pc + 0xe
core   0: 0 0x80007140 (0x00e000ef) x1  0x80007144
core   0: 0x8000714e (0x00002019) c.jal   pc + 6
core   0: 0 0x8000714e (0x2019) x1  0x80007150
core   0: 0x80007154 (0x0000bfe5) c.j     pc - 8
core   0: 0 0x80007154 (0xbfe5)
core   0: 0x8000714c (0x00002019) c.jal   pc + 6
core   0: 0 0x8000714c (0x2019) x1  0x8000714e
core   0: 0x80007152 (0x0000a021) c.j     pc + 8
core   0: 0 0x80007152 (0xa021)
core   0: 0x8000715a (0x0000b7ed) c.j     pc - 22
core   0: 0 0x8000715a (0xb7ed)
core   0: 0x80007144 (0x00c000ef) jal     pc + 0xc
core   0: 0 0x80007144 (0x00c000ef) x1  0x80007148
core   0: 0x80007150 (0x0000bfed) c.j     pc - 6
core   0: 0 0x80007150 (0xbfed)
core   0: 0x8000714a (0x0000a811) c.j     pc + 20
core   0: 0 0x8000714a (0xa811)
core   0: 0x8000715e (0x01041e13) slli    t3, s0, 16
core   0: 0 0x8000715e (0x01041e13) x28 0x58010000
core   0: 0x80007162 (0x403052b3) sra     t0, zero, gp
core   0: 0 0x80007162 (0x403052b3) x5  0x00000000
core   0: 0x80007166 (0x01ef3f33) sltu    t5, t5, t5
core   0: 0 0x80007166 (0x01ef3f33) x30 0x00000000
core   0: 0x8000716a (0x00000001) c.nop
core   0: 0 0x8000716a (0x0001)
core   0: 0x8000716c (0x00b4da93) srli    s5, s1, 11
core   0: 0 0x8000716c (0x00b4da93) x21 0x00000000
core   0: 0x80007170 (0x00000001) c.nop
core   0: 0 0x80007170 (0x0001)
core   0: 0x80007172 (0x00009aba) c.add   s5, a4
core   0: 0 0x80007172 (0x9aba) x21 0x00000000
core   0: 0x80007174 (0x044cb713) sltiu   a4, s9, 68
core   0: 0 0x80007174 (0x044cb713) x14 0x00000000
core   0: 0x80007178 (0x00bc1713) slli    a4, s8, 11
core   0: 0 0x80007178 (0x00bc1713) x14 0x00000000
core   0: 0x8000717c (0x000011fd) c.addi  gp, -1
core   0: 0 0x8000717c (0x11fd) x3  0x00000016
core   0: 0x8000717e (0x00559e93) slli    t4, a1, 5
core   0: 0 0x8000717e (0x00559e93) x29 0x3d163fa0
core   0: 0x80007182 (0x00000001) c.nop
core   0: 0 0x80007182 (0x0001)
core   0: 0x80007184 (0x00008dc2) c.mv    s11, a6
core   0: 0 0x80007184 (0x8dc2) x27 0x80023ce4
core   0: 0x80007186 (0x0000100f) fence.i
core   0: 0 0x80007186 (0x0000100f)
core   0: 0x8000718a (0xe6439c97) auipc   s9, 0xe6439
core   0: 0 0x8000718a (0xe6439c97) x25 0x6644018a
core   0: 0x8000718e (0x00005e7d) c.li    t3, -1
core   0: 0 0x8000718e (0x5e7d) x28 0xffffffff
core   0: 0x80007190 (0x40d3da13) srai    s4, t2, 13
core   0: 0 0x80007190 (0x40d3da13) x20 0xfffd4e00
core   0: 0x80007194 (0x00616c33) or      s8, sp, t1
core   0: 0 0x80007194 (0x00616c33) x24 0xffffffff
core   0: 0x80007198 (0x01b5acb3) slt     s9, a1, s11
core   0: 0 0x80007198 (0x01b5acb3) x25 0x00000000
core   0: 0x8000719c (0x00001e7d) c.addi  t3, -1
core   0: 0 0x8000719c (0x1e7d) x28 0xfffffffe
core   0: 0x8000719e (0x00000001) c.nop
core   0: 0 0x8000719e (0x0001)
core   0: 0x800071a0 (0x00000001) c.nop
core   0: 0 0x800071a0 (0x0001)
core   0: 0x800071a2 (0x000002f9) c.addi  t0, 30
core   0: 0 0x800071a2 (0x02f9) x5  0x0000001e
core   0: 0x800071a4 (0x00009a7d) c.andi  a2, -1
core   0: 0 0x800071a4 (0x9a7d) x12 0x00000000
core   0: 0x800071a6 (0x0000137d) c.addi  t1, -1
core   0: 0 0x800071a6 (0x137d) x6  0xffffffff
core   0: 0x800071a8 (0x00008225) c.srli  a2, 9
core   0: 0 0x800071a8 (0x8225) x12 0x00000000
core   0: 0x800071aa (0x0056bf93) sltiu   t6, a3, 5
core   0: 0 0x800071aa (0x0056bf93) x31 0x00000000
core   0: 0x800071ae (0xbfdeb493) sltiu   s1, t4, -1027
core   0: 0 0x800071ae (0xbfdeb493) x9  0x00000001
core   0: 0x800071b2 (0xcd57a113) slti    sp, a5, -811
core   0: 0 0x800071b2 (0xcd57a113) x2  0x00000000
core   0: 0x800071b6 (0x00008c42) c.mv    s8, a6
core   0: 0 0x800071b6 (0x8c42) x24 0x80023ce4
core   0: 0x800071b8 (0x00561033) sll     zero, a2, t0
core   0: 0 0x800071b8 (0x00561033)
core   0: 0x800071bc (0xfc6ae797) auipc   a5, 0xfc6ae
core   0: 0 0x800071bc (0xfc6ae797) x15 0x7c6b51bc
core   0: 0x800071c0 (0x00000b16) c.slli  s6, 5
core   0: 0 0x800071c0 (0x0b16) x22 0x00000000
core   0: 0x800071c2 (0xb3023793) sltiu   a5, tp, -1232
core   0: 0 0x800071c2 (0xb3023793) x15 0x00000001
core   0: 0x800071c6 (0x00009d6e) c.add   s10, s11
core   0: 0 0x800071c6 (0x9d6e) x26 0xff059cae
core   0: 0x800071c8 (0x00008c49) c.or    s0, a0
core   0: 0 0x800071c8 (0x8c49) x8  0x01fe5801
core   0: 0x800071ca (0x02996063) bltu    s2, s1, pc + 32
core   0: 0 0x800071ca (0x02996063)
core   0: 0x800071ea (0x0000610d) c.addi16sp sp, 160
core   0: 0 0x800071ea (0x610d) x2  0x000000a0
core   0: 0x800071ec (0x0000c915) c.beqz  a0, pc + 52
core   0: 0 0x800071ec (0xc915)
core   0: 0x800071ee (0x40e85b13) srai    s6, a6, 14
core   0: 0 0x800071ee (0x40e85b13) x22 0xfffe0008
core   0: 0x800071f2 (0x028a1cb3) mulh    s9, s4, s0
core   0: 0 0x800071f2 (0x028a1cb3) x25 0xfffffaa0
core   0: 0x800071f6 (0x00008455) c.srai  s0, 21
core   0: 0 0x800071f6 (0x8455) x8  0x0000000f
core   0: 0x800071f8 (0x00008e1d) c.sub   a2, a5
core   0: 0 0x800071f8 (0x8e1d) x12 0xffffffff
core   0: 0x800071fa (0x68f7fd13) andi    s10, a5, 1679
core   0: 0 0x800071fa (0x68f7fd13) x26 0x00000001
core   0: 0x800071fe (0x00dd1913) slli    s2, s10, 13
core   0: 0 0x800071fe (0x00dd1913) x18 0x00002000
core   0: 0x80007202 (0x01a188b3) add     a7, gp, s10
core   0: 0 0x80007202 (0x01a188b3) x17 0x00000017
core   0: 0x80007206 (0x03668033) mul     zero, a3, s6
core   0: 0 0x80007206 (0x03668033)
core   0: 0x8000720a (0x01d278b3) and     a7, tp, t4
core   0: 0 0x8000720a (0x01d278b3) x17 0x04000320
core   0: 0x8000720e (0x031c6233) rem     tp, s8, a7
core   0: 0 0x8000720e (0x031c6233) x4  0xfc029dc4
core   0: 0x80007212 (0x024d1d33) mulh    s10, s10, tp
core   0: 0 0x80007212 (0x024d1d33) x26 0xffffffff
core   0: 0x80007216 (0x00000e9a) c.slli  t4, 6
core   0: 0 0x80007216 (0x0e9a) x29 0x458fe800
core   0: 0x80007218 (0x0289f863) bgeu    s3, s0, pc + 48
core   0: 0 0x80007218 (0x0289f863)
core   0: 0x8000721c (0x00b53333) sltu    t1, a0, a1
core   0: 0 0x8000721c (0x00b53333) x6  0x00000001
core   0: 0x80007220 (0x00000001) c.nop
core   0: 0 0x80007220 (0x0001)
core   0: 0x80007222 (0x03175563) bge     a4, a7, pc + 42
core   0: 0 0x80007222 (0x03175563)
core   0: 0x80007226 (0x00000001) c.nop
core   0: 0 0x80007226 (0x0001)
core   0: 0x80007228 (0x020b27b3) mulhsu  a5, s6, zero
core   0: 0 0x80007228 (0x020b27b3) x15 0x00000000
core   0: 0x8000722c (0x0000ef15) c.bnez  a4, pc + 60
core   0: 0 0x8000722c (0xef15)
core   0: 0x8000722e (0x41b20933) sub     s2, tp, s11
core   0: 0 0x8000722e (0x41b20933) x18 0x7c0060e0
core   0: 0x80007232 (0x02b64eb3) div     t4, a2, a1
core   0: 0 0x80007232 (0x02b64eb3) x29 0x00000000
core   0: 0x80007236 (0x0000e90d) c.bnez  a0, pc + 50
core   0: 0 0x80007236 (0xe90d)
core   0: 0x80007268 (0x0000843d) c.srai  s0, 15
core   0: 0 0x80007268 (0x843d) x8  0x00000000
core   0: 0x8000726a (0x00ffde63) bge     t6, a5, pc + 28
core   0: 0 0x8000726a (0x00ffde63)
core   0: 0x80007286 (0x00001f88) c.addi4spn a0, sp, 1008
core   0: 0 0x80007286 (0x1f88) x10 0x00000490
core   0: 0x80007288 (0x0000100f) fence.i
core   0: 0 0x80007288 (0x0000100f)
core   0: 0x8000728c (0x01762733) slt     a4, a2, s7
core   0: 0 0x8000728c (0x01762733) x14 0x00000000
core   0: 0x80007290 (0x03ac0463) beq     s8, s10, pc + 40
core   0: 0 0x80007290 (0x03ac0463)
core   0: 0x80007294 (0x00005d7d) c.li    s10, -1
core   0: 0 0x80007294 (0x5d7d) x26 0xffffffff
core   0: 0x80007296 (0x00008e1d) c.sub   a2, a5
core   0: 0 0x80007296 (0x8e1d) x12 0xffffffff
core   0: 0x80007298 (0x00000001) c.nop
core   0: 0 0x80007298 (0x0001)
core   0: 0x8000729a (0x0065a7b3) slt     a5, a1, t1
core   0: 0 0x8000729a (0x0065a7b3) x15 0x00000001
core   0: 0x8000729e (0x0000895d) c.andi  a0, 23
core   0: 0 0x8000729e (0x895d) x10 0x00000010
core   0: 0x800072a0 (0x00469e63) bne     a3, tp, pc + 28
core   0: 0 0x800072a0 (0x00469e63)
core   0: 0x800072bc (0x038e0f33) mul     t5, t3, s8
core   0: 0 0x800072bc (0x038e0f33) x30 0xfffb8638
core   0: 0x800072c0 (0x00000436) c.slli  s0, 13
core   0: 0 0x800072c0 (0x0436) x8  0x00000000
core   0: 0x800072c2 (0x0066f733) and     a4, a3, t1
core   0: 0 0x800072c2 (0x0066f733) x14 0x00000000
core   0: 0x800072c6 (0x03652fb3) mulhsu  t6, a0, s6
core   0: 0 0x800072c6 (0x03652fb3) x31 0x0000000f
core   0: 0x800072ca (0x4b46b817) auipc   a6, 0x4b46b
core   0: 0 0x800072ca (0x4b46b817) x16 0xcb4722ca
core   0: 0x800072ce (0xbd2aa997) auipc   s3, 0xbd2aa
core   0: 0 0x800072ce (0xbd2aa997) x19 0x3d2b12ce
core   0: 0x800072d2 (0x03d1f0b3) remu    ra, gp, t4
core   0: 0 0x800072d2 (0x03d1f0b3) x1  0x00000016
core   0: 0x800072d6 (0x019054b3) srl     s1, zero, s9
core   0: 0 0x800072d6 (0x019054b3) x9  0x00000000
core   0: 0x800072da (0xcfd98313) addi    t1, s3, -771
core   0: 0 0x800072da (0xcfd98313) x6  0x3d2b0fcb
core   0: 0x800072de (0x02d2d263) bge     t0, a3, pc + 36
core   0: 0 0x800072de (0x02d2d263)
core   0: 0x80007302 (0x00001e7d) c.addi  t3, -1
core   0: 0 0x80007302 (0x1e7d) x28 0xfffffffd
core   0: 0x80007304 (0x00001e80) c.addi4spn s0, sp, 880
core   0: 0 0x80007304 (0x1e80) x8  0x00000410
core   0: 0x80007306 (0x9eb9f293) andi    t0, s3, -1557
core   0: 0 0x80007306 (0x9eb9f293) x5  0x3d2b10ca
core   0: 0x8000730a (0x003d89b3) add     s3, s11, gp
core   0: 0 0x8000730a (0x003d89b3) x19 0x80023cfa
core   0: 0x8000730e (0x01407d33) and     s10, zero, s4
core   0: 0 0x8000730e (0x01407d33) x26 0x00000000
core   0: 0x80007312 (0x0000100f) fence.i
core   0: 0 0x80007312 (0x0000100f)
core   0: 0x80007316 (0x00065663) bgez    a2, pc + 12
core   0: 0 0x80007316 (0x00065663)
core   0: 0x8000731a (0x5aa54737) lui     a4, 0x5aa54
core   0: 0 0x8000731a (0x5aa54737) x14 0x5aa54000
core   0: 0x8000731e (0x41835a33) sra     s4, t1, s8
core   0: 0 0x8000731e (0x41835a33) x20 0x03d2b0fc
core   0: 0x80007322 (0x028b8763) beq     s7, s0, pc + 46
core   0: 0 0x80007322 (0x028b8763)
core   0: 0x80007326 (0x00008f55) c.or    a4, a3
core   0: 0 0x80007326 (0x8f55) x14 0xdaa77ce4
core   0: 0x80007328 (0x78747393) andi    t2, s0, 1927
core   0: 0 0x80007328 (0x78747393) x7  0x00000400
core   0: 0x8000732c (0x4612a493) slti    s1, t0, 1121
core   0: 0 0x8000732c (0x4612a493) x9  0x00000000
core   0: 0x80007330 (0x009b19b3) sll     s3, s6, s1
core   0: 0 0x80007330 (0x009b19b3) x19 0xfffe0008
core   0: 0x80007334 (0x1d7bb193) sltiu   gp, s7, 471
core   0: 0 0x80007334 (0x1d7bb193) x3  0x00000000
core   0: 0x80007338 (0x00009bfd) c.andi  a5, -1
core   0: 0 0x80007338 (0x9bfd) x15 0x00000001
core   0: 0x8000733a (0x026d9a63) bne     s11, t1, pc + 52
core   0: 0 0x8000733a (0x026d9a63)
core   0: 0x8000736e (0x00407d33) and     s10, zero, tp
core   0: 0 0x8000736e (0x00407d33) x26 0x00000000
core   0: 0x80007372 (0x033c6d33) rem     s10, s8, s3
core   0: 0 0x80007372 (0x033c6d33) x26 0xfffe3cec
core   0: 0x80007376 (0x13544a13) xori    s4, s0, 309
core   0: 0 0x80007376 (0x13544a13) x20 0x00000525
core   0: 0x8000737a (0x41045713) srai    a4, s0, 16
core   0: 0 0x8000737a (0x41045713) x14 0x00000000
core   0: 0x8000737e (0x00c544b3) xor     s1, a0, a2
core   0: 0 0x8000737e (0x00c544b3) x9  0xffffffef
core   0: 0x80007382 (0x7899a8b7) lui     a7, 0x7899a
core   0: 0 0x80007382 (0x7899a8b7) x17 0x7899a000
core   0: 0x80007386 (0x0195f233) and     tp, a1, s9
core   0: 0 0x80007386 (0x0195f233) x4  0xf1e8b0a0
core   0: 0x8000738a (0x0000826a) c.mv    tp, s10
core   0: 0 0x8000738a (0x826a) x4  0xfffe3cec
core   0: 0x8000738c (0x01e000ef) jal     pc + 0x1e
core   0: 0 0x8000738c (0x01e000ef) x1  0x80007390
core   0: 0x800073aa (0x0000a839) c.j     pc + 30
core   0: 0 0x800073aa (0xa839)
core   0: 0x800073c8 (0x0000b7e9) c.j     pc - 54
core   0: 0 0x800073c8 (0xb7e9)
core   0: 0x80007392 (0x00002825) c.jal   pc + 56
core   0: 0 0x80007392 (0x2825) x1  0x80007394
core   0: 0x800073ca (0xff7ff36f) jal     t1, pc - 0xa
core   0: 0 0x800073ca (0xff7ff36f) x6  0x800073ce
core   0: 0x800073c0 (0x00003fd5) c.jal   pc - 12
core   0: 0 0x800073c0 (0x3fd5) x1  0x800073c2
core   0: 0x800073b4 (0x0000a01d) c.j     pc + 38
core   0: 0 0x800073b4 (0xa01d)
core   0: 0x800073da (0x0000a011) c.j     pc + 4
core   0: 0 0x800073da (0xa011)
core   0: 0x800073de (0xfbffffef) jal     t6, pc - 0x42
core   0: 0 0x800073de (0xfbffffef) x31 0x800073e2
core   0: 0x8000739c (0x0320036f) jal     t1, pc + 0x32
core   0: 0 0x8000739c (0x0320036f) x6  0x800073a0
core   0: 0x800073ce (0x00003fd5) c.jal   pc - 12
core   0: 0 0x800073ce (0x3fd5) x1  0x800073d0
core   0: 0x800073c2 (0xfd5ff86f) jal     a6, pc - 0x2c
core   0: 0 0x800073c2 (0xfd5ff86f) x16 0x800073c6
core   0: 0x80007396 (0x00002805) c.jal   pc + 48
core   0: 0 0x80007396 (0x2805) x1  0x80007398
core   0: 0x800073c6 (0x000037f5) c.jal   pc - 20
core   0: 0 0x800073c6 (0x37f5) x1  0x800073c8
core   0: 0x800073b2 (0x000037e5) c.jal   pc - 24
core   0: 0 0x800073b2 (0x37e5) x1  0x800073b4
core   0: 0x8000739a (0x0000a835) c.j     pc + 60
core   0: 0 0x8000739a (0xa835)
core   0: 0x800073d6 (0x006000ef) jal     pc + 0x6
core   0: 0 0x800073d6 (0x006000ef) x1  0x800073da
core   0: 0x800073dc (0x00003ff9) c.jal   pc - 34
core   0: 0 0x800073dc (0x3ff9) x1  0x800073de
core   0: 0x800073ba (0x00002821) c.jal   pc + 24
core   0: 0 0x800073ba (0x2821) x1  0x800073bc
core   0: 0x800073d2 (0xfc3ff0ef) jal     pc - 0x3e
core   0: 0 0x800073d2 (0xfc3ff0ef) x1  0x800073d6
core   0: 0x80007394 (0x00002835) c.jal   pc + 60
core   0: 0 0x80007394 (0x2835) x1  0x80007396
core   0: 0x800073d0 (0x0000b7e1) c.j     pc - 56
core   0: 0 0x800073d0 (0xb7e1)
core   0: 0x80007398 (0x0000a021) c.j     pc + 8
core   0: 0 0x80007398 (0xa021)
core   0: 0x800073a0 (0x00003fc5) c.jal   pc - 16
core   0: 0 0x800073a0 (0x3fc5) x1  0x800073a2
core   0: 0x80007390 (0x00002839) c.jal   pc + 30
core   0: 0 0x80007390 (0x2839) x1  0x80007392
core   0: 0x800073ae (0xff9ff96f) jal     s2, pc - 0x8
core   0: 0 0x800073ae (0xff9ff96f) x18 0x800073b2
core   0: 0x800073a6 (0x006001ef) jal     gp, pc + 0x6
core   0: 0 0x800073a6 (0x006001ef) x3  0x800073aa
core   0: 0x800073ac (0x0000bfdd) c.j     pc - 10
core   0: 0 0x800073ac (0xbfdd)
core   0: 0x800073a2 (0x014000ef) jal     pc + 0x14
core   0: 0 0x800073a2 (0x014000ef) x1  0x800073a6
core   0: 0x800073b6 (0x006000ef) jal     pc + 0x6
core   0: 0 0x800073b6 (0x006000ef) x1  0x800073ba
core   0: 0x800073bc (0x02600d6f) jal     s10, pc + 0x26
core   0: 0 0x800073bc (0x02600d6f) x26 0x800073c0
core   0: 0x800073e2 (0x00001198) c.addi4spn a4, sp, 224
core   0: 0 0x800073e2 (0x1198) x14 0x00000180
core   0: 0x800073e4 (0x006d3db3) sltu    s11, s10, t1
core   0: 0 0x800073e4 (0x006d3db3) x27 0x00000000
core   0: 0x800073e8 (0x0000100f) fence.i
core   0: 0 0x800073e8 (0x0000100f)
core   0: 0x800073ec (0x00001b08) c.addi4spn a0, sp, 432
core   0: 0 0x800073ec (0x1b08) x10 0x00000250
core   0: 0x800073ee (0x01818f33) add     t5, gp, s8
core   0: 0 0x800073ee (0x01818f33) x30 0x0002b08e
core   0: 0x800073f2 (0x02fab133) mulhu   sp, s5, a5
core   0: 0 0x800073f2 (0x02fab133) x2  0x00000000
core   0: 0x800073f6 (0x01e6d913) srli    s2, a3, 30
core   0: 0 0x800073f6 (0x01e6d913) x18 0x00000002
core   0: 0x800073fa (0x00008d3d) c.xor   a0, a5
core   0: 0 0x800073fa (0x8d3d) x10 0x00000251
core   0: 0x800073fc (0x03729d63) bne     t0, s7, pc + 58
core   0: 0 0x800073fc (0x03729d63)
core   0: 0x80007436 (0x025530b3) mulhu   ra, a0, t0
core   0: 0 0x80007436 (0x025530b3) x1  0x0000008d
core   0: 0x8000743a (0x000090ea) c.add   ra, s10
core   0: 0 0x8000743a (0x90ea) x1  0x8000744d
core   0: 0x8000743c (0x00000001) c.nop
core   0: 0 0x8000743c (0x0001)
core   0: 0x8000743e (0x01e9ed63) bltu    s3, t5, pc + 26
core   0: 0 0x8000743e (0x01e9ed63)
core   0: 0x80007442 (0x00000001) c.nop
core   0: 0 0x80007442 (0x0001)
core   0: 0x80007444 (0x01609c13) slli    s8, ra, 22
core   0: 0 0x80007444 (0x01609c13) x24 0x13400000
core   0: 0x80007448 (0x016661b3) or      gp, a2, s6
core   0: 0 0x80007448 (0x016661b3) x3  0xffffffff
core   0: 0x8000744c (0x01611713) slli    a4, sp, 22
core   0: 0 0x8000744c (0x01611713) x14 0x00000000
core   0: 0x80007450 (0x0000cd1d) c.beqz  a0, pc + 62
core   0: 0 0x80007450 (0xcd1d)
core   0: 0x80007452 (0x00000e1c) c.addi4spn a5, sp, 784
core   0: 0 0x80007452 (0x0e1c) x15 0x00000310
core   0: 0x80007454 (0x00e553b3) srl     t2, a0, a4
core   0: 0 0x80007454 (0x00e553b3) x7  0x00000251
core   0: 0x80007458 (0xe0214f17) auipc   t5, 0xe0214
core   0: 0 0x80007458 (0xe0214f17) x30 0x6021b458
core   0: 0x8000745c (0x03130cb3) mul     s9, t1, a7
core   0: 0 0x8000745c (0x03130cb3) x25 0x62e40000
core   0: 0x80007460 (0x04dcd063) bge     s9, a3, pc + 64
core   0: 0 0x80007460 (0x04dcd063)
core   0: 0x800074a0 (0x01dc8933) add     s2, s9, t4
core   0: 0 0x800074a0 (0x01dc8933) x18 0x62e40000
core   0: 0x800074a4 (0x03f1c133) div     sp, gp, t6
core   0: 0 0x800074a4 (0x03f1c133) x2  0x00000000
core   0: 0x800074a8 (0x0000802d) c.srli  s0, 11
core   0: 0 0x800074a8 (0x802d) x8  0x00000000
core   0: 0x800074aa (0x01bbdd13) srli    s10, s7, 27
core   0: 0 0x800074aa (0x01bbdd13) x26 0x00000010
core   0: 0x800074ae (0x01f44f63) blt     s0, t6, pc + 30
core   0: 0 0x800074ae (0x01f44f63)
core   0: 0x800074b2 (0x00c41333) sll     t1, s0, a2
core   0: 0 0x800074b2 (0x00c41333) x6  0x00000000
core   0: 0x800074b6 (0x0000c415) c.beqz  s0, pc + 44
core   0: 0 0x800074b6 (0xc415)
core   0: 0x800074e2 (0x01086db3) or      s11, a6, a6
core   0: 0 0x800074e2 (0x01086db3) x27 0x800073c6
core   0: 0x800074e6 (0x012f98b3) sll     a7, t6, s2
core   0: 0 0x800074e6 (0x012f98b3) x17 0x800073e2
core   0: 0x800074ea (0x00e000ef) jal     pc + 0xe
core   0: 0 0x800074ea (0x00e000ef) x1  0x800074ee
core   0: 0x800074f8 (0x0000bffd) c.j     pc - 2
core   0: 0 0x800074f8 (0xbffd)
core   0: 0x800074f6 (0x00003fe5) c.jal   pc - 8
core   0: 0 0x800074f6 (0x3fe5) x1  0x800074f8
core   0: 0x800074ee (0x016000ef) jal     pc + 0x16
core   0: 0 0x800074ee (0x016000ef) x1  0x800074f2
core   0: 0x80007504 (0x0000bfe5) c.j     pc - 8
core   0: 0 0x80007504 (0xbfe5)
core   0: 0x800074fc (0x00002009) c.jal   pc + 2
core   0: 0 0x800074fc (0x2009) x1  0x800074fe
core   0: 0x800074fe (0x0000a009) c.j     pc + 2
core   0: 0 0x800074fe (0xa009)
core   0: 0x80007500 (0xff3ff16f) jal     sp, pc - 0xe
core   0: 0 0x80007500 (0xff3ff16f) x2  0x80007504
core   0: 0x800074f2 (0x0000a021) c.j     pc + 8
core   0: 0 0x800074f2 (0xa021)
core   0: 0x800074fa (0x00003fed) c.jal   pc - 6
core   0: 0 0x800074fa (0x3fed) x1  0x800074fc
core   0: 0x800074f4 (0x00002809) c.jal   pc + 18
core   0: 0 0x800074f4 (0x2809) x1  0x800074f6
core   0: 0x80007506 (0x01011e13) slli    t3, sp, 16
core   0: 0 0x80007506 (0x01011e13) x28 0x75040000
core   0: 0x8000750a (0x01397c33) and     s8, s2, s3
core   0: 0 0x8000750a (0x01397c33) x24 0x62e40000
core   0: 0x8000750e (0x43431137) lui     sp, 0x43431
core   0: 0 0x8000750e (0x43431137) x2  0x43431000
core   0: 0x80007512 (0xd97a2737) lui     a4, 0xd97a2
core   0: 0 0x80007512 (0xd97a2737) x14 0xd97a2000
core   0: 0x80007516 (0x406a8f33) sub     t5, s5, t1
core   0: 0 0x80007516 (0x406a8f33) x30 0x00000000
core   0: 0x8000751a (0x50528b13) addi    s6, t0, 1285
core   0: 0 0x8000751a (0x50528b13) x22 0x3d2b15cf
core   0: 0x8000751e (0x007669b3) or      s3, a2, t2
core   0: 0 0x8000751e (0x007669b3) x19 0xffffffff
core   0: 0x80007522 (0x01c50633) add     a2, a0, t3
core   0: 0 0x80007522 (0x01c50633) x12 0x75040251
core   0: 0x80007526 (0x00008cdd) c.or    s1, a5
core   0: 0 0x80007526 (0x8cdd) x9  0xffffffff
core   0: 0x80007528 (0x000080e1) c.srli  s1, 24
core   0: 0 0x80007528 (0x80e1) x9  0x000000ff
core   0: 0x8000752a (0x00000108) c.addi4spn a0, sp, 128
core   0: 0 0x8000752a (0x0108) x10 0x43431080
core   0: 0x8000752c (0x418b0433) sub     s0, s6, s8
core   0: 0 0x8000752c (0x418b0433) x8  0xda4715cf
core   0: 0x80007530 (0x02bca8b3) mulhsu  a7, s9, a1
core   0: 0 0x80007530 (0x02bca8b3) x17 0x5d728761
core   0: 0x80007534 (0x00008ff5) c.and   a5, a3
core   0: 0 0x80007534 (0x8ff5) x15 0x00000000
core   0: 0x80007536 (0x028732b3) mulhu   t0, a4, s0
core   0: 0 0x80007536 (0x028732b3) x5  0xb96e62a5
core   0: 0x8000753a (0x556b4517) auipc   a0, 0x556b4
core   0: 0 0x8000753a (0x556b4517) x10 0xd56bb53a
core   0: 0x8000753e (0x00008c79) c.and   s0, a4
core   0: 0 0x8000753e (0x8c79) x8  0xd8420000
core   0: 0x80007540 (0x016f70b3) and     ra, t5, s6
core   0: 0 0x80007540 (0x016f70b3) x1  0x00000000
core   0: 0x80007544 (0x000060b9) c.lui   ra, 0xe
core   0: 0 0x80007544 (0x60b9) x1  0x0000e000
core   0: 0x80007546 (0x0000717d) c.addi16sp sp, -16
core   0: 0 0x80007546 (0x717d) x2  0x43430ff0
core   0: 0x80007548 (0x00067ab3) and     s5, a2, zero
core   0: 0 0x80007548 (0x00067ab3) x21 0x00000000
core   0: 0x8000754c (0x0000717d) c.addi16sp sp, -16
core   0: 0 0x8000754c (0x717d) x2  0x43430fe0
core   0: 0x8000754e (0x039c1f63) bne     s8, s9, pc + 62
core   0: 0 0x8000754e (0x039c1f63)
core   0: 0x80007552 (0x00008c31) c.xor   s0, a2
core   0: 0 0x80007552 (0x8c31) x8  0xad460251
core   0: 0x80007554 (0x00000001) c.nop
core   0: 0 0x80007554 (0x0001)
core   0: 0x80007556 (0x01e8f8b3) and     a7, a7, t5
core   0: 0 0x80007556 (0x01e8f8b3) x17 0x00000000
core   0: 0x8000755a (0x00bfe663) bltu    t6, a1, pc + 12
core   0: 0 0x8000755a (0x00bfe663)
core   0: 0x80007566 (0x009f1eb3) sll     t4, t5, s1
core   0: 0 0x80007566 (0x009f1eb3) x29 0x00000000
core   0: 0x8000756a (0x40f18b33) sub     s6, gp, a5
core   0: 0 0x8000756a (0x40f18b33) x22 0xffffffff
core   0: 0x8000756e (0x00f25533) srl     a0, tp, a5
core   0: 0 0x8000756e (0x00f25533) x10 0xfffe3cec
core   0: 0x80007572 (0x036047b3) div     a5, zero, s6
core   0: 0 0x80007572 (0x036047b3) x15 0x00000000
core   0: 0x80007576 (0x6f7b6317) auipc   t1, 0x6f7b6
core   0: 0 0x80007576 (0x6f7b6317) x6  0xef7bd576
core   0: 0x8000757a (0x000080cd) c.srli  s1, 19
core   0: 0 0x8000757a (0x80cd) x9  0x00000000
core   0: 0x8000757c (0x02497363) bgeu    s2, tp, pc + 38
core   0: 0 0x8000757c (0x02497363)
core   0: 0x80007580 (0x00009a7d) c.andi  a2, -1
core   0: 0 0x80007580 (0x9a7d) x12 0x75040251
core   0: 0x80007582 (0x01e88e33) add     t3, a7, t5
core   0: 0 0x80007582 (0x01e88e33) x28 0x00000000
core   0: 0x80007586 (0x00008f31) c.xor   a4, a2
core   0: 0 0x80007586 (0x8f31) x14 0xac7e2251
core   0: 0x80007588 (0x00c411b3) sll     gp, s0, a2
core   0: 0 0x80007588 (0x00c411b3) x3  0x04a20000
core   0: 0x8000758c (0xe5cd3893) sltiu   a7, s10, -420
core   0: 0 0x8000758c (0xe5cd3893) x17 0x00000001
core   0: 0x80007590 (0x41455a13) srai    s4, a0, 20
core   0: 0 0x80007590 (0x41455a13) x20 0xffffffff
core   0: 0x80007594 (0x0ff0000f) fence   iorw,iorw
core   0: 0 0x80007594 (0x0ff0000f)
core   0: 0x80007598 (0x00008e6d) c.and   a2, a1
core   0: 0 0x80007598 (0x8e6d) x12 0x71000051
core   0: 0x8000759a (0x52e67b17) auipc   s6, 0x52e67
core   0: 0 0x8000759a (0x52e67b17) x22 0xd2e6e59a
core   0: 0x8000759e (0xf0260393) addi    t2, a2, -254
core   0: 0 0x8000759e (0xf0260393) x7  0x70ffff53
core   0: 0x800075a2 (0x0000100f) fence.i
core   0: 0 0x800075a2 (0x0000100f)
core   0: 0x800075a6 (0x0360ccb3) div     s9, ra, s6
core   0: 0 0x800075a6 (0x0360ccb3) x25 0x00000000
core   0: 0x800075aa (0x0000c219) c.beqz  a2, pc + 6
core   0: 0 0x800075aa (0xc219)
core   0: 0x800075ac (0x0000c885) c.beqz  s1, pc + 48
core   0: 0 0x800075ac (0xc885)
core   0: 0x800075dc (0x00008d39) c.xor   a0, a4
core   0: 0 0x800075dc (0x8d39) x10 0x53801ebd
core   0: 0x800075de (0x0000100f) fence.i
core   0: 0 0x800075de (0x0000100f)
core   0: 0x800075e2 (0x0359ccb3) div     s9, s3, s5
core   0: 0 0x800075e2 (0x0359ccb3) x25 0xffffffff
core   0: 0x800075e6 (0x03194033) div     zero, s2, a7
core   0: 0 0x800075e6 (0x03194033)
core   0: 0x800075ea (0x00011563) bnez    sp, pc + 10
core   0: 0 0x800075ea (0x00011563)
core   0: 0x800075f4 (0x00000d9a) c.slli  s11, 6
core   0: 0 0x800075f4 (0x0d9a) x27 0x001cf180
core   0: 0x800075f6 (0x0000862d) c.srai  a2, 11
core   0: 0 0x800075f6 (0x862d) x12 0x000e2000
core   0: 0x800075f8 (0x02e754b3) divu    s1, a4, a4
core   0: 0 0x800075f8 (0x02e754b3) x9  0x00000001
core   0: 0x800075fc (0x00524033) xor     zero, tp, t0
core   0: 0 0x800075fc (0x00524033)
core   0: 0x80007600 (0x03206fb3) rem     t6, zero, s2
core   0: 0 0x80007600 (0x03206fb3) x31 0x00000000
core   0: 0x80007604 (0x0343d363) bge     t2, s4, pc + 38
core   0: 0 0x80007604 (0x0343d363)
core   0: 0x8000762a (0x0000e121) c.bnez  a0, pc + 64
core   0: 0 0x8000762a (0xe121)
core   0: 0x8000766a (0x00001084) c.addi4spn s1, sp, 96
core   0: 0 0x8000766a (0x1084) x9  0x43431040
core   0: 0x8000766c (0x00e823b3) slt     t2, a6, a4
core   0: 0 0x8000766c (0x00e823b3) x7  0x00000001
core   0: 0x80007670 (0x00008cb5) c.xor   s1, a3
core   0: 0 0x80007670 (0x8cb5) x9  0xc3412ca4
core   0: 0x80007672 (0x000057fd) c.li    a5, -1
core   0: 0 0x80007672 (0x57fd) x15 0xffffffff
core   0: 0x80007674 (0x022af363) bgeu    s5, sp, pc + 38
core   0: 0 0x80007674 (0x022af363)
core   0: 0x80007678 (0x40aadf93) srai    t6, s5, 10
core   0: 0 0x80007678 (0x40aadf93) x31 0x00000000
core   0: 0x8000767c (0x00000001) c.nop
core   0: 0 0x8000767c (0x0001)
core   0: 0x8000767e (0x02ce3e33) mulhu   t3, t3, a2
core   0: 0 0x8000767e (0x02ce3e33) x28 0x00000000
core   0: 0x80007682 (0x006f1213) slli    tp, t5, 6
core   0: 0 0x80007682 (0x006f1213) x4  0x00000000
core   0: 0x80007686 (0x01ec7fb3) and     t6, s8, t5
core   0: 0 0x80007686 (0x01ec7fb3) x31 0x00000000
core   0: 0x8000768a (0xcec6bf13) sltiu   t5, a3, -788
core   0: 0 0x8000768a (0xcec6bf13) x30 0x00000001
core   0: 0x8000768e (0x00006189) c.lui   gp, 0x2
core   0: 0 0x8000768e (0x6189) x3  0x00002000
core   0: 0x80007690 (0x000090e2) c.add   ra, s8
core   0: 0 0x80007690 (0x90e2) x1  0x62e4e000
core   0: 0x80007692 (0x032ec133) div     sp, t4, s2
core   0: 0 0x80007692 (0x032ec133) x2  0x00000000
core   0: 0x80007696 (0x02a45f63) bge     s0, a0, pc + 62
core   0: 0 0x80007696 (0x02a45f63)
core   0: 0x8000769a (0x00775763) bge     a4, t2, pc + 14
core   0: 0 0x8000769a (0x00775763)
core   0: 0x8000769e (0x00b83d33) sltu    s10, a6, a1
core   0: 0 0x8000769e (0x00b83d33) x26 0x00000001
core   0: 0x800076a2 (0x0000611d) c.addi16sp sp, 416
core   0: 0 0x800076a2 (0x611d) x2  0x000001a0
core   0: 0x800076a4 (0x01311933) sll     s2, sp, s3
core   0: 0 0x800076a4 (0x01311933) x18 0x00000000
core   0: 0x800076a8 (0x03bb04b3) mul     s1, s6, s11
core   0: 0 0x800076a8 (0x03bb04b3) x9  0xee70c700
core   0: 0x800076ac (0x025801b3) mul     gp, a6, t0
core   0: 0 0x800076ac (0x025801b3) x3  0x81b06a9e
core   0: 0x800076b0 (0x0ff0000f) fence   iorw,iorw
core   0: 0 0x800076b0 (0x0ff0000f)
core   0: 0x800076b4 (0x0091c263) blt     gp, s1, pc + 4
core   0: 0 0x800076b4 (0x0091c263)
core   0: 0x800076b8 (0x0ff0000f) fence   iorw,iorw
core   0: 0 0x800076b8 (0x0ff0000f)
core   0: 0x800076bc (0x00415663) bge     sp, tp, pc + 12
core   0: 0 0x800076bc (0x00415663)
core   0: 0x800076c8 (0x00f249b3) xor     s3, tp, a5
core   0: 0 0x800076c8 (0x00f249b3) x19 0xffffffff
core   0: 0x800076cc (0x03a30f63) beq     t1, s10, pc + 62
core   0: 0 0x800076cc (0x03a30f63)
core   0: 0x800076d0 (0x0026a733) slt     a4, a3, sp
core   0: 0 0x800076d0 (0x0026a733) x14 0x00000001
core   0: 0x800076d4 (0x0000e499) c.bnez  s1, pc + 14
core   0: 0 0x800076d4 (0xe499)
core   0: 0x800076e2 (0x02cfee33) rem     t3, t6, a2
core   0: 0 0x800076e2 (0x02cfee33) x28 0x00000000
core   0: 0x800076e6 (0x027f87b3) mul     a5, t6, t2
core   0: 0 0x800076e6 (0x027f87b3) x15 0x00000000
core   0: 0x800076ea (0x0226c563) blt     a3, sp, pc + 42
core   0: 0 0x800076ea (0x0226c563)
core   0: 0x80007714 (0x05006063) bltu    zero, a6, pc + 64
core   0: 0 0x80007714 (0x05006063)
core   0: 0x80007754 (0x00f7de63) bge     a5, a5, pc + 28
core   0: 0 0x80007754 (0x00f7de63)
core   0: 0x80007770 (0x01dbea33) or      s4, s7, t4
core   0: 0 0x80007770 (0x01dbea33) x20 0x8001fe58
core   0: 0x80007774 (0x00009eca) c.add   t4, s2
core   0: 0 0x80007774 (0x9eca) x29 0x00000000
core   0: 0x80007776 (0x30a20093) addi    ra, tp, 778
core   0: 0 0x80007776 (0x30a20093) x1  0x0000030a
core   0: 0x8000777a (0x00000001) c.nop
core   0: 0 0x8000777a (0x0001)
core   0: 0x8000777c (0x00000001) c.nop
core   0: 0 0x8000777c (0x0001)
core   0: 0x8000777e (0x00a7cc63) blt     a5, a0, pc + 24
core   0: 0 0x8000777e (0x00a7cc63)
core   0: 0x80007796 (0x039ab333) mulhu   t1, s5, s9
core   0: 0 0x80007796 (0x039ab333) x6  0x00000000
core   0: 0x8000779a (0xa15e3a93) sltiu   s5, t3, -1515
core   0: 0 0x8000779a (0xa15e3a93) x21 0x00000001
core   0: 0x8000779e (0x0154e563) bltu    s1, s5, pc + 10
core   0: 0 0x8000779e (0x0154e563)
core   0: 0x800077a2 (0xa289f813) andi    a6, s3, -1496
core   0: 0 0x800077a2 (0xa289f813) x16 0xfffffa28
core   0: 0x800077a6 (0x0000187d) c.addi  a6, -1
core   0: 0 0x800077a6 (0x187d) x16 0xfffffa27
core   0: 0x800077a8 (0x401a02b3) sub     t0, s4, ra
core   0: 0 0x800077a8 (0x401a02b3) x5  0x8001fb4e
core   0: 0x800077ac (0x004747b3) xor     a5, a4, tp
core   0: 0 0x800077ac (0x004747b3) x15 0x00000001
core   0: 0x800077b0 (0x0079f733) and     a4, s3, t2
core   0: 0 0x800077b0 (0x0079f733) x14 0x00000001
core   0: 0x800077b4 (0xafcab313) sltiu   t1, s5, -1284
core   0: 0 0x800077b4 (0xafcab313) x6  0x00000001
core   0: 0x800077b8 (0xb1eaae93) slti    t4, s5, -1250
core   0: 0 0x800077b8 (0xb1eaae93) x29 0x00000000
core   0: 0x800077bc (0x00008cc9) c.or    s1, a0
core   0: 0 0x800077bc (0x8cc9) x9  0xfff0dfbd
core   0: 0x800077be (0x0239d333) divu    t1, s3, gp
core   0: 0 0x800077be (0x0239d333) x6  0x00000001
core   0: 0x800077c2 (0x00006de1) c.lui   s11, 0x18
core   0: 0 0x800077c2 (0x6de1) x27 0x00018000
core   0: 0x800077c4 (0x0000e911) c.bnez  a0, pc + 20
core   0: 0 0x800077c4 (0xe911)
core   0: 0x800077d8 (0x011a9e63) bne     s5, a7, pc + 28
core   0: 0 0x800077d8 (0x011a9e63)
core   0: 0x800077dc (0xc5f22913) slti    s2, tp, -929
core   0: 0 0x800077dc (0xc5f22913) x18 0x00000000
core   0: 0x800077e0 (0x03b0ab33) mulhsu  s6, ra, s11
core   0: 0 0x800077e0 (0x03b0ab33) x22 0x00000000
core   0: 0x800077e4 (0x00971fb3) sll     t6, a4, s1
core   0: 0 0x800077e4 (0x00971fb3) x31 0x20000000
core   0: 0x800077e8 (0x0000ee1d) c.bnez  a2, pc + 62
core   0: 0 0x800077e8 (0xee1d)
core   0: 0x80007826 (0x31e93e93) sltiu   t4, s2, 798
core   0: 0 0x80007826 (0x31e93e93) x29 0x00000001
core   0: 0x8000782a (0x0270e933) rem     s2, ra, t2
core   0: 0 0x8000782a (0x0270e933) x18 0x00000000
core   0: 0x8000782e (0x2c9f8a93) addi    s5, t6, 713
core   0: 0 0x8000782e (0x2c9f8a93) x21 0x200002c9
core   0: 0x80007832 (0x00f61033) sll     zero, a2, a5
core   0: 0 0x80007832 (0x00f61033)
core   0: 0x80007836 (0x000094b6) c.add   s1, a3
core   0: 0 0x80007836 (0x94b6) x9  0x7ff31ca1
core   0: 0x80007838 (0x00009c06) c.add   s8, ra
core   0: 0 0x80007838 (0x9c06) x24 0x62e4030a
core   0: 0x8000783a (0x419bd4b3) sra     s1, s7, s9
core   0: 0 0x8000783a (0x419bd4b3) x9  0xffffffff
core   0: 0x8000783e (0x03f1e663) bltu    gp, t6, pc + 44
core   0: 0 0x8000783e (0x03f1e663)
core   0: 0x80007842 (0x00849d63) bne     s1, s0, pc + 26
core   0: 0 0x80007842 (0x00849d63)
core   0: 0x8000785c (0x000003ba) c.slli  t2, 14
core   0: 0 0x8000785c (0x03ba) x7  0x00004000
core   0: 0x8000785e (0x01a68fb3) add     t6, a3, s10
core   0: 0 0x8000785e (0x01a68fb3) x31 0x80023ce5
core   0: 0x80007862 (0x001b1f33) sll     t5, s6, ra
core   0: 0 0x80007862 (0x001b1f33) x30 0x00000000
core   0: 0x80007866 (0x035570b3) remu    ra, a0, s5
core   0: 0 0x80007866 (0x035570b3) x1  0x1380192b
core   0: 0x8000786a (0x00a09493) slli    s1, ra, 10
core   0: 0 0x8000786a (0x00a09493) x9  0x0064ac00
core   0: 0x8000786e (0x00008fd1) c.or    a5, a2
core   0: 0 0x8000786e (0x8fd1) x15 0x000e2001
core   0: 0x80007870 (0x000080e9) c.srli  s1, 26
core   0: 0 0x80007870 (0x80e9) x9  0x00000000
core   0: 0x80007872 (0x00008075) c.srli  s0, 29
core   0: 0 0x80007872 (0x8075) x8  0x00000005
core   0: 0x80007874 (0x021979b3) remu    s3, s2, ra
core   0: 0 0x80007874 (0x021979b3) x19 0x00000000
core   0: 0x80007878 (0x03c48db3) mul     s11, s1, t3
core   0: 0 0x80007878 (0x03c48db3) x27 0x00000000
core   0: 0x8000787c (0x03d24db3) div     s11, tp, t4
core   0: 0 0x8000787c (0x03d24db3) x27 0x00000000
core   0: 0x80007880 (0x02ec3333) mulhu   t1, s8, a4
core   0: 0 0x80007880 (0x02ec3333) x6  0x00000000
core   0: 0x80007884 (0x024f6db3) rem     s11, t5, tp
core   0: 0 0x80007884 (0x024f6db3) x27 0x00000000
core   0: 0x80007888 (0x0380bc33) mulhu   s8, ra, s8
core   0: 0 0x80007888 (0x0380bc33) x24 0x078867f4
core   0: 0x8000788c (0x030d6f33) rem     t5, s10, a6
core   0: 0 0x8000788c (0x030d6f33) x30 0x00000001
core   0: 0x80007890 (0x00001b10) c.addi4spn a2, sp, 432
core   0: 0 0x80007890 (0x1b10) x12 0x00000350
core   0: 0x80007892 (0x035d7763) bgeu    s10, s5, pc + 46
core   0: 0 0x80007892 (0x035d7763)
core   0: 0x80007896 (0x006c5d13) srli    s10, s8, 6
core   0: 0 0x80007896 (0x006c5d13) x26 0x001e219f
core   0: 0x8000789a (0x03c88433) mul     s0, a7, t3
core   0: 0 0x8000789a (0x03c88433) x8  0x00000000
core   0: 0x8000789e (0x41c5d0b3) sra     ra, a1, t3
core   0: 0 0x8000789e (0x41c5d0b3) x1  0xf1e8b1fd
core   0: 0x800078a2 (0x00008431) c.srai  s0, 12
core   0: 0 0x800078a2 (0x8431) x8  0x00000000
core   0: 0x800078a4 (0x020f4163) bltz    t5, pc + 34
core   0: 0 0x800078a4 (0x020f4163)
core   0: 0x800078a8 (0x403bd293) srai    t0, s7, 3
core   0: 0 0x800078a8 (0x403bd293) x5  0xf0003fcb
core   0: 0x800078ac (0x005a1293) slli    t0, s4, 5
core   0: 0 0x800078ac (0x005a1293) x5  0x003fcb00
core   0: 0x800078b0 (0x00000d7d) c.addi  s10, 31
core   0: 0 0x800078b0 (0x0d7d) x26 0x001e21be
core   0: 0x800078b2 (0xa2963f93) sltiu   t6, a2, -1495
core   0: 0 0x800078b2 (0xa2963f93) x31 0x00000001
core   0: 0x800078b6 (0x036b8833) mul     a6, s7, s6
core   0: 0 0x800078b6 (0x036b8833) x16 0x00000000
core   0: 0x800078ba (0x00008f91) c.sub   a5, a2
core   0: 0 0x800078ba (0x8f91) x15 0x000e1cb1
core   0: 0x800078bc (0x01a51763) bne     a0, s10, pc + 14
core   0: 0 0x800078bc (0x01a51763)
core   0: 0x800078ca (0x000044ad) c.li    s1, 11
core   0: 0 0x800078ca (0x44ad) x9  0x0000000b
core   0: 0x800078cc (0x00000001) c.nop
core   0: 0 0x800078cc (0x0001)
core   0: 0x800078ce (0x41a00fb3) sub     t6, zero, s10
core   0: 0 0x800078ce (0x41a00fb3) x31 0xffe1de42
core   0: 0x800078d2 (0x02184ab3) div     s5, a6, ra
core   0: 0 0x800078d2 (0x02184ab3) x21 0x00000000
core   0: 0x800078d6 (0x032962b3) rem     t0, s2, s2
core   0: 0 0x800078d6 (0x032962b3) x5  0x00000000
core   0: 0x800078da (0x000067fd) c.lui   a5, 0x1f
core   0: 0 0x800078da (0x67fd) x15 0x0001f000
core   0: 0x800078dc (0x0000eb9d) c.bnez  a5, pc + 54
core   0: 0 0x800078dc (0xeb9d)
core   0: 0x80007912 (0x00441493) slli    s1, s0, 4
core   0: 0 0x80007912 (0x00441493) x9  0x00000000
core   0: 0x80007916 (0x0005f333) and     t1, a1, zero
core   0: 0 0x80007916 (0x0005f333) x6  0x00000000
core   0: 0x8000791a (0x00008c85) c.sub   s1, s1
core   0: 0 0x8000791a (0x8c85) x9  0x00000000
core   0: 0x8000791c (0x007fbeb3) sltu    t4, t6, t2
core   0: 0 0x8000791c (0x007fbeb3) x29 0x00000000
core   0: 0x80007920 (0x0210b3b3) mulhu   t2, ra, ra
core   0: 0 0x80007920 (0x0210b3b3) x7  0xe497f2a1
core   0: 0x80007924 (0x00008d11) c.sub   a0, a2
core   0: 0 0x80007924 (0x8d11) x10 0x53801b6d
core   0: 0x80007926 (0x408604b3) sub     s1, a2, s0
core   0: 0 0x80007926 (0x408604b3) x9  0x00000350
core   0: 0x8000792a (0x41845a33) sra     s4, s0, s8
core   0: 0 0x8000792a (0x41845a33) x20 0x00000000
core   0: 0x8000792e (0xb7592113) slti    sp, s2, -1163
core   0: 0 0x8000792e (0xb7592113) x2  0x00000000
core   0: 0x80007932 (0x01ad43b3) xor     t2, s10, s10
core   0: 0 0x80007932 (0x01ad43b3) x7  0x00000000
core   0: 0x80007936 (0x00008e9a) c.mv    t4, t1
core   0: 0 0x80007936 (0x8e9a) x29 0x00000000
core   0: 0x80007938 (0xfbd40a13) addi    s4, s0, -67
core   0: 0 0x80007938 (0xfbd40a13) x20 0xffffffbd
core   0: 0x8000793c (0x02f2fab3) remu    s5, t0, a5
core   0: 0 0x8000793c (0x02f2fab3) x21 0x00000000
core   0: 0x80007940 (0x0000084a) c.slli  a6, 18
core   0: 0 0x80007940 (0x084a) x16 0x00000000
core   0: 0x80007942 (0x00008881) c.andi  s1, 0
core   0: 0 0x80007942 (0x8881) x9  0x00000000
core   0: 0x80007944 (0x021ff133) remu    sp, t6, ra
core   0: 0 0x80007944 (0x021ff133) x2  0x0df92c45
core   0: 0x80007948 (0x008e1333) sll     t1, t3, s0
core   0: 0 0x80007948 (0x008e1333) x6  0x00000000
core   0: 0x8000794c (0xa71b7393) andi    t2, s6, -1423
core   0: 0 0x8000794c (0xa71b7393) x7  0x00000000
core   0: 0x80007950 (0x00b7e933) or      s2, a5, a1
core   0: 0 0x80007950 (0x00b7e933) x18 0xf1e9f1fd
core   0: 0x80007954 (0x028611b3) mulh    gp, a2, s0
core   0: 0 0x80007954 (0x028611b3) x3  0x00000000
core   0: 0x80007958 (0x00008e31) c.xor   a2, a2
core   0: 0 0x80007958 (0x8e31) x12 0x00000000
core   0: 0x8000795a (0x000080e6) c.mv    ra, s9
core   0: 0 0x8000795a (0x80e6) x1  0xffffffff
core   0: 0x8000795c (0x007d64b3) or      s1, s10, t2
core   0: 0 0x8000795c (0x007d64b3) x9  0x001e21be
core   0: 0x80007960 (0x0ff0000f) fence   iorw,iorw
core   0: 0 0x80007960 (0x0ff0000f)
core   0: 0x80007964 (0x03adee33) rem     t3, s11, s10
core   0: 0 0x80007964 (0x03adee33) x28 0x00000000
core   0: 0x80007968 (0x023fa3b3) mulhsu  t2, t6, gp
core   0: 0 0x80007968 (0x023fa3b3) x7  0x00000000
core   0: 0x8000796c (0x0368c963) blt     a7, s6, pc + 50
core   0: 0 0x8000796c (0x0368c963)
core   0: 0x80007970 (0x000098fd) c.andi  s1, -1
core   0: 0 0x80007970 (0x98fd) x9  0x001e21be
core   0: 0x80007972 (0x00006f99) c.lui   t6, 0x6
core   0: 0 0x80007972 (0x6f99) x31 0x00006000
core   0: 0x80007974 (0x02571533) mulh    a0, a4, t0
core   0: 0 0x80007974 (0x02571533) x10 0x00000000
core   0: 0x80007978 (0x01e902b3) add     t0, s2, t5
core   0: 0 0x80007978 (0x01e902b3) x5  0xf1e9f1fe
core   0: 0x8000797c (0x0000ef01) c.bnez  a4, pc + 24
core   0: 0 0x8000797c (0xef01)
core   0: 0x80007994 (0x028c1ab3) mulh    s5, s8, s0
core   0: 0 0x80007994 (0x028c1ab3) x21 0x00000000
core   0: 0x80007998 (0x032b5763) bge     s6, s2, pc + 46
core   0: 0 0x80007998 (0x032b5763)
core   0: 0x800079c6 (0x00008d15) c.sub   a0, a3
core   0: 0 0x800079c6 (0x8d15) x10 0x7ffdc31c
core   0: 0x800079c8 (0x00008d21) c.xor   a0, s0
core   0: 0 0x800079c8 (0x8d21) x10 0x7ffdc31c
core   0: 0x800079ca (0x00008e71) c.and   a2, a2
core   0: 0 0x800079ca (0x8e71) x12 0x00000000
core   0: 0x800079cc (0x00008f49) c.or    a4, a0
core   0: 0 0x800079cc (0x8f49) x14 0x7ffdc31d
core   0: 0x800079ce (0x019b13b3) sll     t2, s6, s9
core   0: 0 0x800079ce (0x019b13b3) x7  0x00000000
core   0: 0x800079d2 (0x40db0db3) sub     s11, s6, a3
core   0: 0 0x800079d2 (0x40db0db3) x27 0x7ffdc31c
core   0: 0x800079d6 (0x000089ea) c.mv    s3, s10
core   0: 0 0x800079d6 (0x89ea) x19 0x001e21be
core   0: 0x800079d8 (0xfff48f93) addi    t6, s1, -1
core   0: 0 0x800079d8 (0xfff48f93) x31 0x001e21bd
core   0: 0x800079dc (0x011ff933) and     s2, t6, a7
core   0: 0 0x800079dc (0x011ff933) x18 0x00000001
core   0: 0x800079e0 (0x00d122b3) slt     t0, sp, a3
core   0: 0 0x800079e0 (0x00d122b3) x5  0x00000000
core   0: 0x800079e4 (0x021ff7b3) remu    a5, t6, ra
core   0: 0 0x800079e4 (0x021ff7b3) x15 0x001e21bd
core   0: 0x800079e8 (0x419d8db3) sub     s11, s11, s9
core   0: 0 0x800079e8 (0x419d8db3) x27 0x7ffdc31d
core   0: 0x800079ec (0xd7126c13) ori     s8, tp, -655
core   0: 0 0x800079ec (0xd7126c13) x24 0xfffffd71
core   0: 0x800079f0 (0x02e74f63) blt     a4, a4, pc + 62
core   0: 0 0x800079f0 (0x02e74f63)
core   0: 0x800079f4 (0x00005f7d) c.li    t5, -1
core   0: 0 0x800079f4 (0x5f7d) x30 0xffffffff
core   0: 0x800079f6 (0x015320b3) slt     ra, t1, s5
core   0: 0 0x800079f6 (0x015320b3) x1  0x00000000
core   0: 0x800079fa (0x00008679) c.srai  a2, 30
core   0: 0 0x800079fa (0x8679) x12 0x00000000
core   0: 0x800079fc (0x01461333) sll     t1, a2, s4
core   0: 0 0x800079fc (0x01461333) x6  0x00000000
core   0: 0x80007a00 (0x05634063) blt     t1, s6, pc + 64
core   0: 0 0x80007a00 (0x05634063)
core   0: 0x80007a04 (0x692b67b7) lui     a5, 0x692b6
core   0: 0 0x80007a04 (0x692b67b7) x15 0x692b6000
core   0: 0x80007a08 (0x00008cf5) c.and   s1, a3
core   0: 0 0x80007a08 (0x8cf5) x9  0x000220a4
core   0: 0x80007a0a (0x1e5e5097) auipc   ra, 0x1e5e5
core   0: 0 0x80007a0a (0x1e5e5097) x1  0x9e5eca0a
core   0: 0x80007a0e (0x0000cc11) c.beqz  s0, pc + 28
core   0: 0 0x80007a0e (0xcc11)
core   0: 0x80007a2a (0x014aecb3) or      s9, s5, s4
core   0: 0 0x80007a2a (0x014aecb3) x25 0xffffffbd
core   0: 0x80007a2e (0x0ff0000f) fence   iorw,iorw
core   0: 0 0x80007a2e (0x0ff0000f)
core   0: 0x80007a32 (0x401b5c93) srai    s9, s6, 1
core   0: 0 0x80007a32 (0x401b5c93) x25 0x00000000
core   0: 0x80007a36 (0x02e66533) rem     a0, a2, a4
core   0: 0 0x80007a36 (0x02e66533) x10 0x00000000
core   0: 0x80007a3a (0x02a80833) mul     a6, a6, a0
core   0: 0 0x80007a3a (0x02a80833) x16 0x00000000
core   0: 0x80007a3e (0x00008459) c.srai  s0, 22
core   0: 0 0x80007a3e (0x8459) x8  0x00000000
core   0: 0x80007a40 (0x00000001) c.nop
core   0: 0 0x80007a40 (0x0001)
core   0: 0x80007a42 (0x00775463) bge     a4, t2, pc + 8
core   0: 0 0x80007a42 (0x00775463)
core   0: 0x80007a4a (0x07ff4363) blt     t5, t6, pc + 102
core   0: 0 0x80007a4a (0x07ff4363)
core   0: 0x80007ab0 (0x015a9ab3) sll     s5, s5, s5
core   0: 0 0x80007ab0 (0x015a9ab3) x21 0x00000000
core   0: 0x80007ab4 (0x00008d31) c.xor   a0, a2
core   0: 0 0x80007ab4 (0x8d31) x10 0x00000000
core   0: 0x80007ab6 (0x02ead4b3) divu    s1, s5, a4
core   0: 0 0x80007ab6 (0x02ead4b3) x9  0x00000000
core   0: 0x80007aba (0x01b81513) slli    a0, a6, 27
core   0: 0 0x80007aba (0x01b81513) x10 0x00000000
core   0: 0x80007abe (0x02d5da33) divu    s4, a1, a3
core   0: 0 0x80007abe (0x02d5da33) x20 0x00000001
core   0: 0x80007ac2 (0x02f6fab3) remu    s5, a3, a5
core   0: 0 0x80007ac2 (0x02f6fab3) x21 0x16d6dce4
core   0: 0x80007ac6 (0x1db36d37) lui     s10, 0x1db36
core   0: 0 0x80007ac6 (0x1db36d37) x26 0x1db36000
core   0: 0x80007aca (0x01458c33) add     s8, a1, s4
core   0: 0 0x80007aca (0x01458c33) x24 0xf1e8b1fe
core   0: 0x80007ace (0x00000001) c.nop
core   0: 0 0x80007ace (0x0001)
core   0: 0x80007ad0 (0x44119a17) auipc   s4, 0x44119
core   0: 0 0x80007ad0 (0x44119a17) x20 0xc4120ad0
core   0: 0x80007ad4 (0x009e5ab3) srl     s5, t3, s1
core   0: 0 0x80007ad4 (0x009e5ab3) x21 0x00000000
core   0: 0x80007ad8 (0x00006ddd) c.lui   s11, 0x17
core   0: 0 0x80007ad8 (0x6ddd) x27 0x00017000
core   0: 0x80007ada (0x02247e63) bgeu    s0, sp, pc + 60
core   0: 0 0x80007ada (0x02247e63)
core   0: 0x80007ade (0x00000001) c.nop
core   0: 0 0x80007ade (0x0001)
core   0: 0x80007ae0 (0x000081f2) c.mv    gp, t3
core   0: 0 0x80007ae0 (0x81f2) x3  0x00000000
core   0: 0x80007ae2 (0x000060d1) c.lui   ra, 0x14
core   0: 0 0x80007ae2 (0x60d1) x1  0x00014000
core   0: 0x80007ae4 (0x01fa9433) sll     s0, s5, t6
core   0: 0 0x80007ae4 (0x01fa9433) x8  0x00000000
core   0: 0x80007ae8 (0x45c97317) auipc   t1, 0x45c97
core   0: 0 0x80007ae8 (0x45c97317) x6  0xc5c9eae8
core   0: 0x80007aec (0x4064dcb3) sra     s9, s1, t1
core   0: 0 0x80007aec (0x4064dcb3) x25 0x00000000
core   0: 0x80007af0 (0x00008329) c.srli  a4, 10
core   0: 0 0x80007af0 (0x8329) x14 0x001fff70
core   0: 0x80007af2 (0xe9de6c93) ori     s9, t3, -355
core   0: 0 0x80007af2 (0xe9de6c93) x25 0xfffffe9d
core   0: 0x80007af6 (0x0000801d) c.srli  s0, 7
core   0: 0 0x80007af6 (0x801d) x8  0x00000000
core   0: 0x80007af8 (0x0090a933) slt     s2, ra, s1
core   0: 0 0x80007af8 (0x0090a933) x18 0x00000000
core   0: 0x80007afc (0x0ff0000f) fence   iorw,iorw
core   0: 0 0x80007afc (0x0ff0000f)
core   0: 0x80007b00 (0x468b0837) lui     a6, 0x468b0
core   0: 0 0x80007b00 (0x468b0837) x16 0x468b0000
core   0: 0x80007b04 (0x369a7c93) andi    s9, s4, 873
core   0: 0 0x80007b04 (0x369a7c93) x25 0x00000240
core   0: 0x80007b08 (0x00008e05) c.sub   a2, s1
core   0: 0 0x80007b08 (0x8e05) x12 0x00000000
core   0: 0x80007b0a (0x00006d61) c.lui   s10, 0x18
core   0: 0 0x80007b0a (0x6d61) x26 0x00018000
core   0: 0x80007b0c (0x260a3713) sltiu   a4, s4, 608
core   0: 0 0x80007b0c (0x260a3713) x14 0x00000000
core   0: 0x80007b10 (0xfaad8a13) addi    s4, s11, -86
core   0: 0 0x80007b10 (0xfaad8a13) x20 0x00016faa
core   0: 0x80007b14 (0x000099fa) c.add   s3, t5
core   0: 0 0x80007b14 (0x99fa) x19 0x001e21bd
core   0: 0x80007b16 (0x011c9c13) slli    s8, s9, 17
core   0: 0 0x80007b16 (0x011c9c13) x24 0x04800000
core   0: 0x80007b1a (0x03990663) beq     s2, s9, pc + 44
core   0: 0 0x80007b1a (0x03990663)
core   0: 0x80007b1e (0x0223cf33) div     t5, t2, sp
core   0: 0 0x80007b1e (0x0223cf33) x30 0x00000000
core   0: 0x80007b22 (0x00000a84) c.addi4spn s1, sp, 336
core   0: 0 0x80007b22 (0x0a84) x9  0x0df92d95
core   0: 0x80007b24 (0x00008931) c.andi  a0, 12
core   0: 0 0x80007b24 (0x8931) x10 0x00000000
core   0: 0x80007b26 (0x037572b3) remu    t0, a0, s7
core   0: 0 0x80007b26 (0x037572b3) x5  0x00000000
core   0: 0x80007b2a (0x02b2aab3) mulhsu  s5, t0, a1
core   0: 0 0x80007b2a (0x02b2aab3) x21 0x00000000
core   0: 0x80007b2e (0x00008d8a) c.mv    s11, sp
core   0: 0 0x80007b2e (0x8d8a) x27 0x0df92c45
core   0: 0x80007b30 (0x00f4d813) srli    a6, s1, 15
core   0: 0 0x80007b30 (0x00f4d813) x16 0x00001bf2
core   0: 0x80007b34 (0x00008ca6) c.mv    s9, s1
core   0: 0 0x80007b34 (0x8ca6) x25 0x0df92d95
core   0: 0x80007b36 (0xa0256397) auipc   t2, 0xa0256
core   0: 0 0x80007b36 (0xa0256397) x7  0x2025db36
core   0: 0x80007b3a (0x00001e1c) c.addi4spn a5, sp, 816
core   0: 0 0x80007b3a (0x1e1c) x15 0x0df92f75
core   0: 0x80007b3c (0x00008635) c.srai  a2, 13
core   0: 0 0x80007b3c (0x8635) x12 0x00000000
core   0: 0x80007b3e (0x00000001) c.nop
core   0: 0 0x80007b3e (0x0001)
core   0: 0x80007b40 (0x03db1633) mulh    a2, s6, t4
core   0: 0 0x80007b40 (0x03db1633) x12 0x00000000
core   0: 0x80007b44 (0x00008f8d) c.sub   a5, a1
core   0: 0 0x80007b44 (0x8f8d) x15 0x1c107d78
core   0: 0x80007b46 (0x00001898) c.addi4spn a4, sp, 112
core   0: 0 0x80007b46 (0x1898) x14 0x0df92cb5
core   0: 0x80007b48 (0x01c000ef) jal     pc + 0x1c
core   0: 0 0x80007b48 (0x01c000ef) x1  0x80007b4c
core   0: 0x80007b64 (0x00002019) c.jal   pc + 6
core   0: 0 0x80007b64 (0x2019) x1  0x80007b66
core   0: 0x80007b6a (0xff3ff0ef) jal     pc - 0xe
core   0: 0 0x80007b6a (0xff3ff0ef) x1  0x80007b6e
core   0: 0x80007b5c (0x00002031) c.jal   pc + 12
core   0: 0 0x80007b5c (0x2031) x1  0x80007b5e
core   0: 0x80007b68 (0x00003ffd) c.jal   pc - 2
core   0: 0 0x80007b68 (0x3ffd) x1  0x80007b6a
core   0: 0x80007b66 (0x0000b7ed) c.j     pc - 22
core   0: 0 0x80007b66 (0xb7ed)
core   0: 0x80007b50 (0x00800aef) jal     s5, pc + 0x8
core   0: 0 0x80007b50 (0x00800aef) x21 0x80007b54
core   0: 0x80007b58 (0x00002005) c.jal   pc + 32
core   0: 0 0x80007b58 (0x2005) x1  0x80007b5a
core   0: 0x80007b78 (0x00003fdd) c.jal   pc - 10
core   0: 0 0x80007b78 (0x3fdd) x1  0x80007b7a
core   0: 0x80007b6e (0xfdfff1ef) jal     gp, pc - 0x22
core   0: 0 0x80007b6e (0xfdfff1ef) x3  0x80007b72
core   0: 0x80007b4c (0x0000201d) c.jal   pc + 38
core   0: 0 0x80007b4c (0x201d) x1  0x80007b4e
core   0: 0x80007b72 (0x0000b7f5) c.j     pc - 20
core   0: 0 0x80007b72 (0xb7f5)
core   0: 0x80007b5e (0xff9ffc6f) jal     s8, pc - 0x8
core   0: 0 0x80007b5e (0xff9ffc6f) x24 0x80007b62
core   0: 0x80007b56 (0x00002839) c.jal   pc + 30
core   0: 0 0x80007b56 (0x2839) x1  0x80007b58
core   0: 0x80007b74 (0xfefff26f) jal     tp, pc - 0x12
core   0: 0 0x80007b74 (0xfefff26f) x4  0x80007b78
core   0: 0x80007b62 (0x0000b7f5) c.j     pc - 20
core   0: 0 0x80007b62 (0xb7f5)
core   0: 0x80007b4e (0x00002035) c.jal   pc + 44
core   0: 0 0x80007b4e (0x2035) x1  0x80007b50
core   0: 0x80007b7a (0x00003fe9) c.jal   pc - 38
core   0: 0 0x80007b7a (0x3fe9) x1  0x80007b7c
core   0: 0x80007b54 (0x0000a019) c.j     pc + 6
core   0: 0 0x80007b54 (0xa019)
core   0: 0x80007b5a (0x0000a00d) c.j     pc + 34
core   0: 0 0x80007b5a (0xa00d)
core   0: 0x80007b7c (0x146c8c13) addi    s8, s9, 326
core   0: 0 0x80007b7c (0x146c8c13) x24 0x0df92edb
core   0: 0x80007b80 (0x024bb333) mulhu   t1, s7, tp
core   0: 0 0x80007b80 (0x024bb333) x6  0x40013ce8
core   0: 0x80007b84 (0x00008f0a) c.mv    t5, sp
core   0: 0 0x80007b84 (0x8f0a) x30 0x0df92c45
core   0: 0x80007b86 (0xee062813) slti    a6, a2, -288
core   0: 0 0x80007b86 (0xee062813) x16 0x00000000
core   0: 0x80007b8a (0x36c6a013) slti    zero, a3, 876
core   0: 0 0x80007b8a (0x36c6a013)
core   0: 0x80007b8e (0x00001d80) c.addi4spn s0, sp, 752
core   0: 0 0x80007b8e (0x1d80) x8  0x0df92f35
core   0: 0x80007b90 (0x0000c115) c.beqz  a0, pc + 36
core   0: 0 0x80007b90 (0xc115)
core   0: 0x80007bb4 (0x00008c1d) c.sub   s0, a5
core   0: 0 0x80007bb4 (0x8c1d) x8  0xf1e8b1bd
core   0: 0x80007bb6 (0x00001488) c.addi4spn a0, sp, 608
core   0: 0 0x80007bb6 (0x1488) x10 0x0df92ea5
core   0: 0x80007bb8 (0x02096363) bltu    s2, zero, pc + 38
core   0: 0 0x80007bb8 (0x02096363)
core   0: 0x80007bbc (0xed552317) auipc   t1, 0xed552
core   0: 0 0x80007bbc (0xed552317) x6  0x6d559bbc
core   0: 0x80007bc0 (0x00000998) c.addi4spn a4, sp, 208
core   0: 0 0x80007bc0 (0x0998) x14 0x0df92d15
core   0: 0x80007bc2 (0x00815e93) srli    t4, sp, 8
core   0: 0 0x80007bc2 (0x00815e93) x29 0x000df92c
core   0: 0x80007bc6 (0x0035e663) bltu    a1, gp, pc + 12
core   0: 0 0x80007bc6 (0x0035e663)
core   0: 0x80007bca (0x01d11713) slli    a4, sp, 29
core   0: 0 0x80007bca (0x01d11713) x14 0xa0000000
core   0: 0x80007bce (0x01ecdc33) srl     s8, s9, t5
core   0: 0 0x80007bce (0x01ecdc33) x24 0x006fc96c
core   0: 0x80007bd2 (0x0000167d) c.addi  a2, -1
core   0: 0 0x80007bd2 (0x167d) x12 0xffffffff
core   0: 0x80007bd4 (0x0000167d) c.addi  a2, -1
core   0: 0 0x80007bd4 (0x167d) x12 0xfffffffe
core   0: 0x80007bd6 (0x03824763) blt     tp, s8, pc + 46
core   0: 0 0x80007bd6 (0x03824763)
core   0: 0x80007c04 (0x0161f1b3) and     gp, gp, s6
core   0: 0 0x80007c04 (0x0161f1b3) x3  0x00000000
core   0: 0x80007c08 (0x0000587d) c.li    a6, -1
core   0: 0 0x80007c08 (0x587d) x16 0xffffffff
core   0: 0x80007c0a (0x00008c56) c.mv    s8, s5
core   0: 0 0x80007c0a (0x8c56) x24 0x80007b54
core   0: 0x80007c0c (0x00008f91) c.sub   a5, a2
core   0: 0 0x80007c0c (0x8f91) x15 0x1c107d7a
core   0: 0x80007c0e (0x00009c6a) c.add   s8, s10
core   0: 0 0x80007c0e (0x9c6a) x24 0x8001fb54
core   0: 0x80007c10 (0x0140ee33) or      t3, ra, s4
core   0: 0 0x80007c10 (0x0140ee33) x28 0x80017ffe
core   0: 0x80007c14 (0x0000876d) c.srai  a4, 27
core   0: 0 0x80007c14 (0x876d) x14 0xfffffff4
core   0: 0x80007c16 (0x02980733) mul     a4, a6, s1
core   0: 0 0x80007c16 (0x02980733) x14 0xf206d26b
core   0: 0x80007c1a (0x037accb3) div     s9, s5, s7
core   0: 0 0x80007c1a (0x037accb3) x25 0x00000001
core   0: 0x80007c1e (0x005d9933) sll     s2, s11, t0
core   0: 0 0x80007c1e (0x005d9933) x18 0x0df92c45
core   0: 0x80007c22 (0x7731cf13) xori    t5, gp, 1907
core   0: 0 0x80007c22 (0x7731cf13) x30 0x00000773
core   0: 0x80007c26 (0x0236e533) rem     a0, a3, gp
core   0: 0 0x80007c26 (0x0236e533) x10 0x80023ce4
core   0: 0x80007c2a (0x00c8cd33) xor     s10, a7, a2
core   0: 0 0x80007c2a (0x00c8cd33) x26 0xffffffff
core   0: 0x80007c2e (0x0000100f) fence.i
core   0: 0 0x80007c2e (0x0000100f)
core   0: 0x80007c32 (0x0000c20d) c.beqz  a2, pc + 34
core   0: 0 0x80007c32 (0xc20d)
core   0: 0x80007c34 (0x01b56763) bltu    a0, s11, pc + 14
core   0: 0 0x80007c34 (0x01b56763)
core   0: 0x80007c38 (0x201b0a17) auipc   s4, 0x201b0
core   0: 0 0x80007c38 (0x201b0a17) x20 0xa01b7c38
core   0: 0x80007c3c (0x02121f63) bne     tp, ra, pc + 62
core   0: 0 0x80007c3c (0x02121f63)
core   0: 0x80007c7a (0x0000c4a5) c.beqz  s1, pc + 104
core   0: 0 0x80007c7a (0xc4a5)
core   0: 0x80007c7c (0x00001b7d) c.addi  s6, -1
core   0: 0 0x80007c7c (0x1b7d) x22 0xffffffff
core   0: 0x80007c7e (0x40d1db13) srai    s6, gp, 13
core   0: 0 0x80007c7e (0x40d1db13) x22 0x00000000
core   0: 0x80007c82 (0x7012c113) xori    sp, t0, 1793
core   0: 0 0x80007c82 (0x7012c113) x2  0x00000701
core   0: 0x80007c86 (0x00001f04) c.addi4spn s1, sp, 944
core   0: 0 0x80007c86 (0x1f04) x9  0x00000ab1
core   0: 0x80007c88 (0x05d86a63) bltu    a6, t4, pc + 84
core   0: 0 0x80007c88 (0x05d86a63)
core   0: 0x80007c8c (0x00001c7d) c.addi  s8, -1
core   0: 0 0x80007c8c (0x1c7d) x24 0x8001fb53
core   0: 0x80007c8e (0x20a0fc93) andi    s9, ra, 522
core   0: 0 0x80007c8e (0x20a0fc93) x25 0x00000208
core   0: 0x80007c92 (0x000000f6) c.slli  ra, 29
core   0: 0 0x80007c92 (0x00f6) x1  0x80000000
core   0: 0x80007c94 (0x028000ef) jal     pc + 0x28
core   0: 0 0x80007c94 (0x028000ef) x1  0x80007c98
core   0: 0x80007cbc (0x000037f5) c.jal   pc - 20
core   0: 0 0x80007cbc (0x37f5) x1  0x80007cbe
core   0: 0x80007ca8 (0x01a008ef) jal     a7, pc + 0x1a
core   0: 0 0x80007ca8 (0x01a008ef) x17 0x80007cac
core   0: 0x80007cc2 (0x00002021) c.jal   pc + 8
core   0: 0 0x80007cc2 (0x2021) x1  0x80007cc4
core   0: 0x80007cca (0xffdff0ef) jal     pc - 0x4
core   0: 0 0x80007cca (0xffdff0ef) x1  0x80007cce
core   0: 0x80007cc6 (0xfefff0ef) jal     pc - 0x12
core   0: 0 0x80007cc6 (0xfefff0ef) x1  0x80007cca
core   0: 0x80007cb4 (0xfe7ff0ef) jal     pc - 0x1a
core   0: 0 0x80007cb4 (0xfe7ff0ef) x1  0x80007cb8
core   0: 0x80007c9a (0x0000a02d) c.j     pc + 42
core   0: 0 0x80007c9a (0xa02d)
core   0: 0x80007cc4 (0x0000bfd5) c.j     pc - 12
core   0: 0 0x80007cc4 (0xbfd5)
core   0: 0x80007cb8 (0xfedff36f) jal     t1, pc - 0x14
core   0: 0 0x80007cb8 (0xfedff36f) x6  0x80007cbc
core   0: 0x80007ca4 (0x0000a021) c.j     pc + 8
core   0: 0 0x80007ca4 (0xa021)
core   0: 0x80007cac (0x00003fed) c.jal   pc - 6
core   0: 0 0x80007cac (0x3fed) x1  0x80007cae
core   0: 0x80007ca6 (0x0000a029) c.j     pc + 10
core   0: 0 0x80007ca6 (0xa029)
core   0: 0x80007cb0 (0xff3ff0ef) jal     pc - 0xe
core   0: 0 0x80007cb0 (0xff3ff0ef) x1  0x80007cb4
core   0: 0x80007ca2 (0x0000bffd) c.j     pc - 2
core   0: 0 0x80007ca2 (0xbffd)
core   0: 0x80007ca0 (0x0000bff5) c.j     pc - 4
core   0: 0 0x80007ca0 (0xbff5)
core   0: 0x80007c9c (0xffdff0ef) jal     pc - 0x4
core   0: 0 0x80007c9c (0xffdff0ef) x1  0x80007ca0
core   0: 0x80007c98 (0x0000a01d) c.j     pc + 38
core   0: 0 0x80007c98 (0xa01d)
core   0: 0x80007cbe (0xff1ff0ef) jal     pc - 0x10
core   0: 0 0x80007cbe (0xff1ff0ef) x1  0x80007cc2
core   0: 0x80007cae (0x0000a005) c.j     pc + 32
core   0: 0 0x80007cae (0xa005)
core   0: 0x80007cce (0x00008cbd) c.xor   s1, a5
core   0: 0 0x80007cce (0x8cbd) x9  0x1c1077cb
core   0: 0x80007cd0 (0xeea7f493) andi    s1, a5, -278
core   0: 0 0x80007cd0 (0xeea7f493) x9  0x1c107c6a
core   0: 0x80007cd4 (0x0000823d) c.srli  a2, 15
core   0: 0 0x80007cd4 (0x823d) x12 0x0001ffff
core   0: 0x80007cd6 (0x03446433) rem     s0, s0, s4
core   0: 0 0x80007cd6 (0x03446433) x8  0xf1e8b1bd
core   0: 0x80007cda (0x00008959) c.andi  a0, 22
core   0: 0 0x80007cda (0x8959) x10 0x00000004
core   0: 0x80007cdc (0x02df9c63) bne     t6, a3, pc + 56
core   0: 0 0x80007cdc (0x02df9c63)
core   0: 0x80007d14 (0x0000100f) fence.i
core   0: 0 0x80007d14 (0x0000100f)
core   0: 0x80007d18 (0x023dcf63) blt     s11, gp, pc + 62
core   0: 0 0x80007d18 (0x023dcf63)
core   0: 0x80007d1c (0x03f50933) mul     s2, a0, t6
core   0: 0 0x80007d1c (0x03f50933) x18 0x007886f4
core   0: 0x80007d20 (0x000001be) c.slli  gp, 15
core   0: 0 0x80007d20 (0x01be) x3  0x00000000
core   0: 0x80007d22 (0x00001c7d) c.addi  s8, -1
core   0: 0 0x80007d22 (0x1c7d) x24 0x8001fb52
core   0: 0x80007d24 (0x03918f33) mul     t5, gp, s9
core   0: 0 0x80007d24 (0x03918f33) x30 0x00000000
core   0: 0x80007d28 (0x00008e1d) c.sub   a2, a5
core   0: 0 0x80007d28 (0x8e1d) x12 0xe3f18285
core   0: 0x80007d2a (0x8a702a93) slti    s5, zero, -1881
core   0: 0 0x80007d2a (0x8a702a93) x21 0x00000000
core   0: 0x80007d2e (0x02c54863) blt     a0, a2, pc + 48
core   0: 0 0x80007d2e (0x02c54863)
core   0: 0x80007d32 (0x014b2c33) slt     s8, s6, s4
core   0: 0 0x80007d32 (0x014b2c33) x24 0x00000000
core   0: 0x80007d36 (0x00008c5d) c.or    s0, a5
core   0: 0 0x80007d36 (0x8c5d) x8  0xfdf8fdff
core   0: 0x80007d38 (0x03e510b3) mulh    ra, a0, t5
core   0: 0 0x80007d38 (0x03e510b3) x1  0x00000000
core   0: 0x80007d3c (0x00008d31) c.xor   a0, a2
core   0: 0 0x80007d3c (0x8d31) x10 0xe3f18281
core   0: 0x80007d3e (0x000d80b3) add     ra, s11, zero
core   0: 0 0x80007d3e (0x000d80b3) x1  0x0df92c45
core   0: 0x80007d42 (0x0ff0000f) fence   iorw,iorw
core   0: 0 0x80007d42 (0x0ff0000f)
core   0: 0x80007d46 (0x02dab733) mulhu   a4, s5, a3
core   0: 0 0x80007d46 (0x02dab733) x14 0x00000000
core   0: 0x80007d4a (0x032ffb33) remu    s6, t6, s2
core   0: 0 0x80007d4a (0x032ffb33) x22 0x001e21bd
core   0: 0x80007d4e (0x02ccadb3) mulhsu  s11, s9, a2
core   0: 0 0x80007d4e (0x02ccadb3) x27 0x000001cf
core   0: 0x80007d52 (0x03209833) mulh    a6, ra, s2
core   0: 0 0x80007d52 (0x03209833) x16 0x0006942a
core   0: 0x80007d56 (0x024ce733) rem     a4, s9, tp
core   0: 0 0x80007d56 (0x024ce733) x14 0x00000208
core   0: 0x80007d5a (0x02141933) mulh    s2, s0, ra
core   0: 0 0x80007d5a (0x02141933) x18 0xffe3abbb
core   0: 0x80007d5e (0x00009416) c.add   s0, t0
core   0: 0 0x80007d5e (0x9416) x8  0xfdf8fdff
core   0: 0x80007d60 (0x012bb1b3) sltu    gp, s7, s2
core   0: 0 0x80007d60 (0x012bb1b3) x3  0x00000001
core   0: 0x80007d64 (0x40840f33) sub     t5, s0, s0
core   0: 0 0x80007d64 (0x40840f33) x30 0x00000000
core   0: 0x80007d68 (0xe0c3a8b7) lui     a7, 0xe0c3a
core   0: 0 0x80007d68 (0xe0c3a8b7) x17 0xe0c3a000
core   0: 0x80007d6c (0x00009ece) c.add   t4, s3
core   0: 0 0x80007d6c (0x9ece) x29 0x002c1ae9
core   0: 0x80007d6e (0x00008f55) c.or    a4, a3
core   0: 0 0x80007d6e (0x8f55) x14 0x80023eec
core   0: 0x80007d70 (0x8a7b2e13) slti    t3, s6, -1881
core   0: 0 0x80007d70 (0x8a7b2e13) x28 0x00000000
core   0: 0x80007d74 (0x0022d3b3) srl     t2, t0, sp
core   0: 0 0x80007d74 (0x0022d3b3) x7  0x00000000
core   0: 0x80007d78 (0x00a811b3) sll     gp, a6, a0
core   0: 0 0x80007d78 (0x00a811b3) x3  0x000d2854
core   0: 0x80007d7c (0x00001a98) c.addi4spn a4, sp, 368
core   0: 0 0x80007d7c (0x1a98) x14 0x00000871
core   0: 0x80007d7e (0x00006165) c.addi16sp sp, 112
core   0: 0 0x80007d7e (0x6165) x2  0x00000771
core   0: 0x80007d80 (0x00797ab3) and     s5, s2, t2
core   0: 0 0x80007d80 (0x00797ab3) x21 0x00000000
core   0: 0x80007d84 (0x226c6213) ori     tp, s8, 550
core   0: 0 0x80007d84 (0x226c6213) x4  0x00000226
core   0: 0x80007d88 (0x51b76113) ori     sp, a4, 1307
core   0: 0 0x80007d88 (0x51b76113) x2  0x00000d7b
core   0: 0x80007d8c (0x0376aeb3) mulhsu  t4, a3, s7
core   0: 0 0x80007d8c (0x0376aeb3) x29 0xc0001f4a
core   0: 0x80007d90 (0x0342e833) rem     a6, t0, s4
core   0: 0 0x80007d90 (0x0342e833) x16 0x00000000
core   0: 0x80007d94 (0xf9028e93) addi    t4, t0, -112
core   0: 0 0x80007d94 (0xf9028e93) x29 0xffffff90
core   0: 0x80007d98 (0x00008c51) c.or    s0, a2
core   0: 0 0x80007d98 (0x8c51) x8  0xfff9ffff
core   0: 0x80007d9a (0x00c30eb3) add     t4, t1, a2
core   0: 0 0x80007d9a (0x00c30eb3) x29 0x63f1ff41
core   0: 0x80007d9e (0x0176e7b3) or      a5, a3, s7
core   0: 0 0x80007d9e (0x0176e7b3) x15 0x8003fefc
core   0: 0x80007da2 (0x02757433) remu    s0, a0, t2
core   0: 0 0x80007da2 (0x02757433) x8  0xe3f18281
core   0: 0x80007da6 (0x00c3de93) srli    t4, t2, 12
core   0: 0 0x80007da6 (0x00c3de93) x29 0x00000000
core   0: 0x80007daa (0x01c17233) and     tp, sp, t3
core   0: 0 0x80007daa (0x01c17233) x4  0x00000000
core   0: 0x80007dae (0x03ff3433) mulhu   s0, t5, t6
core   0: 0 0x80007dae (0x03ff3433) x8  0x00000000
core   0: 0x80007db2 (0x00008cf9) c.and   s1, a4
core   0: 0 0x80007db2 (0x8cf9) x9  0x00000860
core   0: 0x80007db4 (0x4126d833) sra     a6, a3, s2
core   0: 0 0x80007db4 (0x4126d833) x16 0xfffffff0
core   0: 0x80007db8 (0x0000c501) c.beqz  a0, pc + 8
core   0: 0 0x80007db8 (0xc501)
core   0: 0x80007dba (0x000083fd) c.srli  a5, 31
core   0: 0 0x80007dba (0x83fd) x15 0x00000001
core   0: 0x80007dbc (0x003cfcb3) and     s9, s9, gp
core   0: 0 0x80007dbc (0x003cfcb3) x25 0x00000000
core   0: 0x80007dc0 (0xde472c13) slti    s8, a4, -540
core   0: 0 0x80007dc0 (0xde472c13) x24 0x00000000
core   0: 0x80007dc4 (0x047b6163) bltu    s6, t2, pc + 66
core   0: 0 0x80007dc4 (0x047b6163)
core   0: 0x80007dc8 (0x03ac5fb3) divu    t6, s8, s10
core   0: 0 0x80007dc8 (0x03ac5fb3) x31 0x00000000
core   0: 0x80007dcc (0x0344fe33) remu    t3, s1, s4
core   0: 0 0x80007dcc (0x0344fe33) x28 0x00000860
core   0: 0x80007dd0 (0x001b43b3) xor     t2, s6, ra
core   0: 0 0x80007dd0 (0x001b43b3) x7  0x0de70df8
core   0: 0x80007dd4 (0x01c5d933) srl     s2, a1, t3
core   0: 0 0x80007dd4 (0x01c5d933) x18 0xf1e8b1fd
core   0: 0x80007dd8 (0x001add93) srli    s11, s5, 1
core   0: 0 0x80007dd8 (0x001add93) x27 0x00000000
core   0: 0x80007ddc (0x00006fd1) c.lui   t6, 0x14
core   0: 0 0x80007ddc (0x6fd1) x31 0x00014000
core   0: 0x80007dde (0x0000987d) c.andi  s0, -1
core   0: 0 0x80007dde (0x987d) x8  0x00000000
core   0: 0x80007de0 (0x40add9b3) sra     s3, s11, a0
core   0: 0 0x80007de0 (0x40add9b3) x19 0x00000000
core   0: 0x80007de4 (0x0000717d) c.addi16sp sp, -16
core   0: 0 0x80007de4 (0x717d) x2  0x00000d6b
core   0: 0x80007de6 (0x023deb63) bltu    s11, gp, pc + 54
core   0: 0 0x80007de6 (0x023deb63)
core   0: 0x80007e1c (0x0000100f) fence.i
core   0: 0 0x80007e1c (0x0000100f)
core   0: 0x80007e20 (0x00624eb3) xor     t4, tp, t1
core   0: 0 0x80007e20 (0x00624eb3) x29 0x80007cbc
core   0: 0x80007e24 (0x0000100f) fence.i
core   0: 0 0x80007e24 (0x0000100f)
core   0: 0x80007e28 (0x03e64333) div     t1, a2, t5
core   0: 0 0x80007e28 (0x03e64333) x6  0xffffffff
core   0: 0x80007e2c (0x02efd633) divu    a2, t6, a4
core   0: 0 0x80007e2c (0x02efd633) x12 0x00000025
core   0: 0x80007e30 (0x03aeff63) bgeu    t4, s10, pc + 62
core   0: 0 0x80007e30 (0x03aeff63)
core   0: 0x80007e34 (0x03be2313) slti    t1, t3, 59
core   0: 0 0x80007e34 (0x03be2313) x6  0x00000000
core   0: 0x80007e38 (0x0000100f) fence.i
core   0: 0 0x80007e38 (0x0000100f)
core   0: 0x80007e3c (0x00000001) c.nop
core   0: 0 0x80007e3c (0x0001)
core   0: 0x80007e3e (0x01616863) bltu    sp, s6, pc + 16
core   0: 0 0x80007e3e (0x01616863)
core   0: 0x80007e4e (0x0289f933) remu    s2, s3, s0
core   0: 0 0x80007e4e (0x0289f933) x18 0x00000000
core   0: 0x80007e52 (0x02d188b3) mul     a7, gp, a3
core   0: 0 0x80007e52 (0x02d188b3) x17 0x71d39ad0
core   0: 0x80007e56 (0x0000e01d) c.bnez  s0, pc + 38
core   0: 0 0x80007e56 (0xe01d)
core   0: 0x80007e58 (0x000084ce) c.mv    s1, s3
core   0: 0 0x80007e58 (0x84ce) x9  0x00000000
core   0: 0x80007e5a (0x03dc13b3) mulh    t2, s8, t4
core   0: 0 0x80007e5a (0x03dc13b3) x7  0x00000000
core   0: 0x80007e5e (0x02288433) mul     s0, a7, sp
core   0: 0 0x80007e5e (0x02288433) x8  0x524e44f0
core   0: 0x80007e62 (0x00000791) c.addi  a5, 4
core   0: 0 0x80007e62 (0x0791) x15 0x00000005
core   0: 0x80007e64 (0x00000001) c.nop
core   0: 0 0x80007e64 (0x0001)
core   0: 0x80007e66 (0x0391f033) remu    zero, gp, s9
core   0: 0 0x80007e66 (0x0391f033)
core   0: 0x80007e6a (0x03564fb3) div     t6, a2, s5
core   0: 0 0x80007e6a (0x03564fb3) x31 0xffffffff
core   0: 0x80007e6e (0xe3576013) ori     zero, a4, -459
core   0: 0 0x80007e6e (0xe3576013)
core   0: 0x80007e72 (0x00006ed9) c.lui   t4, 0x16
core   0: 0 0x80007e72 (0x6ed9) x29 0x00016000
core   0: 0x80007e74 (0x44e5e313) ori     t1, a1, 1102
core   0: 0 0x80007e74 (0x44e5e313) x6  0xf1e8b5ff
core   0: 0x80007e78 (0x02fc5063) bge     s8, a5, pc + 32
core   0: 0 0x80007e78 (0x02fc5063)
core   0: 0x80007e7c (0x000014fd) c.addi  s1, -1
core   0: 0 0x80007e7c (0x14fd) x9  0xffffffff
core   0: 0x80007e7e (0x0d5a7493) andi    s1, s4, 213
core   0: 0 0x80007e7e (0x0d5a7493) x9  0x00000010
core   0: 0x80007e82 (0x00f0e933) or      s2, ra, a5
core   0: 0 0x80007e82 (0x00f0e933) x18 0x0df92c45
core   0: 0x80007e86 (0x4c610c13) addi    s8, sp, 1222
core   0: 0 0x80007e86 (0x4c610c13) x24 0x00001231
core   0: 0x80007e8a (0x01f7e9b3) or      s3, a5, t6
core   0: 0 0x80007e8a (0x01f7e9b3) x19 0xffffffff
core   0: 0x80007e8e (0x00299e33) sll     t3, s3, sp
core   0: 0 0x80007e8e (0x00299e33) x28 0xfffff800
core   0: 0x80007e92 (0x00004e05) c.li    t3, 1
core   0: 0 0x80007e92 (0x4e05) x28 0x00000001
core   0: 0x80007e94 (0xd57d2093) slti    ra, s10, -681
core   0: 0 0x80007e94 (0xd57d2093) x1  0x00000000
core   0: 0x80007e98 (0x032f9263) bne     t6, s2, pc + 36
core   0: 0 0x80007e98 (0x032f9263)
core   0: 0x80007ebc (0x000083d5) c.srli  a5, 21
core   0: 0 0x80007ebc (0x83d5) x15 0x00000000
core   0: 0x80007ebe (0x038cc433) div     s0, s9, s8
core   0: 0 0x80007ebe (0x038cc433) x8  0x00000000
core   0: 0x80007ec2 (0x00dba733) slt     a4, s7, a3
core   0: 0 0x80007ec2 (0x00dba733) x14 0x00000001
core   0: 0x80007ec6 (0x00bf1a33) sll     s4, t5, a1
core   0: 0 0x80007ec6 (0x00bf1a33) x20 0x00000000
core   0: 0x80007eca (0x01d70a63) beq     a4, t4, pc + 20
core   0: 0 0x80007eca (0x01d70a63)
core   0: 0x80007ece (0x00008909) c.andi  a0, 2
core   0: 0 0x80007ece (0x8909) x10 0x00000000
core   0: 0x80007ed0 (0x039958b3) divu    a7, s2, s9
core   0: 0 0x80007ed0 (0x039958b3) x17 0xffffffff
core   0: 0x80007ed4 (0x000a3633) sltu    a2, s4, zero
core   0: 0 0x80007ed4 (0x000a3633) x12 0x00000000
core   0: 0x80007ed8 (0x00000001) c.nop
core   0: 0 0x80007ed8 (0x0001)
core   0: 0x80007eda (0x00008c49) c.or    s0, a0
core   0: 0 0x80007eda (0x8c49) x8  0x00000000
core   0: 0x80007edc (0x0000c781) c.beqz  a5, pc + 8
core   0: 0 0x80007edc (0xc781)
core   0: 0x80007ee4 (0x01075813) srli    a6, a4, 16
core   0: 0 0x80007ee4 (0x01075813) x16 0x00000000
core   0: 0x80007ee8 (0x00507563) bgeu    zero, t0, pc + 10
core   0: 0 0x80007ee8 (0x00507563)
core   0: 0x80007ef2 (0x0ff0000f) fence   iorw,iorw
core   0: 0 0x80007ef2 (0x0ff0000f)
core   0: 0x80007ef6 (0x00008e41) c.or    a2, s0
core   0: 0 0x80007ef6 (0x8e41) x12 0x00000000
core   0: 0x80007ef8 (0x00008729) c.srai  a4, 10
core   0: 0 0x80007ef8 (0x8729) x14 0x00000000
core   0: 0x80007efa (0x0000812d) c.srli  a0, 11
core   0: 0 0x80007efa (0x812d) x10 0x00000000
core   0: 0x80007efc (0xac228c37) lui     s8, 0xac228
core   0: 0 0x80007efc (0xac228c37) x24 0xac228000
core   0: 0x80007f00 (0x00008cd5) c.or    s1, a3
core   0: 0 0x80007f00 (0x8cd5) x9  0x80023cf4
core   0: 0x80007f02 (0x00936b33) or      s6, t1, s1
core   0: 0 0x80007f02 (0x00936b33) x22 0xf1eabdff
core   0: 0x80007f06 (0x03b64033) div     zero, a2, s11
core   0: 0 0x80007f06 (0x03b64033)
core   0: 0x80007f0a (0x02f00897) auipc   a7, 0x2f00
core   0: 0 0x80007f0a (0x02f00897) x17 0x82f07f0a
core   0: 0x80007f0e (0x410f5713) srai    a4, t5, 16
core   0: 0 0x80007f0e (0x410f5713) x14 0x00000000
core   0: 0x80007f12 (0x00005c7d) c.li    s8, -1
core   0: 0 0x80007f12 (0x5c7d) x24 0xffffffff
core   0: 0x80007f14 (0x00613033) sltu    zero, sp, t1
core   0: 0 0x80007f14 (0x00613033)
core   0: 0x80007f18 (0x41995e13) srai    t3, s2, 25
core   0: 0 0x80007f18 (0x41995e13) x28 0x00000006
core   0: 0x80007f1c (0x0ff0000f) fence   iorw,iorw
core   0: 0 0x80007f1c (0x0ff0000f)
core   0: 0x80007f20 (0x0000c215) c.beqz  a2, pc + 36
core   0: 0 0x80007f20 (0xc215)
core   0: 0x80007f44 (0x0107de63) bge     a5, a6, pc + 28
core   0: 0 0x80007f44 (0x0107de63)
core   0: 0x80007f60 (0x01af4e63) blt     t5, s10, pc + 28
core   0: 0 0x80007f60 (0x01af4e63)
core   0: 0x80007f64 (0xc1526293) ori     t0, tp, -1003
core   0: 0 0x80007f64 (0xc1526293) x5  0xfffffc15
core   0: 0x80007f68 (0x01357933) and     s2, a0, s3
core   0: 0 0x80007f68 (0x01357933) x18 0x00000000
core   0: 0x80007f6c (0x00008c1d) c.sub   s0, a5
core   0: 0 0x80007f6c (0x8c1d) x8  0x00000000
core   0: 0x80007f6e (0x00009bfd) c.andi  a5, -1
core   0: 0 0x80007f6e (0x9bfd) x15 0x00000000
core   0: 0x80007f70 (0x00008099) c.srli  s1, 6
core   0: 0 0x80007f70 (0x8099) x9  0x020008f3
core   0: 0x80007f72 (0x0164de63) bge     s1, s6, pc + 28
core   0: 0 0x80007f72 (0x0164de63)
core   0: 0x80007f8e (0x01049b13) slli    s6, s1, 16
core   0: 0 0x80007f8e (0x01049b13) x22 0x08f30000
core   0: 0x80007f92 (0x00001608) c.addi4spn a0, sp, 800
core   0: 0 0x80007f92 (0x1608) x10 0x0000108b
core   0: 0x80007f94 (0x8cfc4293) xori    t0, s8, -1841
core   0: 0 0x80007f94 (0x8cfc4293) x5  0x00000730
core   0: 0x80007f98 (0x408b5833) sra     a6, s6, s0
core   0: 0 0x80007f98 (0x408b5833) x16 0x08f30000
core   0: 0x80007f9c (0x1e197737) lui     a4, 0x1e197
core   0: 0 0x80007f9c (0x1e197737) x14 0x1e197000
core   0: 0x80007fa0 (0x025844b3) div     s1, a6, t0
core   0: 0 0x80007fa0 (0x025844b3) x9  0x00013ebf
core   0: 0x80007fa4 (0x4138dd33) sra     s10, a7, s3
core   0: 0 0x80007fa4 (0x4138dd33) x26 0xffffffff
core   0: 0x80007fa8 (0x00008ced) c.and   s1, a1
core   0: 0 0x80007fa8 (0x8ced) x9  0x000030bd
core   0: 0x80007faa (0x0000c79d) c.beqz  a5, pc + 46
core   0: 0 0x80007faa (0xc79d)
core   0: 0x80007fd8 (0x025aec33) rem     s8, s5, t0
core   0: 0 0x80007fd8 (0x025aec33) x24 0x00000000
core   0: 0x80007fdc (0x0000e501) c.bnez  a0, pc + 8
core   0: 0 0x80007fdc (0xe501)
core   0: 0x80007fe4 (0xf5b86993) ori     s3, a6, -165
core   0: 0 0x80007fe4 (0xf5b86993) x19 0xffffff5b
core   0: 0x80007fe8 (0x019ad1b3) srl     gp, s5, s9
core   0: 0 0x80007fe8 (0x019ad1b3) x3  0x00000000
core   0: 0x80007fec (0xa2fa7193) andi    gp, s4, -1489
core   0: 0 0x80007fec (0xa2fa7193) x3  0x00000000
core   0: 0x80007ff0 (0x000098fd) c.andi  s1, -1
core   0: 0 0x80007ff0 (0x98fd) x9  0x000030bd
core   0: 0x80007ff2 (0x02715463) bge     sp, t2, pc + 40
core   0: 0 0x80007ff2 (0x02715463)
core   0: 0x8000801a (0x0000100f) fence.i
core   0: 0 0x8000801a (0x0000100f)
core   0: 0x8000801e (0x00008ce5) c.and   s1, s1
core   0: 0 0x8000801e (0x8ce5) x9  0x000030bd
core   0: 0x80008020 (0x03db5563) bge     s6, t4, pc + 42
core   0: 0 0x80008020 (0x03db5563)
core   0: 0x8000804a (0x000048dd) c.li    a7, 23
core   0: 0 0x8000804a (0x48dd) x17 0x00000017
core   0: 0x8000804c (0x0043dc63) bge     t2, tp, pc + 24
core   0: 0 0x8000804c (0x0043dc63)
core   0: 0x80008064 (0x00000b12) c.slli  s6, 4
core   0: 0 0x80008064 (0x0b12) x22 0x8f300000
core   0: 0x80008066 (0x3e08c613) xori    a2, a7, 992
core   0: 0 0x80008066 (0x3e08c613) x12 0x000003f7
core   0: 0x8000806a (0x023d3d33) mulhu   s10, s10, gp
core   0: 0 0x8000806a (0x023d3d33) x26 0x00000000
core   0: 0x8000806e (0x0ff0000f) fence   iorw,iorw
core   0: 0 0x8000806e (0x0ff0000f)
core   0: 0x80008072 (0x00a63eb3) sltu    t4, a2, a0
core   0: 0 0x80008072 (0x00a63eb3) x29 0x00000001
core   0: 0x80008076 (0x01a33033) sltu    zero, t1, s10
core   0: 0 0x80008076 (0x01a33033)
core   0: 0x8000807a (0x00fad393) srli    t2, s5, 15
core   0: 0 0x8000807a (0x00fad393) x7  0x00000000
core   0: 0x8000807e (0x022bd833) divu    a6, s7, sp
core   0: 0 0x8000807e (0x022bd833) x16 0x00098a3f
core   0: 0x80008082 (0x00006ed5) c.lui   t4, 0x15
core   0: 0 0x80008082 (0x6ed5) x29 0x00015000
core   0: 0x80008084 (0x00008c99) c.sub   s1, a4
core   0: 0 0x80008084 (0x8c99) x9  0xe1e6c0bd
core   0: 0x80008086 (0x01f29913) slli    s2, t0, 31
core   0: 0 0x80008086 (0x01f29913) x18 0x00000000
core   0: 0x8000808a (0x00008e25) c.xor   a2, s1
core   0: 0 0x8000808a (0x8e25) x12 0xe1e6c34a
core   0: 0x8000808c (0x00000001) c.nop
core   0: 0 0x8000808c (0x0001)
core   0: 0x8000808e (0x003d8133) add     sp, s11, gp
core   0: 0 0x8000808e (0x003d8133) x2  0x00000000
core   0: 0x80008092 (0x408d0f33) sub     t5, s10, s0
core   0: 0 0x80008092 (0x408d0f33) x30 0x00000000
core   0: 0x80008096 (0x0000884d) c.andi  s0, 19
core   0: 0 0x80008096 (0x884d) x8  0x00000000
core   0: 0x80008098 (0x0000100f) fence.i
core   0: 0 0x80008098 (0x0000100f)
core   0: 0x8000809c (0x00d43833) sltu    a6, s0, a3
core   0: 0 0x8000809c (0x00d43833) x16 0x00000001
core   0: 0x800080a0 (0x00009286) c.add   t0, ra
core   0: 0 0x800080a0 (0x9286) x5  0x00000730
core   0: 0x800080a2 (0x020c32b3) mulhu   t0, s8, zero
core   0: 0 0x800080a2 (0x020c32b3) x5  0x00000000
core   0: 0x800080a6 (0x00000001) c.nop
core   0: 0 0x800080a6 (0x0001)
core   0: 0x800080a8 (0x021f17b3) mulh    a5, t5, ra
core   0: 0 0x800080a8 (0x021f17b3) x15 0x00000000
core   0: 0x800080ac (0x0000100f) fence.i
core   0: 0 0x800080ac (0x0000100f)
core   0: 0x800080b0 (0x00008b1d) c.andi  a4, 7
core   0: 0 0x800080b0 (0x8b1d) x14 0x00000000
core   0: 0x800080b2 (0x000003de) c.slli  t2, 23
core   0: 0 0x800080b2 (0x03de) x7  0x00000000
core   0: 0x800080b4 (0x0055acb3) slt     s9, a1, t0
core   0: 0 0x800080b4 (0x0055acb3) x25 0x00000001
core   0: 0x800080b8 (0x0000997d) c.andi  a0, -1
core   0: 0 0x800080b8 (0x997d) x10 0x0000108b
core   0: 0x800080ba (0x404f59b3) sra     s3, t5, tp
core   0: 0 0x800080ba (0x404f59b3) x19 0x00000000
core   0: 0x800080be (0x012ef763) bgeu    t4, s2, pc + 14
core   0: 0 0x800080be (0x012ef763)
core   0: 0x800080cc (0x401e81b3) sub     gp, t4, ra
core   0: 0 0x800080cc (0x401e81b3) x3  0x00015000
core   0: 0x800080d0 (0x000059fd) c.li    s3, -1
core   0: 0 0x800080d0 (0x59fd) x19 0xffffffff
core   0: 0x800080d2 (0x03a80e33) mul     t3, a6, s10
core   0: 0 0x800080d2 (0x03a80e33) x28 0x00000000
core   0: 0x800080d6 (0x0000c48d) c.beqz  s1, pc + 42
core   0: 0 0x800080d6 (0xc48d)
core   0: 0x800080d8 (0x00db6633) or      a2, s6, a3
core   0: 0 0x800080d8 (0x00db6633) x12 0x8f323ce4
core   0: 0x800080dc (0x00163b33) sltu    s6, a2, ra
core   0: 0 0x800080dc (0x00163b33) x22 0x00000000
core   0: 0x800080e0 (0x6c7dcc93) xori    s9, s11, 1735
core   0: 0 0x800080e0 (0x6c7dcc93) x25 0x000006c7
core   0: 0x800080e4 (0xb4d26413) ori     s0, tp, -1203
core   0: 0 0x800080e4 (0xb4d26413) x8  0xfffffb4d
core   0: 0x800080e8 (0xf204fc17) auipc   s8, 0xf204f
core   0: 0 0x800080e8 (0xf204fc17) x24 0x720570e8
core   0: 0x800080ec (0x0220e263) bltu    ra, sp, pc + 36
core   0: 0 0x800080ec (0x0220e263)
core   0: 0x800080f0 (0x0243e563) bltu    t2, tp, pc + 42
core   0: 0 0x800080f0 (0x0243e563)
core   0: 0x800080f4 (0x026850b3) divu    ra, a6, t1
core   0: 0 0x800080f4 (0x026850b3) x1  0x00000000
core   0: 0x800080f8 (0x014cce33) xor     t3, s9, s4
core   0: 0 0x800080f8 (0x014cce33) x28 0x000006c7
core   0: 0x800080fc (0x01ef1663) bne     t5, t5, pc + 12
core   0: 0 0x800080fc (0x01ef1663)
core   0: 0x80008100 (0x00ed6663) bltu    s10, a4, pc + 12
core   0: 0 0x80008100 (0x00ed6663)
core   0: 0x80008104 (0x03319763) bne     gp, s3, pc + 46
core   0: 0 0x80008104 (0x03319763)
core   0: 0x80008132 (0xc8ea8f13) addi    t5, s5, -882
core   0: 0 0x80008132 (0xc8ea8f13) x30 0xfffffc8e
core   0: 0x80008136 (0x00000001) c.nop
core   0: 0 0x80008136 (0x0001)
core   0: 0x80008138 (0xb53bbd13) sltiu   s10, s7, -1197
core   0: 0 0x80008138 (0xb53bbd13) x26 0x00000001
core   0: 0x8000813c (0x00000804) c.addi4spn s1, sp, 16
core   0: 0 0x8000813c (0x0804) x9  0x00000010
core   0: 0x8000813e (0x00008259) c.srli  a2, 22
core   0: 0 0x8000813e (0x8259) x12 0x0000023c
core   0: 0x80008140 (0x00006825) c.lui   a6, 0x9
core   0: 0 0x80008140 (0x6825) x16 0x00009000
core   0: 0x80008142 (0x02f25e33) divu    t3, tp, a5
core   0: 0 0x80008142 (0x02f25e33) x28 0xffffffff
core   0: 0x80008146 (0x0000717d) c.addi16sp sp, -16
core   0: 0 0x80008146 (0x717d) x2  0xfffffff0
core   0: 0x80008148 (0x0196e4b3) or      s1, a3, s9
core   0: 0 0x80008148 (0x0196e4b3) x9  0x80023ee7
core   0: 0x8000814c (0x6566a213) slti    tp, a3, 1622
core   0: 0 0x8000814c (0x6566a213) x4  0x00000001
core   0: 0x80008150 (0x03189b63) bne     a7, a7, pc + 54
core   0: 0 0x80008150 (0x03189b63)
core   0: 0x80008154 (0x2c68ab37) lui     s6, 0x2c68a
core   0: 0 0x80008154 (0x2c68ab37) x22 0x2c68a000
core   0: 0x80008158 (0x00c71663) bne     a4, a2, pc + 12
core   0: 0 0x80008158 (0x00c71663)
core   0: 0x80008164 (0x53742393) slti    t2, s0, 1335
core   0: 0 0x80008164 (0x53742393) x7  0x00000001
core   0: 0x80008168 (0x0257ff63) bgeu    a5, t0, pc + 62
core   0: 0 0x80008168 (0x0257ff63)
core   0: 0x800081a6 (0x0000822d) c.srli  a2, 11
core   0: 0 0x800081a6 (0x822d) x12 0x00000000
core   0: 0x800081a8 (0x028e9033) mulh    zero, t4, s0
core   0: 0 0x800081a8 (0x028e9033)
core   0: 0x800081ac (0x03fe09b3) mul     s3, t3, t6
core   0: 0 0x800081ac (0x03fe09b3) x19 0x00000001
core   0: 0x800081b0 (0xa61f0f93) addi    t6, t5, -1439
core   0: 0 0x800081b0 (0xa61f0f93) x31 0xfffff6ef
core   0: 0x800081b4 (0x009521b3) slt     gp, a0, s1
core   0: 0 0x800081b4 (0x009521b3) x3  0x00000000
core   0: 0x800081b8 (0x022ec933) div     s2, t4, sp
core   0: 0 0x800081b8 (0x022ec933) x18 0xffffeb00
core   0: 0x800081bc (0x0189f1b3) and     gp, s3, s8
core   0: 0 0x800081bc (0x0189f1b3) x3  0x00000000
core   0: 0x800081c0 (0x409b84b3) sub     s1, s7, s1
core   0: 0 0x800081c0 (0x409b84b3) x9  0xffffbf71
core   0: 0x800081c4 (0x02ec7f63) bgeu    s8, a4, pc + 62
core   0: 0 0x800081c4 (0x02ec7f63)
core   0: 0x80008202 (0x00da8533) add     a0, s5, a3
core   0: 0 0x80008202 (0x00da8533) x10 0x80023ce4
core   0: 0x80008206 (0xc39eb193) sltiu   gp, t4, -967
core   0: 0 0x80008206 (0xc39eb193) x3  0x00000001
core   0: 0x8000820a (0x00008249) c.srli  a2, 18
core   0: 0 0x8000820a (0x8249) x12 0x00000000
core   0: 0x8000820c (0x55fafe17) auipc   t3, 0x55faf
core   0: 0 0x8000820c (0x55fafe17) x28 0xd5fb720c
core   0: 0x80008210 (0x6f624e13) xori    t3, tp, 1782
core   0: 0 0x80008210 (0x6f624e13) x28 0x000006f7
core   0: 0x80008214 (0x01a7e033) or      zero, a5, s10
core   0: 0 0x80008214 (0x01a7e033)
core   0: 0x80008218 (0x00008549) c.srai  a0, 18
core   0: 0 0x80008218 (0x8549) x10 0xffffe000
core   0: 0x8000821a (0xdf0a5e37) lui     t3, 0xdf0a5
core   0: 0 0x8000821a (0xdf0a5e37) x28 0xdf0a5000
core   0: 0x8000821e (0x00000704) c.addi4spn s1, sp, 896
core   0: 0 0x8000821e (0x0704) x9  0x00000370
core   0: 0x80008220 (0x057ff063) bgeu    t6, s7, pc + 64
core   0: 0 0x80008220 (0x057ff063)
core   0: 0x80008260 (0x009af333) and     t1, s5, s1
core   0: 0 0x80008260 (0x009af333) x6  0x00000000
core   0: 0x80008264 (0x02fa5c97) auipc   s9, 0x2fa5
core   0: 0 0x80008264 (0x02fa5c97) x25 0x82fad264
core   0: 0x80008268 (0x00004e95) c.li    t4, 5
core   0: 0 0x80008268 (0x4e95) x29 0x00000005
core   0: 0x8000826a (0x0000c089) c.beqz  s1, pc + 2
core   0: 0 0x8000826a (0xc089)
core   0: 0x8000826c (0xa5eba113) slti    sp, s7, -1442
core   0: 0 0x8000826c (0xa5eba113) x2  0x00000001
core   0: 0x80008270 (0xbeada193) slti    gp, s11, -1046
core   0: 0 0x80008270 (0xbeada193) x3  0x00000000
core   0: 0x80008274 (0x41b000b3) sub     ra, zero, s11
core   0: 0 0x80008274 (0x41b000b3) x1  0x00000000
core   0: 0x80008278 (0x03484c63) blt     a6, s4, pc + 56
core   0: 0 0x80008278 (0x03484c63)
core   0: 0x8000827c (0xba3eb913) sltiu   s2, t4, -1117
core   0: 0 0x8000827c (0xba3eb913) x18 0x00000001
core   0: 0x80008280 (0x000043cd) c.li    t2, 19
core   0: 0 0x80008280 (0x43cd) x7  0x00000013
core   0: 0x80008282 (0x417b5933) sra     s2, s6, s7
core   0: 0 0x80008282 (0x417b5933) x18 0x0000002c
core   0: 0x80008286 (0x00008f79) c.and   a4, a4
core   0: 0 0x80008286 (0x8f79) x14 0x00000000
core   0: 0x80008288 (0x41d75d93) srai    s11, a4, 29
core   0: 0 0x80008288 (0x41d75d93) x27 0x00000000
core   0: 0x8000828c (0x00008f81) c.sub   a5, s0
core   0: 0 0x8000828c (0x8f81) x15 0x000004b3
core   0: 0x8000828e (0x03339933) mulh    s2, t2, s3
core   0: 0 0x8000828e (0x03339933) x18 0x00000000
core   0: 0x80008292 (0x00008c11) c.sub   s0, a2
core   0: 0 0x80008292 (0x8c11) x8  0xfffffb4d
core   0: 0x80008294 (0x0139f633) and     a2, s3, s3
core   0: 0 0x80008294 (0x0139f633) x12 0x00000001
core   0: 0x80008298 (0x0373f133) remu    sp, t2, s7
core   0: 0 0x80008298 (0x0373f133) x2  0x00000013
core   0: 0x8000829c (0x00008962) c.mv    s2, s8
core   0: 0 0x8000829c (0x8962) x18 0x720570e8
core   0: 0x8000829e (0x00008c11) c.sub   s0, a2
core   0: 0 0x8000829e (0x8c11) x8  0xfffffb4c
core   0: 0x800082a0 (0x00008c51) c.or    s0, a2
core   0: 0 0x800082a0 (0x8c51) x8  0xfffffb4d
core   0: 0x800082a2 (0x03115333) divu    t1, sp, a7
core   0: 0 0x800082a2 (0x03115333) x6  0x00000000
core   0: 0x800082a6 (0x0000026e) c.slli  tp, 27
core   0: 0 0x800082a6 (0x026e) x4  0x08000000
core   0: 0x800082a8 (0x0176afb3) slt     t6, a3, s7
core   0: 0 0x800082a8 (0x0176afb3) x31 0x00000000
core   0: 0x800082ac (0x00000001) c.nop
core   0: 0 0x800082ac (0x0001)
core   0: 0x800082ae (0x00000422) c.slli  s0, 8
core   0: 0 0x800082ae (0x0422) x8  0xfffb4d00
core   0: 0x800082b0 (0x00006141) c.addi16sp sp, 16
core   0: 0 0x800082b0 (0x6141) x2  0x00000023
core   0: 0x800082b2 (0x0144f433) and     s0, s1, s4
core   0: 0 0x800082b2 (0x0144f433) x8  0x00000000
core   0: 0x800082b6 (0x00b85133) srl     sp, a6, a1
core   0: 0 0x800082b6 (0x00b85133) x2  0x00000000
core   0: 0x800082ba (0x00218fb3) add     t6, gp, sp
core   0: 0 0x800082ba (0x00218fb3) x31 0x00000000
core   0: 0x800082be (0x02506363) bltu    zero, t0, pc + 38
core   0: 0 0x800082be (0x02506363)
core   0: 0x800082c2 (0x4d1dad93) slti    s11, s11, 1233
core   0: 0 0x800082c2 (0x4d1dad93) x27 0x00000001
core   0: 0x800082c6 (0x03e2e863) bltu    t0, t5, pc + 48
core   0: 0 0x800082c6 (0x03e2e863)
core   0: 0x800082f6 (0x00000ae1) c.addi  s5, 24
core   0: 0 0x800082f6 (0x0ae1) x21 0x00000018
core   0: 0x800082f8 (0x0000ef9d) c.bnez  a5, pc + 62
core   0: 0 0x800082f8 (0xef9d)
core   0: 0x80008336 (0x0007ee33) or      t3, a5, zero
core   0: 0 0x80008336 (0x0007ee33) x28 0x000004b3
core   0: 0x8000833a (0x414504b3) sub     s1, a0, s4
core   0: 0 0x8000833a (0x414504b3) x9  0xffffe000
core   0: 0x8000833e (0x0121fd33) and     s10, gp, s2
core   0: 0 0x8000833e (0x0121fd33) x26 0x00000000
core   0: 0x80008342 (0x000e8db3) add     s11, t4, zero
core   0: 0 0x80008342 (0x000e8db3) x27 0x00000005
core   0: 0x80008346 (0x0000810a) c.mv    sp, sp
core   0: 0 0x80008346 (0x810a) x2  0x00000000
core   0: 0x80008348 (0x00008eaa) c.mv    t4, a0
core   0: 0 0x80008348 (0x8eaa) x29 0xffffe000
core   0: 0x8000834a (0x0111bab3) sltu    s5, gp, a7
core   0: 0 0x8000834a (0x0111bab3) x21 0x00000001
core   0: 0x8000834e (0x00008c01) c.sub   s0, s0
core   0: 0 0x8000834e (0x8c01) x8  0x00000000
core   0: 0x80008350 (0x41200c33) sub     s8, zero, s2
core   0: 0 0x80008350 (0x41200c33) x24 0x8dfa8f18
core   0: 0x80008354 (0x0000100f) fence.i
core   0: 0 0x80008354 (0x0000100f)
core   0: 0x80008358 (0x00006269) c.lui   tp, 0x1a
core   0: 0 0x80008358 (0x6269) x4  0x0001a000
core   0: 0x8000835a (0x0000e3a9) c.bnez  a5, pc + 66
core   0: 0 0x8000835a (0xe3a9)
core   0: 0x8000839c (0x00008739) c.srai  a4, 14
core   0: 0 0x8000839c (0x8739) x14 0x00000000
core   0: 0x8000839e (0x00000a4a) c.slli  s4, 18
core   0: 0 0x8000839e (0x0a4a) x20 0x00000000
core   0: 0x800083a0 (0x00000001) c.nop
core   0: 0 0x800083a0 (0x0001)
core   0: 0x800083a2 (0x01bb5633) srl     a2, s6, s11
core   0: 0 0x800083a2 (0x01bb5633) x12 0x01634500
core   0: 0x800083a6 (0x00000001) c.nop
core   0: 0 0x800083a6 (0x0001)
core   0: 0x800083a8 (0x00b8ed33) or      s10, a7, a1
core   0: 0 0x800083a8 (0x00b8ed33) x26 0xf1e8b1ff
core   0: 0x800083ac (0x000088a1) c.andi  s1, 8
core   0: 0 0x800083ac (0x88a1) x9  0x00000000
core   0: 0x800083ae (0x00000001) c.nop
core   0: 0 0x800083ae (0x0001)
core   0: 0x800083b0 (0x032c3e33) mulhu   t3, s8, s2
core   0: 0 0x800083b0 (0x032c3e33) x28 0x3f3c983b
core   0: 0x800083b4 (0x0000100f) fence.i
core   0: 0 0x800083b4 (0x0000100f)
core   0: 0x800083b8 (0x00004a49) c.li    s4, 18
core   0: 0 0x800083b8 (0x4a49) x20 0x00000012
core   0: 0x800083ba (0x0685ca63) blt     a1, s0, pc + 116
core   0: 0 0x800083ba (0x0685ca63)
core   0: 0x8000842e (0x012a1633) sll     a2, s4, s2
core   0: 0 0x8000842e (0x012a1633) x12 0x00001200
core   0: 0x80008432 (0x0000423d) c.li    tp, 15
core   0: 0 0x80008432 (0x423d) x4  0x0000000f
core   0: 0x80008434 (0x0000e885) c.bnez  s1, pc + 48
core   0: 0 0x80008434 (0xe885)
core   0: 0x80008436 (0x03081163) bne     a6, a6, pc + 34
core   0: 0 0x80008436 (0x03081163)
core   0: 0x8000843a (0x00006f91) c.lui   t6, 0x4
core   0: 0 0x8000843a (0x6f91) x31 0x00004000
core   0: 0x8000843c (0x02e28333) mul     t1, t0, a4
core   0: 0 0x8000843c (0x02e28333) x6  0x00000000
core   0: 0x80008440 (0x2c1a3d13) sltiu   s10, s4, 705
core   0: 0 0x80008440 (0x2c1a3d13) x26 0x00000001
core   0: 0x80008444 (0x00008f1d) c.sub   a4, a5
core   0: 0 0x80008444 (0x8f1d) x14 0xfffffb4d
core   0: 0x80008446 (0x0000717d) c.addi16sp sp, -16
core   0: 0 0x80008446 (0x717d) x2  0xfffffff0
core   0: 0x80008448 (0x24153993) sltiu   s3, a0, 577
core   0: 0 0x80008448 (0x24153993) x19 0x00000000
core   0: 0x8000844c (0x019563b3) or      t2, a0, s9
core   0: 0 0x8000844c (0x019563b3) x7  0xfffff264
core   0: 0x80008450 (0x0235c233) div     tp, a1, gp
core   0: 0 0x80008450 (0x0235c233) x4  0xffffffff
core   0: 0x80008454 (0x765e0993) addi    s3, t3, 1893
core   0: 0 0x80008454 (0x765e0993) x19 0x3f3c9fa0
core   0: 0x80008458 (0x00000001) c.nop
core   0: 0 0x80008458 (0x0001)
core   0: 0x8000845a (0x014df563) bgeu    s11, s4, pc + 10
core   0: 0 0x8000845a (0x014df563)
core   0: 0x8000845e (0x00005d7d) c.li    s10, -1
core   0: 0 0x8000845e (0x5d7d) x26 0xffffffff
core   0: 0x80008460 (0x0ff0000f) fence   iorw,iorw
core   0: 0 0x80008460 (0x0ff0000f)
core   0: 0x80008464 (0x02b62e33) mulhsu  t3, a2, a1
core   0: 0 0x80008464 (0x02b62e33) x28 0x00001102
core   0: 0x80008468 (0xcba44a93) xori    s5, s0, -838
core   0: 0 0x80008468 (0xcba44a93) x21 0xfffffcba
core   0: 0x8000846c (0x4ba22f17) auipc   t5, 0x4ba22
core   0: 0 0x8000846c (0x4ba22f17) x30 0xcba2a46c
core   0: 0x80008470 (0x0000171c) c.addi4spn a5, sp, 928
core   0: 0 0x80008470 (0x171c) x15 0x00000390
core   0: 0x80008472 (0x7ac4b513) sltiu   a0, s1, 1964
core   0: 0 0x80008472 (0x7ac4b513) x10 0x00000001
core   0: 0x80008476 (0x01ea7d33) and     s10, s4, t5
core   0: 0 0x80008476 (0x01ea7d33) x26 0x00000000
core   0: 0x8000847a (0x02b80e33) mul     t3, a6, a1
core   0: 0 0x8000847a (0x02b80e33) x28 0xe41e5000
core   0: 0x8000847e (0x0248deb3) divu    t4, a7, tp
core   0: 0 0x8000847e (0x0248deb3) x29 0x00000000
core   0: 0x80008482 (0x00b1c3b3) xor     t2, gp, a1
core   0: 0 0x80008482 (0x00b1c3b3) x7  0xf1e8b1fd
core   0: 0x80008486 (0x0028feb3) and     t4, a7, sp
core   0: 0 0x80008486 (0x0028feb3) x29 0x00000010
core   0: 0x8000848a (0x00ebe3b3) or      t2, s7, a4
core   0: 0 0x8000848a (0x00ebe3b3) x7  0xffffff5d
core   0: 0x8000848e (0x3c8f2f13) slti    t5, t5, 968
core   0: 0 0x8000848e (0x3c8f2f13) x30 0x00000001
core   0: 0x80008492 (0x4e3aec37) lui     s8, 0x4e3ae
core   0: 0 0x80008492 (0x4e3aec37) x24 0x4e3ae000
core   0: 0x80008496 (0x013d7cb3) and     s9, s10, s3
core   0: 0 0x80008496 (0x013d7cb3) x25 0x00000000
core   0: 0x8000849a (0x01b31413) slli    s0, t1, 27
core   0: 0 0x8000849a (0x01b31413) x8  0x00000000
core   0: 0x8000849e (0x00000ada) c.slli  s5, 22
core   0: 0 0x8000849e (0x0ada) x21 0x2e800000
core   0: 0x800084a0 (0x0273bb33) mulhu   s6, t2, t2
core   0: 0 0x800084a0 (0x0273bb33) x22 0xfffffeba
core   0: 0x800084a4 (0x00008e4d) c.or    a2, a1
core   0: 0 0x800084a4 (0x8e4d) x12 0xf1e8b3fd
core   0: 0x800084a6 (0x00bad533) srl     a0, s5, a1
core   0: 0 0x800084a6 (0x00bad533) x10 0x00000001
core   0: 0x800084aa (0x00000001) c.nop
core   0: 0 0x800084aa (0x0001)
core   0: 0x800084ac (0x00b26633) or      a2, tp, a1
core   0: 0 0x800084ac (0x00b26633) x12 0xffffffff
core   0: 0x800084b0 (0x01fcbf33) sltu    t5, s9, t6
core   0: 0 0x800084b0 (0x01fcbf33) x30 0x00000001
core   0: 0x800084b4 (0x00009bfd) c.andi  a5, -1
core   0: 0 0x800084b4 (0x9bfd) x15 0x00000390
core   0: 0x800084b6 (0x000004f6) c.slli  s1, 29
core   0: 0 0x800084b6 (0x04f6) x9  0x00000000
core   0: 0x800084b8 (0x00008321) c.srli  a4, 8
core   0: 0 0x800084b8 (0x8321) x14 0x00fffffb
core   0: 0x800084ba (0x05864063) blt     a2, s8, pc + 64
core   0: 0 0x800084ba (0x05864063)
core   0: 0x800084fa (0x40ed8eb3) sub     t4, s11, a4
core   0: 0 0x800084fa (0x40ed8eb3) x29 0xff00000a
core   0: 0x800084fe (0x02837a63) bgeu    t1, s0, pc + 52
core   0: 0 0x800084fe (0x02837a63)
core   0: 0x80008532 (0x000087dd) c.srai  a5, 23
core   0: 0 0x80008532 (0x87dd) x15 0x00000000
core   0: 0x80008534 (0x010b7433) and     s0, s6, a6
core   0: 0 0x80008534 (0x010b7433) x8  0x00009000
core   0: 0x80008538 (0x0072e463) bltu    t0, t2, pc + 8
core   0: 0 0x80008538 (0x0072e463)
core   0: 0x80008540 (0x00008c15) c.sub   s0, a3
core   0: 0 0x80008540 (0x8c15) x8  0x7ffe531c
core   0: 0x80008542 (0x00008cdd) c.or    s1, a5
core   0: 0 0x80008542 (0x8cdd) x9  0x00000000
core   0: 0x80008544 (0x000c6263) bltu    s8, zero, pc + 4
core   0: 0 0x80008544 (0x000c6263)
core   0: 0x80008548 (0x0009d433) srl     s0, s3, zero
core   0: 0 0x80008548 (0x0009d433) x8  0x3f3c9fa0
core   0: 0x8000854c (0xd387c117) auipc   sp, 0xd387c
core   0: 0 0x8000854c (0xd387c117) x2  0x5388454c
core   0: 0x80008550 (0x0ff0000f) fence   iorw,iorw
core   0: 0 0x80008550 (0x0ff0000f)
core   0: 0x80008554 (0x01af6933) or      s2, t5, s10
core   0: 0 0x80008554 (0x01af6933) x18 0x00000001
core   0: 0x80008558 (0x02466163) bltu    a2, tp, pc + 34
core   0: 0 0x80008558 (0x02466163)
core   0: 0x8000855c (0x4088d933) sra     s2, a7, s0
core   0: 0 0x8000855c (0x4088d933) x18 0x00000017
core   0: 0x80008560 (0x00005e7d) c.li    t3, -1
core   0: 0 0x80008560 (0x5e7d) x28 0xffffffff
core   0: 0x80008562 (0x00008cf9) c.and   s1, a4
core   0: 0 0x80008562 (0x8cf9) x9  0x00000000
core   0: 0x80008564 (0x0000846d) c.srai  s0, 27
core   0: 0 0x80008564 (0x846d) x8  0x00000007
core   0: 0x80008566 (0x00886033) or      zero, a6, s0
core   0: 0 0x80008566 (0x00886033)
core   0: 0x8000856a (0x03939eb3) mulh    t4, t2, s9
core   0: 0 0x8000856a (0x03939eb3) x29 0x00000000
core   0: 0x8000856e (0x00008a8e) c.mv    s5, gp
core   0: 0 0x8000856e (0x8a8e) x21 0x00000000
core   0: 0x80008570 (0x03b3e463) bltu    t2, s11, pc + 40
core   0: 0 0x80008570 (0x03b3e463)
core   0: 0x80008574 (0xb8ad2f93) slti    t6, s10, -1142
core   0: 0 0x80008574 (0xb8ad2f93) x31 0x00000000
core   0: 0x80008578 (0x00008065) c.srli  s0, 25
core   0: 0 0x80008578 (0x8065) x8  0x00000000
core   0: 0x8000857a (0x02234b33) div     s6, t1, sp
core   0: 0 0x8000857a (0x02234b33) x22 0x00000000
core   0: 0x8000857e (0x0331b733) mulhu   a4, gp, s3
core   0: 0 0x8000857e (0x0331b733) x14 0x00000000
core   0: 0x80008582 (0x00d490b3) sll     ra, s1, a3
core   0: 0 0x80008582 (0x00d490b3) x1  0x00000000
core   0: 0x80008586 (0x00008261) c.srli  a2, 24
core   0: 0 0x80008586 (0x8261) x12 0x000000ff
core   0: 0x80008588 (0x03097563) bgeu    s2, a6, pc + 42
core   0: 0 0x80008588 (0x03097563)
core   0: 0x8000858c (0x019b5b13) srli    s6, s6, 25
core   0: 0 0x8000858c (0x019b5b13) x22 0x00000000
core   0: 0x80008590 (0x03095a63) bge     s2, a6, pc + 52
core   0: 0 0x80008590 (0x03095a63)
core   0: 0x80008594 (0x00008fa5) c.xor   a5, s1
core   0: 0 0x80008594 (0x8fa5) x15 0x00000000
core   0: 0x80008596 (0x00008129) c.srli  a0, 10
core   0: 0 0x80008596 (0x8129) x10 0x00000000
core   0: 0x80008598 (0x01cb7633) and     a2, s6, t3
core   0: 0 0x80008598 (0x01cb7633) x12 0x00000000
core   0: 0x8000859c (0x00309713) slli    a4, ra, 3
core   0: 0 0x8000859c (0x00309713) x14 0x00000000
core   0: 0x800085a0 (0x039824b3) mulhsu  s1, a6, s9
core   0: 0 0x800085a0 (0x039824b3) x9  0x00000000
core   0: 0x800085a4 (0x00008cd5) c.or    s1, a3
core   0: 0 0x800085a4 (0x8cd5) x9  0x80023ce4
core   0: 0x800085a6 (0x00008f09) c.sub   a4, a0
core   0: 0 0x800085a6 (0x8f09) x14 0x00000000
core   0: 0x800085a8 (0x00000de6) c.slli  s11, 25
core   0: 0 0x800085a8 (0x0de6) x27 0x0a000000
core   0: 0x800085aa (0x01511a63) bne     sp, s5, pc + 20
core   0: 0 0x800085aa (0x01511a63)
core   0: 0x800085be (0x03a23cb3) mulhu   s9, tp, s10
core   0: 0 0x800085be (0x03a23cb3) x25 0x00000000
core   0: 0x800085c2 (0x00000001) c.nop
core   0: 0 0x800085c2 (0x0001)
core   0: 0x800085c4 (0x03e58433) mul     s0, a1, t5
core   0: 0 0x800085c4 (0x03e58433) x8  0xf1e8b1fd
core   0: 0x800085c8 (0x00000001) c.nop
core   0: 0 0x800085c8 (0x0001)
core   0: 0x800085ca (0x00008e19) c.sub   a2, a4
core   0: 0 0x800085ca (0x8e19) x12 0x00000000
core   0: 0x800085cc (0x0000c38d) c.beqz  a5, pc + 34
core   0: 0 0x800085cc (0xc38d)
core   0: 0x800085ee (0x02622e33) mulhsu  t3, tp, t1
core   0: 0 0x800085ee (0x02622e33) x28 0x00000000
core   0: 0x800085f2 (0x011250b3) srl     ra, tp, a7
core   0: 0 0x800085f2 (0x011250b3) x1  0x000001ff
core   0: 0x800085f6 (0x027492b3) mulh    t0, s1, t2
core   0: 0 0x800085f6 (0x027492b3) x5  0x00000051
core   0: 0x800085fa (0x00004145) c.li    sp, 17
core   0: 0 0x800085fa (0x4145) x2  0x00000011
core   0: 0x800085fc (0x01cbd9b3) srl     s3, s7, t3
core   0: 0 0x800085fc (0x01cbd9b3) x19 0x8001fe58
core   0: 0x80008600 (0x4a21ce13) xori    t3, gp, 1186
core   0: 0 0x80008600 (0x4a21ce13) x28 0x000004a2
core   0: 0x80008604 (0x0ff0000f) fence   iorw,iorw
core   0: 0 0x80008604 (0x0ff0000f)
core   0: 0x80008608 (0x000059fd) c.li    s3, -1
core   0: 0 0x80008608 (0x59fd) x19 0xffffffff
core   0: 0x8000860a (0x008b6c63) bltu    s6, s0, pc + 24
core   0: 0 0x8000860a (0x008b6c63)
core   0: 0x80008622 (0x00006121) c.addi16sp sp, 64
core   0: 0 0x80008622 (0x6121) x2  0x00000051
core   0: 0x80008624 (0x0000100f) fence.i
core   0: 0 0x80008624 (0x0000100f)
core   0: 0x80008628 (0x00008b89) c.andi  a5, 2
core   0: 0 0x80008628 (0x8b89) x15 0x00000000
core   0: 0x8000862a (0x02f6dd63) bge     a3, a5, pc + 58
core   0: 0 0x8000862a (0x02f6dd63)
core   0: 0x8000862e (0x40e28433) sub     s0, t0, a4
core   0: 0 0x8000862e (0x40e28433) x8  0x00000051
core   0: 0x80008632 (0x01bf8eb3) add     t4, t6, s11
core   0: 0 0x80008632 (0x01bf8eb3) x29 0x0a000000
core   0: 0x80008636 (0x000098fd) c.andi  s1, -1
core   0: 0 0x80008636 (0x98fd) x9  0x80023ce4
core   0: 0x80008638 (0x0000e319) c.bnez  a4, pc + 6
core   0: 0 0x80008638 (0xe319)
core   0: 0x8000863a (0x00008fc1) c.or    a5, s0
core   0: 0 0x8000863a (0x8fc1) x15 0x00000051
core   0: 0x8000863c (0x00009d5e) c.add   s10, s7
core   0: 0 0x8000863c (0x9d5e) x26 0x8001fe58
core   0: 0x8000863e (0x000082ee) c.mv    t0, s11
core   0: 0 0x8000863e (0x82ee) x5  0x0a000000
core   0: 0x80008640 (0x02645463) bge     s0, t1, pc + 40
core   0: 0 0x80008640 (0x02645463)
core   0: 0x80008668 (0x00001290) c.addi4spn a2, sp, 352
core   0: 0 0x80008668 (0x1290) x12 0x000001b1
core   0: 0x8000866a (0x00008ca9) c.xor   s1, a0
core   0: 0 0x8000866a (0x8ca9) x9  0x80023ce4
core   0: 0x8000866c (0x037af3b3) remu    t2, s5, s7
core   0: 0 0x8000866c (0x037af3b3) x7  0x00000000
core   0: 0x80008670 (0x03e1f963) bgeu    gp, t5, pc + 50
core   0: 0 0x80008670 (0x03e1f963)
core   0: 0x80008674 (0x00008801) c.andi  s0, 0
core   0: 0 0x80008674 (0x8801) x8  0x00000000
core   0: 0x80008676 (0x0ff0000f) fence   iorw,iorw
core   0: 0 0x80008676 (0x0ff0000f)
core   0: 0x8000867a (0x037b2f33) mulhsu  t5, s6, s7
core   0: 0 0x8000867a (0x037b2f33) x30 0x00000000
core   0: 0x8000867e (0x00008c11) c.sub   s0, a2
core   0: 0 0x8000867e (0x8c11) x8  0xfffffe4f
core   0: 0x80008680 (0x00008be9) c.andi  a5, 26
core   0: 0 0x80008680 (0x8be9) x15 0x00000010
core   0: 0x80008682 (0x88677f13) andi    t5, a4, -1914
core   0: 0 0x80008682 (0x88677f13) x30 0x00000000
core   0: 0x80008686 (0x01b46eb3) or      t4, s0, s11
core   0: 0 0x80008686 (0x01b46eb3) x29 0xfffffe4f
core   0: 0x8000868a (0x01815ab3) srl     s5, sp, s8
core   0: 0 0x8000868a (0x01815ab3) x21 0x00000051
core   0: 0x8000868e (0x01af7e33) and     t3, t5, s10
core   0: 0 0x8000868e (0x01af7e33) x28 0x00000000
core   0: 0x80008692 (0x03ddcfb3) div     t6, s11, t4
core   0: 0 0x80008692 (0x03ddcfb3) x31 0xfffa1678
core   0: 0x80008696 (0x0267bfb3) mulhu   t6, a5, t1
core   0: 0 0x80008696 (0x0267bfb3) x31 0x00000000
core   0: 0x8000869a (0x03c05163) bge     zero, t3, pc + 34
core   0: 0 0x8000869a (0x03c05163)
core   0: 0x800086bc (0x45c53e93) sltiu   t4, a0, 1116
core   0: 0 0x800086bc (0x45c53e93) x29 0x00000001
core   0: 0x800086c0 (0x00008c8d) c.sub   s1, a1
core   0: 0 0x800086c0 (0x8c8d) x9  0x8e198ae7
core   0: 0x800086c2 (0x14050493) addi    s1, a0, 320
core   0: 0 0x800086c2 (0x14050493) x9  0x00000140
core   0: 0x800086c6 (0x00d65293) srli    t0, a2, 13
core   0: 0 0x800086c6 (0x00d65293) x5  0x00000000
core   0: 0x800086ca (0x00001efd) c.addi  t4, -1
core   0: 0 0x800086ca (0x1efd) x29 0x00000000
core   0: 0x800086cc (0x0340b033) mulhu   zero, ra, s4
core   0: 0 0x800086cc (0x0340b033)
core   0: 0x800086d0 (0x00640e63) beq     s0, t1, pc + 28
core   0: 0 0x800086d0 (0x00640e63)
core   0: 0x800086d4 (0x00008635) c.srai  a2, 13
core   0: 0 0x800086d4 (0x8635) x12 0x00000000
core   0: 0x800086d6 (0x004e59b3) srl     s3, t3, tp
core   0: 0 0x800086d6 (0x004e59b3) x19 0x00000000
core   0: 0x800086da (0x00004c5d) c.li    s8, 23
core   0: 0 0x800086da (0x4c5d) x24 0x00000017
core   0: 0x800086dc (0xca5a8413) addi    s0, s5, -859
core   0: 0 0x800086dc (0xca5a8413) x8  0xfffffcf6
core   0: 0x800086e0 (0x02076733) rem     a4, a4, zero
core   0: 0 0x800086e0 (0x02076733) x14 0x00000000
core   0: 0x800086e4 (0x0000100f) fence.i
core   0: 0 0x800086e4 (0x0000100f)
core   0: 0x800086e8 (0x0146eb33) or      s6, a3, s4
core   0: 0 0x800086e8 (0x0146eb33) x22 0x80023cf6
core   0: 0x800086ec (0x03ca4733) div     a4, s4, t3
core   0: 0 0x800086ec (0x03ca4733) x14 0xffffffff
core   0: 0x800086f0 (0x9330c393) xori    t2, ra, -1741
core   0: 0 0x800086f0 (0x9330c393) x7  0xfffff8cc
core   0: 0x800086f4 (0x00000001) c.nop
core   0: 0 0x800086f4 (0x0001)
core   0: 0x800086f6 (0x036a4263) blt     s4, s6, pc + 36
core   0: 0 0x800086f6 (0x036a4263)
core   0: 0x800086fa (0x0223b933) mulhu   s2, t2, sp
core   0: 0 0x800086fa (0x0223b933) x18 0x00000050
core   0: 0x800086fe (0x00000001) c.nop
core   0: 0 0x800086fe (0x0001)
core   0: 0x80008700 (0x00a57f63) bgeu    a0, a0, pc + 30
core   0: 0 0x80008700 (0x00a57f63)
core   0: 0x8000871e (0x00008c81) c.sub   s1, s0
core   0: 0 0x8000871e (0x8c81) x9  0x0000044a
core   0: 0x80008720 (0x00000001) c.nop
core   0: 0 0x80008720 (0x0001)
core   0: 0x80008722 (0x0000041e) c.slli  s0, 7
core   0: 0 0x80008722 (0x041e) x8  0xfffe7b00
core   0: 0x80008724 (0x0149c263) blt     s3, s4, pc + 4
core   0: 0 0x80008724 (0x0149c263)
core   0: 0x80008728 (0x0ff0000f) fence   iorw,iorw
core   0: 0 0x80008728 (0x0ff0000f)
core   0: 0x8000872c (0x010a5d93) srli    s11, s4, 16
core   0: 0 0x8000872c (0x010a5d93) x27 0x00000000
core   0: 0x80008730 (0x00008cf9) c.and   s1, a4
core   0: 0 0x80008730 (0x8cf9) x9  0x0000044a
core   0: 0x80008732 (0x22796b13) ori     s6, s2, 551
core   0: 0 0x80008732 (0x22796b13) x22 0x00000277
core   0: 0x80008736 (0x8464f293) andi    t0, s1, -1978
core   0: 0 0x80008736 (0x8464f293) x5  0x00000042
core   0: 0x8000873a (0x414f5793) srai    a5, t5, 20
core   0: 0 0x8000873a (0x414f5793) x15 0x00000000
core   0: 0x8000873e (0x059ed063) bge     t4, s9, pc + 64
core   0: 0 0x8000873e (0x059ed063)
core   0: 0x8000877e (0x000008e6) c.slli  a7, 25
core   0: 0 0x8000877e (0x08e6) x17 0x2e000000
core   0: 0x80008780 (0x00009bfd) c.andi  a5, -1
core   0: 0 0x80008780 (0x9bfd) x15 0x00000000
core   0: 0x80008782 (0x00000f21) c.addi  t5, 8
core   0: 0 0x80008782 (0x0f21) x30 0x00000008
core   0: 0x80008784 (0x02af5cb3) divu    s9, t5, a0
core   0: 0 0x80008784 (0x02af5cb3) x25 0xffffffff
core   0: 0x80008788 (0x02cc5e63) bge     s8, a2, pc + 60
core   0: 0 0x80008788 (0x02cc5e63)
core   0: 0x800087c4 (0x02cb8663) beq     s7, a2, pc + 44
core   0: 0 0x800087c4 (0x02cb8663)
core   0: 0x800087c8 (0x40058333) sub     t1, a1, zero
core   0: 0 0x800087c8 (0x40058333) x6  0xf1e8b1fd
core   0: 0x800087cc (0x0349ffb3) remu    t6, s3, s4
core   0: 0 0x800087cc (0x0349ffb3) x31 0x00000000
core   0: 0x800087d0 (0x008ded63) bltu    s11, s0, pc + 26
core   0: 0 0x800087d0 (0x008ded63)
core   0: 0x800087ea (0x41b80d33) sub     s10, a6, s11
core   0: 0 0x800087ea (0x41b80d33) x26 0x00009000
core   0: 0x800087ee (0x00000001) c.nop
core   0: 0 0x800087ee (0x0001)
core   0: 0x800087f0 (0x0314a2b3) mulhsu  t0, s1, a7
core   0: 0 0x800087f0 (0x0314a2b3) x5  0x000000c5
core   0: 0x800087f4 (0x00009b06) c.add   s6, ra
core   0: 0 0x800087f4 (0x9b06) x22 0x00000476
core   0: 0x800087f6 (0x01fc6e33) or      t3, s8, t6
core   0: 0 0x800087f6 (0x01fc6e33) x28 0x00000017
core   0: 0x800087fa (0x03ba1333) mulh    t1, s4, s11
core   0: 0 0x800087fa (0x03ba1333) x6  0x00000000
core   0: 0x800087fe (0x0000587d) c.li    a6, -1
core   0: 0 0x800087fe (0x587d) x16 0xffffffff
core   0: 0x80008800 (0x6110e613) ori     a2, ra, 1553
core   0: 0 0x80008800 (0x6110e613) x12 0x000007ff
core   0: 0x80008804 (0xa9e5ed93) ori     s11, a1, -1378
core   0: 0 0x80008804 (0xa9e5ed93) x27 0xfffffbff
core   0: 0x80008808 (0x03340833) mul     a6, s0, s3
core   0: 0 0x80008808 (0x03340833) x16 0x00000000
core   0: 0x8000880c (0x40b00b33) sub     s6, zero, a1
core   0: 0 0x8000880c (0x40b00b33) x22 0x0e174e03
core   0: 0x80008810 (0x00008d45) c.or    a0, s1
core   0: 0 0x80008810 (0x8d45) x10 0x0000044a
core   0: 0x80008812 (0x6e61aa93) slti    s5, gp, 1766
core   0: 0 0x80008812 (0x6e61aa93) x21 0x00000001
core   0: 0x80008816 (0x00000001) c.nop
core   0: 0 0x80008816 (0x0001)
core   0: 0x80008818 (0x415ad7b3) sra     a5, s5, s5
core   0: 0 0x80008818 (0x415ad7b3) x15 0x00000000
core   0: 0x8000881c (0x038cfc63) bgeu    s9, s8, pc + 56
core   0: 0 0x8000881c (0x038cfc63)
core   0: 0x80008854 (0x00a31d63) bne     t1, a0, pc + 26
core   0: 0 0x80008854 (0x00a31d63)
core   0: 0x8000886e (0x00009196) c.add   gp, t0
core   0: 0 0x8000886e (0x9196) x3  0x000000c5
core   0: 0x80008870 (0x40ac6713) ori     a4, s8, 1034
core   0: 0 0x80008870 (0x40ac6713) x14 0x0000041f
core   0: 0x80008874 (0x01bb82b3) add     t0, s7, s11
core   0: 0 0x80008874 (0x01bb82b3) x5  0x8001fa57
core   0: 0x80008878 (0x01ca9f13) slli    t5, s5, 28
core   0: 0 0x80008878 (0x01ca9f13) x30 0x10000000
core   0: 0x8000887c (0x00ee9513) slli    a0, t4, 14
core   0: 0 0x8000887c (0x00ee9513) x10 0x00000000
core   0: 0x80008880 (0x033cd3b3) divu    t2, s9, s3
core   0: 0 0x80008880 (0x033cd3b3) x7  0xffffffff
core   0: 0x80008884 (0x01ffdc33) srl     s8, t6, t6
core   0: 0 0x80008884 (0x01ffdc33) x24 0x00000000
core   0: 0x80008888 (0x0168a3b3) slt     t2, a7, s6
core   0: 0 0x80008888 (0x0168a3b3) x7  0x00000000
core   0: 0x8000888c (0x036ec933) div     s2, t4, s6
core   0: 0 0x8000888c (0x036ec933) x18 0x00000000
core   0: 0x80008890 (0x0283ce63) blt     t2, s0, pc + 60
core   0: 0 0x80008890 (0x0283ce63)
core   0: 0x80008894 (0x032477b3) remu    a5, s0, s2
core   0: 0 0x80008894 (0x032477b3) x15 0xfffe7b00
core   0: 0x80008898 (0x4149da33) sra     s4, s3, s4
core   0: 0 0x80008898 (0x4149da33) x20 0x00000000
core   0: 0x8000889c (0x032be133) rem     sp, s7, s2
core   0: 0 0x8000889c (0x032be133) x2  0x8001fe58
core   0: 0x800088a0 (0x0000997d) c.andi  a0, -1
core   0: 0 0x800088a0 (0x997d) x10 0x00000000
core   0: 0x800088a2 (0x000080ce) c.mv    ra, s3
core   0: 0 0x800088a2 (0x80ce) x1  0x00000000
core   0: 0x800088a4 (0x02244a33) div     s4, s0, sp
core   0: 0 0x800088a4 (0x02244a33) x20 0x00000000
core   0: 0x800088a8 (0x0288b933) mulhu   s2, a7, s0
core   0: 0 0x800088a8 (0x0288b933) x18 0x2dffba1a
core   0: 0x800088ac (0x03652fb3) mulhsu  t6, a0, s6
core   0: 0 0x800088ac (0x03652fb3) x31 0x00000000
core   0: 0x800088b0 (0x00008ce9) c.and   s1, a0
core   0: 0 0x800088b0 (0x8ce9) x9  0x00000000
core   0: 0x800088b2 (0x023ec233) div     tp, t4, gp
core   0: 0 0x800088b2 (0x023ec233) x4  0x00000000
core   0: 0x800088b6 (0x00008d41) c.or    a0, s0
core   0: 0 0x800088b6 (0x8d41) x10 0xfffe7b00
core   0: 0x800088b8 (0x00a92533) slt     a0, s2, a0
core   0: 0 0x800088b8 (0x00a92533) x10 0x00000000
core   0: 0x800088bc (0x00000d08) c.addi4spn a0, sp, 656
core   0: 0 0x800088bc (0x0d08) x10 0x800200e8
core   0: 0x800088be (0x00008255) c.srli  a2, 21
core   0: 0 0x800088be (0x8255) x12 0x00000000
core   0: 0x800088c0 (0x68023813) sltiu   a6, tp, 1664
core   0: 0 0x800088c0 (0x68023813) x16 0x00000001
core   0: 0x800088c4 (0x00006125) c.addi16sp sp, 96
core   0: 0 0x800088c4 (0x6125) x2  0x8001feb8
core   0: 0x800088c6 (0x00000001) c.nop
core   0: 0 0x800088c6 (0x0001)
core   0: 0x800088c8 (0x03d19a33) mulh    s4, gp, t4
core   0: 0 0x800088c8 (0x03d19a33) x20 0x00000000
core   0: 0x800088cc (0x401dd833) sra     a6, s11, ra
core   0: 0 0x800088cc (0x401dd833) x16 0xfffffbff
core   0: 0x800088d0 (0x41710c33) sub     s8, sp, s7
core   0: 0 0x800088d0 (0x41710c33) x24 0x00000060
core   0: 0x800088d4 (0x01d50c33) add     s8, a0, t4
core   0: 0 0x800088d4 (0x01d50c33) x24 0x800200e8
core   0: 0x800088d8 (0x000083c9) c.srli  a5, 18
core   0: 0 0x800088d8 (0x83c9) x15 0x00003fff
core   0: 0x800088da (0x0248d2b3) divu    t0, a7, tp
core   0: 0 0x800088da (0x0248d2b3) x5  0xffffffff
core   0: 0x800088de (0x014b1433) sll     s0, s6, s4
core   0: 0 0x800088de (0x014b1433) x8  0x0e174e03
core   0: 0x800088e2 (0xb4d84493) xori    s1, a6, -1203
core   0: 0 0x800088e2 (0xb4d84493) x9  0x000000b2
core   0: 0x800088e6 (0x00f24933) xor     s2, tp, a5
core   0: 0 0x800088e6 (0x00f24933) x18 0x00003fff
core   0: 0x800088ea (0x017771b3) and     gp, a4, s7
core   0: 0 0x800088ea (0x017771b3) x3  0x00000418
core   0: 0x800088ee (0x00008d25) c.xor   a0, s1
core   0: 0 0x800088ee (0x8d25) x10 0x8002005a
core   0: 0x800088f0 (0x03da8b33) mul     s6, s5, t4
core   0: 0 0x800088f0 (0x03da8b33) x22 0x00000000
core   0: 0x800088f4 (0x00009992) c.add   s3, tp
core   0: 0 0x800088f4 (0x9992) x19 0x00000000
core   0: 0x800088f6 (0x0347eb33) rem     s6, a5, s4
core   0: 0 0x800088f6 (0x0347eb33) x22 0x00003fff
core   0: 0x800088fa (0x00000504) c.addi4spn s1, sp, 640
core   0: 0 0x800088fa (0x0504) x9  0x80020138
core   0: 0x800088fc (0x0000e715) c.bnez  a4, pc + 44
core   0: 0 0x800088fc (0xe715)
core   0: 0x80008928 (0x0369cb33) div     s6, s3, s6
core   0: 0 0x80008928 (0x0369cb33) x22 0x00000000
core   0: 0x8000892c (0x000048b9) c.li    a7, 14
core   0: 0 0x8000892c (0x48b9) x17 0x0000000e
core   0: 0x8000892e (0x00001398) c.addi4spn a4, sp, 480
core   0: 0 0x8000892e (0x1398) x14 0x80020098
core   0: 0x80008930 (0xc6312913) slti    s2, sp, -925
core   0: 0 0x80008930 (0xc6312913) x18 0x00000001
core   0: 0x80008934 (0xe54acc17) auipc   s8, 0xe54ac
core   0: 0 0x80008934 (0xe54acc17) x24 0x654b4934
core   0: 0x80008938 (0x0000021e) c.slli  tp, 7
core   0: 0 0x80008938 (0x021e) x4  0x00000000
core   0: 0x8000893a (0x0000e705) c.bnez  a4, pc + 40
core   0: 0 0x8000893a (0xe705)
core   0: 0x80008962 (0x0148d613) srli    a2, a7, 20
core   0: 0 0x80008962 (0x0148d613) x12 0x00000000
core   0: 0x80008966 (0x0000876e) c.mv    a4, s11
core   0: 0 0x80008966 (0x876e) x14 0xfffffbff
core   0: 0x80008968 (0xf710a197) auipc   gp, 0xf710a
core   0: 0 0x80008968 (0xf710a197) x3  0x77112968
core   0: 0x8000896c (0x00006951) c.lui   s2, 0x14
core   0: 0 0x8000896c (0x6951) x18 0x00014000
core   0: 0x8000896e (0x031d51b3) divu    gp, s10, a7
core   0: 0 0x8000896e (0x031d51b3) x3  0x00000a49
core   0: 0x80008972 (0x01c26763) bltu    tp, t3, pc + 14
core   0: 0 0x80008972 (0x01c26763)
core   0: 0x80008980 (0x019fba33) sltu    s4, t6, s9
core   0: 0 0x80008980 (0x019fba33) x20 0x00000001
core   0: 0x80008984 (0x021837b3) mulhu   a5, a6, ra
core   0: 0 0x80008984 (0x021837b3) x15 0x00000000
core   0: 0x80008988 (0x40a35913) srai    s2, t1, 10
core   0: 0 0x80008988 (0x40a35913) x18 0x00000000
core   0: 0x8000898c (0x00008f15) c.sub   a4, a3
core   0: 0 0x8000898c (0x8f15) x14 0x7ffdbf1b
core   0: 0x8000898e (0x40d70cb3) sub     s9, a4, a3
core   0: 0 0x8000898e (0x40d70cb3) x25 0xfffb8237
core   0: 0x80008992 (0x0000ea21) c.bnez  a2, pc + 80
core   0: 0 0x80008992 (0xea21)
core   0: 0x80008994 (0xfd071c17) auipc   s8, 0xfd071
core   0: 0 0x80008994 (0xfd071c17) x24 0x7d079994
core   0: 0x80008998 (0x000b6633) or      a2, s6, zero
core   0: 0 0x80008998 (0x000b6633) x12 0x00000000
core   0: 0x8000899c (0x00008891) c.andi  s1, 4
core   0: 0 0x8000899c (0x8891) x9  0x00000000
core   0: 0x8000899e (0x0587db63) bge     a5, s8, pc + 86
core   0: 0 0x8000899e (0x0587db63)
core   0: 0x800089a2 (0x582c6893) ori     a7, s8, 1410
core   0: 0 0x800089a2 (0x582c6893) x17 0x7d079d96
core   0: 0x800089a6 (0x03d1c1b3) div     gp, gp, t4
core   0: 0 0x800089a6 (0x03d1c1b3) x3  0xffffffff
core   0: 0x800089aa (0x00a000ef) jal     pc + 0xa
core   0: 0 0x800089aa (0x00a000ef) x1  0x800089ae
core   0: 0x800089b4 (0x0080036f) jal     t1, pc + 0x8
core   0: 0 0x800089b4 (0x0080036f) x6  0x800089b8
core   0: 0x800089bc (0x00002811) c.jal   pc + 20
core   0: 0 0x800089bc (0x2811) x1  0x800089be
core   0: 0x800089d0 (0x000037c5) c.jal   pc - 32
core   0: 0 0x800089d0 (0x37c5) x1  0x800089d2
core   0: 0x800089b0 (0x0000200d) c.jal   pc + 34
core   0: 0 0x800089b0 (0x200d) x1  0x800089b2
core   0: 0x800089d2 (0x0000bfd5) c.j     pc - 12
core   0: 0 0x800089d2 (0xbfd5)
core   0: 0x800089c6 (0xffdff2ef) jal     t0, pc - 0x4
core   0: 0 0x800089c6 (0xffdff2ef) x5  0x800089ca
core   0: 0x800089c2 (0x0000a021) c.j     pc + 8
core   0: 0 0x800089c2 (0xa021)
core   0: 0x800089ca (0x0000b7e5) c.j     pc - 24
core   0: 0 0x800089ca (0xb7e5)
core   0: 0x800089b2 (0x0000bff5) c.j     pc - 4
core   0: 0 0x800089b2 (0xbff5)
core   0: 0x800089ae (0x00002839) c.jal   pc + 30
core   0: 0 0x800089ae (0x2839) x1  0x800089b0
core   0: 0x800089cc (0x0000bfcd) c.j     pc - 14
core   0: 0 0x800089cc (0xbfcd)
core   0: 0x800089be (0x010000ef) jal     pc + 0x10
core   0: 0 0x800089be (0x010000ef) x1  0x800089c2
core   0: 0x800089ce (0x00003fdd) c.jal   pc - 10
core   0: 0 0x800089ce (0x3fdd) x1  0x800089d0
core   0: 0x800089c4 (0x0000a801) c.j     pc + 16
core   0: 0 0x800089c4 (0xa801)
core   0: 0x800089d4 (0xfe5ff36f) jal     t1, pc - 0x1c
core   0: 0 0x800089d4 (0xfe5ff36f) x6  0x800089d8
core   0: 0x800089b8 (0x0000a009) c.j     pc + 2
core   0: 0 0x800089b8 (0xa009)
core   0: 0x800089ba (0x0000a839) c.j     pc + 30
core   0: 0 0x800089ba (0xa839)
core   0: 0x800089d8 (0x00bcc633) xor     a2, s9, a1
core   0: 0 0x800089d8 (0x00bcc633) x12 0x0e1333ca
core   0: 0x800089dc (0x00008571) c.srai  a0, 28
core   0: 0 0x800089dc (0x8571) x10 0xfffffff8
core   0: 0x800089de (0x0ff0000f) fence   iorw,iorw
core   0: 0 0x800089de (0x0ff0000f)
core   0: 0x800089e2 (0x02641963) bne     s0, t1, pc + 50
core   0: 0 0x800089e2 (0x02641963)
core   0: 0x80008a14 (0x00008f99) c.sub   a5, a4
core   0: 0 0x80008a14 (0x8f99) x15 0x800240e5
core   0: 0x80008a16 (0x0ff0000f) fence   iorw,iorw
core   0: 0 0x80008a16 (0x0ff0000f)
core   0: 0x80008a1a (0x0000100f) fence.i
core   0: 0 0x80008a1a (0x0000100f)
core   0: 0x80008a1e (0x418a0333) sub     t1, s4, s8
core   0: 0 0x80008a1e (0x418a0333) x6  0x82f8666d
core   0: 0x80008a22 (0x01139cb3) sll     s9, t2, a7
core   0: 0 0x80008a22 (0x01139cb3) x25 0x00000000
core   0: 0x80008a26 (0x02ab0cb3) mul     s9, s6, a0
core   0: 0 0x80008a26 (0x02ab0cb3) x25 0x00000000
core   0: 0x80008a2a (0x035b2033) mulhsu  zero, s6, s5
core   0: 0 0x80008a2a (0x035b2033)
core   0: 0x80008a2e (0x025372b3) remu    t0, t1, t0
core   0: 0 0x80008a2e (0x025372b3) x5  0x02f7dca3
core   0: 0x80008a32 (0x0000c781) c.beqz  a5, pc + 8
core   0: 0 0x80008a32 (0xc781)
core   0: 0x80008a34 (0x000060b9) c.lui   ra, 0xe
core   0: 0 0x80008a34 (0x60b9) x1  0x0000e000
core   0: 0x80008a36 (0x921ef393) andi    t2, t4, -1759
core   0: 0 0x80008a36 (0x921ef393) x7  0x00000000
core   0: 0x80008a3a (0x000088d1) c.andi  s1, 20
core   0: 0 0x80008a3a (0x88d1) x9  0x00000000
core   0: 0x80008a3c (0xbed47213) andi    tp, s0, -1043
core   0: 0 0x80008a3c (0xbed47213) x4  0x0e174a01
core   0: 0x80008a40 (0x00006b6d) c.lui   s6, 0x1b
core   0: 0 0x80008a40 (0x6b6d) x22 0x0001b000
core   0: 0x80008a42 (0x00dd2e33) slt     t3, s10, a3
core   0: 0 0x80008a42 (0x00dd2e33) x28 0x00000000
core   0: 0x80008a46 (0x014ae1b3) or      gp, s5, s4
core   0: 0 0x80008a46 (0x014ae1b3) x3  0x00000001
core   0: 0x80008a4a (0x00000001) c.nop
core   0: 0 0x80008a4a (0x0001)
core   0: 0x80008a4c (0xa7c25417) auipc   s0, 0xa7c25
core   0: 0 0x80008a4c (0xa7c25417) x8  0x27c2da4c
core   0: 0x80008a50 (0x715a1d37) lui     s10, 0x715a1
core   0: 0 0x80008a50 (0x715a1d37) x26 0x715a1000
core   0: 0x80008a54 (0x5d406f13) ori     t5, zero, 1492
core   0: 0 0x80008a54 (0x5d406f13) x30 0x000005d4
core   0: 0x80008a58 (0x0098ce63) blt     a7, s1, pc + 28
core   0: 0 0x80008a58 (0x0098ce63)
core   0: 0x80008a5c (0xaf462a93) slti    s5, a2, -1292
core   0: 0 0x80008a5c (0xaf462a93) x21 0x00000000
core   0: 0x80008a60 (0x00008c09) c.sub   s0, a0
core   0: 0 0x80008a60 (0x8c09) x8  0x27c2da54
core   0: 0x80008a62 (0xb9743a93) sltiu   s5, s0, -1129
core   0: 0 0x80008a62 (0xb9743a93) x21 0x00000001
core   0: 0x80008a66 (0x41f95fb3) sra     t6, s2, t6
core   0: 0 0x80008a66 (0x41f95fb3) x31 0x00000000
core   0: 0x80008a6a (0x408d5c33) sra     s8, s10, s0
core   0: 0 0x80008a6a (0x408d5c33) x24 0x00000715
core   0: 0x80008a6e (0x000083f5) c.srli  a5, 29
core   0: 0 0x80008a6e (0x83f5) x15 0x00000004
core   0: 0x80008a70 (0xd2892e13) slti    t3, s2, -728
core   0: 0 0x80008a70 (0xd2892e13) x28 0x00000000
core   0: 0x80008a74 (0x005403b3) add     t2, s0, t0
core   0: 0 0x80008a74 (0x005403b3) x7  0x2abab6f7
core   0: 0x80008a78 (0x00a15db3) srl     s11, sp, a0
core   0: 0 0x80008a78 (0x00a15db3) x27 0x00000080
core   0: 0x80008a7c (0x45d67993) andi    s3, a2, 1117
core   0: 0 0x80008a7c (0x45d67993) x19 0x00000048
core   0: 0x80008a80 (0x00000001) c.nop
core   0: 0 0x80008a80 (0x0001)
core   0: 0x80008a82 (0x005fc0b3) xor     ra, t6, t0
core   0: 0 0x80008a82 (0x005fc0b3) x1  0x02f7dca3
core   0: 0x80008a86 (0x00009a7d) c.andi  a2, -1
core   0: 0 0x80008a86 (0x9a7d) x12 0x0e1333ca
core   0: 0x80008a88 (0x034bfa33) remu    s4, s7, s4
core   0: 0 0x80008a88 (0x034bfa33) x20 0x00000000
core   0: 0x80008a8c (0x00ca6cb3) or      s9, s4, a2
core   0: 0 0x80008a8c (0x00ca6cb3) x25 0x0e1333ca
core   0: 0x80008a90 (0x30c63e93) sltiu   t4, a2, 780
core   0: 0 0x80008a90 (0x30c63e93) x29 0x00000000
core   0: 0x80008a94 (0x00f77563) bgeu    a4, a5, pc + 10
core   0: 0 0x80008a94 (0x00f77563)
core   0: 0x80008a9e (0x6879ff93) andi    t6, s3, 1671
core   0: 0 0x80008a9e (0x6879ff93) x31 0x00000000
core   0: 0x80008aa2 (0x030339b3) mulhu   s3, t1, a6
core   0: 0 0x80008aa2 (0x030339b3) x19 0x82f86460
core   0: 0x80008aa6 (0x000099e6) c.add   s3, s9
core   0: 0 0x80008aa6 (0x99e6) x19 0x910b982a
core   0: 0x80008aa8 (0x026e4ab3) div     s5, t3, t1
core   0: 0 0x80008aa8 (0x026e4ab3) x21 0x00000000
core   0: 0x80008aac (0x00000001) c.nop
core   0: 0 0x80008aac (0x0001)
core   0: 0x80008aae (0x039d4d63) blt     s10, s9, pc + 58
core   0: 0 0x80008aae (0x039d4d63)
core   0: 0x80008ab2 (0x00000001) c.nop
core   0: 0 0x80008ab2 (0x0001)
core   0: 0x80008ab4 (0x00008f45) c.or    a4, s1
core   0: 0 0x80008ab4 (0x8f45) x14 0x7ffdbf1b
core   0: 0x80008ab6 (0x40d151b3) sra     gp, sp, a3
core   0: 0 0x80008ab6 (0x40d151b3) x3  0xf8001feb
core   0: 0x80008aba (0x030d8133) mul     sp, s11, a6
core   0: 0 0x80008aba (0x030d8133) x2  0xfffdff80
core   0: 0x80008abe (0x00008f35) c.xor   a4, a3
core   0: 0 0x80008abe (0x8f35) x14 0xffff83ff
core   0: 0x80008ac0 (0x00006469) c.lui   s0, 0x1a
core   0: 0 0x80008ac0 (0x6469) x8  0x0001a000
core   0: 0x80008ac2 (0x0000937a) c.add   t1, t5
core   0: 0 0x80008ac2 (0x937a) x6  0x82f86c41
core   0: 0x80008ac4 (0x00aabe13) sltiu   t3, s5, 10
core   0: 0 0x80008ac4 (0x00aabe13) x28 0x00000001
core   0: 0x80008ac8 (0x02d3b1b3) mulhu   gp, t2, a3
core   0: 0 0x80008ac8 (0x02d3b1b3) x3  0x155dbb1a
core   0: 0x80008acc (0x03ef5163) bge     t5, t5, pc + 34
core   0: 0 0x80008acc (0x03ef5163)
core   0: 0x80008aee (0x03aef733) remu    a4, t4, s10
core   0: 0 0x80008aee (0x03aef733) x14 0x00000000
core   0: 0x80008af2 (0x00008d31) c.xor   a0, a2
core   0: 0 0x80008af2 (0x8d31) x10 0xf1eccc32
core   0: 0x80008af4 (0x704ac213) xori    tp, s5, 1796
core   0: 0 0x80008af4 (0x704ac213) x4  0x00000704
core   0: 0x80008af8 (0x00919e13) slli    t3, gp, 9
core   0: 0 0x80008af8 (0x00919e13) x28 0xbb763400
core   0: 0x80008afc (0x0000100f) fence.i
core   0: 0 0x80008afc (0x0000100f)
core   0: 0x80008b00 (0x00e538b3) sltu    a7, a0, a4
core   0: 0 0x80008b00 (0x00e538b3) x17 0x00000000
core   0: 0x80008b04 (0x019d93b3) sll     t2, s11, s9
core   0: 0 0x80008b04 (0x019d93b3) x7  0x00020000
core   0: 0x80008b08 (0x0ff0000f) fence   iorw,iorw
core   0: 0 0x80008b08 (0x0ff0000f)
core   0: 0x80008b0c (0x0000100f) fence.i
core   0: 0 0x80008b0c (0x0000100f)
core   0: 0x80008b10 (0x03e46fb3) rem     t6, s0, t5
core   0: 0 0x80008b10 (0x03e46fb3) x31 0x00000234
core   0: 0x80008b14 (0x03b35b33) divu    s6, t1, s11
core   0: 0 0x80008b14 (0x03b35b33) x22 0x0105f0d8
core   0: 0x80008b18 (0x00fe74b3) and     s1, t3, a5
core   0: 0 0x80008b18 (0x00fe74b3) x9  0x00000000
core   0: 0x80008b1c (0x02ca80b3) mul     ra, s5, a2
core   0: 0 0x80008b1c (0x02ca80b3) x1  0x00000000
core   0: 0x80008b20 (0xef432b13) slti    s6, t1, -268
core   0: 0 0x80008b20 (0xef432b13) x22 0x00000001
core   0: 0x80008b24 (0x01456833) or      a6, a0, s4
core   0: 0 0x80008b24 (0x01456833) x16 0xf1eccc32
core   0: 0x80008b28 (0x00008c39) c.xor   s0, a4
core   0: 0 0x80008b28 (0x8c39) x8  0x0001a000
core   0: 0x80008b2a (0x133fa493) slti    s1, t6, 307
core   0: 0 0x80008b2a (0x133fa493) x9  0x00000000
core   0: 0x80008b2e (0x01129d13) slli    s10, t0, 17
core   0: 0 0x80008b2e (0x01129d13) x26 0xb9460000
core   0: 0x80008b32 (0x00d23cb3) sltu    s9, tp, a3
core   0: 0 0x80008b32 (0x00d23cb3) x25 0x00000001
core   0: 0x80008b36 (0x00008dca) c.mv    s11, s2
core   0: 0 0x80008b36 (0x8dca) x27 0x00000000
core   0: 0x80008b38 (0x00008c1d) c.sub   s0, a5
core   0: 0 0x80008b38 (0x8c1d) x8  0x00019ffc
core   0: 0x80008b3a (0xdf19f317) auipc   t1, 0xdf19f
core   0: 0 0x80008b3a (0xdf19f317) x6  0x5f1a7b3a
core   0: 0x80008b3e (0x0353ec33) rem     s8, t2, s5
core   0: 0 0x80008b3e (0x0353ec33) x24 0x00020000
core   0: 0x80008b42 (0x41f0d313) srai    t1, ra, 31
core   0: 0 0x80008b42 (0x41f0d313) x6  0x00000000
core   0: 0x80008b46 (0x000091e6) c.add   gp, s9
core   0: 0 0x80008b46 (0x91e6) x3  0x155dbb1b
core   0: 0x80008b48 (0x471b2f13) slti    t5, s6, 1137
core   0: 0 0x80008b48 (0x471b2f13) x30 0x00000001
core   0: 0x80008b4c (0x0000100f) fence.i
core   0: 0 0x80008b4c (0x0000100f)
core   0: 0x80008b50 (0x0000717d) c.addi16sp sp, -16
core   0: 0 0x80008b50 (0x717d) x2  0xfffdff70
core   0: 0x80008b52 (0x01f900b3) add     ra, s2, t6
core   0: 0 0x80008b52 (0x01f900b3) x1  0x00000234
core   0: 0x80008b56 (0x02dd0633) mul     a2, s10, a3
core   0: 0 0x80008b56 (0x02dd0633) x12 0x6a580000
core   0: 0x80008b5a (0x0168c033) xor     zero, a7, s6
core   0: 0 0x80008b5a (0x0168c033)
core   0: 0x80008b5e (0x005f7333) and     t1, t5, t0
core   0: 0 0x80008b5e (0x005f7333) x6  0x00000001
core   0: 0x80008b62 (0x02517333) remu    t1, sp, t0
core   0: 0 0x80008b62 (0x02517333) x6  0x00b9e0ae
core   0: 0x80008b66 (0x04d31163) bne     t1, a3, pc + 66
core   0: 0 0x80008b66 (0x04d31163)
core   0: 0x80008ba8 (0xcdd29997) auipc   s3, 0xcdd29
core   0: 0 0x80008ba8 (0xcdd29997) x19 0x4dd31ba8
core   0: 0x80008bac (0x0221df33) divu    t5, gp, sp
core   0: 0 0x80008bac (0x0221df33) x30 0x00000000
core   0: 0x80008bb0 (0x000a1493) slli    s1, s4, 0
core   0: 0 0x80008bb0 (0x000a1493) x9  0x00000000
core   0: 0x80008bb4 (0x030683b3) mul     t2, a3, a6
core   0: 0 0x80008bb4 (0x030683b3) x7  0x8f259488
core   0: 0x80008bb8 (0xbc267993) andi    s3, a2, -1086
core   0: 0 0x80008bb8 (0xbc267993) x19 0x6a580000
core   0: 0x80008bbc (0x4149d133) sra     sp, s3, s4
core   0: 0 0x80008bbc (0x4149d133) x2  0x6a580000
core   0: 0x80008bc0 (0x000083a9) c.srli  a5, 10
core   0: 0 0x80008bc0 (0x83a9) x15 0x00000000
core   0: 0x80008bc2 (0x0265da63) bge     a1, t1, pc + 52
core   0: 0 0x80008bc2 (0x0265da63)
core   0: 0x80008bc6 (0x034430b3) mulhu   ra, s0, s4
core   0: 0 0x80008bc6 (0x034430b3) x1  0x00000000
core   0: 0x80008bca (0x0000717d) c.addi16sp sp, -16
core   0: 0 0x80008bca (0x717d) x2  0x6a57fff0
core   0: 0x80008bcc (0x69db4f93) xori    t6, s6, 1693
core   0: 0 0x80008bcc (0x69db4f93) x31 0x0000069c
core   0: 0x80008bd0 (0x03c3f933) remu    s2, t2, t3
core   0: 0 0x80008bd0 (0x03c3f933) x18 0x8f259488
core   0: 0x80008bd4 (0x0273ed33) rem     s10, t2, t2
core   0: 0 0x80008bd4 (0x0273ed33) x26 0x00000000
core   0: 0x80008bd8 (0xbdd7ad37) lui     s10, 0xbdd7a
core   0: 0 0x80008bd8 (0xbdd7ad37) x26 0xbdd7a000
core   0: 0x80008bdc (0x02d86a33) rem     s4, a6, a3
core   0: 0 0x80008bdc (0x02d86a33) x20 0xf1eccc32
core   0: 0x80008be0 (0x00000001) c.nop
core   0: 0 0x80008be0 (0x0001)
core   0: 0x80008be2 (0x9c0b63b7) lui     t2, 0x9c0b6
core   0: 0 0x80008be2 (0x9c0b63b7) x7  0x9c0b6000
core   0: 0x80008be6 (0x40798cb3) sub     s9, s3, t2
core   0: 0 0x80008be6 (0x40798cb3) x25 0xce4ca000
core   0: 0x80008bea (0x00008539) c.srai  a0, 14
core   0: 0 0x80008bea (0x8539) x10 0xffffc7b3
core   0: 0x80008bec (0x03eb3fb3) mulhu   t6, s6, t5
core   0: 0 0x80008bec (0x03eb3fb3) x31 0x00000000
core   0: 0x80008bf0 (0x01bb9f33) sll     t5, s7, s11
core   0: 0 0x80008bf0 (0x01bb9f33) x30 0x8001fe58
core   0: 0x80008bf4 (0x000089c2) c.mv    s3, a6
core   0: 0 0x80008bf4 (0x89c2) x19 0xf1eccc32
core   0: 0x80008bf6 (0x00008769) c.srai  a4, 26
core   0: 0 0x80008bf6 (0x8769) x14 0x00000000
core   0: 0x80008bf8 (0x00008049) c.srli  s0, 18
core   0: 0 0x80008bf8 (0x8049) x8  0x00000000
core   0: 0x80008bfa (0x99df8c13) addi    s8, t6, -1635
core   0: 0 0x80008bfa (0x99df8c13) x24 0xfffff99d
core   0: 0x80008bfe (0x02f111b3) mulh    gp, sp, a5
core   0: 0 0x80008bfe (0x02f111b3) x3  0x00000000
core   0: 0x80008c02 (0x01bac0b3) xor     ra, s5, s11
core   0: 0 0x80008c02 (0x01bac0b3) x1  0x00000000
core   0: 0x80008c06 (0x00008215) c.srli  a2, 5
core   0: 0 0x80008c06 (0x8215) x12 0x0352c000
core   0: 0x80008c08 (0x01ea5d93) srli    s11, s4, 30
core   0: 0 0x80008c08 (0x01ea5d93) x27 0x00000003
core   0: 0x80008c0c (0x00b41763) bne     s0, a1, pc + 14
core   0: 0 0x80008c0c (0x00b41763)
core   0: 0x80008c1a (0x01845e13) srli    t3, s0, 24
core   0: 0 0x80008c1a (0x01845e13) x28 0x00000000
core   0: 0x80008c1e (0x00008e71) c.and   a2, a2
core   0: 0 0x80008c1e (0x8e71) x12 0x0352c000
core   0: 0x80008c20 (0x417e8fb3) sub     t6, t4, s7
core   0: 0 0x80008c20 (0x417e8fb3) x31 0x7ffe01a8
core   0: 0x80008c24 (0x41475333) sra     t1, a4, s4
core   0: 0 0x80008c24 (0x41475333) x6  0x00000000
core   0: 0x80008c28 (0x0551c663) blt     gp, s5, pc + 76
core   0: 0 0x80008c28 (0x0551c663)
core   0: 0x80008c2c (0x00001f10) c.addi4spn a2, sp, 944
core   0: 0 0x80008c2c (0x1f10) x12 0x6a5803a0
core   0: 0x80008c2e (0x0a7ef993) andi    s3, t4, 167
core   0: 0 0x80008c2e (0x0a7ef993) x19 0x00000000
core   0: 0x80008c32 (0x03a3feb3) remu    t4, t2, s10
core   0: 0 0x80008c32 (0x03a3feb3) x29 0x9c0b6000
core   0: 0x80008c36 (0x008000ef) jal     pc + 0x8
core   0: 0 0x80008c36 (0x008000ef) x1  0x80008c3a
core   0: 0x80008c3e (0x0000a829) c.j     pc + 26
core   0: 0 0x80008c3e (0xa829)
core   0: 0x80008c58 (0x0000bfd5) c.j     pc - 12
core   0: 0 0x80008c58 (0xbfd5)
core   0: 0x80008c4c (0x0000bfd5) c.j     pc - 12
core   0: 0 0x80008c4c (0xbfd5)
core   0: 0x80008c40 (0x00002809) c.jal   pc + 18
core   0: 0 0x80008c40 (0x2809) x1  0x80008c42
core   0: 0x80008c52 (0x0000b7ed) c.j     pc - 22
core   0: 0 0x80008c52 (0xb7ed)
core   0: 0x80008c3c (0x00002839) c.jal   pc + 30
core   0: 0 0x80008c3c (0x2839) x1  0x80008c3e
core   0: 0x80008c5a (0x0000a009) c.j     pc + 2
core   0: 0 0x80008c5a (0xa009)
core   0: 0x80008c5c (0xfdfff0ef) jal     pc - 0x22
core   0: 0 0x80008c5c (0xfdfff0ef) x1  0x80008c60
core   0: 0x80008c3a (0x0000a02d) c.j     pc + 42
core   0: 0 0x80008c3a (0xa02d)
core   0: 0x80008c64 (0xfe3ff0ef) jal     pc - 0x1e
core   0: 0 0x80008c64 (0xfe3ff0ef) x1  0x80008c68
core   0: 0x80008c46 (0x0000a831) c.j     pc + 28
core   0: 0 0x80008c46 (0xa831)
core   0: 0x80008c62 (0x0000bffd) c.j     pc - 2
core   0: 0 0x80008c62 (0xbffd)
core   0: 0x80008c60 (0x000037cd) c.jal   pc - 30
core   0: 0 0x80008c60 (0x37cd) x1  0x80008c62
core   0: 0x80008c42 (0x0000a019) c.j     pc + 6
core   0: 0 0x80008c42 (0xa019)
core   0: 0x80008c48 (0x00002009) c.jal   pc + 2
core   0: 0 0x80008c48 (0x2009) x1  0x80008c4a
core   0: 0x80008c4a (0x0000a019) c.j     pc + 6
core   0: 0 0x80008c4a (0xa019)
core   0: 0x80008c50 (0x00003ffd) c.jal   pc - 2
core   0: 0 0x80008c50 (0x3ffd) x1  0x80008c52
core   0: 0x80008c4e (0x0000bfdd) c.j     pc - 10
core   0: 0 0x80008c4e (0xbfdd)
core   0: 0x80008c44 (0x00002801) c.jal   pc + 16
core   0: 0 0x80008c44 (0x2801) x1  0x80008c46
core   0: 0x80008c54 (0x01400b6f) jal     s6, pc + 0x14
core   0: 0 0x80008c54 (0x01400b6f) x22 0x80008c58
core   0: 0x80008c68 (0x00008251) c.srli  a2, 20
core   0: 0 0x80008c68 (0x8251) x12 0x000006a5
core   0: 0x80008c6a (0x00008ca9) c.xor   s1, a0
core   0: 0 0x80008c6a (0x8ca9) x9  0xffffc7b3
core   0: 0x80008c6c (0xd62b0193) addi    gp, s6, -670
core   0: 0 0x80008c6c (0xd62b0193) x3  0x800089ba
core   0: 0x80008c70 (0x09bc8193) addi    gp, s9, 155
core   0: 0 0x80008c70 (0x09bc8193) x3  0xce4ca09b
core   0: 0x80008c74 (0x00000001) c.nop
core   0: 0 0x80008c74 (0x0001)
core   0: 0x80008c76 (0x006c9793) slli    a5, s9, 6
core   0: 0 0x80008c76 (0x006c9793) x15 0x93280000
core   0: 0x80008c7a (0x01aef4b3) and     s1, t4, s10
core   0: 0 0x80008c7a (0x01aef4b3) x9  0x9c032000
core   0: 0x80008c7e (0x01f05963) bge     zero, t6, pc + 18
core   0: 0 0x80008c7e (0x01f05963)
core   0: 0x80008c82 (0x00000001) c.nop
core   0: 0 0x80008c82 (0x0001)
core   0: 0x80008c84 (0x004c0fb3) add     t6, s8, tp
core   0: 0 0x80008c84 (0x004c0fb3) x31 0x000000a1
core   0: 0x80008c88 (0x0055d913) srli    s2, a1, 5
core   0: 0 0x80008c88 (0x0055d913) x18 0x078f458f
core   0: 0x80008c8c (0x01a2e0b3) or      ra, t0, s10
core   0: 0 0x80008c8c (0x01a2e0b3) x1  0xbff7fca3
core   0: 0x80008c90 (0x00008f25) c.xor   a4, s1
core   0: 0 0x80008c90 (0x8f25) x14 0x9c032000
core   0: 0x80008c92 (0x03b4e533) rem     a0, s1, s11
core   0: 0 0x80008c92 (0x03b4e533) x10 0xfffffffe
core   0: 0x80008c96 (0x41fc0eb3) sub     t4, s8, t6
core   0: 0 0x80008c96 (0x41fc0eb3) x29 0xfffff8fc
core   0: 0x80008c9a (0x5a76b213) sltiu   tp, a3, 1447
core   0: 0 0x80008c9a (0x5a76b213) x4  0x00000000
core   0: 0x80008c9e (0x004e5563) bge     t3, tp, pc + 10
core   0: 0 0x80008c9e (0x004e5563)
core   0: 0x80008ca8 (0x0ff0000f) fence   iorw,iorw
core   0: 0 0x80008ca8 (0x0ff0000f)
core   0: 0x80008cac (0x4c648893) addi    a7, s1, 1222
core   0: 0 0x80008cac (0x4c648893) x17 0x9c0324c6
core   0: 0x80008cb0 (0x003b5a33) srl     s4, s6, gp
core   0: 0 0x80008cb0 (0x003b5a33) x20 0x00000010
core   0: 0x80008cb4 (0x001769b3) or      s3, a4, ra
core   0: 0 0x80008cb4 (0x001769b3) x19 0xbff7fca3
core   0: 0x80008cb8 (0x02104b63) blt     zero, ra, pc + 54
core   0: 0 0x80008cb8 (0x02104b63)
core   0: 0x80008cbc (0x00b96663) bltu    s2, a1, pc + 12
core   0: 0 0x80008cbc (0x00b96663)
core   0: 0x80008cc8 (0x0000034a) c.slli  t1, 18
core   0: 0 0x80008cc8 (0x034a) x6  0x00000000
core   0: 0x80008cca (0xc0002313) slti    t1, zero, -1024
core   0: 0 0x80008cca (0xc0002313) x6  0x00000000
core   0: 0x80008cce (0x03317333) remu    t1, sp, s3
core   0: 0 0x80008cce (0x03317333) x6  0x6a57fff0
core   0: 0x80008cd2 (0x02f8d3b3) divu    t2, a7, a5
core   0: 0 0x80008cd2 (0x02f8d3b3) x7  0x00000001
core   0: 0x80008cd6 (0x0ff0000f) fence   iorw,iorw
core   0: 0 0x80008cd6 (0x0ff0000f)
core   0: 0x80008cda (0x03cfd863) bge     t6, t3, pc + 48
core   0: 0 0x80008cda (0x03cfd863)
core   0: 0x80008d0a (0x00008f11) c.sub   a4, a2
core   0: 0 0x80008d0a (0x8f11) x14 0x9c03195b
core   0: 0x80008d0c (0x000d9493) slli    s1, s11, 0
core   0: 0 0x80008d0c (0x000d9493) x9  0x00000003
core   0: 0x80008d10 (0xb22f2e13) slti    t3, t5, -1246
core   0: 0 0x80008d10 (0xb22f2e13) x28 0x00000001
core   0: 0x80008d14 (0x0000100f) fence.i
core   0: 0 0x80008d14 (0x0000100f)
core   0: 0x80008d18 (0xe609a793) slti    a5, s3, -416
core   0: 0 0x80008d18 (0xe609a793) x15 0x00000001
core   0: 0x80008d1c (0x034ad163) bge     s5, s4, pc + 34
core   0: 0 0x80008d1c (0x034ad163)
core   0: 0x80008d20 (0x00008109) c.srli  a0, 2
core   0: 0 0x80008d20 (0x8109) x10 0x3fffffff
core   0: 0x80008d22 (0x02c7ce63) blt     a5, a2, pc + 60
core   0: 0 0x80008d22 (0x02c7ce63)
core   0: 0x80008d5e (0x000090c2) c.add   ra, a6
core   0: 0 0x80008d5e (0x90c2) x1  0xb1e4c8d5
core   0: 0x80008d60 (0x00008ff5) c.and   a5, a3
core   0: 0 0x80008d60 (0x8ff5) x15 0x00000000
core   0: 0x80008d62 (0x0000557d) c.li    a0, -1
core   0: 0 0x80008d62 (0x557d) x10 0xffffffff
core   0: 0x80008d64 (0x01de8133) add     sp, t4, t4
core   0: 0 0x80008d64 (0x01de8133) x2  0xfffff1f8
core   0: 0x80008d68 (0x004ba083) lw      ra, 4(s7)
core   0: 0 0x80008d68 (0x004ba083) x1  0x80003546 mem 0x8001fe5c
core   0: 0x80008d6c (0x00fe5993) srli    s3, t3, 15
core   0: 0 0x80008d6c (0x00fe5993) x19 0x00000000
core   0: 0x80008d70 (0x00000bb1) c.addi  s7, 12
core   0: 0 0x80008d70 (0x0bb1) x23 0x8001fe64
core   0: 0x80008d72 (0x6f8b4213) xori    tp, s6, 1784
core   0: 0 0x80008d72 (0x6f8b4213) x4  0x80008aa0
core   0: 0x80008d76 (0x00108a13) addi    s4, ra, 1
core   0: 0 0x80008d76 (0x00108a13) x20 0x80003547
core   0: 0x80008d7a (0x00008a02) c.jr    s4
core   0: 0 0x80008d7a (0x8a02)
core   0: 0x80003546 (0x02c82eb3) mulhsu  t4, a6, a2
core   0: 0 0x80003546 (0x02c82eb3) x29 0xffffffa2
core   0: 0x8000354a (0x00000c97) auipc   s9, 0x0
core   0: 0 0x8000354a (0x00000c97) x25 0x8000354a
core   0: 0x8000354e (0x128c8c93) addi    s9, s9, 296
core   0: 0 0x8000354e (0x128c8c93) x25 0x80003672
core   0: 0x80003552 (0xde8c8c93) addi    s9, s9, -536
core   0: 0 0x80003552 (0xde8c8c93) x25 0x8000345a
core   0: 0x80003556 (0x21f3fe13) andi    t3, t2, 543
core   0: 0 0x80003556 (0x21f3fe13) x28 0x00000001
core   0: 0x8000355a (0x002a1633) sll     a2, s4, sp
core   0: 0 0x8000355a (0x002a1633) x12 0x47000000
core   0: 0x8000355e (0x00008c99) c.sub   s1, a4
core   0: 0 0x8000355e (0x8c99) x9  0x63fce6a8
core   0: 0x80003560 (0x6b750797) auipc   a5, 0x6b750
core   0: 0 0x80003560 (0x6b750797) x15 0xeb753560
core   0: 0x80003564 (0x6c313313) sltiu   t1, sp, 1731
core   0: 0 0x80003564 (0x6c313313) x6  0x00000000
core   0: 0x80003568 (0x219c80e7) jalr    ra, s9, 537
core   0: 0 0x80003568 (0x219c80e7) x1  0x8000356c
core   0: 0x80003672 (0x0000527d) c.li    tp, -1
core   0: 0 0x80003672 (0x527d) x4  0xffffffff
core   0: 0x80003674 (0xfc0b8b93) addi    s7, s7, -64
core   0: 0 0x80003674 (0xfc0b8b93) x23 0x8001fe24
core   0: 0x80003678 (0x032ec633) div     a2, t4, s2
core   0: 0 0x80003678 (0x032ec633) x12 0x00000000
core   0: 0x8000367c (0x001ba223) sw      ra, 4(s7)
core   0: 0 0x8000367c (0x001ba223) mem 0x8001fe28 0x8000356c
core   0: 0x80003680 (0x00008035) c.srli  s0, 13
core   0: 0 0x80003680 (0x8035) x8  0x00000000
core   0: 0x80003682 (0x00000b26) c.slli  s6, 9
core   0: 0 0x80003682 (0x0b26) x22 0x0118b000
core   0: 0x80003684 (0x01937933) and     s2, t1, s9
core   0: 0 0x80003684 (0x01937933) x18 0x00000000
core   0: 0x80003688 (0x0072fb33) and     s6, t0, t2
core   0: 0 0x80003688 (0x0072fb33) x22 0x00000001
core   0: 0x8000368c (0x01c000ef) jal     pc + 0x1c
core   0: 0 0x8000368c (0x01c000ef) x1  0x80003690
core   0: 0x800036a8 (0x00002021) c.jal   pc + 8
core   0: 0 0x800036a8 (0x2021) x1  0x800036aa
core   0: 0x800036b0 (0x00002829) c.jal   pc + 26
core   0: 0 0x800036b0 (0x2829) x1  0x800036b2
core   0: 0x800036ca (0xff5ff0ef) jal     pc - 0xc
core   0: 0 0x800036ca (0xff5ff0ef) x1  0x800036ce
core   0: 0x800036be (0x0000bfdd) c.j     pc - 10
core   0: 0 0x800036be (0xbfdd)
core   0: 0x800036b4 (0x000037dd) c.jal   pc - 26
core   0: 0 0x800036b4 (0x37dd) x1  0x800036b6
core   0: 0x8000369a (0x00400b6f) jal     s6, pc + 0x4
core   0: 0 0x8000369a (0x00400b6f) x22 0x8000369e
core   0: 0x8000369e (0x00003fd5) c.jal   pc - 12
core   0: 0 0x8000369e (0x3fd5) x1  0x800036a0
core   0: 0x80003692 (0x03400def) jal     s11, pc + 0x34
core   0: 0 0x80003692 (0x03400def) x27 0x80003696
core   0: 0x800036c6 (0xff1ff0ef) jal     pc - 0x10
core   0: 0 0x800036c6 (0xff1ff0ef) x1  0x800036ca
core   0: 0x800036b6 (0x004000ef) jal     pc + 0x4
core   0: 0 0x800036b6 (0x004000ef) x1  0x800036ba
core   0: 0x800036ba (0x0000b7f5) c.j     pc - 20
core   0: 0 0x800036ba (0xb7f5)
core   0: 0x800036a6 (0x00002819) c.jal   pc + 22
core   0: 0 0x800036a6 (0x2819) x1  0x800036a8
core   0: 0x800036bc (0x0000bfdd) c.j     pc - 10
core   0: 0 0x800036bc (0xbfdd)
core   0: 0x800036b2 (0x0000bff9) c.j     pc - 34
core   0: 0 0x800036b2 (0xbff9)
core   0: 0x80003690 (0x00002809) c.jal   pc + 18
core   0: 0 0x80003690 (0x2809) x1  0x80003692
core   0: 0x800036a2 (0x022000ef) jal     pc + 0x22
core   0: 0 0x800036a2 (0x022000ef) x1  0x800036a6
core   0: 0x800036c4 (0x0000a029) c.j     pc + 10
core   0: 0 0x800036c4 (0xa029)
core   0: 0x800036ce (0xfd3ff26f) jal     tp, pc - 0x2e
core   0: 0 0x800036ce (0xfd3ff26f) x4  0x800036d2
core   0: 0x800036a0 (0x00002005) c.jal   pc + 32
core   0: 0 0x800036a0 (0x2005) x1  0x800036a2
core   0: 0x800036c0 (0xfd7ff0ef) jal     pc - 0x2a
core   0: 0 0x800036c0 (0xfd7ff0ef) x1  0x800036c4
core   0: 0x80003696 (0x014000ef) jal     pc + 0x14
core   0: 0 0x80003696 (0x014000ef) x1  0x8000369a
core   0: 0x800036aa (0x00002009) c.jal   pc + 2
core   0: 0 0x800036aa (0x2009) x1  0x800036ac
core   0: 0x800036ac (0x0260056f) jal     a0, pc + 0x26
core   0: 0 0x800036ac (0x0260056f) x10 0x800036b0
core   0: 0x800036d2 (0x0080fe33) and     t3, ra, s0
core   0: 0 0x800036d2 (0x0080fe33) x28 0x00000000
core   0: 0x800036d6 (0x00a000ef) jal     pc + 0xa
core   0: 0 0x800036d6 (0x00a000ef) x1  0x800036da
core   0: 0x800036e0 (0x0000a831) c.j     pc + 28
core   0: 0 0x800036e0 (0xa831)
core   0: 0x800036fc (0xfe7ff0ef) jal     pc - 0x1a
core   0: 0 0x800036fc (0xfe7ff0ef) x1  0x80003700
core   0: 0x800036e2 (0x0000a03d) c.j     pc + 46
core   0: 0 0x800036e2 (0xa03d)
core   0: 0x80003710 (0x00002021) c.jal   pc + 8
core   0: 0 0x80003710 (0x2021) x1  0x80003712
core   0: 0x80003718 (0x00003fd1) c.jal   pc - 44
core   0: 0 0x80003718 (0x3fd1) x1  0x8000371a
core   0: 0x800036ec (0x00002821) c.jal   pc + 24
core   0: 0 0x800036ec (0x2821) x1  0x800036ee
core   0: 0x80003704 (0xfdbff0ef) jal     pc - 0x26
core   0: 0 0x80003704 (0xfdbff0ef) x1  0x80003708
core   0: 0x800036de (0x00002821) c.jal   pc + 24
core   0: 0 0x800036de (0x2821) x1  0x800036e0
core   0: 0x800036f6 (0x014000ef) jal     pc + 0x14
core   0: 0 0x800036f6 (0x014000ef) x1  0x800036fa
core   0: 0x8000370a (0x00c0036f) jal     t1, pc + 0xc
core   0: 0 0x8000370a (0x00c0036f) x6  0x8000370e
core   0: 0x80003716 (0x0000bff1) c.j     pc - 36
core   0: 0 0x80003716 (0xbff1)
core   0: 0x800036f2 (0x00e000ef) jal     pc + 0xe
core   0: 0 0x800036f2 (0x00e000ef) x1  0x800036f6
core   0: 0x80003700 (0xfefff0ef) jal     pc - 0x12
core   0: 0 0x80003700 (0xfefff0ef) x1  0x80003704
core   0: 0x800036ee (0x02e000ef) jal     pc + 0x2e
core   0: 0 0x800036ee (0x02e000ef) x1  0x800036f2
core   0: 0x8000371c (0x0000bffd) c.j     pc - 2
core   0: 0 0x8000371c (0xbffd)
core   0: 0x8000371a (0x000037c5) c.jal   pc - 32
core   0: 0 0x8000371a (0x37c5) x1  0x8000371c
core   0: 0x800036fa (0x0000b7f5) c.j     pc - 20
core   0: 0 0x800036fa (0xb7f5)
core   0: 0x800036e6 (0x0000a009) c.j     pc + 2
core   0: 0 0x800036e6 (0xa009)
core   0: 0x800036e8 (0x0000201d) c.jal   pc + 38
core   0: 0 0x800036e8 (0x201d) x1  0x800036ea
core   0: 0x8000370e (0x0000b7f1) c.j     pc - 52
core   0: 0 0x8000370e (0xb7f1)
core   0: 0x800036da (0x00a0026f) jal     tp, pc + 0xa
core   0: 0 0x800036da (0x00a0026f) x4  0x800036de
core   0: 0x800036e4 (0x00002015) c.jal   pc + 36
core   0: 0 0x800036e4 (0x2015) x1  0x800036e6
core   0: 0x80003708 (0x00002029) c.jal   pc + 10
core   0: 0 0x80003708 (0x2029) x1  0x8000370a
core   0: 0x80003712 (0xfd9ff0ef) jal     pc - 0x28
core   0: 0 0x80003712 (0xfd9ff0ef) x1  0x80003716
core   0: 0x800036ea (0x00002815) c.jal   pc + 52
core   0: 0 0x800036ea (0x2815) x1  0x800036ec
core   0: 0x8000371e (0x02c2c333) div     t1, t0, a2
core   0: 0 0x8000371e (0x02c2c333) x6  0xffffffff
core   0: 0x80003722 (0x026000ef) jal     pc + 0x26
core   0: 0 0x80003722 (0x026000ef) x1  0x80003726
core   0: 0x80003748 (0xfe3ff4ef) jal     s1, pc - 0x1e
core   0: 0 0x80003748 (0xfe3ff4ef) x9  0x8000374c
core   0: 0x8000372a (0x0000a021) c.j     pc + 8
core   0: 0 0x8000372a (0xa021)
core   0: 0x80003732 (0xffdff1ef) jal     gp, pc - 0x4
core   0: 0 0x80003732 (0xffdff1ef) x3  0x80003736
core   0: 0x8000372e (0x0000a01d) c.j     pc + 38
core   0: 0 0x8000372e (0xa01d)
core   0: 0x80003754 (0xfffff86f) jal     a6, pc - 0x2
core   0: 0 0x80003754 (0xfffff86f) x16 0x80003758
core   0: 0x80003752 (0x000037dd) c.jal   pc - 26
core   0: 0 0x80003752 (0x37dd) x1  0x80003754
core   0: 0x80003738 (0x0180056f) jal     a0, pc + 0x18
core   0: 0 0x80003738 (0x0180056f) x10 0x8000373c
core   0: 0x80003750 (0x000037fd) c.jal   pc - 18
core   0: 0 0x80003750 (0x37fd) x1  0x80003752
core   0: 0x8000373e (0x00002829) c.jal   pc + 26
core   0: 0 0x8000373e (0x2829) x1  0x80003740
core   0: 0x80003758 (0x0000b7ed) c.j     pc - 22
core   0: 0 0x80003758 (0xb7ed)
core   0: 0x80003742 (0x0000bfd5) c.j     pc - 12
core   0: 0 0x80003742 (0xbfd5)
core   0: 0x80003736 (0x00002039) c.jal   pc + 14
core   0: 0 0x80003736 (0x2039) x1  0x80003738
core   0: 0x80003744 (0x008000ef) jal     pc + 0x8
core   0: 0 0x80003744 (0x008000ef) x1  0x80003748
core   0: 0x8000374c (0x0000bfe9) c.j     pc - 38
core   0: 0 0x8000374c (0xbfe9)
core   0: 0x80003726 (0x01a000ef) jal     pc + 0x1a
core   0: 0 0x80003726 (0x01a000ef) x1  0x8000372a
core   0: 0x80003740 (0x000037f5) c.jal   pc - 20
core   0: 0 0x80003740 (0x37f5) x1  0x80003742
core   0: 0x8000372c (0x00002801) c.jal   pc + 16
core   0: 0 0x8000372c (0x2801) x1  0x8000372e
core   0: 0x8000373c (0x00003fd5) c.jal   pc - 12
core   0: 0 0x8000373c (0x3fd5) x1  0x8000373e
core   0: 0x80003730 (0x0000a839) c.j     pc + 30
core   0: 0 0x80003730 (0xa839)
core   0: 0x8000374e (0x0000a031) c.j     pc + 12
core   0: 0 0x8000374e (0xa031)
core   0: 0x8000375a (0x004000ef) jal     pc + 0x4
core   0: 0 0x8000375a (0x004000ef) x1  0x8000375e
core   0: 0x8000375e (0x41ccdd13) srai    s10, s9, 28
core   0: 0 0x8000375e (0x41ccdd13) x26 0xfffffff8
core   0: 0x80003762 (0x008000ef) jal     pc + 0x8
core   0: 0 0x80003762 (0x008000ef) x1  0x80003766
core   0: 0x8000376a (0x00002031) c.jal   pc + 12
core   0: 0 0x8000376a (0x2031) x1  0x8000376c
core   0: 0x80003776 (0x010000ef) jal     pc + 0x10
core   0: 0 0x80003776 (0x010000ef) x1  0x8000377a
core   0: 0x80003786 (0xfffff2ef) jal     t0, pc - 0x2
core   0: 0 0x80003786 (0xfffff2ef) x5  0x8000378a
core   0: 0x80003784 (0x00003ff5) c.jal   pc - 4
core   0: 0 0x80003784 (0x3ff5) x1  0x80003786
core   0: 0x80003780 (0x026000ef) jal     pc + 0x26
core   0: 0 0x80003780 (0x026000ef) x1  0x80003784
core   0: 0x800037a6 (0xfc1ff36f) jal     t1, pc - 0x40
core   0: 0 0x800037a6 (0xfc1ff36f) x6  0x800037aa
core   0: 0x80003766 (0x036000ef) jal     pc + 0x36
core   0: 0 0x80003766 (0x036000ef) x1  0x8000376a
core   0: 0x8000379c (0x00003ffd) c.jal   pc - 2
core   0: 0 0x8000379c (0x3ffd) x1  0x8000379e
core   0: 0x8000379a (0x00003fc5) c.jal   pc - 16
core   0: 0 0x8000379a (0x3fc5) x1  0x8000379c
core   0: 0x8000378a (0x0000bfd5) c.j     pc - 12
core   0: 0 0x8000378a (0xbfd5)
core   0: 0x8000377e (0x0000a005) c.j     pc + 32
core   0: 0 0x8000377e (0xa005)
core   0: 0x8000379e (0x000037f9) c.jal   pc - 50
core   0: 0 0x8000379e (0x37f9) x1  0x800037a0
core   0: 0x8000376c (0x0000a005) c.j     pc + 32
core   0: 0 0x8000376c (0xa005)
core   0: 0x8000378c (0x01e000ef) jal     pc + 0x1e
core   0: 0 0x8000378c (0x01e000ef) x1  0x80003790
core   0: 0x800037aa (0xff7ff0ef) jal     pc - 0xa
core   0: 0 0x800037aa (0xff7ff0ef) x1  0x800037ae
core   0: 0x800037a0 (0x00003fcd) c.jal   pc - 14
core   0: 0 0x800037a0 (0x3fcd) x1  0x800037a2
core   0: 0x80003792 (0x0000bffd) c.j     pc - 2
core   0: 0 0x80003792 (0xbffd)
core   0: 0x80003790 (0x0000b7ed) c.j     pc - 22
core   0: 0 0x80003790 (0xb7ed)
core   0: 0x8000377a (0xff5ff16f) jal     sp, pc - 0xc
core   0: 0 0x8000377a (0xff5ff16f) x2  0x8000377e
core   0: 0x8000376e (0x00002081) c.jal   pc + 64
core   0: 0 0x8000376e (0x2081) x1  0x80003770
core   0: 0x800037ae (0xfc7ff9ef) jal     s3, pc - 0x3a
core   0: 0 0x800037ae (0xfc7ff9ef) x19 0x800037b2
core   0: 0x80003774 (0x0000a00d) c.j     pc + 34
core   0: 0 0x80003774 (0xa00d)
core   0: 0x80003796 (0xfffff36f) jal     t1, pc - 0x2
core   0: 0 0x80003796 (0xfffff36f) x6  0x8000379a
core   0: 0x80003794 (0x0000a039) c.j     pc + 14
core   0: 0 0x80003794 (0xa039)
core   0: 0x800037a2 (0x0000b7f9) c.j     pc - 50
core   0: 0 0x800037a2 (0xb7f9)
core   0: 0x80003770 (0x034007ef) jal     a5, pc + 0x34
core   0: 0 0x80003770 (0x034007ef) x15 0x80003774
core   0: 0x800037a4 (0x0000a039) c.j     pc + 14
core   0: 0 0x800037a4 (0xa039)
core   0: 0x800037b2 (0x02d0beb3) mulhu   t4, ra, a3
core   0: 0 0x800037b2 (0x02d0beb3) x29 0x40013a2a
core   0: 0x800037b6 (0x012000ef) jal     pc + 0x12
core   0: 0 0x800037b6 (0x012000ef) x1  0x800037ba
core   0: 0x800037c8 (0x026000ef) jal     pc + 0x26
core   0: 0 0x800037c8 (0x026000ef) x1  0x800037cc
core   0: 0x800037ee (0x00002009) c.jal   pc + 2
core   0: 0 0x800037ee (0x2009) x1  0x800037f0
core   0: 0x800037f0 (0x00003fd1) c.jal   pc - 44
core   0: 0 0x800037f0 (0x3fd1) x1  0x800037f2
core   0: 0x800037c4 (0x00002009) c.jal   pc + 2
core   0: 0 0x800037c4 (0x2009) x1  0x800037c6
core   0: 0x800037c6 (0x00002031) c.jal   pc + 12
core   0: 0 0x800037c6 (0x2031) x1  0x800037c8
core   0: 0x800037d2 (0x020000ef) jal     pc + 0x20
core   0: 0 0x800037d2 (0x020000ef) x1  0x800037d6
core   0: 0x800037f2 (0x000037d5) c.jal   pc - 28
core   0: 0 0x800037f2 (0x37d5) x1  0x800037f4
core   0: 0x800037d6 (0x0000b7d5) c.j     pc - 28
core   0: 0 0x800037d6 (0xb7d5)
core   0: 0x800037ba (0x0000280d) c.jal   pc + 50
core   0: 0 0x800037ba (0x280d) x1  0x800037bc
core   0: 0x800037ec (0x0000bfd5) c.j     pc - 12
core   0: 0 0x800037ec (0xbfd5)
core   0: 0x800037e0 (0x0000a811) c.j     pc + 20
core   0: 0 0x800037e0 (0xa811)
core   0: 0x800037f4 (0x0000b7ed) c.j     pc - 22
core   0: 0 0x800037f4 (0xb7ed)
core   0: 0x800037de (0x0000a029) c.j     pc + 10
core   0: 0 0x800037de (0xa029)
core   0: 0x800037e8 (0xfd7ff0ef) jal     pc - 0x2a
core   0: 0 0x800037e8 (0xfd7ff0ef) x1  0x800037ec
core   0: 0x800037be (0x010000ef) jal     pc + 0x10
core   0: 0 0x800037be (0x010000ef) x1  0x800037c2
core   0: 0x800037ce (0xfefff0ef) jal     pc - 0x12
core   0: 0 0x800037ce (0xfefff0ef) x1  0x800037d2
core   0: 0x800037bc (0x0000201d) c.jal   pc + 38
core   0: 0 0x800037bc (0x201d) x1  0x800037be
core   0: 0x800037e2 (0xffbff0ef) jal     pc - 0x6
core   0: 0 0x800037e2 (0xffbff0ef) x1  0x800037e6
core   0: 0x800037dc (0x0000bffd) c.j     pc - 2
core   0: 0 0x800037dc (0xbffd)
core   0: 0x800037da (0x00003ffd) c.jal   pc - 2
core   0: 0 0x800037da (0x3ffd) x1  0x800037dc
core   0: 0x800037d8 (0x0000a039) c.j     pc + 14
core   0: 0 0x800037d8 (0xa039)
core   0: 0x800037e6 (0x0000bff1) c.j     pc - 36
core   0: 0 0x800037e6 (0xbff1)
core   0: 0x800037c2 (0x0000a029) c.j     pc + 10
core   0: 0 0x800037c2 (0xa029)
core   0: 0x800037cc (0x00002035) c.jal   pc + 44
core   0: 0 0x800037cc (0x2035) x1  0x800037ce
core   0: 0x800037f8 (0x0000bffd) c.j     pc - 2
core   0: 0 0x800037f8 (0xbffd)
core   0: 0x800037f6 (0x0000a011) c.j     pc + 4
core   0: 0 0x800037f6 (0xa011)
core   0: 0x800037fa (0x415adeb3) sra     t4, s5, s5
core   0: 0 0x800037fa (0x415adeb3) x29 0x00000000
core   0: 0x800037fe (0x02e000ef) jal     pc + 0x2e
core   0: 0 0x800037fe (0x02e000ef) x1  0x80003802
core   0: 0x8000382c (0x000037cd) c.jal   pc - 30
core   0: 0 0x8000382c (0x37cd) x1  0x8000382e
core   0: 0x8000380e (0x00002031) c.jal   pc + 12
core   0: 0 0x8000380e (0x2031) x1  0x80003810
core   0: 0x8000381a (0x014000ef) jal     pc + 0x14
core   0: 0 0x8000381a (0x014000ef) x1  0x8000381e
core   0: 0x8000382e (0x00002019) c.jal   pc + 6
core   0: 0 0x8000382e (0x2019) x1  0x80003830
core   0: 0x80003834 (0x006000ef) jal     pc + 0x6
core   0: 0 0x80003834 (0x006000ef) x1  0x80003838
core   0: 0x8000383a (0x0000bffd) c.j     pc - 2
core   0: 0 0x8000383a (0xbffd)
core   0: 0x80003838 (0x0000a021) c.j     pc + 8
core   0: 0 0x80003838 (0xa021)
core   0: 0x80003840 (0x00003fe1) c.jal   pc - 40
core   0: 0 0x80003840 (0x3fe1) x1  0x80003842
core   0: 0x80003818 (0x0000a015) c.j     pc + 36
core   0: 0 0x80003818 (0xa015)
core   0: 0x8000383c (0x00002029) c.jal   pc + 10
core   0: 0 0x8000383c (0x2029) x1  0x8000383e
core   0: 0x80003846 (0xfcfff0ef) jal     pc - 0x32
core   0: 0 0x80003846 (0xfcfff0ef) x1  0x8000384a
core   0: 0x80003814 (0x030000ef) jal     pc + 0x30
core   0: 0 0x80003814 (0x030000ef) x1  0x80003818
core   0: 0x80003844 (0x000037f5) c.jal   pc - 20
core   0: 0 0x80003844 (0x37f5) x1  0x80003846
core   0: 0x80003830 (0x0000bfd1) c.j     pc - 44
core   0: 0 0x80003830 (0xbfd1)
core   0: 0x80003804 (0x00002009) c.jal   pc + 2
core   0: 0 0x80003804 (0x2009) x1  0x80003806
core   0: 0x80003806 (0x0060026f) jal     tp, pc + 0x6
core   0: 0 0x80003806 (0x0060026f) x4  0x8000380a
core   0: 0x8000380c (0x0000a80d) c.j     pc + 50
core   0: 0 0x8000380c (0xa80d)
core   0: 0x8000383e (0x000037d5) c.jal   pc - 28
core   0: 0 0x8000383e (0x37d5) x1  0x80003840
core   0: 0x80003822 (0x02000c6f) jal     s8, pc + 0x20
core   0: 0 0x80003822 (0x02000c6f) x24 0x80003826
core   0: 0x80003842 (0x0000a039) c.j     pc + 14
core   0: 0 0x80003842 (0xa039)
core   0: 0x80003850 (0x0000b7cd) c.j     pc - 30
core   0: 0 0x80003850 (0xb7cd)
core   0: 0x80003832 (0x0000bff9) c.j     pc - 34
core   0: 0 0x80003832 (0xbff9)
core   0: 0x80003810 (0x03c000ef) jal     pc + 0x3c
core   0: 0 0x80003810 (0x03c000ef) x1  0x80003814
core   0: 0x8000384c (0xfffff36f) jal     t1, pc - 0x2
core   0: 0 0x8000384c (0xfffff36f) x6  0x80003850
core   0: 0x8000384a (0x0000b7c1) c.j     pc - 64
core   0: 0 0x8000384a (0xb7c1)
core   0: 0x8000380a (0x00002005) c.jal   pc + 32
core   0: 0 0x8000380a (0x2005) x1  0x8000380c
core   0: 0x8000382a (0x0000bfd5) c.j     pc - 12
core   0: 0 0x8000382a (0xbfd5)
core   0: 0x8000381e (0xfe5ff36f) jal     t1, pc - 0x1c
core   0: 0 0x8000381e (0xfe5ff36f) x6  0x80003822
core   0: 0x80003802 (0x00002015) c.jal   pc + 36
core   0: 0 0x80003802 (0x2015) x1  0x80003804
core   0: 0x80003826 (0x02c0026f) jal     tp, pc + 0x2c
core   0: 0 0x80003826 (0x02c0026f) x4  0x8000382a
core   0: 0x80003852 (0x00881cb3) sll     s9, a6, s0
core   0: 0 0x80003852 (0x00881cb3) x25 0x80003758
core   0: 0x80003856 (0x008000ef) jal     pc + 0x8
core   0: 0 0x80003856 (0x008000ef) x1  0x8000385a
core   0: 0x8000385e (0x008000ef) jal     pc + 0x8
core   0: 0 0x8000385e (0x008000ef) x1  0x80003862
core   0: 0x80003866 (0x0000a021) c.j     pc + 8
core   0: 0 0x80003866 (0xa021)
core   0: 0x8000386e (0x004000ef) jal     pc + 0x4
core   0: 0 0x8000386e (0x004000ef) x1  0x80003872
core   0: 0x80003872 (0x00002019) c.jal   pc + 6
core   0: 0 0x80003872 (0x2019) x1  0x80003874
core   0: 0x80003878 (0xfebff86f) jal     a6, pc - 0x16
core   0: 0 0x80003878 (0xfebff86f) x16 0x8000387c
core   0: 0x80003862 (0x0000a029) c.j     pc + 10
core   0: 0 0x80003862 (0xa029)
core   0: 0x8000386c (0x000037fd) c.jal   pc - 18
core   0: 0 0x8000386c (0x37fd) x1  0x8000386e
core   0: 0x8000385a (0x01a000ef) jal     pc + 0x1a
core   0: 0 0x8000385a (0x01a000ef) x1  0x8000385e
core   0: 0x80003874 (0x0080036f) jal     t1, pc + 0x8
core   0: 0 0x80003874 (0x0080036f) x6  0x80003878
core   0: 0x8000387c (0xfedff0ef) jal     pc - 0x14
core   0: 0 0x8000387c (0xfedff0ef) x1  0x80003880
core   0: 0x80003868 (0xffdffe6f) jal     t3, pc - 0x4
core   0: 0 0x80003868 (0xffdffe6f) x28 0x8000386c
core   0: 0x80003864 (0x0000a831) c.j     pc + 28
core   0: 0 0x80003864 (0xa831)
core   0: 0x80003880 (0x014df133) and     sp, s11, s4
core   0: 0 0x80003880 (0x014df133) x2  0x80003406
core   0: 0x80003884 (0x01e000ef) jal     pc + 0x1e
core   0: 0 0x80003884 (0x01e000ef) x1  0x80003888
core   0: 0x800038a2 (0x00002801) c.jal   pc + 16
core   0: 0 0x800038a2 (0x2801) x1  0x800038a4
core   0: 0x800038b2 (0xfd9ff66f) jal     a2, pc - 0x28
core   0: 0 0x800038b2 (0xfd9ff66f) x12 0x800038b6
core   0: 0x8000388a (0x0000a011) c.j     pc + 4
core   0: 0 0x8000388a (0xa011)
core   0: 0x8000388e (0x00003ffd) c.jal   pc - 2
core   0: 0 0x8000388e (0x3ffd) x1  0x80003890
core   0: 0x8000388c (0x00002821) c.jal   pc + 24
core   0: 0 0x8000388c (0x2821) x1  0x8000388e
core   0: 0x800038a4 (0x00003ff5) c.jal   pc - 4
core   0: 0 0x800038a4 (0x3ff5) x1  0x800038a6
core   0: 0x800038a0 (0x0000a00d) c.j     pc + 34
core   0: 0 0x800038a0 (0xa00d)
core   0: 0x800038c2 (0x00002011) c.jal   pc + 4
core   0: 0 0x800038c2 (0x2011) x1  0x800038c4
core   0: 0x800038c6 (0x0000bfdd) c.j     pc - 10
core   0: 0 0x800038c6 (0xbfdd)
core   0: 0x800038bc (0x0000b7fd) c.j     pc - 18
core   0: 0 0x800038bc (0xb7fd)
core   0: 0x800038aa (0x000037dd) c.jal   pc - 26
core   0: 0 0x800038aa (0x37dd) x1  0x800038ac
core   0: 0x80003890 (0x004000ef) jal     pc + 0x4
core   0: 0 0x80003890 (0x004000ef) x1  0x80003894
core   0: 0x80003894 (0x0000a815) c.j     pc + 52
core   0: 0 0x80003894 (0xa815)
core   0: 0x800038c8 (0x0000b7d5) c.j     pc - 28
core   0: 0 0x800038c8 (0xb7d5)
core   0: 0x800038ac (0x000037ed) c.jal   pc - 22
core   0: 0 0x800038ac (0x37ed) x1  0x800038ae
core   0: 0x80003896 (0x020000ef) jal     pc + 0x20
core   0: 0 0x80003896 (0x020000ef) x1  0x8000389a
core   0: 0x800038b6 (0x00003fc9) c.jal   pc - 46
core   0: 0 0x800038b6 (0x3fc9) x1  0x800038b8
core   0: 0x80003888 (0x0000a825) c.j     pc + 56
core   0: 0 0x80003888 (0xa825)
core   0: 0x800038c0 (0x0000a039) c.j     pc + 14
core   0: 0 0x800038c0 (0xa039)
core   0: 0x800038ce (0xff7ff2ef) jal     t0, pc - 0xa
core   0: 0 0x800038ce (0xff7ff2ef) x5  0x800038d2
core   0: 0x800038c4 (0x00003fed) c.jal   pc - 6
core   0: 0 0x800038c4 (0x3fed) x1  0x800038c6
core   0: 0x800038be (0x0000a039) c.j     pc + 14
core   0: 0 0x800038be (0xa039)
core   0: 0x800038cc (0x0000b7f5) c.j     pc - 20
core   0: 0 0x800038cc (0xb7f5)
core   0: 0x800038b8 (0x0000a809) c.j     pc + 18
core   0: 0 0x800038b8 (0xa809)
core   0: 0x800038ca (0x0000bfc1) c.j     pc - 48
core   0: 0 0x800038ca (0xbfc1)
core   0: 0x8000389a (0x00002009) c.jal   pc + 2
core   0: 0 0x8000389a (0x2009) x1  0x8000389c
core   0: 0x8000389c (0x01e000ef) jal     pc + 0x1e
core   0: 0 0x8000389c (0x01e000ef) x1  0x800038a0
core   0: 0x800038ba (0x0000bfd5) c.j     pc - 12
core   0: 0 0x800038ba (0xbfd5)
core   0: 0x800038ae (0xff9ff0ef) jal     pc - 0x8
core   0: 0 0x800038ae (0xff9ff0ef) x1  0x800038b2
core   0: 0x800038a6 (0x02c00a6f) jal     s4, pc + 0x2c
core   0: 0 0x800038a6 (0x02c00a6f) x20 0x800038aa
core   0: 0x800038d2 (0x00c679b3) and     s3, a2, a2
core   0: 0 0x800038d2 (0x00c679b3) x19 0x800038b6
core   0: 0x800038d6 (0x02e000ef) jal     pc + 0x2e
core   0: 0 0x800038d6 (0x02e000ef) x1  0x800038da
core   0: 0x80003904 (0x0000b7fd) c.j     pc - 18
core   0: 0 0x80003904 (0xb7fd)
core   0: 0x800038f2 (0x0000a009) c.j     pc + 2
core   0: 0 0x800038f2 (0xa009)
core   0: 0x800038f4 (0x000037f5) c.jal   pc - 20
core   0: 0 0x800038f4 (0x37f5) x1  0x800038f6
core   0: 0x800038e0 (0x00002009) c.jal   pc + 2
core   0: 0 0x800038e0 (0x2009) x1  0x800038e2
core   0: 0x800038e2 (0x00002091) c.jal   pc + 68
core   0: 0 0x800038e2 (0x2091) x1  0x800038e4
core   0: 0x80003926 (0x0000b7f5) c.j     pc - 20
core   0: 0 0x80003926 (0xb7f5)
core   0: 0x80003912 (0xfddff0ef) jal     pc - 0x24
core   0: 0 0x80003912 (0xfddff0ef) x1  0x80003916
core   0: 0x800038ee (0x0360036f) jal     t1, pc + 0x36
core   0: 0 0x800038ee (0x0360036f) x6  0x800038f2
core   0: 0x80003924 (0x00003fd1) c.jal   pc - 44
core   0: 0 0x80003924 (0x3fd1) x1  0x80003926
core   0: 0x800038f8 (0x0040036f) jal     t1, pc + 0x4
core   0: 0 0x800038f8 (0x0040036f) x6  0x800038fc
core   0: 0x800038fc (0x00002019) c.jal   pc + 6
core   0: 0 0x800038fc (0x2019) x1  0x800038fe
core   0: 0x80003902 (0x00003fe1) c.jal   pc - 40
core   0: 0 0x80003902 (0x3fe1) x1  0x80003904
core   0: 0x800038da (0x0000a099) c.j     pc + 70
core   0: 0 0x800038da (0xa099)
core   0: 0x80003920 (0xfdfff36f) jal     t1, pc - 0x22
core   0: 0 0x80003920 (0xfdfff36f) x6  0x80003924
core   0: 0x800038fe (0x000037f5) c.jal   pc - 20
core   0: 0 0x800038fe (0x37f5) x1  0x80003900
core   0: 0x800038ea (0x0000a831) c.j     pc + 28
core   0: 0 0x800038ea (0xa831)
core   0: 0x80003906 (0xfdfff0ef) jal     pc - 0x22
core   0: 0 0x80003906 (0xfdfff0ef) x1  0x8000390a
core   0: 0x800038e4 (0x00002825) c.jal   pc + 56
core   0: 0 0x800038e4 (0x2825) x1  0x800038e6
core   0: 0x8000391c (0xfe5ff0ef) jal     pc - 0x1c
core   0: 0 0x8000391c (0xfe5ff0ef) x1  0x80003920
core   0: 0x80003900 (0x00003fdd) c.jal   pc - 10
core   0: 0 0x80003900 (0x3fdd) x1  0x80003902
core   0: 0x800038f6 (0x00002821) c.jal   pc + 24
core   0: 0 0x800038f6 (0x2821) x1  0x800038f8
core   0: 0x8000390e (0xffdff0ef) jal     pc - 0x4
core   0: 0 0x8000390e (0xffdff0ef) x1  0x80003912
core   0: 0x8000390a (0xfddff36f) jal     t1, pc - 0x24
core   0: 0 0x8000390a (0xfddff36f) x6  0x8000390e
core   0: 0x800038e6 (0x006000ef) jal     pc + 0x6
core   0: 0 0x800038e6 (0x006000ef) x1  0x800038ea
core   0: 0x800038ec (0x00003fc5) c.jal   pc - 16
core   0: 0 0x800038ec (0x3fc5) x1  0x800038ee
core   0: 0x800038dc (0x03e000ef) jal     pc + 0x3e
core   0: 0 0x800038dc (0x03e000ef) x1  0x800038e0
core   0: 0x8000391a (0x00003ff5) c.jal   pc - 4
core   0: 0 0x8000391a (0x3ff5) x1  0x8000391c
core   0: 0x80003916 (0x0120036f) jal     t1, pc + 0x12
core   0: 0 0x80003916 (0x0120036f) x6  0x8000391a
core   0: 0x80003928 (0x0000996a) c.add   s2, s10
core   0: 0 0x80003928 (0x996a) x18 0xfffffff8
core   0: 0x8000392a (0x012000ef) jal     pc + 0x12
core   0: 0 0x8000392a (0x012000ef) x1  0x8000392e
core   0: 0x8000393c (0x00003fdd) c.jal   pc - 10
core   0: 0 0x8000393c (0x3fdd) x1  0x8000393e
core   0: 0x80003932 (0x0000a831) c.j     pc + 28
core   0: 0 0x80003932 (0xa831)
core   0: 0x8000394e (0x004000ef) jal     pc + 0x4
core   0: 0 0x8000394e (0x004000ef) x1  0x80003952
core   0: 0x80003952 (0x0000b7dd) c.j     pc - 26
core   0: 0 0x80003952 (0xb7dd)
core   0: 0x80003938 (0x0000a809) c.j     pc + 18
core   0: 0 0x80003938 (0xa809)
core   0: 0x8000394a (0xfebff0ef) jal     pc - 0x16
core   0: 0 0x8000394a (0xfebff0ef) x1  0x8000394e
core   0: 0x80003934 (0x0000a009) c.j     pc + 2
core   0: 0 0x80003934 (0xa009)
core   0: 0x80003936 (0x00002031) c.jal   pc + 12
core   0: 0 0x80003936 (0x2031) x1  0x80003938
core   0: 0x80003942 (0x01200cef) jal     s9, pc + 0x12
core   0: 0 0x80003942 (0x01200cef) x25 0x80003946
core   0: 0x80003954 (0x000037f5) c.jal   pc - 20
core   0: 0 0x80003954 (0x37f5) x1  0x80003956
core   0: 0x80003940 (0x0000a019) c.j     pc + 6
core   0: 0 0x80003940 (0xa019)
core   0: 0x80003946 (0x0000bfe5) c.j     pc - 8
core   0: 0 0x80003946 (0xbfe5)
core   0: 0x8000393e (0x00003fc5) c.jal   pc - 16
core   0: 0 0x8000393e (0x3fc5) x1  0x80003940
core   0: 0x8000392e (0x01a000ef) jal     pc + 0x1a
core   0: 0 0x8000392e (0x01a000ef) x1  0x80003932
core   0: 0x80003948 (0x00003fcd) c.jal   pc - 14
core   0: 0 0x80003948 (0x3fcd) x1  0x8000394a
core   0: 0x8000393a (0x0000a831) c.j     pc + 28
core   0: 0 0x8000393a (0xa831)
core   0: 0x80003956 (0x0ff0000f) fence   iorw,iorw
core   0: 0 0x80003956 (0x0ff0000f)
core   0: 0x8000395a (0x020000ef) jal     pc + 0x20
core   0: 0 0x8000395a (0x020000ef) x1  0x8000395e
core   0: 0x8000397a (0x00002019) c.jal   pc + 6
core   0: 0 0x8000397a (0x2019) x1  0x8000397c
core   0: 0x80003980 (0x0000b7f5) c.j     pc - 20
core   0: 0 0x80003980 (0xb7f5)
core   0: 0x8000396c (0x00003ffd) c.jal   pc - 2
core   0: 0 0x8000396c (0x3ffd) x1  0x8000396e
core   0: 0x8000396a (0x0000a831) c.j     pc + 28
core   0: 0 0x8000396a (0xa831)
core   0: 0x80003986 (0x0000bff5) c.j     pc - 4
core   0: 0 0x80003986 (0xbff5)
core   0: 0x80003982 (0xfddff0ef) jal     pc - 0x24
core   0: 0 0x80003982 (0xfddff0ef) x1  0x80003986
core   0: 0x8000395e (0x036000ef) jal     pc + 0x36
core   0: 0 0x8000395e (0x036000ef) x1  0x80003962
core   0: 0x80003994 (0x0000b7e5) c.j     pc - 24
core   0: 0 0x80003994 (0xb7e5)
core   0: 0x8000397c (0xff3ff0ef) jal     pc - 0xe
core   0: 0 0x8000397c (0xff3ff0ef) x1  0x80003980
core   0: 0x8000396e (0x00002829) c.jal   pc + 26
core   0: 0 0x8000396e (0x2829) x1  0x80003970
core   0: 0x80003988 (0xfe9ff36f) jal     t1, pc - 0x18
core   0: 0 0x80003988 (0xfe9ff36f) x6  0x8000398c
core   0: 0x80003970 (0x00002019) c.jal   pc + 6
core   0: 0 0x80003970 (0x2019) x1  0x80003972
core   0: 0x80003976 (0xfefff2ef) jal     t0, pc - 0x12
core   0: 0 0x80003976 (0xfefff2ef) x5  0x8000397a
core   0: 0x80003964 (0x0000bffd) c.j     pc - 2
core   0: 0 0x80003964 (0xbffd)
core   0: 0x80003962 (0x0000a801) c.j     pc + 16
core   0: 0 0x80003962 (0xa801)
core   0: 0x80003972 (0x01e0036f) jal     t1, pc + 0x1e
core   0: 0 0x80003972 (0x01e0036f) x6  0x80003976
core   0: 0x80003990 (0xffdff0ef) jal     pc - 0x4
core   0: 0 0x80003990 (0xffdff0ef) x1  0x80003994
core   0: 0x8000398c (0xfdbffeef) jal     t4, pc - 0x26
core   0: 0 0x8000398c (0xfdbffeef) x29 0x80003990
core   0: 0x80003966 (0x0300066f) jal     a2, pc + 0x30
core   0: 0 0x80003966 (0x0300066f) x12 0x8000396a
core   0: 0x80003996 (0x02724f33) div     t5, tp, t2
core   0: 0 0x80003996 (0x02724f33) x30 0x8000382a
core   0: 0x8000399a (0x036000ef) jal     pc + 0x36
core   0: 0 0x8000399a (0x036000ef) x1  0x8000399e
core   0: 0x800039d0 (0x0000bfc5) c.j     pc - 16
core   0: 0 0x800039d0 (0xbfc5)
core   0: 0x800039c0 (0x000037c5) c.jal   pc - 32
core   0: 0 0x800039c0 (0x37c5) x1  0x800039c2
core   0: 0x800039a0 (0x0000a821) c.j     pc + 24
core   0: 0 0x800039a0 (0xa821)
core   0: 0x800039b8 (0x000037dd) c.jal   pc - 26
core   0: 0 0x800039b8 (0x37dd) x1  0x800039ba
core   0: 0x8000399e (0x00002805) c.jal   pc + 48
core   0: 0 0x8000399e (0x2805) x1  0x800039a0
core   0: 0x800039ce (0x00002021) c.jal   pc + 8
core   0: 0 0x800039ce (0x2021) x1  0x800039d0
core   0: 0x800039d6 (0x00003fc9) c.jal   pc - 46
core   0: 0 0x800039d6 (0x3fc9) x1  0x800039d8
core   0: 0x800039a8 (0x00a002ef) jal     t0, pc + 0xa
core   0: 0 0x800039a8 (0x00a002ef) x5  0x800039ac
core   0: 0x800039b2 (0x0080036f) jal     t1, pc + 0x8
core   0: 0 0x800039b2 (0x0080036f) x6  0x800039b6
core   0: 0x800039ba (0x0000a029) c.j     pc + 10
core   0: 0 0x800039ba (0xa029)
core   0: 0x800039c4 (0x004000ef) jal     pc + 0x4
core   0: 0 0x800039c4 (0x004000ef) x1  0x800039c8
core   0: 0x800039c8 (0x00003fed) c.jal   pc - 6
core   0: 0 0x800039c8 (0x3fed) x1  0x800039ca
core   0: 0x800039c2 (0x000037fd) c.jal   pc - 18
core   0: 0 0x800039c2 (0x37fd) x1  0x800039c4
core   0: 0x800039b0 (0x0000a039) c.j     pc + 14
core   0: 0 0x800039b0 (0xa039)
core   0: 0x800039be (0x00003ffd) c.jal   pc - 2
core   0: 0 0x800039be (0x3ffd) x1  0x800039c0
core   0: 0x800039bc (0x0000bfc5) c.j     pc - 16
core   0: 0 0x800039bc (0xbfc5)
core   0: 0x800039ac (0x028000ef) jal     pc + 0x28
core   0: 0 0x800039ac (0x028000ef) x1  0x800039b0
core   0: 0x800039d4 (0x0000bffd) c.j     pc - 2
core   0: 0 0x800039d4 (0xbffd)
core   0: 0x800039d2 (0x0000bfc1) c.j     pc - 48
core   0: 0 0x800039d2 (0xbfc1)
core   0: 0x800039a2 (0x0140036f) jal     t1, pc + 0x14
core   0: 0 0x800039a2 (0x0140036f) x6  0x800039a6
core   0: 0x800039b6 (0x00003fc5) c.jal   pc - 16
core   0: 0 0x800039b6 (0x3fc5) x1  0x800039b8
core   0: 0x800039a6 (0x00002015) c.jal   pc + 36
core   0: 0 0x800039a6 (0x2015) x1  0x800039a8
core   0: 0x800039ca (0x00e000ef) jal     pc + 0xe
core   0: 0 0x800039ca (0x00e000ef) x1  0x800039ce
core   0: 0x800039d8 (0x00004439) c.li    s0, 14
core   0: 0 0x800039d8 (0x4439) x8  0x0000000e
core   0: 0x800039da (0x02c000ef) jal     pc + 0x2c
core   0: 0 0x800039da (0x02c000ef) x1  0x800039de
core   0: 0x80003a06 (0x0000b7cd) c.j     pc - 30
core   0: 0 0x80003a06 (0xb7cd)
core   0: 0x800039e8 (0x00002019) c.jal   pc + 6
core   0: 0 0x800039e8 (0x2019) x1  0x800039ea
core   0: 0x800039ee (0x0000bfe5) c.j     pc - 8
core   0: 0 0x800039ee (0xbfe5)
core   0: 0x800039e6 (0x00002839) c.jal   pc + 30
core   0: 0 0x800039e6 (0x2839) x1  0x800039e8
core   0: 0x80003a04 (0x00003fed) c.jal   pc - 6
core   0: 0 0x80003a04 (0x3fed) x1  0x80003a06
core   0: 0x800039fe (0x00003fcd) c.jal   pc - 14
core   0: 0 0x800039fe (0x3fcd) x1  0x80003a00
core   0: 0x800039f0 (0x000037fd) c.jal   pc - 18
core   0: 0 0x800039f0 (0x37fd) x1  0x800039f2
core   0: 0x800039de (0x01600def) jal     s11, pc + 0x16
core   0: 0 0x800039de (0x01600def) x27 0x800039e2
core   0: 0x800039f4 (0x00c0086f) jal     a6, pc + 0xc
core   0: 0 0x800039f4 (0x00c0086f) x16 0x800039f8
core   0: 0x80003a00 (0xff9ff36f) jal     t1, pc - 0x8
core   0: 0 0x80003a00 (0xff9ff36f) x6  0x80003a04
core   0: 0x800039f8 (0x000037ed) c.jal   pc - 22
core   0: 0 0x800039f8 (0x37ed) x1  0x800039fa
core   0: 0x800039e2 (0x0000a029) c.j     pc + 10
core   0: 0 0x800039e2 (0xa029)
core   0: 0x800039ec (0x00002019) c.jal   pc + 6
core   0: 0 0x800039ec (0x2019) x1  0x800039ee
core   0: 0x800039f2 (0x00002021) c.jal   pc + 8
core   0: 0 0x800039f2 (0x2021) x1  0x800039f4
core   0: 0x800039fa (0x000037ed) c.jal   pc - 22
core   0: 0 0x800039fa (0x37ed) x1  0x800039fc
core   0: 0x800039e4 (0x00002821) c.jal   pc + 24
core   0: 0 0x800039e4 (0x2821) x1  0x800039e6
core   0: 0x800039fc (0x0000b7fd) c.j     pc - 18
core   0: 0 0x800039fc (0xb7fd)
core   0: 0x800039ea (0x00002839) c.jal   pc + 30
core   0: 0 0x800039ea (0x2839) x1  0x800039ec
core   0: 0x80003a08 (0x0353cc33) div     s8, t2, s5
core   0: 0 0x80003a08 (0x0353cc33) x24 0xffffffff
core   0: 0x80003a0c (0x006000ef) jal     pc + 0x6
core   0: 0 0x80003a0c (0x006000ef) x1  0x80003a10
core   0: 0x80003a12 (0x00002815) c.jal   pc + 52
core   0: 0 0x80003a12 (0x2815) x1  0x80003a14
core   0: 0x80003a46 (0x000037ed) c.jal   pc - 22
core   0: 0 0x80003a46 (0x37ed) x1  0x80003a48
core   0: 0x80003a30 (0x0080036f) jal     t1, pc + 0x8
core   0: 0 0x80003a30 (0x0080036f) x6  0x80003a34
core   0: 0x80003a38 (0x00002031) c.jal   pc + 12
core   0: 0 0x80003a38 (0x2031) x1  0x80003a3a
core   0: 0x80003a44 (0x000037cd) c.jal   pc - 30
core   0: 0 0x80003a44 (0x37cd) x1  0x80003a46
core   0: 0x80003a26 (0x000037ed) c.jal   pc - 22
core   0: 0 0x80003a26 (0x37ed) x1  0x80003a28
core   0: 0x80003a10 (0x0000a011) c.j     pc + 4
core   0: 0 0x80003a10 (0xa011)
core   0: 0x80003a14 (0x0000201d) c.jal   pc + 38
core   0: 0 0x80003a14 (0x201d) x1  0x80003a16
core   0: 0x80003a3a (0xff3ff0ef) jal     pc - 0xe
core   0: 0 0x80003a3a (0xff3ff0ef) x1  0x80003a3e
core   0: 0x80003a2c (0x0000bff5) c.j     pc - 4
core   0: 0 0x80003a2c (0xbff5)
core   0: 0x80003a28 (0x00002819) c.jal   pc + 22
core   0: 0 0x80003a28 (0x2819) x1  0x80003a2a
core   0: 0x80003a3e (0x000037f5) c.jal   pc - 20
core   0: 0 0x80003a3e (0x37f5) x1  0x80003a40
core   0: 0x80003a2a (0x00002839) c.jal   pc + 30
core   0: 0 0x80003a2a (0x2839) x1  0x80003a2c
core   0: 0x80003a48 (0x00003fed) c.jal   pc - 6
core   0: 0 0x80003a48 (0x3fed) x1  0x80003a4a
core   0: 0x80003a42 (0x0000bfe9) c.j     pc - 38
core   0: 0 0x80003a42 (0xbfe9)
core   0: 0x80003a1c (0x00002809) c.jal   pc + 18
core   0: 0 0x80003a1c (0x2809) x1  0x80003a1e
core   0: 0x80003a2e (0x0000bfc5) c.j     pc - 16
core   0: 0 0x80003a2e (0xbfc5)
core   0: 0x80003a1e (0x022000ef) jal     pc + 0x22
core   0: 0 0x80003a1e (0x022000ef) x1  0x80003a22
core   0: 0x80003a40 (0x0000bfd9) c.j     pc - 42
core   0: 0 0x80003a40 (0xbfd9)
core   0: 0x80003a16 (0x0000a81d) c.j     pc + 54
core   0: 0 0x80003a16 (0xa81d)
core   0: 0x80003a4c (0xfd7ff0ef) jal     pc - 0x2a
core   0: 0 0x80003a4c (0xfd7ff0ef) x1  0x80003a50
core   0: 0x80003a22 (0x012000ef) jal     pc + 0x12
core   0: 0 0x80003a22 (0x012000ef) x1  0x80003a26
core   0: 0x80003a34 (0x01600e6f) jal     t3, pc + 0x16
core   0: 0 0x80003a34 (0x01600e6f) x28 0x80003a38
core   0: 0x80003a4a (0x0000b7f9) c.j     pc - 50
core   0: 0 0x80003a4a (0xb7f9)
core   0: 0x80003a18 (0x0380086f) jal     a6, pc + 0x38
core   0: 0 0x80003a18 (0x0380086f) x16 0x80003a1c
core   0: 0x80003a50 (0x0000939a) c.add   t2, t1
core   0: 0 0x80003a50 (0x939a) x7  0x80003a35
core   0: 0x80003a52 (0x00a000ef) jal     pc + 0xa
core   0: 0 0x80003a52 (0x00a000ef) x1  0x80003a56
core   0: 0x80003a5c (0x00003ff5) c.jal   pc - 4
core   0: 0 0x80003a5c (0x3ff5) x1  0x80003a5e
core   0: 0x80003a58 (0x0000bffd) c.j     pc - 2
core   0: 0 0x80003a58 (0xbffd)
core   0: 0x80003a56 (0x00002021) c.jal   pc + 8
core   0: 0 0x80003a56 (0x2021) x1  0x80003a58
core   0: 0x80003a5e (0x00002009) c.jal   pc + 2
core   0: 0 0x80003a5e (0x2009) x1  0x80003a60
core   0: 0x80003a60 (0x0000a031) c.j     pc + 12
core   0: 0 0x80003a60 (0xa031)
core   0: 0x80003a6c (0xff7ff3ef) jal     t2, pc - 0xa
core   0: 0 0x80003a6c (0xff7ff3ef) x7  0x80003a70
core   0: 0x80003a62 (0x0060036f) jal     t1, pc + 0x6
core   0: 0 0x80003a62 (0x0060036f) x6  0x80003a66
core   0: 0x80003a68 (0xff3ff36f) jal     t1, pc - 0xe
core   0: 0 0x80003a68 (0xff3ff36f) x6  0x80003a6c
core   0: 0x80003a5a (0x0000a031) c.j     pc + 12
core   0: 0 0x80003a5a (0xa031)
core   0: 0x80003a66 (0x0000a029) c.j     pc + 10
core   0: 0 0x80003a66 (0xa029)
core   0: 0x80003a70 (0x001a0833) add     a6, s4, ra
core   0: 0 0x80003a70 (0x001a0833) x16 0x0000730a
core   0: 0x80003a74 (0x032000ef) jal     pc + 0x32
core   0: 0 0x80003a74 (0x032000ef) x1  0x80003a78
core   0: 0x80003aa6 (0x0000b7e5) c.j     pc - 24
core   0: 0 0x80003aa6 (0xb7e5)
core   0: 0x80003a8e (0x02c001ef) jal     gp, pc + 0x2c
core   0: 0 0x80003a8e (0x02c001ef) x3  0x80003a92
core   0: 0x80003aba (0xfd9ff16f) jal     sp, pc - 0x28
core   0: 0 0x80003aba (0xfd9ff16f) x2  0x80003abe
core   0: 0x80003a92 (0x00002035) c.jal   pc + 44
core   0: 0 0x80003a92 (0x2035) x1  0x80003a94
core   0: 0x80003abe (0xfbdff36f) jal     t1, pc - 0x44
core   0: 0 0x80003abe (0xfbdff36f) x6  0x80003ac2
core   0: 0x80003a7a (0x0000a805) c.j     pc + 48
core   0: 0 0x80003a7a (0xa805)
core   0: 0x80003aaa (0x00c000ef) jal     pc + 0xc
core   0: 0 0x80003aaa (0x00c000ef) x1  0x80003aae
core   0: 0x80003ab6 (0x000037f1) c.jal   pc - 52
core   0: 0 0x80003ab6 (0x37f1) x1  0x80003ab8
core   0: 0x80003a82 (0x0000a831) c.j     pc + 28
core   0: 0 0x80003a82 (0xa831)
core   0: 0x80003a9e (0x000037dd) c.jal   pc - 26
core   0: 0 0x80003a9e (0x37dd) x1  0x80003aa0
core   0: 0x80003a84 (0xffdff36f) jal     t1, pc - 0x4
core   0: 0 0x80003a84 (0xffdff36f) x6  0x80003a88
core   0: 0x80003a80 (0x0000a005) c.j     pc + 32
core   0: 0 0x80003a80 (0xa005)
core   0: 0x80003aa0 (0x01000d6f) jal     s10, pc + 0x10
core   0: 0 0x80003aa0 (0x01000d6f) x26 0x80003aa4
core   0: 0x80003ab0 (0xff9ff0ef) jal     pc - 0x8
core   0: 0 0x80003ab0 (0xff9ff0ef) x1  0x80003ab4
core   0: 0x80003aa8 (0x00003fd1) c.jal   pc - 44
core   0: 0 0x80003aa8 (0x3fd1) x1  0x80003aaa
core   0: 0x80003a7c (0x03c000ef) jal     pc + 0x3c
core   0: 0 0x80003a7c (0x03c000ef) x1  0x80003a80
core   0: 0x80003ab8 (0x0000b7c1) c.j     pc - 64
core   0: 0 0x80003ab8 (0xb7c1)
core   0: 0x80003a78 (0x0000a035) c.j     pc + 44
core   0: 0 0x80003a78 (0xa035)
core   0: 0x80003aa4 (0x0000a839) c.j     pc + 30
core   0: 0 0x80003aa4 (0xa839)
core   0: 0x80003ac2 (0xfd7ff26f) jal     tp, pc - 0x2a
core   0: 0 0x80003ac2 (0xfd7ff26f) x4  0x80003ac6
core   0: 0x80003a98 (0x0000a819) c.j     pc + 22
core   0: 0 0x80003a98 (0xa819)
core   0: 0x80003aae (0x00002019) c.jal   pc + 6
core   0: 0 0x80003aae (0x2019) x1  0x80003ab0
core   0: 0x80003ab4 (0x0000bfe1) c.j     pc - 40
core   0: 0 0x80003ab4 (0xbfe1)
core   0: 0x80003a8c (0x0000a039) c.j     pc + 14
core   0: 0 0x80003a8c (0xa039)
core   0: 0x80003a9a (0xffbff0ef) jal     pc - 0x6
core   0: 0 0x80003a9a (0xffbff0ef) x1  0x80003a9e
core   0: 0x80003a94 (0xff5ff0ef) jal     pc - 0xc
core   0: 0 0x80003a94 (0xff5ff0ef) x1  0x80003a98
core   0: 0x80003a88 (0x0000a009) c.j     pc + 2
core   0: 0 0x80003a88 (0xa009)
core   0: 0x80003a8a (0x0000a835) c.j     pc + 60
core   0: 0 0x80003a8a (0xa835)
core   0: 0x80003ac6 (0x70ff3e93) sltiu   t4, t5, 1807
core   0: 0 0x80003ac6 (0x70ff3e93) x29 0x00000000
core   0: 0x80003aca (0x026000ef) jal     pc + 0x26
core   0: 0 0x80003aca (0x026000ef) x1  0x80003ace
core   0: 0x80003af0 (0x00003fe5) c.jal   pc - 8
core   0: 0 0x80003af0 (0x3fe5) x1  0x80003af2
core   0: 0x80003ae8 (0x0000b7fd) c.j     pc - 18
core   0: 0 0x80003ae8 (0xb7fd)
core   0: 0x80003ad6 (0x0000a02d) c.j     pc + 42
core   0: 0 0x80003ad6 (0xa02d)
core   0: 0x80003b00 (0x00002031) c.jal   pc + 12
core   0: 0 0x80003b00 (0x2031) x1  0x80003b02
core   0: 0x80003b0c (0x0000b7e1) c.j     pc - 56
core   0: 0 0x80003b0c (0xb7e1)
core   0: 0x80003ad4 (0x0000a815) c.j     pc + 52
core   0: 0 0x80003ad4 (0xa815)
core   0: 0x80003b08 (0x00003fc1) c.jal   pc - 48
core   0: 0 0x80003b08 (0x3fc1) x1  0x80003b0a
core   0: 0x80003ad8 (0x0000a015) c.j     pc + 36
core   0: 0 0x80003ad8 (0xa015)
core   0: 0x80003afc (0x00002039) c.jal   pc + 14
core   0: 0 0x80003afc (0x2039) x1  0x80003afe
core   0: 0x80003b0a (0x000037e5) c.jal   pc - 24
core   0: 0 0x80003b0a (0x37e5) x1  0x80003b0c
core   0: 0x80003af2 (0x0000bfe5) c.j     pc - 8
core   0: 0 0x80003af2 (0xbfe5)
core   0: 0x80003aea (0x0000b7e5) c.j     pc - 24
core   0: 0 0x80003aea (0xb7e5)
core   0: 0x80003ad2 (0x0000a805) c.j     pc + 48
core   0: 0 0x80003ad2 (0xa805)
core   0: 0x80003b02 (0x0000bfe1) c.j     pc - 40
core   0: 0 0x80003b02 (0xbfe1)
core   0: 0x80003ada (0x024000ef) jal     pc + 0x24
core   0: 0 0x80003ada (0x024000ef) x1  0x80003ade
core   0: 0x80003afe (0x0000a019) c.j     pc + 6
core   0: 0 0x80003afe (0xa019)
core   0: 0x80003b04 (0x000037e9) c.jal   pc - 54
core   0: 0 0x80003b04 (0x37e9) x1  0x80003b06
core   0: 0x80003ace (0x010000ef) jal     pc + 0x10
core   0: 0 0x80003ace (0x010000ef) x1  0x80003ad2
core   0: 0x80003ade (0x008000ef) jal     pc + 0x8
core   0: 0 0x80003ade (0x008000ef) x1  0x80003ae2
core   0: 0x80003ae6 (0x0000a005) c.j     pc + 32
core   0: 0 0x80003ae6 (0xa005)
core   0: 0x80003b06 (0x0000a021) c.j     pc + 8
core   0: 0 0x80003b06 (0xa021)
core   0: 0x80003b0e (0x000037dd) c.jal   pc - 26
core   0: 0 0x80003b0e (0x37dd) x1  0x80003b10
core   0: 0x80003af4 (0xff9ff0ef) jal     pc - 0x8
core   0: 0 0x80003af4 (0xff9ff0ef) x1  0x80003af8
core   0: 0x80003aec (0x00c000ef) jal     pc + 0xc
core   0: 0 0x80003aec (0x00c000ef) x1  0x80003af0
core   0: 0x80003af8 (0x018000ef) jal     pc + 0x18
core   0: 0 0x80003af8 (0x018000ef) x1  0x80003afc
core   0: 0x80003b10 (0xfd3ff36f) jal     t1, pc - 0x2e
core   0: 0 0x80003b10 (0xfd3ff36f) x6  0x80003b14
core   0: 0x80003ae2 (0x03200d6f) jal     s10, pc + 0x32
core   0: 0 0x80003ae2 (0x03200d6f) x26 0x80003ae6
core   0: 0x80003b14 (0x00006b7d) c.lui   s6, 0x1f
core   0: 0 0x80003b14 (0x6b7d) x22 0x0001f000
core   0: 0x80003b16 (0x004000ef) jal     pc + 0x4
core   0: 0 0x80003b16 (0x004000ef) x1  0x80003b1a
core   0: 0x80003b1a (0x0220036f) jal     t1, pc + 0x22
core   0: 0 0x80003b1a (0x0220036f) x6  0x80003b1e
core   0: 0x80003b3c (0x0000b7d5) c.j     pc - 28
core   0: 0 0x80003b3c (0xb7d5)
core   0: 0x80003b20 (0x0000a80d) c.j     pc + 50
core   0: 0 0x80003b20 (0xa80d)
core   0: 0x80003b52 (0x000037c5) c.jal   pc - 32
core   0: 0 0x80003b52 (0x37c5) x1  0x80003b54
core   0: 0x80003b32 (0xff1ff0ef) jal     pc - 0x10
core   0: 0 0x80003b32 (0xff1ff0ef) x1  0x80003b36
core   0: 0x80003b22 (0x024000ef) jal     pc + 0x24
core   0: 0 0x80003b22 (0x024000ef) x1  0x80003b26
core   0: 0x80003b46 (0x0000bffd) c.j     pc - 2
core   0: 0 0x80003b46 (0xbffd)
core   0: 0x80003b44 (0x00003fed) c.jal   pc - 6
core   0: 0 0x80003b44 (0x3fed) x1  0x80003b46
core   0: 0x80003b3e (0x000037c5) c.jal   pc - 32
core   0: 0 0x80003b3e (0x37c5) x1  0x80003b40
core   0: 0x80003b1e (0x00002031) c.jal   pc + 12
core   0: 0 0x80003b1e (0x2031) x1  0x80003b20
core   0: 0x80003b2a (0x0000a005) c.j     pc + 32
core   0: 0 0x80003b2a (0xa005)
core   0: 0x80003b4a (0xfe5ff2ef) jal     t0, pc - 0x1c
core   0: 0 0x80003b4a (0xfe5ff2ef) x5  0x80003b4e
core   0: 0x80003b2e (0x00a0076f) jal     a4, pc + 0xa
core   0: 0 0x80003b2e (0x00a0076f) x14 0x80003b32
core   0: 0x80003b38 (0x018000ef) jal     pc + 0x18
core   0: 0 0x80003b38 (0x018000ef) x1  0x80003b3c
core   0: 0x80003b50 (0x0000bffd) c.j     pc - 2
core   0: 0 0x80003b50 (0xbffd)
core   0: 0x80003b4e (0x0000bff9) c.j     pc - 34
core   0: 0 0x80003b4e (0xbff9)
core   0: 0x80003b2c (0x0000a029) c.j     pc + 10
core   0: 0 0x80003b2c (0xa029)
core   0: 0x80003b36 (0x00003fc5) c.jal   pc - 16
core   0: 0 0x80003b36 (0x3fc5) x1  0x80003b38
core   0: 0x80003b26 (0x0220036f) jal     t1, pc + 0x22
core   0: 0 0x80003b26 (0x0220036f) x6  0x80003b2a
core   0: 0x80003b48 (0x00003fe5) c.jal   pc - 8
core   0: 0 0x80003b48 (0x3fe5) x1  0x80003b4a
core   0: 0x80003b40 (0x0140036f) jal     t1, pc + 0x14
core   0: 0 0x80003b40 (0x0140036f) x6  0x80003b44
core   0: 0x80003b54 (0x3f13b113) sltiu   sp, t2, 1009
core   0: 0 0x80003b54 (0x3f13b113) x2  0x00000000
core   0: 0x80003b58 (0x01a000ef) jal     pc + 0x1a
core   0: 0 0x80003b58 (0x01a000ef) x1  0x80003b5c
core   0: 0x80003b72 (0x00e000ef) jal     pc + 0xe
core   0: 0 0x80003b72 (0x00e000ef) x1  0x80003b76
core   0: 0x80003b80 (0x000037f5) c.jal   pc - 20
core   0: 0 0x80003b80 (0x37f5) x1  0x80003b82
core   0: 0x80003b6c (0xff7ff0ef) jal     pc - 0xa
core   0: 0 0x80003b6c (0xff7ff0ef) x1  0x80003b70
core   0: 0x80003b62 (0x0000a011) c.j     pc + 4
core   0: 0 0x80003b62 (0xa011)
core   0: 0x80003b66 (0x0000bfdd) c.j     pc - 10
core   0: 0 0x80003b66 (0xbfdd)
core   0: 0x80003b5c (0x0000a005) c.j     pc + 32
core   0: 0 0x80003b5c (0xa005)
core   0: 0x80003b7c (0xffdff36f) jal     t1, pc - 0x4
core   0: 0 0x80003b7c (0xffdff36f) x6  0x80003b80
core   0: 0x80003b78 (0xfedff0ef) jal     pc - 0x14
core   0: 0 0x80003b78 (0xfedff0ef) x1  0x80003b7c
core   0: 0x80003b64 (0x0000bfed) c.j     pc - 6
core   0: 0 0x80003b64 (0xbfed)
core   0: 0x80003b5e (0x0120036f) jal     t1, pc + 0x12
core   0: 0 0x80003b5e (0x0120036f) x6  0x80003b62
core   0: 0x80003b70 (0x0000a019) c.j     pc + 6
core   0: 0 0x80003b70 (0xa019)
core   0: 0x80003b76 (0x00002031) c.jal   pc + 12
core   0: 0 0x80003b76 (0x2031) x1  0x80003b78
core   0: 0x80003b82 (0x0000b7dd) c.j     pc - 26
core   0: 0 0x80003b82 (0xb7dd)
core   0: 0x80003b68 (0x01c0036f) jal     t1, pc + 0x1c
core   0: 0 0x80003b68 (0x01c0036f) x6  0x80003b6c
core   0: 0x80003b84 (0x00002009) c.jal   pc + 2
core   0: 0 0x80003b84 (0x2009) x1  0x80003b86
core   0: 0x80003b86 (0x00004465) c.li    s0, 25
core   0: 0 0x80003b86 (0x4465) x8  0x00000019
core   0: 0x80003b88 (0x012000ef) jal     pc + 0x12
core   0: 0 0x80003b88 (0x012000ef) x1  0x80003b8c
core   0: 0x80003b9a (0x0000a019) c.j     pc + 6
core   0: 0 0x80003b9a (0xa019)
core   0: 0x80003ba0 (0x00003fcd) c.jal   pc - 14
core   0: 0 0x80003ba0 (0x3fcd) x1  0x80003ba2
core   0: 0x80003b92 (0x00c0036f) jal     t1, pc + 0xc
core   0: 0 0x80003b92 (0x00c0036f) x6  0x80003b96
core   0: 0x80003b9e (0x00003fcd) c.jal   pc - 14
core   0: 0 0x80003b9e (0x3fcd) x1  0x80003ba0
core   0: 0x80003b90 (0x0000a829) c.j     pc + 26
core   0: 0 0x80003b90 (0xa829)
core   0: 0x80003baa (0x0000b7f5) c.j     pc - 20
core   0: 0 0x80003baa (0xb7f5)
core   0: 0x80003b96 (0x00c000ef) jal     pc + 0xc
core   0: 0 0x80003b96 (0x00c000ef) x1  0x80003b9a
core   0: 0x80003ba2 (0x0000a009) c.j     pc + 2
core   0: 0 0x80003ba2 (0xa009)
core   0: 0x80003ba4 (0x00002009) c.jal   pc + 2
core   0: 0 0x80003ba4 (0x2009) x1  0x80003ba6
core   0: 0x80003ba6 (0xfe7fff6f) jal     t5, pc - 0x1a
core   0: 0 0x80003ba6 (0xfe7fff6f) x30 0x80003baa
core   0: 0x80003b8c (0x022000ef) jal     pc + 0x22
core   0: 0 0x80003b8c (0x022000ef) x1  0x80003b90
core   0: 0x80003bae (0x00003ffd) c.jal   pc - 2
core   0: 0 0x80003bae (0x3ffd) x1  0x80003bb0
core   0: 0x80003bac (0x0000bfc5) c.j     pc - 16
core   0: 0 0x80003bac (0xbfc5)
core   0: 0x80003b9c (0x00002811) c.jal   pc + 20
core   0: 0 0x80003b9c (0x2811) x1  0x80003b9e
core   0: 0x80003bb0 (0x037c67b3) rem     a5, s8, s7
core   0: 0 0x80003bb0 (0x037c67b3) x15 0xffffffff
core   0: 0x80003bb4 (0x016000ef) jal     pc + 0x16
core   0: 0 0x80003bb4 (0x016000ef) x1  0x80003bb8
core   0: 0x80003bca (0x00002029) c.jal   pc + 10
core   0: 0 0x80003bca (0x2029) x1  0x80003bcc
core   0: 0x80003bd4 (0x00c0036f) jal     t1, pc + 0xc
core   0: 0 0x80003bd4 (0x00c0036f) x6  0x80003bd8
core   0: 0x80003be0 (0xfefff0ef) jal     pc - 0x12
core   0: 0 0x80003be0 (0xfefff0ef) x1  0x80003be4
core   0: 0x80003bce (0x0000a831) c.j     pc + 28
core   0: 0 0x80003bce (0xa831)
core   0: 0x80003bea (0x006001ef) jal     gp, pc + 0x6
core   0: 0 0x80003bea (0x006001ef) x3  0x80003bee
core   0: 0x80003bf0 (0x0000bfe5) c.j     pc - 8
core   0: 0 0x80003bf0 (0xbfe5)
core   0: 0x80003be8 (0x00002019) c.jal   pc + 6
core   0: 0 0x80003be8 (0x2019) x1  0x80003bea
core   0: 0x80003bee (0x00003fe1) c.jal   pc - 40
core   0: 0 0x80003bee (0x3fe1) x1  0x80003bf0
core   0: 0x80003bc6 (0x0000a029) c.j     pc + 10
core   0: 0 0x80003bc6 (0xa029)
core   0: 0x80003bd0 (0xfebff96f) jal     s2, pc - 0x16
core   0: 0 0x80003bd0 (0xfebff96f) x18 0x80003bd4
core   0: 0x80003bba (0xfffff0ef) jal     pc - 0x2
core   0: 0 0x80003bba (0xfffff0ef) x1  0x80003bbe
core   0: 0x80003bb8 (0x0000a00d) c.j     pc + 34
core   0: 0 0x80003bb8 (0xa00d)
core   0: 0x80003bda (0xfe9ff0ef) jal     pc - 0x18
core   0: 0 0x80003bda (0xfe9ff0ef) x1  0x80003bde
core   0: 0x80003bc2 (0x022000ef) jal     pc + 0x22
core   0: 0 0x80003bc2 (0x022000ef) x1  0x80003bc6
core   0: 0x80003be4 (0x0000bfe9) c.j     pc - 38
core   0: 0 0x80003be4 (0xbfe9)
core   0: 0x80003bbe (0x028000ef) jal     pc + 0x28
core   0: 0 0x80003bbe (0x028000ef) x1  0x80003bc2
core   0: 0x80003be6 (0x000037dd) c.jal   pc - 26
core   0: 0 0x80003be6 (0x37dd) x1  0x80003be8
core   0: 0x80003bcc (0x0000bff5) c.j     pc - 4
core   0: 0 0x80003bcc (0xbff5)
core   0: 0x80003bc8 (0x00002801) c.jal   pc + 16
core   0: 0 0x80003bc8 (0x2801) x1  0x80003bca
core   0: 0x80003bd8 (0x00002019) c.jal   pc + 6
core   0: 0 0x80003bd8 (0x2019) x1  0x80003bda
core   0: 0x80003bde (0x0000a811) c.j     pc + 20
core   0: 0 0x80003bde (0xa811)
core   0: 0x80003bf2 (0x00008c5d) c.or    s0, a5
core   0: 0 0x80003bf2 (0x8c5d) x8  0xffffffff
core   0: 0x80003bf4 (0x022000ef) jal     pc + 0x22
core   0: 0 0x80003bf4 (0x022000ef) x1  0x80003bf8
core   0: 0x80003c16 (0x000037ed) c.jal   pc - 22
core   0: 0 0x80003c16 (0x37ed) x1  0x80003c18
core   0: 0x80003c00 (0x00a0036f) jal     t1, pc + 0xa
core   0: 0 0x80003c00 (0x00a0036f) x6  0x80003c04
core   0: 0x80003c0a (0xffdff66f) jal     a2, pc - 0x4
core   0: 0 0x80003c0a (0xffdff66f) x12 0x80003c0e
core   0: 0x80003c06 (0x00a002ef) jal     t0, pc + 0xa
core   0: 0 0x80003c06 (0x00a002ef) x5  0x80003c0a
core   0: 0x80003c10 (0x0000b7f5) c.j     pc - 20
core   0: 0 0x80003c10 (0xb7f5)
core   0: 0x80003bfc (0x012000ef) jal     pc + 0x12
core   0: 0 0x80003bfc (0x012000ef) x1  0x80003c00
core   0: 0x80003c0e (0x000037ed) c.jal   pc - 22
core   0: 0 0x80003c0e (0x37ed) x1  0x80003c10
core   0: 0x80003bf8 (0x00c000ef) jal     pc + 0xc
core   0: 0 0x80003bf8 (0x00c000ef) x1  0x80003bfc
core   0: 0x80003c04 (0x00002811) c.jal   pc + 20
core   0: 0 0x80003c04 (0x2811) x1  0x80003c06
core   0: 0x80003c18 (0xffdff0ef) jal     pc - 0x4
core   0: 0 0x80003c18 (0xffdff0ef) x1  0x80003c1c
core   0: 0x80003c14 (0x0000bffd) c.j     pc - 2
core   0: 0 0x80003c14 (0xbffd)
core   0: 0x80003c12 (0x0000a029) c.j     pc + 10
core   0: 0 0x80003c12 (0xa029)
core   0: 0x80003c1c (0x02bfcc33) div     s8, t6, a1
core   0: 0 0x80003c1c (0x02bfcc33) x24 0x00000000
core   0: 0x80003c20 (0x012000ef) jal     pc + 0x12
core   0: 0 0x80003c20 (0x012000ef) x1  0x80003c24
core   0: 0x80003c32 (0x0220076f) jal     a4, pc + 0x22
core   0: 0 0x80003c32 (0x0220076f) x14 0x80003c36
core   0: 0x80003c54 (0xff9ff0ef) jal     pc - 0x8
core   0: 0 0x80003c54 (0xff9ff0ef) x1  0x80003c58
core   0: 0x80003c4c (0x0000bfe1) c.j     pc - 40
core   0: 0 0x80003c4c (0xbfe1)
core   0: 0x80003c24 (0x034000ef) jal     pc + 0x34
core   0: 0 0x80003c24 (0x034000ef) x1  0x80003c28
core   0: 0x80003c58 (0x00003fd1) c.jal   pc - 44
core   0: 0 0x80003c58 (0x3fd1) x1  0x80003c5a
core   0: 0x80003c2c (0x00002831) c.jal   pc + 28
core   0: 0 0x80003c2c (0x2831) x1  0x80003c2e
core   0: 0x80003c48 (0x0000a831) c.j     pc + 28
core   0: 0 0x80003c48 (0xa831)
core   0: 0x80003c64 (0x0000bffd) c.j     pc - 2
core   0: 0 0x80003c64 (0xbffd)
core   0: 0x80003c62 (0x000037cd) c.jal   pc - 30
core   0: 0 0x80003c62 (0x37cd) x1  0x80003c64
core   0: 0x80003c44 (0x0000bfe5) c.j     pc - 8
core   0: 0 0x80003c44 (0xbfe5)
core   0: 0x80003c3c (0x0000a009) c.j     pc + 2
core   0: 0 0x80003c3c (0xa009)
core   0: 0x80003c3e (0x0000a809) c.j     pc + 18
core   0: 0 0x80003c3e (0xa809)
core   0: 0x80003c50 (0x00002009) c.jal   pc + 2
core   0: 0 0x80003c50 (0x2009) x1  0x80003c52
core   0: 0x80003c52 (0x00003fd9) c.jal   pc - 42
core   0: 0 0x80003c52 (0x3fd9) x1  0x80003c54
core   0: 0x80003c28 (0x03e000ef) jal     pc + 0x3e
core   0: 0 0x80003c28 (0x03e000ef) x1  0x80003c2c
core   0: 0x80003c66 (0x0000bfed) c.j     pc - 6
core   0: 0 0x80003c66 (0xbfed)
core   0: 0x80003c60 (0x0000b7fd) c.j     pc - 18
core   0: 0 0x80003c60 (0xb7fd)
core   0: 0x80003c4e (0x00003fe5) c.jal   pc - 8
core   0: 0 0x80003c4e (0x3fe5) x1  0x80003c50
core   0: 0x80003c46 (0x00003fcd) c.jal   pc - 14
core   0: 0 0x80003c46 (0x3fcd) x1  0x80003c48
core   0: 0x80003c38 (0x0260026f) jal     tp, pc + 0x26
core   0: 0 0x80003c38 (0x0260026f) x4  0x80003c3c
core   0: 0x80003c5e (0x000037d5) c.jal   pc - 28
core   0: 0 0x80003c5e (0x37d5) x1  0x80003c60
core   0: 0x80003c42 (0x0000a021) c.j     pc + 8
core   0: 0 0x80003c42 (0xa021)
core   0: 0x80003c4a (0x00002839) c.jal   pc + 30
core   0: 0 0x80003c4a (0x2839) x1  0x80003c4c
core   0: 0x80003c68 (0xfc9ff36f) jal     t1, pc - 0x38
core   0: 0 0x80003c68 (0xfc9ff36f) x6  0x80003c6c
core   0: 0x80003c30 (0x0000a019) c.j     pc + 6
core   0: 0 0x80003c30 (0xa019)
core   0: 0x80003c36 (0x00002015) c.jal   pc + 36
core   0: 0 0x80003c36 (0x2015) x1  0x80003c38
core   0: 0x80003c5a (0xfd5ff36f) jal     t1, pc - 0x2c
core   0: 0 0x80003c5a (0xfd5ff36f) x6  0x80003c5e
core   0: 0x80003c2e (0x0000a809) c.j     pc + 18
core   0: 0 0x80003c2e (0xa809)
core   0: 0x80003c40 (0x00002035) c.jal   pc + 44
core   0: 0 0x80003c40 (0x2035) x1  0x80003c42
core   0: 0x80003c6c (0x0163d433) srl     s0, t2, s6
core   0: 0 0x80003c6c (0x0163d433) x8  0x80003a70
core   0: 0x80003c70 (0x010000ef) jal     pc + 0x10
core   0: 0 0x80003c70 (0x010000ef) x1  0x80003c74
core   0: 0x80003c80 (0x0040066f) jal     a2, pc + 0x4
core   0: 0 0x80003c80 (0x0040066f) x12 0x80003c84
core   0: 0x80003c84 (0x0000a801) c.j     pc + 16
core   0: 0 0x80003c84 (0xa801)
core   0: 0x80003c94 (0x00003fed) c.jal   pc - 6
core   0: 0 0x80003c94 (0x3fed) x1  0x80003c96
core   0: 0x80003c8e (0x0000bfc5) c.j     pc - 16
core   0: 0 0x80003c8e (0xbfc5)
core   0: 0x80003c7e (0x00002809) c.jal   pc + 18
core   0: 0 0x80003c7e (0x2809) x1  0x80003c80
core   0: 0x80003c90 (0x00003ff5) c.jal   pc - 4
core   0: 0 0x80003c90 (0x3ff5) x1  0x80003c92
core   0: 0x80003c8c (0x00003ffd) c.jal   pc - 2
core   0: 0 0x80003c8c (0x3ffd) x1  0x80003c8e
core   0: 0x80003c8a (0x0000b7f5) c.j     pc - 20
core   0: 0 0x80003c8a (0xb7f5)
core   0: 0x80003c76 (0x0000a03d) c.j     pc + 46
core   0: 0 0x80003c76 (0xa03d)
core   0: 0x80003ca4 (0x00003fc1) c.jal   pc - 48
core   0: 0 0x80003ca4 (0x3fc1) x1  0x80003ca6
core   0: 0x80003c74 (0x0000a809) c.j     pc + 18
core   0: 0 0x80003c74 (0xa809)
core   0: 0x80003c86 (0x00002801) c.jal   pc + 16
core   0: 0 0x80003c86 (0x2801) x1  0x80003c88
core   0: 0x80003c96 (0x0000a009) c.j     pc + 2
core   0: 0 0x80003c96 (0xa009)
core   0: 0x80003c98 (0x0000b7cd) c.j     pc - 30
core   0: 0 0x80003c98 (0xb7cd)
core   0: 0x80003c7a (0x00003ffd) c.jal   pc - 2
core   0: 0 0x80003c7a (0x3ffd) x1  0x80003c7c
core   0: 0x80003c78 (0x00002829) c.jal   pc + 26
core   0: 0 0x80003c78 (0x2829) x1  0x80003c7a
core   0: 0x80003c92 (0x00003fdd) c.jal   pc - 10
core   0: 0 0x80003c92 (0x3fdd) x1  0x80003c94
core   0: 0x80003c88 (0x00002829) c.jal   pc + 26
core   0: 0 0x80003c88 (0x2829) x1  0x80003c8a
core   0: 0x80003ca2 (0x0000bff5) c.j     pc - 4
core   0: 0 0x80003ca2 (0xbff5)
core   0: 0x80003c9e (0x0080036f) jal     t1, pc + 0x8
core   0: 0 0x80003c9e (0x0080036f) x6  0x80003ca2
core   0: 0x80003ca6 (0x00003fd5) c.jal   pc - 12
core   0: 0 0x80003ca6 (0x3fd5) x1  0x80003ca8
core   0: 0x80003c9a (0x00002009) c.jal   pc + 2
core   0: 0 0x80003c9a (0x2009) x1  0x80003c9c
core   0: 0x80003c9c (0x0000b7c5) c.j     pc - 32
core   0: 0 0x80003c9c (0xb7c5)
core   0: 0x80003c7c (0x00002035) c.jal   pc + 44
core   0: 0 0x80003c7c (0x2035) x1  0x80003c7e
core   0: 0x80003ca8 (0x026e8cb3) mul     s9, t4, t1
core   0: 0 0x80003ca8 (0x026e8cb3) x25 0x00000000
core   0: 0x80003cac (0x030000ef) jal     pc + 0x30
core   0: 0 0x80003cac (0x030000ef) x1  0x80003cb0
core   0: 0x80003cdc (0xffbffc6f) jal     s8, pc - 0x6
core   0: 0 0x80003cdc (0xffbffc6f) x24 0x80003ce0
core   0: 0x80003cd6 (0xfe7ff36f) jal     t1, pc - 0x1a
core   0: 0 0x80003cd6 (0xfe7ff36f) x6  0x80003cda
core   0: 0x80003cbc (0xff9ff0ef) jal     pc - 0x8
core   0: 0 0x80003cbc (0xff9ff0ef) x1  0x80003cc0
core   0: 0x80003cb4 (0x0000a031) c.j     pc + 12
core   0: 0 0x80003cb4 (0xa031)
core   0: 0x80003cc0 (0x0000280d) c.jal   pc + 50
core   0: 0 0x80003cc0 (0x280d) x1  0x80003cc2
core   0: 0x80003cf2 (0x00003ff9) c.jal   pc - 34
core   0: 0 0x80003cf2 (0x3ff9) x1  0x80003cf4
core   0: 0x80003cd0 (0xff9ff0ef) jal     pc - 0x8
core   0: 0 0x80003cd0 (0xff9ff0ef) x1  0x80003cd4
core   0: 0x80003cc8 (0x02c0036f) jal     t1, pc + 0x2c
core   0: 0 0x80003cc8 (0x02c0036f) x6  0x80003ccc
core   0: 0x80003cf4 (0xfefff0ef) jal     pc - 0x12
core   0: 0 0x80003cf4 (0xfefff0ef) x1  0x80003cf8
core   0: 0x80003ce2 (0x0000a019) c.j     pc + 6
core   0: 0 0x80003ce2 (0xa019)
core   0: 0x80003ce8 (0x00003fcd) c.jal   pc - 14
core   0: 0 0x80003ce8 (0x3fcd) x1  0x80003cea
core   0: 0x80003cda (0x00003fcd) c.jal   pc - 14
core   0: 0 0x80003cda (0x3fcd) x1  0x80003cdc
core   0: 0x80003ccc (0x00002811) c.jal   pc + 20
core   0: 0 0x80003ccc (0x2811) x1  0x80003cce
core   0: 0x80003ce0 (0x00002019) c.jal   pc + 6
core   0: 0 0x80003ce0 (0x2019) x1  0x80003ce2
core   0: 0x80003ce6 (0x00003fc1) c.jal   pc - 48
core   0: 0 0x80003ce6 (0x3fc1) x1  0x80003ce8
core   0: 0x80003cb6 (0x00002815) c.jal   pc + 52
core   0: 0 0x80003cb6 (0x2815) x1  0x80003cb8
core   0: 0x80003cea (0x0000b7d5) c.j     pc - 28
core   0: 0 0x80003cea (0xb7d5)
core   0: 0x80003cce (0x0000b7ed) c.j     pc - 22
core   0: 0 0x80003cce (0xb7ed)
core   0: 0x80003cb8 (0x0000a831) c.j     pc + 28
core   0: 0 0x80003cb8 (0xa831)
core   0: 0x80003cd4 (0x0000201d) c.jal   pc + 38
core   0: 0 0x80003cd4 (0x201d) x1  0x80003cd6
core   0: 0x80003cfa (0xfc1ff0ef) jal     pc - 0x40
core   0: 0 0x80003cfa (0xfc1ff0ef) x1  0x80003cfe
core   0: 0x80003cba (0x0000a83d) c.j     pc + 62
core   0: 0 0x80003cba (0xa83d)
core   0: 0x80003cf8 (0x0000bf65) c.j     pc - 72
core   0: 0 0x80003cf8 (0xbf65)
core   0: 0x80003cb0 (0x034000ef) jal     pc + 0x34
core   0: 0 0x80003cb0 (0x034000ef) x1  0x80003cb4
core   0: 0x80003ce4 (0x0000b7c5) c.j     pc - 32
core   0: 0 0x80003ce4 (0xb7c5)
core   0: 0x80003cc4 (0x028000ef) jal     pc + 0x28
core   0: 0 0x80003cc4 (0x028000ef) x1  0x80003cc8
core   0: 0x80003cec (0x0000bfd9) c.j     pc - 42
core   0: 0 0x80003cec (0xbfd9)
core   0: 0x80003cc2 (0x0000a035) c.j     pc + 44
core   0: 0 0x80003cc2 (0xa035)
core   0: 0x80003cee (0x010000ef) jal     pc + 0x10
core   0: 0 0x80003cee (0x010000ef) x1  0x80003cf2
core   0: 0x80003cfe (0x26403193) sltiu   gp, zero, 612
core   0: 0 0x80003cfe (0x26403193) x3  0x00000001
core   0: 0x80003d02 (0x022000ef) jal     pc + 0x22
core   0: 0 0x80003d02 (0x022000ef) x1  0x80003d06
core   0: 0x80003d24 (0xffdff0ef) jal     pc - 0x4
core   0: 0 0x80003d24 (0xffdff0ef) x1  0x80003d28
core   0: 0x80003d20 (0x00003fd5) c.jal   pc - 12
core   0: 0 0x80003d20 (0x3fd5) x1  0x80003d22
core   0: 0x80003d14 (0x0060036f) jal     t1, pc + 0x6
core   0: 0 0x80003d14 (0x0060036f) x6  0x80003d18
core   0: 0x80003d1a (0x00002009) c.jal   pc + 2
core   0: 0 0x80003d1a (0x2009) x1  0x80003d1c
core   0: 0x80003d1c (0x00002009) c.jal   pc + 2
core   0: 0 0x80003d1c (0x2009) x1  0x80003d1e
core   0: 0x80003d1e (0x000037ed) c.jal   pc - 22
core   0: 0 0x80003d1e (0x37ed) x1  0x80003d20
core   0: 0x80003d08 (0x010002ef) jal     t0, pc + 0x10
core   0: 0 0x80003d08 (0x010002ef) x5  0x80003d0c
core   0: 0x80003d18 (0x0000a801) c.j     pc + 16
core   0: 0 0x80003d18 (0xa801)
core   0: 0x80003d28 (0x0000bff9) c.j     pc - 34
core   0: 0 0x80003d28 (0xbff9)
core   0: 0x80003d06 (0x0000a029) c.j     pc + 10
core   0: 0 0x80003d06 (0xa029)
core   0: 0x80003d10 (0xffdff16f) jal     sp, pc - 0x4
core   0: 0 0x80003d10 (0xffdff16f) x2  0x80003d14
core   0: 0x80003d0c (0x01e0036f) jal     t1, pc + 0x1e
core   0: 0 0x80003d0c (0x01e0036f) x6  0x80003d10
core   0: 0x80003d2a (0x00003fe5) c.jal   pc - 8
core   0: 0 0x80003d2a (0x3fe5) x1  0x80003d2c
core   0: 0x80003d22 (0x00002029) c.jal   pc + 10
core   0: 0 0x80003d22 (0x2029) x1  0x80003d24
core   0: 0x80003d2c (0x00008456) c.mv    s0, s5
core   0: 0 0x80003d2c (0x8456) x8  0x00000000
core   0: 0x80003d2e (0x014000ef) jal     pc + 0x14
core   0: 0 0x80003d2e (0x014000ef) x1  0x80003d32
core   0: 0x80003d42 (0x0000a02d) c.j     pc + 42
core   0: 0 0x80003d42 (0xa02d)
core   0: 0x80003d6c (0x000037e9) c.jal   pc - 54
core   0: 0 0x80003d6c (0x37e9) x1  0x80003d6e
core   0: 0x80003d36 (0x00002819) c.jal   pc + 22
core   0: 0 0x80003d36 (0x2819) x1  0x80003d38
core   0: 0x80003d4c (0x0000a029) c.j     pc + 10
core   0: 0 0x80003d4c (0xa029)
core   0: 0x80003d56 (0x014000ef) jal     pc + 0x14
core   0: 0 0x80003d56 (0x014000ef) x1  0x80003d5a
core   0: 0x80003d6a (0x0000b7d5) c.j     pc - 28
core   0: 0 0x80003d6a (0xb7d5)
core   0: 0x80003d4e (0x000037f5) c.jal   pc - 20
core   0: 0 0x80003d4e (0x37f5) x1  0x80003d50
core   0: 0x80003d3a (0x022000ef) jal     pc + 0x22
core   0: 0 0x80003d3a (0x022000ef) x1  0x80003d3e
core   0: 0x80003d5c (0xfedff0ef) jal     pc - 0x14
core   0: 0 0x80003d5c (0xfedff0ef) x1  0x80003d60
core   0: 0x80003d48 (0x0000b7ed) c.j     pc - 22
core   0: 0 0x80003d48 (0xb7ed)
core   0: 0x80003d32 (0x03c000ef) jal     pc + 0x3c
core   0: 0 0x80003d32 (0x03c000ef) x1  0x80003d36
core   0: 0x80003d6e (0x0000b7cd) c.j     pc - 30
core   0: 0 0x80003d6e (0xb7cd)
core   0: 0x80003d50 (0x0240016f) jal     sp, pc + 0x24
core   0: 0 0x80003d50 (0x0240016f) x2  0x80003d54
core   0: 0x80003d74 (0x0000b7d1) c.j     pc - 60
core   0: 0 0x80003d74 (0xb7d1)
core   0: 0x80003d38 (0x00002019) c.jal   pc + 6
core   0: 0 0x80003d38 (0x2019) x1  0x80003d3a
core   0: 0x80003d3e (0x0000200d) c.jal   pc + 34
core   0: 0 0x80003d3e (0x200d) x1  0x80003d40
core   0: 0x80003d60 (0x00002011) c.jal   pc + 4
core   0: 0 0x80003d60 (0x2011) x1  0x80003d62
core   0: 0x80003d64 (0xfddff86f) jal     a6, pc - 0x24
core   0: 0 0x80003d64 (0xfddff86f) x16 0x80003d68
core   0: 0x80003d40 (0x00002829) c.jal   pc + 26
core   0: 0 0x80003d40 (0x2829) x1  0x80003d42
core   0: 0x80003d5a (0x00002021) c.jal   pc + 8
core   0: 0 0x80003d5a (0x2021) x1  0x80003d5c
core   0: 0x80003d62 (0x000037cd) c.jal   pc - 30
core   0: 0 0x80003d62 (0x37cd) x1  0x80003d64
core   0: 0x80003d44 (0x0100026f) jal     tp, pc + 0x10
core   0: 0 0x80003d44 (0x0100026f) x4  0x80003d48
core   0: 0x80003d54 (0x0000a811) c.j     pc + 20
core   0: 0 0x80003d54 (0xa811)
core   0: 0x80003d68 (0x0000b7cd) c.j     pc - 30
core   0: 0 0x80003d68 (0xb7cd)
core   0: 0x80003d4a (0x0000201d) c.jal   pc + 38
core   0: 0 0x80003d4a (0x201d) x1  0x80003d4c
core   0: 0x80003d70 (0x006000ef) jal     pc + 0x6
core   0: 0 0x80003d70 (0x006000ef) x1  0x80003d74
core   0: 0x80003d76 (0x0000828a) c.mv    t0, sp
core   0: 0 0x80003d76 (0x828a) x5  0x80003d54
core   0: 0x80003d78 (0x01e000ef) jal     pc + 0x1e
core   0: 0 0x80003d78 (0x01e000ef) x1  0x80003d7c
core   0: 0x80003d96 (0x0000a029) c.j     pc + 10
core   0: 0 0x80003d96 (0xa029)
core   0: 0x80003da0 (0x0000bffd) c.j     pc - 2
core   0: 0 0x80003da0 (0xbffd)
core   0: 0x80003d9e (0x00003ff5) c.jal   pc - 4
core   0: 0 0x80003d9e (0x3ff5) x1  0x80003da0
core   0: 0x80003d9a (0x00003fed) c.jal   pc - 6
core   0: 0 0x80003d9a (0x3fed) x1  0x80003d9c
core   0: 0x80003d94 (0x00002011) c.jal   pc + 4
core   0: 0 0x80003d94 (0x2011) x1  0x80003d96
core   0: 0x80003d98 (0x0000a039) c.j     pc + 14
core   0: 0 0x80003d98 (0xa039)
core   0: 0x80003da6 (0x00002009) c.jal   pc + 2
core   0: 0 0x80003da6 (0x2009) x1  0x80003da8
core   0: 0x80003da8 (0x0000bfd5) c.j     pc - 12
core   0: 0 0x80003da8 (0xbfd5)
core   0: 0x80003d9c (0x0000b7c5) c.j     pc - 32
core   0: 0 0x80003d9c (0xb7c5)
core   0: 0x80003d7c (0x0000a031) c.j     pc + 12
core   0: 0 0x80003d7c (0xa031)
core   0: 0x80003d88 (0x00003fe5) c.jal   pc - 8
core   0: 0 0x80003d88 (0x3fe5) x1  0x80003d8a
core   0: 0x80003d80 (0x0000a009) c.j     pc + 2
core   0: 0 0x80003d80 (0xa009)
core   0: 0x80003d82 (0xffdff46f) jal     s0, pc - 0x4
core   0: 0 0x80003d82 (0xffdff46f) x8  0x80003d86
core   0: 0x80003d7e (0x00002809) c.jal   pc + 18
core   0: 0 0x80003d7e (0x2809) x1  0x80003d80
core   0: 0x80003d90 (0x0120086f) jal     a6, pc + 0x12
core   0: 0 0x80003d90 (0x0120086f) x16 0x80003d94
core   0: 0x80003da2 (0x0000b7d5) c.j     pc - 28
core   0: 0 0x80003da2 (0xb7d5)
core   0: 0x80003d86 (0x00002019) c.jal   pc + 6
core   0: 0 0x80003d86 (0x2019) x1  0x80003d88
core   0: 0x80003d8c (0x018000ef) jal     pc + 0x18
core   0: 0 0x80003d8c (0x018000ef) x1  0x80003d90
core   0: 0x80003da4 (0x0000b7dd) c.j     pc - 26
core   0: 0 0x80003da4 (0xb7dd)
core   0: 0x80003d8a (0x00002005) c.jal   pc + 32
core   0: 0 0x80003d8a (0x2005) x1  0x80003d8c
core   0: 0x80003daa (0xca00ae93) slti    t4, ra, -864
core   0: 0 0x80003daa (0xca00ae93) x29 0x00000001
core   0: 0x80003dae (0x00c000ef) jal     pc + 0xc
core   0: 0 0x80003dae (0x00c000ef) x1  0x80003db2
core   0: 0x80003dba (0x0000a031) c.j     pc + 12
core   0: 0 0x80003dba (0xa031)
core   0: 0x80003dc6 (0x004000ef) jal     pc + 0x4
core   0: 0 0x80003dc6 (0x004000ef) x1  0x80003dca
core   0: 0x80003dca (0xfedff0ef) jal     pc - 0x14
core   0: 0 0x80003dca (0xfedff0ef) x1  0x80003dce
core   0: 0x80003db6 (0xfffff36f) jal     t1, pc - 0x2
core   0: 0 0x80003db6 (0xfffff36f) x6  0x80003dba
core   0: 0x80003db4 (0x0000a031) c.j     pc + 12
core   0: 0 0x80003db4 (0xa031)
core   0: 0x80003dc0 (0x00002009) c.jal   pc + 2
core   0: 0 0x80003dc0 (0x2009) x1  0x80003dc2
core   0: 0x80003dc2 (0xffdff0ef) jal     pc - 0x4
core   0: 0 0x80003dc2 (0xffdff0ef) x1  0x80003dc6
core   0: 0x80003dbe (0x00003ffd) c.jal   pc - 2
core   0: 0 0x80003dbe (0x3ffd) x1  0x80003dc0
core   0: 0x80003dbc (0x00003fdd) c.jal   pc - 10
core   0: 0 0x80003dbc (0x3fdd) x1  0x80003dbe
core   0: 0x80003db2 (0x0000a831) c.j     pc + 28
core   0: 0 0x80003db2 (0xa831)
core   0: 0x80003dce (0x61583113) sltiu   sp, a6, 1557
core   0: 0 0x80003dce (0x61583113) x2  0x00000000
core   0: 0x80003dd2 (0x00a000ef) jal     pc + 0xa
core   0: 0 0x80003dd2 (0x00a000ef) x1  0x80003dd6
core   0: 0x80003ddc (0x0000a029) c.j     pc + 10
core   0: 0 0x80003ddc (0xa029)
core   0: 0x80003de6 (0x004002ef) jal     t0, pc + 0x4
core   0: 0 0x80003de6 (0x004002ef) x5  0x80003dea
core   0: 0x80003dea (0x010001ef) jal     gp, pc + 0x10
core   0: 0 0x80003dea (0x010001ef) x3  0x80003dee
core   0: 0x80003dfa (0xffdffcef) jal     s9, pc - 0x4
core   0: 0 0x80003dfa (0xffdffcef) x25 0x80003dfe
core   0: 0x80003df6 (0xfe1ff0ef) jal     pc - 0x20
core   0: 0 0x80003df6 (0xfe1ff0ef) x1  0x80003dfa
core   0: 0x80003dd6 (0x00002831) c.jal   pc + 28
core   0: 0 0x80003dd6 (0x2831) x1  0x80003dd8
core   0: 0x80003df2 (0x00003ff5) c.jal   pc - 4
core   0: 0 0x80003df2 (0x3ff5) x1  0x80003df4
core   0: 0x80003dee (0xff1ff0ef) jal     pc - 0x10
core   0: 0 0x80003dee (0xff1ff0ef) x1  0x80003df2
core   0: 0x80003dde (0x0000200d) c.jal   pc + 34
core   0: 0 0x80003dde (0x200d) x1  0x80003de0
core   0: 0x80003e00 (0x0000bfe1) c.j     pc - 40
core   0: 0 0x80003e00 (0xbfe1)
core   0: 0x80003dd8 (0x0080036f) jal     t1, pc + 0x8
core   0: 0 0x80003dd8 (0x0080036f) x6  0x80003ddc
core   0: 0x80003de0 (0x0220036f) jal     t1, pc + 0x22
core   0: 0 0x80003de0 (0x0220036f) x6  0x80003de4
core   0: 0x80003e02 (0x0000bfcd) c.j     pc - 14
core   0: 0 0x80003e02 (0xbfcd)
core   0: 0x80003df4 (0x00003fc5) c.jal   pc - 16
core   0: 0 0x80003df4 (0x3fc5) x1  0x80003df6
core   0: 0x80003de4 (0x0000a829) c.j     pc + 26
core   0: 0 0x80003de4 (0xa829)
core   0: 0x80003dfe (0x00002019) c.jal   pc + 6
core   0: 0 0x80003dfe (0x2019) x1  0x80003e00
core   0: 0x80003e04 (0x01475893) srli    a7, a4, 20
core   0: 0 0x80003e04 (0x01475893) x17 0x00000800
core   0: 0x80003e08 (0x01a000ef) jal     pc + 0x1a
core   0: 0 0x80003e08 (0x01a000ef) x1  0x80003e0c
core   0: 0x80003e22 (0x0240036f) jal     t1, pc + 0x24
core   0: 0 0x80003e22 (0x0240036f) x6  0x80003e26
core   0: 0x80003e46 (0x00002029) c.jal   pc + 10
core   0: 0 0x80003e46 (0x2029) x1  0x80003e48
core   0: 0x80003e50 (0xffbff36f) jal     t1, pc - 0x6
core   0: 0 0x80003e50 (0xffbff36f) x6  0x80003e54
core   0: 0x80003e4a (0x00003fc9) c.jal   pc - 46
core   0: 0 0x80003e4a (0x3fc9) x1  0x80003e4c
core   0: 0x80003e1c (0x00003fc5) c.jal   pc - 16
core   0: 0 0x80003e1c (0x3fc5) x1  0x80003e1e
core   0: 0x80003e0c (0x00002805) c.jal   pc + 48
core   0: 0 0x80003e0c (0x2805) x1  0x80003e0e
core   0: 0x80003e3c (0x00003fd5) c.jal   pc - 12
core   0: 0 0x80003e3c (0x3fd5) x1  0x80003e3e
core   0: 0x80003e30 (0x006000ef) jal     pc + 0x6
core   0: 0 0x80003e30 (0x006000ef) x1  0x80003e34
core   0: 0x80003e36 (0x0000bfdd) c.j     pc - 10
core   0: 0 0x80003e36 (0xbfdd)
core   0: 0x80003e2c (0xfe3ff0ef) jal     pc - 0x1e
core   0: 0 0x80003e2c (0xfe3ff0ef) x1  0x80003e30
core   0: 0x80003e0e (0x0000a80d) c.j     pc + 50
core   0: 0 0x80003e0e (0xa80d)
core   0: 0x80003e40 (0xfebff0ef) jal     pc - 0x16
core   0: 0 0x80003e40 (0xfebff0ef) x1  0x80003e44
core   0: 0x80003e2a (0x0000200d) c.jal   pc + 34
core   0: 0 0x80003e2a (0x200d) x1  0x80003e2c
core   0: 0x80003e4c (0xfc5ff0ef) jal     pc - 0x3c
core   0: 0 0x80003e4c (0xfc5ff0ef) x1  0x80003e50
core   0: 0x80003e10 (0x0000a019) c.j     pc + 6
core   0: 0 0x80003e10 (0xa019)
core   0: 0x80003e16 (0x028000ef) jal     pc + 0x28
core   0: 0 0x80003e16 (0x028000ef) x1  0x80003e1a
core   0: 0x80003e3e (0x0000b7cd) c.j     pc - 30
core   0: 0 0x80003e3e (0xb7cd)
core   0: 0x80003e20 (0x00002015) c.jal   pc + 36
core   0: 0 0x80003e20 (0x2015) x1  0x80003e22
core   0: 0x80003e44 (0x00003fc5) c.jal   pc - 16
core   0: 0 0x80003e44 (0x3fc5) x1  0x80003e46
core   0: 0x80003e34 (0x0000a811) c.j     pc + 20
core   0: 0 0x80003e34 (0xa811)
core   0: 0x80003e48 (0x0000bfc9) c.j     pc - 46
core   0: 0 0x80003e48 (0xbfc9)
core   0: 0x80003e1a (0x0000bfe5) c.j     pc - 8
core   0: 0 0x80003e1a (0xbfe5)
core   0: 0x80003e12 (0x016000ef) jal     pc + 0x16
core   0: 0 0x80003e12 (0x016000ef) x1  0x80003e16
core   0: 0x80003e28 (0x00002801) c.jal   pc + 16
core   0: 0 0x80003e28 (0x2801) x1  0x80003e2a
core   0: 0x80003e38 (0xfe7fff6f) jal     t5, pc - 0x1a
core   0: 0 0x80003e38 (0xfe7fff6f) x30 0x80003e3c
core   0: 0x80003e1e (0x0000a021) c.j     pc + 8
core   0: 0 0x80003e1e (0xa021)
core   0: 0x80003e26 (0x0000203d) c.jal   pc + 46
core   0: 0 0x80003e26 (0x203d) x1  0x80003e28
core   0: 0x80003e54 (0x5061c893) xori    a7, gp, 1286
core   0: 0 0x80003e54 (0x5061c893) x17 0x800038e8
core   0: 0x80003e58 (0x01c000ef) jal     pc + 0x1c
core   0: 0 0x80003e58 (0x01c000ef) x1  0x80003e5c
core   0: 0x80003e74 (0x00003ff5) c.jal   pc - 4
core   0: 0 0x80003e74 (0x3ff5) x1  0x80003e76
core   0: 0x80003e70 (0x00002021) c.jal   pc + 8
core   0: 0 0x80003e70 (0x2021) x1  0x80003e72
core   0: 0x80003e78 (0x0000a00d) c.j     pc + 34
core   0: 0 0x80003e78 (0xa00d)
core   0: 0x80003e9a (0xffdff9ef) jal     s3, pc - 0x4
core   0: 0 0x80003e9a (0xffdff9ef) x19 0x80003e9e
core   0: 0x80003e96 (0xff5ff86f) jal     a6, pc - 0xc
core   0: 0 0x80003e96 (0xff5ff86f) x16 0x80003e9a
core   0: 0x80003e8a (0x000037e5) c.jal   pc - 24
core   0: 0 0x80003e8a (0x37e5) x1  0x80003e8c
core   0: 0x80003e72 (0x0000a035) c.j     pc + 44
core   0: 0 0x80003e72 (0xa035)
core   0: 0x80003e9e (0x0000bfe1) c.j     pc - 40
core   0: 0 0x80003e9e (0xbfe1)
core   0: 0x80003e76 (0x0000a021) c.j     pc + 8
core   0: 0 0x80003e76 (0xa021)
core   0: 0x80003e7e (0x000037f5) c.jal   pc - 20
core   0: 0 0x80003e7e (0x37f5) x1  0x80003e80
core   0: 0x80003e6a (0x0000bfcd) c.j     pc - 14
core   0: 0 0x80003e6a (0xbfcd)
core   0: 0x80003e5c (0x01000d6f) jal     s10, pc + 0x10
core   0: 0 0x80003e5c (0x01000d6f) x26 0x80003e60
core   0: 0x80003e6c (0x024000ef) jal     pc + 0x24
core   0: 0 0x80003e6c (0x024000ef) x1  0x80003e70
core   0: 0x80003e90 (0x00003ff5) c.jal   pc - 4
core   0: 0 0x80003e90 (0x3ff5) x1  0x80003e92
core   0: 0x80003e8c (0x0000bfdd) c.j     pc - 10
core   0: 0 0x80003e8c (0xbfdd)
core   0: 0x80003e82 (0x0000bfed) c.j     pc - 6
core   0: 0 0x80003e82 (0xbfed)
core   0: 0x80003e7c (0x00002029) c.jal   pc + 10
core   0: 0 0x80003e7c (0x2029) x1  0x80003e7e
core   0: 0x80003e86 (0x0000a031) c.j     pc + 12
core   0: 0 0x80003e86 (0xa031)
core   0: 0x80003e92 (0xfefff0ef) jal     pc - 0x12
core   0: 0 0x80003e92 (0xfefff0ef) x1  0x80003e96
core   0: 0x80003e80 (0x000037c5) c.jal   pc - 32
core   0: 0 0x80003e80 (0x37c5) x1  0x80003e82
core   0: 0x80003e60 (0x0000a829) c.j     pc + 26
core   0: 0 0x80003e60 (0xa829)
core   0: 0x80003e7a (0x00002811) c.jal   pc + 20
core   0: 0 0x80003e7a (0x2811) x1  0x80003e7c
core   0: 0x80003e8e (0x00003fdd) c.jal   pc - 10
core   0: 0 0x80003e8e (0x3fdd) x1  0x80003e90
core   0: 0x80003e84 (0x0000b7cd) c.j     pc - 30
core   0: 0 0x80003e84 (0xb7cd)
core   0: 0x80003e66 (0xffdff36f) jal     t1, pc - 0x4
core   0: 0 0x80003e66 (0xffdff36f) x6  0x80003e6a
core   0: 0x80003e62 (0x0260036f) jal     t1, pc + 0x26
core   0: 0 0x80003e62 (0x0260036f) x6  0x80003e66
core   0: 0x80003e88 (0x0000a821) c.j     pc + 24
core   0: 0 0x80003e88 (0xa821)
core   0: 0x80003ea0 (0x000098fd) c.andi  s1, -1
core   0: 0 0x80003ea0 (0x98fd) x9  0x8000374c
core   0: 0x80003ea2 (0x034000ef) jal     pc + 0x34
core   0: 0 0x80003ea2 (0x034000ef) x1  0x80003ea6
core   0: 0x80003ed6 (0x00003fe9) c.jal   pc - 38
core   0: 0 0x80003ed6 (0x3fe9) x1  0x80003ed8
core   0: 0x80003eb0 (0xffbff0ef) jal     pc - 0x6
core   0: 0 0x80003eb0 (0xffbff0ef) x1  0x80003eb4
core   0: 0x80003eaa (0x0000a839) c.j     pc + 30
core   0: 0 0x80003eaa (0xa839)
core   0: 0x80003ec8 (0x0000bffd) c.j     pc - 2
core   0: 0 0x80003ec8 (0xbffd)
core   0: 0x80003ec6 (0x0000a031) c.j     pc + 12
core   0: 0 0x80003ec6 (0xa031)
core   0: 0x80003ed2 (0x0000b7f5) c.j     pc - 20
core   0: 0 0x80003ed2 (0xb7f5)
core   0: 0x80003ebe (0x03400fef) jal     t6, pc + 0x34
core   0: 0 0x80003ebe (0x03400fef) x31 0x80003ec2
core   0: 0x80003ef2 (0x0000a011) c.j     pc + 4
core   0: 0 0x80003ef2 (0xa011)
core   0: 0x80003ef6 (0x0000b7e5) c.j     pc - 24
core   0: 0 0x80003ef6 (0xb7e5)
core   0: 0x80003ede (0x0120036f) jal     t1, pc + 0x12
core   0: 0 0x80003ede (0x0120036f) x6  0x80003ee2
core   0: 0x80003ef0 (0x00003fcd) c.jal   pc - 14
core   0: 0 0x80003ef0 (0x3fcd) x1  0x80003ef2
core   0: 0x80003ee2 (0x0000bfed) c.j     pc - 6
core   0: 0 0x80003ee2 (0xbfed)
core   0: 0x80003edc (0x00002801) c.jal   pc + 16
core   0: 0 0x80003edc (0x2801) x1  0x80003ede
core   0: 0x80003eec (0xfcfff0ef) jal     pc - 0x32
core   0: 0 0x80003eec (0xfcfff0ef) x1  0x80003ef0
core   0: 0x80003eba (0x01e0036f) jal     t1, pc + 0x1e
core   0: 0 0x80003eba (0x01e0036f) x6  0x80003ebe
core   0: 0x80003ed8 (0x00003ff1) c.jal   pc - 36
core   0: 0 0x80003ed8 (0x3ff1) x1  0x80003eda
core   0: 0x80003eb4 (0x0000a801) c.j     pc + 16
core   0: 0 0x80003eb4 (0xa801)
core   0: 0x80003ec4 (0x0000a015) c.j     pc + 36
core   0: 0 0x80003ec4 (0xa015)
core   0: 0x80003ee8 (0x00c0036f) jal     t1, pc + 0xc
core   0: 0 0x80003ee8 (0x00c0036f) x6  0x80003eec
core   0: 0x80003ef4 (0x0000b7f9) c.j     pc - 50
core   0: 0 0x80003ef4 (0xb7f9)
core   0: 0x80003ec2 (0x0000b7ed) c.j     pc - 22
core   0: 0 0x80003ec2 (0xb7ed)
core   0: 0x80003eac (0xffbff0ef) jal     pc - 0x6
core   0: 0 0x80003eac (0xffbff0ef) x1  0x80003eb0
core   0: 0x80003ea6 (0x040000ef) jal     pc + 0x40
core   0: 0 0x80003ea6 (0x040000ef) x1  0x80003eaa
core   0: 0x80003ee6 (0x000037fd) c.jal   pc - 18
core   0: 0 0x80003ee6 (0x37fd) x1  0x80003ee8
core   0: 0x80003ed4 (0x00003fed) c.jal   pc - 6
core   0: 0 0x80003ed4 (0x3fed) x1  0x80003ed6
core   0: 0x80003ece (0x016001ef) jal     gp, pc + 0x16
core   0: 0 0x80003ece (0x016001ef) x3  0x80003ed2
core   0: 0x80003ee4 (0x0000bfdd) c.j     pc - 10
core   0: 0 0x80003ee4 (0xbfdd)
core   0: 0x80003eda (0x0000bfc5) c.j     pc - 16
core   0: 0 0x80003eda (0xbfc5)
core   0: 0x80003eca (0xfedff36f) jal     t1, pc - 0x14
core   0: 0 0x80003eca (0xfedff36f) x6  0x80003ece
core   0: 0x80003eb6 (0x04200fef) jal     t6, pc + 0x42
core   0: 0 0x80003eb6 (0x04200fef) x31 0x80003eba
core   0: 0x80003ef8 (0x00008dd6) c.mv    s11, s5
core   0: 0 0x80003ef8 (0x8dd6) x27 0x00000000
core   0: 0x80003efa (0xffb77013) andi    zero, a4, -5
core   0: 0 0x80003efa (0xffb77013)
core   0: 0x80003efe (0x0000eb81) c.bnez  a5, pc + 16
core   0: 0 0x80003efe (0xeb81)
core   0: 0x80003f0e (0x002f7d63) bgeu    t5, sp, pc + 26
core   0: 0 0x80003f0e (0x002f7d63)
core   0: 0x80003f28 (0xa9092b13) slti    s6, s2, -1392
core   0: 0 0x80003f28 (0xa9092b13) x22 0x00000001
core   0: 0x80003f2c (0x000080d9) c.srli  s1, 22
core   0: 0 0x80003f2c (0x80d9) x9  0x00000200
core   0: 0x80003f2e (0x00001a90) c.addi4spn a2, sp, 368
core   0: 0 0x80003f2e (0x1a90) x12 0x00000170
core   0: 0x80003f30 (0x0000cb9d) c.beqz  a5, pc + 54
core   0: 0 0x80003f30 (0xcb9d)
core   0: 0x80003f32 (0x039ae933) rem     s2, s5, s9
core   0: 0 0x80003f32 (0x039ae933) x18 0x00000000
core   0: 0x80003f36 (0x012fe833) or      a6, t6, s2
core   0: 0 0x80003f36 (0x012fe833) x16 0x80003eba
core   0: 0x80003f3a (0x01775133) srl     sp, a4, s7
core   0: 0 0x80003f3a (0x01775133) x2  0x080003c3
core   0: 0x80003f3e (0x013fd313) srli    t1, t6, 19
core   0: 0 0x80003f3e (0x013fd313) x6  0x00001000
core   0: 0x80003f42 (0x00fe7eb3) and     t4, t3, a5
core   0: 0 0x80003f42 (0x00fe7eb3) x29 0x80003a38
core   0: 0x80003f46 (0x000050fd) c.li    ra, -1
core   0: 0 0x80003f46 (0x50fd) x1  0xffffffff
core   0: 0x80003f48 (0x02c64933) div     s2, a2, a2
core   0: 0 0x80003f48 (0x02c64933) x18 0x00000001
core   0: 0x80003f4c (0x00008671) c.srai  a2, 28
core   0: 0 0x80003f4c (0x8671) x12 0x00000000
core   0: 0x80003f4e (0x0000cf85) c.beqz  a5, pc + 56
core   0: 0 0x80003f4e (0xcf85)
core   0: 0x80003f50 (0xcc67f037) lui     zero, 0xcc67f
core   0: 0 0x80003f50 (0xcc67f037)
core   0: 0x80003f54 (0x00009e6a) c.add   t3, s10
core   0: 0 0x80003f54 (0x9e6a) x28 0x00007898
core   0: 0x80003f56 (0x0000c21d) c.beqz  a2, pc + 38
core   0: 0 0x80003f56 (0xc21d)
core   0: 0x80003f7c (0x00008e2a) c.mv    t3, a0
core   0: 0 0x80003f7c (0x8e2a) x28 0x8000373c
core   0: 0x80003f7e (0x00000001) c.nop
core   0: 0 0x80003f7e (0x0001)
core   0: 0x80003f80 (0x00008ce9) c.and   s1, a0
core   0: 0 0x80003f80 (0x8ce9) x9  0x00000200
core   0: 0x80003f82 (0x4080da93) srai    s5, ra, 8
core   0: 0 0x80003f82 (0x4080da93) x21 0xffffffff
core   0: 0x80003f86 (0x00008fe5) c.and   a5, s1
core   0: 0 0x80003f86 (0x8fe5) x15 0x00000200
core   0: 0x80003f88 (0x0000916e) c.add   sp, s11
core   0: 0 0x80003f88 (0x916e) x2  0x080003c3
core   0: 0x80003f8a (0x71353993) sltiu   s3, a0, 1811
core   0: 0 0x80003f8a (0x71353993) x19 0x00000000
core   0: 0x80003f8e (0x0000100f) fence.i
core   0: 0 0x80003f8e (0x0000100f)
core   0: 0x80003f92 (0x0000c629) c.beqz  a2, pc + 74
core   0: 0 0x80003f92 (0xc629)
core   0: 0x80003fdc (0xc6c72c13) slti    s8, a4, -916
core   0: 0 0x80003fdc (0xc6c72c13) x24 0x00000001
core   0: 0x80003fe0 (0x035979b3) remu    s3, s2, s5
core   0: 0 0x80003fe0 (0x035979b3) x19 0x00000001
core   0: 0x80003fe4 (0x00008c85) c.sub   s1, s1
core   0: 0 0x80003fe4 (0x8c85) x9  0x00000000
core   0: 0x80003fe6 (0x417e5893) srai    a7, t3, 23
core   0: 0 0x80003fe6 (0x417e5893) x17 0xffffff00
core   0: 0x80003fea (0x00715763) bge     sp, t2, pc + 14
core   0: 0 0x80003fea (0x00715763)
core   0: 0x80003ff8 (0x00000d0a) c.slli  s10, 2
core   0: 0 0x80003ff8 (0x0d0a) x26 0x0000f980
core   0: 0x80003ffa (0x0000e791) c.bnez  a5, pc + 12
core   0: 0 0x80003ffa (0xe791)
core   0: 0x80004006 (0x00000001) c.nop
core   0: 0 0x80004006 (0x0001)
core   0: 0x80004008 (0x00f6f463) bgeu    a3, a5, pc + 8
core   0: 0 0x80004008 (0x00f6f463)
core   0: 0x80004010 (0x02a39db3) mulh    s11, t2, a0
core   0: 0 0x80004010 (0x02a39db3) x27 0x3fffc72a
core   0: 0x80004014 (0x00000789) c.addi  a5, 2
core   0: 0 0x80004014 (0x0789) x15 0x00000202
core   0: 0x80004016 (0x00008259) c.srli  a2, 22
core   0: 0 0x80004016 (0x8259) x12 0x00000000
core   0: 0x80004018 (0x00005ffd) c.li    t6, -1
core   0: 0 0x80004018 (0x5ffd) x31 0xffffffff
core   0: 0x8000401a (0x5cd6e093) ori     ra, a3, 1485
core   0: 0 0x8000401a (0x5cd6e093) x1  0x80023ded
core   0: 0x8000401e (0x02e06633) rem     a2, zero, a4
core   0: 0 0x8000401e (0x02e06633) x12 0x00000000
core   0: 0x80004022 (0x0283d4b3) divu    s1, t2, s0
core   0: 0 0x80004022 (0x0283d4b3) x9  0x00000000
core   0: 0x80004026 (0x007e8b33) add     s6, t4, t2
core   0: 0 0x80004026 (0x007e8b33) x22 0x000074a8
core   0: 0x8000402a (0x01fd9433) sll     s0, s11, t6
core   0: 0 0x8000402a (0x01fd9433) x8  0x00000000
core   0: 0x8000402e (0x05c97793) andi    a5, s2, 92
core   0: 0 0x8000402e (0x05c97793) x15 0x00000000
core   0: 0x80004032 (0x6409a713) slti    a4, s3, 1600
core   0: 0 0x80004032 (0x6409a713) x14 0x00000001
core   0: 0x80004036 (0x2fd0d1b7) lui     gp, 0x2fd0d
core   0: 0 0x80004036 (0x2fd0d1b7) x3  0x2fd0d000
core   0: 0x8000403a (0x02da4033) div     zero, s4, a3
core   0: 0 0x8000403a (0x02da4033)
core   0: 0x8000403e (0x00c06e33) or      t3, zero, a2
core   0: 0 0x8000403e (0x00c06e33) x28 0x00000000
core   0: 0x80004042 (0x00000d0e) c.slli  s10, 3
core   0: 0 0x80004042 (0x0d0e) x26 0x0007cc00
core   0: 0x80004044 (0x01f50c63) beq     a0, t6, pc + 24
core   0: 0 0x80004044 (0x01f50c63)
core   0: 0x80004048 (0x00008cc2) c.mv    s9, a6
core   0: 0 0x80004048 (0x8cc2) x25 0x80003eba
core   0: 0x8000404a (0x7c7434b7) lui     s1, 0x7c743
core   0: 0 0x8000404a (0x7c7434b7) x9  0x7c743000
core   0: 0x8000404e (0x00008d69) c.and   a0, a0
core   0: 0 0x8000404e (0x8d69) x10 0x8000373c
core   0: 0x80004050 (0x00006179) c.addi16sp sp, 464
core   0: 0 0x80004050 (0x6179) x2  0x08000593
core   0: 0x80004052 (0x0000e899) c.bnez  s1, pc + 22
core   0: 0 0x80004052 (0xe899)
core   0: 0x80004068 (0x0000e389) c.bnez  a5, pc + 2
core   0: 0 0x80004068 (0xe389)
core   0: 0x8000406a (0x00f3d563) bge     t2, a5, pc + 10
core   0: 0 0x8000406a (0x00f3d563)
core   0: 0x8000406e (0x0050f563) bgeu    ra, t0, pc + 10
core   0: 0 0x8000406e (0x0050f563)
core   0: 0x80004078 (0x0000e515) c.bnez  a0, pc + 44
core   0: 0 0x80004078 (0xe515)
core   0: 0x800040a4 (0x00641563) bne     s0, t1, pc + 10
core   0: 0 0x800040a4 (0x00641563)
core   0: 0x800040ae (0x02d57563) bgeu    a0, a3, pc + 42
core   0: 0 0x800040ae (0x02d57563)
core   0: 0x800040b2 (0x03bac663) blt     s5, s11, pc + 44
core   0: 0 0x800040b2 (0x03bac663)
core   0: 0x800040de (0x02541cb3) mulh    s9, s0, t0
core   0: 0 0x800040de (0x02541cb3) x25 0x00000000
core   0: 0x800040e2 (0x0000717d) c.addi16sp sp, -16
core   0: 0 0x800040e2 (0x717d) x2  0x08000583
core   0: 0x800040e4 (0x00008c8d) c.sub   s1, a1
core   0: 0 0x800040e4 (0x8c8d) x9  0x8a8b7e03
core   0: 0x800040e6 (0x000084a2) c.mv    s1, s0
core   0: 0 0x800040e6 (0x84a2) x9  0x00000000
core   0: 0x800040e8 (0x7285fe93) andi    t4, a1, 1832
core   0: 0 0x800040e8 (0x7285fe93) x29 0x00000128
core   0: 0x800040ec (0xaeb2e713) ori     a4, t0, -1301
core   0: 0 0x800040ec (0xaeb2e713) x14 0xffffffeb
core   0: 0x800040f0 (0x000080aa) c.mv    ra, a0
core   0: 0 0x800040f0 (0x80aa) x1  0x8000373c
core   0: 0x800040f2 (0x2423ca13) xori    s4, t2, 578
core   0: 0 0x800040f2 (0x2423ca13) x20 0x80003832
core   0: 0x800040f6 (0x02c8af93) slti    t6, a7, 44
core   0: 0 0x800040f6 (0x02c8af93) x31 0x00000001
core   0: 0x800040fa (0x9b634293) xori    t0, t1, -1610
core   0: 0 0x800040fa (0x9b634293) x5  0xffffe9b6
core   0: 0x800040fe (0x00008cad) c.xor   s1, a1
core   0: 0 0x800040fe (0x8cad) x9  0xf1e8b1fd
core   0: 0x80004100 (0x02dacdb3) div     s11, s5, a3
core   0: 0 0x80004100 (0x02dacdb3) x27 0x00000000
core   0: 0x80004104 (0x000940b3) xor     ra, s2, zero
core   0: 0 0x80004104 (0x000940b3) x1  0x00000001
core   0: 0x80004108 (0x000080bd) c.srli  s1, 15
core   0: 0 0x80004108 (0x80bd) x9  0x0001e3d1
core   0: 0x8000410a (0x01c8de13) srli    t3, a7, 28
core   0: 0 0x8000410a (0x01c8de13) x28 0x0000000f
core   0: 0x8000410e (0x7ce3b613) sltiu   a2, t2, 1998
core   0: 0 0x8000410e (0x7ce3b613) x12 0x00000000
core   0: 0x80004112 (0x02e8a033) mulhsu  zero, a7, a4
core   0: 0 0x80004112 (0x02e8a033)
core   0: 0x80004116 (0x037de633) rem     a2, s11, s7
core   0: 0 0x80004116 (0x037de633) x12 0x00000000
core   0: 0x8000411a (0x0190d893) srli    a7, ra, 25
core   0: 0 0x8000411a (0x0190d893) x17 0x00000000
core   0: 0x8000411e (0x02a1b8b3) mulhu   a7, gp, a0
core   0: 0 0x8000411e (0x02a1b8b3) x17 0x17e87251
core   0: 0x80004122 (0x01346133) or      sp, s0, s3
core   0: 0 0x80004122 (0x01346133) x2  0x00000001
core   0: 0x80004126 (0x00000001) c.nop
core   0: 0 0x80004126 (0x0001)
core   0: 0x80004128 (0x416b52b3) sra     t0, s6, s6
core   0: 0 0x80004128 (0x416b52b3) x5  0x00000074
core   0: 0x8000412c (0x4157d833) sra     a6, a5, s5
core   0: 0 0x8000412c (0x4157d833) x16 0x00000000
core   0: 0x80004130 (0x41e554b3) sra     s1, a0, t5
core   0: 0 0x80004130 (0x41e554b3) x9  0xfffffff8
core   0: 0x80004134 (0x00008c11) c.sub   s0, a2
core   0: 0 0x80004134 (0x8c11) x8  0x00000000
core   0: 0x80004136 (0x02f00eb3) mul     t4, zero, a5
core   0: 0 0x80004136 (0x02f00eb3) x29 0x00000000
core   0: 0x8000413a (0x0000717d) c.addi16sp sp, -16
core   0: 0 0x8000413a (0x717d) x2  0xfffffff1
core   0: 0x8000413c (0x009c0f33) add     t5, s8, s1
core   0: 0 0x8000413c (0x009c0f33) x30 0xfffffff9
core   0: 0x80004140 (0x00000656) c.slli  a2, 21
core   0: 0 0x80004140 (0x0656) x12 0x00000000
core   0: 0x80004142 (0x00008475) c.srai  s0, 29
core   0: 0 0x80004142 (0x8475) x8  0x00000000
core   0: 0x80004144 (0xabeb2013) slti    zero, s6, -1346
core   0: 0 0x80004144 (0xabeb2013)
core   0: 0x80004148 (0xc5f2f013) andi    zero, t0, -929
core   0: 0 0x80004148 (0xc5f2f013)
core   0: 0x8000414c (0xbe2c3393) sltiu   t2, s8, -1054
core   0: 0 0x8000414c (0xbe2c3393) x7  0x00000001
core   0: 0x80004150 (0x0000909e) c.add   ra, t2
core   0: 0 0x80004150 (0x909e) x1  0x00000002
core   0: 0x80004152 (0x4c6e7293) andi    t0, t3, 1222
core   0: 0 0x80004152 (0x4c6e7293) x5  0x00000006
core   0: 0x80004156 (0x00a49863) bne     s1, a0, pc + 16
core   0: 0 0x80004156 (0x00a49863)
core   0: 0x80004166 (0x02bbe2b3) rem     t0, s7, a1
core   0: 0 0x80004166 (0x02bbe2b3) x5  0xfed3bc3f
core   0: 0x8000416a (0x000084e5) c.srai  s1, 25
core   0: 0 0x8000416a (0x84e5) x9  0xffffffff
core   0: 0x8000416c (0x023478b3) remu    a7, s0, gp
core   0: 0 0x8000416c (0x023478b3) x17 0x00000000
core   0: 0x80004170 (0x000084d9) c.srai  s1, 22
core   0: 0 0x80004170 (0x84d9) x9  0xffffffff
core   0: 0x80004172 (0x000069a5) c.lui   s3, 0x9
core   0: 0 0x80004172 (0x69a5) x19 0x00009000
core   0: 0x80004174 (0x0000809d) c.srli  s1, 7
core   0: 0 0x80004174 (0x809d) x9  0x01ffffff
core   0: 0x80004176 (0x000098fd) c.andi  s1, -1
core   0: 0 0x80004176 (0x98fd) x9  0x01ffffff
core   0: 0x80004178 (0x40d45613) srai    a2, s0, 13
core   0: 0 0x80004178 (0x40d45613) x12 0x00000000
core   0: 0x8000417c (0x01fb0db3) add     s11, s6, t6
core   0: 0 0x8000417c (0x01fb0db3) x27 0x000074a9
core   0: 0x80004180 (0x00dc0a33) add     s4, s8, a3
core   0: 0 0x80004180 (0x00dc0a33) x20 0x80023ce5
core   0: 0x80004184 (0x020991b3) mulh    gp, s3, zero
core   0: 0 0x80004184 (0x020991b3) x3  0x00000000
core   0: 0x80004188 (0x416c5ab3) sra     s5, s8, s6
core   0: 0 0x80004188 (0x416c5ab3) x21 0x00000000
core   0: 0x8000418c (0x0000cc19) c.beqz  s0, pc + 30
core   0: 0 0x8000418c (0xcc19)
core   0: 0x800041aa (0x0239ddb3) divu    s11, s3, gp
core   0: 0 0x800041aa (0x0239ddb3) x27 0xffffffff
core   0: 0x800041ae (0x029d4c63) blt     s10, s1, pc + 56
core   0: 0 0x800041ae (0x029d4c63)
core   0: 0x800041e6 (0x04c31163) bne     t1, a2, pc + 66
core   0: 0 0x800041e6 (0x04c31163)
core   0: 0x80004228 (0x02280663) beq     a6, sp, pc + 44
core   0: 0 0x80004228 (0x02280663)
core   0: 0x8000422c (0x01558f63) beq     a1, s5, pc + 30
core   0: 0 0x8000422c (0x01558f63)
core   0: 0x80004230 (0x02123133) mulhu   sp, tp, ra
core   0: 0 0x80004230 (0x02123133) x2  0x00000001
core   0: 0x80004234 (0x0000ed0d) c.bnez  a0, pc + 58
core   0: 0 0x80004234 (0xed0d)
core   0: 0x8000426e (0x022197b3) mulh    a5, gp, sp
core   0: 0 0x8000426e (0x022197b3) x15 0x00000000
core   0: 0x80004272 (0x0000e501) c.bnez  a0, pc + 8
core   0: 0 0x80004272 (0xe501)
core   0: 0x8000427a (0x19633713) sltiu   a4, t1, 406
core   0: 0 0x8000427a (0x19633713) x14 0x00000000
core   0: 0x8000427e (0x0262aeb3) mulhsu  t4, t0, t1
core   0: 0 0x8000427e (0x0262aeb3) x29 0xffffffed
core   0: 0x80004282 (0x0000691d) c.lui   s2, 0x7
core   0: 0 0x80004282 (0x691d) x18 0x00007000
core   0: 0x80004284 (0x00008d1d) c.sub   a0, a5
core   0: 0 0x80004284 (0x8d1d) x10 0x8000373c
core   0: 0x80004286 (0x0000717d) c.addi16sp sp, -16
core   0: 0 0x80004286 (0x717d) x2  0xfffffff1
core   0: 0x80004288 (0x01b019b3) sll     s3, zero, s11
core   0: 0 0x80004288 (0x01b019b3) x19 0x00000000
core   0: 0x8000428c (0x00000001) c.nop
core   0: 0 0x8000428c (0x0001)
core   0: 0x8000428e (0x02499933) mulh    s2, s3, tp
core   0: 0 0x8000428e (0x02499933) x18 0x00000000
core   0: 0x80004292 (0x00001990) c.addi4spn a2, sp, 240
core   0: 0 0x80004292 (0x1990) x12 0x000000e1
core   0: 0x80004294 (0x017b1a93) slli    s5, s6, 23
core   0: 0 0x80004294 (0x017b1a93) x21 0x54000000
core   0: 0x80004298 (0x00006b61) c.lui   s6, 0x18
core   0: 0 0x80004298 (0x6b61) x22 0x00018000
core   0: 0x8000429a (0x05dfe563) bltu    t6, t4, pc + 74
core   0: 0 0x8000429a (0x05dfe563)
core   0: 0x800042e4 (0x0ff0000f) fence   iorw,iorw
core   0: 0 0x800042e4 (0x0ff0000f)
core   0: 0x800042e8 (0x40348233) sub     tp, s1, gp
core   0: 0 0x800042e8 (0x40348233) x4  0x01ffffff
core   0: 0x800042ec (0x000019fd) c.addi  s3, -1
core   0: 0 0x800042ec (0x19fd) x19 0xffffffff
core   0: 0x800042ee (0x00008d39) c.xor   a0, a4
core   0: 0 0x800042ee (0x8d39) x10 0x8000373c
core   0: 0x800042f0 (0x02301833) mulh    a6, zero, gp
core   0: 0 0x800042f0 (0x02301833) x16 0x00000000
core   0: 0x800042f4 (0x00c5b9b3) sltu    s3, a1, a2
core   0: 0 0x800042f4 (0x00c5b9b3) x19 0x00000000
core   0: 0x800042f8 (0xd0b42013) slti    zero, s0, -757
core   0: 0 0x800042f8 (0xd0b42013)
core   0: 0x800042fc (0x0000100f) fence.i
core   0: 0 0x800042fc (0x0000100f)
core   0: 0x80004300 (0x03455fb3) divu    t6, a0, s4
core   0: 0 0x80004300 (0x03455fb3) x31 0x00000000
core   0: 0x80004304 (0x02c35533) divu    a0, t1, a2
core   0: 0 0x80004304 (0x02c35533) x10 0x00000012
core   0: 0x80004308 (0x01c25c13) srli    s8, tp, 28
core   0: 0 0x80004308 (0x01c25c13) x24 0x00000000
core   0: 0x8000430c (0x40b00333) sub     t1, zero, a1
core   0: 0 0x8000430c (0x40b00333) x6  0x0e174e03
core   0: 0x80004310 (0x004c5cb3) srl     s9, s8, tp
core   0: 0 0x80004310 (0x004c5cb3) x25 0x00000000
core   0: 0x80004314 (0x4184d033) sra     zero, s1, s8
core   0: 0 0x80004314 (0x4184d033)
core   0: 0x80004318 (0x0000ce01) c.beqz  a2, pc + 24
core   0: 0 0x80004318 (0xce01)
core   0: 0x8000431a (0x000088fd) c.andi  s1, 31
core   0: 0 0x8000431a (0x88fd) x9  0x0000001f
core   0: 0x8000431c (0x026523b3) mulhsu  t2, a0, t1
core   0: 0 0x8000431c (0x026523b3) x7  0x00000000
core   0: 0x80004320 (0x000067f1) c.lui   a5, 0x1c
core   0: 0 0x80004320 (0x67f1) x15 0x0001c000
core   0: 0x80004322 (0x0339a833) mulhsu  a6, s3, s3
core   0: 0 0x80004322 (0x0339a833) x16 0x00000000
core   0: 0x80004326 (0x00bae033) or      zero, s5, a1
core   0: 0 0x80004326 (0x00bae033)
core   0: 0x8000432a (0x0000eb15) c.bnez  a4, pc + 52
core   0: 0 0x8000432a (0xeb15)
core   0: 0x8000432c (0x00008d22) c.mv    s10, s0
core   0: 0 0x8000432c (0x8d22) x26 0x00000000
core   0: 0x8000432e (0x00008c59) c.or    s0, a4
core   0: 0 0x8000432e (0x8c59) x8  0x00000000
core   0: 0x80004330 (0xaba25317) auipc   t1, 0xaba25
core   0: 0 0x80004330 (0xaba25317) x6  0x2ba29330
core   0: 0x80004334 (0x00c40233) add     tp, s0, a2
core   0: 0 0x80004334 (0x00c40233) x4  0x000000e1
core   0: 0x80004338 (0x00000aa6) c.slli  s5, 9
core   0: 0 0x80004338 (0x0aa6) x21 0x00000000
core   0: 0x8000433a (0xd3284613) xori    a2, a6, -718
core   0: 0 0x8000433a (0xd3284613) x12 0xfffffd32
core   0: 0x8000433e (0x01478233) add     tp, a5, s4
core   0: 0 0x8000433e (0x01478233) x4  0x8003fce5
core   0: 0x80004342 (0x40425db3) sra     s11, tp, tp
core   0: 0 0x80004342 (0x40425db3) x27 0xfc001fe7
core   0: 0x80004346 (0x00bc5393) srli    t2, s8, 11
core   0: 0 0x80004346 (0x00bc5393) x7  0x00000000
core   0: 0x8000434a (0x009b8fb3) add     t6, s7, s1
core   0: 0 0x8000434a (0x009b8fb3) x31 0x8001fe43
core   0: 0x8000434e (0x02f327b3) mulhsu  a5, t1, a5
core   0: 0 0x8000434e (0x02f327b3) x15 0x00004c5c
core   0: 0x80004352 (0x00751f13) slli    t5, a0, 7
core   0: 0 0x80004352 (0x00751f13) x30 0x00000900
core   0: 0x80004356 (0x00c5c233) xor     tp, a1, a2
core   0: 0 0x80004356 (0x00c5c233) x4  0x0e174ccf
core   0: 0x8000435a (0x03b54863) blt     a0, s11, pc + 48
core   0: 0 0x8000435a (0x03b54863)
core   0: 0x8000435e (0x021aca33) div     s4, s5, ra
core   0: 0 0x8000435e (0x021aca33) x20 0x00000000
core   0: 0x80004362 (0x012000ef) jal     pc + 0x12
core   0: 0 0x80004362 (0x012000ef) x1  0x80004366
core   0: 0x80004374 (0x00003fd5) c.jal   pc - 12
core   0: 0 0x80004374 (0x3fd5) x1  0x80004376
core   0: 0x80004368 (0x0000a801) c.j     pc + 16
core   0: 0 0x80004368 (0xa801)
core   0: 0x80004378 (0x00002009) c.jal   pc + 2
core   0: 0 0x80004378 (0x2009) x1  0x8000437a
core   0: 0x8000437a (0x00003fe5) c.jal   pc - 8
core   0: 0 0x8000437a (0x3fe5) x1  0x8000437c
core   0: 0x80004372 (0x0000bfe5) c.j     pc - 8
core   0: 0 0x80004372 (0xbfe5)
core   0: 0x8000436a (0xffdff36f) jal     t1, pc - 0x4
core   0: 0 0x8000436a (0xffdff36f) x6  0x8000436e
core   0: 0x80004366 (0x00002801) c.jal   pc + 16
core   0: 0 0x80004366 (0x2801) x1  0x80004368
core   0: 0x80004376 (0x00003fe5) c.jal   pc - 8
core   0: 0 0x80004376 (0x3fe5) x1  0x80004378
core   0: 0x8000436e (0x0100046f) jal     s0, pc + 0x10
core   0: 0 0x8000436e (0x0100046f) x8  0x80004372
core   0: 0x8000437e (0x00002009) c.jal   pc + 2
core   0: 0 0x8000437e (0x2009) x1  0x80004380
core   0: 0x80004380 (0x0000bff5) c.j     pc - 4
core   0: 0 0x80004380 (0xbff5)
core   0: 0x8000437c (0x00002019) c.jal   pc + 6
core   0: 0 0x8000437c (0x2019) x1  0x8000437e
core   0: 0x80004382 (0x0ff0000f) fence   iorw,iorw
core   0: 0 0x80004382 (0x0ff0000f)
core   0: 0x80004386 (0x005fd293) srli    t0, t6, 5
core   0: 0 0x80004386 (0x005fd293) x5  0x04000ff2
core   0: 0x8000438a (0x07990d13) addi    s10, s2, 121
core   0: 0 0x8000438a (0x07990d13) x26 0x00000079
core   0: 0x8000438e (0x00445b33) srl     s6, s0, tp
core   0: 0 0x8000438e (0x00445b33) x22 0x00010000
core   0: 0x80004392 (0x00006159) c.addi16sp sp, 400
core   0: 0 0x80004392 (0x6159) x2  0x00000181
core   0: 0x80004394 (0x0180c8b3) xor     a7, ra, s8
core   0: 0 0x80004394 (0x0180c8b3) x17 0x8000437e
core   0: 0x80004398 (0x00006c31) c.lui   s8, 0xc
core   0: 0 0x80004398 (0x6c31) x24 0x0000c000
core   0: 0x8000439a (0xe7307293) andi    t0, zero, -397
core   0: 0 0x8000439a (0xe7307293) x5  0x00000000
core   0: 0x8000439e (0x00000001) c.nop
core   0: 0 0x8000439e (0x0001)
core   0: 0x800043a0 (0x0000cb95) c.beqz  a5, pc + 52
core   0: 0 0x800043a0 (0xcb95)
core   0: 0x800043a2 (0x00000f9c) c.addi4spn a5, sp, 976
core   0: 0 0x800043a2 (0x0f9c) x15 0x00000551
core   0: 0x800043a4 (0x60523f93) sltiu   t6, tp, 1541
core   0: 0 0x800043a4 (0x60523f93) x31 0x00000000
core   0: 0x800043a8 (0x00008ce9) c.and   s1, a0
core   0: 0 0x800043a8 (0x8ce9) x9  0x00000012
core   0: 0x800043aa (0x00000001) c.nop
core   0: 0 0x800043aa (0x0001)
core   0: 0x800043ac (0x40ca84b3) sub     s1, s5, a2
core   0: 0 0x800043ac (0x40ca84b3) x9  0x000002ce
core   0: 0x800043b0 (0x00008e52) c.mv    t3, s4
core   0: 0 0x800043b0 (0x8e52) x28 0x00000000
core   0: 0x800043b2 (0x00d8df63) bge     a7, a3, pc + 30
core   0: 0 0x800043b2 (0x00d8df63)
core   0: 0x800043b6 (0x00008319) c.srli  a4, 6
core   0: 0 0x800043b6 (0x8319) x14 0x00000000
core   0: 0x800043b8 (0x026ce733) rem     a4, s9, t1
core   0: 0 0x800043b8 (0x026ce733) x14 0x00000000
core   0: 0x800043bc (0x3895ad37) lui     s10, 0x3895a
core   0: 0 0x800043bc (0x3895ad37) x26 0x3895a000
core   0: 0x800043c0 (0x00008d1d) c.sub   a0, a5
core   0: 0 0x800043c0 (0x8d1d) x10 0xfffffac1
core   0: 0x800043c2 (0x41705013) srai    zero, zero, 23
core   0: 0 0x800043c2 (0x41705013)
core   0: 0x800043c6 (0x01ba7f33) and     t5, s4, s11
core   0: 0 0x800043c6 (0x01ba7f33) x30 0x00000000
core   0: 0x800043ca (0x0000034a) c.slli  t1, 18
core   0: 0 0x800043ca (0x034a) x6  0x0db80000
core   0: 0x800043cc (0x03473513) sltiu   a0, a4, 52
core   0: 0 0x800043cc (0x03473513) x10 0x00000001
core   0: 0x800043d0 (0x0871d363) bge     gp, t2, pc + 134
core   0: 0 0x800043d0 (0x0871d363)
core   0: 0x80004456 (0x014bc333) xor     t1, s7, s4
core   0: 0 0x80004456 (0x014bc333) x6  0x8001fe24
core   0: 0x8000445a (0x00008fb5) c.xor   a5, a3
core   0: 0 0x8000445a (0x8fb5) x15 0x800239b5
core   0: 0x8000445c (0x008c93b3) sll     t2, s9, s0
core   0: 0 0x8000445c (0x008c93b3) x7  0x00000000
core   0: 0x80004460 (0x02ba91b3) mulh    gp, s5, a1
core   0: 0 0x80004460 (0x02ba91b3) x3  0x00000000
core   0: 0x80004464 (0x000091c6) c.add   gp, a7
core   0: 0 0x80004464 (0x91c6) x3  0x8000437e
core   0: 0x80004466 (0x00f85193) srli    gp, a6, 15
core   0: 0 0x80004466 (0x00f85193) x3  0x00000000
core   0: 0x8000446a (0x00008c75) c.and   s0, a3
core   0: 0 0x8000446a (0x8c75) x8  0x80000060
core   0: 0x8000446c (0x0ff0000f) fence   iorw,iorw
core   0: 0 0x8000446c (0x0ff0000f)
core   0: 0x80004470 (0x00008e21) c.xor   a2, s0
core   0: 0 0x80004470 (0x8e21) x12 0x7ffffd52
core   0: 0x80004472 (0x948bb293) sltiu   t0, s7, -1720
core   0: 0 0x80004472 (0x948bb293) x5  0x00000001
core   0: 0x80004476 (0xcfb23917) auipc   s2, 0xcfb23
core   0: 0 0x80004476 (0xcfb23917) x18 0x4fb27476
core   0: 0x8000447a (0x029d2d33) mulhsu  s10, s10, s1
core   0: 0 0x8000447a (0x029d2d33) x26 0x0000009e
core   0: 0x8000447e (0x0000935e) c.add   t1, s7
core   0: 0 0x8000447e (0x935e) x6  0x0003fc48
core   0: 0x80004480 (0x02b5ea33) rem     s4, a1, a1
core   0: 0 0x80004480 (0x02b5ea33) x20 0x00000000
core   0: 0x80004484 (0x591b7d93) andi    s11, s6, 1425
core   0: 0 0x80004484 (0x591b7d93) x27 0x00000000
core   0: 0x80004488 (0x0000717d) c.addi16sp sp, -16
core   0: 0 0x80004488 (0x717d) x2  0x00000171
core   0: 0x8000448a (0x00f7fe33) and     t3, a5, a5
core   0: 0 0x8000448a (0x00f7fe33) x28 0x800239b5
core   0: 0x8000448e (0x00000372) c.slli  t1, 28
core   0: 0 0x8000448e (0x0372) x6  0x80000000
core   0: 0x80004490 (0x00008e6d) c.and   a2, a1
core   0: 0 0x80004490 (0x8e6d) x12 0x71e8b150
core   0: 0x80004492 (0x017bd233) srl     tp, s7, s7
core   0: 0 0x80004492 (0x017bd233) x4  0x08001fe2
core   0: 0x80004496 (0x007cf463) bgeu    s9, t2, pc + 8
core   0: 0 0x80004496 (0x007cf463)
core   0: 0x8000449e (0x00008f79) c.and   a4, a4
core   0: 0 0x8000449e (0x8f79) x14 0x00000000
core   0: 0x800044a0 (0x000088dd) c.andi  s1, 23
core   0: 0 0x800044a0 (0x88dd) x9  0x00000006
core   0: 0x800044a2 (0x0219e633) rem     a2, s3, ra
core   0: 0 0x800044a2 (0x0219e633) x12 0x00000000
core   0: 0x800044a6 (0x02508fb3) mul     t6, ra, t0
core   0: 0 0x800044a6 (0x02508fb3) x31 0x8000437e
core   0: 0x800044aa (0x0198e263) bltu    a7, s9, pc + 4
core   0: 0 0x800044aa (0x0198e263)
core   0: 0x800044ae (0x02056b33) rem     s6, a0, zero
core   0: 0 0x800044ae (0x02056b33) x22 0x00000001
core   0: 0x800044b2 (0x02aff8b3) remu    a7, t6, a0
core   0: 0 0x800044b2 (0x02aff8b3) x17 0x00000000
core   0: 0x800044b6 (0x002a6563) bltu    s4, sp, pc + 10
core   0: 0 0x800044b6 (0x002a6563)
core   0: 0x800044c0 (0x0000100f) fence.i
core   0: 0 0x800044c0 (0x0000100f)
core   0: 0x800044c4 (0x000058fd) c.li    a7, -1
core   0: 0 0x800044c4 (0x58fd) x17 0xffffffff
core   0: 0x800044c6 (0x29f0ee93) ori     t4, ra, 671
core   0: 0 0x800044c6 (0x29f0ee93) x29 0x800043ff
core   0: 0x800044ca (0x00000001) c.nop
core   0: 0 0x800044ca (0x0001)
core   0: 0x800044cc (0x0ff0000f) fence   iorw,iorw
core   0: 0 0x800044cc (0x0ff0000f)
core   0: 0x800044d0 (0x4103dfb3) sra     t6, t2, a6
core   0: 0 0x800044d0 (0x4103dfb3) x31 0x00000000
core   0: 0x800044d4 (0x05969263) bne     a3, s9, pc + 68
core   0: 0 0x800044d4 (0x05969263)
core   0: 0x80004518 (0x00001690) c.addi4spn a2, sp, 864
core   0: 0 0x80004518 (0x1690) x12 0x000004d1
core   0: 0x8000451a (0x059fb213) sltiu   tp, t6, 89
core   0: 0 0x8000451a (0x059fb213) x4  0x00000001
core   0: 0x8000451e (0x01c3ffb3) and     t6, t2, t3
core   0: 0 0x8000451e (0x01c3ffb3) x31 0x00000000
core   0: 0x80004522 (0x00000001) c.nop
core   0: 0 0x80004522 (0x0001)
core   0: 0x80004524 (0x032f1733) mulh    a4, t5, s2
core   0: 0 0x80004524 (0x032f1733) x14 0x00000000
core   0: 0x80004528 (0x00006151) c.addi16sp sp, 272
core   0: 0 0x80004528 (0x6151) x2  0x00000281
core   0: 0x8000452a (0x010ec0b3) xor     ra, t4, a6
core   0: 0 0x8000452a (0x010ec0b3) x1  0x800043ff
core   0: 0x8000452e (0x0199c633) xor     a2, s3, s9
core   0: 0 0x8000452e (0x0199c633) x12 0x00000000
core   0: 0x80004532 (0x406d50b3) sra     ra, s10, t1
core   0: 0 0x80004532 (0x406d50b3) x1  0x0000009e
core   0: 0x80004536 (0x00001810) c.addi4spn a2, sp, 48
core   0: 0 0x80004536 (0x1810) x12 0x000002b1
core   0: 0x80004538 (0x0152d9b3) srl     s3, t0, s5
core   0: 0 0x80004538 (0x0152d9b3) x19 0x00000001
core   0: 0x8000453c (0x003ffab3) and     s5, t6, gp
core   0: 0 0x8000453c (0x003ffab3) x21 0x00000000
core   0: 0x80004540 (0x01767fb3) and     t6, a2, s7
core   0: 0 0x80004540 (0x01767fb3) x31 0x00000220
core   0: 0x80004544 (0x00008d31) c.xor   a0, a2
core   0: 0 0x80004544 (0x8d31) x10 0x000002b0
core   0: 0x80004546 (0x00001b1c) c.addi4spn a5, sp, 432
core   0: 0 0x80004546 (0x1b1c) x15 0x00000431
core   0: 0x80004548 (0x0000c489) c.beqz  s1, pc + 10
core   0: 0 0x80004548 (0xc489)
core   0: 0x8000454a (0x031fc033) div     zero, t6, a7
core   0: 0 0x8000454a (0x031fc033)
core   0: 0x8000454e (0x02d6b233) mulhu   tp, a3, a3
core   0: 0 0x8000454e (0x02d6b233) x4  0x40023ce9
core   0: 0x80004552 (0x00000001) c.nop
core   0: 0 0x80004552 (0x0001)
core   0: 0x80004554 (0x03f65c33) divu    s8, a2, t6
core   0: 0 0x80004554 (0x03f65c33) x24 0x00000001
core   0: 0x80004558 (0x00006819) c.lui   a6, 0x6
core   0: 0 0x80004558 (0x6819) x16 0x00006000
core   0: 0x8000455a (0x40c58f33) sub     t5, a1, a2
core   0: 0 0x8000455a (0x40c58f33) x30 0xf1e8af4c
core   0: 0x8000455e (0x004bc963) blt     s7, tp, pc + 18
core   0: 0 0x8000455e (0x004bc963)
core   0: 0x80004570 (0x03a462b3) rem     t0, s0, s10
core   0: 0 0x80004570 (0x03a462b3) x5  0xfffffff8
core   0: 0x80004574 (0x00009cca) c.add   s9, s2
core   0: 0 0x80004574 (0x9cca) x25 0x4fb27476
core   0: 0x80004576 (0x40f059b3) sra     s3, zero, a5
core   0: 0 0x80004576 (0x40f059b3) x19 0x00000000
core   0: 0x8000457a (0x0000187d) c.addi  a6, -1
core   0: 0 0x8000457a (0x187d) x16 0x00005fff
core   0: 0x8000457c (0x00000284) c.addi4spn s1, sp, 320
core   0: 0 0x8000457c (0x0284) x9  0x000003c1
core   0: 0x8000457e (0x0215f0b3) remu    ra, a1, ra
core   0: 0 0x8000457e (0x0215f0b3) x1  0x00000011
core   0: 0x80004582 (0x8fa4f993) andi    s3, s1, -1798
core   0: 0 0x80004582 (0x8fa4f993) x19 0x000000c0
core   0: 0x80004586 (0x02fa9e33) mulh    t3, s5, a5
core   0: 0 0x80004586 (0x02fa9e33) x28 0x00000000
core   0: 0x8000458a (0x00000001) c.nop
core   0: 0 0x8000458a (0x0001)
core   0: 0x8000458c (0xd0b13613) sltiu   a2, sp, -757
core   0: 0 0x8000458c (0xd0b13613) x12 0x00000001
core   0: 0x80004590 (0x01660433) add     s0, a2, s6
core   0: 0 0x80004590 (0x01660433) x8  0x00000002
core   0: 0x80004594 (0x000018fd) c.addi  a7, -1
core   0: 0 0x80004594 (0x18fd) x17 0xfffffffe
core   0: 0x80004596 (0x03f72233) mulhsu  tp, a4, t6
core   0: 0 0x80004596 (0x03f72233) x4  0x00000000
core   0: 0x8000459a (0x0ff0000f) fence   iorw,iorw
core   0: 0 0x8000459a (0x0ff0000f)
core   0: 0x8000459e (0x00000001) c.nop
core   0: 0 0x8000459e (0x0001)
core   0: 0x800045a0 (0x00659913) slli    s2, a1, 6
core   0: 0 0x800045a0 (0x00659913) x18 0x7a2c7f40
core   0: 0x800045a4 (0x00925033) srl     zero, tp, s1
core   0: 0 0x800045a4 (0x00925033)
core   0: 0x800045a8 (0x00165c33) srl     s8, a2, ra
core   0: 0 0x800045a8 (0x00165c33) x24 0x00000000
core   0: 0x800045ac (0x024302b3) mul     t0, t1, tp
core   0: 0 0x800045ac (0x024302b3) x5  0x00000000
core   0: 0x800045b0 (0x0000717d) c.addi16sp sp, -16
core   0: 0 0x800045b0 (0x717d) x2  0x00000271
core   0: 0x800045b2 (0x01395e93) srli    t4, s2, 19
core   0: 0 0x800045b2 (0x01395e93) x29 0x00000f45
core   0: 0x800045b6 (0x02205a33) divu    s4, zero, sp
core   0: 0 0x800045b6 (0x02205a33) x20 0x00000000
core   0: 0x800045ba (0x00c35133) srl     sp, t1, a2
core   0: 0 0x800045ba (0x00c35133) x2  0x40000000
core   0: 0x800045be (0x01f10d33) add     s10, sp, t6
core   0: 0 0x800045be (0x01f10d33) x26 0x40000220
core   0: 0x800045c2 (0xe25fa213) slti    tp, t6, -475
core   0: 0 0x800045c2 (0xe25fa213) x4  0x00000000
core   0: 0x800045c6 (0x00a2c133) xor     sp, t0, a0
core   0: 0 0x800045c6 (0x00a2c133) x2  0x000002b0
core   0: 0x800045ca (0x03572533) mulhsu  a0, a4, s5
core   0: 0 0x800045ca (0x03572533) x10 0x00000000
core   0: 0x800045ce (0x00000001) c.nop
core   0: 0 0x800045ce (0x0001)
core   0: 0x800045d0 (0x01421a33) sll     s4, tp, s4
core   0: 0 0x800045d0 (0x01421a33) x20 0x00000000
core   0: 0x800045d4 (0x006ee133) or      sp, t4, t1
core   0: 0 0x800045d4 (0x006ee133) x2  0x80000f45
core   0: 0x800045d8 (0x000088b5) c.andi  s1, 13
core   0: 0 0x800045d8 (0x88b5) x9  0x00000001
core   0: 0x800045da (0x02448133) mul     sp, s1, tp
core   0: 0 0x800045da (0x02448133) x2  0x00000000
core   0: 0x800045de (0x00000321) c.addi  t1, 8
core   0: 0 0x800045de (0x0321) x6  0x80000008
core   0: 0x800045e0 (0x01b71663) bne     a4, s11, pc + 12
core   0: 0 0x800045e0 (0x01b71663)
core   0: 0x800045e4 (0x01449cb3) sll     s9, s1, s4
core   0: 0 0x800045e4 (0x01449cb3) x25 0x00000001
core   0: 0x800045e8 (0xbe72e793) ori     a5, t0, -1049
core   0: 0 0x800045e8 (0xbe72e793) x15 0xfffffbe7
core   0: 0x800045ec (0x03127863) bgeu    tp, a7, pc + 48
core   0: 0 0x800045ec (0x03127863)
core   0: 0x800045f0 (0x0336c0b3) div     ra, a3, s3
core   0: 0 0x800045f0 (0x0336c0b3) x1  0xff555852
core   0: 0x800045f4 (0x0000100f) fence.i
core   0: 0 0x800045f4 (0x0000100f)
core   0: 0x800045f8 (0x00001c04) c.addi4spn s1, sp, 560
core   0: 0 0x800045f8 (0x1c04) x9  0x00000230
core   0: 0x800045fa (0x0177f4b3) and     s1, a5, s7
core   0: 0 0x800045fa (0x0177f4b3) x9  0x8001fa24
core   0: 0x800045fe (0x00979263) bne     a5, s1, pc + 4
core   0: 0 0x800045fe (0x00979263)
core   0: 0x80004602 (0x0ff0000f) fence   iorw,iorw
core   0: 0 0x80004602 (0x0ff0000f)
core   0: 0x80004606 (0x0000cd19) c.beqz  a0, pc + 30
core   0: 0 0x80004606 (0xcd19)
core   0: 0x80004624 (0xf4d42a13) slti    s4, s0, -179
core   0: 0 0x80004624 (0xf4d42a13) x20 0x00000000
core   0: 0x80004628 (0x4fc72ab7) lui     s5, 0x4fc72
core   0: 0 0x80004628 (0x4fc72ab7) x21 0x4fc72000
core   0: 0x8000462c (0x00000001) c.nop
core   0: 0 0x8000462c (0x0001)
core   0: 0x8000462e (0x00009a7d) c.andi  a2, -1
core   0: 0 0x8000462e (0x9a7d) x12 0x00000001
core   0: 0x80004630 (0x00008d5d) c.or    a0, a5
core   0: 0 0x80004630 (0x8d5d) x10 0xfffffbe7
core   0: 0x80004632 (0x2ca09417) auipc   s0, 0x2ca09
core   0: 0 0x80004632 (0x2ca09417) x8  0xaca0d632
core   0: 0x80004636 (0x00000001) c.nop
core   0: 0 0x80004636 (0x0001)
core   0: 0x80004638 (0x0088b833) sltu    a6, a7, s0
core   0: 0 0x80004638 (0x0088b833) x16 0x00000000
core   0: 0x8000463c (0x00008c65) c.and   s0, s1
core   0: 0 0x8000463c (0x8c65) x8  0x8000d220
core   0: 0x8000463e (0x000084b5) c.srai  s1, 13
core   0: 0 0x8000463e (0x84b5) x9  0xfffc000f
core   0: 0x80004640 (0x41d55db3) sra     s11, a0, t4
core   0: 0 0x80004640 (0x41d55db3) x27 0xffffffdf
core   0: 0x80004644 (0x00b023b3) slt     t2, zero, a1
core   0: 0 0x80004644 (0x00b023b3) x7  0x00000000
core   0: 0x80004648 (0x2437fb13) andi    s6, a5, 579
core   0: 0 0x80004648 (0x2437fb13) x22 0x00000243
core   0: 0x8000464c (0x025cbfb3) mulhu   t6, s9, t0
core   0: 0 0x8000464c (0x025cbfb3) x31 0x00000000
core   0: 0x80004650 (0x01f0e233) or      tp, ra, t6
core   0: 0 0x80004650 (0x01f0e233) x4  0xff555852
core   0: 0x80004654 (0x0005cf63) bltz    a1, pc + 30
core   0: 0 0x80004654 (0x0005cf63)
core   0: 0x80004672 (0x2d57b213) sltiu   tp, a5, 725
core   0: 0 0x80004672 (0x2d57b213) x4  0x00000000
core   0: 0x80004676 (0x03cc1d33) mulh    s10, s8, t3
core   0: 0 0x80004676 (0x03cc1d33) x26 0x00000000
core   0: 0x8000467a (0x0008dcb3) srl     s9, a7, zero
core   0: 0 0x8000467a (0x0008dcb3) x25 0xfffffffe
core   0: 0x8000467e (0x01a0c0b3) xor     ra, ra, s10
core   0: 0 0x8000467e (0x01a0c0b3) x1  0xff555852
core   0: 0x80004682 (0x01174eb3) xor     t4, a4, a7
core   0: 0 0x80004682 (0x01174eb3) x29 0xfffffffe
core   0: 0x80004686 (0xa15b8413) addi    s0, s7, -1515
core   0: 0 0x80004686 (0xa15b8413) x8  0x8001f839
core   0: 0x8000468a (0x00008125) c.srli  a0, 9
core   0: 0 0x8000468a (0x8125) x10 0x007ffffd
core   0: 0x8000468c (0x01dc8733) add     a4, s9, t4
core   0: 0 0x8000468c (0x01dc8733) x14 0xfffffffc
core   0: 0x80004690 (0x03d81263) bne     a6, t4, pc + 36
core   0: 0 0x80004690 (0x03d81263)
core   0: 0x800046b4 (0x003e5313) srli    t1, t3, 3
core   0: 0 0x800046b4 (0x003e5313) x6  0x00000000
core   0: 0x800046b8 (0x03914e63) blt     sp, s9, pc + 60
core   0: 0 0x800046b8 (0x03914e63)
core   0: 0x800046bc (0x01eb9713) slli    a4, s7, 30
core   0: 0 0x800046bc (0x01eb9713) x14 0x00000000
core   0: 0x800046c0 (0x0322a333) mulhsu  t1, t0, s2
core   0: 0 0x800046c0 (0x0322a333) x6  0x00000000
core   0: 0x800046c4 (0x0ff0000f) fence   iorw,iorw
core   0: 0 0x800046c4 (0x0ff0000f)
core   0: 0x800046c8 (0x03be0963) beq     t3, s11, pc + 50
core   0: 0 0x800046c8 (0x03be0963)
core   0: 0x800046cc (0x015b7d33) and     s10, s6, s5
core   0: 0 0x800046cc (0x015b7d33) x26 0x00000000
core   0: 0x800046d0 (0x03480363) beq     a6, s4, pc + 38
core   0: 0 0x800046d0 (0x03480363)
core   0: 0x800046f6 (0x00008919) c.andi  a0, 6
core   0: 0 0x800046f6 (0x8919) x10 0x00000004
core   0: 0x800046f8 (0x00001698) c.addi4spn a4, sp, 864
core   0: 0 0x800046f8 (0x1698) x14 0x00000360
core   0: 0x800046fa (0x015ddd93) srli    s11, s11, 21
core   0: 0 0x800046fa (0x015ddd93) x27 0x000007ff
core   0: 0x800046fe (0x00008369) c.srli  a4, 26
core   0: 0 0x800046fe (0x8369) x14 0x00000000
core   0: 0x80004700 (0x00e69c33) sll     s8, a3, a4
core   0: 0 0x80004700 (0x00e69c33) x24 0x80023ce4
core   0: 0x80004704 (0x00009dae) c.add   s11, a1
core   0: 0 0x80004704 (0x9dae) x27 0xf1e8b9fc
core   0: 0x80004706 (0x00c5e033) or      zero, a1, a2
core   0: 0 0x80004706 (0x00c5e033)
core   0: 0x8000470a (0x88043f93) sltiu   t6, s0, -1920
core   0: 0 0x8000470a (0x88043f93) x31 0x00000001
core   0: 0x8000470e (0x407203b3) sub     t2, tp, t2
core   0: 0 0x8000470e (0x407203b3) x7  0x00000000
core   0: 0x80004712 (0xb08d3113) sltiu   sp, s10, -1272
core   0: 0 0x80004712 (0xb08d3113) x2  0x00000001
core   0: 0x80004716 (0x00f22e33) slt     t3, tp, a5
core   0: 0 0x80004716 (0x00f22e33) x28 0x00000000
core   0: 0x8000471a (0x02b2e2b3) rem     t0, t0, a1
core   0: 0 0x8000471a (0x02b2e2b3) x5  0x00000000
core   0: 0x8000471e (0x0000100f) fence.i
core   0: 0 0x8000471e (0x0000100f)
core   0: 0x80004722 (0x0ff0000f) fence   iorw,iorw
core   0: 0 0x80004722 (0x0ff0000f)
core   0: 0x80004726 (0x03041733) mulh    a4, s0, a6
core   0: 0 0x80004726 (0x03041733) x14 0x00000000
core   0: 0x8000472a (0x01533b33) sltu    s6, t1, s5
core   0: 0 0x8000472a (0x01533b33) x22 0x00000001
core   0: 0x8000472e (0x00008bad) c.andi  a5, 11
core   0: 0 0x8000472e (0x8bad) x15 0x00000003
core   0: 0x80004730 (0x4a5be493) ori     s1, s7, 1189
core   0: 0 0x80004730 (0x4a5be493) x9  0x8001fea5
core   0: 0x80004734 (0x01d2ea63) bltu    t0, t4, pc + 20
core   0: 0 0x80004734 (0x01d2ea63)
core   0: 0x80004748 (0x00ea3a33) sltu    s4, s4, a4
core   0: 0 0x80004748 (0x00ea3a33) x20 0x00000000
core   0: 0x8000474c (0x41a1de13) srai    t3, gp, 26
core   0: 0 0x8000474c (0x41a1de13) x28 0x00000000
core   0: 0x80004750 (0x00e4d763) bge     s1, a4, pc + 14
core   0: 0 0x80004750 (0x00e4d763)
core   0: 0x80004754 (0x00008149) c.srli  a0, 18
core   0: 0 0x80004754 (0x8149) x10 0x00000000
core   0: 0x80004756 (0x00897133) and     sp, s2, s0
core   0: 0 0x80004756 (0x00897133) x2  0x00007800
core   0: 0x8000475a (0xc6d68493) addi    s1, a3, -915
core   0: 0 0x8000475a (0xc6d68493) x9  0x80023951
core   0: 0x8000475e (0x45c43e93) sltiu   t4, s0, 1116
core   0: 0 0x8000475e (0x45c43e93) x29 0x00000000
core   0: 0x80004762 (0xe7122493) slti    s1, tp, -399
core   0: 0 0x80004762 (0xe7122493) x9  0x00000000
core   0: 0x80004766 (0xffe6ec93) ori     s9, a3, -2
core   0: 0 0x80004766 (0xffe6ec93) x25 0xfffffffe
core   0: 0x8000476a (0x00a142b3) xor     t0, sp, a0
core   0: 0 0x8000476a (0x00a142b3) x5  0x00007800
core   0: 0x8000476e (0x0000717d) c.addi16sp sp, -16
core   0: 0 0x8000476e (0x717d) x2  0x000077f0
core   0: 0x80004770 (0x03eadd33) divu    s10, s5, t5
core   0: 0 0x80004770 (0x03eadd33) x26 0x00000000
core   0: 0x80004774 (0x0242b633) mulhu   a2, t0, tp
core   0: 0 0x80004774 (0x0242b633) x12 0x00000000
core   0: 0x80004778 (0x03c25863) bge     tp, t3, pc + 48
core   0: 0 0x80004778 (0x03c25863)
core   0: 0x800047a8 (0x02941ab3) mulh    s5, s0, s1
core   0: 0 0x800047a8 (0x02941ab3) x21 0x00000000
core   0: 0x800047ac (0x0000816d) c.srli  a0, 27
core   0: 0 0x800047ac (0x816d) x10 0x00000000
core   0: 0x800047ae (0x80194113) xori    sp, s2, -2047
core   0: 0 0x800047ae (0x80194113) x2  0x85d38741
core   0: 0x800047b2 (0x908eee13) ori     t3, t4, -1784
core   0: 0 0x800047b2 (0x908eee13) x28 0xfffff908
core   0: 0x800047b6 (0x0ff0000f) fence   iorw,iorw
core   0: 0 0x800047b6 (0x0ff0000f)
core   0: 0x800047ba (0x00008c8d) c.sub   s1, a1
core   0: 0 0x800047ba (0x8c8d) x9  0x0e174e03
core   0: 0x800047bc (0x037564b3) rem     s1, a0, s7
core   0: 0 0x800047bc (0x037564b3) x9  0x00000000
core   0: 0x800047c0 (0x0ff0000f) fence   iorw,iorw
core   0: 0 0x800047c0 (0x0ff0000f)
core   0: 0x800047c4 (0xeac8d537) lui     a0, 0xeac8d
core   0: 0 0x800047c4 (0xeac8d537) x10 0xeac8d000
core   0: 0x800047c8 (0x01bd5863) bge     s10, s11, pc + 16
core   0: 0 0x800047c8 (0x01bd5863)
core   0: 0x800047d8 (0x00008e41) c.or    a2, s0
core   0: 0 0x800047d8 (0x8e41) x12 0x8001f839
core   0: 0x800047da (0x000063b1) c.lui   t2, 0xc
core   0: 0 0x800047da (0x63b1) x7  0x0000c000
core   0: 0x800047dc (0x0000055d) c.addi  a0, 23
core   0: 0 0x800047dc (0x055d) x10 0xeac8d017
core   0: 0x800047de (0x0056dd13) srli    s10, a3, 5
core   0: 0 0x800047de (0x0056dd13) x26 0x040011e7
core   0: 0x800047e2 (0x007d1333) sll     t1, s10, t2
core   0: 0 0x800047e2 (0x007d1333) x6  0x040011e7
core   0: 0x800047e6 (0x03056933) rem     s2, a0, a6
core   0: 0 0x800047e6 (0x03056933) x18 0xeac8d017
core   0: 0x800047ea (0x41340f33) sub     t5, s0, s3
core   0: 0 0x800047ea (0x41340f33) x30 0x8001f779
core   0: 0x800047ee (0x015f1a13) slli    s4, t5, 21
core   0: 0 0x800047ee (0x015f1a13) x20 0xef200000
core   0: 0x800047f2 (0x02a331b3) mulhu   gp, t1, a0
core   0: 0 0x800047f2 (0x02a331b3) x3  0x03ab33ab
core   0: 0x800047f6 (0x142b2e13) slti    t3, s6, 322
core   0: 0 0x800047f6 (0x142b2e13) x28 0x00000001
core   0: 0x800047fa (0x0026bdb3) sltu    s11, a3, sp
core   0: 0 0x800047fa (0x0026bdb3) x27 0x00000001
core   0: 0x800047fe (0x00000509) c.addi  a0, 2
core   0: 0 0x800047fe (0x0509) x10 0xeac8d019
core   0: 0x80004800 (0x00cfcb33) xor     s6, t6, a2
core   0: 0 0x80004800 (0x00cfcb33) x22 0x8001f838
core   0: 0x80004804 (0x00000001) c.nop
core   0: 0 0x80004804 (0x0001)
core   0: 0x80004806 (0x00008966) c.mv    s2, s9
core   0: 0 0x80004806 (0x8966) x18 0xfffffffe
core   0: 0x80004808 (0x0000147d) c.addi  s0, -1
core   0: 0 0x80004808 (0x147d) x8  0x8001f838
core   0: 0x8000480a (0x03026f33) rem     t5, tp, a6
core   0: 0 0x8000480a (0x03026f33) x30 0x00000000
core   0: 0x8000480e (0x0000717d) c.addi16sp sp, -16
core   0: 0 0x8000480e (0x717d) x2  0x85d38731
core   0: 0x80004810 (0x00008fd9) c.or    a5, a4
core   0: 0 0x80004810 (0x8fd9) x15 0x00000003
core   0: 0x80004812 (0x40930533) sub     a0, t1, s1
core   0: 0 0x80004812 (0x40930533) x10 0x040011e7
core   0: 0x80004816 (0x0c200393) li      t2, 194
core   0: 0 0x80004816 (0x0c200393) x7  0x000000c2
core   0: 0x8000481a (0x41575913) srai    s2, a4, 21
core   0: 0 0x8000481a (0x41575913) x18 0x00000000
core   0: 0x8000481e (0x00008515) c.srai  a0, 5
core   0: 0 0x8000481e (0x8515) x10 0x0020008f
core   0: 0x80004820 (0xe8ab3313) sltiu   t1, s6, -374
core   0: 0 0x80004820 (0xe8ab3313) x6  0x00000001
core   0: 0x80004824 (0x00008aa6) c.mv    s5, s1
core   0: 0 0x80004824 (0x8aa6) x21 0x00000000
core   0: 0x80004826 (0x02465d33) divu    s10, a2, tp
core   0: 0 0x80004826 (0x02465d33) x26 0xffffffff
core   0: 0x8000482a (0x039b1263) bne     s6, s9, pc + 36
core   0: 0 0x8000482a (0x039b1263)
core   0: 0x8000484e (0xe29f7113) andi    sp, t5, -471
core   0: 0 0x8000484e (0xe29f7113) x2  0x00000000
core   0: 0x80004852 (0x000087ad) c.srai  a5, 11
core   0: 0 0x80004852 (0x87ad) x15 0x00000000
core   0: 0x80004854 (0xb71fa897) auipc   a7, 0xb71fa
core   0: 0 0x80004854 (0xb71fa897) x17 0x371fe854
core   0: 0x80004858 (0x00000001) c.nop
core   0: 0 0x80004858 (0x0001)
core   0: 0x8000485a (0x030c10b3) mulh    ra, s8, a6
core   0: 0 0x8000485a (0x030c10b3) x1  0x00000000
core   0: 0x8000485e (0x02e3dc33) divu    s8, t2, a4
core   0: 0 0x8000485e (0x02e3dc33) x24 0xffffffff
core   0: 0x80004862 (0x00008b0a) c.mv    s6, sp
core   0: 0 0x80004862 (0x8b0a) x22 0x00000000
core   0: 0x80004864 (0x163cfe93) andi    t4, s9, 355
core   0: 0 0x80004864 (0x163cfe93) x29 0x00000162
core   0: 0x80004868 (0x039e83b3) mul     t2, t4, s9
core   0: 0 0x80004868 (0x039e83b3) x7  0xfffffd3c
core   0: 0x8000486c (0x0000990a) c.add   s2, sp
core   0: 0 0x8000486c (0x990a) x18 0x00000000
core   0: 0x8000486e (0x03466b33) rem     s6, a2, s4
core   0: 0 0x8000486e (0x03466b33) x22 0xf621f839
core   0: 0x80004872 (0x4134d993) srai    s3, s1, 19
core   0: 0 0x80004872 (0x4134d993) x19 0x00000000
core   0: 0x80004876 (0x00008bdd) c.andi  a5, 23
core   0: 0 0x80004876 (0x8bdd) x15 0x00000000
core   0: 0x80004878 (0x014dc633) xor     a2, s11, s4
core   0: 0 0x80004878 (0x014dc633) x12 0xef200001
core   0: 0x8000487c (0x01b9d863) bge     s3, s11, pc + 16
core   0: 0 0x8000487c (0x01b9d863)
core   0: 0x80004880 (0x01a10933) add     s2, sp, s10
core   0: 0 0x80004880 (0x01a10933) x18 0xffffffff
core   0: 0x80004884 (0x03370563) beq     a4, s3, pc + 42
core   0: 0 0x80004884 (0x03370563)
core   0: 0x800048ae (0x01839d13) slli    s10, t2, 24
core   0: 0 0x800048ae (0x01839d13) x26 0x3c000000
core   0: 0x800048b2 (0xb817b893) sltiu   a7, a5, -1151
core   0: 0 0x800048b2 (0xb817b893) x17 0x00000001
core   0: 0x800048b6 (0x0000100f) fence.i
core   0: 0 0x800048b6 (0x0000100f)
core   0: 0x800048ba (0x5e83e713) ori     a4, t2, 1512
core   0: 0 0x800048ba (0x5e83e713) x14 0xfffffdfc
core   0: 0x800048be (0x0000e339) c.bnez  a4, pc + 70
core   0: 0 0x800048be (0xe339)
core   0: 0x80004904 (0x00571663) bne     a4, t0, pc + 12
core   0: 0 0x80004904 (0x00571663)
core   0: 0x80004910 (0x000099d6) c.add   s3, s5
core   0: 0 0x80004910 (0x99d6) x19 0x00000000
core   0: 0x80004912 (0x0000ea0d) c.bnez  a2, pc + 50
core   0: 0 0x80004912 (0xea0d)
core   0: 0x80004944 (0x0000717d) c.addi16sp sp, -16
core   0: 0 0x80004944 (0x717d) x2  0xfffffff0
core   0: 0x80004946 (0x41b75eb3) sra     t4, a4, s11
core   0: 0 0x80004946 (0x41b75eb3) x29 0xfffffefe
core   0: 0x8000494a (0x0000100f) fence.i
core   0: 0 0x8000494a (0x0000100f)
core   0: 0x8000494e (0x022d5d33) divu    s10, s10, sp
core   0: 0 0x8000494e (0x022d5d33) x26 0x00000000
core   0: 0x80004952 (0x02e71263) bne     a4, a4, pc + 36
core   0: 0 0x80004952 (0x02e71263)
core   0: 0x80004956 (0x00ea3a33) sltu    s4, s4, a4
core   0: 0 0x80004956 (0x00ea3a33) x20 0x00000001
core   0: 0x8000495a (0x01a47263) bgeu    s0, s10, pc + 4
core   0: 0 0x8000495a (0x01a47263)
core   0: 0x8000495e (0x000090b2) c.add   ra, a2
core   0: 0 0x8000495e (0x90b2) x1  0xef200001
core   0: 0x80004960 (0x00008dfe) c.mv    s11, t6
core   0: 0 0x80004960 (0x8dfe) x27 0x00000001
core   0: 0x80004962 (0x0073f133) and     sp, t2, t2
core   0: 0 0x80004962 (0x0073f133) x2  0xfffffd3c
core   0: 0x80004966 (0x0082ed63) bltu    t0, s0, pc + 26
core   0: 0 0x80004966 (0x0082ed63)
core   0: 0x80004980 (0x00000001) c.nop
core   0: 0 0x80004980 (0x0001)
core   0: 0x80004982 (0x0000c89d) c.beqz  s1, pc + 54
core   0: 0 0x80004982 (0xc89d)
core   0: 0x800049b8 (0x0ff0000f) fence   iorw,iorw
core   0: 0 0x800049b8 (0x0ff0000f)
core   0: 0x800049bc (0x0256ceb3) div     t4, a3, t0
core   0: 0 0x800049bc (0x0256ceb3) x29 0xfffeeef4
core   0: 0x800049c0 (0x00008f41) c.or    a4, s0
core   0: 0 0x800049c0 (0x8f41) x14 0xfffffdfc
core   0: 0x800049c2 (0x00001a88) c.addi4spn a0, sp, 368
core   0: 0 0x800049c2 (0x1a88) x10 0xfffffeac
core   0: 0x800049c4 (0x0ff0000f) fence   iorw,iorw
core   0: 0 0x800049c4 (0x0ff0000f)
core   0: 0x800049c8 (0x02f77333) remu    t1, a4, a5
core   0: 0 0x800049c8 (0x02f77333) x6  0xfffffdfc
core   0: 0x800049cc (0x016d1933) sll     s2, s10, s6
core   0: 0 0x800049cc (0x016d1933) x18 0x00000000
core   0: 0x800049d0 (0x02e808b3) mul     a7, a6, a4
core   0: 0 0x800049d0 (0x02e808b3) x17 0x00000000
core   0: 0x800049d4 (0x00008d01) c.sub   a0, s0
core   0: 0 0x800049d4 (0x8d01) x10 0x7ffe0674
core   0: 0x800049d6 (0x019f5893) srli    a7, t5, 25
core   0: 0 0x800049d6 (0x019f5893) x17 0x00000000
core   0: 0x800049da (0x00008fad) c.xor   a5, a1
core   0: 0 0x800049da (0x8fad) x15 0xf1e8b1fd
core   0: 0x800049dc (0x0103dd13) srli    s10, t2, 16
core   0: 0 0x800049dc (0x0103dd13) x26 0x0000ffff
core   0: 0x800049e0 (0xfb324713) xori    a4, tp, -77
core   0: 0 0x800049e0 (0xfb324713) x14 0xffffffb3
core   0: 0x800049e4 (0x402bd893) srai    a7, s7, 2
core   0: 0 0x800049e4 (0x402bd893) x17 0xe0007f89
core   0: 0x800049e8 (0x00006455) c.lui   s0, 0x15
core   0: 0 0x800049e8 (0x6455) x8  0x00015000
core   0: 0x800049ea (0x00001580) c.addi4spn s0, sp, 736
core   0: 0 0x800049ea (0x1580) x8  0x0000001c
core   0: 0x800049ec (0xed770093) addi    ra, a4, -297
core   0: 0 0x800049ec (0xed770093) x1  0xfffffe8a
core   0: 0x800049f0 (0x00b978b3) and     a7, s2, a1
core   0: 0 0x800049f0 (0x00b978b3) x17 0x00000000
core   0: 0x800049f4 (0x00bafe63) bgeu    s5, a1, pc + 28
core   0: 0 0x800049f4 (0x00bafe63)
core   0: 0x800049f8 (0x014e9eb3) sll     t4, t4, s4
core   0: 0 0x800049f8 (0x014e9eb3) x29 0xfffddde8
core   0: 0x800049fc (0x03c9a9b3) mulhsu  s3, s3, t3
core   0: 0 0x800049fc (0x03c9a9b3) x19 0x00000000
core   0: 0x80004a00 (0x00008f1d) c.sub   a4, a5
core   0: 0 0x80004a00 (0x8f1d) x14 0x0e174db6
core   0: 0x80004a02 (0x00008c0d) c.sub   s0, a1
core   0: 0 0x80004a02 (0x8c0d) x8  0x0e174e1f
core   0: 0x80004a04 (0x40c88f33) sub     t5, a7, a2
core   0: 0 0x80004a04 (0x40c88f33) x30 0x10dfffff
core   0: 0x80004a08 (0x0000926e) c.add   tp, s11
core   0: 0 0x80004a08 (0x926e) x4  0x00000001
core   0: 0x80004a0a (0x048a7893) andi    a7, s4, 72
core   0: 0 0x80004a0a (0x048a7893) x17 0x00000000
core   0: 0x80004a0e (0x00008275) c.srli  a2, 29
core   0: 0 0x80004a0e (0x8275) x12 0x00000007
core   0: 0x80004a10 (0x458c0013) addi    zero, s8, 1112
core   0: 0 0x80004a10 (0x458c0013)
core   0: 0x80004a14 (0xd3a5f093) andi    ra, a1, -710
core   0: 0 0x80004a14 (0xd3a5f093) x1  0xf1e8b138
core   0: 0x80004a18 (0x03f212b3) mulh    t0, tp, t6
core   0: 0 0x80004a18 (0x03f212b3) x5  0x00000000
core   0: 0x80004a1c (0x00000001) c.nop
core   0: 0 0x80004a1c (0x0001)
core   0: 0x80004a1e (0x02510d33) mul     s10, sp, t0
core   0: 0 0x80004a1e (0x02510d33) x26 0x00000000
core   0: 0x80004a22 (0x029e8f33) mul     t5, t4, s1
core   0: 0 0x80004a22 (0x029e8f33) x30 0x00000000
core   0: 0x80004a26 (0x00000001) c.nop
core   0: 0 0x80004a26 (0x0001)
core   0: 0x80004a28 (0x00000480) c.addi4spn s0, sp, 576
core   0: 0 0x80004a28 (0x0480) x8  0xffffff7c
core   0: 0x80004a2a (0x00008ff9) c.and   a5, a4
core   0: 0 0x80004a2a (0x8ff9) x15 0x000001b4
core   0: 0x80004a2c (0x01d1eb33) or      s6, gp, t4
core   0: 0 0x80004a2c (0x01d1eb33) x22 0xffffffeb
core   0: 0x80004a30 (0x0000100f) fence.i
core   0: 0 0x80004a30 (0x0000100f)
core   0: 0x80004a34 (0x0000983a) c.add   a6, a4
core   0: 0 0x80004a34 (0x983a) x16 0x0e174db6
core   0: 0x80004a36 (0xb4b6e013) ori     zero, a3, -1205
core   0: 0 0x80004a36 (0xb4b6e013)
core   0: 0x80004a3a (0x19694897) auipc   a7, 0x19694
core   0: 0 0x80004a3a (0x19694897) x17 0x99698a3a
core   0: 0x80004a3e (0x0000e021) c.bnez  s0, pc + 64
core   0: 0 0x80004a3e (0xe021)
core   0: 0x80004a7e (0x0104e033) or      zero, s1, a6
core   0: 0 0x80004a7e (0x0104e033)
core   0: 0x80004a82 (0x03249b33) mulh    s6, s1, s2
core   0: 0 0x80004a82 (0x03249b33) x22 0x00000000
core   0: 0x80004a86 (0x02d5fd33) remu    s10, a1, a3
core   0: 0 0x80004a86 (0x02d5fd33) x26 0x71e67519
core   0: 0x80004a8a (0x0000615d) c.addi16sp sp, 432
core   0: 0 0x80004a8a (0x615d) x2  0xfffffeec
core   0: 0x80004a8c (0x00004969) c.li    s2, 26
core   0: 0 0x80004a8c (0x4969) x18 0x0000001a
core   0: 0x80004a8e (0x00008655) c.srai  a2, 21
core   0: 0 0x80004a8e (0x8655) x12 0x00000000
core   0: 0x80004a90 (0x40a9da93) srai    s5, s3, 10
core   0: 0 0x80004a90 (0x40a9da93) x21 0x00000000
core   0: 0x80004a94 (0x0229ec63) bltu    s3, sp, pc + 56
core   0: 0 0x80004a94 (0x0229ec63)
core   0: 0x80004acc (0x0000717d) c.addi16sp sp, -16
core   0: 0 0x80004acc (0x717d) x2  0xfffffedc
core   0: 0x80004ace (0x0385df33) divu    t5, a1, s8
core   0: 0 0x80004ace (0x0385df33) x30 0x00000000
core   0: 0x80004ad2 (0x00006639) c.lui   a2, 0xe
core   0: 0 0x80004ad2 (0x6639) x12 0x0000e000
core   0: 0x80004ad4 (0x00000001) c.nop
core   0: 0 0x80004ad4 (0x0001)
core   0: 0x80004ad6 (0x0000480d) c.li    a6, 3
core   0: 0 0x80004ad6 (0x480d) x16 0x00000003
core   0: 0x80004ad8 (0x00008765) c.srai  a4, 25
core   0: 0 0x80004ad8 (0x8765) x14 0x00000007
core   0: 0x80004ada (0x02b45833) divu    a6, s0, a1
core   0: 0 0x80004ada (0x02b45833) x16 0x00000001
core   0: 0x80004ade (0x01fca9b3) slt     s3, s9, t6
core   0: 0 0x80004ade (0x01fca9b3) x19 0x00000001
core   0: 0x80004ae2 (0x000d3b33) sltu    s6, s10, zero
core   0: 0 0x80004ae2 (0x000d3b33) x22 0x00000000
core   0: 0x80004ae6 (0x015f1cb3) sll     s9, t5, s5
core   0: 0 0x80004ae6 (0x015f1cb3) x25 0x00000000
core   0: 0x80004aea (0x8d5a2e13) slti    t3, s4, -1835
core   0: 0 0x80004aea (0x8d5a2e13) x28 0x00000000
core   0: 0x80004aee (0x00601763) bne     zero, t1, pc + 14
core   0: 0 0x80004aee (0x00601763)
core   0: 0x80004afc (0xd183e713) ori     a4, t2, -744
core   0: 0 0x80004afc (0xd183e713) x14 0xfffffd3c
core   0: 0x80004b00 (0x0222deb3) divu    t4, t0, sp
core   0: 0 0x80004b00 (0x0222deb3) x29 0x00000000
core   0: 0x80004b04 (0x6fe5a0b7) lui     ra, 0x6fe5a
core   0: 0 0x80004b04 (0x6fe5a0b7) x1  0x6fe5a000
core   0: 0x80004b08 (0x4198dd93) srai    s11, a7, 25
core   0: 0 0x80004b08 (0x4198dd93) x27 0xffffffcc
core   0: 0x80004b0c (0x03a1d363) bge     gp, s10, pc + 38
core   0: 0 0x80004b0c (0x03a1d363)
core   0: 0x80004b10 (0x00337cb3) and     s9, t1, gp
core   0: 0 0x80004b10 (0x00337cb3) x25 0x03ab31a8
core   0: 0x80004b14 (0x00742133) slt     sp, s0, t2
core   0: 0 0x80004b14 (0x00742133) x2  0x00000000
core   0: 0x80004b18 (0x00006259) c.lui   tp, 0x16
core   0: 0 0x80004b18 (0x6259) x4  0x00016000
core   0: 0x80004b1a (0x02841d33) mulh    s10, s0, s0
core   0: 0 0x80004b1a (0x02841d33) x26 0x00000000
core   0: 0x80004b1e (0x40525933) sra     s2, tp, t0
core   0: 0 0x80004b1e (0x40525933) x18 0x00016000
core   0: 0x80004b22 (0x9cb13893) sltiu   a7, sp, -1589
core   0: 0 0x80004b22 (0x9cb13893) x17 0x00000001
core   0: 0x80004b26 (0x00004101) c.li    sp, 0
core   0: 0 0x80004b26 (0x4101) x2  0x00000000
core   0: 0x80004b28 (0x00a3e763) bltu    t2, a0, pc + 14
core   0: 0 0x80004b28 (0x00a3e763)
core   0: 0x80004b2c (0x0000100f) fence.i
core   0: 0 0x80004b2c (0x0000100f)
core   0: 0x80004b30 (0x00008366) c.mv    t1, s9
core   0: 0 0x80004b30 (0x8366) x6  0x03ab31a8
core   0: 0x80004b32 (0x03254033) div     zero, a0, s2
core   0: 0 0x80004b32 (0x03254033)
core   0: 0x80004b36 (0x034b3033) mulhu   zero, s6, s4
core   0: 0 0x80004b36 (0x034b3033)
core   0: 0x80004b3a (0x00008371) c.srli  a4, 28
core   0: 0 0x80004b3a (0x8371) x14 0x0000000f
core   0: 0x80004b3c (0x02c7d733) divu    a4, a5, a2
core   0: 0 0x80004b3c (0x02c7d733) x14 0x00000000
core   0: 0x80004b40 (0x00008d69) c.and   a0, a0
core   0: 0 0x80004b40 (0x8d69) x10 0x7ffe0674
core   0: 0x80004b42 (0xf7656f93) ori     t6, a0, -138
core   0: 0 0x80004b42 (0xf7656f93) x31 0xffffff76
core   0: 0x80004b46 (0x000092b6) c.add   t0, a3
core   0: 0 0x80004b46 (0x92b6) x5  0x80023ce4
core   0: 0x80004b48 (0x00008e45) c.or    a2, s1
core   0: 0 0x80004b48 (0x8e45) x12 0x0000e000
core   0: 0x80004b4a (0x006b4663) blt     s6, t1, pc + 12
core   0: 0 0x80004b4a (0x006b4663)
core   0: 0x80004b56 (0x03185533) divu    a0, a6, a7
core   0: 0 0x80004b56 (0x03185533) x10 0x00000001
core   0: 0x80004b5a (0x456db913) sltiu   s2, s11, 1110
core   0: 0 0x80004b5a (0x456db913) x18 0x00000000
core   0: 0x80004b5e (0x00006311) c.lui   t1, 0x4
core   0: 0 0x80004b5e (0x6311) x6  0x00004000
core   0: 0x80004b60 (0x411854b3) sra     s1, a6, a7
core   0: 0 0x80004b60 (0x411854b3) x9  0x00000000
core   0: 0x80004b64 (0x00d1beb3) sltu    t4, gp, a3
core   0: 0 0x80004b64 (0x00d1beb3) x29 0x00000001
core   0: 0x80004b68 (0x94928e97) auipc   t4, 0x94928
core   0: 0 0x80004b68 (0x94928e97) x29 0x1492cb68
core   0: 0x80004b6c (0x003fff63) bgeu    t6, gp, pc + 30
core   0: 0 0x80004b6c (0x003fff63)
core   0: 0x80004b8a (0x00f1d763) bge     gp, a5, pc + 14
core   0: 0 0x80004b8a (0x00f1d763)
core   0: 0x80004b98 (0xd979e993) ori     s3, s3, -617
core   0: 0 0x80004b98 (0xd979e993) x19 0xfffffd97
core   0: 0x80004b9c (0x81e26f97) auipc   t6, 0x81e26
core   0: 0 0x80004b9c (0x81e26f97) x31 0x01e2ab9c
core   0: 0x80004ba0 (0x0000c209) c.beqz  a2, pc + 2
core   0: 0 0x80004ba0 (0xc209)
core   0: 0x80004ba2 (0x00008ca1) c.xor   s1, s0
core   0: 0 0x80004ba2 (0x8ca1) x9  0xffffff7c
core   0: 0x80004ba4 (0xd1b10637) lui     a2, 0xd1b10
core   0: 0 0x80004ba4 (0xd1b10637) x12 0xd1b10000
core   0: 0x80004ba8 (0x00008312) c.mv    t1, tp
core   0: 0 0x80004ba8 (0x8312) x6  0x00016000
core   0: 0x80004baa (0x000083b1) c.srli  a5, 12
core   0: 0 0x80004baa (0x83b1) x15 0x00000000
core   0: 0x80004bac (0x0000717d) c.addi16sp sp, -16
core   0: 0 0x80004bac (0x717d) x2  0xfffffff0
core   0: 0x80004bae (0x00008d49) c.or    a0, a0
core   0: 0 0x80004bae (0x8d49) x10 0x00000001
core   0: 0x80004bb0 (0x0000e605) c.bnez  a2, pc + 40
core   0: 0 0x80004bb0 (0xe605)
core   0: 0x80004bd8 (0x00008d79) c.and   a0, a4
core   0: 0 0x80004bd8 (0x8d79) x10 0x00000000
core   0: 0x80004bda (0xa158ca97) auipc   s5, 0xa158c
core   0: 0 0x80004bda (0xa158ca97) x21 0x21590bda
core   0: 0x80004bde (0x00004fc5) c.li    t6, 17
core   0: 0 0x80004bde (0x4fc5) x31 0x00000011
core   0: 0x80004be0 (0x0ff0000f) fence   iorw,iorw
core   0: 0 0x80004be0 (0x0ff0000f)
core   0: 0x80004be4 (0x033ffd33) remu    s10, t6, s3
core   0: 0 0x80004be4 (0x033ffd33) x26 0x00000011
core   0: 0x80004be8 (0x072df163) bgeu    s11, s2, pc + 98
core   0: 0 0x80004be8 (0x072df163)
core   0: 0x80004c4a (0x7c848313) addi    t1, s1, 1992
core   0: 0 0x80004c4a (0x7c848313) x6  0x00000744
core   0: 0x80004c4e (0x0000100f) fence.i
core   0: 0 0x80004c4e (0x0000100f)
core   0: 0x80004c52 (0x003d82b3) add     t0, s11, gp
core   0: 0 0x80004c52 (0x003d82b3) x5  0x03ab3377
core   0: 0x80004c56 (0x0292fa33) remu    s4, t0, s1
core   0: 0 0x80004c56 (0x0292fa33) x20 0x03ab3377
core   0: 0x80004c5a (0x018ae733) or      a4, s5, s8
core   0: 0 0x80004c5a (0x018ae733) x14 0xffffffff
core   0: 0x80004c5e (0x03abe1b3) rem     gp, s7, s10
core   0: 0 0x80004c5e (0x03abe1b3) x3  0xfffffff9
core   0: 0x80004c62 (0x42550a13) addi    s4, a0, 1061
core   0: 0 0x80004c62 (0x42550a13) x20 0x00000425
core   0: 0x80004c66 (0x006fcd63) blt     t6, t1, pc + 26
core   0: 0 0x80004c66 (0x006fcd63)
core   0: 0x80004c80 (0x0000717d) c.addi16sp sp, -16
core   0: 0 0x80004c80 (0x717d) x2  0xffffffe0
core   0: 0x80004c82 (0x0ff0000f) fence   iorw,iorw
core   0: 0 0x80004c82 (0x0ff0000f)
core   0: 0x80004c86 (0x41f45893) srai    a7, s0, 31
core   0: 0 0x80004c86 (0x41f45893) x17 0xffffffff
core   0: 0x80004c8a (0x00001cfd) c.addi  s9, -1
core   0: 0 0x80004c8a (0x1cfd) x25 0x03ab31a7
core   0: 0x80004c8c (0x02ac5063) bge     s8, a0, pc + 32
core   0: 0 0x80004c8c (0x02ac5063)
core   0: 0x80004c90 (0x00111d93) slli    s11, sp, 1
core   0: 0 0x80004c90 (0x00111d93) x27 0xffffffc0
core   0: 0x80004c94 (0x00b5a433) slt     s0, a1, a1
core   0: 0 0x80004c94 (0x00b5a433) x8  0x00000000
core   0: 0x80004c98 (0x010468b3) or      a7, s0, a6
core   0: 0 0x80004c98 (0x010468b3) x17 0x00000001
core   0: 0x80004c9c (0x02ab1eb3) mulh    t4, s6, a0
core   0: 0 0x80004c9c (0x02ab1eb3) x29 0x00000000
core   0: 0x80004ca0 (0x0145c233) xor     tp, a1, s4
core   0: 0 0x80004ca0 (0x0145c233) x4  0xf1e8b5d8
core   0: 0x80004ca4 (0x0ff0000f) fence   iorw,iorw
core   0: 0 0x80004ca4 (0x0ff0000f)
core   0: 0x80004ca8 (0x00008d55) c.or    a0, a3
core   0: 0 0x80004ca8 (0x8d55) x10 0x80023ce4
core   0: 0x80004caa (0x0000197d) c.addi  s2, -1
core   0: 0 0x80004caa (0x197d) x18 0xffffffff
core   0: 0x80004cac (0x022bfc33) remu    s8, s7, sp
core   0: 0 0x80004cac (0x022bfc33) x24 0x8001fe24
core   0: 0x80004cb0 (0xc6f9bf97) auipc   t6, 0xc6f9b
core   0: 0 0x80004cb0 (0xc6f9bf97) x31 0x46f9fcb0
core   0: 0x80004cb4 (0x00008149) c.srli  a0, 18
core   0: 0 0x80004cb4 (0x8149) x10 0x00002000
core   0: 0x80004cb6 (0x000008e2) c.slli  a7, 24
core   0: 0 0x80004cb6 (0x08e2) x17 0x01000000
core   0: 0x80004cb8 (0x0000ea01) c.bnez  a2, pc + 16
core   0: 0 0x80004cb8 (0xea01)
core   0: 0x80004cc8 (0x01462233) slt     tp, a2, s4
core   0: 0 0x80004cc8 (0x01462233) x4  0x00000001
core   0: 0x80004ccc (0x030c8433) mul     s0, s9, a6
core   0: 0 0x80004ccc (0x030c8433) x8  0x03ab31a7
core   0: 0x80004cd0 (0x72220793) addi    a5, tp, 1826
core   0: 0 0x80004cd0 (0x72220793) x15 0x00000723
core   0: 0x80004cd4 (0x0361c863) blt     gp, s6, pc + 48
core   0: 0 0x80004cd4 (0x0361c863)
core   0: 0x80004d04 (0x0000c401) c.beqz  s0, pc + 8
core   0: 0 0x80004d04 (0xc401)
core   0: 0x80004d06 (0x0351bdb3) mulhu   s11, gp, s5
core   0: 0 0x80004d06 (0x0351bdb3) x27 0x21590bd9
core   0: 0x80004d0a (0x00008c45) c.or    s0, s1
core   0: 0 0x80004d0a (0x8c45) x8  0xffffffff
core   0: 0x80004d0c (0x401c0933) sub     s2, s8, ra
core   0: 0 0x80004d0c (0x401c0933) x18 0x101c5e24
core   0: 0x80004d10 (0x00008795) c.srai  a5, 5
core   0: 0 0x80004d10 (0x8795) x15 0x00000039
core   0: 0x80004d12 (0x010b1c93) slli    s9, s6, 16
core   0: 0 0x80004d12 (0x010b1c93) x25 0x00000000
core   0: 0x80004d16 (0x0000cc05) c.beqz  s0, pc + 56
core   0: 0 0x80004d16 (0xcc05)
core   0: 0x80004d18 (0x000080e2) c.mv    ra, s8
core   0: 0 0x80004d18 (0x80e2) x1  0x8001fe24
core   0: 0x80004d1a (0x0000973a) c.add   a4, a4
core   0: 0 0x80004d1a (0x973a) x14 0xfffffffe
core   0: 0x80004d1c (0x00009f7e) c.add   t5, t6
core   0: 0 0x80004d1c (0x9f7e) x30 0x46f9fcb0
core   0: 0x80004d1e (0x0000805d) c.srli  s0, 23
core   0: 0 0x80004d1e (0x805d) x8  0x000001ff
core   0: 0x80004d20 (0x0000e719) c.bnez  a4, pc + 14
core   0: 0 0x80004d20 (0xe719)
core   0: 0x80004d2e (0x01f66f33) or      t5, a2, t6
core   0: 0 0x80004d2e (0x01f66f33) x30 0xd7f9fcb0
core   0: 0x80004d32 (0x02d63b33) mulhu   s6, a2, a3
core   0: 0 0x80004d32 (0x02d63b33) x22 0x68da5542
core   0: 0x80004d36 (0x41095f33) sra     t5, s2, a6
core   0: 0 0x80004d36 (0x41095f33) x30 0x080e2f12
core   0: 0x80004d3a (0x03017763) bgeu    sp, a6, pc + 46
core   0: 0 0x80004d3a (0x03017763)
core   0: 0x80004d68 (0x00008f15) c.sub   a4, a3
core   0: 0 0x80004d68 (0x8f15) x14 0x7ffdc31a
core   0: 0x80004d6a (0x33056713) ori     a4, a0, 816
core   0: 0 0x80004d6a (0x33056713) x14 0x00002330
core   0: 0x80004d6e (0x41a75313) srai    t1, a4, 26
core   0: 0 0x80004d6e (0x41a75313) x6  0x00000000
core   0: 0x80004d72 (0x00008e4d) c.or    a2, a1
core   0: 0 0x80004d72 (0x8e4d) x12 0xf1f9b1fd
core   0: 0x80004d74 (0xedf9b113) sltiu   sp, s3, -289
core   0: 0 0x80004d74 (0xedf9b113) x2  0x00000001
core   0: 0x80004d78 (0x0d158413) addi    s0, a1, 209
core   0: 0 0x80004d78 (0x0d158413) x8  0xf1e8b2ce
core   0: 0x80004d7c (0x00006151) c.addi16sp sp, 272
core   0: 0 0x80004d7c (0x6151) x2  0x00000111
core   0: 0x80004d7e (0x00623433) sltu    s0, tp, t1
core   0: 0 0x80004d7e (0x00623433) x8  0x00000000
core   0: 0x80004d82 (0x0000054a) c.slli  a0, 18
core   0: 0 0x80004d82 (0x054a) x10 0x80000000
core   0: 0x80004d84 (0x0000cd11) c.beqz  a0, pc + 28
core   0: 0 0x80004d84 (0xcd11)
core   0: 0x80004d86 (0x41330a33) sub     s4, t1, s3
core   0: 0 0x80004d86 (0x41330a33) x20 0x00000269
core   0: 0x80004d8a (0x026c5763) bge     s8, t1, pc + 46
core   0: 0 0x80004d8a (0x026c5763)
core   0: 0x80004d8e (0x00d184b3) add     s1, gp, a3
core   0: 0 0x80004d8e (0x00d184b3) x9  0x80023cdd
core   0: 0x80004d92 (0x00869663) bne     a3, s0, pc + 12
core   0: 0 0x80004d92 (0x00869663)
core   0: 0x80004d9e (0x0000482d) c.li    a6, 11
core   0: 0 0x80004d9e (0x482d) x16 0x0000000b
core   0: 0x80004da0 (0x03c97863) bgeu    s2, t3, pc + 48
core   0: 0 0x80004da0 (0x03c97863)
core   0: 0x80004dd0 (0x00008e65) c.and   a2, s1
core   0: 0 0x80004dd0 (0x8e65) x12 0x800030dd
core   0: 0x80004dd2 (0x00c8f033) and     zero, a7, a2
core   0: 0 0x80004dd2 (0x00c8f033)
core   0: 0x80004dd6 (0x00006131) c.addi16sp sp, 320
core   0: 0 0x80004dd6 (0x6131) x2  0x00000251
core   0: 0x80004dd8 (0x029e4363) blt     t3, s1, pc + 38
core   0: 0 0x80004dd8 (0x029e4363)
core   0: 0x80004ddc (0x023d3cb3) mulhu   s9, s10, gp
core   0: 0 0x80004ddc (0x023d3cb3) x25 0x00000010
core   0: 0x80004de0 (0x40c80c33) sub     s8, a6, a2
core   0: 0 0x80004de0 (0x40c80c33) x24 0x7fffcf2e
core   0: 0x80004de4 (0x00381ab3) sll     s5, a6, gp
core   0: 0 0x80004de4 (0x00381ab3) x21 0x16000000
core   0: 0x80004de8 (0x01195d63) bge     s2, a7, pc + 26
core   0: 0 0x80004de8 (0x01195d63)
core   0: 0x80004e02 (0x0000e791) c.bnez  a5, pc + 12
core   0: 0 0x80004e02 (0xe791)
core   0: 0x80004e0e (0x0b6ac393) xori    t2, s5, 182
core   0: 0 0x80004e0e (0x0b6ac393) x7  0x160000b6
core   0: 0x80004e12 (0x01eb50b3) srl     ra, s6, t5
core   0: 0 0x80004e12 (0x01eb50b3) x1  0x00001a36
core   0: 0x80004e16 (0x0000877d) c.srai  a4, 31
core   0: 0 0x80004e16 (0x877d) x14 0x00000000
core   0: 0x80004e18 (0x01fc80b3) add     ra, s9, t6
core   0: 0 0x80004e18 (0x01fc80b3) x1  0x46f9fcc0
core   0: 0x80004e1c (0x8ce06237) lui     tp, 0x8ce06
core   0: 0 0x80004e1c (0x8ce06237) x4  0x8ce06000
core   0: 0x80004e20 (0x01bf5733) srl     a4, t5, s11
core   0: 0 0x80004e20 (0x01bf5733) x14 0x00000004
core   0: 0x80004e24 (0x00000001) c.nop
core   0: 0 0x80004e24 (0x0001)
core   0: 0x80004e26 (0x011c1993) slli    s3, s8, 17
core   0: 0 0x80004e26 (0x011c1993) x19 0x9e5c0000
core   0: 0x80004e2a (0x0000860d) c.srai  a2, 3
core   0: 0 0x80004e2a (0x860d) x12 0xf000061b
core   0: 0x80004e2c (0x3a243437) lui     s0, 0x3a243
core   0: 0 0x80004e2c (0x3a243437) x8  0x3a243000
core   0: 0x80004e30 (0x00000001) c.nop
core   0: 0 0x80004e30 (0x0001)
core   0: 0x80004e32 (0x0000616d) c.addi16sp sp, 240
core   0: 0 0x80004e32 (0x616d) x2  0x00000341
core   0: 0x80004e34 (0x0102b633) sltu    a2, t0, a6
core   0: 0 0x80004e34 (0x0102b633) x12 0x00000000
core   0: 0x80004e38 (0x0229db33) divu    s6, s3, sp
core   0: 0 0x80004e38 (0x0229db33) x22 0x0030aadf
core   0: 0x80004e3c (0x011e1833) sll     a6, t3, a7
core   0: 0 0x80004e3c (0x011e1833) x16 0x00000000
core   0: 0x80004e40 (0x000080cd) c.srli  s1, 19
core   0: 0 0x80004e40 (0x80cd) x9  0x00001000
core   0: 0x80004e42 (0x00000918) c.addi4spn a4, sp, 144
core   0: 0 0x80004e42 (0x0918) x14 0x000003d1
core   0: 0x80004e44 (0x034d5eb3) divu    t4, s10, s4
core   0: 0 0x80004e44 (0x034d5eb3) x29 0x00000000
core   0: 0x80004e48 (0x03171c63) bne     a4, a7, pc + 56
core   0: 0 0x80004e48 (0x03171c63)
core   0: 0x80004e80 (0x0028d493) srli    s1, a7, 2
core   0: 0 0x80004e80 (0x0028d493) x9  0x00400000
core   0: 0x80004e84 (0x4074d713) srai    a4, s1, 7
core   0: 0 0x80004e84 (0x4074d713) x14 0x00008000
core   0: 0x80004e88 (0x7e1ff993) andi    s3, t6, 2017
core   0: 0 0x80004e88 (0x7e1ff993) x19 0x000004a0
core   0: 0x80004e8c (0x03d29b63) bne     t0, t4, pc + 54
core   0: 0 0x80004e8c (0x03d29b63)
core   0: 0x80004ec2 (0xcd696513) ori     a0, s2, -810
core   0: 0 0x80004ec2 (0xcd696513) x10 0xfffffef6
core   0: 0x80004ec6 (0xbe23ce93) xori    t4, t2, -1054
core   0: 0 0x80004ec6 (0xbe23ce93) x29 0xe9fffb54
core   0: 0x80004eca (0x00008862) c.mv    a6, s8
core   0: 0 0x80004eca (0x8862) x16 0x7fffcf2e
core   0: 0x80004ecc (0x371ce793) ori     a5, s9, 881
core   0: 0 0x80004ecc (0x371ce793) x15 0x00000371
core   0: 0x80004ed0 (0x403b51b3) sra     gp, s6, gp
core   0: 0 0x80004ed0 (0x403b51b3) x3  0x00000000
core   0: 0x80004ed4 (0x02110563) beq     sp, ra, pc + 42
core   0: 0 0x80004ed4 (0x02110563)
core   0: 0x80004ed8 (0x03f54d33) div     s10, a0, t6
core   0: 0 0x80004ed8 (0x03f54d33) x26 0x00000000
core   0: 0x80004edc (0x03030cb3) mul     s9, t1, a6
core   0: 0 0x80004edc (0x03030cb3) x25 0x00000000
core   0: 0x80004ee0 (0x00006afd) c.lui   s5, 0x1f
core   0: 0 0x80004ee0 (0x6afd) x21 0x0001f000
core   0: 0x80004ee2 (0x0000091c) c.addi4spn a5, sp, 144
core   0: 0 0x80004ee2 (0x091c) x15 0x000003d1
core   0: 0x80004ee4 (0x0000e109) c.bnez  a0, pc + 2
core   0: 0 0x80004ee4 (0xe109)
core   0: 0x80004ee6 (0x0145a633) slt     a2, a1, s4
core   0: 0 0x80004ee6 (0x0145a633) x12 0x00000001
core   0: 0x80004eea (0x00000cf2) c.slli  s9, 28
core   0: 0 0x80004eea (0x0cf2) x25 0x00000000
core   0: 0x80004eec (0x6b2ba337) lui     t1, 0x6b2ba
core   0: 0 0x80004eec (0x6b2ba337) x6  0x6b2ba000
core   0: 0x80004ef0 (0x03df9133) mulh    sp, t6, t4
core   0: 0 0x80004ef0 (0x03df9133) x2  0xf9e682fd
core   0: 0x80004ef4 (0x50134e93) xori    t4, t1, 1281
core   0: 0 0x80004ef4 (0x50134e93) x29 0x6b2ba501
core   0: 0x80004ef8 (0x00185363) bge     a6, ra, pc + 6
core   0: 0 0x80004ef8 (0x00185363)
core   0: 0x80004efe (0x01de3933) sltu    s2, t3, t4
core   0: 0 0x80004efe (0x01de3933) x18 0x00000001
core   0: 0x80004f02 (0x02b97533) remu    a0, s2, a1
core   0: 0 0x80004f02 (0x02b97533) x10 0x00000001
core   0: 0x80004f06 (0x003d6963) bltu    s10, gp, pc + 18
core   0: 0 0x80004f06 (0x003d6963)
core   0: 0x80004f0a (0x0110ee33) or      t3, ra, a7
core   0: 0 0x80004f0a (0x0110ee33) x28 0x47f9fcc0
core   0: 0x80004f0e (0x0000100f) fence.i
core   0: 0 0x80004f0e (0x0000100f)
core   0: 0x80004f12 (0x0000e919) c.bnez  a0, pc + 22
core   0: 0 0x80004f12 (0xe919)
core   0: 0x80004f28 (0x01b18863) beq     gp, s11, pc + 16
core   0: 0 0x80004f28 (0x01b18863)
core   0: 0x80004f2c (0xb00c2cb7) lui     s9, 0xb00c2
core   0: 0 0x80004f2c (0xb00c2cb7) x25 0xb00c2000
core   0: 0x80004f30 (0x41ead133) sra     sp, s5, t5
core   0: 0 0x80004f30 (0x41ead133) x2  0x00000000
core   0: 0x80004f34 (0x41f08e33) sub     t3, ra, t6
core   0: 0 0x80004f34 (0x41f08e33) x28 0x00000010
core   0: 0x80004f38 (0x0000100f) fence.i
core   0: 0 0x80004f38 (0x0000100f)
core   0: 0x80004f3c (0x02225f33) divu    t5, tp, sp
core   0: 0 0x80004f3c (0x02225f33) x30 0xffffffff
core   0: 0x80004f40 (0x94858393) addi    t2, a1, -1720
core   0: 0 0x80004f40 (0x94858393) x7  0xf1e8ab45
core   0: 0x80004f44 (0x015ed333) srl     t1, t4, s5
core   0: 0 0x80004f44 (0x015ed333) x6  0x6b2ba501
core   0: 0x80004f48 (0x20e1ff93) andi    t6, gp, 526
core   0: 0 0x80004f48 (0x20e1ff93) x31 0x00000000
core   0: 0x80004f4c (0xdd01b813) sltiu   a6, gp, -560
core   0: 0 0x80004f4c (0xdd01b813) x16 0x00000001
core   0: 0x80004f50 (0x000084e5) c.srai  s1, 25
core   0: 0 0x80004f50 (0x84e5) x9  0x00000000
core   0: 0x80004f52 (0x00000284) c.addi4spn s1, sp, 320
core   0: 0 0x80004f52 (0x0284) x9  0x00000140
core   0: 0x80004f54 (0xb15bfe97) auipc   t4, 0xb15bf
core   0: 0 0x80004f54 (0xb15bfe97) x29 0x315c3f54
core   0: 0x80004f58 (0x03180b63) beq     a6, a7, pc + 54
core   0: 0 0x80004f58 (0x03180b63)
core   0: 0x80004f5c (0x03641f33) mulh    t5, s0, s6
core   0: 0 0x80004f5c (0x03641f33) x30 0x000b0d97
core   0: 0x80004f60 (0x03c0c333) div     t1, ra, t3
core   0: 0 0x80004f60 (0x03c0c333) x6  0x046f9fcc
core   0: 0x80004f64 (0x03d0fd63) bgeu    ra, t4, pc + 58
core   0: 0 0x80004f64 (0x03d0fd63)
core   0: 0x80004f9e (0x01111b13) slli    s6, sp, 17
core   0: 0 0x80004f9e (0x01111b13) x22 0x00000000
core   0: 0x80004fa2 (0x01e1ce33) xor     t3, gp, t5
core   0: 0 0x80004fa2 (0x01e1ce33) x28 0x000b0d97
core   0: 0x80004fa6 (0x00b06033) or      zero, zero, a1
core   0: 0 0x80004fa6 (0x00b06033)
core   0: 0x80004faa (0x00008ea6) c.mv    t4, s1
core   0: 0 0x80004faa (0x8ea6) x29 0x00000140
core   0: 0x80004fac (0x030c42b3) div     t0, s8, a6
core   0: 0 0x80004fac (0x030c42b3) x5  0x7fffcf2e
core   0: 0x80004fb0 (0x000092a2) c.add   t0, s0
core   0: 0 0x80004fb0 (0x92a2) x5  0xba23ff2e
core   0: 0x80004fb2 (0x00008e86) c.mv    t4, ra
core   0: 0 0x80004fb2 (0x8e86) x29 0x46f9fcc0
core   0: 0x80004fb4 (0x00008e21) c.xor   a2, s0
core   0: 0 0x80004fb4 (0x8e21) x12 0x3a243001
core   0: 0x80004fb6 (0x00000190) c.addi4spn a2, sp, 192
core   0: 0 0x80004fb6 (0x0190) x12 0x000000c0
core   0: 0x80004fb8 (0x026b9c33) mulh    s8, s7, t1
core   0: 0 0x80004fb8 (0x026b9c33) x24 0xfdc838f1
core   0: 0x80004fbc (0x03846833) rem     a6, s0, s8
core   0: 0 0x80004fbc (0x03846833) x16 0x0079f87a
core   0: 0x80004fc0 (0x00000f0d) c.addi  t5, 3
core   0: 0 0x80004fc0 (0x0f0d) x30 0x000b0d9a
core   0: 0x80004fc2 (0x030c7863) bgeu    s8, a6, pc + 48
core   0: 0 0x80004fc2 (0x030c7863)
core   0: 0x80004ff2 (0x0000e319) c.bnez  a4, pc + 6
core   0: 0 0x80004ff2 (0xe319)
core   0: 0x80004ff8 (0x02a53433) mulhu   s0, a0, a0
core   0: 0 0x80004ff8 (0x02a53433) x8  0x00000000
core   0: 0x80004ffc (0x00009966) c.add   s2, s9
core   0: 0 0x80004ffc (0x9966) x18 0xb00c2001
core   0: 0x80004ffe (0x0065fd33) and     s10, a1, t1
core   0: 0 0x80004ffe (0x0065fd33) x26 0x006891cc
core   0: 0x80005002 (0xec09f313) andi    t1, s3, -320
core   0: 0 0x80005002 (0xec09f313) x6  0x00000480
core   0: 0x80005006 (0x00000001) c.nop
core   0: 0 0x80005006 (0x0001)
core   0: 0x80005008 (0x01a78133) add     sp, a5, s10
core   0: 0 0x80005008 (0x01a78133) x2  0x0068959d
core   0: 0x8000500c (0x00008f91) c.sub   a5, a2
core   0: 0 0x8000500c (0x8f91) x15 0x00000311
core   0: 0x8000500e (0x006c0563) beq     s8, t1, pc + 10
core   0: 0 0x8000500e (0x006c0563)
core   0: 0x80005012 (0x00008d29) c.xor   a0, a0
core   0: 0 0x80005012 (0x8d29) x10 0x00000000
core   0: 0x80005014 (0x0ff0000f) fence   iorw,iorw
core   0: 0 0x80005014 (0x0ff0000f)
core   0: 0x80005018 (0x01e56263) bltu    a0, t5, pc + 4
core   0: 0 0x80005018 (0x01e56263)
core   0: 0x8000501c (0x0000100f) fence.i
core   0: 0 0x8000501c (0x0000100f)
core   0: 0x80005020 (0x037f0c63) beq     t5, s7, pc + 56
core   0: 0 0x80005020 (0x037f0c63)
core   0: 0x80005024 (0x00008791) c.srai  a5, 4
core   0: 0 0x80005024 (0x8791) x15 0x00000031
core   0: 0x80005026 (0x0162eeb3) or      t4, t0, s6
core   0: 0 0x80005026 (0x0162eeb3) x29 0xba23ff2e
core   0: 0x8000502a (0xacf7f493) andi    s1, a5, -1329
core   0: 0 0x8000502a (0xacf7f493) x9  0x00000001
core   0: 0x8000502e (0x028d5463) bge     s10, s0, pc + 40
core   0: 0 0x8000502e (0x028d5463)
core   0: 0x80005056 (0x0000167d) c.addi  a2, -1
core   0: 0 0x80005056 (0x167d) x12 0x000000bf
core   0: 0x80005058 (0x00004f51) c.li    t5, 20
core   0: 0 0x80005058 (0x4f51) x30 0x00000014
core   0: 0x8000505a (0x02725a33) divu    s4, tp, t2
core   0: 0 0x8000505a (0x02725a33) x20 0x00000000
core   0: 0x8000505e (0x3f3a6b13) ori     s6, s4, 1011
core   0: 0 0x8000505e (0x3f3a6b13) x22 0x000003f3
core   0: 0x80005062 (0x8f2b7337) lui     t1, 0x8f2b7
core   0: 0 0x80005062 (0x8f2b7337) x6  0x8f2b7000
core   0: 0x80005066 (0x00000001) c.nop
core   0: 0 0x80005066 (0x0001)
core   0: 0x80005068 (0x00001e88) c.addi4spn a0, sp, 880
core   0: 0 0x80005068 (0x1e88) x10 0x0068990d
core   0: 0x8000506a (0x0000ed09) c.bnez  a0, pc + 26
core   0: 0 0x8000506a (0xed09)
core   0: 0x80005084 (0x0000996e) c.add   s2, s11
core   0: 0 0x80005084 (0x996e) x18 0xd1652bda
core   0: 0x80005086 (0x00000001) c.nop
core   0: 0 0x80005086 (0x0001)
core   0: 0x80005088 (0x53193793) sltiu   a5, s2, 1329
core   0: 0 0x80005088 (0x53193793) x15 0x00000000
core   0: 0x8000508c (0x00247633) and     a2, s0, sp
core   0: 0 0x8000508c (0x00247633) x12 0x00000000
core   0: 0x80005090 (0x0000e799) c.bnez  a5, pc + 14
core   0: 0 0x80005090 (0xe799)
core   0: 0x80005092 (0x017d0a63) beq     s10, s7, pc + 20
core   0: 0 0x80005092 (0x017d0a63)
core   0: 0x80005096 (0x00d91533) sll     a0, s2, a3
core   0: 0 0x80005096 (0x00d91533) x10 0x1652bda0
core   0: 0x8000509a (0x45a02313) slti    t1, zero, 1114
core   0: 0 0x8000509a (0x45a02313) x6  0x00000001
core   0: 0x8000509e (0x015b8e63) beq     s7, s5, pc + 28
core   0: 0 0x8000509e (0x015b8e63)
core   0: 0x800050a2 (0x03a774b3) remu    s1, a4, s10
core   0: 0 0x800050a2 (0x03a774b3) x9  0x00008000
core   0: 0x800050a6 (0x0046c9b3) xor     s3, a3, tp
core   0: 0 0x800050a6 (0x0046c9b3) x19 0x0ce25ce4
core   0: 0x800050aa (0x8e266213) ori     tp, a2, -1822
core   0: 0 0x800050aa (0x8e266213) x4  0xfffff8e2
core   0: 0x800050ae (0x000083c5) c.srli  a5, 17
core   0: 0 0x800050ae (0x83c5) x15 0x00000000
core   0: 0x800050b0 (0x008bc3b3) xor     t2, s7, s0
core   0: 0 0x800050b0 (0x008bc3b3) x7  0x8001fe24
core   0: 0x800050b4 (0x000080c9) c.srli  s1, 18
core   0: 0 0x800050b4 (0x80c9) x9  0x00000000
core   0: 0x800050b6 (0x0232a433) mulhsu  s0, t0, gp
core   0: 0 0x800050b6 (0x0232a433) x8  0x00000000
core   0: 0x800050ba (0x04f39463) bne     t2, a5, pc + 72
core   0: 0 0x800050ba (0x04f39463)
core   0: 0x80005102 (0x00000ae6) c.slli  s5, 25
core   0: 0 0x80005102 (0x0ae6) x21 0x00000000
core   0: 0x80005104 (0x03676b33) rem     s6, a4, s6
core   0: 0 0x80005104 (0x03676b33) x22 0x000001a0
core   0: 0x80005108 (0x02114d63) blt     sp, ra, pc + 58
core   0: 0 0x80005108 (0x02114d63)
core   0: 0x80005142 (0x0009f533) and     a0, s3, zero
core   0: 0 0x80005142 (0x0009f533) x10 0x00000000
core   0: 0x80005146 (0x026a2e33) mulhsu  t3, s4, t1
core   0: 0 0x80005146 (0x026a2e33) x28 0x00000000
core   0: 0x8000514a (0x0000e501) c.bnez  a0, pc + 8
core   0: 0 0x8000514a (0xe501)
core   0: 0x8000514c (0xb4775317) auipc   t1, 0xb4775
core   0: 0 0x8000514c (0xb4775317) x6  0x3477a14c
core   0: 0x80005150 (0x000000a9) c.addi  ra, 10
core   0: 0 0x80005150 (0x00a9) x1  0x46f9fcca
core   0: 0x80005152 (0x024fe493) ori     s1, t6, 36
core   0: 0 0x80005152 (0x024fe493) x9  0x00000024
core   0: 0x80005156 (0x0f684913) xori    s2, a6, 246
core   0: 0 0x80005156 (0x0f684913) x18 0x0079f88c
core   0: 0x8000515a (0x00b8bf33) sltu    t5, a7, a1
core   0: 0 0x8000515a (0x00b8bf33) x30 0x00000001
core   0: 0x8000515e (0x00008fbd) c.xor   a5, a5
core   0: 0 0x8000515e (0x8fbd) x15 0x00000000
core   0: 0x80005160 (0x03489933) mulh    s2, a7, s4
core   0: 0 0x80005160 (0x03489933) x18 0x00000000
core   0: 0x80005164 (0x01cd0ab3) add     s5, s10, t3
core   0: 0 0x80005164 (0x01cd0ab3) x21 0x006891cc
core   0: 0x80005168 (0x022fb9b3) mulhu   s3, t6, sp
core   0: 0 0x80005168 (0x022fb9b3) x19 0x00000000
core   0: 0x8000516c (0xcc914813) xori    a6, sp, -823
core   0: 0 0x8000516c (0xcc914813) x16 0xff976954
core   0: 0x80005170 (0x00008ca5) c.xor   s1, s1
core   0: 0 0x80005170 (0x8ca5) x9  0x00000000
core   0: 0x80005172 (0x0000c495) c.beqz  s1, pc + 44
core   0: 0 0x80005172 (0xc495)
core   0: 0x8000519e (0x0000ed15) c.bnez  a0, pc + 60
core   0: 0 0x8000519e (0xed15)
core   0: 0x800051a0 (0x03d92133) mulhsu  sp, s2, t4
core   0: 0 0x800051a0 (0x03d92133) x2  0x00000000
core   0: 0x800051a4 (0x000097a6) c.add   a5, s1
core   0: 0 0x800051a4 (0x97a6) x15 0x00000000
core   0: 0x800051a6 (0x0015b433) sltu    s0, a1, ra
core   0: 0 0x800051a6 (0x0015b433) x8  0x00000000
core   0: 0x800051aa (0x364bca93) xori    s5, s7, 868
core   0: 0 0x800051aa (0x364bca93) x21 0x8001fd40
core   0: 0x800051ae (0x00bb1fb3) sll     t6, s6, a1
core   0: 0 0x800051ae (0x00bb1fb3) x31 0x00000000
core   0: 0x800051b2 (0x00008d41) c.or    a0, s0
core   0: 0 0x800051b2 (0x8d41) x10 0x00000000
core   0: 0x800051b4 (0x3a86a993) slti    s3, a3, 936
core   0: 0 0x800051b4 (0x3a86a993) x19 0x00000001
core   0: 0x800051b8 (0x00008fc1) c.or    a5, s0
core   0: 0 0x800051b8 (0x8fc1) x15 0x00000000
core   0: 0x800051ba (0x0000877d) c.srai  a4, 31
core   0: 0 0x800051ba (0x877d) x14 0x00000000
core   0: 0x800051bc (0x00008f26) c.mv    t5, s1
core   0: 0 0x800051bc (0x8f26) x30 0x00000000
core   0: 0x800051be (0x03a3ee63) bltu    t2, s10, pc + 60
core   0: 0 0x800051be (0x03a3ee63)
core   0: 0x800051c2 (0x01ac4833) xor     a6, s8, s10
core   0: 0 0x800051c2 (0x01ac4833) x16 0xfda0a93d
core   0: 0x800051c6 (0x00001a1c) c.addi4spn a5, sp, 304
core   0: 0 0x800051c6 (0x1a1c) x15 0x00000130
core   0: 0x800051c8 (0x00000001) c.nop
core   0: 0 0x800051c8 (0x0001)
core   0: 0x800051ca (0x1292dd17) auipc   s10, 0x1292d
core   0: 0 0x800051ca (0x1292dd17) x26 0x929321ca
core   0: 0x800051ce (0x00008b89) c.andi  a5, 2
core   0: 0 0x800051ce (0x8b89) x15 0x00000000
core   0: 0x800051d0 (0x01e21f93) slli    t6, tp, 30
core   0: 0 0x800051d0 (0x01e21f93) x31 0x80000000
core   0: 0x800051d4 (0x039b5ab3) divu    s5, s6, s9
core   0: 0 0x800051d4 (0x039b5ab3) x21 0x00000000
core   0: 0x800051d8 (0x0000e489) c.bnez  s1, pc + 10
core   0: 0 0x800051d8 (0xe489)
core   0: 0x800051da (0xb45f3913) sltiu   s2, t5, -1211
core   0: 0 0x800051da (0xb45f3913) x18 0x00000001
core   0: 0x800051de (0x00009a56) c.add   s4, s5
core   0: 0 0x800051de (0x9a56) x20 0x00000000
core   0: 0x800051e0 (0x00008f05) c.sub   a4, s1
core   0: 0 0x800051e0 (0x8f05) x14 0x00000000
core   0: 0x800051e2 (0x03a69c33) mulh    s8, a3, s10
core   0: 0 0x800051e2 (0x03a69c33) x24 0x36b57a3a
core   0: 0x800051e6 (0x0000837d) c.srli  a4, 31
core   0: 0 0x800051e6 (0x837d) x14 0x00000000
core   0: 0x800051e8 (0x00008efe) c.mv    t4, t6
core   0: 0 0x800051e8 (0x8efe) x29 0x80000000
core   0: 0x800051ea (0x08e5ce93) xori    t4, a1, 142
core   0: 0 0x800051ea (0x08e5ce93) x29 0xf1e8b173
core   0: 0x800051ee (0x01791613) slli    a2, s2, 23
core   0: 0 0x800051ee (0x01791613) x12 0x00800000
core   0: 0x800051f2 (0x00008b35) c.andi  a4, 13
core   0: 0 0x800051f2 (0x8b35) x14 0x00000000
core   0: 0x800051f4 (0x00008d39) c.xor   a0, a4
core   0: 0 0x800051f4 (0x8d39) x10 0x00000000
core   0: 0x800051f6 (0x011dc663) blt     s11, a7, pc + 12
core   0: 0 0x800051f6 (0x011dc663)
core   0: 0x800051fa (0x00008429) c.srai  s0, 10
core   0: 0 0x800051fa (0x8429) x8  0x00000000
core   0: 0x800051fc (0x9e720313) addi    t1, tp, -1561
core   0: 0 0x800051fc (0x9e720313) x6  0xfffff2c9
core   0: 0x80005200 (0x00000001) c.nop
core   0: 0 0x80005200 (0x0001)
core   0: 0x80005202 (0x00000001) c.nop
core   0: 0 0x80005202 (0x0001)
core   0: 0x80005204 (0x03f77a63) bgeu    a4, t6, pc + 52
core   0: 0 0x80005204 (0x03f77a63)
core   0: 0x80005208 (0xba148c13) addi    s8, s1, -1119
core   0: 0 0x80005208 (0xba148c13) x24 0xfffffba1
core   0: 0x8000520c (0x00008c51) c.or    s0, a2
core   0: 0 0x8000520c (0x8c51) x8  0x00800000
core   0: 0x8000520e (0x02ba54b3) divu    s1, s4, a1
core   0: 0 0x8000520e (0x02ba54b3) x9  0x00000000
core   0: 0x80005212 (0x990d4c93) xori    s9, s10, -1648
core   0: 0 0x80005212 (0x990d4c93) x25 0x6d6cd85a
core   0: 0x80005216 (0x405d5133) sra     sp, s10, t0
core   0: 0 0x80005216 (0x405d5133) x2  0xfffe4a4c
core   0: 0x8000521a (0x408cd1b3) sra     gp, s9, s0
core   0: 0 0x8000521a (0x408cd1b3) x3  0x6d6cd85a
core   0: 0x8000521e (0x013f18b3) sll     a7, t5, s3
core   0: 0 0x8000521e (0x013f18b3) x17 0x00000000
core   0: 0x80005222 (0x00000b08) c.addi4spn a0, sp, 400
core   0: 0 0x80005222 (0x0b08) x10 0xfffe4bdc
core   0: 0x80005224 (0x405d5813) srai    a6, s10, 5
core   0: 0 0x80005224 (0x405d5813) x16 0xfc94990e
core   0: 0x80005228 (0x02ee2733) mulhsu  a4, t3, a4
core   0: 0 0x80005228 (0x02ee2733) x14 0x00000000
core   0: 0x8000522c (0x0363d433) divu    s0, t2, s6
core   0: 0 0x8000522c (0x0363d433) x8  0x004ec626
core   0: 0x80005230 (0x0000c91d) c.beqz  a0, pc + 54
core   0: 0 0x80005230 (0xc91d)
core   0: 0x80005232 (0x00001cfd) c.addi  s9, -1
core   0: 0 0x80005232 (0x1cfd) x25 0x6d6cd859
core   0: 0x80005234 (0x018ad813) srli    a6, s5, 24
core   0: 0 0x80005234 (0x018ad813) x16 0x00000000
core   0: 0x80005238 (0x024089b3) mul     s3, ra, tp
core   0: 0 0x80005238 (0x024089b3) x19 0xd8cada54
core   0: 0x8000523c (0x0286fd33) remu    s10, a3, s0
core   0: 0 0x8000523c (0x0286fd33) x26 0x00003f24
core   0: 0x80005240 (0x00008419) c.srai  s0, 6
core   0: 0 0x80005240 (0x8419) x8  0x00013b18
core   0: 0x80005242 (0x001fcd63) blt     t6, ra, pc + 26
core   0: 0 0x80005242 (0x001fcd63)
core   0: 0x8000525c (0x410fd713) srai    a4, t6, 16
core   0: 0 0x8000525c (0x410fd713) x14 0xffff8000
core   0: 0x80005260 (0xabd8ef13) ori     t5, a7, -1347
core   0: 0 0x80005260 (0xabd8ef13) x30 0xfffffabd
core   0: 0x80005264 (0x0000717d) c.addi16sp sp, -16
core   0: 0 0x80005264 (0x717d) x2  0xfffe4a3c
core   0: 0x80005266 (0x01754ab3) xor     s5, a0, s7
core   0: 0 0x80005266 (0x01754ab3) x21 0x7fffb5f8
core   0: 0x8000526a (0x41d9de33) sra     t3, s3, t4
core   0: 0 0x8000526a (0x41d9de33) x28 0xfffffb19
core   0: 0x8000526e (0x00b46f63) bltu    s0, a1, pc + 30
core   0: 0 0x8000526e (0x00b46f63)
core   0: 0x8000528c (0x038868b3) rem     a7, a6, s8
core   0: 0 0x8000528c (0x038868b3) x17 0x00000000
core   0: 0x80005290 (0x04184863) blt     a6, ra, pc + 80
core   0: 0 0x80005290 (0x04184863)
core   0: 0x800052e0 (0x01f93233) sltu    tp, s2, t6
core   0: 0 0x800052e0 (0x01f93233) x4  0x00000001
core   0: 0x800052e4 (0x00000db6) c.slli  s11, 13
core   0: 0 0x800052e4 (0x0db6) x27 0x217b2000
core   0: 0x800052e6 (0x00006171) c.addi16sp sp, 336
core   0: 0 0x800052e6 (0x6171) x2  0xfffe4b8c
core   0: 0x800052e8 (0x00000001) c.nop
core   0: 0 0x800052e8 (0x0001)
core   0: 0x800052ea (0x00000001) c.nop
core   0: 0 0x800052ea (0x0001)
core   0: 0x800052ec (0xc9112413) slti    s0, sp, -879
core   0: 0 0x800052ec (0xc9112413) x8  0x00000001
core   0: 0x800052f0 (0x00037263) bgeu    t1, zero, pc + 4
core   0: 0 0x800052f0 (0x00037263)
core   0: 0x800052f4 (0x4047d1b3) sra     gp, a5, tp
core   0: 0 0x800052f4 (0x4047d1b3) x3  0x00000000
core   0: 0x800052f8 (0x00091613) slli    a2, s2, 0
core   0: 0 0x800052f8 (0x00091613) x12 0x00000001
core   0: 0x800052fc (0xe051b493) sltiu   s1, gp, -507
core   0: 0 0x800052fc (0xe051b493) x9  0x00000001
core   0: 0x80005300 (0x02cea233) mulhsu  tp, t4, a2
core   0: 0 0x80005300 (0x02cea233) x4  0xffffffff
core   0: 0x80005304 (0x00001a18) c.addi4spn a4, sp, 304
core   0: 0 0x80005304 (0x1a18) x14 0xfffe4cbc
core   0: 0x80005306 (0x00006109) c.addi16sp sp, 128
core   0: 0 0x80005306 (0x6109) x2  0xfffe4c0c
core   0: 0x80005308 (0x00006155) c.addi16sp sp, 304
core   0: 0 0x80005308 (0x6155) x2  0xfffe4d3c
core   0: 0x8000530a (0x038ecb63) blt     t4, s8, pc + 54
core   0: 0 0x8000530a (0x038ecb63)
core   0: 0x80005340 (0x00008d3d) c.xor   a0, a5
core   0: 0 0x80005340 (0x8d3d) x10 0xfffe4bdc
core   0: 0x80005342 (0x202cbc93) sltiu   s9, s9, 514
core   0: 0 0x80005342 (0x202cbc93) x25 0x00000000
core   0: 0x80005346 (0x00008e45) c.or    a2, s1
core   0: 0 0x80005346 (0x8e45) x12 0x00000001
core   0: 0x80005348 (0x00f7ea63) bltu    a5, a5, pc + 20
core   0: 0 0x80005348 (0x00f7ea63)
core   0: 0x8000534c (0x40230fb3) sub     t6, t1, sp
core   0: 0 0x8000534c (0x40230fb3) x31 0x0001a58d
core   0: 0x80005350 (0x1a07ae93) slti    t4, a5, 416
core   0: 0 0x80005350 (0x1a07ae93) x29 0x00000001
core   0: 0x80005354 (0x022020b3) mulhsu  ra, zero, sp
core   0: 0 0x80005354 (0x022020b3) x1  0x00000000
core   0: 0x80005358 (0x02be8b63) beq     t4, a1, pc + 54
core   0: 0 0x80005358 (0x02be8b63)
core   0: 0x8000535c (0x00000001) c.nop
core   0: 0 0x8000535c (0x0001)
core   0: 0x8000535e (0x01722133) slt     sp, tp, s7
core   0: 0 0x8000535e (0x01722133) x2  0x00000000
core   0: 0x80005362 (0x40ee8133) sub     sp, t4, a4
core   0: 0 0x80005362 (0x40ee8133) x2  0x0001b345
core   0: 0x80005366 (0x00952b33) slt     s6, a0, s1
core   0: 0 0x80005366 (0x00952b33) x22 0x00000001
core   0: 0x8000536a (0x001b5933) srl     s2, s6, ra
core   0: 0 0x8000536a (0x001b5933) x18 0x00000001
core   0: 0x8000536e (0x02479c33) mulh    s8, a5, tp
core   0: 0 0x8000536e (0x02479c33) x24 0x00000000
core   0: 0x80005372 (0x000043fd) c.li    t2, 31
core   0: 0 0x80005372 (0x43fd) x7  0x0000001f
core   0: 0x80005374 (0x00aa1313) slli    t1, s4, 10
core   0: 0 0x80005374 (0x00aa1313) x6  0x00000000
core   0: 0x80005378 (0x00803d33) snez    s10, s0
core   0: 0 0x80005378 (0x00803d33) x26 0x00000001
core   0: 0x8000537c (0x4ab0e213) ori     tp, ra, 1195
core   0: 0 0x8000537c (0x4ab0e213) x4  0x000004ab
core   0: 0x80005380 (0x00662eb3) slt     t4, a2, t1
core   0: 0 0x80005380 (0x00662eb3) x29 0x00000000
core   0: 0x80005384 (0x367dc393) xori    t2, s11, 871
core   0: 0 0x80005384 (0x367dc393) x7  0x217b2367
core   0: 0x80005388 (0x0000717d) c.addi16sp sp, -16
core   0: 0 0x80005388 (0x717d) x2  0x0001b335
core   0: 0x8000538a (0x02845e63) bge     s0, s0, pc + 60
core   0: 0 0x8000538a (0x02845e63)
core   0: 0x800053c6 (0x03aeae33) mulhsu  t3, t4, s10
core   0: 0 0x800053c6 (0x03aeae33) x28 0x00000000
core   0: 0x800053ca (0x00c59a13) slli    s4, a1, 12
core   0: 0 0x800053ca (0x00c59a13) x20 0x8b1fd000
core   0: 0x800053ce (0x0000cb99) c.beqz  a5, pc + 22
core   0: 0 0x800053ce (0xcb99)
core   0: 0x800053e4 (0x0ff0000f) fence   iorw,iorw
core   0: 0 0x800053e4 (0x0ff0000f)
core   0: 0x800053e8 (0x405f5433) sra     s0, t5, t0
core   0: 0 0x800053e8 (0x405f5433) x8  0xffffffff
core   0: 0x800053ec (0x00008c85) c.sub   s1, s1
core   0: 0 0x800053ec (0x8c85) x9  0x00000000
core   0: 0x800053ee (0x00006dfd) c.lui   s11, 0x1f
core   0: 0 0x800053ee (0x6dfd) x27 0x0001f000
core   0: 0x800053f0 (0x0079fd33) and     s10, s3, t2
core   0: 0 0x800053f0 (0x0079fd33) x26 0x004a0244
core   0: 0x800053f4 (0x41eb01b3) sub     gp, s6, t5
core   0: 0 0x800053f4 (0x41eb01b3) x3  0x00000544
core   0: 0x800053f8 (0x000094d6) c.add   s1, s5
core   0: 0 0x800053f8 (0x94d6) x9  0x7fffb5f8
core   0: 0x800053fa (0x0303d563) bge     t2, a6, pc + 42
core   0: 0 0x800053fa (0x0303d563)
core   0: 0x80005424 (0x6dd5a993) slti    s3, a1, 1757
core   0: 0 0x80005424 (0x6dd5a993) x19 0x00000001
core   0: 0x80005428 (0x00008cc1) c.or    s1, s0
core   0: 0 0x80005428 (0x8cc1) x9  0xffffffff
core   0: 0x8000542a (0x03785563) bge     a6, s7, pc + 42
core   0: 0 0x8000542a (0x03785563)
core   0: 0x80005454 (0x035cbeb3) mulhu   t4, s9, s5
core   0: 0 0x80005454 (0x035cbeb3) x29 0x00000000
core   0: 0x80005458 (0x00ae1993) slli    s3, t3, 10
core   0: 0 0x80005458 (0x00ae1993) x19 0x00000000
core   0: 0x8000545c (0x0031aab3) slt     s5, gp, gp
core   0: 0 0x8000545c (0x0031aab3) x21 0x00000000
core   0: 0x80005460 (0x01ae3d33) sltu    s10, t3, s10
core   0: 0 0x80005460 (0x01ae3d33) x26 0x00000001
core   0: 0x80005464 (0x000080bd) c.srli  s1, 15
core   0: 0 0x80005464 (0x80bd) x9  0x0001ffff
core   0: 0x80005466 (0x40afd4b3) sra     s1, t6, a0
core   0: 0 0x80005466 (0x40afd4b3) x9  0x00000000
core   0: 0x8000546a (0x0000e79d) c.bnez  a5, pc + 46
core   0: 0 0x8000546a (0xe79d)
core   0: 0x8000546c (0x00008fe1) c.and   a5, s0
core   0: 0 0x8000546c (0x8fe1) x15 0x00000000
core   0: 0x8000546e (0x00324563) blt     tp, gp, pc + 10
core   0: 0 0x8000546e (0x00324563)
core   0: 0x80005478 (0x02478933) mul     s2, a5, tp
core   0: 0 0x80005478 (0x02478933) x18 0x00000000
core   0: 0x8000547c (0x02afdc63) bge     t6, a0, pc + 56
core   0: 0 0x8000547c (0x02afdc63)
core   0: 0x800054b4 (0x40135a93) srai    s5, t1, 1
core   0: 0 0x800054b4 (0x40135a93) x21 0x00000000
core   0: 0x800054b8 (0x0a56fa93) andi    s5, a3, 165
core   0: 0 0x800054b8 (0x0a56fa93) x21 0x000000a4
core   0: 0x800054bc (0xf9a68f13) addi    t5, a3, -102
core   0: 0 0x800054bc (0xf9a68f13) x30 0x80023c7e
core   0: 0x800054c0 (0x000081de) c.mv    gp, s7
core   0: 0 0x800054c0 (0x81de) x3  0x8001fe24
core   0: 0x800054c2 (0x006fd133) srl     sp, t6, t1
core   0: 0 0x800054c2 (0x006fd133) x2  0x0001a58d
core   0: 0x800054c6 (0x035d6333) rem     t1, s10, s5
core   0: 0 0x800054c6 (0x035d6333) x6  0x00000001
core   0: 0x800054ca (0xf7bc38b7) lui     a7, 0xf7bc3
core   0: 0 0x800054ca (0xf7bc38b7) x17 0xf7bc3000
core   0: 0x800054ce (0x0ed23c93) sltiu   s9, tp, 237
core   0: 0 0x800054ce (0x0ed23c93) x25 0x00000000
core   0: 0x800054d2 (0x015c5f63) bge     s8, s5, pc + 30
core   0: 0 0x800054d2 (0x015c5f63)
core   0: 0x800054d6 (0x00c229b3) slt     s3, tp, a2
core   0: 0 0x800054d6 (0x00c229b3) x19 0x00000000
core   0: 0x800054da (0x00789463) bne     a7, t2, pc + 8
core   0: 0 0x800054da (0x00789463)
core   0: 0x800054e2 (0xd798f213) andi    tp, a7, -647
core   0: 0 0x800054e2 (0xd798f213) x4  0xf7bc3000
core   0: 0x800054e6 (0x4123d033) sra     zero, t2, s2
core   0: 0 0x800054e6 (0x4123d033)
core   0: 0x800054ea (0x00461c33) sll     s8, a2, tp
core   0: 0 0x800054ea (0x00461c33) x24 0x00000001
core   0: 0x800054ee (0x00008c95) c.sub   s1, a3
core   0: 0 0x800054ee (0x8c95) x9  0x7ffdc31c
core   0: 0x800054f0 (0x038147b3) div     a5, sp, s8
core   0: 0 0x800054f0 (0x038147b3) x15 0x0001a58d
core   0: 0x800054f4 (0x029c5db3) divu    s11, s8, s1
core   0: 0 0x800054f4 (0x029c5db3) x27 0x00000000
core   0: 0x800054f8 (0x00977833) and     a6, a4, s1
core   0: 0 0x800054f8 (0x00977833) x16 0x7ffc401c
core   0: 0x800054fc (0x00000001) c.nop
core   0: 0 0x800054fc (0x0001)
core   0: 0x800054fe (0x02a4da63) bge     s1, a0, pc + 52
core   0: 0 0x800054fe (0x02a4da63)
core   0: 0x80005532 (0x0000100f) fence.i
core   0: 0 0x80005532 (0x0000100f)
core   0: 0x80005536 (0x0000100f) fence.i
core   0: 0 0x80005536 (0x0000100f)
core   0: 0x8000553a (0x03c357b3) divu    a5, t1, t3
core   0: 0 0x8000553a (0x03c357b3) x15 0xffffffff
core   0: 0x8000553e (0x01a6a633) slt     a2, a3, s10
core   0: 0 0x8000553e (0x01a6a633) x12 0x00000001
core   0: 0x80005542 (0x0000c219) c.beqz  a2, pc + 6
core   0: 0 0x80005542 (0xc219)
core   0: 0x80005544 (0x00009fde) c.add   t6, s7
core   0: 0 0x80005544 (0x9fde) x31 0x8003a3b1
core   0: 0x80005546 (0x000087fd) c.srai  a5, 31
core   0: 0 0x80005546 (0x87fd) x15 0xffffffff
core   0: 0x80005548 (0x0029b4b3) sltu    s1, s3, sp
core   0: 0 0x80005548 (0x0029b4b3) x9  0x00000001
core   0: 0x8000554c (0x004ad033) srl     zero, s5, tp
core   0: 0 0x8000554c (0x004ad033)
core   0: 0x80005550 (0x00fbde13) srli    t3, s7, 15
core   0: 0 0x80005550 (0x00fbde13) x28 0x00010003
core   0: 0x80005554 (0x01447863) bgeu    s0, s4, pc + 16
core   0: 0 0x80005554 (0x01447863)
core   0: 0x80005564 (0x00008fcd) c.or    a5, a1
core   0: 0 0x80005564 (0x8fcd) x15 0xffffffff
core   0: 0x80005566 (0x00006131) c.addi16sp sp, 320
core   0: 0 0x80005566 (0x6131) x2  0x0001a6cd
core   0: 0x80005568 (0x02abc4b3) div     s1, s7, a0
core   0: 0 0x80005568 (0x02abc4b3) x9  0x00004b20
core   0: 0x8000556c (0x00008e39) c.xor   a2, a4
core   0: 0 0x8000556c (0x8e39) x12 0xfffe4cbd
core   0: 0x8000556e (0x051a8263) beq     s5, a7, pc + 68
core   0: 0 0x8000556e (0x051a8263)
core   0: 0x80005572 (0x00000001) c.nop
core   0: 0 0x80005572 (0x0001)
core   0: 0x80005574 (0x003ad563) bge     s5, gp, pc + 10
core   0: 0 0x80005574 (0x003ad563)
core   0: 0x8000557e (0x00008085) c.srli  s1, 1
core   0: 0 0x8000557e (0x8085) x9  0x00002590
core   0: 0x80005580 (0x005cefb3) or      t6, s9, t0
core   0: 0 0x80005580 (0x005cefb3) x31 0xba23ff2e
core   0: 0x80005584 (0x00009ae6) c.add   s5, s9
core   0: 0 0x80005584 (0x9ae6) x21 0x000000a4
core   0: 0x80005586 (0x01837833) and     a6, t1, s8
core   0: 0 0x80005586 (0x01837833) x16 0x00000001
core   0: 0x8000558a (0x48196393) ori     t2, s2, 1153
core   0: 0 0x8000558a (0x48196393) x7  0x00000481
core   0: 0x8000558e (0xb2d24e93) xori    t4, tp, -1235
core   0: 0 0x8000558e (0xb2d24e93) x29 0x0843cb2d
core   0: 0x80005592 (0xd9dcce13) xori    t3, s9, -611
core   0: 0 0x80005592 (0xd9dcce13) x28 0xfffffd9d
core   0: 0x80005596 (0x408f8ab3) sub     s5, t6, s0
core   0: 0 0x80005596 (0x408f8ab3) x21 0xba23ff2f
core   0: 0x8000559a (0x017ce033) or      zero, s9, s7
core   0: 0 0x8000559a (0x017ce033)
core   0: 0x8000559e (0x0384be33) mulhu   t3, s1, s8
core   0: 0 0x8000559e (0x0384be33) x28 0x00000000
core   0: 0x800055a2 (0x0000100f) fence.i
core   0: 0 0x800055a2 (0x0000100f)
core   0: 0x800055a6 (0x020971b3) remu    gp, s2, zero
core   0: 0 0x800055a6 (0x020971b3) x3  0x00000000
core   0: 0x800055aa (0x017ebd33) sltu    s10, t4, s7
core   0: 0 0x800055aa (0x017ebd33) x26 0x00000001
core   0: 0x800055ae (0x025233b3) mulhu   t2, tp, t0
core   0: 0 0x800055ae (0x025233b3) x7  0xb421908b
core   0: 0x800055b2 (0x00008025) c.srli  s0, 9
core   0: 0 0x800055b2 (0x8025) x8  0x007fffff
core   0: 0x800055b4 (0x0000cb05) c.beqz  a4, pc + 48
core   0: 0 0x800055b4 (0xcb05)
core   0: 0x800055b6 (0x417dd113) srai    sp, s11, 23
core   0: 0 0x800055b6 (0x417dd113) x2  0x00000000
core   0: 0x800055ba (0x9041ec13) ori     s8, gp, -1788
core   0: 0 0x800055ba (0x9041ec13) x24 0xfffff904
core   0: 0x800055be (0x00008e5d) c.or    a2, a5
core   0: 0 0x800055be (0x8e5d) x12 0xffffffff
core   0: 0x800055c0 (0x02080133) mul     sp, a6, zero
core   0: 0 0x800055c0 (0x02080133) x2  0x00000000
core   0: 0x800055c4 (0x0000717d) c.addi16sp sp, -16
core   0: 0 0x800055c4 (0x717d) x2  0xfffffff0
core   0: 0x800055c6 (0x00381763) bne     a6, gp, pc + 14
core   0: 0 0x800055c6 (0x00381763)
core   0: 0x800055d4 (0x006b4f63) blt     s6, t1, pc + 30
core   0: 0 0x800055d4 (0x006b4f63)
core   0: 0x800055d8 (0x00aea0b3) slt     ra, t4, a0
core   0: 0 0x800055d8 (0x00aea0b3) x1  0x00000000
core   0: 0x800055dc (0x00669563) bne     a3, t1, pc + 10
core   0: 0 0x800055dc (0x00669563)
core   0: 0x800055e6 (0x00868a33) add     s4, a3, s0
core   0: 0 0x800055e6 (0x00868a33) x20 0x80823ce3
core   0: 0x800055ea (0x007a4533) xor     a0, s4, t2
core   0: 0 0x800055ea (0x007a4533) x10 0x34a3ac68
core   0: 0x800055ee (0x00009eae) c.add   t4, a1
core   0: 0 0x800055ee (0x9eae) x29 0xfa2c7d2a
core   0: 0x800055f0 (0x0000c309) c.beqz  a4, pc + 2
core   0: 0 0x800055f0 (0xc309)
core   0: 0x800055f2 (0x03fa4063) blt     s4, t6, pc + 32
core   0: 0 0x800055f2 (0x03fa4063)
core   0: 0x80005612 (0x0000988e) c.add   a7, gp
core   0: 0 0x80005612 (0x988e) x17 0xf7bc3000
core   0: 0x80005614 (0x013bf663) bgeu    s7, s3, pc + 12
core   0: 0 0x80005614 (0x013bf663)
core   0: 0x80005620 (0x99114513) xori    a0, sp, -1647
core   0: 0 0x80005620 (0x99114513) x10 0x00000661
core   0: 0x80005624 (0x00008f45) c.or    a4, s1
core   0: 0 0x80005624 (0x8f45) x14 0xfffe6dbc
core   0: 0x80005626 (0x00a000ef) jal     pc + 0xa
core   0: 0 0x80005626 (0x00a000ef) x1  0x8000562a
core   0: 0x80005630 (0x0080036f) jal     t1, pc + 0x8
core   0: 0 0x80005630 (0x0080036f) x6  0x80005634
core   0: 0x80005638 (0x0000a009) c.j     pc + 2
core   0: 0 0x80005638 (0xa009)
core   0: 0x8000563a (0x004000ef) jal     pc + 0x4
core   0: 0 0x8000563a (0x004000ef) x1  0x8000563e
core   0: 0x8000563e (0x00003fc5) c.jal   pc - 16
core   0: 0 0x8000563e (0x3fc5) x1  0x80005640
core   0: 0x8000562e (0x00002019) c.jal   pc + 6
core   0: 0 0x8000562e (0x2019) x1  0x80005630
core   0: 0x80005634 (0x01000b6f) jal     s6, pc + 0x10
core   0: 0 0x80005634 (0x01000b6f) x22 0x80005638
core   0: 0x80005644 (0x00002011) c.jal   pc + 4
core   0: 0 0x80005644 (0x2011) x1  0x80005646
core   0: 0x80005648 (0x0000bfe5) c.j     pc - 8
core   0: 0 0x80005648 (0xbfe5)
core   0: 0x80005640 (0xfebff0ef) jal     pc - 0x16
core   0: 0 0x80005640 (0xfebff0ef) x1  0x80005644
core   0: 0x8000562a (0x01c00f6f) jal     t5, pc + 0x1c
core   0: 0 0x8000562a (0x01c00f6f) x30 0x8000562e
core   0: 0x80005646 (0x00002011) c.jal   pc + 4
core   0: 0 0x80005646 (0x2011) x1  0x80005648
core   0: 0x8000564a (0x00359713) slli    a4, a1, 3
core   0: 0 0x8000564a (0x00359713) x14 0x8f458fe8
core   0: 0x8000564e (0x0643a513) slti    a0, t2, 100
core   0: 0 0x8000564e (0x0643a513) x10 0x00000001
core   0: 0x80005652 (0x03e463b3) rem     t2, s0, t5
core   0: 0 0x80005652 (0x03e463b3) x7  0x007fffff
core   0: 0x80005656 (0x027e0b63) beq     t3, t2, pc + 54
core   0: 0 0x80005656 (0x027e0b63)
core   0: 0x8000565a (0x00009332) c.add   t1, a2
core   0: 0 0x8000565a (0x9332) x6  0x80005633
core   0: 0x8000565c (0x00008f62) c.mv    t5, s8
core   0: 0 0x8000565c (0x8f62) x30 0xfffff904
core   0: 0x8000565e (0x00008d69) c.and   a0, a0
core   0: 0 0x8000565e (0x8d69) x10 0x00000001
core   0: 0x80005660 (0x0366ad33) mulhsu  s10, a3, s6
core   0: 0 0x80005660 (0x0366ad33) x26 0xc000f356
core   0: 0x80005664 (0x0141bab3) sltu    s5, gp, s4
core   0: 0 0x80005664 (0x0141bab3) x21 0x00000001
core   0: 0x80005668 (0x00d31e93) slli    t4, t1, 13
core   0: 0 0x80005668 (0x00d31e93) x29 0x0ac66000
core   0: 0x8000566c (0x004bec33) or      s8, s7, tp
core   0: 0 0x8000566c (0x004bec33) x24 0xf7bdfe24
core   0: 0x80005670 (0x00000001) c.nop
core   0: 0 0x80005670 (0x0001)
core   0: 0x80005672 (0x023e7eb3) remu    t4, t3, gp
core   0: 0 0x80005672 (0x023e7eb3) x29 0x00000000
core   0: 0x80005676 (0x02635663) bge     t1, t1, pc + 44
core   0: 0 0x80005676 (0x02635663)
core   0: 0x800056a2 (0x016728b3) slt     a7, a4, s6
core   0: 0 0x800056a2 (0x016728b3) x17 0x00000000
core   0: 0x800056a6 (0x03fd1b33) mulh    s6, s10, t6
core   0: 0 0x800056a6 (0x03fd1b33) x22 0x1176bdcd
core   0: 0x800056aa (0x00004d81) c.li    s11, 0
core   0: 0 0x800056aa (0x4d81) x27 0x00000000
core   0: 0x800056ac (0x0000c0a1) c.beqz  s1, pc + 64
core   0: 0 0x800056ac (0xc0a1)
core   0: 0x800056ae (0x554ced13) ori     s10, s9, 1364
core   0: 0 0x800056ae (0x554ced13) x26 0x00000554
core   0: 0x800056b2 (0x01f99793) slli    a5, s3, 31
core   0: 0 0x800056b2 (0x01f99793) x15 0x00000000
core   0: 0x800056b6 (0x745e9437) lui     s0, 0x745e9
core   0: 0 0x800056b6 (0x745e9437) x8  0x745e9000
core   0: 0x800056ba (0x000060ed) c.lui   ra, 0x1b
core   0: 0 0x800056ba (0x60ed) x1  0x0001b000
core   0: 0x800056bc (0x01a46763) bltu    s0, s10, pc + 14
core   0: 0 0x800056bc (0x01a46763)
core   0: 0x800056c0 (0x000098c2) c.add   a7, a6
core   0: 0 0x800056c0 (0x98c2) x17 0x00000001
core   0: 0x800056c2 (0x0071edb3) or      s11, gp, t2
core   0: 0 0x800056c2 (0x0071edb3) x27 0x007fffff
core   0: 0x800056c6 (0x01959213) slli    tp, a1, 25
core   0: 0 0x800056c6 (0x01959213) x4  0xfa000000
core   0: 0x800056ca (0x00000001) c.nop
core   0: 0 0x800056ca (0x0001)
core   0: 0x800056cc (0x00006ac5) c.lui   s5, 0x11
core   0: 0 0x800056cc (0x6ac5) x21 0x00011000
core   0: 0x800056ce (0x0221c233) div     tp, gp, sp
core   0: 0 0x800056ce (0x0221c233) x4  0x00000000
core   0: 0x800056d2 (0xb42aee13) ori     t3, s5, -1214
core   0: 0 0x800056d2 (0xb42aee13) x28 0xfffffb42
core   0: 0x800056d6 (0x00ecb9b3) sltu    s3, s9, a4
core   0: 0 0x800056d6 (0x00ecb9b3) x19 0x00000001
core   0: 0x800056da (0x01b59033) sll     zero, a1, s11
core   0: 0 0x800056da (0x01b59033)
core   0: 0x800056de (0x018acb33) xor     s6, s5, s8
core   0: 0 0x800056de (0x018acb33) x22 0xf7bcee24
core   0: 0x800056e2 (0xd8ece317) auipc   t1, 0xd8ece
core   0: 0 0x800056e2 (0xd8ece317) x6  0x58ed36e2
core   0: 0x800056e6 (0x00008c1d) c.sub   s0, a5
core   0: 0 0x800056e6 (0x8c1d) x8  0x745e9000
core   0: 0x800056e8 (0x00008f65) c.and   a4, s1
core   0: 0 0x800056e8 (0x8f65) x14 0x00000580
core   0: 0x800056ea (0x0000617d) c.addi16sp sp, 496
core   0: 0 0x800056ea (0x617d) x2  0x000001e0
core   0: 0x800056ec (0x00000001) c.nop
core   0: 0 0x800056ec (0x0001)
core   0: 0x800056ee (0x03c7c033) div     zero, a5, t3
core   0: 0 0x800056ee (0x03c7c033)
core   0: 0x800056f2 (0x02bfbc33) mulhu   s8, t6, a1
core   0: 0 0x800056f2 (0x02bfbc33) x24 0xafe51544
core   0: 0x800056f6 (0xb3966913) ori     s2, a2, -1223
core   0: 0 0x800056f6 (0xb3966913) x18 0xffffffff
core   0: 0x800056fa (0x0000717d) c.addi16sp sp, -16
core   0: 0 0x800056fa (0x717d) x2  0x000001d0
core   0: 0x800056fc (0x024b62b3) rem     t0, s6, tp
core   0: 0 0x800056fc (0x024b62b3) x5  0xf7bcee24
core   0: 0x80005700 (0x40df8eb3) sub     t4, t6, a3
core   0: 0 0x80005700 (0x40df8eb3) x29 0x3a21c24a
core   0: 0x80005704 (0x0000c90d) c.beqz  a0, pc + 50
core   0: 0 0x80005704 (0xc90d)
core   0: 0x80005706 (0x00000001) c.nop
core   0: 0 0x80005706 (0x0001)
core   0: 0x80005708 (0xd8946413) ori     s0, s0, -631
core   0: 0 0x80005708 (0xd8946413) x8  0xfffffd89
core   0: 0x8000570c (0x00008e3d) c.xor   a2, a5
core   0: 0 0x8000570c (0x8e3d) x12 0xffffffff
core   0: 0x8000570e (0x00008125) c.srli  a0, 9
core   0: 0 0x8000570e (0x8125) x10 0x00000000
core   0: 0x80005710 (0x413b0e33) sub     t3, s6, s3
core   0: 0 0x80005710 (0x413b0e33) x28 0xf7bcee23
core   0: 0x80005714 (0x00000001) c.nop
core   0: 0 0x80005714 (0x0001)
core   0: 0x80005716 (0x0000831d) c.srli  a4, 7
core   0: 0 0x80005716 (0x831d) x14 0x0000000b
core   0: 0x80005718 (0x00009a7d) c.andi  a2, -1
core   0: 0 0x80005718 (0x9a7d) x12 0xffffffff
core   0: 0x8000571a (0x01d48cb3) add     s9, s1, t4
core   0: 0 0x8000571a (0x01d48cb3) x25 0x3a21e7da
core   0: 0x8000571e (0x00adbdb3) sltu    s11, s11, a0
core   0: 0 0x8000571e (0x00adbdb3) x27 0x00000000
core   0: 0x80005722 (0x00000001) c.nop
core   0: 0 0x80005722 (0x0001)
core   0: 0x80005724 (0x000001e2) c.slli  gp, 24
core   0: 0 0x80005724 (0x01e2) x3  0x00000000
core   0: 0x80005726 (0x01cc1893) slli    a7, s8, 28
core   0: 0 0x80005726 (0x01cc1893) x17 0x40000000
core   0: 0x8000572a (0x41770233) sub     tp, a4, s7
core   0: 0 0x8000572a (0x41770233) x4  0x7ffe01e7
core   0: 0x8000572e (0x0ff0000f) fence   iorw,iorw
core   0: 0 0x8000572e (0x0ff0000f)
core   0: 0x80005732 (0x0248ffb3) remu    t6, a7, tp
core   0: 0 0x80005732 (0x0248ffb3) x31 0x40000000
core   0: 0x80005736 (0x03baf963) bgeu    s5, s11, pc + 50
core   0: 0 0x80005736 (0x03baf963)
core   0: 0x80005768 (0x00008ff9) c.and   a5, a4
core   0: 0 0x80005768 (0x8ff9) x15 0x00000000
core   0: 0x8000576a (0x496cbd17) auipc   s10, 0x496cb
core   0: 0 0x8000576a (0x496cbd17) x26 0xc96d076a
core   0: 0x8000576e (0x40b6dc33) sra     s8, a3, a1
core   0: 0 0x8000576e (0x40b6dc33) x24 0xfffffffc
core   0: 0x80005772 (0x000098fa) c.add   a7, t5
core   0: 0 0x80005772 (0x98fa) x17 0x3ffff904
core   0: 0x80005774 (0x027c3fb3) mulhu   t6, s8, t2
core   0: 0 0x80005774 (0x027c3fb3) x31 0x007ffffe
core   0: 0x80005778 (0x03bdf133) remu    sp, s11, s11
core   0: 0 0x80005778 (0x03bdf133) x2  0x00000000
core   0: 0x8000577c (0x02014533) div     a0, sp, zero
core   0: 0 0x8000577c (0x02014533) x10 0xffffffff
core   0: 0x80005780 (0x0000c209) c.beqz  a2, pc + 2
core   0: 0 0x80005780 (0xc209)
core   0: 0x80005782 (0x4a0ba217) auipc   tp, 0x4a0ba
core   0: 0 0x80005782 (0x4a0ba217) x4  0xca0bf782
core   0: 0x80005786 (0x0111e463) bltu    gp, a7, pc + 8
core   0: 0 0x80005786 (0x0111e463)
core   0: 0x8000578e (0x0313a7b3) mulhsu  a5, t2, a7
core   0: 0 0x8000578e (0x0313a7b3) x15 0x001ffffc
core   0: 0x80005792 (0x02fd61b3) rem     gp, s10, a5
core   0: 0 0x80005792 (0x02fd61b3) x3  0xffed009a
core   0: 0x80005796 (0x00000001) c.nop
core   0: 0 0x80005796 (0x0001)
core   0: 0x80005798 (0x00008ca1) c.xor   s1, s0
core   0: 0 0x80005798 (0x8ca1) x9  0xffffd819
core   0: 0x8000579a (0x00000c98) c.addi4spn a4, sp, 592
core   0: 0 0x8000579a (0x0c98) x14 0x00000250
core   0: 0x8000579c (0x005a0233) add     tp, s4, t0
core   0: 0 0x8000579c (0x005a0233) x4  0x783f2b07
core   0: 0x800057a0 (0x0000c495) c.beqz  s1, pc + 44
core   0: 0 0x800057a0 (0xc495)
core   0: 0x800057a2 (0xd69e0493) addi    s1, t3, -663
core   0: 0 0x800057a2 (0xd69e0493) x9  0xf7bceb8c
core   0: 0x800057a6 (0x0000ea1d) c.bnez  a2, pc + 54
core   0: 0 0x800057a6 (0xea1d)
core   0: 0x800057dc (0x01f1d313) srli    t1, gp, 31
core   0: 0 0x800057dc (0x01f1d313) x6  0x00000001
core   0: 0x800057e0 (0x0000e089) c.bnez  s1, pc + 2
core   0: 0 0x800057e0 (0xe089)
core   0: 0x800057e2 (0x00009b7d) c.andi  a4, -1
core   0: 0 0x800057e2 (0x9b7d) x14 0x00000250
core   0: 0x800057e4 (0x0000587d) c.li    a6, -1
core   0: 0 0x800057e4 (0x587d) x16 0xffffffff
core   0: 0x800057e6 (0x00489613) slli    a2, a7, 4
core   0: 0 0x800057e6 (0x00489613) x12 0xffff9040
core   0: 0x800057ea (0x00006f15) c.lui   t5, 0x5
core   0: 0 0x800057ea (0x6f15) x30 0x00005000
core   0: 0x800057ec (0x017c1663) bne     s8, s7, pc + 12
core   0: 0 0x800057ec (0x017c1663)
core   0: 0x800057f8 (0x03a0bc33) mulhu   s8, ra, s10
core   0: 0 0x800057f8 (0x03a0bc33) x24 0x000153e7
core   0: 0x800057fc (0x02292233) mulhsu  tp, s2, sp
core   0: 0 0x800057fc (0x02292233) x4  0x00000000
core   0: 0x80005800 (0x00005f7d) c.li    t5, -1
core   0: 0 0x80005800 (0x5f7d) x30 0xffffffff
core   0: 0x80005802 (0x03aa1633) mulh    a2, s4, s10
core   0: 0 0x80005802 (0x03aa1633) x12 0x1b2db8ad
core   0: 0x80005806 (0x035223b3) mulhsu  t2, tp, s5
core   0: 0 0x80005806 (0x035223b3) x7  0x00000000
core   0: 0x8000580a (0x00008119) c.srli  a0, 6
core   0: 0 0x8000580a (0x8119) x10 0x03ffffff
core   0: 0x8000580c (0x00006c41) c.lui   s8, 0x10
core   0: 0 0x8000580c (0x6c41) x24 0x00010000
core   0: 0x8000580e (0x00008b56) c.mv    s6, s5
core   0: 0 0x8000580e (0x8b56) x22 0x00011000
core   0: 0x80005810 (0x032af7b3) remu    a5, s5, s2
core   0: 0 0x80005810 (0x032af7b3) x15 0x00011000
core   0: 0x80005814 (0x00009f72) c.add   t5, t3
core   0: 0 0x80005814 (0x9f72) x30 0xf7bcee22
core   0: 0x80005816 (0x24602e37) lui     t3, 0x24602
core   0: 0 0x80005816 (0x24602e37) x28 0x24602000
core   0: 0x8000581a (0x5eb5b013) sltiu   zero, a1, 1515
core   0: 0 0x8000581a (0x5eb5b013)
core   0: 0x8000581e (0x0113e8b3) or      a7, t2, a7
core   0: 0 0x8000581e (0x0113e8b3) x17 0x3ffff904
core   0: 0x80005822 (0x0189d663) bge     s3, s8, pc + 12
core   0: 0 0x80005822 (0x0189d663)
core   0: 0x80005826 (0x1a68c493) xori    s1, a7, 422
core   0: 0 0x80005826 (0x1a68c493) x9  0x3ffff8a2
core   0: 0x8000582a (0x85913613) sltiu   a2, sp, -1959
core   0: 0 0x8000582a (0x85913613) x12 0x00000001
core   0: 0x8000582e (0x00008c09) c.sub   s0, a0
core   0: 0 0x8000582e (0x8c09) x8  0xfbfffd8a
core   0: 0x80005830 (0x00000b06) c.slli  s6, 1
core   0: 0 0x80005830 (0x0b06) x22 0x00022000
core   0: 0x80005832 (0x00000ff1) c.addi  t6, 28
core   0: 0 0x80005832 (0x0ff1) x31 0x0080001a
core   0: 0x80005834 (0x00000816) c.slli  a6, 5
core   0: 0 0x80005834 (0x0816) x16 0xffffffe0
core   0: 0x80005836 (0x00008f25) c.xor   a4, s1
core   0: 0 0x80005836 (0x8f25) x14 0x3ffffaf2
core   0: 0x80005838 (0x01c7af33) slt     t5, a5, t3
core   0: 0 0x80005838 (0x01c7af33) x30 0x00000001
core   0: 0x8000583c (0x00f4a433) slt     s0, s1, a5
core   0: 0 0x8000583c (0x00f4a433) x8  0x00000000
core   0: 0x80005840 (0x0116b733) sltu    a4, a3, a7
core   0: 0 0x80005840 (0x0116b733) x14 0x00000000
core   0: 0x80005844 (0x01419e33) sll     t3, gp, s4
core   0: 0 0x80005844 (0x01419e33) x28 0xff6804d0
core   0: 0x80005848 (0x00009346) c.add   t1, a7
core   0: 0 0x80005848 (0x9346) x6  0x3ffff905
core   0: 0x8000584a (0x403d5613) srai    a2, s10, 3
core   0: 0 0x8000584a (0x403d5613) x12 0xf92da0ed
core   0: 0x8000584e (0x020228b3) mulhsu  a7, tp, zero
core   0: 0 0x8000584e (0x020228b3) x17 0x00000000
core   0: 0x80005852 (0x1a495017) auipc   zero, 0x1a495
core   0: 0 0x80005852 (0x1a495017)
core   0: 0x80005856 (0x000007bd) c.addi  a5, 15
core   0: 0 0x80005856 (0x07bd) x15 0x0001100f
core   0: 0x80005858 (0xd8897e13) andi    t3, s2, -632
core   0: 0 0x80005858 (0xd8897e13) x28 0xfffffd88
core   0: 0x8000585c (0x00008795) c.srai  a5, 5
core   0: 0 0x8000585c (0x8795) x15 0x00000880
core   0: 0x8000585e (0x0101d893) srli    a7, gp, 16
core   0: 0 0x8000585e (0x0101d893) x17 0x0000ffed
core   0: 0x80005862 (0x40b1d2b3) sra     t0, gp, a1
core   0: 0 0x80005862 (0x40b1d2b3) x5  0xffffffff
core   0: 0x80005866 (0x00006255) c.lui   tp, 0x15
core   0: 0 0x80005866 (0x6255) x4  0x00015000
core   0: 0x80005868 (0x02fdd533) divu    a0, s11, a5
core   0: 0 0x80005868 (0x02fdd533) x10 0x00000000
core   0: 0x8000586c (0x0180e963) bltu    ra, s8, pc + 18
core   0: 0 0x8000586c (0x0180e963)
core   0: 0x80005870 (0x007049b3) xor     s3, zero, t2
core   0: 0 0x80005870 (0x007049b3) x19 0x00000000
core   0: 0x80005874 (0x41e10833) sub     a6, sp, t5
core   0: 0 0x80005874 (0x41e10833) x16 0xffffffff
core   0: 0x80005878 (0x0000e881) c.bnez  s1, pc + 16
core   0: 0 0x80005878 (0xe881)
core   0: 0x80005888 (0x03a31733) mulh    a4, t1, s10
core   0: 0 0x80005888 (0x03a31733) x14 0xf25b4357
core   0: 0x8000588c (0x3ebe2d93) slti    s11, t3, 1003
core   0: 0 0x8000588c (0x3ebe2d93) x27 0x00000001
core   0: 0x80005890 (0x01ef8e63) beq     t6, t5, pc + 28
core   0: 0 0x80005890 (0x01ef8e63)
core   0: 0x80005894 (0x00006345) c.lui   t1, 0x11
core   0: 0 0x80005894 (0x6345) x6  0x00011000
core   0: 0x80005896 (0x40d1deb3) sra     t4, gp, a3
core   0: 0 0x80005896 (0x40d1deb3) x29 0xfffed009
core   0: 0x8000589a (0x0197cc63) blt     a5, s9, pc + 24
core   0: 0 0x8000589a (0x0197cc63)
core   0: 0x800058b2 (0x03e54563) blt     a0, t5, pc + 42
core   0: 0 0x800058b2 (0x03e54563)
core   0: 0x800058dc (0x03199963) bne     s3, a7, pc + 50
core   0: 0 0x800058dc (0x03199963)
core   0: 0x8000590e (0x00a21663) bne     tp, a0, pc + 12
core   0: 0 0x8000590e (0x00a21663)
core   0: 0x8000591a (0x03336333) rem     t1, t1, s3
core   0: 0 0x8000591a (0x03336333) x6  0x00011000
core   0: 0x8000591e (0x03219d33) mulh    s10, gp, s2
core   0: 0 0x8000591e (0x03219d33) x26 0x00000000
core   0: 0x80005922 (0x014f37b3) sltu    a5, t5, s4
core   0: 0 0x80005922 (0x014f37b3) x15 0x00000001
core   0: 0x80005926 (0x004ba083) lw      ra, 4(s7)
core   0: 0 0x80005926 (0x004ba083) x1  0x8000356c mem 0x8001fe28
core   0: 0x8000592a (0x02ee1ab3) mulh    s5, t3, a4
core   0: 0 0x8000592a (0x02ee1ab3) x21 0x00000021
core   0: 0x8000592e (0x41ed5f93) srai    t6, s10, 30
core   0: 0 0x8000592e (0x41ed5f93) x31 0x00000000
core   0: 0x80005932 (0x040b8b93) addi    s7, s7, 64
core   0: 0 0x80005932 (0x040b8b93) x23 0x8001fe64
core   0: 0x80005936 (0x020a2a33) mulhsu  s4, s4, zero
core   0: 0 0x80005936 (0x020a2a33) x20 0x00000000
core   0: 0x8000593a (0x000008de) c.slli  a7, 23
core   0: 0 0x8000593a (0x08de) x17 0xf6800000
core   0: 0x8000593c (0x0000717d) c.addi16sp sp, -16
core   0: 0 0x8000593c (0x717d) x2  0xfffffff0
core   0: 0x8000593e (0x0000871e) c.mv    a4, t2
core   0: 0 0x8000593e (0x871e) x14 0x00000000
core   0: 0x80005940 (0xddf63017) auipc   zero, 0xddf63
core   0: 0 0x80005940 (0xddf63017)
core   0: 0x80005944 (0x00008993) mv      s3, ra
core   0: 0 0x80005944 (0x00008993) x19 0x8000356c
core   0: 0x80005948 (0x00009982) c.jalr  s3
core   0: 0 0x80005948 (0x9982) x1  0x8000594a
core   0: 0x8000356c (0x00a000ef) jal     pc + 0xa
core   0: 0 0x8000356c (0x00a000ef) x1  0x80003570
core   0: 0x80003576 (0xfffff36f) jal     t1, pc - 0x2
core   0: 0 0x80003576 (0xfffff36f) x6  0x8000357a
core   0: 0x80003574 (0x00002039) c.jal   pc + 14
core   0: 0 0x80003574 (0x2039) x1  0x80003576
core   0: 0x80003582 (0x0000a019) c.j     pc + 6
core   0: 0 0x80003582 (0xa019)
core   0: 0x80003588 (0x00002019) c.jal   pc + 6
core   0: 0 0x80003588 (0x2019) x1  0x8000358a
core   0: 0x8000358e (0x0000bfc5) c.j     pc - 16
core   0: 0 0x8000358e (0xbfc5)
core   0: 0x8000357e (0x0080036f) jal     t1, pc + 0x8
core   0: 0 0x8000357e (0x0080036f) x6  0x80003582
core   0: 0x80003586 (0x0000bffd) c.j     pc - 2
core   0: 0 0x80003586 (0xbffd)
core   0: 0x80003584 (0x0000bfdd) c.j     pc - 10
core   0: 0 0x80003584 (0xbfdd)
core   0: 0x8000357a (0xff7ff76f) jal     a4, pc - 0xa
core   0: 0 0x8000357a (0xff7ff76f) x14 0x8000357e
core   0: 0x80003570 (0x0000a831) c.j     pc + 28
core   0: 0 0x80003570 (0xa831)
core   0: 0x8000358c (0x000037dd) c.jal   pc - 26
core   0: 0 0x8000358c (0x37dd) x1  0x8000358e
core   0: 0x80003572 (0x00002821) c.jal   pc + 24
core   0: 0 0x80003572 (0x2821) x1  0x80003574
core   0: 0x8000358a (0x00002019) c.jal   pc + 6
core   0: 0 0x8000358a (0x2019) x1  0x8000358c
core   0: 0x80003590 (0x0040036f) jal     t1, pc + 0x4
core   0: 0 0x80003590 (0x0040036f) x6  0x80003594
core   0: 0x80003594 (0x00008209) c.srli  a2, 2
core   0: 0 0x80003594 (0x8209) x12 0x3e4b683b
core   0: 0x80003596 (0x00000ffe) c.slli  t6, 31
core   0: 0 0x80003596 (0x0ffe) x31 0x00000000
core   0: 0x80003598 (0x000083a9) c.srli  a5, 10
core   0: 0 0x80003598 (0x83a9) x15 0x00000000
core   0: 0x8000359a (0x00000001) c.nop
core   0: 0 0x8000359a (0x0001)
core   0: 0x8000359c (0x00006769) c.lui   a4, 0x1a
core   0: 0 0x8000359c (0x6769) x14 0x0001a000
core   0: 0x8000359e (0x00008d29) c.xor   a0, a0
core   0: 0 0x8000359e (0x8d29) x10 0x00000000
core   0: 0x800035a0 (0x45917a93) andi    s5, sp, 1113
core   0: 0 0x800035a0 (0x45917a93) x21 0x00000450
core   0: 0x800035a4 (0x00008c59) c.or    s0, a4
core   0: 0 0x800035a4 (0x8c59) x8  0x0001a000
core   0: 0x800035a6 (0x0347ed33) rem     s10, a5, s4
core   0: 0 0x800035a6 (0x0347ed33) x26 0x00000000
core   0: 0x800035aa (0xca41a937) lui     s2, 0xca41a
core   0: 0 0x800035aa (0xca41a937) x18 0xca41a000
core   0: 0x800035ae (0x00008ba5) c.andi  a5, 9
core   0: 0 0x800035ae (0x8ba5) x15 0x00000000
core   0: 0x800035b0 (0x0081fe33) and     t3, gp, s0
core   0: 0 0x800035b0 (0x0081fe33) x28 0x00010000
core   0: 0x800035b4 (0x0000616d) c.addi16sp sp, 240
core   0: 0 0x800035b4 (0x616d) x2  0x000000e0
core   0: 0x800035b6 (0x00005a17) auipc   s4, 0x5
core   0: 0 0x800035b6 (0x00005a17) x20 0x800085b6
core   0: 0x800035ba (0x7c6a0a13) addi    s4, s4, 1990
core   0: 0 0x800035ba (0x7c6a0a13) x20 0x80008d7c
core   0: 0x800035be (0x308a0a13) addi    s4, s4, 776
core   0: 0 0x800035be (0x308a0a13) x20 0x80009084
core   0: 0x800035c2 (0x016a5763) bge     s4, s6, pc + 14
core   0: 0 0x800035c2 (0x016a5763)
core   0: 0x800035c6 (0x00000310) c.addi4spn a2, sp, 384
core   0: 0 0x800035c6 (0x0310) x12 0x00000260
core   0: 0x800035c8 (0x37afd997) auipc   s3, 0x37afd
core   0: 0 0x800035c8 (0x37afd997) x19 0xb7b005c8
core   0: 0x800035cc (0x0370e3b3) rem     t2, ra, s7
core   0: 0 0x800035cc (0x0370e3b3) x7  0xfffe3728
core   0: 0x800035d0 (0xcf9a00e7) jalr    ra, s4, -775
core   0: 0 0x800035d0 (0xcf9a00e7) x1  0x800035d4
core   0: 0x80008d7c (0x01707033) and     zero, zero, s7
core   0: 0 0x80008d7c (0x01707033)
core   0: 0x80008d80 (0xfd0b8b93) addi    s7, s7, -48
core   0: 0 0x80008d80 (0xfd0b8b93) x23 0x8001fe34
core   0: 0x80008d84 (0x001ba223) sw      ra, 4(s7)
core   0: 0 0x80008d84 (0x001ba223) mem 0x8001fe38 0x800035d4
core   0: 0x80008d88 (0x0212d2b3) divu    t0, t0, ra
core   0: 0 0x80008d88 (0x0212d2b3) x5  0x00000001
core   0: 0x80008d8c (0x0000997d) c.andi  a0, -1
core   0: 0 0x80008d8c (0x997d) x10 0x00000000
core   0: 0x80008d8e (0x01df5f33) srl     t5, t5, t4
core   0: 0 0x80008d8e (0x01df5f33) x30 0x00000000
core   0: 0x80008d92 (0x0000832d) c.srli  a4, 11
core   0: 0 0x80008d92 (0x832d) x14 0x00000034
core   0: 0x80008d94 (0x0000908a) c.add   ra, sp
core   0: 0 0x80008d94 (0x908a) x1  0x800036b4
core   0: 0x80008d96 (0x000092fa) c.add   t0, t5
core   0: 0 0x80008d96 (0x92fa) x5  0x00000001
core   0: 0x80008d98 (0x00009b7d) c.andi  a4, -1
core   0: 0 0x80008d98 (0x9b7d) x14 0x00000034
core   0: 0x80008d9a (0x5240e193) ori     gp, ra, 1316
core   0: 0 0x80008d9a (0x5240e193) x3  0x800037b4
core   0: 0x80008d9e (0x40698ab3) sub     s5, s3, t1
core   0: 0 0x80008d9e (0x40698ab3) x21 0x37afd034
core   0: 0x80008da2 (0x01ffe2b3) or      t0, t6, t6
core   0: 0 0x80008da2 (0x01ffe2b3) x5  0x00000000
core   0: 0x80008da6 (0x0000e901) c.bnez  a0, pc + 16
core   0: 0 0x80008da6 (0xe901)
core   0: 0x80008da8 (0x03f94533) div     a0, s2, t6
core   0: 0 0x80008da8 (0x03f94533) x10 0xffffffff
core   0: 0x80008dac (0x40470333) sub     t1, a4, tp
core   0: 0 0x80008dac (0x40470333) x6  0xfffeb034
core   0: 0x80008db0 (0x000a1113) slli    sp, s4, 0
core   0: 0 0x80008db0 (0x000a1113) x2  0x80009084
core   0: 0x80008db4 (0x00008521) c.srai  a0, 8
core   0: 0 0x80008db4 (0x8521) x10 0xffffffff
core   0: 0x80008db6 (0x0000567d) c.li    a2, -1
core   0: 0 0x80008db6 (0x567d) x12 0xffffffff
core   0: 0x80008db8 (0x02de51b3) divu    gp, t3, a3
core   0: 0 0x80008db8 (0x02de51b3) x3  0x00000000
core   0: 0x80008dbc (0x0353e633) rem     a2, t2, s5
core   0: 0 0x80008dbc (0x0353e633) x12 0xfffe3728
core   0: 0x80008dc0 (0x01bfb933) sltu    s2, t6, s11
core   0: 0 0x80008dc0 (0x01bfb933) x18 0x00000001
core   0: 0x80008dc4 (0x004ba083) lw      ra, 4(s7)
core   0: 0 0x80008dc4 (0x004ba083) x1  0x800035d4 mem 0x8001fe38
core   0: 0x80008dc8 (0x00000001) c.nop
core   0: 0 0x80008dc8 (0x0001)
core   0: 0x80008dca (0x00fb3133) sltu    sp, s6, a5
core   0: 0 0x80008dca (0x00fb3133) x2  0x00000000
core   0: 0x80008dce (0x00000c92) c.slli  s9, 4
core   0: 0 0x80008dce (0x0c92) x25 0xa21e7da0
core   0: 0x80008dd0 (0x02373e33) mulhu   t3, a4, gp
core   0: 0 0x80008dd0 (0x02373e33) x28 0x00000000
core   0: 0x80008dd4 (0x030b8b93) addi    s7, s7, 48
core   0: 0 0x80008dd4 (0x030b8b93) x23 0x8001fe64
core   0: 0x80008dd8 (0x0252fc33) remu    s8, t0, t0
core   0: 0 0x80008dd8 (0x0252fc33) x24 0x00000000
core   0: 0x80008ddc (0x00008c13) mv      s8, ra
core   0: 0 0x80008ddc (0x00008c13) x24 0x800035d4
core   0: 0x80008de0 (0x00008c02) c.jr    s8
core   0: 0 0x80008de0 (0x8c02)
core   0: 0x800035d4 (0x035e88b3) mul     a7, t4, s5
core   0: 0 0x800035d4 (0x035e88b3) x17 0x2df091d4
core   0: 0x800035d8 (0x00d16c63) bltu    sp, a3, pc + 24
core   0: 0 0x800035d8 (0x00d16c63)
core   0: 0x800035f0 (0x00000001) c.nop
core   0: 0 0x800035f0 (0x0001)
core   0: 0x800035f2 (0xffffd597) auipc   a1, 0xffffd
core   0: 0 0x800035f2 (0xffffd597) x11 0x800005f2
core   0: 0x800035f6 (0xd7858593) addi    a1, a1, -648
core   0: 0 0x800035f6 (0xd7858593) x11 0x8000036a
core   0: 0x800035fa (0x00058067) jr      a1
core   0: 0 0x800035fa (0x00058067)
core   0: 0x8000036a (0x90000d37) lui     s10, 0x90000
core   0: 0 0x8000036a (0x90000d37) x26 0x90000000
core   0: 0x8000036e (0x00001d61) c.addi  s10, -8
core   0: 0 0x8000036e (0x1d61) x26 0x8ffffff8
core   0: 0x80000370 (0x00004d81) c.li    s11, 0
core   0: 0 0x80000370 (0x4d81) x27 0x00000000
core   0: 0x80000372 (0x00000da2) c.slli  s11, 8
core   0: 0 0x80000372 (0x0da2) x27 0x00000000
core   0: 0x80000374 (0x00000d85) c.addi  s11, 1
core   0: 0 0x80000374 (0x0d85) x27 0x00000001
core   0: 0x80000376 (0x01bd2023) sw      s11, 0(s10)
core   0: 0 0x80000376 (0x01bd2023) mem 0x8ffffff8 0x00000001
core   0: 0x8000037a (0x00000073) ecall
core   0: exception trap_user_ecall, epc 0x8000037a
core   0: 0x80002700 (0x0800006f) j       pc + 0x80
core   0: 3 0x80002700 (0x0800006f)
core   0: 0x80002780 (0x000016f1) c.addi  a3, -4
core   0: 3 0x80002780 (0x16f1) x13 0x80023ce0
core   0: 0x80002782 (0x0176a023) sw      s7, 0(a3)
core   0: 3 0x80002782 (0x0176a023) mem 0x80023ce0 0x8001fe64
core   0: 0x80002786 (0x00068bb3) add     s7, a3, zero
core   0: 3 0x80002786 (0x00068bb3) x23 0x80023ce0
core   0: 0x8000278a (0xf80b8b93) addi    s7, s7, -128
core   0: 3 0x8000278a (0xf80b8b93) x23 0x80023c60
core   0: 0x8000278e (0x001ba223) sw      ra, 4(s7)
core   0: 3 0x8000278e (0x001ba223) mem 0x80023c64 0x800035d4
core   0: 0x80002792 (0x002ba423) sw      sp, 8(s7)
core   0: 3 0x80002792 (0x002ba423) mem 0x80023c68 0x00000000
core   0: 0x80002796 (0x003ba623) sw      gp, 12(s7)
core   0: 3 0x80002796 (0x003ba623) mem 0x80023c6c 0x00000000
core   0: 0x8000279a (0x004ba823) sw      tp, 16(s7)
core   0: 3 0x8000279a (0x004ba823) mem 0x80023c70 0x00015000
core   0: 0x8000279e (0x005baa23) sw      t0, 20(s7)
core   0: 3 0x8000279e (0x005baa23) mem 0x80023c74 0x00000000
core   0: 0x800027a2 (0x006bac23) sw      t1, 24(s7)
core   0: 3 0x800027a2 (0x006bac23) mem 0x80023c78 0xfffeb034
core   0: 0x800027a6 (0x007bae23) sw      t2, 28(s7)
core   0: 3 0x800027a6 (0x007bae23) mem 0x80023c7c 0xfffe3728
core   0: 0x800027aa (0x028ba023) sw      s0, 32(s7)
core   0: 3 0x800027aa (0x028ba023) mem 0x80023c80 0x0001a000
core   0: 0x800027ae (0x029ba223) sw      s1, 36(s7)
core   0: 3 0x800027ae (0x029ba223) mem 0x80023c84 0x3ffff8a2
core   0: 0x800027b2 (0x02aba423) sw      a0, 40(s7)
core   0: 3 0x800027b2 (0x02aba423) mem 0x80023c88 0xffffffff
core   0: 0x800027b6 (0x02bba623) sw      a1, 44(s7)
core   0: 3 0x800027b6 (0x02bba623) mem 0x80023c8c 0x8000036a
core   0: 0x800027ba (0x02cba823) sw      a2, 48(s7)
core   0: 3 0x800027ba (0x02cba823) mem 0x80023c90 0xfffe3728
core   0: 0x800027be (0x02dbaa23) sw      a3, 52(s7)
core   0: 3 0x800027be (0x02dbaa23) mem 0x80023c94 0x80023ce0
core   0: 0x800027c2 (0x02ebac23) sw      a4, 56(s7)
core   0: 3 0x800027c2 (0x02ebac23) mem 0x80023c98 0x00000034
core   0: 0x800027c6 (0x02fbae23) sw      a5, 60(s7)
core   0: 3 0x800027c6 (0x02fbae23) mem 0x80023c9c 0x00000000
core   0: 0x800027ca (0x050ba023) sw      a6, 64(s7)
core   0: 3 0x800027ca (0x050ba023) mem 0x80023ca0 0xffffffff
core   0: 0x800027ce (0x051ba223) sw      a7, 68(s7)
core   0: 3 0x800027ce (0x051ba223) mem 0x80023ca4 0x2df091d4
core   0: 0x800027d2 (0x052ba423) sw      s2, 72(s7)
core   0: 3 0x800027d2 (0x052ba423) mem 0x80023ca8 0x00000001
core   0: 0x800027d6 (0x053ba623) sw      s3, 76(s7)
core   0: 3 0x800027d6 (0x053ba623) mem 0x80023cac 0xb7b005c8
core   0: 0x800027da (0x054ba823) sw      s4, 80(s7)
core   0: 3 0x800027da (0x054ba823) mem 0x80023cb0 0x80009084
core   0: 0x800027de (0x055baa23) sw      s5, 84(s7)
core   0: 3 0x800027de (0x055baa23) mem 0x80023cb4 0x37afd034
core   0: 0x800027e2 (0x056bac23) sw      s6, 88(s7)
core   0: 3 0x800027e2 (0x056bac23) mem 0x80023cb8 0x00022000
core   0: 0x800027e6 (0x057bae23) sw      s7, 92(s7)
core   0: 3 0x800027e6 (0x057bae23) mem 0x80023cbc 0x80023c60
core   0: 0x800027ea (0x078ba023) sw      s8, 96(s7)
core   0: 3 0x800027ea (0x078ba023) mem 0x80023cc0 0x800035d4
core   0: 0x800027ee (0x079ba223) sw      s9, 100(s7)
core   0: 3 0x800027ee (0x079ba223) mem 0x80023cc4 0xa21e7da0
core   0: 0x800027f2 (0x07aba423) sw      s10, 104(s7)
core   0: 3 0x800027f2 (0x07aba423) mem 0x80023cc8 0x8ffffff8
core   0: 0x800027f6 (0x07bba623) sw      s11, 108(s7)
core   0: 3 0x800027f6 (0x07bba623) mem 0x80023ccc 0x00000001
core   0: 0x800027fa (0x07cba823) sw      t3, 112(s7)
core   0: 3 0x800027fa (0x07cba823) mem 0x80023cd0 0x00000000
core   0: 0x800027fe (0x07dbaa23) sw      t4, 116(s7)
core   0: 3 0x800027fe (0x07dbaa23) mem 0x80023cd4 0xfffed009
core   0: 0x80002802 (0x07ebac23) sw      t5, 120(s7)
core   0: 3 0x80002802 (0x07ebac23) mem 0x80023cd8 0x00000000
core   0: 0x80002806 (0x07fbae23) sw      t6, 124(s7)
core   0: 3 0x80002806 (0x07fbae23) mem 0x80023cdc 0x00000000
core   0: 0x8000280a (0x000b86b3) add     a3, s7, zero
core   0: 3 0x8000280a (0x000b86b3) x13 0x80023c60
core   0: 0x8000280e (0x90000d37) lui     s10, 0x90000
core   0: 3 0x8000280e (0x90000d37) x26 0x90000000
core   0: 0x80002812 (0x00001d71) c.addi  s10, -4
core   0: 3 0x80002812 (0x1d71) x26 0x8ffffffc
core   0: 0x80002814 (0x00004da1) c.li    s11, 8
core   0: 3 0x80002814 (0x4da1) x27 0x00000008
core   0: 0x80002816 (0x00000da2) c.slli  s11, 8
core   0: 3 0x80002816 (0x0da2) x27 0x00000800
core   0: 0x80002818 (0x000d8d93) mv      s11, s11
core   0: 3 0x80002818 (0x000d8d93) x27 0x00000800
core   0: 0x8000281c (0x01bd2023) sw      s11, 0(s10)
core   0: 3 0x8000281c (0x01bd2023) mem 0x8ffffffc 0x00000800
core   0: 0x80002820 (0x34102df3) csrr    s11, mepc
core   0: 3 0x80002820 (0x34102df3) x27 0x8000037a
core   0: 0x80002824 (0x34202df3) csrr    s11, mcause
core   0: 3 0x80002824 (0x34202df3) x27 0x00000008
core   0: 0x80002828 (0x00004d0d) c.li    s10, 3
core   0: 3 0x80002828 (0x4d0d) x26 0x00000003
core   0: 0x8000282a (0x01ad9463) bne     s11, s10, pc + 8
core   0: 3 0x8000282a (0x01ad9463)
core   0: 0x80002832 (0x00004d21) c.li    s10, 8
core   0: 3 0x80002832 (0x4d21) x26 0x00000008
core   0: 0x80002834 (0x05ad8d63) beq     s11, s10, pc + 90
core   0: 3 0x80002834 (0x05ad8d63)
core   0: 0x8000288e (0x90000d37) lui     s10, 0x90000
core   0: 3 0x8000288e (0x90000d37) x26 0x90000000
core   0: 0x80002892 (0x00001d71) c.addi  s10, -4
core   0: 3 0x80002892 (0x1d71) x26 0x8ffffffc
core   0: 0x80002894 (0x00006d85) c.lui   s11, 0x1
core   0: 3 0x80002894 (0x6d85) x27 0x00001000
core   0: 0x80002896 (0xb00d8d93) addi    s11, s11, -1280
core   0: 3 0x80002896 (0xb00d8d93) x27 0x00000b00
core   0: 0x8000289a (0x00000da2) c.slli  s11, 8
core   0: 3 0x8000289a (0x0da2) x27 0x000b0000
core   0: 0x8000289c (0x00000d8d) c.addi  s11, 3
core   0: 3 0x8000289c (0x0d8d) x27 0x000b0003
core   0: 0x8000289e (0x01bd2023) sw      s11, 0(s10)
core   0: 3 0x8000289e (0x01bd2023) mem 0x8ffffffc 0x000b0003
core   0: 0x800028a2 (0xb0002df3) csrr    s11, mcycle
core   0: 3 0x800028a2 (0xb0002df3) x27 0x0000df54
core   0: 0x800028a6 (0x01bd2023) sw      s11, 0(s10)
core   0: 3 0x800028a6 (0x01bd2023) mem 0x8ffffffc 0x0000df54
core   0: 0x800028aa (0x90000d37) lui     s10, 0x90000
core   0: 3 0x800028aa (0x90000d37) x26 0x90000000
core   0: 0x800028ae (0x00001d71) c.addi  s10, -4
core   0: 3 0x800028ae (0x1d71) x26 0x8ffffffc
core   0: 0x800028b0 (0x00006d85) c.lui   s11, 0x1
core   0: 3 0x800028b0 (0x6d85) x27 0x00001000
core   0: 0x800028b2 (0xb80d8d93) addi    s11, s11, -1152
core   0: 3 0x800028b2 (0xb80d8d93) x27 0x00000b80
core   0: 0x800028b6 (0x00000da2) c.slli  s11, 8
core   0: 3 0x800028b6 (0x0da2) x27 0x000b8000
core   0: 0x800028b8 (0x00000d8d) c.addi  s11, 3
core   0: 3 0x800028b8 (0x0d8d) x27 0x000b8003
core   0: 0x800028ba (0x01bd2023) sw      s11, 0(s10)
core   0: 3 0x800028ba (0x01bd2023) mem 0x8ffffffc 0x000b8003
core   0: 0x800028be (0xb8002df3) csrr    s11, mcycleh
core   0: 3 0x800028be (0xb8002df3) x27 0x00000000
core   0: 0x800028c2 (0x01bd2023) sw      s11, 0(s10)
core   0: 3 0x800028c2 (0x01bd2023) mem 0x8ffffffc 0x00000000
core   0: 0x800028c6 (0x90000d37) lui     s10, 0x90000
core   0: 3 0x800028c6 (0x90000d37) x26 0x90000000
core   0: 0x800028ca (0x00001d71) c.addi  s10, -4
core   0: 3 0x800028ca (0x1d71) x26 0x8ffffffc
core   0: 0x800028cc (0x00006d85) c.lui   s11, 0x1
core   0: 3 0x800028cc (0x6d85) x27 0x00001000
core   0: 0x800028ce (0xb03d8d93) addi    s11, s11, -1277
core   0: 3 0x800028ce (0xb03d8d93) x27 0x00000b03
core   0: 0x800028d2 (0x00000da2) c.slli  s11, 8
core   0: 3 0x800028d2 (0x0da2) x27 0x000b0300
core   0: 0x800028d4 (0x00000d8d) c.addi  s11, 3
core   0: 3 0x800028d4 (0x0d8d) x27 0x000b0303
core   0: 0x800028d6 (0x01bd2023) sw      s11, 0(s10)
core   0: 3 0x800028d6 (0x01bd2023) mem 0x8ffffffc 0x000b0303
core   0: 0x800028da (0xb0302df3) csrr    s11, mhpmcounter3
core   0: 3 0x800028da (0xb0302df3) x27 0x00000141
core   0: 0x800028de (0x01bd2023) sw      s11, 0(s10)
core   0: 3 0x800028de (0x01bd2023) mem 0x8ffffffc 0x00000141
core   0: 0x800028e2 (0x90000d37) lui     s10, 0x90000
core   0: 3 0x800028e2 (0x90000d37) x26 0x90000000
core   0: 0x800028e6 (0x00001d71) c.addi  s10, -4
core   0: 3 0x800028e6 (0x1d71) x26 0x8ffffffc
core   0: 0x800028e8 (0x00006d85) c.lui   s11, 0x1
core   0: 3 0x800028e8 (0x6d85) x27 0x00001000
core   0: 0x800028ea (0xb83d8d93) addi    s11, s11, -1149
core   0: 3 0x800028ea (0xb83d8d93) x27 0x00000b83
core   0: 0x800028ee (0x00000da2) c.slli  s11, 8
core   0: 3 0x800028ee (0x0da2) x27 0x000b8300
core   0: 0x800028f0 (0x00000d8d) c.addi  s11, 3
core   0: 3 0x800028f0 (0x0d8d) x27 0x000b8303
core   0: 0x800028f2 (0x01bd2023) sw      s11, 0(s10)
core   0: 3 0x800028f2 (0x01bd2023) mem 0x8ffffffc 0x000b8303
core   0: 0x800028f6 (0xb8302df3) csrr    s11, mhpmcounter3h
core   0: 3 0x800028f6 (0xb8302df3) x27 0x00000000
core   0: 0x800028fa (0x01bd2023) sw      s11, 0(s10)
core   0: 3 0x800028fa (0x01bd2023) mem 0x8ffffffc 0x00000000
core   0: 0x800028fe (0x90000d37) lui     s10, 0x90000
core   0: 3 0x800028fe (0x90000d37) x26 0x90000000
core   0: 0x80002902 (0x00001d71) c.addi  s10, -4
core   0: 3 0x80002902 (0x1d71) x26 0x8ffffffc
core   0: 0x80002904 (0x00006d85) c.lui   s11, 0x1
core   0: 3 0x80002904 (0x6d85) x27 0x00001000
core   0: 0x80002906 (0xb04d8d93) addi    s11, s11, -1276
core   0: 3 0x80002906 (0xb04d8d93) x27 0x00000b04
core   0: 0x8000290a (0x00000da2) c.slli  s11, 8
core   0: 3 0x8000290a (0x0da2) x27 0x000b0400
core   0: 0x8000290c (0x00000d8d) c.addi  s11, 3
core   0: 3 0x8000290c (0x0d8d) x27 0x000b0403
core   0: 0x8000290e (0x01bd2023) sw      s11, 0(s10)
core   0: 3 0x8000290e (0x01bd2023) mem 0x8ffffffc 0x000b0403
core   0: 0x80002912 (0xb0402df3) csrr    s11, mhpmcounter4
core   0: 3 0x80002912 (0xb0402df3) x27 0x00007797
core   0: 0x80002916 (0x01bd2023) sw      s11, 0(s10)
core   0: 3 0x80002916 (0x01bd2023) mem 0x8ffffffc 0x00007797
core   0: 0x8000291a (0x90000d37) lui     s10, 0x90000
core   0: 3 0x8000291a (0x90000d37) x26 0x90000000
core   0: 0x8000291e (0x00001d71) c.addi  s10, -4
core   0: 3 0x8000291e (0x1d71) x26 0x8ffffffc
core   0: 0x80002920 (0x00006d85) c.lui   s11, 0x1
core   0: 3 0x80002920 (0x6d85) x27 0x00001000
core   0: 0x80002922 (0xb84d8d93) addi    s11, s11, -1148
core   0: 3 0x80002922 (0xb84d8d93) x27 0x00000b84
core   0: 0x80002926 (0x00000da2) c.slli  s11, 8
core   0: 3 0x80002926 (0x0da2) x27 0x000b8400
core   0: 0x80002928 (0x00000d8d) c.addi  s11, 3
core   0: 3 0x80002928 (0x0d8d) x27 0x000b8403
core   0: 0x8000292a (0x01bd2023) sw      s11, 0(s10)
core   0: 3 0x8000292a (0x01bd2023) mem 0x8ffffffc 0x000b8403
core   0: 0x8000292e (0xb8402df3) csrr    s11, mhpmcounter4h
core   0: 3 0x8000292e (0xb8402df3) x27 0x00000000
core   0: 0x80002932 (0x01bd2023) sw      s11, 0(s10)
core   0: 3 0x80002932 (0x01bd2023) mem 0x8ffffffc 0x00000000
core   0: 0x80002936 (0x90000d37) lui     s10, 0x90000
core   0: 3 0x80002936 (0x90000d37) x26 0x90000000
core   0: 0x8000293a (0x00001d71) c.addi  s10, -4
core   0: 3 0x8000293a (0x1d71) x26 0x8ffffffc
core   0: 0x8000293c (0x00006d85) c.lui   s11, 0x1
core   0: 3 0x8000293c (0x6d85) x27 0x00001000
core   0: 0x8000293e (0xb05d8d93) addi    s11, s11, -1275
core   0: 3 0x8000293e (0xb05d8d93) x27 0x00000b05
core   0: 0x80002942 (0x00000da2) c.slli  s11, 8
core   0: 3 0x80002942 (0x0da2) x27 0x000b0500
core   0: 0x80002944 (0x00000d8d) c.addi  s11, 3
core   0: 3 0x80002944 (0x0d8d) x27 0x000b0503
core   0: 0x80002946 (0x01bd2023) sw      s11, 0(s10)
core   0: 3 0x80002946 (0x01bd2023) mem 0x8ffffffc 0x000b0503
core   0: 0x8000294a (0xb0502df3) csrr    s11, mhpmcounter5
core   0: 3 0x8000294a (0xb0502df3) x27 0x00000005
core   0: 0x8000294e (0x01bd2023) sw      s11, 0(s10)
core   0: 3 0x8000294e (0x01bd2023) mem 0x8ffffffc 0x00000005
core   0: 0x80002952 (0x90000d37) lui     s10, 0x90000
core   0: 3 0x80002952 (0x90000d37) x26 0x90000000
core   0: 0x80002956 (0x00001d71) c.addi  s10, -4
core   0: 3 0x80002956 (0x1d71) x26 0x8ffffffc
core   0: 0x80002958 (0x00006d85) c.lui   s11, 0x1
core   0: 3 0x80002958 (0x6d85) x27 0x00001000
core   0: 0x8000295a (0xb85d8d93) addi    s11, s11, -1147
core   0: 3 0x8000295a (0xb85d8d93) x27 0x00000b85
core   0: 0x8000295e (0x00000da2) c.slli  s11, 8
core   0: 3 0x8000295e (0x0da2) x27 0x000b8500
core   0: 0x80002960 (0x00000d8d) c.addi  s11, 3
core   0: 3 0x80002960 (0x0d8d) x27 0x000b8503
core   0: 0x80002962 (0x01bd2023) sw      s11, 0(s10)
core   0: 3 0x80002962 (0x01bd2023) mem 0x8ffffffc 0x000b8503
core   0: 0x80002966 (0xb8502df3) csrr    s11, mhpmcounter5h
core   0: 3 0x80002966 (0xb8502df3) x27 0x00000000
core   0: 0x8000296a (0x01bd2023) sw      s11, 0(s10)
core   0: 3 0x8000296a (0x01bd2023) mem 0x8ffffffc 0x00000000
core   0: 0x8000296e (0x90000d37) lui     s10, 0x90000
core   0: 3 0x8000296e (0x90000d37) x26 0x90000000
core   0: 0x80002972 (0x00001d71) c.addi  s10, -4
core   0: 3 0x80002972 (0x1d71) x26 0x8ffffffc
core   0: 0x80002974 (0x00006d85) c.lui   s11, 0x1
core   0: 3 0x80002974 (0x6d85) x27 0x00001000
core   0: 0x80002976 (0xb06d8d93) addi    s11, s11, -1274
core   0: 3 0x80002976 (0xb06d8d93) x27 0x00000b06
core   0: 0x8000297a (0x00000da2) c.slli  s11, 8
core   0: 3 0x8000297a (0x0da2) x27 0x000b0600
core   0: 0x8000297c (0x00000d8d) c.addi  s11, 3
core   0: 3 0x8000297c (0x0d8d) x27 0x000b0603
core   0: 0x8000297e (0x01bd2023) sw      s11, 0(s10)
core   0: 3 0x8000297e (0x01bd2023) mem 0x8ffffffc 0x000b0603
core   0: 0x80002982 (0xb0602df3) csrr    s11, mhpmcounter6
core   0: 3 0x80002982 (0xb0602df3) x27 0x0000003d
core   0: 0x80002986 (0x01bd2023) sw      s11, 0(s10)
core   0: 3 0x80002986 (0x01bd2023) mem 0x8ffffffc 0x0000003d
core   0: 0x8000298a (0x90000d37) lui     s10, 0x90000
core   0: 3 0x8000298a (0x90000d37) x26 0x90000000
core   0: 0x8000298e (0x00001d71) c.addi  s10, -4
core   0: 3 0x8000298e (0x1d71) x26 0x8ffffffc
core   0: 0x80002990 (0x00006d85) c.lui   s11, 0x1
core   0: 3 0x80002990 (0x6d85) x27 0x00001000
core   0: 0x80002992 (0xb86d8d93) addi    s11, s11, -1146
core   0: 3 0x80002992 (0xb86d8d93) x27 0x00000b86
core   0: 0x80002996 (0x00000da2) c.slli  s11, 8
core   0: 3 0x80002996 (0x0da2) x27 0x000b8600
core   0: 0x80002998 (0x00000d8d) c.addi  s11, 3
core   0: 3 0x80002998 (0x0d8d) x27 0x000b8603
core   0: 0x8000299a (0x01bd2023) sw      s11, 0(s10)
core   0: 3 0x8000299a (0x01bd2023) mem 0x8ffffffc 0x000b8603
core   0: 0x8000299e (0xb8602df3) csrr    s11, mhpmcounter6h
core   0: 3 0x8000299e (0xb8602df3) x27 0x00000000
core   0: 0x800029a2 (0x01bd2023) sw      s11, 0(s10)
core   0: 3 0x800029a2 (0x01bd2023) mem 0x8ffffffc 0x00000000
core   0: 0x800029a6 (0x90000d37) lui     s10, 0x90000
core   0: 3 0x800029a6 (0x90000d37) x26 0x90000000
core   0: 0x800029aa (0x00001d71) c.addi  s10, -4
core   0: 3 0x800029aa (0x1d71) x26 0x8ffffffc
core   0: 0x800029ac (0x00006d85) c.lui   s11, 0x1
core   0: 3 0x800029ac (0x6d85) x27 0x00001000
core   0: 0x800029ae (0xb07d8d93) addi    s11, s11, -1273
core   0: 3 0x800029ae (0xb07d8d93) x27 0x00000b07
core   0: 0x800029b2 (0x00000da2) c.slli  s11, 8
core   0: 3 0x800029b2 (0x0da2) x27 0x000b0700
core   0: 0x800029b4 (0x00000d8d) c.addi  s11, 3
core   0: 3 0x800029b4 (0x0d8d) x27 0x000b0703
core   0: 0x800029b6 (0x01bd2023) sw      s11, 0(s10)
core   0: 3 0x800029b6 (0x01bd2023) mem 0x8ffffffc 0x000b0703
core   0: 0x800029ba (0xb0702df3) csrr    s11, mhpmcounter7
core   0: 3 0x800029ba (0xb0702df3) x27 0x00000784
core   0: 0x800029be (0x01bd2023) sw      s11, 0(s10)
core   0: 3 0x800029be (0x01bd2023) mem 0x8ffffffc 0x00000784
core   0: 0x800029c2 (0x90000d37) lui     s10, 0x90000
core   0: 3 0x800029c2 (0x90000d37) x26 0x90000000
core   0: 0x800029c6 (0x00001d71) c.addi  s10, -4
core   0: 3 0x800029c6 (0x1d71) x26 0x8ffffffc
core   0: 0x800029c8 (0x00006d85) c.lui   s11, 0x1
core   0: 3 0x800029c8 (0x6d85) x27 0x00001000
core   0: 0x800029ca (0xb87d8d93) addi    s11, s11, -1145
core   0: 3 0x800029ca (0xb87d8d93) x27 0x00000b87
core   0: 0x800029ce (0x00000da2) c.slli  s11, 8
core   0: 3 0x800029ce (0x0da2) x27 0x000b8700
core   0: 0x800029d0 (0x00000d8d) c.addi  s11, 3
core   0: 3 0x800029d0 (0x0d8d) x27 0x000b8703
core   0: 0x800029d2 (0x01bd2023) sw      s11, 0(s10)
core   0: 3 0x800029d2 (0x01bd2023) mem 0x8ffffffc 0x000b8703
core   0: 0x800029d6 (0xb8702df3) csrr    s11, mhpmcounter7h
core   0: 3 0x800029d6 (0xb8702df3) x27 0x00000000
core   0: 0x800029da (0x01bd2023) sw      s11, 0(s10)
core   0: 3 0x800029da (0x01bd2023) mem 0x8ffffffc 0x00000000
core   0: 0x800029de (0x90000d37) lui     s10, 0x90000
core   0: 3 0x800029de (0x90000d37) x26 0x90000000
core   0: 0x800029e2 (0x00001d71) c.addi  s10, -4
core   0: 3 0x800029e2 (0x1d71) x26 0x8ffffffc
core   0: 0x800029e4 (0x00006d85) c.lui   s11, 0x1
core   0: 3 0x800029e4 (0x6d85) x27 0x00001000
core   0: 0x800029e6 (0xb08d8d93) addi    s11, s11, -1272
core   0: 3 0x800029e6 (0xb08d8d93) x27 0x00000b08
core   0: 0x800029ea (0x00000da2) c.slli  s11, 8
core   0: 3 0x800029ea (0x0da2) x27 0x000b0800
core   0: 0x800029ec (0x00000d8d) c.addi  s11, 3
core   0: 3 0x800029ec (0x0d8d) x27 0x000b0803
core   0: 0x800029ee (0x01bd2023) sw      s11, 0(s10)
core   0: 3 0x800029ee (0x01bd2023) mem 0x8ffffffc 0x000b0803
core   0: 0x800029f2 (0xb0802df3) csrr    s11, mhpmcounter8
core   0: 3 0x800029f2 (0xb0802df3) x27 0x000001aa
core   0: 0x800029f6 (0x01bd2023) sw      s11, 0(s10)
core   0: 3 0x800029f6 (0x01bd2023) mem 0x8ffffffc 0x000001aa
core   0: 0x800029fa (0x90000d37) lui     s10, 0x90000
core   0: 3 0x800029fa (0x90000d37) x26 0x90000000
core   0: 0x800029fe (0x00001d71) c.addi  s10, -4
core   0: 3 0x800029fe (0x1d71) x26 0x8ffffffc
core   0: 0x80002a00 (0x00006d85) c.lui   s11, 0x1
core   0: 3 0x80002a00 (0x6d85) x27 0x00001000
core   0: 0x80002a02 (0xb88d8d93) addi    s11, s11, -1144
core   0: 3 0x80002a02 (0xb88d8d93) x27 0x00000b88
core   0: 0x80002a06 (0x00000da2) c.slli  s11, 8
core   0: 3 0x80002a06 (0x0da2) x27 0x000b8800
core   0: 0x80002a08 (0x00000d8d) c.addi  s11, 3
core   0: 3 0x80002a08 (0x0d8d) x27 0x000b8803
core   0: 0x80002a0a (0x01bd2023) sw      s11, 0(s10)
core   0: 3 0x80002a0a (0x01bd2023) mem 0x8ffffffc 0x000b8803
core   0: 0x80002a0e (0xb8802df3) csrr    s11, mhpmcounter8h
core   0: 3 0x80002a0e (0xb8802df3) x27 0x00000000
core   0: 0x80002a12 (0x01bd2023) sw      s11, 0(s10)
core   0: 3 0x80002a12 (0x01bd2023) mem 0x8ffffffc 0x00000000
core   0: 0x80002a16 (0x90000d37) lui     s10, 0x90000
core   0: 3 0x80002a16 (0x90000d37) x26 0x90000000
core   0: 0x80002a1a (0x00001d71) c.addi  s10, -4
core   0: 3 0x80002a1a (0x1d71) x26 0x8ffffffc
core   0: 0x80002a1c (0x00006d85) c.lui   s11, 0x1
core   0: 3 0x80002a1c (0x6d85) x27 0x00001000
core   0: 0x80002a1e (0xb09d8d93) addi    s11, s11, -1271
core   0: 3 0x80002a1e (0xb09d8d93) x27 0x00000b09
core   0: 0x80002a22 (0x00000da2) c.slli  s11, 8
core   0: 3 0x80002a22 (0x0da2) x27 0x000b0900
core   0: 0x80002a24 (0x00000d8d) c.addi  s11, 3
core   0: 3 0x80002a24 (0x0d8d) x27 0x000b0903
core   0: 0x80002a26 (0x01bd2023) sw      s11, 0(s10)
core   0: 3 0x80002a26 (0x01bd2023) mem 0x8ffffffc 0x000b0903
core   0: 0x80002a2a (0xb0902df3) csrr    s11, mhpmcounter9
core   0: 3 0x80002a2a (0xb0902df3) x27 0x000000eb
core   0: 0x80002a2e (0x01bd2023) sw      s11, 0(s10)
core   0: 3 0x80002a2e (0x01bd2023) mem 0x8ffffffc 0x000000eb
core   0: 0x80002a32 (0x90000d37) lui     s10, 0x90000
core   0: 3 0x80002a32 (0x90000d37) x26 0x90000000
core   0: 0x80002a36 (0x00001d71) c.addi  s10, -4
core   0: 3 0x80002a36 (0x1d71) x26 0x8ffffffc
core   0: 0x80002a38 (0x00006d85) c.lui   s11, 0x1
core   0: 3 0x80002a38 (0x6d85) x27 0x00001000
core   0: 0x80002a3a (0xb89d8d93) addi    s11, s11, -1143
core   0: 3 0x80002a3a (0xb89d8d93) x27 0x00000b89
core   0: 0x80002a3e (0x00000da2) c.slli  s11, 8
core   0: 3 0x80002a3e (0x0da2) x27 0x000b8900
core   0: 0x80002a40 (0x00000d8d) c.addi  s11, 3
core   0: 3 0x80002a40 (0x0d8d) x27 0x000b8903
core   0: 0x80002a42 (0x01bd2023) sw      s11, 0(s10)
core   0: 3 0x80002a42 (0x01bd2023) mem 0x8ffffffc 0x000b8903
core   0: 0x80002a46 (0xb8902df3) csrr    s11, mhpmcounter9h
core   0: 3 0x80002a46 (0xb8902df3) x27 0x00000000
core   0: 0x80002a4a (0x01bd2023) sw      s11, 0(s10)
core   0: 3 0x80002a4a (0x01bd2023) mem 0x8ffffffc 0x00000000
core   0: 0x80002a4e (0x90000d37) lui     s10, 0x90000
core   0: 3 0x80002a4e (0x90000d37) x26 0x90000000
core   0: 0x80002a52 (0x00001d71) c.addi  s10, -4
core   0: 3 0x80002a52 (0x1d71) x26 0x8ffffffc
core   0: 0x80002a54 (0x00006d85) c.lui   s11, 0x1
core   0: 3 0x80002a54 (0x6d85) x27 0x00001000
core   0: 0x80002a56 (0xb0ad8d93) addi    s11, s11, -1270
core   0: 3 0x80002a56 (0xb0ad8d93) x27 0x00000b0a
core   0: 0x80002a5a (0x00000da2) c.slli  s11, 8
core   0: 3 0x80002a5a (0x0da2) x27 0x000b0a00
core   0: 0x80002a5c (0x00000d8d) c.addi  s11, 3
core   0: 3 0x80002a5c (0x0d8d) x27 0x000b0a03
core   0: 0x80002a5e (0x01bd2023) sw      s11, 0(s10)
core   0: 3 0x80002a5e (0x01bd2023) mem 0x8ffffffc 0x000b0a03
core   0: 0x80002a62 (0xb0a02df3) csrr    s11, mhpmcounter10
core   0: 3 0x80002a62 (0xb0a02df3) x27 0x00000949
core   0: 0x80002a66 (0x01bd2023) sw      s11, 0(s10)
core   0: 3 0x80002a66 (0x01bd2023) mem 0x8ffffffc 0x00000949
core   0: 0x80002a6a (0x90000d37) lui     s10, 0x90000
core   0: 3 0x80002a6a (0x90000d37) x26 0x90000000
core   0: 0x80002a6e (0x00001d71) c.addi  s10, -4
core   0: 3 0x80002a6e (0x1d71) x26 0x8ffffffc
core   0: 0x80002a70 (0x00006d85) c.lui   s11, 0x1
core   0: 3 0x80002a70 (0x6d85) x27 0x00001000
core   0: 0x80002a72 (0xb8ad8d93) addi    s11, s11, -1142
core   0: 3 0x80002a72 (0xb8ad8d93) x27 0x00000b8a
core   0: 0x80002a76 (0x00000da2) c.slli  s11, 8
core   0: 3 0x80002a76 (0x0da2) x27 0x000b8a00
core   0: 0x80002a78 (0x00000d8d) c.addi  s11, 3
core   0: 3 0x80002a78 (0x0d8d) x27 0x000b8a03
core   0: 0x80002a7a (0x01bd2023) sw      s11, 0(s10)
core   0: 3 0x80002a7a (0x01bd2023) mem 0x8ffffffc 0x000b8a03
core   0: 0x80002a7e (0xb8a02df3) csrr    s11, mhpmcounter10h
core   0: 3 0x80002a7e (0xb8a02df3) x27 0x00000000
core   0: 0x80002a82 (0x01bd2023) sw      s11, 0(s10)
core   0: 3 0x80002a82 (0x01bd2023) mem 0x8ffffffc 0x00000000
core   0: 0x80002a86 (0x90000d37) lui     s10, 0x90000
core   0: 3 0x80002a86 (0x90000d37) x26 0x90000000
core   0: 0x80002a8a (0x00001d71) c.addi  s10, -4
core   0: 3 0x80002a8a (0x1d71) x26 0x8ffffffc
core   0: 0x80002a8c (0x00006d85) c.lui   s11, 0x1
core   0: 3 0x80002a8c (0x6d85) x27 0x00001000
core   0: 0x80002a8e (0xb0bd8d93) addi    s11, s11, -1269
core   0: 3 0x80002a8e (0xb0bd8d93) x27 0x00000b0b
core   0: 0x80002a92 (0x00000da2) c.slli  s11, 8
core   0: 3 0x80002a92 (0x0da2) x27 0x000b0b00
core   0: 0x80002a94 (0x00000d8d) c.addi  s11, 3
core   0: 3 0x80002a94 (0x0d8d) x27 0x000b0b03
core   0: 0x80002a96 (0x01bd2023) sw      s11, 0(s10)
core   0: 3 0x80002a96 (0x01bd2023) mem 0x8ffffffc 0x000b0b03
core   0: 0x80002a9a (0xb0b02df3) csrr    s11, mhpmcounter11
core   0: 3 0x80002a9a (0xb0b02df3) x27 0x000000ab
core   0: 0x80002a9e (0x01bd2023) sw      s11, 0(s10)
core   0: 3 0x80002a9e (0x01bd2023) mem 0x8ffffffc 0x000000ab
core   0: 0x80002aa2 (0x90000d37) lui     s10, 0x90000
core   0: 3 0x80002aa2 (0x90000d37) x26 0x90000000
core   0: 0x80002aa6 (0x00001d71) c.addi  s10, -4
core   0: 3 0x80002aa6 (0x1d71) x26 0x8ffffffc
core   0: 0x80002aa8 (0x00006d85) c.lui   s11, 0x1
core   0: 3 0x80002aa8 (0x6d85) x27 0x00001000
core   0: 0x80002aaa (0xb8bd8d93) addi    s11, s11, -1141
core   0: 3 0x80002aaa (0xb8bd8d93) x27 0x00000b8b
core   0: 0x80002aae (0x00000da2) c.slli  s11, 8
core   0: 3 0x80002aae (0x0da2) x27 0x000b8b00
core   0: 0x80002ab0 (0x00000d8d) c.addi  s11, 3
core   0: 3 0x80002ab0 (0x0d8d) x27 0x000b8b03
core   0: 0x80002ab2 (0x01bd2023) sw      s11, 0(s10)
core   0: 3 0x80002ab2 (0x01bd2023) mem 0x8ffffffc 0x000b8b03
core   0: 0x80002ab6 (0xb8b02df3) csrr    s11, mhpmcounter11h
core   0: 3 0x80002ab6 (0xb8b02df3) x27 0x00000000
core   0: 0x80002aba (0x01bd2023) sw      s11, 0(s10)
core   0: 3 0x80002aba (0x01bd2023) mem 0x8ffffffc 0x00000000
core   0: 0x80002abe (0x90000d37) lui     s10, 0x90000
core   0: 3 0x80002abe (0x90000d37) x26 0x90000000
core   0: 0x80002ac2 (0x00001d71) c.addi  s10, -4
core   0: 3 0x80002ac2 (0x1d71) x26 0x8ffffffc
core   0: 0x80002ac4 (0x00006d85) c.lui   s11, 0x1
core   0: 3 0x80002ac4 (0x6d85) x27 0x00001000
core   0: 0x80002ac6 (0xb0cd8d93) addi    s11, s11, -1268
core   0: 3 0x80002ac6 (0xb0cd8d93) x27 0x00000b0c
core   0: 0x80002aca (0x00000da2) c.slli  s11, 8
core   0: 3 0x80002aca (0x0da2) x27 0x000b0c00
core   0: 0x80002acc (0x00000d8d) c.addi  s11, 3
core   0: 3 0x80002acc (0x0d8d) x27 0x000b0c03
core   0: 0x80002ace (0x01bd2023) sw      s11, 0(s10)
core   0: 3 0x80002ace (0x01bd2023) mem 0x8ffffffc 0x000b0c03
core   0: 0x80002ad2 (0xb0c02df3) csrr    s11, mhpmcounter12
core   0: 3 0x80002ad2 (0xb0c02df3) x27 0x000018c6
core   0: 0x80002ad6 (0x01bd2023) sw      s11, 0(s10)
core   0: 3 0x80002ad6 (0x01bd2023) mem 0x8ffffffc 0x000018c6
core   0: 0x80002ada (0x90000d37) lui     s10, 0x90000
core   0: 3 0x80002ada (0x90000d37) x26 0x90000000
core   0: 0x80002ade (0x00001d71) c.addi  s10, -4
core   0: 3 0x80002ade (0x1d71) x26 0x8ffffffc
core   0: 0x80002ae0 (0x00006d85) c.lui   s11, 0x1
core   0: 3 0x80002ae0 (0x6d85) x27 0x00001000
core   0: 0x80002ae2 (0xb8cd8d93) addi    s11, s11, -1140
core   0: 3 0x80002ae2 (0xb8cd8d93) x27 0x00000b8c
core   0: 0x80002ae6 (0x00000da2) c.slli  s11, 8
core   0: 3 0x80002ae6 (0x0da2) x27 0x000b8c00
core   0: 0x80002ae8 (0x00000d8d) c.addi  s11, 3
core   0: 3 0x80002ae8 (0x0d8d) x27 0x000b8c03
core   0: 0x80002aea (0x01bd2023) sw      s11, 0(s10)
core   0: 3 0x80002aea (0x01bd2023) mem 0x8ffffffc 0x000b8c03
core   0: 0x80002aee (0xb8c02df3) csrr    s11, mhpmcounter12h
core   0: 3 0x80002aee (0xb8c02df3) x27 0x00000000
core   0: 0x80002af2 (0x01bd2023) sw      s11, 0(s10)
core   0: 3 0x80002af2 (0x01bd2023) mem 0x8ffffffc 0x00000000
core   0: 0x80002af6 (0xffffdd97) auipc   s11, 0xffffd
core   0: 3 0x80002af6 (0xffffdd97) x27 0x7ffffaf6
core   0: 0x80002afa (0x58ad8d93) addi    s11, s11, 1418
core   0: 3 0x80002afa (0x58ad8d93) x27 0x80000080
core   0: 0x80002afe (0x000da023) sw      zero, 0(s11)
core   0: 3 0x80002afe (0x000da023) mem 0x80000080 0x00000000
core   0: 0x80002b02 (0x001da223) sw      ra, 4(s11)
core   0: 3 0x80002b02 (0x001da223) mem 0x80000084 0x800035d4
core   0: 0x80002b06 (0x002da423) sw      sp, 8(s11)
core   0: 3 0x80002b06 (0x002da423) mem 0x80000088 0x00000000
core   0: 0x80002b0a (0x003da623) sw      gp, 12(s11)
core   0: 3 0x80002b0a (0x003da623) mem 0x8000008c 0x00000000
core   0: 0x80002b0e (0x004da823) sw      tp, 16(s11)
core   0: 3 0x80002b0e (0x004da823) mem 0x80000090 0x00015000
core   0: 0x80002b12 (0x005daa23) sw      t0, 20(s11)
core   0: 3 0x80002b12 (0x005daa23) mem 0x80000094 0x00000000
core   0: 0x80002b16 (0x006dac23) sw      t1, 24(s11)
core   0: 3 0x80002b16 (0x006dac23) mem 0x80000098 0xfffeb034
core   0: 0x80002b1a (0x007dae23) sw      t2, 28(s11)
core   0: 3 0x80002b1a (0x007dae23) mem 0x8000009c 0xfffe3728
core   0: 0x80002b1e (0x028da023) sw      s0, 32(s11)
core   0: 3 0x80002b1e (0x028da023) mem 0x800000a0 0x0001a000
core   0: 0x80002b22 (0x029da223) sw      s1, 36(s11)
core   0: 3 0x80002b22 (0x029da223) mem 0x800000a4 0x3ffff8a2
core   0: 0x80002b26 (0x02ada423) sw      a0, 40(s11)
core   0: 3 0x80002b26 (0x02ada423) mem 0x800000a8 0xffffffff
core   0: 0x80002b2a (0x02bda623) sw      a1, 44(s11)
core   0: 3 0x80002b2a (0x02bda623) mem 0x800000ac 0x8000036a
core   0: 0x80002b2e (0x02cda823) sw      a2, 48(s11)
core   0: 3 0x80002b2e (0x02cda823) mem 0x800000b0 0xfffe3728
core   0: 0x80002b32 (0x02ddaa23) sw      a3, 52(s11)
core   0: 3 0x80002b32 (0x02ddaa23) mem 0x800000b4 0x80023c60
core   0: 0x80002b36 (0x02edac23) sw      a4, 56(s11)
core   0: 3 0x80002b36 (0x02edac23) mem 0x800000b8 0x00000034
core   0: 0x80002b3a (0x02fdae23) sw      a5, 60(s11)
core   0: 3 0x80002b3a (0x02fdae23) mem 0x800000bc 0x00000000
