Time	Cycle	PC	Insn	Decoded instruction	Register and memory contents
        1055000	         6	80000080	40001db7	lui	x27,0x40001	 x27=0x40001000
        1065000	         7	80000084	106d8d93	addi	x27,x27,262	 x27:0x40001000 x27=0x40001106
        1075000	         8	80000088	301d9073	csrrw	x0,misa,x27	 x27:0x40001106  x0=0x00000000
        1105000	        11	8000008c	00024697	auipc	x13,0x24	 x13=0x8002408c
        1115000	        12	80000090	c5868693	addi	x13,x13,-936	 x13:0x8002408c x13=0x80023ce4
        1125000	        13	80000094	00002d97	auipc	x27,0x2	 x27=0x80002094
        1135000	        14	80000098	66cd8d93	addi	x27,x27,1644	 x27:0x80002094 x27=0x80002700
        1145000	        15	8000009c	001ded93	ori	x27,x27,1	 x27:0x80002700 x27=0x80002701
        1155000	        16	800000a0	305d9073	csrrw	x0,mtvec,x27	 x27:0x80002701  x0=0x00000000
        1185000	        19	800000a4	74725073	csrrwi	x0,0x747,4	  x0=0x00000000
        1215000	        22	800000a8	00003597	auipc	x11,0x3	 x11=0x800030a8
        1225000	        23	800000ac	41458593	addi	x11,x11,1044	 x11:0x800030a8 x11=0x800034bc
        1235000	        24	800000b0	4d81	c.li	x27,0	 x27=0x00000000
        1245000	        25	800000b2	95ee	c.add	x11,x27	 x11:0x800034bc x27:0x00000000 x11=0x800034bc
        1255000	        26	800000b4	8189	c.srli	x11,0x2	 x11:0x800034bc x11=0x20000d2f
        1265000	        27	800000b6	3b059073	csrrw	x0,pmpaddr0,x11	 x11:0x20000d2f  x0=0x00000000
        1295000	        30	800000ba	00003597	auipc	x11,0x3	 x11=0x800030ba
        1305000	        31	800000be	40258593	addi	x11,x11,1026	 x11:0x800030ba x11=0x800034bc
        1315000	        32	800000c2	11111db7	lui	x27,0x11111	 x27=0x11111000
        1325000	        33	800000c6	111d8d93	addi	x27,x27,273	 x27:0x11111000 x27=0x11111111
        1335000	        34	800000ca	95ee	c.add	x11,x27	 x11:0x800034bc x27:0x11111111 x11=0x911145cd
        1345000	        35	800000cc	8189	c.srli	x11,0x2	 x11:0x911145cd x11=0x24445173
        1355000	        36	800000ce	3b159073	csrrw	x0,pmpaddr1,x11	 x11:0x24445173  x0=0x00000000
        1385000	        39	800000d2	00003597	auipc	x11,0x3	 x11=0x800030d2
        1395000	        40	800000d6	3ea58593	addi	x11,x11,1002	 x11:0x800030d2 x11=0x800034bc
        1405000	        41	800000da	22222db7	lui	x27,0x22222	 x27=0x22222000
        1415000	        42	800000de	222d8d93	addi	x27,x27,546	 x27:0x22222000 x27=0x22222222
        1425000	        43	800000e2	95ee	c.add	x11,x27	 x11:0x800034bc x27:0x22222222 x11=0xa22256de
        1435000	        44	800000e4	8189	c.srli	x11,0x2	 x11:0xa22256de x11=0x288895b7
        1445000	        45	800000e6	3b259073	csrrw	x0,pmpaddr2,x11	 x11:0x288895b7  x0=0x00000000
        1475000	        48	800000ea	00003597	auipc	x11,0x3	 x11=0x800030ea
        1485000	        49	800000ee	3d258593	addi	x11,x11,978	 x11:0x800030ea x11=0x800034bc
        1495000	        50	800000f2	33333db7	lui	x27,0x33333	 x27=0x33333000
        1505000	        51	800000f6	333d8d93	addi	x27,x27,819	 x27:0x33333000 x27=0x33333333
        1515000	        52	800000fa	95ee	c.add	x11,x27	 x11:0x800034bc x27:0x33333333 x11=0xb33367ef
        1525000	        53	800000fc	8189	c.srli	x11,0x2	 x11:0xb33367ef x11=0x2cccd9fb
        1535000	        54	800000fe	3b359073	csrrw	x0,pmpaddr3,x11	 x11:0x2cccd9fb  x0=0x00000000
        1565000	        57	80000102	0f0f15b7	lui	x11,0xf0f1	 x11=0x0f0f1000
        1575000	        58	80000106	f0f58593	addi	x11,x11,-241	 x11:0x0f0f1000 x11=0x0f0f0f0f
        1585000	        59	8000010a	3a059073	csrrw	x0,pmpcfg0,x11	 x11:0x0f0f0f0f  x0=0x00000000
        1615000	        62	8000010e	00003597	auipc	x11,0x3	 x11=0x8000310e
        1625000	        63	80000112	3ae58593	addi	x11,x11,942	 x11:0x8000310e x11=0x800034bc
        1635000	        64	80000116	44444db7	lui	x27,0x44444	 x27=0x44444000
        1645000	        65	8000011a	444d8d93	addi	x27,x27,1092	 x27:0x44444000 x27=0x44444444
        1655000	        66	8000011e	95ee	c.add	x11,x27	 x11:0x800034bc x27:0x44444444 x11=0xc4447900
        1665000	        67	80000120	8189	c.srli	x11,0x2	 x11:0xc4447900 x11=0x31111e40
        1675000	        68	80000122	3b459073	csrrw	x0,pmpaddr4,x11	 x11:0x31111e40  x0=0x00000000
        1705000	        71	80000126	00003597	auipc	x11,0x3	 x11=0x80003126
        1715000	        72	8000012a	39658593	addi	x11,x11,918	 x11:0x80003126 x11=0x800034bc
        1725000	        73	8000012e	55555db7	lui	x27,0x55555	 x27=0x55555000
        1735000	        74	80000132	555d8d93	addi	x27,x27,1365	 x27:0x55555000 x27=0x55555555
        1745000	        75	80000136	95ee	c.add	x11,x27	 x11:0x800034bc x27:0x55555555 x11=0xd5558a11
        1755000	        76	80000138	8189	c.srli	x11,0x2	 x11:0xd5558a11 x11=0x35556284
        1765000	        77	8000013a	3b559073	csrrw	x0,pmpaddr5,x11	 x11:0x35556284  x0=0x00000000
        1795000	        80	8000013e	00003597	auipc	x11,0x3	 x11=0x8000313e
        1805000	        81	80000142	37e58593	addi	x11,x11,894	 x11:0x8000313e x11=0x800034bc
        1815000	        82	80000146	66666db7	lui	x27,0x66666	 x27=0x66666000
        1825000	        83	8000014a	666d8d93	addi	x27,x27,1638	 x27:0x66666000 x27=0x66666666
        1835000	        84	8000014e	95ee	c.add	x11,x27	 x11:0x800034bc x27:0x66666666 x11=0xe6669b22
        1845000	        85	80000150	8189	c.srli	x11,0x2	 x11:0xe6669b22 x11=0x3999a6c8
        1855000	        86	80000152	3b659073	csrrw	x0,pmpaddr6,x11	 x11:0x3999a6c8  x0=0x00000000
        1885000	        89	80000156	00003597	auipc	x11,0x3	 x11=0x80003156
        1895000	        90	8000015a	36658593	addi	x11,x11,870	 x11:0x80003156 x11=0x800034bc
        1905000	        91	8000015e	77777db7	lui	x27,0x77777	 x27=0x77777000
        1915000	        92	80000162	777d8d93	addi	x27,x27,1911	 x27:0x77777000 x27=0x77777777
        1925000	        93	80000166	95ee	c.add	x11,x27	 x11:0x800034bc x27:0x77777777 x11=0xf777ac33
        1935000	        94	80000168	8189	c.srli	x11,0x2	 x11:0xf777ac33 x11=0x3dddeb0c
        1945000	        95	8000016a	3b759073	csrrw	x0,pmpaddr7,x11	 x11:0x3dddeb0c  x0=0x00000000
        1975000	        98	8000016e	0f0f15b7	lui	x11,0xf0f1	 x11=0x0f0f1000
        1985000	        99	80000172	f0f58593	addi	x11,x11,-241	 x11:0x0f0f1000 x11=0x0f0f0f0f
        1995000	       100	80000176	3a159073	csrrw	x0,pmpcfg1,x11	 x11:0x0f0f0f0f  x0=0x00000000
        2025000	       103	8000017a	00003597	auipc	x11,0x3	 x11=0x8000317a
        2035000	       104	8000017e	34258593	addi	x11,x11,834	 x11:0x8000317a x11=0x800034bc
        2045000	       105	80000182	88889db7	lui	x27,0x88889	 x27=0x88889000
        2055000	       106	80000186	888d8d93	addi	x27,x27,-1912	 x27:0x88889000 x27=0x88888888
        2065000	       107	8000018a	95ee	c.add	x11,x27	 x11:0x800034bc x27:0x88888888 x11=0x0888bd44
        2075000	       108	8000018c	8189	c.srli	x11,0x2	 x11:0x0888bd44 x11=0x02222f51
        2085000	       109	8000018e	3b859073	csrrw	x0,pmpaddr8,x11	 x11:0x02222f51  x0=0x00000000
        2115000	       112	80000192	00003597	auipc	x11,0x3	 x11=0x80003192
        2125000	       113	80000196	32a58593	addi	x11,x11,810	 x11:0x80003192 x11=0x800034bc
        2135000	       114	8000019a	9999adb7	lui	x27,0x9999a	 x27=0x9999a000
        2145000	       115	8000019e	999d8d93	addi	x27,x27,-1639	 x27:0x9999a000 x27=0x99999999
        2155000	       116	800001a2	95ee	c.add	x11,x27	 x11:0x800034bc x27:0x99999999 x11=0x1999ce55
        2165000	       117	800001a4	8189	c.srli	x11,0x2	 x11:0x1999ce55 x11=0x06667395
        2175000	       118	800001a6	3b959073	csrrw	x0,pmpaddr9,x11	 x11:0x06667395  x0=0x00000000
        2205000	       121	800001aa	00003597	auipc	x11,0x3	 x11=0x800031aa
        2215000	       122	800001ae	31258593	addi	x11,x11,786	 x11:0x800031aa x11=0x800034bc
        2225000	       123	800001b2	aaaabdb7	lui	x27,0xaaaab	 x27=0xaaaab000
        2235000	       124	800001b6	aaad8d93	addi	x27,x27,-1366	 x27:0xaaaab000 x27=0xaaaaaaaa
        2245000	       125	800001ba	95ee	c.add	x11,x27	 x11:0x800034bc x27:0xaaaaaaaa x11=0x2aaadf66
        2255000	       126	800001bc	8189	c.srli	x11,0x2	 x11:0x2aaadf66 x11=0x0aaab7d9
        2265000	       127	800001be	3ba59073	csrrw	x0,pmpaddr10,x11	 x11:0x0aaab7d9  x0=0x00000000
        2295000	       130	800001c2	00003597	auipc	x11,0x3	 x11=0x800031c2
        2305000	       131	800001c6	2fa58593	addi	x11,x11,762	 x11:0x800031c2 x11=0x800034bc
        2315000	       132	800001ca	bbbbcdb7	lui	x27,0xbbbbc	 x27=0xbbbbc000
        2325000	       133	800001ce	bbbd8d93	addi	x27,x27,-1093	 x27:0xbbbbc000 x27=0xbbbbbbbb
        2335000	       134	800001d2	95ee	c.add	x11,x27	 x11:0x800034bc x27:0xbbbbbbbb x11=0x3bbbf077
        2345000	       135	800001d4	8189	c.srli	x11,0x2	 x11:0x3bbbf077 x11=0x0eeefc1d
        2355000	       136	800001d6	3bb59073	csrrw	x0,pmpaddr11,x11	 x11:0x0eeefc1d  x0=0x00000000
        2385000	       139	800001da	0f0f15b7	lui	x11,0xf0f1	 x11=0x0f0f1000
        2395000	       140	800001de	f0f58593	addi	x11,x11,-241	 x11:0x0f0f1000 x11=0x0f0f0f0f
        2405000	       141	800001e2	3a259073	csrrw	x0,pmpcfg2,x11	 x11:0x0f0f0f0f  x0=0x00000000
        2435000	       144	800001e6	00003597	auipc	x11,0x3	 x11=0x800031e6
        2445000	       145	800001ea	2d658593	addi	x11,x11,726	 x11:0x800031e6 x11=0x800034bc
        2455000	       146	800001ee	ccccddb7	lui	x27,0xccccd	 x27=0xccccd000
        2465000	       147	800001f2	cccd8d93	addi	x27,x27,-820	 x27:0xccccd000 x27=0xcccccccc
        2475000	       148	800001f6	95ee	c.add	x11,x27	 x11:0x800034bc x27:0xcccccccc x11=0x4ccd0188
        2485000	       149	800001f8	8189	c.srli	x11,0x2	 x11:0x4ccd0188 x11=0x13334062
        2495000	       150	800001fa	3bc59073	csrrw	x0,pmpaddr12,x11	 x11:0x13334062  x0=0x00000000
        2525000	       153	800001fe	00003597	auipc	x11,0x3	 x11=0x800031fe
        2535000	       154	80000202	2be58593	addi	x11,x11,702	 x11:0x800031fe x11=0x800034bc
        2545000	       155	80000206	ddddedb7	lui	x27,0xdddde	 x27=0xdddde000
        2555000	       156	8000020a	dddd8d93	addi	x27,x27,-547	 x27:0xdddde000 x27=0xdddddddd
        2565000	       157	8000020e	95ee	c.add	x11,x27	 x11:0x800034bc x27:0xdddddddd x11=0x5dde1299
        2575000	       158	80000210	8189	c.srli	x11,0x2	 x11:0x5dde1299 x11=0x177784a6
        2585000	       159	80000212	3bd59073	csrrw	x0,pmpaddr13,x11	 x11:0x177784a6  x0=0x00000000
        2615000	       162	80000216	00003597	auipc	x11,0x3	 x11=0x80003216
        2625000	       163	8000021a	2a658593	addi	x11,x11,678	 x11:0x80003216 x11=0x800034bc
        2635000	       164	8000021e	eeeefdb7	lui	x27,0xeeeef	 x27=0xeeeef000
        2645000	       165	80000222	eeed8d93	addi	x27,x27,-274	 x27:0xeeeef000 x27=0xeeeeeeee
        2655000	       166	80000226	95ee	c.add	x11,x27	 x11:0x800034bc x27:0xeeeeeeee x11=0x6eef23aa
        2665000	       167	80000228	8189	c.srli	x11,0x2	 x11:0x6eef23aa x11=0x1bbbc8ea
        2675000	       168	8000022a	3be59073	csrrw	x0,pmpaddr14,x11	 x11:0x1bbbc8ea  x0=0x00000000
        2705000	       171	8000022e	00003597	auipc	x11,0x3	 x11=0x8000322e
        2715000	       172	80000232	28e58593	addi	x11,x11,654	 x11:0x8000322e x11=0x800034bc
        2725000	       173	80000236	fff00d93	addi	x27,x0,-1	  x0:0x00000000 x27=0xffffffff
        2735000	       174	8000023a	95ee	c.add	x11,x27	 x11:0x800034bc x27:0xffffffff x11=0x800034bb
        2745000	       175	8000023c	8189	c.srli	x11,0x2	 x11:0x800034bb x11=0x20000d2e
        2755000	       176	8000023e	3bf59073	csrrw	x0,pmpaddr15,x11	 x11:0x20000d2e  x0=0x00000000
        2785000	       179	80000242	0f0f15b7	lui	x11,0xf0f1	 x11=0x0f0f1000
        2795000	       180	80000246	f0f58593	addi	x11,x11,-241	 x11:0x0f0f1000 x11=0x0f0f0f0f
        2805000	       181	8000024a	3a359073	csrrw	x0,pmpcfg3,x11	 x11:0x0f0f0f0f  x0=0x00000000
        2835000	       184	8000024e	00000d97	auipc	x27,0x0	 x27=0x8000024e
        2845000	       185	80000252	060d8d93	addi	x27,x27,96	 x27:0x8000024e x27=0x800002ae
        2855000	       186	80000256	341d9073	csrrw	x0,mepc,x27	 x27:0x800002ae  x0=0x00000000
        2865000	       187	8000025a	7c00d073	csrrwi	x0,0x7c0,1	  x0=0x00000000
        2895000	       190	8000025e	4d81	c.li	x27,0	 x27=0x00000000
        2905000	       191	80000260	300d9073	csrrw	x0,mstatus,x27	 x27:0x00000000  x0=0x00000000
        2935000	       194	80000264	4d81	c.li	x27,0	 x27=0x00000000
        2945000	       195	80000266	304d9073	csrrw	x0,mie,x27	 x27:0x00000000  x0=0x00000000
        2975000	       198	8000026a	90000d37	lui	x26,0x90000	 x26=0x90000000
        2985000	       199	8000026e	1d71	c.addi	x26,-4	 x26:0x90000000 x26=0x8ffffffc
        2995000	       200	80000270	90000d37	lui	x26,0x90000	 x26=0x90000000
        3005000	       201	80000274	1d71	c.addi	x26,-4	 x26:0x90000000 x26=0x8ffffffc
        3015000	       202	80000276	90000d37	lui	x26,0x90000	 x26=0x90000000
        3025000	       203	8000027a	1d71	c.addi	x26,-4	 x26:0x90000000 x26=0x8ffffffc
        3035000	       204	8000027c	30000d93	addi	x27,x0,768	  x0:0x00000000 x27=0x00000300
        3045000	       205	80000280	0da2	c.slli	x27,0x8	 x27:0x00000300 x27=0x00030000
        3055000	       206	80000282	0d8d	c.addi	x27,3	 x27:0x00030000 x27=0x00030003
        3065000	       207	80000284	01bd2023	sw	x27,0(x26)	 x26:0x8ffffffc x27:0x00030003 PA:0x8ffffffc store:0x00030003 load:0x00000000
        3075000	       208	80000288	30002df3	csrrs	x27,mstatus,x0	  x0:0x00000000 x27=0x00000000
        3085000	       209	8000028c	01bd2023	sw	x27,0(x26)	 x26:0x8ffffffc x27:0x00000000 PA:0x8ffffffc store:0x00000000 load:0x00000000
        3095000	       210	80000290	90000d37	lui	x26,0x90000	 x26=0x90000000
        3105000	       211	80000294	1d71	c.addi	x26,-4	 x26:0x90000000 x26=0x8ffffffc
        3115000	       212	80000296	30400d93	addi	x27,x0,772	  x0:0x00000000 x27=0x00000304
        3125000	       213	8000029a	0da2	c.slli	x27,0x8	 x27:0x00000304 x27=0x00030400
        3135000	       214	8000029c	0d8d	c.addi	x27,3	 x27:0x00030400 x27=0x00030403
        3145000	       215	8000029e	01bd2023	sw	x27,0(x26)	 x26:0x8ffffffc x27:0x00030403 PA:0x8ffffffc store:0x00030403 load:0x00000000
        3155000	       216	800002a2	30402df3	csrrs	x27,mie,x0	  x0:0x00000000 x27=0x00000000
        3165000	       217	800002a6	01bd2023	sw	x27,0(x26)	 x26:0x8ffffffc x27:0x00000000 PA:0x8ffffffc store:0x00000000 load:0x00000000
        3175000	       218	800002aa	30200073	mret	
        3215000	       222	800002ae	00100013	addi	x0,x0,1	  x0:0x00000000  x0=0x00000000
        3225000	       223	800002b2	49ecc0b7	lui	x1,0x49ecc	  x1=0x49ecc000
        3235000	       224	800002b6	08708093	addi	x1,x1,135	  x1:0x49ecc000  x1=0x49ecc087
        3245000	       225	800002ba	4101	c.li	x2,0	  x2=0x00000000
        3255000	       226	800002bc	800001b7	lui	x3,0x80000	  x3=0x80000000
        3265000	       227	800002c0	80000237	lui	x4,0x80000	  x4=0x80000000
        3275000	       228	800002c4	4281	c.li	x5,0	  x5=0x00000000
        3285000	       229	800002c6	80000337	lui	x6,0x80000	  x6=0x80000000
        3295000	       230	800002ca	800003b7	lui	x7,0x80000	  x7=0x80000000
        3305000	       231	800002ce	4435	c.li	x8,13	  x8=0x0000000d
        3315000	       232	800002d0	f3c464b7	lui	x9,0xf3c46	  x9=0xf3c46000
        3325000	       233	800002d4	49248493	addi	x9,x9,1170	  x9:0xf3c46000  x9=0xf3c46492
        3335000	       234	800002d8	7db24537	lui	x10,0x7db24	 x10=0x7db24000
        3345000	       235	800002dc	02d50513	addi	x10,x10,45	 x10:0x7db24000 x10=0x7db2402d
        3355000	       236	800002e0	f1e8b5b7	lui	x11,0xf1e8b	 x11=0xf1e8b000
        3365000	       237	800002e4	1fd58593	addi	x11,x11,509	 x11:0xf1e8b000 x11=0xf1e8b1fd
        3375000	       238	800002e8	ea41f637	lui	x12,0xea41f	 x12=0xea41f000
        3385000	       239	800002ec	80f60613	addi	x12,x12,-2033	 x12:0xea41f000 x12=0xea41e80f
        3395000	       240	800002f0	4715	c.li	x14,5	 x14=0x00000005
        3405000	       241	800002f2	4781	c.li	x15,0	 x15=0x00000000
        3415000	       242	800002f4	80000837	lui	x16,0x80000	 x16=0x80000000
        3425000	       243	800002f8	800008b7	lui	x17,0x80000	 x17=0x80000000
        3435000	       244	800002fc	80000937	lui	x18,0x80000	 x18=0x80000000
        3445000	       245	80000300	247fa9b7	lui	x19,0x247fa	 x19=0x247fa000
        3455000	       246	80000304	13498993	addi	x19,x19,308	 x19:0x247fa000 x19=0x247fa134
        3465000	       247	80000308	80000a37	lui	x20,0x80000	 x20=0x80000000
        3475000	       248	8000030c	3377aab7	lui	x21,0x3377a	 x21=0x3377a000
        3485000	       249	80000310	6b3a8a93	addi	x21,x21,1715	 x21:0x3377a000 x21=0x3377a6b3
        3495000	       250	80000314	4b39	c.li	x22,14	 x22=0x0000000e
        3505000	       251	80000316	80000c37	lui	x24,0x80000	 x24=0x80000000
        3515000	       252	8000031a	e4118cb7	lui	x25,0xe4118	 x25=0xe4118000
        3525000	       253	8000031e	4b0c8c93	addi	x25,x25,1200	 x25:0xe4118000 x25=0xe41184b0
        3535000	       254	80000322	ff8e3d37	lui	x26,0xff8e3	 x26=0xff8e3000
        3545000	       255	80000326	42dd0d13	addi	x26,x26,1069	 x26:0xff8e3000 x26=0xff8e342d
        3555000	       256	8000032a	4d81	c.li	x27,0	 x27=0x00000000
        3565000	       257	8000032c	f756ee37	lui	x28,0xf756e	 x28=0xf756e000
        3575000	       258	80000330	58be0e13	addi	x28,x28,1419	 x28:0xf756e000 x28=0xf756e58b
        3585000	       259	80000334	b0c56eb7	lui	x29,0xb0c56	 x29=0xb0c56000
        3595000	       260	80000338	673e8e93	addi	x29,x29,1651	 x29:0xb0c56000 x29=0xb0c56673
        3605000	       261	8000033c	f208df37	lui	x30,0xf208d	 x30=0xf208d000
        3615000	       262	80000340	d6cf0f13	addi	x30,x30,-660	 x30:0xf208d000 x30=0xf208cd6c
        3625000	       263	80000344	09249fb7	lui	x31,0x9249	 x31=0x09249000
        3635000	       264	80000348	2b6f8f93	addi	x31,x31,694	 x31:0x09249000 x31=0x092492b6
        3645000	       265	8000034c	00020b97	auipc	x23,0x20	 x23=0x8002034c
        3655000	       266	80000350	b18b8b93	addi	x23,x23,-1256	 x23:0x8002034c x23=0x8001fe64
        3665000	       267	80000354	90000d37	lui	x26,0x90000	 x26=0x90000000
        3675000	       268	80000358	1d71	c.addi	x26,-4	 x26:0x90000000 x26=0x8ffffffc
        3685000	       269	8000035a	4d81	c.li	x27,0	 x27=0x00000000
        3695000	       270	8000035c	0da2	c.slli	x27,0x8	 x27:0x00000000 x27=0x00000000
        3705000	       271	8000035e	000d8d93	addi	x27,x27,0	 x27:0x00000000 x27=0x00000000
        3715000	       272	80000362	01bd2023	sw	x27,0(x26)	 x26:0x8ffffffc x27:0x00000000 PA:0x8ffffffc store:0x00000000 load:0x00000000
        3725000	       273	80000366	1560306f	jal	x0,800034bc	  x0=0x00000000
        3745000	       275	800034bc	00000a17	auipc	x20,0x0	 x20=0x800034bc
        3755000	       276	800034c0	142a0a13	addi	x20,x20,322	 x20:0x800034bc x20=0x800035fe
        3765000	       277	800034c4	0001	c.addi	x0,0	  x0:0x00000000  x0=0x00000000
        3775000	       278	800034c6	eeba0a13	addi	x20,x20,-277	 x20:0x800035fe x20=0x800034e9
        3785000	       279	800034ca	8e6a	c.mv	x28,x26	  x0:0x00000000 x26:0x8ffffffc x28=0x8ffffffc
        3795000	       280	800034cc	93373c93	sltiu	x25,x14,-1741	 x14:0x00000005 x25=0x00000001
        3805000	       281	800034d0	010d7563	bgeu	x26,x16,800034da	 x26:0x8ffffffc x16:0x80000000
        3835000	       284	800034da	115a00e7	jalr	x1,277(x20)	 x20:0x800034e9  x1=0x800034de
        3865000	       287	800035fe	00be5263	bge	x28,x11,80003602	 x28:0x8ffffffc x11:0xf1e8b1fd
        3875000	       288	80003602	1b81	c.addi	x23,-32	 x23:0x8001fe64 x23=0x8001fe44
        3885000	       289	80003604	0c06	c.slli	x24,0x1	 x24:0x80000000 x24=0x00000000
        3895000	       290	80003606	001ba223	sw	x1,4(x23)	 x23:0x8001fe44  x1:0x800034de PA:0x8001fe48 store:0x800034de load:0x00000000
        3905000	       291	8000360a	069c	c.addi4spn	x15,x2,832	 x15=0x00000340
        3945000	       295	8000360c	02069633	mulh	x12,x13,x0	 x13:0x80023ce4  x0:0x00000000 x12=0x00000000
        3955000	       296	80003610	8e31	c.xor	x12,x12	 x12:0x00000000 x12:0x00000000 x12=0x00000000
        3965000	       297	80003612	41940533	sub	x10,x8,x25	  x8:0x0000000d x25:0x00000001 x10=0x0000000c
        3975000	       298	80003616	3861ff13	andi	x30,x3,902	  x3:0x80000000 x30=0x00000000
        3985000	       299	8000361a	0000100f	fence.i	
        4015000	       302	8000361e	55da3217	auipc	x4,0x55da3	  x4=0xd5da661e
        4055000	       306	80003622	033a91b3	mulh	x3,x21,x19	 x21:0x3377a6b3 x19:0x247fa134  x3=0x07567c35
        4095000	       310	80003626	02f9acb3	mulhsu	x25,x19,x15	 x19:0x247fa134 x15:0x00000340 x25=0x00000076
        4105000	       311	8000362a	8c35	c.xor	x8,x13	  x8:0x0000000d x13:0x80023ce4  x8=0x80023ce9
        4115000	       312	8000362c	0098c433	xor	x8,x17,x9	 x17:0x80000000  x9:0xf3c46492  x8=0x73c46492
        4125000	       313	80003630	9f66	c.add	x30,x25	 x30:0x00000000 x25:0x00000076 x30=0x00000076
        4135000	       314	80003632	00869f13	slli	x30,x13,0x8	 x13:0x80023ce4 x30=0x023ce400
        4145000	       315	80003636	8f75	c.and	x14,x13	 x14:0x00000005 x13:0x80023ce4 x14=0x00000004
        4155000	       316	80003638	80186893	ori	x17,x16,-2047	 x16:0x80000000 x17=0xfffff801
        4165000	       317	8000363c	01f4c263	blt	x9,x31,80003640	  x9:0xf3c46492 x31:0x092492b6
        4185000	       319	80003640	0ff0000f	fence	iorw,iorw	
        4215000	       322	80003644	027c8033	mul	x0,x25,x7	 x25:0x00000076  x7:0x80000000  x0=0x00000000
        4225000	       323	80003648	0dc14493	xori	x9,x2,220	  x2:0x00000000  x9=0x000000dc
        4235000	       324	8000364c	004ba083	lw	x1,4(x23)	 x23:0x8001fe44  x1=0x800034de PA:0x8001fe48 load:0x800034de
        4245000	       325	80003650	986a	c.add	x16,x26	 x16:0x80000000 x26:0x8ffffffc x16=0x0ffffffc
        4285000	       329	80003652	036eab33	mulhsu	x22,x29,x22	 x29:0xb0c56673 x22:0x0000000e x22=0xfffffffb
        4295000	       330	80003656	997d	c.andi	x10,-1	 x10:0x0000000c x10=0x0000000c
        4305000	       331	80003658	415ddd33	sra	x26,x27,x21	 x27:0x00000000 x21:0x3377a6b3 x26=0x00000000
        4315000	       332	8000365c	8431	c.srai	x8,0xc	  x8:0x73c46492  x8=0x00073c46
        4325000	       333	8000365e	8f9d	c.sub	x15,x15	 x15:0x00000340 x15:0x00000340 x15=0x00000000
        4335000	       334	80003660	020b8b93	addi	x23,x23,32	 x23:0x8001fe44 x23=0x8001fe64
        4345000	       335	80003664	7d65ac93	slti	x25,x11,2006	 x11:0xf1e8b1fd x25=0x00000001
        4355000	       336	80003668	0ff0000f	fence	iorw,iorw	
        4365000	       337	8000366c	00108b13	addi	x22,x1,1	  x1:0x800034de x22=0x800034df
        4375000	       338	80003670	9b02	c.jalr	x22	 x22:0x800034df  x1=0x80003672
        4405000	       341	800034de	de7b0d97	auipc	x27,0xde7b0	 x27=0x5e7b34de
        4415000	       342	800034e2	00006717	auipc	x14,0x6	 x14=0x800094e2
        4425000	       343	800034e6	90070713	addi	x14,x14,-1792	 x14:0x800094e2 x14=0x80008de2
        4435000	       344	800034ea	41670fb3	sub	x31,x14,x22	 x14:0x80008de2 x22:0x800034df x31=0x00005903
        4445000	       345	800034ee	83bd	c.srli	x15,0xf	 x15:0x00000000 x15=0x00000000
        4455000	       346	800034f0	4079db33	sra	x22,x19,x7	 x19:0x247fa134  x7:0x80000000 x22=0x247fa134
        4825000	       383	800034f4	021ee2b3	rem	x5,x29,x1	 x29:0xb0c56673  x1:0x80003672  x5=0xb0c56673
        4835000	       384	800034f8	c4770713	addi	x14,x14,-953	 x14:0x80008de2 x14=0x80008a29
        4855000	       386	800034fc	02f5f9b3	remu	x19,x11,x15	 x11:0xf1e8b1fd x15:0x00000000 x19=0xf1e8b1fd
        4865000	       387	80003500	00782833	slt	x16,x16,x7	 x16:0x0ffffffc  x7:0x80000000 x16=0x00000000
        4875000	       388	80003504	6129	c.addi16sp	x2,192	  x2:0x00000000  x2=0x000000c0
        4885000	       389	80003506	010f6563	bltu	x30,x16,80003510	 x30:0x023ce400 x16:0x00000000
        4895000	       390	8000350a	0001	c.addi	x0,0	  x0:0x00000000  x0=0x00000000
        5265000	       427	8000350c	0398fdb3	remu	x27,x17,x25	 x17:0xfffff801 x25:0x00000001 x27=0x00000000
        5275000	       428	80003510	3b9700e7	jalr	x1,953(x14)	 x14:0x80008a29  x1=0x80003514
        5305000	       431	80008de2	0ff0000f	fence	iorw,iorw	
        5315000	       432	80008de6	0ff0000f	fence	iorw,iorw	
        5325000	       433	80008dea	00369a63	bne	x13,x3,80008dfe	 x13:0x80023ce4  x3:0x07567c35
        5345000	       435	80008dfe	1ba1	c.addi	x23,-24	 x23:0x8001fe64 x23=0x8001fe4c
        5355000	       436	80008e00	001ba223	sw	x1,4(x23)	 x23:0x8001fe4c  x1:0x80003514 PA:0x8001fe50 store:0x80003514 load:0x00000000
        5365000	       437	80008e04	4bb08e93	addi	x29,x1,1211	  x1:0x80003514 x29=0x800039cf
        5375000	       438	80008e08	00aa1213	slli	x4,x20,0xa	 x20:0x800034e9  x4=0x00d3a400
        5385000	       439	80008e0c	e329	c.bnez	x14,80008e4e	 x14:0x80008a29
        5415000	       442	80008e4e	41a38c33	sub	x24,x7,x26	  x7:0x80000000 x26:0x00000000 x24=0x80000000
        5425000	       443	80008e52	c781	c.beqz	x15,80008e5a	 x15:0x00000000
        5445000	       445	80008e5a	90e6	c.add	x1,x25	  x1:0x80003514 x25:0x00000001  x1=0x80003515
        5455000	       446	80008e5c	0ab6	c.slli	x21,0xd	 x21:0x3377a6b3 x21=0xf4d66000
        5465000	       447	80008e5e	004ba083	lw	x1,4(x23)	 x23:0x8001fe4c  x1=0x80003514 PA:0x8001fe50 load:0x80003514
        5475000	       448	80008e62	0000100f	fence.i	
        5495000	       450	80008e66	0be1	c.addi	x23,24	 x23:0x8001fe4c x23=0x8001fe64
        5505000	       451	80008e68	9f86	c.add	x31,x1	 x31:0x00005903  x1:0x80003514 x31=0x80008e17
        5515000	       452	80008e6a	1a84	c.addi4spn	x9,x2,368	  x9=0x00000230
        5885000	       489	80008e6c	031d7733	remu	x14,x26,x17	 x26:0x00000000 x17:0xfffff801 x14=0x00000000
        5895000	       490	80008e70	e7c64893	xori	x17,x12,-388	 x12:0x00000000 x17=0xfffffe7c
        5905000	       491	80008e74	8fe9	c.and	x15,x10	 x15:0x00000000 x10:0x0000000c x15=0x00000000
        5915000	       492	80008e76	00008793	addi	x15,x1,0	  x1:0x80003514 x15=0x80003514
        5925000	       493	80008e7a	000787e7	jalr	x15,0(x15)	 x15:0x80003514 x15=0x80008e7e
        5945000	       495	80003514	0001	c.addi	x0,0	  x0:0x00000000  x0=0x00000000
        5955000	       496	80003516	017ca333	slt	x6,x25,x23	 x25:0x00000001 x23:0x8001fe64  x6=0x00000000
        6325000	       533	8000351a	03cd61b3	rem	x3,x26,x28	 x26:0x00000000 x28:0x8ffffffc  x3=0x00000000
        6365000	       537	8000351e	031f1b33	mulh	x22,x30,x17	 x30:0x023ce400 x17:0xfffffe7c x22=0xfffffffc
        6375000	       538	80003522	0085ce33	xor	x28,x11,x8	 x11:0xf1e8b1fd  x8:0x00073c46 x28=0xf1ef8dbb
        6385000	       539	80003526	00002217	auipc	x4,0x2	  x4=0x80005526
        6395000	       540	8000352a	42420213	addi	x4,x4,1060	  x4:0x80005526  x4=0x8000594a
        6405000	       541	8000352e	08a5	c.addi	x17,9	 x17:0xfffffe7c x17=0xfffffe85
        6775000	       578	80003530	0219ea33	rem	x20,x19,x1	 x19:0xf1e8b1fd  x1:0x80003514 x20=0xf1e8b1fd
        6785000	       579	80003534	9e36aa37	lui	x20,0x9e36a	 x20=0x9e36a000
        6795000	       580	80003538	d1720213	addi	x4,x4,-745	  x4:0x8000594a  x4=0x80005661
        6805000	       581	8000353c	415b8533	sub	x10,x23,x21	 x23:0x8001fe64 x21:0xf4d66000 x10=0x8b2b9e64
        6815000	       582	80003540	8579	c.srai	x10,0x1e	 x10:0x8b2b9e64 x10=0xfffffffe
        6825000	       583	80003542	2e9200e7	jalr	x1,745(x4)	  x4:0x80005661  x1=0x80003546
        6855000	       586	8000594a	407cd393	srai	x7,x25,0x7	 x25:0x00000001  x7=0x00000000
        6865000	       587	8000594e	01b9c963	blt	x19,x27,80005960	 x19:0xf1e8b1fd x27:0x00000000
        6885000	       589	80005960	1bd1	c.addi	x23,-12	 x23:0x8001fe64 x23=0x8001fe58
        6895000	       590	80005962	df53aa93	slti	x21,x7,-523	  x7:0x00000000 x21=0x00000000
        6905000	       591	80005966	64b5	c.lui	x9,0xd	  x9=0x0000d000
        6915000	       592	80005968	001ba223	sw	x1,4(x23)	 x23:0x8001fe58  x1:0x80003546 PA:0x8001fe5c store:0x80003546 load:0x00000000
        6925000	       593	8000596c	0486	c.slli	x9,0x1	  x9:0x0000d000  x9=0x0001a000
        6935000	       594	8000596e	040000ef	jal	x1,800059ae	  x1=0x80005972
        6955000	       596	800059ae	bfe5	c.j	800059a6	
        6985000	       599	800059a6	fd3ff0ef	jal	x1,80005978	  x1=0x800059aa
        7005000	       601	80005978	a819	c.j	8000598e	
        7025000	       603	8000598e	a809	c.j	800059a0	
        7045000	       605	800059a0	2801	c.jal	800059b0	  x1=0x800059a2
        7065000	       607	800059b0	37ed	c.jal	8000599a	  x1=0x800059b2
        7085000	       609	8000599a	3fcd	c.jal	8000598c	  x1=0x8000599c
        7105000	       611	8000598c	a029	c.j	80005996	
        7135000	       614	80005996	ffdff36f	jal	x6,80005992	  x6=0x8000599a
        7155000	       616	80005992	3fcd	c.jal	80005984	  x1=0x80005994
        7175000	       618	80005984	00400a6f	jal	x20,80005988	 x20=0x80005988
        7195000	       620	80005988	2819	c.jal	8000599e	  x1=0x8000598a
        7215000	       622	8000599e	3fdd	c.jal	80005994	  x1=0x800059a0
        7235000	       624	80005994	37c5	c.jal	80005974	  x1=0x80005996
        7255000	       626	80005974	a805	c.j	800059a4	
        7275000	       628	800059a4	3ffd	c.jal	800059a2	  x1=0x800059a6
        7295000	       630	800059a2	bff1	c.j	8000597e	
        7325000	       633	8000597e	01e0036f	jal	x6,8000599c	  x6=0x80005982
        7345000	       635	8000599c	2819	c.jal	800059b2	  x1=0x8000599e
        7375000	       638	800059b2	fc9ff0ef	jal	x1,8000597a	  x1=0x800059b6
        7405000	       641	8000597a	010000ef	jal	x1,8000598a	  x1=0x8000597e
        7425000	       643	8000598a	3fe5	c.jal	80005982	  x1=0x8000598c
        7445000	       645	80005982	3fc5	c.jal	80005972	  x1=0x80005984
        7465000	       647	80005972	a825	c.j	800059aa	
        7495000	       650	800059aa	fe7ff0ef	jal	x1,80005990	  x1=0x800059ae
        7515000	       652	80005990	b7dd	c.j	80005976	
        7535000	       654	80005976	a081	c.j	800059b6	
        7565000	       657	800059b6	00b04633	xor	x12,x0,x11	  x0:0x00000000 x11:0xf1e8b1fd x12=0xf1e8b1fd
        7575000	       658	800059ba	012000ef	jal	x1,800059cc	  x1=0x800059be
        7595000	       660	800059cc	a819	c.j	800059e2	
        7615000	       662	800059e2	3fc5	c.jal	800059d2	  x1=0x800059e4
        7645000	       665	800059d2	ff3ffaef	jal	x21,800059c4	 x21=0x800059d6
        7665000	       667	800059c4	00c00a6f	jal	x20,800059d0	 x20=0x800059c8
        7685000	       669	800059d0	2811	c.jal	800059e4	  x1=0x800059d2
        7705000	       671	800059e4	3ff5	c.jal	800059e0	  x1=0x800059e6
        7725000	       673	800059e0	bfdd	c.j	800059d6	
        7755000	       676	800059d6	fe9ff0ef	jal	x1,800059be	  x1=0x800059da
        7775000	       678	800059be	a009	c.j	800059c0	
        7795000	       680	800059c0	01a0036f	jal	x6,800059da	  x6=0x800059c4
        7815000	       682	800059da	b7fd	c.j	800059c8	
        7835000	       684	800059c8	0140036f	jal	x6,800059dc	  x6=0x800059cc
        7855000	       686	800059dc	a009	c.j	800059de	
        7875000	       688	800059de	3fc5	c.jal	800059ce	  x1=0x800059e0
        7895000	       690	800059ce	a821	c.j	800059e6	
        7925000	       693	800059e6	58f3aa93	slti	x21,x7,1423	  x7:0x00000000 x21=0x00000001
        7935000	       694	800059ea	01c000ef	jal	x1,80005a06	  x1=0x800059ee
        7955000	       696	80005a06	3fc5	c.jal	800059f6	  x1=0x80005a08
        7975000	       698	800059f6	a025	c.j	80005a1e	
        8005000	       701	80005a1e	fe3ff0ef	jal	x1,80005a00	  x1=0x80005a22
        8025000	       703	80005a00	a021	c.j	80005a08	
        8045000	       705	80005a08	0240016f	jal	x2,80005a2c	  x2=0x80005a0c
        8065000	       707	80005a2c	37f1	c.jal	800059f8	  x1=0x80005a2e
        8085000	       709	800059f8	a03d	c.j	80005a26	
        8105000	       711	80005a26	37f9	c.jal	800059f4	  x1=0x80005a28
        8125000	       713	800059f4	3fed	c.jal	800059ee	  x1=0x800059f6
        8145000	       715	800059ee	203d	c.jal	80005a1c	  x1=0x800059f0
        8165000	       717	80005a1c	b7dd	c.j	80005a02	
        8195000	       720	80005a02	0180036f	jal	x6,80005a1a	  x6=0x80005a06
        8215000	       722	80005a1a	b7c5	c.j	800059fa	
        8245000	       725	800059fa	ff7ff36f	jal	x6,800059f0	  x6=0x800059fe
        8265000	       727	800059f0	0240036f	jal	x6,80005a14	  x6=0x800059f4
        8285000	       729	80005a14	febff0ef	jal	x1,800059fe	  x1=0x80005a18
        8305000	       731	800059fe	a811	c.j	80005a12	
        8325000	       733	80005a12	a019	c.j	80005a18	
        8345000	       735	80005a18	2801	c.jal	80005a28	  x1=0x80005a1a
        8365000	       737	80005a28	ffbff0ef	jal	x1,80005a22	  x1=0x80005a2c
        8385000	       739	80005a22	a009	c.j	80005a24	
        8405000	       741	80005a24	b7ed	c.j	80005a0e	
        8435000	       744	80005a0e	fffff0ef	jal	x1,80005a0c	  x1=0x80005a12
        8455000	       746	80005a0c	a00d	c.j	80005a2e	
        8485000	       749	80005a2e	0080d113	srli	x2,x1,0x8	  x1:0x80005a12  x2=0x0080005a
        8495000	       750	80005a32	02a000ef	jal	x1,80005a5c	  x1=0x80005a36
        8515000	       752	80005a5c	37d5	c.jal	80005a40	  x1=0x80005a5e
        8535000	       754	80005a40	3fe5	c.jal	80005a38	  x1=0x80005a42
        8555000	       756	80005a38	3ffd	c.jal	80005a36	  x1=0x80005a3a
        8575000	       758	80005a36	a821	c.j	80005a4e	
        8595000	       760	80005a4e	37fd	c.jal	80005a3c	  x1=0x80005a50
        8615000	       762	80005a3c	a819	c.j	80005a52	
        8635000	       764	80005a52	bfed	c.j	80005a4c	
        8655000	       766	80005a4c	2011	c.jal	80005a50	  x1=0x80005a4e
        8675000	       768	80005a50	bfed	c.j	80005a4a	
        8695000	       770	80005a4a	3ff5	c.jal	80005a46	  x1=0x80005a4c
        8715000	       772	80005a46	2801	c.jal	80005a56	  x1=0x80005a48
        8735000	       774	80005a56	b7d5	c.j	80005a3a	
        8755000	       776	80005a3a	a839	c.j	80005a58	
        8775000	       778	80005a58	ff1ff0ef	jal	x1,80005a48	  x1=0x80005a5c
        8795000	       780	80005a48	a031	c.j	80005a54	
        8815000	       782	80005a54	37ed	c.jal	80005a3e	  x1=0x80005a56
        8835000	       784	80005a3e	2011	c.jal	80005a42	  x1=0x80005a40
        8865000	       787	80005a42	01c0096f	jal	x18,80005a5e	 x18=0x80005a46
        8895000	       790	80005a5e	01070ab3	add	x21,x14,x16	 x14:0x00000000 x16:0x00000000 x21=0x00000000
        8905000	       791	80005a62	00c000ef	jal	x1,80005a6e	  x1=0x80005a66
        8925000	       793	80005a6e	2809	c.jal	80005a80	  x1=0x80005a70
        8945000	       795	80005a80	2819	c.jal	80005a96	  x1=0x80005a82
        8965000	       797	80005a96	bfcd	c.j	80005a88	
        8985000	       799	80005a88	b7e5	c.j	80005a70	
        9005000	       801	80005a70	a831	c.j	80005a8c	
        9025000	       803	80005a8c	ff3ff0ef	jal	x1,80005a7e	  x1=0x80005a90
        9045000	       805	80005a7e	3ffd	c.jal	80005a7c	  x1=0x80005a80
        9065000	       807	80005a7c	a025	c.j	80005aa4	
        9085000	       809	80005aa4	fdfff36f	jal	x6,80005a82	  x6=0x80005aa8
        9115000	       812	80005a82	0040086f	jal	x16,80005a86	 x16=0x80005a86
        9135000	       814	80005a86	bfcd	c.j	80005a78	
        9155000	       816	80005a78	01a0036f	jal	x6,80005a92	  x6=0x80005a7c
        9185000	       819	80005a92	fffff8ef	jal	x17,80005a90	 x17=0x80005a96
        9205000	       821	80005a90	b7d5	c.j	80005a74	
        9225000	       823	80005a74	028000ef	jal	x1,80005a9c	  x1=0x80005a78
        9245000	       825	80005a9c	2011	c.jal	80005aa0	  x1=0x80005a9e
        9265000	       827	80005aa0	fcbff8ef	jal	x17,80005a6a	 x17=0x80005aa4
        9295000	       830	80005a6a	034000ef	jal	x1,80005a9e	  x1=0x80005a6e
        9315000	       832	80005a9e	bfed	c.j	80005a98	
        9335000	       834	80005a98	ff3ff0ef	jal	x1,80005a8a	  x1=0x80005a9c
        9355000	       836	80005a8a	a00d	c.j	80005aac	
        9375000	       838	80005aac	3ff5	c.jal	80005aa8	  x1=0x80005aae
        9395000	       840	80005aa8	fcbff36f	jal	x6,80005a72	  x6=0x80005aac
        9415000	       842	80005a72	bfd5	c.j	80005a66	
        9445000	       845	80005a66	0480056f	jal	x10,80005aae	 x10=0x80005a6a
        9475000	       848	80005aae	01588733	add	x14,x17,x21	 x17:0x80005aa4 x21:0x00000000 x14=0x80005aa4
        9485000	       849	80005ab2	004000ef	jal	x1,80005ab6	  x1=0x80005ab6
        9505000	       851	80005ab6	a809	c.j	80005ac8	
        9525000	       853	80005ac8	008000ef	jal	x1,80005ad0	  x1=0x80005acc
        9545000	       855	80005ad0	b7fd	c.j	80005abe	
        9575000	       858	80005abe	0140016f	jal	x2,80005ad2	  x2=0x80005ac2
        9595000	       860	80005ad2	bfed	c.j	80005acc	
        9615000	       862	80005acc	ffbff36f	jal	x6,80005ac6	  x6=0x80005ad0
        9635000	       864	80005ac6	bff5	c.j	80005ac2	
        9665000	       867	80005ac2	ff7ff76f	jal	x14,80005ab8	 x14=0x80005ac6
        9685000	       869	80005ab8	004000ef	jal	x1,80005abc	  x1=0x80005abc
        9705000	       871	80005abc	2821	c.jal	80005ad4	  x1=0x80005abe
        9725000	       873	80005ad4	0109dd33	srl	x26,x19,x16	 x19:0xf1e8b1fd x16:0x80005a86 x26=0x03c7a2c7
        9735000	       874	80005ad8	006000ef	jal	x1,80005ade	  x1=0x80005adc
        9755000	       876	80005ade	a029	c.j	80005ae8	
        9775000	       878	80005ae8	008000ef	jal	x1,80005af0	  x1=0x80005aec
        9795000	       880	80005af0	a029	c.j	80005afa	
        9815000	       882	80005afa	b7dd	c.j	80005ae0	
        9835000	       884	80005ae0	2809	c.jal	80005af2	  x1=0x80005ae2
        9855000	       886	80005af2	2801	c.jal	80005b02	  x1=0x80005af4
        9885000	       889	80005b02	fe1ff16f	jal	x2,80005ae2	  x2=0x80005b06
        9915000	       892	80005ae2	02a00c6f	jal	x24,80005b0c	 x24=0x80005ae6
        9935000	       894	80005b0c	bffd	c.j	80005b0a	
        9955000	       896	80005b0a	37ed	c.jal	80005af4	  x1=0x80005b0c
        9975000	       898	80005af4	2809	c.jal	80005b06	  x1=0x80005af6
       10005000	       901	80005b06	fe1ff0ef	jal	x1,80005ae6	  x1=0x80005b0a
       10025000	       903	80005ae6	a021	c.j	80005aee	
       10045000	       905	80005aee	2801	c.jal	80005afe	  x1=0x80005af0
       10075000	       908	80005afe	ff9ff0ef	jal	x1,80005af6	  x1=0x80005b02
       10095000	       910	80005af6	a009	c.j	80005af8	
       10115000	       912	80005af8	a011	c.j	80005afc	
       10135000	       914	80005afc	b7c5	c.j	80005adc	
       10155000	       916	80005adc	a801	c.j	80005aec	
       10175000	       918	80005aec	a00d	c.j	80005b0e	
       10205000	       921	80005b0e	017cf8b3	and	x17,x25,x23	 x25:0x00000001 x23:0x8001fe58 x17=0x00000000
       10215000	       922	80005b12	014000ef	jal	x1,80005b26	  x1=0x80005b16
       10245000	       925	80005b26	01200fef	jal	x31,80005b38	 x31=0x80005b2a
       10265000	       927	80005b38	bff9	c.j	80005b16	
       10285000	       929	80005b16	2021	c.jal	80005b1e	  x1=0x80005b18
       10305000	       931	80005b1e	a83d	c.j	80005b5c	
       10325000	       933	80005b5c	37d1	c.jal	80005b20	  x1=0x80005b5e
       10345000	       935	80005b20	2805	c.jal	80005b50	  x1=0x80005b22
       10365000	       937	80005b50	3ff9	c.jal	80005b2e	  x1=0x80005b52
       10385000	       939	80005b2e	2021	c.jal	80005b36	  x1=0x80005b30
       10405000	       941	80005b36	3ff5	c.jal	80005b32	  x1=0x80005b38
       10425000	       943	80005b32	3fcd	c.jal	80005b24	  x1=0x80005b34
       10445000	       945	80005b24	2801	c.jal	80005b34	  x1=0x80005b26
       10465000	       947	80005b34	b7fd	c.j	80005b22	
       10485000	       949	80005b22	2025	c.jal	80005b4a	  x1=0x80005b24
       10515000	       952	80005b4a	ff1ff0ef	jal	x1,80005b3a	  x1=0x80005b4e
       10545000	       955	80005b3a	fdfff36f	jal	x6,80005b18	  x6=0x80005b3e
       10565000	       957	80005b18	2805	c.jal	80005b48	  x1=0x80005b1a
       10585000	       959	80005b48	a029	c.j	80005b52	
       10615000	       962	80005b52	004000ef	jal	x1,80005b56	  x1=0x80005b56
       10635000	       964	80005b56	bfe9	c.j	80005b30	
       10655000	       966	80005b30	a801	c.j	80005b40	
       10675000	       968	80005b40	a019	c.j	80005b46	
       10695000	       970	80005b46	a811	c.j	80005b5a	
       10715000	       972	80005b5a	3fd5	c.jal	80005b4e	  x1=0x80005b5c
       10735000	       974	80005b4e	2801	c.jal	80005b5e	  x1=0x80005b50
       10755000	       976	80005b5e	37d5	c.jal	80005b42	  x1=0x80005b60
       10785000	       979	80005b42	fe9ff2ef	jal	x5,80005b2a	  x5=0x80005b46
       10815000	       982	80005b2a	02e0036f	jal	x6,80005b58	  x6=0x80005b2e
       10835000	       984	80005b58	b7dd	c.j	80005b3e	
       10855000	       986	80005b3e	3ff1	c.jal	80005b1a	  x1=0x80005b40
       10885000	       989	80005b1a	0460056f	jal	x10,80005b60	 x10=0x80005b1e
       10935000	       994	80005b60	02c7b733	mulhu	x14,x15,x12	 x15:0x80008e7e x12:0xf1e8b1fd x14=0x78f4dfa4
       10945000	       995	80005b64	02e000ef	jal	x1,80005b92	  x1=0x80005b68
       10975000	       998	80005b92	fd9ff0ef	jal	x1,80005b6a	  x1=0x80005b96
       10995000	      1000	80005b6a	a821	c.j	80005b82	
       11025000	      1003	80005b82	004000ef	jal	x1,80005b86	  x1=0x80005b86
       11045000	      1005	80005b86	3fd5	c.jal	80005b7a	  x1=0x80005b88
       11075000	      1008	80005b7a	ff3ffcef	jal	x25,80005b6c	 x25=0x80005b7e
       11095000	      1010	80005b6c	2839	c.jal	80005b8a	  x1=0x80005b6e
       11125000	      1013	80005b8a	fffff0ef	jal	x1,80005b88	  x1=0x80005b8e
       11145000	      1015	80005b88	3fdd	c.jal	80005b7e	  x1=0x80005b8a
       11175000	      1018	80005b7e	ff1ff1ef	jal	x3,80005b6e	  x3=0x80005b82
       11205000	      1021	80005b6e	006000ef	jal	x1,80005b74	  x1=0x80005b72
       11225000	      1023	80005b74	3ffd	c.jal	80005b72	  x1=0x80005b76
       11245000	      1025	80005b72	a011	c.j	80005b76	
       11265000	      1027	80005b76	2009	c.jal	80005b78	  x1=0x80005b78
       11285000	      1029	80005b78	2839	c.jal	80005b96	  x1=0x80005b7a
       11315000	      1032	80005b96	fd3ff0ef	jal	x1,80005b68	  x1=0x80005b9a
       11335000	      1034	80005b68	a01d	c.j	80005b8e	
       11365000	      1037	80005b8e	00c008ef	jal	x17,80005b9a	 x17=0x80005b92
       11395000	      1040	80005b9a	0ff0000f	fence	iorw,iorw	
       11405000	      1041	80005b9e	006000ef	jal	x1,80005ba4	  x1=0x80005ba2
       11425000	      1043	80005ba4	006009ef	jal	x19,80005baa	 x19=0x80005ba8
       11455000	      1046	80005baa	02800def	jal	x27,80005bd2	 x27=0x80005bae
       11475000	      1048	80005bd2	bfd9	c.j	80005ba8	
       11495000	      1050	80005ba8	2821	c.jal	80005bc0	  x1=0x80005baa
       11515000	      1052	80005bc0	ffdff36f	jal	x6,80005bbc	  x6=0x80005bc4
       11535000	      1054	80005bbc	00a000ef	jal	x1,80005bc6	  x1=0x80005bc0
       11555000	      1056	80005bc6	3ffd	c.jal	80005bc4	  x1=0x80005bc8
       11575000	      1058	80005bc4	2801	c.jal	80005bd4	  x1=0x80005bc6
       11595000	      1060	80005bd4	ff7ff36f	jal	x6,80005bca	  x6=0x80005bd8
       11615000	      1062	80005bca	37ed	c.jal	80005bb4	  x1=0x80005bcc
       11635000	      1064	80005bb4	018000ef	jal	x1,80005bcc	  x1=0x80005bb8
       11655000	      1066	80005bcc	3ff5	c.jal	80005bc8	  x1=0x80005bce
       11675000	      1068	80005bc8	37e5	c.jal	80005bb0	  x1=0x80005bca
       11695000	      1070	80005bb0	a839	c.j	80005bce	
       11725000	      1073	80005bce	fd5ff56f	jal	x10,80005ba2	 x10=0x80005bd2
       11745000	      1075	80005ba2	2801	c.jal	80005bb2	  x1=0x80005ba4
       11765000	      1077	80005bb2	2019	c.jal	80005bb8	  x1=0x80005bb4
       11785000	      1079	80005bb8	ff7ff0ef	jal	x1,80005bae	  x1=0x80005bbc
       11805000	      1081	80005bae	202d	c.jal	80005bd8	  x1=0x80005bb0
       11825000	      1083	80005bd8	1584	c.addi4spn	x9,x2,736	  x9=0x80005de6
       11835000	      1084	80005bda	010000ef	jal	x1,80005bea	  x1=0x80005bde
       11865000	      1087	80005bea	ffdff0ef	jal	x1,80005be6	  x1=0x80005bee
       11885000	      1089	80005be6	2009	c.jal	80005be8	  x1=0x80005be8
       11905000	      1091	80005be8	a809	c.j	80005bfa	
       11925000	      1093	80005bfa	3fd5	c.jal	80005bee	  x1=0x80005bfc
       11945000	      1095	80005bee	bfcd	c.j	80005be0	
       11965000	      1097	80005be0	3ffd	c.jal	80005bde	  x1=0x80005be2
       11985000	      1099	80005bde	2809	c.jal	80005bf0	  x1=0x80005be0
       12005000	      1101	80005bf0	004000ef	jal	x1,80005bf4	  x1=0x80005bf4
       12025000	      1103	80005bf4	a009	c.j	80005bf6	
       12055000	      1106	80005bf6	00a0036f	jal	x6,80005c00	  x6=0x80005bfa
       12075000	      1108	80005c00	bffd	c.j	80005bfe	
       12095000	      1110	80005bfe	37dd	c.jal	80005be4	  x1=0x80005c00
       12115000	      1112	80005be4	a821	c.j	80005bfc	
       12135000	      1114	80005bfc	37dd	c.jal	80005be2	  x1=0x80005bfe
       12155000	      1116	80005be2	2005	c.jal	80005c02	  x1=0x80005be4
       12175000	      1118	80005c02	8fc1	c.or	x15,x8	 x15:0x80008e7e  x8:0x00073c46 x15=0x8007be7e
       12185000	      1119	80005c04	012000ef	jal	x1,80005c16	  x1=0x80005c08
       12205000	      1121	80005c16	bfcd	c.j	80005c08	
       12225000	      1123	80005c08	a829	c.j	80005c22	
       12245000	      1125	80005c22	2809	c.jal	80005c34	  x1=0x80005c24
       12265000	      1127	80005c34	3fe5	c.jal	80005c2c	  x1=0x80005c36
       12285000	      1129	80005c2c	fdffff6f	jal	x30,80005c0a	 x30=0x80005c30
       12305000	      1131	80005c0a	2039	c.jal	80005c18	  x1=0x80005c0c
       12325000	      1133	80005c18	bfed	c.j	80005c12	
       12345000	      1135	80005c12	a01d	c.j	80005c38	
       12365000	      1137	80005c38	0080016f	jal	x2,80005c40	  x2=0x80005c3c
       12385000	      1139	80005c40	3fe9	c.jal	80005c1a	  x1=0x80005c42
       12405000	      1141	80005c1a	bfed	c.j	80005c14	
       12425000	      1143	80005c14	a00d	c.j	80005c36	
       12445000	      1145	80005c36	b7dd	c.j	80005c1c	
       12465000	      1147	80005c1c	ff3ff0ef	jal	x1,80005c0e	  x1=0x80005c20
       12495000	      1150	80005c0e	fffff1ef	jal	x3,80005c0c	  x3=0x80005c12
       12515000	      1152	80005c0c	a805	c.j	80005c3c	
       12535000	      1154	80005c3c	37e5	c.jal	80005c24	  x1=0x80005c3e
       12555000	      1156	80005c24	2829	c.jal	80005c3e	  x1=0x80005c26
       12575000	      1158	80005c3e	37f5	c.jal	80005c2a	  x1=0x80005c40
       12595000	      1160	80005c2a	bfdd	c.j	80005c20	
       12615000	      1162	80005c20	200d	c.jal	80005c42	  x1=0x80005c22
       12645000	      1165	80005c42	fefff0ef	jal	x1,80005c30	  x1=0x80005c46
       12665000	      1167	80005c30	ff7ff0ef	jal	x1,80005c26	  x1=0x80005c34
       12695000	      1170	80005c26	0200036f	jal	x6,80005c46	  x6=0x80005c2a
       12725000	      1173	80005c46	91610013	addi	x0,x2,-1770	  x2:0x80005c3c  x0=0x00000000
       12735000	      1174	80005c4a	026000ef	jal	x1,80005c70	  x1=0x80005c4e
       12755000	      1176	80005c70	3ff5	c.jal	80005c6c	  x1=0x80005c72
       12775000	      1178	80005c6c	3fc5	c.jal	80005c5c	  x1=0x80005c6e
       12795000	      1180	80005c5c	a039	c.j	80005c6a	
       12815000	      1182	80005c6a	2021	c.jal	80005c72	  x1=0x80005c6c
       12835000	      1184	80005c72	a015	c.j	80005c96	
       12855000	      1186	80005c96	3fdd	c.jal	80005c8c	  x1=0x80005c98
       12875000	      1188	80005c8c	3fc5	c.jal	80005c7c	  x1=0x80005c8e
       12895000	      1190	80005c7c	3fd9	c.jal	80005c52	  x1=0x80005c7e
       12925000	      1193	80005c52	00c0036f	jal	x6,80005c5e	  x6=0x80005c56
       12955000	      1196	80005c5e	0280026f	jal	x4,80005c86	  x4=0x80005c62
       12975000	      1198	80005c86	37e5	c.jal	80005c6e	  x1=0x80005c88
       12995000	      1200	80005c6e	3fd5	c.jal	80005c62	  x1=0x80005c70
       13015000	      1202	80005c62	2809	c.jal	80005c74	  x1=0x80005c64
       13035000	      1204	80005c74	00a0036f	jal	x6,80005c7e	  x6=0x80005c78
       13065000	      1207	80005c7e	fe9ff86f	jal	x16,80005c66	 x16=0x80005c82
       13085000	      1209	80005c66	a03d	c.j	80005c94	
       13105000	      1211	80005c94	37d5	c.jal	80005c78	  x1=0x80005c96
       13125000	      1213	80005c78	a801	c.j	80005c88	
       13145000	      1215	80005c88	fddffeef	jal	x29,80005c64	 x29=0x80005c8c
       13165000	      1217	80005c64	a839	c.j	80005c82	
       13195000	      1220	80005c82	fd5ff36f	jal	x6,80005c56	  x6=0x80005c86
       13215000	      1222	80005c56	a82d	c.j	80005c90	
       13235000	      1224	80005c90	fbfff36f	jal	x6,80005c4e	  x6=0x80005c94
       13255000	      1226	80005c4e	2035	c.jal	80005c7a	  x1=0x80005c50
       13275000	      1228	80005c7a	37fd	c.jal	80005c68	  x1=0x80005c7c
       13295000	      1230	80005c68	3fc5	c.jal	80005c58	  x1=0x80005c6a
       13315000	      1232	80005c58	036000ef	jal	x1,80005c8e	  x1=0x80005c5c
       13335000	      1234	80005c8e	b7c9	c.j	80005c50	
       13355000	      1236	80005c50	a0a1	c.j	80005c98	
       13375000	      1238	80005c98	8492fc93	andi	x25,x5,-1975	  x5:0x80005b46 x25=0x80005840
       13385000	      1239	80005c9c	00e000ef	jal	x1,80005caa	  x1=0x80005ca0
       13405000	      1241	80005caa	2011	c.jal	80005cae	  x1=0x80005cac
       13425000	      1243	80005cae	bffd	c.j	80005cac	
       13445000	      1245	80005cac	2011	c.jal	80005cb0	  x1=0x80005cae
       13465000	      1247	80005cb0	ff5ff0ef	jal	x1,80005ca4	  x1=0x80005cb4
       13485000	      1249	80005ca4	010002ef	jal	x5,80005cb4	  x5=0x80005ca8
       13505000	      1251	80005cb4	bfd5	c.j	80005ca8	
       13525000	      1253	80005ca8	3fed	c.jal	80005ca2	  x1=0x80005caa
       13545000	      1255	80005ca2	2811	c.jal	80005cb6	  x1=0x80005ca4
       13575000	      1258	80005cb6	febff36f	jal	x6,80005ca0	  x6=0x80005cba
       13595000	      1260	80005ca0	a829	c.j	80005cba	
       13625000	      1263	80005cba	fed4f913	andi	x18,x9,-19	  x9:0x80005de6 x18=0x80005de4
       13635000	      1264	80005cbe	00e000ef	jal	x1,80005ccc	  x1=0x80005cc2
       13655000	      1266	80005ccc	028000ef	jal	x1,80005cf4	  x1=0x80005cd0
       13675000	      1268	80005cf4	bfc5	c.j	80005ce4	
       13695000	      1270	80005ce4	ffdff36f	jal	x6,80005ce0	  x6=0x80005ce8
       13715000	      1272	80005ce0	a009	c.j	80005ce2	
       13735000	      1274	80005ce2	bfd5	c.j	80005cd6	
       13755000	      1276	80005cd6	a831	c.j	80005cf2	
       13775000	      1278	80005cf2	bfdd	c.j	80005ce8	
       13795000	      1280	80005ce8	fe1ff9ef	jal	x19,80005cc8	 x19=0x80005cec
       13815000	      1282	80005cc8	008000ef	jal	x1,80005cd0	  x1=0x80005ccc
       13835000	      1284	80005cd0	00e000ef	jal	x1,80005cde	  x1=0x80005cd4
       13855000	      1286	80005cde	a039	c.j	80005cec	
       13875000	      1288	80005cec	a009	c.j	80005cee	
       13895000	      1290	80005cee	3fe1	c.jal	80005cc6	  x1=0x80005cf0
       13915000	      1292	80005cc6	280d	c.jal	80005cf8	  x1=0x80005cc8
       13935000	      1294	80005cf8	3fe5	c.jal	80005cf0	  x1=0x80005cfa
       13955000	      1296	80005cf0	b7e5	c.j	80005cd8	
       13975000	      1298	80005cd8	37ed	c.jal	80005cc2	  x1=0x80005cda
       14005000	      1301	80005cc2	0340036f	jal	x6,80005cf6	  x6=0x80005cc6
       14025000	      1303	80005cf6	b7d5	c.j	80005cda	
       14055000	      1306	80005cda	ffbff0ef	jal	x1,80005cd4	  x1=0x80005cde
       14075000	      1308	80005cd4	201d	c.jal	80005cfa	  x1=0x80005cd6
       14105000	      1311	80005cfa	e8cd8793	addi	x15,x27,-372	 x27:0x80005bae x15=0x80005a3a
       14115000	      1312	80005cfe	008000ef	jal	x1,80005d06	  x1=0x80005d02
       14145000	      1315	80005d06	0200026f	jal	x4,80005d26	  x4=0x80005d0a
       14175000	      1318	80005d26	fe9ffc6f	jal	x24,80005d0e	 x24=0x80005d2a
       14205000	      1321	80005d0e	006000ef	jal	x1,80005d14	  x1=0x80005d12
       14225000	      1323	80005d14	024000ef	jal	x1,80005d38	  x1=0x80005d18
       14245000	      1325	80005d38	b7d5	c.j	80005d1c	
       14265000	      1327	80005d1c	01e000ef	jal	x1,80005d3a	  x1=0x80005d20
       14285000	      1329	80005d3a	b7e9	c.j	80005d04	
       14305000	      1331	80005d04	bffd	c.j	80005d02	
       14325000	      1333	80005d02	2801	c.jal	80005d12	  x1=0x80005d04
       14345000	      1335	80005d12	3fe5	c.jal	80005d0a	  x1=0x80005d14
       14365000	      1337	80005d0a	a02d	c.j	80005d34	
       14385000	      1339	80005d34	bff5	c.j	80005d30	
       14405000	      1341	80005d30	febff2ef	jal	x5,80005d1a	  x5=0x80005d34
       14425000	      1343	80005d1a	a831	c.j	80005d36	
       14445000	      1345	80005d36	bfdd	c.j	80005d2c	
       14465000	      1347	80005d2c	fffff0ef	jal	x1,80005d2a	  x1=0x80005d30
       14485000	      1349	80005d2a	b7fd	c.j	80005d18	
       14505000	      1351	80005d18	a029	c.j	80005d22	
       14535000	      1354	80005d22	febff0ef	jal	x1,80005d0c	  x1=0x80005d26
       14555000	      1356	80005d0c	2811	c.jal	80005d20	  x1=0x80005d0e
       14575000	      1358	80005d20	2831	c.jal	80005d3c	  x1=0x80005d22
       14955000	      1396	80005d3c	03b14db3	div	x27,x2,x27	  x2:0x80005c3c x27:0x80005bae x27=0x00000000
       14965000	      1397	80005d40	022000ef	jal	x1,80005d62	  x1=0x80005d44
       14985000	      1399	80005d62	2019	c.jal	80005d68	  x1=0x80005d64
       15005000	      1401	80005d68	ff3ff86f	jal	x16,80005d5a	 x16=0x80005d6c
       15025000	      1403	80005d5a	a005	c.j	80005d7a	
       15045000	      1405	80005d7a	37e9	c.jal	80005d44	  x1=0x80005d7c
       15065000	      1407	80005d44	2029	c.jal	80005d4e	  x1=0x80005d46
       15085000	      1409	80005d4e	a801	c.j	80005d5e	
       15105000	      1411	80005d5e	2819	c.jal	80005d74	  x1=0x80005d60
       15125000	      1413	80005d74	bff1	c.j	80005d50	
       15145000	      1415	80005d50	0260036f	jal	x6,80005d76	  x6=0x80005d54
       15165000	      1417	80005d76	37dd	c.jal	80005d5c	  x1=0x80005d78
       15185000	      1419	80005d5c	2021	c.jal	80005d64	  x1=0x80005d5e
       15205000	      1421	80005d64	fe7ff0ef	jal	x1,80005d4a	  x1=0x80005d68
       15225000	      1423	80005d4a	3ff5	c.jal	80005d46	  x1=0x80005d4c
       15255000	      1426	80005d46	02a000ef	jal	x1,80005d70	  x1=0x80005d4a
       15275000	      1428	80005d70	fe5ff36f	jal	x6,80005d54	  x6=0x80005d74
       15295000	      1430	80005d54	004000ef	jal	x1,80005d58	  x1=0x80005d58
       15315000	      1432	80005d58	bfd5	c.j	80005d4c	
       15335000	      1434	80005d4c	a035	c.j	80005d78	
       15355000	      1436	80005d78	3fd5	c.jal	80005d6c	  x1=0x80005d7a
       15375000	      1438	80005d6c	ff5ff36f	jal	x6,80005d60	  x6=0x80005d70
       15395000	      1440	80005d60	a831	c.j	80005d7c	
       15415000	      1442	80005d7c	d12f4537	lui	x10,0xd12f4	 x10=0xd12f4000
       15425000	      1443	80005d80	014000ef	jal	x1,80005d94	  x1=0x80005d84
       15445000	      1445	80005d94	ff3ffa6f	jal	x20,80005d86	 x20=0x80005d98
       15475000	      1448	80005d86	0080036f	jal	x6,80005d8e	  x6=0x80005d8a
       15495000	      1450	80005d8e	2009	c.jal	80005d90	  x1=0x80005d90
       15515000	      1452	80005d90	2021	c.jal	80005d98	  x1=0x80005d92
       15535000	      1454	80005d98	3fcd	c.jal	80005d8a	  x1=0x80005d9a
       15565000	      1457	80005d8a	020000ef	jal	x1,80005daa	  x1=0x80005d8e
       15585000	      1459	80005daa	3ff5	c.jal	80005da6	  x1=0x80005dac
       15605000	      1461	80005da6	a009	c.j	80005da8	
       15625000	      1463	80005da8	bfcd	c.j	80005d9a	
       15645000	      1465	80005d9a	37ed	c.jal	80005d84	  x1=0x80005d9c
       15665000	      1467	80005d84	a005	c.j	80005da4	
       15685000	      1469	80005da4	a021	c.j	80005dac	
       15705000	      1471	80005dac	fe7ff0ef	jal	x1,80005d92	  x1=0x80005db0
       15725000	      1473	80005d92	a029	c.j	80005d9c	
       15745000	      1475	80005d9c	0060036f	jal	x6,80005da2	  x6=0x80005da0
       15765000	      1477	80005da2	bffd	c.j	80005da0	
       15785000	      1479	80005da0	a801	c.j	80005db0	
       15805000	      1481	80005db0	8d59	c.or	x10,x14	 x10:0xd12f4000 x14:0x78f4dfa4 x10=0xf9ffdfa4
       15815000	      1482	80005db2	034000ef	jal	x1,80005de6	  x1=0x80005db6
       15845000	      1485	80005de6	ffbff0ef	jal	x1,80005de0	  x1=0x80005dea
       15865000	      1487	80005de0	37e5	c.jal	80005dc8	  x1=0x80005de2
       15885000	      1489	80005dc8	004000ef	jal	x1,80005dcc	  x1=0x80005dcc
       15905000	      1491	80005dcc	febff1ef	jal	x3,80005db6	  x3=0x80005dd0
       15925000	      1493	80005db6	2839	c.jal	80005dd4	  x1=0x80005db8
       15945000	      1495	80005dd4	ffdff0ef	jal	x1,80005dd0	  x1=0x80005dd8
       15965000	      1497	80005dd0	fedff0ef	jal	x1,80005dbc	  x1=0x80005dd4
       15985000	      1499	80005dbc	006009ef	jal	x19,80005dc2	 x19=0x80005dc0
       16015000	      1502	80005dc2	016001ef	jal	x3,80005dd8	  x3=0x80005dc6
       16035000	      1504	80005dd8	a009	c.j	80005dda	
       16055000	      1506	80005dda	a009	c.j	80005ddc	
       16075000	      1508	80005ddc	febff86f	jal	x16,80005dc6	 x16=0x80005de0
       16095000	      1510	80005dc6	2831	c.jal	80005de2	  x1=0x80005dc8
       16125000	      1513	80005de2	00c00def	jal	x27,80005dee	 x27=0x80005de6
       16145000	      1515	80005dee	2009	c.jal	80005df0	  x1=0x80005df0
       16165000	      1517	80005df0	37e1	c.jal	80005db8	  x1=0x80005df2
       16185000	      1519	80005db8	0320036f	jal	x6,80005dea	  x6=0x80005dbc
       16215000	      1522	80005dea	fd7ff36f	jal	x6,80005dc0	  x6=0x80005dee
       16235000	      1524	80005dc0	a80d	c.j	80005df2	
       16255000	      1526	80005df2	8c41	c.or	x8,x8	  x8:0x00073c46  x8:0x00073c46  x8=0x00073c46
       16265000	      1527	80005df4	006000ef	jal	x1,80005dfa	  x1=0x80005df8
       16285000	      1529	80005dfa	2021	c.jal	80005e02	  x1=0x80005dfc
       16315000	      1532	80005e02	01c000ef	jal	x1,80005e1e	  x1=0x80005e06
       16345000	      1535	80005e1e	ff9ff1ef	jal	x3,80005e16	  x3=0x80005e22
       16365000	      1537	80005e16	bfe5	c.j	80005e0e	
       16385000	      1539	80005e0e	a009	c.j	80005e10	
       16405000	      1541	80005e10	2011	c.jal	80005e14	  x1=0x80005e12
       16425000	      1543	80005e14	2021	c.jal	80005e1c	  x1=0x80005e16
       16445000	      1545	80005e1c	b7f5	c.j	80005e08	
       16465000	      1547	80005e08	2809	c.jal	80005e1a	  x1=0x80005e0a
       16485000	      1549	80005e1a	37d5	c.jal	80005dfe	  x1=0x80005e1c
       16515000	      1552	80005dfe	01a000ef	jal	x1,80005e18	  x1=0x80005e02
       16535000	      1554	80005e18	b7d5	c.j	80005dfc	
       16555000	      1556	80005dfc	201d	c.jal	80005e22	  x1=0x80005dfe
       16585000	      1559	80005e22	fe9ff26f	jal	x4,80005e0a	  x4=0x80005e26
       16615000	      1562	80005e0a	008000ef	jal	x1,80005e12	  x1=0x80005e0e
       16635000	      1564	80005e12	37dd	c.jal	80005df8	  x1=0x80005e14
       16655000	      1566	80005df8	2039	c.jal	80005e06	  x1=0x80005dfa
       16675000	      1568	80005e06	2005	c.jal	80005e26	  x1=0x80005e08
       16705000	      1571	80005e26	41285913	srai	x18,x16,0x12	 x16:0x80005de0 x18=0xffffe000
       16715000	      1572	80005e2a	00e000ef	jal	x1,80005e38	  x1=0x80005e2e
       16735000	      1574	80005e38	a031	c.j	80005e44	
       16755000	      1576	80005e44	00c0036f	jal	x6,80005e50	  x6=0x80005e48
       16775000	      1578	80005e50	37d5	c.jal	80005e34	  x1=0x80005e52
       16795000	      1580	80005e34	a039	c.j	80005e42	
       16815000	      1582	80005e42	a801	c.j	80005e52	
       16835000	      1584	80005e52	37c5	c.jal	80005e32	  x1=0x80005e54
       16855000	      1586	80005e32	2011	c.jal	80005e36	  x1=0x80005e34
       16875000	      1588	80005e36	a819	c.j	80005e4c	
       16895000	      1590	80005e4c	bfd5	c.j	80005e40	
       16915000	      1592	80005e40	a039	c.j	80005e4e	
       16935000	      1594	80005e4e	37cd	c.jal	80005e30	  x1=0x80005e50
       16955000	      1596	80005e30	2829	c.jal	80005e4a	  x1=0x80005e32
       16975000	      1598	80005e4a	bffd	c.j	80005e48	
       16995000	      1600	80005e48	b7dd	c.j	80005e2e	
       17015000	      1602	80005e2e	a039	c.j	80005e3c	
       17035000	      1604	80005e3c	fffff0ef	jal	x1,80005e3a	  x1=0x80005e40
       17055000	      1606	80005e3a	2829	c.jal	80005e54	  x1=0x80005e3c
       17075000	      1608	80005e54	8221	c.srli	x12,0x8	 x12:0xf1e8b1fd x12=0x00f1e8b1
       17085000	      1609	80005e56	006000ef	jal	x1,80005e5c	  x1=0x80005e5a
       17105000	      1611	80005e5c	a009	c.j	80005e5e	
       17125000	      1613	80005e5e	2801	c.jal	80005e6e	  x1=0x80005e60
       17145000	      1615	80005e6e	bff5	c.j	80005e6a	
       17175000	      1618	80005e6a	00e000ef	jal	x1,80005e78	  x1=0x80005e6e
       17195000	      1620	80005e78	37f5	c.jal	80005e64	  x1=0x80005e7a
       17215000	      1622	80005e64	bfdd	c.j	80005e5a	
       17235000	      1624	80005e5a	200d	c.jal	80005e7c	  x1=0x80005e5c
       17255000	      1626	80005e7c	b7d5	c.j	80005e60	
       17275000	      1628	80005e60	2801	c.jal	80005e70	  x1=0x80005e62
       17295000	      1630	80005e70	00a001ef	jal	x3,80005e7a	  x3=0x80005e74
       17315000	      1632	80005e7a	bfed	c.j	80005e74	
       17335000	      1634	80005e74	ff3ff0ef	jal	x1,80005e66	  x1=0x80005e78
       17365000	      1637	80005e66	ffdff0ef	jal	x1,80005e62	  x1=0x80005e6a
       17385000	      1639	80005e62	a831	c.j	80005e7e	
       17405000	      1641	80005e7e	6645	c.lui	x12,0x11	 x12=0x00011000
       17415000	      1642	80005e80	03a000ef	jal	x1,80005eba	  x1=0x80005e84
       17445000	      1645	80005eba	fefff0ef	jal	x1,80005ea8	  x1=0x80005ebe
       17465000	      1647	80005ea8	3ff1	c.jal	80005e84	  x1=0x80005eaa
       17485000	      1649	80005e84	0340036f	jal	x6,80005eb8	  x6=0x80005e88
       17505000	      1651	80005eb8	bff9	c.j	80005e96	
       17525000	      1653	80005e96	2839	c.jal	80005eb4	  x1=0x80005e98
       17545000	      1655	80005eb4	febff0ef	jal	x1,80005e9e	  x1=0x80005eb8
       17565000	      1657	80005e9e	37ed	c.jal	80005e88	  x1=0x80005ea0
       17585000	      1659	80005e88	281d	c.jal	80005ebe	  x1=0x80005e8a
       17605000	      1661	80005ebe	b7f1	c.j	80005e8a	
       17625000	      1663	80005e8a	a005	c.j	80005eaa	
       17645000	      1665	80005eaa	37d5	c.jal	80005e8e	  x1=0x80005eac
       17675000	      1668	80005e8e	022000ef	jal	x1,80005eb0	  x1=0x80005e92
       17695000	      1670	80005eb0	ff3ff4ef	jal	x9,80005ea2	  x9=0x80005eb4
       17715000	      1672	80005ea2	37ed	c.jal	80005e8c	  x1=0x80005ea4
       17735000	      1674	80005e8c	2019	c.jal	80005e92	  x1=0x80005e8e
       17765000	      1677	80005e92	01a00e6f	jal	x28,80005eac	 x28=0x80005e96
       17785000	      1679	80005eac	fefff0ef	jal	x1,80005e9a	  x1=0x80005eb0
       17815000	      1682	80005e9a	006000ef	jal	x1,80005ea0	  x1=0x80005e9e
       17835000	      1684	80005ea0	3fe5	c.jal	80005e98	  x1=0x80005ea2
       17855000	      1686	80005e98	a031	c.j	80005ea4	
       17875000	      1688	80005ea4	01c000ef	jal	x1,80005ec0	  x1=0x80005ea8
       17895000	      1690	80005ec0	c641b237	lui	x4,0xc641b	  x4=0xc641b000
       17905000	      1691	80005ec4	024000ef	jal	x1,80005ee8	  x1=0x80005ec8
       17925000	      1693	80005ee8	ffbff0ef	jal	x1,80005ee2	  x1=0x80005eec
       17955000	      1696	80005ee2	fe9ffa6f	jal	x20,80005eca	 x20=0x80005ee6
       17975000	      1698	80005eca	203d	c.jal	80005ef8	  x1=0x80005ecc
       17995000	      1700	80005ef8	3ffd	c.jal	80005ef6	  x1=0x80005efa
       18015000	      1702	80005ef6	3ffd	c.jal	80005ef4	  x1=0x80005ef8
       18035000	      1704	80005ef4	37e5	c.jal	80005edc	  x1=0x80005ef6
       18055000	      1706	80005edc	ffdff0ef	jal	x1,80005ed8	  x1=0x80005ee0
       18075000	      1708	80005ed8	2821	c.jal	80005ef0	  x1=0x80005eda
       18095000	      1710	80005ef0	febff0ef	jal	x1,80005eda	  x1=0x80005ef4
       18115000	      1712	80005eda	2019	c.jal	80005ee0	  x1=0x80005edc
       18135000	      1714	80005ee0	37e5	c.jal	80005ec8	  x1=0x80005ee2
       18155000	      1716	80005ec8	a031	c.j	80005ed4	
       18175000	      1718	80005ed4	ff9ffcef	jal	x25,80005ecc	 x25=0x80005ed8
       18195000	      1720	80005ecc	2005	c.jal	80005eec	  x1=0x80005ece
       18215000	      1722	80005eec	ffbff2ef	jal	x5,80005ee6	  x5=0x80005ef0
       18235000	      1724	80005ee6	b7ed	c.j	80005ed0	
       18255000	      1726	80005ed0	fffff0ef	jal	x1,80005ece	  x1=0x80005ed4
       18275000	      1728	80005ece	2035	c.jal	80005efa	  x1=0x80005ed0
       18295000	      1730	80005efa	8d39	c.xor	x10,x14	 x10:0xf9ffdfa4 x14:0x78f4dfa4 x10=0x810b0000
       18305000	      1731	80005efc	022000ef	jal	x1,80005f1e	  x1=0x80005f00
       18325000	      1733	80005f1e	a009	c.j	80005f20	
       18345000	      1735	80005f20	bff5	c.j	80005f1c	
       18365000	      1737	80005f1c	a021	c.j	80005f24	
       18385000	      1739	80005f24	37dd	c.jal	80005f0a	  x1=0x80005f26
       18415000	      1742	80005f0a	006000ef	jal	x1,80005f10	  x1=0x80005f0e
       18435000	      1744	80005f10	bfd5	c.j	80005f04	
       18455000	      1746	80005f04	01000f6f	jal	x30,80005f14	 x30=0x80005f08
       18475000	      1748	80005f14	2039	c.jal	80005f22	  x1=0x80005f16
       18495000	      1750	80005f22	3fdd	c.jal	80005f18	  x1=0x80005f24
       18515000	      1752	80005f18	fe9ff0ef	jal	x1,80005f00	  x1=0x80005f1c
       18535000	      1754	80005f00	2021	c.jal	80005f08	  x1=0x80005f02
       18555000	      1756	80005f08	bfed	c.j	80005f02	
       18575000	      1758	80005f02	a801	c.j	80005f12	
       18595000	      1760	80005f12	2011	c.jal	80005f16	  x1=0x80005f14
       18615000	      1762	80005f16	3fe5	c.jal	80005f0e	  x1=0x80005f18
       18635000	      1764	80005f0e	2821	c.jal	80005f26	  x1=0x80005f10
       18665000	      1767	80005f26	6adb3a93	sltiu	x21,x22,1709	 x22:0xfffffffc x21=0x00000000
       18675000	      1768	80005f2a	024000ef	jal	x1,80005f4e	  x1=0x80005f2e
       18705000	      1771	80005f4e	00e000ef	jal	x1,80005f5c	  x1=0x80005f52
       18725000	      1773	80005f5c	3fc5	c.jal	80005f4c	  x1=0x80005f5e
       18745000	      1775	80005f4c	2031	c.jal	80005f58	  x1=0x80005f4e
       18765000	      1777	80005f58	b7ed	c.j	80005f42	
       18785000	      1779	80005f42	bfed	c.j	80005f3c	
       18805000	      1781	80005f3c	2011	c.jal	80005f40	  x1=0x80005f3e
       18825000	      1783	80005f40	a005	c.j	80005f60	
       18845000	      1785	80005f60	fd9ff3ef	jal	x7,80005f38	  x7=0x80005f64
       18865000	      1787	80005f38	0100036f	jal	x6,80005f48	  x6=0x80005f3c
       18885000	      1789	80005f48	fe7ff0ef	jal	x1,80005f2e	  x1=0x80005f4c
       18915000	      1792	80005f2e	004009ef	jal	x19,80005f32	 x19=0x80005f32
       18935000	      1794	80005f32	a035	c.j	80005f5e	
       18955000	      1796	80005f5e	3fd9	c.jal	80005f34	  x1=0x80005f60
       18975000	      1798	80005f34	02000cef	jal	x25,80005f54	 x25=0x80005f38
       18995000	      1800	80005f54	febff0ef	jal	x1,80005f3e	  x1=0x80005f58
       19015000	      1802	80005f3e	2831	c.jal	80005f5a	  x1=0x80005f40
       19035000	      1804	80005f5a	37ed	c.jal	80005f44	  x1=0x80005f5c
       19055000	      1806	80005f44	a009	c.j	80005f46	
       19075000	      1808	80005f46	2031	c.jal	80005f52	  x1=0x80005f48
       19095000	      1810	80005f52	a809	c.j	80005f64	
       19115000	      1812	80005f64	001084b3	add	x9,x1,x1	  x1:0x80005f48  x1:0x80005f48  x9=0x0000be90
       19125000	      1813	80005f68	00a000ef	jal	x1,80005f72	  x1=0x80005f6c
       19145000	      1815	80005f72	2819	c.jal	80005f88	  x1=0x80005f74
       19165000	      1817	80005f88	ffdff0ef	jal	x1,80005f84	  x1=0x80005f8c
       19185000	      1819	80005f84	ff1ffeef	jal	x29,80005f74	 x29=0x80005f88
       19205000	      1821	80005f74	2831	c.jal	80005f90	  x1=0x80005f76
       19225000	      1823	80005f90	004002ef	jal	x5,80005f94	  x5=0x80005f94
       19245000	      1825	80005f94	bff1	c.j	80005f70	
       19265000	      1827	80005f70	2021	c.jal	80005f78	  x1=0x80005f72
       19285000	      1829	80005f78	3ffd	c.jal	80005f76	  x1=0x80005f7a
       19305000	      1831	80005f76	a005	c.j	80005f96	
       19325000	      1833	80005f96	a009	c.j	80005f98	
       19345000	      1835	80005f98	bfd1	c.j	80005f6c	
       19365000	      1837	80005f6c	014000ef	jal	x1,80005f80	  x1=0x80005f70
       19385000	      1839	80005f80	ffdffaef	jal	x21,80005f7c	 x21=0x80005f84
       19405000	      1841	80005f7c	a009	c.j	80005f7e	
       19425000	      1843	80005f7e	a039	c.j	80005f8c	
       19445000	      1845	80005f8c	fefff0ef	jal	x1,80005f7a	  x1=0x80005f90
       19465000	      1847	80005f7a	2005	c.jal	80005f9a	  x1=0x80005f7c
       19485000	      1849	80005f9a	0001	c.addi	x0,0	  x0:0x00000000  x0=0x00000000
       19495000	      1850	80005f9c	008000ef	jal	x1,80005fa4	  x1=0x80005fa0
       19515000	      1852	80005fa4	024000ef	jal	x1,80005fc8	  x1=0x80005fa8
       19535000	      1854	80005fc8	bfe9	c.j	80005fa2	
       19555000	      1856	80005fa2	a821	c.j	80005fba	
       19575000	      1858	80005fba	3fc5	c.jal	80005faa	  x1=0x80005fbc
       19605000	      1861	80005faa	00c0096f	jal	x18,80005fb6	 x18=0x80005fae
       19625000	      1863	80005fb6	a831	c.j	80005fd2	
       19645000	      1865	80005fd2	3ff1	c.jal	80005fae	  x1=0x80005fd4
       19665000	      1867	80005fae	2831	c.jal	80005fca	  x1=0x80005fb0
       19685000	      1869	80005fca	bfcd	c.j	80005fbc	
       19705000	      1871	80005fbc	a821	c.j	80005fd4	
       19725000	      1873	80005fd4	febfff6f	jal	x30,80005fbe	 x30=0x80005fd8
       19745000	      1875	80005fbe	a009	c.j	80005fc0	
       19765000	      1877	80005fc0	00c000ef	jal	x1,80005fcc	  x1=0x80005fc4
       19785000	      1879	80005fcc	2801	c.jal	80005fdc	  x1=0x80005fce
       19805000	      1881	80005fdc	37f1	c.jal	80005fa8	  x1=0x80005fde
       19825000	      1883	80005fa8	a021	c.j	80005fb0	
       19845000	      1885	80005fb0	016000ef	jal	x1,80005fc6	  x1=0x80005fb4
       19865000	      1887	80005fc6	2021	c.jal	80005fce	  x1=0x80005fc8
       19885000	      1889	80005fce	a009	c.j	80005fd0	
       19905000	      1891	80005fd0	bfc1	c.j	80005fa0	
       19925000	      1893	80005fa0	2015	c.jal	80005fc4	  x1=0x80005fa2
       19945000	      1895	80005fc4	3fc5	c.jal	80005fb4	  x1=0x80005fc6
       19965000	      1897	80005fb4	a011	c.j	80005fb8	
       19985000	      1899	80005fb8	2005	c.jal	80005fd8	  x1=0x80005fba
       20005000	      1901	80005fd8	0060026f	jal	x4,80005fde	  x4=0x80005fdc
       20035000	      1904	80005fde	41e40933	sub	x18,x8,x30	  x8:0x00073c46 x30:0x80005fd8 x18=0x8006dc6e
       20045000	      1905	80005fe2	008000ef	jal	x1,80005fea	  x1=0x80005fe6
       20065000	      1907	80005fea	2801	c.jal	80005ffa	  x1=0x80005fec
       20095000	      1910	80005ffa	0060036f	jal	x6,80006000	  x6=0x80005ffe
       20115000	      1912	80006000	bfd5	c.j	80005ff4	
       20135000	      1914	80005ff4	bfed	c.j	80005fee	
       20155000	      1916	80005fee	bfe5	c.j	80005fe6	
       20175000	      1918	80005fe6	a029	c.j	80005ff0	
       20195000	      1920	80005ff0	ff9ff0ef	jal	x1,80005fe8	  x1=0x80005ff4
       20215000	      1922	80005fe8	2011	c.jal	80005fec	  x1=0x80005fea
       20235000	      1924	80005fec	a029	c.j	80005ff6	
       20265000	      1927	80005ff6	008000ef	jal	x1,80005ffe	  x1=0x80005ffa
       20285000	      1929	80005ffe	a011	c.j	80006002	
       20305000	      1931	80006002	0906	c.slli	x18,0x1	 x18:0x8006dc6e x18=0x000db8dc
       20315000	      1932	80006004	00a000ef	jal	x1,8000600e	  x1=0x80006008
       20335000	      1934	8000600e	3ffd	c.jal	8000600c	  x1=0x80006010
       20355000	      1936	8000600c	3ff5	c.jal	80006008	  x1=0x8000600e
       20375000	      1938	80006008	0120016f	jal	x2,8000601a	  x2=0x8000600c
       20395000	      1940	8000601a	2009	c.jal	8000601c	  x1=0x8000601c
       20415000	      1942	8000601c	006004ef	jal	x9,80006022	  x9=0x80006020
       20435000	      1944	80006022	b7fd	c.j	80006010	
       20455000	      1946	80006010	a019	c.j	80006016	
       20475000	      1948	80006016	2009	c.jal	80006018	  x1=0x80006018
       20495000	      1950	80006018	bfed	c.j	80006012	
       20515000	      1952	80006012	a009	c.j	80006014	
       20535000	      1954	80006014	a031	c.j	80006020	
       20555000	      1956	80006020	a011	c.j	80006024	
       20575000	      1958	80006024	8251	c.srli	x12,0x14	 x12:0x00011000 x12=0x00000000
       20585000	      1959	80006026	040000ef	jal	x1,80006066	  x1=0x8000602a
       20605000	      1961	80006066	3fe9	c.jal	80006040	  x1=0x80006068
       20625000	      1963	80006040	0060036f	jal	x6,80006046	  x6=0x80006044
       20645000	      1965	80006046	bfe5	c.j	8000603e	
       20665000	      1967	8000603e	bffd	c.j	8000603c	
       20685000	      1969	8000603c	bfdd	c.j	80006032	
       20715000	      1972	80006032	030000ef	jal	x1,80006062	  x1=0x80006036
       20735000	      1974	80006062	3ffd	c.jal	80006060	  x1=0x80006064
       20755000	      1976	80006060	37ed	c.jal	8000604a	  x1=0x80006062
       20775000	      1978	8000604a	a039	c.j	80006058	
       20795000	      1980	80006058	fedff0ef	jal	x1,80006044	  x1=0x8000605c
       20815000	      1982	80006044	b7f5	c.j	80006030	
       20835000	      1984	80006030	2005	c.jal	80006050	  x1=0x80006032
       20855000	      1986	80006050	fdbff36f	jal	x6,8000602a	  x6=0x80006054
       20885000	      1989	8000602a	02a0036f	jal	x6,80006054	  x6=0x8000602e
       20905000	      1991	80006054	00800c6f	jal	x24,8000605c	 x24=0x80006058
       20925000	      1993	8000605c	fedff0ef	jal	x1,80006048	  x1=0x80006060
       20945000	      1995	80006048	2831	c.jal	80006064	  x1=0x8000604a
       20965000	      1997	80006064	bfd1	c.j	80006038	
       20985000	      1999	80006038	fffff36f	jal	x6,80006036	  x6=0x8000603c
       21005000	      2001	80006036	a819	c.j	8000604c	
       21025000	      2003	8000604c	fe3ff0ef	jal	x1,8000602e	  x1=0x80006050
       21045000	      2005	8000602e	a82d	c.j	80006068	
       21065000	      2007	80006068	8f01	c.sub	x14,x8	 x14:0x78f4dfa4  x8:0x00073c46 x14=0x78eda35e
       21075000	      2008	8000606a	014000ef	jal	x1,8000607e	  x1=0x8000606e
       21095000	      2010	8000607e	2821	c.jal	80006096	  x1=0x80006080
       21125000	      2013	80006096	ff1ff0ef	jal	x1,80006086	  x1=0x8000609a
       21145000	      2015	80006086	37f5	c.jal	80006072	  x1=0x80006088
       21175000	      2018	80006072	0160036f	jal	x6,80006088	  x6=0x80006076
       21195000	      2020	80006088	2031	c.jal	80006094	  x1=0x8000608a
       21215000	      2022	80006094	b7f5	c.j	80006080	
       21235000	      2024	80006080	a801	c.j	80006090	
       21255000	      2026	80006090	fe9ff0ef	jal	x1,80006078	  x1=0x80006094
       21275000	      2028	80006078	fffff0ef	jal	x1,80006076	  x1=0x8000607c
       21295000	      2030	80006076	2031	c.jal	80006082	  x1=0x80006078
       21315000	      2032	80006082	2021	c.jal	8000608a	  x1=0x80006084
       21345000	      2035	8000608a	ff3ff36f	jal	x6,8000607c	  x6=0x8000608e
       21365000	      2037	8000607c	a021	c.j	80006084	
       21385000	      2039	80006084	2819	c.jal	8000609a	  x1=0x80006086
       21405000	      2041	8000609a	3fd1	c.jal	8000606e	  x1=0x8000609c
       21435000	      2044	8000606e	020000ef	jal	x1,8000608e	  x1=0x80006072
       21455000	      2046	8000608e	2039	c.jal	8000609c	  x1=0x80006090
       21475000	      2048	8000609c	01069733	sll	x14,x13,x16	 x13:0x80023ce4 x16:0x80005de0 x14=0x80023ce4
       21485000	      2049	800060a0	00c000ef	jal	x1,800060ac	  x1=0x800060a4
       21505000	      2051	800060ac	016000ef	jal	x1,800060c2	  x1=0x800060b0
       21525000	      2053	800060c2	bfd5	c.j	800060b6	
       21555000	      2056	800060b6	ffbff0ef	jal	x1,800060b0	  x1=0x800060ba
       21575000	      2058	800060b0	2009	c.jal	800060b2	  x1=0x800060b2
       21595000	      2060	800060b2	a039	c.j	800060c0	
       21615000	      2062	800060c0	3ff5	c.jal	800060bc	  x1=0x800060c2
       21635000	      2064	800060bc	00800eef	jal	x29,800060c4	 x29=0x800060c0
       21655000	      2066	800060c4	b7cd	c.j	800060a6	
       21685000	      2069	800060a6	fffff0ef	jal	x1,800060a4	  x1=0x800060aa
       21705000	      2071	800060a4	a801	c.j	800060b4	
       21725000	      2073	800060b4	3fdd	c.jal	800060aa	  x1=0x800060b6
       21745000	      2075	800060aa	2801	c.jal	800060ba	  x1=0x800060ac
       21765000	      2077	800060ba	2031	c.jal	800060c6	  x1=0x800060bc
       21795000	      2080	800060c6	0ff0000f	fence	iorw,iorw	
       21805000	      2081	800060ca	006000ef	jal	x1,800060d0	  x1=0x800060ce
       21825000	      2083	800060d0	04e000ef	jal	x1,8000611e	  x1=0x800060d4
       21845000	      2085	8000611e	b7c9	c.j	800060e0	
       21865000	      2087	800060e0	a039	c.j	800060ee	
       21895000	      2090	800060ee	01c000ef	jal	x1,8000610a	  x1=0x800060f2
       21925000	      2093	8000610a	fddff0ef	jal	x1,800060e6	  x1=0x8000610e
       21945000	      2095	800060e6	bfc5	c.j	800060d6	
       21965000	      2097	800060d6	a811	c.j	800060ea	
       21995000	      2100	800060ea	02e000ef	jal	x1,80006118	  x1=0x800060ee
       22015000	      2102	80006118	00400c6f	jal	x24,8000611c	 x24=0x8000611c
       22035000	      2104	8000611c	bf75	c.j	800060d8	
       22055000	      2106	800060d8	2025	c.jal	80006100	  x1=0x800060da
       22075000	      2108	80006100	ffdff0ef	jal	x1,800060fc	  x1=0x80006104
       22095000	      2110	800060fc	ff7ff26f	jal	x4,800060f2	  x4=0x80006100
       22125000	      2113	800060f2	fddff0ef	jal	x1,800060ce	  x1=0x800060f6
       22145000	      2115	800060ce	a081	c.j	8000610e	
       22175000	      2118	8000610e	ff9ff0ef	jal	x1,80006106	  x1=0x80006112
       22205000	      2121	80006106	00e00aef	jal	x21,80006114	 x21=0x8000610a
       22225000	      2123	80006114	fe5ff66f	jal	x12,800060f8	 x12=0x80006118
       22245000	      2125	800060f8	a031	c.j	80006104	
       22265000	      2127	80006104	a039	c.j	80006112	
       22285000	      2129	80006112	37e5	c.jal	800060fa	  x1=0x80006114
       22305000	      2131	800060fa	3ff5	c.jal	800060f6	  x1=0x800060fc
       22325000	      2133	800060f6	37f5	c.jal	800060e2	  x1=0x800060f8
       22355000	      2136	800060e2	ffdff36f	jal	x6,800060de	  x6=0x800060e6
       22375000	      2138	800060de	bff5	c.j	800060da	
       22405000	      2141	800060da	00e0046f	jal	x8,800060e8	  x8=0x800060de
       22425000	      2143	800060e8	37f5	c.jal	800060d4	  x1=0x800060ea
       22445000	      2145	800060d4	20b1	c.jal	80006120	  x1=0x800060d6
       22465000	      2147	80006120	c8098193	addi	x3,x19,-896	 x19:0x80005f32  x3=0x80005bb2
       22475000	      2148	80006124	004000ef	jal	x1,80006128	  x1=0x80006128
       22495000	      2150	80006128	0300086f	jal	x16,80006158	 x16=0x8000612c
       22515000	      2152	80006158	2029	c.jal	80006162	  x1=0x8000615a
       22535000	      2154	80006162	bfcd	c.j	80006154	
       22555000	      2156	80006154	ff1ff0ef	jal	x1,80006144	  x1=0x80006158
       22575000	      2158	80006144	00400b6f	jal	x22,80006148	 x22=0x80006148
       22595000	      2160	80006148	008000ef	jal	x1,80006150	  x1=0x8000614c
       22615000	      2162	80006150	fe3ff0ef	jal	x1,80006132	  x1=0x80006154
       22635000	      2164	80006132	bfed	c.j	8000612c	
       22655000	      2166	8000612c	030000ef	jal	x1,8000615c	  x1=0x80006130
       22675000	      2168	8000615c	3fc5	c.jal	8000614c	  x1=0x8000615e
       22695000	      2170	8000614c	fe5ff0ef	jal	x1,80006130	  x1=0x80006150
       22715000	      2172	80006130	a809	c.j	80006142	
       22735000	      2174	80006142	3fed	c.jal	8000613c	  x1=0x80006144
       22755000	      2176	8000613c	2025	c.jal	80006164	  x1=0x8000613e
       22775000	      2178	80006164	3fdd	c.jal	8000615a	  x1=0x80006166
       22795000	      2180	8000615a	a011	c.j	8000615e	
       22825000	      2183	8000615e	fdbff2ef	jal	x5,80006138	  x5=0x80006162
       22845000	      2185	80006138	a019	c.j	8000613e	
       22875000	      2188	8000613e	ff7ff0ef	jal	x1,80006134	  x1=0x80006142
       22895000	      2190	80006134	006000ef	jal	x1,8000613a	  x1=0x80006138
       22915000	      2192	8000613a	a035	c.j	80006166	
       22945000	      2195	80006166	db95fa13	andi	x20,x11,-583	 x11:0xf1e8b1fd x20=0xf1e8b1b9
       22955000	      2196	8000616a	008000ef	jal	x1,80006172	  x1=0x8000616e
       22975000	      2198	80006172	281d	c.jal	800061a8	  x1=0x80006174
       22995000	      2200	800061a8	3ff5	c.jal	800061a4	  x1=0x800061aa
       23015000	      2202	800061a4	ff7ff0ef	jal	x1,8000619a	  x1=0x800061a8
       23035000	      2204	8000619a	2829	c.jal	800061b4	  x1=0x8000619c
       23055000	      2206	800061b4	fd9ff0ef	jal	x1,8000618c	  x1=0x800061b8
       23075000	      2208	8000618c	ff9ff2ef	jal	x5,80006184	  x5=0x80006190
       23095000	      2210	80006184	ff1ffc6f	jal	x24,80006174	 x24=0x80006188
       23115000	      2212	80006174	3fed	c.jal	8000616e	  x1=0x80006176
       23135000	      2214	8000616e	a01d	c.j	80006194	
       23155000	      2216	80006194	01e0046f	jal	x8,800061b2	  x8=0x80006198
       23175000	      2218	800061b2	bfd9	c.j	80006188	
       23195000	      2220	80006188	022000ef	jal	x1,800061aa	  x1=0x8000618c
       23215000	      2222	800061aa	b7d9	c.j	80006170	
       23235000	      2224	80006170	2035	c.jal	8000619c	  x1=0x80006172
       23255000	      2226	8000619c	ffdff36f	jal	x6,80006198	  x6=0x800061a0
       23275000	      2228	80006198	3ff9	c.jal	80006176	  x1=0x8000619a
       23295000	      2230	80006176	281d	c.jal	800061ac	  x1=0x80006178
       23315000	      2232	800061ac	fd3ff56f	jal	x10,8000617e	 x10=0x800061b0
       23345000	      2235	8000617e	ffdff0ef	jal	x1,8000617a	  x1=0x80006182
       23375000	      2238	8000617a	018009ef	jal	x19,80006192	 x19=0x8000617e
       23395000	      2240	80006192	bffd	c.j	80006190	
       23415000	      2242	80006190	3fcd	c.jal	80006182	  x1=0x80006192
       23435000	      2244	80006182	bfdd	c.j	80006178	
       23455000	      2246	80006178	a025	c.j	800061a0	
       23475000	      2248	800061a0	010000ef	jal	x1,800061b0	  x1=0x800061a4
       23495000	      2250	800061b0	a021	c.j	800061b8	
       23515000	      2252	800061b8	995e	c.add	x18,x23	 x18:0x000db8dc x23:0x8001fe58 x18=0x800fb734
       23525000	      2253	800061ba	010000ef	jal	x1,800061ca	  x1=0x800061be
       23545000	      2255	800061ca	2029	c.jal	800061d4	  x1=0x800061cc
       23565000	      2257	800061d4	3fed	c.jal	800061ce	  x1=0x800061d6
       23585000	      2259	800061ce	3ffd	c.jal	800061cc	  x1=0x800061d0
       23605000	      2261	800061cc	bfcd	c.j	800061be	
       23625000	      2263	800061be	a009	c.j	800061c0	
       23645000	      2265	800061c0	a021	c.j	800061c8	
       23665000	      2267	800061c8	a819	c.j	800061de	
       23685000	      2269	800061de	2019	c.jal	800061e4	  x1=0x800061e0
       23705000	      2271	800061e4	3fd5	c.jal	800061d8	  x1=0x800061e6
       23725000	      2273	800061d8	0080056f	jal	x10,800061e0	 x10=0x800061dc
       23745000	      2275	800061e0	fe3ff2ef	jal	x5,800061c2	  x5=0x800061e4
       23765000	      2277	800061c2	a015	c.j	800061e6	
       23785000	      2279	800061e6	bfdd	c.j	800061dc	
       23805000	      2281	800061dc	bfd5	c.j	800061d0	
       23825000	      2283	800061d0	006000ef	jal	x1,800061d6	  x1=0x800061d4
       23845000	      2285	800061d6	2809	c.jal	800061e8	  x1=0x800061d8
       23865000	      2287	800061e8	2009	c.jal	800061ea	  x1=0x800061ea
       23885000	      2289	800061ea	bfe9	c.j	800061c4	
       23905000	      2291	800061c4	0280036f	jal	x6,800061ec	  x6=0x800061c8
       23925000	      2293	800061ec	0000100f	fence.i	
       23945000	      2295	800061f0	008000ef	jal	x1,800061f8	  x1=0x800061f4
       23965000	      2297	800061f8	2019	c.jal	800061fe	  x1=0x800061fa
       23985000	      2299	800061fe	2035	c.jal	8000622a	  x1=0x80006200
       24005000	      2301	8000622a	bff1	c.j	80006206	
       24035000	      2304	80006206	01a008ef	jal	x17,80006220	 x17=0x8000620a
       24055000	      2306	80006220	a801	c.j	80006230	
       24075000	      2308	80006230	b7e5	c.j	80006218	
       24095000	      2310	80006218	bfcd	c.j	8000620a	
       24115000	      2312	8000620a	a801	c.j	8000621a	
       24135000	      2314	8000621a	a009	c.j	8000621c	
       24155000	      2316	8000621c	fe7ff0ef	jal	x1,80006202	  x1=0x80006220
       24185000	      2319	80006202	00c000ef	jal	x1,8000620e	  x1=0x80006206
       24215000	      2322	8000620e	028000ef	jal	x1,80006236	  x1=0x80006212
       24235000	      2324	80006236	2009	c.jal	80006238	  x1=0x80006238
       24255000	      2326	80006238	bfd1	c.j	8000620c	
       24275000	      2328	8000620c	a019	c.j	80006212	
       24295000	      2330	80006212	a801	c.j	80006222	
       24325000	      2333	80006222	ff3ff1ef	jal	x3,80006214	  x3=0x80006226
       24345000	      2335	80006214	a839	c.j	80006232	
       24375000	      2338	80006232	ffdffcef	jal	x25,8000622e	 x25=0x80006236
       24395000	      2340	8000622e	bfe5	c.j	80006226	
       24425000	      2343	80006226	fdbff86f	jal	x16,80006200	 x16=0x8000622a
       24445000	      2345	80006200	a035	c.j	8000622c	
       24465000	      2347	8000622c	37f9	c.jal	800061fa	  x1=0x8000622e
       24495000	      2350	800061fa	ffbff0ef	jal	x1,800061f4	  x1=0x800061fe
       24515000	      2352	800061f4	0220086f	jal	x16,80006216	 x16=0x800061f8
       24535000	      2354	80006216	a015	c.j	8000623a	
       24555000	      2356	8000623a	717d	c.addi16sp	x2,-16	  x2:0x8000600c  x2=0x80005ffc
       24565000	      2357	8000623c	00c000ef	jal	x1,80006248	  x1=0x80006240
       24585000	      2359	80006248	004000ef	jal	x1,8000624c	  x1=0x8000624c
       24605000	      2361	8000624c	2009	c.jal	8000624e	  x1=0x8000624e
       24625000	      2363	8000624e	2021	c.jal	80006256	  x1=0x80006250
       24645000	      2365	80006256	2801	c.jal	80006266	  x1=0x80006258
       24665000	      2367	80006266	3fed	c.jal	80006260	  x1=0x80006268
       24685000	      2369	80006260	b7cd	c.j	80006242	
       24715000	      2372	80006242	016000ef	jal	x1,80006258	  x1=0x80006246
       24735000	      2374	80006258	3ff5	c.jal	80006254	  x1=0x8000625a
       24755000	      2376	80006254	3ff5	c.jal	80006250	  x1=0x80006256
       24775000	      2378	80006250	012000ef	jal	x1,80006262	  x1=0x80006254
       24805000	      2381	80006262	fdfff36f	jal	x6,80006240	  x6=0x80006266
       24825000	      2383	80006240	2831	c.jal	8000625c	  x1=0x80006242
       24845000	      2385	8000625c	fffffd6f	jal	x26,8000625a	 x26=0x80006260
       24865000	      2387	8000625a	37f5	c.jal	80006246	  x1=0x8000625c
       24885000	      2389	80006246	a00d	c.j	80006268	
       24905000	      2391	80006268	0ff0000f	fence	iorw,iorw	
       24915000	      2392	8000626c	014000ef	jal	x1,80006280	  x1=0x80006270
       24935000	      2394	80006280	a829	c.j	8000629a	
       24955000	      2396	8000629a	b7f5	c.j	80006286	
       24975000	      2398	80006286	bfc5	c.j	80006276	
       25005000	      2401	80006276	038000ef	jal	x1,800062ae	  x1=0x8000627a
       25035000	      2404	800062ae	fdfff16f	jal	x2,8000628c	  x2=0x800062b2
       25055000	      2406	8000628c	b7fd	c.j	8000627a	
       25075000	      2408	8000627a	a029	c.j	80006284	
       25095000	      2410	80006284	2811	c.jal	80006298	  x1=0x80006286
       25115000	      2412	80006298	a829	c.j	800062b2	
       25135000	      2414	800062b2	37ed	c.jal	8000629c	  x1=0x800062b4
       25155000	      2416	8000629c	3fd9	c.jal	80006272	  x1=0x8000629e
       25175000	      2418	80006272	2091	c.jal	800062b6	  x1=0x80006274
       25205000	      2421	800062b6	fbfff0ef	jal	x1,80006274	  x1=0x800062ba
       25225000	      2423	80006274	a825	c.j	800062ac	
       25245000	      2425	800062ac	b7d1	c.j	80006270	
       25265000	      2427	80006270	281d	c.jal	800062a6	  x1=0x80006272
       25285000	      2429	800062a6	3fe5	c.jal	8000629e	  x1=0x800062a8
       25315000	      2432	8000629e	fedff9ef	jal	x19,8000628a	 x19=0x800062a2
       25335000	      2434	8000628a	2821	c.jal	800062a2	  x1=0x8000628c
       25355000	      2436	800062a2	b7f5	c.j	8000628e	
       25375000	      2438	8000628e	bfd5	c.j	80006282	
       25395000	      2440	80006282	200d	c.jal	800062a4	  x1=0x80006284
       25415000	      2442	800062a4	2801	c.jal	800062b4	  x1=0x800062a6
       25435000	      2444	800062b4	b7e1	c.j	8000627c	
       25455000	      2446	8000627c	00c00def	jal	x27,80006288	 x27=0x80006280
       25475000	      2448	80006288	2021	c.jal	80006290	  x1=0x8000628a
       25495000	      2450	80006290	01800fef	jal	x31,800062a8	 x31=0x80006294
       25515000	      2452	800062a8	fedff0ef	jal	x1,80006294	  x1=0x800062ac
       25535000	      2454	80006294	026000ef	jal	x1,800062ba	  x1=0x80006298
       25565000	      2457	800062ba	01d25413	srli	x8,x4,0x1d	  x4:0x80006100  x8=0x00000004
       25575000	      2458	800062be	004000ef	jal	x1,800062c2	  x1=0x800062c2
       25605000	      2461	800062c2	008000ef	jal	x1,800062ca	  x1=0x800062c6
       25625000	      2463	800062ca	bff5	c.j	800062c6	
       25655000	      2466	800062c6	010000ef	jal	x1,800062d6	  x1=0x800062ca
       25675000	      2468	800062d6	a021	c.j	800062de	
       25695000	      2470	800062de	3fdd	c.jal	800062d4	  x1=0x800062e0
       25715000	      2472	800062d4	a021	c.j	800062dc	
       25735000	      2474	800062dc	bfdd	c.j	800062d2	
       25755000	      2476	800062d2	a039	c.j	800062e0	
       25775000	      2478	800062e0	37fd	c.jal	800062ce	  x1=0x800062e2
       25805000	      2481	800062ce	00a00d6f	jal	x26,800062d8	 x26=0x800062d2
       25825000	      2483	800062d8	ff5ffa6f	jal	x20,800062cc	 x20=0x800062dc
       25845000	      2485	800062cc	2819	c.jal	800062e2	  x1=0x800062ce
       25865000	      2487	800062e2	8332	c.mv	x6,x12	  x0:0x00000000 x12:0x80006118  x6=0x80006118
       25875000	      2488	800062e4	00a000ef	jal	x1,800062ee	  x1=0x800062e8
       25895000	      2490	800062ee	a811	c.j	80006302	
       25915000	      2492	80006302	37ed	c.jal	800062ec	  x1=0x80006304
       25935000	      2494	800062ec	201d	c.jal	80006312	  x1=0x800062ee
       25965000	      2497	80006312	fffff0ef	jal	x1,80006310	  x1=0x80006316
       25985000	      2499	80006310	b7c5	c.j	800062f0	
       26005000	      2501	800062f0	2839	c.jal	8000630e	  x1=0x800062f2
       26025000	      2503	8000630e	3fe9	c.jal	800062e8	  x1=0x80006310
       26045000	      2505	800062e8	2831	c.jal	80006304	  x1=0x800062ea
       26065000	      2507	80006304	ff7ff0ef	jal	x1,800062fa	  x1=0x80006308
       26095000	      2510	800062fa	ff9ff16f	jal	x2,800062f2	  x2=0x800062fe
       26125000	      2513	800062f2	01a000ef	jal	x1,8000630c	  x1=0x800062f6
       26145000	      2515	8000630c	b7ed	c.j	800062f6	
       26175000	      2518	800062f6	0200076f	jal	x14,80006316	 x14=0x800062fa
       26195000	      2520	80006316	bfcd	c.j	80006308	
       26215000	      2522	80006308	ff7ff0ef	jal	x1,800062fe	  x1=0x8000630c
       26245000	      2525	800062fe	fedff0ef	jal	x1,800062ea	  x1=0x80006302
       26265000	      2527	800062ea	a03d	c.j	80006318	
       26645000	      2565	80006318	034b4ab3	div	x21,x22,x20	 x22:0x80006148 x20:0x800062dc x21=0x00000001
       26655000	      2566	8000631c	00c000ef	jal	x1,80006328	  x1=0x80006320
       26675000	      2568	80006328	2005	c.jal	80006348	  x1=0x8000632a
       26695000	      2570	80006348	b7fd	c.j	80006336	
       26725000	      2573	80006336	00c000ef	jal	x1,80006342	  x1=0x8000633a
       26755000	      2576	80006342	fe5ff2ef	jal	x5,80006326	  x5=0x80006346
       26775000	      2578	80006326	a811	c.j	8000633a	
       26805000	      2581	8000633a	00c000ef	jal	x1,80006346	  x1=0x8000633e
       26825000	      2583	80006346	b7e5	c.j	8000632e	
       26855000	      2586	8000632e	01c000ef	jal	x1,8000634a	  x1=0x80006332
       26875000	      2588	8000634a	37e5	c.jal	80006332	  x1=0x8000634c
       26895000	      2590	80006332	2031	c.jal	8000633e	  x1=0x80006334
       26915000	      2592	8000633e	3fdd	c.jal	80006334	  x1=0x80006340
       26935000	      2594	80006334	a821	c.j	8000634c	
       26955000	      2596	8000634c	3ff9	c.jal	8000632a	  x1=0x8000634e
       26985000	      2599	8000632a	024000ef	jal	x1,8000634e	  x1=0x8000632e
       27005000	      2601	8000634e	3fc9	c.jal	80006320	  x1=0x80006350
       27025000	      2603	80006320	a005	c.j	80006340	
       27045000	      2605	80006340	a801	c.j	80006350	
       27065000	      2607	80006350	bfc9	c.j	80006322	
       27095000	      2610	80006322	0300036f	jal	x6,80006352	  x6=0x80006326
       27125000	      2613	80006352	0ff0000f	fence	iorw,iorw	
       27135000	      2614	80006356	01fd3eb3	sltu	x29,x26,x31	 x26:0x800062d2 x31:0x80006294 x29=0x00000000
       27145000	      2615	8000635a	48143993	sltiu	x19,x8,1153	  x8:0x00000004 x19=0x00000001
       27155000	      2616	8000635e	cb493293	sltiu	x5,x18,-844	 x18:0x800fb734  x5=0x00000001
       27525000	      2653	80006362	0244fc33	remu	x24,x9,x4	  x9:0x80006020  x4:0x80006100 x24=0x80006020
       27535000	      2654	80006366	01f30663	beq	x6,x31,80006372	  x6:0x80006326 x31:0x80006294
       27575000	      2658	8000636a	02c493b3	mulh	x7,x9,x12	  x9:0x80006020 x12:0x80006118  x7=0x3fff9f64
       27585000	      2659	8000636e	02378b63	beq	x15,x3,800063a4	 x15:0x80005a3a  x3:0x80006226
       27595000	      2660	80006372	016e4cb3	xor	x25,x28,x22	 x28:0x80005e96 x22:0x80006148 x25=0x00003fde
       27605000	      2661	80006376	00097b33	and	x22,x18,x0	 x18:0x800fb734  x0:0x00000000 x22=0x00000000
       27615000	      2662	8000637a	00d45263	bge	x8,x13,8000637e	  x8:0x00000004 x13:0x80023ce4
       27645000	      2665	8000637e	0287f963	bgeu	x15,x8,800063b0	 x15:0x80005a3a  x8:0x00000004
       27665000	      2667	800063b0	3a5e8393	addi	x7,x29,933	 x29:0x00000000  x7=0x000003a5
       27675000	      2668	800063b4	8cc5	c.or	x9,x9	  x9:0x80006020  x9:0x80006020  x9=0x80006020
       27685000	      2669	800063b6	e021	c.bnez	x8,800063f6	  x8:0x00000004
       27715000	      2672	800063f6	006c37b3	sltu	x15,x24,x6	 x24:0x80006020  x6:0x80006326 x15=0x00000001
       27725000	      2673	800063fa	841d	c.srai	x8,0x7	  x8:0x00000004  x8=0x00000000
       27735000	      2674	800063fc	6c2d	c.lui	x24,0xb	 x24=0x0000b000
       27745000	      2675	800063fe	06e5ed13	ori	x26,x11,110	 x11:0xf1e8b1fd x26=0xf1e8b1ff
       27755000	      2676	80006402	bf1a4393	xori	x7,x20,-1039	 x20:0x800062dc  x7=0x7fff992d
       27765000	      2677	80006406	43cec113	xori	x2,x29,1084	 x29:0x00000000  x2=0x0000043c
       27775000	      2678	8000640a	01f4b933	sltu	x18,x9,x31	  x9:0x80006020 x31:0x80006294 x18=0x00000001
       27785000	      2679	8000640e	01909433	sll	x8,x1,x25	  x1:0x80006350 x25:0x00003fde  x8=0x00000000
       27795000	      2680	80006412	8651	c.srai	x12,0x14	 x12:0x80006118 x12=0xfffff800
       27805000	      2681	80006414	41d40eb3	sub	x29,x8,x29	  x8:0x00000000 x29:0x00000000 x29=0x00000000
       27845000	      2685	80006418	03c0b433	mulhu	x8,x1,x28	  x1:0x80006350 x28:0x80005e96  x8=0x400060f3
       27855000	      2686	8000641c	8fd6	c.mv	x31,x21	  x0:0x00000000 x21:0x00000001 x31=0x00000001
       27865000	      2687	8000641e	c407ef13	ori	x30,x15,-960	 x15:0x00000001 x30=0xfffffc41
       27875000	      2688	80006422	0e0e	c.slli	x28,0x3	 x28:0x80005e96 x28=0x0002f4b0
       27885000	      2689	80006424	8c65	c.and	x8,x9	  x8:0x400060f3  x9:0x80006020  x8=0x00006020
       27895000	      2690	80006426	8c51	c.or	x8,x12	  x8:0x00006020 x12:0xfffff800  x8=0xfffff820
       27905000	      2691	80006428	8cfd	c.and	x9,x15	  x9:0x80006020 x15:0x00000001  x9=0x00000000
       27915000	      2692	8000642a	1e00	c.addi4spn	x8,x2,816	  x8=0x0000076c
       27925000	      2693	8000642c	438d7713	andi	x14,x26,1080	 x26:0xf1e8b1ff x14=0x00000038
       27935000	      2694	80006430	01baeeb3	or	x29,x21,x27	 x21:0x00000001 x27:0x80006280 x29=0x80006281
       27945000	      2695	80006434	0001	c.addi	x0,0	  x0:0x00000000  x0=0x00000000
       27955000	      2696	80006436	9fee	c.add	x31,x27	 x31:0x00000001 x27:0x80006280 x31=0x80006281
       27965000	      2697	80006438	0ff0000f	fence	iorw,iorw	
       27975000	      2698	8000643c	00c8cf63	blt	x17,x12,8000645a	 x17:0x8000620a x12:0xfffff800
       27995000	      2700	8000645a	c90d	c.beqz	x10,8000648c	 x10:0x800061dc
       28005000	      2701	8000645c	6135	c.addi16sp	x2,352	  x2:0x0000043c  x2=0x0000059c
       28015000	      2702	8000645e	003ea233	slt	x4,x29,x3	 x29:0x80006281  x3:0x80006226  x4=0x00000000
       28025000	      2703	80006462	e121	c.bnez	x10,800064a2	 x10:0x800061dc
       28045000	      2705	800064a2	6149	c.addi16sp	x2,144	  x2:0x0000059c  x2=0x0000062c
       28415000	      2742	800064a4	02e36933	rem	x18,x6,x14	  x6:0x80006326 x14:0x00000038 x18=0xfffffffe
       28425000	      2743	800064a8	8f85	c.sub	x15,x9	 x15:0x00000001  x9:0x00000000 x15=0x00000001
       28435000	      2744	800064aa	8a4e	c.mv	x20,x19	  x0:0x00000000 x19:0x00000001 x20=0x00000001
       28445000	      2745	800064ac	0ff0000f	fence	iorw,iorw	
       28455000	      2746	800064b0	012139b3	sltu	x19,x2,x18	  x2:0x0000062c x18:0xfffffffe x19=0x00000001
       28465000	      2747	800064b4	88848393	addi	x7,x9,-1912	  x9:0x00000000  x7=0xfffff888
       28475000	      2748	800064b8	016d4e63	blt	x26,x22,800064d4	 x26:0xf1e8b1ff x22:0x00000000
       28495000	      2750	800064d4	f1b7cc13	xori	x24,x15,-229	 x15:0x00000001 x24=0xffffff1a
       28505000	      2751	800064d8	9bfd	c.andi	x15,-1	 x15:0x00000001 x15=0x00000001
       28515000	      2752	800064da	031b6463	bltu	x22,x17,80006502	 x22:0x00000000 x17:0x8000620a
       28545000	      2755	80006502	0280ef63	bltu	x1,x8,80006540	  x1:0x80006350  x8:0x0000076c
       28585000	      2759	80006506	0343bcb3	mulhu	x25,x7,x20	  x7:0xfffff888 x20:0x00000001 x25=0x00000000
       28595000	      2760	8000650a	dbb00893	addi	x17,x0,-581	  x0:0x00000000 x17=0xfffffdbb
       28965000	      2797	8000650e	03296d33	rem	x26,x18,x18	 x18:0xfffffffe x18:0xfffffffe x26=0x00000000
       28975000	      2798	80006512	42ef81b7	lui	x3,0x42ef8	  x3=0x42ef8000
       28985000	      2799	80006516	0688	c.addi4spn	x10,x2,832	 x10=0x0000096c
       28995000	      2800	80006518	0048eeb3	or	x29,x17,x4	 x17:0xfffffdbb  x4:0x00000000 x29=0xfffffdbb
       29005000	      2801	8000651c	9ce6	c.add	x25,x25	 x25:0x00000000 x25:0x00000000 x25=0x00000000
       29015000	      2802	8000651e	d64d2f93	slti	x31,x26,-668	 x26:0x00000000 x31=0x00000000
       29025000	      2803	80006522	ec89	c.bnez	x9,8000653c	  x9:0x00000000
       29035000	      2804	80006524	818c7e93	andi	x29,x24,-2024	 x24:0xffffff1a x29=0xfffff818
       29045000	      2805	80006528	8fb9	c.xor	x15,x14	 x15:0x00000001 x14:0x00000038 x15=0x00000039
       29055000	      2806	8000652a	92fe	c.add	x5,x31	  x5:0x00000001 x31:0x00000000  x5=0x00000001
       29095000	      2810	8000652c	02ce3433	mulhu	x8,x28,x12	 x28:0x0002f4b0 x12:0xfffff800  x8=0x0002f4af
       29105000	      2811	80006530	00548c33	add	x24,x9,x5	  x9:0x00000000  x5:0x00000001 x24=0x00000001
       29125000	      2813	80006534	02984f33	div	x30,x16,x9	 x16:0x800061f8  x9:0x00000000 x30=0xffffffff
       29135000	      2814	80006538	8206	c.mv	x4,x1	  x0:0x00000000  x1:0x80006350  x4=0x80006350
       29145000	      2815	8000653a	0001	c.addi	x0,0	  x0:0x00000000  x0=0x00000000
       29155000	      2816	8000653c	00da1813	slli	x16,x20,0xd	 x20:0x00000001 x16=0x00002000
       29165000	      2817	80006540	0ae4fe63	bgeu	x9,x14,800065fc	  x9:0x00000000 x14:0x00000038
       29175000	      2818	80006544	01ad4533	xor	x10,x26,x26	 x26:0x00000000 x26:0x00000000 x10=0x00000000
       29185000	      2819	80006548	00386a63	bltu	x16,x3,8000655c	 x16:0x00002000  x3:0x42ef8000
       29205000	      2821	8000655c	0a515c63	bge	x2,x5,80006614	  x2:0x0000062c  x5:0x00000001
       29225000	      2823	80006614	8659	c.srai	x12,0x16	 x12:0xfffff800 x12=0xffffffff
       29235000	      2824	80006616	88ae	c.mv	x17,x11	  x0:0x00000000 x11:0xf1e8b1fd x17=0xf1e8b1fd
       29245000	      2825	80006618	62b1	c.lui	x5,0xc	  x5=0x0000c000
       29255000	      2826	8000661a	0ff0000f	fence	iorw,iorw	
       29265000	      2827	8000661e	01049563	bne	x9,x16,80006628	  x9:0x00000000 x16:0x00002000
       29285000	      2829	80006628	b850f113	andi	x2,x1,-1147	  x1:0x80006350  x2=0x80006300
       29295000	      2830	8000662c	f7e6ce93	xori	x29,x13,-130	 x13:0x80023ce4 x29=0x7ffdc39a
       29305000	      2831	80006630	1e04	c.addi4spn	x9,x2,816	  x9=0x80006630
       29315000	      2832	80006632	016648b3	xor	x17,x12,x22	 x12:0xffffffff x22:0x00000000 x17=0xffffffff
       29325000	      2833	80006636	e021	c.bnez	x8,80006676	  x8:0x0002f4af
       29355000	      2836	80006676	3485e313	ori	x6,x11,840	 x11:0xf1e8b1fd  x6=0xf1e8b3fd
       29365000	      2837	8000667a	00311013	slli	x0,x2,0x3	  x2:0x80006300  x0=0x00000000
       29375000	      2838	8000667e	01962033	slt	x0,x12,x25	 x12:0xffffffff x25:0x00000000  x0=0x00000000
       29385000	      2839	80006682	e50d	c.bnez	x10,800066ac	 x10:0x00000000
       29395000	      2840	80006684	83ea	c.mv	x7,x26	  x0:0x00000000 x26:0x00000000  x7=0x00000000
       29405000	      2841	80006686	014293b3	sll	x7,x5,x20	  x5:0x0000c000 x20:0x00000001  x7=0x00018000
       29415000	      2842	8000668a	965fc993	xori	x19,x31,-1691	 x31:0x00000000 x19=0xfffff965
       29425000	      2843	8000668e	8cb9	c.xor	x9,x14	  x9:0x80006630 x14:0x00000038  x9=0x80006608
       29435000	      2844	80006690	01dbbc33	sltu	x24,x23,x29	 x23:0x8001fe58 x29:0x7ffdc39a x24=0x00000000
       29445000	      2845	80006694	04d4c263	blt	x9,x13,800066d8	  x9:0x80006608 x13:0x80023ce4
       29465000	      2847	800066d8	0049ff33	and	x30,x19,x4	 x19:0xfffff965  x4:0x80006350 x30=0x80006140
       29475000	      2848	800066dc	015b57b3	srl	x15,x22,x21	 x22:0x00000000 x21:0x00000001 x15=0x00000000
       29485000	      2849	800066e0	00b508b3	add	x17,x10,x11	 x10:0x00000000 x11:0xf1e8b1fd x17=0xf1e8b1fd
       29495000	      2850	800066e4	0000100f	fence.i	
       29515000	      2852	800066e8	016029b3	slt	x19,x0,x22	  x0:0x00000000 x22:0x00000000 x19=0x00000000
       29525000	      2853	800066ec	cf8d	c.beqz	x15,80006726	 x15:0x00000000
       29555000	      2856	80006726	000a6133	or	x2,x20,x0	 x20:0x00000001  x0:0x00000000  x2=0x00000001
       29575000	      2858	8000672a	03f04933	div	x18,x0,x31	  x0:0x00000000 x31:0x00000000 x18=0xffffffff
       29585000	      2859	8000672e	49a5bb13	sltiu	x22,x11,1178	 x11:0xf1e8b1fd x22=0x00000000
       29595000	      2860	80006732	e789	c.bnez	x15,8000673c	 x15:0x00000000
       29605000	      2861	80006734	01998733	add	x14,x19,x25	 x19:0x00000000 x25:0x00000000 x14=0x00000000
       29975000	      2898	80006738	02186c33	rem	x24,x16,x1	 x16:0x00002000  x1:0x80006350 x24=0x00002000
       29985000	      2899	8000673c	41565133	sra	x2,x12,x21	 x12:0xffffffff x21:0x00000001  x2=0xffffffff
       29995000	      2900	80006740	0164f433	and	x8,x9,x22	  x9:0x80006608 x22:0x00000000  x8=0x00000000
       30035000	      2904	80006744	034aaeb3	mulhsu	x29,x21,x20	 x21:0x00000001 x20:0x00000001 x29=0x00000000
       30045000	      2905	80006748	018f38b3	sltu	x17,x30,x24	 x30:0x80006140 x24:0x00002000 x17=0x00000000
       30055000	      2906	8000674c	017d4933	xor	x18,x26,x23	 x26:0x00000000 x23:0x8001fe58 x18=0x8001fe58
       30065000	      2907	80006750	717d	c.addi16sp	x2,-16	  x2:0xffffffff  x2=0xffffffef
       30075000	      2908	80006752	e3ac2897	auipc	x17,0xe3ac2	 x17=0x63ac8752
       30085000	      2909	80006756	8ce5	c.and	x9,x9	  x9:0x80006608  x9:0x80006608  x9=0x80006608
       30095000	      2910	80006758	01b8dd93	srli	x27,x17,0x1b	 x17:0x63ac8752 x27=0x0000000c
       30105000	      2911	8000675c	013d8733	add	x14,x27,x19	 x27:0x0000000c x19:0x00000000 x14=0x0000000c
       30115000	      2912	80006760	b4628717	auipc	x14,0xb4628	 x14=0x3462e760
       30125000	      2913	80006764	8b6a	c.mv	x22,x26	  x0:0x00000000 x26:0x00000000 x22=0x00000000
       30135000	      2914	80006766	44e58b13	addi	x22,x11,1102	 x11:0xf1e8b1fd x22=0xf1e8b64b
       30145000	      2915	8000676a	419c00b3	sub	x1,x24,x25	 x24:0x00002000 x25:0x00000000  x1=0x00002000
       30155000	      2916	8000676e	0ff0000f	fence	iorw,iorw	
       30165000	      2917	80006772	71cf7713	andi	x14,x30,1820	 x30:0x80006140 x14=0x00000100
       30175000	      2918	80006776	997d	c.andi	x10,-1	 x10:0x00000000 x10=0x00000000
       30185000	      2919	80006778	0000100f	fence.i	
       30205000	      2921	8000677c	e11d	c.bnez	x10,800067a2	 x10:0x00000000
       30215000	      2922	8000677e	8cad	c.xor	x9,x11	  x9:0x80006608 x11:0xf1e8b1fd  x9=0x71e8d7f5
       30225000	      2923	80006780	fd336293	ori	x5,x6,-45	  x6:0xf1e8b3fd  x5=0xffffffff
       30235000	      2924	80006784	0221d163	bge	x3,x2,800067a6	  x3:0x42ef8000  x2:0xffffffef
       30265000	      2927	800067a6	01c29813	slli	x16,x5,0x1c	  x5:0xffffffff x16=0xf0000000
       30305000	      2931	800067aa	024b97b3	mulh	x15,x23,x4	 x23:0x8001fe58  x4:0x80006350 x15=0x3ffecf2c
       30315000	      2932	800067ae	223d7893	andi	x17,x26,547	 x26:0x00000000 x17=0x00000000
       30325000	      2933	800067b2	00b7dc13	srli	x24,x15,0xb	 x15:0x3ffecf2c x24=0x0007ffd9
       30335000	      2934	800067b6	22360893	addi	x17,x12,547	 x12:0xffffffff x17=0x00000222
       30345000	      2935	800067ba	0d4e	c.slli	x26,0x13	 x26:0x00000000 x26=0x00000000
       30355000	      2936	800067bc	8cc1	c.or	x9,x8	  x9:0x71e8d7f5  x8:0x00000000  x9=0x71e8d7f5
       30365000	      2937	800067be	1d7fbc93	sltiu	x25,x31,471	 x31:0x00000000 x25=0x00000001
       30375000	      2938	800067c2	019aae33	slt	x28,x21,x25	 x21:0x00000001 x25:0x00000001 x28=0x00000000
       30385000	      2939	800067c6	8eca8393	addi	x7,x21,-1812	 x21:0x00000001  x7=0xfffff8ed
       30395000	      2940	800067ca	137d	c.addi	x6,-1	  x6:0xf1e8b3fd  x6=0xf1e8b3fc
       30405000	      2941	800067cc	038ee063	bltu	x29,x24,800067ec	 x29:0x00000000 x24:0x0007ffd9
       30425000	      2943	800067ec	7cb1f813	andi	x16,x3,1995	  x3:0x42ef8000 x16=0x00000000
       30435000	      2944	800067f0	005a5093	srli	x1,x20,0x5	 x20:0x00000001  x1=0x00000000
       30445000	      2945	800067f4	0001	c.addi	x0,0	  x0:0x00000000  x0=0x00000000
       30455000	      2946	800067f6	0136f9b3	and	x19,x13,x19	 x13:0x80023ce4 x19:0x00000000 x19=0x00000000
       30465000	      2947	800067fa	3b650093	addi	x1,x10,950	 x10:0x00000000  x1=0x000003b6
       30475000	      2948	800067fe	018990b3	sll	x1,x19,x24	 x19:0x00000000 x24:0x0007ffd9  x1=0x00000000
       30485000	      2949	80006802	8e11	c.sub	x12,x12	 x12:0xffffffff x12:0xffffffff x12=0x00000000
       30495000	      2950	80006804	875d	c.srai	x14,0x17	 x14:0x00000100 x14=0x00000000
       30505000	      2951	80006806	0001	c.addi	x0,0	  x0:0x00000000  x0=0x00000000
       30515000	      2952	80006808	00ff3433	sltu	x8,x30,x15	 x30:0x80006140 x15:0x3ffecf2c  x8=0x00000000
       30525000	      2953	8000680c	080e	c.slli	x16,0x3	 x16:0x00000000 x16=0x00000000
       30535000	      2954	8000680e	8d21	c.xor	x10,x8	 x10:0x00000000  x8:0x00000000 x10=0x00000000
       30545000	      2955	80006810	0163f233	and	x4,x7,x22	  x7:0xfffff8ed x22:0xf1e8b64b  x4=0xf1e8b049
       30555000	      2956	80006814	00a25a13	srli	x20,x4,0xa	  x4:0xf1e8b049 x20=0x003c7a2c
       30565000	      2957	80006818	8279	c.srli	x12,0x1e	 x12:0x00000000 x12=0x00000000
       30575000	      2958	8000681a	01918f33	add	x30,x3,x25	  x3:0x42ef8000 x25:0x00000001 x30=0x42ef8001
       30585000	      2959	8000681e	6d3d	c.lui	x26,0xf	 x26=0x0000f000
       30595000	      2960	80006820	0000100f	fence.i	
       30615000	      2962	80006824	8f8d	c.sub	x15,x11	 x15:0x3ffecf2c x11:0xf1e8b1fd x15=0x4e161d2f
       30625000	      2963	80006826	000a77b3	and	x15,x20,x0	 x20:0x003c7a2c  x0:0x00000000 x15=0x00000000
       30995000	      3000	8000682a	0227f133	remu	x2,x15,x2	 x15:0x00000000  x2:0xffffffef  x2=0x00000000
       31005000	      3001	8000682e	01281613	slli	x12,x16,0x12	 x16:0x00000000 x12=0x00000000
       31015000	      3002	80006832	13b84237	lui	x4,0x13b84	  x4=0x13b84000
       31025000	      3003	80006836	005ea4b3	slt	x9,x29,x5	 x29:0x00000000  x5:0xffffffff  x9=0x00000000
       31035000	      3004	8000683a	887e	c.mv	x16,x31	  x0:0x00000000 x31:0x00000000 x16=0x00000000
       31045000	      3005	8000683c	010fa1b3	slt	x3,x31,x16	 x31:0x00000000 x16:0x00000000  x3=0x00000000
       31055000	      3006	80006840	0409fe63	bgeu	x19,x0,8000689c	 x19:0x00000000  x0:0x00000000
       31095000	      3010	8000689c	025c8fb3	mul	x31,x25,x5	 x25:0x00000001  x5:0xffffffff x31=0xffffffff
       31135000	      3014	800068a0	023eafb3	mulhsu	x31,x29,x3	 x29:0x00000000  x3:0x00000000 x31=0x00000000
       31145000	      3015	800068a4	6e118793	addi	x15,x3,1761	  x3:0x00000000 x15=0x000006e1
       31155000	      3016	800068a8	a3124a37	lui	x20,0xa3124	 x20=0xa3124000
       31165000	      3017	800068ac	0062b833	sltu	x16,x5,x6	  x5:0xffffffff  x6:0xf1e8b3fc x16=0x00000000
       31205000	      3021	800068b0	03529fb3	mulh	x31,x5,x21	  x5:0xffffffff x21:0x00000001 x31=0xffffffff
       31215000	      3022	800068b4	87a9	c.srai	x15,0xa	 x15:0x000006e1 x15=0x00000001
       31585000	      3059	800068b6	02f86ab3	rem	x21,x16,x15	 x16:0x00000000 x15:0x00000001 x21=0x00000000
       31595000	      3060	800068ba	807d	c.srli	x8,0x1f	  x8:0x00000000  x8=0x00000000
       31615000	      3062	800068bc	02cf7b33	remu	x22,x30,x12	 x30:0x42ef8001 x12:0x00000000 x22=0x42ef8001
       31655000	      3066	800068c0	027d1633	mulh	x12,x26,x7	 x26:0x0000f000  x7:0xfffff8ed x12=0xffffffff
       32025000	      3103	800068c4	0261f433	remu	x8,x3,x6	  x3:0x00000000  x6:0xf1e8b3fc  x8=0x00000000
       32035000	      3104	800068c8	75782c93	slti	x25,x16,1879	 x16:0x00000000 x25=0x00000001
       32045000	      3105	800068cc	0001	c.addi	x0,0	  x0:0x00000000  x0=0x00000000
       32085000	      3109	800068ce	0298b433	mulhu	x8,x17,x9	 x17:0x00000222  x9:0x00000000  x8=0x00000000
       32095000	      3110	800068d2	95606213	ori	x4,x0,-1706	  x0:0x00000000  x4=0xfffff956
       32105000	      3111	800068d6	2c48a193	slti	x3,x17,708	 x17:0x00000222  x3=0x00000001
       32115000	      3112	800068da	0123eb63	bltu	x7,x18,800068f0	  x7:0xfffff8ed x18:0x8001fe58
       32125000	      3113	800068de	0161ec63	bltu	x3,x22,800068f6	  x3:0x00000001 x22:0x42ef8001
       32145000	      3115	800068f6	98fd	c.andi	x9,-1	  x9:0x00000000  x9=0x00000000
       32155000	      3116	800068f8	018000ef	jal	x1,80006910	  x1=0x800068fc
       32175000	      3118	80006910	3fcd	c.jal	80006902	  x1=0x80006912
       32195000	      3120	80006902	3fed	c.jal	800068fc	  x1=0x80006904
       32215000	      3122	800068fc	a009	c.j	800068fe	
       32245000	      3125	800068fe	014000ef	jal	x1,80006912	  x1=0x80006902
       32265000	      3127	80006912	3fed	c.jal	8000690c	  x1=0x80006914
       32285000	      3129	8000690c	ffdffcef	jal	x25,80006908	 x25=0x80006910
       32305000	      3131	80006908	3ffd	c.jal	80006906	  x1=0x8000690a
       32325000	      3133	80006906	2011	c.jal	8000690a	  x1=0x80006908
       32345000	      3135	8000690a	3fed	c.jal	80006904	  x1=0x8000690c
       32365000	      3137	80006904	2809	c.jal	80006916	  x1=0x80006906
       32385000	      3139	80006916	3ffd	c.jal	80006914	  x1=0x80006918
       32405000	      3141	80006914	a011	c.j	80006918	
       32425000	      3143	80006918	012b1a93	slli	x21,x22,0x12	 x22:0x42ef8001 x21=0x00040000
       32435000	      3144	8000691c	01321763	bne	x4,x19,8000692a	  x4:0xfffff956 x19:0x00000000
       32825000	      3183	8000692a	03775433	divu	x8,x14,x23	 x14:0x00000000 x23:0x8001fe58  x8=0x00000000
       32835000	      3184	8000692e	00b19f63	bne	x3,x11,8000694c	  x3:0x00000001 x11:0xf1e8b1fd
       32855000	      3186	8000694c	0147a4b3	slt	x9,x15,x20	 x15:0x00000001 x20:0xa3124000  x9=0x00000000
       33225000	      3223	80006950	02d048b3	div	x17,x0,x13	  x0:0x00000000 x13:0x80023ce4 x17=0x00000000
       33255000	      3226	80006954	03158db3	mul	x27,x11,x17	 x11:0xf1e8b1fd x17:0x00000000 x27=0x00000000
       33275000	      3228	80006958	03d7eab3	rem	x21,x15,x29	 x15:0x00000001 x29:0x00000000 x21=0x00000001
       33285000	      3229	8000695c	00e39c93	slli	x25,x7,0xe	  x7:0xfffff8ed x25=0xfe3b4000
       33325000	      3233	80006960	02269533	mulh	x10,x13,x2	 x13:0x80023ce4  x2:0x00000000 x10=0x00000000
       33335000	      3234	80006964	01ec5d33	srl	x26,x24,x30	 x24:0x0007ffd9 x30:0x42ef8001 x26=0x0003ffec
       33345000	      3235	80006968	ce53b293	sltiu	x5,x7,-795	  x7:0xfffff8ed  x5=0x00000001
       33355000	      3236	8000696c	0079f963	bgeu	x19,x7,8000697e	 x19:0x00000000  x7:0xfffff8ed
       33365000	      3237	80006970	00945f33	srl	x30,x8,x9	  x8:0x00000000  x9:0x00000000 x30=0x00000000
       33375000	      3238	80006974	40ef0d33	sub	x26,x30,x14	 x30:0x00000000 x14:0x00000000 x26=0x00000000
       33385000	      3239	80006978	6179	c.addi16sp	x2,464	  x2:0x00000000  x2=0x000001d0
       33415000	      3242	8000697a	03c58eb3	mul	x29,x11,x28	 x11:0xf1e8b1fd x28:0x00000000 x29=0x00000000
       33425000	      3243	8000697e	8c49	c.or	x8,x10	  x8:0x00000000 x10:0x00000000  x8=0x00000000
       33435000	      3244	80006980	e38d	c.bnez	x15,800069a2	 x15:0x00000001
       33495000	      3250	800069a2	024221b3	mulhsu	x3,x4,x4	  x4:0xfffff956  x4:0xfffff956  x3=0xfffff956
       33505000	      3251	800069a6	41dc04b3	sub	x9,x24,x29	 x24:0x0007ffd9 x29:0x00000000  x9=0x0007ffd9
       33515000	      3252	800069aa	02d44963	blt	x8,x13,800069dc	  x8:0x00000000 x13:0x80023ce4
       33525000	      3253	800069ae	01782f33	slt	x30,x16,x23	 x16:0x00000000 x23:0x8001fe58 x30=0x00000000
       33535000	      3254	800069b2	01d39d13	slli	x26,x7,0x1d	  x7:0xfffff8ed x26=0xa0000000
       33545000	      3255	800069b6	bc9da113	slti	x2,x27,-1079	 x27:0x00000000  x2=0x00000000
       33555000	      3256	800069ba	6211	c.lui	x4,0x4	  x4=0x00004000
       33565000	      3257	800069bc	1f7d	c.addi	x30,-1	 x30:0x00000000 x30=0xffffffff
       33575000	      3258	800069be	03f27963	bgeu	x4,x31,800069f0	  x4:0x00004000 x31:0xffffffff
       33585000	      3259	800069c2	3f7c2493	slti	x9,x24,1015	 x24:0x0007ffd9  x9=0x00000000
       33595000	      3260	800069c6	717d	c.addi16sp	x2,-16	  x2:0x00000000  x2=0xfffffff0
       33605000	      3261	800069c8	852d	c.srai	x10,0xb	 x10:0x00000000 x10=0x00000000
       33615000	      3262	800069ca	8ad6	c.mv	x21,x21	  x0:0x00000000 x21:0x00000001 x21=0x00000001
       33625000	      3263	800069cc	02e38363	beq	x7,x14,800069f2	  x7:0xfffff8ed x14:0x00000000
       33995000	      3300	800069d0	025ef133	remu	x2,x29,x5	 x29:0x00000000  x5:0x00000001  x2=0x00000000
       34005000	      3301	800069d4	00501413	slli	x8,x0,0x5	  x0:0x00000000  x8=0x00000000
       34015000	      3302	800069d8	02417463	bgeu	x2,x4,80006a00	  x2:0x00000000  x4:0x00004000
       34025000	      3303	800069dc	300f4a17	auipc	x20,0x300f4	 x20=0xb00fa9dc
       34065000	      3307	800069e0	03e93333	mulhu	x6,x18,x30	 x18:0x8001fe58 x30:0xffffffff  x6=0x8001fe57
       34075000	      3308	800069e4	8975	c.andi	x10,29	 x10:0x00000000 x10=0x00000000
       34085000	      3309	800069e6	41a7df13	srai	x30,x15,0x1a	 x15:0x00000001 x30=0x00000000
       34095000	      3310	800069ea	ee99	c.bnez	x13,80006a08	 x13:0x80023ce4
       34115000	      3312	80006a08	1988	c.addi4spn	x10,x2,240	 x10=0x000000f0
       34125000	      3313	80006a0a	9646	c.add	x12,x17	 x12:0xffffffff x17:0x00000000 x12=0xffffffff
       34135000	      3314	80006a0c	930a	c.add	x6,x2	  x6:0x8001fe57  x2:0x00000000  x6=0x8001fe57
       34145000	      3315	80006a0e	b8603eb7	lui	x29,0xb8603	 x29=0xb8603000
       34155000	      3316	80006a12	01d57d33	and	x26,x10,x29	 x10:0x000000f0 x29:0xb8603000 x26=0x00000000
       34185000	      3319	80006a16	03fb0c33	mul	x24,x22,x31	 x22:0x42ef8001 x31:0xffffffff x24=0xbd107fff
       34195000	      3320	80006a1a	0000100f	fence.i	
       34255000	      3326	80006a1e	0372afb3	mulhsu	x31,x5,x23	  x5:0x00000001 x23:0x8001fe58 x31=0x00000000
       34265000	      3327	80006a22	ef21	c.bnez	x14,80006a7a	 x14:0x00000000
       34275000	      3328	80006a24	8e69	c.and	x12,x10	 x12:0xffffffff x10:0x000000f0 x12=0x000000f0
       34315000	      3332	80006a26	024daf33	mulhsu	x30,x27,x4	 x27:0x00000000  x4:0x00004000 x30=0x00000000
       34335000	      3334	80006a2a	0309e733	rem	x14,x19,x16	 x19:0x00000000 x16:0x00000000 x14=0x00000000
       34345000	      3335	80006a2e	6135	c.addi16sp	x2,352	  x2:0x00000000  x2=0x00000160
       34355000	      3336	80006a30	41b8d613	srai	x12,x17,0x1b	 x17:0x00000000 x12=0x00000000
       34365000	      3337	80006a34	0ff0000f	fence	iorw,iorw	
       34375000	      3338	80006a38	041fc963	blt	x31,x1,80006a8a	 x31:0x00000000  x1:0x80006918
       34385000	      3339	80006a3c	011b33b3	sltu	x7,x22,x17	 x22:0x42ef8001 x17:0x00000000  x7=0x00000000
       34395000	      3340	80006a40	0ff0000f	fence	iorw,iorw	
       34405000	      3341	80006a44	006000ef	jal	x1,80006a4a	  x1=0x80006a48
       34425000	      3343	80006a4a	2821	c.jal	80006a62	  x1=0x80006a4c
       34445000	      3345	80006a62	a019	c.j	80006a68	
       34465000	      3347	80006a68	b7c5	c.j	80006a48	
       34485000	      3349	80006a48	a801	c.j	80006a58	
       34505000	      3351	80006a58	3ffd	c.jal	80006a56	  x1=0x80006a5a
       34525000	      3353	80006a56	3fdd	c.jal	80006a4c	  x1=0x80006a58
       34545000	      3355	80006a4c	a021	c.j	80006a54	
       34565000	      3357	80006a54	bffd	c.j	80006a52	
       34585000	      3359	80006a52	a031	c.j	80006a5e	
       34605000	      3361	80006a5e	3fcd	c.jal	80006a50	  x1=0x80006a60
       34625000	      3363	80006a50	a811	c.j	80006a64	
       34645000	      3365	80006a64	008008ef	jal	x17,80006a6c	 x17=0x80006a68
       34665000	      3367	80006a6c	ffffff6f	jal	x30,80006a6a	 x30=0x80006a70
       34685000	      3369	80006a6a	a019	c.j	80006a70	
       34705000	      3371	80006a70	b7f5	c.j	80006a5c	
       34725000	      3373	80006a5c	a011	c.j	80006a60	
       34745000	      3375	80006a60	bfed	c.j	80006a5a	
       34765000	      3377	80006a5a	2821	c.jal	80006a72	  x1=0x80006a5c
       34785000	      3379	80006a72	bff1	c.j	80006a4e	
       34805000	      3381	80006a4e	a01d	c.j	80006a74	
       34825000	      3383	80006a74	0001	c.addi	x0,0	  x0:0x00000000  x0=0x00000000
       34835000	      3384	80006a76	01175e63	bge	x14,x17,80006a92	 x14:0x00000000 x17:0x80006a68
       34855000	      3386	80006a92	63f5	c.lui	x7,0x1d	  x7=0x0001d000
       34865000	      3387	80006a94	4199d633	sra	x12,x19,x25	 x19:0x00000000 x25:0xfe3b4000 x12=0x00000000
       34875000	      3388	80006a98	0688	c.addi4spn	x10,x2,832	 x10=0x000004a0
       34885000	      3389	80006a9a	0197e1b3	or	x3,x15,x25	 x15:0x00000001 x25:0xfe3b4000  x3=0xfe3b4001
       34895000	      3390	80006a9e	8812	c.mv	x16,x4	  x0:0x00000000  x4:0x00004000 x16=0x00004000
       34905000	      3391	80006aa0	5d7d	c.li	x26,-1	 x26=0xffffffff
       34915000	      3392	80006aa2	4f45	c.li	x30,17	 x30=0x00000011
       34925000	      3393	80006aa4	02354863	blt	x10,x3,80006ad4	 x10:0x000004a0  x3:0xfe3b4001
       34935000	      3394	80006aa8	41b50833	sub	x16,x10,x27	 x10:0x000004a0 x27:0x00000000 x16=0x000004a0
       34945000	      3395	80006aac	8cb5	c.xor	x9,x13	  x9:0x00000000 x13:0x80023ce4  x9=0x80023ce4
       34955000	      3396	80006aae	0001	c.addi	x0,0	  x0:0x00000000  x0=0x00000000
       34965000	      3397	80006ab0	97ea	c.add	x15,x26	 x15:0x00000001 x26:0xffffffff x15=0x00000000
       34985000	      3399	80006ab2	02cb63b3	rem	x7,x22,x12	 x22:0x42ef8001 x12:0x00000000  x7=0x42ef8001
       34995000	      3400	80006ab6	e019	c.bnez	x8,80006abc	  x8:0x00000000
       35005000	      3401	80006ab8	8261	c.srli	x12,0x18	 x12:0x00000000 x12=0x00000000
       35015000	      3402	80006aba	8c69	c.and	x8,x10	  x8:0x00000000 x10:0x000004a0  x8=0x00000000
       35025000	      3403	80006abc	0ff0000f	fence	iorw,iorw	
       35055000	      3406	80006ac0	03aa0e33	mul	x28,x20,x26	 x20:0xb00fa9dc x26:0xffffffff x28=0x4ff05624
       35065000	      3407	80006ac4	016232b3	sltu	x5,x4,x22	  x4:0x00004000 x22:0x42ef8001  x5=0x00000001
       35105000	      3411	80006ac8	02682933	mulhsu	x18,x16,x6	 x16:0x000004a0  x6:0x8001fe57 x18=0x00000250
       35115000	      3412	80006acc	c0dea493	slti	x9,x29,-1011	 x29:0xb8603000  x9=0x00000001
       35125000	      3413	80006ad0	a4906937	lui	x18,0xa4906	 x18=0xa4906000
       35135000	      3414	80006ad4	018993b3	sll	x7,x19,x24	 x19:0x00000000 x24:0xbd107fff  x7=0x00000000
       35145000	      3415	80006ad8	00032633	slt	x12,x6,x0	  x6:0x8001fe57  x0:0x00000000 x12=0x00000001
       35155000	      3416	80006adc	41145733	sra	x14,x8,x17	  x8:0x00000000 x17:0x80006a68 x14=0x00000000
       35165000	      3417	80006ae0	015e7ab3	and	x21,x28,x21	 x28:0x4ff05624 x21:0x00000001 x21=0x00000000
       35175000	      3418	80006ae4	0f75	c.addi	x30,29	 x30:0x00000011 x30=0x0000002e
       35185000	      3419	80006ae6	00e55933	srl	x18,x10,x14	 x10:0x000004a0 x14:0x00000000 x18=0x000004a0
       35195000	      3420	80006aea	01234b33	xor	x22,x6,x18	  x6:0x8001fe57 x18:0x000004a0 x22=0x8001faf7
       35205000	      3421	80006aee	8cfd	c.and	x9,x15	  x9:0x00000001 x15:0x00000000  x9=0x00000000
       35215000	      3422	80006af0	8e7d	c.and	x12,x15	 x12:0x00000001 x15:0x00000000 x12=0x00000000
       35225000	      3423	80006af2	07f6	c.slli	x15,0x1d	 x15:0x00000000 x15=0x00000000
       35235000	      3424	80006af4	03aa	c.slli	x7,0xa	  x7:0x00000000  x7=0x00000000
       35245000	      3425	80006af6	03d35963	bge	x6,x29,80006b28	  x6:0x8001fe57 x29:0xb8603000
       35255000	      3426	80006afa	00911633	sll	x12,x2,x9	  x2:0x00000160  x9:0x00000000 x12=0x00000160
       35265000	      3427	80006afe	04529263	bne	x5,x5,80006b42	  x5:0x00000001  x5:0x00000001
       35275000	      3428	80006b02	1afd	c.addi	x21,-1	 x21:0x00000000 x21=0xffffffff
       35285000	      3429	80006b04	006a7663	bgeu	x20,x6,80006b10	 x20:0xb00fa9dc  x6:0x8001fe57
       35305000	      3431	80006b10	01ab2733	slt	x14,x22,x26	 x22:0x8001faf7 x26:0xffffffff x14=0x00000001
       35315000	      3432	80006b14	00047763	bgeu	x8,x0,80006b22	  x8:0x00000000  x0:0x00000000
       35345000	      3435	80006b22	01cd9e33	sll	x28,x27,x28	 x27:0x00000000 x28:0x4ff05624 x28=0x00000000
       35355000	      3436	80006b26	987d	c.andi	x8,-1	  x8:0x00000000  x8=0x00000000
       35365000	      3437	80006b28	f0514213	xori	x4,x2,-251	  x2:0x00000160  x4=0xfffffe65
       35375000	      3438	80006b2c	00207fb3	and	x31,x0,x2	  x0:0x00000000  x2:0x00000160 x31=0x00000000
       35385000	      3439	80006b30	9c86	c.add	x25,x1	 x25:0xfe3b4000  x1:0x80006a5c x25=0x7e3baa5c
       35395000	      3440	80006b32	407f82b3	sub	x5,x31,x7	 x31:0x00000000  x7:0x00000000  x5=0x00000000
       35405000	      3441	80006b36	01b1	c.addi	x3,12	  x3:0xfe3b4001  x3=0xfe3b400d
       35415000	      3442	80006b38	00791d33	sll	x26,x18,x7	 x18:0x000004a0  x7:0x00000000 x26=0x000004a0
       35435000	      3444	80006b3c	028c6033	rem	x0,x24,x8	 x24:0xbd107fff  x8:0x00000000  x0=0x00000000
       35445000	      3445	80006b40	0001	c.addi	x0,0	  x0:0x00000000  x0=0x00000000
       35455000	      3446	80006b42	01769533	sll	x10,x13,x23	 x13:0x80023ce4 x23:0x8001fe58 x10=0xe4000000
       35465000	      3447	80006b46	8d41	c.or	x10,x8	 x10:0xe4000000  x8:0x00000000 x10=0xe4000000
       35475000	      3448	80006b48	8b6d	c.andi	x14,27	 x14:0x00000001 x14=0x00000001
       35485000	      3449	80006b4a	0183d563	bge	x7,x24,80006b54	  x7:0x00000000 x24:0xbd107fff
       35505000	      3451	80006b54	0000100f	fence.i	
       35555000	      3456	80006b58	03782433	mulhsu	x8,x16,x23	 x16:0x000004a0 x23:0x8001fe58  x8=0x00000250
       35565000	      3457	80006b5c	3cf2b113	sltiu	x2,x5,975	  x5:0x00000000  x2=0x00000001
       35575000	      3458	80006b60	051e5063	bge	x28,x17,80006ba0	 x28:0x00000000 x17:0x80006a68
       35595000	      3460	80006ba0	6c4a0e13	addi	x28,x20,1732	 x20:0xb00fa9dc x28=0xb00fb0a0
       35605000	      3461	80006ba4	015e0433	add	x8,x28,x21	 x28:0xb00fb0a0 x21:0xffffffff  x8=0xb00fb09f
       35615000	      3462	80006ba8	00a35933	srl	x18,x6,x10	  x6:0x8001fe57 x10:0xe4000000 x18=0x8001fe57
       35625000	      3463	80006bac	c005	c.beqz	x8,80006bcc	  x8:0xb00fb09f
       35635000	      3464	80006bae	9e514793	xori	x15,x2,-1563	  x2:0x00000001 x15=0xfffff9e4
       36005000	      3501	80006bb2	028ce9b3	rem	x19,x25,x8	 x25:0x7e3baa5c  x8:0xb00fb09f x19=0x2e4b5afb
       36375000	      3538	80006bb6	0266dc33	divu	x24,x13,x6	 x13:0x80023ce4  x6:0x8001fe57 x24=0x00000001
       36385000	      3539	80006bba	8f81	c.sub	x15,x8	 x15:0xfffff9e4  x8:0xb00fb09f x15=0x4ff04945
       36395000	      3540	80006bbc	0ff0000f	fence	iorw,iorw	
       36435000	      3544	80006bc0	03d53ab3	mulhu	x21,x10,x29	 x10:0xe4000000 x29:0xb8603000 x21=0xa435aac0
       36445000	      3545	80006bc4	0ff0000f	fence	iorw,iorw	
       36455000	      3546	80006bc8	00d0cd33	xor	x26,x1,x13	  x1:0x80006a5c x13:0x80023ce4 x26=0x000256b8
       36465000	      3547	80006bcc	41115b13	srai	x22,x2,0x11	  x2:0x00000001 x22=0x00000000
       36475000	      3548	80006bd0	0000100f	fence.i	
       36495000	      3550	80006bd4	8d51	c.or	x10,x12	 x10:0xe4000000 x12:0x00000160 x10=0xe4000160
       36505000	      3551	80006bd6	14fd	c.addi	x9,-1	  x9:0x00000000  x9=0xffffffff
       36515000	      3552	80006bd8	01925993	srli	x19,x4,0x19	  x4:0xfffffe65 x19=0x0000007f
       36525000	      3553	80006bdc	413987b3	sub	x15,x19,x19	 x19:0x0000007f x19:0x0000007f x15=0x00000000
       36535000	      3554	80006be0	40c3deb3	sra	x29,x7,x12	  x7:0x00000000 x12:0x00000160 x29=0x00000000
       36545000	      3555	80006be4	dace2513	slti	x10,x28,-596	 x28:0xb00fb0a0 x10=0x00000001
       36555000	      3556	80006be8	9a7d	c.andi	x12,-1	 x12:0x00000160 x12=0x00000160
       36565000	      3557	80006bea	01a8df63	bge	x17,x26,80006c08	 x17:0x80006a68 x26:0x000256b8
       36575000	      3558	80006bee	a375a817	auipc	x16,0xa375a	 x16=0x23760bee
       36585000	      3559	80006bf2	014e	c.slli	x2,0x13	  x2:0x00000001  x2=0x00080000
       36595000	      3560	80006bf4	8f65	c.and	x14,x9	 x14:0x00000001  x9:0xffffffff x14=0x00000001
       36965000	      3597	80006bf6	035249b3	div	x19,x4,x21	  x4:0xfffffe65 x21:0xa435aac0 x19=0x00000000
       36975000	      3598	80006bfa	006dda13	srli	x20,x27,0x6	 x27:0x00000000 x20=0x00000000
       36985000	      3599	80006bfe	147d	c.addi	x8,-1	  x8:0xb00fb09f  x8=0xb00fb09e
       36995000	      3600	80006c00	400cdd93	srai	x27,x25,0x0	 x25:0x7e3baa5c x27=0x7e3baa5c
       37005000	      3601	80006c04	01382533	slt	x10,x16,x19	 x16:0x23760bee x19:0x00000000 x10=0x00000000
       37015000	      3602	80006c08	03f77463	bgeu	x14,x31,80006c30	 x14:0x00000001 x31:0x00000000
       37035000	      3604	80006c30	00a09c93	slli	x25,x1,0xa	  x1:0x80006a5c x25=0x01a97000
       37045000	      3605	80006c34	1cf3ae93	slti	x29,x7,463	  x7:0x00000000 x29=0x00000001
       37055000	      3606	80006c38	0177d463	bge	x15,x23,80006c40	 x15:0x00000000 x23:0x8001fe58
       37075000	      3608	80006c40	6855	c.lui	x16,0x15	 x16=0x00015000
       37085000	      3609	80006c42	003edc13	srli	x24,x29,0x3	 x29:0x00000001 x24=0x00000000
       37095000	      3610	80006c46	814a	c.mv	x2,x18	  x0:0x00000000 x18:0x8001fe57  x2=0x8001fe57
       37105000	      3611	80006c48	0ac2	c.slli	x21,0x10	 x21:0xa435aac0 x21=0xaac00000
       37115000	      3612	80006c4a	0083e0b3	or	x1,x7,x8	  x7:0x00000000  x8:0xb00fb09e  x1=0xb00fb09e
       37125000	      3613	80006c4e	008f04b3	add	x9,x30,x8	 x30:0x0000002e  x8:0xb00fb09e  x9=0xb00fb0cc
       37135000	      3614	80006c52	6d427c97	auipc	x25,0x6d427	 x25=0xed42dc52
       37145000	      3615	80006c56	013e10b3	sll	x1,x28,x19	 x28:0xb00fb0a0 x19:0x00000000  x1=0xb00fb0a0
       37155000	      3616	80006c5a	0408d863	bge	x17,x0,80006caa	 x17:0x80006a68  x0:0x00000000
       37165000	      3617	80006c5e	1e7d	c.addi	x28,-1	 x28:0xb00fb0a0 x28=0xb00fb09f
       37175000	      3618	80006c60	02a000ef	jal	x1,80006c8a	  x1=0x80006c64
       37195000	      3620	80006c8a	3fe9	c.jal	80006c64	  x1=0x80006c8c
       37215000	      3622	80006c64	200d	c.jal	80006c86	  x1=0x80006c66
       37235000	      3624	80006c86	bfd5	c.j	80006c7a	
       37265000	      3627	80006c7a	006000ef	jal	x1,80006c80	  x1=0x80006c7e
       37285000	      3629	80006c80	00c0036f	jal	x6,80006c8c	  x6=0x80006c84
       37305000	      3631	80006c8c	3fcd	c.jal	80006c7e	  x1=0x80006c8e
       37325000	      3633	80006c7e	37f5	c.jal	80006c6a	  x1=0x80006c80
       37355000	      3636	80006c6a	008000ef	jal	x1,80006c72	  x1=0x80006c6e
       37385000	      3639	80006c72	ff5ff8ef	jal	x17,80006c66	 x17=0x80006c76
       37415000	      3642	80006c66	01e000ef	jal	x1,80006c84	  x1=0x80006c6a
       37435000	      3644	80006c84	a011	c.j	80006c88	
       37455000	      3646	80006c88	b7dd	c.j	80006c6e	
       37485000	      3649	80006c6e	0080036f	jal	x6,80006c76	  x6=0x80006c72
       37515000	      3652	80006c76	018001ef	jal	x3,80006c8e	  x3=0x80006c7a
       37535000	      3654	80006c8e	8c41	c.or	x8,x8	  x8:0xb00fb09e  x8:0xb00fb09e  x8=0xb00fb09e
       37545000	      3655	80006c90	0001	c.addi	x0,0	  x0:0x00000000  x0=0x00000000
       37555000	      3656	80006c92	ec1d	c.bnez	x8,80006cd0	  x8:0xb00fb09e
       37575000	      3658	80006cd0	137d	c.addi	x6,-1	  x6:0x80006c72  x6=0x80006c71
       37585000	      3659	80006cd2	0000100f	fence.i	
       37605000	      3661	80006cd6	8d61	c.and	x10,x8	 x10:0x00000000  x8:0xb00fb09e x10=0x00000000
       37615000	      3662	80006cd8	0051d213	srli	x4,x3,0x5	  x3:0x80006c7a  x4=0x04000363
       37625000	      3663	80006cdc	717d	c.addi16sp	x2,-16	  x2:0x8001fe57  x2=0x8001fe47
       37635000	      3664	80006cde	01693633	sltu	x12,x18,x22	 x18:0x8001fe57 x22:0x00000000 x12=0x00000000
       37645000	      3665	80006ce2	00b54133	xor	x2,x10,x11	 x10:0x00000000 x11:0xf1e8b1fd  x2=0xf1e8b1fd
       37655000	      3666	80006ce6	8cc5	c.or	x9,x9	  x9:0xb00fb0cc  x9:0xb00fb0cc  x9=0xb00fb0cc
       37665000	      3667	80006ce8	00242733	slt	x14,x8,x2	  x8:0xb00fb09e  x2:0xf1e8b1fd x14=0x00000001
       37685000	      3669	80006cec	0348c8b3	div	x17,x17,x20	 x17:0x80006c76 x20:0x00000000 x17=0xffffffff
       37695000	      3670	80006cf0	ea896493	ori	x9,x18,-344	 x18:0x8001fe57  x9=0xfffffeff
       37705000	      3671	80006cf4	412e5493	srai	x9,x28,0x12	 x28:0xb00fb09f  x9=0xffffec03
       37715000	      3672	80006cf8	ce19	c.beqz	x12,80006d16	 x12:0x00000000
       37735000	      3674	80006d16	c801	c.beqz	x8,80006d26	  x8:0xb00fb09e
       37745000	      3675	80006d18	1e126297	auipc	x5,0x1e126	  x5=0x9e12cd18
       37785000	      3679	80006d1c	03442b33	mulhsu	x22,x8,x20	  x8:0xb00fb09e x20:0x00000000 x22=0x00000000
       37795000	      3680	80006d20	c485	c.beqz	x9,80006d48	  x9:0xffffec03
       37805000	      3681	80006d22	0ff0000f	fence	iorw,iorw	
       37815000	      3682	80006d26	03ef4d63	blt	x30,x30,80006d60	 x30:0x0000002e x30:0x0000002e
       37825000	      3683	80006d2a	0149e563	bltu	x19,x20,80006d34	 x19:0x00000000 x20:0x00000000
       37855000	      3686	80006d2e	03488f33	mul	x30,x17,x20	 x17:0xffffffff x20:0x00000000 x30=0x00000000
       37865000	      3687	80006d32	1410	c.addi4spn	x12,x2,544	 x12=0xf1e8b41d
       37875000	      3688	80006d34	8d5d	c.or	x10,x15	 x10:0x00000000 x15:0x00000000 x10=0x00000000
       37885000	      3689	80006d36	007bfd33	and	x26,x23,x7	 x23:0x8001fe58  x7:0x00000000 x26=0x00000000
       37895000	      3690	80006d3a	00a73333	sltu	x6,x14,x10	 x14:0x00000001 x10:0x00000000  x6=0x00000000
       37905000	      3691	80006d3e	4da3c393	xori	x7,x7,1242	  x7:0x00000000  x7=0x000004da
       37915000	      3692	80006d42	418ade33	sra	x28,x21,x24	 x21:0xaac00000 x24:0x00000000 x28=0xaac00000
       37925000	      3693	80006d46	0a00	c.addi4spn	x8,x2,272	  x8=0xf1e8b30d
       37935000	      3694	80006d48	0ff0000f	fence	iorw,iorw	
       37945000	      3695	80006d4c	0154e4b3	or	x9,x9,x21	  x9:0xffffec03 x21:0xaac00000  x9=0xffffec03
       37955000	      3696	80006d50	005b9713	slli	x14,x23,0x5	 x23:0x8001fe58 x14=0x003fcb00
       37965000	      3697	80006d54	00b63c33	sltu	x24,x12,x11	 x12:0xf1e8b41d x11:0xf1e8b1fd x24=0x00000000
       38005000	      3701	80006d58	02221a33	mulh	x20,x4,x2	  x4:0x04000363  x2:0xf1e8b1fd x20=0xffc7a298
       38015000	      3702	80006d5c	01369eb3	sll	x29,x13,x19	 x13:0x80023ce4 x19:0x00000000 x29=0x80023ce4
       38025000	      3703	80006d60	c495	c.beqz	x9,80006d8c	  x9:0xffffec03
       38035000	      3704	80006d62	0000100f	fence.i	
       38055000	      3706	80006d66	1f08	c.addi4spn	x10,x2,944	 x10=0xf1e8b5ad
       38065000	      3707	80006d68	84e5	c.srai	x9,0x19	  x9:0xffffec03  x9=0xffffffff
       38075000	      3708	80006d6a	83b9	c.srli	x15,0xe	 x15:0x00000000 x15=0x00000000
       38085000	      3709	80006d6c	05c59063	bne	x11,x28,80006dac	 x11:0xf1e8b1fd x28:0xaac00000
       38105000	      3711	80006dac	0806	c.slli	x16,0x1	 x16:0x00015000 x16=0x0002a000
       38475000	      3748	80006dae	02cac333	div	x6,x21,x12	 x21:0xaac00000 x12:0xf1e8b41d  x6=0x00000006
       38485000	      3749	80006db2	8ed6	c.mv	x29,x21	  x0:0x00000000 x21:0xaac00000 x29=0xaac00000
       38495000	      3750	80006db4	717d	c.addi16sp	x2,-16	  x2:0xf1e8b1fd  x2=0xf1e8b1ed
       38535000	      3754	80006db6	02cfa3b3	mulhsu	x7,x31,x12	 x31:0x00000000 x12:0xf1e8b41d  x7=0x00000000
       38545000	      3755	80006dba	1b58f793	andi	x15,x17,437	 x17:0xffffffff x15=0x000001b5
       38915000	      3792	80006dbe	03944733	div	x14,x8,x25	  x8:0xf1e8b30d x25:0xed42dc52 x14=0x00000000
       38955000	      3796	80006dc2	02983eb3	mulhu	x29,x16,x9	 x16:0x0002a000  x9:0xffffffff x29=0x00029fff
       38965000	      3797	80006dc6	9b350a93	addi	x21,x10,-1613	 x10:0xf1e8b5ad x21=0xf1e8af60
       38975000	      3798	80006dca	6a85	c.lui	x21,0x1	 x21=0x00001000
       38985000	      3799	80006dcc	9e46	c.add	x28,x17	 x28:0xaac00000 x17:0xffffffff x28=0xaabfffff
       38995000	      3800	80006dce	8fa9	c.xor	x15,x10	 x15:0x000001b5 x10:0xf1e8b5ad x15=0xf1e8b418
       39005000	      3801	80006dd0	007cf0b3	and	x1,x25,x7	 x25:0xed42dc52  x7:0x00000000  x1=0x00000000
       39015000	      3802	80006dd4	860a	c.mv	x12,x2	  x0:0x00000000  x2:0xf1e8b1ed x12=0xf1e8b1ed
       39025000	      3803	80006dd6	01288663	beq	x17,x18,80006de2	 x17:0xffffffff x18:0x8001fe57
       39035000	      3804	80006dda	c405fa93	andi	x21,x11,-960	 x11:0xf1e8b1fd x21=0xf1e8b040
       39405000	      3841	80006dde	023ddeb3	divu	x29,x27,x3	 x27:0x7e3baa5c  x3:0x80006c7a x29=0x00000000
       39435000	      3844	80006de2	03030333	mul	x6,x6,x16	  x6:0x00000006 x16:0x0002a000  x6=0x000fc000
       39445000	      3845	80006de6	0145df93	srli	x31,x11,0x14	 x11:0xf1e8b1fd x31=0x00000f1e
       39455000	      3846	80006dea	41b70833	sub	x16,x14,x27	 x14:0x00000000 x27:0x7e3baa5c x16=0x81c455a4
       39495000	      3850	80006dee	0239a2b3	mulhsu	x5,x19,x3	 x19:0x00000000  x3:0x80006c7a  x5=0x00000000
       39505000	      3851	80006df2	8cb1	c.xor	x9,x12	  x9:0xffffffff x12:0xf1e8b1ed  x9=0x0e174e12
       39515000	      3852	80006df4	e085	c.bnez	x9,80006e14	  x9:0x0e174e12
       39535000	      3854	80006e14	0509f063	bgeu	x19,x16,80006e54	 x19:0x00000000 x16:0x81c455a4
       39545000	      3855	80006e18	01ca	c.slli	x3,0x12	  x3:0x80006c7a  x3=0xb1e80000
       39555000	      3856	80006e1a	40e30ab3	sub	x21,x6,x14	  x6:0x000fc000 x14:0x00000000 x21=0x000fc000
       39565000	      3857	80006e1e	028f4363	blt	x30,x8,80006e44	 x30:0x00000000  x8:0xf1e8b30d
       39575000	      3858	80006e22	00a69f63	bne	x13,x10,80006e40	 x13:0x80023ce4 x10:0xf1e8b5ad
       39595000	      3860	80006e40	a91d8893	addi	x17,x27,-1391	 x27:0x7e3baa5c x17=0x7e3ba4ed
       39605000	      3861	80006e44	01b0dc33	srl	x24,x1,x27	  x1:0x00000000 x27:0x7e3baa5c x24=0x00000000
       39615000	      3862	80006e48	4451	c.li	x8,20	  x8=0x00000014
       39625000	      3863	80006e4a	8939	c.andi	x10,14	 x10:0xf1e8b5ad x10=0x0000000c
       39635000	      3864	80006e4c	01745813	srli	x16,x8,0x17	  x8:0x00000014 x16=0x00000000
       39645000	      3865	80006e50	00356633	or	x12,x10,x3	 x10:0x0000000c  x3:0xb1e80000 x12=0xb1e8000c
       39655000	      3866	80006e54	00074263	blt	x14,x0,80006e58	 x14:0x00000000  x0:0x00000000
       39665000	      3867	80006e58	00c95e13	srli	x28,x18,0xc	 x18:0x8001fe57 x28=0x0008001f
       39675000	      3868	80006e5c	02f00863	beq	x0,x15,80006e8c	  x0:0x00000000 x15:0xf1e8b418
       39685000	      3869	80006e60	007172b3	and	x5,x2,x7	  x2:0xf1e8b1ed  x7:0x00000000  x5=0x00000000
       39725000	      3873	80006e64	02c7a133	mulhsu	x2,x15,x12	 x15:0xf1e8b418 x12:0xb1e8000c  x2=0xf6351f67
       39735000	      3874	80006e68	0faa	c.slli	x31,0xa	 x31:0x00000f1e x31=0x003c7800
       39745000	      3875	80006e6a	a90eb913	sltiu	x18,x29,-1392	 x29:0x00000000 x18=0x00000001
       39775000	      3878	80006e6e	03c30833	mul	x16,x6,x28	  x6:0x000fc000 x28:0x0008001f x16=0x01e84000
       39785000	      3879	80006e72	44da84b7	lui	x9,0x44da8	  x9=0x44da8000
       39795000	      3880	80006e76	0088f133	and	x2,x17,x8	 x17:0x7e3ba4ed  x8:0x00000014  x2=0x00000004
       39805000	      3881	80006e7a	0307e963	bltu	x15,x16,80006eac	 x15:0xf1e8b418 x16:0x01e84000
       39815000	      3882	80006e7e	00d7a033	slt	x0,x15,x13	 x15:0xf1e8b418 x13:0x80023ce4  x0=0x00000000
       39825000	      3883	80006e82	40545333	sra	x6,x8,x5	  x8:0x00000014  x5:0x00000000  x6=0x00000014
       39835000	      3884	80006e86	8d31	c.xor	x10,x12	 x10:0x0000000c x12:0xb1e8000c x10=0xb1e80000
       39845000	      3885	80006e88	00b3fab3	and	x21,x7,x11	  x7:0x00000000 x11:0xf1e8b1fd x21=0x00000000
       39885000	      3889	80006e8c	0299b1b3	mulhu	x3,x19,x9	 x19:0x00000000  x9:0x44da8000  x3=0x00000000
       39895000	      3890	80006e90	0175dd13	srli	x26,x11,0x17	 x11:0xf1e8b1fd x26=0x000001e3
       39915000	      3892	80006e94	03dd5533	divu	x10,x26,x29	 x26:0x000001e3 x29:0x00000000 x10=0xffffffff
       40285000	      3929	80006e98	02a6d4b3	divu	x9,x13,x10	 x13:0x80023ce4 x10:0xffffffff  x9=0x00000000
       40295000	      3930	80006e9c	18fd	c.addi	x17,-1	 x17:0x7e3ba4ed x17=0x7e3ba4ec
       40305000	      3931	80006e9e	1e9c	c.addi4spn	x15,x2,880	 x15=0x00000374
       40315000	      3932	80006ea0	01a0bd33	sltu	x26,x1,x26	  x1:0x00000000 x26:0x000001e3 x26=0x00000001
       40325000	      3933	80006ea4	000c07b3	add	x15,x24,x0	 x24:0x00000000  x0:0x00000000 x15=0x00000000
       40335000	      3934	80006ea8	0001	c.addi	x0,0	  x0:0x00000000  x0=0x00000000
       40345000	      3935	80006eaa	0001	c.addi	x0,0	  x0:0x00000000  x0=0x00000000
       40355000	      3936	80006eac	008eb933	sltu	x18,x29,x8	 x29:0x00000000  x8:0x00000014 x18=0x00000001
       40365000	      3937	80006eb0	8d0d	c.sub	x10,x11	 x10:0xffffffff x11:0xf1e8b1fd x10=0x0e174e02
       40375000	      3938	80006eb2	00df5b33	srl	x22,x30,x13	 x30:0x00000000 x13:0x80023ce4 x22=0x00000000
       40385000	      3939	80006eb6	c321	c.beqz	x14,80006ef6	 x14:0x00000000
       40405000	      3941	80006ef6	8741	c.srai	x14,0x10	 x14:0x00000000 x14=0x00000000
       40415000	      3942	80006ef8	e131	c.bnez	x10,80006f3c	 x10:0x0e174e02
       40435000	      3944	80006f3c	40ebda13	srai	x20,x23,0xe	 x23:0x8001fe58 x20=0xfffe0007
       40445000	      3945	80006f40	995a	c.add	x18,x22	 x18:0x00000001 x22:0x00000000 x18=0x00000001
       40455000	      3946	80006f42	0000100f	fence.i	
       40475000	      3948	80006f46	87a2	c.mv	x15,x8	  x0:0x00000000  x8:0x00000014 x15=0x00000014
       40485000	      3949	80006f48	9b22	c.add	x22,x8	 x22:0x00000000  x8:0x00000014 x22=0x00000014
       40495000	      3950	80006f4a	0001	c.addi	x0,0	  x0:0x00000000  x0=0x00000000
       40505000	      3951	80006f4c	e816b417	auipc	x8,0xe816b	  x8=0x68171f4c
       40875000	      3988	80006f50	037cc2b3	div	x5,x25,x23	 x25:0xed42dc52 x23:0x8001fe58  x5=0x00000000
       40915000	      3992	80006f54	02482433	mulhsu	x8,x16,x4	 x16:0x01e84000  x4:0x04000363  x8=0x0007a106
       40925000	      3993	80006f58	02607c63	bgeu	x0,x6,80006f90	  x0:0x00000000  x6:0x00000014
       40935000	      3994	80006f5c	197d	c.addi	x18,-1	 x18:0x00000001 x18=0x00000000
       40945000	      3995	80006f5e	e941be13	sltiu	x28,x3,-364	  x3:0x00000000 x28=0x00000001
       40955000	      3996	80006f62	005f9313	slli	x6,x31,0x5	 x31:0x003c7800  x6=0x078f0000
       40965000	      3997	80006f66	40eadf33	sra	x30,x21,x14	 x21:0x00000000 x14:0x00000000 x30=0x00000000
       40975000	      3998	80006f6a	ded16113	ori	x2,x2,-531	  x2:0x00000004  x2=0xfffffded
       40985000	      3999	80006f6e	614ffe93	andi	x29,x31,1556	 x31:0x003c7800 x29=0x00000000
       40995000	      4000	80006f72	01861d63	bne	x12,x24,80006f8c	 x12:0xb1e8000c x24:0x00000000
       41015000	      4002	80006f8c	0058ec93	ori	x25,x17,5	 x17:0x7e3ba4ec x25=0x7e3ba4ed
       41025000	      4003	80006f90	01602db3	slt	x27,x0,x22	  x0:0x00000000 x22:0x00000014 x27=0x00000001
       41035000	      4004	80006f94	41a35c93	srai	x25,x6,0x1a	  x6:0x078f0000 x25=0x00000001
       41045000	      4005	80006f98	40ab08b3	sub	x17,x22,x10	 x22:0x00000014 x10:0x0e174e02 x17=0xf1e8b212
       41065000	      4007	80006f9c	025641b3	div	x3,x12,x5	 x12:0xb1e8000c  x5:0x00000000  x3=0xffffffff
       41075000	      4008	80006fa0	8f05	c.sub	x14,x9	 x14:0x00000000  x9:0x00000000 x14=0x00000000
       41085000	      4009	80006fa2	0119f3b3	and	x7,x19,x17	 x19:0x00000000 x17:0xf1e8b212  x7=0x00000000
       41095000	      4010	80006fa6	055a5263	bge	x20,x21,80006fea	 x20:0xfffe0007 x21:0x00000000
       41105000	      4011	80006faa	01599f63	bne	x19,x21,80006fc8	 x19:0x00000000 x21:0x00000000
       41135000	      4014	80006fae	02f90933	mul	x18,x18,x15	 x18:0x00000000 x15:0x00000014 x18=0x00000000
       41145000	      4015	80006fb2	0001	c.addi	x0,0	  x0:0x00000000  x0=0x00000000
       41155000	      4016	80006fb4	004ac2b3	xor	x5,x21,x4	 x21:0x00000000  x4:0x04000363  x5=0x04000363
       41165000	      4017	80006fb8	0000100f	fence.i	
       41185000	      4019	80006fbc	00e94d63	blt	x18,x14,80006fd6	 x18:0x00000000 x14:0x00000000
       41205000	      4021	80006fc0	027dc533	div	x10,x27,x7	 x27:0x00000001  x7:0x00000000 x10=0xffffffff
       41215000	      4022	80006fc4	8259	c.srli	x12,0x16	 x12:0xb1e8000c x12=0x000002c7
       41225000	      4023	80006fc6	83ed	c.srli	x15,0x1b	 x15:0x00000014 x15=0x00000000
       41235000	      4024	80006fc8	847d	c.srai	x8,0x1f	  x8:0x0007a106  x8=0x00000000
       41245000	      4025	80006fca	ff02fd17	auipc	x26,0xff02f	 x26=0x7f035fca
       41255000	      4026	80006fce	411c5a13	srai	x20,x24,0x11	 x24:0x00000000 x20=0x00000000
       41295000	      4030	80006fd2	033a1fb3	mulh	x31,x20,x19	 x20:0x00000000 x19:0x00000000 x31=0x00000000
       41665000	      4067	80006fd6	022dd733	divu	x14,x27,x2	 x27:0x00000001  x2:0xfffffded x14=0x00000000
       41675000	      4068	80006fda	8d71	c.and	x10,x12	 x10:0xffffffff x12:0x000002c7 x10=0x000002c7
       41715000	      4072	80006fdc	03802733	mulhsu	x14,x0,x24	  x0:0x00000000 x24:0x00000000 x14=0x00000000
       41725000	      4073	80006fe0	01b55e13	srli	x28,x10,0x1b	 x10:0x000002c7 x28=0x00000000
       41765000	      4077	80006fe4	023cb1b3	mulhu	x3,x25,x3	 x25:0x00000001  x3:0xffffffff  x3=0x00000000
       41775000	      4078	80006fe8	8505	c.srai	x10,0x1	 x10:0x000002c7 x10=0x00000163
       41815000	      4082	80006fea	02c92eb3	mulhsu	x29,x18,x12	 x18:0x00000000 x12:0x000002c7 x29=0x00000000
       41825000	      4083	80006fee	c7cda4b7	lui	x9,0xc7cda	  x9=0xc7cda000
       41835000	      4084	80006ff2	8cb9	c.xor	x9,x14	  x9:0xc7cda000 x14:0x00000000  x9=0xc7cda000
       41845000	      4085	80006ff4	085a	c.slli	x16,0x16	 x16:0x01e84000 x16=0x00000000
       41855000	      4086	80006ff6	8d71	c.and	x10,x12	 x10:0x00000163 x12:0x000002c7 x10=0x00000043
       42225000	      4123	80006ff8	0263ecb3	rem	x25,x7,x6	  x7:0x00000000  x6:0x078f0000 x25=0x00000000
       42235000	      4124	80006ffc	ef9d	c.bnez	x15,8000703a	 x15:0x00000000
       42605000	      4161	80006ffe	03634033	div	x0,x6,x22	  x6:0x078f0000 x22:0x00000014  x0=0x00000000
       42615000	      4162	80007002	01374563	blt	x14,x19,8000700c	 x14:0x00000000 x19:0x00000000
       42625000	      4163	80007006	01845733	srl	x14,x8,x24	  x8:0x00000000 x24:0x00000000 x14=0x00000000
       42635000	      4164	8000700a	1988	c.addi4spn	x10,x2,240	 x10=0xfffffedd
       42645000	      4165	8000700c	80e1	c.srli	x9,0x18	  x9:0xc7cda000  x9=0x000000c7
       42685000	      4169	8000700e	02f3b733	mulhu	x14,x7,x15	  x7:0x00000000 x15:0x00000000 x14=0x00000000
       43055000	      4206	80007012	036e4ab3	div	x21,x28,x22	 x28:0x00000000 x22:0x00000014 x21=0x00000000
       43065000	      4207	80007016	01e6d893	srli	x17,x13,0x1e	 x13:0x80023ce4 x17=0x00000002
       43075000	      4208	8000701a	0000100f	fence.i	
       43105000	      4211	8000701e	39354793	xori	x15,x10,915	 x10:0xfffffedd x15=0xfffffd4e
       43115000	      4212	80007022	89b2	c.mv	x19,x12	  x0:0x00000000 x12:0x000002c7 x19=0x000002c7
       43125000	      4213	80007024	0001	c.addi	x0,0	  x0:0x00000000  x0=0x00000000
       43135000	      4214	80007026	4087dc93	srai	x25,x15,0x8	 x15:0xfffffd4e x25=0xfffffffd
       43145000	      4215	8000702a	02f88763	beq	x17,x15,80007058	 x17:0x00000002 x15:0xfffffd4e
       43185000	      4219	8000702e	02922833	mulhsu	x16,x4,x9	  x4:0x04000363  x9:0x000000c7 x16=0x00000003
       43195000	      4220	80007032	46488293	addi	x5,x17,1124	 x17:0x00000002  x5=0x00000466
       43205000	      4221	80007036	8a79	c.andi	x12,30	 x12:0x000002c7 x12=0x00000006
       43215000	      4222	80007038	0001	c.addi	x0,0	  x0:0x00000000  x0=0x00000000
       43225000	      4223	8000703a	0000100f	fence.i	
       43255000	      4226	8000703e	012bb633	sltu	x12,x23,x18	 x23:0x8001fe58 x18:0x00000000 x12=0x00000000
       43265000	      4227	80007042	018042b3	xor	x5,x0,x24	  x0:0x00000000 x24:0x00000000  x5=0x00000000
       43275000	      4228	80007046	1afd	c.addi	x21,-1	 x21:0x00000000 x21=0xffffffff
       43295000	      4230	80007048	03467833	remu	x16,x12,x20	 x12:0x00000000 x20:0x00000000 x16=0x00000000
       43665000	      4267	8000704c	02a7e833	rem	x16,x15,x10	 x15:0xfffffd4e x10:0xfffffedd x16=0xffffff94
       43675000	      4268	80007050	002d8fb3	add	x31,x27,x2	 x27:0x00000001  x2:0xfffffded x31=0xfffffdee
       43685000	      4269	80007054	e46c3a93	sltiu	x21,x24,-442	 x24:0x00000000 x21=0x00000001
       43695000	      4270	80007058	b7deb993	sltiu	x19,x29,-1155	 x29:0x00000000 x19=0x00000001
       43705000	      4271	8000705c	8215	c.srli	x12,0x5	 x12:0x00000000 x12=0x00000000
       43715000	      4272	8000705e	01d55493	srli	x9,x10,0x1d	 x10:0xfffffedd  x9=0x00000007
       43725000	      4273	80007062	f1ffa093	slti	x1,x31,-225	 x31:0xfffffdee  x1=0x00000001
       43735000	      4274	80007066	0001	c.addi	x0,0	  x0:0x00000000  x0=0x00000000
       43745000	      4275	80007068	6fb4a817	auipc	x16,0x6fb4a	 x16=0xefb51068
       43755000	      4276	8000706c	8c59	c.or	x8,x14	  x8:0x00000000 x14:0x00000000  x8=0x00000000
       43795000	      4280	8000706e	03d79b33	mulh	x22,x15,x29	 x15:0xfffffd4e x29:0x00000000 x22=0x00000000
       43805000	      4281	80007072	88da	c.mv	x17,x22	  x0:0x00000000 x22:0x00000000 x17=0x00000000
       43815000	      4282	80007074	40e05a93	srai	x21,x0,0xe	  x0:0x00000000 x21=0x00000000
       43825000	      4283	80007078	01fda033	slt	x0,x27,x31	 x27:0x00000001 x31:0xfffffdee  x0=0x00000000
       43835000	      4284	8000707c	bfc7a293	slti	x5,x15,-1028	 x15:0xfffffd4e  x5=0x00000000
       43845000	      4285	80007080	40805f33	sra	x30,x0,x8	  x0:0x00000000  x8:0x00000000 x30=0x00000000
       43855000	      4286	80007084	40cdd533	sra	x10,x27,x12	 x27:0x00000001 x12:0x00000000 x10=0x00000001
       43865000	      4287	80007088	6d914413	xori	x8,x2,1753	  x2:0xfffffded  x8=0xfffffb34
       43875000	      4288	8000708c	0219	c.addi	x4,6	  x4:0x04000363  x4=0x04000369
       44245000	      4325	8000708e	02d9cdb3	div	x27,x19,x13	 x19:0x00000001 x13:0x80023ce4 x27=0x00000000
       44255000	      4326	80007092	3a5b7c93	andi	x25,x22,933	 x22:0x00000000 x25=0x00000000
       44265000	      4327	80007096	004a4663	blt	x20,x4,800070a2	 x20:0x00000000  x4:0x04000369
       44295000	      4330	800070a2	0294d263	bge	x9,x9,800070c6	  x9:0x00000007  x9:0x00000007
       44315000	      4332	800070c6	9a3e	c.add	x20,x15	 x20:0x00000000 x15:0xfffffd4e x20=0xfffffd4e
       44335000	      4334	800070c8	038cc7b3	div	x15,x25,x24	 x25:0x00000000 x24:0x00000000 x15=0xffffffff
       44345000	      4335	800070cc	00223533	sltu	x10,x4,x2	  x4:0x04000369  x2:0xfffffded x10=0x00000001
       44355000	      4336	800070d0	8e01	c.sub	x12,x8	 x12:0x00000000  x8:0xfffffb34 x12=0x000004cc
       44365000	      4337	800070d2	008b9413	slli	x8,x23,0x8	 x23:0x8001fe58  x8=0x01fe5800
       44375000	      4338	800070d6	01dd	c.addi	x3,23	  x3:0x00000000  x3=0x00000017
       44385000	      4339	800070d8	0a56	c.slli	x20,0x15	 x20:0xfffffd4e x20=0xa9c00000
       44395000	      4340	800070da	9fba	c.add	x31,x14	 x31:0xfffffdee x14:0x00000000 x31=0xfffffdee
       44405000	      4341	800070dc	5cfd	c.li	x25,-1	 x25=0xffffffff
       44415000	      4342	800070de	0123ef63	bltu	x7,x18,800070fc	  x7:0x00000000 x18:0x00000000
       44425000	      4343	800070e2	0088ff63	bgeu	x17,x8,80007100	 x17:0x00000000  x8:0x01fe5800
       44435000	      4344	800070e6	8669	c.srai	x12,0x1a	 x12:0x000004cc x12=0x00000000
       44475000	      4348	800070e8	02cfbfb3	mulhu	x31,x31,x12	 x31:0xfffffdee x12:0x00000000 x31=0x00000000
       44485000	      4349	800070ec	405fd2b3	sra	x5,x31,x5	 x31:0x00000000  x5:0x00000000  x5=0x00000000
       44495000	      4350	800070f0	010ef833	and	x16,x29,x16	 x29:0x00000000 x16:0xefb51068 x16=0x00000000
       44505000	      4351	800070f4	e00d	c.bnez	x8,80007116	  x8:0x01fe5800
       44525000	      4353	80007116	9bfd	c.andi	x15,-1	 x15:0xffffffff x15=0xffffffff
       44535000	      4354	80007118	008a53b3	srl	x7,x20,x8	 x20:0xa9c00000  x8:0x01fe5800  x7=0xa9c00000
       44545000	      4355	8000711c	87f9	c.srai	x15,0x1e	 x15:0xffffffff x15=0xffffffff
       44555000	      4356	8000711e	8c49	c.or	x8,x10	  x8:0x01fe5800 x10:0x00000001  x8=0x01fe5801
       44565000	      4357	80007120	0001	c.addi	x0,0	  x0:0x00000000  x0=0x00000000
       44575000	      4358	80007122	0196f833	and	x16,x13,x25	 x13:0x80023ce4 x25:0xffffffff x16=0x80023ce4
       44585000	      4359	80007126	002f6263	bltu	x30,x2,8000712a	 x30:0x00000000  x2:0xfffffded
       44605000	      4361	8000712a	1ffd	c.addi	x31,-1	 x31:0x00000000 x31=0xffffffff
       44635000	      4364	8000712c	037d8333	mul	x6,x27,x23	 x27:0x00000000 x23:0x8001fe58  x6=0x00000000
       44645000	      4365	80007130	04204b63	blt	x0,x2,80007186	  x0:0x00000000  x2:0xfffffded
       44655000	      4366	80007134	015d9c33	sll	x24,x27,x21	 x27:0x00000000 x21:0x00000000 x24=0x00000000
       44665000	      4367	80007138	8c41	c.or	x8,x8	  x8:0x01fe5801  x8:0x01fe5801  x8=0x01fe5801
       44675000	      4368	8000713a	517d	c.li	x2,-1	  x2=0xffffffff
       44685000	      4369	8000713c	020000ef	jal	x1,8000715c	  x1=0x80007140
       44705000	      4371	8000715c	37f5	c.jal	80007148	  x1=0x8000715e
       44725000	      4373	80007148	a039	c.j	80007156	
       44755000	      4376	80007156	febfff6f	jal	x30,80007140	 x30=0x8000715a
       44775000	      4378	80007140	00e000ef	jal	x1,8000714e	  x1=0x80007144
       44795000	      4380	8000714e	2019	c.jal	80007154	  x1=0x80007150
       44815000	      4382	80007154	bfe5	c.j	8000714c	
       44835000	      4384	8000714c	2019	c.jal	80007152	  x1=0x8000714e
       44855000	      4386	80007152	a021	c.j	8000715a	
       44875000	      4388	8000715a	b7ed	c.j	80007144	
       44895000	      4390	80007144	00c000ef	jal	x1,80007150	  x1=0x80007148
       44915000	      4392	80007150	bfed	c.j	8000714a	
       44935000	      4394	8000714a	a811	c.j	8000715e	
       44965000	      4397	8000715e	01041e13	slli	x28,x8,0x10	  x8:0x01fe5801 x28=0x58010000
       44975000	      4398	80007162	403052b3	sra	x5,x0,x3	  x0:0x00000000  x3:0x00000017  x5=0x00000000
       44985000	      4399	80007166	01ef3f33	sltu	x30,x30,x30	 x30:0x8000715a x30:0x8000715a x30=0x00000000
       44995000	      4400	8000716a	0001	c.addi	x0,0	  x0:0x00000000  x0=0x00000000
       45005000	      4401	8000716c	00b4da93	srli	x21,x9,0xb	  x9:0x00000007 x21=0x00000000
       45015000	      4402	80007170	0001	c.addi	x0,0	  x0:0x00000000  x0=0x00000000
       45025000	      4403	80007172	9aba	c.add	x21,x14	 x21:0x00000000 x14:0x00000000 x21=0x00000000
       45035000	      4404	80007174	044cb713	sltiu	x14,x25,68	 x25:0xffffffff x14=0x00000000
       45045000	      4405	80007178	00bc1713	slli	x14,x24,0xb	 x24:0x00000000 x14=0x00000000
       45055000	      4406	8000717c	11fd	c.addi	x3,-1	  x3:0x00000017  x3=0x00000016
       45065000	      4407	8000717e	00559e93	slli	x29,x11,0x5	 x11:0xf1e8b1fd x29=0x3d163fa0
       45075000	      4408	80007182	0001	c.addi	x0,0	  x0:0x00000000  x0=0x00000000
       45085000	      4409	80007184	8dc2	c.mv	x27,x16	  x0:0x00000000 x16:0x80023ce4 x27=0x80023ce4
       45095000	      4410	80007186	0000100f	fence.i	
       45125000	      4413	8000718a	e6439c97	auipc	x25,0xe6439	 x25=0x6644018a
       45135000	      4414	8000718e	5e7d	c.li	x28,-1	 x28=0xffffffff
       45145000	      4415	80007190	40d3da13	srai	x20,x7,0xd	  x7:0xa9c00000 x20=0xfffd4e00
       45155000	      4416	80007194	00616c33	or	x24,x2,x6	  x2:0xffffffff  x6:0x00000000 x24=0xffffffff
       45165000	      4417	80007198	01b5acb3	slt	x25,x11,x27	 x11:0xf1e8b1fd x27:0x80023ce4 x25=0x00000000
       45175000	      4418	8000719c	1e7d	c.addi	x28,-1	 x28:0xffffffff x28=0xfffffffe
       45185000	      4419	8000719e	0001	c.addi	x0,0	  x0:0x00000000  x0=0x00000000
       45195000	      4420	800071a0	0001	c.addi	x0,0	  x0:0x00000000  x0=0x00000000
       45205000	      4421	800071a2	02f9	c.addi	x5,30	  x5:0x00000000  x5=0x0000001e
       45215000	      4422	800071a4	9a7d	c.andi	x12,-1	 x12:0x00000000 x12=0x00000000
       45225000	      4423	800071a6	137d	c.addi	x6,-1	  x6:0x00000000  x6=0xffffffff
       45235000	      4424	800071a8	8225	c.srli	x12,0x9	 x12:0x00000000 x12=0x00000000
       45245000	      4425	800071aa	0056bf93	sltiu	x31,x13,5	 x13:0x80023ce4 x31=0x00000000
       45255000	      4426	800071ae	bfdeb493	sltiu	x9,x29,-1027	 x29:0x3d163fa0  x9=0x00000001
       45265000	      4427	800071b2	cd57a113	slti	x2,x15,-811	 x15:0xffffffff  x2=0x00000000
       45275000	      4428	800071b6	8c42	c.mv	x24,x16	  x0:0x00000000 x16:0x80023ce4 x24=0x80023ce4
       45285000	      4429	800071b8	00561033	sll	x0,x12,x5	 x12:0x00000000  x5:0x0000001e  x0=0x00000000
       45295000	      4430	800071bc	fc6ae797	auipc	x15,0xfc6ae	 x15=0x7c6b51bc
       45305000	      4431	800071c0	0b16	c.slli	x22,0x5	 x22:0x00000000 x22=0x00000000
       45315000	      4432	800071c2	b3023793	sltiu	x15,x4,-1232	  x4:0x04000369 x15=0x00000001
       45325000	      4433	800071c6	9d6e	c.add	x26,x27	 x26:0x7f035fca x27:0x80023ce4 x26=0xff059cae
       45335000	      4434	800071c8	8c49	c.or	x8,x10	  x8:0x01fe5801 x10:0x00000001  x8=0x01fe5801
       45345000	      4435	800071ca	02996063	bltu	x18,x9,800071ea	 x18:0x00000000  x9:0x00000001
       45365000	      4437	800071ea	610d	c.addi16sp	x2,160	  x2:0x00000000  x2=0x000000a0
       45375000	      4438	800071ec	c915	c.beqz	x10,80007220	 x10:0x00000001
       45385000	      4439	800071ee	40e85b13	srai	x22,x16,0xe	 x16:0x80023ce4 x22=0xfffe0008
       45425000	      4443	800071f2	028a1cb3	mulh	x25,x20,x8	 x20:0xfffd4e00  x8:0x01fe5801 x25=0xfffffaa0
       45435000	      4444	800071f6	8455	c.srai	x8,0x15	  x8:0x01fe5801  x8=0x0000000f
       45445000	      4445	800071f8	8e1d	c.sub	x12,x15	 x12:0x00000000 x15:0x00000001 x12=0xffffffff
       45455000	      4446	800071fa	68f7fd13	andi	x26,x15,1679	 x15:0x00000001 x26=0x00000001
       45465000	      4447	800071fe	00dd1913	slli	x18,x26,0xd	 x26:0x00000001 x18=0x00002000
       45475000	      4448	80007202	01a188b3	add	x17,x3,x26	  x3:0x00000016 x26:0x00000001 x17=0x00000017
       45505000	      4451	80007206	03668033	mul	x0,x13,x22	 x13:0x80023ce4 x22:0xfffe0008  x0=0x00000000
       45515000	      4452	8000720a	01d278b3	and	x17,x4,x29	  x4:0x04000369 x29:0x3d163fa0 x17=0x04000320
       45885000	      4489	8000720e	031c6233	rem	x4,x24,x17	 x24:0x80023ce4 x17:0x04000320  x4=0xfc029dc4
       45925000	      4493	80007212	024d1d33	mulh	x26,x26,x4	 x26:0x00000001  x4:0xfc029dc4 x26=0xffffffff
       45935000	      4494	80007216	0e9a	c.slli	x29,0x6	 x29:0x3d163fa0 x29=0x458fe800
       45945000	      4495	80007218	0289f863	bgeu	x19,x8,80007248	 x19:0x00000001  x8:0x0000000f
       45955000	      4496	8000721c	00b53333	sltu	x6,x10,x11	 x10:0x00000001 x11:0xf1e8b1fd  x6=0x00000001
       45965000	      4497	80007220	0001	c.addi	x0,0	  x0:0x00000000  x0=0x00000000
       45975000	      4498	80007222	03175563	bge	x14,x17,8000724c	 x14:0x00000000 x17:0x04000320
       45985000	      4499	80007226	0001	c.addi	x0,0	  x0:0x00000000  x0=0x00000000
       46025000	      4503	80007228	020b27b3	mulhsu	x15,x22,x0	 x22:0xfffe0008  x0:0x00000000 x15=0x00000000
       46035000	      4504	8000722c	ef15	c.bnez	x14,80007268	 x14:0x00000000
       46045000	      4505	8000722e	41b20933	sub	x18,x4,x27	  x4:0xfc029dc4 x27:0x80023ce4 x18=0x7c0060e0
       46415000	      4542	80007232	02b64eb3	div	x29,x12,x11	 x12:0xffffffff x11:0xf1e8b1fd x29=0x00000000
       46425000	      4543	80007236	e90d	c.bnez	x10,80007268	 x10:0x00000001
       46445000	      4545	80007268	843d	c.srai	x8,0xf	  x8:0x0000000f  x8=0x00000000
       46455000	      4546	8000726a	00ffde63	bge	x31,x15,80007286	 x31:0x00000000 x15:0x00000000
       46475000	      4548	80007286	1f88	c.addi4spn	x10,x2,1008	 x10=0x00000490
       46485000	      4549	80007288	0000100f	fence.i	
       46505000	      4551	8000728c	01762733	slt	x14,x12,x23	 x12:0xffffffff x23:0x8001fe58 x14=0x00000000
       46515000	      4552	80007290	03ac0463	beq	x24,x26,800072b8	 x24:0x80023ce4 x26:0xffffffff
       46525000	      4553	80007294	5d7d	c.li	x26,-1	 x26=0xffffffff
       46535000	      4554	80007296	8e1d	c.sub	x12,x15	 x12:0xffffffff x15:0x00000000 x12=0xffffffff
       46545000	      4555	80007298	0001	c.addi	x0,0	  x0:0x00000000  x0=0x00000000
       46555000	      4556	8000729a	0065a7b3	slt	x15,x11,x6	 x11:0xf1e8b1fd  x6:0x00000001 x15=0x00000001
       46565000	      4557	8000729e	895d	c.andi	x10,23	 x10:0x00000490 x10=0x00000010
       46575000	      4558	800072a0	00469e63	bne	x13,x4,800072bc	 x13:0x80023ce4  x4:0xfc029dc4
       46615000	      4562	800072bc	038e0f33	mul	x30,x28,x24	 x28:0xfffffffe x24:0x80023ce4 x30=0xfffb8638
       46625000	      4563	800072c0	0436	c.slli	x8,0xd	  x8:0x00000000  x8=0x00000000
       46635000	      4564	800072c2	0066f733	and	x14,x13,x6	 x13:0x80023ce4  x6:0x00000001 x14=0x00000000
       46675000	      4568	800072c6	03652fb3	mulhsu	x31,x10,x22	 x10:0x00000010 x22:0xfffe0008 x31=0x0000000f
       46685000	      4569	800072ca	4b46b817	auipc	x16,0x4b46b	 x16=0xcb4722ca
       46695000	      4570	800072ce	bd2aa997	auipc	x19,0xbd2aa	 x19=0x3d2b12ce
       46715000	      4572	800072d2	03d1f0b3	remu	x1,x3,x29	  x3:0x00000016 x29:0x00000000  x1=0x00000016
       46725000	      4573	800072d6	019054b3	srl	x9,x0,x25	  x0:0x00000000 x25:0xfffffaa0  x9=0x00000000
       46735000	      4574	800072da	cfd98313	addi	x6,x19,-771	 x19:0x3d2b12ce  x6=0x3d2b0fcb
       46745000	      4575	800072de	02d2d263	bge	x5,x13,80007302	  x5:0x0000001e x13:0x80023ce4
       46765000	      4577	80007302	1e7d	c.addi	x28,-1	 x28:0xfffffffe x28=0xfffffffd
       46775000	      4578	80007304	1e80	c.addi4spn	x8,x2,880	  x8=0x00000410
       46785000	      4579	80007306	9eb9f293	andi	x5,x19,-1557	 x19:0x3d2b12ce  x5=0x3d2b10ca
       46795000	      4580	8000730a	003d89b3	add	x19,x27,x3	 x27:0x80023ce4  x3:0x00000016 x19=0x80023cfa
       46805000	      4581	8000730e	01407d33	and	x26,x0,x20	  x0:0x00000000 x20:0xfffd4e00 x26=0x00000000
       46815000	      4582	80007312	0000100f	fence.i	
       46845000	      4585	80007316	00065663	bge	x12,x0,80007322	 x12:0xffffffff  x0:0x00000000
       46855000	      4586	8000731a	5aa54737	lui	x14,0x5aa54	 x14=0x5aa54000
       46865000	      4587	8000731e	41835a33	sra	x20,x6,x24	  x6:0x3d2b0fcb x24:0x80023ce4 x20=0x03d2b0fc
       46875000	      4588	80007322	028b8763	beq	x23,x8,80007350	 x23:0x8001fe58  x8:0x00000410
       46885000	      4589	80007326	8f55	c.or	x14,x13	 x14:0x5aa54000 x13:0x80023ce4 x14=0xdaa77ce4
       46895000	      4590	80007328	78747393	andi	x7,x8,1927	  x8:0x00000410  x7=0x00000400
       46905000	      4591	8000732c	4612a493	slti	x9,x5,1121	  x5:0x3d2b10ca  x9=0x00000000
       46915000	      4592	80007330	009b19b3	sll	x19,x22,x9	 x22:0xfffe0008  x9:0x00000000 x19=0xfffe0008
       46925000	      4593	80007334	1d7bb193	sltiu	x3,x23,471	 x23:0x8001fe58  x3=0x00000000
       46935000	      4594	80007338	9bfd	c.andi	x15,-1	 x15:0x00000001 x15=0x00000001
       46945000	      4595	8000733a	026d9a63	bne	x27,x6,8000736e	 x27:0x80023ce4  x6:0x3d2b0fcb
       46975000	      4598	8000736e	00407d33	and	x26,x0,x4	  x0:0x00000000  x4:0xfc029dc4 x26=0x00000000
       47345000	      4635	80007372	033c6d33	rem	x26,x24,x19	 x24:0x80023ce4 x19:0xfffe0008 x26=0xfffe3cec
       47355000	      4636	80007376	13544a13	xori	x20,x8,309	  x8:0x00000410 x20=0x00000525
       47365000	      4637	8000737a	41045713	srai	x14,x8,0x10	  x8:0x00000410 x14=0x00000000
       47375000	      4638	8000737e	00c544b3	xor	x9,x10,x12	 x10:0x00000010 x12:0xffffffff  x9=0xffffffef
       47385000	      4639	80007382	7899a8b7	lui	x17,0x7899a	 x17=0x7899a000
       47395000	      4640	80007386	0195f233	and	x4,x11,x25	 x11:0xf1e8b1fd x25:0xfffffaa0  x4=0xf1e8b0a0
       47405000	      4641	8000738a	826a	c.mv	x4,x26	  x0:0x00000000 x26:0xfffe3cec  x4=0xfffe3cec
       47415000	      4642	8000738c	01e000ef	jal	x1,800073aa	  x1=0x80007390
       47435000	      4644	800073aa	a839	c.j	800073c8	
       47455000	      4646	800073c8	b7e9	c.j	80007392	
       47475000	      4648	80007392	2825	c.jal	800073ca	  x1=0x80007394
       47505000	      4651	800073ca	ff7ff36f	jal	x6,800073c0	  x6=0x800073ce
       47525000	      4653	800073c0	3fd5	c.jal	800073b4	  x1=0x800073c2
       47545000	      4655	800073b4	a01d	c.j	800073da	
       47565000	      4657	800073da	a011	c.j	800073de	
       47595000	      4660	800073de	fbffffef	jal	x31,8000739c	 x31=0x800073e2
       47615000	      4662	8000739c	0320036f	jal	x6,800073ce	  x6=0x800073a0
       47635000	      4664	800073ce	3fd5	c.jal	800073c2	  x1=0x800073d0
       47665000	      4667	800073c2	fd5ff86f	jal	x16,80007396	 x16=0x800073c6
       47685000	      4669	80007396	2805	c.jal	800073c6	  x1=0x80007398
       47705000	      4671	800073c6	37f5	c.jal	800073b2	  x1=0x800073c8
       47725000	      4673	800073b2	37e5	c.jal	8000739a	  x1=0x800073b4
       47745000	      4675	8000739a	a835	c.j	800073d6	
       47775000	      4678	800073d6	006000ef	jal	x1,800073dc	  x1=0x800073da
       47795000	      4680	800073dc	3ff9	c.jal	800073ba	  x1=0x800073de
       47815000	      4682	800073ba	2821	c.jal	800073d2	  x1=0x800073bc
       47845000	      4685	800073d2	fc3ff0ef	jal	x1,80007394	  x1=0x800073d6
       47865000	      4687	80007394	2835	c.jal	800073d0	  x1=0x80007396
       47885000	      4689	800073d0	b7e1	c.j	80007398	
       47905000	      4691	80007398	a021	c.j	800073a0	
       47925000	      4693	800073a0	3fc5	c.jal	80007390	  x1=0x800073a2
       47945000	      4695	80007390	2839	c.jal	800073ae	  x1=0x80007392
       47975000	      4698	800073ae	ff9ff96f	jal	x18,800073a6	 x18=0x800073b2
       48005000	      4701	800073a6	006001ef	jal	x3,800073ac	  x3=0x800073aa
       48025000	      4703	800073ac	bfdd	c.j	800073a2	
       48055000	      4706	800073a2	014000ef	jal	x1,800073b6	  x1=0x800073a6
       48085000	      4709	800073b6	006000ef	jal	x1,800073bc	  x1=0x800073ba
       48105000	      4711	800073bc	02600d6f	jal	x26,800073e2	 x26=0x800073c0
       48125000	      4713	800073e2	1198	c.addi4spn	x14,x2,224	 x14=0x00000180
       48135000	      4714	800073e4	006d3db3	sltu	x27,x26,x6	 x26:0x800073c0  x6:0x800073a0 x27=0x00000000
       48145000	      4715	800073e8	0000100f	fence.i	
       48165000	      4717	800073ec	1b08	c.addi4spn	x10,x2,432	 x10=0x00000250
       48175000	      4718	800073ee	01818f33	add	x30,x3,x24	  x3:0x800073aa x24:0x80023ce4 x30=0x0002b08e
       48215000	      4722	800073f2	02fab133	mulhu	x2,x21,x15	 x21:0x00000000 x15:0x00000001  x2=0x00000000
       48225000	      4723	800073f6	01e6d913	srli	x18,x13,0x1e	 x13:0x80023ce4 x18=0x00000002
       48235000	      4724	800073fa	8d3d	c.xor	x10,x15	 x10:0x00000250 x15:0x00000001 x10=0x00000251
       48245000	      4725	800073fc	03729d63	bne	x5,x23,80007436	  x5:0x3d2b10ca x23:0x8001fe58
       48305000	      4731	80007436	025530b3	mulhu	x1,x10,x5	 x10:0x00000251  x5:0x3d2b10ca  x1=0x0000008d
       48315000	      4732	8000743a	90ea	c.add	x1,x26	  x1:0x0000008d x26:0x800073c0  x1=0x8000744d
       48325000	      4733	8000743c	0001	c.addi	x0,0	  x0:0x00000000  x0=0x00000000
       48335000	      4734	8000743e	01e9ed63	bltu	x19,x30,80007458	 x19:0xfffe0008 x30:0x0002b08e
       48345000	      4735	80007442	0001	c.addi	x0,0	  x0:0x00000000  x0=0x00000000
       48355000	      4736	80007444	01609c13	slli	x24,x1,0x16	  x1:0x8000744d x24=0x13400000
       48365000	      4737	80007448	016661b3	or	x3,x12,x22	 x12:0xffffffff x22:0xfffe0008  x3=0xffffffff
       48375000	      4738	8000744c	01611713	slli	x14,x2,0x16	  x2:0x00000000 x14=0x00000000
       48385000	      4739	80007450	cd1d	c.beqz	x10,8000748e	 x10:0x00000251
       48395000	      4740	80007452	0e1c	c.addi4spn	x15,x2,784	 x15=0x00000310
       48405000	      4741	80007454	00e553b3	srl	x7,x10,x14	 x10:0x00000251 x14:0x00000000  x7=0x00000251
       48415000	      4742	80007458	e0214f17	auipc	x30,0xe0214	 x30=0x6021b458
       48445000	      4745	8000745c	03130cb3	mul	x25,x6,x17	  x6:0x800073a0 x17:0x7899a000 x25=0x62e40000
       48455000	      4746	80007460	04dcd063	bge	x25,x13,800074a0	 x25:0x62e40000 x13:0x80023ce4
       48475000	      4748	800074a0	01dc8933	add	x18,x25,x29	 x25:0x62e40000 x29:0x00000000 x18=0x62e40000
       48845000	      4785	800074a4	03f1c133	div	x2,x3,x31	  x3:0xffffffff x31:0x800073e2  x2=0x00000000
       48855000	      4786	800074a8	802d	c.srli	x8,0xb	  x8:0x00000410  x8=0x00000000
       48865000	      4787	800074aa	01bbdd13	srli	x26,x23,0x1b	 x23:0x8001fe58 x26=0x00000010
       48875000	      4788	800074ae	01f44f63	blt	x8,x31,800074cc	  x8:0x00000000 x31:0x800073e2
       48885000	      4789	800074b2	00c41333	sll	x6,x8,x12	  x8:0x00000000 x12:0xffffffff  x6=0x00000000
       48895000	      4790	800074b6	c415	c.beqz	x8,800074e2	  x8:0x00000000
       48925000	      4793	800074e2	01086db3	or	x27,x16,x16	 x16:0x800073c6 x16:0x800073c6 x27=0x800073c6
       48935000	      4794	800074e6	012f98b3	sll	x17,x31,x18	 x31:0x800073e2 x18:0x62e40000 x17=0x800073e2
       48945000	      4795	800074ea	00e000ef	jal	x1,800074f8	  x1=0x800074ee
       48965000	      4797	800074f8	bffd	c.j	800074f6	
       48985000	      4799	800074f6	3fe5	c.jal	800074ee	  x1=0x800074f8
       49015000	      4802	800074ee	016000ef	jal	x1,80007504	  x1=0x800074f2
       49035000	      4804	80007504	bfe5	c.j	800074fc	
       49055000	      4806	800074fc	2009	c.jal	800074fe	  x1=0x800074fe
       49075000	      4808	800074fe	a009	c.j	80007500	
       49095000	      4810	80007500	ff3ff16f	jal	x2,800074f2	  x2=0x80007504
       49115000	      4812	800074f2	a021	c.j	800074fa	
       49135000	      4814	800074fa	3fed	c.jal	800074f4	  x1=0x800074fc
       49155000	      4816	800074f4	2809	c.jal	80007506	  x1=0x800074f6
       49185000	      4819	80007506	01011e13	slli	x28,x2,0x10	  x2:0x80007504 x28=0x75040000
       49195000	      4820	8000750a	01397c33	and	x24,x18,x19	 x18:0x62e40000 x19:0xfffe0008 x24=0x62e40000
       49205000	      4821	8000750e	43431137	lui	x2,0x43431	  x2=0x43431000
       49215000	      4822	80007512	d97a2737	lui	x14,0xd97a2	 x14=0xd97a2000
       49225000	      4823	80007516	406a8f33	sub	x30,x21,x6	 x21:0x00000000  x6:0x00000000 x30=0x00000000
       49235000	      4824	8000751a	50528b13	addi	x22,x5,1285	  x5:0x3d2b10ca x22=0x3d2b15cf
       49245000	      4825	8000751e	007669b3	or	x19,x12,x7	 x12:0xffffffff  x7:0x00000251 x19=0xffffffff
       49255000	      4826	80007522	01c50633	add	x12,x10,x28	 x10:0x00000251 x28:0x75040000 x12=0x75040251
       49265000	      4827	80007526	8cdd	c.or	x9,x15	  x9:0xffffffef x15:0x00000310  x9=0xffffffff
       49275000	      4828	80007528	80e1	c.srli	x9,0x18	  x9:0xffffffff  x9=0x000000ff
       49285000	      4829	8000752a	0108	c.addi4spn	x10,x2,128	 x10=0x43431080
       49295000	      4830	8000752c	418b0433	sub	x8,x22,x24	 x22:0x3d2b15cf x24:0x62e40000  x8=0xda4715cf
       49335000	      4834	80007530	02bca8b3	mulhsu	x17,x25,x11	 x25:0x62e40000 x11:0xf1e8b1fd x17=0x5d728761
       49345000	      4835	80007534	8ff5	c.and	x15,x13	 x15:0x00000310 x13:0x80023ce4 x15=0x00000000
       49385000	      4839	80007536	028732b3	mulhu	x5,x14,x8	 x14:0xd97a2000  x8:0xda4715cf  x5=0xb96e62a5
       49395000	      4840	8000753a	556b4517	auipc	x10,0x556b4	 x10=0xd56bb53a
       49405000	      4841	8000753e	8c79	c.and	x8,x14	  x8:0xda4715cf x14:0xd97a2000  x8=0xd8420000
       49415000	      4842	80007540	016f70b3	and	x1,x30,x22	 x30:0x00000000 x22:0x3d2b15cf  x1=0x00000000
       49425000	      4843	80007544	60b9	c.lui	x1,0xe	  x1=0x0000e000
       49435000	      4844	80007546	717d	c.addi16sp	x2,-16	  x2:0x43431000  x2=0x43430ff0
       49445000	      4845	80007548	00067ab3	and	x21,x12,x0	 x12:0x75040251  x0:0x00000000 x21=0x00000000
       49455000	      4846	8000754c	717d	c.addi16sp	x2,-16	  x2:0x43430ff0  x2=0x43430fe0
       49465000	      4847	8000754e	039c1f63	bne	x24,x25,8000758c	 x24:0x62e40000 x25:0x62e40000
       49475000	      4848	80007552	8c31	c.xor	x8,x12	  x8:0xd8420000 x12:0x75040251  x8=0xad460251
       49485000	      4849	80007554	0001	c.addi	x0,0	  x0:0x00000000  x0=0x00000000
       49495000	      4850	80007556	01e8f8b3	and	x17,x17,x30	 x17:0x5d728761 x30:0x00000000 x17=0x00000000
       49505000	      4851	8000755a	00bfe663	bltu	x31,x11,80007566	 x31:0x800073e2 x11:0xf1e8b1fd
       49535000	      4854	80007566	009f1eb3	sll	x29,x30,x9	 x30:0x00000000  x9:0x000000ff x29=0x00000000
       49545000	      4855	8000756a	40f18b33	sub	x22,x3,x15	  x3:0xffffffff x15:0x00000000 x22=0xffffffff
       49555000	      4856	8000756e	00f25533	srl	x10,x4,x15	  x4:0xfffe3cec x15:0x00000000 x10=0xfffe3cec
       49925000	      4893	80007572	036047b3	div	x15,x0,x22	  x0:0x00000000 x22:0xffffffff x15=0x00000000
       49935000	      4894	80007576	6f7b6317	auipc	x6,0x6f7b6	  x6=0xef7bd576
       49945000	      4895	8000757a	80cd	c.srli	x9,0x13	  x9:0x000000ff  x9=0x00000000
       49955000	      4896	8000757c	02497363	bgeu	x18,x4,800075a2	 x18:0x62e40000  x4:0xfffe3cec
       49965000	      4897	80007580	9a7d	c.andi	x12,-1	 x12:0x75040251 x12=0x75040251
       49975000	      4898	80007582	01e88e33	add	x28,x17,x30	 x17:0x00000000 x30:0x00000000 x28=0x00000000
       49985000	      4899	80007586	8f31	c.xor	x14,x12	 x14:0xd97a2000 x12:0x75040251 x14=0xac7e2251
       49995000	      4900	80007588	00c411b3	sll	x3,x8,x12	  x8:0xad460251 x12:0x75040251  x3=0x04a20000
       50005000	      4901	8000758c	e5cd3893	sltiu	x17,x26,-420	 x26:0x00000010 x17=0x00000001
       50015000	      4902	80007590	41455a13	srai	x20,x10,0x14	 x10:0xfffe3cec x20=0xffffffff
       50025000	      4903	80007594	0ff0000f	fence	iorw,iorw	
       50035000	      4904	80007598	8e6d	c.and	x12,x11	 x12:0x75040251 x11:0xf1e8b1fd x12=0x71000051
       50045000	      4905	8000759a	52e67b17	auipc	x22,0x52e67	 x22=0xd2e6e59a
       50055000	      4906	8000759e	f0260393	addi	x7,x12,-254	 x12:0x71000051  x7=0x70ffff53
       50065000	      4907	800075a2	0000100f	fence.i	
       50455000	      4946	800075a6	0360ccb3	div	x25,x1,x22	  x1:0x0000e000 x22:0xd2e6e59a x25=0x00000000
       50465000	      4947	800075aa	c219	c.beqz	x12,800075b0	 x12:0x71000051
       50475000	      4948	800075ac	c885	c.beqz	x9,800075dc	  x9:0x00000000
       50495000	      4950	800075dc	8d39	c.xor	x10,x14	 x10:0xfffe3cec x14:0xac7e2251 x10=0x53801ebd
       50505000	      4951	800075de	0000100f	fence.i	
       50545000	      4955	800075e2	0359ccb3	div	x25,x19,x21	 x19:0xffffffff x21:0x00000000 x25=0xffffffff
       50915000	      4992	800075e6	03194033	div	x0,x18,x17	 x18:0x62e40000 x17:0x00000001  x0=0x00000000
       50925000	      4993	800075ea	00011563	bne	x2,x0,800075f4	  x2:0x43430fe0  x0:0x00000000
       50945000	      4995	800075f4	0d9a	c.slli	x27,0x6	 x27:0x800073c6 x27=0x001cf180
       50955000	      4996	800075f6	862d	c.srai	x12,0xb	 x12:0x71000051 x12=0x000e2000
       51325000	      5033	800075f8	02e754b3	divu	x9,x14,x14	 x14:0xac7e2251 x14:0xac7e2251  x9=0x00000001
       51335000	      5034	800075fc	00524033	xor	x0,x4,x5	  x4:0xfffe3cec  x5:0xb96e62a5  x0=0x00000000
       51705000	      5071	80007600	03206fb3	rem	x31,x0,x18	  x0:0x00000000 x18:0x62e40000 x31=0x00000000
       51715000	      5072	80007604	0343d363	bge	x7,x20,8000762a	  x7:0x70ffff53 x20:0xffffffff
       51735000	      5074	8000762a	e121	c.bnez	x10,8000766a	 x10:0x53801ebd
       51755000	      5076	8000766a	1084	c.addi4spn	x9,x2,96	  x9=0x43431040
       51765000	      5077	8000766c	00e823b3	slt	x7,x16,x14	 x16:0x800073c6 x14:0xac7e2251  x7=0x00000001
       51775000	      5078	80007670	8cb5	c.xor	x9,x13	  x9:0x43431040 x13:0x80023ce4  x9=0xc3412ca4
       51785000	      5079	80007672	57fd	c.li	x15,-1	 x15=0xffffffff
       51795000	      5080	80007674	022af363	bgeu	x21,x2,8000769a	 x21:0x00000000  x2:0x43430fe0
       51805000	      5081	80007678	40aadf93	srai	x31,x21,0xa	 x21:0x00000000 x31=0x00000000
       51815000	      5082	8000767c	0001	c.addi	x0,0	  x0:0x00000000  x0=0x00000000
       51855000	      5086	8000767e	02ce3e33	mulhu	x28,x28,x12	 x28:0x00000000 x12:0x000e2000 x28=0x00000000
       51865000	      5087	80007682	006f1213	slli	x4,x30,0x6	 x30:0x00000000  x4=0x00000000
       51875000	      5088	80007686	01ec7fb3	and	x31,x24,x30	 x24:0x62e40000 x30:0x00000000 x31=0x00000000
       51885000	      5089	8000768a	cec6bf13	sltiu	x30,x13,-788	 x13:0x80023ce4 x30=0x00000001
       51895000	      5090	8000768e	6189	c.lui	x3,0x2	  x3=0x00002000
       51905000	      5091	80007690	90e2	c.add	x1,x24	  x1:0x0000e000 x24:0x62e40000  x1=0x62e4e000
       52275000	      5128	80007692	032ec133	div	x2,x29,x18	 x29:0x00000000 x18:0x62e40000  x2=0x00000000
       52285000	      5129	80007696	02a45f63	bge	x8,x10,800076d4	  x8:0xad460251 x10:0x53801ebd
       52295000	      5130	8000769a	00775763	bge	x14,x7,800076a8	 x14:0xac7e2251  x7:0x00000001
       52305000	      5131	8000769e	00b83d33	sltu	x26,x16,x11	 x16:0x800073c6 x11:0xf1e8b1fd x26=0x00000001
       52315000	      5132	800076a2	611d	c.addi16sp	x2,416	  x2:0x00000000  x2=0x000001a0
       52325000	      5133	800076a4	01311933	sll	x18,x2,x19	  x2:0x000001a0 x19:0xffffffff x18=0x00000000
       52355000	      5136	800076a8	03bb04b3	mul	x9,x22,x27	 x22:0xd2e6e59a x27:0x001cf180  x9=0xee70c700
       52385000	      5139	800076ac	025801b3	mul	x3,x16,x5	 x16:0x800073c6  x5:0xb96e62a5  x3=0x81b06a9e
       52395000	      5140	800076b0	0ff0000f	fence	iorw,iorw	
       52405000	      5141	800076b4	0091c263	blt	x3,x9,800076b8	  x3:0x81b06a9e  x9:0xee70c700
       52425000	      5143	800076b8	0ff0000f	fence	iorw,iorw	
       52435000	      5144	800076bc	00415663	bge	x2,x4,800076c8	  x2:0x000001a0  x4:0x00000000
       52455000	      5146	800076c8	00f249b3	xor	x19,x4,x15	  x4:0x00000000 x15:0xffffffff x19=0xffffffff
       52465000	      5147	800076cc	03a30f63	beq	x6,x26,8000770a	  x6:0xef7bd576 x26:0x00000001
       52475000	      5148	800076d0	0026a733	slt	x14,x13,x2	 x13:0x80023ce4  x2:0x000001a0 x14=0x00000001
       52485000	      5149	800076d4	e499	c.bnez	x9,800076e2	  x9:0xee70c700
       52875000	      5188	800076e2	02cfee33	rem	x28,x31,x12	 x31:0x00000000 x12:0x000e2000 x28=0x00000000
       52905000	      5191	800076e6	027f87b3	mul	x15,x31,x7	 x31:0x00000000  x7:0x00000001 x15=0x00000000
       52915000	      5192	800076ea	0226c563	blt	x13,x2,80007714	 x13:0x80023ce4  x2:0x000001a0
       52935000	      5194	80007714	05006063	bltu	x0,x16,80007754	  x0:0x00000000 x16:0x800073c6
       52955000	      5196	80007754	00f7de63	bge	x15,x15,80007770	 x15:0x00000000 x15:0x00000000
       52975000	      5198	80007770	01dbea33	or	x20,x23,x29	 x23:0x8001fe58 x29:0x00000000 x20=0x8001fe58
       52985000	      5199	80007774	9eca	c.add	x29,x18	 x29:0x00000000 x18:0x00000000 x29=0x00000000
       52995000	      5200	80007776	30a20093	addi	x1,x4,778	  x4:0x00000000  x1=0x0000030a
       53005000	      5201	8000777a	0001	c.addi	x0,0	  x0:0x00000000  x0=0x00000000
       53015000	      5202	8000777c	0001	c.addi	x0,0	  x0:0x00000000  x0=0x00000000
       53025000	      5203	8000777e	00a7cc63	blt	x15,x10,80007796	 x15:0x00000000 x10:0x53801ebd
       53085000	      5209	80007796	039ab333	mulhu	x6,x21,x25	 x21:0x00000000 x25:0xffffffff  x6=0x00000000
       53095000	      5210	8000779a	a15e3a93	sltiu	x21,x28,-1515	 x28:0x00000000 x21=0x00000001
       53105000	      5211	8000779e	0154e563	bltu	x9,x21,800077a8	  x9:0xee70c700 x21:0x00000001
       53115000	      5212	800077a2	a289f813	andi	x16,x19,-1496	 x19:0xffffffff x16=0xfffffa28
       53125000	      5213	800077a6	187d	c.addi	x16,-1	 x16:0xfffffa28 x16=0xfffffa27
       53135000	      5214	800077a8	401a02b3	sub	x5,x20,x1	 x20:0x8001fe58  x1:0x0000030a  x5=0x8001fb4e
       53145000	      5215	800077ac	004747b3	xor	x15,x14,x4	 x14:0x00000001  x4:0x00000000 x15=0x00000001
       53155000	      5216	800077b0	0079f733	and	x14,x19,x7	 x19:0xffffffff  x7:0x00000001 x14=0x00000001
       53165000	      5217	800077b4	afcab313	sltiu	x6,x21,-1284	 x21:0x00000001  x6=0x00000001
       53175000	      5218	800077b8	b1eaae93	slti	x29,x21,-1250	 x21:0x00000001 x29=0x00000000
       53185000	      5219	800077bc	8cc9	c.or	x9,x10	  x9:0xee70c700 x10:0x53801ebd  x9=0xfff0dfbd
       53555000	      5256	800077be	0239d333	divu	x6,x19,x3	 x19:0xffffffff  x3:0x81b06a9e  x6=0x00000001
       53565000	      5257	800077c2	6de1	c.lui	x27,0x18	 x27=0x00018000
       53575000	      5258	800077c4	e911	c.bnez	x10,800077d8	 x10:0x53801ebd
       53595000	      5260	800077d8	011a9e63	bne	x21,x17,800077f4	 x21:0x00000001 x17:0x00000001
       53605000	      5261	800077dc	c5f22913	slti	x18,x4,-929	  x4:0x00000000 x18=0x00000000
       53645000	      5265	800077e0	03b0ab33	mulhsu	x22,x1,x27	  x1:0x0000030a x27:0x00018000 x22=0x00000000
       53655000	      5266	800077e4	00971fb3	sll	x31,x14,x9	 x14:0x00000001  x9:0xfff0dfbd x31=0x20000000
       53665000	      5267	800077e8	ee1d	c.bnez	x12,80007826	 x12:0x000e2000
       53695000	      5270	80007826	31e93e93	sltiu	x29,x18,798	 x18:0x00000000 x29=0x00000001
       54065000	      5307	8000782a	0270e933	rem	x18,x1,x7	  x1:0x0000030a  x7:0x00000001 x18=0x00000000
       54075000	      5308	8000782e	2c9f8a93	addi	x21,x31,713	 x31:0x20000000 x21=0x200002c9
       54085000	      5309	80007832	00f61033	sll	x0,x12,x15	 x12:0x000e2000 x15:0x00000001  x0=0x00000000
       54095000	      5310	80007836	94b6	c.add	x9,x13	  x9:0xfff0dfbd x13:0x80023ce4  x9=0x7ff31ca1
       54105000	      5311	80007838	9c06	c.add	x24,x1	 x24:0x62e40000  x1:0x0000030a x24=0x62e4030a
       54115000	      5312	8000783a	419bd4b3	sra	x9,x23,x25	 x23:0x8001fe58 x25:0xffffffff  x9=0xffffffff
       54125000	      5313	8000783e	03f1e663	bltu	x3,x31,8000786a	  x3:0x81b06a9e x31:0x20000000
       54135000	      5314	80007842	00849d63	bne	x9,x8,8000785c	  x9:0xffffffff  x8:0xad460251
       54155000	      5316	8000785c	03ba	c.slli	x7,0xe	  x7:0x00000001  x7=0x00004000
       54165000	      5317	8000785e	01a68fb3	add	x31,x13,x26	 x13:0x80023ce4 x26:0x00000001 x31=0x80023ce5
       54175000	      5318	80007862	001b1f33	sll	x30,x22,x1	 x22:0x00000000  x1:0x0000030a x30=0x00000000
       54545000	      5355	80007866	035570b3	remu	x1,x10,x21	 x10:0x53801ebd x21:0x200002c9  x1=0x1380192b
       54555000	      5356	8000786a	00a09493	slli	x9,x1,0xa	  x1:0x1380192b  x9=0x0064ac00
       54565000	      5357	8000786e	8fd1	c.or	x15,x12	 x15:0x00000001 x12:0x000e2000 x15=0x000e2001
       54575000	      5358	80007870	80e9	c.srli	x9,0x1a	  x9:0x0064ac00  x9=0x00000000
       54585000	      5359	80007872	8075	c.srli	x8,0x1d	  x8:0xad460251  x8=0x00000005
       54955000	      5396	80007874	021979b3	remu	x19,x18,x1	 x18:0x00000000  x1:0x1380192b x19=0x00000000
       54985000	      5399	80007878	03c48db3	mul	x27,x9,x28	  x9:0x00000000 x28:0x00000000 x27=0x00000000
       55355000	      5436	8000787c	03d24db3	div	x27,x4,x29	  x4:0x00000000 x29:0x00000001 x27=0x00000000
       55395000	      5440	80007880	02ec3333	mulhu	x6,x24,x14	 x24:0x62e4030a x14:0x00000001  x6=0x00000000
       55415000	      5442	80007884	024f6db3	rem	x27,x30,x4	 x30:0x00000000  x4:0x00000000 x27=0x00000000
       55455000	      5446	80007888	0380bc33	mulhu	x24,x1,x24	  x1:0x1380192b x24:0x62e4030a x24=0x078867f4
       55825000	      5483	8000788c	030d6f33	rem	x30,x26,x16	 x26:0x00000001 x16:0xfffffa27 x30=0x00000001
       55835000	      5484	80007890	1b10	c.addi4spn	x12,x2,432	 x12=0x00000350
       55845000	      5485	80007892	035d7763	bgeu	x26,x21,800078c0	 x26:0x00000001 x21:0x200002c9
       55855000	      5486	80007896	006c5d13	srli	x26,x24,0x6	 x24:0x078867f4 x26=0x001e219f
       55885000	      5489	8000789a	03c88433	mul	x8,x17,x28	 x17:0x00000001 x28:0x00000000  x8=0x00000000
       55895000	      5490	8000789e	41c5d0b3	sra	x1,x11,x28	 x11:0xf1e8b1fd x28:0x00000000  x1=0xf1e8b1fd
       55905000	      5491	800078a2	8431	c.srai	x8,0xc	  x8:0x00000000  x8=0x00000000
       55915000	      5492	800078a4	020f4163	blt	x30,x0,800078c6	 x30:0x00000001  x0:0x00000000
       55925000	      5493	800078a8	403bd293	srai	x5,x23,0x3	 x23:0x8001fe58  x5=0xf0003fcb
       55935000	      5494	800078ac	005a1293	slli	x5,x20,0x5	 x20:0x8001fe58  x5=0x003fcb00
       55945000	      5495	800078b0	0d7d	c.addi	x26,31	 x26:0x001e219f x26=0x001e21be
       55955000	      5496	800078b2	a2963f93	sltiu	x31,x12,-1495	 x12:0x00000350 x31=0x00000001
       55985000	      5499	800078b6	036b8833	mul	x16,x23,x22	 x23:0x8001fe58 x22:0x00000000 x16=0x00000000
       55995000	      5500	800078ba	8f91	c.sub	x15,x12	 x15:0x000e2001 x12:0x00000350 x15=0x000e1cb1
       56005000	      5501	800078bc	01a51763	bne	x10,x26,800078ca	 x10:0x53801ebd x26:0x001e21be
       56025000	      5503	800078ca	44ad	c.li	x9,11	  x9=0x0000000b
       56035000	      5504	800078cc	0001	c.addi	x0,0	  x0:0x00000000  x0=0x00000000
       56045000	      5505	800078ce	41a00fb3	sub	x31,x0,x26	  x0:0x00000000 x26:0x001e21be x31=0xffe1de42
       56415000	      5542	800078d2	02184ab3	div	x21,x16,x1	 x16:0x00000000  x1:0xf1e8b1fd x21=0x00000000
       56435000	      5544	800078d6	032962b3	rem	x5,x18,x18	 x18:0x00000000 x18:0x00000000  x5=0x00000000
       56445000	      5545	800078da	67fd	c.lui	x15,0x1f	 x15=0x0001f000
       56455000	      5546	800078dc	eb9d	c.bnez	x15,80007912	 x15:0x0001f000
       56485000	      5549	80007912	00441493	slli	x9,x8,0x4	  x8:0x00000000  x9=0x00000000
       56495000	      5550	80007916	0005f333	and	x6,x11,x0	 x11:0xf1e8b1fd  x0:0x00000000  x6=0x00000000
       56505000	      5551	8000791a	8c85	c.sub	x9,x9	  x9:0x00000000  x9:0x00000000  x9=0x00000000
       56515000	      5552	8000791c	007fbeb3	sltu	x29,x31,x7	 x31:0xffe1de42  x7:0x00004000 x29=0x00000000
       56555000	      5556	80007920	0210b3b3	mulhu	x7,x1,x1	  x1:0xf1e8b1fd  x1:0xf1e8b1fd  x7=0xe497f2a1
       56565000	      5557	80007924	8d11	c.sub	x10,x12	 x10:0x53801ebd x12:0x00000350 x10=0x53801b6d
       56575000	      5558	80007926	408604b3	sub	x9,x12,x8	 x12:0x00000350  x8:0x00000000  x9=0x00000350
       56585000	      5559	8000792a	41845a33	sra	x20,x8,x24	  x8:0x00000000 x24:0x078867f4 x20=0x00000000
       56595000	      5560	8000792e	b7592113	slti	x2,x18,-1163	 x18:0x00000000  x2=0x00000000
       56605000	      5561	80007932	01ad43b3	xor	x7,x26,x26	 x26:0x001e21be x26:0x001e21be  x7=0x00000000
       56615000	      5562	80007936	8e9a	c.mv	x29,x6	  x0:0x00000000  x6:0x00000000 x29=0x00000000
       56625000	      5563	80007938	fbd40a13	addi	x20,x8,-67	  x8:0x00000000 x20=0xffffffbd
       56995000	      5600	8000793c	02f2fab3	remu	x21,x5,x15	  x5:0x00000000 x15:0x0001f000 x21=0x00000000
       57005000	      5601	80007940	084a	c.slli	x16,0x12	 x16:0x00000000 x16=0x00000000
       57015000	      5602	80007942	8881	c.andi	x9,0	  x9:0x00000350  x9=0x00000000
       57385000	      5639	80007944	021ff133	remu	x2,x31,x1	 x31:0xffe1de42  x1:0xf1e8b1fd  x2=0x0df92c45
       57395000	      5640	80007948	008e1333	sll	x6,x28,x8	 x28:0x00000000  x8:0x00000000  x6=0x00000000
       57405000	      5641	8000794c	a71b7393	andi	x7,x22,-1423	 x22:0x00000000  x7=0x00000000
       57415000	      5642	80007950	00b7e933	or	x18,x15,x11	 x15:0x0001f000 x11:0xf1e8b1fd x18=0xf1e9f1fd
       57455000	      5646	80007954	028611b3	mulh	x3,x12,x8	 x12:0x00000350  x8:0x00000000  x3=0x00000000
       57465000	      5647	80007958	8e31	c.xor	x12,x12	 x12:0x00000350 x12:0x00000350 x12=0x00000000
       57475000	      5648	8000795a	80e6	c.mv	x1,x25	  x0:0x00000000 x25:0xffffffff  x1=0xffffffff
       57485000	      5649	8000795c	007d64b3	or	x9,x26,x7	 x26:0x001e21be  x7:0x00000000  x9=0x001e21be
       57495000	      5650	80007960	0ff0000f	fence	iorw,iorw	
       57865000	      5687	80007964	03adee33	rem	x28,x27,x26	 x27:0x00000000 x26:0x001e21be x28=0x00000000
       57905000	      5691	80007968	023fa3b3	mulhsu	x7,x31,x3	 x31:0xffe1de42  x3:0x00000000  x7=0x00000000
       57915000	      5692	8000796c	0368c963	blt	x17,x22,8000799e	 x17:0x00000001 x22:0x00000000
       57925000	      5693	80007970	98fd	c.andi	x9,-1	  x9:0x001e21be  x9=0x001e21be
       57935000	      5694	80007972	6f99	c.lui	x31,0x6	 x31=0x00006000
       57975000	      5698	80007974	02571533	mulh	x10,x14,x5	 x14:0x00000001  x5:0x00000000 x10=0x00000000
       57985000	      5699	80007978	01e902b3	add	x5,x18,x30	 x18:0xf1e9f1fd x30:0x00000001  x5=0xf1e9f1fe
       57995000	      5700	8000797c	ef01	c.bnez	x14,80007994	 x14:0x00000001
       58045000	      5705	80007994	028c1ab3	mulh	x21,x24,x8	 x24:0x078867f4  x8:0x00000000 x21=0x00000000
       58055000	      5706	80007998	032b5763	bge	x22,x18,800079c6	 x22:0x00000000 x18:0xf1e9f1fd
       58075000	      5708	800079c6	8d15	c.sub	x10,x13	 x10:0x00000000 x13:0x80023ce4 x10=0x7ffdc31c
       58085000	      5709	800079c8	8d21	c.xor	x10,x8	 x10:0x7ffdc31c  x8:0x00000000 x10=0x7ffdc31c
       58095000	      5710	800079ca	8e71	c.and	x12,x12	 x12:0x00000000 x12:0x00000000 x12=0x00000000
       58105000	      5711	800079cc	8f49	c.or	x14,x10	 x14:0x00000001 x10:0x7ffdc31c x14=0x7ffdc31d
       58115000	      5712	800079ce	019b13b3	sll	x7,x22,x25	 x22:0x00000000 x25:0xffffffff  x7=0x00000000
       58125000	      5713	800079d2	40db0db3	sub	x27,x22,x13	 x22:0x00000000 x13:0x80023ce4 x27=0x7ffdc31c
       58135000	      5714	800079d6	89ea	c.mv	x19,x26	  x0:0x00000000 x26:0x001e21be x19=0x001e21be
       58145000	      5715	800079d8	fff48f93	addi	x31,x9,-1	  x9:0x001e21be x31=0x001e21bd
       58155000	      5716	800079dc	011ff933	and	x18,x31,x17	 x31:0x001e21bd x17:0x00000001 x18=0x00000001
       58165000	      5717	800079e0	00d122b3	slt	x5,x2,x13	  x2:0x0df92c45 x13:0x80023ce4  x5=0x00000000
       58535000	      5754	800079e4	021ff7b3	remu	x15,x31,x1	 x31:0x001e21bd  x1:0xffffffff x15=0x001e21bd
       58545000	      5755	800079e8	419d8db3	sub	x27,x27,x25	 x27:0x7ffdc31c x25:0xffffffff x27=0x7ffdc31d
       58555000	      5756	800079ec	d7126c13	ori	x24,x4,-655	  x4:0x00000000 x24=0xfffffd71
       58565000	      5757	800079f0	02e74f63	blt	x14,x14,80007a2e	 x14:0x7ffdc31d x14:0x7ffdc31d
       58575000	      5758	800079f4	5f7d	c.li	x30,-1	 x30=0xffffffff
       58585000	      5759	800079f6	015320b3	slt	x1,x6,x21	  x6:0x00000000 x21:0x00000000  x1=0x00000000
       58595000	      5760	800079fa	8679	c.srai	x12,0x1e	 x12:0x00000000 x12=0x00000000
       58605000	      5761	800079fc	01461333	sll	x6,x12,x20	 x12:0x00000000 x20:0xffffffbd  x6=0x00000000
       58615000	      5762	80007a00	05634063	blt	x6,x22,80007a40	  x6:0x00000000 x22:0x00000000
       58625000	      5763	80007a04	692b67b7	lui	x15,0x692b6	 x15=0x692b6000
       58635000	      5764	80007a08	8cf5	c.and	x9,x13	  x9:0x001e21be x13:0x80023ce4  x9=0x000220a4
       58645000	      5765	80007a0a	1e5e5097	auipc	x1,0x1e5e5	  x1=0x9e5eca0a
       58655000	      5766	80007a0e	cc11	c.beqz	x8,80007a2a	  x8:0x00000000
       58685000	      5769	80007a2a	014aecb3	or	x25,x21,x20	 x21:0x00000000 x20:0xffffffbd x25=0xffffffbd
       58695000	      5770	80007a2e	0ff0000f	fence	iorw,iorw	
       58705000	      5771	80007a32	401b5c93	srai	x25,x22,0x1	 x22:0x00000000 x25=0x00000000
       59075000	      5808	80007a36	02e66533	rem	x10,x12,x14	 x12:0x00000000 x14:0x7ffdc31d x10=0x00000000
       59105000	      5811	80007a3a	02a80833	mul	x16,x16,x10	 x16:0x00000000 x10:0x00000000 x16=0x00000000
       59115000	      5812	80007a3e	8459	c.srai	x8,0x16	  x8:0x00000000  x8=0x00000000
       59125000	      5813	80007a40	0001	c.addi	x0,0	  x0:0x00000000  x0=0x00000000
       59135000	      5814	80007a42	00775463	bge	x14,x7,80007a4a	 x14:0x7ffdc31d  x7:0x00000000
       59165000	      5817	80007a4a	07ff4363	blt	x30,x31,80007ab0	 x30:0xffffffff x31:0x001e21bd
       59185000	      5819	80007ab0	015a9ab3	sll	x21,x21,x21	 x21:0x00000000 x21:0x00000000 x21=0x00000000
       59195000	      5820	80007ab4	8d31	c.xor	x10,x12	 x10:0x00000000 x12:0x00000000 x10=0x00000000
       59565000	      5857	80007ab6	02ead4b3	divu	x9,x21,x14	 x21:0x00000000 x14:0x7ffdc31d  x9=0x00000000
       59575000	      5858	80007aba	01b81513	slli	x10,x16,0x1b	 x16:0x00000000 x10=0x00000000
       59945000	      5895	80007abe	02d5da33	divu	x20,x11,x13	 x11:0xf1e8b1fd x13:0x80023ce4 x20=0x00000001
       60315000	      5932	80007ac2	02f6fab3	remu	x21,x13,x15	 x13:0x80023ce4 x15:0x692b6000 x21=0x16d6dce4
       60325000	      5933	80007ac6	1db36d37	lui	x26,0x1db36	 x26=0x1db36000
       60335000	      5934	80007aca	01458c33	add	x24,x11,x20	 x11:0xf1e8b1fd x20:0x00000001 x24=0xf1e8b1fe
       60345000	      5935	80007ace	0001	c.addi	x0,0	  x0:0x00000000  x0=0x00000000
       60355000	      5936	80007ad0	44119a17	auipc	x20,0x44119	 x20=0xc4120ad0
       60365000	      5937	80007ad4	009e5ab3	srl	x21,x28,x9	 x28:0x00000000  x9:0x00000000 x21=0x00000000
       60375000	      5938	80007ad8	6ddd	c.lui	x27,0x17	 x27=0x00017000
       60385000	      5939	80007ada	02247e63	bgeu	x8,x2,80007b16	  x8:0x00000000  x2:0x0df92c45
       60395000	      5940	80007ade	0001	c.addi	x0,0	  x0:0x00000000  x0=0x00000000
       60405000	      5941	80007ae0	81f2	c.mv	x3,x28	  x0:0x00000000 x28:0x00000000  x3=0x00000000
       60415000	      5942	80007ae2	60d1	c.lui	x1,0x14	  x1=0x00014000
       60425000	      5943	80007ae4	01fa9433	sll	x8,x21,x31	 x21:0x00000000 x31:0x001e21bd  x8=0x00000000
       60435000	      5944	80007ae8	45c97317	auipc	x6,0x45c97	  x6=0xc5c9eae8
       60445000	      5945	80007aec	4064dcb3	sra	x25,x9,x6	  x9:0x00000000  x6:0xc5c9eae8 x25=0x00000000
       60455000	      5946	80007af0	8329	c.srli	x14,0xa	 x14:0x7ffdc31d x14=0x001fff70
       60465000	      5947	80007af2	e9de6c93	ori	x25,x28,-355	 x28:0x00000000 x25=0xfffffe9d
       60475000	      5948	80007af6	801d	c.srli	x8,0x7	  x8:0x00000000  x8=0x00000000
       60485000	      5949	80007af8	0090a933	slt	x18,x1,x9	  x1:0x00014000  x9:0x00000000 x18=0x00000000
       60495000	      5950	80007afc	0ff0000f	fence	iorw,iorw	
       60505000	      5951	80007b00	468b0837	lui	x16,0x468b0	 x16=0x468b0000
       60515000	      5952	80007b04	369a7c93	andi	x25,x20,873	 x20:0xc4120ad0 x25=0x00000240
       60525000	      5953	80007b08	8e05	c.sub	x12,x9	 x12:0x00000000  x9:0x00000000 x12=0x00000000
       60535000	      5954	80007b0a	6d61	c.lui	x26,0x18	 x26=0x00018000
       60545000	      5955	80007b0c	260a3713	sltiu	x14,x20,608	 x20:0xc4120ad0 x14=0x00000000
       60555000	      5956	80007b10	faad8a13	addi	x20,x27,-86	 x27:0x00017000 x20=0x00016faa
       60565000	      5957	80007b14	99fa	c.add	x19,x30	 x19:0x001e21be x30:0xffffffff x19=0x001e21bd
       60575000	      5958	80007b16	011c9c13	slli	x24,x25,0x11	 x25:0x00000240 x24=0x04800000
       60585000	      5959	80007b1a	03990663	beq	x18,x25,80007b46	 x18:0x00000000 x25:0x00000240
       60955000	      5996	80007b1e	0223cf33	div	x30,x7,x2	  x7:0x00000000  x2:0x0df92c45 x30=0x00000000
       60965000	      5997	80007b22	0a84	c.addi4spn	x9,x2,336	  x9=0x0df92d95
       60975000	      5998	80007b24	8931	c.andi	x10,12	 x10:0x00000000 x10=0x00000000
       61345000	      6035	80007b26	037572b3	remu	x5,x10,x23	 x10:0x00000000 x23:0x8001fe58  x5=0x00000000
       61385000	      6039	80007b2a	02b2aab3	mulhsu	x21,x5,x11	  x5:0x00000000 x11:0xf1e8b1fd x21=0x00000000
       61395000	      6040	80007b2e	8d8a	c.mv	x27,x2	  x0:0x00000000  x2:0x0df92c45 x27=0x0df92c45
       61405000	      6041	80007b30	00f4d813	srli	x16,x9,0xf	  x9:0x0df92d95 x16=0x00001bf2
       61415000	      6042	80007b34	8ca6	c.mv	x25,x9	  x0:0x00000000  x9:0x0df92d95 x25=0x0df92d95
       61425000	      6043	80007b36	a0256397	auipc	x7,0xa0256	  x7=0x2025db36
       61435000	      6044	80007b3a	1e1c	c.addi4spn	x15,x2,816	 x15=0x0df92f75
       61445000	      6045	80007b3c	8635	c.srai	x12,0xd	 x12:0x00000000 x12=0x00000000
       61455000	      6046	80007b3e	0001	c.addi	x0,0	  x0:0x00000000  x0=0x00000000
       61495000	      6050	80007b40	03db1633	mulh	x12,x22,x29	 x22:0x00000000 x29:0x00000000 x12=0x00000000
       61505000	      6051	80007b44	8f8d	c.sub	x15,x11	 x15:0x0df92f75 x11:0xf1e8b1fd x15=0x1c107d78
       61515000	      6052	80007b46	1898	c.addi4spn	x14,x2,112	 x14=0x0df92cb5
       61525000	      6053	80007b48	01c000ef	jal	x1,80007b64	  x1=0x80007b4c
       61545000	      6055	80007b64	2019	c.jal	80007b6a	  x1=0x80007b66
       61575000	      6058	80007b6a	ff3ff0ef	jal	x1,80007b5c	  x1=0x80007b6e
       61595000	      6060	80007b5c	2031	c.jal	80007b68	  x1=0x80007b5e
       61615000	      6062	80007b68	3ffd	c.jal	80007b66	  x1=0x80007b6a
       61635000	      6064	80007b66	b7ed	c.j	80007b50	
       61655000	      6066	80007b50	00800aef	jal	x21,80007b58	 x21=0x80007b54
       61675000	      6068	80007b58	2005	c.jal	80007b78	  x1=0x80007b5a
       61695000	      6070	80007b78	3fdd	c.jal	80007b6e	  x1=0x80007b7a
       61725000	      6073	80007b6e	fdfff1ef	jal	x3,80007b4c	  x3=0x80007b72
       61745000	      6075	80007b4c	201d	c.jal	80007b72	  x1=0x80007b4e
       61765000	      6077	80007b72	b7f5	c.j	80007b5e	
       61795000	      6080	80007b5e	ff9ffc6f	jal	x24,80007b56	 x24=0x80007b62
       61815000	      6082	80007b56	2839	c.jal	80007b74	  x1=0x80007b58
       61835000	      6084	80007b74	fefff26f	jal	x4,80007b62	  x4=0x80007b78
       61855000	      6086	80007b62	b7f5	c.j	80007b4e	
       61875000	      6088	80007b4e	2035	c.jal	80007b7a	  x1=0x80007b50
       61895000	      6090	80007b7a	3fe9	c.jal	80007b54	  x1=0x80007b7c
       61915000	      6092	80007b54	a019	c.j	80007b5a	
       61935000	      6094	80007b5a	a00d	c.j	80007b7c	
       61955000	      6096	80007b7c	146c8c13	addi	x24,x25,326	 x25:0x0df92d95 x24=0x0df92edb
       61995000	      6100	80007b80	024bb333	mulhu	x6,x23,x4	 x23:0x8001fe58  x4:0x80007b78  x6=0x40013ce8
       62005000	      6101	80007b84	8f0a	c.mv	x30,x2	  x0:0x00000000  x2:0x0df92c45 x30=0x0df92c45
       62015000	      6102	80007b86	ee062813	slti	x16,x12,-288	 x12:0x00000000 x16=0x00000000
       62025000	      6103	80007b8a	36c6a013	slti	x0,x13,876	 x13:0x80023ce4  x0=0x00000000
       62035000	      6104	80007b8e	1d80	c.addi4spn	x8,x2,752	  x8=0x0df92f35
       62045000	      6105	80007b90	c115	c.beqz	x10,80007bb4	 x10:0x00000000
       62065000	      6107	80007bb4	8c1d	c.sub	x8,x15	  x8:0x0df92f35 x15:0x1c107d78  x8=0xf1e8b1bd
       62075000	      6108	80007bb6	1488	c.addi4spn	x10,x2,608	 x10=0x0df92ea5
       62085000	      6109	80007bb8	02096363	bltu	x18,x0,80007bde	 x18:0x00000000  x0:0x00000000
       62095000	      6110	80007bbc	ed552317	auipc	x6,0xed552	  x6=0x6d559bbc
       62105000	      6111	80007bc0	0998	c.addi4spn	x14,x2,208	 x14=0x0df92d15
       62115000	      6112	80007bc2	00815e93	srli	x29,x2,0x8	  x2:0x0df92c45 x29=0x000df92c
       62125000	      6113	80007bc6	0035e663	bltu	x11,x3,80007bd2	 x11:0xf1e8b1fd  x3:0x80007b72
       62135000	      6114	80007bca	01d11713	slli	x14,x2,0x1d	  x2:0x0df92c45 x14=0xa0000000
       62145000	      6115	80007bce	01ecdc33	srl	x24,x25,x30	 x25:0x0df92d95 x30:0x0df92c45 x24=0x006fc96c
       62155000	      6116	80007bd2	167d	c.addi	x12,-1	 x12:0x00000000 x12=0xffffffff
       62165000	      6117	80007bd4	167d	c.addi	x12,-1	 x12:0xffffffff x12=0xfffffffe
       62175000	      6118	80007bd6	03824763	blt	x4,x24,80007c04	  x4:0x80007b78 x24:0x006fc96c
       62195000	      6120	80007c04	0161f1b3	and	x3,x3,x22	  x3:0x80007b72 x22:0x00000000  x3=0x00000000
       62205000	      6121	80007c08	587d	c.li	x16,-1	 x16=0xffffffff
       62215000	      6122	80007c0a	8c56	c.mv	x24,x21	  x0:0x00000000 x21:0x80007b54 x24=0x80007b54
       62225000	      6123	80007c0c	8f91	c.sub	x15,x12	 x15:0x1c107d78 x12:0xfffffffe x15=0x1c107d7a
       62235000	      6124	80007c0e	9c6a	c.add	x24,x26	 x24:0x80007b54 x26:0x00018000 x24=0x8001fb54
       62245000	      6125	80007c10	0140ee33	or	x28,x1,x20	  x1:0x80007b7c x20:0x00016faa x28=0x80017ffe
       62255000	      6126	80007c14	876d	c.srai	x14,0x1b	 x14:0xa0000000 x14=0xfffffff4
       62285000	      6129	80007c16	02980733	mul	x14,x16,x9	 x16:0xffffffff  x9:0x0df92d95 x14=0xf206d26b
       62655000	      6166	80007c1a	037accb3	div	x25,x21,x23	 x21:0x80007b54 x23:0x8001fe58 x25=0x00000001
       62665000	      6167	80007c1e	005d9933	sll	x18,x27,x5	 x27:0x0df92c45  x5:0x00000000 x18=0x0df92c45
       62675000	      6168	80007c22	7731cf13	xori	x30,x3,1907	  x3:0x00000000 x30=0x00000773
       62695000	      6170	80007c26	0236e533	rem	x10,x13,x3	 x13:0x80023ce4  x3:0x00000000 x10=0x80023ce4
       62705000	      6171	80007c2a	00c8cd33	xor	x26,x17,x12	 x17:0x00000001 x12:0xfffffffe x26=0xffffffff
       62715000	      6172	80007c2e	0000100f	fence.i	
       62735000	      6174	80007c32	c20d	c.beqz	x12,80007c54	 x12:0xfffffffe
       62745000	      6175	80007c34	01b56763	bltu	x10,x27,80007c42	 x10:0x80023ce4 x27:0x0df92c45
       62755000	      6176	80007c38	201b0a17	auipc	x20,0x201b0	 x20=0xa01b7c38
       62765000	      6177	80007c3c	02121f63	bne	x4,x1,80007c7a	  x4:0x80007b78  x1:0x80007b7c
       62785000	      6179	80007c7a	c4a5	c.beqz	x9,80007ce2	  x9:0x0df92d95
       62795000	      6180	80007c7c	1b7d	c.addi	x22,-1	 x22:0x00000000 x22=0xffffffff
       62805000	      6181	80007c7e	40d1db13	srai	x22,x3,0xd	  x3:0x00000000 x22=0x00000000
       62815000	      6182	80007c82	7012c113	xori	x2,x5,1793	  x5:0x00000000  x2=0x00000701
       62825000	      6183	80007c86	1f04	c.addi4spn	x9,x2,944	  x9=0x00000ab1
       62835000	      6184	80007c88	05d86a63	bltu	x16,x29,80007cdc	 x16:0xffffffff x29:0x000df92c
       62845000	      6185	80007c8c	1c7d	c.addi	x24,-1	 x24:0x8001fb54 x24=0x8001fb53
       62855000	      6186	80007c8e	20a0fc93	andi	x25,x1,522	  x1:0x80007b7c x25=0x00000208
       62865000	      6187	80007c92	00f6	c.slli	x1,0x1d	  x1:0x80007b7c  x1=0x80000000
       62875000	      6188	80007c94	028000ef	jal	x1,80007cbc	  x1=0x80007c98
       62895000	      6190	80007cbc	37f5	c.jal	80007ca8	  x1=0x80007cbe
       62915000	      6192	80007ca8	01a008ef	jal	x17,80007cc2	 x17=0x80007cac
       62935000	      6194	80007cc2	2021	c.jal	80007cca	  x1=0x80007cc4
       62965000	      6197	80007cca	ffdff0ef	jal	x1,80007cc6	  x1=0x80007cce
       62995000	      6200	80007cc6	fefff0ef	jal	x1,80007cb4	  x1=0x80007cca
       63015000	      6202	80007cb4	fe7ff0ef	jal	x1,80007c9a	  x1=0x80007cb8
       63035000	      6204	80007c9a	a02d	c.j	80007cc4	
       63055000	      6206	80007cc4	bfd5	c.j	80007cb8	
       63075000	      6208	80007cb8	fedff36f	jal	x6,80007ca4	  x6=0x80007cbc
       63095000	      6210	80007ca4	a021	c.j	80007cac	
       63115000	      6212	80007cac	3fed	c.jal	80007ca6	  x1=0x80007cae
       63135000	      6214	80007ca6	a029	c.j	80007cb0	
       63155000	      6216	80007cb0	ff3ff0ef	jal	x1,80007ca2	  x1=0x80007cb4
       63175000	      6218	80007ca2	bffd	c.j	80007ca0	
       63195000	      6220	80007ca0	bff5	c.j	80007c9c	
       63215000	      6222	80007c9c	ffdff0ef	jal	x1,80007c98	  x1=0x80007ca0
       63235000	      6224	80007c98	a01d	c.j	80007cbe	
       63265000	      6227	80007cbe	ff1ff0ef	jal	x1,80007cae	  x1=0x80007cc2
       63285000	      6229	80007cae	a005	c.j	80007cce	
       63305000	      6231	80007cce	8cbd	c.xor	x9,x15	  x9:0x00000ab1 x15:0x1c107d7a  x9=0x1c1077cb
       63315000	      6232	80007cd0	eea7f493	andi	x9,x15,-278	 x15:0x1c107d7a  x9=0x1c107c6a
       63325000	      6233	80007cd4	823d	c.srli	x12,0xf	 x12:0xfffffffe x12=0x0001ffff
       63695000	      6270	80007cd6	03446433	rem	x8,x8,x20	  x8:0xf1e8b1bd x20:0xa01b7c38  x8=0xf1e8b1bd
       63705000	      6271	80007cda	8959	c.andi	x10,22	 x10:0x80023ce4 x10=0x00000004
       63715000	      6272	80007cdc	02df9c63	bne	x31,x13,80007d14	 x31:0x001e21bd x13:0x80023ce4
       63735000	      6274	80007d14	0000100f	fence.i	
       63755000	      6276	80007d18	023dcf63	blt	x27,x3,80007d56	 x27:0x0df92c45  x3:0x00000000
       63785000	      6279	80007d1c	03f50933	mul	x18,x10,x31	 x10:0x00000004 x31:0x001e21bd x18=0x007886f4
       63795000	      6280	80007d20	01be	c.slli	x3,0xf	  x3:0x00000000  x3=0x00000000
       63805000	      6281	80007d22	1c7d	c.addi	x24,-1	 x24:0x8001fb53 x24=0x8001fb52
       63835000	      6284	80007d24	03918f33	mul	x30,x3,x25	  x3:0x00000000 x25:0x00000208 x30=0x00000000
       63845000	      6285	80007d28	8e1d	c.sub	x12,x15	 x12:0x0001ffff x15:0x1c107d7a x12=0xe3f18285
       63855000	      6286	80007d2a	8a702a93	slti	x21,x0,-1881	  x0:0x00000000 x21=0x00000000
       63865000	      6287	80007d2e	02c54863	blt	x10,x12,80007d5e	 x10:0x00000004 x12:0xe3f18285
       63875000	      6288	80007d32	014b2c33	slt	x24,x22,x20	 x22:0x00000000 x20:0xa01b7c38 x24=0x00000000
       63885000	      6289	80007d36	8c5d	c.or	x8,x15	  x8:0xf1e8b1bd x15:0x1c107d7a  x8=0xfdf8fdff
       63925000	      6293	80007d38	03e510b3	mulh	x1,x10,x30	 x10:0x00000004 x30:0x00000000  x1=0x00000000
       63935000	      6294	80007d3c	8d31	c.xor	x10,x12	 x10:0x00000004 x12:0xe3f18285 x10=0xe3f18281
       63945000	      6295	80007d3e	000d80b3	add	x1,x27,x0	 x27:0x0df92c45  x0:0x00000000  x1=0x0df92c45
       63955000	      6296	80007d42	0ff0000f	fence	iorw,iorw	
       63995000	      6300	80007d46	02dab733	mulhu	x14,x21,x13	 x21:0x00000000 x13:0x80023ce4 x14=0x00000000
       64365000	      6337	80007d4a	032ffb33	remu	x22,x31,x18	 x31:0x001e21bd x18:0x007886f4 x22=0x001e21bd
       64405000	      6341	80007d4e	02ccadb3	mulhsu	x27,x25,x12	 x25:0x00000208 x12:0xe3f18285 x27=0x000001cf
       64445000	      6345	80007d52	03209833	mulh	x16,x1,x18	  x1:0x0df92c45 x18:0x007886f4 x16=0x0006942a
       64815000	      6382	80007d56	024ce733	rem	x14,x25,x4	 x25:0x00000208  x4:0x80007b78 x14=0x00000208
       64855000	      6386	80007d5a	02141933	mulh	x18,x8,x1	  x8:0xfdf8fdff  x1:0x0df92c45 x18=0xffe3abbb
       64865000	      6387	80007d5e	9416	c.add	x8,x5	  x8:0xfdf8fdff  x5:0x00000000  x8=0xfdf8fdff
       64875000	      6388	80007d60	012bb1b3	sltu	x3,x23,x18	 x23:0x8001fe58 x18:0xffe3abbb  x3=0x00000001
       64885000	      6389	80007d64	40840f33	sub	x30,x8,x8	  x8:0xfdf8fdff  x8:0xfdf8fdff x30=0x00000000
       64895000	      6390	80007d68	e0c3a8b7	lui	x17,0xe0c3a	 x17=0xe0c3a000
       64905000	      6391	80007d6c	9ece	c.add	x29,x19	 x29:0x000df92c x19:0x001e21bd x29=0x002c1ae9
       64915000	      6392	80007d6e	8f55	c.or	x14,x13	 x14:0x00000208 x13:0x80023ce4 x14=0x80023eec
       64925000	      6393	80007d70	8a7b2e13	slti	x28,x22,-1881	 x22:0x001e21bd x28=0x00000000
       64935000	      6394	80007d74	0022d3b3	srl	x7,x5,x2	  x5:0x00000000  x2:0x00000701  x7=0x00000000
       64945000	      6395	80007d78	00a811b3	sll	x3,x16,x10	 x16:0x0006942a x10:0xe3f18281  x3=0x000d2854
       64955000	      6396	80007d7c	1a98	c.addi4spn	x14,x2,368	 x14=0x00000871
       64965000	      6397	80007d7e	6165	c.addi16sp	x2,112	  x2:0x00000701  x2=0x00000771
       64975000	      6398	80007d80	00797ab3	and	x21,x18,x7	 x18:0xffe3abbb  x7:0x00000000 x21=0x00000000
       64985000	      6399	80007d84	226c6213	ori	x4,x24,550	 x24:0x00000000  x4=0x00000226
       64995000	      6400	80007d88	51b76113	ori	x2,x14,1307	 x14:0x00000871  x2=0x00000d7b
       65035000	      6404	80007d8c	0376aeb3	mulhsu	x29,x13,x23	 x13:0x80023ce4 x23:0x8001fe58 x29=0xc0001f4a
       65405000	      6441	80007d90	0342e833	rem	x16,x5,x20	  x5:0x00000000 x20:0xa01b7c38 x16=0x00000000
       65415000	      6442	80007d94	f9028e93	addi	x29,x5,-112	  x5:0x00000000 x29=0xffffff90
       65425000	      6443	80007d98	8c51	c.or	x8,x12	  x8:0xfdf8fdff x12:0xe3f18285  x8=0xfff9ffff
       65435000	      6444	80007d9a	00c30eb3	add	x29,x6,x12	  x6:0x80007cbc x12:0xe3f18285 x29=0x63f1ff41
       65445000	      6445	80007d9e	0176e7b3	or	x15,x13,x23	 x13:0x80023ce4 x23:0x8001fe58 x15=0x8003fefc
       65465000	      6447	80007da2	02757433	remu	x8,x10,x7	 x10:0xe3f18281  x7:0x00000000  x8=0xe3f18281
       65475000	      6448	80007da6	00c3de93	srli	x29,x7,0xc	  x7:0x00000000 x29=0x00000000
       65485000	      6449	80007daa	01c17233	and	x4,x2,x28	  x2:0x00000d7b x28:0x00000000  x4=0x00000000
       65525000	      6453	80007dae	03ff3433	mulhu	x8,x30,x31	 x30:0x00000000 x31:0x001e21bd  x8=0x00000000
       65535000	      6454	80007db2	8cf9	c.and	x9,x14	  x9:0x1c107c6a x14:0x00000871  x9=0x00000860
       65545000	      6455	80007db4	4126d833	sra	x16,x13,x18	 x13:0x80023ce4 x18:0xffe3abbb x16=0xfffffff0
       65555000	      6456	80007db8	c501	c.beqz	x10,80007dc0	 x10:0xe3f18281
       65565000	      6457	80007dba	83fd	c.srli	x15,0x1f	 x15:0x8003fefc x15=0x00000001
       65575000	      6458	80007dbc	003cfcb3	and	x25,x25,x3	 x25:0x00000208  x3:0x000d2854 x25=0x00000000
       65585000	      6459	80007dc0	de472c13	slti	x24,x14,-540	 x14:0x00000871 x24=0x00000000
       65595000	      6460	80007dc4	047b6163	bltu	x22,x7,80007e06	 x22:0x001e21bd  x7:0x00000000
       65965000	      6497	80007dc8	03ac5fb3	divu	x31,x24,x26	 x24:0x00000000 x26:0xffffffff x31=0x00000000
       66335000	      6534	80007dcc	0344fe33	remu	x28,x9,x20	  x9:0x00000860 x20:0xa01b7c38 x28=0x00000860
       66345000	      6535	80007dd0	001b43b3	xor	x7,x22,x1	 x22:0x001e21bd  x1:0x0df92c45  x7=0x0de70df8
       66355000	      6536	80007dd4	01c5d933	srl	x18,x11,x28	 x11:0xf1e8b1fd x28:0x00000860 x18=0xf1e8b1fd
       66365000	      6537	80007dd8	001add93	srli	x27,x21,0x1	 x21:0x00000000 x27=0x00000000
       66375000	      6538	80007ddc	6fd1	c.lui	x31,0x14	 x31=0x00014000
       66385000	      6539	80007dde	987d	c.andi	x8,-1	  x8:0x00000000  x8=0x00000000
       66395000	      6540	80007de0	40add9b3	sra	x19,x27,x10	 x27:0x00000000 x10:0xe3f18281 x19=0x00000000
       66405000	      6541	80007de4	717d	c.addi16sp	x2,-16	  x2:0x00000d7b  x2=0x00000d6b
       66415000	      6542	80007de6	023deb63	bltu	x27,x3,80007e1c	 x27:0x00000000  x3:0x000d2854
       66435000	      6544	80007e1c	0000100f	fence.i	
       66455000	      6546	80007e20	00624eb3	xor	x29,x4,x6	  x4:0x00000000  x6:0x80007cbc x29=0x80007cbc
       66465000	      6547	80007e24	0000100f	fence.i	
       66495000	      6550	80007e28	03e64333	div	x6,x12,x30	 x12:0xe3f18285 x30:0x00000000  x6=0xffffffff
       66865000	      6587	80007e2c	02efd633	divu	x12,x31,x14	 x31:0x00014000 x14:0x00000871 x12=0x00000025
       66875000	      6588	80007e30	03aeff63	bgeu	x29,x26,80007e6e	 x29:0x80007cbc x26:0xffffffff
       66885000	      6589	80007e34	03be2313	slti	x6,x28,59	 x28:0x00000860  x6=0x00000000
       66895000	      6590	80007e38	0000100f	fence.i	
       66915000	      6592	80007e3c	0001	c.addi	x0,0	  x0:0x00000000  x0=0x00000000
       66925000	      6593	80007e3e	01616863	bltu	x2,x22,80007e4e	  x2:0x00000d6b x22:0x001e21bd
       66965000	      6597	80007e4e	0289f933	remu	x18,x19,x8	 x19:0x00000000  x8:0x00000000 x18=0x00000000
       66995000	      6600	80007e52	02d188b3	mul	x17,x3,x13	  x3:0x000d2854 x13:0x80023ce4 x17=0x71d39ad0
       67005000	      6601	80007e56	e01d	c.bnez	x8,80007e7c	  x8:0x00000000
       67015000	      6602	80007e58	84ce	c.mv	x9,x19	  x0:0x00000000 x19:0x00000000  x9=0x00000000
       67055000	      6606	80007e5a	03dc13b3	mulh	x7,x24,x29	 x24:0x00000000 x29:0x80007cbc  x7=0x00000000
       67085000	      6609	80007e5e	02288433	mul	x8,x17,x2	 x17:0x71d39ad0  x2:0x00000d6b  x8=0x524e44f0
       67095000	      6610	80007e62	0791	c.addi	x15,4	 x15:0x00000001 x15=0x00000005
       67105000	      6611	80007e64	0001	c.addi	x0,0	  x0:0x00000000  x0=0x00000000
       67125000	      6613	80007e66	0391f033	remu	x0,x3,x25	  x3:0x000d2854 x25:0x00000000  x0=0x00000000
       67145000	      6615	80007e6a	03564fb3	div	x31,x12,x21	 x12:0x00000025 x21:0x00000000 x31=0xffffffff
       67155000	      6616	80007e6e	e3576013	ori	x0,x14,-459	 x14:0x00000871  x0=0x00000000
       67165000	      6617	80007e72	6ed9	c.lui	x29,0x16	 x29=0x00016000
       67175000	      6618	80007e74	44e5e313	ori	x6,x11,1102	 x11:0xf1e8b1fd  x6=0xf1e8b5ff
       67185000	      6619	80007e78	02fc5063	bge	x24,x15,80007e98	 x24:0x00000000 x15:0x00000005
       67195000	      6620	80007e7c	14fd	c.addi	x9,-1	  x9:0x00000000  x9=0xffffffff
       67205000	      6621	80007e7e	0d5a7493	andi	x9,x20,213	 x20:0xa01b7c38  x9=0x00000010
       67215000	      6622	80007e82	00f0e933	or	x18,x1,x15	  x1:0x0df92c45 x15:0x00000005 x18=0x0df92c45
       67225000	      6623	80007e86	4c610c13	addi	x24,x2,1222	  x2:0x00000d6b x24=0x00001231
       67235000	      6624	80007e8a	01f7e9b3	or	x19,x15,x31	 x15:0x00000005 x31:0xffffffff x19=0xffffffff
       67245000	      6625	80007e8e	00299e33	sll	x28,x19,x2	 x19:0xffffffff  x2:0x00000d6b x28=0xfffff800
       67255000	      6626	80007e92	4e05	c.li	x28,1	 x28=0x00000001
       67265000	      6627	80007e94	d57d2093	slti	x1,x26,-681	 x26:0xffffffff  x1=0x00000000
       67275000	      6628	80007e98	032f9263	bne	x31,x18,80007ebc	 x31:0xffffffff x18:0x0df92c45
       67295000	      6630	80007ebc	83d5	c.srli	x15,0x15	 x15:0x00000005 x15=0x00000000
       67665000	      6667	80007ebe	038cc433	div	x8,x25,x24	 x25:0x00000000 x24:0x00001231  x8=0x00000000
       67675000	      6668	80007ec2	00dba733	slt	x14,x23,x13	 x23:0x8001fe58 x13:0x80023ce4 x14=0x00000001
       67685000	      6669	80007ec6	00bf1a33	sll	x20,x30,x11	 x30:0x00000000 x11:0xf1e8b1fd x20=0x00000000
       67695000	      6670	80007eca	01d70a63	beq	x14,x29,80007ede	 x14:0x00000001 x29:0x00016000
       67705000	      6671	80007ece	8909	c.andi	x10,2	 x10:0xe3f18281 x10=0x00000000
       67725000	      6673	80007ed0	039958b3	divu	x17,x18,x25	 x18:0x0df92c45 x25:0x00000000 x17=0xffffffff
       67735000	      6674	80007ed4	000a3633	sltu	x12,x20,x0	 x20:0x00000000  x0:0x00000000 x12=0x00000000
       67745000	      6675	80007ed8	0001	c.addi	x0,0	  x0:0x00000000  x0=0x00000000
       67755000	      6676	80007eda	8c49	c.or	x8,x10	  x8:0x00000000 x10:0x00000000  x8=0x00000000
       67765000	      6677	80007edc	c781	c.beqz	x15,80007ee4	 x15:0x00000000
       67785000	      6679	80007ee4	01075813	srli	x16,x14,0x10	 x14:0x00000001 x16=0x00000000
       67795000	      6680	80007ee8	00507563	bgeu	x0,x5,80007ef2	  x0:0x00000000  x5:0x00000000
       67825000	      6683	80007ef2	0ff0000f	fence	iorw,iorw	
       67835000	      6684	80007ef6	8e41	c.or	x12,x8	 x12:0x00000000  x8:0x00000000 x12=0x00000000
       67845000	      6685	80007ef8	8729	c.srai	x14,0xa	 x14:0x00000001 x14=0x00000000
       67855000	      6686	80007efa	812d	c.srli	x10,0xb	 x10:0x00000000 x10=0x00000000
       67865000	      6687	80007efc	ac228c37	lui	x24,0xac228	 x24=0xac228000
       67875000	      6688	80007f00	8cd5	c.or	x9,x13	  x9:0x00000010 x13:0x80023ce4  x9=0x80023cf4
       67885000	      6689	80007f02	00936b33	or	x22,x6,x9	  x6:0xf1e8b5ff  x9:0x80023cf4 x22=0xf1eabdff
       67905000	      6691	80007f06	03b64033	div	x0,x12,x27	 x12:0x00000000 x27:0x00000000  x0=0x00000000
       67915000	      6692	80007f0a	02f00897	auipc	x17,0x2f00	 x17=0x82f07f0a
       67925000	      6693	80007f0e	410f5713	srai	x14,x30,0x10	 x30:0x00000000 x14=0x00000000
       67935000	      6694	80007f12	5c7d	c.li	x24,-1	 x24=0xffffffff
       67945000	      6695	80007f14	00613033	sltu	x0,x2,x6	  x2:0x00000d6b  x6:0xf1e8b5ff  x0=0x00000000
       67955000	      6696	80007f18	41995e13	srai	x28,x18,0x19	 x18:0x0df92c45 x28=0x00000006
       67965000	      6697	80007f1c	0ff0000f	fence	iorw,iorw	
       67975000	      6698	80007f20	c215	c.beqz	x12,80007f44	 x12:0x00000000
       67995000	      6700	80007f44	0107de63	bge	x15,x16,80007f60	 x15:0x00000000 x16:0x00000000
       68015000	      6702	80007f60	01af4e63	blt	x30,x26,80007f7c	 x30:0x00000000 x26:0xffffffff
       68025000	      6703	80007f64	c1526293	ori	x5,x4,-1003	  x4:0x00000000  x5=0xfffffc15
       68035000	      6704	80007f68	01357933	and	x18,x10,x19	 x10:0x00000000 x19:0xffffffff x18=0x00000000
       68045000	      6705	80007f6c	8c1d	c.sub	x8,x15	  x8:0x00000000 x15:0x00000000  x8=0x00000000
       68055000	      6706	80007f6e	9bfd	c.andi	x15,-1	 x15:0x00000000 x15=0x00000000
       68065000	      6707	80007f70	8099	c.srli	x9,0x6	  x9:0x80023cf4  x9=0x020008f3
       68075000	      6708	80007f72	0164de63	bge	x9,x22,80007f8e	  x9:0x020008f3 x22:0xf1eabdff
       68105000	      6711	80007f8e	01049b13	slli	x22,x9,0x10	  x9:0x020008f3 x22=0x08f30000
       68115000	      6712	80007f92	1608	c.addi4spn	x10,x2,800	 x10=0x0000108b
       68125000	      6713	80007f94	8cfc4293	xori	x5,x24,-1841	 x24:0xffffffff  x5=0x00000730
       68135000	      6714	80007f98	408b5833	sra	x16,x22,x8	 x22:0x08f30000  x8:0x00000000 x16=0x08f30000
       68145000	      6715	80007f9c	1e197737	lui	x14,0x1e197	 x14=0x1e197000
       68515000	      6752	80007fa0	025844b3	div	x9,x16,x5	 x16:0x08f30000  x5:0x00000730  x9=0x00013ebf
       68525000	      6753	80007fa4	4138dd33	sra	x26,x17,x19	 x17:0x82f07f0a x19:0xffffffff x26=0xffffffff
       68535000	      6754	80007fa8	8ced	c.and	x9,x11	  x9:0x00013ebf x11:0xf1e8b1fd  x9=0x000030bd
       68545000	      6755	80007faa	c79d	c.beqz	x15,80007fd8	 x15:0x00000000
       68925000	      6793	80007fd8	025aec33	rem	x24,x21,x5	 x21:0x00000000  x5:0x00000730 x24=0x00000000
       68935000	      6794	80007fdc	e501	c.bnez	x10,80007fe4	 x10:0x0000108b
       68955000	      6796	80007fe4	f5b86993	ori	x19,x16,-165	 x16:0x08f30000 x19=0xffffff5b
       68965000	      6797	80007fe8	019ad1b3	srl	x3,x21,x25	 x21:0x00000000 x25:0x00000000  x3=0x00000000
       68975000	      6798	80007fec	a2fa7193	andi	x3,x20,-1489	 x20:0x00000000  x3=0x00000000
       68985000	      6799	80007ff0	98fd	c.andi	x9,-1	  x9:0x000030bd  x9=0x000030bd
       68995000	      6800	80007ff2	02715463	bge	x2,x7,8000801a	  x2:0x00000d6b  x7:0x00000000
       69025000	      6803	8000801a	0000100f	fence.i	
       69045000	      6805	8000801e	8ce5	c.and	x9,x9	  x9:0x000030bd  x9:0x000030bd  x9=0x000030bd
       69055000	      6806	80008020	03db5563	bge	x22,x29,8000804a	 x22:0x08f30000 x29:0x00016000
       69075000	      6808	8000804a	48dd	c.li	x17,23	 x17=0x00000017
       69085000	      6809	8000804c	0043dc63	bge	x7,x4,80008064	  x7:0x00000000  x4:0x00000000
       69105000	      6811	80008064	0b12	c.slli	x22,0x4	 x22:0x08f30000 x22=0x8f300000
       69115000	      6812	80008066	3e08c613	xori	x12,x17,992	 x17:0x00000017 x12=0x000003f7
       69155000	      6816	8000806a	023d3d33	mulhu	x26,x26,x3	 x26:0xffffffff  x3:0x00000000 x26=0x00000000
       69165000	      6817	8000806e	0ff0000f	fence	iorw,iorw	
       69175000	      6818	80008072	00a63eb3	sltu	x29,x12,x10	 x12:0x000003f7 x10:0x0000108b x29=0x00000001
       69185000	      6819	80008076	01a33033	sltu	x0,x6,x26	  x6:0xf1e8b5ff x26:0x00000000  x0=0x00000000
       69195000	      6820	8000807a	00fad393	srli	x7,x21,0xf	 x21:0x00000000  x7=0x00000000
       69565000	      6857	8000807e	022bd833	divu	x16,x23,x2	 x23:0x8001fe58  x2:0x00000d6b x16=0x00098a3f
       69575000	      6858	80008082	6ed5	c.lui	x29,0x15	 x29=0x00015000
       69585000	      6859	80008084	8c99	c.sub	x9,x14	  x9:0x000030bd x14:0x1e197000  x9=0xe1e6c0bd
       69595000	      6860	80008086	01f29913	slli	x18,x5,0x1f	  x5:0x00000730 x18=0x00000000
       69605000	      6861	8000808a	8e25	c.xor	x12,x9	 x12:0x000003f7  x9:0xe1e6c0bd x12=0xe1e6c34a
       69615000	      6862	8000808c	0001	c.addi	x0,0	  x0:0x00000000  x0=0x00000000
       69625000	      6863	8000808e	003d8133	add	x2,x27,x3	 x27:0x00000000  x3:0x00000000  x2=0x00000000
       69635000	      6864	80008092	408d0f33	sub	x30,x26,x8	 x26:0x00000000  x8:0x00000000 x30=0x00000000
       69645000	      6865	80008096	884d	c.andi	x8,19	  x8:0x00000000  x8=0x00000000
       69655000	      6866	80008098	0000100f	fence.i	
       69675000	      6868	8000809c	00d43833	sltu	x16,x8,x13	  x8:0x00000000 x13:0x80023ce4 x16=0x00000001
       69685000	      6869	800080a0	9286	c.add	x5,x1	  x5:0x00000730  x1:0x00000000  x5=0x00000730
       69725000	      6873	800080a2	020c32b3	mulhu	x5,x24,x0	 x24:0x00000000  x0:0x00000000  x5=0x00000000
       69735000	      6874	800080a6	0001	c.addi	x0,0	  x0:0x00000000  x0=0x00000000
       69775000	      6878	800080a8	021f17b3	mulh	x15,x30,x1	 x30:0x00000000  x1:0x00000000 x15=0x00000000
       69785000	      6879	800080ac	0000100f	fence.i	
       69805000	      6881	800080b0	8b1d	c.andi	x14,7	 x14:0x1e197000 x14=0x00000000
       69815000	      6882	800080b2	03de	c.slli	x7,0x17	  x7:0x00000000  x7=0x00000000
       69825000	      6883	800080b4	0055acb3	slt	x25,x11,x5	 x11:0xf1e8b1fd  x5:0x00000000 x25=0x00000001
       69835000	      6884	800080b8	997d	c.andi	x10,-1	 x10:0x0000108b x10=0x0000108b
       69845000	      6885	800080ba	404f59b3	sra	x19,x30,x4	 x30:0x00000000  x4:0x00000000 x19=0x00000000
       69855000	      6886	800080be	012ef763	bgeu	x29,x18,800080cc	 x29:0x00015000 x18:0x00000000
       69875000	      6888	800080cc	401e81b3	sub	x3,x29,x1	 x29:0x00015000  x1:0x00000000  x3=0x00015000
       69885000	      6889	800080d0	59fd	c.li	x19,-1	 x19=0xffffffff
       69915000	      6892	800080d2	03a80e33	mul	x28,x16,x26	 x16:0x00000001 x26:0x00000000 x28=0x00000000
       69925000	      6893	800080d6	c48d	c.beqz	x9,80008100	  x9:0xe1e6c0bd
       69935000	      6894	800080d8	00db6633	or	x12,x22,x13	 x22:0x8f300000 x13:0x80023ce4 x12=0x8f323ce4
       69945000	      6895	800080dc	00163b33	sltu	x22,x12,x1	 x12:0x8f323ce4  x1:0x00000000 x22=0x00000000
       69955000	      6896	800080e0	6c7dcc93	xori	x25,x27,1735	 x27:0x00000000 x25=0x000006c7
       69965000	      6897	800080e4	b4d26413	ori	x8,x4,-1203	  x4:0x00000000  x8=0xfffffb4d
       69975000	      6898	800080e8	f204fc17	auipc	x24,0xf204f	 x24=0x720570e8
       69985000	      6899	800080ec	0220e263	bltu	x1,x2,80008110	  x1:0x00000000  x2:0x00000000
       69995000	      6900	800080f0	0243e563	bltu	x7,x4,8000811a	  x7:0x00000000  x4:0x00000000
       70365000	      6937	800080f4	026850b3	divu	x1,x16,x6	 x16:0x00000001  x6:0xf1e8b5ff  x1=0x00000000
       70375000	      6938	800080f8	014cce33	xor	x28,x25,x20	 x25:0x000006c7 x20:0x00000000 x28=0x000006c7
       70385000	      6939	800080fc	01ef1663	bne	x30,x30,80008108	 x30:0x00000000 x30:0x00000000
       70395000	      6940	80008100	00ed6663	bltu	x26,x14,8000810c	 x26:0x00000000 x14:0x00000000
       70405000	      6941	80008104	03319763	bne	x3,x19,80008132	  x3:0x00015000 x19:0xffffffff
       70435000	      6944	80008132	c8ea8f13	addi	x30,x21,-882	 x21:0x00000000 x30=0xfffffc8e
       70445000	      6945	80008136	0001	c.addi	x0,0	  x0:0x00000000  x0=0x00000000
       70455000	      6946	80008138	b53bbd13	sltiu	x26,x23,-1197	 x23:0x8001fe58 x26=0x00000001
       70465000	      6947	8000813c	0804	c.addi4spn	x9,x2,16	  x9=0x00000010
       70475000	      6948	8000813e	8259	c.srli	x12,0x16	 x12:0x8f323ce4 x12=0x0000023c
       70485000	      6949	80008140	6825	c.lui	x16,0x9	 x16=0x00009000
       70505000	      6951	80008142	02f25e33	divu	x28,x4,x15	  x4:0x00000000 x15:0x00000000 x28=0xffffffff
       70515000	      6952	80008146	717d	c.addi16sp	x2,-16	  x2:0x00000000  x2=0xfffffff0
       70525000	      6953	80008148	0196e4b3	or	x9,x13,x25	 x13:0x80023ce4 x25:0x000006c7  x9=0x80023ee7
       70535000	      6954	8000814c	6566a213	slti	x4,x13,1622	 x13:0x80023ce4  x4=0x00000001
       70545000	      6955	80008150	03189b63	bne	x17,x17,80008186	 x17:0x00000017 x17:0x00000017
       70555000	      6956	80008154	2c68ab37	lui	x22,0x2c68a	 x22=0x2c68a000
       70565000	      6957	80008158	00c71663	bne	x14,x12,80008164	 x14:0x00000000 x12:0x0000023c
       70585000	      6959	80008164	53742393	slti	x7,x8,1335	  x8:0xfffffb4d  x7=0x00000001
       70595000	      6960	80008168	0257ff63	bgeu	x15,x5,800081a6	 x15:0x00000000  x5:0x00000000
       70615000	      6962	800081a6	822d	c.srli	x12,0xb	 x12:0x0000023c x12=0x00000000
       70655000	      6966	800081a8	028e9033	mulh	x0,x29,x8	 x29:0x00015000  x8:0xfffffb4d  x0=0x00000000
       70685000	      6969	800081ac	03fe09b3	mul	x19,x28,x31	 x28:0xffffffff x31:0xffffffff x19=0x00000001
       70695000	      6970	800081b0	a61f0f93	addi	x31,x30,-1439	 x30:0xfffffc8e x31=0xfffff6ef
       70705000	      6971	800081b4	009521b3	slt	x3,x10,x9	 x10:0x0000108b  x9:0x80023ee7  x3=0x00000000
       71075000	      7008	800081b8	022ec933	div	x18,x29,x2	 x29:0x00015000  x2:0xfffffff0 x18=0xffffeb00
       71085000	      7009	800081bc	0189f1b3	and	x3,x19,x24	 x19:0x00000001 x24:0x720570e8  x3=0x00000000
       71095000	      7010	800081c0	409b84b3	sub	x9,x23,x9	 x23:0x8001fe58  x9:0x80023ee7  x9=0xffffbf71
       71105000	      7011	800081c4	02ec7f63	bgeu	x24,x14,80008202	 x24:0x720570e8 x14:0x00000000
       71135000	      7014	80008202	00da8533	add	x10,x21,x13	 x21:0x00000000 x13:0x80023ce4 x10=0x80023ce4
       71145000	      7015	80008206	c39eb193	sltiu	x3,x29,-967	 x29:0x00015000  x3=0x00000001
       71155000	      7016	8000820a	8249	c.srli	x12,0x12	 x12:0x00000000 x12=0x00000000
       71165000	      7017	8000820c	55fafe17	auipc	x28,0x55faf	 x28=0xd5fb720c
       71175000	      7018	80008210	6f624e13	xori	x28,x4,1782	  x4:0x00000001 x28=0x000006f7
       71185000	      7019	80008214	01a7e033	or	x0,x15,x26	 x15:0x00000000 x26:0x00000001  x0=0x00000000
       71195000	      7020	80008218	8549	c.srai	x10,0x12	 x10:0x80023ce4 x10=0xffffe000
       71205000	      7021	8000821a	df0a5e37	lui	x28,0xdf0a5	 x28=0xdf0a5000
       71215000	      7022	8000821e	0704	c.addi4spn	x9,x2,896	  x9=0x00000370
       71225000	      7023	80008220	057ff063	bgeu	x31,x23,80008260	 x31:0xfffff6ef x23:0x8001fe58
       71245000	      7025	80008260	009af333	and	x6,x21,x9	 x21:0x00000000  x9:0x00000370  x6=0x00000000
       71255000	      7026	80008264	02fa5c97	auipc	x25,0x2fa5	 x25=0x82fad264
       71265000	      7027	80008268	4e95	c.li	x29,5	 x29=0x00000005
       71275000	      7028	8000826a	c089	c.beqz	x9,8000826c	  x9:0x00000370
       71285000	      7029	8000826c	a5eba113	slti	x2,x23,-1442	 x23:0x8001fe58  x2=0x00000001
       71295000	      7030	80008270	beada193	slti	x3,x27,-1046	 x27:0x00000000  x3=0x00000000
       71305000	      7031	80008274	41b000b3	sub	x1,x0,x27	  x0:0x00000000 x27:0x00000000  x1=0x00000000
       71315000	      7032	80008278	03484c63	blt	x16,x20,800082b0	 x16:0x00009000 x20:0x00000000
       71325000	      7033	8000827c	ba3eb913	sltiu	x18,x29,-1117	 x29:0x00000005 x18=0x00000001
       71335000	      7034	80008280	43cd	c.li	x7,19	  x7=0x00000013
       71345000	      7035	80008282	417b5933	sra	x18,x22,x23	 x22:0x2c68a000 x23:0x8001fe58 x18=0x0000002c
       71355000	      7036	80008286	8f79	c.and	x14,x14	 x14:0x00000000 x14:0x00000000 x14=0x00000000
       71365000	      7037	80008288	41d75d93	srai	x27,x14,0x1d	 x14:0x00000000 x27=0x00000000
       71375000	      7038	8000828c	8f81	c.sub	x15,x8	 x15:0x00000000  x8:0xfffffb4d x15=0x000004b3
       71415000	      7042	8000828e	03339933	mulh	x18,x7,x19	  x7:0x00000013 x19:0x00000001 x18=0x00000000
       71425000	      7043	80008292	8c11	c.sub	x8,x12	  x8:0xfffffb4d x12:0x00000000  x8=0xfffffb4d
       71435000	      7044	80008294	0139f633	and	x12,x19,x19	 x19:0x00000001 x19:0x00000001 x12=0x00000001
       71805000	      7081	80008298	0373f133	remu	x2,x7,x23	  x7:0x00000013 x23:0x8001fe58  x2=0x00000013
       71815000	      7082	8000829c	8962	c.mv	x18,x24	  x0:0x00000000 x24:0x720570e8 x18=0x720570e8
       71825000	      7083	8000829e	8c11	c.sub	x8,x12	  x8:0xfffffb4d x12:0x00000001  x8=0xfffffb4c
       71835000	      7084	800082a0	8c51	c.or	x8,x12	  x8:0xfffffb4c x12:0x00000001  x8=0xfffffb4d
       72205000	      7121	800082a2	03115333	divu	x6,x2,x17	  x2:0x00000013 x17:0x00000017  x6=0x00000000
       72215000	      7122	800082a6	026e	c.slli	x4,0x1b	  x4:0x00000001  x4=0x08000000
       72225000	      7123	800082a8	0176afb3	slt	x31,x13,x23	 x13:0x80023ce4 x23:0x8001fe58 x31=0x00000000
       72235000	      7124	800082ac	0001	c.addi	x0,0	  x0:0x00000000  x0=0x00000000
       72245000	      7125	800082ae	0422	c.slli	x8,0x8	  x8:0xfffffb4d  x8=0xfffb4d00
       72255000	      7126	800082b0	6141	c.addi16sp	x2,16	  x2:0x00000013  x2=0x00000023
       72265000	      7127	800082b2	0144f433	and	x8,x9,x20	  x9:0x00000370 x20:0x00000000  x8=0x00000000
       72275000	      7128	800082b6	00b85133	srl	x2,x16,x11	 x16:0x00009000 x11:0xf1e8b1fd  x2=0x00000000
       72285000	      7129	800082ba	00218fb3	add	x31,x3,x2	  x3:0x00000000  x2:0x00000000 x31=0x00000000
       72295000	      7130	800082be	02506363	bltu	x0,x5,800082e4	  x0:0x00000000  x5:0x00000000
       72305000	      7131	800082c2	4d1dad93	slti	x27,x27,1233	 x27:0x00000000 x27=0x00000001
       72315000	      7132	800082c6	03e2e863	bltu	x5,x30,800082f6	  x5:0x00000000 x30:0xfffffc8e
       72335000	      7134	800082f6	0ae1	c.addi	x21,24	 x21:0x00000000 x21=0x00000018
       72345000	      7135	800082f8	ef9d	c.bnez	x15,80008336	 x15:0x000004b3
       72375000	      7138	80008336	0007ee33	or	x28,x15,x0	 x15:0x000004b3  x0:0x00000000 x28=0x000004b3
       72385000	      7139	8000833a	414504b3	sub	x9,x10,x20	 x10:0xffffe000 x20:0x00000000  x9=0xffffe000
       72395000	      7140	8000833e	0121fd33	and	x26,x3,x18	  x3:0x00000000 x18:0x720570e8 x26=0x00000000
       72405000	      7141	80008342	000e8db3	add	x27,x29,x0	 x29:0x00000005  x0:0x00000000 x27=0x00000005
       72415000	      7142	80008346	810a	c.mv	x2,x2	  x0:0x00000000  x2:0x00000000  x2=0x00000000
       72425000	      7143	80008348	8eaa	c.mv	x29,x10	  x0:0x00000000 x10:0xffffe000 x29=0xffffe000
       72435000	      7144	8000834a	0111bab3	sltu	x21,x3,x17	  x3:0x00000000 x17:0x00000017 x21=0x00000001
       72445000	      7145	8000834e	8c01	c.sub	x8,x8	  x8:0x00000000  x8:0x00000000  x8=0x00000000
       72455000	      7146	80008350	41200c33	sub	x24,x0,x18	  x0:0x00000000 x18:0x720570e8 x24=0x8dfa8f18
       72465000	      7147	80008354	0000100f	fence.i	
       72485000	      7149	80008358	6269	c.lui	x4,0x1a	  x4=0x0001a000
       72495000	      7150	8000835a	e3a9	c.bnez	x15,8000839c	 x15:0x000004b3
       72515000	      7152	8000839c	8739	c.srai	x14,0xe	 x14:0x00000000 x14=0x00000000
       72525000	      7153	8000839e	0a4a	c.slli	x20,0x12	 x20:0x00000000 x20=0x00000000
       72535000	      7154	800083a0	0001	c.addi	x0,0	  x0:0x00000000  x0=0x00000000
       72545000	      7155	800083a2	01bb5633	srl	x12,x22,x27	 x22:0x2c68a000 x27:0x00000005 x12=0x01634500
       72555000	      7156	800083a6	0001	c.addi	x0,0	  x0:0x00000000  x0=0x00000000
       72565000	      7157	800083a8	00b8ed33	or	x26,x17,x11	 x17:0x00000017 x11:0xf1e8b1fd x26=0xf1e8b1ff
       72575000	      7158	800083ac	88a1	c.andi	x9,8	  x9:0xffffe000  x9=0x00000000
       72585000	      7159	800083ae	0001	c.addi	x0,0	  x0:0x00000000  x0=0x00000000
       72625000	      7163	800083b0	032c3e33	mulhu	x28,x24,x18	 x24:0x8dfa8f18 x18:0x720570e8 x28=0x3f3c983b
       72635000	      7164	800083b4	0000100f	fence.i	
       72655000	      7166	800083b8	4a49	c.li	x20,18	 x20=0x00000012
       72665000	      7167	800083ba	0685ca63	blt	x11,x8,8000842e	 x11:0xf1e8b1fd  x8:0x00000000
       72695000	      7170	8000842e	012a1633	sll	x12,x20,x18	 x20:0x00000012 x18:0x720570e8 x12=0x00001200
       72705000	      7171	80008432	423d	c.li	x4,15	  x4=0x0000000f
       72715000	      7172	80008434	e885	c.bnez	x9,80008464	  x9:0x00000000
       72725000	      7173	80008436	03081163	bne	x16,x16,80008458	 x16:0x00009000 x16:0x00009000
       72735000	      7174	8000843a	6f91	c.lui	x31,0x4	 x31=0x00004000
       72765000	      7177	8000843c	02e28333	mul	x6,x5,x14	  x5:0x00000000 x14:0x00000000  x6=0x00000000
       72775000	      7178	80008440	2c1a3d13	sltiu	x26,x20,705	 x20:0x00000012 x26=0x00000001
       72785000	      7179	80008444	8f1d	c.sub	x14,x15	 x14:0x00000000 x15:0x000004b3 x14=0xfffffb4d
       72795000	      7180	80008446	717d	c.addi16sp	x2,-16	  x2:0x00000000  x2=0xfffffff0
       72805000	      7181	80008448	24153993	sltiu	x19,x10,577	 x10:0xffffe000 x19=0x00000000
       72815000	      7182	8000844c	019563b3	or	x7,x10,x25	 x10:0xffffe000 x25:0x82fad264  x7=0xfffff264
       72835000	      7184	80008450	0235c233	div	x4,x11,x3	 x11:0xf1e8b1fd  x3:0x00000000  x4=0xffffffff
       72845000	      7185	80008454	765e0993	addi	x19,x28,1893	 x28:0x3f3c983b x19=0x3f3c9fa0
       72855000	      7186	80008458	0001	c.addi	x0,0	  x0:0x00000000  x0=0x00000000
       72865000	      7187	8000845a	014df563	bgeu	x27,x20,80008464	 x27:0x00000005 x20:0x00000012
       72875000	      7188	8000845e	5d7d	c.li	x26,-1	 x26=0xffffffff
       72885000	      7189	80008460	0ff0000f	fence	iorw,iorw	
       72925000	      7193	80008464	02b62e33	mulhsu	x28,x12,x11	 x12:0x00001200 x11:0xf1e8b1fd x28=0x00001102
       72935000	      7194	80008468	cba44a93	xori	x21,x8,-838	  x8:0x00000000 x21=0xfffffcba
       72945000	      7195	8000846c	4ba22f17	auipc	x30,0x4ba22	 x30=0xcba2a46c
       72955000	      7196	80008470	171c	c.addi4spn	x15,x2,928	 x15=0x00000390
       72965000	      7197	80008472	7ac4b513	sltiu	x10,x9,1964	  x9:0x00000000 x10=0x00000001
       72975000	      7198	80008476	01ea7d33	and	x26,x20,x30	 x20:0x00000012 x30:0xcba2a46c x26=0x00000000
       73005000	      7201	8000847a	02b80e33	mul	x28,x16,x11	 x16:0x00009000 x11:0xf1e8b1fd x28=0xe41e5000
       73375000	      7238	8000847e	0248deb3	divu	x29,x17,x4	 x17:0x00000017  x4:0xffffffff x29=0x00000000
       73385000	      7239	80008482	00b1c3b3	xor	x7,x3,x11	  x3:0x00000000 x11:0xf1e8b1fd  x7=0xf1e8b1fd
       73395000	      7240	80008486	0028feb3	and	x29,x17,x2	 x17:0x00000017  x2:0xfffffff0 x29=0x00000010
       73405000	      7241	8000848a	00ebe3b3	or	x7,x23,x14	 x23:0x8001fe58 x14:0xfffffb4d  x7=0xffffff5d
       73415000	      7242	8000848e	3c8f2f13	slti	x30,x30,968	 x30:0xcba2a46c x30=0x00000001
       73425000	      7243	80008492	4e3aec37	lui	x24,0x4e3ae	 x24=0x4e3ae000
       73435000	      7244	80008496	013d7cb3	and	x25,x26,x19	 x26:0x00000000 x19:0x3f3c9fa0 x25=0x00000000
       73445000	      7245	8000849a	01b31413	slli	x8,x6,0x1b	  x6:0x00000000  x8=0x00000000
       73455000	      7246	8000849e	0ada	c.slli	x21,0x16	 x21:0xfffffcba x21=0x2e800000
       73495000	      7250	800084a0	0273bb33	mulhu	x22,x7,x7	  x7:0xffffff5d  x7:0xffffff5d x22=0xfffffeba
       73505000	      7251	800084a4	8e4d	c.or	x12,x11	 x12:0x00001200 x11:0xf1e8b1fd x12=0xf1e8b3fd
       73515000	      7252	800084a6	00bad533	srl	x10,x21,x11	 x21:0x2e800000 x11:0xf1e8b1fd x10=0x00000001
       73525000	      7253	800084aa	0001	c.addi	x0,0	  x0:0x00000000  x0=0x00000000
       73535000	      7254	800084ac	00b26633	or	x12,x4,x11	  x4:0xffffffff x11:0xf1e8b1fd x12=0xffffffff
       73545000	      7255	800084b0	01fcbf33	sltu	x30,x25,x31	 x25:0x00000000 x31:0x00004000 x30=0x00000001
       73555000	      7256	800084b4	9bfd	c.andi	x15,-1	 x15:0x00000390 x15=0x00000390
       73565000	      7257	800084b6	04f6	c.slli	x9,0x1d	  x9:0x00000000  x9=0x00000000
       73575000	      7258	800084b8	8321	c.srli	x14,0x8	 x14:0xfffffb4d x14=0x00fffffb
       73585000	      7259	800084ba	05864063	blt	x12,x24,800084fa	 x12:0xffffffff x24:0x4e3ae000
       73615000	      7262	800084fa	40ed8eb3	sub	x29,x27,x14	 x27:0x00000005 x14:0x00fffffb x29=0xff00000a
       73625000	      7263	800084fe	02837a63	bgeu	x6,x8,80008532	  x6:0x00000000  x8:0x00000000
       73645000	      7265	80008532	87dd	c.srai	x15,0x17	 x15:0x00000390 x15=0x00000000
       73655000	      7266	80008534	010b7433	and	x8,x22,x16	 x22:0xfffffeba x16:0x00009000  x8=0x00009000
       73665000	      7267	80008538	0072e463	bltu	x5,x7,80008540	  x5:0x00000000  x7:0xffffff5d
       73685000	      7269	80008540	8c15	c.sub	x8,x13	  x8:0x00009000 x13:0x80023ce4  x8=0x7ffe531c
       73695000	      7270	80008542	8cdd	c.or	x9,x15	  x9:0x00000000 x15:0x00000000  x9=0x00000000
       73705000	      7271	80008544	000c6263	bltu	x24,x0,80008548	 x24:0x4e3ae000  x0:0x00000000
       73715000	      7272	80008548	0009d433	srl	x8,x19,x0	 x19:0x3f3c9fa0  x0:0x00000000  x8=0x3f3c9fa0
       73725000	      7273	8000854c	d387c117	auipc	x2,0xd387c	  x2=0x5388454c
       73735000	      7274	80008550	0ff0000f	fence	iorw,iorw	
       73745000	      7275	80008554	01af6933	or	x18,x30,x26	 x30:0x00000001 x26:0x00000000 x18=0x00000001
       73755000	      7276	80008558	02466163	bltu	x12,x4,8000857a	 x12:0xffffffff  x4:0xffffffff
       73765000	      7277	8000855c	4088d933	sra	x18,x17,x8	 x17:0x00000017  x8:0x3f3c9fa0 x18=0x00000017
       73775000	      7278	80008560	5e7d	c.li	x28,-1	 x28=0xffffffff
       73785000	      7279	80008562	8cf9	c.and	x9,x14	  x9:0x00000000 x14:0x00fffffb  x9=0x00000000
       73795000	      7280	80008564	846d	c.srai	x8,0x1b	  x8:0x3f3c9fa0  x8=0x00000007
       73805000	      7281	80008566	00886033	or	x0,x16,x8	 x16:0x00009000  x8:0x00000007  x0=0x00000000
       73845000	      7285	8000856a	03939eb3	mulh	x29,x7,x25	  x7:0xffffff5d x25:0x00000000 x29=0x00000000
       73855000	      7286	8000856e	8a8e	c.mv	x21,x3	  x0:0x00000000  x3:0x00000000 x21=0x00000000
       73865000	      7287	80008570	03b3e463	bltu	x7,x27,80008598	  x7:0xffffff5d x27:0x00000005
       73875000	      7288	80008574	b8ad2f93	slti	x31,x26,-1142	 x26:0x00000000 x31=0x00000000
       73885000	      7289	80008578	8065	c.srli	x8,0x19	  x8:0x00000007  x8=0x00000000
       74255000	      7326	8000857a	02234b33	div	x22,x6,x2	  x6:0x00000000  x2:0x5388454c x22=0x00000000
       74295000	      7330	8000857e	0331b733	mulhu	x14,x3,x19	  x3:0x00000000 x19:0x3f3c9fa0 x14=0x00000000
       74305000	      7331	80008582	00d490b3	sll	x1,x9,x13	  x9:0x00000000 x13:0x80023ce4  x1=0x00000000
       74315000	      7332	80008586	8261	c.srli	x12,0x18	 x12:0xffffffff x12=0x000000ff
       74325000	      7333	80008588	03097563	bgeu	x18,x16,800085b2	 x18:0x00000017 x16:0x00009000
       74335000	      7334	8000858c	019b5b13	srli	x22,x22,0x19	 x22:0x00000000 x22=0x00000000
       74345000	      7335	80008590	03095a63	bge	x18,x16,800085c4	 x18:0x00000017 x16:0x00009000
       74355000	      7336	80008594	8fa5	c.xor	x15,x9	 x15:0x00000000  x9:0x00000000 x15=0x00000000
       74365000	      7337	80008596	8129	c.srli	x10,0xa	 x10:0x00000001 x10=0x00000000
       74375000	      7338	80008598	01cb7633	and	x12,x22,x28	 x22:0x00000000 x28:0xffffffff x12=0x00000000
       74385000	      7339	8000859c	00309713	slli	x14,x1,0x3	  x1:0x00000000 x14=0x00000000
       74425000	      7343	800085a0	039824b3	mulhsu	x9,x16,x25	 x16:0x00009000 x25:0x00000000  x9=0x00000000
       74435000	      7344	800085a4	8cd5	c.or	x9,x13	  x9:0x00000000 x13:0x80023ce4  x9=0x80023ce4
       74445000	      7345	800085a6	8f09	c.sub	x14,x10	 x14:0x00000000 x10:0x00000000 x14=0x00000000
       74455000	      7346	800085a8	0de6	c.slli	x27,0x19	 x27:0x00000005 x27=0x0a000000
       74465000	      7347	800085aa	01511a63	bne	x2,x21,800085be	  x2:0x5388454c x21:0x00000000
       74525000	      7353	800085be	03a23cb3	mulhu	x25,x4,x26	  x4:0xffffffff x26:0x00000000 x25=0x00000000
       74535000	      7354	800085c2	0001	c.addi	x0,0	  x0:0x00000000  x0=0x00000000
       74565000	      7357	800085c4	03e58433	mul	x8,x11,x30	 x11:0xf1e8b1fd x30:0x00000001  x8=0xf1e8b1fd
       74575000	      7358	800085c8	0001	c.addi	x0,0	  x0:0x00000000  x0=0x00000000
       74585000	      7359	800085ca	8e19	c.sub	x12,x14	 x12:0x00000000 x14:0x00000000 x12=0x00000000
       74595000	      7360	800085cc	c38d	c.beqz	x15,800085ee	 x15:0x00000000
       74655000	      7366	800085ee	02622e33	mulhsu	x28,x4,x6	  x4:0xffffffff  x6:0x00000000 x28=0x00000000
       74665000	      7367	800085f2	011250b3	srl	x1,x4,x17	  x4:0xffffffff x17:0x00000017  x1=0x000001ff
       74705000	      7371	800085f6	027492b3	mulh	x5,x9,x7	  x9:0x80023ce4  x7:0xffffff5d  x5=0x00000051
       74715000	      7372	800085fa	4145	c.li	x2,17	  x2=0x00000011
       74725000	      7373	800085fc	01cbd9b3	srl	x19,x23,x28	 x23:0x8001fe58 x28:0x00000000 x19=0x8001fe58
       74735000	      7374	80008600	4a21ce13	xori	x28,x3,1186	  x3:0x00000000 x28=0x000004a2
       74745000	      7375	80008604	0ff0000f	fence	iorw,iorw	
       74755000	      7376	80008608	59fd	c.li	x19,-1	 x19=0xffffffff
       74765000	      7377	8000860a	008b6c63	bltu	x22,x8,80008622	 x22:0x00000000  x8:0xf1e8b1fd
       74785000	      7379	80008622	6121	c.addi16sp	x2,64	  x2:0x00000011  x2=0x00000051
       74795000	      7380	80008624	0000100f	fence.i	
       74815000	      7382	80008628	8b89	c.andi	x15,2	 x15:0x00000000 x15=0x00000000
       74825000	      7383	8000862a	02f6dd63	bge	x13,x15,80008664	 x13:0x80023ce4 x15:0x00000000
       74835000	      7384	8000862e	40e28433	sub	x8,x5,x14	  x5:0x00000051 x14:0x00000000  x8=0x00000051
       74845000	      7385	80008632	01bf8eb3	add	x29,x31,x27	 x31:0x00000000 x27:0x0a000000 x29=0x0a000000
       74855000	      7386	80008636	98fd	c.andi	x9,-1	  x9:0x80023ce4  x9=0x80023ce4
       74865000	      7387	80008638	e319	c.bnez	x14,8000863e	 x14:0x00000000
       74875000	      7388	8000863a	8fc1	c.or	x15,x8	 x15:0x00000000  x8:0x00000051 x15=0x00000051
       74885000	      7389	8000863c	9d5e	c.add	x26,x23	 x26:0x00000000 x23:0x8001fe58 x26=0x8001fe58
       74895000	      7390	8000863e	82ee	c.mv	x5,x27	  x0:0x00000000 x27:0x0a000000  x5=0x0a000000
       74905000	      7391	80008640	02645463	bge	x8,x6,80008668	  x8:0x00000051  x6:0x00000000
       74925000	      7393	80008668	1290	c.addi4spn	x12,x2,352	 x12=0x000001b1
       74935000	      7394	8000866a	8ca9	c.xor	x9,x10	  x9:0x80023ce4 x10:0x00000000  x9=0x80023ce4
       75305000	      7431	8000866c	037af3b3	remu	x7,x21,x23	 x21:0x00000000 x23:0x8001fe58  x7=0x00000000
       75315000	      7432	80008670	03e1f963	bgeu	x3,x30,800086a2	  x3:0x00000000 x30:0x00000001
       75325000	      7433	80008674	8801	c.andi	x8,0	  x8:0x00000051  x8=0x00000000
       75335000	      7434	80008676	0ff0000f	fence	iorw,iorw	
       75375000	      7438	8000867a	037b2f33	mulhsu	x30,x22,x23	 x22:0x00000000 x23:0x8001fe58 x30=0x00000000
       75385000	      7439	8000867e	8c11	c.sub	x8,x12	  x8:0x00000000 x12:0x000001b1  x8=0xfffffe4f
       75395000	      7440	80008680	8be9	c.andi	x15,26	 x15:0x00000051 x15=0x00000010
       75405000	      7441	80008682	88677f13	andi	x30,x14,-1914	 x14:0x00000000 x30=0x00000000
       75415000	      7442	80008686	01b46eb3	or	x29,x8,x27	  x8:0xfffffe4f x27:0x0a000000 x29=0xfffffe4f
       75425000	      7443	8000868a	01815ab3	srl	x21,x2,x24	  x2:0x00000051 x24:0x4e3ae000 x21=0x00000051
       75435000	      7444	8000868e	01af7e33	and	x28,x30,x26	 x30:0x00000000 x26:0x8001fe58 x28=0x00000000
       75805000	      7481	80008692	03ddcfb3	div	x31,x27,x29	 x27:0x0a000000 x29:0xfffffe4f x31=0xfffa1678
       75845000	      7485	80008696	0267bfb3	mulhu	x31,x15,x6	 x15:0x00000010  x6:0x00000000 x31=0x00000000
       75855000	      7486	8000869a	03c05163	bge	x0,x28,800086bc	  x0:0x00000000 x28:0x00000000
       75875000	      7488	800086bc	45c53e93	sltiu	x29,x10,1116	 x10:0x00000000 x29=0x00000001
       75885000	      7489	800086c0	8c8d	c.sub	x9,x11	  x9:0x80023ce4 x11:0xf1e8b1fd  x9=0x8e198ae7
       75895000	      7490	800086c2	14050493	addi	x9,x10,320	 x10:0x00000000  x9=0x00000140
       75905000	      7491	800086c6	00d65293	srli	x5,x12,0xd	 x12:0x000001b1  x5=0x00000000
       75915000	      7492	800086ca	1efd	c.addi	x29,-1	 x29:0x00000001 x29=0x00000000
       75955000	      7496	800086cc	0340b033	mulhu	x0,x1,x20	  x1:0x000001ff x20:0x00000012  x0=0x00000000
       75965000	      7497	800086d0	00640e63	beq	x8,x6,800086ec	  x8:0xfffffe4f  x6:0x00000000
       75975000	      7498	800086d4	8635	c.srai	x12,0xd	 x12:0x000001b1 x12=0x00000000
       75985000	      7499	800086d6	004e59b3	srl	x19,x28,x4	 x28:0x00000000  x4:0xffffffff x19=0x00000000
       75995000	      7500	800086da	4c5d	c.li	x24,23	 x24=0x00000017
       76005000	      7501	800086dc	ca5a8413	addi	x8,x21,-859	 x21:0x00000051  x8=0xfffffcf6
       76025000	      7503	800086e0	02076733	rem	x14,x14,x0	 x14:0x00000000  x0:0x00000000 x14=0x00000000
       76035000	      7504	800086e4	0000100f	fence.i	
       76055000	      7506	800086e8	0146eb33	or	x22,x13,x20	 x13:0x80023ce4 x20:0x00000012 x22=0x80023cf6
       76075000	      7508	800086ec	03ca4733	div	x14,x20,x28	 x20:0x00000012 x28:0x00000000 x14=0xffffffff
       76085000	      7509	800086f0	9330c393	xori	x7,x1,-1741	  x1:0x000001ff  x7=0xfffff8cc
       76095000	      7510	800086f4	0001	c.addi	x0,0	  x0:0x00000000  x0=0x00000000
       76105000	      7511	800086f6	036a4263	blt	x20,x22,8000871a	 x20:0x00000012 x22:0x80023cf6
       76145000	      7515	800086fa	0223b933	mulhu	x18,x7,x2	  x7:0xfffff8cc  x2:0x00000051 x18=0x00000050
       76155000	      7516	800086fe	0001	c.addi	x0,0	  x0:0x00000000  x0=0x00000000
       76165000	      7517	80008700	00a57f63	bgeu	x10,x10,8000871e	 x10:0x00000000 x10:0x00000000
       76185000	      7519	8000871e	8c81	c.sub	x9,x8	  x9:0x00000140  x8:0xfffffcf6  x9=0x0000044a
       76195000	      7520	80008720	0001	c.addi	x0,0	  x0:0x00000000  x0=0x00000000
       76205000	      7521	80008722	041e	c.slli	x8,0x7	  x8:0xfffffcf6  x8=0xfffe7b00
       76215000	      7522	80008724	0149c263	blt	x19,x20,80008728	 x19:0x00000000 x20:0x00000012
       76235000	      7524	80008728	0ff0000f	fence	iorw,iorw	
       76245000	      7525	8000872c	010a5d93	srli	x27,x20,0x10	 x20:0x00000012 x27=0x00000000
       76255000	      7526	80008730	8cf9	c.and	x9,x14	  x9:0x0000044a x14:0xffffffff  x9=0x0000044a
       76265000	      7527	80008732	22796b13	ori	x22,x18,551	 x18:0x00000050 x22=0x00000277
       76275000	      7528	80008736	8464f293	andi	x5,x9,-1978	  x9:0x0000044a  x5=0x00000042
       76285000	      7529	8000873a	414f5793	srai	x15,x30,0x14	 x30:0x00000000 x15=0x00000000
       76295000	      7530	8000873e	059ed063	bge	x29,x25,8000877e	 x29:0x00000000 x25:0x00000000
       76315000	      7532	8000877e	08e6	c.slli	x17,0x19	 x17:0x00000017 x17=0x2e000000
       76325000	      7533	80008780	9bfd	c.andi	x15,-1	 x15:0x00000000 x15=0x00000000
       76335000	      7534	80008782	0f21	c.addi	x30,8	 x30:0x00000000 x30=0x00000008
       76355000	      7536	80008784	02af5cb3	divu	x25,x30,x10	 x30:0x00000008 x10:0x00000000 x25=0xffffffff
       76365000	      7537	80008788	02cc5e63	bge	x24,x12,800087c4	 x24:0x00000017 x12:0x00000000
       76385000	      7539	800087c4	02cb8663	beq	x23,x12,800087f0	 x23:0x8001fe58 x12:0x00000000
       76395000	      7540	800087c8	40058333	sub	x6,x11,x0	 x11:0xf1e8b1fd  x0:0x00000000  x6=0xf1e8b1fd
       76765000	      7577	800087cc	0349ffb3	remu	x31,x19,x20	 x19:0x00000000 x20:0x00000012 x31=0x00000000
       76775000	      7578	800087d0	008ded63	bltu	x27,x8,800087ea	 x27:0x00000000  x8:0xfffe7b00
       76805000	      7581	800087ea	41b80d33	sub	x26,x16,x27	 x16:0x00009000 x27:0x00000000 x26=0x00009000
       76815000	      7582	800087ee	0001	c.addi	x0,0	  x0:0x00000000  x0=0x00000000
       76855000	      7586	800087f0	0314a2b3	mulhsu	x5,x9,x17	  x9:0x0000044a x17:0x2e000000  x5=0x000000c5
       76865000	      7587	800087f4	9b06	c.add	x22,x1	 x22:0x00000277  x1:0x000001ff x22=0x00000476
       76875000	      7588	800087f6	01fc6e33	or	x28,x24,x31	 x24:0x00000017 x31:0x00000000 x28=0x00000017
       76915000	      7592	800087fa	03ba1333	mulh	x6,x20,x27	 x20:0x00000012 x27:0x00000000  x6=0x00000000
       76925000	      7593	800087fe	587d	c.li	x16,-1	 x16=0xffffffff
       76935000	      7594	80008800	6110e613	ori	x12,x1,1553	  x1:0x000001ff x12=0x000007ff
       76945000	      7595	80008804	a9e5ed93	ori	x27,x11,-1378	 x11:0xf1e8b1fd x27=0xfffffbff
       76975000	      7598	80008808	03340833	mul	x16,x8,x19	  x8:0xfffe7b00 x19:0x00000000 x16=0x00000000
       76985000	      7599	8000880c	40b00b33	sub	x22,x0,x11	  x0:0x00000000 x11:0xf1e8b1fd x22=0x0e174e03
       76995000	      7600	80008810	8d45	c.or	x10,x9	 x10:0x00000000  x9:0x0000044a x10=0x0000044a
       77005000	      7601	80008812	6e61aa93	slti	x21,x3,1766	  x3:0x00000000 x21=0x00000001
       77015000	      7602	80008816	0001	c.addi	x0,0	  x0:0x00000000  x0=0x00000000
       77025000	      7603	80008818	415ad7b3	sra	x15,x21,x21	 x21:0x00000001 x21:0x00000001 x15=0x00000000
       77035000	      7604	8000881c	038cfc63	bgeu	x25,x24,80008854	 x25:0xffffffff x24:0x00000017
       77055000	      7606	80008854	00a31d63	bne	x6,x10,8000886e	  x6:0x00000000 x10:0x0000044a
       77075000	      7608	8000886e	9196	c.add	x3,x5	  x3:0x00000000  x5:0x000000c5  x3=0x000000c5
       77085000	      7609	80008870	40ac6713	ori	x14,x24,1034	 x24:0x00000017 x14=0x0000041f
       77095000	      7610	80008874	01bb82b3	add	x5,x23,x27	 x23:0x8001fe58 x27:0xfffffbff  x5=0x8001fa57
       77105000	      7611	80008878	01ca9f13	slli	x30,x21,0x1c	 x21:0x00000001 x30=0x10000000
       77115000	      7612	8000887c	00ee9513	slli	x10,x29,0xe	 x29:0x00000000 x10=0x00000000
       77135000	      7614	80008880	033cd3b3	divu	x7,x25,x19	 x25:0xffffffff x19:0x00000000  x7=0xffffffff
       77145000	      7615	80008884	01ffdc33	srl	x24,x31,x31	 x31:0x00000000 x31:0x00000000 x24=0x00000000
       77155000	      7616	80008888	0168a3b3	slt	x7,x17,x22	 x17:0x2e000000 x22:0x0e174e03  x7=0x00000000
       77525000	      7653	8000888c	036ec933	div	x18,x29,x22	 x29:0x00000000 x22:0x0e174e03 x18=0x00000000
       77535000	      7654	80008890	0283ce63	blt	x7,x8,800088cc	  x7:0x00000000  x8:0xfffe7b00
       77555000	      7656	80008894	032477b3	remu	x15,x8,x18	  x8:0xfffe7b00 x18:0x00000000 x15=0xfffe7b00
       77565000	      7657	80008898	4149da33	sra	x20,x19,x20	 x19:0x00000000 x20:0x00000012 x20=0x00000000
       77585000	      7659	8000889c	032be133	rem	x2,x23,x18	 x23:0x8001fe58 x18:0x00000000  x2=0x8001fe58
       77595000	      7660	800088a0	997d	c.andi	x10,-1	 x10:0x00000000 x10=0x00000000
       77605000	      7661	800088a2	80ce	c.mv	x1,x19	  x0:0x00000000 x19:0x00000000  x1=0x00000000
       77975000	      7698	800088a4	02244a33	div	x20,x8,x2	  x8:0xfffe7b00  x2:0x8001fe58 x20=0x00000000
       78015000	      7702	800088a8	0288b933	mulhu	x18,x17,x8	 x17:0x2e000000  x8:0xfffe7b00 x18=0x2dffba1a
       78055000	      7706	800088ac	03652fb3	mulhsu	x31,x10,x22	 x10:0x00000000 x22:0x0e174e03 x31=0x00000000
       78065000	      7707	800088b0	8ce9	c.and	x9,x10	  x9:0x0000044a x10:0x00000000  x9=0x00000000
       78435000	      7744	800088b2	023ec233	div	x4,x29,x3	 x29:0x00000000  x3:0x000000c5  x4=0x00000000
       78445000	      7745	800088b6	8d41	c.or	x10,x8	 x10:0x00000000  x8:0xfffe7b00 x10=0xfffe7b00
       78455000	      7746	800088b8	00a92533	slt	x10,x18,x10	 x18:0x2dffba1a x10:0xfffe7b00 x10=0x00000000
       78465000	      7747	800088bc	0d08	c.addi4spn	x10,x2,656	 x10=0x800200e8
       78475000	      7748	800088be	8255	c.srli	x12,0x15	 x12:0x000007ff x12=0x00000000
       78485000	      7749	800088c0	68023813	sltiu	x16,x4,1664	  x4:0x00000000 x16=0x00000001
       78495000	      7750	800088c4	6125	c.addi16sp	x2,96	  x2:0x8001fe58  x2=0x8001feb8
       78505000	      7751	800088c6	0001	c.addi	x0,0	  x0:0x00000000  x0=0x00000000
       78545000	      7755	800088c8	03d19a33	mulh	x20,x3,x29	  x3:0x000000c5 x29:0x00000000 x20=0x00000000
       78555000	      7756	800088cc	401dd833	sra	x16,x27,x1	 x27:0xfffffbff  x1:0x00000000 x16=0xfffffbff
       78565000	      7757	800088d0	41710c33	sub	x24,x2,x23	  x2:0x8001feb8 x23:0x8001fe58 x24=0x00000060
       78575000	      7758	800088d4	01d50c33	add	x24,x10,x29	 x10:0x800200e8 x29:0x00000000 x24=0x800200e8
       78585000	      7759	800088d8	83c9	c.srli	x15,0x12	 x15:0xfffe7b00 x15=0x00003fff
       78605000	      7761	800088da	0248d2b3	divu	x5,x17,x4	 x17:0x2e000000  x4:0x00000000  x5=0xffffffff
       78615000	      7762	800088de	014b1433	sll	x8,x22,x20	 x22:0x0e174e03 x20:0x00000000  x8=0x0e174e03
       78625000	      7763	800088e2	b4d84493	xori	x9,x16,-1203	 x16:0xfffffbff  x9=0x000000b2
       78635000	      7764	800088e6	00f24933	xor	x18,x4,x15	  x4:0x00000000 x15:0x00003fff x18=0x00003fff
       78645000	      7765	800088ea	017771b3	and	x3,x14,x23	 x14:0x0000041f x23:0x8001fe58  x3=0x00000418
       78655000	      7766	800088ee	8d25	c.xor	x10,x9	 x10:0x800200e8  x9:0x000000b2 x10=0x8002005a
       78685000	      7769	800088f0	03da8b33	mul	x22,x21,x29	 x21:0x00000001 x29:0x00000000 x22=0x00000000
       78695000	      7770	800088f4	9992	c.add	x19,x4	 x19:0x00000000  x4:0x00000000 x19=0x00000000
       78715000	      7772	800088f6	0347eb33	rem	x22,x15,x20	 x15:0x00003fff x20:0x00000000 x22=0x00003fff
       78725000	      7773	800088fa	0504	c.addi4spn	x9,x2,640	  x9=0x80020138
       78735000	      7774	800088fc	e715	c.bnez	x14,80008928	 x14:0x0000041f
       79115000	      7812	80008928	0369cb33	div	x22,x19,x22	 x19:0x00000000 x22:0x00003fff x22=0x00000000
       79125000	      7813	8000892c	48b9	c.li	x17,14	 x17=0x0000000e
       79135000	      7814	8000892e	1398	c.addi4spn	x14,x2,480	 x14=0x80020098
       79145000	      7815	80008930	c6312913	slti	x18,x2,-925	  x2:0x8001feb8 x18=0x00000001
       79155000	      7816	80008934	e54acc17	auipc	x24,0xe54ac	 x24=0x654b4934
       79165000	      7817	80008938	021e	c.slli	x4,0x7	  x4:0x00000000  x4=0x00000000
       79175000	      7818	8000893a	e705	c.bnez	x14,80008962	 x14:0x80020098
       79205000	      7821	80008962	0148d613	srli	x12,x17,0x14	 x17:0x0000000e x12=0x00000000
       79215000	      7822	80008966	876e	c.mv	x14,x27	  x0:0x00000000 x27:0xfffffbff x14=0xfffffbff
       79225000	      7823	80008968	f710a197	auipc	x3,0xf710a	  x3=0x77112968
       79235000	      7824	8000896c	6951	c.lui	x18,0x14	 x18=0x00014000
       79605000	      7861	8000896e	031d51b3	divu	x3,x26,x17	 x26:0x00009000 x17:0x0000000e  x3=0x00000a49
       79615000	      7862	80008972	01c26763	bltu	x4,x28,80008980	  x4:0x00000000 x28:0x00000017
       79635000	      7864	80008980	019fba33	sltu	x20,x31,x25	 x31:0x00000000 x25:0xffffffff x20=0x00000001
       79675000	      7868	80008984	021837b3	mulhu	x15,x16,x1	 x16:0xfffffbff  x1:0x00000000 x15=0x00000000
       79685000	      7869	80008988	40a35913	srai	x18,x6,0xa	  x6:0x00000000 x18=0x00000000
       79695000	      7870	8000898c	8f15	c.sub	x14,x13	 x14:0xfffffbff x13:0x80023ce4 x14=0x7ffdbf1b
       79705000	      7871	8000898e	40d70cb3	sub	x25,x14,x13	 x14:0x7ffdbf1b x13:0x80023ce4 x25=0xfffb8237
       79715000	      7872	80008992	ea21	c.bnez	x12,800089e2	 x12:0x00000000
       79725000	      7873	80008994	fd071c17	auipc	x24,0xfd071	 x24=0x7d079994
       79735000	      7874	80008998	000b6633	or	x12,x22,x0	 x22:0x00000000  x0:0x00000000 x12=0x00000000
       79745000	      7875	8000899c	8891	c.andi	x9,4	  x9:0x80020138  x9=0x00000000
       79755000	      7876	8000899e	0587db63	bge	x15,x24,800089f4	 x15:0x00000000 x24:0x7d079994
       79765000	      7877	800089a2	582c6893	ori	x17,x24,1410	 x24:0x7d079994 x17=0x7d079d96
       79785000	      7879	800089a6	03d1c1b3	div	x3,x3,x29	  x3:0x00000a49 x29:0x00000000  x3=0xffffffff
       79795000	      7880	800089aa	00a000ef	jal	x1,800089b4	  x1=0x800089ae
       79815000	      7882	800089b4	0080036f	jal	x6,800089bc	  x6=0x800089b8
       79835000	      7884	800089bc	2811	c.jal	800089d0	  x1=0x800089be
       79855000	      7886	800089d0	37c5	c.jal	800089b0	  x1=0x800089d2
       79875000	      7888	800089b0	200d	c.jal	800089d2	  x1=0x800089b2
       79895000	      7890	800089d2	bfd5	c.j	800089c6	
       79925000	      7893	800089c6	ffdff2ef	jal	x5,800089c2	  x5=0x800089ca
       79945000	      7895	800089c2	a021	c.j	800089ca	
       79965000	      7897	800089ca	b7e5	c.j	800089b2	
       79985000	      7899	800089b2	bff5	c.j	800089ae	
       80005000	      7901	800089ae	2839	c.jal	800089cc	  x1=0x800089b0
       80025000	      7903	800089cc	bfcd	c.j	800089be	
       80055000	      7906	800089be	010000ef	jal	x1,800089ce	  x1=0x800089c2
       80075000	      7908	800089ce	3fdd	c.jal	800089c4	  x1=0x800089d0
       80095000	      7910	800089c4	a801	c.j	800089d4	
       80115000	      7912	800089d4	fe5ff36f	jal	x6,800089b8	  x6=0x800089d8
       80135000	      7914	800089b8	a009	c.j	800089ba	
       80155000	      7916	800089ba	a839	c.j	800089d8	
       80175000	      7918	800089d8	00bcc633	xor	x12,x25,x11	 x25:0xfffb8237 x11:0xf1e8b1fd x12=0x0e1333ca
       80185000	      7919	800089dc	8571	c.srai	x10,0x1c	 x10:0x8002005a x10=0xfffffff8
       80195000	      7920	800089de	0ff0000f	fence	iorw,iorw	
       80205000	      7921	800089e2	02641963	bne	x8,x6,80008a14	  x8:0x0e174e03  x6:0x800089d8
       80225000	      7923	80008a14	8f99	c.sub	x15,x14	 x15:0x00000000 x14:0x7ffdbf1b x15=0x800240e5
       80235000	      7924	80008a16	0ff0000f	fence	iorw,iorw	
       80245000	      7925	80008a1a	0000100f	fence.i	
       80275000	      7928	80008a1e	418a0333	sub	x6,x20,x24	 x20:0x00000001 x24:0x7d079994  x6=0x82f8666d
       80285000	      7929	80008a22	01139cb3	sll	x25,x7,x17	  x7:0x00000000 x17:0x7d079d96 x25=0x00000000
       80315000	      7932	80008a26	02ab0cb3	mul	x25,x22,x10	 x22:0x00000000 x10:0xfffffff8 x25=0x00000000
       80355000	      7936	80008a2a	035b2033	mulhsu	x0,x22,x21	 x22:0x00000000 x21:0x00000001  x0=0x00000000
       80725000	      7973	80008a2e	025372b3	remu	x5,x6,x5	  x6:0x82f8666d  x5:0x800089ca  x5=0x02f7dca3
       80735000	      7974	80008a32	c781	c.beqz	x15,80008a3a	 x15:0x800240e5
       80745000	      7975	80008a34	60b9	c.lui	x1,0xe	  x1=0x0000e000
       80755000	      7976	80008a36	921ef393	andi	x7,x29,-1759	 x29:0x00000000  x7=0x00000000
       80765000	      7977	80008a3a	88d1	c.andi	x9,20	  x9:0x00000000  x9=0x00000000
       80775000	      7978	80008a3c	bed47213	andi	x4,x8,-1043	  x8:0x0e174e03  x4=0x0e174a01
       80785000	      7979	80008a40	6b6d	c.lui	x22,0x1b	 x22=0x0001b000
       80795000	      7980	80008a42	00dd2e33	slt	x28,x26,x13	 x26:0x00009000 x13:0x80023ce4 x28=0x00000000
       80805000	      7981	80008a46	014ae1b3	or	x3,x21,x20	 x21:0x00000001 x20:0x00000001  x3=0x00000001
       80815000	      7982	80008a4a	0001	c.addi	x0,0	  x0:0x00000000  x0=0x00000000
       80825000	      7983	80008a4c	a7c25417	auipc	x8,0xa7c25	  x8=0x27c2da4c
       80835000	      7984	80008a50	715a1d37	lui	x26,0x715a1	 x26=0x715a1000
       80845000	      7985	80008a54	5d406f13	ori	x30,x0,1492	  x0:0x00000000 x30=0x000005d4
       80855000	      7986	80008a58	0098ce63	blt	x17,x9,80008a74	 x17:0x7d079d96  x9:0x00000000
       80865000	      7987	80008a5c	af462a93	slti	x21,x12,-1292	 x12:0x0e1333ca x21=0x00000000
       80875000	      7988	80008a60	8c09	c.sub	x8,x10	  x8:0x27c2da4c x10:0xfffffff8  x8=0x27c2da54
       80885000	      7989	80008a62	b9743a93	sltiu	x21,x8,-1129	  x8:0x27c2da54 x21=0x00000001
       80895000	      7990	80008a66	41f95fb3	sra	x31,x18,x31	 x18:0x00000000 x31:0x00000000 x31=0x00000000
       80905000	      7991	80008a6a	408d5c33	sra	x24,x26,x8	 x26:0x715a1000  x8:0x27c2da54 x24=0x00000715
       80915000	      7992	80008a6e	83f5	c.srli	x15,0x1d	 x15:0x800240e5 x15=0x00000004
       80925000	      7993	80008a70	d2892e13	slti	x28,x18,-728	 x18:0x00000000 x28=0x00000000
       80935000	      7994	80008a74	005403b3	add	x7,x8,x5	  x8:0x27c2da54  x5:0x02f7dca3  x7=0x2abab6f7
       80945000	      7995	80008a78	00a15db3	srl	x27,x2,x10	  x2:0x8001feb8 x10:0xfffffff8 x27=0x00000080
       80955000	      7996	80008a7c	45d67993	andi	x19,x12,1117	 x12:0x0e1333ca x19=0x00000048
       80965000	      7997	80008a80	0001	c.addi	x0,0	  x0:0x00000000  x0=0x00000000
       80975000	      7998	80008a82	005fc0b3	xor	x1,x31,x5	 x31:0x00000000  x5:0x02f7dca3  x1=0x02f7dca3
       80985000	      7999	80008a86	9a7d	c.andi	x12,-1	 x12:0x0e1333ca x12=0x0e1333ca
       81355000	      8036	80008a88	034bfa33	remu	x20,x23,x20	 x23:0x8001fe58 x20:0x00000001 x20=0x00000000
       81365000	      8037	80008a8c	00ca6cb3	or	x25,x20,x12	 x20:0x00000000 x12:0x0e1333ca x25=0x0e1333ca
       81375000	      8038	80008a90	30c63e93	sltiu	x29,x12,780	 x12:0x0e1333ca x29=0x00000000
       81385000	      8039	80008a94	00f77563	bgeu	x14,x15,80008a9e	 x14:0x7ffdbf1b x15:0x00000004
       81415000	      8042	80008a9e	6879ff93	andi	x31,x19,1671	 x19:0x00000048 x31=0x00000000
       81455000	      8046	80008aa2	030339b3	mulhu	x19,x6,x16	  x6:0x82f8666d x16:0xfffffbff x19=0x82f86460
       81465000	      8047	80008aa6	99e6	c.add	x19,x25	 x19:0x82f86460 x25:0x0e1333ca x19=0x910b982a
       81835000	      8084	80008aa8	026e4ab3	div	x21,x28,x6	 x28:0x00000000  x6:0x82f8666d x21=0x00000000
       81845000	      8085	80008aac	0001	c.addi	x0,0	  x0:0x00000000  x0=0x00000000
       81855000	      8086	80008aae	039d4d63	blt	x26,x25,80008ae8	 x26:0x715a1000 x25:0x0e1333ca
       81865000	      8087	80008ab2	0001	c.addi	x0,0	  x0:0x00000000  x0=0x00000000
       81875000	      8088	80008ab4	8f45	c.or	x14,x9	 x14:0x7ffdbf1b  x9:0x00000000 x14=0x7ffdbf1b
       81885000	      8089	80008ab6	40d151b3	sra	x3,x2,x13	  x2:0x8001feb8 x13:0x80023ce4  x3=0xf8001feb
       81915000	      8092	80008aba	030d8133	mul	x2,x27,x16	 x27:0x00000080 x16:0xfffffbff  x2=0xfffdff80
       81925000	      8093	80008abe	8f35	c.xor	x14,x13	 x14:0x7ffdbf1b x13:0x80023ce4 x14=0xffff83ff
       81935000	      8094	80008ac0	6469	c.lui	x8,0x1a	  x8=0x0001a000
       81945000	      8095	80008ac2	937a	c.add	x6,x30	  x6:0x82f8666d x30:0x000005d4  x6=0x82f86c41
       81955000	      8096	80008ac4	00aabe13	sltiu	x28,x21,10	 x21:0x00000000 x28=0x00000001
       81995000	      8100	80008ac8	02d3b1b3	mulhu	x3,x7,x13	  x7:0x2abab6f7 x13:0x80023ce4  x3=0x155dbb1a
       82005000	      8101	80008acc	03ef5163	bge	x30,x30,80008aee	 x30:0x000005d4 x30:0x000005d4
       82395000	      8140	80008aee	03aef733	remu	x14,x29,x26	 x29:0x00000000 x26:0x715a1000 x14=0x00000000
       82405000	      8141	80008af2	8d31	c.xor	x10,x12	 x10:0xfffffff8 x12:0x0e1333ca x10=0xf1eccc32
       82415000	      8142	80008af4	704ac213	xori	x4,x21,1796	 x21:0x00000000  x4=0x00000704
       82425000	      8143	80008af8	00919e13	slli	x28,x3,0x9	  x3:0x155dbb1a x28=0xbb763400
       82435000	      8144	80008afc	0000100f	fence.i	
       82455000	      8146	80008b00	00e538b3	sltu	x17,x10,x14	 x10:0xf1eccc32 x14:0x00000000 x17=0x00000000
       82465000	      8147	80008b04	019d93b3	sll	x7,x27,x25	 x27:0x00000080 x25:0x0e1333ca  x7=0x00020000
       82475000	      8148	80008b08	0ff0000f	fence	iorw,iorw	
       82485000	      8149	80008b0c	0000100f	fence.i	
       82865000	      8187	80008b10	03e46fb3	rem	x31,x8,x30	  x8:0x0001a000 x30:0x000005d4 x31=0x00000234
       83235000	      8224	80008b14	03b35b33	divu	x22,x6,x27	  x6:0x82f86c41 x27:0x00000080 x22=0x0105f0d8
       83245000	      8225	80008b18	00fe74b3	and	x9,x28,x15	 x28:0xbb763400 x15:0x00000004  x9=0x00000000
       83275000	      8228	80008b1c	02ca80b3	mul	x1,x21,x12	 x21:0x00000000 x12:0x0e1333ca  x1=0x00000000
       83285000	      8229	80008b20	ef432b13	slti	x22,x6,-268	  x6:0x82f86c41 x22=0x00000001
       83295000	      8230	80008b24	01456833	or	x16,x10,x20	 x10:0xf1eccc32 x20:0x00000000 x16=0xf1eccc32
       83305000	      8231	80008b28	8c39	c.xor	x8,x14	  x8:0x0001a000 x14:0x00000000  x8=0x0001a000
       83315000	      8232	80008b2a	133fa493	slti	x9,x31,307	 x31:0x00000234  x9=0x00000000
       83325000	      8233	80008b2e	01129d13	slli	x26,x5,0x11	  x5:0x02f7dca3 x26=0xb9460000
       83335000	      8234	80008b32	00d23cb3	sltu	x25,x4,x13	  x4:0x00000704 x13:0x80023ce4 x25=0x00000001
       83345000	      8235	80008b36	8dca	c.mv	x27,x18	  x0:0x00000000 x18:0x00000000 x27=0x00000000
       83355000	      8236	80008b38	8c1d	c.sub	x8,x15	  x8:0x0001a000 x15:0x00000004  x8=0x00019ffc
       83365000	      8237	80008b3a	df19f317	auipc	x6,0xdf19f	  x6=0x5f1a7b3a
       83385000	      8239	80008b3e	0353ec33	rem	x24,x7,x21	  x7:0x00020000 x21:0x00000000 x24=0x00020000
       83395000	      8240	80008b42	41f0d313	srai	x6,x1,0x1f	  x1:0x00000000  x6=0x00000000
       83405000	      8241	80008b46	91e6	c.add	x3,x25	  x3:0x155dbb1a x25:0x00000001  x3=0x155dbb1b
       83415000	      8242	80008b48	471b2f13	slti	x30,x22,1137	 x22:0x00000001 x30=0x00000001
       83425000	      8243	80008b4c	0000100f	fence.i	
       83445000	      8245	80008b50	717d	c.addi16sp	x2,-16	  x2:0xfffdff80  x2=0xfffdff70
       83455000	      8246	80008b52	01f900b3	add	x1,x18,x31	 x18:0x00000000 x31:0x00000234  x1=0x00000234
       83485000	      8249	80008b56	02dd0633	mul	x12,x26,x13	 x26:0xb9460000 x13:0x80023ce4 x12=0x6a580000
       83495000	      8250	80008b5a	0168c033	xor	x0,x17,x22	 x17:0x00000000 x22:0x00000001  x0=0x00000000
       83505000	      8251	80008b5e	005f7333	and	x6,x30,x5	 x30:0x00000001  x5:0x02f7dca3  x6=0x00000001
       83875000	      8288	80008b62	02517333	remu	x6,x2,x5	  x2:0xfffdff70  x5:0x02f7dca3  x6=0x00b9e0ae
       83885000	      8289	80008b66	04d31163	bne	x6,x13,80008ba8	  x6:0x00b9e0ae x13:0x80023ce4
       83905000	      8291	80008ba8	cdd29997	auipc	x19,0xcdd29	 x19=0x4dd31ba8
       84275000	      8328	80008bac	0221df33	divu	x30,x3,x2	  x3:0x155dbb1b  x2:0xfffdff70 x30=0x00000000
       84285000	      8329	80008bb0	000a1493	slli	x9,x20,0x0	 x20:0x00000000  x9=0x00000000
       84315000	      8332	80008bb4	030683b3	mul	x7,x13,x16	 x13:0x80023ce4 x16:0xf1eccc32  x7=0x8f259488
       84325000	      8333	80008bb8	bc267993	andi	x19,x12,-1086	 x12:0x6a580000 x19=0x6a580000
       84335000	      8334	80008bbc	4149d133	sra	x2,x19,x20	 x19:0x6a580000 x20:0x00000000  x2=0x6a580000
       84345000	      8335	80008bc0	83a9	c.srli	x15,0xa	 x15:0x00000004 x15=0x00000000
       84355000	      8336	80008bc2	0265da63	bge	x11,x6,80008bf6	 x11:0xf1e8b1fd  x6:0x00b9e0ae
       84395000	      8340	80008bc6	034430b3	mulhu	x1,x8,x20	  x8:0x00019ffc x20:0x00000000  x1=0x00000000
       84405000	      8341	80008bca	717d	c.addi16sp	x2,-16	  x2:0x6a580000  x2=0x6a57fff0
       84415000	      8342	80008bcc	69db4f93	xori	x31,x22,1693	 x22:0x00000001 x31=0x0000069c
       84785000	      8379	80008bd0	03c3f933	remu	x18,x7,x28	  x7:0x8f259488 x28:0xbb763400 x18=0x8f259488
       85155000	      8416	80008bd4	0273ed33	rem	x26,x7,x7	  x7:0x8f259488  x7:0x8f259488 x26=0x00000000
       85165000	      8417	80008bd8	bdd7ad37	lui	x26,0xbdd7a	 x26=0xbdd7a000
       85535000	      8454	80008bdc	02d86a33	rem	x20,x16,x13	 x16:0xf1eccc32 x13:0x80023ce4 x20=0xf1eccc32
       85545000	      8455	80008be0	0001	c.addi	x0,0	  x0:0x00000000  x0=0x00000000
       85555000	      8456	80008be2	9c0b63b7	lui	x7,0x9c0b6	  x7=0x9c0b6000
       85565000	      8457	80008be6	40798cb3	sub	x25,x19,x7	 x19:0x6a580000  x7:0x9c0b6000 x25=0xce4ca000
       85575000	      8458	80008bea	8539	c.srai	x10,0xe	 x10:0xf1eccc32 x10=0xffffc7b3
       85615000	      8462	80008bec	03eb3fb3	mulhu	x31,x22,x30	 x22:0x00000001 x30:0x00000000 x31=0x00000000
       85625000	      8463	80008bf0	01bb9f33	sll	x30,x23,x27	 x23:0x8001fe58 x27:0x00000000 x30=0x8001fe58
       85635000	      8464	80008bf4	89c2	c.mv	x19,x16	  x0:0x00000000 x16:0xf1eccc32 x19=0xf1eccc32
       85645000	      8465	80008bf6	8769	c.srai	x14,0x1a	 x14:0x00000000 x14=0x00000000
       85655000	      8466	80008bf8	8049	c.srli	x8,0x12	  x8:0x00019ffc  x8=0x00000000
       85665000	      8467	80008bfa	99df8c13	addi	x24,x31,-1635	 x31:0x00000000 x24=0xfffff99d
       85705000	      8471	80008bfe	02f111b3	mulh	x3,x2,x15	  x2:0x6a57fff0 x15:0x00000000  x3=0x00000000
       85715000	      8472	80008c02	01bac0b3	xor	x1,x21,x27	 x21:0x00000000 x27:0x00000000  x1=0x00000000
       85725000	      8473	80008c06	8215	c.srli	x12,0x5	 x12:0x6a580000 x12=0x0352c000
       85735000	      8474	80008c08	01ea5d93	srli	x27,x20,0x1e	 x20:0xf1eccc32 x27=0x00000003
       85745000	      8475	80008c0c	00b41763	bne	x8,x11,80008c1a	  x8:0x00000000 x11:0xf1e8b1fd
       85775000	      8478	80008c1a	01845e13	srli	x28,x8,0x18	  x8:0x00000000 x28=0x00000000
       85785000	      8479	80008c1e	8e71	c.and	x12,x12	 x12:0x0352c000 x12:0x0352c000 x12=0x0352c000
       85795000	      8480	80008c20	417e8fb3	sub	x31,x29,x23	 x29:0x00000000 x23:0x8001fe58 x31=0x7ffe01a8
       85805000	      8481	80008c24	41475333	sra	x6,x14,x20	 x14:0x00000000 x20:0xf1eccc32  x6=0x00000000
       85815000	      8482	80008c28	0551c663	blt	x3,x21,80008c74	  x3:0x00000000 x21:0x00000000
       85825000	      8483	80008c2c	1f10	c.addi4spn	x12,x2,944	 x12=0x6a5803a0
       85835000	      8484	80008c2e	0a7ef993	andi	x19,x29,167	 x29:0x00000000 x19=0x00000000
       86205000	      8521	80008c32	03a3feb3	remu	x29,x7,x26	  x7:0x9c0b6000 x26:0xbdd7a000 x29=0x9c0b6000
       86215000	      8522	80008c36	008000ef	jal	x1,80008c3e	  x1=0x80008c3a
       86235000	      8524	80008c3e	a829	c.j	80008c58	
       86255000	      8526	80008c58	bfd5	c.j	80008c4c	
       86275000	      8528	80008c4c	bfd5	c.j	80008c40	
       86295000	      8530	80008c40	2809	c.jal	80008c52	  x1=0x80008c42
       86315000	      8532	80008c52	b7ed	c.j	80008c3c	
       86335000	      8534	80008c3c	2839	c.jal	80008c5a	  x1=0x80008c3e
       86355000	      8536	80008c5a	a009	c.j	80008c5c	
       86375000	      8538	80008c5c	fdfff0ef	jal	x1,80008c3a	  x1=0x80008c60
       86395000	      8540	80008c3a	a02d	c.j	80008c64	
       86415000	      8542	80008c64	fe3ff0ef	jal	x1,80008c46	  x1=0x80008c68
       86435000	      8544	80008c46	a831	c.j	80008c62	
       86455000	      8546	80008c62	bffd	c.j	80008c60	
       86475000	      8548	80008c60	37cd	c.jal	80008c42	  x1=0x80008c62
       86495000	      8550	80008c42	a019	c.j	80008c48	
       86515000	      8552	80008c48	2009	c.jal	80008c4a	  x1=0x80008c4a
       86535000	      8554	80008c4a	a019	c.j	80008c50	
       86555000	      8556	80008c50	3ffd	c.jal	80008c4e	  x1=0x80008c52
       86575000	      8558	80008c4e	bfdd	c.j	80008c44	
       86595000	      8560	80008c44	2801	c.jal	80008c54	  x1=0x80008c46
       86615000	      8562	80008c54	01400b6f	jal	x22,80008c68	 x22=0x80008c58
       86635000	      8564	80008c68	8251	c.srli	x12,0x14	 x12:0x6a5803a0 x12=0x000006a5
       86645000	      8565	80008c6a	8ca9	c.xor	x9,x10	  x9:0x00000000 x10:0xffffc7b3  x9=0xffffc7b3
       86655000	      8566	80008c6c	d62b0193	addi	x3,x22,-670	 x22:0x80008c58  x3=0x800089ba
       86665000	      8567	80008c70	09bc8193	addi	x3,x25,155	 x25:0xce4ca000  x3=0xce4ca09b
       86675000	      8568	80008c74	0001	c.addi	x0,0	  x0:0x00000000  x0=0x00000000
       86685000	      8569	80008c76	006c9793	slli	x15,x25,0x6	 x25:0xce4ca000 x15=0x93280000
       86695000	      8570	80008c7a	01aef4b3	and	x9,x29,x26	 x29:0x9c0b6000 x26:0xbdd7a000  x9=0x9c032000
       86705000	      8571	80008c7e	01f05963	bge	x0,x31,80008c90	  x0:0x00000000 x31:0x7ffe01a8
       86715000	      8572	80008c82	0001	c.addi	x0,0	  x0:0x00000000  x0=0x00000000
       86725000	      8573	80008c84	004c0fb3	add	x31,x24,x4	 x24:0xfffff99d  x4:0x00000704 x31=0x000000a1
       86735000	      8574	80008c88	0055d913	srli	x18,x11,0x5	 x11:0xf1e8b1fd x18=0x078f458f
       86745000	      8575	80008c8c	01a2e0b3	or	x1,x5,x26	  x5:0x02f7dca3 x26:0xbdd7a000  x1=0xbff7fca3
       86755000	      8576	80008c90	8f25	c.xor	x14,x9	 x14:0x00000000  x9:0x9c032000 x14=0x9c032000
       87125000	      8613	80008c92	03b4e533	rem	x10,x9,x27	  x9:0x9c032000 x27:0x00000003 x10=0xfffffffe
       87135000	      8614	80008c96	41fc0eb3	sub	x29,x24,x31	 x24:0xfffff99d x31:0x000000a1 x29=0xfffff8fc
       87145000	      8615	80008c9a	5a76b213	sltiu	x4,x13,1447	 x13:0x80023ce4  x4=0x00000000
       87155000	      8616	80008c9e	004e5563	bge	x28,x4,80008ca8	 x28:0x00000000  x4:0x00000000
       87175000	      8618	80008ca8	0ff0000f	fence	iorw,iorw	
       87185000	      8619	80008cac	4c648893	addi	x17,x9,1222	  x9:0x9c032000 x17=0x9c0324c6
       87195000	      8620	80008cb0	003b5a33	srl	x20,x22,x3	 x22:0x80008c58  x3:0xce4ca09b x20=0x00000010
       87205000	      8621	80008cb4	001769b3	or	x19,x14,x1	 x14:0x9c032000  x1:0xbff7fca3 x19=0xbff7fca3
       87215000	      8622	80008cb8	02104b63	blt	x0,x1,80008cee	  x0:0x00000000  x1:0xbff7fca3
       87225000	      8623	80008cbc	00b96663	bltu	x18,x11,80008cc8	 x18:0x078f458f x11:0xf1e8b1fd
       87245000	      8625	80008cc8	034a	c.slli	x6,0x12	  x6:0x00000000  x6=0x00000000
       87255000	      8626	80008cca	c0002313	slti	x6,x0,-1024	  x0:0x00000000  x6=0x00000000
       87625000	      8663	80008cce	03317333	remu	x6,x2,x19	  x2:0x6a57fff0 x19:0xbff7fca3  x6=0x6a57fff0
       87995000	      8700	80008cd2	02f8d3b3	divu	x7,x17,x15	 x17:0x9c0324c6 x15:0x93280000  x7=0x00000001
       88005000	      8701	80008cd6	0ff0000f	fence	iorw,iorw	
       88015000	      8702	80008cda	03cfd863	bge	x31,x28,80008d0a	 x31:0x000000a1 x28:0x00000000
       88035000	      8704	80008d0a	8f11	c.sub	x14,x12	 x14:0x9c032000 x12:0x000006a5 x14=0x9c03195b
       88045000	      8705	80008d0c	000d9493	slli	x9,x27,0x0	 x27:0x00000003  x9=0x00000003
       88055000	      8706	80008d10	b22f2e13	slti	x28,x30,-1246	 x30:0x8001fe58 x28=0x00000001
       88065000	      8707	80008d14	0000100f	fence.i	
       88085000	      8709	80008d18	e609a793	slti	x15,x19,-416	 x19:0xbff7fca3 x15=0x00000001
       88095000	      8710	80008d1c	034ad163	bge	x21,x20,80008d3e	 x21:0x00000000 x20:0x00000010
       88105000	      8711	80008d20	8109	c.srli	x10,0x2	 x10:0xfffffffe x10=0x3fffffff
       88115000	      8712	80008d22	02c7ce63	blt	x15,x12,80008d5e	 x15:0x00000001 x12:0x000006a5
       88135000	      8714	80008d5e	90c2	c.add	x1,x16	  x1:0xbff7fca3 x16:0xf1eccc32  x1=0xb1e4c8d5
       88145000	      8715	80008d60	8ff5	c.and	x15,x13	 x15:0x00000001 x13:0x80023ce4 x15=0x00000000
       88155000	      8716	80008d62	557d	c.li	x10,-1	 x10=0xffffffff
       88165000	      8717	80008d64	01de8133	add	x2,x29,x29	 x29:0xfffff8fc x29:0xfffff8fc  x2=0xfffff1f8
       88175000	      8718	80008d68	004ba083	lw	x1,4(x23)	 x23:0x8001fe58  x1=0x80003546 PA:0x8001fe5c load:0x80003546
       88185000	      8719	80008d6c	00fe5993	srli	x19,x28,0xf	 x28:0x00000001 x19=0x00000000
       88195000	      8720	80008d70	0bb1	c.addi	x23,12	 x23:0x8001fe58 x23=0x8001fe64
       88205000	      8721	80008d72	6f8b4213	xori	x4,x22,1784	 x22:0x80008c58  x4=0x80008aa0
       88215000	      8722	80008d76	00108a13	addi	x20,x1,1	  x1:0x80003546 x20=0x80003547
       88225000	      8723	80008d7a	8a02	c.jr	x20	 x20:0x80003547
       88285000	      8729	80003546	02c82eb3	mulhsu	x29,x16,x12	 x16:0xf1eccc32 x12:0x000006a5 x29=0xffffffa2
       88295000	      8730	8000354a	00000c97	auipc	x25,0x0	 x25=0x8000354a
       88305000	      8731	8000354e	128c8c93	addi	x25,x25,296	 x25:0x8000354a x25=0x80003672
       88315000	      8732	80003552	de8c8c93	addi	x25,x25,-536	 x25:0x80003672 x25=0x8000345a
       88325000	      8733	80003556	21f3fe13	andi	x28,x7,543	  x7:0x00000001 x28=0x00000001
       88335000	      8734	8000355a	002a1633	sll	x12,x20,x2	 x20:0x80003547  x2:0xfffff1f8 x12=0x47000000
       88345000	      8735	8000355e	8c99	c.sub	x9,x14	  x9:0x00000003 x14:0x9c03195b  x9=0x63fce6a8
       88355000	      8736	80003560	6b750797	auipc	x15,0x6b750	 x15=0xeb753560
       88365000	      8737	80003564	6c313313	sltiu	x6,x2,1731	  x2:0xfffff1f8  x6=0x00000000
       88375000	      8738	80003568	219c80e7	jalr	x1,537(x25)	 x25:0x8000345a  x1=0x8000356c
       88395000	      8740	80003672	527d	c.li	x4,-1	  x4=0xffffffff
       88405000	      8741	80003674	fc0b8b93	addi	x23,x23,-64	 x23:0x8001fe64 x23=0x8001fe24
       88775000	      8778	80003678	032ec633	div	x12,x29,x18	 x29:0xffffffa2 x18:0x078f458f x12=0x00000000
       88785000	      8779	8000367c	001ba223	sw	x1,4(x23)	 x23:0x8001fe24  x1:0x8000356c PA:0x8001fe28 store:0x8000356c load:0x00000000
       88795000	      8780	80003680	8035	c.srli	x8,0xd	  x8:0x00000000  x8=0x00000000
       88805000	      8781	80003682	0b26	c.slli	x22,0x9	 x22:0x80008c58 x22=0x0118b000
       88815000	      8782	80003684	01937933	and	x18,x6,x25	  x6:0x00000000 x25:0x8000345a x18=0x00000000
       88825000	      8783	80003688	0072fb33	and	x22,x5,x7	  x5:0x02f7dca3  x7:0x00000001 x22=0x00000001
       88835000	      8784	8000368c	01c000ef	jal	x1,800036a8	  x1=0x80003690
       88855000	      8786	800036a8	2021	c.jal	800036b0	  x1=0x800036aa
       88875000	      8788	800036b0	2829	c.jal	800036ca	  x1=0x800036b2
       88905000	      8791	800036ca	ff5ff0ef	jal	x1,800036be	  x1=0x800036ce
       88925000	      8793	800036be	bfdd	c.j	800036b4	
       88945000	      8795	800036b4	37dd	c.jal	8000369a	  x1=0x800036b6
       88975000	      8798	8000369a	00400b6f	jal	x22,8000369e	 x22=0x8000369e
       88995000	      8800	8000369e	3fd5	c.jal	80003692	  x1=0x800036a0
       89025000	      8803	80003692	03400def	jal	x27,800036c6	 x27=0x80003696
       89055000	      8806	800036c6	ff1ff0ef	jal	x1,800036b6	  x1=0x800036ca
       89085000	      8809	800036b6	004000ef	jal	x1,800036ba	  x1=0x800036ba
       89105000	      8811	800036ba	b7f5	c.j	800036a6	
       89125000	      8813	800036a6	2819	c.jal	800036bc	  x1=0x800036a8
       89145000	      8815	800036bc	bfdd	c.j	800036b2	
       89165000	      8817	800036b2	bff9	c.j	80003690	
       89185000	      8819	80003690	2809	c.jal	800036a2	  x1=0x80003692
       89215000	      8822	800036a2	022000ef	jal	x1,800036c4	  x1=0x800036a6
       89235000	      8824	800036c4	a029	c.j	800036ce	
       89265000	      8827	800036ce	fd3ff26f	jal	x4,800036a0	  x4=0x800036d2
       89285000	      8829	800036a0	2005	c.jal	800036c0	  x1=0x800036a2
       89305000	      8831	800036c0	fd7ff0ef	jal	x1,80003696	  x1=0x800036c4
       89335000	      8834	80003696	014000ef	jal	x1,800036aa	  x1=0x8000369a
       89355000	      8836	800036aa	2009	c.jal	800036ac	  x1=0x800036ac
       89375000	      8838	800036ac	0260056f	jal	x10,800036d2	 x10=0x800036b0
       89405000	      8841	800036d2	0080fe33	and	x28,x1,x8	  x1:0x800036ac  x8:0x00000000 x28=0x00000000
       89415000	      8842	800036d6	00a000ef	jal	x1,800036e0	  x1=0x800036da
       89435000	      8844	800036e0	a831	c.j	800036fc	
       89455000	      8846	800036fc	fe7ff0ef	jal	x1,800036e2	  x1=0x80003700
       89475000	      8848	800036e2	a03d	c.j	80003710	
       89495000	      8850	80003710	2021	c.jal	80003718	  x1=0x80003712
       89515000	      8852	80003718	3fd1	c.jal	800036ec	  x1=0x8000371a
       89535000	      8854	800036ec	2821	c.jal	80003704	  x1=0x800036ee
       89555000	      8856	80003704	fdbff0ef	jal	x1,800036de	  x1=0x80003708
       89575000	      8858	800036de	2821	c.jal	800036f6	  x1=0x800036e0
       89605000	      8861	800036f6	014000ef	jal	x1,8000370a	  x1=0x800036fa
       89635000	      8864	8000370a	00c0036f	jal	x6,80003716	  x6=0x8000370e
       89655000	      8866	80003716	bff1	c.j	800036f2	
       89685000	      8869	800036f2	00e000ef	jal	x1,80003700	  x1=0x800036f6
       89705000	      8871	80003700	fefff0ef	jal	x1,800036ee	  x1=0x80003704
       89735000	      8874	800036ee	02e000ef	jal	x1,8000371c	  x1=0x800036f2
       89755000	      8876	8000371c	bffd	c.j	8000371a	
       89775000	      8878	8000371a	37c5	c.jal	800036fa	  x1=0x8000371c
       89795000	      8880	800036fa	b7f5	c.j	800036e6	
       89815000	      8882	800036e6	a009	c.j	800036e8	
       89835000	      8884	800036e8	201d	c.jal	8000370e	  x1=0x800036ea
       89855000	      8886	8000370e	b7f1	c.j	800036da	
       89885000	      8889	800036da	00a0026f	jal	x4,800036e4	  x4=0x800036de
       89905000	      8891	800036e4	2015	c.jal	80003708	  x1=0x800036e6
       89925000	      8893	80003708	2029	c.jal	80003712	  x1=0x8000370a
       89955000	      8896	80003712	fd9ff0ef	jal	x1,800036ea	  x1=0x80003716
       89975000	      8898	800036ea	2815	c.jal	8000371e	  x1=0x800036ec
       90015000	      8902	8000371e	02c2c333	div	x6,x5,x12	  x5:0x02f7dca3 x12:0x00000000  x6=0xffffffff
       90025000	      8903	80003722	026000ef	jal	x1,80003748	  x1=0x80003726
       90045000	      8905	80003748	fe3ff4ef	jal	x9,8000372a	  x9=0x8000374c
       90065000	      8907	8000372a	a021	c.j	80003732	
       90095000	      8910	80003732	ffdff1ef	jal	x3,8000372e	  x3=0x80003736
       90115000	      8912	8000372e	a01d	c.j	80003754	
       90135000	      8914	80003754	fffff86f	jal	x16,80003752	 x16=0x80003758
       90155000	      8916	80003752	37dd	c.jal	80003738	  x1=0x80003754
       90175000	      8918	80003738	0180056f	jal	x10,80003750	 x10=0x8000373c
       90195000	      8920	80003750	37fd	c.jal	8000373e	  x1=0x80003752
       90215000	      8922	8000373e	2829	c.jal	80003758	  x1=0x80003740
       90235000	      8924	80003758	b7ed	c.j	80003742	
       90255000	      8926	80003742	bfd5	c.j	80003736	
       90275000	      8928	80003736	2039	c.jal	80003744	  x1=0x80003738
       90295000	      8930	80003744	008000ef	jal	x1,8000374c	  x1=0x80003748
       90315000	      8932	8000374c	bfe9	c.j	80003726	
       90345000	      8935	80003726	01a000ef	jal	x1,80003740	  x1=0x8000372a
       90365000	      8937	80003740	37f5	c.jal	8000372c	  x1=0x80003742
       90385000	      8939	8000372c	2801	c.jal	8000373c	  x1=0x8000372e
       90405000	      8941	8000373c	3fd5	c.jal	80003730	  x1=0x8000373e
       90425000	      8943	80003730	a839	c.j	8000374e	
       90445000	      8945	8000374e	a031	c.j	8000375a	
       90475000	      8948	8000375a	004000ef	jal	x1,8000375e	  x1=0x8000375e
       90505000	      8951	8000375e	41ccdd13	srai	x26,x25,0x1c	 x25:0x8000345a x26=0xfffffff8
       90515000	      8952	80003762	008000ef	jal	x1,8000376a	  x1=0x80003766
       90535000	      8954	8000376a	2031	c.jal	80003776	  x1=0x8000376c
       90565000	      8957	80003776	010000ef	jal	x1,80003786	  x1=0x8000377a
       90595000	      8960	80003786	fffff2ef	jal	x5,80003784	  x5=0x8000378a
       90615000	      8962	80003784	3ff5	c.jal	80003780	  x1=0x80003786
       90635000	      8964	80003780	026000ef	jal	x1,800037a6	  x1=0x80003784
       90665000	      8967	800037a6	fc1ff36f	jal	x6,80003766	  x6=0x800037aa
       90695000	      8970	80003766	036000ef	jal	x1,8000379c	  x1=0x8000376a
       90715000	      8972	8000379c	3ffd	c.jal	8000379a	  x1=0x8000379e
       90735000	      8974	8000379a	3fc5	c.jal	8000378a	  x1=0x8000379c
       90755000	      8976	8000378a	bfd5	c.j	8000377e	
       90775000	      8978	8000377e	a005	c.j	8000379e	
       90795000	      8980	8000379e	37f9	c.jal	8000376c	  x1=0x800037a0
       90815000	      8982	8000376c	a005	c.j	8000378c	
       90835000	      8984	8000378c	01e000ef	jal	x1,800037aa	  x1=0x80003790
       90865000	      8987	800037aa	ff7ff0ef	jal	x1,800037a0	  x1=0x800037ae
       90885000	      8989	800037a0	3fcd	c.jal	80003792	  x1=0x800037a2
       90905000	      8991	80003792	bffd	c.j	80003790	
       90925000	      8993	80003790	b7ed	c.j	8000377a	
       90955000	      8996	8000377a	ff5ff16f	jal	x2,8000376e	  x2=0x8000377e
       90975000	      8998	8000376e	2081	c.jal	800037ae	  x1=0x80003770
       91005000	      9001	800037ae	fc7ff9ef	jal	x19,80003774	 x19=0x800037b2
       91025000	      9003	80003774	a00d	c.j	80003796	
       91055000	      9006	80003796	fffff36f	jal	x6,80003794	  x6=0x8000379a
       91075000	      9008	80003794	a039	c.j	800037a2	
       91095000	      9010	800037a2	b7f9	c.j	80003770	
       91115000	      9012	80003770	034007ef	jal	x15,800037a4	 x15=0x80003774
       91135000	      9014	800037a4	a039	c.j	800037b2	
       91195000	      9020	800037b2	02d0beb3	mulhu	x29,x1,x13	  x1:0x80003770 x13:0x80023ce4 x29=0x40013a2a
       91205000	      9021	800037b6	012000ef	jal	x1,800037c8	  x1=0x800037ba
       91225000	      9023	800037c8	026000ef	jal	x1,800037ee	  x1=0x800037cc
       91245000	      9025	800037ee	2009	c.jal	800037f0	  x1=0x800037f0
       91265000	      9027	800037f0	3fd1	c.jal	800037c4	  x1=0x800037f2
       91285000	      9029	800037c4	2009	c.jal	800037c6	  x1=0x800037c6
       91305000	      9031	800037c6	2031	c.jal	800037d2	  x1=0x800037c8
       91335000	      9034	800037d2	020000ef	jal	x1,800037f2	  x1=0x800037d6
       91355000	      9036	800037f2	37d5	c.jal	800037d6	  x1=0x800037f4
       91375000	      9038	800037d6	b7d5	c.j	800037ba	
       91395000	      9040	800037ba	280d	c.jal	800037ec	  x1=0x800037bc
       91415000	      9042	800037ec	bfd5	c.j	800037e0	
       91435000	      9044	800037e0	a811	c.j	800037f4	
       91455000	      9046	800037f4	b7ed	c.j	800037de	
       91475000	      9048	800037de	a029	c.j	800037e8	
       91495000	      9050	800037e8	fd7ff0ef	jal	x1,800037be	  x1=0x800037ec
       91525000	      9053	800037be	010000ef	jal	x1,800037ce	  x1=0x800037c2
       91555000	      9056	800037ce	fefff0ef	jal	x1,800037bc	  x1=0x800037d2
       91575000	      9058	800037bc	201d	c.jal	800037e2	  x1=0x800037be
       91605000	      9061	800037e2	ffbff0ef	jal	x1,800037dc	  x1=0x800037e6
       91625000	      9063	800037dc	bffd	c.j	800037da	
       91645000	      9065	800037da	3ffd	c.jal	800037d8	  x1=0x800037dc
       91665000	      9067	800037d8	a039	c.j	800037e6	
       91685000	      9069	800037e6	bff1	c.j	800037c2	
       91705000	      9071	800037c2	a029	c.j	800037cc	
       91725000	      9073	800037cc	2035	c.jal	800037f8	  x1=0x800037ce
       91745000	      9075	800037f8	bffd	c.j	800037f6	
       91765000	      9077	800037f6	a011	c.j	800037fa	
       91795000	      9080	800037fa	415adeb3	sra	x29,x21,x21	 x21:0x00000000 x21:0x00000000 x29=0x00000000
       91805000	      9081	800037fe	02e000ef	jal	x1,8000382c	  x1=0x80003802
       91825000	      9083	8000382c	37cd	c.jal	8000380e	  x1=0x8000382e
       91845000	      9085	8000380e	2031	c.jal	8000381a	  x1=0x80003810
       91875000	      9088	8000381a	014000ef	jal	x1,8000382e	  x1=0x8000381e
       91895000	      9090	8000382e	2019	c.jal	80003834	  x1=0x80003830
       91915000	      9092	80003834	006000ef	jal	x1,8000383a	  x1=0x80003838
       91935000	      9094	8000383a	bffd	c.j	80003838	
       91955000	      9096	80003838	a021	c.j	80003840	
       91975000	      9098	80003840	3fe1	c.jal	80003818	  x1=0x80003842
       91995000	      9100	80003818	a015	c.j	8000383c	
       92015000	      9102	8000383c	2029	c.jal	80003846	  x1=0x8000383e
       92045000	      9105	80003846	fcfff0ef	jal	x1,80003814	  x1=0x8000384a
       92065000	      9107	80003814	030000ef	jal	x1,80003844	  x1=0x80003818
       92085000	      9109	80003844	37f5	c.jal	80003830	  x1=0x80003846
       92105000	      9111	80003830	bfd1	c.j	80003804	
       92125000	      9113	80003804	2009	c.jal	80003806	  x1=0x80003806
       92155000	      9116	80003806	0060026f	jal	x4,8000380c	  x4=0x8000380a
       92175000	      9118	8000380c	a80d	c.j	8000383e	
       92195000	      9120	8000383e	37d5	c.jal	80003822	  x1=0x80003840
       92225000	      9123	80003822	02000c6f	jal	x24,80003842	 x24=0x80003826
       92245000	      9125	80003842	a039	c.j	80003850	
       92265000	      9127	80003850	b7cd	c.j	80003832	
       92285000	      9129	80003832	bff9	c.j	80003810	
       92305000	      9131	80003810	03c000ef	jal	x1,8000384c	  x1=0x80003814
       92325000	      9133	8000384c	fffff36f	jal	x6,8000384a	  x6=0x80003850
       92345000	      9135	8000384a	b7c1	c.j	8000380a	
       92365000	      9137	8000380a	2005	c.jal	8000382a	  x1=0x8000380c
       92385000	      9139	8000382a	bfd5	c.j	8000381e	
       92415000	      9142	8000381e	fe5ff36f	jal	x6,80003802	  x6=0x80003822
       92435000	      9144	80003802	2015	c.jal	80003826	  x1=0x80003804
       92465000	      9147	80003826	02c0026f	jal	x4,80003852	  x4=0x8000382a
       92495000	      9150	80003852	00881cb3	sll	x25,x16,x8	 x16:0x80003758  x8:0x00000000 x25=0x80003758
       92505000	      9151	80003856	008000ef	jal	x1,8000385e	  x1=0x8000385a
       92535000	      9154	8000385e	008000ef	jal	x1,80003866	  x1=0x80003862
       92555000	      9156	80003866	a021	c.j	8000386e	
       92585000	      9159	8000386e	004000ef	jal	x1,80003872	  x1=0x80003872
       92605000	      9161	80003872	2019	c.jal	80003878	  x1=0x80003874
       92625000	      9163	80003878	febff86f	jal	x16,80003862	 x16=0x8000387c
       92645000	      9165	80003862	a029	c.j	8000386c	
       92665000	      9167	8000386c	37fd	c.jal	8000385a	  x1=0x8000386e
       92695000	      9170	8000385a	01a000ef	jal	x1,80003874	  x1=0x8000385e
       92715000	      9172	80003874	0080036f	jal	x6,8000387c	  x6=0x80003878
       92735000	      9174	8000387c	fedff0ef	jal	x1,80003868	  x1=0x80003880
       92755000	      9176	80003868	ffdffe6f	jal	x28,80003864	 x28=0x8000386c
       92775000	      9178	80003864	a831	c.j	80003880	
       92795000	      9180	80003880	014df133	and	x2,x27,x20	 x27:0x80003696 x20:0x80003547  x2=0x80003406
       92805000	      9181	80003884	01e000ef	jal	x1,800038a2	  x1=0x80003888
       92825000	      9183	800038a2	2801	c.jal	800038b2	  x1=0x800038a4
       92855000	      9186	800038b2	fd9ff66f	jal	x12,8000388a	 x12=0x800038b6
       92875000	      9188	8000388a	a011	c.j	8000388e	
       92895000	      9190	8000388e	3ffd	c.jal	8000388c	  x1=0x80003890
       92915000	      9192	8000388c	2821	c.jal	800038a4	  x1=0x8000388e
       92935000	      9194	800038a4	3ff5	c.jal	800038a0	  x1=0x800038a6
       92955000	      9196	800038a0	a00d	c.j	800038c2	
       92975000	      9198	800038c2	2011	c.jal	800038c6	  x1=0x800038c4
       92995000	      9200	800038c6	bfdd	c.j	800038bc	
       93015000	      9202	800038bc	b7fd	c.j	800038aa	
       93035000	      9204	800038aa	37dd	c.jal	80003890	  x1=0x800038ac
       93055000	      9206	80003890	004000ef	jal	x1,80003894	  x1=0x80003894
       93075000	      9208	80003894	a815	c.j	800038c8	
       93095000	      9210	800038c8	b7d5	c.j	800038ac	
       93115000	      9212	800038ac	37ed	c.jal	80003896	  x1=0x800038ae
       93145000	      9215	80003896	020000ef	jal	x1,800038b6	  x1=0x8000389a
       93165000	      9217	800038b6	3fc9	c.jal	80003888	  x1=0x800038b8
       93185000	      9219	80003888	a825	c.j	800038c0	
       93205000	      9221	800038c0	a039	c.j	800038ce	
       93235000	      9224	800038ce	ff7ff2ef	jal	x5,800038c4	  x5=0x800038d2
       93255000	      9226	800038c4	3fed	c.jal	800038be	  x1=0x800038c6
       93275000	      9228	800038be	a039	c.j	800038cc	
       93295000	      9230	800038cc	b7f5	c.j	800038b8	
       93315000	      9232	800038b8	a809	c.j	800038ca	
       93335000	      9234	800038ca	bfc1	c.j	8000389a	
       93355000	      9236	8000389a	2009	c.jal	8000389c	  x1=0x8000389c
       93375000	      9238	8000389c	01e000ef	jal	x1,800038ba	  x1=0x800038a0
       93395000	      9240	800038ba	bfd5	c.j	800038ae	
       93425000	      9243	800038ae	ff9ff0ef	jal	x1,800038a6	  x1=0x800038b2
       93455000	      9246	800038a6	02c00a6f	jal	x20,800038d2	 x20=0x800038aa
       93485000	      9249	800038d2	00c679b3	and	x19,x12,x12	 x12:0x800038b6 x12:0x800038b6 x19=0x800038b6
       93495000	      9250	800038d6	02e000ef	jal	x1,80003904	  x1=0x800038da
       93515000	      9252	80003904	b7fd	c.j	800038f2	
       93535000	      9254	800038f2	a009	c.j	800038f4	
       93555000	      9256	800038f4	37f5	c.jal	800038e0	  x1=0x800038f6
       93575000	      9258	800038e0	2009	c.jal	800038e2	  x1=0x800038e2
       93595000	      9260	800038e2	2091	c.jal	80003926	  x1=0x800038e4
       93615000	      9262	80003926	b7f5	c.j	80003912	
       93645000	      9265	80003912	fddff0ef	jal	x1,800038ee	  x1=0x80003916
       93675000	      9268	800038ee	0360036f	jal	x6,80003924	  x6=0x800038f2
       93695000	      9270	80003924	3fd1	c.jal	800038f8	  x1=0x80003926
       93715000	      9272	800038f8	0040036f	jal	x6,800038fc	  x6=0x800038fc
       93735000	      9274	800038fc	2019	c.jal	80003902	  x1=0x800038fe
       93755000	      9276	80003902	3fe1	c.jal	800038da	  x1=0x80003904
       93775000	      9278	800038da	a099	c.j	80003920	
       93795000	      9280	80003920	fdfff36f	jal	x6,800038fe	  x6=0x80003924
       93815000	      9282	800038fe	37f5	c.jal	800038ea	  x1=0x80003900
       93835000	      9284	800038ea	a831	c.j	80003906	
       93865000	      9287	80003906	fdfff0ef	jal	x1,800038e4	  x1=0x8000390a
       93885000	      9289	800038e4	2825	c.jal	8000391c	  x1=0x800038e6
       93905000	      9291	8000391c	fe5ff0ef	jal	x1,80003900	  x1=0x80003920
       93925000	      9293	80003900	3fdd	c.jal	800038f6	  x1=0x80003902
       93945000	      9295	800038f6	2821	c.jal	8000390e	  x1=0x800038f8
       93975000	      9298	8000390e	ffdff0ef	jal	x1,8000390a	  x1=0x80003912
       94005000	      9301	8000390a	fddff36f	jal	x6,800038e6	  x6=0x8000390e
       94035000	      9304	800038e6	006000ef	jal	x1,800038ec	  x1=0x800038ea
       94055000	      9306	800038ec	3fc5	c.jal	800038dc	  x1=0x800038ee
       94075000	      9308	800038dc	03e000ef	jal	x1,8000391a	  x1=0x800038e0
       94095000	      9310	8000391a	3ff5	c.jal	80003916	  x1=0x8000391c
       94125000	      9313	80003916	0120036f	jal	x6,80003928	  x6=0x8000391a
       94145000	      9315	80003928	996a	c.add	x18,x26	 x18:0x00000000 x26:0xfffffff8 x18=0xfffffff8
       94155000	      9316	8000392a	012000ef	jal	x1,8000393c	  x1=0x8000392e
       94175000	      9318	8000393c	3fdd	c.jal	80003932	  x1=0x8000393e
       94195000	      9320	80003932	a831	c.j	8000394e	
       94225000	      9323	8000394e	004000ef	jal	x1,80003952	  x1=0x80003952
       94245000	      9325	80003952	b7dd	c.j	80003938	
       94265000	      9327	80003938	a809	c.j	8000394a	
       94295000	      9330	8000394a	febff0ef	jal	x1,80003934	  x1=0x8000394e
       94315000	      9332	80003934	a009	c.j	80003936	
       94335000	      9334	80003936	2031	c.jal	80003942	  x1=0x80003938
       94365000	      9337	80003942	01200cef	jal	x25,80003954	 x25=0x80003946
       94385000	      9339	80003954	37f5	c.jal	80003940	  x1=0x80003956
       94405000	      9341	80003940	a019	c.j	80003946	
       94425000	      9343	80003946	bfe5	c.j	8000393e	
       94445000	      9345	8000393e	3fc5	c.jal	8000392e	  x1=0x80003940
       94475000	      9348	8000392e	01a000ef	jal	x1,80003948	  x1=0x80003932
       94495000	      9350	80003948	3fcd	c.jal	8000393a	  x1=0x8000394a
       94515000	      9352	8000393a	a831	c.j	80003956	
       94545000	      9355	80003956	0ff0000f	fence	iorw,iorw	
       94555000	      9356	8000395a	020000ef	jal	x1,8000397a	  x1=0x8000395e
       94575000	      9358	8000397a	2019	c.jal	80003980	  x1=0x8000397c
       94595000	      9360	80003980	b7f5	c.j	8000396c	
       94615000	      9362	8000396c	3ffd	c.jal	8000396a	  x1=0x8000396e
       94635000	      9364	8000396a	a831	c.j	80003986	
       94655000	      9366	80003986	bff5	c.j	80003982	
       94685000	      9369	80003982	fddff0ef	jal	x1,8000395e	  x1=0x80003986
       94715000	      9372	8000395e	036000ef	jal	x1,80003994	  x1=0x80003962
       94735000	      9374	80003994	b7e5	c.j	8000397c	
       94755000	      9376	8000397c	ff3ff0ef	jal	x1,8000396e	  x1=0x80003980
       94775000	      9378	8000396e	2829	c.jal	80003988	  x1=0x80003970
       94795000	      9380	80003988	fe9ff36f	jal	x6,80003970	  x6=0x8000398c
       94815000	      9382	80003970	2019	c.jal	80003976	  x1=0x80003972
       94845000	      9385	80003976	fefff2ef	jal	x5,80003964	  x5=0x8000397a
       94865000	      9387	80003964	bffd	c.j	80003962	
       94885000	      9389	80003962	a801	c.j	80003972	
       94915000	      9392	80003972	01e0036f	jal	x6,80003990	  x6=0x80003976
       94935000	      9394	80003990	ffdff0ef	jal	x1,8000398c	  x1=0x80003994
       94955000	      9396	8000398c	fdbffeef	jal	x29,80003966	 x29=0x80003990
       94985000	      9399	80003966	0300066f	jal	x12,80003996	 x12=0x8000396a
       95375000	      9438	80003996	02724f33	div	x30,x4,x7	  x4:0x8000382a  x7:0x00000001 x30=0x8000382a
       95385000	      9439	8000399a	036000ef	jal	x1,800039d0	  x1=0x8000399e
       95405000	      9441	800039d0	bfc5	c.j	800039c0	
       95425000	      9443	800039c0	37c5	c.jal	800039a0	  x1=0x800039c2
       95445000	      9445	800039a0	a821	c.j	800039b8	
       95465000	      9447	800039b8	37dd	c.jal	8000399e	  x1=0x800039ba
       95485000	      9449	8000399e	2805	c.jal	800039ce	  x1=0x800039a0
       95505000	      9451	800039ce	2021	c.jal	800039d6	  x1=0x800039d0
       95525000	      9453	800039d6	3fc9	c.jal	800039a8	  x1=0x800039d8
       95545000	      9455	800039a8	00a002ef	jal	x5,800039b2	  x5=0x800039ac
       95575000	      9458	800039b2	0080036f	jal	x6,800039ba	  x6=0x800039b6
       95595000	      9460	800039ba	a029	c.j	800039c4	
       95615000	      9462	800039c4	004000ef	jal	x1,800039c8	  x1=0x800039c8
       95635000	      9464	800039c8	3fed	c.jal	800039c2	  x1=0x800039ca
       95655000	      9466	800039c2	37fd	c.jal	800039b0	  x1=0x800039c4
       95675000	      9468	800039b0	a039	c.j	800039be	
       95695000	      9470	800039be	3ffd	c.jal	800039bc	  x1=0x800039c0
       95715000	      9472	800039bc	bfc5	c.j	800039ac	
       95735000	      9474	800039ac	028000ef	jal	x1,800039d4	  x1=0x800039b0
       95755000	      9476	800039d4	bffd	c.j	800039d2	
       95775000	      9478	800039d2	bfc1	c.j	800039a2	
       95805000	      9481	800039a2	0140036f	jal	x6,800039b6	  x6=0x800039a6
       95825000	      9483	800039b6	3fc5	c.jal	800039a6	  x1=0x800039b8
       95845000	      9485	800039a6	2015	c.jal	800039ca	  x1=0x800039a8
       95875000	      9488	800039ca	00e000ef	jal	x1,800039d8	  x1=0x800039ce
       95895000	      9490	800039d8	4439	c.li	x8,14	  x8=0x0000000e
       95905000	      9491	800039da	02c000ef	jal	x1,80003a06	  x1=0x800039de
       95925000	      9493	80003a06	b7cd	c.j	800039e8	
       95945000	      9495	800039e8	2019	c.jal	800039ee	  x1=0x800039ea
       95965000	      9497	800039ee	bfe5	c.j	800039e6	
       95985000	      9499	800039e6	2839	c.jal	80003a04	  x1=0x800039e8
       96005000	      9501	80003a04	3fed	c.jal	800039fe	  x1=0x80003a06
       96025000	      9503	800039fe	3fcd	c.jal	800039f0	  x1=0x80003a00
       96045000	      9505	800039f0	37fd	c.jal	800039de	  x1=0x800039f2
       96075000	      9508	800039de	01600def	jal	x27,800039f4	 x27=0x800039e2
       96095000	      9510	800039f4	00c0086f	jal	x16,80003a00	 x16=0x800039f8
       96115000	      9512	80003a00	ff9ff36f	jal	x6,800039f8	  x6=0x80003a04
       96135000	      9514	800039f8	37ed	c.jal	800039e2	  x1=0x800039fa
       96155000	      9516	800039e2	a029	c.j	800039ec	
       96175000	      9518	800039ec	2019	c.jal	800039f2	  x1=0x800039ee
       96195000	      9520	800039f2	2021	c.jal	800039fa	  x1=0x800039f4
       96215000	      9522	800039fa	37ed	c.jal	800039e4	  x1=0x800039fc
       96235000	      9524	800039e4	2821	c.jal	800039fc	  x1=0x800039e6
       96255000	      9526	800039fc	b7fd	c.j	800039ea	
       96275000	      9528	800039ea	2839	c.jal	80003a08	  x1=0x800039ec
       96305000	      9531	80003a08	0353cc33	div	x24,x7,x21	  x7:0x00000001 x21:0x00000000 x24=0xffffffff
       96315000	      9532	80003a0c	006000ef	jal	x1,80003a12	  x1=0x80003a10
       96335000	      9534	80003a12	2815	c.jal	80003a46	  x1=0x80003a14
       96355000	      9536	80003a46	37ed	c.jal	80003a30	  x1=0x80003a48
       96375000	      9538	80003a30	0080036f	jal	x6,80003a38	  x6=0x80003a34
       96395000	      9540	80003a38	2031	c.jal	80003a44	  x1=0x80003a3a
       96415000	      9542	80003a44	37cd	c.jal	80003a26	  x1=0x80003a46
       96435000	      9544	80003a26	37ed	c.jal	80003a10	  x1=0x80003a28
       96455000	      9546	80003a10	a011	c.j	80003a14	
       96475000	      9548	80003a14	201d	c.jal	80003a3a	  x1=0x80003a16
       96505000	      9551	80003a3a	ff3ff0ef	jal	x1,80003a2c	  x1=0x80003a3e
       96525000	      9553	80003a2c	bff5	c.j	80003a28	
       96545000	      9555	80003a28	2819	c.jal	80003a3e	  x1=0x80003a2a
       96565000	      9557	80003a3e	37f5	c.jal	80003a2a	  x1=0x80003a40
       96585000	      9559	80003a2a	2839	c.jal	80003a48	  x1=0x80003a2c
       96605000	      9561	80003a48	3fed	c.jal	80003a42	  x1=0x80003a4a
       96625000	      9563	80003a42	bfe9	c.j	80003a1c	
       96645000	      9565	80003a1c	2809	c.jal	80003a2e	  x1=0x80003a1e
       96665000	      9567	80003a2e	bfc5	c.j	80003a1e	
       96695000	      9570	80003a1e	022000ef	jal	x1,80003a40	  x1=0x80003a22
       96715000	      9572	80003a40	bfd9	c.j	80003a16	
       96735000	      9574	80003a16	a81d	c.j	80003a4c	
       96755000	      9576	80003a4c	fd7ff0ef	jal	x1,80003a22	  x1=0x80003a50
       96785000	      9579	80003a22	012000ef	jal	x1,80003a34	  x1=0x80003a26
       96805000	      9581	80003a34	01600e6f	jal	x28,80003a4a	 x28=0x80003a38
       96825000	      9583	80003a4a	b7f9	c.j	80003a18	
       96845000	      9585	80003a18	0380086f	jal	x16,80003a50	 x16=0x80003a1c
       96865000	      9587	80003a50	939a	c.add	x7,x6	  x7:0x00000001  x6:0x80003a34  x7=0x80003a35
       96875000	      9588	80003a52	00a000ef	jal	x1,80003a5c	  x1=0x80003a56
       96895000	      9590	80003a5c	3ff5	c.jal	80003a58	  x1=0x80003a5e
       96915000	      9592	80003a58	bffd	c.j	80003a56	
       96935000	      9594	80003a56	2021	c.jal	80003a5e	  x1=0x80003a58
       96955000	      9596	80003a5e	2009	c.jal	80003a60	  x1=0x80003a60
       96975000	      9598	80003a60	a031	c.j	80003a6c	
       96995000	      9600	80003a6c	ff7ff3ef	jal	x7,80003a62	  x7=0x80003a70
       97025000	      9603	80003a62	0060036f	jal	x6,80003a68	  x6=0x80003a66
       97045000	      9605	80003a68	ff3ff36f	jal	x6,80003a5a	  x6=0x80003a6c
       97065000	      9607	80003a5a	a031	c.j	80003a66	
       97085000	      9609	80003a66	a029	c.j	80003a70	
       97105000	      9611	80003a70	001a0833	add	x16,x20,x1	 x20:0x800038aa  x1:0x80003a60 x16=0x0000730a
       97115000	      9612	80003a74	032000ef	jal	x1,80003aa6	  x1=0x80003a78
       97135000	      9614	80003aa6	b7e5	c.j	80003a8e	
       97165000	      9617	80003a8e	02c001ef	jal	x3,80003aba	  x3=0x80003a92
       97195000	      9620	80003aba	fd9ff16f	jal	x2,80003a92	  x2=0x80003abe
       97215000	      9622	80003a92	2035	c.jal	80003abe	  x1=0x80003a94
       97245000	      9625	80003abe	fbdff36f	jal	x6,80003a7a	  x6=0x80003ac2
       97265000	      9627	80003a7a	a805	c.j	80003aaa	
       97295000	      9630	80003aaa	00c000ef	jal	x1,80003ab6	  x1=0x80003aae
       97315000	      9632	80003ab6	37f1	c.jal	80003a82	  x1=0x80003ab8
       97335000	      9634	80003a82	a831	c.j	80003a9e	
       97355000	      9636	80003a9e	37dd	c.jal	80003a84	  x1=0x80003aa0
       97375000	      9638	80003a84	ffdff36f	jal	x6,80003a80	  x6=0x80003a88
       97395000	      9640	80003a80	a005	c.j	80003aa0	
       97415000	      9642	80003aa0	01000d6f	jal	x26,80003ab0	 x26=0x80003aa4
       97435000	      9644	80003ab0	ff9ff0ef	jal	x1,80003aa8	  x1=0x80003ab4
       97455000	      9646	80003aa8	3fd1	c.jal	80003a7c	  x1=0x80003aaa
       97475000	      9648	80003a7c	03c000ef	jal	x1,80003ab8	  x1=0x80003a80
       97495000	      9650	80003ab8	b7c1	c.j	80003a78	
       97515000	      9652	80003a78	a035	c.j	80003aa4	
       97535000	      9654	80003aa4	a839	c.j	80003ac2	
       97565000	      9657	80003ac2	fd7ff26f	jal	x4,80003a98	  x4=0x80003ac6
       97585000	      9659	80003a98	a819	c.j	80003aae	
       97605000	      9661	80003aae	2019	c.jal	80003ab4	  x1=0x80003ab0
       97625000	      9663	80003ab4	bfe1	c.j	80003a8c	
       97645000	      9665	80003a8c	a039	c.j	80003a9a	
       97675000	      9668	80003a9a	ffbff0ef	jal	x1,80003a94	  x1=0x80003a9e
       97695000	      9670	80003a94	ff5ff0ef	jal	x1,80003a88	  x1=0x80003a98
       97715000	      9672	80003a88	a009	c.j	80003a8a	
       97735000	      9674	80003a8a	a835	c.j	80003ac6	
       97765000	      9677	80003ac6	70ff3e93	sltiu	x29,x30,1807	 x30:0x8000382a x29=0x00000000
       97775000	      9678	80003aca	026000ef	jal	x1,80003af0	  x1=0x80003ace
       97795000	      9680	80003af0	3fe5	c.jal	80003ae8	  x1=0x80003af2
       97815000	      9682	80003ae8	b7fd	c.j	80003ad6	
       97835000	      9684	80003ad6	a02d	c.j	80003b00	
       97855000	      9686	80003b00	2031	c.jal	80003b0c	  x1=0x80003b02
       97875000	      9688	80003b0c	b7e1	c.j	80003ad4	
       97895000	      9690	80003ad4	a815	c.j	80003b08	
       97915000	      9692	80003b08	3fc1	c.jal	80003ad8	  x1=0x80003b0a
       97935000	      9694	80003ad8	a015	c.j	80003afc	
       97955000	      9696	80003afc	2039	c.jal	80003b0a	  x1=0x80003afe
       97975000	      9698	80003b0a	37e5	c.jal	80003af2	  x1=0x80003b0c
       97995000	      9700	80003af2	bfe5	c.j	80003aea	
       98015000	      9702	80003aea	b7e5	c.j	80003ad2	
       98035000	      9704	80003ad2	a805	c.j	80003b02	
       98055000	      9706	80003b02	bfe1	c.j	80003ada	
       98085000	      9709	80003ada	024000ef	jal	x1,80003afe	  x1=0x80003ade
       98105000	      9711	80003afe	a019	c.j	80003b04	
       98125000	      9713	80003b04	37e9	c.jal	80003ace	  x1=0x80003b06
       98155000	      9716	80003ace	010000ef	jal	x1,80003ade	  x1=0x80003ad2
       98185000	      9719	80003ade	008000ef	jal	x1,80003ae6	  x1=0x80003ae2
       98205000	      9721	80003ae6	a005	c.j	80003b06	
       98225000	      9723	80003b06	a021	c.j	80003b0e	
       98245000	      9725	80003b0e	37dd	c.jal	80003af4	  x1=0x80003b10
       98265000	      9727	80003af4	ff9ff0ef	jal	x1,80003aec	  x1=0x80003af8
       98285000	      9729	80003aec	00c000ef	jal	x1,80003af8	  x1=0x80003af0
       98305000	      9731	80003af8	018000ef	jal	x1,80003b10	  x1=0x80003afc
       98325000	      9733	80003b10	fd3ff36f	jal	x6,80003ae2	  x6=0x80003b14
       98355000	      9736	80003ae2	03200d6f	jal	x26,80003b14	 x26=0x80003ae6
       98375000	      9738	80003b14	6b7d	c.lui	x22,0x1f	 x22=0x0001f000
       98385000	      9739	80003b16	004000ef	jal	x1,80003b1a	  x1=0x80003b1a
       98415000	      9742	80003b1a	0220036f	jal	x6,80003b3c	  x6=0x80003b1e
       98435000	      9744	80003b3c	b7d5	c.j	80003b20	
       98455000	      9746	80003b20	a80d	c.j	80003b52	
       98475000	      9748	80003b52	37c5	c.jal	80003b32	  x1=0x80003b54
       98505000	      9751	80003b32	ff1ff0ef	jal	x1,80003b22	  x1=0x80003b36
       98535000	      9754	80003b22	024000ef	jal	x1,80003b46	  x1=0x80003b26
       98555000	      9756	80003b46	bffd	c.j	80003b44	
       98575000	      9758	80003b44	3fed	c.jal	80003b3e	  x1=0x80003b46
       98595000	      9760	80003b3e	37c5	c.jal	80003b1e	  x1=0x80003b40
       98615000	      9762	80003b1e	2031	c.jal	80003b2a	  x1=0x80003b20
       98635000	      9764	80003b2a	a005	c.j	80003b4a	
       98665000	      9767	80003b4a	fe5ff2ef	jal	x5,80003b2e	  x5=0x80003b4e
       98695000	      9770	80003b2e	00a0076f	jal	x14,80003b38	 x14=0x80003b32
       98715000	      9772	80003b38	018000ef	jal	x1,80003b50	  x1=0x80003b3c
       98735000	      9774	80003b50	bffd	c.j	80003b4e	
       98755000	      9776	80003b4e	bff9	c.j	80003b2c	
       98775000	      9778	80003b2c	a029	c.j	80003b36	
       98795000	      9780	80003b36	3fc5	c.jal	80003b26	  x1=0x80003b38
       98825000	      9783	80003b26	0220036f	jal	x6,80003b48	  x6=0x80003b2a
       98845000	      9785	80003b48	3fe5	c.jal	80003b40	  x1=0x80003b4a
       98865000	      9787	80003b40	0140036f	jal	x6,80003b54	  x6=0x80003b44
       98885000	      9789	80003b54	3f13b113	sltiu	x2,x7,1009	  x7:0x80003a70  x2=0x00000000
       98895000	      9790	80003b58	01a000ef	jal	x1,80003b72	  x1=0x80003b5c
       98925000	      9793	80003b72	00e000ef	jal	x1,80003b80	  x1=0x80003b76
       98945000	      9795	80003b80	37f5	c.jal	80003b6c	  x1=0x80003b82
       98965000	      9797	80003b6c	ff7ff0ef	jal	x1,80003b62	  x1=0x80003b70
       98985000	      9799	80003b62	a011	c.j	80003b66	
       99005000	      9801	80003b66	bfdd	c.j	80003b5c	
       99025000	      9803	80003b5c	a005	c.j	80003b7c	
       99045000	      9805	80003b7c	ffdff36f	jal	x6,80003b78	  x6=0x80003b80
       99065000	      9807	80003b78	fedff0ef	jal	x1,80003b64	  x1=0x80003b7c
       99085000	      9809	80003b64	bfed	c.j	80003b5e	
       99115000	      9812	80003b5e	0120036f	jal	x6,80003b70	  x6=0x80003b62
       99135000	      9814	80003b70	a019	c.j	80003b76	
       99155000	      9816	80003b76	2031	c.jal	80003b82	  x1=0x80003b78
       99175000	      9818	80003b82	b7dd	c.j	80003b68	
       99195000	      9820	80003b68	01c0036f	jal	x6,80003b84	  x6=0x80003b6c
       99215000	      9822	80003b84	2009	c.jal	80003b86	  x1=0x80003b86
       99235000	      9824	80003b86	4465	c.li	x8,25	  x8=0x00000019
       99245000	      9825	80003b88	012000ef	jal	x1,80003b9a	  x1=0x80003b8c
       99265000	      9827	80003b9a	a019	c.j	80003ba0	
       99285000	      9829	80003ba0	3fcd	c.jal	80003b92	  x1=0x80003ba2
       99315000	      9832	80003b92	00c0036f	jal	x6,80003b9e	  x6=0x80003b96
       99335000	      9834	80003b9e	3fcd	c.jal	80003b90	  x1=0x80003ba0
       99355000	      9836	80003b90	a829	c.j	80003baa	
       99375000	      9838	80003baa	b7f5	c.j	80003b96	
       99405000	      9841	80003b96	00c000ef	jal	x1,80003ba2	  x1=0x80003b9a
       99425000	      9843	80003ba2	a009	c.j	80003ba4	
       99445000	      9845	80003ba4	2009	c.jal	80003ba6	  x1=0x80003ba6
       99475000	      9848	80003ba6	fe7fff6f	jal	x30,80003b8c	 x30=0x80003baa
       99495000	      9850	80003b8c	022000ef	jal	x1,80003bae	  x1=0x80003b90
       99515000	      9852	80003bae	3ffd	c.jal	80003bac	  x1=0x80003bb0
       99535000	      9854	80003bac	bfc5	c.j	80003b9c	
       99555000	      9856	80003b9c	2811	c.jal	80003bb0	  x1=0x80003b9e
       99935000	      9894	80003bb0	037c67b3	rem	x15,x24,x23	 x24:0xffffffff x23:0x8001fe24 x15=0xffffffff
       99945000	      9895	80003bb4	016000ef	jal	x1,80003bca	  x1=0x80003bb8
       99965000	      9897	80003bca	2029	c.jal	80003bd4	  x1=0x80003bcc
       99985000	      9899	80003bd4	00c0036f	jal	x6,80003be0	  x6=0x80003bd8
      100005000	      9901	80003be0	fefff0ef	jal	x1,80003bce	  x1=0x80003be4
      100025000	      9903	80003bce	a831	c.j	80003bea	
      100055000	      9906	80003bea	006001ef	jal	x3,80003bf0	  x3=0x80003bee
      100075000	      9908	80003bf0	bfe5	c.j	80003be8	
      100095000	      9910	80003be8	2019	c.jal	80003bee	  x1=0x80003bea
      100115000	      9912	80003bee	3fe1	c.jal	80003bc6	  x1=0x80003bf0
      100135000	      9914	80003bc6	a029	c.j	80003bd0	
      100155000	      9916	80003bd0	febff96f	jal	x18,80003bba	 x18=0x80003bd4
      100185000	      9919	80003bba	fffff0ef	jal	x1,80003bb8	  x1=0x80003bbe
      100205000	      9921	80003bb8	a00d	c.j	80003bda	
      100235000	      9924	80003bda	fe9ff0ef	jal	x1,80003bc2	  x1=0x80003bde
      100265000	      9927	80003bc2	022000ef	jal	x1,80003be4	  x1=0x80003bc6
      100285000	      9929	80003be4	bfe9	c.j	80003bbe	
      100315000	      9932	80003bbe	028000ef	jal	x1,80003be6	  x1=0x80003bc2
      100335000	      9934	80003be6	37dd	c.jal	80003bcc	  x1=0x80003be8
      100355000	      9936	80003bcc	bff5	c.j	80003bc8	
      100375000	      9938	80003bc8	2801	c.jal	80003bd8	  x1=0x80003bca
      100395000	      9940	80003bd8	2019	c.jal	80003bde	  x1=0x80003bda
      100415000	      9942	80003bde	a811	c.j	80003bf2	
      100435000	      9944	80003bf2	8c5d	c.or	x8,x15	  x8:0x00000019 x15:0xffffffff  x8=0xffffffff
      100445000	      9945	80003bf4	022000ef	jal	x1,80003c16	  x1=0x80003bf8
      100465000	      9947	80003c16	37ed	c.jal	80003c00	  x1=0x80003c18
      100485000	      9949	80003c00	00a0036f	jal	x6,80003c0a	  x6=0x80003c04
      100515000	      9952	80003c0a	ffdff66f	jal	x12,80003c06	 x12=0x80003c0e
      100545000	      9955	80003c06	00a002ef	jal	x5,80003c10	  x5=0x80003c0a
      100565000	      9957	80003c10	b7f5	c.j	80003bfc	
      100585000	      9959	80003bfc	012000ef	jal	x1,80003c0e	  x1=0x80003c00
      100605000	      9961	80003c0e	37ed	c.jal	80003bf8	  x1=0x80003c10
      100625000	      9963	80003bf8	00c000ef	jal	x1,80003c04	  x1=0x80003bfc
      100645000	      9965	80003c04	2811	c.jal	80003c18	  x1=0x80003c06
      100665000	      9967	80003c18	ffdff0ef	jal	x1,80003c14	  x1=0x80003c1c
      100685000	      9969	80003c14	bffd	c.j	80003c12	
      100705000	      9971	80003c12	a029	c.j	80003c1c	
      101085000	     10009	80003c1c	02bfcc33	div	x24,x31,x11	 x31:0x000000a1 x11:0xf1e8b1fd x24=0x00000000
      101095000	     10010	80003c20	012000ef	jal	x1,80003c32	  x1=0x80003c24
      101125000	     10013	80003c32	0220076f	jal	x14,80003c54	 x14=0x80003c36
      101145000	     10015	80003c54	ff9ff0ef	jal	x1,80003c4c	  x1=0x80003c58
      101165000	     10017	80003c4c	bfe1	c.j	80003c24	
      101185000	     10019	80003c24	034000ef	jal	x1,80003c58	  x1=0x80003c28
      101205000	     10021	80003c58	3fd1	c.jal	80003c2c	  x1=0x80003c5a
      101225000	     10023	80003c2c	2831	c.jal	80003c48	  x1=0x80003c2e
      101245000	     10025	80003c48	a831	c.j	80003c64	
      101265000	     10027	80003c64	bffd	c.j	80003c62	
      101285000	     10029	80003c62	37cd	c.jal	80003c44	  x1=0x80003c64
      101305000	     10031	80003c44	bfe5	c.j	80003c3c	
      101325000	     10033	80003c3c	a009	c.j	80003c3e	
      101345000	     10035	80003c3e	a809	c.j	80003c50	
      101365000	     10037	80003c50	2009	c.jal	80003c52	  x1=0x80003c52
      101385000	     10039	80003c52	3fd9	c.jal	80003c28	  x1=0x80003c54
      101405000	     10041	80003c28	03e000ef	jal	x1,80003c66	  x1=0x80003c2c
      101425000	     10043	80003c66	bfed	c.j	80003c60	
      101445000	     10045	80003c60	b7fd	c.j	80003c4e	
      101465000	     10047	80003c4e	3fe5	c.jal	80003c46	  x1=0x80003c50
      101485000	     10049	80003c46	3fcd	c.jal	80003c38	  x1=0x80003c48
      101505000	     10051	80003c38	0260026f	jal	x4,80003c5e	  x4=0x80003c3c
      101525000	     10053	80003c5e	37d5	c.jal	80003c42	  x1=0x80003c60
      101545000	     10055	80003c42	a021	c.j	80003c4a	
      101565000	     10057	80003c4a	2839	c.jal	80003c68	  x1=0x80003c4c
      101585000	     10059	80003c68	fc9ff36f	jal	x6,80003c30	  x6=0x80003c6c
      101605000	     10061	80003c30	a019	c.j	80003c36	
      101625000	     10063	80003c36	2015	c.jal	80003c5a	  x1=0x80003c38
      101655000	     10066	80003c5a	fd5ff36f	jal	x6,80003c2e	  x6=0x80003c5e
      101675000	     10068	80003c2e	a809	c.j	80003c40	
      101695000	     10070	80003c40	2035	c.jal	80003c6c	  x1=0x80003c42
      101715000	     10072	80003c6c	0163d433	srl	x8,x7,x22	  x7:0x80003a70 x22:0x0001f000  x8=0x80003a70
      101725000	     10073	80003c70	010000ef	jal	x1,80003c80	  x1=0x80003c74
      101745000	     10075	80003c80	0040066f	jal	x12,80003c84	 x12=0x80003c84
      101765000	     10077	80003c84	a801	c.j	80003c94	
      101785000	     10079	80003c94	3fed	c.jal	80003c8e	  x1=0x80003c96
      101805000	     10081	80003c8e	bfc5	c.j	80003c7e	
      101825000	     10083	80003c7e	2809	c.jal	80003c90	  x1=0x80003c80
      101845000	     10085	80003c90	3ff5	c.jal	80003c8c	  x1=0x80003c92
      101865000	     10087	80003c8c	3ffd	c.jal	80003c8a	  x1=0x80003c8e
      101885000	     10089	80003c8a	b7f5	c.j	80003c76	
      101905000	     10091	80003c76	a03d	c.j	80003ca4	
      101925000	     10093	80003ca4	3fc1	c.jal	80003c74	  x1=0x80003ca6
      101945000	     10095	80003c74	a809	c.j	80003c86	
      101965000	     10097	80003c86	2801	c.jal	80003c96	  x1=0x80003c88
      101985000	     10099	80003c96	a009	c.j	80003c98	
      102005000	     10101	80003c98	b7cd	c.j	80003c7a	
      102025000	     10103	80003c7a	3ffd	c.jal	80003c78	  x1=0x80003c7c
      102045000	     10105	80003c78	2829	c.jal	80003c92	  x1=0x80003c7a
      102065000	     10107	80003c92	3fdd	c.jal	80003c88	  x1=0x80003c94
      102085000	     10109	80003c88	2829	c.jal	80003ca2	  x1=0x80003c8a
      102105000	     10111	80003ca2	bff5	c.j	80003c9e	
      102135000	     10114	80003c9e	0080036f	jal	x6,80003ca6	  x6=0x80003ca2
      102155000	     10116	80003ca6	3fd5	c.jal	80003c9a	  x1=0x80003ca8
      102175000	     10118	80003c9a	2009	c.jal	80003c9c	  x1=0x80003c9c
      102195000	     10120	80003c9c	b7c5	c.j	80003c7c	
      102215000	     10122	80003c7c	2035	c.jal	80003ca8	  x1=0x80003c7e
      102255000	     10126	80003ca8	026e8cb3	mul	x25,x29,x6	 x29:0x00000000  x6:0x80003ca2 x25=0x00000000
      102265000	     10127	80003cac	030000ef	jal	x1,80003cdc	  x1=0x80003cb0
      102285000	     10129	80003cdc	ffbffc6f	jal	x24,80003cd6	 x24=0x80003ce0
      102315000	     10132	80003cd6	fe7ff36f	jal	x6,80003cbc	  x6=0x80003cda
      102335000	     10134	80003cbc	ff9ff0ef	jal	x1,80003cb4	  x1=0x80003cc0
      102355000	     10136	80003cb4	a031	c.j	80003cc0	
      102375000	     10138	80003cc0	280d	c.jal	80003cf2	  x1=0x80003cc2
      102395000	     10140	80003cf2	3ff9	c.jal	80003cd0	  x1=0x80003cf4
      102415000	     10142	80003cd0	ff9ff0ef	jal	x1,80003cc8	  x1=0x80003cd4
      102435000	     10144	80003cc8	02c0036f	jal	x6,80003cf4	  x6=0x80003ccc
      102455000	     10146	80003cf4	fefff0ef	jal	x1,80003ce2	  x1=0x80003cf8
      102475000	     10148	80003ce2	a019	c.j	80003ce8	
      102495000	     10150	80003ce8	3fcd	c.jal	80003cda	  x1=0x80003cea
      102515000	     10152	80003cda	3fcd	c.jal	80003ccc	  x1=0x80003cdc
      102535000	     10154	80003ccc	2811	c.jal	80003ce0	  x1=0x80003cce
      102555000	     10156	80003ce0	2019	c.jal	80003ce6	  x1=0x80003ce2
      102575000	     10158	80003ce6	3fc1	c.jal	80003cb6	  x1=0x80003ce8
      102595000	     10160	80003cb6	2815	c.jal	80003cea	  x1=0x80003cb8
      102615000	     10162	80003cea	b7d5	c.j	80003cce	
      102635000	     10164	80003cce	b7ed	c.j	80003cb8	
      102655000	     10166	80003cb8	a831	c.j	80003cd4	
      102675000	     10168	80003cd4	201d	c.jal	80003cfa	  x1=0x80003cd6
      102705000	     10171	80003cfa	fc1ff0ef	jal	x1,80003cba	  x1=0x80003cfe
      102725000	     10173	80003cba	a83d	c.j	80003cf8	
      102745000	     10175	80003cf8	bf65	c.j	80003cb0	
      102765000	     10177	80003cb0	034000ef	jal	x1,80003ce4	  x1=0x80003cb4
      102785000	     10179	80003ce4	b7c5	c.j	80003cc4	
      102805000	     10181	80003cc4	028000ef	jal	x1,80003cec	  x1=0x80003cc8
      102825000	     10183	80003cec	bfd9	c.j	80003cc2	
      102845000	     10185	80003cc2	a035	c.j	80003cee	
      102875000	     10188	80003cee	010000ef	jal	x1,80003cfe	  x1=0x80003cf2
      102905000	     10191	80003cfe	26403193	sltiu	x3,x0,612	  x0:0x00000000  x3=0x00000001
      102915000	     10192	80003d02	022000ef	jal	x1,80003d24	  x1=0x80003d06
      102935000	     10194	80003d24	ffdff0ef	jal	x1,80003d20	  x1=0x80003d28
      102955000	     10196	80003d20	3fd5	c.jal	80003d14	  x1=0x80003d22
      102975000	     10198	80003d14	0060036f	jal	x6,80003d1a	  x6=0x80003d18
      102995000	     10200	80003d1a	2009	c.jal	80003d1c	  x1=0x80003d1c
      103015000	     10202	80003d1c	2009	c.jal	80003d1e	  x1=0x80003d1e
      103035000	     10204	80003d1e	37ed	c.jal	80003d08	  x1=0x80003d20
      103055000	     10206	80003d08	010002ef	jal	x5,80003d18	  x5=0x80003d0c
      103075000	     10208	80003d18	a801	c.j	80003d28	
      103095000	     10210	80003d28	bff9	c.j	80003d06	
      103115000	     10212	80003d06	a029	c.j	80003d10	
      103135000	     10214	80003d10	ffdff16f	jal	x2,80003d0c	  x2=0x80003d14
      103155000	     10216	80003d0c	01e0036f	jal	x6,80003d2a	  x6=0x80003d10
      103175000	     10218	80003d2a	3fe5	c.jal	80003d22	  x1=0x80003d2c
      103195000	     10220	80003d22	2029	c.jal	80003d2c	  x1=0x80003d24
      103215000	     10222	80003d2c	8456	c.mv	x8,x21	  x0:0x00000000 x21:0x00000000  x8=0x00000000
      103225000	     10223	80003d2e	014000ef	jal	x1,80003d42	  x1=0x80003d32
      103245000	     10225	80003d42	a02d	c.j	80003d6c	
      103265000	     10227	80003d6c	37e9	c.jal	80003d36	  x1=0x80003d6e
      103285000	     10229	80003d36	2819	c.jal	80003d4c	  x1=0x80003d38
      103305000	     10231	80003d4c	a029	c.j	80003d56	
      103335000	     10234	80003d56	014000ef	jal	x1,80003d6a	  x1=0x80003d5a
      103355000	     10236	80003d6a	b7d5	c.j	80003d4e	
      103375000	     10238	80003d4e	37f5	c.jal	80003d3a	  x1=0x80003d50
      103405000	     10241	80003d3a	022000ef	jal	x1,80003d5c	  x1=0x80003d3e
      103425000	     10243	80003d5c	fedff0ef	jal	x1,80003d48	  x1=0x80003d60
      103445000	     10245	80003d48	b7ed	c.j	80003d32	
      103475000	     10248	80003d32	03c000ef	jal	x1,80003d6e	  x1=0x80003d36
      103495000	     10250	80003d6e	b7cd	c.j	80003d50	
      103515000	     10252	80003d50	0240016f	jal	x2,80003d74	  x2=0x80003d54
      103535000	     10254	80003d74	b7d1	c.j	80003d38	
      103555000	     10256	80003d38	2019	c.jal	80003d3e	  x1=0x80003d3a
      103575000	     10258	80003d3e	200d	c.jal	80003d60	  x1=0x80003d40
      103595000	     10260	80003d60	2011	c.jal	80003d64	  x1=0x80003d62
      103615000	     10262	80003d64	fddff86f	jal	x16,80003d40	 x16=0x80003d68
      103635000	     10264	80003d40	2829	c.jal	80003d5a	  x1=0x80003d42
      103655000	     10266	80003d5a	2021	c.jal	80003d62	  x1=0x80003d5c
      103675000	     10268	80003d62	37cd	c.jal	80003d44	  x1=0x80003d64
      103695000	     10270	80003d44	0100026f	jal	x4,80003d54	  x4=0x80003d48
      103715000	     10272	80003d54	a811	c.j	80003d68	
      103735000	     10274	80003d68	b7cd	c.j	80003d4a	
      103755000	     10276	80003d4a	201d	c.jal	80003d70	  x1=0x80003d4c
      103775000	     10278	80003d70	006000ef	jal	x1,80003d76	  x1=0x80003d74
      103795000	     10280	80003d76	828a	c.mv	x5,x2	  x0:0x00000000  x2:0x80003d54  x5=0x80003d54
      103805000	     10281	80003d78	01e000ef	jal	x1,80003d96	  x1=0x80003d7c
      103825000	     10283	80003d96	a029	c.j	80003da0	
      103845000	     10285	80003da0	bffd	c.j	80003d9e	
      103865000	     10287	80003d9e	3ff5	c.jal	80003d9a	  x1=0x80003da0
      103885000	     10289	80003d9a	3fed	c.jal	80003d94	  x1=0x80003d9c
      103905000	     10291	80003d94	2011	c.jal	80003d98	  x1=0x80003d96
      103925000	     10293	80003d98	a039	c.j	80003da6	
      103945000	     10295	80003da6	2009	c.jal	80003da8	  x1=0x80003da8
      103965000	     10297	80003da8	bfd5	c.j	80003d9c	
      103985000	     10299	80003d9c	b7c5	c.j	80003d7c	
      104005000	     10301	80003d7c	a031	c.j	80003d88	
      104025000	     10303	80003d88	3fe5	c.jal	80003d80	  x1=0x80003d8a
      104045000	     10305	80003d80	a009	c.j	80003d82	
      104075000	     10308	80003d82	ffdff46f	jal	x8,80003d7e	  x8=0x80003d86
      104095000	     10310	80003d7e	2809	c.jal	80003d90	  x1=0x80003d80
      104115000	     10312	80003d90	0120086f	jal	x16,80003da2	 x16=0x80003d94
      104135000	     10314	80003da2	b7d5	c.j	80003d86	
      104155000	     10316	80003d86	2019	c.jal	80003d8c	  x1=0x80003d88
      104175000	     10318	80003d8c	018000ef	jal	x1,80003da4	  x1=0x80003d90
      104195000	     10320	80003da4	b7dd	c.j	80003d8a	
      104215000	     10322	80003d8a	2005	c.jal	80003daa	  x1=0x80003d8c
      104245000	     10325	80003daa	ca00ae93	slti	x29,x1,-864	  x1:0x80003d8c x29=0x00000001
      104255000	     10326	80003dae	00c000ef	jal	x1,80003dba	  x1=0x80003db2
      104275000	     10328	80003dba	a031	c.j	80003dc6	
      104305000	     10331	80003dc6	004000ef	jal	x1,80003dca	  x1=0x80003dca
      104335000	     10334	80003dca	fedff0ef	jal	x1,80003db6	  x1=0x80003dce
      104365000	     10337	80003db6	fffff36f	jal	x6,80003db4	  x6=0x80003dba
      104385000	     10339	80003db4	a031	c.j	80003dc0	
      104405000	     10341	80003dc0	2009	c.jal	80003dc2	  x1=0x80003dc2
      104435000	     10344	80003dc2	ffdff0ef	jal	x1,80003dbe	  x1=0x80003dc6
      104455000	     10346	80003dbe	3ffd	c.jal	80003dbc	  x1=0x80003dc0
      104475000	     10348	80003dbc	3fdd	c.jal	80003db2	  x1=0x80003dbe
      104495000	     10350	80003db2	a831	c.j	80003dce	
      104525000	     10353	80003dce	61583113	sltiu	x2,x16,1557	 x16:0x80003d94  x2=0x00000000
      104535000	     10354	80003dd2	00a000ef	jal	x1,80003ddc	  x1=0x80003dd6
      104555000	     10356	80003ddc	a029	c.j	80003de6	
      104585000	     10359	80003de6	004002ef	jal	x5,80003dea	  x5=0x80003dea
      104615000	     10362	80003dea	010001ef	jal	x3,80003dfa	  x3=0x80003dee
      104645000	     10365	80003dfa	ffdffcef	jal	x25,80003df6	 x25=0x80003dfe
      104675000	     10368	80003df6	fe1ff0ef	jal	x1,80003dd6	  x1=0x80003dfa
      104695000	     10370	80003dd6	2831	c.jal	80003df2	  x1=0x80003dd8
      104715000	     10372	80003df2	3ff5	c.jal	80003dee	  x1=0x80003df4
      104745000	     10375	80003dee	ff1ff0ef	jal	x1,80003dde	  x1=0x80003df2
      104765000	     10377	80003dde	200d	c.jal	80003e00	  x1=0x80003de0
      104785000	     10379	80003e00	bfe1	c.j	80003dd8	
      104805000	     10381	80003dd8	0080036f	jal	x6,80003de0	  x6=0x80003ddc
      104825000	     10383	80003de0	0220036f	jal	x6,80003e02	  x6=0x80003de4
      104845000	     10385	80003e02	bfcd	c.j	80003df4	
      104865000	     10387	80003df4	3fc5	c.jal	80003de4	  x1=0x80003df6
      104885000	     10389	80003de4	a829	c.j	80003dfe	
      104905000	     10391	80003dfe	2019	c.jal	80003e04	  x1=0x80003e00
      104925000	     10393	80003e04	01475893	srli	x17,x14,0x14	 x14:0x80003c36 x17=0x00000800
      104935000	     10394	80003e08	01a000ef	jal	x1,80003e22	  x1=0x80003e0c
      104965000	     10397	80003e22	0240036f	jal	x6,80003e46	  x6=0x80003e26
      104985000	     10399	80003e46	2029	c.jal	80003e50	  x1=0x80003e48
      105005000	     10401	80003e50	ffbff36f	jal	x6,80003e4a	  x6=0x80003e54
      105025000	     10403	80003e4a	3fc9	c.jal	80003e1c	  x1=0x80003e4c
      105045000	     10405	80003e1c	3fc5	c.jal	80003e0c	  x1=0x80003e1e
      105065000	     10407	80003e0c	2805	c.jal	80003e3c	  x1=0x80003e0e
      105085000	     10409	80003e3c	3fd5	c.jal	80003e30	  x1=0x80003e3e
      105105000	     10411	80003e30	006000ef	jal	x1,80003e36	  x1=0x80003e34
      105125000	     10413	80003e36	bfdd	c.j	80003e2c	
      105145000	     10415	80003e2c	fe3ff0ef	jal	x1,80003e0e	  x1=0x80003e30
      105165000	     10417	80003e0e	a80d	c.j	80003e40	
      105185000	     10419	80003e40	febff0ef	jal	x1,80003e2a	  x1=0x80003e44
      105205000	     10421	80003e2a	200d	c.jal	80003e4c	  x1=0x80003e2c
      105225000	     10423	80003e4c	fc5ff0ef	jal	x1,80003e10	  x1=0x80003e50
      105245000	     10425	80003e10	a019	c.j	80003e16	
      105275000	     10428	80003e16	028000ef	jal	x1,80003e3e	  x1=0x80003e1a
      105295000	     10430	80003e3e	b7cd	c.j	80003e20	
      105315000	     10432	80003e20	2015	c.jal	80003e44	  x1=0x80003e22
      105335000	     10434	80003e44	3fc5	c.jal	80003e34	  x1=0x80003e46
      105355000	     10436	80003e34	a811	c.j	80003e48	
      105375000	     10438	80003e48	bfc9	c.j	80003e1a	
      105395000	     10440	80003e1a	bfe5	c.j	80003e12	
      105425000	     10443	80003e12	016000ef	jal	x1,80003e28	  x1=0x80003e16
      105445000	     10445	80003e28	2801	c.jal	80003e38	  x1=0x80003e2a
      105465000	     10447	80003e38	fe7fff6f	jal	x30,80003e1e	 x30=0x80003e3c
      105485000	     10449	80003e1e	a021	c.j	80003e26	
      105505000	     10451	80003e26	203d	c.jal	80003e54	  x1=0x80003e28
      105525000	     10453	80003e54	5061c893	xori	x17,x3,1286	  x3:0x80003dee x17=0x800038e8
      105535000	     10454	80003e58	01c000ef	jal	x1,80003e74	  x1=0x80003e5c
      105555000	     10456	80003e74	3ff5	c.jal	80003e70	  x1=0x80003e76
      105575000	     10458	80003e70	2021	c.jal	80003e78	  x1=0x80003e72
      105595000	     10460	80003e78	a00d	c.j	80003e9a	
      105625000	     10463	80003e9a	ffdff9ef	jal	x19,80003e96	 x19=0x80003e9e
      105655000	     10466	80003e96	ff5ff86f	jal	x16,80003e8a	 x16=0x80003e9a
      105675000	     10468	80003e8a	37e5	c.jal	80003e72	  x1=0x80003e8c
      105695000	     10470	80003e72	a035	c.j	80003e9e	
      105715000	     10472	80003e9e	bfe1	c.j	80003e76	
      105735000	     10474	80003e76	a021	c.j	80003e7e	
      105755000	     10476	80003e7e	37f5	c.jal	80003e6a	  x1=0x80003e80
      105775000	     10478	80003e6a	bfcd	c.j	80003e5c	
      105795000	     10480	80003e5c	01000d6f	jal	x26,80003e6c	 x26=0x80003e60
      105815000	     10482	80003e6c	024000ef	jal	x1,80003e90	  x1=0x80003e70
      105835000	     10484	80003e90	3ff5	c.jal	80003e8c	  x1=0x80003e92
      105855000	     10486	80003e8c	bfdd	c.j	80003e82	
      105875000	     10488	80003e82	bfed	c.j	80003e7c	
      105895000	     10490	80003e7c	2029	c.jal	80003e86	  x1=0x80003e7e
      105915000	     10492	80003e86	a031	c.j	80003e92	
      105945000	     10495	80003e92	fefff0ef	jal	x1,80003e80	  x1=0x80003e96
      105965000	     10497	80003e80	37c5	c.jal	80003e60	  x1=0x80003e82
      105985000	     10499	80003e60	a829	c.j	80003e7a	
      106005000	     10501	80003e7a	2811	c.jal	80003e8e	  x1=0x80003e7c
      106025000	     10503	80003e8e	3fdd	c.jal	80003e84	  x1=0x80003e90
      106045000	     10505	80003e84	b7cd	c.j	80003e66	
      106075000	     10508	80003e66	ffdff36f	jal	x6,80003e62	  x6=0x80003e6a
      106105000	     10511	80003e62	0260036f	jal	x6,80003e88	  x6=0x80003e66
      106125000	     10513	80003e88	a821	c.j	80003ea0	
      106145000	     10515	80003ea0	98fd	c.andi	x9,-1	  x9:0x8000374c  x9=0x8000374c
      106155000	     10516	80003ea2	034000ef	jal	x1,80003ed6	  x1=0x80003ea6
      106175000	     10518	80003ed6	3fe9	c.jal	80003eb0	  x1=0x80003ed8
      106195000	     10520	80003eb0	ffbff0ef	jal	x1,80003eaa	  x1=0x80003eb4
      106215000	     10522	80003eaa	a839	c.j	80003ec8	
      106235000	     10524	80003ec8	bffd	c.j	80003ec6	
      106255000	     10526	80003ec6	a031	c.j	80003ed2	
      106275000	     10528	80003ed2	b7f5	c.j	80003ebe	
      106305000	     10531	80003ebe	03400fef	jal	x31,80003ef2	 x31=0x80003ec2
      106325000	     10533	80003ef2	a011	c.j	80003ef6	
      106345000	     10535	80003ef6	b7e5	c.j	80003ede	
      106375000	     10538	80003ede	0120036f	jal	x6,80003ef0	  x6=0x80003ee2
      106395000	     10540	80003ef0	3fcd	c.jal	80003ee2	  x1=0x80003ef2
      106415000	     10542	80003ee2	bfed	c.j	80003edc	
      106435000	     10544	80003edc	2801	c.jal	80003eec	  x1=0x80003ede
      106455000	     10546	80003eec	fcfff0ef	jal	x1,80003eba	  x1=0x80003ef0
      106485000	     10549	80003eba	01e0036f	jal	x6,80003ed8	  x6=0x80003ebe
      106505000	     10551	80003ed8	3ff1	c.jal	80003eb4	  x1=0x80003eda
      106525000	     10553	80003eb4	a801	c.j	80003ec4	
      106545000	     10555	80003ec4	a015	c.j	80003ee8	
      106565000	     10557	80003ee8	00c0036f	jal	x6,80003ef4	  x6=0x80003eec
      106585000	     10559	80003ef4	b7f9	c.j	80003ec2	
      106605000	     10561	80003ec2	b7ed	c.j	80003eac	
      106625000	     10563	80003eac	ffbff0ef	jal	x1,80003ea6	  x1=0x80003eb0
      106655000	     10566	80003ea6	040000ef	jal	x1,80003ee6	  x1=0x80003eaa
      106675000	     10568	80003ee6	37fd	c.jal	80003ed4	  x1=0x80003ee8
      106695000	     10570	80003ed4	3fed	c.jal	80003ece	  x1=0x80003ed6
      106725000	     10573	80003ece	016001ef	jal	x3,80003ee4	  x3=0x80003ed2
      106745000	     10575	80003ee4	bfdd	c.j	80003eda	
      106765000	     10577	80003eda	bfc5	c.j	80003eca	
      106795000	     10580	80003eca	fedff36f	jal	x6,80003eb6	  x6=0x80003ece
      106825000	     10583	80003eb6	04200fef	jal	x31,80003ef8	 x31=0x80003eba
      106845000	     10585	80003ef8	8dd6	c.mv	x27,x21	  x0:0x00000000 x21:0x00000000 x27=0x00000000
      106855000	     10586	80003efa	ffb77013	andi	x0,x14,-5	 x14:0x80003c36  x0=0x00000000
      106865000	     10587	80003efe	eb81	c.bnez	x15,80003f0e	 x15:0xffffffff
      106895000	     10590	80003f0e	002f7d63	bgeu	x30,x2,80003f28	 x30:0x80003e3c  x2:0x00000000
      106915000	     10592	80003f28	a9092b13	slti	x22,x18,-1392	 x18:0x80003bd4 x22=0x00000001
      106925000	     10593	80003f2c	80d9	c.srli	x9,0x16	  x9:0x8000374c  x9=0x00000200
      106935000	     10594	80003f2e	1a90	c.addi4spn	x12,x2,368	 x12=0x00000170
      106945000	     10595	80003f30	cb9d	c.beqz	x15,80003f66	 x15:0xffffffff
      107315000	     10632	80003f32	039ae933	rem	x18,x21,x25	 x21:0x00000000 x25:0x80003dfe x18=0x00000000
      107325000	     10633	80003f36	012fe833	or	x16,x31,x18	 x31:0x80003eba x18:0x00000000 x16=0x80003eba
      107335000	     10634	80003f3a	01775133	srl	x2,x14,x23	 x14:0x80003c36 x23:0x8001fe24  x2=0x080003c3
      107345000	     10635	80003f3e	013fd313	srli	x6,x31,0x13	 x31:0x80003eba  x6=0x00001000
      107355000	     10636	80003f42	00fe7eb3	and	x29,x28,x15	 x28:0x80003a38 x15:0xffffffff x29=0x80003a38
      107365000	     10637	80003f46	50fd	c.li	x1,-1	  x1=0xffffffff
      107735000	     10674	80003f48	02c64933	div	x18,x12,x12	 x12:0x00000170 x12:0x00000170 x18=0x00000001
      107745000	     10675	80003f4c	8671	c.srai	x12,0x1c	 x12:0x00000170 x12=0x00000000
      107755000	     10676	80003f4e	cf85	c.beqz	x15,80003f86	 x15:0xffffffff
      107765000	     10677	80003f50	cc67f037	lui	x0,0xcc67f	  x0=0x00000000
      107775000	     10678	80003f54	9e6a	c.add	x28,x26	 x28:0x80003a38 x26:0x80003e60 x28=0x00007898
      107785000	     10679	80003f56	c21d	c.beqz	x12,80003f7c	 x12:0x00000000
      107805000	     10681	80003f7c	8e2a	c.mv	x28,x10	  x0:0x00000000 x10:0x8000373c x28=0x8000373c
      107815000	     10682	80003f7e	0001	c.addi	x0,0	  x0:0x00000000  x0=0x00000000
      107825000	     10683	80003f80	8ce9	c.and	x9,x10	  x9:0x00000200 x10:0x8000373c  x9=0x00000200
      107835000	     10684	80003f82	4080da93	srai	x21,x1,0x8	  x1:0xffffffff x21=0xffffffff
      107845000	     10685	80003f86	8fe5	c.and	x15,x9	 x15:0xffffffff  x9:0x00000200 x15=0x00000200
      107855000	     10686	80003f88	916e	c.add	x2,x27	  x2:0x080003c3 x27:0x00000000  x2=0x080003c3
      107865000	     10687	80003f8a	71353993	sltiu	x19,x10,1811	 x10:0x8000373c x19=0x00000000
      107875000	     10688	80003f8e	0000100f	fence.i	
      107895000	     10690	80003f92	c629	c.beqz	x12,80003fdc	 x12:0x00000000
      107915000	     10692	80003fdc	c6c72c13	slti	x24,x14,-916	 x14:0x80003c36 x24=0x00000001
      108285000	     10729	80003fe0	035979b3	remu	x19,x18,x21	 x18:0x00000001 x21:0xffffffff x19=0x00000001
      108295000	     10730	80003fe4	8c85	c.sub	x9,x9	  x9:0x00000200  x9:0x00000200  x9=0x00000000
      108305000	     10731	80003fe6	417e5893	srai	x17,x28,0x17	 x28:0x8000373c x17=0xffffff00
      108315000	     10732	80003fea	00715763	bge	x2,x7,80003ff8	  x2:0x080003c3  x7:0x80003a70
      108335000	     10734	80003ff8	0d0a	c.slli	x26,0x2	 x26:0x80003e60 x26=0x0000f980
      108345000	     10735	80003ffa	e791	c.bnez	x15,80004006	 x15:0x00000200
      108365000	     10737	80004006	0001	c.addi	x0,0	  x0:0x00000000  x0=0x00000000
      108375000	     10738	80004008	00f6f463	bgeu	x13,x15,80004010	 x13:0x80023ce4 x15:0x00000200
      108425000	     10743	80004010	02a39db3	mulh	x27,x7,x10	  x7:0x80003a70 x10:0x8000373c x27=0x3fffc72a
      108435000	     10744	80004014	0789	c.addi	x15,2	 x15:0x00000200 x15=0x00000202
      108445000	     10745	80004016	8259	c.srli	x12,0x16	 x12:0x00000000 x12=0x00000000
      108455000	     10746	80004018	5ffd	c.li	x31,-1	 x31=0xffffffff
      108465000	     10747	8000401a	5cd6e093	ori	x1,x13,1485	 x13:0x80023ce4  x1=0x80023ded
      108835000	     10784	8000401e	02e06633	rem	x12,x0,x14	  x0:0x00000000 x14:0x80003c36 x12=0x00000000
      109205000	     10821	80004022	0283d4b3	divu	x9,x7,x8	  x7:0x80003a70  x8:0x80003d86  x9=0x00000000
      109215000	     10822	80004026	007e8b33	add	x22,x29,x7	 x29:0x80003a38  x7:0x80003a70 x22=0x000074a8
      109225000	     10823	8000402a	01fd9433	sll	x8,x27,x31	 x27:0x3fffc72a x31:0xffffffff  x8=0x00000000
      109235000	     10824	8000402e	05c97793	andi	x15,x18,92	 x18:0x00000001 x15=0x00000000
      109245000	     10825	80004032	6409a713	slti	x14,x19,1600	 x19:0x00000001 x14=0x00000001
      109255000	     10826	80004036	2fd0d1b7	lui	x3,0x2fd0d	  x3=0x2fd0d000
      109625000	     10863	8000403a	02da4033	div	x0,x20,x13	 x20:0x800038aa x13:0x80023ce4  x0=0x00000000
      109635000	     10864	8000403e	00c06e33	or	x28,x0,x12	  x0:0x00000000 x12:0x00000000 x28=0x00000000
      109645000	     10865	80004042	0d0e	c.slli	x26,0x3	 x26:0x0000f980 x26=0x0007cc00
      109655000	     10866	80004044	01f50c63	beq	x10,x31,8000405c	 x10:0x8000373c x31:0xffffffff
      109665000	     10867	80004048	8cc2	c.mv	x25,x16	  x0:0x00000000 x16:0x80003eba x25=0x80003eba
      109675000	     10868	8000404a	7c7434b7	lui	x9,0x7c743	  x9=0x7c743000
      109685000	     10869	8000404e	8d69	c.and	x10,x10	 x10:0x8000373c x10:0x8000373c x10=0x8000373c
      109695000	     10870	80004050	6179	c.addi16sp	x2,464	  x2:0x080003c3  x2=0x08000593
      109705000	     10871	80004052	e899	c.bnez	x9,80004068	  x9:0x7c743000
      109725000	     10873	80004068	e389	c.bnez	x15,8000406a	 x15:0x00000000
      109735000	     10874	8000406a	00f3d563	bge	x7,x15,80004074	  x7:0x80003a70 x15:0x00000000
      109745000	     10875	8000406e	0050f563	bgeu	x1,x5,80004078	  x1:0x80023ded  x5:0x80003dea
      109765000	     10877	80004078	e515	c.bnez	x10,800040a4	 x10:0x8000373c
      109785000	     10879	800040a4	00641563	bne	x8,x6,800040ae	  x8:0x00000000  x6:0x00001000
      109815000	     10882	800040ae	02d57563	bgeu	x10,x13,800040d8	 x10:0x8000373c x13:0x80023ce4
      109825000	     10883	800040b2	03bac663	blt	x21,x27,800040de	 x21:0xffffffff x27:0x3fffc72a
      109885000	     10889	800040de	02541cb3	mulh	x25,x8,x5	  x8:0x00000000  x5:0x80003dea x25=0x00000000
      109895000	     10890	800040e2	717d	c.addi16sp	x2,-16	  x2:0x08000593  x2=0x08000583
      109905000	     10891	800040e4	8c8d	c.sub	x9,x11	  x9:0x7c743000 x11:0xf1e8b1fd  x9=0x8a8b7e03
      109915000	     10892	800040e6	84a2	c.mv	x9,x8	  x0:0x00000000  x8:0x00000000  x9=0x00000000
      109925000	     10893	800040e8	7285fe93	andi	x29,x11,1832	 x11:0xf1e8b1fd x29=0x00000128
      109935000	     10894	800040ec	aeb2e713	ori	x14,x5,-1301	  x5:0x80003dea x14=0xffffffeb
      109945000	     10895	800040f0	80aa	c.mv	x1,x10	  x0:0x00000000 x10:0x8000373c  x1=0x8000373c
      109955000	     10896	800040f2	2423ca13	xori	x20,x7,578	  x7:0x80003a70 x20=0x80003832
      109965000	     10897	800040f6	02c8af93	slti	x31,x17,44	 x17:0xffffff00 x31=0x00000001
      109975000	     10898	800040fa	9b634293	xori	x5,x6,-1610	  x6:0x00001000  x5=0xffffe9b6
      109985000	     10899	800040fe	8cad	c.xor	x9,x11	  x9:0x00000000 x11:0xf1e8b1fd  x9=0xf1e8b1fd
      110355000	     10936	80004100	02dacdb3	div	x27,x21,x13	 x21:0xffffffff x13:0x80023ce4 x27=0x00000000
      110365000	     10937	80004104	000940b3	xor	x1,x18,x0	 x18:0x00000001  x0:0x00000000  x1=0x00000001
      110375000	     10938	80004108	80bd	c.srli	x9,0xf	  x9:0xf1e8b1fd  x9=0x0001e3d1
      110385000	     10939	8000410a	01c8de13	srli	x28,x17,0x1c	 x17:0xffffff00 x28=0x0000000f
      110395000	     10940	8000410e	7ce3b613	sltiu	x12,x7,1998	  x7:0x80003a70 x12=0x00000000
      110435000	     10944	80004112	02e8a033	mulhsu	x0,x17,x14	 x17:0xffffff00 x14:0xffffffeb  x0=0x00000000
      110805000	     10981	80004116	037de633	rem	x12,x27,x23	 x27:0x00000000 x23:0x8001fe24 x12=0x00000000
      110815000	     10982	8000411a	0190d893	srli	x17,x1,0x19	  x1:0x00000001 x17=0x00000000
      110855000	     10986	8000411e	02a1b8b3	mulhu	x17,x3,x10	  x3:0x2fd0d000 x10:0x8000373c x17=0x17e87251
      110865000	     10987	80004122	01346133	or	x2,x8,x19	  x8:0x00000000 x19:0x00000001  x2=0x00000001
      110875000	     10988	80004126	0001	c.addi	x0,0	  x0:0x00000000  x0=0x00000000
      110885000	     10989	80004128	416b52b3	sra	x5,x22,x22	 x22:0x000074a8 x22:0x000074a8  x5=0x00000074
      110895000	     10990	8000412c	4157d833	sra	x16,x15,x21	 x15:0x00000000 x21:0xffffffff x16=0x00000000
      110905000	     10991	80004130	41e554b3	sra	x9,x10,x30	 x10:0x8000373c x30:0x80003e3c  x9=0xfffffff8
      110915000	     10992	80004134	8c11	c.sub	x8,x12	  x8:0x00000000 x12:0x00000000  x8=0x00000000
      110945000	     10995	80004136	02f00eb3	mul	x29,x0,x15	  x0:0x00000000 x15:0x00000000 x29=0x00000000
      110955000	     10996	8000413a	717d	c.addi16sp	x2,-16	  x2:0x00000001  x2=0xfffffff1
      110965000	     10997	8000413c	009c0f33	add	x30,x24,x9	 x24:0x00000001  x9:0xfffffff8 x30=0xfffffff9
      110975000	     10998	80004140	0656	c.slli	x12,0x15	 x12:0x00000000 x12=0x00000000
      110985000	     10999	80004142	8475	c.srai	x8,0x1d	  x8:0x00000000  x8=0x00000000
      110995000	     11000	80004144	abeb2013	slti	x0,x22,-1346	 x22:0x000074a8  x0=0x00000000
      111005000	     11001	80004148	c5f2f013	andi	x0,x5,-929	  x5:0x00000074  x0=0x00000000
      111015000	     11002	8000414c	be2c3393	sltiu	x7,x24,-1054	 x24:0x00000001  x7=0x00000001
      111025000	     11003	80004150	909e	c.add	x1,x7	  x1:0x00000001  x7:0x00000001  x1=0x00000002
      111035000	     11004	80004152	4c6e7293	andi	x5,x28,1222	 x28:0x0000000f  x5=0x00000006
      111045000	     11005	80004156	00a49863	bne	x9,x10,80004166	  x9:0xfffffff8 x10:0x8000373c
      111435000	     11044	80004166	02bbe2b3	rem	x5,x23,x11	 x23:0x8001fe24 x11:0xf1e8b1fd  x5=0xfed3bc3f
      111445000	     11045	8000416a	84e5	c.srai	x9,0x19	  x9:0xfffffff8  x9=0xffffffff
      111815000	     11082	8000416c	023478b3	remu	x17,x8,x3	  x8:0x00000000  x3:0x2fd0d000 x17=0x00000000
      111825000	     11083	80004170	84d9	c.srai	x9,0x16	  x9:0xffffffff  x9=0xffffffff
      111835000	     11084	80004172	69a5	c.lui	x19,0x9	 x19=0x00009000
      111845000	     11085	80004174	809d	c.srli	x9,0x7	  x9:0xffffffff  x9=0x01ffffff
      111855000	     11086	80004176	98fd	c.andi	x9,-1	  x9:0x01ffffff  x9=0x01ffffff
      111865000	     11087	80004178	40d45613	srai	x12,x8,0xd	  x8:0x00000000 x12=0x00000000
      111875000	     11088	8000417c	01fb0db3	add	x27,x22,x31	 x22:0x000074a8 x31:0x00000001 x27=0x000074a9
      111885000	     11089	80004180	00dc0a33	add	x20,x24,x13	 x24:0x00000001 x13:0x80023ce4 x20=0x80023ce5
      111925000	     11093	80004184	020991b3	mulh	x3,x19,x0	 x19:0x00009000  x0:0x00000000  x3=0x00000000
      111935000	     11094	80004188	416c5ab3	sra	x21,x24,x22	 x24:0x00000001 x22:0x000074a8 x21=0x00000000
      111945000	     11095	8000418c	cc19	c.beqz	x8,800041aa	  x8:0x00000000
      111985000	     11099	800041aa	0239ddb3	divu	x27,x19,x3	 x19:0x00009000  x3:0x00000000 x27=0xffffffff
      111995000	     11100	800041ae	029d4c63	blt	x26,x9,800041e6	 x26:0x0007cc00  x9:0x01ffffff
      112025000	     11103	800041e6	04c31163	bne	x6,x12,80004228	  x6:0x00001000 x12:0x00000000
      112045000	     11105	80004228	02280663	beq	x16,x2,80004254	 x16:0x00000000  x2:0xfffffff1
      112055000	     11106	8000422c	01558f63	beq	x11,x21,8000424a	 x11:0xf1e8b1fd x21:0x00000000
      112095000	     11110	80004230	02123133	mulhu	x2,x4,x1	  x4:0x80003d48  x1:0x00000002  x2=0x00000001
      112105000	     11111	80004234	ed0d	c.bnez	x10,8000426e	 x10:0x8000373c
      112165000	     11117	8000426e	022197b3	mulh	x15,x3,x2	  x3:0x00000000  x2:0x00000001 x15=0x00000000
      112175000	     11118	80004272	e501	c.bnez	x10,8000427a	 x10:0x8000373c
      112205000	     11121	8000427a	19633713	sltiu	x14,x6,406	  x6:0x00001000 x14=0x00000000
      112245000	     11125	8000427e	0262aeb3	mulhsu	x29,x5,x6	  x5:0xfed3bc3f  x6:0x00001000 x29=0xffffffed
      112255000	     11126	80004282	691d	c.lui	x18,0x7	 x18=0x00007000
      112265000	     11127	80004284	8d1d	c.sub	x10,x15	 x10:0x8000373c x15:0x00000000 x10=0x8000373c
      112275000	     11128	80004286	717d	c.addi16sp	x2,-16	  x2:0x00000001  x2=0xfffffff1
      112285000	     11129	80004288	01b019b3	sll	x19,x0,x27	  x0:0x00000000 x27:0xffffffff x19=0x00000000
      112295000	     11130	8000428c	0001	c.addi	x0,0	  x0:0x00000000  x0=0x00000000
      112335000	     11134	8000428e	02499933	mulh	x18,x19,x4	 x19:0x00000000  x4:0x80003d48 x18=0x00000000
      112345000	     11135	80004292	1990	c.addi4spn	x12,x2,240	 x12=0x000000e1
      112355000	     11136	80004294	017b1a93	slli	x21,x22,0x17	 x22:0x000074a8 x21=0x54000000
      112365000	     11137	80004298	6b61	c.lui	x22,0x18	 x22=0x00018000
      112375000	     11138	8000429a	05dfe563	bltu	x31,x29,800042e4	 x31:0x00000001 x29:0xffffffed
      112395000	     11140	800042e4	0ff0000f	fence	iorw,iorw	
      112405000	     11141	800042e8	40348233	sub	x4,x9,x3	  x9:0x01ffffff  x3:0x00000000  x4=0x01ffffff
      112415000	     11142	800042ec	19fd	c.addi	x19,-1	 x19:0x00000000 x19=0xffffffff
      112425000	     11143	800042ee	8d39	c.xor	x10,x14	 x10:0x8000373c x14:0x00000000 x10=0x8000373c
      112465000	     11147	800042f0	02301833	mulh	x16,x0,x3	  x0:0x00000000  x3:0x00000000 x16=0x00000000
      112475000	     11148	800042f4	00c5b9b3	sltu	x19,x11,x12	 x11:0xf1e8b1fd x12:0x000000e1 x19=0x00000000
      112485000	     11149	800042f8	d0b42013	slti	x0,x8,-757	  x8:0x00000000  x0=0x00000000
      112495000	     11150	800042fc	0000100f	fence.i	
      112875000	     11188	80004300	03455fb3	divu	x31,x10,x20	 x10:0x8000373c x20:0x80023ce5 x31=0x00000000
      113245000	     11225	80004304	02c35533	divu	x10,x6,x12	  x6:0x00001000 x12:0x000000e1 x10=0x00000012
      113255000	     11226	80004308	01c25c13	srli	x24,x4,0x1c	  x4:0x01ffffff x24=0x00000000
      113265000	     11227	8000430c	40b00333	sub	x6,x0,x11	  x0:0x00000000 x11:0xf1e8b1fd  x6=0x0e174e03
      113275000	     11228	80004310	004c5cb3	srl	x25,x24,x4	 x24:0x00000000  x4:0x01ffffff x25=0x00000000
      113285000	     11229	80004314	4184d033	sra	x0,x9,x24	  x9:0x01ffffff x24:0x00000000  x0=0x00000000
      113295000	     11230	80004318	ce01	c.beqz	x12,80004330	 x12:0x000000e1
      113305000	     11231	8000431a	88fd	c.andi	x9,31	  x9:0x01ffffff  x9=0x0000001f
      113345000	     11235	8000431c	026523b3	mulhsu	x7,x10,x6	 x10:0x00000012  x6:0x0e174e03  x7=0x00000000
      113355000	     11236	80004320	67f1	c.lui	x15,0x1c	 x15=0x0001c000
      113395000	     11240	80004322	0339a833	mulhsu	x16,x19,x19	 x19:0x00000000 x19:0x00000000 x16=0x00000000
      113405000	     11241	80004326	00bae033	or	x0,x21,x11	 x21:0x54000000 x11:0xf1e8b1fd  x0=0x00000000
      113415000	     11242	8000432a	eb15	c.bnez	x14,8000435e	 x14:0x00000000
      113425000	     11243	8000432c	8d22	c.mv	x26,x8	  x0:0x00000000  x8:0x00000000 x26=0x00000000
      113435000	     11244	8000432e	8c59	c.or	x8,x14	  x8:0x00000000 x14:0x00000000  x8=0x00000000
      113445000	     11245	80004330	aba25317	auipc	x6,0xaba25	  x6=0x2ba29330
      113455000	     11246	80004334	00c40233	add	x4,x8,x12	  x8:0x00000000 x12:0x000000e1  x4=0x000000e1
      113465000	     11247	80004338	0aa6	c.slli	x21,0x9	 x21:0x54000000 x21=0x00000000
      113475000	     11248	8000433a	d3284613	xori	x12,x16,-718	 x16:0x00000000 x12=0xfffffd32
      113485000	     11249	8000433e	01478233	add	x4,x15,x20	 x15:0x0001c000 x20:0x80023ce5  x4=0x8003fce5
      113495000	     11250	80004342	40425db3	sra	x27,x4,x4	  x4:0x8003fce5  x4:0x8003fce5 x27=0xfc001fe7
      113505000	     11251	80004346	00bc5393	srli	x7,x24,0xb	 x24:0x00000000  x7=0x00000000
      113515000	     11252	8000434a	009b8fb3	add	x31,x23,x9	 x23:0x8001fe24  x9:0x0000001f x31=0x8001fe43
      113555000	     11256	8000434e	02f327b3	mulhsu	x15,x6,x15	  x6:0x2ba29330 x15:0x0001c000 x15=0x00004c5c
      113565000	     11257	80004352	00751f13	slli	x30,x10,0x7	 x10:0x00000012 x30=0x00000900
      113575000	     11258	80004356	00c5c233	xor	x4,x11,x12	 x11:0xf1e8b1fd x12:0xfffffd32  x4=0x0e174ccf
      113585000	     11259	8000435a	03b54863	blt	x10,x27,8000438a	 x10:0x00000012 x27:0xfc001fe7
      113955000	     11296	8000435e	021aca33	div	x20,x21,x1	 x21:0x00000000  x1:0x00000002 x20=0x00000000
      113965000	     11297	80004362	012000ef	jal	x1,80004374	  x1=0x80004366
      113985000	     11299	80004374	3fd5	c.jal	80004368	  x1=0x80004376
      114005000	     11301	80004368	a801	c.j	80004378	
      114025000	     11303	80004378	2009	c.jal	8000437a	  x1=0x8000437a
      114045000	     11305	8000437a	3fe5	c.jal	80004372	  x1=0x8000437c
      114065000	     11307	80004372	bfe5	c.j	8000436a	
      114095000	     11310	8000436a	ffdff36f	jal	x6,80004366	  x6=0x8000436e
      114115000	     11312	80004366	2801	c.jal	80004376	  x1=0x80004368
      114135000	     11314	80004376	3fe5	c.jal	8000436e	  x1=0x80004378
      114165000	     11317	8000436e	0100046f	jal	x8,8000437e	  x8=0x80004372
      114185000	     11319	8000437e	2009	c.jal	80004380	  x1=0x80004380
      114205000	     11321	80004380	bff5	c.j	8000437c	
      114225000	     11323	8000437c	2019	c.jal	80004382	  x1=0x8000437e
      114255000	     11326	80004382	0ff0000f	fence	iorw,iorw	
      114265000	     11327	80004386	005fd293	srli	x5,x31,0x5	 x31:0x8001fe43  x5=0x04000ff2
      114275000	     11328	8000438a	07990d13	addi	x26,x18,121	 x18:0x00000000 x26=0x00000079
      114285000	     11329	8000438e	00445b33	srl	x22,x8,x4	  x8:0x80004372  x4:0x0e174ccf x22=0x00010000
      114295000	     11330	80004392	6159	c.addi16sp	x2,400	  x2:0xfffffff1  x2=0x00000181
      114305000	     11331	80004394	0180c8b3	xor	x17,x1,x24	  x1:0x8000437e x24:0x00000000 x17=0x8000437e
      114315000	     11332	80004398	6c31	c.lui	x24,0xc	 x24=0x0000c000
      114325000	     11333	8000439a	e7307293	andi	x5,x0,-397	  x0:0x00000000  x5=0x00000000
      114335000	     11334	8000439e	0001	c.addi	x0,0	  x0:0x00000000  x0=0x00000000
      114345000	     11335	800043a0	cb95	c.beqz	x15,800043d4	 x15:0x00004c5c
      114355000	     11336	800043a2	0f9c	c.addi4spn	x15,x2,976	 x15=0x00000551
      114365000	     11337	800043a4	60523f93	sltiu	x31,x4,1541	  x4:0x0e174ccf x31=0x00000000
      114375000	     11338	800043a8	8ce9	c.and	x9,x10	  x9:0x0000001f x10:0x00000012  x9=0x00000012
      114385000	     11339	800043aa	0001	c.addi	x0,0	  x0:0x00000000  x0=0x00000000
      114395000	     11340	800043ac	40ca84b3	sub	x9,x21,x12	 x21:0x00000000 x12:0xfffffd32  x9=0x000002ce
      114405000	     11341	800043b0	8e52	c.mv	x28,x20	  x0:0x00000000 x20:0x00000000 x28=0x00000000
      114415000	     11342	800043b2	00d8df63	bge	x17,x13,800043d0	 x17:0x8000437e x13:0x80023ce4
      114425000	     11343	800043b6	8319	c.srli	x14,0x6	 x14:0x00000000 x14=0x00000000
      114795000	     11380	800043b8	026ce733	rem	x14,x25,x6	 x25:0x00000000  x6:0x8000436e x14=0x00000000
      114805000	     11381	800043bc	3895ad37	lui	x26,0x3895a	 x26=0x3895a000
      114815000	     11382	800043c0	8d1d	c.sub	x10,x15	 x10:0x00000012 x15:0x00000551 x10=0xfffffac1
      114825000	     11383	800043c2	41705013	srai	x0,x0,0x17	  x0:0x00000000  x0=0x00000000
      114835000	     11384	800043c6	01ba7f33	and	x30,x20,x27	 x20:0x00000000 x27:0xfc001fe7 x30=0x00000000
      114845000	     11385	800043ca	034a	c.slli	x6,0x12	  x6:0x8000436e  x6=0x0db80000
      114855000	     11386	800043cc	03473513	sltiu	x10,x14,52	 x14:0x00000000 x10=0x00000001
      114865000	     11387	800043d0	0871d363	bge	x3,x7,80004456	  x3:0x00000000  x7:0x00000000
      114895000	     11390	80004456	014bc333	xor	x6,x23,x20	 x23:0x8001fe24 x20:0x00000000  x6=0x8001fe24
      114905000	     11391	8000445a	8fb5	c.xor	x15,x13	 x15:0x00000551 x13:0x80023ce4 x15=0x800239b5
      114915000	     11392	8000445c	008c93b3	sll	x7,x25,x8	 x25:0x00000000  x8:0x80004372  x7=0x00000000
      114955000	     11396	80004460	02ba91b3	mulh	x3,x21,x11	 x21:0x00000000 x11:0xf1e8b1fd  x3=0x00000000
      114965000	     11397	80004464	91c6	c.add	x3,x17	  x3:0x00000000 x17:0x8000437e  x3=0x8000437e
      114975000	     11398	80004466	00f85193	srli	x3,x16,0xf	 x16:0x00000000  x3=0x00000000
      114985000	     11399	8000446a	8c75	c.and	x8,x13	  x8:0x80004372 x13:0x80023ce4  x8=0x80000060
      114995000	     11400	8000446c	0ff0000f	fence	iorw,iorw	
      115005000	     11401	80004470	8e21	c.xor	x12,x8	 x12:0xfffffd32  x8:0x80000060 x12=0x7ffffd52
      115015000	     11402	80004472	948bb293	sltiu	x5,x23,-1720	 x23:0x8001fe24  x5=0x00000001
      115025000	     11403	80004476	cfb23917	auipc	x18,0xcfb23	 x18=0x4fb27476
      115065000	     11407	8000447a	029d2d33	mulhsu	x26,x26,x9	 x26:0x3895a000  x9:0x000002ce x26=0x0000009e
      115075000	     11408	8000447e	935e	c.add	x6,x23	  x6:0x8001fe24 x23:0x8001fe24  x6=0x0003fc48
      115445000	     11445	80004480	02b5ea33	rem	x20,x11,x11	 x11:0xf1e8b1fd x11:0xf1e8b1fd x20=0x00000000
      115455000	     11446	80004484	591b7d93	andi	x27,x22,1425	 x22:0x00010000 x27=0x00000000
      115465000	     11447	80004488	717d	c.addi16sp	x2,-16	  x2:0x00000181  x2=0x00000171
      115475000	     11448	8000448a	00f7fe33	and	x28,x15,x15	 x15:0x800239b5 x15:0x800239b5 x28=0x800239b5
      115485000	     11449	8000448e	0372	c.slli	x6,0x1c	  x6:0x0003fc48  x6=0x80000000
      115495000	     11450	80004490	8e6d	c.and	x12,x11	 x12:0x7ffffd52 x11:0xf1e8b1fd x12=0x71e8b150
      115505000	     11451	80004492	017bd233	srl	x4,x23,x23	 x23:0x8001fe24 x23:0x8001fe24  x4=0x08001fe2
      115515000	     11452	80004496	007cf463	bgeu	x25,x7,8000449e	 x25:0x00000000  x7:0x00000000
      115535000	     11454	8000449e	8f79	c.and	x14,x14	 x14:0x00000000 x14:0x00000000 x14=0x00000000
      115545000	     11455	800044a0	88dd	c.andi	x9,23	  x9:0x000002ce  x9=0x00000006
      115915000	     11492	800044a2	0219e633	rem	x12,x19,x1	 x19:0x00000000  x1:0x8000437e x12=0x00000000
      115945000	     11495	800044a6	02508fb3	mul	x31,x1,x5	  x1:0x8000437e  x5:0x00000001 x31=0x8000437e
      115955000	     11496	800044aa	0198e263	bltu	x17,x25,800044ae	 x17:0x8000437e x25:0x00000000
      115975000	     11498	800044ae	02056b33	rem	x22,x10,x0	 x10:0x00000001  x0:0x00000000 x22=0x00000001
      116345000	     11535	800044b2	02aff8b3	remu	x17,x31,x10	 x31:0x8000437e x10:0x00000001 x17=0x00000000
      116355000	     11536	800044b6	002a6563	bltu	x20,x2,800044c0	 x20:0x00000000  x2:0x00000171
      116375000	     11538	800044c0	0000100f	fence.i	
      116395000	     11540	800044c4	58fd	c.li	x17,-1	 x17=0xffffffff
      116405000	     11541	800044c6	29f0ee93	ori	x29,x1,671	  x1:0x8000437e x29=0x800043ff
      116415000	     11542	800044ca	0001	c.addi	x0,0	  x0:0x00000000  x0=0x00000000
      116425000	     11543	800044cc	0ff0000f	fence	iorw,iorw	
      116435000	     11544	800044d0	4103dfb3	sra	x31,x7,x16	  x7:0x00000000 x16:0x00000000 x31=0x00000000
      116445000	     11545	800044d4	05969263	bne	x13,x25,80004518	 x13:0x80023ce4 x25:0x00000000
      116465000	     11547	80004518	1690	c.addi4spn	x12,x2,864	 x12=0x000004d1
      116475000	     11548	8000451a	059fb213	sltiu	x4,x31,89	 x31:0x00000000  x4=0x00000001
      116485000	     11549	8000451e	01c3ffb3	and	x31,x7,x28	  x7:0x00000000 x28:0x800239b5 x31=0x00000000
      116495000	     11550	80004522	0001	c.addi	x0,0	  x0:0x00000000  x0=0x00000000
      116535000	     11554	80004524	032f1733	mulh	x14,x30,x18	 x30:0x00000000 x18:0x4fb27476 x14=0x00000000
      116545000	     11555	80004528	6151	c.addi16sp	x2,272	  x2:0x00000171  x2=0x00000281
      116555000	     11556	8000452a	010ec0b3	xor	x1,x29,x16	 x29:0x800043ff x16:0x00000000  x1=0x800043ff
      116565000	     11557	8000452e	0199c633	xor	x12,x19,x25	 x19:0x00000000 x25:0x00000000 x12=0x00000000
      116575000	     11558	80004532	406d50b3	sra	x1,x26,x6	 x26:0x0000009e  x6:0x80000000  x1=0x0000009e
      116585000	     11559	80004536	1810	c.addi4spn	x12,x2,48	 x12=0x000002b1
      116595000	     11560	80004538	0152d9b3	srl	x19,x5,x21	  x5:0x00000001 x21:0x00000000 x19=0x00000001
      116605000	     11561	8000453c	003ffab3	and	x21,x31,x3	 x31:0x00000000  x3:0x00000000 x21=0x00000000
      116615000	     11562	80004540	01767fb3	and	x31,x12,x23	 x12:0x000002b1 x23:0x8001fe24 x31=0x00000220
      116625000	     11563	80004544	8d31	c.xor	x10,x12	 x10:0x00000001 x12:0x000002b1 x10=0x000002b0
      116635000	     11564	80004546	1b1c	c.addi4spn	x15,x2,432	 x15=0x00000431
      116645000	     11565	80004548	c489	c.beqz	x9,80004552	  x9:0x00000006
      117015000	     11602	8000454a	031fc033	div	x0,x31,x17	 x31:0x00000220 x17:0xffffffff  x0=0x00000000
      117055000	     11606	8000454e	02d6b233	mulhu	x4,x13,x13	 x13:0x80023ce4 x13:0x80023ce4  x4=0x40023ce9
      117065000	     11607	80004552	0001	c.addi	x0,0	  x0:0x00000000  x0=0x00000000
      117435000	     11644	80004554	03f65c33	divu	x24,x12,x31	 x12:0x000002b1 x31:0x00000220 x24=0x00000001
      117445000	     11645	80004558	6819	c.lui	x16,0x6	 x16=0x00006000
      117455000	     11646	8000455a	40c58f33	sub	x30,x11,x12	 x11:0xf1e8b1fd x12:0x000002b1 x30=0xf1e8af4c
      117465000	     11647	8000455e	004bc963	blt	x23,x4,80004570	 x23:0x8001fe24  x4:0x40023ce9
      117845000	     11685	80004570	03a462b3	rem	x5,x8,x26	  x8:0x80000060 x26:0x0000009e  x5=0xfffffff8
      117855000	     11686	80004574	9cca	c.add	x25,x18	 x25:0x00000000 x18:0x4fb27476 x25=0x4fb27476
      117865000	     11687	80004576	40f059b3	sra	x19,x0,x15	  x0:0x00000000 x15:0x00000431 x19=0x00000000
      117875000	     11688	8000457a	187d	c.addi	x16,-1	 x16:0x00006000 x16=0x00005fff
      117885000	     11689	8000457c	0284	c.addi4spn	x9,x2,320	  x9=0x000003c1
      118255000	     11726	8000457e	0215f0b3	remu	x1,x11,x1	 x11:0xf1e8b1fd  x1:0x0000009e  x1=0x00000011
      118265000	     11727	80004582	8fa4f993	andi	x19,x9,-1798	  x9:0x000003c1 x19=0x000000c0
      118305000	     11731	80004586	02fa9e33	mulh	x28,x21,x15	 x21:0x00000000 x15:0x00000431 x28=0x00000000
      118315000	     11732	8000458a	0001	c.addi	x0,0	  x0:0x00000000  x0=0x00000000
      118325000	     11733	8000458c	d0b13613	sltiu	x12,x2,-757	  x2:0x00000281 x12=0x00000001
      118335000	     11734	80004590	01660433	add	x8,x12,x22	 x12:0x00000001 x22:0x00000001  x8=0x00000002
      118345000	     11735	80004594	18fd	c.addi	x17,-1	 x17:0xffffffff x17=0xfffffffe
      118385000	     11739	80004596	03f72233	mulhsu	x4,x14,x31	 x14:0x00000000 x31:0x00000220  x4=0x00000000
      118395000	     11740	8000459a	0ff0000f	fence	iorw,iorw	
      118405000	     11741	8000459e	0001	c.addi	x0,0	  x0:0x00000000  x0=0x00000000
      118415000	     11742	800045a0	00659913	slli	x18,x11,0x6	 x11:0xf1e8b1fd x18=0x7a2c7f40
      118425000	     11743	800045a4	00925033	srl	x0,x4,x9	  x4:0x00000000  x9:0x000003c1  x0=0x00000000
      118435000	     11744	800045a8	00165c33	srl	x24,x12,x1	 x12:0x00000001  x1:0x00000011 x24=0x00000000
      118465000	     11747	800045ac	024302b3	mul	x5,x6,x4	  x6:0x80000000  x4:0x00000000  x5=0x00000000
      118475000	     11748	800045b0	717d	c.addi16sp	x2,-16	  x2:0x00000281  x2=0x00000271
      118485000	     11749	800045b2	01395e93	srli	x29,x18,0x13	 x18:0x7a2c7f40 x29=0x00000f45
      118855000	     11786	800045b6	02205a33	divu	x20,x0,x2	  x0:0x00000000  x2:0x00000271 x20=0x00000000
      118865000	     11787	800045ba	00c35133	srl	x2,x6,x12	  x6:0x80000000 x12:0x00000001  x2=0x40000000
      118875000	     11788	800045be	01f10d33	add	x26,x2,x31	  x2:0x40000000 x31:0x00000220 x26=0x40000220
      118885000	     11789	800045c2	e25fa213	slti	x4,x31,-475	 x31:0x00000220  x4=0x00000000
      118895000	     11790	800045c6	00a2c133	xor	x2,x5,x10	  x5:0x00000000 x10:0x000002b0  x2=0x000002b0
      118935000	     11794	800045ca	03572533	mulhsu	x10,x14,x21	 x14:0x00000000 x21:0x00000000 x10=0x00000000
      118945000	     11795	800045ce	0001	c.addi	x0,0	  x0:0x00000000  x0=0x00000000
      118955000	     11796	800045d0	01421a33	sll	x20,x4,x20	  x4:0x00000000 x20:0x00000000 x20=0x00000000
      118965000	     11797	800045d4	006ee133	or	x2,x29,x6	 x29:0x00000f45  x6:0x80000000  x2=0x80000f45
      118975000	     11798	800045d8	88b5	c.andi	x9,13	  x9:0x000003c1  x9=0x00000001
      119005000	     11801	800045da	02448133	mul	x2,x9,x4	  x9:0x00000001  x4:0x00000000  x2=0x00000000
      119015000	     11802	800045de	0321	c.addi	x6,8	  x6:0x80000000  x6=0x80000008
      119025000	     11803	800045e0	01b71663	bne	x14,x27,800045ec	 x14:0x00000000 x27:0x00000000
      119035000	     11804	800045e4	01449cb3	sll	x25,x9,x20	  x9:0x00000001 x20:0x00000000 x25=0x00000001
      119045000	     11805	800045e8	be72e793	ori	x15,x5,-1049	  x5:0x00000000 x15=0xfffffbe7
      119055000	     11806	800045ec	03127863	bgeu	x4,x17,8000461c	  x4:0x00000000 x17:0xfffffffe
      119425000	     11843	800045f0	0336c0b3	div	x1,x13,x19	 x13:0x80023ce4 x19:0x000000c0  x1=0xff555852
      119435000	     11844	800045f4	0000100f	fence.i	
      119455000	     11846	800045f8	1c04	c.addi4spn	x9,x2,560	  x9=0x00000230
      119465000	     11847	800045fa	0177f4b3	and	x9,x15,x23	 x15:0xfffffbe7 x23:0x8001fe24  x9=0x8001fa24
      119475000	     11848	800045fe	00979263	bne	x15,x9,80004602	 x15:0xfffffbe7  x9:0x8001fa24
      119505000	     11851	80004602	0ff0000f	fence	iorw,iorw	
      119515000	     11852	80004606	cd19	c.beqz	x10,80004624	 x10:0x00000000
      119535000	     11854	80004624	f4d42a13	slti	x20,x8,-179	  x8:0x00000002 x20=0x00000000
      119545000	     11855	80004628	4fc72ab7	lui	x21,0x4fc72	 x21=0x4fc72000
      119555000	     11856	8000462c	0001	c.addi	x0,0	  x0:0x00000000  x0=0x00000000
      119565000	     11857	8000462e	9a7d	c.andi	x12,-1	 x12:0x00000001 x12=0x00000001
      119575000	     11858	80004630	8d5d	c.or	x10,x15	 x10:0x00000000 x15:0xfffffbe7 x10=0xfffffbe7
      119585000	     11859	80004632	2ca09417	auipc	x8,0x2ca09	  x8=0xaca0d632
      119595000	     11860	80004636	0001	c.addi	x0,0	  x0:0x00000000  x0=0x00000000
      119605000	     11861	80004638	0088b833	sltu	x16,x17,x8	 x17:0xfffffffe  x8:0xaca0d632 x16=0x00000000
      119615000	     11862	8000463c	8c65	c.and	x8,x9	  x8:0xaca0d632  x9:0x8001fa24  x8=0x8000d220
      119625000	     11863	8000463e	84b5	c.srai	x9,0xd	  x9:0x8001fa24  x9=0xfffc000f
      119635000	     11864	80004640	41d55db3	sra	x27,x10,x29	 x10:0xfffffbe7 x29:0x00000f45 x27=0xffffffdf
      119645000	     11865	80004644	00b023b3	slt	x7,x0,x11	  x0:0x00000000 x11:0xf1e8b1fd  x7=0x00000000
      119655000	     11866	80004648	2437fb13	andi	x22,x15,579	 x15:0xfffffbe7 x22=0x00000243
      119695000	     11870	8000464c	025cbfb3	mulhu	x31,x25,x5	 x25:0x00000001  x5:0x00000000 x31=0x00000000
      119705000	     11871	80004650	01f0e233	or	x4,x1,x31	  x1:0xff555852 x31:0x00000000  x4=0xff555852
      119715000	     11872	80004654	0005cf63	blt	x11,x0,80004672	 x11:0xf1e8b1fd  x0:0x00000000
      119745000	     11875	80004672	2d57b213	sltiu	x4,x15,725	 x15:0xfffffbe7  x4=0x00000000
      119785000	     11879	80004676	03cc1d33	mulh	x26,x24,x28	 x24:0x00000000 x28:0x00000000 x26=0x00000000
      119795000	     11880	8000467a	0008dcb3	srl	x25,x17,x0	 x17:0xfffffffe  x0:0x00000000 x25=0xfffffffe
      119805000	     11881	8000467e	01a0c0b3	xor	x1,x1,x26	  x1:0xff555852 x26:0x00000000  x1=0xff555852
      119815000	     11882	80004682	01174eb3	xor	x29,x14,x17	 x14:0x00000000 x17:0xfffffffe x29=0xfffffffe
      119825000	     11883	80004686	a15b8413	addi	x8,x23,-1515	 x23:0x8001fe24  x8=0x8001f839
      119835000	     11884	8000468a	8125	c.srli	x10,0x9	 x10:0xfffffbe7 x10=0x007ffffd
      119845000	     11885	8000468c	01dc8733	add	x14,x25,x29	 x25:0xfffffffe x29:0xfffffffe x14=0xfffffffc
      119855000	     11886	80004690	03d81263	bne	x16,x29,800046b4	 x16:0x00000000 x29:0xfffffffe
      119875000	     11888	800046b4	003e5313	srli	x6,x28,0x3	 x28:0x00000000  x6=0x00000000
      119885000	     11889	800046b8	03914e63	blt	x2,x25,800046f4	  x2:0x00000000 x25:0xfffffffe
      119895000	     11890	800046bc	01eb9713	slli	x14,x23,0x1e	 x23:0x8001fe24 x14=0x00000000
      119935000	     11894	800046c0	0322a333	mulhsu	x6,x5,x18	  x5:0x00000000 x18:0x7a2c7f40  x6=0x00000000
      119945000	     11895	800046c4	0ff0000f	fence	iorw,iorw	
      119955000	     11896	800046c8	03be0963	beq	x28,x27,800046fa	 x28:0x00000000 x27:0xffffffdf
      119965000	     11897	800046cc	015b7d33	and	x26,x22,x21	 x22:0x00000243 x21:0x4fc72000 x26=0x00000000
      119975000	     11898	800046d0	03480363	beq	x16,x20,800046f6	 x16:0x00000000 x20:0x00000000
      119995000	     11900	800046f6	8919	c.andi	x10,6	 x10:0x007ffffd x10=0x00000004
      120005000	     11901	800046f8	1698	c.addi4spn	x14,x2,864	 x14=0x00000360
      120015000	     11902	800046fa	015ddd93	srli	x27,x27,0x15	 x27:0xffffffdf x27=0x000007ff
      120025000	     11903	800046fe	8369	c.srli	x14,0x1a	 x14:0x00000360 x14=0x00000000
      120035000	     11904	80004700	00e69c33	sll	x24,x13,x14	 x13:0x80023ce4 x14:0x00000000 x24=0x80023ce4
      120045000	     11905	80004704	9dae	c.add	x27,x11	 x27:0x000007ff x11:0xf1e8b1fd x27=0xf1e8b9fc
      120055000	     11906	80004706	00c5e033	or	x0,x11,x12	 x11:0xf1e8b1fd x12:0x00000001  x0=0x00000000
      120065000	     11907	8000470a	88043f93	sltiu	x31,x8,-1920	  x8:0x8001f839 x31=0x00000001
      120075000	     11908	8000470e	407203b3	sub	x7,x4,x7	  x4:0x00000000  x7:0x00000000  x7=0x00000000
      120085000	     11909	80004712	b08d3113	sltiu	x2,x26,-1272	 x26:0x00000000  x2=0x00000001
      120095000	     11910	80004716	00f22e33	slt	x28,x4,x15	  x4:0x00000000 x15:0xfffffbe7 x28=0x00000000
      120465000	     11947	8000471a	02b2e2b3	rem	x5,x5,x11	  x5:0x00000000 x11:0xf1e8b1fd  x5=0x00000000
      120475000	     11948	8000471e	0000100f	fence.i	
      120505000	     11951	80004722	0ff0000f	fence	iorw,iorw	
      120545000	     11955	80004726	03041733	mulh	x14,x8,x16	  x8:0x8001f839 x16:0x00000000 x14=0x00000000
      120555000	     11956	8000472a	01533b33	sltu	x22,x6,x21	  x6:0x00000000 x21:0x4fc72000 x22=0x00000001
      120565000	     11957	8000472e	8bad	c.andi	x15,11	 x15:0xfffffbe7 x15=0x00000003
      120575000	     11958	80004730	4a5be493	ori	x9,x23,1189	 x23:0x8001fe24  x9=0x8001fea5
      120585000	     11959	80004734	01d2ea63	bltu	x5,x29,80004748	  x5:0x00000000 x29:0xfffffffe
      120605000	     11961	80004748	00ea3a33	sltu	x20,x20,x14	 x20:0x00000000 x14:0x00000000 x20=0x00000000
      120615000	     11962	8000474c	41a1de13	srai	x28,x3,0x1a	  x3:0x00000000 x28=0x00000000
      120625000	     11963	80004750	00e4d763	bge	x9,x14,8000475e	  x9:0x8001fea5 x14:0x00000000
      120635000	     11964	80004754	8149	c.srli	x10,0x12	 x10:0x00000004 x10=0x00000000
      120645000	     11965	80004756	00897133	and	x2,x18,x8	 x18:0x7a2c7f40  x8:0x8001f839  x2=0x00007800
      120655000	     11966	8000475a	c6d68493	addi	x9,x13,-915	 x13:0x80023ce4  x9=0x80023951
      120665000	     11967	8000475e	45c43e93	sltiu	x29,x8,1116	  x8:0x8001f839 x29=0x00000000
      120675000	     11968	80004762	e7122493	slti	x9,x4,-399	  x4:0x00000000  x9=0x00000000
      120685000	     11969	80004766	ffe6ec93	ori	x25,x13,-2	 x13:0x80023ce4 x25=0xfffffffe
      120695000	     11970	8000476a	00a142b3	xor	x5,x2,x10	  x2:0x00007800 x10:0x00000000  x5=0x00007800
      120705000	     11971	8000476e	717d	c.addi16sp	x2,-16	  x2:0x00007800  x2=0x000077f0
      121075000	     12008	80004770	03eadd33	divu	x26,x21,x30	 x21:0x4fc72000 x30:0xf1e8af4c x26=0x00000000
      121115000	     12012	80004774	0242b633	mulhu	x12,x5,x4	  x5:0x00007800  x4:0x00000000 x12=0x00000000
      121125000	     12013	80004778	03c25863	bge	x4,x28,800047a8	  x4:0x00000000 x28:0x00000000
      121175000	     12018	800047a8	02941ab3	mulh	x21,x8,x9	  x8:0x8001f839  x9:0x00000000 x21=0x00000000
      121185000	     12019	800047ac	816d	c.srli	x10,0x1b	 x10:0x00000000 x10=0x00000000
      121195000	     12020	800047ae	80194113	xori	x2,x18,-2047	 x18:0x7a2c7f40  x2=0x85d38741
      121205000	     12021	800047b2	908eee13	ori	x28,x29,-1784	 x29:0x00000000 x28=0xfffff908
      121215000	     12022	800047b6	0ff0000f	fence	iorw,iorw	
      121225000	     12023	800047ba	8c8d	c.sub	x9,x11	  x9:0x00000000 x11:0xf1e8b1fd  x9=0x0e174e03
      121595000	     12060	800047bc	037564b3	rem	x9,x10,x23	 x10:0x00000000 x23:0x8001fe24  x9=0x00000000
      121605000	     12061	800047c0	0ff0000f	fence	iorw,iorw	
      121615000	     12062	800047c4	eac8d537	lui	x10,0xeac8d	 x10=0xeac8d000
      121625000	     12063	800047c8	01bd5863	bge	x26,x27,800047d8	 x26:0x00000000 x27:0xf1e8b9fc
      121645000	     12065	800047d8	8e41	c.or	x12,x8	 x12:0x00000000  x8:0x8001f839 x12=0x8001f839
      121655000	     12066	800047da	63b1	c.lui	x7,0xc	  x7=0x0000c000
      121665000	     12067	800047dc	055d	c.addi	x10,23	 x10:0xeac8d000 x10=0xeac8d017
      121675000	     12068	800047de	0056dd13	srli	x26,x13,0x5	 x13:0x80023ce4 x26=0x040011e7
      121685000	     12069	800047e2	007d1333	sll	x6,x26,x7	 x26:0x040011e7  x7:0x0000c000  x6=0x040011e7
      121705000	     12071	800047e6	03056933	rem	x18,x10,x16	 x10:0xeac8d017 x16:0x00000000 x18=0xeac8d017
      121715000	     12072	800047ea	41340f33	sub	x30,x8,x19	  x8:0x8001f839 x19:0x000000c0 x30=0x8001f779
      121725000	     12073	800047ee	015f1a13	slli	x20,x30,0x15	 x30:0x8001f779 x20=0xef200000
      121765000	     12077	800047f2	02a331b3	mulhu	x3,x6,x10	  x6:0x040011e7 x10:0xeac8d017  x3=0x03ab33ab
      121775000	     12078	800047f6	142b2e13	slti	x28,x22,322	 x22:0x00000001 x28=0x00000001
      121785000	     12079	800047fa	0026bdb3	sltu	x27,x13,x2	 x13:0x80023ce4  x2:0x85d38741 x27=0x00000001
      121795000	     12080	800047fe	0509	c.addi	x10,2	 x10:0xeac8d017 x10=0xeac8d019
      121805000	     12081	80004800	00cfcb33	xor	x22,x31,x12	 x31:0x00000001 x12:0x8001f839 x22=0x8001f838
      121815000	     12082	80004804	0001	c.addi	x0,0	  x0:0x00000000  x0=0x00000000
      121825000	     12083	80004806	8966	c.mv	x18,x25	  x0:0x00000000 x25:0xfffffffe x18=0xfffffffe
      121835000	     12084	80004808	147d	c.addi	x8,-1	  x8:0x8001f839  x8=0x8001f838
      121855000	     12086	8000480a	03026f33	rem	x30,x4,x16	  x4:0x00000000 x16:0x00000000 x30=0x00000000
      121865000	     12087	8000480e	717d	c.addi16sp	x2,-16	  x2:0x85d38741  x2=0x85d38731
      121875000	     12088	80004810	8fd9	c.or	x15,x14	 x15:0x00000003 x14:0x00000000 x15=0x00000003
      121885000	     12089	80004812	40930533	sub	x10,x6,x9	  x6:0x040011e7  x9:0x00000000 x10=0x040011e7
      121895000	     12090	80004816	0c200393	addi	x7,x0,194	  x0:0x00000000  x7=0x000000c2
      121905000	     12091	8000481a	41575913	srai	x18,x14,0x15	 x14:0x00000000 x18=0x00000000
      121915000	     12092	8000481e	8515	c.srai	x10,0x5	 x10:0x040011e7 x10=0x0020008f
      121925000	     12093	80004820	e8ab3313	sltiu	x6,x22,-374	 x22:0x8001f838  x6=0x00000001
      121935000	     12094	80004824	8aa6	c.mv	x21,x9	  x0:0x00000000  x9:0x00000000 x21=0x00000000
      121955000	     12096	80004826	02465d33	divu	x26,x12,x4	 x12:0x8001f839  x4:0x00000000 x26=0xffffffff
      121965000	     12097	8000482a	039b1263	bne	x22,x25,8000484e	 x22:0x8001f838 x25:0xfffffffe
      121995000	     12100	8000484e	e29f7113	andi	x2,x30,-471	 x30:0x00000000  x2=0x00000000
      122005000	     12101	80004852	87ad	c.srai	x15,0xb	 x15:0x00000003 x15=0x00000000
      122015000	     12102	80004854	b71fa897	auipc	x17,0xb71fa	 x17=0x371fe854
      122025000	     12103	80004858	0001	c.addi	x0,0	  x0:0x00000000  x0=0x00000000
      122065000	     12107	8000485a	030c10b3	mulh	x1,x24,x16	 x24:0x80023ce4 x16:0x00000000  x1=0x00000000
      122085000	     12109	8000485e	02e3dc33	divu	x24,x7,x14	  x7:0x000000c2 x14:0x00000000 x24=0xffffffff
      122095000	     12110	80004862	8b0a	c.mv	x22,x2	  x0:0x00000000  x2:0x00000000 x22=0x00000000
      122105000	     12111	80004864	163cfe93	andi	x29,x25,355	 x25:0xfffffffe x29=0x00000162
      122135000	     12114	80004868	039e83b3	mul	x7,x29,x25	 x29:0x00000162 x25:0xfffffffe  x7=0xfffffd3c
      122145000	     12115	8000486c	990a	c.add	x18,x2	 x18:0x00000000  x2:0x00000000 x18=0x00000000
      122515000	     12152	8000486e	03466b33	rem	x22,x12,x20	 x12:0x8001f839 x20:0xef200000 x22=0xf621f839
      122525000	     12153	80004872	4134d993	srai	x19,x9,0x13	  x9:0x00000000 x19=0x00000000
      122535000	     12154	80004876	8bdd	c.andi	x15,23	 x15:0x00000000 x15=0x00000000
      122545000	     12155	80004878	014dc633	xor	x12,x27,x20	 x27:0x00000001 x20:0xef200000 x12=0xef200001
      122555000	     12156	8000487c	01b9d863	bge	x19,x27,8000488c	 x19:0x00000000 x27:0x00000001
      122565000	     12157	80004880	01a10933	add	x18,x2,x26	  x2:0x00000000 x26:0xffffffff x18=0xffffffff
      122575000	     12158	80004884	03370563	beq	x14,x19,800048ae	 x14:0x00000000 x19:0x00000000
      122605000	     12161	800048ae	01839d13	slli	x26,x7,0x18	  x7:0xfffffd3c x26=0x3c000000
      122615000	     12162	800048b2	b817b893	sltiu	x17,x15,-1151	 x15:0x00000000 x17=0x00000001
      122625000	     12163	800048b6	0000100f	fence.i	
      122655000	     12166	800048ba	5e83e713	ori	x14,x7,1512	  x7:0xfffffd3c x14=0xfffffdfc
      122665000	     12167	800048be	e339	c.bnez	x14,80004904	 x14:0xfffffdfc
      122685000	     12169	80004904	00571663	bne	x14,x5,80004910	 x14:0xfffffdfc  x5:0x00007800
      122705000	     12171	80004910	99d6	c.add	x19,x21	 x19:0x00000000 x21:0x00000000 x19=0x00000000
      122715000	     12172	80004912	ea0d	c.bnez	x12,80004944	 x12:0xef200001
      122735000	     12174	80004944	717d	c.addi16sp	x2,-16	  x2:0x00000000  x2=0xfffffff0
      122745000	     12175	80004946	41b75eb3	sra	x29,x14,x27	 x14:0xfffffdfc x27:0x00000001 x29=0xfffffefe
      122755000	     12176	8000494a	0000100f	fence.i	
      123145000	     12215	8000494e	022d5d33	divu	x26,x26,x2	 x26:0x3c000000  x2:0xfffffff0 x26=0x00000000
      123155000	     12216	80004952	02e71263	bne	x14,x14,80004976	 x14:0xfffffdfc x14:0xfffffdfc
      123165000	     12217	80004956	00ea3a33	sltu	x20,x20,x14	 x20:0xef200000 x14:0xfffffdfc x20=0x00000001
      123175000	     12218	8000495a	01a47263	bgeu	x8,x26,8000495e	  x8:0x8001f838 x26:0x00000000
      123195000	     12220	8000495e	90b2	c.add	x1,x12	  x1:0x00000000 x12:0xef200001  x1=0xef200001
      123205000	     12221	80004960	8dfe	c.mv	x27,x31	  x0:0x00000000 x31:0x00000001 x27=0x00000001
      123215000	     12222	80004962	0073f133	and	x2,x7,x7	  x7:0xfffffd3c  x7:0xfffffd3c  x2=0xfffffd3c
      123225000	     12223	80004966	0082ed63	bltu	x5,x8,80004980	  x5:0x00007800  x8:0x8001f838
      123245000	     12225	80004980	0001	c.addi	x0,0	  x0:0x00000000  x0=0x00000000
      123255000	     12226	80004982	c89d	c.beqz	x9,800049b8	  x9:0x00000000
      123275000	     12228	800049b8	0ff0000f	fence	iorw,iorw	
      123645000	     12265	800049bc	0256ceb3	div	x29,x13,x5	 x13:0x80023ce4  x5:0x00007800 x29=0xfffeeef4
      123655000	     12266	800049c0	8f41	c.or	x14,x8	 x14:0xfffffdfc  x8:0x8001f838 x14=0xfffffdfc
      123665000	     12267	800049c2	1a88	c.addi4spn	x10,x2,368	 x10=0xfffffeac
      123675000	     12268	800049c4	0ff0000f	fence	iorw,iorw	
      123695000	     12270	800049c8	02f77333	remu	x6,x14,x15	 x14:0xfffffdfc x15:0x00000000  x6=0xfffffdfc
      123705000	     12271	800049cc	016d1933	sll	x18,x26,x22	 x26:0x00000000 x22:0xf621f839 x18=0x00000000
      123735000	     12274	800049d0	02e808b3	mul	x17,x16,x14	 x16:0x00000000 x14:0xfffffdfc x17=0x00000000
      123745000	     12275	800049d4	8d01	c.sub	x10,x8	 x10:0xfffffeac  x8:0x8001f838 x10=0x7ffe0674
      123755000	     12276	800049d6	019f5893	srli	x17,x30,0x19	 x30:0x00000000 x17=0x00000000
      123765000	     12277	800049da	8fad	c.xor	x15,x11	 x15:0x00000000 x11:0xf1e8b1fd x15=0xf1e8b1fd
      123775000	     12278	800049dc	0103dd13	srli	x26,x7,0x10	  x7:0xfffffd3c x26=0x0000ffff
      123785000	     12279	800049e0	fb324713	xori	x14,x4,-77	  x4:0x00000000 x14=0xffffffb3
      123795000	     12280	800049e4	402bd893	srai	x17,x23,0x2	 x23:0x8001fe24 x17=0xe0007f89
      123805000	     12281	800049e8	6455	c.lui	x8,0x15	  x8=0x00015000
      123815000	     12282	800049ea	1580	c.addi4spn	x8,x2,736	  x8=0x0000001c
      123825000	     12283	800049ec	ed770093	addi	x1,x14,-297	 x14:0xffffffb3  x1=0xfffffe8a
      123835000	     12284	800049f0	00b978b3	and	x17,x18,x11	 x18:0x00000000 x11:0xf1e8b1fd x17=0x00000000
      123845000	     12285	800049f4	00bafe63	bgeu	x21,x11,80004a10	 x21:0x00000000 x11:0xf1e8b1fd
      123855000	     12286	800049f8	014e9eb3	sll	x29,x29,x20	 x29:0xfffeeef4 x20:0x00000001 x29=0xfffddde8
      123895000	     12290	800049fc	03c9a9b3	mulhsu	x19,x19,x28	 x19:0x00000000 x28:0x00000001 x19=0x00000000
      123905000	     12291	80004a00	8f1d	c.sub	x14,x15	 x14:0xffffffb3 x15:0xf1e8b1fd x14=0x0e174db6
      123915000	     12292	80004a02	8c0d	c.sub	x8,x11	  x8:0x0000001c x11:0xf1e8b1fd  x8=0x0e174e1f
      123925000	     12293	80004a04	40c88f33	sub	x30,x17,x12	 x17:0x00000000 x12:0xef200001 x30=0x10dfffff
      123935000	     12294	80004a08	926e	c.add	x4,x27	  x4:0x00000000 x27:0x00000001  x4=0x00000001
      123945000	     12295	80004a0a	048a7893	andi	x17,x20,72	 x20:0x00000001 x17=0x00000000
      123955000	     12296	80004a0e	8275	c.srli	x12,0x1d	 x12:0xef200001 x12=0x00000007
      123965000	     12297	80004a10	458c0013	addi	x0,x24,1112	 x24:0xffffffff  x0=0x00000000
      123975000	     12298	80004a14	d3a5f093	andi	x1,x11,-710	 x11:0xf1e8b1fd  x1=0xf1e8b138
      124015000	     12302	80004a18	03f212b3	mulh	x5,x4,x31	  x4:0x00000001 x31:0x00000001  x5=0x00000000
      124025000	     12303	80004a1c	0001	c.addi	x0,0	  x0:0x00000000  x0=0x00000000
      124055000	     12306	80004a1e	02510d33	mul	x26,x2,x5	  x2:0xfffffd3c  x5:0x00000000 x26=0x00000000
      124085000	     12309	80004a22	029e8f33	mul	x30,x29,x9	 x29:0xfffddde8  x9:0x00000000 x30=0x00000000
      124095000	     12310	80004a26	0001	c.addi	x0,0	  x0:0x00000000  x0=0x00000000
      124105000	     12311	80004a28	0480	c.addi4spn	x8,x2,576	  x8=0xffffff7c
      124115000	     12312	80004a2a	8ff9	c.and	x15,x14	 x15:0xf1e8b1fd x14:0x0e174db6 x15=0x000001b4
      124125000	     12313	80004a2c	01d1eb33	or	x22,x3,x29	  x3:0x03ab33ab x29:0xfffddde8 x22=0xffffffeb
      124135000	     12314	80004a30	0000100f	fence.i	
      124155000	     12316	80004a34	983a	c.add	x16,x14	 x16:0x00000000 x14:0x0e174db6 x16=0x0e174db6
      124165000	     12317	80004a36	b4b6e013	ori	x0,x13,-1205	 x13:0x80023ce4  x0=0x00000000
      124175000	     12318	80004a3a	19694897	auipc	x17,0x19694	 x17=0x99698a3a
      124185000	     12319	80004a3e	e021	c.bnez	x8,80004a7e	  x8:0xffffff7c
      124215000	     12322	80004a7e	0104e033	or	x0,x9,x16	  x9:0x00000000 x16:0x0e174db6  x0=0x00000000
      124255000	     12326	80004a82	03249b33	mulh	x22,x9,x18	  x9:0x00000000 x18:0x00000000 x22=0x00000000
      124625000	     12363	80004a86	02d5fd33	remu	x26,x11,x13	 x11:0xf1e8b1fd x13:0x80023ce4 x26=0x71e67519
      124635000	     12364	80004a8a	615d	c.addi16sp	x2,432	  x2:0xfffffd3c  x2=0xfffffeec
      124645000	     12365	80004a8c	4969	c.li	x18,26	 x18=0x0000001a
      124655000	     12366	80004a8e	8655	c.srai	x12,0x15	 x12:0x00000007 x12=0x00000000
      124665000	     12367	80004a90	40a9da93	srai	x21,x19,0xa	 x19:0x00000000 x21=0x00000000
      124675000	     12368	80004a94	0229ec63	bltu	x19,x2,80004acc	 x19:0x00000000  x2:0xfffffeec
      124695000	     12370	80004acc	717d	c.addi16sp	x2,-16	  x2:0xfffffeec  x2=0xfffffedc
      125065000	     12407	80004ace	0385df33	divu	x30,x11,x24	 x11:0xf1e8b1fd x24:0xffffffff x30=0x00000000
      125075000	     12408	80004ad2	6639	c.lui	x12,0xe	 x12=0x0000e000
      125085000	     12409	80004ad4	0001	c.addi	x0,0	  x0:0x00000000  x0=0x00000000
      125095000	     12410	80004ad6	480d	c.li	x16,3	 x16=0x00000003
      125105000	     12411	80004ad8	8765	c.srai	x14,0x19	 x14:0x0e174db6 x14=0x00000007
      125475000	     12448	80004ada	02b45833	divu	x16,x8,x11	  x8:0xffffff7c x11:0xf1e8b1fd x16=0x00000001
      125485000	     12449	80004ade	01fca9b3	slt	x19,x25,x31	 x25:0xfffffffe x31:0x00000001 x19=0x00000001
      125495000	     12450	80004ae2	000d3b33	sltu	x22,x26,x0	 x26:0x71e67519  x0:0x00000000 x22=0x00000000
      125505000	     12451	80004ae6	015f1cb3	sll	x25,x30,x21	 x30:0x00000000 x21:0x00000000 x25=0x00000000
      125515000	     12452	80004aea	8d5a2e13	slti	x28,x20,-1835	 x20:0x00000001 x28=0x00000000
      125525000	     12453	80004aee	00601763	bne	x0,x6,80004afc	  x0:0x00000000  x6:0xfffffdfc
      125545000	     12455	80004afc	d183e713	ori	x14,x7,-744	  x7:0xfffffd3c x14=0xfffffd3c
      125915000	     12492	80004b00	0222deb3	divu	x29,x5,x2	  x5:0x00000000  x2:0xfffffedc x29=0x00000000
      125925000	     12493	80004b04	6fe5a0b7	lui	x1,0x6fe5a	  x1=0x6fe5a000
      125935000	     12494	80004b08	4198dd93	srai	x27,x17,0x19	 x17:0x99698a3a x27=0xffffffcc
      125945000	     12495	80004b0c	03a1d363	bge	x3,x26,80004b32	  x3:0x03ab33ab x26:0x71e67519
      125955000	     12496	80004b10	00337cb3	and	x25,x6,x3	  x6:0xfffffdfc  x3:0x03ab33ab x25=0x03ab31a8
      125965000	     12497	80004b14	00742133	slt	x2,x8,x7	  x8:0xffffff7c  x7:0xfffffd3c  x2=0x00000000
      125975000	     12498	80004b18	6259	c.lui	x4,0x16	  x4=0x00016000
      126015000	     12502	80004b1a	02841d33	mulh	x26,x8,x8	  x8:0xffffff7c  x8:0xffffff7c x26=0x00000000
      126025000	     12503	80004b1e	40525933	sra	x18,x4,x5	  x4:0x00016000  x5:0x00000000 x18=0x00016000
      126035000	     12504	80004b22	9cb13893	sltiu	x17,x2,-1589	  x2:0x00000000 x17=0x00000001
      126045000	     12505	80004b26	4101	c.li	x2,0	  x2=0x00000000
      126055000	     12506	80004b28	00a3e763	bltu	x7,x10,80004b36	  x7:0xfffffd3c x10:0x7ffe0674
      126065000	     12507	80004b2c	0000100f	fence.i	
      126085000	     12509	80004b30	8366	c.mv	x6,x25	  x0:0x00000000 x25:0x03ab31a8  x6=0x03ab31a8
      126455000	     12546	80004b32	03254033	div	x0,x10,x18	 x10:0x7ffe0674 x18:0x00016000  x0=0x00000000
      126495000	     12550	80004b36	034b3033	mulhu	x0,x22,x20	 x22:0x00000000 x20:0x00000001  x0=0x00000000
      126505000	     12551	80004b3a	8371	c.srli	x14,0x1c	 x14:0xfffffd3c x14=0x0000000f
      126875000	     12588	80004b3c	02c7d733	divu	x14,x15,x12	 x15:0x000001b4 x12:0x0000e000 x14=0x00000000
      126885000	     12589	80004b40	8d69	c.and	x10,x10	 x10:0x7ffe0674 x10:0x7ffe0674 x10=0x7ffe0674
      126895000	     12590	80004b42	f7656f93	ori	x31,x10,-138	 x10:0x7ffe0674 x31=0xffffff76
      126905000	     12591	80004b46	92b6	c.add	x5,x13	  x5:0x00000000 x13:0x80023ce4  x5=0x80023ce4
      126915000	     12592	80004b48	8e45	c.or	x12,x9	 x12:0x0000e000  x9:0x00000000 x12=0x0000e000
      126925000	     12593	80004b4a	006b4663	blt	x22,x6,80004b56	 x22:0x00000000  x6:0x03ab31a8
      127315000	     12632	80004b56	03185533	divu	x10,x16,x17	 x16:0x00000001 x17:0x00000001 x10=0x00000001
      127325000	     12633	80004b5a	456db913	sltiu	x18,x27,1110	 x27:0xffffffcc x18=0x00000000
      127335000	     12634	80004b5e	6311	c.lui	x6,0x4	  x6=0x00004000
      127345000	     12635	80004b60	411854b3	sra	x9,x16,x17	 x16:0x00000001 x17:0x00000001  x9=0x00000000
      127355000	     12636	80004b64	00d1beb3	sltu	x29,x3,x13	  x3:0x03ab33ab x13:0x80023ce4 x29=0x00000001
      127365000	     12637	80004b68	94928e97	auipc	x29,0x94928	 x29=0x1492cb68
      127375000	     12638	80004b6c	003fff63	bgeu	x31,x3,80004b8a	 x31:0xffffff76  x3:0x03ab33ab
      127405000	     12641	80004b8a	00f1d763	bge	x3,x15,80004b98	  x3:0x03ab33ab x15:0x000001b4
      127425000	     12643	80004b98	d979e993	ori	x19,x19,-617	 x19:0x00000001 x19=0xfffffd97
      127435000	     12644	80004b9c	81e26f97	auipc	x31,0x81e26	 x31=0x01e2ab9c
      127445000	     12645	80004ba0	c209	c.beqz	x12,80004ba2	 x12:0x0000e000
      127455000	     12646	80004ba2	8ca1	c.xor	x9,x8	  x9:0x00000000  x8:0xffffff7c  x9=0xffffff7c
      127465000	     12647	80004ba4	d1b10637	lui	x12,0xd1b10	 x12=0xd1b10000
      127475000	     12648	80004ba8	8312	c.mv	x6,x4	  x0:0x00000000  x4:0x00016000  x6=0x00016000
      127485000	     12649	80004baa	83b1	c.srli	x15,0xc	 x15:0x000001b4 x15=0x00000000
      127495000	     12650	80004bac	717d	c.addi16sp	x2,-16	  x2:0x00000000  x2=0xfffffff0
      127505000	     12651	80004bae	8d49	c.or	x10,x10	 x10:0x00000001 x10:0x00000001 x10=0x00000001
      127515000	     12652	80004bb0	e605	c.bnez	x12,80004bd8	 x12:0xd1b10000
      127535000	     12654	80004bd8	8d79	c.and	x10,x14	 x10:0x00000001 x14:0x00000000 x10=0x00000000
      127545000	     12655	80004bda	a158ca97	auipc	x21,0xa158c	 x21=0x21590bda
      127555000	     12656	80004bde	4fc5	c.li	x31,17	 x31=0x00000011
      127565000	     12657	80004be0	0ff0000f	fence	iorw,iorw	
      127935000	     12694	80004be4	033ffd33	remu	x26,x31,x19	 x31:0x00000011 x19:0xfffffd97 x26=0x00000011
      127945000	     12695	80004be8	072df163	bgeu	x27,x18,80004c4a	 x27:0xffffffcc x18:0x00000000
      127975000	     12698	80004c4a	7c848313	addi	x6,x9,1992	  x9:0xffffff7c  x6=0x00000744
      127985000	     12699	80004c4e	0000100f	fence.i	
      128015000	     12702	80004c52	003d82b3	add	x5,x27,x3	 x27:0xffffffcc  x3:0x03ab33ab  x5=0x03ab3377
      128385000	     12739	80004c56	0292fa33	remu	x20,x5,x9	  x5:0x03ab3377  x9:0xffffff7c x20=0x03ab3377
      128395000	     12740	80004c5a	018ae733	or	x14,x21,x24	 x21:0x21590bda x24:0xffffffff x14=0xffffffff
      128765000	     12777	80004c5e	03abe1b3	rem	x3,x23,x26	 x23:0x8001fe24 x26:0x00000011  x3=0xfffffff9
      128775000	     12778	80004c62	42550a13	addi	x20,x10,1061	 x10:0x00000000 x20=0x00000425
      128785000	     12779	80004c66	006fcd63	blt	x31,x6,80004c80	 x31:0x00000011  x6:0x00000744
      128805000	     12781	80004c80	717d	c.addi16sp	x2,-16	  x2:0xfffffff0  x2=0xffffffe0
      128815000	     12782	80004c82	0ff0000f	fence	iorw,iorw	
      128825000	     12783	80004c86	41f45893	srai	x17,x8,0x1f	  x8:0xffffff7c x17=0xffffffff
      128835000	     12784	80004c8a	1cfd	c.addi	x25,-1	 x25:0x03ab31a8 x25=0x03ab31a7
      128845000	     12785	80004c8c	02ac5063	bge	x24,x10,80004cac	 x24:0xffffffff x10:0x00000000
      128855000	     12786	80004c90	00111d93	slli	x27,x2,0x1	  x2:0xffffffe0 x27=0xffffffc0
      128865000	     12787	80004c94	00b5a433	slt	x8,x11,x11	 x11:0xf1e8b1fd x11:0xf1e8b1fd  x8=0x00000000
      128875000	     12788	80004c98	010468b3	or	x17,x8,x16	  x8:0x00000000 x16:0x00000001 x17=0x00000001
      128915000	     12792	80004c9c	02ab1eb3	mulh	x29,x22,x10	 x22:0x00000000 x10:0x00000000 x29=0x00000000
      128925000	     12793	80004ca0	0145c233	xor	x4,x11,x20	 x11:0xf1e8b1fd x20:0x00000425  x4=0xf1e8b5d8
      128935000	     12794	80004ca4	0ff0000f	fence	iorw,iorw	
      128945000	     12795	80004ca8	8d55	c.or	x10,x13	 x10:0x00000000 x13:0x80023ce4 x10=0x80023ce4
      128955000	     12796	80004caa	197d	c.addi	x18,-1	 x18:0x00000000 x18=0xffffffff
      129325000	     12833	80004cac	022bfc33	remu	x24,x23,x2	 x23:0x8001fe24  x2:0xffffffe0 x24=0x8001fe24
      129335000	     12834	80004cb0	c6f9bf97	auipc	x31,0xc6f9b	 x31=0x46f9fcb0
      129345000	     12835	80004cb4	8149	c.srli	x10,0x12	 x10:0x80023ce4 x10=0x00002000
      129355000	     12836	80004cb6	08e2	c.slli	x17,0x18	 x17:0x00000001 x17=0x01000000
      129365000	     12837	80004cb8	ea01	c.bnez	x12,80004cc8	 x12:0xd1b10000
      129385000	     12839	80004cc8	01462233	slt	x4,x12,x20	 x12:0xd1b10000 x20:0x00000425  x4=0x00000001
      129415000	     12842	80004ccc	030c8433	mul	x8,x25,x16	 x25:0x03ab31a7 x16:0x00000001  x8=0x03ab31a7
      129425000	     12843	80004cd0	72220793	addi	x15,x4,1826	  x4:0x00000001 x15=0x00000723
      129435000	     12844	80004cd4	0361c863	blt	x3,x22,80004d04	  x3:0xfffffff9 x22:0x00000000
      129455000	     12846	80004d04	c401	c.beqz	x8,80004d0c	  x8:0x03ab31a7
      129495000	     12850	80004d06	0351bdb3	mulhu	x27,x3,x21	  x3:0xfffffff9 x21:0x21590bda x27=0x21590bd9
      129505000	     12851	80004d0a	8c45	c.or	x8,x9	  x8:0x03ab31a7  x9:0xffffff7c  x8=0xffffffff
      129515000	     12852	80004d0c	401c0933	sub	x18,x24,x1	 x24:0x8001fe24  x1:0x6fe5a000 x18=0x101c5e24
      129525000	     12853	80004d10	8795	c.srai	x15,0x5	 x15:0x00000723 x15=0x00000039
      129535000	     12854	80004d12	010b1c93	slli	x25,x22,0x10	 x22:0x00000000 x25=0x00000000
      129545000	     12855	80004d16	cc05	c.beqz	x8,80004d4e	  x8:0xffffffff
      129555000	     12856	80004d18	80e2	c.mv	x1,x24	  x0:0x00000000 x24:0x8001fe24  x1=0x8001fe24
      129565000	     12857	80004d1a	973a	c.add	x14,x14	 x14:0xffffffff x14:0xffffffff x14=0xfffffffe
      129575000	     12858	80004d1c	9f7e	c.add	x30,x31	 x30:0x00000000 x31:0x46f9fcb0 x30=0x46f9fcb0
      129585000	     12859	80004d1e	805d	c.srli	x8,0x17	  x8:0xffffffff  x8=0x000001ff
      129595000	     12860	80004d20	e719	c.bnez	x14,80004d2e	 x14:0xfffffffe
      129625000	     12863	80004d2e	01f66f33	or	x30,x12,x31	 x12:0xd1b10000 x31:0x46f9fcb0 x30=0xd7f9fcb0
      129665000	     12867	80004d32	02d63b33	mulhu	x22,x12,x13	 x12:0xd1b10000 x13:0x80023ce4 x22=0x68da5542
      129675000	     12868	80004d36	41095f33	sra	x30,x18,x16	 x18:0x101c5e24 x16:0x00000001 x30=0x080e2f12
      129685000	     12869	80004d3a	03017763	bgeu	x2,x16,80004d68	  x2:0xffffffe0 x16:0x00000001
      129705000	     12871	80004d68	8f15	c.sub	x14,x13	 x14:0xfffffffe x13:0x80023ce4 x14=0x7ffdc31a
      129715000	     12872	80004d6a	33056713	ori	x14,x10,816	 x10:0x00002000 x14=0x00002330
      129725000	     12873	80004d6e	41a75313	srai	x6,x14,0x1a	 x14:0x00002330  x6=0x00000000
      129735000	     12874	80004d72	8e4d	c.or	x12,x11	 x12:0xd1b10000 x11:0xf1e8b1fd x12=0xf1f9b1fd
      129745000	     12875	80004d74	edf9b113	sltiu	x2,x19,-289	 x19:0xfffffd97  x2=0x00000001
      129755000	     12876	80004d78	0d158413	addi	x8,x11,209	 x11:0xf1e8b1fd  x8=0xf1e8b2ce
      129765000	     12877	80004d7c	6151	c.addi16sp	x2,272	  x2:0x00000001  x2=0x00000111
      129775000	     12878	80004d7e	00623433	sltu	x8,x4,x6	  x4:0x00000001  x6:0x00000000  x8=0x00000000
      129785000	     12879	80004d82	054a	c.slli	x10,0x12	 x10:0x00002000 x10=0x80000000
      129795000	     12880	80004d84	cd11	c.beqz	x10,80004da0	 x10:0x80000000
      129805000	     12881	80004d86	41330a33	sub	x20,x6,x19	  x6:0x00000000 x19:0xfffffd97 x20=0x00000269
      129815000	     12882	80004d8a	026c5763	bge	x24,x6,80004db8	 x24:0x8001fe24  x6:0x00000000
      129825000	     12883	80004d8e	00d184b3	add	x9,x3,x13	  x3:0xfffffff9 x13:0x80023ce4  x9=0x80023cdd
      129835000	     12884	80004d92	00869663	bne	x13,x8,80004d9e	 x13:0x80023ce4  x8:0x00000000
      129855000	     12886	80004d9e	482d	c.li	x16,11	 x16=0x0000000b
      129865000	     12887	80004da0	03c97863	bgeu	x18,x28,80004dd0	 x18:0x101c5e24 x28:0x00000000
      129885000	     12889	80004dd0	8e65	c.and	x12,x9	 x12:0xf1f9b1fd  x9:0x80023cdd x12=0x800030dd
      129895000	     12890	80004dd2	00c8f033	and	x0,x17,x12	 x17:0x01000000 x12:0x800030dd  x0=0x00000000
      129905000	     12891	80004dd6	6131	c.addi16sp	x2,320	  x2:0x00000111  x2=0x00000251
      129915000	     12892	80004dd8	029e4363	blt	x28,x9,80004dfe	 x28:0x00000000  x9:0x80023cdd
      129955000	     12896	80004ddc	023d3cb3	mulhu	x25,x26,x3	 x26:0x00000011  x3:0xfffffff9 x25=0x00000010
      129965000	     12897	80004de0	40c80c33	sub	x24,x16,x12	 x16:0x0000000b x12:0x800030dd x24=0x7fffcf2e
      129975000	     12898	80004de4	00381ab3	sll	x21,x16,x3	 x16:0x0000000b  x3:0xfffffff9 x21=0x16000000
      129985000	     12899	80004de8	01195d63	bge	x18,x17,80004e02	 x18:0x101c5e24 x17:0x01000000
      130005000	     12901	80004e02	e791	c.bnez	x15,80004e0e	 x15:0x00000039
      130035000	     12904	80004e0e	0b6ac393	xori	x7,x21,182	 x21:0x16000000  x7=0x160000b6
      130045000	     12905	80004e12	01eb50b3	srl	x1,x22,x30	 x22:0x68da5542 x30:0x080e2f12  x1=0x00001a36
      130055000	     12906	80004e16	877d	c.srai	x14,0x1f	 x14:0x00002330 x14=0x00000000
      130065000	     12907	80004e18	01fc80b3	add	x1,x25,x31	 x25:0x00000010 x31:0x46f9fcb0  x1=0x46f9fcc0
      130075000	     12908	80004e1c	8ce06237	lui	x4,0x8ce06	  x4=0x8ce06000
      130085000	     12909	80004e20	01bf5733	srl	x14,x30,x27	 x30:0x080e2f12 x27:0x21590bd9 x14=0x00000004
      130095000	     12910	80004e24	0001	c.addi	x0,0	  x0:0x00000000  x0=0x00000000
      130105000	     12911	80004e26	011c1993	slli	x19,x24,0x11	 x24:0x7fffcf2e x19=0x9e5c0000
      130115000	     12912	80004e2a	860d	c.srai	x12,0x3	 x12:0x800030dd x12=0xf000061b
      130125000	     12913	80004e2c	3a243437	lui	x8,0x3a243	  x8=0x3a243000
      130135000	     12914	80004e30	0001	c.addi	x0,0	  x0:0x00000000  x0=0x00000000
      130145000	     12915	80004e32	616d	c.addi16sp	x2,240	  x2:0x00000251  x2=0x00000341
      130155000	     12916	80004e34	0102b633	sltu	x12,x5,x16	  x5:0x03ab3377 x16:0x0000000b x12=0x00000000
      130525000	     12953	80004e38	0229db33	divu	x22,x19,x2	 x19:0x9e5c0000  x2:0x00000341 x22=0x0030aadf
      130535000	     12954	80004e3c	011e1833	sll	x16,x28,x17	 x28:0x00000000 x17:0x01000000 x16=0x00000000
      130545000	     12955	80004e40	80cd	c.srli	x9,0x13	  x9:0x80023cdd  x9=0x00001000
      130555000	     12956	80004e42	0918	c.addi4spn	x14,x2,144	 x14=0x000003d1
      130925000	     12993	80004e44	034d5eb3	divu	x29,x26,x20	 x26:0x00000011 x20:0x00000269 x29=0x00000000
      130935000	     12994	80004e48	03171c63	bne	x14,x17,80004e80	 x14:0x000003d1 x17:0x01000000
      130955000	     12996	80004e80	0028d493	srli	x9,x17,0x2	 x17:0x01000000  x9=0x00400000
      130965000	     12997	80004e84	4074d713	srai	x14,x9,0x7	  x9:0x00400000 x14=0x00008000
      130975000	     12998	80004e88	7e1ff993	andi	x19,x31,2017	 x31:0x46f9fcb0 x19=0x000004a0
      130985000	     12999	80004e8c	03d29b63	bne	x5,x29,80004ec2	  x5:0x03ab3377 x29:0x00000000
      131015000	     13002	80004ec2	cd696513	ori	x10,x18,-810	 x18:0x101c5e24 x10=0xfffffef6
      131025000	     13003	80004ec6	be23ce93	xori	x29,x7,-1054	  x7:0x160000b6 x29=0xe9fffb54
      131035000	     13004	80004eca	8862	c.mv	x16,x24	  x0:0x00000000 x24:0x7fffcf2e x16=0x7fffcf2e
      131045000	     13005	80004ecc	371ce793	ori	x15,x25,881	 x25:0x00000010 x15=0x00000371
      131055000	     13006	80004ed0	403b51b3	sra	x3,x22,x3	 x22:0x0030aadf  x3:0xfffffff9  x3=0x00000000
      131065000	     13007	80004ed4	02110563	beq	x2,x1,80004efe	  x2:0x00000341  x1:0x46f9fcc0
      131435000	     13044	80004ed8	03f54d33	div	x26,x10,x31	 x10:0xfffffef6 x31:0x46f9fcb0 x26=0x00000000
      131465000	     13047	80004edc	03030cb3	mul	x25,x6,x16	  x6:0x00000000 x16:0x7fffcf2e x25=0x00000000
      131475000	     13048	80004ee0	6afd	c.lui	x21,0x1f	 x21=0x0001f000
      131485000	     13049	80004ee2	091c	c.addi4spn	x15,x2,144	 x15=0x000003d1
      131495000	     13050	80004ee4	e109	c.bnez	x10,80004ee6	 x10:0xfffffef6
      131525000	     13053	80004ee6	0145a633	slt	x12,x11,x20	 x11:0xf1e8b1fd x20:0x00000269 x12=0x00000001
      131535000	     13054	80004eea	0cf2	c.slli	x25,0x1c	 x25:0x00000000 x25=0x00000000
      131545000	     13055	80004eec	6b2ba337	lui	x6,0x6b2ba	  x6=0x6b2ba000
      131585000	     13059	80004ef0	03df9133	mulh	x2,x31,x29	 x31:0x46f9fcb0 x29:0xe9fffb54  x2=0xf9e682fd
      131595000	     13060	80004ef4	50134e93	xori	x29,x6,1281	  x6:0x6b2ba000 x29=0x6b2ba501
      131605000	     13061	80004ef8	00185363	bge	x16,x1,80004efe	 x16:0x7fffcf2e  x1:0x46f9fcc0
      131635000	     13064	80004efe	01de3933	sltu	x18,x28,x29	 x28:0x00000000 x29:0x6b2ba501 x18=0x00000001
      132005000	     13101	80004f02	02b97533	remu	x10,x18,x11	 x18:0x00000001 x11:0xf1e8b1fd x10=0x00000001
      132015000	     13102	80004f06	003d6963	bltu	x26,x3,80004f18	 x26:0x00000000  x3:0x00000000
      132025000	     13103	80004f0a	0110ee33	or	x28,x1,x17	  x1:0x46f9fcc0 x17:0x01000000 x28=0x47f9fcc0
      132035000	     13104	80004f0e	0000100f	fence.i	
      132055000	     13106	80004f12	e919	c.bnez	x10,80004f28	 x10:0x00000001
      132075000	     13108	80004f28	01b18863	beq	x3,x27,80004f38	  x3:0x00000000 x27:0x21590bd9
      132085000	     13109	80004f2c	b00c2cb7	lui	x25,0xb00c2	 x25=0xb00c2000
      132095000	     13110	80004f30	41ead133	sra	x2,x21,x30	 x21:0x0001f000 x30:0x080e2f12  x2=0x00000000
      132105000	     13111	80004f34	41f08e33	sub	x28,x1,x31	  x1:0x46f9fcc0 x31:0x46f9fcb0 x28=0x00000010
      132115000	     13112	80004f38	0000100f	fence.i	
      132145000	     13115	80004f3c	02225f33	divu	x30,x4,x2	  x4:0x8ce06000  x2:0x00000000 x30=0xffffffff
      132155000	     13116	80004f40	94858393	addi	x7,x11,-1720	 x11:0xf1e8b1fd  x7=0xf1e8ab45
      132165000	     13117	80004f44	015ed333	srl	x6,x29,x21	 x29:0x6b2ba501 x21:0x0001f000  x6=0x6b2ba501
      132175000	     13118	80004f48	20e1ff93	andi	x31,x3,526	  x3:0x00000000 x31=0x00000000
      132185000	     13119	80004f4c	dd01b813	sltiu	x16,x3,-560	  x3:0x00000000 x16=0x00000001
      132195000	     13120	80004f50	84e5	c.srai	x9,0x19	  x9:0x00400000  x9=0x00000000
      132205000	     13121	80004f52	0284	c.addi4spn	x9,x2,320	  x9=0x00000140
      132215000	     13122	80004f54	b15bfe97	auipc	x29,0xb15bf	 x29=0x315c3f54
      132225000	     13123	80004f58	03180b63	beq	x16,x17,80004f8e	 x16:0x00000001 x17:0x01000000
      132265000	     13127	80004f5c	03641f33	mulh	x30,x8,x22	  x8:0x3a243000 x22:0x0030aadf x30=0x000b0d97
      132635000	     13164	80004f60	03c0c333	div	x6,x1,x28	  x1:0x46f9fcc0 x28:0x00000010  x6=0x046f9fcc
      132645000	     13165	80004f64	03d0fd63	bgeu	x1,x29,80004f9e	  x1:0x46f9fcc0 x29:0x315c3f54
      132675000	     13168	80004f9e	01111b13	slli	x22,x2,0x11	  x2:0x00000000 x22=0x00000000
      132685000	     13169	80004fa2	01e1ce33	xor	x28,x3,x30	  x3:0x00000000 x30:0x000b0d97 x28=0x000b0d97
      132695000	     13170	80004fa6	00b06033	or	x0,x0,x11	  x0:0x00000000 x11:0xf1e8b1fd  x0=0x00000000
      132705000	     13171	80004faa	8ea6	c.mv	x29,x9	  x0:0x00000000  x9:0x00000140 x29=0x00000140
      133075000	     13208	80004fac	030c42b3	div	x5,x24,x16	 x24:0x7fffcf2e x16:0x00000001  x5=0x7fffcf2e
      133085000	     13209	80004fb0	92a2	c.add	x5,x8	  x5:0x7fffcf2e  x8:0x3a243000  x5=0xba23ff2e
      133095000	     13210	80004fb2	8e86	c.mv	x29,x1	  x0:0x00000000  x1:0x46f9fcc0 x29=0x46f9fcc0
      133105000	     13211	80004fb4	8e21	c.xor	x12,x8	 x12:0x00000001  x8:0x3a243000 x12=0x3a243001
      133115000	     13212	80004fb6	0190	c.addi4spn	x12,x2,192	 x12=0x000000c0
      133155000	     13216	80004fb8	026b9c33	mulh	x24,x23,x6	 x23:0x8001fe24  x6:0x046f9fcc x24=0xfdc838f1
      133525000	     13253	80004fbc	03846833	rem	x16,x8,x24	  x8:0x3a243000 x24:0xfdc838f1 x16=0x0079f87a
      133535000	     13254	80004fc0	0f0d	c.addi	x30,3	 x30:0x000b0d97 x30=0x000b0d9a
      133545000	     13255	80004fc2	030c7863	bgeu	x24,x16,80004ff2	 x24:0xfdc838f1 x16:0x0079f87a
      133565000	     13257	80004ff2	e319	c.bnez	x14,80004ff8	 x14:0x00008000
      133615000	     13262	80004ff8	02a53433	mulhu	x8,x10,x10	 x10:0x00000001 x10:0x00000001  x8=0x00000000
      133625000	     13263	80004ffc	9966	c.add	x18,x25	 x18:0x00000001 x25:0xb00c2000 x18=0xb00c2001
      133635000	     13264	80004ffe	0065fd33	and	x26,x11,x6	 x11:0xf1e8b1fd  x6:0x046f9fcc x26=0x006891cc
      133645000	     13265	80005002	ec09f313	andi	x6,x19,-320	 x19:0x000004a0  x6=0x00000480
      133655000	     13266	80005006	0001	c.addi	x0,0	  x0:0x00000000  x0=0x00000000
      133665000	     13267	80005008	01a78133	add	x2,x15,x26	 x15:0x000003d1 x26:0x006891cc  x2=0x0068959d
      133675000	     13268	8000500c	8f91	c.sub	x15,x12	 x15:0x000003d1 x12:0x000000c0 x15=0x00000311
      133685000	     13269	8000500e	006c0563	beq	x24,x6,80005018	 x24:0xfdc838f1  x6:0x00000480
      133695000	     13270	80005012	8d29	c.xor	x10,x10	 x10:0x00000001 x10:0x00000001 x10=0x00000000
      133705000	     13271	80005014	0ff0000f	fence	iorw,iorw	
      133715000	     13272	80005018	01e56263	bltu	x10,x30,8000501c	 x10:0x00000000 x30:0x000b0d9a
      133735000	     13274	8000501c	0000100f	fence.i	
      133755000	     13276	80005020	037f0c63	beq	x30,x23,80005058	 x30:0x000b0d9a x23:0x8001fe24
      133765000	     13277	80005024	8791	c.srai	x15,0x4	 x15:0x00000311 x15=0x00000031
      133775000	     13278	80005026	0162eeb3	or	x29,x5,x22	  x5:0xba23ff2e x22:0x00000000 x29=0xba23ff2e
      133785000	     13279	8000502a	acf7f493	andi	x9,x15,-1329	 x15:0x00000031  x9=0x00000001
      133795000	     13280	8000502e	028d5463	bge	x26,x8,80005056	 x26:0x006891cc  x8:0x00000000
      133815000	     13282	80005056	167d	c.addi	x12,-1	 x12:0x000000c0 x12=0x000000bf
      133825000	     13283	80005058	4f51	c.li	x30,20	 x30=0x00000014
      134195000	     13320	8000505a	02725a33	divu	x20,x4,x7	  x4:0x8ce06000  x7:0xf1e8ab45 x20=0x00000000
      134205000	     13321	8000505e	3f3a6b13	ori	x22,x20,1011	 x20:0x00000000 x22=0x000003f3
      134215000	     13322	80005062	8f2b7337	lui	x6,0x8f2b7	  x6=0x8f2b7000
      134225000	     13323	80005066	0001	c.addi	x0,0	  x0:0x00000000  x0=0x00000000
      134235000	     13324	80005068	1e88	c.addi4spn	x10,x2,880	 x10=0x0068990d
      134245000	     13325	8000506a	ed09	c.bnez	x10,80005084	 x10:0x0068990d
      134265000	     13327	80005084	996e	c.add	x18,x27	 x18:0xb00c2001 x27:0x21590bd9 x18=0xd1652bda
      134275000	     13328	80005086	0001	c.addi	x0,0	  x0:0x00000000  x0=0x00000000
      134285000	     13329	80005088	53193793	sltiu	x15,x18,1329	 x18:0xd1652bda x15=0x00000000
      134295000	     13330	8000508c	00247633	and	x12,x8,x2	  x8:0x00000000  x2:0x0068959d x12=0x00000000
      134305000	     13331	80005090	e799	c.bnez	x15,8000509e	 x15:0x00000000
      134315000	     13332	80005092	017d0a63	beq	x26,x23,800050a6	 x26:0x006891cc x23:0x8001fe24
      134325000	     13333	80005096	00d91533	sll	x10,x18,x13	 x18:0xd1652bda x13:0x80023ce4 x10=0x1652bda0
      134335000	     13334	8000509a	45a02313	slti	x6,x0,1114	  x0:0x00000000  x6=0x00000001
      134345000	     13335	8000509e	015b8e63	beq	x23,x21,800050ba	 x23:0x8001fe24 x21:0x0001f000
      134715000	     13372	800050a2	03a774b3	remu	x9,x14,x26	 x14:0x00008000 x26:0x006891cc  x9=0x00008000
      134725000	     13373	800050a6	0046c9b3	xor	x19,x13,x4	 x13:0x80023ce4  x4:0x8ce06000 x19=0x0ce25ce4
      134735000	     13374	800050aa	8e266213	ori	x4,x12,-1822	 x12:0x00000000  x4=0xfffff8e2
      134745000	     13375	800050ae	83c5	c.srli	x15,0x11	 x15:0x00000000 x15=0x00000000
      134755000	     13376	800050b0	008bc3b3	xor	x7,x23,x8	 x23:0x8001fe24  x8:0x00000000  x7=0x8001fe24
      134765000	     13377	800050b4	80c9	c.srli	x9,0x12	  x9:0x00008000  x9=0x00000000
      134805000	     13381	800050b6	0232a433	mulhsu	x8,x5,x3	  x5:0xba23ff2e  x3:0x00000000  x8=0x00000000
      134815000	     13382	800050ba	04f39463	bne	x7,x15,80005102	  x7:0x8001fe24 x15:0x00000000
      134835000	     13384	80005102	0ae6	c.slli	x21,0x19	 x21:0x0001f000 x21=0x00000000
      135205000	     13421	80005104	03676b33	rem	x22,x14,x22	 x14:0x00008000 x22:0x000003f3 x22=0x000001a0
      135215000	     13422	80005108	02114d63	blt	x2,x1,80005142	  x2:0x0068959d  x1:0x46f9fcc0
      135245000	     13425	80005142	0009f533	and	x10,x19,x0	 x19:0x0ce25ce4  x0:0x00000000 x10=0x00000000
      135285000	     13429	80005146	026a2e33	mulhsu	x28,x20,x6	 x20:0x00000000  x6:0x00000001 x28=0x00000000
      135295000	     13430	8000514a	e501	c.bnez	x10,80005152	 x10:0x00000000
      135305000	     13431	8000514c	b4775317	auipc	x6,0xb4775	  x6=0x3477a14c
      135315000	     13432	80005150	00a9	c.addi	x1,10	  x1:0x46f9fcc0  x1=0x46f9fcca
      135325000	     13433	80005152	024fe493	ori	x9,x31,36	 x31:0x00000000  x9=0x00000024
      135335000	     13434	80005156	0f684913	xori	x18,x16,246	 x16:0x0079f87a x18=0x0079f88c
      135345000	     13435	8000515a	00b8bf33	sltu	x30,x17,x11	 x17:0x01000000 x11:0xf1e8b1fd x30=0x00000001
      135355000	     13436	8000515e	8fbd	c.xor	x15,x15	 x15:0x00000000 x15:0x00000000 x15=0x00000000
      135395000	     13440	80005160	03489933	mulh	x18,x17,x20	 x17:0x01000000 x20:0x00000000 x18=0x00000000
      135405000	     13441	80005164	01cd0ab3	add	x21,x26,x28	 x26:0x006891cc x28:0x00000000 x21=0x006891cc
      135445000	     13445	80005168	022fb9b3	mulhu	x19,x31,x2	 x31:0x00000000  x2:0x0068959d x19=0x00000000
      135455000	     13446	8000516c	cc914813	xori	x16,x2,-823	  x2:0x0068959d x16=0xff976954
      135465000	     13447	80005170	8ca5	c.xor	x9,x9	  x9:0x00000024  x9:0x00000024  x9=0x00000000
      135475000	     13448	80005172	c495	c.beqz	x9,8000519e	  x9:0x00000000
      135495000	     13450	8000519e	ed15	c.bnez	x10,800051da	 x10:0x00000000
      135535000	     13454	800051a0	03d92133	mulhsu	x2,x18,x29	 x18:0x00000000 x29:0xba23ff2e  x2=0x00000000
      135545000	     13455	800051a4	97a6	c.add	x15,x9	 x15:0x00000000  x9:0x00000000 x15=0x00000000
      135555000	     13456	800051a6	0015b433	sltu	x8,x11,x1	 x11:0xf1e8b1fd  x1:0x46f9fcca  x8=0x00000000
      135565000	     13457	800051aa	364bca93	xori	x21,x23,868	 x23:0x8001fe24 x21=0x8001fd40
      135575000	     13458	800051ae	00bb1fb3	sll	x31,x22,x11	 x22:0x000001a0 x11:0xf1e8b1fd x31=0x00000000
      135585000	     13459	800051b2	8d41	c.or	x10,x8	 x10:0x00000000  x8:0x00000000 x10=0x00000000
      135595000	     13460	800051b4	3a86a993	slti	x19,x13,936	 x13:0x80023ce4 x19=0x00000001
      135605000	     13461	800051b8	8fc1	c.or	x15,x8	 x15:0x00000000  x8:0x00000000 x15=0x00000000
      135615000	     13462	800051ba	877d	c.srai	x14,0x1f	 x14:0x00008000 x14=0x00000000
      135625000	     13463	800051bc	8f26	c.mv	x30,x9	  x0:0x00000000  x9:0x00000000 x30=0x00000000
      135635000	     13464	800051be	03a3ee63	bltu	x7,x26,800051fa	  x7:0x8001fe24 x26:0x006891cc
      135645000	     13465	800051c2	01ac4833	xor	x16,x24,x26	 x24:0xfdc838f1 x26:0x006891cc x16=0xfda0a93d
      135655000	     13466	800051c6	1a1c	c.addi4spn	x15,x2,304	 x15=0x00000130
      135665000	     13467	800051c8	0001	c.addi	x0,0	  x0:0x00000000  x0=0x00000000
      135675000	     13468	800051ca	1292dd17	auipc	x26,0x1292d	 x26=0x929321ca
      135685000	     13469	800051ce	8b89	c.andi	x15,2	 x15:0x00000130 x15=0x00000000
      135695000	     13470	800051d0	01e21f93	slli	x31,x4,0x1e	  x4:0xfffff8e2 x31=0x80000000
      136065000	     13507	800051d4	039b5ab3	divu	x21,x22,x25	 x22:0x000001a0 x25:0xb00c2000 x21=0x00000000
      136075000	     13508	800051d8	e489	c.bnez	x9,800051e2	  x9:0x00000000
      136085000	     13509	800051da	b45f3913	sltiu	x18,x30,-1211	 x30:0x00000000 x18=0x00000001
      136095000	     13510	800051de	9a56	c.add	x20,x21	 x20:0x00000000 x21:0x00000000 x20=0x00000000
      136105000	     13511	800051e0	8f05	c.sub	x14,x9	 x14:0x00000000  x9:0x00000000 x14=0x00000000
      136145000	     13515	800051e2	03a69c33	mulh	x24,x13,x26	 x13:0x80023ce4 x26:0x929321ca x24=0x36b57a3a
      136155000	     13516	800051e6	837d	c.srli	x14,0x1f	 x14:0x00000000 x14=0x00000000
      136165000	     13517	800051e8	8efe	c.mv	x29,x31	  x0:0x00000000 x31:0x80000000 x29=0x80000000
      136175000	     13518	800051ea	08e5ce93	xori	x29,x11,142	 x11:0xf1e8b1fd x29=0xf1e8b173
      136185000	     13519	800051ee	01791613	slli	x12,x18,0x17	 x18:0x00000001 x12=0x00800000
      136195000	     13520	800051f2	8b35	c.andi	x14,13	 x14:0x00000000 x14=0x00000000
      136205000	     13521	800051f4	8d39	c.xor	x10,x14	 x10:0x00000000 x14:0x00000000 x10=0x00000000
      136215000	     13522	800051f6	011dc663	blt	x27,x17,80005202	 x27:0x21590bd9 x17:0x01000000
      136225000	     13523	800051fa	8429	c.srai	x8,0xa	  x8:0x00000000  x8=0x00000000
      136235000	     13524	800051fc	9e720313	addi	x6,x4,-1561	  x4:0xfffff8e2  x6=0xfffff2c9
      136245000	     13525	80005200	0001	c.addi	x0,0	  x0:0x00000000  x0=0x00000000
      136255000	     13526	80005202	0001	c.addi	x0,0	  x0:0x00000000  x0=0x00000000
      136265000	     13527	80005204	03f77a63	bgeu	x14,x31,80005238	 x14:0x00000000 x31:0x80000000
      136275000	     13528	80005208	ba148c13	addi	x24,x9,-1119	  x9:0x00000000 x24=0xfffffba1
      136285000	     13529	8000520c	8c51	c.or	x8,x12	  x8:0x00000000 x12:0x00800000  x8=0x00800000
      136655000	     13566	8000520e	02ba54b3	divu	x9,x20,x11	 x20:0x00000000 x11:0xf1e8b1fd  x9=0x00000000
      136665000	     13567	80005212	990d4c93	xori	x25,x26,-1648	 x26:0x929321ca x25=0x6d6cd85a
      136675000	     13568	80005216	405d5133	sra	x2,x26,x5	 x26:0x929321ca  x5:0xba23ff2e  x2=0xfffe4a4c
      136685000	     13569	8000521a	408cd1b3	sra	x3,x25,x8	 x25:0x6d6cd85a  x8:0x00800000  x3=0x6d6cd85a
      136695000	     13570	8000521e	013f18b3	sll	x17,x30,x19	 x30:0x00000000 x19:0x00000001 x17=0x00000000
      136705000	     13571	80005222	0b08	c.addi4spn	x10,x2,400	 x10=0xfffe4bdc
      136715000	     13572	80005224	405d5813	srai	x16,x26,0x5	 x26:0x929321ca x16=0xfc94990e
      136755000	     13576	80005228	02ee2733	mulhsu	x14,x28,x14	 x28:0x00000000 x14:0x00000000 x14=0x00000000
      137125000	     13613	8000522c	0363d433	divu	x8,x7,x22	  x7:0x8001fe24 x22:0x000001a0  x8=0x004ec626
      137135000	     13614	80005230	c91d	c.beqz	x10,80005266	 x10:0xfffe4bdc
      137145000	     13615	80005232	1cfd	c.addi	x25,-1	 x25:0x6d6cd85a x25=0x6d6cd859
      137155000	     13616	80005234	018ad813	srli	x16,x21,0x18	 x21:0x00000000 x16=0x00000000
      137185000	     13619	80005238	024089b3	mul	x19,x1,x4	  x1:0x46f9fcca  x4:0xfffff8e2 x19=0xd8cada54
      137555000	     13656	8000523c	0286fd33	remu	x26,x13,x8	 x13:0x80023ce4  x8:0x004ec626 x26=0x00003f24
      137565000	     13657	80005240	8419	c.srai	x8,0x6	  x8:0x004ec626  x8=0x00013b18
      137575000	     13658	80005242	001fcd63	blt	x31,x1,8000525c	 x31:0x80000000  x1:0x46f9fcca
      137595000	     13660	8000525c	410fd713	srai	x14,x31,0x10	 x31:0x80000000 x14=0xffff8000
      137605000	     13661	80005260	abd8ef13	ori	x30,x17,-1347	 x17:0x00000000 x30=0xfffffabd
      137615000	     13662	80005264	717d	c.addi16sp	x2,-16	  x2:0xfffe4a4c  x2=0xfffe4a3c
      137625000	     13663	80005266	01754ab3	xor	x21,x10,x23	 x10:0xfffe4bdc x23:0x8001fe24 x21=0x7fffb5f8
      137635000	     13664	8000526a	41d9de33	sra	x28,x19,x29	 x19:0xd8cada54 x29:0xf1e8b173 x28=0xfffffb19
      137645000	     13665	8000526e	00b46f63	bltu	x8,x11,8000528c	  x8:0x00013b18 x11:0xf1e8b1fd
      138025000	     13703	8000528c	038868b3	rem	x17,x16,x24	 x16:0x00000000 x24:0xfffffba1 x17=0x00000000
      138035000	     13704	80005290	04184863	blt	x16,x1,800052e0	 x16:0x00000000  x1:0x46f9fcca
      138055000	     13706	800052e0	01f93233	sltu	x4,x18,x31	 x18:0x00000001 x31:0x80000000  x4=0x00000001
      138065000	     13707	800052e4	0db6	c.slli	x27,0xd	 x27:0x21590bd9 x27=0x217b2000
      138075000	     13708	800052e6	6171	c.addi16sp	x2,336	  x2:0xfffe4a3c  x2=0xfffe4b8c
      138085000	     13709	800052e8	0001	c.addi	x0,0	  x0:0x00000000  x0=0x00000000
      138095000	     13710	800052ea	0001	c.addi	x0,0	  x0:0x00000000  x0=0x00000000
      138105000	     13711	800052ec	c9112413	slti	x8,x2,-879	  x2:0xfffe4b8c  x8=0x00000001
      138115000	     13712	800052f0	00037263	bgeu	x6,x0,800052f4	  x6:0xfffff2c9  x0:0x00000000
      138135000	     13714	800052f4	4047d1b3	sra	x3,x15,x4	 x15:0x00000000  x4:0x00000001  x3=0x00000000
      138145000	     13715	800052f8	00091613	slli	x12,x18,0x0	 x18:0x00000001 x12=0x00000001
      138155000	     13716	800052fc	e051b493	sltiu	x9,x3,-507	  x3:0x00000000  x9=0x00000001
      138195000	     13720	80005300	02cea233	mulhsu	x4,x29,x12	 x29:0xf1e8b173 x12:0x00000001  x4=0xffffffff
      138205000	     13721	80005304	1a18	c.addi4spn	x14,x2,304	 x14=0xfffe4cbc
      138215000	     13722	80005306	6109	c.addi16sp	x2,128	  x2:0xfffe4b8c  x2=0xfffe4c0c
      138225000	     13723	80005308	6155	c.addi16sp	x2,304	  x2:0xfffe4c0c  x2=0xfffe4d3c
      138235000	     13724	8000530a	038ecb63	blt	x29,x24,80005340	 x29:0xf1e8b173 x24:0xfffffba1
      138255000	     13726	80005340	8d3d	c.xor	x10,x15	 x10:0xfffe4bdc x15:0x00000000 x10=0xfffe4bdc
      138265000	     13727	80005342	202cbc93	sltiu	x25,x25,514	 x25:0x6d6cd859 x25=0x00000000
      138275000	     13728	80005346	8e45	c.or	x12,x9	 x12:0x00000001  x9:0x00000001 x12=0x00000001
      138285000	     13729	80005348	00f7ea63	bltu	x15,x15,8000535c	 x15:0x00000000 x15:0x00000000
      138295000	     13730	8000534c	40230fb3	sub	x31,x6,x2	  x6:0xfffff2c9  x2:0xfffe4d3c x31=0x0001a58d
      138305000	     13731	80005350	1a07ae93	slti	x29,x15,416	 x15:0x00000000 x29=0x00000001
      138345000	     13735	80005354	022020b3	mulhsu	x1,x0,x2	  x0:0x00000000  x2:0xfffe4d3c  x1=0x00000000
      138355000	     13736	80005358	02be8b63	beq	x29,x11,8000538e	 x29:0x00000001 x11:0xf1e8b1fd
      138365000	     13737	8000535c	0001	c.addi	x0,0	  x0:0x00000000  x0=0x00000000
      138375000	     13738	8000535e	01722133	slt	x2,x4,x23	  x4:0xffffffff x23:0x8001fe24  x2=0x00000000
      138385000	     13739	80005362	40ee8133	sub	x2,x29,x14	 x29:0x00000001 x14:0xfffe4cbc  x2=0x0001b345
      138395000	     13740	80005366	00952b33	slt	x22,x10,x9	 x10:0xfffe4bdc  x9:0x00000001 x22=0x00000001
      138405000	     13741	8000536a	001b5933	srl	x18,x22,x1	 x22:0x00000001  x1:0x00000000 x18=0x00000001
      138445000	     13745	8000536e	02479c33	mulh	x24,x15,x4	 x15:0x00000000  x4:0xffffffff x24=0x00000000
      138455000	     13746	80005372	43fd	c.li	x7,31	  x7=0x0000001f
      138465000	     13747	80005374	00aa1313	slli	x6,x20,0xa	 x20:0x00000000  x6=0x00000000
      138475000	     13748	80005378	00803d33	sltu	x26,x0,x8	  x0:0x00000000  x8:0x00000001 x26=0x00000001
      138485000	     13749	8000537c	4ab0e213	ori	x4,x1,1195	  x1:0x00000000  x4=0x000004ab
      138495000	     13750	80005380	00662eb3	slt	x29,x12,x6	 x12:0x00000001  x6:0x00000000 x29=0x00000000
      138505000	     13751	80005384	367dc393	xori	x7,x27,871	 x27:0x217b2000  x7=0x217b2367
      138515000	     13752	80005388	717d	c.addi16sp	x2,-16	  x2:0x0001b345  x2=0x0001b335
      138525000	     13753	8000538a	02845e63	bge	x8,x8,800053c6	  x8:0x00000001  x8:0x00000001
      138585000	     13759	800053c6	03aeae33	mulhsu	x28,x29,x26	 x29:0x00000000 x26:0x00000001 x28=0x00000000
      138595000	     13760	800053ca	00c59a13	slli	x20,x11,0xc	 x11:0xf1e8b1fd x20=0x8b1fd000
      138605000	     13761	800053ce	cb99	c.beqz	x15,800053e4	 x15:0x00000000
      138625000	     13763	800053e4	0ff0000f	fence	iorw,iorw	
      138635000	     13764	800053e8	405f5433	sra	x8,x30,x5	 x30:0xfffffabd  x5:0xba23ff2e  x8=0xffffffff
      138645000	     13765	800053ec	8c85	c.sub	x9,x9	  x9:0x00000001  x9:0x00000001  x9=0x00000000
      138655000	     13766	800053ee	6dfd	c.lui	x27,0x1f	 x27=0x0001f000
      138665000	     13767	800053f0	0079fd33	and	x26,x19,x7	 x19:0xd8cada54  x7:0x217b2367 x26=0x004a0244
      138675000	     13768	800053f4	41eb01b3	sub	x3,x22,x30	 x22:0x00000001 x30:0xfffffabd  x3=0x00000544
      138685000	     13769	800053f8	94d6	c.add	x9,x21	  x9:0x00000000 x21:0x7fffb5f8  x9=0x7fffb5f8
      138695000	     13770	800053fa	0303d563	bge	x7,x16,80005424	  x7:0x217b2367 x16:0x00000000
      138715000	     13772	80005424	6dd5a993	slti	x19,x11,1757	 x11:0xf1e8b1fd x19=0x00000001
      138725000	     13773	80005428	8cc1	c.or	x9,x8	  x9:0x7fffb5f8  x8:0xffffffff  x9=0xffffffff
      138735000	     13774	8000542a	03785563	bge	x16,x23,80005454	 x16:0x00000000 x23:0x8001fe24
      138785000	     13779	80005454	035cbeb3	mulhu	x29,x25,x21	 x25:0x00000000 x21:0x7fffb5f8 x29=0x00000000
      138795000	     13780	80005458	00ae1993	slli	x19,x28,0xa	 x28:0x00000000 x19=0x00000000
      138805000	     13781	8000545c	0031aab3	slt	x21,x3,x3	  x3:0x00000544  x3:0x00000544 x21=0x00000000
      138815000	     13782	80005460	01ae3d33	sltu	x26,x28,x26	 x28:0x00000000 x26:0x004a0244 x26=0x00000001
      138825000	     13783	80005464	80bd	c.srli	x9,0xf	  x9:0xffffffff  x9=0x0001ffff
      138835000	     13784	80005466	40afd4b3	sra	x9,x31,x10	 x31:0x0001a58d x10:0xfffe4bdc  x9=0x00000000
      138845000	     13785	8000546a	e79d	c.bnez	x15,80005498	 x15:0x00000000
      138855000	     13786	8000546c	8fe1	c.and	x15,x8	 x15:0x00000000  x8:0xffffffff x15=0x00000000
      138865000	     13787	8000546e	00324563	blt	x4,x3,80005478	  x4:0x000004ab  x3:0x00000544
      138905000	     13791	80005478	02478933	mul	x18,x15,x4	 x15:0x00000000  x4:0x000004ab x18=0x00000000
      138915000	     13792	8000547c	02afdc63	bge	x31,x10,800054b4	 x31:0x0001a58d x10:0xfffe4bdc
      138935000	     13794	800054b4	40135a93	srai	x21,x6,0x1	  x6:0x00000000 x21=0x00000000
      138945000	     13795	800054b8	0a56fa93	andi	x21,x13,165	 x13:0x80023ce4 x21=0x000000a4
      138955000	     13796	800054bc	f9a68f13	addi	x30,x13,-102	 x13:0x80023ce4 x30=0x80023c7e
      138965000	     13797	800054c0	81de	c.mv	x3,x23	  x0:0x00000000 x23:0x8001fe24  x3=0x8001fe24
      138975000	     13798	800054c2	006fd133	srl	x2,x31,x6	 x31:0x0001a58d  x6:0x00000000  x2=0x0001a58d
      139345000	     13835	800054c6	035d6333	rem	x6,x26,x21	 x26:0x00000001 x21:0x000000a4  x6=0x00000001
      139355000	     13836	800054ca	f7bc38b7	lui	x17,0xf7bc3	 x17=0xf7bc3000
      139365000	     13837	800054ce	0ed23c93	sltiu	x25,x4,237	  x4:0x000004ab x25=0x00000000
      139375000	     13838	800054d2	015c5f63	bge	x24,x21,800054f0	 x24:0x00000000 x21:0x000000a4
      139385000	     13839	800054d6	00c229b3	slt	x19,x4,x12	  x4:0x000004ab x12:0x00000001 x19=0x00000000
      139395000	     13840	800054da	00789463	bne	x17,x7,800054e2	 x17:0xf7bc3000  x7:0x217b2367
      139425000	     13843	800054e2	d798f213	andi	x4,x17,-647	 x17:0xf7bc3000  x4=0xf7bc3000
      139435000	     13844	800054e6	4123d033	sra	x0,x7,x18	  x7:0x217b2367 x18:0x00000000  x0=0x00000000
      139445000	     13845	800054ea	00461c33	sll	x24,x12,x4	 x12:0x00000001  x4:0xf7bc3000 x24=0x00000001
      139455000	     13846	800054ee	8c95	c.sub	x9,x13	  x9:0x00000000 x13:0x80023ce4  x9=0x7ffdc31c
      139825000	     13883	800054f0	038147b3	div	x15,x2,x24	  x2:0x0001a58d x24:0x00000001 x15=0x0001a58d
      140195000	     13920	800054f4	029c5db3	divu	x27,x24,x9	 x24:0x00000001  x9:0x7ffdc31c x27=0x00000000
      140205000	     13921	800054f8	00977833	and	x16,x14,x9	 x14:0xfffe4cbc  x9:0x7ffdc31c x16=0x7ffc401c
      140215000	     13922	800054fc	0001	c.addi	x0,0	  x0:0x00000000  x0=0x00000000
      140225000	     13923	800054fe	02a4da63	bge	x9,x10,80005532	  x9:0x7ffdc31c x10:0xfffe4bdc
      140255000	     13926	80005532	0000100f	fence.i	
      140285000	     13929	80005536	0000100f	fence.i	
      140325000	     13933	8000553a	03c357b3	divu	x15,x6,x28	  x6:0x00000001 x28:0x00000000 x15=0xffffffff
      140335000	     13934	8000553e	01a6a633	slt	x12,x13,x26	 x13:0x80023ce4 x26:0x00000001 x12=0x00000001
      140345000	     13935	80005542	c219	c.beqz	x12,80005548	 x12:0x00000001
      140355000	     13936	80005544	9fde	c.add	x31,x23	 x31:0x0001a58d x23:0x8001fe24 x31=0x8003a3b1
      140365000	     13937	80005546	87fd	c.srai	x15,0x1f	 x15:0xffffffff x15=0xffffffff
      140375000	     13938	80005548	0029b4b3	sltu	x9,x19,x2	 x19:0x00000000  x2:0x0001a58d  x9=0x00000001
      140385000	     13939	8000554c	004ad033	srl	x0,x21,x4	 x21:0x000000a4  x4:0xf7bc3000  x0=0x00000000
      140395000	     13940	80005550	00fbde13	srli	x28,x23,0xf	 x23:0x8001fe24 x28=0x00010003
      140405000	     13941	80005554	01447863	bgeu	x8,x20,80005564	  x8:0xffffffff x20:0x8b1fd000
      140425000	     13943	80005564	8fcd	c.or	x15,x11	 x15:0xffffffff x11:0xf1e8b1fd x15=0xffffffff
      140435000	     13944	80005566	6131	c.addi16sp	x2,320	  x2:0x0001a58d  x2=0x0001a6cd
      140805000	     13981	80005568	02abc4b3	div	x9,x23,x10	 x23:0x8001fe24 x10:0xfffe4bdc  x9=0x00004b20
      140815000	     13982	8000556c	8e39	c.xor	x12,x14	 x12:0x00000001 x14:0xfffe4cbc x12=0xfffe4cbd
      140825000	     13983	8000556e	051a8263	beq	x21,x17,800055b2	 x21:0x000000a4 x17:0xf7bc3000
      140835000	     13984	80005572	0001	c.addi	x0,0	  x0:0x00000000  x0=0x00000000
      140845000	     13985	80005574	003ad563	bge	x21,x3,8000557e	 x21:0x000000a4  x3:0x8001fe24
      140865000	     13987	8000557e	8085	c.srli	x9,0x1	  x9:0x00004b20  x9=0x00002590
      140875000	     13988	80005580	005cefb3	or	x31,x25,x5	 x25:0x00000000  x5:0xba23ff2e x31=0xba23ff2e
      140885000	     13989	80005584	9ae6	c.add	x21,x25	 x21:0x000000a4 x25:0x00000000 x21=0x000000a4
      140895000	     13990	80005586	01837833	and	x16,x6,x24	  x6:0x00000001 x24:0x00000001 x16=0x00000001
      140905000	     13991	8000558a	48196393	ori	x7,x18,1153	 x18:0x00000000  x7=0x00000481
      140915000	     13992	8000558e	b2d24e93	xori	x29,x4,-1235	  x4:0xf7bc3000 x29=0x0843cb2d
      140925000	     13993	80005592	d9dcce13	xori	x28,x25,-611	 x25:0x00000000 x28=0xfffffd9d
      140935000	     13994	80005596	408f8ab3	sub	x21,x31,x8	 x31:0xba23ff2e  x8:0xffffffff x21=0xba23ff2f
      140945000	     13995	8000559a	017ce033	or	x0,x25,x23	 x25:0x00000000 x23:0x8001fe24  x0=0x00000000
      140985000	     13999	8000559e	0384be33	mulhu	x28,x9,x24	  x9:0x00002590 x24:0x00000001 x28=0x00000000
      140995000	     14000	800055a2	0000100f	fence.i	
      141035000	     14004	800055a6	020971b3	remu	x3,x18,x0	 x18:0x00000000  x0:0x00000000  x3=0x00000000
      141045000	     14005	800055aa	017ebd33	sltu	x26,x29,x23	 x29:0x0843cb2d x23:0x8001fe24 x26=0x00000001
      141085000	     14009	800055ae	025233b3	mulhu	x7,x4,x5	  x4:0xf7bc3000  x5:0xba23ff2e  x7=0xb421908b
      141095000	     14010	800055b2	8025	c.srli	x8,0x9	  x8:0xffffffff  x8=0x007fffff
      141105000	     14011	800055b4	cb05	c.beqz	x14,800055e4	 x14:0xfffe4cbc
      141115000	     14012	800055b6	417dd113	srai	x2,x27,0x17	 x27:0x00000000  x2=0x00000000
      141125000	     14013	800055ba	9041ec13	ori	x24,x3,-1788	  x3:0x00000000 x24=0xfffff904
      141135000	     14014	800055be	8e5d	c.or	x12,x15	 x12:0xfffe4cbd x15:0xffffffff x12=0xffffffff
      141165000	     14017	800055c0	02080133	mul	x2,x16,x0	 x16:0x00000001  x0:0x00000000  x2=0x00000000
      141175000	     14018	800055c4	717d	c.addi16sp	x2,-16	  x2:0x00000000  x2=0xfffffff0
      141185000	     14019	800055c6	00381763	bne	x16,x3,800055d4	 x16:0x00000001  x3:0x00000000
      141205000	     14021	800055d4	006b4f63	blt	x22,x6,800055f2	 x22:0x00000001  x6:0x00000001
      141215000	     14022	800055d8	00aea0b3	slt	x1,x29,x10	 x29:0x0843cb2d x10:0xfffe4bdc  x1=0x00000000
      141225000	     14023	800055dc	00669563	bne	x13,x6,800055e6	 x13:0x80023ce4  x6:0x00000001
      141255000	     14026	800055e6	00868a33	add	x20,x13,x8	 x13:0x80023ce4  x8:0x007fffff x20=0x80823ce3
      141265000	     14027	800055ea	007a4533	xor	x10,x20,x7	 x20:0x80823ce3  x7:0xb421908b x10=0x34a3ac68
      141275000	     14028	800055ee	9eae	c.add	x29,x11	 x29:0x0843cb2d x11:0xf1e8b1fd x29=0xfa2c7d2a
      141285000	     14029	800055f0	c309	c.beqz	x14,800055f2	 x14:0xfffe4cbc
      141295000	     14030	800055f2	03fa4063	blt	x20,x31,80005612	 x20:0x80823ce3 x31:0xba23ff2e
      141315000	     14032	80005612	988e	c.add	x17,x3	 x17:0xf7bc3000  x3:0x00000000 x17=0xf7bc3000
      141325000	     14033	80005614	013bf663	bgeu	x23,x19,80005620	 x23:0x8001fe24 x19:0x00000000
      141345000	     14035	80005620	99114513	xori	x10,x2,-1647	  x2:0xfffffff0 x10=0x00000661
      141355000	     14036	80005624	8f45	c.or	x14,x9	 x14:0xfffe4cbc  x9:0x00002590 x14=0xfffe6dbc
      141365000	     14037	80005626	00a000ef	jal	x1,80005630	  x1=0x8000562a
      141385000	     14039	80005630	0080036f	jal	x6,80005638	  x6=0x80005634
      141405000	     14041	80005638	a009	c.j	8000563a	
      141435000	     14044	8000563a	004000ef	jal	x1,8000563e	  x1=0x8000563e
      141455000	     14046	8000563e	3fc5	c.jal	8000562e	  x1=0x80005640
      141475000	     14048	8000562e	2019	c.jal	80005634	  x1=0x80005630
      141495000	     14050	80005634	01000b6f	jal	x22,80005644	 x22=0x80005638
      141515000	     14052	80005644	2011	c.jal	80005648	  x1=0x80005646
      141535000	     14054	80005648	bfe5	c.j	80005640	
      141555000	     14056	80005640	febff0ef	jal	x1,8000562a	  x1=0x80005644
      141585000	     14059	8000562a	01c00f6f	jal	x30,80005646	 x30=0x8000562e
      141605000	     14061	80005646	2011	c.jal	8000564a	  x1=0x80005648
      141635000	     14064	8000564a	00359713	slli	x14,x11,0x3	 x11:0xf1e8b1fd x14=0x8f458fe8
      141645000	     14065	8000564e	0643a513	slti	x10,x7,100	  x7:0xb421908b x10=0x00000001
      142015000	     14102	80005652	03e463b3	rem	x7,x8,x30	  x8:0x007fffff x30:0x8000562e  x7=0x007fffff
      142025000	     14103	80005656	027e0b63	beq	x28,x7,8000568c	 x28:0x00000000  x7:0x007fffff
      142035000	     14104	8000565a	9332	c.add	x6,x12	  x6:0x80005634 x12:0xffffffff  x6=0x80005633
      142045000	     14105	8000565c	8f62	c.mv	x30,x24	  x0:0x00000000 x24:0xfffff904 x30=0xfffff904
      142055000	     14106	8000565e	8d69	c.and	x10,x10	 x10:0x00000001 x10:0x00000001 x10=0x00000001
      142095000	     14110	80005660	0366ad33	mulhsu	x26,x13,x22	 x13:0x80023ce4 x22:0x80005638 x26=0xc000f356
      142105000	     14111	80005664	0141bab3	sltu	x21,x3,x20	  x3:0x00000000 x20:0x80823ce3 x21=0x00000001
      142115000	     14112	80005668	00d31e93	slli	x29,x6,0xd	  x6:0x80005633 x29=0x0ac66000
      142125000	     14113	8000566c	004bec33	or	x24,x23,x4	 x23:0x8001fe24  x4:0xf7bc3000 x24=0xf7bdfe24
      142135000	     14114	80005670	0001	c.addi	x0,0	  x0:0x00000000  x0=0x00000000
      142155000	     14116	80005672	023e7eb3	remu	x29,x28,x3	 x28:0x00000000  x3:0x00000000 x29=0x00000000
      142165000	     14117	80005676	02635663	bge	x6,x6,800056a2	  x6:0x80005633  x6:0x80005633
      142195000	     14120	800056a2	016728b3	slt	x17,x14,x22	 x14:0x8f458fe8 x22:0x80005638 x17=0x00000000
      142235000	     14124	800056a6	03fd1b33	mulh	x22,x26,x31	 x26:0xc000f356 x31:0xba23ff2e x22=0x1176bdcd
      142245000	     14125	800056aa	4d81	c.li	x27,0	 x27=0x00000000
      142255000	     14126	800056ac	c0a1	c.beqz	x9,800056ec	  x9:0x00002590
      142265000	     14127	800056ae	554ced13	ori	x26,x25,1364	 x25:0x00000000 x26=0x00000554
      142275000	     14128	800056b2	01f99793	slli	x15,x19,0x1f	 x19:0x00000000 x15=0x00000000
      142285000	     14129	800056b6	745e9437	lui	x8,0x745e9	  x8=0x745e9000
      142295000	     14130	800056ba	60ed	c.lui	x1,0x1b	  x1=0x0001b000
      142305000	     14131	800056bc	01a46763	bltu	x8,x26,800056ca	  x8:0x745e9000 x26:0x00000554
      142315000	     14132	800056c0	98c2	c.add	x17,x16	 x17:0x00000000 x16:0x00000001 x17=0x00000001
      142325000	     14133	800056c2	0071edb3	or	x27,x3,x7	  x3:0x00000000  x7:0x007fffff x27=0x007fffff
      142335000	     14134	800056c6	01959213	slli	x4,x11,0x19	 x11:0xf1e8b1fd  x4=0xfa000000
      142345000	     14135	800056ca	0001	c.addi	x0,0	  x0:0x00000000  x0=0x00000000
      142355000	     14136	800056cc	6ac5	c.lui	x21,0x11	 x21=0x00011000
      142725000	     14173	800056ce	0221c233	div	x4,x3,x2	  x3:0x00000000  x2:0xfffffff0  x4=0x00000000
      142735000	     14174	800056d2	b42aee13	ori	x28,x21,-1214	 x21:0x00011000 x28=0xfffffb42
      142745000	     14175	800056d6	00ecb9b3	sltu	x19,x25,x14	 x25:0x00000000 x14:0x8f458fe8 x19=0x00000001
      142755000	     14176	800056da	01b59033	sll	x0,x11,x27	 x11:0xf1e8b1fd x27:0x007fffff  x0=0x00000000
      142765000	     14177	800056de	018acb33	xor	x22,x21,x24	 x21:0x00011000 x24:0xf7bdfe24 x22=0xf7bcee24
      142775000	     14178	800056e2	d8ece317	auipc	x6,0xd8ece	  x6=0x58ed36e2
      142785000	     14179	800056e6	8c1d	c.sub	x8,x15	  x8:0x745e9000 x15:0x00000000  x8=0x745e9000
      142795000	     14180	800056e8	8f65	c.and	x14,x9	 x14:0x8f458fe8  x9:0x00002590 x14=0x00000580
      142805000	     14181	800056ea	617d	c.addi16sp	x2,496	  x2:0xfffffff0  x2=0x000001e0
      142815000	     14182	800056ec	0001	c.addi	x0,0	  x0:0x00000000  x0=0x00000000
      143185000	     14219	800056ee	03c7c033	div	x0,x15,x28	 x15:0x00000000 x28:0xfffffb42  x0=0x00000000
      143225000	     14223	800056f2	02bfbc33	mulhu	x24,x31,x11	 x31:0xba23ff2e x11:0xf1e8b1fd x24=0xafe51544
      143235000	     14224	800056f6	b3966913	ori	x18,x12,-1223	 x12:0xffffffff x18=0xffffffff
      143245000	     14225	800056fa	717d	c.addi16sp	x2,-16	  x2:0x000001e0  x2=0x000001d0
      143265000	     14227	800056fc	024b62b3	rem	x5,x22,x4	 x22:0xf7bcee24  x4:0x00000000  x5=0xf7bcee24
      143275000	     14228	80005700	40df8eb3	sub	x29,x31,x13	 x31:0xba23ff2e x13:0x80023ce4 x29=0x3a21c24a
      143285000	     14229	80005704	c90d	c.beqz	x10,80005736	 x10:0x00000001
      143295000	     14230	80005706	0001	c.addi	x0,0	  x0:0x00000000  x0=0x00000000
      143305000	     14231	80005708	d8946413	ori	x8,x8,-631	  x8:0x745e9000  x8=0xfffffd89
      143315000	     14232	8000570c	8e3d	c.xor	x12,x15	 x12:0xffffffff x15:0x00000000 x12=0xffffffff
      143325000	     14233	8000570e	8125	c.srli	x10,0x9	 x10:0x00000001 x10=0x00000000
      143335000	     14234	80005710	413b0e33	sub	x28,x22,x19	 x22:0xf7bcee24 x19:0x00000001 x28=0xf7bcee23
      143345000	     14235	80005714	0001	c.addi	x0,0	  x0:0x00000000  x0=0x00000000
      143355000	     14236	80005716	831d	c.srli	x14,0x7	 x14:0x00000580 x14=0x0000000b
      143365000	     14237	80005718	9a7d	c.andi	x12,-1	 x12:0xffffffff x12=0xffffffff
      143375000	     14238	8000571a	01d48cb3	add	x25,x9,x29	  x9:0x00002590 x29:0x3a21c24a x25=0x3a21e7da
      143385000	     14239	8000571e	00adbdb3	sltu	x27,x27,x10	 x27:0x007fffff x10:0x00000000 x27=0x00000000
      143395000	     14240	80005722	0001	c.addi	x0,0	  x0:0x00000000  x0=0x00000000
      143405000	     14241	80005724	01e2	c.slli	x3,0x18	  x3:0x00000000  x3=0x00000000
      143415000	     14242	80005726	01cc1893	slli	x17,x24,0x1c	 x24:0xafe51544 x17=0x40000000
      143425000	     14243	8000572a	41770233	sub	x4,x14,x23	 x14:0x0000000b x23:0x8001fe24  x4=0x7ffe01e7
      143435000	     14244	8000572e	0ff0000f	fence	iorw,iorw	
      143805000	     14281	80005732	0248ffb3	remu	x31,x17,x4	 x17:0x40000000  x4:0x7ffe01e7 x31=0x40000000
      143815000	     14282	80005736	03baf963	bgeu	x21,x27,80005768	 x21:0x00011000 x27:0x00000000
      143835000	     14284	80005768	8ff9	c.and	x15,x14	 x15:0x00000000 x14:0x0000000b x15=0x00000000
      143845000	     14285	8000576a	496cbd17	auipc	x26,0x496cb	 x26=0xc96d076a
      143855000	     14286	8000576e	40b6dc33	sra	x24,x13,x11	 x13:0x80023ce4 x11:0xf1e8b1fd x24=0xfffffffc
      143865000	     14287	80005772	98fa	c.add	x17,x30	 x17:0x40000000 x30:0xfffff904 x17=0x3ffff904
      143905000	     14291	80005774	027c3fb3	mulhu	x31,x24,x7	 x24:0xfffffffc  x7:0x007fffff x31=0x007ffffe
      143925000	     14293	80005778	03bdf133	remu	x2,x27,x27	 x27:0x00000000 x27:0x00000000  x2=0x00000000
      143945000	     14295	8000577c	02014533	div	x10,x2,x0	  x2:0x00000000  x0:0x00000000 x10=0xffffffff
      143955000	     14296	80005780	c209	c.beqz	x12,80005782	 x12:0xffffffff
      143965000	     14297	80005782	4a0ba217	auipc	x4,0x4a0ba	  x4=0xca0bf782
      143975000	     14298	80005786	0111e463	bltu	x3,x17,8000578e	  x3:0x00000000 x17:0x3ffff904
      144035000	     14304	8000578e	0313a7b3	mulhsu	x15,x7,x17	  x7:0x007fffff x17:0x3ffff904 x15=0x001ffffc
      144405000	     14341	80005792	02fd61b3	rem	x3,x26,x15	 x26:0xc96d076a x15:0x001ffffc  x3=0xffed009a
      144415000	     14342	80005796	0001	c.addi	x0,0	  x0:0x00000000  x0=0x00000000
      144425000	     14343	80005798	8ca1	c.xor	x9,x8	  x9:0x00002590  x8:0xfffffd89  x9=0xffffd819
      144435000	     14344	8000579a	0c98	c.addi4spn	x14,x2,592	 x14=0x00000250
      144445000	     14345	8000579c	005a0233	add	x4,x20,x5	 x20:0x80823ce3  x5:0xf7bcee24  x4=0x783f2b07
      144455000	     14346	800057a0	c495	c.beqz	x9,800057cc	  x9:0xffffd819
      144465000	     14347	800057a2	d69e0493	addi	x9,x28,-663	 x28:0xf7bcee23  x9=0xf7bceb8c
      144475000	     14348	800057a6	ea1d	c.bnez	x12,800057dc	 x12:0xffffffff
      144495000	     14350	800057dc	01f1d313	srli	x6,x3,0x1f	  x3:0xffed009a  x6=0x00000001
      144505000	     14351	800057e0	e089	c.bnez	x9,800057e2	  x9:0xf7bceb8c
      144525000	     14353	800057e2	9b7d	c.andi	x14,-1	 x14:0x00000250 x14=0x00000250
      144535000	     14354	800057e4	587d	c.li	x16,-1	 x16=0xffffffff
      144545000	     14355	800057e6	00489613	slli	x12,x17,0x4	 x17:0x3ffff904 x12=0xffff9040
      144555000	     14356	800057ea	6f15	c.lui	x30,0x5	 x30=0x00005000
      144565000	     14357	800057ec	017c1663	bne	x24,x23,800057f8	 x24:0xfffffffc x23:0x8001fe24
      144615000	     14362	800057f8	03a0bc33	mulhu	x24,x1,x26	  x1:0x0001b000 x26:0xc96d076a x24=0x000153e7
      144655000	     14366	800057fc	02292233	mulhsu	x4,x18,x2	 x18:0xffffffff  x2:0x00000000  x4=0x00000000
      144665000	     14367	80005800	5f7d	c.li	x30,-1	 x30=0xffffffff
      144705000	     14371	80005802	03aa1633	mulh	x12,x20,x26	 x20:0x80823ce3 x26:0xc96d076a x12=0x1b2db8ad
      144745000	     14375	80005806	035223b3	mulhsu	x7,x4,x21	  x4:0x00000000 x21:0x00011000  x7=0x00000000
      144755000	     14376	8000580a	8119	c.srli	x10,0x6	 x10:0xffffffff x10=0x03ffffff
      144765000	     14377	8000580c	6c41	c.lui	x24,0x10	 x24=0x00010000
      144775000	     14378	8000580e	8b56	c.mv	x22,x21	  x0:0x00000000 x21:0x00011000 x22=0x00011000
      145145000	     14415	80005810	032af7b3	remu	x15,x21,x18	 x21:0x00011000 x18:0xffffffff x15=0x00011000
      145155000	     14416	80005814	9f72	c.add	x30,x28	 x30:0xffffffff x28:0xf7bcee23 x30=0xf7bcee22
      145165000	     14417	80005816	24602e37	lui	x28,0x24602	 x28=0x24602000
      145175000	     14418	8000581a	5eb5b013	sltiu	x0,x11,1515	 x11:0xf1e8b1fd  x0=0x00000000
      145185000	     14419	8000581e	0113e8b3	or	x17,x7,x17	  x7:0x00000000 x17:0x3ffff904 x17=0x3ffff904
      145195000	     14420	80005822	0189d663	bge	x19,x24,8000582e	 x19:0x00000001 x24:0x00010000
      145205000	     14421	80005826	1a68c493	xori	x9,x17,422	 x17:0x3ffff904  x9=0x3ffff8a2
      145215000	     14422	8000582a	85913613	sltiu	x12,x2,-1959	  x2:0x00000000 x12=0x00000001
      145225000	     14423	8000582e	8c09	c.sub	x8,x10	  x8:0xfffffd89 x10:0x03ffffff  x8=0xfbfffd8a
      145235000	     14424	80005830	0b06	c.slli	x22,0x1	 x22:0x00011000 x22=0x00022000
      145245000	     14425	80005832	0ff1	c.addi	x31,28	 x31:0x007ffffe x31=0x0080001a
      145255000	     14426	80005834	0816	c.slli	x16,0x5	 x16:0xffffffff x16=0xffffffe0
      145265000	     14427	80005836	8f25	c.xor	x14,x9	 x14:0x00000250  x9:0x3ffff8a2 x14=0x3ffffaf2
      145275000	     14428	80005838	01c7af33	slt	x30,x15,x28	 x15:0x00011000 x28:0x24602000 x30=0x00000001
      145285000	     14429	8000583c	00f4a433	slt	x8,x9,x15	  x9:0x3ffff8a2 x15:0x00011000  x8=0x00000000
      145295000	     14430	80005840	0116b733	sltu	x14,x13,x17	 x13:0x80023ce4 x17:0x3ffff904 x14=0x00000000
      145305000	     14431	80005844	01419e33	sll	x28,x3,x20	  x3:0xffed009a x20:0x80823ce3 x28=0xff6804d0
      145315000	     14432	80005848	9346	c.add	x6,x17	  x6:0x00000001 x17:0x3ffff904  x6=0x3ffff905
      145325000	     14433	8000584a	403d5613	srai	x12,x26,0x3	 x26:0xc96d076a x12=0xf92da0ed
      145365000	     14437	8000584e	020228b3	mulhsu	x17,x4,x0	  x4:0x00000000  x0:0x00000000 x17=0x00000000
      145375000	     14438	80005852	1a495017	auipc	x0,0x1a495	  x0=0x00000000
      145385000	     14439	80005856	07bd	c.addi	x15,15	 x15:0x00011000 x15=0x0001100f
      145395000	     14440	80005858	d8897e13	andi	x28,x18,-632	 x18:0xffffffff x28=0xfffffd88
      145405000	     14441	8000585c	8795	c.srai	x15,0x5	 x15:0x0001100f x15=0x00000880
      145415000	     14442	8000585e	0101d893	srli	x17,x3,0x10	  x3:0xffed009a x17=0x0000ffed
      145425000	     14443	80005862	40b1d2b3	sra	x5,x3,x11	  x3:0xffed009a x11:0xf1e8b1fd  x5=0xffffffff
      145435000	     14444	80005866	6255	c.lui	x4,0x15	  x4=0x00015000
      145805000	     14481	80005868	02fdd533	divu	x10,x27,x15	 x27:0x00000000 x15:0x00000880 x10=0x00000000
      145815000	     14482	8000586c	0180e963	bltu	x1,x24,8000587e	  x1:0x0001b000 x24:0x00010000
      145825000	     14483	80005870	007049b3	xor	x19,x0,x7	  x0:0x00000000  x7:0x00000000 x19=0x00000000
      145835000	     14484	80005874	41e10833	sub	x16,x2,x30	  x2:0x00000000 x30:0x00000001 x16=0xffffffff
      145845000	     14485	80005878	e881	c.bnez	x9,80005888	  x9:0x3ffff8a2
      145895000	     14490	80005888	03a31733	mulh	x14,x6,x26	  x6:0x3ffff905 x26:0xc96d076a x14=0xf25b4357
      145905000	     14491	8000588c	3ebe2d93	slti	x27,x28,1003	 x28:0xfffffd88 x27=0x00000001
      145915000	     14492	80005890	01ef8e63	beq	x31,x30,800058ac	 x31:0x0080001a x30:0x00000001
      145925000	     14493	80005894	6345	c.lui	x6,0x11	  x6=0x00011000
      145935000	     14494	80005896	40d1deb3	sra	x29,x3,x13	  x3:0xffed009a x13:0x80023ce4 x29=0xfffed009
      145945000	     14495	8000589a	0197cc63	blt	x15,x25,800058b2	 x15:0x00000880 x25:0x3a21e7da
      145975000	     14498	800058b2	03e54563	blt	x10,x30,800058dc	 x10:0x00000000 x30:0x00000001
      145995000	     14500	800058dc	03199963	bne	x19,x17,8000590e	 x19:0x00000000 x17:0x0000ffed
      146025000	     14503	8000590e	00a21663	bne	x4,x10,8000591a	  x4:0x00015000 x10:0x00000000
      146065000	     14507	8000591a	03336333	rem	x6,x6,x19	  x6:0x00011000 x19:0x00000000  x6=0x00011000
      146105000	     14511	8000591e	03219d33	mulh	x26,x3,x18	  x3:0xffed009a x18:0xffffffff x26=0x00000000
      146115000	     14512	80005922	014f37b3	sltu	x15,x30,x20	 x30:0x00000001 x20:0x80823ce3 x15=0x00000001
      146125000	     14513	80005926	004ba083	lw	x1,4(x23)	 x23:0x8001fe24  x1=0x8000356c PA:0x8001fe28 load:0x8000356c
      146165000	     14517	8000592a	02ee1ab3	mulh	x21,x28,x14	 x28:0xfffffd88 x14:0xf25b4357 x21=0x00000021
      146175000	     14518	8000592e	41ed5f93	srai	x31,x26,0x1e	 x26:0x00000000 x31=0x00000000
      146185000	     14519	80005932	040b8b93	addi	x23,x23,64	 x23:0x8001fe24 x23=0x8001fe64
      146225000	     14523	80005936	020a2a33	mulhsu	x20,x20,x0	 x20:0x80823ce3  x0:0x00000000 x20=0x00000000
      146235000	     14524	8000593a	08de	c.slli	x17,0x17	 x17:0x0000ffed x17=0xf6800000
      146245000	     14525	8000593c	717d	c.addi16sp	x2,-16	  x2:0x00000000  x2=0xfffffff0
      146255000	     14526	8000593e	871e	c.mv	x14,x7	  x0:0x00000000  x7:0x00000000 x14=0x00000000
      146265000	     14527	80005940	ddf63017	auipc	x0,0xddf63	  x0=0x00000000
      146275000	     14528	80005944	00008993	addi	x19,x1,0	  x1:0x8000356c x19=0x8000356c
      146285000	     14529	80005948	9982	c.jalr	x19	 x19:0x8000356c  x1=0x8000594a
      146305000	     14531	8000356c	00a000ef	jal	x1,80003576	  x1=0x80003570
      146335000	     14534	80003576	fffff36f	jal	x6,80003574	  x6=0x8000357a
      146355000	     14536	80003574	2039	c.jal	80003582	  x1=0x80003576
      146375000	     14538	80003582	a019	c.j	80003588	
      146395000	     14540	80003588	2019	c.jal	8000358e	  x1=0x8000358a
      146415000	     14542	8000358e	bfc5	c.j	8000357e	
      146445000	     14545	8000357e	0080036f	jal	x6,80003586	  x6=0x80003582
      146465000	     14547	80003586	bffd	c.j	80003584	
      146485000	     14549	80003584	bfdd	c.j	8000357a	
      146515000	     14552	8000357a	ff7ff76f	jal	x14,80003570	 x14=0x8000357e
      146535000	     14554	80003570	a831	c.j	8000358c	
      146555000	     14556	8000358c	37dd	c.jal	80003572	  x1=0x8000358e
      146575000	     14558	80003572	2821	c.jal	8000358a	  x1=0x80003574
      146595000	     14560	8000358a	2019	c.jal	80003590	  x1=0x8000358c
      146615000	     14562	80003590	0040036f	jal	x6,80003594	  x6=0x80003594
      146635000	     14564	80003594	8209	c.srli	x12,0x2	 x12:0xf92da0ed x12=0x3e4b683b
      146645000	     14565	80003596	0ffe	c.slli	x31,0x1f	 x31:0x00000000 x31=0x00000000
      146655000	     14566	80003598	83a9	c.srli	x15,0xa	 x15:0x00000001 x15=0x00000000
      146665000	     14567	8000359a	0001	c.addi	x0,0	  x0:0x00000000  x0=0x00000000
      146675000	     14568	8000359c	6769	c.lui	x14,0x1a	 x14=0x0001a000
      146685000	     14569	8000359e	8d29	c.xor	x10,x10	 x10:0x00000000 x10:0x00000000 x10=0x00000000
      146695000	     14570	800035a0	45917a93	andi	x21,x2,1113	  x2:0xfffffff0 x21=0x00000450
      146705000	     14571	800035a4	8c59	c.or	x8,x14	  x8:0x00000000 x14:0x0001a000  x8=0x0001a000
      146725000	     14573	800035a6	0347ed33	rem	x26,x15,x20	 x15:0x00000000 x20:0x00000000 x26=0x00000000
      146735000	     14574	800035aa	ca41a937	lui	x18,0xca41a	 x18=0xca41a000
      146745000	     14575	800035ae	8ba5	c.andi	x15,9	 x15:0x00000000 x15=0x00000000
      146755000	     14576	800035b0	0081fe33	and	x28,x3,x8	  x3:0xffed009a  x8:0x0001a000 x28=0x00010000
      146765000	     14577	800035b4	616d	c.addi16sp	x2,240	  x2:0xfffffff0  x2=0x000000e0
      146775000	     14578	800035b6	00005a17	auipc	x20,0x5	 x20=0x800085b6
      146785000	     14579	800035ba	7c6a0a13	addi	x20,x20,1990	 x20:0x800085b6 x20=0x80008d7c
      146795000	     14580	800035be	308a0a13	addi	x20,x20,776	 x20:0x80008d7c x20=0x80009084
      146805000	     14581	800035c2	016a5763	bge	x20,x22,800035d0	 x20:0x80009084 x22:0x00022000
      146815000	     14582	800035c6	0310	c.addi4spn	x12,x2,384	 x12=0x00000260
      146825000	     14583	800035c8	37afd997	auipc	x19,0x37afd	 x19=0xb7b005c8
      147195000	     14620	800035cc	0370e3b3	rem	x7,x1,x23	  x1:0x8000358c x23:0x8001fe64  x7=0xfffe3728
      147205000	     14621	800035d0	cf9a00e7	jalr	x1,-775(x20)	 x20:0x80009084  x1=0x800035d4
      147225000	     14623	80008d7c	01707033	and	x0,x0,x23	  x0:0x00000000 x23:0x8001fe64  x0=0x00000000
      147235000	     14624	80008d80	fd0b8b93	addi	x23,x23,-48	 x23:0x8001fe64 x23=0x8001fe34
      147245000	     14625	80008d84	001ba223	sw	x1,4(x23)	 x23:0x8001fe34  x1:0x800035d4 PA:0x8001fe38 store:0x800035d4 load:0x00000000
      147615000	     14662	80008d88	0212d2b3	divu	x5,x5,x1	  x5:0xffffffff  x1:0x800035d4  x5=0x00000001
      147625000	     14663	80008d8c	997d	c.andi	x10,-1	 x10:0x00000000 x10=0x00000000
      147635000	     14664	80008d8e	01df5f33	srl	x30,x30,x29	 x30:0x00000001 x29:0xfffed009 x30=0x00000000
      147645000	     14665	80008d92	832d	c.srli	x14,0xb	 x14:0x0001a000 x14=0x00000034
      147655000	     14666	80008d94	908a	c.add	x1,x2	  x1:0x800035d4  x2:0x000000e0  x1=0x800036b4
      147665000	     14667	80008d96	92fa	c.add	x5,x30	  x5:0x00000001 x30:0x00000000  x5=0x00000001
      147675000	     14668	80008d98	9b7d	c.andi	x14,-1	 x14:0x00000034 x14=0x00000034
      147685000	     14669	80008d9a	5240e193	ori	x3,x1,1316	  x1:0x800036b4  x3=0x800037b4
      147695000	     14670	80008d9e	40698ab3	sub	x21,x19,x6	 x19:0xb7b005c8  x6:0x80003594 x21=0x37afd034
      147705000	     14671	80008da2	01ffe2b3	or	x5,x31,x31	 x31:0x00000000 x31:0x00000000  x5=0x00000000
      147715000	     14672	80008da6	e901	c.bnez	x10,80008db6	 x10:0x00000000
      147735000	     14674	80008da8	03f94533	div	x10,x18,x31	 x18:0xca41a000 x31:0x00000000 x10=0xffffffff
      147745000	     14675	80008dac	40470333	sub	x6,x14,x4	 x14:0x00000034  x4:0x00015000  x6=0xfffeb034
      147755000	     14676	80008db0	000a1113	slli	x2,x20,0x0	 x20:0x80009084  x2=0x80009084
      147765000	     14677	80008db4	8521	c.srai	x10,0x8	 x10:0xffffffff x10=0xffffffff
      147775000	     14678	80008db6	567d	c.li	x12,-1	 x12=0xffffffff
      148145000	     14715	80008db8	02de51b3	divu	x3,x28,x13	 x28:0x00010000 x13:0x80023ce4  x3=0x00000000
      148515000	     14752	80008dbc	0353e633	rem	x12,x7,x21	  x7:0xfffe3728 x21:0x37afd034 x12=0xfffe3728
      148525000	     14753	80008dc0	01bfb933	sltu	x18,x31,x27	 x31:0x00000000 x27:0x00000001 x18=0x00000001
      148535000	     14754	80008dc4	004ba083	lw	x1,4(x23)	 x23:0x8001fe34  x1=0x800035d4 PA:0x8001fe38 load:0x800035d4
      148545000	     14755	80008dc8	0001	c.addi	x0,0	  x0:0x00000000  x0=0x00000000
      148555000	     14756	80008dca	00fb3133	sltu	x2,x22,x15	 x22:0x00022000 x15:0x00000000  x2=0x00000000
      148565000	     14757	80008dce	0c92	c.slli	x25,0x4	 x25:0x3a21e7da x25=0xa21e7da0
      148605000	     14761	80008dd0	02373e33	mulhu	x28,x14,x3	 x14:0x00000034  x3:0x00000000 x28=0x00000000
      148615000	     14762	80008dd4	030b8b93	addi	x23,x23,48	 x23:0x8001fe34 x23=0x8001fe64
      148635000	     14764	80008dd8	0252fc33	remu	x24,x5,x5	  x5:0x00000000  x5:0x00000000 x24=0x00000000
      148645000	     14765	80008ddc	00008c13	addi	x24,x1,0	  x1:0x800035d4 x24=0x800035d4
      148655000	     14766	80008de0	8c02	c.jr	x24	 x24:0x800035d4
      148695000	     14770	800035d4	035e88b3	mul	x17,x29,x21	 x29:0xfffed009 x21:0x37afd034 x17=0x2df091d4
      148705000	     14771	800035d8	00d16c63	bltu	x2,x13,800035f0	  x2:0x00000000 x13:0x80023ce4
      148725000	     14773	800035f0	0001	c.addi	x0,0	  x0:0x00000000  x0=0x00000000
      148735000	     14774	800035f2	ffffd597	auipc	x11,0xffffd	 x11=0x800005f2
      148745000	     14775	800035f6	d7858593	addi	x11,x11,-648	 x11:0x800005f2 x11=0x8000036a
      148755000	     14776	800035fa	00058067	jalr	x0,0(x11)	 x11:0x8000036a  x0=0x00000000
      148785000	     14779	8000036a	90000d37	lui	x26,0x90000	 x26=0x90000000
      148795000	     14780	8000036e	1d61	c.addi	x26,-8	 x26:0x90000000 x26=0x8ffffff8
      148805000	     14781	80000370	4d81	c.li	x27,0	 x27=0x00000000
      148815000	     14782	80000372	0da2	c.slli	x27,0x8	 x27:0x00000000 x27=0x00000000
      148825000	     14783	80000374	0d85	c.addi	x27,1	 x27:0x00000000 x27=0x00000001
      148835000	     14784	80000376	01bd2023	sw	x27,0(x26)	 x26:0x8ffffff8 x27:0x00000001 PA:0x8ffffff8 store:0x00000001 load:0x00000000
      148845000	     14785	8000037a	00000073	ecall	
      148875000	     14788	80002700	0800006f	jal	x0,80002780	  x0=0x00000000
      148895000	     14790	80002780	16f1	c.addi	x13,-4	 x13:0x80023ce4 x13=0x80023ce0
      148905000	     14791	80002782	0176a023	sw	x23,0(x13)	 x13:0x80023ce0 x23:0x8001fe64 PA:0x80023ce0 store:0x8001fe64 load:0x00000000
