core   0: 0x80000080 (0x40001937) lui     s2, 0x40001
core   0: 3 0x80000080 (0x40001937) x18 0x40001000
core   0: 0x80000084 (0x10690913) addi    s2, s2, 262
core   0: 3 0x80000084 (0x10690913) x18 0x40001106
core   0: 0x80000088 (0x30191073) csrw    misa, s2
core   0: 3 0x80000088 (0x30191073) c769_misa 0x40901104
core   0: 0x8000008c (0x00024697) auipc   a3, 0x24
core   0: 3 0x8000008c (0x00024697) x13 0x8002408c
core   0: 0x80000090 (0xc5868693) addi    a3, a3, -936
core   0: 3 0x80000090 (0xc5868693) x13 0x80023ce4
core   0: 0x80000094 (0x00002917) auipc   s2, 0x2
core   0: 3 0x80000094 (0x00002917) x18 0x80002094
core   0: 0x80000098 (0x46c90913) addi    s2, s2, 1132
core   0: 3 0x80000098 (0x46c90913) x18 0x80002500
core   0: 0x8000009c (0x00196913) ori     s2, s2, 1
core   0: 3 0x8000009c (0x00196913) x18 0x80002501
core   0: 0x800000a0 (0x30591073) csrw    mtvec, s2
core   0: 3 0x800000a0 (0x30591073) c773_mtvec 0x80002501
core   0: 0x800000a4 (0x74725073) csrwi   mseccfg, 4
core   0: 3 0x800000a4 (0x74725073) c1863_mseccfg 0x00000004
core   0: 0x800000a8 (0x00003397) auipc   t2, 0x3
core   0: 3 0x800000a8 (0x00003397) x7  0x800030a8
core   0: 0x800000ac (0x1fc38393) addi    t2, t2, 508
core   0: 3 0x800000ac (0x1fc38393) x7  0x800032a4
core   0: 0x800000b0 (0x00004901) c.li    s2, 0
core   0: 3 0x800000b0 (0x4901) x18 0x00000000
core   0: 0x800000b2 (0x000093ca) c.add   t2, s2
core   0: 3 0x800000b2 (0x93ca) x7  0x800032a4
core   0: 0x800000b4 (0x0023d393) srli    t2, t2, 2
core   0: 3 0x800000b4 (0x0023d393) x7  0x20000ca9
core   0: 0x800000b8 (0x3b039073) csrw    pmpaddr0, t2
core   0: 3 0x800000b8 (0x3b039073) c944_pmpaddr0 0x20000ca9
core   0: 0x800000bc (0x00003397) auipc   t2, 0x3
core   0: 3 0x800000bc (0x00003397) x7  0x800030bc
core   0: 0x800000c0 (0x1e838393) addi    t2, t2, 488
core   0: 3 0x800000c0 (0x1e838393) x7  0x800032a4
core   0: 0x800000c4 (0x11111937) lui     s2, 0x11111
core   0: 3 0x800000c4 (0x11111937) x18 0x11111000
core   0: 0x800000c8 (0x11190913) addi    s2, s2, 273
core   0: 3 0x800000c8 (0x11190913) x18 0x11111111
core   0: 0x800000cc (0x000093ca) c.add   t2, s2
core   0: 3 0x800000cc (0x93ca) x7  0x911143b5
core   0: 0x800000ce (0x0023d393) srli    t2, t2, 2
core   0: 3 0x800000ce (0x0023d393) x7  0x244450ed
core   0: 0x800000d2 (0x3b139073) csrw    pmpaddr1, t2
core   0: 3 0x800000d2 (0x3b139073) c945_pmpaddr1 0x244450ed
core   0: 0x800000d6 (0x00003397) auipc   t2, 0x3
core   0: 3 0x800000d6 (0x00003397) x7  0x800030d6
core   0: 0x800000da (0x1ce38393) addi    t2, t2, 462
core   0: 3 0x800000da (0x1ce38393) x7  0x800032a4
core   0: 0x800000de (0x22222937) lui     s2, 0x22222
core   0: 3 0x800000de (0x22222937) x18 0x22222000
core   0: 0x800000e2 (0x22290913) addi    s2, s2, 546
core   0: 3 0x800000e2 (0x22290913) x18 0x22222222
core   0: 0x800000e6 (0x000093ca) c.add   t2, s2
core   0: 3 0x800000e6 (0x93ca) x7  0xa22254c6
core   0: 0x800000e8 (0x0023d393) srli    t2, t2, 2
core   0: 3 0x800000e8 (0x0023d393) x7  0x28889531
core   0: 0x800000ec (0x3b239073) csrw    pmpaddr2, t2
core   0: 3 0x800000ec (0x3b239073) c946_pmpaddr2 0x28889531
core   0: 0x800000f0 (0x00003397) auipc   t2, 0x3
core   0: 3 0x800000f0 (0x00003397) x7  0x800030f0
core   0: 0x800000f4 (0x1b438393) addi    t2, t2, 436
core   0: 3 0x800000f4 (0x1b438393) x7  0x800032a4
core   0: 0x800000f8 (0x33333937) lui     s2, 0x33333
core   0: 3 0x800000f8 (0x33333937) x18 0x33333000
core   0: 0x800000fc (0x33390913) addi    s2, s2, 819
core   0: 3 0x800000fc (0x33390913) x18 0x33333333
core   0: 0x80000100 (0x000093ca) c.add   t2, s2
core   0: 3 0x80000100 (0x93ca) x7  0xb33365d7
core   0: 0x80000102 (0x0023d393) srli    t2, t2, 2
core   0: 3 0x80000102 (0x0023d393) x7  0x2cccd975
core   0: 0x80000106 (0x3b339073) csrw    pmpaddr3, t2
core   0: 3 0x80000106 (0x3b339073) c947_pmpaddr3 0x2cccd975
core   0: 0x8000010a (0x0f0f13b7) lui     t2, 0xf0f1
core   0: 3 0x8000010a (0x0f0f13b7) x7  0x0f0f1000
core   0: 0x8000010e (0xf0f38393) addi    t2, t2, -241
core   0: 3 0x8000010e (0xf0f38393) x7  0x0f0f0f0f
core   0: 0x80000112 (0x3a039073) csrw    pmpcfg0, t2
core   0: 3 0x80000112 (0x3a039073) c928_pmpcfg0 0x0f0f0f0f
core   0: 0x80000116 (0x00003397) auipc   t2, 0x3
core   0: 3 0x80000116 (0x00003397) x7  0x80003116
core   0: 0x8000011a (0x18e38393) addi    t2, t2, 398
core   0: 3 0x8000011a (0x18e38393) x7  0x800032a4
core   0: 0x8000011e (0x44444937) lui     s2, 0x44444
core   0: 3 0x8000011e (0x44444937) x18 0x44444000
core   0: 0x80000122 (0x44490913) addi    s2, s2, 1092
core   0: 3 0x80000122 (0x44490913) x18 0x44444444
core   0: 0x80000126 (0x000093ca) c.add   t2, s2
core   0: 3 0x80000126 (0x93ca) x7  0xc44476e8
core   0: 0x80000128 (0x0023d393) srli    t2, t2, 2
core   0: 3 0x80000128 (0x0023d393) x7  0x31111dba
core   0: 0x8000012c (0x3b439073) csrw    pmpaddr4, t2
core   0: 3 0x8000012c (0x3b439073) c948_pmpaddr4 0x31111dba
core   0: 0x80000130 (0x00003397) auipc   t2, 0x3
core   0: 3 0x80000130 (0x00003397) x7  0x80003130
core   0: 0x80000134 (0x17438393) addi    t2, t2, 372
core   0: 3 0x80000134 (0x17438393) x7  0x800032a4
core   0: 0x80000138 (0x55555937) lui     s2, 0x55555
core   0: 3 0x80000138 (0x55555937) x18 0x55555000
core   0: 0x8000013c (0x55590913) addi    s2, s2, 1365
core   0: 3 0x8000013c (0x55590913) x18 0x55555555
core   0: 0x80000140 (0x000093ca) c.add   t2, s2
core   0: 3 0x80000140 (0x93ca) x7  0xd55587f9
core   0: 0x80000142 (0x0023d393) srli    t2, t2, 2
core   0: 3 0x80000142 (0x0023d393) x7  0x355561fe
core   0: 0x80000146 (0x3b539073) csrw    pmpaddr5, t2
core   0: 3 0x80000146 (0x3b539073) c949_pmpaddr5 0x355561fe
core   0: 0x8000014a (0x00003397) auipc   t2, 0x3
core   0: 3 0x8000014a (0x00003397) x7  0x8000314a
core   0: 0x8000014e (0x15a38393) addi    t2, t2, 346
core   0: 3 0x8000014e (0x15a38393) x7  0x800032a4
core   0: 0x80000152 (0x66666937) lui     s2, 0x66666
core   0: 3 0x80000152 (0x66666937) x18 0x66666000
core   0: 0x80000156 (0x66690913) addi    s2, s2, 1638
core   0: 3 0x80000156 (0x66690913) x18 0x66666666
core   0: 0x8000015a (0x000093ca) c.add   t2, s2
core   0: 3 0x8000015a (0x93ca) x7  0xe666990a
core   0: 0x8000015c (0x0023d393) srli    t2, t2, 2
core   0: 3 0x8000015c (0x0023d393) x7  0x3999a642
core   0: 0x80000160 (0x3b639073) csrw    pmpaddr6, t2
core   0: 3 0x80000160 (0x3b639073) c950_pmpaddr6 0x3999a642
core   0: 0x80000164 (0x00003397) auipc   t2, 0x3
core   0: 3 0x80000164 (0x00003397) x7  0x80003164
core   0: 0x80000168 (0x14038393) addi    t2, t2, 320
core   0: 3 0x80000168 (0x14038393) x7  0x800032a4
core   0: 0x8000016c (0x77777937) lui     s2, 0x77777
core   0: 3 0x8000016c (0x77777937) x18 0x77777000
core   0: 0x80000170 (0x77790913) addi    s2, s2, 1911
core   0: 3 0x80000170 (0x77790913) x18 0x77777777
core   0: 0x80000174 (0x000093ca) c.add   t2, s2
core   0: 3 0x80000174 (0x93ca) x7  0xf777aa1b
core   0: 0x80000176 (0x0023d393) srli    t2, t2, 2
core   0: 3 0x80000176 (0x0023d393) x7  0x3dddea86
core   0: 0x8000017a (0x3b739073) csrw    pmpaddr7, t2
core   0: 3 0x8000017a (0x3b739073) c951_pmpaddr7 0x3dddea86
core   0: 0x8000017e (0x0f0f13b7) lui     t2, 0xf0f1
core   0: 3 0x8000017e (0x0f0f13b7) x7  0x0f0f1000
core   0: 0x80000182 (0xf0f38393) addi    t2, t2, -241
core   0: 3 0x80000182 (0xf0f38393) x7  0x0f0f0f0f
core   0: 0x80000186 (0x3a139073) csrw    pmpcfg1, t2
core   0: 3 0x80000186 (0x3a139073) c929_pmpcfg1 0x0f0f0f0f
core   0: 0x8000018a (0x00003397) auipc   t2, 0x3
core   0: 3 0x8000018a (0x00003397) x7  0x8000318a
core   0: 0x8000018e (0x11a38393) addi    t2, t2, 282
core   0: 3 0x8000018e (0x11a38393) x7  0x800032a4
core   0: 0x80000192 (0x88889937) lui     s2, 0x88889
core   0: 3 0x80000192 (0x88889937) x18 0x88889000
core   0: 0x80000196 (0x88890913) addi    s2, s2, -1912
core   0: 3 0x80000196 (0x88890913) x18 0x88888888
core   0: 0x8000019a (0x000093ca) c.add   t2, s2
core   0: 3 0x8000019a (0x93ca) x7  0x0888bb2c
core   0: 0x8000019c (0x0023d393) srli    t2, t2, 2
core   0: 3 0x8000019c (0x0023d393) x7  0x02222ecb
core   0: 0x800001a0 (0x3b839073) csrw    pmpaddr8, t2
core   0: 3 0x800001a0 (0x3b839073) c952_pmpaddr8 0x02222ecb
core   0: 0x800001a4 (0x00003397) auipc   t2, 0x3
core   0: 3 0x800001a4 (0x00003397) x7  0x800031a4
core   0: 0x800001a8 (0x10038393) addi    t2, t2, 256
core   0: 3 0x800001a8 (0x10038393) x7  0x800032a4
core   0: 0x800001ac (0x9999a937) lui     s2, 0x9999a
core   0: 3 0x800001ac (0x9999a937) x18 0x9999a000
core   0: 0x800001b0 (0x99990913) addi    s2, s2, -1639
core   0: 3 0x800001b0 (0x99990913) x18 0x99999999
core   0: 0x800001b4 (0x000093ca) c.add   t2, s2
core   0: 3 0x800001b4 (0x93ca) x7  0x1999cc3d
core   0: 0x800001b6 (0x0023d393) srli    t2, t2, 2
core   0: 3 0x800001b6 (0x0023d393) x7  0x0666730f
core   0: 0x800001ba (0x3b939073) csrw    pmpaddr9, t2
core   0: 3 0x800001ba (0x3b939073) c953_pmpaddr9 0x0666730f
core   0: 0x800001be (0x00003397) auipc   t2, 0x3
core   0: 3 0x800001be (0x00003397) x7  0x800031be
core   0: 0x800001c2 (0x0e638393) addi    t2, t2, 230
core   0: 3 0x800001c2 (0x0e638393) x7  0x800032a4
core   0: 0x800001c6 (0xaaaab937) lui     s2, 0xaaaab
core   0: 3 0x800001c6 (0xaaaab937) x18 0xaaaab000
core   0: 0x800001ca (0xaaa90913) addi    s2, s2, -1366
core   0: 3 0x800001ca (0xaaa90913) x18 0xaaaaaaaa
core   0: 0x800001ce (0x000093ca) c.add   t2, s2
core   0: 3 0x800001ce (0x93ca) x7  0x2aaadd4e
core   0: 0x800001d0 (0x0023d393) srli    t2, t2, 2
core   0: 3 0x800001d0 (0x0023d393) x7  0x0aaab753
core   0: 0x800001d4 (0x3ba39073) csrw    pmpaddr10, t2
core   0: 3 0x800001d4 (0x3ba39073) c954_pmpaddr10 0x0aaab753
core   0: 0x800001d8 (0x00003397) auipc   t2, 0x3
core   0: 3 0x800001d8 (0x00003397) x7  0x800031d8
core   0: 0x800001dc (0x0cc38393) addi    t2, t2, 204
core   0: 3 0x800001dc (0x0cc38393) x7  0x800032a4
core   0: 0x800001e0 (0xbbbbc937) lui     s2, 0xbbbbc
core   0: 3 0x800001e0 (0xbbbbc937) x18 0xbbbbc000
core   0: 0x800001e4 (0xbbb90913) addi    s2, s2, -1093
core   0: 3 0x800001e4 (0xbbb90913) x18 0xbbbbbbbb
core   0: 0x800001e8 (0x000093ca) c.add   t2, s2
core   0: 3 0x800001e8 (0x93ca) x7  0x3bbbee5f
core   0: 0x800001ea (0x0023d393) srli    t2, t2, 2
core   0: 3 0x800001ea (0x0023d393) x7  0x0eeefb97
core   0: 0x800001ee (0x3bb39073) csrw    pmpaddr11, t2
core   0: 3 0x800001ee (0x3bb39073) c955_pmpaddr11 0x0eeefb97
core   0: 0x800001f2 (0x0f0f13b7) lui     t2, 0xf0f1
core   0: 3 0x800001f2 (0x0f0f13b7) x7  0x0f0f1000
core   0: 0x800001f6 (0xf0f38393) addi    t2, t2, -241
core   0: 3 0x800001f6 (0xf0f38393) x7  0x0f0f0f0f
core   0: 0x800001fa (0x3a239073) csrw    pmpcfg2, t2
core   0: 3 0x800001fa (0x3a239073) c930_pmpcfg2 0x0f0f0f0f
core   0: 0x800001fe (0x00003397) auipc   t2, 0x3
core   0: 3 0x800001fe (0x00003397) x7  0x800031fe
core   0: 0x80000202 (0x0a638393) addi    t2, t2, 166
core   0: 3 0x80000202 (0x0a638393) x7  0x800032a4
core   0: 0x80000206 (0xccccd937) lui     s2, 0xccccd
core   0: 3 0x80000206 (0xccccd937) x18 0xccccd000
core   0: 0x8000020a (0xccc90913) addi    s2, s2, -820
core   0: 3 0x8000020a (0xccc90913) x18 0xcccccccc
core   0: 0x8000020e (0x000093ca) c.add   t2, s2
core   0: 3 0x8000020e (0x93ca) x7  0x4cccff70
core   0: 0x80000210 (0x0023d393) srli    t2, t2, 2
core   0: 3 0x80000210 (0x0023d393) x7  0x13333fdc
core   0: 0x80000214 (0x3bc39073) csrw    pmpaddr12, t2
core   0: 3 0x80000214 (0x3bc39073) c956_pmpaddr12 0x13333fdc
core   0: 0x80000218 (0x00003397) auipc   t2, 0x3
core   0: 3 0x80000218 (0x00003397) x7  0x80003218
core   0: 0x8000021c (0x08c38393) addi    t2, t2, 140
core   0: 3 0x8000021c (0x08c38393) x7  0x800032a4
core   0: 0x80000220 (0xdddde937) lui     s2, 0xdddde
core   0: 3 0x80000220 (0xdddde937) x18 0xdddde000
core   0: 0x80000224 (0xddd90913) addi    s2, s2, -547
core   0: 3 0x80000224 (0xddd90913) x18 0xdddddddd
core   0: 0x80000228 (0x000093ca) c.add   t2, s2
core   0: 3 0x80000228 (0x93ca) x7  0x5dde1081
core   0: 0x8000022a (0x0023d393) srli    t2, t2, 2
core   0: 3 0x8000022a (0x0023d393) x7  0x17778420
core   0: 0x8000022e (0x3bd39073) csrw    pmpaddr13, t2
core   0: 3 0x8000022e (0x3bd39073) c957_pmpaddr13 0x17778420
core   0: 0x80000232 (0x00003397) auipc   t2, 0x3
core   0: 3 0x80000232 (0x00003397) x7  0x80003232
core   0: 0x80000236 (0x07238393) addi    t2, t2, 114
core   0: 3 0x80000236 (0x07238393) x7  0x800032a4
core   0: 0x8000023a (0xeeeef937) lui     s2, 0xeeeef
core   0: 3 0x8000023a (0xeeeef937) x18 0xeeeef000
core   0: 0x8000023e (0xeee90913) addi    s2, s2, -274
core   0: 3 0x8000023e (0xeee90913) x18 0xeeeeeeee
core   0: 0x80000242 (0x000093ca) c.add   t2, s2
core   0: 3 0x80000242 (0x93ca) x7  0x6eef2192
core   0: 0x80000244 (0x0023d393) srli    t2, t2, 2
core   0: 3 0x80000244 (0x0023d393) x7  0x1bbbc864
core   0: 0x80000248 (0x3be39073) csrw    pmpaddr14, t2
core   0: 3 0x80000248 (0x3be39073) c958_pmpaddr14 0x1bbbc864
core   0: 0x8000024c (0x00003397) auipc   t2, 0x3
core   0: 3 0x8000024c (0x00003397) x7  0x8000324c
core   0: 0x80000250 (0x05838393) addi    t2, t2, 88
core   0: 3 0x80000250 (0x05838393) x7  0x800032a4
core   0: 0x80000254 (0xfff00913) li      s2, -1
core   0: 3 0x80000254 (0xfff00913) x18 0xffffffff
core   0: 0x80000258 (0x000093ca) c.add   t2, s2
core   0: 3 0x80000258 (0x93ca) x7  0x800032a3
core   0: 0x8000025a (0x0023d393) srli    t2, t2, 2
core   0: 3 0x8000025a (0x0023d393) x7  0x20000ca8
core   0: 0x8000025e (0x3bf39073) csrw    pmpaddr15, t2
core   0: 3 0x8000025e (0x3bf39073) c959_pmpaddr15 0x20000ca8
core   0: 0x80000262 (0x0f0f13b7) lui     t2, 0xf0f1
core   0: 3 0x80000262 (0x0f0f13b7) x7  0x0f0f1000
core   0: 0x80000266 (0xf0f38393) addi    t2, t2, -241
core   0: 3 0x80000266 (0xf0f38393) x7  0x0f0f0f0f
core   0: 0x8000026a (0x3a339073) csrw    pmpcfg3, t2
core   0: 3 0x8000026a (0x3a339073) c931_pmpcfg3 0x0f0f0f0f
core   0: 0x8000026e (0x00000917) auipc   s2, 0x0
core   0: 3 0x8000026e (0x00000917) x18 0x8000026e
core   0: 0x80000272 (0x05890913) addi    s2, s2, 88
core   0: 3 0x80000272 (0x05890913) x18 0x800002c6
core   0: 0x80000276 (0x34191073) csrw    mepc, s2
core   0: 3 0x80000276 (0x34191073) c833_mepc 0x800002c6
core   0: 0x8000027a (0x7c00d073) csrwi   cpuctrlsts, 1
core   0: 3 0x8000027a (0x7c00d073) c1984_cpuctrlsts 0x00000101
core   0: 0x8000027e (0x00006909) c.lui   s2, 0x2
core   0: 3 0x8000027e (0x6909) x18 0x00002000
core   0: 0x80000280 (0x80090913) addi    s2, s2, -2048
core   0: 3 0x80000280 (0x80090913) x18 0x00001800
core   0: 0x80000284 (0x30091073) csrw    mstatus, s2
core   0: 3 0x80000284 (0x30091073) c768_mstatus 0x00001800
core   0: 0x80000288 (0x00004901) c.li    s2, 0
core   0: 3 0x80000288 (0x4901) x18 0x00000000
core   0: 0x8000028a (0x30491073) csrw    mie, s2
core   0: 3 0x8000028a (0x30491073) c772_mie 0x00000000
core   0: 0x8000028e (0x90000db7) lui     s11, 0x90000
core   0: 3 0x8000028e (0x90000db7) x27 0x90000000
core   0: 0x80000292 (0x00001df1) c.addi  s11, -4
core   0: 3 0x80000292 (0x1df1) x27 0x8ffffffc
core   0: 0x80000294 (0x30000913) li      s2, 768
core   0: 3 0x80000294 (0x30000913) x18 0x00000300
core   0: 0x80000298 (0x00000922) c.slli  s2, 8
core   0: 3 0x80000298 (0x0922) x18 0x00030000
core   0: 0x8000029a (0x0000090d) c.addi  s2, 3
core   0: 3 0x8000029a (0x090d) x18 0x00030003
core   0: 0x8000029c (0x012da023) sw      s2, 0(s11)
core   0: 3 0x8000029c (0x012da023) mem 0x8ffffffc 0x00030003
core   0: 0x800002a0 (0x30002973) csrr    s2, mstatus
core   0: 3 0x800002a0 (0x30002973) x18 0x00001800
core   0: 0x800002a4 (0x012da023) sw      s2, 0(s11)
core   0: 3 0x800002a4 (0x012da023) mem 0x8ffffffc 0x00001800
core   0: 0x800002a8 (0x90000db7) lui     s11, 0x90000
core   0: 3 0x800002a8 (0x90000db7) x27 0x90000000
core   0: 0x800002ac (0x00001df1) c.addi  s11, -4
core   0: 3 0x800002ac (0x1df1) x27 0x8ffffffc
core   0: 0x800002ae (0x30400913) li      s2, 772
core   0: 3 0x800002ae (0x30400913) x18 0x00000304
core   0: 0x800002b2 (0x00000922) c.slli  s2, 8
core   0: 3 0x800002b2 (0x0922) x18 0x00030400
core   0: 0x800002b4 (0x0000090d) c.addi  s2, 3
core   0: 3 0x800002b4 (0x090d) x18 0x00030403
core   0: 0x800002b6 (0x012da023) sw      s2, 0(s11)
core   0: 3 0x800002b6 (0x012da023) mem 0x8ffffffc 0x00030403
core   0: 0x800002ba (0x30402973) csrr    s2, mie
core   0: 3 0x800002ba (0x30402973) x18 0x00000000
core   0: 0x800002be (0x012da023) sw      s2, 0(s11)
core   0: 3 0x800002be (0x012da023) mem 0x8ffffffc 0x00000000
core   0: 0x800002c2 (0x30200073) mret
core   0: 3 0x800002c2 (0x30200073) c768_mstatus 0x00000080
core   0: 0x800002c6 (0xfc8e0037) lui     zero, 0xfc8e0
core   0: 3 0x800002c6 (0xfc8e0037)
core   0: 0x800002ca (0xb0400013) li      zero, -1276
core   0: 3 0x800002ca (0xb0400013)
core   0: 0x800002ce (0x00004081) c.li    ra, 0
core   0: 3 0x800002ce (0x4081) x1  0x00000000
core   0: 0x800002d0 (0x80000137) lui     sp, 0x80000
core   0: 3 0x800002d0 (0x80000137) x2  0x80000000
core   0: 0x800002d4 (0x00004195) c.li    gp, 5
core   0: 3 0x800002d4 (0x4195) x3  0x00000005
core   0: 0x800002d6 (0x80000237) lui     tp, 0x80000
core   0: 3 0x800002d6 (0x80000237) x4  0x80000000
core   0: 0x800002da (0xb9cf72b7) lui     t0, 0xb9cf7
core   0: 3 0x800002da (0xb9cf72b7) x5  0xb9cf7000
core   0: 0x800002de (0xf4f28293) addi    t0, t0, -177
core   0: 3 0x800002de (0xf4f28293) x5  0xb9cf6f4f
core   0: 0x800002e2 (0x00004321) c.li    t1, 8
core   0: 3 0x800002e2 (0x4321) x6  0x00000008
core   0: 0x800002e4 (0x00004381) c.li    t2, 0
core   0: 3 0x800002e4 (0x4381) x7  0x00000000
core   0: 0x800002e6 (0x00004435) c.li    s0, 13
core   0: 3 0x800002e6 (0x4435) x8  0x0000000d
core   0: 0x800002e8 (0x00004481) c.li    s1, 0
core   0: 3 0x800002e8 (0x4481) x9  0x00000000
core   0: 0x800002ea (0x80000537) lui     a0, 0x80000
core   0: 3 0x800002ea (0x80000537) x10 0x80000000
core   0: 0x800002ee (0xfeae4637) lui     a2, 0xfeae4
core   0: 3 0x800002ee (0xfeae4637) x12 0xfeae4000
core   0: 0x800002f2 (0x50460613) addi    a2, a2, 1284
core   0: 3 0x800002f2 (0x50460613) x12 0xfeae4504
core   0: 0x800002f6 (0xf2401737) lui     a4, 0xf2401
core   0: 3 0x800002f6 (0xf2401737) x14 0xf2401000
core   0: 0x800002fa (0x04670713) addi    a4, a4, 70
core   0: 3 0x800002fa (0x04670713) x14 0xf2401046
core   0: 0x800002fe (0x800007b7) lui     a5, 0x80000
core   0: 3 0x800002fe (0x800007b7) x15 0x80000000
core   0: 0x80000302 (0xff2a5837) lui     a6, 0xff2a5
core   0: 3 0x80000302 (0xff2a5837) x16 0xff2a5000
core   0: 0x80000306 (0xd8c80813) addi    a6, a6, -628
core   0: 3 0x80000306 (0xd8c80813) x16 0xff2a4d8c
core   0: 0x8000030a (0x00004881) c.li    a7, 0
core   0: 3 0x8000030a (0x4881) x17 0x00000000
core   0: 0x8000030c (0x00004901) c.li    s2, 0
core   0: 3 0x8000030c (0x4901) x18 0x00000000
core   0: 0x8000030e (0x00004991) c.li    s3, 4
core   0: 3 0x8000030e (0x4991) x19 0x00000004
core   0: 0x80000310 (0x00004a01) c.li    s4, 0
core   0: 3 0x80000310 (0x4a01) x20 0x00000000
core   0: 0x80000312 (0x80000ab7) lui     s5, 0x80000
core   0: 3 0x80000312 (0x80000ab7) x21 0x80000000
core   0: 0x80000316 (0x00004b31) c.li    s6, 12
core   0: 3 0x80000316 (0x4b31) x22 0x0000000c
core   0: 0x80000318 (0x00004b81) c.li    s7, 0
core   0: 3 0x80000318 (0x4b81) x23 0x00000000
core   0: 0x8000031a (0x80000c37) lui     s8, 0x80000
core   0: 3 0x8000031a (0x80000c37) x24 0x80000000
core   0: 0x8000031e (0x9bbefcb7) lui     s9, 0x9bbef
core   0: 3 0x8000031e (0x9bbefcb7) x25 0x9bbef000
core   0: 0x80000322 (0x230c8c93) addi    s9, s9, 560
core   0: 3 0x80000322 (0x230c8c93) x25 0x9bbef230
core   0: 0x80000326 (0x00004d01) c.li    s10, 0
core   0: 3 0x80000326 (0x4d01) x26 0x00000000
core   0: 0x80000328 (0x5a709db7) lui     s11, 0x5a709
core   0: 3 0x80000328 (0x5a709db7) x27 0x5a709000
core   0: 0x8000032c (0x21fd8d93) addi    s11, s11, 543
core   0: 3 0x8000032c (0x21fd8d93) x27 0x5a70921f
core   0: 0x80000330 (0x77c6ee37) lui     t3, 0x77c6e
core   0: 3 0x80000330 (0x77c6ee37) x28 0x77c6e000
core   0: 0x80000334 (0x408e0e13) addi    t3, t3, 1032
core   0: 3 0x80000334 (0x408e0e13) x28 0x77c6e408
core   0: 0x80000338 (0x00004e81) c.li    t4, 0
core   0: 3 0x80000338 (0x4e81) x29 0x00000000
core   0: 0x8000033a (0x7be08f37) lui     t5, 0x7be08
core   0: 3 0x8000033a (0x7be08f37) x30 0x7be08000
core   0: 0x8000033e (0x446f0f13) addi    t5, t5, 1094
core   0: 3 0x8000033e (0x446f0f13) x30 0x7be08446
core   0: 0x80000342 (0x00004fb9) c.li    t6, 14
core   0: 3 0x80000342 (0x4fb9) x31 0x0000000e
core   0: 0x80000344 (0x00020597) auipc   a1, 0x20
core   0: 3 0x80000344 (0x00020597) x11 0x80020344
core   0: 0x80000348 (0xb2058593) addi    a1, a1, -1248
core   0: 3 0x80000348 (0xb2058593) x11 0x8001fe64
core   0: 0x8000034c (0x90000db7) lui     s11, 0x90000
core   0: 3 0x8000034c (0x90000db7) x27 0x90000000
core   0: 0x80000350 (0x00001df1) c.addi  s11, -4
core   0: 3 0x80000350 (0x1df1) x27 0x8ffffffc
core   0: 0x80000352 (0x00004901) c.li    s2, 0
core   0: 3 0x80000352 (0x4901) x18 0x00000000
core   0: 0x80000354 (0x00000922) c.slli  s2, 8
core   0: 3 0x80000354 (0x0922) x18 0x00000000
core   0: 0x80000356 (0x00090913) mv      s2, s2
core   0: 3 0x80000356 (0x00090913) x18 0x00000000
core   0: 0x8000035a (0x012da023) sw      s2, 0(s11)
core   0: 3 0x8000035a (0x012da023) mem 0x8ffffffc 0x00000000
core   0: 0x8000035e (0x7470206f) j       pc + 0x2f46
core   0: 3 0x8000035e (0x7470206f)
core   0: 0x800032a4 (0x34082b73) csrrs   s6, mscratch, a6
core   0: 3 0x800032a4 (0x34082b73) x22 0x00000000 c832_mscratch 0xff2a4d8c
core   0: 0x800032a8 (0x001f8833) add     a6, t6, ra
core   0: 3 0x800032a8 (0x001f8833) x16 0x0000000e
core   0: 0x800032ac (0x0000127d) c.addi  tp, -1
core   0: 3 0x800032ac (0x127d) x4  0x7fffffff
core   0: 0x800032ae (0x00005117) auipc   sp, 0x5
core   0: 3 0x800032ae (0x00005117) x2  0x800082ae
core   0: 0x800032b2 (0xea410113) addi    sp, sp, -348
core   0: 3 0x800032b2 (0xea410113) x2  0x80008152
core   0: 0x800032b6 (0x00008c5d) c.or    s0, a5
core   0: 3 0x800032b6 (0x8c5d) x8  0x8000000d
core   0: 0x800032b8 (0xec910113) addi    sp, sp, -311
core   0: 3 0x800032b8 (0xec910113) x2  0x8000801b
core   0: 0x800032bc (0x34019573) csrrw   a0, mscratch, gp
core   0: 3 0x800032bc (0x34019573) x10 0xff2a4d8c c832_mscratch 0x00000005
core   0: 0x800032c0 (0x00008c6a) c.mv    s8, s10
core   0: 3 0x800032c0 (0x8c6a) x24 0x00000000
core   0: 0x800032c2 (0x137101e7) jalr    gp, sp, 311
core   0: 3 0x800032c2 (0x137101e7) x3  0x800032c6
core   0: 0x80008152 (0xfd058593) addi    a1, a1, -48
core   0: 3 0x80008152 (0xfd058593) x11 0x8001fe34
core   0: 0x80008156 (0x00008fdd) c.or    a5, a5
core   0: 3 0x80008156 (0x8fdd) x15 0x80000000
core   0: 0x80008158 (0x00009412) c.add   s0, tp
core   0: 3 0x80008158 (0x9412) x8  0x0000000c
core   0: 0x8000815a (0x019b0033) add     zero, s6, s9
core   0: 3 0x8000815a (0x019b0033)
core   0: 0x8000815e (0x0035a223) sw      gp, 4(a1)
core   0: 3 0x8000815e (0x0035a223) mem 0x8001fe38 0x800032c6
core   0: 0x80008162 (0x0363cab3) div     s5, t2, s6
core   0: 3 0x80008162 (0x0363cab3) x21 0xffffffff
core   0: 0x80008166 (0x028001ef) jal     gp, pc + 0x28
core   0: 3 0x80008166 (0x028001ef) x3  0x8000816a
core   0: 0x8000818e (0x000037fd) c.jal   pc - 18
core   0: 3 0x8000818e (0x37fd) x1  0x80008190
core   0: 0x8000817c (0x00002009) c.jal   pc + 2
core   0: 3 0x8000817c (0x2009) x1  0x8000817e
core   0: 0x8000817e (0x00002029) c.jal   pc + 10
core   0: 3 0x8000817e (0x2029) x1  0x80008180
core   0: 0x80008188 (0xffdff0ef) jal     pc - 0x4
core   0: 3 0x80008188 (0xffdff0ef) x1  0x8000818c
core   0: 0x80008184 (0x0000a811) c.j     pc + 20
core   0: 3 0x80008184 (0xa811)
core   0: 0x80008198 (0x0000bff9) c.j     pc - 34
core   0: 3 0x80008198 (0xbff9)
core   0: 0x80008176 (0x0000a029) c.j     pc + 10
core   0: 3 0x80008176 (0xa029)
core   0: 0x80008180 (0x016000ef) jal     pc + 0x16
core   0: 3 0x80008180 (0x016000ef) x1  0x80008184
core   0: 0x80008196 (0x0000b7cd) c.j     pc - 30
core   0: 3 0x80008196 (0xb7cd)
core   0: 0x80008178 (0x0000200d) c.jal   pc + 34
core   0: 3 0x80008178 (0x200d) x1  0x8000817a
core   0: 0x8000819a (0x0000bfd9) c.j     pc - 42
core   0: 3 0x8000819a (0xbfd9)
core   0: 0x80008170 (0x0000a005) c.j     pc + 32
core   0: 3 0x80008170 (0xa005)
core   0: 0x80008190 (0xfe3ff7ef) jal     a5, pc - 0x1e
core   0: 3 0x80008190 (0xfe3ff7ef) x15 0x80008194
core   0: 0x80008172 (0x0000200d) c.jal   pc + 34
core   0: 3 0x80008172 (0x200d) x1  0x80008174
core   0: 0x80008194 (0x0000b7c5) c.j     pc - 32
core   0: 3 0x80008194 (0xb7c5)
core   0: 0x80008174 (0x0000bfdd) c.j     pc - 10
core   0: 3 0x80008174 (0xbfdd)
core   0: 0x8000816a (0x032002ef) jal     t0, pc + 0x32
core   0: 3 0x8000816a (0x032002ef) x5  0x8000816e
core   0: 0x8000819c (0xfdfff0ef) jal     pc - 0x22
core   0: 3 0x8000819c (0xfdfff0ef) x1  0x800081a0
core   0: 0x8000817a (0x00002031) c.jal   pc + 12
core   0: 3 0x8000817a (0x2031) x1  0x8000817c
core   0: 0x80008186 (0x0000a831) c.j     pc + 28
core   0: 3 0x80008186 (0xa831)
core   0: 0x800081a2 (0x000037ed) c.jal   pc - 22
core   0: 3 0x800081a2 (0x37ed) x1  0x800081a4
core   0: 0x8000818c (0x00002811) c.jal   pc + 20
core   0: 3 0x8000818c (0x2811) x1  0x8000818e
core   0: 0x800081a0 (0x000037f9) c.jal   pc - 50
core   0: 3 0x800081a0 (0x37f9) x1  0x800081a2
core   0: 0x8000816e (0x0000281d) c.jal   pc + 54
core   0: 3 0x8000816e (0x281d) x1  0x80008170
core   0: 0x800081a4 (0x34003cf3) csrrc   s9, mscratch, zero
core   0: 3 0x800081a4 (0x34003cf3) x25 0x00000005
core   0: 0x800081a8 (0x00db6c33) or      s8, s6, a3
core   0: 3 0x800081a8 (0x00db6c33) x24 0x80023ce4
core   0: 0x800081ac (0x01a29c63) bne     t0, s10, pc + 24
core   0: 3 0x800081ac (0x01a29c63)
core   0: 0x800081c4 (0x00000001) c.nop
core   0: 3 0x800081c4 (0x0001)
core   0: 0x800081c6 (0x00004821) c.li    a6, 8
core   0: 3 0x800081c6 (0x4821) x16 0x00000008
core   0: 0x800081c8 (0x04e4eb63) bltu    s1, a4, pc + 86
core   0: 3 0x800081c8 (0x04e4eb63)
core   0: 0x8000821e (0x00008d59) c.or    a0, a4
core   0: 3 0x8000821e (0x8d59) x10 0xff6a5dce
core   0: 0x80008220 (0x00000001) c.nop
core   0: 3 0x80008220 (0x0001)
core   0: 0x80008222 (0x41725cb3) sra     s9, tp, s7
core   0: 3 0x80008222 (0x41725cb3) x25 0x7fffffff
core   0: 0x80008226 (0x34007cf3) csrrci  s9, mscratch, 0
core   0: 3 0x80008226 (0x34007cf3) x25 0x00000005
core   0: 0x8000822a (0x0090d7b3) srl     a5, ra, s1
core   0: 3 0x8000822a (0x0090d7b3) x15 0x80008170
core   0: 0x8000822e (0x0000e70d) c.bnez  a4, pc + 42
core   0: 3 0x8000822e (0xe70d)
core   0: 0x80008258 (0x340e5df3) csrrwi  s11, mscratch, 28
core   0: 3 0x80008258 (0x340e5df3) x27 0x00000005 c832_mscratch 0x0000001c
core   0: 0x8000825c (0x01f6e363) bltu    a3, t6, pc + 6
core   0: 3 0x8000825c (0x01f6e363)
core   0: 0x80008260 (0x00008cbd) c.xor   s1, a5
core   0: 3 0x80008260 (0x8cbd) x9  0x80008170
core   0: 0x80008262 (0x67c84193) xori    gp, a6, 1660
core   0: 3 0x80008262 (0x67c84193) x3  0x00000674
core   0: 0x80008266 (0x0229f063) bgeu    s3, sp, pc + 32
core   0: 3 0x80008266 (0x0229f063)
core   0: 0x8000826a (0x0000c705) c.beqz  a4, pc + 40
core   0: 3 0x8000826a (0xc705)
core   0: 0x8000826c (0xcb7f6fb7) lui     t6, 0xcb7f6
core   0: 3 0x8000826c (0xcb7f6fb7) x31 0xcb7f6000
core   0: 0x80008270 (0x00d67263) bgeu    a2, a3, pc + 4
core   0: 3 0x80008270 (0x00d67263)
core   0: 0x80008274 (0x2051ff93) andi    t6, gp, 517
core   0: 3 0x80008274 (0x2051ff93) x31 0x00000204
core   0: 0x80008278 (0x028a6b33) rem     s6, s4, s0
core   0: 3 0x80008278 (0x028a6b33) x22 0x00000000
core   0: 0x8000827c (0x00008335) c.srli  a4, 13
core   0: 3 0x8000827c (0x8335) x14 0x00079200
core   0: 0x8000827e (0x3404eef3) csrrsi  t4, mscratch, 9
core   0: 3 0x8000827e (0x3404eef3) x29 0x0000001c c832_mscratch 0x0000001d
core   0: 0x80008282 (0x09b02b93) slti    s7, zero, 155
core   0: 3 0x80008282 (0x09b02b93) x23 0x00000001
core   0: 0x80008286 (0x34036473) csrrsi  s0, mscratch, 6
core   0: 3 0x80008286 (0x34036473) x8  0x0000001d c832_mscratch 0x0000001f
core   0: 0x8000828a (0x0242d433) divu    s0, t0, tp
core   0: 3 0x8000828a (0x0242d433) x8  0x00000001
core   0: 0x8000828e (0x03c52133) mulhsu  sp, a0, t3
core   0: 3 0x8000828e (0x03c52133) x2  0xffb9fd5a
core   0: 0x80008292 (0x00008e29) c.xor   a2, a0
core   0: 3 0x80008292 (0x8e29) x12 0x01c418ca
core   0: 0x80008294 (0x00008c89) c.sub   s1, a0
core   0: 3 0x80008294 (0x8c89) x9  0x809623a2
core   0: 0x80008296 (0x00018a17) auipc   s4, 0x18
core   0: 3 0x80008296 (0x00018a17) x20 0x80020296
core   0: 0x8000829a (0x9c203a93) sltiu   s5, zero, -1598
core   0: 3 0x8000829a (0x9c203a93) x21 0x00000001
core   0: 0x8000829e (0x34055df3) csrrwi  s11, mscratch, 10
core   0: 3 0x8000829e (0x34055df3) x27 0x0000001f c832_mscratch 0x0000000a
core   0: 0x800082a2 (0x89f71097) auipc   ra, 0x89f71
core   0: 3 0x800082a2 (0x89f71097) x1  0x09f792a2
core   0: 0x800082a6 (0x02d1c163) blt     gp, a3, pc + 34
core   0: 3 0x800082a6 (0x02d1c163)
core   0: 0x800082aa (0x00aa4ab3) xor     s5, s4, a0
core   0: 3 0x800082aa (0x00aa4ab3) x21 0x7f685f58
core   0: 0x800082ae (0x010e7a33) and     s4, t3, a6
core   0: 3 0x800082ae (0x010e7a33) x20 0x00000008
core   0: 0x800082b2 (0x00055d63) bgez    a0, pc + 26
core   0: 3 0x800082b2 (0x00055d63)
core   0: 0x800082b6 (0x5838a193) slti    gp, a7, 1411
core   0: 3 0x800082b6 (0x5838a193) x3  0x00000001
core   0: 0x800082ba (0x004ef963) bgeu    t4, tp, pc + 18
core   0: 3 0x800082ba (0x004ef963)
core   0: 0x800082be (0x0e25bc93) sltiu   s9, a1, 226
core   0: 3 0x800082be (0x0e25bc93) x25 0x00000000
core   0: 0x800082c2 (0x01e85513) srli    a0, a6, 30
core   0: 3 0x800082c2 (0x01e85513) x10 0x00000000
core   0: 0x800082c6 (0x00009a7d) c.andi  a2, -1
core   0: 3 0x800082c6 (0x9a7d) x12 0x01c418ca
core   0: 0x800082c8 (0x01ca3a33) sltu    s4, s4, t3
core   0: 3 0x800082c8 (0x01ca3a33) x20 0x00000001
core   0: 0x800082cc (0x41a45733) sra     a4, s0, s10
core   0: 3 0x800082cc (0x41a45733) x14 0x00000001
core   0: 0x800082d0 (0x40125493) srai    s1, tp, 1
core   0: 3 0x800082d0 (0x40125493) x9  0x3fffffff
core   0: 0x800082d4 (0x41a482b3) sub     t0, s1, s10
core   0: 3 0x800082d4 (0x41a482b3) x5  0x3fffffff
core   0: 0x800082d8 (0x0045a183) lw      gp, 4(a1)
core   0: 3 0x800082d8 (0x0045a183) x3  0x800032c6 mem 0x8001fe38
core   0: 0x800082dc (0x0000100f) fence.i
core   0: 3 0x800082dc (0x0000100f)
core   0: 0x800082e0 (0x4f9f6e13) ori     t3, t5, 1273
core   0: 3 0x800082e0 (0x4f9f6e13) x28 0x7be084ff
core   0: 0x800082e4 (0x40155713) srai    a4, a0, 1
core   0: 3 0x800082e4 (0x40155713) x14 0x00000000
core   0: 0x800082e8 (0x03058593) addi    a1, a1, 48
core   0: 3 0x800082e8 (0x03058593) x11 0x8001fe64
core   0: 0x800082ec (0x41f40f33) sub     t5, s0, t6
core   0: 3 0x800082ec (0x41f40f33) x30 0xfffffdfd
core   0: 0x800082f0 (0x340278f3) csrrci  a7, mscratch, 4
core   0: 3 0x800082f0 (0x340278f3) x17 0x0000000a c832_mscratch 0x0000000a
core   0: 0x800082f4 (0x340234f3) csrrc   s1, mscratch, tp
core   0: 3 0x800082f4 (0x340234f3) x9  0x0000000a c832_mscratch 0x00000000
core   0: 0x800082f8 (0x00118d13) addi    s10, gp, 1
core   0: 3 0x800082f8 (0x00118d13) x26 0x800032c7
core   0: 0x800082fc (0x00008d02) c.jr    s10
core   0: 3 0x800082fc (0x8d02)
core   0: 0x800032c6 (0x01a001ef) jal     gp, pc + 0x1a
core   0: 3 0x800032c6 (0x01a001ef) x3  0x800032ca
core   0: 0x800032e0 (0x0000bff5) c.j     pc - 4
core   0: 3 0x800032e0 (0xbff5)
core   0: 0x800032dc (0xff9ff0ef) jal     pc - 0x8
core   0: 3 0x800032dc (0xff9ff0ef) x1  0x800032e0
core   0: 0x800032d4 (0x00003fed) c.jal   pc - 6
core   0: 3 0x800032d4 (0x3fed) x1  0x800032d6
core   0: 0x800032ce (0x00c000ef) jal     pc + 0xc
core   0: 3 0x800032ce (0x00c000ef) x1  0x800032d2
core   0: 0x800032da (0x0000bfe5) c.j     pc - 8
core   0: 3 0x800032da (0xbfe5)
core   0: 0x800032d2 (0x00003fed) c.jal   pc - 6
core   0: 3 0x800032d2 (0x3fed) x1  0x800032d4
core   0: 0x800032cc (0x0000a819) c.j     pc + 22
core   0: 3 0x800032cc (0xa819)
core   0: 0x800032e2 (0x0000bfd5) c.j     pc - 12
core   0: 3 0x800032e2 (0xbfd5)
core   0: 0x800032d6 (0xff5ff0ef) jal     pc - 0xc
core   0: 3 0x800032d6 (0xff5ff0ef) x1  0x800032da
core   0: 0x800032ca (0x00002829) c.jal   pc + 26
core   0: 3 0x800032ca (0x2829) x1  0x800032cc
core   0: 0x800032e4 (0x02421233) mulh    tp, tp, tp
core   0: 3 0x800032e4 (0x02421233) x4  0x3fffffff
core   0: 0x800032e8 (0x02a001ef) jal     gp, pc + 0x2a
core   0: 3 0x800032e8 (0x02a001ef) x3  0x800032ec
core   0: 0x80003312 (0x00002011) c.jal   pc + 4
core   0: 3 0x80003312 (0x2011) x1  0x80003314
core   0: 0x80003316 (0xfd9ff0ef) jal     pc - 0x28
core   0: 3 0x80003316 (0xfd9ff0ef) x1  0x8000331a
core   0: 0x800032ee (0x0160016f) jal     sp, pc + 0x16
core   0: 3 0x800032ee (0x0160016f) x2  0x800032f2
core   0: 0x80003304 (0xff3ff36f) jal     t1, pc - 0xe
core   0: 3 0x80003304 (0xff3ff36f) x6  0x80003308
core   0: 0x800032f6 (0x0000a01d) c.j     pc + 38
core   0: 3 0x800032f6 (0xa01d)
core   0: 0x8000331c (0xff9ff0ef) jal     pc - 0x8
core   0: 3 0x8000331c (0xff9ff0ef) x1  0x80003320
core   0: 0x80003314 (0x0000b7f5) c.j     pc - 20
core   0: 3 0x80003314 (0xb7f5)
core   0: 0x80003300 (0xff9ff36f) jal     t1, pc - 0x8
core   0: 3 0x80003300 (0xff9ff36f) x6  0x80003304
core   0: 0x800032f8 (0x00002035) c.jal   pc + 44
core   0: 3 0x800032f8 (0x2035) x1  0x800032fa
core   0: 0x80003324 (0x00003fd9) c.jal   pc - 42
core   0: 3 0x80003324 (0x3fd9) x1  0x80003326
core   0: 0x800032fa (0x0000201d) c.jal   pc + 38
core   0: 3 0x800032fa (0x201d) x1  0x800032fc
core   0: 0x80003320 (0xfcdff0ef) jal     pc - 0x34
core   0: 3 0x80003320 (0xfcdff0ef) x1  0x80003324
core   0: 0x800032ec (0x0000a019) c.j     pc + 6
core   0: 3 0x800032ec (0xa019)
core   0: 0x800032f2 (0x0280016f) jal     sp, pc + 0x28
core   0: 3 0x800032f2 (0x0280016f) x2  0x800032f6
core   0: 0x8000331a (0x000037cd) c.jal   pc - 30
core   0: 3 0x8000331a (0x37cd) x1  0x8000331c
core   0: 0x800032fc (0x012000ef) jal     pc + 0x12
core   0: 3 0x800032fc (0x012000ef) x1  0x80003300
core   0: 0x8000330e (0xfffffa6f) jal     s4, pc - 0x2
core   0: 3 0x8000330e (0xfffffa6f) x20 0x80003312
core   0: 0x8000330c (0x0000bff5) c.j     pc - 4
core   0: 3 0x8000330c (0xbff5)
core   0: 0x80003308 (0x01e0036f) jal     t1, pc + 0x1e
core   0: 3 0x80003308 (0x01e0036f) x6  0x8000330c
core   0: 0x80003326 (0x40a05fb3) sra     t6, zero, a0
core   0: 3 0x80003326 (0x40a05fb3) x31 0x00000000
core   0: 0x8000332a (0x02e001ef) jal     gp, pc + 0x2e
core   0: 3 0x8000332a (0x02e001ef) x3  0x8000332e
core   0: 0x80003358 (0x0000bfdd) c.j     pc - 10
core   0: 3 0x80003358 (0xbfdd)
core   0: 0x8000334e (0x000037cd) c.jal   pc - 30
core   0: 3 0x8000334e (0x37cd) x1  0x80003350
core   0: 0x80003330 (0x00002811) c.jal   pc + 20
core   0: 3 0x80003330 (0x2811) x1  0x80003332
core   0: 0x80003344 (0xffdff8ef) jal     a7, pc - 0x4
core   0: 3 0x80003344 (0xffdff8ef) x17 0x80003348
core   0: 0x80003340 (0xffbff36f) jal     t1, pc - 0x6
core   0: 3 0x80003340 (0xffbff36f) x6  0x80003344
core   0: 0x8000333a (0x00003fe5) c.jal   pc - 8
core   0: 3 0x8000333a (0x3fe5) x1  0x8000333c
core   0: 0x80003332 (0x00002011) c.jal   pc + 4
core   0: 3 0x80003332 (0x2011) x1  0x80003334
core   0: 0x80003336 (0x0000a009) c.j     pc + 2
core   0: 3 0x80003336 (0xa009)
core   0: 0x80003338 (0x00002839) c.jal   pc + 30
core   0: 3 0x80003338 (0x2839) x1  0x8000333a
core   0: 0x80003356 (0x00002021) c.jal   pc + 8
core   0: 3 0x80003356 (0x2021) x1  0x80003358
core   0: 0x8000335e (0x000037f5) c.jal   pc - 20
core   0: 3 0x8000335e (0x37f5) x1  0x80003360
core   0: 0x8000334a (0xff3ff36f) jal     t1, pc - 0xe
core   0: 3 0x8000334a (0xff3ff36f) x6  0x8000334e
core   0: 0x8000333c (0xff3ff0ef) jal     pc - 0xe
core   0: 3 0x8000333c (0xff3ff0ef) x1  0x80003340
core   0: 0x8000332e (0x00002829) c.jal   pc + 26
core   0: 3 0x8000332e (0x2829) x1  0x80003330
core   0: 0x80003348 (0x0000a021) c.j     pc + 8
core   0: 3 0x80003348 (0xa021)
core   0: 0x80003350 (0x004000ef) jal     pc + 0x4
core   0: 3 0x80003350 (0x004000ef) x1  0x80003354
core   0: 0x80003354 (0x000037c5) c.jal   pc - 32
core   0: 3 0x80003354 (0x37c5) x1  0x80003356
core   0: 0x80003334 (0x0000a035) c.j     pc + 44
core   0: 3 0x80003334 (0xa035)
core   0: 0x80003360 (0x0000bfed) c.j     pc - 6
core   0: 3 0x80003360 (0xbfed)
core   0: 0x8000335a (0x008000ef) jal     pc + 0x8
core   0: 3 0x8000335a (0x008000ef) x1  0x8000335e
core   0: 0x80003362 (0x01be5eb3) srl     t4, t3, s11
core   0: 3 0x80003362 (0x01be5eb3) x29 0x00000000
core   0: 0x80003366 (0x01c001ef) jal     gp, pc + 0x1c
core   0: 3 0x80003366 (0x01c001ef) x3  0x8000336a
core   0: 0x80003382 (0xff3ff0ef) jal     pc - 0xe
core   0: 3 0x80003382 (0xff3ff0ef) x1  0x80003386
core   0: 0x80003374 (0x00003fe5) c.jal   pc - 8
core   0: 3 0x80003374 (0x3fe5) x1  0x80003376
core   0: 0x8000336c (0x0000a039) c.j     pc + 14
core   0: 3 0x8000336c (0xa039)
core   0: 0x8000337a (0x0000bff5) c.j     pc - 4
core   0: 3 0x8000337a (0xbff5)
core   0: 0x80003376 (0xff5ff0ef) jal     pc - 0xc
core   0: 3 0x80003376 (0xff5ff0ef) x1  0x8000337a
core   0: 0x8000336a (0x00002819) c.jal   pc + 22
core   0: 3 0x8000336a (0x2819) x1  0x8000336c
core   0: 0x80003380 (0x0000bffd) c.j     pc - 2
core   0: 3 0x80003380 (0xbffd)
core   0: 0x8000337e (0x00002021) c.jal   pc + 8
core   0: 3 0x8000337e (0x2021) x1  0x80003380
core   0: 0x80003386 (0xfe9ff46f) jal     s0, pc - 0x18
core   0: 3 0x80003386 (0xfe9ff46f) x8  0x8000338a
core   0: 0x8000336e (0x0000a009) c.j     pc + 2
core   0: 3 0x8000336e (0xa009)
core   0: 0x80003370 (0x0000a009) c.j     pc + 2
core   0: 3 0x80003370 (0xa009)
core   0: 0x80003372 (0x00002029) c.jal   pc + 10
core   0: 3 0x80003372 (0x2029) x1  0x80003374
core   0: 0x8000337c (0x0000a039) c.j     pc + 14
core   0: 3 0x8000337c (0xa039)
core   0: 0x8000338a (0x3403d073) csrwi   mscratch, 7
core   0: 3 0x8000338a (0x3403d073) c832_mscratch 0x00000007
core   0: 0x8000338e (0x01e001ef) jal     gp, pc + 0x1e
core   0: 3 0x8000338e (0x01e001ef) x3  0x80003392
core   0: 0x800033ac (0x00003ff5) c.jal   pc - 4
core   0: 3 0x800033ac (0x3ff5) x1  0x800033ae
core   0: 0x800033a8 (0x00e0036f) jal     t1, pc + 0xe
core   0: 3 0x800033a8 (0x00e0036f) x6  0x800033ac
core   0: 0x800033b6 (0xfddff0ef) jal     pc - 0x24
core   0: 3 0x800033b6 (0xfddff0ef) x1  0x800033ba
core   0: 0x80003392 (0x02c0076f) jal     a4, pc + 0x2c
core   0: 3 0x80003392 (0x02c0076f) x14 0x80003396
core   0: 0x800033be (0x010000ef) jal     pc + 0x10
core   0: 3 0x800033be (0x010000ef) x1  0x800033c2
core   0: 0x800033ce (0x00003ff5) c.jal   pc - 4
core   0: 3 0x800033ce (0x3ff5) x1  0x800033d0
core   0: 0x800033ca (0x00003fe1) c.jal   pc - 40
core   0: 3 0x800033ca (0x3fe1) x1  0x800033cc
core   0: 0x800033a2 (0xff7ff0ef) jal     pc - 0xa
core   0: 3 0x800033a2 (0xff7ff0ef) x1  0x800033a6
core   0: 0x80003398 (0x02a00e6f) jal     t3, pc + 0x2a
core   0: 3 0x80003398 (0x02a00e6f) x28 0x8000339c
core   0: 0x800033c2 (0x00a0036f) jal     t1, pc + 0xa
core   0: 3 0x800033c2 (0x00a0036f) x6  0x800033c6
core   0: 0x800033cc (0x0000b7fd) c.j     pc - 18
core   0: 3 0x800033cc (0xb7fd)
core   0: 0x800033ba (0xfddff36f) jal     t1, pc - 0x24
core   0: 3 0x800033ba (0xfddff36f) x6  0x800033be
core   0: 0x80003396 (0x0000a801) c.j     pc + 16
core   0: 3 0x80003396 (0xa801)
core   0: 0x800033a6 (0x00002039) c.jal   pc + 14
core   0: 3 0x800033a6 (0x2039) x1  0x800033a8
core   0: 0x800033b4 (0x0000a811) c.j     pc + 20
core   0: 3 0x800033b4 (0xa811)
core   0: 0x800033c8 (0x000037dd) c.jal   pc - 26
core   0: 3 0x800033c8 (0x37dd) x1  0x800033ca
core   0: 0x800033ae (0xff1ff36f) jal     t1, pc - 0x10
core   0: 3 0x800033ae (0xff1ff36f) x6  0x800033b2
core   0: 0x8000339e (0x028000ef) jal     pc + 0x28
core   0: 3 0x8000339e (0x028000ef) x1  0x800033a2
core   0: 0x800033c6 (0x000037f5) c.jal   pc - 20
core   0: 3 0x800033c6 (0x37f5) x1  0x800033c8
core   0: 0x800033b2 (0x000037ed) c.jal   pc - 22
core   0: 3 0x800033b2 (0x37ed) x1  0x800033b4
core   0: 0x8000339c (0x0000a815) c.j     pc + 52
core   0: 3 0x8000339c (0xa815)
core   0: 0x800033d0 (0x00001080) c.addi4spn s0, sp, 96
core   0: 3 0x800033d0 (0x1080) x8  0x80003356
core   0: 0x800033d2 (0x016001ef) jal     gp, pc + 0x16
core   0: 3 0x800033d2 (0x016001ef) x3  0x800033d6
core   0: 0x800033e8 (0x0000a021) c.j     pc + 8
core   0: 3 0x800033e8 (0xa021)
core   0: 0x800033f0 (0x0000a811) c.j     pc + 20
core   0: 3 0x800033f0 (0xa811)
core   0: 0x80003404 (0x0000bfdd) c.j     pc - 10
core   0: 3 0x80003404 (0xbfdd)
core   0: 0x800033fa (0x0000bfcd) c.j     pc - 14
core   0: 3 0x800033fa (0xbfcd)
core   0: 0x800033ec (0x014000ef) jal     pc + 0x14
core   0: 3 0x800033ec (0x014000ef) x1  0x800033f0
core   0: 0x80003400 (0x0000bff1) c.j     pc - 36
core   0: 3 0x80003400 (0xbff1)
core   0: 0x800033dc (0x0000a821) c.j     pc + 24
core   0: 3 0x800033dc (0xa821)
core   0: 0x800033f4 (0x00002809) c.jal   pc + 18
core   0: 3 0x800033f4 (0x2809) x1  0x800033f6
core   0: 0x80003406 (0xfd1ff0ef) jal     pc - 0x30
core   0: 3 0x80003406 (0xfd1ff0ef) x1  0x8000340a
core   0: 0x800033d6 (0x0340036f) jal     t1, pc + 0x34
core   0: 3 0x800033d6 (0x0340036f) x6  0x800033da
core   0: 0x8000340a (0xfd5ff0ef) jal     pc - 0x2c
core   0: 3 0x8000340a (0xfd5ff0ef) x1  0x8000340e
core   0: 0x800033de (0x0000a82d) c.j     pc + 58
core   0: 3 0x800033de (0xa82d)
core   0: 0x80003418 (0xfebff0ef) jal     pc - 0x16
core   0: 3 0x80003418 (0xfebff0ef) x1  0x8000341c
core   0: 0x80003402 (0x0000b7e5) c.j     pc - 24
core   0: 3 0x80003402 (0xb7e5)
core   0: 0x800033ea (0x0000a015) c.j     pc + 36
core   0: 3 0x800033ea (0xa015)
core   0: 0x8000340e (0xfe5ffeef) jal     t4, pc - 0x1c
core   0: 3 0x8000340e (0xfe5ffeef) x29 0x80003412
core   0: 0x800033f2 (0x000037e5) c.jal   pc - 24
core   0: 3 0x800033f2 (0x37e5) x1  0x800033f4
core   0: 0x800033da (0x0000a82d) c.j     pc + 58
core   0: 3 0x800033da (0xa82d)
core   0: 0x80003414 (0xfcdff36f) jal     t1, pc - 0x34
core   0: 3 0x80003414 (0xfcdff36f) x6  0x80003418
core   0: 0x800033e0 (0x0160026f) jal     tp, pc + 0x16
core   0: 3 0x800033e0 (0x0160026f) x4  0x800033e4
core   0: 0x800033f6 (0x0000a009) c.j     pc + 2
core   0: 3 0x800033f6 (0xa009)
core   0: 0x800033f8 (0x00002829) c.jal   pc + 26
core   0: 3 0x800033f8 (0x2829) x1  0x800033fa
core   0: 0x80003412 (0x00003fc9) c.jal   pc - 46
core   0: 3 0x80003412 (0x3fc9) x1  0x80003414
core   0: 0x800033e4 (0x01a000ef) jal     pc + 0x1a
core   0: 3 0x800033e4 (0x01a000ef) x1  0x800033e8
core   0: 0x800033fe (0x0000bffd) c.j     pc - 2
core   0: 3 0x800033fe (0xbffd)
core   0: 0x800033fc (0x0000a005) c.j     pc + 32
core   0: 3 0x800033fc (0xa005)
core   0: 0x8000341c (0x40a2da93) srai    s5, t0, 10
core   0: 3 0x8000341c (0x40a2da93) x21 0x000fffff
core   0: 0x80003420 (0x01c001ef) jal     gp, pc + 0x1c
core   0: 3 0x80003420 (0x01c001ef) x3  0x80003424
core   0: 0x8000343c (0x0000bfdd) c.j     pc - 10
core   0: 3 0x8000343c (0xbfdd)
core   0: 0x80003432 (0x00002839) c.jal   pc + 30
core   0: 3 0x80003432 (0x2839) x1  0x80003434
core   0: 0x80003450 (0xff9ff1ef) jal     gp, pc - 0x8
core   0: 3 0x80003450 (0xff9ff1ef) x3  0x80003454
core   0: 0x80003448 (0xfe1ffd6f) jal     s10, pc - 0x20
core   0: 3 0x80003448 (0xfe1ffd6f) x26 0x8000344c
core   0: 0x80003428 (0x00003ff5) c.jal   pc - 4
core   0: 3 0x80003428 (0x3ff5) x1  0x8000342a
core   0: 0x80003424 (0x00002809) c.jal   pc + 18
core   0: 3 0x80003424 (0x2809) x1  0x80003426
core   0: 0x80003436 (0x00400f6f) jal     t5, pc + 0x4
core   0: 3 0x80003436 (0x00400f6f) x30 0x8000343a
core   0: 0x8000343a (0x0000a031) c.j     pc + 12
core   0: 3 0x8000343a (0xa031)
core   0: 0x80003446 (0x0000b7c5) c.j     pc - 32
core   0: 3 0x80003446 (0xb7c5)
core   0: 0x80003426 (0x00002815) c.jal   pc + 52
core   0: 3 0x80003426 (0x2815) x1  0x80003428
core   0: 0x8000345a (0x00003fd9) c.jal   pc - 42
core   0: 3 0x8000345a (0x3fd9) x1  0x8000345c
core   0: 0x80003430 (0x0000a801) c.j     pc + 16
core   0: 3 0x80003430 (0xa801)
core   0: 0x80003440 (0x0000a009) c.j     pc + 2
core   0: 3 0x80003440 (0xa009)
core   0: 0x80003442 (0xffdff1ef) jal     gp, pc - 0x4
core   0: 3 0x80003442 (0xffdff1ef) x3  0x80003446
core   0: 0x8000343e (0x00002819) c.jal   pc + 22
core   0: 3 0x8000343e (0x2819) x1  0x80003440
core   0: 0x80003454 (0xfe1ff36f) jal     t1, pc - 0x20
core   0: 3 0x80003454 (0xfe1ff36f) x6  0x80003458
core   0: 0x80003434 (0x0000bfe5) c.j     pc - 8
core   0: 3 0x80003434 (0xbfe5)
core   0: 0x8000342c (0x020000ef) jal     pc + 0x20
core   0: 3 0x8000342c (0x020000ef) x1  0x80003430
core   0: 0x8000344c (0xfdfff16f) jal     sp, pc - 0x22
core   0: 3 0x8000344c (0xfdfff16f) x2  0x80003450
core   0: 0x8000342a (0x0000a03d) c.j     pc + 46
core   0: 3 0x8000342a (0xa03d)
core   0: 0x80003458 (0x00002011) c.jal   pc + 4
core   0: 3 0x80003458 (0x2011) x1  0x8000345a
core   0: 0x8000345c (0x000088b6) c.mv    a7, a3
core   0: 3 0x8000345c (0x88b6) x17 0x80023ce4
core   0: 0x8000345e (0x02e001ef) jal     gp, pc + 0x2e
core   0: 3 0x8000345e (0x02e001ef) x3  0x80003462
core   0: 0x8000348c (0xfe1ff0ef) jal     pc - 0x20
core   0: 3 0x8000348c (0xfe1ff0ef) x1  0x80003490
core   0: 0x8000346c (0x0000a811) c.j     pc + 20
core   0: 3 0x8000346c (0xa811)
core   0: 0x80003480 (0x0000a00d) c.j     pc + 34
core   0: 3 0x80003480 (0xa00d)
core   0: 0x800034a2 (0x000037dd) c.jal   pc - 26
core   0: 3 0x800034a2 (0x37dd) x1  0x800034a4
core   0: 0x80003488 (0x00002801) c.jal   pc + 16
core   0: 3 0x80003488 (0x2801) x1  0x8000348a
core   0: 0x80003498 (0x000037dd) c.jal   pc - 26
core   0: 3 0x80003498 (0x37dd) x1  0x8000349a
core   0: 0x8000347e (0x0000a005) c.j     pc + 32
core   0: 3 0x8000347e (0xa005)
core   0: 0x8000349e (0xfdbff0ef) jal     pc - 0x26
core   0: 3 0x8000349e (0xfdbff0ef) x1  0x800034a2
core   0: 0x80003478 (0x00002039) c.jal   pc + 14
core   0: 3 0x80003478 (0x2039) x1  0x8000347a
core   0: 0x80003486 (0x000037f5) c.jal   pc - 20
core   0: 3 0x80003486 (0x37f5) x1  0x80003488
core   0: 0x80003472 (0x0120016f) jal     sp, pc + 0x12
core   0: 3 0x80003472 (0x0120016f) x2  0x80003476
core   0: 0x80003484 (0x00002005) c.jal   pc + 32
core   0: 3 0x80003484 (0x2005) x1  0x80003486
core   0: 0x800034a4 (0x0000b7fd) c.j     pc - 18
core   0: 3 0x800034a4 (0xb7fd)
core   0: 0x80003492 (0x000037e5) c.jal   pc - 24
core   0: 3 0x80003492 (0x37e5) x1  0x80003494
core   0: 0x8000347a (0xfe9ff0ef) jal     pc - 0x18
core   0: 3 0x8000347a (0xfe9ff0ef) x1  0x8000347e
core   0: 0x80003462 (0x014000ef) jal     pc + 0x14
core   0: 3 0x80003462 (0x014000ef) x1  0x80003466
core   0: 0x80003476 (0x00002805) c.jal   pc + 48
core   0: 3 0x80003476 (0x2805) x1  0x80003478
core   0: 0x800034a6 (0x0000b7fd) c.j     pc - 18
core   0: 3 0x800034a6 (0xb7fd)
core   0: 0x80003494 (0xfd3ff0ef) jal     pc - 0x2e
core   0: 3 0x80003494 (0xfd3ff0ef) x1  0x80003498
core   0: 0x80003466 (0x0360036f) jal     t1, pc + 0x36
core   0: 3 0x80003466 (0x0360036f) x6  0x8000346a
core   0: 0x8000349c (0x0000b7dd) c.j     pc - 26
core   0: 3 0x8000349c (0xb7dd)
core   0: 0x80003482 (0x00002021) c.jal   pc + 8
core   0: 3 0x80003482 (0x2021) x1  0x80003484
core   0: 0x8000348a (0x00002801) c.jal   pc + 16
core   0: 3 0x8000348a (0x2801) x1  0x8000348c
core   0: 0x8000349a (0x0000bfdd) c.j     pc - 10
core   0: 3 0x8000349a (0xbfdd)
core   0: 0x80003490 (0x00003fe9) c.jal   pc - 38
core   0: 3 0x80003490 (0x3fe9) x1  0x80003492
core   0: 0x8000346a (0x00002011) c.jal   pc + 4
core   0: 3 0x8000346a (0x2011) x1  0x8000346c
core   0: 0x8000346e (0x03a000ef) jal     pc + 0x3a
core   0: 3 0x8000346e (0x03a000ef) x1  0x80003472
core   0: 0x800034a8 (0x03ee3cb3) mulhu   s9, t3, t5
core   0: 3 0x800034a8 (0x03ee3cb3) x25 0x400033eb
core   0: 0x800034ac (0x022001ef) jal     gp, pc + 0x22
core   0: 3 0x800034ac (0x022001ef) x3  0x800034b0
core   0: 0x800034ce (0x000037cd) c.jal   pc - 30
core   0: 3 0x800034ce (0x37cd) x1  0x800034d0
core   0: 0x800034b0 (0x030000ef) jal     pc + 0x30
core   0: 3 0x800034b0 (0x030000ef) x1  0x800034b4
core   0: 0x800034e0 (0x00003fc5) c.jal   pc - 16
core   0: 3 0x800034e0 (0x3fc5) x1  0x800034e2
core   0: 0x800034d0 (0x0000a005) c.j     pc + 32
core   0: 3 0x800034d0 (0xa005)
core   0: 0x800034f0 (0x0000a009) c.j     pc + 2
core   0: 3 0x800034f0 (0xa009)
core   0: 0x800034f2 (0xff3ff0ef) jal     pc - 0xe
core   0: 3 0x800034f2 (0xff3ff0ef) x1  0x800034f6
core   0: 0x800034e4 (0x0000bfdd) c.j     pc - 10
core   0: 3 0x800034e4 (0xbfdd)
core   0: 0x800034da (0x000037dd) c.jal   pc - 26
core   0: 3 0x800034da (0x37dd) x1  0x800034dc
core   0: 0x800034c0 (0x012000ef) jal     pc + 0x12
core   0: 3 0x800034c0 (0x012000ef) x1  0x800034c4
core   0: 0x800034d2 (0x0000a829) c.j     pc + 26
core   0: 3 0x800034d2 (0xa829)
core   0: 0x800034ec (0x0000bfdd) c.j     pc - 10
core   0: 3 0x800034ec (0xbfdd)
core   0: 0x800034e2 (0x00003ff1) c.jal   pc - 36
core   0: 3 0x800034e2 (0x3ff1) x1  0x800034e4
core   0: 0x800034be (0x0000a805) c.j     pc + 48
core   0: 3 0x800034be (0xa805)
core   0: 0x800034ee (0x000037e1) c.jal   pc - 56
core   0: 3 0x800034ee (0x37e1) x1  0x800034f0
core   0: 0x800034b6 (0x01600bef) jal     s7, pc + 0x16
core   0: 3 0x800034b6 (0x01600bef) x23 0x800034ba
core   0: 0x800034cc (0x0000b7e5) c.j     pc - 24
core   0: 3 0x800034cc (0xb7e5)
core   0: 0x800034b4 (0x0000280d) c.jal   pc + 50
core   0: 3 0x800034b4 (0x280d) x1  0x800034b6
core   0: 0x800034e6 (0x004000ef) jal     pc + 0x4
core   0: 3 0x800034e6 (0x004000ef) x1  0x800034ea
core   0: 0x800034ea (0x000037ed) c.jal   pc - 22
core   0: 3 0x800034ea (0x37ed) x1  0x800034ec
core   0: 0x800034d4 (0x0000bfdd) c.j     pc - 10
core   0: 3 0x800034d4 (0xbfdd)
core   0: 0x800034ca (0x0000bfc5) c.j     pc - 16
core   0: 3 0x800034ca (0xbfc5)
core   0: 0x800034ba (0x00002831) c.jal   pc + 28
core   0: 3 0x800034ba (0x2831) x1  0x800034bc
core   0: 0x800034d6 (0x0060036f) jal     t1, pc + 0x6
core   0: 3 0x800034d6 (0x0060036f) x6  0x800034da
core   0: 0x800034dc (0xfe1ff0ef) jal     pc - 0x20
core   0: 3 0x800034dc (0xfe1ff0ef) x1  0x800034e0
core   0: 0x800034bc (0x0000282d) c.jal   pc + 58
core   0: 3 0x800034bc (0x282d) x1  0x800034be
core   0: 0x800034f6 (0xfd1ff36f) jal     t1, pc - 0x30
core   0: 3 0x800034f6 (0xfd1ff36f) x6  0x800034fa
core   0: 0x800034c6 (0xfffff36f) jal     t1, pc - 0x2
core   0: 3 0x800034c6 (0xfffff36f) x6  0x800034ca
core   0: 0x800034c4 (0x0000a81d) c.j     pc + 54
core   0: 3 0x800034c4 (0xa81d)
core   0: 0x800034fa (0xf3b40093) addi    ra, s0, -197
core   0: 3 0x800034fa (0xf3b40093) x1  0x80003291
core   0: 0x800034fe (0x01c001ef) jal     gp, pc + 0x1c
core   0: 3 0x800034fe (0x01c001ef) x3  0x80003502
core   0: 0x8000351a (0x0000201d) c.jal   pc + 38
core   0: 3 0x8000351a (0x201d) x1  0x8000351c
core   0: 0x80003540 (0x0000bfcd) c.j     pc - 14
core   0: 3 0x80003540 (0xbfcd)
core   0: 0x80003532 (0xfd7ff0ef) jal     pc - 0x2a
core   0: 3 0x80003532 (0xfd7ff0ef) x1  0x80003536
core   0: 0x80003508 (0x0000a019) c.j     pc + 6
core   0: 3 0x80003508 (0xa019)
core   0: 0x8000350e (0x0000a03d) c.j     pc + 46
core   0: 3 0x8000350e (0xa03d)
core   0: 0x8000353c (0xfe7ff26f) jal     tp, pc - 0x1a
core   0: 3 0x8000353c (0xfe7ff26f) x4  0x80003540
core   0: 0x80003522 (0x000037d5) c.jal   pc - 28
core   0: 3 0x80003522 (0x37d5) x1  0x80003524
core   0: 0x80003506 (0x00002815) c.jal   pc + 52
core   0: 3 0x80003506 (0x2815) x1  0x80003508
core   0: 0x8000353a (0x00003fdd) c.jal   pc - 10
core   0: 3 0x8000353a (0x3fdd) x1  0x8000353c
core   0: 0x80003530 (0x000037c5) c.jal   pc - 32
core   0: 3 0x80003530 (0x37c5) x1  0x80003532
core   0: 0x80003510 (0x014000ef) jal     pc + 0x14
core   0: 3 0x80003510 (0x014000ef) x1  0x80003514
core   0: 0x80003524 (0x0000bff9) c.j     pc - 34
core   0: 3 0x80003524 (0xbff9)
core   0: 0x80003502 (0x008000ef) jal     pc + 0x8
core   0: 3 0x80003502 (0x008000ef) x1  0x80003506
core   0: 0x8000350a (0x02c000ef) jal     pc + 0x2c
core   0: 3 0x8000350a (0x02c000ef) x1  0x8000350e
core   0: 0x80003536 (0x000037cd) c.jal   pc - 30
core   0: 3 0x80003536 (0x37cd) x1  0x80003538
core   0: 0x80003518 (0x0000bff5) c.j     pc - 4
core   0: 3 0x80003518 (0xbff5)
core   0: 0x80003514 (0x018000ef) jal     pc + 0x18
core   0: 3 0x80003514 (0x018000ef) x1  0x80003518
core   0: 0x8000352c (0xff3fff6f) jal     t5, pc - 0xe
core   0: 3 0x8000352c (0xff3fff6f) x30 0x80003530
core   0: 0x8000351e (0xfffff0ef) jal     pc - 0x2
core   0: 3 0x8000351e (0xfffff0ef) x1  0x80003522
core   0: 0x8000351c (0x00002029) c.jal   pc + 10
core   0: 3 0x8000351c (0x2029) x1  0x8000351e
core   0: 0x80003526 (0x00002009) c.jal   pc + 2
core   0: 3 0x80003526 (0x2009) x1  0x80003528
core   0: 0x80003528 (0x010000ef) jal     pc + 0x10
core   0: 3 0x80003528 (0x010000ef) x1  0x8000352c
core   0: 0x80003538 (0x0000a029) c.j     pc + 10
core   0: 3 0x80003538 (0xa029)
core   0: 0x80003542 (0x85058e93) addi    t4, a1, -1968
core   0: 3 0x80003542 (0x85058e93) x29 0x8001f6b4
core   0: 0x80003546 (0x020001ef) jal     gp, pc + 0x20
core   0: 3 0x80003546 (0x020001ef) x3  0x8000354a
core   0: 0x80003566 (0xfefffe6f) jal     t3, pc - 0x12
core   0: 3 0x80003566 (0xfefffe6f) x28 0x8000356a
core   0: 0x80003554 (0x00002029) c.jal   pc + 10
core   0: 3 0x80003554 (0x2029) x1  0x80003556
core   0: 0x8000355e (0x000037f5) c.jal   pc - 20
core   0: 3 0x8000355e (0x37f5) x1  0x80003560
core   0: 0x8000354a (0x00002039) c.jal   pc + 14
core   0: 3 0x8000354a (0x2039) x1  0x8000354c
core   0: 0x80003558 (0xff5ff0ef) jal     pc - 0xc
core   0: 3 0x80003558 (0xff5ff0ef) x1  0x8000355c
core   0: 0x8000354c (0x0000201d) c.jal   pc + 38
core   0: 3 0x8000354c (0x201d) x1  0x8000354e
core   0: 0x80003572 (0x0000b7d5) c.j     pc - 28
core   0: 3 0x80003572 (0xb7d5)
core   0: 0x80003556 (0x0000a821) c.j     pc + 24
core   0: 3 0x80003556 (0xa821)
core   0: 0x8000356e (0x0000b7c5) c.j     pc - 32
core   0: 3 0x8000356e (0xb7c5)
core   0: 0x8000354e (0x012000ef) jal     pc + 0x12
core   0: 3 0x8000354e (0x012000ef) x1  0x80003552
core   0: 0x80003560 (0x00002801) c.jal   pc + 16
core   0: 3 0x80003560 (0x2801) x1  0x80003562
core   0: 0x80003570 (0x0000bfd5) c.j     pc - 12
core   0: 3 0x80003570 (0xbfd5)
core   0: 0x80003564 (0x0000bffd) c.j     pc - 2
core   0: 3 0x80003564 (0xbffd)
core   0: 0x80003562 (0x00003fed) c.jal   pc - 6
core   0: 3 0x80003562 (0x3fed) x1  0x80003564
core   0: 0x8000355c (0x00003fdd) c.jal   pc - 10
core   0: 3 0x8000355c (0x3fdd) x1  0x8000355e
core   0: 0x80003552 (0x00002821) c.jal   pc + 24
core   0: 3 0x80003552 (0x2821) x1  0x80003554
core   0: 0x8000356a (0x00a000ef) jal     pc + 0xa
core   0: 3 0x8000356a (0x00a000ef) x1  0x8000356e
core   0: 0x80003574 (0x00008e71) c.and   a2, a2
core   0: 3 0x80003574 (0x8e71) x12 0x01c418ca
core   0: 0x80003576 (0x008001ef) jal     gp, pc + 0x8
core   0: 3 0x80003576 (0x008001ef) x3  0x8000357a
core   0: 0x8000357e (0x0260026f) jal     tp, pc + 0x26
core   0: 3 0x8000357e (0x0260026f) x4  0x80003582
core   0: 0x800035a4 (0x00e0026f) jal     tp, pc + 0xe
core   0: 3 0x800035a4 (0x00e0026f) x4  0x800035a8
core   0: 0x800035b2 (0x00003ff9) c.jal   pc - 34
core   0: 3 0x800035b2 (0x3ff9) x1  0x800035b4
core   0: 0x80003590 (0x00002005) c.jal   pc + 32
core   0: 3 0x80003590 (0x2005) x1  0x80003592
core   0: 0x800035b0 (0x0000a029) c.j     pc + 10
core   0: 3 0x800035b0 (0xa029)
core   0: 0x800035ba (0x00003fe1) c.jal   pc - 40
core   0: 3 0x800035ba (0x3fe1) x1  0x800035bc
core   0: 0x80003592 (0x0000a831) c.j     pc + 28
core   0: 3 0x80003592 (0xa831)
core   0: 0x800035ae (0x00003fe9) c.jal   pc - 38
core   0: 3 0x800035ae (0x3fe9) x1  0x800035b0
core   0: 0x80003588 (0xffbff0ef) jal     pc - 0x6
core   0: 3 0x80003588 (0xffbff0ef) x1  0x8000358c
core   0: 0x80003582 (0x00003fe5) c.jal   pc - 8
core   0: 3 0x80003582 (0x3fe5) x1  0x80003584
core   0: 0x8000357a (0x01a00e6f) jal     t3, pc + 0x1a
core   0: 3 0x8000357a (0x01a00e6f) x28 0x8000357e
core   0: 0x80003594 (0x006000ef) jal     pc + 0x6
core   0: 3 0x80003594 (0x006000ef) x1  0x80003598
core   0: 0x8000359a (0x00003fd5) c.jal   pc - 12
core   0: 3 0x8000359a (0x3fd5) x1  0x8000359c
core   0: 0x8000358e (0x00002029) c.jal   pc + 10
core   0: 3 0x8000358e (0x2029) x1  0x80003590
core   0: 0x80003598 (0x00002809) c.jal   pc + 18
core   0: 3 0x80003598 (0x2809) x1  0x8000359a
core   0: 0x800035aa (0xfddff0ef) jal     pc - 0x24
core   0: 3 0x800035aa (0xfddff0ef) x1  0x800035ae
core   0: 0x80003586 (0x00003ffd) c.jal   pc - 2
core   0: 3 0x80003586 (0x3ffd) x1  0x80003588
core   0: 0x80003584 (0x00002831) c.jal   pc + 28
core   0: 3 0x80003584 (0x2831) x1  0x80003586
core   0: 0x800035a0 (0x016000ef) jal     pc + 0x16
core   0: 3 0x800035a0 (0x016000ef) x1  0x800035a4
core   0: 0x800035b6 (0xfe7ff96f) jal     s2, pc - 0x1a
core   0: 3 0x800035b6 (0xfe7ff96f) x18 0x800035ba
core   0: 0x8000359c (0x00c0056f) jal     a0, pc + 0xc
core   0: 3 0x8000359c (0x00c0056f) x10 0x800035a0
core   0: 0x800035a8 (0x00002031) c.jal   pc + 12
core   0: 3 0x800035a8 (0x2031) x1  0x800035aa
core   0: 0x800035b4 (0x0000bfe1) c.j     pc - 40
core   0: 3 0x800035b4 (0xbfe1)
core   0: 0x8000358c (0x0000a805) c.j     pc + 48
core   0: 3 0x8000358c (0xa805)
core   0: 0x800035bc (0x5c523913) sltiu   s2, tp, 1477
core   0: 3 0x800035bc (0x5c523913) x18 0x00000000
core   0: 0x800035c0 (0x018001ef) jal     gp, pc + 0x18
core   0: 3 0x800035c0 (0x018001ef) x3  0x800035c4
core   0: 0x800035d8 (0x0000a039) c.j     pc + 14
core   0: 3 0x800035d8 (0xa039)
core   0: 0x800035e6 (0x0000b7d5) c.j     pc - 28
core   0: 3 0x800035e6 (0xb7d5)
core   0: 0x800035ca (0x0200036f) jal     t1, pc + 0x20
core   0: 3 0x800035ca (0x0200036f) x6  0x800035ce
core   0: 0x800035ea (0x0000bfc5) c.j     pc - 16
core   0: 3 0x800035ea (0xbfc5)
core   0: 0x800035da (0x0000bfdd) c.j     pc - 10
core   0: 3 0x800035da (0xbfdd)
core   0: 0x800035d0 (0x014000ef) jal     pc + 0x14
core   0: 3 0x800035d0 (0x014000ef) x1  0x800035d4
core   0: 0x800035e4 (0x0000a029) c.j     pc + 10
core   0: 3 0x800035e4 (0xa029)
core   0: 0x800035ee (0xfd7ff36f) jal     t1, pc - 0x2a
core   0: 3 0x800035ee (0xfd7ff36f) x6  0x800035f2
core   0: 0x800035c4 (0x0000a029) c.j     pc + 10
core   0: 3 0x800035c4 (0xa029)
core   0: 0x800035ce (0x0000bfe5) c.j     pc - 8
core   0: 3 0x800035ce (0xbfe5)
core   0: 0x800035c6 (0x01800a6f) jal     s4, pc + 0x18
core   0: 3 0x800035c6 (0x01800a6f) x20 0x800035ca
core   0: 0x800035de (0x0000a039) c.j     pc + 14
core   0: 3 0x800035de (0xa039)
core   0: 0x800035ec (0x0000b7e5) c.j     pc - 24
core   0: 3 0x800035ec (0xb7e5)
core   0: 0x800035d4 (0x00c000ef) jal     pc + 0xc
core   0: 3 0x800035d4 (0x00c000ef) x1  0x800035d8
core   0: 0x800035e0 (0xffdff26f) jal     tp, pc - 0x4
core   0: 3 0x800035e0 (0xffdff26f) x4  0x800035e4
core   0: 0x800035dc (0x00002031) c.jal   pc + 12
core   0: 3 0x800035dc (0x2031) x1  0x800035de
core   0: 0x800035e8 (0x00002029) c.jal   pc + 10
core   0: 3 0x800035e8 (0x2029) x1  0x800035ea
core   0: 0x800035f2 (0x00006a11) c.lui   s4, 0x4
core   0: 3 0x800035f2 (0x6a11) x20 0x00004000
core   0: 0x800035f4 (0x012001ef) jal     gp, pc + 0x12
core   0: 3 0x800035f4 (0x012001ef) x3  0x800035f8
core   0: 0x80003606 (0xff7ff0ef) jal     pc - 0xa
core   0: 3 0x80003606 (0xff7ff0ef) x1  0x8000360a
core   0: 0x800035fc (0x0000a809) c.j     pc + 18
core   0: 3 0x800035fc (0xa809)
core   0: 0x8000360e (0x000037f5) c.jal   pc - 20
core   0: 3 0x8000360e (0x37f5) x1  0x80003610
core   0: 0x800035fa (0x0000a809) c.j     pc + 18
core   0: 3 0x800035fa (0xa809)
core   0: 0x8000360c (0x0000b7f5) c.j     pc - 20
core   0: 3 0x8000360c (0xb7f5)
core   0: 0x800035f8 (0x00002829) c.jal   pc + 26
core   0: 3 0x800035f8 (0x2829) x1  0x800035fa
core   0: 0x80003612 (0x00003ffd) c.jal   pc - 2
core   0: 3 0x80003612 (0x3ffd) x1  0x80003614
core   0: 0x80003610 (0x0000b7fd) c.j     pc - 18
core   0: 3 0x80003610 (0xb7fd)
core   0: 0x800035fe (0x00600e6f) jal     t3, pc + 0x6
core   0: 3 0x800035fe (0x00600e6f) x28 0x80003602
core   0: 0x80003604 (0x00002801) c.jal   pc + 16
core   0: 3 0x80003604 (0x2801) x1  0x80003606
core   0: 0x80003614 (0x0000bfdd) c.j     pc - 10
core   0: 3 0x80003614 (0xbfdd)
core   0: 0x8000360a (0x0000bfe5) c.j     pc - 8
core   0: 3 0x8000360a (0xbfe5)
core   0: 0x80003602 (0x00002811) c.jal   pc + 20
core   0: 3 0x80003602 (0x2811) x1  0x80003604
core   0: 0x80003616 (0x00008b39) c.andi  a4, 14
core   0: 3 0x80003616 (0x8b39) x14 0x00000006
core   0: 0x80003618 (0x03e001ef) jal     gp, pc + 0x3e
core   0: 3 0x80003618 (0x03e001ef) x3  0x8000361c
core   0: 0x80003656 (0x00003ff1) c.jal   pc - 36
core   0: 3 0x80003656 (0x3ff1) x1  0x80003658
core   0: 0x80003632 (0x00002011) c.jal   pc + 4
core   0: 3 0x80003632 (0x2011) x1  0x80003634
core   0: 0x80003636 (0x00002009) c.jal   pc + 2
core   0: 3 0x80003636 (0x2009) x1  0x80003638
core   0: 0x80003638 (0x0000a821) c.j     pc + 24
core   0: 3 0x80003638 (0xa821)
core   0: 0x80003650 (0x0000a821) c.j     pc + 24
core   0: 3 0x80003650 (0xa821)
core   0: 0x80003668 (0xfcdff36f) jal     t1, pc - 0x34
core   0: 3 0x80003668 (0xfcdff36f) x6  0x8000366c
core   0: 0x80003634 (0x0000a825) c.j     pc + 56
core   0: 3 0x80003634 (0xa825)
core   0: 0x8000366c (0x0000bf65) c.j     pc - 72
core   0: 3 0x8000366c (0xbf65)
core   0: 0x80003624 (0x0000bfed) c.j     pc - 6
core   0: 3 0x80003624 (0xbfed)
core   0: 0x8000361e (0x02c000ef) jal     pc + 0x2c
core   0: 3 0x8000361e (0x02c000ef) x1  0x80003622
core   0: 0x8000364a (0xffdff0ef) jal     pc - 0x4
core   0: 3 0x8000364a (0xffdff0ef) x1  0x8000364e
core   0: 0x80003646 (0xfd7ff0ef) jal     pc - 0x2a
core   0: 3 0x80003646 (0xfd7ff0ef) x1  0x8000364a
core   0: 0x8000361c (0x0000280d) c.jal   pc + 50
core   0: 3 0x8000361c (0x280d) x1  0x8000361e
core   0: 0x8000364e (0x0000a029) c.j     pc + 10
core   0: 3 0x8000364e (0xa029)
core   0: 0x80003658 (0xffbff0ef) jal     pc - 0x6
core   0: 3 0x80003658 (0xffbff0ef) x1  0x8000365c
core   0: 0x80003652 (0x00003fe9) c.jal   pc - 38
core   0: 3 0x80003652 (0x3fe9) x1  0x80003654
core   0: 0x8000362c (0x00002805) c.jal   pc + 48
core   0: 3 0x8000362c (0x2805) x1  0x8000362e
core   0: 0x8000365c (0xff9ff0ef) jal     pc - 0x8
core   0: 3 0x8000365c (0xff9ff0ef) x1  0x80003660
core   0: 0x80003654 (0x000037fd) c.jal   pc - 18
core   0: 3 0x80003654 (0x37fd) x1  0x80003656
core   0: 0x80003642 (0x01e000ef) jal     pc + 0x1e
core   0: 3 0x80003642 (0x01e000ef) x1  0x80003646
core   0: 0x80003660 (0x00002009) c.jal   pc + 2
core   0: 3 0x80003660 (0x2009) x1  0x80003662
core   0: 0x80003662 (0xfcfff36f) jal     t1, pc - 0x32
core   0: 3 0x80003662 (0xfcfff36f) x6  0x80003666
core   0: 0x80003630 (0x0000bfdd) c.j     pc - 10
core   0: 3 0x80003630 (0xbfdd)
core   0: 0x80003626 (0x00002081) c.jal   pc + 64
core   0: 3 0x80003626 (0x2081) x1  0x80003628
core   0: 0x80003666 (0x00003fe1) c.jal   pc - 40
core   0: 3 0x80003666 (0x3fe1) x1  0x80003668
core   0: 0x8000363e (0xffdff36f) jal     t1, pc - 0x4
core   0: 3 0x8000363e (0xffdff36f) x6  0x80003642
core   0: 0x8000363a (0xff5ff0ef) jal     pc - 0xc
core   0: 3 0x8000363a (0xff5ff0ef) x1  0x8000363e
core   0: 0x8000362e (0x0000bfed) c.j     pc - 6
core   0: 3 0x8000362e (0xbfed)
core   0: 0x80003628 (0xffbff0ef) jal     pc - 0x6
core   0: 3 0x80003628 (0xffbff0ef) x1  0x8000362c
core   0: 0x80003622 (0x0000a0b1) c.j     pc + 76
core   0: 3 0x80003622 (0xa0b1)
core   0: 0x8000366e (0x000049a9) c.li    s3, 10
core   0: 3 0x8000366e (0x49a9) x19 0x0000000a
core   0: 0x80003670 (0x010001ef) jal     gp, pc + 0x10
core   0: 3 0x80003670 (0x010001ef) x3  0x80003674
core   0: 0x80003680 (0x0000bfd5) c.j     pc - 12
core   0: 3 0x80003680 (0xbfd5)
core   0: 0x80003674 (0x00002809) c.jal   pc + 18
core   0: 3 0x80003674 (0x2809) x1  0x80003676
core   0: 0x80003686 (0x0000a005) c.j     pc + 32
core   0: 3 0x80003686 (0xa005)
core   0: 0x800036a6 (0x00003fc9) c.jal   pc - 46
core   0: 3 0x800036a6 (0x3fc9) x1  0x800036a8
core   0: 0x80003678 (0x00002029) c.jal   pc + 10
core   0: 3 0x80003678 (0x2029) x1  0x8000367a
core   0: 0x80003682 (0xffdff0ef) jal     pc - 0x4
core   0: 3 0x80003682 (0xffdff0ef) x1  0x80003686
core   0: 0x8000367e (0x0000a035) c.j     pc + 44
core   0: 3 0x8000367e (0xa035)
core   0: 0x800036aa (0xffbff0ef) jal     pc - 0x6
core   0: 3 0x800036aa (0xffbff0ef) x1  0x800036ae
core   0: 0x800036a4 (0x00003fcd) c.jal   pc - 14
core   0: 3 0x800036a4 (0x3fcd) x1  0x800036a6
core   0: 0x80003696 (0x0000bfe5) c.j     pc - 8
core   0: 3 0x80003696 (0xbfe5)
core   0: 0x8000368e (0x0000a005) c.j     pc + 32
core   0: 3 0x8000368e (0xa005)
core   0: 0x800036ae (0x00003fc5) c.jal   pc - 16
core   0: 3 0x800036ae (0x3fc5) x1  0x800036b0
core   0: 0x8000369e (0x0000bfcd) c.j     pc - 14
core   0: 3 0x8000369e (0xbfcd)
core   0: 0x80003690 (0x0000a821) c.j     pc + 24
core   0: 3 0x80003690 (0xa821)
core   0: 0x800036a8 (0x0000a021) c.j     pc + 8
core   0: 3 0x800036a8 (0xa021)
core   0: 0x800036b0 (0x0000bfe1) c.j     pc - 40
core   0: 3 0x800036b0 (0xbfe1)
core   0: 0x80003688 (0x00002809) c.jal   pc + 18
core   0: 3 0x80003688 (0x2809) x1  0x8000368a
core   0: 0x8000369a (0xfddff2ef) jal     t0, pc - 0x24
core   0: 3 0x8000369a (0xfddff2ef) x5  0x8000369e
core   0: 0x80003676 (0x0000200d) c.jal   pc + 34
core   0: 3 0x80003676 (0x200d) x1  0x80003678
core   0: 0x80003698 (0x0000a021) c.j     pc + 8
core   0: 3 0x80003698 (0xa021)
core   0: 0x800036a0 (0x00002009) c.jal   pc + 2
core   0: 3 0x800036a0 (0x2009) x1  0x800036a2
core   0: 0x800036a2 (0x000037e5) c.jal   pc - 24
core   0: 3 0x800036a2 (0x37e5) x1  0x800036a4
core   0: 0x8000368a (0xff1ff36f) jal     t1, pc - 0x10
core   0: 3 0x8000368a (0xff1ff36f) x6  0x8000368e
core   0: 0x8000367a (0x018000ef) jal     pc + 0x18
core   0: 3 0x8000367a (0x018000ef) x1  0x8000367e
core   0: 0x80003692 (0x02000c6f) jal     s8, pc + 0x20
core   0: 3 0x80003692 (0x02000c6f) x24 0x80003696
core   0: 0x800036b2 (0x00de2333) slt     t1, t3, a3
core   0: 3 0x800036b2 (0x00de2333) x6  0x00000001
core   0: 0x800036b6 (0x028001ef) jal     gp, pc + 0x28
core   0: 3 0x800036b6 (0x028001ef) x3  0x800036ba
core   0: 0x800036de (0xfddff0ef) jal     pc - 0x24
core   0: 3 0x800036de (0xfddff0ef) x1  0x800036e2
core   0: 0x800036ba (0x0100036f) jal     t1, pc + 0x10
core   0: 3 0x800036ba (0x0100036f) x6  0x800036be
core   0: 0x800036ca (0x0000a019) c.j     pc + 6
core   0: 3 0x800036ca (0xa019)
core   0: 0x800036d0 (0xfffff0ef) jal     pc - 0x2
core   0: 3 0x800036d0 (0xfffff0ef) x1  0x800036d4
core   0: 0x800036ce (0x00002811) c.jal   pc + 20
core   0: 3 0x800036ce (0x2811) x1  0x800036d0
core   0: 0x800036e2 (0xfe5ff66f) jal     a2, pc - 0x1c
core   0: 3 0x800036e2 (0xfe5ff66f) x12 0x800036e6
core   0: 0x800036c6 (0x02400c6f) jal     s8, pc + 0x24
core   0: 3 0x800036c6 (0x02400c6f) x24 0x800036ca
core   0: 0x800036ea (0xfffff36f) jal     t1, pc - 0x2
core   0: 3 0x800036ea (0xfffff36f) x6  0x800036ee
core   0: 0x800036e8 (0x000037f5) c.jal   pc - 20
core   0: 3 0x800036e8 (0x37f5) x1  0x800036ea
core   0: 0x800036d4 (0x0000a011) c.j     pc + 4
core   0: 3 0x800036d4 (0xa011)
core   0: 0x800036d8 (0x00e000ef) jal     pc + 0xe
core   0: 3 0x800036d8 (0x00e000ef) x1  0x800036dc
core   0: 0x800036e6 (0x0000bfdd) c.j     pc - 10
core   0: 3 0x800036e6 (0xbfdd)
core   0: 0x800036dc (0x00003fed) c.jal   pc - 6
core   0: 3 0x800036dc (0x3fed) x1  0x800036de
core   0: 0x800036d6 (0x000037e5) c.jal   pc - 24
core   0: 3 0x800036d6 (0x37e5) x1  0x800036d8
core   0: 0x800036be (0x0040076f) jal     a4, pc + 0x4
core   0: 3 0x800036be (0x0040076f) x14 0x800036c2
core   0: 0x800036c2 (0x00a000ef) jal     pc + 0xa
core   0: 3 0x800036c2 (0x00a000ef) x1  0x800036c6
core   0: 0x800036cc (0x0000a00d) c.j     pc + 34
core   0: 3 0x800036cc (0xa00d)
core   0: 0x800036ee (0x00008f51) c.or    a4, a2
core   0: 3 0x800036ee (0x8f51) x14 0x800036e6
core   0: 0x800036f0 (0x026001ef) jal     gp, pc + 0x26
core   0: 3 0x800036f0 (0x026001ef) x3  0x800036f4
core   0: 0x80003716 (0x0000bfdd) c.j     pc - 10
core   0: 3 0x80003716 (0xbfdd)
core   0: 0x8000370c (0x0000b7ed) c.j     pc - 22
core   0: 3 0x8000370c (0xb7ed)
core   0: 0x800036f6 (0x00002821) c.jal   pc + 24
core   0: 3 0x800036f6 (0x2821) x1  0x800036f8
core   0: 0x8000370e (0x004000ef) jal     pc + 0x4
core   0: 3 0x8000370e (0x004000ef) x1  0x80003712
core   0: 0x80003712 (0xfe3ff1ef) jal     gp, pc - 0x1e
core   0: 3 0x80003712 (0xfe3ff1ef) x3  0x80003716
core   0: 0x800036f4 (0x0000a809) c.j     pc + 18
core   0: 3 0x800036f4 (0xa809)
core   0: 0x80003706 (0x00003ffd) c.jal   pc - 2
core   0: 3 0x80003706 (0x3ffd) x1  0x80003708
core   0: 0x80003704 (0x00003fdd) c.jal   pc - 10
core   0: 3 0x80003704 (0x3fdd) x1  0x80003706
core   0: 0x800036fa (0x010000ef) jal     pc + 0x10
core   0: 3 0x800036fa (0x010000ef) x1  0x800036fe
core   0: 0x8000370a (0x00003fdd) c.jal   pc - 10
core   0: 3 0x8000370a (0x3fdd) x1  0x8000370c
core   0: 0x80003700 (0x0000a005) c.j     pc + 32
core   0: 3 0x80003700 (0xa005)
core   0: 0x80003720 (0x0000bfe5) c.j     pc - 8
core   0: 3 0x80003720 (0xbfe5)
core   0: 0x80003718 (0x004007ef) jal     a5, pc + 0x4
core   0: 3 0x80003718 (0x004007ef) x15 0x8000371c
core   0: 0x8000371c (0x000037cd) c.jal   pc - 30
core   0: 3 0x8000371c (0x37cd) x1  0x8000371e
core   0: 0x800036fe (0x00002029) c.jal   pc + 10
core   0: 3 0x800036fe (0x2029) x1  0x80003700
core   0: 0x80003708 (0x00002819) c.jal   pc + 22
core   0: 3 0x80003708 (0x2819) x1  0x8000370a
core   0: 0x8000371e (0x0000b7d5) c.j     pc - 28
core   0: 3 0x8000371e (0xb7d5)
core   0: 0x80003702 (0x00003fdd) c.jal   pc - 10
core   0: 3 0x80003702 (0x3fdd) x1  0x80003704
core   0: 0x800036f8 (0x0000a02d) c.j     pc + 42
core   0: 3 0x800036f8 (0xa02d)
core   0: 0x80003722 (0x00008d19) c.sub   a0, a4
core   0: 3 0x80003722 (0x8d19) x10 0xfffffeba
core   0: 0x80003724 (0x024001ef) jal     gp, pc + 0x24
core   0: 3 0x80003724 (0x024001ef) x3  0x80003728
core   0: 0x80003748 (0x00002029) c.jal   pc + 10
core   0: 3 0x80003748 (0x2029) x1  0x8000374a
core   0: 0x80003752 (0xfe3ff0ef) jal     pc - 0x1e
core   0: 3 0x80003752 (0xfe3ff0ef) x1  0x80003756
core   0: 0x80003734 (0x00002829) c.jal   pc + 26
core   0: 3 0x80003734 (0x2829) x1  0x80003736
core   0: 0x8000374e (0xff7ffd6f) jal     s10, pc - 0xa
core   0: 3 0x8000374e (0xff7ffd6f) x26 0x80003752
core   0: 0x80003744 (0x018000ef) jal     pc + 0x18
core   0: 3 0x80003744 (0x018000ef) x1  0x80003748
core   0: 0x8000375c (0xfe7ff36f) jal     t1, pc - 0x1a
core   0: 3 0x8000375c (0xfe7ff36f) x6  0x80003760
core   0: 0x80003742 (0x0000bfd5) c.j     pc - 12
core   0: 3 0x80003742 (0xbfd5)
core   0: 0x80003736 (0x0000280d) c.jal   pc + 50
core   0: 3 0x80003736 (0x280d) x1  0x80003738
core   0: 0x80003768 (0x00003ffd) c.jal   pc - 2
core   0: 3 0x80003768 (0x3ffd) x1  0x8000376a
core   0: 0x80003766 (0x0000b7f1) c.j     pc - 52
core   0: 3 0x80003766 (0xb7f1)
core   0: 0x80003732 (0x0000bfdd) c.j     pc - 10
core   0: 3 0x80003732 (0xbfdd)
core   0: 0x80003728 (0x0000203d) c.jal   pc + 46
core   0: 3 0x80003728 (0x203d) x1  0x8000372a
core   0: 0x80003756 (0xfe3ff36f) jal     t1, pc - 0x1e
core   0: 3 0x80003756 (0xfe3ff36f) x6  0x8000375a
core   0: 0x80003738 (0x014000ef) jal     pc + 0x14
core   0: 3 0x80003738 (0x014000ef) x1  0x8000373c
core   0: 0x8000374c (0x00003ff9) c.jal   pc - 34
core   0: 3 0x8000374c (0x3ff9) x1  0x8000374e
core   0: 0x8000372a (0x0120036f) jal     t1, pc + 0x12
core   0: 3 0x8000372a (0x0120036f) x6  0x8000372e
core   0: 0x8000373c (0x0000a039) c.j     pc + 14
core   0: 3 0x8000373c (0xa039)
core   0: 0x8000374a (0x0000a801) c.j     pc + 16
core   0: 3 0x8000374a (0xa801)
core   0: 0x8000375a (0x0000bfd9) c.j     pc - 42
core   0: 3 0x8000375a (0xbfd9)
core   0: 0x80003730 (0x0000a805) c.j     pc + 48
core   0: 3 0x80003730 (0xa805)
core   0: 0x80003760 (0x00003ff9) c.jal   pc - 34
core   0: 3 0x80003760 (0x3ff9) x1  0x80003762
core   0: 0x8000373e (0xff1ff36f) jal     t1, pc - 0x10
core   0: 3 0x8000373e (0xff1ff36f) x6  0x80003742
core   0: 0x8000372e (0x00002815) c.jal   pc + 52
core   0: 3 0x8000372e (0x2815) x1  0x80003730
core   0: 0x80003762 (0x00800eef) jal     t4, pc + 0x8
core   0: 3 0x80003762 (0x00800eef) x29 0x80003766
core   0: 0x8000376a (0x0171e133) or      sp, gp, s7
core   0: 3 0x8000376a (0x0171e133) x2  0x800037ba
core   0: 0x8000376e (0x036001ef) jal     gp, pc + 0x36
core   0: 3 0x8000376e (0x036001ef) x3  0x80003772
core   0: 0x800037a4 (0x0000bfc9) c.j     pc - 46
core   0: 3 0x800037a4 (0xbfc9)
core   0: 0x80003776 (0x014007ef) jal     a5, pc + 0x14
core   0: 3 0x80003776 (0x014007ef) x15 0x8000377a
core   0: 0x8000378a (0x0080036f) jal     t1, pc + 0x8
core   0: 3 0x8000378a (0x0080036f) x6  0x8000378e
core   0: 0x80003792 (0x00e0036f) jal     t1, pc + 0xe
core   0: 3 0x80003792 (0x00e0036f) x6  0x80003796
core   0: 0x800037a0 (0x00003fed) c.jal   pc - 6
core   0: 3 0x800037a0 (0x3fed) x1  0x800037a2
core   0: 0x8000379a (0xffdff0ef) jal     pc - 0x4
core   0: 3 0x8000379a (0xffdff0ef) x1  0x8000379e
core   0: 0x80003796 (0x01a000ef) jal     pc + 0x1a
core   0: 3 0x80003796 (0x01a000ef) x1  0x8000379a
core   0: 0x800037b0 (0xffbff36f) jal     t1, pc - 0x6
core   0: 3 0x800037b0 (0xffbff36f) x6  0x800037b4
core   0: 0x800037aa (0x00003fe9) c.jal   pc - 38
core   0: 3 0x800037aa (0x3fe9) x1  0x800037ac
core   0: 0x80003784 (0x0220076f) jal     a4, pc + 0x22
core   0: 3 0x80003784 (0x0220076f) x14 0x80003788
core   0: 0x800037a6 (0xfe3ff1ef) jal     gp, pc - 0x1e
core   0: 3 0x800037a6 (0xfe3ff1ef) x3  0x800037aa
core   0: 0x80003788 (0x000037ed) c.jal   pc - 22
core   0: 3 0x80003788 (0x37ed) x1  0x8000378a
core   0: 0x80003772 (0x0000a805) c.j     pc + 48
core   0: 3 0x80003772 (0xa805)
core   0: 0x800037a2 (0x000037f5) c.jal   pc - 20
core   0: 3 0x800037a2 (0x37f5) x1  0x800037a4
core   0: 0x8000378e (0xfefff0ef) jal     pc - 0x12
core   0: 3 0x8000378e (0xfefff0ef) x1  0x80003792
core   0: 0x8000377c (0x0300036f) jal     t1, pc + 0x30
core   0: 3 0x8000377c (0x0300036f) x6  0x80003780
core   0: 0x800037ac (0xfc9ff0ef) jal     pc - 0x38
core   0: 3 0x800037ac (0xfc9ff0ef) x1  0x800037b0
core   0: 0x80003774 (0x00002031) c.jal   pc + 12
core   0: 3 0x80003774 (0x2031) x1  0x80003776
core   0: 0x80003780 (0xffbff76f) jal     a4, pc - 0x6
core   0: 3 0x80003780 (0xffbff76f) x14 0x80003784
core   0: 0x8000377a (0x00002015) c.jal   pc + 36
core   0: 3 0x8000377a (0x2015) x1  0x8000377c
core   0: 0x8000379e (0x00002819) c.jal   pc + 22
core   0: 3 0x8000379e (0x2819) x1  0x800037a0
core   0: 0x800037b4 (0x004000ef) jal     pc + 0x4
core   0: 3 0x800037b4 (0x004000ef) x1  0x800037b8
core   0: 0x800037b8 (0xe3e5e813) ori     a6, a1, -450
core   0: 3 0x800037b8 (0xe3e5e813) x16 0xfffffe7e
core   0: 0x800037bc (0x034001ef) jal     gp, pc + 0x34
core   0: 3 0x800037bc (0x034001ef) x3  0x800037c0
core   0: 0x800037f0 (0x00003fed) c.jal   pc - 6
core   0: 3 0x800037f0 (0x3fed) x1  0x800037f2
core   0: 0x800037ea (0x0000bfe5) c.j     pc - 8
core   0: 3 0x800037ea (0xbfe5)
core   0: 0x800037e2 (0x0000200d) c.jal   pc + 34
core   0: 3 0x800037e2 (0x200d) x1  0x800037e4
core   0: 0x80003804 (0x00003fc9) c.jal   pc - 46
core   0: 3 0x80003804 (0x3fc9) x1  0x80003806
core   0: 0x800037d6 (0x0000a831) c.j     pc + 28
core   0: 3 0x800037d6 (0xa831)
core   0: 0x800037f2 (0x00003fdd) c.jal   pc - 10
core   0: 3 0x800037f2 (0x3fdd) x1  0x800037f4
core   0: 0x800037e8 (0x00003ff5) c.jal   pc - 4
core   0: 3 0x800037e8 (0x3ff5) x1  0x800037ea
core   0: 0x800037e4 (0x0000b7e5) c.j     pc - 24
core   0: 3 0x800037e4 (0xb7e5)
core   0: 0x800037cc (0x0000280d) c.jal   pc + 50
core   0: 3 0x800037cc (0x280d) x1  0x800037ce
core   0: 0x800037fe (0xfc9ff0ef) jal     pc - 0x38
core   0: 3 0x800037fe (0xfc9ff0ef) x1  0x80003802
core   0: 0x800037c6 (0x0000201d) c.jal   pc + 38
core   0: 3 0x800037c6 (0x201d) x1  0x800037c8
core   0: 0x800037ec (0x00002009) c.jal   pc + 2
core   0: 3 0x800037ec (0x2009) x1  0x800037ee
core   0: 0x800037ee (0x00003fe9) c.jal   pc - 38
core   0: 3 0x800037ee (0x3fe9) x1  0x800037f0
core   0: 0x800037c8 (0xff9ff0ef) jal     pc - 0x8
core   0: 3 0x800037c8 (0xff9ff0ef) x1  0x800037cc
core   0: 0x800037c0 (0x00002039) c.jal   pc + 14
core   0: 3 0x800037c0 (0x2039) x1  0x800037c2
core   0: 0x800037ce (0x00002019) c.jal   pc + 6
core   0: 3 0x800037ce (0x2019) x1  0x800037d0
core   0: 0x800037d4 (0x0000a025) c.j     pc + 40
core   0: 3 0x800037d4 (0xa025)
core   0: 0x800037fc (0x00002019) c.jal   pc + 6
core   0: 3 0x800037fc (0x2019) x1  0x800037fe
core   0: 0x80003802 (0x0000a021) c.j     pc + 8
core   0: 3 0x80003802 (0xa021)
core   0: 0x8000380a (0x0000bf65) c.j     pc - 72
core   0: 3 0x8000380a (0xbf65)
core   0: 0x800037c2 (0x024002ef) jal     t0, pc + 0x24
core   0: 3 0x800037c2 (0x024002ef) x5  0x800037c6
core   0: 0x800037e6 (0x00002005) c.jal   pc + 32
core   0: 3 0x800037e6 (0x2005) x1  0x800037e8
core   0: 0x80003806 (0xfd5ff36f) jal     t1, pc - 0x2c
core   0: 3 0x80003806 (0xfd5ff36f) x6  0x8000380a
core   0: 0x800037da (0x004000ef) jal     pc + 0x4
core   0: 3 0x800037da (0x004000ef) x1  0x800037de
core   0: 0x800037de (0x0000a819) c.j     pc + 22
core   0: 3 0x800037de (0xa819)
core   0: 0x800037f4 (0xfe5ff36f) jal     t1, pc - 0x1c
core   0: 3 0x800037f4 (0xfe5ff36f) x6  0x800037f8
core   0: 0x800037d8 (0x00002005) c.jal   pc + 32
core   0: 3 0x800037d8 (0x2005) x1  0x800037da
core   0: 0x800037f8 (0xfe9ffdef) jal     s11, pc - 0x18
core   0: 3 0x800037f8 (0xfe9ffdef) x27 0x800037fc
core   0: 0x800037e0 (0x0000bfc5) c.j     pc - 16
core   0: 3 0x800037e0 (0xbfc5)
core   0: 0x800037d0 (0x03c000ef) jal     pc + 0x3c
core   0: 3 0x800037d0 (0x03c000ef) x1  0x800037d4
core   0: 0x8000380c (0x00004c25) c.li    s8, 9
core   0: 3 0x8000380c (0x4c25) x24 0x00000009
core   0: 0x8000380e (0x020001ef) jal     gp, pc + 0x20
core   0: 3 0x8000380e (0x020001ef) x3  0x80003812
core   0: 0x8000382e (0x0000a021) c.j     pc + 8
core   0: 3 0x8000382e (0xa021)
core   0: 0x80003836 (0xfebff0ef) jal     pc - 0x16
core   0: 3 0x80003836 (0xfebff0ef) x1  0x8000383a
core   0: 0x80003820 (0x0320036f) jal     t1, pc + 0x32
core   0: 3 0x80003820 (0x0320036f) x6  0x80003824
core   0: 0x80003852 (0xfd7ff0ef) jal     pc - 0x2a
core   0: 3 0x80003852 (0xfd7ff0ef) x1  0x80003856
core   0: 0x80003828 (0x0000a015) c.j     pc + 36
core   0: 3 0x80003828 (0xa015)
core   0: 0x8000384c (0xfcfff36f) jal     t1, pc - 0x32
core   0: 3 0x8000384c (0xfcfff36f) x6  0x80003850
core   0: 0x8000381a (0x0000283d) c.jal   pc + 62
core   0: 3 0x8000381a (0x283d) x1  0x8000381c
core   0: 0x80003858 (0xff1ff66f) jal     a2, pc - 0x10
core   0: 3 0x80003858 (0xff1ff66f) x12 0x8000385c
core   0: 0x80003848 (0xfe9ff26f) jal     tp, pc - 0x18
core   0: 3 0x80003848 (0xfe9ff26f) x4  0x8000384c
core   0: 0x80003830 (0x0000a031) c.j     pc + 12
core   0: 3 0x80003830 (0xa031)
core   0: 0x8000383c (0xfddff0ef) jal     pc - 0x24
core   0: 3 0x8000383c (0xfddff0ef) x1  0x80003840
core   0: 0x80003818 (0x0000a83d) c.j     pc + 62
core   0: 3 0x80003818 (0xa83d)
core   0: 0x80003856 (0x000037fd) c.jal   pc - 18
core   0: 3 0x80003856 (0x37fd) x1  0x80003858
core   0: 0x80003844 (0xfe3ffaef) jal     s5, pc - 0x1e
core   0: 3 0x80003844 (0xfe3ffaef) x21 0x80003848
core   0: 0x80003826 (0x00003ffd) c.jal   pc - 2
core   0: 3 0x80003826 (0x3ffd) x1  0x80003828
core   0: 0x80003824 (0x00003fc5) c.jal   pc - 16
core   0: 3 0x80003824 (0x3fc5) x1  0x80003826
core   0: 0x80003814 (0xfffff0ef) jal     pc - 0x2
core   0: 3 0x80003814 (0xfffff0ef) x1  0x80003818
core   0: 0x80003812 (0x0000a83d) c.j     pc + 62
core   0: 3 0x80003812 (0xa83d)
core   0: 0x80003850 (0x000037cd) c.jal   pc - 30
core   0: 3 0x80003850 (0x37cd) x1  0x80003852
core   0: 0x80003832 (0xfedff36f) jal     t1, pc - 0x14
core   0: 3 0x80003832 (0xfedff36f) x6  0x80003836
core   0: 0x8000381e (0x0000a039) c.j     pc + 14
core   0: 3 0x8000381e (0xa039)
core   0: 0x8000382c (0x00003ffd) c.jal   pc - 2
core   0: 3 0x8000382c (0x3ffd) x1  0x8000382e
core   0: 0x8000382a (0x0000a819) c.j     pc + 22
core   0: 3 0x8000382a (0xa819)
core   0: 0x80003840 (0xffbff36f) jal     t1, pc - 0x6
core   0: 3 0x80003840 (0xffbff36f) x6  0x80003844
core   0: 0x8000383a (0x000037cd) c.jal   pc - 30
core   0: 3 0x8000383a (0x37cd) x1  0x8000383c
core   0: 0x8000381c (0x00002081) c.jal   pc + 64
core   0: 3 0x8000381c (0x2081) x1  0x8000381e
core   0: 0x8000385c (0x40fd5133) sra     sp, s10, a5
core   0: 3 0x8000385c (0x40fd5133) x2  0xffffffe0
core   0: 0x80003860 (0x048001ef) jal     gp, pc + 0x48
core   0: 3 0x80003860 (0x048001ef) x3  0x80003864
core   0: 0x800038a8 (0x0000b7d1) c.j     pc - 60
core   0: 3 0x800038a8 (0xb7d1)
core   0: 0x8000386c (0x00c000ef) jal     pc + 0xc
core   0: 3 0x8000386c (0x00c000ef) x1  0x80003870
core   0: 0x80003878 (0x00002029) c.jal   pc + 10
core   0: 3 0x80003878 (0x2029) x1  0x8000387a
core   0: 0x80003882 (0x00002009) c.jal   pc + 2
core   0: 3 0x80003882 (0x2009) x1  0x80003884
core   0: 0x80003884 (0x00c000ef) jal     pc + 0xc
core   0: 3 0x80003884 (0x00c000ef) x1  0x80003888
core   0: 0x80003890 (0x000037cd) c.jal   pc - 30
core   0: 3 0x80003890 (0x37cd) x1  0x80003892
core   0: 0x80003872 (0x0000a01d) c.j     pc + 38
core   0: 3 0x80003872 (0xa01d)
core   0: 0x80003898 (0x00a0036f) jal     t1, pc + 0xa
core   0: 3 0x80003898 (0x00a0036f) x6  0x8000389c
core   0: 0x800038a2 (0x0000bfd1) c.j     pc - 44
core   0: 3 0x800038a2 (0xbfd1)
core   0: 0x80003876 (0x0000201d) c.jal   pc + 38
core   0: 3 0x80003876 (0x201d) x1  0x80003878
core   0: 0x8000389c (0x0000b7f5) c.j     pc - 20
core   0: 3 0x8000389c (0xb7f5)
core   0: 0x80003888 (0xff3ff36f) jal     t1, pc - 0xe
core   0: 3 0x80003888 (0xff3ff36f) x6  0x8000388c
core   0: 0x8000387a (0x0040066f) jal     a2, pc + 0x4
core   0: 3 0x8000387a (0x0040066f) x12 0x8000387e
core   0: 0x8000387e (0x00002005) c.jal   pc + 32
core   0: 3 0x8000387e (0x2005) x1  0x80003880
core   0: 0x8000389e (0xfefff0ef) jal     pc - 0x12
core   0: 3 0x8000389e (0xfefff0ef) x1  0x800038a2
core   0: 0x8000388c (0x0180056f) jal     a0, pc + 0x18
core   0: 3 0x8000388c (0x0180056f) x10 0x80003890
core   0: 0x800038a4 (0xfd1ffeef) jal     t4, pc - 0x30
core   0: 3 0x800038a4 (0xfd1ffeef) x29 0x800038a8
core   0: 0x80003874 (0x0000a031) c.j     pc + 12
core   0: 3 0x80003874 (0xa031)
core   0: 0x80003880 (0x00003fc5) c.jal   pc - 16
core   0: 3 0x80003880 (0x3fc5) x1  0x80003882
core   0: 0x80003870 (0x0000200d) c.jal   pc + 34
core   0: 3 0x80003870 (0x200d) x1  0x80003872
core   0: 0x80003892 (0x00002009) c.jal   pc + 2
core   0: 3 0x80003892 (0x2009) x1  0x80003894
core   0: 0x80003894 (0xfd1ff0ef) jal     pc - 0x30
core   0: 3 0x80003894 (0xfd1ff0ef) x1  0x80003898
core   0: 0x80003864 (0x004000ef) jal     pc + 0x4
core   0: 3 0x80003864 (0x004000ef) x1  0x80003868
core   0: 0x80003868 (0x0420036f) jal     t1, pc + 0x42
core   0: 3 0x80003868 (0x0420036f) x6  0x8000386c
core   0: 0x800038aa (0x033120b3) mulhsu  ra, sp, s3
core   0: 3 0x800038aa (0x033120b3) x1  0xffffffff
core   0: 0x800038ae (0x03a001ef) jal     gp, pc + 0x3a
core   0: 3 0x800038ae (0x03a001ef) x3  0x800038b2
core   0: 0x800038e8 (0xfd9ff7ef) jal     a5, pc - 0x28
core   0: 3 0x800038e8 (0xfd9ff7ef) x15 0x800038ec
core   0: 0x800038c0 (0x0000a009) c.j     pc + 2
core   0: 3 0x800038c0 (0xa009)
core   0: 0x800038c2 (0xff1ff0ef) jal     pc - 0x10
core   0: 3 0x800038c2 (0xff1ff0ef) x1  0x800038c6
core   0: 0x800038b2 (0x008000ef) jal     pc + 0x8
core   0: 3 0x800038b2 (0x008000ef) x1  0x800038b6
core   0: 0x800038ba (0x022000ef) jal     pc + 0x22
core   0: 3 0x800038ba (0x022000ef) x1  0x800038be
core   0: 0x800038dc (0x0000bff5) c.j     pc - 4
core   0: 3 0x800038dc (0xbff5)
core   0: 0x800038d8 (0xfe7ff26f) jal     tp, pc - 0x1a
core   0: 3 0x800038d8 (0xfe7ff26f) x4  0x800038dc
core   0: 0x800038be (0x0000a801) c.j     pc + 16
core   0: 3 0x800038be (0xa801)
core   0: 0x800038ce (0x0000b7e5) c.j     pc - 24
core   0: 3 0x800038ce (0xb7e5)
core   0: 0x800038b6 (0x00002829) c.jal   pc + 26
core   0: 3 0x800038b6 (0x2829) x1  0x800038b8
core   0: 0x800038d0 (0x00003ff5) c.jal   pc - 4
core   0: 3 0x800038d0 (0x3ff5) x1  0x800038d2
core   0: 0x800038cc (0x00002029) c.jal   pc + 10
core   0: 3 0x800038cc (0x2029) x1  0x800038ce
core   0: 0x800038d6 (0x00003fc5) c.jal   pc - 16
core   0: 3 0x800038d6 (0x3fc5) x1  0x800038d8
core   0: 0x800038c6 (0x0000a831) c.j     pc + 28
core   0: 3 0x800038c6 (0xa831)
core   0: 0x800038e2 (0x00002011) c.jal   pc + 4
core   0: 3 0x800038e2 (0x2011) x1  0x800038e4
core   0: 0x800038e6 (0x00003ffd) c.jal   pc - 2
core   0: 3 0x800038e6 (0x3ffd) x1  0x800038e8
core   0: 0x800038e4 (0x000037d5) c.jal   pc - 28
core   0: 3 0x800038e4 (0x37d5) x1  0x800038e6
core   0: 0x800038c8 (0x00a000ef) jal     pc + 0xa
core   0: 3 0x800038c8 (0x00a000ef) x1  0x800038cc
core   0: 0x800038d2 (0xfe7ffdef) jal     s11, pc - 0x1a
core   0: 3 0x800038d2 (0xfe7ffdef) x27 0x800038d6
core   0: 0x800038b8 (0x0000a01d) c.j     pc + 38
core   0: 3 0x800038b8 (0xa01d)
core   0: 0x800038de (0x00e0036f) jal     t1, pc + 0xe
core   0: 3 0x800038de (0x00e0036f) x6  0x800038e2
core   0: 0x800038ec (0x00008715) c.srai  a4, 5
core   0: 3 0x800038ec (0x8715) x14 0xfc0001bc
core   0: 0x800038ee (0x012001ef) jal     gp, pc + 0x12
core   0: 3 0x800038ee (0x012001ef) x3  0x800038f2
core   0: 0x80003900 (0x0000a011) c.j     pc + 4
core   0: 3 0x80003900 (0xa011)
core   0: 0x80003904 (0x0000a029) c.j     pc + 10
core   0: 3 0x80003904 (0xa029)
core   0: 0x8000390e (0x0000a039) c.j     pc + 14
core   0: 3 0x8000390e (0xa039)
core   0: 0x8000391c (0x00003fd5) c.jal   pc - 12
core   0: 3 0x8000391c (0x3fd5) x1  0x8000391e
core   0: 0x80003910 (0x0000bfdd) c.j     pc - 10
core   0: 3 0x80003910 (0xbfdd)
core   0: 0x80003906 (0x018000ef) jal     pc + 0x18
core   0: 3 0x80003906 (0x018000ef) x1  0x8000390a
core   0: 0x8000391e (0x0000bfdd) c.j     pc - 10
core   0: 3 0x8000391e (0xbfdd)
core   0: 0x80003914 (0xfefff0ef) jal     pc - 0x12
core   0: 3 0x80003914 (0xfefff0ef) x1  0x80003918
core   0: 0x80003902 (0x0000a801) c.j     pc + 16
core   0: 3 0x80003902 (0xa801)
core   0: 0x80003912 (0x00002019) c.jal   pc + 6
core   0: 3 0x80003912 (0x2019) x1  0x80003914
core   0: 0x80003918 (0x0000bfe9) c.j     pc - 38
core   0: 3 0x80003918 (0xbfe9)
core   0: 0x800038f2 (0x008000ef) jal     pc + 0x8
core   0: 3 0x800038f2 (0x008000ef) x1  0x800038f6
core   0: 0x800038fa (0x0000bff5) c.j     pc - 4
core   0: 3 0x800038fa (0xbff5)
core   0: 0x800038f6 (0x014000ef) jal     pc + 0x14
core   0: 3 0x800038f6 (0x014000ef) x1  0x800038fa
core   0: 0x8000390a (0x0100016f) jal     sp, pc + 0x10
core   0: 3 0x8000390a (0x0100016f) x2  0x8000390e
core   0: 0x8000391a (0x0000b7cd) c.j     pc - 30
core   0: 3 0x8000391a (0xb7cd)
core   0: 0x800038fc (0x0240036f) jal     t1, pc + 0x24
core   0: 3 0x800038fc (0x0240036f) x6  0x80003900
core   0: 0x80003920 (0x018324b3) slt     s1, t1, s8
core   0: 3 0x80003920 (0x018324b3) x9  0x00000001
core   0: 0x80003924 (0x00c001ef) jal     gp, pc + 0xc
core   0: 3 0x80003924 (0x00c001ef) x3  0x80003928
core   0: 0x80003930 (0x0200036f) jal     t1, pc + 0x20
core   0: 3 0x80003930 (0x0200036f) x6  0x80003934
core   0: 0x80003950 (0x0000bfc5) c.j     pc - 16
core   0: 3 0x80003950 (0xbfc5)
core   0: 0x80003940 (0x00002019) c.jal   pc + 6
core   0: 3 0x80003940 (0x2019) x1  0x80003942
core   0: 0x80003946 (0x0000bff5) c.j     pc - 4
core   0: 3 0x80003946 (0xbff5)
core   0: 0x80003942 (0x0000b7e5) c.j     pc - 24
core   0: 3 0x80003942 (0xb7e5)
core   0: 0x8000392a (0x0000bffd) c.j     pc - 2
core   0: 3 0x8000392a (0xbffd)
core   0: 0x80003928 (0x0000a805) c.j     pc + 48
core   0: 3 0x80003928 (0xa805)
core   0: 0x80003958 (0x00003fd1) c.jal   pc - 44
core   0: 3 0x80003958 (0x3fd1) x1  0x8000395a
core   0: 0x8000392c (0x02e000ef) jal     pc + 0x2e
core   0: 3 0x8000392c (0x02e000ef) x1  0x80003930
core   0: 0x8000395a (0x0000b7cd) c.j     pc - 30
core   0: 3 0x8000395a (0xb7cd)
core   0: 0x8000393c (0x00002819) c.jal   pc + 22
core   0: 3 0x8000393c (0x2819) x1  0x8000393e
core   0: 0x80003952 (0x0000a029) c.j     pc + 10
core   0: 3 0x80003952 (0xa029)
core   0: 0x8000395c (0x0000bfed) c.j     pc - 6
core   0: 3 0x8000395c (0xbfed)
core   0: 0x80003956 (0x00003ffd) c.jal   pc - 2
core   0: 3 0x80003956 (0x3ffd) x1  0x80003958
core   0: 0x80003954 (0x00003fd5) c.jal   pc - 12
core   0: 3 0x80003954 (0x3fd5) x1  0x80003956
core   0: 0x80003948 (0xff7ff0ef) jal     pc - 0xa
core   0: 3 0x80003948 (0xff7ff0ef) x1  0x8000394c
core   0: 0x8000393e (0x0000a039) c.j     pc + 14
core   0: 3 0x8000393e (0xa039)
core   0: 0x8000394c (0xfedff0ef) jal     pc - 0x14
core   0: 3 0x8000394c (0xfedff0ef) x1  0x80003950
core   0: 0x80003938 (0x00002009) c.jal   pc + 2
core   0: 3 0x80003938 (0x2009) x1  0x8000393a
core   0: 0x8000393a (0x0000a029) c.j     pc + 10
core   0: 3 0x8000393a (0xa029)
core   0: 0x80003944 (0x0000bfc5) c.j     pc - 16
core   0: 3 0x80003944 (0xbfc5)
core   0: 0x80003934 (0x02a000ef) jal     pc + 0x2a
core   0: 3 0x80003934 (0x02a000ef) x1  0x80003938
core   0: 0x8000395e (0x022968b3) rem     a7, s2, sp
core   0: 3 0x8000395e (0x022968b3) x17 0x00000000
core   0: 0x80003962 (0x022001ef) jal     gp, pc + 0x22
core   0: 3 0x80003962 (0x022001ef) x3  0x80003966
core   0: 0x80003984 (0x0000b7ed) c.j     pc - 22
core   0: 3 0x80003984 (0xb7ed)
core   0: 0x8000396e (0x0000a039) c.j     pc + 14
core   0: 3 0x8000396e (0xa039)
core   0: 0x8000397c (0x0000b7ed) c.j     pc - 22
core   0: 3 0x8000397c (0xb7ed)
core   0: 0x80003966 (0x00a0036f) jal     t1, pc + 0xa
core   0: 3 0x80003966 (0x00a0036f) x6  0x8000396a
core   0: 0x80003970 (0x0000203d) c.jal   pc + 46
core   0: 3 0x80003970 (0x203d) x1  0x80003972
core   0: 0x8000399e (0x0000b7f1) c.j     pc - 52
core   0: 3 0x8000399e (0xb7f1)
core   0: 0x8000396a (0x0000202d) c.jal   pc + 42
core   0: 3 0x8000396a (0x202d) x1  0x8000396c
core   0: 0x80003994 (0x0000a011) c.j     pc + 4
core   0: 3 0x80003994 (0xa011)
core   0: 0x80003998 (0xfdbff56f) jal     a0, pc - 0x26
core   0: 3 0x80003998 (0xfdbff56f) x10 0x8000399c
core   0: 0x80003972 (0x00002801) c.jal   pc + 16
core   0: 3 0x80003972 (0x2801) x1  0x80003974
core   0: 0x80003982 (0x0000a011) c.j     pc + 4
core   0: 3 0x80003982 (0xa011)
core   0: 0x80003986 (0x01000fef) jal     t6, pc + 0x10
core   0: 3 0x80003986 (0x01000fef) x31 0x8000398a
core   0: 0x80003996 (0x0000a029) c.j     pc + 10
core   0: 3 0x80003996 (0xa029)
core   0: 0x800039a0 (0x00003fd1) c.jal   pc - 44
core   0: 3 0x800039a0 (0x3fd1) x1  0x800039a2
core   0: 0x80003974 (0x0000a009) c.j     pc + 2
core   0: 3 0x80003974 (0xa009)
core   0: 0x80003976 (0x0000bfdd) c.j     pc - 10
core   0: 3 0x80003976 (0xbfdd)
core   0: 0x8000396c (0x00002805) c.jal   pc + 48
core   0: 3 0x8000396c (0x2805) x1  0x8000396e
core   0: 0x8000399c (0x000037fd) c.jal   pc - 18
core   0: 3 0x8000399c (0x37fd) x1  0x8000399e
core   0: 0x8000398a (0xfefff0ef) jal     pc - 0x12
core   0: 3 0x8000398a (0xfefff0ef) x1  0x8000398e
core   0: 0x80003978 (0x01a000ef) jal     pc + 0x1a
core   0: 3 0x80003978 (0x01a000ef) x1  0x8000397c
core   0: 0x80003992 (0x00002801) c.jal   pc + 16
core   0: 3 0x80003992 (0x2801) x1  0x80003994
core   0: 0x800039a2 (0xfddff36f) jal     t1, pc - 0x24
core   0: 3 0x800039a2 (0xfddff36f) x6  0x800039a6
core   0: 0x8000397e (0x010009ef) jal     s3, pc + 0x10
core   0: 3 0x8000397e (0x010009ef) x19 0x80003982
core   0: 0x8000398e (0x0180036f) jal     t1, pc + 0x18
core   0: 3 0x8000398e (0x0180036f) x6  0x80003992
core   0: 0x800039a6 (0x00008d11) c.sub   a0, a2
core   0: 3 0x800039a6 (0x8d11) x10 0x0000011e
core   0: 0x800039a8 (0x02c001ef) jal     gp, pc + 0x2c
core   0: 3 0x800039a8 (0x02c001ef) x3  0x800039ac
core   0: 0x800039d4 (0xfe5ff2ef) jal     t0, pc - 0x1c
core   0: 3 0x800039d4 (0xfe5ff2ef) x5  0x800039d8
core   0: 0x800039b8 (0x0000a021) c.j     pc + 8
core   0: 3 0x800039b8 (0xa021)
core   0: 0x800039c0 (0x02400cef) jal     s9, pc + 0x24
core   0: 3 0x800039c0 (0x02400cef) x25 0x800039c4
core   0: 0x800039e4 (0x00a0036f) jal     t1, pc + 0xa
core   0: 3 0x800039e4 (0x00a0036f) x6  0x800039e8
core   0: 0x800039ee (0x00003fed) c.jal   pc - 6
core   0: 3 0x800039ee (0x3fed) x1  0x800039f0
core   0: 0x800039e8 (0xfe9ff1ef) jal     gp, pc - 0x18
core   0: 3 0x800039e8 (0xfe9ff1ef) x3  0x800039ec
core   0: 0x800039d0 (0x01c00d6f) jal     s10, pc + 0x1c
core   0: 3 0x800039d0 (0x01c00d6f) x26 0x800039d4
core   0: 0x800039ec (0x0000bfd5) c.j     pc - 12
core   0: 3 0x800039ec (0xbfd5)
core   0: 0x800039e0 (0x0000b7f9) c.j     pc - 50
core   0: 3 0x800039e0 (0xb7f9)
core   0: 0x800039ae (0x0000a019) c.j     pc + 6
core   0: 3 0x800039ae (0xa019)
core   0: 0x800039b4 (0x00002021) c.jal   pc + 8
core   0: 3 0x800039b4 (0x2021) x1  0x800039b6
core   0: 0x800039bc (0x0220026f) jal     tp, pc + 0x22
core   0: 3 0x800039bc (0x0220026f) x4  0x800039c0
core   0: 0x800039de (0x0000a821) c.j     pc + 24
core   0: 3 0x800039de (0xa821)
core   0: 0x800039f6 (0x000037cd) c.jal   pc - 30
core   0: 3 0x800039f6 (0x37cd) x1  0x800039f8
core   0: 0x800039d8 (0x0000b7cd) c.j     pc - 30
core   0: 3 0x800039d8 (0xb7cd)
core   0: 0x800039ba (0x0000bfdd) c.j     pc - 10
core   0: 3 0x800039ba (0xbfdd)
core   0: 0x800039b0 (0x0440026f) jal     tp, pc + 0x44
core   0: 3 0x800039b0 (0x0440026f) x4  0x800039b4
core   0: 0x800039f4 (0x000037dd) c.jal   pc - 26
core   0: 3 0x800039f4 (0x37dd) x1  0x800039f6
core   0: 0x800039da (0x01e000ef) jal     pc + 0x1e
core   0: 3 0x800039da (0x01e000ef) x1  0x800039de
core   0: 0x800039f8 (0xfcdff0ef) jal     pc - 0x34
core   0: 3 0x800039f8 (0xfcdff0ef) x1  0x800039fc
core   0: 0x800039c4 (0x000037e5) c.jal   pc - 24
core   0: 3 0x800039c4 (0x37e5) x1  0x800039c6
core   0: 0x800039ac (0x0000a891) c.j     pc + 84
core   0: 3 0x800039ac (0xa891)
core   0: 0x80003a00 (0x0000bff5) c.j     pc - 4
core   0: 3 0x80003a00 (0xbff5)
core   0: 0x800039fc (0xfcbff26f) jal     tp, pc - 0x36
core   0: 3 0x800039fc (0xfcbff26f) x4  0x80003a00
core   0: 0x800039c6 (0x00400fef) jal     t6, pc + 0x4
core   0: 3 0x800039c6 (0x00400fef) x31 0x800039ca
core   0: 0x800039ca (0x0260036f) jal     t1, pc + 0x26
core   0: 3 0x800039ca (0x0260036f) x6  0x800039ce
core   0: 0x800039f0 (0xfdfff2ef) jal     t0, pc - 0x22
core   0: 3 0x800039f0 (0xfdfff2ef) x5  0x800039f4
core   0: 0x800039ce (0x00002811) c.jal   pc + 20
core   0: 3 0x800039ce (0x2811) x1  0x800039d0
core   0: 0x800039e2 (0x0000bfd1) c.j     pc - 44
core   0: 3 0x800039e2 (0xbfd1)
core   0: 0x800039b6 (0x000020b1) c.jal   pc + 76
core   0: 3 0x800039b6 (0x20b1) x1  0x800039b8
core   0: 0x80003a02 (0x00d259b3) srl     s3, tp, a3
core   0: 3 0x80003a02 (0x00d259b3) x19 0x080003a0
core   0: 0x80003a06 (0x014001ef) jal     gp, pc + 0x14
core   0: 3 0x80003a06 (0x014001ef) x3  0x80003a0a
core   0: 0x80003a1a (0xffbff0ef) jal     pc - 0x6
core   0: 3 0x80003a1a (0xffbff0ef) x1  0x80003a1e
core   0: 0x80003a14 (0x00002009) c.jal   pc + 2
core   0: 3 0x80003a14 (0x2009) x1  0x80003a16
core   0: 0x80003a16 (0xff9ff26f) jal     tp, pc - 0x8
core   0: 3 0x80003a16 (0xff9ff26f) x4  0x80003a1a
core   0: 0x80003a0e (0xffdfffef) jal     t6, pc - 0x4
core   0: 3 0x80003a0e (0xffdfffef) x31 0x80003a12
core   0: 0x80003a0a (0x00002811) c.jal   pc + 20
core   0: 3 0x80003a0a (0x2811) x1  0x80003a0c
core   0: 0x80003a1e (0x0000a021) c.j     pc + 8
core   0: 3 0x80003a1e (0xa021)
core   0: 0x80003a26 (0x0000bfed) c.j     pc - 6
core   0: 3 0x80003a26 (0xbfed)
core   0: 0x80003a20 (0x0000a009) c.j     pc + 2
core   0: 3 0x80003a20 (0xa009)
core   0: 0x80003a22 (0xfebff0ef) jal     pc - 0x16
core   0: 3 0x80003a22 (0xfebff0ef) x1  0x80003a26
core   0: 0x80003a0c (0x0000a019) c.j     pc + 6
core   0: 3 0x80003a0c (0xa019)
core   0: 0x80003a12 (0x00002819) c.jal   pc + 22
core   0: 3 0x80003a12 (0x2819) x1  0x80003a14
core   0: 0x80003a28 (0xdc410a13) addi    s4, sp, -572
core   0: 3 0x80003a28 (0xdc410a13) x20 0x800036d2
core   0: 0x80003a2c (0x018001ef) jal     gp, pc + 0x18
core   0: 3 0x80003a2c (0x018001ef) x3  0x80003a30
core   0: 0x80003a44 (0x016000ef) jal     pc + 0x16
core   0: 3 0x80003a44 (0x016000ef) x1  0x80003a48
core   0: 0x80003a5a (0xfddff2ef) jal     t0, pc - 0x24
core   0: 3 0x80003a5a (0xfddff2ef) x5  0x80003a5e
core   0: 0x80003a36 (0x012000ef) jal     pc + 0x12
core   0: 3 0x80003a36 (0x012000ef) x1  0x80003a3a
core   0: 0x80003a48 (0xfe9ff36f) jal     t1, pc - 0x18
core   0: 3 0x80003a48 (0xfe9ff36f) x6  0x80003a4c
core   0: 0x80003a30 (0x00c0026f) jal     tp, pc + 0xc
core   0: 3 0x80003a30 (0x00c0026f) x4  0x80003a34
core   0: 0x80003a3c (0x0000a019) c.j     pc + 6
core   0: 3 0x80003a3c (0xa019)
core   0: 0x80003a42 (0x0000a029) c.j     pc + 10
core   0: 3 0x80003a42 (0xa029)
core   0: 0x80003a4c (0x0000a031) c.j     pc + 12
core   0: 3 0x80003a4c (0xa031)
core   0: 0x80003a58 (0x00003fe5) c.jal   pc - 8
core   0: 3 0x80003a58 (0x3fe5) x1  0x80003a5a
core   0: 0x80003a50 (0x0000a009) c.j     pc + 2
core   0: 3 0x80003a50 (0xa009)
core   0: 0x80003a52 (0x0000a009) c.j     pc + 2
core   0: 3 0x80003a52 (0xa009)
core   0: 0x80003a54 (0x0000b7dd) c.j     pc - 26
core   0: 3 0x80003a54 (0xb7dd)
core   0: 0x80003a3a (0x0000a011) c.j     pc + 4
core   0: 3 0x80003a3a (0xa011)
core   0: 0x80003a3e (0x018000ef) jal     pc + 0x18
core   0: 3 0x80003a3e (0x018000ef) x1  0x80003a42
core   0: 0x80003a56 (0x0000bff9) c.j     pc - 34
core   0: 3 0x80003a56 (0xbff9)
core   0: 0x80003a34 (0x00002829) c.jal   pc + 26
core   0: 3 0x80003a34 (0x2829) x1  0x80003a36
core   0: 0x80003a4e (0x00002801) c.jal   pc + 16
core   0: 3 0x80003a4e (0x2801) x1  0x80003a50
core   0: 0x80003a5e (0x000060dd) c.lui   ra, 0x17
core   0: 3 0x80003a5e (0x60dd) x1  0x00017000
core   0: 0x80003a60 (0x032001ef) jal     gp, pc + 0x32
core   0: 3 0x80003a60 (0x032001ef) x3  0x80003a64
core   0: 0x80003a92 (0x01c000ef) jal     pc + 0x1c
core   0: 3 0x80003a92 (0x01c000ef) x1  0x80003a96
core   0: 0x80003aae (0xffdff0ef) jal     pc - 0x4
core   0: 3 0x80003aae (0xffdff0ef) x1  0x80003ab2
core   0: 0x80003aaa (0xfefff2ef) jal     t0, pc - 0x12
core   0: 3 0x80003aaa (0xfefff2ef) x5  0x80003aae
core   0: 0x80003a98 (0x00003fc1) c.jal   pc - 48
core   0: 3 0x80003a98 (0x3fc1) x1  0x80003a9a
core   0: 0x80003a68 (0x008000ef) jal     pc + 0x8
core   0: 3 0x80003a68 (0x008000ef) x1  0x80003a6c
core   0: 0x80003a70 (0x00002021) c.jal   pc + 8
core   0: 3 0x80003a70 (0x2021) x1  0x80003a72
core   0: 0x80003a78 (0x014000ef) jal     pc + 0x14
core   0: 3 0x80003a78 (0x014000ef) x1  0x80003a7c
core   0: 0x80003a8c (0x00002039) c.jal   pc + 14
core   0: 3 0x80003a8c (0x2039) x1  0x80003a8e
core   0: 0x80003a9a (0x008001ef) jal     gp, pc + 0x8
core   0: 3 0x80003a9a (0x008001ef) x3  0x80003a9e
core   0: 0x80003aa2 (0x00002011) c.jal   pc + 4
core   0: 3 0x80003aa2 (0x2011) x1  0x80003aa4
core   0: 0x80003aa6 (0xfdffffef) jal     t6, pc - 0x22
core   0: 3 0x80003aa6 (0xfdffffef) x31 0x80003aaa
core   0: 0x80003a84 (0x0000a019) c.j     pc + 6
core   0: 3 0x80003a84 (0xa019)
core   0: 0x80003a8a (0x00003ffd) c.jal   pc - 2
core   0: 3 0x80003a8a (0x3ffd) x1  0x80003a8c
core   0: 0x80003a88 (0x0000b7d5) c.j     pc - 28
core   0: 3 0x80003a88 (0xb7d5)
core   0: 0x80003a6c (0xff9ff36f) jal     t1, pc - 0x8
core   0: 3 0x80003a6c (0xff9ff36f) x6  0x80003a70
core   0: 0x80003a64 (0x03c0036f) jal     t1, pc + 0x3c
core   0: 3 0x80003a64 (0x03c0036f) x6  0x80003a68
core   0: 0x80003aa0 (0x0000b7c5) c.j     pc - 32
core   0: 3 0x80003aa0 (0xb7c5)
core   0: 0x80003a80 (0x00002009) c.jal   pc + 2
core   0: 3 0x80003a80 (0x2009) x1  0x80003a82
core   0: 0x80003a82 (0x00002831) c.jal   pc + 28
core   0: 3 0x80003a82 (0x2831) x1  0x80003a84
core   0: 0x80003a9e (0x00003fe1) c.jal   pc - 40
core   0: 3 0x80003a9e (0x3fe1) x1  0x80003aa0
core   0: 0x80003a76 (0x0000a821) c.j     pc + 24
core   0: 3 0x80003a76 (0xa821)
core   0: 0x80003a8e (0x0000b7d5) c.j     pc - 28
core   0: 3 0x80003a8e (0xb7d5)
core   0: 0x80003a72 (0x00a000ef) jal     pc + 0xa
core   0: 3 0x80003a72 (0x00a000ef) x1  0x80003a76
core   0: 0x80003a7c (0x028000ef) jal     pc + 0x28
core   0: 3 0x80003a7c (0x028000ef) x1  0x80003a80
core   0: 0x80003aa4 (0x0000b7f5) c.j     pc - 20
core   0: 3 0x80003aa4 (0xb7f5)
core   0: 0x80003a90 (0x0000a019) c.j     pc + 6
core   0: 3 0x80003a90 (0xa019)
core   0: 0x80003a96 (0x00003fc5) c.jal   pc - 16
core   0: 3 0x80003a96 (0x3fc5) x1  0x80003a98
core   0: 0x80003a86 (0x0000a035) c.j     pc + 44
core   0: 3 0x80003a86 (0xa035)
core   0: 0x80003ab2 (0x0261dd33) divu    s10, gp, t1
core   0: 3 0x80003ab2 (0x0261dd33) x26 0x00000001
core   0: 0x80003ab6 (0x018001ef) jal     gp, pc + 0x18
core   0: 3 0x80003ab6 (0x018001ef) x3  0x80003aba
core   0: 0x80003ace (0xff5ff0ef) jal     pc - 0xc
core   0: 3 0x80003ace (0xff5ff0ef) x1  0x80003ad2
core   0: 0x80003ac2 (0x00002829) c.jal   pc + 26
core   0: 3 0x80003ac2 (0x2829) x1  0x80003ac4
core   0: 0x80003adc (0x0000bff9) c.j     pc - 34
core   0: 3 0x80003adc (0xbff9)
core   0: 0x80003aba (0x0000a831) c.j     pc + 28
core   0: 3 0x80003aba (0xa831)
core   0: 0x80003ad6 (0x00003ff5) c.jal   pc - 4
core   0: 3 0x80003ad6 (0x3ff5) x1  0x80003ad8
core   0: 0x80003ad2 (0x00002009) c.jal   pc + 2
core   0: 3 0x80003ad2 (0x2009) x1  0x80003ad4
core   0: 0x80003ad4 (0x00002819) c.jal   pc + 22
core   0: 3 0x80003ad4 (0x2819) x1  0x80003ad6
core   0: 0x80003aea (0x00003fd9) c.jal   pc - 42
core   0: 3 0x80003aea (0x3fd9) x1  0x80003aec
core   0: 0x80003ac0 (0x0000a015) c.j     pc + 36
core   0: 3 0x80003ac0 (0xa015)
core   0: 0x80003ae4 (0xfd9ff0ef) jal     pc - 0x28
core   0: 3 0x80003ae4 (0xfd9ff0ef) x1  0x80003ae8
core   0: 0x80003abc (0x0000a015) c.j     pc + 36
core   0: 3 0x80003abc (0xa015)
core   0: 0x80003ae0 (0x010000ef) jal     pc + 0x10
core   0: 3 0x80003ae0 (0x010000ef) x1  0x80003ae4
core   0: 0x80003af0 (0x0000bfe5) c.j     pc - 8
core   0: 3 0x80003af0 (0xbfe5)
core   0: 0x80003ae8 (0x0000b7cd) c.j     pc - 30
core   0: 3 0x80003ae8 (0xb7cd)
core   0: 0x80003aca (0x00002025) c.jal   pc + 40
core   0: 3 0x80003aca (0x2025) x1  0x80003acc
core   0: 0x80003af2 (0x0000bfd9) c.j     pc - 42
core   0: 3 0x80003af2 (0xbfd9)
core   0: 0x80003ac8 (0x0000bffd) c.j     pc - 2
core   0: 3 0x80003ac8 (0xbffd)
core   0: 0x80003ac6 (0x0000bfe5) c.j     pc - 8
core   0: 3 0x80003ac6 (0xbfe5)
core   0: 0x80003abe (0x0000a039) c.j     pc + 14
core   0: 3 0x80003abe (0xa039)
core   0: 0x80003acc (0x00003fe5) c.jal   pc - 8
core   0: 3 0x80003acc (0x3fe5) x1  0x80003ace
core   0: 0x80003ac4 (0x0000a811) c.j     pc + 20
core   0: 3 0x80003ac4 (0xa811)
core   0: 0x80003ad8 (0x006000ef) jal     pc + 0x6
core   0: 3 0x80003ad8 (0x006000ef) x1  0x80003adc
core   0: 0x80003ade (0x00002039) c.jal   pc + 14
core   0: 3 0x80003ade (0x2039) x1  0x80003ae0
core   0: 0x80003aec (0x0080026f) jal     tp, pc + 0x8
core   0: 3 0x80003aec (0x0080026f) x4  0x80003af0
core   0: 0x80003af4 (0x01347eb3) and     t4, s0, s3
core   0: 3 0x80003af4 (0x01347eb3) x29 0x00000300
core   0: 0x80003af8 (0x026001ef) jal     gp, pc + 0x26
core   0: 3 0x80003af8 (0x026001ef) x3  0x80003afc
core   0: 0x80003b1e (0x0000200d) c.jal   pc + 34
core   0: 3 0x80003b1e (0x200d) x1  0x80003b20
core   0: 0x80003b40 (0xfc3ff0ef) jal     pc - 0x3e
core   0: 3 0x80003b40 (0xfc3ff0ef) x1  0x80003b44
core   0: 0x80003b02 (0x0000a809) c.j     pc + 18
core   0: 3 0x80003b02 (0xa809)
core   0: 0x80003b14 (0x00003ffd) c.jal   pc - 2
core   0: 3 0x80003b14 (0x3ffd) x1  0x80003b16
core   0: 0x80003b12 (0x0000a831) c.j     pc + 28
core   0: 3 0x80003b12 (0xa831)
core   0: 0x80003b2e (0x00003ff1) c.jal   pc - 36
core   0: 3 0x80003b2e (0x3ff1) x1  0x80003b30
core   0: 0x80003b0a (0x0000203d) c.jal   pc + 46
core   0: 3 0x80003b0a (0x203d) x1  0x80003b0c
core   0: 0x80003b38 (0x0000bfcd) c.j     pc - 14
core   0: 3 0x80003b38 (0xbfcd)
core   0: 0x80003b2a (0x01a0036f) jal     t1, pc + 0x1a
core   0: 3 0x80003b2a (0x01a0036f) x6  0x80003b2e
core   0: 0x80003b44 (0x0000bfc9) c.j     pc - 46
core   0: 3 0x80003b44 (0xbfc9)
core   0: 0x80003b16 (0x020000ef) jal     pc + 0x20
core   0: 3 0x80003b16 (0x020000ef) x1  0x80003b1a
core   0: 0x80003b36 (0x000037d5) c.jal   pc - 28
core   0: 3 0x80003b36 (0x37d5) x1  0x80003b38
core   0: 0x80003b1a (0x008000ef) jal     pc + 0x8
core   0: 3 0x80003b1a (0x008000ef) x1  0x80003b1e
core   0: 0x80003b22 (0x0000bfe9) c.j     pc - 38
core   0: 3 0x80003b22 (0xbfe9)
core   0: 0x80003afc (0x00002825) c.jal   pc + 56
core   0: 3 0x80003afc (0x2825) x1  0x80003afe
core   0: 0x80003b34 (0x00003fc5) c.jal   pc - 16
core   0: 3 0x80003b34 (0x3fc5) x1  0x80003b36
core   0: 0x80003b24 (0x00002011) c.jal   pc + 4
core   0: 3 0x80003b24 (0x2011) x1  0x80003b26
core   0: 0x80003b28 (0x00003fe5) c.jal   pc - 8
core   0: 3 0x80003b28 (0x3fe5) x1  0x80003b2a
core   0: 0x80003b20 (0x0000bff9) c.j     pc - 34
core   0: 3 0x80003b20 (0xbff9)
core   0: 0x80003afe (0x0000a021) c.j     pc + 8
core   0: 3 0x80003afe (0xa021)
core   0: 0x80003b06 (0xffbff0ef) jal     pc - 0x6
core   0: 3 0x80003b06 (0xffbff0ef) x1  0x80003b0a
core   0: 0x80003b00 (0x00002031) c.jal   pc + 12
core   0: 3 0x80003b00 (0x2031) x1  0x80003b02
core   0: 0x80003b0c (0x02e0066f) jal     a2, pc + 0x2e
core   0: 3 0x80003b0c (0x02e0066f) x12 0x80003b10
core   0: 0x80003b3a (0x004000ef) jal     pc + 0x4
core   0: 3 0x80003b3a (0x004000ef) x1  0x80003b3e
core   0: 0x80003b3e (0x00003fc9) c.jal   pc - 46
core   0: 3 0x80003b3e (0x3fc9) x1  0x80003b40
core   0: 0x80003b10 (0x0000a819) c.j     pc + 22
core   0: 3 0x80003b10 (0xa819)
core   0: 0x80003b26 (0x0000bff9) c.j     pc - 34
core   0: 3 0x80003b26 (0xbff9)
core   0: 0x80003b04 (0x00002035) c.jal   pc + 44
core   0: 3 0x80003b04 (0x2035) x1  0x80003b06
core   0: 0x80003b30 (0x016000ef) jal     pc + 0x16
core   0: 3 0x80003b30 (0x016000ef) x1  0x80003b34
core   0: 0x80003b46 (0x004000ef) jal     pc + 0x4
core   0: 3 0x80003b46 (0x004000ef) x1  0x80003b4a
core   0: 0x80003b4a (0x4123d833) sra     a6, t2, s2
core   0: 3 0x80003b4a (0x4123d833) x16 0x00000000
core   0: 0x80003b4e (0x024001ef) jal     gp, pc + 0x24
core   0: 3 0x80003b4e (0x024001ef) x3  0x80003b52
core   0: 0x80003b72 (0x00003ffd) c.jal   pc - 2
core   0: 3 0x80003b72 (0x3ffd) x1  0x80003b74
core   0: 0x80003b70 (0x00002021) c.jal   pc + 8
core   0: 3 0x80003b70 (0x2021) x1  0x80003b72
core   0: 0x80003b78 (0x000037cd) c.jal   pc - 30
core   0: 3 0x80003b78 (0x37cd) x1  0x80003b7a
core   0: 0x80003b5a (0x0000a029) c.j     pc + 10
core   0: 3 0x80003b5a (0xa029)
core   0: 0x80003b64 (0x0000a829) c.j     pc + 26
core   0: 3 0x80003b64 (0xa829)
core   0: 0x80003b7e (0x0000bff9) c.j     pc - 34
core   0: 3 0x80003b7e (0xbff9)
core   0: 0x80003b5c (0x0000a839) c.j     pc + 30
core   0: 3 0x80003b5c (0xa839)
core   0: 0x80003b7a (0x00003fed) c.jal   pc - 6
core   0: 3 0x80003b7a (0x3fed) x1  0x80003b7c
core   0: 0x80003b74 (0x000037fd) c.jal   pc - 18
core   0: 3 0x80003b74 (0x37fd) x1  0x80003b76
core   0: 0x80003b62 (0x00003fcd) c.jal   pc - 14
core   0: 3 0x80003b62 (0x3fcd) x1  0x80003b64
core   0: 0x80003b54 (0x00002819) c.jal   pc + 22
core   0: 3 0x80003b54 (0x2819) x1  0x80003b56
core   0: 0x80003b6a (0x0120036f) jal     t1, pc + 0x12
core   0: 3 0x80003b6a (0x0120036f) x6  0x80003b6e
core   0: 0x80003b7c (0x000037cd) c.jal   pc - 30
core   0: 3 0x80003b7c (0x37cd) x1  0x80003b7e
core   0: 0x80003b5e (0x0000bfd5) c.j     pc - 12
core   0: 3 0x80003b5e (0xbfd5)
core   0: 0x80003b52 (0x0000a011) c.j     pc + 4
core   0: 3 0x80003b52 (0xa011)
core   0: 0x80003b56 (0x00002005) c.jal   pc + 32
core   0: 3 0x80003b56 (0x2005) x1  0x80003b58
core   0: 0x80003b76 (0x0000bfc5) c.j     pc - 16
core   0: 3 0x80003b76 (0xbfc5)
core   0: 0x80003b66 (0x0000a829) c.j     pc + 26
core   0: 3 0x80003b66 (0xa829)
core   0: 0x80003b80 (0xfd9ff0ef) jal     pc - 0x28
core   0: 3 0x80003b80 (0xfd9ff0ef) x1  0x80003b84
core   0: 0x80003b58 (0x0000a021) c.j     pc + 8
core   0: 3 0x80003b58 (0xa021)
core   0: 0x80003b60 (0x0000a039) c.j     pc + 14
core   0: 3 0x80003b60 (0xa039)
core   0: 0x80003b6e (0x0000bfed) c.j     pc - 6
core   0: 3 0x80003b6e (0xbfed)
core   0: 0x80003b68 (0x0000a831) c.j     pc + 28
core   0: 3 0x80003b68 (0xa831)
core   0: 0x80003b84 (0x00008775) c.srai  a4, 29
core   0: 3 0x80003b84 (0x8775) x14 0xffffffff
core   0: 0x80003b86 (0x008001ef) jal     gp, pc + 0x8
core   0: 3 0x80003b86 (0x008001ef) x3  0x80003b8a
core   0: 0x80003b8e (0x00002011) c.jal   pc + 4
core   0: 3 0x80003b8e (0x2011) x1  0x80003b90
core   0: 0x80003b92 (0x00002811) c.jal   pc + 20
core   0: 3 0x80003b92 (0x2811) x1  0x80003b94
core   0: 0x80003ba6 (0xff7ff0ef) jal     pc - 0xa
core   0: 3 0x80003ba6 (0xff7ff0ef) x1  0x80003baa
core   0: 0x80003b9c (0xff9ff0ef) jal     pc - 0x8
core   0: 3 0x80003b9c (0xff9ff0ef) x1  0x80003ba0
core   0: 0x80003b94 (0x0000a019) c.j     pc + 6
core   0: 3 0x80003b94 (0xa019)
core   0: 0x80003b9a (0x0000a019) c.j     pc + 6
core   0: 3 0x80003b9a (0xa019)
core   0: 0x80003ba0 (0x00002009) c.jal   pc + 2
core   0: 3 0x80003ba0 (0x2009) x1  0x80003ba2
core   0: 0x80003ba2 (0xff5ff0ef) jal     pc - 0xc
core   0: 3 0x80003ba2 (0xff5ff0ef) x1  0x80003ba6
core   0: 0x80003b96 (0x00003fd5) c.jal   pc - 12
core   0: 3 0x80003b96 (0x3fd5) x1  0x80003b98
core   0: 0x80003b8a (0x006000ef) jal     pc + 0x6
core   0: 3 0x80003b8a (0x006000ef) x1  0x80003b8e
core   0: 0x80003b90 (0x00002829) c.jal   pc + 26
core   0: 3 0x80003b90 (0x2829) x1  0x80003b92
core   0: 0x80003baa (0x0000b7fd) c.j     pc - 18
core   0: 3 0x80003baa (0xb7fd)
core   0: 0x80003b98 (0x0000a811) c.j     pc + 20
core   0: 3 0x80003b98 (0xa811)
core   0: 0x80003bac (0x4184d513) srai    a0, s1, 24
core   0: 3 0x80003bac (0x4184d513) x10 0x00000000
core   0: 0x80003bb0 (0x02a001ef) jal     gp, pc + 0x2a
core   0: 3 0x80003bb0 (0x02a001ef) x3  0x80003bb4
core   0: 0x80003bda (0x00002809) c.jal   pc + 18
core   0: 3 0x80003bda (0x2809) x1  0x80003bdc
core   0: 0x80003bec (0x0000b7e9) c.j     pc - 54
core   0: 3 0x80003bec (0xb7e9)
core   0: 0x80003bb6 (0x0060036f) jal     t1, pc + 0x6
core   0: 3 0x80003bb6 (0x0060036f) x6  0x80003bba
core   0: 0x80003bbc (0x0000a021) c.j     pc + 8
core   0: 3 0x80003bbc (0xa021)
core   0: 0x80003bc4 (0x0180016f) jal     sp, pc + 0x18
core   0: 3 0x80003bc4 (0x0180016f) x2  0x80003bc8
core   0: 0x80003bdc (0x000037cd) c.jal   pc - 30
core   0: 3 0x80003bdc (0x37cd) x1  0x80003bde
core   0: 0x80003bbe (0x0000a821) c.j     pc + 24
core   0: 3 0x80003bbe (0xa821)
core   0: 0x80003bd6 (0x01c000ef) jal     pc + 0x1c
core   0: 3 0x80003bd6 (0x01c000ef) x1  0x80003bda
core   0: 0x80003bf2 (0x00003fe1) c.jal   pc - 40
core   0: 3 0x80003bf2 (0x3fe1) x1  0x80003bf4
core   0: 0x80003bca (0x0000a811) c.j     pc + 20
core   0: 3 0x80003bca (0xa811)
core   0: 0x80003bde (0xfebff26f) jal     tp, pc - 0x16
core   0: 3 0x80003bde (0xfebff26f) x4  0x80003be2
core   0: 0x80003bc8 (0x0000a029) c.j     pc + 10
core   0: 3 0x80003bc8 (0xa029)
core   0: 0x80003bd2 (0x0000b7cd) c.j     pc - 30
core   0: 3 0x80003bd2 (0xb7cd)
core   0: 0x80003bb4 (0x0000a019) c.j     pc + 6
core   0: 3 0x80003bb4 (0xa019)
core   0: 0x80003bba (0x0000a019) c.j     pc + 6
core   0: 3 0x80003bba (0xa019)
core   0: 0x80003bc0 (0x01000b6f) jal     s6, pc + 0x10
core   0: 3 0x80003bc0 (0x01000b6f) x22 0x80003bc4
core   0: 0x80003bd0 (0x0000a015) c.j     pc + 36
core   0: 3 0x80003bd0 (0xa015)
core   0: 0x80003bf4 (0x00003fcd) c.jal   pc - 14
core   0: 3 0x80003bf4 (0x3fcd) x1  0x80003bf6
core   0: 0x80003be6 (0xfefff0ef) jal     pc - 0x12
core   0: 3 0x80003be6 (0xfefff0ef) x1  0x80003bea
core   0: 0x80003bd4 (0x00002819) c.jal   pc + 22
core   0: 3 0x80003bd4 (0x2819) x1  0x80003bd6
core   0: 0x80003bea (0x00002011) c.jal   pc + 4
core   0: 3 0x80003bea (0x2011) x1  0x80003bec
core   0: 0x80003bee (0xff5ff1ef) jal     gp, pc - 0xc
core   0: 3 0x80003bee (0xff5ff1ef) x3  0x80003bf2
core   0: 0x80003be2 (0xfebff7ef) jal     a5, pc - 0x16
core   0: 3 0x80003be2 (0xfebff7ef) x15 0x80003be6
core   0: 0x80003bcc (0x02a00c6f) jal     s8, pc + 0x2a
core   0: 3 0x80003bcc (0x02a00c6f) x24 0x80003bd0
core   0: 0x80003bf6 (0x00009e3a) c.add   t3, a4
core   0: 3 0x80003bf6 (0x9e3a) x28 0x80003601
core   0: 0x80003bf8 (0x038001ef) jal     gp, pc + 0x38
core   0: 3 0x80003bf8 (0x038001ef) x3  0x80003bfc
core   0: 0x80003c30 (0xfd3ff0ef) jal     pc - 0x2e
core   0: 3 0x80003c30 (0xfd3ff0ef) x1  0x80003c34
core   0: 0x80003c02 (0x02a000ef) jal     pc + 0x2a
core   0: 3 0x80003c02 (0x02a000ef) x1  0x80003c06
core   0: 0x80003c2c (0x0000bfd1) c.j     pc - 44
core   0: 3 0x80003c2c (0xbfd1)
core   0: 0x80003c00 (0x0000a81d) c.j     pc + 54
core   0: 3 0x80003c00 (0xa81d)
core   0: 0x80003c36 (0x00003ff9) c.jal   pc - 34
core   0: 3 0x80003c36 (0x3ff9) x1  0x80003c38
core   0: 0x80003c14 (0x00002039) c.jal   pc + 14
core   0: 3 0x80003c14 (0x2039) x1  0x80003c16
core   0: 0x80003c22 (0xfddff0ef) jal     pc - 0x24
core   0: 3 0x80003c22 (0xfddff0ef) x1  0x80003c26
core   0: 0x80003bfe (0x00002025) c.jal   pc + 40
core   0: 3 0x80003bfe (0x2025) x1  0x80003c00
core   0: 0x80003c26 (0xfd7ff0ef) jal     pc - 0x2a
core   0: 3 0x80003c26 (0xfd7ff0ef) x1  0x80003c2a
core   0: 0x80003bfc (0x0000a039) c.j     pc + 14
core   0: 3 0x80003bfc (0xa039)
core   0: 0x80003c0a (0x0000a015) c.j     pc + 36
core   0: 3 0x80003c0a (0xa015)
core   0: 0x80003c2e (0x00003ff5) c.jal   pc - 4
core   0: 3 0x80003c2e (0x3ff5) x1  0x80003c30
core   0: 0x80003c2a (0x0000b7cd) c.j     pc - 30
core   0: 3 0x80003c2a (0xb7cd)
core   0: 0x80003c0c (0x00c00aef) jal     s5, pc + 0xc
core   0: 3 0x80003c0c (0x00c00aef) x21 0x80003c10
core   0: 0x80003c18 (0xffbff0ef) jal     pc - 0x6
core   0: 3 0x80003c18 (0xffbff0ef) x1  0x80003c1c
core   0: 0x80003c12 (0x00003ffd) c.jal   pc - 2
core   0: 3 0x80003c12 (0x3ffd) x1  0x80003c14
core   0: 0x80003c10 (0x0000a039) c.j     pc + 14
core   0: 3 0x80003c10 (0xa039)
core   0: 0x80003c1e (0xfe9ff16f) jal     sp, pc - 0x18
core   0: 3 0x80003c1e (0xfe9ff16f) x2  0x80003c22
core   0: 0x80003c06 (0x00002801) c.jal   pc + 16
core   0: 3 0x80003c06 (0x2801) x1  0x80003c08
core   0: 0x80003c16 (0x00002839) c.jal   pc + 30
core   0: 3 0x80003c16 (0x2839) x1  0x80003c18
core   0: 0x80003c34 (0x0000b7e5) c.j     pc - 24
core   0: 3 0x80003c34 (0xb7e5)
core   0: 0x80003c1c (0x000037f5) c.jal   pc - 20
core   0: 3 0x80003c1c (0x37f5) x1  0x80003c1e
core   0: 0x80003c08 (0x00002805) c.jal   pc + 48
core   0: 3 0x80003c08 (0x2805) x1  0x80003c0a
core   0: 0x80003c38 (0x00000001) c.nop
core   0: 3 0x80003c38 (0x0001)
core   0: 0x80003c3a (0x006001ef) jal     gp, pc + 0x6
core   0: 3 0x80003c3a (0x006001ef) x3  0x80003c3e
core   0: 0x80003c40 (0x00003ffd) c.jal   pc - 2
core   0: 3 0x80003c40 (0x3ffd) x1  0x80003c42
core   0: 0x80003c3e (0x0000a011) c.j     pc + 4
core   0: 3 0x80003c3e (0xa011)
core   0: 0x80003c42 (0x00002011) c.jal   pc + 4
core   0: 3 0x80003c42 (0x2011) x1  0x80003c44
core   0: 0x80003c46 (0x00002011) c.jal   pc + 4
core   0: 3 0x80003c46 (0x2011) x1  0x80003c48
core   0: 0x80003c4a (0x00003fed) c.jal   pc - 6
core   0: 3 0x80003c4a (0x3fed) x1  0x80003c4c
core   0: 0x80003c44 (0x00002811) c.jal   pc + 20
core   0: 3 0x80003c44 (0x2811) x1  0x80003c46
core   0: 0x80003c58 (0x00002009) c.jal   pc + 2
core   0: 3 0x80003c58 (0x2009) x1  0x80003c5a
core   0: 0x80003c5a (0x0000bfdd) c.j     pc - 10
core   0: 3 0x80003c5a (0xbfdd)
core   0: 0x80003c50 (0xff9ff36f) jal     t1, pc - 0x8
core   0: 3 0x80003c50 (0xff9ff36f) x6  0x80003c54
core   0: 0x80003c48 (0x00002811) c.jal   pc + 20
core   0: 3 0x80003c48 (0x2811) x1  0x80003c4a
core   0: 0x80003c5c (0x0000a009) c.j     pc + 2
core   0: 3 0x80003c5c (0xa009)
core   0: 0x80003c5e (0x0000bfdd) c.j     pc - 10
core   0: 3 0x80003c5e (0xbfdd)
core   0: 0x80003c54 (0xff9ff0ef) jal     pc - 0x8
core   0: 3 0x80003c54 (0xff9ff0ef) x1  0x80003c58
core   0: 0x80003c4c (0x01400fef) jal     t6, pc + 0x14
core   0: 3 0x80003c4c (0x01400fef) x31 0x80003c50
core   0: 0x80003c60 (0x340ed1f3) csrrwi  gp, mscratch, 29
core   0: 3 0x80003c60 (0x340ed1f3) x3  0x00000007 c832_mscratch 0x0000001d
core   0: 0x80003c64 (0x018001ef) jal     gp, pc + 0x18
core   0: 3 0x80003c64 (0x018001ef) x3  0x80003c68
core   0: 0x80003c7c (0x01a000ef) jal     pc + 0x1a
core   0: 3 0x80003c7c (0x01a000ef) x1  0x80003c80
core   0: 0x80003c96 (0xfdfff0ef) jal     pc - 0x22
core   0: 3 0x80003c96 (0xfdfff0ef) x1  0x80003c9a
core   0: 0x80003c74 (0x00002801) c.jal   pc + 16
core   0: 3 0x80003c74 (0x2801) x1  0x80003c76
core   0: 0x80003c84 (0xff5ff36f) jal     t1, pc - 0xc
core   0: 3 0x80003c84 (0xff5ff36f) x6  0x80003c88
core   0: 0x80003c78 (0xfffff2ef) jal     t0, pc - 0x2
core   0: 3 0x80003c78 (0xfffff2ef) x5  0x80003c7c
core   0: 0x80003c76 (0x0000201d) c.jal   pc + 38
core   0: 3 0x80003c76 (0x201d) x1  0x80003c78
core   0: 0x80003c9c (0x0000b7f1) c.j     pc - 52
core   0: 3 0x80003c9c (0xb7f1)
core   0: 0x80003c68 (0x0000a029) c.j     pc + 10
core   0: 3 0x80003c68 (0xa029)
core   0: 0x80003c72 (0x00002005) c.jal   pc + 32
core   0: 3 0x80003c72 (0x2005) x1  0x80003c74
core   0: 0x80003c92 (0xff7ff0ef) jal     pc - 0xa
core   0: 3 0x80003c92 (0xff7ff0ef) x1  0x80003c96
core   0: 0x80003c88 (0x01e00e6f) jal     t3, pc + 0x1e
core   0: 3 0x80003c88 (0x01e00e6f) x28 0x80003c8c
core   0: 0x80003ca6 (0xfc9ff16f) jal     sp, pc - 0x38
core   0: 3 0x80003ca6 (0xfc9ff16f) x2  0x80003caa
core   0: 0x80003c6e (0x030000ef) jal     pc + 0x30
core   0: 3 0x80003c6e (0x030000ef) x1  0x80003c72
core   0: 0x80003c9e (0x00002009) c.jal   pc + 2
core   0: 3 0x80003c9e (0x2009) x1  0x80003ca0
core   0: 0x80003ca0 (0xfcdff16f) jal     sp, pc - 0x34
core   0: 3 0x80003ca0 (0xfcdff16f) x2  0x80003ca4
core   0: 0x80003c6c (0x0000200d) c.jal   pc + 34
core   0: 3 0x80003c6c (0x200d) x1  0x80003c6e
core   0: 0x80003c8e (0x00003ffd) c.jal   pc - 2
core   0: 3 0x80003c8e (0x3ffd) x1  0x80003c90
core   0: 0x80003c8c (0x0000a039) c.j     pc + 14
core   0: 3 0x80003c8c (0xa039)
core   0: 0x80003c9a (0x00002029) c.jal   pc + 10
core   0: 3 0x80003c9a (0x2029) x1  0x80003c9c
core   0: 0x80003ca4 (0x00003ff1) c.jal   pc - 36
core   0: 3 0x80003ca4 (0x3ff1) x1  0x80003ca6
core   0: 0x80003c80 (0x010001ef) jal     gp, pc + 0x10
core   0: 3 0x80003c80 (0x010001ef) x3  0x80003c84
core   0: 0x80003c90 (0x00003fe9) c.jal   pc - 38
core   0: 3 0x80003c90 (0x3fe9) x1  0x80003c92
core   0: 0x80003c6a (0x00002081) c.jal   pc + 64
core   0: 3 0x80003c6a (0x2081) x1  0x80003c6c
core   0: 0x80003caa (0x00008fb1) c.xor   a5, a2
core   0: 3 0x80003caa (0x8fb1) x15 0x000000f6
core   0: 0x80003cac (0x03e001ef) jal     gp, pc + 0x3e
core   0: 3 0x80003cac (0x03e001ef) x3  0x80003cb0
core   0: 0x80003cea (0x0000a801) c.j     pc + 16
core   0: 3 0x80003cea (0xa801)
core   0: 0x80003cfa (0x00003fcd) c.jal   pc - 14
core   0: 3 0x80003cfa (0x3fcd) x1  0x80003cfc
core   0: 0x80003cec (0xff1ff1ef) jal     gp, pc - 0x10
core   0: 3 0x80003cec (0xff1ff1ef) x3  0x80003cf0
core   0: 0x80003cdc (0x0000b7f5) c.j     pc - 20
core   0: 3 0x80003cdc (0xb7f5)
core   0: 0x80003cc8 (0x0000a031) c.j     pc + 12
core   0: 3 0x80003cc8 (0xa031)
core   0: 0x80003cd4 (0xfe3ff36f) jal     t1, pc - 0x1e
core   0: 3 0x80003cd4 (0xfe3ff36f) x6  0x80003cd8
core   0: 0x80003cb6 (0xffbff36f) jal     t1, pc - 0x6
core   0: 3 0x80003cb6 (0xffbff36f) x6  0x80003cba
core   0: 0x80003cb0 (0x0000a031) c.j     pc + 12
core   0: 3 0x80003cb0 (0xa031)
core   0: 0x80003cbc (0x0000201d) c.jal   pc + 38
core   0: 3 0x80003cbc (0x201d) x1  0x80003cbe
core   0: 0x80003ce2 (0x0000b7f5) c.j     pc - 20
core   0: 3 0x80003ce2 (0xb7f5)
core   0: 0x80003cce (0x0000a031) c.j     pc + 12
core   0: 3 0x80003cce (0xa031)
core   0: 0x80003cda (0x000037ed) c.jal   pc - 22
core   0: 3 0x80003cda (0x37ed) x1  0x80003cdc
core   0: 0x80003cc4 (0x0000a019) c.j     pc + 6
core   0: 3 0x80003cc4 (0xa019)
core   0: 0x80003cca (0x00e000ef) jal     pc + 0xe
core   0: 3 0x80003cca (0x00e000ef) x1  0x80003cce
core   0: 0x80003cd8 (0x0000a829) c.j     pc + 26
core   0: 3 0x80003cd8 (0xa829)
core   0: 0x80003cf2 (0x0060036f) jal     t1, pc + 0x6
core   0: 3 0x80003cf2 (0x0060036f) x6  0x80003cf6
core   0: 0x80003cf8 (0x000037f5) c.jal   pc - 20
core   0: 3 0x80003cf8 (0x37f5) x1  0x80003cfa
core   0: 0x80003ce4 (0x0000bff9) c.j     pc - 34
core   0: 3 0x80003ce4 (0xbff9)
core   0: 0x80003cc2 (0x0000bff5) c.j     pc - 4
core   0: 3 0x80003cc2 (0xbff5)
core   0: 0x80003cbe (0x0000a021) c.j     pc + 8
core   0: 3 0x80003cbe (0xa021)
core   0: 0x80003cc6 (0x00002029) c.jal   pc + 10
core   0: 3 0x80003cc6 (0x2029) x1  0x80003cc8
core   0: 0x80003cd0 (0xfe3ff0ef) jal     pc - 0x1e
core   0: 3 0x80003cd0 (0xfe3ff0ef) x1  0x80003cd4
core   0: 0x80003cb2 (0x02c0096f) jal     s2, pc + 0x2c
core   0: 3 0x80003cb2 (0x02c0096f) x18 0x80003cb6
core   0: 0x80003cde (0x00003ff1) c.jal   pc - 36
core   0: 3 0x80003cde (0x3ff1) x1  0x80003ce0
core   0: 0x80003cba (0x00002835) c.jal   pc + 60
core   0: 3 0x80003cba (0x2835) x1  0x80003cbc
core   0: 0x80003cf6 (0x00003fed) c.jal   pc - 6
core   0: 3 0x80003cf6 (0x3fed) x1  0x80003cf8
core   0: 0x80003cf0 (0x0000bfc5) c.j     pc - 16
core   0: 3 0x80003cf0 (0xbfc5)
core   0: 0x80003ce0 (0x00002019) c.jal   pc + 6
core   0: 3 0x80003ce0 (0x2019) x1  0x80003ce2
core   0: 0x80003ce6 (0xfdbff0ef) jal     pc - 0x26
core   0: 3 0x80003ce6 (0xfdbff0ef) x1  0x80003cea
core   0: 0x80003cc0 (0x0000a835) c.j     pc + 60
core   0: 3 0x80003cc0 (0xa835)
core   0: 0x80003cfc (0x01be9033) sll     zero, t4, s11
core   0: 3 0x80003cfc (0x01be9033)
core   0: 0x80003d00 (0x010001ef) jal     gp, pc + 0x10
core   0: 3 0x80003d00 (0x010001ef) x3  0x80003d04
core   0: 0x80003d10 (0x0000bfed) c.j     pc - 6
core   0: 3 0x80003d10 (0xbfed)
core   0: 0x80003d0a (0x00002021) c.jal   pc + 8
core   0: 3 0x80003d0a (0x2021) x1  0x80003d0c
core   0: 0x80003d12 (0x00002009) c.jal   pc + 2
core   0: 3 0x80003d12 (0x2009) x1  0x80003d14
core   0: 0x80003d14 (0xff9ff0ef) jal     pc - 0x8
core   0: 3 0x80003d14 (0xff9ff0ef) x1  0x80003d18
core   0: 0x80003d0c (0xff9ff36f) jal     t1, pc - 0x8
core   0: 3 0x80003d0c (0xff9ff36f) x6  0x80003d10
core   0: 0x80003d04 (0x026002ef) jal     t0, pc + 0x26
core   0: 3 0x80003d04 (0x026002ef) x5  0x80003d08
core   0: 0x80003d2a (0x0000bfe5) c.j     pc - 8
core   0: 3 0x80003d2a (0xbfe5)
core   0: 0x80003d22 (0xff9ff7ef) jal     a5, pc - 0x8
core   0: 3 0x80003d22 (0xff9ff7ef) x15 0x80003d26
core   0: 0x80003d1a (0x0000b7fd) c.j     pc - 18
core   0: 3 0x80003d1a (0xb7fd)
core   0: 0x80003d08 (0x00002839) c.jal   pc + 30
core   0: 3 0x80003d08 (0x2839) x1  0x80003d0a
core   0: 0x80003d26 (0x006000ef) jal     pc + 0x6
core   0: 3 0x80003d26 (0x006000ef) x1  0x80003d2a
core   0: 0x80003d2c (0x0040036f) jal     t1, pc + 0x4
core   0: 3 0x80003d2c (0x0040036f) x6  0x80003d30
core   0: 0x80003d30 (0xfefff36f) jal     t1, pc - 0x12
core   0: 3 0x80003d30 (0xfefff36f) x6  0x80003d34
core   0: 0x80003d1e (0xfffffa6f) jal     s4, pc - 0x2
core   0: 3 0x80003d1e (0xfffffa6f) x20 0x80003d22
core   0: 0x80003d1c (0x0000bff5) c.j     pc - 4
core   0: 3 0x80003d1c (0xbff5)
core   0: 0x80003d18 (0x0000a831) c.j     pc + 28
core   0: 3 0x80003d18 (0xa831)
core   0: 0x80003d34 (0x02792733) mulhsu  a4, s2, t2
core   0: 3 0x80003d34 (0x02792733) x14 0x00000000
core   0: 0x80003d38 (0x010001ef) jal     gp, pc + 0x10
core   0: 3 0x80003d38 (0x010001ef) x3  0x80003d3c
core   0: 0x80003d48 (0x0000bfdd) c.j     pc - 10
core   0: 3 0x80003d48 (0xbfdd)
core   0: 0x80003d3e (0x0000200d) c.jal   pc + 34
core   0: 3 0x80003d3e (0x200d) x1  0x80003d40
core   0: 0x80003d60 (0x00003fdd) c.jal   pc - 10
core   0: 3 0x80003d60 (0x3fdd) x1  0x80003d62
core   0: 0x80003d56 (0x00003fd5) c.jal   pc - 12
core   0: 3 0x80003d56 (0x3fd5) x1  0x80003d58
core   0: 0x80003d4a (0x0000bff5) c.j     pc - 4
core   0: 3 0x80003d4a (0xbff5)
core   0: 0x80003d46 (0x00002809) c.jal   pc + 18
core   0: 3 0x80003d46 (0x2809) x1  0x80003d48
core   0: 0x80003d58 (0x0000b7e5) c.j     pc - 24
core   0: 3 0x80003d58 (0xb7e5)
core   0: 0x80003d40 (0x0000bff5) c.j     pc - 4
core   0: 3 0x80003d40 (0xbff5)
core   0: 0x80003d3c (0x0000a811) c.j     pc + 20
core   0: 3 0x80003d3c (0xa811)
core   0: 0x80003d50 (0x0000a039) c.j     pc + 14
core   0: 3 0x80003d50 (0xa039)
core   0: 0x80003d5e (0x00003fd5) c.jal   pc - 12
core   0: 3 0x80003d5e (0x3fd5) x1  0x80003d60
core   0: 0x80003d52 (0x00002009) c.jal   pc + 2
core   0: 3 0x80003d52 (0x2009) x1  0x80003d54
core   0: 0x80003d54 (0x0000a019) c.j     pc + 6
core   0: 3 0x80003d54 (0xa019)
core   0: 0x80003d5a (0x000037ed) c.jal   pc - 22
core   0: 3 0x80003d5a (0x37ed) x1  0x80003d5c
core   0: 0x80003d44 (0x00002021) c.jal   pc + 8
core   0: 3 0x80003d44 (0x2021) x1  0x80003d46
core   0: 0x80003d4c (0x00002009) c.jal   pc + 2
core   0: 3 0x80003d4c (0x2009) x1  0x80003d4e
core   0: 0x80003d4e (0x0000bfd5) c.j     pc - 12
core   0: 3 0x80003d4e (0xbfd5)
core   0: 0x80003d42 (0x0000a829) c.j     pc + 26
core   0: 3 0x80003d42 (0xa829)
core   0: 0x80003d5c (0x00002019) c.jal   pc + 6
core   0: 3 0x80003d5c (0x2019) x1  0x80003d5e
core   0: 0x80003d62 (0xa3e24b93) xori    s7, tp, -1474
core   0: 3 0x80003d62 (0xa3e24b93) x23 0x7fffc1dc
core   0: 0x80003d66 (0x018001ef) jal     gp, pc + 0x18
core   0: 3 0x80003d66 (0x018001ef) x3  0x80003d6a
core   0: 0x80003d7e (0xff9ff0ef) jal     pc - 0x8
core   0: 3 0x80003d7e (0xff9ff0ef) x1  0x80003d82
core   0: 0x80003d76 (0x00002011) c.jal   pc + 4
core   0: 3 0x80003d76 (0x2011) x1  0x80003d78
core   0: 0x80003d7a (0x0000bfc5) c.j     pc - 16
core   0: 3 0x80003d7a (0xbfc5)
core   0: 0x80003d6a (0x0000a039) c.j     pc + 14
core   0: 3 0x80003d6a (0xa039)
core   0: 0x80003d78 (0x00003ff5) c.jal   pc - 4
core   0: 3 0x80003d78 (0x3ff5) x1  0x80003d7a
core   0: 0x80003d74 (0x00002809) c.jal   pc + 18
core   0: 3 0x80003d74 (0x2809) x1  0x80003d76
core   0: 0x80003d86 (0x00a004ef) jal     s1, pc + 0xa
core   0: 3 0x80003d86 (0x00a004ef) x9  0x80003d8a
core   0: 0x80003d90 (0x0000a019) c.j     pc + 6
core   0: 3 0x80003d90 (0xa019)
core   0: 0x80003d96 (0x00003ff1) c.jal   pc - 36
core   0: 3 0x80003d96 (0x3ff1) x1  0x80003d98
core   0: 0x80003d72 (0x00002821) c.jal   pc + 24
core   0: 3 0x80003d72 (0x2821) x1  0x80003d74
core   0: 0x80003d8a (0x0000a021) c.j     pc + 8
core   0: 3 0x80003d8a (0xa021)
core   0: 0x80003d92 (0xfebff7ef) jal     a5, pc - 0x16
core   0: 3 0x80003d92 (0xfebff7ef) x15 0x80003d96
core   0: 0x80003d7c (0x00002021) c.jal   pc + 8
core   0: 3 0x80003d7c (0x2021) x1  0x80003d7e
core   0: 0x80003d84 (0x0000a021) c.j     pc + 8
core   0: 3 0x80003d84 (0xa021)
core   0: 0x80003d8c (0x00c000ef) jal     pc + 0xc
core   0: 3 0x80003d8c (0x00c000ef) x1  0x80003d90
core   0: 0x80003d98 (0xfd9ff0ef) jal     pc - 0x28
core   0: 3 0x80003d98 (0xfd9ff0ef) x1  0x80003d9c
core   0: 0x80003d70 (0x00003ff5) c.jal   pc - 4
core   0: 3 0x80003d70 (0x3ff5) x1  0x80003d72
core   0: 0x80003d6c (0x016000ef) jal     pc + 0x16
core   0: 3 0x80003d6c (0x016000ef) x1  0x80003d70
core   0: 0x80003d82 (0x0000a829) c.j     pc + 26
core   0: 3 0x80003d82 (0xa829)
core   0: 0x80003d9c (0x34006573) csrrsi  a0, mscratch, 0
core   0: 3 0x80003d9c (0x34006573) x10 0x0000001d
core   0: 0x80003da0 (0x00c001ef) jal     gp, pc + 0xc
core   0: 3 0x80003da0 (0x00c001ef) x3  0x80003da4
core   0: 0x80003dac (0x00002031) c.jal   pc + 12
core   0: 3 0x80003dac (0x2031) x1  0x80003dae
core   0: 0x80003db8 (0x0000a009) c.j     pc + 2
core   0: 3 0x80003db8 (0xa009)
core   0: 0x80003dba (0x0080026f) jal     tp, pc + 0x8
core   0: 3 0x80003dba (0x0080026f) x4  0x80003dbe
core   0: 0x80003dc2 (0x00003fd5) c.jal   pc - 12
core   0: 3 0x80003dc2 (0x3fd5) x1  0x80003dc4
core   0: 0x80003db6 (0x0000b7fd) c.j     pc - 18
core   0: 3 0x80003db6 (0xb7fd)
core   0: 0x80003da4 (0x00a000ef) jal     pc + 0xa
core   0: 3 0x80003da4 (0x00a000ef) x1  0x80003da8
core   0: 0x80003dae (0x00002801) c.jal   pc + 16
core   0: 3 0x80003dae (0x2801) x1  0x80003db0
core   0: 0x80003dbe (0xff3ff36f) jal     t1, pc - 0xe
core   0: 3 0x80003dbe (0xff3ff36f) x6  0x80003dc2
core   0: 0x80003db0 (0xff9ff9ef) jal     s3, pc - 0x8
core   0: 3 0x80003db0 (0xff9ff9ef) x19 0x80003db4
core   0: 0x80003da8 (0x0000a031) c.j     pc + 12
core   0: 3 0x80003da8 (0xa031)
core   0: 0x80003db4 (0x0000bfdd) c.j     pc - 10
core   0: 3 0x80003db4 (0xbfdd)
core   0: 0x80003daa (0x00002829) c.jal   pc + 26
core   0: 3 0x80003daa (0x2829) x1  0x80003dac
core   0: 0x80003dc4 (0x00006175) c.addi16sp sp, 368
core   0: 3 0x80003dc4 (0x6175) x2  0x80003e14
core   0: 0x80003dc6 (0x010001ef) jal     gp, pc + 0x10
core   0: 3 0x80003dc6 (0x010001ef) x3  0x80003dca
core   0: 0x80003dd6 (0x0000bfe5) c.j     pc - 8
core   0: 3 0x80003dd6 (0xbfe5)
core   0: 0x80003dce (0x00002839) c.jal   pc + 30
core   0: 3 0x80003dce (0x2839) x1  0x80003dd0
core   0: 0x80003dec (0x0000bfe5) c.j     pc - 8
core   0: 3 0x80003dec (0xbfe5)
core   0: 0x80003de4 (0x00a000ef) jal     pc + 0xa
core   0: 3 0x80003de4 (0x00a000ef) x1  0x80003de8
core   0: 0x80003dee (0x0000b7f5) c.j     pc - 20
core   0: 3 0x80003dee (0xb7f5)
core   0: 0x80003dda (0x00002011) c.jal   pc + 4
core   0: 3 0x80003dda (0x2011) x1  0x80003ddc
core   0: 0x80003dde (0x0000a819) c.j     pc + 22
core   0: 3 0x80003dde (0xa819)
core   0: 0x80003df4 (0x0000bfe1) c.j     pc - 40
core   0: 3 0x80003df4 (0xbfe1)
core   0: 0x80003dcc (0x0000a801) c.j     pc + 16
core   0: 3 0x80003dcc (0xa801)
core   0: 0x80003ddc (0x0000a011) c.j     pc + 4
core   0: 3 0x80003ddc (0xa011)
core   0: 0x80003de0 (0x00002009) c.jal   pc + 2
core   0: 3 0x80003de0 (0x2009) x1  0x80003de2
core   0: 0x80003de2 (0x0000a039) c.j     pc + 14
core   0: 3 0x80003de2 (0xa039)
core   0: 0x80003df0 (0xffbff26f) jal     tp, pc - 0x6
core   0: 3 0x80003df0 (0xffbff26f) x4  0x80003df4
core   0: 0x80003dea (0x000037fd) c.jal   pc - 18
core   0: 3 0x80003dea (0x37fd) x1  0x80003dec
core   0: 0x80003dd8 (0x00002839) c.jal   pc + 30
core   0: 3 0x80003dd8 (0x2839) x1  0x80003dda
core   0: 0x80003df6 (0xfd5ff0ef) jal     pc - 0x2c
core   0: 3 0x80003df6 (0xfd5ff0ef) x1  0x80003dfa
core   0: 0x80003dca (0x00002021) c.jal   pc + 8
core   0: 3 0x80003dca (0x2021) x1  0x80003dcc
core   0: 0x80003dd2 (0x0000a819) c.j     pc + 22
core   0: 3 0x80003dd2 (0xa819)
core   0: 0x80003de8 (0x000037f5) c.jal   pc - 20
core   0: 3 0x80003de8 (0x37f5) x1  0x80003dea
core   0: 0x80003dd4 (0x00003ff5) c.jal   pc - 4
core   0: 3 0x80003dd4 (0x3ff5) x1  0x80003dd6
core   0: 0x80003dd0 (0x0000202d) c.jal   pc + 42
core   0: 3 0x80003dd0 (0x202d) x1  0x80003dd2
core   0: 0x80003dfa (0x0283e1b3) rem     gp, t2, s0
core   0: 3 0x80003dfa (0x0283e1b3) x3  0x00000000
core   0: 0x80003dfe (0x03c001ef) jal     gp, pc + 0x3c
core   0: 3 0x80003dfe (0x03c001ef) x3  0x80003e02
core   0: 0x80003e3a (0x0000bfc1) c.j     pc - 48
core   0: 3 0x80003e3a (0xbfc1)
core   0: 0x80003e0a (0xfffff36f) jal     t1, pc - 0x2
core   0: 3 0x80003e0a (0xfffff36f) x6  0x80003e0e
core   0: 0x80003e08 (0x0000a005) c.j     pc + 32
core   0: 3 0x80003e08 (0xa005)
core   0: 0x80003e28 (0x0000bff1) c.j     pc - 36
core   0: 3 0x80003e28 (0xbff1)
core   0: 0x80003e04 (0x0000a821) c.j     pc + 24
core   0: 3 0x80003e04 (0xa821)
core   0: 0x80003e1c (0x00002019) c.jal   pc + 6
core   0: 3 0x80003e1c (0x2019) x1  0x80003e1e
core   0: 0x80003e22 (0x0000a011) c.j     pc + 4
core   0: 3 0x80003e22 (0xa011)
core   0: 0x80003e26 (0x0000b7ed) c.j     pc - 22
core   0: 3 0x80003e26 (0xb7ed)
core   0: 0x80003e10 (0x0000a035) c.j     pc + 44
core   0: 3 0x80003e10 (0xa035)
core   0: 0x80003e3c (0xffbff36f) jal     t1, pc - 0x6
core   0: 3 0x80003e3c (0xffbff36f) x6  0x80003e40
core   0: 0x80003e36 (0xfd1ff36f) jal     t1, pc - 0x30
core   0: 3 0x80003e36 (0xfd1ff36f) x6  0x80003e3a
core   0: 0x80003e06 (0x00002035) c.jal   pc + 44
core   0: 3 0x80003e06 (0x2035) x1  0x80003e08
core   0: 0x80003e32 (0x00003fc1) c.jal   pc - 48
core   0: 3 0x80003e32 (0x3fc1) x1  0x80003e34
core   0: 0x80003e02 (0x00002831) c.jal   pc + 28
core   0: 3 0x80003e02 (0x2831) x1  0x80003e04
core   0: 0x80003e1e (0x02400def) jal     s11, pc + 0x24
core   0: 3 0x80003e1e (0x02400def) x27 0x80003e22
core   0: 0x80003e42 (0xfcdff0ef) jal     pc - 0x34
core   0: 3 0x80003e42 (0xfcdff0ef) x1  0x80003e46
core   0: 0x80003e0e (0x0000a011) c.j     pc + 4
core   0: 3 0x80003e0e (0xa011)
core   0: 0x80003e12 (0x0000200d) c.jal   pc + 34
core   0: 3 0x80003e12 (0x200d) x1  0x80003e14
core   0: 0x80003e34 (0x0000a031) c.j     pc + 12
core   0: 3 0x80003e34 (0xa031)
core   0: 0x80003e40 (0x000037fd) c.jal   pc - 18
core   0: 3 0x80003e40 (0x37fd) x1  0x80003e42
core   0: 0x80003e2e (0x0000bfdd) c.j     pc - 10
core   0: 3 0x80003e2e (0xbfdd)
core   0: 0x80003e24 (0x00003fd5) c.jal   pc - 12
core   0: 3 0x80003e24 (0x3fd5) x1  0x80003e26
core   0: 0x80003e18 (0xffdff0ef) jal     pc - 0x4
core   0: 3 0x80003e18 (0xffdff0ef) x1  0x80003e1c
core   0: 0x80003e14 (0x016000ef) jal     pc + 0x16
core   0: 3 0x80003e14 (0x016000ef) x1  0x80003e18
core   0: 0x80003e2a (0x006000ef) jal     pc + 0x6
core   0: 3 0x80003e2a (0x006000ef) x1  0x80003e2e
core   0: 0x80003e30 (0x00002819) c.jal   pc + 22
core   0: 3 0x80003e30 (0x2819) x1  0x80003e32
core   0: 0x80003e46 (0xe3c2f993) andi    s3, t0, -452
core   0: 3 0x80003e46 (0xe3c2f993) x19 0x80003c08
core   0: 0x80003e4a (0x008001ef) jal     gp, pc + 0x8
core   0: 3 0x80003e4a (0x008001ef) x3  0x80003e4e
core   0: 0x80003e52 (0x0000200d) c.jal   pc + 34
core   0: 3 0x80003e52 (0x200d) x1  0x80003e54
core   0: 0x80003e74 (0xff9ff0ef) jal     pc - 0x8
core   0: 3 0x80003e74 (0xff9ff0ef) x1  0x80003e78
core   0: 0x80003e6c (0xffbff0ef) jal     pc - 0x6
core   0: 3 0x80003e6c (0xffbff0ef) x1  0x80003e70
core   0: 0x80003e66 (0x00003fdd) c.jal   pc - 10
core   0: 3 0x80003e66 (0x3fdd) x1  0x80003e68
core   0: 0x80003e5c (0x0000bff5) c.j     pc - 4
core   0: 3 0x80003e5c (0xbff5)
core   0: 0x80003e58 (0x00002019) c.jal   pc + 6
core   0: 3 0x80003e58 (0x2019) x1  0x80003e5a
core   0: 0x80003e5e (0xffdff0ef) jal     pc - 0x4
core   0: 3 0x80003e5e (0xffdff0ef) x1  0x80003e62
core   0: 0x80003e5a (0x0000bfd5) c.j     pc - 12
core   0: 3 0x80003e5a (0xbfd5)
core   0: 0x80003e4e (0x00002829) c.jal   pc + 26
core   0: 3 0x80003e4e (0x2829) x1  0x80003e50
core   0: 0x80003e68 (0x008000ef) jal     pc + 0x8
core   0: 3 0x80003e68 (0x008000ef) x1  0x80003e6c
core   0: 0x80003e70 (0xfe1ff0ef) jal     pc - 0x20
core   0: 3 0x80003e70 (0xfe1ff0ef) x1  0x80003e74
core   0: 0x80003e50 (0x0000a011) c.j     pc + 4
core   0: 3 0x80003e50 (0xa011)
core   0: 0x80003e54 (0x00002039) c.jal   pc + 14
core   0: 3 0x80003e54 (0x2039) x1  0x80003e56
core   0: 0x80003e62 (0xff5ff36f) jal     t1, pc - 0xc
core   0: 3 0x80003e62 (0xff5ff36f) x6  0x80003e66
core   0: 0x80003e56 (0x0000200d) c.jal   pc + 34
core   0: 3 0x80003e56 (0x200d) x1  0x80003e58
core   0: 0x80003e78 (0x34002f73) csrr    t5, mscratch
core   0: 3 0x80003e78 (0x34002f73) x30 0x0000001d
core   0: 0x80003e7c (0x006001ef) jal     gp, pc + 0x6
core   0: 3 0x80003e7c (0x006001ef) x3  0x80003e80
core   0: 0x80003e82 (0x00002031) c.jal   pc + 12
core   0: 3 0x80003e82 (0x2031) x1  0x80003e84
core   0: 0x80003e8e (0x0000bff5) c.j     pc - 4
core   0: 3 0x80003e8e (0xbff5)
core   0: 0x80003e8a (0x008000ef) jal     pc + 0x8
core   0: 3 0x80003e8a (0x008000ef) x1  0x80003e8e
core   0: 0x80003e92 (0x0000b7fd) c.j     pc - 18
core   0: 3 0x80003e92 (0xb7fd)
core   0: 0x80003e80 (0x00002801) c.jal   pc + 16
core   0: 3 0x80003e80 (0x2801) x1  0x80003e82
core   0: 0x80003e90 (0x00002011) c.jal   pc + 4
core   0: 3 0x80003e90 (0x2011) x1  0x80003e92
core   0: 0x80003e94 (0x0040036f) jal     t1, pc + 0x4
core   0: 3 0x80003e94 (0x0040036f) x6  0x80003e98
core   0: 0x80003e98 (0x000037f5) c.jal   pc - 20
core   0: 3 0x80003e98 (0x37f5) x1  0x80003e9a
core   0: 0x80003e84 (0x0000a009) c.j     pc + 2
core   0: 3 0x80003e84 (0xa009)
core   0: 0x80003e86 (0x014000ef) jal     pc + 0x14
core   0: 3 0x80003e86 (0x014000ef) x1  0x80003e8a
core   0: 0x80003e9a (0x000098fd) c.andi  s1, -1
core   0: 3 0x80003e9a (0x98fd) x9  0x80003d8a
core   0: 0x80003e9c (0x004001ef) jal     gp, pc + 0x4
core   0: 3 0x80003e9c (0x004001ef) x3  0x80003ea0
core   0: 0x80003ea0 (0x0000a029) c.j     pc + 10
core   0: 3 0x80003ea0 (0xa029)
core   0: 0x80003eaa (0x0000a829) c.j     pc + 26
core   0: 3 0x80003eaa (0xa829)
core   0: 0x80003ec4 (0x012000ef) jal     pc + 0x12
core   0: 3 0x80003ec4 (0x012000ef) x1  0x80003ec8
core   0: 0x80003ed6 (0x0000b7d5) c.j     pc - 28
core   0: 3 0x80003ed6 (0xb7d5)
core   0: 0x80003eba (0x0000a039) c.j     pc + 14
core   0: 3 0x80003eba (0xa039)
core   0: 0x80003ec8 (0x016001ef) jal     gp, pc + 0x16
core   0: 3 0x80003ec8 (0x016001ef) x3  0x80003ecc
core   0: 0x80003ede (0x00003fcd) c.jal   pc - 14
core   0: 3 0x80003ede (0x3fcd) x1  0x80003ee0
core   0: 0x80003ed0 (0x00002801) c.jal   pc + 16
core   0: 3 0x80003ed0 (0x2801) x1  0x80003ed2
core   0: 0x80003ee0 (0xfcdff0ef) jal     pc - 0x34
core   0: 3 0x80003ee0 (0xfcdff0ef) x1  0x80003ee4
core   0: 0x80003eac (0x02c000ef) jal     pc + 0x2c
core   0: 3 0x80003eac (0x02c000ef) x1  0x80003eb0
core   0: 0x80003ed8 (0xffbff36f) jal     t1, pc - 0x6
core   0: 3 0x80003ed8 (0xffbff36f) x6  0x80003edc
core   0: 0x80003ed2 (0xfd7ff36f) jal     t1, pc - 0x2a
core   0: 3 0x80003ed2 (0xfd7ff36f) x6  0x80003ed6
core   0: 0x80003ea8 (0x00002039) c.jal   pc + 14
core   0: 3 0x80003ea8 (0x2039) x1  0x80003eaa
core   0: 0x80003eb6 (0x00002009) c.jal   pc + 2
core   0: 3 0x80003eb6 (0x2009) x1  0x80003eb8
core   0: 0x80003eb8 (0x0000a811) c.j     pc + 20
core   0: 3 0x80003eb8 (0xa811)
core   0: 0x80003ecc (0xfe9ff0ef) jal     pc - 0x18
core   0: 3 0x80003ecc (0xfe9ff0ef) x1  0x80003ed0
core   0: 0x80003eb4 (0x0000a021) c.j     pc + 8
core   0: 3 0x80003eb4 (0xa021)
core   0: 0x80003ebc (0xfebff36f) jal     t1, pc - 0x16
core   0: 3 0x80003ebc (0xfebff36f) x6  0x80003ec0
core   0: 0x80003ea6 (0x00002029) c.jal   pc + 10
core   0: 3 0x80003ea6 (0x2029) x1  0x80003ea8
core   0: 0x80003eb0 (0x02c009ef) jal     s3, pc + 0x2c
core   0: 3 0x80003eb0 (0x02c009ef) x19 0x80003eb4
core   0: 0x80003edc (0x0000b7d5) c.j     pc - 28
core   0: 3 0x80003edc (0xb7d5)
core   0: 0x80003ec0 (0xfe3ff56f) jal     a0, pc - 0x1e
core   0: 3 0x80003ec0 (0xfe3ff56f) x10 0x80003ec4
core   0: 0x80003ea2 (0x042000ef) jal     pc + 0x42
core   0: 3 0x80003ea2 (0x042000ef) x1  0x80003ea6
core   0: 0x80003ee4 (0x024297b3) mulh    a5, t0, tp
core   0: 3 0x80003ee4 (0x024297b3) x15 0x3fffc282
core   0: 0x80003ee8 (0x004001ef) jal     gp, pc + 0x4
core   0: 3 0x80003ee8 (0x004001ef) x3  0x80003eec
core   0: 0x80003eec (0x00002819) c.jal   pc + 22
core   0: 3 0x80003eec (0x2819) x1  0x80003eee
core   0: 0x80003f02 (0x0000bfcd) c.j     pc - 14
core   0: 3 0x80003f02 (0xbfcd)
core   0: 0x80003ef4 (0x0160036f) jal     t1, pc + 0x16
core   0: 3 0x80003ef4 (0x0160036f) x6  0x80003ef8
core   0: 0x80003f0a (0x00003fed) c.jal   pc - 6
core   0: 3 0x80003f0a (0x3fed) x1  0x80003f0c
core   0: 0x80003f04 (0x00003fdd) c.jal   pc - 10
core   0: 3 0x80003f04 (0x3fdd) x1  0x80003f06
core   0: 0x80003efa (0x0000bfd5) c.j     pc - 12
core   0: 3 0x80003efa (0xbfd5)
core   0: 0x80003eee (0x00002015) c.jal   pc + 36
core   0: 3 0x80003eee (0x2015) x1  0x80003ef0
core   0: 0x80003f12 (0x0000bfed) c.j     pc - 6
core   0: 3 0x80003f12 (0xbfed)
core   0: 0x80003f0c (0x00003fcd) c.jal   pc - 14
core   0: 3 0x80003f0c (0x3fcd) x1  0x80003f0e
core   0: 0x80003efe (0x00002809) c.jal   pc + 18
core   0: 3 0x80003efe (0x2809) x1  0x80003f00
core   0: 0x80003f10 (0x0000bffd) c.j     pc - 2
core   0: 3 0x80003f10 (0xbffd)
core   0: 0x80003f0e (0x0000bfe5) c.j     pc - 8
core   0: 3 0x80003f0e (0xbfe5)
core   0: 0x80003f06 (0xff3ff9ef) jal     s3, pc - 0xe
core   0: 3 0x80003f06 (0xff3ff9ef) x19 0x80003f0a
core   0: 0x80003ef8 (0x0000a021) c.j     pc + 8
core   0: 3 0x80003ef8 (0xa021)
core   0: 0x80003f00 (0x0000bff5) c.j     pc - 4
core   0: 3 0x80003f00 (0xbff5)
core   0: 0x80003efc (0x0000bfd5) c.j     pc - 12
core   0: 3 0x80003efc (0xbfd5)
core   0: 0x80003ef0 (0x02400aef) jal     s5, pc + 0x24
core   0: 3 0x80003ef0 (0x02400aef) x21 0x80003ef4
core   0: 0x80003f14 (0x03367f33) remu    t5, a2, s3
core   0: 3 0x80003f14 (0x03367f33) x30 0x80003b10
core   0: 0x80003f18 (0x02c001ef) jal     gp, pc + 0x2c
core   0: 3 0x80003f18 (0x02c001ef) x3  0x80003f1c
core   0: 0x80003f44 (0xff5ff4ef) jal     s1, pc - 0xc
core   0: 3 0x80003f44 (0xff5ff4ef) x9  0x80003f48
core   0: 0x80003f38 (0x0000b7d5) c.j     pc - 28
core   0: 3 0x80003f38 (0xb7d5)
core   0: 0x80003f1c (0x0000200d) c.jal   pc + 34
core   0: 3 0x80003f1c (0x200d) x1  0x80003f1e
core   0: 0x80003f3e (0xff5ff0ef) jal     pc - 0xc
core   0: 3 0x80003f3e (0xff5ff0ef) x1  0x80003f42
core   0: 0x80003f32 (0x0000bfed) c.j     pc - 6
core   0: 3 0x80003f32 (0xbfed)
core   0: 0x80003f2c (0x0160036f) jal     t1, pc + 0x16
core   0: 3 0x80003f2c (0x0160036f) x6  0x80003f30
core   0: 0x80003f42 (0x0000bfcd) c.j     pc - 14
core   0: 3 0x80003f42 (0xbfcd)
core   0: 0x80003f34 (0xfebff36f) jal     t1, pc - 0x16
core   0: 3 0x80003f34 (0xfebff36f) x6  0x80003f38
core   0: 0x80003f1e (0x01c000ef) jal     pc + 0x1c
core   0: 3 0x80003f1e (0x01c000ef) x1  0x80003f22
core   0: 0x80003f3a (0x00e000ef) jal     pc + 0xe
core   0: 3 0x80003f3a (0x00e000ef) x1  0x80003f3e
core   0: 0x80003f48 (0x00003ff1) c.jal   pc - 36
core   0: 3 0x80003f48 (0x3ff1) x1  0x80003f4a
core   0: 0x80003f24 (0x00002031) c.jal   pc + 12
core   0: 3 0x80003f24 (0x2031) x1  0x80003f26
core   0: 0x80003f30 (0x0000bfe5) c.j     pc - 8
core   0: 3 0x80003f30 (0xbfe5)
core   0: 0x80003f28 (0xfffff0ef) jal     pc - 0x2
core   0: 3 0x80003f28 (0xfffff0ef) x1  0x80003f2c
core   0: 0x80003f26 (0x00003ff5) c.jal   pc - 4
core   0: 3 0x80003f26 (0x3ff5) x1  0x80003f28
core   0: 0x80003f22 (0x0000a025) c.j     pc + 40
core   0: 3 0x80003f22 (0xa025)
core   0: 0x80003f4a (0x00400eef) jal     t4, pc + 0x4
core   0: 3 0x80003f4a (0x00400eef) x29 0x80003f4e
core   0: 0x80003f4e (0x340457f3) csrrwi  a5, mscratch, 8
core   0: 3 0x80003f4e (0x340457f3) x15 0x0000001d c832_mscratch 0x00000008
core   0: 0x80003f52 (0x022001ef) jal     gp, pc + 0x22
core   0: 3 0x80003f52 (0x022001ef) x3  0x80003f56
core   0: 0x80003f74 (0x000037fd) c.jal   pc - 18
core   0: 3 0x80003f74 (0x37fd) x1  0x80003f76
core   0: 0x80003f62 (0x024000ef) jal     pc + 0x24
core   0: 3 0x80003f62 (0x024000ef) x1  0x80003f66
core   0: 0x80003f86 (0x0000a819) c.j     pc + 22
core   0: 3 0x80003f86 (0xa819)
core   0: 0x80003f9c (0x00003f75) c.jal   pc - 68
core   0: 3 0x80003f9c (0x3f75) x1  0x80003f9e
core   0: 0x80003f58 (0x00e000ef) jal     pc + 0xe
core   0: 3 0x80003f58 (0x00e000ef) x1  0x80003f5c
core   0: 0x80003f66 (0xff9ff0ef) jal     pc - 0x8
core   0: 3 0x80003f66 (0xff9ff0ef) x1  0x80003f6a
core   0: 0x80003f5e (0x0000a839) c.j     pc + 30
core   0: 3 0x80003f5e (0xa839)
core   0: 0x80003f7c (0xfe1ff76f) jal     a4, pc - 0x20
core   0: 3 0x80003f7c (0xfe1ff76f) x14 0x80003f80
core   0: 0x80003f5c (0x0000a815) c.j     pc + 52
core   0: 3 0x80003f5c (0xa815)
core   0: 0x80003f90 (0x0000b7e5) c.j     pc - 24
core   0: 3 0x80003f90 (0xb7e5)
core   0: 0x80003f78 (0x00002009) c.jal   pc + 2
core   0: 3 0x80003f78 (0x2009) x1  0x80003f7a
core   0: 0x80003f7a (0x0000a829) c.j     pc + 26
core   0: 3 0x80003f7a (0xa829)
core   0: 0x80003f94 (0xfc3ff0ef) jal     pc - 0x3e
core   0: 3 0x80003f94 (0xfc3ff0ef) x1  0x80003f98
core   0: 0x80003f56 (0x0000a811) c.j     pc + 20
core   0: 3 0x80003f56 (0xa811)
core   0: 0x80003f6a (0x018000ef) jal     pc + 0x18
core   0: 3 0x80003f6a (0x018000ef) x1  0x80003f6e
core   0: 0x80003f82 (0x00002801) c.jal   pc + 16
core   0: 3 0x80003f82 (0x2801) x1  0x80003f84
core   0: 0x80003f92 (0x00003fdd) c.jal   pc - 10
core   0: 3 0x80003f92 (0x3fdd) x1  0x80003f94
core   0: 0x80003f88 (0xfd9ff0ef) jal     pc - 0x28
core   0: 3 0x80003f88 (0xfd9ff0ef) x1  0x80003f8c
core   0: 0x80003f60 (0x00002825) c.jal   pc + 56
core   0: 3 0x80003f60 (0x2825) x1  0x80003f62
core   0: 0x80003f98 (0x0000b7f5) c.j     pc - 20
core   0: 3 0x80003f98 (0xb7f5)
core   0: 0x80003f84 (0x00002021) c.jal   pc + 8
core   0: 3 0x80003f84 (0x2021) x1  0x80003f86
core   0: 0x80003f8c (0xfe7ff0ef) jal     pc - 0x1a
core   0: 3 0x80003f8c (0xfe7ff0ef) x1  0x80003f90
core   0: 0x80003f72 (0x0000bff5) c.j     pc - 4
core   0: 3 0x80003f72 (0xbff5)
core   0: 0x80003f6e (0x02c0036f) jal     t1, pc + 0x2c
core   0: 3 0x80003f6e (0x02c0036f) x6  0x80003f72
core   0: 0x80003f9a (0x0000b7dd) c.j     pc - 26
core   0: 3 0x80003f9a (0xb7dd)
core   0: 0x80003f80 (0x00003fdd) c.jal   pc - 10
core   0: 3 0x80003f80 (0x3fdd) x1  0x80003f82
core   0: 0x80003f76 (0x0000a025) c.j     pc + 40
core   0: 3 0x80003f76 (0xa025)
core   0: 0x80003f9e (0x00008619) c.srai  a2, 6
core   0: 3 0x80003f9e (0x8619) x12 0xfe0000ec
core   0: 0x80003fa0 (0x022001ef) jal     gp, pc + 0x22
core   0: 3 0x80003fa0 (0x022001ef) x3  0x80003fa4
core   0: 0x80003fc2 (0x0000b7fd) c.j     pc - 18
core   0: 3 0x80003fc2 (0xb7fd)
core   0: 0x80003fb0 (0x00002039) c.jal   pc + 14
core   0: 3 0x80003fb0 (0x2039) x1  0x80003fb2
core   0: 0x80003fbe (0x00002809) c.jal   pc + 18
core   0: 3 0x80003fbe (0x2809) x1  0x80003fc0
core   0: 0x80003fd0 (0xfdbff0ef) jal     pc - 0x26
core   0: 3 0x80003fd0 (0xfdbff0ef) x1  0x80003fd4
core   0: 0x80003faa (0xfffffaef) jal     s5, pc - 0x2
core   0: 3 0x80003faa (0xfffffaef) x21 0x80003fae
core   0: 0x80003fa8 (0x0000a035) c.j     pc + 44
core   0: 3 0x80003fa8 (0xa035)
core   0: 0x80003fd4 (0xff3ffbef) jal     s7, pc - 0xe
core   0: 3 0x80003fd4 (0xff3ffbef) x23 0x80003fd8
core   0: 0x80003fc6 (0x006000ef) jal     pc + 0x6
core   0: 3 0x80003fc6 (0x006000ef) x1  0x80003fca
core   0: 0x80003fcc (0xfe7ff0ef) jal     pc - 0x1a
core   0: 3 0x80003fcc (0xfe7ff0ef) x1  0x80003fd0
core   0: 0x80003fb2 (0x00002035) c.jal   pc + 44
core   0: 3 0x80003fb2 (0x2035) x1  0x80003fb4
core   0: 0x80003fde (0x000037f5) c.jal   pc - 20
core   0: 3 0x80003fde (0x37f5) x1  0x80003fe0
core   0: 0x80003fca (0x0000a819) c.j     pc + 22
core   0: 3 0x80003fca (0xa819)
core   0: 0x80003fe0 (0x00003fd9) c.jal   pc - 42
core   0: 3 0x80003fe0 (0x3fd9) x1  0x80003fe2
core   0: 0x80003fb6 (0x00a000ef) jal     pc + 0xa
core   0: 3 0x80003fb6 (0x00a000ef) x1  0x80003fba
core   0: 0x80003fc0 (0x0000a00d) c.j     pc + 34
core   0: 3 0x80003fc0 (0xa00d)
core   0: 0x80003fe2 (0xfcdff0ef) jal     pc - 0x34
core   0: 3 0x80003fe2 (0xfcdff0ef) x1  0x80003fe6
core   0: 0x80003fae (0x00002019) c.jal   pc + 6
core   0: 3 0x80003fae (0x2019) x1  0x80003fb0
core   0: 0x80003fb4 (0x0000201d) c.jal   pc + 38
core   0: 3 0x80003fb4 (0x201d) x1  0x80003fb6
core   0: 0x80003fda (0xfffff0ef) jal     pc - 0x2
core   0: 3 0x80003fda (0xfffff0ef) x1  0x80003fde
core   0: 0x80003fd8 (0x0000b7f1) c.j     pc - 52
core   0: 3 0x80003fd8 (0xb7f1)
core   0: 0x80003fa4 (0x042000ef) jal     pc + 0x42
core   0: 3 0x80003fa4 (0x042000ef) x1  0x80003fa8
core   0: 0x80003fe6 (0x0000bff9) c.j     pc - 34
core   0: 3 0x80003fe6 (0xbff9)
core   0: 0x80003fc4 (0x0000bfdd) c.j     pc - 10
core   0: 3 0x80003fc4 (0xbfdd)
core   0: 0x80003fba (0x02e000ef) jal     pc + 0x2e
core   0: 3 0x80003fba (0x02e000ef) x1  0x80003fbe
core   0: 0x80003fe8 (0x00008575) c.srai  a0, 29
core   0: 3 0x80003fe8 (0x8575) x10 0xfffffffc
core   0: 0x80003fea (0x012001ef) jal     gp, pc + 0x12
core   0: 3 0x80003fea (0x012001ef) x3  0x80003fee
core   0: 0x80003ffc (0x00002009) c.jal   pc + 2
core   0: 3 0x80003ffc (0x2009) x1  0x80003ffe
core   0: 0x80003ffe (0x0000a839) c.j     pc + 30
core   0: 3 0x80003ffe (0xa839)
core   0: 0x8000401c (0x00003ff5) c.jal   pc - 4
core   0: 3 0x8000401c (0x3ff5) x1  0x8000401e
core   0: 0x80004018 (0x00002009) c.jal   pc + 2
core   0: 3 0x80004018 (0x2009) x1  0x8000401a
core   0: 0x8000401a (0x0000bfe5) c.j     pc - 8
core   0: 3 0x8000401a (0xbfe5)
core   0: 0x80004012 (0xfe3ff0ef) jal     pc - 0x1e
core   0: 3 0x80004012 (0xfe3ff0ef) x1  0x80004016
core   0: 0x80003ff4 (0x0000a821) c.j     pc + 24
core   0: 3 0x80003ff4 (0xa821)
core   0: 0x8000400c (0x0000a029) c.j     pc + 10
core   0: 3 0x8000400c (0xa029)
core   0: 0x80004016 (0x0000b7fd) c.j     pc - 18
core   0: 3 0x80004016 (0xb7fd)
core   0: 0x80004004 (0x00c0026f) jal     tp, pc + 0xc
core   0: 3 0x80004004 (0x00c0026f) x4  0x80004008
core   0: 0x80004010 (0x00003ffd) c.jal   pc - 2
core   0: 3 0x80004010 (0x3ffd) x1  0x80004012
core   0: 0x8000400e (0x00002811) c.jal   pc + 20
core   0: 3 0x8000400e (0x2811) x1  0x80004010
core   0: 0x80004022 (0x00003ff9) c.jal   pc - 34
core   0: 3 0x80004022 (0x3ff9) x1  0x80004024
core   0: 0x80004000 (0x008000ef) jal     pc + 0x8
core   0: 3 0x80004000 (0x008000ef) x1  0x80004004
core   0: 0x80004008 (0x000037ed) c.jal   pc - 22
core   0: 3 0x80004008 (0x37ed) x1  0x8000400a
core   0: 0x80003ff2 (0x0000a019) c.j     pc + 6
core   0: 3 0x80003ff2 (0xa019)
core   0: 0x80003ff8 (0x0120036f) jal     t1, pc + 0x12
core   0: 3 0x80003ff8 (0x0120036f) x6  0x80003ffc
core   0: 0x8000400a (0x000037d5) c.jal   pc - 28
core   0: 3 0x8000400a (0x37d5) x1  0x8000400c
core   0: 0x80003fee (0x008000ef) jal     pc + 0x8
core   0: 3 0x80003fee (0x008000ef) x1  0x80003ff2
core   0: 0x80003ff6 (0x00002025) c.jal   pc + 40
core   0: 3 0x80003ff6 (0x2025) x1  0x80003ff8
core   0: 0x8000401e (0x006009ef) jal     s3, pc + 0x6
core   0: 3 0x8000401e (0x006009ef) x19 0x80004022
core   0: 0x80004024 (0x34006df3) csrrsi  s11, mscratch, 0
core   0: 3 0x80004024 (0x34006df3) x27 0x00000008
core   0: 0x80004028 (0x006001ef) jal     gp, pc + 0x6
core   0: 3 0x80004028 (0x006001ef) x3  0x8000402c
core   0: 0x8000402e (0x00002029) c.jal   pc + 10
core   0: 3 0x8000402e (0x2029) x1  0x80004030
core   0: 0x80004038 (0x0040016f) jal     sp, pc + 0x4
core   0: 3 0x80004038 (0x0040016f) x2  0x8000403c
core   0: 0x8000403c (0x0140036f) jal     t1, pc + 0x14
core   0: 3 0x8000403c (0x0140036f) x6  0x80004040
core   0: 0x80004050 (0xfe1ffdef) jal     s11, pc - 0x20
core   0: 3 0x80004050 (0xfe1ffdef) x27 0x80004054
core   0: 0x80004030 (0x024000ef) jal     pc + 0x24
core   0: 3 0x80004030 (0x024000ef) x1  0x80004034
core   0: 0x80004054 (0x0000bfc5) c.j     pc - 16
core   0: 3 0x80004054 (0xbfc5)
core   0: 0x80004044 (0x0000a01d) c.j     pc + 38
core   0: 3 0x80004044 (0xa01d)
core   0: 0x8000406a (0x000037f5) c.jal   pc - 20
core   0: 3 0x8000406a (0x37f5) x1  0x8000406c
core   0: 0x80004056 (0x0000bfd5) c.j     pc - 12
core   0: 3 0x80004056 (0xbfd5)
core   0: 0x8000404a (0x000037ed) c.jal   pc - 22
core   0: 3 0x8000404a (0x37ed) x1  0x8000404c
core   0: 0x80004034 (0x0340036f) jal     t1, pc + 0x34
core   0: 3 0x80004034 (0x0340036f) x6  0x80004038
core   0: 0x80004068 (0x000037d5) c.jal   pc - 28
core   0: 3 0x80004068 (0x37d5) x1  0x8000406a
core   0: 0x8000404c (0x0000a821) c.j     pc + 24
core   0: 3 0x8000404c (0xa821)
core   0: 0x80004064 (0xfddff0ef) jal     pc - 0x24
core   0: 3 0x80004064 (0xfddff0ef) x1  0x80004068
core   0: 0x80004040 (0x02c0016f) jal     sp, pc + 0x2c
core   0: 3 0x80004040 (0x02c0016f) x2  0x80004044
core   0: 0x8000406c (0x0000b7f5) c.j     pc - 20
core   0: 3 0x8000406c (0xb7f5)
core   0: 0x80004058 (0x01e000ef) jal     pc + 0x1e
core   0: 3 0x80004058 (0x01e000ef) x1  0x8000405c
core   0: 0x80004076 (0x0000bffd) c.j     pc - 2
core   0: 3 0x80004076 (0xbffd)
core   0: 0x80004074 (0x00003fd1) c.jal   pc - 44
core   0: 3 0x80004074 (0x3fd1) x1  0x80004076
core   0: 0x80004048 (0x0000a02d) c.j     pc + 42
core   0: 3 0x80004048 (0xa02d)
core   0: 0x80004072 (0x0000bfc5) c.j     pc - 16
core   0: 3 0x80004072 (0xbfc5)
core   0: 0x80004062 (0x00002039) c.jal   pc + 14
core   0: 3 0x80004062 (0x2039) x1  0x80004064
core   0: 0x80004070 (0x0000bfc5) c.j     pc - 16
core   0: 3 0x80004070 (0xbfc5)
core   0: 0x80004060 (0x000037f1) c.jal   pc - 52
core   0: 3 0x80004060 (0x37f1) x1  0x80004062
core   0: 0x8000402c (0x00002089) c.jal   pc + 66
core   0: 3 0x8000402c (0x2089) x1  0x8000402e
core   0: 0x8000406e (0x000037c5) c.jal   pc - 32
core   0: 3 0x8000406e (0x37c5) x1  0x80004070
core   0: 0x8000404e (0x0000bfe5) c.j     pc - 8
core   0: 3 0x8000404e (0xbfe5)
core   0: 0x80004046 (0x0000a819) c.j     pc + 22
core   0: 3 0x80004046 (0xa819)
core   0: 0x8000405c (0x00002009) c.jal   pc + 2
core   0: 3 0x8000405c (0x2009) x1  0x8000405e
core   0: 0x8000405e (0x0000a829) c.j     pc + 26
core   0: 3 0x8000405e (0xa829)
core   0: 0x80004078 (0xff471ab7) lui     s5, 0xff471
core   0: 3 0x80004078 (0xff471ab7) x21 0xff471000
core   0: 0x8000407c (0x006001ef) jal     gp, pc + 0x6
core   0: 3 0x8000407c (0x006001ef) x3  0x80004080
core   0: 0x80004082 (0x00e000ef) jal     pc + 0xe
core   0: 3 0x80004082 (0x00e000ef) x1  0x80004086
core   0: 0x80004090 (0x00003ff5) c.jal   pc - 4
core   0: 3 0x80004090 (0x3ff5) x1  0x80004092
core   0: 0x8000408c (0x008000ef) jal     pc + 0x8
core   0: 3 0x8000408c (0x008000ef) x1  0x80004090
core   0: 0x80004094 (0x0000bfcd) c.j     pc - 14
core   0: 3 0x80004094 (0xbfcd)
core   0: 0x80004086 (0x0000a011) c.j     pc + 4
core   0: 3 0x80004086 (0xa011)
core   0: 0x8000408a (0x00003fdd) c.jal   pc - 10
core   0: 3 0x8000408a (0x3fdd) x1  0x8000408c
core   0: 0x80004080 (0x00002809) c.jal   pc + 18
core   0: 3 0x80004080 (0x2809) x1  0x80004082
core   0: 0x80004092 (0x00003fdd) c.jal   pc - 10
core   0: 3 0x80004092 (0x3fdd) x1  0x80004094
core   0: 0x80004088 (0x00002039) c.jal   pc + 14
core   0: 3 0x80004088 (0x2039) x1  0x8000408a
core   0: 0x80004096 (0x00002009) c.jal   pc + 2
core   0: 3 0x80004096 (0x2009) x1  0x80004098
core   0: 0x80004098 (0x00b3b633) sltu    a2, t2, a1
core   0: 3 0x80004098 (0x00b3b633) x12 0x00000001
core   0: 0x8000409c (0x03c001ef) jal     gp, pc + 0x3c
core   0: 3 0x8000409c (0x03c001ef) x3  0x800040a0
core   0: 0x800040d8 (0x00003ff1) c.jal   pc - 36
core   0: 3 0x800040d8 (0x3ff1) x1  0x800040da
core   0: 0x800040b4 (0x0000a809) c.j     pc + 18
core   0: 3 0x800040b4 (0xa809)
core   0: 0x800040c6 (0x00003fdd) c.jal   pc - 10
core   0: 3 0x800040c6 (0x3fdd) x1  0x800040c8
core   0: 0x800040bc (0x024000ef) jal     pc + 0x24
core   0: 3 0x800040bc (0x024000ef) x1  0x800040c0
core   0: 0x800040e0 (0xfefff36f) jal     t1, pc - 0x12
core   0: 3 0x800040e0 (0xfefff36f) x6  0x800040e4
core   0: 0x800040ce (0xffdff0ef) jal     pc - 0x4
core   0: 3 0x800040ce (0xffdff0ef) x1  0x800040d2
core   0: 0x800040ca (0x0000bfed) c.j     pc - 6
core   0: 3 0x800040ca (0xbfed)
core   0: 0x800040c4 (0x0000b7ed) c.j     pc - 22
core   0: 3 0x800040c4 (0xb7ed)
core   0: 0x800040ae (0x00002805) c.jal   pc + 48
core   0: 3 0x800040ae (0x2805) x1  0x800040b0
core   0: 0x800040de (0x00003fd1) c.jal   pc - 44
core   0: 3 0x800040de (0x3fd1) x1  0x800040e0
core   0: 0x800040b2 (0x00002011) c.jal   pc + 4
core   0: 3 0x800040b2 (0x2011) x1  0x800040b4
core   0: 0x800040b6 (0xfefffaef) jal     s5, pc - 0x12
core   0: 3 0x800040b6 (0xfefffaef) x21 0x800040ba
core   0: 0x800040a4 (0x00002819) c.jal   pc + 22
core   0: 3 0x800040a4 (0x2819) x1  0x800040a6
core   0: 0x800040ba (0x000037f5) c.jal   pc - 20
core   0: 3 0x800040ba (0x37f5) x1  0x800040bc
core   0: 0x800040a6 (0x0000a029) c.j     pc + 10
core   0: 3 0x800040a6 (0xa029)
core   0: 0x800040b0 (0x0000a00d) c.j     pc + 34
core   0: 3 0x800040b0 (0xa00d)
core   0: 0x800040d2 (0x00002009) c.jal   pc + 2
core   0: 3 0x800040d2 (0x2009) x1  0x800040d4
core   0: 0x800040d4 (0x0000b7f9) c.j     pc - 50
core   0: 3 0x800040d4 (0xb7f9)
core   0: 0x800040a2 (0x0000282d) c.jal   pc + 58
core   0: 3 0x800040a2 (0x282d) x1  0x800040a4
core   0: 0x800040dc (0x0000b7d5) c.j     pc - 28
core   0: 3 0x800040dc (0xb7d5)
core   0: 0x800040c0 (0xfe1ff0ef) jal     pc - 0x20
core   0: 3 0x800040c0 (0xfe1ff0ef) x1  0x800040c4
core   0: 0x800040a0 (0x00002021) c.jal   pc + 8
core   0: 3 0x800040a0 (0x2021) x1  0x800040a2
core   0: 0x800040a8 (0x0000a009) c.j     pc + 2
core   0: 3 0x800040a8 (0xa009)
core   0: 0x800040aa (0x030000ef) jal     pc + 0x30
core   0: 3 0x800040aa (0x030000ef) x1  0x800040ae
core   0: 0x800040da (0x0000b7fd) c.j     pc - 18
core   0: 3 0x800040da (0xb7fd)
core   0: 0x800040c8 (0x00002039) c.jal   pc + 14
core   0: 3 0x800040c8 (0x2039) x1  0x800040ca
core   0: 0x800040d6 (0x00002039) c.jal   pc + 14
core   0: 3 0x800040d6 (0x2039) x1  0x800040d8
core   0: 0x800040e4 (0xfe9ff0ef) jal     pc - 0x18
core   0: 3 0x800040e4 (0xfe9ff0ef) x1  0x800040e8
core   0: 0x800040cc (0x0000a831) c.j     pc + 28
core   0: 3 0x800040cc (0xa831)
core   0: 0x800040e8 (0x0135df33) srl     t5, a1, s3
core   0: 3 0x800040e8 (0x0135df33) x30 0x20007f99
core   0: 0x800040ec (0x012001ef) jal     gp, pc + 0x12
core   0: 3 0x800040ec (0x012001ef) x3  0x800040f0
core   0: 0x800040fe (0x0000a031) c.j     pc + 12
core   0: 3 0x800040fe (0xa031)
core   0: 0x8000410a (0xfffff26f) jal     tp, pc - 0x2
core   0: 3 0x8000410a (0xfffff26f) x4  0x8000410e
core   0: 0x80004108 (0x00003ffd) c.jal   pc - 2
core   0: 3 0x80004108 (0x3ffd) x1  0x8000410a
core   0: 0x80004106 (0x0000bfd5) c.j     pc - 12
core   0: 3 0x80004106 (0xbfd5)
core   0: 0x800040fa (0x0000201d) c.jal   pc + 38
core   0: 3 0x800040fa (0x201d) x1  0x800040fc
core   0: 0x80004120 (0x00003fc1) c.jal   pc - 48
core   0: 3 0x80004120 (0x3fc1) x1  0x80004122
core   0: 0x800040f0 (0x0260036f) jal     t1, pc + 0x26
core   0: 3 0x800040f0 (0x0260036f) x6  0x800040f4
core   0: 0x80004116 (0x0000a019) c.j     pc + 6
core   0: 3 0x80004116 (0xa019)
core   0: 0x8000411c (0xffdff36f) jal     t1, pc - 0x4
core   0: 3 0x8000411c (0xffdff36f) x6  0x80004120
core   0: 0x80004118 (0xfe9ff26f) jal     tp, pc - 0x18
core   0: 3 0x80004118 (0xfe9ff26f) x4  0x8000411c
core   0: 0x80004100 (0x00002009) c.jal   pc + 2
core   0: 3 0x80004100 (0x2009) x1  0x80004102
core   0: 0x80004102 (0x020000ef) jal     pc + 0x20
core   0: 3 0x80004102 (0x020000ef) x1  0x80004106
core   0: 0x80004122 (0x00003fd1) c.jal   pc - 44
core   0: 3 0x80004122 (0x3fd1) x1  0x80004124
core   0: 0x800040f6 (0x0180036f) jal     t1, pc + 0x18
core   0: 3 0x800040f6 (0x0180036f) x6  0x800040fa
core   0: 0x8000410e (0x0160036f) jal     t1, pc + 0x16
core   0: 3 0x8000410e (0x0160036f) x6  0x80004112
core   0: 0x80004124 (0xfd9ff0ef) jal     pc - 0x28
core   0: 3 0x80004124 (0xfd9ff0ef) x1  0x80004128
core   0: 0x800040fc (0x0000bfe5) c.j     pc - 8
core   0: 3 0x800040fc (0xbfe5)
core   0: 0x800040f4 (0x0000a839) c.j     pc + 30
core   0: 3 0x800040f4 (0xa839)
core   0: 0x80004112 (0x016002ef) jal     t0, pc + 0x16
core   0: 3 0x80004112 (0x016002ef) x5  0x80004116
core   0: 0x80004128 (0x0273ec33) rem     s8, t2, t2
core   0: 3 0x80004128 (0x0273ec33) x24 0x00000000
core   0: 0x8000412c (0x00c001ef) jal     gp, pc + 0xc
core   0: 3 0x8000412c (0x00c001ef) x3  0x80004130
core   0: 0x80004138 (0x00002811) c.jal   pc + 20
core   0: 3 0x80004138 (0x2811) x1  0x8000413a
core   0: 0x8000414c (0x0000a809) c.j     pc + 18
core   0: 3 0x8000414c (0xa809)
core   0: 0x8000415e (0x00c0036f) jal     t1, pc + 0xc
core   0: 3 0x8000415e (0x00c0036f) x6  0x80004162
core   0: 0x8000416a (0x0000b7e5) c.j     pc - 24
core   0: 3 0x8000416a (0xb7e5)
core   0: 0x80004152 (0xfedff0ef) jal     pc - 0x14
core   0: 3 0x80004152 (0xfedff0ef) x1  0x80004156
core   0: 0x8000413e (0x00002029) c.jal   pc + 10
core   0: 3 0x8000413e (0x2029) x1  0x80004140
core   0: 0x80004148 (0x0200036f) jal     t1, pc + 0x20
core   0: 3 0x80004148 (0x0200036f) x6  0x8000414c
core   0: 0x80004168 (0x00003fed) c.jal   pc - 6
core   0: 3 0x80004168 (0x3fed) x1  0x8000416a
core   0: 0x80004162 (0x000037f5) c.jal   pc - 20
core   0: 3 0x80004162 (0x37f5) x1  0x80004164
core   0: 0x8000414e (0x00002819) c.jal   pc + 22
core   0: 3 0x8000414e (0x2819) x1  0x80004150
core   0: 0x80004164 (0xff7ff0ef) jal     pc - 0xa
core   0: 3 0x80004164 (0xff7ff0ef) x1  0x80004168
core   0: 0x8000415a (0x0000bff1) c.j     pc - 36
core   0: 3 0x8000415a (0xbff1)
core   0: 0x80004136 (0x00002031) c.jal   pc + 12
core   0: 3 0x80004136 (0x2031) x1  0x80004138
core   0: 0x80004142 (0x0000b7fd) c.j     pc - 18
core   0: 3 0x80004142 (0xb7fd)
core   0: 0x80004130 (0x0000a035) c.j     pc + 44
core   0: 3 0x80004130 (0xa035)
core   0: 0x8000415c (0x00003ff9) c.jal   pc - 34
core   0: 3 0x8000415c (0x3ff9) x1  0x8000415e
core   0: 0x8000413a (0xffbff0ef) jal     pc - 0x6
core   0: 3 0x8000413a (0xffbff0ef) x1  0x8000413e
core   0: 0x80004134 (0x0000a801) c.j     pc + 16
core   0: 3 0x80004134 (0xa801)
core   0: 0x80004144 (0xffdffa6f) jal     s4, pc - 0x4
core   0: 3 0x80004144 (0xffdffa6f) x20 0x80004148
core   0: 0x80004140 (0x0000a801) c.j     pc + 16
core   0: 3 0x80004140 (0xa801)
core   0: 0x80004150 (0x0000a019) c.j     pc + 6
core   0: 3 0x80004150 (0xa019)
core   0: 0x80004156 (0xfddffd6f) jal     s10, pc - 0x24
core   0: 3 0x80004156 (0xfddffd6f) x26 0x8000415a
core   0: 0x80004132 (0x0000282d) c.jal   pc + 58
core   0: 3 0x80004132 (0x282d) x1  0x80004134
core   0: 0x8000416c (0x0000100f) fence.i
core   0: 3 0x8000416c (0x0000100f)
core   0: 0x80004170 (0x034d0db3) mul     s11, s10, s4
core   0: 3 0x80004170 (0x034d0db3) x27 0x10aa3b50
core   0: 0x80004174 (0x34043c73) csrrc   s8, mscratch, s0
core   0: 3 0x80004174 (0x34043c73) x24 0x00000008 c832_mscratch 0x00000008
core   0: 0x80004178 (0x88f56e93) ori     t4, a0, -1905
core   0: 3 0x80004178 (0x88f56e93) x29 0xffffffff
core   0: 0x8000417c (0x00894663) blt     s2, s0, pc + 12
core   0: 3 0x8000417c (0x00894663)
core   0: 0x80004180 (0x00008cda) c.mv    s9, s6
core   0: 3 0x80004180 (0x8cda) x25 0x80003bc4
core   0: 0x80004182 (0x677e5297) auipc   t0, 0x677e5
core   0: 3 0x80004182 (0x677e5297) x5  0xe77e9182
core   0: 0x80004186 (0x00008c79) c.and   s0, a4
core   0: 3 0x80004186 (0x8c79) x8  0x80003300
core   0: 0x80004188 (0x0000557d) c.li    a0, -1
core   0: 3 0x80004188 (0x557d) x10 0xffffffff
core   0: 0x8000418a (0x00008ce2) c.mv    s9, s8
core   0: 3 0x8000418a (0x8ce2) x25 0x00000008
core   0: 0x8000418c (0x00008f69) c.and   a4, a0
core   0: 3 0x8000418c (0x8f69) x14 0x80003f80
core   0: 0x8000418e (0x000088b1) c.andi  s1, 12
core   0: 3 0x8000418e (0x88b1) x9  0x00000008
core   0: 0x80004190 (0x02980963) beq     a6, s1, pc + 50
core   0: 3 0x80004190 (0x02980963)
core   0: 0x80004194 (0x00009fc6) c.add   t6, a7
core   0: 3 0x80004194 (0x9fc6) x31 0x80003c50
core   0: 0x80004196 (0x03c2dc63) bge     t0, t3, pc + 56
core   0: 3 0x80004196 (0x03c2dc63)
core   0: 0x800041ce (0x0335a9b3) mulhsu  s3, a1, s3
core   0: 3 0x800041ce (0x0335a9b3) x19 0xc000df21
core   0: 0x800041d2 (0x00c49413) slli    s0, s1, 12
core   0: 3 0x800041d2 (0x00c49413) x8  0x00008000
core   0: 0x800041d6 (0x0197a0b3) slt     ra, a5, s9
core   0: 3 0x800041d6 (0x0197a0b3) x1  0x00000000
core   0: 0x800041da (0x340aaf73) csrrs   t5, mscratch, s5
core   0: 3 0x800041da (0x340aaf73) x30 0x00000008 c832_mscratch 0x800040ba
core   0: 0x800041de (0x00001f7d) c.addi  t5, -1
core   0: 3 0x800041de (0x1f7d) x30 0x00000007
core   0: 0x800041e0 (0x0378ad33) mulhsu  s10, a7, s7
core   0: 3 0x800041e0 (0x0378ad33) x26 0x00000000
core   0: 0x800041e4 (0x40618933) sub     s2, gp, t1
core   0: 3 0x800041e4 (0x40618933) x18 0xffffffe4
core   0: 0x800041e8 (0x41e1d713) srai    a4, gp, 30
core   0: 3 0x800041e8 (0x41e1d713) x14 0xfffffffe
core   0: 0x800041ec (0x02065933) divu    s2, a2, zero
core   0: 3 0x800041ec (0x02065933) x18 0xffffffff
core   0: 0x800041f0 (0x00d8ed33) or      s10, a7, a3
core   0: 3 0x800041f0 (0x00d8ed33) x26 0x80023ce4
core   0: 0x800041f4 (0xfb7d7a13) andi    s4, s10, -73
core   0: 3 0x800041f4 (0xfb7d7a13) x20 0x80023ca4
core   0: 0x800041f8 (0x01060863) beq     a2, a6, pc + 16
core   0: 3 0x800041f8 (0x01060863)
core   0: 0x800041fc (0x006c42b3) xor     t0, s8, t1
core   0: 3 0x800041fc (0x006c42b3) x5  0x80004144
core   0: 0x80004200 (0x0000cf19) c.beqz  a4, pc + 30
core   0: 3 0x80004200 (0xcf19)
core   0: 0x80004202 (0x00001488) c.addi4spn a0, sp, 608
core   0: 3 0x80004202 (0x1488) x10 0x800042a4
core   0: 0x80004204 (0x02054a33) div     s4, a0, zero
core   0: 3 0x80004204 (0x02054a33) x20 0xffffffff
core   0: 0x80004208 (0x000087bd) c.srai  a5, 15
core   0: 3 0x80004208 (0x87bd) x15 0x00000000
core   0: 0x8000420a (0x000000b9) c.addi  ra, 14
core   0: 3 0x8000420a (0x00b9) x1  0x0000000e
core   0: 0x8000420c (0x000002d2) c.slli  t0, 20
core   0: 3 0x8000420c (0x02d2) x5  0x14400000
core   0: 0x8000420e (0x7655a813) slti    a6, a1, 1893
core   0: 3 0x8000420e (0x7655a813) x16 0x00000001
core   0: 0x80004212 (0x00009a9e) c.add   s5, t2
core   0: 3 0x80004212 (0x9a9e) x21 0x800040ba
core   0: 0x80004214 (0x0000717d) c.addi16sp sp, -16
core   0: 3 0x80004214 (0x717d) x2  0x80004034
core   0: 0x80004216 (0x34075d73) csrrwi  s10, mscratch, 14
core   0: 3 0x80004216 (0x34075d73) x26 0x800040ba c832_mscratch 0x0000000e
core   0: 0x8000421a (0x715ec413) xori    s0, t4, 1813
core   0: 3 0x8000421a (0x715ec413) x8  0xfffff8ea
core   0: 0x8000421e (0x00000555) c.addi  a0, 21
core   0: 3 0x8000421e (0x0555) x10 0x800042b9
core   0: 0x80004220 (0x0000483d) c.li    a6, 15
core   0: 3 0x80004220 (0x483d) x16 0x0000000f
core   0: 0x80004222 (0x03efeeb3) rem     t4, t6, t5
core   0: 3 0x80004222 (0x03efeeb3) x29 0xfffffffc
core   0: 0x80004226 (0x01d1db63) bge     gp, t4, pc + 22
core   0: 3 0x80004226 (0x01d1db63)
core   0: 0x8000422a (0x015c3233) sltu    tp, s8, s5
core   0: 3 0x8000422a (0x015c3233) x4  0x00000001
core   0: 0x8000422e (0x41765d93) srai    s11, a2, 23
core   0: 3 0x8000422e (0x41765d93) x27 0x00000000
core   0: 0x80004232 (0x00000b2e) c.slli  s6, 11
core   0: 3 0x80004232 (0x0b2e) x22 0x01de2000
core   0: 0x80004234 (0x2d0c2f13) slti    t5, s8, 720
core   0: 3 0x80004234 (0x2d0c2f13) x30 0x00000001
core   0: 0x80004238 (0x3402d4f3) csrrwi  s1, mscratch, 5
core   0: 3 0x80004238 (0x3402d4f3) x9  0x0000000e c832_mscratch 0x00000005
core   0: 0x8000423c (0x0000100f) fence.i
core   0: 3 0x8000423c (0x0000100f)
core   0: 0x80004240 (0x02d8bf33) mulhu   t5, a7, a3
core   0: 3 0x80004240 (0x02d8bf33) x30 0x00000000
core   0: 0x80004244 (0x030ea933) mulhsu  s2, t4, a6
core   0: 3 0x80004244 (0x030ea933) x18 0xffffffff
core   0: 0x80004248 (0x40cc0fb3) sub     t6, s8, a2
core   0: 3 0x80004248 (0x40cc0fb3) x31 0x00000007
core   0: 0x8000424c (0x034a6763) bltu    s4, s4, pc + 46
core   0: 3 0x8000424c (0x034a6763)
core   0: 0x80004250 (0x41068d33) sub     s10, a3, a6
core   0: 3 0x80004250 (0x41068d33) x26 0x80023cd5
core   0: 0x80004254 (0x02f2cc33) div     s8, t0, a5
core   0: 3 0x80004254 (0x02f2cc33) x24 0xffffffff
core   0: 0x80004258 (0x340baa73) csrrs   s4, mscratch, s7
core   0: 3 0x80004258 (0x340baa73) x20 0x00000005 c832_mscratch 0x80003fdd
core   0: 0x8000425c (0x016efeb3) and     t4, t4, s6
core   0: 3 0x8000425c (0x016efeb3) x29 0x01de2000
core   0: 0x80004260 (0x51f46913) ori     s2, s0, 1311
core   0: 3 0x80004260 (0x51f46913) x18 0xfffffdff
core   0: 0x80004264 (0x00008d19) c.sub   a0, a4
core   0: 3 0x80004264 (0x8d19) x10 0x800042bb
core   0: 0x80004266 (0x02c259b3) divu    s3, tp, a2
core   0: 3 0x80004266 (0x02c259b3) x19 0x00000001
core   0: 0x8000426a (0x000087f5) c.srai  a5, 29
core   0: 3 0x8000426a (0x87f5) x15 0x00000000
core   0: 0x8000426c (0x8014ea13) ori     s4, s1, -2047
core   0: 3 0x8000426c (0x8014ea13) x20 0xfffff80f
core   0: 0x80004270 (0x0000717d) c.addi16sp sp, -16
core   0: 3 0x80004270 (0x717d) x2  0x80004024
core   0: 0x80004272 (0x001cd4b3) srl     s1, s9, ra
core   0: 3 0x80004272 (0x001cd4b3) x9  0x00000000
core   0: 0x80004276 (0x4164d793) srai    a5, s1, 22
core   0: 3 0x80004276 (0x4164d793) x15 0x00000000
core   0: 0x8000427a (0x34006873) csrrsi  a6, mscratch, 0
core   0: 3 0x8000427a (0x34006873) x16 0x80003fdd
core   0: 0x8000427e (0x34031073) csrw    mscratch, t1
core   0: 3 0x8000427e (0x34031073) c832_mscratch 0x8000414c
core   0: 0x80004282 (0x00c28863) beq     t0, a2, pc + 16
core   0: 3 0x80004282 (0x00c28863)
core   0: 0x80004286 (0xab521d17) auipc   s10, 0xab521
core   0: 3 0x80004286 (0xab521d17) x26 0x2b525286
core   0: 0x8000428a (0x34002e73) csrr    t3, mscratch
core   0: 3 0x8000428a (0x34002e73) x28 0x8000414c
core   0: 0x8000428e (0x0000983a) c.add   a6, a4
core   0: 3 0x8000428e (0x983a) x16 0x80003fdb
core   0: 0x80004290 (0x00009f8a) c.add   t6, sp
core   0: 3 0x80004290 (0x9f8a) x31 0x8000402b
core   0: 0x80004292 (0x0000c715) c.beqz  a4, pc + 44
core   0: 3 0x80004292 (0xc715)
core   0: 0x80004294 (0x01f68733) add     a4, a3, t6
core   0: 3 0x80004294 (0x01f68733) x14 0x00027d0f
core   0: 0x80004298 (0x01dca133) slt     sp, s9, t4
core   0: 3 0x80004298 (0x01dca133) x2  0x00000001
core   0: 0x8000429c (0x69ade713) ori     a4, s11, 1690
core   0: 3 0x8000429c (0x69ade713) x14 0x0000069a
core   0: 0x800042a0 (0x032c5c33) divu    s8, s8, s2
core   0: 3 0x800042a0 (0x032c5c33) x24 0x00000001
core   0: 0x800042a4 (0x07373a93) sltiu   s5, a4, 115
core   0: 3 0x800042a4 (0x07373a93) x21 0x00000000
core   0: 0x800042a8 (0x00000001) c.nop
core   0: 3 0x800042a8 (0x0001)
core   0: 0x800042aa (0x41a0d113) srai    sp, ra, 26
core   0: 3 0x800042aa (0x41a0d113) x2  0x00000000
core   0: 0x800042ae (0x03849b33) mulh    s6, s1, s8
core   0: 3 0x800042ae (0x03849b33) x22 0x00000000
core   0: 0x800042b2 (0x0000597d) c.li    s2, -1
core   0: 3 0x800042b2 (0x597d) x18 0xffffffff
core   0: 0x800042b4 (0x00000001) c.nop
core   0: 3 0x800042b4 (0x0001)
core   0: 0x800042b6 (0x00008dee) c.mv    s11, s11
core   0: 3 0x800042b6 (0x8dee) x27 0x00000000
core   0: 0x800042b8 (0x0000100f) fence.i
core   0: 3 0x800042b8 (0x0000100f)
core   0: 0x800042bc (0x00000084) c.addi4spn s1, sp, 64
core   0: 3 0x800042bc (0x0084) x9  0x00000040
core   0: 0x800042be (0x00001484) c.addi4spn s1, sp, 608
core   0: 3 0x800042be (0x1484) x9  0x00000260
core   0: 0x800042c0 (0x00008b89) c.andi  a5, 2
core   0: 3 0x800042c0 (0x8b89) x15 0x00000000
core   0: 0x800042c2 (0x0154a9b3) slt     s3, s1, s5
core   0: 3 0x800042c2 (0x0154a9b3) x19 0x00000000
core   0: 0x800042c6 (0x0fafa793) slti    a5, t6, 250
core   0: 3 0x800042c6 (0x0fafa793) x15 0x00000001
core   0: 0x800042ca (0x00000d09) c.addi  s10, 2
core   0: 3 0x800042ca (0x0d09) x26 0x2b525288
core   0: 0x800042cc (0x00c157b3) srl     a5, sp, a2
core   0: 3 0x800042cc (0x00c157b3) x15 0x00000000
core   0: 0x800042d0 (0xae060217) auipc   tp, 0xae060
core   0: 3 0x800042d0 (0xae060217) x4  0x2e0642d0
core   0: 0x800042d4 (0x03ed0433) mul     s0, s10, t5
core   0: 3 0x800042d4 (0x03ed0433) x8  0x00000000
core   0: 0x800042d8 (0xcb60bd93) sltiu   s11, ra, -842
core   0: 3 0x800042d8 (0xcb60bd93) x27 0x00000001
core   0: 0x800042dc (0x4bdcea37) lui     s4, 0x4bdce
core   0: 3 0x800042dc (0x4bdcea37) x20 0x4bdce000
core   0: 0x800042e0 (0x0000885e) c.mv    a6, s7
core   0: 3 0x800042e0 (0x885e) x16 0x80003fd8
core   0: 0x800042e2 (0xad1f4a17) auipc   s4, 0xad1f4
core   0: 3 0x800042e2 (0xad1f4a17) x20 0x2d1f82e2
core   0: 0x800042e6 (0x340cebf3) csrrsi  s7, mscratch, 25
core   0: 3 0x800042e6 (0x340cebf3) x23 0x8000414c c832_mscratch 0x8000415d
core   0: 0x800042ea (0xe167a513) slti    a0, a5, -490
core   0: 3 0x800042ea (0xe167a513) x10 0x00000000
core   0: 0x800042ee (0x23f50797) auipc   a5, 0x23f50
core   0: 3 0x800042ee (0x23f50797) x15 0xa3f542ee
core   0: 0x800042f2 (0x4172d433) sra     s0, t0, s7
core   0: 3 0x800042f2 (0x4172d433) x8  0x00014400
core   0: 0x800042f6 (0x417980b3) sub     ra, s3, s7
core   0: 3 0x800042f6 (0x417980b3) x1  0x7fffbeb4
core   0: 0x800042fa (0x04ade063) bltu    s11, a0, pc + 64
core   0: 3 0x800042fa (0x04ade063)
core   0: 0x800042fe (0x01186d33) or      s10, a6, a7
core   0: 3 0x800042fe (0x01186d33) x26 0x80003fd8
core   0: 0x80004302 (0x00008bf1) c.andi  a5, 28
core   0: 3 0x80004302 (0x8bf1) x15 0x0000000c
core   0: 0x80004304 (0xfd0ce493) ori     s1, s9, -48
core   0: 3 0x80004304 (0xfd0ce493) x9  0xffffffd8
core   0: 0x80004308 (0x3409d2f3) csrrwi  t0, mscratch, 19
core   0: 3 0x80004308 (0x3409d2f3) x5  0x8000415d c832_mscratch 0x00000013
core   0: 0x8000430c (0x03dac333) div     t1, s5, t4
core   0: 3 0x8000430c (0x03dac333) x6  0x00000000
core   0: 0x80004310 (0x0269abb3) mulhsu  s7, s3, t1
core   0: 3 0x80004310 (0x0269abb3) x23 0x00000000
core   0: 0x80004314 (0xd81b3d93) sltiu   s11, s6, -639
core   0: 3 0x80004314 (0xd81b3d93) x27 0x00000001
core   0: 0x80004318 (0x0000c789) c.beqz  a5, pc + 10
core   0: 3 0x80004318 (0xc789)
core   0: 0x8000431a (0x00333bb3) sltu    s7, t1, gp
core   0: 3 0x8000431a (0x00333bb3) x23 0x00000001
core   0: 0x8000431e (0xae5b7413) andi    s0, s6, -1307
core   0: 3 0x8000431e (0xae5b7413) x8  0x00000000
core   0: 0x80004322 (0x00000001) c.nop
core   0: 3 0x80004322 (0x0001)
core   0: 0x80004324 (0x3402fcf3) csrrci  s9, mscratch, 5
core   0: 3 0x80004324 (0x3402fcf3) x25 0x00000013 c832_mscratch 0x00000012
core   0: 0x80004328 (0x026b1933) mulh    s2, s6, t1
core   0: 3 0x80004328 (0x026b1933) x18 0x00000000
core   0: 0x8000432c (0x41a45a93) srai    s5, s0, 26
core   0: 3 0x8000432c (0x41a45a93) x21 0x00000000
core   0: 0x80004330 (0x0408f163) bgeu    a7, zero, pc + 66
core   0: 3 0x80004330 (0x0408f163)
core   0: 0x80004372 (0x02a51bb3) mulh    s7, a0, a0
core   0: 3 0x80004372 (0x02a51bb3) x23 0x00000000
core   0: 0x80004376 (0x34009173) csrrw   sp, mscratch, ra
core   0: 3 0x80004376 (0x34009173) x2  0x00000012 c832_mscratch 0x7fffbeb4
core   0: 0x8000437a (0x032ba533) mulhsu  a0, s7, s2
core   0: 3 0x8000437a (0x032ba533) x10 0x00000000
core   0: 0x8000437e (0x00000001) c.nop
core   0: 3 0x8000437e (0x0001)
core   0: 0x80004380 (0x413bd813) srai    a6, s7, 19
core   0: 3 0x80004380 (0x413bd813) x16 0x00000000
core   0: 0x80004384 (0x24c71a17) auipc   s4, 0x24c71
core   0: 3 0x80004384 (0x24c71a17) x20 0xa4c75384
core   0: 0x80004388 (0x00e99f93) slli    t6, s3, 14
core   0: 3 0x80004388 (0x00e99f93) x31 0x00000000
core   0: 0x8000438c (0xd82a2c17) auipc   s8, 0xd82a2
core   0: 3 0x8000438c (0xd82a2c17) x24 0x582a638c
core   0: 0x80004390 (0x00000804) c.addi4spn s1, sp, 16
core   0: 3 0x80004390 (0x0804) x9  0x00000022
core   0: 0x80004392 (0x0198a433) slt     s0, a7, s9
core   0: 3 0x80004392 (0x0198a433) x8  0x00000001
core   0: 0x80004396 (0x87da6bb7) lui     s7, 0x87da6
core   0: 3 0x80004396 (0x87da6bb7) x23 0x87da6000
core   0: 0x8000439a (0x34006773) csrrsi  a4, mscratch, 0
core   0: 3 0x8000439a (0x34006773) x14 0x7fffbeb4
core   0: 0x8000439e (0x0000100f) fence.i
core   0: 3 0x8000439e (0x0000100f)
core   0: 0x800043a2 (0xda802013) slti    zero, zero, -600
core   0: 3 0x800043a2 (0xda802013)
core   0: 0x800043a6 (0x0000c801) c.beqz  s0, pc + 16
core   0: 3 0x800043a6 (0xc801)
core   0: 0x800043a8 (0x00000001) c.nop
core   0: 3 0x800043a8 (0x0001)
core   0: 0x800043aa (0x004aacb3) slt     s9, s5, tp
core   0: 3 0x800043aa (0x004aacb3) x25 0x00000001
core   0: 0x800043ae (0x40df5833) sra     a6, t5, a3
core   0: 3 0x800043ae (0x40df5833) x16 0x00000000
core   0: 0x800043b2 (0x34091e73) csrrw   t3, mscratch, s2
core   0: 3 0x800043b2 (0x34091e73) x28 0x7fffbeb4 c832_mscratch 0x00000000
core   0: 0x800043b6 (0x011b4cb3) xor     s9, s6, a7
core   0: 3 0x800043b6 (0x011b4cb3) x25 0x00000000
core   0: 0x800043ba (0x025f0b33) mul     s6, t5, t0
core   0: 3 0x800043ba (0x025f0b33) x22 0x00000000
core   0: 0x800043be (0x4627cd93) xori    s11, a5, 1122
core   0: 3 0x800043be (0x4627cd93) x27 0x0000046e
core   0: 0x800043c2 (0x03388fb3) mul     t6, a7, s3
core   0: 3 0x800043c2 (0x03388fb3) x31 0x00000000
core   0: 0x800043c6 (0x031b1e33) mulh    t3, s6, a7
core   0: 3 0x800043c6 (0x031b1e33) x28 0x00000000
core   0: 0x800043ca (0x34003ef3) csrrc   t4, mscratch, zero
core   0: 3 0x800043ca (0x34003ef3) x29 0x00000000
core   0: 0x800043ce (0x01c161b3) or      gp, sp, t3
core   0: 3 0x800043ce (0x01c161b3) x3  0x00000012
core   0: 0x800043d2 (0x02767897) auipc   a7, 0x2767
core   0: 3 0x800043d2 (0x02767897) x17 0x8276b3d2
core   0: 0x800043d6 (0x00008f01) c.sub   a4, s0
core   0: 3 0x800043d6 (0x8f01) x14 0x7fffbeb3
core   0: 0x800043d8 (0x38fdf213) andi    tp, s11, 911
core   0: 3 0x800043d8 (0x38fdf213) x4  0x0000000e
core   0: 0x800043dc (0x2587c613) xori    a2, a5, 600
core   0: 3 0x800043dc (0x2587c613) x12 0x00000254
core   0: 0x800043e0 (0xebc108b7) lui     a7, 0xebc10
core   0: 3 0x800043e0 (0xebc108b7) x17 0xebc10000
core   0: 0x800043e4 (0x0000100f) fence.i
core   0: 3 0x800043e4 (0x0000100f)
core   0: 0x800043e8 (0x008a0833) add     a6, s4, s0
core   0: 3 0x800043e8 (0x008a0833) x16 0xa4c75385
core   0: 0x800043ec (0x03d2beb3) mulhu   t4, t0, t4
core   0: 3 0x800043ec (0x03d2beb3) x29 0x00000000
core   0: 0x800043f0 (0xcbb23613) sltiu   a2, tp, -837
core   0: 3 0x800043f0 (0xcbb23613) x12 0x00000001
core   0: 0x800043f4 (0x00000080) c.addi4spn s0, sp, 64
core   0: 3 0x800043f4 (0x0080) x8  0x00000052
core   0: 0x800043f6 (0x00000cde) c.slli  s9, 23
core   0: 3 0x800043f6 (0x0cde) x25 0x00000000
core   0: 0x800043f8 (0x00881413) slli    s0, a6, 8
core   0: 3 0x800043f8 (0x00881413) x8  0xc7538500
core   0: 0x800043fc (0x0000086a) c.slli  a6, 26
core   0: 3 0x800043fc (0x086a) x16 0x14000000
core   0: 0x800043fe (0x6a02a413) slti    s0, t0, 1696
core   0: 3 0x800043fe (0x6a02a413) x8  0x00000001
core   0: 0x80004402 (0x00591fb3) sll     t6, s2, t0
core   0: 3 0x80004402 (0x00591fb3) x31 0x00000000
core   0: 0x80004406 (0x011949b3) xor     s3, s2, a7
core   0: 3 0x80004406 (0x011949b3) x19 0xebc10000
core   0: 0x8000440a (0x00008659) c.srai  a2, 22
core   0: 3 0x8000440a (0x8659) x12 0x00000000
core   0: 0x8000440c (0x02289963) bne     a7, sp, pc + 50
core   0: 3 0x8000440c (0x02289963)
core   0: 0x8000443e (0x00fc4933) xor     s2, s8, a5
core   0: 3 0x8000443e (0x00fc4933) x18 0x582a6380
core   0: 0x80004442 (0x016ca633) slt     a2, s9, s6
core   0: 3 0x80004442 (0x016ca633) x12 0x00000000
core   0: 0x80004446 (0x000084a1) c.srai  s1, 8
core   0: 3 0x80004446 (0x84a1) x9  0x00000000
core   0: 0x80004448 (0x01050363) beq     a0, a6, pc + 6
core   0: 3 0x80004448 (0x01050363)
core   0: 0x8000444c (0x00000001) c.nop
core   0: 3 0x8000444c (0x0001)
core   0: 0x8000444e (0x0000100f) fence.i
core   0: 3 0x8000444e (0x0000100f)
core   0: 0x80004452 (0x00000001) c.nop
core   0: 3 0x80004452 (0x0001)
core   0: 0x80004454 (0x34086273) csrrsi  tp, mscratch, 16
core   0: 3 0x80004454 (0x34086273) x4  0x00000000 c832_mscratch 0x00000010
core   0: 0x80004458 (0x00aedc13) srli    s8, t4, 10
core   0: 3 0x80004458 (0x00aedc13) x24 0x00000000
core   0: 0x8000445c (0x0ff0000f) fence   iorw,iorw
core   0: 3 0x8000445c (0x0ff0000f)
core   0: 0x80004460 (0x9e7f7c93) andi    s9, t5, -1561
core   0: 3 0x80004460 (0x9e7f7c93) x25 0x00000000
core   0: 0x80004464 (0x039639b3) mulhu   s3, a2, s9
core   0: 3 0x80004464 (0x039639b3) x19 0x00000000
core   0: 0x80004468 (0x0000100f) fence.i
core   0: 3 0x80004468 (0x0000100f)
core   0: 0x8000446c (0x0ff0000f) fence   iorw,iorw
core   0: 3 0x8000446c (0x0ff0000f)
core   0: 0x80004470 (0x4006d613) srai    a2, a3, 0
core   0: 3 0x80004470 (0x4006d613) x12 0x80023ce4
core   0: 0x80004474 (0x00000db9) c.addi  s11, 14
core   0: 3 0x80004474 (0x0db9) x27 0x0000047c
core   0: 0x80004476 (0x00008e79) c.and   a2, a4
core   0: 3 0x80004476 (0x8e79) x12 0x00023ca0
core   0: 0x80004478 (0x01f89e93) slli    t4, a7, 31
core   0: 3 0x80004478 (0x01f89e93) x29 0x00000000
core   0: 0x8000447c (0x41495a93) srai    s5, s2, 20
core   0: 3 0x8000447c (0x41495a93) x21 0x00000582
core   0: 0x80004480 (0x00000001) c.nop
core   0: 3 0x80004480 (0x0001)
core   0: 0x80004482 (0x00f7ebb3) or      s7, a5, a5
core   0: 3 0x80004482 (0x00f7ebb3) x23 0x0000000c
core   0: 0x80004486 (0x00008f11) c.sub   a4, a2
core   0: 3 0x80004486 (0x8f11) x14 0x7ffd8213
core   0: 0x80004488 (0x41f2b013) sltiu   zero, t0, 1055
core   0: 3 0x80004488 (0x41f2b013)
core   0: 0x8000448c (0x340dabf3) csrrs   s7, mscratch, s11
core   0: 3 0x8000448c (0x340dabf3) x23 0x00000010 c832_mscratch 0x0000047c
core   0: 0x80004490 (0x00e45463) bge     s0, a4, pc + 8
core   0: 3 0x80004490 (0x00e45463)
core   0: 0x80004494 (0x37eea293) slti    t0, t4, 894
core   0: 3 0x80004494 (0x37eea293) x5  0x00000001
core   0: 0x80004498 (0x0000c815) c.beqz  s0, pc + 52
core   0: 3 0x80004498 (0xc815)
core   0: 0x8000449a (0x03386f63) bltu    a6, s3, pc + 62
core   0: 3 0x8000449a (0x03386f63)
core   0: 0x8000449e (0x00008c45) c.or    s0, s1
core   0: 3 0x8000449e (0x8c45) x8  0x00000001
core   0: 0x800044a0 (0x00009abe) c.add   s5, a5
core   0: 3 0x800044a0 (0x9abe) x21 0x0000058e
core   0: 0x800044a2 (0x0ff0000f) fence   iorw,iorw
core   0: 3 0x800044a2 (0x0ff0000f)
core   0: 0x800044a6 (0x00004997) auipc   s3, 0x4
core   0: 3 0x800044a6 (0x00004997) x19 0x800084a6
core   0: 0x800044aa (0xcac98993) addi    s3, s3, -852
core   0: 3 0x800044aa (0xcac98993) x19 0x80008152
core   0: 0x800044ae (0x0ff0000f) fence   iorw,iorw
core   0: 3 0x800044ae (0x0ff0000f)
core   0: 0x800044b2 (0x53bfe813) ori     a6, t6, 1339
core   0: 3 0x800044b2 (0x53bfe813) x16 0x0000053b
core   0: 0x800044b6 (0x2de98993) addi    s3, s3, 734
core   0: 3 0x800044b6 (0x2de98993) x19 0x80008430
core   0: 0x800044ba (0x0187c763) blt     a5, s8, pc + 14
core   0: 3 0x800044ba (0x0187c763)
core   0: 0x800044be (0x0141acb3) slt     s9, gp, s4
core   0: 3 0x800044be (0x0141acb3) x25 0x00000000
core   0: 0x800044c2 (0x00008a65) c.andi  a2, 25
core   0: 3 0x800044c2 (0x8a65) x12 0x00000000
core   0: 0x800044c4 (0x00d8ecb3) or      s9, a7, a3
core   0: 3 0x800044c4 (0x00d8ecb3) x25 0xebc33ce4
core   0: 0x800044c8 (0xd22981e7) jalr    gp, s3, -734
core   0: 3 0x800044c8 (0xd22981e7) x3  0x800044cc
core   0: 0x80008152 (0xfd058593) addi    a1, a1, -48
core   0: 3 0x80008152 (0xfd058593) x11 0x8001fe34
core   0: 0x80008156 (0x00008fdd) c.or    a5, a5
core   0: 3 0x80008156 (0x8fdd) x15 0x0000000c
core   0: 0x80008158 (0x00009412) c.add   s0, tp
core   0: 3 0x80008158 (0x9412) x8  0x00000001
core   0: 0x8000815a (0x019b0033) add     zero, s6, s9
core   0: 3 0x8000815a (0x019b0033)
core   0: 0x8000815e (0x0035a223) sw      gp, 4(a1)
core   0: 3 0x8000815e (0x0035a223) mem 0x8001fe38 0x800044cc
core   0: 0x80008162 (0x0363cab3) div     s5, t2, s6
core   0: 3 0x80008162 (0x0363cab3) x21 0xffffffff
core   0: 0x80008166 (0x028001ef) jal     gp, pc + 0x28
core   0: 3 0x80008166 (0x028001ef) x3  0x8000816a
core   0: 0x8000818e (0x000037fd) c.jal   pc - 18
core   0: 3 0x8000818e (0x37fd) x1  0x80008190
core   0: 0x8000817c (0x00002009) c.jal   pc + 2
core   0: 3 0x8000817c (0x2009) x1  0x8000817e
core   0: 0x8000817e (0x00002029) c.jal   pc + 10
core   0: 3 0x8000817e (0x2029) x1  0x80008180
core   0: 0x80008188 (0xffdff0ef) jal     pc - 0x4
core   0: 3 0x80008188 (0xffdff0ef) x1  0x8000818c
core   0: 0x80008184 (0x0000a811) c.j     pc + 20
core   0: 3 0x80008184 (0xa811)
core   0: 0x80008198 (0x0000bff9) c.j     pc - 34
core   0: 3 0x80008198 (0xbff9)
core   0: 0x80008176 (0x0000a029) c.j     pc + 10
core   0: 3 0x80008176 (0xa029)
core   0: 0x80008180 (0x016000ef) jal     pc + 0x16
core   0: 3 0x80008180 (0x016000ef) x1  0x80008184
core   0: 0x80008196 (0x0000b7cd) c.j     pc - 30
core   0: 3 0x80008196 (0xb7cd)
core   0: 0x80008178 (0x0000200d) c.jal   pc + 34
core   0: 3 0x80008178 (0x200d) x1  0x8000817a
core   0: 0x8000819a (0x0000bfd9) c.j     pc - 42
core   0: 3 0x8000819a (0xbfd9)
core   0: 0x80008170 (0x0000a005) c.j     pc + 32
core   0: 3 0x80008170 (0xa005)
core   0: 0x80008190 (0xfe3ff7ef) jal     a5, pc - 0x1e
core   0: 3 0x80008190 (0xfe3ff7ef) x15 0x80008194
core   0: 0x80008172 (0x0000200d) c.jal   pc + 34
core   0: 3 0x80008172 (0x200d) x1  0x80008174
core   0: 0x80008194 (0x0000b7c5) c.j     pc - 32
core   0: 3 0x80008194 (0xb7c5)
core   0: 0x80008174 (0x0000bfdd) c.j     pc - 10
core   0: 3 0x80008174 (0xbfdd)
core   0: 0x8000816a (0x032002ef) jal     t0, pc + 0x32
core   0: 3 0x8000816a (0x032002ef) x5  0x8000816e
core   0: 0x8000819c (0xfdfff0ef) jal     pc - 0x22
core   0: 3 0x8000819c (0xfdfff0ef) x1  0x800081a0
core   0: 0x8000817a (0x00002031) c.jal   pc + 12
core   0: 3 0x8000817a (0x2031) x1  0x8000817c
core   0: 0x80008186 (0x0000a831) c.j     pc + 28
core   0: 3 0x80008186 (0xa831)
core   0: 0x800081a2 (0x000037ed) c.jal   pc - 22
core   0: 3 0x800081a2 (0x37ed) x1  0x800081a4
core   0: 0x8000818c (0x00002811) c.jal   pc + 20
core   0: 3 0x8000818c (0x2811) x1  0x8000818e
core   0: 0x800081a0 (0x000037f9) c.jal   pc - 50
core   0: 3 0x800081a0 (0x37f9) x1  0x800081a2
core   0: 0x8000816e (0x0000281d) c.jal   pc + 54
core   0: 3 0x8000816e (0x281d) x1  0x80008170
core   0: 0x800081a4 (0x34003cf3) csrrc   s9, mscratch, zero
core   0: 3 0x800081a4 (0x34003cf3) x25 0x0000047c
core   0: 0x800081a8 (0x00db6c33) or      s8, s6, a3
core   0: 3 0x800081a8 (0x00db6c33) x24 0x80023ce4
core   0: 0x800081ac (0x01a29c63) bne     t0, s10, pc + 24
core   0: 3 0x800081ac (0x01a29c63)
core   0: 0x800081c4 (0x00000001) c.nop
core   0: 3 0x800081c4 (0x0001)
core   0: 0x800081c6 (0x00004821) c.li    a6, 8
core   0: 3 0x800081c6 (0x4821) x16 0x00000008
core   0: 0x800081c8 (0x04e4eb63) bltu    s1, a4, pc + 86
core   0: 3 0x800081c8 (0x04e4eb63)
core   0: 0x8000821e (0x00008d59) c.or    a0, a4
core   0: 3 0x8000821e (0x8d59) x10 0x7ffd8213
core   0: 0x80008220 (0x00000001) c.nop
core   0: 3 0x80008220 (0x0001)
core   0: 0x80008222 (0x41725cb3) sra     s9, tp, s7
core   0: 3 0x80008222 (0x41725cb3) x25 0x00000000
core   0: 0x80008226 (0x34007cf3) csrrci  s9, mscratch, 0
core   0: 3 0x80008226 (0x34007cf3) x25 0x0000047c
core   0: 0x8000822a (0x0090d7b3) srl     a5, ra, s1
core   0: 3 0x8000822a (0x0090d7b3) x15 0x80008170
core   0: 0x8000822e (0x0000e70d) c.bnez  a4, pc + 42
core   0: 3 0x8000822e (0xe70d)
core   0: 0x80008258 (0x340e5df3) csrrwi  s11, mscratch, 28
core   0: 3 0x80008258 (0x340e5df3) x27 0x0000047c c832_mscratch 0x0000001c
core   0: 0x8000825c (0x01f6e363) bltu    a3, t6, pc + 6
core   0: 3 0x8000825c (0x01f6e363)
core   0: 0x80008260 (0x00008cbd) c.xor   s1, a5
core   0: 3 0x80008260 (0x8cbd) x9  0x80008170
core   0: 0x80008262 (0x67c84193) xori    gp, a6, 1660
core   0: 3 0x80008262 (0x67c84193) x3  0x00000674
core   0: 0x80008266 (0x0229f063) bgeu    s3, sp, pc + 32
core   0: 3 0x80008266 (0x0229f063)
core   0: 0x80008286 (0x34036473) csrrsi  s0, mscratch, 6
core   0: 3 0x80008286 (0x34036473) x8  0x0000001c c832_mscratch 0x0000001e
core   0: 0x8000828a (0x0242d433) divu    s0, t0, tp
core   0: 3 0x8000828a (0x0242d433) x8  0xffffffff
core   0: 0x8000828e (0x03c52133) mulhsu  sp, a0, t3
core   0: 3 0x8000828e (0x03c52133) x2  0x00000000
core   0: 0x80008292 (0x00008e29) c.xor   a2, a0
core   0: 3 0x80008292 (0x8e29) x12 0x7ffd8213
core   0: 0x80008294 (0x00008c89) c.sub   s1, a0
core   0: 3 0x80008294 (0x8c89) x9  0x0002ff5d
core   0: 0x80008296 (0x00018a17) auipc   s4, 0x18
core   0: 3 0x80008296 (0x00018a17) x20 0x80020296
core   0: 0x8000829a (0x9c203a93) sltiu   s5, zero, -1598
core   0: 3 0x8000829a (0x9c203a93) x21 0x00000001
core   0: 0x8000829e (0x34055df3) csrrwi  s11, mscratch, 10
core   0: 3 0x8000829e (0x34055df3) x27 0x0000001e c832_mscratch 0x0000000a
core   0: 0x800082a2 (0x89f71097) auipc   ra, 0x89f71
core   0: 3 0x800082a2 (0x89f71097) x1  0x09f792a2
core   0: 0x800082a6 (0x02d1c163) blt     gp, a3, pc + 34
core   0: 3 0x800082a6 (0x02d1c163)
core   0: 0x800082aa (0x00aa4ab3) xor     s5, s4, a0
core   0: 3 0x800082aa (0x00aa4ab3) x21 0xffff8085
core   0: 0x800082ae (0x010e7a33) and     s4, t3, a6
core   0: 3 0x800082ae (0x010e7a33) x20 0x00000000
core   0: 0x800082b2 (0x00055d63) bgez    a0, pc + 26
core   0: 3 0x800082b2 (0x00055d63)
core   0: 0x800082cc (0x41a45733) sra     a4, s0, s10
core   0: 3 0x800082cc (0x41a45733) x14 0xffffffff
core   0: 0x800082d0 (0x40125493) srai    s1, tp, 1
core   0: 3 0x800082d0 (0x40125493) x9  0x00000000
core   0: 0x800082d4 (0x41a482b3) sub     t0, s1, s10
core   0: 3 0x800082d4 (0x41a482b3) x5  0x7fffc028
core   0: 0x800082d8 (0x0045a183) lw      gp, 4(a1)
core   0: 3 0x800082d8 (0x0045a183) x3  0x800044cc mem 0x8001fe38
core   0: 0x800082dc (0x0000100f) fence.i
core   0: 3 0x800082dc (0x0000100f)
core   0: 0x800082e0 (0x4f9f6e13) ori     t3, t5, 1273
core   0: 3 0x800082e0 (0x4f9f6e13) x28 0x000004f9
core   0: 0x800082e4 (0x40155713) srai    a4, a0, 1
core   0: 3 0x800082e4 (0x40155713) x14 0x3ffec109
core   0: 0x800082e8 (0x03058593) addi    a1, a1, 48
core   0: 3 0x800082e8 (0x03058593) x11 0x8001fe64
core   0: 0x800082ec (0x41f40f33) sub     t5, s0, t6
core   0: 3 0x800082ec (0x41f40f33) x30 0xffffffff
core   0: 0x800082f0 (0x340278f3) csrrci  a7, mscratch, 4
core   0: 3 0x800082f0 (0x340278f3) x17 0x0000000a c832_mscratch 0x0000000a
core   0: 0x800082f4 (0x340234f3) csrrc   s1, mscratch, tp
core   0: 3 0x800082f4 (0x340234f3) x9  0x0000000a c832_mscratch 0x0000000a
core   0: 0x800082f8 (0x00118d13) addi    s10, gp, 1
core   0: 3 0x800082f8 (0x00118d13) x26 0x800044cd
core   0: 0x800082fc (0x00008d02) c.jr    s10
core   0: 3 0x800082fc (0x8d02)
core   0: 0x800044cc (0x00000712) c.slli  a4, 4
core   0: 3 0x800044cc (0x0712) x14 0xffec1090
core   0: 0x800044ce (0x00008f81) c.sub   a5, s0
core   0: 3 0x800044ce (0x8f81) x15 0x80008171
core   0: 0x800044d0 (0x414c5493) srai    s1, s8, 20
core   0: 3 0x800044d0 (0x414c5493) x9  0xfffff800
core   0: 0x800044d4 (0x00877d63) bgeu    a4, s0, pc + 26
core   0: 3 0x800044d4 (0x00877d63)
core   0: 0x800044d8 (0x00110633) add     a2, sp, ra
core   0: 3 0x800044d8 (0x00110633) x12 0x09f792a2
core   0: 0x800044dc (0x02f007b3) mul     a5, zero, a5
core   0: 3 0x800044dc (0x02f007b3) x15 0x00000000
core   0: 0x800044e0 (0x27a1a713) slti    a4, gp, 634
core   0: 3 0x800044e0 (0x27a1a713) x14 0x00000001
core   0: 0x800044e4 (0xfee38d13) addi    s10, t2, -18
core   0: 3 0x800044e4 (0xfee38d13) x26 0xffffffee
core   0: 0x800044e8 (0x0000ce1d) c.beqz  a2, pc + 62
core   0: 3 0x800044e8 (0xce1d)
core   0: 0x800044ea (0x327dd817) auipc   a6, 0x327dd
core   0: 3 0x800044ea (0x327dd817) x16 0xb27e14ea
core   0: 0x800044ee (0x97a93c93) sltiu   s9, s2, -1670
core   0: 3 0x800044ee (0x97a93c93) x25 0x00000001
core   0: 0x800044f2 (0x00000001) c.nop
core   0: 3 0x800044f2 (0x0001)
core   0: 0x800044f4 (0x3403d7f3) csrrwi  a5, mscratch, 7
core   0: 3 0x800044f4 (0x3403d7f3) x15 0x0000000a c832_mscratch 0x00000007
core   0: 0x800044f8 (0x0000825d) c.srli  a2, 23
core   0: 3 0x800044f8 (0x825d) x12 0x00000013
core   0: 0x800044fa (0x00000001) c.nop
core   0: 3 0x800044fa (0x0001)
core   0: 0x800044fc (0x0323ceb3) div     t4, t2, s2
core   0: 3 0x800044fc (0x0323ceb3) x29 0x00000000
core   0: 0x80004500 (0x00008095) c.srli  s1, 5
core   0: 3 0x80004500 (0x8095) x9  0x07ffffc0
core   0: 0x80004502 (0x00008d55) c.or    a0, a3
core   0: 3 0x80004502 (0x8d55) x10 0xffffbef7
core   0: 0x80004504 (0x055a6263) bltu    s4, s5, pc + 68
core   0: 3 0x80004504 (0x055a6263)
core   0: 0x80004548 (0xd6574d93) xori    s11, a4, -667
core   0: 3 0x80004548 (0xd6574d93) x27 0xfffffd64
core   0: 0x8000454c (0x02b7cb33) div     s6, a5, a1
core   0: 3 0x8000454c (0x02b7cb33) x22 0x00000000
core   0: 0x80004550 (0x0190dd93) srli    s11, ra, 25
core   0: 3 0x80004550 (0x0190dd93) x27 0x00000004
core   0: 0x80004554 (0x00000c35) c.addi  s8, 13
core   0: 3 0x80004554 (0x0c35) x24 0x80023cf1
core   0: 0x80004556 (0x405e09b3) sub     s3, t3, t0
core   0: 3 0x80004556 (0x405e09b3) x19 0x800044d1
core   0: 0x8000455a (0x340894f3) csrrw   s1, mscratch, a7
core   0: 3 0x8000455a (0x340894f3) x9  0x00000007 c832_mscratch 0x0000000a
core   0: 0x8000455e (0x0ff0000f) fence   iorw,iorw
core   0: 3 0x8000455e (0x0ff0000f)
core   0: 0x80004562 (0x02cda133) mulhsu  sp, s11, a2
core   0: 3 0x80004562 (0x02cda133) x2  0x00000000
core   0: 0x80004566 (0xa1ebc413) xori    s0, s7, -1506
core   0: 3 0x80004566 (0xa1ebc413) x8  0xfffffa0e
core   0: 0x8000456a (0x00006da1) c.lui   s11, 0x8
core   0: 3 0x8000456a (0x6da1) x27 0x00008000
core   0: 0x8000456c (0x00008641) c.srai  a2, 16
core   0: 3 0x8000456c (0x8641) x12 0x00000000
core   0: 0x8000456e (0x0000992e) c.add   s2, a1
core   0: 3 0x8000456e (0x992e) x18 0xd82c61e4
core   0: 0x80004570 (0x340d1773) csrrw   a4, mscratch, s10
core   0: 3 0x80004570 (0x340d1773) x14 0x0000000a c832_mscratch 0xffffffee
core   0: 0x80004574 (0x01787833) and     a6, a6, s7
core   0: 3 0x80004574 (0x01787833) x16 0x00000000
core   0: 0x80004578 (0x01885d93) srli    s11, a6, 24
core   0: 3 0x80004578 (0x01885d93) x27 0x00000000
core   0: 0x8000457c (0x0000845d) c.srai  s0, 23
core   0: 3 0x8000457c (0x845d) x8  0xffffffff
core   0: 0x8000457e (0x3404d373) csrrwi  t1, mscratch, 9
core   0: 3 0x8000457e (0x3404d373) x6  0xffffffee c832_mscratch 0x00000009
core   0: 0x80004582 (0x404088b3) sub     a7, ra, tp
core   0: 3 0x80004582 (0x404088b3) x17 0x09f792a2
core   0: 0x80004586 (0x009bdb63) bge     s7, s1, pc + 22
core   0: 3 0x80004586 (0x009bdb63)
core   0: 0x8000459c (0x02787bb3) remu    s7, a6, t2
core   0: 3 0x8000459c (0x02787bb3) x23 0x00000000
core   0: 0x800045a0 (0x0000100f) fence.i
core   0: 3 0x800045a0 (0x0000100f)
core   0: 0x800045a4 (0x405c8d33) sub     s10, s9, t0
core   0: 3 0x800045a4 (0x405c8d33) x26 0x80003fd9
core   0: 0x800045a8 (0x01337a63) bgeu    t1, s3, pc + 20
core   0: 3 0x800045a8 (0x01337a63)
core   0: 0x800045bc (0x00008275) c.srli  a2, 29
core   0: 3 0x800045bc (0x8275) x12 0x00000000
core   0: 0x800045be (0x02cca4b3) mulhsu  s1, s9, a2
core   0: 3 0x800045be (0x02cca4b3) x9  0x00000000
core   0: 0x800045c2 (0x0000167d) c.addi  a2, -1
core   0: 3 0x800045c2 (0x167d) x12 0xffffffff
core   0: 0x800045c4 (0x00107ab3) and     s5, zero, ra
core   0: 3 0x800045c4 (0x00107ab3) x21 0x00000000
core   0: 0x800045c8 (0x340f3173) csrrc   sp, mscratch, t5
core   0: 3 0x800045c8 (0x340f3173) x2  0x00000009 c832_mscratch 0x00000000
core   0: 0x800045cc (0x037c8833) mul     a6, s9, s7
core   0: 3 0x800045cc (0x037c8833) x16 0x00000000
core   0: 0x800045d0 (0x3402f073) csrci   mscratch, 5
core   0: 3 0x800045d0 (0x3402f073) c832_mscratch 0x00000000
core   0: 0x800045d4 (0x340adff3) csrrwi  t6, mscratch, 21
core   0: 3 0x800045d4 (0x340adff3) x31 0x00000000 c832_mscratch 0x00000015
core   0: 0x800045d8 (0x41e9dc13) srai    s8, s3, 30
core   0: 3 0x800045d8 (0x41e9dc13) x24 0xfffffffe
core   0: 0x800045dc (0x01a16e33) or      t3, sp, s10
core   0: 3 0x800045dc (0x01a16e33) x28 0x80003fd9
core   0: 0x800045e0 (0x3409d873) csrrwi  a6, mscratch, 19
core   0: 3 0x800045e0 (0x3409d873) x16 0x00000015 c832_mscratch 0x00000013
core   0: 0x800045e4 (0x00589fb3) sll     t6, a7, t0
core   0: 3 0x800045e4 (0x00589fb3) x31 0xf792a200
core   0: 0x800045e8 (0x00008889) c.andi  s1, 2
core   0: 3 0x800045e8 (0x8889) x9  0x00000000
core   0: 0x800045ea (0x0215fe37) lui     t3, 0x215f
core   0: 3 0x800045ea (0x0215fe37) x28 0x0215f000
core   0: 0x800045ee (0x01891b63) bne     s2, s8, pc + 22
core   0: 3 0x800045ee (0x01891b63)
core   0: 0x80004604 (0x000098fd) c.andi  s1, -1
core   0: 3 0x80004604 (0x98fd) x9  0x00000000
core   0: 0x80004606 (0x45335a37) lui     s4, 0x45335
core   0: 3 0x80004606 (0x45335a37) x20 0x45335000
core   0: 0x8000460a (0x0000885e) c.mv    a6, s7
core   0: 3 0x8000460a (0x885e) x16 0x00000000
core   0: 0x8000460c (0x41945c93) srai    s9, s0, 25
core   0: 3 0x8000460c (0x41945c93) x25 0xffffffff
core   0: 0x80004610 (0x00000001) c.nop
core   0: 3 0x80004610 (0x0001)
core   0: 0x80004612 (0x0065f963) bgeu    a1, t1, pc + 18
core   0: 3 0x80004612 (0x0065f963)
core   0: 0x80004616 (0x00654033) xor     zero, a0, t1
core   0: 3 0x80004616 (0x00654033)
core   0: 0x8000461a (0x09976363) bltu    a4, s9, pc + 134
core   0: 3 0x8000461a (0x09976363)
core   0: 0x800046a0 (0x00000001) c.nop
core   0: 3 0x800046a0 (0x0001)
core   0: 0x800046a2 (0x34049e73) csrrw   t3, mscratch, s1
core   0: 3 0x800046a2 (0x34049e73) x28 0x00000013 c832_mscratch 0x00000000
core   0: 0x800046a6 (0x05a77c13) andi    s8, a4, 90
core   0: 3 0x800046a6 (0x05a77c13) x24 0x0000000a
core   0: 0x800046aa (0x00000122) c.slli  sp, 8
core   0: 3 0x800046aa (0x0122) x2  0x00000900
core   0: 0x800046ac (0x01761a63) bne     a2, s7, pc + 20
core   0: 3 0x800046ac (0x01761a63)
core   0: 0x800046c0 (0x00321c63) bne     tp, gp, pc + 24
core   0: 3 0x800046c0 (0x00321c63)
core   0: 0x800046d8 (0x0255d633) divu    a2, a1, t0
core   0: 3 0x800046d8 (0x0255d633) x12 0x00000001
core   0: 0x800046dc (0x0000c205) c.beqz  a2, pc + 32
core   0: 3 0x800046dc (0xc205)
core   0: 0x800046de (0x00005a7d) c.li    s4, -1
core   0: 3 0x800046de (0x5a7d) x20 0xffffffff
core   0: 0x800046e0 (0x02c7bc33) mulhu   s8, a5, a2
core   0: 3 0x800046e0 (0x02c7bc33) x24 0x00000000
core   0: 0x800046e4 (0x0000808d) c.srli  s1, 3
core   0: 3 0x800046e4 (0x808d) x9  0x00000000
core   0: 0x800046e6 (0x00008c71) c.and   s0, a2
core   0: 3 0x800046e6 (0x8c71) x8  0x00000001
core   0: 0x800046e8 (0x0000813d) c.srli  a0, 15
core   0: 3 0x800046e8 (0x813d) x10 0x0001ffff
core   0: 0x800046ea (0x000e4933) xor     s2, t3, zero
core   0: 3 0x800046ea (0x000e4933) x18 0x00000013
core   0: 0x800046ee (0x34007473) csrrci  s0, mscratch, 0
core   0: 3 0x800046ee (0x34007473) x8  0x00000000
core   0: 0x800046f2 (0x00000001) c.nop
core   0: 3 0x800046f2 (0x0001)
core   0: 0x800046f4 (0x03849263) bne     s1, s8, pc + 36
core   0: 3 0x800046f4 (0x03849263)
core   0: 0x800046f8 (0x003bb733) sltu    a4, s7, gp
core   0: 3 0x800046f8 (0x003bb733) x14 0x00000001
core   0: 0x800046fc (0x0310f8b3) remu    a7, ra, a7
core   0: 3 0x800046fc (0x0310f8b3) x17 0x00000000
core   0: 0x80004700 (0x340ed4f3) csrrwi  s1, mscratch, 29
core   0: 3 0x80004700 (0x340ed4f3) x9  0x00000000 c832_mscratch 0x0000001d
core   0: 0x80004704 (0x00000ff2) c.slli  t6, 28
core   0: 3 0x80004704 (0x0ff2) x31 0x00000000
core   0: 0x80004706 (0x029e4a63) blt     t3, s1, pc + 52
core   0: 3 0x80004706 (0x029e4a63)
core   0: 0x8000470a (0x01ce4363) blt     t3, t3, pc + 6
core   0: 3 0x8000470a (0x01ce4363)
core   0: 0x8000470e (0x00008c45) c.or    s0, s1
core   0: 3 0x8000470e (0x8c45) x8  0x00000000
core   0: 0x80004710 (0x041af563) bgeu    s5, ra, pc + 74
core   0: 3 0x80004710 (0x041af563)
core   0: 0x80004714 (0x40190eb3) sub     t4, s2, ra
core   0: 3 0x80004714 (0x40190eb3) x29 0xf6086d71
core   0: 0x80004718 (0xfc00c893) xori    a7, ra, -64
core   0: 3 0x80004718 (0xfc00c893) x17 0xf6086d62
core   0: 0x8000471c (0x0118ff33) and     t5, a7, a7
core   0: 3 0x8000471c (0x0118ff33) x30 0xf6086d62
core   0: 0x80004720 (0x01309a13) slli    s4, ra, 19
core   0: 3 0x80004720 (0x01309a13) x20 0x95100000
core   0: 0x80004724 (0x81f56313) ori     t1, a0, -2017
core   0: 3 0x80004724 (0x81f56313) x6  0xffffffff
core   0: 0x80004728 (0x1148a893) slti    a7, a7, 276
core   0: 3 0x80004728 (0x1148a893) x17 0x00000001
core   0: 0x8000472c (0x02054b63) bltz    a0, pc + 54
core   0: 3 0x8000472c (0x02054b63)
core   0: 0x80004730 (0x026bd763) bge     s7, t1, pc + 46
core   0: 3 0x80004730 (0x026bd763)
core   0: 0x8000475e (0x01801033) sll     zero, zero, s8
core   0: 3 0x8000475e (0x01801033)
core   0: 0x80004762 (0x00845863) bge     s0, s0, pc + 16
core   0: 3 0x80004762 (0x00845863)
core   0: 0x80004772 (0x012c60b3) or      ra, s8, s2
core   0: 3 0x80004772 (0x012c60b3) x1  0x00000013
core   0: 0x80004776 (0x020f0f33) mul     t5, t5, zero
core   0: 3 0x80004776 (0x020f0f33) x30 0x00000000
core   0: 0x8000477a (0x00006269) c.lui   tp, 0x1a
core   0: 3 0x8000477a (0x6269) x4  0x0001a000
core   0: 0x8000477c (0x6ae4f437) lui     s0, 0x6ae4f
core   0: 3 0x8000477c (0x6ae4f437) x8  0x6ae4f000
core   0: 0x80004780 (0x00001684) c.addi4spn s1, sp, 864
core   0: 3 0x80004780 (0x1684) x9  0x00000c60
core   0: 0x80004782 (0x00008c2d) c.xor   s0, a1
core   0: 3 0x80004782 (0x8c2d) x8  0xeae50e64
core   0: 0x80004784 (0x00008e72) c.mv    t3, t3
core   0: 3 0x80004784 (0x8e72) x28 0x00000013
core   0: 0x80004786 (0x0215a9b3) mulhsu  s3, a1, ra
core   0: 3 0x80004786 (0x0215a9b3) x19 0xfffffff6
core   0: 0x8000478a (0x0000c709) c.beqz  a4, pc + 10
core   0: 3 0x8000478a (0xc709)
core   0: 0x8000478c (0x718c6c93) ori     s9, s8, 1816
core   0: 3 0x8000478c (0x718c6c93) x25 0x00000718
core   0: 0x80004790 (0x027a24b3) mulhsu  s1, s4, t2
core   0: 3 0x80004790 (0x027a24b3) x9  0x00000000
core   0: 0x80004794 (0x02886cb3) rem     s9, a6, s0
core   0: 3 0x80004794 (0x02886cb3) x25 0x00000000
core   0: 0x80004798 (0x00008d09) c.sub   a0, a0
core   0: 3 0x80004798 (0x8d09) x10 0x00000000
core   0: 0x8000479a (0x014c1613) slli    a2, s8, 20
core   0: 3 0x8000479a (0x014c1613) x12 0x00000000
core   0: 0x8000479e (0x01e87533) and     a0, a6, t5
core   0: 3 0x8000479e (0x01e87533) x10 0x00000000
core   0: 0x800047a2 (0x00008455) c.srai  s0, 21
core   0: 3 0x800047a2 (0x8455) x8  0xffffff57
core   0: 0x800047a4 (0x03b537b3) mulhu   a5, a0, s11
core   0: 3 0x800047a4 (0x03b537b3) x15 0x00000000
core   0: 0x800047a8 (0x0ff0000f) fence   iorw,iorw
core   0: 3 0x800047a8 (0x0ff0000f)
core   0: 0x800047ac (0x0ff0000f) fence   iorw,iorw
core   0: 3 0x800047ac (0x0ff0000f)
core   0: 0x800047b0 (0x00000001) c.nop
core   0: 3 0x800047b0 (0x0001)
core   0: 0x800047b2 (0xfbbfb793) sltiu   a5, t6, -69
core   0: 3 0x800047b2 (0xfbbfb793) x15 0x00000001
core   0: 0x800047b6 (0x001ba033) slt     zero, s7, ra
core   0: 3 0x800047b6 (0x001ba033)
core   0: 0x800047ba (0x0000517d) c.li    sp, -1
core   0: 3 0x800047ba (0x517d) x2  0xffffffff
core   0: 0x800047bc (0x02603e33) mulhu   t3, zero, t1
core   0: 3 0x800047bc (0x02603e33) x28 0x00000000
core   0: 0x800047c0 (0x4057d8b3) sra     a7, a5, t0
core   0: 3 0x800047c0 (0x4057d8b3) x17 0x00000000
core   0: 0x800047c4 (0x000042f9) c.li    t0, 30
core   0: 3 0x800047c4 (0x42f9) x5  0x0000001e
core   0: 0x800047c6 (0x0ff0000f) fence   iorw,iorw
core   0: 3 0x800047c6 (0x0ff0000f)
core   0: 0x800047ca (0xc61eb293) sltiu   t0, t4, -927
core   0: 3 0x800047ca (0xc61eb293) x5  0x00000001
core   0: 0x800047ce (0x00000001) c.nop
core   0: 3 0x800047ce (0x0001)
core   0: 0x800047d0 (0x00008e25) c.xor   a2, s1
core   0: 3 0x800047d0 (0x8e25) x12 0x00000000
core   0: 0x800047d2 (0x00008cc9) c.or    s1, a0
core   0: 3 0x800047d2 (0x8cc9) x9  0x00000000
core   0: 0x800047d4 (0x44344f13) xori    t5, s0, 1091
core   0: 3 0x800047d4 (0x44344f13) x30 0xfffffb14
core   0: 0x800047d8 (0x000087f5) c.srai  a5, 29
core   0: 3 0x800047d8 (0x87f5) x15 0x00000000
core   0: 0x800047da (0x97ae7c93) andi    s9, t3, -1670
core   0: 3 0x800047da (0x97ae7c93) x25 0x00000000
core   0: 0x800047de (0x0000c115) c.beqz  a0, pc + 36
core   0: 3 0x800047de (0xc115)
core   0: 0x80004802 (0x00008f19) c.sub   a4, a4
core   0: 3 0x80004802 (0x8f19) x14 0x00000000
core   0: 0x80004804 (0x000084bd) c.srai  s1, 15
core   0: 3 0x80004804 (0x84bd) x9  0x00000000
core   0: 0x80004806 (0x0061d313) srli    t1, gp, 6
core   0: 3 0x80004806 (0x0061d313) x6  0x02000113
core   0: 0x8000480a (0x40ab59b3) sra     s3, s6, a0
core   0: 3 0x8000480a (0x40ab59b3) x19 0x00000000
core   0: 0x8000480e (0xac0fcb13) xori    s6, t6, -1344
core   0: 3 0x8000480e (0xac0fcb13) x22 0xfffffac0
core   0: 0x80004812 (0x02cddcb3) divu    s9, s11, a2
core   0: 3 0x80004812 (0x02cddcb3) x25 0xffffffff
core   0: 0x80004816 (0x0072f033) and     zero, t0, t2
core   0: 3 0x80004816 (0x0072f033)
core   0: 0x8000481a (0x82df2a93) slti    s5, t5, -2003
core   0: 3 0x8000481a (0x82df2a93) x21 0x00000000
core   0: 0x8000481e (0x036aa0b3) mulhsu  ra, s5, s6
core   0: 3 0x8000481e (0x036aa0b3) x1  0x00000000
core   0: 0x80004822 (0x2c7aa513) slti    a0, s5, 711
core   0: 3 0x80004822 (0x2c7aa513) x10 0x00000001
core   0: 0x80004826 (0x00345bb3) srl     s7, s0, gp
core   0: 3 0x80004826 (0x00345bb3) x23 0x000fffff
core   0: 0x8000482a (0x00001f9c) c.addi4spn a5, sp, 1008
core   0: 3 0x8000482a (0x1f9c) x15 0x000003ef
core   0: 0x8000482c (0x0125c963) blt     a1, s2, pc + 18
core   0: 3 0x8000482c (0x0125c963)
core   0: 0x8000483e (0x00008b41) c.andi  a4, 16
core   0: 3 0x8000483e (0x8b41) x14 0x00000000
core   0: 0x80004840 (0x34002873) csrr    a6, mscratch
core   0: 3 0x80004840 (0x34002873) x16 0x0000001d
core   0: 0x80004844 (0x415289b3) sub     s3, t0, s5
core   0: 3 0x80004844 (0x415289b3) x19 0x00000001
core   0: 0x80004848 (0x000adf33) srl     t5, s5, zero
core   0: 3 0x80004848 (0x000adf33) x30 0x00000000
core   0: 0x8000484c (0x000057fd) c.li    a5, -1
core   0: 3 0x8000484c (0x57fd) x15 0xffffffff
core   0: 0x8000484e (0x0179fc63) bgeu    s3, s7, pc + 24
core   0: 3 0x8000484e (0x0179fc63)
core   0: 0x80004852 (0x01fb6f33) or      t5, s6, t6
core   0: 3 0x80004852 (0x01fb6f33) x30 0xfffffac0
core   0: 0x80004856 (0x41d6dd93) srai    s11, a3, 29
core   0: 3 0x80004856 (0x41d6dd93) x27 0xfffffffc
core   0: 0x8000485a (0x403e51b3) sra     gp, t3, gp
core   0: 3 0x8000485a (0x403e51b3) x3  0x00000000
core   0: 0x8000485e (0x01297763) bgeu    s2, s2, pc + 14
core   0: 3 0x8000485e (0x01297763)
core   0: 0x8000486c (0x03f97c13) andi    s8, s2, 63
core   0: 3 0x8000486c (0x03f97c13) x24 0x00000013
core   0: 0x80004870 (0x340c1173) csrrw   sp, mscratch, s8
core   0: 3 0x80004870 (0x340c1173) x2  0x0000001d c832_mscratch 0x00000013
core   0: 0x80004874 (0x40b40333) sub     t1, s0, a1
core   0: 3 0x80004874 (0x40b40333) x6  0x7ffe00f3
core   0: 0x80004878 (0x03b4f8b3) remu    a7, s1, s11
core   0: 3 0x80004878 (0x03b4f8b3) x17 0x00000000
core   0: 0x8000487c (0x038a0733) mul     a4, s4, s8
core   0: 3 0x8000487c (0x038a0733) x14 0x10300000
core   0: 0x80004880 (0x01e4deb3) srl     t4, s1, t5
core   0: 3 0x80004880 (0x01e4deb3) x29 0x00000000
core   0: 0x80004884 (0x03de7b13) andi    s6, t3, 61
core   0: 3 0x80004884 (0x03de7b13) x22 0x00000000
core   0: 0x80004888 (0x34007273) csrrci  tp, mscratch, 0
core   0: 3 0x80004888 (0x34007273) x4  0x00000013
core   0: 0x8000488c (0x00004111) c.li    sp, 4
core   0: 3 0x8000488c (0x4111) x2  0x00000004
core   0: 0x8000488e (0x000083f5) c.srli  a5, 29
core   0: 3 0x8000488e (0x83f5) x15 0x00000007
core   0: 0x80004890 (0x02cac4b3) div     s1, s5, a2
core   0: 3 0x80004890 (0x02cac4b3) x9  0xffffffff
core   0: 0x80004894 (0x028e9333) mulh    t1, t4, s0
core   0: 3 0x80004894 (0x028e9333) x6  0x00000000
core   0: 0x80004898 (0x001e1f13) slli    t5, t3, 1
core   0: 3 0x80004898 (0x001e1f13) x30 0x00000000
core   0: 0x8000489c (0x8ab8a913) slti    s2, a7, -1877
core   0: 3 0x8000489c (0x8ab8a913) x18 0x00000000
core   0: 0x800048a0 (0x0268b0b3) mulhu   ra, a7, t1
core   0: 3 0x800048a0 (0x0268b0b3) x1  0x00000000
core   0: 0x800048a4 (0x0000cf89) c.beqz  a5, pc + 26
core   0: 3 0x800048a4 (0xcf89)
core   0: 0x800048a6 (0x000089a6) c.mv    s3, s1
core   0: 3 0x800048a6 (0x89a6) x19 0xffffffff
core   0: 0x800048a8 (0xabf64513) xori    a0, a2, -1345
core   0: 3 0x800048a8 (0xabf64513) x10 0xfffffabf
core   0: 0x800048ac (0x00008fcd) c.or    a5, a1
core   0: 3 0x800048ac (0x8fcd) x15 0x8001fe67
core   0: 0x800048ae (0x20490213) addi    tp, s2, 516
core   0: 3 0x800048ae (0x20490213) x4  0x00000204
core   0: 0x800048b2 (0x00008e6d) c.and   a2, a1
core   0: 3 0x800048b2 (0x8e6d) x12 0x00000000
core   0: 0x800048b4 (0x34003bf3) csrrc   s7, mscratch, zero
core   0: 3 0x800048b4 (0x34003bf3) x23 0x00000013
core   0: 0x800048b8 (0x00008f21) c.xor   a4, s0
core   0: 3 0x800048b8 (0x8f21) x14 0xefcfff57
core   0: 0x800048ba (0x01e784b3) add     s1, a5, t5
core   0: 3 0x800048ba (0x01e784b3) x9  0x8001fe67
core   0: 0x800048be (0x02fed363) bge     t4, a5, pc + 38
core   0: 3 0x800048be (0x02fed363)
core   0: 0x800048e4 (0x34019973) csrrw   s2, mscratch, gp
core   0: 3 0x800048e4 (0x34019973) x18 0x00000013 c832_mscratch 0x00000000
core   0: 0x800048e8 (0x0ff0000f) fence   iorw,iorw
core   0: 3 0x800048e8 (0x0ff0000f)
core   0: 0x800048ec (0x0319d0b3) divu    ra, s3, a7
core   0: 3 0x800048ec (0x0319d0b3) x1  0xffffffff
core   0: 0x800048f0 (0x015a9d33) sll     s10, s5, s5
core   0: 3 0x800048f0 (0x015a9d33) x26 0x00000000
core   0: 0x800048f4 (0x02742f33) mulhsu  t5, s0, t2
core   0: 3 0x800048f4 (0x02742f33) x30 0x00000000
core   0: 0x800048f8 (0xde059eb7) lui     t4, 0xde059
core   0: 3 0x800048f8 (0xde059eb7) x29 0xde059000
core   0: 0x800048fc (0x41a18eb3) sub     t4, gp, s10
core   0: 3 0x800048fc (0x41a18eb3) x29 0x00000000
core   0: 0x80004900 (0x3404d173) csrrwi  sp, mscratch, 9
core   0: 3 0x80004900 (0x3404d173) x2  0x00000000 c832_mscratch 0x00000009
core   0: 0x80004904 (0x02ede0b3) rem     ra, s11, a4
core   0: 3 0x80004904 (0x02ede0b3) x1  0xfffffffc
core   0: 0x80004908 (0x00001c7d) c.addi  s8, -1
core   0: 3 0x80004908 (0x1c7d) x24 0x00000012
core   0: 0x8000490a (0x00008565) c.srai  a0, 25
core   0: 3 0x8000490a (0x8565) x10 0xffffffff
core   0: 0x8000490c (0x021974b3) remu    s1, s2, ra
core   0: 3 0x8000490c (0x021974b3) x9  0x00000013
core   0: 0x80004910 (0x00004905) c.li    s2, 1
core   0: 3 0x80004910 (0x4905) x18 0x00000001
core   0: 0x80004912 (0x0000039c) c.addi4spn a5, sp, 448
core   0: 3 0x80004912 (0x039c) x15 0x000001c0
core   0: 0x80004914 (0xd85de113) ori     sp, s11, -635
core   0: 3 0x80004914 (0xd85de113) x2  0xfffffffd
core   0: 0x80004918 (0x02b5f7b3) remu    a5, a1, a1
core   0: 3 0x80004918 (0x02b5f7b3) x15 0x00000000
core   0: 0x8000491c (0x00009732) c.add   a4, a2
core   0: 3 0x8000491c (0x9732) x14 0xefcfff57
core   0: 0x8000491e (0x02c3f9b3) remu    s3, t2, a2
core   0: 3 0x8000491e (0x02c3f9b3) x19 0x00000000
core   0: 0x80004922 (0x0000100f) fence.i
core   0: 3 0x80004922 (0x0000100f)
core   0: 0x80004926 (0x00006855) c.lui   a6, 0x15
core   0: 3 0x80004926 (0x6855) x16 0x00015000
core   0: 0x80004928 (0x0000c399) c.beqz  a5, pc + 6
core   0: 3 0x80004928 (0xc399)
core   0: 0x8000492e (0x00000b88) c.addi4spn a0, sp, 464
core   0: 3 0x8000492e (0x0b88) x10 0x000001cd
core   0: 0x80004930 (0x0000e3a9) c.bnez  a5, pc + 66
core   0: 3 0x80004930 (0xe3a9)
core   0: 0x80004932 (0x0000717d) c.addi16sp sp, -16
core   0: 3 0x80004932 (0x717d) x2  0xffffffed
core   0: 0x80004934 (0x411bd713) srai    a4, s7, 17
core   0: 3 0x80004934 (0x411bd713) x14 0x00000000
core   0: 0x80004938 (0x00008e25) c.xor   a2, s1
core   0: 3 0x80004938 (0x8e25) x12 0x00000013
core   0: 0x8000493a (0x00008e31) c.xor   a2, a2
core   0: 3 0x8000493a (0x8e31) x12 0x00000000
core   0: 0x8000493c (0x60023493) sltiu   s1, tp, 1536
core   0: 3 0x8000493c (0x60023493) x9  0x00000001
core   0: 0x80004940 (0xdf044f13) xori    t5, s0, -528
core   0: 3 0x80004940 (0xdf044f13) x30 0x000002a7
core   0: 0x80004944 (0x00955613) srli    a2, a0, 9
core   0: 3 0x80004944 (0x00955613) x12 0x00000000
core   0: 0x80004948 (0x029310b3) mulh    ra, t1, s1
core   0: 3 0x80004948 (0x029310b3) x1  0x00000000
core   0: 0x8000494c (0x04e78263) beq     a5, a4, pc + 68
core   0: 3 0x8000494c (0x04e78263)
core   0: 0x80004990 (0x00008e15) c.sub   a2, a3
core   0: 3 0x80004990 (0x8e15) x12 0x7ffdc31c
core   0: 0x80004992 (0x00506963) bltu    zero, t0, pc + 18
core   0: 3 0x80004992 (0x00506963)
core   0: 0x800049a4 (0x028acfb3) div     t6, s5, s0
core   0: 3 0x800049a4 (0x028acfb3) x31 0x00000000
core   0: 0x800049a8 (0x00425863) bge     tp, tp, pc + 16
core   0: 3 0x800049a8 (0x00425863)
core   0: 0x800049b8 (0x0212eab3) rem     s5, t0, ra
core   0: 3 0x800049b8 (0x0212eab3) x21 0x00000001
core   0: 0x800049bc (0x3409df73) csrrwi  t5, mscratch, 19
core   0: 3 0x800049bc (0x3409df73) x30 0x00000009 c832_mscratch 0x00000013
core   0: 0x800049c0 (0x000083bd) c.srli  a5, 15
core   0: 3 0x800049c0 (0x83bd) x15 0x00000000
core   0: 0x800049c2 (0x340052f3) csrrwi  t0, mscratch, 0
core   0: 3 0x800049c2 (0x340052f3) x5  0x00000013 c832_mscratch 0x00000000
core   0: 0x800049c6 (0x01923eb3) sltu    t4, tp, s9
core   0: 3 0x800049c6 (0x01923eb3) x29 0x00000001
core   0: 0x800049ca (0x40c48f33) sub     t5, s1, a2
core   0: 3 0x800049ca (0x40c48f33) x30 0x80023ce5
core   0: 0x800049ce (0x00008e4d) c.or    a2, a1
core   0: 3 0x800049ce (0x8e4d) x12 0xfffdff7c
core   0: 0x800049d0 (0x00ca5093) srli    ra, s4, 12
core   0: 3 0x800049d0 (0x00ca5093) x1  0x00095100
core   0: 0x800049d4 (0x03bf3ab3) mulhu   s5, t5, s11
core   0: 3 0x800049d4 (0x03bf3ab3) x21 0x80023ce2
core   0: 0x800049d8 (0x3403f773) csrrci  a4, mscratch, 7
core   0: 3 0x800049d8 (0x3403f773) x14 0x00000000 c832_mscratch 0x00000000
core   0: 0x800049dc (0x41c95d13) srai    s10, s2, 28
core   0: 3 0x800049dc (0x41c95d13) x26 0x00000000
core   0: 0x800049e0 (0x3407af73) csrrs   t5, mscratch, a5
core   0: 3 0x800049e0 (0x3407af73) x30 0x00000000 c832_mscratch 0x00000000
core   0: 0x800049e4 (0x0063fc63) bgeu    t2, t1, pc + 24
core   0: 3 0x800049e4 (0x0063fc63)
core   0: 0x800049fc (0x41465f13) srai    t5, a2, 20
core   0: 3 0x800049fc (0x41465f13) x30 0xffffffff
core   0: 0x80004a00 (0x0ff0000f) fence   iorw,iorw
core   0: 3 0x80004a00 (0x0ff0000f)
core   0: 0x80004a04 (0x34007df3) csrrci  s11, mscratch, 0
core   0: 3 0x80004a04 (0x34007df3) x27 0x00000000
core   0: 0x80004a08 (0x8c94ab13) slti    s6, s1, -1847
core   0: 3 0x80004a08 (0x8c94ab13) x22 0x00000000
core   0: 0x80004a0c (0xf62d4493) xori    s1, s10, -158
core   0: 3 0x80004a0c (0xf62d4493) x9  0xffffff62
core   0: 0x80004a10 (0x00000c92) c.slli  s9, 4
core   0: 3 0x80004a10 (0x0c92) x25 0xfffffff0
core   0: 0x80004a12 (0x00008d05) c.sub   a0, s1
core   0: 3 0x80004a12 (0x8d05) x10 0x0000026b
core   0: 0x80004a14 (0x00001d98) c.addi4spn a4, sp, 752
core   0: 3 0x80004a14 (0x1d98) x14 0x000002dd
core   0: 0x80004a16 (0x34002f73) csrr    t5, mscratch
core   0: 3 0x80004a16 (0x34002f73) x30 0x00000000
core   0: 0x80004a1a (0x340032f3) csrrc   t0, mscratch, zero
core   0: 3 0x80004a1a (0x340032f3) x5  0x00000000
core   0: 0x80004a1e (0x02f9fa63) bgeu    s3, a5, pc + 52
core   0: 3 0x80004a1e (0x02f9fa63)
core   0: 0x80004a52 (0x02bdda33) divu    s4, s11, a1
core   0: 3 0x80004a52 (0x02bdda33) x20 0x00000000
core   0: 0x80004a56 (0x03ce1e33) mulh    t3, t3, t3
core   0: 3 0x80004a56 (0x03ce1e33) x28 0x00000000
core   0: 0x80004a5a (0x0386e963) bltu    a3, s8, pc + 50
core   0: 3 0x80004a5a (0x0386e963)
core   0: 0x80004a5e (0xefe3fa93) andi    s5, t2, -258
core   0: 3 0x80004a5e (0xefe3fa93) x21 0x00000000
core   0: 0x80004a62 (0x025e54b3) divu    s1, t3, t0
core   0: 3 0x80004a62 (0x025e54b3) x9  0xffffffff
core   0: 0x80004a66 (0x0113efb3) or      t6, t2, a7
core   0: 3 0x80004a66 (0x0113efb3) x31 0x00000000
core   0: 0x80004a6a (0x34029af3) csrrw   s5, mscratch, t0
core   0: 3 0x80004a6a (0x34029af3) x21 0x00000000 c832_mscratch 0x00000000
core   0: 0x80004a6e (0x00000690) c.addi4spn a2, sp, 832
core   0: 3 0x80004a6e (0x0690) x12 0x0000032d
core   0: 0x80004a70 (0x0155f963) bgeu    a1, s5, pc + 18
core   0: 3 0x80004a70 (0x0155f963)
core   0: 0x80004a82 (0x03c21f33) mulh    t5, tp, t3
core   0: 3 0x80004a82 (0x03c21f33) x30 0x00000000
core   0: 0x80004a86 (0x00008e31) c.xor   a2, a2
core   0: 3 0x80004a86 (0x8e31) x12 0x00000000
core   0: 0x80004a88 (0x00008d5d) c.or    a0, a5
core   0: 3 0x80004a88 (0x8d5d) x10 0x0000026b
core   0: 0x80004a8a (0x00008f6d) c.and   a4, a1
core   0: 3 0x80004a8a (0x8f6d) x14 0x00000244
core   0: 0x80004a8c (0x00008365) c.srli  a4, 25
core   0: 3 0x80004a8c (0x8365) x14 0x00000000
core   0: 0x80004a8e (0x0000cb99) c.beqz  a5, pc + 22
core   0: 3 0x80004a8e (0xcb99)
core   0: 0x80004aa4 (0x0371b633) mulhu   a2, gp, s7
core   0: 3 0x80004aa4 (0x0371b633) x12 0x00000000
core   0: 0x80004aa8 (0x34007cf3) csrrci  s9, mscratch, 0
core   0: 3 0x80004aa8 (0x34007cf3) x25 0x00000000
core   0: 0x80004aac (0x00000ab6) c.slli  s5, 13
core   0: 3 0x80004aac (0x0ab6) x21 0x00000000
core   0: 0x80004aae (0x0000e205) c.bnez  a2, pc + 32
core   0: 3 0x80004aae (0xe205)
core   0: 0x80004ab0 (0x0000873d) c.srai  a4, 15
core   0: 3 0x80004ab0 (0x873d) x14 0x00000000
core   0: 0x80004ab2 (0x00008c91) c.sub   s1, a2
core   0: 3 0x80004ab2 (0x8c91) x9  0xffffffff
core   0: 0x80004ab4 (0x03784563) blt     a6, s7, pc + 42
core   0: 3 0x80004ab4 (0x03784563)
core   0: 0x80004ab8 (0x0000100f) fence.i
core   0: 3 0x80004ab8 (0x0000100f)
core   0: 0x80004abc (0x00e08833) add     a6, ra, a4
core   0: 3 0x80004abc (0x00e08833) x16 0x00095100
core   0: 0x80004ac0 (0x03e09333) mulh    t1, ra, t5
core   0: 3 0x80004ac0 (0x03e09333) x6  0x00000000
core   0: 0x80004ac4 (0x419ed1b3) sra     gp, t4, s9
core   0: 3 0x80004ac4 (0x419ed1b3) x3  0x00000001
core   0: 0x80004ac8 (0x000064e9) c.lui   s1, 0x1a
core   0: 3 0x80004ac8 (0x64e9) x9  0x0001a000
core   0: 0x80004aca (0x00008fb5) c.xor   a5, a3
core   0: 3 0x80004aca (0x8fb5) x15 0x80023ce4
core   0: 0x80004acc (0x00008b89) c.andi  a5, 2
core   0: 3 0x80004acc (0x8b89) x15 0x00000000
core   0: 0x80004ace (0x00da0433) add     s0, s4, a3
core   0: 3 0x80004ace (0x00da0433) x8  0x80023ce4
core   0: 0x80004ad2 (0x019899b3) sll     s3, a7, s9
core   0: 3 0x80004ad2 (0x019899b3) x19 0x00000000
core   0: 0x80004ad6 (0x00000499) c.addi  s1, 6
core   0: 3 0x80004ad6 (0x0499) x9  0x0001a006
core   0: 0x80004ad8 (0x0065cdb3) xor     s11, a1, t1
core   0: 3 0x80004ad8 (0x0065cdb3) x27 0x8001fe64
core   0: 0x80004adc (0x000084a6) c.mv    s1, s1
core   0: 3 0x80004adc (0x84a6) x9  0x0001a006
core   0: 0x80004ade (0x00008c1d) c.sub   s0, a5
core   0: 3 0x80004ade (0x8c1d) x8  0x80023ce4
core   0: 0x80004ae0 (0x00005ffd) c.li    t6, -1
core   0: 3 0x80004ae0 (0x5ffd) x31 0xffffffff
core   0: 0x80004ae2 (0x410107b3) sub     a5, sp, a6
core   0: 3 0x80004ae2 (0x410107b3) x15 0xfff6aeed
core   0: 0x80004ae6 (0x0368a733) mulhsu  a4, a7, s6
core   0: 3 0x80004ae6 (0x0368a733) x14 0x00000000
core   0: 0x80004aea (0x00009eda) c.add   t4, s6
core   0: 3 0x80004aea (0x9eda) x29 0x00000001
core   0: 0x80004aec (0x04906263) bltu    zero, s1, pc + 68
core   0: 3 0x80004aec (0x04906263)
core   0: 0x80004b30 (0x0ff0000f) fence   iorw,iorw
core   0: 3 0x80004b30 (0x0ff0000f)
core   0: 0x80004b34 (0x5f92a413) slti    s0, t0, 1529
core   0: 3 0x80004b34 (0x5f92a413) x8  0x00000001
core   0: 0x80004b38 (0x00009176) c.add   sp, t4
core   0: 3 0x80004b38 (0x9176) x2  0xffffffee
core   0: 0x80004b3a (0x028001ef) jal     gp, pc + 0x28
core   0: 3 0x80004b3a (0x028001ef) x3  0x80004b3e
core   0: 0x80004b62 (0x0000b7e5) c.j     pc - 24
core   0: 3 0x80004b62 (0xb7e5)
core   0: 0x80004b4a (0x0000bfed) c.j     pc - 6
core   0: 3 0x80004b4a (0xbfed)
core   0: 0x80004b44 (0x0000a031) c.j     pc + 12
core   0: 3 0x80004b44 (0xa031)
core   0: 0x80004b50 (0x00003fcd) c.jal   pc - 14
core   0: 3 0x80004b50 (0x3fcd) x1  0x80004b52
core   0: 0x80004b42 (0x00002811) c.jal   pc + 20
core   0: 3 0x80004b42 (0x2811) x1  0x80004b44
core   0: 0x80004b56 (0x00002029) c.jal   pc + 10
core   0: 3 0x80004b56 (0x2029) x1  0x80004b58
core   0: 0x80004b60 (0x00002819) c.jal   pc + 22
core   0: 3 0x80004b60 (0x2819) x1  0x80004b62
core   0: 0x80004b76 (0x0000bfdd) c.j     pc - 10
core   0: 3 0x80004b76 (0xbfdd)
core   0: 0x80004b6c (0xff9ff0ef) jal     pc - 0x8
core   0: 3 0x80004b6c (0xff9ff0ef) x1  0x80004b70
core   0: 0x80004b64 (0x00c000ef) jal     pc + 0xc
core   0: 3 0x80004b64 (0x00c000ef) x1  0x80004b68
core   0: 0x80004b70 (0xfe3ff0ef) jal     pc - 0x1e
core   0: 3 0x80004b70 (0xfe3ff0ef) x1  0x80004b74
core   0: 0x80004b52 (0x0000a01d) c.j     pc + 38
core   0: 3 0x80004b52 (0xa01d)
core   0: 0x80004b78 (0x0000bfcd) c.j     pc - 14
core   0: 3 0x80004b78 (0xbfcd)
core   0: 0x80004b6a (0x0000bfd5) c.j     pc - 12
core   0: 3 0x80004b6a (0xbfd5)
core   0: 0x80004b5e (0x0000bfed) c.j     pc - 6
core   0: 3 0x80004b5e (0xbfed)
core   0: 0x80004b58 (0x0000a009) c.j     pc + 2
core   0: 3 0x80004b58 (0xa009)
core   0: 0x80004b5a (0xffbff0ef) jal     pc - 0x6
core   0: 3 0x80004b5a (0xffbff0ef) x1  0x80004b5e
core   0: 0x80004b54 (0x0000bfcd) c.j     pc - 14
core   0: 3 0x80004b54 (0xbfcd)
core   0: 0x80004b46 (0x02e000ef) jal     pc + 0x2e
core   0: 3 0x80004b46 (0x02e000ef) x1  0x80004b4a
core   0: 0x80004b74 (0x0000bfe1) c.j     pc - 40
core   0: 3 0x80004b74 (0xbfe1)
core   0: 0x80004b4c (0x01c000ef) jal     pc + 0x1c
core   0: 3 0x80004b4c (0x01c000ef) x1  0x80004b50
core   0: 0x80004b68 (0x00003fd9) c.jal   pc - 42
core   0: 3 0x80004b68 (0x3fd9) x1  0x80004b6a
core   0: 0x80004b3e (0x03c000ef) jal     pc + 0x3c
core   0: 3 0x80004b3e (0x03c000ef) x1  0x80004b42
core   0: 0x80004b7a (0x02222333) mulhsu  t1, tp, sp
core   0: 3 0x80004b7a (0x02222333) x6  0x00000203
core   0: 0x80004b7e (0x340c5273) csrrwi  tp, mscratch, 24
core   0: 3 0x80004b7e (0x340c5273) x4  0x00000000 c832_mscratch 0x00000018
core   0: 0x80004b82 (0x415d0133) sub     sp, s10, s5
core   0: 3 0x80004b82 (0x415d0133) x2  0x00000000
core   0: 0x80004b86 (0x00c46b33) or      s6, s0, a2
core   0: 3 0x80004b86 (0x00c46b33) x22 0x00000001
core   0: 0x80004b8a (0x1a773513) sltiu   a0, a4, 423
core   0: 3 0x80004b8a (0x1a773513) x10 0x00000001
core   0: 0x80004b8e (0x34003f73) csrrc   t5, mscratch, zero
core   0: 3 0x80004b8e (0x34003f73) x30 0x00000018
core   0: 0x80004b92 (0x031bdf33) divu    t5, s7, a7
core   0: 3 0x80004b92 (0x031bdf33) x30 0xffffffff
core   0: 0x80004b96 (0x0000e619) c.bnez  a2, pc + 14
core   0: 3 0x80004b96 (0xe619)
core   0: 0x80004b98 (0xbf1fe213) ori     tp, t6, -1039
core   0: 3 0x80004b98 (0xbf1fe213) x4  0xffffffff
core   0: 0x80004b9c (0x00008d35) c.xor   a0, a3
core   0: 3 0x80004b9c (0x8d35) x10 0x80023ce5
core   0: 0x80004b9e (0x0247ce33) div     t3, a5, tp
core   0: 3 0x80004b9e (0x0247ce33) x28 0x00095113
core   0: 0x80004ba2 (0x00006351) c.lui   t1, 0x14
core   0: 3 0x80004ba2 (0x6351) x6  0x00014000
core   0: 0x80004ba4 (0x017c7b63) bgeu    s8, s7, pc + 22
core   0: 3 0x80004ba4 (0x017c7b63)
core   0: 0x80004ba8 (0x01d09463) bne     ra, t4, pc + 8
core   0: 3 0x80004ba8 (0x01d09463)
core   0: 0x80004bb0 (0x0334fbb3) remu    s7, s1, s3
core   0: 3 0x80004bb0 (0x0334fbb3) x23 0x0001a006
core   0: 0x80004bb4 (0x00000001) c.nop
core   0: 3 0x80004bb4 (0x0001)
core   0: 0x80004bb6 (0x015a9b13) slli    s6, s5, 21
core   0: 3 0x80004bb6 (0x015a9b13) x22 0x00000000
core   0: 0x80004bba (0x02e68e33) mul     t3, a3, a4
core   0: 3 0x80004bba (0x02e68e33) x28 0x00000000
core   0: 0x80004bbe (0x413d0133) sub     sp, s10, s3
core   0: 3 0x80004bbe (0x413d0133) x2  0x00000000
core   0: 0x80004bc2 (0x039be9b3) rem     s3, s7, s9
core   0: 3 0x80004bc2 (0x039be9b3) x19 0x0001a006
core   0: 0x80004bc6 (0x4041d233) sra     tp, gp, tp
core   0: 3 0x80004bc6 (0x4041d233) x4  0xffffffff
core   0: 0x80004bca (0x0000660d) c.lui   a2, 0x3
core   0: 3 0x80004bca (0x660d) x12 0x00003000
core   0: 0x80004bcc (0x00225c63) bge     tp, sp, pc + 24
core   0: 3 0x80004bcc (0x00225c63)
core   0: 0x80004bd0 (0x0181eab3) or      s5, gp, s8
core   0: 3 0x80004bd0 (0x0181eab3) x21 0x80004b3e
core   0: 0x80004bd4 (0x03ab24b3) mulhsu  s1, s6, s10
core   0: 3 0x80004bd4 (0x03ab24b3) x9  0x00000000
core   0: 0x80004bd8 (0x01205113) srli    sp, zero, 18
core   0: 3 0x80004bd8 (0x01205113) x2  0x00000000
core   0: 0x80004bdc (0x00008375) c.srli  a4, 29
core   0: 3 0x80004bdc (0x8375) x14 0x00000000
core   0: 0x80004bde (0x00344a33) xor     s4, s0, gp
core   0: 3 0x80004bde (0x00344a33) x20 0x80004b3f
core   0: 0x80004be2 (0x00008fc9) c.or    a5, a0
core   0: 3 0x80004be2 (0x8fc9) x15 0xfff6beed
core   0: 0x80004be4 (0x00008385) c.srli  a5, 1
core   0: 3 0x80004be4 (0x8385) x15 0x7ffb5f76
core   0: 0x80004be6 (0x00008e09) c.sub   a2, a0
core   0: 3 0x80004be6 (0x8e09) x12 0x7ffdf31b
core   0: 0x80004be8 (0x0000837a) c.mv    t1, t5
core   0: 3 0x80004be8 (0x837a) x6  0xffffffff
core   0: 0x80004bea (0x001e2d33) slt     s10, t3, ra
core   0: 3 0x80004bea (0x001e2d33) x26 0x00000000
core   0: 0x80004bee (0x340a22f3) csrrs   t0, mscratch, s4
core   0: 3 0x80004bee (0x340a22f3) x5  0x00000018 c832_mscratch 0x80004b3f
core   0: 0x80004bf2 (0x00006159) c.addi16sp sp, 400
core   0: 3 0x80004bf2 (0x6159) x2  0x00000190
core   0: 0x80004bf4 (0x000090c6) c.add   ra, a7
core   0: 3 0x80004bf4 (0x90c6) x1  0x80004b42
core   0: 0x80004bf6 (0x00008209) c.srli  a2, 2
core   0: 3 0x80004bf6 (0x8209) x12 0x1fff7cc6
core   0: 0x80004bf8 (0xc6850b13) addi    s6, a0, -920
core   0: 3 0x80004bf8 (0xc6850b13) x22 0x8002394d
core   0: 0x80004bfc (0x003f1cb3) sll     s9, t5, gp
core   0: 3 0x80004bfc (0x003f1cb3) x25 0xc0000000
core   0: 0x80004c00 (0xc7b8b493) sltiu   s1, a7, -901
core   0: 3 0x80004c00 (0xc7b8b493) x9  0x00000001
core   0: 0x80004c04 (0x0000ce01) c.beqz  a2, pc + 24
core   0: 3 0x80004c04 (0xce01)
core   0: 0x80004c06 (0x6403bc13) sltiu   s8, t2, 1600
core   0: 3 0x80004c06 (0x6403bc13) x24 0x00000001
core   0: 0x80004c0a (0xbdbe7893) andi    a7, t3, -1061
core   0: 3 0x80004c0a (0xbdbe7893) x17 0x00000000
core   0: 0x80004c0e (0x00355ab3) srl     s5, a0, gp
core   0: 3 0x80004c0e (0x00355ab3) x21 0x00000002
core   0: 0x80004c12 (0x0007ed33) or      s10, a5, zero
core   0: 3 0x80004c12 (0x0007ed33) x26 0x7ffb5f76
core   0: 0x80004c16 (0x03503e33) mulhu   t3, zero, s5
core   0: 3 0x80004c16 (0x03503e33) x28 0x00000000
core   0: 0x80004c1a (0x00008ca1) c.xor   s1, s0
core   0: 3 0x80004c1a (0x8ca1) x9  0x00000000
core   0: 0x80004c1c (0x0000100f) fence.i
core   0: 3 0x80004c1c (0x0000100f)
core   0: 0x80004c20 (0x0000100f) fence.i
core   0: 3 0x80004c20 (0x0000100f)
core   0: 0x80004c24 (0x031f3d33) mulhu   s10, t5, a7
core   0: 3 0x80004c24 (0x031f3d33) x26 0x00000000
core   0: 0x80004c28 (0x61693a93) sltiu   s5, s2, 1558
core   0: 3 0x80004c28 (0x61693a93) x21 0x00000001
core   0: 0x80004c2c (0x01d1ecb3) or      s9, gp, t4
core   0: 3 0x80004c2c (0x01d1ecb3) x25 0x80004b3f
core   0: 0x80004c30 (0x01c85763) bge     a6, t3, pc + 14
core   0: 3 0x80004c30 (0x01c85763)
core   0: 0x80004c3e (0x0000567d) c.li    a2, -1
core   0: 3 0x80004c3e (0x567d) x12 0xffffffff
core   0: 0x80004c40 (0x015f9193) slli    gp, t6, 21
core   0: 3 0x80004c40 (0x015f9193) x3  0xffe00000
core   0: 0x80004c44 (0x0472c663) blt     t0, t2, pc + 76
core   0: 3 0x80004c44 (0x0472c663)
core   0: 0x80004c48 (0x039ed233) divu    tp, t4, s9
core   0: 3 0x80004c48 (0x039ed233) x4  0x00000000
core   0: 0x80004c4c (0x01170233) add     tp, a4, a7
core   0: 3 0x80004c4c (0x01170233) x4  0x00000000
core   0: 0x80004c50 (0x00000001) c.nop
core   0: 3 0x80004c50 (0x0001)
core   0: 0x80004c52 (0x340f14f3) csrrw   s1, mscratch, t5
core   0: 3 0x80004c52 (0x340f14f3) x9  0x80004b3f c832_mscratch 0xffffffff
core   0: 0x80004c56 (0x01038c63) beq     t2, a6, pc + 24
core   0: 3 0x80004c56 (0x01038c63)
core   0: 0x80004c5a (0x40d407b3) sub     a5, s0, a3
core   0: 3 0x80004c5a (0x40d407b3) x15 0x7ffdc31d
core   0: 0x80004c5e (0x004e3fb3) sltu    t6, t3, tp
core   0: 3 0x80004c5e (0x004e3fb3) x31 0x00000000
core   0: 0x80004c62 (0x39c1b797) auipc   a5, 0x39c1b
core   0: 3 0x80004c62 (0x39c1b797) x15 0xb9c1fc62
core   0: 0x80004c66 (0x033d31b3) mulhu   gp, s10, s3
core   0: 3 0x80004c66 (0x033d31b3) x3  0x00000000
core   0: 0x80004c6a (0x02d5e833) rem     a6, a1, a3
core   0: 3 0x80004c6a (0x02d5e833) x16 0xffffc180
core   0: 0x80004c6e (0x0130d213) srli    tp, ra, 19
core   0: 3 0x80004c6e (0x0130d213) x4  0x00001000
core   0: 0x80004c72 (0x02e97963) bgeu    s2, a4, pc + 50
core   0: 3 0x80004c72 (0x02e97963)
core   0: 0x80004ca4 (0x40338933) sub     s2, t2, gp
core   0: 3 0x80004ca4 (0x40338933) x18 0x00000000
core   0: 0x80004ca8 (0x0ff0000f) fence   iorw,iorw
core   0: 3 0x80004ca8 (0x0ff0000f)
core   0: 0x80004cac (0x010b7fb3) and     t6, s6, a6
core   0: 3 0x80004cac (0x010b7fb3) x31 0x80020100
core   0: 0x80004cb0 (0x340ef273) csrrci  tp, mscratch, 29
core   0: 3 0x80004cb0 (0x340ef273) x4  0xffffffff c832_mscratch 0xffffffe2
core   0: 0x80004cb4 (0x17692513) slti    a0, s2, 374
core   0: 3 0x80004cb4 (0x17692513) x10 0x00000001
core   0: 0x80004cb8 (0x00008751) c.srai  a4, 20
core   0: 3 0x80004cb8 (0x8751) x14 0x00000000
core   0: 0x80004cba (0x00bf8db3) add     s11, t6, a1
core   0: 3 0x80004cba (0x00bf8db3) x27 0x0003ff64
core   0: 0x80004cbe (0x00000001) c.nop
core   0: 3 0x80004cbe (0x0001)
core   0: 0x80004cc0 (0x000e38b3) sltu    a7, t3, zero
core   0: 3 0x80004cc0 (0x000e38b3) x17 0x00000000
core   0: 0x80004cc4 (0x3405d073) csrwi   mscratch, 11
core   0: 3 0x80004cc4 (0x3405d073) c832_mscratch 0x0000000b
core   0: 0x80004cc8 (0x00000001) c.nop
core   0: 3 0x80004cc8 (0x0001)
core   0: 0x80004cca (0x0174d093) srli    ra, s1, 23
core   0: 3 0x80004cca (0x0174d093) x1  0x00000100
core   0: 0x80004cce (0x0000717d) c.addi16sp sp, -16
core   0: 3 0x80004cce (0x717d) x2  0x00000180
core   0: 0x80004cd0 (0x030750b3) divu    ra, a4, a6
core   0: 3 0x80004cd0 (0x030750b3) x1  0x00000000
core   0: 0x80004cd4 (0x01985113) srli    sp, a6, 25
core   0: 3 0x80004cd4 (0x01985113) x2  0x0000007f
core   0: 0x80004cd8 (0x03f179b3) remu    s3, sp, t6
core   0: 3 0x80004cd8 (0x03f179b3) x19 0x0000007f
core   0: 0x80004cdc (0x01298637) lui     a2, 0x1298
core   0: 3 0x80004cdc (0x01298637) x12 0x01298000
core   0: 0x80004ce0 (0x036d3d33) mulhu   s10, s10, s6
core   0: 3 0x80004ce0 (0x036d3d33) x26 0x00000000
core   0: 0x80004ce4 (0x00000485) c.addi  s1, 1
core   0: 3 0x80004ce4 (0x0485) x9  0x80004b40
core   0: 0x80004ce6 (0x00005bfd) c.li    s7, -1
core   0: 3 0x80004ce6 (0x5bfd) x23 0xffffffff
core   0: 0x80004ce8 (0x015a74b3) and     s1, s4, s5
core   0: 3 0x80004ce8 (0x015a74b3) x9  0x00000001
core   0: 0x80004cec (0x00008239) c.srli  a2, 14
core   0: 3 0x80004cec (0x8239) x12 0x000004a6
core   0: 0x80004cee (0x0223b7b3) mulhu   a5, t2, sp
core   0: 3 0x80004cee (0x0223b7b3) x15 0x00000000
core   0: 0x80004cf2 (0x0211cc33) div     s8, gp, ra
core   0: 3 0x80004cf2 (0x0211cc33) x24 0xffffffff
core   0: 0x80004cf6 (0x00000001) c.nop
core   0: 3 0x80004cf6 (0x0001)
core   0: 0x80004cf8 (0x00008ce1) c.and   s1, s0
core   0: 3 0x80004cf8 (0x8ce1) x9  0x00000001
core   0: 0x80004cfa (0x3400a273) csrrs   tp, mscratch, ra
core   0: 3 0x80004cfa (0x3400a273) x4  0x0000000b c832_mscratch 0x0000000b
core   0: 0x80004cfe (0x00006991) c.lui   s3, 0x4
core   0: 3 0x80004cfe (0x6991) x19 0x00004000
core   0: 0x80004d00 (0x00008919) c.andi  a0, 6
core   0: 3 0x80004d00 (0x8919) x10 0x00000000
core   0: 0x80004d02 (0x00fe0a63) beq     t3, a5, pc + 20
core   0: 3 0x80004d02 (0x00fe0a63)
core   0: 0x80004d16 (0x34002b73) csrr    s6, mscratch
core   0: 3 0x80004d16 (0x34002b73) x22 0x0000000b
core   0: 0x80004d1a (0x00008395) c.srli  a5, 5
core   0: 3 0x80004d1a (0x8395) x15 0x00000000
core   0: 0x80004d1c (0x00008cd6) c.mv    s9, s5
core   0: 3 0x80004d1c (0x8cd6) x25 0x00000001
core   0: 0x80004d1e (0x03de0863) beq     t3, t4, pc + 48
core   0: 3 0x80004d1e (0x03de0863)
core   0: 0x80004d22 (0x0000e491) c.bnez  s1, pc + 12
core   0: 3 0x80004d22 (0xe491)
core   0: 0x80004d2e (0x00001e7d) c.addi  t3, -1
core   0: 3 0x80004d2e (0x1e7d) x28 0xffffffff
core   0: 0x80004d30 (0x03fe91b3) mulh    gp, t4, t6
core   0: 3 0x80004d30 (0x03fe91b3) x3  0xffffffff
core   0: 0x80004d34 (0x0000100f) fence.i
core   0: 3 0x80004d34 (0x0000100f)
core   0: 0x80004d38 (0x40320533) sub     a0, tp, gp
core   0: 3 0x80004d38 (0x40320533) x10 0x0000000c
core   0: 0x80004d3c (0x01e35ab3) srl     s5, t1, t5
core   0: 3 0x80004d3c (0x01e35ab3) x21 0x00000001
core   0: 0x80004d40 (0x012ce633) or      a2, s9, s2
core   0: 3 0x80004d40 (0x012ce633) x12 0x00000001
core   0: 0x80004d44 (0x0599ef63) bltu    s3, s9, pc + 94
core   0: 3 0x80004d44 (0x0599ef63)
core   0: 0x80004d48 (0x00008029) c.srli  s0, 10
core   0: 3 0x80004d48 (0x8029) x8  0x00000000
core   0: 0x80004d4a (0x00add093) srli    ra, s11, 10
core   0: 3 0x80004d4a (0x00add093) x1  0x000000ff
core   0: 0x80004d4e (0x00000001) c.nop
core   0: 3 0x80004d4e (0x0001)
core   0: 0x80004d50 (0x34011e73) csrrw   t3, mscratch, sp
core   0: 3 0x80004d50 (0x34011e73) x28 0x0000000b c832_mscratch 0x0000007f
core   0: 0x80004d54 (0x34071ff3) csrrw   t6, mscratch, a4
core   0: 3 0x80004d54 (0x34071ff3) x31 0x0000007f c832_mscratch 0x00000000
core   0: 0x80004d58 (0x00008b2d) c.andi  a4, 11
core   0: 3 0x80004d58 (0x8b2d) x14 0x00000000
core   0: 0x80004d5a (0x000083a9) c.srli  a5, 10
core   0: 3 0x80004d5a (0x83a9) x15 0x00000000
core   0: 0x80004d5c (0x036fb633) mulhu   a2, t6, s6
core   0: 3 0x80004d5c (0x036fb633) x12 0x00000000
core   0: 0x80004d60 (0x00420cb3) add     s9, tp, tp
core   0: 3 0x80004d60 (0x00420cb3) x25 0x00000016
core   0: 0x80004d64 (0x406d5f13) srai    t5, s10, 6
core   0: 3 0x80004d64 (0x406d5f13) x30 0x00000000
core   0: 0x80004d68 (0x02a6a733) mulhsu  a4, a3, a0
core   0: 3 0x80004d68 (0x02a6a733) x14 0xfffffffa
core   0: 0x80004d6c (0x03685133) divu    sp, a6, s6
core   0: 3 0x80004d6c (0x03685133) x2  0x1745cbc5
core   0: 0x80004d70 (0x0000717d) c.addi16sp sp, -16
core   0: 3 0x80004d70 (0x717d) x2  0x1745cbb5
core   0: 0x80004d72 (0x00511313) slli    t1, sp, 5
core   0: 3 0x80004d72 (0x00511313) x6  0xe8b976a0
core   0: 0x80004d76 (0x025b9a63) bne     s7, t0, pc + 52
core   0: 3 0x80004d76 (0x025b9a63)
core   0: 0x80004daa (0x00008b2a) c.mv    s6, a0
core   0: 3 0x80004daa (0x8b2a) x22 0x0000000c
core   0: 0x80004dac (0x0080c463) blt     ra, s0, pc + 8
core   0: 3 0x80004dac (0x0080c463)
core   0: 0x80004db0 (0x402ed513) srai    a0, t4, 2
core   0: 3 0x80004db0 (0x402ed513) x10 0x00000000
core   0: 0x80004db4 (0x34007df3) csrrci  s11, mscratch, 0
core   0: 3 0x80004db4 (0x34007df3) x27 0x00000000
core   0: 0x80004db8 (0x00008dae) c.mv    s11, a1
core   0: 3 0x80004db8 (0x8dae) x27 0x8001fe64
core   0: 0x80004dba (0x340e2973) csrrs   s2, mscratch, t3
core   0: 3 0x80004dba (0x340e2973) x18 0x00000000 c832_mscratch 0x0000000b
core   0: 0x80004dbe (0x340b62f3) csrrsi  t0, mscratch, 22
core   0: 3 0x80004dbe (0x340b62f3) x5  0x0000000b c832_mscratch 0x0000001f
core   0: 0x80004dc2 (0x3406b373) csrrc   t1, mscratch, a3
core   0: 3 0x80004dc2 (0x3406b373) x6  0x0000001f c832_mscratch 0x0000001b
core   0: 0x80004dc6 (0x340061f3) csrrsi  gp, mscratch, 0
core   0: 3 0x80004dc6 (0x340061f3) x3  0x0000001b
core   0: 0x80004dca (0x00008e56) c.mv    t3, s5
core   0: 3 0x80004dca (0x8e56) x28 0x00000001
core   0: 0x80004dcc (0x00005b7d) c.li    s6, -1
core   0: 3 0x80004dcc (0x5b7d) x22 0xffffffff
core   0: 0x80004dce (0x00000aae) c.slli  s5, 11
core   0: 3 0x80004dce (0x0aae) x21 0x00000800
core   0: 0x80004dd0 (0x00008271) c.srli  a2, 28
core   0: 3 0x80004dd0 (0x8271) x12 0x00000000
core   0: 0x80004dd2 (0x0000cf89) c.beqz  a5, pc + 26
core   0: 3 0x80004dd2 (0xcf89)
core   0: 0x80004dec (0x000088f9) c.andi  s1, 30
core   0: 3 0x80004dec (0x88f9) x9  0x00000000
core   0: 0x80004dee (0x3400e473) csrrsi  s0, mscratch, 1
core   0: 3 0x80004dee (0x3400e473) x8  0x0000001b c832_mscratch 0x0000001b
core   0: 0x80004df2 (0x000083f5) c.srli  a5, 29
core   0: 3 0x80004df2 (0x83f5) x15 0x00000000
core   0: 0x80004df4 (0x0e00cd93) xori    s11, ra, 224
core   0: 3 0x80004df4 (0x0e00cd93) x27 0x0000001f
core   0: 0x80004df8 (0x0250fcb3) remu    s9, ra, t0
core   0: 3 0x80004df8 (0x0250fcb3) x25 0x00000002
core   0: 0x80004dfc (0x94574c93) xori    s9, a4, -1723
core   0: 3 0x80004dfc (0x94574c93) x25 0x000006bf
core   0: 0x80004e00 (0x0000100f) fence.i
core   0: 3 0x80004e00 (0x0000100f)
core   0: 0x80004e04 (0x0000cb11) c.beqz  a4, pc + 20
core   0: 3 0x80004e04 (0xcb11)
core   0: 0x80004e06 (0x0287d363) bge     a5, s0, pc + 38
core   0: 3 0x80004e06 (0x0287d363)
core   0: 0x80004e0a (0x01cc7333) and     t1, s8, t3
core   0: 3 0x80004e0a (0x01cc7333) x6  0x00000001
core   0: 0x80004e0e (0x340d9373) csrrw   t1, mscratch, s11
core   0: 3 0x80004e0e (0x340d9373) x6  0x0000001b c832_mscratch 0x0000001f
core   0: 0x80004e12 (0x0000860d) c.srai  a2, 3
core   0: 3 0x80004e12 (0x860d) x12 0x00000000
core   0: 0x80004e14 (0x01da4c63) blt     s4, t4, pc + 24
core   0: 3 0x80004e14 (0x01da4c63)
core   0: 0x80004e2c (0x6c2bed17) auipc   s10, 0x6c2be
core   0: 3 0x80004e2c (0x6c2bed17) x26 0xec2c2e2c
core   0: 0x80004e30 (0x01c4c663) blt     s1, t3, pc + 12
core   0: 3 0x80004e30 (0x01c4c663)
core   0: 0x80004e3c (0x0000c039) c.beqz  s0, pc + 70
core   0: 3 0x80004e3c (0xc039)
core   0: 0x80004e3e (0x03322833) mulhsu  a6, tp, s3
core   0: 3 0x80004e3e (0x03322833) x16 0x00000000
core   0: 0x80004e42 (0x03b8d263) bge     a7, s11, pc + 36
core   0: 3 0x80004e42 (0x03b8d263)
core   0: 0x80004e46 (0x40e85513) srai    a0, a6, 14
core   0: 3 0x80004e46 (0x40e85513) x10 0x00000000
core   0: 0x80004e4a (0x02da6033) rem     zero, s4, a3
core   0: 3 0x80004e4a (0x02da6033)
core   0: 0x80004e4e (0x00558033) add     zero, a1, t0
core   0: 3 0x80004e4e (0x00558033)
core   0: 0x80004e52 (0x01256633) or      a2, a0, s2
core   0: 3 0x80004e52 (0x01256633) x12 0x00000000
core   0: 0x80004e56 (0x00008f5e) c.mv    t5, s7
core   0: 3 0x80004e56 (0x8f5e) x30 0xffffffff
core   0: 0x80004e58 (0x4101d713) srai    a4, gp, 16
core   0: 3 0x80004e58 (0x4101d713) x14 0x00000000
core   0: 0x80004e5c (0x0149dc13) srli    s8, s3, 20
core   0: 3 0x80004e5c (0x0149dc13) x24 0x00000000
core   0: 0x80004e60 (0x000080a5) c.srli  s1, 9
core   0: 3 0x80004e60 (0x80a5) x9  0x00000000
core   0: 0x80004e62 (0x340f1373) csrrw   t1, mscratch, t5
core   0: 3 0x80004e62 (0x340f1373) x6  0x0000001f c832_mscratch 0xffffffff
core   0: 0x80004e66 (0x03667633) remu    a2, a2, s6
core   0: 3 0x80004e66 (0x03667633) x12 0x00000000
core   0: 0x80004e6a (0x01f95d93) srli    s11, s2, 31
core   0: 3 0x80004e6a (0x01f95d93) x27 0x00000000
core   0: 0x80004e6e (0x026c8f13) addi    t5, s9, 38
core   0: 3 0x80004e6e (0x026c8f13) x30 0x000006e5
core   0: 0x80004e72 (0x00009d26) c.add   s10, s1
core   0: 3 0x80004e72 (0x9d26) x26 0xec2c2e2c
core   0: 0x80004e74 (0x038ea433) mulhsu  s0, t4, s8
core   0: 3 0x80004e74 (0x038ea433) x8  0x00000000
core   0: 0x80004e78 (0x00a922b3) slt     t0, s2, a0
core   0: 3 0x80004e78 (0x00a922b3) x5  0x00000000
core   0: 0x80004e7c (0x02005fb3) divu    t6, zero, zero
core   0: 3 0x80004e7c (0x02005fb3) x31 0xffffffff
core   0: 0x80004e80 (0x0000057e) c.slli  a0, 31
core   0: 3 0x80004e80 (0x057e) x10 0x00000000
core   0: 0x80004e82 (0x4cdaf413) andi    s0, s5, 1229
core   0: 3 0x80004e82 (0x4cdaf413) x8  0x00000000
core   0: 0x80004e86 (0x00008f19) c.sub   a4, a4
core   0: 3 0x80004e86 (0x8f19) x14 0x00000000
core   0: 0x80004e88 (0x0000ef0d) c.bnez  a4, pc + 58
core   0: 3 0x80004e88 (0xef0d)
core   0: 0x80004e8a (0x01595313) srli    t1, s2, 21
core   0: 3 0x80004e8a (0x01595313) x6  0x00000000
core   0: 0x80004e8e (0x340c7cf3) csrrci  s9, mscratch, 24
core   0: 3 0x80004e8e (0x340c7cf3) x25 0xffffffff c832_mscratch 0xffffffe7
core   0: 0x80004e92 (0x00008e49) c.or    a2, a0
core   0: 3 0x80004e92 (0x8e49) x12 0x00000000
core   0: 0x80004e94 (0x01728c33) add     s8, t0, s7
core   0: 3 0x80004e94 (0x01728c33) x24 0xffffffff
core   0: 0x80004e98 (0x340b5b73) csrrwi  s6, mscratch, 22
core   0: 3 0x80004e98 (0x340b5b73) x22 0xffffffe7 c832_mscratch 0x00000016
core   0: 0x80004e9c (0x34f95717) auipc   a4, 0x34f95
core   0: 3 0x80004e9c (0x34f95717) x14 0xb4f99e9c
core   0: 0x80004ea0 (0x02e73633) mulhu   a2, a4, a4
core   0: 3 0x80004ea0 (0x02e73633) x12 0x7feffa71
core   0: 0x80004ea4 (0x000080d9) c.srli  s1, 22
core   0: 3 0x80004ea4 (0x80d9) x9  0x00000000
core   0: 0x80004ea6 (0x3408d873) csrrwi  a6, mscratch, 17
core   0: 3 0x80004ea6 (0x3408d873) x16 0x00000016 c832_mscratch 0x00000011
core   0: 0x80004eaa (0x003bdd13) srli    s10, s7, 3
core   0: 3 0x80004eaa (0x003bdd13) x26 0x1fffffff
core   0: 0x80004eae (0x02102db3) mulhsu  s11, zero, ra
core   0: 3 0x80004eae (0x02102db3) x27 0x00000000
core   0: 0x80004eb2 (0x416dda93) srai    s5, s11, 22
core   0: 3 0x80004eb2 (0x416dda93) x21 0x00000000
core   0: 0x80004eb6 (0x00000001) c.nop
core   0: 3 0x80004eb6 (0x0001)
core   0: 0x80004eb8 (0x00001308) c.addi4spn a0, sp, 416
core   0: 3 0x80004eb8 (0x1308) x10 0x1745cd55
core   0: 0x80004eba (0x00d587b3) add     a5, a1, a3
core   0: 3 0x80004eba (0x00d587b3) x15 0x00043b48
core   0: 0x80004ebe (0x00000001) c.nop
core   0: 3 0x80004ebe (0x0001)
core   0: 0x80004ec0 (0x0000167d) c.addi  a2, -1
core   0: 3 0x80004ec0 (0x167d) x12 0x7feffa70
core   0: 0x80004ec2 (0x00000be2) c.slli  s7, 24
core   0: 3 0x80004ec2 (0x0be2) x23 0xff000000
core   0: 0x80004ec4 (0x000054fd) c.li    s1, -1
core   0: 3 0x80004ec4 (0x54fd) x9  0xffffffff
core   0: 0x80004ec6 (0x000deeb3) or      t4, s11, zero
core   0: 3 0x80004ec6 (0x000deeb3) x29 0x00000000
core   0: 0x80004eca (0x03e37c33) remu    s8, t1, t5
core   0: 3 0x80004eca (0x03e37c33) x24 0x00000000
core   0: 0x80004ece (0x00001c08) c.addi4spn a0, sp, 560
core   0: 3 0x80004ece (0x1c08) x10 0x1745cde5
core   0: 0x80004ed0 (0x01c4abb3) slt     s7, s1, t3
core   0: 3 0x80004ed0 (0x01c4abb3) x23 0x00000001
core   0: 0x80004ed4 (0x027e5ab3) divu    s5, t3, t2
core   0: 3 0x80004ed4 (0x027e5ab3) x21 0xffffffff
core   0: 0x80004ed8 (0x0036ae33) slt     t3, a3, gp
core   0: 3 0x80004ed8 (0x0036ae33) x28 0x00000001
core   0: 0x80004edc (0x00008059) c.srli  s0, 22
core   0: 3 0x80004edc (0x8059) x8  0x00000000
core   0: 0x80004ede (0x00e31913) slli    s2, t1, 14
core   0: 3 0x80004ede (0x00e31913) x18 0x00000000
core   0: 0x80004ee2 (0x0014fd33) and     s10, s1, ra
core   0: 3 0x80004ee2 (0x0014fd33) x26 0x000000ff
core   0: 0x80004ee6 (0x34015273) csrrwi  tp, mscratch, 2
core   0: 3 0x80004ee6 (0x34015273) x4  0x00000011 c832_mscratch 0x00000002
core   0: 0x80004eea (0x33bdcb93) xori    s7, s11, 827
core   0: 3 0x80004eea (0x33bdcb93) x23 0x0000033b
core   0: 0x80004eee (0xf37e8437) lui     s0, 0xf37e8
core   0: 3 0x80004eee (0xf37e8437) x8  0xf37e8000
core   0: 0x80004ef2 (0x34002a73) csrr    s4, mscratch
core   0: 3 0x80004ef2 (0x34002a73) x20 0x00000002
core   0: 0x80004ef6 (0x00008e6e) c.mv    t3, s11
core   0: 3 0x80004ef6 (0x8e6e) x28 0x00000000
core   0: 0x80004ef8 (0x02e6ed63) bltu    a3, a4, pc + 58
core   0: 3 0x80004ef8 (0x02e6ed63)
core   0: 0x80004f32 (0x0000c791) c.beqz  a5, pc + 12
core   0: 3 0x80004f32 (0xc791)
core   0: 0x80004f34 (0x00006741) c.lui   a4, 0x10
core   0: 3 0x80004f34 (0x6741) x14 0x00010000
core   0: 0x80004f36 (0x00008cc5) c.or    s1, s1
core   0: 3 0x80004f36 (0x8cc5) x9  0xffffffff
core   0: 0x80004f38 (0x000087a5) c.srai  a5, 9
core   0: 3 0x80004f38 (0x87a5) x15 0x0000021d
core   0: 0x80004f3a (0x1d416d13) ori     s10, sp, 468
core   0: 3 0x80004f3a (0x1d416d13) x26 0x1745cbf5
core   0: 0x80004f3e (0xa92a7e93) andi    t4, s4, -1390
core   0: 3 0x80004f3e (0xa92a7e93) x29 0x00000002
core   0: 0x80004f42 (0x00006149) c.addi16sp sp, 144
core   0: 3 0x80004f42 (0x6149) x2  0x1745cc45
core   0: 0x80004f44 (0x0173db63) bge     t2, s7, pc + 22
core   0: 3 0x80004f44 (0x0173db63)
core   0: 0x80004f48 (0x03254d33) div     s10, a0, s2
core   0: 3 0x80004f48 (0x03254d33) x26 0xffffffff
core   0: 0x80004f4c (0x01149893) slli    a7, s1, 17
core   0: 3 0x80004f4c (0x01149893) x17 0xfffe0000
core   0: 0x80004f50 (0x50b44b13) xori    s6, s0, 1291
core   0: 3 0x80004f50 (0x50b44b13) x22 0xf37e850b
core   0: 0x80004f54 (0x6930f513) andi    a0, ra, 1683
core   0: 3 0x80004f54 (0x6930f513) x10 0x00000093
core   0: 0x80004f58 (0x00000001) c.nop
core   0: 3 0x80004f58 (0x0001)
core   0: 0x80004f5a (0x4094d313) srai    t1, s1, 9
core   0: 3 0x80004f5a (0x4094d313) x6  0xffffffff
core   0: 0x80004f5e (0x0000100f) fence.i
core   0: 3 0x80004f5e (0x0000100f)
core   0: 0x80004f62 (0x02ebd963) bge     s7, a4, pc + 50
core   0: 3 0x80004f62 (0x02ebd963)
core   0: 0x80004f66 (0x413b5733) sra     a4, s6, s3
core   0: 3 0x80004f66 (0x413b5733) x14 0xf37e850b
core   0: 0x80004f6a (0x000084ad) c.srai  s1, 11
core   0: 3 0x80004f6a (0x84ad) x9  0xffffffff
core   0: 0x80004f6c (0x00ee8e33) add     t3, t4, a4
core   0: 3 0x80004f6c (0x00ee8e33) x28 0xf37e850d
core   0: 0x80004f70 (0x00008762) c.mv    a4, s8
core   0: 3 0x80004f70 (0x8762) x14 0x00000000
core   0: 0x80004f72 (0xbb76b413) sltiu   s0, a3, -1097
core   0: 3 0x80004f72 (0xbb76b413) x8  0x00000001
core   0: 0x80004f76 (0x222da493) slti    s1, s11, 546
core   0: 3 0x80004f76 (0x222da493) x9  0x00000001
core   0: 0x80004f7a (0x00d40fb3) add     t6, s0, a3
core   0: 3 0x80004f7a (0x00d40fb3) x31 0x80023ce5
core   0: 0x80004f7e (0x003c6933) or      s2, s8, gp
core   0: 3 0x80004f7e (0x003c6933) x18 0x0000001b
core   0: 0x80004f82 (0x00005f7d) c.li    t5, -1
core   0: 3 0x80004f82 (0x5f7d) x30 0xffffffff
core   0: 0x80004f84 (0x0000ef15) c.bnez  a4, pc + 60
core   0: 3 0x80004f84 (0xef15)
core   0: 0x80004f86 (0x05db1163) bne     s6, t4, pc + 66
core   0: 3 0x80004f86 (0x05db1163)
core   0: 0x80004fc8 (0x00008e19) c.sub   a2, a4
core   0: 3 0x80004fc8 (0x8e19) x12 0x7feffa70
core   0: 0x80004fca (0x40038a33) sub     s4, t2, zero
core   0: 3 0x80004fca (0x40038a33) x20 0x00000000
core   0: 0x80004fce (0x00000c25) c.addi  s8, 9
core   0: 3 0x80004fce (0x0c25) x24 0x00000009
core   0: 0x80004fd0 (0x035d5a33) divu    s4, s10, s5
core   0: 3 0x80004fd0 (0x035d5a33) x20 0x00000001
core   0: 0x80004fd4 (0x146f0c13) addi    s8, t5, 326
core   0: 3 0x80004fd4 (0x146f0c13) x24 0x00000145
core   0: 0x80004fd8 (0x010439b3) sltu    s3, s0, a6
core   0: 3 0x80004fd8 (0x010439b3) x19 0x00000001
core   0: 0x80004fdc (0x03292fb3) mulhsu  t6, s2, s2
core   0: 3 0x80004fdc (0x03292fb3) x31 0x00000000
core   0: 0x80004fe0 (0x01d75513) srli    a0, a4, 29
core   0: 3 0x80004fe0 (0x01d75513) x10 0x00000000
core   0: 0x80004fe4 (0x0000857d) c.srai  a0, 31
core   0: 3 0x80004fe4 (0x857d) x10 0x00000000
core   0: 0x80004fe6 (0x00d7d4b3) srl     s1, a5, a3
core   0: 3 0x80004fe6 (0x00d7d4b3) x9  0x00000021
core   0: 0x80004fea (0x340ed9f3) csrrwi  s3, mscratch, 29
core   0: 3 0x80004fea (0x340ed9f3) x19 0x00000002 c832_mscratch 0x0000001d
core   0: 0x80004fee (0x018b0133) add     sp, s6, s8
core   0: 3 0x80004fee (0x018b0133) x2  0xf37e8650
core   0: 0x80004ff2 (0x00de5a93) srli    s5, t3, 13
core   0: 3 0x80004ff2 (0x00de5a93) x21 0x00079bf4
core   0: 0x80004ff6 (0x036082b3) mul     t0, ra, s6
core   0: 3 0x80004ff6 (0x036082b3) x5  0x8b0685f5
core   0: 0x80004ffa (0x7820a113) slti    sp, ra, 1922
core   0: 3 0x80004ffa (0x7820a113) x2  0x00000001
core   0: 0x80004ffe (0x000010fd) c.addi  ra, -1
core   0: 3 0x80004ffe (0x10fd) x1  0x000000fe
core   0: 0x80005000 (0x6eb37d37) lui     s10, 0x6eb37
core   0: 3 0x80005000 (0x6eb37d37) x26 0x6eb37000
core   0: 0x80005004 (0x026390b3) mulh    ra, t2, t1
core   0: 3 0x80005004 (0x026390b3) x1  0x00000000
core   0: 0x80005008 (0x3402de73) csrrwi  t3, mscratch, 5
core   0: 3 0x80005008 (0x3402de73) x28 0x0000001d c832_mscratch 0x00000005
core   0: 0x8000500c (0x0000ce19) c.beqz  a2, pc + 30
core   0: 3 0x8000500c (0xce19)
core   0: 0x8000500e (0x03f6c763) blt     a3, t6, pc + 46
core   0: 3 0x8000500e (0x03f6c763)
core   0: 0x8000503c (0x4057d093) srai    ra, a5, 5
core   0: 3 0x8000503c (0x4057d093) x1  0x00000010
core   0: 0x80005040 (0x00000d92) c.slli  s11, 4
core   0: 3 0x80005040 (0x0d92) x27 0x00000000
core   0: 0x80005042 (0x0071f963) bgeu    gp, t2, pc + 18
core   0: 3 0x80005042 (0x0071f963)
core   0: 0x80005054 (0x00e9dab3) srl     s5, s3, a4
core   0: 3 0x80005054 (0x00e9dab3) x21 0x00000002
core   0: 0x80005058 (0x03ef54b3) divu    s1, t5, t5
core   0: 3 0x80005058 (0x03ef54b3) x9  0x00000001
core   0: 0x8000505c (0x03647bb3) remu    s7, s0, s6
core   0: 3 0x8000505c (0x03647bb3) x23 0x00000001
core   0: 0x80005060 (0x008be633) or      a2, s7, s0
core   0: 3 0x80005060 (0x008be633) x12 0x00000001
core   0: 0x80005064 (0x0138bb33) sltu    s6, a7, s3
core   0: 3 0x80005064 (0x0138bb33) x22 0x00000000
core   0: 0x80005068 (0x02ec8eb3) mul     t4, s9, a4
core   0: 3 0x80005068 (0x02ec8eb3) x29 0x00000000
core   0: 0x8000506c (0x340bdf73) csrrwi  t5, mscratch, 23
core   0: 3 0x8000506c (0x340bdf73) x30 0x00000005 c832_mscratch 0x00000017
core   0: 0x80005070 (0x03621db3) mulh    s11, tp, s6
core   0: 3 0x80005070 (0x03621db3) x27 0x00000000
core   0: 0x80005074 (0x00861f93) slli    t6, a2, 8
core   0: 3 0x80005074 (0x00861f93) x31 0x00000100
core   0: 0x80005078 (0x00000001) c.nop
core   0: 3 0x80005078 (0x0001)
core   0: 0x8000507a (0x0000100f) fence.i
core   0: 3 0x8000507a (0x0000100f)
core   0: 0x8000507e (0x026df133) remu    sp, s11, t1
core   0: 3 0x8000507e (0x026df133) x2  0x00000000
core   0: 0x80005082 (0x340bb873) csrrc   a6, mscratch, s7
core   0: 3 0x80005082 (0x340bb873) x16 0x00000017 c832_mscratch 0x00000016
core   0: 0x80005086 (0x00000001) c.nop
core   0: 3 0x80005086 (0x0001)
core   0: 0x80005088 (0x5a276b17) auipc   s6, 0x5a276
core   0: 3 0x80005088 (0x5a276b17) x22 0xda27b088
core   0: 0x8000508c (0x34087a73) csrrci  s4, mscratch, 16
core   0: 3 0x8000508c (0x34087a73) x20 0x00000016 c832_mscratch 0x00000006
core   0: 0x80005090 (0xd33c8913) addi    s2, s9, -717
core   0: 3 0x80005090 (0xd33c8913) x18 0xfffffd32
core   0: 0x80005094 (0x01c001ef) jal     gp, pc + 0x1c
core   0: 3 0x80005094 (0x01c001ef) x3  0x80005098
core   0: 0x800050b0 (0xff1ff36f) jal     t1, pc - 0x10
core   0: 3 0x800050b0 (0xff1ff36f) x6  0x800050b4
core   0: 0x800050a0 (0x00003fe5) c.jal   pc - 8
core   0: 3 0x800050a0 (0x3fe5) x1  0x800050a2
core   0: 0x80005098 (0x00002031) c.jal   pc + 12
core   0: 3 0x80005098 (0x2031) x1  0x8000509a
core   0: 0x800050a4 (0x0000a021) c.j     pc + 8
core   0: 3 0x800050a4 (0xa021)
core   0: 0x800050ac (0xff7ffcef) jal     s9, pc - 0xa
core   0: 3 0x800050ac (0xff7ffcef) x25 0x800050b0
core   0: 0x800050a2 (0x0000a819) c.j     pc + 22
core   0: 3 0x800050a2 (0xa819)
core   0: 0x800050b8 (0x0000bffd) c.j     pc - 2
core   0: 3 0x800050b8 (0xbffd)
core   0: 0x800050b6 (0x0000bfcd) c.j     pc - 14
core   0: 3 0x800050b6 (0xbfcd)
core   0: 0x800050a8 (0xff7ff36f) jal     t1, pc - 0xa
core   0: 3 0x800050a8 (0xff7ff36f) x6  0x800050ac
core   0: 0x8000509e (0x0000a819) c.j     pc + 22
core   0: 3 0x8000509e (0xa819)
core   0: 0x800050b4 (0x0000a021) c.j     pc + 8
core   0: 3 0x800050b4 (0xa021)
core   0: 0x800050bc (0x00003ffd) c.jal   pc - 2
core   0: 3 0x800050bc (0x3ffd) x1  0x800050be
core   0: 0x800050ba (0x00002011) c.jal   pc + 4
core   0: 3 0x800050ba (0x2011) x1  0x800050bc
core   0: 0x800050be (0x00003ff1) c.jal   pc - 36
core   0: 3 0x800050be (0x3ff1) x1  0x800050c0
core   0: 0x8000509a (0x00c0036f) jal     t1, pc + 0xc
core   0: 3 0x8000509a (0x00c0036f) x6  0x8000509e
core   0: 0x800050a6 (0x00002829) c.jal   pc + 26
core   0: 3 0x800050a6 (0x2829) x1  0x800050a8
core   0: 0x800050c0 (0x01c13733) sltu    a4, sp, t3
core   0: 3 0x800050c0 (0x01c13733) x14 0x00000001
core   0: 0x800050c4 (0xa431da17) auipc   s4, 0xa431d
core   0: 3 0x800050c4 (0xa431da17) x20 0x243220c4
core   0: 0x800050c8 (0x00008f31) c.xor   a4, a2
core   0: 3 0x800050c8 (0x8f31) x14 0x00000000
core   0: 0x800050ca (0x0000e011) c.bnez  s0, pc + 4
core   0: 3 0x800050ca (0xe011)
core   0: 0x800050ce (0x00009b8e) c.add   s7, gp
core   0: 3 0x800050ce (0x9b8e) x23 0x80005099
core   0: 0x800050d0 (0x01df7663) bgeu    t5, t4, pc + 12
core   0: 3 0x800050d0 (0x01df7663)
core   0: 0x800050dc (0x34021173) csrrw   sp, mscratch, tp
core   0: 3 0x800050dc (0x34021173) x2  0x00000006 c832_mscratch 0x00000011
core   0: 0x800050e0 (0x340f1bf3) csrrw   s7, mscratch, t5
core   0: 3 0x800050e0 (0x340f1bf3) x23 0x00000011 c832_mscratch 0x00000005
core   0: 0x800050e4 (0x00dc3033) sltu    zero, s8, a3
core   0: 3 0x800050e4 (0x00dc3033)
core   0: 0x800050e8 (0x34003273) csrrc   tp, mscratch, zero
core   0: 3 0x800050e8 (0x34003273) x4  0x00000005
core   0: 0x800050ec (0x00008055) c.srli  s0, 21
core   0: 3 0x800050ec (0x8055) x8  0x00000000
core   0: 0x800050ee (0x00000001) c.nop
core   0: 3 0x800050ee (0x0001)
core   0: 0x800050f0 (0x0124bcb3) sltu    s9, s1, s2
core   0: 3 0x800050f0 (0x0124bcb3) x25 0x00000001
core   0: 0x800050f4 (0x00008551) c.srai  a0, 20
core   0: 3 0x800050f4 (0x8551) x10 0x00000000
core   0: 0x800050f6 (0xd4ae8093) addi    ra, t4, -694
core   0: 3 0x800050f6 (0xd4ae8093) x1  0xfffffd4a
core   0: 0x800050fa (0xaeae8613) addi    a2, t4, -1302
core   0: 3 0x800050fa (0xaeae8613) x12 0xfffffaea
core   0: 0x800050fe (0x03bbe0b3) rem     ra, s7, s11
core   0: 3 0x800050fe (0x03bbe0b3) x1  0x00000011
core   0: 0x80005102 (0x01ea6b33) or      s6, s4, t5
core   0: 3 0x80005102 (0x01ea6b33) x22 0x243220c5
core   0: 0x80005106 (0x03cb5163) bge     s6, t3, pc + 34
core   0: 3 0x80005106 (0x03cb5163)
core   0: 0x80005128 (0x00008d3d) c.xor   a0, a5
core   0: 3 0x80005128 (0x8d3d) x10 0x0000021d
core   0: 0x8000512a (0x860f7213) andi    tp, t5, -1952
core   0: 3 0x8000512a (0x860f7213) x4  0x00000000
core   0: 0x8000512e (0x03fd6463) bltu    s10, t6, pc + 40
core   0: 3 0x8000512e (0x03fd6463)
core   0: 0x80005132 (0x02d7efb3) rem     t6, a5, a3
core   0: 3 0x80005132 (0x02d7efb3) x31 0x0000021d
core   0: 0x80005136 (0x3405d173) csrrwi  sp, mscratch, 11
core   0: 3 0x80005136 (0x3405d173) x2  0x00000005 c832_mscratch 0x0000000b
core   0: 0x8000513a (0x00000422) c.slli  s0, 8
core   0: 3 0x8000513a (0x0422) x8  0x00000000
core   0: 0x8000513c (0x340a9373) csrrw   t1, mscratch, s5
core   0: 3 0x8000513c (0x340a9373) x6  0x0000000b c832_mscratch 0x00000002
core   0: 0x80005140 (0x3404ddf3) csrrwi  s11, mscratch, 9
core   0: 3 0x80005140 (0x3404ddf3) x27 0x00000002 c832_mscratch 0x00000009
core   0: 0x80005144 (0x00009272) c.add   tp, t3
core   0: 3 0x80005144 (0x9272) x4  0x0000001d
core   0: 0x80005146 (0x34003473) csrrc   s0, mscratch, zero
core   0: 3 0x80005146 (0x34003473) x8  0x00000009
core   0: 0x8000514a (0x34006a73) csrrsi  s4, mscratch, 0
core   0: 3 0x8000514a (0x34006a73) x20 0x00000009
core   0: 0x8000514e (0x00484933) xor     s2, a6, tp
core   0: 3 0x8000514e (0x00484933) x18 0x0000000a
core   0: 0x80005152 (0x021e8463) beq     t4, ra, pc + 40
core   0: 3 0x80005152 (0x021e8463)
core   0: 0x80005156 (0x340f1673) csrrw   a2, mscratch, t5
core   0: 3 0x80005156 (0x340f1673) x12 0x00000009 c832_mscratch 0x00000005
core   0: 0x8000515a (0x019fdc63) bge     t6, s9, pc + 24
core   0: 3 0x8000515a (0x019fdc63)
core   0: 0x80005172 (0x000010fd) c.addi  ra, -1
core   0: 3 0x80005172 (0x10fd) x1  0x00000010
core   0: 0x80005174 (0x40f0d313) srai    t1, ra, 15
core   0: 3 0x80005174 (0x40f0d313) x6  0x00000000
core   0: 0x80005178 (0x000064f5) c.lui   s1, 0x1d
core   0: 3 0x80005178 (0x64f5) x9  0x0001d000
core   0: 0x8000517a (0x0000717d) c.addi16sp sp, -16
core   0: 3 0x8000517a (0x717d) x2  0xfffffff5
core   0: 0x8000517c (0x00f11733) sll     a4, sp, a5
core   0: 3 0x8000517c (0x00f11733) x14 0xa0000000
core   0: 0x80005180 (0x34003173) csrrc   sp, mscratch, zero
core   0: 3 0x80005180 (0x34003173) x2  0x00000005
core   0: 0x80005184 (0x0000e909) c.bnez  a0, pc + 18
core   0: 3 0x80005184 (0xe909)
core   0: 0x80005196 (0x01af2933) slt     s2, t5, s10
core   0: 3 0x80005196 (0x01af2933) x18 0x00000001
core   0: 0x8000519a (0x01e578b3) and     a7, a0, t5
core   0: 3 0x8000519a (0x01e578b3) x17 0x00000005
core   0: 0x8000519e (0x8babaf37) lui     t5, 0x8baba
core   0: 3 0x8000519e (0x8babaf37) x30 0x8baba000
core   0: 0x800051a2 (0x019c4d33) xor     s10, s8, s9
core   0: 3 0x800051a2 (0x019c4d33) x26 0x00000144
core   0: 0x800051a6 (0x02cf7633) remu    a2, t5, a2
core   0: 3 0x800051a6 (0x02cf7633) x12 0x00000005
core   0: 0x800051aa (0x00001c80) c.addi4spn s0, sp, 624
core   0: 3 0x800051aa (0x1c80) x8  0x00000275
core   0: 0x800051ac (0x021f1b63) bne     t5, ra, pc + 54
core   0: 3 0x800051ac (0x021f1b63)
core   0: 0x800051e2 (0xd7d7c513) xori    a0, a5, -643
core   0: 3 0x800051e2 (0xd7d7c513) x10 0xffffff60
core   0: 0x800051e6 (0x02f25563) bge     tp, a5, pc + 42
core   0: 3 0x800051e6 (0x02f25563)
core   0: 0x800051ea (0x00000001) c.nop
core   0: 3 0x800051ea (0x0001)
core   0: 0x800051ec (0x0000100f) fence.i
core   0: 3 0x800051ec (0x0000100f)
core   0: 0x800051f0 (0x6568c137) lui     sp, 0x6568c
core   0: 3 0x800051f0 (0x6568c137) x2  0x6568c000
core   0: 0x800051f4 (0x00001198) c.addi4spn a4, sp, 224
core   0: 3 0x800051f4 (0x1198) x14 0x6568c0e0
core   0: 0x800051f6 (0x00005a7d) c.li    s4, -1
core   0: 3 0x800051f6 (0x5a7d) x20 0xffffffff
core   0: 0x800051f8 (0x34042173) csrrs   sp, mscratch, s0
core   0: 3 0x800051f8 (0x34042173) x2  0x00000005 c832_mscratch 0x00000275
core   0: 0x800051fc (0x0000ec81) c.bnez  s1, pc + 24
core   0: 3 0x800051fc (0xec81)
core   0: 0x80005214 (0x017d3033) sltu    zero, s10, s7
core   0: 3 0x80005214 (0x017d3033)
core   0: 0x80005218 (0x34022d73) csrrs   s10, mscratch, tp
core   0: 3 0x80005218 (0x34022d73) x26 0x00000275 c832_mscratch 0x0000027d
core   0: 0x8000521c (0x4133d413) srai    s0, t2, 19
core   0: 3 0x8000521c (0x4133d413) x8  0x00000000
core   0: 0x80005220 (0x019cda13) srli    s4, s9, 25
core   0: 3 0x80005220 (0x019cda13) x20 0x00000000
core   0: 0x80005224 (0x01f97a63) bgeu    s2, t6, pc + 20
core   0: 3 0x80005224 (0x01f97a63)
core   0: 0x80005228 (0x00cd7c33) and     s8, s10, a2
core   0: 3 0x80005228 (0x00cd7c33) x24 0x00000005
core   0: 0x8000522c (0x02defe33) remu    t3, t4, a3
core   0: 3 0x8000522c (0x02defe33) x28 0x00000000
core   0: 0x80005230 (0x021fa4b3) mulhsu  s1, t6, ra
core   0: 3 0x80005230 (0x021fa4b3) x9  0x00000000
core   0: 0x80005234 (0x03f1e633) rem     a2, gp, t6
core   0: 3 0x80005234 (0x03f1e633) x12 0xfffffed0
core   0: 0x80005238 (0x00009da6) c.add   s11, s1
core   0: 3 0x80005238 (0x9da6) x27 0x00000002
core   0: 0x8000523a (0x02fe38b3) mulhu   a7, t3, a5
core   0: 3 0x8000523a (0x02fe38b3) x17 0x00000000
core   0: 0x8000523e (0x00004725) c.li    a4, 9
core   0: 3 0x8000523e (0x4725) x14 0x00000009
core   0: 0x80005240 (0x0532c363) blt     t0, s3, pc + 70
core   0: 3 0x80005240 (0x0532c363)
core   0: 0x80005286 (0x000087dd) c.srai  a5, 23
core   0: 3 0x80005286 (0x87dd) x15 0x00000000
core   0: 0x80005288 (0x00000001) c.nop
core   0: 3 0x80005288 (0x0001)
core   0: 0x8000528a (0x00e7dd13) srli    s10, a5, 14
core   0: 3 0x8000528a (0x00e7dd13) x26 0x00000000
core   0: 0x8000528e (0x00008f2d) c.xor   a4, a1
core   0: 3 0x8000528e (0x8f2d) x14 0x8001fe6d
core   0: 0x80005290 (0x01a85133) srl     sp, a6, s10
core   0: 3 0x80005290 (0x01a85133) x2  0x00000017
core   0: 0x80005294 (0x40f05113) srai    sp, zero, 15
core   0: 3 0x80005294 (0x40f05113) x2  0x00000000
core   0: 0x80005298 (0x00000001) c.nop
core   0: 3 0x80005298 (0x0001)
core   0: 0x8000529a (0x1f6b2a13) slti    s4, s6, 502
core   0: 3 0x8000529a (0x1f6b2a13) x20 0x00000000
core   0: 0x8000529e (0x010001ef) jal     gp, pc + 0x10
core   0: 3 0x8000529e (0x010001ef) x3  0x800052a2
core   0: 0x800052ae (0x00003ff5) c.jal   pc - 4
core   0: 3 0x800052ae (0x3ff5) x1  0x800052b0
core   0: 0x800052aa (0x00003ff5) c.jal   pc - 4
core   0: 3 0x800052aa (0x3ff5) x1  0x800052ac
core   0: 0x800052a6 (0x0000bffd) c.j     pc - 2
core   0: 3 0x800052a6 (0xbffd)
core   0: 0x800052a4 (0x0000a039) c.j     pc + 14
core   0: 3 0x800052a4 (0xa039)
core   0: 0x800052b2 (0x00002009) c.jal   pc + 2
core   0: 3 0x800052b2 (0x2009) x1  0x800052b4
core   0: 0x800052b4 (0xffdff36f) jal     t1, pc - 0x4
core   0: 3 0x800052b4 (0xffdff36f) x6  0x800052b8
core   0: 0x800052b0 (0x0000bfe5) c.j     pc - 8
core   0: 3 0x800052b0 (0xbfe5)
core   0: 0x800052a8 (0x0000a011) c.j     pc + 4
core   0: 3 0x800052a8 (0xa011)
core   0: 0x800052ac (0x00002031) c.jal   pc + 12
core   0: 3 0x800052ac (0x2031) x1  0x800052ae
core   0: 0x800052b8 (0xfebff0ef) jal     pc - 0x16
core   0: 3 0x800052b8 (0xfebff0ef) x1  0x800052bc
core   0: 0x800052a2 (0x0000a829) c.j     pc + 26
core   0: 3 0x800052a2 (0xa829)
core   0: 0x800052bc (0x13fc6e13) ori     t3, s8, 319
core   0: 3 0x800052bc (0x13fc6e13) x28 0x0000013f
core   0: 0x800052c0 (0x34007df3) csrrci  s11, mscratch, 0
core   0: 3 0x800052c0 (0x34007df3) x27 0x0000027d
core   0: 0x800052c4 (0x407f5e33) sra     t3, t5, t2
core   0: 3 0x800052c4 (0x407f5e33) x28 0x8baba000
core   0: 0x800052c8 (0x01f47a63) bgeu    s0, t6, pc + 20
core   0: 3 0x800052c8 (0x01f47a63)
core   0: 0x800052cc (0x01511a33) sll     s4, sp, s5
core   0: 3 0x800052cc (0x01511a33) x20 0x00000000
core   0: 0x800052d0 (0x692be213) ori     tp, s7, 1682
core   0: 3 0x800052d0 (0x692be213) x4  0x00000693
core   0: 0x800052d4 (0x00009ace) c.add   s5, s3
core   0: 3 0x800052d4 (0x9ace) x21 0x00000004
core   0: 0x800052d6 (0x009758b3) srl     a7, a4, s1
core   0: 3 0x800052d6 (0x009758b3) x17 0x8001fe6d
core   0: 0x800052da (0x000064c1) c.lui   s1, 0x10
core   0: 3 0x800052da (0x64c1) x9  0x00010000
core   0: 0x800052dc (0x0181d9b3) srl     s3, gp, s8
core   0: 3 0x800052dc (0x0181d9b3) x19 0x04000295
core   0: 0x800052e0 (0x00001d7d) c.addi  s10, -1
core   0: 3 0x800052e0 (0x1d7d) x26 0xffffffff
core   0: 0x800052e2 (0x34002773) csrr    a4, mscratch
core   0: 3 0x800052e2 (0x34002773) x14 0x0000027d
core   0: 0x800052e6 (0x0139cbb3) xor     s7, s3, s3
core   0: 3 0x800052e6 (0x0139cbb3) x23 0x00000000
core   0: 0x800052ea (0x02de8d63) beq     t4, a3, pc + 58
core   0: 3 0x800052ea (0x02de8d63)
core   0: 0x800052ee (0x0000139c) c.addi4spn a5, sp, 480
core   0: 3 0x800052ee (0x139c) x15 0x000001e0
core   0: 0x800052f0 (0x0000c031) c.beqz  s0, pc + 68
core   0: 3 0x800052f0 (0xc031)
core   0: 0x80005334 (0x4dd92293) slti    t0, s2, 1245
core   0: 3 0x80005334 (0x4dd92293) x5  0x00000001
core   0: 0x80005338 (0x007fffb3) and     t6, t6, t2
core   0: 3 0x80005338 (0x007fffb3) x31 0x00000000
core   0: 0x8000533c (0x41f5d133) sra     sp, a1, t6
core   0: 3 0x8000533c (0x41f5d133) x2  0x8001fe64
core   0: 0x80005340 (0x023777b3) remu    a5, a4, gp
core   0: 3 0x80005340 (0x023777b3) x15 0x0000027d
core   0: 0x80005344 (0x00005ffd) c.li    t6, -1
core   0: 3 0x80005344 (0x5ffd) x31 0xffffffff
core   0: 0x80005346 (0x83683993) sltiu   s3, a6, -1994
core   0: 3 0x80005346 (0x83683993) x19 0x00000001
core   0: 0x8000534a (0x00009936) c.add   s2, a3
core   0: 3 0x8000534a (0x9936) x18 0x80023ce5
core   0: 0x8000534c (0x34002073) csrr    zero, mscratch
core   0: 3 0x8000534c (0x34002073)
core   0: 0x80005350 (0x025d0233) mul     tp, s10, t0
core   0: 3 0x80005350 (0x025d0233) x4  0xffffffff
core   0: 0x80005354 (0x00008d39) c.xor   a0, a4
core   0: 3 0x80005354 (0x8d39) x10 0xfffffd1d
core   0: 0x80005356 (0x03437763) bgeu    t1, s4, pc + 46
core   0: 3 0x80005356 (0x03437763)
core   0: 0x80005384 (0xeed78d13) addi    s10, a5, -275
core   0: 3 0x80005384 (0xeed78d13) x26 0x0000016a
core   0: 0x80005388 (0x0000c909) c.beqz  a0, pc + 18
core   0: 3 0x80005388 (0xc909)
core   0: 0x8000538a (0x00000100) c.addi4spn s0, sp, 128
core   0: 3 0x8000538a (0x0100) x8  0x8001fee4
core   0: 0x8000538c (0x00000b4d) c.addi  s6, 19
core   0: 3 0x8000538c (0x0b4d) x22 0x243220d8
core   0: 0x8000538e (0x0ec15a17) auipc   s4, 0xec15
core   0: 3 0x8000538e (0x0ec15a17) x20 0x8ec1a38e
core   0: 0x80005392 (0x006e7a63) bgeu    t3, t1, pc + 20
core   0: 3 0x80005392 (0x006e7a63)
core   0: 0x800053a6 (0x00000001) c.nop
core   0: 3 0x800053a6 (0x0001)
core   0: 0x800053a8 (0x34002673) csrr    a2, mscratch
core   0: 3 0x800053a8 (0x34002673) x12 0x0000027d
core   0: 0x800053ac (0x01743633) sltu    a2, s0, s7
core   0: 3 0x800053ac (0x01743633) x12 0x00000000
core   0: 0x800053b0 (0x00006c29) c.lui   s8, 0xa
core   0: 3 0x800053b0 (0x6c29) x24 0x0000a000
core   0: 0x800053b2 (0x00000936) c.slli  s2, 13
core   0: 3 0x800053b2 (0x0936) x18 0x479ca000
core   0: 0x800053b4 (0xd4388513) addi    a0, a7, -701
core   0: 3 0x800053b4 (0xd4388513) x10 0x8001fbb0
core   0: 0x800053b8 (0x02674963) blt     a4, t1, pc + 50
core   0: 3 0x800053b8 (0x02674963)
core   0: 0x800053bc (0x00000f90) c.addi4spn a2, sp, 976
core   0: 3 0x800053bc (0x0f90) x12 0x80020234
core   0: 0x800053be (0x009d8833) add     a6, s11, s1
core   0: 3 0x800053be (0x009d8833) x16 0x0001027d
core   0: 0x800053c2 (0x03828033) mul     zero, t0, s8
core   0: 3 0x800053c2 (0x03828033)
core   0: 0x800053c6 (0x00041793) slli    a5, s0, 0
core   0: 3 0x800053c6 (0x00041793) x15 0x8001fee4
core   0: 0x800053ca (0x00000001) c.nop
core   0: 3 0x800053ca (0x0001)
core   0: 0x800053cc (0x41e10c33) sub     s8, sp, t5
core   0: 3 0x800053cc (0x41e10c33) x24 0xf4565e64
core   0: 0x800053d0 (0x02742433) mulhsu  s0, s0, t2
core   0: 3 0x800053d0 (0x02742433) x8  0x00000000
core   0: 0x800053d4 (0x0000537d) c.li    t1, -1
core   0: 3 0x800053d4 (0x537d) x6  0xffffffff
core   0: 0x800053d6 (0x00009332) c.add   t1, a2
core   0: 3 0x800053d6 (0x9332) x6  0x80020233
core   0: 0x800053d8 (0x34081a73) csrrw   s4, mscratch, a6
core   0: 3 0x800053d8 (0x34081a73) x20 0x0000027d c832_mscratch 0x0001027d
core   0: 0x800053dc (0x340ee773) csrrsi  a4, mscratch, 29
core   0: 3 0x800053dc (0x340ee773) x14 0x0001027d c832_mscratch 0x0001027d
core   0: 0x800053e0 (0x00000001) c.nop
core   0: 3 0x800053e0 (0x0001)
core   0: 0x800053e2 (0x03fd4463) blt     s10, t6, pc + 40
core   0: 3 0x800053e2 (0x03fd4463)
core   0: 0x800053e6 (0x413a0eb3) sub     t4, s4, s3
core   0: 3 0x800053e6 (0x413a0eb3) x29 0x0000027c
core   0: 0x800053ea (0x63214493) xori    s1, sp, 1586
core   0: 3 0x800053ea (0x63214493) x9  0x8001f856
core   0: 0x800053ee (0x00620033) add     zero, tp, t1
core   0: 3 0x800053ee (0x00620033)
core   0: 0x800053f2 (0xf127e313) ori     t1, a5, -238
core   0: 3 0x800053f2 (0xf127e313) x6  0xfffffff6
core   0: 0x800053f6 (0x41d4d893) srai    a7, s1, 29
core   0: 3 0x800053f6 (0x41d4d893) x17 0xfffffffc
core   0: 0x800053fa (0x00000001) c.nop
core   0: 3 0x800053fa (0x0001)
core   0: 0x800053fc (0x030cd433) divu    s0, s9, a6
core   0: 3 0x800053fc (0x030cd433) x8  0x00000000
core   0: 0x80005400 (0x031e8d63) beq     t4, a7, pc + 58
core   0: 3 0x80005400 (0x031e8d63)
core   0: 0x80005404 (0xa8fb2eb7) lui     t4, 0xa8fb2
core   0: 3 0x80005404 (0xa8fb2eb7) x29 0xa8fb2000
core   0: 0x80005408 (0x00000d6d) c.addi  s10, 27
core   0: 3 0x80005408 (0x0d6d) x26 0x00000185
core   0: 0x8000540a (0x03189733) mulh    a4, a7, a7
core   0: 3 0x8000540a (0x03189733) x14 0x00000000
core   0: 0x8000540e (0x00001a88) c.addi4spn a0, sp, 368
core   0: 3 0x8000540e (0x1a88) x10 0x8001ffd4
core   0: 0x80005410 (0x00008935) c.andi  a0, 13
core   0: 3 0x80005410 (0x8935) x10 0x00000004
core   0: 0x80005412 (0x01660663) beq     a2, s6, pc + 12
core   0: 3 0x80005412 (0x01660663)
core   0: 0x80005416 (0x01361513) slli    a0, a2, 19
core   0: 3 0x80005416 (0x01361513) x10 0x11a00000
core   0: 0x8000541a (0x0ff0000f) fence   iorw,iorw
core   0: 3 0x8000541a (0x0ff0000f)
core   0: 0x8000541e (0x00008149) c.srli  a0, 18
core   0: 3 0x8000541e (0x8149) x10 0x00000468
core   0: 0x80005420 (0x000087f1) c.srai  a5, 28
core   0: 3 0x80005420 (0x87f1) x15 0xfffffff8
core   0: 0x80005422 (0x0000c09d) c.beqz  s1, pc + 38
core   0: 3 0x80005422 (0xc09d)
core   0: 0x80005424 (0x00000a2d) c.addi  s4, 11
core   0: 3 0x80005424 (0x0a2d) x20 0x00000288
core   0: 0x80005426 (0x005cc963) blt     s9, t0, pc + 18
core   0: 3 0x80005426 (0x005cc963)
core   0: 0x8000542a (0x02017663) bgeu    sp, zero, pc + 44
core   0: 3 0x8000542a (0x02017663)
core   0: 0x80005456 (0x0104a433) slt     s0, s1, a6
core   0: 3 0x80005456 (0x0104a433) x8  0x00000001
core   0: 0x8000545a (0x00001c80) c.addi4spn s0, sp, 624
core   0: 3 0x8000545a (0x1c80) x8  0x800200d4
core   0: 0x8000545c (0x00974c63) blt     a4, s1, pc + 24
core   0: 3 0x8000545c (0x00974c63)
core   0: 0x80005460 (0xaee60e93) addi    t4, a2, -1298
core   0: 3 0x80005460 (0xaee60e93) x29 0x8001fd22
core   0: 0x80005464 (0x3402de73) csrrwi  t3, mscratch, 5
core   0: 3 0x80005464 (0x3402de73) x28 0x0001027d c832_mscratch 0x00000005
core   0: 0x80005468 (0x0195c4b3) xor     s1, a1, s9
core   0: 3 0x80005468 (0x0195c4b3) x9  0x8001fe65
core   0: 0x8000546c (0x34007273) csrrci  tp, mscratch, 0
core   0: 3 0x8000546c (0x34007273) x4  0x00000005
core   0: 0x80005470 (0x012cca13) xori    s4, s9, 18
core   0: 3 0x80005470 (0x012cca13) x20 0x00000013
core   0: 0x80005474 (0x00000001) c.nop
core   0: 3 0x80005474 (0x0001)
core   0: 0x80005476 (0x0000100f) fence.i
core   0: 3 0x80005476 (0x0000100f)
core   0: 0x8000547a (0x00974863) blt     a4, s1, pc + 16
core   0: 3 0x8000547a (0x00974863)
core   0: 0x8000547e (0x03c50033) mul     zero, a0, t3
core   0: 3 0x8000547e (0x03c50033)
core   0: 0x80005482 (0x00009a36) c.add   s4, a3
core   0: 3 0x80005482 (0x9a36) x20 0x80023cf7
core   0: 0x80005484 (0x00008015) c.srli  s0, 5
core   0: 3 0x80005484 (0x8015) x8  0x04001006
core   0: 0x80005486 (0x00b197b3) sll     a5, gp, a1
core   0: 3 0x80005486 (0x00b197b3) x15 0x00052a20
core   0: 0x8000548a (0x340adff3) csrrwi  t6, mscratch, 21
core   0: 3 0x8000548a (0x340adff3) x31 0x00000005 c832_mscratch 0x00000015
core   0: 0x8000548e (0x40468db3) sub     s11, a3, tp
core   0: 3 0x8000548e (0x40468db3) x27 0x80023cdf
core   0: 0x80005492 (0x00bddd13) srli    s10, s11, 11
core   0: 3 0x80005492 (0x00bddd13) x26 0x00100047
core   0: 0x80005496 (0x03478db3) mul     s11, a5, s4
core   0: 3 0x80005496 (0x03478db3) x27 0x8f1b24e0
core   0: 0x8000549a (0x02d897b3) mulh    a5, a7, a3
core   0: 3 0x8000549a (0x02d897b3) x15 0x00000001
core   0: 0x8000549e (0x1714f813) andi    a6, s1, 369
core   0: 3 0x8000549e (0x1714f813) x16 0x00000061
core   0: 0x800054a2 (0x029f3433) mulhu   s0, t5, s1
core   0: 3 0x800054a2 (0x029f3433) x8  0x45d6e677
core   0: 0x800054a6 (0xf4878e13) addi    t3, a5, -184
core   0: 3 0x800054a6 (0xf4878e13) x28 0xffffff49
core   0: 0x800054aa (0x340069f3) csrrsi  s3, mscratch, 0
core   0: 3 0x800054aa (0x340069f3) x19 0x00000015
core   0: 0x800054ae (0x2889f193) andi    gp, s3, 648
core   0: 3 0x800054ae (0x2889f193) x3  0x00000000
core   0: 0x800054b2 (0x4149d833) sra     a6, s3, s4
core   0: 3 0x800054b2 (0x4149d833) x16 0x00000000
core   0: 0x800054b6 (0x0362e4b3) rem     s1, t0, s6
core   0: 3 0x800054b6 (0x0362e4b3) x9  0x00000001
core   0: 0x800054ba (0x01097c63) bgeu    s2, a6, pc + 24
core   0: 3 0x800054ba (0x01097c63)
core   0: 0x800054d2 (0x00000001) c.nop
core   0: 3 0x800054d2 (0x0001)
core   0: 0x800054d4 (0x00006105) c.addi16sp sp, 32
core   0: 3 0x800054d4 (0x6105) x2  0x8001fe84
core   0: 0x800054d6 (0x00008b79) c.andi  a4, 30
core   0: 3 0x800054d6 (0x8b79) x14 0x00000000
core   0: 0x800054d8 (0x0000717d) c.addi16sp sp, -16
core   0: 3 0x800054d8 (0x717d) x2  0x8001fe74
core   0: 0x800054da (0x41eadb33) sra     s6, s5, t5
core   0: 3 0x800054da (0x41eadb33) x22 0x00000004
core   0: 0x800054de (0x00008fc2) c.mv    t6, a6
core   0: 3 0x800054de (0x8fc2) x31 0x00000000
core   0: 0x800054e0 (0x00000b69) c.addi  s6, 26
core   0: 3 0x800054e0 (0x0b69) x22 0x0000001e
core   0: 0x800054e2 (0x022d2433) mulhsu  s0, s10, sp
core   0: 3 0x800054e2 (0x022d2433) x8  0x00080043
core   0: 0x800054e6 (0x0770d763) bge     ra, s7, pc + 110
core   0: 3 0x800054e6 (0x0770d763)
core   0: 0x800054ea (0x0057b033) sltu    zero, a5, t0
core   0: 3 0x800054ea (0x0057b033)
core   0: 0x800054ee (0x03401db3) mulh    s11, zero, s4
core   0: 3 0x800054ee (0x03401db3) x27 0x00000000
core   0: 0x800054f2 (0x00e001ef) jal     gp, pc + 0xe
core   0: 3 0x800054f2 (0x00e001ef) x3  0x800054f6
core   0: 0x80005500 (0x0000a019) c.j     pc + 6
core   0: 3 0x80005500 (0xa019)
core   0: 0x80005506 (0x0000bfc5) c.j     pc - 16
core   0: 3 0x80005506 (0xbfc5)
core   0: 0x800054f6 (0x00002819) c.jal   pc + 22
core   0: 3 0x800054f6 (0x2819) x1  0x800054f8
core   0: 0x8000550c (0xfedff0ef) jal     pc - 0x14
core   0: 3 0x8000550c (0xfedff0ef) x1  0x80005510
core   0: 0x800054f8 (0x00a00bef) jal     s7, pc + 0xa
core   0: 3 0x800054f8 (0x00a00bef) x23 0x800054fc
core   0: 0x80005502 (0x00e0036f) jal     t1, pc + 0xe
core   0: 3 0x80005502 (0x00e0036f) x6  0x80005506
core   0: 0x80005510 (0x0000bfe5) c.j     pc - 8
core   0: 3 0x80005510 (0xbfe5)
core   0: 0x80005508 (0x00a000ef) jal     pc + 0xa
core   0: 3 0x80005508 (0x00a000ef) x1  0x8000550c
core   0: 0x80005512 (0x000037ed) c.jal   pc - 22
core   0: 3 0x80005512 (0x37ed) x1  0x80005514
core   0: 0x800054fc (0x018000ef) jal     pc + 0x18
core   0: 3 0x800054fc (0x018000ef) x1  0x80005500
core   0: 0x80005514 (0x0000919e) c.add   gp, t2
core   0: 3 0x80005514 (0x919e) x3  0x800054f6
core   0: 0x80005516 (0x03b94c63) blt     s2, s11, pc + 56
core   0: 3 0x80005516 (0x03b94c63)
core   0: 0x8000551a (0x4125d433) sra     s0, a1, s2
core   0: 3 0x8000551a (0x4125d433) x8  0x8001fe64
core   0: 0x8000551e (0x05bdd263) bge     s11, s11, pc + 68
core   0: 3 0x8000551e (0x05bdd263)
core   0: 0x80005562 (0x0000717d) c.addi16sp sp, -16
core   0: 3 0x80005562 (0x717d) x2  0x8001fe64
core   0: 0x80005564 (0x00009a7d) c.andi  a2, -1
core   0: 3 0x80005564 (0x9a7d) x12 0x80020234
core   0: 0x80005566 (0x411608b3) sub     a7, a2, a7
core   0: 3 0x80005566 (0x411608b3) x17 0x80020238
core   0: 0x8000556a (0x034bac33) mulhsu  s8, s7, s4
core   0: 3 0x8000556a (0x034bac33) x24 0xbfff0c03
core   0: 0x8000556e (0x4aa60e37) lui     t3, 0x4aa60
core   0: 3 0x8000556e (0x4aa60e37) x28 0x4aa60000
core   0: 0x80005572 (0x01ef6633) or      a2, t5, t5
core   0: 3 0x80005572 (0x01ef6633) x12 0x8baba000
core   0: 0x80005576 (0xb693fbb7) lui     s7, 0xb693f
core   0: 3 0x80005576 (0xb693fbb7) x23 0xb693f000
core   0: 0x8000557a (0x027f1633) mulh    a2, t5, t2
core   0: 3 0x8000557a (0x027f1633) x12 0x00000000
core   0: 0x8000557e (0x01fdcb63) blt     s11, t6, pc + 22
core   0: 3 0x8000557e (0x01fdcb63)
core   0: 0x80005582 (0x65d48313) addi    t1, s1, 1629
core   0: 3 0x80005582 (0x65d48313) x6  0x0000065e
core   0: 0x80005586 (0x0000100f) fence.i
core   0: 3 0x80005586 (0x0000100f)
core   0: 0x8000558a (0x02ea6363) bltu    s4, a4, pc + 38
core   0: 3 0x8000558a (0x02ea6363)
core   0: 0x8000558e (0x0ff0000f) fence   iorw,iorw
core   0: 3 0x8000558e (0x0ff0000f)
core   0: 0x80005592 (0x00008d59) c.or    a0, a4
core   0: 3 0x80005592 (0x8d59) x10 0x00000468
core   0: 0x80005594 (0x0000ea11) c.bnez  a2, pc + 20
core   0: 3 0x80005594 (0xea11)
core   0: 0x80005596 (0x0000717d) c.addi16sp sp, -16
core   0: 3 0x80005596 (0x717d) x2  0x8001fe54
core   0: 0x80005598 (0x015a8a63) beq     s5, s5, pc + 20
core   0: 3 0x80005598 (0x015a8a63)
core   0: 0x800055ac (0x340c2a73) csrrs   s4, mscratch, s8
core   0: 3 0x800055ac (0x340c2a73) x20 0x00000015 c832_mscratch 0xbfff0c17
core   0: 0x800055b0 (0x01829a63) bne     t0, s8, pc + 20
core   0: 3 0x800055b0 (0x01829a63)
core   0: 0x800055c4 (0x8baf8d13) addi    s10, t6, -1862
core   0: 3 0x800055c4 (0x8baf8d13) x26 0xfffff8ba
core   0: 0x800055c8 (0x34006973) csrrsi  s2, mscratch, 0
core   0: 3 0x800055c8 (0x34006973) x18 0xbfff0c17
core   0: 0x800055cc (0x02a88863) beq     a7, a0, pc + 48
core   0: 3 0x800055cc (0x02a88863)
core   0: 0x800055d0 (0x775f0793) addi    a5, t5, 1909
core   0: 3 0x800055d0 (0x775f0793) x15 0x8baba775
core   0: 0x800055d4 (0x035cffb3) remu    t6, s9, s5
core   0: 3 0x800055d4 (0x035cffb3) x31 0x00000001
core   0: 0x800055d8 (0x0082c2b3) xor     t0, t0, s0
core   0: 3 0x800055d8 (0x0082c2b3) x5  0x8001fe65
core   0: 0x800055dc (0x00008ba9) c.andi  a5, 10
core   0: 3 0x800055dc (0x8ba9) x15 0x00000000
core   0: 0x800055de (0x024c8db3) mul     s11, s9, tp
core   0: 3 0x800055de (0x024c8db3) x27 0x00000005
core   0: 0x800055e2 (0xe1bc4313) xori    t1, s8, -485
core   0: 3 0x800055e2 (0xe1bc4313) x6  0x4000f218
core   0: 0x800055e6 (0x03d9bcb3) mulhu   s9, s3, t4
core   0: 3 0x800055e6 (0x03d9bcb3) x25 0x0000000a
core   0: 0x800055ea (0x012ea633) slt     a2, t4, s2
core   0: 3 0x800055ea (0x012ea633) x12 0x00000001
core   0: 0x800055ee (0x340b6e73) csrrsi  t3, mscratch, 22
core   0: 3 0x800055ee (0x340b6e73) x28 0xbfff0c17 c832_mscratch 0xbfff0c17
core   0: 0x800055f2 (0x00008801) c.andi  s0, 0
core   0: 3 0x800055f2 (0x8801) x8  0x00000000
core   0: 0x800055f4 (0x340de073) csrsi   mscratch, 27
core   0: 3 0x800055f4 (0x340de073) c832_mscratch 0xbfff0c1f
core   0: 0x800055f8 (0x01fadd33) srl     s10, s5, t6
core   0: 3 0x800055f8 (0x01fadd33) x26 0x00000002
core   0: 0x800055fc (0x0000c509) c.beqz  a0, pc + 10
core   0: 3 0x800055fc (0xc509)
core   0: 0x800055fe (0x40c05b33) sra     s6, zero, a2
core   0: 3 0x800055fe (0x40c05b33) x22 0x00000000
core   0: 0x80005602 (0x01b48663) beq     s1, s11, pc + 12
core   0: 3 0x80005602 (0x01b48663)
core   0: 0x80005606 (0x00b138b3) sltu    a7, sp, a1
core   0: 3 0x80005606 (0x00b138b3) x17 0x00000001
core   0: 0x8000560a (0x0ff0000f) fence   iorw,iorw
core   0: 3 0x8000560a (0x0ff0000f)
core   0: 0x8000560e (0xa9409337) lui     t1, 0xa9409
core   0: 3 0x8000560e (0xa9409337) x6  0xa9409000
core   0: 0x80005612 (0x0000717d) c.addi16sp sp, -16
core   0: 3 0x80005612 (0x717d) x2  0x8001fe44
core   0: 0x80005614 (0x00001c04) c.addi4spn s1, sp, 560
core   0: 3 0x80005614 (0x1c04) x9  0x80020074
core   0: 0x80005616 (0x00009962) c.add   s2, s8
core   0: 3 0x80005616 (0x9962) x18 0x7ffe181a
core   0: 0x80005618 (0xc74e6d93) ori     s11, t3, -908
core   0: 3 0x80005618 (0xc74e6d93) x27 0xfffffc77
core   0: 0x8000561c (0x34063ff3) csrrc   t6, mscratch, a2
core   0: 3 0x8000561c (0x34063ff3) x31 0xbfff0c1f c832_mscratch 0xbfff0c1e
core   0: 0x80005620 (0x00000001) c.nop
core   0: 3 0x80005620 (0x0001)
core   0: 0x80005622 (0x00008fb5) c.xor   a5, a3
core   0: 3 0x80005622 (0x8fb5) x15 0x80023ce4
core   0: 0x80005624 (0x0000100f) fence.i
core   0: 3 0x80005624 (0x0000100f)
core   0: 0x80005628 (0x41f4d813) srai    a6, s1, 31
core   0: 3 0x80005628 (0x41f4d813) x16 0xffffffff
core   0: 0x8000562c (0x2ad32a13) slti    s4, t1, 685
core   0: 3 0x8000562c (0x2ad32a13) x20 0x00000001
core   0: 0x80005630 (0x02437663) bgeu    t1, tp, pc + 44
core   0: 3 0x80005630 (0x02437663)
core   0: 0x8000565c (0x0000100f) fence.i
core   0: 3 0x8000565c (0x0000100f)
core   0: 0x80005660 (0x03e4e7b3) rem     a5, s1, t5
core   0: 3 0x80005660 (0x03e4e7b3) x15 0xf4566074
core   0: 0x80005664 (0x014f9533) sll     a0, t6, s4
core   0: 3 0x80005664 (0x014f9533) x10 0x7ffe183e
core   0: 0x80005668 (0x03bf97b3) mulh    a5, t6, s11
core   0: 3 0x80005668 (0x03bf97b3) x15 0x000000e2
core   0: 0x8000566c (0x00000c08) c.addi4spn a0, sp, 528
core   0: 3 0x8000566c (0x0c08) x10 0x80020054
core   0: 0x8000566e (0xf58def93) ori     t6, s11, -168
core   0: 3 0x8000566e (0xf58def93) x31 0xffffff7f
core   0: 0x80005672 (0x00008f65) c.and   a4, s1
core   0: 3 0x80005672 (0x8f65) x14 0x00000000
core   0: 0x80005674 (0x01577bb3) and     s7, a4, s5
core   0: 3 0x80005674 (0x01577bb3) x23 0x00000000
core   0: 0x80005678 (0x34002df3) csrr    s11, mscratch
core   0: 3 0x80005678 (0x34002df3) x27 0xbfff0c1e
core   0: 0x8000567c (0x1dcd6113) ori     sp, s10, 476
core   0: 3 0x8000567c (0x1dcd6113) x2  0x000001de
core   0: 0x80005680 (0x00f89433) sll     s0, a7, a5
core   0: 3 0x80005680 (0x00f89433) x8  0x00000004
core   0: 0x80005684 (0x018d1a63) bne     s10, s8, pc + 20
core   0: 3 0x80005684 (0x018d1a63)
core   0: 0x80005698 (0x7c6b9937) lui     s2, 0x7c6b9
core   0: 3 0x80005698 (0x7c6b9937) x18 0x7c6b9000
core   0: 0x8000569c (0x04025163) bgez    tp, pc + 66
core   0: 3 0x8000569c (0x04025163)
core   0: 0x800056de (0x34007873) csrrci  a6, mscratch, 0
core   0: 3 0x800056de (0x34007873) x16 0xbfff0c1e
core   0: 0x800056e2 (0x0191c863) blt     gp, s9, pc + 16
core   0: 3 0x800056e2 (0x0191c863)
core   0: 0x800056f2 (0x03de64b3) rem     s1, t3, t4
core   0: 3 0x800056f2 (0x03de64b3) x9  0xbfff0c17
core   0: 0x800056f6 (0x0055f863) bgeu    a1, t0, pc + 16
core   0: 3 0x800056f6 (0x0055f863)
core   0: 0x800056fa (0x0000c605) c.beqz  a2, pc + 40
core   0: 3 0x800056fa (0xc605)
core   0: 0x800056fc (0x023f4833) div     a6, t5, gp
core   0: 3 0x800056fc (0x023f4833) x16 0x00000000
core   0: 0x80005700 (0x00008ff1) c.and   a5, a2
core   0: 3 0x80005700 (0x8ff1) x15 0x00000000
core   0: 0x80005702 (0x01265db3) srl     s11, a2, s2
core   0: 3 0x80005702 (0x01265db3) x27 0x00000001
core   0: 0x80005706 (0x03688463) beq     a7, s6, pc + 40
core   0: 3 0x80005706 (0x03688463)
core   0: 0x8000570a (0x4173da93) srai    s5, t2, 23
core   0: 3 0x8000570a (0x4173da93) x21 0x00000000
core   0: 0x8000570e (0x00646cb3) or      s9, s0, t1
core   0: 3 0x8000570e (0x00646cb3) x25 0xa9409004
core   0: 0x80005712 (0x985e0713) addi    a4, t3, -1659
core   0: 3 0x80005712 (0x985e0713) x14 0xbfff059c
core   0: 0x80005716 (0x02dbf333) remu    t1, s7, a3
core   0: 3 0x80005716 (0x02dbf333) x6  0x00000000
core   0: 0x8000571a (0x0000100f) fence.i
core   0: 3 0x8000571a (0x0000100f)
core   0: 0x8000571e (0x34002173) csrr    sp, mscratch
core   0: 3 0x8000571e (0x34002173) x2  0xbfff0c1e
core   0: 0x80005722 (0x024c6bb3) rem     s7, s8, tp
core   0: 3 0x80005722 (0x024c6bb3) x23 0x00000000
core   0: 0x80005726 (0xa4dc62b7) lui     t0, 0xa4dc6
core   0: 3 0x80005726 (0xa4dc62b7) x5  0xa4dc6000
core   0: 0x8000572a (0x34006973) csrrsi  s2, mscratch, 0
core   0: 3 0x8000572a (0x34006973) x18 0xbfff0c1e
core   0: 0x8000572e (0x012fffb3) and     t6, t6, s2
core   0: 3 0x8000572e (0x012fffb3) x31 0xbfff0c1e
core   0: 0x80005732 (0x02d8ae33) mulhsu  t3, a7, a3
core   0: 3 0x80005732 (0x02d8ae33) x28 0x00000000
core   0: 0x80005736 (0x0042ec33) or      s8, t0, tp
core   0: 3 0x80005736 (0x0042ec33) x24 0xa4dc6005
core   0: 0x8000573a (0x027dadb3) mulhsu  s11, s11, t2
core   0: 3 0x8000573a (0x027dadb3) x27 0x00000000
core   0: 0x8000573e (0x02215e63) bge     sp, sp, pc + 60
core   0: 3 0x8000573e (0x02215e63)
core   0: 0x8000577a (0x017e3533) sltu    a0, t3, s7
core   0: 3 0x8000577a (0x017e3533) x10 0x00000000
core   0: 0x8000577e (0x01385963) bge     a6, s3, pc + 18
core   0: 3 0x8000577e (0x01385963)
core   0: 0x80005782 (0x686f3d93) sltiu   s11, t5, 1670
core   0: 3 0x80005782 (0x686f3d93) x27 0x00000000
core   0: 0x80005786 (0x00006325) c.lui   t1, 0x9
core   0: 3 0x80005786 (0x6325) x6  0x00009000
core   0: 0x80005788 (0x00000001) c.nop
core   0: 3 0x80005788 (0x0001)
core   0: 0x8000578a (0x0000049a) c.slli  s1, 6
core   0: 3 0x8000578a (0x049a) x9  0xffc305c0
core   0: 0x8000578c (0x01491c13) slli    s8, s2, 20
core   0: 3 0x8000578c (0x01491c13) x24 0xc1e00000
core   0: 0x80005790 (0x2d566d13) ori     s10, a2, 725
core   0: 3 0x80005790 (0x2d566d13) x26 0x000002d5
core   0: 0x80005794 (0x01cdd513) srli    a0, s11, 28
core   0: 3 0x80005794 (0x01cdd513) x10 0x00000000
core   0: 0x80005798 (0x034184b3) mul     s1, gp, s4
core   0: 3 0x80005798 (0x034184b3) x9  0x800054f6
core   0: 0x8000579c (0x4139d813) srai    a6, s3, 19
core   0: 3 0x8000579c (0x4139d813) x16 0x00000000
core   0: 0x800057a0 (0x2e69b793) sltiu   a5, s3, 742
core   0: 3 0x800057a0 (0x2e69b793) x15 0x00000001
core   0: 0x800057a4 (0x413dde93) srai    t4, s11, 19
core   0: 3 0x800057a4 (0x413dde93) x29 0x00000000
core   0: 0x800057a8 (0x0372db33) divu    s6, t0, s7
core   0: 3 0x800057a8 (0x0372db33) x22 0xffffffff
core   0: 0x800057ac (0x00008f69) c.and   a4, a0
core   0: 3 0x800057ac (0x8f69) x14 0x00000000
core   0: 0x800057ae (0x0000806d) c.srli  s0, 27
core   0: 3 0x800057ae (0x806d) x8  0x00000000
core   0: 0x800057b0 (0x037642b3) div     t0, a2, s7
core   0: 3 0x800057b0 (0x037642b3) x5  0xffffffff
core   0: 0x800057b4 (0x03f20733) mul     a4, tp, t6
core   0: 3 0x800057b4 (0x03f20733) x14 0xbffb3c96
core   0: 0x800057b8 (0x00008c9e) c.mv    s9, t2
core   0: 3 0x800057b8 (0x8c9e) x25 0x00000000
core   0: 0x800057ba (0x6ce6e293) ori     t0, a3, 1742
core   0: 3 0x800057ba (0x6ce6e293) x5  0x80023eee
core   0: 0x800057be (0x00009a7d) c.andi  a2, -1
core   0: 3 0x800057be (0x9a7d) x12 0x00000001
core   0: 0x800057c0 (0x00000001) c.nop
core   0: 3 0x800057c0 (0x0001)
core   0: 0x800057c2 (0x01a6a2b3) slt     t0, a3, s10
core   0: 3 0x800057c2 (0x01a6a2b3) x5  0x00000001
core   0: 0x800057c6 (0x00008f71) c.and   a4, a2
core   0: 3 0x800057c6 (0x8f71) x14 0x00000000
core   0: 0x800057c8 (0x00004301) c.li    t1, 0
core   0: 3 0x800057c8 (0x4301) x6  0x00000000
core   0: 0x800057ca (0xf14ac997) auipc   s3, 0xf14ac
core   0: 3 0x800057ca (0xf14ac997) x19 0x714b17ca
core   0: 0x800057ce (0x00000001) c.nop
core   0: 3 0x800057ce (0x0001)
core   0: 0x800057d0 (0x6ab8e913) ori     s2, a7, 1707
core   0: 3 0x800057d0 (0x6ab8e913) x18 0x000006ab
core   0: 0x800057d4 (0x0222bc33) mulhu   s8, t0, sp
core   0: 3 0x800057d4 (0x0222bc33) x24 0x00000000
core   0: 0x800057d8 (0x9ffc2313) slti    t1, s8, -1537
core   0: 3 0x800057d8 (0x9ffc2313) x6  0x00000000
core   0: 0x800057dc (0x5ecf2893) slti    a7, t5, 1516
core   0: 3 0x800057dc (0x5ecf2893) x17 0x00000001
core   0: 0x800057e0 (0x34006673) csrrsi  a2, mscratch, 0
core   0: 3 0x800057e0 (0x34006673) x12 0xbfff0c1e
core   0: 0x800057e4 (0x0000100f) fence.i
core   0: 3 0x800057e4 (0x0000100f)
core   0: 0x800057e8 (0x000061e5) c.lui   gp, 0x19
core   0: 3 0x800057e8 (0x61e5) x3  0x00019000
core   0: 0x800057ea (0x00009cc2) c.add   s9, a6
core   0: 3 0x800057ea (0x9cc2) x25 0x00000000
core   0: 0x800057ec (0x34002c73) csrr    s8, mscratch
core   0: 3 0x800057ec (0x34002c73) x24 0xbfff0c1e
core   0: 0x800057f0 (0xe3f44413) xori    s0, s0, -449
core   0: 3 0x800057f0 (0xe3f44413) x8  0xfffffe3f
core   0: 0x800057f4 (0x0000117d) c.addi  sp, -1
core   0: 3 0x800057f4 (0x117d) x2  0xbfff0c1d
core   0: 0x800057f6 (0x00000001) c.nop
core   0: 3 0x800057f6 (0x0001)
core   0: 0x800057f8 (0x00008649) c.srai  a2, 18
core   0: 3 0x800057f8 (0x8649) x12 0xffffefff
core   0: 0x800057fa (0x00008a55) c.andi  a2, 21
core   0: 3 0x800057fa (0x8a55) x12 0x00000015
core   0: 0x800057fc (0x00000001) c.nop
core   0: 3 0x800057fc (0x0001)
core   0: 0x800057fe (0x000080c1) c.srli  s1, 16
core   0: 3 0x800057fe (0x80c1) x9  0x00008000
core   0: 0x80005800 (0x37d44d13) xori    s10, s0, 893
core   0: 3 0x80005800 (0x37d44d13) x26 0xfffffd42
core   0: 0x80005804 (0x01068233) add     tp, a3, a6
core   0: 3 0x80005804 (0x01068233) x4  0x80023ce4
core   0: 0x80005808 (0x340d9cf3) csrrw   s9, mscratch, s11
core   0: 3 0x80005808 (0x340d9cf3) x25 0xbfff0c1e c832_mscratch 0x00000000
core   0: 0x8000580c (0x00008e5d) c.or    a2, a5
core   0: 3 0x8000580c (0x8e5d) x12 0x00000015
core   0: 0x8000580e (0x00757bb3) and     s7, a0, t2
core   0: 3 0x8000580e (0x00757bb3) x23 0x00000000
core   0: 0x80005812 (0x02732833) mulhsu  a6, t1, t2
core   0: 3 0x80005812 (0x02732833) x16 0x00000000
core   0: 0x80005816 (0xeff94097) auipc   ra, 0xeff94
core   0: 3 0x80005816 (0xeff94097) x1  0x6ff99816
core   0: 0x8000581a (0x00008e45) c.or    a2, s1
core   0: 3 0x8000581a (0x8e45) x12 0x00008015
core   0: 0x8000581c (0x340020f3) csrr    ra, mscratch
core   0: 3 0x8000581c (0x340020f3) x1  0x00000000
core   0: 0x80005820 (0x00006105) c.addi16sp sp, 32
core   0: 3 0x80005820 (0x6105) x2  0xbfff0c3d
core   0: 0x80005822 (0x2be3e713) ori     a4, t2, 702
core   0: 3 0x80005822 (0x2be3e713) x14 0x000002be
core   0: 0x80005826 (0x02d0f9b3) remu    s3, ra, a3
core   0: 3 0x80005826 (0x02d0f9b3) x19 0x00000000
core   0: 0x8000582a (0x03826563) bltu    tp, s8, pc + 42
core   0: 3 0x8000582a (0x03826563)
core   0: 0x80005854 (0x0414fb13) andi    s6, s1, 65
core   0: 3 0x80005854 (0x0414fb13) x22 0x00000000
core   0: 0x80005858 (0xa8c62113) slti    sp, a2, -1396
core   0: 3 0x80005858 (0xa8c62113) x2  0x00000000
core   0: 0x8000585c (0x36aff313) andi    t1, t6, 874
core   0: 3 0x8000585c (0x36aff313) x6  0x0000000a
core   0: 0x80005860 (0x34002cf3) csrr    s9, mscratch
core   0: 3 0x80005860 (0x34002cf3) x25 0x00000000
core   0: 0x80005864 (0x007b7ab3) and     s5, s6, t2
core   0: 3 0x80005864 (0x007b7ab3) x21 0x00000000
core   0: 0x80005868 (0x03336f33) rem     t5, t1, s3
core   0: 3 0x80005868 (0x03336f33) x30 0x0000000a
core   0: 0x8000586c (0x34056273) csrrsi  tp, mscratch, 10
core   0: 3 0x8000586c (0x34056273) x4  0x00000000 c832_mscratch 0x0000000a
core   0: 0x80005870 (0x0094e733) or      a4, s1, s1
core   0: 3 0x80005870 (0x0094e733) x14 0x00008000
core   0: 0x80005874 (0x00714e63) blt     sp, t2, pc + 28
core   0: 3 0x80005874 (0x00714e63)
core   0: 0x80005878 (0x01704c63) blt     zero, s7, pc + 24
core   0: 3 0x80005878 (0x01704c63)
core   0: 0x8000587c (0xa6494e37) lui     t3, 0xa6494
core   0: 3 0x8000587c (0xa6494e37) x28 0xa6494000
core   0: 0x80005880 (0x02e727b3) mulhsu  a5, a4, a4
core   0: 3 0x80005880 (0x02e727b3) x15 0x00000000
core   0: 0x80005884 (0x03267fb3) remu    t6, a2, s2
core   0: 3 0x80005884 (0x03267fb3) x31 0x00000164
core   0: 0x80005888 (0x362d28b7) lui     a7, 0x362d2
core   0: 3 0x80005888 (0x362d28b7) x17 0x362d2000
core   0: 0x8000588c (0x0259d7b3) divu    a5, s3, t0
core   0: 3 0x8000588c (0x0259d7b3) x15 0x00000000
core   0: 0x80005890 (0x00660a63) beq     a2, t1, pc + 20
core   0: 3 0x80005890 (0x00660a63)
core   0: 0x80005894 (0x01ab9663) bne     s7, s10, pc + 12
core   0: 3 0x80005894 (0x01ab9663)
core   0: 0x800058a0 (0x340dd073) csrwi   mscratch, 27
core   0: 3 0x800058a0 (0x340dd073) c832_mscratch 0x0000001b
core   0: 0x800058a4 (0x010facb3) slt     s9, t6, a6
core   0: 3 0x800058a4 (0x010facb3) x25 0x00000000
core   0: 0x800058a8 (0x01417933) and     s2, sp, s4
core   0: 3 0x800058a8 (0x01417933) x18 0x00000000
core   0: 0x800058ac (0x0000c50d) c.beqz  a0, pc + 42
core   0: 3 0x800058ac (0xc50d)
core   0: 0x800058d6 (0x02acf8b3) remu    a7, s9, a0
core   0: 3 0x800058d6 (0x02acf8b3) x17 0x00000000
core   0: 0x800058da (0x0011cbb3) xor     s7, gp, ra
core   0: 3 0x800058da (0x0011cbb3) x23 0x00019000
core   0: 0x800058de (0x00000001) c.nop
core   0: 3 0x800058de (0x0001)
core   0: 0x800058e0 (0x0000597d) c.li    s2, -1
core   0: 3 0x800058e0 (0x597d) x18 0xffffffff
core   0: 0x800058e2 (0x0000100f) fence.i
core   0: 3 0x800058e2 (0x0000100f)
core   0: 0x800058e6 (0x001e74b3) and     s1, t3, ra
core   0: 3 0x800058e6 (0x001e74b3) x9  0x00000000
core   0: 0x800058ea (0x03291433) mulh    s0, s2, s2
core   0: 3 0x800058ea (0x03291433) x8  0x00000000
core   0: 0x800058ee (0x0000848d) c.srai  s1, 3
core   0: 3 0x800058ee (0x848d) x9  0x00000000
core   0: 0x800058f0 (0x340d6a73) csrrsi  s4, mscratch, 26
core   0: 3 0x800058f0 (0x340d6a73) x20 0x0000001b c832_mscratch 0x0000001b
core   0: 0x800058f4 (0x00001590) c.addi4spn a2, sp, 736
core   0: 3 0x800058f4 (0x1590) x12 0x000002e0
core   0: 0x800058f6 (0x00009bc6) c.add   s7, a7
core   0: 3 0x800058f6 (0x9bc6) x23 0x00019000
core   0: 0x800058f8 (0x031d7563) bgeu    s10, a7, pc + 42
core   0: 3 0x800058f8 (0x031d7563)
core   0: 0x80005922 (0x00001518) c.addi4spn a4, sp, 672
core   0: 3 0x80005922 (0x1518) x14 0x000002a0
core   0: 0x80005924 (0xd7746513) ori     a0, s0, -649
core   0: 3 0x80005924 (0xd7746513) x10 0xfffffd77
core   0: 0x80005928 (0x0025bb93) sltiu   s7, a1, 2
core   0: 3 0x80005928 (0x0025bb93) x23 0x00000000
core   0: 0x8000592c (0x033e5463) bge     t3, s3, pc + 40
core   0: 3 0x8000592c (0x033e5463)
core   0: 0x80005930 (0xe51bb413) sltiu   s0, s7, -431
core   0: 3 0x80005930 (0xe51bb413) x8  0x00000001
core   0: 0x80005934 (0x0356e1b3) rem     gp, a3, s5
core   0: 3 0x80005934 (0x0356e1b3) x3  0x80023ce4
core   0: 0x80005938 (0x00008565) c.srai  a0, 25
core   0: 3 0x80005938 (0x8565) x10 0xffffffff
core   0: 0x8000593a (0x41e78233) sub     tp, a5, t5
core   0: 3 0x8000593a (0x41e78233) x4  0xfffffff6
core   0: 0x8000593e (0x34002073) csrr    zero, mscratch
core   0: 3 0x8000593e (0x34002073)
core   0: 0x80005942 (0x00008c25) c.xor   s0, s1
core   0: 3 0x80005942 (0x8c25) x8  0x00000001
core   0: 0x80005944 (0xb1b3fd13) andi    s10, t2, -1253
core   0: 3 0x80005944 (0xb1b3fd13) x26 0x00000000
core   0: 0x80005948 (0x00d85a13) srli    s4, a6, 13
core   0: 3 0x80005948 (0x00d85a13) x20 0x00000000
core   0: 0x8000594c (0x5e1e6813) ori     a6, t3, 1505
core   0: 3 0x8000594c (0x5e1e6813) x16 0xa64945e1
core   0: 0x80005950 (0x00b460b3) or      ra, s0, a1
core   0: 3 0x80005950 (0x00b460b3) x1  0x8001fe65
core   0: 0x80005954 (0x41a85b13) srai    s6, a6, 26
core   0: 3 0x80005954 (0x41a85b13) x22 0xffffffe9
core   0: 0x80005958 (0x04018263) beqz    gp, pc + 68
core   0: 3 0x80005958 (0x04018263)
core   0: 0x8000595c (0x40c95bb3) sra     s7, s2, a2
core   0: 3 0x8000595c (0x40c95bb3) x23 0xffffffff
core   0: 0x80005960 (0x0000855d) c.srai  a0, 23
core   0: 3 0x80005960 (0x855d) x10 0xffffffff
core   0: 0x80005962 (0x000014fd) c.addi  s1, -1
core   0: 3 0x80005962 (0x14fd) x9  0xffffffff
core   0: 0x80005964 (0x0000100f) fence.i
core   0: 3 0x80005964 (0x0000100f)
core   0: 0x80005968 (0x00008eb6) c.mv    t4, a3
core   0: 3 0x80005968 (0x8eb6) x29 0x80023ce4
core   0: 0x8000596a (0x0235bf33) mulhu   t5, a1, gp
core   0: 3 0x8000596a (0x0235bf33) x30 0x40021da8
core   0: 0x8000596e (0x30f8ec97) auipc   s9, 0x30f8e
core   0: 3 0x8000596e (0x30f8ec97) x25 0xb0f9396e
core   0: 0x80005972 (0x010bd2b3) srl     t0, s7, a6
core   0: 3 0x80005972 (0x010bd2b3) x5  0x7fffffff
core   0: 0x80005976 (0x34007af3) csrrci  s5, mscratch, 0
core   0: 3 0x80005976 (0x34007af3) x21 0x0000001b
core   0: 0x8000597a (0x34011073) csrw    mscratch, sp
core   0: 3 0x8000597a (0x34011073) c832_mscratch 0x00000000
core   0: 0x8000597e (0x00000001) c.nop
core   0: 3 0x8000597e (0x0001)
core   0: 0x80005980 (0x00779c63) bne     a5, t2, pc + 24
core   0: 3 0x80005980 (0x00779c63)
core   0: 0x80005984 (0x00c5d363) bge     a1, a2, pc + 6
core   0: 3 0x80005984 (0x00c5d363)
core   0: 0x80005988 (0x00008065) c.srli  s0, 25
core   0: 3 0x80005988 (0x8065) x8  0x00000000
core   0: 0x8000598a (0x02f5b433) mulhu   s0, a1, a5
core   0: 3 0x8000598a (0x02f5b433) x8  0x00000000
core   0: 0x8000598e (0x0000117d) c.addi  sp, -1
core   0: 3 0x8000598e (0x117d) x2  0xffffffff
core   0: 0x80005990 (0x022d6533) rem     a0, s10, sp
core   0: 3 0x80005990 (0x022d6533) x10 0x00000000
core   0: 0x80005994 (0x03bdbfb3) mulhu   t6, s11, s11
core   0: 3 0x80005994 (0x03bdbfb3) x31 0x00000000
core   0: 0x80005998 (0x011ec8b3) xor     a7, t4, a7
core   0: 3 0x80005998 (0x011ec8b3) x17 0x80023ce4
core   0: 0x8000599c (0x02368db3) mul     s11, a3, gp
core   0: 3 0x8000599c (0x02368db3) x27 0x020bab10
core   0: 0x800059a0 (0xba1fa913) slti    s2, t6, -1119
core   0: 3 0x800059a0 (0xba1fa913) x18 0x00000000
core   0: 0x800059a4 (0x0030ec63) bltu    ra, gp, pc + 24
core   0: 3 0x800059a4 (0x0030ec63)
core   0: 0x800059bc (0x57834f13) xori    t5, t1, 1400
core   0: 3 0x800059bc (0x57834f13) x30 0x00000572
core   0: 0x800059c0 (0x006cd113) srli    sp, s9, 6
core   0: 3 0x800059c0 (0x006cd113) x2  0x02c3e4e5
core   0: 0x800059c4 (0x05e8d363) bge     a7, t5, pc + 70
core   0: 3 0x800059c4 (0x05e8d363)
core   0: 0x800059c8 (0x269b2c93) slti    s9, s6, 617
core   0: 3 0x800059c8 (0x269b2c93) x25 0x00000001
core   0: 0x800059cc (0x03a30a33) mul     s4, t1, s10
core   0: 3 0x800059cc (0x03a30a33) x20 0x00000000
core   0: 0x800059d0 (0x007bc033) xor     zero, s7, t2
core   0: 3 0x800059d0 (0x007bc033)
core   0: 0x800059d4 (0x02d5e7b3) rem     a5, a1, a3
core   0: 3 0x800059d4 (0x02d5e7b3) x15 0xffffc180
core   0: 0x800059d8 (0x015b9c93) slli    s9, s7, 21
core   0: 3 0x800059d8 (0x015b9c93) x25 0xffe00000
core   0: 0x800059dc (0x014cadb3) slt     s11, s9, s4
core   0: 3 0x800059dc (0x014cadb3) x27 0x00000001
core   0: 0x800059e0 (0x00cf7863) bgeu    t5, a2, pc + 16
core   0: 3 0x800059e0 (0x00cf7863)
core   0: 0x800059f0 (0x00008011) c.srli  s0, 4
core   0: 3 0x800059f0 (0x8011) x8  0x00000000
core   0: 0x800059f2 (0x6f1f0293) addi    t0, t5, 1777
core   0: 3 0x800059f2 (0x6f1f0293) x5  0x00000c63
core   0: 0x800059f6 (0xdae08213) addi    tp, ra, -594
core   0: 3 0x800059f6 (0xdae08213) x4  0x8001fc13
core   0: 0x800059fa (0x01d28ab3) add     s5, t0, t4
core   0: 3 0x800059fa (0x01d28ab3) x21 0x80024947
core   0: 0x800059fe (0x011f5d93) srli    s11, t5, 17
core   0: 3 0x800059fe (0x011f5d93) x27 0x00000000
core   0: 0x80005a02 (0x0000ca09) c.beqz  a2, pc + 18
core   0: 3 0x80005a02 (0xca09)
core   0: 0x80005a04 (0x00008f55) c.or    a4, a3
core   0: 3 0x80005a04 (0x8f55) x14 0x80023ee4
core   0: 0x80005a06 (0x0009ed63) bltu    s3, zero, pc + 26
core   0: 3 0x80005a06 (0x0009ed63)
core   0: 0x80005a0a (0xcffcbb97) auipc   s7, 0xcffcb
core   0: 3 0x80005a0a (0xcffcbb97) x23 0x4ffd0a0a
core   0: 0x80005a0e (0x00008c79) c.and   s0, a4
core   0: 3 0x80005a0e (0x8c79) x8  0x00000000
core   0: 0x80005a10 (0x00537963) bgeu    t1, t0, pc + 18
core   0: 3 0x80005a10 (0x00537963)
core   0: 0x80005a14 (0x022ff963) bgeu    t6, sp, pc + 50
core   0: 3 0x80005a14 (0x022ff963)
core   0: 0x80005a18 (0x4016df93) srai    t6, a3, 1
core   0: 3 0x80005a18 (0x4016df93) x31 0xc0011e72
core   0: 0x80005a1c (0x005efeb3) and     t4, t4, t0
core   0: 3 0x80005a1c (0x005efeb3) x29 0x00000c60
core   0: 0x80005a20 (0x00008731) c.srai  a4, 12
core   0: 3 0x80005a20 (0x8731) x14 0xfff80023
core   0: 0x80005a22 (0x009fa1b3) slt     gp, t6, s1
core   0: 3 0x80005a22 (0x009fa1b3) x3  0x00000001
core   0: 0x80005a26 (0x023b1db3) mulh    s11, s6, gp
core   0: 3 0x80005a26 (0x023b1db3) x27 0xffffffff
core   0: 0x80005a2a (0x015efe63) bgeu    t4, s5, pc + 28
core   0: 3 0x80005a2a (0x015efe63)
core   0: 0x80005a2e (0x0332a7b3) mulhsu  a5, t0, s3
core   0: 3 0x80005a2e (0x0332a7b3) x15 0x00000000
core   0: 0x80005a32 (0x00000001) c.nop
core   0: 3 0x80005a32 (0x0001)
core   0: 0x80005a34 (0xf722e513) ori     a0, t0, -142
core   0: 3 0x80005a34 (0xf722e513) x10 0xffffff73
core   0: 0x80005a38 (0x00009b86) c.add   s7, ra
core   0: 3 0x80005a38 (0x9b86) x23 0xcfff086f
core   0: 0x80005a3a (0x019648b3) xor     a7, a2, s9
core   0: 3 0x80005a3a (0x019648b3) x17 0xffe002e0
core   0: 0x80005a3e (0x00008a11) c.andi  a2, 4
core   0: 3 0x80005a3e (0x8a11) x12 0x00000000
core   0: 0x80005a40 (0x03dd3033) mulhu   zero, s10, t4
core   0: 3 0x80005a40 (0x03dd3033)
core   0: 0x80005a44 (0x00000001) c.nop
core   0: 3 0x80005a44 (0x0001)
core   0: 0x80005a46 (0x48f22093) slti    ra, tp, 1167
core   0: 3 0x80005a46 (0x48f22093) x1  0x00000001
core   0: 0x80005a4a (0x1ffd2313) slti    t1, s10, 511
core   0: 3 0x80005a4a (0x1ffd2313) x6  0x00000001
core   0: 0x80005a4e (0x004e9793) slli    a5, t4, 4
core   0: 3 0x80005a4e (0x004e9793) x15 0x0000c600
core   0: 0x80005a52 (0x0050edb3) or      s11, ra, t0
core   0: 3 0x80005a52 (0x0050edb3) x27 0x00000c63
core   0: 0x80005a56 (0x01a4da33) srl     s4, s1, s10
core   0: 3 0x80005a56 (0x01a4da33) x20 0xffffffff
core   0: 0x80005a5a (0x036840b3) div     ra, a6, s6
core   0: 3 0x80005a5a (0x036840b3) x1  0x03e68da8
core   0: 0x80005a5e (0x019cdf13) srli    t5, s9, 25
core   0: 3 0x80005a5e (0x019cdf13) x30 0x0000007f
core   0: 0x80005a62 (0x0d553713) sltiu   a4, a0, 213
core   0: 3 0x80005a62 (0x0d553713) x14 0x00000000
core   0: 0x80005a66 (0x0000100f) fence.i
core   0: 3 0x80005a66 (0x0000100f)
core   0: 0x80005a6a (0x00008f36) c.mv    t5, a3
core   0: 3 0x80005a6a (0x8f36) x30 0x80023ce4
core   0: 0x80005a6c (0x0ff0000f) fence   iorw,iorw
core   0: 3 0x80005a6c (0x0ff0000f)
core   0: 0x80005a70 (0x00001104) c.addi4spn s1, sp, 160
core   0: 3 0x80005a70 (0x1104) x9  0x02c3e585
core   0: 0x80005a72 (0x35de8613) addi    a2, t4, 861
core   0: 3 0x80005a72 (0x35de8613) x12 0x00000fbd
core   0: 0x80005a76 (0x4097d8b3) sra     a7, a5, s1
core   0: 3 0x80005a76 (0x4097d8b3) x17 0x00000630
core   0: 0x80005a7a (0x0234aa33) mulhsu  s4, s1, gp
core   0: 3 0x80005a7a (0x0234aa33) x20 0x00000000
core   0: 0x80005a7e (0x00008e61) c.and   a2, s0
core   0: 3 0x80005a7e (0x8e61) x12 0x00000000
core   0: 0x80005a80 (0x03e847b3) div     a5, a6, t5
core   0: 3 0x80005a80 (0x03e847b3) x15 0x00000000
core   0: 0x80005a84 (0x000080e1) c.srli  s1, 24
core   0: 3 0x80005a84 (0x80e1) x9  0x00000002
core   0: 0x80005a86 (0x4089de33) sra     t3, s3, s0
core   0: 3 0x80005a86 (0x4089de33) x28 0x00000000
core   0: 0x80005a8a (0x00000001) c.nop
core   0: 3 0x80005a8a (0x0001)
core   0: 0x80005a8c (0xdc818297) auipc   t0, 0xdc818
core   0: 3 0x80005a8c (0xdc818297) x5  0x5c81da8c
core   0: 0x80005a90 (0x00008f7e) c.mv    t5, t6
core   0: 3 0x80005a90 (0x8f7e) x30 0xc0011e72
core   0: 0x80005a92 (0x09078d13) addi    s10, a5, 144
core   0: 3 0x80005a92 (0x09078d13) x26 0x00000090
core   0: 0x80005a96 (0x0136d0b3) srl     ra, a3, s3
core   0: 3 0x80005a96 (0x0136d0b3) x1  0x80023ce4
core   0: 0x80005a9a (0xa74c3613) sltiu   a2, s8, -1420
core   0: 3 0x80005a9a (0xa74c3613) x12 0x00000001
core   0: 0x80005a9e (0x024a5e63) bge     s4, tp, pc + 60
core   0: 3 0x80005a9e (0x024a5e63)
core   0: 0x80005ada (0x00008f1d) c.sub   a4, a5
core   0: 3 0x80005ada (0x8f1d) x14 0x00000000
core   0: 0x80005adc (0x340879f3) csrrci  s3, mscratch, 16
core   0: 3 0x80005adc (0x340879f3) x19 0x00000000 c832_mscratch 0x00000000
core   0: 0x80005ae0 (0x00008fa5) c.xor   a5, s1
core   0: 3 0x80005ae0 (0x8fa5) x15 0x00000002
core   0: 0x80005ae2 (0x00d61b33) sll     s6, a2, a3
core   0: 3 0x80005ae2 (0x00d61b33) x22 0x00000010
core   0: 0x80005ae6 (0x00000001) c.nop
core   0: 3 0x80005ae6 (0x0001)
core   0: 0x80005ae8 (0x333c4f93) xori    t6, s8, 819
core   0: 3 0x80005ae8 (0x333c4f93) x31 0xbfff0f2d
core   0: 0x80005aec (0x00d61b93) slli    s7, a2, 13
core   0: 3 0x80005aec (0x00d61b93) x23 0x00002000
core   0: 0x80005af0 (0x02af80b3) mul     ra, t6, a0
core   0: 3 0x80005af0 (0x02af80b3) x1  0x4084a437
core   0: 0x80005af4 (0x4111d013) srai    zero, gp, 17
core   0: 3 0x80005af4 (0x4111d013)
core   0: 0x80005af8 (0x00000001) c.nop
core   0: 3 0x80005af8 (0x0001)
core   0: 0x80005afa (0x03a2af33) mulhsu  t5, t0, s10
core   0: 3 0x80005afa (0x03a2af33) x30 0x00000034
core   0: 0x80005afe (0x40c384b3) sub     s1, t2, a2
core   0: 3 0x80005afe (0x40c384b3) x9  0xffffffff
core   0: 0x80005b02 (0x3409bcf3) csrrc   s9, mscratch, s3
core   0: 3 0x80005b02 (0x3409bcf3) x25 0x00000000 c832_mscratch 0x00000000
core   0: 0x80005b06 (0x5a35e293) ori     t0, a1, 1443
core   0: 3 0x80005b06 (0x5a35e293) x5  0x8001ffe7
core   0: 0x80005b0a (0x34099773) csrrw   a4, mscratch, s3
core   0: 3 0x80005b0a (0x34099773) x14 0x00000000 c832_mscratch 0x00000000
core   0: 0x80005b0e (0x00008e61) c.and   a2, s0
core   0: 3 0x80005b0e (0x8e61) x12 0x00000000
core   0: 0x80005b10 (0x0000161c) c.addi4spn a5, sp, 800
core   0: 3 0x80005b10 (0x161c) x15 0x02c3e805
core   0: 0x80005b12 (0x03ec2333) mulhsu  t1, s8, t5
core   0: 3 0x80005b12 (0x03ec2333) x6  0xfffffff2
core   0: 0x80005b16 (0x142c0313) addi    t1, s8, 322
core   0: 3 0x80005b16 (0x142c0313) x6  0xbfff0d60
core   0: 0x80005b1a (0x00c13fb3) sltu    t6, sp, a2
core   0: 3 0x80005b1a (0x00c13fb3) x31 0x00000000
core   0: 0x80005b1e (0x01d11f13) slli    t5, sp, 29
core   0: 3 0x80005b1e (0x01d11f13) x30 0xa0000000
core   0: 0x80005b22 (0x03429933) mulh    s2, t0, s4
core   0: 3 0x80005b22 (0x03429933) x18 0x00000000
core   0: 0x80005b26 (0xef152a13) slti    s4, a0, -271
core   0: 3 0x80005b26 (0xef152a13) x20 0x00000000
core   0: 0x80005b2a (0x005078b3) and     a7, zero, t0
core   0: 3 0x80005b2a (0x005078b3) x17 0x00000000
core   0: 0x80005b2e (0x00355013) srli    zero, a0, 3
core   0: 3 0x80005b2e (0x00355013)
core   0: 0x80005b32 (0x000040a1) c.li    ra, 8
core   0: 3 0x80005b32 (0x40a1) x1  0x00000008
core   0: 0x80005b34 (0x02de0763) beq     t3, a3, pc + 46
core   0: 3 0x80005b34 (0x02de0763)
core   0: 0x80005b38 (0x03f8dc33) divu    s8, a7, t6
core   0: 3 0x80005b38 (0x03f8dc33) x24 0xffffffff
core   0: 0x80005b3c (0x00008c39) c.xor   s0, a4
core   0: 3 0x80005b3c (0x8c39) x8  0x00000000
core   0: 0x80005b3e (0x01543a33) sltu    s4, s0, s5
core   0: 3 0x80005b3e (0x01543a33) x20 0x00000001
core   0: 0x80005b42 (0x000007f1) c.addi  a5, 28
core   0: 3 0x80005b42 (0x07f1) x15 0x02c3e821
core   0: 0x80005b44 (0x1ca2c913) xori    s2, t0, 458
core   0: 3 0x80005b44 (0x1ca2c913) x18 0x8001fe2d
core   0: 0x80005b48 (0x41fe5893) srai    a7, t3, 31
core   0: 3 0x80005b48 (0x41fe5893) x17 0x00000000
core   0: 0x80005b4c (0x024dcd63) blt     s11, tp, pc + 58
core   0: 3 0x80005b4c (0x024dcd63)
core   0: 0x80005b50 (0x030e70b3) remu    ra, t3, a6
core   0: 3 0x80005b50 (0x030e70b3) x1  0x00000000
core   0: 0x80005b54 (0xf8b53c13) sltiu   s8, a0, -117
core   0: 3 0x80005b54 (0xf8b53c13) x24 0x00000001
core   0: 0x80005b58 (0x9f930137) lui     sp, 0x9f930
core   0: 3 0x80005b58 (0x9f930137) x2  0x9f930000
core   0: 0x80005b5c (0x00008c51) c.or    s0, a2
core   0: 3 0x80005b5c (0x8c51) x8  0x00000000
core   0: 0x80005b5e (0x410d09b3) sub     s3, s10, a6
core   0: 3 0x80005b5e (0x410d09b3) x19 0x59b6baaf
core   0: 0x80005b62 (0x340568f3) csrrsi  a7, mscratch, 10
core   0: 3 0x80005b62 (0x340568f3) x17 0x00000000 c832_mscratch 0x0000000a
core   0: 0x80005b66 (0xaa184513) xori    a0, a6, -1375
core   0: 3 0x80005b66 (0xaa184513) x10 0x59b6bf40
core   0: 0x80005b6a (0x021fecb3) rem     s9, t6, ra
core   0: 3 0x80005b6a (0x021fecb3) x25 0x00000000
core   0: 0x80005b6e (0x0000065a) c.slli  a2, 22
core   0: 3 0x80005b6e (0x065a) x12 0x00000000
core   0: 0x80005b70 (0x00008421) c.srai  s0, 8
core   0: 3 0x80005b70 (0x8421) x8  0x00000000
core   0: 0x80005b72 (0x019a51b3) srl     gp, s4, s9
core   0: 3 0x80005b72 (0x019a51b3) x3  0x00000001
core   0: 0x80005b76 (0x0143aab3) slt     s5, t2, s4
core   0: 3 0x80005b76 (0x0143aab3) x21 0x00000001
core   0: 0x80005b7a (0x01851b13) slli    s6, a0, 24
core   0: 3 0x80005b7a (0x01851b13) x22 0x40000000
core   0: 0x80005b7e (0x2e8dbb93) sltiu   s7, s11, 744
core   0: 3 0x80005b7e (0x2e8dbb93) x23 0x00000000
core   0: 0x80005b82 (0x0000100f) fence.i
core   0: 3 0x80005b82 (0x0000100f)
core   0: 0x80005b86 (0x03b437b3) mulhu   a5, s0, s11
core   0: 3 0x80005b86 (0x03b437b3) x15 0x00000000
core   0: 0x80005b8a (0x026c9e33) mulh    t3, s9, t1
core   0: 3 0x80005b8a (0x026c9e33) x28 0x00000000
core   0: 0x80005b8e (0x0000c919) c.beqz  a0, pc + 22
core   0: 3 0x80005b8e (0xc919)
core   0: 0x80005b90 (0x01687833) and     a6, a6, s6
core   0: 3 0x80005b90 (0x01687833) x16 0x00000000
core   0: 0x80005b94 (0x03c53fb3) mulhu   t6, a0, t3
core   0: 3 0x80005b94 (0x03c53fb3) x31 0x00000000
core   0: 0x80005b98 (0x0ff0000f) fence   iorw,iorw
core   0: 3 0x80005b98 (0x0ff0000f)
core   0: 0x80005b9c (0x00afd413) srli    s0, t6, 10
core   0: 3 0x80005b9c (0x00afd413) x8  0x00000000
core   0: 0x80005ba0 (0x0206d663) bgez    a3, pc + 44
core   0: 3 0x80005ba0 (0x0206d663)
core   0: 0x80005ba4 (0x0041ea63) bltu    gp, tp, pc + 20
core   0: 3 0x80005ba4 (0x0041ea63)
core   0: 0x80005bb8 (0x026afc33) remu    s8, s5, t1
core   0: 3 0x80005bb8 (0x026afc33) x24 0x00000001
core   0: 0x80005bbc (0x00000c51) c.addi  s8, 20
core   0: 3 0x80005bbc (0x0c51) x24 0x00000015
core   0: 0x80005bbe (0x00224a63) blt     tp, sp, pc + 20
core   0: 3 0x80005bbe (0x00224a63)
core   0: 0x80005bd2 (0x6fd8c513) xori    a0, a7, 1789
core   0: 3 0x80005bd2 (0x6fd8c513) x10 0x000006fd
core   0: 0x80005bd6 (0x0000cc95) c.beqz  s1, pc + 60
core   0: 3 0x80005bd6 (0xcc95)
core   0: 0x80005bd8 (0x00000384) c.addi4spn s1, sp, 448
core   0: 3 0x80005bd8 (0x0384) x9  0x9f9301c0
core   0: 0x80005bda (0x00749733) sll     a4, s1, t2
core   0: 3 0x80005bda (0x00749733) x14 0x9f9301c0
core   0: 0x80005bde (0x0148ec63) bltu    a7, s4, pc + 24
core   0: 3 0x80005bde (0x0148ec63)
core   0: 0x80005bf6 (0x0486c263) blt     a3, s0, pc + 68
core   0: 3 0x80005bf6 (0x0486c263)
core   0: 0x80005c3a (0x0ff0000f) fence   iorw,iorw
core   0: 3 0x80005c3a (0x0ff0000f)
core   0: 0x80005c3e (0x00000001) c.nop
core   0: 3 0x80005c3e (0x0001)
core   0: 0x80005c40 (0x00008fbd) c.xor   a5, a5
core   0: 3 0x80005c40 (0x8fbd) x15 0x00000000
core   0: 0x80005c42 (0x0397c2b3) div     t0, a5, s9
core   0: 3 0x80005c42 (0x0397c2b3) x5  0xffffffff
core   0: 0x80005c46 (0x0000e809) c.bnez  s0, pc + 18
core   0: 3 0x80005c46 (0xe809)
core   0: 0x80005c48 (0x02c252b3) divu    t0, tp, a2
core   0: 3 0x80005c48 (0x02c252b3) x5  0xffffffff
core   0: 0x80005c4c (0x030a99b3) mulh    s3, s5, a6
core   0: 3 0x80005c4c (0x030a99b3) x19 0x00000000
core   0: 0x80005c50 (0x042e6b13) ori     s6, t3, 66
core   0: 3 0x80005c50 (0x042e6b13) x22 0x00000042
core   0: 0x80005c54 (0xf842c093) xori    ra, t0, -124
core   0: 3 0x80005c54 (0xf842c093) x1  0x0000007b
core   0: 0x80005c58 (0x408cd8b3) sra     a7, s9, s0
core   0: 3 0x80005c58 (0x408cd8b3) x17 0x00000000
core   0: 0x80005c5c (0x00308963) beq     ra, gp, pc + 18
core   0: 3 0x80005c5c (0x00308963)
core   0: 0x80005c60 (0x00159a33) sll     s4, a1, ra
core   0: 3 0x80005c60 (0x00159a33) x20 0x20000000
core   0: 0x80005c64 (0x0291f033) remu    zero, gp, s1
core   0: 3 0x80005c64 (0x0291f033)
core   0: 0x80005c68 (0x0ff0000f) fence   iorw,iorw
core   0: 3 0x80005c68 (0x0ff0000f)
core   0: 0x80005c6c (0x00008442) c.mv    s0, a6
core   0: 3 0x80005c6c (0x8442) x8  0x00000000
core   0: 0x80005c6e (0x0000069c) c.addi4spn a5, sp, 832
core   0: 3 0x80005c6e (0x069c) x15 0x9f930340
core   0: 0x80005c70 (0x00000001) c.nop
core   0: 3 0x80005c70 (0x0001)
core   0: 0x80005c72 (0x05c10163) beq     sp, t3, pc + 66
core   0: 3 0x80005c72 (0x05c10163)
core   0: 0x80005c76 (0x00008e39) c.xor   a2, a4
core   0: 3 0x80005c76 (0x8e39) x12 0x9f9301c0
core   0: 0x80005c78 (0x027267b3) rem     a5, tp, t2
core   0: 3 0x80005c78 (0x027267b3) x15 0x8001fc13
core   0: 0x80005c7c (0x00006089) c.lui   ra, 0x2
core   0: 3 0x80005c7c (0x6089) x1  0x00002000
core   0: 0x80005c7e (0x03c05b33) divu    s6, zero, t3
core   0: 3 0x80005c7e (0x03c05b33) x22 0xffffffff
core   0: 0x80005c82 (0x3404ad73) csrrs   s10, mscratch, s1
core   0: 3 0x80005c82 (0x3404ad73) x26 0x0000000a c832_mscratch 0x9f9301ca
core   0: 0x80005c86 (0x01ea2c33) slt     s8, s4, t5
core   0: 3 0x80005c86 (0x01ea2c33) x24 0x00000000
core   0: 0x80005c8a (0x00000001) c.nop
core   0: 3 0x80005c8a (0x0001)
core   0: 0x80005c8c (0x03e47cb3) remu    s9, s0, t5
core   0: 3 0x80005c8c (0x03e47cb3) x25 0x00000000
core   0: 0x80005c90 (0x0363d263) bge     t2, s6, pc + 36
core   0: 3 0x80005c90 (0x0363d263)
core   0: 0x80005cb4 (0x012cfc63) bgeu    s9, s2, pc + 24
core   0: 3 0x80005cb4 (0x012cfc63)
core   0: 0x80005cb8 (0x832abd13) sltiu   s10, s5, -1998
core   0: 3 0x80005cb8 (0x832abd13) x26 0x00000001
core   0: 0x80005cbc (0x34045ff3) csrrwi  t6, mscratch, 8
core   0: 3 0x80005cbc (0x34045ff3) x31 0x9f9301ca c832_mscratch 0x00000008
core   0: 0x80005cc0 (0x02397ab3) remu    s5, s2, gp
core   0: 3 0x80005cc0 (0x02397ab3) x21 0x00000000
core   0: 0x80005cc4 (0x01230463) beq     t1, s2, pc + 8
core   0: 3 0x80005cc4 (0x01230463)
core   0: 0x80005cc8 (0x00000631) c.addi  a2, 12
core   0: 3 0x80005cc8 (0x0631) x12 0x9f9301cc
core   0: 0x80005cca (0x00008c45) c.or    s0, s1
core   0: 3 0x80005cca (0x8c45) x8  0x9f9301c0
core   0: 0x80005ccc (0x93a27c37) lui     s8, 0x93a27
core   0: 3 0x80005ccc (0x93a27c37) x24 0x93a27000
core   0: 0x80005cd0 (0x00006cf9) c.lui   s9, 0x1e
core   0: 3 0x80005cd0 (0x6cf9) x25 0x0001e000
core   0: 0x80005cd2 (0x00008a39) c.andi  a2, 14
core   0: 3 0x80005cd2 (0x8a39) x12 0x0000000c
core   0: 0x80005cd4 (0x340d6773) csrrsi  a4, mscratch, 26
core   0: 3 0x80005cd4 (0x340d6773) x14 0x00000008 c832_mscratch 0x0000001a
core   0: 0x80005cd8 (0x340a1273) csrrw   tp, mscratch, s4
core   0: 3 0x80005cd8 (0x340a1273) x4  0x0000001a c832_mscratch 0x20000000
core   0: 0x80005cdc (0x029bbfb3) mulhu   t6, s7, s1
core   0: 3 0x80005cdc (0x029bbfb3) x31 0x00000000
core   0: 0x80005ce0 (0x34016a73) csrrsi  s4, mscratch, 2
core   0: 3 0x80005ce0 (0x34016a73) x20 0x20000000 c832_mscratch 0x20000002
core   0: 0x80005ce4 (0x00799463) bne     s3, t2, pc + 8
core   0: 3 0x80005ce4 (0x00799463)
core   0: 0x80005ce8 (0x02128133) mul     sp, t0, ra
core   0: 3 0x80005ce8 (0x02128133) x2  0xffffe000
core   0: 0x80005cec (0x00000001) c.nop
core   0: 3 0x80005cec (0x0001)
core   0: 0x80005cee (0x00350563) beq     a0, gp, pc + 10
core   0: 3 0x80005cee (0x00350563)
core   0: 0x80005cf2 (0x000087c5) c.srai  a5, 17
core   0: 3 0x80005cf2 (0x87c5) x15 0xffffc000
core   0: 0x80005cf4 (0x2265a813) slti    a6, a1, 550
core   0: 3 0x80005cf4 (0x2265a813) x16 0x00000001
core   0: 0x80005cf8 (0x34002af3) csrr    s5, mscratch
core   0: 3 0x80005cf8 (0x34002af3) x21 0x20000002
core   0: 0x80005cfc (0x3406aff3) csrrs   t6, mscratch, a3
core   0: 3 0x80005cfc (0x3406aff3) x31 0x20000002 c832_mscratch 0xa0023ce6
core   0: 0x80005d00 (0x024334b3) mulhu   s1, t1, tp
core   0: 3 0x80005d00 (0x024334b3) x9  0x00000013
core   0: 0x80005d04 (0x018bf133) and     sp, s7, s8
core   0: 3 0x80005d04 (0x018bf133) x2  0x00000000
core   0: 0x80005d08 (0x04624d13) xori    s10, tp, 70
core   0: 3 0x80005d08 (0x04624d13) x26 0x0000005c
core   0: 0x80005d0c (0x340e57f3) csrrwi  a5, mscratch, 28
core   0: 3 0x80005d0c (0x340e57f3) x15 0xa0023ce6 c832_mscratch 0x0000001c
core   0: 0x80005d10 (0x3401b0f3) csrrc   ra, mscratch, gp
core   0: 3 0x80005d10 (0x3401b0f3) x1  0x0000001c c832_mscratch 0x0000001c
core   0: 0x80005d14 (0x01e96b63) bltu    s2, t5, pc + 22
core   0: 3 0x80005d14 (0x01e96b63)
core   0: 0x80005d2a (0x1596ce93) xori    t4, a3, 345
core   0: 3 0x80005d2a (0x1596ce93) x29 0x80023dbd
core   0: 0x80005d2e (0x340c5973) csrrwi  s2, mscratch, 24
core   0: 3 0x80005d2e (0x340c5973) x18 0x0000001c c832_mscratch 0x00000018
core   0: 0x80005d32 (0x00008a51) c.andi  a2, 20
core   0: 3 0x80005d32 (0x8a51) x12 0x00000004
core   0: 0x80005d34 (0x0388b933) mulhu   s2, a7, s8
core   0: 3 0x80005d34 (0x0388b933) x18 0x00000000
core   0: 0x80005d38 (0x00008e61) c.and   a2, s0
core   0: 3 0x80005d38 (0x8e61) x12 0x00000000
core   0: 0x80005d3a (0x022c7033) remu    zero, s8, sp
core   0: 3 0x80005d3a (0x022c7033)
core   0: 0x80005d3e (0x012ea433) slt     s0, t4, s2
core   0: 3 0x80005d3e (0x012ea433) x8  0x00000001
core   0: 0x80005d42 (0x40b6d113) srai    sp, a3, 11
core   0: 3 0x80005d42 (0x40b6d113) x2  0xfff00047
core   0: 0x80005d46 (0x0177adb3) slt     s11, a5, s7
core   0: 3 0x80005d46 (0x0177adb3) x27 0x00000001
core   0: 0x80005d4a (0x0000611d) c.addi16sp sp, 416
core   0: 3 0x80005d4a (0x611d) x2  0xfff001e7
core   0: 0x80005d4c (0xa16b3d93) sltiu   s11, s6, -1514
core   0: 3 0x80005d4c (0xa16b3d93) x27 0x00000000
core   0: 0x80005d50 (0x00933333) sltu    t1, t1, s1
core   0: 3 0x80005d50 (0x00933333) x6  0x00000000
core   0: 0x80005d54 (0x02782cb3) mulhsu  s9, a6, t2
core   0: 3 0x80005d54 (0x02782cb3) x25 0x00000000
core   0: 0x80005d58 (0x0000997d) c.andi  a0, -1
core   0: 3 0x80005d58 (0x997d) x10 0x000006fd
core   0: 0x80005d5a (0x0000717d) c.addi16sp sp, -16
core   0: 3 0x80005d5a (0x717d) x2  0xfff001d7
core   0: 0x80005d5c (0x00008e2e) c.mv    t3, a1
core   0: 3 0x80005d5c (0x8e2e) x28 0x8001fe64
core   0: 0x80005d5e (0x3405b973) csrrc   s2, mscratch, a1
core   0: 3 0x80005d5e (0x3405b973) x18 0x00000018 c832_mscratch 0x00000018
core   0: 0x80005d62 (0x340438f3) csrrc   a7, mscratch, s0
core   0: 3 0x80005d62 (0x340438f3) x17 0x00000018 c832_mscratch 0x00000018
core   0: 0x80005d66 (0x410458b3) sra     a7, s0, a6
core   0: 3 0x80005d66 (0x410458b3) x17 0x00000000
core   0: 0x80005d6a (0xac4c4717) auipc   a4, 0xac4c4
core   0: 3 0x80005d6a (0xac4c4717) x14 0x2c4c9d6a
core   0: 0x80005d6e (0x4153d9b3) sra     s3, t2, s5
core   0: 3 0x80005d6e (0x4153d9b3) x19 0x00000000
core   0: 0x80005d72 (0x00859013) slli    zero, a1, 8
core   0: 3 0x80005d72 (0x00859013)
core   0: 0x80005d76 (0x753d7193) andi    gp, s10, 1875
core   0: 3 0x80005d76 (0x753d7193) x3  0x00000050
core   0: 0x80005d7a (0xc3f3c893) xori    a7, t2, -961
core   0: 3 0x80005d7a (0xc3f3c893) x17 0xfffffc3f
core   0: 0x80005d7e (0x3407d8f3) csrrwi  a7, mscratch, 15
core   0: 3 0x80005d7e (0x3407d8f3) x17 0x00000018 c832_mscratch 0x0000000f
core   0: 0x80005d82 (0x004c2bb3) slt     s7, s8, tp
core   0: 3 0x80005d82 (0x004c2bb3) x23 0x00000001
core   0: 0x80005d86 (0x02bef063) bgeu    t4, a1, pc + 32
core   0: 3 0x80005d86 (0x02bef063)
core   0: 0x80005da6 (0x001b8a33) add     s4, s7, ra
core   0: 3 0x80005da6 (0x001b8a33) x20 0x0000001d
core   0: 0x80005daa (0x039ae133) rem     sp, s5, s9
core   0: 3 0x80005daa (0x039ae133) x2  0x20000002
core   0: 0x80005dae (0x00000b00) c.addi4spn s0, sp, 400
core   0: 3 0x80005dae (0x0b00) x8  0x20000192
core   0: 0x80005db0 (0x34001ef3) csrrw   t4, mscratch, zero
core   0: 3 0x80005db0 (0x34001ef3) x29 0x0000000f c832_mscratch 0x00000000
core   0: 0x80005db4 (0x00f43b33) sltu    s6, s0, a5
core   0: 3 0x80005db4 (0x00f43b33) x22 0x00000001
core   0: 0x80005db8 (0x00000001) c.nop
core   0: 3 0x80005db8 (0x0001)
core   0: 0x80005dba (0x034b5663) bge     s6, s4, pc + 44
core   0: 3 0x80005dba (0x034b5663)
core   0: 0x80005dbe (0x03afe133) rem     sp, t6, s10
core   0: 3 0x80005dbe (0x03afe133) x2  0x00000026
core   0: 0x80005dc2 (0x025581b3) mul     gp, a1, t0
core   0: 3 0x80005dc2 (0x025581b3) x3  0x7ffe019c
core   0: 0x80005dc6 (0x0000e705) c.bnez  a4, pc + 40
core   0: 3 0x80005dc6 (0xe705)
core   0: 0x80005dee (0x004d3233) sltu    tp, s10, tp
core   0: 3 0x80005dee (0x004d3233) x4  0x00000000
core   0: 0x80005df2 (0x022001ef) jal     gp, pc + 0x22
core   0: 3 0x80005df2 (0x022001ef) x3  0x80005df6
core   0: 0x80005e14 (0xff7ff4ef) jal     s1, pc - 0xa
core   0: 3 0x80005e14 (0xff7ff4ef) x9  0x80005e18
core   0: 0x80005e0a (0x00003ff5) c.jal   pc - 4
core   0: 3 0x80005e0a (0x3ff5) x1  0x80005e0c
core   0: 0x80005e06 (0xfffff36f) jal     t1, pc - 0x2
core   0: 3 0x80005e06 (0xfffff36f) x6  0x80005e0a
core   0: 0x80005e04 (0x00003fed) c.jal   pc - 6
core   0: 3 0x80005e04 (0x3fed) x1  0x80005e06
core   0: 0x80005dfe (0x0000a015) c.j     pc + 36
core   0: 3 0x80005dfe (0xa015)
core   0: 0x80005e22 (0xfdbff36f) jal     t1, pc - 0x26
core   0: 3 0x80005e22 (0xfdbff36f) x6  0x80005e26
core   0: 0x80005dfc (0x0000a005) c.j     pc + 32
core   0: 3 0x80005dfc (0xa005)
core   0: 0x80005e1c (0xfdfff0ef) jal     pc - 0x22
core   0: 3 0x80005e1c (0xfdfff0ef) x1  0x80005e20
core   0: 0x80005dfa (0x00003ff5) c.jal   pc - 4
core   0: 3 0x80005dfa (0x3ff5) x1  0x80005dfc
core   0: 0x80005df6 (0x0000a029) c.j     pc + 10
core   0: 3 0x80005df6 (0xa029)
core   0: 0x80005e00 (0x010000ef) jal     pc + 0x10
core   0: 3 0x80005e00 (0x010000ef) x1  0x80005e04
core   0: 0x80005e10 (0xfffff0ef) jal     pc - 0x2
core   0: 3 0x80005e10 (0xfffff0ef) x1  0x80005e14
core   0: 0x80005e0e (0x00002809) c.jal   pc + 18
core   0: 3 0x80005e0e (0x2809) x1  0x80005e10
core   0: 0x80005e20 (0x0000bfed) c.j     pc - 6
core   0: 3 0x80005e20 (0xbfed)
core   0: 0x80005e1a (0x00003ff9) c.jal   pc - 34
core   0: 3 0x80005e1a (0x3ff9) x1  0x80005e1c
core   0: 0x80005df8 (0x0000a005) c.j     pc + 32
core   0: 3 0x80005df8 (0xa005)
core   0: 0x80005e18 (0x0000bfd5) c.j     pc - 12
core   0: 3 0x80005e18 (0xbfd5)
core   0: 0x80005e0c (0x0000a829) c.j     pc + 26
core   0: 3 0x80005e0c (0xa829)
core   0: 0x80005e26 (0x888d4413) xori    s0, s10, -1912
core   0: 3 0x80005e26 (0x888d4413) x8  0xfffff8d4
core   0: 0x80005e2a (0x038d0063) beq     s10, s8, pc + 32
core   0: 3 0x80005e2a (0x038d0063)
core   0: 0x80005e2e (0x337b4f93) xori    t6, s6, 823
core   0: 3 0x80005e2e (0x337b4f93) x31 0x00000336
core   0: 0x80005e32 (0x03db0c63) beq     s6, t4, pc + 56
core   0: 3 0x80005e32 (0x03db0c63)
core   0: 0x80005e36 (0x016f4633) xor     a2, t5, s6
core   0: 3 0x80005e36 (0x016f4633) x12 0xa0000001
core   0: 0x80005e3a (0x00006451) c.lui   s0, 0x14
core   0: 3 0x80005e3a (0x6451) x8  0x00014000
core   0: 0x80005e3c (0x00009bfd) c.andi  a5, -1
core   0: 3 0x80005e3c (0x9bfd) x15 0xa0023ce6
core   0: 0x80005e3e (0x00465f33) srl     t5, a2, tp
core   0: 3 0x80005e3e (0x00465f33) x30 0xa0000001
core   0: 0x80005e42 (0x340f5173) csrrwi  sp, mscratch, 30
core   0: 3 0x80005e42 (0x340f5173) x2  0x00000000 c832_mscratch 0x0000001e
core   0: 0x80005e46 (0x00b08ab3) add     s5, ra, a1
core   0: 3 0x80005e46 (0x00b08ab3) x21 0x00025c80
core   0: 0x80005e4a (0x00000001) c.nop
core   0: 3 0x80005e4a (0x0001)
core   0: 0x80005e4c (0x03e79163) bne     a5, t5, pc + 34
core   0: 3 0x80005e4c (0x03e79163)
core   0: 0x80005e6e (0x00ebfd33) and     s10, s7, a4
core   0: 3 0x80005e6e (0x00ebfd33) x26 0x00000000
core   0: 0x80005e72 (0x00008c39) c.xor   s0, a4
core   0: 3 0x80005e72 (0x8c39) x8  0x2c4ddd6a
core   0: 0x80005e74 (0x0000117d) c.addi  sp, -1
core   0: 3 0x80005e74 (0x117d) x2  0xffffffff
core   0: 0x80005e76 (0x00008ff9) c.and   a5, a4
core   0: 3 0x80005e76 (0x8ff9) x15 0x20001c62
core   0: 0x80005e78 (0x6306e793) ori     a5, a3, 1584
core   0: 3 0x80005e78 (0x6306e793) x15 0x80023ef4
core   0: 0x80005e7c (0x00008099) c.srli  s1, 6
core   0: 3 0x80005e7c (0x8099) x9  0x02000178
core   0: 0x80005e7e (0x67ca6313) ori     t1, s4, 1660
core   0: 3 0x80005e7e (0x67ca6313) x6  0x0000067d
core   0: 0x80005e82 (0x000083fd) c.srli  a5, 31
core   0: 3 0x80005e82 (0x83fd) x15 0x00000001
core   0: 0x80005e84 (0x006a0113) addi    sp, s4, 6
core   0: 3 0x80005e84 (0x006a0113) x2  0x00000023
core   0: 0x80005e88 (0x31182093) slti    ra, a6, 785
core   0: 3 0x80005e88 (0x31182093) x1  0x00000001
core   0: 0x80005e8c (0x03be6cb3) rem     s9, t3, s11
core   0: 3 0x80005e8c (0x03be6cb3) x25 0x8001fe64
core   0: 0x80005e90 (0x000058fd) c.li    a7, -1
core   0: 3 0x80005e90 (0x58fd) x17 0xffffffff
core   0: 0x80005e92 (0x8d274d93) xori    s11, a4, -1838
core   0: 3 0x80005e92 (0x8d274d93) x27 0xd3b365b8
core   0: 0x80005e96 (0x00008015) c.srli  s0, 5
core   0: 3 0x80005e96 (0x8015) x8  0x01626eeb
core   0: 0x80005e98 (0x01901f63) bne     zero, s9, pc + 30
core   0: 3 0x80005e98 (0x01901f63)
core   0: 0x80005eb6 (0x01466633) or      a2, a2, s4
core   0: 3 0x80005eb6 (0x01466633) x12 0xa000001d
core   0: 0x80005eba (0x00000d04) c.addi4spn s1, sp, 656
core   0: 3 0x80005eba (0x0d04) x9  0x000002b3
core   0: 0x80005ebc (0x34082af3) csrrs   s5, mscratch, a6
core   0: 3 0x80005ebc (0x34082af3) x21 0x0000001e c832_mscratch 0x0000001f
core   0: 0x80005ec0 (0x02790233) mul     tp, s2, t2
core   0: 3 0x80005ec0 (0x02790233) x4  0x00000000
core   0: 0x80005ec4 (0x4055d2b3) sra     t0, a1, t0
core   0: 3 0x80005ec4 (0x4055d2b3) x5  0xffffffff
core   0: 0x80005ec8 (0x01a21963) bne     tp, s10, pc + 18
core   0: 3 0x80005ec8 (0x01a21963)
core   0: 0x80005ecc (0x01e93e33) sltu    t3, s2, t5
core   0: 3 0x80005ecc (0x01e93e33) x28 0x00000001
core   0: 0x80005ed0 (0x014a4c63) blt     s4, s4, pc + 24
core   0: 3 0x80005ed0 (0x014a4c63)
core   0: 0x80005ed4 (0x000094a6) c.add   s1, s1
core   0: 3 0x80005ed4 (0x94a6) x9  0x00000566
core   0: 0x80005ed6 (0x006ee333) or      t1, t4, t1
core   0: 3 0x80005ed6 (0x006ee333) x6  0x0000067f
core   0: 0x80005eda (0x039d8433) mul     s0, s11, s9
core   0: 3 0x80005eda (0x039d8433) x8  0x16b84be0
core   0: 0x80005ede (0x011b5cb3) srl     s9, s6, a7
core   0: 3 0x80005ede (0x011b5cb3) x25 0x00000000
core   0: 0x80005ee2 (0xbd2a3b13) sltiu   s6, s4, -1070
core   0: 3 0x80005ee2 (0xbd2a3b13) x22 0x00000001
core   0: 0x80005ee6 (0x000052fd) c.li    t0, -1
core   0: 3 0x80005ee6 (0x52fd) x5  0xffffffff
core   0: 0x80005ee8 (0x000091da) c.add   gp, s6
core   0: 3 0x80005ee8 (0x91da) x3  0x80005df7
core   0: 0x80005eea (0x017ebd33) sltu    s10, t4, s7
core   0: 3 0x80005eea (0x017ebd33) x26 0x00000000
core   0: 0x80005eee (0x00271413) slli    s0, a4, 2
core   0: 3 0x80005eee (0x00271413) x8  0xb13275a8
core   0: 0x80005ef2 (0x0000717d) c.addi16sp sp, -16
core   0: 3 0x80005ef2 (0x717d) x2  0x00000013
core   0: 0x80005ef4 (0xed95fc13) andi    s8, a1, -295
core   0: 3 0x80005ef4 (0xed95fc13) x24 0x8001fe40
core   0: 0x80005ef8 (0x0207f263) bgeu    a5, zero, pc + 36
core   0: 3 0x80005ef8 (0x0207f263)
core   0: 0x80005f1c (0x02be77b3) remu    a5, t3, a1
core   0: 3 0x80005f1c (0x02be77b3) x15 0x00000001
core   0: 0x80005f20 (0x400e5313) srai    t1, t3, 0
core   0: 3 0x80005f20 (0x400e5313) x6  0x00000001
core   0: 0x80005f24 (0x053f0163) beq     t5, s3, pc + 66
core   0: 3 0x80005f24 (0x053f0163)
core   0: 0x80005f28 (0x00001c98) c.addi4spn a4, sp, 624
core   0: 3 0x80005f28 (0x1c98) x14 0x00000283
core   0: 0x80005f2a (0x00009256) c.add   tp, s5
core   0: 3 0x80005f2a (0x9256) x4  0x0000001e
core   0: 0x80005f2c (0x0000eb91) c.bnez  a5, pc + 20
core   0: 3 0x80005f2c (0xeb91)
core   0: 0x80005f40 (0x01ea67b3) or      a5, s4, t5
core   0: 3 0x80005f40 (0x01ea67b3) x15 0xa000001d
core   0: 0x80005f44 (0x340bb0f3) csrrc   ra, mscratch, s7
core   0: 3 0x80005f44 (0x340bb0f3) x1  0x0000001f c832_mscratch 0x0000001e
core   0: 0x80005f48 (0x0163e9b3) or      s3, t2, s6
core   0: 3 0x80005f48 (0x0163e9b3) x19 0x00000001
core   0: 0x80005f4c (0x00008565) c.srai  a0, 25
core   0: 3 0x80005f4c (0x8565) x10 0x00000000
core   0: 0x80005f4e (0x00885463) bge     a6, s0, pc + 8
core   0: 3 0x80005f4e (0x00885463)
core   0: 0x80005f56 (0x0369deb3) divu    t4, s3, s6
core   0: 3 0x80005f56 (0x0369deb3) x29 0x00000001
core   0: 0x80005f5a (0x00000090) c.addi4spn a2, sp, 64
core   0: 3 0x80005f5a (0x0090) x12 0x00000053
core   0: 0x80005f5c (0x01c37193) andi    gp, t1, 28
core   0: 3 0x80005f5c (0x01c37193) x3  0x00000000
core   0: 0x80005f60 (0x000050fd) c.li    ra, -1
core   0: 3 0x80005f60 (0x50fd) x1  0xffffffff
core   0: 0x80005f62 (0x00e23433) sltu    s0, tp, a4
core   0: 3 0x80005f62 (0x00e23433) x8  0x00000001
core   0: 0x80005f66 (0x000010fd) c.addi  ra, -1
core   0: 3 0x80005f66 (0x10fd) x1  0xfffffffe
core   0: 0x80005f68 (0x027619b3) mulh    s3, a2, t2
core   0: 3 0x80005f68 (0x027619b3) x19 0x00000000
core   0: 0x80005f6c (0x02325963) bge     tp, gp, pc + 50
core   0: 3 0x80005f6c (0x02325963)
core   0: 0x80005f9e (0x000058fd) c.li    a7, -1
core   0: 3 0x80005f9e (0x58fd) x17 0xffffffff
core   0: 0x80005fa0 (0x015a6763) bltu    s4, s5, pc + 14
core   0: 3 0x80005fa0 (0x015a6763)
core   0: 0x80005fae (0x34002cf3) csrr    s9, mscratch
core   0: 3 0x80005fae (0x34002cf3) x25 0x0000001e
core   0: 0x80005fb2 (0x00008f05) c.sub   a4, s1
core   0: 3 0x80005fb2 (0x8f05) x14 0xfffffd1d
core   0: 0x80005fb4 (0x00006141) c.addi16sp sp, 16
core   0: 3 0x80005fb4 (0x6141) x2  0x00000023
core   0: 0x80005fb6 (0x0000567d) c.li    a2, -1
core   0: 3 0x80005fb6 (0x567d) x12 0xffffffff
core   0: 0x80005fb8 (0x00000001) c.nop
core   0: 3 0x80005fb8 (0x0001)
core   0: 0x80005fba (0x65e93b93) sltiu   s7, s2, 1630
core   0: 3 0x80005fba (0x65e93b93) x23 0x00000001
core   0: 0x80005fbe (0x00008c79) c.and   s0, a4
core   0: 3 0x80005fbe (0x8c79) x8  0x00000001
core   0: 0x80005fc0 (0x00008771) c.srai  a4, 28
core   0: 3 0x80005fc0 (0x8771) x14 0xffffffff
core   0: 0x80005fc2 (0x0ff0000f) fence   iorw,iorw
core   0: 3 0x80005fc2 (0x0ff0000f)
core   0: 0x80005fc6 (0xe43ee993) ori     s3, t4, -445
core   0: 3 0x80005fc6 (0xe43ee993) x19 0xfffffe43
core   0: 0x80005fca (0x00008cf1) c.and   s1, a2
core   0: 3 0x80005fca (0x8cf1) x9  0x00000566
core   0: 0x80005fcc (0x00000001) c.nop
core   0: 3 0x80005fcc (0x0001)
core   0: 0x80005fce (0xa5558893) addi    a7, a1, -1451
core   0: 3 0x80005fce (0xa5558893) x17 0x8001f8b9
core   0: 0x80005fd2 (0x00001384) c.addi4spn s1, sp, 480
core   0: 3 0x80005fd2 (0x1384) x9  0x00000203
core   0: 0x80005fd4 (0x03ccff33) remu    t5, s9, t3
core   0: 3 0x80005fd4 (0x03ccff33) x30 0x00000000
core   0: 0x80005fd8 (0x03c2cc63) blt     t0, t3, pc + 56
core   0: 3 0x80005fd8 (0x03c2cc63)
core   0: 0x80006010 (0x00191a33) sll     s4, s2, ra
core   0: 3 0x80006010 (0x00191a33) x20 0x00000000
core   0: 0x80006014 (0x00adedb3) or      s11, s11, a0
core   0: 3 0x80006014 (0x00adedb3) x27 0xd3b365b8
core   0: 0x80006018 (0x1a513793) sltiu   a5, sp, 421
core   0: 3 0x80006018 (0x1a513793) x15 0x00000001
core   0: 0x8000601c (0x00cb32b3) sltu    t0, s6, a2
core   0: 3 0x8000601c (0x00cb32b3) x5  0x00000001
core   0: 0x80006020 (0x00008fbd) c.xor   a5, a5
core   0: 3 0x80006020 (0x8fbd) x15 0x00000000
core   0: 0x80006022 (0xd5c70193) addi    gp, a4, -676
core   0: 3 0x80006022 (0xd5c70193) x3  0xfffffd5b
core   0: 0x80006026 (0x02d8fdb3) remu    s11, a7, a3
core   0: 3 0x80006026 (0x02d8fdb3) x27 0x8001f8b9
core   0: 0x8000602a (0x0231ee33) rem     t3, gp, gp
core   0: 3 0x8000602a (0x0231ee33) x28 0x00000000
core   0: 0x8000602e (0x340037f3) csrrc   a5, mscratch, zero
core   0: 3 0x8000602e (0x340037f3) x15 0x0000001e
core   0: 0x80006032 (0x340cb9f3) csrrc   s3, mscratch, s9
core   0: 3 0x80006032 (0x340cb9f3) x19 0x0000001e c832_mscratch 0x00000000
core   0: 0x80006036 (0x40eade93) srai    t4, s5, 14
core   0: 3 0x80006036 (0x40eade93) x29 0x00000000
core   0: 0x8000603a (0x86e7be13) sltiu   t3, a5, -1938
core   0: 3 0x8000603a (0x86e7be13) x28 0x00000001
core   0: 0x8000603e (0x538c0893) addi    a7, s8, 1336
core   0: 3 0x8000603e (0x538c0893) x17 0x80020378
core   0: 0x80006042 (0x01e63933) sltu    s2, a2, t5
core   0: 3 0x80006042 (0x01e63933) x18 0x00000000
core   0: 0x80006046 (0x340cef73) csrrsi  t5, mscratch, 25
core   0: 3 0x80006046 (0x340cef73) x30 0x00000000 c832_mscratch 0x00000019
core   0: 0x8000604a (0x00004479) c.li    s0, 30
core   0: 3 0x8000604a (0x4479) x8  0x0000001e
core   0: 0x8000604c (0x01d651b3) srl     gp, a2, t4
core   0: 3 0x8000604c (0x01d651b3) x3  0xffffffff
core   0: 0x80006050 (0x60223a97) auipc   s5, 0x60223
core   0: 3 0x80006050 (0x60223a97) x21 0xe0229050
core   0: 0x80006054 (0x00006159) c.addi16sp sp, 400
core   0: 3 0x80006054 (0x6159) x2  0x000001b3
core   0: 0x80006056 (0x0104e9b3) or      s3, s1, a6
core   0: 3 0x80006056 (0x0104e9b3) x19 0x00000203
core   0: 0x8000605a (0x024001ef) jal     gp, pc + 0x24
core   0: 3 0x8000605a (0x024001ef) x3  0x8000605e
core   0: 0x8000607e (0x00c000ef) jal     pc + 0xc
core   0: 3 0x8000607e (0x00c000ef) x1  0x80006082
core   0: 0x8000608a (0x0000b7cd) c.j     pc - 30
core   0: 3 0x8000608a (0xb7cd)
core   0: 0x8000606c (0x0000bfd5) c.j     pc - 12
core   0: 3 0x8000606c (0xbfd5)
core   0: 0x80006060 (0x030004ef) jal     s1, pc + 0x30
core   0: 3 0x80006060 (0x030004ef) x9  0x80006064
core   0: 0x80006090 (0x00003fcd) c.jal   pc - 14
core   0: 3 0x80006090 (0x3fcd) x1  0x80006092
core   0: 0x80006082 (0x000037cd) c.jal   pc - 30
core   0: 3 0x80006082 (0x37cd) x1  0x80006084
core   0: 0x80006064 (0x0000a801) c.j     pc + 16
core   0: 3 0x80006064 (0xa801)
core   0: 0x80006074 (0x0000bfd5) c.j     pc - 12
core   0: 3 0x80006074 (0xbfd5)
core   0: 0x80006068 (0x0200036f) jal     t1, pc + 0x20
core   0: 3 0x80006068 (0x0200036f) x6  0x8000606c
core   0: 0x80006088 (0x0000bfd5) c.j     pc - 12
core   0: 3 0x80006088 (0xbfd5)
core   0: 0x8000607c (0x00002809) c.jal   pc + 18
core   0: 3 0x8000607c (0x2809) x1  0x8000607e
core   0: 0x8000608e (0x00003fc1) c.jal   pc - 48
core   0: 3 0x8000608e (0x3fc1) x1  0x80006090
core   0: 0x8000605e (0x00002809) c.jal   pc + 18
core   0: 3 0x8000605e (0x2809) x1  0x80006060
core   0: 0x80006070 (0x0280086f) jal     a6, pc + 0x28
core   0: 3 0x80006070 (0x0280086f) x16 0x80006074
core   0: 0x80006098 (0x0000b7c5) c.j     pc - 32
core   0: 3 0x80006098 (0xb7c5)
core   0: 0x80006078 (0x0000a031) c.j     pc + 12
core   0: 3 0x80006078 (0xa031)
core   0: 0x80006084 (0xfe3ff16f) jal     sp, pc - 0x1e
core   0: 3 0x80006084 (0xfe3ff16f) x2  0x80006088
core   0: 0x80006066 (0x0000281d) c.jal   pc + 54
core   0: 3 0x80006066 (0x281d) x1  0x80006068
core   0: 0x8000609c (0x0000bfc9) c.j     pc - 46
core   0: 3 0x8000609c (0xbfc9)
core   0: 0x8000606e (0x00002015) c.jal   pc + 36
core   0: 3 0x8000606e (0x2015) x1  0x80006070
core   0: 0x80006092 (0x00002021) c.jal   pc + 8
core   0: 3 0x80006092 (0x2021) x1  0x80006094
core   0: 0x8000609a (0x00003fcd) c.jal   pc - 14
core   0: 3 0x8000609a (0x3fcd) x1  0x8000609c
core   0: 0x8000608c (0x0000b7ed) c.j     pc - 22
core   0: 3 0x8000608c (0xb7ed)
core   0: 0x80006076 (0x00002011) c.jal   pc + 4
core   0: 3 0x80006076 (0x2011) x1  0x80006078
core   0: 0x8000607a (0x00002829) c.jal   pc + 26
core   0: 3 0x8000607a (0x2829) x1  0x8000607c
core   0: 0x80006094 (0x00a000ef) jal     pc + 0xa
core   0: 3 0x80006094 (0x00a000ef) x1  0x80006098
core   0: 0x8000609e (0x027ff8b3) remu    a7, t6, t2
core   0: 3 0x8000609e (0x027ff8b3) x17 0x00000336
core   0: 0x800060a2 (0x00000001) c.nop
core   0: 3 0x800060a2 (0x0001)
core   0: 0x800060a4 (0x0000717d) c.addi16sp sp, -16
core   0: 3 0x800060a4 (0x717d) x2  0x80006078
core   0: 0x800060a6 (0x7115cc17) auipc   s8, 0x7115c
core   0: 3 0x800060a6 (0x7115cc17) x24 0xf11620a6
core   0: 0x800060aa (0x039e7863) bgeu    t3, s9, pc + 48
core   0: 3 0x800060aa (0x039e7863)
core   0: 0x800060ae (0x02b4c2b3) div     t0, s1, a1
core   0: 3 0x800060ae (0x02b4c2b3) x5  0x00000001
core   0: 0x800060b2 (0x00000d7d) c.addi  s10, 31
core   0: 3 0x800060b2 (0x0d7d) x26 0x0000001f
core   0: 0x800060b4 (0x3400f1f3) csrrci  gp, mscratch, 1
core   0: 3 0x800060b4 (0x3400f1f3) x3  0x00000019 c832_mscratch 0x00000018
core   0: 0x800060b8 (0x0ff0000f) fence   iorw,iorw
core   0: 3 0x800060b8 (0x0ff0000f)
core   0: 0x800060bc (0x00bc9733) sll     a4, s9, a1
core   0: 3 0x800060bc (0x00bc9733) x14 0x000001e0
core   0: 0x800060c0 (0x0000100f) fence.i
core   0: 3 0x800060c0 (0x0000100f)
core   0: 0x800060c4 (0x4116d493) srai    s1, a3, 17
core   0: 3 0x800060c4 (0x4116d493) x9  0xffffc001
core   0: 0x800060c8 (0x039337b3) mulhu   a5, t1, s9
core   0: 3 0x800060c8 (0x039337b3) x15 0x0000000f
core   0: 0x800060cc (0x0000c489) c.beqz  s1, pc + 10
core   0: 3 0x800060cc (0xc489)
core   0: 0x800060ce (0x34007973) csrrci  s2, mscratch, 0
core   0: 3 0x800060ce (0x34007973) x18 0x00000018
core   0: 0x800060d2 (0x6492a093) slti    ra, t0, 1609
core   0: 3 0x800060d2 (0x6492a093) x1  0x00000001
core   0: 0x800060d6 (0x02f0a933) mulhsu  s2, ra, a5
core   0: 3 0x800060d6 (0x02f0a933) x18 0x00000000
core   0: 0x800060da (0x67074b97) auipc   s7, 0x67074
core   0: 3 0x800060da (0x67074b97) x23 0xe707a0da
core   0: 0x800060de (0xbd020793) addi    a5, tp, -1072
core   0: 3 0x800060de (0xbd020793) x15 0xfffffbee
core   0: 0x800060e2 (0x00008ced) c.and   s1, a1
core   0: 3 0x800060e2 (0x8ced) x9  0x8001c000
core   0: 0x800060e4 (0xe7a56137) lui     sp, 0xe7a56
core   0: 3 0x800060e4 (0xe7a56137) x2  0xe7a56000
core   0: 0x800060e8 (0x0000127d) c.addi  tp, -1
core   0: 3 0x800060e8 (0x127d) x4  0x0000001d
core   0: 0x800060ea (0x340e6873) csrrsi  a6, mscratch, 28
core   0: 3 0x800060ea (0x340e6873) x16 0x00000018 c832_mscratch 0x0000001c
core   0: 0x800060ee (0x00022133) slt     sp, tp, zero
core   0: 3 0x800060ee (0x00022133) x2  0x00000000
core   0: 0x800060f2 (0x00cede93) srli    t4, t4, 12
core   0: 3 0x800060f2 (0x00cede93) x29 0x00000000
core   0: 0x800060f6 (0x0000851d) c.srai  a0, 7
core   0: 3 0x800060f6 (0x851d) x10 0x00000000
core   0: 0x800060f8 (0x016001ef) jal     gp, pc + 0x16
core   0: 3 0x800060f8 (0x016001ef) x3  0x800060fc
core   0: 0x8000610e (0x010000ef) jal     pc + 0x10
core   0: 3 0x8000610e (0x010000ef) x1  0x80006112
core   0: 0x8000611e (0x0000bff9) c.j     pc - 34
core   0: 3 0x8000611e (0xbff9)
core   0: 0x800060fc (0x0100036f) jal     t1, pc + 0x10
core   0: 3 0x800060fc (0x0100036f) x6  0x80006100
core   0: 0x8000610c (0x0000a801) c.j     pc + 16
core   0: 3 0x8000610c (0xa801)
core   0: 0x8000611c (0x00003fdd) c.jal   pc - 10
core   0: 3 0x8000611c (0x3fdd) x1  0x8000611e
core   0: 0x80006112 (0x00003fcd) c.jal   pc - 14
core   0: 3 0x80006112 (0x3fcd) x1  0x80006114
core   0: 0x80006104 (0xffdff26f) jal     tp, pc - 0x4
core   0: 3 0x80006104 (0xffdff26f) x4  0x80006108
core   0: 0x80006100 (0x0140026f) jal     tp, pc + 0x14
core   0: 3 0x80006100 (0x0140026f) x4  0x80006104
core   0: 0x80006114 (0x00c000ef) jal     pc + 0xc
core   0: 3 0x80006114 (0x00c000ef) x1  0x80006118
core   0: 0x80006120 (0xfe9ff36f) jal     t1, pc - 0x18
core   0: 3 0x80006120 (0xfe9ff36f) x6  0x80006124
core   0: 0x80006108 (0x012000ef) jal     pc + 0x12
core   0: 3 0x80006108 (0x012000ef) x1  0x8000610c
core   0: 0x8000611a (0x00003ffd) c.jal   pc - 2
core   0: 3 0x8000611a (0x3ffd) x1  0x8000611c
core   0: 0x80006118 (0x00002031) c.jal   pc + 12
core   0: 3 0x80006118 (0x2031) x1  0x8000611a
core   0: 0x80006124 (0x00002009) c.jal   pc + 2
core   0: 3 0x80006124 (0x2009) x1  0x80006126
core   0: 0x80006126 (0x00001090) c.addi4spn a2, sp, 96
core   0: 3 0x80006126 (0x1090) x12 0x00000060
core   0: 0x80006128 (0x340ebdf3) csrrc   s11, mscratch, t4
core   0: 3 0x80006128 (0x340ebdf3) x27 0x0000001c c832_mscratch 0x0000001c
core   0: 0x8000612c (0x031fe2b3) rem     t0, t6, a7
core   0: 3 0x8000612c (0x031fe2b3) x5  0x00000000
core   0: 0x80006130 (0x03649e33) mulh    t3, s1, s6
core   0: 3 0x80006130 (0x03649e33) x28 0xffffffff
core   0: 0x80006134 (0x419fd513) srai    a0, t6, 25
core   0: 3 0x80006134 (0x419fd513) x10 0x00000000
core   0: 0x80006138 (0x00008fcd) c.or    a5, a1
core   0: 3 0x80006138 (0x8fcd) x15 0xffffffee
core   0: 0x8000613a (0xa325eb93) ori     s7, a1, -1486
core   0: 3 0x8000613a (0xa325eb93) x23 0xfffffe76
core   0: 0x8000613e (0x00a0b2b3) sltu    t0, ra, a0
core   0: 3 0x8000613e (0x00a0b2b3) x5  0x00000000
core   0: 0x80006142 (0x00008a86) c.mv    s5, ra
core   0: 3 0x80006142 (0x8a86) x21 0x80006126
core   0: 0x80006144 (0x00006c75) c.lui   s8, 0x1d
core   0: 3 0x80006144 (0x6c75) x24 0x0001d000
core   0: 0x80006146 (0x000098ee) c.add   a7, s11
core   0: 3 0x80006146 (0x98ee) x17 0x00000352
core   0: 0x80006148 (0x34086973) csrrsi  s2, mscratch, 16
core   0: 3 0x80006148 (0x34086973) x18 0x0000001c c832_mscratch 0x0000001c
core   0: 0x8000614c (0x03fb58b3) divu    a7, s6, t6
core   0: 3 0x8000614c (0x03fb58b3) x17 0x00000000
core   0: 0x80006150 (0x7ad72d93) slti    s11, a4, 1965
core   0: 3 0x80006150 (0x7ad72d93) x27 0x00000001
core   0: 0x80006154 (0x02dff9b3) remu    s3, t6, a3
core   0: 3 0x80006154 (0x02dff9b3) x19 0x00000336
core   0: 0x80006158 (0x02840733) mul     a4, s0, s0
core   0: 3 0x80006158 (0x02840733) x14 0x00000384
core   0: 0x8000615c (0x12c44e97) auipc   t4, 0x12c44
core   0: 3 0x8000615c (0x12c44e97) x29 0x92c4a15c
core   0: 0x80006160 (0x00008c41) c.or    s0, s0
core   0: 3 0x80006160 (0x8c41) x8  0x0000001e
core   0: 0x80006162 (0x003f1993) slli    s3, t5, 3
core   0: 3 0x80006162 (0x003f1993) x19 0x00000000
core   0: 0x80006166 (0x01451c93) slli    s9, a0, 20
core   0: 3 0x80006166 (0x01451c93) x25 0x00000000
core   0: 0x8000616a (0x0ff0000f) fence   iorw,iorw
core   0: 3 0x8000616a (0x0ff0000f)
core   0: 0x8000616e (0xbe89a013) slti    zero, s3, -1048
core   0: 3 0x8000616e (0xbe89a013)
core   0: 0x80006172 (0x01deecb3) or      s9, t4, t4
core   0: 3 0x80006172 (0x01deecb3) x25 0x92c4a15c
core   0: 0x80006176 (0x07a889b7) lui     s3, 0x7a88
core   0: 3 0x80006176 (0x07a889b7) x19 0x07a88000
core   0: 0x8000617a (0x340cdd73) csrrwi  s10, mscratch, 25
core   0: 3 0x8000617a (0x340cdd73) x26 0x0000001c c832_mscratch 0x00000019
core   0: 0x8000617e (0x00008fa9) c.xor   a5, a0
core   0: 3 0x8000617e (0x8fa9) x15 0xffffffee
core   0: 0x80006180 (0xb0b4a813) slti    a6, s1, -1269
core   0: 3 0x80006180 (0xb0b4a813) x16 0x00000001
core   0: 0x80006184 (0x00008cdd) c.or    s1, a5
core   0: 3 0x80006184 (0x8cdd) x9  0xffffffee
core   0: 0x80006186 (0x0000717d) c.addi16sp sp, -16
core   0: 3 0x80006186 (0x717d) x2  0xfffffff0
core   0: 0x80006188 (0x00589813) slli    a6, a7, 5
core   0: 3 0x80006188 (0x00589813) x16 0x00000000
core   0: 0x8000618c (0x41a90db3) sub     s11, s2, s10
core   0: 3 0x8000618c (0x41a90db3) x27 0x00000000
core   0: 0x80006190 (0x00006c2d) c.lui   s8, 0xb
core   0: 3 0x80006190 (0x6c2d) x24 0x0000b000
core   0: 0x80006192 (0x00008d79) c.and   a0, a4
core   0: 3 0x80006192 (0x8d79) x10 0x00000000
core   0: 0x80006194 (0x0043d493) srli    s1, t2, 4
core   0: 3 0x80006194 (0x0043d493) x9  0x00000000
core   0: 0x80006198 (0xbad4fa17) auipc   s4, 0xbad4f
core   0: 3 0x80006198 (0xbad4fa17) x20 0x3ad55198
core   0: 0x8000619c (0x000064b9) c.lui   s1, 0xe
core   0: 3 0x8000619c (0x64b9) x9  0x0000e000
core   0: 0x8000619e (0x34069973) csrrw   s2, mscratch, a3
core   0: 3 0x8000619e (0x34069973) x18 0x00000019 c832_mscratch 0x80023ce4
core   0: 0x800061a2 (0x02c12ab3) mulhsu  s5, sp, a2
core   0: 3 0x800061a2 (0x02c12ab3) x21 0xffffffff
core   0: 0x800061a6 (0x340070f3) csrrci  ra, mscratch, 0
core   0: 3 0x800061a6 (0x340070f3) x1  0x80023ce4
core   0: 0x800061aa (0x34061c73) csrrw   s8, mscratch, a2
core   0: 3 0x800061aa (0x34061c73) x24 0x80023ce4 c832_mscratch 0x00000060
core   0: 0x800061ae (0x34003e73) csrrc   t3, mscratch, zero
core   0: 3 0x800061ae (0x34003e73) x28 0x00000060
core   0: 0x800061b2 (0x02368433) mul     s0, a3, gp
core   0: 3 0x800061b2 (0x02368433) x8  0xd9097070
core   0: 0x800061b6 (0x034231b3) mulhu   gp, tp, s4
core   0: 3 0x800061b6 (0x034231b3) x3  0x1d6abf17
core   0: 0x800061ba (0x00825d63) bge     tp, s0, pc + 26
core   0: 3 0x800061ba (0x00825d63)
core   0: 0x800061be (0x41130733) sub     a4, t1, a7
core   0: 3 0x800061be (0x41130733) x14 0x80006124
core   0: 0x800061c2 (0x34096bf3) csrrsi  s7, mscratch, 18
core   0: 3 0x800061c2 (0x34096bf3) x23 0x00000060 c832_mscratch 0x00000072
core   0: 0x800061c6 (0x02b6f963) bgeu    a3, a1, pc + 50
core   0: 3 0x800061c6 (0x02b6f963)
core   0: 0x800061f8 (0x00000d1c) c.addi4spn a5, sp, 656
core   0: 3 0x800061f8 (0x0d1c) x15 0x00000280
core   0: 0x800061fa (0xaf487513) andi    a0, a6, -1292
core   0: 3 0x800061fa (0xaf487513) x10 0x00000000
core   0: 0x800061fe (0x00008415) c.srai  s0, 5
core   0: 3 0x800061fe (0x8415) x8  0xfec84b83
core   0: 0x80006200 (0x819ccd93) xori    s11, s9, -2023
core   0: 3 0x80006200 (0x819ccd93) x27 0x6d3b5945
core   0: 0x80006204 (0x059d9163) bne     s11, s9, pc + 66
core   0: 3 0x80006204 (0x059d9163)
core   0: 0x80006246 (0x0000615d) c.addi16sp sp, 432
core   0: 3 0x80006246 (0x615d) x2  0x000001a0
core   0: 0x80006248 (0x0366c333) div     t1, a3, s6
core   0: 3 0x80006248 (0x0366c333) x6  0x80023ce4
core   0: 0x8000624c (0x03351f63) bne     a0, s3, pc + 62
core   0: 3 0x8000624c (0x03351f63)
core   0: 0x8000628a (0x03c1da63) bge     gp, t3, pc + 52
core   0: 3 0x8000628a (0x03c1da63)
core   0: 0x800062be (0x00000001) c.nop
core   0: 3 0x800062be (0x0001)
core   0: 0x800062c0 (0x00bc5463) bge     s8, a1, pc + 8
core   0: 3 0x800062c0 (0x00bc5463)
core   0: 0x800062c8 (0x34095473) csrrwi  s0, mscratch, 18
core   0: 3 0x800062c8 (0x34095473) x8  0x00000072 c832_mscratch 0x00000012
core   0: 0x800062cc (0x02209db3) mulh    s11, ra, sp
core   0: 3 0x800062cc (0x02209db3) x27 0xffffff30
core   0: 0x800062d0 (0x00e087b3) add     a5, ra, a4
core   0: 3 0x800062d0 (0x00e087b3) x15 0x00029e08
core   0: 0x800062d4 (0x418c5533) sra     a0, s8, s8
core   0: 3 0x800062d4 (0x418c5533) x10 0xf80023ce
core   0: 0x800062d8 (0x410300b3) sub     ra, t1, a6
core   0: 3 0x800062d8 (0x410300b3) x1  0x80023ce4
core   0: 0x800062dc (0x04b81163) bne     a6, a1, pc + 66
core   0: 3 0x800062dc (0x04b81163)
core   0: 0x8000631e (0x00000001) c.nop
core   0: 3 0x8000631e (0x0001)
core   0: 0x80006320 (0x00491d93) slli    s11, s2, 4
core   0: 3 0x80006320 (0x00491d93) x27 0x00000190
core   0: 0x80006324 (0x00000001) c.nop
core   0: 3 0x80006324 (0x0001)
core   0: 0x80006326 (0x00008c95) c.sub   s1, a3
core   0: 3 0x80006326 (0x8c95) x9  0x7ffea31c
core   0: 0x80006328 (0x02616a63) bltu    sp, t1, pc + 52
core   0: 3 0x80006328 (0x02616a63)
core   0: 0x8000635c (0x340a7173) csrrci  sp, mscratch, 20
core   0: 3 0x8000635c (0x340a7173) x2  0x00000012 c832_mscratch 0x00000002
core   0: 0x80006360 (0xda2b4037) lui     zero, 0xda2b4
core   0: 3 0x80006360 (0xda2b4037)
core   0: 0x80006364 (0x00607333) and     t1, zero, t1
core   0: 3 0x80006364 (0x00607333) x6  0x00000000
core   0: 0x80006368 (0x000098c2) c.add   a7, a6
core   0: 3 0x80006368 (0x98c2) x17 0x00000000
core   0: 0x8000636a (0x417404b3) sub     s1, s0, s7
core   0: 3 0x8000636a (0x417404b3) x9  0x00000012
core   0: 0x8000636e (0x0114f663) bgeu    s1, a7, pc + 12
core   0: 3 0x8000636e (0x0114f663)
core   0: 0x8000637a (0x00009c92) c.add   s9, tp
core   0: 3 0x8000637a (0x9c92) x25 0x12c50260
core   0: 0x8000637c (0x030b9533) mulh    a0, s7, a6
core   0: 3 0x8000637c (0x030b9533) x10 0x00000000
core   0: 0x80006380 (0x00000984) c.addi4spn s1, sp, 208
core   0: 3 0x80006380 (0x0984) x9  0x000000e2
core   0: 0x80006382 (0x000090e6) c.add   ra, s9
core   0: 3 0x80006382 (0x90e6) x1  0x92c73f44
core   0: 0x80006384 (0x00008ccd) c.or    s1, a1
core   0: 3 0x80006384 (0x8ccd) x9  0x8001fee6
core   0: 0x80006386 (0xc8c20f37) lui     t5, 0xc8c20
core   0: 3 0x80006386 (0xc8c20f37) x30 0xc8c20000
core   0: 0x8000638a (0x00000001) c.nop
core   0: 3 0x8000638a (0x0001)
core   0: 0x8000638c (0x01683d33) sltu    s10, a6, s6
core   0: 3 0x8000638c (0x01683d33) x26 0x00000001
core   0: 0x80006390 (0x008a5e63) bge     s4, s0, pc + 28
core   0: 3 0x80006390 (0x008a5e63)
core   0: 0x800063ac (0x037ca533) mulhsu  a0, s9, s7
core   0: 3 0x800063ac (0x037ca533) x10 0x00000007
core   0: 0x800063b0 (0x34075873) csrrwi  a6, mscratch, 14
core   0: 3 0x800063b0 (0x34075873) x16 0x00000002 c832_mscratch 0x0000000e
core   0: 0x800063b4 (0x019242b3) xor     t0, tp, s9
core   0: 3 0x800063b4 (0x019242b3) x5  0x92c56364
core   0: 0x800063b8 (0x0000100f) fence.i
core   0: 3 0x800063b8 (0x0000100f)
core   0: 0x800063bc (0xd6ceb193) sltiu   gp, t4, -660
core   0: 3 0x800063bc (0xd6ceb193) x3  0x00000001
core   0: 0x800063c0 (0x0000e809) c.bnez  s0, pc + 18
core   0: 3 0x800063c0 (0xe809)
core   0: 0x800063d2 (0x00000001) c.nop
core   0: 3 0x800063d2 (0x0001)
core   0: 0x800063d4 (0x0ff0000f) fence   iorw,iorw
core   0: 3 0x800063d4 (0x0ff0000f)
core   0: 0x800063d8 (0x07847213) andi    tp, s0, 120
core   0: 3 0x800063d8 (0x07847213) x4  0x00000070
core   0: 0x800063dc (0xa3e351b7) lui     gp, 0xa3e35
core   0: 3 0x800063dc (0xa3e351b7) x3  0xa3e35000
core   0: 0x800063e0 (0x34002c73) csrr    s8, mscratch
core   0: 3 0x800063e0 (0x34002c73) x24 0x0000000e
core   0: 0x800063e4 (0x00008d15) c.sub   a0, a3
core   0: 3 0x800063e4 (0x8d15) x10 0x7ffdc323
core   0: 0x800063e6 (0x0000e889) c.bnez  s1, pc + 18
core   0: 3 0x800063e6 (0xe889)
core   0: 0x800063f8 (0x00006119) c.addi16sp sp, 384
core   0: 3 0x800063f8 (0x6119) x2  0x00000192
core   0: 0x800063fa (0x000088e5) c.andi  s1, 25
core   0: 3 0x800063fa (0x88e5) x9  0x00000000
core   0: 0x800063fc (0x00008079) c.srli  s0, 30
core   0: 3 0x800063fc (0x8079) x8  0x00000000
core   0: 0x800063fe (0x001c1463) bne     s8, ra, pc + 8
core   0: 3 0x800063fe (0x001c1463)
core   0: 0x80006406 (0x00008fc9) c.or    a5, a0
core   0: 3 0x80006406 (0x8fc9) x15 0x7fffdf2b
core   0: 0x80006408 (0x0122f633) and     a2, t0, s2
core   0: 3 0x80006408 (0x0122f633) x12 0x00000000
core   0: 0x8000640c (0x59f89717) auipc   a4, 0x59f89
core   0: 3 0x8000640c (0x59f89717) x14 0xd9f8f40c
core   0: 0x80006410 (0x40655613) srai    a2, a0, 6
core   0: 3 0x80006410 (0x40655613) x12 0x01fff70c
core   0: 0x80006414 (0x0000100f) fence.i
core   0: 3 0x80006414 (0x0000100f)
core   0: 0x80006418 (0x00000001) c.nop
core   0: 3 0x80006418 (0x0001)
core   0: 0x8000641a (0x00000b95) c.addi  s7, 5
core   0: 3 0x8000641a (0x0b95) x23 0x00000065
core   0: 0x8000641c (0x002b5d13) srli    s10, s6, 2
core   0: 3 0x8000641c (0x002b5d13) x26 0x00000000
core   0: 0x80006420 (0x1f46a217) auipc   tp, 0x1f46a
core   0: 3 0x80006420 (0x1f46a217) x4  0x9f470420
core   0: 0x80006424 (0x027ff633) remu    a2, t6, t2
core   0: 3 0x80006424 (0x027ff633) x12 0x00000336
core   0: 0x80006428 (0x00006cb9) c.lui   s9, 0xe
core   0: 3 0x80006428 (0x6cb9) x25 0x0000e000
core   0: 0x8000642a (0x00008665) c.srai  a2, 25
core   0: 3 0x8000642a (0x8665) x12 0x00000000
core   0: 0x8000642c (0x0333c0b3) div     ra, t2, s3
core   0: 3 0x8000642c (0x0333c0b3) x1  0x00000000
core   0: 0x80006430 (0x00bb67b3) or      a5, s6, a1
core   0: 3 0x80006430 (0x00bb67b3) x15 0x8001fe65
core   0: 0x80006434 (0x00000f06) c.slli  t5, 1
core   0: 3 0x80006434 (0x0f06) x30 0x91840000
core   0: 0x80006436 (0x732e2d13) slti    s10, t3, 1842
core   0: 3 0x80006436 (0x732e2d13) x26 0x00000001
core   0: 0x8000643a (0x7321bc13) sltiu   s8, gp, 1842
core   0: 3 0x8000643a (0x7321bc13) x24 0x00000000
core   0: 0x8000643e (0x0000944a) c.add   s0, s2
core   0: 3 0x8000643e (0x944a) x8  0x00000019
core   0: 0x80006440 (0x012e31b3) sltu    gp, t3, s2
core   0: 3 0x80006440 (0x012e31b3) x3  0x00000000
core   0: 0x80006444 (0x15886d93) ori     s11, a6, 344
core   0: 3 0x80006444 (0x15886d93) x27 0x0000015a
core   0: 0x80006448 (0x71b58037) lui     zero, 0x71b58
core   0: 3 0x80006448 (0x71b58037)
core   0: 0x8000644c (0x0000044e) c.slli  s0, 19
core   0: 3 0x8000644c (0x044e) x8  0x00c80000
core   0: 0x8000644e (0x08725817) auipc   a6, 0x8725
core   0: 3 0x8000644e (0x08725817) x16 0x8872b44e
core   0: 0x80006452 (0x000001a2) c.slli  gp, 8
core   0: 3 0x80006452 (0x01a2) x3  0x00000000
core   0: 0x80006454 (0x00000001) c.nop
core   0: 3 0x80006454 (0x0001)
core   0: 0x80006456 (0x007d5293) srli    t0, s10, 7
core   0: 3 0x80006456 (0x007d5293) x5  0x00000000
core   0: 0x8000645a (0x121ab193) sltiu   gp, s5, 289
core   0: 3 0x8000645a (0x121ab193) x3  0x00000000
core   0: 0x8000645e (0x3cc33c93) sltiu   s9, t1, 972
core   0: 3 0x8000645e (0x3cc33c93) x25 0x00000001
core   0: 0x80006462 (0x00001490) c.addi4spn a2, sp, 608
core   0: 3 0x80006462 (0x1490) x12 0x000003f2
core   0: 0x80006464 (0x02515fb3) divu    t6, sp, t0
core   0: 3 0x80006464 (0x02515fb3) x31 0xffffffff
core   0: 0x80006468 (0x0349da33) divu    s4, s3, s4
core   0: 3 0x80006468 (0x0349da33) x20 0x00000000
core   0: 0x8000646c (0x02738bb3) mul     s7, t2, t2
core   0: 3 0x8000646c (0x02738bb3) x23 0x00000000
core   0: 0x80006470 (0x01c43eb3) sltu    t4, s0, t3
core   0: 3 0x80006470 (0x01c43eb3) x29 0x00000000
core   0: 0x80006474 (0x00ca48b3) xor     a7, s4, a2
core   0: 3 0x80006474 (0x00ca48b3) x17 0x000003f2
core   0: 0x80006478 (0x02037c33) remu    s8, t1, zero
core   0: 3 0x80006478 (0x02037c33) x24 0x00000000
core   0: 0x8000647c (0x03384b13) xori    s6, a6, 51
core   0: 3 0x8000647c (0x03384b13) x22 0x8872b47d
core   0: 0x80006480 (0x002bc8b3) xor     a7, s7, sp
core   0: 3 0x80006480 (0x002bc8b3) x17 0x00000192
core   0: 0x80006484 (0x411a5f33) sra     t5, s4, a7
core   0: 3 0x80006484 (0x411a5f33) x30 0x00000000
core   0: 0x80006488 (0xfdfa0f93) addi    t6, s4, -33
core   0: 3 0x80006488 (0xfdfa0f93) x31 0xffffffdf
core   0: 0x8000648c (0x0126bfb3) sltu    t6, a3, s2
core   0: 3 0x8000648c (0x0126bfb3) x31 0x00000000
core   0: 0x80006490 (0x0000100f) fence.i
core   0: 3 0x80006490 (0x0000100f)
core   0: 0x80006494 (0x004da2b3) slt     t0, s11, tp
core   0: 3 0x80006494 (0x004da2b3) x5  0x00000000
core   0: 0x80006498 (0x41738f33) sub     t5, t2, s7
core   0: 3 0x80006498 (0x41738f33) x30 0x00000000
core   0: 0x8000649c (0x02d69563) bne     a3, a3, pc + 42
core   0: 3 0x8000649c (0x02d69563)
core   0: 0x800064a0 (0x00008b75) c.andi  a4, 29
core   0: 3 0x800064a0 (0x8b75) x14 0x0000000c
core   0: 0x800064a2 (0x007b97b3) sll     a5, s7, t2
core   0: 3 0x800064a2 (0x007b97b3) x15 0x00000000
core   0: 0x800064a6 (0x00008d45) c.or    a0, s1
core   0: 3 0x800064a6 (0x8d45) x10 0x7ffdc323
core   0: 0x800064a8 (0x00008f06) c.mv    t5, ra
core   0: 3 0x800064a8 (0x8f06) x30 0x00000000
core   0: 0x800064aa (0x022c2cb3) mulhsu  s9, s8, sp
core   0: 3 0x800064aa (0x022c2cb3) x25 0x00000000
core   0: 0x800064ae (0x01882133) slt     sp, a6, s8
core   0: 3 0x800064ae (0x01882133) x2  0x00000001
core   0: 0x800064b2 (0x0083ca63) blt     t2, s0, pc + 20
core   0: 3 0x800064b2 (0x0083ca63)
core   0: 0x800064c6 (0x7128f293) andi    t0, a7, 1810
core   0: 3 0x800064c6 (0x7128f293) x5  0x00000112
core   0: 0x800064ca (0x03213733) mulhu   a4, sp, s2
core   0: 3 0x800064ca (0x03213733) x14 0x00000000
core   0: 0x800064ce (0x34006473) csrrsi  s0, mscratch, 0
core   0: 3 0x800064ce (0x34006473) x8  0x0000000e
core   0: 0x800064d2 (0x00004c25) c.li    s8, 9
core   0: 3 0x800064d2 (0x4c25) x24 0x00000009
core   0: 0x800064d4 (0x0000100f) fence.i
core   0: 3 0x800064d4 (0x0000100f)
core   0: 0x800064d8 (0x656cb897) auipc   a7, 0x656cb
core   0: 3 0x800064d8 (0x656cb897) x17 0xe56d14d8
core   0: 0x800064dc (0x00008f75) c.and   a4, a3
core   0: 3 0x800064dc (0x8f75) x14 0x00000000
core   0: 0x800064de (0xccf76997) auipc   s3, 0xccf76
core   0: 3 0x800064de (0xccf76997) x19 0x4cf7c4de
core   0: 0x800064e2 (0x340411f3) csrrw   gp, mscratch, s0
core   0: 3 0x800064e2 (0x340411f3) x3  0x0000000e c832_mscratch 0x0000000e
core   0: 0x800064e6 (0x00008c65) c.and   s0, s1
core   0: 3 0x800064e6 (0x8c65) x8  0x00000000
core   0: 0x800064e8 (0x40ee5a13) srai    s4, t3, 14
core   0: 3 0x800064e8 (0x40ee5a13) x20 0x00000000
core   0: 0x800064ec (0x0376e433) rem     s0, a3, s7
core   0: 3 0x800064ec (0x0376e433) x8  0x80023ce4
core   0: 0x800064f0 (0x0000100f) fence.i
core   0: 3 0x800064f0 (0x0000100f)
core   0: 0x800064f4 (0x4027d213) srai    tp, a5, 2
core   0: 3 0x800064f4 (0x4027d213) x4  0x00000000
core   0: 0x800064f8 (0x035497b3) mulh    a5, s1, s5
core   0: 3 0x800064f8 (0x035497b3) x15 0x00000000
core   0: 0x800064fc (0x40985cb3) sra     s9, a6, s1
core   0: 3 0x800064fc (0x40985cb3) x25 0x8872b44e
core   0: 0x80006500 (0x0148db63) bge     a7, s4, pc + 22
core   0: 3 0x80006500 (0x0148db63)
core   0: 0x80006504 (0x34092d73) csrrs   s10, mscratch, s2
core   0: 3 0x80006504 (0x34092d73) x26 0x0000000e c832_mscratch 0x0000001f
core   0: 0x80006508 (0x340e6c73) csrrsi  s8, mscratch, 28
core   0: 3 0x80006508 (0x340e6c73) x24 0x0000001f c832_mscratch 0x0000001f
core   0: 0x8000650c (0x0000e79d) c.bnez  a5, pc + 46
core   0: 3 0x8000650c (0xe79d)
core   0: 0x8000650e (0x04308263) beq     ra, gp, pc + 68
core   0: 3 0x8000650e (0x04308263)
core   0: 0x80006512 (0x0ff0000f) fence   iorw,iorw
core   0: 3 0x80006512 (0x0ff0000f)
core   0: 0x80006516 (0x02612133) mulhsu  sp, sp, t1
core   0: 3 0x80006516 (0x02612133) x2  0x00000000
core   0: 0x8000651a (0x00006c49) c.lui   s8, 0x12
core   0: 3 0x8000651a (0x6c49) x24 0x00012000
core   0: 0x8000651c (0x01361033) sll     zero, a2, s3
core   0: 3 0x8000651c (0x01361033)
core   0: 0x80006520 (0x0267acb3) mulhsu  s9, a5, t1
core   0: 3 0x80006520 (0x0267acb3) x25 0x00000000
core   0: 0x80006524 (0x8e9dcf93) xori    t6, s11, -1815
core   0: 3 0x80006524 (0x8e9dcf93) x31 0xfffff9b3
core   0: 0x80006528 (0x058c1363) bne     s8, s8, pc + 70
core   0: 3 0x80006528 (0x058c1363)
core   0: 0x8000652c (0x02aa91b3) mulh    gp, s5, a0
core   0: 3 0x8000652c (0x02aa91b3) x3  0xffffffff
core   0: 0x80006530 (0x00000f84) c.addi4spn s1, sp, 976
core   0: 3 0x80006530 (0x0f84) x9  0x000003d0
core   0: 0x80006532 (0xb494ad13) slti    s10, s1, -1207
core   0: 3 0x80006532 (0xb494ad13) x26 0x00000000
core   0: 0x80006536 (0x016c1963) bne     s8, s6, pc + 18
core   0: 3 0x80006536 (0x016c1963)
core   0: 0x80006548 (0x048dd263) bge     s11, s0, pc + 68
core   0: 3 0x80006548 (0x048dd263)
core   0: 0x8000658c (0x0068d463) bge     a7, t1, pc + 8
core   0: 3 0x8000658c (0x0068d463)
core   0: 0x80006590 (0x41f7d313) srai    t1, a5, 31
core   0: 3 0x80006590 (0x41f7d313) x6  0x00000000
core   0: 0x80006594 (0x01db5b33) srl     s6, s6, t4
core   0: 3 0x80006594 (0x01db5b33) x22 0x8872b47d
core   0: 0x80006598 (0x011c1493) slli    s1, s8, 17
core   0: 3 0x80006598 (0x011c1493) x9  0x40000000
core   0: 0x8000659c (0x000083d5) c.srli  a5, 21
core   0: 3 0x8000659c (0x83d5) x15 0x00000000
core   0: 0x8000659e (0x00004add) c.li    s5, 23
core   0: 3 0x8000659e (0x4add) x21 0x00000017
core   0: 0x800065a0 (0x000d9313) slli    t1, s11, 0
core   0: 3 0x800065a0 (0x000d9313) x6  0x0000015a
core   0: 0x800065a4 (0x0000557d) c.li    a0, -1
core   0: 3 0x800065a4 (0x557d) x10 0xffffffff
core   0: 0x800065a6 (0xdb3aeb13) ori     s6, s5, -589
core   0: 3 0x800065a6 (0xdb3aeb13) x22 0xfffffdb7
core   0: 0x800065aa (0x00008751) c.srai  a4, 20
core   0: 3 0x800065aa (0x8751) x14 0x00000000
core   0: 0x800065ac (0x06d8fc63) bgeu    a7, a3, pc + 120
core   0: 3 0x800065ac (0x06d8fc63)
core   0: 0x80006624 (0xc1ac9617) auipc   a2, 0xc1ac9
core   0: 3 0x80006624 (0xc1ac9617) x12 0x41acf624
core   0: 0x80006628 (0x41c25833) sra     a6, tp, t3
core   0: 3 0x80006628 (0x41c25833) x16 0x00000000
core   0: 0x8000662c (0x0ff0000f) fence   iorw,iorw
core   0: 3 0x8000662c (0x0ff0000f)
core   0: 0x80006630 (0x00008ce5) c.and   s1, s1
core   0: 3 0x80006630 (0x8ce5) x9  0x40000000
core   0: 0x80006632 (0x0000039c) c.addi4spn a5, sp, 448
core   0: 3 0x80006632 (0x039c) x15 0x000001c0
core   0: 0x80006634 (0x03654a33) div     s4, a0, s6
core   0: 3 0x80006634 (0x03654a33) x20 0x00000000
core   0: 0x80006638 (0x019a39b3) sltu    s3, s4, s9
core   0: 3 0x80006638 (0x019a39b3) x19 0x00000000
core   0: 0x8000663c (0x01df6633) or      a2, t5, t4
core   0: 3 0x8000663c (0x01df6633) x12 0x00000000
core   0: 0x80006640 (0x001e58b3) srl     a7, t3, ra
core   0: 3 0x80006640 (0x001e58b3) x17 0x00000060
core   0: 0x80006644 (0x41118433) sub     s0, gp, a7
core   0: 3 0x80006644 (0x41118433) x8  0xffffff9f
core   0: 0x80006648 (0x03129263) bne     t0, a7, pc + 36
core   0: 3 0x80006648 (0x03129263)
core   0: 0x8000666c (0x00001e00) c.addi4spn s0, sp, 816
core   0: 3 0x8000666c (0x1e00) x8  0x00000330
core   0: 0x8000666e (0xe08b8013) addi    zero, s7, -504
core   0: 3 0x8000666e (0xe08b8013)
core   0: 0x80006672 (0x00008f3d) c.xor   a4, a5
core   0: 3 0x80006672 (0x8f3d) x14 0x000001c0
core   0: 0x80006674 (0x01c001ef) jal     gp, pc + 0x1c
core   0: 3 0x80006674 (0x01c001ef) x3  0x80006678
core   0: 0x80006690 (0x016000ef) jal     pc + 0x16
core   0: 3 0x80006690 (0x016000ef) x1  0x80006694
core   0: 0x800066a6 (0x014000ef) jal     pc + 0x14
core   0: 3 0x800066a6 (0x014000ef) x1  0x800066aa
core   0: 0x800066ba (0xffbff36f) jal     t1, pc - 0x6
core   0: 3 0x800066ba (0xffbff36f) x6  0x800066be
core   0: 0x800066b4 (0x00003fc1) c.jal   pc - 48
core   0: 3 0x800066b4 (0x3fc1) x1  0x800066b6
core   0: 0x80006684 (0x00003fd5) c.jal   pc - 12
core   0: 3 0x80006684 (0x3fd5) x1  0x80006686
core   0: 0x80006678 (0x00002809) c.jal   pc + 18
core   0: 3 0x80006678 (0x2809) x1  0x8000667a
core   0: 0x8000668a (0x0000a829) c.j     pc + 26
core   0: 3 0x8000668a (0xa829)
core   0: 0x800066a4 (0x000037ed) c.jal   pc - 22
core   0: 3 0x800066a4 (0x37ed) x1  0x800066a6
core   0: 0x8000668e (0x0000bfe5) c.j     pc - 8
core   0: 3 0x8000668e (0xbfe5)
core   0: 0x80006686 (0xff7ff0ef) jal     pc - 0xa
core   0: 3 0x80006686 (0xff7ff0ef) x1  0x8000668a
core   0: 0x8000667c (0x00002009) c.jal   pc + 2
core   0: 3 0x8000667c (0x2009) x1  0x8000667e
core   0: 0x8000667e (0x004000ef) jal     pc + 0x4
core   0: 3 0x8000667e (0x004000ef) x1  0x80006682
core   0: 0x80006682 (0x00002805) c.jal   pc + 48
core   0: 3 0x80006682 (0x2805) x1  0x80006684
core   0: 0x800066b2 (0x00003fed) c.jal   pc - 6
core   0: 3 0x800066b2 (0x3fed) x1  0x800066b4
core   0: 0x800066ac (0xfefff0ef) jal     pc - 0x12
core   0: 3 0x800066ac (0xfefff0ef) x1  0x800066b0
core   0: 0x8000669a (0x00003ff5) c.jal   pc - 4
core   0: 3 0x8000669a (0x3ff5) x1  0x8000669c
core   0: 0x80006696 (0x01a007ef) jal     a5, pc + 0x1a
core   0: 3 0x80006696 (0x01a007ef) x15 0x8000669a
core   0: 0x800066b0 (0x000037f5) c.jal   pc - 20
core   0: 3 0x800066b0 (0x37f5) x1  0x800066b2
core   0: 0x8000669c (0x00002009) c.jal   pc + 2
core   0: 3 0x8000669c (0x2009) x1  0x8000669e
core   0: 0x8000669e (0x004000ef) jal     pc + 0x4
core   0: 3 0x8000669e (0x004000ef) x1  0x800066a2
core   0: 0x800066a2 (0x0000a021) c.j     pc + 8
core   0: 3 0x800066a2 (0xa021)
core   0: 0x800066aa (0x0000b7cd) c.j     pc - 30
core   0: 3 0x800066aa (0xb7cd)
core   0: 0x8000668c (0x0000a02d) c.j     pc + 42
core   0: 3 0x8000668c (0xa02d)
core   0: 0x800066b6 (0xfc5ff0ef) jal     pc - 0x3c
core   0: 3 0x800066b6 (0xfc5ff0ef) x1  0x800066ba
core   0: 0x8000667a (0x0000a829) c.j     pc + 26
core   0: 3 0x8000667a (0xa829)
core   0: 0x80006694 (0x0000202d) c.jal   pc + 42
core   0: 3 0x80006694 (0x202d) x1  0x80006696
core   0: 0x800066be (0x0000717d) c.addi16sp sp, -16
core   0: 3 0x800066be (0x717d) x2  0xfffffff0
core   0: 0x800066c0 (0x0216ec33) rem     s8, a3, ra
core   0: 3 0x800066c0 (0x0216ec33) x24 0x80023ce4
core   0: 0x800066c4 (0x00009626) c.add   a2, s1
core   0: 3 0x800066c4 (0x9626) x12 0x40000000
core   0: 0x800066c6 (0x340ed8f3) csrrwi  a7, mscratch, 29
core   0: 3 0x800066c6 (0x340ed8f3) x17 0x0000001f c832_mscratch 0x0000001d
core   0: 0x800066ca (0x00004769) c.li    a4, 26
core   0: 3 0x800066ca (0x4769) x14 0x0000001a
core   0: 0x800066cc (0x0000847a) c.mv    s0, t5
core   0: 3 0x800066cc (0x847a) x8  0x00000000
core   0: 0x800066ce (0x00004f79) c.li    t5, 30
core   0: 3 0x800066ce (0x4f79) x30 0x0000001e
core   0: 0x800066d0 (0x0000ca09) c.beqz  a2, pc + 18
core   0: 3 0x800066d0 (0xca09)
core   0: 0x800066d2 (0x021fbcb3) mulhu   s9, t6, ra
core   0: 3 0x800066d2 (0x021fbcb3) x25 0x8000636f
core   0: 0x800066d6 (0x41fddf13) srai    t5, s11, 31
core   0: 3 0x800066d6 (0x41fddf13) x30 0x00000000
core   0: 0x800066da (0x019a4fb3) xor     t6, s4, s9
core   0: 3 0x800066da (0x019a4fb3) x31 0x8000636f
core   0: 0x800066de (0x248e6a13) ori     s4, t3, 584
core   0: 3 0x800066de (0x248e6a13) x20 0x00000268
core   0: 0x800066e2 (0x662ebb37) lui     s6, 0x662eb
core   0: 3 0x800066e2 (0x662ebb37) x22 0x662eb000
core   0: 0x800066e6 (0x0000cf01) c.beqz  a4, pc + 24
core   0: 3 0x800066e6 (0xcf01)
core   0: 0x800066e8 (0x34003173) csrrc   sp, mscratch, zero
core   0: 3 0x800066e8 (0x34003173) x2  0x0000001d
core   0: 0x800066ec (0x7c007313) andi    t1, zero, 1984
core   0: 3 0x800066ec (0x7c007313) x6  0x00000000
core   0: 0x800066f0 (0xccc02a97) auipc   s5, 0xccc02
core   0: 3 0x800066f0 (0xccc02a97) x21 0x4cc086f0
core   0: 0x800066f4 (0x02047563) bgeu    s0, zero, pc + 42
core   0: 3 0x800066f4 (0x02047563)
core   0: 0x8000671e (0x0198c963) blt     a7, s9, pc + 18
core   0: 3 0x8000671e (0x0198c963)
core   0: 0x80006722 (0x00b65ab3) srl     s5, a2, a1
core   0: 3 0x80006722 (0x00b65ab3) x21 0x04000000
core   0: 0x80006726 (0x014c9763) bne     s9, s4, pc + 14
core   0: 3 0x80006726 (0x014c9763)
core   0: 0x80006734 (0x00e4ae33) slt     t3, s1, a4
core   0: 3 0x80006734 (0x00e4ae33) x28 0x00000000
core   0: 0x80006738 (0x340a5af3) csrrwi  s5, mscratch, 20
core   0: 3 0x80006738 (0x340a5af3) x21 0x0000001d c832_mscratch 0x00000014
core   0: 0x8000673c (0x00f15a63) bge     sp, a5, pc + 20
core   0: 3 0x8000673c (0x00f15a63)
core   0: 0x80006750 (0x00009d16) c.add   s10, t0
core   0: 3 0x80006750 (0x9d16) x26 0x00000112
core   0: 0x80006752 (0x897aaf37) lui     t5, 0x897aa
core   0: 3 0x80006752 (0x897aaf37) x30 0x897aa000
core   0: 0x80006756 (0x19d88993) addi    s3, a7, 413
core   0: 3 0x80006756 (0x19d88993) x19 0x000001bc
core   0: 0x8000675a (0x0018e463) bltu    a7, ra, pc + 8
core   0: 3 0x8000675a (0x0018e463)
core   0: 0x80006762 (0x00000001) c.nop
core   0: 3 0x80006762 (0x0001)
core   0: 0x80006764 (0x05880263) beq     a6, s8, pc + 68
core   0: 3 0x80006764 (0x05880263)
core   0: 0x80006768 (0x34039ff3) csrrw   t6, mscratch, t2
core   0: 3 0x80006768 (0x34039ff3) x31 0x00000014 c832_mscratch 0x00000000
core   0: 0x8000676c (0x011be763) bltu    s7, a7, pc + 14
core   0: 3 0x8000676c (0x011be763)
core   0: 0x8000677a (0x00000001) c.nop
core   0: 3 0x8000677a (0x0001)
core   0: 0x8000677c (0x63a0ba93) sltiu   s5, ra, 1594
core   0: 3 0x8000677c (0x63a0ba93) x21 0x00000000
core   0: 0x80006780 (0x34085c73) csrrwi  s8, mscratch, 16
core   0: 3 0x80006780 (0x34085c73) x24 0x00000000 c832_mscratch 0x00000010
core   0: 0x80006784 (0x04241063) bne     s0, sp, pc + 64
core   0: 3 0x80006784 (0x04241063)
core   0: 0x800067c4 (0x00ecacb3) slt     s9, s9, a4
core   0: 3 0x800067c4 (0x00ecacb3) x25 0x00000001
core   0: 0x800067c8 (0x000097fe) c.add   a5, t6
core   0: 3 0x800067c8 (0x97fe) x15 0x800066ae
core   0: 0x800067ca (0x000aea63) bltu    s5, zero, pc + 20
core   0: 3 0x800067ca (0x000aea63)
core   0: 0x800067ce (0x00008859) c.andi  s0, 22
core   0: 3 0x800067ce (0x8859) x8  0x00000000
core   0: 0x800067d0 (0x02bd4863) blt     s10, a1, pc + 48
core   0: 3 0x800067d0 (0x02bd4863)
core   0: 0x800067d4 (0x00000349) c.addi  t1, 18
core   0: 3 0x800067d4 (0x0349) x6  0x00000012
core   0: 0x800067d6 (0x02cbfab3) remu    s5, s7, a2
core   0: 3 0x800067d6 (0x02cbfab3) x21 0x00000000
core   0: 0x800067da (0x43644b13) xori    s6, s0, 1078
core   0: 3 0x800067da (0x43644b13) x22 0x00000436
core   0: 0x800067de (0x340d3f73) csrrc   t5, mscratch, s10
core   0: 3 0x800067de (0x340d3f73) x30 0x00000010 c832_mscratch 0x00000000
core   0: 0x800067e2 (0x01db0563) beq     s6, t4, pc + 10
core   0: 3 0x800067e2 (0x01db0563)
core   0: 0x800067e6 (0x00001a7d) c.addi  s4, -1
core   0: 3 0x800067e6 (0x1a7d) x20 0x00000267
core   0: 0x800067e8 (0x02d1d133) divu    sp, gp, a3
core   0: 3 0x800067e8 (0x02d1d133) x2  0x00000000
core   0: 0x800067ec (0x00008f59) c.or    a4, a4
core   0: 3 0x800067ec (0x8f59) x14 0x0000001a
core   0: 0x800067ee (0x01631d13) slli    s10, t1, 22
core   0: 3 0x800067ee (0x01631d13) x26 0x04800000
core   0: 0x800067f2 (0x0000577d) c.li    a4, -1
core   0: 3 0x800067f2 (0x577d) x14 0xffffffff
core   0: 0x800067f4 (0x0000c485) c.beqz  s1, pc + 40
core   0: 3 0x800067f4 (0xc485)
core   0: 0x800067f6 (0x4024d9b3) sra     s3, s1, sp
core   0: 3 0x800067f6 (0x4024d9b3) x19 0x40000000
core   0: 0x800067fa (0x00000436) c.slli  s0, 13
core   0: 3 0x800067fa (0x0436) x8  0x00000000
core   0: 0x800067fc (0x027b7263) bgeu    s6, t2, pc + 36
core   0: 3 0x800067fc (0x027b7263)
core   0: 0x80006820 (0x03b1af33) mulhsu  t5, gp, s11
core   0: 3 0x80006820 (0x03b1af33) x30 0xffffff53
core   0: 0x80006824 (0x02086233) rem     tp, a6, zero
core   0: 3 0x80006824 (0x02086233) x4  0x00000000
core   0: 0x80006828 (0x00008c6d) c.and   s0, a1
core   0: 3 0x80006828 (0x8c6d) x8  0x00000000
core   0: 0x8000682a (0x007ffc63) bgeu    t6, t2, pc + 24
core   0: 3 0x8000682a (0x007ffc63)
core   0: 0x80006842 (0x017d0433) add     s0, s10, s7
core   0: 3 0x80006842 (0x017d0433) x8  0x04800000
core   0: 0x80006846 (0x40c2d893) srai    a7, t0, 12
core   0: 3 0x80006846 (0x40c2d893) x17 0x00000000
core   0: 0x8000684a (0xbe2ffb13) andi    s6, t6, -1054
core   0: 3 0x8000684a (0xbe2ffb13) x22 0x00000000
core   0: 0x8000684e (0x340552f3) csrrwi  t0, mscratch, 10
core   0: 3 0x8000684e (0x340552f3) x5  0x00000000 c832_mscratch 0x0000000a
core   0: 0x80006852 (0x0815c717) auipc   a4, 0x815c
core   0: 3 0x80006852 (0x0815c717) x14 0x88162852
core   0: 0x80006856 (0x760ff093) andi    ra, t6, 1888
core   0: 3 0x80006856 (0x760ff093) x1  0x00000000
core   0: 0x8000685a (0x027d44b3) div     s1, s10, t2
core   0: 3 0x8000685a (0x027d44b3) x9  0xffffffff
core   0: 0x8000685e (0x01ec0d63) beq     s8, t5, pc + 26
core   0: 3 0x8000685e (0x01ec0d63)
core   0: 0x80006862 (0x34002ef3) csrr    t4, mscratch
core   0: 3 0x80006862 (0x34002ef3) x29 0x0000000a
core   0: 0x80006866 (0x039cb9b3) mulhu   s3, s9, s9
core   0: 3 0x80006866 (0x039cb9b3) x19 0x00000000
core   0: 0x8000686a (0x031f2333) mulhsu  t1, t5, a7
core   0: 3 0x8000686a (0x031f2333) x6  0x00000000
core   0: 0x8000686e (0x02ed0633) mul     a2, s10, a4
core   0: 3 0x8000686e (0x02ed0633) x12 0x71000000
core   0: 0x80006872 (0x037509b3) mul     s3, a0, s7
core   0: 3 0x80006872 (0x037509b3) x19 0x00000000
core   0: 0x80006876 (0x00008a2d) c.andi  a2, 11
core   0: 3 0x80006876 (0x8a2d) x12 0x00000000
core   0: 0x80006878 (0x41cc0c33) sub     s8, s8, t3
core   0: 3 0x80006878 (0x41cc0c33) x24 0x00000000
core   0: 0x8000687c (0x000007c2) c.slli  a5, 16
core   0: 3 0x8000687c (0x07c2) x15 0x66ae0000
core   0: 0x8000687e (0x3407dbf3) csrrwi  s7, mscratch, 15
core   0: 3 0x8000687e (0x3407dbf3) x23 0x0000000a c832_mscratch 0x0000000f
core   0: 0x80006882 (0x0000eb05) c.bnez  a4, pc + 48
core   0: 3 0x80006882 (0xeb05)
core   0: 0x800068b2 (0xfbfc1b37) lui     s6, 0xfbfc1
core   0: 3 0x800068b2 (0xfbfc1b37) x22 0xfbfc1000
core   0: 0x800068b6 (0x9bb7bd17) auipc   s10, 0x9bb7b
core   0: 3 0x800068b6 (0x9bb7bd17) x26 0x1bb818b6
core   0: 0x800068ba (0x0199ce33) xor     t3, s3, s9
core   0: 3 0x800068ba (0x0199ce33) x28 0x00000001
core   0: 0x800068be (0x03c001ef) jal     gp, pc + 0x3c
core   0: 3 0x800068be (0x03c001ef) x3  0x800068c2
core   0: 0x800068fa (0xfe7ff0ef) jal     pc - 0x1a
core   0: 3 0x800068fa (0xfe7ff0ef) x1  0x800068fe
core   0: 0x800068e0 (0x00002031) c.jal   pc + 12
core   0: 3 0x800068e0 (0x2031) x1  0x800068e2
core   0: 0x800068ec (0x000037c5) c.jal   pc - 32
core   0: 3 0x800068ec (0x37c5) x1  0x800068ee
core   0: 0x800068cc (0x0000a02d) c.j     pc + 42
core   0: 3 0x800068cc (0xa02d)
core   0: 0x800068f6 (0xfe9ffcef) jal     s9, pc - 0x18
core   0: 3 0x800068f6 (0xfe9ffcef) x25 0x800068fa
core   0: 0x800068de (0x0000b7ed) c.j     pc - 22
core   0: 3 0x800068de (0xb7ed)
core   0: 0x800068c8 (0x00002009) c.jal   pc + 2
core   0: 3 0x800068c8 (0x2009) x1  0x800068ca
core   0: 0x800068ca (0x0000a005) c.j     pc + 32
core   0: 3 0x800068ca (0xa005)
core   0: 0x800068ea (0x0000a029) c.j     pc + 10
core   0: 3 0x800068ea (0xa029)
core   0: 0x800068f4 (0x00003fed) c.jal   pc - 6
core   0: 3 0x800068f4 (0x3fed) x1  0x800068f6
core   0: 0x800068ee (0xff5ff36f) jal     t1, pc - 0xc
core   0: 3 0x800068ee (0xff5ff36f) x6  0x800068f2
core   0: 0x800068e2 (0xfe1ff76f) jal     a4, pc - 0x20
core   0: 3 0x800068e2 (0xfe1ff76f) x14 0x800068e6
core   0: 0x800068c2 (0x0000a829) c.j     pc + 26
core   0: 3 0x800068c2 (0xa829)
core   0: 0x800068dc (0x00003ff5) c.jal   pc - 4
core   0: 3 0x800068dc (0x3ff5) x1  0x800068de
core   0: 0x800068d8 (0x00002829) c.jal   pc + 26
core   0: 3 0x800068d8 (0x2829) x1  0x800068da
core   0: 0x800068f2 (0x0000bfd5) c.j     pc - 12
core   0: 3 0x800068f2 (0xbfd5)
core   0: 0x800068e6 (0x0180036f) jal     t1, pc + 0x18
core   0: 3 0x800068e6 (0x0180036f) x6  0x800068ea
core   0: 0x800068fe (0x00003ff1) c.jal   pc - 36
core   0: 3 0x800068fe (0x3ff1) x1  0x80006900
core   0: 0x800068da (0x00003fed) c.jal   pc - 6
core   0: 3 0x800068da (0x3fed) x1  0x800068dc
core   0: 0x800068d4 (0xffbff36f) jal     t1, pc - 0x6
core   0: 3 0x800068d4 (0xffbff36f) x6  0x800068d8
core   0: 0x800068ce (0x0000bfdd) c.j     pc - 10
core   0: 3 0x800068ce (0xbfdd)
core   0: 0x800068c4 (0x00c0036f) jal     t1, pc + 0xc
core   0: 3 0x800068c4 (0x00c0036f) x6  0x800068c8
core   0: 0x800068d0 (0x030000ef) jal     pc + 0x30
core   0: 3 0x800068d0 (0x030000ef) x1  0x800068d4
core   0: 0x80006900 (0x01c99833) sll     a6, s3, t3
core   0: 3 0x80006900 (0x01c99833) x16 0x00000000
core   0: 0x80006904 (0x0000929a) c.add   t0, t1
core   0: 3 0x80006904 (0x929a) x5  0x800068c8
core   0: 0x80006906 (0x340b92f3) csrrw   t0, mscratch, s7
core   0: 3 0x80006906 (0x340b92f3) x5  0x0000000f c832_mscratch 0x0000000a
core   0: 0x8000690a (0x0274b033) mulhu   zero, s1, t2
core   0: 3 0x8000690a (0x0274b033)
core   0: 0x8000690e (0x00008cb1) c.xor   s1, a2
core   0: 3 0x8000690e (0x8cb1) x9  0xffffffff
core   0: 0x80006910 (0x12c15417) auipc   s0, 0x12c15
core   0: 3 0x80006910 (0x12c15417) x8  0x92c1b910
core   0: 0x80006914 (0x009a5313) srli    t1, s4, 9
core   0: 3 0x80006914 (0x009a5313) x6  0x00000001
core   0: 0x80006918 (0x00008811) c.andi  s0, 4
core   0: 3 0x80006918 (0x8811) x8  0x00000000
core   0: 0x8000691a (0x01a0aeb3) slt     t4, ra, s10
core   0: 3 0x8000691a (0x01a0aeb3) x29 0x00000001
core   0: 0x8000691e (0x5a66cf13) xori    t5, a3, 1446
core   0: 3 0x8000691e (0x5a66cf13) x30 0x80023942
core   0: 0x80006922 (0x5e1e6e13) ori     t3, t3, 1505
core   0: 3 0x80006922 (0x5e1e6e13) x28 0x000005e1
core   0: 0x80006926 (0x340d7a73) csrrci  s4, mscratch, 26
core   0: 3 0x80006926 (0x340d7a73) x20 0x0000000a c832_mscratch 0x00000000
core   0: 0x8000692a (0x0236ae33) mulhsu  t3, a3, gp
core   0: 3 0x8000692a (0x0236ae33) x28 0xc000ea11
core   0: 0x8000692e (0x00009bfd) c.andi  a5, -1
core   0: 3 0x8000692e (0x9bfd) x15 0x66ae0000
core   0: 0x80006930 (0x3408f273) csrrci  tp, mscratch, 17
core   0: 3 0x80006930 (0x3408f273) x4  0x00000000 c832_mscratch 0x00000000
core   0: 0x80006934 (0x0193fcb3) and     s9, t2, s9
core   0: 3 0x80006934 (0x0193fcb3) x25 0x00000000
core   0: 0x80006938 (0x34046673) csrrsi  a2, mscratch, 8
core   0: 3 0x80006938 (0x34046673) x12 0x00000000 c832_mscratch 0x00000008
core   0: 0x8000693c (0x33c02c13) slti    s8, zero, 828
core   0: 3 0x8000693c (0x33c02c13) x24 0x00000001
core   0: 0x80006940 (0x03c2f233) remu    tp, t0, t3
core   0: 3 0x80006940 (0x03c2f233) x4  0x0000000f
core   0: 0x80006944 (0xf6672f13) slti    t5, a4, -154
core   0: 3 0x80006944 (0xf6672f13) x30 0x00000001
core   0: 0x80006948 (0x3402d773) csrrwi  a4, mscratch, 5
core   0: 3 0x80006948 (0x3402d773) x14 0x00000008 c832_mscratch 0x00000005
core   0: 0x8000694c (0x34053c73) csrrc   s8, mscratch, a0
core   0: 3 0x8000694c (0x34053c73) x24 0x00000005 c832_mscratch 0x00000000
core   0: 0x80006950 (0x00004ee9) c.li    t4, 26
core   0: 3 0x80006950 (0x4ee9) x29 0x0000001a
core   0: 0x80006952 (0x00008e65) c.and   a2, s1
core   0: 3 0x80006952 (0x8e65) x12 0x00000000
core   0: 0x80006954 (0x00008a51) c.andi  a2, 20
core   0: 3 0x80006954 (0x8a51) x12 0x00000000
core   0: 0x80006956 (0x00008361) c.srli  a4, 24
core   0: 3 0x80006956 (0x8361) x14 0x00000000
core   0: 0x80006958 (0x00b34763) blt     t1, a1, pc + 14
core   0: 3 0x80006958 (0x00b34763)
core   0: 0x8000695c (0x4089dbb3) sra     s7, s3, s0
core   0: 3 0x8000695c (0x4089dbb3) x23 0x00000000
core   0: 0x80006960 (0x000083d9) c.srli  a5, 22
core   0: 3 0x80006960 (0x83d9) x15 0x0000019a
core   0: 0x80006962 (0x000062d5) c.lui   t0, 0x15
core   0: 3 0x80006962 (0x62d5) x5  0x00015000
core   0: 0x80006964 (0x00008c31) c.xor   s0, a2
core   0: 3 0x80006964 (0x8c31) x8  0x00000000
core   0: 0x80006966 (0x04b14e63) blt     sp, a1, pc + 92
core   0: 3 0x80006966 (0x04b14e63)
core   0: 0x8000696a (0x714e6e13) ori     t3, t3, 1812
core   0: 3 0x8000696a (0x714e6e13) x28 0xc000ef15
core   0: 0x8000696e (0x05816363) bltu    sp, s8, pc + 70
core   0: 3 0x8000696e (0x05816363)
core   0: 0x800069b4 (0x0000e909) c.bnez  a0, pc + 18
core   0: 3 0x800069b4 (0xe909)
core   0: 0x800069c6 (0x146d7913) andi    s2, s10, 326
core   0: 3 0x800069c6 (0x146d7913) x18 0x00000006
core   0: 0x800069ca (0x018001ef) jal     gp, pc + 0x18
core   0: 3 0x800069ca (0x018001ef) x3  0x800069ce
core   0: 0x800069e2 (0xfedff1ef) jal     gp, pc - 0x14
core   0: 3 0x800069e2 (0xfedff1ef) x3  0x800069e6
core   0: 0x800069ce (0x0000283d) c.jal   pc + 62
core   0: 3 0x800069ce (0x283d) x1  0x800069d0
core   0: 0x80006a0c (0x00003fc5) c.jal   pc - 16
core   0: 3 0x80006a0c (0x3fc5) x1  0x80006a0e
core   0: 0x800069fc (0x00003ff5) c.jal   pc - 4
core   0: 3 0x800069fc (0x3ff5) x1  0x800069fe
core   0: 0x800069f8 (0xfefffaef) jal     s5, pc - 0x12
core   0: 3 0x800069f8 (0xfefffaef) x21 0x800069fc
core   0: 0x800069e6 (0x0000a039) c.j     pc + 14
core   0: 3 0x800069e6 (0xa039)
core   0: 0x800069f4 (0x00003fdd) c.jal   pc - 10
core   0: 3 0x800069f4 (0x3fdd) x1  0x800069f6
core   0: 0x800069ea (0x0000b7fd) c.j     pc - 18
core   0: 3 0x800069ea (0xb7fd)
core   0: 0x800069d8 (0x02c0026f) jal     tp, pc + 0x2c
core   0: 3 0x800069d8 (0x02c0026f) x4  0x800069dc
core   0: 0x80006a04 (0x00002019) c.jal   pc + 6
core   0: 3 0x80006a04 (0x2019) x1  0x80006a06
core   0: 0x80006a0a (0x0000b7f5) c.j     pc - 20
core   0: 3 0x80006a0a (0xb7f5)
core   0: 0x800069f6 (0x0000a809) c.j     pc + 18
core   0: 3 0x800069f6 (0xa809)
core   0: 0x80006a08 (0x00003fd1) c.jal   pc - 44
core   0: 3 0x80006a08 (0x3fd1) x1  0x80006a0a
core   0: 0x800069dc (0x00002009) c.jal   pc + 2
core   0: 3 0x800069dc (0x2009) x1  0x800069de
core   0: 0x800069de (0x00002009) c.jal   pc + 2
core   0: 3 0x800069de (0x2009) x1  0x800069e0
core   0: 0x800069e0 (0x0000a021) c.j     pc + 8
core   0: 3 0x800069e0 (0xa021)
core   0: 0x800069e8 (0x00002821) c.jal   pc + 24
core   0: 3 0x800069e8 (0x2821) x1  0x800069ea
core   0: 0x80006a00 (0x0000bfc9) c.j     pc - 46
core   0: 3 0x80006a00 (0xbfc9)
core   0: 0x800069d2 (0x02c000ef) jal     pc + 0x2c
core   0: 3 0x800069d2 (0x02c000ef) x1  0x800069d6
core   0: 0x800069fe (0x00003fcd) c.jal   pc - 14
core   0: 3 0x800069fe (0x3fcd) x1  0x80006a00
core   0: 0x800069f0 (0x01e0026f) jal     tp, pc + 0x1e
core   0: 3 0x800069f0 (0x01e0026f) x4  0x800069f4
core   0: 0x80006a0e (0xfe1ff0ef) jal     pc - 0x20
core   0: 3 0x80006a0e (0xfe1ff0ef) x1  0x80006a12
core   0: 0x800069ee (0x0000a811) c.j     pc + 20
core   0: 3 0x800069ee (0xa811)
core   0: 0x80006a02 (0x0000bfd1) c.j     pc - 44
core   0: 3 0x80006a02 (0xbfd1)
core   0: 0x800069d6 (0x00002805) c.jal   pc + 48
core   0: 3 0x800069d6 (0x2805) x1  0x800069d8
core   0: 0x80006a06 (0x0000b7dd) c.j     pc - 26
core   0: 3 0x80006a06 (0xb7dd)
core   0: 0x800069ec (0x0000b7d5) c.j     pc - 28
core   0: 3 0x800069ec (0xb7d5)
core   0: 0x800069d0 (0x0000a089) c.j     pc + 66
core   0: 3 0x800069d0 (0xa089)
core   0: 0x80006a12 (0x00006159) c.addi16sp sp, 400
core   0: 3 0x80006a12 (0x6159) x2  0x00000190
core   0: 0x80006a14 (0x00008c9d) c.sub   s1, a5
core   0: 3 0x80006a14 (0x8c9d) x9  0xfffffe65
core   0: 0x80006a16 (0x0000121c) c.addi4spn a5, sp, 288
core   0: 3 0x80006a16 (0x121c) x15 0x000002b0
core   0: 0x80006a18 (0x0441f163) bgeu    gp, tp, pc + 66
core   0: 3 0x80006a18 (0x0441f163)
core   0: 0x80006a1c (0x3407d0f3) csrrwi  ra, mscratch, 15
core   0: 3 0x80006a1c (0x3407d0f3) x1  0x00000000 c832_mscratch 0x0000000f
core   0: 0x80006a20 (0x02c65cb3) divu    s9, a2, a2
core   0: 3 0x80006a20 (0x02c65cb3) x25 0xffffffff
core   0: 0x80006a24 (0x34003073) csrc    mscratch, zero
core   0: 3 0x80006a24 (0x34003073)
core   0: 0x80006a28 (0x00008d2e) c.mv    s10, a1
core   0: 3 0x80006a28 (0x8d2e) x26 0x8001fe64
core   0: 0x80006a2a (0x00000d98) c.addi4spn a4, sp, 720
core   0: 3 0x80006a2a (0x0d98) x14 0x00000460
core   0: 0x80006a2c (0x03f44963) blt     s0, t6, pc + 50
core   0: 3 0x80006a2c (0x03f44963)
core   0: 0x80006a5e (0x0161d1b3) srl     gp, gp, s6
core   0: 3 0x80006a5e (0x0161d1b3) x3  0x800069e6
core   0: 0x80006a62 (0x008280b3) add     ra, t0, s0
core   0: 3 0x80006a62 (0x008280b3) x1  0x00015000
core   0: 0x80006a66 (0x1ecc8d13) addi    s10, s9, 492
core   0: 3 0x80006a66 (0x1ecc8d13) x26 0x000001eb
core   0: 0x80006a6a (0x0340c4b3) div     s1, ra, s4
core   0: 3 0x80006a6a (0x0340c4b3) x9  0x00002199
core   0: 0x80006a6e (0x41785d33) sra     s10, a6, s7
core   0: 3 0x80006a6e (0x41785d33) x26 0x00000000
core   0: 0x80006a72 (0x00009c52) c.add   s8, s4
core   0: 3 0x80006a72 (0x9c52) x24 0x0000000f
core   0: 0x80006a74 (0x009f4fb3) xor     t6, t5, s1
core   0: 3 0x80006a74 (0x009f4fb3) x31 0x00002198
core   0: 0x80006a78 (0x015909b3) add     s3, s2, s5
core   0: 3 0x80006a78 (0x015909b3) x19 0x80006a02
core   0: 0x80006a7c (0x00004615) c.li    a2, 5
core   0: 3 0x80006a7c (0x4615) x12 0x00000005
core   0: 0x80006a7e (0x0ff0000f) fence   iorw,iorw
core   0: 3 0x80006a7e (0x0ff0000f)
core   0: 0x80006a82 (0x00e9e133) or      sp, s3, a4
core   0: 3 0x80006a82 (0x00e9e133) x2  0x80006e62
core   0: 0x80006a86 (0x008ee0b3) or      ra, t4, s0
core   0: 3 0x80006a86 (0x008ee0b3) x1  0x0000001a
core   0: 0x80006a8a (0x2f8e0f93) addi    t6, t3, 760
core   0: 3 0x80006a8a (0x2f8e0f93) x31 0xc000f20d
core   0: 0x80006a8e (0x00008e19) c.sub   a2, a4
core   0: 3 0x80006a8e (0x8e19) x12 0xfffffba5
core   0: 0x80006a90 (0x41f35b33) sra     s6, t1, t6
core   0: 3 0x80006a90 (0x41f35b33) x22 0x00000000
core   0: 0x80006a94 (0x00004511) c.li    a0, 4
core   0: 3 0x80006a94 (0x4511) x10 0x00000004
core   0: 0x80006a96 (0x0000615d) c.addi16sp sp, 432
core   0: 3 0x80006a96 (0x615d) x2  0x80007012
core   0: 0x80006a98 (0x00006a59) c.lui   s4, 0x16
core   0: 3 0x80006a98 (0x6a59) x20 0x00016000
core   0: 0x80006a9a (0x000009f6) c.slli  s3, 29
core   0: 3 0x80006a9a (0x09f6) x19 0x40000000
core   0: 0x80006a9c (0xb1c2f293) andi    t0, t0, -1252
core   0: 3 0x80006a9c (0xb1c2f293) x5  0x00015000
core   0: 0x80006aa0 (0x0000870e) c.mv    a4, gp
core   0: 3 0x80006aa0 (0x870e) x14 0x800069e6
core   0: 0x80006aa2 (0x0000c0a1) c.beqz  s1, pc + 64
core   0: 3 0x80006aa2 (0xc0a1)
core   0: 0x80006aa4 (0x0000c019) c.beqz  s0, pc + 6
core   0: 3 0x80006aa4 (0xc019)
core   0: 0x80006aaa (0x0000078e) c.slli  a5, 3
core   0: 3 0x80006aaa (0x078e) x15 0x00001580
core   0: 0x80006aac (0x02b21b63) bne     tp, a1, pc + 54
core   0: 3 0x80006aac (0x02b21b63)
core   0: 0x80006ae2 (0x404a8933) sub     s2, s5, tp
core   0: 3 0x80006ae2 (0x404a8933) x18 0x00000008
core   0: 0x80006ae6 (0x00008349) c.srli  a4, 18
core   0: 3 0x80006ae6 (0x8349) x14 0x00002000
core   0: 0x80006ae8 (0x3cb16a93) ori     s5, sp, 971
core   0: 3 0x80006ae8 (0x3cb16a93) x21 0x800073db
core   0: 0x80006aec (0x26da3813) sltiu   a6, s4, 621
core   0: 3 0x80006aec (0x26da3813) x16 0x00000000
core   0: 0x80006af0 (0x00001700) c.addi4spn s0, sp, 928
core   0: 3 0x80006af0 (0x1700) x8  0x800073b2
core   0: 0x80006af2 (0x00004781) c.li    a5, 0
core   0: 3 0x80006af2 (0x4781) x15 0x00000000
core   0: 0x80006af4 (0x3403e673) csrrsi  a2, mscratch, 7
core   0: 3 0x80006af4 (0x3403e673) x12 0x0000000f c832_mscratch 0x0000000f
core   0: 0x80006af8 (0x00005f7d) c.li    t5, -1
core   0: 3 0x80006af8 (0x5f7d) x30 0xffffffff
core   0: 0x80006afa (0x34041973) csrrw   s2, mscratch, s0
core   0: 3 0x80006afa (0x34041973) x18 0x0000000f c832_mscratch 0x800073b2
core   0: 0x80006afe (0x00008f19) c.sub   a4, a4
core   0: 3 0x80006afe (0x8f19) x14 0x00000000
core   0: 0x80006b00 (0x252b7c17) auipc   s8, 0x252b7
core   0: 3 0x80006b00 (0x252b7c17) x24 0xa52bdb00
core   0: 0x80006b04 (0x419907b3) sub     a5, s2, s9
core   0: 3 0x80006b04 (0x419907b3) x15 0x00000010
core   0: 0x80006b08 (0x00009a7d) c.andi  a2, -1
core   0: 3 0x80006b08 (0x9a7d) x12 0x0000000f
core   0: 0x80006b0a (0x015c0563) beq     s8, s5, pc + 10
core   0: 3 0x80006b0a (0x015c0563)
core   0: 0x80006b0e (0x0000717d) c.addi16sp sp, -16
core   0: 3 0x80006b0e (0x717d) x2  0x80007002
core   0: 0x80006b10 (0x038ee9b3) rem     s3, t4, s8
core   0: 3 0x80006b10 (0x038ee9b3) x19 0x0000001a
core   0: 0x80006b14 (0x026a1933) mulh    s2, s4, t1
core   0: 3 0x80006b14 (0x026a1933) x18 0x00000000
core   0: 0x80006b18 (0x00006f95) c.lui   t6, 0x5
core   0: 3 0x80006b18 (0x6f95) x31 0x00005000
core   0: 0x80006b1a (0x002dd4b3) srl     s1, s11, sp
core   0: 3 0x80006b1a (0x002dd4b3) x9  0x00000056
core   0: 0x80006b1e (0x34002873) csrr    a6, mscratch
core   0: 3 0x80006b1e (0x34002873) x16 0x800073b2
core   0: 0x80006b22 (0x008ec963) blt     t4, s0, pc + 18
core   0: 3 0x80006b22 (0x008ec963)
core   0: 0x80006b26 (0x0271e863) bltu    gp, t2, pc + 48
core   0: 3 0x80006b26 (0x0271e863)
core   0: 0x80006b2a (0x34072a73) csrrs   s4, mscratch, a4
core   0: 3 0x80006b2a (0x34072a73) x20 0x800073b2 c832_mscratch 0x800073b2
core   0: 0x80006b2e (0x0000937a) c.add   t1, t5
core   0: 3 0x80006b2e (0x937a) x6  0x00000000
core   0: 0x80006b30 (0x00ba5eb3) srl     t4, s4, a1
core   0: 3 0x80006b30 (0x00ba5eb3) x29 0x0800073b
core   0: 0x80006b34 (0x0315ea33) rem     s4, a1, a7
core   0: 3 0x80006b34 (0x0315ea33) x20 0x8001fe64
core   0: 0x80006b38 (0x00008329) c.srli  a4, 10
core   0: 3 0x80006b38 (0x8329) x14 0x00000000
core   0: 0x80006b3a (0x00008e15) c.sub   a2, a3
core   0: 3 0x80006b3a (0x8e15) x12 0x7ffdc32b
core   0: 0x80006b3c (0x00008179) c.srli  a0, 30
core   0: 3 0x80006b3c (0x8179) x10 0x00000000
core   0: 0x80006b3e (0x340b5473) csrrwi  s0, mscratch, 22
core   0: 3 0x80006b3e (0x340b5473) x8  0x800073b2 c832_mscratch 0x00000016
core   0: 0x80006b42 (0x41fd0633) sub     a2, s10, t6
core   0: 3 0x80006b42 (0x41fd0633) x12 0xffffb000
core   0: 0x80006b46 (0x0326e863) bltu    a3, s2, pc + 48
core   0: 3 0x80006b46 (0x0326e863)
core   0: 0x80006b4a (0x0000048d) c.addi  s1, 3
core   0: 3 0x80006b4a (0x048d) x9  0x00000059
core   0: 0x80006b4c (0x407281b3) sub     gp, t0, t2
core   0: 3 0x80006b4c (0x407281b3) x3  0x00015000
core   0: 0x80006b50 (0x0000567d) c.li    a2, -1
core   0: 3 0x80006b50 (0x567d) x12 0xffffffff
core   0: 0x80006b52 (0x0325ce33) div     t3, a1, s2
core   0: 3 0x80006b52 (0x0325ce33) x28 0xffffffff
core   0: 0x80006b56 (0x01b2f433) and     s0, t0, s11
core   0: 3 0x80006b56 (0x01b2f433) x8  0x00000000
core   0: 0x80006b5a (0x018bd313) srli    t1, s7, 24
core   0: 3 0x80006b5a (0x018bd313) x6  0x00000000
core   0: 0x80006b5e (0x03c18363) beq     gp, t3, pc + 38
core   0: 3 0x80006b5e (0x03c18363)
core   0: 0x80006b62 (0x02ad5663) bge     s10, a0, pc + 44
core   0: 3 0x80006b62 (0x02ad5663)
core   0: 0x80006b8e (0x0350acb3) mulhsu  s9, ra, s5
core   0: 3 0x80006b8e (0x0350acb3) x25 0x0000000d
core   0: 0x80006b92 (0x00009bfd) c.andi  a5, -1
core   0: 3 0x80006b92 (0x9bfd) x15 0x00000010
core   0: 0x80006b94 (0x03c2c263) blt     t0, t3, pc + 36
core   0: 3 0x80006b94 (0x03c2c263)
core   0: 0x80006b98 (0x00001a08) c.addi4spn a0, sp, 304
core   0: 3 0x80006b98 (0x1a08) x10 0x80007132
core   0: 0x80006b9a (0x340021f3) csrr    gp, mscratch
core   0: 3 0x80006b9a (0x340021f3) x3  0x00000016
core   0: 0x80006b9e (0xc0d46d93) ori     s11, s0, -1011
core   0: 3 0x80006b9e (0xc0d46d93) x27 0xfffffc0d
core   0: 0x80006ba2 (0x01db5a63) bge     s6, t4, pc + 20
core   0: 3 0x80006ba2 (0x01db5a63)
core   0: 0x80006ba6 (0x11c22b13) slti    s6, tp, 284
core   0: 3 0x80006ba6 (0x11c22b13) x22 0x00000001
core   0: 0x80006baa (0x00009bfd) c.andi  a5, -1
core   0: 3 0x80006baa (0x9bfd) x15 0x00000010
core   0: 0x80006bac (0xe5d9f993) andi    s3, s3, -419
core   0: 3 0x80006bac (0xe5d9f993) x19 0x00000018
core   0: 0x80006bb0 (0x34002e73) csrr    t3, mscratch
core   0: 3 0x80006bb0 (0x34002e73) x28 0x00000016
core   0: 0x80006bb4 (0x0000610d) c.addi16sp sp, 160
core   0: 3 0x80006bb4 (0x610d) x2  0x800070a2
core   0: 0x80006bb6 (0x00008e96) c.mv    t4, t0
core   0: 3 0x80006bb6 (0x8e96) x29 0x00015000
core   0: 0x80006bb8 (0x015a8833) add     a6, s5, s5
core   0: 3 0x80006bb8 (0x015a8833) x16 0x0000e7b6
core   0: 0x80006bbc (0x02e4e1b3) rem     gp, s1, a4
core   0: 3 0x80006bbc (0x02e4e1b3) x3  0x00000059
core   0: 0x80006bc0 (0x00006145) c.addi16sp sp, 48
core   0: 3 0x80006bc0 (0x6145) x2  0x800070d2
core   0: 0x80006bc2 (0x00000001) c.nop
core   0: 3 0x80006bc2 (0x0001)
core   0: 0x80006bc4 (0x00a79633) sll     a2, a5, a0
core   0: 3 0x80006bc4 (0x00a79633) x12 0x00400000
core   0: 0x80006bc8 (0x001a0c33) add     s8, s4, ra
core   0: 3 0x80006bc8 (0x001a0c33) x24 0x8001fe7e
core   0: 0x80006bcc (0x00008146) c.mv    sp, a7
core   0: 3 0x80006bcc (0x8146) x2  0x00000000
core   0: 0x80006bce (0x0000c021) c.beqz  s0, pc + 64
core   0: 3 0x80006bce (0xc021)
core   0: 0x80006c0e (0xec54c613) xori    a2, s1, -315
core   0: 3 0x80006c0e (0xec54c613) x12 0xfffffe9c
core   0: 0x80006c12 (0x02c59c33) mulh    s8, a1, a2
core   0: 3 0x80006c12 (0x02c59c33) x24 0x000000b1
core   0: 0x80006c16 (0x00008e1d) c.sub   a2, a5
core   0: 3 0x80006c16 (0x8e1d) x12 0xfffffe8c
core   0: 0x80006c18 (0x03ca0db3) mul     s11, s4, t3
core   0: 3 0x80006c18 (0x03ca0db3) x27 0x002bdc98
core   0: 0x80006c1c (0x00000c6a) c.slli  s8, 26
core   0: 3 0x80006c1c (0x0c6a) x24 0xc4000000
core   0: 0x80006c1e (0x00006d85) c.lui   s11, 0x1
core   0: 3 0x80006c1e (0x6d85) x27 0x00001000
core   0: 0x80006c20 (0x704d0213) addi    tp, s10, 1796
core   0: 3 0x80006c20 (0x704d0213) x4  0x00000704
core   0: 0x80006c24 (0x406888b3) sub     a7, a7, t1
core   0: 3 0x80006c24 (0x406888b3) x17 0x00000000
core   0: 0x80006c28 (0x0000717d) c.addi16sp sp, -16
core   0: 3 0x80006c28 (0x717d) x2  0xfffffff0
core   0: 0x80006c2a (0x0352c333) div     t1, t0, s5
core   0: 3 0x80006c2a (0x0352c333) x6  0x00000000
core   0: 0x80006c2e (0x00000001) c.nop
core   0: 3 0x80006c2e (0x0001)
core   0: 0x80006c30 (0x034be1b3) rem     gp, s7, s4
core   0: 3 0x80006c30 (0x034be1b3) x3  0x00000000
core   0: 0x80006c34 (0x00af8cb3) add     s9, t6, a0
core   0: 3 0x80006c34 (0x00af8cb3) x25 0x8000c132
core   0: 0x80006c38 (0x40630db3) sub     s11, t1, t1
core   0: 3 0x80006c38 (0x40630db3) x27 0x00000000
core   0: 0x80006c3c (0x02f2a1b3) mulhsu  gp, t0, a5
core   0: 3 0x80006c3c (0x02f2a1b3) x3  0x00000000
core   0: 0x80006c40 (0x00006459) c.lui   s0, 0x16
core   0: 3 0x80006c40 (0x6459) x8  0x00016000
core   0: 0x80006c42 (0x00008d65) c.and   a0, s1
core   0: 3 0x80006c42 (0x8d65) x10 0x00000010
core   0: 0x80006c44 (0xeaa12b13) slti    s6, sp, -342
core   0: 3 0x80006c44 (0xeaa12b13) x22 0x00000000
core   0: 0x80006c48 (0x0000100f) fence.i
core   0: 3 0x80006c48 (0x0000100f)
core   0: 0x80006c4c (0x0ff0000f) fence   iorw,iorw
core   0: 3 0x80006c4c (0x0ff0000f)
core   0: 0x80006c50 (0x031fd533) divu    a0, t6, a7
core   0: 3 0x80006c50 (0x031fd533) x10 0xffffffff
core   0: 0x80006c54 (0x00000001) c.nop
core   0: 3 0x80006c54 (0x0001)
core   0: 0x80006c56 (0x03669333) mulh    t1, a3, s6
core   0: 3 0x80006c56 (0x03669333) x6  0x00000000
core   0: 0x80006c5a (0xd2cf4b17) auipc   s6, 0xd2cf4
core   0: 3 0x80006c5a (0xd2cf4b17) x22 0x52cfac5a
core   0: 0x80006c5e (0x00008329) c.srli  a4, 10
core   0: 3 0x80006c5e (0x8329) x14 0x00000000
core   0: 0x80006c60 (0x40915333) sra     t1, sp, s1
core   0: 3 0x80006c60 (0x40915333) x6  0xffffffff
core   0: 0x80006c64 (0x00464563) blt     a2, tp, pc + 10
core   0: 3 0x80006c64 (0x00464563)
core   0: 0x80006c6e (0x00008005) c.srli  s0, 1
core   0: 3 0x80006c6e (0x8005) x8  0x0000b000
core   0: 0x80006c70 (0x00449a33) sll     s4, s1, tp
core   0: 3 0x80006c70 (0x00449a33) x20 0x00000590
core   0: 0x80006c74 (0x0188d4b3) srl     s1, a7, s8
core   0: 3 0x80006c74 (0x0188d4b3) x9  0x00000000
core   0: 0x80006c78 (0x340e6973) csrrsi  s2, mscratch, 28
core   0: 3 0x80006c78 (0x340e6973) x18 0x00000016 c832_mscratch 0x0000001e
core   0: 0x80006c7c (0x03e21733) mulh    a4, tp, t5
core   0: 3 0x80006c7c (0x03e21733) x14 0xffffffff
core   0: 0x80006c80 (0x022260b3) rem     ra, tp, sp
core   0: 3 0x80006c80 (0x022260b3) x1  0x00000004
core   0: 0x80006c84 (0x0ff0000f) fence   iorw,iorw
core   0: 3 0x80006c84 (0x0ff0000f)
core   0: 0x80006c88 (0x0000616d) c.addi16sp sp, 240
core   0: 3 0x80006c88 (0x616d) x2  0x000000e0
core   0: 0x80006c8a (0x340f2a73) csrrs   s4, mscratch, t5
core   0: 3 0x80006c8a (0x340f2a73) x20 0x0000001e c832_mscratch 0xffffffff
core   0: 0x80006c8e (0x0000891e) c.mv    s2, t2
core   0: 3 0x80006c8e (0x891e) x18 0x00000000
core   0: 0x80006c90 (0x0000111c) c.addi4spn a5, sp, 160
core   0: 3 0x80006c90 (0x111c) x15 0x00000180
core   0: 0x80006c92 (0x0141d963) bge     gp, s4, pc + 18
core   0: 3 0x80006c92 (0x0141d963)
core   0: 0x80006c96 (0x03af61b3) rem     gp, t5, s10
core   0: 3 0x80006c96 (0x03af61b3) x3  0xffffffff
core   0: 0x80006c9a (0x0000920a) c.add   tp, sp
core   0: 3 0x80006c9a (0x920a) x4  0x000007e4
core   0: 0x80006c9c (0x0000e11d) c.bnez  a0, pc + 38
core   0: 3 0x80006c9c (0xe11d)
core   0: 0x80006cc2 (0x00008d35) c.xor   a0, a3
core   0: 3 0x80006cc2 (0x8d35) x10 0x7ffdc31b
core   0: 0x80006cc4 (0x00afc663) blt     t6, a0, pc + 12
core   0: 3 0x80006cc4 (0x00afc663)
core   0: 0x80006cd0 (0x034ce4b3) rem     s1, s9, s4
core   0: 3 0x80006cd0 (0x034ce4b3) x9  0xffffffec
core   0: 0x80006cd4 (0x0008c133) xor     sp, a7, zero
core   0: 3 0x80006cd4 (0x0008c133) x2  0x00000000
core   0: 0x80006cd8 (0x036570b3) remu    ra, a0, s6
core   0: 3 0x80006cd8 (0x036570b3) x1  0x2d2e16c1
core   0: 0x80006cdc (0x030c74b3) remu    s1, s8, a6
core   0: 3 0x80006cdc (0x030c74b3) x9  0x0000a02e
core   0: 0x80006ce0 (0x004bc563) blt     s7, tp, pc + 10
core   0: 3 0x80006ce0 (0x004bc563)
core   0: 0x80006cea (0x0000527d) c.li    tp, -1
core   0: 3 0x80006cea (0x527d) x4  0xffffffff
core   0: 0x80006cec (0x00095f33) srl     t5, s2, zero
core   0: 3 0x80006cec (0x00095f33) x30 0x00000000
core   0: 0x80006cf0 (0x00006431) c.lui   s0, 0xc
core   0: 3 0x80006cf0 (0x6431) x8  0x0000c000
core   0: 0x80006cf2 (0x00008fd1) c.or    a5, a2
core   0: 3 0x80006cf2 (0x8fd1) x15 0xffffff8c
core   0: 0x80006cf4 (0x186ee313) ori     t1, t4, 390
core   0: 3 0x80006cf4 (0x186ee313) x6  0x00015186
core   0: 0x80006cf8 (0x0000cf19) c.beqz  a4, pc + 30
core   0: 3 0x80006cf8 (0xcf19)
core   0: 0x80006cfa (0x02694233) div     tp, s2, t1
core   0: 3 0x80006cfa (0x02694233) x4  0x00000000
core   0: 0x80006cfe (0x03794e33) div     t3, s2, s7
core   0: 3 0x80006cfe (0x03794e33) x28 0xffffffff
core   0: 0x80006d02 (0x00008c25) c.xor   s0, s1
core   0: 3 0x80006d02 (0x8c25) x8  0x0000602e
core   0: 0x80006d04 (0x41cad513) srai    a0, s5, 28
core   0: 3 0x80006d04 (0x41cad513) x10 0xfffffff8
core   0: 0x80006d08 (0x01f68733) add     a4, a3, t6
core   0: 3 0x80006d08 (0x01f68733) x14 0x80028ce4
core   0: 0x80006d0c (0x0000100f) fence.i
core   0: 3 0x80006d0c (0x0000100f)
core   0: 0x80006d10 (0x00008f29) c.xor   a4, a0
core   0: 3 0x80006d10 (0x8f29) x14 0x7ffd731c
core   0: 0x80006d12 (0x41435533) sra     a0, t1, s4
core   0: 3 0x80006d12 (0x41435533) x10 0x00000000
core   0: 0x80006d16 (0x01636bb3) or      s7, t1, s6
core   0: 3 0x80006d16 (0x01636bb3) x23 0x52cffdde
core   0: 0x80006d1a (0x00009bfd) c.andi  a5, -1
core   0: 3 0x80006d1a (0x9bfd) x15 0xffffff8c
core   0: 0x80006d1c (0x00409ab3) sll     s5, ra, tp
core   0: 3 0x80006d1c (0x00409ab3) x21 0x2d2e16c1
core   0: 0x80006d20 (0x1d26fc93) andi    s9, a3, 466
core   0: 3 0x80006d20 (0x1d26fc93) x25 0x000000c0
core   0: 0x80006d24 (0x01bee033) or      zero, t4, s11
core   0: 3 0x80006d24 (0x01bee033)
core   0: 0x80006d28 (0x0000100f) fence.i
core   0: 3 0x80006d28 (0x0000100f)
core   0: 0x80006d2c (0x019dc533) xor     a0, s11, s9
core   0: 3 0x80006d2c (0x019dc533) x10 0x000000c0
core   0: 0x80006d30 (0x0000cb09) c.beqz  a4, pc + 18
core   0: 3 0x80006d30 (0xcb09)
core   0: 0x80006d32 (0x07a24363) blt     tp, s10, pc + 102
core   0: 3 0x80006d32 (0x07a24363)
core   0: 0x80006d36 (0x340b2973) csrrs   s2, mscratch, s6
core   0: 3 0x80006d36 (0x340b2973) x18 0xffffffff c832_mscratch 0xffffffff
core   0: 0x80006d3a (0x00008c9d) c.sub   s1, a5
core   0: 3 0x80006d3a (0x8c9d) x9  0x0000a0a2
core   0: 0x80006d3c (0x34079df3) csrrw   s11, mscratch, a5
core   0: 3 0x80006d3c (0x34079df3) x27 0xffffffff c832_mscratch 0xffffff8c
core   0: 0x80006d40 (0x00000001) c.nop
core   0: 3 0x80006d40 (0x0001)
core   0: 0x80006d42 (0x00d5eb33) or      s6, a1, a3
core   0: 3 0x80006d42 (0x00d5eb33) x22 0x8003fee4
core   0: 0x80006d46 (0x01f18f33) add     t5, gp, t6
core   0: 3 0x80006d46 (0x01f18f33) x30 0x00004fff
core   0: 0x80006d4a (0x48293e13) sltiu   t3, s2, 1154
core   0: 3 0x80006d4a (0x48293e13) x28 0x00000000
core   0: 0x80006d4e (0x00008e09) c.sub   a2, a0
core   0: 3 0x80006d4e (0x8e09) x12 0xfffffdcc
core   0: 0x80006d50 (0x5185c497) auipc   s1, 0x5185c
core   0: 3 0x80006d50 (0x5185c497) x9  0xd1862d50
core   0: 0x80006d54 (0x03283eb3) mulhu   t4, a6, s2
core   0: 3 0x80006d54 (0x03283eb3) x29 0x0000e7b5
core   0: 0x80006d58 (0x01834763) blt     t1, s8, pc + 14
core   0: 3 0x80006d58 (0x01834763)
core   0: 0x80006d5c (0x00008bb1) c.andi  a5, 12
core   0: 3 0x80006d5c (0x8bb1) x15 0x0000000c
core   0: 0x80006d5e (0x02e83b33) mulhu   s6, a6, a4
core   0: 3 0x80006d5e (0x02e83b33) x22 0x000073d8
core   0: 0x80006d62 (0xbc072913) slti    s2, a4, -1088
core   0: 3 0x80006d62 (0xbc072913) x18 0x00000000
core   0: 0x80006d66 (0x740a0a13) addi    s4, s4, 1856
core   0: 3 0x80006d66 (0x740a0a13) x20 0x0000075e
core   0: 0x80006d6a (0x340032f3) csrrc   t0, mscratch, zero
core   0: 3 0x80006d6a (0x340032f3) x5  0xffffff8c
core   0: 0x80006d6e (0x00002c17) auipc   s8, 0x2
core   0: 3 0x80006d6e (0x00002c17) x24 0x80008d6e
core   0: 0x80006d72 (0xfbcc0c13) addi    s8, s8, -68
core   0: 3 0x80006d72 (0xfbcc0c13) x24 0x80008d2a
core   0: 0x80006d76 (0x412cd913) srai    s2, s9, 18
core   0: 3 0x80006d76 (0x412cd913) x18 0x00000000
core   0: 0x80006d7a (0xd64c0c13) addi    s8, s8, -668
core   0: 3 0x80006d7a (0xd64c0c13) x24 0x80008a8e
core   0: 0x80006d7e (0xb71b2a13) slti    s4, s6, -1167
core   0: 3 0x80006d7e (0xb71b2a13) x20 0x00000000
core   0: 0x80006d82 (0x00001ffd) c.addi  t6, -1
core   0: 3 0x80006d82 (0x1ffd) x31 0x00004fff
core   0: 0x80006d84 (0x00e2e663) bltu    t0, a4, pc + 12
core   0: 3 0x80006d84 (0x00e2e663)
core   0: 0x80006d88 (0x00b278b3) and     a7, tp, a1
core   0: 3 0x80006d88 (0x00b278b3) x17 0x00000000
core   0: 0x80006d8c (0x0316be33) mulhu   t3, a3, a7
core   0: 3 0x80006d8c (0x0316be33) x28 0x00000000
core   0: 0x80006d90 (0x29cc01e7) jalr    gp, s8, 668
core   0: 3 0x80006d90 (0x29cc01e7) x3  0x80006d94
core   0: 0x80008d2a (0x00001581) c.addi  a1, -32
core   0: 3 0x80008d2a (0x1581) x11 0x8001fe44
core   0: 0x80008d2c (0x00008231) c.srli  a2, 12
core   0: 3 0x80008d2c (0x8231) x12 0x000fffff
core   0: 0x80008d2e (0x035fccb3) div     s9, t6, s5
core   0: 3 0x80008d2e (0x035fccb3) x25 0x00000000
core   0: 0x80008d32 (0x000080d1) c.srli  s1, 20
core   0: 3 0x80008d32 (0x80d1) x9  0x00000d18
core   0: 0x80008d34 (0x02d09fb3) mulh    t6, ra, a3
core   0: 3 0x80008d34 (0x02d09fb3) x31 0xe96959ba
core   0: 0x80008d38 (0x0ff0000f) fence   iorw,iorw
core   0: 3 0x80008d38 (0x0ff0000f)
core   0: 0x80008d3c (0x0099b4b3) sltu    s1, s3, s1
core   0: 3 0x80008d3c (0x0099b4b3) x9  0x00000001
core   0: 0x80008d40 (0x0035a223) sw      gp, 4(a1)
core   0: 3 0x80008d40 (0x0035a223) mem 0x8001fe48 0x80006d94
core   0: 0x80008d44 (0x000018fd) c.addi  a7, -1
core   0: 3 0x80008d44 (0x18fd) x17 0xffffffff
core   0: 0x80008d46 (0x01fef4b3) and     s1, t4, t6
core   0: 3 0x80008d46 (0x01fef4b3) x9  0x000041b0
core   0: 0x80008d4a (0x018001ef) jal     gp, pc + 0x18
core   0: 3 0x80008d4a (0x018001ef) x3  0x80008d4e
core   0: 0x80008d62 (0x00002009) c.jal   pc + 2
core   0: 3 0x80008d62 (0x2009) x1  0x80008d64
core   0: 0x80008d64 (0x00002831) c.jal   pc + 28
core   0: 3 0x80008d64 (0x2831) x1  0x80008d66
core   0: 0x80008d80 (0x0000a019) c.j     pc + 6
core   0: 3 0x80008d80 (0xa019)
core   0: 0x80008d86 (0x000037ed) c.jal   pc - 22
core   0: 3 0x80008d86 (0x37ed) x1  0x80008d88
core   0: 0x80008d70 (0xffdff0ef) jal     pc - 0x4
core   0: 3 0x80008d70 (0xffdff0ef) x1  0x80008d74
core   0: 0x80008d6c (0xffbff2ef) jal     t0, pc - 0x6
core   0: 3 0x80008d6c (0xffbff2ef) x5  0x80008d70
core   0: 0x80008d66 (0x01c0036f) jal     t1, pc + 0x1c
core   0: 3 0x80008d66 (0x01c0036f) x6  0x80008d6a
core   0: 0x80008d82 (0x00003fdd) c.jal   pc - 10
core   0: 3 0x80008d82 (0x3fdd) x1  0x80008d84
core   0: 0x80008d78 (0x0180036f) jal     t1, pc + 0x18
core   0: 3 0x80008d78 (0x0180036f) x6  0x80008d7c
core   0: 0x80008d90 (0xffdff36f) jal     t1, pc - 0x4
core   0: 3 0x80008d90 (0xffdff36f) x6  0x80008d94
core   0: 0x80008d8c (0xff1ff46f) jal     s0, pc - 0x10
core   0: 3 0x80008d8c (0xff1ff46f) x8  0x80008d90
core   0: 0x80008d7c (0xffbffc6f) jal     s8, pc - 0x6
core   0: 3 0x80008d7c (0xffbffc6f) x24 0x80008d80
core   0: 0x80008d76 (0x0000b7dd) c.j     pc - 26
core   0: 3 0x80008d76 (0xb7dd)
core   0: 0x80008d5c (0x0000a039) c.j     pc + 14
core   0: 3 0x80008d5c (0xa039)
core   0: 0x80008d6a (0x00002839) c.jal   pc + 30
core   0: 3 0x80008d6a (0x2839) x1  0x80008d6c
core   0: 0x80008d88 (0x0000bfc1) c.j     pc - 48
core   0: 3 0x80008d88 (0xbfc1)
core   0: 0x80008d58 (0x01c004ef) jal     s1, pc + 0x1c
core   0: 3 0x80008d58 (0x01c004ef) x9  0x80008d5c
core   0: 0x80008d74 (0x0000a819) c.j     pc + 22
core   0: 3 0x80008d74 (0xa819)
core   0: 0x80008d8a (0x000037d1) c.jal   pc - 60
core   0: 3 0x80008d8a (0x37d1) x1  0x80008d8c
core   0: 0x80008d4e (0x00002801) c.jal   pc + 16
core   0: 3 0x80008d4e (0x2801) x1  0x80008d50
core   0: 0x80008d5e (0xff7ff56f) jal     a0, pc - 0xa
core   0: 3 0x80008d5e (0xff7ff56f) x10 0x80008d62
core   0: 0x80008d54 (0x030000ef) jal     pc + 0x30
core   0: 3 0x80008d54 (0x030000ef) x1  0x80008d58
core   0: 0x80008d84 (0x000037f1) c.jal   pc - 52
core   0: 3 0x80008d84 (0x37f1) x1  0x80008d86
core   0: 0x80008d50 (0x0440026f) jal     tp, pc + 0x44
core   0: 3 0x80008d50 (0x0440026f) x4  0x80008d54
core   0: 0x80008d94 (0x00000e31) c.addi  t3, 12
core   0: 3 0x80008d94 (0x0e31) x28 0x0000000c
core   0: 0x80008d96 (0x03230263) beq     t1, s2, pc + 36
core   0: 3 0x80008d96 (0x03230263)
core   0: 0x80008d9a (0x340154f3) csrrwi  s1, mscratch, 2
core   0: 3 0x80008d9a (0x340154f3) x9  0xffffff8c c832_mscratch 0x00000002
core   0: 0x80008d9e (0x262b1b97) auipc   s7, 0x262b1
core   0: 3 0x80008d9e (0x262b1b97) x23 0xa62b9d9e
core   0: 0x80008da2 (0x02134db3) div     s11, t1, ra
core   0: 3 0x80008da2 (0x02134db3) x27 0x00000000
core   0: 0x80008da6 (0x3408e973) csrrsi  s2, mscratch, 17
core   0: 3 0x80008da6 (0x3408e973) x18 0x00000002 c832_mscratch 0x00000013
core   0: 0x80008daa (0x41210fb3) sub     t6, sp, s2
core   0: 3 0x80008daa (0x41210fb3) x31 0xfffffffe
core   0: 0x80008dae (0x0148fc63) bgeu    a7, s4, pc + 24
core   0: 3 0x80008dae (0x0148fc63)
core   0: 0x80008dc6 (0x000094c6) c.add   s1, a7
core   0: 3 0x80008dc6 (0x94c6) x9  0xffffff8b
core   0: 0x80008dc8 (0x00001d98) c.addi4spn a4, sp, 752
core   0: 3 0x80008dc8 (0x1d98) x14 0x000002f0
core   0: 0x80008dca (0x03afbcb3) mulhu   s9, t6, s10
core   0: 3 0x80008dca (0x03afbcb3) x25 0x00000000
core   0: 0x80008dce (0x015fd413) srli    s0, t6, 21
core   0: 3 0x80008dce (0x015fd413) x8  0x000007ff
core   0: 0x80008dd2 (0x0137b7b3) sltu    a5, a5, s3
core   0: 3 0x80008dd2 (0x0137b7b3) x15 0x00000001
core   0: 0x80008dd6 (0x915a8097) auipc   ra, 0x915a8
core   0: 3 0x80008dd6 (0x915a8097) x1  0x115b0dd6
core   0: 0x80008dda (0x00008cf5) c.and   s1, a3
core   0: 3 0x80008dda (0x8cf5) x9  0x80023c80
core   0: 0x80008ddc (0x0ff0000f) fence   iorw,iorw
core   0: 3 0x80008ddc (0x0ff0000f)
core   0: 0x80008de0 (0x0000866d) c.srai  a2, 27
core   0: 3 0x80008de0 (0x866d) x12 0x00000000
core   0: 0x80008de2 (0x0ff0000f) fence   iorw,iorw
core   0: 3 0x80008de2 (0x0ff0000f)
core   0: 0x80008de6 (0x41fd52b3) sra     t0, s10, t6
core   0: 3 0x80008de6 (0x41fd52b3) x5  0x00000000
core   0: 0x80008dea (0x01091e13) slli    t3, s2, 16
core   0: 3 0x80008dea (0x01091e13) x28 0x00020000
core   0: 0x80008dee (0x12cf6493) ori     s1, t5, 300
core   0: 3 0x80008dee (0x12cf6493) x9  0x00004fff
core   0: 0x80008df2 (0x0000e20d) c.bnez  a2, pc + 34
core   0: 3 0x80008df2 (0xe20d)
core   0: 0x80008df4 (0x0000987d) c.andi  s0, -1
core   0: 3 0x80008df4 (0x987d) x8  0x000007ff
core   0: 0x80008df6 (0x40a35f93) srai    t6, t1, 10
core   0: 3 0x80008df6 (0x40a35f93) x31 0xffe00023
core   0: 0x80008dfa (0x02408233) mul     tp, ra, tp
core   0: 3 0x80008dfa (0x02408233) x4  0xd87f6838
core   0: 0x80008dfe (0x00c61263) bne     a2, a2, pc + 4
core   0: 3 0x80008dfe (0x00c61263)
core   0: 0x80008e02 (0x00009b7d) c.andi  a4, -1
core   0: 3 0x80008e02 (0x9b7d) x14 0x000002f0
core   0: 0x80008e04 (0x03604db3) div     s11, zero, s6
core   0: 3 0x80008e04 (0x03604db3) x27 0x00000000
core   0: 0x80008e08 (0x038487b3) mul     a5, s1, s8
core   0: 3 0x80008e08 (0x038487b3) x15 0xac377280
core   0: 0x80008e0c (0xe017a813) slti    a6, a5, -511
core   0: 3 0x80008e0c (0xe017a813) x16 0x00000001
core   0: 0x80008e10 (0x340594f3) csrrw   s1, mscratch, a1
core   0: 3 0x80008e10 (0x340594f3) x9  0x00000013 c832_mscratch 0x8001fe44
core   0: 0x80008e14 (0x0413c163) blt     t2, ra, pc + 66
core   0: 3 0x80008e14 (0x0413c163)
core   0: 0x80008e56 (0x0173ec63) bltu    t2, s7, pc + 24
core   0: 3 0x80008e56 (0x0173ec63)
core   0: 0x80008e6e (0x000088f5) c.andi  s1, 29
core   0: 3 0x80008e6e (0x88f5) x9  0x00000011
core   0: 0x80008e70 (0x03a16b63) bltu    sp, s10, pc + 54
core   0: 3 0x80008e70 (0x03a16b63)
core   0: 0x80008e74 (0x02bcbfb3) mulhu   t6, s9, a1
core   0: 3 0x80008e74 (0x02bcbfb3) x31 0x00000000
core   0: 0x80008e78 (0x0228e433) rem     s0, a7, sp
core   0: 3 0x80008e78 (0x0228e433) x8  0xffffffff
core   0: 0x80008e7c (0x010f69b3) or      s3, t5, a6
core   0: 3 0x80008e7c (0x010f69b3) x19 0x00004fff
core   0: 0x80008e80 (0x00008b81) c.andi  a5, 0
core   0: 3 0x80008e80 (0x8b81) x15 0x00000000
core   0: 0x80008e82 (0x02237033) remu    zero, t1, sp
core   0: 3 0x80008e82 (0x02237033)
core   0: 0x80008e86 (0x4127d2b3) sra     t0, a5, s2
core   0: 3 0x80008e86 (0x4127d2b3) x5  0x00000000
core   0: 0x80008e8a (0x014c7733) and     a4, s8, s4
core   0: 3 0x80008e8a (0x014c7733) x14 0x00000000
core   0: 0x80008e8e (0x04ce0063) beq     t3, a2, pc + 64
core   0: 3 0x80008e8e (0x04ce0063)
core   0: 0x80008e92 (0x0000547d) c.li    s0, -1
core   0: 3 0x80008e92 (0x547d) x8  0xffffffff
core   0: 0x80008e94 (0x033a7363) bgeu    s4, s3, pc + 38
core   0: 3 0x80008e94 (0x033a7363)
core   0: 0x80008e98 (0x01afe263) bltu    t6, s10, pc + 4
core   0: 3 0x80008e98 (0x01afe263)
core   0: 0x80008e9c (0x0000ed0d) c.bnez  a0, pc + 58
core   0: 3 0x80008e9c (0xed0d)
core   0: 0x80008ed6 (0x00000001) c.nop
core   0: 3 0x80008ed6 (0x0001)
core   0: 0x80008ed8 (0x00000922) c.slli  s2, 8
core   0: 3 0x80008ed8 (0x0922) x18 0x00000200
core   0: 0x80008eda (0x022caf33) mulhsu  t5, s9, sp
core   0: 3 0x80008eda (0x022caf33) x30 0x00000000
core   0: 0x80008ede (0x0045a183) lw      gp, 4(a1)
core   0: 3 0x80008ede (0x0045a183) x3  0x80006d94 mem 0x8001fe48
core   0: 0x80008ee2 (0x6b243113) sltiu   sp, s0, 1714
core   0: 3 0x80008ee2 (0x6b243113) x2  0x00000000
core   0: 0x80008ee6 (0x02058593) addi    a1, a1, 32
core   0: 3 0x80008ee6 (0x02058593) x11 0x8001fe64
core   0: 0x80008eea (0x000004a1) c.addi  s1, 8
core   0: 3 0x80008eea (0x04a1) x9  0x00000019
core   0: 0x80008eec (0x02c39bb3) mulh    s7, t2, a2
core   0: 3 0x80008eec (0x02c39bb3) x23 0x00000000
core   0: 0x80008ef0 (0x0ff0000f) fence   iorw,iorw
core   0: 3 0x80008ef0 (0x0ff0000f)
core   0: 0x80008ef4 (0x00118813) addi    a6, gp, 1
core   0: 3 0x80008ef4 (0x00118813) x16 0x80006d95
core   0: 0x80008ef8 (0x00080867) jalr    a6, a6, 0
core   0: 3 0x80008ef8 (0x00080867) x16 0x80008efc
core   0: 0x80006d94 (0x04a8f163) bgeu    a7, a0, pc + 66
core   0: 3 0x80006d94 (0x04a8f163)
core   0: 0x80006dd6 (0x031a34b3) mulhu   s1, s4, a7
core   0: 3 0x80006dd6 (0x031a34b3) x9  0x00000000
core   0: 0x80006dda (0x0000c811) c.beqz  s0, pc + 20
core   0: 3 0x80006dda (0xc811)
core   0: 0x80006ddc (0x007adb63) bge     s5, t2, pc + 22
core   0: 3 0x80006ddc (0x007adb63)
core   0: 0x80006df2 (0x0069d293) srli    t0, s3, 6
core   0: 3 0x80006df2 (0x0069d293) x5  0x0000013f
core   0: 0x80006df6 (0x8a014d13) xori    s10, sp, -1888
core   0: 3 0x80006df6 (0x8a014d13) x26 0xfffff8a0
core   0: 0x80006dfa (0xd8252f13) slti    t5, a0, -638
core   0: 3 0x80006dfa (0xd8252f13) x30 0x00000001
core   0: 0x80006dfe (0x00008041) c.srli  s0, 16
core   0: 3 0x80006dfe (0x8041) x8  0x0000ffff
core   0: 0x80006e00 (0x00000001) c.nop
core   0: 3 0x80006e00 (0x0001)
core   0: 0x80006e02 (0xbc71ce13) xori    t3, gp, -1081
core   0: 3 0x80006e02 (0xbc71ce13) x28 0x7fff9653
core   0: 0x80006e06 (0x03cbc863) blt     s7, t3, pc + 48
core   0: 3 0x80006e06 (0x03cbc863)
core   0: 0x80006e36 (0x400a8733) sub     a4, s5, zero
core   0: 3 0x80006e36 (0x400a8733) x14 0x2d2e16c1
core   0: 0x80006e3a (0x00000001) c.nop
core   0: 3 0x80006e3a (0x0001)
core   0: 0x80006e3c (0x412289b3) sub     s3, t0, s2
core   0: 3 0x80006e3c (0x412289b3) x19 0xffffff3f
core   0: 0x80006e40 (0x0104d833) srl     a6, s1, a6
core   0: 3 0x80006e40 (0x0104d833) x16 0x00000000
core   0: 0x80006e44 (0x0000c011) c.beqz  s0, pc + 4
core   0: 3 0x80006e44 (0xc011)
core   0: 0x80006e46 (0x00000001) c.nop
core   0: 3 0x80006e46 (0x0001)
core   0: 0x80006e48 (0x00000001) c.nop
core   0: 3 0x80006e48 (0x0001)
core   0: 0x80006e4a (0x033b8863) beq     s7, s3, pc + 48
core   0: 3 0x80006e4a (0x033b8863)
core   0: 0x80006e4e (0x01265e63) bge     a2, s2, pc + 28
core   0: 3 0x80006e4e (0x01265e63)
core   0: 0x80006e52 (0x3402b573) csrrc   a0, mscratch, t0
core   0: 3 0x80006e52 (0x3402b573) x10 0x8001fe44 c832_mscratch 0x8001fe40
core   0: 0x80006e56 (0x00d70533) add     a0, a4, a3
core   0: 3 0x80006e56 (0x00d70533) x10 0xad3053a5
core   0: 0x80006e5a (0x00bd60b3) or      ra, s10, a1
core   0: 3 0x80006e5a (0x00bd60b3) x1  0xfffffee4
core   0: 0x80006e5e (0x01170933) add     s2, a4, a7
core   0: 3 0x80006e5e (0x01170933) x18 0x2d2e16c0
core   0: 0x80006e62 (0x0ff0000f) fence   iorw,iorw
core   0: 3 0x80006e62 (0x0ff0000f)
core   0: 0x80006e66 (0x019de833) or      a6, s11, s9
core   0: 3 0x80006e66 (0x019de833) x16 0x00000000
core   0: 0x80006e6a (0x013f7863) bgeu    t5, s3, pc + 16
core   0: 3 0x80006e6a (0x013f7863)
core   0: 0x80006e6e (0x00008245) c.srli  a2, 17
core   0: 3 0x80006e6e (0x8245) x12 0x00000000
core   0: 0x80006e70 (0x0000c129) c.beqz  a0, pc + 66
core   0: 3 0x80006e70 (0xc129)
core   0: 0x80006e72 (0x02f649b3) div     s3, a2, a5
core   0: 3 0x80006e72 (0x02f649b3) x19 0xffffffff
core   0: 0x80006e76 (0x031fa533) mulhsu  a0, t6, a7
core   0: 3 0x80006e76 (0x031fa533) x10 0x00000000
core   0: 0x80006e7a (0x18a3ab93) slti    s7, t2, 394
core   0: 3 0x80006e7a (0x18a3ab93) x23 0x00000001
core   0: 0x80006e7e (0x000087ad) c.srai  a5, 11
core   0: 3 0x80006e7e (0x87ad) x15 0x00000000
core   0: 0x80006e80 (0x2038cd13) xori    s10, a7, 515
core   0: 3 0x80006e80 (0x2038cd13) x26 0xfffffdfc
core   0: 0x80006e84 (0x34007a73) csrrci  s4, mscratch, 0
core   0: 3 0x80006e84 (0x34007a73) x20 0x8001fe40
core   0: 0x80006e88 (0x02197733) remu    a4, s2, ra
core   0: 3 0x80006e88 (0x02197733) x14 0x2d2e16c0
core   0: 0x80006e8c (0x00000001) c.nop
core   0: 3 0x80006e8c (0x0001)
core   0: 0x80006e8e (0x0014edb3) or      s11, s1, ra
core   0: 3 0x80006e8e (0x0014edb3) x27 0xfffffee4
core   0: 0x80006e92 (0x0309be33) mulhu   t3, s3, a6
core   0: 3 0x80006e92 (0x0309be33) x28 0x00000000
core   0: 0x80006e96 (0x0000844d) c.srai  s0, 19
core   0: 3 0x80006e96 (0x844d) x8  0x00000000
core   0: 0x80006e98 (0x00000c29) c.addi  s8, 10
core   0: 3 0x80006e98 (0x0c29) x24 0x80008d8a
core   0: 0x80006e9a (0xb6bf4793) xori    a5, t5, -1173
core   0: 3 0x80006e9a (0xb6bf4793) x15 0xfffffb6a
core   0: 0x80006e9e (0x00008ae2) c.mv    s5, s8
core   0: 3 0x80006e9e (0x8ae2) x21 0x80008d8a
core   0: 0x80006ea0 (0x01785613) srli    a2, a6, 23
core   0: 3 0x80006ea0 (0x01785613) x12 0x00000000
core   0: 0x80006ea4 (0x01d6a2b3) slt     t0, a3, t4
core   0: 3 0x80006ea4 (0x01d6a2b3) x5  0x00000001
core   0: 0x80006ea8 (0x41a88eb3) sub     t4, a7, s10
core   0: 3 0x80006ea8 (0x41a88eb3) x29 0x00000203
core   0: 0x80006eac (0x1ceb0813) addi    a6, s6, 462
core   0: 3 0x80006eac (0x1ceb0813) x16 0x000075a6
core   0: 0x80006eb0 (0x00004705) c.li    a4, 1
core   0: 3 0x80006eb0 (0x4705) x14 0x00000001
core   0: 0x80006eb2 (0x02ce1cb3) mulh    s9, t3, a2
core   0: 3 0x80006eb2 (0x02ce1cb3) x25 0x00000000
core   0: 0x80006eb6 (0x00cc04b3) add     s1, s8, a2
core   0: 3 0x80006eb6 (0x00cc04b3) x9  0x80008d8a
core   0: 0x80006eba (0x032d0233) mul     tp, s10, s2
core   0: 3 0x80006eba (0x032d0233) x4  0xef1a2500
core   0: 0x80006ebe (0x0019f863) bgeu    s3, ra, pc + 16
core   0: 3 0x80006ebe (0x0019f863)
core   0: 0x80006ece (0x000098fd) c.andi  s1, -1
core   0: 3 0x80006ece (0x98fd) x9  0x80008d8a
core   0: 0x80006ed0 (0x00004749) c.li    a4, 18
core   0: 3 0x80006ed0 (0x4749) x14 0x00000012
core   0: 0x80006ed2 (0x00000305) c.addi  t1, 1
core   0: 3 0x80006ed2 (0x0305) x6  0x80008d95
core   0: 0x80006ed4 (0x01e86363) bltu    a6, t5, pc + 6
core   0: 3 0x80006ed4 (0x01e86363)
core   0: 0x80006ed8 (0x00004d0d) c.li    s10, 3
core   0: 3 0x80006ed8 (0x4d0d) x26 0x00000003
core   0: 0x80006eda (0x026afa63) bgeu    s5, t1, pc + 52
core   0: 3 0x80006eda (0x026afa63)
core   0: 0x80006ede (0x018fdb63) bge     t6, s8, pc + 22
core   0: 3 0x80006ede (0x018fdb63)
core   0: 0x80006ef4 (0x02300e33) mul     t3, zero, gp
core   0: 3 0x80006ef4 (0x02300e33) x28 0x00000000
core   0: 0x80006ef8 (0x0000c31d) c.beqz  a4, pc + 38
core   0: 3 0x80006ef8 (0xc31d)
core   0: 0x80006efa (0x03ec3d33) mulhu   s10, s8, t5
core   0: 3 0x80006efa (0x03ec3d33) x26 0x00000000
core   0: 0x80006efe (0x00000001) c.nop
core   0: 3 0x80006efe (0x0001)
core   0: 0x80006f00 (0x340ea873) csrrs   a6, mscratch, t4
core   0: 3 0x80006f00 (0x340ea873) x16 0x8001fe40 c832_mscratch 0x8001fe43
core   0: 0x80006f04 (0x03031a33) mulh    s4, t1, a6
core   0: 3 0x80006f04 (0x03031a33) x20 0x3ffeba16
core   0: 0x80006f08 (0x340cd873) csrrwi  a6, mscratch, 25
core   0: 3 0x80006f08 (0x340cd873) x16 0x8001fe43 c832_mscratch 0x00000019
core   0: 0x80006f0c (0x00006129) c.addi16sp sp, 192
core   0: 3 0x80006f0c (0x6129) x2  0x000000c0
core   0: 0x80006f0e (0x41fb5713) srai    a4, s6, 31
core   0: 3 0x80006f0e (0x41fb5713) x14 0x00000000
core   0: 0x80006f12 (0x023d6133) rem     sp, s10, gp
core   0: 3 0x80006f12 (0x023d6133) x2  0x00000000
core   0: 0x80006f16 (0xda7d4a93) xori    s5, s10, -601
core   0: 3 0x80006f16 (0xda7d4a93) x21 0xfffffda7
core   0: 0x80006f1a (0x036bb2b3) mulhu   t0, s7, s6
core   0: 3 0x80006f1a (0x036bb2b3) x5  0x00000000
core   0: 0x80006f1e (0x000042e5) c.li    t0, 25
core   0: 3 0x80006f1e (0x42e5) x5  0x00000019
core   0: 0x80006f20 (0x00004489) c.li    s1, 2
core   0: 3 0x80006f20 (0x4489) x9  0x00000002
core   0: 0x80006f22 (0x01d011b3) sll     gp, zero, t4
core   0: 3 0x80006f22 (0x01d011b3) x3  0x00000000
core   0: 0x80006f26 (0x00acc533) xor     a0, s9, a0
core   0: 3 0x80006f26 (0x00acc533) x10 0x00000000
core   0: 0x80006f2a (0x340bb7f3) csrrc   a5, mscratch, s7
core   0: 3 0x80006f2a (0x340bb7f3) x15 0x00000019 c832_mscratch 0x00000018
core   0: 0x80006f2e (0x340c62f3) csrrsi  t0, mscratch, 24
core   0: 3 0x80006f2e (0x340c62f3) x5  0x00000018 c832_mscratch 0x00000018
core   0: 0x80006f32 (0x0000100f) fence.i
core   0: 3 0x80006f32 (0x0000100f)
core   0: 0x80006f36 (0x00d59e13) slli    t3, a1, 13
core   0: 3 0x80006f36 (0x00d59e13) x28 0x3fcc8000
core   0: 0x80006f3a (0x3408d573) csrrwi  a0, mscratch, 17
core   0: 3 0x80006f3a (0x3408d573) x10 0x00000018 c832_mscratch 0x00000011
core   0: 0x80006f3e (0x00a5f8b3) and     a7, a1, a0
core   0: 3 0x80006f3e (0x00a5f8b3) x17 0x00000000
core   0: 0x80006f42 (0x34007af3) csrrci  s5, mscratch, 0
core   0: 3 0x80006f42 (0x34007af3) x21 0x00000011
core   0: 0x80006f46 (0x00008c31) c.xor   s0, a2
core   0: 3 0x80006f46 (0x8c31) x8  0x00000000
core   0: 0x80006f48 (0x0000ca11) c.beqz  a2, pc + 20
core   0: 3 0x80006f48 (0xca11)
core   0: 0x80006f5c (0x340039f3) csrrc   s3, mscratch, zero
core   0: 3 0x80006f5c (0x340039f3) x19 0x00000011
core   0: 0x80006f60 (0x00008c19) c.sub   s0, a4
core   0: 3 0x80006f60 (0x8c19) x8  0x00000000
core   0: 0x80006f62 (0x5cbf2a13) slti    s4, t5, 1483
core   0: 3 0x80006f62 (0x5cbf2a13) x20 0x00000001
core   0: 0x80006f66 (0x03875433) divu    s0, a4, s8
core   0: 3 0x80006f66 (0x03875433) x8  0x00000000
core   0: 0x80006f6a (0x00004861) c.li    a6, 24
core   0: 3 0x80006f6a (0x4861) x16 0x00000018
core   0: 0x80006f6c (0x00008f41) c.or    a4, s0
core   0: 3 0x80006f6c (0x8f41) x14 0x00000000
core   0: 0x80006f6e (0x19c62b17) auipc   s6, 0x19c62
core   0: 3 0x80006f6e (0x19c62b17) x22 0x99c68f6e
core   0: 0x80006f72 (0x00000b80) c.addi4spn s0, sp, 464
core   0: 3 0x80006f72 (0x0b80) x8  0x000001d0
core   0: 0x80006f74 (0x00001b00) c.addi4spn s0, sp, 432
core   0: 3 0x80006f74 (0x1b00) x8  0x000001b0
core   0: 0x80006f76 (0x00008d1d) c.sub   a0, a5
core   0: 3 0x80006f76 (0x8d1d) x10 0xffffffff
core   0: 0x80006f78 (0x00000a00) c.addi4spn s0, sp, 272
core   0: 3 0x80006f78 (0x0a00) x8  0x00000110
core   0: 0x80006f7a (0x010d72b3) and     t0, s10, a6
core   0: 3 0x80006f7a (0x010d72b3) x5  0x00000000
core   0: 0x80006f7e (0x412b5b93) srai    s7, s6, 18
core   0: 3 0x80006f7e (0x412b5b93) x23 0xffffe671
core   0: 0x80006f82 (0x02d08363) beq     ra, a3, pc + 38
core   0: 3 0x80006f82 (0x02d08363)
core   0: 0x80006f86 (0x00008e1d) c.sub   a2, a5
core   0: 3 0x80006f86 (0x8e1d) x12 0xffffffe7
core   0: 0x80006f88 (0x02515833) divu    a6, sp, t0
core   0: 3 0x80006f88 (0x02515833) x16 0xffffffff
core   0: 0x80006f8c (0x340b59f3) csrrwi  s3, mscratch, 22
core   0: 3 0x80006f8c (0x340b59f3) x19 0x00000011 c832_mscratch 0x00000016
core   0: 0x80006f90 (0x340f7cf3) csrrci  s9, mscratch, 30
core   0: 3 0x80006f90 (0x340f7cf3) x25 0x00000016 c832_mscratch 0x00000000
core   0: 0x80006f94 (0x014b5e93) srli    t4, s6, 20
core   0: 3 0x80006f94 (0x014b5e93) x29 0x0000099c
core   0: 0x80006f98 (0x02901163) bne     zero, s1, pc + 34
core   0: 3 0x80006f98 (0x02901163)
core   0: 0x80006fba (0x0000c90d) c.beqz  a0, pc + 50
core   0: 3 0x80006fba (0xc90d)
core   0: 0x80006fbc (0x00008762) c.mv    a4, s8
core   0: 3 0x80006fbc (0x8762) x14 0x80008d8a
core   0: 0x80006fbe (0x40b68733) sub     a4, a3, a1
core   0: 3 0x80006fbe (0x40b68733) x14 0x00003e80
core   0: 0x80006fc2 (0x03f8df63) bge     a7, t6, pc + 62
core   0: 3 0x80006fc2 (0x03f8df63)
core   0: 0x80007000 (0x00000001) c.nop
core   0: 3 0x80007000 (0x0001)
core   0: 0x80007002 (0x00006a5d) c.lui   s4, 0x17
core   0: 3 0x80007002 (0x6a5d) x20 0x00017000
core   0: 0x80007004 (0x00008c29) c.xor   s0, a0
core   0: 3 0x80007004 (0x8c29) x8  0xfffffeef
core   0: 0x80007006 (0x038001ef) jal     gp, pc + 0x38
core   0: 3 0x80007006 (0x038001ef) x3  0x8000700a
core   0: 0x8000703e (0xfdfff56f) jal     a0, pc - 0x22
core   0: 3 0x8000703e (0xfdfff56f) x10 0x80007042
core   0: 0x8000701c (0x0000a821) c.j     pc + 24
core   0: 3 0x8000701c (0xa821)
core   0: 0x80007034 (0xfe5ff0ef) jal     pc - 0x1c
core   0: 3 0x80007034 (0xfe5ff0ef) x1  0x80007038
core   0: 0x80007018 (0x016000ef) jal     pc + 0x16
core   0: 3 0x80007018 (0x016000ef) x1  0x8000701c
core   0: 0x8000702e (0x00002031) c.jal   pc + 12
core   0: 3 0x8000702e (0x2031) x1  0x80007030
core   0: 0x8000703a (0xfd9ff7ef) jal     a5, pc - 0x28
core   0: 3 0x8000703a (0xfd9ff7ef) x15 0x8000703e
core   0: 0x80007012 (0x0000bffd) c.j     pc - 2
core   0: 3 0x80007012 (0xbffd)
core   0: 0x80007010 (0x00003fed) c.jal   pc - 6
core   0: 3 0x80007010 (0x3fed) x1  0x80007012
core   0: 0x8000700a (0x0000200d) c.jal   pc + 34
core   0: 3 0x8000700a (0x200d) x1  0x8000700c
core   0: 0x8000702c (0x0000b7c5) c.j     pc - 32
core   0: 3 0x8000702c (0xb7c5)
core   0: 0x8000700c (0x0000a015) c.j     pc + 36
core   0: 3 0x8000700c (0xa015)
core   0: 0x80007030 (0x012001ef) jal     gp, pc + 0x12
core   0: 3 0x80007030 (0x012001ef) x3  0x80007034
core   0: 0x80007042 (0xfe5ff36f) jal     t1, pc - 0x1c
core   0: 3 0x80007042 (0xfe5ff36f) x6  0x80007046
core   0: 0x80007026 (0xfe9ff0ef) jal     pc - 0x18
core   0: 3 0x80007026 (0xfe9ff0ef) x1  0x8000702a
core   0: 0x8000700e (0x00002809) c.jal   pc + 18
core   0: 3 0x8000700e (0x2809) x1  0x80007010
core   0: 0x80007020 (0xff5ff0ef) jal     pc - 0xc
core   0: 3 0x80007020 (0xff5ff0ef) x1  0x80007024
core   0: 0x80007014 (0x01000eef) jal     t4, pc + 0x10
core   0: 3 0x80007014 (0x01000eef) x29 0x80007018
core   0: 0x80007024 (0x0000bfed) c.j     pc - 6
core   0: 3 0x80007024 (0xbfed)
core   0: 0x8000701e (0x00002031) c.jal   pc + 12
core   0: 3 0x8000701e (0x2031) x1  0x80007020
core   0: 0x8000702a (0x0000a039) c.j     pc + 14
core   0: 3 0x8000702a (0xa039)
core   0: 0x80007038 (0x0000a039) c.j     pc + 14
core   0: 3 0x80007038 (0xa039)
core   0: 0x80007046 (0x0000717d) c.addi16sp sp, -16
core   0: 3 0x80007046 (0x717d) x2  0xfffffff0
core   0: 0x80007048 (0x00009bfd) c.andi  a5, -1
core   0: 3 0x80007048 (0x9bfd) x15 0x8000703e
core   0: 0x8000704a (0x000040ed) c.li    ra, 27
core   0: 3 0x8000704a (0x40ed) x1  0x0000001b
core   0: 0x8000704c (0x340c5273) csrrwi  tp, mscratch, 24
core   0: 3 0x8000704c (0x340c5273) x4  0x00000000 c832_mscratch 0x00000018
core   0: 0x80007050 (0x34036bf3) csrrsi  s7, mscratch, 6
core   0: 3 0x80007050 (0x34036bf3) x23 0x00000018 c832_mscratch 0x0000001e
core   0: 0x80007054 (0x00006165) c.addi16sp sp, 112
core   0: 3 0x80007054 (0x6165) x2  0x00000060
core   0: 0x80007056 (0x00000001) c.nop
core   0: 3 0x80007056 (0x0001)
core   0: 0x80007058 (0x3404b673) csrrc   a2, mscratch, s1
core   0: 3 0x80007058 (0x3404b673) x12 0x0000001e c832_mscratch 0x0000001c
core   0: 0x8000705c (0x0156d333) srl     t1, a3, s5
core   0: 3 0x8000705c (0x0156d333) x6  0x00004001
core   0: 0x80007060 (0x00009bfd) c.andi  a5, -1
core   0: 3 0x80007060 (0x9bfd) x15 0x8000703e
core   0: 0x80007062 (0x02e05933) divu    s2, zero, a4
core   0: 3 0x80007062 (0x02e05933) x18 0x00000000
core   0: 0x80007066 (0x02a68263) beq     a3, a0, pc + 36
core   0: 3 0x80007066 (0x02a68263)
core   0: 0x8000706a (0x0133a9b3) slt     s3, t2, s3
core   0: 3 0x8000706a (0x0133a9b3) x19 0x00000001
core   0: 0x8000706e (0x02ecf733) remu    a4, s9, a4
core   0: 3 0x8000706e (0x02ecf733) x14 0x00000016
core   0: 0x80007072 (0x029601b3) mul     gp, a2, s1
core   0: 3 0x80007072 (0x029601b3) x3  0x0000003c
core   0: 0x80007076 (0x00008fc9) c.or    a5, a0
core   0: 3 0x80007076 (0x8fc9) x15 0x8000707e
core   0: 0x80007078 (0x00008fb1) c.xor   a5, a2
core   0: 3 0x80007078 (0x8fb1) x15 0x80007060
core   0: 0x8000707a (0x00c15f33) srl     t5, sp, a2
core   0: 3 0x8000707a (0x00c15f33) x30 0x00000000
core   0: 0x8000707e (0x417ad093) srai    ra, s5, 23
core   0: 3 0x8000707e (0x417ad093) x1  0x00000000
core   0: 0x80007082 (0x00000419) c.addi  s0, 6
core   0: 3 0x80007082 (0x0419) x8  0xfffffef5
core   0: 0x80007084 (0x00000fd6) c.slli  t6, 21
core   0: 3 0x80007084 (0x0fd6) x31 0x00000000
core   0: 0x80007086 (0x03fc42b3) div     t0, s8, t6
core   0: 3 0x80007086 (0x03fc42b3) x5  0xffffffff
core   0: 0x8000708a (0x0000100f) fence.i
core   0: 3 0x8000708a (0x0000100f)
core   0: 0x8000708e (0x64307c37) lui     s8, 0x64307
core   0: 3 0x8000708e (0x64307c37) x24 0x64307000
core   0: 0x80007092 (0x011d1793) slli    a5, s10, 17
core   0: 3 0x80007092 (0x011d1793) x15 0x00000000
core   0: 0x80007096 (0x0ed4c993) xori    s3, s1, 237
core   0: 3 0x80007096 (0x0ed4c993) x19 0x000000ef
core   0: 0x8000709a (0x053ce363) bltu    s9, s3, pc + 70
core   0: 3 0x8000709a (0x053ce363)
core   0: 0x800070e0 (0x00000001) c.nop
core   0: 3 0x800070e0 (0x0001)
core   0: 0x800070e2 (0xd7161f97) auipc   t6, 0xd7161
core   0: 3 0x800070e2 (0xd7161f97) x31 0x571680e2
core   0: 0x800070e6 (0x4a628d37) lui     s10, 0x4a628
core   0: 3 0x800070e6 (0x4a628d37) x26 0x4a628000
core   0: 0x800070ea (0x00009aea) c.add   s5, s10
core   0: 3 0x800070ea (0x9aea) x21 0x4a628011
core   0: 0x800070ec (0x03acebb3) rem     s7, s9, s10
core   0: 3 0x800070ec (0x03acebb3) x23 0x00000016
core   0: 0x800070f0 (0x0000875d) c.srai  a4, 23
core   0: 3 0x800070f0 (0x875d) x14 0x00000000
core   0: 0x800070f2 (0x018b64b3) or      s1, s6, s8
core   0: 3 0x800070f2 (0x018b64b3) x9  0xfdf6ff6e
core   0: 0x800070f6 (0x00000001) c.nop
core   0: 3 0x800070f6 (0x0001)
core   0: 0x800070f8 (0x008d3cb3) sltu    s9, s10, s0
core   0: 3 0x800070f8 (0x008d3cb3) x25 0x00000001
core   0: 0x800070fc (0x00032eb3) slt     t4, t1, zero
core   0: 3 0x800070fc (0x00032eb3) x29 0x00000000
core   0: 0x80007100 (0x62557c13) andi    s8, a0, 1573
core   0: 3 0x80007100 (0x62557c13) x24 0x00000000
core   0: 0x80007104 (0x00006815) c.lui   a6, 0x5
core   0: 3 0x80007104 (0x6815) x16 0x00005000
core   0: 0x80007106 (0x013d0b63) beq     s10, s3, pc + 22
core   0: 3 0x80007106 (0x013d0b63)
core   0: 0x8000710a (0x00abd463) bge     s7, a0, pc + 8
core   0: 3 0x8000710a (0x00abd463)
core   0: 0x80007112 (0x00008662) c.mv    a2, s8
core   0: 3 0x80007112 (0x8662) x12 0x00000000
core   0: 0x80007114 (0x415c5fb3) sra     t6, s8, s5
core   0: 3 0x80007114 (0x415c5fb3) x31 0x00000000
core   0: 0x80007118 (0x2750a793) slti    a5, ra, 629
core   0: 3 0x80007118 (0x2750a793) x15 0x00000001
core   0: 0x8000711c (0x41805413) srai    s0, zero, 24
core   0: 3 0x8000711c (0x41805413) x8  0x00000000
core   0: 0x80007120 (0x1025c793) xori    a5, a1, 258
core   0: 3 0x80007120 (0x1025c793) x15 0x8001ff66
core   0: 0x80007124 (0x0000016e) c.slli  sp, 27
core   0: 3 0x80007124 (0x016e) x2  0x00000000
core   0: 0x80007126 (0x4d4d2793) slti    a5, s10, 1236
core   0: 3 0x80007126 (0x4d4d2793) x15 0x00000000
core   0: 0x8000712a (0x00008d25) c.xor   a0, s1
core   0: 3 0x8000712a (0x8d25) x10 0x7df68f2c
core   0: 0x8000712c (0x00004b41) c.li    s6, 16
core   0: 3 0x8000712c (0x4b41) x22 0x00000010
core   0: 0x8000712e (0x002f7b63) bgeu    t5, sp, pc + 22
core   0: 3 0x8000712e (0x002f7b63)
core   0: 0x80007144 (0x34003cf3) csrrc   s9, mscratch, zero
core   0: 3 0x80007144 (0x34003cf3) x25 0x0000001c
core   0: 0x80007148 (0x40cf5333) sra     t1, t5, a2
core   0: 3 0x80007148 (0x40cf5333) x6  0x00000000
core   0: 0x8000714c (0x01ecdcb3) srl     s9, s9, t5
core   0: 3 0x8000714c (0x01ecdcb3) x25 0x0000001c
core   0: 0x80007150 (0x405bdc13) srai    s8, s7, 5
core   0: 3 0x80007150 (0x405bdc13) x24 0x00000000
core   0: 0x80007154 (0x0325d633) divu    a2, a1, s2
core   0: 3 0x80007154 (0x0325d633) x12 0xffffffff
core   0: 0x80007158 (0x0000100f) fence.i
core   0: 3 0x80007158 (0x0000100f)
core   0: 0x8000715c (0x402bdf93) srai    t6, s7, 2
core   0: 3 0x8000715c (0x402bdf93) x31 0x00000005
core   0: 0x80007160 (0x34007873) csrrci  a6, mscratch, 0
core   0: 3 0x80007160 (0x34007873) x16 0x0000001c
core   0: 0x80007164 (0x00001bfd) c.addi  s7, -1
core   0: 3 0x80007164 (0x1bfd) x23 0x00000015
core   0: 0x80007166 (0x01650ab3) add     s5, a0, s6
core   0: 3 0x80007166 (0x01650ab3) x21 0x7df68f3c
core   0: 0x8000716a (0x34003173) csrrc   sp, mscratch, zero
core   0: 3 0x8000716a (0x34003173) x2  0x0000001c
core   0: 0x8000716e (0x00edbb33) sltu    s6, s11, a4
core   0: 3 0x8000716e (0x00edbb33) x22 0x00000000
core   0: 0x80007172 (0x000099ba) c.add   s3, a4
core   0: 3 0x80007172 (0x99ba) x19 0x000000ef
core   0: 0x80007174 (0x40f808b3) sub     a7, a6, a5
core   0: 3 0x80007174 (0x40f808b3) x17 0x0000001c
core   0: 0x80007178 (0x02ab8933) mul     s2, s7, a0
core   0: 3 0x80007178 (0x02ab8933) x18 0x5539be9c
core   0: 0x8000717c (0x40820fb3) sub     t6, tp, s0
core   0: 3 0x8000717c (0x40820fb3) x31 0x00000000
core   0: 0x80007180 (0x41cd5533) sra     a0, s10, t3
core   0: 3 0x80007180 (0x41cd5533) x10 0x4a628000
core   0: 0x80007184 (0x00008d12) c.mv    s10, tp
core   0: 3 0x80007184 (0x8d12) x26 0x00000000
core   0: 0x80007186 (0x0000091c) c.addi4spn a5, sp, 144
core   0: 3 0x80007186 (0x091c) x15 0x000000ac
core   0: 0x80007188 (0x0100b4b3) sltu    s1, ra, a6
core   0: 3 0x80007188 (0x0100b4b3) x9  0x00000001
core   0: 0x8000718c (0x00000001) c.nop
core   0: 3 0x8000718c (0x0001)
core   0: 0x8000718e (0x03b1e9b3) rem     s3, gp, s11
core   0: 3 0x8000718e (0x03b1e9b3) x19 0x0000003c
core   0: 0x80007192 (0x038e3433) mulhu   s0, t3, s8
core   0: 3 0x80007192 (0x038e3433) x8  0x00000000
core   0: 0x80007196 (0x0249d633) divu    a2, s3, tp
core   0: 3 0x80007196 (0x0249d633) x12 0xffffffff
core   0: 0x8000719a (0x03ee8bb3) mul     s7, t4, t5
core   0: 3 0x8000719a (0x03ee8bb3) x23 0x00000000
core   0: 0x8000719e (0x02fd4933) div     s2, s10, a5
core   0: 3 0x8000719e (0x02fd4933) x18 0x00000000
core   0: 0x800071a2 (0x000084e9) c.srai  s1, 26
core   0: 3 0x800071a2 (0x84e9) x9  0x00000000
core   0: 0x800071a4 (0x014001ef) jal     gp, pc + 0x14
core   0: 3 0x800071a4 (0x014001ef) x3  0x800071a8
core   0: 0x800071b8 (0x00003ff5) c.jal   pc - 4
core   0: 3 0x800071b8 (0x3ff5) x1  0x800071ba
core   0: 0x800071b4 (0x006000ef) jal     pc + 0x6
core   0: 3 0x800071b4 (0x006000ef) x1  0x800071b8
core   0: 0x800071ba (0x00002005) c.jal   pc + 32
core   0: 3 0x800071ba (0x2005) x1  0x800071bc
core   0: 0x800071da (0x0000a011) c.j     pc + 4
core   0: 3 0x800071da (0xa011)
core   0: 0x800071de (0x0000b7cd) c.j     pc - 30
core   0: 3 0x800071de (0xb7cd)
core   0: 0x800071c0 (0x02c000ef) jal     pc + 0x2c
core   0: 3 0x800071c0 (0x02c000ef) x1  0x800071c4
core   0: 0x800071ec (0xfc7ff0ef) jal     pc - 0x3a
core   0: 3 0x800071ec (0xfc7ff0ef) x1  0x800071f0
core   0: 0x800071b2 (0x00003fdd) c.jal   pc - 10
core   0: 3 0x800071b2 (0x3fdd) x1  0x800071b4
core   0: 0x800071a8 (0x02a000ef) jal     pc + 0x2a
core   0: 3 0x800071a8 (0x02a000ef) x1  0x800071ac
core   0: 0x800071d2 (0x0000a039) c.j     pc + 14
core   0: 3 0x800071d2 (0xa039)
core   0: 0x800071e0 (0x000037f1) c.jal   pc - 52
core   0: 3 0x800071e0 (0x37f1) x1  0x800071e2
core   0: 0x800071ac (0x00002801) c.jal   pc + 16
core   0: 3 0x800071ac (0x2801) x1  0x800071ae
core   0: 0x800071bc (0x0000a035) c.j     pc + 44
core   0: 3 0x800071bc (0xa035)
core   0: 0x800071e8 (0x00003ffd) c.jal   pc - 2
core   0: 3 0x800071e8 (0x3ffd) x1  0x800071ea
core   0: 0x800071e6 (0x00003ff9) c.jal   pc - 34
core   0: 3 0x800071e6 (0x3ff9) x1  0x800071e8
core   0: 0x800071c4 (0x00a00aef) jal     s5, pc + 0xa
core   0: 3 0x800071c4 (0x00a00aef) x21 0x800071c8
core   0: 0x800071ce (0x014000ef) jal     pc + 0x14
core   0: 3 0x800071ce (0x014000ef) x1  0x800071d2
core   0: 0x800071e2 (0x0080036f) jal     t1, pc + 0x8
core   0: 3 0x800071e2 (0x0080036f) x6  0x800071e6
core   0: 0x800071ea (0x000037d9) c.jal   pc - 58
core   0: 3 0x800071ea (0x37d9) x1  0x800071ec
core   0: 0x800071b0 (0x0000a089) c.j     pc + 66
core   0: 3 0x800071b0 (0xa089)
core   0: 0x800071f2 (0xfe3ff36f) jal     t1, pc - 0x1e
core   0: 3 0x800071f2 (0xfe3ff36f) x6  0x800071f6
core   0: 0x800071d4 (0x0000a00d) c.j     pc + 34
core   0: 3 0x800071d4 (0xa00d)
core   0: 0x800071f6 (0x0000bfc9) c.j     pc - 46
core   0: 3 0x800071f6 (0xbfc9)
core   0: 0x800071c8 (0x028000ef) jal     pc + 0x28
core   0: 3 0x800071c8 (0x028000ef) x1  0x800071cc
core   0: 0x800071f0 (0x0000bff1) c.j     pc - 36
core   0: 3 0x800071f0 (0xbff1)
core   0: 0x800071cc (0x0000b7cd) c.j     pc - 30
core   0: 3 0x800071cc (0xb7cd)
core   0: 0x800071ae (0x00002801) c.jal   pc + 16
core   0: 3 0x800071ae (0x2801) x1  0x800071b0
core   0: 0x800071be (0x00002821) c.jal   pc + 24
core   0: 3 0x800071be (0x2821) x1  0x800071c0
core   0: 0x800071d6 (0x00600eef) jal     t4, pc + 0x6
core   0: 3 0x800071d6 (0x00600eef) x29 0x800071da
core   0: 0x800071dc (0x00002831) c.jal   pc + 28
core   0: 3 0x800071dc (0x2831) x1  0x800071de
core   0: 0x800071f8 (0x01549313) slli    t1, s1, 21
core   0: 3 0x800071f8 (0x01549313) x6  0x00000000
core   0: 0x800071fc (0x00006429) c.lui   s0, 0xa
core   0: 3 0x800071fc (0x6429) x8  0x0000a000
core   0: 0x800071fe (0x00000001) c.nop
core   0: 3 0x800071fe (0x0001)
core   0: 0x80007200 (0x00009bfd) c.andi  a5, -1
core   0: 3 0x80007200 (0x9bfd) x15 0x000000ac
core   0: 0x80007202 (0x030e22b3) mulhsu  t0, t3, a6
core   0: 3 0x80007202 (0x030e22b3) x5  0x00000006
core   0: 0x80007206 (0x00000756) c.slli  a4, 21
core   0: 3 0x80007206 (0x0756) x14 0x00000000
core   0: 0x80007208 (0x0164b1b3) sltu    gp, s1, s6
core   0: 3 0x80007208 (0x0164b1b3) x3  0x00000000
core   0: 0x8000720c (0x0363f833) remu    a6, t2, s6
core   0: 3 0x8000720c (0x0363f833) x16 0x00000000
core   0: 0x80007210 (0x01a69a93) slli    s5, a3, 26
core   0: 3 0x80007210 (0x01a69a93) x21 0x90000000
core   0: 0x80007214 (0x41665d13) srai    s10, a2, 22
core   0: 3 0x80007214 (0x41665d13) x26 0xffffffff
core   0: 0x80007218 (0x0233bf33) mulhu   t5, t2, gp
core   0: 3 0x80007218 (0x0233bf33) x30 0x00000000
core   0: 0x8000721c (0x03f8b733) mulhu   a4, a7, t6
core   0: 3 0x8000721c (0x03f8b733) x14 0x00000000
core   0: 0x80007220 (0x01dddcb3) srl     s9, s11, t4
core   0: 3 0x80007220 (0x01dddcb3) x25 0x0000003f
core   0: 0x80007224 (0x0000098a) c.slli  s3, 2
core   0: 3 0x80007224 (0x098a) x19 0x000000f0
core   0: 0x80007226 (0x41135ab3) sra     s5, t1, a7
core   0: 3 0x80007226 (0x41135ab3) x21 0x00000000
core   0: 0x8000722a (0x0ff0000f) fence   iorw,iorw
core   0: 3 0x8000722a (0x0ff0000f)
core   0: 0x8000722e (0x02132bb3) mulhsu  s7, t1, ra
core   0: 3 0x8000722e (0x02132bb3) x23 0x00000000
core   0: 0x80007232 (0x34003373) csrrc   t1, mscratch, zero
core   0: 3 0x80007232 (0x34003373) x6  0x0000001c
core   0: 0x80007236 (0x02d7c463) blt     a5, a3, pc + 40
core   0: 3 0x80007236 (0x02d7c463)
core   0: 0x8000723a (0x03813633) mulhu   a2, sp, s8
core   0: 3 0x8000723a (0x03813633) x12 0x00000000
core   0: 0x8000723e (0x00ef1713) slli    a4, t5, 14
core   0: 3 0x8000723e (0x00ef1713) x14 0x00000000
core   0: 0x80007242 (0x00bf2133) slt     sp, t5, a1
core   0: 3 0x80007242 (0x00bf2133) x2  0x00000000
core   0: 0x80007246 (0x0000892d) c.andi  a0, 11
core   0: 3 0x80007246 (0x892d) x10 0x00000000
core   0: 0x80007248 (0x0033d993) srli    s3, t2, 3
core   0: 3 0x80007248 (0x0033d993) x19 0x00000000
core   0: 0x8000724c (0x00008f15) c.sub   a4, a3
core   0: 3 0x8000724c (0x8f15) x14 0x7ffdc31c
core   0: 0x8000724e (0x037e6db3) rem     s11, t3, s7
core   0: 3 0x8000724e (0x037e6db3) x27 0x3fcc8000
core   0: 0x80007252 (0x34099a73) csrrw   s4, mscratch, s3
core   0: 3 0x80007252 (0x34099a73) x20 0x0000001c c832_mscratch 0x00000000
core   0: 0x80007256 (0x41275133) sra     sp, a4, s2
core   0: 3 0x80007256 (0x41275133) x2  0x7ffdc31c
core   0: 0x8000725a (0x00ed9b13) slli    s6, s11, 14
core   0: 3 0x8000725a (0x00ed9b13) x22 0x20000000
core   0: 0x8000725e (0x00b7f863) bgeu    a5, a1, pc + 16
core   0: 3 0x8000725e (0x00b7f863)
core   0: 0x80007262 (0x00008c8d) c.sub   s1, a1
core   0: 3 0x80007262 (0x8c8d) x9  0x7ffe019c
core   0: 0x80007264 (0x039bb533) mulhu   a0, s7, s9
core   0: 3 0x80007264 (0x039bb533) x10 0x00000000
core   0: 0x80007268 (0x00009bfd) c.andi  a5, -1
core   0: 3 0x80007268 (0x9bfd) x15 0x000000ac
core   0: 0x8000726a (0x34003473) csrrc   s0, mscratch, zero
core   0: 3 0x8000726a (0x34003473) x8  0x00000000
core   0: 0x8000726e (0x40495193) srai    gp, s2, 4
core   0: 3 0x8000726e (0x40495193) x3  0x00000000
core   0: 0x80007272 (0x00008fa9) c.xor   a5, a0
core   0: 3 0x80007272 (0x8fa9) x15 0x000000ac
core   0: 0x80007274 (0x01fd1793) slli    a5, s10, 31
core   0: 3 0x80007274 (0x01fd1793) x15 0x80000000
core   0: 0x80007278 (0x023ceb33) rem     s6, s9, gp
core   0: 3 0x80007278 (0x023ceb33) x22 0x0000003f
core   0: 0x8000727c (0x0000c019) c.beqz  s0, pc + 6
core   0: 3 0x8000727c (0xc019)
core   0: 0x80007282 (0x34003473) csrrc   s0, mscratch, zero
core   0: 3 0x80007282 (0x34003473) x8  0x00000000
core   0: 0x80007286 (0x002d42b3) xor     t0, s10, sp
core   0: 3 0x80007286 (0x002d42b3) x5  0x80023ce3
core   0: 0x8000728a (0xef13bc97) auipc   s9, 0xef13b
core   0: 3 0x8000728a (0xef13bc97) x25 0x6f14228a
core   0: 0x8000728e (0x41545a33) sra     s4, s0, s5
core   0: 3 0x8000728e (0x41545a33) x20 0x00000000
core   0: 0x80007292 (0x40358c33) sub     s8, a1, gp
core   0: 3 0x80007292 (0x40358c33) x24 0x8001fe64
core   0: 0x80007296 (0x03927db3) remu    s11, tp, s9
core   0: 3 0x80007296 (0x03927db3) x27 0x00000000
core   0: 0x8000729a (0x02284bb3) div     s7, a6, sp
core   0: 3 0x8000729a (0x02284bb3) x23 0x00000000
core   0: 0x8000729e (0x00008f3d) c.xor   a4, a5
core   0: 3 0x8000729e (0x8f3d) x14 0xfffdc31c
core   0: 0x800072a0 (0x0066a833) slt     a6, a3, t1
core   0: 3 0x800072a0 (0x0066a833) x16 0x00000001
core   0: 0x800072a4 (0x00dc9d93) slli    s11, s9, 13
core   0: 3 0x800072a4 (0x00dc9d93) x27 0x84514000
core   0: 0x800072a8 (0x40aa58b3) sra     a7, s4, a0
core   0: 3 0x800072a8 (0x40aa58b3) x17 0x00000000
core   0: 0x800072ac (0x340e9373) csrrw   t1, mscratch, t4
core   0: 3 0x800072ac (0x340e9373) x6  0x00000000 c832_mscratch 0x800071da
core   0: 0x800072b0 (0x02a32e33) mulhsu  t3, t1, a0
core   0: 3 0x800072b0 (0x02a32e33) x28 0x00000000
core   0: 0x800072b4 (0x36a3f837) lui     a6, 0x36a3f
core   0: 3 0x800072b4 (0x36a3f837) x16 0x36a3f000
core   0: 0x800072b8 (0x34079373) csrrw   t1, mscratch, a5
core   0: 3 0x800072b8 (0x34079373) x6  0x800071da c832_mscratch 0x80000000
core   0: 0x800072bc (0x340abb73) csrrc   s6, mscratch, s5
core   0: 3 0x800072bc (0x340abb73) x22 0x80000000 c832_mscratch 0x80000000
core   0: 0x800072c0 (0x036c40b3) div     ra, s8, s6
core   0: 3 0x800072c0 (0x036c40b3) x1  0x00000000
core   0: 0x800072c4 (0x0150ca33) xor     s4, ra, s5
core   0: 3 0x800072c4 (0x0150ca33) x20 0x00000000
core   0: 0x800072c8 (0xef188913) addi    s2, a7, -271
core   0: 3 0x800072c8 (0xef188913) x18 0xfffffef1
core   0: 0x800072cc (0x000087e9) c.srai  a5, 26
core   0: 3 0x800072cc (0x87e9) x15 0xffffffe0
core   0: 0x800072ce (0x02b24233) div     tp, tp, a1
core   0: 3 0x800072ce (0x02b24233) x4  0x00000000
core   0: 0x800072d2 (0x01a1cd63) blt     gp, s10, pc + 26
core   0: 3 0x800072d2 (0x01a1cd63)
core   0: 0x800072d6 (0x15ada737) lui     a4, 0x15ada
core   0: 3 0x800072d6 (0x15ada737) x14 0x15ada000
core   0: 0x800072da (0x3405d273) csrrwi  tp, mscratch, 11
core   0: 3 0x800072da (0x3405d273) x4  0x80000000 c832_mscratch 0x0000000b
core   0: 0x800072de (0x00008fc5) c.or    a5, s1
core   0: 3 0x800072de (0x8fc5) x15 0xfffffffc
core   0: 0x800072e0 (0x027634b3) mulhu   s1, a2, t2
core   0: 3 0x800072e0 (0x027634b3) x9  0x00000000
core   0: 0x800072e4 (0x0269dd63) bge     s3, t1, pc + 58
core   0: 3 0x800072e4 (0x0269dd63)
core   0: 0x8000731e (0x00000001) c.nop
core   0: 3 0x8000731e (0x0001)
core   0: 0x80007320 (0x00008fca) c.mv    t6, s2
core   0: 3 0x80007320 (0x8fca) x31 0xfffffef1
core   0: 0x80007322 (0x02594933) div     s2, s2, t0
core   0: 3 0x80007322 (0x02594933) x18 0x00000000
core   0: 0x80007326 (0x00f68663) beq     a3, a5, pc + 12
core   0: 3 0x80007326 (0x00f68663)
core   0: 0x8000732a (0x00008e51) c.or    a2, a2
core   0: 3 0x8000732a (0x8e51) x12 0x00000000
core   0: 0x8000732c (0x00008e59) c.or    a2, a4
core   0: 3 0x8000732c (0x8e59) x12 0x15ada000
core   0: 0x8000732e (0x3404a273) csrrs   tp, mscratch, s1
core   0: 3 0x8000732e (0x3404a273) x4  0x0000000b c832_mscratch 0x0000000b
core   0: 0x80007332 (0x00d19933) sll     s2, gp, a3
core   0: 3 0x80007332 (0x00d19933) x18 0x00000000
core   0: 0x80007336 (0x00008525) c.srai  a0, 9
core   0: 3 0x80007336 (0x8525) x10 0x00000000
core   0: 0x80007338 (0x41dd5c33) sra     s8, s10, t4
core   0: 3 0x80007338 (0x41dd5c33) x24 0xffffffff
core   0: 0x8000733c (0x01936cb3) or      s9, t1, s9
core   0: 3 0x8000733c (0x01936cb3) x25 0xef1473da
core   0: 0x80007340 (0x34023773) csrrc   a4, mscratch, tp
core   0: 3 0x80007340 (0x34023773) x14 0x0000000b c832_mscratch 0x00000000
core   0: 0x80007344 (0x03889e33) mulh    t3, a7, s8
core   0: 3 0x80007344 (0x03889e33) x28 0x00000000
core   0: 0x80007348 (0x0000932e) c.add   t1, a1
core   0: 3 0x80007348 (0x932e) x6  0x0002703e
core   0: 0x8000734a (0x00044963) bltz    s0, pc + 18
core   0: 3 0x8000734a (0x00044963)
core   0: 0x8000734e (0x0000100f) fence.i
core   0: 3 0x8000734e (0x0000100f)
core   0: 0x80007352 (0x01983633) sltu    a2, a6, s9
core   0: 3 0x80007352 (0x01983633) x12 0x00000001
core   0: 0x80007356 (0x00000c06) c.slli  s8, 1
core   0: 3 0x80007356 (0x0c06) x24 0xfffffffe
core   0: 0x80007358 (0x0000100f) fence.i
core   0: 3 0x80007358 (0x0000100f)
core   0: 0x8000735c (0x00008c15) c.sub   s0, a3
core   0: 3 0x8000735c (0x8c15) x8  0x7ffdc31c
core   0: 0x8000735e (0x02af6e63) bltu    t5, a0, pc + 60
core   0: 3 0x8000735e (0x02af6e63)
core   0: 0x80007362 (0x013bd663) bge     s7, s3, pc + 12
core   0: 3 0x80007362 (0x013bd663)
core   0: 0x8000736e (0x00000ca5) c.addi  s9, 9
core   0: 3 0x8000736e (0x0ca5) x25 0xef1473e3
core   0: 0x80007370 (0x00008825) c.andi  s0, 9
core   0: 3 0x80007370 (0x8825) x8  0x00000008
core   0: 0x80007372 (0x34007673) csrrci  a2, mscratch, 0
core   0: 3 0x80007372 (0x34007673) x12 0x00000000
core   0: 0x80007376 (0xe4ee7637) lui     a2, 0xe4ee7
core   0: 3 0x80007376 (0xe4ee7637) x12 0xe4ee7000
core   0: 0x8000737a (0x00008d11) c.sub   a0, a2
core   0: 3 0x8000737a (0x8d11) x10 0x1b119000
core   0: 0x8000737c (0x01709663) bne     ra, s7, pc + 12
core   0: 3 0x8000737c (0x01709663)
core   0: 0x80007380 (0x7ecd2e13) slti    t3, s10, 2028
core   0: 3 0x80007380 (0x7ecd2e13) x28 0x00000001
core   0: 0x80007384 (0x0172e533) or      a0, t0, s7
core   0: 3 0x80007384 (0x0172e533) x10 0x80023ce3
core   0: 0x80007388 (0x02da0ab3) mul     s5, s4, a3
core   0: 3 0x80007388 (0x02da0ab3) x21 0x00000000
core   0: 0x8000738c (0x00008b3d) c.andi  a4, 15
core   0: 3 0x8000738c (0x8b3d) x14 0x0000000b
core   0: 0x8000738e (0x00004631) c.li    a2, 12
core   0: 3 0x8000738e (0x4631) x12 0x0000000c
core   0: 0x80007390 (0x00008851) c.andi  s0, 20
core   0: 3 0x80007390 (0x8851) x8  0x00000000
core   0: 0x80007392 (0x51cabb13) sltiu   s6, s5, 1308
core   0: 3 0x80007392 (0x51cabb13) x22 0x00000001
core   0: 0x80007396 (0x030e68b3) rem     a7, t3, a6
core   0: 3 0x80007396 (0x030e68b3) x17 0x00000001
core   0: 0x8000739a (0x00000001) c.nop
core   0: 3 0x8000739a (0x0001)
core   0: 0x8000739c (0x0057da33) srl     s4, a5, t0
core   0: 3 0x8000739c (0x0057da33) x20 0x1fffffff
core   0: 0x800073a0 (0x02865463) bge     a2, s0, pc + 40
core   0: 3 0x800073a0 (0x02865463)
core   0: 0x800073c8 (0x03aab8b3) mulhu   a7, s5, s10
core   0: 3 0x800073c8 (0x03aab8b3) x17 0x00000000
core   0: 0x800073cc (0x01c31133) sll     sp, t1, t3
core   0: 3 0x800073cc (0x01c31133) x2  0x0004e07c
core   0: 0x800073d0 (0x038e29b3) mulhsu  s3, t3, s8
core   0: 3 0x800073d0 (0x038e29b3) x19 0x00000000
core   0: 0x800073d4 (0x00008d3d) c.xor   a0, a5
core   0: 3 0x800073d4 (0x8d3d) x10 0x7ffdc31f
core   0: 0x800073d6 (0x0000100f) fence.i
core   0: 3 0x800073d6 (0x0000100f)
core   0: 0x800073da (0x007fbab3) sltu    s5, t6, t2
core   0: 3 0x800073da (0x007fbab3) x21 0x00000000
core   0: 0x800073de (0x00008e55) c.or    a2, a3
core   0: 3 0x800073de (0x8e55) x12 0x80023cec
core   0: 0x800073e0 (0x0027c1b3) xor     gp, a5, sp
core   0: 3 0x800073e0 (0x0027c1b3) x3  0xfffb1f80
core   0: 0x800073e4 (0x66528813) addi    a6, t0, 1637
core   0: 3 0x800073e4 (0x66528813) x16 0x80024348
core   0: 0x800073e8 (0x00000590) c.addi4spn a2, sp, 704
core   0: 3 0x800073e8 (0x0590) x12 0x0004e33c
core   0: 0x800073ea (0x008a0c63) beq     s4, s0, pc + 24
core   0: 3 0x800073ea (0x008a0c63)
core   0: 0x800073ee (0xe1236a93) ori     s5, t1, -494
core   0: 3 0x800073ee (0xe1236a93) x21 0xfffffe3e
core   0: 0x800073f2 (0x0000cb89) c.beqz  a5, pc + 18
core   0: 3 0x800073f2 (0xcb89)
core   0: 0x800073f4 (0x340077f3) csrrci  a5, mscratch, 0
core   0: 3 0x800073f4 (0x340077f3) x15 0x00000000
core   0: 0x800073f8 (0x028d6a63) bltu    s10, s0, pc + 52
core   0: 3 0x800073f8 (0x028d6a63)
core   0: 0x800073fc (0x009f4433) xor     s0, t5, s1
core   0: 3 0x800073fc (0x009f4433) x8  0x00000000
core   0: 0x80007400 (0x00008525) c.srai  a0, 9
core   0: 3 0x80007400 (0x8525) x10 0x003ffee1
core   0: 0x80007402 (0x00008321) c.srli  a4, 8
core   0: 3 0x80007402 (0x8321) x14 0x00000000
core   0: 0x80007404 (0x01b09913) slli    s2, ra, 27
core   0: 3 0x80007404 (0x01b09913) x18 0x00000000
core   0: 0x80007408 (0x02e48a33) mul     s4, s1, a4
core   0: 3 0x80007408 (0x02e48a33) x20 0x00000000
core   0: 0x8000740c (0x4090d793) srai    a5, ra, 9
core   0: 3 0x8000740c (0x4090d793) x15 0x00000000
core   0: 0x80007410 (0x0ff0000f) fence   iorw,iorw
core   0: 3 0x80007410 (0x0ff0000f)
core   0: 0x80007414 (0x09f3f463) bgeu    t2, t6, pc + 136
core   0: 3 0x80007414 (0x09f3f463)
core   0: 0x80007418 (0x01dcd633) srl     a2, s9, t4
core   0: 3 0x80007418 (0x01dcd633) x12 0x0000003b
core   0: 0x8000741c (0x0016c9b3) xor     s3, a3, ra
core   0: 3 0x8000741c (0x0016c9b3) x19 0x80023ce4
core   0: 0x80007420 (0x0ff0000f) fence   iorw,iorw
core   0: 3 0x80007420 (0x0ff0000f)
core   0: 0x80007424 (0x40925d93) srai    s11, tp, 9
core   0: 3 0x80007424 (0x40925d93) x27 0x00000000
core   0: 0x80007428 (0x03321833) mulh    a6, tp, s3
core   0: 3 0x80007428 (0x03321833) x16 0xfffffffa
core   0: 0x8000742c (0x5a9db917) auipc   s2, 0x5a9db
core   0: 3 0x8000742c (0x5a9db917) x18 0xda9e242c
core   0: 0x80007430 (0x50936a93) ori     s5, t1, 1289
core   0: 3 0x80007430 (0x50936a93) x21 0x0002753f
core   0: 0x80007434 (0x05798d63) beq     s3, s7, pc + 90
core   0: 3 0x80007434 (0x05798d63)
core   0: 0x80007438 (0x008001ef) jal     gp, pc + 0x8
core   0: 3 0x80007438 (0x008001ef) x3  0x8000743c
core   0: 0x80007440 (0x00002819) c.jal   pc + 22
core   0: 3 0x80007440 (0x2819) x1  0x80007442
core   0: 0x80007456 (0x0000a831) c.j     pc + 28
core   0: 3 0x80007456 (0xa831)
core   0: 0x80007472 (0x00003fe9) c.jal   pc - 38
core   0: 3 0x80007472 (0x3fe9) x1  0x80007474
core   0: 0x8000744c (0x0000bffd) c.j     pc - 2
core   0: 3 0x8000744c (0xbffd)
core   0: 0x8000744a (0x00002005) c.jal   pc + 32
core   0: 3 0x8000744a (0x2005) x1  0x8000744c
core   0: 0x8000746a (0xfdfff0ef) jal     pc - 0x22
core   0: 3 0x8000746a (0xfdfff0ef) x1  0x8000746e
core   0: 0x80007448 (0x00002811) c.jal   pc + 20
core   0: 3 0x80007448 (0x2811) x1  0x8000744a
core   0: 0x8000745c (0x0000b7dd) c.j     pc - 26
core   0: 3 0x8000745c (0xb7dd)
core   0: 0x80007442 (0x01c000ef) jal     pc + 0x1c
core   0: 3 0x80007442 (0x01c000ef) x1  0x80007446
core   0: 0x8000745e (0x00003fed) c.jal   pc - 6
core   0: 3 0x8000745e (0x3fed) x1  0x80007460
core   0: 0x80007458 (0x016000ef) jal     pc + 0x16
core   0: 3 0x80007458 (0x016000ef) x1  0x8000745c
core   0: 0x8000746e (0x000037c5) c.jal   pc - 32
core   0: 3 0x8000746e (0x37c5) x1  0x80007470
core   0: 0x8000744e (0xfefff0ef) jal     pc - 0x12
core   0: 3 0x8000744e (0xfefff0ef) x1  0x80007452
core   0: 0x8000743c (0x0000a819) c.j     pc + 22
core   0: 3 0x8000743c (0xa819)
core   0: 0x80007452 (0xfedff0ef) jal     pc - 0x14
core   0: 3 0x80007452 (0xfedff0ef) x1  0x80007456
core   0: 0x8000743e (0x0000a01d) c.j     pc + 38
core   0: 3 0x8000743e (0xa01d)
core   0: 0x80007464 (0x0000bff5) c.j     pc - 4
core   0: 3 0x80007464 (0xbff5)
core   0: 0x80007460 (0x00002009) c.jal   pc + 2
core   0: 3 0x80007460 (0x2009) x1  0x80007462
core   0: 0x80007462 (0x00002011) c.jal   pc + 4
core   0: 3 0x80007462 (0x2011) x1  0x80007464
core   0: 0x80007466 (0xfe1ff36f) jal     t1, pc - 0x20
core   0: 3 0x80007466 (0xfe1ff36f) x6  0x8000746a
core   0: 0x80007446 (0x0000a02d) c.j     pc + 42
core   0: 3 0x80007446 (0xa02d)
core   0: 0x80007470 (0x0000a011) c.j     pc + 4
core   0: 3 0x80007470 (0xa011)
core   0: 0x80007474 (0x98624013) xori    zero, tp, -1658
core   0: 3 0x80007474 (0x98624013)
core   0: 0x80007478 (0xe2939e97) auipc   t4, 0xe2939
core   0: 3 0x80007478 (0xe2939e97) x29 0x62940478
core   0: 0x8000747c (0x03691c63) bne     s2, s6, pc + 56
core   0: 3 0x8000747c (0x03691c63)
core   0: 0x800074b4 (0x34003ef3) csrrc   t4, mscratch, zero
core   0: 3 0x800074b4 (0x34003ef3) x29 0x00000000
core   0: 0x800074b8 (0x03d99ab3) mulh    s5, s3, t4
core   0: 3 0x800074b8 (0x03d99ab3) x21 0x00000000
core   0: 0x800074bc (0x00000429) c.addi  s0, 10
core   0: 3 0x800074bc (0x0429) x8  0x0000000a
core   0: 0x800074be (0x00e562b3) or      t0, a0, a4
core   0: 3 0x800074be (0x00e562b3) x5  0x003ffee1
core   0: 0x800074c2 (0x00065c63) bgez    a2, pc + 24
core   0: 3 0x800074c2 (0x00065c63)
core   0: 0x800074da (0x016e1ab3) sll     s5, t3, s6
core   0: 3 0x800074da (0x016e1ab3) x21 0x00000002
core   0: 0x800074de (0x0000717d) c.addi16sp sp, -16
core   0: 3 0x800074de (0x717d) x2  0x0004e06c
core   0: 0x800074e0 (0x00008549) c.srai  a0, 18
core   0: 3 0x800074e0 (0x8549) x10 0x0000000f
core   0: 0x800074e2 (0x0255e663) bltu    a1, t0, pc + 44
core   0: 3 0x800074e2 (0x0255e663)
core   0: 0x800074e6 (0x755bf193) andi    gp, s7, 1877
core   0: 3 0x800074e6 (0x755bf193) x3  0x00000000
core   0: 0x800074ea (0x00000198) c.addi4spn a4, sp, 192
core   0: 3 0x800074ea (0x0198) x14 0x0004e12c
core   0: 0x800074ec (0x00008fed) c.and   a5, a1
core   0: 3 0x800074ec (0x8fed) x15 0x00000000
core   0: 0x800074ee (0x34001373) csrrw   t1, mscratch, zero
core   0: 3 0x800074ee (0x34001373) x6  0x00000000 c832_mscratch 0x00000000
core   0: 0x800074f2 (0xd7050437) lui     s0, 0xd7050
core   0: 3 0x800074f2 (0xd7050437) x8  0xd7050000
core   0: 0x800074f6 (0x340690f3) csrrw   ra, mscratch, a3
core   0: 3 0x800074f6 (0x340690f3) x1  0x00000000 c832_mscratch 0x80023ce4
core   0: 0x800074fa (0x02be8463) beq     t4, a1, pc + 40
core   0: 3 0x800074fa (0x02be8463)
core   0: 0x800074fe (0x0000100f) fence.i
core   0: 3 0x800074fe (0x0000100f)
core   0: 0x80007502 (0xa8c0ed93) ori     s11, ra, -1396
core   0: 3 0x80007502 (0xa8c0ed93) x27 0xfffffa8c
core   0: 0x80007506 (0x00008d51) c.or    a0, a2
core   0: 3 0x80007506 (0x8d51) x10 0x0000003f
core   0: 0x80007508 (0x0115d033) srl     zero, a1, a7
core   0: 3 0x80007508 (0x0115d033)
core   0: 0x8000750c (0x0000149c) c.addi4spn a5, sp, 608
core   0: 3 0x8000750c (0x149c) x15 0x0004e2cc
core   0: 0x8000750e (0xd66c2013) slti    zero, s8, -666
core   0: 3 0x8000750e (0xd66c2013)
core   0: 0x80007512 (0xb0fb6317) auipc   t1, 0xb0fb6
core   0: 3 0x80007512 (0xb0fb6317) x6  0x30fbd512
core   0: 0x80007516 (0x03105eb3) divu    t4, zero, a7
core   0: 3 0x80007516 (0x03105eb3) x29 0xffffffff
core   0: 0x8000751a (0x05e69563) bne     a3, t5, pc + 74
core   0: 3 0x8000751a (0x05e69563)
core   0: 0x80007564 (0x340029f3) csrr    s3, mscratch
core   0: 3 0x80007564 (0x340029f3) x19 0x80023ce4
core   0: 0x80007568 (0x0ff0000f) fence   iorw,iorw
core   0: 3 0x80007568 (0x0ff0000f)
core   0: 0x8000756c (0xc547f813) andi    a6, a5, -940
core   0: 3 0x8000756c (0xc547f813) x16 0x0004e044
core   0: 0x80007570 (0x03311733) mulh    a4, sp, s3
core   0: 3 0x80007570 (0x03311733) x14 0xfffd8fd4
core   0: 0x80007574 (0x02cf61b3) rem     gp, t5, a2
core   0: 3 0x80007574 (0x02cf61b3) x3  0x00000000
core   0: 0x80007578 (0x00006771) c.lui   a4, 0x1c
core   0: 3 0x80007578 (0x6771) x14 0x0001c000
core   0: 0x8000757a (0x0000617d) c.addi16sp sp, 496
core   0: 3 0x8000757a (0x617d) x2  0x0004e25c
core   0: 0x8000757c (0x02ba2533) mulhsu  a0, s4, a1
core   0: 3 0x8000757c (0x02ba2533) x10 0x00000000
core   0: 0x80007580 (0x00e191b3) sll     gp, gp, a4
core   0: 3 0x80007580 (0x00e191b3) x3  0x00000000
core   0: 0x80007584 (0x6aff4c13) xori    s8, t5, 1711
core   0: 3 0x80007584 (0x6aff4c13) x24 0x000006af
core   0: 0x80007588 (0x40fa5c33) sra     s8, s4, a5
core   0: 3 0x80007588 (0x40fa5c33) x24 0x00000000
core   0: 0x8000758c (0x84722f13) slti    t5, tp, -1977
core   0: 3 0x8000758c (0x84722f13) x30 0x00000000
core   0: 0x80007590 (0x00066f63) bltu    a2, zero, pc + 30
core   0: 3 0x80007590 (0x00066f63)
core   0: 0x80007594 (0x3406e273) csrrsi  tp, mscratch, 13
core   0: 3 0x80007594 (0x3406e273) x4  0x80023ce4 c832_mscratch 0x80023ced
core   0: 0x80007598 (0x0000987d) c.andi  s0, -1
core   0: 3 0x80007598 (0x987d) x8  0xd7050000
core   0: 0x8000759a (0x004101b3) add     gp, sp, tp
core   0: 3 0x8000759a (0x004101b3) x3  0x80071f40
core   0: 0x8000759e (0x00001f1c) c.addi4spn a5, sp, 944
core   0: 3 0x8000759e (0x1f1c) x15 0x0004e60c
core   0: 0x800075a0 (0x000087d9) c.srai  a5, 22
core   0: 3 0x800075a0 (0x87d9) x15 0x00000000
core   0: 0x800075a2 (0x02755f63) bge     a0, t2, pc + 62
core   0: 3 0x800075a2 (0x02755f63)
core   0: 0x800075e0 (0x00c4dab3) srl     s5, s1, a2
core   0: 3 0x800075e0 (0x00c4dab3) x21 0x00000000
core   0: 0x800075e4 (0x00001ffd) c.addi  t6, -1
core   0: 3 0x800075e4 (0x1ffd) x31 0xfffffef0
core   0: 0x800075e6 (0xa63b6d13) ori     s10, s6, -1437
core   0: 3 0x800075e6 (0xa63b6d13) x26 0xfffffa63
core   0: 0x800075ea (0x0000e881) c.bnez  s1, pc + 16
core   0: 3 0x800075ea (0xe881)
core   0: 0x800075ec (0x02820263) beq     tp, s0, pc + 36
core   0: 3 0x800075ec (0x02820263)
core   0: 0x800075f0 (0x00442d33) slt     s10, s0, tp
core   0: 3 0x800075f0 (0x00442d33) x26 0x00000000
core   0: 0x800075f4 (0x00009bfd) c.andi  a5, -1
core   0: 3 0x800075f4 (0x9bfd) x15 0x00000000
core   0: 0x800075f6 (0x93a78793) addi    a5, a5, -1734
core   0: 3 0x800075f6 (0x93a78793) x15 0xfffff93a
core   0: 0x800075fa (0x0000c789) c.beqz  a5, pc + 10
core   0: 3 0x800075fa (0xc789)
core   0: 0x800075fc (0x29736313) ori     t1, t1, 663
core   0: 3 0x800075fc (0x29736313) x6  0x30fbd797
core   0: 0x80007600 (0x00c95f33) srl     t5, s2, a2
core   0: 3 0x80007600 (0x00c95f33) x30 0x0000001b
core   0: 0x80007604 (0x01fc9863) bne     s9, t6, pc + 16
core   0: 3 0x80007604 (0x01fc9863)
core   0: 0x80007614 (0x03d83333) mulhu   t1, a6, t4
core   0: 3 0x80007614 (0x03d83333) x6  0x0004e043
core   0: 0x80007618 (0x0319a433) mulhsu  s0, s3, a7
core   0: 3 0x80007618 (0x0319a433) x8  0x00000000
core   0: 0x8000761c (0x012f8663) beq     t6, s2, pc + 12
core   0: 3 0x8000761c (0x012f8663)
core   0: 0x80007620 (0x01550963) beq     a0, s5, pc + 18
core   0: 3 0x80007620 (0x01550963)
core   0: 0x80007632 (0x0ff0000f) fence   iorw,iorw
core   0: 3 0x80007632 (0x0ff0000f)
core   0: 0x80007636 (0x034d0033) mul     zero, s10, s4
core   0: 3 0x80007636 (0x034d0033)
core   0: 0x8000763a (0x40b108b3) sub     a7, sp, a1
core   0: 3 0x8000763a (0x40b108b3) x17 0x8002e3f8
core   0: 0x8000763e (0x022844b3) div     s1, a6, sp
core   0: 3 0x8000763e (0x022844b3) x9  0x00000000
core   0: 0x80007642 (0x000061c9) c.lui   gp, 0x12
core   0: 3 0x80007642 (0x61c9) x3  0x00012000
core   0: 0x80007644 (0x401d8d33) sub     s10, s11, ra
core   0: 3 0x80007644 (0x401d8d33) x26 0xfffffa8c
core   0: 0x80007648 (0x01fe7b33) and     s6, t3, t6
core   0: 3 0x80007648 (0x01fe7b33) x22 0x00000000
core   0: 0x8000764c (0x008b6c33) or      s8, s6, s0
core   0: 3 0x8000764c (0x008b6c33) x24 0x00000000
core   0: 0x80007650 (0xbc293193) sltiu   gp, s2, -1086
core   0: 3 0x80007650 (0xbc293193) x3  0x00000001
core   0: 0x80007654 (0x03388a63) beq     a7, s3, pc + 52
core   0: 3 0x80007654 (0x03388a63)
core   0: 0x80007658 (0x012a1bb3) sll     s7, s4, s2
core   0: 3 0x80007658 (0x012a1bb3) x23 0x00000000
core   0: 0x8000765c (0x340c74f3) csrrci  s1, mscratch, 24
core   0: 3 0x8000765c (0x340c74f3) x9  0x80023ced c832_mscratch 0x80023ce5
core   0: 0x80007660 (0x00004d09) c.li    s10, 2
core   0: 3 0x80007660 (0x4d09) x26 0x00000002
core   0: 0x80007662 (0x008b5a13) srli    s4, s6, 8
core   0: 3 0x80007662 (0x008b5a13) x20 0x00000000
core   0: 0x80007666 (0x06e64f63) blt     a2, a4, pc + 126
core   0: 3 0x80007666 (0x06e64f63)
core   0: 0x800076e4 (0x0000827e) c.mv    tp, t6
core   0: 3 0x800076e4 (0x827e) x4  0xfffffef0
core   0: 0x800076e6 (0x02edfc33) remu    s8, s11, a4
core   0: 3 0x800076e6 (0x02edfc33) x24 0x00003a8c
core   0: 0x800076ea (0x0ff0000f) fence   iorw,iorw
core   0: 3 0x800076ea (0x0ff0000f)
core   0: 0x800076ee (0x0000717d) c.addi16sp sp, -16
core   0: 3 0x800076ee (0x717d) x2  0x0004e24c
core   0: 0x800076f0 (0x641319b7) lui     s3, 0x64131
core   0: 3 0x800076f0 (0x641319b7) x19 0x64131000
core   0: 0x800076f4 (0x07cee963) bltu    t4, t3, pc + 114
core   0: 3 0x800076f4 (0x07cee963)
core   0: 0x800076f8 (0x340c67f3) csrrsi  a5, mscratch, 24
core   0: 3 0x800076f8 (0x340c67f3) x15 0x80023ce5 c832_mscratch 0x80023cfd
core   0: 0x800076fc (0x00e001ef) jal     gp, pc + 0xe
core   0: 3 0x800076fc (0x00e001ef) x3  0x80007700
core   0: 0x8000770a (0x0000a81d) c.j     pc + 54
core   0: 3 0x8000770a (0xa81d)
core   0: 0x80007740 (0x0000bfc1) c.j     pc - 48
core   0: 3 0x80007740 (0xbfc1)
core   0: 0x80007710 (0x0240086f) jal     a6, pc + 0x24
core   0: 3 0x80007710 (0x0240086f) x16 0x80007714
core   0: 0x80007734 (0xfffff0ef) jal     pc - 0x2
core   0: 3 0x80007734 (0xfffff0ef) x1  0x80007738
core   0: 0x80007732 (0x0000bfe9) c.j     pc - 38
core   0: 3 0x80007732 (0xbfe9)
core   0: 0x8000770c (0x030000ef) jal     pc + 0x30
core   0: 3 0x8000770c (0x030000ef) x1  0x80007710
core   0: 0x8000773c (0x00003fd5) c.jal   pc - 12
core   0: 3 0x8000773c (0x3fd5) x1  0x8000773e
core   0: 0x80007730 (0x00002039) c.jal   pc + 14
core   0: 3 0x80007730 (0x2039) x1  0x80007732
core   0: 0x8000773e (0x000037e5) c.jal   pc - 24
core   0: 3 0x8000773e (0x37e5) x1  0x80007740
core   0: 0x80007726 (0xffdff76f) jal     a4, pc - 0x4
core   0: 3 0x80007726 (0xffdff76f) x14 0x8000772a
core   0: 0x80007722 (0xfdfff0ef) jal     pc - 0x22
core   0: 3 0x80007722 (0xfdfff0ef) x1  0x80007726
core   0: 0x80007700 (0x008000ef) jal     pc + 0x8
core   0: 3 0x80007700 (0x008000ef) x1  0x80007704
core   0: 0x80007708 (0x0000a821) c.j     pc + 24
core   0: 3 0x80007708 (0xa821)
core   0: 0x80007720 (0x00002039) c.jal   pc + 14
core   0: 3 0x80007720 (0x2039) x1  0x80007722
core   0: 0x8000772e (0x0000b7dd) c.j     pc - 26
core   0: 3 0x8000772e (0xb7dd)
core   0: 0x80007714 (0x0000203d) c.jal   pc + 46
core   0: 3 0x80007714 (0x203d) x1  0x80007716
core   0: 0x80007742 (0x0000bff1) c.j     pc - 36
core   0: 3 0x80007742 (0xbff1)
core   0: 0x8000771e (0x00002031) c.jal   pc + 12
core   0: 3 0x8000771e (0x2031) x1  0x80007720
core   0: 0x8000772a (0xfedff86f) jal     a6, pc - 0x14
core   0: 3 0x8000772a (0xfedff86f) x16 0x8000772e
core   0: 0x80007716 (0x00002009) c.jal   pc + 2
core   0: 3 0x80007716 (0x2009) x1  0x80007718
core   0: 0x80007718 (0x000037f5) c.jal   pc - 20
core   0: 3 0x80007718 (0x37f5) x1  0x8000771a
core   0: 0x80007704 (0x016000ef) jal     pc + 0x16
core   0: 3 0x80007704 (0x016000ef) x1  0x80007708
core   0: 0x8000771a (0x01e00def) jal     s11, pc + 0x1e
core   0: 3 0x8000771a (0x01e00def) x27 0x8000771e
core   0: 0x80007738 (0x00c001ef) jal     gp, pc + 0xc
core   0: 3 0x80007738 (0x00c001ef) x3  0x8000773c
core   0: 0x80007744 (0x03486eb3) rem     t4, a6, s4
core   0: 3 0x80007744 (0x03486eb3) x29 0x8000772e
core   0: 0x80007748 (0x02678963) beq     a5, t1, pc + 50
core   0: 3 0x80007748 (0x02678963)
core   0: 0x8000774c (0x34037ff3) csrrci  t6, mscratch, 6
core   0: 3 0x8000774c (0x34037ff3) x31 0x80023cfd c832_mscratch 0x80023cf9
core   0: 0x80007750 (0x000010fd) c.addi  ra, -1
core   0: 3 0x80007750 (0x10fd) x1  0x80007707
core   0: 0x80007752 (0x04497163) bgeu    s2, tp, pc + 66
core   0: 3 0x80007752 (0x04497163)
core   0: 0x80007756 (0x034d8933) mul     s2, s11, s4
core   0: 3 0x80007756 (0x034d8933) x18 0x00000000
core   0: 0x8000775a (0x01ab0c33) add     s8, s6, s10
core   0: 3 0x8000775a (0x01ab0c33) x24 0x00000002
core   0: 0x8000775e (0x02d57463) bgeu    a0, a3, pc + 40
core   0: 3 0x8000775e (0x02d57463)
core   0: 0x80007762 (0x002f0c63) beq     t5, sp, pc + 24
core   0: 3 0x80007762 (0x002f0c63)
core   0: 0x80007766 (0x00008899) c.andi  s1, 6
core   0: 3 0x80007766 (0x8899) x9  0x00000004
core   0: 0x80007768 (0x00004a91) c.li    s5, 4
core   0: 3 0x80007768 (0x4a91) x21 0x00000004
core   0: 0x8000776a (0x02064563) bltz    a2, pc + 42
core   0: 3 0x8000776a (0x02064563)
core   0: 0x8000776e (0x01c51893) slli    a7, a0, 28
core   0: 3 0x8000776e (0x01c51893) x17 0x00000000
core   0: 0x80007772 (0x00000680) c.addi4spn s0, sp, 832
core   0: 3 0x80007772 (0x0680) x8  0x0004e58c
core   0: 0x80007774 (0x00008e49) c.or    a2, a0
core   0: 3 0x80007774 (0x8e49) x12 0x0000003b
core   0: 0x80007776 (0x000001de) c.slli  gp, 23
core   0: 3 0x80007776 (0x01de) x3  0x9e000000
core   0: 0x80007778 (0x0000e399) c.bnez  a5, pc + 6
core   0: 3 0x80007778 (0xe399)
core   0: 0x8000777e (0x02cbf133) remu    sp, s7, a2
core   0: 3 0x8000777e (0x02cbf133) x2  0x00000000
core   0: 0x80007782 (0x400fd9b3) sra     s3, t6, zero
core   0: 3 0x80007782 (0x400fd9b3) x19 0x80023cfd
core   0: 0x80007786 (0x02d10863) beq     sp, a3, pc + 48
core   0: 3 0x80007786 (0x02d10863)
core   0: 0x8000778a (0x0358a133) mulhsu  sp, a7, s5
core   0: 3 0x8000778a (0x0358a133) x2  0x00000000
core   0: 0x8000778e (0x01a44b63) blt     s0, s10, pc + 22
core   0: 3 0x8000778e (0x01a44b63)
core   0: 0x80007792 (0x00000001) c.nop
core   0: 3 0x80007792 (0x0001)
core   0: 0x80007794 (0x03edc1b3) div     gp, s11, t5
core   0: 3 0x80007794 (0x03edc1b3) x3  0xfb42633a
core   0: 0x80007798 (0x40be54b3) sra     s1, t3, a1
core   0: 3 0x80007798 (0x40be54b3) x9  0x00000000
core   0: 0x8000779c (0x34076b73) csrrsi  s6, mscratch, 14
core   0: 3 0x8000779c (0x34076b73) x22 0x80023cf9 c832_mscratch 0x80023cff
core   0: 0x800077a0 (0x34013373) csrrc   t1, mscratch, sp
core   0: 3 0x800077a0 (0x34013373) x6  0x80023cff c832_mscratch 0x80023cff
core   0: 0x800077a4 (0x61384537) lui     a0, 0x61384
core   0: 3 0x800077a4 (0x61384537) x10 0x61384000
core   0: 0x800077a8 (0x3402e4f3) csrrsi  s1, mscratch, 5
core   0: 3 0x800077a8 (0x3402e4f3) x9  0x80023cff c832_mscratch 0x80023cff
core   0: 0x800077ac (0x0344f333) remu    t1, s1, s4
core   0: 3 0x800077ac (0x0344f333) x6  0x80023cff
core   0: 0x800077b0 (0x001d5563) bge     s10, ra, pc + 10
core   0: 3 0x800077b0 (0x001d5563)
core   0: 0x800077ba (0x414edb33) sra     s6, t4, s4
core   0: 3 0x800077ba (0x414edb33) x22 0x8000772e
core   0: 0x800077be (0x0000c329) c.beqz  a4, pc + 66
core   0: 3 0x800077be (0xc329)
core   0: 0x800077c0 (0x03114933) div     s2, sp, a7
core   0: 3 0x800077c0 (0x03114933) x18 0xffffffff
core   0: 0x800077c4 (0x023e6f33) rem     t5, t3, gp
core   0: 3 0x800077c4 (0x023e6f33) x30 0x00000001
core   0: 0x800077c8 (0x00008f21) c.xor   a4, s0
core   0: 3 0x800077c8 (0x8f21) x14 0x800492a6
core   0: 0x800077ca (0x01861963) bne     a2, s8, pc + 18
core   0: 3 0x800077ca (0x01861963)
core   0: 0x800077dc (0x00000b90) c.addi4spn a2, sp, 464
core   0: 3 0x800077dc (0x0b90) x12 0x000001d0
core   0: 0x800077de (0x03aecbb3) div     s7, t4, s10
core   0: 3 0x800077de (0x03aecbb3) x23 0xc0003b97
core   0: 0x800077e2 (0x340ab2f3) csrrc   t0, mscratch, s5
core   0: 3 0x800077e2 (0x340ab2f3) x5  0x80023cff c832_mscratch 0x80023cfb
core   0: 0x800077e6 (0x0000ea09) c.bnez  a2, pc + 18
core   0: 3 0x800077e6 (0xea09)
core   0: 0x800077f8 (0x0043d0b3) srl     ra, t2, tp
core   0: 3 0x800077f8 (0x0043d0b3) x1  0x00000000
core   0: 0x800077fc (0x02240cb3) mul     s9, s0, sp
core   0: 3 0x800077fc (0x02240cb3) x25 0x00000000
core   0: 0x80007800 (0x34015cf3) csrrwi  s9, mscratch, 2
core   0: 3 0x80007800 (0x34015cf3) x25 0x80023cfb c832_mscratch 0x00000002
core   0: 0x80007804 (0x0000717d) c.addi16sp sp, -16
core   0: 3 0x80007804 (0x717d) x2  0xfffffff0
core   0: 0x80007806 (0x34016b73) csrrsi  s6, mscratch, 2
core   0: 3 0x80007806 (0x34016b73) x22 0x00000002 c832_mscratch 0x00000002
core   0: 0x8000780a (0x02b149b3) div     s3, sp, a1
core   0: 3 0x8000780a (0x02b149b3) x19 0x00000000
core   0: 0x8000780e (0x04597263) bgeu    s2, t0, pc + 68
core   0: 3 0x8000780e (0x04597263)
core   0: 0x80007852 (0x0ff0000f) fence   iorw,iorw
core   0: 3 0x80007852 (0x0ff0000f)
core   0: 0x80007856 (0x000007a2) c.slli  a5, 8
core   0: 3 0x80007856 (0x07a2) x15 0x023ce500
core   0: 0x80007858 (0x00790033) add     zero, s2, t2
core   0: 3 0x80007858 (0x00790033)
core   0: 0x8000785c (0x00008c76) c.mv    s8, t4
core   0: 3 0x8000785c (0x8c76) x24 0x8000772e
core   0: 0x8000785e (0x03764363) blt     a2, s7, pc + 38
core   0: 3 0x8000785e (0x03764363)
core   0: 0x80007862 (0x00000da2) c.slli  s11, 8
core   0: 3 0x80007862 (0x0da2) x27 0x00771e00
core   0: 0x80007864 (0x187f8737) lui     a4, 0x187f8
core   0: 3 0x80007864 (0x187f8737) x14 0x187f8000
core   0: 0x80007868 (0x40755c33) sra     s8, a0, t2
core   0: 3 0x80007868 (0x40755c33) x24 0x61384000
core   0: 0x8000786c (0x8dc5c093) xori    ra, a1, -1828
core   0: 3 0x8000786c (0x8dc5c093) x1  0x7ffe06b8
core   0: 0x80007870 (0x93f1b713) sltiu   a4, gp, -1729
core   0: 3 0x80007870 (0x93f1b713) x14 0x00000001
core   0: 0x80007874 (0x00b76d33) or      s10, a4, a1
core   0: 3 0x80007874 (0x00b76d33) x26 0x8001fe65
core   0: 0x80007878 (0x34007173) csrrci  sp, mscratch, 0
core   0: 3 0x80007878 (0x34007173) x2  0x00000002
core   0: 0x8000787c (0x00009a7d) c.andi  a2, -1
core   0: 3 0x8000787c (0x9a7d) x12 0x000001d0
core   0: 0x8000787e (0x024bebb3) rem     s7, s7, tp
core   0: 3 0x8000787e (0x024bebb3) x23 0xffffffd7
core   0: 0x80007882 (0x000089aa) c.mv    s3, a0
core   0: 3 0x80007882 (0x89aa) x19 0x61384000
core   0: 0x80007884 (0x00008a9e) c.mv    s5, t2
core   0: 3 0x80007884 (0x8a9e) x21 0x00000000
core   0: 0x80007886 (0x00008f15) c.sub   a4, a3
core   0: 3 0x80007886 (0x8f15) x14 0x7ffdc31d
core   0: 0x80007888 (0x026eedb3) rem     s11, t4, t1
core   0: 3 0x80007888 (0x026eedb3) x27 0xfffe3a2f
core   0: 0x8000788c (0x02040233) mul     tp, s0, zero
core   0: 3 0x8000788c (0x02040233) x4  0x00000000
core   0: 0x80007890 (0xde65c293) xori    t0, a1, -538
core   0: 3 0x80007890 (0xde65c293) x5  0x7ffe0382
core   0: 0x80007894 (0x00006f25) c.lui   t5, 0x9
core   0: 3 0x80007894 (0x6f25) x30 0x00009000
core   0: 0x80007896 (0x037d4b63) blt     s10, s7, pc + 54
core   0: 3 0x80007896 (0x037d4b63)
core   0: 0x800078cc (0x34003773) csrrc   a4, mscratch, zero
core   0: 3 0x800078cc (0x34003773) x14 0x00000002
core   0: 0x800078d0 (0x02ec70b3) remu    ra, s8, a4
core   0: 3 0x800078d0 (0x02ec70b3) x1  0x00000000
core   0: 0x800078d4 (0x02f0a833) mulhsu  a6, ra, a5
core   0: 3 0x800078d4 (0x02f0a833) x16 0x00000000
core   0: 0x800078d8 (0x0029f433) and     s0, s3, sp
core   0: 3 0x800078d8 (0x0029f433) x8  0x00000000
core   0: 0x800078dc (0x03540fb3) mul     t6, s0, s5
core   0: 3 0x800078dc (0x03540fb3) x31 0x00000000
core   0: 0x800078e0 (0x01b85c93) srli    s9, a6, 27
core   0: 3 0x800078e0 (0x01b85c93) x25 0x00000000
core   0: 0x800078e4 (0x01ae9663) bne     t4, s10, pc + 12
core   0: 3 0x800078e4 (0x01ae9663)
core   0: 0x800078f0 (0x0247edb3) rem     s11, a5, tp
core   0: 3 0x800078f0 (0x0247edb3) x27 0x023ce500
core   0: 0x800078f4 (0x00f8d613) srli    a2, a7, 15
core   0: 3 0x800078f4 (0x00f8d613) x12 0x00000000
core   0: 0x800078f8 (0x00008c8d) c.sub   s1, a1
core   0: 3 0x800078f8 (0x8c8d) x9  0x00003e9b
core   0: 0x800078fa (0x41325a33) sra     s4, tp, s3
core   0: 3 0x800078fa (0x41325a33) x20 0x00000000
core   0: 0x800078fe (0x0194c1b3) xor     gp, s1, s9
core   0: 3 0x800078fe (0x0194c1b3) x3  0x00003e9b
core   0: 0x80007902 (0x00000001) c.nop
core   0: 3 0x80007902 (0x0001)
core   0: 0x80007904 (0x340f52f3) csrrwi  t0, mscratch, 30
core   0: 3 0x80007904 (0x340f52f3) x5  0x00000002 c832_mscratch 0x0000001e
core   0: 0x80007908 (0x01655963) bge     a0, s6, pc + 18
core   0: 3 0x80007908 (0x01655963)
core   0: 0x8000791a (0x340029f3) csrr    s3, mscratch
core   0: 3 0x8000791a (0x340029f3) x19 0x0000001e
core   0: 0x8000791e (0x34002b73) csrr    s6, mscratch
core   0: 3 0x8000791e (0x34002b73) x22 0x0000001e
core   0: 0x80007922 (0x55d06297) auipc   t0, 0x55d06
core   0: 3 0x80007922 (0x55d06297) x5  0xd5d0d922
core   0: 0x80007926 (0x02988163) beq     a7, s1, pc + 34
core   0: 3 0x80007926 (0x02988163)
core   0: 0x8000792a (0x02611e33) mulh    t3, sp, t1
core   0: 3 0x8000792a (0x02611e33) x28 0xffffffff
core   0: 0x8000792e (0x019380b3) add     ra, t2, s9
core   0: 3 0x8000792e (0x019380b3) x1  0x00000000
core   0: 0x80007932 (0x033d6c33) rem     s8, s10, s3
core   0: 3 0x80007932 (0x033d6c33) x24 0xffffffe5
core   0: 0x80007936 (0x00008e01) c.sub   a2, s0
core   0: 3 0x80007936 (0x8e01) x12 0x00000000
core   0: 0x80007938 (0x00000001) c.nop
core   0: 3 0x80007938 (0x0001)
core   0: 0x8000793a (0x340a6cf3) csrrsi  s9, mscratch, 20
core   0: 3 0x8000793a (0x340a6cf3) x25 0x0000001e c832_mscratch 0x0000001e
core   0: 0x8000793e (0x9cb64117) auipc   sp, 0x9cb64
core   0: 3 0x8000793e (0x9cb64117) x2  0x1cb6b93e
core   0: 0x80007942 (0x00008e71) c.and   a2, a2
core   0: 3 0x80007942 (0x8e71) x12 0x00000000
core   0: 0x80007944 (0x00015d63) bgez    sp, pc + 26
core   0: 3 0x80007944 (0x00015d63)
core   0: 0x8000795e (0x00349e33) sll     t3, s1, gp
core   0: 3 0x8000795e (0x00349e33) x28 0xd8000000
core   0: 0x80007962 (0x86136913) ori     s2, t1, -1951
core   0: 3 0x80007962 (0x86136913) x18 0xfffffcff
core   0: 0x80007966 (0x015f2d33) slt     s10, t5, s5
core   0: 3 0x80007966 (0x015f2d33) x26 0x00000000
core   0: 0x8000796a (0x0365c933) div     s2, a1, s6
core   0: 3 0x8000796a (0x0365c933) x18 0xfbbbccc0
core   0: 0x8000796e (0xcec4c013) xori    zero, s1, -788
core   0: 3 0x8000796e (0xcec4c013)
core   0: 0x80007972 (0x00008d5e) c.mv    s10, s7
core   0: 3 0x80007972 (0x8d5e) x26 0xffffffd7
core   0: 0x80007974 (0x03919763) bne     gp, s9, pc + 46
core   0: 3 0x80007974 (0x03919763)
core   0: 0x800079a2 (0x000084c1) c.srai  s1, 16
core   0: 3 0x800079a2 (0x84c1) x9  0x00000000
core   0: 0x800079a4 (0x34002af3) csrr    s5, mscratch
core   0: 3 0x800079a4 (0x34002af3) x21 0x0000001e
core   0: 0x800079a8 (0x00006085) c.lui   ra, 0x1
core   0: 3 0x800079a8 (0x6085) x1  0x00001000
core   0: 0x800079aa (0x00000001) c.nop
core   0: 3 0x800079aa (0x0001)
core   0: 0x800079ac (0x016bc033) xor     zero, s7, s6
core   0: 3 0x800079ac (0x016bc033)
core   0: 0x800079b0 (0x84f54e93) xori    t4, a0, -1969
core   0: 3 0x800079b0 (0x84f54e93) x29 0x9ec7b84f
core   0: 0x800079b4 (0x0c1f8e93) addi    t4, t6, 193
core   0: 3 0x800079b4 (0x0c1f8e93) x29 0x000000c1
core   0: 0x800079b8 (0x340031f3) csrrc   gp, mscratch, zero
core   0: 3 0x800079b8 (0x340031f3) x3  0x0000001e
core   0: 0x800079bc (0x016034b3) snez    s1, s6
core   0: 3 0x800079bc (0x016034b3) x9  0x00000001
core   0: 0x800079c0 (0x02d411b3) mulh    gp, s0, a3
core   0: 3 0x800079c0 (0x02d411b3) x3  0x00000000
core   0: 0x800079c4 (0x0069ad33) slt     s10, s3, t1
core   0: 3 0x800079c4 (0x0069ad33) x26 0x00000000
core   0: 0x800079c8 (0x0000867d) c.srai  a2, 31
core   0: 3 0x800079c8 (0x867d) x12 0x00000000
core   0: 0x800079ca (0x00000a1e) c.slli  s4, 7
core   0: 3 0x800079ca (0x0a1e) x20 0x00000000
core   0: 0x800079cc (0x0267edb3) rem     s11, a5, t1
core   0: 3 0x800079cc (0x0267edb3) x27 0x023ce500
core   0: 0x800079d0 (0x002a7963) bgeu    s4, sp, pc + 18
core   0: 3 0x800079d0 (0x002a7963)
core   0: 0x800079d4 (0x00008d01) c.sub   a0, s0
core   0: 3 0x800079d4 (0x8d01) x10 0x61384000
core   0: 0x800079d6 (0x031d18b3) mulh    a7, s10, a7
core   0: 3 0x800079d6 (0x031d18b3) x17 0x00000000
core   0: 0x800079da (0x340ce1f3) csrrsi  gp, mscratch, 25
core   0: 3 0x800079da (0x340ce1f3) x3  0x0000001e c832_mscratch 0x0000001f
core   0: 0x800079de (0x00000606) c.slli  a2, 1
core   0: 3 0x800079de (0x0606) x12 0x00000000
core   0: 0x800079e0 (0x0000061e) c.slli  a2, 7
core   0: 3 0x800079e0 (0x061e) x12 0x00000000
core   0: 0x800079e2 (0x41498c33) sub     s8, s3, s4
core   0: 3 0x800079e2 (0x41498c33) x24 0x0000001e
core   0: 0x800079e6 (0x00008e09) c.sub   a2, a0
core   0: 3 0x800079e6 (0x8e09) x12 0x9ec7c000
core   0: 0x800079e8 (0x00008cf5) c.and   s1, a3
core   0: 3 0x800079e8 (0x8cf5) x9  0x00000000
core   0: 0x800079ea (0x00000a21) c.addi  s4, 8
core   0: 3 0x800079ea (0x0a21) x20 0x00000008
core   0: 0x800079ec (0x689e8813) addi    a6, t4, 1673
core   0: 3 0x800079ec (0x689e8813) x16 0x0000074a
core   0: 0x800079f0 (0x340b59f3) csrrwi  s3, mscratch, 22
core   0: 3 0x800079f0 (0x340b59f3) x19 0x0000001f c832_mscratch 0x00000016
core   0: 0x800079f4 (0x014e5463) bge     t3, s4, pc + 8
core   0: 3 0x800079f4 (0x014e5463)
core   0: 0x800079f8 (0x03ec4fb3) div     t6, s8, t5
core   0: 3 0x800079f8 (0x03ec4fb3) x31 0x00000000
core   0: 0x800079fc (0x007f6c63) bltu    t5, t2, pc + 24
core   0: 3 0x800079fc (0x007f6c63)
core   0: 0x80007a00 (0x03c19363) bne     gp, t3, pc + 38
core   0: 3 0x80007a00 (0x03c19363)
core   0: 0x80007a26 (0x00055913) srli    s2, a0, 0
core   0: 3 0x80007a26 (0x00055913) x18 0x61384000
core   0: 0x80007a2a (0x00000001) c.nop
core   0: 3 0x80007a2a (0x0001)
core   0: 0x80007a2c (0x0116db33) srl     s6, a3, a7
core   0: 3 0x80007a2c (0x0116db33) x22 0x80023ce4
core   0: 0x80007a30 (0xe6426c93) ori     s9, tp, -412
core   0: 3 0x80007a30 (0xe6426c93) x25 0xfffffe64
core   0: 0x80007a34 (0x019daeb3) slt     t4, s11, s9
core   0: 3 0x80007a34 (0x019daeb3) x29 0x00000000
core   0: 0x80007a38 (0x01b76563) bltu    a4, s11, pc + 10
core   0: 3 0x80007a38 (0x01b76563)
core   0: 0x80007a42 (0x03b2d733) divu    a4, t0, s11
core   0: 3 0x80007a42 (0x03b2d733) x14 0x0000005f
core   0: 0x80007a46 (0x3501ec13) ori     s8, gp, 848
core   0: 3 0x80007a46 (0x3501ec13) x24 0x0000035e
core   0: 0x80007a4a (0x0000100f) fence.i
core   0: 3 0x80007a4a (0x0000100f)
core   0: 0x80007a4e (0x035129b3) mulhsu  s3, sp, s5
core   0: 3 0x80007a4e (0x035129b3) x19 0x00000003
core   0: 0x80007a52 (0x34002af3) csrr    s5, mscratch
core   0: 3 0x80007a52 (0x34002af3) x21 0x00000016
core   0: 0x80007a56 (0x02193bb3) mulhu   s7, s2, ra
core   0: 3 0x80007a56 (0x02193bb3) x23 0x00000613
core   0: 0x80007a5a (0x033ada63) bge     s5, s3, pc + 52
core   0: 3 0x80007a5a (0x033ada63)
core   0: 0x80007a8e (0x04269617) auipc   a2, 0x4269
core   0: 3 0x80007a8e (0x04269617) x12 0x84270a8e
core   0: 0x80007a92 (0x00008c91) c.sub   s1, a2
core   0: 3 0x80007a92 (0x8c91) x9  0x7bd8f572
core   0: 0x80007a94 (0x6f478e13) addi    t3, a5, 1780
core   0: 3 0x80007a94 (0x6f478e13) x28 0x023cebf4
core   0: 0x80007a98 (0x020a6c63) bltu    s4, zero, pc + 56
core   0: 3 0x80007a98 (0x020a6c63)
core   0: 0x80007a9c (0x03a512b3) mulh    t0, a0, s10
core   0: 3 0x80007a9c (0x03a512b3) x5  0x00000000
core   0: 0x80007aa0 (0x418a01b3) sub     gp, s4, s8
core   0: 3 0x80007aa0 (0x418a01b3) x3  0xfffffcaa
core   0: 0x80007aa4 (0x419b8333) sub     t1, s7, s9
core   0: 3 0x80007aa4 (0x419b8333) x6  0x000007af
core   0: 0x80007aa8 (0x40c702b3) sub     t0, a4, a2
core   0: 3 0x80007aa8 (0x40c702b3) x5  0x7bd8f5d1
core   0: 0x80007aac (0x000047d9) c.li    a5, 22
core   0: 3 0x80007aac (0x47d9) x15 0x00000016
core   0: 0x80007aae (0xa88fc613) xori    a2, t6, -1400
core   0: 3 0x80007aae (0xa88fc613) x12 0xfffffa88
core   0: 0x80007ab2 (0x0ff0000f) fence   iorw,iorw
core   0: 3 0x80007ab2 (0x0ff0000f)
core   0: 0x80007ab6 (0x34072ef3) csrrs   t4, mscratch, a4
core   0: 3 0x80007ab6 (0x34072ef3) x29 0x00000016 c832_mscratch 0x0000005f
core   0: 0x80007aba (0x00008f4e) c.mv    t5, s3
core   0: 3 0x80007aba (0x8f4e) x30 0x00000003
core   0: 0x80007abc (0xeebd8d93) addi    s11, s11, -277
core   0: 3 0x80007abc (0xeebd8d93) x27 0x023ce3eb
core   0: 0x80007ac0 (0x34003873) csrrc   a6, mscratch, zero
core   0: 3 0x80007ac0 (0x34003873) x16 0x0000005f
core   0: 0x80007ac4 (0x0000717d) c.addi16sp sp, -16
core   0: 3 0x80007ac4 (0x717d) x2  0x1cb6b92e
core   0: 0x80007ac6 (0x34002af3) csrr    s5, mscratch
core   0: 3 0x80007ac6 (0x34002af3) x21 0x0000005f
core   0: 0x80007aca (0x00944663) blt     s0, s1, pc + 12
core   0: 3 0x80007aca (0x00944663)
core   0: 0x80007ad6 (0xe2d58613) addi    a2, a1, -467
core   0: 3 0x80007ad6 (0xe2d58613) x12 0x8001fc91
core   0: 0x80007ada (0x00008fb9) c.xor   a5, a4
core   0: 3 0x80007ada (0x8fb9) x15 0x00000049
core   0: 0x80007adc (0x008f7333) and     t1, t5, s0
core   0: 3 0x80007adc (0x008f7333) x6  0x00000000
core   0: 0x80007ae0 (0x00aa0933) add     s2, s4, a0
core   0: 3 0x80007ae0 (0x00aa0933) x18 0x61384008
core   0: 0x80007ae4 (0x41c3d7b3) sra     a5, t2, t3
core   0: 3 0x80007ae4 (0x41c3d7b3) x15 0x00000000
core   0: 0x80007ae8 (0x00ca5f93) srli    t6, s4, 12
core   0: 3 0x80007ae8 (0x00ca5f93) x31 0x00000000
core   0: 0x80007aec (0x00580d63) beq     a6, t0, pc + 26
core   0: 3 0x80007aec (0x00580d63)
core   0: 0x80007af0 (0x27c0ea93) ori     s5, ra, 636
core   0: 3 0x80007af0 (0x27c0ea93) x21 0x0000127c
core   0: 0x80007af4 (0x00009206) c.add   tp, ra
core   0: 3 0x80007af4 (0x9206) x4  0x00001000
core   0: 0x80007af6 (0x340128f3) csrrs   a7, mscratch, sp
core   0: 3 0x80007af6 (0x340128f3) x17 0x0000005f c832_mscratch 0x1cb6b97f
core   0: 0x80007afa (0x00ba70b3) and     ra, s4, a1
core   0: 3 0x80007afa (0x00ba70b3) x1  0x00000000
core   0: 0x80007afe (0x1f0a6113) ori     sp, s4, 496
core   0: 3 0x80007afe (0x1f0a6113) x2  0x000001f8
core   0: 0x80007b02 (0x340a5573) csrrwi  a0, mscratch, 20
core   0: 3 0x80007b02 (0x340a5573) x10 0x1cb6b97f c832_mscratch 0x00000014
core   0: 0x80007b06 (0x40bd8933) sub     s2, s11, a1
core   0: 3 0x80007b06 (0x40bd8933) x18 0x823ae587
core   0: 0x80007b0a (0x00000908) c.addi4spn a0, sp, 144
core   0: 3 0x80007b0a (0x0908) x10 0x00000288
core   0: 0x80007b0c (0x0000876d) c.srai  a4, 27
core   0: 3 0x80007b0c (0x876d) x14 0x00000000
core   0: 0x80007b0e (0x01305813) srli    a6, zero, 19
core   0: 3 0x80007b0e (0x01305813) x16 0x00000000
core   0: 0x80007b12 (0x412abc97) auipc   s9, 0x412ab
core   0: 3 0x80007b12 (0x412abc97) x25 0xc12b2b12
core   0: 0x80007b16 (0x3404b8f3) csrrc   a7, mscratch, s1
core   0: 3 0x80007b16 (0x3404b8f3) x17 0x00000014 c832_mscratch 0x00000004
core   0: 0x80007b1a (0x00000001) c.nop
core   0: 3 0x80007b1a (0x0001)
core   0: 0x80007b1c (0x00000001) c.nop
core   0: 3 0x80007b1c (0x0001)
core   0: 0x80007b1e (0x00000001) c.nop
core   0: 3 0x80007b1e (0x0001)
core   0: 0x80007b20 (0x03af4f33) div     t5, t5, s10
core   0: 3 0x80007b20 (0x03af4f33) x30 0xffffffff
core   0: 0x80007b24 (0x0000c41d) c.beqz  s0, pc + 46
core   0: 3 0x80007b24 (0xc41d)
core   0: 0x80007b52 (0x0000e789) c.bnez  a5, pc + 10
core   0: 3 0x80007b52 (0xe789)
core   0: 0x80007b54 (0xb7b14c13) xori    s8, sp, -1157
core   0: 3 0x80007b54 (0xb7b14c13) x24 0xfffffa83
core   0: 0x80007b58 (0x02a62933) mulhsu  s2, a2, a0
core   0: 3 0x80007b58 (0x02a62933) x18 0xfffffebc
core   0: 0x80007b5c (0x340030f3) csrrc   ra, mscratch, zero
core   0: 3 0x80007b5c (0x340030f3) x1  0x00000004
core   0: 0x80007b60 (0x40d05c13) srai    s8, zero, 13
core   0: 3 0x80007b60 (0x40d05c13) x24 0x00000000
core   0: 0x80007b64 (0x0396f8b3) remu    a7, a3, s9
core   0: 3 0x80007b64 (0x0396f8b3) x17 0x80023ce4
core   0: 0x80007b68 (0x00196b63) bltu    s2, ra, pc + 22
core   0: 3 0x80007b68 (0x00196b63)
core   0: 0x80007b6c (0x0329dbb3) divu    s7, s3, s2
core   0: 3 0x80007b6c (0x0329dbb3) x23 0x00000000
core   0: 0x80007b70 (0x3404af73) csrrs   t5, mscratch, s1
core   0: 3 0x80007b70 (0x3404af73) x30 0x00000004 c832_mscratch 0x7bd8f576
core   0: 0x80007b74 (0x2a90a513) slti    a0, ra, 681
core   0: 3 0x80007b74 (0x2a90a513) x10 0x00000001
core   0: 0x80007b78 (0x0000874d) c.srai  a4, 19
core   0: 3 0x80007b78 (0x874d) x14 0x00000000
core   0: 0x80007b7a (0x34003273) csrrc   tp, mscratch, zero
core   0: 3 0x80007b7a (0x34003273) x4  0x7bd8f576
core   0: 0x80007b7e (0x00001488) c.addi4spn a0, sp, 608
core   0: 3 0x80007b7e (0x1488) x10 0x00000458
core   0: 0x80007b80 (0xdc454013) xori    zero, a0, -572
core   0: 3 0x80007b80 (0xdc454013)
core   0: 0x80007b84 (0x34003bf3) csrrc   s7, mscratch, zero
core   0: 3 0x80007b84 (0x34003bf3) x23 0x7bd8f576
core   0: 0x80007b88 (0x00008742) c.mv    a4, a6
core   0: 3 0x80007b88 (0x8742) x14 0x00000000
core   0: 0x80007b8a (0x007c70b3) and     ra, s8, t2
core   0: 3 0x80007b8a (0x007c70b3) x1  0x00000000
core   0: 0x80007b8e (0x039f42b3) div     t0, t5, s9
core   0: 3 0x80007b8e (0x039f42b3) x5  0x00000000
core   0: 0x80007b92 (0x34006173) csrrsi  sp, mscratch, 0
core   0: 3 0x80007b92 (0x34006173) x2  0x7bd8f576
core   0: 0x80007b96 (0x00b2be33) sltu    t3, t0, a1
core   0: 3 0x80007b96 (0x00b2be33) x28 0x00000001
core   0: 0x80007b9a (0x009dac33) slt     s8, s11, s1
core   0: 3 0x80007b9a (0x009dac33) x24 0x00000001
core   0: 0x80007b9e (0x03b7a133) mulhsu  sp, a5, s11
core   0: 3 0x80007b9e (0x03b7a133) x2  0x00000000
core   0: 0x80007ba2 (0x01e6dd13) srli    s10, a3, 30
core   0: 3 0x80007ba2 (0x01e6dd13) x26 0x00000002
core   0: 0x80007ba6 (0x41d98eb3) sub     t4, s3, t4
core   0: 3 0x80007ba6 (0x41d98eb3) x29 0xffffffed
core   0: 0x80007baa (0x00008261) c.srli  a2, 24
core   0: 3 0x80007baa (0x8261) x12 0x00000080
core   0: 0x80007bac (0x0173ea63) bltu    t2, s7, pc + 20
core   0: 3 0x80007bac (0x0173ea63)
core   0: 0x80007bc0 (0x03802933) mulhsu  s2, zero, s8
core   0: 3 0x80007bc0 (0x03802933) x18 0x00000000
core   0: 0x80007bc4 (0x00008005) c.srli  s0, 1
core   0: 3 0x80007bc4 (0x8005) x8  0x00000000
core   0: 0x80007bc6 (0x00000001) c.nop
core   0: 3 0x80007bc6 (0x0001)
core   0: 0x80007bc8 (0x0000e21d) c.bnez  a2, pc + 38
core   0: 3 0x80007bc8 (0xe21d)
core   0: 0x80007bee (0x41295db3) sra     s11, s2, s2
core   0: 3 0x80007bee (0x41295db3) x27 0x00000000
core   0: 0x80007bf2 (0x02f3b233) mulhu   tp, t2, a5
core   0: 3 0x80007bf2 (0x02f3b233) x4  0x00000000
core   0: 0x80007bf6 (0x0000075a) c.slli  a4, 22
core   0: 3 0x80007bf6 (0x075a) x14 0x00000000
core   0: 0x80007bf8 (0xeb1a2a13) slti    s4, s4, -335
core   0: 3 0x80007bf8 (0xeb1a2a13) x20 0x00000000
core   0: 0x80007bfc (0x017a5d63) bge     s4, s7, pc + 26
core   0: 3 0x80007bfc (0x017a5d63)
core   0: 0x80007c00 (0x00006c05) c.lui   s8, 0x1
core   0: 3 0x80007c00 (0x6c05) x24 0x00001000
core   0: 0x80007c02 (0xb20ddf97) auipc   t6, 0xb20dd
core   0: 3 0x80007c02 (0xb20ddf97) x31 0x320e4c02
core   0: 0x80007c06 (0x00e68633) add     a2, a3, a4
core   0: 3 0x80007c06 (0x00e68633) x12 0x80023ce4
core   0: 0x80007c0a (0x0ff0000f) fence   iorw,iorw
core   0: 3 0x80007c0a (0x0ff0000f)
core   0: 0x80007c0e (0x01e647b3) xor     a5, a2, t5
core   0: 3 0x80007c0e (0x01e647b3) x15 0x80023ce0
core   0: 0x80007c12 (0x340024f3) csrr    s1, mscratch
core   0: 3 0x80007c12 (0x340024f3) x9  0x7bd8f576
core   0: 0x80007c16 (0x0149afb3) slt     t6, s3, s4
core   0: 3 0x80007c16 (0x0149afb3) x31 0x00000000
core   0: 0x80007c1a (0x06331c63) bne     t1, gp, pc + 120
core   0: 3 0x80007c1a (0x06331c63)
core   0: 0x80007c92 (0xac21d137) lui     sp, 0xac21d
core   0: 3 0x80007c92 (0xac21d137) x2  0xac21d000
core   0: 0x80007c96 (0x0294c063) blt     s1, s1, pc + 32
core   0: 3 0x80007c96 (0x0294c063)
core   0: 0x80007c9a (0x415cddb3) sra     s11, s9, s5
core   0: 3 0x80007c9a (0x415cddb3) x27 0xfffffffc
core   0: 0x80007c9e (0x00004749) c.li    a4, 18
core   0: 3 0x80007c9e (0x4749) x14 0x00000012
core   0: 0x80007ca0 (0x0238d533) divu    a0, a7, gp
core   0: 3 0x80007ca0 (0x0238d533) x10 0x00000000
core   0: 0x80007ca4 (0x53f24b13) xori    s6, tp, 1343
core   0: 3 0x80007ca4 (0x53f24b13) x22 0x0000053f
core   0: 0x80007ca8 (0x3136b793) sltiu   a5, a3, 787
core   0: 3 0x80007ca8 (0x3136b793) x15 0x00000000
core   0: 0x80007cac (0x0ff0000f) fence   iorw,iorw
core   0: 3 0x80007cac (0x0ff0000f)
core   0: 0x80007cb0 (0x00001784) c.addi4spn s1, sp, 992
core   0: 3 0x80007cb0 (0x1784) x9  0xac21d3e0
core   0: 0x80007cb2 (0x01999733) sll     a4, s3, s9
core   0: 3 0x80007cb2 (0x01999733) x14 0x000c0000
core   0: 0x80007cb6 (0x00008c09) c.sub   s0, a0
core   0: 3 0x80007cb6 (0x8c09) x8  0x00000000
core   0: 0x80007cb8 (0x00666c33) or      s8, a2, t1
core   0: 3 0x80007cb8 (0x00666c33) x24 0x80023ce4
core   0: 0x80007cbc (0x004782b3) add     t0, a5, tp
core   0: 3 0x80007cbc (0x004782b3) x5  0x00000000
core   0: 0x80007cc0 (0x010f3a33) sltu    s4, t5, a6
core   0: 3 0x80007cc0 (0x010f3a33) x20 0x00000000
core   0: 0x80007cc4 (0x00008671) c.srai  a2, 28
core   0: 3 0x80007cc4 (0x8671) x12 0xfffffff8
core   0: 0x80007cc6 (0x7801f613) andi    a2, gp, 1920
core   0: 3 0x80007cc6 (0x7801f613) x12 0x00000480
core   0: 0x80007cca (0x00006d45) c.lui   s10, 0x11
core   0: 3 0x80007cca (0x6d45) x26 0x00011000
core   0: 0x80007ccc (0x0000c901) c.beqz  a0, pc + 16
core   0: 3 0x80007ccc (0xc901)
core   0: 0x80007cdc (0x002fdd93) srli    s11, t6, 2
core   0: 3 0x80007cdc (0x002fdd93) x27 0x00000000
core   0: 0x80007ce0 (0x00c8da93) srli    s5, a7, 12
core   0: 3 0x80007ce0 (0x00c8da93) x21 0x00080023
core   0: 0x80007ce4 (0xd2db6f13) ori     t5, s6, -723
core   0: 3 0x80007ce4 (0xd2db6f13) x30 0xfffffd3f
core   0: 0x80007ce8 (0x34076d73) csrrsi  s10, mscratch, 14
core   0: 3 0x80007ce8 (0x34076d73) x26 0x7bd8f576 c832_mscratch 0x7bd8f57e
core   0: 0x80007cec (0xc30e6897) auipc   a7, 0xc30e6
core   0: 3 0x80007cec (0xc30e6897) x17 0x430edcec
core   0: 0x80007cf0 (0x0171d333) srl     t1, gp, s7
core   0: 3 0x80007cf0 (0x0171d333) x6  0x000003ff
core   0: 0x80007cf4 (0x34003273) csrrc   tp, mscratch, zero
core   0: 3 0x80007cf4 (0x34003273) x4  0x7bd8f57e
core   0: 0x80007cf8 (0x34007773) csrrci  a4, mscratch, 0
core   0: 3 0x80007cf8 (0x34007773) x14 0x7bd8f57e
core   0: 0x80007cfc (0x02892b33) mulhsu  s6, s2, s0
core   0: 3 0x80007cfc (0x02892b33) x22 0x00000000
core   0: 0x80007d00 (0x00008c31) c.xor   s0, a2
core   0: 3 0x80007d00 (0x8c31) x8  0x00000480
core   0: 0x80007d02 (0x9ba53193) sltiu   gp, a0, -1606
core   0: 3 0x80007d02 (0x9ba53193) x3  0x00000001
core   0: 0x80007d06 (0xffff8397) auipc   t2, 0xffff8
core   0: 3 0x80007d06 (0xffff8397) x7  0x7ffffd06
core   0: 0x80007d0a (0x65c38393) addi    t2, t2, 1628
core   0: 3 0x80007d0a (0x65c38393) x7  0x80000362
core   0: 0x80007d0e (0x00038067) jr      t2
core   0: 3 0x80007d0e (0x00038067)
core   0: 0x80000362 (0x90000db7) lui     s11, 0x90000
core   0: 3 0x80000362 (0x90000db7) x27 0x90000000
core   0: 0x80000366 (0x00001de1) c.addi  s11, -8
core   0: 3 0x80000366 (0x1de1) x27 0x8ffffff8
core   0: 0x80000368 (0x00004901) c.li    s2, 0
core   0: 3 0x80000368 (0x4901) x18 0x00000000
core   0: 0x8000036a (0x00000922) c.slli  s2, 8
core   0: 3 0x8000036a (0x0922) x18 0x00000000
core   0: 0x8000036c (0x00000905) c.addi  s2, 1
core   0: 3 0x8000036c (0x0905) x18 0x00000001
core   0: 0x8000036e (0x012da023) sw      s2, 0(s11)
core   0: 3 0x8000036e (0x012da023) mem 0x8ffffff8 0x00000001
core   0: 0x80000372 (0x00000073) ecall
core   0: exception trap_machine_ecall, epc 0x80000372
core   0: 0x80002500 (0x0800006f) j       pc + 0x80
core   0: 3 0x80002500 (0x0800006f)
core   0: 0x80002580 (0x000016f1) c.addi  a3, -4
core   0: 3 0x80002580 (0x16f1) x13 0x80023ce0
core   0: 0x80002582 (0x0000c28c) c.sw    a1, 0(a3)
core   0: 3 0x80002582 (0xc28c) mem 0x80023ce0 0x8001fe64
core   0: 0x80002584 (0x000685b3) add     a1, a3, zero
core   0: 3 0x80002584 (0x000685b3) x11 0x80023ce0
core   0: 0x80002588 (0xf8058593) addi    a1, a1, -128
core   0: 3 0x80002588 (0xf8058593) x11 0x80023c60
core   0: 0x8000258c (0x0015a223) sw      ra, 4(a1)
core   0: 3 0x8000258c (0x0015a223) mem 0x80023c64 0x00000000
core   0: 0x80002590 (0x0025a423) sw      sp, 8(a1)
core   0: 3 0x80002590 (0x0025a423) mem 0x80023c68 0xac21d000
core   0: 0x80002594 (0x0035a623) sw      gp, 12(a1)
core   0: 3 0x80002594 (0x0035a623) mem 0x80023c6c 0x00000001
core   0: 0x80002598 (0x0045a823) sw      tp, 16(a1)
core   0: 3 0x80002598 (0x0045a823) mem 0x80023c70 0x7bd8f57e
core   0: 0x8000259c (0x0055aa23) sw      t0, 20(a1)
core   0: 3 0x8000259c (0x0055aa23) mem 0x80023c74 0x00000000
core   0: 0x800025a0 (0x0065ac23) sw      t1, 24(a1)
core   0: 3 0x800025a0 (0x0065ac23) mem 0x80023c78 0x000003ff
core   0: 0x800025a4 (0x0075ae23) sw      t2, 28(a1)
core   0: 3 0x800025a4 (0x0075ae23) mem 0x80023c7c 0x80000362
core   0: 0x800025a8 (0x0000d180) c.sw    s0, 32(a1)
core   0: 3 0x800025a8 (0xd180) mem 0x80023c80 0x00000480
core   0: 0x800025aa (0x0000d1c4) c.sw    s1, 36(a1)
core   0: 3 0x800025aa (0xd1c4) mem 0x80023c84 0xac21d3e0
core   0: 0x800025ac (0x0000d588) c.sw    a0, 40(a1)
core   0: 3 0x800025ac (0xd588) mem 0x80023c88 0x00000000
core   0: 0x800025ae (0x0000d5cc) c.sw    a1, 44(a1)
core   0: 3 0x800025ae (0xd5cc) mem 0x80023c8c 0x80023c60
core   0: 0x800025b0 (0x0000d990) c.sw    a2, 48(a1)
core   0: 3 0x800025b0 (0xd990) mem 0x80023c90 0x00000480
core   0: 0x800025b2 (0x0000d9d4) c.sw    a3, 52(a1)
core   0: 3 0x800025b2 (0xd9d4) mem 0x80023c94 0x80023ce0
core   0: 0x800025b4 (0x0000dd98) c.sw    a4, 56(a1)
core   0: 3 0x800025b4 (0xdd98) mem 0x80023c98 0x7bd8f57e
core   0: 0x800025b6 (0x0000dddc) c.sw    a5, 60(a1)
core   0: 3 0x800025b6 (0xdddc) mem 0x80023c9c 0x00000000
core   0: 0x800025b8 (0x0505a023) sw      a6, 64(a1)
core   0: 3 0x800025b8 (0x0505a023) mem 0x80023ca0 0x00000000
core   0: 0x800025bc (0x0515a223) sw      a7, 68(a1)
core   0: 3 0x800025bc (0x0515a223) mem 0x80023ca4 0x430edcec
core   0: 0x800025c0 (0x0525a423) sw      s2, 72(a1)
core   0: 3 0x800025c0 (0x0525a423) mem 0x80023ca8 0x00000001
core   0: 0x800025c4 (0x0535a623) sw      s3, 76(a1)
core   0: 3 0x800025c4 (0x0535a623) mem 0x80023cac 0x00000003
core   0: 0x800025c8 (0x0545a823) sw      s4, 80(a1)
core   0: 3 0x800025c8 (0x0545a823) mem 0x80023cb0 0x00000000
core   0: 0x800025cc (0x0555aa23) sw      s5, 84(a1)
core   0: 3 0x800025cc (0x0555aa23) mem 0x80023cb4 0x00080023
core   0: 0x800025d0 (0x0565ac23) sw      s6, 88(a1)
core   0: 3 0x800025d0 (0x0565ac23) mem 0x80023cb8 0x00000000
core   0: 0x800025d4 (0x0575ae23) sw      s7, 92(a1)
core   0: 3 0x800025d4 (0x0575ae23) mem 0x80023cbc 0x7bd8f576
core   0: 0x800025d8 (0x0785a023) sw      s8, 96(a1)
core   0: 3 0x800025d8 (0x0785a023) mem 0x80023cc0 0x80023ce4
core   0: 0x800025dc (0x0795a223) sw      s9, 100(a1)
core   0: 3 0x800025dc (0x0795a223) mem 0x80023cc4 0xc12b2b12
core   0: 0x800025e0 (0x07a5a423) sw      s10, 104(a1)
core   0: 3 0x800025e0 (0x07a5a423) mem 0x80023cc8 0x7bd8f576
core   0: 0x800025e4 (0x07b5a623) sw      s11, 108(a1)
core   0: 3 0x800025e4 (0x07b5a623) mem 0x80023ccc 0x8ffffff8
core   0: 0x800025e8 (0x07c5a823) sw      t3, 112(a1)
core   0: 3 0x800025e8 (0x07c5a823) mem 0x80023cd0 0x00000001
core   0: 0x800025ec (0x07d5aa23) sw      t4, 116(a1)
core   0: 3 0x800025ec (0x07d5aa23) mem 0x80023cd4 0xffffffed
core   0: 0x800025f0 (0x07e5ac23) sw      t5, 120(a1)
core   0: 3 0x800025f0 (0x07e5ac23) mem 0x80023cd8 0xfffffd3f
core   0: 0x800025f4 (0x07f5ae23) sw      t6, 124(a1)
core   0: 3 0x800025f4 (0x07f5ae23) mem 0x80023cdc 0x00000000
core   0: 0x800025f8 (0x000586b3) add     a3, a1, zero
core   0: 3 0x800025f8 (0x000586b3) x13 0x80023c60
core   0: 0x800025fc (0x90000db7) lui     s11, 0x90000
core   0: 3 0x800025fc (0x90000db7) x27 0x90000000
core   0: 0x80002600 (0x00001df1) c.addi  s11, -4
core   0: 3 0x80002600 (0x1df1) x27 0x8ffffffc
core   0: 0x80002602 (0x00004921) c.li    s2, 8
core   0: 3 0x80002602 (0x4921) x18 0x00000008
core   0: 0x80002604 (0x00000922) c.slli  s2, 8
core   0: 3 0x80002604 (0x0922) x18 0x00000800
core   0: 0x80002606 (0x00090913) mv      s2, s2
core   0: 3 0x80002606 (0x00090913) x18 0x00000800
core   0: 0x8000260a (0x012da023) sw      s2, 0(s11)
core   0: 3 0x8000260a (0x012da023) mem 0x8ffffffc 0x00000800
core   0: 0x8000260e (0x34102973) csrr    s2, mepc
core   0: 3 0x8000260e (0x34102973) x18 0x80000372
core   0: 0x80002612 (0x34202973) csrr    s2, mcause
core   0: 3 0x80002612 (0x34202973) x18 0x0000000b
core   0: 0x80002616 (0x00004d8d) c.li    s11, 3
core   0: 3 0x80002616 (0x4d8d) x27 0x00000003
core   0: 0x80002618 (0x01b91463) bne     s2, s11, pc + 8
core   0: 3 0x80002618 (0x01b91463)
core   0: 0x80002620 (0x00004da1) c.li    s11, 8
core   0: 3 0x80002620 (0x4da1) x27 0x00000008
core   0: 0x80002622 (0x05b90d63) beq     s2, s11, pc + 90
core   0: 3 0x80002622 (0x05b90d63)
core   0: 0x80002626 (0x00004da5) c.li    s11, 9
core   0: 3 0x80002626 (0x4da5) x27 0x00000009
core   0: 0x80002628 (0x05b90a63) beq     s2, s11, pc + 84
core   0: 3 0x80002628 (0x05b90a63)
core   0: 0x8000262c (0x00004dad) c.li    s11, 11
core   0: 3 0x8000262c (0x4dad) x27 0x0000000b
core   0: 0x8000262e (0x05b90763) beq     s2, s11, pc + 78
core   0: 3 0x8000262e (0x05b90763)
core   0: 0x8000267c (0x90000db7) lui     s11, 0x90000
core   0: 3 0x8000267c (0x90000db7) x27 0x90000000
core   0: 0x80002680 (0x00001df1) c.addi  s11, -4
core   0: 3 0x80002680 (0x1df1) x27 0x8ffffffc
core   0: 0x80002682 (0x00006905) c.lui   s2, 0x1
core   0: 3 0x80002682 (0x6905) x18 0x00001000
core   0: 0x80002684 (0xb0090913) addi    s2, s2, -1280
core   0: 3 0x80002684 (0xb0090913) x18 0x00000b00
core   0: 0x80002688 (0x00000922) c.slli  s2, 8
core   0: 3 0x80002688 (0x0922) x18 0x000b0000
core   0: 0x8000268a (0x0000090d) c.addi  s2, 3
core   0: 3 0x8000268a (0x090d) x18 0x000b0003
core   0: 0x8000268c (0x012da023) sw      s2, 0(s11)
core   0: 3 0x8000268c (0x012da023) mem 0x8ffffffc 0x000b0003
core   0: 0x80002690 (0xb0002973) csrr    s2, mcycle
core   0: 3 0x80002690 (0xb0002973) x18 0x0000d04c
core   0: 0x80002694 (0x012da023) sw      s2, 0(s11)
core   0: 3 0x80002694 (0x012da023) mem 0x8ffffffc 0x0000d04c
core   0: 0x80002698 (0x90000db7) lui     s11, 0x90000
core   0: 3 0x80002698 (0x90000db7) x27 0x90000000
core   0: 0x8000269c (0x00001df1) c.addi  s11, -4
core   0: 3 0x8000269c (0x1df1) x27 0x8ffffffc
core   0: 0x8000269e (0x00006905) c.lui   s2, 0x1
core   0: 3 0x8000269e (0x6905) x18 0x00001000
core   0: 0x800026a0 (0xb8090913) addi    s2, s2, -1152
core   0: 3 0x800026a0 (0xb8090913) x18 0x00000b80
core   0: 0x800026a4 (0x00000922) c.slli  s2, 8
core   0: 3 0x800026a4 (0x0922) x18 0x000b8000
core   0: 0x800026a6 (0x0000090d) c.addi  s2, 3
core   0: 3 0x800026a6 (0x090d) x18 0x000b8003
core   0: 0x800026a8 (0x012da023) sw      s2, 0(s11)
core   0: 3 0x800026a8 (0x012da023) mem 0x8ffffffc 0x000b8003
core   0: 0x800026ac (0xb8002973) csrr    s2, mcycleh
core   0: 3 0x800026ac (0xb8002973) x18 0x00000000
core   0: 0x800026b0 (0x012da023) sw      s2, 0(s11)
core   0: 3 0x800026b0 (0x012da023) mem 0x8ffffffc 0x00000000
core   0: 0x800026b4 (0x90000db7) lui     s11, 0x90000
core   0: 3 0x800026b4 (0x90000db7) x27 0x90000000
core   0: 0x800026b8 (0x00001df1) c.addi  s11, -4
core   0: 3 0x800026b8 (0x1df1) x27 0x8ffffffc
core   0: 0x800026ba (0x00006905) c.lui   s2, 0x1
core   0: 3 0x800026ba (0x6905) x18 0x00001000
core   0: 0x800026bc (0xb0390913) addi    s2, s2, -1277
core   0: 3 0x800026bc (0xb0390913) x18 0x00000b03
core   0: 0x800026c0 (0x00000922) c.slli  s2, 8
core   0: 3 0x800026c0 (0x0922) x18 0x000b0300
core   0: 0x800026c2 (0x0000090d) c.addi  s2, 3
core   0: 3 0x800026c2 (0x090d) x18 0x000b0303
core   0: 0x800026c4 (0x012da023) sw      s2, 0(s11)
core   0: 3 0x800026c4 (0x012da023) mem 0x8ffffffc 0x000b0303
core   0: 0x800026c8 (0xb0302973) csrr    s2, mhpmcounter3
core   0: 3 0x800026c8 (0xb0302973) x18 0x00000111
core   0: 0x800026cc (0x012da023) sw      s2, 0(s11)
core   0: 3 0x800026cc (0x012da023) mem 0x8ffffffc 0x00000111
core   0: 0x800026d0 (0x90000db7) lui     s11, 0x90000
core   0: 3 0x800026d0 (0x90000db7) x27 0x90000000
core   0: 0x800026d4 (0x00001df1) c.addi  s11, -4
core   0: 3 0x800026d4 (0x1df1) x27 0x8ffffffc
core   0: 0x800026d6 (0x00006905) c.lui   s2, 0x1
core   0: 3 0x800026d6 (0x6905) x18 0x00001000
core   0: 0x800026d8 (0xb8390913) addi    s2, s2, -1149
core   0: 3 0x800026d8 (0xb8390913) x18 0x00000b83
core   0: 0x800026dc (0x00000922) c.slli  s2, 8
core   0: 3 0x800026dc (0x0922) x18 0x000b8300
core   0: 0x800026de (0x0000090d) c.addi  s2, 3
core   0: 3 0x800026de (0x090d) x18 0x000b8303
core   0: 0x800026e0 (0x012da023) sw      s2, 0(s11)
core   0: 3 0x800026e0 (0x012da023) mem 0x8ffffffc 0x000b8303
core   0: 0x800026e4 (0xb8302973) csrr    s2, mhpmcounter3h
core   0: 3 0x800026e4 (0xb8302973) x18 0x00000000
core   0: 0x800026e8 (0x012da023) sw      s2, 0(s11)
core   0: 3 0x800026e8 (0x012da023) mem 0x8ffffffc 0x00000000
core   0: 0x800026ec (0x90000db7) lui     s11, 0x90000
core   0: 3 0x800026ec (0x90000db7) x27 0x90000000
core   0: 0x800026f0 (0x00001df1) c.addi  s11, -4
core   0: 3 0x800026f0 (0x1df1) x27 0x8ffffffc
core   0: 0x800026f2 (0x00006905) c.lui   s2, 0x1
core   0: 3 0x800026f2 (0x6905) x18 0x00001000
core   0: 0x800026f4 (0xb0490913) addi    s2, s2, -1276
core   0: 3 0x800026f4 (0xb0490913) x18 0x00000b04
core   0: 0x800026f8 (0x00000922) c.slli  s2, 8
core   0: 3 0x800026f8 (0x0922) x18 0x000b0400
core   0: 0x800026fa (0x0000090d) c.addi  s2, 3
core   0: 3 0x800026fa (0x090d) x18 0x000b0403
core   0: 0x800026fc (0x012da023) sw      s2, 0(s11)
core   0: 3 0x800026fc (0x012da023) mem 0x8ffffffc 0x000b0403
core   0: 0x80002700 (0xb0402973) csrr    s2, mhpmcounter4
core   0: 3 0x80002700 (0xb0402973) x18 0x0000739f
core   0: 0x80002704 (0x012da023) sw      s2, 0(s11)
core   0: 3 0x80002704 (0x012da023) mem 0x8ffffffc 0x0000739f
core   0: 0x80002708 (0x90000db7) lui     s11, 0x90000
core   0: 3 0x80002708 (0x90000db7) x27 0x90000000
core   0: 0x8000270c (0x00001df1) c.addi  s11, -4
core   0: 3 0x8000270c (0x1df1) x27 0x8ffffffc
core   0: 0x8000270e (0x00006905) c.lui   s2, 0x1
core   0: 3 0x8000270e (0x6905) x18 0x00001000
core   0: 0x80002710 (0xb8490913) addi    s2, s2, -1148
core   0: 3 0x80002710 (0xb8490913) x18 0x00000b84
core   0: 0x80002714 (0x00000922) c.slli  s2, 8
core   0: 3 0x80002714 (0x0922) x18 0x000b8400
core   0: 0x80002716 (0x0000090d) c.addi  s2, 3
core   0: 3 0x80002716 (0x090d) x18 0x000b8403
core   0: 0x80002718 (0x012da023) sw      s2, 0(s11)
core   0: 3 0x80002718 (0x012da023) mem 0x8ffffffc 0x000b8403
core   0: 0x8000271c (0xb8402973) csrr    s2, mhpmcounter4h
core   0: 3 0x8000271c (0xb8402973) x18 0x00000000
core   0: 0x80002720 (0x012da023) sw      s2, 0(s11)
core   0: 3 0x80002720 (0x012da023) mem 0x8ffffffc 0x00000000
core   0: 0x80002724 (0x90000db7) lui     s11, 0x90000
core   0: 3 0x80002724 (0x90000db7) x27 0x90000000
core   0: 0x80002728 (0x00001df1) c.addi  s11, -4
core   0: 3 0x80002728 (0x1df1) x27 0x8ffffffc
core   0: 0x8000272a (0x00006905) c.lui   s2, 0x1
core   0: 3 0x8000272a (0x6905) x18 0x00001000
core   0: 0x8000272c (0xb0590913) addi    s2, s2, -1275
core   0: 3 0x8000272c (0xb0590913) x18 0x00000b05
core   0: 0x80002730 (0x00000922) c.slli  s2, 8
core   0: 3 0x80002730 (0x0922) x18 0x000b0500
core   0: 0x80002732 (0x0000090d) c.addi  s2, 3
core   0: 3 0x80002732 (0x090d) x18 0x000b0503
core   0: 0x80002734 (0x012da023) sw      s2, 0(s11)
core   0: 3 0x80002734 (0x012da023) mem 0x8ffffffc 0x000b0503
core   0: 0x80002738 (0xb0502973) csrr    s2, mhpmcounter5
core   0: 3 0x80002738 (0xb0502973) x18 0x00000003
core   0: 0x8000273c (0x012da023) sw      s2, 0(s11)
core   0: 3 0x8000273c (0x012da023) mem 0x8ffffffc 0x00000003
core   0: 0x80002740 (0x90000db7) lui     s11, 0x90000
core   0: 3 0x80002740 (0x90000db7) x27 0x90000000
core   0: 0x80002744 (0x00001df1) c.addi  s11, -4
core   0: 3 0x80002744 (0x1df1) x27 0x8ffffffc
core   0: 0x80002746 (0x00006905) c.lui   s2, 0x1
core   0: 3 0x80002746 (0x6905) x18 0x00001000
core   0: 0x80002748 (0xb8590913) addi    s2, s2, -1147
core   0: 3 0x80002748 (0xb8590913) x18 0x00000b85
core   0: 0x8000274c (0x00000922) c.slli  s2, 8
core   0: 3 0x8000274c (0x0922) x18 0x000b8500
core   0: 0x8000274e (0x0000090d) c.addi  s2, 3
core   0: 3 0x8000274e (0x090d) x18 0x000b8503
core   0: 0x80002750 (0x012da023) sw      s2, 0(s11)
core   0: 3 0x80002750 (0x012da023) mem 0x8ffffffc 0x000b8503
core   0: 0x80002754 (0xb8502973) csrr    s2, mhpmcounter5h
core   0: 3 0x80002754 (0xb8502973) x18 0x00000000
core   0: 0x80002758 (0x012da023) sw      s2, 0(s11)
core   0: 3 0x80002758 (0x012da023) mem 0x8ffffffc 0x00000000
core   0: 0x8000275c (0x90000db7) lui     s11, 0x90000
core   0: 3 0x8000275c (0x90000db7) x27 0x90000000
core   0: 0x80002760 (0x00001df1) c.addi  s11, -4
core   0: 3 0x80002760 (0x1df1) x27 0x8ffffffc
core   0: 0x80002762 (0x00006905) c.lui   s2, 0x1
core   0: 3 0x80002762 (0x6905) x18 0x00001000
core   0: 0x80002764 (0xb0690913) addi    s2, s2, -1274
core   0: 3 0x80002764 (0xb0690913) x18 0x00000b06
core   0: 0x80002768 (0x00000922) c.slli  s2, 8
core   0: 3 0x80002768 (0x0922) x18 0x000b0600
core   0: 0x8000276a (0x0000090d) c.addi  s2, 3
core   0: 3 0x8000276a (0x090d) x18 0x000b0603
core   0: 0x8000276c (0x012da023) sw      s2, 0(s11)
core   0: 3 0x8000276c (0x012da023) mem 0x8ffffffc 0x000b0603
core   0: 0x80002770 (0xb0602973) csrr    s2, mhpmcounter6
core   0: 3 0x80002770 (0xb0602973) x18 0x0000003b
core   0: 0x80002774 (0x012da023) sw      s2, 0(s11)
core   0: 3 0x80002774 (0x012da023) mem 0x8ffffffc 0x0000003b
core   0: 0x80002778 (0x90000db7) lui     s11, 0x90000
core   0: 3 0x80002778 (0x90000db7) x27 0x90000000
core   0: 0x8000277c (0x00001df1) c.addi  s11, -4
core   0: 3 0x8000277c (0x1df1) x27 0x8ffffffc
core   0: 0x8000277e (0x00006905) c.lui   s2, 0x1
core   0: 3 0x8000277e (0x6905) x18 0x00001000
core   0: 0x80002780 (0xb8690913) addi    s2, s2, -1146
core   0: 3 0x80002780 (0xb8690913) x18 0x00000b86
core   0: 0x80002784 (0x00000922) c.slli  s2, 8
core   0: 3 0x80002784 (0x0922) x18 0x000b8600
core   0: 0x80002786 (0x0000090d) c.addi  s2, 3
core   0: 3 0x80002786 (0x090d) x18 0x000b8603
core   0: 0x80002788 (0x012da023) sw      s2, 0(s11)
core   0: 3 0x80002788 (0x012da023) mem 0x8ffffffc 0x000b8603
core   0: 0x8000278c (0xb8602973) csrr    s2, mhpmcounter6h
core   0: 3 0x8000278c (0xb8602973) x18 0x00000000
core   0: 0x80002790 (0x012da023) sw      s2, 0(s11)
core   0: 3 0x80002790 (0x012da023) mem 0x8ffffffc 0x00000000
core   0: 0x80002794 (0x90000db7) lui     s11, 0x90000
core   0: 3 0x80002794 (0x90000db7) x27 0x90000000
core   0: 0x80002798 (0x00001df1) c.addi  s11, -4
core   0: 3 0x80002798 (0x1df1) x27 0x8ffffffc
core   0: 0x8000279a (0x00006905) c.lui   s2, 0x1
core   0: 3 0x8000279a (0x6905) x18 0x00001000
core   0: 0x8000279c (0xb0790913) addi    s2, s2, -1273
core   0: 3 0x8000279c (0xb0790913) x18 0x00000b07
core   0: 0x800027a0 (0x00000922) c.slli  s2, 8
core   0: 3 0x800027a0 (0x0922) x18 0x000b0700
core   0: 0x800027a2 (0x0000090d) c.addi  s2, 3
core   0: 3 0x800027a2 (0x090d) x18 0x000b0703
core   0: 0x800027a4 (0x012da023) sw      s2, 0(s11)
core   0: 3 0x800027a4 (0x012da023) mem 0x8ffffffc 0x000b0703
core   0: 0x800027a8 (0xb0702973) csrr    s2, mhpmcounter7
core   0: 3 0x800027a8 (0xb0702973) x18 0x000006cf
core   0: 0x800027ac (0x012da023) sw      s2, 0(s11)
core   0: 3 0x800027ac (0x012da023) mem 0x8ffffffc 0x000006cf
core   0: 0x800027b0 (0x90000db7) lui     s11, 0x90000
core   0: 3 0x800027b0 (0x90000db7) x27 0x90000000
core   0: 0x800027b4 (0x00001df1) c.addi  s11, -4
core   0: 3 0x800027b4 (0x1df1) x27 0x8ffffffc
core   0: 0x800027b6 (0x00006905) c.lui   s2, 0x1
core   0: 3 0x800027b6 (0x6905) x18 0x00001000
core   0: 0x800027b8 (0xb8790913) addi    s2, s2, -1145
core   0: 3 0x800027b8 (0xb8790913) x18 0x00000b87
core   0: 0x800027bc (0x00000922) c.slli  s2, 8
core   0: 3 0x800027bc (0x0922) x18 0x000b8700
core   0: 0x800027be (0x0000090d) c.addi  s2, 3
core   0: 3 0x800027be (0x090d) x18 0x000b8703
core   0: 0x800027c0 (0x012da023) sw      s2, 0(s11)
core   0: 3 0x800027c0 (0x012da023) mem 0x8ffffffc 0x000b8703
core   0: 0x800027c4 (0xb8702973) csrr    s2, mhpmcounter7h
core   0: 3 0x800027c4 (0xb8702973) x18 0x00000000
core   0: 0x800027c8 (0x012da023) sw      s2, 0(s11)
core   0: 3 0x800027c8 (0x012da023) mem 0x8ffffffc 0x00000000
core   0: 0x800027cc (0x90000db7) lui     s11, 0x90000
core   0: 3 0x800027cc (0x90000db7) x27 0x90000000
core   0: 0x800027d0 (0x00001df1) c.addi  s11, -4
core   0: 3 0x800027d0 (0x1df1) x27 0x8ffffffc
core   0: 0x800027d2 (0x00006905) c.lui   s2, 0x1
core   0: 3 0x800027d2 (0x6905) x18 0x00001000
core   0: 0x800027d4 (0xb0890913) addi    s2, s2, -1272
core   0: 3 0x800027d4 (0xb0890913) x18 0x00000b08
core   0: 0x800027d8 (0x00000922) c.slli  s2, 8
core   0: 3 0x800027d8 (0x0922) x18 0x000b0800
core   0: 0x800027da (0x0000090d) c.addi  s2, 3
core   0: 3 0x800027da (0x090d) x18 0x000b0803
core   0: 0x800027dc (0x012da023) sw      s2, 0(s11)
core   0: 3 0x800027dc (0x012da023) mem 0x8ffffffc 0x000b0803
core   0: 0x800027e0 (0xb0802973) csrr    s2, mhpmcounter8
core   0: 3 0x800027e0 (0xb0802973) x18 0x00000185
core   0: 0x800027e4 (0x012da023) sw      s2, 0(s11)
core   0: 3 0x800027e4 (0x012da023) mem 0x8ffffffc 0x00000185
core   0: 0x800027e8 (0x90000db7) lui     s11, 0x90000
core   0: 3 0x800027e8 (0x90000db7) x27 0x90000000
core   0: 0x800027ec (0x00001df1) c.addi  s11, -4
core   0: 3 0x800027ec (0x1df1) x27 0x8ffffffc
core   0: 0x800027ee (0x00006905) c.lui   s2, 0x1
core   0: 3 0x800027ee (0x6905) x18 0x00001000
core   0: 0x800027f0 (0xb8890913) addi    s2, s2, -1144
core   0: 3 0x800027f0 (0xb8890913) x18 0x00000b88
core   0: 0x800027f4 (0x00000922) c.slli  s2, 8
core   0: 3 0x800027f4 (0x0922) x18 0x000b8800
core   0: 0x800027f6 (0x0000090d) c.addi  s2, 3
core   0: 3 0x800027f6 (0x090d) x18 0x000b8803
core   0: 0x800027f8 (0x012da023) sw      s2, 0(s11)
core   0: 3 0x800027f8 (0x012da023) mem 0x8ffffffc 0x000b8803
core   0: 0x800027fc (0xb8802973) csrr    s2, mhpmcounter8h
core   0: 3 0x800027fc (0xb8802973) x18 0x00000000
core   0: 0x80002800 (0x012da023) sw      s2, 0(s11)
core   0: 3 0x80002800 (0x012da023) mem 0x8ffffffc 0x00000000
core   0: 0x80002804 (0x90000db7) lui     s11, 0x90000
core   0: 3 0x80002804 (0x90000db7) x27 0x90000000
core   0: 0x80002808 (0x00001df1) c.addi  s11, -4
core   0: 3 0x80002808 (0x1df1) x27 0x8ffffffc
core   0: 0x8000280a (0x00006905) c.lui   s2, 0x1
core   0: 3 0x8000280a (0x6905) x18 0x00001000
core   0: 0x8000280c (0xb0990913) addi    s2, s2, -1271
core   0: 3 0x8000280c (0xb0990913) x18 0x00000b09
core   0: 0x80002810 (0x00000922) c.slli  s2, 8
core   0: 3 0x80002810 (0x0922) x18 0x000b0900
core   0: 0x80002812 (0x0000090d) c.addi  s2, 3
core   0: 3 0x80002812 (0x090d) x18 0x000b0903
core   0: 0x80002814 (0x012da023) sw      s2, 0(s11)
core   0: 3 0x80002814 (0x012da023) mem 0x8ffffffc 0x000b0903
core   0: 0x80002818 (0xb0902973) csrr    s2, mhpmcounter9
core   0: 3 0x80002818 (0xb0902973) x18 0x000000af
core   0: 0x8000281c (0x012da023) sw      s2, 0(s11)
core   0: 3 0x8000281c (0x012da023) mem 0x8ffffffc 0x000000af
core   0: 0x80002820 (0x90000db7) lui     s11, 0x90000
core   0: 3 0x80002820 (0x90000db7) x27 0x90000000
core   0: 0x80002824 (0x00001df1) c.addi  s11, -4
core   0: 3 0x80002824 (0x1df1) x27 0x8ffffffc
core   0: 0x80002826 (0x00006905) c.lui   s2, 0x1
core   0: 3 0x80002826 (0x6905) x18 0x00001000
core   0: 0x80002828 (0xb8990913) addi    s2, s2, -1143
core   0: 3 0x80002828 (0xb8990913) x18 0x00000b89
core   0: 0x8000282c (0x00000922) c.slli  s2, 8
core   0: 3 0x8000282c (0x0922) x18 0x000b8900
core   0: 0x8000282e (0x0000090d) c.addi  s2, 3
core   0: 3 0x8000282e (0x090d) x18 0x000b8903
core   0: 0x80002830 (0x012da023) sw      s2, 0(s11)
core   0: 3 0x80002830 (0x012da023) mem 0x8ffffffc 0x000b8903
core   0: 0x80002834 (0xb8902973) csrr    s2, mhpmcounter9h
core   0: 3 0x80002834 (0xb8902973) x18 0x00000000
core   0: 0x80002838 (0x012da023) sw      s2, 0(s11)
core   0: 3 0x80002838 (0x012da023) mem 0x8ffffffc 0x00000000
core   0: 0x8000283c (0x90000db7) lui     s11, 0x90000
core   0: 3 0x8000283c (0x90000db7) x27 0x90000000
core   0: 0x80002840 (0x00001df1) c.addi  s11, -4
core   0: 3 0x80002840 (0x1df1) x27 0x8ffffffc
core   0: 0x80002842 (0x00006905) c.lui   s2, 0x1
core   0: 3 0x80002842 (0x6905) x18 0x00001000
core   0: 0x80002844 (0xb0a90913) addi    s2, s2, -1270
core   0: 3 0x80002844 (0xb0a90913) x18 0x00000b0a
core   0: 0x80002848 (0x00000922) c.slli  s2, 8
core   0: 3 0x80002848 (0x0922) x18 0x000b0a00
core   0: 0x8000284a (0x0000090d) c.addi  s2, 3
core   0: 3 0x8000284a (0x090d) x18 0x000b0a03
core   0: 0x8000284c (0x012da023) sw      s2, 0(s11)
core   0: 3 0x8000284c (0x012da023) mem 0x8ffffffc 0x000b0a03
core   0: 0x80002850 (0xb0a02973) csrr    s2, mhpmcounter10
core   0: 3 0x80002850 (0xb0a02973) x18 0x0000081d
core   0: 0x80002854 (0x012da023) sw      s2, 0(s11)
core   0: 3 0x80002854 (0x012da023) mem 0x8ffffffc 0x0000081d
core   0: 0x80002858 (0x90000db7) lui     s11, 0x90000
core   0: 3 0x80002858 (0x90000db7) x27 0x90000000
core   0: 0x8000285c (0x00001df1) c.addi  s11, -4
core   0: 3 0x8000285c (0x1df1) x27 0x8ffffffc
core   0: 0x8000285e (0x00006905) c.lui   s2, 0x1
core   0: 3 0x8000285e (0x6905) x18 0x00001000
core   0: 0x80002860 (0xb8a90913) addi    s2, s2, -1142
core   0: 3 0x80002860 (0xb8a90913) x18 0x00000b8a
core   0: 0x80002864 (0x00000922) c.slli  s2, 8
core   0: 3 0x80002864 (0x0922) x18 0x000b8a00
core   0: 0x80002866 (0x0000090d) c.addi  s2, 3
core   0: 3 0x80002866 (0x090d) x18 0x000b8a03
core   0: 0x80002868 (0x012da023) sw      s2, 0(s11)
core   0: 3 0x80002868 (0x012da023) mem 0x8ffffffc 0x000b8a03
core   0: 0x8000286c (0xb8a02973) csrr    s2, mhpmcounter10h
core   0: 3 0x8000286c (0xb8a02973) x18 0x00000000
core   0: 0x80002870 (0x012da023) sw      s2, 0(s11)
core   0: 3 0x80002870 (0x012da023) mem 0x8ffffffc 0x00000000
