Time	Cycle	PC	Insn	Decoded instruction	Register and memory contents
        2197000	         8	80000080	40001937	lui	x18,0x40001	 x18=0x40001000
        2217000	         9	80000084	10690913	addi	x18,x18,262	 x18:0x40001000 x18=0x40001106
        2237000	        10	80000088	30191073	csrrw	x0,misa,x18	 x18:0x40001106  x0=0x00000000
        2297000	        13	8000008c	00024697	auipc	x13,0x24	 x13=0x8002408c
        2317000	        14	80000090	c5868693	addi	x13,x13,-936	 x13:0x8002408c x13=0x80023ce4
        2417000	        19	80000094	00002917	auipc	x18,0x2	 x18=0x80002094
        2837000	        40	80000098	46c90913	addi	x18,x18,1132	 x18:0x80002094 x18=0x80002500
        2857000	        41	8000009c	00196913	ori	x18,x18,1	 x18:0x80002500 x18=0x80002501
        2877000	        42	800000a0	30591073	csrrw	x0,mtvec,x18	 x18:0x80002501  x0=0x00000000
        2937000	        45	800000a4	74725073	csrrwi	x0,0x747,4	  x0=0x00000000
        3017000	        49	800000a8	00003397	auipc	x7,0x3	  x7=0x800030a8
        3037000	        50	800000ac	1fc38393	addi	x7,x7,508	  x7:0x800030a8  x7=0x800032a4
        3197000	        58	800000b0	4901	c.li	x18,0	 x18=0x00000000
        3217000	        59	800000b2	93ca	c.add	x7,x18	  x7:0x800032a4 x18:0x00000000  x7=0x800032a4
        3237000	        60	800000b4	0023d393	srli	x7,x7,0x2	  x7:0x800032a4  x7=0x20000ca9
        3257000	        61	800000b8	3b039073	csrrw	x0,pmpaddr0,x7	  x7:0x20000ca9  x0=0x00000000
        3317000	        64	800000bc	00003397	auipc	x7,0x3	  x7=0x800030bc
        3377000	        67	800000c0	1e838393	addi	x7,x7,488	  x7:0x800030bc  x7=0x800032a4
        3397000	        68	800000c4	11111937	lui	x18,0x11111	 x18=0x11111000
        3497000	        73	800000c8	11190913	addi	x18,x18,273	 x18:0x11111000 x18=0x11111111
        3557000	        76	800000cc	93ca	c.add	x7,x18	  x7:0x800032a4 x18:0x11111111  x7=0x911143b5
        3577000	        77	800000ce	0023d393	srli	x7,x7,0x2	  x7:0x911143b5  x7=0x244450ed
        3997000	        98	800000d2	3b139073	csrrw	x0,pmpaddr1,x7	  x7:0x244450ed  x0=0x00000000
        4057000	       101	800000d6	00003397	auipc	x7,0x3	  x7=0x800030d6
        4077000	       102	800000da	1ce38393	addi	x7,x7,462	  x7:0x800030d6  x7=0x800032a4
        4377000	       117	800000de	22222937	lui	x18,0x22222	 x18=0x22222000
        4397000	       118	800000e2	22290913	addi	x18,x18,546	 x18:0x22222000 x18=0x22222222
        4417000	       119	800000e6	93ca	c.add	x7,x18	  x7:0x800032a4 x18:0x22222222  x7=0xa22254c6
        4817000	       139	800000e8	0023d393	srli	x7,x7,0x2	  x7:0xa22254c6  x7=0x28889531
        5237000	       160	800000ec	3b239073	csrrw	x0,pmpaddr2,x7	  x7:0x28889531  x0=0x00000000
        5657000	       181	800000f0	00003397	auipc	x7,0x3	  x7=0x800030f0
        5837000	       190	800000f4	1b438393	addi	x7,x7,436	  x7:0x800030f0  x7=0x800032a4
        5977000	       197	800000f8	33333937	lui	x18,0x33333	 x18=0x33333000
        6137000	       205	800000fc	33390913	addi	x18,x18,819	 x18:0x33333000 x18=0x33333333
        6257000	       211	80000100	93ca	c.add	x7,x18	  x7:0x800032a4 x18:0x33333333  x7=0xb33365d7
        6677000	       232	80000102	0023d393	srli	x7,x7,0x2	  x7:0xb33365d7  x7=0x2cccd975
        6697000	       233	80000106	3b339073	csrrw	x0,pmpaddr3,x7	  x7:0x2cccd975  x0=0x00000000
        7117000	       254	8000010a	0f0f13b7	lui	x7,0xf0f1	  x7=0x0f0f1000
        7497000	       273	8000010e	f0f38393	addi	x7,x7,-241	  x7:0x0f0f1000  x7=0x0f0f0f0f
        7837000	       290	80000112	3a039073	csrrw	x0,pmpcfg0,x7	  x7:0x0f0f0f0f  x0=0x00000000
        7897000	       293	80000116	00003397	auipc	x7,0x3	  x7=0x80003116
        7917000	       294	8000011a	18e38393	addi	x7,x7,398	  x7:0x80003116  x7=0x800032a4
        8037000	       300	8000011e	44444937	lui	x18,0x44444	 x18=0x44444000
        8217000	       309	80000122	44490913	addi	x18,x18,1092	 x18:0x44444000 x18=0x44444444
        8237000	       310	80000126	93ca	c.add	x7,x18	  x7:0x800032a4 x18:0x44444444  x7=0xc44476e8
        8277000	       312	80000128	0023d393	srli	x7,x7,0x2	  x7:0xc44476e8  x7=0x31111dba
        8537000	       325	8000012c	3b439073	csrrw	x0,pmpaddr4,x7	  x7:0x31111dba  x0=0x00000000
        8597000	       328	80000130	00003397	auipc	x7,0x3	  x7=0x80003130
        8617000	       329	80000134	17438393	addi	x7,x7,372	  x7:0x80003130  x7=0x800032a4
        8637000	       330	80000138	55555937	lui	x18,0x55555	 x18=0x55555000
        8657000	       331	8000013c	55590913	addi	x18,x18,1365	 x18:0x55555000 x18=0x55555555
        8877000	       342	80000140	93ca	c.add	x7,x18	  x7:0x800032a4 x18:0x55555555  x7=0xd55587f9
        8897000	       343	80000142	0023d393	srli	x7,x7,0x2	  x7:0xd55587f9  x7=0x355561fe
        8917000	       344	80000146	3b539073	csrrw	x0,pmpaddr5,x7	  x7:0x355561fe  x0=0x00000000
        8977000	       347	8000014a	00003397	auipc	x7,0x3	  x7=0x8000314a
        9377000	       367	8000014e	15a38393	addi	x7,x7,346	  x7:0x8000314a  x7=0x800032a4
        9397000	       368	80000152	66666937	lui	x18,0x66666	 x18=0x66666000
        9417000	       369	80000156	66690913	addi	x18,x18,1638	 x18:0x66666000 x18=0x66666666
        9437000	       370	8000015a	93ca	c.add	x7,x18	  x7:0x800032a4 x18:0x66666666  x7=0xe666990a
        9457000	       371	8000015c	0023d393	srli	x7,x7,0x2	  x7:0xe666990a  x7=0x3999a642
        9477000	       372	80000160	3b639073	csrrw	x0,pmpaddr6,x7	  x7:0x3999a642  x0=0x00000000
        9597000	       378	80000164	00003397	auipc	x7,0x3	  x7=0x80003164
        9617000	       379	80000168	14038393	addi	x7,x7,320	  x7:0x80003164  x7=0x800032a4
        9637000	       380	8000016c	77777937	lui	x18,0x77777	 x18=0x77777000
        9797000	       388	80000170	77790913	addi	x18,x18,1911	 x18:0x77777000 x18=0x77777777
        9977000	       397	80000174	93ca	c.add	x7,x18	  x7:0x800032a4 x18:0x77777777  x7=0xf777aa1b
        9997000	       398	80000176	0023d393	srli	x7,x7,0x2	  x7:0xf777aa1b  x7=0x3dddea86
       10017000	       399	8000017a	3b739073	csrrw	x0,pmpaddr7,x7	  x7:0x3dddea86  x0=0x00000000
       10137000	       405	8000017e	0f0f13b7	lui	x7,0xf0f1	  x7=0x0f0f1000
       10557000	       426	80000182	f0f38393	addi	x7,x7,-241	  x7:0x0f0f1000  x7=0x0f0f0f0f
       10617000	       429	80000186	3a139073	csrrw	x0,pmpcfg1,x7	  x7:0x0f0f0f0f  x0=0x00000000
       10677000	       432	8000018a	00003397	auipc	x7,0x3	  x7=0x8000318a
       10697000	       433	8000018e	11a38393	addi	x7,x7,282	  x7:0x8000318a  x7=0x800032a4
       10717000	       434	80000192	88889937	lui	x18,0x88889	 x18=0x88889000
       10877000	       442	80000196	88890913	addi	x18,x18,-1912	 x18:0x88889000 x18=0x88888888
       10897000	       443	8000019a	93ca	c.add	x7,x18	  x7:0x800032a4 x18:0x88888888  x7=0x0888bb2c
       11237000	       460	8000019c	0023d393	srli	x7,x7,0x2	  x7:0x0888bb2c  x7=0x02222ecb
       11337000	       465	800001a0	3b839073	csrrw	x0,pmpaddr8,x7	  x7:0x02222ecb  x0=0x00000000
       11657000	       481	800001a4	00003397	auipc	x7,0x3	  x7=0x800031a4
       11937000	       495	800001a8	10038393	addi	x7,x7,256	  x7:0x800031a4  x7=0x800032a4
       12117000	       504	800001ac	9999a937	lui	x18,0x9999a	 x18=0x9999a000
       12157000	       506	800001b0	99990913	addi	x18,x18,-1639	 x18:0x9999a000 x18=0x99999999
       12177000	       507	800001b4	93ca	c.add	x7,x18	  x7:0x800032a4 x18:0x99999999  x7=0x1999cc3d
       12597000	       528	800001b6	0023d393	srli	x7,x7,0x2	  x7:0x1999cc3d  x7=0x0666730f
       12617000	       529	800001ba	3b939073	csrrw	x0,pmpaddr9,x7	  x7:0x0666730f  x0=0x00000000
       12677000	       532	800001be	00003397	auipc	x7,0x3	  x7=0x800031be
       12697000	       533	800001c2	0e638393	addi	x7,x7,230	  x7:0x800031be  x7=0x800032a4
       12717000	       534	800001c6	aaaab937	lui	x18,0xaaaab	 x18=0xaaaab000
       12737000	       535	800001ca	aaa90913	addi	x18,x18,-1366	 x18:0xaaaab000 x18=0xaaaaaaaa
       12757000	       536	800001ce	93ca	c.add	x7,x18	  x7:0x800032a4 x18:0xaaaaaaaa  x7=0x2aaadd4e
       12777000	       537	800001d0	0023d393	srli	x7,x7,0x2	  x7:0x2aaadd4e  x7=0x0aaab753
       12897000	       543	800001d4	3ba39073	csrrw	x0,pmpaddr10,x7	  x7:0x0aaab753  x0=0x00000000
       12957000	       546	800001d8	00003397	auipc	x7,0x3	  x7=0x800031d8
       12977000	       547	800001dc	0cc38393	addi	x7,x7,204	  x7:0x800031d8  x7=0x800032a4
       13137000	       555	800001e0	bbbbc937	lui	x18,0xbbbbc	 x18=0xbbbbc000
       13157000	       556	800001e4	bbb90913	addi	x18,x18,-1093	 x18:0xbbbbc000 x18=0xbbbbbbbb
       13177000	       557	800001e8	93ca	c.add	x7,x18	  x7:0x800032a4 x18:0xbbbbbbbb  x7=0x3bbbee5f
       13197000	       558	800001ea	0023d393	srli	x7,x7,0x2	  x7:0x3bbbee5f  x7=0x0eeefb97
       13297000	       563	800001ee	3bb39073	csrrw	x0,pmpaddr11,x7	  x7:0x0eeefb97  x0=0x00000000
       13397000	       568	800001f2	0f0f13b7	lui	x7,0xf0f1	  x7=0x0f0f1000
       13817000	       589	800001f6	f0f38393	addi	x7,x7,-241	  x7:0x0f0f1000  x7=0x0f0f0f0f
       13837000	       590	800001fa	3a239073	csrrw	x0,pmpcfg2,x7	  x7:0x0f0f0f0f  x0=0x00000000
       14257000	       611	800001fe	00003397	auipc	x7,0x3	  x7=0x800031fe
       14337000	       615	80000202	0a638393	addi	x7,x7,166	  x7:0x800031fe  x7=0x800032a4
       14497000	       623	80000206	ccccd937	lui	x18,0xccccd	 x18=0xccccd000
       14557000	       626	8000020a	ccc90913	addi	x18,x18,-820	 x18:0xccccd000 x18=0xcccccccc
       14577000	       627	8000020e	93ca	c.add	x7,x18	  x7:0x800032a4 x18:0xcccccccc  x7=0x4cccff70
       14977000	       647	80000210	0023d393	srli	x7,x7,0x2	  x7:0x4cccff70  x7=0x13333fdc
       14997000	       648	80000214	3bc39073	csrrw	x0,pmpaddr12,x7	  x7:0x13333fdc  x0=0x00000000
       15417000	       669	80000218	00003397	auipc	x7,0x3	  x7=0x80003218
       15437000	       670	8000021c	08c38393	addi	x7,x7,140	  x7:0x80003218  x7=0x800032a4
       15457000	       671	80000220	dddde937	lui	x18,0xdddde	 x18=0xdddde000
       15877000	       692	80000224	ddd90913	addi	x18,x18,-547	 x18:0xdddde000 x18=0xdddddddd
       15897000	       693	80000228	93ca	c.add	x7,x18	  x7:0x800032a4 x18:0xdddddddd  x7=0x5dde1081
       15917000	       694	8000022a	0023d393	srli	x7,x7,0x2	  x7:0x5dde1081  x7=0x17778420
       15937000	       695	8000022e	3bd39073	csrrw	x0,pmpaddr13,x7	  x7:0x17778420  x0=0x00000000
       15997000	       698	80000232	00003397	auipc	x7,0x3	  x7=0x80003232
       16057000	       701	80000236	07238393	addi	x7,x7,114	  x7:0x80003232  x7=0x800032a4
       16077000	       702	8000023a	eeeef937	lui	x18,0xeeeef	 x18=0xeeeef000
       16497000	       723	8000023e	eee90913	addi	x18,x18,-274	 x18:0xeeeef000 x18=0xeeeeeeee
       16517000	       724	80000242	93ca	c.add	x7,x18	  x7:0x800032a4 x18:0xeeeeeeee  x7=0x6eef2192
       16537000	       725	80000244	0023d393	srli	x7,x7,0x2	  x7:0x6eef2192  x7=0x1bbbc864
       16557000	       726	80000248	3be39073	csrrw	x0,pmpaddr14,x7	  x7:0x1bbbc864  x0=0x00000000
       16617000	       729	8000024c	00003397	auipc	x7,0x3	  x7=0x8000324c
       16637000	       730	80000250	05838393	addi	x7,x7,88	  x7:0x8000324c  x7=0x800032a4
       16957000	       746	80000254	fff00913	addi	x18,x0,-1	  x0:0x00000000 x18=0xffffffff
       16977000	       747	80000258	93ca	c.add	x7,x18	  x7:0x800032a4 x18:0xffffffff  x7=0x800032a3
       17137000	       755	8000025a	0023d393	srli	x7,x7,0x2	  x7:0x800032a3  x7=0x20000ca8
       17197000	       758	8000025e	3bf39073	csrrw	x0,pmpaddr15,x7	  x7:0x20000ca8  x0=0x00000000
       17257000	       761	80000262	0f0f13b7	lui	x7,0xf0f1	  x7=0x0f0f1000
       17497000	       773	80000266	f0f38393	addi	x7,x7,-241	  x7:0x0f0f1000  x7=0x0f0f0f0f
       17537000	       775	8000026a	3a339073	csrrw	x0,pmpcfg3,x7	  x7:0x0f0f0f0f  x0=0x00000000
       17957000	       796	8000026e	00000917	auipc	x18,0x0	 x18=0x8000026e
       17977000	       797	80000272	05890913	addi	x18,x18,88	 x18:0x8000026e x18=0x800002c6
       18397000	       818	80000276	34191073	csrrw	x0,mepc,x18	 x18:0x800002c6  x0=0x00000000
       18417000	       819	8000027a	7c00d073	csrrwi	x0,0x7c0,1	  x0=0x00000000
       18477000	       822	8000027e	6909	c.lui	x18,0x2	 x18=0x00002000
       18497000	       823	80000280	80090913	addi	x18,x18,-2048	 x18:0x00002000 x18=0x00001800
       18797000	       838	80000284	30091073	csrrw	x0,mstatus,x18	 x18:0x00001800  x0=0x00000000
       18857000	       841	80000288	4901	c.li	x18,0	 x18=0x00000000
       18877000	       842	8000028a	30491073	csrrw	x0,mie,x18	 x18:0x00000000  x0=0x00000000
       18937000	       845	8000028e	90000db7	lui	x27,0x90000	 x27=0x90000000
       18957000	       846	80000292	1df1	c.addi	x27,-4	 x27:0x90000000 x27=0x8ffffffc
       18977000	       847	80000294	30000913	addi	x18,x0,768	  x0:0x00000000 x18=0x00000300
       19417000	       869	80000298	0922	c.slli	x18,0x8	 x18:0x00000300 x18=0x00030000
       19437000	       870	8000029a	090d	c.addi	x18,3	 x18:0x00030000 x18=0x00030003
       19897000	       893	8000029c	012da023	sw	x18,0(x27)	 x27:0x8ffffffc x18:0x00030003 PA:0x8ffffffc store:0x00030003 load:0xffffffff
       19917000	       894	800002a0	30002973	csrrs	x18,mstatus,x0	  x0:0x00000000 x18=0x00001800
       19977000	       897	800002a4	012da023	sw	x18,0(x27)	 x27:0x8ffffffc x18:0x00001800 PA:0x8ffffffc store:0x00001800 load:0xffffffff
       19997000	       898	800002a8	90000db7	lui	x27,0x90000	 x27=0x90000000
       20017000	       899	800002ac	1df1	c.addi	x27,-4	 x27:0x90000000 x27=0x8ffffffc
       20037000	       900	800002ae	30400913	addi	x18,x0,772	  x0:0x00000000 x18=0x00000304
       20057000	       901	800002b2	0922	c.slli	x18,0x8	 x18:0x00000304 x18=0x00030400
       20077000	       902	800002b4	090d	c.addi	x18,3	 x18:0x00030400 x18=0x00030403
       20297000	       913	800002b6	012da023	sw	x18,0(x27)	 x27:0x8ffffffc x18:0x00030403 PA:0x8ffffffc store:0x00030403 load:0xffffffff
       20317000	       914	800002ba	30402973	csrrs	x18,mie,x0	  x0:0x00000000 x18=0x00000000
       20617000	       929	800002be	012da023	sw	x18,0(x27)	 x27:0x8ffffffc x18:0x00000000 PA:0x8ffffffc store:0x00000000 load:0xffffffff
       20637000	       930	800002c2	30200073	mret	
       20937000	       945	800002c6	fc8e0037	lui	x0,0xfc8e0	  x0=0x00000000
       20957000	       946	800002ca	b0400013	addi	x0,x0,-1276	  x0:0x00000000  x0=0x00000000
       20977000	       947	800002ce	4081	c.li	x1,0	  x1=0x00000000
       21637000	       980	800002d0	80000137	lui	x2,0x80000	  x2=0x80000000
       21657000	       981	800002d4	4195	c.li	x3,5	  x3=0x00000005
       21677000	       982	800002d6	80000237	lui	x4,0x80000	  x4=0x80000000
       21697000	       983	800002da	b9cf72b7	lui	x5,0xb9cf7	  x5=0xb9cf7000
       22137000	      1005	800002de	f4f28293	addi	x5,x5,-177	  x5:0xb9cf7000  x5=0xb9cf6f4f
       22157000	      1006	800002e2	4321	c.li	x6,8	  x6=0x00000008
       22337000	      1015	800002e4	4381	c.li	x7,0	  x7=0x00000000
       22357000	      1016	800002e6	4435	c.li	x8,13	  x8=0x0000000d
       22477000	      1022	800002e8	4481	c.li	x9,0	  x9=0x00000000
       22517000	      1024	800002ea	80000537	lui	x10,0x80000	 x10=0x80000000
       22817000	      1039	800002ee	feae4637	lui	x12,0xfeae4	 x12=0xfeae4000
       22837000	      1040	800002f2	50460613	addi	x12,x12,1284	 x12:0xfeae4000 x12=0xfeae4504
       22857000	      1041	800002f6	f2401737	lui	x14,0xf2401	 x14=0xf2401000
       22997000	      1048	800002fa	04670713	addi	x14,x14,70	 x14:0xf2401000 x14=0xf2401046
       23017000	      1049	800002fe	800007b7	lui	x15,0x80000	 x15=0x80000000
       23037000	      1050	80000302	ff2a5837	lui	x16,0xff2a5	 x16=0xff2a5000
       23237000	      1060	80000306	d8c80813	addi	x16,x16,-628	 x16:0xff2a5000 x16=0xff2a4d8c
       23257000	      1061	8000030a	4881	c.li	x17,0	 x17=0x00000000
       23657000	      1081	8000030c	4901	c.li	x18,0	 x18=0x00000000
       23677000	      1082	8000030e	4991	c.li	x19,4	 x19=0x00000004
       23697000	      1083	80000310	4a01	c.li	x20,0	 x20=0x00000000
       23717000	      1084	80000312	80000ab7	lui	x21,0x80000	 x21=0x80000000
       23737000	      1085	80000316	4b31	c.li	x22,12	 x22=0x0000000c
       23757000	      1086	80000318	4b81	c.li	x23,0	 x23=0x00000000
       23877000	      1092	8000031a	80000c37	lui	x24,0x80000	 x24=0x80000000
       23897000	      1093	8000031e	9bbefcb7	lui	x25,0x9bbef	 x25=0x9bbef000
       24277000	      1112	80000322	230c8c93	addi	x25,x25,560	 x25:0x9bbef000 x25=0x9bbef230
       24297000	      1113	80000326	4d01	c.li	x26,0	 x26=0x00000000
       24317000	      1114	80000328	5a709db7	lui	x27,0x5a709	 x27=0x5a709000
       24437000	      1120	8000032c	21fd8d93	addi	x27,x27,543	 x27:0x5a709000 x27=0x5a70921f
       24457000	      1121	80000330	77c6ee37	lui	x28,0x77c6e	 x28=0x77c6e000
       24497000	      1123	80000334	408e0e13	addi	x28,x28,1032	 x28:0x77c6e000 x28=0x77c6e408
       24517000	      1124	80000338	4e81	c.li	x29,0	 x29=0x00000000
       24937000	      1145	8000033a	7be08f37	lui	x30,0x7be08	 x30=0x7be08000
       25357000	      1166	8000033e	446f0f13	addi	x30,x30,1094	 x30:0x7be08000 x30=0x7be08446
       25377000	      1167	80000342	4fb9	c.li	x31,14	 x31=0x0000000e
       25397000	      1168	80000344	00020597	auipc	x11,0x20	 x11=0x80020344
       57077000	      2752	80000348	b2058593	addi	x11,x11,-1248	 x11:0x80020344 x11=0x8001fe64
       57097000	      2753	8000034c	90000db7	lui	x27,0x90000	 x27=0x90000000
       57117000	      2754	80000350	1df1	c.addi	x27,-4	 x27:0x90000000 x27=0x8ffffffc
       57137000	      2755	80000352	4901	c.li	x18,0	 x18=0x00000000
       57157000	      2756	80000354	0922	c.slli	x18,0x8	 x18:0x00000000 x18=0x00000000
       57177000	      2757	80000356	00090913	addi	x18,x18,0	 x18:0x00000000 x18=0x00000000
       57377000	      2767	8000035a	012da023	sw	x18,0(x27)	 x27:0x8ffffffc x18:0x00000000 PA:0x8ffffffc store:0x00000000 load:0xffffffff
       57597000	      2778	8000035e	7470206f	jal	x0,800032a4	  x0=0x00000000
       58037000	      2800	800032a4	34082b73	csrrs	x22,mscratch,x16	 x16:0xff2a4d8c x22=0x00000000
       58077000	      2802	800032a8	001f8833	add	x16,x31,x1	 x31:0x0000000e  x1:0x00000000 x16=0x0000000e
       58197000	      2808	800032ac	127d	c.addi	x4,-1	  x4:0x80000000  x4=0x7fffffff
       58217000	      2809	800032ae	00005117	auipc	x2,0x5	  x2=0x800082ae
       58237000	      2810	800032b2	ea410113	addi	x2,x2,-348	  x2:0x800082ae  x2=0x80008152
       58257000	      2811	800032b6	8c5d	c.or	x8,x15	  x8:0x0000000d x15:0x80000000  x8=0x8000000d
       58277000	      2812	800032b8	ec910113	addi	x2,x2,-311	  x2:0x80008152  x2=0x8000801b
       58297000	      2813	800032bc	34019573	csrrw	x10,mscratch,x3	  x3:0x00000005 x10=0xff2a4d8c
       58377000	      2817	800032c0	8c6a	c.mv	x24,x26	  x0:0x00000000 x26:0x00000000 x24=0x00000000
       58937000	      2845	800032c2	137101e7	jalr	x3,311(x2)	  x2:0x8000801b  x3=0x800032c6
       59857000	      2891	80008152	fd058593	addi	x11,x11,-48	 x11:0x8001fe64 x11=0x8001fe34
       59877000	      2892	80008156	8fdd	c.or	x15,x15	 x15:0x80000000 x15:0x80000000 x15=0x80000000
       59897000	      2893	80008158	9412	c.add	x8,x4	  x8:0x8000000d  x4:0x7fffffff  x8=0x0000000c
       59997000	      2898	8000815a	019b0033	add	x0,x22,x25	 x22:0x00000000 x25:0x9bbef230  x0=0x00000000
       60337000	      2915	8000815e	0035a223	sw	x3,4(x11)	 x11:0x8001fe34  x3:0x800032c6 PA:0x8001fe38 store:0x800032c6 load:0xffffffff
       60377000	      2917	80008162	0363cab3	div	x21,x7,x22	  x7:0x00000000 x22:0x00000000 x21=0xffffffff
       60417000	      2919	80008166	028001ef	jal	x3,8000818e	  x3=0x8000816a
       61197000	      2958	8000818e	37fd	c.jal	8000817c	  x1=0x80008190
       61237000	      2960	8000817c	2009	c.jal	8000817e	  x1=0x8000817e
       61297000	      2963	8000817e	2029	c.jal	80008188	  x1=0x80008180
       61357000	      2966	80008188	ffdff0ef	jal	x1,80008184	  x1=0x8000818c
       62397000	      3018	80008184	a811	c.j	80008198	
       62437000	      3020	80008198	bff9	c.j	80008176	
       62477000	      3022	80008176	a029	c.j	80008180	
       62537000	      3025	80008180	016000ef	jal	x1,80008196	  x1=0x80008184
       62597000	      3028	80008196	b7cd	c.j	80008178	
       62657000	      3031	80008178	200d	c.jal	8000819a	  x1=0x8000817a
       62717000	      3034	8000819a	bfd9	c.j	80008170	
       62757000	      3036	80008170	a005	c.j	80008190	
       62817000	      3039	80008190	fe3ff7ef	jal	x15,80008172	 x15=0x80008194
       62877000	      3042	80008172	200d	c.jal	80008194	  x1=0x80008174
       62937000	      3045	80008194	b7c5	c.j	80008174	
       62997000	      3048	80008174	bfdd	c.j	8000816a	
       63077000	      3052	8000816a	032002ef	jal	x5,8000819c	  x5=0x8000816e
       63137000	      3055	8000819c	fdfff0ef	jal	x1,8000817a	  x1=0x800081a0
       63177000	      3057	8000817a	2031	c.jal	80008186	  x1=0x8000817c
       63217000	      3059	80008186	a831	c.j	800081a2	
       63257000	      3061	800081a2	37ed	c.jal	8000818c	  x1=0x800081a4
       63457000	      3071	8000818c	2811	c.jal	800081a0	  x1=0x8000818e
       63517000	      3074	800081a0	37f9	c.jal	8000816e	  x1=0x800081a2
       63557000	      3076	8000816e	281d	c.jal	800081a4	  x1=0x80008170
       63597000	      3078	800081a4	34003cf3	csrrc	x25,mscratch,x0	  x0:0x00000000 x25=0x00000005
       64097000	      3103	800081a8	00db6c33	or	x24,x22,x13	 x22:0x00000000 x13:0x80023ce4 x24=0x80023ce4
       64197000	      3108	800081ac	01a29c63	bne	x5,x26,800081c4	  x5:0x8000816e x26:0x00000000
       65257000	      3161	800081c4	0001	c.addi	x0,0	  x0:0x00000000  x0=0x00000000
       65277000	      3162	800081c6	4821	c.li	x16,8	 x16=0x00000008
       65957000	      3196	800081c8	04e4eb63	bltu	x9,x14,8000821e	  x9:0x00000000 x14:0xf2401046
       66117000	      3204	8000821e	8d59	c.or	x10,x14	 x10:0xff2a4d8c x14:0xf2401046 x10=0xff6a5dce
       66677000	      3232	80008220	0001	c.addi	x0,0	  x0:0x00000000  x0=0x00000000
       66697000	      3233	80008222	41725cb3	sra	x25,x4,x23	  x4:0x7fffffff x23:0x00000000 x25=0x7fffffff
       66717000	      3234	80008226	34007cf3	csrrci	x25,mscratch,0	 x25=0x00000005
       66737000	      3235	8000822a	0090d7b3	srl	x15,x1,x9	  x1:0x80008170  x9:0x00000000 x15=0x80008170
       66757000	      3236	8000822e	e70d	c.bnez	x14,80008258	 x14:0xf2401046
       67477000	      3272	80008258	340e5df3	csrrwi	x27,mscratch,28	 x27=0x00000005
       67497000	      3273	8000825c	01f6e363	bltu	x13,x31,80008262	 x13:0x80023ce4 x31:0x0000000e
       67897000	      3293	80008260	8cbd	c.xor	x9,x15	  x9:0x00000000 x15:0x80008170  x9=0x80008170
       68017000	      3299	80008262	67c84193	xori	x3,x16,1660	 x16:0x00000008  x3=0x00000674
       68097000	      3303	80008266	0229f063	bgeu	x19,x2,80008286	 x19:0x00000004  x2:0x8000801b
       68117000	      3304	8000826a	c705	c.beqz	x14,80008292	 x14:0xf2401046
       68137000	      3305	8000826c	cb7f6fb7	lui	x31,0xcb7f6	 x31=0xcb7f6000
       68157000	      3306	80008270	00d67263	bgeu	x12,x13,80008274	 x12:0xfeae4504 x13:0x80023ce4
       68317000	      3314	80008274	2051ff93	andi	x31,x3,517	  x3:0x00000674 x31=0x00000204
       69617000	      3379	80008278	028a6b33	rem	x22,x20,x8	 x20:0x00000000  x8:0x0000000c x22=0x00000000
       69637000	      3380	8000827c	8335	c.srli	x14,0xd	 x14:0xf2401046 x14=0x00079200
       69657000	      3381	8000827e	3404eef3	csrrsi	x29,mscratch,9	 x29=0x0000001c
       69677000	      3382	80008282	09b02b93	slti	x23,x0,155	  x0:0x00000000 x23=0x00000001
       69697000	      3383	80008286	34036473	csrrsi	x8,mscratch,6	  x8=0x0000001d
       70437000	      3420	8000828a	0242d433	divu	x8,x5,x4	  x5:0x8000816e  x4:0x7fffffff  x8=0x00000001
       70477000	      3422	8000828e	03c52133	mulhsu	x2,x10,x28	 x10:0xff6a5dce x28:0x77c6e408  x2=0xffb9fd5a
       70497000	      3423	80008292	8e29	c.xor	x12,x10	 x12:0xfeae4504 x10:0xff6a5dce x12=0x01c418ca
       70517000	      3424	80008294	8c89	c.sub	x9,x10	  x9:0x80008170 x10:0xff6a5dce  x9=0x809623a2
       70537000	      3425	80008296	00018a17	auipc	x20,0x18	 x20=0x80020296
       70557000	      3426	8000829a	9c203a93	sltiu	x21,x0,-1598	  x0:0x00000000 x21=0x00000001
       70577000	      3427	8000829e	34055df3	csrrwi	x27,mscratch,10	 x27=0x0000001f
       70597000	      3428	800082a2	89f71097	auipc	x1,0x89f71	  x1=0x09f792a2
       70637000	      3430	800082a6	02d1c163	blt	x3,x13,800082c8	  x3:0x00000674 x13:0x80023ce4
       70837000	      3440	800082aa	00aa4ab3	xor	x21,x20,x10	 x20:0x80020296 x10:0xff6a5dce x21=0x7f685f58
       71257000	      3461	800082ae	010e7a33	and	x20,x28,x16	 x28:0x77c6e408 x16:0x00000008 x20=0x00000008
       71437000	      3470	800082b2	00055d63	bge	x10,x0,800082cc	 x10:0xff6a5dce  x0:0x00000000
       71637000	      3480	800082b6	5838a193	slti	x3,x17,1411	 x17:0x00000000  x3=0x00000001
       71657000	      3481	800082ba	004ef963	bgeu	x29,x4,800082cc	 x29:0x0000001c  x4:0x7fffffff
       71677000	      3482	800082be	0e25bc93	sltiu	x25,x11,226	 x11:0x8001fe34 x25=0x00000000
       71697000	      3483	800082c2	01e85513	srli	x10,x16,0x1e	 x16:0x00000008 x10=0x00000000
       71717000	      3484	800082c6	9a7d	c.andi	x12,-1	 x12:0x01c418ca x12=0x01c418ca
       71737000	      3485	800082c8	01ca3a33	sltu	x20,x20,x28	 x20:0x00000008 x28:0x77c6e408 x20=0x00000001
       72017000	      3499	800082cc	41a45733	sra	x14,x8,x26	  x8:0x00000001 x26:0x00000000 x14=0x00000001
       72037000	      3500	800082d0	40125493	srai	x9,x4,0x1	  x4:0x7fffffff  x9=0x3fffffff
       72217000	      3509	800082d4	41a482b3	sub	x5,x9,x26	  x9:0x3fffffff x26:0x00000000  x5=0x3fffffff
       72337000	      3515	800082d8	0045a183	lw	x3,4(x11)	 x11:0x8001fe34  x3=0x800032c6 PA:0x8001fe38 load:0x800032c6
       72397000	      3518	800082dc	0000100f	fence.i	
       72717000	      3534	800082e0	4f9f6e13	ori	x28,x30,1273	 x30:0x7be08446 x28=0x7be084ff
       72957000	      3546	800082e4	40155713	srai	x14,x10,0x1	 x10:0x00000000 x14=0x00000000
       72977000	      3547	800082e8	03058593	addi	x11,x11,48	 x11:0x8001fe34 x11=0x8001fe64
       72997000	      3548	800082ec	41f40f33	sub	x30,x8,x31	  x8:0x00000001 x31:0x00000204 x30=0xfffffdfd
       73017000	      3549	800082f0	340278f3	csrrci	x17,mscratch,4	 x17=0x0000000a
       73117000	      3554	800082f4	340234f3	csrrc	x9,mscratch,x4	  x4:0x7fffffff  x9=0x0000000a
       73537000	      3575	800082f8	00118d13	addi	x26,x3,1	  x3:0x800032c6 x26=0x800032c7
       73557000	      3576	800082fc	8d02	c.jr	x26	 x26:0x800032c7
       74017000	      3599	800032c6	01a001ef	jal	x3,800032e0	  x3=0x800032ca
       74477000	      3622	800032e0	bff5	c.j	800032dc	
       74777000	      3637	800032dc	ff9ff0ef	jal	x1,800032d4	  x1=0x800032e0
       75817000	      3689	800032d4	3fed	c.jal	800032ce	  x1=0x800032d6
       76657000	      3731	800032ce	00c000ef	jal	x1,800032da	  x1=0x800032d2
       76757000	      3736	800032da	bfe5	c.j	800032d2	
       77397000	      3768	800032d2	3fed	c.jal	800032cc	  x1=0x800032d4
       78297000	      3813	800032cc	a819	c.j	800032e2	
       78957000	      3846	800032e2	bfd5	c.j	800032d6	
       79557000	      3876	800032d6	ff5ff0ef	jal	x1,800032ca	  x1=0x800032da
       79637000	      3880	800032ca	2829	c.jal	800032e4	  x1=0x800032cc
       79717000	      3884	800032e4	02421233	mulh	x4,x4,x4	  x4:0x7fffffff  x4:0x7fffffff  x4=0x3fffffff
       79737000	      3885	800032e8	02a001ef	jal	x3,80003312	  x3=0x800032ec
       82857000	      4041	80003312	2011	c.jal	80003316	  x1=0x80003314
       83977000	      4097	80003316	fd9ff0ef	jal	x1,800032ee	  x1=0x8000331a
       84077000	      4102	800032ee	0160016f	jal	x2,80003304	  x2=0x800032f2
       84677000	      4132	80003304	ff3ff36f	jal	x6,800032f6	  x6=0x80003308
       84717000	      4134	800032f6	a01d	c.j	8000331c	
       84897000	      4143	8000331c	ff9ff0ef	jal	x1,80003314	  x1=0x80003320
       84957000	      4146	80003314	b7f5	c.j	80003300	
       85017000	      4149	80003300	ff9ff36f	jal	x6,800032f8	  x6=0x80003304
       85317000	      4164	800032f8	2035	c.jal	80003324	  x1=0x800032fa
       85377000	      4167	80003324	3fd9	c.jal	800032fa	  x1=0x80003326
       85417000	      4169	800032fa	201d	c.jal	80003320	  x1=0x800032fc
       85457000	      4171	80003320	fcdff0ef	jal	x1,800032ec	  x1=0x80003324
       85497000	      4173	800032ec	a019	c.j	800032f2	
       85597000	      4178	800032f2	0280016f	jal	x2,8000331a	  x2=0x800032f6
       85657000	      4181	8000331a	37cd	c.jal	800032fc	  x1=0x8000331c
       85717000	      4184	800032fc	012000ef	jal	x1,8000330e	  x1=0x80003300
       85817000	      4189	8000330e	fffffa6f	jal	x20,8000330c	 x20=0x80003312
       85857000	      4191	8000330c	bff5	c.j	80003308	
       85897000	      4193	80003308	01e0036f	jal	x6,80003326	  x6=0x8000330c
       85957000	      4196	80003326	40a05fb3	sra	x31,x0,x10	  x0:0x00000000 x10:0x00000000 x31=0x00000000
       85977000	      4197	8000332a	02e001ef	jal	x3,80003358	  x3=0x8000332e
       86537000	      4225	80003358	bfdd	c.j	8000334e	
       86977000	      4247	8000334e	37cd	c.jal	80003330	  x1=0x80003350
       87017000	      4249	80003330	2811	c.jal	80003344	  x1=0x80003332
       87757000	      4286	80003344	ffdff8ef	jal	x17,80003340	 x17=0x80003348
       88477000	      4322	80003340	ffbff36f	jal	x6,8000333a	  x6=0x80003344
       88517000	      4324	8000333a	3fe5	c.jal	80003332	  x1=0x8000333c
       88557000	      4326	80003332	2011	c.jal	80003336	  x1=0x80003334
       88597000	      4328	80003336	a009	c.j	80003338	
       88677000	      4332	80003338	2839	c.jal	80003356	  x1=0x8000333a
       88737000	      4335	80003356	2021	c.jal	8000335e	  x1=0x80003358
       88797000	      4338	8000335e	37f5	c.jal	8000334a	  x1=0x80003360
       88877000	      4342	8000334a	ff3ff36f	jal	x6,8000333c	  x6=0x8000334e
       88937000	      4345	8000333c	ff3ff0ef	jal	x1,8000332e	  x1=0x80003340
       88977000	      4347	8000332e	2829	c.jal	80003348	  x1=0x80003330
       89017000	      4349	80003348	a021	c.j	80003350	
       89057000	      4351	80003350	004000ef	jal	x1,80003354	  x1=0x80003354
       89097000	      4353	80003354	37c5	c.jal	80003334	  x1=0x80003356
       89137000	      4355	80003334	a035	c.j	80003360	
       89177000	      4357	80003360	bfed	c.j	8000335a	
       89537000	      4375	8000335a	008000ef	jal	x1,80003362	  x1=0x8000335e
       89597000	      4378	80003362	01be5eb3	srl	x29,x28,x27	 x28:0x7be084ff x27:0x0000001f x29=0x00000000
       89617000	      4379	80003366	01c001ef	jal	x3,80003382	  x3=0x8000336a
       90077000	      4402	80003382	ff3ff0ef	jal	x1,80003374	  x1=0x80003386
       90117000	      4404	80003374	3fe5	c.jal	8000336c	  x1=0x80003376
       90177000	      4407	8000336c	a039	c.j	8000337a	
       90577000	      4427	8000337a	bff5	c.j	80003376	
       90697000	      4433	80003376	ff5ff0ef	jal	x1,8000336a	  x1=0x8000337a
       90737000	      4435	8000336a	2819	c.jal	80003380	  x1=0x8000336c
       90777000	      4437	80003380	bffd	c.j	8000337e	
       90817000	      4439	8000337e	2021	c.jal	80003386	  x1=0x80003380
       91077000	      4452	80003386	fe9ff46f	jal	x8,8000336e	  x8=0x8000338a
       91117000	      4454	8000336e	a009	c.j	80003370	
       91157000	      4456	80003370	a009	c.j	80003372	
       91197000	      4458	80003372	2029	c.jal	8000337c	  x1=0x80003374
       91257000	      4461	8000337c	a039	c.j	8000338a	
       91337000	      4465	8000338a	3403d073	csrrwi	x0,mscratch,7	  x0=0x00000000
       91357000	      4466	8000338e	01e001ef	jal	x3,800033ac	  x3=0x80003392
       91577000	      4477	800033ac	3ff5	c.jal	800033a8	  x1=0x800033ae
       92317000	      4514	800033a8	00e0036f	jal	x6,800033b6	  x6=0x800033ac
       92437000	      4520	800033b6	fddff0ef	jal	x1,80003392	  x1=0x800033ba
       92517000	      4524	80003392	02c0076f	jal	x14,800033be	 x14=0x80003396
       93397000	      4568	800033be	010000ef	jal	x1,800033ce	  x1=0x800033c2
       94097000	      4603	800033ce	3ff5	c.jal	800033ca	  x1=0x800033d0
       94137000	      4605	800033ca	3fe1	c.jal	800033a2	  x1=0x800033cc
       95457000	      4671	800033a2	ff7ff0ef	jal	x1,80003398	  x1=0x800033a6
       95717000	      4684	80003398	02a00e6f	jal	x28,800033c2	 x28=0x8000339c
       95777000	      4687	800033c2	00a0036f	jal	x6,800033cc	  x6=0x800033c6
       95837000	      4690	800033cc	b7fd	c.j	800033ba	
       95897000	      4693	800033ba	fddff36f	jal	x6,80003396	  x6=0x800033be
       95957000	      4696	80003396	a801	c.j	800033a6	
       95997000	      4698	800033a6	2039	c.jal	800033b4	  x1=0x800033a8
       96037000	      4700	800033b4	a811	c.j	800033c8	
       96077000	      4702	800033c8	37dd	c.jal	800033ae	  x1=0x800033ca
       96157000	      4706	800033ae	ff1ff36f	jal	x6,8000339e	  x6=0x800033b2
       96237000	      4710	8000339e	028000ef	jal	x1,800033c6	  x1=0x800033a2
       96277000	      4712	800033c6	37f5	c.jal	800033b2	  x1=0x800033c8
       96317000	      4714	800033b2	37ed	c.jal	8000339c	  x1=0x800033b4
       96357000	      4716	8000339c	a815	c.j	800033d0	
       96397000	      4718	800033d0	1080	c.addi4spn	x8,x2,96	  x8=0x80003356
       96417000	      4719	800033d2	016001ef	jal	x3,800033e8	  x3=0x800033d6
       96897000	      4743	800033e8	a021	c.j	800033f0	
       97997000	      4798	800033f0	a811	c.j	80003404	
       98617000	      4829	80003404	bfdd	c.j	800033fa	
       98657000	      4831	800033fa	bfcd	c.j	800033ec	
       98717000	      4834	800033ec	014000ef	jal	x1,80003400	  x1=0x800033f0
       98777000	      4837	80003400	bff1	c.j	800033dc	
       98837000	      4840	800033dc	a821	c.j	800033f4	
       98897000	      4843	800033f4	2809	c.jal	80003406	  x1=0x800033f6
       98977000	      4847	80003406	fd1ff0ef	jal	x1,800033d6	  x1=0x8000340a
       99037000	      4850	800033d6	0340036f	jal	x6,8000340a	  x6=0x800033da
       99097000	      4853	8000340a	fd5ff0ef	jal	x1,800033de	  x1=0x8000340e
       99137000	      4855	800033de	a82d	c.j	80003418	
       99717000	      4884	80003418	febff0ef	jal	x1,80003402	  x1=0x8000341c
       99757000	      4886	80003402	b7e5	c.j	800033ea	
      100217000	      4909	800033ea	a015	c.j	8000340e	
      100297000	      4913	8000340e	fe5ffeef	jal	x29,800033f2	 x29=0x80003412
      100337000	      4915	800033f2	37e5	c.jal	800033da	  x1=0x800033f4
      100417000	      4919	800033da	a82d	c.j	80003414	
      100477000	      4922	80003414	fcdff36f	jal	x6,800033e0	  x6=0x80003418
      100537000	      4925	800033e0	0160026f	jal	x4,800033f6	  x4=0x800033e4
      100597000	      4928	800033f6	a009	c.j	800033f8	
      100657000	      4931	800033f8	2829	c.jal	80003412	  x1=0x800033fa
      100717000	      4934	80003412	3fc9	c.jal	800033e4	  x1=0x80003414
      100757000	      4936	800033e4	01a000ef	jal	x1,800033fe	  x1=0x800033e8
      100797000	      4938	800033fe	bffd	c.j	800033fc	
      100837000	      4940	800033fc	a005	c.j	8000341c	
      100877000	      4942	8000341c	40a2da93	srai	x21,x5,0xa	  x5:0x3fffffff x21=0x000fffff
      100917000	      4944	80003420	01c001ef	jal	x3,8000343c	  x3=0x80003424
      101037000	      4950	8000343c	bfdd	c.j	80003432	
      101417000	      4969	80003432	2839	c.jal	80003450	  x1=0x80003434
      101617000	      4979	80003450	ff9ff1ef	jal	x3,80003448	  x3=0x80003454
      101657000	      4981	80003448	fe1ffd6f	jal	x26,80003428	 x26=0x8000344c
      101717000	      4984	80003428	3ff5	c.jal	80003424	  x1=0x8000342a
      101777000	      4987	80003424	2809	c.jal	80003436	  x1=0x80003426
      101897000	      4993	80003436	00400f6f	jal	x30,8000343a	 x30=0x8000343a
      101957000	      4996	8000343a	a031	c.j	80003446	
      102017000	      4999	80003446	b7c5	c.j	80003426	
      102077000	      5002	80003426	2815	c.jal	8000345a	  x1=0x80003428
      102237000	      5010	8000345a	3fd9	c.jal	80003430	  x1=0x8000345c
      102277000	      5012	80003430	a801	c.j	80003440	
      102337000	      5015	80003440	a009	c.j	80003442	
      102417000	      5019	80003442	ffdff1ef	jal	x3,8000343e	  x3=0x80003446
      102477000	      5022	8000343e	2819	c.jal	80003454	  x1=0x80003440
      102537000	      5025	80003454	fe1ff36f	jal	x6,80003434	  x6=0x80003458
      102577000	      5027	80003434	bfe5	c.j	8000342c	
      102617000	      5029	8000342c	020000ef	jal	x1,8000344c	  x1=0x80003430
      102657000	      5031	8000344c	fdfff16f	jal	x2,8000342a	  x2=0x80003450
      102697000	      5033	8000342a	a03d	c.j	80003458	
      102737000	      5035	80003458	2011	c.jal	8000345c	  x1=0x8000345a
      102777000	      5037	8000345c	88b6	c.mv	x17,x13	  x0:0x00000000 x13:0x80023ce4 x17=0x80023ce4
      102797000	      5038	8000345e	02e001ef	jal	x3,8000348c	  x3=0x80003462
      103237000	      5060	8000348c	fe1ff0ef	jal	x1,8000346c	  x1=0x80003490
      103277000	      5062	8000346c	a811	c.j	80003480	
      103717000	      5084	80003480	a00d	c.j	800034a2	
      103837000	      5090	800034a2	37dd	c.jal	80003488	  x1=0x800034a4
      103877000	      5092	80003488	2801	c.jal	80003498	  x1=0x8000348a
      103937000	      5095	80003498	37dd	c.jal	8000347e	  x1=0x8000349a
      105377000	      5167	8000347e	a005	c.j	8000349e	
      105437000	      5170	8000349e	fdbff0ef	jal	x1,80003478	  x1=0x800034a2
      106157000	      5206	80003478	2039	c.jal	80003486	  x1=0x8000347a
      106197000	      5208	80003486	37f5	c.jal	80003472	  x1=0x80003488
      106637000	      5230	80003472	0120016f	jal	x2,80003484	  x2=0x80003476
      106677000	      5232	80003484	2005	c.jal	800034a4	  x1=0x80003486
      106717000	      5234	800034a4	b7fd	c.j	80003492	
      106757000	      5236	80003492	37e5	c.jal	8000347a	  x1=0x80003494
      106817000	      5239	8000347a	fe9ff0ef	jal	x1,80003462	  x1=0x8000347e
      106917000	      5244	80003462	014000ef	jal	x1,80003476	  x1=0x80003466
      106977000	      5247	80003476	2805	c.jal	800034a6	  x1=0x80003478
      107037000	      5250	800034a6	b7fd	c.j	80003494	
      107097000	      5253	80003494	fd3ff0ef	jal	x1,80003466	  x1=0x80003498
      107157000	      5256	80003466	0360036f	jal	x6,8000349c	  x6=0x8000346a
      107197000	      5258	8000349c	b7dd	c.j	80003482	
      107237000	      5260	80003482	2021	c.jal	8000348a	  x1=0x80003484
      107277000	      5262	8000348a	2801	c.jal	8000349a	  x1=0x8000348c
      107317000	      5264	8000349a	bfdd	c.j	80003490	
      107357000	      5266	80003490	3fe9	c.jal	8000346a	  x1=0x80003492
      107397000	      5268	8000346a	2011	c.jal	8000346e	  x1=0x8000346c
      107477000	      5272	8000346e	03a000ef	jal	x1,800034a8	  x1=0x80003472
      107557000	      5276	800034a8	03ee3cb3	mulhu	x25,x28,x30	 x28:0x8000339c x30:0x8000343a x25=0x400033eb
      107577000	      5277	800034ac	022001ef	jal	x3,800034ce	  x3=0x800034b0
      108017000	      5299	800034ce	37cd	c.jal	800034b0	  x1=0x800034d0
      108057000	      5301	800034b0	030000ef	jal	x1,800034e0	  x1=0x800034b4
      108217000	      5309	800034e0	3fc5	c.jal	800034d0	  x1=0x800034e2
      108297000	      5313	800034d0	a005	c.j	800034f0	
      110037000	      5400	800034f0	a009	c.j	800034f2	
      110097000	      5403	800034f2	ff3ff0ef	jal	x1,800034e4	  x1=0x800034f6
      110537000	      5425	800034e4	bfdd	c.j	800034da	
      110597000	      5428	800034da	37dd	c.jal	800034c0	  x1=0x800034dc
      111297000	      5463	800034c0	012000ef	jal	x1,800034d2	  x1=0x800034c4
      111337000	      5465	800034d2	a829	c.j	800034ec	
      111377000	      5467	800034ec	bfdd	c.j	800034e2	
      111417000	      5469	800034e2	3ff1	c.jal	800034be	  x1=0x800034e4
      111497000	      5473	800034be	a805	c.j	800034ee	
      111557000	      5476	800034ee	37e1	c.jal	800034b6	  x1=0x800034f0
      111617000	      5479	800034b6	01600bef	jal	x23,800034cc	 x23=0x800034ba
      111677000	      5482	800034cc	b7e5	c.j	800034b4	
      111737000	      5485	800034b4	280d	c.jal	800034e6	  x1=0x800034b6
      111817000	      5489	800034e6	004000ef	jal	x1,800034ea	  x1=0x800034ea
      111857000	      5491	800034ea	37ed	c.jal	800034d4	  x1=0x800034ec
      111897000	      5493	800034d4	bfdd	c.j	800034ca	
      111937000	      5495	800034ca	bfc5	c.j	800034ba	
      111977000	      5497	800034ba	2831	c.jal	800034d6	  x1=0x800034bc
      112037000	      5500	800034d6	0060036f	jal	x6,800034dc	  x6=0x800034da
      112077000	      5502	800034dc	fe1ff0ef	jal	x1,800034bc	  x1=0x800034e0
      112117000	      5504	800034bc	282d	c.jal	800034f6	  x1=0x800034be
      112177000	      5507	800034f6	fd1ff36f	jal	x6,800034c6	  x6=0x800034fa
      112257000	      5511	800034c6	fffff36f	jal	x6,800034c4	  x6=0x800034ca
      112297000	      5513	800034c4	a81d	c.j	800034fa	
      112357000	      5516	800034fa	f3b40093	addi	x1,x8,-197	  x8:0x80003356  x1=0x80003291
      112377000	      5517	800034fe	01c001ef	jal	x3,8000351a	  x3=0x80003502
      112697000	      5533	8000351a	201d	c.jal	80003540	  x1=0x8000351c
      113537000	      5575	80003540	bfcd	c.j	80003532	
      113917000	      5594	80003532	fd7ff0ef	jal	x1,80003508	  x1=0x80003536
      113977000	      5597	80003508	a019	c.j	8000350e	
      114017000	      5599	8000350e	a03d	c.j	8000353c	
      114677000	      5632	8000353c	fe7ff26f	jal	x4,80003522	  x4=0x80003540
      114737000	      5635	80003522	37d5	c.jal	80003506	  x1=0x80003524
      114777000	      5637	80003506	2815	c.jal	8000353a	  x1=0x80003508
      114817000	      5639	8000353a	3fdd	c.jal	80003530	  x1=0x8000353c
      114857000	      5641	80003530	37c5	c.jal	80003510	  x1=0x80003532
      114897000	      5643	80003510	014000ef	jal	x1,80003524	  x1=0x80003514
      114937000	      5645	80003524	bff9	c.j	80003502	
      115017000	      5649	80003502	008000ef	jal	x1,8000350a	  x1=0x80003506
      115097000	      5653	8000350a	02c000ef	jal	x1,80003536	  x1=0x8000350e
      115157000	      5656	80003536	37cd	c.jal	80003518	  x1=0x80003538
      115217000	      5659	80003518	bff5	c.j	80003514	
      115277000	      5662	80003514	018000ef	jal	x1,8000352c	  x1=0x80003518
      115317000	      5664	8000352c	ff3fff6f	jal	x30,8000351e	 x30=0x80003530
      115377000	      5667	8000351e	fffff0ef	jal	x1,8000351c	  x1=0x80003522
      115417000	      5669	8000351c	2029	c.jal	80003526	  x1=0x8000351e
      115457000	      5671	80003526	2009	c.jal	80003528	  x1=0x80003528
      115497000	      5673	80003528	010000ef	jal	x1,80003538	  x1=0x8000352c
      115577000	      5677	80003538	a029	c.j	80003542	
      115657000	      5681	80003542	85058e93	addi	x29,x11,-1968	 x11:0x8001fe64 x29=0x8001f6b4
      115717000	      5684	80003546	020001ef	jal	x3,80003566	  x3=0x8000354a
      116757000	      5736	80003566	fefffe6f	jal	x28,80003554	 x28=0x8000356a
      116797000	      5738	80003554	2029	c.jal	8000355e	  x1=0x80003556
      117517000	      5774	8000355e	37f5	c.jal	8000354a	  x1=0x80003560
      117557000	      5776	8000354a	2039	c.jal	80003558	  x1=0x8000354c
      117697000	      5783	80003558	ff5ff0ef	jal	x1,8000354c	  x1=0x8000355c
      117737000	      5785	8000354c	201d	c.jal	80003572	  x1=0x8000354e
      117777000	      5787	80003572	b7d5	c.j	80003556	
      117817000	      5789	80003556	a821	c.j	8000356e	
      117857000	      5791	8000356e	b7c5	c.j	8000354e	
      117917000	      5794	8000354e	012000ef	jal	x1,80003560	  x1=0x80003552
      117957000	      5796	80003560	2801	c.jal	80003570	  x1=0x80003562
      118017000	      5799	80003570	bfd5	c.j	80003564	
      118077000	      5802	80003564	bffd	c.j	80003562	
      118137000	      5805	80003562	3fed	c.jal	8000355c	  x1=0x80003564
      118197000	      5808	8000355c	3fdd	c.jal	80003552	  x1=0x8000355e
      118237000	      5810	80003552	2821	c.jal	8000356a	  x1=0x80003554
      118297000	      5813	8000356a	00a000ef	jal	x1,80003574	  x1=0x8000356e
      118337000	      5815	80003574	8e71	c.and	x12,x12	 x12:0x01c418ca x12:0x01c418ca x12=0x01c418ca
      118357000	      5816	80003576	008001ef	jal	x3,8000357e	  x3=0x8000357a
      118577000	      5827	8000357e	0260026f	jal	x4,800035a4	  x4=0x80003582
      119317000	      5864	800035a4	00e0026f	jal	x4,800035b2	  x4=0x800035a8
      119957000	      5896	800035b2	3ff9	c.jal	80003590	  x1=0x800035b4
      120037000	      5900	80003590	2005	c.jal	800035b0	  x1=0x80003592
      120097000	      5903	800035b0	a029	c.j	800035ba	
      130837000	      6440	800035ba	3fe1	c.jal	80003592	  x1=0x800035bc
      130877000	      6442	80003592	a831	c.j	800035ae	
      130917000	      6444	800035ae	3fe9	c.jal	80003588	  x1=0x800035b0
      130977000	      6447	80003588	ffbff0ef	jal	x1,80003582	  x1=0x8000358c
      131017000	      6449	80003582	3fe5	c.jal	8000357a	  x1=0x80003584
      131077000	      6452	8000357a	01a00e6f	jal	x28,80003594	 x28=0x8000357e
      131137000	      6455	80003594	006000ef	jal	x1,8000359a	  x1=0x80003598
      132217000	      6509	8000359a	3fd5	c.jal	8000358e	  x1=0x8000359c
      132257000	      6511	8000358e	2029	c.jal	80003598	  x1=0x80003590
      132297000	      6513	80003598	2809	c.jal	800035aa	  x1=0x8000359a
      132357000	      6516	800035aa	fddff0ef	jal	x1,80003586	  x1=0x800035ae
      132397000	      6518	80003586	3ffd	c.jal	80003584	  x1=0x80003588
      132437000	      6520	80003584	2831	c.jal	800035a0	  x1=0x80003586
      132477000	      6522	800035a0	016000ef	jal	x1,800035b6	  x1=0x800035a4
      132577000	      6527	800035b6	fe7ff96f	jal	x18,8000359c	 x18=0x800035ba
      132617000	      6529	8000359c	00c0056f	jal	x10,800035a8	 x10=0x800035a0
      132657000	      6531	800035a8	2031	c.jal	800035b4	  x1=0x800035aa
      132697000	      6533	800035b4	bfe1	c.j	8000358c	
      132737000	      6535	8000358c	a805	c.j	800035bc	
      132777000	      6537	800035bc	5c523913	sltiu	x18,x4,1477	  x4:0x800035a8 x18=0x00000000
      132797000	      6538	800035c0	018001ef	jal	x3,800035d8	  x3=0x800035c4
      133097000	      6553	800035d8	a039	c.j	800035e6	
      133537000	      6575	800035e6	b7d5	c.j	800035ca	
      133597000	      6578	800035ca	0200036f	jal	x6,800035ea	  x6=0x800035ce
      133637000	      6580	800035ea	bfc5	c.j	800035da	
      133697000	      6583	800035da	bfdd	c.j	800035d0	
      135497000	      6673	800035d0	014000ef	jal	x1,800035e4	  x1=0x800035d4
      135537000	      6675	800035e4	a029	c.j	800035ee	
      135617000	      6679	800035ee	fd7ff36f	jal	x6,800035c4	  x6=0x800035f2
      135657000	      6681	800035c4	a029	c.j	800035ce	
      135717000	      6684	800035ce	bfe5	c.j	800035c6	
      135797000	      6688	800035c6	01800a6f	jal	x20,800035de	 x20=0x800035ca
      135837000	      6690	800035de	a039	c.j	800035ec	
      135877000	      6692	800035ec	b7e5	c.j	800035d4	
      135917000	      6694	800035d4	00c000ef	jal	x1,800035e0	  x1=0x800035d8
      136297000	      6713	800035e0	ffdff26f	jal	x4,800035dc	  x4=0x800035e4
      136357000	      6716	800035dc	2031	c.jal	800035e8	  x1=0x800035de
      136397000	      6718	800035e8	2029	c.jal	800035f2	  x1=0x800035ea
      136437000	      6720	800035f2	6a11	c.lui	x20,0x4	 x20=0x00004000
      136457000	      6721	800035f4	012001ef	jal	x3,80003606	  x3=0x800035f8
      136897000	      6743	80003606	ff7ff0ef	jal	x1,800035fc	  x1=0x8000360a
      136937000	      6745	800035fc	a809	c.j	8000360e	
      136997000	      6748	8000360e	37f5	c.jal	800035fa	  x1=0x80003610
      137037000	      6750	800035fa	a809	c.j	8000360c	
      137097000	      6753	8000360c	b7f5	c.j	800035f8	
      137157000	      6756	800035f8	2829	c.jal	80003612	  x1=0x800035fa
      137217000	      6759	80003612	3ffd	c.jal	80003610	  x1=0x80003614
      137277000	      6762	80003610	b7fd	c.j	800035fe	
      137397000	      6768	800035fe	00600e6f	jal	x28,80003604	 x28=0x80003602
      137457000	      6771	80003604	2801	c.jal	80003614	  x1=0x80003606
      137517000	      6774	80003614	bfdd	c.j	8000360a	
      137577000	      6777	8000360a	bfe5	c.j	80003602	
      137637000	      6780	80003602	2811	c.jal	80003616	  x1=0x80003604
      137697000	      6783	80003616	8b39	c.andi	x14,14	 x14:0x80003396 x14=0x00000006
      138217000	      6809	80003618	03e001ef	jal	x3,80003656	  x3=0x8000361c
      139077000	      6852	80003656	3ff1	c.jal	80003632	  x1=0x80003658
      139477000	      6872	80003632	2011	c.jal	80003636	  x1=0x80003634
      140397000	      6918	80003636	2009	c.jal	80003638	  x1=0x80003638
      140437000	      6920	80003638	a821	c.j	80003650	
      140657000	      6931	80003650	a821	c.j	80003668	
      141237000	      6960	80003668	fcdff36f	jal	x6,80003634	  x6=0x8000366c
      141277000	      6962	80003634	a825	c.j	8000366c	
      141357000	      6966	8000366c	bf65	c.j	80003624	
      141397000	      6968	80003624	bfed	c.j	8000361e	
      141457000	      6971	8000361e	02c000ef	jal	x1,8000364a	  x1=0x80003622
      142157000	      7006	8000364a	ffdff0ef	jal	x1,80003646	  x1=0x8000364e
      142617000	      7029	80003646	fd7ff0ef	jal	x1,8000361c	  x1=0x8000364a
      142657000	      7031	8000361c	280d	c.jal	8000364e	  x1=0x8000361e
      142697000	      7033	8000364e	a029	c.j	80003658	
      142737000	      7035	80003658	ffbff0ef	jal	x1,80003652	  x1=0x8000365c
      142817000	      7039	80003652	3fe9	c.jal	8000362c	  x1=0x80003654
      142877000	      7042	8000362c	2805	c.jal	8000365c	  x1=0x8000362e
      142937000	      7045	8000365c	ff9ff0ef	jal	x1,80003654	  x1=0x80003660
      142997000	      7048	80003654	37fd	c.jal	80003642	  x1=0x80003656
      143057000	      7051	80003642	01e000ef	jal	x1,80003660	  x1=0x80003646
      143097000	      7053	80003660	2009	c.jal	80003662	  x1=0x80003662
      143157000	      7056	80003662	fcfff36f	jal	x6,80003630	  x6=0x80003666
      143237000	      7060	80003630	bfdd	c.j	80003626	
      143297000	      7063	80003626	2081	c.jal	80003666	  x1=0x80003628
      143357000	      7066	80003666	3fe1	c.jal	8000363e	  x1=0x80003668
      143477000	      7072	8000363e	ffdff36f	jal	x6,8000363a	  x6=0x80003642
      143557000	      7076	8000363a	ff5ff0ef	jal	x1,8000362e	  x1=0x8000363e
      143617000	      7079	8000362e	bfed	c.j	80003628	
      143657000	      7081	80003628	ffbff0ef	jal	x1,80003622	  x1=0x8000362c
      143697000	      7083	80003622	a0b1	c.j	8000366e	
      143737000	      7085	8000366e	49a9	c.li	x19,10	 x19=0x0000000a
      143757000	      7086	80003670	010001ef	jal	x3,80003680	  x3=0x80003674
      144917000	      7144	80003680	bfd5	c.j	80003674	
      144957000	      7146	80003674	2809	c.jal	80003686	  x1=0x80003676
      145417000	      7169	80003686	a005	c.j	800036a6	
      145537000	      7175	800036a6	3fc9	c.jal	80003678	  x1=0x800036a8
      146297000	      7213	80003678	2029	c.jal	80003682	  x1=0x8000367a
      146377000	      7217	80003682	ffdff0ef	jal	x1,8000367e	  x1=0x80003686
      146437000	      7220	8000367e	a035	c.j	800036aa	
      146497000	      7223	800036aa	ffbff0ef	jal	x1,800036a4	  x1=0x800036ae
      146537000	      7225	800036a4	3fcd	c.jal	80003696	  x1=0x800036a6
      146577000	      7227	80003696	bfe5	c.j	8000368e	
      146617000	      7229	8000368e	a005	c.j	800036ae	
      146677000	      7232	800036ae	3fc5	c.jal	8000369e	  x1=0x800036b0
      147217000	      7259	8000369e	bfcd	c.j	80003690	
      147277000	      7262	80003690	a821	c.j	800036a8	
      147317000	      7264	800036a8	a021	c.j	800036b0	
      147357000	      7266	800036b0	bfe1	c.j	80003688	
      147397000	      7268	80003688	2809	c.jal	8000369a	  x1=0x8000368a
      147497000	      7273	8000369a	fddff2ef	jal	x5,80003676	  x5=0x8000369e
      147557000	      7276	80003676	200d	c.jal	80003698	  x1=0x80003678
      147597000	      7278	80003698	a021	c.j	800036a0	
      147637000	      7280	800036a0	2009	c.jal	800036a2	  x1=0x800036a2
      147677000	      7282	800036a2	37e5	c.jal	8000368a	  x1=0x800036a4
      147757000	      7286	8000368a	ff1ff36f	jal	x6,8000367a	  x6=0x8000368e
      147817000	      7289	8000367a	018000ef	jal	x1,80003692	  x1=0x8000367e
      147897000	      7293	80003692	02000c6f	jal	x24,800036b2	 x24=0x80003696
      147957000	      7296	800036b2	00de2333	slt	x6,x28,x13	 x28:0x80003602 x13:0x80023ce4  x6=0x00000001
      147977000	      7297	800036b6	028001ef	jal	x3,800036de	  x3=0x800036ba
      148877000	      7342	800036de	fddff0ef	jal	x1,800036ba	  x1=0x800036e2
      148937000	      7345	800036ba	0100036f	jal	x6,800036ca	  x6=0x800036be
      149397000	      7368	800036ca	a019	c.j	800036d0	
      150057000	      7401	800036d0	fffff0ef	jal	x1,800036ce	  x1=0x800036d4
      150117000	      7404	800036ce	2811	c.jal	800036e2	  x1=0x800036d0
      150177000	      7407	800036e2	fe5ff66f	jal	x12,800036c6	 x12=0x800036e6
      150257000	      7411	800036c6	02400c6f	jal	x24,800036ea	 x24=0x800036ca
      150317000	      7414	800036ea	fffff36f	jal	x6,800036e8	  x6=0x800036ee
      150357000	      7416	800036e8	37f5	c.jal	800036d4	  x1=0x800036ea
      150417000	      7419	800036d4	a011	c.j	800036d8	
      150477000	      7422	800036d8	00e000ef	jal	x1,800036e6	  x1=0x800036dc
      150537000	      7425	800036e6	bfdd	c.j	800036dc	
      150597000	      7428	800036dc	3fed	c.jal	800036d6	  x1=0x800036de
      150657000	      7431	800036d6	37e5	c.jal	800036be	  x1=0x800036d8
      150737000	      7435	800036be	0040076f	jal	x14,800036c2	 x14=0x800036c2
      150797000	      7438	800036c2	00a000ef	jal	x1,800036cc	  x1=0x800036c6
      150857000	      7441	800036cc	a00d	c.j	800036ee	
      150917000	      7444	800036ee	8f51	c.or	x14,x12	 x14:0x800036c2 x12:0x800036e6 x14=0x800036e6
      150937000	      7445	800036f0	026001ef	jal	x3,80003716	  x3=0x800036f4
      151437000	      7470	80003716	bfdd	c.j	8000370c	
      152357000	      7516	8000370c	b7ed	c.j	800036f6	
      152417000	      7519	800036f6	2821	c.jal	8000370e	  x1=0x800036f8
      152677000	      7532	8000370e	004000ef	jal	x1,80003712	  x1=0x80003712
      152737000	      7535	80003712	fe3ff1ef	jal	x3,800036f4	  x3=0x80003716
      152797000	      7538	800036f4	a809	c.j	80003706	
      152977000	      7547	80003706	3ffd	c.jal	80003704	  x1=0x80003708
      153237000	      7560	80003704	3fdd	c.jal	800036fa	  x1=0x80003706
      153297000	      7563	800036fa	010000ef	jal	x1,8000370a	  x1=0x800036fe
      153357000	      7566	8000370a	3fdd	c.jal	80003700	  x1=0x8000370c
      153397000	      7568	80003700	a005	c.j	80003720	
      153437000	      7570	80003720	bfe5	c.j	80003718	
      153477000	      7572	80003718	004007ef	jal	x15,8000371c	 x15=0x8000371c
      153537000	      7575	8000371c	37cd	c.jal	800036fe	  x1=0x8000371e
      153597000	      7578	800036fe	2029	c.jal	80003708	  x1=0x80003700
      153657000	      7581	80003708	2819	c.jal	8000371e	  x1=0x8000370a
      153717000	      7584	8000371e	b7d5	c.j	80003702	
      153777000	      7587	80003702	3fdd	c.jal	800036f8	  x1=0x80003704
      153817000	      7589	800036f8	a02d	c.j	80003722	
      153857000	      7591	80003722	8d19	c.sub	x10,x14	 x10:0x800035a0 x14:0x800036e6 x10=0xfffffeba
      153877000	      7592	80003724	024001ef	jal	x3,80003748	  x3=0x80003728
      153957000	      7596	80003748	2029	c.jal	80003752	  x1=0x8000374a
      154917000	      7644	80003752	fe3ff0ef	jal	x1,80003734	  x1=0x80003756
      155817000	      7689	80003734	2829	c.jal	8000374e	  x1=0x80003736
      155917000	      7694	8000374e	ff7ffd6f	jal	x26,80003744	 x26=0x80003752
      156197000	      7708	80003744	018000ef	jal	x1,8000375c	  x1=0x80003748
      156237000	      7710	8000375c	fe7ff36f	jal	x6,80003742	  x6=0x80003760
      156277000	      7712	80003742	bfd5	c.j	80003736	
      156317000	      7714	80003736	280d	c.jal	80003768	  x1=0x80003738
      156637000	      7730	80003768	3ffd	c.jal	80003766	  x1=0x8000376a
      156677000	      7732	80003766	b7f1	c.j	80003732	
      156897000	      7743	80003732	bfdd	c.j	80003728	
      156957000	      7746	80003728	203d	c.jal	80003756	  x1=0x8000372a
      157077000	      7752	80003756	fe3ff36f	jal	x6,80003738	  x6=0x8000375a
      157137000	      7755	80003738	014000ef	jal	x1,8000374c	  x1=0x8000373c
      157197000	      7758	8000374c	3ff9	c.jal	8000372a	  x1=0x8000374e
      157257000	      7761	8000372a	0120036f	jal	x6,8000373c	  x6=0x8000372e
      157297000	      7763	8000373c	a039	c.j	8000374a	
      157337000	      7765	8000374a	a801	c.j	8000375a	
      157377000	      7767	8000375a	bfd9	c.j	80003730	
      157417000	      7769	80003730	a805	c.j	80003760	
      157497000	      7773	80003760	3ff9	c.jal	8000373e	  x1=0x80003762
      157617000	      7779	8000373e	ff1ff36f	jal	x6,8000372e	  x6=0x80003742
      157677000	      7782	8000372e	2815	c.jal	80003762	  x1=0x80003730
      157757000	      7786	80003762	00800eef	jal	x29,8000376a	 x29=0x80003766
      157837000	      7790	8000376a	0171e133	or	x2,x3,x23	  x3:0x80003728 x23:0x800034ba  x2=0x800037ba
      157857000	      7791	8000376e	036001ef	jal	x3,800037a4	  x3=0x80003772
      157937000	      7795	800037a4	bfc9	c.j	80003776	
      158037000	      7800	80003776	014007ef	jal	x15,8000378a	 x15=0x8000377a
      159277000	      7862	8000378a	0080036f	jal	x6,80003792	  x6=0x8000378e
      160117000	      7904	80003792	00e0036f	jal	x6,800037a0	  x6=0x80003796
      160157000	      7906	800037a0	3fed	c.jal	8000379a	  x1=0x800037a2
      160257000	      7911	8000379a	ffdff0ef	jal	x1,80003796	  x1=0x8000379e
      160337000	      7915	80003796	01a000ef	jal	x1,800037b0	  x1=0x8000379a
      160377000	      7917	800037b0	ffbff36f	jal	x6,800037aa	  x6=0x800037b4
      160417000	      7919	800037aa	3fe9	c.jal	80003784	  x1=0x800037ac
      160477000	      7922	80003784	0220076f	jal	x14,800037a6	 x14=0x80003788
      160537000	      7925	800037a6	fe3ff1ef	jal	x3,80003788	  x3=0x800037aa
      160577000	      7927	80003788	37ed	c.jal	80003772	  x1=0x8000378a
      160617000	      7929	80003772	a805	c.j	800037a2	
      160657000	      7931	800037a2	37f5	c.jal	8000378e	  x1=0x800037a4
      160717000	      7934	8000378e	fefff0ef	jal	x1,8000377c	  x1=0x80003792
      160757000	      7936	8000377c	0300036f	jal	x6,800037ac	  x6=0x80003780
      160817000	      7939	800037ac	fc9ff0ef	jal	x1,80003774	  x1=0x800037b0
      160877000	      7942	80003774	2031	c.jal	80003780	  x1=0x80003776
      160937000	      7945	80003780	ffbff76f	jal	x14,8000377a	 x14=0x80003784
      160997000	      7948	8000377a	2015	c.jal	8000379e	  x1=0x8000377c
      161057000	      7951	8000379e	2819	c.jal	800037b4	  x1=0x800037a0
      161117000	      7954	800037b4	004000ef	jal	x1,800037b8	  x1=0x800037b8
      161177000	      7957	800037b8	e3e5e813	ori	x16,x11,-450	 x11:0x8001fe64 x16=0xfffffe7e
      161197000	      7958	800037bc	034001ef	jal	x3,800037f0	  x3=0x800037c0
      161737000	      7985	800037f0	3fed	c.jal	800037ea	  x1=0x800037f2
      162777000	      8037	800037ea	bfe5	c.j	800037e2	
      162977000	      8047	800037e2	200d	c.jal	80003804	  x1=0x800037e4
      163017000	      8049	80003804	3fc9	c.jal	800037d6	  x1=0x80003806
      163857000	      8091	800037d6	a831	c.j	800037f2	
      163897000	      8093	800037f2	3fdd	c.jal	800037e8	  x1=0x800037f4
      163977000	      8097	800037e8	3ff5	c.jal	800037e4	  x1=0x800037ea
      164037000	      8100	800037e4	b7e5	c.j	800037cc	
      164097000	      8103	800037cc	280d	c.jal	800037fe	  x1=0x800037ce
      164157000	      8106	800037fe	fc9ff0ef	jal	x1,800037c6	  x1=0x80003802
      164217000	      8109	800037c6	201d	c.jal	800037ec	  x1=0x800037c8
      164277000	      8112	800037ec	2009	c.jal	800037ee	  x1=0x800037ee
      164337000	      8115	800037ee	3fe9	c.jal	800037c8	  x1=0x800037f0
      164377000	      8117	800037c8	ff9ff0ef	jal	x1,800037c0	  x1=0x800037cc
      164417000	      8119	800037c0	2039	c.jal	800037ce	  x1=0x800037c2
      164457000	      8121	800037ce	2019	c.jal	800037d4	  x1=0x800037d0
      164497000	      8123	800037d4	a025	c.j	800037fc	
      164537000	      8125	800037fc	2019	c.jal	80003802	  x1=0x800037fe
      164777000	      8137	80003802	a021	c.j	8000380a	
      164837000	      8140	8000380a	bf65	c.j	800037c2	
      164917000	      8144	800037c2	024002ef	jal	x5,800037e6	  x5=0x800037c6
      164977000	      8147	800037e6	2005	c.jal	80003806	  x1=0x800037e8
      165057000	      8151	80003806	fd5ff36f	jal	x6,800037da	  x6=0x8000380a
      165117000	      8154	800037da	004000ef	jal	x1,800037de	  x1=0x800037de
      165177000	      8157	800037de	a819	c.j	800037f4	
      165217000	      8159	800037f4	fe5ff36f	jal	x6,800037d8	  x6=0x800037f8
      165257000	      8161	800037d8	2005	c.jal	800037f8	  x1=0x800037da
      165297000	      8163	800037f8	fe9ffdef	jal	x27,800037e0	 x27=0x800037fc
      165337000	      8165	800037e0	bfc5	c.j	800037d0	
      165377000	      8167	800037d0	03c000ef	jal	x1,8000380c	  x1=0x800037d4
      165417000	      8169	8000380c	4c25	c.li	x24,9	 x24=0x00000009
      165437000	      8170	8000380e	020001ef	jal	x3,8000382e	  x3=0x80003812
      165857000	      8191	8000382e	a021	c.j	80003836	
      166617000	      8229	80003836	febff0ef	jal	x1,80003820	  x1=0x8000383a
      185837000	      9190	80003820	0320036f	jal	x6,80003852	  x6=0x80003824
      186457000	      9221	80003852	fd7ff0ef	jal	x1,80003828	  x1=0x80003856
      186497000	      9223	80003828	a015	c.j	8000384c	
      187057000	      9251	8000384c	fcfff36f	jal	x6,8000381a	  x6=0x80003850
      187097000	      9253	8000381a	283d	c.jal	80003858	  x1=0x8000381c
      187137000	      9255	80003858	ff1ff66f	jal	x12,80003848	 x12=0x8000385c
      187637000	      9280	80003848	fe9ff26f	jal	x4,80003830	  x4=0x8000384c
      187677000	      9282	80003830	a031	c.j	8000383c	
      187717000	      9284	8000383c	fddff0ef	jal	x1,80003818	  x1=0x80003840
      187757000	      9286	80003818	a83d	c.j	80003856	
      187837000	      9290	80003856	37fd	c.jal	80003844	  x1=0x80003858
      187897000	      9293	80003844	fe3ffaef	jal	x21,80003826	 x21=0x80003848
      187957000	      9296	80003826	3ffd	c.jal	80003824	  x1=0x80003828
      188017000	      9299	80003824	3fc5	c.jal	80003814	  x1=0x80003826
      188077000	      9302	80003814	fffff0ef	jal	x1,80003812	  x1=0x80003818
      188137000	      9305	80003812	a83d	c.j	80003850	
      188177000	      9307	80003850	37cd	c.jal	80003832	  x1=0x80003852
      188237000	      9310	80003832	fedff36f	jal	x6,8000381e	  x6=0x80003836
      188297000	      9313	8000381e	a039	c.j	8000382c	
      188337000	      9315	8000382c	3ffd	c.jal	8000382a	  x1=0x8000382e
      188377000	      9317	8000382a	a819	c.j	80003840	
      188417000	      9319	80003840	ffbff36f	jal	x6,8000383a	  x6=0x80003844
      188497000	      9323	8000383a	37cd	c.jal	8000381c	  x1=0x8000383c
      188557000	      9326	8000381c	2081	c.jal	8000385c	  x1=0x8000381e
      188617000	      9329	8000385c	40fd5133	sra	x2,x26,x15	 x26:0x80003752 x15:0x8000377a  x2=0xffffffe0
      188637000	      9330	80003860	048001ef	jal	x3,800038a8	  x3=0x80003864
      189037000	      9350	800038a8	b7d1	c.j	8000386c	
      189517000	      9374	8000386c	00c000ef	jal	x1,80003878	  x1=0x80003870
      190157000	      9406	80003878	2029	c.jal	80003882	  x1=0x8000387a
      190777000	      9437	80003882	2009	c.jal	80003884	  x1=0x80003884
      190817000	      9439	80003884	00c000ef	jal	x1,80003890	  x1=0x80003888
      192197000	      9508	80003890	37cd	c.jal	80003872	  x1=0x80003892
      192237000	      9510	80003872	a01d	c.j	80003898	
      192997000	      9548	80003898	00a0036f	jal	x6,800038a2	  x6=0x8000389c
      193037000	      9550	800038a2	bfd1	c.j	80003876	
      193097000	      9553	80003876	201d	c.jal	8000389c	  x1=0x80003878
      193137000	      9555	8000389c	b7f5	c.j	80003888	
      193177000	      9557	80003888	ff3ff36f	jal	x6,8000387a	  x6=0x8000388c
      193237000	      9560	8000387a	0040066f	jal	x12,8000387e	 x12=0x8000387e
      193297000	      9563	8000387e	2005	c.jal	8000389e	  x1=0x80003880
      193357000	      9566	8000389e	fefff0ef	jal	x1,8000388c	  x1=0x800038a2
      193397000	      9568	8000388c	0180056f	jal	x10,800038a4	 x10=0x80003890
      193437000	      9570	800038a4	fd1ffeef	jal	x29,80003874	 x29=0x800038a8
      193477000	      9572	80003874	a031	c.j	80003880	
      193517000	      9574	80003880	3fc5	c.jal	80003870	  x1=0x80003882
      193577000	      9577	80003870	200d	c.jal	80003892	  x1=0x80003872
      193617000	      9579	80003892	2009	c.jal	80003894	  x1=0x80003894
      193657000	      9581	80003894	fd1ff0ef	jal	x1,80003864	  x1=0x80003898
      193697000	      9583	80003864	004000ef	jal	x1,80003868	  x1=0x80003868
      193757000	      9586	80003868	0420036f	jal	x6,800038aa	  x6=0x8000386c
      193857000	      9591	800038aa	033120b3	mulhsu	x1,x2,x19	  x2:0xffffffe0 x19:0x0000000a  x1=0xffffffff
      193877000	      9592	800038ae	03a001ef	jal	x3,800038e8	  x3=0x800038b2
      194097000	      9603	800038e8	fd9ff7ef	jal	x15,800038c0	 x15=0x800038ec
      195237000	      9660	800038c0	a009	c.j	800038c2	
      196197000	      9708	800038c2	ff1ff0ef	jal	x1,800038b2	  x1=0x800038c6
      196257000	      9711	800038b2	008000ef	jal	x1,800038ba	  x1=0x800038b6
      196317000	      9714	800038ba	022000ef	jal	x1,800038dc	  x1=0x800038be
      196977000	      9747	800038dc	bff5	c.j	800038d8	
      197457000	      9771	800038d8	fe7ff26f	jal	x4,800038be	  x4=0x800038dc
      197497000	      9773	800038be	a801	c.j	800038ce	
      197577000	      9777	800038ce	b7e5	c.j	800038b6	
      197637000	      9780	800038b6	2829	c.jal	800038d0	  x1=0x800038b8
      197697000	      9783	800038d0	3ff5	c.jal	800038cc	  x1=0x800038d2
      197757000	      9786	800038cc	2029	c.jal	800038d6	  x1=0x800038ce
      197817000	      9789	800038d6	3fc5	c.jal	800038c6	  x1=0x800038d8
      197857000	      9791	800038c6	a831	c.j	800038e2	
      197897000	      9793	800038e2	2011	c.jal	800038e6	  x1=0x800038e4
      197937000	      9795	800038e6	3ffd	c.jal	800038e4	  x1=0x800038e8
      197997000	      9798	800038e4	37d5	c.jal	800038c8	  x1=0x800038e6
      198037000	      9800	800038c8	00a000ef	jal	x1,800038d2	  x1=0x800038cc
      198097000	      9803	800038d2	fe7ffdef	jal	x27,800038b8	 x27=0x800038d6
      198157000	      9806	800038b8	a01d	c.j	800038de	
      198217000	      9809	800038de	00e0036f	jal	x6,800038ec	  x6=0x800038e2
      198257000	      9811	800038ec	8715	c.srai	x14,0x5	 x14:0x80003784 x14=0xfc0001bc
      198277000	      9812	800038ee	012001ef	jal	x3,80003900	  x3=0x800038f2
      198497000	      9823	80003900	a011	c.j	80003904	
      198677000	      9832	80003904	a029	c.j	8000390e	
      198737000	      9835	8000390e	a039	c.j	8000391c	
      199577000	      9877	8000391c	3fd5	c.jal	80003910	  x1=0x8000391e
      199637000	      9880	80003910	bfdd	c.j	80003906	
      199717000	      9884	80003906	018000ef	jal	x1,8000391e	  x1=0x8000390a
      199757000	      9886	8000391e	bfdd	c.j	80003914	
      200017000	      9899	80003914	fefff0ef	jal	x1,80003902	  x1=0x80003918
      200077000	      9902	80003902	a801	c.j	80003912	
      200137000	      9905	80003912	2019	c.jal	80003918	  x1=0x80003914
      200197000	      9908	80003918	bfe9	c.j	800038f2	
      200277000	      9912	800038f2	008000ef	jal	x1,800038fa	  x1=0x800038f6
      200337000	      9915	800038fa	bff5	c.j	800038f6	
      200417000	      9919	800038f6	014000ef	jal	x1,8000390a	  x1=0x800038fa
      200477000	      9922	8000390a	0100016f	jal	x2,8000391a	  x2=0x8000390e
      200537000	      9925	8000391a	b7cd	c.j	800038fc	
      200577000	      9927	800038fc	0240036f	jal	x6,80003920	  x6=0x80003900
      200637000	      9930	80003920	018324b3	slt	x9,x6,x24	  x6:0x80003900 x24:0x00000009  x9=0x00000001
      200657000	      9931	80003924	00c001ef	jal	x3,80003930	  x3=0x80003928
      201037000	      9950	80003930	0200036f	jal	x6,80003950	  x6=0x80003934
      201797000	      9988	80003950	bfc5	c.j	80003940	
      201857000	      9991	80003940	2019	c.jal	80003946	  x1=0x80003942
      201917000	      9994	80003946	bff5	c.j	80003942	
      201977000	      9997	80003942	b7e5	c.j	8000392a	
      202037000	     10000	8000392a	bffd	c.j	80003928	
      202097000	     10003	80003928	a805	c.j	80003958	
      202137000	     10005	80003958	3fd1	c.jal	8000392c	  x1=0x8000395a
      202177000	     10007	8000392c	02e000ef	jal	x1,8000395a	  x1=0x80003930
      202217000	     10009	8000395a	b7cd	c.j	8000393c	
      202257000	     10011	8000393c	2819	c.jal	80003952	  x1=0x8000393e
      202297000	     10013	80003952	a029	c.j	8000395c	
      202337000	     10015	8000395c	bfed	c.j	80003956	
      202377000	     10017	80003956	3ffd	c.jal	80003954	  x1=0x80003958
      202417000	     10019	80003954	3fd5	c.jal	80003948	  x1=0x80003956
      202457000	     10021	80003948	ff7ff0ef	jal	x1,8000393e	  x1=0x8000394c
      202497000	     10023	8000393e	a039	c.j	8000394c	
      202537000	     10025	8000394c	fedff0ef	jal	x1,80003938	  x1=0x80003950
      202597000	     10028	80003938	2009	c.jal	8000393a	  x1=0x8000393a
      202657000	     10031	8000393a	a029	c.j	80003944	
      202717000	     10034	80003944	bfc5	c.j	80003934	
      202757000	     10036	80003934	02a000ef	jal	x1,8000395e	  x1=0x80003938
      203557000	     10076	8000395e	022968b3	rem	x17,x18,x2	 x18:0x00000000  x2:0x8000390e x17=0x00000000
      203577000	     10077	80003962	022001ef	jal	x3,80003984	  x3=0x80003966
      203977000	     10097	80003984	b7ed	c.j	8000396e	
      204017000	     10099	8000396e	a039	c.j	8000397c	
      204397000	     10118	8000397c	b7ed	c.j	80003966	
      204457000	     10121	80003966	00a0036f	jal	x6,80003970	  x6=0x8000396a
      204517000	     10124	80003970	203d	c.jal	8000399e	  x1=0x80003972
      204597000	     10128	8000399e	b7f1	c.j	8000396a	
      204637000	     10130	8000396a	202d	c.jal	80003994	  x1=0x8000396c
      204697000	     10133	80003994	a011	c.j	80003998	
      204757000	     10136	80003998	fdbff56f	jal	x10,80003972	 x10=0x8000399c
      204817000	     10139	80003972	2801	c.jal	80003982	  x1=0x80003974
      204877000	     10142	80003982	a011	c.j	80003986	
      204997000	     10148	80003986	01000fef	jal	x31,80003996	 x31=0x8000398a
      205057000	     10151	80003996	a029	c.j	800039a0	
      205657000	     10181	800039a0	3fd1	c.jal	80003974	  x1=0x800039a2
      205717000	     10184	80003974	a009	c.j	80003976	
      205777000	     10187	80003976	bfdd	c.j	8000396c	
      205837000	     10190	8000396c	2805	c.jal	8000399c	  x1=0x8000396e
      205897000	     10193	8000399c	37fd	c.jal	8000398a	  x1=0x8000399e
      205977000	     10197	8000398a	fefff0ef	jal	x1,80003978	  x1=0x8000398e
      206037000	     10200	80003978	01a000ef	jal	x1,80003992	  x1=0x8000397c
      206097000	     10203	80003992	2801	c.jal	800039a2	  x1=0x80003994
      206177000	     10207	800039a2	fddff36f	jal	x6,8000397e	  x6=0x800039a6
      206257000	     10211	8000397e	010009ef	jal	x19,8000398e	 x19=0x80003982
      206317000	     10214	8000398e	0180036f	jal	x6,800039a6	  x6=0x80003992
      206377000	     10217	800039a6	8d11	c.sub	x10,x12	 x10:0x8000399c x12:0x8000387e x10=0x0000011e
      206397000	     10218	800039a8	02c001ef	jal	x3,800039d4	  x3=0x800039ac
      206677000	     10232	800039d4	fe5ff2ef	jal	x5,800039b8	  x5=0x800039d8
      207037000	     10250	800039b8	a021	c.j	800039c0	
      207557000	     10276	800039c0	02400cef	jal	x25,800039e4	 x25=0x800039c4
      207617000	     10279	800039e4	00a0036f	jal	x6,800039ee	  x6=0x800039e8
      208697000	     10333	800039ee	3fed	c.jal	800039e8	  x1=0x800039f0
      208737000	     10335	800039e8	fe9ff1ef	jal	x3,800039d0	  x3=0x800039ec
      208917000	     10344	800039d0	01c00d6f	jal	x26,800039ec	 x26=0x800039d4
      208977000	     10347	800039ec	bfd5	c.j	800039e0	
      209017000	     10349	800039e0	b7f9	c.j	800039ae	
      209057000	     10351	800039ae	a019	c.j	800039b4	
      214017000	     10599	800039b4	2021	c.jal	800039bc	  x1=0x800039b6
      214057000	     10601	800039bc	0220026f	jal	x4,800039de	  x4=0x800039c0
      214097000	     10603	800039de	a821	c.j	800039f6	
      214137000	     10605	800039f6	37cd	c.jal	800039d8	  x1=0x800039f8
      214177000	     10607	800039d8	b7cd	c.j	800039ba	
      214217000	     10609	800039ba	bfdd	c.j	800039b0	
      214277000	     10612	800039b0	0440026f	jal	x4,800039f4	  x4=0x800039b4
      214317000	     10614	800039f4	37dd	c.jal	800039da	  x1=0x800039f6
      214377000	     10617	800039da	01e000ef	jal	x1,800039f8	  x1=0x800039de
      214417000	     10619	800039f8	fcdff0ef	jal	x1,800039c4	  x1=0x800039fc
      214457000	     10621	800039c4	37e5	c.jal	800039ac	  x1=0x800039c6
      214517000	     10624	800039ac	a891	c.j	80003a00	
      215337000	     10665	80003a00	bff5	c.j	800039fc	
      215397000	     10668	800039fc	fcbff26f	jal	x4,800039c6	  x4=0x80003a00
      215517000	     10674	800039c6	00400fef	jal	x31,800039ca	 x31=0x800039ca
      215597000	     10678	800039ca	0260036f	jal	x6,800039f0	  x6=0x800039ce
      215637000	     10680	800039f0	fdfff2ef	jal	x5,800039ce	  x5=0x800039f4
      215717000	     10684	800039ce	2811	c.jal	800039e2	  x1=0x800039d0
      215777000	     10687	800039e2	bfd1	c.j	800039b6	
      215837000	     10690	800039b6	20b1	c.jal	80003a02	  x1=0x800039b8
      215917000	     10694	80003a02	00d259b3	srl	x19,x4,x13	  x4:0x80003a00 x13:0x80023ce4 x19=0x080003a0
      215937000	     10695	80003a06	014001ef	jal	x3,80003a1a	  x3=0x80003a0a
      216237000	     10710	80003a1a	ffbff0ef	jal	x1,80003a14	  x1=0x80003a1e
      216277000	     10712	80003a14	2009	c.jal	80003a16	  x1=0x80003a16
      216357000	     10716	80003a16	ff9ff26f	jal	x4,80003a0e	  x4=0x80003a1a
      216417000	     10719	80003a0e	ffdfffef	jal	x31,80003a0a	 x31=0x80003a12
      216457000	     10721	80003a0a	2811	c.jal	80003a1e	  x1=0x80003a0c
      216497000	     10723	80003a1e	a021	c.j	80003a26	
      216537000	     10725	80003a26	bfed	c.j	80003a20	
      216577000	     10727	80003a20	a009	c.j	80003a22	
      216657000	     10731	80003a22	febff0ef	jal	x1,80003a0c	  x1=0x80003a26
      216717000	     10734	80003a0c	a019	c.j	80003a12	
      216777000	     10737	80003a12	2819	c.jal	80003a28	  x1=0x80003a14
      217917000	     10794	80003a28	dc410a13	addi	x20,x2,-572	  x2:0x8000390e x20=0x800036d2
      217937000	     10795	80003a2c	018001ef	jal	x3,80003a44	  x3=0x80003a30
      218457000	     10821	80003a44	016000ef	jal	x1,80003a5a	  x1=0x80003a48
      219537000	     10875	80003a5a	fddff2ef	jal	x5,80003a36	  x5=0x80003a5e
      219637000	     10880	80003a36	012000ef	jal	x1,80003a48	  x1=0x80003a3a
      219697000	     10883	80003a48	fe9ff36f	jal	x6,80003a30	  x6=0x80003a4c
      219757000	     10886	80003a30	00c0026f	jal	x4,80003a3c	  x4=0x80003a34
      219817000	     10889	80003a3c	a019	c.j	80003a42	
      219877000	     10892	80003a42	a029	c.j	80003a4c	
      219937000	     10895	80003a4c	a031	c.j	80003a58	
      219997000	     10898	80003a58	3fe5	c.jal	80003a50	  x1=0x80003a5a
      220057000	     10901	80003a50	a009	c.j	80003a52	
      220117000	     10904	80003a52	a009	c.j	80003a54	
      220177000	     10907	80003a54	b7dd	c.j	80003a3a	
      220237000	     10910	80003a3a	a011	c.j	80003a3e	
      220317000	     10914	80003a3e	018000ef	jal	x1,80003a56	  x1=0x80003a42
      220357000	     10916	80003a56	bff9	c.j	80003a34	
      220437000	     10920	80003a34	2829	c.jal	80003a4e	  x1=0x80003a36
      220497000	     10923	80003a4e	2801	c.jal	80003a5e	  x1=0x80003a50
      220557000	     10926	80003a5e	60dd	c.lui	x1,0x17	  x1=0x00017000
      220617000	     10929	80003a60	032001ef	jal	x3,80003a92	  x3=0x80003a64
      221677000	     10982	80003a92	01c000ef	jal	x1,80003aae	  x1=0x80003a96
      222337000	     11015	80003aae	ffdff0ef	jal	x1,80003aaa	  x1=0x80003ab2
      222397000	     11018	80003aaa	fefff2ef	jal	x5,80003a98	  x5=0x80003aae
      222457000	     11021	80003a98	3fc1	c.jal	80003a68	  x1=0x80003a9a
      222517000	     11024	80003a68	008000ef	jal	x1,80003a70	  x1=0x80003a6c
      222937000	     11045	80003a70	2021	c.jal	80003a78	  x1=0x80003a72
      223617000	     11079	80003a78	014000ef	jal	x1,80003a8c	  x1=0x80003a7c
      224497000	     11123	80003a8c	2039	c.jal	80003a9a	  x1=0x80003a8e
      224557000	     11126	80003a9a	008001ef	jal	x3,80003aa2	  x3=0x80003a9e
      224617000	     11129	80003aa2	2011	c.jal	80003aa6	  x1=0x80003aa4
      224677000	     11132	80003aa6	fdffffef	jal	x31,80003a84	 x31=0x80003aaa
      224717000	     11134	80003a84	a019	c.j	80003a8a	
      224757000	     11136	80003a8a	3ffd	c.jal	80003a88	  x1=0x80003a8c
      224797000	     11138	80003a88	b7d5	c.j	80003a6c	
      224957000	     11146	80003a6c	ff9ff36f	jal	x6,80003a64	  x6=0x80003a70
      225017000	     11149	80003a64	03c0036f	jal	x6,80003aa0	  x6=0x80003a68
      225077000	     11152	80003aa0	b7c5	c.j	80003a80	
      225117000	     11154	80003a80	2009	c.jal	80003a82	  x1=0x80003a82
      225157000	     11156	80003a82	2831	c.jal	80003a9e	  x1=0x80003a84
      225197000	     11158	80003a9e	3fe1	c.jal	80003a76	  x1=0x80003aa0
      225237000	     11160	80003a76	a821	c.j	80003a8e	
      225277000	     11162	80003a8e	b7d5	c.j	80003a72	
      225337000	     11165	80003a72	00a000ef	jal	x1,80003a7c	  x1=0x80003a76
      225397000	     11168	80003a7c	028000ef	jal	x1,80003aa4	  x1=0x80003a80
      225437000	     11170	80003aa4	b7f5	c.j	80003a90	
      225477000	     11172	80003a90	a019	c.j	80003a96	
      225517000	     11174	80003a96	3fc5	c.jal	80003a86	  x1=0x80003a98
      225597000	     11178	80003a86	a035	c.j	80003ab2	
      226377000	     11217	80003ab2	0261dd33	divu	x26,x3,x6	  x3:0x80003a9e  x6:0x80003a68 x26=0x00000001
      226397000	     11218	80003ab6	018001ef	jal	x3,80003ace	  x3=0x80003aba
      226717000	     11234	80003ace	ff5ff0ef	jal	x1,80003ac2	  x1=0x80003ad2
      226757000	     11236	80003ac2	2829	c.jal	80003adc	  x1=0x80003ac4
      227197000	     11258	80003adc	bff9	c.j	80003aba	
      227277000	     11262	80003aba	a831	c.j	80003ad6	
      227337000	     11265	80003ad6	3ff5	c.jal	80003ad2	  x1=0x80003ad8
      227397000	     11268	80003ad2	2009	c.jal	80003ad4	  x1=0x80003ad4
      227457000	     11271	80003ad4	2819	c.jal	80003aea	  x1=0x80003ad6
      227597000	     11278	80003aea	3fd9	c.jal	80003ac0	  x1=0x80003aec
      227657000	     11281	80003ac0	a015	c.j	80003ae4	
      227717000	     11284	80003ae4	fd9ff0ef	jal	x1,80003abc	  x1=0x80003ae8
      227777000	     11287	80003abc	a015	c.j	80003ae0	
      227837000	     11290	80003ae0	010000ef	jal	x1,80003af0	  x1=0x80003ae4
      229057000	     11351	80003af0	bfe5	c.j	80003ae8	
      229097000	     11353	80003ae8	b7cd	c.j	80003aca	
      229557000	     11376	80003aca	2025	c.jal	80003af2	  x1=0x80003acc
      229617000	     11379	80003af2	bfd9	c.j	80003ac8	
      229657000	     11381	80003ac8	bffd	c.j	80003ac6	
      229697000	     11383	80003ac6	bfe5	c.j	80003abe	
      229737000	     11385	80003abe	a039	c.j	80003acc	
      229777000	     11387	80003acc	3fe5	c.jal	80003ac4	  x1=0x80003ace
      229817000	     11389	80003ac4	a811	c.j	80003ad8	
      229857000	     11391	80003ad8	006000ef	jal	x1,80003ade	  x1=0x80003adc
      229897000	     11393	80003ade	2039	c.jal	80003aec	  x1=0x80003ae0
      229937000	     11395	80003aec	0080026f	jal	x4,80003af4	  x4=0x80003af0
      229977000	     11397	80003af4	01347eb3	and	x29,x8,x19	  x8:0x80003356 x19:0x080003a0 x29=0x00000300
      230017000	     11399	80003af8	026001ef	jal	x3,80003b1e	  x3=0x80003afc
      230157000	     11406	80003b1e	200d	c.jal	80003b40	  x1=0x80003b20
      231217000	     11459	80003b40	fc3ff0ef	jal	x1,80003b02	  x1=0x80003b44
      231297000	     11463	80003b02	a809	c.j	80003b14	
      231837000	     11490	80003b14	3ffd	c.jal	80003b12	  x1=0x80003b16
      231917000	     11494	80003b12	a831	c.j	80003b2e	
      231977000	     11497	80003b2e	3ff1	c.jal	80003b0a	  x1=0x80003b30
      232277000	     11512	80003b0a	203d	c.jal	80003b38	  x1=0x80003b0c
      232797000	     11538	80003b38	bfcd	c.j	80003b2a	
      232857000	     11541	80003b2a	01a0036f	jal	x6,80003b44	  x6=0x80003b2e
      232917000	     11544	80003b44	bfc9	c.j	80003b16	
      233037000	     11550	80003b16	020000ef	jal	x1,80003b36	  x1=0x80003b1a
      233097000	     11553	80003b36	37d5	c.jal	80003b1a	  x1=0x80003b38
      233177000	     11557	80003b1a	008000ef	jal	x1,80003b22	  x1=0x80003b1e
      233237000	     11560	80003b22	bfe9	c.j	80003afc	
      233277000	     11562	80003afc	2825	c.jal	80003b34	  x1=0x80003afe
      233317000	     11564	80003b34	3fc5	c.jal	80003b24	  x1=0x80003b36
      233357000	     11566	80003b24	2011	c.jal	80003b28	  x1=0x80003b26
      233397000	     11568	80003b28	3fe5	c.jal	80003b20	  x1=0x80003b2a
      233437000	     11570	80003b20	bff9	c.j	80003afe	
      233477000	     11572	80003afe	a021	c.j	80003b06	
      233537000	     11575	80003b06	ffbff0ef	jal	x1,80003b00	  x1=0x80003b0a
      233577000	     11577	80003b00	2031	c.jal	80003b0c	  x1=0x80003b02
      233617000	     11579	80003b0c	02e0066f	jal	x12,80003b3a	 x12=0x80003b10
      233677000	     11582	80003b3a	004000ef	jal	x1,80003b3e	  x1=0x80003b3e
      233737000	     11585	80003b3e	3fc9	c.jal	80003b10	  x1=0x80003b40
      233797000	     11588	80003b10	a819	c.j	80003b26	
      233857000	     11591	80003b26	bff9	c.j	80003b04	
      233917000	     11594	80003b04	2035	c.jal	80003b30	  x1=0x80003b06
      233957000	     11596	80003b30	016000ef	jal	x1,80003b46	  x1=0x80003b34
      234017000	     11599	80003b46	004000ef	jal	x1,80003b4a	  x1=0x80003b4a
      234077000	     11602	80003b4a	4123d833	sra	x16,x7,x18	  x7:0x00000000 x18:0x00000000 x16=0x00000000
      234097000	     11603	80003b4e	024001ef	jal	x3,80003b72	  x3=0x80003b52
      234657000	     11631	80003b72	3ffd	c.jal	80003b70	  x1=0x80003b74
      234897000	     11643	80003b70	2021	c.jal	80003b78	  x1=0x80003b72
      234957000	     11646	80003b78	37cd	c.jal	80003b5a	  x1=0x80003b7a
      235017000	     11649	80003b5a	a029	c.j	80003b64	
      235697000	     11683	80003b64	a829	c.j	80003b7e	
      235737000	     11685	80003b7e	bff9	c.j	80003b5c	
      235797000	     11688	80003b5c	a839	c.j	80003b7a	
      235837000	     11690	80003b7a	3fed	c.jal	80003b74	  x1=0x80003b7c
      235877000	     11692	80003b74	37fd	c.jal	80003b62	  x1=0x80003b76
      235917000	     11694	80003b62	3fcd	c.jal	80003b54	  x1=0x80003b64
      235977000	     11697	80003b54	2819	c.jal	80003b6a	  x1=0x80003b56
      236057000	     11701	80003b6a	0120036f	jal	x6,80003b7c	  x6=0x80003b6e
      236117000	     11704	80003b7c	37cd	c.jal	80003b5e	  x1=0x80003b7e
      236157000	     11706	80003b5e	bfd5	c.j	80003b52	
      236197000	     11708	80003b52	a011	c.j	80003b56	
      236237000	     11710	80003b56	2005	c.jal	80003b76	  x1=0x80003b58
      236757000	     11736	80003b76	bfc5	c.j	80003b66	
      236817000	     11739	80003b66	a829	c.j	80003b80	
      236877000	     11742	80003b80	fd9ff0ef	jal	x1,80003b58	  x1=0x80003b84
      236937000	     11745	80003b58	a021	c.j	80003b60	
      236997000	     11748	80003b60	a039	c.j	80003b6e	
      237057000	     11751	80003b6e	bfed	c.j	80003b68	
      237117000	     11754	80003b68	a831	c.j	80003b84	
      237177000	     11757	80003b84	8775	c.srai	x14,0x1d	 x14:0xfc0001bc x14=0xffffffff
      238197000	     11808	80003b86	008001ef	jal	x3,80003b8e	  x3=0x80003b8a
      239337000	     11865	80003b8e	2011	c.jal	80003b92	  x1=0x80003b90
      239397000	     11868	80003b92	2811	c.jal	80003ba6	  x1=0x80003b94
      249777000	     12387	80003ba6	ff7ff0ef	jal	x1,80003b9c	  x1=0x80003baa
      249817000	     12389	80003b9c	ff9ff0ef	jal	x1,80003b94	  x1=0x80003ba0
      249857000	     12391	80003b94	a019	c.j	80003b9a	
      249897000	     12393	80003b9a	a019	c.j	80003ba0	
      249937000	     12395	80003ba0	2009	c.jal	80003ba2	  x1=0x80003ba2
      249997000	     12398	80003ba2	ff5ff0ef	jal	x1,80003b96	  x1=0x80003ba6
      250057000	     12401	80003b96	3fd5	c.jal	80003b8a	  x1=0x80003b98
      250117000	     12404	80003b8a	006000ef	jal	x1,80003b90	  x1=0x80003b8e
      250177000	     12407	80003b90	2829	c.jal	80003baa	  x1=0x80003b92
      250217000	     12409	80003baa	b7fd	c.j	80003b98	
      250257000	     12411	80003b98	a811	c.j	80003bac	
      250297000	     12413	80003bac	4184d513	srai	x10,x9,0x18	  x9:0x00000001 x10=0x00000000
      250317000	     12414	80003bb0	02a001ef	jal	x3,80003bda	  x3=0x80003bb4
      250397000	     12418	80003bda	2809	c.jal	80003bec	  x1=0x80003bdc
      251377000	     12467	80003bec	b7e9	c.j	80003bb6	
      251497000	     12473	80003bb6	0060036f	jal	x6,80003bbc	  x6=0x80003bba
      251557000	     12476	80003bbc	a021	c.j	80003bc4	
      252637000	     12530	80003bc4	0180016f	jal	x2,80003bdc	  x2=0x80003bc8
      252697000	     12533	80003bdc	37cd	c.jal	80003bbe	  x1=0x80003bde
      252757000	     12536	80003bbe	a821	c.j	80003bd6	
      253837000	     12590	80003bd6	01c000ef	jal	x1,80003bf2	  x1=0x80003bda
      253877000	     12592	80003bf2	3fe1	c.jal	80003bca	  x1=0x80003bf4
      253917000	     12594	80003bca	a811	c.j	80003bde	
      253977000	     12597	80003bde	febff26f	jal	x4,80003bc8	  x4=0x80003be2
      254037000	     12600	80003bc8	a029	c.j	80003bd2	
      254077000	     12602	80003bd2	b7cd	c.j	80003bb4	
      254117000	     12604	80003bb4	a019	c.j	80003bba	
      254157000	     12606	80003bba	a019	c.j	80003bc0	
      254197000	     12608	80003bc0	01000b6f	jal	x22,80003bd0	 x22=0x80003bc4
      254237000	     12610	80003bd0	a015	c.j	80003bf4	
      254277000	     12612	80003bf4	3fcd	c.jal	80003be6	  x1=0x80003bf6
      254537000	     12625	80003be6	fefff0ef	jal	x1,80003bd4	  x1=0x80003bea
      254577000	     12627	80003bd4	2819	c.jal	80003bea	  x1=0x80003bd6
      254617000	     12629	80003bea	2011	c.jal	80003bee	  x1=0x80003bec
      254677000	     12632	80003bee	ff5ff1ef	jal	x3,80003be2	  x3=0x80003bf2
      254737000	     12635	80003be2	febff7ef	jal	x15,80003bcc	 x15=0x80003be6
      254797000	     12638	80003bcc	02a00c6f	jal	x24,80003bf6	 x24=0x80003bd0
      254857000	     12641	80003bf6	9e3a	c.add	x28,x14	 x28:0x80003602 x14:0xffffffff x28=0x80003601
      254917000	     12644	80003bf8	038001ef	jal	x3,80003c30	  x3=0x80003bfc
      255437000	     12670	80003c30	fd3ff0ef	jal	x1,80003c02	  x1=0x80003c34
      255517000	     12674	80003c02	02a000ef	jal	x1,80003c2c	  x1=0x80003c06
      255977000	     12697	80003c2c	bfd1	c.j	80003c00	
      256037000	     12700	80003c00	a81d	c.j	80003c36	
      256077000	     12702	80003c36	3ff9	c.jal	80003c14	  x1=0x80003c38
      256917000	     12744	80003c14	2039	c.jal	80003c22	  x1=0x80003c16
      258117000	     12804	80003c22	fddff0ef	jal	x1,80003bfe	  x1=0x80003c26
      258157000	     12806	80003bfe	2025	c.jal	80003c26	  x1=0x80003c00
      258237000	     12810	80003c26	fd7ff0ef	jal	x1,80003bfc	  x1=0x80003c2a
      258277000	     12812	80003bfc	a039	c.j	80003c0a	
      258317000	     12814	80003c0a	a015	c.j	80003c2e	
      258357000	     12816	80003c2e	3ff5	c.jal	80003c2a	  x1=0x80003c30
      258437000	     12820	80003c2a	b7cd	c.j	80003c0c	
      258497000	     12823	80003c0c	00c00aef	jal	x21,80003c18	 x21=0x80003c10
      258557000	     12826	80003c18	ffbff0ef	jal	x1,80003c12	  x1=0x80003c1c
      258617000	     12829	80003c12	3ffd	c.jal	80003c10	  x1=0x80003c14
      258657000	     12831	80003c10	a039	c.j	80003c1e	
      258737000	     12835	80003c1e	fe9ff16f	jal	x2,80003c06	  x2=0x80003c22
      258797000	     12838	80003c06	2801	c.jal	80003c16	  x1=0x80003c08
      258837000	     12840	80003c16	2839	c.jal	80003c34	  x1=0x80003c18
      258877000	     12842	80003c34	b7e5	c.j	80003c1c	
      258917000	     12844	80003c1c	37f5	c.jal	80003c08	  x1=0x80003c1e
      258957000	     12846	80003c08	2805	c.jal	80003c38	  x1=0x80003c0a
      258997000	     12848	80003c38	0001	c.addi	x0,0	  x0:0x00000000  x0=0x00000000
      259017000	     12849	80003c3a	006001ef	jal	x3,80003c40	  x3=0x80003c3e
      259337000	     12865	80003c40	3ffd	c.jal	80003c3e	  x1=0x80003c42
      259377000	     12867	80003c3e	a011	c.j	80003c42	
      259437000	     12870	80003c42	2011	c.jal	80003c46	  x1=0x80003c44
      259497000	     12873	80003c46	2011	c.jal	80003c4a	  x1=0x80003c48
      259557000	     12876	80003c4a	3fed	c.jal	80003c44	  x1=0x80003c4c
      259617000	     12879	80003c44	2811	c.jal	80003c58	  x1=0x80003c46
      259917000	     12894	80003c58	2009	c.jal	80003c5a	  x1=0x80003c5a
      261157000	     12956	80003c5a	bfdd	c.j	80003c50	
      261197000	     12958	80003c50	ff9ff36f	jal	x6,80003c48	  x6=0x80003c54
      261257000	     12961	80003c48	2811	c.jal	80003c5c	  x1=0x80003c4a
      261317000	     12964	80003c5c	a009	c.j	80003c5e	
      261377000	     12967	80003c5e	bfdd	c.j	80003c54	
      261437000	     12970	80003c54	ff9ff0ef	jal	x1,80003c4c	  x1=0x80003c58
      261497000	     12973	80003c4c	01400fef	jal	x31,80003c60	 x31=0x80003c50
      261557000	     12976	80003c60	340ed1f3	csrrwi	x3,mscratch,29	  x3=0x00000007
      261577000	     12977	80003c64	018001ef	jal	x3,80003c7c	  x3=0x80003c68
      261657000	     12981	80003c7c	01a000ef	jal	x1,80003c96	  x1=0x80003c80
      262097000	     13003	80003c96	fdfff0ef	jal	x1,80003c74	  x1=0x80003c9a
      262757000	     13036	80003c74	2801	c.jal	80003c84	  x1=0x80003c76
      262817000	     13039	80003c84	ff5ff36f	jal	x6,80003c78	  x6=0x80003c88
      262857000	     13041	80003c78	fffff2ef	jal	x5,80003c76	  x5=0x80003c7c
      263117000	     13054	80003c76	201d	c.jal	80003c9c	  x1=0x80003c78
      263157000	     13056	80003c9c	b7f1	c.j	80003c68	
      263197000	     13058	80003c68	a029	c.j	80003c72	
      263237000	     13060	80003c72	2005	c.jal	80003c92	  x1=0x80003c74
      263337000	     13065	80003c92	ff7ff0ef	jal	x1,80003c88	  x1=0x80003c96
      263397000	     13068	80003c88	01e00e6f	jal	x28,80003ca6	 x28=0x80003c8c
      263517000	     13074	80003ca6	fc9ff16f	jal	x2,80003c6e	  x2=0x80003caa
      263597000	     13078	80003c6e	030000ef	jal	x1,80003c9e	  x1=0x80003c72
      263637000	     13080	80003c9e	2009	c.jal	80003ca0	  x1=0x80003ca0
      263717000	     13084	80003ca0	fcdff16f	jal	x2,80003c6c	  x2=0x80003ca4
      263777000	     13087	80003c6c	200d	c.jal	80003c8e	  x1=0x80003c6e
      263837000	     13090	80003c8e	3ffd	c.jal	80003c8c	  x1=0x80003c90
      263897000	     13093	80003c8c	a039	c.j	80003c9a	
      263957000	     13096	80003c9a	2029	c.jal	80003ca4	  x1=0x80003c9c
      264017000	     13099	80003ca4	3ff1	c.jal	80003c80	  x1=0x80003ca6
      264077000	     13102	80003c80	010001ef	jal	x3,80003c90	  x3=0x80003c84
      264137000	     13105	80003c90	3fe9	c.jal	80003c6a	  x1=0x80003c92
      264197000	     13108	80003c6a	2081	c.jal	80003caa	  x1=0x80003c6c
      264237000	     13110	80003caa	8fb1	c.xor	x15,x12	 x15:0x80003be6 x12:0x80003b10 x15=0x000000f6
      264257000	     13111	80003cac	03e001ef	jal	x3,80003cea	  x3=0x80003cb0
      264717000	     13134	80003cea	a801	c.j	80003cfa	
      265837000	     13190	80003cfa	3fcd	c.jal	80003cec	  x1=0x80003cfc
      265897000	     13193	80003cec	ff1ff1ef	jal	x3,80003cdc	  x3=0x80003cf0
      266637000	     13230	80003cdc	b7f5	c.j	80003cc8	
      267257000	     13261	80003cc8	a031	c.j	80003cd4	
      267417000	     13269	80003cd4	fe3ff36f	jal	x6,80003cb6	  x6=0x80003cd8
      267497000	     13273	80003cb6	ffbff36f	jal	x6,80003cb0	  x6=0x80003cba
      267537000	     13275	80003cb0	a031	c.j	80003cbc	
      267597000	     13278	80003cbc	201d	c.jal	80003ce2	  x1=0x80003cbe
      267637000	     13280	80003ce2	b7f5	c.j	80003cce	
      267697000	     13283	80003cce	a031	c.j	80003cda	
      267757000	     13286	80003cda	37ed	c.jal	80003cc4	  x1=0x80003cdc
      268157000	     13306	80003cc4	a019	c.j	80003cca	
      268237000	     13310	80003cca	00e000ef	jal	x1,80003cd8	  x1=0x80003cce
      268297000	     13313	80003cd8	a829	c.j	80003cf2	
      268357000	     13316	80003cf2	0060036f	jal	x6,80003cf8	  x6=0x80003cf6
      268397000	     13318	80003cf8	37f5	c.jal	80003ce4	  x1=0x80003cfa
      268437000	     13320	80003ce4	bff9	c.j	80003cc2	
      268477000	     13322	80003cc2	bff5	c.j	80003cbe	
      268517000	     13324	80003cbe	a021	c.j	80003cc6	
      268557000	     13326	80003cc6	2029	c.jal	80003cd0	  x1=0x80003cc8
      268597000	     13328	80003cd0	fe3ff0ef	jal	x1,80003cb2	  x1=0x80003cd4
      268657000	     13331	80003cb2	02c0096f	jal	x18,80003cde	 x18=0x80003cb6
      268717000	     13334	80003cde	3ff1	c.jal	80003cba	  x1=0x80003ce0
      268757000	     13336	80003cba	2835	c.jal	80003cf6	  x1=0x80003cbc
      268797000	     13338	80003cf6	3fed	c.jal	80003cf0	  x1=0x80003cf8
      268837000	     13340	80003cf0	bfc5	c.j	80003ce0	
      268877000	     13342	80003ce0	2019	c.jal	80003ce6	  x1=0x80003ce2
      268937000	     13345	80003ce6	fdbff0ef	jal	x1,80003cc0	  x1=0x80003cea
      268977000	     13347	80003cc0	a835	c.j	80003cfc	
      269017000	     13349	80003cfc	01be9033	sll	x0,x29,x27	 x29:0x00000300 x27:0x800038d6  x0=0x00000000
      269037000	     13350	80003d00	010001ef	jal	x3,80003d10	  x3=0x80003d04
      269177000	     13357	80003d10	bfed	c.j	80003d0a	
      269217000	     13359	80003d0a	2021	c.jal	80003d12	  x1=0x80003d0c
      269457000	     13371	80003d12	2009	c.jal	80003d14	  x1=0x80003d14
      269517000	     13374	80003d14	ff9ff0ef	jal	x1,80003d0c	  x1=0x80003d18
      269577000	     13377	80003d0c	ff9ff36f	jal	x6,80003d04	  x6=0x80003d10
      269637000	     13380	80003d04	026002ef	jal	x5,80003d2a	  x5=0x80003d08
      269957000	     13396	80003d2a	bfe5	c.j	80003d22	
      270017000	     13399	80003d22	ff9ff7ef	jal	x15,80003d1a	 x15=0x80003d26
      270077000	     13402	80003d1a	b7fd	c.j	80003d08	
      270137000	     13405	80003d08	2839	c.jal	80003d26	  x1=0x80003d0a
      270217000	     13409	80003d26	006000ef	jal	x1,80003d2c	  x1=0x80003d2a
      270257000	     13411	80003d2c	0040036f	jal	x6,80003d30	  x6=0x80003d30
      270297000	     13413	80003d30	fefff36f	jal	x6,80003d1e	  x6=0x80003d34
      270357000	     13416	80003d1e	fffffa6f	jal	x20,80003d1c	 x20=0x80003d22
      270417000	     13419	80003d1c	bff5	c.j	80003d18	
      270457000	     13421	80003d18	a831	c.j	80003d34	
      270517000	     13424	80003d34	02792733	mulhsu	x14,x18,x7	 x18:0x80003cb6  x7:0x00000000 x14=0x00000000
      271197000	     13458	80003d38	010001ef	jal	x3,80003d48	  x3=0x80003d3c
      272077000	     13502	80003d48	bfdd	c.j	80003d3e	
      272137000	     13505	80003d3e	200d	c.jal	80003d60	  x1=0x80003d40
      273057000	     13551	80003d60	3fdd	c.jal	80003d56	  x1=0x80003d62
      273137000	     13555	80003d56	3fd5	c.jal	80003d4a	  x1=0x80003d58
      273197000	     13558	80003d4a	bff5	c.j	80003d46	
      273257000	     13561	80003d46	2809	c.jal	80003d58	  x1=0x80003d48
      273317000	     13564	80003d58	b7e5	c.j	80003d40	
      273377000	     13567	80003d40	bff5	c.j	80003d3c	
      273437000	     13570	80003d3c	a811	c.j	80003d50	
      273497000	     13573	80003d50	a039	c.j	80003d5e	
      273557000	     13576	80003d5e	3fd5	c.jal	80003d52	  x1=0x80003d60
      273617000	     13579	80003d52	2009	c.jal	80003d54	  x1=0x80003d54
      273677000	     13582	80003d54	a019	c.j	80003d5a	
      273717000	     13584	80003d5a	37ed	c.jal	80003d44	  x1=0x80003d5c
      273757000	     13586	80003d44	2021	c.jal	80003d4c	  x1=0x80003d46
      273797000	     13588	80003d4c	2009	c.jal	80003d4e	  x1=0x80003d4e
      273877000	     13592	80003d4e	bfd5	c.j	80003d42	
      273937000	     13595	80003d42	a829	c.j	80003d5c	
      273997000	     13598	80003d5c	2019	c.jal	80003d62	  x1=0x80003d5e
      274077000	     13602	80003d62	a3e24b93	xori	x23,x4,-1474	  x4:0x80003be2 x23=0x7fffc1dc
      274137000	     13605	80003d66	018001ef	jal	x3,80003d7e	  x3=0x80003d6a
      275237000	     13660	80003d7e	ff9ff0ef	jal	x1,80003d76	  x1=0x80003d82
      275277000	     13662	80003d76	2011	c.jal	80003d7a	  x1=0x80003d78
      275337000	     13665	80003d7a	bfc5	c.j	80003d6a	
      275397000	     13668	80003d6a	a039	c.j	80003d78	
      275457000	     13671	80003d78	3ff5	c.jal	80003d74	  x1=0x80003d7a
      275517000	     13674	80003d74	2809	c.jal	80003d86	  x1=0x80003d76
      275597000	     13678	80003d86	00a004ef	jal	x9,80003d90	  x9=0x80003d8a
      275997000	     13698	80003d90	a019	c.j	80003d96	
      276037000	     13700	80003d96	3ff1	c.jal	80003d72	  x1=0x80003d98
      276097000	     13703	80003d72	2821	c.jal	80003d8a	  x1=0x80003d74
      276157000	     13706	80003d8a	a021	c.j	80003d92	
      276237000	     13710	80003d92	febff7ef	jal	x15,80003d7c	 x15=0x80003d96
      276297000	     13713	80003d7c	2021	c.jal	80003d84	  x1=0x80003d7e
      276337000	     13715	80003d84	a021	c.j	80003d8c	
      276377000	     13717	80003d8c	00c000ef	jal	x1,80003d98	  x1=0x80003d90
      276417000	     13719	80003d98	fd9ff0ef	jal	x1,80003d70	  x1=0x80003d9c
      276457000	     13721	80003d70	3ff5	c.jal	80003d6c	  x1=0x80003d72
      276497000	     13723	80003d6c	016000ef	jal	x1,80003d82	  x1=0x80003d70
      276537000	     13725	80003d82	a829	c.j	80003d9c	
      276617000	     13729	80003d9c	34006573	csrrsi	x10,mscratch,0	 x10=0x0000001d
      276677000	     13732	80003da0	00c001ef	jal	x3,80003dac	  x3=0x80003da4
      276977000	     13747	80003dac	2031	c.jal	80003db8	  x1=0x80003dae
      278557000	     13826	80003db8	a009	c.j	80003dba	
      278617000	     13829	80003dba	0080026f	jal	x4,80003dc2	  x4=0x80003dbe
      279877000	     13892	80003dc2	3fd5	c.jal	80003db6	  x1=0x80003dc4
      279917000	     13894	80003db6	b7fd	c.j	80003da4	
      279977000	     13897	80003da4	00a000ef	jal	x1,80003dae	  x1=0x80003da8
      280037000	     13900	80003dae	2801	c.jal	80003dbe	  x1=0x80003db0
      280117000	     13904	80003dbe	ff3ff36f	jal	x6,80003db0	  x6=0x80003dc2
      280157000	     13906	80003db0	ff9ff9ef	jal	x19,80003da8	 x19=0x80003db4
      280197000	     13908	80003da8	a031	c.j	80003db4	
      280237000	     13910	80003db4	bfdd	c.j	80003daa	
      280317000	     13914	80003daa	2829	c.jal	80003dc4	  x1=0x80003dac
      280377000	     13917	80003dc4	6175	c.addi16sp	x2,368	  x2:0x80003ca4  x2=0x80003e14
      280437000	     13920	80003dc6	010001ef	jal	x3,80003dd6	  x3=0x80003dca
      280497000	     13923	80003dd6	bfe5	c.j	80003dce	
      280557000	     13926	80003dce	2839	c.jal	80003dec	  x1=0x80003dd0
      281297000	     13963	80003dec	bfe5	c.j	80003de4	
      282477000	     14022	80003de4	00a000ef	jal	x1,80003dee	  x1=0x80003de8
      282517000	     14024	80003dee	b7f5	c.j	80003dda	
      282777000	     14037	80003dda	2011	c.jal	80003dde	  x1=0x80003ddc
      283057000	     14051	80003dde	a819	c.j	80003df4	
      283117000	     14054	80003df4	bfe1	c.j	80003dcc	
      283157000	     14056	80003dcc	a801	c.j	80003ddc	
      283197000	     14058	80003ddc	a011	c.j	80003de0	
      283237000	     14060	80003de0	2009	c.jal	80003de2	  x1=0x80003de2
      283297000	     14063	80003de2	a039	c.j	80003df0	
      283337000	     14065	80003df0	ffbff26f	jal	x4,80003dea	  x4=0x80003df4
      283377000	     14067	80003dea	37fd	c.jal	80003dd8	  x1=0x80003dec
      283417000	     14069	80003dd8	2839	c.jal	80003df6	  x1=0x80003dda
      283497000	     14073	80003df6	fd5ff0ef	jal	x1,80003dca	  x1=0x80003dfa
      283557000	     14076	80003dca	2021	c.jal	80003dd2	  x1=0x80003dcc
      283617000	     14079	80003dd2	a819	c.j	80003de8	
      283677000	     14082	80003de8	37f5	c.jal	80003dd4	  x1=0x80003dea
      283737000	     14085	80003dd4	3ff5	c.jal	80003dd0	  x1=0x80003dd6
      283797000	     14088	80003dd0	202d	c.jal	80003dfa	  x1=0x80003dd2
      284597000	     14128	80003dfa	0283e1b3	rem	x3,x7,x8	  x7:0x00000000  x8:0x80003356  x3=0x00000000
      284617000	     14129	80003dfe	03c001ef	jal	x3,80003e3a	  x3=0x80003e02
      284997000	     14148	80003e3a	bfc1	c.j	80003e0a	
      285057000	     14151	80003e0a	fffff36f	jal	x6,80003e08	  x6=0x80003e0e
      285097000	     14153	80003e08	a005	c.j	80003e28	
      285337000	     14165	80003e28	bff1	c.j	80003e04	
      285377000	     14167	80003e04	a821	c.j	80003e1c	
      285797000	     14188	80003e1c	2019	c.jal	80003e22	  x1=0x80003e1e
      286057000	     14201	80003e22	a011	c.j	80003e26	
      286117000	     14204	80003e26	b7ed	c.j	80003e10	
      286157000	     14206	80003e10	a035	c.j	80003e3c	
      286197000	     14208	80003e3c	ffbff36f	jal	x6,80003e36	  x6=0x80003e40
      286257000	     14211	80003e36	fd1ff36f	jal	x6,80003e06	  x6=0x80003e3a
      286297000	     14213	80003e06	2035	c.jal	80003e32	  x1=0x80003e08
      286337000	     14215	80003e32	3fc1	c.jal	80003e02	  x1=0x80003e34
      286377000	     14217	80003e02	2831	c.jal	80003e1e	  x1=0x80003e04
      286457000	     14221	80003e1e	02400def	jal	x27,80003e42	 x27=0x80003e22
      287117000	     14254	80003e42	fcdff0ef	jal	x1,80003e0e	  x1=0x80003e46
      287157000	     14256	80003e0e	a011	c.j	80003e12	
      287197000	     14258	80003e12	200d	c.jal	80003e34	  x1=0x80003e14
      287237000	     14260	80003e34	a031	c.j	80003e40	
      287277000	     14262	80003e40	37fd	c.jal	80003e2e	  x1=0x80003e42
      287317000	     14264	80003e2e	bfdd	c.j	80003e24	
      287357000	     14266	80003e24	3fd5	c.jal	80003e18	  x1=0x80003e26
      287457000	     14271	80003e18	ffdff0ef	jal	x1,80003e14	  x1=0x80003e1c
      287517000	     14274	80003e14	016000ef	jal	x1,80003e2a	  x1=0x80003e18
      287597000	     14278	80003e2a	006000ef	jal	x1,80003e30	  x1=0x80003e2e
      287657000	     14281	80003e30	2819	c.jal	80003e46	  x1=0x80003e32
      287737000	     14285	80003e46	e3c2f993	andi	x19,x5,-452	  x5:0x80003d08 x19=0x80003c08
      287757000	     14286	80003e4a	008001ef	jal	x3,80003e52	  x3=0x80003e4e
      288617000	     14329	80003e52	200d	c.jal	80003e74	  x1=0x80003e54
      289517000	     14374	80003e74	ff9ff0ef	jal	x1,80003e6c	  x1=0x80003e78
      289817000	     14389	80003e6c	ffbff0ef	jal	x1,80003e66	  x1=0x80003e70
      289877000	     14392	80003e66	3fdd	c.jal	80003e5c	  x1=0x80003e68
      289917000	     14394	80003e5c	bff5	c.j	80003e58	
      289977000	     14397	80003e58	2019	c.jal	80003e5e	  x1=0x80003e5a
      290057000	     14401	80003e5e	ffdff0ef	jal	x1,80003e5a	  x1=0x80003e62
      290097000	     14403	80003e5a	bfd5	c.j	80003e4e	
      290137000	     14405	80003e4e	2829	c.jal	80003e68	  x1=0x80003e50
      290177000	     14407	80003e68	008000ef	jal	x1,80003e70	  x1=0x80003e6c
      290217000	     14409	80003e70	fe1ff0ef	jal	x1,80003e50	  x1=0x80003e74
      290257000	     14411	80003e50	a011	c.j	80003e54	
      290317000	     14414	80003e54	2039	c.jal	80003e62	  x1=0x80003e56
      290397000	     14418	80003e62	ff5ff36f	jal	x6,80003e56	  x6=0x80003e66
      290457000	     14421	80003e56	200d	c.jal	80003e78	  x1=0x80003e58
      290517000	     14424	80003e78	34002f73	csrrs	x30,mscratch,x0	  x0:0x00000000 x30=0x0000001d
      290537000	     14425	80003e7c	006001ef	jal	x3,80003e82	  x3=0x80003e80
      290597000	     14428	80003e82	2031	c.jal	80003e8e	  x1=0x80003e84
      291157000	     14456	80003e8e	bff5	c.j	80003e8a	
      291217000	     14459	80003e8a	008000ef	jal	x1,80003e92	  x1=0x80003e8e
      292317000	     14514	80003e92	b7fd	c.j	80003e80	
      292357000	     14516	80003e80	2801	c.jal	80003e90	  x1=0x80003e82
      292437000	     14520	80003e90	2011	c.jal	80003e94	  x1=0x80003e92
      292497000	     14523	80003e94	0040036f	jal	x6,80003e98	  x6=0x80003e98
      292557000	     14526	80003e98	37f5	c.jal	80003e84	  x1=0x80003e9a
      292617000	     14529	80003e84	a009	c.j	80003e86	
      292697000	     14533	80003e86	014000ef	jal	x1,80003e9a	  x1=0x80003e8a
      292737000	     14535	80003e9a	98fd	c.andi	x9,-1	  x9:0x80003d8a  x9=0x80003d8a
      292757000	     14536	80003e9c	004001ef	jal	x3,80003ea0	  x3=0x80003ea0
      292817000	     14539	80003ea0	a029	c.j	80003eaa	
      294037000	     14600	80003eaa	a829	c.j	80003ec4	
      294437000	     14620	80003ec4	012000ef	jal	x1,80003ed6	  x1=0x80003ec8
      295137000	     14655	80003ed6	b7d5	c.j	80003eba	
      295197000	     14658	80003eba	a039	c.j	80003ec8	
      295257000	     14661	80003ec8	016001ef	jal	x3,80003ede	  x3=0x80003ecc
      295317000	     14664	80003ede	3fcd	c.jal	80003ed0	  x1=0x80003ee0
      295357000	     14666	80003ed0	2801	c.jal	80003ee0	  x1=0x80003ed2
      295417000	     14669	80003ee0	fcdff0ef	jal	x1,80003eac	  x1=0x80003ee4
      295457000	     14671	80003eac	02c000ef	jal	x1,80003ed8	  x1=0x80003eb0
      295517000	     14674	80003ed8	ffbff36f	jal	x6,80003ed2	  x6=0x80003edc
      295597000	     14678	80003ed2	fd7ff36f	jal	x6,80003ea8	  x6=0x80003ed6
      295657000	     14681	80003ea8	2039	c.jal	80003eb6	  x1=0x80003eaa
      295717000	     14684	80003eb6	2009	c.jal	80003eb8	  x1=0x80003eb8
      295777000	     14687	80003eb8	a811	c.j	80003ecc	
      295817000	     14689	80003ecc	fe9ff0ef	jal	x1,80003eb4	  x1=0x80003ed0
      295857000	     14691	80003eb4	a021	c.j	80003ebc	
      295897000	     14693	80003ebc	febff36f	jal	x6,80003ea6	  x6=0x80003ec0
      295937000	     14695	80003ea6	2029	c.jal	80003eb0	  x1=0x80003ea8
      295977000	     14697	80003eb0	02c009ef	jal	x19,80003edc	 x19=0x80003eb4
      296017000	     14699	80003edc	b7d5	c.j	80003ec0	
      296057000	     14701	80003ec0	fe3ff56f	jal	x10,80003ea2	 x10=0x80003ec4
      296117000	     14704	80003ea2	042000ef	jal	x1,80003ee4	  x1=0x80003ea6
      296197000	     14708	80003ee4	024297b3	mulh	x15,x5,x4	  x5:0x80003d08  x4:0x80003df4 x15=0x3fffc282
      296217000	     14709	80003ee8	004001ef	jal	x3,80003eec	  x3=0x80003eec
      296277000	     14712	80003eec	2819	c.jal	80003f02	  x1=0x80003eee
      296857000	     14741	80003f02	bfcd	c.j	80003ef4	
      296917000	     14744	80003ef4	0160036f	jal	x6,80003f0a	  x6=0x80003ef8
      297617000	     14779	80003f0a	3fed	c.jal	80003f04	  x1=0x80003f0c
      297677000	     14782	80003f04	3fdd	c.jal	80003efa	  x1=0x80003f06
      297737000	     14785	80003efa	bfd5	c.j	80003eee	
      297797000	     14788	80003eee	2015	c.jal	80003f12	  x1=0x80003ef0
      297857000	     14791	80003f12	bfed	c.j	80003f0c	
      297917000	     14794	80003f0c	3fcd	c.jal	80003efe	  x1=0x80003f0e
      297977000	     14797	80003efe	2809	c.jal	80003f10	  x1=0x80003f00
      298037000	     14800	80003f10	bffd	c.j	80003f0e	
      298097000	     14803	80003f0e	bfe5	c.j	80003f06	
      298217000	     14809	80003f06	ff3ff9ef	jal	x19,80003ef8	 x19=0x80003f0a
      298277000	     14812	80003ef8	a021	c.j	80003f00	
      298337000	     14815	80003f00	bff5	c.j	80003efc	
      298397000	     14818	80003efc	bfd5	c.j	80003ef0	
      298457000	     14821	80003ef0	02400aef	jal	x21,80003f14	 x21=0x80003ef4
      299217000	     14859	80003f14	03367f33	remu	x30,x12,x19	 x12:0x80003b10 x19:0x80003f0a x30=0x80003b10
      299237000	     14860	80003f18	02c001ef	jal	x3,80003f44	  x3=0x80003f1c
      300017000	     14899	80003f44	ff5ff4ef	jal	x9,80003f38	  x9=0x80003f48
      300617000	     14929	80003f38	b7d5	c.j	80003f1c	
      300657000	     14931	80003f1c	200d	c.jal	80003f3e	  x1=0x80003f1e
      301257000	     14961	80003f3e	ff5ff0ef	jal	x1,80003f32	  x1=0x80003f42
      301437000	     14970	80003f32	bfed	c.j	80003f2c	
      301477000	     14972	80003f2c	0160036f	jal	x6,80003f42	  x6=0x80003f30
      301517000	     14974	80003f42	bfcd	c.j	80003f34	
      301577000	     14977	80003f34	febff36f	jal	x6,80003f1e	  x6=0x80003f38
      301657000	     14981	80003f1e	01c000ef	jal	x1,80003f3a	  x1=0x80003f22
      301717000	     14984	80003f3a	00e000ef	jal	x1,80003f48	  x1=0x80003f3e
      301777000	     14987	80003f48	3ff1	c.jal	80003f24	  x1=0x80003f4a
      301837000	     14990	80003f24	2031	c.jal	80003f30	  x1=0x80003f26
      301877000	     14992	80003f30	bfe5	c.j	80003f28	
      301917000	     14994	80003f28	fffff0ef	jal	x1,80003f26	  x1=0x80003f2c
      301957000	     14996	80003f26	3ff5	c.jal	80003f22	  x1=0x80003f28
      301997000	     14998	80003f22	a025	c.j	80003f4a	
      302057000	     15001	80003f4a	00400eef	jal	x29,80003f4e	 x29=0x80003f4e
      302177000	     15007	80003f4e	340457f3	csrrwi	x15,mscratch,8	 x15=0x0000001d
      302197000	     15008	80003f52	022001ef	jal	x3,80003f74	  x3=0x80003f56
      302777000	     15037	80003f74	37fd	c.jal	80003f62	  x1=0x80003f76
      303497000	     15073	80003f62	024000ef	jal	x1,80003f86	  x1=0x80003f66
      303537000	     15075	80003f86	a819	c.j	80003f9c	
      304417000	     15119	80003f9c	3f75	c.jal	80003f58	  x1=0x80003f9e
      304457000	     15121	80003f58	00e000ef	jal	x1,80003f66	  x1=0x80003f5c
      304717000	     15134	80003f66	ff9ff0ef	jal	x1,80003f5e	  x1=0x80003f6a
      304777000	     15137	80003f5e	a839	c.j	80003f7c	
      304837000	     15140	80003f7c	fe1ff76f	jal	x14,80003f5c	 x14=0x80003f80
      304897000	     15143	80003f5c	a815	c.j	80003f90	
      305737000	     15185	80003f90	b7e5	c.j	80003f78	
      305777000	     15187	80003f78	2009	c.jal	80003f7a	  x1=0x80003f7a
      305817000	     15189	80003f7a	a829	c.j	80003f94	
      305857000	     15191	80003f94	fc3ff0ef	jal	x1,80003f56	  x1=0x80003f98
      305897000	     15193	80003f56	a811	c.j	80003f6a	
      305957000	     15196	80003f6a	018000ef	jal	x1,80003f82	  x1=0x80003f6e
      305997000	     15198	80003f82	2801	c.jal	80003f92	  x1=0x80003f84
      306037000	     15200	80003f92	3fdd	c.jal	80003f88	  x1=0x80003f94
      306077000	     15202	80003f88	fd9ff0ef	jal	x1,80003f60	  x1=0x80003f8c
      306117000	     15204	80003f60	2825	c.jal	80003f98	  x1=0x80003f62
      306157000	     15206	80003f98	b7f5	c.j	80003f84	
      306197000	     15208	80003f84	2021	c.jal	80003f8c	  x1=0x80003f86
      306237000	     15210	80003f8c	fe7ff0ef	jal	x1,80003f72	  x1=0x80003f90
      306277000	     15212	80003f72	bff5	c.j	80003f6e	
      306357000	     15216	80003f6e	02c0036f	jal	x6,80003f9a	  x6=0x80003f72
      306397000	     15218	80003f9a	b7dd	c.j	80003f80	
      306437000	     15220	80003f80	3fdd	c.jal	80003f76	  x1=0x80003f82
      306477000	     15222	80003f76	a025	c.j	80003f9e	
      306517000	     15224	80003f9e	8619	c.srai	x12,0x6	 x12:0x80003b10 x12=0xfe0000ec
      306537000	     15225	80003fa0	022001ef	jal	x3,80003fc2	  x3=0x80003fa4
      306617000	     15229	80003fc2	b7fd	c.j	80003fb0	
      307757000	     15286	80003fb0	2039	c.jal	80003fbe	  x1=0x80003fb2
      308117000	     15304	80003fbe	2809	c.jal	80003fd0	  x1=0x80003fc0
      308157000	     15306	80003fd0	fdbff0ef	jal	x1,80003faa	  x1=0x80003fd4
      308217000	     15309	80003faa	fffffaef	jal	x21,80003fa8	 x21=0x80003fae
      308257000	     15311	80003fa8	a035	c.j	80003fd4	
      308317000	     15314	80003fd4	ff3ffbef	jal	x23,80003fc6	 x23=0x80003fd8
      308437000	     15320	80003fc6	006000ef	jal	x1,80003fcc	  x1=0x80003fca
      308497000	     15323	80003fcc	fe7ff0ef	jal	x1,80003fb2	  x1=0x80003fd0
      308557000	     15326	80003fb2	2035	c.jal	80003fde	  x1=0x80003fb4
      309057000	     15351	80003fde	37f5	c.jal	80003fca	  x1=0x80003fe0
      309097000	     15353	80003fca	a819	c.j	80003fe0	
      309957000	     15396	80003fe0	3fd9	c.jal	80003fb6	  x1=0x80003fe2
      310117000	     15404	80003fb6	00a000ef	jal	x1,80003fc0	  x1=0x80003fba
      310177000	     15407	80003fc0	a00d	c.j	80003fe2	
      310257000	     15411	80003fe2	fcdff0ef	jal	x1,80003fae	  x1=0x80003fe6
      310317000	     15414	80003fae	2019	c.jal	80003fb4	  x1=0x80003fb0
      310377000	     15417	80003fb4	201d	c.jal	80003fda	  x1=0x80003fb6
      310457000	     15421	80003fda	fffff0ef	jal	x1,80003fd8	  x1=0x80003fde
      310517000	     15424	80003fd8	b7f1	c.j	80003fa4	
      310577000	     15427	80003fa4	042000ef	jal	x1,80003fe6	  x1=0x80003fa8
      310637000	     15430	80003fe6	bff9	c.j	80003fc4	
      310697000	     15433	80003fc4	bfdd	c.j	80003fba	
      310757000	     15436	80003fba	02e000ef	jal	x1,80003fe8	  x1=0x80003fbe
      310817000	     15439	80003fe8	8575	c.srai	x10,0x1d	 x10:0x80003ec4 x10=0xfffffffc
      310837000	     15440	80003fea	012001ef	jal	x3,80003ffc	  x3=0x80003fee
      311417000	     15469	80003ffc	2009	c.jal	80003ffe	  x1=0x80003ffe
      311477000	     15472	80003ffe	a839	c.j	8000401c	
      312757000	     15536	8000401c	3ff5	c.jal	80004018	  x1=0x8000401e
      314337000	     15615	80004018	2009	c.jal	8000401a	  x1=0x8000401a
      314397000	     15618	8000401a	bfe5	c.j	80004012	
      315077000	     15652	80004012	fe3ff0ef	jal	x1,80003ff4	  x1=0x80004016
      315117000	     15654	80003ff4	a821	c.j	8000400c	
      315157000	     15656	8000400c	a029	c.j	80004016	
      315197000	     15658	80004016	b7fd	c.j	80004004	
      315237000	     15660	80004004	00c0026f	jal	x4,80004010	  x4=0x80004008
      315277000	     15662	80004010	3ffd	c.jal	8000400e	  x1=0x80004012
      315317000	     15664	8000400e	2811	c.jal	80004022	  x1=0x80004010
      315357000	     15666	80004022	3ff9	c.jal	80004000	  x1=0x80004024
      315397000	     15668	80004000	008000ef	jal	x1,80004008	  x1=0x80004004
      315437000	     15670	80004008	37ed	c.jal	80003ff2	  x1=0x8000400a
      315477000	     15672	80003ff2	a019	c.j	80003ff8	
      315517000	     15674	80003ff8	0120036f	jal	x6,8000400a	  x6=0x80003ffc
      315557000	     15676	8000400a	37d5	c.jal	80003fee	  x1=0x8000400c
      315637000	     15680	80003fee	008000ef	jal	x1,80003ff6	  x1=0x80003ff2
      315697000	     15683	80003ff6	2025	c.jal	8000401e	  x1=0x80003ff8
      315777000	     15687	8000401e	006009ef	jal	x19,80004024	 x19=0x80004022
      315817000	     15689	80004024	34006df3	csrrsi	x27,mscratch,0	 x27=0x00000008
      315837000	     15690	80004028	006001ef	jal	x3,8000402e	  x3=0x8000402c
      315897000	     15693	8000402e	2029	c.jal	80004038	  x1=0x80004030
      316437000	     15720	80004038	0040016f	jal	x2,8000403c	  x2=0x8000403c
      317177000	     15757	8000403c	0140036f	jal	x6,80004050	  x6=0x80004040
      317997000	     15798	80004050	fe1ffdef	jal	x27,80004030	 x27=0x80004054
      318117000	     15804	80004030	024000ef	jal	x1,80004054	  x1=0x80004034
      318177000	     15807	80004054	bfc5	c.j	80004044	
      318217000	     15809	80004044	a01d	c.j	8000406a	
      320197000	     15908	8000406a	37f5	c.jal	80004056	  x1=0x8000406c
      320237000	     15910	80004056	bfd5	c.j	8000404a	
      320277000	     15912	8000404a	37ed	c.jal	80004034	  x1=0x8000404c
      320317000	     15914	80004034	0340036f	jal	x6,80004068	  x6=0x80004038
      320357000	     15916	80004068	37d5	c.jal	8000404c	  x1=0x8000406a
      320397000	     15918	8000404c	a821	c.j	80004064	
      320477000	     15922	80004064	fddff0ef	jal	x1,80004040	  x1=0x80004068
      320517000	     15924	80004040	02c0016f	jal	x2,8000406c	  x2=0x80004044
      320557000	     15926	8000406c	b7f5	c.j	80004058	
      320597000	     15928	80004058	01e000ef	jal	x1,80004076	  x1=0x8000405c
      320657000	     15931	80004076	bffd	c.j	80004074	
      320717000	     15934	80004074	3fd1	c.jal	80004048	  x1=0x80004076
      320757000	     15936	80004048	a02d	c.j	80004072	
      320797000	     15938	80004072	bfc5	c.j	80004062	
      320837000	     15940	80004062	2039	c.jal	80004070	  x1=0x80004064
      320877000	     15942	80004070	bfc5	c.j	80004060	
      320917000	     15944	80004060	37f1	c.jal	8000402c	  x1=0x80004062
      320957000	     15946	8000402c	2089	c.jal	8000406e	  x1=0x8000402e
      320997000	     15948	8000406e	37c5	c.jal	8000404e	  x1=0x80004070
      321037000	     15950	8000404e	bfe5	c.j	80004046	
      321097000	     15953	80004046	a819	c.j	8000405c	
      321157000	     15956	8000405c	2009	c.jal	8000405e	  x1=0x8000405e
      321217000	     15959	8000405e	a829	c.j	80004078	
      321277000	     15962	80004078	ff471ab7	lui	x21,0xff471	 x21=0xff471000
      321297000	     15963	8000407c	006001ef	jal	x3,80004082	  x3=0x80004080
      321577000	     15977	80004082	00e000ef	jal	x1,80004090	  x1=0x80004086
      322137000	     16005	80004090	3ff5	c.jal	8000408c	  x1=0x80004092
      322177000	     16007	8000408c	008000ef	jal	x1,80004094	  x1=0x80004090
      322237000	     16010	80004094	bfcd	c.j	80004086	
      322297000	     16013	80004086	a011	c.j	8000408a	
      322357000	     16016	8000408a	3fdd	c.jal	80004080	  x1=0x8000408c
      322417000	     16019	80004080	2809	c.jal	80004092	  x1=0x80004082
      322457000	     16021	80004092	3fdd	c.jal	80004088	  x1=0x80004094
      322497000	     16023	80004088	2039	c.jal	80004096	  x1=0x8000408a
      322537000	     16025	80004096	2009	c.jal	80004098	  x1=0x80004098
      322577000	     16027	80004098	00b3b633	sltu	x12,x7,x11	  x7:0x00000000 x11:0x8001fe64 x12=0x00000001
      322597000	     16028	8000409c	03c001ef	jal	x3,800040d8	  x3=0x800040a0
      323017000	     16049	800040d8	3ff1	c.jal	800040b4	  x1=0x800040da
      323577000	     16077	800040b4	a809	c.j	800040c6	
      323717000	     16084	800040c6	3fdd	c.jal	800040bc	  x1=0x800040c8
      323777000	     16087	800040bc	024000ef	jal	x1,800040e0	  x1=0x800040c0
      323837000	     16090	800040e0	fefff36f	jal	x6,800040ce	  x6=0x800040e4
      325157000	     16156	800040ce	ffdff0ef	jal	x1,800040ca	  x1=0x800040d2
      325197000	     16158	800040ca	bfed	c.j	800040c4	
      325237000	     16160	800040c4	b7ed	c.j	800040ae	
      325717000	     16184	800040ae	2805	c.jal	800040de	  x1=0x800040b0
      325757000	     16186	800040de	3fd1	c.jal	800040b2	  x1=0x800040e0
      325797000	     16188	800040b2	2011	c.jal	800040b6	  x1=0x800040b4
      325857000	     16191	800040b6	fefffaef	jal	x21,800040a4	 x21=0x800040ba
      325897000	     16193	800040a4	2819	c.jal	800040ba	  x1=0x800040a6
      325937000	     16195	800040ba	37f5	c.jal	800040a6	  x1=0x800040bc
      325977000	     16197	800040a6	a029	c.j	800040b0	
      326117000	     16204	800040b0	a00d	c.j	800040d2	
      326157000	     16206	800040d2	2009	c.jal	800040d4	  x1=0x800040d4
      326197000	     16208	800040d4	b7f9	c.j	800040a2	
      326237000	     16210	800040a2	282d	c.jal	800040dc	  x1=0x800040a4
      326277000	     16212	800040dc	b7d5	c.j	800040c0	
      326317000	     16214	800040c0	fe1ff0ef	jal	x1,800040a0	  x1=0x800040c4
      326357000	     16216	800040a0	2021	c.jal	800040a8	  x1=0x800040a2
      326397000	     16218	800040a8	a009	c.j	800040aa	
      326457000	     16221	800040aa	030000ef	jal	x1,800040da	  x1=0x800040ae
      326497000	     16223	800040da	b7fd	c.j	800040c8	
      326537000	     16225	800040c8	2039	c.jal	800040d6	  x1=0x800040ca
      326577000	     16227	800040d6	2039	c.jal	800040e4	  x1=0x800040d8
      326617000	     16229	800040e4	fe9ff0ef	jal	x1,800040cc	  x1=0x800040e8
      326657000	     16231	800040cc	a831	c.j	800040e8	
      326697000	     16233	800040e8	0135df33	srl	x30,x11,x19	 x11:0x8001fe64 x19:0x80004022 x30=0x20007f99
      326717000	     16234	800040ec	012001ef	jal	x3,800040fe	  x3=0x800040f0
      327577000	     16277	800040fe	a031	c.j	8000410a	
      328497000	     16323	8000410a	fffff26f	jal	x4,80004108	  x4=0x8000410e
      328537000	     16325	80004108	3ffd	c.jal	80004106	  x1=0x8000410a
      328597000	     16328	80004106	bfd5	c.j	800040fa	
      328657000	     16331	800040fa	201d	c.jal	80004120	  x1=0x800040fc
      328777000	     16337	80004120	3fc1	c.jal	800040f0	  x1=0x80004122
      328817000	     16339	800040f0	0260036f	jal	x6,80004116	  x6=0x800040f4
      328877000	     16342	80004116	a019	c.j	8000411c	
      328937000	     16345	8000411c	ffdff36f	jal	x6,80004118	  x6=0x80004120
      328997000	     16348	80004118	fe9ff26f	jal	x4,80004100	  x4=0x8000411c
      329057000	     16351	80004100	2009	c.jal	80004102	  x1=0x80004102
      329137000	     16355	80004102	020000ef	jal	x1,80004122	  x1=0x80004106
      329197000	     16358	80004122	3fd1	c.jal	800040f6	  x1=0x80004124
      329317000	     16364	800040f6	0180036f	jal	x6,8000410e	  x6=0x800040fa
      329397000	     16368	8000410e	0160036f	jal	x6,80004124	  x6=0x80004112
      329437000	     16370	80004124	fd9ff0ef	jal	x1,800040fc	  x1=0x80004128
      329477000	     16372	800040fc	bfe5	c.j	800040f4	
      329517000	     16374	800040f4	a839	c.j	80004112	
      329617000	     16379	80004112	016002ef	jal	x5,80004128	  x5=0x80004116
      329697000	     16383	80004128	0273ec33	rem	x24,x7,x7	  x7:0x00000000  x7:0x00000000 x24=0x00000000
      329717000	     16384	8000412c	00c001ef	jal	x3,80004138	  x3=0x80004130
      330077000	     16402	80004138	2811	c.jal	8000414c	  x1=0x8000413a
      330297000	     16413	8000414c	a809	c.j	8000415e	
      330997000	     16448	8000415e	00c0036f	jal	x6,8000416a	  x6=0x80004162
      331077000	     16452	8000416a	b7e5	c.j	80004152	
      331137000	     16455	80004152	fedff0ef	jal	x1,8000413e	  x1=0x80004156
      331197000	     16458	8000413e	2029	c.jal	80004148	  x1=0x80004140
      331237000	     16460	80004148	0200036f	jal	x6,80004168	  x6=0x8000414c
      331277000	     16462	80004168	3fed	c.jal	80004162	  x1=0x8000416a
      331317000	     16464	80004162	37f5	c.jal	8000414e	  x1=0x80004164
      331397000	     16468	8000414e	2819	c.jal	80004164	  x1=0x80004150
      331437000	     16470	80004164	ff7ff0ef	jal	x1,8000415a	  x1=0x80004168
      331477000	     16472	8000415a	bff1	c.j	80004136	
      331517000	     16474	80004136	2031	c.jal	80004142	  x1=0x80004138
      331557000	     16476	80004142	b7fd	c.j	80004130	
      331597000	     16478	80004130	a035	c.j	8000415c	
      331637000	     16480	8000415c	3ff9	c.jal	8000413a	  x1=0x8000415e
      331717000	     16484	8000413a	ffbff0ef	jal	x1,80004134	  x1=0x8000413e
      331777000	     16487	80004134	a801	c.j	80004144	
      331837000	     16490	80004144	ffdffa6f	jal	x20,80004140	 x20=0x80004148
      331897000	     16493	80004140	a801	c.j	80004150	
      331957000	     16496	80004150	a019	c.j	80004156	
      332037000	     16500	80004156	fddffd6f	jal	x26,80004132	 x26=0x8000415a
      332077000	     16502	80004132	282d	c.jal	8000416c	  x1=0x80004134
      332137000	     16505	8000416c	0000100f	fence.i	
      332357000	     16516	80004170	034d0db3	mul	x27,x26,x20	 x26:0x8000415a x20:0x80004148 x27=0x10aa3b50
      332377000	     16517	80004174	34043c73	csrrc	x24,mscratch,x8	  x8:0x80003356 x24=0x00000008
      332677000	     16532	80004178	88f56e93	ori	x29,x10,-1905	 x10:0xfffffffc x29=0xffffffff
      332697000	     16533	8000417c	00894663	blt	x18,x8,80004188	 x18:0x80003cb6  x8:0x80003356
      332717000	     16534	80004180	8cda	c.mv	x25,x22	  x0:0x00000000 x22:0x80003bc4 x25=0x80003bc4
      332737000	     16535	80004182	677e5297	auipc	x5,0x677e5	  x5=0xe77e9182
      332757000	     16536	80004186	8c79	c.and	x8,x14	  x8:0x80003356 x14:0x80003f80  x8=0x80003300
      332777000	     16537	80004188	557d	c.li	x10,-1	 x10=0xffffffff
      332797000	     16538	8000418a	8ce2	c.mv	x25,x24	  x0:0x00000000 x24:0x00000008 x25=0x00000008
      333077000	     16552	8000418c	8f69	c.and	x14,x10	 x14:0x80003f80 x10:0xffffffff x14=0x80003f80
      333097000	     16553	8000418e	88b1	c.andi	x9,12	  x9:0x80003f48  x9=0x00000008
      333117000	     16554	80004190	02980963	beq	x16,x9,800041c2	 x16:0x00000000  x9:0x00000008
      333237000	     16560	80004194	9fc6	c.add	x31,x17	 x31:0x80003c50 x17:0x00000000 x31=0x80003c50
      333257000	     16561	80004196	03c2dc63	bge	x5,x28,800041ce	  x5:0xe77e9182 x28:0x80003c8c
      333937000	     16595	800041ce	0335a9b3	mulhsu	x19,x11,x19	 x11:0x8001fe64 x19:0x80004022 x19=0xc000df21
      333957000	     16596	800041d2	00c49413	slli	x8,x9,0xc	  x9:0x00000008  x8=0x00008000
      333977000	     16597	800041d6	0197a0b3	slt	x1,x15,x25	 x15:0x0000001d x25:0x00000008  x1=0x00000000
      333997000	     16598	800041da	340aaf73	csrrs	x30,mscratch,x21	 x21:0x800040ba x30=0x00000008
      334017000	     16599	800041de	1f7d	c.addi	x30,-1	 x30:0x00000008 x30=0x00000007
      334057000	     16601	800041e0	0378ad33	mulhsu	x26,x17,x23	 x17:0x00000000 x23:0x80003fd8 x26=0x00000000
      334077000	     16602	800041e4	40618933	sub	x18,x3,x6	  x3:0x80004130  x6:0x8000414c x18=0xffffffe4
      334097000	     16603	800041e8	41e1d713	srai	x14,x3,0x1e	  x3:0x80004130 x14=0xfffffffe
      334357000	     16616	800041ec	02065933	divu	x18,x12,x0	 x12:0x00000001  x0:0x00000000 x18=0xffffffff
      334377000	     16617	800041f0	00d8ed33	or	x26,x17,x13	 x17:0x00000000 x13:0x80023ce4 x26=0x80023ce4
      334537000	     16625	800041f4	fb7d7a13	andi	x20,x26,-73	 x26:0x80023ce4 x20=0x80023ca4
      334557000	     16626	800041f8	01060863	beq	x12,x16,80004208	 x12:0x00000001 x16:0x00000000
      334577000	     16627	800041fc	006c42b3	xor	x5,x24,x6	 x24:0x00000008  x6:0x8000414c  x5=0x80004144
      334997000	     16648	80004200	cf19	c.beqz	x14,8000421e	 x14:0xfffffffe
      335017000	     16649	80004202	1488	c.addi4spn	x10,x2,608	 x10=0x800042a4
      335057000	     16651	80004204	02054a33	div	x20,x10,x0	 x10:0x800042a4  x0:0x00000000 x20=0xffffffff
      335437000	     16670	80004208	87bd	c.srai	x15,0xf	 x15:0x0000001d x15=0x00000000
      335457000	     16671	8000420a	00b9	c.addi	x1,14	  x1:0x00000000  x1=0x0000000e
      335517000	     16674	8000420c	02d2	c.slli	x5,0x14	  x5:0x80004144  x5=0x14400000
      335537000	     16675	8000420e	7655a813	slti	x16,x11,1893	 x11:0x8001fe64 x16=0x00000001
      335557000	     16676	80004212	9a9e	c.add	x21,x7	 x21:0x800040ba  x7:0x00000000 x21=0x800040ba
      335577000	     16677	80004214	717d	c.addi16sp	x2,-16	  x2:0x80004044  x2=0x80004034
      335597000	     16678	80004216	34075d73	csrrwi	x26,mscratch,14	 x26=0x800040ba
      335997000	     16698	8000421a	715ec413	xori	x8,x29,1813	 x29:0xffffffff  x8=0xfffff8ea
      336017000	     16699	8000421e	0555	c.addi	x10,21	 x10:0x800042a4 x10=0x800042b9
      336037000	     16700	80004220	483d	c.li	x16,15	 x16=0x0000000f
      336877000	     16742	80004222	03efeeb3	rem	x29,x31,x30	 x31:0x80003c50 x30:0x00000007 x29=0xfffffffc
      336897000	     16743	80004226	01d1db63	bge	x3,x29,8000423c	  x3:0x80004130 x29:0xfffffffc
      336917000	     16744	8000422a	015c3233	sltu	x4,x24,x21	 x24:0x00000008 x21:0x800040ba  x4=0x00000001
      336937000	     16745	8000422e	41765d93	srai	x27,x12,0x17	 x12:0x00000001 x27=0x00000000
      336957000	     16746	80004232	0b2e	c.slli	x22,0xb	 x22:0x80003bc4 x22=0x01de2000
      336977000	     16747	80004234	2d0c2f13	slti	x30,x24,720	 x24:0x00000008 x30=0x00000001
      336997000	     16748	80004238	3402d4f3	csrrwi	x9,mscratch,5	  x9=0x0000000e
      337017000	     16749	8000423c	0000100f	fence.i	
      337377000	     16767	80004240	02d8bf33	mulhu	x30,x17,x13	 x17:0x00000000 x13:0x80023ce4 x30=0x00000000
      337417000	     16769	80004244	030ea933	mulhsu	x18,x29,x16	 x29:0xfffffffc x16:0x0000000f x18=0xffffffff
      337437000	     16770	80004248	40cc0fb3	sub	x31,x24,x12	 x24:0x00000008 x12:0x00000001 x31=0x00000007
      337457000	     16771	8000424c	034a6763	bltu	x20,x20,8000427a	 x20:0xffffffff x20:0xffffffff
      337477000	     16772	80004250	41068d33	sub	x26,x13,x16	 x13:0x80023ce4 x16:0x0000000f x26=0x80023cd5
      337517000	     16774	80004254	02f2cc33	div	x24,x5,x15	  x5:0x14400000 x15:0x00000000 x24=0xffffffff
      337637000	     16780	80004258	340baa73	csrrs	x20,mscratch,x23	 x23:0x80003fd8 x20=0x00000005
      337737000	     16785	8000425c	016efeb3	and	x29,x29,x22	 x29:0xfffffffc x22:0x01de2000 x29=0x01de2000
      337957000	     16796	80004260	51f46913	ori	x18,x8,1311	  x8:0xfffff8ea x18=0xfffffdff
      337977000	     16797	80004264	8d19	c.sub	x10,x14	 x10:0x800042b9 x14:0xfffffffe x10=0x800042bb
      338797000	     16838	80004266	02c259b3	divu	x19,x4,x12	  x4:0x00000001 x12:0x00000001 x19=0x00000001
      338817000	     16839	8000426a	87f5	c.srai	x15,0x1d	 x15:0x00000000 x15=0x00000000
      338837000	     16840	8000426c	8014ea13	ori	x20,x9,-2047	  x9:0x0000000e x20=0xfffff80f
      338857000	     16841	80004270	717d	c.addi16sp	x2,-16	  x2:0x80004034  x2=0x80004024
      338877000	     16842	80004272	001cd4b3	srl	x9,x25,x1	 x25:0x00000008  x1:0x0000000e  x9=0x00000000
      338897000	     16843	80004276	4164d793	srai	x15,x9,0x16	  x9:0x00000000 x15=0x00000000
      338917000	     16844	8000427a	34006873	csrrsi	x16,mscratch,0	 x16=0x80003fdd
      338957000	     16846	8000427e	34031073	csrrw	x0,mscratch,x6	  x6:0x8000414c  x0=0x00000000
      339297000	     16863	80004282	00c28863	beq	x5,x12,80004292	  x5:0x14400000 x12:0x00000001
      339317000	     16864	80004286	ab521d17	auipc	x26,0xab521	 x26=0x2b525286
      339417000	     16869	8000428a	34002e73	csrrs	x28,mscratch,x0	  x0:0x00000000 x28=0x8000414c
      339437000	     16870	8000428e	983a	c.add	x16,x14	 x16:0x80003fdd x14:0xfffffffe x16=0x80003fdb
      339457000	     16871	80004290	9f8a	c.add	x31,x2	 x31:0x00000007  x2:0x80004024 x31=0x8000402b
      339477000	     16872	80004292	c715	c.beqz	x14,800042be	 x14:0xfffffffe
      339497000	     16873	80004294	01f68733	add	x14,x13,x31	 x13:0x80023ce4 x31:0x8000402b x14=0x00027d0f
      339517000	     16874	80004298	01dca133	slt	x2,x25,x29	 x25:0x00000008 x29:0x01de2000  x2=0x00000001
      339657000	     16881	8000429c	69ade713	ori	x14,x27,1690	 x27:0x00000000 x14=0x0000069a
      340397000	     16918	800042a0	032c5c33	divu	x24,x24,x18	 x24:0xffffffff x18:0xfffffdff x24=0x00000001
      340417000	     16919	800042a4	07373a93	sltiu	x21,x14,115	 x14:0x0000069a x21=0x00000000
      340437000	     16920	800042a8	0001	c.addi	x0,0	  x0:0x00000000  x0=0x00000000
      340557000	     16926	800042aa	41a0d113	srai	x2,x1,0x1a	  x1:0x0000000e  x2=0x00000000
      344837000	     17140	800042ae	03849b33	mulh	x22,x9,x24	  x9:0x00000000 x24:0x00000001 x22=0x00000000
      344857000	     17141	800042b2	597d	c.li	x18,-1	 x18=0xffffffff
      344877000	     17142	800042b4	0001	c.addi	x0,0	  x0:0x00000000  x0=0x00000000
      344897000	     17143	800042b6	8dee	c.mv	x27,x27	  x0:0x00000000 x27:0x00000000 x27=0x00000000
      344917000	     17144	800042b8	0000100f	fence.i	
      345217000	     17159	800042bc	0084	c.addi4spn	x9,x2,64	  x9=0x00000040
      345237000	     17160	800042be	1484	c.addi4spn	x9,x2,608	  x9=0x00000260
      345557000	     17176	800042c0	8b89	c.andi	x15,2	 x15:0x00000000 x15=0x00000000
      345677000	     17182	800042c2	0154a9b3	slt	x19,x9,x21	  x9:0x00000260 x21:0x00000000 x19=0x00000000
      346037000	     17200	800042c6	0fafa793	slti	x15,x31,250	 x31:0x8000402b x15=0x00000001
      346057000	     17201	800042ca	0d09	c.addi	x26,2	 x26:0x2b525286 x26=0x2b525288
      346077000	     17202	800042cc	00c157b3	srl	x15,x2,x12	  x2:0x00000000 x12:0x00000001 x15=0x00000000
      346137000	     17205	800042d0	ae060217	auipc	x4,0xae060	  x4=0x2e0642d0
      346217000	     17209	800042d4	03ed0433	mul	x8,x26,x30	 x26:0x2b525288 x30:0x00000000  x8=0x00000000
      346237000	     17210	800042d8	cb60bd93	sltiu	x27,x1,-842	  x1:0x0000000e x27=0x00000001
      346657000	     17231	800042dc	4bdcea37	lui	x20,0x4bdce	 x20=0x4bdce000
      346677000	     17232	800042e0	885e	c.mv	x16,x23	  x0:0x00000000 x23:0x80003fd8 x16=0x80003fd8
      347097000	     17253	800042e2	ad1f4a17	auipc	x20,0xad1f4	 x20=0x2d1f82e2
      347117000	     17254	800042e6	340cebf3	csrrsi	x23,mscratch,25	 x23=0x8000414c
      347137000	     17255	800042ea	e167a513	slti	x10,x15,-490	 x15:0x00000000 x10=0x00000000
      347157000	     17256	800042ee	23f50797	auipc	x15,0x23f50	 x15=0xa3f542ee
      347577000	     17277	800042f2	4172d433	sra	x8,x5,x23	  x5:0x14400000 x23:0x8000414c  x8=0x00014400
      347697000	     17283	800042f6	417980b3	sub	x1,x19,x23	 x19:0x00000000 x23:0x8000414c  x1=0x7fffbeb4
      347897000	     17293	800042fa	04ade063	bltu	x27,x10,8000433a	 x27:0x00000001 x10:0x00000000
      348317000	     17314	800042fe	01186d33	or	x26,x16,x17	 x16:0x80003fd8 x17:0x00000000 x26=0x80003fd8
      348337000	     17315	80004302	8bf1	c.andi	x15,28	 x15:0xa3f542ee x15=0x0000000c
      348377000	     17317	80004304	fd0ce493	ori	x9,x25,-48	 x25:0x00000008  x9=0xffffffd8
      348797000	     17338	80004308	3409d2f3	csrrwi	x5,mscratch,19	  x5=0x8000415d
      349617000	     17379	8000430c	03dac333	div	x6,x21,x29	 x21:0x00000000 x29:0x01de2000  x6=0x00000000
      349657000	     17381	80004310	0269abb3	mulhsu	x23,x19,x6	 x19:0x00000000  x6:0x00000000 x23=0x00000000
      349677000	     17382	80004314	d81b3d93	sltiu	x27,x22,-639	 x22:0x00000000 x27=0x00000001
      349697000	     17383	80004318	c789	c.beqz	x15,80004322	 x15:0x0000000c
      349717000	     17384	8000431a	00333bb3	sltu	x23,x6,x3	  x6:0x00000000  x3:0x80004130 x23=0x00000001
      349737000	     17385	8000431e	ae5b7413	andi	x8,x22,-1307	 x22:0x00000000  x8=0x00000000
      349757000	     17386	80004322	0001	c.addi	x0,0	  x0:0x00000000  x0=0x00000000
      349777000	     17387	80004324	3402fcf3	csrrci	x25,mscratch,5	 x25=0x00000013
      349817000	     17389	80004328	026b1933	mulh	x18,x22,x6	 x22:0x00000000  x6:0x00000000 x18=0x00000000
      349837000	     17390	8000432c	41a45a93	srai	x21,x8,0x1a	  x8:0x00000000 x21=0x00000000
      350037000	     17400	80004330	0408f163	bgeu	x17,x0,80004372	 x17:0x00000000  x0:0x00000000
      350717000	     17434	80004372	02a51bb3	mulh	x23,x10,x10	 x10:0x00000000 x10:0x00000000 x23=0x00000000
      350797000	     17438	80004376	34009173	csrrw	x2,mscratch,x1	  x1:0x7fffbeb4  x2=0x00000012
      351217000	     17459	8000437a	032ba533	mulhsu	x10,x23,x18	 x23:0x00000000 x18:0x00000000 x10=0x00000000
      351237000	     17460	8000437e	0001	c.addi	x0,0	  x0:0x00000000  x0=0x00000000
      351257000	     17461	80004380	413bd813	srai	x16,x23,0x13	 x23:0x00000000 x16=0x00000000
      351277000	     17462	80004384	24c71a17	auipc	x20,0x24c71	 x20=0xa4c75384
      351297000	     17463	80004388	00e99f93	slli	x31,x19,0xe	 x19:0x00000000 x31=0x00000000
      351637000	     17480	8000438c	d82a2c17	auipc	x24,0xd82a2	 x24=0x582a638c
      351657000	     17481	80004390	0804	c.addi4spn	x9,x2,16	  x9=0x00000022
      351697000	     17483	80004392	0198a433	slt	x8,x17,x25	 x17:0x00000000 x25:0x00000013  x8=0x00000001
      352117000	     17504	80004396	87da6bb7	lui	x23,0x87da6	 x23=0x87da6000
      352137000	     17505	8000439a	34006773	csrrsi	x14,mscratch,0	 x14=0x7fffbeb4
      352197000	     17508	8000439e	0000100f	fence.i	
      352997000	     17548	800043a2	da802013	slti	x0,x0,-600	  x0:0x00000000  x0=0x00000000
      353017000	     17549	800043a6	c801	c.beqz	x8,800043b6	  x8:0x00000001
      353297000	     17563	800043a8	0001	c.addi	x0,0	  x0:0x00000000  x0=0x00000000
      353417000	     17569	800043aa	004aacb3	slt	x25,x21,x4	 x21:0x00000000  x4:0x2e0642d0 x25=0x00000001
      353537000	     17575	800043ae	40df5833	sra	x16,x30,x13	 x30:0x00000000 x13:0x80023ce4 x16=0x00000000
      353557000	     17576	800043b2	34091e73	csrrw	x28,mscratch,x18	 x18:0x00000000 x28=0x7fffbeb4
      353737000	     17585	800043b6	011b4cb3	xor	x25,x22,x17	 x22:0x00000000 x17:0x00000000 x25=0x00000000
      353757000	     17586	800043ba	025f0b33	mul	x22,x30,x5	 x30:0x00000000  x5:0x8000415d x22=0x00000000
      353777000	     17587	800043be	4627cd93	xori	x27,x15,1122	 x15:0x0000000c x27=0x0000046e
      353837000	     17590	800043c2	03388fb3	mul	x31,x17,x19	 x17:0x00000000 x19:0x00000000 x31=0x00000000
      354017000	     17599	800043c6	031b1e33	mulh	x28,x22,x17	 x22:0x00000000 x17:0x00000000 x28=0x00000000
      354417000	     17619	800043ca	34003ef3	csrrc	x29,mscratch,x0	  x0:0x00000000 x29=0x00000000
      354837000	     17640	800043ce	01c161b3	or	x3,x2,x28	  x2:0x00000012 x28:0x00000000  x3=0x00000012
      354997000	     17648	800043d2	02767897	auipc	x17,0x2767	 x17=0x8276b3d2
      355017000	     17649	800043d6	8f01	c.sub	x14,x8	 x14:0x7fffbeb4  x8:0x00000001 x14=0x7fffbeb3
      355037000	     17650	800043d8	38fdf213	andi	x4,x27,911	 x27:0x0000046e  x4=0x0000000e
      355057000	     17651	800043dc	2587c613	xori	x12,x15,600	 x15:0x0000000c x12=0x00000254
      355077000	     17652	800043e0	ebc108b7	lui	x17,0xebc10	 x17=0xebc10000
      355317000	     17664	800043e4	0000100f	fence.i	
      355377000	     17667	800043e8	008a0833	add	x16,x20,x8	 x20:0xa4c75384  x8:0x00000001 x16=0xa4c75385
      355857000	     17691	800043ec	03d2beb3	mulhu	x29,x5,x29	  x5:0x8000415d x29:0x00000000 x29=0x00000000
      356217000	     17709	800043f0	cbb23613	sltiu	x12,x4,-837	  x4:0x0000000e x12=0x00000001
      356237000	     17710	800043f4	0080	c.addi4spn	x8,x2,64	  x8=0x00000052
      356257000	     17711	800043f6	0cde	c.slli	x25,0x17	 x25:0x00000000 x25=0x00000000
      356277000	     17712	800043f8	00881413	slli	x8,x16,0x8	 x16:0xa4c75385  x8=0xc7538500
      356297000	     17713	800043fc	086a	c.slli	x16,0x1a	 x16:0xa4c75385 x16=0x14000000
      356317000	     17714	800043fe	6a02a413	slti	x8,x5,1696	  x5:0x8000415d  x8=0x00000001
      356337000	     17715	80004402	00591fb3	sll	x31,x18,x5	 x18:0x00000000  x5:0x8000415d x31=0x00000000
      356517000	     17724	80004406	011949b3	xor	x19,x18,x17	 x18:0x00000000 x17:0xebc10000 x19=0xebc10000
      356537000	     17725	8000440a	8659	c.srai	x12,0x16	 x12:0x00000001 x12=0x00000000
      356677000	     17732	8000440c	02289963	bne	x17,x2,8000443e	 x17:0xebc10000  x2:0x00000012
      356857000	     17741	8000443e	00fc4933	xor	x18,x24,x15	 x24:0x582a638c x15:0x0000000c x18=0x582a6380
      356877000	     17742	80004442	016ca633	slt	x12,x25,x22	 x25:0x00000000 x22:0x00000000 x12=0x00000000
      356897000	     17743	80004446	84a1	c.srai	x9,0x8	  x9:0x00000022  x9=0x00000000
      357297000	     17763	80004448	01050363	beq	x10,x16,8000444e	 x10:0x00000000 x16:0x14000000
      357357000	     17766	8000444c	0001	c.addi	x0,0	  x0:0x00000000  x0=0x00000000
      357477000	     17772	8000444e	0000100f	fence.i	
      357937000	     17795	80004452	0001	c.addi	x0,0	  x0:0x00000000  x0=0x00000000
      357957000	     17796	80004454	34086273	csrrsi	x4,mscratch,16	  x4=0x00000000
      357977000	     17797	80004458	00aedc13	srli	x24,x29,0xa	 x29:0x00000000 x24=0x00000000
      357997000	     17798	8000445c	0ff0000f	fence	iorw,iorw	
      358017000	     17799	80004460	9e7f7c93	andi	x25,x30,-1561	 x30:0x00000000 x25=0x00000000
      358057000	     17801	80004464	039639b3	mulhu	x19,x12,x25	 x12:0x00000000 x25:0x00000000 x19=0x00000000
      358477000	     17822	80004468	0000100f	fence.i	
      358797000	     17838	8000446c	0ff0000f	fence	iorw,iorw	
      358817000	     17839	80004470	4006d613	srai	x12,x13,0x0	 x13:0x80023ce4 x12=0x80023ce4
      358937000	     17845	80004474	0db9	c.addi	x27,14	 x27:0x0000046e x27=0x0000047c
      358957000	     17846	80004476	8e79	c.and	x12,x14	 x12:0x80023ce4 x14:0x7fffbeb3 x12=0x00023ca0
      359017000	     17849	80004478	01f89e93	slli	x29,x17,0x1f	 x17:0xebc10000 x29=0x00000000
      359117000	     17854	8000447c	41495a93	srai	x21,x18,0x14	 x18:0x582a6380 x21=0x00000582
      359437000	     17870	80004480	0001	c.addi	x0,0	  x0:0x00000000  x0=0x00000000
      359577000	     17877	80004482	00f7ebb3	or	x23,x15,x15	 x15:0x0000000c x15:0x0000000c x23=0x0000000c
      359597000	     17878	80004486	8f11	c.sub	x14,x12	 x14:0x7fffbeb3 x12:0x00023ca0 x14=0x7ffd8213
      359617000	     17879	80004488	41f2b013	sltiu	x0,x5,1055	  x5:0x8000415d  x0=0x00000000
      359777000	     17887	8000448c	340dabf3	csrrs	x23,mscratch,x27	 x27:0x0000047c x23=0x00000010
      359937000	     17895	80004490	00e45463	bge	x8,x14,80004498	  x8:0x00000001 x14:0x7ffd8213
      359957000	     17896	80004494	37eea293	slti	x5,x29,894	 x29:0x00000000  x5=0x00000001
      359977000	     17897	80004498	c815	c.beqz	x8,800044cc	  x8:0x00000001
      360037000	     17900	8000449a	03386f63	bltu	x16,x19,800044d8	 x16:0x14000000 x19:0x00000000
      360057000	     17901	8000449e	8c45	c.or	x8,x9	  x8:0x00000001  x9:0x00000000  x8=0x00000001
      360137000	     17905	800044a0	9abe	c.add	x21,x15	 x21:0x00000582 x15:0x0000000c x21=0x0000058e
      360557000	     17926	800044a2	0ff0000f	fence	iorw,iorw	
      360977000	     17947	800044a6	00004997	auipc	x19,0x4	 x19=0x800084a6
      361397000	     17968	800044aa	cac98993	addi	x19,x19,-852	 x19:0x800084a6 x19=0x80008152
      361417000	     17969	800044ae	0ff0000f	fence	iorw,iorw	
      361437000	     17970	800044b2	53bfe813	ori	x16,x31,1339	 x31:0x00000000 x16=0x0000053b
      361857000	     17991	800044b6	2de98993	addi	x19,x19,734	 x19:0x80008152 x19=0x80008430
      361877000	     17992	800044ba	0187c763	blt	x15,x24,800044c8	 x15:0x0000000c x24:0x00000000
      361897000	     17993	800044be	0141acb3	slt	x25,x3,x20	  x3:0x00000012 x20:0xa4c75384 x25=0x00000000
      361917000	     17994	800044c2	8a65	c.andi	x12,25	 x12:0x00023ca0 x12=0x00000000
      362157000	     18006	800044c4	00d8ecb3	or	x25,x17,x13	 x17:0xebc10000 x13:0x80023ce4 x25=0xebc33ce4
      362177000	     18007	800044c8	d22981e7	jalr	x3,-734(x19)	 x19:0x80008430  x3=0x800044cc
      362737000	     18035	80008152	fd058593	addi	x11,x11,-48	 x11:0x8001fe64 x11=0x8001fe34
      362757000	     18036	80008156	8fdd	c.or	x15,x15	 x15:0x0000000c x15:0x0000000c x15=0x0000000c
      362777000	     18037	80008158	9412	c.add	x8,x4	  x8:0x00000001  x4:0x00000000  x8=0x00000001
      363077000	     18052	8000815a	019b0033	add	x0,x22,x25	 x22:0x00000000 x25:0xebc33ce4  x0=0x00000000
      363537000	     18075	8000815e	0035a223	sw	x3,4(x11)	 x11:0x8001fe34  x3:0x800044cc PA:0x8001fe38 store:0x800044cc load:0xffffffff
      363577000	     18077	80008162	0363cab3	div	x21,x7,x22	  x7:0x00000000 x22:0x00000000 x21=0xffffffff
      363597000	     18078	80008166	028001ef	jal	x3,8000818e	  x3=0x8000816a
      363937000	     18095	8000818e	37fd	c.jal	8000817c	  x1=0x80008190
      364997000	     18148	8000817c	2009	c.jal	8000817e	  x1=0x8000817e
      365897000	     18193	8000817e	2029	c.jal	80008188	  x1=0x80008180
      365937000	     18195	80008188	ffdff0ef	jal	x1,80008184	  x1=0x8000818c
      366097000	     18203	80008184	a811	c.j	80008198	
      366437000	     18220	80008198	bff9	c.j	80008176	
      366657000	     18231	80008176	a029	c.j	80008180	
      366717000	     18234	80008180	016000ef	jal	x1,80008196	  x1=0x80008184
      367037000	     18250	80008196	b7cd	c.j	80008178	
      367077000	     18252	80008178	200d	c.jal	8000819a	  x1=0x8000817a
      367117000	     18254	8000819a	bfd9	c.j	80008170	
      367157000	     18256	80008170	a005	c.j	80008190	
      367197000	     18258	80008190	fe3ff7ef	jal	x15,80008172	 x15=0x80008194
      367237000	     18260	80008172	200d	c.jal	80008194	  x1=0x80008174
      367277000	     18262	80008194	b7c5	c.j	80008174	
      367617000	     18279	80008174	bfdd	c.j	8000816a	
      368197000	     18308	8000816a	032002ef	jal	x5,8000819c	  x5=0x8000816e
      368237000	     18310	8000819c	fdfff0ef	jal	x1,8000817a	  x1=0x800081a0
      368277000	     18312	8000817a	2031	c.jal	80008186	  x1=0x8000817c
      368317000	     18314	80008186	a831	c.j	800081a2	
      368357000	     18316	800081a2	37ed	c.jal	8000818c	  x1=0x800081a4
      368397000	     18318	8000818c	2811	c.jal	800081a0	  x1=0x8000818e
      368457000	     18321	800081a0	37f9	c.jal	8000816e	  x1=0x800081a2
      368517000	     18324	8000816e	281d	c.jal	800081a4	  x1=0x80008170
      368577000	     18327	800081a4	34003cf3	csrrc	x25,mscratch,x0	  x0:0x00000000 x25=0x0000047c
      368597000	     18328	800081a8	00db6c33	or	x24,x22,x13	 x22:0x00000000 x13:0x80023ce4 x24=0x80023ce4
      368617000	     18329	800081ac	01a29c63	bne	x5,x26,800081c4	  x5:0x8000816e x26:0x80003fd8
      369017000	     18349	800081c4	0001	c.addi	x0,0	  x0:0x00000000  x0=0x00000000
      369037000	     18350	800081c6	4821	c.li	x16,8	 x16=0x00000008
      369137000	     18355	800081c8	04e4eb63	bltu	x9,x14,8000821e	  x9:0x00000000 x14:0x7ffd8213
      369797000	     18388	8000821e	8d59	c.or	x10,x14	 x10:0x00000000 x14:0x7ffd8213 x10=0x7ffd8213
      370157000	     18406	80008220	0001	c.addi	x0,0	  x0:0x00000000  x0=0x00000000
      370337000	     18415	80008222	41725cb3	sra	x25,x4,x23	  x4:0x00000000 x23:0x00000010 x25=0x00000000
      370417000	     18419	80008226	34007cf3	csrrci	x25,mscratch,0	 x25=0x0000047c
      370557000	     18426	8000822a	0090d7b3	srl	x15,x1,x9	  x1:0x80008170  x9:0x00000000 x15=0x80008170
      370577000	     18427	8000822e	e70d	c.bnez	x14,80008258	 x14:0x7ffd8213
      371357000	     18466	80008258	340e5df3	csrrwi	x27,mscratch,28	 x27=0x0000047c
      371377000	     18467	8000825c	01f6e363	bltu	x13,x31,80008262	 x13:0x80023ce4 x31:0x00000000
      371537000	     18475	80008260	8cbd	c.xor	x9,x15	  x9:0x00000000 x15:0x80008170  x9=0x80008170
      371557000	     18476	80008262	67c84193	xori	x3,x16,1660	 x16:0x00000008  x3=0x00000674
      371657000	     18481	80008266	0229f063	bgeu	x19,x2,80008286	 x19:0x80008430  x2:0x00000012
      372997000	     18548	80008286	34036473	csrrsi	x8,mscratch,6	  x8=0x0000001c
      373037000	     18550	8000828a	0242d433	divu	x8,x5,x4	  x5:0x8000816e  x4:0x00000000  x8=0xffffffff
      393677000	     19582	8000828e	03c52133	mulhsu	x2,x10,x28	 x10:0x7ffd8213 x28:0x00000000  x2=0x00000000
      393697000	     19583	80008292	8e29	c.xor	x12,x10	 x12:0x00000000 x10:0x7ffd8213 x12=0x7ffd8213
      393717000	     19584	80008294	8c89	c.sub	x9,x10	  x9:0x80008170 x10:0x7ffd8213  x9=0x0002ff5d
      393737000	     19585	80008296	00018a17	auipc	x20,0x18	 x20=0x80020296
      393757000	     19586	8000829a	9c203a93	sltiu	x21,x0,-1598	  x0:0x00000000 x21=0x00000001
      393777000	     19587	8000829e	34055df3	csrrwi	x27,mscratch,10	 x27=0x0000001e
      393797000	     19588	800082a2	89f71097	auipc	x1,0x89f71	  x1=0x09f792a2
      393837000	     19590	800082a6	02d1c163	blt	x3,x13,800082c8	  x3:0x00000674 x13:0x80023ce4
      394097000	     19603	800082aa	00aa4ab3	xor	x21,x20,x10	 x20:0x80020296 x10:0x7ffd8213 x21=0xffff8085
      394117000	     19604	800082ae	010e7a33	and	x20,x28,x16	 x28:0x00000000 x16:0x00000008 x20=0x00000000
      394297000	     19613	800082b2	00055d63	bge	x10,x0,800082cc	 x10:0x7ffd8213  x0:0x00000000
      395277000	     19662	800082cc	41a45733	sra	x14,x8,x26	  x8:0xffffffff x26:0x80003fd8 x14=0xffffffff
      395317000	     19664	800082d0	40125493	srai	x9,x4,0x1	  x4:0x00000000  x9=0x00000000
      395337000	     19665	800082d4	41a482b3	sub	x5,x9,x26	  x9:0x00000000 x26:0x80003fd8  x5=0x7fffc028
      395457000	     19671	800082d8	0045a183	lw	x3,4(x11)	 x11:0x8001fe34  x3=0x800044cc PA:0x8001fe38 load:0x800044cc
      395477000	     19672	800082dc	0000100f	fence.i	
      395897000	     19693	800082e0	4f9f6e13	ori	x28,x30,1273	 x30:0x00000000 x28=0x000004f9
      396037000	     19700	800082e4	40155713	srai	x14,x10,0x1	 x10:0x7ffd8213 x14=0x3ffec109
      396277000	     19712	800082e8	03058593	addi	x11,x11,48	 x11:0x8001fe34 x11=0x8001fe64
      396437000	     19720	800082ec	41f40f33	sub	x30,x8,x31	  x8:0xffffffff x31:0x00000000 x30=0xffffffff
      396457000	     19721	800082f0	340278f3	csrrci	x17,mscratch,4	 x17=0x0000000a
      396497000	     19723	800082f4	340234f3	csrrc	x9,mscratch,x4	  x4:0x00000000  x9=0x0000000a
      396677000	     19732	800082f8	00118d13	addi	x26,x3,1	  x3:0x800044cc x26=0x800044cd
      396757000	     19736	800082fc	8d02	c.jr	x26	 x26:0x800044cd
      397457000	     19771	800044cc	0712	c.slli	x14,0x4	 x14:0x3ffec109 x14=0xffec1090
      397477000	     19772	800044ce	8f81	c.sub	x15,x8	 x15:0x80008170  x8:0xffffffff x15=0x80008171
      397497000	     19773	800044d0	414c5493	srai	x9,x24,0x14	 x24:0x80023ce4  x9=0xfffff800
      397517000	     19774	800044d4	00877d63	bgeu	x14,x8,800044ee	 x14:0xffec1090  x8:0xffffffff
      397557000	     19776	800044d8	00110633	add	x12,x2,x1	  x2:0x00000000  x1:0x09f792a2 x12=0x09f792a2
      397697000	     19783	800044dc	02f007b3	mul	x15,x0,x15	  x0:0x00000000 x15:0x80008171 x15=0x00000000
      397717000	     19784	800044e0	27a1a713	slti	x14,x3,634	  x3:0x800044cc x14=0x00000001
      397737000	     19785	800044e4	fee38d13	addi	x26,x7,-18	  x7:0x00000000 x26=0xffffffee
      397777000	     19787	800044e8	ce1d	c.beqz	x12,80004526	 x12:0x09f792a2
      397957000	     19796	800044ea	327dd817	auipc	x16,0x327dd	 x16=0xb27e14ea
      397977000	     19797	800044ee	97a93c93	sltiu	x25,x18,-1670	 x18:0x582a6380 x25=0x00000001
      397997000	     19798	800044f2	0001	c.addi	x0,0	  x0:0x00000000  x0=0x00000000
      398017000	     19799	800044f4	3403d7f3	csrrwi	x15,mscratch,7	 x15=0x0000000a
      398357000	     19816	800044f8	825d	c.srli	x12,0x17	 x12:0x09f792a2 x12=0x00000013
      398377000	     19817	800044fa	0001	c.addi	x0,0	  x0:0x00000000  x0=0x00000000
      399117000	     19854	800044fc	0323ceb3	div	x29,x7,x18	  x7:0x00000000 x18:0x582a6380 x29=0x00000000
      399137000	     19855	80004500	8095	c.srli	x9,0x5	  x9:0xfffff800  x9=0x07ffffc0
      399157000	     19856	80004502	8d55	c.or	x10,x13	 x10:0x7ffd8213 x13:0x80023ce4 x10=0xffffbef7
      399177000	     19857	80004504	055a6263	bltu	x20,x21,80004548	 x20:0x00000000 x21:0xffff8085
      399297000	     19863	80004548	d6574d93	xori	x27,x14,-667	 x14:0x00000001 x27=0xfffffd64
      400037000	     19900	8000454c	02b7cb33	div	x22,x15,x11	 x15:0x0000000a x11:0x8001fe64 x22=0x00000000
      400057000	     19901	80004550	0190dd93	srli	x27,x1,0x19	  x1:0x09f792a2 x27=0x00000004
      400077000	     19902	80004554	0c35	c.addi	x24,13	 x24:0x80023ce4 x24=0x80023cf1
      400097000	     19903	80004556	405e09b3	sub	x19,x28,x5	 x28:0x000004f9  x5:0x7fffc028 x19=0x800044d1
      400357000	     19916	8000455a	340894f3	csrrw	x9,mscratch,x17	 x17:0x0000000a  x9=0x00000007
      400377000	     19917	8000455e	0ff0000f	fence	iorw,iorw	
      400437000	     19920	80004562	02cda133	mulhsu	x2,x27,x12	 x27:0x00000004 x12:0x00000013  x2=0x00000000
      400837000	     19940	80004566	a1ebc413	xori	x8,x23,-1506	 x23:0x00000010  x8=0xfffffa0e
      400857000	     19941	8000456a	6da1	c.lui	x27,0x8	 x27=0x00008000
      400877000	     19942	8000456c	8641	c.srai	x12,0x10	 x12:0x00000013 x12=0x00000000
      400897000	     19943	8000456e	992e	c.add	x18,x11	 x18:0x582a6380 x11:0x8001fe64 x18=0xd82c61e4
      400917000	     19944	80004570	340d1773	csrrw	x14,mscratch,x26	 x26:0xffffffee x14=0x0000000a
      400977000	     19947	80004574	01787833	and	x16,x16,x23	 x16:0xb27e14ea x23:0x00000010 x16=0x00000000
      401177000	     19957	80004578	01885d93	srli	x27,x16,0x18	 x16:0x00000000 x27=0x00000000
      401597000	     19978	8000457c	845d	c.srai	x8,0x17	  x8:0xfffffa0e  x8=0xffffffff
      401617000	     19979	8000457e	3404d373	csrrwi	x6,mscratch,9	  x6=0xffffffee
      401637000	     19980	80004582	404088b3	sub	x17,x1,x4	  x1:0x09f792a2  x4:0x00000000 x17=0x09f792a2
      401657000	     19981	80004586	009bdb63	bge	x23,x9,8000459c	 x23:0x00000010  x9:0x00000007
      402597000	     20028	8000459c	02787bb3	remu	x23,x16,x7	 x16:0x00000000  x7:0x00000000 x23=0x00000000
      402897000	     20043	800045a0	0000100f	fence.i	
      403637000	     20080	800045a4	405c8d33	sub	x26,x25,x5	 x25:0x00000001  x5:0x7fffc028 x26=0x80003fd9
      403657000	     20081	800045a8	01337a63	bgeu	x6,x19,800045bc	  x6:0xffffffee x19:0x800044d1
      404217000	     20109	800045bc	8275	c.srli	x12,0x1d	 x12:0x00000000 x12=0x00000000
      404257000	     20111	800045be	02cca4b3	mulhsu	x9,x25,x12	 x25:0x00000001 x12:0x00000000  x9=0x00000000
      404277000	     20112	800045c2	167d	c.addi	x12,-1	 x12:0x00000000 x12=0xffffffff
      404397000	     20118	800045c4	00107ab3	and	x21,x0,x1	  x0:0x00000000  x1:0x09f792a2 x21=0x00000000
      404417000	     20119	800045c8	340f3173	csrrc	x2,mscratch,x30	 x30:0xffffffff  x2=0x00000009
      404437000	     20120	800045cc	037c8833	mul	x16,x25,x23	 x25:0x00000001 x23:0x00000000 x16=0x00000000
      404457000	     20121	800045d0	3402f073	csrrci	x0,mscratch,5	  x0=0x00000000
      404657000	     20131	800045d4	340adff3	csrrwi	x31,mscratch,21	 x31=0x00000000
      404837000	     20140	800045d8	41e9dc13	srai	x24,x19,0x1e	 x19:0x800044d1 x24=0xfffffffe
      404937000	     20145	800045dc	01a16e33	or	x28,x2,x26	  x2:0x00000009 x26:0x80003fd9 x28=0x80003fd9
      404957000	     20146	800045e0	3409d873	csrrwi	x16,mscratch,19	 x16=0x00000015
      404977000	     20147	800045e4	00589fb3	sll	x31,x17,x5	 x17:0x09f792a2  x5:0x7fffc028 x31=0xf792a200
      405137000	     20155	800045e8	8889	c.andi	x9,2	  x9:0x00000000  x9=0x00000000
      405157000	     20156	800045ea	0215fe37	lui	x28,0x215f	 x28=0x0215f000
      405177000	     20157	800045ee	01891b63	bne	x18,x24,80004604	 x18:0xd82c61e4 x24:0xfffffffe
      405757000	     20186	80004604	98fd	c.andi	x9,-1	  x9:0x00000000  x9=0x00000000
      405777000	     20187	80004606	45335a37	lui	x20,0x45335	 x20=0x45335000
      405797000	     20188	8000460a	885e	c.mv	x16,x23	  x0:0x00000000 x23:0x00000000 x16=0x00000000
      406197000	     20208	8000460c	41945c93	srai	x25,x8,0x19	  x8:0xffffffff x25=0xffffffff
      406217000	     20209	80004610	0001	c.addi	x0,0	  x0:0x00000000  x0=0x00000000
      406537000	     20225	80004612	0065f963	bgeu	x11,x6,80004624	 x11:0x8001fe64  x6:0xffffffee
      406737000	     20235	80004616	00654033	xor	x0,x10,x6	 x10:0xffffbef7  x6:0xffffffee  x0=0x00000000
      407157000	     20256	8000461a	09976363	bltu	x14,x25,800046a0	 x14:0x0000000a x25:0xffffffff
      407817000	     20289	800046a0	0001	c.addi	x0,0	  x0:0x00000000  x0=0x00000000
      408017000	     20299	800046a2	34049e73	csrrw	x28,mscratch,x9	  x9:0x00000000 x28=0x00000013
      408037000	     20300	800046a6	05a77c13	andi	x24,x14,90	 x14:0x0000000a x24=0x0000000a
      408057000	     20301	800046aa	0122	c.slli	x2,0x8	  x2:0x00000009  x2=0x00000900
      408177000	     20307	800046ac	01761a63	bne	x12,x23,800046c0	 x12:0xffffffff x23:0x00000000
      410017000	     20399	800046c0	00321c63	bne	x4,x3,800046d8	  x4:0x00000000  x3:0x800044cc
      411077000	     20452	800046d8	0255d633	divu	x12,x11,x5	 x11:0x8001fe64  x5:0x7fffc028 x12=0x00000001
      411097000	     20453	800046dc	c205	c.beqz	x12,800046fc	 x12:0x00000001
      411117000	     20454	800046de	5a7d	c.li	x20,-1	 x20=0xffffffff
      411157000	     20456	800046e0	02c7bc33	mulhu	x24,x15,x12	 x15:0x0000000a x12:0x00000001 x24=0x00000000
      411177000	     20457	800046e4	808d	c.srli	x9,0x3	  x9:0x00000000  x9=0x00000000
      411197000	     20458	800046e6	8c71	c.and	x8,x12	  x8:0xffffffff x12:0x00000001  x8=0x00000001
      411217000	     20459	800046e8	813d	c.srli	x10,0xf	 x10:0xffffbef7 x10=0x0001ffff
      411237000	     20460	800046ea	000e4933	xor	x18,x28,x0	 x28:0x00000013  x0:0x00000000 x18=0x00000013
      411617000	     20479	800046ee	34007473	csrrci	x8,mscratch,0	  x8=0x00000000
      411637000	     20480	800046f2	0001	c.addi	x0,0	  x0:0x00000000  x0=0x00000000
      411657000	     20481	800046f4	03849263	bne	x9,x24,80004718	  x9:0x00000000 x24:0x00000000
      412057000	     20501	800046f8	003bb733	sltu	x14,x23,x3	 x23:0x00000000  x3:0x800044cc x14=0x00000001
      412957000	     20546	800046fc	0310f8b3	remu	x17,x1,x17	  x1:0x09f792a2 x17:0x09f792a2 x17=0x00000000
      412977000	     20547	80004700	340ed4f3	csrrwi	x9,mscratch,29	  x9=0x00000000
      412997000	     20548	80004704	0ff2	c.slli	x31,0x1c	 x31:0xf792a200 x31=0x00000000
      413017000	     20549	80004706	029e4a63	blt	x28,x9,8000473a	 x28:0x00000013  x9:0x00000000
      413037000	     20550	8000470a	01ce4363	blt	x28,x28,80004710	 x28:0x00000013 x28:0x00000013
      413057000	     20551	8000470e	8c45	c.or	x8,x9	  x8:0x00000000  x9:0x00000000  x8=0x00000000
      413117000	     20554	80004710	041af563	bgeu	x21,x1,8000475a	 x21:0x00000000  x1:0x09f792a2
      413137000	     20555	80004714	40190eb3	sub	x29,x18,x1	 x18:0x00000013  x1:0x09f792a2 x29=0xf6086d71
      413677000	     20582	80004718	fc00c893	xori	x17,x1,-64	  x1:0x09f792a2 x17=0xf6086d62
      413697000	     20583	8000471c	0118ff33	and	x30,x17,x17	 x17:0xf6086d62 x17:0xf6086d62 x30=0xf6086d62
      413877000	     20592	80004720	01309a13	slli	x20,x1,0x13	  x1:0x09f792a2 x20=0x95100000
      413897000	     20593	80004724	81f56313	ori	x6,x10,-2017	 x10:0x0001ffff  x6=0xffffffff
      413917000	     20594	80004728	1148a893	slti	x17,x17,276	 x17:0xf6086d62 x17=0x00000001
      413937000	     20595	8000472c	02054b63	blt	x10,x0,80004762	 x10:0x0001ffff  x0:0x00000000
      414217000	     20609	80004730	026bd763	bge	x23,x6,8000475e	 x23:0x00000000  x6:0xffffffff
      414897000	     20643	8000475e	01801033	sll	x0,x0,x24	  x0:0x00000000 x24:0x00000000  x0=0x00000000
      415297000	     20663	80004762	00845863	bge	x8,x8,80004772	  x8:0x00000000  x8:0x00000000
      416437000	     20720	80004772	012c60b3	or	x1,x24,x18	 x24:0x00000000 x18:0x00000013  x1=0x00000013
      416457000	     20721	80004776	020f0f33	mul	x30,x30,x0	 x30:0xf6086d62  x0:0x00000000 x30=0x00000000
      416477000	     20722	8000477a	6269	c.lui	x4,0x1a	  x4=0x0001a000
      416497000	     20723	8000477c	6ae4f437	lui	x8,0x6ae4f	  x8=0x6ae4f000
      416517000	     20724	80004780	1684	c.addi4spn	x9,x2,864	  x9=0x00000c60
      416537000	     20725	80004782	8c2d	c.xor	x8,x11	  x8:0x6ae4f000 x11:0x8001fe64  x8=0xeae50e64
      416557000	     20726	80004784	8e72	c.mv	x28,x28	  x0:0x00000000 x28:0x00000013 x28=0x00000013
      416597000	     20728	80004786	0215a9b3	mulhsu	x19,x11,x1	 x11:0x8001fe64  x1:0x00000013 x19=0xfffffff6
      416617000	     20729	8000478a	c709	c.beqz	x14,80004794	 x14:0x00000001
      416637000	     20730	8000478c	718c6c93	ori	x25,x24,1816	 x24:0x00000000 x25=0x00000718
      416677000	     20732	80004790	027a24b3	mulhsu	x9,x20,x7	 x20:0x95100000  x7:0x00000000  x9=0x00000000
      417417000	     20769	80004794	02886cb3	rem	x25,x16,x8	 x16:0x00000000  x8:0xeae50e64 x25=0x00000000
      417437000	     20770	80004798	8d09	c.sub	x10,x10	 x10:0x0001ffff x10:0x0001ffff x10=0x00000000
      417457000	     20771	8000479a	014c1613	slli	x12,x24,0x14	 x24:0x00000000 x12=0x00000000
      417477000	     20772	8000479e	01e87533	and	x10,x16,x30	 x16:0x00000000 x30:0x00000000 x10=0x00000000
      417497000	     20773	800047a2	8455	c.srai	x8,0x15	  x8:0xeae50e64  x8=0xffffff57
      417537000	     20775	800047a4	03b537b3	mulhu	x15,x10,x27	 x10:0x00000000 x27:0x00000000 x15=0x00000000
      417557000	     20776	800047a8	0ff0000f	fence	iorw,iorw	
      417577000	     20777	800047ac	0ff0000f	fence	iorw,iorw	
      417597000	     20778	800047b0	0001	c.addi	x0,0	  x0:0x00000000  x0=0x00000000
      417617000	     20779	800047b2	fbbfb793	sltiu	x15,x31,-69	 x31:0x00000000 x15=0x00000001
      417637000	     20780	800047b6	001ba033	slt	x0,x23,x1	 x23:0x00000000  x1:0x00000013  x0=0x00000000
      417657000	     20781	800047ba	517d	c.li	x2,-1	  x2=0xffffffff
      418057000	     20801	800047bc	02603e33	mulhu	x28,x0,x6	  x0:0x00000000  x6:0xffffffff x28=0x00000000
      418077000	     20802	800047c0	4057d8b3	sra	x17,x15,x5	 x15:0x00000001  x5:0x7fffc028 x17=0x00000000
      418097000	     20803	800047c4	42f9	c.li	x5,30	  x5=0x0000001e
      418117000	     20804	800047c6	0ff0000f	fence	iorw,iorw	
      418217000	     20809	800047ca	c61eb293	sltiu	x5,x29,-927	 x29:0xf6086d71  x5=0x00000001
      418237000	     20810	800047ce	0001	c.addi	x0,0	  x0:0x00000000  x0=0x00000000
      418397000	     20818	800047d0	8e25	c.xor	x12,x9	 x12:0x00000000  x9:0x00000000 x12=0x00000000
      418417000	     20819	800047d2	8cc9	c.or	x9,x10	  x9:0x00000000 x10:0x00000000  x9=0x00000000
      418437000	     20820	800047d4	44344f13	xori	x30,x8,1091	  x8:0xffffff57 x30=0xfffffb14
      418637000	     20830	800047d8	87f5	c.srai	x15,0x1d	 x15:0x00000001 x15=0x00000000
      418777000	     20837	800047da	97ae7c93	andi	x25,x28,-1670	 x28:0x00000000 x25=0x00000000
      418797000	     20838	800047de	c115	c.beqz	x10,80004802	 x10:0x00000000
      419877000	     20892	80004802	8f19	c.sub	x14,x14	 x14:0x00000001 x14:0x00000001 x14=0x00000000
      420057000	     20901	80004804	84bd	c.srai	x9,0xf	  x9:0x00000000  x9=0x00000000
      420257000	     20911	80004806	0061d313	srli	x6,x3,0x6	  x3:0x800044cc  x6=0x02000113
      420277000	     20912	8000480a	40ab59b3	sra	x19,x22,x10	 x22:0x00000000 x10:0x00000000 x19=0x00000000
      420297000	     20913	8000480e	ac0fcb13	xori	x22,x31,-1344	 x31:0x00000000 x22=0xfffffac0
      420337000	     20915	80004812	02cddcb3	divu	x25,x27,x12	 x27:0x00000000 x12:0x00000000 x25=0xffffffff
      420357000	     20916	80004816	0072f033	and	x0,x5,x7	  x5:0x00000001  x7:0x00000000  x0=0x00000000
      420377000	     20917	8000481a	82df2a93	slti	x21,x30,-2003	 x30:0xfffffb14 x21=0x00000000
      420517000	     20924	8000481e	036aa0b3	mulhsu	x1,x21,x22	 x21:0x00000000 x22:0xfffffac0  x1=0x00000000
      420697000	     20933	80004822	2c7aa513	slti	x10,x21,711	 x21:0x00000000 x10=0x00000001
      420717000	     20934	80004826	00345bb3	srl	x23,x8,x3	  x8:0xffffff57  x3:0x800044cc x23=0x000fffff
      420737000	     20935	8000482a	1f9c	c.addi4spn	x15,x2,1008	 x15=0x000003ef
      420757000	     20936	8000482c	0125c963	blt	x11,x18,8000483e	 x11:0x8001fe64 x18:0x00000013
      421617000	     20979	8000483e	8b41	c.andi	x14,16	 x14:0x00000000 x14=0x00000000
      421657000	     20981	80004840	34002873	csrrs	x16,mscratch,x0	  x0:0x00000000 x16=0x0000001d
      421777000	     20987	80004844	415289b3	sub	x19,x5,x21	  x5:0x00000001 x21:0x00000000 x19=0x00000001
      421897000	     20993	80004848	000adf33	srl	x30,x21,x0	 x21:0x00000000  x0:0x00000000 x30=0x00000000
      422157000	     21006	8000484c	57fd	c.li	x15,-1	 x15=0xffffffff
      422177000	     21007	8000484e	0179fc63	bgeu	x19,x23,80004866	 x19:0x00000001 x23:0x000fffff
      422557000	     21026	80004852	01fb6f33	or	x30,x22,x31	 x22:0xfffffac0 x31:0x00000000 x30=0xfffffac0
      422977000	     21047	80004856	41d6dd93	srai	x27,x13,0x1d	 x13:0x80023ce4 x27=0xfffffffc
      423317000	     21064	8000485a	403e51b3	sra	x3,x28,x3	 x28:0x00000000  x3:0x800044cc  x3=0x00000000
      423737000	     21085	8000485e	01297763	bgeu	x18,x18,8000486c	 x18:0x00000013 x18:0x00000013
      424237000	     21110	8000486c	03f97c13	andi	x24,x18,63	 x18:0x00000013 x24=0x00000013
      424437000	     21120	80004870	340c1173	csrrw	x2,mscratch,x24	 x24:0x00000013  x2=0x0000001d
      424457000	     21121	80004874	40b40333	sub	x6,x8,x11	  x8:0xffffff57 x11:0x8001fe64  x6=0x7ffe00f3
      425237000	     21160	80004878	03b4f8b3	remu	x17,x9,x27	  x9:0x00000000 x27:0xfffffffc x17=0x00000000
      425257000	     21161	8000487c	038a0733	mul	x14,x20,x24	 x20:0x95100000 x24:0x00000013 x14=0x10300000
      425277000	     21162	80004880	01e4deb3	srl	x29,x9,x30	  x9:0x00000000 x30:0xfffffac0 x29=0x00000000
      425297000	     21163	80004884	03de7b13	andi	x22,x28,61	 x28:0x00000000 x22=0x00000000
      425317000	     21164	80004888	34007273	csrrci	x4,mscratch,0	  x4=0x00000013
      425337000	     21165	8000488c	4111	c.li	x2,4	  x2=0x00000004
      425357000	     21166	8000488e	83f5	c.srli	x15,0x1d	 x15:0xffffffff x15=0x00000007
      425397000	     21168	80004890	02cac4b3	div	x9,x21,x12	 x21:0x00000000 x12:0x00000000  x9=0xffffffff
      425497000	     21173	80004894	028e9333	mulh	x6,x29,x8	 x29:0x00000000  x8:0xffffff57  x6=0x00000000
      425537000	     21175	80004898	001e1f13	slli	x30,x28,0x1	 x28:0x00000000 x30=0x00000000
      425957000	     21196	8000489c	8ab8a913	slti	x18,x17,-1877	 x17:0x00000000 x18=0x00000000
      425997000	     21198	800048a0	0268b0b3	mulhu	x1,x17,x6	 x17:0x00000000  x6:0x00000000  x1=0x00000000
      426017000	     21199	800048a4	cf89	c.beqz	x15,800048be	 x15:0x00000007
      426037000	     21200	800048a6	89a6	c.mv	x19,x9	  x0:0x00000000  x9:0xffffffff x19=0xffffffff
      426077000	     21202	800048a8	abf64513	xori	x10,x12,-1345	 x12:0x00000000 x10=0xfffffabf
      426217000	     21209	800048ac	8fcd	c.or	x15,x11	 x15:0x00000007 x11:0x8001fe64 x15=0x8001fe67
      426337000	     21215	800048ae	20490213	addi	x4,x18,516	 x18:0x00000000  x4=0x00000204
      426357000	     21216	800048b2	8e6d	c.and	x12,x11	 x12:0x00000000 x11:0x8001fe64 x12=0x00000000
      426437000	     21220	800048b4	34003bf3	csrrc	x23,mscratch,x0	  x0:0x00000000 x23=0x00000013
      426457000	     21221	800048b8	8f21	c.xor	x14,x8	 x14:0x10300000  x8:0xffffff57 x14=0xefcfff57
      426477000	     21222	800048ba	01e784b3	add	x9,x15,x30	 x15:0x8001fe67 x30:0x00000000  x9=0x8001fe67
      426877000	     21242	800048be	02fed363	bge	x29,x15,800048e4	 x29:0x00000000 x15:0x8001fe67
      427517000	     21274	800048e4	34019973	csrrw	x18,mscratch,x3	  x3:0x00000000 x18=0x00000013
      427637000	     21280	800048e8	0ff0000f	fence	iorw,iorw	
      427817000	     21289	800048ec	0319d0b3	divu	x1,x19,x17	 x19:0xffffffff x17:0x00000000  x1=0xffffffff
      473657000	     23581	800048f0	015a9d33	sll	x26,x21,x21	 x21:0x00000000 x21:0x00000000 x26=0x00000000
      473697000	     23583	800048f4	02742f33	mulhsu	x30,x8,x7	  x8:0xffffff57  x7:0x00000000 x30=0x00000000
      473717000	     23584	800048f8	de059eb7	lui	x29,0xde059	 x29=0xde059000
      473737000	     23585	800048fc	41a18eb3	sub	x29,x3,x26	  x3:0x00000000 x26:0x00000000 x29=0x00000000
      473757000	     23586	80004900	3404d173	csrrwi	x2,mscratch,9	  x2=0x00000000
      474497000	     23623	80004904	02ede0b3	rem	x1,x27,x14	 x27:0xfffffffc x14:0xefcfff57  x1=0xfffffffc
      474517000	     23624	80004908	1c7d	c.addi	x24,-1	 x24:0x00000013 x24=0x00000012
      474537000	     23625	8000490a	8565	c.srai	x10,0x19	 x10:0xfffffabf x10=0xffffffff
      475277000	     23662	8000490c	021974b3	remu	x9,x18,x1	 x18:0x00000013  x1:0xfffffffc  x9=0x00000013
      475297000	     23663	80004910	4905	c.li	x18,1	 x18=0x00000001
      475317000	     23664	80004912	039c	c.addi4spn	x15,x2,448	 x15=0x000001c0
      475337000	     23665	80004914	d85de113	ori	x2,x27,-635	 x27:0xfffffffc  x2=0xfffffffd
      476077000	     23702	80004918	02b5f7b3	remu	x15,x11,x11	 x11:0x8001fe64 x11:0x8001fe64 x15=0x00000000
      476097000	     23703	8000491c	9732	c.add	x14,x12	 x14:0xefcfff57 x12:0x00000000 x14=0xefcfff57
      476137000	     23705	8000491e	02c3f9b3	remu	x19,x7,x12	  x7:0x00000000 x12:0x00000000 x19=0x00000000
      476157000	     23706	80004922	0000100f	fence.i	
      476277000	     23712	80004926	6855	c.lui	x16,0x15	 x16=0x00015000
      476297000	     23713	80004928	c399	c.beqz	x15,8000492e	 x15:0x00000000
      476737000	     23735	8000492e	0b88	c.addi4spn	x10,x2,464	 x10=0x000001cd
      476757000	     23736	80004930	e3a9	c.bnez	x15,80004972	 x15:0x00000000
      476777000	     23737	80004932	717d	c.addi16sp	x2,-16	  x2:0xfffffffd  x2=0xffffffed
      476837000	     23740	80004934	411bd713	srai	x14,x23,0x11	 x23:0x00000013 x14=0x00000000
      477257000	     23761	80004938	8e25	c.xor	x12,x9	 x12:0x00000000  x9:0x00000013 x12=0x00000013
      477277000	     23762	8000493a	8e31	c.xor	x12,x12	 x12:0x00000013 x12:0x00000013 x12=0x00000000
      477377000	     23767	8000493c	60023493	sltiu	x9,x4,1536	  x4:0x00000204  x9=0x00000001
      477557000	     23776	80004940	df044f13	xori	x30,x8,-528	  x8:0xffffff57 x30=0x000002a7
      477577000	     23777	80004944	00955613	srli	x12,x10,0x9	 x10:0x000001cd x12=0x00000000
      477617000	     23779	80004948	029310b3	mulh	x1,x6,x9	  x6:0x00000000  x9:0x00000001  x1=0x00000000
      477637000	     23780	8000494c	04e78263	beq	x15,x14,80004990	 x15:0x00000000 x14:0x00000000
      478497000	     23823	80004990	8e15	c.sub	x12,x13	 x12:0x00000000 x13:0x80023ce4 x12=0x7ffdc31c
      478677000	     23832	80004992	00506963	bltu	x0,x5,800049a4	  x0:0x00000000  x5:0x00000001
      480557000	     23926	800049a4	028acfb3	div	x31,x21,x8	 x21:0x00000000  x8:0xffffff57 x31=0x00000000
      480577000	     23927	800049a8	00425863	bge	x4,x4,800049b8	  x4:0x00000204  x4:0x00000204
      480897000	     23943	800049b8	0212eab3	rem	x21,x5,x1	  x5:0x00000001  x1:0x00000000 x21=0x00000001
      480917000	     23944	800049bc	3409df73	csrrwi	x30,mscratch,19	 x30=0x00000009
      480997000	     23948	800049c0	83bd	c.srli	x15,0xf	 x15:0x00000000 x15=0x00000000
      481117000	     23954	800049c2	340052f3	csrrwi	x5,mscratch,0	  x5=0x00000013
      481137000	     23955	800049c6	01923eb3	sltu	x29,x4,x25	  x4:0x00000204 x25:0xffffffff x29=0x00000001
      481517000	     23974	800049ca	40c48f33	sub	x30,x9,x12	  x9:0x00000001 x12:0x7ffdc31c x30=0x80023ce5
      481537000	     23975	800049ce	8e4d	c.or	x12,x11	 x12:0x7ffdc31c x11:0x8001fe64 x12=0xfffdff7c
      481877000	     23992	800049d0	00ca5093	srli	x1,x20,0xc	 x20:0x95100000  x1=0x00095100
      481917000	     23994	800049d4	03bf3ab3	mulhu	x21,x30,x27	 x30:0x80023ce5 x27:0xfffffffc x21=0x80023ce2
      481937000	     23995	800049d8	3403f773	csrrci	x14,mscratch,7	 x14=0x00000000
      482137000	     24005	800049dc	41c95d13	srai	x26,x18,0x1c	 x18:0x00000001 x26=0x00000000
      482157000	     24006	800049e0	3407af73	csrrs	x30,mscratch,x15	 x15:0x00000000 x30=0x00000000
      482357000	     24016	800049e4	0063fc63	bgeu	x7,x6,800049fc	  x7:0x00000000  x6:0x00000000
      482877000	     24042	800049fc	41465f13	srai	x30,x12,0x14	 x12:0xfffdff7c x30=0xffffffff
      482917000	     24044	80004a00	0ff0000f	fence	iorw,iorw	
      482937000	     24045	80004a04	34007df3	csrrci	x27,mscratch,0	 x27=0x00000000
      483077000	     24052	80004a08	8c94ab13	slti	x22,x9,-1847	  x9:0x00000001 x22=0x00000000
      483157000	     24056	80004a0c	f62d4493	xori	x9,x26,-158	 x26:0x00000000  x9=0xffffff62
      483477000	     24072	80004a10	0c92	c.slli	x25,0x4	 x25:0xffffffff x25=0xfffffff0
      483497000	     24073	80004a12	8d05	c.sub	x10,x9	 x10:0x000001cd  x9:0xffffff62 x10=0x0000026b
      483657000	     24081	80004a14	1d98	c.addi4spn	x14,x2,752	 x14=0x000002dd
      484077000	     24102	80004a16	34002f73	csrrs	x30,mscratch,x0	  x0:0x00000000 x30=0x00000000
      484157000	     24106	80004a1a	340032f3	csrrc	x5,mscratch,x0	  x0:0x00000000  x5=0x00000000
      484577000	     24127	80004a1e	02f9fa63	bgeu	x19,x15,80004a52	 x19:0x00000000 x15:0x00000000
      486577000	     24227	80004a52	02bdda33	divu	x20,x27,x11	 x27:0x00000000 x11:0x8001fe64 x20=0x00000000
      486617000	     24229	80004a56	03ce1e33	mulh	x28,x28,x28	 x28:0x00000000 x28:0x00000000 x28=0x00000000
      486637000	     24230	80004a5a	0386e963	bltu	x13,x24,80004a8c	 x13:0x80023ce4 x24:0x00000012
      486657000	     24231	80004a5e	efe3fa93	andi	x21,x7,-258	  x7:0x00000000 x21=0x00000000
      486697000	     24233	80004a62	025e54b3	divu	x9,x28,x5	 x28:0x00000000  x5:0x00000000  x9=0xffffffff
      486717000	     24234	80004a66	0113efb3	or	x31,x7,x17	  x7:0x00000000 x17:0x00000000 x31=0x00000000
      486737000	     24235	80004a6a	34029af3	csrrw	x21,mscratch,x5	  x5:0x00000000 x21=0x00000000
      486757000	     24236	80004a6e	0690	c.addi4spn	x12,x2,832	 x12=0x0000032d
      486777000	     24237	80004a70	0155f963	bgeu	x11,x21,80004a82	 x11:0x8001fe64 x21:0x00000000
      487697000	     24283	80004a82	03c21f33	mulh	x30,x4,x28	  x4:0x00000204 x28:0x00000000 x30=0x00000000
      487717000	     24284	80004a86	8e31	c.xor	x12,x12	 x12:0x0000032d x12:0x0000032d x12=0x00000000
      487737000	     24285	80004a88	8d5d	c.or	x10,x15	 x10:0x0000026b x15:0x00000000 x10=0x0000026b
      487757000	     24286	80004a8a	8f6d	c.and	x14,x11	 x14:0x000002dd x11:0x8001fe64 x14=0x00000244
      488017000	     24299	80004a8c	8365	c.srli	x14,0x19	 x14:0x00000244 x14=0x00000000
      488037000	     24300	80004a8e	cb99	c.beqz	x15,80004aa4	 x15:0x00000000
      488977000	     24347	80004aa4	0371b633	mulhu	x12,x3,x23	  x3:0x00000000 x23:0x00000013 x12=0x00000000
      489177000	     24357	80004aa8	34007cf3	csrrci	x25,mscratch,0	 x25=0x00000000
      489397000	     24368	80004aac	0ab6	c.slli	x21,0xd	 x21:0x00000000 x21=0x00000000
      489417000	     24369	80004aae	e205	c.bnez	x12,80004ace	 x12:0x00000000
      489437000	     24370	80004ab0	873d	c.srai	x14,0xf	 x14:0x00000000 x14=0x00000000
      489457000	     24371	80004ab2	8c91	c.sub	x9,x12	  x9:0xffffffff x12:0x00000000  x9=0xffffffff
      489517000	     24374	80004ab4	03784563	blt	x16,x23,80004ade	 x16:0x00015000 x23:0x00000013
      489537000	     24375	80004ab8	0000100f	fence.i	
      489737000	     24385	80004abc	00e08833	add	x16,x1,x14	  x1:0x00095100 x14:0x00000000 x16=0x00095100
      489777000	     24387	80004ac0	03e09333	mulh	x6,x1,x30	  x1:0x00095100 x30:0x00000000  x6=0x00000000
      490277000	     24412	80004ac4	419ed1b3	sra	x3,x29,x25	 x29:0x00000001 x25:0x00000000  x3=0x00000001
      490297000	     24413	80004ac8	64e9	c.lui	x9,0x1a	  x9=0x0001a000
      490317000	     24414	80004aca	8fb5	c.xor	x15,x13	 x15:0x00000000 x13:0x80023ce4 x15=0x80023ce4
      490337000	     24415	80004acc	8b89	c.andi	x15,2	 x15:0x80023ce4 x15=0x00000000
      490437000	     24420	80004ace	00da0433	add	x8,x20,x13	 x20:0x00000000 x13:0x80023ce4  x8=0x80023ce4
      490857000	     24441	80004ad2	019899b3	sll	x19,x17,x25	 x17:0x00000000 x25:0x00000000 x19=0x00000000
      490877000	     24442	80004ad6	0499	c.addi	x9,6	  x9:0x0001a000  x9=0x0001a006
      490897000	     24443	80004ad8	0065cdb3	xor	x27,x11,x6	 x11:0x8001fe64  x6:0x00000000 x27=0x8001fe64
      490917000	     24444	80004adc	84a6	c.mv	x9,x9	  x0:0x00000000  x9:0x0001a006  x9=0x0001a006
      490937000	     24445	80004ade	8c1d	c.sub	x8,x15	  x8:0x80023ce4 x15:0x00000000  x8=0x80023ce4
      490957000	     24446	80004ae0	5ffd	c.li	x31,-1	 x31=0xffffffff
      490997000	     24448	80004ae2	410107b3	sub	x15,x2,x16	  x2:0xffffffed x16:0x00095100 x15=0xfff6aeed
      491197000	     24458	80004ae6	0368a733	mulhsu	x14,x17,x22	 x17:0x00000000 x22:0x00000000 x14=0x00000000
      491217000	     24459	80004aea	9eda	c.add	x29,x22	 x29:0x00000001 x22:0x00000000 x29=0x00000001
      491377000	     24467	80004aec	04906263	bltu	x0,x9,80004b30	  x0:0x00000000  x9:0x0001a006
      491937000	     24495	80004b30	0ff0000f	fence	iorw,iorw	
      492157000	     24506	80004b34	5f92a413	slti	x8,x5,1529	  x5:0x00000000  x8=0x00000001
      492177000	     24507	80004b38	9176	c.add	x2,x29	  x2:0xffffffed x29:0x00000001  x2=0xffffffee
      492237000	     24510	80004b3a	028001ef	jal	x3,80004b62	  x3=0x80004b3e
      493497000	     24573	80004b62	b7e5	c.j	80004b4a	
      494197000	     24608	80004b4a	bfed	c.j	80004b44	
      494997000	     24648	80004b44	a031	c.j	80004b50	
      495677000	     24682	80004b50	3fcd	c.jal	80004b42	  x1=0x80004b52
      495917000	     24694	80004b42	2811	c.jal	80004b56	  x1=0x80004b44
      495997000	     24698	80004b56	2029	c.jal	80004b60	  x1=0x80004b58
      496037000	     24700	80004b60	2819	c.jal	80004b76	  x1=0x80004b62
      496837000	     24740	80004b76	bfdd	c.j	80004b6c	
      496877000	     24742	80004b6c	ff9ff0ef	jal	x1,80004b64	  x1=0x80004b70
      497217000	     24759	80004b64	00c000ef	jal	x1,80004b70	  x1=0x80004b68
      497277000	     24762	80004b70	fe3ff0ef	jal	x1,80004b52	  x1=0x80004b74
      497337000	     24765	80004b52	a01d	c.j	80004b78	
      498277000	     24812	80004b78	bfcd	c.j	80004b6a	
      498317000	     24814	80004b6a	bfd5	c.j	80004b5e	
      498557000	     24826	80004b5e	bfed	c.j	80004b58	
      498617000	     24829	80004b58	a009	c.j	80004b5a	
      498697000	     24833	80004b5a	ffbff0ef	jal	x1,80004b54	  x1=0x80004b5e
      498757000	     24836	80004b54	bfcd	c.j	80004b46	
      498837000	     24840	80004b46	02e000ef	jal	x1,80004b74	  x1=0x80004b4a
      498877000	     24842	80004b74	bfe1	c.j	80004b4c	
      498917000	     24844	80004b4c	01c000ef	jal	x1,80004b68	  x1=0x80004b50
      498957000	     24846	80004b68	3fd9	c.jal	80004b3e	  x1=0x80004b6a
      499017000	     24849	80004b3e	03c000ef	jal	x1,80004b7a	  x1=0x80004b42
      499097000	     24853	80004b7a	02222333	mulhsu	x6,x4,x2	  x4:0x00000204  x2:0xffffffee  x6=0x00000203
      499117000	     24854	80004b7e	340c5273	csrrwi	x4,mscratch,24	  x4=0x00000000
      499137000	     24855	80004b82	415d0133	sub	x2,x26,x21	 x26:0x00000000 x21:0x00000000  x2=0x00000000
      499157000	     24856	80004b86	00c46b33	or	x22,x8,x12	  x8:0x00000001 x12:0x00000000 x22=0x00000001
      499177000	     24857	80004b8a	1a773513	sltiu	x10,x14,423	 x14:0x00000000 x10=0x00000001
      499457000	     24871	80004b8e	34003f73	csrrc	x30,mscratch,x0	  x0:0x00000000 x30=0x00000018
      499777000	     24887	80004b92	031bdf33	divu	x30,x23,x17	 x23:0x00000013 x17:0x00000000 x30=0xffffffff
      499797000	     24888	80004b96	e619	c.bnez	x12,80004ba4	 x12:0x00000000
      499817000	     24889	80004b98	bf1fe213	ori	x4,x31,-1039	 x31:0xffffffff  x4=0xffffffff
      499957000	     24896	80004b9c	8d35	c.xor	x10,x13	 x10:0x00000001 x13:0x80023ce4 x10=0x80023ce5
      501097000	     24953	80004b9e	0247ce33	div	x28,x15,x4	 x15:0xfff6aeed  x4:0xffffffff x28=0x00095113
      501117000	     24954	80004ba2	6351	c.lui	x6,0x14	  x6=0x00014000
      501137000	     24955	80004ba4	017c7b63	bgeu	x24,x23,80004bba	 x24:0x00000012 x23:0x00000013
      501157000	     24956	80004ba8	01d09463	bne	x1,x29,80004bb0	  x1:0x80004b42 x29:0x00000001
      501857000	     24991	80004bb0	0334fbb3	remu	x23,x9,x19	  x9:0x0001a006 x19:0x00000000 x23=0x0001a006
      501877000	     24992	80004bb4	0001	c.addi	x0,0	  x0:0x00000000  x0=0x00000000
      502277000	     25012	80004bb6	015a9b13	slli	x22,x21,0x15	 x21:0x00000000 x22=0x00000000
      502417000	     25019	80004bba	02e68e33	mul	x28,x13,x14	 x13:0x80023ce4 x14:0x00000000 x28=0x00000000
      502837000	     25040	80004bbe	413d0133	sub	x2,x26,x19	 x26:0x00000000 x19:0x00000000  x2=0x00000000
      502877000	     25042	80004bc2	039be9b3	rem	x19,x23,x25	 x23:0x0001a006 x25:0x00000000 x19=0x0001a006
      503057000	     25051	80004bc6	4041d233	sra	x4,x3,x4	  x3:0x80004b3e  x4:0xffffffff  x4=0xffffffff
      503077000	     25052	80004bca	660d	c.lui	x12,0x3	 x12=0x00003000
      503097000	     25053	80004bcc	00225c63	bge	x4,x2,80004be4	  x4:0xffffffff  x2:0x00000000
      503257000	     25061	80004bd0	0181eab3	or	x21,x3,x24	  x3:0x80004b3e x24:0x00000012 x21=0x80004b3e
      503317000	     25064	80004bd4	03ab24b3	mulhsu	x9,x22,x26	 x22:0x00000000 x26:0x00000000  x9=0x00000000
      503337000	     25065	80004bd8	01205113	srli	x2,x0,0x12	  x0:0x00000000  x2=0x00000000
      503357000	     25066	80004bdc	8375	c.srli	x14,0x1d	 x14:0x00000000 x14=0x00000000
      503377000	     25067	80004bde	00344a33	xor	x20,x8,x3	  x8:0x00000001  x3:0x80004b3e x20=0x80004b3f
      503397000	     25068	80004be2	8fc9	c.or	x15,x10	 x15:0xfff6aeed x10:0x80023ce5 x15=0xfff6beed
      503417000	     25069	80004be4	8385	c.srli	x15,0x1	 x15:0xfff6beed x15=0x7ffb5f76
      503437000	     25070	80004be6	8e09	c.sub	x12,x10	 x12:0x00003000 x10:0x80023ce5 x12=0x7ffdf31b
      503457000	     25071	80004be8	837a	c.mv	x6,x30	  x0:0x00000000 x30:0xffffffff  x6=0xffffffff
      503477000	     25072	80004bea	001e2d33	slt	x26,x28,x1	 x28:0x00000000  x1:0x80004b42 x26=0x00000000
      503577000	     25077	80004bee	340a22f3	csrrs	x5,mscratch,x20	 x20:0x80004b3f  x5=0x00000018
      503597000	     25078	80004bf2	6159	c.addi16sp	x2,400	  x2:0x00000000  x2=0x00000190
      503617000	     25079	80004bf4	90c6	c.add	x1,x17	  x1:0x80004b42 x17:0x00000000  x1=0x80004b42
      503637000	     25080	80004bf6	8209	c.srli	x12,0x2	 x12:0x7ffdf31b x12=0x1fff7cc6
      503657000	     25081	80004bf8	c6850b13	addi	x22,x10,-920	 x10:0x80023ce5 x22=0x8002394d
      503677000	     25082	80004bfc	003f1cb3	sll	x25,x30,x3	 x30:0xffffffff  x3:0x80004b3e x25=0xc0000000
      503697000	     25083	80004c00	c7b8b493	sltiu	x9,x17,-901	 x17:0x00000000  x9=0x00000001
      503997000	     25098	80004c04	ce01	c.beqz	x12,80004c1c	 x12:0x1fff7cc6
      504017000	     25099	80004c06	6403bc13	sltiu	x24,x7,1600	  x7:0x00000000 x24=0x00000001
      504037000	     25100	80004c0a	bdbe7893	andi	x17,x28,-1061	 x28:0x00000000 x17=0x00000000
      504057000	     25101	80004c0e	00355ab3	srl	x21,x10,x3	 x10:0x80023ce5  x3:0x80004b3e x21=0x00000002
      504477000	     25122	80004c12	0007ed33	or	x26,x15,x0	 x15:0x7ffb5f76  x0:0x00000000 x26=0x7ffb5f76
      504517000	     25124	80004c16	03503e33	mulhu	x28,x0,x21	  x0:0x00000000 x21:0x00000002 x28=0x00000000
      504537000	     25125	80004c1a	8ca1	c.xor	x9,x8	  x9:0x00000001  x8:0x00000001  x9=0x00000000
      504557000	     25126	80004c1c	0000100f	fence.i	
      504837000	     25140	80004c20	0000100f	fence.i	
      510397000	     25418	80004c24	031f3d33	mulhu	x26,x30,x17	 x30:0xffffffff x17:0x00000000 x26=0x00000000
      511017000	     25449	80004c28	61693a93	sltiu	x21,x18,1558	 x18:0x00000001 x21=0x00000001
      511277000	     25462	80004c2c	01d1ecb3	or	x25,x3,x29	  x3:0x80004b3e x29:0x00000001 x25=0x80004b3f
      511297000	     25463	80004c30	01c85763	bge	x16,x28,80004c3e	 x16:0x00095100 x28:0x00000000
      511737000	     25485	80004c3e	567d	c.li	x12,-1	 x12=0xffffffff
      511777000	     25487	80004c40	015f9193	slli	x3,x31,0x15	 x31:0xffffffff  x3=0xffe00000
      511957000	     25496	80004c44	0472c663	blt	x5,x7,80004c90	  x5:0x00000018  x7:0x00000000
      512717000	     25534	80004c48	039ed233	divu	x4,x29,x25	 x29:0x00000001 x25:0x80004b3f  x4=0x00000000
      512737000	     25535	80004c4c	01170233	add	x4,x14,x17	 x14:0x00000000 x17:0x00000000  x4=0x00000000
      512757000	     25536	80004c50	0001	c.addi	x0,0	  x0:0x00000000  x0=0x00000000
      512777000	     25537	80004c52	340f14f3	csrrw	x9,mscratch,x30	 x30:0xffffffff  x9=0x80004b3f
      512797000	     25538	80004c56	01038c63	beq	x7,x16,80004c6e	  x7:0x00000000 x16:0x00095100
      512817000	     25539	80004c5a	40d407b3	sub	x15,x8,x13	  x8:0x00000001 x13:0x80023ce4 x15=0x7ffdc31d
      513297000	     25563	80004c5e	004e3fb3	sltu	x31,x28,x4	 x28:0x00000000  x4:0x00000000 x31=0x00000000
      513717000	     25584	80004c62	39c1b797	auipc	x15,0x39c1b	 x15=0xb9c1fc62
      513977000	     25597	80004c66	033d31b3	mulhu	x3,x26,x19	 x26:0x00000000 x19:0x0001a006  x3=0x00000000
      514717000	     25634	80004c6a	02d5e833	rem	x16,x11,x13	 x11:0x8001fe64 x13:0x80023ce4 x16=0xffffc180
      514737000	     25635	80004c6e	0130d213	srli	x4,x1,0x13	  x1:0x80004b42  x4=0x00001000
      514757000	     25636	80004c72	02e97963	bgeu	x18,x14,80004ca4	 x18:0x00000001 x14:0x00000000
      515397000	     25668	80004ca4	40338933	sub	x18,x7,x3	  x7:0x00000000  x3:0x00000000 x18=0x00000000
      515517000	     25674	80004ca8	0ff0000f	fence	iorw,iorw	
      515677000	     25682	80004cac	010b7fb3	and	x31,x22,x16	 x22:0x8002394d x16:0xffffc180 x31=0x80020100
      515777000	     25687	80004cb0	340ef273	csrrci	x4,mscratch,29	  x4=0xffffffff
      515797000	     25688	80004cb4	17692513	slti	x10,x18,374	 x18:0x00000000 x10=0x00000001
      515957000	     25696	80004cb8	8751	c.srai	x14,0x14	 x14:0x00000000 x14=0x00000000
      515977000	     25697	80004cba	00bf8db3	add	x27,x31,x11	 x31:0x80020100 x11:0x8001fe64 x27=0x0003ff64
      515997000	     25698	80004cbe	0001	c.addi	x0,0	  x0:0x00000000  x0=0x00000000
      516017000	     25699	80004cc0	000e38b3	sltu	x17,x28,x0	 x28:0x00000000  x0:0x00000000 x17=0x00000000
      516157000	     25706	80004cc4	3405d073	csrrwi	x0,mscratch,11	  x0=0x00000000
      516177000	     25707	80004cc8	0001	c.addi	x0,0	  x0:0x00000000  x0=0x00000000
      516197000	     25708	80004cca	0174d093	srli	x1,x9,0x17	  x9:0x80004b3f  x1=0x00000100
      516217000	     25709	80004cce	717d	c.addi16sp	x2,-16	  x2:0x00000190  x2=0x00000180
      516957000	     25746	80004cd0	030750b3	divu	x1,x14,x16	 x14:0x00000000 x16:0xffffc180  x1=0x00000000
      516977000	     25747	80004cd4	01985113	srli	x2,x16,0x19	 x16:0xffffc180  x2=0x0000007f
      517717000	     25784	80004cd8	03f179b3	remu	x19,x2,x31	  x2:0x0000007f x31:0x80020100 x19=0x0000007f
      517737000	     25785	80004cdc	01298637	lui	x12,0x1298	 x12=0x01298000
      517777000	     25787	80004ce0	036d3d33	mulhu	x26,x26,x22	 x26:0x00000000 x22:0x8002394d x26=0x00000000
      517797000	     25788	80004ce4	0485	c.addi	x9,1	  x9:0x80004b3f  x9=0x80004b40
      517817000	     25789	80004ce6	5bfd	c.li	x23,-1	 x23=0xffffffff
      517837000	     25790	80004ce8	015a74b3	and	x9,x20,x21	 x20:0x80004b3f x21:0x00000001  x9=0x00000001
      517857000	     25791	80004cec	8239	c.srli	x12,0xe	 x12:0x01298000 x12=0x000004a6
      517997000	     25798	80004cee	0223b7b3	mulhu	x15,x7,x2	  x7:0x00000000  x2:0x0000007f x15=0x00000000
      518037000	     25800	80004cf2	0211cc33	div	x24,x3,x1	  x3:0x00000000  x1:0x00000000 x24=0xffffffff
      518057000	     25801	80004cf6	0001	c.addi	x0,0	  x0:0x00000000  x0=0x00000000
      518077000	     25802	80004cf8	8ce1	c.and	x9,x8	  x9:0x00000001  x8:0x00000001  x9=0x00000001
      518157000	     25806	80004cfa	3400a273	csrrs	x4,mscratch,x1	  x1:0x00000000  x4=0x0000000b
      518177000	     25807	80004cfe	6991	c.lui	x19,0x4	 x19=0x00004000
      518317000	     25814	80004d00	8919	c.andi	x10,6	 x10:0x00000001 x10=0x00000000
      518337000	     25815	80004d02	00fe0a63	beq	x28,x15,80004d16	 x28:0x00000000 x15:0x00000000
      518897000	     25843	80004d16	34002b73	csrrs	x22,mscratch,x0	  x0:0x00000000 x22=0x0000000b
      518917000	     25844	80004d1a	8395	c.srli	x15,0x5	 x15:0x00000000 x15=0x00000000
      518937000	     25845	80004d1c	8cd6	c.mv	x25,x21	  x0:0x00000000 x21:0x00000001 x25=0x00000001
      518977000	     25847	80004d1e	03de0863	beq	x28,x29,80004d4e	 x28:0x00000000 x29:0x00000001
      518997000	     25848	80004d22	e491	c.bnez	x9,80004d2e	  x9:0x00000001
      520677000	     25932	80004d2e	1e7d	c.addi	x28,-1	 x28:0x00000000 x28=0xffffffff
      521237000	     25960	80004d30	03fe91b3	mulh	x3,x29,x31	 x29:0x00000001 x31:0x80020100  x3=0xffffffff
      521257000	     25961	80004d34	0000100f	fence.i	
      522277000	     26012	80004d38	40320533	sub	x10,x4,x3	  x4:0x0000000b  x3:0xffffffff x10=0x0000000c
      522657000	     26031	80004d3c	01e35ab3	srl	x21,x6,x30	  x6:0xffffffff x30:0xffffffff x21=0x00000001
      522677000	     26032	80004d40	012ce633	or	x12,x25,x18	 x25:0x00000001 x18:0x00000000 x12=0x00000001
      522697000	     26033	80004d44	0599ef63	bltu	x19,x25,80004da2	 x19:0x00004000 x25:0x00000001
      522857000	     26041	80004d48	8029	c.srli	x8,0xa	  x8:0x00000001  x8=0x00000000
      522877000	     26042	80004d4a	00add093	srli	x1,x27,0xa	 x27:0x0003ff64  x1=0x000000ff
      522897000	     26043	80004d4e	0001	c.addi	x0,0	  x0:0x00000000  x0=0x00000000
      522997000	     26048	80004d50	34011e73	csrrw	x28,mscratch,x2	  x2:0x0000007f x28=0x0000000b
      523017000	     26049	80004d54	34071ff3	csrrw	x31,mscratch,x14	 x14:0x00000000 x31=0x0000007f
      523037000	     26050	80004d58	8b2d	c.andi	x14,11	 x14:0x00000000 x14=0x00000000
      523057000	     26051	80004d5a	83a9	c.srli	x15,0xa	 x15:0x00000000 x15=0x00000000
      523237000	     26060	80004d5c	036fb633	mulhu	x12,x31,x22	 x31:0x0000007f x22:0x0000000b x12=0x00000000
      523257000	     26061	80004d60	00420cb3	add	x25,x4,x4	  x4:0x0000000b  x4:0x0000000b x25=0x00000016
      523517000	     26074	80004d64	406d5f13	srai	x30,x26,0x6	 x26:0x00000000 x30=0x00000000
      523557000	     26076	80004d68	02a6a733	mulhsu	x14,x13,x10	 x13:0x80023ce4 x10:0x0000000c x14=0xfffffffa
      524297000	     26113	80004d6c	03685133	divu	x2,x16,x22	 x16:0xffffc180 x22:0x0000000b  x2=0x1745cbc5
      524317000	     26114	80004d70	717d	c.addi16sp	x2,-16	  x2:0x1745cbc5  x2=0x1745cbb5
      524337000	     26115	80004d72	00511313	slli	x6,x2,0x5	  x2:0x1745cbb5  x6=0xe8b976a0
      524357000	     26116	80004d76	025b9a63	bne	x23,x5,80004daa	 x23:0xffffffff  x5:0x00000018
      524437000	     26120	80004daa	8b2a	c.mv	x22,x10	  x0:0x00000000 x10:0x0000000c x22=0x0000000c
      524857000	     26141	80004dac	0080c463	blt	x1,x8,80004db4	  x1:0x000000ff  x8:0x00000000
      525217000	     26159	80004db0	402ed513	srai	x10,x29,0x2	 x29:0x00000001 x10=0x00000000
      525317000	     26164	80004db4	34007df3	csrrci	x27,mscratch,0	 x27=0x00000000
      525337000	     26165	80004db8	8dae	c.mv	x27,x11	  x0:0x00000000 x11:0x8001fe64 x27=0x8001fe64
      525757000	     26186	80004dba	340e2973	csrrs	x18,mscratch,x28	 x28:0x0000000b x18=0x00000000
      525777000	     26187	80004dbe	340b62f3	csrrsi	x5,mscratch,22	  x5=0x0000000b
      526037000	     26200	80004dc2	3406b373	csrrc	x6,mscratch,x13	 x13:0x80023ce4  x6=0x0000001f
      526157000	     26206	80004dc6	340061f3	csrrsi	x3,mscratch,0	  x3=0x0000001b
      526177000	     26207	80004dca	8e56	c.mv	x28,x21	  x0:0x00000000 x21:0x00000001 x28=0x00000001
      526197000	     26208	80004dcc	5b7d	c.li	x22,-1	 x22=0xffffffff
      526217000	     26209	80004dce	0aae	c.slli	x21,0xb	 x21:0x00000001 x21=0x00000800
      526237000	     26210	80004dd0	8271	c.srli	x12,0x1c	 x12:0x00000000 x12=0x00000000
      526257000	     26211	80004dd2	cf89	c.beqz	x15,80004dec	 x15:0x00000000
      526677000	     26232	80004dec	88f9	c.andi	x9,30	  x9:0x00000001  x9=0x00000000
      526957000	     26246	80004dee	3400e473	csrrsi	x8,mscratch,1	  x8=0x0000001b
      526977000	     26247	80004df2	83f5	c.srli	x15,0x1d	 x15:0x00000000 x15=0x00000000
      526997000	     26248	80004df4	0e00cd93	xori	x27,x1,224	  x1:0x000000ff x27=0x0000001f
      527737000	     26285	80004df8	0250fcb3	remu	x25,x1,x5	  x1:0x000000ff  x5:0x0000000b x25=0x00000002
      527757000	     26286	80004dfc	94574c93	xori	x25,x14,-1723	 x14:0xfffffffa x25=0x000006bf
      527777000	     26287	80004e00	0000100f	fence.i	
      527857000	     26291	80004e04	cb11	c.beqz	x14,80004e18	 x14:0xfffffffa
      527997000	     26298	80004e06	0287d363	bge	x15,x8,80004e2c	 x15:0x00000000  x8:0x0000001b
      528017000	     26299	80004e0a	01cc7333	and	x6,x24,x28	 x24:0xffffffff x28:0x00000001  x6=0x00000001
      528037000	     26300	80004e0e	340d9373	csrrw	x6,mscratch,x27	 x27:0x0000001f  x6=0x0000001b
      528057000	     26301	80004e12	860d	c.srai	x12,0x3	 x12:0x00000000 x12=0x00000000
      528077000	     26302	80004e14	01da4c63	blt	x20,x29,80004e2c	 x20:0x80004b3f x29:0x00000001
      528577000	     26327	80004e2c	6c2bed17	auipc	x26,0x6c2be	 x26=0xec2c2e2c
      528777000	     26337	80004e30	01c4c663	blt	x9,x28,80004e3c	  x9:0x00000000 x28:0x00000001
      528897000	     26343	80004e3c	c039	c.beqz	x8,80004e82	  x8:0x0000001b
      528937000	     26345	80004e3e	03322833	mulhsu	x16,x4,x19	  x4:0x0000000b x19:0x00004000 x16=0x00000000
      528997000	     26348	80004e42	03b8d263	bge	x17,x27,80004e66	 x17:0x00000000 x27:0x0000001f
      529097000	     26353	80004e46	40e85513	srai	x10,x16,0xe	 x16:0x00000000 x10=0x00000000
      529997000	     26398	80004e4a	02da6033	rem	x0,x20,x13	 x20:0x80004b3f x13:0x80023ce4  x0=0x00000000
      530017000	     26399	80004e4e	00558033	add	x0,x11,x5	 x11:0x8001fe64  x5:0x0000000b  x0=0x00000000
      530117000	     26404	80004e52	01256633	or	x12,x10,x18	 x10:0x00000000 x18:0x00000000 x12=0x00000000
      530137000	     26405	80004e56	8f5e	c.mv	x30,x23	  x0:0x00000000 x23:0xffffffff x30=0xffffffff
      530157000	     26406	80004e58	4101d713	srai	x14,x3,0x10	  x3:0x0000001b x14=0x00000000
      530177000	     26407	80004e5c	0149dc13	srli	x24,x19,0x14	 x19:0x00004000 x24=0x00000000
      530197000	     26408	80004e60	80a5	c.srli	x9,0x9	  x9:0x00000000  x9=0x00000000
      530217000	     26409	80004e62	340f1373	csrrw	x6,mscratch,x30	 x30:0xffffffff  x6=0x0000001f
      530957000	     26446	80004e66	03667633	remu	x12,x12,x22	 x12:0x00000000 x22:0xffffffff x12=0x00000000
      530977000	     26447	80004e6a	01f95d93	srli	x27,x18,0x1f	 x18:0x00000000 x27=0x00000000
      530997000	     26448	80004e6e	026c8f13	addi	x30,x25,38	 x25:0x000006bf x30=0x000006e5
      531017000	     26449	80004e72	9d26	c.add	x26,x9	 x26:0xec2c2e2c  x9:0x00000000 x26=0xec2c2e2c
      531057000	     26451	80004e74	038ea433	mulhsu	x8,x29,x24	 x29:0x00000001 x24:0x00000000  x8=0x00000000
      531077000	     26452	80004e78	00a922b3	slt	x5,x18,x10	 x18:0x00000000 x10:0x00000000  x5=0x00000000
      531117000	     26454	80004e7c	02005fb3	divu	x31,x0,x0	  x0:0x00000000  x0:0x00000000 x31=0xffffffff
      531417000	     26469	80004e80	057e	c.slli	x10,0x1f	 x10:0x00000000 x10=0x00000000
      531837000	     26490	80004e82	4cdaf413	andi	x8,x21,1229	 x21:0x00000800  x8=0x00000000
      531857000	     26491	80004e86	8f19	c.sub	x14,x14	 x14:0x00000000 x14:0x00000000 x14=0x00000000
      532257000	     26511	80004e88	ef0d	c.bnez	x14,80004ec2	 x14:0x00000000
      532277000	     26512	80004e8a	01595313	srli	x6,x18,0x15	 x18:0x00000000  x6=0x00000000
      532297000	     26513	80004e8e	340c7cf3	csrrci	x25,mscratch,24	 x25=0xffffffff
      532317000	     26514	80004e92	8e49	c.or	x12,x10	 x12:0x00000000 x10:0x00000000 x12=0x00000000
      532337000	     26515	80004e94	01728c33	add	x24,x5,x23	  x5:0x00000000 x23:0xffffffff x24=0xffffffff
      532357000	     26516	80004e98	340b5b73	csrrwi	x22,mscratch,22	 x22=0xffffffe7
      532377000	     26517	80004e9c	34f95717	auipc	x14,0x34f95	 x14=0xb4f99e9c
      532617000	     26529	80004ea0	02e73633	mulhu	x12,x14,x14	 x14:0xb4f99e9c x14:0xb4f99e9c x12=0x7feffa71
      532657000	     26531	80004ea4	80d9	c.srli	x9,0x16	  x9:0x00000000  x9=0x00000000
      532677000	     26532	80004ea6	3408d873	csrrwi	x16,mscratch,17	 x16=0x00000016
      533017000	     26549	80004eaa	003bdd13	srli	x26,x23,0x3	 x23:0xffffffff x26=0x1fffffff
      533057000	     26551	80004eae	02102db3	mulhsu	x27,x0,x1	  x0:0x00000000  x1:0x000000ff x27=0x00000000
      533197000	     26558	80004eb2	416dda93	srai	x21,x27,0x16	 x27:0x00000000 x21=0x00000000
      533217000	     26559	80004eb6	0001	c.addi	x0,0	  x0:0x00000000  x0=0x00000000
      533237000	     26560	80004eb8	1308	c.addi4spn	x10,x2,416	 x10=0x1745cd55
      533257000	     26561	80004eba	00d587b3	add	x15,x11,x13	 x11:0x8001fe64 x13:0x80023ce4 x15=0x00043b48
      533277000	     26562	80004ebe	0001	c.addi	x0,0	  x0:0x00000000  x0=0x00000000
      533297000	     26563	80004ec0	167d	c.addi	x12,-1	 x12:0x7feffa71 x12=0x7feffa70
      533317000	     26564	80004ec2	0be2	c.slli	x23,0x18	 x23:0xffffffff x23=0xff000000
      533417000	     26569	80004ec4	54fd	c.li	x9,-1	  x9=0xffffffff
      533437000	     26570	80004ec6	000deeb3	or	x29,x27,x0	 x27:0x00000000  x0:0x00000000 x29=0x00000000
      534177000	     26607	80004eca	03e37c33	remu	x24,x6,x30	  x6:0x00000000 x30:0x000006e5 x24=0x00000000
      534197000	     26608	80004ece	1c08	c.addi4spn	x10,x2,560	 x10=0x1745cde5
      534217000	     26609	80004ed0	01c4abb3	slt	x23,x9,x28	  x9:0xffffffff x28:0x00000001 x23=0x00000001
      534257000	     26611	80004ed4	027e5ab3	divu	x21,x28,x7	 x28:0x00000001  x7:0x00000000 x21=0xffffffff
      534277000	     26612	80004ed8	0036ae33	slt	x28,x13,x3	 x13:0x80023ce4  x3:0x0000001b x28=0x00000001
      534297000	     26613	80004edc	8059	c.srli	x8,0x16	  x8:0x00000000  x8=0x00000000
      534317000	     26614	80004ede	00e31913	slli	x18,x6,0xe	  x6:0x00000000 x18=0x00000000
      534337000	     26615	80004ee2	0014fd33	and	x26,x9,x1	  x9:0xffffffff  x1:0x000000ff x26=0x000000ff
      534697000	     26633	80004ee6	34015273	csrrwi	x4,mscratch,2	  x4=0x00000011
      534717000	     26634	80004eea	33bdcb93	xori	x23,x27,827	 x27:0x00000000 x23=0x0000033b
      534737000	     26635	80004eee	f37e8437	lui	x8,0xf37e8	  x8=0xf37e8000
      535157000	     26656	80004ef2	34002a73	csrrs	x20,mscratch,x0	  x0:0x00000000 x20=0x00000002
      535177000	     26657	80004ef6	8e6e	c.mv	x28,x27	  x0:0x00000000 x27:0x00000000 x28=0x00000000
      535297000	     26663	80004ef8	02e6ed63	bltu	x13,x14,80004f32	 x13:0x80023ce4 x14:0xb4f99e9c
      543257000	     27061	80004f32	c791	c.beqz	x15,80004f3e	 x15:0x00043b48
      543277000	     27062	80004f34	6741	c.lui	x14,0x10	 x14=0x00010000
      543297000	     27063	80004f36	8cc5	c.or	x9,x9	  x9:0xffffffff  x9:0xffffffff  x9=0xffffffff
      543317000	     27064	80004f38	87a5	c.srai	x15,0x9	 x15:0x00043b48 x15=0x0000021d
      543337000	     27065	80004f3a	1d416d13	ori	x26,x2,468	  x2:0x1745cbb5 x26=0x1745cbf5
      543357000	     27066	80004f3e	a92a7e93	andi	x29,x20,-1390	 x20:0x00000002 x29=0x00000002
      543377000	     27067	80004f42	6149	c.addi16sp	x2,144	  x2:0x1745cbb5  x2=0x1745cc45
      543397000	     27068	80004f44	0173db63	bge	x7,x23,80004f5a	  x7:0x00000000 x23:0x0000033b
      543677000	     27082	80004f48	03254d33	div	x26,x10,x18	 x10:0x1745cde5 x18:0x00000000 x26=0xffffffff
      543797000	     27088	80004f4c	01149893	slli	x17,x9,0x11	  x9:0xffffffff x17=0xfffe0000
      543817000	     27089	80004f50	50b44b13	xori	x22,x8,1291	  x8:0xf37e8000 x22=0xf37e850b
      543877000	     27092	80004f54	6930f513	andi	x10,x1,1683	  x1:0x000000ff x10=0x00000093
      543897000	     27093	80004f58	0001	c.addi	x0,0	  x0:0x00000000  x0=0x00000000
      544037000	     27100	80004f5a	4094d313	srai	x6,x9,0x9	  x9:0xffffffff  x6=0xffffffff
      544057000	     27101	80004f5e	0000100f	fence.i	
      544297000	     27113	80004f62	02ebd963	bge	x23,x14,80004f94	 x23:0x0000033b x14:0x00010000
      544477000	     27122	80004f66	413b5733	sra	x14,x22,x19	 x22:0xf37e850b x19:0x00004000 x14=0xf37e850b
      544497000	     27123	80004f6a	84ad	c.srai	x9,0xb	  x9:0xffffffff  x9=0xffffffff
      544637000	     27130	80004f6c	00ee8e33	add	x28,x29,x14	 x29:0x00000002 x14:0xf37e850b x28=0xf37e850d
      544657000	     27131	80004f70	8762	c.mv	x14,x24	  x0:0x00000000 x24:0x00000000 x14=0x00000000
      544717000	     27134	80004f72	bb76b413	sltiu	x8,x13,-1097	 x13:0x80023ce4  x8=0x00000001
      544837000	     27140	80004f76	222da493	slti	x9,x27,546	 x27:0x00000000  x9=0x00000001
      545017000	     27149	80004f7a	00d40fb3	add	x31,x8,x13	  x8:0x00000001 x13:0x80023ce4 x31=0x80023ce5
      545037000	     27150	80004f7e	003c6933	or	x18,x24,x3	 x24:0x00000000  x3:0x0000001b x18=0x0000001b
      545057000	     27151	80004f82	5f7d	c.li	x30,-1	 x30=0xffffffff
      545297000	     27163	80004f84	ef15	c.bnez	x14,80004fc0	 x14:0x00000000
      545317000	     27164	80004f86	05db1163	bne	x22,x29,80004fc8	 x22:0xf37e850b x29:0x00000002
      545477000	     27172	80004fc8	8e19	c.sub	x12,x14	 x12:0x7feffa70 x14:0x00000000 x12=0x7feffa70
      545617000	     27179	80004fca	40038a33	sub	x20,x7,x0	  x7:0x00000000  x0:0x00000000 x20=0x00000000
      545637000	     27180	80004fce	0c25	c.addi	x24,9	 x24:0x00000000 x24=0x00000009
      546377000	     27217	80004fd0	035d5a33	divu	x20,x26,x21	 x26:0xffffffff x21:0xffffffff x20=0x00000001
      546397000	     27218	80004fd4	146f0c13	addi	x24,x30,326	 x30:0xffffffff x24=0x00000145
      546417000	     27219	80004fd8	010439b3	sltu	x19,x8,x16	  x8:0x00000001 x16:0x00000016 x19=0x00000001
      546457000	     27221	80004fdc	03292fb3	mulhsu	x31,x18,x18	 x18:0x0000001b x18:0x0000001b x31=0x00000000
      546477000	     27222	80004fe0	01d75513	srli	x10,x14,0x1d	 x14:0x00000000 x10=0x00000000
      546497000	     27223	80004fe4	857d	c.srai	x10,0x1f	 x10:0x00000000 x10=0x00000000
      546617000	     27229	80004fe6	00d7d4b3	srl	x9,x15,x13	 x15:0x0000021d x13:0x80023ce4  x9=0x00000021
      546797000	     27238	80004fea	340ed9f3	csrrwi	x19,mscratch,29	 x19=0x00000002
      546917000	     27244	80004fee	018b0133	add	x2,x22,x24	 x22:0xf37e850b x24:0x00000145  x2=0xf37e8650
      546937000	     27245	80004ff2	00de5a93	srli	x21,x28,0xd	 x28:0xf37e850d x21=0x00079bf4
      546957000	     27246	80004ff6	036082b3	mul	x5,x1,x22	  x1:0x000000ff x22:0xf37e850b  x5=0x8b0685f5
      546977000	     27247	80004ffa	7820a113	slti	x2,x1,1922	  x1:0x000000ff  x2=0x00000001
      546997000	     27248	80004ffe	10fd	c.addi	x1,-1	  x1:0x000000ff  x1=0x000000fe
      547017000	     27249	80005000	6eb37d37	lui	x26,0x6eb37	 x26=0x6eb37000
      547177000	     27257	80005004	026390b3	mulh	x1,x7,x6	  x7:0x00000000  x6:0xffffffff  x1=0x00000000
      547197000	     27258	80005008	3402de73	csrrwi	x28,mscratch,5	 x28=0x0000001d
      547217000	     27259	8000500c	ce19	c.beqz	x12,8000502a	 x12:0x7feffa70
      547477000	     27272	8000500e	03f6c763	blt	x13,x31,8000503c	 x13:0x80023ce4 x31:0x00000000
      548277000	     27312	8000503c	4057d093	srai	x1,x15,0x5	 x15:0x0000021d  x1=0x00000010
      548397000	     27318	80005040	0d92	c.slli	x27,0x4	 x27:0x00000000 x27=0x00000000
      548417000	     27319	80005042	0071f963	bgeu	x3,x7,80005054	  x3:0x0000001b  x7:0x00000000
      548797000	     27338	80005054	00e9dab3	srl	x21,x19,x14	 x19:0x00000002 x14:0x00000000 x21=0x00000002
      549537000	     27375	80005058	03ef54b3	divu	x9,x30,x30	 x30:0xffffffff x30:0xffffffff  x9=0x00000001
      550277000	     27412	8000505c	03647bb3	remu	x23,x8,x22	  x8:0x00000001 x22:0xf37e850b x23=0x00000001
      550297000	     27413	80005060	008be633	or	x12,x23,x8	 x23:0x00000001  x8:0x00000001 x12=0x00000001
      550317000	     27414	80005064	0138bb33	sltu	x22,x17,x19	 x17:0xfffe0000 x19:0x00000002 x22=0x00000000
      550337000	     27415	80005068	02ec8eb3	mul	x29,x25,x14	 x25:0xffffffff x14:0x00000000 x29=0x00000000
      550357000	     27416	8000506c	340bdf73	csrrwi	x30,mscratch,23	 x30=0x00000005
      550397000	     27418	80005070	03621db3	mulh	x27,x4,x22	  x4:0x00000011 x22:0x00000000 x27=0x00000000
      550417000	     27419	80005074	00861f93	slli	x31,x12,0x8	 x12:0x00000001 x31=0x00000100
      550637000	     27430	80005078	0001	c.addi	x0,0	  x0:0x00000000  x0=0x00000000
      550717000	     27434	8000507a	0000100f	fence.i	
      552357000	     27516	8000507e	026df133	remu	x2,x27,x6	 x27:0x00000000  x6:0xffffffff  x2=0x00000000
      552377000	     27517	80005082	340bb873	csrrc	x16,mscratch,x23	 x23:0x00000001 x16=0x00000017
      552397000	     27518	80005086	0001	c.addi	x0,0	  x0:0x00000000  x0=0x00000000
      552417000	     27519	80005088	5a276b17	auipc	x22,0x5a276	 x22=0xda27b088
      552577000	     27527	8000508c	34087a73	csrrci	x20,mscratch,16	 x20=0x00000016
      552597000	     27528	80005090	d33c8913	addi	x18,x25,-717	 x25:0xffffffff x18=0xfffffd32
      552617000	     27529	80005094	01c001ef	jal	x3,800050b0	  x3=0x80005098
      553357000	     27566	800050b0	ff1ff36f	jal	x6,800050a0	  x6=0x800050b4
      553657000	     27581	800050a0	3fe5	c.jal	80005098	  x1=0x800050a2
      554257000	     27611	80005098	2031	c.jal	800050a4	  x1=0x8000509a
      554637000	     27630	800050a4	a021	c.j	800050ac	
      554797000	     27638	800050ac	ff7ffcef	jal	x25,800050a2	 x25=0x800050b0
      555277000	     27662	800050a2	a819	c.j	800050b8	
      556277000	     27712	800050b8	bffd	c.j	800050b6	
      557197000	     27758	800050b6	bfcd	c.j	800050a8	
      558377000	     27817	800050a8	ff7ff36f	jal	x6,8000509e	  x6=0x800050ac
      558857000	     27841	8000509e	a819	c.j	800050b4	
      558897000	     27843	800050b4	a021	c.j	800050bc	
      558957000	     27846	800050bc	3ffd	c.jal	800050ba	  x1=0x800050be
      559017000	     27849	800050ba	2011	c.jal	800050be	  x1=0x800050bc
      559077000	     27852	800050be	3ff1	c.jal	8000509a	  x1=0x800050c0
      559157000	     27856	8000509a	00c0036f	jal	x6,800050a6	  x6=0x8000509e
      559217000	     27859	800050a6	2829	c.jal	800050c0	  x1=0x800050a8
      559277000	     27862	800050c0	01c13733	sltu	x14,x2,x28	  x2:0x00000000 x28:0x0000001d x14=0x00000001
      559297000	     27863	800050c4	a431da17	auipc	x20,0xa431d	 x20=0x243220c4
      559497000	     27873	800050c8	8f31	c.xor	x14,x12	 x14:0x00000001 x12:0x00000001 x14=0x00000000
      559517000	     27874	800050ca	e011	c.bnez	x8,800050ce	  x8:0x00000001
      560717000	     27934	800050ce	9b8e	c.add	x23,x3	 x23:0x00000001  x3:0x80005098 x23=0x80005099
      560757000	     27936	800050d0	01df7663	bgeu	x30,x29,800050dc	 x30:0x00000005 x29:0x00000000
      560797000	     27938	800050dc	34021173	csrrw	x2,mscratch,x4	  x4:0x00000011  x2=0x00000006
      560937000	     27945	800050e0	340f1bf3	csrrw	x23,mscratch,x30	 x30:0x00000005 x23=0x00000011
      561137000	     27955	800050e4	00dc3033	sltu	x0,x24,x13	 x24:0x00000145 x13:0x80023ce4  x0=0x00000000
      561157000	     27956	800050e8	34003273	csrrc	x4,mscratch,x0	  x0:0x00000000  x4=0x00000005
      561577000	     27977	800050ec	8055	c.srli	x8,0x15	  x8:0x00000001  x8=0x00000000
      561597000	     27978	800050ee	0001	c.addi	x0,0	  x0:0x00000000  x0=0x00000000
      561777000	     27987	800050f0	0124bcb3	sltu	x25,x9,x18	  x9:0x00000001 x18:0xfffffd32 x25=0x00000001
      561877000	     27992	800050f4	8551	c.srai	x10,0x14	 x10:0x00000000 x10=0x00000000
      561897000	     27993	800050f6	d4ae8093	addi	x1,x29,-694	 x29:0x00000000  x1=0xfffffd4a
      561917000	     27994	800050fa	aeae8613	addi	x12,x29,-1302	 x29:0x00000000 x12=0xfffffaea
      561977000	     27997	800050fe	03bbe0b3	rem	x1,x23,x27	 x23:0x00000011 x27:0x00000000  x1=0x00000011
      562217000	     28009	80005102	01ea6b33	or	x22,x20,x30	 x20:0x243220c4 x30:0x00000005 x22=0x243220c5
      562237000	     28010	80005106	03cb5163	bge	x22,x28,80005128	 x22:0x243220c5 x28:0x0000001d
      562437000	     28020	80005128	8d3d	c.xor	x10,x15	 x10:0x00000000 x15:0x0000021d x10=0x0000021d
      562597000	     28028	8000512a	860f7213	andi	x4,x30,-1952	 x30:0x00000005  x4=0x00000000
      562837000	     28040	8000512e	03fd6463	bltu	x26,x31,80005156	 x26:0x6eb37000 x31:0x00000100
      563657000	     28081	80005132	02d7efb3	rem	x31,x15,x13	 x15:0x0000021d x13:0x80023ce4 x31=0x0000021d
      563677000	     28082	80005136	3405d173	csrrwi	x2,mscratch,11	  x2=0x00000005
      563697000	     28083	8000513a	0422	c.slli	x8,0x8	  x8:0x00000000  x8=0x00000000
      563717000	     28084	8000513c	340a9373	csrrw	x6,mscratch,x21	 x21:0x00000002  x6=0x0000000b
      563737000	     28085	80005140	3404ddf3	csrrwi	x27,mscratch,9	 x27=0x00000002
      563777000	     28087	80005144	9272	c.add	x4,x28	  x4:0x00000000 x28:0x0000001d  x4=0x0000001d
      563797000	     28088	80005146	34003473	csrrc	x8,mscratch,x0	  x0:0x00000000  x8=0x00000009
      563817000	     28089	8000514a	34006a73	csrrsi	x20,mscratch,0	 x20=0x00000009
      564217000	     28109	8000514e	00484933	xor	x18,x16,x4	 x16:0x00000017  x4:0x0000001d x18=0x0000000a
      564637000	     28130	80005152	021e8463	beq	x29,x1,8000517a	 x29:0x00000000  x1:0x00000011
      564657000	     28131	80005156	340f1673	csrrw	x12,mscratch,x30	 x30:0x00000005 x12=0x00000009
      565037000	     28150	8000515a	019fdc63	bge	x31,x25,80005172	 x31:0x0000021d x25:0x00000001
      565557000	     28176	80005172	10fd	c.addi	x1,-1	  x1:0x00000011  x1=0x00000010
      565757000	     28186	80005174	40f0d313	srai	x6,x1,0xf	  x1:0x00000010  x6=0x00000000
      565777000	     28187	80005178	64f5	c.lui	x9,0x1d	  x9=0x0001d000
      565797000	     28188	8000517a	717d	c.addi16sp	x2,-16	  x2:0x00000005  x2=0xfffffff5
      565817000	     28189	8000517c	00f11733	sll	x14,x2,x15	  x2:0xfffffff5 x15:0x0000021d x14=0xa0000000
      566217000	     28209	80005180	34003173	csrrc	x2,mscratch,x0	  x0:0x00000000  x2=0x00000005
      566297000	     28213	80005184	e909	c.bnez	x10,80005196	 x10:0x0000021d
      567037000	     28250	80005196	01af2933	slt	x18,x30,x26	 x30:0x00000005 x26:0x6eb37000 x18=0x00000001
      567057000	     28251	8000519a	01e578b3	and	x17,x10,x30	 x10:0x0000021d x30:0x00000005 x17=0x00000005
      567117000	     28254	8000519e	8babaf37	lui	x30,0x8baba	 x30=0x8baba000
      567337000	     28265	800051a2	019c4d33	xor	x26,x24,x25	 x24:0x00000145 x25:0x00000001 x26=0x00000144
      568137000	     28305	800051a6	02cf7633	remu	x12,x30,x12	 x30:0x8baba000 x12:0x00000009 x12=0x00000005
      568157000	     28306	800051aa	1c80	c.addi4spn	x8,x2,624	  x8=0x00000275
      568177000	     28307	800051ac	021f1b63	bne	x30,x1,800051e2	 x30:0x8baba000  x1:0x00000010
      568497000	     28323	800051e2	d7d7c513	xori	x10,x15,-643	 x15:0x0000021d x10=0xffffff60
      568517000	     28324	800051e6	02f25563	bge	x4,x15,80005210	  x4:0x0000001d x15:0x0000021d
      568537000	     28325	800051ea	0001	c.addi	x0,0	  x0:0x00000000  x0=0x00000000
      568557000	     28326	800051ec	0000100f	fence.i	
      569177000	     28357	800051f0	6568c137	lui	x2,0x6568c	  x2=0x6568c000
      569197000	     28358	800051f4	1198	c.addi4spn	x14,x2,224	 x14=0x6568c0e0
      569217000	     28359	800051f6	5a7d	c.li	x20,-1	 x20=0xffffffff
      569257000	     28361	800051f8	34042173	csrrs	x2,mscratch,x8	  x8:0x00000275  x2=0x00000005
      569277000	     28362	800051fc	ec81	c.bnez	x9,80005214	  x9:0x0001d000
      569897000	     28393	80005214	017d3033	sltu	x0,x26,x23	 x26:0x00000144 x23:0x00000011  x0=0x00000000
      569917000	     28394	80005218	34022d73	csrrs	x26,mscratch,x4	  x4:0x0000001d x26=0x00000275
      569937000	     28395	8000521c	4133d413	srai	x8,x7,0x13	  x7:0x00000000  x8=0x00000000
      570337000	     28415	80005220	019cda13	srli	x20,x25,0x19	 x25:0x00000001 x20=0x00000000
      570357000	     28416	80005224	01f97a63	bgeu	x18,x31,80005238	 x18:0x00000001 x31:0x0000021d
      570557000	     28426	80005228	00cd7c33	and	x24,x26,x12	 x26:0x00000275 x12:0x00000005 x24=0x00000005
      571357000	     28466	8000522c	02defe33	remu	x28,x29,x13	 x29:0x00000000 x13:0x80023ce4 x28=0x00000000
      571397000	     28468	80005230	021fa4b3	mulhsu	x9,x31,x1	 x31:0x0000021d  x1:0x00000010  x9=0x00000000
      572137000	     28505	80005234	03f1e633	rem	x12,x3,x31	  x3:0x80005098 x31:0x0000021d x12=0xfffffed0
      572157000	     28506	80005238	9da6	c.add	x27,x9	 x27:0x00000002  x9:0x00000000 x27=0x00000002
      572197000	     28508	8000523a	02fe38b3	mulhu	x17,x28,x15	 x28:0x00000000 x15:0x0000021d x17=0x00000000
      572217000	     28509	8000523e	4725	c.li	x14,9	 x14=0x00000009
      572237000	     28510	80005240	0532c363	blt	x5,x19,80005286	  x5:0x8b0685f5 x19:0x00000002
      572457000	     28521	80005286	87dd	c.srai	x15,0x17	 x15:0x0000021d x15=0x00000000
      572477000	     28522	80005288	0001	c.addi	x0,0	  x0:0x00000000  x0=0x00000000
      572717000	     28534	8000528a	00e7dd13	srli	x26,x15,0xe	 x15:0x00000000 x26=0x00000000
      572737000	     28535	8000528e	8f2d	c.xor	x14,x11	 x14:0x00000009 x11:0x8001fe64 x14=0x8001fe6d
      572817000	     28539	80005290	01a85133	srl	x2,x16,x26	 x16:0x00000017 x26:0x00000000  x2=0x00000017
      572837000	     28540	80005294	40f05113	srai	x2,x0,0xf	  x0:0x00000000  x2=0x00000000
      572857000	     28541	80005298	0001	c.addi	x0,0	  x0:0x00000000  x0=0x00000000
      573017000	     28549	8000529a	1f6b2a13	slti	x20,x22,502	 x22:0x243220c5 x20=0x00000000
      573157000	     28556	8000529e	010001ef	jal	x3,800052ae	  x3=0x800052a2
      574057000	     28601	800052ae	3ff5	c.jal	800052aa	  x1=0x800052b0
      574377000	     28617	800052aa	3ff5	c.jal	800052a6	  x1=0x800052ac
      575297000	     28663	800052a6	bffd	c.j	800052a4	
      575737000	     28685	800052a4	a039	c.j	800052b2	
      575797000	     28688	800052b2	2009	c.jal	800052b4	  x1=0x800052b4
      575837000	     28690	800052b4	ffdff36f	jal	x6,800052b0	  x6=0x800052b8
      575877000	     28692	800052b0	bfe5	c.j	800052a8	
      575917000	     28694	800052a8	a011	c.j	800052ac	
      575957000	     28696	800052ac	2031	c.jal	800052b8	  x1=0x800052ae
      575997000	     28698	800052b8	febff0ef	jal	x1,800052a2	  x1=0x800052bc
      576037000	     28700	800052a2	a829	c.j	800052bc	
      576097000	     28703	800052bc	13fc6e13	ori	x28,x24,319	 x24:0x00000005 x28=0x0000013f
      576437000	     28720	800052c0	34007df3	csrrci	x27,mscratch,0	 x27=0x0000027d
      576577000	     28727	800052c4	407f5e33	sra	x28,x30,x7	 x30:0x8baba000  x7:0x00000000 x28=0x8baba000
      576597000	     28728	800052c8	01f47a63	bgeu	x8,x31,800052dc	  x8:0x00000000 x31:0x0000021d
      576617000	     28729	800052cc	01511a33	sll	x20,x2,x21	  x2:0x00000000 x21:0x00000002 x20=0x00000000
      576637000	     28730	800052d0	692be213	ori	x4,x23,1682	 x23:0x00000011  x4=0x00000693
      576757000	     28736	800052d4	9ace	c.add	x21,x19	 x21:0x00000002 x19:0x00000002 x21=0x00000004
      577177000	     28757	800052d6	009758b3	srl	x17,x14,x9	 x14:0x8001fe6d  x9:0x00000000 x17=0x8001fe6d
      577197000	     28758	800052da	64c1	c.lui	x9,0x10	  x9=0x00010000
      577277000	     28762	800052dc	0181d9b3	srl	x19,x3,x24	  x3:0x800052a2 x24:0x00000005 x19=0x04000295
      577657000	     28781	800052e0	1d7d	c.addi	x26,-1	 x26:0x00000000 x26=0xffffffff
      577677000	     28782	800052e2	34002773	csrrs	x14,mscratch,x0	  x0:0x00000000 x14=0x0000027d
      577817000	     28789	800052e6	0139cbb3	xor	x23,x19,x19	 x19:0x04000295 x19:0x04000295 x23=0x00000000
      577877000	     28792	800052ea	02de8d63	beq	x29,x13,80005324	 x29:0x00000000 x13:0x80023ce4
      577897000	     28793	800052ee	139c	c.addi4spn	x15,x2,480	 x15=0x000001e0
      577957000	     28796	800052f0	c031	c.beqz	x8,80005334	  x8:0x00000000
      579017000	     28849	80005334	4dd92293	slti	x5,x18,1245	 x18:0x00000001  x5=0x00000001
      579057000	     28851	80005338	007fffb3	and	x31,x31,x7	 x31:0x0000021d  x7:0x00000000 x31=0x00000000
      579077000	     28852	8000533c	41f5d133	sra	x2,x11,x31	 x11:0x8001fe64 x31:0x00000000  x2=0x8001fe64
      579997000	     28898	80005340	023777b3	remu	x15,x14,x3	 x14:0x0000027d  x3:0x800052a2 x15=0x0000027d
      588797000	     29338	80005344	5ffd	c.li	x31,-1	 x31=0xffffffff
      588817000	     29339	80005346	83683993	sltiu	x19,x16,-1994	 x16:0x00000017 x19=0x00000001
      588837000	     29340	8000534a	9936	c.add	x18,x13	 x18:0x00000001 x13:0x80023ce4 x18=0x80023ce5
      588857000	     29341	8000534c	34002073	csrrs	x0,mscratch,x0	  x0:0x00000000  x0=0x00000000
      588877000	     29342	80005350	025d0233	mul	x4,x26,x5	 x26:0xffffffff  x5:0x00000001  x4=0xffffffff
      588897000	     29343	80005354	8d39	c.xor	x10,x14	 x10:0xffffff60 x14:0x0000027d x10=0xfffffd1d
      588997000	     29348	80005356	03437763	bgeu	x6,x20,80005384	  x6:0x800052b8 x20:0x00000000
      589957000	     29396	80005384	eed78d13	addi	x26,x15,-275	 x15:0x0000027d x26=0x0000016a
      590477000	     29422	80005388	c909	c.beqz	x10,8000539a	 x10:0xfffffd1d
      590497000	     29423	8000538a	0100	c.addi4spn	x8,x2,128	  x8=0x8001fee4
      590897000	     29443	8000538c	0b4d	c.addi	x22,19	 x22:0x243220c5 x22=0x243220d8
      591157000	     29456	8000538e	0ec15a17	auipc	x20,0xec15	 x20=0x8ec1a38e
      591177000	     29457	80005392	006e7a63	bgeu	x28,x6,800053a6	 x28:0x8baba000  x6:0x800052b8
      591677000	     29482	800053a6	0001	c.addi	x0,0	  x0:0x00000000  x0=0x00000000
      591757000	     29486	800053a8	34002673	csrrs	x12,mscratch,x0	  x0:0x00000000 x12=0x0000027d
      591777000	     29487	800053ac	01743633	sltu	x12,x8,x23	  x8:0x8001fee4 x23:0x00000000 x12=0x00000000
      591797000	     29488	800053b0	6c29	c.lui	x24,0xa	 x24=0x0000a000
      591817000	     29489	800053b2	0936	c.slli	x18,0xd	 x18:0x80023ce5 x18=0x479ca000
      591957000	     29496	800053b4	d4388513	addi	x10,x17,-701	 x17:0x8001fe6d x10=0x8001fbb0
      591977000	     29497	800053b8	02674963	blt	x14,x6,800053ea	 x14:0x0000027d  x6:0x800052b8
      592017000	     29499	800053bc	0f90	c.addi4spn	x12,x2,976	 x12=0x80020234
      592037000	     29500	800053be	009d8833	add	x16,x27,x9	 x27:0x0000027d  x9:0x00010000 x16=0x0001027d
      592057000	     29501	800053c2	03828033	mul	x0,x5,x24	  x5:0x00000001 x24:0x0000a000  x0=0x00000000
      592497000	     29523	800053c6	00041793	slli	x15,x8,0x0	  x8:0x8001fee4 x15=0x8001fee4
      592517000	     29524	800053ca	0001	c.addi	x0,0	  x0:0x00000000  x0=0x00000000
      592537000	     29525	800053cc	41e10c33	sub	x24,x2,x30	  x2:0x8001fe64 x30:0x8baba000 x24=0xf4565e64
      592977000	     29547	800053d0	02742433	mulhsu	x8,x8,x7	  x8:0x8001fee4  x7:0x00000000  x8=0x00000000
      592997000	     29548	800053d4	537d	c.li	x6,-1	  x6=0xffffffff
      593017000	     29549	800053d6	9332	c.add	x6,x12	  x6:0xffffffff x12:0x80020234  x6=0x80020233
      593397000	     29568	800053d8	34081a73	csrrw	x20,mscratch,x16	 x16:0x0001027d x20=0x0000027d
      593417000	     29569	800053dc	340ee773	csrrsi	x14,mscratch,29	 x14=0x0001027d
      593437000	     29570	800053e0	0001	c.addi	x0,0	  x0:0x00000000  x0=0x00000000
      593457000	     29571	800053e2	03fd4463	blt	x26,x31,8000540a	 x26:0x0000016a x31:0xffffffff
      593477000	     29572	800053e6	413a0eb3	sub	x29,x20,x19	 x20:0x0000027d x19:0x00000001 x29=0x0000027c
      593497000	     29573	800053ea	63214493	xori	x9,x2,1586	  x2:0x8001fe64  x9=0x8001f856
      593817000	     29589	800053ee	00620033	add	x0,x4,x6	  x4:0xffffffff  x6:0x80020233  x0=0x00000000
      593837000	     29590	800053f2	f127e313	ori	x6,x15,-238	 x15:0x8001fee4  x6=0xfffffff6
      593857000	     29591	800053f6	41d4d893	srai	x17,x9,0x1d	  x9:0x8001f856 x17=0xfffffffc
      593877000	     29592	800053fa	0001	c.addi	x0,0	  x0:0x00000000  x0=0x00000000
      594737000	     29635	800053fc	030cd433	divu	x8,x25,x16	 x25:0x00000001 x16:0x0001027d  x8=0x00000000
      594757000	     29636	80005400	031e8d63	beq	x29,x17,8000543a	 x29:0x0000027c x17:0xfffffffc
      594777000	     29637	80005404	a8fb2eb7	lui	x29,0xa8fb2	 x29=0xa8fb2000
      594797000	     29638	80005408	0d6d	c.addi	x26,27	 x26:0x0000016a x26=0x00000185
      594837000	     29640	8000540a	03189733	mulh	x14,x17,x17	 x17:0xfffffffc x17:0xfffffffc x14=0x00000000
      594857000	     29641	8000540e	1a88	c.addi4spn	x10,x2,368	 x10=0x8001ffd4
      594877000	     29642	80005410	8935	c.andi	x10,13	 x10:0x8001ffd4 x10=0x00000004
      594897000	     29643	80005412	01660663	beq	x12,x22,8000541e	 x12:0x80020234 x22:0x243220d8
      595097000	     29653	80005416	01361513	slli	x10,x12,0x13	 x12:0x80020234 x10=0x11a00000
      595117000	     29654	8000541a	0ff0000f	fence	iorw,iorw	
      595137000	     29655	8000541e	8149	c.srli	x10,0x12	 x10:0x11a00000 x10=0x00000468
      595277000	     29662	80005420	87f1	c.srai	x15,0x1c	 x15:0x8001fee4 x15=0xfffffff8
      595297000	     29663	80005422	c09d	c.beqz	x9,80005448	  x9:0x8001f856
      595317000	     29664	80005424	0a2d	c.addi	x20,11	 x20:0x0000027d x20=0x00000288
      595697000	     29683	80005426	005cc963	blt	x25,x5,80005438	 x25:0x00000001  x5:0x00000001
      596117000	     29704	8000542a	02017663	bgeu	x2,x0,80005456	  x2:0x8001fe64  x0:0x00000000
      596857000	     29741	80005456	0104a433	slt	x8,x9,x16	  x9:0x8001f856 x16:0x0001027d  x8=0x00000001
      596877000	     29742	8000545a	1c80	c.addi4spn	x8,x2,624	  x8=0x800200d4
      596897000	     29743	8000545c	00974c63	blt	x14,x9,80005474	 x14:0x00000000  x9:0x8001f856
      596917000	     29744	80005460	aee60e93	addi	x29,x12,-1298	 x12:0x80020234 x29=0x8001fd22
      597077000	     29752	80005464	3402de73	csrrwi	x28,mscratch,5	 x28=0x0001027d
      597097000	     29753	80005468	0195c4b3	xor	x9,x11,x25	 x11:0x8001fe64 x25:0x00000001  x9=0x8001fe65
      597117000	     29754	8000546c	34007273	csrrci	x4,mscratch,0	  x4=0x00000005
      597137000	     29755	80005470	012cca13	xori	x20,x25,18	 x25:0x00000001 x20=0x00000013
      597237000	     29760	80005474	0001	c.addi	x0,0	  x0:0x00000000  x0=0x00000000
      597257000	     29761	80005476	0000100f	fence.i	
      597717000	     29784	8000547a	00974863	blt	x14,x9,8000548a	 x14:0x00000000  x9:0x8001fe65
      597857000	     29791	8000547e	03c50033	mul	x0,x10,x28	 x10:0x00000468 x28:0x0001027d  x0=0x00000000
      597877000	     29792	80005482	9a36	c.add	x20,x13	 x20:0x00000013 x13:0x80023ce4 x20=0x80023cf7
      597897000	     29793	80005484	8015	c.srli	x8,0x5	  x8:0x800200d4  x8=0x04001006
      597917000	     29794	80005486	00b197b3	sll	x15,x3,x11	  x3:0x800052a2 x11:0x8001fe64 x15=0x00052a20
      598317000	     29814	8000548a	340adff3	csrrwi	x31,mscratch,21	 x31=0x00000005
      598377000	     29817	8000548e	40468db3	sub	x27,x13,x4	 x13:0x80023ce4  x4:0x00000005 x27=0x80023cdf
      598397000	     29818	80005492	00bddd13	srli	x26,x27,0xb	 x27:0x80023cdf x26=0x00100047
      598537000	     29825	80005496	03478db3	mul	x27,x15,x20	 x15:0x00052a20 x20:0x80023cf7 x27=0x8f1b24e0
      598577000	     29827	8000549a	02d897b3	mulh	x15,x17,x13	 x17:0xfffffffc x13:0x80023ce4 x15=0x00000001
      598677000	     29832	8000549e	1714f813	andi	x16,x9,369	  x9:0x8001fe65 x16=0x00000061
      598717000	     29834	800054a2	029f3433	mulhu	x8,x30,x9	 x30:0x8baba000  x9:0x8001fe65  x8=0x45d6e677
      598737000	     29835	800054a6	f4878e13	addi	x28,x15,-184	 x15:0x00000001 x28=0xffffff49
      598757000	     29836	800054aa	340069f3	csrrsi	x19,mscratch,0	 x19=0x00000015
      599157000	     29856	800054ae	2889f193	andi	x3,x19,648	 x19:0x00000015  x3=0x00000000
      599517000	     29874	800054b2	4149d833	sra	x16,x19,x20	 x19:0x00000015 x20:0x80023cf7 x16=0x00000000
      600617000	     29929	800054b6	0362e4b3	rem	x9,x5,x22	  x5:0x00000001 x22:0x243220d8  x9=0x00000001
      600637000	     29930	800054ba	01097c63	bgeu	x18,x16,800054d2	 x18:0x479ca000 x16:0x00000000
      600917000	     29944	800054d2	0001	c.addi	x0,0	  x0:0x00000000  x0=0x00000000
      601257000	     29961	800054d4	6105	c.addi16sp	x2,32	  x2:0x8001fe64  x2=0x8001fe84
      601277000	     29962	800054d6	8b79	c.andi	x14,30	 x14:0x00000000 x14=0x00000000
      601297000	     29963	800054d8	717d	c.addi16sp	x2,-16	  x2:0x8001fe84  x2=0x8001fe74
      601477000	     29972	800054da	41eadb33	sra	x22,x21,x30	 x21:0x00000004 x30:0x8baba000 x22=0x00000004
      601497000	     29973	800054de	8fc2	c.mv	x31,x16	  x0:0x00000000 x16:0x00000000 x31=0x00000000
      601537000	     29975	800054e0	0b69	c.addi	x22,26	 x22:0x00000004 x22=0x0000001e
      601737000	     29985	800054e2	022d2433	mulhsu	x8,x26,x2	 x26:0x00100047  x2:0x8001fe74  x8=0x00080043
      601757000	     29986	800054e6	0770d763	bge	x1,x23,80005554	  x1:0x800052bc x23:0x00000000
      601877000	     29992	800054ea	0057b033	sltu	x0,x15,x5	 x15:0x00000001  x5:0x00000001  x0=0x00000000
      602317000	     30014	800054ee	03401db3	mulh	x27,x0,x20	  x0:0x00000000 x20:0x80023cf7 x27=0x00000000
      602437000	     30020	800054f2	00e001ef	jal	x3,80005500	  x3=0x800054f6
      602537000	     30025	80005500	a019	c.j	80005506	
      602717000	     30034	80005506	bfc5	c.j	800054f6	
      603937000	     30095	800054f6	2819	c.jal	8000550c	  x1=0x800054f8
      603977000	     30097	8000550c	fedff0ef	jal	x1,800054f8	  x1=0x80005510
      604837000	     30140	800054f8	00a00bef	jal	x23,80005502	 x23=0x800054fc
      604897000	     30143	80005502	00e0036f	jal	x6,80005510	  x6=0x80005506
      604957000	     30146	80005510	bfe5	c.j	80005508	
      604997000	     30148	80005508	00a000ef	jal	x1,80005512	  x1=0x8000550c
      605057000	     30151	80005512	37ed	c.jal	800054fc	  x1=0x80005514
      605117000	     30154	800054fc	018000ef	jal	x1,80005514	  x1=0x80005500
      605177000	     30157	80005514	919e	c.add	x3,x7	  x3:0x800054f6  x7:0x00000000  x3=0x800054f6
      605837000	     30190	80005516	03b94c63	blt	x18,x27,8000554e	 x18:0x479ca000 x27:0x00000000
      606197000	     30208	8000551a	4125d433	sra	x8,x11,x18	 x11:0x8001fe64 x18:0x479ca000  x8=0x8001fe64
      606237000	     30210	8000551e	05bdd263	bge	x27,x27,80005562	 x27:0x00000000 x27:0x00000000
      606717000	     30234	80005562	717d	c.addi16sp	x2,-16	  x2:0x8001fe74  x2=0x8001fe64
      607137000	     30255	80005564	9a7d	c.andi	x12,-1	 x12:0x80020234 x12=0x80020234
      607157000	     30256	80005566	411608b3	sub	x17,x12,x17	 x12:0x80020234 x17:0xfffffffc x17=0x80020238
      607197000	     30258	8000556a	034bac33	mulhsu	x24,x23,x20	 x23:0x800054fc x20:0x80023cf7 x24=0xbfff0c03
      607597000	     30278	8000556e	4aa60e37	lui	x28,0x4aa60	 x28=0x4aa60000
      607617000	     30279	80005572	01ef6633	or	x12,x30,x30	 x30:0x8baba000 x30:0x8baba000 x12=0x8baba000
      607637000	     30280	80005576	b693fbb7	lui	x23,0xb693f	 x23=0xb693f000
      607677000	     30282	8000557a	027f1633	mulh	x12,x30,x7	 x30:0x8baba000  x7:0x00000000 x12=0x00000000
      607697000	     30283	8000557e	01fdcb63	blt	x27,x31,80005594	 x27:0x00000000 x31:0x00000000
      608097000	     30303	80005582	65d48313	addi	x6,x9,1629	  x9:0x00000001  x6=0x0000065e
      608117000	     30304	80005586	0000100f	fence.i	
      609117000	     30354	8000558a	02ea6363	bltu	x20,x14,800055b0	 x20:0x80023cf7 x14:0x00000000
      609137000	     30355	8000558e	0ff0000f	fence	iorw,iorw	
      609157000	     30356	80005592	8d59	c.or	x10,x14	 x10:0x00000468 x14:0x00000000 x10=0x00000468
      609317000	     30364	80005594	ea11	c.bnez	x12,800055a8	 x12:0x00000000
      609337000	     30365	80005596	717d	c.addi16sp	x2,-16	  x2:0x8001fe64  x2=0x8001fe54
      609377000	     30367	80005598	015a8a63	beq	x21,x21,800055ac	 x21:0x00000004 x21:0x00000004
      610077000	     30402	800055ac	340c2a73	csrrs	x20,mscratch,x24	 x24:0xbfff0c03 x20=0x00000015
      610097000	     30403	800055b0	01829a63	bne	x5,x24,800055c4	  x5:0x00000001 x24:0xbfff0c03
      610197000	     30408	800055c4	8baf8d13	addi	x26,x31,-1862	 x31:0x00000000 x26=0xfffff8ba
      610217000	     30409	800055c8	34006973	csrrsi	x18,mscratch,0	 x18=0xbfff0c17
      610237000	     30410	800055cc	02a88863	beq	x17,x10,800055fc	 x17:0x80020238 x10:0x00000468
      610277000	     30412	800055d0	775f0793	addi	x15,x30,1909	 x30:0x8baba000 x15=0x8baba775
      611357000	     30466	800055d4	035cffb3	remu	x31,x25,x21	 x25:0x00000001 x21:0x00000004 x31=0x00000001
      611377000	     30467	800055d8	0082c2b3	xor	x5,x5,x8	  x5:0x00000001  x8:0x8001fe64  x5=0x8001fe65
      611397000	     30468	800055dc	8ba9	c.andi	x15,10	 x15:0x8baba775 x15=0x00000000
      611417000	     30469	800055de	024c8db3	mul	x27,x25,x4	 x25:0x00000001  x4:0x00000005 x27=0x00000005
      611437000	     30470	800055e2	e1bc4313	xori	x6,x24,-485	 x24:0xbfff0c03  x6=0x4000f218
      611477000	     30472	800055e6	03d9bcb3	mulhu	x25,x19,x29	 x19:0x00000015 x29:0x8001fd22 x25=0x0000000a
      611497000	     30473	800055ea	012ea633	slt	x12,x29,x18	 x29:0x8001fd22 x18:0xbfff0c17 x12=0x00000001
      611937000	     30495	800055ee	340b6e73	csrrsi	x28,mscratch,22	 x28=0xbfff0c17
      611957000	     30496	800055f2	8801	c.andi	x8,0	  x8:0x8001fe64  x8=0x00000000
      611977000	     30497	800055f4	340de073	csrrsi	x0,mscratch,27	  x0=0x00000000
      612077000	     30502	800055f8	01fadd33	srl	x26,x21,x31	 x21:0x00000004 x31:0x00000001 x26=0x00000002
      612097000	     30503	800055fc	c509	c.beqz	x10,80005606	 x10:0x00000468
      612437000	     30520	800055fe	40c05b33	sra	x22,x0,x12	  x0:0x00000000 x12:0x00000001 x22=0x00000000
      612457000	     30521	80005602	01b48663	beq	x9,x27,8000560e	  x9:0x00000001 x27:0x00000005
      612477000	     30522	80005606	00b138b3	sltu	x17,x2,x11	  x2:0x8001fe54 x11:0x8001fe64 x17=0x00000001
      612497000	     30523	8000560a	0ff0000f	fence	iorw,iorw	
      612617000	     30529	8000560e	a9409337	lui	x6,0xa9409	  x6=0xa9409000
      612637000	     30530	80005612	717d	c.addi16sp	x2,-16	  x2:0x8001fe54  x2=0x8001fe44
      612717000	     30534	80005614	1c04	c.addi4spn	x9,x2,560	  x9=0x80020074
      612737000	     30535	80005616	9962	c.add	x18,x24	 x18:0xbfff0c17 x24:0xbfff0c03 x18=0x7ffe181a
      612757000	     30536	80005618	c74e6d93	ori	x27,x28,-908	 x28:0xbfff0c17 x27=0xfffffc77
      613157000	     30556	8000561c	34063ff3	csrrc	x31,mscratch,x12	 x12:0x00000001 x31=0xbfff0c1f
      613177000	     30557	80005620	0001	c.addi	x0,0	  x0:0x00000000  x0=0x00000000
      613197000	     30558	80005622	8fb5	c.xor	x15,x13	 x15:0x00000000 x13:0x80023ce4 x15=0x80023ce4
      613237000	     30560	80005624	0000100f	fence.i	
      614037000	     30600	80005628	41f4d813	srai	x16,x9,0x1f	  x9:0x80020074 x16=0xffffffff
      614057000	     30601	8000562c	2ad32a13	slti	x20,x6,685	  x6:0xa9409000 x20=0x00000001
      614137000	     30605	80005630	02437663	bgeu	x6,x4,8000565c	  x6:0xa9409000  x4:0x00000005
      615117000	     30654	8000565c	0000100f	fence.i	
      616097000	     30703	80005660	03e4e7b3	rem	x15,x9,x30	  x9:0x80020074 x30:0x8baba000 x15=0xf4566074
      616117000	     30704	80005664	014f9533	sll	x10,x31,x20	 x31:0xbfff0c1f x20:0x00000001 x10=0x7ffe183e
      616157000	     30706	80005668	03bf97b3	mulh	x15,x31,x27	 x31:0xbfff0c1f x27:0xfffffc77 x15=0x000000e2
      616177000	     30707	8000566c	0c08	c.addi4spn	x10,x2,528	 x10=0x80020054
      616197000	     30708	8000566e	f58def93	ori	x31,x27,-168	 x27:0xfffffc77 x31=0xffffff7f
      616217000	     30709	80005672	8f65	c.and	x14,x9	 x14:0x00000000  x9:0x80020074 x14=0x00000000
      616237000	     30710	80005674	01577bb3	and	x23,x14,x21	 x14:0x00000000 x21:0x00000004 x23=0x00000000
      616497000	     30723	80005678	34002df3	csrrs	x27,mscratch,x0	  x0:0x00000000 x27=0xbfff0c1e
      616697000	     30733	8000567c	1dcd6113	ori	x2,x26,476	 x26:0x00000002  x2=0x000001de
      617117000	     30754	80005680	00f89433	sll	x8,x17,x15	 x17:0x00000001 x15:0x000000e2  x8=0x00000004
      617137000	     30755	80005684	018d1a63	bne	x26,x24,80005698	 x26:0x00000002 x24:0xbfff0c03
      617957000	     30796	80005698	7c6b9937	lui	x18,0x7c6b9	 x18=0x7c6b9000
      618317000	     30814	8000569c	04025163	bge	x4,x0,800056de	  x4:0x00000005  x0:0x00000000
      618877000	     30842	800056de	34007873	csrrci	x16,mscratch,0	 x16=0xbfff0c1e
      618897000	     30843	800056e2	0191c863	blt	x3,x25,800056f2	  x3:0x800054f6 x25:0x0000000a
      619817000	     30889	800056f2	03de64b3	rem	x9,x28,x29	 x28:0xbfff0c17 x29:0x8001fd22  x9=0xbfff0c17
      619837000	     30890	800056f6	0055f863	bgeu	x11,x5,80005706	 x11:0x8001fe64  x5:0x8001fe65
      619857000	     30891	800056fa	c605	c.beqz	x12,80005722	 x12:0x00000001
      620597000	     30928	800056fc	023f4833	div	x16,x30,x3	 x30:0x8baba000  x3:0x800054f6 x16=0x00000000
      620617000	     30929	80005700	8ff1	c.and	x15,x12	 x15:0x000000e2 x12:0x00000001 x15=0x00000000
      620637000	     30930	80005702	01265db3	srl	x27,x12,x18	 x12:0x00000001 x18:0x7c6b9000 x27=0x00000001
      620657000	     30931	80005706	03688463	beq	x17,x22,8000572e	 x17:0x00000001 x22:0x00000000
      620677000	     30932	8000570a	4173da93	srai	x21,x7,0x17	  x7:0x00000000 x21=0x00000000
      620697000	     30933	8000570e	00646cb3	or	x25,x8,x6	  x8:0x00000004  x6:0xa9409000 x25=0xa9409004
      620717000	     30934	80005712	985e0713	addi	x14,x28,-1659	 x28:0xbfff0c17 x14=0xbfff059c
      621837000	     30990	80005716	02dbf333	remu	x6,x23,x13	 x23:0x00000000 x13:0x80023ce4  x6=0x00000000
      621857000	     30991	8000571a	0000100f	fence.i	
      622277000	     31012	8000571e	34002173	csrrs	x2,mscratch,x0	  x0:0x00000000  x2=0xbfff0c1e
      623017000	     31049	80005722	024c6bb3	rem	x23,x24,x4	 x24:0xbfff0c03  x4:0x00000005 x23=0x00000000
      623037000	     31050	80005726	a4dc62b7	lui	x5,0xa4dc6	  x5=0xa4dc6000
      623057000	     31051	8000572a	34006973	csrrsi	x18,mscratch,0	 x18=0xbfff0c1e
      623077000	     31052	8000572e	012fffb3	and	x31,x31,x18	 x31:0xffffff7f x18:0xbfff0c1e x31=0xbfff0c1e
      623117000	     31054	80005732	02d8ae33	mulhsu	x28,x17,x13	 x17:0x00000001 x13:0x80023ce4 x28=0x00000000
      623137000	     31055	80005736	0042ec33	or	x24,x5,x4	  x5:0xa4dc6000  x4:0x00000005 x24=0xa4dc6005
      623177000	     31057	8000573a	027dadb3	mulhsu	x27,x27,x7	 x27:0x00000001  x7:0x00000000 x27=0x00000000
      623537000	     31075	8000573e	02215e63	bge	x2,x2,8000577a	  x2:0xbfff0c1e  x2:0xbfff0c1e
      624377000	     31117	8000577a	017e3533	sltu	x10,x28,x23	 x28:0x00000000 x23:0x00000000 x10=0x00000000
      624397000	     31118	8000577e	01385963	bge	x16,x19,80005790	 x16:0x00000000 x19:0x00000015
      624417000	     31119	80005782	686f3d93	sltiu	x27,x30,1670	 x30:0x8baba000 x27=0x00000000
      624437000	     31120	80005786	6325	c.lui	x6,0x9	  x6=0x00009000
      624597000	     31128	80005788	0001	c.addi	x0,0	  x0:0x00000000  x0=0x00000000
      624617000	     31129	8000578a	049a	c.slli	x9,0x6	  x9:0xbfff0c17  x9=0xffc305c0
      624757000	     31136	8000578c	01491c13	slli	x24,x18,0x14	 x18:0xbfff0c1e x24=0xc1e00000
      624777000	     31137	80005790	2d566d13	ori	x26,x12,725	 x12:0x00000001 x26=0x000002d5
      624917000	     31144	80005794	01cdd513	srli	x10,x27,0x1c	 x27:0x00000000 x10=0x00000000
      624937000	     31145	80005798	034184b3	mul	x9,x3,x20	  x3:0x800054f6 x20:0x00000001  x9=0x800054f6
      625217000	     31159	8000579c	4139d813	srai	x16,x19,0x13	 x19:0x00000015 x16=0x00000000
      625237000	     31160	800057a0	2e69b793	sltiu	x15,x19,742	 x19:0x00000015 x15=0x00000001
      625657000	     31181	800057a4	413dde93	srai	x29,x27,0x13	 x27:0x00000000 x29=0x00000000
      626097000	     31203	800057a8	0372db33	divu	x22,x5,x23	  x5:0xa4dc6000 x23:0x00000000 x22=0xffffffff
      626497000	     31223	800057ac	8f69	c.and	x14,x10	 x14:0xbfff059c x10:0x00000000 x14=0x00000000
      626517000	     31224	800057ae	806d	c.srli	x8,0x1b	  x8:0x00000004  x8=0x00000000
      626597000	     31228	800057b0	037642b3	div	x5,x12,x23	 x12:0x00000001 x23:0x00000000  x5=0xffffffff
      626957000	     31246	800057b4	03f20733	mul	x14,x4,x31	  x4:0x00000005 x31:0xbfff0c1e x14=0xbffb3c96
      626977000	     31247	800057b8	8c9e	c.mv	x25,x7	  x0:0x00000000  x7:0x00000000 x25=0x00000000
      626997000	     31248	800057ba	6ce6e293	ori	x5,x13,1742	 x13:0x80023ce4  x5=0x80023eee
      627017000	     31249	800057be	9a7d	c.andi	x12,-1	 x12:0x00000001 x12=0x00000001
      627417000	     31269	800057c0	0001	c.addi	x0,0	  x0:0x00000000  x0=0x00000000
      627437000	     31270	800057c2	01a6a2b3	slt	x5,x13,x26	 x13:0x80023ce4 x26:0x000002d5  x5=0x00000001
      627457000	     31271	800057c6	8f71	c.and	x14,x12	 x14:0xbffb3c96 x12:0x00000001 x14=0x00000000
      627757000	     31286	800057c8	4301	c.li	x6,0	  x6=0x00000000
      627777000	     31287	800057ca	f14ac997	auipc	x19,0xf14ac	 x19=0x714b17ca
      627797000	     31288	800057ce	0001	c.addi	x0,0	  x0:0x00000000  x0=0x00000000
      627817000	     31289	800057d0	6ab8e913	ori	x18,x17,1707	 x17:0x00000001 x18=0x000006ab
      628017000	     31299	800057d4	0222bc33	mulhu	x24,x5,x2	  x5:0x00000001  x2:0xbfff0c1e x24=0x00000000
      628037000	     31300	800057d8	9ffc2313	slti	x6,x24,-1537	 x24:0x00000000  x6=0x00000000
      628057000	     31301	800057dc	5ecf2893	slti	x17,x30,1516	 x30:0x8baba000 x17=0x00000001
      628077000	     31302	800057e0	34006673	csrrsi	x12,mscratch,0	 x12=0xbfff0c1e
      628097000	     31303	800057e4	0000100f	fence.i	
      628537000	     31325	800057e8	61e5	c.lui	x3,0x19	  x3=0x00019000
      628557000	     31326	800057ea	9cc2	c.add	x25,x16	 x25:0x00000000 x16:0x00000000 x25=0x00000000
      628577000	     31327	800057ec	34002c73	csrrs	x24,mscratch,x0	  x0:0x00000000 x24=0xbfff0c1e
      628597000	     31328	800057f0	e3f44413	xori	x8,x8,-449	  x8:0x00000000  x8=0xfffffe3f
      628617000	     31329	800057f4	117d	c.addi	x2,-1	  x2:0xbfff0c1e  x2=0xbfff0c1d
      628637000	     31330	800057f6	0001	c.addi	x0,0	  x0:0x00000000  x0=0x00000000
      628837000	     31340	800057f8	8649	c.srai	x12,0x12	 x12:0xbfff0c1e x12=0xffffefff
      628857000	     31341	800057fa	8a55	c.andi	x12,21	 x12:0xffffefff x12=0x00000015
      628877000	     31342	800057fc	0001	c.addi	x0,0	  x0:0x00000000  x0=0x00000000
      628897000	     31343	800057fe	80c1	c.srli	x9,0x10	  x9:0x800054f6  x9=0x00008000
      628917000	     31344	80005800	37d44d13	xori	x26,x8,893	  x8:0xfffffe3f x26=0xfffffd42
      629297000	     31363	80005804	01068233	add	x4,x13,x16	 x13:0x80023ce4 x16:0x00000000  x4=0x80023ce4
      629417000	     31369	80005808	340d9cf3	csrrw	x25,mscratch,x27	 x27:0x00000000 x25=0xbfff0c1e
      629577000	     31377	8000580c	8e5d	c.or	x12,x15	 x12:0x00000015 x15:0x00000001 x12=0x00000015
      629737000	     31385	8000580e	00757bb3	and	x23,x10,x7	 x10:0x00000000  x7:0x00000000 x23=0x00000000
      629777000	     31387	80005812	02732833	mulhsu	x16,x6,x7	  x6:0x00000000  x7:0x00000000 x16=0x00000000
      629797000	     31388	80005816	eff94097	auipc	x1,0xeff94	  x1=0x6ff99816
      629817000	     31389	8000581a	8e45	c.or	x12,x9	 x12:0x00000015  x9:0x00008000 x12=0x00008015
      629877000	     31392	8000581c	340020f3	csrrs	x1,mscratch,x0	  x0:0x00000000  x1=0x00000000
      630197000	     31408	80005820	6105	c.addi16sp	x2,32	  x2:0xbfff0c1d  x2=0xbfff0c3d
      630377000	     31417	80005822	2be3e713	ori	x14,x7,702	  x7:0x00000000 x14=0x000002be
      631117000	     31454	80005826	02d0f9b3	remu	x19,x1,x13	  x1:0x00000000 x13:0x80023ce4 x19=0x00000000
      631137000	     31455	8000582a	03826563	bltu	x4,x24,80005854	  x4:0x80023ce4 x24:0xbfff0c1e
      631617000	     31479	80005854	0414fb13	andi	x22,x9,65	  x9:0x00008000 x22=0x00000000
      631637000	     31480	80005858	a8c62113	slti	x2,x12,-1396	 x12:0x00008015  x2=0x00000000
      631717000	     31484	8000585c	36aff313	andi	x6,x31,874	 x31:0xbfff0c1e  x6=0x0000000a
      631857000	     31491	80005860	34002cf3	csrrs	x25,mscratch,x0	  x0:0x00000000 x25=0x00000000
      632217000	     31509	80005864	007b7ab3	and	x21,x22,x7	 x22:0x00000000  x7:0x00000000 x21=0x00000000
      632257000	     31511	80005868	03336f33	rem	x30,x6,x19	  x6:0x0000000a x19:0x00000000 x30=0x0000000a
      632297000	     31513	8000586c	34056273	csrrsi	x4,mscratch,10	  x4=0x00000000
      632437000	     31520	80005870	0094e733	or	x14,x9,x9	  x9:0x00008000  x9:0x00008000 x14=0x00008000
      632457000	     31521	80005874	00714e63	blt	x2,x7,80005890	  x2:0x00000000  x7:0x00000000
      632557000	     31526	80005878	01704c63	blt	x0,x23,80005890	  x0:0x00000000 x23:0x00000000
      632577000	     31527	8000587c	a6494e37	lui	x28,0xa6494	 x28=0xa6494000
      632617000	     31529	80005880	02e727b3	mulhsu	x15,x14,x14	 x14:0x00008000 x14:0x00008000 x15=0x00000000
      633697000	     31583	80005884	03267fb3	remu	x31,x12,x18	 x12:0x00008015 x18:0x000006ab x31=0x00000164
      633717000	     31584	80005888	362d28b7	lui	x17,0x362d2	 x17=0x362d2000
      634457000	     31621	8000588c	0259d7b3	divu	x15,x19,x5	 x19:0x00000000  x5:0x00000001 x15=0x00000000
      634477000	     31622	80005890	00660a63	beq	x12,x6,800058a4	 x12:0x00008015  x6:0x0000000a
      634497000	     31623	80005894	01ab9663	bne	x23,x26,800058a0	 x23:0x00000000 x26:0xfffffd42
      634537000	     31625	800058a0	340dd073	csrrwi	x0,mscratch,27	  x0=0x00000000
      634557000	     31626	800058a4	010facb3	slt	x25,x31,x16	 x31:0x00000164 x16:0x00000000 x25=0x00000000
      634657000	     31631	800058a8	01417933	and	x18,x2,x20	  x2:0x00000000 x20:0x00000001 x18=0x00000000
      634717000	     31634	800058ac	c50d	c.beqz	x10,800058d6	 x10:0x00000000
      635237000	     31660	800058d6	02acf8b3	remu	x17,x25,x10	 x25:0x00000000 x10:0x00000000 x17=0x00000000
      635257000	     31661	800058da	0011cbb3	xor	x23,x3,x1	  x3:0x00019000  x1:0x00000000 x23=0x00019000
      635277000	     31662	800058de	0001	c.addi	x0,0	  x0:0x00000000  x0=0x00000000
      635297000	     31663	800058e0	597d	c.li	x18,-1	 x18=0xffffffff
      635317000	     31664	800058e2	0000100f	fence.i	
      635477000	     31672	800058e6	001e74b3	and	x9,x28,x1	 x28:0xa6494000  x1:0x00000000  x9=0x00000000
      635697000	     31683	800058ea	03291433	mulh	x8,x18,x18	 x18:0xffffffff x18:0xffffffff  x8=0x00000000
      635717000	     31684	800058ee	848d	c.srai	x9,0x3	  x9:0x00000000  x9=0x00000000
      635737000	     31685	800058f0	340d6a73	csrrsi	x20,mscratch,26	 x20=0x0000001b
      636117000	     31704	800058f4	1590	c.addi4spn	x12,x2,736	 x12=0x000002e0
      636137000	     31705	800058f6	9bc6	c.add	x23,x17	 x23:0x00019000 x17:0x00000000 x23=0x00019000
      636437000	     31720	800058f8	031d7563	bgeu	x26,x17,80005922	 x26:0xfffffd42 x17:0x00000000
      636957000	     31746	80005922	1518	c.addi4spn	x14,x2,672	 x14=0x000002a0
      636977000	     31747	80005924	d7746513	ori	x10,x8,-649	  x8:0x00000000 x10=0xfffffd77
      636997000	     31748	80005928	0025bb93	sltiu	x23,x11,2	 x11:0x8001fe64 x23=0x00000000
      637157000	     31756	8000592c	033e5463	bge	x28,x19,80005954	 x28:0xa6494000 x19:0x00000000
      637177000	     31757	80005930	e51bb413	sltiu	x8,x23,-431	 x23:0x00000000  x8=0x00000001
      637217000	     31759	80005934	0356e1b3	rem	x3,x13,x21	 x13:0x80023ce4 x21:0x00000000  x3=0x80023ce4
      639257000	     31861	80005938	8565	c.srai	x10,0x19	 x10:0xfffffd77 x10=0xffffffff
      639277000	     31862	8000593a	41e78233	sub	x4,x15,x30	 x15:0x00000000 x30:0x0000000a  x4=0xfffffff6
      639297000	     31863	8000593e	34002073	csrrs	x0,mscratch,x0	  x0:0x00000000  x0=0x00000000
      639317000	     31864	80005942	8c25	c.xor	x8,x9	  x8:0x00000001  x9:0x00000000  x8=0x00000001
      639337000	     31865	80005944	b1b3fd13	andi	x26,x7,-1253	  x7:0x00000000 x26=0x00000000
      639357000	     31866	80005948	00d85a13	srli	x20,x16,0xd	 x16:0x00000000 x20=0x00000000
      639377000	     31867	8000594c	5e1e6813	ori	x16,x28,1505	 x28:0xa6494000 x16=0xa64945e1
      639517000	     31874	80005950	00b460b3	or	x1,x8,x11	  x8:0x00000001 x11:0x8001fe64  x1=0x8001fe65
      639537000	     31875	80005954	41a85b13	srai	x22,x16,0x1a	 x16:0xa64945e1 x22=0xffffffe9
      639757000	     31886	80005958	04018263	beq	x3,x0,8000599c	  x3:0x80023ce4  x0:0x00000000
      639777000	     31887	8000595c	40c95bb3	sra	x23,x18,x12	 x18:0xffffffff x12:0x000002e0 x23=0xffffffff
      639797000	     31888	80005960	855d	c.srai	x10,0x17	 x10:0xffffffff x10=0xffffffff
      639817000	     31889	80005962	14fd	c.addi	x9,-1	  x9:0x00000000  x9=0xffffffff
      640217000	     31909	80005964	0000100f	fence.i	
      640397000	     31918	80005968	8eb6	c.mv	x29,x13	  x0:0x00000000 x13:0x80023ce4 x29=0x80023ce4
      640657000	     31931	8000596a	0235bf33	mulhu	x30,x11,x3	 x11:0x8001fe64  x3:0x80023ce4 x30=0x40021da8
      640677000	     31932	8000596e	30f8ec97	auipc	x25,0x30f8e	 x25=0xb0f9396e
      640937000	     31945	80005972	010bd2b3	srl	x5,x23,x16	 x23:0xffffffff x16:0xa64945e1  x5=0x7fffffff
      641257000	     31961	80005976	34007af3	csrrci	x21,mscratch,0	 x21=0x0000001b
      641277000	     31962	8000597a	34011073	csrrw	x0,mscratch,x2	  x2:0x00000000  x0=0x00000000
      641297000	     31963	8000597e	0001	c.addi	x0,0	  x0:0x00000000  x0=0x00000000
      641397000	     31968	80005980	00779c63	bne	x15,x7,80005998	 x15:0x00000000  x7:0x00000000
      641417000	     31969	80005984	00c5d363	bge	x11,x12,8000598a	 x11:0x8001fe64 x12:0x000002e0
      641437000	     31970	80005988	8065	c.srli	x8,0x19	  x8:0x00000001  x8=0x00000000
      641557000	     31976	8000598a	02f5b433	mulhu	x8,x11,x15	 x11:0x8001fe64 x15:0x00000000  x8=0x00000000
      641577000	     31977	8000598e	117d	c.addi	x2,-1	  x2:0x00000000  x2=0xffffffff
      642397000	     32018	80005990	022d6533	rem	x10,x26,x2	 x26:0x00000000  x2:0xffffffff x10=0x00000000
      642437000	     32020	80005994	03bdbfb3	mulhu	x31,x27,x27	 x27:0x00000000 x27:0x00000000 x31=0x00000000
      642457000	     32021	80005998	011ec8b3	xor	x17,x29,x17	 x29:0x80023ce4 x17:0x00000000 x17=0x80023ce4
      642477000	     32022	8000599c	02368db3	mul	x27,x13,x3	 x13:0x80023ce4  x3:0x80023ce4 x27=0x020bab10
      642497000	     32023	800059a0	ba1fa913	slti	x18,x31,-1119	 x31:0x00000000 x18=0x00000000
      642517000	     32024	800059a4	0030ec63	bltu	x1,x3,800059bc	  x1:0x8001fe65  x3:0x80023ce4
      642897000	     32043	800059bc	57834f13	xori	x30,x6,1400	  x6:0x0000000a x30=0x00000572
      642997000	     32048	800059c0	006cd113	srli	x2,x25,0x6	 x25:0xb0f9396e  x2=0x02c3e4e5
      643017000	     32049	800059c4	05e8d363	bge	x17,x30,80005a0a	 x17:0x80023ce4 x30:0x00000572
      643437000	     32070	800059c8	269b2c93	slti	x25,x22,617	 x22:0xffffffe9 x25=0x00000001
      643577000	     32077	800059cc	03a30a33	mul	x20,x6,x26	  x6:0x0000000a x26:0x00000000 x20=0x00000000
      643597000	     32078	800059d0	007bc033	xor	x0,x23,x7	 x23:0xffffffff  x7:0x00000000  x0=0x00000000
      644337000	     32115	800059d4	02d5e7b3	rem	x15,x11,x13	 x11:0x8001fe64 x13:0x80023ce4 x15=0xffffc180
      644357000	     32116	800059d8	015b9c93	slli	x25,x23,0x15	 x23:0xffffffff x25=0xffe00000
      644377000	     32117	800059dc	014cadb3	slt	x27,x25,x20	 x25:0xffe00000 x20:0x00000000 x27=0x00000001
      644397000	     32118	800059e0	00cf7863	bgeu	x30,x12,800059f0	 x30:0x00000572 x12:0x000002e0
      644657000	     32131	800059f0	8011	c.srli	x8,0x4	  x8:0x00000000  x8=0x00000000
      644937000	     32145	800059f2	6f1f0293	addi	x5,x30,1777	 x30:0x00000572  x5=0x00000c63
      645357000	     32166	800059f6	dae08213	addi	x4,x1,-594	  x1:0x8001fe65  x4=0x8001fc13
      645557000	     32176	800059fa	01d28ab3	add	x21,x5,x29	  x5:0x00000c63 x29:0x80023ce4 x21=0x80024947
      645597000	     32178	800059fe	011f5d93	srli	x27,x30,0x11	 x30:0x00000572 x27=0x00000000
      645617000	     32179	80005a02	ca09	c.beqz	x12,80005a14	 x12:0x000002e0
      645817000	     32189	80005a04	8f55	c.or	x14,x13	 x14:0x000002a0 x13:0x80023ce4 x14=0x80023ee4
      645837000	     32190	80005a06	0009ed63	bltu	x19,x0,80005a20	 x19:0x00000000  x0:0x00000000
      646037000	     32200	80005a0a	cffcbb97	auipc	x23,0xcffcb	 x23=0x4ffd0a0a
      646057000	     32201	80005a0e	8c79	c.and	x8,x14	  x8:0x00000000 x14:0x80023ee4  x8=0x00000000
      646377000	     32217	80005a10	00537963	bgeu	x6,x5,80005a22	  x6:0x0000000a  x5:0x00000c63
      646397000	     32218	80005a14	022ff963	bgeu	x31,x2,80005a46	 x31:0x00000000  x2:0x02c3e4e5
      646417000	     32219	80005a18	4016df93	srai	x31,x13,0x1	 x13:0x80023ce4 x31=0xc0011e72
      646437000	     32220	80005a1c	005efeb3	and	x29,x29,x5	 x29:0x80023ce4  x5:0x00000c63 x29=0x00000c60
      646457000	     32221	80005a20	8731	c.srai	x14,0xc	 x14:0x80023ee4 x14=0xfff80023
      646477000	     32222	80005a22	009fa1b3	slt	x3,x31,x9	 x31:0xc0011e72  x9:0xffffffff  x3=0x00000001
      646737000	     32235	80005a26	023b1db3	mulh	x27,x22,x3	 x22:0xffffffe9  x3:0x00000001 x27=0xffffffff
      646757000	     32236	80005a2a	015efe63	bgeu	x29,x21,80005a46	 x29:0x00000c60 x21:0x80024947
      646957000	     32246	80005a2e	0332a7b3	mulhsu	x15,x5,x19	  x5:0x00000c63 x19:0x00000000 x15=0x00000000
      646977000	     32247	80005a32	0001	c.addi	x0,0	  x0:0x00000000  x0=0x00000000
      646997000	     32248	80005a34	f722e513	ori	x10,x5,-142	  x5:0x00000c63 x10=0xffffff73
      647057000	     32251	80005a38	9b86	c.add	x23,x1	 x23:0x4ffd0a0a  x1:0x8001fe65 x23=0xcfff086f
      647077000	     32252	80005a3a	019648b3	xor	x17,x12,x25	 x12:0x000002e0 x25:0xffe00000 x17=0xffe002e0
      647097000	     32253	80005a3e	8a11	c.andi	x12,4	 x12:0x000002e0 x12=0x00000000
      647177000	     32257	80005a40	03dd3033	mulhu	x0,x26,x29	 x26:0x00000000 x29:0x00000c60  x0=0x00000000
      647317000	     32264	80005a44	0001	c.addi	x0,0	  x0:0x00000000  x0=0x00000000
      647377000	     32267	80005a46	48f22093	slti	x1,x4,1167	  x4:0x8001fc13  x1=0x00000001
      647737000	     32285	80005a4a	1ffd2313	slti	x6,x26,511	 x26:0x00000000  x6=0x00000001
      648157000	     32306	80005a4e	004e9793	slli	x15,x29,0x4	 x29:0x00000c60 x15=0x0000c600
      648177000	     32307	80005a52	0050edb3	or	x27,x1,x5	  x1:0x00000001  x5:0x00000c63 x27=0x00000c63
      648597000	     32328	80005a56	01a4da33	srl	x20,x9,x26	  x9:0xffffffff x26:0x00000000 x20=0xffffffff
      649337000	     32365	80005a5a	036840b3	div	x1,x16,x22	 x16:0xa64945e1 x22:0xffffffe9  x1=0x03e68da8
      649357000	     32366	80005a5e	019cdf13	srli	x30,x25,0x19	 x25:0xffe00000 x30=0x0000007f
      649377000	     32367	80005a62	0d553713	sltiu	x14,x10,213	 x10:0xffffff73 x14=0x00000000
      649397000	     32368	80005a66	0000100f	fence.i	
      649777000	     32387	80005a6a	8f36	c.mv	x30,x13	  x0:0x00000000 x13:0x80023ce4 x30=0x80023ce4
      650197000	     32408	80005a6c	0ff0000f	fence	iorw,iorw	
      650217000	     32409	80005a70	1104	c.addi4spn	x9,x2,160	  x9=0x02c3e585
      650237000	     32410	80005a72	35de8613	addi	x12,x29,861	 x29:0x00000c60 x12=0x00000fbd
      650657000	     32431	80005a76	4097d8b3	sra	x17,x15,x9	 x15:0x0000c600  x9:0x02c3e585 x17=0x00000630
      650697000	     32433	80005a7a	0234aa33	mulhsu	x20,x9,x3	  x9:0x02c3e585  x3:0x00000001 x20=0x00000000
      650717000	     32434	80005a7e	8e61	c.and	x12,x8	 x12:0x00000fbd  x8:0x00000000 x12=0x00000000
      651457000	     32471	80005a80	03e847b3	div	x15,x16,x30	 x16:0xa64945e1 x30:0x80023ce4 x15=0x00000000
      651477000	     32472	80005a84	80e1	c.srli	x9,0x18	  x9:0x02c3e585  x9=0x00000002
      651497000	     32473	80005a86	4089de33	sra	x28,x19,x8	 x19:0x00000000  x8:0x00000000 x28=0x00000000
      651517000	     32474	80005a8a	0001	c.addi	x0,0	  x0:0x00000000  x0=0x00000000
      651537000	     32475	80005a8c	dc818297	auipc	x5,0xdc818	  x5=0x5c81da8c
      651657000	     32481	80005a90	8f7e	c.mv	x30,x31	  x0:0x00000000 x31:0xc0011e72 x30=0xc0011e72
      651997000	     32498	80005a92	09078d13	addi	x26,x15,144	 x15:0x00000000 x26=0x00000090
      652017000	     32499	80005a96	0136d0b3	srl	x1,x13,x19	 x13:0x80023ce4 x19:0x00000000  x1=0x80023ce4
      652177000	     32507	80005a9a	a74c3613	sltiu	x12,x24,-1420	 x24:0xbfff0c1e x12=0x00000001
      652357000	     32516	80005a9e	024a5e63	bge	x20,x4,80005ada	 x20:0x00000000  x4:0x8001fc13
      652537000	     32525	80005ada	8f1d	c.sub	x14,x15	 x14:0x00000000 x15:0x00000000 x14=0x00000000
      652757000	     32536	80005adc	340879f3	csrrci	x19,mscratch,16	 x19=0x00000000
      653177000	     32557	80005ae0	8fa5	c.xor	x15,x9	 x15:0x00000000  x9:0x00000002 x15=0x00000002
      653197000	     32558	80005ae2	00d61b33	sll	x22,x12,x13	 x12:0x00000001 x13:0x80023ce4 x22=0x00000010
      653217000	     32559	80005ae6	0001	c.addi	x0,0	  x0:0x00000000  x0=0x00000000
      653317000	     32564	80005ae8	333c4f93	xori	x31,x24,819	 x24:0xbfff0c1e x31=0xbfff0f2d
      653397000	     32568	80005aec	00d61b93	slli	x23,x12,0xd	 x12:0x00000001 x23=0x00002000
      653417000	     32569	80005af0	02af80b3	mul	x1,x31,x10	 x31:0xbfff0f2d x10:0xffffff73  x1=0x4084a437
      653437000	     32570	80005af4	4111d013	srai	x0,x3,0x11	  x3:0x00000001  x0=0x00000000
      653857000	     32591	80005af8	0001	c.addi	x0,0	  x0:0x00000000  x0=0x00000000
      653897000	     32593	80005afa	03a2af33	mulhsu	x30,x5,x26	  x5:0x5c81da8c x26:0x00000090 x30=0x00000034
      653917000	     32594	80005afe	40c384b3	sub	x9,x7,x12	  x7:0x00000000 x12:0x00000001  x9=0xffffffff
      653937000	     32595	80005b02	3409bcf3	csrrc	x25,mscratch,x19	 x19:0x00000000 x25=0x00000000
      654057000	     32601	80005b06	5a35e293	ori	x5,x11,1443	 x11:0x8001fe64  x5=0x8001ffe7
      654417000	     32619	80005b0a	34099773	csrrw	x14,mscratch,x19	 x19:0x00000000 x14=0x00000000
      654437000	     32620	80005b0e	8e61	c.and	x12,x8	 x12:0x00000001  x8:0x00000000 x12=0x00000000
      654457000	     32621	80005b10	161c	c.addi4spn	x15,x2,800	 x15=0x02c3e805
      654497000	     32623	80005b12	03ec2333	mulhsu	x6,x24,x30	 x24:0xbfff0c1e x30:0x00000034  x6=0xfffffff2
      654517000	     32624	80005b16	142c0313	addi	x6,x24,322	 x24:0xbfff0c1e  x6=0xbfff0d60
      654537000	     32625	80005b1a	00c13fb3	sltu	x31,x2,x12	  x2:0x02c3e4e5 x12:0x00000000 x31=0x00000000
      654897000	     32643	80005b1e	01d11f13	slli	x30,x2,0x1d	  x2:0x02c3e4e5 x30=0xa0000000
      654937000	     32645	80005b22	03429933	mulh	x18,x5,x20	  x5:0x8001ffe7 x20:0x00000000 x18=0x00000000
      654957000	     32646	80005b26	ef152a13	slti	x20,x10,-271	 x10:0xffffff73 x20=0x00000000
      655217000	     32659	80005b2a	005078b3	and	x17,x0,x5	  x0:0x00000000  x5:0x8001ffe7 x17=0x00000000
      655237000	     32660	80005b2e	00355013	srli	x0,x10,0x3	 x10:0xffffff73  x0=0x00000000
      655257000	     32661	80005b32	40a1	c.li	x1,8	  x1=0x00000008
      655297000	     32663	80005b34	02de0763	beq	x28,x13,80005b62	 x28:0x00000000 x13:0x80023ce4
      655337000	     32665	80005b38	03f8dc33	divu	x24,x17,x31	 x17:0x00000000 x31:0x00000000 x24=0xffffffff
      655477000	     32672	80005b3c	8c39	c.xor	x8,x14	  x8:0x00000000 x14:0x00000000  x8=0x00000000
      655497000	     32673	80005b3e	01543a33	sltu	x20,x8,x21	  x8:0x00000000 x21:0x80024947 x20=0x00000001
      655517000	     32674	80005b42	07f1	c.addi	x15,28	 x15:0x02c3e805 x15=0x02c3e821
      655617000	     32679	80005b44	1ca2c913	xori	x18,x5,458	  x5:0x8001ffe7 x18=0x8001fe2d
      656017000	     32699	80005b48	41fe5893	srai	x17,x28,0x1f	 x28:0x00000000 x17=0x00000000
      656437000	     32720	80005b4c	024dcd63	blt	x27,x4,80005b86	 x27:0x00000c63  x4:0x8001fc13
      657177000	     32757	80005b50	030e70b3	remu	x1,x28,x16	 x28:0x00000000 x16:0xa64945e1  x1=0x00000000
      657197000	     32758	80005b54	f8b53c13	sltiu	x24,x10,-117	 x10:0xffffff73 x24=0x00000001
      657217000	     32759	80005b58	9f930137	lui	x2,0x9f930	  x2=0x9f930000
      657237000	     32760	80005b5c	8c51	c.or	x8,x12	  x8:0x00000000 x12:0x00000000  x8=0x00000000
      657257000	     32761	80005b5e	410d09b3	sub	x19,x26,x16	 x26:0x00000090 x16:0xa64945e1 x19=0x59b6baaf
      657277000	     32762	80005b62	340568f3	csrrsi	x17,mscratch,10	 x17=0x00000000
      657317000	     32764	80005b66	aa184513	xori	x10,x16,-1375	 x16:0xa64945e1 x10=0x59b6bf40
      657757000	     32786	80005b6a	021fecb3	rem	x25,x31,x1	 x31:0x00000000  x1:0x00000000 x25=0x00000000
      657777000	     32787	80005b6e	065a	c.slli	x12,0x16	 x12:0x00000000 x12=0x00000000
      658157000	     32806	80005b70	8421	c.srai	x8,0x8	  x8:0x00000000  x8=0x00000000
      658577000	     32827	80005b72	019a51b3	srl	x3,x20,x25	 x20:0x00000001 x25:0x00000000  x3=0x00000001
      658597000	     32828	80005b76	0143aab3	slt	x21,x7,x20	  x7:0x00000000 x20:0x00000001 x21=0x00000001
      658637000	     32830	80005b7a	01851b13	slli	x22,x10,0x18	 x10:0x59b6bf40 x22=0x40000000
      658657000	     32831	80005b7e	2e8dbb93	sltiu	x23,x27,744	 x27:0x00000c63 x23=0x00000000
      658677000	     32832	80005b82	0000100f	fence.i	
      659017000	     32849	80005b86	03b437b3	mulhu	x15,x8,x27	  x8:0x00000000 x27:0x00000c63 x15=0x00000000
      659057000	     32851	80005b8a	026c9e33	mulh	x28,x25,x6	 x25:0x00000000  x6:0xbfff0d60 x28=0x00000000
      659077000	     32852	80005b8e	c919	c.beqz	x10,80005ba4	 x10:0x59b6bf40
      659097000	     32853	80005b90	01687833	and	x16,x16,x22	 x16:0xa64945e1 x22:0x40000000 x16=0x00000000
      659137000	     32855	80005b94	03c53fb3	mulhu	x31,x10,x28	 x10:0x59b6bf40 x28:0x00000000 x31=0x00000000
      659157000	     32856	80005b98	0ff0000f	fence	iorw,iorw	
      659217000	     32859	80005b9c	00afd413	srli	x8,x31,0xa	 x31:0x00000000  x8=0x00000000
      659317000	     32864	80005ba0	0206d663	bge	x13,x0,80005bcc	 x13:0x80023ce4  x0:0x00000000
      659377000	     32867	80005ba4	0041ea63	bltu	x3,x4,80005bb8	  x3:0x00000001  x4:0x8001fc13
      660137000	     32905	80005bb8	026afc33	remu	x24,x21,x6	 x21:0x00000001  x6:0xbfff0d60 x24=0x00000001
      660157000	     32906	80005bbc	0c51	c.addi	x24,20	 x24:0x00000001 x24=0x00000015
      660177000	     32907	80005bbe	00224a63	blt	x4,x2,80005bd2	  x4:0x8001fc13  x2:0x9f930000
      660757000	     32936	80005bd2	6fd8c513	xori	x10,x17,1789	 x17:0x00000000 x10=0x000006fd
      660777000	     32937	80005bd6	cc95	c.beqz	x9,80005c12	  x9:0xffffffff
      660797000	     32938	80005bd8	0384	c.addi4spn	x9,x2,448	  x9=0x9f9301c0
      660837000	     32940	80005bda	00749733	sll	x14,x9,x7	  x9:0x9f9301c0  x7:0x00000000 x14=0x9f9301c0
      661257000	     32961	80005bde	0148ec63	bltu	x17,x20,80005bf6	 x17:0x00000000 x20:0x00000001
      661837000	     32990	80005bf6	0486c263	blt	x13,x8,80005c3a	 x13:0x80023ce4  x8:0x00000000
      662937000	     33045	80005c3a	0ff0000f	fence	iorw,iorw	
      662957000	     33046	80005c3e	0001	c.addi	x0,0	  x0:0x00000000  x0=0x00000000
      663137000	     33055	80005c40	8fbd	c.xor	x15,x15	 x15:0x00000000 x15:0x00000000 x15=0x00000000
      663177000	     33057	80005c42	0397c2b3	div	x5,x15,x25	 x15:0x00000000 x25:0x00000000  x5=0xffffffff
      663197000	     33058	80005c46	e809	c.bnez	x8,80005c58	  x8:0x00000000
      663237000	     33060	80005c48	02c252b3	divu	x5,x4,x12	  x4:0x8001fc13 x12:0x00000000  x5=0xffffffff
      663277000	     33062	80005c4c	030a99b3	mulh	x19,x21,x16	 x21:0x00000001 x16:0x00000000 x19=0x00000000
      663357000	     33066	80005c50	042e6b13	ori	x22,x28,66	 x28:0x00000000 x22=0x00000042
      663517000	     33074	80005c54	f842c093	xori	x1,x5,-124	  x5:0xffffffff  x1=0x0000007b
      663677000	     33082	80005c58	408cd8b3	sra	x17,x25,x8	 x25:0x00000000  x8:0x00000000 x17=0x00000000
      663857000	     33091	80005c5c	00308963	beq	x1,x3,80005c6e	  x1:0x0000007b  x3:0x00000001
      663877000	     33092	80005c60	00159a33	sll	x20,x11,x1	 x11:0x8001fe64  x1:0x0000007b x20=0x20000000
      664617000	     33129	80005c64	0291f033	remu	x0,x3,x9	  x3:0x00000001  x9:0x9f9301c0  x0=0x00000000
      664637000	     33130	80005c68	0ff0000f	fence	iorw,iorw	
      664657000	     33131	80005c6c	8442	c.mv	x8,x16	  x0:0x00000000 x16:0x00000000  x8=0x00000000
      664677000	     33132	80005c6e	069c	c.addi4spn	x15,x2,832	 x15=0x9f930340
      664697000	     33133	80005c70	0001	c.addi	x0,0	  x0:0x00000000  x0=0x00000000
      664717000	     33134	80005c72	05c10163	beq	x2,x28,80005cb4	  x2:0x9f930000 x28:0x00000000
      664737000	     33135	80005c76	8e39	c.xor	x12,x14	 x12:0x00000000 x14:0x9f9301c0 x12=0x9f9301c0
      664777000	     33137	80005c78	027267b3	rem	x15,x4,x7	  x4:0x8001fc13  x7:0x00000000 x15=0x8001fc13
      664797000	     33138	80005c7c	6089	c.lui	x1,0x2	  x1=0x00002000
      664837000	     33140	80005c7e	03c05b33	divu	x22,x0,x28	  x0:0x00000000 x28:0x00000000 x22=0xffffffff
      665037000	     33150	80005c82	3404ad73	csrrs	x26,mscratch,x9	  x9:0x9f9301c0 x26=0x0000000a
      674197000	     33608	80005c86	01ea2c33	slt	x24,x20,x30	 x20:0x20000000 x30:0xa0000000 x24=0x00000000
      674217000	     33609	80005c8a	0001	c.addi	x0,0	  x0:0x00000000  x0=0x00000000
      674957000	     33646	80005c8c	03e47cb3	remu	x25,x8,x30	  x8:0x00000000 x30:0xa0000000 x25=0x00000000
      674977000	     33647	80005c90	0363d263	bge	x7,x22,80005cb4	  x7:0x00000000 x22:0xffffffff
      675257000	     33661	80005cb4	012cfc63	bgeu	x25,x18,80005ccc	 x25:0x00000000 x18:0x8001fe2d
      675497000	     33673	80005cb8	832abd13	sltiu	x26,x21,-1998	 x21:0x00000001 x26=0x00000001
      675517000	     33674	80005cbc	34045ff3	csrrwi	x31,mscratch,8	 x31=0x9f9301ca
      676417000	     33719	80005cc0	02397ab3	remu	x21,x18,x3	 x18:0x8001fe2d  x3:0x00000001 x21=0x00000000
      676437000	     33720	80005cc4	01230463	beq	x6,x18,80005ccc	  x6:0xbfff0d60 x18:0x8001fe2d
      676457000	     33721	80005cc8	0631	c.addi	x12,12	 x12:0x9f9301c0 x12=0x9f9301cc
      676477000	     33722	80005cca	8c45	c.or	x8,x9	  x8:0x00000000  x9:0x9f9301c0  x8=0x9f9301c0
      676497000	     33723	80005ccc	93a27c37	lui	x24,0x93a27	 x24=0x93a27000
      676517000	     33724	80005cd0	6cf9	c.lui	x25,0x1e	 x25=0x0001e000
      676537000	     33725	80005cd2	8a39	c.andi	x12,14	 x12:0x9f9301cc x12=0x0000000c
      676557000	     33726	80005cd4	340d6773	csrrsi	x14,mscratch,26	 x14=0x00000008
      676597000	     33728	80005cd8	340a1273	csrrw	x4,mscratch,x20	 x20:0x20000000  x4=0x0000001a
      677037000	     33750	80005cdc	029bbfb3	mulhu	x31,x23,x9	 x23:0x00000000  x9:0x9f9301c0 x31=0x00000000
      677117000	     33754	80005ce0	34016a73	csrrsi	x20,mscratch,2	 x20=0x20000000
      677137000	     33755	80005ce4	00799463	bne	x19,x7,80005cec	 x19:0x00000000  x7:0x00000000
      677557000	     33776	80005ce8	02128133	mul	x2,x5,x1	  x5:0xffffffff  x1:0x00002000  x2=0xffffe000
      677577000	     33777	80005cec	0001	c.addi	x0,0	  x0:0x00000000  x0=0x00000000
      677737000	     33785	80005cee	00350563	beq	x10,x3,80005cf8	 x10:0x000006fd  x3:0x00000001
      677757000	     33786	80005cf2	87c5	c.srai	x15,0x11	 x15:0x8001fc13 x15=0xffffc000
      677837000	     33790	80005cf4	2265a813	slti	x16,x11,550	 x11:0x8001fe64 x16=0x00000001
      678057000	     33801	80005cf8	34002af3	csrrs	x21,mscratch,x0	  x0:0x00000000 x21=0x20000002
      678137000	     33805	80005cfc	3406aff3	csrrs	x31,mscratch,x13	 x13:0x80023ce4 x31=0x20000002
      678317000	     33814	80005d00	024334b3	mulhu	x9,x6,x4	  x6:0xbfff0d60  x4:0x0000001a  x9=0x00000013
      678377000	     33817	80005d04	018bf133	and	x2,x23,x24	 x23:0x00000000 x24:0x93a27000  x2=0x00000000
      678477000	     33822	80005d08	04624d13	xori	x26,x4,70	  x4:0x0000001a x26=0x0000005c
      678497000	     33823	80005d0c	340e57f3	csrrwi	x15,mscratch,28	 x15=0xa0023ce6
      678517000	     33824	80005d10	3401b0f3	csrrc	x1,mscratch,x3	  x3:0x00000001  x1=0x0000001c
      678897000	     33843	80005d14	01e96b63	bltu	x18,x30,80005d2a	 x18:0x8001fe2d x30:0xa0000000
      679557000	     33876	80005d2a	1596ce93	xori	x29,x13,345	 x13:0x80023ce4 x29=0x80023dbd
      679617000	     33879	80005d2e	340c5973	csrrwi	x18,mscratch,24	 x18=0x0000001c
      679637000	     33880	80005d32	8a51	c.andi	x12,20	 x12:0x0000000c x12=0x00000004
      679877000	     33892	80005d34	0388b933	mulhu	x18,x17,x24	 x17:0x00000000 x24:0x93a27000 x18=0x00000000
      679897000	     33893	80005d38	8e61	c.and	x12,x8	 x12:0x00000004  x8:0x9f9301c0 x12=0x00000000
      679937000	     33895	80005d3a	022c7033	remu	x0,x24,x2	 x24:0x93a27000  x2:0x00000000  x0=0x00000000
      680077000	     33902	80005d3e	012ea433	slt	x8,x29,x18	 x29:0x80023dbd x18:0x00000000  x8=0x00000001
      680097000	     33903	80005d42	40b6d113	srai	x2,x13,0xb	 x13:0x80023ce4  x2=0xfff00047
      680117000	     33904	80005d46	0177adb3	slt	x27,x15,x23	 x15:0xa0023ce6 x23:0x00000000 x27=0x00000001
      680137000	     33905	80005d4a	611d	c.addi16sp	x2,416	  x2:0xfff00047  x2=0xfff001e7
      680157000	     33906	80005d4c	a16b3d93	sltiu	x27,x22,-1514	 x22:0xffffffff x27=0x00000000
      680177000	     33907	80005d50	00933333	sltu	x6,x6,x9	  x6:0xbfff0d60  x9:0x00000013  x6=0x00000000
      680357000	     33916	80005d54	02782cb3	mulhsu	x25,x16,x7	 x16:0x00000001  x7:0x00000000 x25=0x00000000
      680377000	     33917	80005d58	997d	c.andi	x10,-1	 x10:0x000006fd x10=0x000006fd
      680397000	     33918	80005d5a	717d	c.addi16sp	x2,-16	  x2:0xfff001e7  x2=0xfff001d7
      680417000	     33919	80005d5c	8e2e	c.mv	x28,x11	  x0:0x00000000 x11:0x8001fe64 x28=0x8001fe64
      680857000	     33941	80005d5e	3405b973	csrrc	x18,mscratch,x11	 x11:0x8001fe64 x18=0x00000018
      681057000	     33951	80005d62	340438f3	csrrc	x17,mscratch,x8	  x8:0x00000001 x17=0x00000018
      681077000	     33952	80005d66	410458b3	sra	x17,x8,x16	  x8:0x00000001 x16:0x00000001 x17=0x00000000
      681117000	     33954	80005d6a	ac4c4717	auipc	x14,0xac4c4	 x14=0x2c4c9d6a
      681177000	     33957	80005d6e	4153d9b3	sra	x19,x7,x21	  x7:0x00000000 x21:0x20000002 x19=0x00000000
      681297000	     33963	80005d72	00859013	slli	x0,x11,0x8	 x11:0x8001fe64  x0=0x00000000
      681717000	     33984	80005d76	753d7193	andi	x3,x26,1875	 x26:0x0000005c  x3=0x00000050
      682137000	     34005	80005d7a	c3f3c893	xori	x17,x7,-961	  x7:0x00000000 x17=0xfffffc3f
      682557000	     34026	80005d7e	3407d8f3	csrrwi	x17,mscratch,15	 x17=0x00000018
      682657000	     34031	80005d82	004c2bb3	slt	x23,x24,x4	 x24:0x93a27000  x4:0x0000001a x23=0x00000001
      682677000	     34032	80005d86	02bef063	bgeu	x29,x11,80005da6	 x29:0x80023dbd x11:0x8001fe64
      683697000	     34083	80005da6	001b8a33	add	x20,x23,x1	 x23:0x00000001  x1:0x0000001c x20=0x0000001d
      683777000	     34087	80005daa	039ae133	rem	x2,x21,x25	 x21:0x20000002 x25:0x00000000  x2=0x20000002
      683797000	     34088	80005dae	0b00	c.addi4spn	x8,x2,400	  x8=0x20000192
      683817000	     34089	80005db0	34001ef3	csrrw	x29,mscratch,x0	  x0:0x00000000 x29=0x0000000f
      683837000	     34090	80005db4	00f43b33	sltu	x22,x8,x15	  x8:0x20000192 x15:0xa0023ce6 x22=0x00000001
      683897000	     34093	80005db8	0001	c.addi	x0,0	  x0:0x00000000  x0=0x00000000
      683917000	     34094	80005dba	034b5663	bge	x22,x20,80005de6	 x22:0x00000001 x20:0x0000001d
      684677000	     34132	80005dbe	03afe133	rem	x2,x31,x26	 x31:0x20000002 x26:0x0000005c  x2=0x00000026
      684697000	     34133	80005dc2	025581b3	mul	x3,x11,x5	 x11:0x8001fe64  x5:0xffffffff  x3=0x7ffe019c
      684717000	     34134	80005dc6	e705	c.bnez	x14,80005dee	 x14:0x2c4c9d6a
      685357000	     34166	80005dee	004d3233	sltu	x4,x26,x4	 x26:0x0000005c  x4:0x0000001a  x4=0x00000000
      685777000	     34187	80005df2	022001ef	jal	x3,80005e14	  x3=0x80005df6
      686417000	     34219	80005e14	ff7ff4ef	jal	x9,80005e0a	  x9=0x80005e18
      686757000	     34236	80005e0a	3ff5	c.jal	80005e06	  x1=0x80005e0c
      687097000	     34253	80005e06	fffff36f	jal	x6,80005e04	  x6=0x80005e0a
      687137000	     34255	80005e04	3fed	c.jal	80005dfe	  x1=0x80005e06
      687177000	     34257	80005dfe	a015	c.j	80005e22	
      687237000	     34260	80005e22	fdbff36f	jal	x6,80005dfc	  x6=0x80005e26
      687417000	     34269	80005dfc	a005	c.j	80005e1c	
      687477000	     34272	80005e1c	fdfff0ef	jal	x1,80005dfa	  x1=0x80005e20
      687517000	     34274	80005dfa	3ff5	c.jal	80005df6	  x1=0x80005dfc
      687557000	     34276	80005df6	a029	c.j	80005e00	
      687597000	     34278	80005e00	010000ef	jal	x1,80005e10	  x1=0x80005e04
      687637000	     34280	80005e10	fffff0ef	jal	x1,80005e0e	  x1=0x80005e14
      687717000	     34284	80005e0e	2809	c.jal	80005e20	  x1=0x80005e10
      687777000	     34287	80005e20	bfed	c.j	80005e1a	
      687837000	     34290	80005e1a	3ff9	c.jal	80005df8	  x1=0x80005e1c
      687897000	     34293	80005df8	a005	c.j	80005e18	
      687957000	     34296	80005e18	bfd5	c.j	80005e0c	
      687997000	     34298	80005e0c	a829	c.j	80005e26	
      688057000	     34301	80005e26	888d4413	xori	x8,x26,-1912	 x26:0x0000005c  x8=0xfffff8d4
      688077000	     34302	80005e2a	038d0063	beq	x26,x24,80005e4a	 x26:0x0000005c x24:0x93a27000
      688117000	     34304	80005e2e	337b4f93	xori	x31,x22,823	 x22:0x00000001 x31=0x00000336
      688137000	     34305	80005e32	03db0c63	beq	x22,x29,80005e6a	 x22:0x00000001 x29:0x0000000f
      688157000	     34306	80005e36	016f4633	xor	x12,x30,x22	 x30:0xa0000000 x22:0x00000001 x12=0xa0000001
      688177000	     34307	80005e3a	6451	c.lui	x8,0x14	  x8=0x00014000
      688577000	     34327	80005e3c	9bfd	c.andi	x15,-1	 x15:0xa0023ce6 x15=0xa0023ce6
      688597000	     34328	80005e3e	00465f33	srl	x30,x12,x4	 x12:0xa0000001  x4:0x00000000 x30=0xa0000001
      688697000	     34333	80005e42	340f5173	csrrwi	x2,mscratch,30	  x2=0x00000000
      688937000	     34345	80005e46	00b08ab3	add	x21,x1,x11	  x1:0x80005e1c x11:0x8001fe64 x21=0x00025c80
      688957000	     34346	80005e4a	0001	c.addi	x0,0	  x0:0x00000000  x0=0x00000000
      689057000	     34351	80005e4c	03e79163	bne	x15,x30,80005e6e	 x15:0xa0023ce6 x30:0xa0000001
      690657000	     34431	80005e6e	00ebfd33	and	x26,x23,x14	 x23:0x00000001 x14:0x2c4c9d6a x26=0x00000000
      690677000	     34432	80005e72	8c39	c.xor	x8,x14	  x8:0x00014000 x14:0x2c4c9d6a  x8=0x2c4ddd6a
      690857000	     34441	80005e74	117d	c.addi	x2,-1	  x2:0x00000000  x2=0xffffffff
      690877000	     34442	80005e76	8ff9	c.and	x15,x14	 x15:0xa0023ce6 x14:0x2c4c9d6a x15=0x20001c62
      690997000	     34448	80005e78	6306e793	ori	x15,x13,1584	 x13:0x80023ce4 x15=0x80023ef4
      691017000	     34449	80005e7c	8099	c.srli	x9,0x6	  x9:0x80005e18  x9=0x02000178
      691437000	     34470	80005e7e	67ca6313	ori	x6,x20,1660	 x20:0x0000001d  x6=0x0000067d
      691457000	     34471	80005e82	83fd	c.srli	x15,0x1f	 x15:0x80023ef4 x15=0x00000001
      691817000	     34489	80005e84	006a0113	addi	x2,x20,6	 x20:0x0000001d  x2=0x00000023
      692237000	     34510	80005e88	31182093	slti	x1,x16,785	 x16:0x00000001  x1=0x00000001
      692277000	     34512	80005e8c	03be6cb3	rem	x25,x28,x27	 x28:0x8001fe64 x27:0x00000000 x25=0x8001fe64
      692297000	     34513	80005e90	58fd	c.li	x17,-1	 x17=0xffffffff
      692317000	     34514	80005e92	8d274d93	xori	x27,x14,-1838	 x14:0x2c4c9d6a x27=0xd3b365b8
      692337000	     34515	80005e96	8015	c.srli	x8,0x5	  x8:0x2c4ddd6a  x8=0x01626eeb
      692417000	     34519	80005e98	01901f63	bne	x0,x25,80005eb6	  x0:0x00000000 x25:0x8001fe64
      693197000	     34558	80005eb6	01466633	or	x12,x12,x20	 x12:0xa0000001 x20:0x0000001d x12=0xa000001d
      693217000	     34559	80005eba	0d04	c.addi4spn	x9,x2,656	  x9=0x000002b3
      693357000	     34566	80005ebc	34082af3	csrrs	x21,mscratch,x16	 x16:0x00000001 x21=0x0000001e
      693777000	     34587	80005ec0	02790233	mul	x4,x18,x7	 x18:0x00000018  x7:0x00000000  x4=0x00000000
      693797000	     34588	80005ec4	4055d2b3	sra	x5,x11,x5	 x11:0x8001fe64  x5:0xffffffff  x5=0xffffffff
      693937000	     34595	80005ec8	01a21963	bne	x4,x26,80005eda	  x4:0x00000000 x26:0x00000000
      693957000	     34596	80005ecc	01e93e33	sltu	x28,x18,x30	 x18:0x00000018 x30:0xa0000001 x28=0x00000001
      694117000	     34604	80005ed0	014a4c63	blt	x20,x20,80005ee8	 x20:0x0000001d x20:0x0000001d
      694317000	     34614	80005ed4	94a6	c.add	x9,x9	  x9:0x000002b3  x9:0x000002b3  x9=0x00000566
      694477000	     34622	80005ed6	006ee333	or	x6,x29,x6	 x29:0x0000000f  x6:0x0000067d  x6=0x0000067f
      694497000	     34623	80005eda	039d8433	mul	x8,x27,x25	 x27:0xd3b365b8 x25:0x8001fe64  x8=0x16b84be0
      694517000	     34624	80005ede	011b5cb3	srl	x25,x22,x17	 x22:0x00000001 x17:0xffffffff x25=0x00000000
      694717000	     34634	80005ee2	bd2a3b13	sltiu	x22,x20,-1070	 x20:0x0000001d x22=0x00000001
      694737000	     34635	80005ee6	52fd	c.li	x5,-1	  x5=0xffffffff
      695137000	     34655	80005ee8	91da	c.add	x3,x22	  x3:0x80005df6 x22:0x00000001  x3=0x80005df7
      695157000	     34656	80005eea	017ebd33	sltu	x26,x29,x23	 x29:0x0000000f x23:0x00000001 x26=0x00000000
      695357000	     34666	80005eee	00271413	slli	x8,x14,0x2	 x14:0x2c4c9d6a  x8=0xb13275a8
      695377000	     34667	80005ef2	717d	c.addi16sp	x2,-16	  x2:0x00000023  x2=0x00000013
      695397000	     34668	80005ef4	ed95fc13	andi	x24,x11,-295	 x11:0x8001fe64 x24=0x8001fe40
      695477000	     34672	80005ef8	0207f263	bgeu	x15,x0,80005f1c	 x15:0x00000001  x0:0x00000000
      696417000	     34719	80005f1c	02be77b3	remu	x15,x28,x11	 x28:0x00000001 x11:0x8001fe64 x15=0x00000001
      696437000	     34720	80005f20	400e5313	srai	x6,x28,0x0	 x28:0x00000001  x6=0x00000001
      696557000	     34726	80005f24	053f0163	beq	x30,x19,80005f66	 x30:0xa0000001 x19:0x00000000
      696777000	     34737	80005f28	1c98	c.addi4spn	x14,x2,624	 x14=0x00000283
      696797000	     34738	80005f2a	9256	c.add	x4,x21	  x4:0x00000000 x21:0x0000001e  x4=0x0000001e
      696857000	     34741	80005f2c	eb91	c.bnez	x15,80005f40	 x15:0x00000001
      697297000	     34763	80005f40	01ea67b3	or	x15,x20,x30	 x20:0x0000001d x30:0xa0000001 x15=0xa000001d
      697317000	     34764	80005f44	340bb0f3	csrrc	x1,mscratch,x23	 x23:0x00000001  x1=0x0000001f
      697517000	     34774	80005f48	0163e9b3	or	x19,x7,x22	  x7:0x00000000 x22:0x00000001 x19=0x00000001
      697817000	     34789	80005f4c	8565	c.srai	x10,0x19	 x10:0x000006fd x10=0x00000000
      697917000	     34794	80005f4e	00885463	bge	x16,x8,80005f56	 x16:0x00000001  x8:0xb13275a8
      699357000	     34866	80005f56	0369deb3	divu	x29,x19,x22	 x19:0x00000001 x22:0x00000001 x29=0x00000001
      699377000	     34867	80005f5a	0090	c.addi4spn	x12,x2,64	 x12=0x00000053
      699397000	     34868	80005f5c	01c37193	andi	x3,x6,28	  x6:0x00000001  x3=0x00000000
      699417000	     34869	80005f60	50fd	c.li	x1,-1	  x1=0xffffffff
      699437000	     34870	80005f62	00e23433	sltu	x8,x4,x14	  x4:0x0000001e x14:0x00000283  x8=0x00000001
      699457000	     34871	80005f66	10fd	c.addi	x1,-1	  x1:0xffffffff  x1=0xfffffffe
      699497000	     34873	80005f68	027619b3	mulh	x19,x12,x7	 x12:0x00000053  x7:0x00000000 x19=0x00000000
      699517000	     34874	80005f6c	02325963	bge	x4,x3,80005f9e	  x4:0x0000001e  x3:0x00000000
      700717000	     34934	80005f9e	58fd	c.li	x17,-1	 x17=0xffffffff
      700937000	     34945	80005fa0	015a6763	bltu	x20,x21,80005fae	 x20:0x0000001d x21:0x0000001e
      701297000	     34963	80005fae	34002cf3	csrrs	x25,mscratch,x0	  x0:0x00000000 x25=0x0000001e
      701317000	     34964	80005fb2	8f05	c.sub	x14,x9	 x14:0x00000283  x9:0x00000566 x14=0xfffffd1d
      701377000	     34967	80005fb4	6141	c.addi16sp	x2,16	  x2:0x00000013  x2=0x00000023
      701397000	     34968	80005fb6	567d	c.li	x12,-1	 x12=0xffffffff
      701457000	     34971	80005fb8	0001	c.addi	x0,0	  x0:0x00000000  x0=0x00000000
      701477000	     34972	80005fba	65e93b93	sltiu	x23,x18,1630	 x18:0x00000018 x23=0x00000001
      701497000	     34973	80005fbe	8c79	c.and	x8,x14	  x8:0x00000001 x14:0xfffffd1d  x8=0x00000001
      701517000	     34974	80005fc0	8771	c.srai	x14,0x1c	 x14:0xfffffd1d x14=0xffffffff
      701817000	     34989	80005fc2	0ff0000f	fence	iorw,iorw	
      704017000	     35099	80005fc6	e43ee993	ori	x19,x29,-445	 x29:0x00000001 x19=0xfffffe43
      704037000	     35100	80005fca	8cf1	c.and	x9,x12	  x9:0x00000566 x12:0xffffffff  x9=0x00000566
      704057000	     35101	80005fcc	0001	c.addi	x0,0	  x0:0x00000000  x0=0x00000000
      704077000	     35102	80005fce	a5558893	addi	x17,x11,-1451	 x11:0x8001fe64 x17=0x8001f8b9
      704097000	     35103	80005fd2	1384	c.addi4spn	x9,x2,480	  x9=0x00000203
      704837000	     35140	80005fd4	03ccff33	remu	x30,x25,x28	 x25:0x0000001e x28:0x00000001 x30=0x00000000
      704857000	     35141	80005fd8	03c2cc63	blt	x5,x28,80006010	  x5:0xffffffff x28:0x00000001
      705277000	     35162	80006010	00191a33	sll	x20,x18,x1	 x18:0x00000018  x1:0xfffffffe x20=0x00000000
      705297000	     35163	80006014	00adedb3	or	x27,x27,x10	 x27:0xd3b365b8 x10:0x00000000 x27=0xd3b365b8
      705317000	     35164	80006018	1a513793	sltiu	x15,x2,421	  x2:0x00000023 x15=0x00000001
      705357000	     35166	8000601c	00cb32b3	sltu	x5,x22,x12	 x22:0x00000001 x12:0xffffffff  x5=0x00000001
      705777000	     35187	80006020	8fbd	c.xor	x15,x15	 x15:0x00000001 x15:0x00000001 x15=0x00000000
      706197000	     35208	80006022	d5c70193	addi	x3,x14,-676	 x14:0xffffffff  x3=0xfffffd5b
      706937000	     35245	80006026	02d8fdb3	remu	x27,x17,x13	 x17:0x8001f8b9 x13:0x80023ce4 x27=0x8001f8b9
      707677000	     35282	8000602a	0231ee33	rem	x28,x3,x3	  x3:0xfffffd5b  x3:0xfffffd5b x28=0x00000000
      707697000	     35283	8000602e	340037f3	csrrc	x15,mscratch,x0	  x0:0x00000000 x15=0x0000001e
      707717000	     35284	80006032	340cb9f3	csrrc	x19,mscratch,x25	 x25:0x0000001e x19=0x0000001e
      707737000	     35285	80006036	40eade93	srai	x29,x21,0xe	 x21:0x0000001e x29=0x00000000
      707757000	     35286	8000603a	86e7be13	sltiu	x28,x15,-1938	 x15:0x0000001e x28=0x00000001
      707777000	     35287	8000603e	538c0893	addi	x17,x24,1336	 x24:0x8001fe40 x17=0x80020378
      707797000	     35288	80006042	01e63933	sltu	x18,x12,x30	 x12:0xffffffff x30:0x00000000 x18=0x00000000
      707937000	     35295	80006046	340cef73	csrrsi	x30,mscratch,25	 x30=0x00000000
      707957000	     35296	8000604a	4479	c.li	x8,30	  x8=0x0000001e
      708357000	     35316	8000604c	01d651b3	srl	x3,x12,x29	 x12:0xffffffff x29:0x00000000  x3=0xffffffff
      708517000	     35324	80006050	60223a97	auipc	x21,0x60223	 x21=0xe0229050
      708537000	     35325	80006054	6159	c.addi16sp	x2,400	  x2:0x00000023  x2=0x000001b3
      708557000	     35326	80006056	0104e9b3	or	x19,x9,x16	  x9:0x00000203 x16:0x00000001 x19=0x00000203
      708597000	     35328	8000605a	024001ef	jal	x3,8000607e	  x3=0x8000605e
      709137000	     35355	8000607e	00c000ef	jal	x1,8000608a	  x1=0x80006082
      709637000	     35380	8000608a	b7cd	c.j	8000606c	
      709677000	     35382	8000606c	bfd5	c.j	80006060	
      709737000	     35385	80006060	030004ef	jal	x9,80006090	  x9=0x80006064
      710437000	     35420	80006090	3fcd	c.jal	80006082	  x1=0x80006092
      710517000	     35424	80006082	37cd	c.jal	80006064	  x1=0x80006084
      710577000	     35427	80006064	a801	c.j	80006074	
      711257000	     35461	80006074	bfd5	c.j	80006068	
      711297000	     35463	80006068	0200036f	jal	x6,80006088	  x6=0x8000606c
      711337000	     35465	80006088	bfd5	c.j	8000607c	
      711397000	     35468	8000607c	2809	c.jal	8000608e	  x1=0x8000607e
      711457000	     35471	8000608e	3fc1	c.jal	8000605e	  x1=0x80006090
      711517000	     35474	8000605e	2809	c.jal	80006070	  x1=0x80006060
      711997000	     35498	80006070	0280086f	jal	x16,80006098	 x16=0x80006074
      712037000	     35500	80006098	b7c5	c.j	80006078	
      712077000	     35502	80006078	a031	c.j	80006084	
      712117000	     35504	80006084	fe3ff16f	jal	x2,80006066	  x2=0x80006088
      712157000	     35506	80006066	281d	c.jal	8000609c	  x1=0x80006068
      712197000	     35508	8000609c	bfc9	c.j	8000606e	
      712237000	     35510	8000606e	2015	c.jal	80006092	  x1=0x80006070
      712277000	     35512	80006092	2021	c.jal	8000609a	  x1=0x80006094
      712317000	     35514	8000609a	3fcd	c.jal	8000608c	  x1=0x8000609c
      712357000	     35516	8000608c	b7ed	c.j	80006076	
      712397000	     35518	80006076	2011	c.jal	8000607a	  x1=0x80006078
      712437000	     35520	8000607a	2829	c.jal	80006094	  x1=0x8000607c
      712477000	     35522	80006094	00a000ef	jal	x1,8000609e	  x1=0x80006098
      712577000	     35527	8000609e	027ff8b3	remu	x17,x31,x7	 x31:0x00000336  x7:0x00000000 x17=0x00000336
      712597000	     35528	800060a2	0001	c.addi	x0,0	  x0:0x00000000  x0=0x00000000
      712617000	     35529	800060a4	717d	c.addi16sp	x2,-16	  x2:0x80006088  x2=0x80006078
      713077000	     35552	800060a6	7115cc17	auipc	x24,0x7115c	 x24=0xf11620a6
      713097000	     35553	800060aa	039e7863	bgeu	x28,x25,800060da	 x28:0x00000001 x25:0x0000001e
      714237000	     35610	800060ae	02b4c2b3	div	x5,x9,x11	  x9:0x80006064 x11:0x8001fe64  x5=0x00000001
      714257000	     35611	800060b2	0d7d	c.addi	x26,31	 x26:0x00000000 x26=0x0000001f
      714277000	     35612	800060b4	3400f1f3	csrrci	x3,mscratch,1	  x3=0x00000019
      714297000	     35613	800060b8	0ff0000f	fence	iorw,iorw	
      714317000	     35614	800060bc	00bc9733	sll	x14,x25,x11	 x25:0x0000001e x11:0x8001fe64 x14=0x000001e0
      714337000	     35615	800060c0	0000100f	fence.i	
      714877000	     35642	800060c4	4116d493	srai	x9,x13,0x11	 x13:0x80023ce4  x9=0xffffc001
      714917000	     35644	800060c8	039337b3	mulhu	x15,x6,x25	  x6:0x8000606c x25:0x0000001e x15=0x0000000f
      715057000	     35651	800060cc	c489	c.beqz	x9,800060d6	  x9:0xffffc001
      715137000	     35655	800060ce	34007973	csrrci	x18,mscratch,0	 x18=0x00000018
      715417000	     35669	800060d2	6492a093	slti	x1,x5,1609	  x5:0x00000001  x1=0x00000001
      715457000	     35671	800060d6	02f0a933	mulhsu	x18,x1,x15	  x1:0x00000001 x15:0x0000000f x18=0x00000000
      715637000	     35680	800060da	67074b97	auipc	x23,0x67074	 x23=0xe707a0da
      715977000	     35697	800060de	bd020793	addi	x15,x4,-1072	  x4:0x0000001e x15=0xfffffbee
      715997000	     35698	800060e2	8ced	c.and	x9,x11	  x9:0xffffc001 x11:0x8001fe64  x9=0x8001c000
      716017000	     35699	800060e4	e7a56137	lui	x2,0xe7a56	  x2=0xe7a56000
      716037000	     35700	800060e8	127d	c.addi	x4,-1	  x4:0x0000001e  x4=0x0000001d
      716057000	     35701	800060ea	340e6873	csrrsi	x16,mscratch,28	 x16=0x00000018
      716117000	     35704	800060ee	00022133	slt	x2,x4,x0	  x4:0x0000001d  x0:0x00000000  x2=0x00000000
      716357000	     35716	800060f2	00cede93	srli	x29,x29,0xc	 x29:0x00000000 x29=0x00000000
      716377000	     35717	800060f6	851d	c.srai	x10,0x7	 x10:0x00000000 x10=0x00000000
      716397000	     35718	800060f8	016001ef	jal	x3,8000610e	  x3=0x800060fc
      717097000	     35753	8000610e	010000ef	jal	x1,8000611e	  x1=0x80006112
      717937000	     35795	8000611e	bff9	c.j	800060fc	
      718517000	     35824	800060fc	0100036f	jal	x6,8000610c	  x6=0x80006100
      718857000	     35841	8000610c	a801	c.j	8000611c	
      719117000	     35854	8000611c	3fdd	c.jal	80006112	  x1=0x8000611e
      719257000	     35861	80006112	3fcd	c.jal	80006104	  x1=0x80006114
      720497000	     35923	80006104	ffdff26f	jal	x4,80006100	  x4=0x80006108
      721237000	     35960	80006100	0140026f	jal	x4,80006114	  x4=0x80006104
      721797000	     35988	80006114	00c000ef	jal	x1,80006120	  x1=0x80006118
      722657000	     36031	80006120	fe9ff36f	jal	x6,80006108	  x6=0x80006124
      722717000	     36034	80006108	012000ef	jal	x1,8000611a	  x1=0x8000610c
      722777000	     36037	8000611a	3ffd	c.jal	80006118	  x1=0x8000611c
      722837000	     36040	80006118	2031	c.jal	80006124	  x1=0x8000611a
      722897000	     36043	80006124	2009	c.jal	80006126	  x1=0x80006126
      722957000	     36046	80006126	1090	c.addi4spn	x12,x2,96	 x12=0x00000060
      723357000	     36066	80006128	340ebdf3	csrrc	x27,mscratch,x29	 x29:0x00000000 x27=0x0000001c
      724177000	     36107	8000612c	031fe2b3	rem	x5,x31,x17	 x31:0x00000336 x17:0x00000336  x5=0x00000000
      724217000	     36109	80006130	03649e33	mulh	x28,x9,x22	  x9:0x8001c000 x22:0x00000001 x28=0xffffffff
      724237000	     36110	80006134	419fd513	srai	x10,x31,0x19	 x31:0x00000336 x10=0x00000000
      724257000	     36111	80006138	8fcd	c.or	x15,x11	 x15:0xfffffbee x11:0x8001fe64 x15=0xffffffee
      724277000	     36112	8000613a	a325eb93	ori	x23,x11,-1486	 x11:0x8001fe64 x23=0xfffffe76
      724297000	     36113	8000613e	00a0b2b3	sltu	x5,x1,x10	  x1:0x80006126 x10:0x00000000  x5=0x00000000
      724317000	     36114	80006142	8a86	c.mv	x21,x1	  x0:0x00000000  x1:0x80006126 x21=0x80006126
      724337000	     36115	80006144	6c75	c.lui	x24,0x1d	 x24=0x0001d000
      724357000	     36116	80006146	98ee	c.add	x17,x27	 x17:0x00000336 x27:0x0000001c x17=0x00000352
      724377000	     36117	80006148	34086973	csrrsi	x18,mscratch,16	 x18=0x0000001c
      725117000	     36154	8000614c	03fb58b3	divu	x17,x22,x31	 x22:0x00000001 x31:0x00000336 x17=0x00000000
      725137000	     36155	80006150	7ad72d93	slti	x27,x14,1965	 x14:0x000001e0 x27=0x00000001
      725877000	     36192	80006154	02dff9b3	remu	x19,x31,x13	 x31:0x00000336 x13:0x80023ce4 x19=0x00000336
      725897000	     36193	80006158	02840733	mul	x14,x8,x8	  x8:0x0000001e  x8:0x0000001e x14=0x00000384
      725917000	     36194	8000615c	12c44e97	auipc	x29,0x12c44	 x29=0x92c4a15c
      725937000	     36195	80006160	8c41	c.or	x8,x8	  x8:0x0000001e  x8:0x0000001e  x8=0x0000001e
      725957000	     36196	80006162	003f1993	slli	x19,x30,0x3	 x30:0x00000000 x19=0x00000000
      726097000	     36203	80006166	01451c93	slli	x25,x10,0x14	 x10:0x00000000 x25=0x00000000
      726117000	     36204	8000616a	0ff0000f	fence	iorw,iorw	
      726137000	     36205	8000616e	be89a013	slti	x0,x19,-1048	 x19:0x00000000  x0=0x00000000
      726537000	     36225	80006172	01deecb3	or	x25,x29,x29	 x29:0x92c4a15c x29:0x92c4a15c x25=0x92c4a15c
      726957000	     36246	80006176	07a889b7	lui	x19,0x7a88	 x19=0x07a88000
      727157000	     36256	8000617a	340cdd73	csrrwi	x26,mscratch,25	 x26=0x0000001c
      727177000	     36257	8000617e	8fa9	c.xor	x15,x10	 x15:0xffffffee x10:0x00000000 x15=0xffffffee
      727197000	     36258	80006180	b0b4a813	slti	x16,x9,-1269	  x9:0x8001c000 x16=0x00000001
      727217000	     36259	80006184	8cdd	c.or	x9,x15	  x9:0x8001c000 x15:0xffffffee  x9=0xffffffee
      727237000	     36260	80006186	717d	c.addi16sp	x2,-16	  x2:0x00000000  x2=0xfffffff0
      727297000	     36263	80006188	00589813	slli	x16,x17,0x5	 x17:0x00000000 x16=0x00000000
      727557000	     36276	8000618c	41a90db3	sub	x27,x18,x26	 x18:0x0000001c x26:0x0000001c x27=0x00000000
      727837000	     36290	80006190	6c2d	c.lui	x24,0xb	 x24=0x0000b000
      727857000	     36291	80006192	8d79	c.and	x10,x14	 x10:0x00000000 x14:0x00000384 x10=0x00000000
      728257000	     36311	80006194	0043d493	srli	x9,x7,0x4	  x7:0x00000000  x9=0x00000000
      728277000	     36312	80006198	bad4fa17	auipc	x20,0xbad4f	 x20=0x3ad55198
      728297000	     36313	8000619c	64b9	c.lui	x9,0xe	  x9=0x0000e000
      728477000	     36322	8000619e	34069973	csrrw	x18,mscratch,x13	 x13:0x80023ce4 x18=0x00000019
      728517000	     36324	800061a2	02c12ab3	mulhsu	x21,x2,x12	  x2:0xfffffff0 x12:0x00000060 x21=0xffffffff
      728537000	     36325	800061a6	340070f3	csrrci	x1,mscratch,0	  x1=0x80023ce4
      728617000	     36329	800061aa	34061c73	csrrw	x24,mscratch,x12	 x12:0x00000060 x24=0x80023ce4
      728637000	     36330	800061ae	34003e73	csrrc	x28,mscratch,x0	  x0:0x00000000 x28=0x00000060
      729017000	     36349	800061b2	02368433	mul	x8,x13,x3	 x13:0x80023ce4  x3:0x800060fc  x8=0xd9097070
      729057000	     36351	800061b6	034231b3	mulhu	x3,x4,x20	  x4:0x80006104 x20:0x3ad55198  x3=0x1d6abf17
      729077000	     36352	800061ba	00825d63	bge	x4,x8,800061d4	  x4:0x80006104  x8:0xd9097070
      729217000	     36359	800061be	41130733	sub	x14,x6,x17	  x6:0x80006124 x17:0x00000000 x14=0x80006124
      729237000	     36360	800061c2	34096bf3	csrrsi	x23,mscratch,18	 x23=0x00000060
      729277000	     36362	800061c6	02b6f963	bgeu	x13,x11,800061f8	 x13:0x80023ce4 x11:0x8001fe64
      729877000	     36392	800061f8	0d1c	c.addi4spn	x15,x2,656	 x15=0x00000280
      729897000	     36393	800061fa	af487513	andi	x10,x16,-1292	 x16:0x00000000 x10=0x00000000
      729917000	     36394	800061fe	8415	c.srai	x8,0x5	  x8:0xd9097070  x8=0xfec84b83
      729937000	     36395	80006200	819ccd93	xori	x27,x25,-2023	 x25:0x92c4a15c x27=0x6d3b5945
      729957000	     36396	80006204	059d9163	bne	x27,x25,80006246	 x27:0x6d3b5945 x25:0x92c4a15c
      730397000	     36418	80006246	615d	c.addi16sp	x2,432	  x2:0xfffffff0  x2=0x000001a0
      731417000	     36469	80006248	0366c333	div	x6,x13,x22	 x13:0x80023ce4 x22:0x00000001  x6=0x80023ce4
      731437000	     36470	8000624c	03351f63	bne	x10,x19,8000628a	 x10:0x00000000 x19:0x07a88000
      731937000	     36495	8000628a	03c1da63	bge	x3,x28,800062be	  x3:0x1d6abf17 x28:0x00000060
      733017000	     36549	800062be	0001	c.addi	x0,0	  x0:0x00000000  x0=0x00000000
      733057000	     36551	800062c0	00bc5463	bge	x24,x11,800062c8	 x24:0x80023ce4 x11:0x8001fe64
      765097000	     38153	800062c8	34095473	csrrwi	x8,mscratch,18	  x8=0x00000072
      765137000	     38155	800062cc	02209db3	mulh	x27,x1,x2	  x1:0x80023ce4  x2:0x000001a0 x27=0xffffff30
      765157000	     38156	800062d0	00e087b3	add	x15,x1,x14	  x1:0x80023ce4 x14:0x80006124 x15=0x00029e08
      765177000	     38157	800062d4	418c5533	sra	x10,x24,x24	 x24:0x80023ce4 x24:0x80023ce4 x10=0xf80023ce
      765197000	     38158	800062d8	410300b3	sub	x1,x6,x16	  x6:0x80023ce4 x16:0x00000000  x1=0x80023ce4
      765217000	     38159	800062dc	04b81163	bne	x16,x11,8000631e	 x16:0x00000000 x11:0x8001fe64
      766197000	     38208	8000631e	0001	c.addi	x0,0	  x0:0x00000000  x0=0x00000000
      766677000	     38232	80006320	00491d93	slli	x27,x18,0x4	 x18:0x00000019 x27=0x00000190
      766697000	     38233	80006324	0001	c.addi	x0,0	  x0:0x00000000  x0=0x00000000
      766717000	     38234	80006326	8c95	c.sub	x9,x13	  x9:0x0000e000 x13:0x80023ce4  x9=0x7ffea31c
      766737000	     38235	80006328	02616a63	bltu	x2,x6,8000635c	  x2:0x000001a0  x6:0x80023ce4
      767077000	     38252	8000635c	340a7173	csrrci	x2,mscratch,20	  x2=0x00000012
      767697000	     38283	80006360	da2b4037	lui	x0,0xda2b4	  x0=0x00000000
      767717000	     38284	80006364	00607333	and	x6,x0,x6	  x0:0x00000000  x6:0x80023ce4  x6=0x00000000
      767737000	     38285	80006368	98c2	c.add	x17,x16	 x17:0x00000000 x16:0x00000000 x17=0x00000000
      767757000	     38286	8000636a	417404b3	sub	x9,x8,x23	  x8:0x00000072 x23:0x00000060  x9=0x00000012
      767897000	     38293	8000636e	0114f663	bgeu	x9,x17,8000637a	  x9:0x00000012 x17:0x00000000
      768817000	     38339	8000637a	9c92	c.add	x25,x4	 x25:0x92c4a15c  x4:0x80006104 x25=0x12c50260
      768917000	     38344	8000637c	030b9533	mulh	x10,x23,x16	 x23:0x00000060 x16:0x00000000 x10=0x00000000
      768937000	     38345	80006380	0984	c.addi4spn	x9,x2,208	  x9=0x000000e2
      768957000	     38346	80006382	90e6	c.add	x1,x25	  x1:0x80023ce4 x25:0x12c50260  x1=0x92c73f44
      768977000	     38347	80006384	8ccd	c.or	x9,x11	  x9:0x000000e2 x11:0x8001fe64  x9=0x8001fee6
      768997000	     38348	80006386	c8c20f37	lui	x30,0xc8c20	 x30=0xc8c20000
      769017000	     38349	8000638a	0001	c.addi	x0,0	  x0:0x00000000  x0=0x00000000
      769037000	     38350	8000638c	01683d33	sltu	x26,x16,x22	 x16:0x00000000 x22:0x00000001 x26=0x00000001
      769237000	     38360	80006390	008a5e63	bge	x20,x8,800063ac	 x20:0x3ad55198  x8:0x00000072
      769817000	     38389	800063ac	037ca533	mulhsu	x10,x25,x23	 x25:0x12c50260 x23:0x00000060 x10=0x00000007
      770297000	     38413	800063b0	34075873	csrrwi	x16,mscratch,14	 x16=0x00000002
      770317000	     38414	800063b4	019242b3	xor	x5,x4,x25	  x4:0x80006104 x25:0x12c50260  x5=0x92c56364
      770397000	     38418	800063b8	0000100f	fence.i	
      770817000	     38439	800063bc	d6ceb193	sltiu	x3,x29,-660	 x29:0x92c4a15c  x3=0x00000001
      770837000	     38440	800063c0	e809	c.bnez	x8,800063d2	  x8:0x00000072
      771117000	     38454	800063d2	0001	c.addi	x0,0	  x0:0x00000000  x0=0x00000000
      771197000	     38458	800063d4	0ff0000f	fence	iorw,iorw	
      771217000	     38459	800063d8	07847213	andi	x4,x8,120	  x8:0x00000072  x4=0x00000070
      771237000	     38460	800063dc	a3e351b7	lui	x3,0xa3e35	  x3=0xa3e35000
      771657000	     38481	800063e0	34002c73	csrrs	x24,mscratch,x0	  x0:0x00000000 x24=0x0000000e
      771677000	     38482	800063e4	8d15	c.sub	x10,x13	 x10:0x00000007 x13:0x80023ce4 x10=0x7ffdc323
      771697000	     38483	800063e6	e889	c.bnez	x9,800063f8	  x9:0x8001fee6
      772157000	     38506	800063f8	6119	c.addi16sp	x2,384	  x2:0x00000012  x2=0x00000192
      772177000	     38507	800063fa	88e5	c.andi	x9,25	  x9:0x8001fee6  x9=0x00000000
      772277000	     38512	800063fc	8079	c.srli	x8,0x1e	  x8:0x00000072  x8=0x00000000
      772417000	     38519	800063fe	001c1463	bne	x24,x1,80006406	 x24:0x0000000e  x1:0x92c73f44
      773017000	     38549	80006406	8fc9	c.or	x15,x10	 x15:0x00029e08 x10:0x7ffdc323 x15=0x7fffdf2b
      773037000	     38550	80006408	0122f633	and	x12,x5,x18	  x5:0x92c56364 x18:0x00000019 x12=0x00000000
      773157000	     38556	8000640c	59f89717	auipc	x14,0x59f89	 x14=0xd9f8f40c
      773317000	     38564	80006410	40655613	srai	x12,x10,0x6	 x10:0x7ffdc323 x12=0x01fff70c
      773337000	     38565	80006414	0000100f	fence.i	
      773557000	     38576	80006418	0001	c.addi	x0,0	  x0:0x00000000  x0=0x00000000
      773577000	     38577	8000641a	0b95	c.addi	x23,5	 x23:0x00000060 x23=0x00000065
      773597000	     38578	8000641c	002b5d13	srli	x26,x22,0x2	 x22:0x00000001 x26=0x00000000
      773777000	     38587	80006420	1f46a217	auipc	x4,0x1f46a	  x4=0x9f470420
      773817000	     38589	80006424	027ff633	remu	x12,x31,x7	 x31:0x00000336  x7:0x00000000 x12=0x00000336
      773937000	     38595	80006428	6cb9	c.lui	x25,0xe	 x25=0x0000e000
      773957000	     38596	8000642a	8665	c.srai	x12,0x19	 x12:0x00000336 x12=0x00000000
      774697000	     38633	8000642c	0333c0b3	div	x1,x7,x19	  x7:0x00000000 x19:0x07a88000  x1=0x00000000
      774717000	     38634	80006430	00bb67b3	or	x15,x22,x11	 x22:0x00000001 x11:0x8001fe64 x15=0x8001fe65
      774737000	     38635	80006434	0f06	c.slli	x30,0x1	 x30:0xc8c20000 x30=0x91840000
      774757000	     38636	80006436	732e2d13	slti	x26,x28,1842	 x28:0x00000060 x26=0x00000001
      774957000	     38646	8000643a	7321bc13	sltiu	x24,x3,1842	  x3:0xa3e35000 x24=0x00000000
      774977000	     38647	8000643e	944a	c.add	x8,x18	  x8:0x00000000 x18:0x00000019  x8=0x00000019
      774997000	     38648	80006440	012e31b3	sltu	x3,x28,x18	 x28:0x00000060 x18:0x00000019  x3=0x00000000
      775017000	     38649	80006444	15886d93	ori	x27,x16,344	 x16:0x00000002 x27=0x0000015a
      775037000	     38650	80006448	71b58037	lui	x0,0x71b58	  x0=0x00000000
      775177000	     38657	8000644c	044e	c.slli	x8,0x13	  x8:0x00000019  x8=0x00c80000
      775217000	     38659	8000644e	08725817	auipc	x16,0x8725	 x16=0x8872b44e
      775237000	     38660	80006452	01a2	c.slli	x3,0x8	  x3:0x00000000  x3=0x00000000
      775257000	     38661	80006454	0001	c.addi	x0,0	  x0:0x00000000  x0=0x00000000
      775657000	     38681	80006456	007d5293	srli	x5,x26,0x7	 x26:0x00000001  x5=0x00000000
      775777000	     38687	8000645a	121ab193	sltiu	x3,x21,289	 x21:0xffffffff  x3=0x00000000
      775797000	     38688	8000645e	3cc33c93	sltiu	x25,x6,972	  x6:0x00000000 x25=0x00000001
      775817000	     38689	80006462	1490	c.addi4spn	x12,x2,608	 x12=0x000003f2
      775857000	     38691	80006464	02515fb3	divu	x31,x2,x5	  x2:0x00000192  x5:0x00000000 x31=0xffffffff
      776597000	     38728	80006468	0349da33	divu	x20,x19,x20	 x19:0x07a88000 x20:0x3ad55198 x20=0x00000000
      776617000	     38729	8000646c	02738bb3	mul	x23,x7,x7	  x7:0x00000000  x7:0x00000000 x23=0x00000000
      776637000	     38730	80006470	01c43eb3	sltu	x29,x8,x28	  x8:0x00c80000 x28:0x00000060 x29=0x00000000
      776657000	     38731	80006474	00ca48b3	xor	x17,x20,x12	 x20:0x00000000 x12:0x000003f2 x17=0x000003f2
      776697000	     38733	80006478	02037c33	remu	x24,x6,x0	  x6:0x00000000  x0:0x00000000 x24=0x00000000
      776717000	     38734	8000647c	03384b13	xori	x22,x16,51	 x16:0x8872b44e x22=0x8872b47d
      776977000	     38747	80006480	002bc8b3	xor	x17,x23,x2	 x23:0x00000000  x2:0x00000192 x17=0x00000192
      777057000	     38751	80006484	411a5f33	sra	x30,x20,x17	 x20:0x00000000 x17:0x00000192 x30=0x00000000
      777477000	     38772	80006488	fdfa0f93	addi	x31,x20,-33	 x20:0x00000000 x31=0xffffffdf
      777657000	     38781	8000648c	0126bfb3	sltu	x31,x13,x18	 x13:0x80023ce4 x18:0x00000019 x31=0x00000000
      777717000	     38784	80006490	0000100f	fence.i	
      778337000	     38815	80006494	004da2b3	slt	x5,x27,x4	 x27:0x0000015a  x4:0x9f470420  x5=0x00000000
      778737000	     38835	80006498	41738f33	sub	x30,x7,x23	  x7:0x00000000 x23:0x00000000 x30=0x00000000
      778897000	     38843	8000649c	02d69563	bne	x13,x13,800064c6	 x13:0x80023ce4 x13:0x80023ce4
      779317000	     38864	800064a0	8b75	c.andi	x14,29	 x14:0xd9f8f40c x14=0x0000000c
      779337000	     38865	800064a2	007b97b3	sll	x15,x23,x7	 x23:0x00000000  x7:0x00000000 x15=0x00000000
      779357000	     38866	800064a6	8d45	c.or	x10,x9	 x10:0x7ffdc323  x9:0x00000000 x10=0x7ffdc323
      779457000	     38871	800064a8	8f06	c.mv	x30,x1	  x0:0x00000000  x1:0x00000000 x30=0x00000000
      779497000	     38873	800064aa	022c2cb3	mulhsu	x25,x24,x2	 x24:0x00000000  x2:0x00000192 x25=0x00000000
      779557000	     38876	800064ae	01882133	slt	x2,x16,x24	 x16:0x8872b44e x24:0x00000000  x2=0x00000001
      779597000	     38878	800064b2	0083ca63	blt	x7,x8,800064c6	  x7:0x00000000  x8:0x00c80000
      780257000	     38911	800064c6	7128f293	andi	x5,x17,1810	 x17:0x00000192  x5=0x00000112
      780297000	     38913	800064ca	03213733	mulhu	x14,x2,x18	  x2:0x00000001 x18:0x00000019 x14=0x00000000
      780317000	     38914	800064ce	34006473	csrrsi	x8,mscratch,0	  x8=0x0000000e
      780337000	     38915	800064d2	4c25	c.li	x24,9	 x24=0x00000009
      780497000	     38923	800064d4	0000100f	fence.i	
      781137000	     38955	800064d8	656cb897	auipc	x17,0x656cb	 x17=0xe56d14d8
      781157000	     38956	800064dc	8f75	c.and	x14,x13	 x14:0x00000000 x13:0x80023ce4 x14=0x00000000
      781277000	     38962	800064de	ccf76997	auipc	x19,0xccf76	 x19=0x4cf7c4de
      781297000	     38963	800064e2	340411f3	csrrw	x3,mscratch,x8	  x8:0x0000000e  x3=0x0000000e
      781317000	     38964	800064e6	8c65	c.and	x8,x9	  x8:0x0000000e  x9:0x00000000  x8=0x00000000
      781337000	     38965	800064e8	40ee5a13	srai	x20,x28,0xe	 x28:0x00000060 x20=0x00000000
      781397000	     38968	800064ec	0376e433	rem	x8,x13,x23	 x13:0x80023ce4 x23:0x00000000  x8=0x80023ce4
      781797000	     38988	800064f0	0000100f	fence.i	
      782457000	     39021	800064f4	4027d213	srai	x4,x15,0x2	 x15:0x00000000  x4=0x00000000
      782497000	     39023	800064f8	035497b3	mulh	x15,x9,x21	  x9:0x00000000 x21:0xffffffff x15=0x00000000
      782517000	     39024	800064fc	40985cb3	sra	x25,x16,x9	 x16:0x8872b44e  x9:0x00000000 x25=0x8872b44e
      782537000	     39025	80006500	0148db63	bge	x17,x20,80006516	 x17:0xe56d14d8 x20:0x00000000
      782877000	     39042	80006504	34092d73	csrrs	x26,mscratch,x18	 x18:0x00000019 x26=0x0000000e
      782957000	     39046	80006508	340e6c73	csrrsi	x24,mscratch,28	 x24=0x0000001f
      782977000	     39047	8000650c	e79d	c.bnez	x15,8000653a	 x15:0x00000000
      783037000	     39050	8000650e	04308263	beq	x1,x3,80006552	  x1:0x00000000  x3:0x0000000e
      783077000	     39052	80006512	0ff0000f	fence	iorw,iorw	
      783257000	     39061	80006516	02612133	mulhsu	x2,x2,x6	  x2:0x00000001  x6:0x00000000  x2=0x00000000
      783277000	     39062	8000651a	6c49	c.lui	x24,0x12	 x24=0x00012000
      783377000	     39067	8000651c	01361033	sll	x0,x12,x19	 x12:0x000003f2 x19:0x4cf7c4de  x0=0x00000000
      783637000	     39080	80006520	0267acb3	mulhsu	x25,x15,x6	 x15:0x00000000  x6:0x00000000 x25=0x00000000
      783657000	     39081	80006524	8e9dcf93	xori	x31,x27,-1815	 x27:0x0000015a x31=0xfffff9b3
      783717000	     39084	80006528	058c1363	bne	x24,x24,8000656e	 x24:0x00012000 x24:0x00012000
      783897000	     39093	8000652c	02aa91b3	mulh	x3,x21,x10	 x21:0xffffffff x10:0x7ffdc323  x3=0xffffffff
      783917000	     39094	80006530	0f84	c.addi4spn	x9,x2,976	  x9=0x000003d0
      784037000	     39100	80006532	b494ad13	slti	x26,x9,-1207	  x9:0x000003d0 x26=0x00000000
      784057000	     39101	80006536	016c1963	bne	x24,x22,80006548	 x24:0x00012000 x22:0x8872b47d
      784537000	     39125	80006548	048dd263	bge	x27,x8,8000658c	 x27:0x0000015a  x8:0x80023ce4
      785217000	     39159	8000658c	0068d463	bge	x17,x6,80006594	 x17:0xe56d14d8  x6:0x00000000
      785377000	     39167	80006590	41f7d313	srai	x6,x15,0x1f	 x15:0x00000000  x6=0x00000000
      785657000	     39181	80006594	01db5b33	srl	x22,x22,x29	 x22:0x8872b47d x29:0x00000000 x22=0x8872b47d
      785737000	     39185	80006598	011c1493	slli	x9,x24,0x11	 x24:0x00012000  x9=0x40000000
      786037000	     39200	8000659c	83d5	c.srli	x15,0x15	 x15:0x00000000 x15=0x00000000
      786057000	     39201	8000659e	4add	c.li	x21,23	 x21=0x00000017
      786217000	     39209	800065a0	000d9313	slli	x6,x27,0x0	 x27:0x0000015a  x6=0x0000015a
      786237000	     39210	800065a4	557d	c.li	x10,-1	 x10=0xffffffff
      786297000	     39213	800065a6	db3aeb13	ori	x22,x21,-589	 x21:0x00000017 x22=0xfffffdb7
      786317000	     39214	800065aa	8751	c.srai	x14,0x14	 x14:0x00000000 x14=0x00000000
      786337000	     39215	800065ac	06d8fc63	bgeu	x17,x13,80006624	 x17:0xe56d14d8 x13:0x80023ce4
      787517000	     39274	80006624	c1ac9617	auipc	x12,0xc1ac9	 x12=0x41acf624
      787537000	     39275	80006628	41c25833	sra	x16,x4,x28	  x4:0x00000000 x28:0x00000060 x16=0x00000000
      787597000	     39278	8000662c	0ff0000f	fence	iorw,iorw	
      787637000	     39280	80006630	8ce5	c.and	x9,x9	  x9:0x40000000  x9:0x40000000  x9=0x40000000
      787657000	     39281	80006632	039c	c.addi4spn	x15,x2,448	 x15=0x000001c0
      788397000	     39318	80006634	03654a33	div	x20,x10,x22	 x10:0xffffffff x22:0xfffffdb7 x20=0x00000000
      788417000	     39319	80006638	019a39b3	sltu	x19,x20,x25	 x20:0x00000000 x25:0x00000000 x19=0x00000000
      788437000	     39320	8000663c	01df6633	or	x12,x30,x29	 x30:0x00000000 x29:0x00000000 x12=0x00000000
      788457000	     39321	80006640	001e58b3	srl	x17,x28,x1	 x28:0x00000060  x1:0x00000000 x17=0x00000060
      788477000	     39322	80006644	41118433	sub	x8,x3,x17	  x3:0xffffffff x17:0x00000060  x8=0xffffff9f
      788497000	     39323	80006648	03129263	bne	x5,x17,8000666c	  x5:0x00000112 x17:0x00000060
      788657000	     39331	8000666c	1e00	c.addi4spn	x8,x2,816	  x8=0x00000330
      788857000	     39341	8000666e	e08b8013	addi	x0,x23,-504	 x23:0x00000000  x0=0x00000000
      788877000	     39342	80006672	8f3d	c.xor	x14,x15	 x14:0x00000000 x15:0x000001c0 x14=0x000001c0
      788897000	     39343	80006674	01c001ef	jal	x3,80006690	  x3=0x80006678
      789577000	     39377	80006690	016000ef	jal	x1,800066a6	  x1=0x80006694
      790457000	     39421	800066a6	014000ef	jal	x1,800066ba	  x1=0x800066aa
      791017000	     39449	800066ba	ffbff36f	jal	x6,800066b4	  x6=0x800066be
      791057000	     39451	800066b4	3fc1	c.jal	80006684	  x1=0x800066b6
      791117000	     39454	80006684	3fd5	c.jal	80006678	  x1=0x80006686
      791177000	     39457	80006678	2809	c.jal	8000668a	  x1=0x8000667a
      791817000	     39489	8000668a	a829	c.j	800066a4	
      791857000	     39491	800066a4	37ed	c.jal	8000668e	  x1=0x800066a6
      791897000	     39493	8000668e	bfe5	c.j	80006686	
      791957000	     39496	80006686	ff7ff0ef	jal	x1,8000667c	  x1=0x8000668a
      792017000	     39499	8000667c	2009	c.jal	8000667e	  x1=0x8000667e
      792137000	     39505	8000667e	004000ef	jal	x1,80006682	  x1=0x80006682
      792197000	     39508	80006682	2805	c.jal	800066b2	  x1=0x80006684
      792257000	     39511	800066b2	3fed	c.jal	800066ac	  x1=0x800066b4
      792317000	     39514	800066ac	fefff0ef	jal	x1,8000669a	  x1=0x800066b0
      792377000	     39517	8000669a	3ff5	c.jal	80006696	  x1=0x8000669c
      792437000	     39520	80006696	01a007ef	jal	x15,800066b0	 x15=0x8000669a
      792477000	     39522	800066b0	37f5	c.jal	8000669c	  x1=0x800066b2
      792517000	     39524	8000669c	2009	c.jal	8000669e	  x1=0x8000669e
      792577000	     39527	8000669e	004000ef	jal	x1,800066a2	  x1=0x800066a2
      792617000	     39529	800066a2	a021	c.j	800066aa	
      792657000	     39531	800066aa	b7cd	c.j	8000668c	
      792697000	     39533	8000668c	a02d	c.j	800066b6	
      792757000	     39536	800066b6	fc5ff0ef	jal	x1,8000667a	  x1=0x800066ba
      792797000	     39538	8000667a	a829	c.j	80006694	
      792837000	     39540	80006694	202d	c.jal	800066be	  x1=0x80006696
      792877000	     39542	800066be	717d	c.addi16sp	x2,-16	  x2:0x00000000  x2=0xfffffff0
      793657000	     39581	800066c0	0216ec33	rem	x24,x13,x1	 x13:0x80023ce4  x1:0x80006696 x24=0x80023ce4
      793677000	     39582	800066c4	9626	c.add	x12,x9	 x12:0x00000000  x9:0x40000000 x12=0x40000000
      793697000	     39583	800066c6	340ed8f3	csrrwi	x17,mscratch,29	 x17=0x0000001f
      793717000	     39584	800066ca	4769	c.li	x14,26	 x14=0x0000001a
      793737000	     39585	800066cc	847a	c.mv	x8,x30	  x0:0x00000000 x30:0x00000000  x8=0x00000000
      793757000	     39586	800066ce	4f79	c.li	x30,30	 x30=0x0000001e
      793777000	     39587	800066d0	ca09	c.beqz	x12,800066e2	 x12:0x40000000
      793817000	     39589	800066d2	021fbcb3	mulhu	x25,x31,x1	 x31:0xfffff9b3  x1:0x80006696 x25=0x8000636f
      793837000	     39590	800066d6	41fddf13	srai	x30,x27,0x1f	 x27:0x0000015a x30=0x00000000
      793977000	     39597	800066da	019a4fb3	xor	x31,x20,x25	 x20:0x00000000 x25:0x8000636f x31=0x8000636f
      794077000	     39602	800066de	248e6a13	ori	x20,x28,584	 x28:0x00000060 x20=0x00000268
      795857000	     39691	800066e2	662ebb37	lui	x22,0x662eb	 x22=0x662eb000
      795877000	     39692	800066e6	cf01	c.beqz	x14,800066fe	 x14:0x0000001a
      795897000	     39693	800066e8	34003173	csrrc	x2,mscratch,x0	  x0:0x00000000  x2=0x0000001d
      795917000	     39694	800066ec	7c007313	andi	x6,x0,1984	  x0:0x00000000  x6=0x00000000
      795937000	     39695	800066f0	ccc02a97	auipc	x21,0xccc02	 x21=0x4cc086f0
      795957000	     39696	800066f4	02047563	bgeu	x8,x0,8000671e	  x8:0x00000000  x0:0x00000000
      796717000	     39734	8000671e	0198c963	blt	x17,x25,80006730	 x17:0x0000001f x25:0x8000636f
      797057000	     39751	80006722	00b65ab3	srl	x21,x12,x11	 x12:0x40000000 x11:0x8001fe64 x21=0x04000000
      797477000	     39772	80006726	014c9763	bne	x25,x20,80006734	 x25:0x8000636f x20:0x00000268
      798397000	     39818	80006734	00e4ae33	slt	x28,x9,x14	  x9:0x40000000 x14:0x0000001a x28=0x00000000
      798577000	     39827	80006738	340a5af3	csrrwi	x21,mscratch,20	 x21=0x0000001d
      798637000	     39830	8000673c	00f15a63	bge	x2,x15,80006750	  x2:0x0000001d x15:0x8000669a
      798997000	     39848	80006750	9d16	c.add	x26,x5	 x26:0x00000000  x5:0x00000112 x26=0x00000112
      799097000	     39853	80006752	897aaf37	lui	x30,0x897aa	 x30=0x897aa000
      799117000	     39854	80006756	19d88993	addi	x19,x17,413	 x17:0x0000001f x19=0x000001bc
      799137000	     39855	8000675a	0018e463	bltu	x17,x1,80006762	 x17:0x0000001f  x1:0x80006696
      799337000	     39865	80006762	0001	c.addi	x0,0	  x0:0x00000000  x0=0x00000000
      799357000	     39866	80006764	05880263	beq	x16,x24,800067a8	 x16:0x00000000 x24:0x80023ce4
      799377000	     39867	80006768	34039ff3	csrrw	x31,mscratch,x7	  x7:0x00000000 x31=0x00000014
      799397000	     39868	8000676c	011be763	bltu	x23,x17,8000677a	 x23:0x00000000 x17:0x0000001f
      799877000	     39892	8000677a	0001	c.addi	x0,0	  x0:0x00000000  x0=0x00000000
      800037000	     39900	8000677c	63a0ba93	sltiu	x21,x1,1594	  x1:0x80006696 x21=0x00000000
      800457000	     39921	80006780	34085c73	csrrwi	x24,mscratch,16	 x24=0x00000000
      800477000	     39922	80006784	04241063	bne	x8,x2,800067c4	  x8:0x00000000  x2:0x0000001d
      801397000	     39968	800067c4	00ecacb3	slt	x25,x25,x14	 x25:0x8000636f x14:0x0000001a x25=0x00000001
      801577000	     39977	800067c8	97fe	c.add	x15,x31	 x15:0x8000669a x31:0x00000014 x15=0x800066ae
      801797000	     39988	800067ca	000aea63	bltu	x21,x0,800067de	 x21:0x00000000  x0:0x00000000
      801817000	     39989	800067ce	8859	c.andi	x8,22	  x8:0x00000000  x8=0x00000000
      802017000	     39999	800067d0	02bd4863	blt	x26,x11,80006800	 x26:0x00000112 x11:0x8001fe64
      802057000	     40001	800067d4	0349	c.addi	x6,18	  x6:0x00000000  x6=0x00000012
      802797000	     40038	800067d6	02cbfab3	remu	x21,x23,x12	 x23:0x00000000 x12:0x40000000 x21=0x00000000
      802817000	     40039	800067da	43644b13	xori	x22,x8,1078	  x8:0x00000000 x22=0x00000436
      802837000	     40040	800067de	340d3f73	csrrc	x30,mscratch,x26	 x26:0x00000112 x30=0x00000010
      802857000	     40041	800067e2	01db0563	beq	x22,x29,800067ec	 x22:0x00000436 x29:0x00000000
      802877000	     40042	800067e6	1a7d	c.addi	x20,-1	 x20:0x00000268 x20=0x00000267
      803617000	     40079	800067e8	02d1d133	divu	x2,x3,x13	  x3:0x80006678 x13:0x80023ce4  x2=0x00000000
      803637000	     40080	800067ec	8f59	c.or	x14,x14	 x14:0x0000001a x14:0x0000001a x14=0x0000001a
      803657000	     40081	800067ee	01631d13	slli	x26,x6,0x16	  x6:0x00000012 x26=0x04800000
      803677000	     40082	800067f2	577d	c.li	x14,-1	 x14=0xffffffff
      803697000	     40083	800067f4	c485	c.beqz	x9,8000681c	  x9:0x40000000
      803717000	     40084	800067f6	4024d9b3	sra	x19,x9,x2	  x9:0x40000000  x2:0x00000000 x19=0x40000000
      803737000	     40085	800067fa	0436	c.slli	x8,0xd	  x8:0x00000000  x8=0x00000000
      803757000	     40086	800067fc	027b7263	bgeu	x22,x7,80006820	 x22:0x00000436  x7:0x00000000
      804097000	     40103	80006820	03b1af33	mulhsu	x30,x3,x27	  x3:0x80006678 x27:0x0000015a x30=0xffffff53
      804137000	     40105	80006824	02086233	rem	x4,x16,x0	 x16:0x00000000  x0:0x00000000  x4=0x00000000
      804517000	     40124	80006828	8c6d	c.and	x8,x11	  x8:0x00000000 x11:0x8001fe64  x8=0x00000000
      804537000	     40125	8000682a	007ffc63	bgeu	x31,x7,80006842	 x31:0x00000014  x7:0x00000000
      805157000	     40156	80006842	017d0433	add	x8,x26,x23	 x26:0x04800000 x23:0x00000000  x8=0x04800000
      805577000	     40177	80006846	40c2d893	srai	x17,x5,0xc	  x5:0x00000112 x17=0x00000000
      805597000	     40178	8000684a	be2ffb13	andi	x22,x31,-1054	 x31:0x00000014 x22=0x00000000
      806017000	     40199	8000684e	340552f3	csrrwi	x5,mscratch,10	  x5=0x00000000
      806037000	     40200	80006852	0815c717	auipc	x14,0x815c	 x14=0x88162852
      806057000	     40201	80006856	760ff093	andi	x1,x31,1888	 x31:0x00000014  x1=0x00000000
      806097000	     40203	8000685a	027d44b3	div	x9,x26,x7	 x26:0x04800000  x7:0x00000000  x9=0xffffffff
      806117000	     40204	8000685e	01ec0d63	beq	x24,x30,80006878	 x24:0x00000000 x30:0xffffff53
      806137000	     40205	80006862	34002ef3	csrrs	x29,mscratch,x0	  x0:0x00000000 x29=0x0000000a
      806197000	     40208	80006866	039cb9b3	mulhu	x19,x25,x25	 x25:0x00000001 x25:0x00000001 x19=0x00000000
      806437000	     40220	8000686a	031f2333	mulhsu	x6,x30,x17	 x30:0xffffff53 x17:0x00000000  x6=0x00000000
      806457000	     40221	8000686e	02ed0633	mul	x12,x26,x14	 x26:0x04800000 x14:0x88162852 x12=0x71000000
      806517000	     40224	80006872	037509b3	mul	x19,x10,x23	 x10:0xffffffff x23:0x00000000 x19=0x00000000
      806537000	     40225	80006876	8a2d	c.andi	x12,11	 x12:0x71000000 x12=0x00000000
      806677000	     40232	80006878	41cc0c33	sub	x24,x24,x28	 x24:0x00000000 x28:0x00000000 x24=0x00000000
      806697000	     40233	8000687c	07c2	c.slli	x15,0x10	 x15:0x800066ae x15=0x66ae0000
      806717000	     40234	8000687e	3407dbf3	csrrwi	x23,mscratch,15	 x23=0x0000000a
      806737000	     40235	80006882	eb05	c.bnez	x14,800068b2	 x14:0x88162852
      807517000	     40274	800068b2	fbfc1b37	lui	x22,0xfbfc1	 x22=0xfbfc1000
      807617000	     40279	800068b6	9bb7bd17	auipc	x26,0x9bb7b	 x26=0x1bb818b6
      807637000	     40280	800068ba	0199ce33	xor	x28,x19,x25	 x19:0x00000000 x25:0x00000001 x28=0x00000001
      807717000	     40284	800068be	03c001ef	jal	x3,800068fa	  x3=0x800068c2
      808837000	     40340	800068fa	fe7ff0ef	jal	x1,800068e0	  x1=0x800068fe
      809457000	     40371	800068e0	2031	c.jal	800068ec	  x1=0x800068e2
      810017000	     40399	800068ec	37c5	c.jal	800068cc	  x1=0x800068ee
      810077000	     40402	800068cc	a02d	c.j	800068f6	
      810157000	     40406	800068f6	fe9ffcef	jal	x25,800068de	 x25=0x800068fa
      810417000	     40419	800068de	b7ed	c.j	800068c8	
      810477000	     40422	800068c8	2009	c.jal	800068ca	  x1=0x800068ca
      810517000	     40424	800068ca	a005	c.j	800068ea	
      810557000	     40426	800068ea	a029	c.j	800068f4	
      810597000	     40428	800068f4	3fed	c.jal	800068ee	  x1=0x800068f6
      810677000	     40432	800068ee	ff5ff36f	jal	x6,800068e2	  x6=0x800068f2
      810757000	     40436	800068e2	fe1ff76f	jal	x14,800068c2	 x14=0x800068e6
      810797000	     40438	800068c2	a829	c.j	800068dc	
      810837000	     40440	800068dc	3ff5	c.jal	800068d8	  x1=0x800068de
      810877000	     40442	800068d8	2829	c.jal	800068f2	  x1=0x800068da
      810917000	     40444	800068f2	bfd5	c.j	800068e6	
      810997000	     40448	800068e6	0180036f	jal	x6,800068fe	  x6=0x800068ea
      811037000	     40450	800068fe	3ff1	c.jal	800068da	  x1=0x80006900
      811077000	     40452	800068da	3fed	c.jal	800068d4	  x1=0x800068dc
      811117000	     40454	800068d4	ffbff36f	jal	x6,800068ce	  x6=0x800068d8
      811157000	     40456	800068ce	bfdd	c.j	800068c4	
      811197000	     40458	800068c4	00c0036f	jal	x6,800068d0	  x6=0x800068c8
      811237000	     40460	800068d0	030000ef	jal	x1,80006900	  x1=0x800068d4
      811277000	     40462	80006900	01c99833	sll	x16,x19,x28	 x19:0x00000000 x28:0x00000001 x16=0x00000000
      811297000	     40463	80006904	929a	c.add	x5,x6	  x5:0x00000000  x6:0x800068c8  x5=0x800068c8
      811317000	     40464	80006906	340b92f3	csrrw	x5,mscratch,x23	 x23:0x0000000a  x5=0x0000000f
      811357000	     40466	8000690a	0274b033	mulhu	x0,x9,x7	  x9:0xffffffff  x7:0x00000000  x0=0x00000000
      811377000	     40467	8000690e	8cb1	c.xor	x9,x12	  x9:0xffffffff x12:0x00000000  x9=0xffffffff
      811817000	     40489	80006910	12c15417	auipc	x8,0x12c15	  x8=0x92c1b910
      811837000	     40490	80006914	009a5313	srli	x6,x20,0x9	 x20:0x00000267  x6=0x00000001
      811857000	     40491	80006918	8811	c.andi	x8,4	  x8:0x92c1b910  x8=0x00000000
      811877000	     40492	8000691a	01a0aeb3	slt	x29,x1,x26	  x1:0x800068d4 x26:0x1bb818b6 x29=0x00000001
      811897000	     40493	8000691e	5a66cf13	xori	x30,x13,1446	 x13:0x80023ce4 x30=0x80023942
      811917000	     40494	80006922	5e1e6e13	ori	x28,x28,1505	 x28:0x00000001 x28=0x000005e1
      811977000	     40497	80006926	340d7a73	csrrci	x20,mscratch,26	 x20=0x0000000a
      812137000	     40505	8000692a	0236ae33	mulhsu	x28,x13,x3	 x13:0x80023ce4  x3:0x800068c2 x28=0xc000ea11
      812157000	     40506	8000692e	9bfd	c.andi	x15,-1	 x15:0x66ae0000 x15=0x66ae0000
      812317000	     40514	80006930	3408f273	csrrci	x4,mscratch,17	  x4=0x00000000
      812337000	     40515	80006934	0193fcb3	and	x25,x7,x25	  x7:0x00000000 x25:0x800068fa x25=0x00000000
      812657000	     40531	80006938	34046673	csrrsi	x12,mscratch,8	 x12=0x00000000
      813077000	     40552	8000693c	33c02c13	slti	x24,x0,828	  x0:0x00000000 x24=0x00000001
      813857000	     40591	80006940	03c2f233	remu	x4,x5,x28	  x5:0x0000000f x28:0xc000ea11  x4=0x0000000f
      813877000	     40592	80006944	f6672f13	slti	x30,x14,-154	 x14:0x800068e6 x30=0x00000001
      813897000	     40593	80006948	3402d773	csrrwi	x14,mscratch,5	 x14=0x00000008
      813917000	     40594	8000694c	34053c73	csrrc	x24,mscratch,x10	 x10:0xffffffff x24=0x00000005
      813997000	     40598	80006950	4ee9	c.li	x29,26	 x29=0x0000001a
      814017000	     40599	80006952	8e65	c.and	x12,x9	 x12:0x00000000  x9:0xffffffff x12=0x00000000
      814037000	     40600	80006954	8a51	c.andi	x12,20	 x12:0x00000000 x12=0x00000000
      814057000	     40601	80006956	8361	c.srli	x14,0x18	 x14:0x00000008 x14=0x00000000
      814077000	     40602	80006958	00b34763	blt	x6,x11,80006966	  x6:0x00000001 x11:0x8001fe64
      814217000	     40609	8000695c	4089dbb3	sra	x23,x19,x8	 x19:0x00000000  x8:0x00000000 x23=0x00000000
      814637000	     40630	80006960	83d9	c.srli	x15,0x16	 x15:0x66ae0000 x15=0x0000019a
      814657000	     40631	80006962	62d5	c.lui	x5,0x15	  x5=0x00015000
      814677000	     40632	80006964	8c31	c.xor	x8,x12	  x8:0x00000000 x12:0x00000000  x8=0x00000000
      814697000	     40633	80006966	04b14e63	blt	x2,x11,800069c2	  x2:0x00000000 x11:0x8001fe64
      815097000	     40653	8000696a	714e6e13	ori	x28,x28,1812	 x28:0xc000ea11 x28=0xc000ef15
      815517000	     40674	8000696e	05816363	bltu	x2,x24,800069b4	  x2:0x00000000 x24:0x00000005
      816057000	     40701	800069b4	e909	c.bnez	x10,800069c6	 x10:0xffffffff
      818037000	     40800	800069c6	146d7913	andi	x18,x26,326	 x26:0x1bb818b6 x18=0x00000006
      818237000	     40810	800069ca	018001ef	jal	x3,800069e2	  x3=0x800069ce
      818617000	     40829	800069e2	fedff1ef	jal	x3,800069ce	  x3=0x800069e6
      818657000	     40831	800069ce	283d	c.jal	80006a0c	  x1=0x800069d0
      819537000	     40875	80006a0c	3fc5	c.jal	800069fc	  x1=0x80006a0e
      820057000	     40901	800069fc	3ff5	c.jal	800069f8	  x1=0x800069fe
      820397000	     40918	800069f8	fefffaef	jal	x21,800069e6	 x21=0x800069fc
      820437000	     40920	800069e6	a039	c.j	800069f4	
      820517000	     40924	800069f4	3fdd	c.jal	800069ea	  x1=0x800069f6
      820577000	     40927	800069ea	b7fd	c.j	800069d8	
      820637000	     40930	800069d8	02c0026f	jal	x4,80006a04	  x4=0x800069dc
      820697000	     40933	80006a04	2019	c.jal	80006a0a	  x1=0x80006a06
      820757000	     40936	80006a0a	b7f5	c.j	800069f6	
      820817000	     40939	800069f6	a809	c.j	80006a08	
      820857000	     40941	80006a08	3fd1	c.jal	800069dc	  x1=0x80006a0a
      820897000	     40943	800069dc	2009	c.jal	800069de	  x1=0x800069de
      820937000	     40945	800069de	2009	c.jal	800069e0	  x1=0x800069e0
      820977000	     40947	800069e0	a021	c.j	800069e8	
      821017000	     40949	800069e8	2821	c.jal	80006a00	  x1=0x800069ea
      821357000	     40966	80006a00	bfc9	c.j	800069d2	
      821417000	     40969	800069d2	02c000ef	jal	x1,800069fe	  x1=0x800069d6
      821457000	     40971	800069fe	3fcd	c.jal	800069f0	  x1=0x80006a00
      821497000	     40973	800069f0	01e0026f	jal	x4,80006a0e	  x4=0x800069f4
      821577000	     40977	80006a0e	fe1ff0ef	jal	x1,800069ee	  x1=0x80006a12
      821637000	     40980	800069ee	a811	c.j	80006a02	
      821697000	     40983	80006a02	bfd1	c.j	800069d6	
      821737000	     40985	800069d6	2805	c.jal	80006a06	  x1=0x800069d8
      821777000	     40987	80006a06	b7dd	c.j	800069ec	
      821817000	     40989	800069ec	b7d5	c.j	800069d0	
      821857000	     40991	800069d0	a089	c.j	80006a12	
      821897000	     40993	80006a12	6159	c.addi16sp	x2,400	  x2:0x00000000  x2=0x00000190
      821917000	     40994	80006a14	8c9d	c.sub	x9,x15	  x9:0xffffffff x15:0x0000019a  x9=0xfffffe65
      821937000	     40995	80006a16	121c	c.addi4spn	x15,x2,288	 x15=0x000002b0
      821957000	     40996	80006a18	0441f163	bgeu	x3,x4,80006a5a	  x3:0x800069e6  x4:0x800069f4
      821977000	     40997	80006a1c	3407d0f3	csrrwi	x1,mscratch,15	  x1=0x00000000
      822777000	     41037	80006a20	02c65cb3	divu	x25,x12,x12	 x12:0x00000000 x12:0x00000000 x25=0xffffffff
      822937000	     41045	80006a24	34003073	csrrc	x0,mscratch,x0	  x0:0x00000000  x0=0x00000000
      822957000	     41046	80006a28	8d2e	c.mv	x26,x11	  x0:0x00000000 x11:0x8001fe64 x26=0x8001fe64
      822977000	     41047	80006a2a	0d98	c.addi4spn	x14,x2,720	 x14=0x00000460
      822997000	     41048	80006a2c	03f44963	blt	x8,x31,80006a5e	  x8:0x00000000 x31:0x00000014
      823957000	     41096	80006a5e	0161d1b3	srl	x3,x3,x22	  x3:0x800069e6 x22:0xfbfc1000  x3=0x800069e6
      824017000	     41099	80006a62	008280b3	add	x1,x5,x8	  x5:0x00015000  x8:0x00000000  x1=0x00015000
      824297000	     41113	80006a66	1ecc8d13	addi	x26,x25,492	 x25:0xffffffff x26=0x000001eb
      841497000	     41973	80006a6a	0340c4b3	div	x9,x1,x20	  x1:0x00015000 x20:0x0000000a  x9=0x00002199
      841517000	     41974	80006a6e	41785d33	sra	x26,x16,x23	 x16:0x00000000 x23:0x00000000 x26=0x00000000
      841537000	     41975	80006a72	9c52	c.add	x24,x20	 x24:0x00000005 x20:0x0000000a x24=0x0000000f
      841557000	     41976	80006a74	009f4fb3	xor	x31,x30,x9	 x30:0x00000001  x9:0x00002199 x31=0x00002198
      841577000	     41977	80006a78	015909b3	add	x19,x18,x21	 x18:0x00000006 x21:0x800069fc x19=0x80006a02
      841597000	     41978	80006a7c	4615	c.li	x12,5	 x12=0x00000005
      841617000	     41979	80006a7e	0ff0000f	fence	iorw,iorw	
      841637000	     41980	80006a82	00e9e133	or	x2,x19,x14	 x19:0x80006a02 x14:0x00000460  x2=0x80006e62
      841677000	     41982	80006a86	008ee0b3	or	x1,x29,x8	 x29:0x0000001a  x8:0x00000000  x1=0x0000001a
      841877000	     41992	80006a8a	2f8e0f93	addi	x31,x28,760	 x28:0xc000ef15 x31=0xc000f20d
      841897000	     41993	80006a8e	8e19	c.sub	x12,x14	 x12:0x00000005 x14:0x00000460 x12=0xfffffba5
      841997000	     41998	80006a90	41f35b33	sra	x22,x6,x31	  x6:0x00000001 x31:0xc000f20d x22=0x00000000
      842017000	     41999	80006a94	4511	c.li	x10,4	 x10=0x00000004
      842037000	     42000	80006a96	615d	c.addi16sp	x2,432	  x2:0x80006e62  x2=0x80007012
      842057000	     42001	80006a98	6a59	c.lui	x20,0x16	 x20=0x00016000
      842077000	     42002	80006a9a	09f6	c.slli	x19,0x1d	 x19:0x80006a02 x19=0x40000000
      842217000	     42009	80006a9c	b1c2f293	andi	x5,x5,-1252	  x5:0x00015000  x5=0x00015000
      842357000	     42016	80006aa0	870e	c.mv	x14,x3	  x0:0x00000000  x3:0x800069e6 x14=0x800069e6
      842377000	     42017	80006aa2	c0a1	c.beqz	x9,80006ae2	  x9:0x00002199
      842397000	     42018	80006aa4	c019	c.beqz	x8,80006aaa	  x8:0x00000000
      842897000	     42043	80006aaa	078e	c.slli	x15,0x3	 x15:0x000002b0 x15=0x00001580
      843317000	     42064	80006aac	02b21b63	bne	x4,x11,80006ae2	  x4:0x800069f4 x11:0x8001fe64
      844017000	     42099	80006ae2	404a8933	sub	x18,x21,x4	 x21:0x800069fc  x4:0x800069f4 x18=0x00000008
      844037000	     42100	80006ae6	8349	c.srli	x14,0x12	 x14:0x800069e6 x14=0x00002000
      844057000	     42101	80006ae8	3cb16a93	ori	x21,x2,971	  x2:0x80007012 x21=0x800073db
      844077000	     42102	80006aec	26da3813	sltiu	x16,x20,621	 x20:0x00016000 x16=0x00000000
      844217000	     42109	80006af0	1700	c.addi4spn	x8,x2,928	  x8=0x800073b2
      844237000	     42110	80006af2	4781	c.li	x15,0	 x15=0x00000000
      844257000	     42111	80006af4	3403e673	csrrsi	x12,mscratch,7	 x12=0x0000000f
      844277000	     42112	80006af8	5f7d	c.li	x30,-1	 x30=0xffffffff
      844297000	     42113	80006afa	34041973	csrrw	x18,mscratch,x8	  x8:0x800073b2 x18=0x0000000f
      844317000	     42114	80006afe	8f19	c.sub	x14,x14	 x14:0x00002000 x14:0x00002000 x14=0x00000000
      844477000	     42122	80006b00	252b7c17	auipc	x24,0x252b7	 x24=0xa52bdb00
      844897000	     42143	80006b04	419907b3	sub	x15,x18,x25	 x18:0x0000000f x25:0xffffffff x15=0x00000010
      845177000	     42157	80006b08	9a7d	c.andi	x12,-1	 x12:0x0000000f x12=0x0000000f
      845197000	     42158	80006b0a	015c0563	beq	x24,x21,80006b14	 x24:0xa52bdb00 x21:0x800073db
      845217000	     42159	80006b0e	717d	c.addi16sp	x2,-16	  x2:0x80007012  x2=0x80007002
      845957000	     42196	80006b10	038ee9b3	rem	x19,x29,x24	 x29:0x0000001a x24:0xa52bdb00 x19=0x0000001a
      845997000	     42198	80006b14	026a1933	mulh	x18,x20,x6	 x20:0x00016000  x6:0x00000001 x18=0x00000000
      846017000	     42199	80006b18	6f95	c.lui	x31,0x5	 x31=0x00005000
      846037000	     42200	80006b1a	002dd4b3	srl	x9,x27,x2	 x27:0x0000015a  x2:0x80007002  x9=0x00000056
      846057000	     42201	80006b1e	34002873	csrrs	x16,mscratch,x0	  x0:0x00000000 x16=0x800073b2
      846077000	     42202	80006b22	008ec963	blt	x29,x8,80006b34	 x29:0x0000001a  x8:0x800073b2
      846297000	     42213	80006b26	0271e863	bltu	x3,x7,80006b56	  x3:0x800069e6  x7:0x00000000
      846397000	     42218	80006b2a	34072a73	csrrs	x20,mscratch,x14	 x14:0x00000000 x20=0x800073b2
      846417000	     42219	80006b2e	937a	c.add	x6,x30	  x6:0x00000001 x30:0xffffffff  x6=0x00000000
      846437000	     42220	80006b30	00ba5eb3	srl	x29,x20,x11	 x20:0x800073b2 x11:0x8001fe64 x29=0x0800073b
      846477000	     42222	80006b34	0315ea33	rem	x20,x11,x17	 x11:0x8001fe64 x17:0x00000000 x20=0x8001fe64
      846497000	     42223	80006b38	8329	c.srli	x14,0xa	 x14:0x00000000 x14=0x00000000
      846517000	     42224	80006b3a	8e15	c.sub	x12,x13	 x12:0x0000000f x13:0x80023ce4 x12=0x7ffdc32b
      846537000	     42225	80006b3c	8179	c.srli	x10,0x1e	 x10:0x00000004 x10=0x00000000
      846737000	     42235	80006b3e	340b5473	csrrwi	x8,mscratch,22	  x8=0x800073b2
      846957000	     42246	80006b42	41fd0633	sub	x12,x26,x31	 x26:0x00000000 x31:0x00005000 x12=0xffffb000
      846977000	     42247	80006b46	0326e863	bltu	x13,x18,80006b76	 x13:0x80023ce4 x18:0x00000000
      846997000	     42248	80006b4a	048d	c.addi	x9,3	  x9:0x00000056  x9=0x00000059
      847017000	     42249	80006b4c	407281b3	sub	x3,x5,x7	  x5:0x00015000  x7:0x00000000  x3=0x00015000
      847177000	     42257	80006b50	567d	c.li	x12,-1	 x12=0xffffffff
      847217000	     42259	80006b52	0325ce33	div	x28,x11,x18	 x11:0x8001fe64 x18:0x00000000 x28=0xffffffff
      847617000	     42279	80006b56	01b2f433	and	x8,x5,x27	  x5:0x00015000 x27:0x0000015a  x8=0x00000000
      847717000	     42284	80006b5a	018bd313	srli	x6,x23,0x18	 x23:0x00000000  x6=0x00000000
      847757000	     42286	80006b5e	03c18363	beq	x3,x28,80006b84	  x3:0x00015000 x28:0xffffffff
      848177000	     42307	80006b62	02ad5663	bge	x26,x10,80006b8e	 x26:0x00000000 x10:0x00000000
      848517000	     42324	80006b8e	0350acb3	mulhsu	x25,x1,x21	  x1:0x0000001a x21:0x800073db x25=0x0000000d
      848537000	     42325	80006b92	9bfd	c.andi	x15,-1	 x15:0x00000010 x15=0x00000010
      848557000	     42326	80006b94	03c2c263	blt	x5,x28,80006bb8	  x5:0x00015000 x28:0xffffffff
      848697000	     42333	80006b98	1a08	c.addi4spn	x10,x2,304	 x10=0x80007132
      848717000	     42334	80006b9a	340021f3	csrrs	x3,mscratch,x0	  x0:0x00000000  x3=0x00000016
      848797000	     42338	80006b9e	c0d46d93	ori	x27,x8,-1011	  x8:0x00000000 x27=0xfffffc0d
      848957000	     42346	80006ba2	01db5a63	bge	x22,x29,80006bb6	 x22:0x00000000 x29:0x0800073b
      849277000	     42362	80006ba6	11c22b13	slti	x22,x4,284	  x4:0x800069f4 x22=0x00000001
      849297000	     42363	80006baa	9bfd	c.andi	x15,-1	 x15:0x00000010 x15=0x00000010
      849337000	     42365	80006bac	e5d9f993	andi	x19,x19,-419	 x19:0x0000001a x19=0x00000018
      849357000	     42366	80006bb0	34002e73	csrrs	x28,mscratch,x0	  x0:0x00000000 x28=0x00000016
      849377000	     42367	80006bb4	610d	c.addi16sp	x2,160	  x2:0x80007002  x2=0x800070a2
      849397000	     42368	80006bb6	8e96	c.mv	x29,x5	  x0:0x00000000  x5:0x00015000 x29=0x00015000
      849557000	     42376	80006bb8	015a8833	add	x16,x21,x21	 x21:0x800073db x21:0x800073db x16=0x0000e7b6
      849597000	     42378	80006bbc	02e4e1b3	rem	x3,x9,x14	  x9:0x00000059 x14:0x00000000  x3=0x00000059
      849677000	     42382	80006bc0	6145	c.addi16sp	x2,48	  x2:0x800070a2  x2=0x800070d2
      849697000	     42383	80006bc2	0001	c.addi	x0,0	  x0:0x00000000  x0=0x00000000
      849717000	     42384	80006bc4	00a79633	sll	x12,x15,x10	 x15:0x00000010 x10:0x80007132 x12=0x00400000
      849737000	     42385	80006bc8	001a0c33	add	x24,x20,x1	 x20:0x8001fe64  x1:0x0000001a x24=0x8001fe7e
      849897000	     42393	80006bcc	8146	c.mv	x2,x17	  x0:0x00000000 x17:0x00000000  x2=0x00000000
      849917000	     42394	80006bce	c021	c.beqz	x8,80006c0e	  x8:0x00000000
      851537000	     42475	80006c0e	ec54c613	xori	x12,x9,-315	  x9:0x00000059 x12=0xfffffe9c
      851577000	     42477	80006c12	02c59c33	mulh	x24,x11,x12	 x11:0x8001fe64 x12:0xfffffe9c x24=0x000000b1
      851597000	     42478	80006c16	8e1d	c.sub	x12,x15	 x12:0xfffffe9c x15:0x00000010 x12=0xfffffe8c
      851617000	     42479	80006c18	03ca0db3	mul	x27,x20,x28	 x20:0x8001fe64 x28:0x00000016 x27=0x002bdc98
      851697000	     42483	80006c1c	0c6a	c.slli	x24,0x1a	 x24:0x000000b1 x24=0xc4000000
      851717000	     42484	80006c1e	6d85	c.lui	x27,0x1	 x27=0x00001000
      851737000	     42485	80006c20	704d0213	addi	x4,x26,1796	 x26:0x00000000  x4=0x00000704
      851757000	     42486	80006c24	406888b3	sub	x17,x17,x6	 x17:0x00000000  x6:0x00000000 x17=0x00000000
      851857000	     42491	80006c28	717d	c.addi16sp	x2,-16	  x2:0x00000000  x2=0xfffffff0
      852777000	     42537	80006c2a	0352c333	div	x6,x5,x21	  x5:0x00015000 x21:0x800073db  x6=0x00000000
      852797000	     42538	80006c2e	0001	c.addi	x0,0	  x0:0x00000000  x0=0x00000000
      853537000	     42575	80006c30	034be1b3	rem	x3,x23,x20	 x23:0x00000000 x20:0x8001fe64  x3=0x00000000
      853557000	     42576	80006c34	00af8cb3	add	x25,x31,x10	 x31:0x00005000 x10:0x80007132 x25=0x8000c132
      853577000	     42577	80006c38	40630db3	sub	x27,x6,x6	  x6:0x00000000  x6:0x00000000 x27=0x00000000
      853617000	     42579	80006c3c	02f2a1b3	mulhsu	x3,x5,x15	  x5:0x00015000 x15:0x00000010  x3=0x00000000
      853637000	     42580	80006c40	6459	c.lui	x8,0x16	  x8=0x00016000
      853657000	     42581	80006c42	8d65	c.and	x10,x9	 x10:0x80007132  x9:0x00000059 x10=0x00000010
      853677000	     42582	80006c44	eaa12b13	slti	x22,x2,-342	  x2:0xfffffff0 x22=0x00000000
      853837000	     42590	80006c48	0000100f	fence.i	
      855257000	     42661	80006c4c	0ff0000f	fence	iorw,iorw	
      855297000	     42663	80006c50	031fd533	divu	x10,x31,x17	 x31:0x00005000 x17:0x00000000 x10=0xffffffff
      855317000	     42664	80006c54	0001	c.addi	x0,0	  x0:0x00000000  x0=0x00000000
      855617000	     42679	80006c56	03669333	mulh	x6,x13,x22	 x13:0x80023ce4 x22:0x00000000  x6=0x00000000
      856017000	     42699	80006c5a	d2cf4b17	auipc	x22,0xd2cf4	 x22=0x52cfac5a
      856037000	     42700	80006c5e	8329	c.srli	x14,0xa	 x14:0x00000000 x14=0x00000000
      856197000	     42708	80006c60	40915333	sra	x6,x2,x9	  x2:0xfffffff0  x9:0x00000059  x6=0xffffffff
      856217000	     42709	80006c64	00464563	blt	x12,x4,80006c6e	 x12:0xfffffe8c  x4:0x00000704
      856757000	     42736	80006c6e	8005	c.srli	x8,0x1	  x8:0x00016000  x8=0x0000b000
      856897000	     42743	80006c70	00449a33	sll	x20,x9,x4	  x9:0x00000059  x4:0x00000704 x20=0x00000590
      856917000	     42744	80006c74	0188d4b3	srl	x9,x17,x24	 x17:0x00000000 x24:0xc4000000  x9=0x00000000
      856937000	     42745	80006c78	340e6973	csrrsi	x18,mscratch,28	 x18=0x00000016
      856977000	     42747	80006c7c	03e21733	mulh	x14,x4,x30	  x4:0x00000704 x30:0xffffffff x14=0xffffffff
      857717000	     42784	80006c80	022260b3	rem	x1,x4,x2	  x4:0x00000704  x2:0xfffffff0  x1=0x00000004
      857737000	     42785	80006c84	0ff0000f	fence	iorw,iorw	
      857757000	     42786	80006c88	616d	c.addi16sp	x2,240	  x2:0xfffffff0  x2=0x000000e0
      857777000	     42787	80006c8a	340f2a73	csrrs	x20,mscratch,x30	 x30:0xffffffff x20=0x0000001e
      857797000	     42788	80006c8e	891e	c.mv	x18,x7	  x0:0x00000000  x7:0x00000000 x18=0x00000000
      857817000	     42789	80006c90	111c	c.addi4spn	x15,x2,160	 x15=0x00000180
      857837000	     42790	80006c92	0141d963	bge	x3,x20,80006ca4	  x3:0x00000000 x20:0x0000001e
      858097000	     42803	80006c96	03af61b3	rem	x3,x30,x26	 x30:0xffffffff x26:0x00000000  x3=0xffffffff
      858117000	     42804	80006c9a	920a	c.add	x4,x2	  x4:0x00000704  x2:0x000000e0  x4=0x000007e4
      858137000	     42805	80006c9c	e11d	c.bnez	x10,80006cc2	 x10:0xffffffff
      858577000	     42827	80006cc2	8d35	c.xor	x10,x13	 x10:0xffffffff x13:0x80023ce4 x10=0x7ffdc31b
      858677000	     42832	80006cc4	00afc663	blt	x31,x10,80006cd0	 x31:0x00005000 x10:0x7ffdc31b
      860257000	     42911	80006cd0	034ce4b3	rem	x9,x25,x20	 x25:0x8000c132 x20:0x0000001e  x9=0xffffffec
      860277000	     42912	80006cd4	0008c133	xor	x2,x17,x0	 x17:0x00000000  x0:0x00000000  x2=0x00000000
      861017000	     42949	80006cd8	036570b3	remu	x1,x10,x22	 x10:0x7ffdc31b x22:0x52cfac5a  x1=0x2d2e16c1
      861757000	     42986	80006cdc	030c74b3	remu	x9,x24,x16	 x24:0xc4000000 x16:0x0000e7b6  x9=0x0000a02e
      861777000	     42987	80006ce0	004bc563	blt	x23,x4,80006cea	 x23:0x00000000  x4:0x000007e4
      861817000	     42989	80006cea	527d	c.li	x4,-1	  x4=0xffffffff
      861837000	     42990	80006cec	00095f33	srl	x30,x18,x0	 x18:0x00000000  x0:0x00000000 x30=0x00000000
      861857000	     42991	80006cf0	6431	c.lui	x8,0xc	  x8=0x0000c000
      861877000	     42992	80006cf2	8fd1	c.or	x15,x12	 x15:0x00000180 x12:0xfffffe8c x15=0xffffff8c
      861897000	     42993	80006cf4	186ee313	ori	x6,x29,390	 x29:0x00015000  x6=0x00015186
      861917000	     42994	80006cf8	cf19	c.beqz	x14,80006d16	 x14:0xffffffff
      862657000	     43031	80006cfa	02694233	div	x4,x18,x6	 x18:0x00000000  x6:0x00015186  x4=0x00000000
      862697000	     43033	80006cfe	03794e33	div	x28,x18,x23	 x18:0x00000000 x23:0x00000000 x28=0xffffffff
      862717000	     43034	80006d02	8c25	c.xor	x8,x9	  x8:0x0000c000  x9:0x0000a02e  x8=0x0000602e
      862737000	     43035	80006d04	41cad513	srai	x10,x21,0x1c	 x21:0x800073db x10=0xfffffff8
      862757000	     43036	80006d08	01f68733	add	x14,x13,x31	 x13:0x80023ce4 x31:0x00005000 x14=0x80028ce4
      862777000	     43037	80006d0c	0000100f	fence.i	
      863437000	     43070	80006d10	8f29	c.xor	x14,x10	 x14:0x80028ce4 x10:0xfffffff8 x14=0x7ffd731c
      863537000	     43075	80006d12	41435533	sra	x10,x6,x20	  x6:0x00015186 x20:0x0000001e x10=0x00000000
      863637000	     43080	80006d16	01636bb3	or	x23,x6,x22	  x6:0x00015186 x22:0x52cfac5a x23=0x52cffdde
      863657000	     43081	80006d1a	9bfd	c.andi	x15,-1	 x15:0xffffff8c x15=0xffffff8c
      863837000	     43090	80006d1c	00409ab3	sll	x21,x1,x4	  x1:0x2d2e16c1  x4:0x00000000 x21=0x2d2e16c1
      863857000	     43091	80006d20	1d26fc93	andi	x25,x13,466	 x13:0x80023ce4 x25=0x000000c0
      864277000	     43112	80006d24	01bee033	or	x0,x29,x27	 x29:0x00015000 x27:0x00000000  x0=0x00000000
      864657000	     43131	80006d28	0000100f	fence.i	
      864917000	     43144	80006d2c	019dc533	xor	x10,x27,x25	 x27:0x00000000 x25:0x000000c0 x10=0x000000c0
      865037000	     43150	80006d30	cb09	c.beqz	x14,80006d42	 x14:0x7ffd731c
      865057000	     43151	80006d32	07a24363	blt	x4,x26,80006d98	  x4:0x00000000 x26:0x00000000
      865477000	     43172	80006d36	340b2973	csrrs	x18,mscratch,x22	 x22:0x52cfac5a x18=0xffffffff
      865497000	     43173	80006d3a	8c9d	c.sub	x9,x15	  x9:0x0000a02e x15:0xffffff8c  x9=0x0000a0a2
      865517000	     43174	80006d3c	34079df3	csrrw	x27,mscratch,x15	 x15:0xffffff8c x27=0xffffffff
      865597000	     43178	80006d40	0001	c.addi	x0,0	  x0:0x00000000  x0=0x00000000
      866017000	     43199	80006d42	00d5eb33	or	x22,x11,x13	 x11:0x8001fe64 x13:0x80023ce4 x22=0x8003fee4
      866437000	     43220	80006d46	01f18f33	add	x30,x3,x31	  x3:0xffffffff x31:0x00005000 x30=0x00004fff
      866457000	     43221	80006d4a	48293e13	sltiu	x28,x18,1154	 x18:0xffffffff x28=0x00000000
      866477000	     43222	80006d4e	8e09	c.sub	x12,x10	 x12:0xfffffe8c x10:0x000000c0 x12=0xfffffdcc
      866657000	     43231	80006d50	5185c497	auipc	x9,0x5185c	  x9=0xd1862d50
      866737000	     43235	80006d54	03283eb3	mulhu	x29,x16,x18	 x16:0x0000e7b6 x18:0xffffffff x29=0x0000e7b5
      867057000	     43251	80006d58	01834763	blt	x6,x24,80006d66	  x6:0x00015186 x24:0xc4000000
      867077000	     43252	80006d5c	8bb1	c.andi	x15,12	 x15:0xffffff8c x15=0x0000000c
      867137000	     43255	80006d5e	02e83b33	mulhu	x22,x16,x14	 x16:0x0000e7b6 x14:0x7ffd731c x22=0x000073d8
      867157000	     43256	80006d62	bc072913	slti	x18,x14,-1088	 x14:0x7ffd731c x18=0x00000000
      867217000	     43259	80006d66	740a0a13	addi	x20,x20,1856	 x20:0x0000001e x20=0x0000075e
      867237000	     43260	80006d6a	340032f3	csrrc	x5,mscratch,x0	  x0:0x00000000  x5=0xffffff8c
      867397000	     43268	80006d6e	00002c17	auipc	x24,0x2	 x24=0x80008d6e
      867737000	     43285	80006d72	fbcc0c13	addi	x24,x24,-68	 x24:0x80008d6e x24=0x80008d2a
      868157000	     43306	80006d76	412cd913	srai	x18,x25,0x12	 x25:0x000000c0 x18=0x00000000
      868177000	     43307	80006d7a	d64c0c13	addi	x24,x24,-668	 x24:0x80008d2a x24=0x80008a8e
      868197000	     43308	80006d7e	b71b2a13	slti	x20,x22,-1167	 x22:0x000073d8 x20=0x00000000
      868217000	     43309	80006d82	1ffd	c.addi	x31,-1	 x31:0x00005000 x31=0x00004fff
      868337000	     43315	80006d84	00e2e663	bltu	x5,x14,80006d90	  x5:0xffffff8c x14:0x7ffd731c
      868357000	     43316	80006d88	00b278b3	and	x17,x4,x11	  x4:0x00000000 x11:0x8001fe64 x17=0x00000000
      868497000	     43323	80006d8c	0316be33	mulhu	x28,x13,x17	 x13:0x80023ce4 x17:0x00000000 x28=0x00000000
      868517000	     43324	80006d90	29cc01e7	jalr	x3,668(x24)	 x24:0x80008a8e  x3=0x80006d94
      869037000	     43350	80008d2a	1581	c.addi	x11,-32	 x11:0x8001fe64 x11=0x8001fe44
      869457000	     43371	80008d2c	8231	c.srli	x12,0xc	 x12:0xfffffdcc x12=0x000fffff
      870417000	     43419	80008d2e	035fccb3	div	x25,x31,x21	 x31:0x00004fff x21:0x2d2e16c1 x25=0x00000000
      870437000	     43420	80008d32	80d1	c.srli	x9,0x14	  x9:0xd1862d50  x9=0x00000d18
      870477000	     43422	80008d34	02d09fb3	mulh	x31,x1,x13	  x1:0x2d2e16c1 x13:0x80023ce4 x31=0xe96959ba
      870497000	     43423	80008d38	0ff0000f	fence	iorw,iorw	
      870517000	     43424	80008d3c	0099b4b3	sltu	x9,x19,x9	 x19:0x00000018  x9:0x00000d18  x9=0x00000001
      870577000	     43427	80008d40	0035a223	sw	x3,4(x11)	 x11:0x8001fe44  x3:0x80006d94 PA:0x8001fe48 store:0x80006d94 load:0xffffffff
      870597000	     43428	80008d44	18fd	c.addi	x17,-1	 x17:0x00000000 x17=0xffffffff
      870617000	     43429	80008d46	01fef4b3	and	x9,x29,x31	 x29:0x0000e7b5 x31:0xe96959ba  x9=0x000041b0
      870637000	     43430	80008d4a	018001ef	jal	x3,80008d62	  x3=0x80008d4e
      871317000	     43464	80008d62	2009	c.jal	80008d64	  x1=0x80008d64
      872357000	     43516	80008d64	2831	c.jal	80008d80	  x1=0x80008d66
      876797000	     43738	80008d80	a019	c.j	80008d86	
      876837000	     43740	80008d86	37ed	c.jal	80008d70	  x1=0x80008d88
      876877000	     43742	80008d70	ffdff0ef	jal	x1,80008d6c	  x1=0x80008d74
      876917000	     43744	80008d6c	ffbff2ef	jal	x5,80008d66	  x5=0x80008d70
      876977000	     43747	80008d66	01c0036f	jal	x6,80008d82	  x6=0x80008d6a
      877017000	     43749	80008d82	3fdd	c.jal	80008d78	  x1=0x80008d84
      877517000	     43774	80008d78	0180036f	jal	x6,80008d90	  x6=0x80008d7c
      877557000	     43776	80008d90	ffdff36f	jal	x6,80008d8c	  x6=0x80008d94
      877597000	     43778	80008d8c	ff1ff46f	jal	x8,80008d7c	  x8=0x80008d90
      877657000	     43781	80008d7c	ffbffc6f	jal	x24,80008d76	 x24=0x80008d80
      877697000	     43783	80008d76	b7dd	c.j	80008d5c	
      877737000	     43785	80008d5c	a039	c.j	80008d6a	
      877777000	     43787	80008d6a	2839	c.jal	80008d88	  x1=0x80008d6c
      877817000	     43789	80008d88	bfc1	c.j	80008d58	
      877857000	     43791	80008d58	01c004ef	jal	x9,80008d74	  x9=0x80008d5c
      877897000	     43793	80008d74	a819	c.j	80008d8a	
      877937000	     43795	80008d8a	37d1	c.jal	80008d4e	  x1=0x80008d8c
      877977000	     43797	80008d4e	2801	c.jal	80008d5e	  x1=0x80008d50
      878037000	     43800	80008d5e	ff7ff56f	jal	x10,80008d54	 x10=0x80008d62
      878077000	     43802	80008d54	030000ef	jal	x1,80008d84	  x1=0x80008d58
      878117000	     43804	80008d84	37f1	c.jal	80008d50	  x1=0x80008d86
      878157000	     43806	80008d50	0440026f	jal	x4,80008d94	  x4=0x80008d54
      878197000	     43808	80008d94	0e31	c.addi	x28,12	 x28:0x00000000 x28=0x0000000c
      878217000	     43809	80008d96	03230263	beq	x6,x18,80008dba	  x6:0x80008d94 x18:0x00000000
      878237000	     43810	80008d9a	340154f3	csrrwi	x9,mscratch,2	  x9=0xffffff8c
      878397000	     43818	80008d9e	262b1b97	auipc	x23,0x262b1	 x23=0xa62b9d9e
      879137000	     43855	80008da2	02134db3	div	x27,x6,x1	  x6:0x80008d94  x1:0x80008d86 x27=0x00000000
      879157000	     43856	80008da6	3408e973	csrrsi	x18,mscratch,17	 x18=0x00000002
      879177000	     43857	80008daa	41210fb3	sub	x31,x2,x18	  x2:0x00000000 x18:0x00000002 x31=0xfffffffe
      879197000	     43858	80008dae	0148fc63	bgeu	x17,x20,80008dc6	 x17:0xffffffff x20:0x00000000
      879617000	     43879	80008dc6	94c6	c.add	x9,x17	  x9:0xffffff8c x17:0xffffffff  x9=0xffffff8b
      879697000	     43883	80008dc8	1d98	c.addi4spn	x14,x2,752	 x14=0x000002f0
      879737000	     43885	80008dca	03afbcb3	mulhu	x25,x31,x26	 x31:0xfffffffe x26:0x00000000 x25=0x00000000
      879917000	     43894	80008dce	015fd413	srli	x8,x31,0x15	 x31:0xfffffffe  x8=0x000007ff
      880337000	     43915	80008dd2	0137b7b3	sltu	x15,x15,x19	 x15:0x0000000c x19:0x00000018 x15=0x00000001
      880397000	     43918	80008dd6	915a8097	auipc	x1,0x915a8	  x1=0x115b0dd6
      880417000	     43919	80008dda	8cf5	c.and	x9,x13	  x9:0xffffff8b x13:0x80023ce4  x9=0x80023c80
      880437000	     43920	80008ddc	0ff0000f	fence	iorw,iorw	
      880457000	     43921	80008de0	866d	c.srai	x12,0x1b	 x12:0x000fffff x12=0x00000000
      880817000	     43939	80008de2	0ff0000f	fence	iorw,iorw	
      880957000	     43946	80008de6	41fd52b3	sra	x5,x26,x31	 x26:0x00000000 x31:0xfffffffe  x5=0x00000000
      880977000	     43947	80008dea	01091e13	slli	x28,x18,0x10	 x18:0x00000002 x28=0x00020000
      881377000	     43967	80008dee	12cf6493	ori	x9,x30,300	 x30:0x00004fff  x9=0x00004fff
      881397000	     43968	80008df2	e20d	c.bnez	x12,80008e14	 x12:0x00000000
      881417000	     43969	80008df4	987d	c.andi	x8,-1	  x8:0x000007ff  x8=0x000007ff
      881537000	     43975	80008df6	40a35f93	srai	x31,x6,0xa	  x6:0x80008d94 x31=0xffe00023
      881557000	     43976	80008dfa	02408233	mul	x4,x1,x4	  x1:0x115b0dd6  x4:0x80008d54  x4=0xd87f6838
      881577000	     43977	80008dfe	00c61263	bne	x12,x12,80008e02	 x12:0x00000000 x12:0x00000000
      881597000	     43978	80008e02	9b7d	c.andi	x14,-1	 x14:0x000002f0 x14=0x000002f0
      882337000	     44015	80008e04	03604db3	div	x27,x0,x22	  x0:0x00000000 x22:0x000073d8 x27=0x00000000
      882357000	     44016	80008e08	038487b3	mul	x15,x9,x24	  x9:0x00004fff x24:0x80008d80 x15=0xac377280
      882377000	     44017	80008e0c	e017a813	slti	x16,x15,-511	 x15:0xac377280 x16=0x00000001
      882397000	     44018	80008e10	340594f3	csrrw	x9,mscratch,x11	 x11:0x8001fe44  x9=0x00000013
      882417000	     44019	80008e14	0413c163	blt	x7,x1,80008e56	  x7:0x00000000  x1:0x115b0dd6
      883497000	     44073	80008e56	0173ec63	bltu	x7,x23,80008e6e	  x7:0x00000000 x23:0xa62b9d9e
      883877000	     44092	80008e6e	88f5	c.andi	x9,29	  x9:0x00000013  x9=0x00000011
      883917000	     44094	80008e70	03a16b63	bltu	x2,x26,80008ea6	  x2:0x00000000 x26:0x00000000
      884097000	     44103	80008e74	02bcbfb3	mulhu	x31,x25,x11	 x25:0x00000000 x11:0x8001fe44 x31=0x00000000
      884517000	     44124	80008e78	0228e433	rem	x8,x17,x2	 x17:0xffffffff  x2:0x00000000  x8=0xffffffff
      884677000	     44132	80008e7c	010f69b3	or	x19,x30,x16	 x30:0x00004fff x16:0x00000001 x19=0x00004fff
      884797000	     44138	80008e80	8b81	c.andi	x15,0	 x15:0xac377280 x15=0x00000000
      884837000	     44140	80008e82	02237033	remu	x0,x6,x2	  x6:0x80008d94  x2:0x00000000  x0=0x00000000
      884897000	     44143	80008e86	4127d2b3	sra	x5,x15,x18	 x15:0x00000000 x18:0x00000002  x5=0x00000000
      884917000	     44144	80008e8a	014c7733	and	x14,x24,x20	 x24:0x80008d80 x20:0x00000000 x14=0x00000000
      884957000	     44146	80008e8e	04ce0063	beq	x28,x12,80008ece	 x28:0x00020000 x12:0x00000000
      884977000	     44147	80008e92	547d	c.li	x8,-1	  x8=0xffffffff
      884997000	     44148	80008e94	033a7363	bgeu	x20,x19,80008eba	 x20:0x00000000 x19:0x00004fff
      885017000	     44149	80008e98	01afe263	bltu	x31,x26,80008e9c	 x31:0x00000000 x26:0x00000000
      885537000	     44175	80008e9c	ed0d	c.bnez	x10,80008ed6	 x10:0x80008d62
      886357000	     44216	80008ed6	0001	c.addi	x0,0	  x0:0x00000000  x0=0x00000000
      886397000	     44218	80008ed8	0922	c.slli	x18,0x8	 x18:0x00000002 x18=0x00000200
      886437000	     44220	80008eda	022caf33	mulhsu	x30,x25,x2	 x25:0x00000000  x2:0x00000000 x30=0x00000000
      887077000	     44252	80008ede	0045a183	lw	x3,4(x11)	 x11:0x8001fe44  x3=0x80006d94 PA:0x8001fe48 load:0x80006d94
      887097000	     44253	80008ee2	6b243113	sltiu	x2,x8,1714	  x8:0xffffffff  x2=0x00000000
      887117000	     44254	80008ee6	02058593	addi	x11,x11,32	 x11:0x8001fe44 x11=0x8001fe64
      887137000	     44255	80008eea	04a1	c.addi	x9,8	  x9:0x00000011  x9=0x00000019
      887177000	     44257	80008eec	02c39bb3	mulh	x23,x7,x12	  x7:0x00000000 x12:0x00000000 x23=0x00000000
      887397000	     44268	80008ef0	0ff0000f	fence	iorw,iorw	
      887817000	     44289	80008ef4	00118813	addi	x16,x3,1	  x3:0x80006d94 x16=0x80006d95
      888037000	     44300	80008ef8	00080867	jalr	x16,0(x16)	 x16:0x80006d95 x16=0x80008efc
      888557000	     44326	80006d94	04a8f163	bgeu	x17,x10,80006dd6	 x17:0xffffffff x10:0x80008d62
      889457000	     44371	80006dd6	031a34b3	mulhu	x9,x20,x17	 x20:0x00000000 x17:0xffffffff  x9=0x00000000
      889477000	     44372	80006dda	c811	c.beqz	x8,80006dee	  x8:0xffffffff
      889497000	     44373	80006ddc	007adb63	bge	x21,x7,80006df2	 x21:0x2d2e16c1  x7:0x00000000
      890117000	     44404	80006df2	0069d293	srli	x5,x19,0x6	 x19:0x00004fff  x5=0x0000013f
      890137000	     44405	80006df6	8a014d13	xori	x26,x2,-1888	  x2:0x00000000 x26=0xfffff8a0
      890417000	     44419	80006dfa	d8252f13	slti	x30,x10,-638	 x10:0x80008d62 x30=0x00000001
      890437000	     44420	80006dfe	8041	c.srli	x8,0x10	  x8:0xffffffff  x8=0x0000ffff
      890577000	     44427	80006e00	0001	c.addi	x0,0	  x0:0x00000000  x0=0x00000000
      890597000	     44428	80006e02	bc71ce13	xori	x28,x3,-1081	  x3:0x80006d94 x28=0x7fff9653
      890717000	     44434	80006e06	03cbc863	blt	x23,x28,80006e36	 x23:0x00000000 x28:0x7fff9653
      892337000	     44515	80006e36	400a8733	sub	x14,x21,x0	 x21:0x2d2e16c1  x0:0x00000000 x14=0x2d2e16c1
      892357000	     44516	80006e3a	0001	c.addi	x0,0	  x0:0x00000000  x0=0x00000000
      892377000	     44517	80006e3c	412289b3	sub	x19,x5,x18	  x5:0x0000013f x18:0x00000200 x19=0xffffff3f
      892397000	     44518	80006e40	0104d833	srl	x16,x9,x16	  x9:0x00000000 x16:0x80008efc x16=0x00000000
      892417000	     44519	80006e44	c011	c.beqz	x8,80006e48	  x8:0x0000ffff
      892437000	     44520	80006e46	0001	c.addi	x0,0	  x0:0x00000000  x0=0x00000000
      892577000	     44527	80006e48	0001	c.addi	x0,0	  x0:0x00000000  x0=0x00000000
      892597000	     44528	80006e4a	033b8863	beq	x23,x19,80006e7a	 x23:0x00000000 x19:0xffffff3f
      892617000	     44529	80006e4e	01265e63	bge	x12,x18,80006e6a	 x12:0x00000000 x18:0x00000200
      892717000	     44534	80006e52	3402b573	csrrc	x10,mscratch,x5	  x5:0x0000013f x10=0x8001fe44
      892737000	     44535	80006e56	00d70533	add	x10,x14,x13	 x14:0x2d2e16c1 x13:0x80023ce4 x10=0xad3053a5
      892877000	     44542	80006e5a	00bd60b3	or	x1,x26,x11	 x26:0xfffff8a0 x11:0x8001fe64  x1=0xfffffee4
      892897000	     44543	80006e5e	01170933	add	x18,x14,x17	 x14:0x2d2e16c1 x17:0xffffffff x18=0x2d2e16c0
      892917000	     44544	80006e62	0ff0000f	fence	iorw,iorw	
      893117000	     44554	80006e66	019de833	or	x16,x27,x25	 x27:0x00000000 x25:0x00000000 x16=0x00000000
      893137000	     44555	80006e6a	013f7863	bgeu	x30,x19,80006e7a	 x30:0x00000001 x19:0xffffff3f
      893157000	     44556	80006e6e	8245	c.srli	x12,0x11	 x12:0x00000000 x12=0x00000000
      893177000	     44557	80006e70	c129	c.beqz	x10,80006eb2	 x10:0xad3053a5
      893217000	     44559	80006e72	02f649b3	div	x19,x12,x15	 x12:0x00000000 x15:0x00000000 x19=0xffffffff
      893517000	     44574	80006e76	031fa533	mulhsu	x10,x31,x17	 x31:0x00000000 x17:0xffffffff x10=0x00000000
      893877000	     44592	80006e7a	18a3ab93	slti	x23,x7,394	  x7:0x00000000 x23=0x00000001
      893897000	     44593	80006e7e	87ad	c.srai	x15,0xb	 x15:0x00000000 x15=0x00000000
      894077000	     44602	80006e80	2038cd13	xori	x26,x17,515	 x17:0xffffffff x26=0xfffffdfc
      894097000	     44603	80006e84	34007a73	csrrci	x20,mscratch,0	 x20=0x8001fe40
      894837000	     44640	80006e88	02197733	remu	x14,x18,x1	 x18:0x2d2e16c0  x1:0xfffffee4 x14=0x2d2e16c0
      894857000	     44641	80006e8c	0001	c.addi	x0,0	  x0:0x00000000  x0=0x00000000
      894877000	     44642	80006e8e	0014edb3	or	x27,x9,x1	  x9:0x00000000  x1:0xfffffee4 x27=0xfffffee4
      894917000	     44644	80006e92	0309be33	mulhu	x28,x19,x16	 x19:0xffffffff x16:0x00000000 x28=0x00000000
      894937000	     44645	80006e96	844d	c.srai	x8,0x13	  x8:0x0000ffff  x8=0x00000000
      894957000	     44646	80006e98	0c29	c.addi	x24,10	 x24:0x80008d80 x24=0x80008d8a
      894977000	     44647	80006e9a	b6bf4793	xori	x15,x30,-1173	 x30:0x00000001 x15=0xfffffb6a
      894997000	     44648	80006e9e	8ae2	c.mv	x21,x24	  x0:0x00000000 x24:0x80008d8a x21=0x80008d8a
      895177000	     44657	80006ea0	01785613	srli	x12,x16,0x17	 x16:0x00000000 x12=0x00000000
      895197000	     44658	80006ea4	01d6a2b3	slt	x5,x13,x29	 x13:0x80023ce4 x29:0x0000e7b5  x5=0x00000001
      895217000	     44659	80006ea8	41a88eb3	sub	x29,x17,x26	 x17:0xffffffff x26:0xfffffdfc x29=0x00000203
      895357000	     44666	80006eac	1ceb0813	addi	x16,x22,462	 x22:0x000073d8 x16=0x000075a6
      895377000	     44667	80006eb0	4705	c.li	x14,1	 x14=0x00000001
      895417000	     44669	80006eb2	02ce1cb3	mulh	x25,x28,x12	 x28:0x00000000 x12:0x00000000 x25=0x00000000
      895817000	     44689	80006eb6	00cc04b3	add	x9,x24,x12	 x24:0x80008d8a x12:0x00000000  x9=0x80008d8a
      895837000	     44690	80006eba	032d0233	mul	x4,x26,x18	 x26:0xfffffdfc x18:0x2d2e16c0  x4=0xef1a2500
      895897000	     44693	80006ebe	0019f863	bgeu	x19,x1,80006ece	 x19:0xffffffff  x1:0xfffffee4
      896397000	     44718	80006ece	98fd	c.andi	x9,-1	  x9:0x80008d8a  x9=0x80008d8a
      896457000	     44721	80006ed0	4749	c.li	x14,18	 x14=0x00000012
      896477000	     44722	80006ed2	0305	c.addi	x6,1	  x6:0x80008d94  x6=0x80008d95
      896497000	     44723	80006ed4	01e86363	bltu	x16,x30,80006eda	 x16:0x000075a6 x30:0x00000001
      896517000	     44724	80006ed8	4d0d	c.li	x26,3	 x26=0x00000003
      896537000	     44725	80006eda	026afa63	bgeu	x21,x6,80006f0e	 x21:0x80008d8a  x6:0x80008d95
      896677000	     44732	80006ede	018fdb63	bge	x31,x24,80006ef4	 x31:0x00000000 x24:0x80008d8a
      897317000	     44764	80006ef4	02300e33	mul	x28,x0,x3	  x0:0x00000000  x3:0x80006d94 x28=0x00000000
      897517000	     44774	80006ef8	c31d	c.beqz	x14,80006f1e	 x14:0x00000012
      897957000	     44796	80006efa	03ec3d33	mulhu	x26,x24,x30	 x24:0x80008d8a x30:0x00000001 x26=0x00000000
      897977000	     44797	80006efe	0001	c.addi	x0,0	  x0:0x00000000  x0=0x00000000
      898057000	     44801	80006f00	340ea873	csrrs	x16,mscratch,x29	 x29:0x00000203 x16=0x8001fe40
      898097000	     44803	80006f04	03031a33	mulh	x20,x6,x16	  x6:0x80008d95 x16:0x8001fe40 x20=0x3ffeba16
      898117000	     44804	80006f08	340cd873	csrrwi	x16,mscratch,25	 x16=0x8001fe43
      898237000	     44810	80006f0c	6129	c.addi16sp	x2,192	  x2:0x00000000  x2=0x000000c0
      898297000	     44813	80006f0e	41fb5713	srai	x14,x22,0x1f	 x22:0x000073d8 x14=0x00000000
      899097000	     44853	80006f12	023d6133	rem	x2,x26,x3	 x26:0x00000000  x3:0x80006d94  x2=0x00000000
      899117000	     44854	80006f16	da7d4a93	xori	x21,x26,-601	 x26:0x00000000 x21=0xfffffda7
      899157000	     44856	80006f1a	036bb2b3	mulhu	x5,x23,x22	 x23:0x00000001 x22:0x000073d8  x5=0x00000000
      899177000	     44857	80006f1e	42e5	c.li	x5,25	  x5=0x00000019
      899197000	     44858	80006f20	4489	c.li	x9,2	  x9=0x00000002
      899217000	     44859	80006f22	01d011b3	sll	x3,x0,x29	  x0:0x00000000 x29:0x00000203  x3=0x00000000
      899237000	     44860	80006f26	00acc533	xor	x10,x25,x10	 x25:0x00000000 x10:0x00000000 x10=0x00000000
      899477000	     44872	80006f2a	340bb7f3	csrrc	x15,mscratch,x23	 x23:0x00000001 x15=0x00000019
      899497000	     44873	80006f2e	340c62f3	csrrsi	x5,mscratch,24	  x5=0x00000018
      899517000	     44874	80006f32	0000100f	fence.i	
      900037000	     44900	80006f36	00d59e13	slli	x28,x11,0xd	 x11:0x8001fe64 x28=0x3fcc8000
      900057000	     44901	80006f3a	3408d573	csrrwi	x10,mscratch,17	 x10=0x00000018
      900457000	     44921	80006f3e	00a5f8b3	and	x17,x11,x10	 x11:0x8001fe64 x10:0x00000018 x17=0x00000000
      900597000	     44928	80006f42	34007af3	csrrci	x21,mscratch,0	 x21=0x00000011
      900617000	     44929	80006f46	8c31	c.xor	x8,x12	  x8:0x00000000 x12:0x00000000  x8=0x00000000
      900677000	     44932	80006f48	ca11	c.beqz	x12,80006f5c	 x12:0x00000000
      901737000	     44985	80006f5c	340039f3	csrrc	x19,mscratch,x0	  x0:0x00000000 x19=0x00000011
      901757000	     44986	80006f60	8c19	c.sub	x8,x14	  x8:0x00000000 x14:0x00000000  x8=0x00000000
      901977000	     44997	80006f62	5cbf2a13	slti	x20,x30,1483	 x30:0x00000001 x20=0x00000001
      902997000	     45048	80006f66	03875433	divu	x8,x14,x24	 x14:0x00000000 x24:0x80008d8a  x8=0x00000000
      903017000	     45049	80006f6a	4861	c.li	x16,24	 x16=0x00000018
      903037000	     45050	80006f6c	8f41	c.or	x14,x8	 x14:0x00000000  x8:0x00000000 x14=0x00000000
      903057000	     45051	80006f6e	19c62b17	auipc	x22,0x19c62	 x22=0x99c68f6e
      903077000	     45052	80006f72	0b80	c.addi4spn	x8,x2,464	  x8=0x000001d0
      903097000	     45053	80006f74	1b00	c.addi4spn	x8,x2,432	  x8=0x000001b0
      903117000	     45054	80006f76	8d1d	c.sub	x10,x15	 x10:0x00000018 x15:0x00000019 x10=0xffffffff
      903137000	     45055	80006f78	0a00	c.addi4spn	x8,x2,272	  x8=0x00000110
      903157000	     45056	80006f7a	010d72b3	and	x5,x26,x16	 x26:0x00000000 x16:0x00000018  x5=0x00000000
      903177000	     45057	80006f7e	412b5b93	srai	x23,x22,0x12	 x22:0x99c68f6e x23=0xffffe671
      903197000	     45058	80006f82	02d08363	beq	x1,x13,80006fa8	  x1:0xfffffee4 x13:0x80023ce4
      903217000	     45059	80006f86	8e1d	c.sub	x12,x15	 x12:0x00000000 x15:0x00000019 x12=0xffffffe7
      903417000	     45069	80006f88	02515833	divu	x16,x2,x5	  x2:0x00000000  x5:0x00000000 x16=0xffffffff
      903597000	     45078	80006f8c	340b59f3	csrrwi	x19,mscratch,22	 x19=0x00000011
      903617000	     45079	80006f90	340f7cf3	csrrci	x25,mscratch,30	 x25=0x00000016
      903657000	     45081	80006f94	014b5e93	srli	x29,x22,0x14	 x22:0x99c68f6e x29=0x0000099c
      904077000	     45102	80006f98	02901163	bne	x0,x9,80006fba	  x0:0x00000000  x9:0x00000002
      904197000	     45108	80006fba	c90d	c.beqz	x10,80006fec	 x10:0xffffffff
      904277000	     45112	80006fbc	8762	c.mv	x14,x24	  x0:0x00000000 x24:0x80008d8a x14=0x80008d8a
      904297000	     45113	80006fbe	40b68733	sub	x14,x13,x11	 x13:0x80023ce4 x11:0x8001fe64 x14=0x00003e80
      904417000	     45119	80006fc2	03f8df63	bge	x17,x31,80007000	 x17:0x00000000 x31:0x00000000
      904877000	     45142	80007000	0001	c.addi	x0,0	  x0:0x00000000  x0=0x00000000
      904897000	     45143	80007002	6a5d	c.lui	x20,0x17	 x20=0x00017000
      905297000	     45163	80007004	8c29	c.xor	x8,x10	  x8:0x00000110 x10:0xffffffff  x8=0xfffffeef
      905317000	     45164	80007006	038001ef	jal	x3,8000703e	  x3=0x8000700a
      905837000	     45190	8000703e	fdfff56f	jal	x10,8000701c	 x10=0x80007042
      906777000	     45237	8000701c	a821	c.j	80007034	
      908177000	     45307	80007034	fe5ff0ef	jal	x1,80007018	  x1=0x80007038
      908217000	     45309	80007018	016000ef	jal	x1,8000702e	  x1=0x8000701c
      908257000	     45311	8000702e	2031	c.jal	8000703a	  x1=0x80007030
      908317000	     45314	8000703a	fd9ff7ef	jal	x15,80007012	 x15=0x8000703e
      908777000	     45337	80007012	bffd	c.j	80007010	
      909217000	     45359	80007010	3fed	c.jal	8000700a	  x1=0x80007012
      909337000	     45365	8000700a	200d	c.jal	8000702c	  x1=0x8000700c
      909377000	     45367	8000702c	b7c5	c.j	8000700c	
      909517000	     45374	8000700c	a015	c.j	80007030	
      909557000	     45376	80007030	012001ef	jal	x3,80007042	  x3=0x80007034
      909617000	     45379	80007042	fe5ff36f	jal	x6,80007026	  x6=0x80007046
      909677000	     45382	80007026	fe9ff0ef	jal	x1,8000700e	  x1=0x8000702a
      909737000	     45385	8000700e	2809	c.jal	80007020	  x1=0x80007010
      909797000	     45388	80007020	ff5ff0ef	jal	x1,80007014	  x1=0x80007024
      909837000	     45390	80007014	01000eef	jal	x29,80007024	 x29=0x80007018
      909877000	     45392	80007024	bfed	c.j	8000701e	
      909917000	     45394	8000701e	2031	c.jal	8000702a	  x1=0x80007020
      909957000	     45396	8000702a	a039	c.j	80007038	
      909997000	     45398	80007038	a039	c.j	80007046	
      910077000	     45402	80007046	717d	c.addi16sp	x2,-16	  x2:0x00000000  x2=0xfffffff0
      910137000	     45405	80007048	9bfd	c.andi	x15,-1	 x15:0x8000703e x15=0x8000703e
      910157000	     45406	8000704a	40ed	c.li	x1,27	  x1=0x0000001b
      910177000	     45407	8000704c	340c5273	csrrwi	x4,mscratch,24	  x4=0x00000000
      910237000	     45410	80007050	34036bf3	csrrsi	x23,mscratch,6	 x23=0x00000018
      910257000	     45411	80007054	6165	c.addi16sp	x2,112	  x2:0xfffffff0  x2=0x00000060
      910277000	     45412	80007056	0001	c.addi	x0,0	  x0:0x00000000  x0=0x00000000
      910777000	     45437	80007058	3404b673	csrrc	x12,mscratch,x9	  x9:0x00000002 x12=0x0000001e
      910817000	     45439	8000705c	0156d333	srl	x6,x13,x21	 x13:0x80023ce4 x21:0x00000011  x6=0x00004001
      911137000	     45455	80007060	9bfd	c.andi	x15,-1	 x15:0x8000703e x15=0x8000703e
      911877000	     45492	80007062	02e05933	divu	x18,x0,x14	  x0:0x00000000 x14:0x00003e80 x18=0x00000000
      911897000	     45493	80007066	02a68263	beq	x13,x10,8000708a	 x13:0x80023ce4 x10:0x80007042
      911917000	     45494	8000706a	0133a9b3	slt	x19,x7,x19	  x7:0x00000000 x19:0x00000011 x19=0x00000001
      912657000	     45531	8000706e	02ecf733	remu	x14,x25,x14	 x25:0x00000016 x14:0x00003e80 x14=0x00000016
      912677000	     45532	80007072	029601b3	mul	x3,x12,x9	 x12:0x0000001e  x9:0x00000002  x3=0x0000003c
      912697000	     45533	80007076	8fc9	c.or	x15,x10	 x15:0x8000703e x10:0x80007042 x15=0x8000707e
      912717000	     45534	80007078	8fb1	c.xor	x15,x12	 x15:0x8000707e x12:0x0000001e x15=0x80007060
      912737000	     45535	8000707a	00c15f33	srl	x30,x2,x12	  x2:0x00000060 x12:0x0000001e x30=0x00000000
      912757000	     45536	8000707e	417ad093	srai	x1,x21,0x17	 x21:0x00000011  x1=0x00000000
      912777000	     45537	80007082	0419	c.addi	x8,6	  x8:0xfffffeef  x8=0xfffffef5
      912917000	     45544	80007084	0fd6	c.slli	x31,0x15	 x31:0x00000000 x31=0x00000000
      913137000	     45555	80007086	03fc42b3	div	x5,x24,x31	 x24:0x80008d8a x31:0x00000000  x5=0xffffffff
      913457000	     45571	8000708a	0000100f	fence.i	
      914057000	     45601	8000708e	64307c37	lui	x24,0x64307	 x24=0x64307000
      914077000	     45602	80007092	011d1793	slli	x15,x26,0x11	 x26:0x00000000 x15=0x00000000
      914097000	     45603	80007096	0ed4c993	xori	x19,x9,237	  x9:0x00000002 x19=0x000000ef
      914117000	     45604	8000709a	053ce363	bltu	x25,x19,800070e0	 x25:0x00000016 x19:0x000000ef
      914177000	     45607	800070e0	0001	c.addi	x0,0	  x0:0x00000000  x0=0x00000000
      914337000	     45615	800070e2	d7161f97	auipc	x31,0xd7161	 x31=0x571680e2
      914357000	     45616	800070e6	4a628d37	lui	x26,0x4a628	 x26=0x4a628000
      914377000	     45617	800070ea	9aea	c.add	x21,x26	 x21:0x00000011 x26:0x4a628000 x21=0x4a628011
      915117000	     45654	800070ec	03acebb3	rem	x23,x25,x26	 x25:0x00000016 x26:0x4a628000 x23=0x00000016
      915137000	     45655	800070f0	875d	c.srai	x14,0x17	 x14:0x00000016 x14=0x00000000
      915157000	     45656	800070f2	018b64b3	or	x9,x22,x24	 x22:0x99c68f6e x24:0x64307000  x9=0xfdf6ff6e
      915177000	     45657	800070f6	0001	c.addi	x0,0	  x0:0x00000000  x0=0x00000000
      915197000	     45658	800070f8	008d3cb3	sltu	x25,x26,x8	 x26:0x4a628000  x8:0xfffffef5 x25=0x00000001
      915217000	     45659	800070fc	00032eb3	slt	x29,x6,x0	  x6:0x00004001  x0:0x00000000 x29=0x00000000
      915237000	     45660	80007100	62557c13	andi	x24,x10,1573	 x10:0x80007042 x24=0x00000000
      915257000	     45661	80007104	6815	c.lui	x16,0x5	 x16=0x00005000
      915277000	     45662	80007106	013d0b63	beq	x26,x19,8000711c	 x26:0x4a628000 x19:0x000000ef
      915317000	     45664	8000710a	00abd463	bge	x23,x10,80007112	 x23:0x00000016 x10:0x80007042
      915457000	     45671	80007112	8662	c.mv	x12,x24	  x0:0x00000000 x24:0x00000000 x12=0x00000000
      915637000	     45680	80007114	415c5fb3	sra	x31,x24,x21	 x24:0x00000000 x21:0x4a628011 x31=0x00000000
      915657000	     45681	80007118	2750a793	slti	x15,x1,629	  x1:0x00000000 x15=0x00000001
      915677000	     45682	8000711c	41805413	srai	x8,x0,0x18	  x0:0x00000000  x8=0x00000000
      915697000	     45683	80007120	1025c793	xori	x15,x11,258	 x11:0x8001fe64 x15=0x8001ff66
      915717000	     45684	80007124	016e	c.slli	x2,0x1b	  x2:0x00000060  x2=0x00000000
      915757000	     45686	80007126	4d4d2793	slti	x15,x26,1236	 x26:0x4a628000 x15=0x00000000
      915777000	     45687	8000712a	8d25	c.xor	x10,x9	 x10:0x80007042  x9:0xfdf6ff6e x10=0x7df68f2c
      915797000	     45688	8000712c	4b41	c.li	x22,16	 x22=0x00000010
      915817000	     45689	8000712e	002f7b63	bgeu	x30,x2,80007144	 x30:0x00000000  x2:0x00000000
      916617000	     45729	80007144	34003cf3	csrrc	x25,mscratch,x0	  x0:0x00000000 x25=0x0000001c
      916637000	     45730	80007148	40cf5333	sra	x6,x30,x12	 x30:0x00000000 x12:0x00000000  x6=0x00000000
      916877000	     45742	8000714c	01ecdcb3	srl	x25,x25,x30	 x25:0x0000001c x30:0x00000000 x25=0x0000001c
      917077000	     45752	80007150	405bdc13	srai	x24,x23,0x5	 x23:0x00000016 x24=0x00000000
      917297000	     45763	80007154	0325d633	divu	x12,x11,x18	 x11:0x8001fe64 x18:0x00000000 x12=0xffffffff
      917317000	     45764	80007158	0000100f	fence.i	
      917577000	     45777	8000715c	402bdf93	srai	x31,x23,0x2	 x23:0x00000016 x31=0x00000005
      917957000	     45796	80007160	34007873	csrrci	x16,mscratch,0	 x16=0x0000001c
      918057000	     45801	80007164	1bfd	c.addi	x23,-1	 x23:0x00000016 x23=0x00000015
      918077000	     45802	80007166	01650ab3	add	x21,x10,x22	 x10:0x7df68f2c x22:0x00000010 x21=0x7df68f3c
      918097000	     45803	8000716a	34003173	csrrc	x2,mscratch,x0	  x0:0x00000000  x2=0x0000001c
      918357000	     45816	8000716e	00edbb33	sltu	x22,x27,x14	 x27:0xfffffee4 x14:0x00000000 x22=0x00000000
      918377000	     45817	80007172	99ba	c.add	x19,x14	 x19:0x000000ef x14:0x00000000 x19=0x000000ef
      918397000	     45818	80007174	40f808b3	sub	x17,x16,x15	 x16:0x0000001c x15:0x00000000 x17=0x0000001c
      918717000	     45834	80007178	02ab8933	mul	x18,x23,x10	 x23:0x00000015 x10:0x7df68f2c x18=0x5539be9c
      918897000	     45843	8000717c	40820fb3	sub	x31,x4,x8	  x4:0x00000000  x8:0x00000000 x31=0x00000000
      919077000	     45852	80007180	41cd5533	sra	x10,x26,x28	 x26:0x4a628000 x28:0x3fcc8000 x10=0x4a628000
      919097000	     45853	80007184	8d12	c.mv	x26,x4	  x0:0x00000000  x4:0x00000000 x26=0x00000000
      919117000	     45854	80007186	091c	c.addi4spn	x15,x2,144	 x15=0x000000ac
      919177000	     45857	80007188	0100b4b3	sltu	x9,x1,x16	  x1:0x00000000 x16:0x0000001c  x9=0x00000001
      919237000	     45860	8000718c	0001	c.addi	x0,0	  x0:0x00000000  x0=0x00000000
      920057000	     45901	8000718e	03b1e9b3	rem	x19,x3,x27	  x3:0x0000003c x27:0xfffffee4 x19=0x0000003c
      920097000	     45903	80007192	038e3433	mulhu	x8,x28,x24	 x28:0x3fcc8000 x24:0x00000000  x8=0x00000000
      920137000	     45905	80007196	0249d633	divu	x12,x19,x4	 x19:0x0000003c  x4:0x00000000 x12=0xffffffff
      920157000	     45906	8000719a	03ee8bb3	mul	x23,x29,x30	 x29:0x00000000 x30:0x00000000 x23=0x00000000
      921237000	     45960	8000719e	02fd4933	div	x18,x26,x15	 x26:0x00000000 x15:0x000000ac x18=0x00000000
      921257000	     45961	800071a2	84e9	c.srai	x9,0x1a	  x9:0x00000001  x9=0x00000000
      921277000	     45962	800071a4	014001ef	jal	x3,800071b8	  x3=0x800071a8
      921357000	     45966	800071b8	3ff5	c.jal	800071b4	  x1=0x800071ba
      921757000	     45986	800071b4	006000ef	jal	x1,800071ba	  x1=0x800071b8
      922477000	     46022	800071ba	2005	c.jal	800071da	  x1=0x800071bc
      923097000	     46053	800071da	a011	c.j	800071de	
      923717000	     46084	800071de	b7cd	c.j	800071c0	
      924817000	     46139	800071c0	02c000ef	jal	x1,800071ec	  x1=0x800071c4
      924857000	     46141	800071ec	fc7ff0ef	jal	x1,800071b2	  x1=0x800071f0
      925537000	     46175	800071b2	3fdd	c.jal	800071a8	  x1=0x800071b4
      926057000	     46201	800071a8	02a000ef	jal	x1,800071d2	  x1=0x800071ac
      926117000	     46204	800071d2	a039	c.j	800071e0	
      926177000	     46207	800071e0	37f1	c.jal	800071ac	  x1=0x800071e2
      926577000	     46227	800071ac	2801	c.jal	800071bc	  x1=0x800071ae
      926637000	     46230	800071bc	a035	c.j	800071e8	
      926677000	     46232	800071e8	3ffd	c.jal	800071e6	  x1=0x800071ea
      926717000	     46234	800071e6	3ff9	c.jal	800071c4	  x1=0x800071e8
      926777000	     46237	800071c4	00a00aef	jal	x21,800071ce	 x21=0x800071c8
      926837000	     46240	800071ce	014000ef	jal	x1,800071e2	  x1=0x800071d2
      926917000	     46244	800071e2	0080036f	jal	x6,800071ea	  x6=0x800071e6
      926977000	     46247	800071ea	37d9	c.jal	800071b0	  x1=0x800071ec
      927017000	     46249	800071b0	a089	c.j	800071f2	
      927077000	     46252	800071f2	fe3ff36f	jal	x6,800071d4	  x6=0x800071f6
      927137000	     46255	800071d4	a00d	c.j	800071f6	
      927197000	     46258	800071f6	bfc9	c.j	800071c8	
      927257000	     46261	800071c8	028000ef	jal	x1,800071f0	  x1=0x800071cc
      927317000	     46264	800071f0	bff1	c.j	800071cc	
      927377000	     46267	800071cc	b7cd	c.j	800071ae	
      927437000	     46270	800071ae	2801	c.jal	800071be	  x1=0x800071b0
      927497000	     46273	800071be	2821	c.jal	800071d6	  x1=0x800071c0
      927577000	     46277	800071d6	00600eef	jal	x29,800071dc	 x29=0x800071da
      927617000	     46279	800071dc	2831	c.jal	800071f8	  x1=0x800071de
      929097000	     46353	800071f8	01549313	slli	x6,x9,0x15	  x9:0x00000000  x6=0x00000000
      929117000	     46354	800071fc	6429	c.lui	x8,0xa	  x8=0x0000a000
      929137000	     46355	800071fe	0001	c.addi	x0,0	  x0:0x00000000  x0=0x00000000
      929157000	     46356	80007200	9bfd	c.andi	x15,-1	 x15:0x000000ac x15=0x000000ac
      929577000	     46377	80007202	030e22b3	mulhsu	x5,x28,x16	 x28:0x3fcc8000 x16:0x0000001c  x5=0x00000006
      929597000	     46378	80007206	0756	c.slli	x14,0x15	 x14:0x00000000 x14=0x00000000
      929617000	     46379	80007208	0164b1b3	sltu	x3,x9,x22	  x9:0x00000000 x22:0x00000000  x3=0x00000000
      929657000	     46381	8000720c	0363f833	remu	x16,x7,x22	  x7:0x00000000 x22:0x00000000 x16=0x00000000
      929677000	     46382	80007210	01a69a93	slli	x21,x13,0x1a	 x13:0x80023ce4 x21=0x90000000
      929697000	     46383	80007214	41665d13	srai	x26,x12,0x16	 x12:0xffffffff x26=0xffffffff
      929917000	     46394	80007218	0233bf33	mulhu	x30,x7,x3	  x7:0x00000000  x3:0x00000000 x30=0x00000000
      929957000	     46396	8000721c	03f8b733	mulhu	x14,x17,x31	 x17:0x0000001c x31:0x00000000 x14=0x00000000
      929977000	     46397	80007220	01dddcb3	srl	x25,x27,x29	 x27:0xfffffee4 x29:0x800071da x25=0x0000003f
      929997000	     46398	80007224	098a	c.slli	x19,0x2	 x19:0x0000003c x19=0x000000f0
      930137000	     46405	80007226	41135ab3	sra	x21,x6,x17	  x6:0x00000000 x17:0x0000001c x21=0x00000000
      930177000	     46407	8000722a	0ff0000f	fence	iorw,iorw	
      930617000	     46429	8000722e	02132bb3	mulhsu	x23,x6,x1	  x6:0x00000000  x1:0x800071de x23=0x00000000
      930637000	     46430	80007232	34003373	csrrc	x6,mscratch,x0	  x0:0x00000000  x6=0x0000001c
      930657000	     46431	80007236	02d7c463	blt	x15,x13,8000725e	 x15:0x000000ac x13:0x80023ce4
      930697000	     46433	8000723a	03813633	mulhu	x12,x2,x24	  x2:0x0000001c x24:0x00000000 x12=0x00000000
      931077000	     46452	8000723e	00ef1713	slli	x14,x30,0xe	 x30:0x00000000 x14=0x00000000
      931497000	     46473	80007242	00bf2133	slt	x2,x30,x11	 x30:0x00000000 x11:0x8001fe64  x2=0x00000000
      931517000	     46474	80007246	892d	c.andi	x10,11	 x10:0x4a628000 x10=0x00000000
      931537000	     46475	80007248	0033d993	srli	x19,x7,0x3	  x7:0x00000000 x19=0x00000000
      931697000	     46483	8000724c	8f15	c.sub	x14,x13	 x14:0x00000000 x13:0x80023ce4 x14=0x7ffdc31c
      931877000	     46492	8000724e	037e6db3	rem	x27,x28,x23	 x28:0x3fcc8000 x23:0x00000000 x27=0x3fcc8000
      931897000	     46493	80007252	34099a73	csrrw	x20,mscratch,x19	 x19:0x00000000 x20=0x0000001c
      932177000	     46507	80007256	41275133	sra	x2,x14,x18	 x14:0x7ffdc31c x18:0x00000000  x2=0x7ffdc31c
      932197000	     46508	8000725a	00ed9b13	slli	x22,x27,0xe	 x27:0x3fcc8000 x22=0x20000000
      932217000	     46509	8000725e	00b7f863	bgeu	x15,x11,8000726e	 x15:0x000000ac x11:0x8001fe64
      932237000	     46510	80007262	8c8d	c.sub	x9,x11	  x9:0x00000000 x11:0x8001fe64  x9=0x7ffe019c
      932277000	     46512	80007264	039bb533	mulhu	x10,x23,x25	 x23:0x00000000 x25:0x0000003f x10=0x00000000
      932297000	     46513	80007268	9bfd	c.andi	x15,-1	 x15:0x000000ac x15=0x000000ac
      932317000	     46514	8000726a	34003473	csrrc	x8,mscratch,x0	  x0:0x00000000  x8=0x00000000
      932337000	     46515	8000726e	40495193	srai	x3,x18,0x4	 x18:0x00000000  x3=0x00000000
      932357000	     46516	80007272	8fa9	c.xor	x15,x10	 x15:0x000000ac x10:0x00000000 x15=0x000000ac
      932737000	     46535	80007274	01fd1793	slli	x15,x26,0x1f	 x26:0xffffffff x15=0x80000000
      932877000	     46542	80007278	023ceb33	rem	x22,x25,x3	 x25:0x0000003f  x3:0x00000000 x22=0x0000003f
      932897000	     46543	8000727c	c019	c.beqz	x8,80007282	  x8:0x00000000
      934417000	     46619	80007282	34003473	csrrc	x8,mscratch,x0	  x0:0x00000000  x8=0x00000000
      934437000	     46620	80007286	002d42b3	xor	x5,x26,x2	 x26:0xffffffff  x2:0x7ffdc31c  x5=0x80023ce3
      934457000	     46621	8000728a	ef13bc97	auipc	x25,0xef13b	 x25=0x6f14228a
      934477000	     46622	8000728e	41545a33	sra	x20,x8,x21	  x8:0x00000000 x21:0x00000000 x20=0x00000000
      934497000	     46623	80007292	40358c33	sub	x24,x11,x3	 x11:0x8001fe64  x3:0x00000000 x24=0x8001fe64
      935277000	     46662	80007296	03927db3	remu	x27,x4,x25	  x4:0x00000000 x25:0x6f14228a x27=0x00000000
      936017000	     46699	8000729a	02284bb3	div	x23,x16,x2	 x16:0x00000000  x2:0x7ffdc31c x23=0x00000000
      936037000	     46700	8000729e	8f3d	c.xor	x14,x15	 x14:0x7ffdc31c x15:0x80000000 x14=0xfffdc31c
      936057000	     46701	800072a0	0066a833	slt	x16,x13,x6	 x13:0x80023ce4  x6:0x0000001c x16=0x00000001
      936077000	     46702	800072a4	00dc9d93	slli	x27,x25,0xd	 x25:0x6f14228a x27=0x84514000
      936097000	     46703	800072a8	40aa58b3	sra	x17,x20,x10	 x20:0x00000000 x10:0x00000000 x17=0x00000000
      936117000	     46704	800072ac	340e9373	csrrw	x6,mscratch,x29	 x29:0x800071da  x6=0x00000000
      936157000	     46706	800072b0	02a32e33	mulhsu	x28,x6,x10	  x6:0x00000000 x10:0x00000000 x28=0x00000000
      936177000	     46707	800072b4	36a3f837	lui	x16,0x36a3f	 x16=0x36a3f000
      939497000	     46873	800072b8	34079373	csrrw	x6,mscratch,x15	 x15:0x80000000  x6=0x800071da
      939517000	     46874	800072bc	340abb73	csrrc	x22,mscratch,x21	 x21:0x00000000 x22=0x80000000
      940257000	     46911	800072c0	036c40b3	div	x1,x24,x22	 x24:0x8001fe64 x22:0x80000000  x1=0x00000000
      940277000	     46912	800072c4	0150ca33	xor	x20,x1,x21	  x1:0x00000000 x21:0x00000000 x20=0x00000000
      940297000	     46913	800072c8	ef188913	addi	x18,x17,-271	 x17:0x00000000 x18=0xfffffef1
      940317000	     46914	800072cc	87e9	c.srai	x15,0x1a	 x15:0x80000000 x15=0xffffffe0
      941057000	     46951	800072ce	02b24233	div	x4,x4,x11	  x4:0x00000000 x11:0x8001fe64  x4=0x00000000
      941077000	     46952	800072d2	01a1cd63	blt	x3,x26,800072ec	  x3:0x00000000 x26:0xffffffff
      941097000	     46953	800072d6	15ada737	lui	x14,0x15ada	 x14=0x15ada000
      941117000	     46954	800072da	3405d273	csrrwi	x4,mscratch,11	  x4=0x80000000
      941137000	     46955	800072de	8fc5	c.or	x15,x9	 x15:0xffffffe0  x9:0x7ffe019c x15=0xfffffffc
      941177000	     46957	800072e0	027634b3	mulhu	x9,x12,x7	 x12:0x00000000  x7:0x00000000  x9=0x00000000
      941417000	     46969	800072e4	0269dd63	bge	x19,x6,8000731e	 x19:0x00000000  x6:0x800071da
      942137000	     47005	8000731e	0001	c.addi	x0,0	  x0:0x00000000  x0=0x00000000
      942257000	     47011	80007320	8fca	c.mv	x31,x18	  x0:0x00000000 x18:0xfffffef1 x31=0xfffffef1
      942997000	     47048	80007322	02594933	div	x18,x18,x5	 x18:0xfffffef1  x5:0x80023ce3 x18=0x00000000
      943017000	     47049	80007326	00f68663	beq	x13,x15,80007332	 x13:0x80023ce4 x15:0xfffffffc
      943037000	     47050	8000732a	8e51	c.or	x12,x12	 x12:0x00000000 x12:0x00000000 x12=0x00000000
      943057000	     47051	8000732c	8e59	c.or	x12,x14	 x12:0x00000000 x14:0x15ada000 x12=0x15ada000
      943077000	     47052	8000732e	3404a273	csrrs	x4,mscratch,x9	  x9:0x00000000  x4=0x0000000b
      943097000	     47053	80007332	00d19933	sll	x18,x3,x13	  x3:0x00000000 x13:0x80023ce4 x18=0x00000000
      943117000	     47054	80007336	8525	c.srai	x10,0x9	 x10:0x00000000 x10=0x00000000
      943137000	     47055	80007338	41dd5c33	sra	x24,x26,x29	 x26:0xffffffff x29:0x800071da x24=0xffffffff
      943157000	     47056	8000733c	01936cb3	or	x25,x6,x25	  x6:0x800071da x25:0x6f14228a x25=0xef1473da
      943497000	     47073	80007340	34023773	csrrc	x14,mscratch,x4	  x4:0x0000000b x14=0x0000000b
      943537000	     47075	80007344	03889e33	mulh	x28,x17,x24	 x17:0x00000000 x24:0xffffffff x28=0x00000000
      943597000	     47078	80007348	932e	c.add	x6,x11	  x6:0x800071da x11:0x8001fe64  x6=0x0002703e
      944017000	     47099	8000734a	00044963	blt	x8,x0,8000735c	  x8:0x00000000  x0:0x00000000
      944037000	     47100	8000734e	0000100f	fence.i	
      945017000	     47149	80007352	01983633	sltu	x12,x16,x25	 x16:0x36a3f000 x25:0xef1473da x12=0x00000001
      945037000	     47150	80007356	0c06	c.slli	x24,0x1	 x24:0xffffffff x24=0xfffffffe
      945437000	     47170	80007358	0000100f	fence.i	
      946077000	     47202	8000735c	8c15	c.sub	x8,x13	  x8:0x00000000 x13:0x80023ce4  x8=0x7ffdc31c
      946097000	     47203	8000735e	02af6e63	bltu	x30,x10,8000739a	 x30:0x00000000 x10:0x00000000
      946117000	     47204	80007362	013bd663	bge	x23,x19,8000736e	 x23:0x00000000 x19:0x00000000
      946197000	     47208	8000736e	0ca5	c.addi	x25,9	 x25:0xef1473da x25=0xef1473e3
      946537000	     47225	80007370	8825	c.andi	x8,9	  x8:0x7ffdc31c  x8=0x00000008
      946677000	     47232	80007372	34007673	csrrci	x12,mscratch,0	 x12=0x00000000
      946757000	     47236	80007376	e4ee7637	lui	x12,0xe4ee7	 x12=0xe4ee7000
      946777000	     47237	8000737a	8d11	c.sub	x10,x12	 x10:0x00000000 x12:0xe4ee7000 x10=0x1b119000
      946877000	     47242	8000737c	01709663	bne	x1,x23,80007388	  x1:0x00000000 x23:0x00000000
      947057000	     47251	80007380	7ecd2e13	slti	x28,x26,2028	 x26:0xffffffff x28=0x00000001
      947417000	     47269	80007384	0172e533	or	x10,x5,x23	  x5:0x80023ce3 x23:0x00000000 x10=0x80023ce3
      947797000	     47288	80007388	02da0ab3	mul	x21,x20,x13	 x20:0x00000000 x13:0x80023ce4 x21=0x00000000
      947817000	     47289	8000738c	8b3d	c.andi	x14,15	 x14:0x0000000b x14=0x0000000b
      947837000	     47290	8000738e	4631	c.li	x12,12	 x12=0x0000000c
      947977000	     47297	80007390	8851	c.andi	x8,20	  x8:0x00000008  x8=0x00000000
      947997000	     47298	80007392	51cabb13	sltiu	x22,x21,1308	 x21:0x00000000 x22=0x00000001
      949137000	     47355	80007396	030e68b3	rem	x17,x28,x16	 x28:0x00000001 x16:0x36a3f000 x17=0x00000001
      949157000	     47356	8000739a	0001	c.addi	x0,0	  x0:0x00000000  x0=0x00000000
      949177000	     47357	8000739c	0057da33	srl	x20,x15,x5	 x15:0xfffffffc  x5:0x80023ce3 x20=0x1fffffff
      949197000	     47358	800073a0	02865463	bge	x12,x8,800073c8	 x12:0x0000000c  x8:0x00000000
      949717000	     47384	800073c8	03aab8b3	mulhu	x17,x21,x26	 x21:0x00000000 x26:0xffffffff x17=0x00000000
      950097000	     47403	800073cc	01c31133	sll	x2,x6,x28	  x6:0x0002703e x28:0x00000001  x2=0x0004e07c
      950137000	     47405	800073d0	038e29b3	mulhsu	x19,x28,x24	 x28:0x00000001 x24:0xfffffffe x19=0x00000000
      950537000	     47425	800073d4	8d3d	c.xor	x10,x15	 x10:0x80023ce3 x15:0xfffffffc x10=0x7ffdc31f
      950657000	     47431	800073d6	0000100f	fence.i	
      951097000	     47453	800073da	007fbab3	sltu	x21,x31,x7	 x31:0xfffffef1  x7:0x00000000 x21=0x00000000
      951117000	     47454	800073de	8e55	c.or	x12,x13	 x12:0x0000000c x13:0x80023ce4 x12=0x80023cec
      951237000	     47460	800073e0	0027c1b3	xor	x3,x15,x2	 x15:0xfffffffc  x2:0x0004e07c  x3=0xfffb1f80
      951257000	     47461	800073e4	66528813	addi	x16,x5,1637	  x5:0x80023ce3 x16=0x80024348
      951277000	     47462	800073e8	0590	c.addi4spn	x12,x2,704	 x12=0x0004e33c
      951297000	     47463	800073ea	008a0c63	beq	x20,x8,80007402	 x20:0x1fffffff  x8:0x00000000
      951457000	     47471	800073ee	e1236a93	ori	x21,x6,-494	  x6:0x0002703e x21=0xfffffe3e
      951477000	     47472	800073f2	cb89	c.beqz	x15,80007404	 x15:0xfffffffc
      951537000	     47475	800073f4	340077f3	csrrci	x15,mscratch,0	 x15=0x00000000
      951957000	     47496	800073f8	028d6a63	bltu	x26,x8,8000742c	 x26:0xffffffff  x8:0x00000000
      952377000	     47517	800073fc	009f4433	xor	x8,x30,x9	 x30:0x00000000  x9:0x00000000  x8=0x00000000
      952397000	     47518	80007400	8525	c.srai	x10,0x9	 x10:0x7ffdc31f x10=0x003ffee1
      952417000	     47519	80007402	8321	c.srli	x14,0x8	 x14:0x0000000b x14=0x00000000
      952777000	     47537	80007404	01b09913	slli	x18,x1,0x1b	  x1:0x00000000 x18=0x00000000
      952877000	     47542	80007408	02e48a33	mul	x20,x9,x14	  x9:0x00000000 x14:0x00000000 x20=0x00000000
      953297000	     47563	8000740c	4090d793	srai	x15,x1,0x9	  x1:0x00000000 x15=0x00000000
      953617000	     47579	80007410	0ff0000f	fence	iorw,iorw	
      953637000	     47580	80007414	09f3f463	bgeu	x7,x31,8000749c	  x7:0x00000000 x31:0xfffffef1
      953677000	     47582	80007418	01dcd633	srl	x12,x25,x29	 x25:0xef1473e3 x29:0x800071da x12=0x0000003b
      953697000	     47583	8000741c	0016c9b3	xor	x19,x13,x1	 x13:0x80023ce4  x1:0x00000000 x19=0x80023ce4
      953717000	     47584	80007420	0ff0000f	fence	iorw,iorw	
      953977000	     47597	80007424	40925d93	srai	x27,x4,0x9	  x4:0x0000000b x27=0x00000000
      954417000	     47619	80007428	03321833	mulh	x16,x4,x19	  x4:0x0000000b x19:0x80023ce4 x16=0xfffffffa
      954617000	     47629	8000742c	5a9db917	auipc	x18,0x5a9db	 x18=0xda9e242c
      954637000	     47630	80007430	50936a93	ori	x21,x6,1289	  x6:0x0002703e x21=0x0002753f
      954657000	     47631	80007434	05798d63	beq	x19,x23,8000748e	 x19:0x80023ce4 x23:0x00000000
      954677000	     47632	80007438	008001ef	jal	x3,80007440	  x3=0x8000743c
      955057000	     47651	80007440	2819	c.jal	80007456	  x1=0x80007442
      955257000	     47661	80007456	a831	c.j	80007472	
      955917000	     47694	80007472	3fe9	c.jal	8000744c	  x1=0x80007474
      956177000	     47707	8000744c	bffd	c.j	8000744a	
      956457000	     47721	8000744a	2005	c.jal	8000746a	  x1=0x8000744c
      957397000	     47768	8000746a	fdfff0ef	jal	x1,80007448	  x1=0x8000746e
      957437000	     47770	80007448	2811	c.jal	8000745c	  x1=0x8000744a
      957497000	     47773	8000745c	b7dd	c.j	80007442	
      957757000	     47786	80007442	01c000ef	jal	x1,8000745e	  x1=0x80007446
      957797000	     47788	8000745e	3fed	c.jal	80007458	  x1=0x80007460
      957837000	     47790	80007458	016000ef	jal	x1,8000746e	  x1=0x8000745c
      957877000	     47792	8000746e	37c5	c.jal	8000744e	  x1=0x80007470
      957937000	     47795	8000744e	fefff0ef	jal	x1,8000743c	  x1=0x80007452
      958397000	     47818	8000743c	a819	c.j	80007452	
      958457000	     47821	80007452	fedff0ef	jal	x1,8000743e	  x1=0x80007456
      958917000	     47844	8000743e	a01d	c.j	80007464	
      958957000	     47846	80007464	bff5	c.j	80007460	
      958997000	     47848	80007460	2009	c.jal	80007462	  x1=0x80007462
      959037000	     47850	80007462	2011	c.jal	80007466	  x1=0x80007464
      959137000	     47855	80007466	fe1ff36f	jal	x6,80007446	  x6=0x8000746a
      959177000	     47857	80007446	a02d	c.j	80007470	
      959217000	     47859	80007470	a011	c.j	80007474	
      959257000	     47861	80007474	98624013	xori	x0,x4,-1658	  x4:0x0000000b  x0=0x00000000
      959277000	     47862	80007478	e2939e97	auipc	x29,0xe2939	 x29=0x62940478
      959297000	     47863	8000747c	03691c63	bne	x18,x22,800074b4	 x18:0xda9e242c x22:0x00000001
      959897000	     47893	800074b4	34003ef3	csrrc	x29,mscratch,x0	  x0:0x00000000 x29=0x00000000
      960717000	     47934	800074b8	03d99ab3	mulh	x21,x19,x29	 x19:0x80023ce4 x29:0x00000000 x21=0x00000000
      960737000	     47935	800074bc	0429	c.addi	x8,10	  x8:0x00000000  x8=0x0000000a
      960917000	     47944	800074be	00e562b3	or	x5,x10,x14	 x10:0x003ffee1 x14:0x00000000  x5=0x003ffee1
      961037000	     47950	800074c2	00065c63	bge	x12,x0,800074da	 x12:0x0000003b  x0:0x00000000
      961557000	     47976	800074da	016e1ab3	sll	x21,x28,x22	 x28:0x00000001 x22:0x00000001 x21=0x00000002
      961577000	     47977	800074de	717d	c.addi16sp	x2,-16	  x2:0x0004e07c  x2=0x0004e06c
      961657000	     47981	800074e0	8549	c.srai	x10,0x12	 x10:0x003ffee1 x10=0x0000000f
      961957000	     47996	800074e2	0255e663	bltu	x11,x5,8000750e	 x11:0x8001fe64  x5:0x003ffee1
      962177000	     48007	800074e6	755bf193	andi	x3,x23,1877	 x23:0x00000000  x3=0x00000000
      962197000	     48008	800074ea	0198	c.addi4spn	x14,x2,192	 x14=0x0004e12c
      962217000	     48009	800074ec	8fed	c.and	x15,x11	 x15:0x00000000 x11:0x8001fe64 x15=0x00000000
      962237000	     48010	800074ee	34001373	csrrw	x6,mscratch,x0	  x0:0x00000000  x6=0x00000000
      962557000	     48026	800074f2	d7050437	lui	x8,0xd7050	  x8=0xd7050000
      962977000	     48047	800074f6	340690f3	csrrw	x1,mscratch,x13	 x13:0x80023ce4  x1=0x00000000
      963137000	     48055	800074fa	02be8463	beq	x29,x11,80007522	 x29:0x00000000 x11:0x8001fe64
      963237000	     48060	800074fe	0000100f	fence.i	
      963817000	     48089	80007502	a8c0ed93	ori	x27,x1,-1396	  x1:0x00000000 x27=0xfffffa8c
      963837000	     48090	80007506	8d51	c.or	x10,x12	 x10:0x0000000f x12:0x0000003b x10=0x0000003f
      963957000	     48096	80007508	0115d033	srl	x0,x11,x17	 x11:0x8001fe64 x17:0x00000000  x0=0x00000000
      964377000	     48117	8000750c	149c	c.addi4spn	x15,x2,608	 x15=0x0004e2cc
      964417000	     48119	8000750e	d66c2013	slti	x0,x24,-666	 x24:0xfffffffe  x0=0x00000000
      964437000	     48120	80007512	b0fb6317	auipc	x6,0xb0fb6	  x6=0x30fbd512
      964577000	     48127	80007516	03105eb3	divu	x29,x0,x17	  x0:0x00000000 x17:0x00000000 x29=0xffffffff
      964597000	     48128	8000751a	05e69563	bne	x13,x30,80007564	 x13:0x80023ce4 x30:0x00000000
      964777000	     48137	80007564	340029f3	csrrs	x19,mscratch,x0	  x0:0x00000000 x19=0x80023ce4
      964797000	     48138	80007568	0ff0000f	fence	iorw,iorw	
      965057000	     48151	8000756c	c547f813	andi	x16,x15,-940	 x15:0x0004e2cc x16=0x0004e044
      965257000	     48161	80007570	03311733	mulh	x14,x2,x19	  x2:0x0004e06c x19:0x80023ce4 x14=0xfffd8fd4
      965997000	     48198	80007574	02cf61b3	rem	x3,x30,x12	 x30:0x00000000 x12:0x0000003b  x3=0x00000000
      966017000	     48199	80007578	6771	c.lui	x14,0x1c	 x14=0x0001c000
      966037000	     48200	8000757a	617d	c.addi16sp	x2,496	  x2:0x0004e06c  x2=0x0004e25c
      966077000	     48202	8000757c	02ba2533	mulhsu	x10,x20,x11	 x20:0x00000000 x11:0x8001fe64 x10=0x00000000
      966097000	     48203	80007580	00e191b3	sll	x3,x3,x14	  x3:0x00000000 x14:0x0001c000  x3=0x00000000
      966117000	     48204	80007584	6aff4c13	xori	x24,x30,1711	 x30:0x00000000 x24=0x000006af
      966137000	     48205	80007588	40fa5c33	sra	x24,x20,x15	 x20:0x00000000 x15:0x0004e2cc x24=0x00000000
      966157000	     48206	8000758c	84722f13	slti	x30,x4,-1977	  x4:0x0000000b x30=0x00000000
      966177000	     48207	80007590	00066f63	bltu	x12,x0,800075ae	 x12:0x0000003b  x0:0x00000000
      966497000	     48223	80007594	3406e273	csrrsi	x4,mscratch,13	  x4=0x80023ce4
      966657000	     48231	80007598	987d	c.andi	x8,-1	  x8:0xd7050000  x8=0xd7050000
      966677000	     48232	8000759a	004101b3	add	x3,x2,x4	  x2:0x0004e25c  x4:0x80023ce4  x3=0x80071f40
      966697000	     48233	8000759e	1f1c	c.addi4spn	x15,x2,944	 x15=0x0004e60c
      966917000	     48244	800075a0	87d9	c.srai	x15,0x16	 x15:0x0004e60c x15=0x00000000
      967337000	     48265	800075a2	02755f63	bge	x10,x7,800075e0	 x10:0x00000000  x7:0x00000000
      968137000	     48305	800075e0	00c4dab3	srl	x21,x9,x12	  x9:0x00000000 x12:0x0000003b x21=0x00000000
      968317000	     48314	800075e4	1ffd	c.addi	x31,-1	 x31:0xfffffef1 x31=0xfffffef0
      968337000	     48315	800075e6	a63b6d13	ori	x26,x22,-1437	 x22:0x00000001 x26=0xfffffa63
      973097000	     48553	800075ea	e881	c.bnez	x9,800075fa	  x9:0x00000000
      973117000	     48554	800075ec	02820263	beq	x4,x8,80007610	  x4:0x80023ce4  x8:0xd7050000
      973137000	     48555	800075f0	00442d33	slt	x26,x8,x4	  x8:0xd7050000  x4:0x80023ce4 x26=0x00000000
      973157000	     48556	800075f4	9bfd	c.andi	x15,-1	 x15:0x00000000 x15=0x00000000
      973277000	     48562	800075f6	93a78793	addi	x15,x15,-1734	 x15:0x00000000 x15=0xfffff93a
      973297000	     48563	800075fa	c789	c.beqz	x15,80007604	 x15:0xfffff93a
      973617000	     48579	800075fc	29736313	ori	x6,x6,663	  x6:0x30fbd512  x6=0x30fbd797
      973637000	     48580	80007600	00c95f33	srl	x30,x18,x12	 x18:0xda9e242c x12:0x0000003b x30=0x0000001b
      973657000	     48581	80007604	01fc9863	bne	x25,x31,80007614	 x25:0xef1473e3 x31:0xfffffef0
      974037000	     48600	80007614	03d83333	mulhu	x6,x16,x29	 x16:0x0004e044 x29:0xffffffff  x6=0x0004e043
      974077000	     48602	80007618	0319a433	mulhsu	x8,x19,x17	 x19:0x80023ce4 x17:0x00000000  x8=0x00000000
      974097000	     48603	8000761c	012f8663	beq	x31,x18,80007628	 x31:0xfffffef0 x18:0xda9e242c
      974117000	     48604	80007620	01550963	beq	x10,x21,80007632	 x10:0x00000000 x21:0x00000000
      975417000	     48669	80007632	0ff0000f	fence	iorw,iorw	
      975437000	     48670	80007636	034d0033	mul	x0,x26,x20	 x26:0x00000000 x20:0x00000000  x0=0x00000000
      975457000	     48671	8000763a	40b108b3	sub	x17,x2,x11	  x2:0x0004e25c x11:0x8001fe64 x17=0x8002e3f8
      976317000	     48714	8000763e	022844b3	div	x9,x16,x2	 x16:0x0004e044  x2:0x0004e25c  x9=0x00000000
      976337000	     48715	80007642	61c9	c.lui	x3,0x12	  x3=0x00012000
      976357000	     48716	80007644	401d8d33	sub	x26,x27,x1	 x27:0xfffffa8c  x1:0x00000000 x26=0xfffffa8c
      976377000	     48717	80007648	01fe7b33	and	x22,x28,x31	 x28:0x00000001 x31:0xfffffef0 x22=0x00000000
      976397000	     48718	8000764c	008b6c33	or	x24,x22,x8	 x22:0x00000000  x8:0x00000000 x24=0x00000000
      976417000	     48719	80007650	bc293193	sltiu	x3,x18,-1086	 x18:0xda9e242c  x3=0x00000001
      976437000	     48720	80007654	03388a63	beq	x17,x19,80007688	 x17:0x8002e3f8 x19:0x80023ce4
      976477000	     48722	80007658	012a1bb3	sll	x23,x20,x18	 x20:0x00000000 x18:0xda9e242c x23=0x00000000
      976497000	     48723	8000765c	340c74f3	csrrci	x9,mscratch,24	  x9=0x80023ced
      976517000	     48724	80007660	4d09	c.li	x26,2	 x26=0x00000002
      976537000	     48725	80007662	008b5a13	srli	x20,x22,0x8	 x22:0x00000000 x20=0x00000000
      976677000	     48732	80007666	06e64f63	blt	x12,x14,800076e4	 x12:0x0000003b x14:0x0001c000
      977757000	     48786	800076e4	827e	c.mv	x4,x31	  x0:0x00000000 x31:0xfffffef0  x4=0xfffffef0
      978697000	     48833	800076e6	02edfc33	remu	x24,x27,x14	 x27:0xfffffa8c x14:0x0001c000 x24=0x00003a8c
      978717000	     48834	800076ea	0ff0000f	fence	iorw,iorw	
      978737000	     48835	800076ee	717d	c.addi16sp	x2,-16	  x2:0x0004e25c  x2=0x0004e24c
      978757000	     48836	800076f0	641319b7	lui	x19,0x64131	 x19=0x64131000
      978777000	     48837	800076f4	07cee963	bltu	x29,x28,80007766	 x29:0xffffffff x28:0x00000001
      978797000	     48838	800076f8	340c67f3	csrrsi	x15,mscratch,24	 x15=0x80023ce5
      978817000	     48839	800076fc	00e001ef	jal	x3,8000770a	  x3=0x80007700
      979337000	     48865	8000770a	a81d	c.j	80007740	
      980157000	     48906	80007740	bfc1	c.j	80007710	
      980197000	     48908	80007710	0240086f	jal	x16,80007734	 x16=0x80007714
      980577000	     48927	80007734	fffff0ef	jal	x1,80007732	  x1=0x80007738
      980757000	     48936	80007732	bfe9	c.j	8000770c	
      980837000	     48940	8000770c	030000ef	jal	x1,8000773c	  x1=0x80007710
      980877000	     48942	8000773c	3fd5	c.jal	80007730	  x1=0x8000773e
      980917000	     48944	80007730	2039	c.jal	8000773e	  x1=0x80007732
      980957000	     48946	8000773e	37e5	c.jal	80007726	  x1=0x80007740
      981697000	     48983	80007726	ffdff76f	jal	x14,80007722	 x14=0x8000772a
      981757000	     48986	80007722	fdfff0ef	jal	x1,80007700	  x1=0x80007726
      981837000	     48990	80007700	008000ef	jal	x1,80007708	  x1=0x80007704
      981897000	     48993	80007708	a821	c.j	80007720	
      981957000	     48996	80007720	2039	c.jal	8000772e	  x1=0x80007722
      982337000	     49015	8000772e	b7dd	c.j	80007714	
      982397000	     49018	80007714	203d	c.jal	80007742	  x1=0x80007716
      982437000	     49020	80007742	bff1	c.j	8000771e	
      982477000	     49022	8000771e	2031	c.jal	8000772a	  x1=0x80007720
      982537000	     49025	8000772a	fedff86f	jal	x16,80007716	 x16=0x8000772e
      982597000	     49028	80007716	2009	c.jal	80007718	  x1=0x80007718
      982657000	     49031	80007718	37f5	c.jal	80007704	  x1=0x8000771a
      982717000	     49034	80007704	016000ef	jal	x1,8000771a	  x1=0x80007708
      982797000	     49038	8000771a	01e00def	jal	x27,80007738	 x27=0x8000771e
      982857000	     49041	80007738	00c001ef	jal	x3,80007744	  x3=0x8000773c
      982937000	     49045	80007744	03486eb3	rem	x29,x16,x20	 x16:0x8000772e x20:0x00000000 x29=0x8000772e
      982957000	     49046	80007748	02678963	beq	x15,x6,8000777a	 x15:0x80023ce5  x6:0x0004e043
      982977000	     49047	8000774c	34037ff3	csrrci	x31,mscratch,6	 x31=0x80023cfd
      982997000	     49048	80007750	10fd	c.addi	x1,-1	  x1:0x80007708  x1=0x80007707
      983017000	     49049	80007752	04497163	bgeu	x18,x4,80007794	 x18:0xda9e242c  x4:0xfffffef0
      983317000	     49064	80007756	034d8933	mul	x18,x27,x20	 x27:0x8000771e x20:0x00000000 x18=0x00000000
      983537000	     49075	8000775a	01ab0c33	add	x24,x22,x26	 x22:0x00000000 x26:0x00000002 x24=0x00000002
      983877000	     49092	8000775e	02d57463	bgeu	x10,x13,80007786	 x10:0x00000000 x13:0x80023ce4
      983897000	     49093	80007762	002f0c63	beq	x30,x2,8000777a	 x30:0x0000001b  x2:0x0004e24c
      983917000	     49094	80007766	8899	c.andi	x9,6	  x9:0x80023ced  x9=0x00000004
      983937000	     49095	80007768	4a91	c.li	x21,4	 x21=0x00000004
      984097000	     49103	8000776a	02064563	blt	x12,x0,80007794	 x12:0x0000003b  x0:0x00000000
      984117000	     49104	8000776e	01c51893	slli	x17,x10,0x1c	 x10:0x00000000 x17=0x00000000
      984137000	     49105	80007772	0680	c.addi4spn	x8,x2,832	  x8=0x0004e58c
      984297000	     49113	80007774	8e49	c.or	x12,x10	 x12:0x0000003b x10:0x00000000 x12=0x0000003b
      984317000	     49114	80007776	01de	c.slli	x3,0x17	  x3:0x8000773c  x3=0x9e000000
      984497000	     49123	80007778	e399	c.bnez	x15,8000777e	 x15:0x80023ce5
      986717000	     49234	8000777e	02cbf133	remu	x2,x23,x12	 x23:0x00000000 x12:0x0000003b  x2=0x00000000
      986737000	     49235	80007782	400fd9b3	sra	x19,x31,x0	 x31:0x80023cfd  x0:0x00000000 x19=0x80023cfd
      986757000	     49236	80007786	02d10863	beq	x2,x13,800077b6	  x2:0x00000000 x13:0x80023ce4
      986797000	     49238	8000778a	0358a133	mulhsu	x2,x17,x21	 x17:0x00000000 x21:0x00000004  x2=0x00000000
      986817000	     49239	8000778e	01a44b63	blt	x8,x26,800077a4	  x8:0x0004e58c x26:0x00000002
      986837000	     49240	80007792	0001	c.addi	x0,0	  x0:0x00000000  x0=0x00000000
      987577000	     49277	80007794	03edc1b3	div	x3,x27,x30	 x27:0x8000771e x30:0x0000001b  x3=0xfb42633a
      987597000	     49278	80007798	40be54b3	sra	x9,x28,x11	 x28:0x00000001 x11:0x8001fe64  x9=0x00000000
      987617000	     49279	8000779c	34076b73	csrrsi	x22,mscratch,14	 x22=0x80023cf9
      987637000	     49280	800077a0	34013373	csrrc	x6,mscratch,x2	  x2:0x00000000  x6=0x80023cff
      987657000	     49281	800077a4	61384537	lui	x10,0x61384	 x10=0x61384000
      987677000	     49282	800077a8	3402e4f3	csrrsi	x9,mscratch,5	  x9=0x80023cff
      987717000	     49284	800077ac	0344f333	remu	x6,x9,x20	  x9:0x80023cff x20:0x00000000  x6=0x80023cff
      987737000	     49285	800077b0	001d5563	bge	x26,x1,800077ba	 x26:0x00000002  x1:0x80007707
      988677000	     49332	800077ba	414edb33	sra	x22,x29,x20	 x29:0x8000772e x20:0x00000000 x22=0x8000772e
      988697000	     49333	800077be	c329	c.beqz	x14,80007800	 x14:0x8000772a
      988737000	     49335	800077c0	03114933	div	x18,x2,x17	  x2:0x00000000 x17:0x00000000 x18=0xffffffff
      989477000	     49372	800077c4	023e6f33	rem	x30,x28,x3	 x28:0x00000001  x3:0xfb42633a x30=0x00000001
      989497000	     49373	800077c8	8f21	c.xor	x14,x8	 x14:0x8000772a  x8:0x0004e58c x14=0x800492a6
      989517000	     49374	800077ca	01861963	bne	x12,x24,800077dc	 x12:0x0000003b x24:0x00000002
      989557000	     49376	800077dc	0b90	c.addi4spn	x12,x2,464	 x12=0x000001d0
      990437000	     49420	800077de	03aecbb3	div	x23,x29,x26	 x29:0x8000772e x26:0x00000002 x23=0xc0003b97
      990457000	     49421	800077e2	340ab2f3	csrrc	x5,mscratch,x21	 x21:0x00000004  x5=0x80023cff
      990477000	     49422	800077e6	ea09	c.bnez	x12,800077f8	 x12:0x000001d0
      991137000	     49455	800077f8	0043d0b3	srl	x1,x7,x4	  x7:0x00000000  x4:0xfffffef0  x1=0x00000000
      991317000	     49464	800077fc	02240cb3	mul	x25,x8,x2	  x8:0x0004e58c  x2:0x00000000 x25=0x00000000
      991337000	     49465	80007800	34015cf3	csrrwi	x25,mscratch,2	 x25=0x80023cfb
      991357000	     49466	80007804	717d	c.addi16sp	x2,-16	  x2:0x00000000  x2=0xfffffff0
      991377000	     49467	80007806	34016b73	csrrsi	x22,mscratch,2	 x22=0x00000002
      992117000	     49504	8000780a	02b149b3	div	x19,x2,x11	  x2:0xfffffff0 x11:0x8001fe64 x19=0x00000000
      992137000	     49505	8000780e	04597263	bgeu	x18,x5,80007852	 x18:0xffffffff  x5:0x80023cff
      992737000	     49535	80007852	0ff0000f	fence	iorw,iorw	
      992757000	     49536	80007856	07a2	c.slli	x15,0x8	 x15:0x80023ce5 x15=0x023ce500
      992837000	     49540	80007858	00790033	add	x0,x18,x7	 x18:0xffffffff  x7:0x00000000  x0=0x00000000
      992857000	     49541	8000785c	8c76	c.mv	x24,x29	  x0:0x00000000 x29:0x8000772e x24=0x8000772e
      992877000	     49542	8000785e	03764363	blt	x12,x23,80007884	 x12:0x000001d0 x23:0xc0003b97
      992897000	     49543	80007862	0da2	c.slli	x27,0x8	 x27:0x8000771e x27=0x00771e00
      993057000	     49551	80007864	187f8737	lui	x14,0x187f8	 x14=0x187f8000
      993077000	     49552	80007868	40755c33	sra	x24,x10,x7	 x10:0x61384000  x7:0x00000000 x24=0x61384000
      993097000	     49553	8000786c	8dc5c093	xori	x1,x11,-1828	 x11:0x8001fe64  x1=0x7ffe06b8
      993517000	     49574	80007870	93f1b713	sltiu	x14,x3,-1729	  x3:0xfb42633a x14=0x00000001
      993937000	     49595	80007874	00b76d33	or	x26,x14,x11	 x14:0x00000001 x11:0x8001fe64 x26=0x8001fe65
      993957000	     49596	80007878	34007173	csrrci	x2,mscratch,0	  x2=0x00000002
      994117000	     49604	8000787c	9a7d	c.andi	x12,-1	 x12:0x000001d0 x12=0x000001d0
      994877000	     49642	8000787e	024bebb3	rem	x23,x23,x4	 x23:0xc0003b97  x4:0xfffffef0 x23=0xffffffd7
      994897000	     49643	80007882	89aa	c.mv	x19,x10	  x0:0x00000000 x10:0x61384000 x19=0x61384000
      994917000	     49644	80007884	8a9e	c.mv	x21,x7	  x0:0x00000000  x7:0x00000000 x21=0x00000000
      994937000	     49645	80007886	8f15	c.sub	x14,x13	 x14:0x00000001 x13:0x80023ce4 x14=0x7ffdc31d
      995677000	     49682	80007888	026eedb3	rem	x27,x29,x6	 x29:0x8000772e  x6:0x80023cff x27=0xfffe3a2f
      995697000	     49683	8000788c	02040233	mul	x4,x8,x0	  x8:0x0004e58c  x0:0x00000000  x4=0x00000000
      995717000	     49684	80007890	de65c293	xori	x5,x11,-538	 x11:0x8001fe64  x5=0x7ffe0382
      995737000	     49685	80007894	6f25	c.lui	x30,0x9	 x30=0x00009000
      995757000	     49686	80007896	037d4b63	blt	x26,x23,800078cc	 x26:0x8001fe65 x23:0xffffffd7
      995857000	     49691	800078cc	34003773	csrrc	x14,mscratch,x0	  x0:0x00000000 x14=0x00000002
      997217000	     49759	800078d0	02ec70b3	remu	x1,x24,x14	 x24:0x61384000 x14:0x00000002  x1=0x00000000
      997257000	     49761	800078d4	02f0a833	mulhsu	x16,x1,x15	  x1:0x00000000 x15:0x023ce500 x16=0x00000000
      997277000	     49762	800078d8	0029f433	and	x8,x19,x2	 x19:0x61384000  x2:0x00000002  x8=0x00000000
      997297000	     49763	800078dc	03540fb3	mul	x31,x8,x21	  x8:0x00000000 x21:0x00000000 x31=0x00000000
      997317000	     49764	800078e0	01b85c93	srli	x25,x16,0x1b	 x16:0x00000000 x25=0x00000000
      997337000	     49765	800078e4	01ae9663	bne	x29,x26,800078f0	 x29:0x8000772e x26:0x8001fe65
      998437000	     49820	800078f0	0247edb3	rem	x27,x15,x4	 x15:0x023ce500  x4:0x00000000 x27=0x023ce500
      998457000	     49821	800078f4	00f8d613	srli	x12,x17,0xf	 x17:0x00000000 x12=0x00000000
      998857000	     49841	800078f8	8c8d	c.sub	x9,x11	  x9:0x80023cff x11:0x8001fe64  x9=0x00003e9b
      999257000	     49861	800078fa	41325a33	sra	x20,x4,x19	  x4:0x00000000 x19:0x61384000 x20=0x00000000
      999357000	     49866	800078fe	0194c1b3	xor	x3,x9,x25	  x9:0x00003e9b x25:0x00000000  x3=0x00003e9b
      999377000	     49867	80007902	0001	c.addi	x0,0	  x0:0x00000000  x0=0x00000000
      999477000	     49872	80007904	340f52f3	csrrwi	x5,mscratch,30	  x5=0x00000002
      999597000	     49878	80007908	01655963	bge	x10,x22,8000791a	 x10:0x61384000 x22:0x00000002
     1000497000	     49923	8000791a	340029f3	csrrs	x19,mscratch,x0	  x0:0x00000000 x19=0x0000001e
     1000617000	     49929	8000791e	34002b73	csrrs	x22,mscratch,x0	  x0:0x00000000 x22=0x0000001e
     1000637000	     49930	80007922	55d06297	auipc	x5,0x55d06	  x5=0xd5d0d922
     1000737000	     49935	80007926	02988163	beq	x17,x9,80007948	 x17:0x00000000  x9:0x00003e9b
     1000777000	     49937	8000792a	02611e33	mulh	x28,x2,x6	  x2:0x00000002  x6:0x80023cff x28=0xffffffff
     1000797000	     49938	8000792e	019380b3	add	x1,x7,x25	  x7:0x00000000 x25:0x00000000  x1=0x00000000
     1001537000	     49975	80007932	033d6c33	rem	x24,x26,x19	 x26:0x8001fe65 x19:0x0000001e x24=0xffffffe5
     1001557000	     49976	80007936	8e01	c.sub	x12,x8	 x12:0x00000000  x8:0x00000000 x12=0x00000000
     1001577000	     49977	80007938	0001	c.addi	x0,0	  x0:0x00000000  x0=0x00000000
     1001597000	     49978	8000793a	340a6cf3	csrrsi	x25,mscratch,20	 x25=0x0000001e
     1001617000	     49979	8000793e	9cb64117	auipc	x2,0x9cb64	  x2=0x1cb6b93e
     1001637000	     49980	80007942	8e71	c.and	x12,x12	 x12:0x00000000 x12:0x00000000 x12=0x00000000
     1001657000	     49981	80007944	00015d63	bge	x2,x0,8000795e	  x2:0x1cb6b93e  x0:0x00000000
     1002397000	     50018	8000795e	00349e33	sll	x28,x9,x3	  x9:0x00003e9b  x3:0x00003e9b x28=0xd8000000
     1002417000	     50019	80007962	86136913	ori	x18,x6,-1951	  x6:0x80023cff x18=0xfffffcff
     1002657000	     50031	80007966	015f2d33	slt	x26,x30,x21	 x30:0x00009000 x21:0x00000000 x26=0x00000000
     1003477000	     50072	8000796a	0365c933	div	x18,x11,x22	 x11:0x8001fe64 x22:0x0000001e x18=0xfbbbccc0
     1003497000	     50073	8000796e	cec4c013	xori	x0,x9,-788	  x9:0x00003e9b  x0=0x00000000
     1003517000	     50074	80007972	8d5e	c.mv	x26,x23	  x0:0x00000000 x23:0xffffffd7 x26=0xffffffd7
     1003537000	     50075	80007974	03919763	bne	x3,x25,800079a2	  x3:0x00003e9b x25:0x0000001e
     1003757000	     50086	800079a2	84c1	c.srai	x9,0x10	  x9:0x00003e9b  x9=0x00000000
     1004177000	     50107	800079a4	34002af3	csrrs	x21,mscratch,x0	  x0:0x00000000 x21=0x0000001e
     1013357000	     50566	800079a8	6085	c.lui	x1,0x1	  x1=0x00001000
     1013377000	     50567	800079aa	0001	c.addi	x0,0	  x0:0x00000000  x0=0x00000000
     1013397000	     50568	800079ac	016bc033	xor	x0,x23,x22	 x23:0xffffffd7 x22:0x0000001e  x0=0x00000000
     1013417000	     50569	800079b0	84f54e93	xori	x29,x10,-1969	 x10:0x61384000 x29=0x9ec7b84f
     1013437000	     50570	800079b4	0c1f8e93	addi	x29,x31,193	 x31:0x00000000 x29=0x000000c1
     1013457000	     50571	800079b8	340031f3	csrrc	x3,mscratch,x0	  x0:0x00000000  x3=0x0000001e
     1013477000	     50572	800079bc	016034b3	sltu	x9,x0,x22	  x0:0x00000000 x22:0x0000001e  x9=0x00000001
     1013517000	     50574	800079c0	02d411b3	mulh	x3,x8,x13	  x8:0x00000000 x13:0x80023ce4  x3=0x00000000
     1013537000	     50575	800079c4	0069ad33	slt	x26,x19,x6	 x19:0x0000001e  x6:0x80023cff x26=0x00000000
     1013557000	     50576	800079c8	867d	c.srai	x12,0x1f	 x12:0x00000000 x12=0x00000000
     1013577000	     50577	800079ca	0a1e	c.slli	x20,0x7	 x20:0x00000000 x20=0x00000000
     1014317000	     50614	800079cc	0267edb3	rem	x27,x15,x6	 x15:0x023ce500  x6:0x80023cff x27=0x023ce500
     1014337000	     50615	800079d0	002a7963	bgeu	x20,x2,800079e2	 x20:0x00000000  x2:0x1cb6b93e
     1014357000	     50616	800079d4	8d01	c.sub	x10,x8	 x10:0x61384000  x8:0x00000000 x10=0x61384000
     1014397000	     50618	800079d6	031d18b3	mulh	x17,x26,x17	 x26:0x00000000 x17:0x00000000 x17=0x00000000
     1014417000	     50619	800079da	340ce1f3	csrrsi	x3,mscratch,25	  x3=0x0000001e
     1014437000	     50620	800079de	0606	c.slli	x12,0x1	 x12:0x00000000 x12=0x00000000
     1014457000	     50621	800079e0	061e	c.slli	x12,0x7	 x12:0x00000000 x12=0x00000000
     1014477000	     50622	800079e2	41498c33	sub	x24,x19,x20	 x19:0x0000001e x20:0x00000000 x24=0x0000001e
     1014497000	     50623	800079e6	8e09	c.sub	x12,x10	 x12:0x00000000 x10:0x61384000 x12=0x9ec7c000
     1014517000	     50624	800079e8	8cf5	c.and	x9,x13	  x9:0x00000001 x13:0x80023ce4  x9=0x00000000
     1014537000	     50625	800079ea	0a21	c.addi	x20,8	 x20:0x00000000 x20=0x00000008
     1014557000	     50626	800079ec	689e8813	addi	x16,x29,1673	 x29:0x000000c1 x16=0x0000074a
     1014917000	     50644	800079f0	340b59f3	csrrwi	x19,mscratch,22	 x19=0x0000001f
     1014937000	     50645	800079f4	014e5463	bge	x28,x20,800079fc	 x28:0xd8000000 x20:0x00000008
     1015717000	     50684	800079f8	03ec4fb3	div	x31,x24,x30	 x24:0x0000001e x30:0x00009000 x31=0x00000000
     1015737000	     50685	800079fc	007f6c63	bltu	x30,x7,80007a14	 x30:0x00009000  x7:0x00000000
     1015757000	     50686	80007a00	03c19363	bne	x3,x28,80007a26	  x3:0x0000001e x28:0xd8000000
     1016037000	     50700	80007a26	00055913	srli	x18,x10,0x0	 x10:0x61384000 x18=0x61384000
     1016057000	     50701	80007a2a	0001	c.addi	x0,0	  x0:0x00000000  x0=0x00000000
     1016177000	     50707	80007a2c	0116db33	srl	x22,x13,x17	 x13:0x80023ce4 x17:0x00000000 x22=0x80023ce4
     1016197000	     50708	80007a30	e6426c93	ori	x25,x4,-412	  x4:0x00000000 x25=0xfffffe64
     1016217000	     50709	80007a34	019daeb3	slt	x29,x27,x25	 x27:0x023ce500 x25:0xfffffe64 x29=0x00000000
     1016237000	     50710	80007a38	01b76563	bltu	x14,x27,80007a42	 x14:0x00000002 x27:0x023ce500
     1018157000	     50806	80007a42	03b2d733	divu	x14,x5,x27	  x5:0xd5d0d922 x27:0x023ce500 x14=0x0000005f
     1018177000	     50807	80007a46	3501ec13	ori	x24,x3,848	  x3:0x0000001e x24=0x0000035e
     1018197000	     50808	80007a4a	0000100f	fence.i	
     1018477000	     50822	80007a4e	035129b3	mulhsu	x19,x2,x21	  x2:0x1cb6b93e x21:0x0000001e x19=0x00000003
     1018497000	     50823	80007a52	34002af3	csrrs	x21,mscratch,x0	  x0:0x00000000 x21=0x00000016
     1018537000	     50825	80007a56	02193bb3	mulhu	x23,x18,x1	 x18:0x61384000  x1:0x00001000 x23=0x00000613
     1018557000	     50826	80007a5a	033ada63	bge	x21,x19,80007a8e	 x21:0x00000016 x19:0x00000003
     1018777000	     50837	80007a8e	04269617	auipc	x12,0x4269	 x12=0x84270a8e
     1018797000	     50838	80007a92	8c91	c.sub	x9,x12	  x9:0x00000000 x12:0x84270a8e  x9=0x7bd8f572
     1018817000	     50839	80007a94	6f478e13	addi	x28,x15,1780	 x15:0x023ce500 x28=0x023cebf4
     1018837000	     50840	80007a98	020a6c63	bltu	x20,x0,80007ad0	 x20:0x00000008  x0:0x00000000
     1018937000	     50845	80007a9c	03a512b3	mulh	x5,x10,x26	 x10:0x61384000 x26:0x00000000  x5=0x00000000
     1018957000	     50846	80007aa0	418a01b3	sub	x3,x20,x24	 x20:0x00000008 x24:0x0000035e  x3=0xfffffcaa
     1018977000	     50847	80007aa4	419b8333	sub	x6,x23,x25	 x23:0x00000613 x25:0xfffffe64  x6=0x000007af
     1018997000	     50848	80007aa8	40c702b3	sub	x5,x14,x12	 x14:0x0000005f x12:0x84270a8e  x5=0x7bd8f5d1
     1019097000	     50853	80007aac	47d9	c.li	x15,22	 x15=0x00000016
     1019117000	     50854	80007aae	a88fc613	xori	x12,x31,-1400	 x31:0x00000000 x12=0xfffffa88
     1019137000	     50855	80007ab2	0ff0000f	fence	iorw,iorw	
     1019157000	     50856	80007ab6	34072ef3	csrrs	x29,mscratch,x14	 x14:0x0000005f x29=0x00000016
     1019177000	     50857	80007aba	8f4e	c.mv	x30,x19	  x0:0x00000000 x19:0x00000003 x30=0x00000003
     1019417000	     50869	80007abc	eebd8d93	addi	x27,x27,-277	 x27:0x023ce500 x27=0x023ce3eb
     1019437000	     50870	80007ac0	34003873	csrrc	x16,mscratch,x0	  x0:0x00000000 x16=0x0000005f
     1019737000	     50885	80007ac4	717d	c.addi16sp	x2,-16	  x2:0x1cb6b93e  x2=0x1cb6b92e
     1019757000	     50886	80007ac6	34002af3	csrrs	x21,mscratch,x0	  x0:0x00000000 x21=0x0000005f
     1020177000	     50907	80007aca	00944663	blt	x8,x9,80007ad6	  x8:0x00000000  x9:0x7bd8f572
     1021097000	     50953	80007ad6	e2d58613	addi	x12,x11,-467	 x11:0x8001fe64 x12=0x8001fc91
     1021117000	     50954	80007ada	8fb9	c.xor	x15,x14	 x15:0x00000016 x14:0x0000005f x15=0x00000049
     1021477000	     50972	80007adc	008f7333	and	x6,x30,x8	 x30:0x00000003  x8:0x00000000  x6=0x00000000
     1021897000	     50993	80007ae0	00aa0933	add	x18,x20,x10	 x20:0x00000008 x10:0x61384000 x18=0x61384008
     1021917000	     50994	80007ae4	41c3d7b3	sra	x15,x7,x28	  x7:0x00000000 x28:0x023cebf4 x15=0x00000000
     1022097000	     51003	80007ae8	00ca5f93	srli	x31,x20,0xc	 x20:0x00000008 x31=0x00000000
     1022117000	     51004	80007aec	00580d63	beq	x16,x5,80007b06	 x16:0x0000005f  x5:0x7bd8f5d1
     1022537000	     51025	80007af0	27c0ea93	ori	x21,x1,636	  x1:0x00001000 x21=0x0000127c
     1022817000	     51039	80007af4	9206	c.add	x4,x1	  x4:0x00000000  x1:0x00001000  x4=0x00001000
     1022837000	     51040	80007af6	340128f3	csrrs	x17,mscratch,x2	  x2:0x1cb6b92e x17=0x0000005f
     1022877000	     51042	80007afa	00ba70b3	and	x1,x20,x11	 x20:0x00000008 x11:0x8001fe64  x1=0x00000000
     1022977000	     51047	80007afe	1f0a6113	ori	x2,x20,496	 x20:0x00000008  x2=0x000001f8
     1022997000	     51048	80007b02	340a5573	csrrwi	x10,mscratch,20	 x10=0x1cb6b97f
     1023417000	     51069	80007b06	40bd8933	sub	x18,x27,x11	 x27:0x023ce3eb x11:0x8001fe64 x18=0x823ae587
     1023437000	     51070	80007b0a	0908	c.addi4spn	x10,x2,144	 x10=0x00000288
     1023457000	     51071	80007b0c	876d	c.srai	x14,0x1b	 x14:0x0000005f x14=0x00000000
     1023857000	     51091	80007b0e	01305813	srli	x16,x0,0x13	  x0:0x00000000 x16=0x00000000
     1023877000	     51092	80007b12	412abc97	auipc	x25,0x412ab	 x25=0xc12b2b12
     1023897000	     51093	80007b16	3404b8f3	csrrc	x17,mscratch,x9	  x9:0x7bd8f572 x17=0x00000014
     1023917000	     51094	80007b1a	0001	c.addi	x0,0	  x0:0x00000000  x0=0x00000000
     1023937000	     51095	80007b1c	0001	c.addi	x0,0	  x0:0x00000000  x0=0x00000000
     1023957000	     51096	80007b1e	0001	c.addi	x0,0	  x0:0x00000000  x0=0x00000000
     1024077000	     51102	80007b20	03af4f33	div	x30,x30,x26	 x30:0x00000003 x26:0x00000000 x30=0xffffffff
     1024097000	     51103	80007b24	c41d	c.beqz	x8,80007b52	  x8:0x00000000
     1024277000	     51112	80007b52	e789	c.bnez	x15,80007b5c	 x15:0x00000000
     1024377000	     51117	80007b54	b7b14c13	xori	x24,x2,-1157	  x2:0x000001f8 x24=0xfffffa83
     1024437000	     51120	80007b58	02a62933	mulhsu	x18,x12,x10	 x12:0x8001fc91 x10:0x00000288 x18=0xfffffebc
     1024717000	     51134	80007b5c	340030f3	csrrc	x1,mscratch,x0	  x0:0x00000000  x1=0x00000004
     1025137000	     51155	80007b60	40d05c13	srai	x24,x0,0xd	  x0:0x00000000 x24=0x00000000
     1025877000	     51192	80007b64	0396f8b3	remu	x17,x13,x25	 x13:0x80023ce4 x25:0xc12b2b12 x17=0x80023ce4
     1025897000	     51193	80007b68	00196b63	bltu	x18,x1,80007b7e	 x18:0xfffffebc  x1:0x00000004
     1026637000	     51230	80007b6c	0329dbb3	divu	x23,x19,x18	 x19:0x00000003 x18:0xfffffebc x23=0x00000000
     1026657000	     51231	80007b70	3404af73	csrrs	x30,mscratch,x9	  x9:0x7bd8f572 x30=0x00000004
     1026677000	     51232	80007b74	2a90a513	slti	x10,x1,681	  x1:0x00000004 x10=0x00000001
     1026697000	     51233	80007b78	874d	c.srai	x14,0x13	 x14:0x00000000 x14=0x00000000
     1026717000	     51234	80007b7a	34003273	csrrc	x4,mscratch,x0	  x0:0x00000000  x4=0x7bd8f576
     1026737000	     51235	80007b7e	1488	c.addi4spn	x10,x2,608	 x10=0x00000458
     1026757000	     51236	80007b80	dc454013	xori	x0,x10,-572	 x10:0x00000458  x0=0x00000000
     1026777000	     51237	80007b84	34003bf3	csrrc	x23,mscratch,x0	  x0:0x00000000 x23=0x7bd8f576
     1027177000	     51257	80007b88	8742	c.mv	x14,x16	  x0:0x00000000 x16:0x00000000 x14=0x00000000
     1027197000	     51258	80007b8a	007c70b3	and	x1,x24,x7	 x24:0x00000000  x7:0x00000000  x1=0x00000000
     1027937000	     51295	80007b8e	039f42b3	div	x5,x30,x25	 x30:0x00000004 x25:0xc12b2b12  x5=0x00000000
     1027957000	     51296	80007b92	34006173	csrrsi	x2,mscratch,0	  x2=0x7bd8f576
     1027977000	     51297	80007b96	00b2be33	sltu	x28,x5,x11	  x5:0x00000000 x11:0x8001fe64 x28=0x00000001
     1027997000	     51298	80007b9a	009dac33	slt	x24,x27,x9	 x27:0x023ce3eb  x9:0x7bd8f572 x24=0x00000001
     1028037000	     51300	80007b9e	03b7a133	mulhsu	x2,x15,x27	 x15:0x00000000 x27:0x023ce3eb  x2=0x00000000
     1028057000	     51301	80007ba2	01e6dd13	srli	x26,x13,0x1e	 x13:0x80023ce4 x26=0x00000002
     1028077000	     51302	80007ba6	41d98eb3	sub	x29,x19,x29	 x19:0x00000003 x29:0x00000016 x29=0xffffffed
     1028097000	     51303	80007baa	8261	c.srli	x12,0x18	 x12:0x8001fc91 x12=0x00000080
     1028277000	     51312	80007bac	0173ea63	bltu	x7,x23,80007bc0	  x7:0x00000000 x23:0x7bd8f576
     1029377000	     51367	80007bc0	03802933	mulhsu	x18,x0,x24	  x0:0x00000000 x24:0x00000001 x18=0x00000000
     1029557000	     51376	80007bc4	8005	c.srli	x8,0x1	  x8:0x00000000  x8=0x00000000
     1029577000	     51377	80007bc6	0001	c.addi	x0,0	  x0:0x00000000  x0=0x00000000
     1029697000	     51383	80007bc8	e21d	c.bnez	x12,80007bee	 x12:0x00000080
     1030457000	     51421	80007bee	41295db3	sra	x27,x18,x18	 x18:0x00000000 x18:0x00000000 x27=0x00000000
     1030617000	     51429	80007bf2	02f3b233	mulhu	x4,x7,x15	  x7:0x00000000 x15:0x00000000  x4=0x00000000
     1030637000	     51430	80007bf6	075a	c.slli	x14,0x16	 x14:0x00000000 x14=0x00000000
     1030657000	     51431	80007bf8	eb1a2a13	slti	x20,x20,-335	 x20:0x00000008 x20=0x00000000
     1030677000	     51432	80007bfc	017a5d63	bge	x20,x23,80007c16	 x20:0x00000000 x23:0x7bd8f576
     1030697000	     51433	80007c00	6c05	c.lui	x24,0x1	 x24=0x00001000
     1030717000	     51434	80007c02	b20ddf97	auipc	x31,0xb20dd	 x31=0x320e4c02
     1030817000	     51439	80007c06	00e68633	add	x12,x13,x14	 x13:0x80023ce4 x14:0x00000000 x12=0x80023ce4
     1030937000	     51445	80007c0a	0ff0000f	fence	iorw,iorw	
     1031017000	     51449	80007c0e	01e647b3	xor	x15,x12,x30	 x12:0x80023ce4 x30:0x00000004 x15=0x80023ce0
     1031037000	     51450	80007c12	340024f3	csrrs	x9,mscratch,x0	  x0:0x00000000  x9=0x7bd8f576
     1031057000	     51451	80007c16	0149afb3	slt	x31,x19,x20	 x19:0x00000003 x20:0x00000000 x31=0x00000000
     1031077000	     51452	80007c1a	06331c63	bne	x6,x3,80007c92	  x6:0x00000000  x3:0xfffffcaa
     1031217000	     51459	80007c92	ac21d137	lui	x2,0xac21d	  x2=0xac21d000
     1031237000	     51460	80007c96	0294c063	blt	x9,x9,80007cb6	  x9:0x7bd8f576  x9:0x7bd8f576
     1031317000	     51464	80007c9a	415cddb3	sra	x27,x25,x21	 x25:0xc12b2b12 x21:0x0000127c x27=0xfffffffc
     1031337000	     51465	80007c9e	4749	c.li	x14,18	 x14=0x00000012
     1032337000	     51515	80007ca0	0238d533	divu	x10,x17,x3	 x17:0x80023ce4  x3:0xfffffcaa x10=0x00000000
     1032357000	     51516	80007ca4	53f24b13	xori	x22,x4,1343	  x4:0x00000000 x22=0x0000053f
     1032457000	     51521	80007ca8	3136b793	sltiu	x15,x13,787	 x13:0x80023ce4 x15=0x00000000
     1032877000	     51542	80007cac	0ff0000f	fence	iorw,iorw	
     1032897000	     51543	80007cb0	1784	c.addi4spn	x9,x2,992	  x9=0xac21d3e0
     1032917000	     51544	80007cb2	01999733	sll	x14,x19,x25	 x19:0x00000003 x25:0xc12b2b12 x14=0x000c0000
     1032937000	     51545	80007cb6	8c09	c.sub	x8,x10	  x8:0x00000000 x10:0x00000000  x8=0x00000000
     1032957000	     51546	80007cb8	00666c33	or	x24,x12,x6	 x12:0x80023ce4  x6:0x00000000 x24=0x80023ce4
     1032977000	     51547	80007cbc	004782b3	add	x5,x15,x4	 x15:0x00000000  x4:0x00000000  x5=0x00000000
     1033417000	     51569	80007cc0	010f3a33	sltu	x20,x30,x16	 x30:0x00000004 x16:0x00000000 x20=0x00000000
     1033497000	     51573	80007cc4	8671	c.srai	x12,0x1c	 x12:0x80023ce4 x12=0xfffffff8
     1033517000	     51574	80007cc6	7801f613	andi	x12,x3,1920	  x3:0xfffffcaa x12=0x00000480
     1033537000	     51575	80007cca	6d45	c.lui	x26,0x11	 x26=0x00011000
     1033937000	     51595	80007ccc	c901	c.beqz	x10,80007cdc	 x10:0x00000000
     1034517000	     51624	80007cdc	002fdd93	srli	x27,x31,0x2	 x31:0x00000000 x27=0x00000000
     1034957000	     51646	80007ce0	00c8da93	srli	x21,x17,0xc	 x17:0x80023ce4 x21=0x00080023
     1035117000	     51654	80007ce4	d2db6f13	ori	x30,x22,-723	 x22:0x0000053f x30=0xfffffd3f
     1035357000	     51666	80007ce8	34076d73	csrrsi	x26,mscratch,14	 x26=0x7bd8f576
     1035437000	     51670	80007cec	c30e6897	auipc	x17,0xc30e6	 x17=0x430edcec
     1035457000	     51671	80007cf0	0171d333	srl	x6,x3,x23	  x3:0xfffffcaa x23:0x7bd8f576  x6=0x000003ff
     1035477000	     51672	80007cf4	34003273	csrrc	x4,mscratch,x0	  x0:0x00000000  x4=0x7bd8f57e
     1035497000	     51673	80007cf8	34007773	csrrci	x14,mscratch,0	 x14=0x7bd8f57e
     1035897000	     51693	80007cfc	02892b33	mulhsu	x22,x18,x8	 x18:0x00000000  x8:0x00000000 x22=0x00000000
     1035917000	     51694	80007d00	8c31	c.xor	x8,x12	  x8:0x00000000 x12:0x00000480  x8=0x00000480
     1035937000	     51695	80007d02	9ba53193	sltiu	x3,x10,-1606	 x10:0x00000000  x3=0x00000001
     1036037000	     51700	80007d06	ffff8397	auipc	x7,0xffff8	  x7=0x7ffffd06
     1036057000	     51701	80007d0a	65c38393	addi	x7,x7,1628	  x7:0x7ffffd06  x7=0x80000362
     1036477000	     51722	80007d0e	00038067	jalr	x0,0(x7)	  x7:0x80000362  x0=0x00000000
     1037837000	     51790	80000362	90000db7	lui	x27,0x90000	 x27=0x90000000
     1037857000	     51791	80000366	1de1	c.addi	x27,-8	 x27:0x90000000 x27=0x8ffffff8
     1037877000	     51792	80000368	4901	c.li	x18,0	 x18=0x00000000
     1037897000	     51793	8000036a	0922	c.slli	x18,0x8	 x18:0x00000000 x18=0x00000000
     1038277000	     51812	8000036c	0905	c.addi	x18,1	 x18:0x00000000 x18=0x00000001
     1038337000	     51815	8000036e	012da023	sw	x18,0(x27)	 x27:0x8ffffff8 x18:0x00000001 PA:0x8ffffff8 store:0x00000001 load:0xffffffff
     1038357000	     51816	80000372	00000073	ecall	
     1057877000	     52792	80002500	0800006f	jal	x0,80002580	  x0=0x00000000
     1058037000	     52800	80002580	16f1	c.addi	x13,-4	 x13:0x80023ce4 x13=0x80023ce0
     1058097000	     52803	80002582	c28c	c.sw	x11,0(x13)	 x13:0x80023ce0 x11:0x8001fe64 PA:0x80023ce0 store:0x8001fe64 load:0xffffffff
     1058417000	     52819	80002584	000685b3	add	x11,x13,x0	 x13:0x80023ce0  x0:0x00000000 x11=0x80023ce0
     1058437000	     52820	80002588	f8058593	addi	x11,x11,-128	 x11:0x80023ce0 x11=0x80023c60
     1058777000	     52837	8000258c	0015a223	sw	x1,4(x11)	 x11:0x80023c60  x1:0x00000000 PA:0x80023c64 store:0x00000000 load:0xffffffff
     1059277000	     52862	80002590	0025a423	sw	x2,8(x11)	 x11:0x80023c60  x2:0xac21d000 PA:0x80023c68 store:0xac21d000 load:0xffffffff
     1059417000	     52869	80002594	0035a623	sw	x3,12(x11)	 x11:0x80023c60  x3:0x00000001 PA:0x80023c6c store:0x00000001 load:0xffffffff
     1059877000	     52892	80002598	0045a823	sw	x4,16(x11)	 x11:0x80023c60  x4:0x7bd8f57e PA:0x80023c70 store:0x7bd8f57e load:0xffffffff
     1059937000	     52895	8000259c	0055aa23	sw	x5,20(x11)	 x11:0x80023c60  x5:0x00000000 PA:0x80023c74 store:0x00000000 load:0xffffffff
     1060257000	     52911	800025a0	0065ac23	sw	x6,24(x11)	 x11:0x80023c60  x6:0x000003ff PA:0x80023c78 store:0x000003ff load:0xffffffff
     1060717000	     52934	800025a4	0075ae23	sw	x7,28(x11)	 x11:0x80023c60  x7:0x80000362 PA:0x80023c7c store:0x80000362 load:0xffffffff
     1061177000	     52957	800025a8	d180	c.sw	x8,32(x11)	 x11:0x80023c60  x8:0x00000480 PA:0x80023c80 store:0x00000480 load:0xffffffff
     1061417000	     52969	800025aa	d1c4	c.sw	x9,36(x11)	 x11:0x80023c60  x9:0xac21d3e0 PA:0x80023c84 store:0xac21d3e0 load:0xffffffff
     1061677000	     52982	800025ac	d588	c.sw	x10,40(x11)	 x11:0x80023c60 x10:0x00000000 PA:0x80023c88 store:0x00000000 load:0xffffffff
     1062077000	     53002	800025ae	d5cc	c.sw	x11,44(x11)	 x11:0x80023c60 x11:0x80023c60 PA:0x80023c8c store:0x80023c60 load:0xffffffff
     1062337000	     53015	800025b0	d990	c.sw	x12,48(x11)	 x11:0x80023c60 x12:0x00000480 PA:0x80023c90 store:0x00000480 load:0xffffffff
     1062357000	     53016	800025b2	d9d4	c.sw	x13,52(x11)	 x11:0x80023c60 x13:0x80023ce0 PA:0x80023c94 store:0x80023ce0 load:0xffffffff
     1062797000	     53038	800025b4	dd98	c.sw	x14,56(x11)	 x11:0x80023c60 x14:0x7bd8f57e PA:0x80023c98 store:0x7bd8f57e load:0xffffffff
     1063117000	     53054	800025b6	dddc	c.sw	x15,60(x11)	 x11:0x80023c60 x15:0x00000000 PA:0x80023c9c store:0x00000000 load:0xffffffff
     1063577000	     53077	800025b8	0505a023	sw	x16,64(x11)	 x11:0x80023c60 x16:0x00000000 PA:0x80023ca0 store:0x00000000 load:0xffffffff
     1063637000	     53080	800025bc	0515a223	sw	x17,68(x11)	 x11:0x80023c60 x17:0x430edcec PA:0x80023ca4 store:0x430edcec load:0xffffffff
     1063657000	     53081	800025c0	0525a423	sw	x18,72(x11)	 x11:0x80023c60 x18:0x00000001 PA:0x80023ca8 store:0x00000001 load:0xffffffff
     1064077000	     53102	800025c4	0535a623	sw	x19,76(x11)	 x11:0x80023c60 x19:0x00000003 PA:0x80023cac store:0x00000003 load:0xffffffff
     1064277000	     53112	800025c8	0545a823	sw	x20,80(x11)	 x11:0x80023c60 x20:0x00000000 PA:0x80023cb0 store:0x00000000 load:0xffffffff
     1064617000	     53129	800025cc	0555aa23	sw	x21,84(x11)	 x11:0x80023c60 x21:0x00080023 PA:0x80023cb4 store:0x00080023 load:0xffffffff
     1064677000	     53132	800025d0	0565ac23	sw	x22,88(x11)	 x11:0x80023c60 x22:0x00000000 PA:0x80023cb8 store:0x00000000 load:0xffffffff
     1064697000	     53133	800025d4	0575ae23	sw	x23,92(x11)	 x11:0x80023c60 x23:0x7bd8f576 PA:0x80023cbc store:0x7bd8f576 load:0xffffffff
     1064717000	     53134	800025d8	0785a023	sw	x24,96(x11)	 x11:0x80023c60 x24:0x80023ce4 PA:0x80023cc0 store:0x80023ce4 load:0xffffffff
     1064877000	     53142	800025dc	0795a223	sw	x25,100(x11)	 x11:0x80023c60 x25:0xc12b2b12 PA:0x80023cc4 store:0xc12b2b12 load:0xffffffff
     1065137000	     53155	800025e0	07a5a423	sw	x26,104(x11)	 x11:0x80023c60 x26:0x7bd8f576 PA:0x80023cc8 store:0x7bd8f576 load:0xffffffff
     1065337000	     53165	800025e4	07b5a623	sw	x27,108(x11)	 x11:0x80023c60 x27:0x8ffffff8 PA:0x80023ccc store:0x8ffffff8 load:0xffffffff
     1065357000	     53166	800025e8	07c5a823	sw	x28,112(x11)	 x11:0x80023c60 x28:0x00000001 PA:0x80023cd0 store:0x00000001 load:0xffffffff
     1065577000	     53177	800025ec	07d5aa23	sw	x29,116(x11)	 x11:0x80023c60 x29:0xffffffed PA:0x80023cd4 store:0xffffffed load:0xffffffff
     1065717000	     53184	800025f0	07e5ac23	sw	x30,120(x11)	 x11:0x80023c60 x30:0xfffffd3f PA:0x80023cd8 store:0xfffffd3f load:0xffffffff
     1065737000	     53185	800025f4	07f5ae23	sw	x31,124(x11)	 x11:0x80023c60 x31:0x00000000 PA:0x80023cdc store:0x00000000 load:0xffffffff
     1065757000	     53186	800025f8	000586b3	add	x13,x11,x0	 x11:0x80023c60  x0:0x00000000 x13=0x80023c60
     1065777000	     53187	800025fc	90000db7	lui	x27,0x90000	 x27=0x90000000
     1065797000	     53188	80002600	1df1	c.addi	x27,-4	 x27:0x90000000 x27=0x8ffffffc
     1065817000	     53189	80002602	4921	c.li	x18,8	 x18=0x00000008
     1065837000	     53190	80002604	0922	c.slli	x18,0x8	 x18:0x00000008 x18=0x00000800
     1065957000	     53196	80002606	00090913	addi	x18,x18,0	 x18:0x00000800 x18=0x00000800
     1066177000	     53207	8000260a	012da023	sw	x18,0(x27)	 x27:0x8ffffffc x18:0x00000800 PA:0x8ffffffc store:0x00000800 load:0xffffffff
     1066197000	     53208	8000260e	34102973	csrrs	x18,mepc,x0	  x0:0x00000000 x18=0x80000372
     1066337000	     53215	80002612	34202973	csrrs	x18,mcause,x0	  x0:0x00000000 x18=0x0000000b
     1066357000	     53216	80002616	4d8d	c.li	x27,3	 x27=0x00000003
     1066397000	     53218	80002618	01b91463	bne	x18,x27,80002620	 x18:0x0000000b x27:0x00000003
     1066897000	     53243	80002620	4da1	c.li	x27,8	 x27=0x00000008
     1067097000	     53253	80002622	05b90d63	beq	x18,x27,8000267c	 x18:0x0000000b x27:0x00000008
     1067117000	     53254	80002626	4da5	c.li	x27,9	 x27=0x00000009
     1067517000	     53274	80002628	05b90a63	beq	x18,x27,8000267c	 x18:0x0000000b x27:0x00000009
     1067537000	     53275	8000262c	4dad	c.li	x27,11	 x27=0x0000000b
     1067597000	     53278	8000262e	05b90763	beq	x18,x27,8000267c	 x18:0x0000000b x27:0x0000000b
     1068157000	     53306	8000267c	90000db7	lui	x27,0x90000	 x27=0x90000000
     1068197000	     53308	80002680	1df1	c.addi	x27,-4	 x27:0x90000000 x27=0x8ffffffc
     1068217000	     53309	80002682	6905	c.lui	x18,0x1	 x18=0x00001000
     1068237000	     53310	80002684	b0090913	addi	x18,x18,-1280	 x18:0x00001000 x18=0x00000b00
     1068257000	     53311	80002688	0922	c.slli	x18,0x8	 x18:0x00000b00 x18=0x000b0000
     1068277000	     53312	8000268a	090d	c.addi	x18,3	 x18:0x000b0000 x18=0x000b0003
     1068337000	     53315	8000268c	012da023	sw	x18,0(x27)	 x27:0x8ffffffc x18:0x000b0003 PA:0x8ffffffc store:0x000b0003 load:0xffffffff
     1068577000	     53327	80002690	b0002973	csrrs	x18,mcycle,x0	  x0:0x00000000 x18=0x0000d04c
     1069117000	     53354	80002694	012da023	sw	x18,0(x27)	 x27:0x8ffffffc x18:0x0000d04c PA:0x8ffffffc store:0x0000d04c load:0xffffffff
     1069137000	     53355	80002698	90000db7	lui	x27,0x90000	 x27=0x90000000
     1069157000	     53356	8000269c	1df1	c.addi	x27,-4	 x27:0x90000000 x27=0x8ffffffc
     1069177000	     53357	8000269e	6905	c.lui	x18,0x1	 x18=0x00001000
     1069197000	     53358	800026a0	b8090913	addi	x18,x18,-1152	 x18:0x00001000 x18=0x00000b80
     1069277000	     53362	800026a4	0922	c.slli	x18,0x8	 x18:0x00000b80 x18=0x000b8000
     1069297000	     53363	800026a6	090d	c.addi	x18,3	 x18:0x000b8000 x18=0x000b8003
     1069757000	     53386	800026a8	012da023	sw	x18,0(x27)	 x27:0x8ffffffc x18:0x000b8003 PA:0x8ffffffc store:0x000b8003 load:0xffffffff
     1069777000	     53387	800026ac	b8002973	csrrs	x18,mcycleh,x0	  x0:0x00000000 x18=0x00000000
     1070097000	     53403	800026b0	012da023	sw	x18,0(x27)	 x27:0x8ffffffc x18:0x00000000 PA:0x8ffffffc store:0x00000000 load:0xffffffff
     1070117000	     53404	800026b4	90000db7	lui	x27,0x90000	 x27=0x90000000
     1070137000	     53405	800026b8	1df1	c.addi	x27,-4	 x27:0x90000000 x27=0x8ffffffc
     1070157000	     53406	800026ba	6905	c.lui	x18,0x1	 x18=0x00001000
     1070377000	     53417	800026bc	b0390913	addi	x18,x18,-1277	 x18:0x00001000 x18=0x00000b03
     1070457000	     53421	800026c0	0922	c.slli	x18,0x8	 x18:0x00000b03 x18=0x000b0300
     1070477000	     53422	800026c2	090d	c.addi	x18,3	 x18:0x000b0300 x18=0x000b0303
     1070557000	     53426	800026c4	012da023	sw	x18,0(x27)	 x27:0x8ffffffc x18:0x000b0303 PA:0x8ffffffc store:0x000b0303 load:0xffffffff
     1070577000	     53427	800026c8	b0302973	csrrs	x18,mhpmcounter3,x0	  x0:0x00000000 x18=0x00000111
     1070697000	     53433	800026cc	012da023	sw	x18,0(x27)	 x27:0x8ffffffc x18:0x00000111 PA:0x8ffffffc store:0x00000111 load:0xffffffff
     1070717000	     53434	800026d0	90000db7	lui	x27,0x90000	 x27=0x90000000
     1070737000	     53435	800026d4	1df1	c.addi	x27,-4	 x27:0x90000000 x27=0x8ffffffc
     1070757000	     53436	800026d6	6905	c.lui	x18,0x1	 x18=0x00001000
     1070777000	     53437	800026d8	b8390913	addi	x18,x18,-1149	 x18:0x00001000 x18=0x00000b83
     1070797000	     53438	800026dc	0922	c.slli	x18,0x8	 x18:0x00000b83 x18=0x000b8300
     1070817000	     53439	800026de	090d	c.addi	x18,3	 x18:0x000b8300 x18=0x000b8303
     1071117000	     53454	800026e0	012da023	sw	x18,0(x27)	 x27:0x8ffffffc x18:0x000b8303 PA:0x8ffffffc store:0x000b8303 load:0xffffffff
     1071357000	     53466	800026e4	b8302973	csrrs	x18,mhpmcounter3h,x0	  x0:0x00000000 x18=0x00000000
     1071637000	     53480	800026e8	012da023	sw	x18,0(x27)	 x27:0x8ffffffc x18:0x00000000 PA:0x8ffffffc store:0x00000000 load:0xffffffff
     1071657000	     53481	800026ec	90000db7	lui	x27,0x90000	 x27=0x90000000
     1071677000	     53482	800026f0	1df1	c.addi	x27,-4	 x27:0x90000000 x27=0x8ffffffc
     1071697000	     53483	800026f2	6905	c.lui	x18,0x1	 x18=0x00001000
     1071737000	     53485	800026f4	b0490913	addi	x18,x18,-1276	 x18:0x00001000 x18=0x00000b04
     1071917000	     53494	800026f8	0922	c.slli	x18,0x8	 x18:0x00000b04 x18=0x000b0400
     1071937000	     53495	800026fa	090d	c.addi	x18,3	 x18:0x000b0400 x18=0x000b0403
     1071997000	     53498	800026fc	012da023	sw	x18,0(x27)	 x27:0x8ffffffc x18:0x000b0403 PA:0x8ffffffc store:0x000b0403 load:0xffffffff
     1072017000	     53499	80002700	b0402973	csrrs	x18,mhpmcounter4,x0	  x0:0x00000000 x18=0x0000739f
     1072077000	     53502	80002704	012da023	sw	x18,0(x27)	 x27:0x8ffffffc x18:0x0000739f PA:0x8ffffffc store:0x0000739f load:0xffffffff
     1072397000	     53518	80002708	90000db7	lui	x27,0x90000	 x27=0x90000000
     1072757000	     53536	8000270c	1df1	c.addi	x27,-4	 x27:0x90000000 x27=0x8ffffffc
     1072777000	     53537	8000270e	6905	c.lui	x18,0x1	 x18=0x00001000
     1072997000	     53548	80002710	b8490913	addi	x18,x18,-1148	 x18:0x00001000 x18=0x00000b84
     1073097000	     53553	80002714	0922	c.slli	x18,0x8	 x18:0x00000b84 x18=0x000b8400
     1073117000	     53554	80002716	090d	c.addi	x18,3	 x18:0x000b8400 x18=0x000b8403
     1073317000	     53564	80002718	012da023	sw	x18,0(x27)	 x27:0x8ffffffc x18:0x000b8403 PA:0x8ffffffc store:0x000b8403 load:0xffffffff
     1073337000	     53565	8000271c	b8402973	csrrs	x18,mhpmcounter4h,x0	  x0:0x00000000 x18=0x00000000
     1073377000	     53567	80002720	012da023	sw	x18,0(x27)	 x27:0x8ffffffc x18:0x00000000 PA:0x8ffffffc store:0x00000000 load:0xffffffff
     1073397000	     53568	80002724	90000db7	lui	x27,0x90000	 x27=0x90000000
     1073417000	     53569	80002728	1df1	c.addi	x27,-4	 x27:0x90000000 x27=0x8ffffffc
     1073437000	     53570	8000272a	6905	c.lui	x18,0x1	 x18=0x00001000
     1073457000	     53571	8000272c	b0590913	addi	x18,x18,-1275	 x18:0x00001000 x18=0x00000b05
     1073477000	     53572	80002730	0922	c.slli	x18,0x8	 x18:0x00000b05 x18=0x000b0500
     1073497000	     53573	80002732	090d	c.addi	x18,3	 x18:0x000b0500 x18=0x000b0503
     1073637000	     53580	80002734	012da023	sw	x18,0(x27)	 x27:0x8ffffffc x18:0x000b0503 PA:0x8ffffffc store:0x000b0503 load:0xffffffff
     1073657000	     53581	80002738	b0502973	csrrs	x18,mhpmcounter5,x0	  x0:0x00000000 x18=0x00000003
     1073777000	     53587	8000273c	012da023	sw	x18,0(x27)	 x27:0x8ffffffc x18:0x00000003 PA:0x8ffffffc store:0x00000003 load:0xffffffff
     1073957000	     53596	80002740	90000db7	lui	x27,0x90000	 x27=0x90000000
     1074037000	     53600	80002744	1df1	c.addi	x27,-4	 x27:0x90000000 x27=0x8ffffffc
     1074057000	     53601	80002746	6905	c.lui	x18,0x1	 x18=0x00001000
     1074077000	     53602	80002748	b8590913	addi	x18,x18,-1147	 x18:0x00001000 x18=0x00000b85
     1074097000	     53603	8000274c	0922	c.slli	x18,0x8	 x18:0x00000b85 x18=0x000b8500
     1074117000	     53604	8000274e	090d	c.addi	x18,3	 x18:0x000b8500 x18=0x000b8503
     1074177000	     53607	80002750	012da023	sw	x18,0(x27)	 x27:0x8ffffffc x18:0x000b8503 PA:0x8ffffffc store:0x000b8503 load:0xffffffff
     1074197000	     53608	80002754	b8502973	csrrs	x18,mhpmcounter5h,x0	  x0:0x00000000 x18=0x00000000
     1074217000	     53609	80002758	012da023	sw	x18,0(x27)	 x27:0x8ffffffc x18:0x00000000 PA:0x8ffffffc store:0x00000000 load:0xffffffff
     1074317000	     53614	8000275c	90000db7	lui	x27,0x90000	 x27=0x90000000
     1074337000	     53615	80002760	1df1	c.addi	x27,-4	 x27:0x90000000 x27=0x8ffffffc
     1074357000	     53616	80002762	6905	c.lui	x18,0x1	 x18=0x00001000
     1074377000	     53617	80002764	b0690913	addi	x18,x18,-1274	 x18:0x00001000 x18=0x00000b06
     1074497000	     53623	80002768	0922	c.slli	x18,0x8	 x18:0x00000b06 x18=0x000b0600
     1074517000	     53624	8000276a	090d	c.addi	x18,3	 x18:0x000b0600 x18=0x000b0603
     1074997000	     53648	8000276c	012da023	sw	x18,0(x27)	 x27:0x8ffffffc x18:0x000b0603 PA:0x8ffffffc store:0x000b0603 load:0xffffffff
     1075017000	     53649	80002770	b0602973	csrrs	x18,mhpmcounter6,x0	  x0:0x00000000 x18=0x0000003b
     1075357000	     53666	80002774	012da023	sw	x18,0(x27)	 x27:0x8ffffffc x18:0x0000003b PA:0x8ffffffc store:0x0000003b load:0xffffffff
     1075437000	     53670	80002778	90000db7	lui	x27,0x90000	 x27=0x90000000
     1075817000	     53689	8000277c	1df1	c.addi	x27,-4	 x27:0x90000000 x27=0x8ffffffc
     1075837000	     53690	8000277e	6905	c.lui	x18,0x1	 x18=0x00001000
     1075937000	     53695	80002780	b8690913	addi	x18,x18,-1146	 x18:0x00001000 x18=0x00000b86
     1076077000	     53702	80002784	0922	c.slli	x18,0x8	 x18:0x00000b86 x18=0x000b8600
     1076097000	     53703	80002786	090d	c.addi	x18,3	 x18:0x000b8600 x18=0x000b8603
     1076157000	     53706	80002788	012da023	sw	x18,0(x27)	 x27:0x8ffffffc x18:0x000b8603 PA:0x8ffffffc store:0x000b8603 load:0xffffffff
     1076177000	     53707	8000278c	b8602973	csrrs	x18,mhpmcounter6h,x0	  x0:0x00000000 x18=0x00000000
     1076277000	     53712	80002790	012da023	sw	x18,0(x27)	 x27:0x8ffffffc x18:0x00000000 PA:0x8ffffffc store:0x00000000 load:0xffffffff
     1076397000	     53718	80002794	90000db7	lui	x27,0x90000	 x27=0x90000000
     1076417000	     53719	80002798	1df1	c.addi	x27,-4	 x27:0x90000000 x27=0x8ffffffc
     1076437000	     53720	8000279a	6905	c.lui	x18,0x1	 x18=0x00001000
     1076497000	     53723	8000279c	b0790913	addi	x18,x18,-1273	 x18:0x00001000 x18=0x00000b07
     1076517000	     53724	800027a0	0922	c.slli	x18,0x8	 x18:0x00000b07 x18=0x000b0700
     1076537000	     53725	800027a2	090d	c.addi	x18,3	 x18:0x000b0700 x18=0x000b0703
     1076997000	     53748	800027a4	012da023	sw	x18,0(x27)	 x27:0x8ffffffc x18:0x000b0703 PA:0x8ffffffc store:0x000b0703 load:0xffffffff
     1077017000	     53749	800027a8	b0702973	csrrs	x18,mhpmcounter7,x0	  x0:0x00000000 x18=0x000006cf
     1077117000	     53754	800027ac	012da023	sw	x18,0(x27)	 x27:0x8ffffffc x18:0x000006cf PA:0x8ffffffc store:0x000006cf load:0xffffffff
     1077137000	     53755	800027b0	90000db7	lui	x27,0x90000	 x27=0x90000000
     1077157000	     53756	800027b4	1df1	c.addi	x27,-4	 x27:0x90000000 x27=0x8ffffffc
     1077177000	     53757	800027b6	6905	c.lui	x18,0x1	 x18=0x00001000
     1077197000	     53758	800027b8	b8790913	addi	x18,x18,-1145	 x18:0x00001000 x18=0x00000b87
     1077217000	     53759	800027bc	0922	c.slli	x18,0x8	 x18:0x00000b87 x18=0x000b8700
     1077237000	     53760	800027be	090d	c.addi	x18,3	 x18:0x000b8700 x18=0x000b8703
     1077477000	     53772	800027c0	012da023	sw	x18,0(x27)	 x27:0x8ffffffc x18:0x000b8703 PA:0x8ffffffc store:0x000b8703 load:0xffffffff
     1077497000	     53773	800027c4	b8702973	csrrs	x18,mhpmcounter7h,x0	  x0:0x00000000 x18=0x00000000
     1077617000	     53779	800027c8	012da023	sw	x18,0(x27)	 x27:0x8ffffffc x18:0x00000000 PA:0x8ffffffc store:0x00000000 load:0xffffffff
     1077637000	     53780	800027cc	90000db7	lui	x27,0x90000	 x27=0x90000000
     1077657000	     53781	800027d0	1df1	c.addi	x27,-4	 x27:0x90000000 x27=0x8ffffffc
     1077677000	     53782	800027d2	6905	c.lui	x18,0x1	 x18=0x00001000
     1077697000	     53783	800027d4	b0890913	addi	x18,x18,-1272	 x18:0x00001000 x18=0x00000b08
     1077717000	     53784	800027d8	0922	c.slli	x18,0x8	 x18:0x00000b08 x18=0x000b0800
     1077737000	     53785	800027da	090d	c.addi	x18,3	 x18:0x000b0800 x18=0x000b0803
     1077897000	     53793	800027dc	012da023	sw	x18,0(x27)	 x27:0x8ffffffc x18:0x000b0803 PA:0x8ffffffc store:0x000b0803 load:0xffffffff
     1077917000	     53794	800027e0	b0802973	csrrs	x18,mhpmcounter8,x0	  x0:0x00000000 x18=0x00000185
     1078197000	     53808	800027e4	012da023	sw	x18,0(x27)	 x27:0x8ffffffc x18:0x00000185 PA:0x8ffffffc store:0x00000185 load:0xffffffff
     1078217000	     53809	800027e8	90000db7	lui	x27,0x90000	 x27=0x90000000
     1078237000	     53810	800027ec	1df1	c.addi	x27,-4	 x27:0x90000000 x27=0x8ffffffc
     1078257000	     53811	800027ee	6905	c.lui	x18,0x1	 x18=0x00001000
     1078277000	     53812	800027f0	b8890913	addi	x18,x18,-1144	 x18:0x00001000 x18=0x00000b88
     1078297000	     53813	800027f4	0922	c.slli	x18,0x8	 x18:0x00000b88 x18=0x000b8800
     1078317000	     53814	800027f6	090d	c.addi	x18,3	 x18:0x000b8800 x18=0x000b8803
     1078377000	     53817	800027f8	012da023	sw	x18,0(x27)	 x27:0x8ffffffc x18:0x000b8803 PA:0x8ffffffc store:0x000b8803 load:0xffffffff
     1078397000	     53818	800027fc	b8802973	csrrs	x18,mhpmcounter8h,x0	  x0:0x00000000 x18=0x00000000
     1078817000	     53839	80002800	012da023	sw	x18,0(x27)	 x27:0x8ffffffc x18:0x00000000 PA:0x8ffffffc store:0x00000000 load:0xffffffff
     1078837000	     53840	80002804	90000db7	lui	x27,0x90000	 x27=0x90000000
     1078857000	     53841	80002808	1df1	c.addi	x27,-4	 x27:0x90000000 x27=0x8ffffffc
     1078877000	     53842	8000280a	6905	c.lui	x18,0x1	 x18=0x00001000
     1078897000	     53843	8000280c	b0990913	addi	x18,x18,-1271	 x18:0x00001000 x18=0x00000b09
     1078917000	     53844	80002810	0922	c.slli	x18,0x8	 x18:0x00000b09 x18=0x000b0900
     1078937000	     53845	80002812	090d	c.addi	x18,3	 x18:0x000b0900 x18=0x000b0903
     1078997000	     53848	80002814	012da023	sw	x18,0(x27)	 x27:0x8ffffffc x18:0x000b0903 PA:0x8ffffffc store:0x000b0903 load:0xffffffff
     1079017000	     53849	80002818	b0902973	csrrs	x18,mhpmcounter9,x0	  x0:0x00000000 x18=0x000000af
     1079217000	     53859	8000281c	012da023	sw	x18,0(x27)	 x27:0x8ffffffc x18:0x000000af PA:0x8ffffffc store:0x000000af load:0xffffffff
     1079237000	     53860	80002820	90000db7	lui	x27,0x90000	 x27=0x90000000
     1079577000	     53877	80002824	1df1	c.addi	x27,-4	 x27:0x90000000 x27=0x8ffffffc
     1079597000	     53878	80002826	6905	c.lui	x18,0x1	 x18=0x00001000
     1079617000	     53879	80002828	b8990913	addi	x18,x18,-1143	 x18:0x00001000 x18=0x00000b89
     1079777000	     53887	8000282c	0922	c.slli	x18,0x8	 x18:0x00000b89 x18=0x000b8900
     1079797000	     53888	8000282e	090d	c.addi	x18,3	 x18:0x000b8900 x18=0x000b8903
     1080437000	     53920	80002830	012da023	sw	x18,0(x27)	 x27:0x8ffffffc x18:0x000b8903 PA:0x8ffffffc store:0x000b8903 load:0xffffffff
     1080457000	     53921	80002834	b8902973	csrrs	x18,mhpmcounter9h,x0	  x0:0x00000000 x18=0x00000000
     1080657000	     53931	80002838	012da023	sw	x18,0(x27)	 x27:0x8ffffffc x18:0x00000000 PA:0x8ffffffc store:0x00000000 load:0xffffffff
     1080677000	     53932	8000283c	90000db7	lui	x27,0x90000	 x27=0x90000000
     1080697000	     53933	80002840	1df1	c.addi	x27,-4	 x27:0x90000000 x27=0x8ffffffc
     1080717000	     53934	80002842	6905	c.lui	x18,0x1	 x18=0x00001000
     1080737000	     53935	80002844	b0a90913	addi	x18,x18,-1270	 x18:0x00001000 x18=0x00000b0a
     1080757000	     53936	80002848	0922	c.slli	x18,0x8	 x18:0x00000b0a x18=0x000b0a00
     1080777000	     53937	8000284a	090d	c.addi	x18,3	 x18:0x000b0a00 x18=0x000b0a03
     1081077000	     53952	8000284c	012da023	sw	x18,0(x27)	 x27:0x8ffffffc x18:0x000b0a03 PA:0x8ffffffc store:0x000b0a03 load:0xffffffff
     1081097000	     53953	80002850	b0a02973	csrrs	x18,mhpmcounter10,x0	  x0:0x00000000 x18=0x0000081d
     1081317000	     53964	80002854	012da023	sw	x18,0(x27)	 x27:0x8ffffffc x18:0x0000081d PA:0x8ffffffc store:0x0000081d load:0xffffffff
     1081337000	     53965	80002858	90000db7	lui	x27,0x90000	 x27=0x90000000
     1081357000	     53966	8000285c	1df1	c.addi	x27,-4	 x27:0x90000000 x27=0x8ffffffc
     1081377000	     53967	8000285e	6905	c.lui	x18,0x1	 x18=0x00001000
     1081397000	     53968	80002860	b8a90913	addi	x18,x18,-1142	 x18:0x00001000 x18=0x00000b8a
     1081497000	     53973	80002864	0922	c.slli	x18,0x8	 x18:0x00000b8a x18=0x000b8a00
     1081517000	     53974	80002866	090d	c.addi	x18,3	 x18:0x000b8a00 x18=0x000b8a03
     1081777000	     53987	80002868	012da023	sw	x18,0(x27)	 x27:0x8ffffffc x18:0x000b8a03 PA:0x8ffffffc store:0x000b8a03 load:0xffffffff
     1081797000	     53988	8000286c	b8a02973	csrrs	x18,mhpmcounter10h,x0	  x0:0x00000000 x18=0x00000000
     1081977000	     53997	80002870	012da023	sw	x18,0(x27)	 x27:0x8ffffffc x18:0x00000000 PA:0x8ffffffc store:0x00000000 load:0xffffffff
