Time	Cycle	PC	Insn	Decoded instruction	Register and memory contents
        1055000	         6	80000080	40001937	lui	x18,0x40001	 x18=0x40001000
        1065000	         7	80000084	10690913	addi	x18,x18,262	 x18:0x40001000 x18=0x40001106
        1075000	         8	80000088	30191073	csrrw	x0,misa,x18	 x18:0x40001106  x0=0x00000000
        1105000	        11	8000008c	00024697	auipc	x13,0x24	 x13=0x8002408c
        1115000	        12	80000090	c5868693	addi	x13,x13,-936	 x13:0x8002408c x13=0x80023ce4
        1125000	        13	80000094	00002917	auipc	x18,0x2	 x18=0x80002094
        1135000	        14	80000098	46c90913	addi	x18,x18,1132	 x18:0x80002094 x18=0x80002500
        1145000	        15	8000009c	00196913	ori	x18,x18,1	 x18:0x80002500 x18=0x80002501
        1155000	        16	800000a0	30591073	csrrw	x0,mtvec,x18	 x18:0x80002501  x0=0x00000000
        1185000	        19	800000a4	74725073	csrrwi	x0,0x747,4	  x0=0x00000000
        1215000	        22	800000a8	00003397	auipc	x7,0x3	  x7=0x800030a8
        1225000	        23	800000ac	1fc38393	addi	x7,x7,508	  x7:0x800030a8  x7=0x800032a4
        1235000	        24	800000b0	4901	c.li	x18,0	 x18=0x00000000
        1245000	        25	800000b2	93ca	c.add	x7,x18	  x7:0x800032a4 x18:0x00000000  x7=0x800032a4
        1255000	        26	800000b4	0023d393	srli	x7,x7,0x2	  x7:0x800032a4  x7=0x20000ca9
        1265000	        27	800000b8	3b039073	csrrw	x0,pmpaddr0,x7	  x7:0x20000ca9  x0=0x00000000
        1295000	        30	800000bc	00003397	auipc	x7,0x3	  x7=0x800030bc
        1305000	        31	800000c0	1e838393	addi	x7,x7,488	  x7:0x800030bc  x7=0x800032a4
        1315000	        32	800000c4	11111937	lui	x18,0x11111	 x18=0x11111000
        1325000	        33	800000c8	11190913	addi	x18,x18,273	 x18:0x11111000 x18=0x11111111
        1335000	        34	800000cc	93ca	c.add	x7,x18	  x7:0x800032a4 x18:0x11111111  x7=0x911143b5
        1345000	        35	800000ce	0023d393	srli	x7,x7,0x2	  x7:0x911143b5  x7=0x244450ed
        1355000	        36	800000d2	3b139073	csrrw	x0,pmpaddr1,x7	  x7:0x244450ed  x0=0x00000000
        1385000	        39	800000d6	00003397	auipc	x7,0x3	  x7=0x800030d6
        1395000	        40	800000da	1ce38393	addi	x7,x7,462	  x7:0x800030d6  x7=0x800032a4
        1405000	        41	800000de	22222937	lui	x18,0x22222	 x18=0x22222000
        1415000	        42	800000e2	22290913	addi	x18,x18,546	 x18:0x22222000 x18=0x22222222
        1425000	        43	800000e6	93ca	c.add	x7,x18	  x7:0x800032a4 x18:0x22222222  x7=0xa22254c6
        1435000	        44	800000e8	0023d393	srli	x7,x7,0x2	  x7:0xa22254c6  x7=0x28889531
        1445000	        45	800000ec	3b239073	csrrw	x0,pmpaddr2,x7	  x7:0x28889531  x0=0x00000000
        1475000	        48	800000f0	00003397	auipc	x7,0x3	  x7=0x800030f0
        1485000	        49	800000f4	1b438393	addi	x7,x7,436	  x7:0x800030f0  x7=0x800032a4
        1495000	        50	800000f8	33333937	lui	x18,0x33333	 x18=0x33333000
        1505000	        51	800000fc	33390913	addi	x18,x18,819	 x18:0x33333000 x18=0x33333333
        1515000	        52	80000100	93ca	c.add	x7,x18	  x7:0x800032a4 x18:0x33333333  x7=0xb33365d7
        1525000	        53	80000102	0023d393	srli	x7,x7,0x2	  x7:0xb33365d7  x7=0x2cccd975
        1535000	        54	80000106	3b339073	csrrw	x0,pmpaddr3,x7	  x7:0x2cccd975  x0=0x00000000
        1565000	        57	8000010a	0f0f13b7	lui	x7,0xf0f1	  x7=0x0f0f1000
        1575000	        58	8000010e	f0f38393	addi	x7,x7,-241	  x7:0x0f0f1000  x7=0x0f0f0f0f
        1585000	        59	80000112	3a039073	csrrw	x0,pmpcfg0,x7	  x7:0x0f0f0f0f  x0=0x00000000
        1615000	        62	80000116	00003397	auipc	x7,0x3	  x7=0x80003116
        1625000	        63	8000011a	18e38393	addi	x7,x7,398	  x7:0x80003116  x7=0x800032a4
        1635000	        64	8000011e	44444937	lui	x18,0x44444	 x18=0x44444000
        1645000	        65	80000122	44490913	addi	x18,x18,1092	 x18:0x44444000 x18=0x44444444
        1655000	        66	80000126	93ca	c.add	x7,x18	  x7:0x800032a4 x18:0x44444444  x7=0xc44476e8
        1665000	        67	80000128	0023d393	srli	x7,x7,0x2	  x7:0xc44476e8  x7=0x31111dba
        1675000	        68	8000012c	3b439073	csrrw	x0,pmpaddr4,x7	  x7:0x31111dba  x0=0x00000000
        1705000	        71	80000130	00003397	auipc	x7,0x3	  x7=0x80003130
        1715000	        72	80000134	17438393	addi	x7,x7,372	  x7:0x80003130  x7=0x800032a4
        1725000	        73	80000138	55555937	lui	x18,0x55555	 x18=0x55555000
        1735000	        74	8000013c	55590913	addi	x18,x18,1365	 x18:0x55555000 x18=0x55555555
        1745000	        75	80000140	93ca	c.add	x7,x18	  x7:0x800032a4 x18:0x55555555  x7=0xd55587f9
        1755000	        76	80000142	0023d393	srli	x7,x7,0x2	  x7:0xd55587f9  x7=0x355561fe
        1765000	        77	80000146	3b539073	csrrw	x0,pmpaddr5,x7	  x7:0x355561fe  x0=0x00000000
        1795000	        80	8000014a	00003397	auipc	x7,0x3	  x7=0x8000314a
        1805000	        81	8000014e	15a38393	addi	x7,x7,346	  x7:0x8000314a  x7=0x800032a4
        1815000	        82	80000152	66666937	lui	x18,0x66666	 x18=0x66666000
        1825000	        83	80000156	66690913	addi	x18,x18,1638	 x18:0x66666000 x18=0x66666666
        1835000	        84	8000015a	93ca	c.add	x7,x18	  x7:0x800032a4 x18:0x66666666  x7=0xe666990a
        1845000	        85	8000015c	0023d393	srli	x7,x7,0x2	  x7:0xe666990a  x7=0x3999a642
        1855000	        86	80000160	3b639073	csrrw	x0,pmpaddr6,x7	  x7:0x3999a642  x0=0x00000000
        1885000	        89	80000164	00003397	auipc	x7,0x3	  x7=0x80003164
        1895000	        90	80000168	14038393	addi	x7,x7,320	  x7:0x80003164  x7=0x800032a4
        1905000	        91	8000016c	77777937	lui	x18,0x77777	 x18=0x77777000
        1915000	        92	80000170	77790913	addi	x18,x18,1911	 x18:0x77777000 x18=0x77777777
        1925000	        93	80000174	93ca	c.add	x7,x18	  x7:0x800032a4 x18:0x77777777  x7=0xf777aa1b
        1935000	        94	80000176	0023d393	srli	x7,x7,0x2	  x7:0xf777aa1b  x7=0x3dddea86
        1945000	        95	8000017a	3b739073	csrrw	x0,pmpaddr7,x7	  x7:0x3dddea86  x0=0x00000000
        1975000	        98	8000017e	0f0f13b7	lui	x7,0xf0f1	  x7=0x0f0f1000
        1985000	        99	80000182	f0f38393	addi	x7,x7,-241	  x7:0x0f0f1000  x7=0x0f0f0f0f
        1995000	       100	80000186	3a139073	csrrw	x0,pmpcfg1,x7	  x7:0x0f0f0f0f  x0=0x00000000
        2025000	       103	8000018a	00003397	auipc	x7,0x3	  x7=0x8000318a
        2035000	       104	8000018e	11a38393	addi	x7,x7,282	  x7:0x8000318a  x7=0x800032a4
        2045000	       105	80000192	88889937	lui	x18,0x88889	 x18=0x88889000
        2055000	       106	80000196	88890913	addi	x18,x18,-1912	 x18:0x88889000 x18=0x88888888
        2065000	       107	8000019a	93ca	c.add	x7,x18	  x7:0x800032a4 x18:0x88888888  x7=0x0888bb2c
        2075000	       108	8000019c	0023d393	srli	x7,x7,0x2	  x7:0x0888bb2c  x7=0x02222ecb
        2085000	       109	800001a0	3b839073	csrrw	x0,pmpaddr8,x7	  x7:0x02222ecb  x0=0x00000000
        2115000	       112	800001a4	00003397	auipc	x7,0x3	  x7=0x800031a4
        2125000	       113	800001a8	10038393	addi	x7,x7,256	  x7:0x800031a4  x7=0x800032a4
        2135000	       114	800001ac	9999a937	lui	x18,0x9999a	 x18=0x9999a000
        2145000	       115	800001b0	99990913	addi	x18,x18,-1639	 x18:0x9999a000 x18=0x99999999
        2155000	       116	800001b4	93ca	c.add	x7,x18	  x7:0x800032a4 x18:0x99999999  x7=0x1999cc3d
        2165000	       117	800001b6	0023d393	srli	x7,x7,0x2	  x7:0x1999cc3d  x7=0x0666730f
        2175000	       118	800001ba	3b939073	csrrw	x0,pmpaddr9,x7	  x7:0x0666730f  x0=0x00000000
        2205000	       121	800001be	00003397	auipc	x7,0x3	  x7=0x800031be
        2215000	       122	800001c2	0e638393	addi	x7,x7,230	  x7:0x800031be  x7=0x800032a4
        2225000	       123	800001c6	aaaab937	lui	x18,0xaaaab	 x18=0xaaaab000
        2235000	       124	800001ca	aaa90913	addi	x18,x18,-1366	 x18:0xaaaab000 x18=0xaaaaaaaa
        2245000	       125	800001ce	93ca	c.add	x7,x18	  x7:0x800032a4 x18:0xaaaaaaaa  x7=0x2aaadd4e
        2255000	       126	800001d0	0023d393	srli	x7,x7,0x2	  x7:0x2aaadd4e  x7=0x0aaab753
        2265000	       127	800001d4	3ba39073	csrrw	x0,pmpaddr10,x7	  x7:0x0aaab753  x0=0x00000000
        2295000	       130	800001d8	00003397	auipc	x7,0x3	  x7=0x800031d8
        2305000	       131	800001dc	0cc38393	addi	x7,x7,204	  x7:0x800031d8  x7=0x800032a4
        2315000	       132	800001e0	bbbbc937	lui	x18,0xbbbbc	 x18=0xbbbbc000
        2325000	       133	800001e4	bbb90913	addi	x18,x18,-1093	 x18:0xbbbbc000 x18=0xbbbbbbbb
        2335000	       134	800001e8	93ca	c.add	x7,x18	  x7:0x800032a4 x18:0xbbbbbbbb  x7=0x3bbbee5f
        2345000	       135	800001ea	0023d393	srli	x7,x7,0x2	  x7:0x3bbbee5f  x7=0x0eeefb97
        2355000	       136	800001ee	3bb39073	csrrw	x0,pmpaddr11,x7	  x7:0x0eeefb97  x0=0x00000000
        2385000	       139	800001f2	0f0f13b7	lui	x7,0xf0f1	  x7=0x0f0f1000
        2395000	       140	800001f6	f0f38393	addi	x7,x7,-241	  x7:0x0f0f1000  x7=0x0f0f0f0f
        2405000	       141	800001fa	3a239073	csrrw	x0,pmpcfg2,x7	  x7:0x0f0f0f0f  x0=0x00000000
        2435000	       144	800001fe	00003397	auipc	x7,0x3	  x7=0x800031fe
        2445000	       145	80000202	0a638393	addi	x7,x7,166	  x7:0x800031fe  x7=0x800032a4
        2455000	       146	80000206	ccccd937	lui	x18,0xccccd	 x18=0xccccd000
        2465000	       147	8000020a	ccc90913	addi	x18,x18,-820	 x18:0xccccd000 x18=0xcccccccc
        2475000	       148	8000020e	93ca	c.add	x7,x18	  x7:0x800032a4 x18:0xcccccccc  x7=0x4cccff70
        2485000	       149	80000210	0023d393	srli	x7,x7,0x2	  x7:0x4cccff70  x7=0x13333fdc
        2495000	       150	80000214	3bc39073	csrrw	x0,pmpaddr12,x7	  x7:0x13333fdc  x0=0x00000000
        2525000	       153	80000218	00003397	auipc	x7,0x3	  x7=0x80003218
        2535000	       154	8000021c	08c38393	addi	x7,x7,140	  x7:0x80003218  x7=0x800032a4
        2545000	       155	80000220	dddde937	lui	x18,0xdddde	 x18=0xdddde000
        2555000	       156	80000224	ddd90913	addi	x18,x18,-547	 x18:0xdddde000 x18=0xdddddddd
        2565000	       157	80000228	93ca	c.add	x7,x18	  x7:0x800032a4 x18:0xdddddddd  x7=0x5dde1081
        2575000	       158	8000022a	0023d393	srli	x7,x7,0x2	  x7:0x5dde1081  x7=0x17778420
        2585000	       159	8000022e	3bd39073	csrrw	x0,pmpaddr13,x7	  x7:0x17778420  x0=0x00000000
        2615000	       162	80000232	00003397	auipc	x7,0x3	  x7=0x80003232
        2625000	       163	80000236	07238393	addi	x7,x7,114	  x7:0x80003232  x7=0x800032a4
        2635000	       164	8000023a	eeeef937	lui	x18,0xeeeef	 x18=0xeeeef000
        2645000	       165	8000023e	eee90913	addi	x18,x18,-274	 x18:0xeeeef000 x18=0xeeeeeeee
        2655000	       166	80000242	93ca	c.add	x7,x18	  x7:0x800032a4 x18:0xeeeeeeee  x7=0x6eef2192
        2665000	       167	80000244	0023d393	srli	x7,x7,0x2	  x7:0x6eef2192  x7=0x1bbbc864
        2675000	       168	80000248	3be39073	csrrw	x0,pmpaddr14,x7	  x7:0x1bbbc864  x0=0x00000000
        2705000	       171	8000024c	00003397	auipc	x7,0x3	  x7=0x8000324c
        2715000	       172	80000250	05838393	addi	x7,x7,88	  x7:0x8000324c  x7=0x800032a4
        2725000	       173	80000254	fff00913	addi	x18,x0,-1	  x0:0x00000000 x18=0xffffffff
        2735000	       174	80000258	93ca	c.add	x7,x18	  x7:0x800032a4 x18:0xffffffff  x7=0x800032a3
        2745000	       175	8000025a	0023d393	srli	x7,x7,0x2	  x7:0x800032a3  x7=0x20000ca8
        2755000	       176	8000025e	3bf39073	csrrw	x0,pmpaddr15,x7	  x7:0x20000ca8  x0=0x00000000
        2785000	       179	80000262	0f0f13b7	lui	x7,0xf0f1	  x7=0x0f0f1000
        2795000	       180	80000266	f0f38393	addi	x7,x7,-241	  x7:0x0f0f1000  x7=0x0f0f0f0f
        2805000	       181	8000026a	3a339073	csrrw	x0,pmpcfg3,x7	  x7:0x0f0f0f0f  x0=0x00000000
        2835000	       184	8000026e	00000917	auipc	x18,0x0	 x18=0x8000026e
        2845000	       185	80000272	05890913	addi	x18,x18,88	 x18:0x8000026e x18=0x800002c6
        2855000	       186	80000276	34191073	csrrw	x0,mepc,x18	 x18:0x800002c6  x0=0x00000000
        2865000	       187	8000027a	7c00d073	csrrwi	x0,0x7c0,1	  x0=0x00000000
        2895000	       190	8000027e	6909	c.lui	x18,0x2	 x18=0x00002000
        2905000	       191	80000280	80090913	addi	x18,x18,-2048	 x18:0x00002000 x18=0x00001800
        2915000	       192	80000284	30091073	csrrw	x0,mstatus,x18	 x18:0x00001800  x0=0x00000000
        2945000	       195	80000288	4901	c.li	x18,0	 x18=0x00000000
        2955000	       196	8000028a	30491073	csrrw	x0,mie,x18	 x18:0x00000000  x0=0x00000000
        2985000	       199	8000028e	90000db7	lui	x27,0x90000	 x27=0x90000000
        2995000	       200	80000292	1df1	c.addi	x27,-4	 x27:0x90000000 x27=0x8ffffffc
        3005000	       201	80000294	30000913	addi	x18,x0,768	  x0:0x00000000 x18=0x00000300
        3015000	       202	80000298	0922	c.slli	x18,0x8	 x18:0x00000300 x18=0x00030000
        3025000	       203	8000029a	090d	c.addi	x18,3	 x18:0x00030000 x18=0x00030003
        3035000	       204	8000029c	012da023	sw	x18,0(x27)	 x27:0x8ffffffc x18:0x00030003 PA:0x8ffffffc store:0x00030003 load:0x00000000
        3045000	       205	800002a0	30002973	csrrs	x18,mstatus,x0	  x0:0x00000000 x18=0x00001800
        3055000	       206	800002a4	012da023	sw	x18,0(x27)	 x27:0x8ffffffc x18:0x00001800 PA:0x8ffffffc store:0x00001800 load:0x00000000
        3065000	       207	800002a8	90000db7	lui	x27,0x90000	 x27=0x90000000
        3075000	       208	800002ac	1df1	c.addi	x27,-4	 x27:0x90000000 x27=0x8ffffffc
        3085000	       209	800002ae	30400913	addi	x18,x0,772	  x0:0x00000000 x18=0x00000304
        3095000	       210	800002b2	0922	c.slli	x18,0x8	 x18:0x00000304 x18=0x00030400
        3105000	       211	800002b4	090d	c.addi	x18,3	 x18:0x00030400 x18=0x00030403
        3115000	       212	800002b6	012da023	sw	x18,0(x27)	 x27:0x8ffffffc x18:0x00030403 PA:0x8ffffffc store:0x00030403 load:0x00000000
        3125000	       213	800002ba	30402973	csrrs	x18,mie,x0	  x0:0x00000000 x18=0x00000000
        3135000	       214	800002be	012da023	sw	x18,0(x27)	 x27:0x8ffffffc x18:0x00000000 PA:0x8ffffffc store:0x00000000 load:0x00000000
        3145000	       215	800002c2	30200073	mret	
        3185000	       219	800002c6	fc8e0037	lui	x0,0xfc8e0	  x0=0x00000000
        3195000	       220	800002ca	b0400013	addi	x0,x0,-1276	  x0:0x00000000  x0=0x00000000
        3205000	       221	800002ce	4081	c.li	x1,0	  x1=0x00000000
        3215000	       222	800002d0	80000137	lui	x2,0x80000	  x2=0x80000000
        3225000	       223	800002d4	4195	c.li	x3,5	  x3=0x00000005
        3235000	       224	800002d6	80000237	lui	x4,0x80000	  x4=0x80000000
        3245000	       225	800002da	b9cf72b7	lui	x5,0xb9cf7	  x5=0xb9cf7000
        3255000	       226	800002de	f4f28293	addi	x5,x5,-177	  x5:0xb9cf7000  x5=0xb9cf6f4f
        3265000	       227	800002e2	4321	c.li	x6,8	  x6=0x00000008
        3275000	       228	800002e4	4381	c.li	x7,0	  x7=0x00000000
        3285000	       229	800002e6	4435	c.li	x8,13	  x8=0x0000000d
        3295000	       230	800002e8	4481	c.li	x9,0	  x9=0x00000000
        3305000	       231	800002ea	80000537	lui	x10,0x80000	 x10=0x80000000
        3315000	       232	800002ee	feae4637	lui	x12,0xfeae4	 x12=0xfeae4000
        3325000	       233	800002f2	50460613	addi	x12,x12,1284	 x12:0xfeae4000 x12=0xfeae4504
        3335000	       234	800002f6	f2401737	lui	x14,0xf2401	 x14=0xf2401000
        3345000	       235	800002fa	04670713	addi	x14,x14,70	 x14:0xf2401000 x14=0xf2401046
        3355000	       236	800002fe	800007b7	lui	x15,0x80000	 x15=0x80000000
        3365000	       237	80000302	ff2a5837	lui	x16,0xff2a5	 x16=0xff2a5000
        3375000	       238	80000306	d8c80813	addi	x16,x16,-628	 x16:0xff2a5000 x16=0xff2a4d8c
        3385000	       239	8000030a	4881	c.li	x17,0	 x17=0x00000000
        3395000	       240	8000030c	4901	c.li	x18,0	 x18=0x00000000
        3405000	       241	8000030e	4991	c.li	x19,4	 x19=0x00000004
        3415000	       242	80000310	4a01	c.li	x20,0	 x20=0x00000000
        3425000	       243	80000312	80000ab7	lui	x21,0x80000	 x21=0x80000000
        3435000	       244	80000316	4b31	c.li	x22,12	 x22=0x0000000c
        3445000	       245	80000318	4b81	c.li	x23,0	 x23=0x00000000
        3455000	       246	8000031a	80000c37	lui	x24,0x80000	 x24=0x80000000
        3465000	       247	8000031e	9bbefcb7	lui	x25,0x9bbef	 x25=0x9bbef000
        3475000	       248	80000322	230c8c93	addi	x25,x25,560	 x25:0x9bbef000 x25=0x9bbef230
        3485000	       249	80000326	4d01	c.li	x26,0	 x26=0x00000000
        3495000	       250	80000328	5a709db7	lui	x27,0x5a709	 x27=0x5a709000
        3505000	       251	8000032c	21fd8d93	addi	x27,x27,543	 x27:0x5a709000 x27=0x5a70921f
        3515000	       252	80000330	77c6ee37	lui	x28,0x77c6e	 x28=0x77c6e000
        3525000	       253	80000334	408e0e13	addi	x28,x28,1032	 x28:0x77c6e000 x28=0x77c6e408
        3535000	       254	80000338	4e81	c.li	x29,0	 x29=0x00000000
        3545000	       255	8000033a	7be08f37	lui	x30,0x7be08	 x30=0x7be08000
        3555000	       256	8000033e	446f0f13	addi	x30,x30,1094	 x30:0x7be08000 x30=0x7be08446
        3565000	       257	80000342	4fb9	c.li	x31,14	 x31=0x0000000e
        3575000	       258	80000344	00020597	auipc	x11,0x20	 x11=0x80020344
        3585000	       259	80000348	b2058593	addi	x11,x11,-1248	 x11:0x80020344 x11=0x8001fe64
        3595000	       260	8000034c	90000db7	lui	x27,0x90000	 x27=0x90000000
        3605000	       261	80000350	1df1	c.addi	x27,-4	 x27:0x90000000 x27=0x8ffffffc
        3615000	       262	80000352	4901	c.li	x18,0	 x18=0x00000000
        3625000	       263	80000354	0922	c.slli	x18,0x8	 x18:0x00000000 x18=0x00000000
        3635000	       264	80000356	00090913	addi	x18,x18,0	 x18:0x00000000 x18=0x00000000
        3645000	       265	8000035a	012da023	sw	x18,0(x27)	 x27:0x8ffffffc x18:0x00000000 PA:0x8ffffffc store:0x00000000 load:0x00000000
        3655000	       266	8000035e	7470206f	jal	x0,800032a4	  x0=0x00000000
        3675000	       268	800032a4	34082b73	csrrs	x22,mscratch,x16	 x16:0xff2a4d8c x22=0x00000000
        3685000	       269	800032a8	001f8833	add	x16,x31,x1	 x31:0x0000000e  x1:0x00000000 x16=0x0000000e
        3695000	       270	800032ac	127d	c.addi	x4,-1	  x4:0x80000000  x4=0x7fffffff
        3705000	       271	800032ae	00005117	auipc	x2,0x5	  x2=0x800082ae
        3715000	       272	800032b2	ea410113	addi	x2,x2,-348	  x2:0x800082ae  x2=0x80008152
        3725000	       273	800032b6	8c5d	c.or	x8,x15	  x8:0x0000000d x15:0x80000000  x8=0x8000000d
        3735000	       274	800032b8	ec910113	addi	x2,x2,-311	  x2:0x80008152  x2=0x8000801b
        3745000	       275	800032bc	34019573	csrrw	x10,mscratch,x3	  x3:0x00000005 x10=0xff2a4d8c
        3755000	       276	800032c0	8c6a	c.mv	x24,x26	  x0:0x00000000 x26:0x00000000 x24=0x00000000
        3765000	       277	800032c2	137101e7	jalr	x3,311(x2)	  x2:0x8000801b  x3=0x800032c6
        3795000	       280	80008152	fd058593	addi	x11,x11,-48	 x11:0x8001fe64 x11=0x8001fe34
        3805000	       281	80008156	8fdd	c.or	x15,x15	 x15:0x80000000 x15:0x80000000 x15=0x80000000
        3815000	       282	80008158	9412	c.add	x8,x4	  x8:0x8000000d  x4:0x7fffffff  x8=0x0000000c
        3825000	       283	8000815a	019b0033	add	x0,x22,x25	 x22:0x00000000 x25:0x9bbef230  x0=0x00000000
        3835000	       284	8000815e	0035a223	sw	x3,4(x11)	 x11:0x8001fe34  x3:0x800032c6 PA:0x8001fe38 store:0x800032c6 load:0x00000000
        3855000	       286	80008162	0363cab3	div	x21,x7,x22	  x7:0x00000000 x22:0x00000000 x21=0xffffffff
        3865000	       287	80008166	028001ef	jal	x3,8000818e	  x3=0x8000816a
        3885000	       289	8000818e	37fd	c.jal	8000817c	  x1=0x80008190
        3905000	       291	8000817c	2009	c.jal	8000817e	  x1=0x8000817e
        3925000	       293	8000817e	2029	c.jal	80008188	  x1=0x80008180
        3945000	       295	80008188	ffdff0ef	jal	x1,80008184	  x1=0x8000818c
        3965000	       297	80008184	a811	c.j	80008198	
        3985000	       299	80008198	bff9	c.j	80008176	
        4005000	       301	80008176	a029	c.j	80008180	
        4025000	       303	80008180	016000ef	jal	x1,80008196	  x1=0x80008184
        4045000	       305	80008196	b7cd	c.j	80008178	
        4065000	       307	80008178	200d	c.jal	8000819a	  x1=0x8000817a
        4085000	       309	8000819a	bfd9	c.j	80008170	
        4105000	       311	80008170	a005	c.j	80008190	
        4125000	       313	80008190	fe3ff7ef	jal	x15,80008172	 x15=0x80008194
        4145000	       315	80008172	200d	c.jal	80008194	  x1=0x80008174
        4165000	       317	80008194	b7c5	c.j	80008174	
        4185000	       319	80008174	bfdd	c.j	8000816a	
        4215000	       322	8000816a	032002ef	jal	x5,8000819c	  x5=0x8000816e
        4235000	       324	8000819c	fdfff0ef	jal	x1,8000817a	  x1=0x800081a0
        4255000	       326	8000817a	2031	c.jal	80008186	  x1=0x8000817c
        4275000	       328	80008186	a831	c.j	800081a2	
        4295000	       330	800081a2	37ed	c.jal	8000818c	  x1=0x800081a4
        4315000	       332	8000818c	2811	c.jal	800081a0	  x1=0x8000818e
        4335000	       334	800081a0	37f9	c.jal	8000816e	  x1=0x800081a2
        4355000	       336	8000816e	281d	c.jal	800081a4	  x1=0x80008170
        4375000	       338	800081a4	34003cf3	csrrc	x25,mscratch,x0	  x0:0x00000000 x25=0x00000005
        4385000	       339	800081a8	00db6c33	or	x24,x22,x13	 x22:0x00000000 x13:0x80023ce4 x24=0x80023ce4
        4395000	       340	800081ac	01a29c63	bne	x5,x26,800081c4	  x5:0x8000816e x26:0x00000000
        4415000	       342	800081c4	0001	c.addi	x0,0	  x0:0x00000000  x0=0x00000000
        4425000	       343	800081c6	4821	c.li	x16,8	 x16=0x00000008
        4435000	       344	800081c8	04e4eb63	bltu	x9,x14,8000821e	  x9:0x00000000 x14:0xf2401046
        4455000	       346	8000821e	8d59	c.or	x10,x14	 x10:0xff2a4d8c x14:0xf2401046 x10=0xff6a5dce
        4465000	       347	80008220	0001	c.addi	x0,0	  x0:0x00000000  x0=0x00000000
        4475000	       348	80008222	41725cb3	sra	x25,x4,x23	  x4:0x7fffffff x23:0x00000000 x25=0x7fffffff
        4485000	       349	80008226	34007cf3	csrrci	x25,mscratch,0	 x25=0x00000005
        4495000	       350	8000822a	0090d7b3	srl	x15,x1,x9	  x1:0x80008170  x9:0x00000000 x15=0x80008170
        4505000	       351	8000822e	e70d	c.bnez	x14,80008258	 x14:0xf2401046
        4525000	       353	80008258	340e5df3	csrrwi	x27,mscratch,28	 x27=0x00000005
        4535000	       354	8000825c	01f6e363	bltu	x13,x31,80008262	 x13:0x80023ce4 x31:0x0000000e
        4545000	       355	80008260	8cbd	c.xor	x9,x15	  x9:0x00000000 x15:0x80008170  x9=0x80008170
        4555000	       356	80008262	67c84193	xori	x3,x16,1660	 x16:0x00000008  x3=0x00000674
        4565000	       357	80008266	0229f063	bgeu	x19,x2,80008286	 x19:0x00000004  x2:0x8000801b
        4575000	       358	8000826a	c705	c.beqz	x14,80008292	 x14:0xf2401046
        4585000	       359	8000826c	cb7f6fb7	lui	x31,0xcb7f6	 x31=0xcb7f6000
        4595000	       360	80008270	00d67263	bgeu	x12,x13,80008274	 x12:0xfeae4504 x13:0x80023ce4
        4615000	       362	80008274	2051ff93	andi	x31,x3,517	  x3:0x00000674 x31=0x00000204
        4985000	       399	80008278	028a6b33	rem	x22,x20,x8	 x20:0x00000000  x8:0x0000000c x22=0x00000000
        4995000	       400	8000827c	8335	c.srli	x14,0xd	 x14:0xf2401046 x14=0x00079200
        5005000	       401	8000827e	3404eef3	csrrsi	x29,mscratch,9	 x29=0x0000001c
        5015000	       402	80008282	09b02b93	slti	x23,x0,155	  x0:0x00000000 x23=0x00000001
        5025000	       403	80008286	34036473	csrrsi	x8,mscratch,6	  x8=0x0000001d
        5395000	       440	8000828a	0242d433	divu	x8,x5,x4	  x5:0x8000816e  x4:0x7fffffff  x8=0x00000001
        5435000	       444	8000828e	03c52133	mulhsu	x2,x10,x28	 x10:0xff6a5dce x28:0x77c6e408  x2=0xffb9fd5a
        5445000	       445	80008292	8e29	c.xor	x12,x10	 x12:0xfeae4504 x10:0xff6a5dce x12=0x01c418ca
        5455000	       446	80008294	8c89	c.sub	x9,x10	  x9:0x80008170 x10:0xff6a5dce  x9=0x809623a2
        5465000	       447	80008296	00018a17	auipc	x20,0x18	 x20=0x80020296
        5475000	       448	8000829a	9c203a93	sltiu	x21,x0,-1598	  x0:0x00000000 x21=0x00000001
        5485000	       449	8000829e	34055df3	csrrwi	x27,mscratch,10	 x27=0x0000001f
        5495000	       450	800082a2	89f71097	auipc	x1,0x89f71	  x1=0x09f792a2
        5505000	       451	800082a6	02d1c163	blt	x3,x13,800082c8	  x3:0x00000674 x13:0x80023ce4
        5515000	       452	800082aa	00aa4ab3	xor	x21,x20,x10	 x20:0x80020296 x10:0xff6a5dce x21=0x7f685f58
        5525000	       453	800082ae	010e7a33	and	x20,x28,x16	 x28:0x77c6e408 x16:0x00000008 x20=0x00000008
        5535000	       454	800082b2	00055d63	bge	x10,x0,800082cc	 x10:0xff6a5dce  x0:0x00000000
        5545000	       455	800082b6	5838a193	slti	x3,x17,1411	 x17:0x00000000  x3=0x00000001
        5555000	       456	800082ba	004ef963	bgeu	x29,x4,800082cc	 x29:0x0000001c  x4:0x7fffffff
        5565000	       457	800082be	0e25bc93	sltiu	x25,x11,226	 x11:0x8001fe34 x25=0x00000000
        5575000	       458	800082c2	01e85513	srli	x10,x16,0x1e	 x16:0x00000008 x10=0x00000000
        5585000	       459	800082c6	9a7d	c.andi	x12,-1	 x12:0x01c418ca x12=0x01c418ca
        5595000	       460	800082c8	01ca3a33	sltu	x20,x20,x28	 x20:0x00000008 x28:0x77c6e408 x20=0x00000001
        5605000	       461	800082cc	41a45733	sra	x14,x8,x26	  x8:0x00000001 x26:0x00000000 x14=0x00000001
        5615000	       462	800082d0	40125493	srai	x9,x4,0x1	  x4:0x7fffffff  x9=0x3fffffff
        5625000	       463	800082d4	41a482b3	sub	x5,x9,x26	  x9:0x3fffffff x26:0x00000000  x5=0x3fffffff
        5635000	       464	800082d8	0045a183	lw	x3,4(x11)	 x11:0x8001fe34  x3=0x800032c6 PA:0x8001fe38 load:0x800032c6
        5645000	       465	800082dc	0000100f	fence.i	
        5665000	       467	800082e0	4f9f6e13	ori	x28,x30,1273	 x30:0x7be08446 x28=0x7be084ff
        5675000	       468	800082e4	40155713	srai	x14,x10,0x1	 x10:0x00000000 x14=0x00000000
        5685000	       469	800082e8	03058593	addi	x11,x11,48	 x11:0x8001fe34 x11=0x8001fe64
        5695000	       470	800082ec	41f40f33	sub	x30,x8,x31	  x8:0x00000001 x31:0x00000204 x30=0xfffffdfd
        5705000	       471	800082f0	340278f3	csrrci	x17,mscratch,4	 x17=0x0000000a
        5715000	       472	800082f4	340234f3	csrrc	x9,mscratch,x4	  x4:0x7fffffff  x9=0x0000000a
        5725000	       473	800082f8	00118d13	addi	x26,x3,1	  x3:0x800032c6 x26=0x800032c7
        5735000	       474	800082fc	8d02	c.jr	x26	 x26:0x800032c7
        5765000	       477	800032c6	01a001ef	jal	x3,800032e0	  x3=0x800032ca
        5785000	       479	800032e0	bff5	c.j	800032dc	
        5805000	       481	800032dc	ff9ff0ef	jal	x1,800032d4	  x1=0x800032e0
        5825000	       483	800032d4	3fed	c.jal	800032ce	  x1=0x800032d6
        5855000	       486	800032ce	00c000ef	jal	x1,800032da	  x1=0x800032d2
        5875000	       488	800032da	bfe5	c.j	800032d2	
        5895000	       490	800032d2	3fed	c.jal	800032cc	  x1=0x800032d4
        5915000	       492	800032cc	a819	c.j	800032e2	
        5935000	       494	800032e2	bfd5	c.j	800032d6	
        5965000	       497	800032d6	ff5ff0ef	jal	x1,800032ca	  x1=0x800032da
        5985000	       499	800032ca	2829	c.jal	800032e4	  x1=0x800032cc
        6035000	       504	800032e4	02421233	mulh	x4,x4,x4	  x4:0x7fffffff  x4:0x7fffffff  x4=0x3fffffff
        6045000	       505	800032e8	02a001ef	jal	x3,80003312	  x3=0x800032ec
        6065000	       507	80003312	2011	c.jal	80003316	  x1=0x80003314
        6095000	       510	80003316	fd9ff0ef	jal	x1,800032ee	  x1=0x8000331a
        6125000	       513	800032ee	0160016f	jal	x2,80003304	  x2=0x800032f2
        6145000	       515	80003304	ff3ff36f	jal	x6,800032f6	  x6=0x80003308
        6165000	       517	800032f6	a01d	c.j	8000331c	
        6185000	       519	8000331c	ff9ff0ef	jal	x1,80003314	  x1=0x80003320
        6205000	       521	80003314	b7f5	c.j	80003300	
        6225000	       523	80003300	ff9ff36f	jal	x6,800032f8	  x6=0x80003304
        6245000	       525	800032f8	2035	c.jal	80003324	  x1=0x800032fa
        6265000	       527	80003324	3fd9	c.jal	800032fa	  x1=0x80003326
        6285000	       529	800032fa	201d	c.jal	80003320	  x1=0x800032fc
        6305000	       531	80003320	fcdff0ef	jal	x1,800032ec	  x1=0x80003324
        6325000	       533	800032ec	a019	c.j	800032f2	
        6355000	       536	800032f2	0280016f	jal	x2,8000331a	  x2=0x800032f6
        6375000	       538	8000331a	37cd	c.jal	800032fc	  x1=0x8000331c
        6395000	       540	800032fc	012000ef	jal	x1,8000330e	  x1=0x80003300
        6425000	       543	8000330e	fffffa6f	jal	x20,8000330c	 x20=0x80003312
        6445000	       545	8000330c	bff5	c.j	80003308	
        6465000	       547	80003308	01e0036f	jal	x6,80003326	  x6=0x8000330c
        6495000	       550	80003326	40a05fb3	sra	x31,x0,x10	  x0:0x00000000 x10:0x00000000 x31=0x00000000
        6505000	       551	8000332a	02e001ef	jal	x3,80003358	  x3=0x8000332e
        6525000	       553	80003358	bfdd	c.j	8000334e	
        6545000	       555	8000334e	37cd	c.jal	80003330	  x1=0x80003350
        6565000	       557	80003330	2811	c.jal	80003344	  x1=0x80003332
        6585000	       559	80003344	ffdff8ef	jal	x17,80003340	 x17=0x80003348
        6605000	       561	80003340	ffbff36f	jal	x6,8000333a	  x6=0x80003344
        6625000	       563	8000333a	3fe5	c.jal	80003332	  x1=0x8000333c
        6645000	       565	80003332	2011	c.jal	80003336	  x1=0x80003334
        6665000	       567	80003336	a009	c.j	80003338	
        6685000	       569	80003338	2839	c.jal	80003356	  x1=0x8000333a
        6705000	       571	80003356	2021	c.jal	8000335e	  x1=0x80003358
        6725000	       573	8000335e	37f5	c.jal	8000334a	  x1=0x80003360
        6755000	       576	8000334a	ff3ff36f	jal	x6,8000333c	  x6=0x8000334e
        6775000	       578	8000333c	ff3ff0ef	jal	x1,8000332e	  x1=0x80003340
        6795000	       580	8000332e	2829	c.jal	80003348	  x1=0x80003330
        6815000	       582	80003348	a021	c.j	80003350	
        6835000	       584	80003350	004000ef	jal	x1,80003354	  x1=0x80003354
        6855000	       586	80003354	37c5	c.jal	80003334	  x1=0x80003356
        6875000	       588	80003334	a035	c.j	80003360	
        6895000	       590	80003360	bfed	c.j	8000335a	
        6925000	       593	8000335a	008000ef	jal	x1,80003362	  x1=0x8000335e
        6955000	       596	80003362	01be5eb3	srl	x29,x28,x27	 x28:0x7be084ff x27:0x0000001f x29=0x00000000
        6965000	       597	80003366	01c001ef	jal	x3,80003382	  x3=0x8000336a
        6995000	       600	80003382	ff3ff0ef	jal	x1,80003374	  x1=0x80003386
        7015000	       602	80003374	3fe5	c.jal	8000336c	  x1=0x80003376
        7035000	       604	8000336c	a039	c.j	8000337a	
        7055000	       606	8000337a	bff5	c.j	80003376	
        7085000	       609	80003376	ff5ff0ef	jal	x1,8000336a	  x1=0x8000337a
        7105000	       611	8000336a	2819	c.jal	80003380	  x1=0x8000336c
        7125000	       613	80003380	bffd	c.j	8000337e	
        7145000	       615	8000337e	2021	c.jal	80003386	  x1=0x80003380
        7175000	       618	80003386	fe9ff46f	jal	x8,8000336e	  x8=0x8000338a
        7195000	       620	8000336e	a009	c.j	80003370	
        7215000	       622	80003370	a009	c.j	80003372	
        7235000	       624	80003372	2029	c.jal	8000337c	  x1=0x80003374
        7255000	       626	8000337c	a039	c.j	8000338a	
        7285000	       629	8000338a	3403d073	csrrwi	x0,mscratch,7	  x0=0x00000000
        7295000	       630	8000338e	01e001ef	jal	x3,800033ac	  x3=0x80003392
        7315000	       632	800033ac	3ff5	c.jal	800033a8	  x1=0x800033ae
        7335000	       634	800033a8	00e0036f	jal	x6,800033b6	  x6=0x800033ac
        7365000	       637	800033b6	fddff0ef	jal	x1,80003392	  x1=0x800033ba
        7395000	       640	80003392	02c0076f	jal	x14,800033be	 x14=0x80003396
        7425000	       643	800033be	010000ef	jal	x1,800033ce	  x1=0x800033c2
        7445000	       645	800033ce	3ff5	c.jal	800033ca	  x1=0x800033d0
        7465000	       647	800033ca	3fe1	c.jal	800033a2	  x1=0x800033cc
        7495000	       650	800033a2	ff7ff0ef	jal	x1,80003398	  x1=0x800033a6
        7515000	       652	80003398	02a00e6f	jal	x28,800033c2	 x28=0x8000339c
        7545000	       655	800033c2	00a0036f	jal	x6,800033cc	  x6=0x800033c6
        7565000	       657	800033cc	b7fd	c.j	800033ba	
        7595000	       660	800033ba	fddff36f	jal	x6,80003396	  x6=0x800033be
        7615000	       662	80003396	a801	c.j	800033a6	
        7635000	       664	800033a6	2039	c.jal	800033b4	  x1=0x800033a8
        7655000	       666	800033b4	a811	c.j	800033c8	
        7675000	       668	800033c8	37dd	c.jal	800033ae	  x1=0x800033ca
        7705000	       671	800033ae	ff1ff36f	jal	x6,8000339e	  x6=0x800033b2
        7735000	       674	8000339e	028000ef	jal	x1,800033c6	  x1=0x800033a2
        7755000	       676	800033c6	37f5	c.jal	800033b2	  x1=0x800033c8
        7775000	       678	800033b2	37ed	c.jal	8000339c	  x1=0x800033b4
        7795000	       680	8000339c	a815	c.j	800033d0	
        7815000	       682	800033d0	1080	c.addi4spn	x8,x2,96	  x8=0x80003356
        7825000	       683	800033d2	016001ef	jal	x3,800033e8	  x3=0x800033d6
        7845000	       685	800033e8	a021	c.j	800033f0	
        7865000	       687	800033f0	a811	c.j	80003404	
        7885000	       689	80003404	bfdd	c.j	800033fa	
        7905000	       691	800033fa	bfcd	c.j	800033ec	
        7925000	       693	800033ec	014000ef	jal	x1,80003400	  x1=0x800033f0
        7945000	       695	80003400	bff1	c.j	800033dc	
        7965000	       697	800033dc	a821	c.j	800033f4	
        7985000	       699	800033f4	2809	c.jal	80003406	  x1=0x800033f6
        8015000	       702	80003406	fd1ff0ef	jal	x1,800033d6	  x1=0x8000340a
        8045000	       705	800033d6	0340036f	jal	x6,8000340a	  x6=0x800033da
        8075000	       708	8000340a	fd5ff0ef	jal	x1,800033de	  x1=0x8000340e
        8095000	       710	800033de	a82d	c.j	80003418	
        8115000	       712	80003418	febff0ef	jal	x1,80003402	  x1=0x8000341c
        8135000	       714	80003402	b7e5	c.j	800033ea	
        8155000	       716	800033ea	a015	c.j	8000340e	
        8185000	       719	8000340e	fe5ffeef	jal	x29,800033f2	 x29=0x80003412
        8205000	       721	800033f2	37e5	c.jal	800033da	  x1=0x800033f4
        8225000	       723	800033da	a82d	c.j	80003414	
        8245000	       725	80003414	fcdff36f	jal	x6,800033e0	  x6=0x80003418
        8265000	       727	800033e0	0160026f	jal	x4,800033f6	  x4=0x800033e4
        8285000	       729	800033f6	a009	c.j	800033f8	
        8305000	       731	800033f8	2829	c.jal	80003412	  x1=0x800033fa
        8325000	       733	80003412	3fc9	c.jal	800033e4	  x1=0x80003414
        8345000	       735	800033e4	01a000ef	jal	x1,800033fe	  x1=0x800033e8
        8365000	       737	800033fe	bffd	c.j	800033fc	
        8385000	       739	800033fc	a005	c.j	8000341c	
        8405000	       741	8000341c	40a2da93	srai	x21,x5,0xa	  x5:0x3fffffff x21=0x000fffff
        8415000	       742	80003420	01c001ef	jal	x3,8000343c	  x3=0x80003424
        8435000	       744	8000343c	bfdd	c.j	80003432	
        8455000	       746	80003432	2839	c.jal	80003450	  x1=0x80003434
        8475000	       748	80003450	ff9ff1ef	jal	x3,80003448	  x3=0x80003454
        8495000	       750	80003448	fe1ffd6f	jal	x26,80003428	 x26=0x8000344c
        8515000	       752	80003428	3ff5	c.jal	80003424	  x1=0x8000342a
        8535000	       754	80003424	2809	c.jal	80003436	  x1=0x80003426
        8565000	       757	80003436	00400f6f	jal	x30,8000343a	 x30=0x8000343a
        8585000	       759	8000343a	a031	c.j	80003446	
        8605000	       761	80003446	b7c5	c.j	80003426	
        8625000	       763	80003426	2815	c.jal	8000345a	  x1=0x80003428
        8645000	       765	8000345a	3fd9	c.jal	80003430	  x1=0x8000345c
        8665000	       767	80003430	a801	c.j	80003440	
        8685000	       769	80003440	a009	c.j	80003442	
        8715000	       772	80003442	ffdff1ef	jal	x3,8000343e	  x3=0x80003446
        8735000	       774	8000343e	2819	c.jal	80003454	  x1=0x80003440
        8755000	       776	80003454	fe1ff36f	jal	x6,80003434	  x6=0x80003458
        8775000	       778	80003434	bfe5	c.j	8000342c	
        8795000	       780	8000342c	020000ef	jal	x1,8000344c	  x1=0x80003430
        8815000	       782	8000344c	fdfff16f	jal	x2,8000342a	  x2=0x80003450
        8835000	       784	8000342a	a03d	c.j	80003458	
        8855000	       786	80003458	2011	c.jal	8000345c	  x1=0x8000345a
        8875000	       788	8000345c	88b6	c.mv	x17,x13	  x0:0x00000000 x13:0x80023ce4 x17=0x80023ce4
        8885000	       789	8000345e	02e001ef	jal	x3,8000348c	  x3=0x80003462
        8905000	       791	8000348c	fe1ff0ef	jal	x1,8000346c	  x1=0x80003490
        8925000	       793	8000346c	a811	c.j	80003480	
        8945000	       795	80003480	a00d	c.j	800034a2	
        8965000	       797	800034a2	37dd	c.jal	80003488	  x1=0x800034a4
        8985000	       799	80003488	2801	c.jal	80003498	  x1=0x8000348a
        9005000	       801	80003498	37dd	c.jal	8000347e	  x1=0x8000349a
        9025000	       803	8000347e	a005	c.j	8000349e	
        9055000	       806	8000349e	fdbff0ef	jal	x1,80003478	  x1=0x800034a2
        9075000	       808	80003478	2039	c.jal	80003486	  x1=0x8000347a
        9095000	       810	80003486	37f5	c.jal	80003472	  x1=0x80003488
        9125000	       813	80003472	0120016f	jal	x2,80003484	  x2=0x80003476
        9145000	       815	80003484	2005	c.jal	800034a4	  x1=0x80003486
        9165000	       817	800034a4	b7fd	c.j	80003492	
        9185000	       819	80003492	37e5	c.jal	8000347a	  x1=0x80003494
        9215000	       822	8000347a	fe9ff0ef	jal	x1,80003462	  x1=0x8000347e
        9245000	       825	80003462	014000ef	jal	x1,80003476	  x1=0x80003466
        9265000	       827	80003476	2805	c.jal	800034a6	  x1=0x80003478
        9285000	       829	800034a6	b7fd	c.j	80003494	
        9305000	       831	80003494	fd3ff0ef	jal	x1,80003466	  x1=0x80003498
        9335000	       834	80003466	0360036f	jal	x6,8000349c	  x6=0x8000346a
        9355000	       836	8000349c	b7dd	c.j	80003482	
        9375000	       838	80003482	2021	c.jal	8000348a	  x1=0x80003484
        9395000	       840	8000348a	2801	c.jal	8000349a	  x1=0x8000348c
        9415000	       842	8000349a	bfdd	c.j	80003490	
        9435000	       844	80003490	3fe9	c.jal	8000346a	  x1=0x80003492
        9455000	       846	8000346a	2011	c.jal	8000346e	  x1=0x8000346c
        9485000	       849	8000346e	03a000ef	jal	x1,800034a8	  x1=0x80003472
        9535000	       854	800034a8	03ee3cb3	mulhu	x25,x28,x30	 x28:0x8000339c x30:0x8000343a x25=0x400033eb
        9545000	       855	800034ac	022001ef	jal	x3,800034ce	  x3=0x800034b0
        9565000	       857	800034ce	37cd	c.jal	800034b0	  x1=0x800034d0
        9585000	       859	800034b0	030000ef	jal	x1,800034e0	  x1=0x800034b4
        9605000	       861	800034e0	3fc5	c.jal	800034d0	  x1=0x800034e2
        9625000	       863	800034d0	a005	c.j	800034f0	
        9645000	       865	800034f0	a009	c.j	800034f2	
        9675000	       868	800034f2	ff3ff0ef	jal	x1,800034e4	  x1=0x800034f6
        9695000	       870	800034e4	bfdd	c.j	800034da	
        9715000	       872	800034da	37dd	c.jal	800034c0	  x1=0x800034dc
        9735000	       874	800034c0	012000ef	jal	x1,800034d2	  x1=0x800034c4
        9755000	       876	800034d2	a829	c.j	800034ec	
        9775000	       878	800034ec	bfdd	c.j	800034e2	
        9795000	       880	800034e2	3ff1	c.jal	800034be	  x1=0x800034e4
        9815000	       882	800034be	a805	c.j	800034ee	
        9835000	       884	800034ee	37e1	c.jal	800034b6	  x1=0x800034f0
        9865000	       887	800034b6	01600bef	jal	x23,800034cc	 x23=0x800034ba
        9885000	       889	800034cc	b7e5	c.j	800034b4	
        9905000	       891	800034b4	280d	c.jal	800034e6	  x1=0x800034b6
        9935000	       894	800034e6	004000ef	jal	x1,800034ea	  x1=0x800034ea
        9955000	       896	800034ea	37ed	c.jal	800034d4	  x1=0x800034ec
        9975000	       898	800034d4	bfdd	c.j	800034ca	
        9995000	       900	800034ca	bfc5	c.j	800034ba	
       10015000	       902	800034ba	2831	c.jal	800034d6	  x1=0x800034bc
       10045000	       905	800034d6	0060036f	jal	x6,800034dc	  x6=0x800034da
       10065000	       907	800034dc	fe1ff0ef	jal	x1,800034bc	  x1=0x800034e0
       10085000	       909	800034bc	282d	c.jal	800034f6	  x1=0x800034be
       10115000	       912	800034f6	fd1ff36f	jal	x6,800034c6	  x6=0x800034fa
       10145000	       915	800034c6	fffff36f	jal	x6,800034c4	  x6=0x800034ca
       10165000	       917	800034c4	a81d	c.j	800034fa	
       10195000	       920	800034fa	f3b40093	addi	x1,x8,-197	  x8:0x80003356  x1=0x80003291
       10205000	       921	800034fe	01c001ef	jal	x3,8000351a	  x3=0x80003502
       10225000	       923	8000351a	201d	c.jal	80003540	  x1=0x8000351c
       10245000	       925	80003540	bfcd	c.j	80003532	
       10275000	       928	80003532	fd7ff0ef	jal	x1,80003508	  x1=0x80003536
       10295000	       930	80003508	a019	c.j	8000350e	
       10315000	       932	8000350e	a03d	c.j	8000353c	
       10335000	       934	8000353c	fe7ff26f	jal	x4,80003522	  x4=0x80003540
       10355000	       936	80003522	37d5	c.jal	80003506	  x1=0x80003524
       10375000	       938	80003506	2815	c.jal	8000353a	  x1=0x80003508
       10395000	       940	8000353a	3fdd	c.jal	80003530	  x1=0x8000353c
       10415000	       942	80003530	37c5	c.jal	80003510	  x1=0x80003532
       10435000	       944	80003510	014000ef	jal	x1,80003524	  x1=0x80003514
       10455000	       946	80003524	bff9	c.j	80003502	
       10485000	       949	80003502	008000ef	jal	x1,8000350a	  x1=0x80003506
       10515000	       952	8000350a	02c000ef	jal	x1,80003536	  x1=0x8000350e
       10535000	       954	80003536	37cd	c.jal	80003518	  x1=0x80003538
       10555000	       956	80003518	bff5	c.j	80003514	
       10575000	       958	80003514	018000ef	jal	x1,8000352c	  x1=0x80003518
       10595000	       960	8000352c	ff3fff6f	jal	x30,8000351e	 x30=0x80003530
       10625000	       963	8000351e	fffff0ef	jal	x1,8000351c	  x1=0x80003522
       10645000	       965	8000351c	2029	c.jal	80003526	  x1=0x8000351e
       10665000	       967	80003526	2009	c.jal	80003528	  x1=0x80003528
       10685000	       969	80003528	010000ef	jal	x1,80003538	  x1=0x8000352c
       10705000	       971	80003538	a029	c.j	80003542	
       10735000	       974	80003542	85058e93	addi	x29,x11,-1968	 x11:0x8001fe64 x29=0x8001f6b4
       10745000	       975	80003546	020001ef	jal	x3,80003566	  x3=0x8000354a
       10775000	       978	80003566	fefffe6f	jal	x28,80003554	 x28=0x8000356a
       10795000	       980	80003554	2029	c.jal	8000355e	  x1=0x80003556
       10815000	       982	8000355e	37f5	c.jal	8000354a	  x1=0x80003560
       10835000	       984	8000354a	2039	c.jal	80003558	  x1=0x8000354c
       10855000	       986	80003558	ff5ff0ef	jal	x1,8000354c	  x1=0x8000355c
       10875000	       988	8000354c	201d	c.jal	80003572	  x1=0x8000354e
       10895000	       990	80003572	b7d5	c.j	80003556	
       10915000	       992	80003556	a821	c.j	8000356e	
       10935000	       994	8000356e	b7c5	c.j	8000354e	
       10965000	       997	8000354e	012000ef	jal	x1,80003560	  x1=0x80003552
       10985000	       999	80003560	2801	c.jal	80003570	  x1=0x80003562
       11005000	      1001	80003570	bfd5	c.j	80003564	
       11025000	      1003	80003564	bffd	c.j	80003562	
       11045000	      1005	80003562	3fed	c.jal	8000355c	  x1=0x80003564
       11065000	      1007	8000355c	3fdd	c.jal	80003552	  x1=0x8000355e
       11085000	      1009	80003552	2821	c.jal	8000356a	  x1=0x80003554
       11115000	      1012	8000356a	00a000ef	jal	x1,80003574	  x1=0x8000356e
       11135000	      1014	80003574	8e71	c.and	x12,x12	 x12:0x01c418ca x12:0x01c418ca x12=0x01c418ca
       11145000	      1015	80003576	008001ef	jal	x3,8000357e	  x3=0x8000357a
       11175000	      1018	8000357e	0260026f	jal	x4,800035a4	  x4=0x80003582
       11195000	      1020	800035a4	00e0026f	jal	x4,800035b2	  x4=0x800035a8
       11215000	      1022	800035b2	3ff9	c.jal	80003590	  x1=0x800035b4
       11235000	      1024	80003590	2005	c.jal	800035b0	  x1=0x80003592
       11255000	      1026	800035b0	a029	c.j	800035ba	
       11275000	      1028	800035ba	3fe1	c.jal	80003592	  x1=0x800035bc
       11295000	      1030	80003592	a831	c.j	800035ae	
       11315000	      1032	800035ae	3fe9	c.jal	80003588	  x1=0x800035b0
       11335000	      1034	80003588	ffbff0ef	jal	x1,80003582	  x1=0x8000358c
       11355000	      1036	80003582	3fe5	c.jal	8000357a	  x1=0x80003584
       11385000	      1039	8000357a	01a00e6f	jal	x28,80003594	 x28=0x8000357e
       11405000	      1041	80003594	006000ef	jal	x1,8000359a	  x1=0x80003598
       11425000	      1043	8000359a	3fd5	c.jal	8000358e	  x1=0x8000359c
       11445000	      1045	8000358e	2029	c.jal	80003598	  x1=0x80003590
       11465000	      1047	80003598	2809	c.jal	800035aa	  x1=0x8000359a
       11495000	      1050	800035aa	fddff0ef	jal	x1,80003586	  x1=0x800035ae
       11515000	      1052	80003586	3ffd	c.jal	80003584	  x1=0x80003588
       11535000	      1054	80003584	2831	c.jal	800035a0	  x1=0x80003586
       11555000	      1056	800035a0	016000ef	jal	x1,800035b6	  x1=0x800035a4
       11585000	      1059	800035b6	fe7ff96f	jal	x18,8000359c	 x18=0x800035ba
       11605000	      1061	8000359c	00c0056f	jal	x10,800035a8	 x10=0x800035a0
       11625000	      1063	800035a8	2031	c.jal	800035b4	  x1=0x800035aa
       11645000	      1065	800035b4	bfe1	c.j	8000358c	
       11665000	      1067	8000358c	a805	c.j	800035bc	
       11685000	      1069	800035bc	5c523913	sltiu	x18,x4,1477	  x4:0x800035a8 x18=0x00000000
       11695000	      1070	800035c0	018001ef	jal	x3,800035d8	  x3=0x800035c4
       11715000	      1072	800035d8	a039	c.j	800035e6	
       11735000	      1074	800035e6	b7d5	c.j	800035ca	
       11765000	      1077	800035ca	0200036f	jal	x6,800035ea	  x6=0x800035ce
       11785000	      1079	800035ea	bfc5	c.j	800035da	
       11805000	      1081	800035da	bfdd	c.j	800035d0	
       11825000	      1083	800035d0	014000ef	jal	x1,800035e4	  x1=0x800035d4
       11845000	      1085	800035e4	a029	c.j	800035ee	
       11875000	      1088	800035ee	fd7ff36f	jal	x6,800035c4	  x6=0x800035f2
       11895000	      1090	800035c4	a029	c.j	800035ce	
       11915000	      1092	800035ce	bfe5	c.j	800035c6	
       11945000	      1095	800035c6	01800a6f	jal	x20,800035de	 x20=0x800035ca
       11965000	      1097	800035de	a039	c.j	800035ec	
       11985000	      1099	800035ec	b7e5	c.j	800035d4	
       12005000	      1101	800035d4	00c000ef	jal	x1,800035e0	  x1=0x800035d8
       12025000	      1103	800035e0	ffdff26f	jal	x4,800035dc	  x4=0x800035e4
       12045000	      1105	800035dc	2031	c.jal	800035e8	  x1=0x800035de
       12065000	      1107	800035e8	2029	c.jal	800035f2	  x1=0x800035ea
       12085000	      1109	800035f2	6a11	c.lui	x20,0x4	 x20=0x00004000
       12095000	      1110	800035f4	012001ef	jal	x3,80003606	  x3=0x800035f8
       12125000	      1113	80003606	ff7ff0ef	jal	x1,800035fc	  x1=0x8000360a
       12145000	      1115	800035fc	a809	c.j	8000360e	
       12165000	      1117	8000360e	37f5	c.jal	800035fa	  x1=0x80003610
       12185000	      1119	800035fa	a809	c.j	8000360c	
       12205000	      1121	8000360c	b7f5	c.j	800035f8	
       12225000	      1123	800035f8	2829	c.jal	80003612	  x1=0x800035fa
       12245000	      1125	80003612	3ffd	c.jal	80003610	  x1=0x80003614
       12265000	      1127	80003610	b7fd	c.j	800035fe	
       12295000	      1130	800035fe	00600e6f	jal	x28,80003604	 x28=0x80003602
       12315000	      1132	80003604	2801	c.jal	80003614	  x1=0x80003606
       12335000	      1134	80003614	bfdd	c.j	8000360a	
       12355000	      1136	8000360a	bfe5	c.j	80003602	
       12375000	      1138	80003602	2811	c.jal	80003616	  x1=0x80003604
       12395000	      1140	80003616	8b39	c.andi	x14,14	 x14:0x80003396 x14=0x00000006
       12405000	      1141	80003618	03e001ef	jal	x3,80003656	  x3=0x8000361c
       12425000	      1143	80003656	3ff1	c.jal	80003632	  x1=0x80003658
       12445000	      1145	80003632	2011	c.jal	80003636	  x1=0x80003634
       12465000	      1147	80003636	2009	c.jal	80003638	  x1=0x80003638
       12485000	      1149	80003638	a821	c.j	80003650	
       12505000	      1151	80003650	a821	c.j	80003668	
       12525000	      1153	80003668	fcdff36f	jal	x6,80003634	  x6=0x8000366c
       12545000	      1155	80003634	a825	c.j	8000366c	
       12565000	      1157	8000366c	bf65	c.j	80003624	
       12585000	      1159	80003624	bfed	c.j	8000361e	
       12615000	      1162	8000361e	02c000ef	jal	x1,8000364a	  x1=0x80003622
       12645000	      1165	8000364a	ffdff0ef	jal	x1,80003646	  x1=0x8000364e
       12675000	      1168	80003646	fd7ff0ef	jal	x1,8000361c	  x1=0x8000364a
       12695000	      1170	8000361c	280d	c.jal	8000364e	  x1=0x8000361e
       12715000	      1172	8000364e	a029	c.j	80003658	
       12735000	      1174	80003658	ffbff0ef	jal	x1,80003652	  x1=0x8000365c
       12755000	      1176	80003652	3fe9	c.jal	8000362c	  x1=0x80003654
       12775000	      1178	8000362c	2805	c.jal	8000365c	  x1=0x8000362e
       12795000	      1180	8000365c	ff9ff0ef	jal	x1,80003654	  x1=0x80003660
       12815000	      1182	80003654	37fd	c.jal	80003642	  x1=0x80003656
       12845000	      1185	80003642	01e000ef	jal	x1,80003660	  x1=0x80003646
       12865000	      1187	80003660	2009	c.jal	80003662	  x1=0x80003662
       12895000	      1190	80003662	fcfff36f	jal	x6,80003630	  x6=0x80003666
       12915000	      1192	80003630	bfdd	c.j	80003626	
       12935000	      1194	80003626	2081	c.jal	80003666	  x1=0x80003628
       12955000	      1196	80003666	3fe1	c.jal	8000363e	  x1=0x80003668
       12985000	      1199	8000363e	ffdff36f	jal	x6,8000363a	  x6=0x80003642
       13015000	      1202	8000363a	ff5ff0ef	jal	x1,8000362e	  x1=0x8000363e
       13035000	      1204	8000362e	bfed	c.j	80003628	
       13055000	      1206	80003628	ffbff0ef	jal	x1,80003622	  x1=0x8000362c
       13075000	      1208	80003622	a0b1	c.j	8000366e	
       13095000	      1210	8000366e	49a9	c.li	x19,10	 x19=0x0000000a
       13105000	      1211	80003670	010001ef	jal	x3,80003680	  x3=0x80003674
       13125000	      1213	80003680	bfd5	c.j	80003674	
       13145000	      1215	80003674	2809	c.jal	80003686	  x1=0x80003676
       13165000	      1217	80003686	a005	c.j	800036a6	
       13185000	      1219	800036a6	3fc9	c.jal	80003678	  x1=0x800036a8
       13205000	      1221	80003678	2029	c.jal	80003682	  x1=0x8000367a
       13235000	      1224	80003682	ffdff0ef	jal	x1,8000367e	  x1=0x80003686
       13255000	      1226	8000367e	a035	c.j	800036aa	
       13285000	      1229	800036aa	ffbff0ef	jal	x1,800036a4	  x1=0x800036ae
       13305000	      1231	800036a4	3fcd	c.jal	80003696	  x1=0x800036a6
       13325000	      1233	80003696	bfe5	c.j	8000368e	
       13345000	      1235	8000368e	a005	c.j	800036ae	
       13365000	      1237	800036ae	3fc5	c.jal	8000369e	  x1=0x800036b0
       13385000	      1239	8000369e	bfcd	c.j	80003690	
       13405000	      1241	80003690	a821	c.j	800036a8	
       13425000	      1243	800036a8	a021	c.j	800036b0	
       13445000	      1245	800036b0	bfe1	c.j	80003688	
       13465000	      1247	80003688	2809	c.jal	8000369a	  x1=0x8000368a
       13495000	      1250	8000369a	fddff2ef	jal	x5,80003676	  x5=0x8000369e
       13515000	      1252	80003676	200d	c.jal	80003698	  x1=0x80003678
       13535000	      1254	80003698	a021	c.j	800036a0	
       13555000	      1256	800036a0	2009	c.jal	800036a2	  x1=0x800036a2
       13575000	      1258	800036a2	37e5	c.jal	8000368a	  x1=0x800036a4
       13605000	      1261	8000368a	ff1ff36f	jal	x6,8000367a	  x6=0x8000368e
       13635000	      1264	8000367a	018000ef	jal	x1,80003692	  x1=0x8000367e
       13665000	      1267	80003692	02000c6f	jal	x24,800036b2	 x24=0x80003696
       13695000	      1270	800036b2	00de2333	slt	x6,x28,x13	 x28:0x80003602 x13:0x80023ce4  x6=0x00000001
       13705000	      1271	800036b6	028001ef	jal	x3,800036de	  x3=0x800036ba
       13735000	      1274	800036de	fddff0ef	jal	x1,800036ba	  x1=0x800036e2
       13765000	      1277	800036ba	0100036f	jal	x6,800036ca	  x6=0x800036be
       13785000	      1279	800036ca	a019	c.j	800036d0	
       13805000	      1281	800036d0	fffff0ef	jal	x1,800036ce	  x1=0x800036d4
       13825000	      1283	800036ce	2811	c.jal	800036e2	  x1=0x800036d0
       13855000	      1286	800036e2	fe5ff66f	jal	x12,800036c6	 x12=0x800036e6
       13885000	      1289	800036c6	02400c6f	jal	x24,800036ea	 x24=0x800036ca
       13915000	      1292	800036ea	fffff36f	jal	x6,800036e8	  x6=0x800036ee
       13935000	      1294	800036e8	37f5	c.jal	800036d4	  x1=0x800036ea
       13955000	      1296	800036d4	a011	c.j	800036d8	
       13975000	      1298	800036d8	00e000ef	jal	x1,800036e6	  x1=0x800036dc
       13995000	      1300	800036e6	bfdd	c.j	800036dc	
       14015000	      1302	800036dc	3fed	c.jal	800036d6	  x1=0x800036de
       14035000	      1304	800036d6	37e5	c.jal	800036be	  x1=0x800036d8
       14065000	      1307	800036be	0040076f	jal	x14,800036c2	 x14=0x800036c2
       14095000	      1310	800036c2	00a000ef	jal	x1,800036cc	  x1=0x800036c6
       14115000	      1312	800036cc	a00d	c.j	800036ee	
       14135000	      1314	800036ee	8f51	c.or	x14,x12	 x14:0x800036c2 x12:0x800036e6 x14=0x800036e6
       14145000	      1315	800036f0	026001ef	jal	x3,80003716	  x3=0x800036f4
       14165000	      1317	80003716	bfdd	c.j	8000370c	
       14185000	      1319	8000370c	b7ed	c.j	800036f6	
       14205000	      1321	800036f6	2821	c.jal	8000370e	  x1=0x800036f8
       14235000	      1324	8000370e	004000ef	jal	x1,80003712	  x1=0x80003712
       14265000	      1327	80003712	fe3ff1ef	jal	x3,800036f4	  x3=0x80003716
       14285000	      1329	800036f4	a809	c.j	80003706	
       14305000	      1331	80003706	3ffd	c.jal	80003704	  x1=0x80003708
       14325000	      1333	80003704	3fdd	c.jal	800036fa	  x1=0x80003706
       14355000	      1336	800036fa	010000ef	jal	x1,8000370a	  x1=0x800036fe
       14375000	      1338	8000370a	3fdd	c.jal	80003700	  x1=0x8000370c
       14395000	      1340	80003700	a005	c.j	80003720	
       14415000	      1342	80003720	bfe5	c.j	80003718	
       14435000	      1344	80003718	004007ef	jal	x15,8000371c	 x15=0x8000371c
       14455000	      1346	8000371c	37cd	c.jal	800036fe	  x1=0x8000371e
       14475000	      1348	800036fe	2029	c.jal	80003708	  x1=0x80003700
       14495000	      1350	80003708	2819	c.jal	8000371e	  x1=0x8000370a
       14515000	      1352	8000371e	b7d5	c.j	80003702	
       14535000	      1354	80003702	3fdd	c.jal	800036f8	  x1=0x80003704
       14555000	      1356	800036f8	a02d	c.j	80003722	
       14575000	      1358	80003722	8d19	c.sub	x10,x14	 x10:0x800035a0 x14:0x800036e6 x10=0xfffffeba
       14585000	      1359	80003724	024001ef	jal	x3,80003748	  x3=0x80003728
       14605000	      1361	80003748	2029	c.jal	80003752	  x1=0x8000374a
       14635000	      1364	80003752	fe3ff0ef	jal	x1,80003734	  x1=0x80003756
       14655000	      1366	80003734	2829	c.jal	8000374e	  x1=0x80003736
       14685000	      1369	8000374e	ff7ffd6f	jal	x26,80003744	 x26=0x80003752
       14705000	      1371	80003744	018000ef	jal	x1,8000375c	  x1=0x80003748
       14725000	      1373	8000375c	fe7ff36f	jal	x6,80003742	  x6=0x80003760
       14745000	      1375	80003742	bfd5	c.j	80003736	
       14765000	      1377	80003736	280d	c.jal	80003768	  x1=0x80003738
       14785000	      1379	80003768	3ffd	c.jal	80003766	  x1=0x8000376a
       14805000	      1381	80003766	b7f1	c.j	80003732	
       14825000	      1383	80003732	bfdd	c.j	80003728	
       14845000	      1385	80003728	203d	c.jal	80003756	  x1=0x8000372a
       14875000	      1388	80003756	fe3ff36f	jal	x6,80003738	  x6=0x8000375a
       14895000	      1390	80003738	014000ef	jal	x1,8000374c	  x1=0x8000373c
       14915000	      1392	8000374c	3ff9	c.jal	8000372a	  x1=0x8000374e
       14945000	      1395	8000372a	0120036f	jal	x6,8000373c	  x6=0x8000372e
       14965000	      1397	8000373c	a039	c.j	8000374a	
       14985000	      1399	8000374a	a801	c.j	8000375a	
       15005000	      1401	8000375a	bfd9	c.j	80003730	
       15025000	      1403	80003730	a805	c.j	80003760	
       15045000	      1405	80003760	3ff9	c.jal	8000373e	  x1=0x80003762
       15075000	      1408	8000373e	ff1ff36f	jal	x6,8000372e	  x6=0x80003742
       15095000	      1410	8000372e	2815	c.jal	80003762	  x1=0x80003730
       15125000	      1413	80003762	00800eef	jal	x29,8000376a	 x29=0x80003766
       15155000	      1416	8000376a	0171e133	or	x2,x3,x23	  x3:0x80003728 x23:0x800034ba  x2=0x800037ba
       15165000	      1417	8000376e	036001ef	jal	x3,800037a4	  x3=0x80003772
       15185000	      1419	800037a4	bfc9	c.j	80003776	
       15215000	      1422	80003776	014007ef	jal	x15,8000378a	 x15=0x8000377a
       15245000	      1425	8000378a	0080036f	jal	x6,80003792	  x6=0x8000378e
       15275000	      1428	80003792	00e0036f	jal	x6,800037a0	  x6=0x80003796
       15295000	      1430	800037a0	3fed	c.jal	8000379a	  x1=0x800037a2
       15325000	      1433	8000379a	ffdff0ef	jal	x1,80003796	  x1=0x8000379e
       15355000	      1436	80003796	01a000ef	jal	x1,800037b0	  x1=0x8000379a
       15375000	      1438	800037b0	ffbff36f	jal	x6,800037aa	  x6=0x800037b4
       15395000	      1440	800037aa	3fe9	c.jal	80003784	  x1=0x800037ac
       15415000	      1442	80003784	0220076f	jal	x14,800037a6	 x14=0x80003788
       15445000	      1445	800037a6	fe3ff1ef	jal	x3,80003788	  x3=0x800037aa
       15465000	      1447	80003788	37ed	c.jal	80003772	  x1=0x8000378a
       15485000	      1449	80003772	a805	c.j	800037a2	
       15505000	      1451	800037a2	37f5	c.jal	8000378e	  x1=0x800037a4
       15535000	      1454	8000378e	fefff0ef	jal	x1,8000377c	  x1=0x80003792
       15555000	      1456	8000377c	0300036f	jal	x6,800037ac	  x6=0x80003780
       15575000	      1458	800037ac	fc9ff0ef	jal	x1,80003774	  x1=0x800037b0
       15595000	      1460	80003774	2031	c.jal	80003780	  x1=0x80003776
       15615000	      1462	80003780	ffbff76f	jal	x14,8000377a	 x14=0x80003784
       15635000	      1464	8000377a	2015	c.jal	8000379e	  x1=0x8000377c
       15655000	      1466	8000379e	2819	c.jal	800037b4	  x1=0x800037a0
       15675000	      1468	800037b4	004000ef	jal	x1,800037b8	  x1=0x800037b8
       15695000	      1470	800037b8	e3e5e813	ori	x16,x11,-450	 x11:0x8001fe64 x16=0xfffffe7e
       15705000	      1471	800037bc	034001ef	jal	x3,800037f0	  x3=0x800037c0
       15725000	      1473	800037f0	3fed	c.jal	800037ea	  x1=0x800037f2
       15745000	      1475	800037ea	bfe5	c.j	800037e2	
       15765000	      1477	800037e2	200d	c.jal	80003804	  x1=0x800037e4
       15785000	      1479	80003804	3fc9	c.jal	800037d6	  x1=0x80003806
       15805000	      1481	800037d6	a831	c.j	800037f2	
       15825000	      1483	800037f2	3fdd	c.jal	800037e8	  x1=0x800037f4
       15845000	      1485	800037e8	3ff5	c.jal	800037e4	  x1=0x800037ea
       15865000	      1487	800037e4	b7e5	c.j	800037cc	
       15885000	      1489	800037cc	280d	c.jal	800037fe	  x1=0x800037ce
       15915000	      1492	800037fe	fc9ff0ef	jal	x1,800037c6	  x1=0x80003802
       15935000	      1494	800037c6	201d	c.jal	800037ec	  x1=0x800037c8
       15955000	      1496	800037ec	2009	c.jal	800037ee	  x1=0x800037ee
       15975000	      1498	800037ee	3fe9	c.jal	800037c8	  x1=0x800037f0
       15995000	      1500	800037c8	ff9ff0ef	jal	x1,800037c0	  x1=0x800037cc
       16015000	      1502	800037c0	2039	c.jal	800037ce	  x1=0x800037c2
       16035000	      1504	800037ce	2019	c.jal	800037d4	  x1=0x800037d0
       16055000	      1506	800037d4	a025	c.j	800037fc	
       16075000	      1508	800037fc	2019	c.jal	80003802	  x1=0x800037fe
       16095000	      1510	80003802	a021	c.j	8000380a	
       16115000	      1512	8000380a	bf65	c.j	800037c2	
       16145000	      1515	800037c2	024002ef	jal	x5,800037e6	  x5=0x800037c6
       16165000	      1517	800037e6	2005	c.jal	80003806	  x1=0x800037e8
       16195000	      1520	80003806	fd5ff36f	jal	x6,800037da	  x6=0x8000380a
       16225000	      1523	800037da	004000ef	jal	x1,800037de	  x1=0x800037de
       16245000	      1525	800037de	a819	c.j	800037f4	
       16265000	      1527	800037f4	fe5ff36f	jal	x6,800037d8	  x6=0x800037f8
       16285000	      1529	800037d8	2005	c.jal	800037f8	  x1=0x800037da
       16305000	      1531	800037f8	fe9ffdef	jal	x27,800037e0	 x27=0x800037fc
       16325000	      1533	800037e0	bfc5	c.j	800037d0	
       16345000	      1535	800037d0	03c000ef	jal	x1,8000380c	  x1=0x800037d4
       16365000	      1537	8000380c	4c25	c.li	x24,9	 x24=0x00000009
       16375000	      1538	8000380e	020001ef	jal	x3,8000382e	  x3=0x80003812
       16395000	      1540	8000382e	a021	c.j	80003836	
       16425000	      1543	80003836	febff0ef	jal	x1,80003820	  x1=0x8000383a
       16445000	      1545	80003820	0320036f	jal	x6,80003852	  x6=0x80003824
       16475000	      1548	80003852	fd7ff0ef	jal	x1,80003828	  x1=0x80003856
       16495000	      1550	80003828	a015	c.j	8000384c	
       16515000	      1552	8000384c	fcfff36f	jal	x6,8000381a	  x6=0x80003850
       16535000	      1554	8000381a	283d	c.jal	80003858	  x1=0x8000381c
       16555000	      1556	80003858	ff1ff66f	jal	x12,80003848	 x12=0x8000385c
       16575000	      1558	80003848	fe9ff26f	jal	x4,80003830	  x4=0x8000384c
       16595000	      1560	80003830	a031	c.j	8000383c	
       16615000	      1562	8000383c	fddff0ef	jal	x1,80003818	  x1=0x80003840
       16635000	      1564	80003818	a83d	c.j	80003856	
       16655000	      1566	80003856	37fd	c.jal	80003844	  x1=0x80003858
       16675000	      1568	80003844	fe3ffaef	jal	x21,80003826	 x21=0x80003848
       16695000	      1570	80003826	3ffd	c.jal	80003824	  x1=0x80003828
       16715000	      1572	80003824	3fc5	c.jal	80003814	  x1=0x80003826
       16735000	      1574	80003814	fffff0ef	jal	x1,80003812	  x1=0x80003818
       16755000	      1576	80003812	a83d	c.j	80003850	
       16775000	      1578	80003850	37cd	c.jal	80003832	  x1=0x80003852
       16805000	      1581	80003832	fedff36f	jal	x6,8000381e	  x6=0x80003836
       16825000	      1583	8000381e	a039	c.j	8000382c	
       16845000	      1585	8000382c	3ffd	c.jal	8000382a	  x1=0x8000382e
       16865000	      1587	8000382a	a819	c.j	80003840	
       16885000	      1589	80003840	ffbff36f	jal	x6,8000383a	  x6=0x80003844
       16905000	      1591	8000383a	37cd	c.jal	8000381c	  x1=0x8000383c
       16925000	      1593	8000381c	2081	c.jal	8000385c	  x1=0x8000381e
       16945000	      1595	8000385c	40fd5133	sra	x2,x26,x15	 x26:0x80003752 x15:0x8000377a  x2=0xffffffe0
       16955000	      1596	80003860	048001ef	jal	x3,800038a8	  x3=0x80003864
       16975000	      1598	800038a8	b7d1	c.j	8000386c	
       16995000	      1600	8000386c	00c000ef	jal	x1,80003878	  x1=0x80003870
       17015000	      1602	80003878	2029	c.jal	80003882	  x1=0x8000387a
       17035000	      1604	80003882	2009	c.jal	80003884	  x1=0x80003884
       17055000	      1606	80003884	00c000ef	jal	x1,80003890	  x1=0x80003888
       17075000	      1608	80003890	37cd	c.jal	80003872	  x1=0x80003892
       17095000	      1610	80003872	a01d	c.j	80003898	
       17115000	      1612	80003898	00a0036f	jal	x6,800038a2	  x6=0x8000389c
       17135000	      1614	800038a2	bfd1	c.j	80003876	
       17155000	      1616	80003876	201d	c.jal	8000389c	  x1=0x80003878
       17175000	      1618	8000389c	b7f5	c.j	80003888	
       17195000	      1620	80003888	ff3ff36f	jal	x6,8000387a	  x6=0x8000388c
       17225000	      1623	8000387a	0040066f	jal	x12,8000387e	 x12=0x8000387e
       17245000	      1625	8000387e	2005	c.jal	8000389e	  x1=0x80003880
       17275000	      1628	8000389e	fefff0ef	jal	x1,8000388c	  x1=0x800038a2
       17295000	      1630	8000388c	0180056f	jal	x10,800038a4	 x10=0x80003890
       17315000	      1632	800038a4	fd1ffeef	jal	x29,80003874	 x29=0x800038a8
       17335000	      1634	80003874	a031	c.j	80003880	
       17355000	      1636	80003880	3fc5	c.jal	80003870	  x1=0x80003882
       17375000	      1638	80003870	200d	c.jal	80003892	  x1=0x80003872
       17395000	      1640	80003892	2009	c.jal	80003894	  x1=0x80003894
       17415000	      1642	80003894	fd1ff0ef	jal	x1,80003864	  x1=0x80003898
       17435000	      1644	80003864	004000ef	jal	x1,80003868	  x1=0x80003868
       17455000	      1646	80003868	0420036f	jal	x6,800038aa	  x6=0x8000386c
       17515000	      1652	800038aa	033120b3	mulhsu	x1,x2,x19	  x2:0xffffffe0 x19:0x0000000a  x1=0xffffffff
       17525000	      1653	800038ae	03a001ef	jal	x3,800038e8	  x3=0x800038b2
       17545000	      1655	800038e8	fd9ff7ef	jal	x15,800038c0	 x15=0x800038ec
       17565000	      1657	800038c0	a009	c.j	800038c2	
       17595000	      1660	800038c2	ff1ff0ef	jal	x1,800038b2	  x1=0x800038c6
       17625000	      1663	800038b2	008000ef	jal	x1,800038ba	  x1=0x800038b6
       17655000	      1666	800038ba	022000ef	jal	x1,800038dc	  x1=0x800038be
       17675000	      1668	800038dc	bff5	c.j	800038d8	
       17695000	      1670	800038d8	fe7ff26f	jal	x4,800038be	  x4=0x800038dc
       17715000	      1672	800038be	a801	c.j	800038ce	
       17735000	      1674	800038ce	b7e5	c.j	800038b6	
       17755000	      1676	800038b6	2829	c.jal	800038d0	  x1=0x800038b8
       17775000	      1678	800038d0	3ff5	c.jal	800038cc	  x1=0x800038d2
       17795000	      1680	800038cc	2029	c.jal	800038d6	  x1=0x800038ce
       17815000	      1682	800038d6	3fc5	c.jal	800038c6	  x1=0x800038d8
       17835000	      1684	800038c6	a831	c.j	800038e2	
       17855000	      1686	800038e2	2011	c.jal	800038e6	  x1=0x800038e4
       17875000	      1688	800038e6	3ffd	c.jal	800038e4	  x1=0x800038e8
       17895000	      1690	800038e4	37d5	c.jal	800038c8	  x1=0x800038e6
       17915000	      1692	800038c8	00a000ef	jal	x1,800038d2	  x1=0x800038cc
       17945000	      1695	800038d2	fe7ffdef	jal	x27,800038b8	 x27=0x800038d6
       17965000	      1697	800038b8	a01d	c.j	800038de	
       17995000	      1700	800038de	00e0036f	jal	x6,800038ec	  x6=0x800038e2
       18015000	      1702	800038ec	8715	c.srai	x14,0x5	 x14:0x80003784 x14=0xfc0001bc
       18025000	      1703	800038ee	012001ef	jal	x3,80003900	  x3=0x800038f2
       18045000	      1705	80003900	a011	c.j	80003904	
       18065000	      1707	80003904	a029	c.j	8000390e	
       18085000	      1709	8000390e	a039	c.j	8000391c	
       18105000	      1711	8000391c	3fd5	c.jal	80003910	  x1=0x8000391e
       18125000	      1713	80003910	bfdd	c.j	80003906	
       18155000	      1716	80003906	018000ef	jal	x1,8000391e	  x1=0x8000390a
       18175000	      1718	8000391e	bfdd	c.j	80003914	
       18195000	      1720	80003914	fefff0ef	jal	x1,80003902	  x1=0x80003918
       18215000	      1722	80003902	a801	c.j	80003912	
       18235000	      1724	80003912	2019	c.jal	80003918	  x1=0x80003914
       18255000	      1726	80003918	bfe9	c.j	800038f2	
       18285000	      1729	800038f2	008000ef	jal	x1,800038fa	  x1=0x800038f6
       18305000	      1731	800038fa	bff5	c.j	800038f6	
       18335000	      1734	800038f6	014000ef	jal	x1,8000390a	  x1=0x800038fa
       18365000	      1737	8000390a	0100016f	jal	x2,8000391a	  x2=0x8000390e
       18385000	      1739	8000391a	b7cd	c.j	800038fc	
       18405000	      1741	800038fc	0240036f	jal	x6,80003920	  x6=0x80003900
       18425000	      1743	80003920	018324b3	slt	x9,x6,x24	  x6:0x80003900 x24:0x00000009  x9=0x00000001
       18435000	      1744	80003924	00c001ef	jal	x3,80003930	  x3=0x80003928
       18455000	      1746	80003930	0200036f	jal	x6,80003950	  x6=0x80003934
       18475000	      1748	80003950	bfc5	c.j	80003940	
       18495000	      1750	80003940	2019	c.jal	80003946	  x1=0x80003942
       18515000	      1752	80003946	bff5	c.j	80003942	
       18535000	      1754	80003942	b7e5	c.j	8000392a	
       18555000	      1756	8000392a	bffd	c.j	80003928	
       18575000	      1758	80003928	a805	c.j	80003958	
       18595000	      1760	80003958	3fd1	c.jal	8000392c	  x1=0x8000395a
       18615000	      1762	8000392c	02e000ef	jal	x1,8000395a	  x1=0x80003930
       18635000	      1764	8000395a	b7cd	c.j	8000393c	
       18655000	      1766	8000393c	2819	c.jal	80003952	  x1=0x8000393e
       18675000	      1768	80003952	a029	c.j	8000395c	
       18695000	      1770	8000395c	bfed	c.j	80003956	
       18715000	      1772	80003956	3ffd	c.jal	80003954	  x1=0x80003958
       18735000	      1774	80003954	3fd5	c.jal	80003948	  x1=0x80003956
       18755000	      1776	80003948	ff7ff0ef	jal	x1,8000393e	  x1=0x8000394c
       18775000	      1778	8000393e	a039	c.j	8000394c	
       18795000	      1780	8000394c	fedff0ef	jal	x1,80003938	  x1=0x80003950
       18815000	      1782	80003938	2009	c.jal	8000393a	  x1=0x8000393a
       18835000	      1784	8000393a	a029	c.j	80003944	
       18855000	      1786	80003944	bfc5	c.j	80003934	
       18875000	      1788	80003934	02a000ef	jal	x1,8000395e	  x1=0x80003938
       19265000	      1827	8000395e	022968b3	rem	x17,x18,x2	 x18:0x00000000  x2:0x8000390e x17=0x00000000
       19275000	      1828	80003962	022001ef	jal	x3,80003984	  x3=0x80003966
       19295000	      1830	80003984	b7ed	c.j	8000396e	
       19315000	      1832	8000396e	a039	c.j	8000397c	
       19335000	      1834	8000397c	b7ed	c.j	80003966	
       19365000	      1837	80003966	00a0036f	jal	x6,80003970	  x6=0x8000396a
       19385000	      1839	80003970	203d	c.jal	8000399e	  x1=0x80003972
       19405000	      1841	8000399e	b7f1	c.j	8000396a	
       19425000	      1843	8000396a	202d	c.jal	80003994	  x1=0x8000396c
       19445000	      1845	80003994	a011	c.j	80003998	
       19465000	      1847	80003998	fdbff56f	jal	x10,80003972	 x10=0x8000399c
       19485000	      1849	80003972	2801	c.jal	80003982	  x1=0x80003974
       19505000	      1851	80003982	a011	c.j	80003986	
       19535000	      1854	80003986	01000fef	jal	x31,80003996	 x31=0x8000398a
       19555000	      1856	80003996	a029	c.j	800039a0	
       19575000	      1858	800039a0	3fd1	c.jal	80003974	  x1=0x800039a2
       19595000	      1860	80003974	a009	c.j	80003976	
       19615000	      1862	80003976	bfdd	c.j	8000396c	
       19635000	      1864	8000396c	2805	c.jal	8000399c	  x1=0x8000396e
       19655000	      1866	8000399c	37fd	c.jal	8000398a	  x1=0x8000399e
       19685000	      1869	8000398a	fefff0ef	jal	x1,80003978	  x1=0x8000398e
       19705000	      1871	80003978	01a000ef	jal	x1,80003992	  x1=0x8000397c
       19725000	      1873	80003992	2801	c.jal	800039a2	  x1=0x80003994
       19755000	      1876	800039a2	fddff36f	jal	x6,8000397e	  x6=0x800039a6
       19785000	      1879	8000397e	010009ef	jal	x19,8000398e	 x19=0x80003982
       19815000	      1882	8000398e	0180036f	jal	x6,800039a6	  x6=0x80003992
       19835000	      1884	800039a6	8d11	c.sub	x10,x12	 x10:0x8000399c x12:0x8000387e x10=0x0000011e
       19845000	      1885	800039a8	02c001ef	jal	x3,800039d4	  x3=0x800039ac
       19865000	      1887	800039d4	fe5ff2ef	jal	x5,800039b8	  x5=0x800039d8
       19885000	      1889	800039b8	a021	c.j	800039c0	
       19905000	      1891	800039c0	02400cef	jal	x25,800039e4	 x25=0x800039c4
       19925000	      1893	800039e4	00a0036f	jal	x6,800039ee	  x6=0x800039e8
       19945000	      1895	800039ee	3fed	c.jal	800039e8	  x1=0x800039f0
       19965000	      1897	800039e8	fe9ff1ef	jal	x3,800039d0	  x3=0x800039ec
       19985000	      1899	800039d0	01c00d6f	jal	x26,800039ec	 x26=0x800039d4
       20005000	      1901	800039ec	bfd5	c.j	800039e0	
       20025000	      1903	800039e0	b7f9	c.j	800039ae	
       20045000	      1905	800039ae	a019	c.j	800039b4	
       20065000	      1907	800039b4	2021	c.jal	800039bc	  x1=0x800039b6
       20085000	      1909	800039bc	0220026f	jal	x4,800039de	  x4=0x800039c0
       20105000	      1911	800039de	a821	c.j	800039f6	
       20125000	      1913	800039f6	37cd	c.jal	800039d8	  x1=0x800039f8
       20145000	      1915	800039d8	b7cd	c.j	800039ba	
       20165000	      1917	800039ba	bfdd	c.j	800039b0	
       20185000	      1919	800039b0	0440026f	jal	x4,800039f4	  x4=0x800039b4
       20205000	      1921	800039f4	37dd	c.jal	800039da	  x1=0x800039f6
       20235000	      1924	800039da	01e000ef	jal	x1,800039f8	  x1=0x800039de
       20255000	      1926	800039f8	fcdff0ef	jal	x1,800039c4	  x1=0x800039fc
       20275000	      1928	800039c4	37e5	c.jal	800039ac	  x1=0x800039c6
       20295000	      1930	800039ac	a891	c.j	80003a00	
       20315000	      1932	80003a00	bff5	c.j	800039fc	
       20335000	      1934	800039fc	fcbff26f	jal	x4,800039c6	  x4=0x80003a00
       20365000	      1937	800039c6	00400fef	jal	x31,800039ca	 x31=0x800039ca
       20395000	      1940	800039ca	0260036f	jal	x6,800039f0	  x6=0x800039ce
       20415000	      1942	800039f0	fdfff2ef	jal	x5,800039ce	  x5=0x800039f4
       20435000	      1944	800039ce	2811	c.jal	800039e2	  x1=0x800039d0
       20455000	      1946	800039e2	bfd1	c.j	800039b6	
       20475000	      1948	800039b6	20b1	c.jal	80003a02	  x1=0x800039b8
       20505000	      1951	80003a02	00d259b3	srl	x19,x4,x13	  x4:0x80003a00 x13:0x80023ce4 x19=0x080003a0
       20515000	      1952	80003a06	014001ef	jal	x3,80003a1a	  x3=0x80003a0a
       20545000	      1955	80003a1a	ffbff0ef	jal	x1,80003a14	  x1=0x80003a1e
       20565000	      1957	80003a14	2009	c.jal	80003a16	  x1=0x80003a16
       20595000	      1960	80003a16	ff9ff26f	jal	x4,80003a0e	  x4=0x80003a1a
       20625000	      1963	80003a0e	ffdfffef	jal	x31,80003a0a	 x31=0x80003a12
       20645000	      1965	80003a0a	2811	c.jal	80003a1e	  x1=0x80003a0c
       20665000	      1967	80003a1e	a021	c.j	80003a26	
       20685000	      1969	80003a26	bfed	c.j	80003a20	
       20705000	      1971	80003a20	a009	c.j	80003a22	
       20735000	      1974	80003a22	febff0ef	jal	x1,80003a0c	  x1=0x80003a26
       20755000	      1976	80003a0c	a019	c.j	80003a12	
       20775000	      1978	80003a12	2819	c.jal	80003a28	  x1=0x80003a14
       20795000	      1980	80003a28	dc410a13	addi	x20,x2,-572	  x2:0x8000390e x20=0x800036d2
       20805000	      1981	80003a2c	018001ef	jal	x3,80003a44	  x3=0x80003a30
       20825000	      1983	80003a44	016000ef	jal	x1,80003a5a	  x1=0x80003a48
       20855000	      1986	80003a5a	fddff2ef	jal	x5,80003a36	  x5=0x80003a5e
       20885000	      1989	80003a36	012000ef	jal	x1,80003a48	  x1=0x80003a3a
       20905000	      1991	80003a48	fe9ff36f	jal	x6,80003a30	  x6=0x80003a4c
       20925000	      1993	80003a30	00c0026f	jal	x4,80003a3c	  x4=0x80003a34
       20945000	      1995	80003a3c	a019	c.j	80003a42	
       20965000	      1997	80003a42	a029	c.j	80003a4c	
       20985000	      1999	80003a4c	a031	c.j	80003a58	
       21005000	      2001	80003a58	3fe5	c.jal	80003a50	  x1=0x80003a5a
       21025000	      2003	80003a50	a009	c.j	80003a52	
       21045000	      2005	80003a52	a009	c.j	80003a54	
       21065000	      2007	80003a54	b7dd	c.j	80003a3a	
       21085000	      2009	80003a3a	a011	c.j	80003a3e	
       21115000	      2012	80003a3e	018000ef	jal	x1,80003a56	  x1=0x80003a42
       21135000	      2014	80003a56	bff9	c.j	80003a34	
       21155000	      2016	80003a34	2829	c.jal	80003a4e	  x1=0x80003a36
       21175000	      2018	80003a4e	2801	c.jal	80003a5e	  x1=0x80003a50
       21195000	      2020	80003a5e	60dd	c.lui	x1,0x17	  x1=0x00017000
       21205000	      2021	80003a60	032001ef	jal	x3,80003a92	  x3=0x80003a64
       21235000	      2024	80003a92	01c000ef	jal	x1,80003aae	  x1=0x80003a96
       21265000	      2027	80003aae	ffdff0ef	jal	x1,80003aaa	  x1=0x80003ab2
       21295000	      2030	80003aaa	fefff2ef	jal	x5,80003a98	  x5=0x80003aae
       21315000	      2032	80003a98	3fc1	c.jal	80003a68	  x1=0x80003a9a
       21335000	      2034	80003a68	008000ef	jal	x1,80003a70	  x1=0x80003a6c
       21355000	      2036	80003a70	2021	c.jal	80003a78	  x1=0x80003a72
       21375000	      2038	80003a78	014000ef	jal	x1,80003a8c	  x1=0x80003a7c
       21395000	      2040	80003a8c	2039	c.jal	80003a9a	  x1=0x80003a8e
       21425000	      2043	80003a9a	008001ef	jal	x3,80003aa2	  x3=0x80003a9e
       21445000	      2045	80003aa2	2011	c.jal	80003aa6	  x1=0x80003aa4
       21475000	      2048	80003aa6	fdffffef	jal	x31,80003a84	 x31=0x80003aaa
       21495000	      2050	80003a84	a019	c.j	80003a8a	
       21515000	      2052	80003a8a	3ffd	c.jal	80003a88	  x1=0x80003a8c
       21535000	      2054	80003a88	b7d5	c.j	80003a6c	
       21555000	      2056	80003a6c	ff9ff36f	jal	x6,80003a64	  x6=0x80003a70
       21575000	      2058	80003a64	03c0036f	jal	x6,80003aa0	  x6=0x80003a68
       21595000	      2060	80003aa0	b7c5	c.j	80003a80	
       21615000	      2062	80003a80	2009	c.jal	80003a82	  x1=0x80003a82
       21635000	      2064	80003a82	2831	c.jal	80003a9e	  x1=0x80003a84
       21655000	      2066	80003a9e	3fe1	c.jal	80003a76	  x1=0x80003aa0
       21675000	      2068	80003a76	a821	c.j	80003a8e	
       21695000	      2070	80003a8e	b7d5	c.j	80003a72	
       21725000	      2073	80003a72	00a000ef	jal	x1,80003a7c	  x1=0x80003a76
       21745000	      2075	80003a7c	028000ef	jal	x1,80003aa4	  x1=0x80003a80
       21765000	      2077	80003aa4	b7f5	c.j	80003a90	
       21785000	      2079	80003a90	a019	c.j	80003a96	
       21805000	      2081	80003a96	3fc5	c.jal	80003a86	  x1=0x80003a98
       21825000	      2083	80003a86	a035	c.j	80003ab2	
       22215000	      2122	80003ab2	0261dd33	divu	x26,x3,x6	  x3:0x80003a9e  x6:0x80003a68 x26=0x00000001
       22225000	      2123	80003ab6	018001ef	jal	x3,80003ace	  x3=0x80003aba
       22255000	      2126	80003ace	ff5ff0ef	jal	x1,80003ac2	  x1=0x80003ad2
       22275000	      2128	80003ac2	2829	c.jal	80003adc	  x1=0x80003ac4
       22295000	      2130	80003adc	bff9	c.j	80003aba	
       22315000	      2132	80003aba	a831	c.j	80003ad6	
       22335000	      2134	80003ad6	3ff5	c.jal	80003ad2	  x1=0x80003ad8
       22355000	      2136	80003ad2	2009	c.jal	80003ad4	  x1=0x80003ad4
       22375000	      2138	80003ad4	2819	c.jal	80003aea	  x1=0x80003ad6
       22395000	      2140	80003aea	3fd9	c.jal	80003ac0	  x1=0x80003aec
       22415000	      2142	80003ac0	a015	c.j	80003ae4	
       22435000	      2144	80003ae4	fd9ff0ef	jal	x1,80003abc	  x1=0x80003ae8
       22455000	      2146	80003abc	a015	c.j	80003ae0	
       22475000	      2148	80003ae0	010000ef	jal	x1,80003af0	  x1=0x80003ae4
       22495000	      2150	80003af0	bfe5	c.j	80003ae8	
       22515000	      2152	80003ae8	b7cd	c.j	80003aca	
       22535000	      2154	80003aca	2025	c.jal	80003af2	  x1=0x80003acc
       22555000	      2156	80003af2	bfd9	c.j	80003ac8	
       22575000	      2158	80003ac8	bffd	c.j	80003ac6	
       22595000	      2160	80003ac6	bfe5	c.j	80003abe	
       22615000	      2162	80003abe	a039	c.j	80003acc	
       22635000	      2164	80003acc	3fe5	c.jal	80003ac4	  x1=0x80003ace
       22655000	      2166	80003ac4	a811	c.j	80003ad8	
       22675000	      2168	80003ad8	006000ef	jal	x1,80003ade	  x1=0x80003adc
       22695000	      2170	80003ade	2039	c.jal	80003aec	  x1=0x80003ae0
       22715000	      2172	80003aec	0080026f	jal	x4,80003af4	  x4=0x80003af0
       22735000	      2174	80003af4	01347eb3	and	x29,x8,x19	  x8:0x80003356 x19:0x080003a0 x29=0x00000300
       22745000	      2175	80003af8	026001ef	jal	x3,80003b1e	  x3=0x80003afc
       22765000	      2177	80003b1e	200d	c.jal	80003b40	  x1=0x80003b20
       22785000	      2179	80003b40	fc3ff0ef	jal	x1,80003b02	  x1=0x80003b44
       22805000	      2181	80003b02	a809	c.j	80003b14	
       22825000	      2183	80003b14	3ffd	c.jal	80003b12	  x1=0x80003b16
       22845000	      2185	80003b12	a831	c.j	80003b2e	
       22865000	      2187	80003b2e	3ff1	c.jal	80003b0a	  x1=0x80003b30
       22885000	      2189	80003b0a	203d	c.jal	80003b38	  x1=0x80003b0c
       22905000	      2191	80003b38	bfcd	c.j	80003b2a	
       22935000	      2194	80003b2a	01a0036f	jal	x6,80003b44	  x6=0x80003b2e
       22955000	      2196	80003b44	bfc9	c.j	80003b16	
       22985000	      2199	80003b16	020000ef	jal	x1,80003b36	  x1=0x80003b1a
       23005000	      2201	80003b36	37d5	c.jal	80003b1a	  x1=0x80003b38
       23035000	      2204	80003b1a	008000ef	jal	x1,80003b22	  x1=0x80003b1e
       23055000	      2206	80003b22	bfe9	c.j	80003afc	
       23075000	      2208	80003afc	2825	c.jal	80003b34	  x1=0x80003afe
       23095000	      2210	80003b34	3fc5	c.jal	80003b24	  x1=0x80003b36
       23115000	      2212	80003b24	2011	c.jal	80003b28	  x1=0x80003b26
       23135000	      2214	80003b28	3fe5	c.jal	80003b20	  x1=0x80003b2a
       23155000	      2216	80003b20	bff9	c.j	80003afe	
       23175000	      2218	80003afe	a021	c.j	80003b06	
       23205000	      2221	80003b06	ffbff0ef	jal	x1,80003b00	  x1=0x80003b0a
       23225000	      2223	80003b00	2031	c.jal	80003b0c	  x1=0x80003b02
       23245000	      2225	80003b0c	02e0066f	jal	x12,80003b3a	 x12=0x80003b10
       23275000	      2228	80003b3a	004000ef	jal	x1,80003b3e	  x1=0x80003b3e
       23295000	      2230	80003b3e	3fc9	c.jal	80003b10	  x1=0x80003b40
       23315000	      2232	80003b10	a819	c.j	80003b26	
       23335000	      2234	80003b26	bff9	c.j	80003b04	
       23355000	      2236	80003b04	2035	c.jal	80003b30	  x1=0x80003b06
       23375000	      2238	80003b30	016000ef	jal	x1,80003b46	  x1=0x80003b34
       23405000	      2241	80003b46	004000ef	jal	x1,80003b4a	  x1=0x80003b4a
       23435000	      2244	80003b4a	4123d833	sra	x16,x7,x18	  x7:0x00000000 x18:0x00000000 x16=0x00000000
       23445000	      2245	80003b4e	024001ef	jal	x3,80003b72	  x3=0x80003b52
       23465000	      2247	80003b72	3ffd	c.jal	80003b70	  x1=0x80003b74
       23485000	      2249	80003b70	2021	c.jal	80003b78	  x1=0x80003b72
       23505000	      2251	80003b78	37cd	c.jal	80003b5a	  x1=0x80003b7a
       23525000	      2253	80003b5a	a029	c.j	80003b64	
       23545000	      2255	80003b64	a829	c.j	80003b7e	
       23565000	      2257	80003b7e	bff9	c.j	80003b5c	
       23585000	      2259	80003b5c	a839	c.j	80003b7a	
       23605000	      2261	80003b7a	3fed	c.jal	80003b74	  x1=0x80003b7c
       23625000	      2263	80003b74	37fd	c.jal	80003b62	  x1=0x80003b76
       23645000	      2265	80003b62	3fcd	c.jal	80003b54	  x1=0x80003b64
       23665000	      2267	80003b54	2819	c.jal	80003b6a	  x1=0x80003b56
       23695000	      2270	80003b6a	0120036f	jal	x6,80003b7c	  x6=0x80003b6e
       23715000	      2272	80003b7c	37cd	c.jal	80003b5e	  x1=0x80003b7e
       23735000	      2274	80003b5e	bfd5	c.j	80003b52	
       23755000	      2276	80003b52	a011	c.j	80003b56	
       23775000	      2278	80003b56	2005	c.jal	80003b76	  x1=0x80003b58
       23795000	      2280	80003b76	bfc5	c.j	80003b66	
       23815000	      2282	80003b66	a829	c.j	80003b80	
       23835000	      2284	80003b80	fd9ff0ef	jal	x1,80003b58	  x1=0x80003b84
       23855000	      2286	80003b58	a021	c.j	80003b60	
       23875000	      2288	80003b60	a039	c.j	80003b6e	
       23895000	      2290	80003b6e	bfed	c.j	80003b68	
       23915000	      2292	80003b68	a831	c.j	80003b84	
       23935000	      2294	80003b84	8775	c.srai	x14,0x1d	 x14:0xfc0001bc x14=0xffffffff
       23945000	      2295	80003b86	008001ef	jal	x3,80003b8e	  x3=0x80003b8a
       23965000	      2297	80003b8e	2011	c.jal	80003b92	  x1=0x80003b90
       23985000	      2299	80003b92	2811	c.jal	80003ba6	  x1=0x80003b94
       24015000	      2302	80003ba6	ff7ff0ef	jal	x1,80003b9c	  x1=0x80003baa
       24035000	      2304	80003b9c	ff9ff0ef	jal	x1,80003b94	  x1=0x80003ba0
       24055000	      2306	80003b94	a019	c.j	80003b9a	
       24075000	      2308	80003b9a	a019	c.j	80003ba0	
       24095000	      2310	80003ba0	2009	c.jal	80003ba2	  x1=0x80003ba2
       24125000	      2313	80003ba2	ff5ff0ef	jal	x1,80003b96	  x1=0x80003ba6
       24145000	      2315	80003b96	3fd5	c.jal	80003b8a	  x1=0x80003b98
       24175000	      2318	80003b8a	006000ef	jal	x1,80003b90	  x1=0x80003b8e
       24195000	      2320	80003b90	2829	c.jal	80003baa	  x1=0x80003b92
       24215000	      2322	80003baa	b7fd	c.j	80003b98	
       24235000	      2324	80003b98	a811	c.j	80003bac	
       24255000	      2326	80003bac	4184d513	srai	x10,x9,0x18	  x9:0x00000001 x10=0x00000000
       24265000	      2327	80003bb0	02a001ef	jal	x3,80003bda	  x3=0x80003bb4
       24285000	      2329	80003bda	2809	c.jal	80003bec	  x1=0x80003bdc
       24305000	      2331	80003bec	b7e9	c.j	80003bb6	
       24335000	      2334	80003bb6	0060036f	jal	x6,80003bbc	  x6=0x80003bba
       24355000	      2336	80003bbc	a021	c.j	80003bc4	
       24375000	      2338	80003bc4	0180016f	jal	x2,80003bdc	  x2=0x80003bc8
       24395000	      2340	80003bdc	37cd	c.jal	80003bbe	  x1=0x80003bde
       24415000	      2342	80003bbe	a821	c.j	80003bd6	
       24445000	      2345	80003bd6	01c000ef	jal	x1,80003bf2	  x1=0x80003bda
       24465000	      2347	80003bf2	3fe1	c.jal	80003bca	  x1=0x80003bf4
       24485000	      2349	80003bca	a811	c.j	80003bde	
       24515000	      2352	80003bde	febff26f	jal	x4,80003bc8	  x4=0x80003be2
       24535000	      2354	80003bc8	a029	c.j	80003bd2	
       24555000	      2356	80003bd2	b7cd	c.j	80003bb4	
       24575000	      2358	80003bb4	a019	c.j	80003bba	
       24595000	      2360	80003bba	a019	c.j	80003bc0	
       24615000	      2362	80003bc0	01000b6f	jal	x22,80003bd0	 x22=0x80003bc4
       24635000	      2364	80003bd0	a015	c.j	80003bf4	
       24655000	      2366	80003bf4	3fcd	c.jal	80003be6	  x1=0x80003bf6
       24685000	      2369	80003be6	fefff0ef	jal	x1,80003bd4	  x1=0x80003bea
       24705000	      2371	80003bd4	2819	c.jal	80003bea	  x1=0x80003bd6
       24725000	      2373	80003bea	2011	c.jal	80003bee	  x1=0x80003bec
       24755000	      2376	80003bee	ff5ff1ef	jal	x3,80003be2	  x3=0x80003bf2
       24785000	      2379	80003be2	febff7ef	jal	x15,80003bcc	 x15=0x80003be6
       24805000	      2381	80003bcc	02a00c6f	jal	x24,80003bf6	 x24=0x80003bd0
       24825000	      2383	80003bf6	9e3a	c.add	x28,x14	 x28:0x80003602 x14:0xffffffff x28=0x80003601
       24835000	      2384	80003bf8	038001ef	jal	x3,80003c30	  x3=0x80003bfc
       24855000	      2386	80003c30	fd3ff0ef	jal	x1,80003c02	  x1=0x80003c34
       24885000	      2389	80003c02	02a000ef	jal	x1,80003c2c	  x1=0x80003c06
       24905000	      2391	80003c2c	bfd1	c.j	80003c00	
       24925000	      2393	80003c00	a81d	c.j	80003c36	
       24945000	      2395	80003c36	3ff9	c.jal	80003c14	  x1=0x80003c38
       24965000	      2397	80003c14	2039	c.jal	80003c22	  x1=0x80003c16
       24995000	      2400	80003c22	fddff0ef	jal	x1,80003bfe	  x1=0x80003c26
       25015000	      2402	80003bfe	2025	c.jal	80003c26	  x1=0x80003c00
       25045000	      2405	80003c26	fd7ff0ef	jal	x1,80003bfc	  x1=0x80003c2a
       25065000	      2407	80003bfc	a039	c.j	80003c0a	
       25085000	      2409	80003c0a	a015	c.j	80003c2e	
       25105000	      2411	80003c2e	3ff5	c.jal	80003c2a	  x1=0x80003c30
       25125000	      2413	80003c2a	b7cd	c.j	80003c0c	
       25145000	      2415	80003c0c	00c00aef	jal	x21,80003c18	 x21=0x80003c10
       25165000	      2417	80003c18	ffbff0ef	jal	x1,80003c12	  x1=0x80003c1c
       25185000	      2419	80003c12	3ffd	c.jal	80003c10	  x1=0x80003c14
       25205000	      2421	80003c10	a039	c.j	80003c1e	
       25235000	      2424	80003c1e	fe9ff16f	jal	x2,80003c06	  x2=0x80003c22
       25255000	      2426	80003c06	2801	c.jal	80003c16	  x1=0x80003c08
       25275000	      2428	80003c16	2839	c.jal	80003c34	  x1=0x80003c18
       25295000	      2430	80003c34	b7e5	c.j	80003c1c	
       25315000	      2432	80003c1c	37f5	c.jal	80003c08	  x1=0x80003c1e
       25335000	      2434	80003c08	2805	c.jal	80003c38	  x1=0x80003c0a
       25355000	      2436	80003c38	0001	c.addi	x0,0	  x0:0x00000000  x0=0x00000000
       25365000	      2437	80003c3a	006001ef	jal	x3,80003c40	  x3=0x80003c3e
       25385000	      2439	80003c40	3ffd	c.jal	80003c3e	  x1=0x80003c42
       25405000	      2441	80003c3e	a011	c.j	80003c42	
       25425000	      2443	80003c42	2011	c.jal	80003c46	  x1=0x80003c44
       25445000	      2445	80003c46	2011	c.jal	80003c4a	  x1=0x80003c48
       25465000	      2447	80003c4a	3fed	c.jal	80003c44	  x1=0x80003c4c
       25485000	      2449	80003c44	2811	c.jal	80003c58	  x1=0x80003c46
       25505000	      2451	80003c58	2009	c.jal	80003c5a	  x1=0x80003c5a
       25525000	      2453	80003c5a	bfdd	c.j	80003c50	
       25545000	      2455	80003c50	ff9ff36f	jal	x6,80003c48	  x6=0x80003c54
       25565000	      2457	80003c48	2811	c.jal	80003c5c	  x1=0x80003c4a
       25585000	      2459	80003c5c	a009	c.j	80003c5e	
       25605000	      2461	80003c5e	bfdd	c.j	80003c54	
       25625000	      2463	80003c54	ff9ff0ef	jal	x1,80003c4c	  x1=0x80003c58
       25645000	      2465	80003c4c	01400fef	jal	x31,80003c60	 x31=0x80003c50
       25665000	      2467	80003c60	340ed1f3	csrrwi	x3,mscratch,29	  x3=0x00000007
       25675000	      2468	80003c64	018001ef	jal	x3,80003c7c	  x3=0x80003c68
       25695000	      2470	80003c7c	01a000ef	jal	x1,80003c96	  x1=0x80003c80
       25725000	      2473	80003c96	fdfff0ef	jal	x1,80003c74	  x1=0x80003c9a
       25745000	      2475	80003c74	2801	c.jal	80003c84	  x1=0x80003c76
       25765000	      2477	80003c84	ff5ff36f	jal	x6,80003c78	  x6=0x80003c88
       25785000	      2479	80003c78	fffff2ef	jal	x5,80003c76	  x5=0x80003c7c
       25805000	      2481	80003c76	201d	c.jal	80003c9c	  x1=0x80003c78
       25825000	      2483	80003c9c	b7f1	c.j	80003c68	
       25845000	      2485	80003c68	a029	c.j	80003c72	
       25865000	      2487	80003c72	2005	c.jal	80003c92	  x1=0x80003c74
       25895000	      2490	80003c92	ff7ff0ef	jal	x1,80003c88	  x1=0x80003c96
       25915000	      2492	80003c88	01e00e6f	jal	x28,80003ca6	 x28=0x80003c8c
       25945000	      2495	80003ca6	fc9ff16f	jal	x2,80003c6e	  x2=0x80003caa
       25975000	      2498	80003c6e	030000ef	jal	x1,80003c9e	  x1=0x80003c72
       25995000	      2500	80003c9e	2009	c.jal	80003ca0	  x1=0x80003ca0
       26015000	      2502	80003ca0	fcdff16f	jal	x2,80003c6c	  x2=0x80003ca4
       26035000	      2504	80003c6c	200d	c.jal	80003c8e	  x1=0x80003c6e
       26055000	      2506	80003c8e	3ffd	c.jal	80003c8c	  x1=0x80003c90
       26075000	      2508	80003c8c	a039	c.j	80003c9a	
       26095000	      2510	80003c9a	2029	c.jal	80003ca4	  x1=0x80003c9c
       26115000	      2512	80003ca4	3ff1	c.jal	80003c80	  x1=0x80003ca6
       26135000	      2514	80003c80	010001ef	jal	x3,80003c90	  x3=0x80003c84
       26155000	      2516	80003c90	3fe9	c.jal	80003c6a	  x1=0x80003c92
       26175000	      2518	80003c6a	2081	c.jal	80003caa	  x1=0x80003c6c
       26195000	      2520	80003caa	8fb1	c.xor	x15,x12	 x15:0x80003be6 x12:0x80003b10 x15=0x000000f6
       26205000	      2521	80003cac	03e001ef	jal	x3,80003cea	  x3=0x80003cb0
       26225000	      2523	80003cea	a801	c.j	80003cfa	
       26245000	      2525	80003cfa	3fcd	c.jal	80003cec	  x1=0x80003cfc
       26265000	      2527	80003cec	ff1ff1ef	jal	x3,80003cdc	  x3=0x80003cf0
       26285000	      2529	80003cdc	b7f5	c.j	80003cc8	
       26305000	      2531	80003cc8	a031	c.j	80003cd4	
       26325000	      2533	80003cd4	fe3ff36f	jal	x6,80003cb6	  x6=0x80003cd8
       26355000	      2536	80003cb6	ffbff36f	jal	x6,80003cb0	  x6=0x80003cba
       26375000	      2538	80003cb0	a031	c.j	80003cbc	
       26395000	      2540	80003cbc	201d	c.jal	80003ce2	  x1=0x80003cbe
       26415000	      2542	80003ce2	b7f5	c.j	80003cce	
       26435000	      2544	80003cce	a031	c.j	80003cda	
       26455000	      2546	80003cda	37ed	c.jal	80003cc4	  x1=0x80003cdc
       26475000	      2548	80003cc4	a019	c.j	80003cca	
       26505000	      2551	80003cca	00e000ef	jal	x1,80003cd8	  x1=0x80003cce
       26525000	      2553	80003cd8	a829	c.j	80003cf2	
       26555000	      2556	80003cf2	0060036f	jal	x6,80003cf8	  x6=0x80003cf6
       26575000	      2558	80003cf8	37f5	c.jal	80003ce4	  x1=0x80003cfa
       26595000	      2560	80003ce4	bff9	c.j	80003cc2	
       26615000	      2562	80003cc2	bff5	c.j	80003cbe	
       26635000	      2564	80003cbe	a021	c.j	80003cc6	
       26655000	      2566	80003cc6	2029	c.jal	80003cd0	  x1=0x80003cc8
       26675000	      2568	80003cd0	fe3ff0ef	jal	x1,80003cb2	  x1=0x80003cd4
       26705000	      2571	80003cb2	02c0096f	jal	x18,80003cde	 x18=0x80003cb6
       26725000	      2573	80003cde	3ff1	c.jal	80003cba	  x1=0x80003ce0
       26745000	      2575	80003cba	2835	c.jal	80003cf6	  x1=0x80003cbc
       26765000	      2577	80003cf6	3fed	c.jal	80003cf0	  x1=0x80003cf8
       26785000	      2579	80003cf0	bfc5	c.j	80003ce0	
       26805000	      2581	80003ce0	2019	c.jal	80003ce6	  x1=0x80003ce2
       26835000	      2584	80003ce6	fdbff0ef	jal	x1,80003cc0	  x1=0x80003cea
       26855000	      2586	80003cc0	a835	c.j	80003cfc	
       26875000	      2588	80003cfc	01be9033	sll	x0,x29,x27	 x29:0x00000300 x27:0x800038d6  x0=0x00000000
       26885000	      2589	80003d00	010001ef	jal	x3,80003d10	  x3=0x80003d04
       26905000	      2591	80003d10	bfed	c.j	80003d0a	
       26925000	      2593	80003d0a	2021	c.jal	80003d12	  x1=0x80003d0c
       26945000	      2595	80003d12	2009	c.jal	80003d14	  x1=0x80003d14
       26965000	      2597	80003d14	ff9ff0ef	jal	x1,80003d0c	  x1=0x80003d18
       26985000	      2599	80003d0c	ff9ff36f	jal	x6,80003d04	  x6=0x80003d10
       27005000	      2601	80003d04	026002ef	jal	x5,80003d2a	  x5=0x80003d08
       27025000	      2603	80003d2a	bfe5	c.j	80003d22	
       27055000	      2606	80003d22	ff9ff7ef	jal	x15,80003d1a	 x15=0x80003d26
       27075000	      2608	80003d1a	b7fd	c.j	80003d08	
       27095000	      2610	80003d08	2839	c.jal	80003d26	  x1=0x80003d0a
       27125000	      2613	80003d26	006000ef	jal	x1,80003d2c	  x1=0x80003d2a
       27145000	      2615	80003d2c	0040036f	jal	x6,80003d30	  x6=0x80003d30
       27165000	      2617	80003d30	fefff36f	jal	x6,80003d1e	  x6=0x80003d34
       27195000	      2620	80003d1e	fffffa6f	jal	x20,80003d1c	 x20=0x80003d22
       27215000	      2622	80003d1c	bff5	c.j	80003d18	
       27235000	      2624	80003d18	a831	c.j	80003d34	
       27285000	      2629	80003d34	02792733	mulhsu	x14,x18,x7	 x18:0x80003cb6  x7:0x00000000 x14=0x00000000
       27295000	      2630	80003d38	010001ef	jal	x3,80003d48	  x3=0x80003d3c
       27315000	      2632	80003d48	bfdd	c.j	80003d3e	
       27335000	      2634	80003d3e	200d	c.jal	80003d60	  x1=0x80003d40
       27355000	      2636	80003d60	3fdd	c.jal	80003d56	  x1=0x80003d62
       27375000	      2638	80003d56	3fd5	c.jal	80003d4a	  x1=0x80003d58
       27395000	      2640	80003d4a	bff5	c.j	80003d46	
       27415000	      2642	80003d46	2809	c.jal	80003d58	  x1=0x80003d48
       27435000	      2644	80003d58	b7e5	c.j	80003d40	
       27455000	      2646	80003d40	bff5	c.j	80003d3c	
       27475000	      2648	80003d3c	a811	c.j	80003d50	
       27495000	      2650	80003d50	a039	c.j	80003d5e	
       27515000	      2652	80003d5e	3fd5	c.jal	80003d52	  x1=0x80003d60
       27535000	      2654	80003d52	2009	c.jal	80003d54	  x1=0x80003d54
       27555000	      2656	80003d54	a019	c.j	80003d5a	
       27575000	      2658	80003d5a	37ed	c.jal	80003d44	  x1=0x80003d5c
       27595000	      2660	80003d44	2021	c.jal	80003d4c	  x1=0x80003d46
       27615000	      2662	80003d4c	2009	c.jal	80003d4e	  x1=0x80003d4e
       27635000	      2664	80003d4e	bfd5	c.j	80003d42	
       27655000	      2666	80003d42	a829	c.j	80003d5c	
       27675000	      2668	80003d5c	2019	c.jal	80003d62	  x1=0x80003d5e
       27705000	      2671	80003d62	a3e24b93	xori	x23,x4,-1474	  x4:0x80003be2 x23=0x7fffc1dc
       27715000	      2672	80003d66	018001ef	jal	x3,80003d7e	  x3=0x80003d6a
       27745000	      2675	80003d7e	ff9ff0ef	jal	x1,80003d76	  x1=0x80003d82
       27765000	      2677	80003d76	2011	c.jal	80003d7a	  x1=0x80003d78
       27785000	      2679	80003d7a	bfc5	c.j	80003d6a	
       27805000	      2681	80003d6a	a039	c.j	80003d78	
       27825000	      2683	80003d78	3ff5	c.jal	80003d74	  x1=0x80003d7a
       27845000	      2685	80003d74	2809	c.jal	80003d86	  x1=0x80003d76
       27875000	      2688	80003d86	00a004ef	jal	x9,80003d90	  x9=0x80003d8a
       27895000	      2690	80003d90	a019	c.j	80003d96	
       27915000	      2692	80003d96	3ff1	c.jal	80003d72	  x1=0x80003d98
       27935000	      2694	80003d72	2821	c.jal	80003d8a	  x1=0x80003d74
       27955000	      2696	80003d8a	a021	c.j	80003d92	
       27985000	      2699	80003d92	febff7ef	jal	x15,80003d7c	 x15=0x80003d96
       28005000	      2701	80003d7c	2021	c.jal	80003d84	  x1=0x80003d7e
       28025000	      2703	80003d84	a021	c.j	80003d8c	
       28045000	      2705	80003d8c	00c000ef	jal	x1,80003d98	  x1=0x80003d90
       28065000	      2707	80003d98	fd9ff0ef	jal	x1,80003d70	  x1=0x80003d9c
       28085000	      2709	80003d70	3ff5	c.jal	80003d6c	  x1=0x80003d72
       28105000	      2711	80003d6c	016000ef	jal	x1,80003d82	  x1=0x80003d70
       28125000	      2713	80003d82	a829	c.j	80003d9c	
       28145000	      2715	80003d9c	34006573	csrrsi	x10,mscratch,0	 x10=0x0000001d
       28155000	      2716	80003da0	00c001ef	jal	x3,80003dac	  x3=0x80003da4
       28175000	      2718	80003dac	2031	c.jal	80003db8	  x1=0x80003dae
       28195000	      2720	80003db8	a009	c.j	80003dba	
       28225000	      2723	80003dba	0080026f	jal	x4,80003dc2	  x4=0x80003dbe
       28245000	      2725	80003dc2	3fd5	c.jal	80003db6	  x1=0x80003dc4
       28265000	      2727	80003db6	b7fd	c.j	80003da4	
       28285000	      2729	80003da4	00a000ef	jal	x1,80003dae	  x1=0x80003da8
       28305000	      2731	80003dae	2801	c.jal	80003dbe	  x1=0x80003db0
       28335000	      2734	80003dbe	ff3ff36f	jal	x6,80003db0	  x6=0x80003dc2
       28355000	      2736	80003db0	ff9ff9ef	jal	x19,80003da8	 x19=0x80003db4
       28375000	      2738	80003da8	a031	c.j	80003db4	
       28395000	      2740	80003db4	bfdd	c.j	80003daa	
       28415000	      2742	80003daa	2829	c.jal	80003dc4	  x1=0x80003dac
       28435000	      2744	80003dc4	6175	c.addi16sp	x2,368	  x2:0x80003ca4  x2=0x80003e14
       28445000	      2745	80003dc6	010001ef	jal	x3,80003dd6	  x3=0x80003dca
       28465000	      2747	80003dd6	bfe5	c.j	80003dce	
       28485000	      2749	80003dce	2839	c.jal	80003dec	  x1=0x80003dd0
       28505000	      2751	80003dec	bfe5	c.j	80003de4	
       28525000	      2753	80003de4	00a000ef	jal	x1,80003dee	  x1=0x80003de8
       28545000	      2755	80003dee	b7f5	c.j	80003dda	
       28565000	      2757	80003dda	2011	c.jal	80003dde	  x1=0x80003ddc
       28585000	      2759	80003dde	a819	c.j	80003df4	
       28605000	      2761	80003df4	bfe1	c.j	80003dcc	
       28625000	      2763	80003dcc	a801	c.j	80003ddc	
       28645000	      2765	80003ddc	a011	c.j	80003de0	
       28665000	      2767	80003de0	2009	c.jal	80003de2	  x1=0x80003de2
       28685000	      2769	80003de2	a039	c.j	80003df0	
       28705000	      2771	80003df0	ffbff26f	jal	x4,80003dea	  x4=0x80003df4
       28725000	      2773	80003dea	37fd	c.jal	80003dd8	  x1=0x80003dec
       28745000	      2775	80003dd8	2839	c.jal	80003df6	  x1=0x80003dda
       28775000	      2778	80003df6	fd5ff0ef	jal	x1,80003dca	  x1=0x80003dfa
       28795000	      2780	80003dca	2021	c.jal	80003dd2	  x1=0x80003dcc
       28815000	      2782	80003dd2	a819	c.j	80003de8	
       28835000	      2784	80003de8	37f5	c.jal	80003dd4	  x1=0x80003dea
       28855000	      2786	80003dd4	3ff5	c.jal	80003dd0	  x1=0x80003dd6
       28875000	      2788	80003dd0	202d	c.jal	80003dfa	  x1=0x80003dd2
       29265000	      2827	80003dfa	0283e1b3	rem	x3,x7,x8	  x7:0x00000000  x8:0x80003356  x3=0x00000000
       29275000	      2828	80003dfe	03c001ef	jal	x3,80003e3a	  x3=0x80003e02
       29295000	      2830	80003e3a	bfc1	c.j	80003e0a	
       29325000	      2833	80003e0a	fffff36f	jal	x6,80003e08	  x6=0x80003e0e
       29345000	      2835	80003e08	a005	c.j	80003e28	
       29365000	      2837	80003e28	bff1	c.j	80003e04	
       29385000	      2839	80003e04	a821	c.j	80003e1c	
       29405000	      2841	80003e1c	2019	c.jal	80003e22	  x1=0x80003e1e
       29425000	      2843	80003e22	a011	c.j	80003e26	
       29445000	      2845	80003e26	b7ed	c.j	80003e10	
       29465000	      2847	80003e10	a035	c.j	80003e3c	
       29485000	      2849	80003e3c	ffbff36f	jal	x6,80003e36	  x6=0x80003e40
       29515000	      2852	80003e36	fd1ff36f	jal	x6,80003e06	  x6=0x80003e3a
       29535000	      2854	80003e06	2035	c.jal	80003e32	  x1=0x80003e08
       29555000	      2856	80003e32	3fc1	c.jal	80003e02	  x1=0x80003e34
       29575000	      2858	80003e02	2831	c.jal	80003e1e	  x1=0x80003e04
       29605000	      2861	80003e1e	02400def	jal	x27,80003e42	 x27=0x80003e22
       29635000	      2864	80003e42	fcdff0ef	jal	x1,80003e0e	  x1=0x80003e46
       29655000	      2866	80003e0e	a011	c.j	80003e12	
       29675000	      2868	80003e12	200d	c.jal	80003e34	  x1=0x80003e14
       29695000	      2870	80003e34	a031	c.j	80003e40	
       29715000	      2872	80003e40	37fd	c.jal	80003e2e	  x1=0x80003e42
       29735000	      2874	80003e2e	bfdd	c.j	80003e24	
       29755000	      2876	80003e24	3fd5	c.jal	80003e18	  x1=0x80003e26
       29775000	      2878	80003e18	ffdff0ef	jal	x1,80003e14	  x1=0x80003e1c
       29795000	      2880	80003e14	016000ef	jal	x1,80003e2a	  x1=0x80003e18
       29825000	      2883	80003e2a	006000ef	jal	x1,80003e30	  x1=0x80003e2e
       29845000	      2885	80003e30	2819	c.jal	80003e46	  x1=0x80003e32
       29875000	      2888	80003e46	e3c2f993	andi	x19,x5,-452	  x5:0x80003d08 x19=0x80003c08
       29885000	      2889	80003e4a	008001ef	jal	x3,80003e52	  x3=0x80003e4e
       29905000	      2891	80003e52	200d	c.jal	80003e74	  x1=0x80003e54
       29925000	      2893	80003e74	ff9ff0ef	jal	x1,80003e6c	  x1=0x80003e78
       29945000	      2895	80003e6c	ffbff0ef	jal	x1,80003e66	  x1=0x80003e70
       29965000	      2897	80003e66	3fdd	c.jal	80003e5c	  x1=0x80003e68
       29985000	      2899	80003e5c	bff5	c.j	80003e58	
       30005000	      2901	80003e58	2019	c.jal	80003e5e	  x1=0x80003e5a
       30035000	      2904	80003e5e	ffdff0ef	jal	x1,80003e5a	  x1=0x80003e62
       30055000	      2906	80003e5a	bfd5	c.j	80003e4e	
       30075000	      2908	80003e4e	2829	c.jal	80003e68	  x1=0x80003e50
       30095000	      2910	80003e68	008000ef	jal	x1,80003e70	  x1=0x80003e6c
       30115000	      2912	80003e70	fe1ff0ef	jal	x1,80003e50	  x1=0x80003e74
       30135000	      2914	80003e50	a011	c.j	80003e54	
       30155000	      2916	80003e54	2039	c.jal	80003e62	  x1=0x80003e56
       30185000	      2919	80003e62	ff5ff36f	jal	x6,80003e56	  x6=0x80003e66
       30205000	      2921	80003e56	200d	c.jal	80003e78	  x1=0x80003e58
       30225000	      2923	80003e78	34002f73	csrrs	x30,mscratch,x0	  x0:0x00000000 x30=0x0000001d
       30235000	      2924	80003e7c	006001ef	jal	x3,80003e82	  x3=0x80003e80
       30255000	      2926	80003e82	2031	c.jal	80003e8e	  x1=0x80003e84
       30275000	      2928	80003e8e	bff5	c.j	80003e8a	
       30305000	      2931	80003e8a	008000ef	jal	x1,80003e92	  x1=0x80003e8e
       30325000	      2933	80003e92	b7fd	c.j	80003e80	
       30345000	      2935	80003e80	2801	c.jal	80003e90	  x1=0x80003e82
       30365000	      2937	80003e90	2011	c.jal	80003e94	  x1=0x80003e92
       30385000	      2939	80003e94	0040036f	jal	x6,80003e98	  x6=0x80003e98
       30405000	      2941	80003e98	37f5	c.jal	80003e84	  x1=0x80003e9a
       30425000	      2943	80003e84	a009	c.j	80003e86	
       30455000	      2946	80003e86	014000ef	jal	x1,80003e9a	  x1=0x80003e8a
       30475000	      2948	80003e9a	98fd	c.andi	x9,-1	  x9:0x80003d8a  x9=0x80003d8a
       30485000	      2949	80003e9c	004001ef	jal	x3,80003ea0	  x3=0x80003ea0
       30505000	      2951	80003ea0	a029	c.j	80003eaa	
       30525000	      2953	80003eaa	a829	c.j	80003ec4	
       30545000	      2955	80003ec4	012000ef	jal	x1,80003ed6	  x1=0x80003ec8
       30565000	      2957	80003ed6	b7d5	c.j	80003eba	
       30585000	      2959	80003eba	a039	c.j	80003ec8	
       30605000	      2961	80003ec8	016001ef	jal	x3,80003ede	  x3=0x80003ecc
       30625000	      2963	80003ede	3fcd	c.jal	80003ed0	  x1=0x80003ee0
       30645000	      2965	80003ed0	2801	c.jal	80003ee0	  x1=0x80003ed2
       30665000	      2967	80003ee0	fcdff0ef	jal	x1,80003eac	  x1=0x80003ee4
       30685000	      2969	80003eac	02c000ef	jal	x1,80003ed8	  x1=0x80003eb0
       30705000	      2971	80003ed8	ffbff36f	jal	x6,80003ed2	  x6=0x80003edc
       30735000	      2974	80003ed2	fd7ff36f	jal	x6,80003ea8	  x6=0x80003ed6
       30755000	      2976	80003ea8	2039	c.jal	80003eb6	  x1=0x80003eaa
       30775000	      2978	80003eb6	2009	c.jal	80003eb8	  x1=0x80003eb8
       30795000	      2980	80003eb8	a811	c.j	80003ecc	
       30815000	      2982	80003ecc	fe9ff0ef	jal	x1,80003eb4	  x1=0x80003ed0
       30835000	      2984	80003eb4	a021	c.j	80003ebc	
       30855000	      2986	80003ebc	febff36f	jal	x6,80003ea6	  x6=0x80003ec0
       30875000	      2988	80003ea6	2029	c.jal	80003eb0	  x1=0x80003ea8
       30895000	      2990	80003eb0	02c009ef	jal	x19,80003edc	 x19=0x80003eb4
       30915000	      2992	80003edc	b7d5	c.j	80003ec0	
       30935000	      2994	80003ec0	fe3ff56f	jal	x10,80003ea2	 x10=0x80003ec4
       30965000	      2997	80003ea2	042000ef	jal	x1,80003ee4	  x1=0x80003ea6
       31015000	      3002	80003ee4	024297b3	mulh	x15,x5,x4	  x5:0x80003d08  x4:0x80003df4 x15=0x3fffc282
       31025000	      3003	80003ee8	004001ef	jal	x3,80003eec	  x3=0x80003eec
       31045000	      3005	80003eec	2819	c.jal	80003f02	  x1=0x80003eee
       31065000	      3007	80003f02	bfcd	c.j	80003ef4	
       31085000	      3009	80003ef4	0160036f	jal	x6,80003f0a	  x6=0x80003ef8
       31105000	      3011	80003f0a	3fed	c.jal	80003f04	  x1=0x80003f0c
       31125000	      3013	80003f04	3fdd	c.jal	80003efa	  x1=0x80003f06
       31145000	      3015	80003efa	bfd5	c.j	80003eee	
       31165000	      3017	80003eee	2015	c.jal	80003f12	  x1=0x80003ef0
       31185000	      3019	80003f12	bfed	c.j	80003f0c	
       31205000	      3021	80003f0c	3fcd	c.jal	80003efe	  x1=0x80003f0e
       31225000	      3023	80003efe	2809	c.jal	80003f10	  x1=0x80003f00
       31245000	      3025	80003f10	bffd	c.j	80003f0e	
       31265000	      3027	80003f0e	bfe5	c.j	80003f06	
       31295000	      3030	80003f06	ff3ff9ef	jal	x19,80003ef8	 x19=0x80003f0a
       31315000	      3032	80003ef8	a021	c.j	80003f00	
       31335000	      3034	80003f00	bff5	c.j	80003efc	
       31355000	      3036	80003efc	bfd5	c.j	80003ef0	
       31375000	      3038	80003ef0	02400aef	jal	x21,80003f14	 x21=0x80003ef4
       31755000	      3076	80003f14	03367f33	remu	x30,x12,x19	 x12:0x80003b10 x19:0x80003f0a x30=0x80003b10
       31765000	      3077	80003f18	02c001ef	jal	x3,80003f44	  x3=0x80003f1c
       31785000	      3079	80003f44	ff5ff4ef	jal	x9,80003f38	  x9=0x80003f48
       31805000	      3081	80003f38	b7d5	c.j	80003f1c	
       31825000	      3083	80003f1c	200d	c.jal	80003f3e	  x1=0x80003f1e
       31855000	      3086	80003f3e	ff5ff0ef	jal	x1,80003f32	  x1=0x80003f42
       31875000	      3088	80003f32	bfed	c.j	80003f2c	
       31895000	      3090	80003f2c	0160036f	jal	x6,80003f42	  x6=0x80003f30
       31915000	      3092	80003f42	bfcd	c.j	80003f34	
       31935000	      3094	80003f34	febff36f	jal	x6,80003f1e	  x6=0x80003f38
       31965000	      3097	80003f1e	01c000ef	jal	x1,80003f3a	  x1=0x80003f22
       31995000	      3100	80003f3a	00e000ef	jal	x1,80003f48	  x1=0x80003f3e
       32015000	      3102	80003f48	3ff1	c.jal	80003f24	  x1=0x80003f4a
       32035000	      3104	80003f24	2031	c.jal	80003f30	  x1=0x80003f26
       32055000	      3106	80003f30	bfe5	c.j	80003f28	
       32075000	      3108	80003f28	fffff0ef	jal	x1,80003f26	  x1=0x80003f2c
       32095000	      3110	80003f26	3ff5	c.jal	80003f22	  x1=0x80003f28
       32115000	      3112	80003f22	a025	c.j	80003f4a	
       32145000	      3115	80003f4a	00400eef	jal	x29,80003f4e	 x29=0x80003f4e
       32175000	      3118	80003f4e	340457f3	csrrwi	x15,mscratch,8	 x15=0x0000001d
       32185000	      3119	80003f52	022001ef	jal	x3,80003f74	  x3=0x80003f56
       32205000	      3121	80003f74	37fd	c.jal	80003f62	  x1=0x80003f76
       32235000	      3124	80003f62	024000ef	jal	x1,80003f86	  x1=0x80003f66
       32255000	      3126	80003f86	a819	c.j	80003f9c	
       32275000	      3128	80003f9c	3f75	c.jal	80003f58	  x1=0x80003f9e
       32295000	      3130	80003f58	00e000ef	jal	x1,80003f66	  x1=0x80003f5c
       32325000	      3133	80003f66	ff9ff0ef	jal	x1,80003f5e	  x1=0x80003f6a
       32345000	      3135	80003f5e	a839	c.j	80003f7c	
       32365000	      3137	80003f7c	fe1ff76f	jal	x14,80003f5c	 x14=0x80003f80
       32385000	      3139	80003f5c	a815	c.j	80003f90	
       32405000	      3141	80003f90	b7e5	c.j	80003f78	
       32425000	      3143	80003f78	2009	c.jal	80003f7a	  x1=0x80003f7a
       32445000	      3145	80003f7a	a829	c.j	80003f94	
       32465000	      3147	80003f94	fc3ff0ef	jal	x1,80003f56	  x1=0x80003f98
       32485000	      3149	80003f56	a811	c.j	80003f6a	
       32515000	      3152	80003f6a	018000ef	jal	x1,80003f82	  x1=0x80003f6e
       32535000	      3154	80003f82	2801	c.jal	80003f92	  x1=0x80003f84
       32555000	      3156	80003f92	3fdd	c.jal	80003f88	  x1=0x80003f94
       32575000	      3158	80003f88	fd9ff0ef	jal	x1,80003f60	  x1=0x80003f8c
       32595000	      3160	80003f60	2825	c.jal	80003f98	  x1=0x80003f62
       32615000	      3162	80003f98	b7f5	c.j	80003f84	
       32635000	      3164	80003f84	2021	c.jal	80003f8c	  x1=0x80003f86
       32655000	      3166	80003f8c	fe7ff0ef	jal	x1,80003f72	  x1=0x80003f90
       32675000	      3168	80003f72	bff5	c.j	80003f6e	
       32705000	      3171	80003f6e	02c0036f	jal	x6,80003f9a	  x6=0x80003f72
       32725000	      3173	80003f9a	b7dd	c.j	80003f80	
       32745000	      3175	80003f80	3fdd	c.jal	80003f76	  x1=0x80003f82
       32765000	      3177	80003f76	a025	c.j	80003f9e	
       32785000	      3179	80003f9e	8619	c.srai	x12,0x6	 x12:0x80003b10 x12=0xfe0000ec
       32795000	      3180	80003fa0	022001ef	jal	x3,80003fc2	  x3=0x80003fa4
       32815000	      3182	80003fc2	b7fd	c.j	80003fb0	
       32835000	      3184	80003fb0	2039	c.jal	80003fbe	  x1=0x80003fb2
       32855000	      3186	80003fbe	2809	c.jal	80003fd0	  x1=0x80003fc0
       32875000	      3188	80003fd0	fdbff0ef	jal	x1,80003faa	  x1=0x80003fd4
       32905000	      3191	80003faa	fffffaef	jal	x21,80003fa8	 x21=0x80003fae
       32925000	      3193	80003fa8	a035	c.j	80003fd4	
       32945000	      3195	80003fd4	ff3ffbef	jal	x23,80003fc6	 x23=0x80003fd8
       32975000	      3198	80003fc6	006000ef	jal	x1,80003fcc	  x1=0x80003fca
       32995000	      3200	80003fcc	fe7ff0ef	jal	x1,80003fb2	  x1=0x80003fd0
       33015000	      3202	80003fb2	2035	c.jal	80003fde	  x1=0x80003fb4
       33035000	      3204	80003fde	37f5	c.jal	80003fca	  x1=0x80003fe0
       33055000	      3206	80003fca	a819	c.j	80003fe0	
       33075000	      3208	80003fe0	3fd9	c.jal	80003fb6	  x1=0x80003fe2
       33105000	      3211	80003fb6	00a000ef	jal	x1,80003fc0	  x1=0x80003fba
       33125000	      3213	80003fc0	a00d	c.j	80003fe2	
       33155000	      3216	80003fe2	fcdff0ef	jal	x1,80003fae	  x1=0x80003fe6
       33175000	      3218	80003fae	2019	c.jal	80003fb4	  x1=0x80003fb0
       33195000	      3220	80003fb4	201d	c.jal	80003fda	  x1=0x80003fb6
       33225000	      3223	80003fda	fffff0ef	jal	x1,80003fd8	  x1=0x80003fde
       33245000	      3225	80003fd8	b7f1	c.j	80003fa4	
       33265000	      3227	80003fa4	042000ef	jal	x1,80003fe6	  x1=0x80003fa8
       33285000	      3229	80003fe6	bff9	c.j	80003fc4	
       33305000	      3231	80003fc4	bfdd	c.j	80003fba	
       33335000	      3234	80003fba	02e000ef	jal	x1,80003fe8	  x1=0x80003fbe
       33355000	      3236	80003fe8	8575	c.srai	x10,0x1d	 x10:0x80003ec4 x10=0xfffffffc
       33365000	      3237	80003fea	012001ef	jal	x3,80003ffc	  x3=0x80003fee
       33385000	      3239	80003ffc	2009	c.jal	80003ffe	  x1=0x80003ffe
       33405000	      3241	80003ffe	a839	c.j	8000401c	
       33425000	      3243	8000401c	3ff5	c.jal	80004018	  x1=0x8000401e
       33445000	      3245	80004018	2009	c.jal	8000401a	  x1=0x8000401a
       33465000	      3247	8000401a	bfe5	c.j	80004012	
       33495000	      3250	80004012	fe3ff0ef	jal	x1,80003ff4	  x1=0x80004016
       33515000	      3252	80003ff4	a821	c.j	8000400c	
       33535000	      3254	8000400c	a029	c.j	80004016	
       33555000	      3256	80004016	b7fd	c.j	80004004	
       33575000	      3258	80004004	00c0026f	jal	x4,80004010	  x4=0x80004008
       33595000	      3260	80004010	3ffd	c.jal	8000400e	  x1=0x80004012
       33615000	      3262	8000400e	2811	c.jal	80004022	  x1=0x80004010
       33635000	      3264	80004022	3ff9	c.jal	80004000	  x1=0x80004024
       33655000	      3266	80004000	008000ef	jal	x1,80004008	  x1=0x80004004
       33675000	      3268	80004008	37ed	c.jal	80003ff2	  x1=0x8000400a
       33695000	      3270	80003ff2	a019	c.j	80003ff8	
       33715000	      3272	80003ff8	0120036f	jal	x6,8000400a	  x6=0x80003ffc
       33735000	      3274	8000400a	37d5	c.jal	80003fee	  x1=0x8000400c
       33765000	      3277	80003fee	008000ef	jal	x1,80003ff6	  x1=0x80003ff2
       33785000	      3279	80003ff6	2025	c.jal	8000401e	  x1=0x80003ff8
       33815000	      3282	8000401e	006009ef	jal	x19,80004024	 x19=0x80004022
       33835000	      3284	80004024	34006df3	csrrsi	x27,mscratch,0	 x27=0x00000008
       33845000	      3285	80004028	006001ef	jal	x3,8000402e	  x3=0x8000402c
       33865000	      3287	8000402e	2029	c.jal	80004038	  x1=0x80004030
       33885000	      3289	80004038	0040016f	jal	x2,8000403c	  x2=0x8000403c
       33905000	      3291	8000403c	0140036f	jal	x6,80004050	  x6=0x80004040
       33925000	      3293	80004050	fe1ffdef	jal	x27,80004030	 x27=0x80004054
       33945000	      3295	80004030	024000ef	jal	x1,80004054	  x1=0x80004034
       33965000	      3297	80004054	bfc5	c.j	80004044	
       33985000	      3299	80004044	a01d	c.j	8000406a	
       34005000	      3301	8000406a	37f5	c.jal	80004056	  x1=0x8000406c
       34025000	      3303	80004056	bfd5	c.j	8000404a	
       34045000	      3305	8000404a	37ed	c.jal	80004034	  x1=0x8000404c
       34065000	      3307	80004034	0340036f	jal	x6,80004068	  x6=0x80004038
       34085000	      3309	80004068	37d5	c.jal	8000404c	  x1=0x8000406a
       34105000	      3311	8000404c	a821	c.j	80004064	
       34125000	      3313	80004064	fddff0ef	jal	x1,80004040	  x1=0x80004068
       34145000	      3315	80004040	02c0016f	jal	x2,8000406c	  x2=0x80004044
       34165000	      3317	8000406c	b7f5	c.j	80004058	
       34185000	      3319	80004058	01e000ef	jal	x1,80004076	  x1=0x8000405c
       34205000	      3321	80004076	bffd	c.j	80004074	
       34225000	      3323	80004074	3fd1	c.jal	80004048	  x1=0x80004076
       34245000	      3325	80004048	a02d	c.j	80004072	
       34265000	      3327	80004072	bfc5	c.j	80004062	
       34285000	      3329	80004062	2039	c.jal	80004070	  x1=0x80004064
       34305000	      3331	80004070	bfc5	c.j	80004060	
       34325000	      3333	80004060	37f1	c.jal	8000402c	  x1=0x80004062
       34345000	      3335	8000402c	2089	c.jal	8000406e	  x1=0x8000402e
       34365000	      3337	8000406e	37c5	c.jal	8000404e	  x1=0x80004070
       34385000	      3339	8000404e	bfe5	c.j	80004046	
       34405000	      3341	80004046	a819	c.j	8000405c	
       34425000	      3343	8000405c	2009	c.jal	8000405e	  x1=0x8000405e
       34445000	      3345	8000405e	a829	c.j	80004078	
       34465000	      3347	80004078	ff471ab7	lui	x21,0xff471	 x21=0xff471000
       34475000	      3348	8000407c	006001ef	jal	x3,80004082	  x3=0x80004080
       34505000	      3351	80004082	00e000ef	jal	x1,80004090	  x1=0x80004086
       34525000	      3353	80004090	3ff5	c.jal	8000408c	  x1=0x80004092
       34545000	      3355	8000408c	008000ef	jal	x1,80004094	  x1=0x80004090
       34565000	      3357	80004094	bfcd	c.j	80004086	
       34585000	      3359	80004086	a011	c.j	8000408a	
       34605000	      3361	8000408a	3fdd	c.jal	80004080	  x1=0x8000408c
       34625000	      3363	80004080	2809	c.jal	80004092	  x1=0x80004082
       34645000	      3365	80004092	3fdd	c.jal	80004088	  x1=0x80004094
       34665000	      3367	80004088	2039	c.jal	80004096	  x1=0x8000408a
       34685000	      3369	80004096	2009	c.jal	80004098	  x1=0x80004098
       34705000	      3371	80004098	00b3b633	sltu	x12,x7,x11	  x7:0x00000000 x11:0x8001fe64 x12=0x00000001
       34715000	      3372	8000409c	03c001ef	jal	x3,800040d8	  x3=0x800040a0
       34735000	      3374	800040d8	3ff1	c.jal	800040b4	  x1=0x800040da
       34755000	      3376	800040b4	a809	c.j	800040c6	
       34775000	      3378	800040c6	3fdd	c.jal	800040bc	  x1=0x800040c8
       34795000	      3380	800040bc	024000ef	jal	x1,800040e0	  x1=0x800040c0
       34815000	      3382	800040e0	fefff36f	jal	x6,800040ce	  x6=0x800040e4
       34845000	      3385	800040ce	ffdff0ef	jal	x1,800040ca	  x1=0x800040d2
       34865000	      3387	800040ca	bfed	c.j	800040c4	
       34885000	      3389	800040c4	b7ed	c.j	800040ae	
       34905000	      3391	800040ae	2805	c.jal	800040de	  x1=0x800040b0
       34925000	      3393	800040de	3fd1	c.jal	800040b2	  x1=0x800040e0
       34945000	      3395	800040b2	2011	c.jal	800040b6	  x1=0x800040b4
       34975000	      3398	800040b6	fefffaef	jal	x21,800040a4	 x21=0x800040ba
       34995000	      3400	800040a4	2819	c.jal	800040ba	  x1=0x800040a6
       35015000	      3402	800040ba	37f5	c.jal	800040a6	  x1=0x800040bc
       35035000	      3404	800040a6	a029	c.j	800040b0	
       35055000	      3406	800040b0	a00d	c.j	800040d2	
       35075000	      3408	800040d2	2009	c.jal	800040d4	  x1=0x800040d4
       35095000	      3410	800040d4	b7f9	c.j	800040a2	
       35115000	      3412	800040a2	282d	c.jal	800040dc	  x1=0x800040a4
       35135000	      3414	800040dc	b7d5	c.j	800040c0	
       35155000	      3416	800040c0	fe1ff0ef	jal	x1,800040a0	  x1=0x800040c4
       35175000	      3418	800040a0	2021	c.jal	800040a8	  x1=0x800040a2
       35195000	      3420	800040a8	a009	c.j	800040aa	
       35225000	      3423	800040aa	030000ef	jal	x1,800040da	  x1=0x800040ae
       35245000	      3425	800040da	b7fd	c.j	800040c8	
       35265000	      3427	800040c8	2039	c.jal	800040d6	  x1=0x800040ca
       35285000	      3429	800040d6	2039	c.jal	800040e4	  x1=0x800040d8
       35305000	      3431	800040e4	fe9ff0ef	jal	x1,800040cc	  x1=0x800040e8
       35325000	      3433	800040cc	a831	c.j	800040e8	
       35345000	      3435	800040e8	0135df33	srl	x30,x11,x19	 x11:0x8001fe64 x19:0x80004022 x30=0x20007f99
       35355000	      3436	800040ec	012001ef	jal	x3,800040fe	  x3=0x800040f0
       35375000	      3438	800040fe	a031	c.j	8000410a	
       35405000	      3441	8000410a	fffff26f	jal	x4,80004108	  x4=0x8000410e
       35425000	      3443	80004108	3ffd	c.jal	80004106	  x1=0x8000410a
       35445000	      3445	80004106	bfd5	c.j	800040fa	
       35465000	      3447	800040fa	201d	c.jal	80004120	  x1=0x800040fc
       35485000	      3449	80004120	3fc1	c.jal	800040f0	  x1=0x80004122
       35505000	      3451	800040f0	0260036f	jal	x6,80004116	  x6=0x800040f4
       35525000	      3453	80004116	a019	c.j	8000411c	
       35545000	      3455	8000411c	ffdff36f	jal	x6,80004118	  x6=0x80004120
       35565000	      3457	80004118	fe9ff26f	jal	x4,80004100	  x4=0x8000411c
       35585000	      3459	80004100	2009	c.jal	80004102	  x1=0x80004102
       35615000	      3462	80004102	020000ef	jal	x1,80004122	  x1=0x80004106
       35635000	      3464	80004122	3fd1	c.jal	800040f6	  x1=0x80004124
       35665000	      3467	800040f6	0180036f	jal	x6,8000410e	  x6=0x800040fa
       35695000	      3470	8000410e	0160036f	jal	x6,80004124	  x6=0x80004112
       35715000	      3472	80004124	fd9ff0ef	jal	x1,800040fc	  x1=0x80004128
       35735000	      3474	800040fc	bfe5	c.j	800040f4	
       35755000	      3476	800040f4	a839	c.j	80004112	
       35785000	      3479	80004112	016002ef	jal	x5,80004128	  x5=0x80004116
       35815000	      3482	80004128	0273ec33	rem	x24,x7,x7	  x7:0x00000000  x7:0x00000000 x24=0x00000000
       35825000	      3483	8000412c	00c001ef	jal	x3,80004138	  x3=0x80004130
       35845000	      3485	80004138	2811	c.jal	8000414c	  x1=0x8000413a
       35865000	      3487	8000414c	a809	c.j	8000415e	
       35895000	      3490	8000415e	00c0036f	jal	x6,8000416a	  x6=0x80004162
       35915000	      3492	8000416a	b7e5	c.j	80004152	
       35945000	      3495	80004152	fedff0ef	jal	x1,8000413e	  x1=0x80004156
       35965000	      3497	8000413e	2029	c.jal	80004148	  x1=0x80004140
       35985000	      3499	80004148	0200036f	jal	x6,80004168	  x6=0x8000414c
       36005000	      3501	80004168	3fed	c.jal	80004162	  x1=0x8000416a
       36025000	      3503	80004162	37f5	c.jal	8000414e	  x1=0x80004164
       36045000	      3505	8000414e	2819	c.jal	80004164	  x1=0x80004150
       36065000	      3507	80004164	ff7ff0ef	jal	x1,8000415a	  x1=0x80004168
       36085000	      3509	8000415a	bff1	c.j	80004136	
       36105000	      3511	80004136	2031	c.jal	80004142	  x1=0x80004138
       36125000	      3513	80004142	b7fd	c.j	80004130	
       36145000	      3515	80004130	a035	c.j	8000415c	
       36165000	      3517	8000415c	3ff9	c.jal	8000413a	  x1=0x8000415e
       36195000	      3520	8000413a	ffbff0ef	jal	x1,80004134	  x1=0x8000413e
       36215000	      3522	80004134	a801	c.j	80004144	
       36235000	      3524	80004144	ffdffa6f	jal	x20,80004140	 x20=0x80004148
       36255000	      3526	80004140	a801	c.j	80004150	
       36275000	      3528	80004150	a019	c.j	80004156	
       36305000	      3531	80004156	fddffd6f	jal	x26,80004132	 x26=0x8000415a
       36325000	      3533	80004132	282d	c.jal	8000416c	  x1=0x80004134
       36345000	      3535	8000416c	0000100f	fence.i	
       36385000	      3539	80004170	034d0db3	mul	x27,x26,x20	 x26:0x8000415a x20:0x80004148 x27=0x10aa3b50
       36395000	      3540	80004174	34043c73	csrrc	x24,mscratch,x8	  x8:0x80003356 x24=0x00000008
       36405000	      3541	80004178	88f56e93	ori	x29,x10,-1905	 x10:0xfffffffc x29=0xffffffff
       36415000	      3542	8000417c	00894663	blt	x18,x8,80004188	 x18:0x80003cb6  x8:0x80003356
       36425000	      3543	80004180	8cda	c.mv	x25,x22	  x0:0x00000000 x22:0x80003bc4 x25=0x80003bc4
       36435000	      3544	80004182	677e5297	auipc	x5,0x677e5	  x5=0xe77e9182
       36445000	      3545	80004186	8c79	c.and	x8,x14	  x8:0x80003356 x14:0x80003f80  x8=0x80003300
       36455000	      3546	80004188	557d	c.li	x10,-1	 x10=0xffffffff
       36465000	      3547	8000418a	8ce2	c.mv	x25,x24	  x0:0x00000000 x24:0x00000008 x25=0x00000008
       36475000	      3548	8000418c	8f69	c.and	x14,x10	 x14:0x80003f80 x10:0xffffffff x14=0x80003f80
       36485000	      3549	8000418e	88b1	c.andi	x9,12	  x9:0x80003f48  x9=0x00000008
       36495000	      3550	80004190	02980963	beq	x16,x9,800041c2	 x16:0x00000000  x9:0x00000008
       36505000	      3551	80004194	9fc6	c.add	x31,x17	 x31:0x80003c50 x17:0x00000000 x31=0x80003c50
       36515000	      3552	80004196	03c2dc63	bge	x5,x28,800041ce	  x5:0xe77e9182 x28:0x80003c8c
       36575000	      3558	800041ce	0335a9b3	mulhsu	x19,x11,x19	 x11:0x8001fe64 x19:0x80004022 x19=0xc000df21
       36585000	      3559	800041d2	00c49413	slli	x8,x9,0xc	  x9:0x00000008  x8=0x00008000
       36595000	      3560	800041d6	0197a0b3	slt	x1,x15,x25	 x15:0x0000001d x25:0x00000008  x1=0x00000000
       36605000	      3561	800041da	340aaf73	csrrs	x30,mscratch,x21	 x21:0x800040ba x30=0x00000008
       36615000	      3562	800041de	1f7d	c.addi	x30,-1	 x30:0x00000008 x30=0x00000007
       36655000	      3566	800041e0	0378ad33	mulhsu	x26,x17,x23	 x17:0x00000000 x23:0x80003fd8 x26=0x00000000
       36665000	      3567	800041e4	40618933	sub	x18,x3,x6	  x3:0x80004130  x6:0x8000414c x18=0xffffffe4
       36675000	      3568	800041e8	41e1d713	srai	x14,x3,0x1e	  x3:0x80004130 x14=0xfffffffe
       36695000	      3570	800041ec	02065933	divu	x18,x12,x0	 x12:0x00000001  x0:0x00000000 x18=0xffffffff
       36705000	      3571	800041f0	00d8ed33	or	x26,x17,x13	 x17:0x00000000 x13:0x80023ce4 x26=0x80023ce4
       36715000	      3572	800041f4	fb7d7a13	andi	x20,x26,-73	 x26:0x80023ce4 x20=0x80023ca4
       36725000	      3573	800041f8	01060863	beq	x12,x16,80004208	 x12:0x00000001 x16:0x00000000
       36735000	      3574	800041fc	006c42b3	xor	x5,x24,x6	 x24:0x00000008  x6:0x8000414c  x5=0x80004144
       36745000	      3575	80004200	cf19	c.beqz	x14,8000421e	 x14:0xfffffffe
       36755000	      3576	80004202	1488	c.addi4spn	x10,x2,608	 x10=0x800042a4
       36775000	      3578	80004204	02054a33	div	x20,x10,x0	 x10:0x800042a4  x0:0x00000000 x20=0xffffffff
       36785000	      3579	80004208	87bd	c.srai	x15,0xf	 x15:0x0000001d x15=0x00000000
       36795000	      3580	8000420a	00b9	c.addi	x1,14	  x1:0x00000000  x1=0x0000000e
       36805000	      3581	8000420c	02d2	c.slli	x5,0x14	  x5:0x80004144  x5=0x14400000
       36815000	      3582	8000420e	7655a813	slti	x16,x11,1893	 x11:0x8001fe64 x16=0x00000001
       36825000	      3583	80004212	9a9e	c.add	x21,x7	 x21:0x800040ba  x7:0x00000000 x21=0x800040ba
       36835000	      3584	80004214	717d	c.addi16sp	x2,-16	  x2:0x80004044  x2=0x80004034
       36845000	      3585	80004216	34075d73	csrrwi	x26,mscratch,14	 x26=0x800040ba
       36855000	      3586	8000421a	715ec413	xori	x8,x29,1813	 x29:0xffffffff  x8=0xfffff8ea
       36865000	      3587	8000421e	0555	c.addi	x10,21	 x10:0x800042a4 x10=0x800042b9
       36875000	      3588	80004220	483d	c.li	x16,15	 x16=0x0000000f
       37245000	      3625	80004222	03efeeb3	rem	x29,x31,x30	 x31:0x80003c50 x30:0x00000007 x29=0xfffffffc
       37255000	      3626	80004226	01d1db63	bge	x3,x29,8000423c	  x3:0x80004130 x29:0xfffffffc
       37265000	      3627	8000422a	015c3233	sltu	x4,x24,x21	 x24:0x00000008 x21:0x800040ba  x4=0x00000001
       37275000	      3628	8000422e	41765d93	srai	x27,x12,0x17	 x12:0x00000001 x27=0x00000000
       37285000	      3629	80004232	0b2e	c.slli	x22,0xb	 x22:0x80003bc4 x22=0x01de2000
       37295000	      3630	80004234	2d0c2f13	slti	x30,x24,720	 x24:0x00000008 x30=0x00000001
       37305000	      3631	80004238	3402d4f3	csrrwi	x9,mscratch,5	  x9=0x0000000e
       37315000	      3632	8000423c	0000100f	fence.i	
       37365000	      3637	80004240	02d8bf33	mulhu	x30,x17,x13	 x17:0x00000000 x13:0x80023ce4 x30=0x00000000
       37405000	      3641	80004244	030ea933	mulhsu	x18,x29,x16	 x29:0xfffffffc x16:0x0000000f x18=0xffffffff
       37415000	      3642	80004248	40cc0fb3	sub	x31,x24,x12	 x24:0x00000008 x12:0x00000001 x31=0x00000007
       37425000	      3643	8000424c	034a6763	bltu	x20,x20,8000427a	 x20:0xffffffff x20:0xffffffff
       37435000	      3644	80004250	41068d33	sub	x26,x13,x16	 x13:0x80023ce4 x16:0x0000000f x26=0x80023cd5
       37455000	      3646	80004254	02f2cc33	div	x24,x5,x15	  x5:0x14400000 x15:0x00000000 x24=0xffffffff
       37465000	      3647	80004258	340baa73	csrrs	x20,mscratch,x23	 x23:0x80003fd8 x20=0x00000005
       37475000	      3648	8000425c	016efeb3	and	x29,x29,x22	 x29:0xfffffffc x22:0x01de2000 x29=0x01de2000
       37485000	      3649	80004260	51f46913	ori	x18,x8,1311	  x8:0xfffff8ea x18=0xfffffdff
       37495000	      3650	80004264	8d19	c.sub	x10,x14	 x10:0x800042b9 x14:0xfffffffe x10=0x800042bb
       37865000	      3687	80004266	02c259b3	divu	x19,x4,x12	  x4:0x00000001 x12:0x00000001 x19=0x00000001
       37875000	      3688	8000426a	87f5	c.srai	x15,0x1d	 x15:0x00000000 x15=0x00000000
       37885000	      3689	8000426c	8014ea13	ori	x20,x9,-2047	  x9:0x0000000e x20=0xfffff80f
       37895000	      3690	80004270	717d	c.addi16sp	x2,-16	  x2:0x80004034  x2=0x80004024
       37905000	      3691	80004272	001cd4b3	srl	x9,x25,x1	 x25:0x00000008  x1:0x0000000e  x9=0x00000000
       37915000	      3692	80004276	4164d793	srai	x15,x9,0x16	  x9:0x00000000 x15=0x00000000
       37925000	      3693	8000427a	34006873	csrrsi	x16,mscratch,0	 x16=0x80003fdd
       37935000	      3694	8000427e	34031073	csrrw	x0,mscratch,x6	  x6:0x8000414c  x0=0x00000000
       37945000	      3695	80004282	00c28863	beq	x5,x12,80004292	  x5:0x14400000 x12:0x00000001
       37955000	      3696	80004286	ab521d17	auipc	x26,0xab521	 x26=0x2b525286
       37965000	      3697	8000428a	34002e73	csrrs	x28,mscratch,x0	  x0:0x00000000 x28=0x8000414c
       37975000	      3698	8000428e	983a	c.add	x16,x14	 x16:0x80003fdd x14:0xfffffffe x16=0x80003fdb
       37985000	      3699	80004290	9f8a	c.add	x31,x2	 x31:0x00000007  x2:0x80004024 x31=0x8000402b
       37995000	      3700	80004292	c715	c.beqz	x14,800042be	 x14:0xfffffffe
       38005000	      3701	80004294	01f68733	add	x14,x13,x31	 x13:0x80023ce4 x31:0x8000402b x14=0x00027d0f
       38015000	      3702	80004298	01dca133	slt	x2,x25,x29	 x25:0x00000008 x29:0x01de2000  x2=0x00000001
       38025000	      3703	8000429c	69ade713	ori	x14,x27,1690	 x27:0x00000000 x14=0x0000069a
       38395000	      3740	800042a0	032c5c33	divu	x24,x24,x18	 x24:0xffffffff x18:0xfffffdff x24=0x00000001
       38405000	      3741	800042a4	07373a93	sltiu	x21,x14,115	 x14:0x0000069a x21=0x00000000
       38415000	      3742	800042a8	0001	c.addi	x0,0	  x0:0x00000000  x0=0x00000000
       38425000	      3743	800042aa	41a0d113	srai	x2,x1,0x1a	  x1:0x0000000e  x2=0x00000000
       38465000	      3747	800042ae	03849b33	mulh	x22,x9,x24	  x9:0x00000000 x24:0x00000001 x22=0x00000000
       38475000	      3748	800042b2	597d	c.li	x18,-1	 x18=0xffffffff
       38485000	      3749	800042b4	0001	c.addi	x0,0	  x0:0x00000000  x0=0x00000000
       38495000	      3750	800042b6	8dee	c.mv	x27,x27	  x0:0x00000000 x27:0x00000000 x27=0x00000000
       38505000	      3751	800042b8	0000100f	fence.i	
       38525000	      3753	800042bc	0084	c.addi4spn	x9,x2,64	  x9=0x00000040
       38535000	      3754	800042be	1484	c.addi4spn	x9,x2,608	  x9=0x00000260
       38545000	      3755	800042c0	8b89	c.andi	x15,2	 x15:0x00000000 x15=0x00000000
       38555000	      3756	800042c2	0154a9b3	slt	x19,x9,x21	  x9:0x00000260 x21:0x00000000 x19=0x00000000
       38565000	      3757	800042c6	0fafa793	slti	x15,x31,250	 x31:0x8000402b x15=0x00000001
       38575000	      3758	800042ca	0d09	c.addi	x26,2	 x26:0x2b525286 x26=0x2b525288
       38585000	      3759	800042cc	00c157b3	srl	x15,x2,x12	  x2:0x00000000 x12:0x00000001 x15=0x00000000
       38595000	      3760	800042d0	ae060217	auipc	x4,0xae060	  x4=0x2e0642d0
       38625000	      3763	800042d4	03ed0433	mul	x8,x26,x30	 x26:0x2b525288 x30:0x00000000  x8=0x00000000
       38635000	      3764	800042d8	cb60bd93	sltiu	x27,x1,-842	  x1:0x0000000e x27=0x00000001
       38645000	      3765	800042dc	4bdcea37	lui	x20,0x4bdce	 x20=0x4bdce000
       38655000	      3766	800042e0	885e	c.mv	x16,x23	  x0:0x00000000 x23:0x80003fd8 x16=0x80003fd8
       38665000	      3767	800042e2	ad1f4a17	auipc	x20,0xad1f4	 x20=0x2d1f82e2
       38675000	      3768	800042e6	340cebf3	csrrsi	x23,mscratch,25	 x23=0x8000414c
       38685000	      3769	800042ea	e167a513	slti	x10,x15,-490	 x15:0x00000000 x10=0x00000000
       38695000	      3770	800042ee	23f50797	auipc	x15,0x23f50	 x15=0xa3f542ee
       38705000	      3771	800042f2	4172d433	sra	x8,x5,x23	  x5:0x14400000 x23:0x8000414c  x8=0x00014400
       38715000	      3772	800042f6	417980b3	sub	x1,x19,x23	 x19:0x00000000 x23:0x8000414c  x1=0x7fffbeb4
       38725000	      3773	800042fa	04ade063	bltu	x27,x10,8000433a	 x27:0x00000001 x10:0x00000000
       38735000	      3774	800042fe	01186d33	or	x26,x16,x17	 x16:0x80003fd8 x17:0x00000000 x26=0x80003fd8
       38745000	      3775	80004302	8bf1	c.andi	x15,28	 x15:0xa3f542ee x15=0x0000000c
       38755000	      3776	80004304	fd0ce493	ori	x9,x25,-48	 x25:0x00000008  x9=0xffffffd8
       38765000	      3777	80004308	3409d2f3	csrrwi	x5,mscratch,19	  x5=0x8000415d
       39135000	      3814	8000430c	03dac333	div	x6,x21,x29	 x21:0x00000000 x29:0x01de2000  x6=0x00000000
       39175000	      3818	80004310	0269abb3	mulhsu	x23,x19,x6	 x19:0x00000000  x6:0x00000000 x23=0x00000000
       39185000	      3819	80004314	d81b3d93	sltiu	x27,x22,-639	 x22:0x00000000 x27=0x00000001
       39195000	      3820	80004318	c789	c.beqz	x15,80004322	 x15:0x0000000c
       39205000	      3821	8000431a	00333bb3	sltu	x23,x6,x3	  x6:0x00000000  x3:0x80004130 x23=0x00000001
       39215000	      3822	8000431e	ae5b7413	andi	x8,x22,-1307	 x22:0x00000000  x8=0x00000000
       39225000	      3823	80004322	0001	c.addi	x0,0	  x0:0x00000000  x0=0x00000000
       39235000	      3824	80004324	3402fcf3	csrrci	x25,mscratch,5	 x25=0x00000013
       39275000	      3828	80004328	026b1933	mulh	x18,x22,x6	 x22:0x00000000  x6:0x00000000 x18=0x00000000
       39285000	      3829	8000432c	41a45a93	srai	x21,x8,0x1a	  x8:0x00000000 x21=0x00000000
       39295000	      3830	80004330	0408f163	bgeu	x17,x0,80004372	 x17:0x00000000  x0:0x00000000
       39355000	      3836	80004372	02a51bb3	mulh	x23,x10,x10	 x10:0x00000000 x10:0x00000000 x23=0x00000000
       39365000	      3837	80004376	34009173	csrrw	x2,mscratch,x1	  x1:0x7fffbeb4  x2=0x00000012
       39405000	      3841	8000437a	032ba533	mulhsu	x10,x23,x18	 x23:0x00000000 x18:0x00000000 x10=0x00000000
       39415000	      3842	8000437e	0001	c.addi	x0,0	  x0:0x00000000  x0=0x00000000
       39425000	      3843	80004380	413bd813	srai	x16,x23,0x13	 x23:0x00000000 x16=0x00000000
       39435000	      3844	80004384	24c71a17	auipc	x20,0x24c71	 x20=0xa4c75384
       39445000	      3845	80004388	00e99f93	slli	x31,x19,0xe	 x19:0x00000000 x31=0x00000000
       39455000	      3846	8000438c	d82a2c17	auipc	x24,0xd82a2	 x24=0x582a638c
       39465000	      3847	80004390	0804	c.addi4spn	x9,x2,16	  x9=0x00000022
       39475000	      3848	80004392	0198a433	slt	x8,x17,x25	 x17:0x00000000 x25:0x00000013  x8=0x00000001
       39485000	      3849	80004396	87da6bb7	lui	x23,0x87da6	 x23=0x87da6000
       39495000	      3850	8000439a	34006773	csrrsi	x14,mscratch,0	 x14=0x7fffbeb4
       39505000	      3851	8000439e	0000100f	fence.i	
       39535000	      3854	800043a2	da802013	slti	x0,x0,-600	  x0:0x00000000  x0=0x00000000
       39545000	      3855	800043a6	c801	c.beqz	x8,800043b6	  x8:0x00000001
       39555000	      3856	800043a8	0001	c.addi	x0,0	  x0:0x00000000  x0=0x00000000
       39565000	      3857	800043aa	004aacb3	slt	x25,x21,x4	 x21:0x00000000  x4:0x2e0642d0 x25=0x00000001
       39575000	      3858	800043ae	40df5833	sra	x16,x30,x13	 x30:0x00000000 x13:0x80023ce4 x16=0x00000000
       39585000	      3859	800043b2	34091e73	csrrw	x28,mscratch,x18	 x18:0x00000000 x28=0x7fffbeb4
       39595000	      3860	800043b6	011b4cb3	xor	x25,x22,x17	 x22:0x00000000 x17:0x00000000 x25=0x00000000
       39625000	      3863	800043ba	025f0b33	mul	x22,x30,x5	 x30:0x00000000  x5:0x8000415d x22=0x00000000
       39635000	      3864	800043be	4627cd93	xori	x27,x15,1122	 x15:0x0000000c x27=0x0000046e
       39665000	      3867	800043c2	03388fb3	mul	x31,x17,x19	 x17:0x00000000 x19:0x00000000 x31=0x00000000
       39705000	      3871	800043c6	031b1e33	mulh	x28,x22,x17	 x22:0x00000000 x17:0x00000000 x28=0x00000000
       39715000	      3872	800043ca	34003ef3	csrrc	x29,mscratch,x0	  x0:0x00000000 x29=0x00000000
       39725000	      3873	800043ce	01c161b3	or	x3,x2,x28	  x2:0x00000012 x28:0x00000000  x3=0x00000012
       39735000	      3874	800043d2	02767897	auipc	x17,0x2767	 x17=0x8276b3d2
       39745000	      3875	800043d6	8f01	c.sub	x14,x8	 x14:0x7fffbeb4  x8:0x00000001 x14=0x7fffbeb3
       39755000	      3876	800043d8	38fdf213	andi	x4,x27,911	 x27:0x0000046e  x4=0x0000000e
       39765000	      3877	800043dc	2587c613	xori	x12,x15,600	 x15:0x0000000c x12=0x00000254
       39775000	      3878	800043e0	ebc108b7	lui	x17,0xebc10	 x17=0xebc10000
       39785000	      3879	800043e4	0000100f	fence.i	
       39805000	      3881	800043e8	008a0833	add	x16,x20,x8	 x20:0xa4c75384  x8:0x00000001 x16=0xa4c75385
       39845000	      3885	800043ec	03d2beb3	mulhu	x29,x5,x29	  x5:0x8000415d x29:0x00000000 x29=0x00000000
       39855000	      3886	800043f0	cbb23613	sltiu	x12,x4,-837	  x4:0x0000000e x12=0x00000001
       39865000	      3887	800043f4	0080	c.addi4spn	x8,x2,64	  x8=0x00000052
       39875000	      3888	800043f6	0cde	c.slli	x25,0x17	 x25:0x00000000 x25=0x00000000
       39885000	      3889	800043f8	00881413	slli	x8,x16,0x8	 x16:0xa4c75385  x8=0xc7538500
       39895000	      3890	800043fc	086a	c.slli	x16,0x1a	 x16:0xa4c75385 x16=0x14000000
       39905000	      3891	800043fe	6a02a413	slti	x8,x5,1696	  x5:0x8000415d  x8=0x00000001
       39915000	      3892	80004402	00591fb3	sll	x31,x18,x5	 x18:0x00000000  x5:0x8000415d x31=0x00000000
       39925000	      3893	80004406	011949b3	xor	x19,x18,x17	 x18:0x00000000 x17:0xebc10000 x19=0xebc10000
       39935000	      3894	8000440a	8659	c.srai	x12,0x16	 x12:0x00000001 x12=0x00000000
       39945000	      3895	8000440c	02289963	bne	x17,x2,8000443e	 x17:0xebc10000  x2:0x00000012
       39975000	      3898	8000443e	00fc4933	xor	x18,x24,x15	 x24:0x582a638c x15:0x0000000c x18=0x582a6380
       39985000	      3899	80004442	016ca633	slt	x12,x25,x22	 x25:0x00000000 x22:0x00000000 x12=0x00000000
       39995000	      3900	80004446	84a1	c.srai	x9,0x8	  x9:0x00000022  x9=0x00000000
       40005000	      3901	80004448	01050363	beq	x10,x16,8000444e	 x10:0x00000000 x16:0x14000000
       40015000	      3902	8000444c	0001	c.addi	x0,0	  x0:0x00000000  x0=0x00000000
       40025000	      3903	8000444e	0000100f	fence.i	
       40045000	      3905	80004452	0001	c.addi	x0,0	  x0:0x00000000  x0=0x00000000
       40055000	      3906	80004454	34086273	csrrsi	x4,mscratch,16	  x4=0x00000000
       40065000	      3907	80004458	00aedc13	srli	x24,x29,0xa	 x29:0x00000000 x24=0x00000000
       40075000	      3908	8000445c	0ff0000f	fence	iorw,iorw	
       40085000	      3909	80004460	9e7f7c93	andi	x25,x30,-1561	 x30:0x00000000 x25=0x00000000
       40125000	      3913	80004464	039639b3	mulhu	x19,x12,x25	 x12:0x00000000 x25:0x00000000 x19=0x00000000
       40135000	      3914	80004468	0000100f	fence.i	
       40155000	      3916	8000446c	0ff0000f	fence	iorw,iorw	
       40165000	      3917	80004470	4006d613	srai	x12,x13,0x0	 x13:0x80023ce4 x12=0x80023ce4
       40175000	      3918	80004474	0db9	c.addi	x27,14	 x27:0x0000046e x27=0x0000047c
       40185000	      3919	80004476	8e79	c.and	x12,x14	 x12:0x80023ce4 x14:0x7fffbeb3 x12=0x00023ca0
       40195000	      3920	80004478	01f89e93	slli	x29,x17,0x1f	 x17:0xebc10000 x29=0x00000000
       40205000	      3921	8000447c	41495a93	srai	x21,x18,0x14	 x18:0x582a6380 x21=0x00000582
       40215000	      3922	80004480	0001	c.addi	x0,0	  x0:0x00000000  x0=0x00000000
       40225000	      3923	80004482	00f7ebb3	or	x23,x15,x15	 x15:0x0000000c x15:0x0000000c x23=0x0000000c
       40235000	      3924	80004486	8f11	c.sub	x14,x12	 x14:0x7fffbeb3 x12:0x00023ca0 x14=0x7ffd8213
       40245000	      3925	80004488	41f2b013	sltiu	x0,x5,1055	  x5:0x8000415d  x0=0x00000000
       40255000	      3926	8000448c	340dabf3	csrrs	x23,mscratch,x27	 x27:0x0000047c x23=0x00000010
       40265000	      3927	80004490	00e45463	bge	x8,x14,80004498	  x8:0x00000001 x14:0x7ffd8213
       40275000	      3928	80004494	37eea293	slti	x5,x29,894	 x29:0x00000000  x5=0x00000001
       40285000	      3929	80004498	c815	c.beqz	x8,800044cc	  x8:0x00000001
       40295000	      3930	8000449a	03386f63	bltu	x16,x19,800044d8	 x16:0x14000000 x19:0x00000000
       40305000	      3931	8000449e	8c45	c.or	x8,x9	  x8:0x00000001  x9:0x00000000  x8=0x00000001
       40315000	      3932	800044a0	9abe	c.add	x21,x15	 x21:0x00000582 x15:0x0000000c x21=0x0000058e
       40325000	      3933	800044a2	0ff0000f	fence	iorw,iorw	
       40335000	      3934	800044a6	00004997	auipc	x19,0x4	 x19=0x800084a6
       40345000	      3935	800044aa	cac98993	addi	x19,x19,-852	 x19:0x800084a6 x19=0x80008152
       40355000	      3936	800044ae	0ff0000f	fence	iorw,iorw	
       40365000	      3937	800044b2	53bfe813	ori	x16,x31,1339	 x31:0x00000000 x16=0x0000053b
       40375000	      3938	800044b6	2de98993	addi	x19,x19,734	 x19:0x80008152 x19=0x80008430
       40385000	      3939	800044ba	0187c763	blt	x15,x24,800044c8	 x15:0x0000000c x24:0x00000000
       40395000	      3940	800044be	0141acb3	slt	x25,x3,x20	  x3:0x00000012 x20:0xa4c75384 x25=0x00000000
       40405000	      3941	800044c2	8a65	c.andi	x12,25	 x12:0x00023ca0 x12=0x00000000
       40415000	      3942	800044c4	00d8ecb3	or	x25,x17,x13	 x17:0xebc10000 x13:0x80023ce4 x25=0xebc33ce4
       40425000	      3943	800044c8	d22981e7	jalr	x3,-734(x19)	 x19:0x80008430  x3=0x800044cc
       40455000	      3946	80008152	fd058593	addi	x11,x11,-48	 x11:0x8001fe64 x11=0x8001fe34
       40465000	      3947	80008156	8fdd	c.or	x15,x15	 x15:0x0000000c x15:0x0000000c x15=0x0000000c
       40475000	      3948	80008158	9412	c.add	x8,x4	  x8:0x00000001  x4:0x00000000  x8=0x00000001
       40485000	      3949	8000815a	019b0033	add	x0,x22,x25	 x22:0x00000000 x25:0xebc33ce4  x0=0x00000000
       40495000	      3950	8000815e	0035a223	sw	x3,4(x11)	 x11:0x8001fe34  x3:0x800044cc PA:0x8001fe38 store:0x800044cc load:0x00000000
       40515000	      3952	80008162	0363cab3	div	x21,x7,x22	  x7:0x00000000 x22:0x00000000 x21=0xffffffff
       40525000	      3953	80008166	028001ef	jal	x3,8000818e	  x3=0x8000816a
       40545000	      3955	8000818e	37fd	c.jal	8000817c	  x1=0x80008190
       40565000	      3957	8000817c	2009	c.jal	8000817e	  x1=0x8000817e
       40585000	      3959	8000817e	2029	c.jal	80008188	  x1=0x80008180
       40605000	      3961	80008188	ffdff0ef	jal	x1,80008184	  x1=0x8000818c
       40625000	      3963	80008184	a811	c.j	80008198	
       40645000	      3965	80008198	bff9	c.j	80008176	
       40665000	      3967	80008176	a029	c.j	80008180	
       40685000	      3969	80008180	016000ef	jal	x1,80008196	  x1=0x80008184
       40705000	      3971	80008196	b7cd	c.j	80008178	
       40725000	      3973	80008178	200d	c.jal	8000819a	  x1=0x8000817a
       40745000	      3975	8000819a	bfd9	c.j	80008170	
       40765000	      3977	80008170	a005	c.j	80008190	
       40785000	      3979	80008190	fe3ff7ef	jal	x15,80008172	 x15=0x80008194
       40805000	      3981	80008172	200d	c.jal	80008194	  x1=0x80008174
       40825000	      3983	80008194	b7c5	c.j	80008174	
       40845000	      3985	80008174	bfdd	c.j	8000816a	
       40875000	      3988	8000816a	032002ef	jal	x5,8000819c	  x5=0x8000816e
       40895000	      3990	8000819c	fdfff0ef	jal	x1,8000817a	  x1=0x800081a0
       40915000	      3992	8000817a	2031	c.jal	80008186	  x1=0x8000817c
       40935000	      3994	80008186	a831	c.j	800081a2	
       40955000	      3996	800081a2	37ed	c.jal	8000818c	  x1=0x800081a4
       40975000	      3998	8000818c	2811	c.jal	800081a0	  x1=0x8000818e
       40995000	      4000	800081a0	37f9	c.jal	8000816e	  x1=0x800081a2
       41015000	      4002	8000816e	281d	c.jal	800081a4	  x1=0x80008170
       41035000	      4004	800081a4	34003cf3	csrrc	x25,mscratch,x0	  x0:0x00000000 x25=0x0000047c
       41045000	      4005	800081a8	00db6c33	or	x24,x22,x13	 x22:0x00000000 x13:0x80023ce4 x24=0x80023ce4
       41055000	      4006	800081ac	01a29c63	bne	x5,x26,800081c4	  x5:0x8000816e x26:0x80003fd8
       41075000	      4008	800081c4	0001	c.addi	x0,0	  x0:0x00000000  x0=0x00000000
       41085000	      4009	800081c6	4821	c.li	x16,8	 x16=0x00000008
       41095000	      4010	800081c8	04e4eb63	bltu	x9,x14,8000821e	  x9:0x00000000 x14:0x7ffd8213
       41115000	      4012	8000821e	8d59	c.or	x10,x14	 x10:0x00000000 x14:0x7ffd8213 x10=0x7ffd8213
       41125000	      4013	80008220	0001	c.addi	x0,0	  x0:0x00000000  x0=0x00000000
       41135000	      4014	80008222	41725cb3	sra	x25,x4,x23	  x4:0x00000000 x23:0x00000010 x25=0x00000000
       41145000	      4015	80008226	34007cf3	csrrci	x25,mscratch,0	 x25=0x0000047c
       41155000	      4016	8000822a	0090d7b3	srl	x15,x1,x9	  x1:0x80008170  x9:0x00000000 x15=0x80008170
       41165000	      4017	8000822e	e70d	c.bnez	x14,80008258	 x14:0x7ffd8213
       41185000	      4019	80008258	340e5df3	csrrwi	x27,mscratch,28	 x27=0x0000047c
       41195000	      4020	8000825c	01f6e363	bltu	x13,x31,80008262	 x13:0x80023ce4 x31:0x00000000
       41205000	      4021	80008260	8cbd	c.xor	x9,x15	  x9:0x00000000 x15:0x80008170  x9=0x80008170
       41215000	      4022	80008262	67c84193	xori	x3,x16,1660	 x16:0x00000008  x3=0x00000674
       41225000	      4023	80008266	0229f063	bgeu	x19,x2,80008286	 x19:0x80008430  x2:0x00000012
       41255000	      4026	80008286	34036473	csrrsi	x8,mscratch,6	  x8=0x0000001c
       41275000	      4028	8000828a	0242d433	divu	x8,x5,x4	  x5:0x8000816e  x4:0x00000000  x8=0xffffffff
       41315000	      4032	8000828e	03c52133	mulhsu	x2,x10,x28	 x10:0x7ffd8213 x28:0x00000000  x2=0x00000000
       41325000	      4033	80008292	8e29	c.xor	x12,x10	 x12:0x00000000 x10:0x7ffd8213 x12=0x7ffd8213
       41335000	      4034	80008294	8c89	c.sub	x9,x10	  x9:0x80008170 x10:0x7ffd8213  x9=0x0002ff5d
       41345000	      4035	80008296	00018a17	auipc	x20,0x18	 x20=0x80020296
       41355000	      4036	8000829a	9c203a93	sltiu	x21,x0,-1598	  x0:0x00000000 x21=0x00000001
       41365000	      4037	8000829e	34055df3	csrrwi	x27,mscratch,10	 x27=0x0000001e
       41375000	      4038	800082a2	89f71097	auipc	x1,0x89f71	  x1=0x09f792a2
       41385000	      4039	800082a6	02d1c163	blt	x3,x13,800082c8	  x3:0x00000674 x13:0x80023ce4
       41395000	      4040	800082aa	00aa4ab3	xor	x21,x20,x10	 x20:0x80020296 x10:0x7ffd8213 x21=0xffff8085
       41405000	      4041	800082ae	010e7a33	and	x20,x28,x16	 x28:0x00000000 x16:0x00000008 x20=0x00000000
       41415000	      4042	800082b2	00055d63	bge	x10,x0,800082cc	 x10:0x7ffd8213  x0:0x00000000
       41435000	      4044	800082cc	41a45733	sra	x14,x8,x26	  x8:0xffffffff x26:0x80003fd8 x14=0xffffffff
       41445000	      4045	800082d0	40125493	srai	x9,x4,0x1	  x4:0x00000000  x9=0x00000000
       41455000	      4046	800082d4	41a482b3	sub	x5,x9,x26	  x9:0x00000000 x26:0x80003fd8  x5=0x7fffc028
       41465000	      4047	800082d8	0045a183	lw	x3,4(x11)	 x11:0x8001fe34  x3=0x800044cc PA:0x8001fe38 load:0x800044cc
       41475000	      4048	800082dc	0000100f	fence.i	
       41495000	      4050	800082e0	4f9f6e13	ori	x28,x30,1273	 x30:0x00000000 x28=0x000004f9
       41505000	      4051	800082e4	40155713	srai	x14,x10,0x1	 x10:0x7ffd8213 x14=0x3ffec109
       41515000	      4052	800082e8	03058593	addi	x11,x11,48	 x11:0x8001fe34 x11=0x8001fe64
       41525000	      4053	800082ec	41f40f33	sub	x30,x8,x31	  x8:0xffffffff x31:0x00000000 x30=0xffffffff
       41535000	      4054	800082f0	340278f3	csrrci	x17,mscratch,4	 x17=0x0000000a
       41545000	      4055	800082f4	340234f3	csrrc	x9,mscratch,x4	  x4:0x00000000  x9=0x0000000a
       41555000	      4056	800082f8	00118d13	addi	x26,x3,1	  x3:0x800044cc x26=0x800044cd
       41565000	      4057	800082fc	8d02	c.jr	x26	 x26:0x800044cd
       41585000	      4059	800044cc	0712	c.slli	x14,0x4	 x14:0x3ffec109 x14=0xffec1090
       41595000	      4060	800044ce	8f81	c.sub	x15,x8	 x15:0x80008170  x8:0xffffffff x15=0x80008171
       41605000	      4061	800044d0	414c5493	srai	x9,x24,0x14	 x24:0x80023ce4  x9=0xfffff800
       41615000	      4062	800044d4	00877d63	bgeu	x14,x8,800044ee	 x14:0xffec1090  x8:0xffffffff
       41625000	      4063	800044d8	00110633	add	x12,x2,x1	  x2:0x00000000  x1:0x09f792a2 x12=0x09f792a2
       41655000	      4066	800044dc	02f007b3	mul	x15,x0,x15	  x0:0x00000000 x15:0x80008171 x15=0x00000000
       41665000	      4067	800044e0	27a1a713	slti	x14,x3,634	  x3:0x800044cc x14=0x00000001
       41675000	      4068	800044e4	fee38d13	addi	x26,x7,-18	  x7:0x00000000 x26=0xffffffee
       41685000	      4069	800044e8	ce1d	c.beqz	x12,80004526	 x12:0x09f792a2
       41695000	      4070	800044ea	327dd817	auipc	x16,0x327dd	 x16=0xb27e14ea
       41705000	      4071	800044ee	97a93c93	sltiu	x25,x18,-1670	 x18:0x582a6380 x25=0x00000001
       41715000	      4072	800044f2	0001	c.addi	x0,0	  x0:0x00000000  x0=0x00000000
       41725000	      4073	800044f4	3403d7f3	csrrwi	x15,mscratch,7	 x15=0x0000000a
       41735000	      4074	800044f8	825d	c.srli	x12,0x17	 x12:0x09f792a2 x12=0x00000013
       41745000	      4075	800044fa	0001	c.addi	x0,0	  x0:0x00000000  x0=0x00000000
       42115000	      4112	800044fc	0323ceb3	div	x29,x7,x18	  x7:0x00000000 x18:0x582a6380 x29=0x00000000
       42125000	      4113	80004500	8095	c.srli	x9,0x5	  x9:0xfffff800  x9=0x07ffffc0
       42135000	      4114	80004502	8d55	c.or	x10,x13	 x10:0x7ffd8213 x13:0x80023ce4 x10=0xffffbef7
       42145000	      4115	80004504	055a6263	bltu	x20,x21,80004548	 x20:0x00000000 x21:0xffff8085
       42165000	      4117	80004548	d6574d93	xori	x27,x14,-667	 x14:0x00000001 x27=0xfffffd64
       42535000	      4154	8000454c	02b7cb33	div	x22,x15,x11	 x15:0x0000000a x11:0x8001fe64 x22=0x00000000
       42545000	      4155	80004550	0190dd93	srli	x27,x1,0x19	  x1:0x09f792a2 x27=0x00000004
       42555000	      4156	80004554	0c35	c.addi	x24,13	 x24:0x80023ce4 x24=0x80023cf1
       42565000	      4157	80004556	405e09b3	sub	x19,x28,x5	 x28:0x000004f9  x5:0x7fffc028 x19=0x800044d1
       42575000	      4158	8000455a	340894f3	csrrw	x9,mscratch,x17	 x17:0x0000000a  x9=0x00000007
       42585000	      4159	8000455e	0ff0000f	fence	iorw,iorw	
       42625000	      4163	80004562	02cda133	mulhsu	x2,x27,x12	 x27:0x00000004 x12:0x00000013  x2=0x00000000
       42635000	      4164	80004566	a1ebc413	xori	x8,x23,-1506	 x23:0x00000010  x8=0xfffffa0e
       42645000	      4165	8000456a	6da1	c.lui	x27,0x8	 x27=0x00008000
       42655000	      4166	8000456c	8641	c.srai	x12,0x10	 x12:0x00000013 x12=0x00000000
       42665000	      4167	8000456e	992e	c.add	x18,x11	 x18:0x582a6380 x11:0x8001fe64 x18=0xd82c61e4
       42675000	      4168	80004570	340d1773	csrrw	x14,mscratch,x26	 x26:0xffffffee x14=0x0000000a
       42685000	      4169	80004574	01787833	and	x16,x16,x23	 x16:0xb27e14ea x23:0x00000010 x16=0x00000000
       42695000	      4170	80004578	01885d93	srli	x27,x16,0x18	 x16:0x00000000 x27=0x00000000
       42705000	      4171	8000457c	845d	c.srai	x8,0x17	  x8:0xfffffa0e  x8=0xffffffff
       42715000	      4172	8000457e	3404d373	csrrwi	x6,mscratch,9	  x6=0xffffffee
       42725000	      4173	80004582	404088b3	sub	x17,x1,x4	  x1:0x09f792a2  x4:0x00000000 x17=0x09f792a2
       42735000	      4174	80004586	009bdb63	bge	x23,x9,8000459c	 x23:0x00000010  x9:0x00000007
       42765000	      4177	8000459c	02787bb3	remu	x23,x16,x7	 x16:0x00000000  x7:0x00000000 x23=0x00000000
       42775000	      4178	800045a0	0000100f	fence.i	
       42795000	      4180	800045a4	405c8d33	sub	x26,x25,x5	 x25:0x00000001  x5:0x7fffc028 x26=0x80003fd9
       42805000	      4181	800045a8	01337a63	bgeu	x6,x19,800045bc	  x6:0xffffffee x19:0x800044d1
       42825000	      4183	800045bc	8275	c.srli	x12,0x1d	 x12:0x00000000 x12=0x00000000
       42865000	      4187	800045be	02cca4b3	mulhsu	x9,x25,x12	 x25:0x00000001 x12:0x00000000  x9=0x00000000
       42875000	      4188	800045c2	167d	c.addi	x12,-1	 x12:0x00000000 x12=0xffffffff
       42885000	      4189	800045c4	00107ab3	and	x21,x0,x1	  x0:0x00000000  x1:0x09f792a2 x21=0x00000000
       42895000	      4190	800045c8	340f3173	csrrc	x2,mscratch,x30	 x30:0xffffffff  x2=0x00000009
       42925000	      4193	800045cc	037c8833	mul	x16,x25,x23	 x25:0x00000001 x23:0x00000000 x16=0x00000000
       42935000	      4194	800045d0	3402f073	csrrci	x0,mscratch,5	  x0=0x00000000
       42945000	      4195	800045d4	340adff3	csrrwi	x31,mscratch,21	 x31=0x00000000
       42955000	      4196	800045d8	41e9dc13	srai	x24,x19,0x1e	 x19:0x800044d1 x24=0xfffffffe
       42965000	      4197	800045dc	01a16e33	or	x28,x2,x26	  x2:0x00000009 x26:0x80003fd9 x28=0x80003fd9
       42975000	      4198	800045e0	3409d873	csrrwi	x16,mscratch,19	 x16=0x00000015
       42985000	      4199	800045e4	00589fb3	sll	x31,x17,x5	 x17:0x09f792a2  x5:0x7fffc028 x31=0xf792a200
       42995000	      4200	800045e8	8889	c.andi	x9,2	  x9:0x00000000  x9=0x00000000
       43005000	      4201	800045ea	0215fe37	lui	x28,0x215f	 x28=0x0215f000
       43015000	      4202	800045ee	01891b63	bne	x18,x24,80004604	 x18:0xd82c61e4 x24:0xfffffffe
       43035000	      4204	80004604	98fd	c.andi	x9,-1	  x9:0x00000000  x9=0x00000000
       43045000	      4205	80004606	45335a37	lui	x20,0x45335	 x20=0x45335000
       43055000	      4206	8000460a	885e	c.mv	x16,x23	  x0:0x00000000 x23:0x00000000 x16=0x00000000
       43065000	      4207	8000460c	41945c93	srai	x25,x8,0x19	  x8:0xffffffff x25=0xffffffff
       43075000	      4208	80004610	0001	c.addi	x0,0	  x0:0x00000000  x0=0x00000000
       43085000	      4209	80004612	0065f963	bgeu	x11,x6,80004624	 x11:0x8001fe64  x6:0xffffffee
       43095000	      4210	80004616	00654033	xor	x0,x10,x6	 x10:0xffffbef7  x6:0xffffffee  x0=0x00000000
       43105000	      4211	8000461a	09976363	bltu	x14,x25,800046a0	 x14:0x0000000a x25:0xffffffff
       43125000	      4213	800046a0	0001	c.addi	x0,0	  x0:0x00000000  x0=0x00000000
       43135000	      4214	800046a2	34049e73	csrrw	x28,mscratch,x9	  x9:0x00000000 x28=0x00000013
       43145000	      4215	800046a6	05a77c13	andi	x24,x14,90	 x14:0x0000000a x24=0x0000000a
       43155000	      4216	800046aa	0122	c.slli	x2,0x8	  x2:0x00000009  x2=0x00000900
       43165000	      4217	800046ac	01761a63	bne	x12,x23,800046c0	 x12:0xffffffff x23:0x00000000
       43185000	      4219	800046c0	00321c63	bne	x4,x3,800046d8	  x4:0x00000000  x3:0x800044cc
       43565000	      4257	800046d8	0255d633	divu	x12,x11,x5	 x11:0x8001fe64  x5:0x7fffc028 x12=0x00000001
       43575000	      4258	800046dc	c205	c.beqz	x12,800046fc	 x12:0x00000001
       43585000	      4259	800046de	5a7d	c.li	x20,-1	 x20=0xffffffff
       43625000	      4263	800046e0	02c7bc33	mulhu	x24,x15,x12	 x15:0x0000000a x12:0x00000001 x24=0x00000000
       43635000	      4264	800046e4	808d	c.srli	x9,0x3	  x9:0x00000000  x9=0x00000000
       43645000	      4265	800046e6	8c71	c.and	x8,x12	  x8:0xffffffff x12:0x00000001  x8=0x00000001
       43655000	      4266	800046e8	813d	c.srli	x10,0xf	 x10:0xffffbef7 x10=0x0001ffff
       43665000	      4267	800046ea	000e4933	xor	x18,x28,x0	 x28:0x00000013  x0:0x00000000 x18=0x00000013
       43675000	      4268	800046ee	34007473	csrrci	x8,mscratch,0	  x8=0x00000000
       43685000	      4269	800046f2	0001	c.addi	x0,0	  x0:0x00000000  x0=0x00000000
       43695000	      4270	800046f4	03849263	bne	x9,x24,80004718	  x9:0x00000000 x24:0x00000000
       43705000	      4271	800046f8	003bb733	sltu	x14,x23,x3	 x23:0x00000000  x3:0x800044cc x14=0x00000001
       44075000	      4308	800046fc	0310f8b3	remu	x17,x1,x17	  x1:0x09f792a2 x17:0x09f792a2 x17=0x00000000
       44085000	      4309	80004700	340ed4f3	csrrwi	x9,mscratch,29	  x9=0x00000000
       44095000	      4310	80004704	0ff2	c.slli	x31,0x1c	 x31:0xf792a200 x31=0x00000000
       44105000	      4311	80004706	029e4a63	blt	x28,x9,8000473a	 x28:0x00000013  x9:0x00000000
       44115000	      4312	8000470a	01ce4363	blt	x28,x28,80004710	 x28:0x00000013 x28:0x00000013
       44125000	      4313	8000470e	8c45	c.or	x8,x9	  x8:0x00000000  x9:0x00000000  x8=0x00000000
       44135000	      4314	80004710	041af563	bgeu	x21,x1,8000475a	 x21:0x00000000  x1:0x09f792a2
       44145000	      4315	80004714	40190eb3	sub	x29,x18,x1	 x18:0x00000013  x1:0x09f792a2 x29=0xf6086d71
       44155000	      4316	80004718	fc00c893	xori	x17,x1,-64	  x1:0x09f792a2 x17=0xf6086d62
       44165000	      4317	8000471c	0118ff33	and	x30,x17,x17	 x17:0xf6086d62 x17:0xf6086d62 x30=0xf6086d62
       44175000	      4318	80004720	01309a13	slli	x20,x1,0x13	  x1:0x09f792a2 x20=0x95100000
       44185000	      4319	80004724	81f56313	ori	x6,x10,-2017	 x10:0x0001ffff  x6=0xffffffff
       44195000	      4320	80004728	1148a893	slti	x17,x17,276	 x17:0xf6086d62 x17=0x00000001
       44205000	      4321	8000472c	02054b63	blt	x10,x0,80004762	 x10:0x0001ffff  x0:0x00000000
       44215000	      4322	80004730	026bd763	bge	x23,x6,8000475e	 x23:0x00000000  x6:0xffffffff
       44245000	      4325	8000475e	01801033	sll	x0,x0,x24	  x0:0x00000000 x24:0x00000000  x0=0x00000000
       44255000	      4326	80004762	00845863	bge	x8,x8,80004772	  x8:0x00000000  x8:0x00000000
       44285000	      4329	80004772	012c60b3	or	x1,x24,x18	 x24:0x00000000 x18:0x00000013  x1=0x00000013
       44315000	      4332	80004776	020f0f33	mul	x30,x30,x0	 x30:0xf6086d62  x0:0x00000000 x30=0x00000000
       44325000	      4333	8000477a	6269	c.lui	x4,0x1a	  x4=0x0001a000
       44335000	      4334	8000477c	6ae4f437	lui	x8,0x6ae4f	  x8=0x6ae4f000
       44345000	      4335	80004780	1684	c.addi4spn	x9,x2,864	  x9=0x00000c60
       44355000	      4336	80004782	8c2d	c.xor	x8,x11	  x8:0x6ae4f000 x11:0x8001fe64  x8=0xeae50e64
       44365000	      4337	80004784	8e72	c.mv	x28,x28	  x0:0x00000000 x28:0x00000013 x28=0x00000013
       44405000	      4341	80004786	0215a9b3	mulhsu	x19,x11,x1	 x11:0x8001fe64  x1:0x00000013 x19=0xfffffff6
       44415000	      4342	8000478a	c709	c.beqz	x14,80004794	 x14:0x00000001
       44425000	      4343	8000478c	718c6c93	ori	x25,x24,1816	 x24:0x00000000 x25=0x00000718
       44465000	      4347	80004790	027a24b3	mulhsu	x9,x20,x7	 x20:0x95100000  x7:0x00000000  x9=0x00000000
       44835000	      4384	80004794	02886cb3	rem	x25,x16,x8	 x16:0x00000000  x8:0xeae50e64 x25=0x00000000
       44845000	      4385	80004798	8d09	c.sub	x10,x10	 x10:0x0001ffff x10:0x0001ffff x10=0x00000000
       44855000	      4386	8000479a	014c1613	slli	x12,x24,0x14	 x24:0x00000000 x12=0x00000000
       44865000	      4387	8000479e	01e87533	and	x10,x16,x30	 x16:0x00000000 x30:0x00000000 x10=0x00000000
       44875000	      4388	800047a2	8455	c.srai	x8,0x15	  x8:0xeae50e64  x8=0xffffff57
       44915000	      4392	800047a4	03b537b3	mulhu	x15,x10,x27	 x10:0x00000000 x27:0x00000000 x15=0x00000000
       44925000	      4393	800047a8	0ff0000f	fence	iorw,iorw	
       44935000	      4394	800047ac	0ff0000f	fence	iorw,iorw	
       44945000	      4395	800047b0	0001	c.addi	x0,0	  x0:0x00000000  x0=0x00000000
       44955000	      4396	800047b2	fbbfb793	sltiu	x15,x31,-69	 x31:0x00000000 x15=0x00000001
       44965000	      4397	800047b6	001ba033	slt	x0,x23,x1	 x23:0x00000000  x1:0x00000013  x0=0x00000000
       44975000	      4398	800047ba	517d	c.li	x2,-1	  x2=0xffffffff
       45015000	      4402	800047bc	02603e33	mulhu	x28,x0,x6	  x0:0x00000000  x6:0xffffffff x28=0x00000000
       45025000	      4403	800047c0	4057d8b3	sra	x17,x15,x5	 x15:0x00000001  x5:0x7fffc028 x17=0x00000000
       45035000	      4404	800047c4	42f9	c.li	x5,30	  x5=0x0000001e
       45045000	      4405	800047c6	0ff0000f	fence	iorw,iorw	
       45055000	      4406	800047ca	c61eb293	sltiu	x5,x29,-927	 x29:0xf6086d71  x5=0x00000001
       45065000	      4407	800047ce	0001	c.addi	x0,0	  x0:0x00000000  x0=0x00000000
       45075000	      4408	800047d0	8e25	c.xor	x12,x9	 x12:0x00000000  x9:0x00000000 x12=0x00000000
       45085000	      4409	800047d2	8cc9	c.or	x9,x10	  x9:0x00000000 x10:0x00000000  x9=0x00000000
       45095000	      4410	800047d4	44344f13	xori	x30,x8,1091	  x8:0xffffff57 x30=0xfffffb14
       45105000	      4411	800047d8	87f5	c.srai	x15,0x1d	 x15:0x00000001 x15=0x00000000
       45115000	      4412	800047da	97ae7c93	andi	x25,x28,-1670	 x28:0x00000000 x25=0x00000000
       45125000	      4413	800047de	c115	c.beqz	x10,80004802	 x10:0x00000000
       45145000	      4415	80004802	8f19	c.sub	x14,x14	 x14:0x00000001 x14:0x00000001 x14=0x00000000
       45155000	      4416	80004804	84bd	c.srai	x9,0xf	  x9:0x00000000  x9=0x00000000
       45165000	      4417	80004806	0061d313	srli	x6,x3,0x6	  x3:0x800044cc  x6=0x02000113
       45175000	      4418	8000480a	40ab59b3	sra	x19,x22,x10	 x22:0x00000000 x10:0x00000000 x19=0x00000000
       45185000	      4419	8000480e	ac0fcb13	xori	x22,x31,-1344	 x31:0x00000000 x22=0xfffffac0
       45205000	      4421	80004812	02cddcb3	divu	x25,x27,x12	 x27:0x00000000 x12:0x00000000 x25=0xffffffff
       45215000	      4422	80004816	0072f033	and	x0,x5,x7	  x5:0x00000001  x7:0x00000000  x0=0x00000000
       45225000	      4423	8000481a	82df2a93	slti	x21,x30,-2003	 x30:0xfffffb14 x21=0x00000000
       45265000	      4427	8000481e	036aa0b3	mulhsu	x1,x21,x22	 x21:0x00000000 x22:0xfffffac0  x1=0x00000000
       45275000	      4428	80004822	2c7aa513	slti	x10,x21,711	 x21:0x00000000 x10=0x00000001
       45285000	      4429	80004826	00345bb3	srl	x23,x8,x3	  x8:0xffffff57  x3:0x800044cc x23=0x000fffff
       45295000	      4430	8000482a	1f9c	c.addi4spn	x15,x2,1008	 x15=0x000003ef
       45305000	      4431	8000482c	0125c963	blt	x11,x18,8000483e	 x11:0x8001fe64 x18:0x00000013
       45325000	      4433	8000483e	8b41	c.andi	x14,16	 x14:0x00000000 x14=0x00000000
       45335000	      4434	80004840	34002873	csrrs	x16,mscratch,x0	  x0:0x00000000 x16=0x0000001d
       45345000	      4435	80004844	415289b3	sub	x19,x5,x21	  x5:0x00000001 x21:0x00000000 x19=0x00000001
       45355000	      4436	80004848	000adf33	srl	x30,x21,x0	 x21:0x00000000  x0:0x00000000 x30=0x00000000
       45365000	      4437	8000484c	57fd	c.li	x15,-1	 x15=0xffffffff
       45375000	      4438	8000484e	0179fc63	bgeu	x19,x23,80004866	 x19:0x00000001 x23:0x000fffff
       45385000	      4439	80004852	01fb6f33	or	x30,x22,x31	 x22:0xfffffac0 x31:0x00000000 x30=0xfffffac0
       45395000	      4440	80004856	41d6dd93	srai	x27,x13,0x1d	 x13:0x80023ce4 x27=0xfffffffc
       45405000	      4441	8000485a	403e51b3	sra	x3,x28,x3	 x28:0x00000000  x3:0x800044cc  x3=0x00000000
       45415000	      4442	8000485e	01297763	bgeu	x18,x18,8000486c	 x18:0x00000013 x18:0x00000013
       45435000	      4444	8000486c	03f97c13	andi	x24,x18,63	 x18:0x00000013 x24=0x00000013
       45445000	      4445	80004870	340c1173	csrrw	x2,mscratch,x24	 x24:0x00000013  x2=0x0000001d
       45455000	      4446	80004874	40b40333	sub	x6,x8,x11	  x8:0xffffff57 x11:0x8001fe64  x6=0x7ffe00f3
       45825000	      4483	80004878	03b4f8b3	remu	x17,x9,x27	  x9:0x00000000 x27:0xfffffffc x17=0x00000000
       45855000	      4486	8000487c	038a0733	mul	x14,x20,x24	 x20:0x95100000 x24:0x00000013 x14=0x10300000
       45865000	      4487	80004880	01e4deb3	srl	x29,x9,x30	  x9:0x00000000 x30:0xfffffac0 x29=0x00000000
       45875000	      4488	80004884	03de7b13	andi	x22,x28,61	 x28:0x00000000 x22=0x00000000
       45885000	      4489	80004888	34007273	csrrci	x4,mscratch,0	  x4=0x00000013
       45895000	      4490	8000488c	4111	c.li	x2,4	  x2=0x00000004
       45905000	      4491	8000488e	83f5	c.srli	x15,0x1d	 x15:0xffffffff x15=0x00000007
       45925000	      4493	80004890	02cac4b3	div	x9,x21,x12	 x21:0x00000000 x12:0x00000000  x9=0xffffffff
       45965000	      4497	80004894	028e9333	mulh	x6,x29,x8	 x29:0x00000000  x8:0xffffff57  x6=0x00000000
       45975000	      4498	80004898	001e1f13	slli	x30,x28,0x1	 x28:0x00000000 x30=0x00000000
       45985000	      4499	8000489c	8ab8a913	slti	x18,x17,-1877	 x17:0x00000000 x18=0x00000000
       46025000	      4503	800048a0	0268b0b3	mulhu	x1,x17,x6	 x17:0x00000000  x6:0x00000000  x1=0x00000000
       46035000	      4504	800048a4	cf89	c.beqz	x15,800048be	 x15:0x00000007
       46045000	      4505	800048a6	89a6	c.mv	x19,x9	  x0:0x00000000  x9:0xffffffff x19=0xffffffff
       46055000	      4506	800048a8	abf64513	xori	x10,x12,-1345	 x12:0x00000000 x10=0xfffffabf
       46065000	      4507	800048ac	8fcd	c.or	x15,x11	 x15:0x00000007 x11:0x8001fe64 x15=0x8001fe67
       46075000	      4508	800048ae	20490213	addi	x4,x18,516	 x18:0x00000000  x4=0x00000204
       46085000	      4509	800048b2	8e6d	c.and	x12,x11	 x12:0x00000000 x11:0x8001fe64 x12=0x00000000
       46095000	      4510	800048b4	34003bf3	csrrc	x23,mscratch,x0	  x0:0x00000000 x23=0x00000013
       46105000	      4511	800048b8	8f21	c.xor	x14,x8	 x14:0x10300000  x8:0xffffff57 x14=0xefcfff57
       46115000	      4512	800048ba	01e784b3	add	x9,x15,x30	 x15:0x8001fe67 x30:0x00000000  x9=0x8001fe67
       46125000	      4513	800048be	02fed363	bge	x29,x15,800048e4	 x29:0x00000000 x15:0x8001fe67
       46145000	      4515	800048e4	34019973	csrrw	x18,mscratch,x3	  x3:0x00000000 x18=0x00000013
       46155000	      4516	800048e8	0ff0000f	fence	iorw,iorw	
       46175000	      4518	800048ec	0319d0b3	divu	x1,x19,x17	 x19:0xffffffff x17:0x00000000  x1=0xffffffff
       46185000	      4519	800048f0	015a9d33	sll	x26,x21,x21	 x21:0x00000000 x21:0x00000000 x26=0x00000000
       46225000	      4523	800048f4	02742f33	mulhsu	x30,x8,x7	  x8:0xffffff57  x7:0x00000000 x30=0x00000000
       46235000	      4524	800048f8	de059eb7	lui	x29,0xde059	 x29=0xde059000
       46245000	      4525	800048fc	41a18eb3	sub	x29,x3,x26	  x3:0x00000000 x26:0x00000000 x29=0x00000000
       46255000	      4526	80004900	3404d173	csrrwi	x2,mscratch,9	  x2=0x00000000
       46625000	      4563	80004904	02ede0b3	rem	x1,x27,x14	 x27:0xfffffffc x14:0xefcfff57  x1=0xfffffffc
       46635000	      4564	80004908	1c7d	c.addi	x24,-1	 x24:0x00000013 x24=0x00000012
       46645000	      4565	8000490a	8565	c.srai	x10,0x19	 x10:0xfffffabf x10=0xffffffff
       47015000	      4602	8000490c	021974b3	remu	x9,x18,x1	 x18:0x00000013  x1:0xfffffffc  x9=0x00000013
       47025000	      4603	80004910	4905	c.li	x18,1	 x18=0x00000001
       47035000	      4604	80004912	039c	c.addi4spn	x15,x2,448	 x15=0x000001c0
       47045000	      4605	80004914	d85de113	ori	x2,x27,-635	 x27:0xfffffffc  x2=0xfffffffd
       47415000	      4642	80004918	02b5f7b3	remu	x15,x11,x11	 x11:0x8001fe64 x11:0x8001fe64 x15=0x00000000
       47425000	      4643	8000491c	9732	c.add	x14,x12	 x14:0xefcfff57 x12:0x00000000 x14=0xefcfff57
       47445000	      4645	8000491e	02c3f9b3	remu	x19,x7,x12	  x7:0x00000000 x12:0x00000000 x19=0x00000000
       47455000	      4646	80004922	0000100f	fence.i	
       47475000	      4648	80004926	6855	c.lui	x16,0x15	 x16=0x00015000
       47485000	      4649	80004928	c399	c.beqz	x15,8000492e	 x15:0x00000000
       47505000	      4651	8000492e	0b88	c.addi4spn	x10,x2,464	 x10=0x000001cd
       47515000	      4652	80004930	e3a9	c.bnez	x15,80004972	 x15:0x00000000
       47525000	      4653	80004932	717d	c.addi16sp	x2,-16	  x2:0xfffffffd  x2=0xffffffed
       47535000	      4654	80004934	411bd713	srai	x14,x23,0x11	 x23:0x00000013 x14=0x00000000
       47545000	      4655	80004938	8e25	c.xor	x12,x9	 x12:0x00000000  x9:0x00000013 x12=0x00000013
       47555000	      4656	8000493a	8e31	c.xor	x12,x12	 x12:0x00000013 x12:0x00000013 x12=0x00000000
       47565000	      4657	8000493c	60023493	sltiu	x9,x4,1536	  x4:0x00000204  x9=0x00000001
       47575000	      4658	80004940	df044f13	xori	x30,x8,-528	  x8:0xffffff57 x30=0x000002a7
       47585000	      4659	80004944	00955613	srli	x12,x10,0x9	 x10:0x000001cd x12=0x00000000
       47625000	      4663	80004948	029310b3	mulh	x1,x6,x9	  x6:0x00000000  x9:0x00000001  x1=0x00000000
       47635000	      4664	8000494c	04e78263	beq	x15,x14,80004990	 x15:0x00000000 x14:0x00000000
       47655000	      4666	80004990	8e15	c.sub	x12,x13	 x12:0x00000000 x13:0x80023ce4 x12=0x7ffdc31c
       47665000	      4667	80004992	00506963	bltu	x0,x5,800049a4	  x0:0x00000000  x5:0x00000001
       48045000	      4705	800049a4	028acfb3	div	x31,x21,x8	 x21:0x00000000  x8:0xffffff57 x31=0x00000000
       48055000	      4706	800049a8	00425863	bge	x4,x4,800049b8	  x4:0x00000204  x4:0x00000204
       48085000	      4709	800049b8	0212eab3	rem	x21,x5,x1	  x5:0x00000001  x1:0x00000000 x21=0x00000001
       48095000	      4710	800049bc	3409df73	csrrwi	x30,mscratch,19	 x30=0x00000009
       48105000	      4711	800049c0	83bd	c.srli	x15,0xf	 x15:0x00000000 x15=0x00000000
       48115000	      4712	800049c2	340052f3	csrrwi	x5,mscratch,0	  x5=0x00000013
       48125000	      4713	800049c6	01923eb3	sltu	x29,x4,x25	  x4:0x00000204 x25:0xffffffff x29=0x00000001
       48135000	      4714	800049ca	40c48f33	sub	x30,x9,x12	  x9:0x00000001 x12:0x7ffdc31c x30=0x80023ce5
       48145000	      4715	800049ce	8e4d	c.or	x12,x11	 x12:0x7ffdc31c x11:0x8001fe64 x12=0xfffdff7c
       48155000	      4716	800049d0	00ca5093	srli	x1,x20,0xc	 x20:0x95100000  x1=0x00095100
       48195000	      4720	800049d4	03bf3ab3	mulhu	x21,x30,x27	 x30:0x80023ce5 x27:0xfffffffc x21=0x80023ce2
       48205000	      4721	800049d8	3403f773	csrrci	x14,mscratch,7	 x14=0x00000000
       48215000	      4722	800049dc	41c95d13	srai	x26,x18,0x1c	 x18:0x00000001 x26=0x00000000
       48225000	      4723	800049e0	3407af73	csrrs	x30,mscratch,x15	 x15:0x00000000 x30=0x00000000
       48235000	      4724	800049e4	0063fc63	bgeu	x7,x6,800049fc	  x7:0x00000000  x6:0x00000000
       48255000	      4726	800049fc	41465f13	srai	x30,x12,0x14	 x12:0xfffdff7c x30=0xffffffff
       48265000	      4727	80004a00	0ff0000f	fence	iorw,iorw	
       48275000	      4728	80004a04	34007df3	csrrci	x27,mscratch,0	 x27=0x00000000
       48285000	      4729	80004a08	8c94ab13	slti	x22,x9,-1847	  x9:0x00000001 x22=0x00000000
       48295000	      4730	80004a0c	f62d4493	xori	x9,x26,-158	 x26:0x00000000  x9=0xffffff62
       48305000	      4731	80004a10	0c92	c.slli	x25,0x4	 x25:0xffffffff x25=0xfffffff0
       48315000	      4732	80004a12	8d05	c.sub	x10,x9	 x10:0x000001cd  x9:0xffffff62 x10=0x0000026b
       48325000	      4733	80004a14	1d98	c.addi4spn	x14,x2,752	 x14=0x000002dd
       48335000	      4734	80004a16	34002f73	csrrs	x30,mscratch,x0	  x0:0x00000000 x30=0x00000000
       48345000	      4735	80004a1a	340032f3	csrrc	x5,mscratch,x0	  x0:0x00000000  x5=0x00000000
       48355000	      4736	80004a1e	02f9fa63	bgeu	x19,x15,80004a52	 x19:0x00000000 x15:0x00000000
       48745000	      4775	80004a52	02bdda33	divu	x20,x27,x11	 x27:0x00000000 x11:0x8001fe64 x20=0x00000000
       48785000	      4779	80004a56	03ce1e33	mulh	x28,x28,x28	 x28:0x00000000 x28:0x00000000 x28=0x00000000
       48795000	      4780	80004a5a	0386e963	bltu	x13,x24,80004a8c	 x13:0x80023ce4 x24:0x00000012
       48805000	      4781	80004a5e	efe3fa93	andi	x21,x7,-258	  x7:0x00000000 x21=0x00000000
       48825000	      4783	80004a62	025e54b3	divu	x9,x28,x5	 x28:0x00000000  x5:0x00000000  x9=0xffffffff
       48835000	      4784	80004a66	0113efb3	or	x31,x7,x17	  x7:0x00000000 x17:0x00000000 x31=0x00000000
       48845000	      4785	80004a6a	34029af3	csrrw	x21,mscratch,x5	  x5:0x00000000 x21=0x00000000
       48855000	      4786	80004a6e	0690	c.addi4spn	x12,x2,832	 x12=0x0000032d
       48865000	      4787	80004a70	0155f963	bgeu	x11,x21,80004a82	 x11:0x8001fe64 x21:0x00000000
       48925000	      4793	80004a82	03c21f33	mulh	x30,x4,x28	  x4:0x00000204 x28:0x00000000 x30=0x00000000
       48935000	      4794	80004a86	8e31	c.xor	x12,x12	 x12:0x0000032d x12:0x0000032d x12=0x00000000
       48945000	      4795	80004a88	8d5d	c.or	x10,x15	 x10:0x0000026b x15:0x00000000 x10=0x0000026b
       48955000	      4796	80004a8a	8f6d	c.and	x14,x11	 x14:0x000002dd x11:0x8001fe64 x14=0x00000244
       48965000	      4797	80004a8c	8365	c.srli	x14,0x19	 x14:0x00000244 x14=0x00000000
       48975000	      4798	80004a8e	cb99	c.beqz	x15,80004aa4	 x15:0x00000000
       49025000	      4803	80004aa4	0371b633	mulhu	x12,x3,x23	  x3:0x00000000 x23:0x00000013 x12=0x00000000
       49035000	      4804	80004aa8	34007cf3	csrrci	x25,mscratch,0	 x25=0x00000000
       49045000	      4805	80004aac	0ab6	c.slli	x21,0xd	 x21:0x00000000 x21=0x00000000
       49055000	      4806	80004aae	e205	c.bnez	x12,80004ace	 x12:0x00000000
       49065000	      4807	80004ab0	873d	c.srai	x14,0xf	 x14:0x00000000 x14=0x00000000
       49075000	      4808	80004ab2	8c91	c.sub	x9,x12	  x9:0xffffffff x12:0x00000000  x9=0xffffffff
       49085000	      4809	80004ab4	03784563	blt	x16,x23,80004ade	 x16:0x00015000 x23:0x00000013
       49095000	      4810	80004ab8	0000100f	fence.i	
       49115000	      4812	80004abc	00e08833	add	x16,x1,x14	  x1:0x00095100 x14:0x00000000 x16=0x00095100
       49155000	      4816	80004ac0	03e09333	mulh	x6,x1,x30	  x1:0x00095100 x30:0x00000000  x6=0x00000000
       49165000	      4817	80004ac4	419ed1b3	sra	x3,x29,x25	 x29:0x00000001 x25:0x00000000  x3=0x00000001
       49175000	      4818	80004ac8	64e9	c.lui	x9,0x1a	  x9=0x0001a000
       49185000	      4819	80004aca	8fb5	c.xor	x15,x13	 x15:0x00000000 x13:0x80023ce4 x15=0x80023ce4
       49195000	      4820	80004acc	8b89	c.andi	x15,2	 x15:0x80023ce4 x15=0x00000000
       49205000	      4821	80004ace	00da0433	add	x8,x20,x13	 x20:0x00000000 x13:0x80023ce4  x8=0x80023ce4
       49215000	      4822	80004ad2	019899b3	sll	x19,x17,x25	 x17:0x00000000 x25:0x00000000 x19=0x00000000
       49225000	      4823	80004ad6	0499	c.addi	x9,6	  x9:0x0001a000  x9=0x0001a006
       49235000	      4824	80004ad8	0065cdb3	xor	x27,x11,x6	 x11:0x8001fe64  x6:0x00000000 x27=0x8001fe64
       49245000	      4825	80004adc	84a6	c.mv	x9,x9	  x0:0x00000000  x9:0x0001a006  x9=0x0001a006
       49255000	      4826	80004ade	8c1d	c.sub	x8,x15	  x8:0x80023ce4 x15:0x00000000  x8=0x80023ce4
       49265000	      4827	80004ae0	5ffd	c.li	x31,-1	 x31=0xffffffff
       49275000	      4828	80004ae2	410107b3	sub	x15,x2,x16	  x2:0xffffffed x16:0x00095100 x15=0xfff6aeed
       49315000	      4832	80004ae6	0368a733	mulhsu	x14,x17,x22	 x17:0x00000000 x22:0x00000000 x14=0x00000000
       49325000	      4833	80004aea	9eda	c.add	x29,x22	 x29:0x00000001 x22:0x00000000 x29=0x00000001
       49335000	      4834	80004aec	04906263	bltu	x0,x9,80004b30	  x0:0x00000000  x9:0x0001a006
       49355000	      4836	80004b30	0ff0000f	fence	iorw,iorw	
       49365000	      4837	80004b34	5f92a413	slti	x8,x5,1529	  x5:0x00000000  x8=0x00000001
       49375000	      4838	80004b38	9176	c.add	x2,x29	  x2:0xffffffed x29:0x00000001  x2=0xffffffee
       49385000	      4839	80004b3a	028001ef	jal	x3,80004b62	  x3=0x80004b3e
       49405000	      4841	80004b62	b7e5	c.j	80004b4a	
       49425000	      4843	80004b4a	bfed	c.j	80004b44	
       49445000	      4845	80004b44	a031	c.j	80004b50	
       49465000	      4847	80004b50	3fcd	c.jal	80004b42	  x1=0x80004b52
       49485000	      4849	80004b42	2811	c.jal	80004b56	  x1=0x80004b44
       49505000	      4851	80004b56	2029	c.jal	80004b60	  x1=0x80004b58
       49525000	      4853	80004b60	2819	c.jal	80004b76	  x1=0x80004b62
       49545000	      4855	80004b76	bfdd	c.j	80004b6c	
       49565000	      4857	80004b6c	ff9ff0ef	jal	x1,80004b64	  x1=0x80004b70
       49585000	      4859	80004b64	00c000ef	jal	x1,80004b70	  x1=0x80004b68
       49605000	      4861	80004b70	fe3ff0ef	jal	x1,80004b52	  x1=0x80004b74
       49625000	      4863	80004b52	a01d	c.j	80004b78	
       49645000	      4865	80004b78	bfcd	c.j	80004b6a	
       49665000	      4867	80004b6a	bfd5	c.j	80004b5e	
       49685000	      4869	80004b5e	bfed	c.j	80004b58	
       49705000	      4871	80004b58	a009	c.j	80004b5a	
       49735000	      4874	80004b5a	ffbff0ef	jal	x1,80004b54	  x1=0x80004b5e
       49755000	      4876	80004b54	bfcd	c.j	80004b46	
       49785000	      4879	80004b46	02e000ef	jal	x1,80004b74	  x1=0x80004b4a
       49805000	      4881	80004b74	bfe1	c.j	80004b4c	
       49825000	      4883	80004b4c	01c000ef	jal	x1,80004b68	  x1=0x80004b50
       49845000	      4885	80004b68	3fd9	c.jal	80004b3e	  x1=0x80004b6a
       49875000	      4888	80004b3e	03c000ef	jal	x1,80004b7a	  x1=0x80004b42
       49935000	      4894	80004b7a	02222333	mulhsu	x6,x4,x2	  x4:0x00000204  x2:0xffffffee  x6=0x00000203
       49945000	      4895	80004b7e	340c5273	csrrwi	x4,mscratch,24	  x4=0x00000000
       49955000	      4896	80004b82	415d0133	sub	x2,x26,x21	 x26:0x00000000 x21:0x00000000  x2=0x00000000
       49965000	      4897	80004b86	00c46b33	or	x22,x8,x12	  x8:0x00000001 x12:0x00000000 x22=0x00000001
       49975000	      4898	80004b8a	1a773513	sltiu	x10,x14,423	 x14:0x00000000 x10=0x00000001
       49985000	      4899	80004b8e	34003f73	csrrc	x30,mscratch,x0	  x0:0x00000000 x30=0x00000018
       50005000	      4901	80004b92	031bdf33	divu	x30,x23,x17	 x23:0x00000013 x17:0x00000000 x30=0xffffffff
       50015000	      4902	80004b96	e619	c.bnez	x12,80004ba4	 x12:0x00000000
       50025000	      4903	80004b98	bf1fe213	ori	x4,x31,-1039	 x31:0xffffffff  x4=0xffffffff
       50035000	      4904	80004b9c	8d35	c.xor	x10,x13	 x10:0x00000001 x13:0x80023ce4 x10=0x80023ce5
       50405000	      4941	80004b9e	0247ce33	div	x28,x15,x4	 x15:0xfff6aeed  x4:0xffffffff x28=0x00095113
       50415000	      4942	80004ba2	6351	c.lui	x6,0x14	  x6=0x00014000
       50425000	      4943	80004ba4	017c7b63	bgeu	x24,x23,80004bba	 x24:0x00000012 x23:0x00000013
       50435000	      4944	80004ba8	01d09463	bne	x1,x29,80004bb0	  x1:0x80004b42 x29:0x00000001
       50465000	      4947	80004bb0	0334fbb3	remu	x23,x9,x19	  x9:0x0001a006 x19:0x00000000 x23=0x0001a006
       50475000	      4948	80004bb4	0001	c.addi	x0,0	  x0:0x00000000  x0=0x00000000
       50485000	      4949	80004bb6	015a9b13	slli	x22,x21,0x15	 x21:0x00000000 x22=0x00000000
       50515000	      4952	80004bba	02e68e33	mul	x28,x13,x14	 x13:0x80023ce4 x14:0x00000000 x28=0x00000000
       50525000	      4953	80004bbe	413d0133	sub	x2,x26,x19	 x26:0x00000000 x19:0x00000000  x2=0x00000000
       50545000	      4955	80004bc2	039be9b3	rem	x19,x23,x25	 x23:0x0001a006 x25:0x00000000 x19=0x0001a006
       50555000	      4956	80004bc6	4041d233	sra	x4,x3,x4	  x3:0x80004b3e  x4:0xffffffff  x4=0xffffffff
       50565000	      4957	80004bca	660d	c.lui	x12,0x3	 x12=0x00003000
       50575000	      4958	80004bcc	00225c63	bge	x4,x2,80004be4	  x4:0xffffffff  x2:0x00000000
       50585000	      4959	80004bd0	0181eab3	or	x21,x3,x24	  x3:0x80004b3e x24:0x00000012 x21=0x80004b3e
       50625000	      4963	80004bd4	03ab24b3	mulhsu	x9,x22,x26	 x22:0x00000000 x26:0x00000000  x9=0x00000000
       50635000	      4964	80004bd8	01205113	srli	x2,x0,0x12	  x0:0x00000000  x2=0x00000000
       50645000	      4965	80004bdc	8375	c.srli	x14,0x1d	 x14:0x00000000 x14=0x00000000
       50655000	      4966	80004bde	00344a33	xor	x20,x8,x3	  x8:0x00000001  x3:0x80004b3e x20=0x80004b3f
       50665000	      4967	80004be2	8fc9	c.or	x15,x10	 x15:0xfff6aeed x10:0x80023ce5 x15=0xfff6beed
       50675000	      4968	80004be4	8385	c.srli	x15,0x1	 x15:0xfff6beed x15=0x7ffb5f76
       50685000	      4969	80004be6	8e09	c.sub	x12,x10	 x12:0x00003000 x10:0x80023ce5 x12=0x7ffdf31b
       50695000	      4970	80004be8	837a	c.mv	x6,x30	  x0:0x00000000 x30:0xffffffff  x6=0xffffffff
       50705000	      4971	80004bea	001e2d33	slt	x26,x28,x1	 x28:0x00000000  x1:0x80004b42 x26=0x00000000
       50715000	      4972	80004bee	340a22f3	csrrs	x5,mscratch,x20	 x20:0x80004b3f  x5=0x00000018
       50725000	      4973	80004bf2	6159	c.addi16sp	x2,400	  x2:0x00000000  x2=0x00000190
       50735000	      4974	80004bf4	90c6	c.add	x1,x17	  x1:0x80004b42 x17:0x00000000  x1=0x80004b42
       50745000	      4975	80004bf6	8209	c.srli	x12,0x2	 x12:0x7ffdf31b x12=0x1fff7cc6
       50755000	      4976	80004bf8	c6850b13	addi	x22,x10,-920	 x10:0x80023ce5 x22=0x8002394d
       50765000	      4977	80004bfc	003f1cb3	sll	x25,x30,x3	 x30:0xffffffff  x3:0x80004b3e x25=0xc0000000
       50775000	      4978	80004c00	c7b8b493	sltiu	x9,x17,-901	 x17:0x00000000  x9=0x00000001
       50785000	      4979	80004c04	ce01	c.beqz	x12,80004c1c	 x12:0x1fff7cc6
       50795000	      4980	80004c06	6403bc13	sltiu	x24,x7,1600	  x7:0x00000000 x24=0x00000001
       50805000	      4981	80004c0a	bdbe7893	andi	x17,x28,-1061	 x28:0x00000000 x17=0x00000000
       50815000	      4982	80004c0e	00355ab3	srl	x21,x10,x3	 x10:0x80023ce5  x3:0x80004b3e x21=0x00000002
       50825000	      4983	80004c12	0007ed33	or	x26,x15,x0	 x15:0x7ffb5f76  x0:0x00000000 x26=0x7ffb5f76
       50865000	      4987	80004c16	03503e33	mulhu	x28,x0,x21	  x0:0x00000000 x21:0x00000002 x28=0x00000000
       50875000	      4988	80004c1a	8ca1	c.xor	x9,x8	  x9:0x00000001  x8:0x00000001  x9=0x00000000
       50885000	      4989	80004c1c	0000100f	fence.i	
       50905000	      4991	80004c20	0000100f	fence.i	
       50955000	      4996	80004c24	031f3d33	mulhu	x26,x30,x17	 x30:0xffffffff x17:0x00000000 x26=0x00000000
       50965000	      4997	80004c28	61693a93	sltiu	x21,x18,1558	 x18:0x00000001 x21=0x00000001
       50975000	      4998	80004c2c	01d1ecb3	or	x25,x3,x29	  x3:0x80004b3e x29:0x00000001 x25=0x80004b3f
       50985000	      4999	80004c30	01c85763	bge	x16,x28,80004c3e	 x16:0x00095100 x28:0x00000000
       51005000	      5001	80004c3e	567d	c.li	x12,-1	 x12=0xffffffff
       51015000	      5002	80004c40	015f9193	slli	x3,x31,0x15	 x31:0xffffffff  x3=0xffe00000
       51025000	      5003	80004c44	0472c663	blt	x5,x7,80004c90	  x5:0x00000018  x7:0x00000000
       51395000	      5040	80004c48	039ed233	divu	x4,x29,x25	 x29:0x00000001 x25:0x80004b3f  x4=0x00000000
       51405000	      5041	80004c4c	01170233	add	x4,x14,x17	 x14:0x00000000 x17:0x00000000  x4=0x00000000
       51415000	      5042	80004c50	0001	c.addi	x0,0	  x0:0x00000000  x0=0x00000000
       51425000	      5043	80004c52	340f14f3	csrrw	x9,mscratch,x30	 x30:0xffffffff  x9=0x80004b3f
       51435000	      5044	80004c56	01038c63	beq	x7,x16,80004c6e	  x7:0x00000000 x16:0x00095100
       51445000	      5045	80004c5a	40d407b3	sub	x15,x8,x13	  x8:0x00000001 x13:0x80023ce4 x15=0x7ffdc31d
       51455000	      5046	80004c5e	004e3fb3	sltu	x31,x28,x4	 x28:0x00000000  x4:0x00000000 x31=0x00000000
       51465000	      5047	80004c62	39c1b797	auipc	x15,0x39c1b	 x15=0xb9c1fc62
       51505000	      5051	80004c66	033d31b3	mulhu	x3,x26,x19	 x26:0x00000000 x19:0x0001a006  x3=0x00000000
       51875000	      5088	80004c6a	02d5e833	rem	x16,x11,x13	 x11:0x8001fe64 x13:0x80023ce4 x16=0xffffc180
       51885000	      5089	80004c6e	0130d213	srli	x4,x1,0x13	  x1:0x80004b42  x4=0x00001000
       51895000	      5090	80004c72	02e97963	bgeu	x18,x14,80004ca4	 x18:0x00000001 x14:0x00000000
       51915000	      5092	80004ca4	40338933	sub	x18,x7,x3	  x7:0x00000000  x3:0x00000000 x18=0x00000000
       51925000	      5093	80004ca8	0ff0000f	fence	iorw,iorw	
       51935000	      5094	80004cac	010b7fb3	and	x31,x22,x16	 x22:0x8002394d x16:0xffffc180 x31=0x80020100
       51945000	      5095	80004cb0	340ef273	csrrci	x4,mscratch,29	  x4=0xffffffff
       51955000	      5096	80004cb4	17692513	slti	x10,x18,374	 x18:0x00000000 x10=0x00000001
       51965000	      5097	80004cb8	8751	c.srai	x14,0x14	 x14:0x00000000 x14=0x00000000
       51975000	      5098	80004cba	00bf8db3	add	x27,x31,x11	 x31:0x80020100 x11:0x8001fe64 x27=0x0003ff64
       51985000	      5099	80004cbe	0001	c.addi	x0,0	  x0:0x00000000  x0=0x00000000
       51995000	      5100	80004cc0	000e38b3	sltu	x17,x28,x0	 x28:0x00000000  x0:0x00000000 x17=0x00000000
       52005000	      5101	80004cc4	3405d073	csrrwi	x0,mscratch,11	  x0=0x00000000
       52015000	      5102	80004cc8	0001	c.addi	x0,0	  x0:0x00000000  x0=0x00000000
       52025000	      5103	80004cca	0174d093	srli	x1,x9,0x17	  x9:0x80004b3f  x1=0x00000100
       52035000	      5104	80004cce	717d	c.addi16sp	x2,-16	  x2:0x00000190  x2=0x00000180
       52405000	      5141	80004cd0	030750b3	divu	x1,x14,x16	 x14:0x00000000 x16:0xffffc180  x1=0x00000000
       52415000	      5142	80004cd4	01985113	srli	x2,x16,0x19	 x16:0xffffc180  x2=0x0000007f
       52785000	      5179	80004cd8	03f179b3	remu	x19,x2,x31	  x2:0x0000007f x31:0x80020100 x19=0x0000007f
       52795000	      5180	80004cdc	01298637	lui	x12,0x1298	 x12=0x01298000
       52835000	      5184	80004ce0	036d3d33	mulhu	x26,x26,x22	 x26:0x00000000 x22:0x8002394d x26=0x00000000
       52845000	      5185	80004ce4	0485	c.addi	x9,1	  x9:0x80004b3f  x9=0x80004b40
       52855000	      5186	80004ce6	5bfd	c.li	x23,-1	 x23=0xffffffff
       52865000	      5187	80004ce8	015a74b3	and	x9,x20,x21	 x20:0x80004b3f x21:0x00000001  x9=0x00000001
       52875000	      5188	80004cec	8239	c.srli	x12,0xe	 x12:0x01298000 x12=0x000004a6
       52915000	      5192	80004cee	0223b7b3	mulhu	x15,x7,x2	  x7:0x00000000  x2:0x0000007f x15=0x00000000
       52935000	      5194	80004cf2	0211cc33	div	x24,x3,x1	  x3:0x00000000  x1:0x00000000 x24=0xffffffff
       52945000	      5195	80004cf6	0001	c.addi	x0,0	  x0:0x00000000  x0=0x00000000
       52955000	      5196	80004cf8	8ce1	c.and	x9,x8	  x9:0x00000001  x8:0x00000001  x9=0x00000001
       52965000	      5197	80004cfa	3400a273	csrrs	x4,mscratch,x1	  x1:0x00000000  x4=0x0000000b
       52975000	      5198	80004cfe	6991	c.lui	x19,0x4	 x19=0x00004000
       52985000	      5199	80004d00	8919	c.andi	x10,6	 x10:0x00000001 x10=0x00000000
       52995000	      5200	80004d02	00fe0a63	beq	x28,x15,80004d16	 x28:0x00000000 x15:0x00000000
       53025000	      5203	80004d16	34002b73	csrrs	x22,mscratch,x0	  x0:0x00000000 x22=0x0000000b
       53035000	      5204	80004d1a	8395	c.srli	x15,0x5	 x15:0x00000000 x15=0x00000000
       53045000	      5205	80004d1c	8cd6	c.mv	x25,x21	  x0:0x00000000 x21:0x00000001 x25=0x00000001
       53055000	      5206	80004d1e	03de0863	beq	x28,x29,80004d4e	 x28:0x00000000 x29:0x00000001
       53065000	      5207	80004d22	e491	c.bnez	x9,80004d2e	  x9:0x00000001
       53085000	      5209	80004d2e	1e7d	c.addi	x28,-1	 x28:0x00000000 x28=0xffffffff
       53125000	      5213	80004d30	03fe91b3	mulh	x3,x29,x31	 x29:0x00000001 x31:0x80020100  x3=0xffffffff
       53135000	      5214	80004d34	0000100f	fence.i	
       53155000	      5216	80004d38	40320533	sub	x10,x4,x3	  x4:0x0000000b  x3:0xffffffff x10=0x0000000c
       53165000	      5217	80004d3c	01e35ab3	srl	x21,x6,x30	  x6:0xffffffff x30:0xffffffff x21=0x00000001
       53175000	      5218	80004d40	012ce633	or	x12,x25,x18	 x25:0x00000001 x18:0x00000000 x12=0x00000001
       53185000	      5219	80004d44	0599ef63	bltu	x19,x25,80004da2	 x19:0x00004000 x25:0x00000001
       53195000	      5220	80004d48	8029	c.srli	x8,0xa	  x8:0x00000001  x8=0x00000000
       53205000	      5221	80004d4a	00add093	srli	x1,x27,0xa	 x27:0x0003ff64  x1=0x000000ff
       53215000	      5222	80004d4e	0001	c.addi	x0,0	  x0:0x00000000  x0=0x00000000
       53225000	      5223	80004d50	34011e73	csrrw	x28,mscratch,x2	  x2:0x0000007f x28=0x0000000b
       53235000	      5224	80004d54	34071ff3	csrrw	x31,mscratch,x14	 x14:0x00000000 x31=0x0000007f
       53245000	      5225	80004d58	8b2d	c.andi	x14,11	 x14:0x00000000 x14=0x00000000
       53255000	      5226	80004d5a	83a9	c.srli	x15,0xa	 x15:0x00000000 x15=0x00000000
       53295000	      5230	80004d5c	036fb633	mulhu	x12,x31,x22	 x31:0x0000007f x22:0x0000000b x12=0x00000000
       53305000	      5231	80004d60	00420cb3	add	x25,x4,x4	  x4:0x0000000b  x4:0x0000000b x25=0x00000016
       53315000	      5232	80004d64	406d5f13	srai	x30,x26,0x6	 x26:0x00000000 x30=0x00000000
       53355000	      5236	80004d68	02a6a733	mulhsu	x14,x13,x10	 x13:0x80023ce4 x10:0x0000000c x14=0xfffffffa
       53725000	      5273	80004d6c	03685133	divu	x2,x16,x22	 x16:0xffffc180 x22:0x0000000b  x2=0x1745cbc5
       53735000	      5274	80004d70	717d	c.addi16sp	x2,-16	  x2:0x1745cbc5  x2=0x1745cbb5
       53745000	      5275	80004d72	00511313	slli	x6,x2,0x5	  x2:0x1745cbb5  x6=0xe8b976a0
       53755000	      5276	80004d76	025b9a63	bne	x23,x5,80004daa	 x23:0xffffffff  x5:0x00000018
       53775000	      5278	80004daa	8b2a	c.mv	x22,x10	  x0:0x00000000 x10:0x0000000c x22=0x0000000c
       53785000	      5279	80004dac	0080c463	blt	x1,x8,80004db4	  x1:0x000000ff  x8:0x00000000
       53795000	      5280	80004db0	402ed513	srai	x10,x29,0x2	 x29:0x00000001 x10=0x00000000
       53805000	      5281	80004db4	34007df3	csrrci	x27,mscratch,0	 x27=0x00000000
       53815000	      5282	80004db8	8dae	c.mv	x27,x11	  x0:0x00000000 x11:0x8001fe64 x27=0x8001fe64
       53825000	      5283	80004dba	340e2973	csrrs	x18,mscratch,x28	 x28:0x0000000b x18=0x00000000
       53835000	      5284	80004dbe	340b62f3	csrrsi	x5,mscratch,22	  x5=0x0000000b
       53845000	      5285	80004dc2	3406b373	csrrc	x6,mscratch,x13	 x13:0x80023ce4  x6=0x0000001f
       53855000	      5286	80004dc6	340061f3	csrrsi	x3,mscratch,0	  x3=0x0000001b
       53865000	      5287	80004dca	8e56	c.mv	x28,x21	  x0:0x00000000 x21:0x00000001 x28=0x00000001
       53875000	      5288	80004dcc	5b7d	c.li	x22,-1	 x22=0xffffffff
       53885000	      5289	80004dce	0aae	c.slli	x21,0xb	 x21:0x00000001 x21=0x00000800
       53895000	      5290	80004dd0	8271	c.srli	x12,0x1c	 x12:0x00000000 x12=0x00000000
       53905000	      5291	80004dd2	cf89	c.beqz	x15,80004dec	 x15:0x00000000
       53925000	      5293	80004dec	88f9	c.andi	x9,30	  x9:0x00000001  x9=0x00000000
       53935000	      5294	80004dee	3400e473	csrrsi	x8,mscratch,1	  x8=0x0000001b
       53945000	      5295	80004df2	83f5	c.srli	x15,0x1d	 x15:0x00000000 x15=0x00000000
       53955000	      5296	80004df4	0e00cd93	xori	x27,x1,224	  x1:0x000000ff x27=0x0000001f
       54325000	      5333	80004df8	0250fcb3	remu	x25,x1,x5	  x1:0x000000ff  x5:0x0000000b x25=0x00000002
       54335000	      5334	80004dfc	94574c93	xori	x25,x14,-1723	 x14:0xfffffffa x25=0x000006bf
       54345000	      5335	80004e00	0000100f	fence.i	
       54365000	      5337	80004e04	cb11	c.beqz	x14,80004e18	 x14:0xfffffffa
       54375000	      5338	80004e06	0287d363	bge	x15,x8,80004e2c	 x15:0x00000000  x8:0x0000001b
       54385000	      5339	80004e0a	01cc7333	and	x6,x24,x28	 x24:0xffffffff x28:0x00000001  x6=0x00000001
       54395000	      5340	80004e0e	340d9373	csrrw	x6,mscratch,x27	 x27:0x0000001f  x6=0x0000001b
       54405000	      5341	80004e12	860d	c.srai	x12,0x3	 x12:0x00000000 x12=0x00000000
       54415000	      5342	80004e14	01da4c63	blt	x20,x29,80004e2c	 x20:0x80004b3f x29:0x00000001
       54435000	      5344	80004e2c	6c2bed17	auipc	x26,0x6c2be	 x26=0xec2c2e2c
       54445000	      5345	80004e30	01c4c663	blt	x9,x28,80004e3c	  x9:0x00000000 x28:0x00000001
       54465000	      5347	80004e3c	c039	c.beqz	x8,80004e82	  x8:0x0000001b
       54505000	      5351	80004e3e	03322833	mulhsu	x16,x4,x19	  x4:0x0000000b x19:0x00004000 x16=0x00000000
       54515000	      5352	80004e42	03b8d263	bge	x17,x27,80004e66	 x17:0x00000000 x27:0x0000001f
       54525000	      5353	80004e46	40e85513	srai	x10,x16,0xe	 x16:0x00000000 x10=0x00000000
       54895000	      5390	80004e4a	02da6033	rem	x0,x20,x13	 x20:0x80004b3f x13:0x80023ce4  x0=0x00000000
       54905000	      5391	80004e4e	00558033	add	x0,x11,x5	 x11:0x8001fe64  x5:0x0000000b  x0=0x00000000
       54915000	      5392	80004e52	01256633	or	x12,x10,x18	 x10:0x00000000 x18:0x00000000 x12=0x00000000
       54925000	      5393	80004e56	8f5e	c.mv	x30,x23	  x0:0x00000000 x23:0xffffffff x30=0xffffffff
       54935000	      5394	80004e58	4101d713	srai	x14,x3,0x10	  x3:0x0000001b x14=0x00000000
       54945000	      5395	80004e5c	0149dc13	srli	x24,x19,0x14	 x19:0x00004000 x24=0x00000000
       54955000	      5396	80004e60	80a5	c.srli	x9,0x9	  x9:0x00000000  x9=0x00000000
       54965000	      5397	80004e62	340f1373	csrrw	x6,mscratch,x30	 x30:0xffffffff  x6=0x0000001f
       55335000	      5434	80004e66	03667633	remu	x12,x12,x22	 x12:0x00000000 x22:0xffffffff x12=0x00000000
       55345000	      5435	80004e6a	01f95d93	srli	x27,x18,0x1f	 x18:0x00000000 x27=0x00000000
       55355000	      5436	80004e6e	026c8f13	addi	x30,x25,38	 x25:0x000006bf x30=0x000006e5
       55365000	      5437	80004e72	9d26	c.add	x26,x9	 x26:0xec2c2e2c  x9:0x00000000 x26=0xec2c2e2c
       55405000	      5441	80004e74	038ea433	mulhsu	x8,x29,x24	 x29:0x00000001 x24:0x00000000  x8=0x00000000
       55415000	      5442	80004e78	00a922b3	slt	x5,x18,x10	 x18:0x00000000 x10:0x00000000  x5=0x00000000
       55435000	      5444	80004e7c	02005fb3	divu	x31,x0,x0	  x0:0x00000000  x0:0x00000000 x31=0xffffffff
       55445000	      5445	80004e80	057e	c.slli	x10,0x1f	 x10:0x00000000 x10=0x00000000
       55455000	      5446	80004e82	4cdaf413	andi	x8,x21,1229	 x21:0x00000800  x8=0x00000000
       55465000	      5447	80004e86	8f19	c.sub	x14,x14	 x14:0x00000000 x14:0x00000000 x14=0x00000000
       55475000	      5448	80004e88	ef0d	c.bnez	x14,80004ec2	 x14:0x00000000
       55485000	      5449	80004e8a	01595313	srli	x6,x18,0x15	 x18:0x00000000  x6=0x00000000
       55495000	      5450	80004e8e	340c7cf3	csrrci	x25,mscratch,24	 x25=0xffffffff
       55505000	      5451	80004e92	8e49	c.or	x12,x10	 x12:0x00000000 x10:0x00000000 x12=0x00000000
       55515000	      5452	80004e94	01728c33	add	x24,x5,x23	  x5:0x00000000 x23:0xffffffff x24=0xffffffff
       55525000	      5453	80004e98	340b5b73	csrrwi	x22,mscratch,22	 x22=0xffffffe7
       55535000	      5454	80004e9c	34f95717	auipc	x14,0x34f95	 x14=0xb4f99e9c
       55575000	      5458	80004ea0	02e73633	mulhu	x12,x14,x14	 x14:0xb4f99e9c x14:0xb4f99e9c x12=0x7feffa71
       55585000	      5459	80004ea4	80d9	c.srli	x9,0x16	  x9:0x00000000  x9=0x00000000
       55595000	      5460	80004ea6	3408d873	csrrwi	x16,mscratch,17	 x16=0x00000016
       55605000	      5461	80004eaa	003bdd13	srli	x26,x23,0x3	 x23:0xffffffff x26=0x1fffffff
       55645000	      5465	80004eae	02102db3	mulhsu	x27,x0,x1	  x0:0x00000000  x1:0x000000ff x27=0x00000000
       55655000	      5466	80004eb2	416dda93	srai	x21,x27,0x16	 x27:0x00000000 x21=0x00000000
       55665000	      5467	80004eb6	0001	c.addi	x0,0	  x0:0x00000000  x0=0x00000000
       55675000	      5468	80004eb8	1308	c.addi4spn	x10,x2,416	 x10=0x1745cd55
       55685000	      5469	80004eba	00d587b3	add	x15,x11,x13	 x11:0x8001fe64 x13:0x80023ce4 x15=0x00043b48
       55695000	      5470	80004ebe	0001	c.addi	x0,0	  x0:0x00000000  x0=0x00000000
       55705000	      5471	80004ec0	167d	c.addi	x12,-1	 x12:0x7feffa71 x12=0x7feffa70
       55715000	      5472	80004ec2	0be2	c.slli	x23,0x18	 x23:0xffffffff x23=0xff000000
       55725000	      5473	80004ec4	54fd	c.li	x9,-1	  x9=0xffffffff
       55735000	      5474	80004ec6	000deeb3	or	x29,x27,x0	 x27:0x00000000  x0:0x00000000 x29=0x00000000
       56105000	      5511	80004eca	03e37c33	remu	x24,x6,x30	  x6:0x00000000 x30:0x000006e5 x24=0x00000000
       56115000	      5512	80004ece	1c08	c.addi4spn	x10,x2,560	 x10=0x1745cde5
       56125000	      5513	80004ed0	01c4abb3	slt	x23,x9,x28	  x9:0xffffffff x28:0x00000001 x23=0x00000001
       56145000	      5515	80004ed4	027e5ab3	divu	x21,x28,x7	 x28:0x00000001  x7:0x00000000 x21=0xffffffff
       56155000	      5516	80004ed8	0036ae33	slt	x28,x13,x3	 x13:0x80023ce4  x3:0x0000001b x28=0x00000001
       56165000	      5517	80004edc	8059	c.srli	x8,0x16	  x8:0x00000000  x8=0x00000000
       56175000	      5518	80004ede	00e31913	slli	x18,x6,0xe	  x6:0x00000000 x18=0x00000000
       56185000	      5519	80004ee2	0014fd33	and	x26,x9,x1	  x9:0xffffffff  x1:0x000000ff x26=0x000000ff
       56195000	      5520	80004ee6	34015273	csrrwi	x4,mscratch,2	  x4=0x00000011
       56205000	      5521	80004eea	33bdcb93	xori	x23,x27,827	 x27:0x00000000 x23=0x0000033b
       56215000	      5522	80004eee	f37e8437	lui	x8,0xf37e8	  x8=0xf37e8000
       56225000	      5523	80004ef2	34002a73	csrrs	x20,mscratch,x0	  x0:0x00000000 x20=0x00000002
       56235000	      5524	80004ef6	8e6e	c.mv	x28,x27	  x0:0x00000000 x27:0x00000000 x28=0x00000000
       56245000	      5525	80004ef8	02e6ed63	bltu	x13,x14,80004f32	 x13:0x80023ce4 x14:0xb4f99e9c
       56265000	      5527	80004f32	c791	c.beqz	x15,80004f3e	 x15:0x00043b48
       56275000	      5528	80004f34	6741	c.lui	x14,0x10	 x14=0x00010000
       56285000	      5529	80004f36	8cc5	c.or	x9,x9	  x9:0xffffffff  x9:0xffffffff  x9=0xffffffff
       56295000	      5530	80004f38	87a5	c.srai	x15,0x9	 x15:0x00043b48 x15=0x0000021d
       56305000	      5531	80004f3a	1d416d13	ori	x26,x2,468	  x2:0x1745cbb5 x26=0x1745cbf5
       56315000	      5532	80004f3e	a92a7e93	andi	x29,x20,-1390	 x20:0x00000002 x29=0x00000002
       56325000	      5533	80004f42	6149	c.addi16sp	x2,144	  x2:0x1745cbb5  x2=0x1745cc45
       56335000	      5534	80004f44	0173db63	bge	x7,x23,80004f5a	  x7:0x00000000 x23:0x0000033b
       56355000	      5536	80004f48	03254d33	div	x26,x10,x18	 x10:0x1745cde5 x18:0x00000000 x26=0xffffffff
       56365000	      5537	80004f4c	01149893	slli	x17,x9,0x11	  x9:0xffffffff x17=0xfffe0000
       56375000	      5538	80004f50	50b44b13	xori	x22,x8,1291	  x8:0xf37e8000 x22=0xf37e850b
       56385000	      5539	80004f54	6930f513	andi	x10,x1,1683	  x1:0x000000ff x10=0x00000093
       56395000	      5540	80004f58	0001	c.addi	x0,0	  x0:0x00000000  x0=0x00000000
       56405000	      5541	80004f5a	4094d313	srai	x6,x9,0x9	  x9:0xffffffff  x6=0xffffffff
       56415000	      5542	80004f5e	0000100f	fence.i	
       56445000	      5545	80004f62	02ebd963	bge	x23,x14,80004f94	 x23:0x0000033b x14:0x00010000
       56455000	      5546	80004f66	413b5733	sra	x14,x22,x19	 x22:0xf37e850b x19:0x00004000 x14=0xf37e850b
       56465000	      5547	80004f6a	84ad	c.srai	x9,0xb	  x9:0xffffffff  x9=0xffffffff
       56475000	      5548	80004f6c	00ee8e33	add	x28,x29,x14	 x29:0x00000002 x14:0xf37e850b x28=0xf37e850d
       56485000	      5549	80004f70	8762	c.mv	x14,x24	  x0:0x00000000 x24:0x00000000 x14=0x00000000
       56495000	      5550	80004f72	bb76b413	sltiu	x8,x13,-1097	 x13:0x80023ce4  x8=0x00000001
       56505000	      5551	80004f76	222da493	slti	x9,x27,546	 x27:0x00000000  x9=0x00000001
       56515000	      5552	80004f7a	00d40fb3	add	x31,x8,x13	  x8:0x00000001 x13:0x80023ce4 x31=0x80023ce5
       56525000	      5553	80004f7e	003c6933	or	x18,x24,x3	 x24:0x00000000  x3:0x0000001b x18=0x0000001b
       56535000	      5554	80004f82	5f7d	c.li	x30,-1	 x30=0xffffffff
       56545000	      5555	80004f84	ef15	c.bnez	x14,80004fc0	 x14:0x00000000
       56555000	      5556	80004f86	05db1163	bne	x22,x29,80004fc8	 x22:0xf37e850b x29:0x00000002
       56575000	      5558	80004fc8	8e19	c.sub	x12,x14	 x12:0x7feffa70 x14:0x00000000 x12=0x7feffa70
       56585000	      5559	80004fca	40038a33	sub	x20,x7,x0	  x7:0x00000000  x0:0x00000000 x20=0x00000000
       56595000	      5560	80004fce	0c25	c.addi	x24,9	 x24:0x00000000 x24=0x00000009
       56965000	      5597	80004fd0	035d5a33	divu	x20,x26,x21	 x26:0xffffffff x21:0xffffffff x20=0x00000001
       56975000	      5598	80004fd4	146f0c13	addi	x24,x30,326	 x30:0xffffffff x24=0x00000145
       56985000	      5599	80004fd8	010439b3	sltu	x19,x8,x16	  x8:0x00000001 x16:0x00000016 x19=0x00000001
       57025000	      5603	80004fdc	03292fb3	mulhsu	x31,x18,x18	 x18:0x0000001b x18:0x0000001b x31=0x00000000
       57035000	      5604	80004fe0	01d75513	srli	x10,x14,0x1d	 x14:0x00000000 x10=0x00000000
       57045000	      5605	80004fe4	857d	c.srai	x10,0x1f	 x10:0x00000000 x10=0x00000000
       57055000	      5606	80004fe6	00d7d4b3	srl	x9,x15,x13	 x15:0x0000021d x13:0x80023ce4  x9=0x00000021
       57065000	      5607	80004fea	340ed9f3	csrrwi	x19,mscratch,29	 x19=0x00000002
       57075000	      5608	80004fee	018b0133	add	x2,x22,x24	 x22:0xf37e850b x24:0x00000145  x2=0xf37e8650
       57085000	      5609	80004ff2	00de5a93	srli	x21,x28,0xd	 x28:0xf37e850d x21=0x00079bf4
       57115000	      5612	80004ff6	036082b3	mul	x5,x1,x22	  x1:0x000000ff x22:0xf37e850b  x5=0x8b0685f5
       57125000	      5613	80004ffa	7820a113	slti	x2,x1,1922	  x1:0x000000ff  x2=0x00000001
       57135000	      5614	80004ffe	10fd	c.addi	x1,-1	  x1:0x000000ff  x1=0x000000fe
       57145000	      5615	80005000	6eb37d37	lui	x26,0x6eb37	 x26=0x6eb37000
       57185000	      5619	80005004	026390b3	mulh	x1,x7,x6	  x7:0x00000000  x6:0xffffffff  x1=0x00000000
       57195000	      5620	80005008	3402de73	csrrwi	x28,mscratch,5	 x28=0x0000001d
       57205000	      5621	8000500c	ce19	c.beqz	x12,8000502a	 x12:0x7feffa70
       57215000	      5622	8000500e	03f6c763	blt	x13,x31,8000503c	 x13:0x80023ce4 x31:0x00000000
       57235000	      5624	8000503c	4057d093	srai	x1,x15,0x5	 x15:0x0000021d  x1=0x00000010
       57245000	      5625	80005040	0d92	c.slli	x27,0x4	 x27:0x00000000 x27=0x00000000
       57255000	      5626	80005042	0071f963	bgeu	x3,x7,80005054	  x3:0x0000001b  x7:0x00000000
       57275000	      5628	80005054	00e9dab3	srl	x21,x19,x14	 x19:0x00000002 x14:0x00000000 x21=0x00000002
       57645000	      5665	80005058	03ef54b3	divu	x9,x30,x30	 x30:0xffffffff x30:0xffffffff  x9=0x00000001
       58015000	      5702	8000505c	03647bb3	remu	x23,x8,x22	  x8:0x00000001 x22:0xf37e850b x23=0x00000001
       58025000	      5703	80005060	008be633	or	x12,x23,x8	 x23:0x00000001  x8:0x00000001 x12=0x00000001
       58035000	      5704	80005064	0138bb33	sltu	x22,x17,x19	 x17:0xfffe0000 x19:0x00000002 x22=0x00000000
       58065000	      5707	80005068	02ec8eb3	mul	x29,x25,x14	 x25:0xffffffff x14:0x00000000 x29=0x00000000
       58075000	      5708	8000506c	340bdf73	csrrwi	x30,mscratch,23	 x30=0x00000005
       58115000	      5712	80005070	03621db3	mulh	x27,x4,x22	  x4:0x00000011 x22:0x00000000 x27=0x00000000
       58125000	      5713	80005074	00861f93	slli	x31,x12,0x8	 x12:0x00000001 x31=0x00000100
       58135000	      5714	80005078	0001	c.addi	x0,0	  x0:0x00000000  x0=0x00000000
       58145000	      5715	8000507a	0000100f	fence.i	
       58535000	      5754	8000507e	026df133	remu	x2,x27,x6	 x27:0x00000000  x6:0xffffffff  x2=0x00000000
       58545000	      5755	80005082	340bb873	csrrc	x16,mscratch,x23	 x23:0x00000001 x16=0x00000017
       58555000	      5756	80005086	0001	c.addi	x0,0	  x0:0x00000000  x0=0x00000000
       58565000	      5757	80005088	5a276b17	auipc	x22,0x5a276	 x22=0xda27b088
       58575000	      5758	8000508c	34087a73	csrrci	x20,mscratch,16	 x20=0x00000016
       58585000	      5759	80005090	d33c8913	addi	x18,x25,-717	 x25:0xffffffff x18=0xfffffd32
       58595000	      5760	80005094	01c001ef	jal	x3,800050b0	  x3=0x80005098
       58615000	      5762	800050b0	ff1ff36f	jal	x6,800050a0	  x6=0x800050b4
       58635000	      5764	800050a0	3fe5	c.jal	80005098	  x1=0x800050a2
       58655000	      5766	80005098	2031	c.jal	800050a4	  x1=0x8000509a
       58675000	      5768	800050a4	a021	c.j	800050ac	
       58695000	      5770	800050ac	ff7ffcef	jal	x25,800050a2	 x25=0x800050b0
       58715000	      5772	800050a2	a819	c.j	800050b8	
       58735000	      5774	800050b8	bffd	c.j	800050b6	
       58755000	      5776	800050b6	bfcd	c.j	800050a8	
       58775000	      5778	800050a8	ff7ff36f	jal	x6,8000509e	  x6=0x800050ac
       58795000	      5780	8000509e	a819	c.j	800050b4	
       58815000	      5782	800050b4	a021	c.j	800050bc	
       58835000	      5784	800050bc	3ffd	c.jal	800050ba	  x1=0x800050be
       58855000	      5786	800050ba	2011	c.jal	800050be	  x1=0x800050bc
       58875000	      5788	800050be	3ff1	c.jal	8000509a	  x1=0x800050c0
       58905000	      5791	8000509a	00c0036f	jal	x6,800050a6	  x6=0x8000509e
       58925000	      5793	800050a6	2829	c.jal	800050c0	  x1=0x800050a8
       58945000	      5795	800050c0	01c13733	sltu	x14,x2,x28	  x2:0x00000000 x28:0x0000001d x14=0x00000001
       58955000	      5796	800050c4	a431da17	auipc	x20,0xa431d	 x20=0x243220c4
       58965000	      5797	800050c8	8f31	c.xor	x14,x12	 x14:0x00000001 x12:0x00000001 x14=0x00000000
       58975000	      5798	800050ca	e011	c.bnez	x8,800050ce	  x8:0x00000001
       58995000	      5800	800050ce	9b8e	c.add	x23,x3	 x23:0x00000001  x3:0x80005098 x23=0x80005099
       59005000	      5801	800050d0	01df7663	bgeu	x30,x29,800050dc	 x30:0x00000005 x29:0x00000000
       59025000	      5803	800050dc	34021173	csrrw	x2,mscratch,x4	  x4:0x00000011  x2=0x00000006
       59035000	      5804	800050e0	340f1bf3	csrrw	x23,mscratch,x30	 x30:0x00000005 x23=0x00000011
       59045000	      5805	800050e4	00dc3033	sltu	x0,x24,x13	 x24:0x00000145 x13:0x80023ce4  x0=0x00000000
       59055000	      5806	800050e8	34003273	csrrc	x4,mscratch,x0	  x0:0x00000000  x4=0x00000005
       59065000	      5807	800050ec	8055	c.srli	x8,0x15	  x8:0x00000001  x8=0x00000000
       59075000	      5808	800050ee	0001	c.addi	x0,0	  x0:0x00000000  x0=0x00000000
       59085000	      5809	800050f0	0124bcb3	sltu	x25,x9,x18	  x9:0x00000001 x18:0xfffffd32 x25=0x00000001
       59095000	      5810	800050f4	8551	c.srai	x10,0x14	 x10:0x00000000 x10=0x00000000
       59105000	      5811	800050f6	d4ae8093	addi	x1,x29,-694	 x29:0x00000000  x1=0xfffffd4a
       59115000	      5812	800050fa	aeae8613	addi	x12,x29,-1302	 x29:0x00000000 x12=0xfffffaea
       59135000	      5814	800050fe	03bbe0b3	rem	x1,x23,x27	 x23:0x00000011 x27:0x00000000  x1=0x00000011
       59145000	      5815	80005102	01ea6b33	or	x22,x20,x30	 x20:0x243220c4 x30:0x00000005 x22=0x243220c5
       59155000	      5816	80005106	03cb5163	bge	x22,x28,80005128	 x22:0x243220c5 x28:0x0000001d
       59175000	      5818	80005128	8d3d	c.xor	x10,x15	 x10:0x00000000 x15:0x0000021d x10=0x0000021d
       59185000	      5819	8000512a	860f7213	andi	x4,x30,-1952	 x30:0x00000005  x4=0x00000000
       59195000	      5820	8000512e	03fd6463	bltu	x26,x31,80005156	 x26:0x6eb37000 x31:0x00000100
       59565000	      5857	80005132	02d7efb3	rem	x31,x15,x13	 x15:0x0000021d x13:0x80023ce4 x31=0x0000021d
       59575000	      5858	80005136	3405d173	csrrwi	x2,mscratch,11	  x2=0x00000005
       59585000	      5859	8000513a	0422	c.slli	x8,0x8	  x8:0x00000000  x8=0x00000000
       59595000	      5860	8000513c	340a9373	csrrw	x6,mscratch,x21	 x21:0x00000002  x6=0x0000000b
       59605000	      5861	80005140	3404ddf3	csrrwi	x27,mscratch,9	 x27=0x00000002
       59615000	      5862	80005144	9272	c.add	x4,x28	  x4:0x00000000 x28:0x0000001d  x4=0x0000001d
       59625000	      5863	80005146	34003473	csrrc	x8,mscratch,x0	  x0:0x00000000  x8=0x00000009
       59635000	      5864	8000514a	34006a73	csrrsi	x20,mscratch,0	 x20=0x00000009
       59645000	      5865	8000514e	00484933	xor	x18,x16,x4	 x16:0x00000017  x4:0x0000001d x18=0x0000000a
       59655000	      5866	80005152	021e8463	beq	x29,x1,8000517a	 x29:0x00000000  x1:0x00000011
       59665000	      5867	80005156	340f1673	csrrw	x12,mscratch,x30	 x30:0x00000005 x12=0x00000009
       59675000	      5868	8000515a	019fdc63	bge	x31,x25,80005172	 x31:0x0000021d x25:0x00000001
       59695000	      5870	80005172	10fd	c.addi	x1,-1	  x1:0x00000011  x1=0x00000010
       59705000	      5871	80005174	40f0d313	srai	x6,x1,0xf	  x1:0x00000010  x6=0x00000000
       59715000	      5872	80005178	64f5	c.lui	x9,0x1d	  x9=0x0001d000
       59725000	      5873	8000517a	717d	c.addi16sp	x2,-16	  x2:0x00000005  x2=0xfffffff5
       59735000	      5874	8000517c	00f11733	sll	x14,x2,x15	  x2:0xfffffff5 x15:0x0000021d x14=0xa0000000
       59745000	      5875	80005180	34003173	csrrc	x2,mscratch,x0	  x0:0x00000000  x2=0x00000005
       59755000	      5876	80005184	e909	c.bnez	x10,80005196	 x10:0x0000021d
       59785000	      5879	80005196	01af2933	slt	x18,x30,x26	 x30:0x00000005 x26:0x6eb37000 x18=0x00000001
       59795000	      5880	8000519a	01e578b3	and	x17,x10,x30	 x10:0x0000021d x30:0x00000005 x17=0x00000005
       59805000	      5881	8000519e	8babaf37	lui	x30,0x8baba	 x30=0x8baba000
       59815000	      5882	800051a2	019c4d33	xor	x26,x24,x25	 x24:0x00000145 x25:0x00000001 x26=0x00000144
       60185000	      5919	800051a6	02cf7633	remu	x12,x30,x12	 x30:0x8baba000 x12:0x00000009 x12=0x00000005
       60195000	      5920	800051aa	1c80	c.addi4spn	x8,x2,624	  x8=0x00000275
       60205000	      5921	800051ac	021f1b63	bne	x30,x1,800051e2	 x30:0x8baba000  x1:0x00000010
       60235000	      5924	800051e2	d7d7c513	xori	x10,x15,-643	 x15:0x0000021d x10=0xffffff60
       60245000	      5925	800051e6	02f25563	bge	x4,x15,80005210	  x4:0x0000001d x15:0x0000021d
       60255000	      5926	800051ea	0001	c.addi	x0,0	  x0:0x00000000  x0=0x00000000
       60265000	      5927	800051ec	0000100f	fence.i	
       60285000	      5929	800051f0	6568c137	lui	x2,0x6568c	  x2=0x6568c000
       60295000	      5930	800051f4	1198	c.addi4spn	x14,x2,224	 x14=0x6568c0e0
       60305000	      5931	800051f6	5a7d	c.li	x20,-1	 x20=0xffffffff
       60315000	      5932	800051f8	34042173	csrrs	x2,mscratch,x8	  x8:0x00000275  x2=0x00000005
       60325000	      5933	800051fc	ec81	c.bnez	x9,80005214	  x9:0x0001d000
       60345000	      5935	80005214	017d3033	sltu	x0,x26,x23	 x26:0x00000144 x23:0x00000011  x0=0x00000000
       60355000	      5936	80005218	34022d73	csrrs	x26,mscratch,x4	  x4:0x0000001d x26=0x00000275
       60365000	      5937	8000521c	4133d413	srai	x8,x7,0x13	  x7:0x00000000  x8=0x00000000
       60375000	      5938	80005220	019cda13	srli	x20,x25,0x19	 x25:0x00000001 x20=0x00000000
       60385000	      5939	80005224	01f97a63	bgeu	x18,x31,80005238	 x18:0x00000001 x31:0x0000021d
       60395000	      5940	80005228	00cd7c33	and	x24,x26,x12	 x26:0x00000275 x12:0x00000005 x24=0x00000005
       60765000	      5977	8000522c	02defe33	remu	x28,x29,x13	 x29:0x00000000 x13:0x80023ce4 x28=0x00000000
       60805000	      5981	80005230	021fa4b3	mulhsu	x9,x31,x1	 x31:0x0000021d  x1:0x00000010  x9=0x00000000
       61175000	      6018	80005234	03f1e633	rem	x12,x3,x31	  x3:0x80005098 x31:0x0000021d x12=0xfffffed0
       61185000	      6019	80005238	9da6	c.add	x27,x9	 x27:0x00000002  x9:0x00000000 x27=0x00000002
       61225000	      6023	8000523a	02fe38b3	mulhu	x17,x28,x15	 x28:0x00000000 x15:0x0000021d x17=0x00000000
       61235000	      6024	8000523e	4725	c.li	x14,9	 x14=0x00000009
       61245000	      6025	80005240	0532c363	blt	x5,x19,80005286	  x5:0x8b0685f5 x19:0x00000002
       61265000	      6027	80005286	87dd	c.srai	x15,0x17	 x15:0x0000021d x15=0x00000000
       61275000	      6028	80005288	0001	c.addi	x0,0	  x0:0x00000000  x0=0x00000000
       61285000	      6029	8000528a	00e7dd13	srli	x26,x15,0xe	 x15:0x00000000 x26=0x00000000
       61295000	      6030	8000528e	8f2d	c.xor	x14,x11	 x14:0x00000009 x11:0x8001fe64 x14=0x8001fe6d
       61305000	      6031	80005290	01a85133	srl	x2,x16,x26	 x16:0x00000017 x26:0x00000000  x2=0x00000017
       61315000	      6032	80005294	40f05113	srai	x2,x0,0xf	  x0:0x00000000  x2=0x00000000
       61325000	      6033	80005298	0001	c.addi	x0,0	  x0:0x00000000  x0=0x00000000
       61335000	      6034	8000529a	1f6b2a13	slti	x20,x22,502	 x22:0x243220c5 x20=0x00000000
       61345000	      6035	8000529e	010001ef	jal	x3,800052ae	  x3=0x800052a2
       61365000	      6037	800052ae	3ff5	c.jal	800052aa	  x1=0x800052b0
       61385000	      6039	800052aa	3ff5	c.jal	800052a6	  x1=0x800052ac
       61405000	      6041	800052a6	bffd	c.j	800052a4	
       61425000	      6043	800052a4	a039	c.j	800052b2	
       61445000	      6045	800052b2	2009	c.jal	800052b4	  x1=0x800052b4
       61465000	      6047	800052b4	ffdff36f	jal	x6,800052b0	  x6=0x800052b8
       61485000	      6049	800052b0	bfe5	c.j	800052a8	
       61505000	      6051	800052a8	a011	c.j	800052ac	
       61525000	      6053	800052ac	2031	c.jal	800052b8	  x1=0x800052ae
       61545000	      6055	800052b8	febff0ef	jal	x1,800052a2	  x1=0x800052bc
       61565000	      6057	800052a2	a829	c.j	800052bc	
       61585000	      6059	800052bc	13fc6e13	ori	x28,x24,319	 x24:0x00000005 x28=0x0000013f
       61595000	      6060	800052c0	34007df3	csrrci	x27,mscratch,0	 x27=0x0000027d
       61605000	      6061	800052c4	407f5e33	sra	x28,x30,x7	 x30:0x8baba000  x7:0x00000000 x28=0x8baba000
       61615000	      6062	800052c8	01f47a63	bgeu	x8,x31,800052dc	  x8:0x00000000 x31:0x0000021d
       61625000	      6063	800052cc	01511a33	sll	x20,x2,x21	  x2:0x00000000 x21:0x00000002 x20=0x00000000
       61635000	      6064	800052d0	692be213	ori	x4,x23,1682	 x23:0x00000011  x4=0x00000693
       61645000	      6065	800052d4	9ace	c.add	x21,x19	 x21:0x00000002 x19:0x00000002 x21=0x00000004
       61655000	      6066	800052d6	009758b3	srl	x17,x14,x9	 x14:0x8001fe6d  x9:0x00000000 x17=0x8001fe6d
       61665000	      6067	800052da	64c1	c.lui	x9,0x10	  x9=0x00010000
       61675000	      6068	800052dc	0181d9b3	srl	x19,x3,x24	  x3:0x800052a2 x24:0x00000005 x19=0x04000295
       61685000	      6069	800052e0	1d7d	c.addi	x26,-1	 x26:0x00000000 x26=0xffffffff
       61695000	      6070	800052e2	34002773	csrrs	x14,mscratch,x0	  x0:0x00000000 x14=0x0000027d
       61705000	      6071	800052e6	0139cbb3	xor	x23,x19,x19	 x19:0x04000295 x19:0x04000295 x23=0x00000000
       61715000	      6072	800052ea	02de8d63	beq	x29,x13,80005324	 x29:0x00000000 x13:0x80023ce4
       61725000	      6073	800052ee	139c	c.addi4spn	x15,x2,480	 x15=0x000001e0
       61735000	      6074	800052f0	c031	c.beqz	x8,80005334	  x8:0x00000000
       61755000	      6076	80005334	4dd92293	slti	x5,x18,1245	 x18:0x00000001  x5=0x00000001
       61765000	      6077	80005338	007fffb3	and	x31,x31,x7	 x31:0x0000021d  x7:0x00000000 x31=0x00000000
       61775000	      6078	8000533c	41f5d133	sra	x2,x11,x31	 x11:0x8001fe64 x31:0x00000000  x2=0x8001fe64
       62145000	      6115	80005340	023777b3	remu	x15,x14,x3	 x14:0x0000027d  x3:0x800052a2 x15=0x0000027d
       62155000	      6116	80005344	5ffd	c.li	x31,-1	 x31=0xffffffff
       62165000	      6117	80005346	83683993	sltiu	x19,x16,-1994	 x16:0x00000017 x19=0x00000001
       62175000	      6118	8000534a	9936	c.add	x18,x13	 x18:0x00000001 x13:0x80023ce4 x18=0x80023ce5
       62185000	      6119	8000534c	34002073	csrrs	x0,mscratch,x0	  x0:0x00000000  x0=0x00000000
       62215000	      6122	80005350	025d0233	mul	x4,x26,x5	 x26:0xffffffff  x5:0x00000001  x4=0xffffffff
       62225000	      6123	80005354	8d39	c.xor	x10,x14	 x10:0xffffff60 x14:0x0000027d x10=0xfffffd1d
       62235000	      6124	80005356	03437763	bgeu	x6,x20,80005384	  x6:0x800052b8 x20:0x00000000
       62255000	      6126	80005384	eed78d13	addi	x26,x15,-275	 x15:0x0000027d x26=0x0000016a
       62265000	      6127	80005388	c909	c.beqz	x10,8000539a	 x10:0xfffffd1d
       62275000	      6128	8000538a	0100	c.addi4spn	x8,x2,128	  x8=0x8001fee4
       62285000	      6129	8000538c	0b4d	c.addi	x22,19	 x22:0x243220c5 x22=0x243220d8
       62295000	      6130	8000538e	0ec15a17	auipc	x20,0xec15	 x20=0x8ec1a38e
       62305000	      6131	80005392	006e7a63	bgeu	x28,x6,800053a6	 x28:0x8baba000  x6:0x800052b8
       62325000	      6133	800053a6	0001	c.addi	x0,0	  x0:0x00000000  x0=0x00000000
       62335000	      6134	800053a8	34002673	csrrs	x12,mscratch,x0	  x0:0x00000000 x12=0x0000027d
       62345000	      6135	800053ac	01743633	sltu	x12,x8,x23	  x8:0x8001fee4 x23:0x00000000 x12=0x00000000
       62355000	      6136	800053b0	6c29	c.lui	x24,0xa	 x24=0x0000a000
       62365000	      6137	800053b2	0936	c.slli	x18,0xd	 x18:0x80023ce5 x18=0x479ca000
       62375000	      6138	800053b4	d4388513	addi	x10,x17,-701	 x17:0x8001fe6d x10=0x8001fbb0
       62385000	      6139	800053b8	02674963	blt	x14,x6,800053ea	 x14:0x0000027d  x6:0x800052b8
       62395000	      6140	800053bc	0f90	c.addi4spn	x12,x2,976	 x12=0x80020234
       62405000	      6141	800053be	009d8833	add	x16,x27,x9	 x27:0x0000027d  x9:0x00010000 x16=0x0001027d
       62435000	      6144	800053c2	03828033	mul	x0,x5,x24	  x5:0x00000001 x24:0x0000a000  x0=0x00000000
       62445000	      6145	800053c6	00041793	slli	x15,x8,0x0	  x8:0x8001fee4 x15=0x8001fee4
       62455000	      6146	800053ca	0001	c.addi	x0,0	  x0:0x00000000  x0=0x00000000
       62465000	      6147	800053cc	41e10c33	sub	x24,x2,x30	  x2:0x8001fe64 x30:0x8baba000 x24=0xf4565e64
       62505000	      6151	800053d0	02742433	mulhsu	x8,x8,x7	  x8:0x8001fee4  x7:0x00000000  x8=0x00000000
       62515000	      6152	800053d4	537d	c.li	x6,-1	  x6=0xffffffff
       62525000	      6153	800053d6	9332	c.add	x6,x12	  x6:0xffffffff x12:0x80020234  x6=0x80020233
       62535000	      6154	800053d8	34081a73	csrrw	x20,mscratch,x16	 x16:0x0001027d x20=0x0000027d
       62545000	      6155	800053dc	340ee773	csrrsi	x14,mscratch,29	 x14=0x0001027d
       62555000	      6156	800053e0	0001	c.addi	x0,0	  x0:0x00000000  x0=0x00000000
       62565000	      6157	800053e2	03fd4463	blt	x26,x31,8000540a	 x26:0x0000016a x31:0xffffffff
       62575000	      6158	800053e6	413a0eb3	sub	x29,x20,x19	 x20:0x0000027d x19:0x00000001 x29=0x0000027c
       62585000	      6159	800053ea	63214493	xori	x9,x2,1586	  x2:0x8001fe64  x9=0x8001f856
       62595000	      6160	800053ee	00620033	add	x0,x4,x6	  x4:0xffffffff  x6:0x80020233  x0=0x00000000
       62605000	      6161	800053f2	f127e313	ori	x6,x15,-238	 x15:0x8001fee4  x6=0xfffffff6
       62615000	      6162	800053f6	41d4d893	srai	x17,x9,0x1d	  x9:0x8001f856 x17=0xfffffffc
       62625000	      6163	800053fa	0001	c.addi	x0,0	  x0:0x00000000  x0=0x00000000
       62995000	      6200	800053fc	030cd433	divu	x8,x25,x16	 x25:0x00000001 x16:0x0001027d  x8=0x00000000
       63005000	      6201	80005400	031e8d63	beq	x29,x17,8000543a	 x29:0x0000027c x17:0xfffffffc
       63015000	      6202	80005404	a8fb2eb7	lui	x29,0xa8fb2	 x29=0xa8fb2000
       63025000	      6203	80005408	0d6d	c.addi	x26,27	 x26:0x0000016a x26=0x00000185
       63065000	      6207	8000540a	03189733	mulh	x14,x17,x17	 x17:0xfffffffc x17:0xfffffffc x14=0x00000000
       63075000	      6208	8000540e	1a88	c.addi4spn	x10,x2,368	 x10=0x8001ffd4
       63085000	      6209	80005410	8935	c.andi	x10,13	 x10:0x8001ffd4 x10=0x00000004
       63095000	      6210	80005412	01660663	beq	x12,x22,8000541e	 x12:0x80020234 x22:0x243220d8
       63105000	      6211	80005416	01361513	slli	x10,x12,0x13	 x12:0x80020234 x10=0x11a00000
       63115000	      6212	8000541a	0ff0000f	fence	iorw,iorw	
       63125000	      6213	8000541e	8149	c.srli	x10,0x12	 x10:0x11a00000 x10=0x00000468
       63135000	      6214	80005420	87f1	c.srai	x15,0x1c	 x15:0x8001fee4 x15=0xfffffff8
       63145000	      6215	80005422	c09d	c.beqz	x9,80005448	  x9:0x8001f856
       63155000	      6216	80005424	0a2d	c.addi	x20,11	 x20:0x0000027d x20=0x00000288
       63165000	      6217	80005426	005cc963	blt	x25,x5,80005438	 x25:0x00000001  x5:0x00000001
       63175000	      6218	8000542a	02017663	bgeu	x2,x0,80005456	  x2:0x8001fe64  x0:0x00000000
       63205000	      6221	80005456	0104a433	slt	x8,x9,x16	  x9:0x8001f856 x16:0x0001027d  x8=0x00000001
       63215000	      6222	8000545a	1c80	c.addi4spn	x8,x2,624	  x8=0x800200d4
       63225000	      6223	8000545c	00974c63	blt	x14,x9,80005474	 x14:0x00000000  x9:0x8001f856
       63235000	      6224	80005460	aee60e93	addi	x29,x12,-1298	 x12:0x80020234 x29=0x8001fd22
       63245000	      6225	80005464	3402de73	csrrwi	x28,mscratch,5	 x28=0x0001027d
       63255000	      6226	80005468	0195c4b3	xor	x9,x11,x25	 x11:0x8001fe64 x25:0x00000001  x9=0x8001fe65
       63265000	      6227	8000546c	34007273	csrrci	x4,mscratch,0	  x4=0x00000005
       63275000	      6228	80005470	012cca13	xori	x20,x25,18	 x25:0x00000001 x20=0x00000013
       63285000	      6229	80005474	0001	c.addi	x0,0	  x0:0x00000000  x0=0x00000000
       63295000	      6230	80005476	0000100f	fence.i	
       63325000	      6233	8000547a	00974863	blt	x14,x9,8000548a	 x14:0x00000000  x9:0x8001fe65
       63355000	      6236	8000547e	03c50033	mul	x0,x10,x28	 x10:0x00000468 x28:0x0001027d  x0=0x00000000
       63365000	      6237	80005482	9a36	c.add	x20,x13	 x20:0x00000013 x13:0x80023ce4 x20=0x80023cf7
       63375000	      6238	80005484	8015	c.srli	x8,0x5	  x8:0x800200d4  x8=0x04001006
       63385000	      6239	80005486	00b197b3	sll	x15,x3,x11	  x3:0x800052a2 x11:0x8001fe64 x15=0x00052a20
       63395000	      6240	8000548a	340adff3	csrrwi	x31,mscratch,21	 x31=0x00000005
       63405000	      6241	8000548e	40468db3	sub	x27,x13,x4	 x13:0x80023ce4  x4:0x00000005 x27=0x80023cdf
       63415000	      6242	80005492	00bddd13	srli	x26,x27,0xb	 x27:0x80023cdf x26=0x00100047
       63445000	      6245	80005496	03478db3	mul	x27,x15,x20	 x15:0x00052a20 x20:0x80023cf7 x27=0x8f1b24e0
       63485000	      6249	8000549a	02d897b3	mulh	x15,x17,x13	 x17:0xfffffffc x13:0x80023ce4 x15=0x00000001
       63495000	      6250	8000549e	1714f813	andi	x16,x9,369	  x9:0x8001fe65 x16=0x00000061
       63535000	      6254	800054a2	029f3433	mulhu	x8,x30,x9	 x30:0x8baba000  x9:0x8001fe65  x8=0x45d6e677
       63545000	      6255	800054a6	f4878e13	addi	x28,x15,-184	 x15:0x00000001 x28=0xffffff49
       63555000	      6256	800054aa	340069f3	csrrsi	x19,mscratch,0	 x19=0x00000015
       63565000	      6257	800054ae	2889f193	andi	x3,x19,648	 x19:0x00000015  x3=0x00000000
       63575000	      6258	800054b2	4149d833	sra	x16,x19,x20	 x19:0x00000015 x20:0x80023cf7 x16=0x00000000
       63945000	      6295	800054b6	0362e4b3	rem	x9,x5,x22	  x5:0x00000001 x22:0x243220d8  x9=0x00000001
       63955000	      6296	800054ba	01097c63	bgeu	x18,x16,800054d2	 x18:0x479ca000 x16:0x00000000
       63975000	      6298	800054d2	0001	c.addi	x0,0	  x0:0x00000000  x0=0x00000000
       63985000	      6299	800054d4	6105	c.addi16sp	x2,32	  x2:0x8001fe64  x2=0x8001fe84
       63995000	      6300	800054d6	8b79	c.andi	x14,30	 x14:0x00000000 x14=0x00000000
       64005000	      6301	800054d8	717d	c.addi16sp	x2,-16	  x2:0x8001fe84  x2=0x8001fe74
       64015000	      6302	800054da	41eadb33	sra	x22,x21,x30	 x21:0x00000004 x30:0x8baba000 x22=0x00000004
       64025000	      6303	800054de	8fc2	c.mv	x31,x16	  x0:0x00000000 x16:0x00000000 x31=0x00000000
       64035000	      6304	800054e0	0b69	c.addi	x22,26	 x22:0x00000004 x22=0x0000001e
       64075000	      6308	800054e2	022d2433	mulhsu	x8,x26,x2	 x26:0x00100047  x2:0x8001fe74  x8=0x00080043
       64085000	      6309	800054e6	0770d763	bge	x1,x23,80005554	  x1:0x800052bc x23:0x00000000
       64095000	      6310	800054ea	0057b033	sltu	x0,x15,x5	 x15:0x00000001  x5:0x00000001  x0=0x00000000
       64135000	      6314	800054ee	03401db3	mulh	x27,x0,x20	  x0:0x00000000 x20:0x80023cf7 x27=0x00000000
       64145000	      6315	800054f2	00e001ef	jal	x3,80005500	  x3=0x800054f6
       64165000	      6317	80005500	a019	c.j	80005506	
       64185000	      6319	80005506	bfc5	c.j	800054f6	
       64205000	      6321	800054f6	2819	c.jal	8000550c	  x1=0x800054f8
       64225000	      6323	8000550c	fedff0ef	jal	x1,800054f8	  x1=0x80005510
       64245000	      6325	800054f8	00a00bef	jal	x23,80005502	 x23=0x800054fc
       64275000	      6328	80005502	00e0036f	jal	x6,80005510	  x6=0x80005506
       64295000	      6330	80005510	bfe5	c.j	80005508	
       64315000	      6332	80005508	00a000ef	jal	x1,80005512	  x1=0x8000550c
       64335000	      6334	80005512	37ed	c.jal	800054fc	  x1=0x80005514
       64355000	      6336	800054fc	018000ef	jal	x1,80005514	  x1=0x80005500
       64375000	      6338	80005514	919e	c.add	x3,x7	  x3:0x800054f6  x7:0x00000000  x3=0x800054f6
       64385000	      6339	80005516	03b94c63	blt	x18,x27,8000554e	 x18:0x479ca000 x27:0x00000000
       64395000	      6340	8000551a	4125d433	sra	x8,x11,x18	 x11:0x8001fe64 x18:0x479ca000  x8=0x8001fe64
       64405000	      6341	8000551e	05bdd263	bge	x27,x27,80005562	 x27:0x00000000 x27:0x00000000
       64425000	      6343	80005562	717d	c.addi16sp	x2,-16	  x2:0x8001fe74  x2=0x8001fe64
       64435000	      6344	80005564	9a7d	c.andi	x12,-1	 x12:0x80020234 x12=0x80020234
       64445000	      6345	80005566	411608b3	sub	x17,x12,x17	 x12:0x80020234 x17:0xfffffffc x17=0x80020238
       64485000	      6349	8000556a	034bac33	mulhsu	x24,x23,x20	 x23:0x800054fc x20:0x80023cf7 x24=0xbfff0c03
       64495000	      6350	8000556e	4aa60e37	lui	x28,0x4aa60	 x28=0x4aa60000
       64505000	      6351	80005572	01ef6633	or	x12,x30,x30	 x30:0x8baba000 x30:0x8baba000 x12=0x8baba000
       64515000	      6352	80005576	b693fbb7	lui	x23,0xb693f	 x23=0xb693f000
       64555000	      6356	8000557a	027f1633	mulh	x12,x30,x7	 x30:0x8baba000  x7:0x00000000 x12=0x00000000
       64565000	      6357	8000557e	01fdcb63	blt	x27,x31,80005594	 x27:0x00000000 x31:0x00000000
       64575000	      6358	80005582	65d48313	addi	x6,x9,1629	  x9:0x00000001  x6=0x0000065e
       64585000	      6359	80005586	0000100f	fence.i	
       64615000	      6362	8000558a	02ea6363	bltu	x20,x14,800055b0	 x20:0x80023cf7 x14:0x00000000
       64625000	      6363	8000558e	0ff0000f	fence	iorw,iorw	
       64635000	      6364	80005592	8d59	c.or	x10,x14	 x10:0x00000468 x14:0x00000000 x10=0x00000468
       64645000	      6365	80005594	ea11	c.bnez	x12,800055a8	 x12:0x00000000
       64655000	      6366	80005596	717d	c.addi16sp	x2,-16	  x2:0x8001fe64  x2=0x8001fe54
       64665000	      6367	80005598	015a8a63	beq	x21,x21,800055ac	 x21:0x00000004 x21:0x00000004
       64685000	      6369	800055ac	340c2a73	csrrs	x20,mscratch,x24	 x24:0xbfff0c03 x20=0x00000015
       64695000	      6370	800055b0	01829a63	bne	x5,x24,800055c4	  x5:0x00000001 x24:0xbfff0c03
       64715000	      6372	800055c4	8baf8d13	addi	x26,x31,-1862	 x31:0x00000000 x26=0xfffff8ba
       64725000	      6373	800055c8	34006973	csrrsi	x18,mscratch,0	 x18=0xbfff0c17
       64735000	      6374	800055cc	02a88863	beq	x17,x10,800055fc	 x17:0x80020238 x10:0x00000468
       64745000	      6375	800055d0	775f0793	addi	x15,x30,1909	 x30:0x8baba000 x15=0x8baba775
       65115000	      6412	800055d4	035cffb3	remu	x31,x25,x21	 x25:0x00000001 x21:0x00000004 x31=0x00000001
       65125000	      6413	800055d8	0082c2b3	xor	x5,x5,x8	  x5:0x00000001  x8:0x8001fe64  x5=0x8001fe65
       65135000	      6414	800055dc	8ba9	c.andi	x15,10	 x15:0x8baba775 x15=0x00000000
       65165000	      6417	800055de	024c8db3	mul	x27,x25,x4	 x25:0x00000001  x4:0x00000005 x27=0x00000005
       65175000	      6418	800055e2	e1bc4313	xori	x6,x24,-485	 x24:0xbfff0c03  x6=0x4000f218
       65215000	      6422	800055e6	03d9bcb3	mulhu	x25,x19,x29	 x19:0x00000015 x29:0x8001fd22 x25=0x0000000a
       65225000	      6423	800055ea	012ea633	slt	x12,x29,x18	 x29:0x8001fd22 x18:0xbfff0c17 x12=0x00000001
       65235000	      6424	800055ee	340b6e73	csrrsi	x28,mscratch,22	 x28=0xbfff0c17
       65245000	      6425	800055f2	8801	c.andi	x8,0	  x8:0x8001fe64  x8=0x00000000
       65255000	      6426	800055f4	340de073	csrrsi	x0,mscratch,27	  x0=0x00000000
       65265000	      6427	800055f8	01fadd33	srl	x26,x21,x31	 x21:0x00000004 x31:0x00000001 x26=0x00000002
       65275000	      6428	800055fc	c509	c.beqz	x10,80005606	 x10:0x00000468
       65285000	      6429	800055fe	40c05b33	sra	x22,x0,x12	  x0:0x00000000 x12:0x00000001 x22=0x00000000
       65295000	      6430	80005602	01b48663	beq	x9,x27,8000560e	  x9:0x00000001 x27:0x00000005
       65305000	      6431	80005606	00b138b3	sltu	x17,x2,x11	  x2:0x8001fe54 x11:0x8001fe64 x17=0x00000001
       65315000	      6432	8000560a	0ff0000f	fence	iorw,iorw	
       65325000	      6433	8000560e	a9409337	lui	x6,0xa9409	  x6=0xa9409000
       65335000	      6434	80005612	717d	c.addi16sp	x2,-16	  x2:0x8001fe54  x2=0x8001fe44
       65345000	      6435	80005614	1c04	c.addi4spn	x9,x2,560	  x9=0x80020074
       65355000	      6436	80005616	9962	c.add	x18,x24	 x18:0xbfff0c17 x24:0xbfff0c03 x18=0x7ffe181a
       65365000	      6437	80005618	c74e6d93	ori	x27,x28,-908	 x28:0xbfff0c17 x27=0xfffffc77
       65375000	      6438	8000561c	34063ff3	csrrc	x31,mscratch,x12	 x12:0x00000001 x31=0xbfff0c1f
       65385000	      6439	80005620	0001	c.addi	x0,0	  x0:0x00000000  x0=0x00000000
       65395000	      6440	80005622	8fb5	c.xor	x15,x13	 x15:0x00000000 x13:0x80023ce4 x15=0x80023ce4
       65405000	      6441	80005624	0000100f	fence.i	
       65425000	      6443	80005628	41f4d813	srai	x16,x9,0x1f	  x9:0x80020074 x16=0xffffffff
       65435000	      6444	8000562c	2ad32a13	slti	x20,x6,685	  x6:0xa9409000 x20=0x00000001
       65445000	      6445	80005630	02437663	bgeu	x6,x4,8000565c	  x6:0xa9409000  x4:0x00000005
       65465000	      6447	8000565c	0000100f	fence.i	
       65845000	      6485	80005660	03e4e7b3	rem	x15,x9,x30	  x9:0x80020074 x30:0x8baba000 x15=0xf4566074
       65855000	      6486	80005664	014f9533	sll	x10,x31,x20	 x31:0xbfff0c1f x20:0x00000001 x10=0x7ffe183e
       65895000	      6490	80005668	03bf97b3	mulh	x15,x31,x27	 x31:0xbfff0c1f x27:0xfffffc77 x15=0x000000e2
       65905000	      6491	8000566c	0c08	c.addi4spn	x10,x2,528	 x10=0x80020054
       65915000	      6492	8000566e	f58def93	ori	x31,x27,-168	 x27:0xfffffc77 x31=0xffffff7f
       65925000	      6493	80005672	8f65	c.and	x14,x9	 x14:0x00000000  x9:0x80020074 x14=0x00000000
       65935000	      6494	80005674	01577bb3	and	x23,x14,x21	 x14:0x00000000 x21:0x00000004 x23=0x00000000
       65945000	      6495	80005678	34002df3	csrrs	x27,mscratch,x0	  x0:0x00000000 x27=0xbfff0c1e
       65955000	      6496	8000567c	1dcd6113	ori	x2,x26,476	 x26:0x00000002  x2=0x000001de
       65965000	      6497	80005680	00f89433	sll	x8,x17,x15	 x17:0x00000001 x15:0x000000e2  x8=0x00000004
       65975000	      6498	80005684	018d1a63	bne	x26,x24,80005698	 x26:0x00000002 x24:0xbfff0c03
       65995000	      6500	80005698	7c6b9937	lui	x18,0x7c6b9	 x18=0x7c6b9000
       66005000	      6501	8000569c	04025163	bge	x4,x0,800056de	  x4:0x00000005  x0:0x00000000
       66035000	      6504	800056de	34007873	csrrci	x16,mscratch,0	 x16=0xbfff0c1e
       66045000	      6505	800056e2	0191c863	blt	x3,x25,800056f2	  x3:0x800054f6 x25:0x0000000a
       66435000	      6544	800056f2	03de64b3	rem	x9,x28,x29	 x28:0xbfff0c17 x29:0x8001fd22  x9=0xbfff0c17
       66445000	      6545	800056f6	0055f863	bgeu	x11,x5,80005706	 x11:0x8001fe64  x5:0x8001fe65
       66455000	      6546	800056fa	c605	c.beqz	x12,80005722	 x12:0x00000001
       66825000	      6583	800056fc	023f4833	div	x16,x30,x3	 x30:0x8baba000  x3:0x800054f6 x16=0x00000000
       66835000	      6584	80005700	8ff1	c.and	x15,x12	 x15:0x000000e2 x12:0x00000001 x15=0x00000000
       66845000	      6585	80005702	01265db3	srl	x27,x12,x18	 x12:0x00000001 x18:0x7c6b9000 x27=0x00000001
       66855000	      6586	80005706	03688463	beq	x17,x22,8000572e	 x17:0x00000001 x22:0x00000000
       66865000	      6587	8000570a	4173da93	srai	x21,x7,0x17	  x7:0x00000000 x21=0x00000000
       66875000	      6588	8000570e	00646cb3	or	x25,x8,x6	  x8:0x00000004  x6:0xa9409000 x25=0xa9409004
       66885000	      6589	80005712	985e0713	addi	x14,x28,-1659	 x28:0xbfff0c17 x14=0xbfff059c
       67255000	      6626	80005716	02dbf333	remu	x6,x23,x13	 x23:0x00000000 x13:0x80023ce4  x6=0x00000000
       67265000	      6627	8000571a	0000100f	fence.i	
       67295000	      6630	8000571e	34002173	csrrs	x2,mscratch,x0	  x0:0x00000000  x2=0xbfff0c1e
       67665000	      6667	80005722	024c6bb3	rem	x23,x24,x4	 x24:0xbfff0c03  x4:0x00000005 x23=0x00000000
       67675000	      6668	80005726	a4dc62b7	lui	x5,0xa4dc6	  x5=0xa4dc6000
       67685000	      6669	8000572a	34006973	csrrsi	x18,mscratch,0	 x18=0xbfff0c1e
       67695000	      6670	8000572e	012fffb3	and	x31,x31,x18	 x31:0xffffff7f x18:0xbfff0c1e x31=0xbfff0c1e
       67735000	      6674	80005732	02d8ae33	mulhsu	x28,x17,x13	 x17:0x00000001 x13:0x80023ce4 x28=0x00000000
       67745000	      6675	80005736	0042ec33	or	x24,x5,x4	  x5:0xa4dc6000  x4:0x00000005 x24=0xa4dc6005
       67785000	      6679	8000573a	027dadb3	mulhsu	x27,x27,x7	 x27:0x00000001  x7:0x00000000 x27=0x00000000
       67795000	      6680	8000573e	02215e63	bge	x2,x2,8000577a	  x2:0xbfff0c1e  x2:0xbfff0c1e
       67825000	      6683	8000577a	017e3533	sltu	x10,x28,x23	 x28:0x00000000 x23:0x00000000 x10=0x00000000
       67835000	      6684	8000577e	01385963	bge	x16,x19,80005790	 x16:0x00000000 x19:0x00000015
       67845000	      6685	80005782	686f3d93	sltiu	x27,x30,1670	 x30:0x8baba000 x27=0x00000000
       67855000	      6686	80005786	6325	c.lui	x6,0x9	  x6=0x00009000
       67865000	      6687	80005788	0001	c.addi	x0,0	  x0:0x00000000  x0=0x00000000
       67875000	      6688	8000578a	049a	c.slli	x9,0x6	  x9:0xbfff0c17  x9=0xffc305c0
       67885000	      6689	8000578c	01491c13	slli	x24,x18,0x14	 x18:0xbfff0c1e x24=0xc1e00000
       67895000	      6690	80005790	2d566d13	ori	x26,x12,725	 x12:0x00000001 x26=0x000002d5
       67905000	      6691	80005794	01cdd513	srli	x10,x27,0x1c	 x27:0x00000000 x10=0x00000000
       67935000	      6694	80005798	034184b3	mul	x9,x3,x20	  x3:0x800054f6 x20:0x00000001  x9=0x800054f6
       67945000	      6695	8000579c	4139d813	srai	x16,x19,0x13	 x19:0x00000015 x16=0x00000000
       67955000	      6696	800057a0	2e69b793	sltiu	x15,x19,742	 x19:0x00000015 x15=0x00000001
       67965000	      6697	800057a4	413dde93	srai	x29,x27,0x13	 x27:0x00000000 x29=0x00000000
       67985000	      6699	800057a8	0372db33	divu	x22,x5,x23	  x5:0xa4dc6000 x23:0x00000000 x22=0xffffffff
       67995000	      6700	800057ac	8f69	c.and	x14,x10	 x14:0xbfff059c x10:0x00000000 x14=0x00000000
       68005000	      6701	800057ae	806d	c.srli	x8,0x1b	  x8:0x00000004  x8=0x00000000
       68025000	      6703	800057b0	037642b3	div	x5,x12,x23	 x12:0x00000001 x23:0x00000000  x5=0xffffffff
       68055000	      6706	800057b4	03f20733	mul	x14,x4,x31	  x4:0x00000005 x31:0xbfff0c1e x14=0xbffb3c96
       68065000	      6707	800057b8	8c9e	c.mv	x25,x7	  x0:0x00000000  x7:0x00000000 x25=0x00000000
       68075000	      6708	800057ba	6ce6e293	ori	x5,x13,1742	 x13:0x80023ce4  x5=0x80023eee
       68085000	      6709	800057be	9a7d	c.andi	x12,-1	 x12:0x00000001 x12=0x00000001
       68095000	      6710	800057c0	0001	c.addi	x0,0	  x0:0x00000000  x0=0x00000000
       68105000	      6711	800057c2	01a6a2b3	slt	x5,x13,x26	 x13:0x80023ce4 x26:0x000002d5  x5=0x00000001
       68115000	      6712	800057c6	8f71	c.and	x14,x12	 x14:0xbffb3c96 x12:0x00000001 x14=0x00000000
       68125000	      6713	800057c8	4301	c.li	x6,0	  x6=0x00000000
       68135000	      6714	800057ca	f14ac997	auipc	x19,0xf14ac	 x19=0x714b17ca
       68145000	      6715	800057ce	0001	c.addi	x0,0	  x0:0x00000000  x0=0x00000000
       68155000	      6716	800057d0	6ab8e913	ori	x18,x17,1707	 x17:0x00000001 x18=0x000006ab
       68195000	      6720	800057d4	0222bc33	mulhu	x24,x5,x2	  x5:0x00000001  x2:0xbfff0c1e x24=0x00000000
       68205000	      6721	800057d8	9ffc2313	slti	x6,x24,-1537	 x24:0x00000000  x6=0x00000000
       68215000	      6722	800057dc	5ecf2893	slti	x17,x30,1516	 x30:0x8baba000 x17=0x00000001
       68225000	      6723	800057e0	34006673	csrrsi	x12,mscratch,0	 x12=0xbfff0c1e
       68235000	      6724	800057e4	0000100f	fence.i	
       68255000	      6726	800057e8	61e5	c.lui	x3,0x19	  x3=0x00019000
       68265000	      6727	800057ea	9cc2	c.add	x25,x16	 x25:0x00000000 x16:0x00000000 x25=0x00000000
       68275000	      6728	800057ec	34002c73	csrrs	x24,mscratch,x0	  x0:0x00000000 x24=0xbfff0c1e
       68285000	      6729	800057f0	e3f44413	xori	x8,x8,-449	  x8:0x00000000  x8=0xfffffe3f
       68295000	      6730	800057f4	117d	c.addi	x2,-1	  x2:0xbfff0c1e  x2=0xbfff0c1d
       68305000	      6731	800057f6	0001	c.addi	x0,0	  x0:0x00000000  x0=0x00000000
       68315000	      6732	800057f8	8649	c.srai	x12,0x12	 x12:0xbfff0c1e x12=0xffffefff
       68325000	      6733	800057fa	8a55	c.andi	x12,21	 x12:0xffffefff x12=0x00000015
       68335000	      6734	800057fc	0001	c.addi	x0,0	  x0:0x00000000  x0=0x00000000
       68345000	      6735	800057fe	80c1	c.srli	x9,0x10	  x9:0x800054f6  x9=0x00008000
       68355000	      6736	80005800	37d44d13	xori	x26,x8,893	  x8:0xfffffe3f x26=0xfffffd42
       68365000	      6737	80005804	01068233	add	x4,x13,x16	 x13:0x80023ce4 x16:0x00000000  x4=0x80023ce4
       68375000	      6738	80005808	340d9cf3	csrrw	x25,mscratch,x27	 x27:0x00000000 x25=0xbfff0c1e
       68385000	      6739	8000580c	8e5d	c.or	x12,x15	 x12:0x00000015 x15:0x00000001 x12=0x00000015
       68395000	      6740	8000580e	00757bb3	and	x23,x10,x7	 x10:0x00000000  x7:0x00000000 x23=0x00000000
       68435000	      6744	80005812	02732833	mulhsu	x16,x6,x7	  x6:0x00000000  x7:0x00000000 x16=0x00000000
       68445000	      6745	80005816	eff94097	auipc	x1,0xeff94	  x1=0x6ff99816
       68455000	      6746	8000581a	8e45	c.or	x12,x9	 x12:0x00000015  x9:0x00008000 x12=0x00008015
       68465000	      6747	8000581c	340020f3	csrrs	x1,mscratch,x0	  x0:0x00000000  x1=0x00000000
       68475000	      6748	80005820	6105	c.addi16sp	x2,32	  x2:0xbfff0c1d  x2=0xbfff0c3d
       68485000	      6749	80005822	2be3e713	ori	x14,x7,702	  x7:0x00000000 x14=0x000002be
       68855000	      6786	80005826	02d0f9b3	remu	x19,x1,x13	  x1:0x00000000 x13:0x80023ce4 x19=0x00000000
       68865000	      6787	8000582a	03826563	bltu	x4,x24,80005854	  x4:0x80023ce4 x24:0xbfff0c1e
       68885000	      6789	80005854	0414fb13	andi	x22,x9,65	  x9:0x00008000 x22=0x00000000
       68895000	      6790	80005858	a8c62113	slti	x2,x12,-1396	 x12:0x00008015  x2=0x00000000
       68905000	      6791	8000585c	36aff313	andi	x6,x31,874	 x31:0xbfff0c1e  x6=0x0000000a
       68915000	      6792	80005860	34002cf3	csrrs	x25,mscratch,x0	  x0:0x00000000 x25=0x00000000
       68925000	      6793	80005864	007b7ab3	and	x21,x22,x7	 x22:0x00000000  x7:0x00000000 x21=0x00000000
       68945000	      6795	80005868	03336f33	rem	x30,x6,x19	  x6:0x0000000a x19:0x00000000 x30=0x0000000a
       68955000	      6796	8000586c	34056273	csrrsi	x4,mscratch,10	  x4=0x00000000
       68965000	      6797	80005870	0094e733	or	x14,x9,x9	  x9:0x00008000  x9:0x00008000 x14=0x00008000
       68975000	      6798	80005874	00714e63	blt	x2,x7,80005890	  x2:0x00000000  x7:0x00000000
       68985000	      6799	80005878	01704c63	blt	x0,x23,80005890	  x0:0x00000000 x23:0x00000000
       68995000	      6800	8000587c	a6494e37	lui	x28,0xa6494	 x28=0xa6494000
       69035000	      6804	80005880	02e727b3	mulhsu	x15,x14,x14	 x14:0x00008000 x14:0x00008000 x15=0x00000000
       69405000	      6841	80005884	03267fb3	remu	x31,x12,x18	 x12:0x00008015 x18:0x000006ab x31=0x00000164
       69415000	      6842	80005888	362d28b7	lui	x17,0x362d2	 x17=0x362d2000
       69785000	      6879	8000588c	0259d7b3	divu	x15,x19,x5	 x19:0x00000000  x5:0x00000001 x15=0x00000000
       69795000	      6880	80005890	00660a63	beq	x12,x6,800058a4	 x12:0x00008015  x6:0x0000000a
       69805000	      6881	80005894	01ab9663	bne	x23,x26,800058a0	 x23:0x00000000 x26:0xfffffd42
       69825000	      6883	800058a0	340dd073	csrrwi	x0,mscratch,27	  x0=0x00000000
       69835000	      6884	800058a4	010facb3	slt	x25,x31,x16	 x31:0x00000164 x16:0x00000000 x25=0x00000000
       69845000	      6885	800058a8	01417933	and	x18,x2,x20	  x2:0x00000000 x20:0x00000001 x18=0x00000000
       69855000	      6886	800058ac	c50d	c.beqz	x10,800058d6	 x10:0x00000000
       69895000	      6890	800058d6	02acf8b3	remu	x17,x25,x10	 x25:0x00000000 x10:0x00000000 x17=0x00000000
       69905000	      6891	800058da	0011cbb3	xor	x23,x3,x1	  x3:0x00019000  x1:0x00000000 x23=0x00019000
       69915000	      6892	800058de	0001	c.addi	x0,0	  x0:0x00000000  x0=0x00000000
       69925000	      6893	800058e0	597d	c.li	x18,-1	 x18=0xffffffff
       69935000	      6894	800058e2	0000100f	fence.i	
       69965000	      6897	800058e6	001e74b3	and	x9,x28,x1	 x28:0xa6494000  x1:0x00000000  x9=0x00000000
       70005000	      6901	800058ea	03291433	mulh	x8,x18,x18	 x18:0xffffffff x18:0xffffffff  x8=0x00000000
       70015000	      6902	800058ee	848d	c.srai	x9,0x3	  x9:0x00000000  x9=0x00000000
       70025000	      6903	800058f0	340d6a73	csrrsi	x20,mscratch,26	 x20=0x0000001b
       70035000	      6904	800058f4	1590	c.addi4spn	x12,x2,736	 x12=0x000002e0
       70045000	      6905	800058f6	9bc6	c.add	x23,x17	 x23:0x00019000 x17:0x00000000 x23=0x00019000
       70055000	      6906	800058f8	031d7563	bgeu	x26,x17,80005922	 x26:0xfffffd42 x17:0x00000000
       70075000	      6908	80005922	1518	c.addi4spn	x14,x2,672	 x14=0x000002a0
       70085000	      6909	80005924	d7746513	ori	x10,x8,-649	  x8:0x00000000 x10=0xfffffd77
       70095000	      6910	80005928	0025bb93	sltiu	x23,x11,2	 x11:0x8001fe64 x23=0x00000000
       70105000	      6911	8000592c	033e5463	bge	x28,x19,80005954	 x28:0xa6494000 x19:0x00000000
       70115000	      6912	80005930	e51bb413	sltiu	x8,x23,-431	 x23:0x00000000  x8=0x00000001
       70135000	      6914	80005934	0356e1b3	rem	x3,x13,x21	 x13:0x80023ce4 x21:0x00000000  x3=0x80023ce4
       70145000	      6915	80005938	8565	c.srai	x10,0x19	 x10:0xfffffd77 x10=0xffffffff
       70155000	      6916	8000593a	41e78233	sub	x4,x15,x30	 x15:0x00000000 x30:0x0000000a  x4=0xfffffff6
       70165000	      6917	8000593e	34002073	csrrs	x0,mscratch,x0	  x0:0x00000000  x0=0x00000000
       70175000	      6918	80005942	8c25	c.xor	x8,x9	  x8:0x00000001  x9:0x00000000  x8=0x00000001
       70185000	      6919	80005944	b1b3fd13	andi	x26,x7,-1253	  x7:0x00000000 x26=0x00000000
       70195000	      6920	80005948	00d85a13	srli	x20,x16,0xd	 x16:0x00000000 x20=0x00000000
       70205000	      6921	8000594c	5e1e6813	ori	x16,x28,1505	 x28:0xa6494000 x16=0xa64945e1
       70215000	      6922	80005950	00b460b3	or	x1,x8,x11	  x8:0x00000001 x11:0x8001fe64  x1=0x8001fe65
       70225000	      6923	80005954	41a85b13	srai	x22,x16,0x1a	 x16:0xa64945e1 x22=0xffffffe9
       70235000	      6924	80005958	04018263	beq	x3,x0,8000599c	  x3:0x80023ce4  x0:0x00000000
       70245000	      6925	8000595c	40c95bb3	sra	x23,x18,x12	 x18:0xffffffff x12:0x000002e0 x23=0xffffffff
       70255000	      6926	80005960	855d	c.srai	x10,0x17	 x10:0xffffffff x10=0xffffffff
       70265000	      6927	80005962	14fd	c.addi	x9,-1	  x9:0x00000000  x9=0xffffffff
       70275000	      6928	80005964	0000100f	fence.i	
       70295000	      6930	80005968	8eb6	c.mv	x29,x13	  x0:0x00000000 x13:0x80023ce4 x29=0x80023ce4
       70335000	      6934	8000596a	0235bf33	mulhu	x30,x11,x3	 x11:0x8001fe64  x3:0x80023ce4 x30=0x40021da8
       70345000	      6935	8000596e	30f8ec97	auipc	x25,0x30f8e	 x25=0xb0f9396e
       70355000	      6936	80005972	010bd2b3	srl	x5,x23,x16	 x23:0xffffffff x16:0xa64945e1  x5=0x7fffffff
       70365000	      6937	80005976	34007af3	csrrci	x21,mscratch,0	 x21=0x0000001b
       70375000	      6938	8000597a	34011073	csrrw	x0,mscratch,x2	  x2:0x00000000  x0=0x00000000
       70385000	      6939	8000597e	0001	c.addi	x0,0	  x0:0x00000000  x0=0x00000000
       70395000	      6940	80005980	00779c63	bne	x15,x7,80005998	 x15:0x00000000  x7:0x00000000
       70405000	      6941	80005984	00c5d363	bge	x11,x12,8000598a	 x11:0x8001fe64 x12:0x000002e0
       70415000	      6942	80005988	8065	c.srli	x8,0x19	  x8:0x00000001  x8=0x00000000
       70455000	      6946	8000598a	02f5b433	mulhu	x8,x11,x15	 x11:0x8001fe64 x15:0x00000000  x8=0x00000000
       70465000	      6947	8000598e	117d	c.addi	x2,-1	  x2:0x00000000  x2=0xffffffff
       70835000	      6984	80005990	022d6533	rem	x10,x26,x2	 x26:0x00000000  x2:0xffffffff x10=0x00000000
       70875000	      6988	80005994	03bdbfb3	mulhu	x31,x27,x27	 x27:0x00000000 x27:0x00000000 x31=0x00000000
       70885000	      6989	80005998	011ec8b3	xor	x17,x29,x17	 x29:0x80023ce4 x17:0x00000000 x17=0x80023ce4
       70915000	      6992	8000599c	02368db3	mul	x27,x13,x3	 x13:0x80023ce4  x3:0x80023ce4 x27=0x020bab10
       70925000	      6993	800059a0	ba1fa913	slti	x18,x31,-1119	 x31:0x00000000 x18=0x00000000
       70935000	      6994	800059a4	0030ec63	bltu	x1,x3,800059bc	  x1:0x8001fe65  x3:0x80023ce4
       70955000	      6996	800059bc	57834f13	xori	x30,x6,1400	  x6:0x0000000a x30=0x00000572
       70965000	      6997	800059c0	006cd113	srli	x2,x25,0x6	 x25:0xb0f9396e  x2=0x02c3e4e5
       70975000	      6998	800059c4	05e8d363	bge	x17,x30,80005a0a	 x17:0x80023ce4 x30:0x00000572
       70985000	      6999	800059c8	269b2c93	slti	x25,x22,617	 x22:0xffffffe9 x25=0x00000001
       71015000	      7002	800059cc	03a30a33	mul	x20,x6,x26	  x6:0x0000000a x26:0x00000000 x20=0x00000000
       71025000	      7003	800059d0	007bc033	xor	x0,x23,x7	 x23:0xffffffff  x7:0x00000000  x0=0x00000000
       71395000	      7040	800059d4	02d5e7b3	rem	x15,x11,x13	 x11:0x8001fe64 x13:0x80023ce4 x15=0xffffc180
       71405000	      7041	800059d8	015b9c93	slli	x25,x23,0x15	 x23:0xffffffff x25=0xffe00000
       71415000	      7042	800059dc	014cadb3	slt	x27,x25,x20	 x25:0xffe00000 x20:0x00000000 x27=0x00000001
       71425000	      7043	800059e0	00cf7863	bgeu	x30,x12,800059f0	 x30:0x00000572 x12:0x000002e0
       71445000	      7045	800059f0	8011	c.srli	x8,0x4	  x8:0x00000000  x8=0x00000000
       71455000	      7046	800059f2	6f1f0293	addi	x5,x30,1777	 x30:0x00000572  x5=0x00000c63
       71465000	      7047	800059f6	dae08213	addi	x4,x1,-594	  x1:0x8001fe65  x4=0x8001fc13
       71475000	      7048	800059fa	01d28ab3	add	x21,x5,x29	  x5:0x00000c63 x29:0x80023ce4 x21=0x80024947
       71485000	      7049	800059fe	011f5d93	srli	x27,x30,0x11	 x30:0x00000572 x27=0x00000000
       71495000	      7050	80005a02	ca09	c.beqz	x12,80005a14	 x12:0x000002e0
       71505000	      7051	80005a04	8f55	c.or	x14,x13	 x14:0x000002a0 x13:0x80023ce4 x14=0x80023ee4
       71515000	      7052	80005a06	0009ed63	bltu	x19,x0,80005a20	 x19:0x00000000  x0:0x00000000
       71525000	      7053	80005a0a	cffcbb97	auipc	x23,0xcffcb	 x23=0x4ffd0a0a
       71535000	      7054	80005a0e	8c79	c.and	x8,x14	  x8:0x00000000 x14:0x80023ee4  x8=0x00000000
       71545000	      7055	80005a10	00537963	bgeu	x6,x5,80005a22	  x6:0x0000000a  x5:0x00000c63
       71555000	      7056	80005a14	022ff963	bgeu	x31,x2,80005a46	 x31:0x00000000  x2:0x02c3e4e5
       71565000	      7057	80005a18	4016df93	srai	x31,x13,0x1	 x13:0x80023ce4 x31=0xc0011e72
       71575000	      7058	80005a1c	005efeb3	and	x29,x29,x5	 x29:0x80023ce4  x5:0x00000c63 x29=0x00000c60
       71585000	      7059	80005a20	8731	c.srai	x14,0xc	 x14:0x80023ee4 x14=0xfff80023
       71595000	      7060	80005a22	009fa1b3	slt	x3,x31,x9	 x31:0xc0011e72  x9:0xffffffff  x3=0x00000001
       71635000	      7064	80005a26	023b1db3	mulh	x27,x22,x3	 x22:0xffffffe9  x3:0x00000001 x27=0xffffffff
       71645000	      7065	80005a2a	015efe63	bgeu	x29,x21,80005a46	 x29:0x00000c60 x21:0x80024947
       71685000	      7069	80005a2e	0332a7b3	mulhsu	x15,x5,x19	  x5:0x00000c63 x19:0x00000000 x15=0x00000000
       71695000	      7070	80005a32	0001	c.addi	x0,0	  x0:0x00000000  x0=0x00000000
       71705000	      7071	80005a34	f722e513	ori	x10,x5,-142	  x5:0x00000c63 x10=0xffffff73
       71715000	      7072	80005a38	9b86	c.add	x23,x1	 x23:0x4ffd0a0a  x1:0x8001fe65 x23=0xcfff086f
       71725000	      7073	80005a3a	019648b3	xor	x17,x12,x25	 x12:0x000002e0 x25:0xffe00000 x17=0xffe002e0
       71735000	      7074	80005a3e	8a11	c.andi	x12,4	 x12:0x000002e0 x12=0x00000000
       71775000	      7078	80005a40	03dd3033	mulhu	x0,x26,x29	 x26:0x00000000 x29:0x00000c60  x0=0x00000000
       71785000	      7079	80005a44	0001	c.addi	x0,0	  x0:0x00000000  x0=0x00000000
       71795000	      7080	80005a46	48f22093	slti	x1,x4,1167	  x4:0x8001fc13  x1=0x00000001
       71805000	      7081	80005a4a	1ffd2313	slti	x6,x26,511	 x26:0x00000000  x6=0x00000001
       71815000	      7082	80005a4e	004e9793	slli	x15,x29,0x4	 x29:0x00000c60 x15=0x0000c600
       71825000	      7083	80005a52	0050edb3	or	x27,x1,x5	  x1:0x00000001  x5:0x00000c63 x27=0x00000c63
       71835000	      7084	80005a56	01a4da33	srl	x20,x9,x26	  x9:0xffffffff x26:0x00000000 x20=0xffffffff
       72205000	      7121	80005a5a	036840b3	div	x1,x16,x22	 x16:0xa64945e1 x22:0xffffffe9  x1=0x03e68da8
       72215000	      7122	80005a5e	019cdf13	srli	x30,x25,0x19	 x25:0xffe00000 x30=0x0000007f
       72225000	      7123	80005a62	0d553713	sltiu	x14,x10,213	 x10:0xffffff73 x14=0x00000000
       72235000	      7124	80005a66	0000100f	fence.i	
       72255000	      7126	80005a6a	8f36	c.mv	x30,x13	  x0:0x00000000 x13:0x80023ce4 x30=0x80023ce4
       72265000	      7127	80005a6c	0ff0000f	fence	iorw,iorw	
       72275000	      7128	80005a70	1104	c.addi4spn	x9,x2,160	  x9=0x02c3e585
       72285000	      7129	80005a72	35de8613	addi	x12,x29,861	 x29:0x00000c60 x12=0x00000fbd
       72295000	      7130	80005a76	4097d8b3	sra	x17,x15,x9	 x15:0x0000c600  x9:0x02c3e585 x17=0x00000630
       72335000	      7134	80005a7a	0234aa33	mulhsu	x20,x9,x3	  x9:0x02c3e585  x3:0x00000001 x20=0x00000000
       72345000	      7135	80005a7e	8e61	c.and	x12,x8	 x12:0x00000fbd  x8:0x00000000 x12=0x00000000
       72715000	      7172	80005a80	03e847b3	div	x15,x16,x30	 x16:0xa64945e1 x30:0x80023ce4 x15=0x00000000
       72725000	      7173	80005a84	80e1	c.srli	x9,0x18	  x9:0x02c3e585  x9=0x00000002
       72735000	      7174	80005a86	4089de33	sra	x28,x19,x8	 x19:0x00000000  x8:0x00000000 x28=0x00000000
       72745000	      7175	80005a8a	0001	c.addi	x0,0	  x0:0x00000000  x0=0x00000000
       72755000	      7176	80005a8c	dc818297	auipc	x5,0xdc818	  x5=0x5c81da8c
       72765000	      7177	80005a90	8f7e	c.mv	x30,x31	  x0:0x00000000 x31:0xc0011e72 x30=0xc0011e72
       72775000	      7178	80005a92	09078d13	addi	x26,x15,144	 x15:0x00000000 x26=0x00000090
       72785000	      7179	80005a96	0136d0b3	srl	x1,x13,x19	 x13:0x80023ce4 x19:0x00000000  x1=0x80023ce4
       72795000	      7180	80005a9a	a74c3613	sltiu	x12,x24,-1420	 x24:0xbfff0c1e x12=0x00000001
       72805000	      7181	80005a9e	024a5e63	bge	x20,x4,80005ada	 x20:0x00000000  x4:0x8001fc13
       72825000	      7183	80005ada	8f1d	c.sub	x14,x15	 x14:0x00000000 x15:0x00000000 x14=0x00000000
       72835000	      7184	80005adc	340879f3	csrrci	x19,mscratch,16	 x19=0x00000000
       72845000	      7185	80005ae0	8fa5	c.xor	x15,x9	 x15:0x00000000  x9:0x00000002 x15=0x00000002
       72855000	      7186	80005ae2	00d61b33	sll	x22,x12,x13	 x12:0x00000001 x13:0x80023ce4 x22=0x00000010
       72865000	      7187	80005ae6	0001	c.addi	x0,0	  x0:0x00000000  x0=0x00000000
       72875000	      7188	80005ae8	333c4f93	xori	x31,x24,819	 x24:0xbfff0c1e x31=0xbfff0f2d
       72885000	      7189	80005aec	00d61b93	slli	x23,x12,0xd	 x12:0x00000001 x23=0x00002000
       72915000	      7192	80005af0	02af80b3	mul	x1,x31,x10	 x31:0xbfff0f2d x10:0xffffff73  x1=0x4084a437
       72925000	      7193	80005af4	4111d013	srai	x0,x3,0x11	  x3:0x00000001  x0=0x00000000
       72935000	      7194	80005af8	0001	c.addi	x0,0	  x0:0x00000000  x0=0x00000000
       72975000	      7198	80005afa	03a2af33	mulhsu	x30,x5,x26	  x5:0x5c81da8c x26:0x00000090 x30=0x00000034
       72985000	      7199	80005afe	40c384b3	sub	x9,x7,x12	  x7:0x00000000 x12:0x00000001  x9=0xffffffff
       72995000	      7200	80005b02	3409bcf3	csrrc	x25,mscratch,x19	 x19:0x00000000 x25=0x00000000
       73005000	      7201	80005b06	5a35e293	ori	x5,x11,1443	 x11:0x8001fe64  x5=0x8001ffe7
       73015000	      7202	80005b0a	34099773	csrrw	x14,mscratch,x19	 x19:0x00000000 x14=0x00000000
       73025000	      7203	80005b0e	8e61	c.and	x12,x8	 x12:0x00000001  x8:0x00000000 x12=0x00000000
       73035000	      7204	80005b10	161c	c.addi4spn	x15,x2,800	 x15=0x02c3e805
       73075000	      7208	80005b12	03ec2333	mulhsu	x6,x24,x30	 x24:0xbfff0c1e x30:0x00000034  x6=0xfffffff2
       73085000	      7209	80005b16	142c0313	addi	x6,x24,322	 x24:0xbfff0c1e  x6=0xbfff0d60
       73095000	      7210	80005b1a	00c13fb3	sltu	x31,x2,x12	  x2:0x02c3e4e5 x12:0x00000000 x31=0x00000000
       73105000	      7211	80005b1e	01d11f13	slli	x30,x2,0x1d	  x2:0x02c3e4e5 x30=0xa0000000
       73145000	      7215	80005b22	03429933	mulh	x18,x5,x20	  x5:0x8001ffe7 x20:0x00000000 x18=0x00000000
       73155000	      7216	80005b26	ef152a13	slti	x20,x10,-271	 x10:0xffffff73 x20=0x00000000
       73165000	      7217	80005b2a	005078b3	and	x17,x0,x5	  x0:0x00000000  x5:0x8001ffe7 x17=0x00000000
       73175000	      7218	80005b2e	00355013	srli	x0,x10,0x3	 x10:0xffffff73  x0=0x00000000
       73185000	      7219	80005b32	40a1	c.li	x1,8	  x1=0x00000008
       73195000	      7220	80005b34	02de0763	beq	x28,x13,80005b62	 x28:0x00000000 x13:0x80023ce4
       73215000	      7222	80005b38	03f8dc33	divu	x24,x17,x31	 x17:0x00000000 x31:0x00000000 x24=0xffffffff
       73225000	      7223	80005b3c	8c39	c.xor	x8,x14	  x8:0x00000000 x14:0x00000000  x8=0x00000000
       73235000	      7224	80005b3e	01543a33	sltu	x20,x8,x21	  x8:0x00000000 x21:0x80024947 x20=0x00000001
       73245000	      7225	80005b42	07f1	c.addi	x15,28	 x15:0x02c3e805 x15=0x02c3e821
       73255000	      7226	80005b44	1ca2c913	xori	x18,x5,458	  x5:0x8001ffe7 x18=0x8001fe2d
       73265000	      7227	80005b48	41fe5893	srai	x17,x28,0x1f	 x28:0x00000000 x17=0x00000000
       73275000	      7228	80005b4c	024dcd63	blt	x27,x4,80005b86	 x27:0x00000c63  x4:0x8001fc13
       73645000	      7265	80005b50	030e70b3	remu	x1,x28,x16	 x28:0x00000000 x16:0xa64945e1  x1=0x00000000
       73655000	      7266	80005b54	f8b53c13	sltiu	x24,x10,-117	 x10:0xffffff73 x24=0x00000001
       73665000	      7267	80005b58	9f930137	lui	x2,0x9f930	  x2=0x9f930000
       73675000	      7268	80005b5c	8c51	c.or	x8,x12	  x8:0x00000000 x12:0x00000000  x8=0x00000000
       73685000	      7269	80005b5e	410d09b3	sub	x19,x26,x16	 x26:0x00000090 x16:0xa64945e1 x19=0x59b6baaf
       73695000	      7270	80005b62	340568f3	csrrsi	x17,mscratch,10	 x17=0x00000000
       73705000	      7271	80005b66	aa184513	xori	x10,x16,-1375	 x16:0xa64945e1 x10=0x59b6bf40
       73725000	      7273	80005b6a	021fecb3	rem	x25,x31,x1	 x31:0x00000000  x1:0x00000000 x25=0x00000000
       73735000	      7274	80005b6e	065a	c.slli	x12,0x16	 x12:0x00000000 x12=0x00000000
       73745000	      7275	80005b70	8421	c.srai	x8,0x8	  x8:0x00000000  x8=0x00000000
       73755000	      7276	80005b72	019a51b3	srl	x3,x20,x25	 x20:0x00000001 x25:0x00000000  x3=0x00000001
       73765000	      7277	80005b76	0143aab3	slt	x21,x7,x20	  x7:0x00000000 x20:0x00000001 x21=0x00000001
       73775000	      7278	80005b7a	01851b13	slli	x22,x10,0x18	 x10:0x59b6bf40 x22=0x40000000
       73785000	      7279	80005b7e	2e8dbb93	sltiu	x23,x27,744	 x27:0x00000c63 x23=0x00000000
       73795000	      7280	80005b82	0000100f	fence.i	
       73855000	      7286	80005b86	03b437b3	mulhu	x15,x8,x27	  x8:0x00000000 x27:0x00000c63 x15=0x00000000
       73895000	      7290	80005b8a	026c9e33	mulh	x28,x25,x6	 x25:0x00000000  x6:0xbfff0d60 x28=0x00000000
       73905000	      7291	80005b8e	c919	c.beqz	x10,80005ba4	 x10:0x59b6bf40
       73915000	      7292	80005b90	01687833	and	x16,x16,x22	 x16:0xa64945e1 x22:0x40000000 x16=0x00000000
       73955000	      7296	80005b94	03c53fb3	mulhu	x31,x10,x28	 x10:0x59b6bf40 x28:0x00000000 x31=0x00000000
       73965000	      7297	80005b98	0ff0000f	fence	iorw,iorw	
       73975000	      7298	80005b9c	00afd413	srli	x8,x31,0xa	 x31:0x00000000  x8=0x00000000
       73985000	      7299	80005ba0	0206d663	bge	x13,x0,80005bcc	 x13:0x80023ce4  x0:0x00000000
       73995000	      7300	80005ba4	0041ea63	bltu	x3,x4,80005bb8	  x3:0x00000001  x4:0x8001fc13
       74375000	      7338	80005bb8	026afc33	remu	x24,x21,x6	 x21:0x00000001  x6:0xbfff0d60 x24=0x00000001
       74385000	      7339	80005bbc	0c51	c.addi	x24,20	 x24:0x00000001 x24=0x00000015
       74395000	      7340	80005bbe	00224a63	blt	x4,x2,80005bd2	  x4:0x8001fc13  x2:0x9f930000
       74425000	      7343	80005bd2	6fd8c513	xori	x10,x17,1789	 x17:0x00000000 x10=0x000006fd
       74435000	      7344	80005bd6	cc95	c.beqz	x9,80005c12	  x9:0xffffffff
       74445000	      7345	80005bd8	0384	c.addi4spn	x9,x2,448	  x9=0x9f9301c0
       74455000	      7346	80005bda	00749733	sll	x14,x9,x7	  x9:0x9f9301c0  x7:0x00000000 x14=0x9f9301c0
       74465000	      7347	80005bde	0148ec63	bltu	x17,x20,80005bf6	 x17:0x00000000 x20:0x00000001
       74495000	      7350	80005bf6	0486c263	blt	x13,x8,80005c3a	 x13:0x80023ce4  x8:0x00000000
       74525000	      7353	80005c3a	0ff0000f	fence	iorw,iorw	
       74535000	      7354	80005c3e	0001	c.addi	x0,0	  x0:0x00000000  x0=0x00000000
       74545000	      7355	80005c40	8fbd	c.xor	x15,x15	 x15:0x00000000 x15:0x00000000 x15=0x00000000
       74565000	      7357	80005c42	0397c2b3	div	x5,x15,x25	 x15:0x00000000 x25:0x00000000  x5=0xffffffff
       74575000	      7358	80005c46	e809	c.bnez	x8,80005c58	  x8:0x00000000
       74595000	      7360	80005c48	02c252b3	divu	x5,x4,x12	  x4:0x8001fc13 x12:0x00000000  x5=0xffffffff
       74635000	      7364	80005c4c	030a99b3	mulh	x19,x21,x16	 x21:0x00000001 x16:0x00000000 x19=0x00000000
       74645000	      7365	80005c50	042e6b13	ori	x22,x28,66	 x28:0x00000000 x22=0x00000042
       74655000	      7366	80005c54	f842c093	xori	x1,x5,-124	  x5:0xffffffff  x1=0x0000007b
       74665000	      7367	80005c58	408cd8b3	sra	x17,x25,x8	 x25:0x00000000  x8:0x00000000 x17=0x00000000
       74675000	      7368	80005c5c	00308963	beq	x1,x3,80005c6e	  x1:0x0000007b  x3:0x00000001
       74685000	      7369	80005c60	00159a33	sll	x20,x11,x1	 x11:0x8001fe64  x1:0x0000007b x20=0x20000000
       75055000	      7406	80005c64	0291f033	remu	x0,x3,x9	  x3:0x00000001  x9:0x9f9301c0  x0=0x00000000
       75065000	      7407	80005c68	0ff0000f	fence	iorw,iorw	
       75075000	      7408	80005c6c	8442	c.mv	x8,x16	  x0:0x00000000 x16:0x00000000  x8=0x00000000
       75085000	      7409	80005c6e	069c	c.addi4spn	x15,x2,832	 x15=0x9f930340
       75095000	      7410	80005c70	0001	c.addi	x0,0	  x0:0x00000000  x0=0x00000000
       75105000	      7411	80005c72	05c10163	beq	x2,x28,80005cb4	  x2:0x9f930000 x28:0x00000000
       75115000	      7412	80005c76	8e39	c.xor	x12,x14	 x12:0x00000000 x14:0x9f9301c0 x12=0x9f9301c0
       75135000	      7414	80005c78	027267b3	rem	x15,x4,x7	  x4:0x8001fc13  x7:0x00000000 x15=0x8001fc13
       75145000	      7415	80005c7c	6089	c.lui	x1,0x2	  x1=0x00002000
       75165000	      7417	80005c7e	03c05b33	divu	x22,x0,x28	  x0:0x00000000 x28:0x00000000 x22=0xffffffff
       75175000	      7418	80005c82	3404ad73	csrrs	x26,mscratch,x9	  x9:0x9f9301c0 x26=0x0000000a
       75185000	      7419	80005c86	01ea2c33	slt	x24,x20,x30	 x20:0x20000000 x30:0xa0000000 x24=0x00000000
       75195000	      7420	80005c8a	0001	c.addi	x0,0	  x0:0x00000000  x0=0x00000000
       75565000	      7457	80005c8c	03e47cb3	remu	x25,x8,x30	  x8:0x00000000 x30:0xa0000000 x25=0x00000000
       75575000	      7458	80005c90	0363d263	bge	x7,x22,80005cb4	  x7:0x00000000 x22:0xffffffff
       75595000	      7460	80005cb4	012cfc63	bgeu	x25,x18,80005ccc	 x25:0x00000000 x18:0x8001fe2d
       75605000	      7461	80005cb8	832abd13	sltiu	x26,x21,-1998	 x21:0x00000001 x26=0x00000001
       75615000	      7462	80005cbc	34045ff3	csrrwi	x31,mscratch,8	 x31=0x9f9301ca
       75985000	      7499	80005cc0	02397ab3	remu	x21,x18,x3	 x18:0x8001fe2d  x3:0x00000001 x21=0x00000000
       75995000	      7500	80005cc4	01230463	beq	x6,x18,80005ccc	  x6:0xbfff0d60 x18:0x8001fe2d
       76005000	      7501	80005cc8	0631	c.addi	x12,12	 x12:0x9f9301c0 x12=0x9f9301cc
       76015000	      7502	80005cca	8c45	c.or	x8,x9	  x8:0x00000000  x9:0x9f9301c0  x8=0x9f9301c0
       76025000	      7503	80005ccc	93a27c37	lui	x24,0x93a27	 x24=0x93a27000
       76035000	      7504	80005cd0	6cf9	c.lui	x25,0x1e	 x25=0x0001e000
       76045000	      7505	80005cd2	8a39	c.andi	x12,14	 x12:0x9f9301cc x12=0x0000000c
       76055000	      7506	80005cd4	340d6773	csrrsi	x14,mscratch,26	 x14=0x00000008
       76065000	      7507	80005cd8	340a1273	csrrw	x4,mscratch,x20	 x20:0x20000000  x4=0x0000001a
       76105000	      7511	80005cdc	029bbfb3	mulhu	x31,x23,x9	 x23:0x00000000  x9:0x9f9301c0 x31=0x00000000
       76115000	      7512	80005ce0	34016a73	csrrsi	x20,mscratch,2	 x20=0x20000000
       76125000	      7513	80005ce4	00799463	bne	x19,x7,80005cec	 x19:0x00000000  x7:0x00000000
       76155000	      7516	80005ce8	02128133	mul	x2,x5,x1	  x5:0xffffffff  x1:0x00002000  x2=0xffffe000
       76165000	      7517	80005cec	0001	c.addi	x0,0	  x0:0x00000000  x0=0x00000000
       76175000	      7518	80005cee	00350563	beq	x10,x3,80005cf8	 x10:0x000006fd  x3:0x00000001
       76185000	      7519	80005cf2	87c5	c.srai	x15,0x11	 x15:0x8001fc13 x15=0xffffc000
       76195000	      7520	80005cf4	2265a813	slti	x16,x11,550	 x11:0x8001fe64 x16=0x00000001
       76205000	      7521	80005cf8	34002af3	csrrs	x21,mscratch,x0	  x0:0x00000000 x21=0x20000002
       76215000	      7522	80005cfc	3406aff3	csrrs	x31,mscratch,x13	 x13:0x80023ce4 x31=0x20000002
       76255000	      7526	80005d00	024334b3	mulhu	x9,x6,x4	  x6:0xbfff0d60  x4:0x0000001a  x9=0x00000013
       76265000	      7527	80005d04	018bf133	and	x2,x23,x24	 x23:0x00000000 x24:0x93a27000  x2=0x00000000
       76275000	      7528	80005d08	04624d13	xori	x26,x4,70	  x4:0x0000001a x26=0x0000005c
       76285000	      7529	80005d0c	340e57f3	csrrwi	x15,mscratch,28	 x15=0xa0023ce6
       76295000	      7530	80005d10	3401b0f3	csrrc	x1,mscratch,x3	  x3:0x00000001  x1=0x0000001c
       76305000	      7531	80005d14	01e96b63	bltu	x18,x30,80005d2a	 x18:0x8001fe2d x30:0xa0000000
       76335000	      7534	80005d2a	1596ce93	xori	x29,x13,345	 x13:0x80023ce4 x29=0x80023dbd
       76345000	      7535	80005d2e	340c5973	csrrwi	x18,mscratch,24	 x18=0x0000001c
       76355000	      7536	80005d32	8a51	c.andi	x12,20	 x12:0x0000000c x12=0x00000004
       76395000	      7540	80005d34	0388b933	mulhu	x18,x17,x24	 x17:0x00000000 x24:0x93a27000 x18=0x00000000
       76405000	      7541	80005d38	8e61	c.and	x12,x8	 x12:0x00000004  x8:0x9f9301c0 x12=0x00000000
       76425000	      7543	80005d3a	022c7033	remu	x0,x24,x2	 x24:0x93a27000  x2:0x00000000  x0=0x00000000
       76435000	      7544	80005d3e	012ea433	slt	x8,x29,x18	 x29:0x80023dbd x18:0x00000000  x8=0x00000001
       76445000	      7545	80005d42	40b6d113	srai	x2,x13,0xb	 x13:0x80023ce4  x2=0xfff00047
       76455000	      7546	80005d46	0177adb3	slt	x27,x15,x23	 x15:0xa0023ce6 x23:0x00000000 x27=0x00000001
       76465000	      7547	80005d4a	611d	c.addi16sp	x2,416	  x2:0xfff00047  x2=0xfff001e7
       76475000	      7548	80005d4c	a16b3d93	sltiu	x27,x22,-1514	 x22:0xffffffff x27=0x00000000
       76485000	      7549	80005d50	00933333	sltu	x6,x6,x9	  x6:0xbfff0d60  x9:0x00000013  x6=0x00000000
       76525000	      7553	80005d54	02782cb3	mulhsu	x25,x16,x7	 x16:0x00000001  x7:0x00000000 x25=0x00000000
       76535000	      7554	80005d58	997d	c.andi	x10,-1	 x10:0x000006fd x10=0x000006fd
       76545000	      7555	80005d5a	717d	c.addi16sp	x2,-16	  x2:0xfff001e7  x2=0xfff001d7
       76555000	      7556	80005d5c	8e2e	c.mv	x28,x11	  x0:0x00000000 x11:0x8001fe64 x28=0x8001fe64
       76565000	      7557	80005d5e	3405b973	csrrc	x18,mscratch,x11	 x11:0x8001fe64 x18=0x00000018
       76575000	      7558	80005d62	340438f3	csrrc	x17,mscratch,x8	  x8:0x00000001 x17=0x00000018
       76585000	      7559	80005d66	410458b3	sra	x17,x8,x16	  x8:0x00000001 x16:0x00000001 x17=0x00000000
       76595000	      7560	80005d6a	ac4c4717	auipc	x14,0xac4c4	 x14=0x2c4c9d6a
       76605000	      7561	80005d6e	4153d9b3	sra	x19,x7,x21	  x7:0x00000000 x21:0x20000002 x19=0x00000000
       76615000	      7562	80005d72	00859013	slli	x0,x11,0x8	 x11:0x8001fe64  x0=0x00000000
       76625000	      7563	80005d76	753d7193	andi	x3,x26,1875	 x26:0x0000005c  x3=0x00000050
       76635000	      7564	80005d7a	c3f3c893	xori	x17,x7,-961	  x7:0x00000000 x17=0xfffffc3f
       76645000	      7565	80005d7e	3407d8f3	csrrwi	x17,mscratch,15	 x17=0x00000018
       76655000	      7566	80005d82	004c2bb3	slt	x23,x24,x4	 x24:0x93a27000  x4:0x0000001a x23=0x00000001
       76665000	      7567	80005d86	02bef063	bgeu	x29,x11,80005da6	 x29:0x80023dbd x11:0x8001fe64
       76695000	      7570	80005da6	001b8a33	add	x20,x23,x1	 x23:0x00000001  x1:0x0000001c x20=0x0000001d
       76715000	      7572	80005daa	039ae133	rem	x2,x21,x25	 x21:0x20000002 x25:0x00000000  x2=0x20000002
       76725000	      7573	80005dae	0b00	c.addi4spn	x8,x2,400	  x8=0x20000192
       76735000	      7574	80005db0	34001ef3	csrrw	x29,mscratch,x0	  x0:0x00000000 x29=0x0000000f
       76745000	      7575	80005db4	00f43b33	sltu	x22,x8,x15	  x8:0x20000192 x15:0xa0023ce6 x22=0x00000001
       76755000	      7576	80005db8	0001	c.addi	x0,0	  x0:0x00000000  x0=0x00000000
       76765000	      7577	80005dba	034b5663	bge	x22,x20,80005de6	 x22:0x00000001 x20:0x0000001d
       77135000	      7614	80005dbe	03afe133	rem	x2,x31,x26	 x31:0x20000002 x26:0x0000005c  x2=0x00000026
       77165000	      7617	80005dc2	025581b3	mul	x3,x11,x5	 x11:0x8001fe64  x5:0xffffffff  x3=0x7ffe019c
       77175000	      7618	80005dc6	e705	c.bnez	x14,80005dee	 x14:0x2c4c9d6a
       77205000	      7621	80005dee	004d3233	sltu	x4,x26,x4	 x26:0x0000005c  x4:0x0000001a  x4=0x00000000
       77215000	      7622	80005df2	022001ef	jal	x3,80005e14	  x3=0x80005df6
       77235000	      7624	80005e14	ff7ff4ef	jal	x9,80005e0a	  x9=0x80005e18
       77255000	      7626	80005e0a	3ff5	c.jal	80005e06	  x1=0x80005e0c
       77285000	      7629	80005e06	fffff36f	jal	x6,80005e04	  x6=0x80005e0a
       77305000	      7631	80005e04	3fed	c.jal	80005dfe	  x1=0x80005e06
       77325000	      7633	80005dfe	a015	c.j	80005e22	
       77355000	      7636	80005e22	fdbff36f	jal	x6,80005dfc	  x6=0x80005e26
       77375000	      7638	80005dfc	a005	c.j	80005e1c	
       77395000	      7640	80005e1c	fdfff0ef	jal	x1,80005dfa	  x1=0x80005e20
       77415000	      7642	80005dfa	3ff5	c.jal	80005df6	  x1=0x80005dfc
       77435000	      7644	80005df6	a029	c.j	80005e00	
       77455000	      7646	80005e00	010000ef	jal	x1,80005e10	  x1=0x80005e04
       77475000	      7648	80005e10	fffff0ef	jal	x1,80005e0e	  x1=0x80005e14
       77495000	      7650	80005e0e	2809	c.jal	80005e20	  x1=0x80005e10
       77515000	      7652	80005e20	bfed	c.j	80005e1a	
       77535000	      7654	80005e1a	3ff9	c.jal	80005df8	  x1=0x80005e1c
       77555000	      7656	80005df8	a005	c.j	80005e18	
       77575000	      7658	80005e18	bfd5	c.j	80005e0c	
       77595000	      7660	80005e0c	a829	c.j	80005e26	
       77625000	      7663	80005e26	888d4413	xori	x8,x26,-1912	 x26:0x0000005c  x8=0xfffff8d4
       77635000	      7664	80005e2a	038d0063	beq	x26,x24,80005e4a	 x26:0x0000005c x24:0x93a27000
       77645000	      7665	80005e2e	337b4f93	xori	x31,x22,823	 x22:0x00000001 x31=0x00000336
       77655000	      7666	80005e32	03db0c63	beq	x22,x29,80005e6a	 x22:0x00000001 x29:0x0000000f
       77665000	      7667	80005e36	016f4633	xor	x12,x30,x22	 x30:0xa0000000 x22:0x00000001 x12=0xa0000001
       77675000	      7668	80005e3a	6451	c.lui	x8,0x14	  x8=0x00014000
       77685000	      7669	80005e3c	9bfd	c.andi	x15,-1	 x15:0xa0023ce6 x15=0xa0023ce6
       77695000	      7670	80005e3e	00465f33	srl	x30,x12,x4	 x12:0xa0000001  x4:0x00000000 x30=0xa0000001
       77705000	      7671	80005e42	340f5173	csrrwi	x2,mscratch,30	  x2=0x00000000
       77715000	      7672	80005e46	00b08ab3	add	x21,x1,x11	  x1:0x80005e1c x11:0x8001fe64 x21=0x00025c80
       77725000	      7673	80005e4a	0001	c.addi	x0,0	  x0:0x00000000  x0=0x00000000
       77735000	      7674	80005e4c	03e79163	bne	x15,x30,80005e6e	 x15:0xa0023ce6 x30:0xa0000001
       77765000	      7677	80005e6e	00ebfd33	and	x26,x23,x14	 x23:0x00000001 x14:0x2c4c9d6a x26=0x00000000
       77775000	      7678	80005e72	8c39	c.xor	x8,x14	  x8:0x00014000 x14:0x2c4c9d6a  x8=0x2c4ddd6a
       77785000	      7679	80005e74	117d	c.addi	x2,-1	  x2:0x00000000  x2=0xffffffff
       77795000	      7680	80005e76	8ff9	c.and	x15,x14	 x15:0xa0023ce6 x14:0x2c4c9d6a x15=0x20001c62
       77805000	      7681	80005e78	6306e793	ori	x15,x13,1584	 x13:0x80023ce4 x15=0x80023ef4
       77815000	      7682	80005e7c	8099	c.srli	x9,0x6	  x9:0x80005e18  x9=0x02000178
       77825000	      7683	80005e7e	67ca6313	ori	x6,x20,1660	 x20:0x0000001d  x6=0x0000067d
       77835000	      7684	80005e82	83fd	c.srli	x15,0x1f	 x15:0x80023ef4 x15=0x00000001
       77845000	      7685	80005e84	006a0113	addi	x2,x20,6	 x20:0x0000001d  x2=0x00000023
       77855000	      7686	80005e88	31182093	slti	x1,x16,785	 x16:0x00000001  x1=0x00000001
       77875000	      7688	80005e8c	03be6cb3	rem	x25,x28,x27	 x28:0x8001fe64 x27:0x00000000 x25=0x8001fe64
       77885000	      7689	80005e90	58fd	c.li	x17,-1	 x17=0xffffffff
       77895000	      7690	80005e92	8d274d93	xori	x27,x14,-1838	 x14:0x2c4c9d6a x27=0xd3b365b8
       77905000	      7691	80005e96	8015	c.srli	x8,0x5	  x8:0x2c4ddd6a  x8=0x01626eeb
       77915000	      7692	80005e98	01901f63	bne	x0,x25,80005eb6	  x0:0x00000000 x25:0x8001fe64
       77945000	      7695	80005eb6	01466633	or	x12,x12,x20	 x12:0xa0000001 x20:0x0000001d x12=0xa000001d
       77955000	      7696	80005eba	0d04	c.addi4spn	x9,x2,656	  x9=0x000002b3
       77965000	      7697	80005ebc	34082af3	csrrs	x21,mscratch,x16	 x16:0x00000001 x21=0x0000001e
       77995000	      7700	80005ec0	02790233	mul	x4,x18,x7	 x18:0x00000018  x7:0x00000000  x4=0x00000000
       78005000	      7701	80005ec4	4055d2b3	sra	x5,x11,x5	 x11:0x8001fe64  x5:0xffffffff  x5=0xffffffff
       78015000	      7702	80005ec8	01a21963	bne	x4,x26,80005eda	  x4:0x00000000 x26:0x00000000
       78025000	      7703	80005ecc	01e93e33	sltu	x28,x18,x30	 x18:0x00000018 x30:0xa0000001 x28=0x00000001
       78035000	      7704	80005ed0	014a4c63	blt	x20,x20,80005ee8	 x20:0x0000001d x20:0x0000001d
       78045000	      7705	80005ed4	94a6	c.add	x9,x9	  x9:0x000002b3  x9:0x000002b3  x9=0x00000566
       78055000	      7706	80005ed6	006ee333	or	x6,x29,x6	 x29:0x0000000f  x6:0x0000067d  x6=0x0000067f
       78085000	      7709	80005eda	039d8433	mul	x8,x27,x25	 x27:0xd3b365b8 x25:0x8001fe64  x8=0x16b84be0
       78095000	      7710	80005ede	011b5cb3	srl	x25,x22,x17	 x22:0x00000001 x17:0xffffffff x25=0x00000000
       78105000	      7711	80005ee2	bd2a3b13	sltiu	x22,x20,-1070	 x20:0x0000001d x22=0x00000001
       78115000	      7712	80005ee6	52fd	c.li	x5,-1	  x5=0xffffffff
       78125000	      7713	80005ee8	91da	c.add	x3,x22	  x3:0x80005df6 x22:0x00000001  x3=0x80005df7
       78135000	      7714	80005eea	017ebd33	sltu	x26,x29,x23	 x29:0x0000000f x23:0x00000001 x26=0x00000000
       78145000	      7715	80005eee	00271413	slli	x8,x14,0x2	 x14:0x2c4c9d6a  x8=0xb13275a8
       78155000	      7716	80005ef2	717d	c.addi16sp	x2,-16	  x2:0x00000023  x2=0x00000013
       78165000	      7717	80005ef4	ed95fc13	andi	x24,x11,-295	 x11:0x8001fe64 x24=0x8001fe40
       78175000	      7718	80005ef8	0207f263	bgeu	x15,x0,80005f1c	 x15:0x00000001  x0:0x00000000
       78555000	      7756	80005f1c	02be77b3	remu	x15,x28,x11	 x28:0x00000001 x11:0x8001fe64 x15=0x00000001
       78565000	      7757	80005f20	400e5313	srai	x6,x28,0x0	 x28:0x00000001  x6=0x00000001
       78575000	      7758	80005f24	053f0163	beq	x30,x19,80005f66	 x30:0xa0000001 x19:0x00000000
       78585000	      7759	80005f28	1c98	c.addi4spn	x14,x2,624	 x14=0x00000283
       78595000	      7760	80005f2a	9256	c.add	x4,x21	  x4:0x00000000 x21:0x0000001e  x4=0x0000001e
       78605000	      7761	80005f2c	eb91	c.bnez	x15,80005f40	 x15:0x00000001
       78625000	      7763	80005f40	01ea67b3	or	x15,x20,x30	 x20:0x0000001d x30:0xa0000001 x15=0xa000001d
       78635000	      7764	80005f44	340bb0f3	csrrc	x1,mscratch,x23	 x23:0x00000001  x1=0x0000001f
       78645000	      7765	80005f48	0163e9b3	or	x19,x7,x22	  x7:0x00000000 x22:0x00000001 x19=0x00000001
       78655000	      7766	80005f4c	8565	c.srai	x10,0x19	 x10:0x000006fd x10=0x00000000
       78665000	      7767	80005f4e	00885463	bge	x16,x8,80005f56	 x16:0x00000001  x8:0xb13275a8
       79055000	      7806	80005f56	0369deb3	divu	x29,x19,x22	 x19:0x00000001 x22:0x00000001 x29=0x00000001
       79065000	      7807	80005f5a	0090	c.addi4spn	x12,x2,64	 x12=0x00000053
       79075000	      7808	80005f5c	01c37193	andi	x3,x6,28	  x6:0x00000001  x3=0x00000000
       79085000	      7809	80005f60	50fd	c.li	x1,-1	  x1=0xffffffff
       79095000	      7810	80005f62	00e23433	sltu	x8,x4,x14	  x4:0x0000001e x14:0x00000283  x8=0x00000001
       79105000	      7811	80005f66	10fd	c.addi	x1,-1	  x1:0xffffffff  x1=0xfffffffe
       79145000	      7815	80005f68	027619b3	mulh	x19,x12,x7	 x12:0x00000053  x7:0x00000000 x19=0x00000000
       79155000	      7816	80005f6c	02325963	bge	x4,x3,80005f9e	  x4:0x0000001e  x3:0x00000000
       79175000	      7818	80005f9e	58fd	c.li	x17,-1	 x17=0xffffffff
       79185000	      7819	80005fa0	015a6763	bltu	x20,x21,80005fae	 x20:0x0000001d x21:0x0000001e
       79215000	      7822	80005fae	34002cf3	csrrs	x25,mscratch,x0	  x0:0x00000000 x25=0x0000001e
       79225000	      7823	80005fb2	8f05	c.sub	x14,x9	 x14:0x00000283  x9:0x00000566 x14=0xfffffd1d
       79235000	      7824	80005fb4	6141	c.addi16sp	x2,16	  x2:0x00000013  x2=0x00000023
       79245000	      7825	80005fb6	567d	c.li	x12,-1	 x12=0xffffffff
       79255000	      7826	80005fb8	0001	c.addi	x0,0	  x0:0x00000000  x0=0x00000000
       79265000	      7827	80005fba	65e93b93	sltiu	x23,x18,1630	 x18:0x00000018 x23=0x00000001
       79275000	      7828	80005fbe	8c79	c.and	x8,x14	  x8:0x00000001 x14:0xfffffd1d  x8=0x00000001
       79285000	      7829	80005fc0	8771	c.srai	x14,0x1c	 x14:0xfffffd1d x14=0xffffffff
       79295000	      7830	80005fc2	0ff0000f	fence	iorw,iorw	
       79305000	      7831	80005fc6	e43ee993	ori	x19,x29,-445	 x29:0x00000001 x19=0xfffffe43
       79315000	      7832	80005fca	8cf1	c.and	x9,x12	  x9:0x00000566 x12:0xffffffff  x9=0x00000566
       79325000	      7833	80005fcc	0001	c.addi	x0,0	  x0:0x00000000  x0=0x00000000
       79335000	      7834	80005fce	a5558893	addi	x17,x11,-1451	 x11:0x8001fe64 x17=0x8001f8b9
       79345000	      7835	80005fd2	1384	c.addi4spn	x9,x2,480	  x9=0x00000203
       79715000	      7872	80005fd4	03ccff33	remu	x30,x25,x28	 x25:0x0000001e x28:0x00000001 x30=0x00000000
       79725000	      7873	80005fd8	03c2cc63	blt	x5,x28,80006010	  x5:0xffffffff x28:0x00000001
       79745000	      7875	80006010	00191a33	sll	x20,x18,x1	 x18:0x00000018  x1:0xfffffffe x20=0x00000000
       79755000	      7876	80006014	00adedb3	or	x27,x27,x10	 x27:0xd3b365b8 x10:0x00000000 x27=0xd3b365b8
       79765000	      7877	80006018	1a513793	sltiu	x15,x2,421	  x2:0x00000023 x15=0x00000001
       79775000	      7878	8000601c	00cb32b3	sltu	x5,x22,x12	 x22:0x00000001 x12:0xffffffff  x5=0x00000001
       79785000	      7879	80006020	8fbd	c.xor	x15,x15	 x15:0x00000001 x15:0x00000001 x15=0x00000000
       79795000	      7880	80006022	d5c70193	addi	x3,x14,-676	 x14:0xffffffff  x3=0xfffffd5b
       80165000	      7917	80006026	02d8fdb3	remu	x27,x17,x13	 x17:0x8001f8b9 x13:0x80023ce4 x27=0x8001f8b9
       80535000	      7954	8000602a	0231ee33	rem	x28,x3,x3	  x3:0xfffffd5b  x3:0xfffffd5b x28=0x00000000
       80545000	      7955	8000602e	340037f3	csrrc	x15,mscratch,x0	  x0:0x00000000 x15=0x0000001e
       80555000	      7956	80006032	340cb9f3	csrrc	x19,mscratch,x25	 x25:0x0000001e x19=0x0000001e
       80565000	      7957	80006036	40eade93	srai	x29,x21,0xe	 x21:0x0000001e x29=0x00000000
       80575000	      7958	8000603a	86e7be13	sltiu	x28,x15,-1938	 x15:0x0000001e x28=0x00000001
       80585000	      7959	8000603e	538c0893	addi	x17,x24,1336	 x24:0x8001fe40 x17=0x80020378
       80595000	      7960	80006042	01e63933	sltu	x18,x12,x30	 x12:0xffffffff x30:0x00000000 x18=0x00000000
       80605000	      7961	80006046	340cef73	csrrsi	x30,mscratch,25	 x30=0x00000000
       80615000	      7962	8000604a	4479	c.li	x8,30	  x8=0x0000001e
       80625000	      7963	8000604c	01d651b3	srl	x3,x12,x29	 x12:0xffffffff x29:0x00000000  x3=0xffffffff
       80635000	      7964	80006050	60223a97	auipc	x21,0x60223	 x21=0xe0229050
       80645000	      7965	80006054	6159	c.addi16sp	x2,400	  x2:0x00000023  x2=0x000001b3
       80655000	      7966	80006056	0104e9b3	or	x19,x9,x16	  x9:0x00000203 x16:0x00000001 x19=0x00000203
       80665000	      7967	8000605a	024001ef	jal	x3,8000607e	  x3=0x8000605e
       80695000	      7970	8000607e	00c000ef	jal	x1,8000608a	  x1=0x80006082
       80715000	      7972	8000608a	b7cd	c.j	8000606c	
       80735000	      7974	8000606c	bfd5	c.j	80006060	
       80755000	      7976	80006060	030004ef	jal	x9,80006090	  x9=0x80006064
       80775000	      7978	80006090	3fcd	c.jal	80006082	  x1=0x80006092
       80795000	      7980	80006082	37cd	c.jal	80006064	  x1=0x80006084
       80815000	      7982	80006064	a801	c.j	80006074	
       80835000	      7984	80006074	bfd5	c.j	80006068	
       80855000	      7986	80006068	0200036f	jal	x6,80006088	  x6=0x8000606c
       80875000	      7988	80006088	bfd5	c.j	8000607c	
       80895000	      7990	8000607c	2809	c.jal	8000608e	  x1=0x8000607e
       80915000	      7992	8000608e	3fc1	c.jal	8000605e	  x1=0x80006090
       80935000	      7994	8000605e	2809	c.jal	80006070	  x1=0x80006060
       80955000	      7996	80006070	0280086f	jal	x16,80006098	 x16=0x80006074
       80975000	      7998	80006098	b7c5	c.j	80006078	
       80995000	      8000	80006078	a031	c.j	80006084	
       81015000	      8002	80006084	fe3ff16f	jal	x2,80006066	  x2=0x80006088
       81035000	      8004	80006066	281d	c.jal	8000609c	  x1=0x80006068
       81055000	      8006	8000609c	bfc9	c.j	8000606e	
       81075000	      8008	8000606e	2015	c.jal	80006092	  x1=0x80006070
       81095000	      8010	80006092	2021	c.jal	8000609a	  x1=0x80006094
       81115000	      8012	8000609a	3fcd	c.jal	8000608c	  x1=0x8000609c
       81135000	      8014	8000608c	b7ed	c.j	80006076	
       81155000	      8016	80006076	2011	c.jal	8000607a	  x1=0x80006078
       81175000	      8018	8000607a	2829	c.jal	80006094	  x1=0x8000607c
       81195000	      8020	80006094	00a000ef	jal	x1,8000609e	  x1=0x80006098
       81235000	      8024	8000609e	027ff8b3	remu	x17,x31,x7	 x31:0x00000336  x7:0x00000000 x17=0x00000336
       81245000	      8025	800060a2	0001	c.addi	x0,0	  x0:0x00000000  x0=0x00000000
       81255000	      8026	800060a4	717d	c.addi16sp	x2,-16	  x2:0x80006088  x2=0x80006078
       81265000	      8027	800060a6	7115cc17	auipc	x24,0x7115c	 x24=0xf11620a6
       81275000	      8028	800060aa	039e7863	bgeu	x28,x25,800060da	 x28:0x00000001 x25:0x0000001e
       81645000	      8065	800060ae	02b4c2b3	div	x5,x9,x11	  x9:0x80006064 x11:0x8001fe64  x5=0x00000001
       81655000	      8066	800060b2	0d7d	c.addi	x26,31	 x26:0x00000000 x26=0x0000001f
       81665000	      8067	800060b4	3400f1f3	csrrci	x3,mscratch,1	  x3=0x00000019
       81675000	      8068	800060b8	0ff0000f	fence	iorw,iorw	
       81685000	      8069	800060bc	00bc9733	sll	x14,x25,x11	 x25:0x0000001e x11:0x8001fe64 x14=0x000001e0
       81695000	      8070	800060c0	0000100f	fence.i	
       81715000	      8072	800060c4	4116d493	srai	x9,x13,0x11	 x13:0x80023ce4  x9=0xffffc001
       81755000	      8076	800060c8	039337b3	mulhu	x15,x6,x25	  x6:0x8000606c x25:0x0000001e x15=0x0000000f
       81765000	      8077	800060cc	c489	c.beqz	x9,800060d6	  x9:0xffffc001
       81775000	      8078	800060ce	34007973	csrrci	x18,mscratch,0	 x18=0x00000018
       81785000	      8079	800060d2	6492a093	slti	x1,x5,1609	  x5:0x00000001  x1=0x00000001
       81825000	      8083	800060d6	02f0a933	mulhsu	x18,x1,x15	  x1:0x00000001 x15:0x0000000f x18=0x00000000
       81835000	      8084	800060da	67074b97	auipc	x23,0x67074	 x23=0xe707a0da
       81845000	      8085	800060de	bd020793	addi	x15,x4,-1072	  x4:0x0000001e x15=0xfffffbee
       81855000	      8086	800060e2	8ced	c.and	x9,x11	  x9:0xffffc001 x11:0x8001fe64  x9=0x8001c000
       81865000	      8087	800060e4	e7a56137	lui	x2,0xe7a56	  x2=0xe7a56000
       81875000	      8088	800060e8	127d	c.addi	x4,-1	  x4:0x0000001e  x4=0x0000001d
       81885000	      8089	800060ea	340e6873	csrrsi	x16,mscratch,28	 x16=0x00000018
       81895000	      8090	800060ee	00022133	slt	x2,x4,x0	  x4:0x0000001d  x0:0x00000000  x2=0x00000000
       81905000	      8091	800060f2	00cede93	srli	x29,x29,0xc	 x29:0x00000000 x29=0x00000000
       81915000	      8092	800060f6	851d	c.srai	x10,0x7	 x10:0x00000000 x10=0x00000000
       81925000	      8093	800060f8	016001ef	jal	x3,8000610e	  x3=0x800060fc
       81955000	      8096	8000610e	010000ef	jal	x1,8000611e	  x1=0x80006112
       81975000	      8098	8000611e	bff9	c.j	800060fc	
       81995000	      8100	800060fc	0100036f	jal	x6,8000610c	  x6=0x80006100
       82015000	      8102	8000610c	a801	c.j	8000611c	
       82035000	      8104	8000611c	3fdd	c.jal	80006112	  x1=0x8000611e
       82055000	      8106	80006112	3fcd	c.jal	80006104	  x1=0x80006114
       82075000	      8108	80006104	ffdff26f	jal	x4,80006100	  x4=0x80006108
       82095000	      8110	80006100	0140026f	jal	x4,80006114	  x4=0x80006104
       82115000	      8112	80006114	00c000ef	jal	x1,80006120	  x1=0x80006118
       82135000	      8114	80006120	fe9ff36f	jal	x6,80006108	  x6=0x80006124
       82155000	      8116	80006108	012000ef	jal	x1,8000611a	  x1=0x8000610c
       82175000	      8118	8000611a	3ffd	c.jal	80006118	  x1=0x8000611c
       82195000	      8120	80006118	2031	c.jal	80006124	  x1=0x8000611a
       82215000	      8122	80006124	2009	c.jal	80006126	  x1=0x80006126
       82235000	      8124	80006126	1090	c.addi4spn	x12,x2,96	 x12=0x00000060
       82245000	      8125	80006128	340ebdf3	csrrc	x27,mscratch,x29	 x29:0x00000000 x27=0x0000001c
       82615000	      8162	8000612c	031fe2b3	rem	x5,x31,x17	 x31:0x00000336 x17:0x00000336  x5=0x00000000
       82655000	      8166	80006130	03649e33	mulh	x28,x9,x22	  x9:0x8001c000 x22:0x00000001 x28=0xffffffff
       82665000	      8167	80006134	419fd513	srai	x10,x31,0x19	 x31:0x00000336 x10=0x00000000
       82675000	      8168	80006138	8fcd	c.or	x15,x11	 x15:0xfffffbee x11:0x8001fe64 x15=0xffffffee
       82685000	      8169	8000613a	a325eb93	ori	x23,x11,-1486	 x11:0x8001fe64 x23=0xfffffe76
       82695000	      8170	8000613e	00a0b2b3	sltu	x5,x1,x10	  x1:0x80006126 x10:0x00000000  x5=0x00000000
       82705000	      8171	80006142	8a86	c.mv	x21,x1	  x0:0x00000000  x1:0x80006126 x21=0x80006126
       82715000	      8172	80006144	6c75	c.lui	x24,0x1d	 x24=0x0001d000
       82725000	      8173	80006146	98ee	c.add	x17,x27	 x17:0x00000336 x27:0x0000001c x17=0x00000352
       82735000	      8174	80006148	34086973	csrrsi	x18,mscratch,16	 x18=0x0000001c
       83105000	      8211	8000614c	03fb58b3	divu	x17,x22,x31	 x22:0x00000001 x31:0x00000336 x17=0x00000000
       83115000	      8212	80006150	7ad72d93	slti	x27,x14,1965	 x14:0x000001e0 x27=0x00000001
       83485000	      8249	80006154	02dff9b3	remu	x19,x31,x13	 x31:0x00000336 x13:0x80023ce4 x19=0x00000336
       83515000	      8252	80006158	02840733	mul	x14,x8,x8	  x8:0x0000001e  x8:0x0000001e x14=0x00000384
       83525000	      8253	8000615c	12c44e97	auipc	x29,0x12c44	 x29=0x92c4a15c
       83535000	      8254	80006160	8c41	c.or	x8,x8	  x8:0x0000001e  x8:0x0000001e  x8=0x0000001e
       83545000	      8255	80006162	003f1993	slli	x19,x30,0x3	 x30:0x00000000 x19=0x00000000
       83555000	      8256	80006166	01451c93	slli	x25,x10,0x14	 x10:0x00000000 x25=0x00000000
       83565000	      8257	8000616a	0ff0000f	fence	iorw,iorw	
       83575000	      8258	8000616e	be89a013	slti	x0,x19,-1048	 x19:0x00000000  x0=0x00000000
       83585000	      8259	80006172	01deecb3	or	x25,x29,x29	 x29:0x92c4a15c x29:0x92c4a15c x25=0x92c4a15c
       83595000	      8260	80006176	07a889b7	lui	x19,0x7a88	 x19=0x07a88000
       83605000	      8261	8000617a	340cdd73	csrrwi	x26,mscratch,25	 x26=0x0000001c
       83615000	      8262	8000617e	8fa9	c.xor	x15,x10	 x15:0xffffffee x10:0x00000000 x15=0xffffffee
       83625000	      8263	80006180	b0b4a813	slti	x16,x9,-1269	  x9:0x8001c000 x16=0x00000001
       83635000	      8264	80006184	8cdd	c.or	x9,x15	  x9:0x8001c000 x15:0xffffffee  x9=0xffffffee
       83645000	      8265	80006186	717d	c.addi16sp	x2,-16	  x2:0x00000000  x2=0xfffffff0
       83655000	      8266	80006188	00589813	slli	x16,x17,0x5	 x17:0x00000000 x16=0x00000000
       83665000	      8267	8000618c	41a90db3	sub	x27,x18,x26	 x18:0x0000001c x26:0x0000001c x27=0x00000000
       83675000	      8268	80006190	6c2d	c.lui	x24,0xb	 x24=0x0000b000
       83685000	      8269	80006192	8d79	c.and	x10,x14	 x10:0x00000000 x14:0x00000384 x10=0x00000000
       83695000	      8270	80006194	0043d493	srli	x9,x7,0x4	  x7:0x00000000  x9=0x00000000
       83705000	      8271	80006198	bad4fa17	auipc	x20,0xbad4f	 x20=0x3ad55198
       83715000	      8272	8000619c	64b9	c.lui	x9,0xe	  x9=0x0000e000
       83725000	      8273	8000619e	34069973	csrrw	x18,mscratch,x13	 x13:0x80023ce4 x18=0x00000019
       83765000	      8277	800061a2	02c12ab3	mulhsu	x21,x2,x12	  x2:0xfffffff0 x12:0x00000060 x21=0xffffffff
       83775000	      8278	800061a6	340070f3	csrrci	x1,mscratch,0	  x1=0x80023ce4
       83785000	      8279	800061aa	34061c73	csrrw	x24,mscratch,x12	 x12:0x00000060 x24=0x80023ce4
       83795000	      8280	800061ae	34003e73	csrrc	x28,mscratch,x0	  x0:0x00000000 x28=0x00000060
       83825000	      8283	800061b2	02368433	mul	x8,x13,x3	 x13:0x80023ce4  x3:0x800060fc  x8=0xd9097070
       83865000	      8287	800061b6	034231b3	mulhu	x3,x4,x20	  x4:0x80006104 x20:0x3ad55198  x3=0x1d6abf17
       83875000	      8288	800061ba	00825d63	bge	x4,x8,800061d4	  x4:0x80006104  x8:0xd9097070
       83885000	      8289	800061be	41130733	sub	x14,x6,x17	  x6:0x80006124 x17:0x00000000 x14=0x80006124
       83895000	      8290	800061c2	34096bf3	csrrsi	x23,mscratch,18	 x23=0x00000060
       83905000	      8291	800061c6	02b6f963	bgeu	x13,x11,800061f8	 x13:0x80023ce4 x11:0x8001fe64
       83925000	      8293	800061f8	0d1c	c.addi4spn	x15,x2,656	 x15=0x00000280
       83935000	      8294	800061fa	af487513	andi	x10,x16,-1292	 x16:0x00000000 x10=0x00000000
       83945000	      8295	800061fe	8415	c.srai	x8,0x5	  x8:0xd9097070  x8=0xfec84b83
       83955000	      8296	80006200	819ccd93	xori	x27,x25,-2023	 x25:0x92c4a15c x27=0x6d3b5945
       83965000	      8297	80006204	059d9163	bne	x27,x25,80006246	 x27:0x6d3b5945 x25:0x92c4a15c
       83985000	      8299	80006246	615d	c.addi16sp	x2,432	  x2:0xfffffff0  x2=0x000001a0
       84355000	      8336	80006248	0366c333	div	x6,x13,x22	 x13:0x80023ce4 x22:0x00000001  x6=0x80023ce4
       84365000	      8337	8000624c	03351f63	bne	x10,x19,8000628a	 x10:0x00000000 x19:0x07a88000
       84395000	      8340	8000628a	03c1da63	bge	x3,x28,800062be	  x3:0x1d6abf17 x28:0x00000060
       84415000	      8342	800062be	0001	c.addi	x0,0	  x0:0x00000000  x0=0x00000000
       84425000	      8343	800062c0	00bc5463	bge	x24,x11,800062c8	 x24:0x80023ce4 x11:0x8001fe64
       84445000	      8345	800062c8	34095473	csrrwi	x8,mscratch,18	  x8=0x00000072
       84485000	      8349	800062cc	02209db3	mulh	x27,x1,x2	  x1:0x80023ce4  x2:0x000001a0 x27=0xffffff30
       84495000	      8350	800062d0	00e087b3	add	x15,x1,x14	  x1:0x80023ce4 x14:0x80006124 x15=0x00029e08
       84505000	      8351	800062d4	418c5533	sra	x10,x24,x24	 x24:0x80023ce4 x24:0x80023ce4 x10=0xf80023ce
       84515000	      8352	800062d8	410300b3	sub	x1,x6,x16	  x6:0x80023ce4 x16:0x00000000  x1=0x80023ce4
       84525000	      8353	800062dc	04b81163	bne	x16,x11,8000631e	 x16:0x00000000 x11:0x8001fe64
       84545000	      8355	8000631e	0001	c.addi	x0,0	  x0:0x00000000  x0=0x00000000
       84555000	      8356	80006320	00491d93	slli	x27,x18,0x4	 x18:0x00000019 x27=0x00000190
       84565000	      8357	80006324	0001	c.addi	x0,0	  x0:0x00000000  x0=0x00000000
       84575000	      8358	80006326	8c95	c.sub	x9,x13	  x9:0x0000e000 x13:0x80023ce4  x9=0x7ffea31c
       84585000	      8359	80006328	02616a63	bltu	x2,x6,8000635c	  x2:0x000001a0  x6:0x80023ce4
       84605000	      8361	8000635c	340a7173	csrrci	x2,mscratch,20	  x2=0x00000012
       84615000	      8362	80006360	da2b4037	lui	x0,0xda2b4	  x0=0x00000000
       84625000	      8363	80006364	00607333	and	x6,x0,x6	  x0:0x00000000  x6:0x80023ce4  x6=0x00000000
       84635000	      8364	80006368	98c2	c.add	x17,x16	 x17:0x00000000 x16:0x00000000 x17=0x00000000
       84645000	      8365	8000636a	417404b3	sub	x9,x8,x23	  x8:0x00000072 x23:0x00000060  x9=0x00000012
       84655000	      8366	8000636e	0114f663	bgeu	x9,x17,8000637a	  x9:0x00000012 x17:0x00000000
       84675000	      8368	8000637a	9c92	c.add	x25,x4	 x25:0x92c4a15c  x4:0x80006104 x25=0x12c50260
       84715000	      8372	8000637c	030b9533	mulh	x10,x23,x16	 x23:0x00000060 x16:0x00000000 x10=0x00000000
       84725000	      8373	80006380	0984	c.addi4spn	x9,x2,208	  x9=0x000000e2
       84735000	      8374	80006382	90e6	c.add	x1,x25	  x1:0x80023ce4 x25:0x12c50260  x1=0x92c73f44
       84745000	      8375	80006384	8ccd	c.or	x9,x11	  x9:0x000000e2 x11:0x8001fe64  x9=0x8001fee6
       84755000	      8376	80006386	c8c20f37	lui	x30,0xc8c20	 x30=0xc8c20000
       84765000	      8377	8000638a	0001	c.addi	x0,0	  x0:0x00000000  x0=0x00000000
       84775000	      8378	8000638c	01683d33	sltu	x26,x16,x22	 x16:0x00000000 x22:0x00000001 x26=0x00000001
       84785000	      8379	80006390	008a5e63	bge	x20,x8,800063ac	 x20:0x3ad55198  x8:0x00000072
       84835000	      8384	800063ac	037ca533	mulhsu	x10,x25,x23	 x25:0x12c50260 x23:0x00000060 x10=0x00000007
       84845000	      8385	800063b0	34075873	csrrwi	x16,mscratch,14	 x16=0x00000002
       84855000	      8386	800063b4	019242b3	xor	x5,x4,x25	  x4:0x80006104 x25:0x12c50260  x5=0x92c56364
       84865000	      8387	800063b8	0000100f	fence.i	
       84885000	      8389	800063bc	d6ceb193	sltiu	x3,x29,-660	 x29:0x92c4a15c  x3=0x00000001
       84895000	      8390	800063c0	e809	c.bnez	x8,800063d2	  x8:0x00000072
       84915000	      8392	800063d2	0001	c.addi	x0,0	  x0:0x00000000  x0=0x00000000
       84925000	      8393	800063d4	0ff0000f	fence	iorw,iorw	
       84935000	      8394	800063d8	07847213	andi	x4,x8,120	  x8:0x00000072  x4=0x00000070
       84945000	      8395	800063dc	a3e351b7	lui	x3,0xa3e35	  x3=0xa3e35000
       84955000	      8396	800063e0	34002c73	csrrs	x24,mscratch,x0	  x0:0x00000000 x24=0x0000000e
       84965000	      8397	800063e4	8d15	c.sub	x10,x13	 x10:0x00000007 x13:0x80023ce4 x10=0x7ffdc323
       84975000	      8398	800063e6	e889	c.bnez	x9,800063f8	  x9:0x8001fee6
       84995000	      8400	800063f8	6119	c.addi16sp	x2,384	  x2:0x00000012  x2=0x00000192
       85005000	      8401	800063fa	88e5	c.andi	x9,25	  x9:0x8001fee6  x9=0x00000000
       85015000	      8402	800063fc	8079	c.srli	x8,0x1e	  x8:0x00000072  x8=0x00000000
       85025000	      8403	800063fe	001c1463	bne	x24,x1,80006406	 x24:0x0000000e  x1:0x92c73f44
       85045000	      8405	80006406	8fc9	c.or	x15,x10	 x15:0x00029e08 x10:0x7ffdc323 x15=0x7fffdf2b
       85055000	      8406	80006408	0122f633	and	x12,x5,x18	  x5:0x92c56364 x18:0x00000019 x12=0x00000000
       85065000	      8407	8000640c	59f89717	auipc	x14,0x59f89	 x14=0xd9f8f40c
       85075000	      8408	80006410	40655613	srai	x12,x10,0x6	 x10:0x7ffdc323 x12=0x01fff70c
       85085000	      8409	80006414	0000100f	fence.i	
       85105000	      8411	80006418	0001	c.addi	x0,0	  x0:0x00000000  x0=0x00000000
       85115000	      8412	8000641a	0b95	c.addi	x23,5	 x23:0x00000060 x23=0x00000065
       85125000	      8413	8000641c	002b5d13	srli	x26,x22,0x2	 x22:0x00000001 x26=0x00000000
       85135000	      8414	80006420	1f46a217	auipc	x4,0x1f46a	  x4=0x9f470420
       85155000	      8416	80006424	027ff633	remu	x12,x31,x7	 x31:0x00000336  x7:0x00000000 x12=0x00000336
       85165000	      8417	80006428	6cb9	c.lui	x25,0xe	 x25=0x0000e000
       85175000	      8418	8000642a	8665	c.srai	x12,0x19	 x12:0x00000336 x12=0x00000000
       85545000	      8455	8000642c	0333c0b3	div	x1,x7,x19	  x7:0x00000000 x19:0x07a88000  x1=0x00000000
       85555000	      8456	80006430	00bb67b3	or	x15,x22,x11	 x22:0x00000001 x11:0x8001fe64 x15=0x8001fe65
       85565000	      8457	80006434	0f06	c.slli	x30,0x1	 x30:0xc8c20000 x30=0x91840000
       85575000	      8458	80006436	732e2d13	slti	x26,x28,1842	 x28:0x00000060 x26=0x00000001
       85585000	      8459	8000643a	7321bc13	sltiu	x24,x3,1842	  x3:0xa3e35000 x24=0x00000000
       85595000	      8460	8000643e	944a	c.add	x8,x18	  x8:0x00000000 x18:0x00000019  x8=0x00000019
       85605000	      8461	80006440	012e31b3	sltu	x3,x28,x18	 x28:0x00000060 x18:0x00000019  x3=0x00000000
       85615000	      8462	80006444	15886d93	ori	x27,x16,344	 x16:0x00000002 x27=0x0000015a
       85625000	      8463	80006448	71b58037	lui	x0,0x71b58	  x0=0x00000000
       85635000	      8464	8000644c	044e	c.slli	x8,0x13	  x8:0x00000019  x8=0x00c80000
       85645000	      8465	8000644e	08725817	auipc	x16,0x8725	 x16=0x8872b44e
       85655000	      8466	80006452	01a2	c.slli	x3,0x8	  x3:0x00000000  x3=0x00000000
       85665000	      8467	80006454	0001	c.addi	x0,0	  x0:0x00000000  x0=0x00000000
       85675000	      8468	80006456	007d5293	srli	x5,x26,0x7	 x26:0x00000001  x5=0x00000000
       85685000	      8469	8000645a	121ab193	sltiu	x3,x21,289	 x21:0xffffffff  x3=0x00000000
       85695000	      8470	8000645e	3cc33c93	sltiu	x25,x6,972	  x6:0x00000000 x25=0x00000001
       85705000	      8471	80006462	1490	c.addi4spn	x12,x2,608	 x12=0x000003f2
       85725000	      8473	80006464	02515fb3	divu	x31,x2,x5	  x2:0x00000192  x5:0x00000000 x31=0xffffffff
       86095000	      8510	80006468	0349da33	divu	x20,x19,x20	 x19:0x07a88000 x20:0x3ad55198 x20=0x00000000
       86125000	      8513	8000646c	02738bb3	mul	x23,x7,x7	  x7:0x00000000  x7:0x00000000 x23=0x00000000
       86135000	      8514	80006470	01c43eb3	sltu	x29,x8,x28	  x8:0x00c80000 x28:0x00000060 x29=0x00000000
       86145000	      8515	80006474	00ca48b3	xor	x17,x20,x12	 x20:0x00000000 x12:0x000003f2 x17=0x000003f2
       86165000	      8517	80006478	02037c33	remu	x24,x6,x0	  x6:0x00000000  x0:0x00000000 x24=0x00000000
       86175000	      8518	8000647c	03384b13	xori	x22,x16,51	 x16:0x8872b44e x22=0x8872b47d
       86185000	      8519	80006480	002bc8b3	xor	x17,x23,x2	 x23:0x00000000  x2:0x00000192 x17=0x00000192
       86195000	      8520	80006484	411a5f33	sra	x30,x20,x17	 x20:0x00000000 x17:0x00000192 x30=0x00000000
       86205000	      8521	80006488	fdfa0f93	addi	x31,x20,-33	 x20:0x00000000 x31=0xffffffdf
       86215000	      8522	8000648c	0126bfb3	sltu	x31,x13,x18	 x13:0x80023ce4 x18:0x00000019 x31=0x00000000
       86225000	      8523	80006490	0000100f	fence.i	
       86245000	      8525	80006494	004da2b3	slt	x5,x27,x4	 x27:0x0000015a  x4:0x9f470420  x5=0x00000000
       86255000	      8526	80006498	41738f33	sub	x30,x7,x23	  x7:0x00000000 x23:0x00000000 x30=0x00000000
       86265000	      8527	8000649c	02d69563	bne	x13,x13,800064c6	 x13:0x80023ce4 x13:0x80023ce4
       86275000	      8528	800064a0	8b75	c.andi	x14,29	 x14:0xd9f8f40c x14=0x0000000c
       86285000	      8529	800064a2	007b97b3	sll	x15,x23,x7	 x23:0x00000000  x7:0x00000000 x15=0x00000000
       86295000	      8530	800064a6	8d45	c.or	x10,x9	 x10:0x7ffdc323  x9:0x00000000 x10=0x7ffdc323
       86305000	      8531	800064a8	8f06	c.mv	x30,x1	  x0:0x00000000  x1:0x00000000 x30=0x00000000
       86345000	      8535	800064aa	022c2cb3	mulhsu	x25,x24,x2	 x24:0x00000000  x2:0x00000192 x25=0x00000000
       86355000	      8536	800064ae	01882133	slt	x2,x16,x24	 x16:0x8872b44e x24:0x00000000  x2=0x00000001
       86365000	      8537	800064b2	0083ca63	blt	x7,x8,800064c6	  x7:0x00000000  x8:0x00c80000
       86395000	      8540	800064c6	7128f293	andi	x5,x17,1810	 x17:0x00000192  x5=0x00000112
       86435000	      8544	800064ca	03213733	mulhu	x14,x2,x18	  x2:0x00000001 x18:0x00000019 x14=0x00000000
       86445000	      8545	800064ce	34006473	csrrsi	x8,mscratch,0	  x8=0x0000000e
       86455000	      8546	800064d2	4c25	c.li	x24,9	 x24=0x00000009
       86465000	      8547	800064d4	0000100f	fence.i	
       86485000	      8549	800064d8	656cb897	auipc	x17,0x656cb	 x17=0xe56d14d8
       86495000	      8550	800064dc	8f75	c.and	x14,x13	 x14:0x00000000 x13:0x80023ce4 x14=0x00000000
       86505000	      8551	800064de	ccf76997	auipc	x19,0xccf76	 x19=0x4cf7c4de
       86515000	      8552	800064e2	340411f3	csrrw	x3,mscratch,x8	  x8:0x0000000e  x3=0x0000000e
       86525000	      8553	800064e6	8c65	c.and	x8,x9	  x8:0x0000000e  x9:0x00000000  x8=0x00000000
       86535000	      8554	800064e8	40ee5a13	srai	x20,x28,0xe	 x28:0x00000060 x20=0x00000000
       86555000	      8556	800064ec	0376e433	rem	x8,x13,x23	 x13:0x80023ce4 x23:0x00000000  x8=0x80023ce4
       86565000	      8557	800064f0	0000100f	fence.i	
       86585000	      8559	800064f4	4027d213	srai	x4,x15,0x2	 x15:0x00000000  x4=0x00000000
       86625000	      8563	800064f8	035497b3	mulh	x15,x9,x21	  x9:0x00000000 x21:0xffffffff x15=0x00000000
       86635000	      8564	800064fc	40985cb3	sra	x25,x16,x9	 x16:0x8872b44e  x9:0x00000000 x25=0x8872b44e
       86645000	      8565	80006500	0148db63	bge	x17,x20,80006516	 x17:0xe56d14d8 x20:0x00000000
       86655000	      8566	80006504	34092d73	csrrs	x26,mscratch,x18	 x18:0x00000019 x26=0x0000000e
       86665000	      8567	80006508	340e6c73	csrrsi	x24,mscratch,28	 x24=0x0000001f
       86675000	      8568	8000650c	e79d	c.bnez	x15,8000653a	 x15:0x00000000
       86685000	      8569	8000650e	04308263	beq	x1,x3,80006552	  x1:0x00000000  x3:0x0000000e
       86695000	      8570	80006512	0ff0000f	fence	iorw,iorw	
       86735000	      8574	80006516	02612133	mulhsu	x2,x2,x6	  x2:0x00000001  x6:0x00000000  x2=0x00000000
       86745000	      8575	8000651a	6c49	c.lui	x24,0x12	 x24=0x00012000
       86755000	      8576	8000651c	01361033	sll	x0,x12,x19	 x12:0x000003f2 x19:0x4cf7c4de  x0=0x00000000
       86795000	      8580	80006520	0267acb3	mulhsu	x25,x15,x6	 x15:0x00000000  x6:0x00000000 x25=0x00000000
       86805000	      8581	80006524	8e9dcf93	xori	x31,x27,-1815	 x27:0x0000015a x31=0xfffff9b3
       86815000	      8582	80006528	058c1363	bne	x24,x24,8000656e	 x24:0x00012000 x24:0x00012000
       86855000	      8586	8000652c	02aa91b3	mulh	x3,x21,x10	 x21:0xffffffff x10:0x7ffdc323  x3=0xffffffff
       86865000	      8587	80006530	0f84	c.addi4spn	x9,x2,976	  x9=0x000003d0
       86875000	      8588	80006532	b494ad13	slti	x26,x9,-1207	  x9:0x000003d0 x26=0x00000000
       86885000	      8589	80006536	016c1963	bne	x24,x22,80006548	 x24:0x00012000 x22:0x8872b47d
       86905000	      8591	80006548	048dd263	bge	x27,x8,8000658c	 x27:0x0000015a  x8:0x80023ce4
       86925000	      8593	8000658c	0068d463	bge	x17,x6,80006594	 x17:0xe56d14d8  x6:0x00000000
       86935000	      8594	80006590	41f7d313	srai	x6,x15,0x1f	 x15:0x00000000  x6=0x00000000
       86945000	      8595	80006594	01db5b33	srl	x22,x22,x29	 x22:0x8872b47d x29:0x00000000 x22=0x8872b47d
       86955000	      8596	80006598	011c1493	slli	x9,x24,0x11	 x24:0x00012000  x9=0x40000000
       86965000	      8597	8000659c	83d5	c.srli	x15,0x15	 x15:0x00000000 x15=0x00000000
       86975000	      8598	8000659e	4add	c.li	x21,23	 x21=0x00000017
       86985000	      8599	800065a0	000d9313	slli	x6,x27,0x0	 x27:0x0000015a  x6=0x0000015a
       86995000	      8600	800065a4	557d	c.li	x10,-1	 x10=0xffffffff
       87005000	      8601	800065a6	db3aeb13	ori	x22,x21,-589	 x21:0x00000017 x22=0xfffffdb7
       87015000	      8602	800065aa	8751	c.srai	x14,0x14	 x14:0x00000000 x14=0x00000000
       87025000	      8603	800065ac	06d8fc63	bgeu	x17,x13,80006624	 x17:0xe56d14d8 x13:0x80023ce4
       87045000	      8605	80006624	c1ac9617	auipc	x12,0xc1ac9	 x12=0x41acf624
       87055000	      8606	80006628	41c25833	sra	x16,x4,x28	  x4:0x00000000 x28:0x00000060 x16=0x00000000
       87065000	      8607	8000662c	0ff0000f	fence	iorw,iorw	
       87075000	      8608	80006630	8ce5	c.and	x9,x9	  x9:0x40000000  x9:0x40000000  x9=0x40000000
       87085000	      8609	80006632	039c	c.addi4spn	x15,x2,448	 x15=0x000001c0
       87455000	      8646	80006634	03654a33	div	x20,x10,x22	 x10:0xffffffff x22:0xfffffdb7 x20=0x00000000
       87465000	      8647	80006638	019a39b3	sltu	x19,x20,x25	 x20:0x00000000 x25:0x00000000 x19=0x00000000
       87475000	      8648	8000663c	01df6633	or	x12,x30,x29	 x30:0x00000000 x29:0x00000000 x12=0x00000000
       87485000	      8649	80006640	001e58b3	srl	x17,x28,x1	 x28:0x00000060  x1:0x00000000 x17=0x00000060
       87495000	      8650	80006644	41118433	sub	x8,x3,x17	  x3:0xffffffff x17:0x00000060  x8=0xffffff9f
       87505000	      8651	80006648	03129263	bne	x5,x17,8000666c	  x5:0x00000112 x17:0x00000060
       87525000	      8653	8000666c	1e00	c.addi4spn	x8,x2,816	  x8=0x00000330
       87535000	      8654	8000666e	e08b8013	addi	x0,x23,-504	 x23:0x00000000  x0=0x00000000
       87545000	      8655	80006672	8f3d	c.xor	x14,x15	 x14:0x00000000 x15:0x000001c0 x14=0x000001c0
       87555000	      8656	80006674	01c001ef	jal	x3,80006690	  x3=0x80006678
       87575000	      8658	80006690	016000ef	jal	x1,800066a6	  x1=0x80006694
       87605000	      8661	800066a6	014000ef	jal	x1,800066ba	  x1=0x800066aa
       87635000	      8664	800066ba	ffbff36f	jal	x6,800066b4	  x6=0x800066be
       87655000	      8666	800066b4	3fc1	c.jal	80006684	  x1=0x800066b6
       87675000	      8668	80006684	3fd5	c.jal	80006678	  x1=0x80006686
       87695000	      8670	80006678	2809	c.jal	8000668a	  x1=0x8000667a
       87715000	      8672	8000668a	a829	c.j	800066a4	
       87735000	      8674	800066a4	37ed	c.jal	8000668e	  x1=0x800066a6
       87755000	      8676	8000668e	bfe5	c.j	80006686	
       87785000	      8679	80006686	ff7ff0ef	jal	x1,8000667c	  x1=0x8000668a
       87805000	      8681	8000667c	2009	c.jal	8000667e	  x1=0x8000667e
       87835000	      8684	8000667e	004000ef	jal	x1,80006682	  x1=0x80006682
       87855000	      8686	80006682	2805	c.jal	800066b2	  x1=0x80006684
       87875000	      8688	800066b2	3fed	c.jal	800066ac	  x1=0x800066b4
       87895000	      8690	800066ac	fefff0ef	jal	x1,8000669a	  x1=0x800066b0
       87915000	      8692	8000669a	3ff5	c.jal	80006696	  x1=0x8000669c
       87945000	      8695	80006696	01a007ef	jal	x15,800066b0	 x15=0x8000669a
       87965000	      8697	800066b0	37f5	c.jal	8000669c	  x1=0x800066b2
       87985000	      8699	8000669c	2009	c.jal	8000669e	  x1=0x8000669e
       88015000	      8702	8000669e	004000ef	jal	x1,800066a2	  x1=0x800066a2
       88035000	      8704	800066a2	a021	c.j	800066aa	
       88055000	      8706	800066aa	b7cd	c.j	8000668c	
       88075000	      8708	8000668c	a02d	c.j	800066b6	
       88105000	      8711	800066b6	fc5ff0ef	jal	x1,8000667a	  x1=0x800066ba
       88125000	      8713	8000667a	a829	c.j	80006694	
       88145000	      8715	80006694	202d	c.jal	800066be	  x1=0x80006696
       88165000	      8717	800066be	717d	c.addi16sp	x2,-16	  x2:0x00000000  x2=0xfffffff0
       88535000	      8754	800066c0	0216ec33	rem	x24,x13,x1	 x13:0x80023ce4  x1:0x80006696 x24=0x80023ce4
       88545000	      8755	800066c4	9626	c.add	x12,x9	 x12:0x00000000  x9:0x40000000 x12=0x40000000
       88555000	      8756	800066c6	340ed8f3	csrrwi	x17,mscratch,29	 x17=0x0000001f
       88565000	      8757	800066ca	4769	c.li	x14,26	 x14=0x0000001a
       88575000	      8758	800066cc	847a	c.mv	x8,x30	  x0:0x00000000 x30:0x00000000  x8=0x00000000
       88585000	      8759	800066ce	4f79	c.li	x30,30	 x30=0x0000001e
       88595000	      8760	800066d0	ca09	c.beqz	x12,800066e2	 x12:0x40000000
       88635000	      8764	800066d2	021fbcb3	mulhu	x25,x31,x1	 x31:0xfffff9b3  x1:0x80006696 x25=0x8000636f
       88645000	      8765	800066d6	41fddf13	srai	x30,x27,0x1f	 x27:0x0000015a x30=0x00000000
       88655000	      8766	800066da	019a4fb3	xor	x31,x20,x25	 x20:0x00000000 x25:0x8000636f x31=0x8000636f
       88665000	      8767	800066de	248e6a13	ori	x20,x28,584	 x28:0x00000060 x20=0x00000268
       88675000	      8768	800066e2	662ebb37	lui	x22,0x662eb	 x22=0x662eb000
       88685000	      8769	800066e6	cf01	c.beqz	x14,800066fe	 x14:0x0000001a
       88695000	      8770	800066e8	34003173	csrrc	x2,mscratch,x0	  x0:0x00000000  x2=0x0000001d
       88705000	      8771	800066ec	7c007313	andi	x6,x0,1984	  x0:0x00000000  x6=0x00000000
       88715000	      8772	800066f0	ccc02a97	auipc	x21,0xccc02	 x21=0x4cc086f0
       88725000	      8773	800066f4	02047563	bgeu	x8,x0,8000671e	  x8:0x00000000  x0:0x00000000
       88755000	      8776	8000671e	0198c963	blt	x17,x25,80006730	 x17:0x0000001f x25:0x8000636f
       88765000	      8777	80006722	00b65ab3	srl	x21,x12,x11	 x12:0x40000000 x11:0x8001fe64 x21=0x04000000
       88775000	      8778	80006726	014c9763	bne	x25,x20,80006734	 x25:0x8000636f x20:0x00000268
       88795000	      8780	80006734	00e4ae33	slt	x28,x9,x14	  x9:0x40000000 x14:0x0000001a x28=0x00000000
       88805000	      8781	80006738	340a5af3	csrrwi	x21,mscratch,20	 x21=0x0000001d
       88815000	      8782	8000673c	00f15a63	bge	x2,x15,80006750	  x2:0x0000001d x15:0x8000669a
       88835000	      8784	80006750	9d16	c.add	x26,x5	 x26:0x00000000  x5:0x00000112 x26=0x00000112
       88845000	      8785	80006752	897aaf37	lui	x30,0x897aa	 x30=0x897aa000
       88855000	      8786	80006756	19d88993	addi	x19,x17,413	 x17:0x0000001f x19=0x000001bc
       88865000	      8787	8000675a	0018e463	bltu	x17,x1,80006762	 x17:0x0000001f  x1:0x80006696
       88885000	      8789	80006762	0001	c.addi	x0,0	  x0:0x00000000  x0=0x00000000
       88895000	      8790	80006764	05880263	beq	x16,x24,800067a8	 x16:0x00000000 x24:0x80023ce4
       88905000	      8791	80006768	34039ff3	csrrw	x31,mscratch,x7	  x7:0x00000000 x31=0x00000014
       88915000	      8792	8000676c	011be763	bltu	x23,x17,8000677a	 x23:0x00000000 x17:0x0000001f
       88935000	      8794	8000677a	0001	c.addi	x0,0	  x0:0x00000000  x0=0x00000000
       88945000	      8795	8000677c	63a0ba93	sltiu	x21,x1,1594	  x1:0x80006696 x21=0x00000000
       88955000	      8796	80006780	34085c73	csrrwi	x24,mscratch,16	 x24=0x00000000
       88965000	      8797	80006784	04241063	bne	x8,x2,800067c4	  x8:0x00000000  x2:0x0000001d
       88985000	      8799	800067c4	00ecacb3	slt	x25,x25,x14	 x25:0x8000636f x14:0x0000001a x25=0x00000001
       88995000	      8800	800067c8	97fe	c.add	x15,x31	 x15:0x8000669a x31:0x00000014 x15=0x800066ae
       89005000	      8801	800067ca	000aea63	bltu	x21,x0,800067de	 x21:0x00000000  x0:0x00000000
       89015000	      8802	800067ce	8859	c.andi	x8,22	  x8:0x00000000  x8=0x00000000
       89025000	      8803	800067d0	02bd4863	blt	x26,x11,80006800	 x26:0x00000112 x11:0x8001fe64
       89035000	      8804	800067d4	0349	c.addi	x6,18	  x6:0x00000000  x6=0x00000012
       89405000	      8841	800067d6	02cbfab3	remu	x21,x23,x12	 x23:0x00000000 x12:0x40000000 x21=0x00000000
       89415000	      8842	800067da	43644b13	xori	x22,x8,1078	  x8:0x00000000 x22=0x00000436
       89425000	      8843	800067de	340d3f73	csrrc	x30,mscratch,x26	 x26:0x00000112 x30=0x00000010
       89435000	      8844	800067e2	01db0563	beq	x22,x29,800067ec	 x22:0x00000436 x29:0x00000000
       89445000	      8845	800067e6	1a7d	c.addi	x20,-1	 x20:0x00000268 x20=0x00000267
       89815000	      8882	800067e8	02d1d133	divu	x2,x3,x13	  x3:0x80006678 x13:0x80023ce4  x2=0x00000000
       89825000	      8883	800067ec	8f59	c.or	x14,x14	 x14:0x0000001a x14:0x0000001a x14=0x0000001a
       89835000	      8884	800067ee	01631d13	slli	x26,x6,0x16	  x6:0x00000012 x26=0x04800000
       89845000	      8885	800067f2	577d	c.li	x14,-1	 x14=0xffffffff
       89855000	      8886	800067f4	c485	c.beqz	x9,8000681c	  x9:0x40000000
       89865000	      8887	800067f6	4024d9b3	sra	x19,x9,x2	  x9:0x40000000  x2:0x00000000 x19=0x40000000
       89875000	      8888	800067fa	0436	c.slli	x8,0xd	  x8:0x00000000  x8=0x00000000
       89885000	      8889	800067fc	027b7263	bgeu	x22,x7,80006820	 x22:0x00000436  x7:0x00000000
       89935000	      8894	80006820	03b1af33	mulhsu	x30,x3,x27	  x3:0x80006678 x27:0x0000015a x30=0xffffff53
       89955000	      8896	80006824	02086233	rem	x4,x16,x0	 x16:0x00000000  x0:0x00000000  x4=0x00000000
       89965000	      8897	80006828	8c6d	c.and	x8,x11	  x8:0x00000000 x11:0x8001fe64  x8=0x00000000
       89975000	      8898	8000682a	007ffc63	bgeu	x31,x7,80006842	 x31:0x00000014  x7:0x00000000
       90005000	      8901	80006842	017d0433	add	x8,x26,x23	 x26:0x04800000 x23:0x00000000  x8=0x04800000
       90015000	      8902	80006846	40c2d893	srai	x17,x5,0xc	  x5:0x00000112 x17=0x00000000
       90025000	      8903	8000684a	be2ffb13	andi	x22,x31,-1054	 x31:0x00000014 x22=0x00000000
       90035000	      8904	8000684e	340552f3	csrrwi	x5,mscratch,10	  x5=0x00000000
       90045000	      8905	80006852	0815c717	auipc	x14,0x815c	 x14=0x88162852
       90055000	      8906	80006856	760ff093	andi	x1,x31,1888	 x31:0x00000014  x1=0x00000000
       90075000	      8908	8000685a	027d44b3	div	x9,x26,x7	 x26:0x04800000  x7:0x00000000  x9=0xffffffff
       90085000	      8909	8000685e	01ec0d63	beq	x24,x30,80006878	 x24:0x00000000 x30:0xffffff53
       90095000	      8910	80006862	34002ef3	csrrs	x29,mscratch,x0	  x0:0x00000000 x29=0x0000000a
       90135000	      8914	80006866	039cb9b3	mulhu	x19,x25,x25	 x25:0x00000001 x25:0x00000001 x19=0x00000000
       90175000	      8918	8000686a	031f2333	mulhsu	x6,x30,x17	 x30:0xffffff53 x17:0x00000000  x6=0x00000000
       90205000	      8921	8000686e	02ed0633	mul	x12,x26,x14	 x26:0x04800000 x14:0x88162852 x12=0x71000000
       90235000	      8924	80006872	037509b3	mul	x19,x10,x23	 x10:0xffffffff x23:0x00000000 x19=0x00000000
       90245000	      8925	80006876	8a2d	c.andi	x12,11	 x12:0x71000000 x12=0x00000000
       90255000	      8926	80006878	41cc0c33	sub	x24,x24,x28	 x24:0x00000000 x28:0x00000000 x24=0x00000000
       90265000	      8927	8000687c	07c2	c.slli	x15,0x10	 x15:0x800066ae x15=0x66ae0000
       90275000	      8928	8000687e	3407dbf3	csrrwi	x23,mscratch,15	 x23=0x0000000a
       90285000	      8929	80006882	eb05	c.bnez	x14,800068b2	 x14:0x88162852
       90315000	      8932	800068b2	fbfc1b37	lui	x22,0xfbfc1	 x22=0xfbfc1000
       90325000	      8933	800068b6	9bb7bd17	auipc	x26,0x9bb7b	 x26=0x1bb818b6
       90335000	      8934	800068ba	0199ce33	xor	x28,x19,x25	 x19:0x00000000 x25:0x00000001 x28=0x00000001
       90345000	      8935	800068be	03c001ef	jal	x3,800068fa	  x3=0x800068c2
       90375000	      8938	800068fa	fe7ff0ef	jal	x1,800068e0	  x1=0x800068fe
       90395000	      8940	800068e0	2031	c.jal	800068ec	  x1=0x800068e2
       90415000	      8942	800068ec	37c5	c.jal	800068cc	  x1=0x800068ee
       90435000	      8944	800068cc	a02d	c.j	800068f6	
       90465000	      8947	800068f6	fe9ffcef	jal	x25,800068de	 x25=0x800068fa
       90485000	      8949	800068de	b7ed	c.j	800068c8	
       90505000	      8951	800068c8	2009	c.jal	800068ca	  x1=0x800068ca
       90525000	      8953	800068ca	a005	c.j	800068ea	
       90545000	      8955	800068ea	a029	c.j	800068f4	
       90565000	      8957	800068f4	3fed	c.jal	800068ee	  x1=0x800068f6
       90595000	      8960	800068ee	ff5ff36f	jal	x6,800068e2	  x6=0x800068f2
       90625000	      8963	800068e2	fe1ff76f	jal	x14,800068c2	 x14=0x800068e6
       90645000	      8965	800068c2	a829	c.j	800068dc	
       90665000	      8967	800068dc	3ff5	c.jal	800068d8	  x1=0x800068de
       90685000	      8969	800068d8	2829	c.jal	800068f2	  x1=0x800068da
       90705000	      8971	800068f2	bfd5	c.j	800068e6	
       90735000	      8974	800068e6	0180036f	jal	x6,800068fe	  x6=0x800068ea
       90755000	      8976	800068fe	3ff1	c.jal	800068da	  x1=0x80006900
       90775000	      8978	800068da	3fed	c.jal	800068d4	  x1=0x800068dc
       90795000	      8980	800068d4	ffbff36f	jal	x6,800068ce	  x6=0x800068d8
       90815000	      8982	800068ce	bfdd	c.j	800068c4	
       90835000	      8984	800068c4	00c0036f	jal	x6,800068d0	  x6=0x800068c8
       90855000	      8986	800068d0	030000ef	jal	x1,80006900	  x1=0x800068d4
       90875000	      8988	80006900	01c99833	sll	x16,x19,x28	 x19:0x00000000 x28:0x00000001 x16=0x00000000
       90885000	      8989	80006904	929a	c.add	x5,x6	  x5:0x00000000  x6:0x800068c8  x5=0x800068c8
       90895000	      8990	80006906	340b92f3	csrrw	x5,mscratch,x23	 x23:0x0000000a  x5=0x0000000f
       90935000	      8994	8000690a	0274b033	mulhu	x0,x9,x7	  x9:0xffffffff  x7:0x00000000  x0=0x00000000
       90945000	      8995	8000690e	8cb1	c.xor	x9,x12	  x9:0xffffffff x12:0x00000000  x9=0xffffffff
       90955000	      8996	80006910	12c15417	auipc	x8,0x12c15	  x8=0x92c1b910
       90965000	      8997	80006914	009a5313	srli	x6,x20,0x9	 x20:0x00000267  x6=0x00000001
       90975000	      8998	80006918	8811	c.andi	x8,4	  x8:0x92c1b910  x8=0x00000000
       90985000	      8999	8000691a	01a0aeb3	slt	x29,x1,x26	  x1:0x800068d4 x26:0x1bb818b6 x29=0x00000001
       90995000	      9000	8000691e	5a66cf13	xori	x30,x13,1446	 x13:0x80023ce4 x30=0x80023942
       91005000	      9001	80006922	5e1e6e13	ori	x28,x28,1505	 x28:0x00000001 x28=0x000005e1
       91015000	      9002	80006926	340d7a73	csrrci	x20,mscratch,26	 x20=0x0000000a
       91055000	      9006	8000692a	0236ae33	mulhsu	x28,x13,x3	 x13:0x80023ce4  x3:0x800068c2 x28=0xc000ea11
       91065000	      9007	8000692e	9bfd	c.andi	x15,-1	 x15:0x66ae0000 x15=0x66ae0000
       91075000	      9008	80006930	3408f273	csrrci	x4,mscratch,17	  x4=0x00000000
       91085000	      9009	80006934	0193fcb3	and	x25,x7,x25	  x7:0x00000000 x25:0x800068fa x25=0x00000000
       91095000	      9010	80006938	34046673	csrrsi	x12,mscratch,8	 x12=0x00000000
       91105000	      9011	8000693c	33c02c13	slti	x24,x0,828	  x0:0x00000000 x24=0x00000001
       91475000	      9048	80006940	03c2f233	remu	x4,x5,x28	  x5:0x0000000f x28:0xc000ea11  x4=0x0000000f
       91485000	      9049	80006944	f6672f13	slti	x30,x14,-154	 x14:0x800068e6 x30=0x00000001
       91495000	      9050	80006948	3402d773	csrrwi	x14,mscratch,5	 x14=0x00000008
       91505000	      9051	8000694c	34053c73	csrrc	x24,mscratch,x10	 x10:0xffffffff x24=0x00000005
       91515000	      9052	80006950	4ee9	c.li	x29,26	 x29=0x0000001a
       91525000	      9053	80006952	8e65	c.and	x12,x9	 x12:0x00000000  x9:0xffffffff x12=0x00000000
       91535000	      9054	80006954	8a51	c.andi	x12,20	 x12:0x00000000 x12=0x00000000
       91545000	      9055	80006956	8361	c.srli	x14,0x18	 x14:0x00000008 x14=0x00000000
       91555000	      9056	80006958	00b34763	blt	x6,x11,80006966	  x6:0x00000001 x11:0x8001fe64
       91565000	      9057	8000695c	4089dbb3	sra	x23,x19,x8	 x19:0x00000000  x8:0x00000000 x23=0x00000000
       91575000	      9058	80006960	83d9	c.srli	x15,0x16	 x15:0x66ae0000 x15=0x0000019a
       91585000	      9059	80006962	62d5	c.lui	x5,0x15	  x5=0x00015000
       91595000	      9060	80006964	8c31	c.xor	x8,x12	  x8:0x00000000 x12:0x00000000  x8=0x00000000
       91605000	      9061	80006966	04b14e63	blt	x2,x11,800069c2	  x2:0x00000000 x11:0x8001fe64
       91615000	      9062	8000696a	714e6e13	ori	x28,x28,1812	 x28:0xc000ea11 x28=0xc000ef15
       91625000	      9063	8000696e	05816363	bltu	x2,x24,800069b4	  x2:0x00000000 x24:0x00000005
       91645000	      9065	800069b4	e909	c.bnez	x10,800069c6	 x10:0xffffffff
       91675000	      9068	800069c6	146d7913	andi	x18,x26,326	 x26:0x1bb818b6 x18=0x00000006
       91685000	      9069	800069ca	018001ef	jal	x3,800069e2	  x3=0x800069ce
       91715000	      9072	800069e2	fedff1ef	jal	x3,800069ce	  x3=0x800069e6
       91735000	      9074	800069ce	283d	c.jal	80006a0c	  x1=0x800069d0
       91755000	      9076	80006a0c	3fc5	c.jal	800069fc	  x1=0x80006a0e
       91775000	      9078	800069fc	3ff5	c.jal	800069f8	  x1=0x800069fe
       91795000	      9080	800069f8	fefffaef	jal	x21,800069e6	 x21=0x800069fc
       91815000	      9082	800069e6	a039	c.j	800069f4	
       91835000	      9084	800069f4	3fdd	c.jal	800069ea	  x1=0x800069f6
       91855000	      9086	800069ea	b7fd	c.j	800069d8	
       91875000	      9088	800069d8	02c0026f	jal	x4,80006a04	  x4=0x800069dc
       91895000	      9090	80006a04	2019	c.jal	80006a0a	  x1=0x80006a06
       91915000	      9092	80006a0a	b7f5	c.j	800069f6	
       91935000	      9094	800069f6	a809	c.j	80006a08	
       91955000	      9096	80006a08	3fd1	c.jal	800069dc	  x1=0x80006a0a
       91975000	      9098	800069dc	2009	c.jal	800069de	  x1=0x800069de
       91995000	      9100	800069de	2009	c.jal	800069e0	  x1=0x800069e0
       92015000	      9102	800069e0	a021	c.j	800069e8	
       92035000	      9104	800069e8	2821	c.jal	80006a00	  x1=0x800069ea
       92055000	      9106	80006a00	bfc9	c.j	800069d2	
       92085000	      9109	800069d2	02c000ef	jal	x1,800069fe	  x1=0x800069d6
       92105000	      9111	800069fe	3fcd	c.jal	800069f0	  x1=0x80006a00
       92125000	      9113	800069f0	01e0026f	jal	x4,80006a0e	  x4=0x800069f4
       92155000	      9116	80006a0e	fe1ff0ef	jal	x1,800069ee	  x1=0x80006a12
       92175000	      9118	800069ee	a811	c.j	80006a02	
       92195000	      9120	80006a02	bfd1	c.j	800069d6	
       92215000	      9122	800069d6	2805	c.jal	80006a06	  x1=0x800069d8
       92235000	      9124	80006a06	b7dd	c.j	800069ec	
       92255000	      9126	800069ec	b7d5	c.j	800069d0	
       92275000	      9128	800069d0	a089	c.j	80006a12	
       92295000	      9130	80006a12	6159	c.addi16sp	x2,400	  x2:0x00000000  x2=0x00000190
       92305000	      9131	80006a14	8c9d	c.sub	x9,x15	  x9:0xffffffff x15:0x0000019a  x9=0xfffffe65
       92315000	      9132	80006a16	121c	c.addi4spn	x15,x2,288	 x15=0x000002b0
       92325000	      9133	80006a18	0441f163	bgeu	x3,x4,80006a5a	  x3:0x800069e6  x4:0x800069f4
       92335000	      9134	80006a1c	3407d0f3	csrrwi	x1,mscratch,15	  x1=0x00000000
       92355000	      9136	80006a20	02c65cb3	divu	x25,x12,x12	 x12:0x00000000 x12:0x00000000 x25=0xffffffff
       92365000	      9137	80006a24	34003073	csrrc	x0,mscratch,x0	  x0:0x00000000  x0=0x00000000
       92375000	      9138	80006a28	8d2e	c.mv	x26,x11	  x0:0x00000000 x11:0x8001fe64 x26=0x8001fe64
       92385000	      9139	80006a2a	0d98	c.addi4spn	x14,x2,720	 x14=0x00000460
       92395000	      9140	80006a2c	03f44963	blt	x8,x31,80006a5e	  x8:0x00000000 x31:0x00000014
       92425000	      9143	80006a5e	0161d1b3	srl	x3,x3,x22	  x3:0x800069e6 x22:0xfbfc1000  x3=0x800069e6
       92435000	      9144	80006a62	008280b3	add	x1,x5,x8	  x5:0x00015000  x8:0x00000000  x1=0x00015000
       92445000	      9145	80006a66	1ecc8d13	addi	x26,x25,492	 x25:0xffffffff x26=0x000001eb
       92815000	      9182	80006a6a	0340c4b3	div	x9,x1,x20	  x1:0x00015000 x20:0x0000000a  x9=0x00002199
       92825000	      9183	80006a6e	41785d33	sra	x26,x16,x23	 x16:0x00000000 x23:0x00000000 x26=0x00000000
       92835000	      9184	80006a72	9c52	c.add	x24,x20	 x24:0x00000005 x20:0x0000000a x24=0x0000000f
       92845000	      9185	80006a74	009f4fb3	xor	x31,x30,x9	 x30:0x00000001  x9:0x00002199 x31=0x00002198
       92855000	      9186	80006a78	015909b3	add	x19,x18,x21	 x18:0x00000006 x21:0x800069fc x19=0x80006a02
       92865000	      9187	80006a7c	4615	c.li	x12,5	 x12=0x00000005
       92875000	      9188	80006a7e	0ff0000f	fence	iorw,iorw	
       92885000	      9189	80006a82	00e9e133	or	x2,x19,x14	 x19:0x80006a02 x14:0x00000460  x2=0x80006e62
       92895000	      9190	80006a86	008ee0b3	or	x1,x29,x8	 x29:0x0000001a  x8:0x00000000  x1=0x0000001a
       92905000	      9191	80006a8a	2f8e0f93	addi	x31,x28,760	 x28:0xc000ef15 x31=0xc000f20d
       92915000	      9192	80006a8e	8e19	c.sub	x12,x14	 x12:0x00000005 x14:0x00000460 x12=0xfffffba5
       92925000	      9193	80006a90	41f35b33	sra	x22,x6,x31	  x6:0x00000001 x31:0xc000f20d x22=0x00000000
       92935000	      9194	80006a94	4511	c.li	x10,4	 x10=0x00000004
       92945000	      9195	80006a96	615d	c.addi16sp	x2,432	  x2:0x80006e62  x2=0x80007012
       92955000	      9196	80006a98	6a59	c.lui	x20,0x16	 x20=0x00016000
       92965000	      9197	80006a9a	09f6	c.slli	x19,0x1d	 x19:0x80006a02 x19=0x40000000
       92975000	      9198	80006a9c	b1c2f293	andi	x5,x5,-1252	  x5:0x00015000  x5=0x00015000
       92985000	      9199	80006aa0	870e	c.mv	x14,x3	  x0:0x00000000  x3:0x800069e6 x14=0x800069e6
       92995000	      9200	80006aa2	c0a1	c.beqz	x9,80006ae2	  x9:0x00002199
       93005000	      9201	80006aa4	c019	c.beqz	x8,80006aaa	  x8:0x00000000
       93025000	      9203	80006aaa	078e	c.slli	x15,0x3	 x15:0x000002b0 x15=0x00001580
       93035000	      9204	80006aac	02b21b63	bne	x4,x11,80006ae2	  x4:0x800069f4 x11:0x8001fe64
       93065000	      9207	80006ae2	404a8933	sub	x18,x21,x4	 x21:0x800069fc  x4:0x800069f4 x18=0x00000008
       93075000	      9208	80006ae6	8349	c.srli	x14,0x12	 x14:0x800069e6 x14=0x00002000
       93085000	      9209	80006ae8	3cb16a93	ori	x21,x2,971	  x2:0x80007012 x21=0x800073db
       93095000	      9210	80006aec	26da3813	sltiu	x16,x20,621	 x20:0x00016000 x16=0x00000000
       93105000	      9211	80006af0	1700	c.addi4spn	x8,x2,928	  x8=0x800073b2
       93115000	      9212	80006af2	4781	c.li	x15,0	 x15=0x00000000
       93125000	      9213	80006af4	3403e673	csrrsi	x12,mscratch,7	 x12=0x0000000f
       93135000	      9214	80006af8	5f7d	c.li	x30,-1	 x30=0xffffffff
       93145000	      9215	80006afa	34041973	csrrw	x18,mscratch,x8	  x8:0x800073b2 x18=0x0000000f
       93155000	      9216	80006afe	8f19	c.sub	x14,x14	 x14:0x00002000 x14:0x00002000 x14=0x00000000
       93165000	      9217	80006b00	252b7c17	auipc	x24,0x252b7	 x24=0xa52bdb00
       93175000	      9218	80006b04	419907b3	sub	x15,x18,x25	 x18:0x0000000f x25:0xffffffff x15=0x00000010
       93185000	      9219	80006b08	9a7d	c.andi	x12,-1	 x12:0x0000000f x12=0x0000000f
       93195000	      9220	80006b0a	015c0563	beq	x24,x21,80006b14	 x24:0xa52bdb00 x21:0x800073db
       93205000	      9221	80006b0e	717d	c.addi16sp	x2,-16	  x2:0x80007012  x2=0x80007002
       93575000	      9258	80006b10	038ee9b3	rem	x19,x29,x24	 x29:0x0000001a x24:0xa52bdb00 x19=0x0000001a
       93615000	      9262	80006b14	026a1933	mulh	x18,x20,x6	 x20:0x00016000  x6:0x00000001 x18=0x00000000
       93625000	      9263	80006b18	6f95	c.lui	x31,0x5	 x31=0x00005000
       93635000	      9264	80006b1a	002dd4b3	srl	x9,x27,x2	 x27:0x0000015a  x2:0x80007002  x9=0x00000056
       93645000	      9265	80006b1e	34002873	csrrs	x16,mscratch,x0	  x0:0x00000000 x16=0x800073b2
       93655000	      9266	80006b22	008ec963	blt	x29,x8,80006b34	 x29:0x0000001a  x8:0x800073b2
       93665000	      9267	80006b26	0271e863	bltu	x3,x7,80006b56	  x3:0x800069e6  x7:0x00000000
       93675000	      9268	80006b2a	34072a73	csrrs	x20,mscratch,x14	 x14:0x00000000 x20=0x800073b2
       93685000	      9269	80006b2e	937a	c.add	x6,x30	  x6:0x00000001 x30:0xffffffff  x6=0x00000000
       93695000	      9270	80006b30	00ba5eb3	srl	x29,x20,x11	 x20:0x800073b2 x11:0x8001fe64 x29=0x0800073b
       93715000	      9272	80006b34	0315ea33	rem	x20,x11,x17	 x11:0x8001fe64 x17:0x00000000 x20=0x8001fe64
       93725000	      9273	80006b38	8329	c.srli	x14,0xa	 x14:0x00000000 x14=0x00000000
       93735000	      9274	80006b3a	8e15	c.sub	x12,x13	 x12:0x0000000f x13:0x80023ce4 x12=0x7ffdc32b
       93745000	      9275	80006b3c	8179	c.srli	x10,0x1e	 x10:0x00000004 x10=0x00000000
       93755000	      9276	80006b3e	340b5473	csrrwi	x8,mscratch,22	  x8=0x800073b2
       93765000	      9277	80006b42	41fd0633	sub	x12,x26,x31	 x26:0x00000000 x31:0x00005000 x12=0xffffb000
       93775000	      9278	80006b46	0326e863	bltu	x13,x18,80006b76	 x13:0x80023ce4 x18:0x00000000
       93785000	      9279	80006b4a	048d	c.addi	x9,3	  x9:0x00000056  x9=0x00000059
       93795000	      9280	80006b4c	407281b3	sub	x3,x5,x7	  x5:0x00015000  x7:0x00000000  x3=0x00015000
       93805000	      9281	80006b50	567d	c.li	x12,-1	 x12=0xffffffff
       93825000	      9283	80006b52	0325ce33	div	x28,x11,x18	 x11:0x8001fe64 x18:0x00000000 x28=0xffffffff
       93835000	      9284	80006b56	01b2f433	and	x8,x5,x27	  x5:0x00015000 x27:0x0000015a  x8=0x00000000
       93845000	      9285	80006b5a	018bd313	srli	x6,x23,0x18	 x23:0x00000000  x6=0x00000000
       93855000	      9286	80006b5e	03c18363	beq	x3,x28,80006b84	  x3:0x00015000 x28:0xffffffff
       93865000	      9287	80006b62	02ad5663	bge	x26,x10,80006b8e	 x26:0x00000000 x10:0x00000000
       93925000	      9293	80006b8e	0350acb3	mulhsu	x25,x1,x21	  x1:0x0000001a x21:0x800073db x25=0x0000000d
       93935000	      9294	80006b92	9bfd	c.andi	x15,-1	 x15:0x00000010 x15=0x00000010
       93945000	      9295	80006b94	03c2c263	blt	x5,x28,80006bb8	  x5:0x00015000 x28:0xffffffff
       93955000	      9296	80006b98	1a08	c.addi4spn	x10,x2,304	 x10=0x80007132
       93965000	      9297	80006b9a	340021f3	csrrs	x3,mscratch,x0	  x0:0x00000000  x3=0x00000016
       93975000	      9298	80006b9e	c0d46d93	ori	x27,x8,-1011	  x8:0x00000000 x27=0xfffffc0d
       93985000	      9299	80006ba2	01db5a63	bge	x22,x29,80006bb6	 x22:0x00000000 x29:0x0800073b
       93995000	      9300	80006ba6	11c22b13	slti	x22,x4,284	  x4:0x800069f4 x22=0x00000001
       94005000	      9301	80006baa	9bfd	c.andi	x15,-1	 x15:0x00000010 x15=0x00000010
       94015000	      9302	80006bac	e5d9f993	andi	x19,x19,-419	 x19:0x0000001a x19=0x00000018
       94025000	      9303	80006bb0	34002e73	csrrs	x28,mscratch,x0	  x0:0x00000000 x28=0x00000016
       94035000	      9304	80006bb4	610d	c.addi16sp	x2,160	  x2:0x80007002  x2=0x800070a2
       94045000	      9305	80006bb6	8e96	c.mv	x29,x5	  x0:0x00000000  x5:0x00015000 x29=0x00015000
       94055000	      9306	80006bb8	015a8833	add	x16,x21,x21	 x21:0x800073db x21:0x800073db x16=0x0000e7b6
       94075000	      9308	80006bbc	02e4e1b3	rem	x3,x9,x14	  x9:0x00000059 x14:0x00000000  x3=0x00000059
       94085000	      9309	80006bc0	6145	c.addi16sp	x2,48	  x2:0x800070a2  x2=0x800070d2
       94095000	      9310	80006bc2	0001	c.addi	x0,0	  x0:0x00000000  x0=0x00000000
       94105000	      9311	80006bc4	00a79633	sll	x12,x15,x10	 x15:0x00000010 x10:0x80007132 x12=0x00400000
       94115000	      9312	80006bc8	001a0c33	add	x24,x20,x1	 x20:0x8001fe64  x1:0x0000001a x24=0x8001fe7e
       94125000	      9313	80006bcc	8146	c.mv	x2,x17	  x0:0x00000000 x17:0x00000000  x2=0x00000000
       94135000	      9314	80006bce	c021	c.beqz	x8,80006c0e	  x8:0x00000000
       94165000	      9317	80006c0e	ec54c613	xori	x12,x9,-315	  x9:0x00000059 x12=0xfffffe9c
       94205000	      9321	80006c12	02c59c33	mulh	x24,x11,x12	 x11:0x8001fe64 x12:0xfffffe9c x24=0x000000b1
       94215000	      9322	80006c16	8e1d	c.sub	x12,x15	 x12:0xfffffe9c x15:0x00000010 x12=0xfffffe8c
       94245000	      9325	80006c18	03ca0db3	mul	x27,x20,x28	 x20:0x8001fe64 x28:0x00000016 x27=0x002bdc98
       94255000	      9326	80006c1c	0c6a	c.slli	x24,0x1a	 x24:0x000000b1 x24=0xc4000000
       94265000	      9327	80006c1e	6d85	c.lui	x27,0x1	 x27=0x00001000
       94275000	      9328	80006c20	704d0213	addi	x4,x26,1796	 x26:0x00000000  x4=0x00000704
       94285000	      9329	80006c24	406888b3	sub	x17,x17,x6	 x17:0x00000000  x6:0x00000000 x17=0x00000000
       94295000	      9330	80006c28	717d	c.addi16sp	x2,-16	  x2:0x00000000  x2=0xfffffff0
       94665000	      9367	80006c2a	0352c333	div	x6,x5,x21	  x5:0x00015000 x21:0x800073db  x6=0x00000000
       94675000	      9368	80006c2e	0001	c.addi	x0,0	  x0:0x00000000  x0=0x00000000
       95045000	      9405	80006c30	034be1b3	rem	x3,x23,x20	 x23:0x00000000 x20:0x8001fe64  x3=0x00000000
       95055000	      9406	80006c34	00af8cb3	add	x25,x31,x10	 x31:0x00005000 x10:0x80007132 x25=0x8000c132
       95065000	      9407	80006c38	40630db3	sub	x27,x6,x6	  x6:0x00000000  x6:0x00000000 x27=0x00000000
       95105000	      9411	80006c3c	02f2a1b3	mulhsu	x3,x5,x15	  x5:0x00015000 x15:0x00000010  x3=0x00000000
       95115000	      9412	80006c40	6459	c.lui	x8,0x16	  x8=0x00016000
       95125000	      9413	80006c42	8d65	c.and	x10,x9	 x10:0x80007132  x9:0x00000059 x10=0x00000010
       95135000	      9414	80006c44	eaa12b13	slti	x22,x2,-342	  x2:0xfffffff0 x22=0x00000000
       95145000	      9415	80006c48	0000100f	fence.i	
       95165000	      9417	80006c4c	0ff0000f	fence	iorw,iorw	
       95185000	      9419	80006c50	031fd533	divu	x10,x31,x17	 x31:0x00005000 x17:0x00000000 x10=0xffffffff
       95195000	      9420	80006c54	0001	c.addi	x0,0	  x0:0x00000000  x0=0x00000000
       95235000	      9424	80006c56	03669333	mulh	x6,x13,x22	 x13:0x80023ce4 x22:0x00000000  x6=0x00000000
       95245000	      9425	80006c5a	d2cf4b17	auipc	x22,0xd2cf4	 x22=0x52cfac5a
       95255000	      9426	80006c5e	8329	c.srli	x14,0xa	 x14:0x00000000 x14=0x00000000
       95265000	      9427	80006c60	40915333	sra	x6,x2,x9	  x2:0xfffffff0  x9:0x00000059  x6=0xffffffff
       95275000	      9428	80006c64	00464563	blt	x12,x4,80006c6e	 x12:0xfffffe8c  x4:0x00000704
       95295000	      9430	80006c6e	8005	c.srli	x8,0x1	  x8:0x00016000  x8=0x0000b000
       95305000	      9431	80006c70	00449a33	sll	x20,x9,x4	  x9:0x00000059  x4:0x00000704 x20=0x00000590
       95315000	      9432	80006c74	0188d4b3	srl	x9,x17,x24	 x17:0x00000000 x24:0xc4000000  x9=0x00000000
       95325000	      9433	80006c78	340e6973	csrrsi	x18,mscratch,28	 x18=0x00000016
       95365000	      9437	80006c7c	03e21733	mulh	x14,x4,x30	  x4:0x00000704 x30:0xffffffff x14=0xffffffff
       95735000	      9474	80006c80	022260b3	rem	x1,x4,x2	  x4:0x00000704  x2:0xfffffff0  x1=0x00000004
       95745000	      9475	80006c84	0ff0000f	fence	iorw,iorw	
       95755000	      9476	80006c88	616d	c.addi16sp	x2,240	  x2:0xfffffff0  x2=0x000000e0
       95765000	      9477	80006c8a	340f2a73	csrrs	x20,mscratch,x30	 x30:0xffffffff x20=0x0000001e
       95775000	      9478	80006c8e	891e	c.mv	x18,x7	  x0:0x00000000  x7:0x00000000 x18=0x00000000
       95785000	      9479	80006c90	111c	c.addi4spn	x15,x2,160	 x15=0x00000180
       95795000	      9480	80006c92	0141d963	bge	x3,x20,80006ca4	  x3:0x00000000 x20:0x0000001e
       95815000	      9482	80006c96	03af61b3	rem	x3,x30,x26	 x30:0xffffffff x26:0x00000000  x3=0xffffffff
       95825000	      9483	80006c9a	920a	c.add	x4,x2	  x4:0x00000704  x2:0x000000e0  x4=0x000007e4
       95835000	      9484	80006c9c	e11d	c.bnez	x10,80006cc2	 x10:0xffffffff
       95855000	      9486	80006cc2	8d35	c.xor	x10,x13	 x10:0xffffffff x13:0x80023ce4 x10=0x7ffdc31b
       95865000	      9487	80006cc4	00afc663	blt	x31,x10,80006cd0	 x31:0x00005000 x10:0x7ffdc31b
       96245000	      9525	80006cd0	034ce4b3	rem	x9,x25,x20	 x25:0x8000c132 x20:0x0000001e  x9=0xffffffec
       96255000	      9526	80006cd4	0008c133	xor	x2,x17,x0	 x17:0x00000000  x0:0x00000000  x2=0x00000000
       96625000	      9563	80006cd8	036570b3	remu	x1,x10,x22	 x10:0x7ffdc31b x22:0x52cfac5a  x1=0x2d2e16c1
       96995000	      9600	80006cdc	030c74b3	remu	x9,x24,x16	 x24:0xc4000000 x16:0x0000e7b6  x9=0x0000a02e
       97005000	      9601	80006ce0	004bc563	blt	x23,x4,80006cea	 x23:0x00000000  x4:0x000007e4
       97025000	      9603	80006cea	527d	c.li	x4,-1	  x4=0xffffffff
       97035000	      9604	80006cec	00095f33	srl	x30,x18,x0	 x18:0x00000000  x0:0x00000000 x30=0x00000000
       97045000	      9605	80006cf0	6431	c.lui	x8,0xc	  x8=0x0000c000
       97055000	      9606	80006cf2	8fd1	c.or	x15,x12	 x15:0x00000180 x12:0xfffffe8c x15=0xffffff8c
       97065000	      9607	80006cf4	186ee313	ori	x6,x29,390	 x29:0x00015000  x6=0x00015186
       97075000	      9608	80006cf8	cf19	c.beqz	x14,80006d16	 x14:0xffffffff
       97445000	      9645	80006cfa	02694233	div	x4,x18,x6	 x18:0x00000000  x6:0x00015186  x4=0x00000000
       97465000	      9647	80006cfe	03794e33	div	x28,x18,x23	 x18:0x00000000 x23:0x00000000 x28=0xffffffff
       97475000	      9648	80006d02	8c25	c.xor	x8,x9	  x8:0x0000c000  x9:0x0000a02e  x8=0x0000602e
       97485000	      9649	80006d04	41cad513	srai	x10,x21,0x1c	 x21:0x800073db x10=0xfffffff8
       97495000	      9650	80006d08	01f68733	add	x14,x13,x31	 x13:0x80023ce4 x31:0x00005000 x14=0x80028ce4
       97505000	      9651	80006d0c	0000100f	fence.i	
       97525000	      9653	80006d10	8f29	c.xor	x14,x10	 x14:0x80028ce4 x10:0xfffffff8 x14=0x7ffd731c
       97535000	      9654	80006d12	41435533	sra	x10,x6,x20	  x6:0x00015186 x20:0x0000001e x10=0x00000000
       97545000	      9655	80006d16	01636bb3	or	x23,x6,x22	  x6:0x00015186 x22:0x52cfac5a x23=0x52cffdde
       97555000	      9656	80006d1a	9bfd	c.andi	x15,-1	 x15:0xffffff8c x15=0xffffff8c
       97565000	      9657	80006d1c	00409ab3	sll	x21,x1,x4	  x1:0x2d2e16c1  x4:0x00000000 x21=0x2d2e16c1
       97575000	      9658	80006d20	1d26fc93	andi	x25,x13,466	 x13:0x80023ce4 x25=0x000000c0
       97585000	      9659	80006d24	01bee033	or	x0,x29,x27	 x29:0x00015000 x27:0x00000000  x0=0x00000000
       97595000	      9660	80006d28	0000100f	fence.i	
       97615000	      9662	80006d2c	019dc533	xor	x10,x27,x25	 x27:0x00000000 x25:0x000000c0 x10=0x000000c0
       97625000	      9663	80006d30	cb09	c.beqz	x14,80006d42	 x14:0x7ffd731c
       97635000	      9664	80006d32	07a24363	blt	x4,x26,80006d98	  x4:0x00000000 x26:0x00000000
       97645000	      9665	80006d36	340b2973	csrrs	x18,mscratch,x22	 x22:0x52cfac5a x18=0xffffffff
       97655000	      9666	80006d3a	8c9d	c.sub	x9,x15	  x9:0x0000a02e x15:0xffffff8c  x9=0x0000a0a2
       97665000	      9667	80006d3c	34079df3	csrrw	x27,mscratch,x15	 x15:0xffffff8c x27=0xffffffff
       97675000	      9668	80006d40	0001	c.addi	x0,0	  x0:0x00000000  x0=0x00000000
       97685000	      9669	80006d42	00d5eb33	or	x22,x11,x13	 x11:0x8001fe64 x13:0x80023ce4 x22=0x8003fee4
       97695000	      9670	80006d46	01f18f33	add	x30,x3,x31	  x3:0xffffffff x31:0x00005000 x30=0x00004fff
       97705000	      9671	80006d4a	48293e13	sltiu	x28,x18,1154	 x18:0xffffffff x28=0x00000000
       97715000	      9672	80006d4e	8e09	c.sub	x12,x10	 x12:0xfffffe8c x10:0x000000c0 x12=0xfffffdcc
       97725000	      9673	80006d50	5185c497	auipc	x9,0x5185c	  x9=0xd1862d50
       97765000	      9677	80006d54	03283eb3	mulhu	x29,x16,x18	 x16:0x0000e7b6 x18:0xffffffff x29=0x0000e7b5
       97775000	      9678	80006d58	01834763	blt	x6,x24,80006d66	  x6:0x00015186 x24:0xc4000000
       97785000	      9679	80006d5c	8bb1	c.andi	x15,12	 x15:0xffffff8c x15=0x0000000c
       97825000	      9683	80006d5e	02e83b33	mulhu	x22,x16,x14	 x16:0x0000e7b6 x14:0x7ffd731c x22=0x000073d8
       97835000	      9684	80006d62	bc072913	slti	x18,x14,-1088	 x14:0x7ffd731c x18=0x00000000
       97845000	      9685	80006d66	740a0a13	addi	x20,x20,1856	 x20:0x0000001e x20=0x0000075e
       97855000	      9686	80006d6a	340032f3	csrrc	x5,mscratch,x0	  x0:0x00000000  x5=0xffffff8c
       97865000	      9687	80006d6e	00002c17	auipc	x24,0x2	 x24=0x80008d6e
       97875000	      9688	80006d72	fbcc0c13	addi	x24,x24,-68	 x24:0x80008d6e x24=0x80008d2a
       97885000	      9689	80006d76	412cd913	srai	x18,x25,0x12	 x25:0x000000c0 x18=0x00000000
       97895000	      9690	80006d7a	d64c0c13	addi	x24,x24,-668	 x24:0x80008d2a x24=0x80008a8e
       97905000	      9691	80006d7e	b71b2a13	slti	x20,x22,-1167	 x22:0x000073d8 x20=0x00000000
       97915000	      9692	80006d82	1ffd	c.addi	x31,-1	 x31:0x00005000 x31=0x00004fff
       97925000	      9693	80006d84	00e2e663	bltu	x5,x14,80006d90	  x5:0xffffff8c x14:0x7ffd731c
       97935000	      9694	80006d88	00b278b3	and	x17,x4,x11	  x4:0x00000000 x11:0x8001fe64 x17=0x00000000
       97975000	      9698	80006d8c	0316be33	mulhu	x28,x13,x17	 x13:0x80023ce4 x17:0x00000000 x28=0x00000000
       97985000	      9699	80006d90	29cc01e7	jalr	x3,668(x24)	 x24:0x80008a8e  x3=0x80006d94
       98005000	      9701	80008d2a	1581	c.addi	x11,-32	 x11:0x8001fe64 x11=0x8001fe44
       98015000	      9702	80008d2c	8231	c.srli	x12,0xc	 x12:0xfffffdcc x12=0x000fffff
       98385000	      9739	80008d2e	035fccb3	div	x25,x31,x21	 x31:0x00004fff x21:0x2d2e16c1 x25=0x00000000
       98395000	      9740	80008d32	80d1	c.srli	x9,0x14	  x9:0xd1862d50  x9=0x00000d18
       98435000	      9744	80008d34	02d09fb3	mulh	x31,x1,x13	  x1:0x2d2e16c1 x13:0x80023ce4 x31=0xe96959ba
       98445000	      9745	80008d38	0ff0000f	fence	iorw,iorw	
       98455000	      9746	80008d3c	0099b4b3	sltu	x9,x19,x9	 x19:0x00000018  x9:0x00000d18  x9=0x00000001
       98465000	      9747	80008d40	0035a223	sw	x3,4(x11)	 x11:0x8001fe44  x3:0x80006d94 PA:0x8001fe48 store:0x80006d94 load:0x00000000
       98475000	      9748	80008d44	18fd	c.addi	x17,-1	 x17:0x00000000 x17=0xffffffff
       98485000	      9749	80008d46	01fef4b3	and	x9,x29,x31	 x29:0x0000e7b5 x31:0xe96959ba  x9=0x000041b0
       98495000	      9750	80008d4a	018001ef	jal	x3,80008d62	  x3=0x80008d4e
       98515000	      9752	80008d62	2009	c.jal	80008d64	  x1=0x80008d64
       98535000	      9754	80008d64	2831	c.jal	80008d80	  x1=0x80008d66
       98555000	      9756	80008d80	a019	c.j	80008d86	
       98575000	      9758	80008d86	37ed	c.jal	80008d70	  x1=0x80008d88
       98595000	      9760	80008d70	ffdff0ef	jal	x1,80008d6c	  x1=0x80008d74
       98615000	      9762	80008d6c	ffbff2ef	jal	x5,80008d66	  x5=0x80008d70
       98645000	      9765	80008d66	01c0036f	jal	x6,80008d82	  x6=0x80008d6a
       98665000	      9767	80008d82	3fdd	c.jal	80008d78	  x1=0x80008d84
       98685000	      9769	80008d78	0180036f	jal	x6,80008d90	  x6=0x80008d7c
       98705000	      9771	80008d90	ffdff36f	jal	x6,80008d8c	  x6=0x80008d94
       98725000	      9773	80008d8c	ff1ff46f	jal	x8,80008d7c	  x8=0x80008d90
       98745000	      9775	80008d7c	ffbffc6f	jal	x24,80008d76	 x24=0x80008d80
       98765000	      9777	80008d76	b7dd	c.j	80008d5c	
       98785000	      9779	80008d5c	a039	c.j	80008d6a	
       98805000	      9781	80008d6a	2839	c.jal	80008d88	  x1=0x80008d6c
       98825000	      9783	80008d88	bfc1	c.j	80008d58	
       98845000	      9785	80008d58	01c004ef	jal	x9,80008d74	  x9=0x80008d5c
       98865000	      9787	80008d74	a819	c.j	80008d8a	
       98885000	      9789	80008d8a	37d1	c.jal	80008d4e	  x1=0x80008d8c
       98905000	      9791	80008d4e	2801	c.jal	80008d5e	  x1=0x80008d50
       98935000	      9794	80008d5e	ff7ff56f	jal	x10,80008d54	 x10=0x80008d62
       98955000	      9796	80008d54	030000ef	jal	x1,80008d84	  x1=0x80008d58
       98975000	      9798	80008d84	37f1	c.jal	80008d50	  x1=0x80008d86
       98995000	      9800	80008d50	0440026f	jal	x4,80008d94	  x4=0x80008d54
       99015000	      9802	80008d94	0e31	c.addi	x28,12	 x28:0x00000000 x28=0x0000000c
       99025000	      9803	80008d96	03230263	beq	x6,x18,80008dba	  x6:0x80008d94 x18:0x00000000
       99035000	      9804	80008d9a	340154f3	csrrwi	x9,mscratch,2	  x9=0xffffff8c
       99045000	      9805	80008d9e	262b1b97	auipc	x23,0x262b1	 x23=0xa62b9d9e
       99415000	      9842	80008da2	02134db3	div	x27,x6,x1	  x6:0x80008d94  x1:0x80008d86 x27=0x00000000
       99425000	      9843	80008da6	3408e973	csrrsi	x18,mscratch,17	 x18=0x00000002
       99435000	      9844	80008daa	41210fb3	sub	x31,x2,x18	  x2:0x00000000 x18:0x00000002 x31=0xfffffffe
       99445000	      9845	80008dae	0148fc63	bgeu	x17,x20,80008dc6	 x17:0xffffffff x20:0x00000000
       99465000	      9847	80008dc6	94c6	c.add	x9,x17	  x9:0xffffff8c x17:0xffffffff  x9=0xffffff8b
       99475000	      9848	80008dc8	1d98	c.addi4spn	x14,x2,752	 x14=0x000002f0
       99515000	      9852	80008dca	03afbcb3	mulhu	x25,x31,x26	 x31:0xfffffffe x26:0x00000000 x25=0x00000000
       99525000	      9853	80008dce	015fd413	srli	x8,x31,0x15	 x31:0xfffffffe  x8=0x000007ff
       99535000	      9854	80008dd2	0137b7b3	sltu	x15,x15,x19	 x15:0x0000000c x19:0x00000018 x15=0x00000001
       99545000	      9855	80008dd6	915a8097	auipc	x1,0x915a8	  x1=0x115b0dd6
       99555000	      9856	80008dda	8cf5	c.and	x9,x13	  x9:0xffffff8b x13:0x80023ce4  x9=0x80023c80
       99565000	      9857	80008ddc	0ff0000f	fence	iorw,iorw	
       99575000	      9858	80008de0	866d	c.srai	x12,0x1b	 x12:0x000fffff x12=0x00000000
       99585000	      9859	80008de2	0ff0000f	fence	iorw,iorw	
       99595000	      9860	80008de6	41fd52b3	sra	x5,x26,x31	 x26:0x00000000 x31:0xfffffffe  x5=0x00000000
       99605000	      9861	80008dea	01091e13	slli	x28,x18,0x10	 x18:0x00000002 x28=0x00020000
       99615000	      9862	80008dee	12cf6493	ori	x9,x30,300	 x30:0x00004fff  x9=0x00004fff
       99625000	      9863	80008df2	e20d	c.bnez	x12,80008e14	 x12:0x00000000
       99635000	      9864	80008df4	987d	c.andi	x8,-1	  x8:0x000007ff  x8=0x000007ff
       99645000	      9865	80008df6	40a35f93	srai	x31,x6,0xa	  x6:0x80008d94 x31=0xffe00023
       99675000	      9868	80008dfa	02408233	mul	x4,x1,x4	  x1:0x115b0dd6  x4:0x80008d54  x4=0xd87f6838
       99685000	      9869	80008dfe	00c61263	bne	x12,x12,80008e02	 x12:0x00000000 x12:0x00000000
       99695000	      9870	80008e02	9b7d	c.andi	x14,-1	 x14:0x000002f0 x14=0x000002f0
      100065000	      9907	80008e04	03604db3	div	x27,x0,x22	  x0:0x00000000 x22:0x000073d8 x27=0x00000000
      100095000	      9910	80008e08	038487b3	mul	x15,x9,x24	  x9:0x00004fff x24:0x80008d80 x15=0xac377280
      100105000	      9911	80008e0c	e017a813	slti	x16,x15,-511	 x15:0xac377280 x16=0x00000001
      100115000	      9912	80008e10	340594f3	csrrw	x9,mscratch,x11	 x11:0x8001fe44  x9=0x00000013
      100125000	      9913	80008e14	0413c163	blt	x7,x1,80008e56	  x7:0x00000000  x1:0x115b0dd6
      100155000	      9916	80008e56	0173ec63	bltu	x7,x23,80008e6e	  x7:0x00000000 x23:0xa62b9d9e
      100175000	      9918	80008e6e	88f5	c.andi	x9,29	  x9:0x00000013  x9=0x00000011
      100185000	      9919	80008e70	03a16b63	bltu	x2,x26,80008ea6	  x2:0x00000000 x26:0x00000000
      100225000	      9923	80008e74	02bcbfb3	mulhu	x31,x25,x11	 x25:0x00000000 x11:0x8001fe44 x31=0x00000000
      100245000	      9925	80008e78	0228e433	rem	x8,x17,x2	 x17:0xffffffff  x2:0x00000000  x8=0xffffffff
      100255000	      9926	80008e7c	010f69b3	or	x19,x30,x16	 x30:0x00004fff x16:0x00000001 x19=0x00004fff
      100265000	      9927	80008e80	8b81	c.andi	x15,0	 x15:0xac377280 x15=0x00000000
      100285000	      9929	80008e82	02237033	remu	x0,x6,x2	  x6:0x80008d94  x2:0x00000000  x0=0x00000000
      100295000	      9930	80008e86	4127d2b3	sra	x5,x15,x18	 x15:0x00000000 x18:0x00000002  x5=0x00000000
      100305000	      9931	80008e8a	014c7733	and	x14,x24,x20	 x24:0x80008d80 x20:0x00000000 x14=0x00000000
      100315000	      9932	80008e8e	04ce0063	beq	x28,x12,80008ece	 x28:0x00020000 x12:0x00000000
      100325000	      9933	80008e92	547d	c.li	x8,-1	  x8=0xffffffff
      100335000	      9934	80008e94	033a7363	bgeu	x20,x19,80008eba	 x20:0x00000000 x19:0x00004fff
      100345000	      9935	80008e98	01afe263	bltu	x31,x26,80008e9c	 x31:0x00000000 x26:0x00000000
      100355000	      9936	80008e9c	ed0d	c.bnez	x10,80008ed6	 x10:0x80008d62
      100375000	      9938	80008ed6	0001	c.addi	x0,0	  x0:0x00000000  x0=0x00000000
      100385000	      9939	80008ed8	0922	c.slli	x18,0x8	 x18:0x00000002 x18=0x00000200
      100425000	      9943	80008eda	022caf33	mulhsu	x30,x25,x2	 x25:0x00000000  x2:0x00000000 x30=0x00000000
      100435000	      9944	80008ede	0045a183	lw	x3,4(x11)	 x11:0x8001fe44  x3=0x80006d94 PA:0x8001fe48 load:0x80006d94
      100445000	      9945	80008ee2	6b243113	sltiu	x2,x8,1714	  x8:0xffffffff  x2=0x00000000
      100455000	      9946	80008ee6	02058593	addi	x11,x11,32	 x11:0x8001fe44 x11=0x8001fe64
      100465000	      9947	80008eea	04a1	c.addi	x9,8	  x9:0x00000011  x9=0x00000019
      100505000	      9951	80008eec	02c39bb3	mulh	x23,x7,x12	  x7:0x00000000 x12:0x00000000 x23=0x00000000
      100515000	      9952	80008ef0	0ff0000f	fence	iorw,iorw	
      100525000	      9953	80008ef4	00118813	addi	x16,x3,1	  x3:0x80006d94 x16=0x80006d95
      100535000	      9954	80008ef8	00080867	jalr	x16,0(x16)	 x16:0x80006d95 x16=0x80008efc
      100555000	      9956	80006d94	04a8f163	bgeu	x17,x10,80006dd6	 x17:0xffffffff x10:0x80008d62
      100615000	      9962	80006dd6	031a34b3	mulhu	x9,x20,x17	 x20:0x00000000 x17:0xffffffff  x9=0x00000000
      100625000	      9963	80006dda	c811	c.beqz	x8,80006dee	  x8:0xffffffff
      100635000	      9964	80006ddc	007adb63	bge	x21,x7,80006df2	 x21:0x2d2e16c1  x7:0x00000000
      100665000	      9967	80006df2	0069d293	srli	x5,x19,0x6	 x19:0x00004fff  x5=0x0000013f
      100675000	      9968	80006df6	8a014d13	xori	x26,x2,-1888	  x2:0x00000000 x26=0xfffff8a0
      100685000	      9969	80006dfa	d8252f13	slti	x30,x10,-638	 x10:0x80008d62 x30=0x00000001
      100695000	      9970	80006dfe	8041	c.srli	x8,0x10	  x8:0xffffffff  x8=0x0000ffff
      100705000	      9971	80006e00	0001	c.addi	x0,0	  x0:0x00000000  x0=0x00000000
      100715000	      9972	80006e02	bc71ce13	xori	x28,x3,-1081	  x3:0x80006d94 x28=0x7fff9653
      100725000	      9973	80006e06	03cbc863	blt	x23,x28,80006e36	 x23:0x00000000 x28:0x7fff9653
      100755000	      9976	80006e36	400a8733	sub	x14,x21,x0	 x21:0x2d2e16c1  x0:0x00000000 x14=0x2d2e16c1
      100765000	      9977	80006e3a	0001	c.addi	x0,0	  x0:0x00000000  x0=0x00000000
      100775000	      9978	80006e3c	412289b3	sub	x19,x5,x18	  x5:0x0000013f x18:0x00000200 x19=0xffffff3f
      100785000	      9979	80006e40	0104d833	srl	x16,x9,x16	  x9:0x00000000 x16:0x80008efc x16=0x00000000
      100795000	      9980	80006e44	c011	c.beqz	x8,80006e48	  x8:0x0000ffff
      100805000	      9981	80006e46	0001	c.addi	x0,0	  x0:0x00000000  x0=0x00000000
      100815000	      9982	80006e48	0001	c.addi	x0,0	  x0:0x00000000  x0=0x00000000
      100825000	      9983	80006e4a	033b8863	beq	x23,x19,80006e7a	 x23:0x00000000 x19:0xffffff3f
      100835000	      9984	80006e4e	01265e63	bge	x12,x18,80006e6a	 x12:0x00000000 x18:0x00000200
      100845000	      9985	80006e52	3402b573	csrrc	x10,mscratch,x5	  x5:0x0000013f x10=0x8001fe44
      100855000	      9986	80006e56	00d70533	add	x10,x14,x13	 x14:0x2d2e16c1 x13:0x80023ce4 x10=0xad3053a5
      100865000	      9987	80006e5a	00bd60b3	or	x1,x26,x11	 x26:0xfffff8a0 x11:0x8001fe64  x1=0xfffffee4
      100875000	      9988	80006e5e	01170933	add	x18,x14,x17	 x14:0x2d2e16c1 x17:0xffffffff x18=0x2d2e16c0
      100885000	      9989	80006e62	0ff0000f	fence	iorw,iorw	
      100895000	      9990	80006e66	019de833	or	x16,x27,x25	 x27:0x00000000 x25:0x00000000 x16=0x00000000
      100905000	      9991	80006e6a	013f7863	bgeu	x30,x19,80006e7a	 x30:0x00000001 x19:0xffffff3f
      100915000	      9992	80006e6e	8245	c.srli	x12,0x11	 x12:0x00000000 x12=0x00000000
      100925000	      9993	80006e70	c129	c.beqz	x10,80006eb2	 x10:0xad3053a5
      100945000	      9995	80006e72	02f649b3	div	x19,x12,x15	 x12:0x00000000 x15:0x00000000 x19=0xffffffff
      100985000	      9999	80006e76	031fa533	mulhsu	x10,x31,x17	 x31:0x00000000 x17:0xffffffff x10=0x00000000
      100995000	     10000	80006e7a	18a3ab93	slti	x23,x7,394	  x7:0x00000000 x23=0x00000001
      101005000	     10001	80006e7e	87ad	c.srai	x15,0xb	 x15:0x00000000 x15=0x00000000
      101015000	     10002	80006e80	2038cd13	xori	x26,x17,515	 x17:0xffffffff x26=0xfffffdfc
      101025000	     10003	80006e84	34007a73	csrrci	x20,mscratch,0	 x20=0x8001fe40
      101395000	     10040	80006e88	02197733	remu	x14,x18,x1	 x18:0x2d2e16c0  x1:0xfffffee4 x14=0x2d2e16c0
      101405000	     10041	80006e8c	0001	c.addi	x0,0	  x0:0x00000000  x0=0x00000000
      101415000	     10042	80006e8e	0014edb3	or	x27,x9,x1	  x9:0x00000000  x1:0xfffffee4 x27=0xfffffee4
      101455000	     10046	80006e92	0309be33	mulhu	x28,x19,x16	 x19:0xffffffff x16:0x00000000 x28=0x00000000
      101465000	     10047	80006e96	844d	c.srai	x8,0x13	  x8:0x0000ffff  x8=0x00000000
      101475000	     10048	80006e98	0c29	c.addi	x24,10	 x24:0x80008d80 x24=0x80008d8a
      101485000	     10049	80006e9a	b6bf4793	xori	x15,x30,-1173	 x30:0x00000001 x15=0xfffffb6a
      101495000	     10050	80006e9e	8ae2	c.mv	x21,x24	  x0:0x00000000 x24:0x80008d8a x21=0x80008d8a
      101505000	     10051	80006ea0	01785613	srli	x12,x16,0x17	 x16:0x00000000 x12=0x00000000
      101515000	     10052	80006ea4	01d6a2b3	slt	x5,x13,x29	 x13:0x80023ce4 x29:0x0000e7b5  x5=0x00000001
      101525000	     10053	80006ea8	41a88eb3	sub	x29,x17,x26	 x17:0xffffffff x26:0xfffffdfc x29=0x00000203
      101535000	     10054	80006eac	1ceb0813	addi	x16,x22,462	 x22:0x000073d8 x16=0x000075a6
      101545000	     10055	80006eb0	4705	c.li	x14,1	 x14=0x00000001
      101585000	     10059	80006eb2	02ce1cb3	mulh	x25,x28,x12	 x28:0x00000000 x12:0x00000000 x25=0x00000000
      101595000	     10060	80006eb6	00cc04b3	add	x9,x24,x12	 x24:0x80008d8a x12:0x00000000  x9=0x80008d8a
      101625000	     10063	80006eba	032d0233	mul	x4,x26,x18	 x26:0xfffffdfc x18:0x2d2e16c0  x4=0xef1a2500
      101635000	     10064	80006ebe	0019f863	bgeu	x19,x1,80006ece	 x19:0xffffffff  x1:0xfffffee4
      101655000	     10066	80006ece	98fd	c.andi	x9,-1	  x9:0x80008d8a  x9=0x80008d8a
      101665000	     10067	80006ed0	4749	c.li	x14,18	 x14=0x00000012
      101675000	     10068	80006ed2	0305	c.addi	x6,1	  x6:0x80008d94  x6=0x80008d95
      101685000	     10069	80006ed4	01e86363	bltu	x16,x30,80006eda	 x16:0x000075a6 x30:0x00000001
      101695000	     10070	80006ed8	4d0d	c.li	x26,3	 x26=0x00000003
      101705000	     10071	80006eda	026afa63	bgeu	x21,x6,80006f0e	 x21:0x80008d8a  x6:0x80008d95
      101715000	     10072	80006ede	018fdb63	bge	x31,x24,80006ef4	 x31:0x00000000 x24:0x80008d8a
      101755000	     10076	80006ef4	02300e33	mul	x28,x0,x3	  x0:0x00000000  x3:0x80006d94 x28=0x00000000
      101765000	     10077	80006ef8	c31d	c.beqz	x14,80006f1e	 x14:0x00000012
      101805000	     10081	80006efa	03ec3d33	mulhu	x26,x24,x30	 x24:0x80008d8a x30:0x00000001 x26=0x00000000
      101815000	     10082	80006efe	0001	c.addi	x0,0	  x0:0x00000000  x0=0x00000000
      101825000	     10083	80006f00	340ea873	csrrs	x16,mscratch,x29	 x29:0x00000203 x16=0x8001fe40
      101865000	     10087	80006f04	03031a33	mulh	x20,x6,x16	  x6:0x80008d95 x16:0x8001fe40 x20=0x3ffeba16
      101875000	     10088	80006f08	340cd873	csrrwi	x16,mscratch,25	 x16=0x8001fe43
      101885000	     10089	80006f0c	6129	c.addi16sp	x2,192	  x2:0x00000000  x2=0x000000c0
      101895000	     10090	80006f0e	41fb5713	srai	x14,x22,0x1f	 x22:0x000073d8 x14=0x00000000
      102265000	     10127	80006f12	023d6133	rem	x2,x26,x3	 x26:0x00000000  x3:0x80006d94  x2=0x00000000
      102275000	     10128	80006f16	da7d4a93	xori	x21,x26,-601	 x26:0x00000000 x21=0xfffffda7
      102315000	     10132	80006f1a	036bb2b3	mulhu	x5,x23,x22	 x23:0x00000001 x22:0x000073d8  x5=0x00000000
      102325000	     10133	80006f1e	42e5	c.li	x5,25	  x5=0x00000019
      102335000	     10134	80006f20	4489	c.li	x9,2	  x9=0x00000002
      102345000	     10135	80006f22	01d011b3	sll	x3,x0,x29	  x0:0x00000000 x29:0x00000203  x3=0x00000000
      102355000	     10136	80006f26	00acc533	xor	x10,x25,x10	 x25:0x00000000 x10:0x00000000 x10=0x00000000
      102365000	     10137	80006f2a	340bb7f3	csrrc	x15,mscratch,x23	 x23:0x00000001 x15=0x00000019
      102375000	     10138	80006f2e	340c62f3	csrrsi	x5,mscratch,24	  x5=0x00000018
      102385000	     10139	80006f32	0000100f	fence.i	
      102415000	     10142	80006f36	00d59e13	slli	x28,x11,0xd	 x11:0x8001fe64 x28=0x3fcc8000
      102425000	     10143	80006f3a	3408d573	csrrwi	x10,mscratch,17	 x10=0x00000018
      102435000	     10144	80006f3e	00a5f8b3	and	x17,x11,x10	 x11:0x8001fe64 x10:0x00000018 x17=0x00000000
      102445000	     10145	80006f42	34007af3	csrrci	x21,mscratch,0	 x21=0x00000011
      102455000	     10146	80006f46	8c31	c.xor	x8,x12	  x8:0x00000000 x12:0x00000000  x8=0x00000000
      102465000	     10147	80006f48	ca11	c.beqz	x12,80006f5c	 x12:0x00000000
      102485000	     10149	80006f5c	340039f3	csrrc	x19,mscratch,x0	  x0:0x00000000 x19=0x00000011
      102495000	     10150	80006f60	8c19	c.sub	x8,x14	  x8:0x00000000 x14:0x00000000  x8=0x00000000
      102505000	     10151	80006f62	5cbf2a13	slti	x20,x30,1483	 x30:0x00000001 x20=0x00000001
      102875000	     10188	80006f66	03875433	divu	x8,x14,x24	 x14:0x00000000 x24:0x80008d8a  x8=0x00000000
      102885000	     10189	80006f6a	4861	c.li	x16,24	 x16=0x00000018
      102895000	     10190	80006f6c	8f41	c.or	x14,x8	 x14:0x00000000  x8:0x00000000 x14=0x00000000
      102905000	     10191	80006f6e	19c62b17	auipc	x22,0x19c62	 x22=0x99c68f6e
      102915000	     10192	80006f72	0b80	c.addi4spn	x8,x2,464	  x8=0x000001d0
      102925000	     10193	80006f74	1b00	c.addi4spn	x8,x2,432	  x8=0x000001b0
      102935000	     10194	80006f76	8d1d	c.sub	x10,x15	 x10:0x00000018 x15:0x00000019 x10=0xffffffff
      102945000	     10195	80006f78	0a00	c.addi4spn	x8,x2,272	  x8=0x00000110
      102955000	     10196	80006f7a	010d72b3	and	x5,x26,x16	 x26:0x00000000 x16:0x00000018  x5=0x00000000
      102965000	     10197	80006f7e	412b5b93	srai	x23,x22,0x12	 x22:0x99c68f6e x23=0xffffe671
      102975000	     10198	80006f82	02d08363	beq	x1,x13,80006fa8	  x1:0xfffffee4 x13:0x80023ce4
      102985000	     10199	80006f86	8e1d	c.sub	x12,x15	 x12:0x00000000 x15:0x00000019 x12=0xffffffe7
      103005000	     10201	80006f88	02515833	divu	x16,x2,x5	  x2:0x00000000  x5:0x00000000 x16=0xffffffff
      103015000	     10202	80006f8c	340b59f3	csrrwi	x19,mscratch,22	 x19=0x00000011
      103025000	     10203	80006f90	340f7cf3	csrrci	x25,mscratch,30	 x25=0x00000016
      103035000	     10204	80006f94	014b5e93	srli	x29,x22,0x14	 x22:0x99c68f6e x29=0x0000099c
      103045000	     10205	80006f98	02901163	bne	x0,x9,80006fba	  x0:0x00000000  x9:0x00000002
      103065000	     10207	80006fba	c90d	c.beqz	x10,80006fec	 x10:0xffffffff
      103075000	     10208	80006fbc	8762	c.mv	x14,x24	  x0:0x00000000 x24:0x80008d8a x14=0x80008d8a
      103085000	     10209	80006fbe	40b68733	sub	x14,x13,x11	 x13:0x80023ce4 x11:0x8001fe64 x14=0x00003e80
      103095000	     10210	80006fc2	03f8df63	bge	x17,x31,80007000	 x17:0x00000000 x31:0x00000000
      103115000	     10212	80007000	0001	c.addi	x0,0	  x0:0x00000000  x0=0x00000000
      103125000	     10213	80007002	6a5d	c.lui	x20,0x17	 x20=0x00017000
      103135000	     10214	80007004	8c29	c.xor	x8,x10	  x8:0x00000110 x10:0xffffffff  x8=0xfffffeef
      103145000	     10215	80007006	038001ef	jal	x3,8000703e	  x3=0x8000700a
      103175000	     10218	8000703e	fdfff56f	jal	x10,8000701c	 x10=0x80007042
      103195000	     10220	8000701c	a821	c.j	80007034	
      103215000	     10222	80007034	fe5ff0ef	jal	x1,80007018	  x1=0x80007038
      103235000	     10224	80007018	016000ef	jal	x1,8000702e	  x1=0x8000701c
      103255000	     10226	8000702e	2031	c.jal	8000703a	  x1=0x80007030
      103285000	     10229	8000703a	fd9ff7ef	jal	x15,80007012	 x15=0x8000703e
      103305000	     10231	80007012	bffd	c.j	80007010	
      103325000	     10233	80007010	3fed	c.jal	8000700a	  x1=0x80007012
      103345000	     10235	8000700a	200d	c.jal	8000702c	  x1=0x8000700c
      103365000	     10237	8000702c	b7c5	c.j	8000700c	
      103385000	     10239	8000700c	a015	c.j	80007030	
      103405000	     10241	80007030	012001ef	jal	x3,80007042	  x3=0x80007034
      103435000	     10244	80007042	fe5ff36f	jal	x6,80007026	  x6=0x80007046
      103465000	     10247	80007026	fe9ff0ef	jal	x1,8000700e	  x1=0x8000702a
      103485000	     10249	8000700e	2809	c.jal	80007020	  x1=0x80007010
      103505000	     10251	80007020	ff5ff0ef	jal	x1,80007014	  x1=0x80007024
      103525000	     10253	80007014	01000eef	jal	x29,80007024	 x29=0x80007018
      103545000	     10255	80007024	bfed	c.j	8000701e	
      103565000	     10257	8000701e	2031	c.jal	8000702a	  x1=0x80007020
      103585000	     10259	8000702a	a039	c.j	80007038	
      103605000	     10261	80007038	a039	c.j	80007046	
      103625000	     10263	80007046	717d	c.addi16sp	x2,-16	  x2:0x00000000  x2=0xfffffff0
      103635000	     10264	80007048	9bfd	c.andi	x15,-1	 x15:0x8000703e x15=0x8000703e
      103645000	     10265	8000704a	40ed	c.li	x1,27	  x1=0x0000001b
      103655000	     10266	8000704c	340c5273	csrrwi	x4,mscratch,24	  x4=0x00000000
      103665000	     10267	80007050	34036bf3	csrrsi	x23,mscratch,6	 x23=0x00000018
      103675000	     10268	80007054	6165	c.addi16sp	x2,112	  x2:0xfffffff0  x2=0x00000060
      103685000	     10269	80007056	0001	c.addi	x0,0	  x0:0x00000000  x0=0x00000000
      103695000	     10270	80007058	3404b673	csrrc	x12,mscratch,x9	  x9:0x00000002 x12=0x0000001e
      103705000	     10271	8000705c	0156d333	srl	x6,x13,x21	 x13:0x80023ce4 x21:0x00000011  x6=0x00004001
      103715000	     10272	80007060	9bfd	c.andi	x15,-1	 x15:0x8000703e x15=0x8000703e
      104085000	     10309	80007062	02e05933	divu	x18,x0,x14	  x0:0x00000000 x14:0x00003e80 x18=0x00000000
      104095000	     10310	80007066	02a68263	beq	x13,x10,8000708a	 x13:0x80023ce4 x10:0x80007042
      104105000	     10311	8000706a	0133a9b3	slt	x19,x7,x19	  x7:0x00000000 x19:0x00000011 x19=0x00000001
      104475000	     10348	8000706e	02ecf733	remu	x14,x25,x14	 x25:0x00000016 x14:0x00003e80 x14=0x00000016
      104505000	     10351	80007072	029601b3	mul	x3,x12,x9	 x12:0x0000001e  x9:0x00000002  x3=0x0000003c
      104515000	     10352	80007076	8fc9	c.or	x15,x10	 x15:0x8000703e x10:0x80007042 x15=0x8000707e
      104525000	     10353	80007078	8fb1	c.xor	x15,x12	 x15:0x8000707e x12:0x0000001e x15=0x80007060
      104535000	     10354	8000707a	00c15f33	srl	x30,x2,x12	  x2:0x00000060 x12:0x0000001e x30=0x00000000
      104545000	     10355	8000707e	417ad093	srai	x1,x21,0x17	 x21:0x00000011  x1=0x00000000
      104555000	     10356	80007082	0419	c.addi	x8,6	  x8:0xfffffeef  x8=0xfffffef5
      104565000	     10357	80007084	0fd6	c.slli	x31,0x15	 x31:0x00000000 x31=0x00000000
      104585000	     10359	80007086	03fc42b3	div	x5,x24,x31	 x24:0x80008d8a x31:0x00000000  x5=0xffffffff
      104595000	     10360	8000708a	0000100f	fence.i	
      104625000	     10363	8000708e	64307c37	lui	x24,0x64307	 x24=0x64307000
      104635000	     10364	80007092	011d1793	slli	x15,x26,0x11	 x26:0x00000000 x15=0x00000000
      104645000	     10365	80007096	0ed4c993	xori	x19,x9,237	  x9:0x00000002 x19=0x000000ef
      104655000	     10366	8000709a	053ce363	bltu	x25,x19,800070e0	 x25:0x00000016 x19:0x000000ef
      104675000	     10368	800070e0	0001	c.addi	x0,0	  x0:0x00000000  x0=0x00000000
      104685000	     10369	800070e2	d7161f97	auipc	x31,0xd7161	 x31=0x571680e2
      104695000	     10370	800070e6	4a628d37	lui	x26,0x4a628	 x26=0x4a628000
      104705000	     10371	800070ea	9aea	c.add	x21,x26	 x21:0x00000011 x26:0x4a628000 x21=0x4a628011
      105075000	     10408	800070ec	03acebb3	rem	x23,x25,x26	 x25:0x00000016 x26:0x4a628000 x23=0x00000016
      105085000	     10409	800070f0	875d	c.srai	x14,0x17	 x14:0x00000016 x14=0x00000000
      105095000	     10410	800070f2	018b64b3	or	x9,x22,x24	 x22:0x99c68f6e x24:0x64307000  x9=0xfdf6ff6e
      105105000	     10411	800070f6	0001	c.addi	x0,0	  x0:0x00000000  x0=0x00000000
      105115000	     10412	800070f8	008d3cb3	sltu	x25,x26,x8	 x26:0x4a628000  x8:0xfffffef5 x25=0x00000001
      105125000	     10413	800070fc	00032eb3	slt	x29,x6,x0	  x6:0x00004001  x0:0x00000000 x29=0x00000000
      105135000	     10414	80007100	62557c13	andi	x24,x10,1573	 x10:0x80007042 x24=0x00000000
      105145000	     10415	80007104	6815	c.lui	x16,0x5	 x16=0x00005000
      105155000	     10416	80007106	013d0b63	beq	x26,x19,8000711c	 x26:0x4a628000 x19:0x000000ef
      105165000	     10417	8000710a	00abd463	bge	x23,x10,80007112	 x23:0x00000016 x10:0x80007042
      105185000	     10419	80007112	8662	c.mv	x12,x24	  x0:0x00000000 x24:0x00000000 x12=0x00000000
      105195000	     10420	80007114	415c5fb3	sra	x31,x24,x21	 x24:0x00000000 x21:0x4a628011 x31=0x00000000
      105205000	     10421	80007118	2750a793	slti	x15,x1,629	  x1:0x00000000 x15=0x00000001
      105215000	     10422	8000711c	41805413	srai	x8,x0,0x18	  x0:0x00000000  x8=0x00000000
      105225000	     10423	80007120	1025c793	xori	x15,x11,258	 x11:0x8001fe64 x15=0x8001ff66
      105235000	     10424	80007124	016e	c.slli	x2,0x1b	  x2:0x00000060  x2=0x00000000
      105245000	     10425	80007126	4d4d2793	slti	x15,x26,1236	 x26:0x4a628000 x15=0x00000000
      105255000	     10426	8000712a	8d25	c.xor	x10,x9	 x10:0x80007042  x9:0xfdf6ff6e x10=0x7df68f2c
      105265000	     10427	8000712c	4b41	c.li	x22,16	 x22=0x00000010
      105275000	     10428	8000712e	002f7b63	bgeu	x30,x2,80007144	 x30:0x00000000  x2:0x00000000
      105295000	     10430	80007144	34003cf3	csrrc	x25,mscratch,x0	  x0:0x00000000 x25=0x0000001c
      105305000	     10431	80007148	40cf5333	sra	x6,x30,x12	 x30:0x00000000 x12:0x00000000  x6=0x00000000
      105315000	     10432	8000714c	01ecdcb3	srl	x25,x25,x30	 x25:0x0000001c x30:0x00000000 x25=0x0000001c
      105325000	     10433	80007150	405bdc13	srai	x24,x23,0x5	 x23:0x00000016 x24=0x00000000
      105345000	     10435	80007154	0325d633	divu	x12,x11,x18	 x11:0x8001fe64 x18:0x00000000 x12=0xffffffff
      105355000	     10436	80007158	0000100f	fence.i	
      105375000	     10438	8000715c	402bdf93	srai	x31,x23,0x2	 x23:0x00000016 x31=0x00000005
      105385000	     10439	80007160	34007873	csrrci	x16,mscratch,0	 x16=0x0000001c
      105395000	     10440	80007164	1bfd	c.addi	x23,-1	 x23:0x00000016 x23=0x00000015
      105405000	     10441	80007166	01650ab3	add	x21,x10,x22	 x10:0x7df68f2c x22:0x00000010 x21=0x7df68f3c
      105415000	     10442	8000716a	34003173	csrrc	x2,mscratch,x0	  x0:0x00000000  x2=0x0000001c
      105425000	     10443	8000716e	00edbb33	sltu	x22,x27,x14	 x27:0xfffffee4 x14:0x00000000 x22=0x00000000
      105435000	     10444	80007172	99ba	c.add	x19,x14	 x19:0x000000ef x14:0x00000000 x19=0x000000ef
      105445000	     10445	80007174	40f808b3	sub	x17,x16,x15	 x16:0x0000001c x15:0x00000000 x17=0x0000001c
      105475000	     10448	80007178	02ab8933	mul	x18,x23,x10	 x23:0x00000015 x10:0x7df68f2c x18=0x5539be9c
      105485000	     10449	8000717c	40820fb3	sub	x31,x4,x8	  x4:0x00000000  x8:0x00000000 x31=0x00000000
      105495000	     10450	80007180	41cd5533	sra	x10,x26,x28	 x26:0x4a628000 x28:0x3fcc8000 x10=0x4a628000
      105505000	     10451	80007184	8d12	c.mv	x26,x4	  x0:0x00000000  x4:0x00000000 x26=0x00000000
      105515000	     10452	80007186	091c	c.addi4spn	x15,x2,144	 x15=0x000000ac
      105525000	     10453	80007188	0100b4b3	sltu	x9,x1,x16	  x1:0x00000000 x16:0x0000001c  x9=0x00000001
      105535000	     10454	8000718c	0001	c.addi	x0,0	  x0:0x00000000  x0=0x00000000
      105905000	     10491	8000718e	03b1e9b3	rem	x19,x3,x27	  x3:0x0000003c x27:0xfffffee4 x19=0x0000003c
      105945000	     10495	80007192	038e3433	mulhu	x8,x28,x24	 x28:0x3fcc8000 x24:0x00000000  x8=0x00000000
      105965000	     10497	80007196	0249d633	divu	x12,x19,x4	 x19:0x0000003c  x4:0x00000000 x12=0xffffffff
      105995000	     10500	8000719a	03ee8bb3	mul	x23,x29,x30	 x29:0x00000000 x30:0x00000000 x23=0x00000000
      106365000	     10537	8000719e	02fd4933	div	x18,x26,x15	 x26:0x00000000 x15:0x000000ac x18=0x00000000
      106375000	     10538	800071a2	84e9	c.srai	x9,0x1a	  x9:0x00000001  x9=0x00000000
      106385000	     10539	800071a4	014001ef	jal	x3,800071b8	  x3=0x800071a8
      106405000	     10541	800071b8	3ff5	c.jal	800071b4	  x1=0x800071ba
      106425000	     10543	800071b4	006000ef	jal	x1,800071ba	  x1=0x800071b8
      106445000	     10545	800071ba	2005	c.jal	800071da	  x1=0x800071bc
      106465000	     10547	800071da	a011	c.j	800071de	
      106485000	     10549	800071de	b7cd	c.j	800071c0	
      106505000	     10551	800071c0	02c000ef	jal	x1,800071ec	  x1=0x800071c4
      106525000	     10553	800071ec	fc7ff0ef	jal	x1,800071b2	  x1=0x800071f0
      106545000	     10555	800071b2	3fdd	c.jal	800071a8	  x1=0x800071b4
      106565000	     10557	800071a8	02a000ef	jal	x1,800071d2	  x1=0x800071ac
      106585000	     10559	800071d2	a039	c.j	800071e0	
      106605000	     10561	800071e0	37f1	c.jal	800071ac	  x1=0x800071e2
      106625000	     10563	800071ac	2801	c.jal	800071bc	  x1=0x800071ae
      106645000	     10565	800071bc	a035	c.j	800071e8	
      106665000	     10567	800071e8	3ffd	c.jal	800071e6	  x1=0x800071ea
      106685000	     10569	800071e6	3ff9	c.jal	800071c4	  x1=0x800071e8
      106705000	     10571	800071c4	00a00aef	jal	x21,800071ce	 x21=0x800071c8
      106735000	     10574	800071ce	014000ef	jal	x1,800071e2	  x1=0x800071d2
      106765000	     10577	800071e2	0080036f	jal	x6,800071ea	  x6=0x800071e6
      106785000	     10579	800071ea	37d9	c.jal	800071b0	  x1=0x800071ec
      106805000	     10581	800071b0	a089	c.j	800071f2	
      106835000	     10584	800071f2	fe3ff36f	jal	x6,800071d4	  x6=0x800071f6
      106855000	     10586	800071d4	a00d	c.j	800071f6	
      106875000	     10588	800071f6	bfc9	c.j	800071c8	
      106895000	     10590	800071c8	028000ef	jal	x1,800071f0	  x1=0x800071cc
      106915000	     10592	800071f0	bff1	c.j	800071cc	
      106935000	     10594	800071cc	b7cd	c.j	800071ae	
      106955000	     10596	800071ae	2801	c.jal	800071be	  x1=0x800071b0
      106975000	     10598	800071be	2821	c.jal	800071d6	  x1=0x800071c0
      107005000	     10601	800071d6	00600eef	jal	x29,800071dc	 x29=0x800071da
      107025000	     10603	800071dc	2831	c.jal	800071f8	  x1=0x800071de
      107045000	     10605	800071f8	01549313	slli	x6,x9,0x15	  x9:0x00000000  x6=0x00000000
      107055000	     10606	800071fc	6429	c.lui	x8,0xa	  x8=0x0000a000
      107065000	     10607	800071fe	0001	c.addi	x0,0	  x0:0x00000000  x0=0x00000000
      107075000	     10608	80007200	9bfd	c.andi	x15,-1	 x15:0x000000ac x15=0x000000ac
      107115000	     10612	80007202	030e22b3	mulhsu	x5,x28,x16	 x28:0x3fcc8000 x16:0x0000001c  x5=0x00000006
      107125000	     10613	80007206	0756	c.slli	x14,0x15	 x14:0x00000000 x14=0x00000000
      107135000	     10614	80007208	0164b1b3	sltu	x3,x9,x22	  x9:0x00000000 x22:0x00000000  x3=0x00000000
      107155000	     10616	8000720c	0363f833	remu	x16,x7,x22	  x7:0x00000000 x22:0x00000000 x16=0x00000000
      107165000	     10617	80007210	01a69a93	slli	x21,x13,0x1a	 x13:0x80023ce4 x21=0x90000000
      107175000	     10618	80007214	41665d13	srai	x26,x12,0x16	 x12:0xffffffff x26=0xffffffff
      107215000	     10622	80007218	0233bf33	mulhu	x30,x7,x3	  x7:0x00000000  x3:0x00000000 x30=0x00000000
      107255000	     10626	8000721c	03f8b733	mulhu	x14,x17,x31	 x17:0x0000001c x31:0x00000000 x14=0x00000000
      107265000	     10627	80007220	01dddcb3	srl	x25,x27,x29	 x27:0xfffffee4 x29:0x800071da x25=0x0000003f
      107275000	     10628	80007224	098a	c.slli	x19,0x2	 x19:0x0000003c x19=0x000000f0
      107285000	     10629	80007226	41135ab3	sra	x21,x6,x17	  x6:0x00000000 x17:0x0000001c x21=0x00000000
      107295000	     10630	8000722a	0ff0000f	fence	iorw,iorw	
      107335000	     10634	8000722e	02132bb3	mulhsu	x23,x6,x1	  x6:0x00000000  x1:0x800071de x23=0x00000000
      107345000	     10635	80007232	34003373	csrrc	x6,mscratch,x0	  x0:0x00000000  x6=0x0000001c
      107355000	     10636	80007236	02d7c463	blt	x15,x13,8000725e	 x15:0x000000ac x13:0x80023ce4
      107395000	     10640	8000723a	03813633	mulhu	x12,x2,x24	  x2:0x0000001c x24:0x00000000 x12=0x00000000
      107405000	     10641	8000723e	00ef1713	slli	x14,x30,0xe	 x30:0x00000000 x14=0x00000000
      107415000	     10642	80007242	00bf2133	slt	x2,x30,x11	 x30:0x00000000 x11:0x8001fe64  x2=0x00000000
      107425000	     10643	80007246	892d	c.andi	x10,11	 x10:0x4a628000 x10=0x00000000
      107435000	     10644	80007248	0033d993	srli	x19,x7,0x3	  x7:0x00000000 x19=0x00000000
      107445000	     10645	8000724c	8f15	c.sub	x14,x13	 x14:0x00000000 x13:0x80023ce4 x14=0x7ffdc31c
      107465000	     10647	8000724e	037e6db3	rem	x27,x28,x23	 x28:0x3fcc8000 x23:0x00000000 x27=0x3fcc8000
      107475000	     10648	80007252	34099a73	csrrw	x20,mscratch,x19	 x19:0x00000000 x20=0x0000001c
      107485000	     10649	80007256	41275133	sra	x2,x14,x18	 x14:0x7ffdc31c x18:0x00000000  x2=0x7ffdc31c
      107495000	     10650	8000725a	00ed9b13	slli	x22,x27,0xe	 x27:0x3fcc8000 x22=0x20000000
      107505000	     10651	8000725e	00b7f863	bgeu	x15,x11,8000726e	 x15:0x000000ac x11:0x8001fe64
      107515000	     10652	80007262	8c8d	c.sub	x9,x11	  x9:0x00000000 x11:0x8001fe64  x9=0x7ffe019c
      107555000	     10656	80007264	039bb533	mulhu	x10,x23,x25	 x23:0x00000000 x25:0x0000003f x10=0x00000000
      107565000	     10657	80007268	9bfd	c.andi	x15,-1	 x15:0x000000ac x15=0x000000ac
      107575000	     10658	8000726a	34003473	csrrc	x8,mscratch,x0	  x0:0x00000000  x8=0x00000000
      107585000	     10659	8000726e	40495193	srai	x3,x18,0x4	 x18:0x00000000  x3=0x00000000
      107595000	     10660	80007272	8fa9	c.xor	x15,x10	 x15:0x000000ac x10:0x00000000 x15=0x000000ac
      107605000	     10661	80007274	01fd1793	slli	x15,x26,0x1f	 x26:0xffffffff x15=0x80000000
      107625000	     10663	80007278	023ceb33	rem	x22,x25,x3	 x25:0x0000003f  x3:0x00000000 x22=0x0000003f
      107635000	     10664	8000727c	c019	c.beqz	x8,80007282	  x8:0x00000000
      107665000	     10667	80007282	34003473	csrrc	x8,mscratch,x0	  x0:0x00000000  x8=0x00000000
      107675000	     10668	80007286	002d42b3	xor	x5,x26,x2	 x26:0xffffffff  x2:0x7ffdc31c  x5=0x80023ce3
      107685000	     10669	8000728a	ef13bc97	auipc	x25,0xef13b	 x25=0x6f14228a
      107695000	     10670	8000728e	41545a33	sra	x20,x8,x21	  x8:0x00000000 x21:0x00000000 x20=0x00000000
      107705000	     10671	80007292	40358c33	sub	x24,x11,x3	 x11:0x8001fe64  x3:0x00000000 x24=0x8001fe64
      108075000	     10708	80007296	03927db3	remu	x27,x4,x25	  x4:0x00000000 x25:0x6f14228a x27=0x00000000
      108445000	     10745	8000729a	02284bb3	div	x23,x16,x2	 x16:0x00000000  x2:0x7ffdc31c x23=0x00000000
      108455000	     10746	8000729e	8f3d	c.xor	x14,x15	 x14:0x7ffdc31c x15:0x80000000 x14=0xfffdc31c
      108465000	     10747	800072a0	0066a833	slt	x16,x13,x6	 x13:0x80023ce4  x6:0x0000001c x16=0x00000001
      108475000	     10748	800072a4	00dc9d93	slli	x27,x25,0xd	 x25:0x6f14228a x27=0x84514000
      108485000	     10749	800072a8	40aa58b3	sra	x17,x20,x10	 x20:0x00000000 x10:0x00000000 x17=0x00000000
      108495000	     10750	800072ac	340e9373	csrrw	x6,mscratch,x29	 x29:0x800071da  x6=0x00000000
      108535000	     10754	800072b0	02a32e33	mulhsu	x28,x6,x10	  x6:0x00000000 x10:0x00000000 x28=0x00000000
      108545000	     10755	800072b4	36a3f837	lui	x16,0x36a3f	 x16=0x36a3f000
      108555000	     10756	800072b8	34079373	csrrw	x6,mscratch,x15	 x15:0x80000000  x6=0x800071da
      108565000	     10757	800072bc	340abb73	csrrc	x22,mscratch,x21	 x21:0x00000000 x22=0x80000000
      108935000	     10794	800072c0	036c40b3	div	x1,x24,x22	 x24:0x8001fe64 x22:0x80000000  x1=0x00000000
      108945000	     10795	800072c4	0150ca33	xor	x20,x1,x21	  x1:0x00000000 x21:0x00000000 x20=0x00000000
      108955000	     10796	800072c8	ef188913	addi	x18,x17,-271	 x17:0x00000000 x18=0xfffffef1
      108965000	     10797	800072cc	87e9	c.srai	x15,0x1a	 x15:0x80000000 x15=0xffffffe0
      109335000	     10834	800072ce	02b24233	div	x4,x4,x11	  x4:0x00000000 x11:0x8001fe64  x4=0x00000000
      109345000	     10835	800072d2	01a1cd63	blt	x3,x26,800072ec	  x3:0x00000000 x26:0xffffffff
      109355000	     10836	800072d6	15ada737	lui	x14,0x15ada	 x14=0x15ada000
      109365000	     10837	800072da	3405d273	csrrwi	x4,mscratch,11	  x4=0x80000000
      109375000	     10838	800072de	8fc5	c.or	x15,x9	 x15:0xffffffe0  x9:0x7ffe019c x15=0xfffffffc
      109415000	     10842	800072e0	027634b3	mulhu	x9,x12,x7	 x12:0x00000000  x7:0x00000000  x9=0x00000000
      109425000	     10843	800072e4	0269dd63	bge	x19,x6,8000731e	 x19:0x00000000  x6:0x800071da
      109445000	     10845	8000731e	0001	c.addi	x0,0	  x0:0x00000000  x0=0x00000000
      109455000	     10846	80007320	8fca	c.mv	x31,x18	  x0:0x00000000 x18:0xfffffef1 x31=0xfffffef1
      109825000	     10883	80007322	02594933	div	x18,x18,x5	 x18:0xfffffef1  x5:0x80023ce3 x18=0x00000000
      109835000	     10884	80007326	00f68663	beq	x13,x15,80007332	 x13:0x80023ce4 x15:0xfffffffc
      109845000	     10885	8000732a	8e51	c.or	x12,x12	 x12:0x00000000 x12:0x00000000 x12=0x00000000
      109855000	     10886	8000732c	8e59	c.or	x12,x14	 x12:0x00000000 x14:0x15ada000 x12=0x15ada000
      109865000	     10887	8000732e	3404a273	csrrs	x4,mscratch,x9	  x9:0x00000000  x4=0x0000000b
      109875000	     10888	80007332	00d19933	sll	x18,x3,x13	  x3:0x00000000 x13:0x80023ce4 x18=0x00000000
      109885000	     10889	80007336	8525	c.srai	x10,0x9	 x10:0x00000000 x10=0x00000000
      109895000	     10890	80007338	41dd5c33	sra	x24,x26,x29	 x26:0xffffffff x29:0x800071da x24=0xffffffff
      109905000	     10891	8000733c	01936cb3	or	x25,x6,x25	  x6:0x800071da x25:0x6f14228a x25=0xef1473da
      109915000	     10892	80007340	34023773	csrrc	x14,mscratch,x4	  x4:0x0000000b x14=0x0000000b
      109955000	     10896	80007344	03889e33	mulh	x28,x17,x24	 x17:0x00000000 x24:0xffffffff x28=0x00000000
      109965000	     10897	80007348	932e	c.add	x6,x11	  x6:0x800071da x11:0x8001fe64  x6=0x0002703e
      109975000	     10898	8000734a	00044963	blt	x8,x0,8000735c	  x8:0x00000000  x0:0x00000000
      109985000	     10899	8000734e	0000100f	fence.i	
      110015000	     10902	80007352	01983633	sltu	x12,x16,x25	 x16:0x36a3f000 x25:0xef1473da x12=0x00000001
      110025000	     10903	80007356	0c06	c.slli	x24,0x1	 x24:0xffffffff x24=0xfffffffe
      110035000	     10904	80007358	0000100f	fence.i	
      110055000	     10906	8000735c	8c15	c.sub	x8,x13	  x8:0x00000000 x13:0x80023ce4  x8=0x7ffdc31c
      110065000	     10907	8000735e	02af6e63	bltu	x30,x10,8000739a	 x30:0x00000000 x10:0x00000000
      110075000	     10908	80007362	013bd663	bge	x23,x19,8000736e	 x23:0x00000000 x19:0x00000000
      110095000	     10910	8000736e	0ca5	c.addi	x25,9	 x25:0xef1473da x25=0xef1473e3
      110105000	     10911	80007370	8825	c.andi	x8,9	  x8:0x7ffdc31c  x8=0x00000008
      110115000	     10912	80007372	34007673	csrrci	x12,mscratch,0	 x12=0x00000000
      110125000	     10913	80007376	e4ee7637	lui	x12,0xe4ee7	 x12=0xe4ee7000
      110135000	     10914	8000737a	8d11	c.sub	x10,x12	 x10:0x00000000 x12:0xe4ee7000 x10=0x1b119000
      110145000	     10915	8000737c	01709663	bne	x1,x23,80007388	  x1:0x00000000 x23:0x00000000
      110155000	     10916	80007380	7ecd2e13	slti	x28,x26,2028	 x26:0xffffffff x28=0x00000001
      110165000	     10917	80007384	0172e533	or	x10,x5,x23	  x5:0x80023ce3 x23:0x00000000 x10=0x80023ce3
      110195000	     10920	80007388	02da0ab3	mul	x21,x20,x13	 x20:0x00000000 x13:0x80023ce4 x21=0x00000000
      110205000	     10921	8000738c	8b3d	c.andi	x14,15	 x14:0x0000000b x14=0x0000000b
      110215000	     10922	8000738e	4631	c.li	x12,12	 x12=0x0000000c
      110225000	     10923	80007390	8851	c.andi	x8,20	  x8:0x00000008  x8=0x00000000
      110235000	     10924	80007392	51cabb13	sltiu	x22,x21,1308	 x21:0x00000000 x22=0x00000001
      110605000	     10961	80007396	030e68b3	rem	x17,x28,x16	 x28:0x00000001 x16:0x36a3f000 x17=0x00000001
      110615000	     10962	8000739a	0001	c.addi	x0,0	  x0:0x00000000  x0=0x00000000
      110625000	     10963	8000739c	0057da33	srl	x20,x15,x5	 x15:0xfffffffc  x5:0x80023ce3 x20=0x1fffffff
      110635000	     10964	800073a0	02865463	bge	x12,x8,800073c8	 x12:0x0000000c  x8:0x00000000
      110685000	     10969	800073c8	03aab8b3	mulhu	x17,x21,x26	 x21:0x00000000 x26:0xffffffff x17=0x00000000
      110695000	     10970	800073cc	01c31133	sll	x2,x6,x28	  x6:0x0002703e x28:0x00000001  x2=0x0004e07c
      110735000	     10974	800073d0	038e29b3	mulhsu	x19,x28,x24	 x28:0x00000001 x24:0xfffffffe x19=0x00000000
      110745000	     10975	800073d4	8d3d	c.xor	x10,x15	 x10:0x80023ce3 x15:0xfffffffc x10=0x7ffdc31f
      110755000	     10976	800073d6	0000100f	fence.i	
      110785000	     10979	800073da	007fbab3	sltu	x21,x31,x7	 x31:0xfffffef1  x7:0x00000000 x21=0x00000000
      110795000	     10980	800073de	8e55	c.or	x12,x13	 x12:0x0000000c x13:0x80023ce4 x12=0x80023cec
      110805000	     10981	800073e0	0027c1b3	xor	x3,x15,x2	 x15:0xfffffffc  x2:0x0004e07c  x3=0xfffb1f80
      110815000	     10982	800073e4	66528813	addi	x16,x5,1637	  x5:0x80023ce3 x16=0x80024348
      110825000	     10983	800073e8	0590	c.addi4spn	x12,x2,704	 x12=0x0004e33c
      110835000	     10984	800073ea	008a0c63	beq	x20,x8,80007402	 x20:0x1fffffff  x8:0x00000000
      110845000	     10985	800073ee	e1236a93	ori	x21,x6,-494	  x6:0x0002703e x21=0xfffffe3e
      110855000	     10986	800073f2	cb89	c.beqz	x15,80007404	 x15:0xfffffffc
      110865000	     10987	800073f4	340077f3	csrrci	x15,mscratch,0	 x15=0x00000000
      110875000	     10988	800073f8	028d6a63	bltu	x26,x8,8000742c	 x26:0xffffffff  x8:0x00000000
      110885000	     10989	800073fc	009f4433	xor	x8,x30,x9	 x30:0x00000000  x9:0x00000000  x8=0x00000000
      110895000	     10990	80007400	8525	c.srai	x10,0x9	 x10:0x7ffdc31f x10=0x003ffee1
      110905000	     10991	80007402	8321	c.srli	x14,0x8	 x14:0x0000000b x14=0x00000000
      110915000	     10992	80007404	01b09913	slli	x18,x1,0x1b	  x1:0x00000000 x18=0x00000000
      110945000	     10995	80007408	02e48a33	mul	x20,x9,x14	  x9:0x00000000 x14:0x00000000 x20=0x00000000
      110955000	     10996	8000740c	4090d793	srai	x15,x1,0x9	  x1:0x00000000 x15=0x00000000
      110965000	     10997	80007410	0ff0000f	fence	iorw,iorw	
      110975000	     10998	80007414	09f3f463	bgeu	x7,x31,8000749c	  x7:0x00000000 x31:0xfffffef1
      110985000	     10999	80007418	01dcd633	srl	x12,x25,x29	 x25:0xef1473e3 x29:0x800071da x12=0x0000003b
      110995000	     11000	8000741c	0016c9b3	xor	x19,x13,x1	 x13:0x80023ce4  x1:0x00000000 x19=0x80023ce4
      111005000	     11001	80007420	0ff0000f	fence	iorw,iorw	
      111015000	     11002	80007424	40925d93	srai	x27,x4,0x9	  x4:0x0000000b x27=0x00000000
      111055000	     11006	80007428	03321833	mulh	x16,x4,x19	  x4:0x0000000b x19:0x80023ce4 x16=0xfffffffa
      111065000	     11007	8000742c	5a9db917	auipc	x18,0x5a9db	 x18=0xda9e242c
      111075000	     11008	80007430	50936a93	ori	x21,x6,1289	  x6:0x0002703e x21=0x0002753f
      111085000	     11009	80007434	05798d63	beq	x19,x23,8000748e	 x19:0x80023ce4 x23:0x00000000
      111095000	     11010	80007438	008001ef	jal	x3,80007440	  x3=0x8000743c
      111115000	     11012	80007440	2819	c.jal	80007456	  x1=0x80007442
      111135000	     11014	80007456	a831	c.j	80007472	
      111155000	     11016	80007472	3fe9	c.jal	8000744c	  x1=0x80007474
      111175000	     11018	8000744c	bffd	c.j	8000744a	
      111195000	     11020	8000744a	2005	c.jal	8000746a	  x1=0x8000744c
      111225000	     11023	8000746a	fdfff0ef	jal	x1,80007448	  x1=0x8000746e
      111245000	     11025	80007448	2811	c.jal	8000745c	  x1=0x8000744a
      111265000	     11027	8000745c	b7dd	c.j	80007442	
      111295000	     11030	80007442	01c000ef	jal	x1,8000745e	  x1=0x80007446
      111315000	     11032	8000745e	3fed	c.jal	80007458	  x1=0x80007460
      111335000	     11034	80007458	016000ef	jal	x1,8000746e	  x1=0x8000745c
      111355000	     11036	8000746e	37c5	c.jal	8000744e	  x1=0x80007470
      111385000	     11039	8000744e	fefff0ef	jal	x1,8000743c	  x1=0x80007452
      111405000	     11041	8000743c	a819	c.j	80007452	
      111435000	     11044	80007452	fedff0ef	jal	x1,8000743e	  x1=0x80007456
      111455000	     11046	8000743e	a01d	c.j	80007464	
      111475000	     11048	80007464	bff5	c.j	80007460	
      111495000	     11050	80007460	2009	c.jal	80007462	  x1=0x80007462
      111515000	     11052	80007462	2011	c.jal	80007466	  x1=0x80007464
      111545000	     11055	80007466	fe1ff36f	jal	x6,80007446	  x6=0x8000746a
      111565000	     11057	80007446	a02d	c.j	80007470	
      111585000	     11059	80007470	a011	c.j	80007474	
      111605000	     11061	80007474	98624013	xori	x0,x4,-1658	  x4:0x0000000b  x0=0x00000000
      111615000	     11062	80007478	e2939e97	auipc	x29,0xe2939	 x29=0x62940478
      111625000	     11063	8000747c	03691c63	bne	x18,x22,800074b4	 x18:0xda9e242c x22:0x00000001
      111645000	     11065	800074b4	34003ef3	csrrc	x29,mscratch,x0	  x0:0x00000000 x29=0x00000000
      111685000	     11069	800074b8	03d99ab3	mulh	x21,x19,x29	 x19:0x80023ce4 x29:0x00000000 x21=0x00000000
      111695000	     11070	800074bc	0429	c.addi	x8,10	  x8:0x00000000  x8=0x0000000a
      111705000	     11071	800074be	00e562b3	or	x5,x10,x14	 x10:0x003ffee1 x14:0x00000000  x5=0x003ffee1
      111715000	     11072	800074c2	00065c63	bge	x12,x0,800074da	 x12:0x0000003b  x0:0x00000000
      111745000	     11075	800074da	016e1ab3	sll	x21,x28,x22	 x28:0x00000001 x22:0x00000001 x21=0x00000002
      111755000	     11076	800074de	717d	c.addi16sp	x2,-16	  x2:0x0004e07c  x2=0x0004e06c
      111765000	     11077	800074e0	8549	c.srai	x10,0x12	 x10:0x003ffee1 x10=0x0000000f
      111775000	     11078	800074e2	0255e663	bltu	x11,x5,8000750e	 x11:0x8001fe64  x5:0x003ffee1
      111785000	     11079	800074e6	755bf193	andi	x3,x23,1877	 x23:0x00000000  x3=0x00000000
      111795000	     11080	800074ea	0198	c.addi4spn	x14,x2,192	 x14=0x0004e12c
      111805000	     11081	800074ec	8fed	c.and	x15,x11	 x15:0x00000000 x11:0x8001fe64 x15=0x00000000
      111815000	     11082	800074ee	34001373	csrrw	x6,mscratch,x0	  x0:0x00000000  x6=0x00000000
      111825000	     11083	800074f2	d7050437	lui	x8,0xd7050	  x8=0xd7050000
      111835000	     11084	800074f6	340690f3	csrrw	x1,mscratch,x13	 x13:0x80023ce4  x1=0x00000000
      111845000	     11085	800074fa	02be8463	beq	x29,x11,80007522	 x29:0x00000000 x11:0x8001fe64
      111855000	     11086	800074fe	0000100f	fence.i	
      111885000	     11089	80007502	a8c0ed93	ori	x27,x1,-1396	  x1:0x00000000 x27=0xfffffa8c
      111895000	     11090	80007506	8d51	c.or	x10,x12	 x10:0x0000000f x12:0x0000003b x10=0x0000003f
      111905000	     11091	80007508	0115d033	srl	x0,x11,x17	 x11:0x8001fe64 x17:0x00000000  x0=0x00000000
      111915000	     11092	8000750c	149c	c.addi4spn	x15,x2,608	 x15=0x0004e2cc
      111925000	     11093	8000750e	d66c2013	slti	x0,x24,-666	 x24:0xfffffffe  x0=0x00000000
      111935000	     11094	80007512	b0fb6317	auipc	x6,0xb0fb6	  x6=0x30fbd512
      111955000	     11096	80007516	03105eb3	divu	x29,x0,x17	  x0:0x00000000 x17:0x00000000 x29=0xffffffff
      111965000	     11097	8000751a	05e69563	bne	x13,x30,80007564	 x13:0x80023ce4 x30:0x00000000
      111985000	     11099	80007564	340029f3	csrrs	x19,mscratch,x0	  x0:0x00000000 x19=0x80023ce4
      111995000	     11100	80007568	0ff0000f	fence	iorw,iorw	
      112005000	     11101	8000756c	c547f813	andi	x16,x15,-940	 x15:0x0004e2cc x16=0x0004e044
      112045000	     11105	80007570	03311733	mulh	x14,x2,x19	  x2:0x0004e06c x19:0x80023ce4 x14=0xfffd8fd4
      112415000	     11142	80007574	02cf61b3	rem	x3,x30,x12	 x30:0x00000000 x12:0x0000003b  x3=0x00000000
      112425000	     11143	80007578	6771	c.lui	x14,0x1c	 x14=0x0001c000
      112435000	     11144	8000757a	617d	c.addi16sp	x2,496	  x2:0x0004e06c  x2=0x0004e25c
      112475000	     11148	8000757c	02ba2533	mulhsu	x10,x20,x11	 x20:0x00000000 x11:0x8001fe64 x10=0x00000000
      112485000	     11149	80007580	00e191b3	sll	x3,x3,x14	  x3:0x00000000 x14:0x0001c000  x3=0x00000000
      112495000	     11150	80007584	6aff4c13	xori	x24,x30,1711	 x30:0x00000000 x24=0x000006af
      112505000	     11151	80007588	40fa5c33	sra	x24,x20,x15	 x20:0x00000000 x15:0x0004e2cc x24=0x00000000
      112515000	     11152	8000758c	84722f13	slti	x30,x4,-1977	  x4:0x0000000b x30=0x00000000
      112525000	     11153	80007590	00066f63	bltu	x12,x0,800075ae	 x12:0x0000003b  x0:0x00000000
      112535000	     11154	80007594	3406e273	csrrsi	x4,mscratch,13	  x4=0x80023ce4
      112545000	     11155	80007598	987d	c.andi	x8,-1	  x8:0xd7050000  x8=0xd7050000
      112555000	     11156	8000759a	004101b3	add	x3,x2,x4	  x2:0x0004e25c  x4:0x80023ce4  x3=0x80071f40
      112565000	     11157	8000759e	1f1c	c.addi4spn	x15,x2,944	 x15=0x0004e60c
      112575000	     11158	800075a0	87d9	c.srai	x15,0x16	 x15:0x0004e60c x15=0x00000000
      112585000	     11159	800075a2	02755f63	bge	x10,x7,800075e0	 x10:0x00000000  x7:0x00000000
      112605000	     11161	800075e0	00c4dab3	srl	x21,x9,x12	  x9:0x00000000 x12:0x0000003b x21=0x00000000
      112615000	     11162	800075e4	1ffd	c.addi	x31,-1	 x31:0xfffffef1 x31=0xfffffef0
      112625000	     11163	800075e6	a63b6d13	ori	x26,x22,-1437	 x22:0x00000001 x26=0xfffffa63
      112635000	     11164	800075ea	e881	c.bnez	x9,800075fa	  x9:0x00000000
      112645000	     11165	800075ec	02820263	beq	x4,x8,80007610	  x4:0x80023ce4  x8:0xd7050000
      112655000	     11166	800075f0	00442d33	slt	x26,x8,x4	  x8:0xd7050000  x4:0x80023ce4 x26=0x00000000
      112665000	     11167	800075f4	9bfd	c.andi	x15,-1	 x15:0x00000000 x15=0x00000000
      112675000	     11168	800075f6	93a78793	addi	x15,x15,-1734	 x15:0x00000000 x15=0xfffff93a
      112685000	     11169	800075fa	c789	c.beqz	x15,80007604	 x15:0xfffff93a
      112695000	     11170	800075fc	29736313	ori	x6,x6,663	  x6:0x30fbd512  x6=0x30fbd797
      112705000	     11171	80007600	00c95f33	srl	x30,x18,x12	 x18:0xda9e242c x12:0x0000003b x30=0x0000001b
      112715000	     11172	80007604	01fc9863	bne	x25,x31,80007614	 x25:0xef1473e3 x31:0xfffffef0
      112765000	     11177	80007614	03d83333	mulhu	x6,x16,x29	 x16:0x0004e044 x29:0xffffffff  x6=0x0004e043
      112805000	     11181	80007618	0319a433	mulhsu	x8,x19,x17	 x19:0x80023ce4 x17:0x00000000  x8=0x00000000
      112815000	     11182	8000761c	012f8663	beq	x31,x18,80007628	 x31:0xfffffef0 x18:0xda9e242c
      112825000	     11183	80007620	01550963	beq	x10,x21,80007632	 x10:0x00000000 x21:0x00000000
      112855000	     11186	80007632	0ff0000f	fence	iorw,iorw	
      112885000	     11189	80007636	034d0033	mul	x0,x26,x20	 x26:0x00000000 x20:0x00000000  x0=0x00000000
      112895000	     11190	8000763a	40b108b3	sub	x17,x2,x11	  x2:0x0004e25c x11:0x8001fe64 x17=0x8002e3f8
      113265000	     11227	8000763e	022844b3	div	x9,x16,x2	 x16:0x0004e044  x2:0x0004e25c  x9=0x00000000
      113275000	     11228	80007642	61c9	c.lui	x3,0x12	  x3=0x00012000
      113285000	     11229	80007644	401d8d33	sub	x26,x27,x1	 x27:0xfffffa8c  x1:0x00000000 x26=0xfffffa8c
      113295000	     11230	80007648	01fe7b33	and	x22,x28,x31	 x28:0x00000001 x31:0xfffffef0 x22=0x00000000
      113305000	     11231	8000764c	008b6c33	or	x24,x22,x8	 x22:0x00000000  x8:0x00000000 x24=0x00000000
      113315000	     11232	80007650	bc293193	sltiu	x3,x18,-1086	 x18:0xda9e242c  x3=0x00000001
      113325000	     11233	80007654	03388a63	beq	x17,x19,80007688	 x17:0x8002e3f8 x19:0x80023ce4
      113335000	     11234	80007658	012a1bb3	sll	x23,x20,x18	 x20:0x00000000 x18:0xda9e242c x23=0x00000000
      113345000	     11235	8000765c	340c74f3	csrrci	x9,mscratch,24	  x9=0x80023ced
      113355000	     11236	80007660	4d09	c.li	x26,2	 x26=0x00000002
      113365000	     11237	80007662	008b5a13	srli	x20,x22,0x8	 x22:0x00000000 x20=0x00000000
      113375000	     11238	80007666	06e64f63	blt	x12,x14,800076e4	 x12:0x0000003b x14:0x0001c000
      113395000	     11240	800076e4	827e	c.mv	x4,x31	  x0:0x00000000 x31:0xfffffef0  x4=0xfffffef0
      113765000	     11277	800076e6	02edfc33	remu	x24,x27,x14	 x27:0xfffffa8c x14:0x0001c000 x24=0x00003a8c
      113775000	     11278	800076ea	0ff0000f	fence	iorw,iorw	
      113785000	     11279	800076ee	717d	c.addi16sp	x2,-16	  x2:0x0004e25c  x2=0x0004e24c
      113795000	     11280	800076f0	641319b7	lui	x19,0x64131	 x19=0x64131000
      113805000	     11281	800076f4	07cee963	bltu	x29,x28,80007766	 x29:0xffffffff x28:0x00000001
      113815000	     11282	800076f8	340c67f3	csrrsi	x15,mscratch,24	 x15=0x80023ce5
      113825000	     11283	800076fc	00e001ef	jal	x3,8000770a	  x3=0x80007700
      113845000	     11285	8000770a	a81d	c.j	80007740	
      113865000	     11287	80007740	bfc1	c.j	80007710	
      113885000	     11289	80007710	0240086f	jal	x16,80007734	 x16=0x80007714
      113905000	     11291	80007734	fffff0ef	jal	x1,80007732	  x1=0x80007738
      113925000	     11293	80007732	bfe9	c.j	8000770c	
      113945000	     11295	8000770c	030000ef	jal	x1,8000773c	  x1=0x80007710
      113965000	     11297	8000773c	3fd5	c.jal	80007730	  x1=0x8000773e
      113985000	     11299	80007730	2039	c.jal	8000773e	  x1=0x80007732
      114005000	     11301	8000773e	37e5	c.jal	80007726	  x1=0x80007740
      114035000	     11304	80007726	ffdff76f	jal	x14,80007722	 x14=0x8000772a
      114065000	     11307	80007722	fdfff0ef	jal	x1,80007700	  x1=0x80007726
      114085000	     11309	80007700	008000ef	jal	x1,80007708	  x1=0x80007704
      114105000	     11311	80007708	a821	c.j	80007720	
      114125000	     11313	80007720	2039	c.jal	8000772e	  x1=0x80007722
      114145000	     11315	8000772e	b7dd	c.j	80007714	
      114165000	     11317	80007714	203d	c.jal	80007742	  x1=0x80007716
      114185000	     11319	80007742	bff1	c.j	8000771e	
      114205000	     11321	8000771e	2031	c.jal	8000772a	  x1=0x80007720
      114235000	     11324	8000772a	fedff86f	jal	x16,80007716	 x16=0x8000772e
      114255000	     11326	80007716	2009	c.jal	80007718	  x1=0x80007718
      114275000	     11328	80007718	37f5	c.jal	80007704	  x1=0x8000771a
      114295000	     11330	80007704	016000ef	jal	x1,8000771a	  x1=0x80007708
      114325000	     11333	8000771a	01e00def	jal	x27,80007738	 x27=0x8000771e
      114345000	     11335	80007738	00c001ef	jal	x3,80007744	  x3=0x8000773c
      114375000	     11338	80007744	03486eb3	rem	x29,x16,x20	 x16:0x8000772e x20:0x00000000 x29=0x8000772e
      114385000	     11339	80007748	02678963	beq	x15,x6,8000777a	 x15:0x80023ce5  x6:0x0004e043
      114395000	     11340	8000774c	34037ff3	csrrci	x31,mscratch,6	 x31=0x80023cfd
      114405000	     11341	80007750	10fd	c.addi	x1,-1	  x1:0x80007708  x1=0x80007707
      114415000	     11342	80007752	04497163	bgeu	x18,x4,80007794	 x18:0xda9e242c  x4:0xfffffef0
      114445000	     11345	80007756	034d8933	mul	x18,x27,x20	 x27:0x8000771e x20:0x00000000 x18=0x00000000
      114455000	     11346	8000775a	01ab0c33	add	x24,x22,x26	 x22:0x00000000 x26:0x00000002 x24=0x00000002
      114465000	     11347	8000775e	02d57463	bgeu	x10,x13,80007786	 x10:0x00000000 x13:0x80023ce4
      114475000	     11348	80007762	002f0c63	beq	x30,x2,8000777a	 x30:0x0000001b  x2:0x0004e24c
      114485000	     11349	80007766	8899	c.andi	x9,6	  x9:0x80023ced  x9=0x00000004
      114495000	     11350	80007768	4a91	c.li	x21,4	 x21=0x00000004
      114505000	     11351	8000776a	02064563	blt	x12,x0,80007794	 x12:0x0000003b  x0:0x00000000
      114515000	     11352	8000776e	01c51893	slli	x17,x10,0x1c	 x10:0x00000000 x17=0x00000000
      114525000	     11353	80007772	0680	c.addi4spn	x8,x2,832	  x8=0x0004e58c
      114535000	     11354	80007774	8e49	c.or	x12,x10	 x12:0x0000003b x10:0x00000000 x12=0x0000003b
      114545000	     11355	80007776	01de	c.slli	x3,0x17	  x3:0x8000773c  x3=0x9e000000
      114555000	     11356	80007778	e399	c.bnez	x15,8000777e	 x15:0x80023ce5
      114945000	     11395	8000777e	02cbf133	remu	x2,x23,x12	 x23:0x00000000 x12:0x0000003b  x2=0x00000000
      114955000	     11396	80007782	400fd9b3	sra	x19,x31,x0	 x31:0x80023cfd  x0:0x00000000 x19=0x80023cfd
      114965000	     11397	80007786	02d10863	beq	x2,x13,800077b6	  x2:0x00000000 x13:0x80023ce4
      115005000	     11401	8000778a	0358a133	mulhsu	x2,x17,x21	 x17:0x00000000 x21:0x00000004  x2=0x00000000
      115015000	     11402	8000778e	01a44b63	blt	x8,x26,800077a4	  x8:0x0004e58c x26:0x00000002
      115025000	     11403	80007792	0001	c.addi	x0,0	  x0:0x00000000  x0=0x00000000
      115395000	     11440	80007794	03edc1b3	div	x3,x27,x30	 x27:0x8000771e x30:0x0000001b  x3=0xfb42633a
      115405000	     11441	80007798	40be54b3	sra	x9,x28,x11	 x28:0x00000001 x11:0x8001fe64  x9=0x00000000
      115415000	     11442	8000779c	34076b73	csrrsi	x22,mscratch,14	 x22=0x80023cf9
      115425000	     11443	800077a0	34013373	csrrc	x6,mscratch,x2	  x2:0x00000000  x6=0x80023cff
      115435000	     11444	800077a4	61384537	lui	x10,0x61384	 x10=0x61384000
      115445000	     11445	800077a8	3402e4f3	csrrsi	x9,mscratch,5	  x9=0x80023cff
      115465000	     11447	800077ac	0344f333	remu	x6,x9,x20	  x9:0x80023cff x20:0x00000000  x6=0x80023cff
      115475000	     11448	800077b0	001d5563	bge	x26,x1,800077ba	 x26:0x00000002  x1:0x80007707
      115505000	     11451	800077ba	414edb33	sra	x22,x29,x20	 x29:0x8000772e x20:0x00000000 x22=0x8000772e
      115515000	     11452	800077be	c329	c.beqz	x14,80007800	 x14:0x8000772a
      115535000	     11454	800077c0	03114933	div	x18,x2,x17	  x2:0x00000000 x17:0x00000000 x18=0xffffffff
      115905000	     11491	800077c4	023e6f33	rem	x30,x28,x3	 x28:0x00000001  x3:0xfb42633a x30=0x00000001
      115915000	     11492	800077c8	8f21	c.xor	x14,x8	 x14:0x8000772a  x8:0x0004e58c x14=0x800492a6
      115925000	     11493	800077ca	01861963	bne	x12,x24,800077dc	 x12:0x0000003b x24:0x00000002
      115945000	     11495	800077dc	0b90	c.addi4spn	x12,x2,464	 x12=0x000001d0
      116315000	     11532	800077de	03aecbb3	div	x23,x29,x26	 x29:0x8000772e x26:0x00000002 x23=0xc0003b97
      116325000	     11533	800077e2	340ab2f3	csrrc	x5,mscratch,x21	 x21:0x00000004  x5=0x80023cff
      116335000	     11534	800077e6	ea09	c.bnez	x12,800077f8	 x12:0x000001d0
      116355000	     11536	800077f8	0043d0b3	srl	x1,x7,x4	  x7:0x00000000  x4:0xfffffef0  x1=0x00000000
      116385000	     11539	800077fc	02240cb3	mul	x25,x8,x2	  x8:0x0004e58c  x2:0x00000000 x25=0x00000000
      116395000	     11540	80007800	34015cf3	csrrwi	x25,mscratch,2	 x25=0x80023cfb
      116405000	     11541	80007804	717d	c.addi16sp	x2,-16	  x2:0x00000000  x2=0xfffffff0
      116415000	     11542	80007806	34016b73	csrrsi	x22,mscratch,2	 x22=0x00000002
      116785000	     11579	8000780a	02b149b3	div	x19,x2,x11	  x2:0xfffffff0 x11:0x8001fe64 x19=0x00000000
      116795000	     11580	8000780e	04597263	bgeu	x18,x5,80007852	 x18:0xffffffff  x5:0x80023cff
      116825000	     11583	80007852	0ff0000f	fence	iorw,iorw	
      116835000	     11584	80007856	07a2	c.slli	x15,0x8	 x15:0x80023ce5 x15=0x023ce500
      116845000	     11585	80007858	00790033	add	x0,x18,x7	 x18:0xffffffff  x7:0x00000000  x0=0x00000000
      116855000	     11586	8000785c	8c76	c.mv	x24,x29	  x0:0x00000000 x29:0x8000772e x24=0x8000772e
      116865000	     11587	8000785e	03764363	blt	x12,x23,80007884	 x12:0x000001d0 x23:0xc0003b97
      116875000	     11588	80007862	0da2	c.slli	x27,0x8	 x27:0x8000771e x27=0x00771e00
      116885000	     11589	80007864	187f8737	lui	x14,0x187f8	 x14=0x187f8000
      116895000	     11590	80007868	40755c33	sra	x24,x10,x7	 x10:0x61384000  x7:0x00000000 x24=0x61384000
      116905000	     11591	8000786c	8dc5c093	xori	x1,x11,-1828	 x11:0x8001fe64  x1=0x7ffe06b8
      116915000	     11592	80007870	93f1b713	sltiu	x14,x3,-1729	  x3:0xfb42633a x14=0x00000001
      116925000	     11593	80007874	00b76d33	or	x26,x14,x11	 x14:0x00000001 x11:0x8001fe64 x26=0x8001fe65
      116935000	     11594	80007878	34007173	csrrci	x2,mscratch,0	  x2=0x00000002
      116945000	     11595	8000787c	9a7d	c.andi	x12,-1	 x12:0x000001d0 x12=0x000001d0
      117315000	     11632	8000787e	024bebb3	rem	x23,x23,x4	 x23:0xc0003b97  x4:0xfffffef0 x23=0xffffffd7
      117325000	     11633	80007882	89aa	c.mv	x19,x10	  x0:0x00000000 x10:0x61384000 x19=0x61384000
      117335000	     11634	80007884	8a9e	c.mv	x21,x7	  x0:0x00000000  x7:0x00000000 x21=0x00000000
      117345000	     11635	80007886	8f15	c.sub	x14,x13	 x14:0x00000001 x13:0x80023ce4 x14=0x7ffdc31d
      117715000	     11672	80007888	026eedb3	rem	x27,x29,x6	 x29:0x8000772e  x6:0x80023cff x27=0xfffe3a2f
      117745000	     11675	8000788c	02040233	mul	x4,x8,x0	  x8:0x0004e58c  x0:0x00000000  x4=0x00000000
      117755000	     11676	80007890	de65c293	xori	x5,x11,-538	 x11:0x8001fe64  x5=0x7ffe0382
      117765000	     11677	80007894	6f25	c.lui	x30,0x9	 x30=0x00009000
      117775000	     11678	80007896	037d4b63	blt	x26,x23,800078cc	 x26:0x8001fe65 x23:0xffffffd7
      117795000	     11680	800078cc	34003773	csrrc	x14,mscratch,x0	  x0:0x00000000 x14=0x00000002
      118165000	     11717	800078d0	02ec70b3	remu	x1,x24,x14	 x24:0x61384000 x14:0x00000002  x1=0x00000000
      118205000	     11721	800078d4	02f0a833	mulhsu	x16,x1,x15	  x1:0x00000000 x15:0x023ce500 x16=0x00000000
      118215000	     11722	800078d8	0029f433	and	x8,x19,x2	 x19:0x61384000  x2:0x00000002  x8=0x00000000
      118245000	     11725	800078dc	03540fb3	mul	x31,x8,x21	  x8:0x00000000 x21:0x00000000 x31=0x00000000
      118255000	     11726	800078e0	01b85c93	srli	x25,x16,0x1b	 x16:0x00000000 x25=0x00000000
      118265000	     11727	800078e4	01ae9663	bne	x29,x26,800078f0	 x29:0x8000772e x26:0x8001fe65
      118295000	     11730	800078f0	0247edb3	rem	x27,x15,x4	 x15:0x023ce500  x4:0x00000000 x27=0x023ce500
      118305000	     11731	800078f4	00f8d613	srli	x12,x17,0xf	 x17:0x00000000 x12=0x00000000
      118315000	     11732	800078f8	8c8d	c.sub	x9,x11	  x9:0x80023cff x11:0x8001fe64  x9=0x00003e9b
      118325000	     11733	800078fa	41325a33	sra	x20,x4,x19	  x4:0x00000000 x19:0x61384000 x20=0x00000000
      118335000	     11734	800078fe	0194c1b3	xor	x3,x9,x25	  x9:0x00003e9b x25:0x00000000  x3=0x00003e9b
      118345000	     11735	80007902	0001	c.addi	x0,0	  x0:0x00000000  x0=0x00000000
      118355000	     11736	80007904	340f52f3	csrrwi	x5,mscratch,30	  x5=0x00000002
      118365000	     11737	80007908	01655963	bge	x10,x22,8000791a	 x10:0x61384000 x22:0x00000002
      118395000	     11740	8000791a	340029f3	csrrs	x19,mscratch,x0	  x0:0x00000000 x19=0x0000001e
      118405000	     11741	8000791e	34002b73	csrrs	x22,mscratch,x0	  x0:0x00000000 x22=0x0000001e
      118415000	     11742	80007922	55d06297	auipc	x5,0x55d06	  x5=0xd5d0d922
      118425000	     11743	80007926	02988163	beq	x17,x9,80007948	 x17:0x00000000  x9:0x00003e9b
      118465000	     11747	8000792a	02611e33	mulh	x28,x2,x6	  x2:0x00000002  x6:0x80023cff x28=0xffffffff
      118475000	     11748	8000792e	019380b3	add	x1,x7,x25	  x7:0x00000000 x25:0x00000000  x1=0x00000000
      118845000	     11785	80007932	033d6c33	rem	x24,x26,x19	 x26:0x8001fe65 x19:0x0000001e x24=0xffffffe5
      118855000	     11786	80007936	8e01	c.sub	x12,x8	 x12:0x00000000  x8:0x00000000 x12=0x00000000
      118865000	     11787	80007938	0001	c.addi	x0,0	  x0:0x00000000  x0=0x00000000
      118875000	     11788	8000793a	340a6cf3	csrrsi	x25,mscratch,20	 x25=0x0000001e
      118885000	     11789	8000793e	9cb64117	auipc	x2,0x9cb64	  x2=0x1cb6b93e
      118895000	     11790	80007942	8e71	c.and	x12,x12	 x12:0x00000000 x12:0x00000000 x12=0x00000000
      118905000	     11791	80007944	00015d63	bge	x2,x0,8000795e	  x2:0x1cb6b93e  x0:0x00000000
      118935000	     11794	8000795e	00349e33	sll	x28,x9,x3	  x9:0x00003e9b  x3:0x00003e9b x28=0xd8000000
      118945000	     11795	80007962	86136913	ori	x18,x6,-1951	  x6:0x80023cff x18=0xfffffcff
      118955000	     11796	80007966	015f2d33	slt	x26,x30,x21	 x30:0x00009000 x21:0x00000000 x26=0x00000000
      119325000	     11833	8000796a	0365c933	div	x18,x11,x22	 x11:0x8001fe64 x22:0x0000001e x18=0xfbbbccc0
      119335000	     11834	8000796e	cec4c013	xori	x0,x9,-788	  x9:0x00003e9b  x0=0x00000000
      119345000	     11835	80007972	8d5e	c.mv	x26,x23	  x0:0x00000000 x23:0xffffffd7 x26=0xffffffd7
      119355000	     11836	80007974	03919763	bne	x3,x25,800079a2	  x3:0x00003e9b x25:0x0000001e
      119375000	     11838	800079a2	84c1	c.srai	x9,0x10	  x9:0x00003e9b  x9=0x00000000
      119385000	     11839	800079a4	34002af3	csrrs	x21,mscratch,x0	  x0:0x00000000 x21=0x0000001e
      119395000	     11840	800079a8	6085	c.lui	x1,0x1	  x1=0x00001000
      119405000	     11841	800079aa	0001	c.addi	x0,0	  x0:0x00000000  x0=0x00000000
      119415000	     11842	800079ac	016bc033	xor	x0,x23,x22	 x23:0xffffffd7 x22:0x0000001e  x0=0x00000000
      119425000	     11843	800079b0	84f54e93	xori	x29,x10,-1969	 x10:0x61384000 x29=0x9ec7b84f
      119435000	     11844	800079b4	0c1f8e93	addi	x29,x31,193	 x31:0x00000000 x29=0x000000c1
      119445000	     11845	800079b8	340031f3	csrrc	x3,mscratch,x0	  x0:0x00000000  x3=0x0000001e
      119455000	     11846	800079bc	016034b3	sltu	x9,x0,x22	  x0:0x00000000 x22:0x0000001e  x9=0x00000001
      119495000	     11850	800079c0	02d411b3	mulh	x3,x8,x13	  x8:0x00000000 x13:0x80023ce4  x3=0x00000000
      119505000	     11851	800079c4	0069ad33	slt	x26,x19,x6	 x19:0x0000001e  x6:0x80023cff x26=0x00000000
      119515000	     11852	800079c8	867d	c.srai	x12,0x1f	 x12:0x00000000 x12=0x00000000
      119525000	     11853	800079ca	0a1e	c.slli	x20,0x7	 x20:0x00000000 x20=0x00000000
      119895000	     11890	800079cc	0267edb3	rem	x27,x15,x6	 x15:0x023ce500  x6:0x80023cff x27=0x023ce500
      119905000	     11891	800079d0	002a7963	bgeu	x20,x2,800079e2	 x20:0x00000000  x2:0x1cb6b93e
      119915000	     11892	800079d4	8d01	c.sub	x10,x8	 x10:0x61384000  x8:0x00000000 x10=0x61384000
      119955000	     11896	800079d6	031d18b3	mulh	x17,x26,x17	 x26:0x00000000 x17:0x00000000 x17=0x00000000
      119965000	     11897	800079da	340ce1f3	csrrsi	x3,mscratch,25	  x3=0x0000001e
      119975000	     11898	800079de	0606	c.slli	x12,0x1	 x12:0x00000000 x12=0x00000000
      119985000	     11899	800079e0	061e	c.slli	x12,0x7	 x12:0x00000000 x12=0x00000000
      119995000	     11900	800079e2	41498c33	sub	x24,x19,x20	 x19:0x0000001e x20:0x00000000 x24=0x0000001e
      120005000	     11901	800079e6	8e09	c.sub	x12,x10	 x12:0x00000000 x10:0x61384000 x12=0x9ec7c000
      120015000	     11902	800079e8	8cf5	c.and	x9,x13	  x9:0x00000001 x13:0x80023ce4  x9=0x00000000
      120025000	     11903	800079ea	0a21	c.addi	x20,8	 x20:0x00000000 x20=0x00000008
      120035000	     11904	800079ec	689e8813	addi	x16,x29,1673	 x29:0x000000c1 x16=0x0000074a
      120045000	     11905	800079f0	340b59f3	csrrwi	x19,mscratch,22	 x19=0x0000001f
      120055000	     11906	800079f4	014e5463	bge	x28,x20,800079fc	 x28:0xd8000000 x20:0x00000008
      120425000	     11943	800079f8	03ec4fb3	div	x31,x24,x30	 x24:0x0000001e x30:0x00009000 x31=0x00000000
      120435000	     11944	800079fc	007f6c63	bltu	x30,x7,80007a14	 x30:0x00009000  x7:0x00000000
      120445000	     11945	80007a00	03c19363	bne	x3,x28,80007a26	  x3:0x0000001e x28:0xd8000000
      120475000	     11948	80007a26	00055913	srli	x18,x10,0x0	 x10:0x61384000 x18=0x61384000
      120485000	     11949	80007a2a	0001	c.addi	x0,0	  x0:0x00000000  x0=0x00000000
      120495000	     11950	80007a2c	0116db33	srl	x22,x13,x17	 x13:0x80023ce4 x17:0x00000000 x22=0x80023ce4
      120505000	     11951	80007a30	e6426c93	ori	x25,x4,-412	  x4:0x00000000 x25=0xfffffe64
      120515000	     11952	80007a34	019daeb3	slt	x29,x27,x25	 x27:0x023ce500 x25:0xfffffe64 x29=0x00000000
      120525000	     11953	80007a38	01b76563	bltu	x14,x27,80007a42	 x14:0x00000002 x27:0x023ce500
      120915000	     11992	80007a42	03b2d733	divu	x14,x5,x27	  x5:0xd5d0d922 x27:0x023ce500 x14=0x0000005f
      120925000	     11993	80007a46	3501ec13	ori	x24,x3,848	  x3:0x0000001e x24=0x0000035e
      120935000	     11994	80007a4a	0000100f	fence.i	
      120995000	     12000	80007a4e	035129b3	mulhsu	x19,x2,x21	  x2:0x1cb6b93e x21:0x0000001e x19=0x00000003
      121005000	     12001	80007a52	34002af3	csrrs	x21,mscratch,x0	  x0:0x00000000 x21=0x00000016
      121045000	     12005	80007a56	02193bb3	mulhu	x23,x18,x1	 x18:0x61384000  x1:0x00001000 x23=0x00000613
      121055000	     12006	80007a5a	033ada63	bge	x21,x19,80007a8e	 x21:0x00000016 x19:0x00000003
      121085000	     12009	80007a8e	04269617	auipc	x12,0x4269	 x12=0x84270a8e
      121095000	     12010	80007a92	8c91	c.sub	x9,x12	  x9:0x00000000 x12:0x84270a8e  x9=0x7bd8f572
      121105000	     12011	80007a94	6f478e13	addi	x28,x15,1780	 x15:0x023ce500 x28=0x023cebf4
      121115000	     12012	80007a98	020a6c63	bltu	x20,x0,80007ad0	 x20:0x00000008  x0:0x00000000
      121155000	     12016	80007a9c	03a512b3	mulh	x5,x10,x26	 x10:0x61384000 x26:0x00000000  x5=0x00000000
      121165000	     12017	80007aa0	418a01b3	sub	x3,x20,x24	 x20:0x00000008 x24:0x0000035e  x3=0xfffffcaa
      121175000	     12018	80007aa4	419b8333	sub	x6,x23,x25	 x23:0x00000613 x25:0xfffffe64  x6=0x000007af
      121185000	     12019	80007aa8	40c702b3	sub	x5,x14,x12	 x14:0x0000005f x12:0x84270a8e  x5=0x7bd8f5d1
      121195000	     12020	80007aac	47d9	c.li	x15,22	 x15=0x00000016
      121205000	     12021	80007aae	a88fc613	xori	x12,x31,-1400	 x31:0x00000000 x12=0xfffffa88
      121215000	     12022	80007ab2	0ff0000f	fence	iorw,iorw	
      121225000	     12023	80007ab6	34072ef3	csrrs	x29,mscratch,x14	 x14:0x0000005f x29=0x00000016
      121235000	     12024	80007aba	8f4e	c.mv	x30,x19	  x0:0x00000000 x19:0x00000003 x30=0x00000003
      121245000	     12025	80007abc	eebd8d93	addi	x27,x27,-277	 x27:0x023ce500 x27=0x023ce3eb
      121255000	     12026	80007ac0	34003873	csrrc	x16,mscratch,x0	  x0:0x00000000 x16=0x0000005f
      121265000	     12027	80007ac4	717d	c.addi16sp	x2,-16	  x2:0x1cb6b93e  x2=0x1cb6b92e
      121275000	     12028	80007ac6	34002af3	csrrs	x21,mscratch,x0	  x0:0x00000000 x21=0x0000005f
      121285000	     12029	80007aca	00944663	blt	x8,x9,80007ad6	  x8:0x00000000  x9:0x7bd8f572
      121315000	     12032	80007ad6	e2d58613	addi	x12,x11,-467	 x11:0x8001fe64 x12=0x8001fc91
      121325000	     12033	80007ada	8fb9	c.xor	x15,x14	 x15:0x00000016 x14:0x0000005f x15=0x00000049
      121335000	     12034	80007adc	008f7333	and	x6,x30,x8	 x30:0x00000003  x8:0x00000000  x6=0x00000000
      121345000	     12035	80007ae0	00aa0933	add	x18,x20,x10	 x20:0x00000008 x10:0x61384000 x18=0x61384008
      121355000	     12036	80007ae4	41c3d7b3	sra	x15,x7,x28	  x7:0x00000000 x28:0x023cebf4 x15=0x00000000
      121365000	     12037	80007ae8	00ca5f93	srli	x31,x20,0xc	 x20:0x00000008 x31=0x00000000
      121375000	     12038	80007aec	00580d63	beq	x16,x5,80007b06	 x16:0x0000005f  x5:0x7bd8f5d1
      121385000	     12039	80007af0	27c0ea93	ori	x21,x1,636	  x1:0x00001000 x21=0x0000127c
      121395000	     12040	80007af4	9206	c.add	x4,x1	  x4:0x00000000  x1:0x00001000  x4=0x00001000
      121405000	     12041	80007af6	340128f3	csrrs	x17,mscratch,x2	  x2:0x1cb6b92e x17=0x0000005f
      121415000	     12042	80007afa	00ba70b3	and	x1,x20,x11	 x20:0x00000008 x11:0x8001fe64  x1=0x00000000
      121425000	     12043	80007afe	1f0a6113	ori	x2,x20,496	 x20:0x00000008  x2=0x000001f8
      121435000	     12044	80007b02	340a5573	csrrwi	x10,mscratch,20	 x10=0x1cb6b97f
      121445000	     12045	80007b06	40bd8933	sub	x18,x27,x11	 x27:0x023ce3eb x11:0x8001fe64 x18=0x823ae587
      121455000	     12046	80007b0a	0908	c.addi4spn	x10,x2,144	 x10=0x00000288
      121465000	     12047	80007b0c	876d	c.srai	x14,0x1b	 x14:0x0000005f x14=0x00000000
      121475000	     12048	80007b0e	01305813	srli	x16,x0,0x13	  x0:0x00000000 x16=0x00000000
      121485000	     12049	80007b12	412abc97	auipc	x25,0x412ab	 x25=0xc12b2b12
      121495000	     12050	80007b16	3404b8f3	csrrc	x17,mscratch,x9	  x9:0x7bd8f572 x17=0x00000014
      121505000	     12051	80007b1a	0001	c.addi	x0,0	  x0:0x00000000  x0=0x00000000
      121515000	     12052	80007b1c	0001	c.addi	x0,0	  x0:0x00000000  x0=0x00000000
      121525000	     12053	80007b1e	0001	c.addi	x0,0	  x0:0x00000000  x0=0x00000000
      121545000	     12055	80007b20	03af4f33	div	x30,x30,x26	 x30:0x00000003 x26:0x00000000 x30=0xffffffff
      121555000	     12056	80007b24	c41d	c.beqz	x8,80007b52	  x8:0x00000000
      121575000	     12058	80007b52	e789	c.bnez	x15,80007b5c	 x15:0x00000000
      121585000	     12059	80007b54	b7b14c13	xori	x24,x2,-1157	  x2:0x000001f8 x24=0xfffffa83
      121625000	     12063	80007b58	02a62933	mulhsu	x18,x12,x10	 x12:0x8001fc91 x10:0x00000288 x18=0xfffffebc
      121635000	     12064	80007b5c	340030f3	csrrc	x1,mscratch,x0	  x0:0x00000000  x1=0x00000004
      121645000	     12065	80007b60	40d05c13	srai	x24,x0,0xd	  x0:0x00000000 x24=0x00000000
      122015000	     12102	80007b64	0396f8b3	remu	x17,x13,x25	 x13:0x80023ce4 x25:0xc12b2b12 x17=0x80023ce4
      122025000	     12103	80007b68	00196b63	bltu	x18,x1,80007b7e	 x18:0xfffffebc  x1:0x00000004
      122395000	     12140	80007b6c	0329dbb3	divu	x23,x19,x18	 x19:0x00000003 x18:0xfffffebc x23=0x00000000
      122405000	     12141	80007b70	3404af73	csrrs	x30,mscratch,x9	  x9:0x7bd8f572 x30=0x00000004
      122415000	     12142	80007b74	2a90a513	slti	x10,x1,681	  x1:0x00000004 x10=0x00000001
      122425000	     12143	80007b78	874d	c.srai	x14,0x13	 x14:0x00000000 x14=0x00000000
      122435000	     12144	80007b7a	34003273	csrrc	x4,mscratch,x0	  x0:0x00000000  x4=0x7bd8f576
      122445000	     12145	80007b7e	1488	c.addi4spn	x10,x2,608	 x10=0x00000458
      122455000	     12146	80007b80	dc454013	xori	x0,x10,-572	 x10:0x00000458  x0=0x00000000
      122465000	     12147	80007b84	34003bf3	csrrc	x23,mscratch,x0	  x0:0x00000000 x23=0x7bd8f576
      122475000	     12148	80007b88	8742	c.mv	x14,x16	  x0:0x00000000 x16:0x00000000 x14=0x00000000
      122485000	     12149	80007b8a	007c70b3	and	x1,x24,x7	 x24:0x00000000  x7:0x00000000  x1=0x00000000
      122855000	     12186	80007b8e	039f42b3	div	x5,x30,x25	 x30:0x00000004 x25:0xc12b2b12  x5=0x00000000
      122865000	     12187	80007b92	34006173	csrrsi	x2,mscratch,0	  x2=0x7bd8f576
      122875000	     12188	80007b96	00b2be33	sltu	x28,x5,x11	  x5:0x00000000 x11:0x8001fe64 x28=0x00000001
      122885000	     12189	80007b9a	009dac33	slt	x24,x27,x9	 x27:0x023ce3eb  x9:0x7bd8f572 x24=0x00000001
      122925000	     12193	80007b9e	03b7a133	mulhsu	x2,x15,x27	 x15:0x00000000 x27:0x023ce3eb  x2=0x00000000
      122935000	     12194	80007ba2	01e6dd13	srli	x26,x13,0x1e	 x13:0x80023ce4 x26=0x00000002
      122945000	     12195	80007ba6	41d98eb3	sub	x29,x19,x29	 x19:0x00000003 x29:0x00000016 x29=0xffffffed
      122955000	     12196	80007baa	8261	c.srli	x12,0x18	 x12:0x8001fc91 x12=0x00000080
      122965000	     12197	80007bac	0173ea63	bltu	x7,x23,80007bc0	  x7:0x00000000 x23:0x7bd8f576
      123015000	     12202	80007bc0	03802933	mulhsu	x18,x0,x24	  x0:0x00000000 x24:0x00000001 x18=0x00000000
      123025000	     12203	80007bc4	8005	c.srli	x8,0x1	  x8:0x00000000  x8=0x00000000
      123035000	     12204	80007bc6	0001	c.addi	x0,0	  x0:0x00000000  x0=0x00000000
      123045000	     12205	80007bc8	e21d	c.bnez	x12,80007bee	 x12:0x00000080
      123075000	     12208	80007bee	41295db3	sra	x27,x18,x18	 x18:0x00000000 x18:0x00000000 x27=0x00000000
      123115000	     12212	80007bf2	02f3b233	mulhu	x4,x7,x15	  x7:0x00000000 x15:0x00000000  x4=0x00000000
      123125000	     12213	80007bf6	075a	c.slli	x14,0x16	 x14:0x00000000 x14=0x00000000
      123135000	     12214	80007bf8	eb1a2a13	slti	x20,x20,-335	 x20:0x00000008 x20=0x00000000
      123145000	     12215	80007bfc	017a5d63	bge	x20,x23,80007c16	 x20:0x00000000 x23:0x7bd8f576
      123155000	     12216	80007c00	6c05	c.lui	x24,0x1	 x24=0x00001000
      123165000	     12217	80007c02	b20ddf97	auipc	x31,0xb20dd	 x31=0x320e4c02
      123175000	     12218	80007c06	00e68633	add	x12,x13,x14	 x13:0x80023ce4 x14:0x00000000 x12=0x80023ce4
      123185000	     12219	80007c0a	0ff0000f	fence	iorw,iorw	
      123195000	     12220	80007c0e	01e647b3	xor	x15,x12,x30	 x12:0x80023ce4 x30:0x00000004 x15=0x80023ce0
      123205000	     12221	80007c12	340024f3	csrrs	x9,mscratch,x0	  x0:0x00000000  x9=0x7bd8f576
      123215000	     12222	80007c16	0149afb3	slt	x31,x19,x20	 x19:0x00000003 x20:0x00000000 x31=0x00000000
      123225000	     12223	80007c1a	06331c63	bne	x6,x3,80007c92	  x6:0x00000000  x3:0xfffffcaa
      123255000	     12226	80007c92	ac21d137	lui	x2,0xac21d	  x2=0xac21d000
      123265000	     12227	80007c96	0294c063	blt	x9,x9,80007cb6	  x9:0x7bd8f576  x9:0x7bd8f576
      123275000	     12228	80007c9a	415cddb3	sra	x27,x25,x21	 x25:0xc12b2b12 x21:0x0000127c x27=0xfffffffc
      123285000	     12229	80007c9e	4749	c.li	x14,18	 x14=0x00000012
      123655000	     12266	80007ca0	0238d533	divu	x10,x17,x3	 x17:0x80023ce4  x3:0xfffffcaa x10=0x00000000
      123665000	     12267	80007ca4	53f24b13	xori	x22,x4,1343	  x4:0x00000000 x22=0x0000053f
      123675000	     12268	80007ca8	3136b793	sltiu	x15,x13,787	 x13:0x80023ce4 x15=0x00000000
      123685000	     12269	80007cac	0ff0000f	fence	iorw,iorw	
      123695000	     12270	80007cb0	1784	c.addi4spn	x9,x2,992	  x9=0xac21d3e0
      123705000	     12271	80007cb2	01999733	sll	x14,x19,x25	 x19:0x00000003 x25:0xc12b2b12 x14=0x000c0000
      123715000	     12272	80007cb6	8c09	c.sub	x8,x10	  x8:0x00000000 x10:0x00000000  x8=0x00000000
      123725000	     12273	80007cb8	00666c33	or	x24,x12,x6	 x12:0x80023ce4  x6:0x00000000 x24=0x80023ce4
      123735000	     12274	80007cbc	004782b3	add	x5,x15,x4	 x15:0x00000000  x4:0x00000000  x5=0x00000000
      123745000	     12275	80007cc0	010f3a33	sltu	x20,x30,x16	 x30:0x00000004 x16:0x00000000 x20=0x00000000
      123755000	     12276	80007cc4	8671	c.srai	x12,0x1c	 x12:0x80023ce4 x12=0xfffffff8
      123765000	     12277	80007cc6	7801f613	andi	x12,x3,1920	  x3:0xfffffcaa x12=0x00000480
      123775000	     12278	80007cca	6d45	c.lui	x26,0x11	 x26=0x00011000
      123785000	     12279	80007ccc	c901	c.beqz	x10,80007cdc	 x10:0x00000000
      123805000	     12281	80007cdc	002fdd93	srli	x27,x31,0x2	 x31:0x00000000 x27=0x00000000
      123815000	     12282	80007ce0	00c8da93	srli	x21,x17,0xc	 x17:0x80023ce4 x21=0x00080023
      123825000	     12283	80007ce4	d2db6f13	ori	x30,x22,-723	 x22:0x0000053f x30=0xfffffd3f
      123835000	     12284	80007ce8	34076d73	csrrsi	x26,mscratch,14	 x26=0x7bd8f576
      123845000	     12285	80007cec	c30e6897	auipc	x17,0xc30e6	 x17=0x430edcec
      123855000	     12286	80007cf0	0171d333	srl	x6,x3,x23	  x3:0xfffffcaa x23:0x7bd8f576  x6=0x000003ff
      123865000	     12287	80007cf4	34003273	csrrc	x4,mscratch,x0	  x0:0x00000000  x4=0x7bd8f57e
      123875000	     12288	80007cf8	34007773	csrrci	x14,mscratch,0	 x14=0x7bd8f57e
      123915000	     12292	80007cfc	02892b33	mulhsu	x22,x18,x8	 x18:0x00000000  x8:0x00000000 x22=0x00000000
      123925000	     12293	80007d00	8c31	c.xor	x8,x12	  x8:0x00000000 x12:0x00000480  x8=0x00000480
      123935000	     12294	80007d02	9ba53193	sltiu	x3,x10,-1606	 x10:0x00000000  x3=0x00000001
      123945000	     12295	80007d06	ffff8397	auipc	x7,0xffff8	  x7=0x7ffffd06
      123955000	     12296	80007d0a	65c38393	addi	x7,x7,1628	  x7:0x7ffffd06  x7=0x80000362
      123965000	     12297	80007d0e	00038067	jalr	x0,0(x7)	  x7:0x80000362  x0=0x00000000
      123995000	     12300	80000362	90000db7	lui	x27,0x90000	 x27=0x90000000
      124005000	     12301	80000366	1de1	c.addi	x27,-8	 x27:0x90000000 x27=0x8ffffff8
      124015000	     12302	80000368	4901	c.li	x18,0	 x18=0x00000000
      124025000	     12303	8000036a	0922	c.slli	x18,0x8	 x18:0x00000000 x18=0x00000000
      124035000	     12304	8000036c	0905	c.addi	x18,1	 x18:0x00000000 x18=0x00000001
      124045000	     12305	8000036e	012da023	sw	x18,0(x27)	 x27:0x8ffffff8 x18:0x00000001 PA:0x8ffffff8 store:0x00000001 load:0x00000000
      124055000	     12306	80000372	00000073	ecall	
      124085000	     12309	80002500	0800006f	jal	x0,80002580	  x0=0x00000000
      124105000	     12311	80002580	16f1	c.addi	x13,-4	 x13:0x80023ce4 x13=0x80023ce0
      124115000	     12312	80002582	c28c	c.sw	x11,0(x13)	 x13:0x80023ce0 x11:0x8001fe64 PA:0x80023ce0 store:0x8001fe64 load:0x00000000
