core   0: 0x80000080 (0x40001db7) lui     s11, 0x40001
core   0: 3 0x80000080 (0x40001db7) x27 0x40001000
core   0: 0x80000084 (0x106d8d93) addi    s11, s11, 262
core   0: 3 0x80000084 (0x106d8d93) x27 0x40001106
core   0: 0x80000088 (0x301d9073) csrw    misa, s11
core   0: 3 0x80000088 (0x301d9073) c769_misa 0x40901104
core   0: 0x8000008c (0x00026f97) auipc   t6, 0x26
core   0: 3 0x8000008c (0x00026f97) x31 0x8002608c
core   0: 0x80000090 (0xc58f8f93) addi    t6, t6, -936
core   0: 3 0x80000090 (0xc58f8f93) x31 0x80025ce4
core   0: 0x80000094 (0x00002d97) auipc   s11, 0x2
core   0: 3 0x80000094 (0x00002d97) x27 0x80002094
core   0: 0x80000098 (0x56cd8d93) addi    s11, s11, 1388
core   0: 3 0x80000098 (0x56cd8d93) x27 0x80002600
core   0: 0x8000009c (0x001ded93) ori     s11, s11, 1
core   0: 3 0x8000009c (0x001ded93) x27 0x80002601
core   0: 0x800000a0 (0x305d9073) csrw    mtvec, s11
core   0: 3 0x800000a0 (0x305d9073) c773_mtvec 0x80002601
core   0: 0x800000a4 (0x74725073) csrwi   mseccfg, 4
core   0: 3 0x800000a4 (0x74725073) c1863_mseccfg 0x00000004
core   0: 0x800000a8 (0x00003317) auipc   t1, 0x3
core   0: 3 0x800000a8 (0x00003317) x6  0x800030a8
core   0: 0x800000ac (0x30430313) addi    t1, t1, 772
core   0: 3 0x800000ac (0x30430313) x6  0x800033ac
core   0: 0x800000b0 (0x00004d81) c.li    s11, 0
core   0: 3 0x800000b0 (0x4d81) x27 0x00000000
core   0: 0x800000b2 (0x0000936e) c.add   t1, s11
core   0: 3 0x800000b2 (0x936e) x6  0x800033ac
core   0: 0x800000b4 (0x00235313) srli    t1, t1, 2
core   0: 3 0x800000b4 (0x00235313) x6  0x20000ceb
core   0: 0x800000b8 (0x3b031073) csrw    pmpaddr0, t1
core   0: 3 0x800000b8 (0x3b031073) c944_pmpaddr0 0x20000ceb
core   0: 0x800000bc (0x00003317) auipc   t1, 0x3
core   0: 3 0x800000bc (0x00003317) x6  0x800030bc
core   0: 0x800000c0 (0x2f030313) addi    t1, t1, 752
core   0: 3 0x800000c0 (0x2f030313) x6  0x800033ac
core   0: 0x800000c4 (0x11111db7) lui     s11, 0x11111
core   0: 3 0x800000c4 (0x11111db7) x27 0x11111000
core   0: 0x800000c8 (0x111d8d93) addi    s11, s11, 273
core   0: 3 0x800000c8 (0x111d8d93) x27 0x11111111
core   0: 0x800000cc (0x0000936e) c.add   t1, s11
core   0: 3 0x800000cc (0x936e) x6  0x911144bd
core   0: 0x800000ce (0x00235313) srli    t1, t1, 2
core   0: 3 0x800000ce (0x00235313) x6  0x2444512f
core   0: 0x800000d2 (0x3b131073) csrw    pmpaddr1, t1
core   0: 3 0x800000d2 (0x3b131073) c945_pmpaddr1 0x2444512f
core   0: 0x800000d6 (0x00003317) auipc   t1, 0x3
core   0: 3 0x800000d6 (0x00003317) x6  0x800030d6
core   0: 0x800000da (0x2d630313) addi    t1, t1, 726
core   0: 3 0x800000da (0x2d630313) x6  0x800033ac
core   0: 0x800000de (0x22222db7) lui     s11, 0x22222
core   0: 3 0x800000de (0x22222db7) x27 0x22222000
core   0: 0x800000e2 (0x222d8d93) addi    s11, s11, 546
core   0: 3 0x800000e2 (0x222d8d93) x27 0x22222222
core   0: 0x800000e6 (0x0000936e) c.add   t1, s11
core   0: 3 0x800000e6 (0x936e) x6  0xa22255ce
core   0: 0x800000e8 (0x00235313) srli    t1, t1, 2
core   0: 3 0x800000e8 (0x00235313) x6  0x28889573
core   0: 0x800000ec (0x3b231073) csrw    pmpaddr2, t1
core   0: 3 0x800000ec (0x3b231073) c946_pmpaddr2 0x28889573
core   0: 0x800000f0 (0x00003317) auipc   t1, 0x3
core   0: 3 0x800000f0 (0x00003317) x6  0x800030f0
core   0: 0x800000f4 (0x2bc30313) addi    t1, t1, 700
core   0: 3 0x800000f4 (0x2bc30313) x6  0x800033ac
core   0: 0x800000f8 (0x33333db7) lui     s11, 0x33333
core   0: 3 0x800000f8 (0x33333db7) x27 0x33333000
core   0: 0x800000fc (0x333d8d93) addi    s11, s11, 819
core   0: 3 0x800000fc (0x333d8d93) x27 0x33333333
core   0: 0x80000100 (0x0000936e) c.add   t1, s11
core   0: 3 0x80000100 (0x936e) x6  0xb33366df
core   0: 0x80000102 (0x00235313) srli    t1, t1, 2
core   0: 3 0x80000102 (0x00235313) x6  0x2cccd9b7
core   0: 0x80000106 (0x3b331073) csrw    pmpaddr3, t1
core   0: 3 0x80000106 (0x3b331073) c947_pmpaddr3 0x2cccd9b7
core   0: 0x8000010a (0x0f0f1337) lui     t1, 0xf0f1
core   0: 3 0x8000010a (0x0f0f1337) x6  0x0f0f1000
core   0: 0x8000010e (0xf0f30313) addi    t1, t1, -241
core   0: 3 0x8000010e (0xf0f30313) x6  0x0f0f0f0f
core   0: 0x80000112 (0x3a031073) csrw    pmpcfg0, t1
core   0: 3 0x80000112 (0x3a031073) c928_pmpcfg0 0x0f0f0f0f
core   0: 0x80000116 (0x00003317) auipc   t1, 0x3
core   0: 3 0x80000116 (0x00003317) x6  0x80003116
core   0: 0x8000011a (0x29630313) addi    t1, t1, 662
core   0: 3 0x8000011a (0x29630313) x6  0x800033ac
core   0: 0x8000011e (0x44444db7) lui     s11, 0x44444
core   0: 3 0x8000011e (0x44444db7) x27 0x44444000
core   0: 0x80000122 (0x444d8d93) addi    s11, s11, 1092
core   0: 3 0x80000122 (0x444d8d93) x27 0x44444444
core   0: 0x80000126 (0x0000936e) c.add   t1, s11
core   0: 3 0x80000126 (0x936e) x6  0xc44477f0
core   0: 0x80000128 (0x00235313) srli    t1, t1, 2
core   0: 3 0x80000128 (0x00235313) x6  0x31111dfc
core   0: 0x8000012c (0x3b431073) csrw    pmpaddr4, t1
core   0: 3 0x8000012c (0x3b431073) c948_pmpaddr4 0x31111dfc
core   0: 0x80000130 (0x00003317) auipc   t1, 0x3
core   0: 3 0x80000130 (0x00003317) x6  0x80003130
core   0: 0x80000134 (0x27c30313) addi    t1, t1, 636
core   0: 3 0x80000134 (0x27c30313) x6  0x800033ac
core   0: 0x80000138 (0x55555db7) lui     s11, 0x55555
core   0: 3 0x80000138 (0x55555db7) x27 0x55555000
core   0: 0x8000013c (0x555d8d93) addi    s11, s11, 1365
core   0: 3 0x8000013c (0x555d8d93) x27 0x55555555
core   0: 0x80000140 (0x0000936e) c.add   t1, s11
core   0: 3 0x80000140 (0x936e) x6  0xd5558901
core   0: 0x80000142 (0x00235313) srli    t1, t1, 2
core   0: 3 0x80000142 (0x00235313) x6  0x35556240
core   0: 0x80000146 (0x3b531073) csrw    pmpaddr5, t1
core   0: 3 0x80000146 (0x3b531073) c949_pmpaddr5 0x35556240
core   0: 0x8000014a (0x00003317) auipc   t1, 0x3
core   0: 3 0x8000014a (0x00003317) x6  0x8000314a
core   0: 0x8000014e (0x26230313) addi    t1, t1, 610
core   0: 3 0x8000014e (0x26230313) x6  0x800033ac
core   0: 0x80000152 (0x66666db7) lui     s11, 0x66666
core   0: 3 0x80000152 (0x66666db7) x27 0x66666000
core   0: 0x80000156 (0x666d8d93) addi    s11, s11, 1638
core   0: 3 0x80000156 (0x666d8d93) x27 0x66666666
core   0: 0x8000015a (0x0000936e) c.add   t1, s11
core   0: 3 0x8000015a (0x936e) x6  0xe6669a12
core   0: 0x8000015c (0x00235313) srli    t1, t1, 2
core   0: 3 0x8000015c (0x00235313) x6  0x3999a684
core   0: 0x80000160 (0x3b631073) csrw    pmpaddr6, t1
core   0: 3 0x80000160 (0x3b631073) c950_pmpaddr6 0x3999a684
core   0: 0x80000164 (0x00003317) auipc   t1, 0x3
core   0: 3 0x80000164 (0x00003317) x6  0x80003164
core   0: 0x80000168 (0x24830313) addi    t1, t1, 584
core   0: 3 0x80000168 (0x24830313) x6  0x800033ac
core   0: 0x8000016c (0x77777db7) lui     s11, 0x77777
core   0: 3 0x8000016c (0x77777db7) x27 0x77777000
core   0: 0x80000170 (0x777d8d93) addi    s11, s11, 1911
core   0: 3 0x80000170 (0x777d8d93) x27 0x77777777
core   0: 0x80000174 (0x0000936e) c.add   t1, s11
core   0: 3 0x80000174 (0x936e) x6  0xf777ab23
core   0: 0x80000176 (0x00235313) srli    t1, t1, 2
core   0: 3 0x80000176 (0x00235313) x6  0x3dddeac8
core   0: 0x8000017a (0x3b731073) csrw    pmpaddr7, t1
core   0: 3 0x8000017a (0x3b731073) c951_pmpaddr7 0x3dddeac8
core   0: 0x8000017e (0x0f0f1337) lui     t1, 0xf0f1
core   0: 3 0x8000017e (0x0f0f1337) x6  0x0f0f1000
core   0: 0x80000182 (0xf0f30313) addi    t1, t1, -241
core   0: 3 0x80000182 (0xf0f30313) x6  0x0f0f0f0f
core   0: 0x80000186 (0x3a131073) csrw    pmpcfg1, t1
core   0: 3 0x80000186 (0x3a131073) c929_pmpcfg1 0x0f0f0f0f
core   0: 0x8000018a (0x00003317) auipc   t1, 0x3
core   0: 3 0x8000018a (0x00003317) x6  0x8000318a
core   0: 0x8000018e (0x22230313) addi    t1, t1, 546
core   0: 3 0x8000018e (0x22230313) x6  0x800033ac
core   0: 0x80000192 (0x88889db7) lui     s11, 0x88889
core   0: 3 0x80000192 (0x88889db7) x27 0x88889000
core   0: 0x80000196 (0x888d8d93) addi    s11, s11, -1912
core   0: 3 0x80000196 (0x888d8d93) x27 0x88888888
core   0: 0x8000019a (0x0000936e) c.add   t1, s11
core   0: 3 0x8000019a (0x936e) x6  0x0888bc34
core   0: 0x8000019c (0x00235313) srli    t1, t1, 2
core   0: 3 0x8000019c (0x00235313) x6  0x02222f0d
core   0: 0x800001a0 (0x3b831073) csrw    pmpaddr8, t1
core   0: 3 0x800001a0 (0x3b831073) c952_pmpaddr8 0x02222f0d
core   0: 0x800001a4 (0x00003317) auipc   t1, 0x3
core   0: 3 0x800001a4 (0x00003317) x6  0x800031a4
core   0: 0x800001a8 (0x20830313) addi    t1, t1, 520
core   0: 3 0x800001a8 (0x20830313) x6  0x800033ac
core   0: 0x800001ac (0x9999adb7) lui     s11, 0x9999a
core   0: 3 0x800001ac (0x9999adb7) x27 0x9999a000
core   0: 0x800001b0 (0x999d8d93) addi    s11, s11, -1639
core   0: 3 0x800001b0 (0x999d8d93) x27 0x99999999
core   0: 0x800001b4 (0x0000936e) c.add   t1, s11
core   0: 3 0x800001b4 (0x936e) x6  0x1999cd45
core   0: 0x800001b6 (0x00235313) srli    t1, t1, 2
core   0: 3 0x800001b6 (0x00235313) x6  0x06667351
core   0: 0x800001ba (0x3b931073) csrw    pmpaddr9, t1
core   0: 3 0x800001ba (0x3b931073) c953_pmpaddr9 0x06667351
core   0: 0x800001be (0x00003317) auipc   t1, 0x3
core   0: 3 0x800001be (0x00003317) x6  0x800031be
core   0: 0x800001c2 (0x1ee30313) addi    t1, t1, 494
core   0: 3 0x800001c2 (0x1ee30313) x6  0x800033ac
core   0: 0x800001c6 (0xaaaabdb7) lui     s11, 0xaaaab
core   0: 3 0x800001c6 (0xaaaabdb7) x27 0xaaaab000
core   0: 0x800001ca (0xaaad8d93) addi    s11, s11, -1366
core   0: 3 0x800001ca (0xaaad8d93) x27 0xaaaaaaaa
core   0: 0x800001ce (0x0000936e) c.add   t1, s11
core   0: 3 0x800001ce (0x936e) x6  0x2aaade56
core   0: 0x800001d0 (0x00235313) srli    t1, t1, 2
core   0: 3 0x800001d0 (0x00235313) x6  0x0aaab795
core   0: 0x800001d4 (0x3ba31073) csrw    pmpaddr10, t1
core   0: 3 0x800001d4 (0x3ba31073) c954_pmpaddr10 0x0aaab795
core   0: 0x800001d8 (0x00003317) auipc   t1, 0x3
core   0: 3 0x800001d8 (0x00003317) x6  0x800031d8
core   0: 0x800001dc (0x1d430313) addi    t1, t1, 468
core   0: 3 0x800001dc (0x1d430313) x6  0x800033ac
core   0: 0x800001e0 (0xbbbbcdb7) lui     s11, 0xbbbbc
core   0: 3 0x800001e0 (0xbbbbcdb7) x27 0xbbbbc000
core   0: 0x800001e4 (0xbbbd8d93) addi    s11, s11, -1093
core   0: 3 0x800001e4 (0xbbbd8d93) x27 0xbbbbbbbb
core   0: 0x800001e8 (0x0000936e) c.add   t1, s11
core   0: 3 0x800001e8 (0x936e) x6  0x3bbbef67
core   0: 0x800001ea (0x00235313) srli    t1, t1, 2
core   0: 3 0x800001ea (0x00235313) x6  0x0eeefbd9
core   0: 0x800001ee (0x3bb31073) csrw    pmpaddr11, t1
core   0: 3 0x800001ee (0x3bb31073) c955_pmpaddr11 0x0eeefbd9
core   0: 0x800001f2 (0x0f0f1337) lui     t1, 0xf0f1
core   0: 3 0x800001f2 (0x0f0f1337) x6  0x0f0f1000
core   0: 0x800001f6 (0xf0f30313) addi    t1, t1, -241
core   0: 3 0x800001f6 (0xf0f30313) x6  0x0f0f0f0f
core   0: 0x800001fa (0x3a231073) csrw    pmpcfg2, t1
core   0: 3 0x800001fa (0x3a231073) c930_pmpcfg2 0x0f0f0f0f
core   0: 0x800001fe (0x00003317) auipc   t1, 0x3
core   0: 3 0x800001fe (0x00003317) x6  0x800031fe
core   0: 0x80000202 (0x1ae30313) addi    t1, t1, 430
core   0: 3 0x80000202 (0x1ae30313) x6  0x800033ac
core   0: 0x80000206 (0xccccddb7) lui     s11, 0xccccd
core   0: 3 0x80000206 (0xccccddb7) x27 0xccccd000
core   0: 0x8000020a (0xcccd8d93) addi    s11, s11, -820
core   0: 3 0x8000020a (0xcccd8d93) x27 0xcccccccc
core   0: 0x8000020e (0x0000936e) c.add   t1, s11
core   0: 3 0x8000020e (0x936e) x6  0x4ccd0078
core   0: 0x80000210 (0x00235313) srli    t1, t1, 2
core   0: 3 0x80000210 (0x00235313) x6  0x1333401e
core   0: 0x80000214 (0x3bc31073) csrw    pmpaddr12, t1
core   0: 3 0x80000214 (0x3bc31073) c956_pmpaddr12 0x1333401e
core   0: 0x80000218 (0x00003317) auipc   t1, 0x3
core   0: 3 0x80000218 (0x00003317) x6  0x80003218
core   0: 0x8000021c (0x19430313) addi    t1, t1, 404
core   0: 3 0x8000021c (0x19430313) x6  0x800033ac
core   0: 0x80000220 (0xddddedb7) lui     s11, 0xdddde
core   0: 3 0x80000220 (0xddddedb7) x27 0xdddde000
core   0: 0x80000224 (0xdddd8d93) addi    s11, s11, -547
core   0: 3 0x80000224 (0xdddd8d93) x27 0xdddddddd
core   0: 0x80000228 (0x0000936e) c.add   t1, s11
core   0: 3 0x80000228 (0x936e) x6  0x5dde1189
core   0: 0x8000022a (0x00235313) srli    t1, t1, 2
core   0: 3 0x8000022a (0x00235313) x6  0x17778462
core   0: 0x8000022e (0x3bd31073) csrw    pmpaddr13, t1
core   0: 3 0x8000022e (0x3bd31073) c957_pmpaddr13 0x17778462
core   0: 0x80000232 (0x00003317) auipc   t1, 0x3
core   0: 3 0x80000232 (0x00003317) x6  0x80003232
core   0: 0x80000236 (0x17a30313) addi    t1, t1, 378
core   0: 3 0x80000236 (0x17a30313) x6  0x800033ac
core   0: 0x8000023a (0xeeeefdb7) lui     s11, 0xeeeef
core   0: 3 0x8000023a (0xeeeefdb7) x27 0xeeeef000
core   0: 0x8000023e (0xeeed8d93) addi    s11, s11, -274
core   0: 3 0x8000023e (0xeeed8d93) x27 0xeeeeeeee
core   0: 0x80000242 (0x0000936e) c.add   t1, s11
core   0: 3 0x80000242 (0x936e) x6  0x6eef229a
core   0: 0x80000244 (0x00235313) srli    t1, t1, 2
core   0: 3 0x80000244 (0x00235313) x6  0x1bbbc8a6
core   0: 0x80000248 (0x3be31073) csrw    pmpaddr14, t1
core   0: 3 0x80000248 (0x3be31073) c958_pmpaddr14 0x1bbbc8a6
core   0: 0x8000024c (0x00003317) auipc   t1, 0x3
core   0: 3 0x8000024c (0x00003317) x6  0x8000324c
core   0: 0x80000250 (0x16030313) addi    t1, t1, 352
core   0: 3 0x80000250 (0x16030313) x6  0x800033ac
core   0: 0x80000254 (0xfff00d93) li      s11, -1
core   0: 3 0x80000254 (0xfff00d93) x27 0xffffffff
core   0: 0x80000258 (0x0000936e) c.add   t1, s11
core   0: 3 0x80000258 (0x936e) x6  0x800033ab
core   0: 0x8000025a (0x00235313) srli    t1, t1, 2
core   0: 3 0x8000025a (0x00235313) x6  0x20000cea
core   0: 0x8000025e (0x3bf31073) csrw    pmpaddr15, t1
core   0: 3 0x8000025e (0x3bf31073) c959_pmpaddr15 0x20000cea
core   0: 0x80000262 (0x0f0f1337) lui     t1, 0xf0f1
core   0: 3 0x80000262 (0x0f0f1337) x6  0x0f0f1000
core   0: 0x80000266 (0xf0f30313) addi    t1, t1, -241
core   0: 3 0x80000266 (0xf0f30313) x6  0x0f0f0f0f
core   0: 0x8000026a (0x3a331073) csrw    pmpcfg3, t1
core   0: 3 0x8000026a (0x3a331073) c931_pmpcfg3 0x0f0f0f0f
core   0: 0x8000026e (0x00000d97) auipc   s11, 0x0
core   0: 3 0x8000026e (0x00000d97) x27 0x8000026e
core   0: 0x80000272 (0x060d8d93) addi    s11, s11, 96
core   0: 3 0x80000272 (0x060d8d93) x27 0x800002ce
core   0: 0x80000276 (0x341d9073) csrw    mepc, s11
core   0: 3 0x80000276 (0x341d9073) c833_mepc 0x800002ce
core   0: 0x8000027a (0x7c00d073) csrwi   cpuctrlsts, 1
core   0: 3 0x8000027a (0x7c00d073) c1984_cpuctrlsts 0x00000101
core   0: 0x8000027e (0x00004d81) c.li    s11, 0
core   0: 3 0x8000027e (0x4d81) x27 0x00000000
core   0: 0x80000280 (0x300d9073) csrw    mstatus, s11
core   0: 3 0x80000280 (0x300d9073) c768_mstatus 0x00000000
core   0: 0x80000284 (0x00004d81) c.li    s11, 0
core   0: 3 0x80000284 (0x4d81) x27 0x00000000
core   0: 0x80000286 (0x304d9073) csrw    mie, s11
core   0: 3 0x80000286 (0x304d9073) c772_mie 0x00000000
core   0: 0x8000028a (0x90000537) lui     a0, 0x90000
core   0: 3 0x8000028a (0x90000537) x10 0x90000000
core   0: 0x8000028e (0x00001571) c.addi  a0, -4
core   0: 3 0x8000028e (0x1571) x10 0x8ffffffc
core   0: 0x80000290 (0x90000537) lui     a0, 0x90000
core   0: 3 0x80000290 (0x90000537) x10 0x90000000
core   0: 0x80000294 (0x00001571) c.addi  a0, -4
core   0: 3 0x80000294 (0x1571) x10 0x8ffffffc
core   0: 0x80000296 (0x90000537) lui     a0, 0x90000
core   0: 3 0x80000296 (0x90000537) x10 0x90000000
core   0: 0x8000029a (0x00001571) c.addi  a0, -4
core   0: 3 0x8000029a (0x1571) x10 0x8ffffffc
core   0: 0x8000029c (0x30000d93) li      s11, 768
core   0: 3 0x8000029c (0x30000d93) x27 0x00000300
core   0: 0x800002a0 (0x00000da2) c.slli  s11, 8
core   0: 3 0x800002a0 (0x0da2) x27 0x00030000
core   0: 0x800002a2 (0x00000d8d) c.addi  s11, 3
core   0: 3 0x800002a2 (0x0d8d) x27 0x00030003
core   0: 0x800002a4 (0x01b52023) sw      s11, 0(a0)
core   0: 3 0x800002a4 (0x01b52023) mem 0x8ffffffc 0x00030003
core   0: 0x800002a8 (0x30002df3) csrr    s11, mstatus
core   0: 3 0x800002a8 (0x30002df3) x27 0x00000000
core   0: 0x800002ac (0x01b52023) sw      s11, 0(a0)
core   0: 3 0x800002ac (0x01b52023) mem 0x8ffffffc 0x00000000
core   0: 0x800002b0 (0x90000537) lui     a0, 0x90000
core   0: 3 0x800002b0 (0x90000537) x10 0x90000000
core   0: 0x800002b4 (0x00001571) c.addi  a0, -4
core   0: 3 0x800002b4 (0x1571) x10 0x8ffffffc
core   0: 0x800002b6 (0x30400d93) li      s11, 772
core   0: 3 0x800002b6 (0x30400d93) x27 0x00000304
core   0: 0x800002ba (0x00000da2) c.slli  s11, 8
core   0: 3 0x800002ba (0x0da2) x27 0x00030400
core   0: 0x800002bc (0x00000d8d) c.addi  s11, 3
core   0: 3 0x800002bc (0x0d8d) x27 0x00030403
core   0: 0x800002be (0x01b52023) sw      s11, 0(a0)
core   0: 3 0x800002be (0x01b52023) mem 0x8ffffffc 0x00030403
core   0: 0x800002c2 (0x30402df3) csrr    s11, mie
core   0: 3 0x800002c2 (0x30402df3) x27 0x00000000
core   0: 0x800002c6 (0x01b52023) sw      s11, 0(a0)
core   0: 3 0x800002c6 (0x01b52023) mem 0x8ffffffc 0x00000000
core   0: 0x800002ca (0x30200073) mret
core   0: 3 0x800002ca (0x30200073) c768_mstatus 0x00000080
core   0: 0x800002ce (0xff8b8037) lui     zero, 0xff8b8
core   0: 0 0x800002ce (0xff8b8037)
core   0: 0x800002d2 (0x10e00013) li      zero, 270
core   0: 0 0x800002d2 (0x10e00013)
core   0: 0x800002d6 (0x7327d0b7) lui     ra, 0x7327d
core   0: 0 0x800002d6 (0x7327d0b7) x1  0x7327d000
core   0: 0x800002da (0xba008093) addi    ra, ra, -1120
core   0: 0 0x800002da (0xba008093) x1  0x7327cba0
core   0: 0x800002de (0xf5e3a137) lui     sp, 0xf5e3a
core   0: 0 0x800002de (0xf5e3a137) x2  0xf5e3a000
core   0: 0x800002e2 (0x89510113) addi    sp, sp, -1899
core   0: 0 0x800002e2 (0x89510113) x2  0xf5e39895
core   0: 0x800002e6 (0x00004181) c.li    gp, 0
core   0: 0 0x800002e6 (0x4181) x3  0x00000000
core   0: 0x800002e8 (0x6511b237) lui     tp, 0x6511b
core   0: 0 0x800002e8 (0x6511b237) x4  0x6511b000
core   0: 0x800002ec (0xbba20213) addi    tp, tp, -1094
core   0: 0 0x800002ec (0xbba20213) x4  0x6511abba
core   0: 0x800002f0 (0xe2e872b7) lui     t0, 0xe2e87
core   0: 0 0x800002f0 (0xe2e872b7) x5  0xe2e87000
core   0: 0x800002f4 (0x5c428293) addi    t0, t0, 1476
core   0: 0 0x800002f4 (0x5c428293) x5  0xe2e875c4
core   0: 0x800002f8 (0x00004301) c.li    t1, 0
core   0: 0 0x800002f8 (0x4301) x6  0x00000000
core   0: 0x800002fa (0x000043a5) c.li    t2, 9
core   0: 0 0x800002fa (0x43a5) x7  0x00000009
core   0: 0x800002fc (0x80000437) lui     s0, 0x80000
core   0: 0 0x800002fc (0x80000437) x8  0x80000000
core   0: 0x80000300 (0xf944e4b7) lui     s1, 0xf944e
core   0: 0 0x80000300 (0xf944e4b7) x9  0xf944e000
core   0: 0x80000304 (0x20f48493) addi    s1, s1, 527
core   0: 0 0x80000304 (0x20f48493) x9  0xf944e20f
core   0: 0x80000308 (0x00004501) c.li    a0, 0
core   0: 0 0x80000308 (0x4501) x10 0x00000000
core   0: 0x8000030a (0x00004625) c.li    a2, 9
core   0: 0 0x8000030a (0x4625) x12 0x00000009
core   0: 0x8000030c (0xf0c556b7) lui     a3, 0xf0c55
core   0: 0 0x8000030c (0xf0c556b7) x13 0xf0c55000
core   0: 0x80000310 (0xda468693) addi    a3, a3, -604
core   0: 0 0x80000310 (0xda468693) x13 0xf0c54da4
core   0: 0x80000314 (0xfd8fc737) lui     a4, 0xfd8fc
core   0: 0 0x80000314 (0xfd8fc737) x14 0xfd8fc000
core   0: 0x80000318 (0xe7e70713) addi    a4, a4, -386
core   0: 0 0x80000318 (0xe7e70713) x14 0xfd8fbe7e
core   0: 0x8000031c (0x00004781) c.li    a5, 0
core   0: 0 0x8000031c (0x4781) x15 0x00000000
core   0: 0x8000031e (0x65193837) lui     a6, 0x65193
core   0: 0 0x8000031e (0x65193837) x16 0x65193000
core   0: 0x80000322 (0x5eb80813) addi    a6, a6, 1515
core   0: 0 0x80000322 (0x5eb80813) x16 0x651935eb
core   0: 0x80000326 (0x00004891) c.li    a7, 4
core   0: 0 0x80000326 (0x4891) x17 0x00000004
core   0: 0x80000328 (0x80000937) lui     s2, 0x80000
core   0: 0 0x80000328 (0x80000937) x18 0x80000000
core   0: 0x8000032c (0x000049a9) c.li    s3, 10
core   0: 0 0x8000032c (0x49a9) x19 0x0000000a
core   0: 0x8000032e (0xff2dfa37) lui     s4, 0xff2df
core   0: 0 0x8000032e (0xff2dfa37) x20 0xff2df000
core   0: 0x80000332 (0x586a0a13) addi    s4, s4, 1414
core   0: 0 0x80000332 (0x586a0a13) x20 0xff2df586
core   0: 0x80000336 (0x80000ab7) lui     s5, 0x80000
core   0: 0 0x80000336 (0x80000ab7) x21 0x80000000
core   0: 0x8000033a (0xfa72bb37) lui     s6, 0xfa72b
core   0: 0 0x8000033a (0xfa72bb37) x22 0xfa72b000
core   0: 0x8000033e (0x098b0b13) addi    s6, s6, 152
core   0: 0 0x8000033e (0x098b0b13) x22 0xfa72b098
core   0: 0x80000342 (0x00004b89) c.li    s7, 2
core   0: 0 0x80000342 (0x4b89) x23 0x00000002
core   0: 0x80000344 (0x00004c39) c.li    s8, 14
core   0: 0 0x80000344 (0x4c39) x24 0x0000000e
core   0: 0x80000346 (0x00004c81) c.li    s9, 0
core   0: 0 0x80000346 (0x4c81) x25 0x00000000
core   0: 0x80000348 (0x00004d01) c.li    s10, 0
core   0: 0 0x80000348 (0x4d01) x26 0x00000000
core   0: 0x8000034a (0x00004db5) c.li    s11, 13
core   0: 0 0x8000034a (0x4db5) x27 0x0000000d
core   0: 0x8000034c (0x82ec1e37) lui     t3, 0x82ec1
core   0: 0 0x8000034c (0x82ec1e37) x28 0x82ec1000
core   0: 0x80000350 (0xcb0e0e13) addi    t3, t3, -848
core   0: 0 0x80000350 (0xcb0e0e13) x28 0x82ec0cb0
core   0: 0x80000354 (0xcac09eb7) lui     t4, 0xcac09
core   0: 0 0x80000354 (0xcac09eb7) x29 0xcac09000
core   0: 0x80000358 (0x9bde8e93) addi    t4, t4, -1603
core   0: 0 0x80000358 (0x9bde8e93) x29 0xcac089bd
core   0: 0x8000035c (0x80000f37) lui     t5, 0x80000
core   0: 0 0x8000035c (0x80000f37) x30 0x80000000
core   0: 0x80000360 (0x00022597) auipc   a1, 0x22
core   0: 0 0x80000360 (0x00022597) x11 0x80022360
core   0: 0x80000364 (0xb0458593) addi    a1, a1, -1276
core   0: 0 0x80000364 (0xb0458593) x11 0x80021e64
core   0: 0x80000368 (0x90000537) lui     a0, 0x90000
core   0: 0 0x80000368 (0x90000537) x10 0x90000000
core   0: 0x8000036c (0x00001571) c.addi  a0, -4
core   0: 0 0x8000036c (0x1571) x10 0x8ffffffc
core   0: 0x8000036e (0x00004d81) c.li    s11, 0
core   0: 0 0x8000036e (0x4d81) x27 0x00000000
core   0: 0x80000370 (0x00000da2) c.slli  s11, 8
core   0: 0 0x80000370 (0x0da2) x27 0x00000000
core   0: 0x80000372 (0x000d8d93) mv      s11, s11
core   0: 0 0x80000372 (0x000d8d93) x27 0x00000000
core   0: 0x80000376 (0x01b52023) sw      s11, 0(a0)
core   0: 0 0x80000376 (0x01b52023) mem 0x8ffffffc 0x00000000
core   0: 0x8000037a (0x0320306f) j       pc + 0x3032
core   0: 0 0x8000037a (0x0320306f)
core   0: 0x800033ac (0x03791733) mulh    a4, s2, s7
core   0: 0 0x800033ac (0x03791733) x14 0xffffffff
core   0: 0x800033b0 (0x030e47b3) div     a5, t3, a6
core   0: 0 0x800033b0 (0x030e47b3) x15 0xffffffff
core   0: 0x800033b4 (0x4192dbb3) sra     s7, t0, s9
core   0: 0 0x800033b4 (0x4192dbb3) x23 0xe2e875c4
core   0: 0x800033b8 (0x031af833) remu    a6, s5, a7
core   0: 0 0x800033b8 (0x031af833) x16 0x00000000
core   0: 0x800033bc (0x6c6ef793) andi    a5, t4, 1734
core   0: 0 0x800033bc (0x6c6ef793) x15 0x00000084
core   0: 0x800033c0 (0xfda9fa93) andi    s5, s3, -38
core   0: 0 0x800033c0 (0xfda9fa93) x21 0x0000000a
core   0: 0x800033c4 (0x00006e1d) c.lui   t3, 0x7
core   0: 0 0x800033c4 (0x6e1d) x28 0x00007000
core   0: 0x800033c6 (0x01778ab3) add     s5, a5, s7
core   0: 0 0x800033c6 (0x01778ab3) x21 0xe2e87648
core   0: 0x800033ca (0x0000717d) c.addi16sp sp, -16
core   0: 0 0x800033ca (0x717d) x2  0xf5e39885
core   0: 0x800033cc (0x0000840d) c.srai  s0, 3
core   0: 0 0x800033cc (0x840d) x8  0xf0000000
core   0: 0x800033ce (0x00008c41) c.or    s0, s0
core   0: 0 0x800033ce (0x8c41) x8  0xf0000000
core   0: 0x800033d0 (0x0224c133) div     sp, s1, sp
core   0: 0 0x800033d0 (0x0224c133) x2  0x00000000
core   0: 0x800033d4 (0x72000113) li      sp, 1824
core   0: 0 0x800033d4 (0x72000113) x2  0x00000720
core   0: 0x800033d8 (0x00001e1c) c.addi4spn a5, sp, 816
core   0: 0 0x800033d8 (0x1e1c) x15 0x00000a50
core   0: 0x800033da (0x00008c2d) c.xor   s0, a1
core   0: 0 0x800033da (0x8c2d) x8  0x70021e64
core   0: 0x800033dc (0xf2597d37) lui     s10, 0xf2597
core   0: 0 0x800033dc (0xf2597d37) x26 0xf2597000
core   0: 0x800033e0 (0x01ef5433) srl     s0, t5, t5
core   0: 0 0x800033e0 (0x01ef5433) x8  0x80000000
core   0: 0x800033e4 (0x03591133) mulh    sp, s2, s5
core   0: 0 0x800033e4 (0x03591133) x2  0x0e8bc4dc
core   0: 0x800033e8 (0x02e47e63) bgeu    s0, a4, pc + 60
core   0: 0 0x800033e8 (0x02e47e63)
core   0: 0x800033ec (0x0104a933) slt     s2, s1, a6
core   0: 0 0x800033ec (0x0104a933) x18 0x00000001
core   0: 0x800033f0 (0x40600733) sub     a4, zero, t1
core   0: 0 0x800033f0 (0x40600733) x14 0x00000000
core   0: 0x800033f4 (0x0000854e) c.mv    a0, s3
core   0: 0 0x800033f4 (0x854e) x10 0x0000000a
core   0: 0x800033f6 (0x00ef5c33) srl     s8, t5, a4
core   0: 0 0x800033f6 (0x00ef5c33) x24 0x80000000
core   0: 0x800033fa (0x01f563b3) or      t2, a0, t6
core   0: 0 0x800033fa (0x01f563b3) x7  0x80025cee
core   0: 0x800033fe (0x0346bb33) mulhu   s6, a3, s4
core   0: 0 0x800033fe (0x0346bb33) x22 0xefffc1ef
core   0: 0x80003402 (0x000080e5) c.srli  s1, 25
core   0: 0 0x80003402 (0x80e5) x9  0x0000007c
core   0: 0x80003404 (0x0000c299) c.beqz  a3, pc + 6
core   0: 0 0x80003404 (0xc299)
core   0: 0x80003406 (0x0281c763) blt     gp, s0, pc + 46
core   0: 0 0x80003406 (0x0281c763)
core   0: 0x8000340a (0x02367f33) remu    t5, a2, gp
core   0: 0 0x8000340a (0x02367f33) x30 0x00000009
core   0: 0x8000340e (0x00009506) c.add   a0, ra
core   0: 0 0x8000340e (0x9506) x10 0x7327cbaa
core   0: 0x80003410 (0x000084d1) c.srai  s1, 20
core   0: 0 0x80003410 (0x84d1) x9  0x00000000
core   0: 0x80003412 (0x0000127d) c.addi  tp, -1
core   0: 0 0x80003412 (0x127d) x4  0x6511abb9
core   0: 0x80003414 (0x0000100f) fence.i
core   0: 0 0x80003414 (0x0000100f)
core   0: 0x80003418 (0x00008095) c.srli  s1, 5
core   0: 0 0x80003418 (0x8095) x9  0x00000000
core   0: 0x8000341a (0x0000e805) c.bnez  s0, pc + 48
core   0: 0 0x8000341a (0xe805)
core   0: 0x8000344a (0x0000100f) fence.i
core   0: 0 0x8000344a (0x0000100f)
core   0: 0x8000344e (0x1dcc8713) addi    a4, s9, 476
core   0: 0 0x8000344e (0x1dcc8713) x14 0x000001dc
core   0: 0x80003452 (0x02d813b3) mulh    t2, a6, a3
core   0: 0 0x80003452 (0x02d813b3) x7  0x00000000
core   0: 0x80003456 (0x01c3d663) bge     t2, t3, pc + 12
core   0: 0 0x80003456 (0x01c3d663)
core   0: 0x8000345a (0x407f0ab3) sub     s5, t5, t2
core   0: 0 0x8000345a (0x407f0ab3) x21 0x00000009
core   0: 0x8000345e (0x03ffa4b3) mulhsu  s1, t6, t6
core   0: 0 0x8000345e (0x03ffa4b3) x9  0xc0000005
core   0: 0x80003462 (0x00008041) c.srli  s0, 16
core   0: 0 0x80003462 (0x8041) x8  0x00008000
core   0: 0x80003464 (0x02279a33) mulh    s4, a5, sp
core   0: 0 0x80003464 (0x02279a33) x20 0x00000096
core   0: 0x80003468 (0x03c65633) divu    a2, a2, t3
core   0: 0 0x80003468 (0x03c65633) x12 0x00000000
core   0: 0x8000346c (0xc2b88637) lui     a2, 0xc2b88
core   0: 0 0x8000346c (0xc2b88637) x12 0xc2b88000
core   0: 0x80003470 (0x030ca233) mulhsu  tp, s9, a6
core   0: 0 0x80003470 (0x030ca233) x4  0x00000000
core   0: 0x80003474 (0x0064fdb3) and     s11, s1, t1
core   0: 0 0x80003474 (0x0064fdb3) x27 0x00000000
core   0: 0x80003478 (0x00000001) c.nop
core   0: 0 0x80003478 (0x0001)
core   0: 0x8000347a (0x5ba1aa13) slti    s4, gp, 1466
core   0: 0 0x8000347a (0x5ba1aa13) x20 0x00000001
core   0: 0x8000347e (0x00009bfd) c.andi  a5, -1
core   0: 0 0x8000347e (0x9bfd) x15 0x00000a50
core   0: 0x80003480 (0x006c73b3) and     t2, s8, t1
core   0: 0 0x80003480 (0x006c73b3) x7  0x00000000
core   0: 0x80003484 (0x01f85e63) bge     a6, t6, pc + 28
core   0: 0 0x80003484 (0x01f85e63)
core   0: 0x800034a0 (0x40ee53b3) sra     t2, t3, a4
core   0: 0 0x800034a0 (0x40ee53b3) x7  0x00000000
core   0: 0x800034a4 (0x03fbe1b3) rem     gp, s7, t6
core   0: 0 0x800034a4 (0x03fbe1b3) x3  0xe2e875c4
core   0: 0x800034a8 (0x00000001) c.nop
core   0: 0 0x800034a8 (0x0001)
core   0: 0x800034aa (0x0d6fed13) ori     s10, t6, 214
core   0: 0 0x800034aa (0x0d6fed13) x26 0x80025cf6
core   0: 0x800034ae (0x41b35393) srai    t2, t1, 27
core   0: 0 0x800034ae (0x41b35393) x7  0x00000000
core   0: 0x800034b2 (0x6581ec97) auipc   s9, 0x6581e
core   0: 0 0x800034b2 (0x6581ec97) x25 0xe58214b2
core   0: 0x800034b6 (0x00005297) auipc   t0, 0x5
core   0: 0 0x800034b6 (0x00005297) x5  0x800084b6
core   0: 0x800034ba (0xf9228293) addi    t0, t0, -110
core   0: 0 0x800034ba (0xf9228293) x5  0x80008448
core   0: 0x800034be (0x0000987d) c.andi  s0, -1
core   0: 0 0x800034be (0x987d) x8  0x00008000
core   0: 0x800034c0 (0x00008c25) c.xor   s0, s1
core   0: 0 0x800034c0 (0x8c25) x8  0xc0008005
core   0: 0x800034c2 (0xf8928293) addi    t0, t0, -119
core   0: 0 0x800034c2 (0xf8928293) x5  0x800083d1
core   0: 0x800034c6 (0x02e6a733) mulhsu  a4, a3, a4
core   0: 0 0x800034c6 (0x02e6a733) x14 0xffffffe3
core   0: 0x800034ca (0x000c08b3) add     a7, s8, zero
core   0: 0 0x800034ca (0x000c08b3) x17 0x80000000
core   0: 0x800034ce (0x033e30b3) mulhu   ra, t3, s3
core   0: 0 0x800034ce (0x033e30b3) x1  0x00000000
core   0: 0x800034d2 (0x0219d1b3) divu    gp, s3, ra
core   0: 0 0x800034d2 (0x0219d1b3) x3  0xffffffff
core   0: 0x800034d6 (0x00290d33) add     s10, s2, sp
core   0: 0 0x800034d6 (0x00290d33) x26 0x0e8bc4dd
core   0: 0x800034da (0x078286e7) jalr    a3, t0, 120
core   0: 0 0x800034da (0x078286e7) x13 0x800034de
core   0: 0x80008448 (0x0000e119) c.bnez  a0, pc + 6
core   0: 0 0x80008448 (0xe119)
core   0: 0x8000844e (0x000015d1) c.addi  a1, -12
core   0: 0 0x8000844e (0x15d1) x11 0x80021e58
core   0: 0x80008450 (0x00904933) xor     s2, zero, s1
core   0: 0 0x80008450 (0x00904933) x18 0xc0000005
core   0: 0x80008454 (0x00f12533) slt     a0, sp, a5
core   0: 0 0x80008454 (0x00f12533) x10 0x00000000
core   0: 0x80008458 (0x0000c1d4) c.sw    a3, 4(a1)
core   0: 0 0x80008458 (0xc1d4) mem 0x80021e5c 0x800034de
core   0: 0x8000845a (0x41160233) sub     tp, a2, a7
core   0: 0 0x8000845a (0x41160233) x4  0x42b88000
core   0: 0x8000845e (0x00c47463) bgeu    s0, a2, pc + 8
core   0: 0 0x8000845e (0x00c47463)
core   0: 0x80008462 (0x41568c33) sub     s8, a3, s5
core   0: 0 0x80008462 (0x41568c33) x24 0x800034d5
core   0: 0x80008466 (0x0000cb99) c.beqz  a5, pc + 22
core   0: 0 0x80008466 (0xcb99)
core   0: 0x80008468 (0x402ed533) sra     a0, t4, sp
core   0: 0 0x80008468 (0x402ed533) x10 0xfffffffc
core   0: 0x8000846c (0x02a719b3) mulh    s3, a4, a0
core   0: 0 0x8000846c (0x02a719b3) x19 0x00000000
core   0: 0x80008470 (0x00008389) c.srli  a5, 2
core   0: 0 0x80008470 (0x8389) x15 0x00000294
core   0: 0x80008472 (0x000f1993) slli    s3, t5, 0
core   0: 0 0x80008472 (0x000f1993) x19 0x00000009
core   0: 0x80008476 (0x00008d55) c.or    a0, a3
core   0: 0 0x80008476 (0x8d55) x10 0xfffffffe
core   0: 0x80008478 (0x0ff0000f) fence   iorw,iorw
core   0: 0 0x80008478 (0x0ff0000f)
core   0: 0x8000847c (0x03442eb3) mulhsu  t4, s0, s4
core   0: 0 0x8000847c (0x03442eb3) x29 0xffffffff
core   0: 0x80008480 (0x004d5d93) srli    s11, s10, 4
core   0: 0 0x80008480 (0x004d5d93) x27 0x00e8bc4d
core   0: 0x80008484 (0x41030db3) sub     s11, t1, a6
core   0: 0 0x80008484 (0x41030db3) x27 0x00000000
core   0: 0x80008488 (0x000050fd) c.li    ra, -1
core   0: 0 0x80008488 (0x50fd) x1  0xffffffff
core   0: 0x8000848a (0x01823533) sltu    a0, tp, s8
core   0: 0 0x8000848a (0x01823533) x10 0x00000001
core   0: 0x8000848e (0xd2bbc113) xori    sp, s7, -725
core   0: 0 0x8000848e (0xd2bbc113) x2  0x1d1788ef
core   0: 0x80008492 (0x00008f05) c.sub   a4, s1
core   0: 0 0x80008492 (0x8f05) x14 0x3fffffde
core   0: 0x80008494 (0x0000100f) fence.i
core   0: 0 0x80008494 (0x0000100f)
core   0: 0x80008498 (0xb20ee517) auipc   a0, 0xb20ee
core   0: 0 0x80008498 (0xb20ee517) x10 0x320f6498
core   0: 0x8000849c (0x01250b63) beq     a0, s2, pc + 22
core   0: 0 0x8000849c (0x01250b63)
core   0: 0x800084a0 (0x037c4763) blt     s8, s7, pc + 46
core   0: 0 0x800084a0 (0x037c4763)
core   0: 0x800084ce (0x0000717d) c.addi16sp sp, -16
core   0: 0 0x800084ce (0x717d) x2  0x1d1788df
core   0: 0x800084d0 (0x0000c31d) c.beqz  a4, pc + 38
core   0: 0 0x800084d0 (0xc31d)
core   0: 0x800084d2 (0xe16ff913) andi    s2, t6, -490
core   0: 0 0x800084d2 (0xe16ff913) x18 0x80025c04
core   0: 0x800084d6 (0x0218e733) rem     a4, a7, ra
core   0: 0 0x800084d6 (0x0218e733) x14 0x00000000
core   0: 0x800084da (0x00a44e33) xor     t3, s0, a0
core   0: 0 0x800084da (0x00a44e33) x28 0xf20fe49d
core   0: 0x800084de (0x011d2e33) slt     t3, s10, a7
core   0: 0 0x800084de (0x011d2e33) x28 0x00000000
core   0: 0x800084e2 (0x02f7ed63) bltu    a5, a5, pc + 58
core   0: 0 0x800084e2 (0x02f7ed63)
core   0: 0x800084e6 (0x000083b1) c.srli  a5, 12
core   0: 0 0x800084e6 (0x83b1) x15 0x00000000
core   0: 0x800084e8 (0x0000197d) c.addi  s2, -1
core   0: 0 0x800084e8 (0x197d) x18 0x80025c03
core   0: 0x800084ea (0x00008d49) c.or    a0, a0
core   0: 0 0x800084ea (0x8d49) x10 0x320f6498
core   0: 0x800084ec (0x0000717d) c.addi16sp sp, -16
core   0: 0 0x800084ec (0x717d) x2  0x1d1788cf
core   0: 0x800084ee (0x00008239) c.srli  a2, 14
core   0: 0 0x800084ee (0x8239) x12 0x00030ae2
core   0: 0x800084f0 (0x00449a63) bne     s1, tp, pc + 20
core   0: 0 0x800084f0 (0x00449a63)
core   0: 0x80008504 (0x00008cb9) c.xor   s1, a4
core   0: 0 0x80008504 (0x8cb9) x9  0xc0000005
core   0: 0x80008506 (0x00000001) c.nop
core   0: 0 0x80008506 (0x0001)
core   0: 0x80008508 (0x01fe4a63) blt     t3, t6, pc + 20
core   0: 0 0x80008508 (0x01fe4a63)
core   0: 0x8000850c (0x000d9d93) slli    s11, s11, 0
core   0: 0 0x8000850c (0x000d9d93) x27 0x00000000
core   0: 0x80008510 (0x01226133) or      sp, tp, s2
core   0: 0 0x80008510 (0x01226133) x2  0xc2badc03
core   0: 0x80008514 (0x00000001) c.nop
core   0: 0 0x80008514 (0x0001)
core   0: 0x80008516 (0x0ff0000f) fence   iorw,iorw
core   0: 0 0x80008516 (0x0ff0000f)
core   0: 0x8000851a (0x00008fe1) c.and   a5, s0
core   0: 0 0x8000851a (0x8fe1) x15 0x00000000
core   0: 0x8000851c (0x000007c1) c.addi  a5, 16
core   0: 0 0x8000851c (0x07c1) x15 0x00000010
core   0: 0x8000851e (0xfb7b4437) lui     s0, 0xfb7b4
core   0: 0 0x8000851e (0xfb7b4437) x8  0xfb7b4000
core   0: 0x80008522 (0x00008f95) c.sub   a5, a3
core   0: 0 0x80008522 (0x8f95) x15 0x7fffcb32
core   0: 0x80008524 (0x00008015) c.srli  s0, 5
core   0: 0 0x80008524 (0x8015) x8  0x07dbda00
core   0: 0x80008526 (0x01535713) srli    a4, t1, 21
core   0: 0 0x80008526 (0x01535713) x14 0x00000000
core   0: 0x8000852a (0x41f2dbb3) sra     s7, t0, t6
core   0: 0 0x8000852a (0x41f2dbb3) x23 0xf800083d
core   0: 0x8000852e (0x02030463) beqz    t1, pc + 40
core   0: 0 0x8000852e (0x02030463)
core   0: 0x80008556 (0x69e80493) addi    s1, a6, 1694
core   0: 0 0x80008556 (0x69e80493) x9  0x0000069e
core   0: 0x8000855a (0x00000001) c.nop
core   0: 0 0x8000855a (0x0001)
core   0: 0x8000855c (0x01144633) xor     a2, s0, a7
core   0: 0 0x8000855c (0x01144633) x12 0x87dbda00
core   0: 0x80008560 (0x40be57b3) sra     a5, t3, a1
core   0: 0 0x80008560 (0x40be57b3) x15 0x00000000
core   0: 0x80008564 (0x407c8cb3) sub     s9, s9, t2
core   0: 0 0x80008564 (0x407c8cb3) x25 0xe58214b2
core   0: 0x80008568 (0x1b240213) addi    tp, s0, 434
core   0: 0 0x80008568 (0x1b240213) x4  0x07dbdbb2
core   0: 0x8000856c (0x00001e84) c.addi4spn s1, sp, 880
core   0: 0 0x8000856c (0x1e84) x9  0xc2badf73
core   0: 0x8000856e (0x41a1dc93) srai    s9, gp, 26
core   0: 0 0x8000856e (0x41a1dc93) x25 0xffffffff
core   0: 0x80008572 (0x01fede33) srl     t3, t4, t6
core   0: 0 0x80008572 (0x01fede33) x28 0x0fffffff
core   0: 0x80008576 (0x008bedb3) or      s11, s7, s0
core   0: 0 0x80008576 (0x008bedb3) x27 0xffdbda3d
core   0: 0x8000857a (0x01455693) srli    a3, a0, 20
core   0: 0 0x8000857a (0x01455693) x13 0x00000320
core   0: 0x8000857e (0x02de1db3) mulh    s11, t3, a3
core   0: 0 0x8000857e (0x02de1db3) x27 0x00000031
core   0: 0x80008582 (0x5b513013) sltiu   zero, sp, 1461
core   0: 0 0x80008582 (0x5b513013)
core   0: 0x80008586 (0x00008ea9) c.xor   a3, a0
core   0: 0 0x80008586 (0x8ea9) x13 0x320f67b8
core   0: 0x80008588 (0x05b65063) bge     a2, s11, pc + 64
core   0: 0 0x80008588 (0x05b65063)
core   0: 0x8000858c (0x02b5f763) bgeu    a1, a1, pc + 46
core   0: 0 0x8000858c (0x02b5f763)
core   0: 0x800085ba (0x0149cb63) blt     s3, s4, pc + 22
core   0: 0 0x800085ba (0x0149cb63)
core   0: 0x800085be (0x00c79693) slli    a3, a5, 12
core   0: 0 0x800085be (0x00c79693) x13 0x00000000
core   0: 0x800085c2 (0x00008f95) c.sub   a5, a3
core   0: 0 0x800085c2 (0x8f95) x15 0x00000000
core   0: 0x800085c4 (0x03005b63) bge     zero, a6, pc + 54
core   0: 0 0x800085c4 (0x03005b63)
core   0: 0x800085fa (0x0204f863) bgeu    s1, zero, pc + 48
core   0: 0 0x800085fa (0x0204f863)
core   0: 0x8000862a (0x003c1963) bne     s8, gp, pc + 18
core   0: 0 0x8000862a (0x003c1963)
core   0: 0x8000863c (0x0000ea11) c.bnez  a2, pc + 20
core   0: 0 0x8000863c (0xea11)
core   0: 0x80008650 (0x0ff0000f) fence   iorw,iorw
core   0: 0 0x80008650 (0x0ff0000f)
core   0: 0x80008654 (0x00008ee5) c.and   a3, s1
core   0: 0 0x80008654 (0x8ee5) x13 0x00000000
core   0: 0x80008656 (0x00008761) c.srai  a4, 24
core   0: 0 0x80008656 (0x8761) x14 0x00000000
core   0: 0x80008658 (0x0174c3b3) xor     t2, s1, s7
core   0: 0 0x80008658 (0x0174c3b3) x7  0x3abad74e
core   0: 0x8000865c (0x8efb2913) slti    s2, s6, -1809
core   0: 0 0x8000865c (0x8efb2913) x18 0x00000001
core   0: 0x80008660 (0x03e9f7b3) remu    a5, s3, t5
core   0: 0 0x80008660 (0x03e9f7b3) x15 0x00000000
core   0: 0x80008664 (0x00008c75) c.and   s0, a3
core   0: 0 0x80008664 (0x8c75) x8  0x00000000
core   0: 0x80008666 (0x00008cc9) c.or    s1, a0
core   0: 0 0x80008666 (0x8cc9) x9  0xf2bffffb
core   0: 0x80008668 (0x00008c41) c.or    s0, s0
core   0: 0 0x80008668 (0x8c41) x8  0x00000000
core   0: 0x8000866a (0x03f80563) beq     a6, t6, pc + 42
core   0: 0 0x8000866a (0x03f80563)
core   0: 0x8000866e (0xd140ab93) slti    s7, ra, -748
core   0: 0 0x8000866e (0xd140ab93) x23 0x00000000
core   0: 0x80008672 (0x0362e433) rem     s0, t0, s6
core   0: 0 0x80008672 (0x0362e433) x8  0xf0023648
core   0: 0x80008676 (0x037592b3) mulh    t0, a1, s7
core   0: 0 0x80008676 (0x037592b3) x5  0x00000000
core   0: 0x8000867a (0x02f0bdb3) mulhu   s11, ra, a5
core   0: 0 0x8000867a (0x02f0bdb3) x27 0x00000000
core   0: 0x8000867e (0x930ba713) slti    a4, s7, -1744
core   0: 0 0x8000867e (0x930ba713) x14 0x00000000
core   0: 0x80008682 (0x005c5413) srli    s0, s8, 5
core   0: 0 0x80008682 (0x005c5413) x8  0x040001a6
core   0: 0x80008686 (0x8da0fdb7) lui     s11, 0x8da0f
core   0: 0 0x80008686 (0x8da0fdb7) x27 0x8da0f000
core   0: 0x8000868a (0x00006439) c.lui   s0, 0xe
core   0: 0 0x8000868a (0x6439) x8  0x0000e000
core   0: 0x8000868c (0x40e75c13) srai    s8, a4, 14
core   0: 0 0x8000868c (0x40e75c13) x24 0x00000000
core   0: 0x80008690 (0x01bcca63) blt     s9, s11, pc + 20
core   0: 0 0x80008690 (0x01bcca63)
core   0: 0x80008694 (0x024c0bb3) mul     s7, s8, tp
core   0: 0 0x80008694 (0x024c0bb3) x23 0x00000000
core   0: 0x80008698 (0x00008ca5) c.xor   s1, s1
core   0: 0 0x80008698 (0x8ca5) x9  0x00000000
core   0: 0x8000869a (0x0384de33) divu    t3, s1, s8
core   0: 0 0x8000869a (0x0384de33) x28 0xffffffff
core   0: 0x8000869e (0x0ff0000f) fence   iorw,iorw
core   0: 0 0x8000869e (0x0ff0000f)
core   0: 0x800086a2 (0x00006d11) c.lui   s10, 0x4
core   0: 0 0x800086a2 (0x6d11) x26 0x00004000
core   0: 0x800086a4 (0x00009e8a) c.add   t4, sp
core   0: 0 0x800086a4 (0x9e8a) x29 0xc2badc02
core   0: 0x800086a6 (0x023221b3) mulhsu  gp, tp, gp
core   0: 0 0x800086a6 (0x023221b3) x3  0x07dbdbb1
core   0: 0x800086aa (0x02b90eb3) mul     t4, s2, a1
core   0: 0 0x800086aa (0x02b90eb3) x29 0x80021e58
core   0: 0x800086ae (0x02366db3) rem     s11, a2, gp
core   0: 0 0x800086ae (0x02366db3) x27 0xfdbdb95f
core   0: 0x800086b2 (0x01079cb3) sll     s9, a5, a6
core   0: 0 0x800086b2 (0x01079cb3) x25 0x00000000
core   0: 0x800086b6 (0xd035e413) ori     s0, a1, -765
core   0: 0 0x800086b6 (0xd035e413) x8  0xffffff5b
core   0: 0x800086ba (0x00008e95) c.sub   a3, a3
core   0: 0 0x800086ba (0x8e95) x13 0x00000000
core   0: 0x800086bc (0x00008b86) c.mv    s7, ra
core   0: 0 0x800086bc (0x8b86) x23 0xffffffff
core   0: 0x800086be (0x00008f99) c.sub   a5, a4
core   0: 0 0x800086be (0x8f99) x15 0x00000000
core   0: 0x800086c0 (0x02dadd33) divu    s10, s5, a3
core   0: 0 0x800086c0 (0x02dadd33) x26 0xffffffff
core   0: 0x800086c4 (0x024bacb3) mulhsu  s9, s7, tp
core   0: 0 0x800086c4 (0x024bacb3) x25 0xffffffff
core   0: 0x800086c8 (0x01534a63) blt     t1, s5, pc + 20
core   0: 0 0x800086c8 (0x01534a63)
core   0: 0x800086dc (0x416a5c13) srai    s8, s4, 22
core   0: 0 0x800086dc (0x416a5c13) x24 0x00000000
core   0: 0x800086e0 (0x00a426b3) slt     a3, s0, a0
core   0: 0 0x800086e0 (0x00a426b3) x13 0x00000001
core   0: 0x800086e4 (0x02c72833) mulhsu  a6, a4, a2
core   0: 0 0x800086e4 (0x02c72833) x16 0x00000000
core   0: 0x800086e8 (0x00004225) c.li    tp, 9
core   0: 0 0x800086e8 (0x4225) x4  0x00000009
core   0: 0x800086ea (0x4ef02217) auipc   tp, 0x4ef02
core   0: 0 0x800086ea (0x4ef02217) x4  0xcef0a6ea
core   0: 0x800086ee (0x0000717d) c.addi16sp sp, -16
core   0: 0 0x800086ee (0x717d) x2  0xc2badbf3
core   0: 0x800086f0 (0x00000001) c.nop
core   0: 0 0x800086f0 (0x0001)
core   0: 0x800086f2 (0x0000852e) c.mv    a0, a1
core   0: 0 0x800086f2 (0x852e) x10 0x80021e58
core   0: 0x800086f4 (0x0142d463) bge     t0, s4, pc + 8
core   0: 0 0x800086f4 (0x0142d463)
core   0: 0x800086f8 (0x0064f463) bgeu    s1, t1, pc + 8
core   0: 0 0x800086f8 (0x0064f463)
core   0: 0x80008700 (0x676f52b7) lui     t0, 0x676f5
core   0: 0 0x80008700 (0x676f52b7) x5  0x676f5000
core   0: 0x80008704 (0x3aa0b993) sltiu   s3, ra, 938
core   0: 0 0x80008704 (0x3aa0b993) x19 0x00000000
core   0: 0x80008708 (0x01624eb3) xor     t4, tp, s6
core   0: 0 0x80008708 (0x01624eb3) x29 0x210f6705
core   0: 0x8000870c (0x03b4f463) bgeu    s1, s11, pc + 40
core   0: 0 0x8000870c (0x03b4f463)
core   0: 0x80008710 (0x9ead8513) addi    a0, s11, -1558
core   0: 0 0x80008710 (0x9ead8513) x10 0xfdbdb349
core   0: 0x80008714 (0x03620433) mul     s0, tp, s6
core   0: 0 0x80008714 (0x03620433) x8  0x59983e76
core   0: 0x80008718 (0x000092a6) c.add   t0, s1
core   0: 0 0x80008718 (0x92a6) x5  0x676f5000
core   0: 0x8000871a (0x01bdea63) bltu    s11, s11, pc + 20
core   0: 0 0x8000871a (0x01bdea63)
core   0: 0x8000871e (0x00000c12) c.slli  s8, 4
core   0: 0 0x8000871e (0x0c12) x24 0x00000000
core   0: 0x80008720 (0x47853a93) sltiu   s5, a0, 1144
core   0: 0 0x80008720 (0x47853a93) x21 0x00000000
core   0: 0x80008724 (0x00008c81) c.sub   s1, s0
core   0: 0 0x80008724 (0x8c81) x9  0xa667c18a
core   0: 0x80008726 (0x0000100f) fence.i
core   0: 0 0x80008726 (0x0000100f)
core   0: 0x8000872a (0x0077c133) xor     sp, a5, t2
core   0: 0 0x8000872a (0x0077c133) x2  0x3abad74e
core   0: 0x8000872e (0x0000100f) fence.i
core   0: 0 0x8000872e (0x0000100f)
core   0: 0x80008732 (0x00000001) c.nop
core   0: 0 0x80008732 (0x0001)
core   0: 0x80008734 (0x0000100f) fence.i
core   0: 0 0x80008734 (0x0000100f)
core   0: 0x80008738 (0x015379b3) and     s3, t1, s5
core   0: 0 0x80008738 (0x015379b3) x19 0x00000000
core   0: 0x8000873c (0x01dea233) slt     tp, t4, t4
core   0: 0 0x8000873c (0x01dea233) x4  0x00000000
core   0: 0x80008740 (0x00009b7d) c.andi  a4, -1
core   0: 0 0x80008740 (0x9b7d) x14 0x00000000
core   0: 0x80008742 (0x00008686) c.mv    a3, ra
core   0: 0 0x80008742 (0x8686) x13 0xffffffff
core   0: 0x80008744 (0x0ff0000f) fence   iorw,iorw
core   0: 0 0x80008744 (0x0ff0000f)
core   0: 0x80008748 (0x0000ea95) c.bnez  a3, pc + 52
core   0: 0 0x80008748 (0xea95)
core   0: 0x8000877c (0x0000968e) c.add   a3, gp
core   0: 0 0x8000877c (0x968e) x13 0x07dbdbb0
core   0: 0x8000877e (0x00008e2e) c.mv    t3, a1
core   0: 0 0x8000877e (0x8e2e) x28 0x80021e58
core   0: 0x80008780 (0x0000717d) c.addi16sp sp, -16
core   0: 0 0x80008780 (0x717d) x2  0x3abad73e
core   0: 0x80008782 (0x00008e6d) c.and   a2, a1
core   0: 0 0x80008782 (0x8e6d) x12 0x80021a00
core   0: 0x80008784 (0x40808733) sub     a4, ra, s0
core   0: 0 0x80008784 (0x40808733) x14 0xa667c189
core   0: 0x80008788 (0x02744133) div     sp, s0, t2
core   0: 0 0x80008788 (0x02744133) x2  0x00000001
core   0: 0x8000878c (0x0119d613) srli    a2, s3, 17
core   0: 0 0x8000878c (0x0119d613) x12 0x00000000
core   0: 0x80008790 (0x01607433) and     s0, zero, s6
core   0: 0 0x80008790 (0x01607433) x8  0x00000000
core   0: 0x80008794 (0x00000001) c.nop
core   0: 0 0x80008794 (0x0001)
core   0: 0x80008796 (0x00006e5d) c.lui   t3, 0x17
core   0: 0 0x80008796 (0x6e5d) x28 0x00017000
core   0: 0x80008798 (0x03f55433) divu    s0, a0, t6
core   0: 0 0x80008798 (0x03f55433) x8  0x00000001
core   0: 0x8000879c (0x0000615d) c.addi16sp sp, 432
core   0: 0 0x8000879c (0x615d) x2  0x000001b1
core   0: 0x8000879e (0x027396b3) mulh    a3, t2, t2
core   0: 0 0x8000879e (0x027396b3) x13 0x0d7931ec
core   0: 0x800087a2 (0x01b04a63) blt     zero, s11, pc + 20
core   0: 0 0x800087a2 (0x01b04a63)
core   0: 0x800087a6 (0x00004ebd) c.li    t4, 15
core   0: 0 0x800087a6 (0x4ebd) x29 0x0000000f
core   0: 0x800087a8 (0x000001dd) c.addi  gp, 23
core   0: 0 0x800087a8 (0x01dd) x3  0x07dbdbc8
core   0: 0x800087aa (0x0167d193) srli    gp, a5, 22
core   0: 0 0x800087aa (0x0167d193) x3  0x00000000
core   0: 0x800087ae (0x1f77f913) andi    s2, a5, 503
core   0: 0 0x800087ae (0x1f77f913) x18 0x00000000
core   0: 0x800087b2 (0x4a0eb193) sltiu   gp, t4, 1184
core   0: 0 0x800087b2 (0x4a0eb193) x3  0x00000001
core   0: 0x800087b6 (0x011c6263) bltu    s8, a7, pc + 4
core   0: 0 0x800087b6 (0x011c6263)
core   0: 0x800087ba (0x00008ec1) c.or    a3, s0
core   0: 0 0x800087ba (0x8ec1) x13 0x0d7931ed
core   0: 0x800087bc (0x40a7d893) srai    a7, a5, 10
core   0: 0 0x800087bc (0x40a7d893) x17 0x00000000
core   0: 0x800087c0 (0x016f7a63) bgeu    t5, s6, pc + 20
core   0: 0 0x800087c0 (0x016f7a63)
core   0: 0x800087c4 (0x02b84863) blt     a6, a1, pc + 48
core   0: 0 0x800087c4 (0x02b84863)
core   0: 0x800087c8 (0x40f60433) sub     s0, a2, a5
core   0: 0 0x800087c8 (0x40f60433) x8  0x00000000
core   0: 0x800087cc (0x033dd8b3) divu    a7, s11, s3
core   0: 0 0x800087cc (0x033dd8b3) x17 0xffffffff
core   0: 0x800087d0 (0x00008ccd) c.or    s1, a1
core   0: 0 0x800087d0 (0x8ccd) x9  0xa667dfda
core   0: 0x800087d2 (0x00009b72) c.add   s6, t3
core   0: 0 0x800087d2 (0x9b72) x22 0xf00131ef
core   0: 0x800087d4 (0x00008eed) c.and   a3, a1
core   0: 0 0x800087d4 (0x8eed) x13 0x00001048
core   0: 0x800087d6 (0x00009a12) c.add   s4, tp
core   0: 0 0x800087d6 (0x9a12) x20 0x00000001
core   0: 0x800087d8 (0x000080e1) c.srli  s1, 24
core   0: 0 0x800087d8 (0x80e1) x9  0x000000a6
core   0: 0x800087da (0x0247cf33) div     t5, a5, tp
core   0: 0 0x800087da (0x0247cf33) x30 0xffffffff
core   0: 0x800087de (0x00006c0d) c.lui   s8, 0x3
core   0: 0 0x800087de (0x6c0d) x24 0x00003000
core   0: 0x800087e0 (0x313f7193) andi    gp, t5, 787
core   0: 0 0x800087e0 (0x313f7193) x3  0x00000313
core   0: 0x800087e4 (0x00000001) c.nop
core   0: 0 0x800087e4 (0x0001)
core   0: 0x800087e6 (0x00000539) c.addi  a0, 14
core   0: 0 0x800087e6 (0x0539) x10 0xfdbdb357
core   0: 0x800087e8 (0x0ff0000f) fence   iorw,iorw
core   0: 0 0x800087e8 (0x0ff0000f)
core   0: 0x800087ec (0x02502e37) lui     t3, 0x2502
core   0: 0 0x800087ec (0x02502e37) x28 0x02502000
core   0: 0x800087f0 (0x0262e533) rem     a0, t0, t1
core   0: 0 0x800087f0 (0x0262e533) x10 0x676f5000
core   0: 0x800087f4 (0x02d9d463) bge     s3, a3, pc + 40
core   0: 0 0x800087f4 (0x02d9d463)
core   0: 0x800087f8 (0x000056fd) c.li    a3, -1
core   0: 0 0x800087f8 (0x56fd) x13 0xffffffff
core   0: 0x800087fa (0x00f91633) sll     a2, s2, a5
core   0: 0 0x800087fa (0x00f91633) x12 0x00000000
core   0: 0x800087fe (0x00008311) c.srli  a4, 4
core   0: 0 0x800087fe (0x8311) x14 0x0a667c18
core   0: 0x80008800 (0x009957b3) srl     a5, s2, s1
core   0: 0 0x80008800 (0x009957b3) x15 0x00000000
core   0: 0x80008804 (0x000051fd) c.li    gp, -1
core   0: 0 0x80008804 (0x51fd) x3  0xffffffff
core   0: 0x80008806 (0x0039e233) or      tp, s3, gp
core   0: 0 0x80008806 (0x0039e233) x4  0xffffffff
core   0: 0x8000880a (0xff262d13) slti    s10, a2, -14
core   0: 0 0x8000880a (0xff262d13) x26 0x00000000
core   0: 0x8000880e (0x00009cd2) c.add   s9, s4
core   0: 0 0x8000880e (0x9cd2) x25 0x00000000
core   0: 0x80008810 (0x0000100f) fence.i
core   0: 0 0x80008810 (0x0000100f)
core   0: 0x80008814 (0x042ad163) bge     s5, sp, pc + 66
core   0: 0 0x80008814 (0x042ad163)
core   0: 0x80008818 (0xace90393) addi    t2, s2, -1330
core   0: 0 0x80008818 (0xace90393) x7  0xffffface
core   0: 0x8000881c (0x051be463) bltu    s7, a7, pc + 72
core   0: 0 0x8000881c (0x051be463)
core   0: 0x80008820 (0x00008c3d) c.xor   s0, a5
core   0: 0 0x80008820 (0x8c3d) x8  0x00000000
core   0: 0x80008822 (0x00d61c93) slli    s9, a2, 13
core   0: 0 0x80008822 (0x00d61c93) x25 0x00000000
core   0: 0x80008826 (0x00de59b3) srl     s3, t3, a3
core   0: 0 0x80008826 (0x00de59b3) x19 0x00000000
core   0: 0x8000882a (0x02628533) mul     a0, t0, t1
core   0: 0 0x8000882a (0x02628533) x10 0x00000000
core   0: 0x8000882e (0x01ee5633) srl     a2, t3, t5
core   0: 0 0x8000882e (0x01ee5633) x12 0x00000000
core   0: 0x80008832 (0x00008fe1) c.and   a5, s0
core   0: 0 0x80008832 (0x8fe1) x15 0x00000000
core   0: 0x80008834 (0x0133ee33) or      t3, t2, s3
core   0: 0 0x80008834 (0x0133ee33) x28 0xffffface
core   0: 0x80008838 (0x00008f89) c.sub   a5, a0
core   0: 0 0x80008838 (0x8f89) x15 0x00000000
core   0: 0x8000883a (0x008bebb3) or      s7, s7, s0
core   0: 0 0x8000883a (0x008bebb3) x23 0xffffffff
core   0: 0x8000883e (0x02344433) div     s0, s0, gp
core   0: 0 0x8000883e (0x02344433) x8  0x00000000
core   0: 0x80008842 (0xddd70a13) addi    s4, a4, -547
core   0: 0 0x80008842 (0xddd70a13) x20 0x0a6679f5
core   0: 0x80008846 (0x02a98a33) mul     s4, s3, a0
core   0: 0 0x80008846 (0x02a98a33) x20 0x00000000
core   0: 0x8000884a (0x00c3bc33) sltu    s8, t2, a2
core   0: 0 0x8000884a (0x00c3bc33) x24 0x00000000
core   0: 0x8000884e (0x328ab613) sltiu   a2, s5, 808
core   0: 0 0x8000884e (0x328ab613) x12 0x00000001
core   0: 0x80008852 (0x01c15e33) srl     t3, sp, t3
core   0: 0 0x80008852 (0x01c15e33) x28 0x00000000
core   0: 0x80008856 (0x007982b3) add     t0, s3, t2
core   0: 0 0x80008856 (0x007982b3) x5  0xffffface
core   0: 0x8000885a (0x00008c95) c.sub   s1, a3
core   0: 0 0x8000885a (0x8c95) x9  0x000000a7
core   0: 0x8000885c (0x01ed47b3) xor     a5, s10, t5
core   0: 0 0x8000885c (0x01ed47b3) x15 0xffffffff
core   0: 0x80008860 (0x63cf7793) andi    a5, t5, 1596
core   0: 0 0x80008860 (0x63cf7793) x15 0x0000063c
core   0: 0x80008864 (0x0471d163) bge     gp, t2, pc + 66
core   0: 0 0x80008864 (0x0471d163)
core   0: 0x800088a6 (0x20368e93) addi    t4, a3, 515
core   0: 0 0x800088a6 (0x20368e93) x29 0x00000202
core   0: 0x800088aa (0x02f6ed33) rem     s10, a3, a5
core   0: 0 0x800088aa (0x02f6ed33) x26 0xffffffff
core   0: 0x800088ae (0x03e48c63) beq     s1, t5, pc + 56
core   0: 0 0x800088ae (0x03e48c63)
core   0: 0x800088b2 (0x014daeb3) slt     t4, s11, s4
core   0: 0 0x800088b2 (0x014daeb3) x29 0x00000001
core   0: 0x800088b6 (0x01bba933) slt     s2, s7, s11
core   0: 0 0x800088b6 (0x01bba933) x18 0x00000000
core   0: 0x800088ba (0x00000eda) c.slli  t4, 22
core   0: 0 0x800088ba (0x0eda) x29 0x00400000
core   0: 0x800088bc (0x0000922e) c.add   tp, a1
core   0: 0 0x800088bc (0x922e) x4  0x80021e57
core   0: 0x800088be (0x01b59263) bne     a1, s11, pc + 4
core   0: 0 0x800088be (0x01b59263)
core   0: 0x800088c2 (0x000084fa) c.mv    s1, t5
core   0: 0 0x800088c2 (0x84fa) x9  0xffffffff
core   0: 0x800088c4 (0x00000d88) c.addi4spn a0, sp, 720
core   0: 0 0x800088c4 (0x0d88) x10 0x00000481
core   0: 0x800088c6 (0x00009c8a) c.add   s9, sp
core   0: 0 0x800088c6 (0x9c8a) x25 0x000001b1
core   0: 0x800088c8 (0x0301bbb3) mulhu   s7, gp, a6
core   0: 0 0x800088c8 (0x0301bbb3) x23 0x00000000
core   0: 0x800088cc (0x00000c94) c.addi4spn a3, sp, 592
core   0: 0 0x800088cc (0x0c94) x13 0x00000401
core   0: 0x800088ce (0x01b85013) srli    zero, a6, 27
core   0: 0 0x800088ce (0x01b85013)
core   0: 0x800088d2 (0x02b48bb3) mul     s7, s1, a1
core   0: 0 0x800088d2 (0x02b48bb3) x23 0x7ffde1a8
core   0: 0x800088d6 (0x036bd763) bge     s7, s6, pc + 46
core   0: 0 0x800088d6 (0x036bd763)
core   0: 0x80008904 (0x00008c39) c.xor   s0, a4
core   0: 0 0x80008904 (0x8c39) x8  0x0a667c18
core   0: 0x80008906 (0x0000cd1d) c.beqz  a0, pc + 62
core   0: 0 0x80008906 (0xcd1d)
core   0: 0x80008908 (0x00000001) c.nop
core   0: 0 0x80008908 (0x0001)
core   0: 0x8000890a (0x00000c1c) c.addi4spn a5, sp, 528
core   0: 0 0x8000890a (0x0c1c) x15 0x000003c1
core   0: 0x8000890c (0xa2077b37) lui     s6, 0xa2077
core   0: 0 0x8000890c (0xa2077b37) x22 0xa2077000
core   0: 0x80008910 (0x0ff0000f) fence   iorw,iorw
core   0: 0 0x80008910 (0x0ff0000f)
core   0: 0x80008914 (0x004d1013) slli    zero, s10, 4
core   0: 0 0x80008914 (0x004d1013)
core   0: 0x80008918 (0x03d02533) mulhsu  a0, zero, t4
core   0: 0 0x80008918 (0x03d02533) x10 0x00000000
core   0: 0x8000891c (0x0000cb89) c.beqz  a5, pc + 18
core   0: 0 0x8000891c (0xcb89)
core   0: 0x8000891e (0x02f9ecb3) rem     s9, s3, a5
core   0: 0 0x8000891e (0x02f9ecb3) x25 0x00000000
core   0: 0x80008922 (0x02dd6663) bltu    s10, a3, pc + 44
core   0: 0 0x80008922 (0x02dd6663)
core   0: 0x80008926 (0x005bb133) sltu    sp, s7, t0
core   0: 0 0x80008926 (0x005bb133) x2  0x00000001
core   0: 0x8000892a (0x0000717d) c.addi16sp sp, -16
core   0: 0 0x8000892a (0x717d) x2  0xfffffff1
core   0: 0x8000892c (0x00004f59) c.li    t5, 22
core   0: 0 0x8000892c (0x4f59) x30 0x00000016
core   0: 0x8000892e (0xaa77a713) slti    a4, a5, -1369
core   0: 0 0x8000892e (0xaa77a713) x14 0x00000000
core   0: 0x80008932 (0x00008d7d) c.and   a0, a5
core   0: 0 0x80008932 (0x8d7d) x10 0x00000000
core   0: 0x80008934 (0xff9aa897) auipc   a7, 0xff9aa
core   0: 0 0x80008934 (0xff9aa897) x17 0x7f9b2934
core   0: 0x80008938 (0x01fd5c93) srli    s9, s10, 31
core   0: 0 0x80008938 (0x01fd5c93) x25 0x00000001
core   0: 0x8000893c (0x0047de63) bge     a5, tp, pc + 28
core   0: 0 0x8000893c (0x0047de63)
core   0: 0x80008958 (0x00f01233) sll     tp, zero, a5
core   0: 0 0x80008958 (0x00f01233) x4  0x00000000
core   0: 0x8000895c (0x000084c6) c.mv    s1, a7
core   0: 0 0x8000895c (0x84c6) x9  0x7f9b2934
core   0: 0x8000895e (0x023b9e33) mulh    t3, s7, gp
core   0: 0 0x8000895e (0x023b9e33) x28 0xffffffff
core   0: 0x80008962 (0x0124ba33) sltu    s4, s1, s2
core   0: 0 0x80008962 (0x0124ba33) x20 0x00000000
core   0: 0x80008966 (0x0000ce91) c.beqz  a3, pc + 28
core   0: 0 0x80008966 (0xce91)
core   0: 0x80008968 (0xeee68137) lui     sp, 0xeee68
core   0: 0 0x80008968 (0xeee68137) x2  0xeee68000
core   0: 0x8000896c (0x00f63833) sltu    a6, a2, a5
core   0: 0 0x8000896c (0x00f63833) x16 0x00000001
core   0: 0x80008970 (0x00009b7d) c.andi  a4, -1
core   0: 0 0x80008970 (0x9b7d) x14 0x00000000
core   0: 0x80008972 (0x0278dd33) divu    s10, a7, t2
core   0: 0 0x80008972 (0x0278dd33) x26 0x00000000
core   0: 0x80008976 (0x4248be13) sltiu   t3, a7, 1060
core   0: 0 0x80008976 (0x4248be13) x28 0x00000000
core   0: 0x8000897a (0x00008c7d) c.and   s0, a5
core   0: 0 0x8000897a (0x8c7d) x8  0x00000000
core   0: 0x8000897c (0x000092c6) c.add   t0, a7
core   0: 0 0x8000897c (0x92c6) x5  0x7f9b2402
core   0: 0x8000897e (0x0000100f) fence.i
core   0: 0 0x8000897e (0x0000100f)
core   0: 0x80008982 (0x0ff0000f) fence   iorw,iorw
core   0: 0 0x80008982 (0x0ff0000f)
core   0: 0x80008986 (0x024dd433) divu    s0, s11, tp
core   0: 0 0x80008986 (0x024dd433) x8  0xffffffff
core   0: 0x8000898a (0x419704b3) sub     s1, a4, s9
core   0: 0 0x8000898a (0x419704b3) x9  0xffffffff
core   0: 0x8000898e (0x00b31ab3) sll     s5, t1, a1
core   0: 0 0x8000898e (0x00b31ab3) x21 0x00000000
core   0: 0x80008992 (0xe1e48e13) addi    t3, s1, -482
core   0: 0 0x80008992 (0xe1e48e13) x28 0xfffffe1d
core   0: 0x80008996 (0x039384b3) mul     s1, t2, s9
core   0: 0 0x80008996 (0x039384b3) x9  0xffffface
core   0: 0x8000899a (0x0000611d) c.addi16sp sp, 416
core   0: 0 0x8000899a (0x611d) x2  0xeee681a0
core   0: 0x8000899c (0x00001998) c.addi4spn a4, sp, 240
core   0: 0 0x8000899c (0x1998) x14 0xeee68290
core   0: 0x8000899e (0x0249a9b3) mulhsu  s3, s3, tp
core   0: 0 0x8000899e (0x0249a9b3) x19 0x00000000
core   0: 0x800089a2 (0x401686b3) sub     a3, a3, ra
core   0: 0 0x800089a2 (0x401686b3) x13 0x00000402
core   0: 0x800089a6 (0x0ff0000f) fence   iorw,iorw
core   0: 0 0x800089a6 (0x0ff0000f)
core   0: 0x800089aa (0x00000001) c.nop
core   0: 0 0x800089aa (0x0001)
core   0: 0x800089ac (0x00cc0933) add     s2, s8, a2
core   0: 0 0x800089ac (0x00cc0933) x18 0x00000001
core   0: 0x800089b0 (0x02d72a33) mulhsu  s4, a4, a3
core   0: 0 0x800089b0 (0x02d72a33) x20 0xffffffbb
core   0: 0x800089b4 (0x03001bb3) mulh    s7, zero, a6
core   0: 0 0x800089b4 (0x03001bb3) x23 0x00000000
core   0: 0x800089b8 (0x035127b3) mulhsu  a5, sp, s5
core   0: 0 0x800089b8 (0x035127b3) x15 0x00000000
core   0: 0x800089bc (0x027b33b3) mulhu   t2, s6, t2
core   0: 0 0x800089bc (0x027b33b3) x7  0xa2076cb6
core   0: 0x800089c0 (0x03026533) rem     a0, tp, a6
core   0: 0 0x800089c0 (0x03026533) x10 0x00000000
core   0: 0x800089c4 (0x012b4e63) blt     s6, s2, pc + 28
core   0: 0 0x800089c4 (0x012b4e63)
core   0: 0x800089e0 (0x0000853d) c.srai  a0, 15
core   0: 0 0x800089e0 (0x853d) x10 0x00000000
core   0: 0x800089e2 (0x41cb0633) sub     a2, s6, t3
core   0: 0 0x800089e2 (0x41cb0633) x12 0xa20771e3
core   0: 0x800089e6 (0x0000147d) c.addi  s0, -1
core   0: 0 0x800089e6 (0x147d) x8  0xfffffffe
core   0: 0x800089e8 (0x010a0b63) beq     s4, a6, pc + 22
core   0: 0 0x800089e8 (0x010a0b63)
core   0: 0x800089ec (0x025e5c33) divu    s8, t3, t0
core   0: 0 0x800089ec (0x025e5c33) x24 0x00000002
core   0: 0x800089f0 (0x0000577d) c.li    a4, -1
core   0: 0 0x800089f0 (0x577d) x14 0xffffffff
core   0: 0x800089f2 (0xac546113) ori     sp, s0, -1339
core   0: 0 0x800089f2 (0xac546113) x2  0xffffffff
core   0: 0x800089f6 (0x01390bb3) add     s7, s2, s3
core   0: 0 0x800089f6 (0x01390bb3) x23 0x00000001
core   0: 0x800089fa (0x03260363) beq     a2, s2, pc + 38
core   0: 0 0x800089fa (0x03260363)
core   0: 0x800089fe (0x026db833) mulhu   a6, s11, t1
core   0: 0 0x800089fe (0x026db833) x16 0x00000000
core   0: 0x80008a02 (0x41ce52b3) sra     t0, t3, t3
core   0: 0 0x80008a02 (0x41ce52b3) x5  0xffffffff
core   0: 0x80008a06 (0x00009bfd) c.andi  a5, -1
core   0: 0 0x80008a06 (0x9bfd) x15 0x00000000
core   0: 0x80008a08 (0x000082b9) c.srli  a3, 14
core   0: 0 0x80008a08 (0x82b9) x13 0x00000000
core   0: 0x80008a0a (0x00000001) c.nop
core   0: 0 0x80008a0a (0x0001)
core   0: 0x80008a0c (0xe696bb93) sltiu   s7, a3, -407
core   0: 0 0x80008a0c (0xe696bb93) x23 0x00000001
core   0: 0x80008a10 (0x00008321) c.srli  a4, 8
core   0: 0 0x80008a10 (0x8321) x14 0x00ffffff
core   0: 0x80008a12 (0xfab6cb13) xori    s6, a3, -85
core   0: 0 0x80008a12 (0xfab6cb13) x22 0xffffffab
core   0: 0x80008a16 (0x9a78b193) sltiu   gp, a7, -1625
core   0: 0 0x80008a16 (0x9a78b193) x3  0x00000001
core   0: 0x80008a1a (0x00009b7d) c.andi  a4, -1
core   0: 0 0x80008a1a (0x9b7d) x14 0x00ffffff
core   0: 0x80008a1c (0x33cf2513) slti    a0, t5, 828
core   0: 0 0x80008a1c (0x33cf2513) x10 0x00000001
core   0: 0x80008a20 (0x00c46b63) bltu    s0, a2, pc + 22
core   0: 0 0x80008a20 (0x00c46b63)
core   0: 0x80008a24 (0xdd7f6693) ori     a3, t5, -553
core   0: 0 0x80008a24 (0xdd7f6693) x13 0xfffffdd7
core   0: 0x80008a28 (0xf0d1f113) andi    sp, gp, -243
core   0: 0 0x80008a28 (0xf0d1f113) x2  0x00000001
core   0: 0x80008a2c (0x00008d05) c.sub   a0, s1
core   0: 0 0x80008a2c (0x8d05) x10 0x00000533
core   0: 0x80008a2e (0x4182d833) sra     a6, t0, s8
core   0: 0 0x80008a2e (0x4182d833) x16 0xffffffff
core   0: 0x80008a32 (0x00fffc63) bgeu    t6, a5, pc + 24
core   0: 0 0x80008a32 (0x00fffc63)
core   0: 0x80008a4a (0x411fd213) srai    tp, t6, 17
core   0: 0 0x80008a4a (0x411fd213) x4  0xffffc001
core   0: 0x80008a4e (0x03a57ab3) remu    s5, a0, s10
core   0: 0 0x80008a4e (0x03a57ab3) x21 0x00000533
core   0: 0x80008a52 (0x000083e9) c.srli  a5, 26
core   0: 0 0x80008a52 (0x83e9) x15 0x00000000
core   0: 0x80008a54 (0x01529493) slli    s1, t0, 21
core   0: 0 0x80008a54 (0x01529493) x9  0xffe00000
core   0: 0x80008a58 (0x005e5d13) srli    s10, t3, 5
core   0: 0 0x80008a58 (0x005e5d13) x26 0x07fffff0
core   0: 0x80008a5c (0x01aaa8b3) slt     a7, s5, s10
core   0: 0 0x80008a5c (0x01aaa8b3) x17 0x00000001
core   0: 0x80008a60 (0x01fe8263) beq     t4, t6, pc + 4
core   0: 0 0x80008a60 (0x01fe8263)
core   0: 0x80008a64 (0x1f5ea113) slti    sp, t4, 501
core   0: 0 0x80008a64 (0x1f5ea113) x2  0x00000000
core   0: 0x80008a68 (0x0000717d) c.addi16sp sp, -16
core   0: 0 0x80008a68 (0x717d) x2  0xfffffff0
core   0: 0x80008a6a (0x1b6f2b93) slti    s7, t5, 438
core   0: 0 0x80008a6a (0x1b6f2b93) x23 0x00000001
core   0: 0x80008a6e (0x00000c84) c.addi4spn s1, sp, 592
core   0: 0 0x80008a6e (0x0c84) x9  0x00000240
core   0: 0x80008a70 (0x41deda33) sra     s4, t4, t4
core   0: 0 0x80008a70 (0x41deda33) x20 0x00400000
core   0: 0x80008a74 (0x012cbf33) sltu    t5, s9, s2
core   0: 0 0x80008a74 (0x012cbf33) x30 0x00000000
core   0: 0x80008a78 (0x0076d263) bge     a3, t2, pc + 4
core   0: 0 0x80008a78 (0x0076d263)
core   0: 0x80008a7c (0x00006441) c.lui   s0, 0x10
core   0: 0 0x80008a7c (0x6441) x8  0x00010000
core   0: 0x80008a7e (0x00073133) sltu    sp, a4, zero
core   0: 0 0x80008a7e (0x00073133) x2  0x00000000
core   0: 0x80008a82 (0x035100b3) mul     ra, sp, s5
core   0: 0 0x80008a82 (0x035100b3) x1  0x00000000
core   0: 0x80008a86 (0x03e49bb3) mulh    s7, s1, t5
core   0: 0 0x80008a86 (0x03e49bb3) x23 0x00000000
core   0: 0x80008a8a (0x87058893) addi    a7, a1, -1936
core   0: 0 0x80008a8a (0x87058893) x17 0x800216c8
core   0: 0x80008a8e (0x3a626293) ori     t0, tp, 934
core   0: 0 0x80008a8e (0x3a626293) x5  0xffffc3a7
core   0: 0x80008a92 (0x01b32133) slt     sp, t1, s11
core   0: 0 0x80008a92 (0x01b32133) x2  0x00000000
core   0: 0x80008a96 (0x00b75e93) srli    t4, a4, 11
core   0: 0 0x80008a96 (0x00b75e93) x29 0x00001fff
core   0: 0x80008a9a (0x02ead533) divu    a0, s5, a4
core   0: 0 0x80008a9a (0x02ead533) x10 0x00000000
core   0: 0x80008a9e (0x022f7a63) bgeu    t5, sp, pc + 52
core   0: 0 0x80008a9e (0x022f7a63)
core   0: 0x80008ad2 (0xb55e08b7) lui     a7, 0xb55e0
core   0: 0 0x80008ad2 (0xb55e08b7) x17 0xb55e0000
core   0: 0x80008ad6 (0x01e1e1b3) or      gp, gp, t5
core   0: 0 0x80008ad6 (0x01e1e1b3) x3  0x00000001
core   0: 0x80008ada (0x01cc1893) slli    a7, s8, 28
core   0: 0 0x80008ada (0x01cc1893) x17 0x20000000
core   0: 0x80008ade (0x76e90c17) auipc   s8, 0x76e90
core   0: 0 0x80008ade (0x76e90c17) x24 0xf6e98ade
core   0: 0x80008ae2 (0x035de163) bltu    s11, s5, pc + 34
core   0: 0 0x80008ae2 (0x035de163)
core   0: 0x80008ae6 (0x01b1a4b3) slt     s1, gp, s11
core   0: 0 0x80008ae6 (0x01b1a4b3) x9  0x00000000
core   0: 0x80008aea (0x006baab3) slt     s5, s7, t1
core   0: 0 0x80008aea (0x006baab3) x21 0x00000000
core   0: 0x80008aee (0x0000c39d) c.beqz  a5, pc + 38
core   0: 0 0x80008aee (0xc39d)
core   0: 0x80008b14 (0x41d4dd33) sra     s10, s1, t4
core   0: 0 0x80008b14 (0x41d4dd33) x26 0x00000000
core   0: 0x80008b18 (0x0ff0000f) fence   iorw,iorw
core   0: 0 0x80008b18 (0x0ff0000f)
core   0: 0x80008b1c (0x00769b63) bne     a3, t2, pc + 22
core   0: 0 0x80008b1c (0x00769b63)
core   0: 0x80008b32 (0x00008c45) c.or    s0, s1
core   0: 0 0x80008b32 (0x8c45) x8  0x00010000
core   0: 0x80008b34 (0x01ef1133) sll     sp, t5, t5
core   0: 0 0x80008b34 (0x01ef1133) x2  0x00000000
core   0: 0x80008b38 (0x00008555) c.srai  a0, 21
core   0: 0 0x80008b38 (0x8555) x10 0x00000000
core   0: 0x80008b3a (0x01b62833) slt     a6, a2, s11
core   0: 0 0x80008b3a (0x01b62833) x16 0x00000001
core   0: 0x80008b3e (0x00e41033) sll     zero, s0, a4
core   0: 0 0x80008b3e (0x00e41033)
core   0: 0x80008b42 (0x01ba5993) srli    s3, s4, 27
core   0: 0 0x80008b42 (0x01ba5993) x19 0x00000000
core   0: 0x80008b46 (0x418cdeb3) sra     t4, s9, s8
core   0: 0 0x80008b46 (0x418cdeb3) x29 0x00000000
core   0: 0x80008b4a (0xbcec7913) andi    s2, s8, -1074
core   0: 0 0x80008b4a (0xbcec7913) x18 0xf6e98ace
core   0: 0x80008b4e (0x01c76933) or      s2, a4, t3
core   0: 0 0x80008b4e (0x01c76933) x18 0xffffffff
core   0: 0x80008b52 (0x00000001) c.nop
core   0: 0 0x80008b52 (0x0001)
core   0: 0x80008b54 (0x00008c01) c.sub   s0, s0
core   0: 0 0x80008b54 (0x8c01) x8  0x00000000
core   0: 0x80008b56 (0x00008cad) c.xor   s1, a1
core   0: 0 0x80008b56 (0x8cad) x9  0x80021e58
core   0: 0x80008b58 (0x01109813) slli    a6, ra, 17
core   0: 0 0x80008b58 (0x01109813) x16 0x00000000
core   0: 0x80008b5c (0x00000001) c.nop
core   0: 0 0x80008b5c (0x0001)
core   0: 0x80008b5e (0x41f7d033) sra     zero, a5, t6
core   0: 0 0x80008b5e (0x41f7d033)
core   0: 0x80008b62 (0x000e0d33) add     s10, t3, zero
core   0: 0 0x80008b62 (0x000e0d33) x26 0xfffffe1d
core   0: 0x80008b66 (0x0000c69d) c.beqz  a3, pc + 46
core   0: 0 0x80008b66 (0xc69d)
core   0: 0x80008b68 (0x003614b3) sll     s1, a2, gp
core   0: 0 0x80008b68 (0x003614b3) x9  0x440ee3c6
core   0: 0x80008b6c (0x00000001) c.nop
core   0: 0 0x80008b6c (0x0001)
core   0: 0x80008b6e (0x6dfc3913) sltiu   s2, s8, 1759
core   0: 0 0x80008b6e (0x6dfc3913) x18 0x00000000
core   0: 0x80008b72 (0x00008f3d) c.xor   a4, a5
core   0: 0 0x80008b72 (0x8f3d) x14 0x00ffffff
core   0: 0x80008b74 (0x00008539) c.srai  a0, 14
core   0: 0 0x80008b74 (0x8539) x10 0x00000000
core   0: 0x80008b76 (0x00768bb3) add     s7, a3, t2
core   0: 0 0x80008b76 (0x00768bb3) x23 0xa2076a8d
core   0: 0x80008b7a (0x015987b3) add     a5, s3, s5
core   0: 0 0x80008b7a (0x015987b3) x15 0x00000000
core   0: 0x80008b7e (0x03a85c33) divu    s8, a6, s10
core   0: 0 0x80008b7e (0x03a85c33) x24 0x00000000
core   0: 0x80008b82 (0x000054fd) c.li    s1, -1
core   0: 0 0x80008b82 (0x54fd) x9  0xffffffff
core   0: 0x80008b84 (0x03b7ac33) mulhsu  s8, a5, s11
core   0: 0 0x80008b84 (0x03b7ac33) x24 0x00000000
core   0: 0x80008b88 (0x0142d193) srli    gp, t0, 20
core   0: 0 0x80008b88 (0x0142d193) x3  0x00000fff
core   0: 0x80008b8c (0x9eaee513) ori     a0, t4, -1558
core   0: 0 0x80008b8c (0x9eaee513) x10 0xfffff9ea
core   0: 0x80008b90 (0xa792be13) sltiu   t3, t0, -1415
core   0: 0 0x80008b90 (0xa792be13) x28 0x00000001
core   0: 0x80008b94 (0x0000100f) fence.i
core   0: 0 0x80008b94 (0x0000100f)
core   0: 0x80008b98 (0x00008e2d) c.xor   a2, a1
core   0: 0 0x80008b98 (0x8e2d) x12 0x22056fbb
core   0: 0x80008b9a (0x02f8f0b3) remu    ra, a7, a5
core   0: 0 0x80008b9a (0x02f8f0b3) x1  0x20000000
core   0: 0x80008b9e (0x024a0833) mul     a6, s4, tp
core   0: 0 0x80008b9e (0x024a0833) x16 0x00400000
core   0: 0x80008ba2 (0x00008cb9) c.xor   s1, a4
core   0: 0 0x80008ba2 (0x8cb9) x9  0xff000000
core   0: 0x80008ba4 (0x00021a63) bnez    tp, pc + 20
core   0: 0 0x80008ba4 (0x00021a63)
core   0: 0x80008bb8 (0x01c29463) bne     t0, t3, pc + 8
core   0: 0 0x80008bb8 (0x01c29463)
core   0: 0x80008bc0 (0x01b75ab3) srl     s5, a4, s11
core   0: 0 0x80008bc0 (0x01b75ab3) x21 0x00000000
core   0: 0x80008bc4 (0x01bfc4b3) xor     s1, t6, s11
core   0: 0 0x80008bc4 (0x01bfc4b3) x9  0x7dbfe5bb
core   0: 0x80008bc8 (0x02827133) remu    sp, tp, s0
core   0: 0 0x80008bc8 (0x02827133) x2  0xffffc001
core   0: 0x80008bcc (0x0034ef33) or      t5, s1, gp
core   0: 0 0x80008bcc (0x0034ef33) x30 0x7dbfefff
core   0: 0x80008bd0 (0x01fe54b3) srl     s1, t3, t6
core   0: 0 0x80008bd0 (0x01fe54b3) x9  0x00000000
core   0: 0x80008bd4 (0x03d03e33) mulhu   t3, zero, t4
core   0: 0 0x80008bd4 (0x03d03e33) x28 0x00000000
core   0: 0x80008bd8 (0x0546e263) bltu    a3, s4, pc + 68
core   0: 0 0x80008bd8 (0x0546e263)
core   0: 0x80008bdc (0x0060da63) bge     ra, t1, pc + 20
core   0: 0 0x80008bdc (0x0060da63)
core   0: 0x80008bf0 (0x0000080d) c.addi  a6, 3
core   0: 0 0x80008bf0 (0x080d) x16 0x00400003
core   0: 0x80008bf2 (0x03aa6563) bltu    s4, s10, pc + 42
core   0: 0 0x80008bf2 (0x03aa6563)
core   0: 0x80008c1c (0x023110b3) mulh    ra, sp, gp
core   0: 0 0x80008c1c (0x023110b3) x1  0xffffffff
core   0: 0x80008c20 (0x03257633) remu    a2, a0, s2
core   0: 0 0x80008c20 (0x03257633) x12 0xfffff9ea
core   0: 0x80008c24 (0x27d64913) xori    s2, a2, 637
core   0: 0 0x80008c24 (0x27d64913) x18 0xfffffb97
core   0: 0x80008c28 (0x99bfbb13) sltiu   s6, t6, -1637
core   0: 0 0x80008c28 (0x99bfbb13) x22 0x00000001
core   0: 0x80008c2c (0x00004b8d) c.li    s7, 3
core   0: 0 0x80008c2c (0x4b8d) x23 0x00000003
core   0: 0x80008c2e (0x0ff0000f) fence   iorw,iorw
core   0: 0 0x80008c2e (0x0ff0000f)
core   0: 0x80008c32 (0x01970133) add     sp, a4, s9
core   0: 0 0x80008c32 (0x01970133) x2  0x01000000
core   0: 0x80008c36 (0x00f94c63) blt     s2, a5, pc + 24
core   0: 0 0x80008c36 (0x00f94c63)
core   0: 0x80008c4e (0x96ffa6ef) jal     a3, pc - 0x5692
core   0: 0 0x80008c4e (0x96ffa6ef) x13 0x80008c52
core   0: 0x800035bc (0x034f4ab3) div     s5, t5, s4
core   0: 0 0x800035bc (0x034f4ab3) x21 0x000001f6
core   0: 0x800035c0 (0xfc858593) addi    a1, a1, -56
core   0: 0 0x800035c0 (0xfc858593) x11 0x80021e20
core   0: 0x800035c4 (0x2835ab13) slti    s6, a1, 643
core   0: 0 0x800035c4 (0x2835ab13) x22 0x00000001
core   0: 0x800035c8 (0x01b693b3) sll     t2, a3, s11
core   0: 0 0x800035c8 (0x01b693b3) x7  0x00000000
core   0: 0x800035cc (0x0000c1d4) c.sw    a3, 4(a1)
core   0: 0 0x800035cc (0xc1d4) mem 0x80021e24 0x80008c52
core   0: 0x800035ce (0x00008c21) c.xor   s0, s0
core   0: 0 0x800035ce (0x8c21) x8  0x00000000
core   0: 0x800035d0 (0x00000001) c.nop
core   0: 0 0x800035d0 (0x0001)
core   0: 0x800035d2 (0x00008d61) c.and   a0, s0
core   0: 0 0x800035d2 (0x8d61) x10 0x00000000
core   0: 0x800035d4 (0x403e5913) srai    s2, t3, 3
core   0: 0 0x800035d4 (0x403e5913) x18 0x00000000
core   0: 0x800035d8 (0x01715863) bge     sp, s7, pc + 16
core   0: 0 0x800035d8 (0x01715863)
core   0: 0x800035e8 (0x001c60b3) or      ra, s8, ra
core   0: 0 0x800035e8 (0x001c60b3) x1  0xffffffff
core   0: 0x800035ec (0x03f31463) bne     t1, t6, pc + 40
core   0: 0 0x800035ec (0x03f31463)
core   0: 0x80003614 (0x00000001) c.nop
core   0: 0 0x80003614 (0x0001)
core   0: 0x80003616 (0x00000e18) c.addi4spn a4, sp, 784
core   0: 0 0x80003616 (0x0e18) x14 0x01000310
core   0: 0x80003618 (0x00005afd) c.li    s5, -1
core   0: 0 0x80003618 (0x5afd) x21 0xffffffff
core   0: 0x8000361a (0x00000001) c.nop
core   0: 0 0x8000361a (0x0001)
core   0: 0x8000361c (0x02e57063) bgeu    a0, a4, pc + 32
core   0: 0 0x8000361c (0x02e57063)
core   0: 0x80003620 (0x793cfd93) andi    s11, s9, 1939
core   0: 0 0x80003620 (0x793cfd93) x27 0x00000001
core   0: 0x80003624 (0x00b04a33) xor     s4, zero, a1
core   0: 0 0x80003624 (0x00b04a33) x20 0x80021e20
core   0: 0x80003628 (0x00000bb6) c.slli  s7, 13
core   0: 0 0x80003628 (0x0bb6) x23 0x00006000
core   0: 0x8000362a (0x00008fc1) c.or    a5, s0
core   0: 0 0x8000362a (0x8fc1) x15 0x00000000
core   0: 0x8000362c (0x018a70b3) and     ra, s4, s8
core   0: 0 0x8000362c (0x018a70b3) x1  0x00000000
core   0: 0x80003630 (0x00008e5e) c.mv    t3, s7
core   0: 0 0x80003630 (0x8e5e) x28 0x00006000
core   0: 0x80003632 (0x000067e5) c.lui   a5, 0x19
core   0: 0 0x80003632 (0x67e5) x15 0x00019000
core   0: 0x80003634 (0x00008f25) c.xor   a4, s1
core   0: 0 0x80003634 (0x8f25) x14 0x01000310
core   0: 0x80003636 (0xf10c2e93) slti    t4, s8, -240
core   0: 0 0x80003636 (0xf10c2e93) x29 0x00000000
core   0: 0x8000363a (0x00006141) c.addi16sp sp, 16
core   0: 0 0x8000363a (0x6141) x2  0x01000010
core   0: 0x8000363c (0x00000b88) c.addi4spn a0, sp, 464
core   0: 0 0x8000363c (0x0b88) x10 0x010001e0
core   0: 0x8000363e (0x0000717d) c.addi16sp sp, -16
core   0: 0 0x8000363e (0x717d) x2  0x01000000
core   0: 0x80003640 (0x017e0eb3) add     t4, t3, s7
core   0: 0 0x80003640 (0x017e0eb3) x29 0x0000c000
core   0: 0x80003644 (0x00000e36) c.slli  t3, 13
core   0: 0 0x80003644 (0x0e36) x28 0x0c000000
core   0: 0x80003646 (0x02124463) blt     tp, ra, pc + 40
core   0: 0 0x80003646 (0x02124463)
core   0: 0x8000366e (0x00006685) c.lui   a3, 0x1
core   0: 0 0x8000366e (0x6685) x13 0x00001000
core   0: 0x80003670 (0xecbcf213) andi    tp, s9, -309
core   0: 0 0x80003670 (0xecbcf213) x4  0x00000001
core   0: 0x80003674 (0x00272b33) slt     s6, a4, sp
core   0: 0 0x80003674 (0x00272b33) x22 0x00000000
core   0: 0x80003678 (0x0000805d) c.srli  s0, 23
core   0: 0 0x80003678 (0x805d) x8  0x00000000
core   0: 0x8000367a (0x03082c33) mulhsu  s8, a6, a6
core   0: 0 0x8000367a (0x03082c33) x24 0x00001000
core   0: 0x8000367e (0x0352c763) blt     t0, s5, pc + 46
core   0: 0 0x8000367e (0x0352c763)
core   0: 0x800036ac (0x01d66a33) or      s4, a2, t4
core   0: 0 0x800036ac (0x01d66a33) x20 0xfffff9ea
core   0: 0x800036b0 (0x00008d51) c.or    a0, a2
core   0: 0 0x800036b0 (0x8d51) x10 0xfffff9ea
core   0: 0x800036b2 (0x0000cb9d) c.beqz  a5, pc + 54
core   0: 0 0x800036b2 (0xcb9d)
core   0: 0x800036b4 (0x00009afd) c.andi  a3, -1
core   0: 0 0x800036b4 (0x9afd) x13 0x00001000
core   0: 0x800036b6 (0x03459633) mulh    a2, a1, s4
core   0: 0 0x800036b6 (0x03459633) x12 0x0000030a
core   0: 0x800036ba (0x00000001) c.nop
core   0: 0 0x800036ba (0x0001)
core   0: 0x800036bc (0x6f68e617) auipc   a2, 0x6f68e
core   0: 0 0x800036bc (0x6f68e617) x12 0xef6916bc
core   0: 0x800036c0 (0x00009a7d) c.andi  a2, -1
core   0: 0 0x800036c0 (0x9a7d) x12 0xef6916bc
core   0: 0x800036c2 (0x03b6ab33) mulhsu  s6, a3, s11
core   0: 0 0x800036c2 (0x03b6ab33) x22 0x00000000
core   0: 0x800036c6 (0x36806093) ori     ra, zero, 872
core   0: 0 0x800036c6 (0x36806093) x1  0x00000368
core   0: 0x800036ca (0x01cc03b3) add     t2, s8, t3
core   0: 0 0x800036ca (0x01cc03b3) x7  0x0c001000
core   0: 0x800036ce (0x67fae813) ori     a6, s5, 1663
core   0: 0 0x800036ce (0x67fae813) x16 0xffffffff
core   0: 0x800036d2 (0x416051b3) sra     gp, zero, s6
core   0: 0 0x800036d2 (0x416051b3) x3  0x00000000
core   0: 0x800036d6 (0x16716797) auipc   a5, 0x16716
core   0: 0 0x800036d6 (0x16716797) x15 0x967196d6
core   0: 0x800036da (0x01b21463) bne     tp, s11, pc + 8
core   0: 0 0x800036da (0x01b21463)
core   0: 0x800036de (0x004ac533) xor     a0, s5, tp
core   0: 0 0x800036de (0x004ac533) x10 0xfffffffe
core   0: 0x800036e2 (0x014f9293) slli    t0, t6, 20
core   0: 0 0x800036e2 (0x014f9293) x5  0xce400000
core   0: 0x800036e6 (0x00008d4d) c.or    a0, a1
core   0: 0 0x800036e6 (0x8d4d) x10 0xfffffffe
core   0: 0x800036e8 (0x00eb7933) and     s2, s6, a4
core   0: 0 0x800036e8 (0x00eb7933) x18 0x00000000
core   0: 0x800036ec (0x846dc693) xori    a3, s11, -1978
core   0: 0 0x800036ec (0x846dc693) x13 0xfffff847
core   0: 0x800036f0 (0x29e48237) lui     tp, 0x29e48
core   0: 0 0x800036f0 (0x29e48237) x4  0x29e48000
core   0: 0x800036f4 (0x036d1b63) bne     s10, s6, pc + 54
core   0: 0 0x800036f4 (0x036d1b63)
core   0: 0x8000372a (0x003fca63) blt     t6, gp, pc + 20
core   0: 0 0x8000372a (0x003fca63)
core   0: 0x8000373e (0x00a68bb3) add     s7, a3, a0
core   0: 0 0x8000373e (0x00a68bb3) x23 0xfffff845
core   0: 0x80003742 (0x019b9f13) slli    t5, s7, 25
core   0: 0 0x80003742 (0x019b9f13) x30 0x8a000000
core   0: 0x80003746 (0x00008e61) c.and   a2, s0
core   0: 0 0x80003746 (0x8e61) x12 0x00000000
core   0: 0x80003748 (0x00008fe9) c.and   a5, a0
core   0: 0 0x80003748 (0x8fe9) x15 0x967196d6
core   0: 0x8000374a (0x411009b3) sub     s3, zero, a7
core   0: 0 0x8000374a (0x411009b3) x19 0xe0000000
core   0: 0x8000374e (0x632c4f13) xori    t5, s8, 1586
core   0: 0 0x8000374e (0x632c4f13) x30 0x00001632
core   0: 0x80003752 (0x03809663) bne     ra, s8, pc + 44
core   0: 0 0x80003752 (0x03809663)
core   0: 0x8000377e (0x45fa3713) sltiu   a4, s4, 1119
core   0: 0 0x8000377e (0x45fa3713) x14 0x00000000
core   0: 0x80003782 (0x00e9d813) srli    a6, s3, 14
core   0: 0 0x80003782 (0x00e9d813) x16 0x00038000
core   0: 0x80003786 (0x40865cb3) sra     s9, a2, s0
core   0: 0 0x80003786 (0x40865cb3) x25 0x00000000
core   0: 0x8000378a (0x000066fd) c.lui   a3, 0x1f
core   0: 0 0x8000378a (0x66fd) x13 0x0001f000
core   0: 0x8000378c (0x02ac67b3) rem     a5, s8, a0
core   0: 0 0x8000378c (0x02ac67b3) x15 0x00000000
core   0: 0x80003790 (0x40c1dcb3) sra     s9, gp, a2
core   0: 0 0x80003790 (0x40c1dcb3) x25 0x00000000
core   0: 0x80003794 (0x00005c7d) c.li    s8, -1
core   0: 0 0x80003794 (0x5c7d) x24 0xffffffff
core   0: 0x80003796 (0x00ee6263) bltu    t3, a4, pc + 4
core   0: 0 0x80003796 (0x00ee6263)
core   0: 0x8000379a (0x00bf40b3) xor     ra, t5, a1
core   0: 0 0x8000379a (0x00bf40b3) x1  0x80020812
core   0: 0x8000379e (0x00008f2d) c.xor   a4, a1
core   0: 0 0x8000379e (0x8f2d) x14 0x80021e20
core   0: 0x800037a0 (0x0000100f) fence.i
core   0: 0 0x800037a0 (0x0000100f)
core   0: 0x800037a4 (0x00008cb1) c.xor   s1, a2
core   0: 0 0x800037a4 (0x8cb1) x9  0x00000000
core   0: 0x800037a6 (0x02def563) bgeu    t4, a3, pc + 42
core   0: 0 0x800037a6 (0x02def563)
core   0: 0x800037aa (0x0000846d) c.srai  s0, 27
core   0: 0 0x800037aa (0x846d) x8  0x00000000
core   0: 0x800037ac (0x031b0833) mul     a6, s6, a7
core   0: 0 0x800037ac (0x031b0833) x16 0x00000000
core   0: 0x800037b0 (0x00008ca9) c.xor   s1, a0
core   0: 0 0x800037b0 (0x8ca9) x9  0xfffffffe
core   0: 0x800037b2 (0x03706633) rem     a2, zero, s7
core   0: 0 0x800037b2 (0x03706633) x12 0x00000000
core   0: 0x800037b6 (0x40575c13) srai    s8, a4, 5
core   0: 0 0x800037b6 (0x40575c13) x24 0xfc0010f1
core   0: 0x800037ba (0x00000001) c.nop
core   0: 0 0x800037ba (0x0001)
core   0: 0x800037bc (0x01a07e63) bgeu    zero, s10, pc + 28
core   0: 0 0x800037bc (0x01a07e63)
core   0: 0x800037c0 (0x00000852) c.slli  a6, 20
core   0: 0 0x800037c0 (0x0852) x16 0x00000000
core   0: 0x800037c2 (0x00001190) c.addi4spn a2, sp, 224
core   0: 0 0x800037c2 (0x1190) x12 0x010000e0
core   0: 0x800037c4 (0x00ca8d63) beq     s5, a2, pc + 26
core   0: 0 0x800037c4 (0x00ca8d63)
core   0: 0x800037c8 (0x036a8433) mul     s0, s5, s6
core   0: 0 0x800037c8 (0x036a8433) x8  0x00000000
core   0: 0x800037cc (0x0000e899) c.bnez  s1, pc + 22
core   0: 0 0x800037cc (0xe899)
core   0: 0x800037e2 (0x00008ef5) c.and   a3, a3
core   0: 0 0x800037e2 (0x8ef5) x13 0x0001f000
core   0: 0x800037e4 (0x02972833) mulhsu  a6, a4, s1
core   0: 0 0x800037e4 (0x02972833) x16 0x80021e20
core   0: 0x800037e8 (0x00000001) c.nop
core   0: 0 0x800037e8 (0x0001)
core   0: 0x800037ea (0x21698c97) auipc   s9, 0x21698
core   0: 0 0x800037ea (0x21698c97) x25 0xa169b7ea
core   0: 0x800037ee (0x158d43b7) lui     t2, 0x158d4
core   0: 0 0x800037ee (0x158d43b7) x7  0x158d4000
core   0: 0x800037f2 (0x52e77093) andi    ra, a4, 1326
core   0: 0 0x800037f2 (0x52e77093) x1  0x00000420
core   0: 0x800037f6 (0x000080d1) c.srli  s1, 20
core   0: 0 0x800037f6 (0x80d1) x9  0x00000fff
core   0: 0x800037f8 (0x418308b3) sub     a7, t1, s8
core   0: 0 0x800037f8 (0x418308b3) x17 0x03ffef0f
core   0: 0x800037fc (0x958eed97) auipc   s11, 0x958ee
core   0: 0 0x800037fc (0x958eed97) x27 0x158f17fc
core   0: 0x80003800 (0x03200233) mul     tp, zero, s2
core   0: 0 0x80003800 (0x03200233) x4  0x00000000
core   0: 0x80003804 (0x004a39b3) sltu    s3, s4, tp
core   0: 0 0x80003804 (0x004a39b3) x19 0x00000000
core   0: 0x80003808 (0x0000717d) c.addi16sp sp, -16
core   0: 0 0x80003808 (0x717d) x2  0x00fffff0
core   0: 0x8000380a (0x01501763) bne     zero, s5, pc + 14
core   0: 0 0x8000380a (0x01501763)
core   0: 0x80003818 (0x40665eb3) sra     t4, a2, t1
core   0: 0 0x80003818 (0x40665eb3) x29 0x010000e0
core   0: 0x8000381c (0x034a17b3) mulh    a5, s4, s4
core   0: 0 0x8000381c (0x034a17b3) x15 0x00000000
core   0: 0x80003820 (0x02a96663) bltu    s2, a0, pc + 44
core   0: 0 0x80003820 (0x02a96663)
core   0: 0x8000384c (0x03c650b3) divu    ra, a2, t3
core   0: 0 0x8000384c (0x03c650b3) x1  0x00000000
core   0: 0x80003850 (0x0000876d) c.srai  a4, 27
core   0: 0 0x80003850 (0x876d) x14 0xfffffff0
core   0: 0x80003852 (0xdff0fc93) andi    s9, ra, -513
core   0: 0 0x80003852 (0xdff0fc93) x25 0x00000000
core   0: 0x80003856 (0x0340bab3) mulhu   s5, ra, s4
core   0: 0 0x80003856 (0x0340bab3) x21 0x00000000
core   0: 0x8000385a (0x00d61893) slli    a7, a2, 13
core   0: 0 0x8000385a (0x00d61893) x17 0x001c0000
core   0: 0x8000385e (0x03d373b3) remu    t2, t1, t4
core   0: 0 0x8000385e (0x03d373b3) x7  0x00000000
core   0: 0x80003862 (0xe38086b7) lui     a3, 0xe3808
core   0: 0 0x80003862 (0xe38086b7) x13 0xe3808000
core   0: 0x80003866 (0x97cde113) ori     sp, s11, -1668
core   0: 0 0x80003866 (0x97cde113) x2  0xfffffffc
core   0: 0x8000386a (0xcd6a2a93) slti    s5, s4, -810
core   0: 0 0x8000386a (0xcd6a2a93) x21 0x00000001
core   0: 0x8000386e (0x000084c1) c.srai  s1, 16
core   0: 0 0x8000386e (0x84c1) x9  0x00000000
core   0: 0x80003870 (0x0000898e) c.mv    s3, gp
core   0: 0 0x80003870 (0x898e) x19 0x00000000
core   0: 0x80003872 (0x03434563) blt     t1, s4, pc + 42
core   0: 0 0x80003872 (0x03434563)
core   0: 0x80003876 (0xd3218793) addi    a5, gp, -718
core   0: 0 0x80003876 (0xd3218793) x15 0xfffffd32
core   0: 0x8000387a (0xf018c793) xori    a5, a7, -255
core   0: 0 0x8000387a (0xf018c793) x15 0xffe3ff01
core   0: 0x8000387e (0x033989b3) mul     s3, s3, s3
core   0: 0 0x8000387e (0x033989b3) x19 0x00000000
core   0: 0x80003882 (0x0000010e) c.slli  sp, 3
core   0: 0 0x80003882 (0x010e) x2  0xffffffe0
core   0: 0x80003884 (0x03145363) bge     s0, a7, pc + 38
core   0: 0 0x80003884 (0x03145363)
core   0: 0x80003888 (0x582ca893) slti    a7, s9, 1410
core   0: 0 0x80003888 (0x582ca893) x17 0x00000001
core   0: 0x8000388c (0x00008a95) c.andi  a3, 5
core   0: 0 0x8000388c (0x8a95) x13 0x00000000
core   0: 0x8000388e (0x000080e5) c.srli  s1, 25
core   0: 0 0x8000388e (0x80e5) x9  0x00000000
core   0: 0x80003890 (0x000007be) c.slli  a5, 15
core   0: 0 0x80003890 (0x07be) x15 0xff808000
core   0: 0x80003892 (0x00008c65) c.and   s0, s1
core   0: 0 0x80003892 (0x8c65) x8  0x00000000
core   0: 0x80003894 (0x918f5c37) lui     s8, 0x918f5
core   0: 0 0x80003894 (0x918f5c37) x24 0x918f5000
core   0: 0x80003898 (0x000082b9) c.srli  a3, 14
core   0: 0 0x80003898 (0x82b9) x13 0x00000000
core   0: 0x8000389a (0x00000001) c.nop
core   0: 0 0x8000389a (0x0001)
core   0: 0x8000389c (0x00006169) c.addi16sp sp, 208
core   0: 0 0x8000389c (0x6169) x2  0x000000b0
core   0: 0x8000389e (0x016dd863) bge     s11, s6, pc + 16
core   0: 0 0x8000389e (0x016dd863)
core   0: 0x800038ae (0x00001418) c.addi4spn a4, sp, 544
core   0: 0 0x800038ae (0x1418) x14 0x000002d0
core   0: 0x800038b0 (0x00001400) c.addi4spn s0, sp, 544
core   0: 0 0x800038b0 (0x1400) x8  0x000002d0
core   0: 0x800038b2 (0x0000e699) c.bnez  a3, pc + 14
core   0: 0 0x800038b2 (0xe699)
core   0: 0x800038b4 (0x00000001) c.nop
core   0: 0 0x800038b4 (0x0001)
core   0: 0x800038b6 (0x00004b71) c.li    s6, 28
core   0: 0 0x800038b6 (0x4b71) x22 0x0000001c
core   0: 0x800038b8 (0x017a36b3) sltu    a3, s4, s7
core   0: 0 0x800038b8 (0x017a36b3) x13 0x00000000
core   0: 0x800038bc (0x012ff1b3) and     gp, t6, s2
core   0: 0 0x800038bc (0x012ff1b3) x3  0x00000000
core   0: 0x800038c0 (0x02d85e33) divu    t3, a6, a3
core   0: 0 0x800038c0 (0x02d85e33) x28 0xffffffff
core   0: 0x800038c4 (0x0169f963) bgeu    s3, s6, pc + 18
core   0: 0 0x800038c4 (0x0169f963)
core   0: 0x800038c8 (0xe6bdc413) xori    s0, s11, -405
core   0: 0 0x800038c8 (0xe6bdc413) x8  0xea70e997
core   0: 0x800038cc (0x00000001) c.nop
core   0: 0 0x800038cc (0x0001)
core   0: 0x800038ce (0x41a0d693) srai    a3, ra, 26
core   0: 0 0x800038ce (0x41a0d693) x13 0x00000000
core   0: 0x800038d2 (0x0334a033) mulhsu  zero, s1, s3
core   0: 0 0x800038d2 (0x0334a033)
core   0: 0x800038d6 (0x17684813) xori    a6, a6, 374
core   0: 0 0x800038d6 (0x17684813) x16 0x80021f56
core   0: 0x800038da (0x00706cb3) or      s9, zero, t2
core   0: 0 0x800038da (0x00706cb3) x25 0x00000000
core   0: 0x800038de (0x96887e13) andi    t3, a6, -1688
core   0: 0 0x800038de (0x96887e13) x28 0x80021940
core   0: 0x800038e2 (0x0172ee33) or      t3, t0, s7
core   0: 0 0x800038e2 (0x0172ee33) x28 0xfffff845
core   0: 0x800038e6 (0x000058fd) c.li    a7, -1
core   0: 0 0x800038e6 (0x58fd) x17 0xffffffff
core   0: 0x800038e8 (0x0030c263) blt     ra, gp, pc + 4
core   0: 0 0x800038e8 (0x0030c263)
core   0: 0x800038ec (0x087fb913) sltiu   s2, t6, 135
core   0: 0 0x800038ec (0x087fb913) x18 0x00000000
core   0: 0x800038f0 (0x021e0bb3) mul     s7, t3, ra
core   0: 0 0x800038f0 (0x021e0bb3) x23 0x00000000
core   0: 0x800038f4 (0x02c2a1b3) mulhsu  gp, t0, a2
core   0: 0 0x800038f4 (0x02c2a1b3) x3  0xffce3fd4
core   0: 0x800038f8 (0x02a082b3) mul     t0, ra, a0
core   0: 0 0x800038f8 (0x02a082b3) x5  0x00000000
core   0: 0x800038fc (0x41db5e93) srai    t4, s6, 29
core   0: 0 0x800038fc (0x41db5e93) x29 0x00000000
core   0: 0x80003900 (0xb47deb13) ori     s6, s11, -1209
core   0: 0 0x80003900 (0xb47deb13) x22 0xffffffff
core   0: 0x80003904 (0x00000188) c.addi4spn a0, sp, 192
core   0: 0 0x80003904 (0x0188) x10 0x00000170
core   0: 0x80003906 (0x028374b3) remu    s1, t1, s0
core   0: 0 0x80003906 (0x028374b3) x9  0x00000000
core   0: 0x8000390a (0x1008e213) ori     tp, a7, 256
core   0: 0 0x8000390a (0x1008e213) x4  0xffffffff
core   0: 0x8000390e (0x0032da93) srli    s5, t0, 3
core   0: 0 0x8000390e (0x0032da93) x21 0x00000000
core   0: 0x80003912 (0x3f430713) addi    a4, t1, 1012
core   0: 0 0x80003912 (0x3f430713) x14 0x000003f4
core   0: 0x80003916 (0x03f7eab3) rem     s5, a5, t6
core   0: 0 0x80003916 (0x03f7eab3) x21 0xff808000
core   0: 0x8000391a (0x00008af1) c.andi  a3, 28
core   0: 0 0x8000391a (0x8af1) x13 0x00000000
core   0: 0x8000391c (0x00000001) c.nop
core   0: 0 0x8000391c (0x0001)
core   0: 0x8000391e (0x00008d69) c.and   a0, a0
core   0: 0 0x8000391e (0x8d69) x10 0x00000170
core   0: 0x80003920 (0x02811363) bne     sp, s0, pc + 38
core   0: 0 0x80003920 (0x02811363)
core   0: 0x80003946 (0x01d8f513) andi    a0, a7, 29
core   0: 0 0x80003946 (0x01d8f513) x10 0x0000001d
core   0: 0x8000394a (0x00008d1d) c.sub   a0, a5
core   0: 0 0x8000394a (0x8d1d) x10 0x007f801d
core   0: 0x8000394c (0x0000187d) c.addi  a6, -1
core   0: 0 0x8000394c (0x187d) x16 0x80021f55
core   0: 0x8000394e (0x00008bcd) c.andi  a5, 19
core   0: 0 0x8000394e (0x8bcd) x15 0x00000000
core   0: 0x80003950 (0x03cf1b63) bne     t5, t3, pc + 54
core   0: 0 0x80003950 (0x03cf1b63)
core   0: 0x80003986 (0x00001b1c) c.addi4spn a5, sp, 432
core   0: 0 0x80003986 (0x1b1c) x15 0x00000260
core   0: 0x80003988 (0x00008e2d) c.xor   a2, a1
core   0: 0 0x80003988 (0x8e2d) x12 0x81021ec0
core   0: 0x8000398a (0x085d6013) ori     zero, s10, 133
core   0: 0 0x8000398a (0x085d6013)
core   0: 0x8000398e (0x02f0ff33) remu    t5, ra, a5
core   0: 0 0x8000398e (0x02f0ff33) x30 0x00000000
core   0: 0x80003992 (0x0246c6b3) div     a3, a3, tp
core   0: 0 0x80003992 (0x0246c6b3) x13 0x00000000
core   0: 0x80003996 (0x0307eab3) rem     s5, a5, a6
core   0: 0 0x80003996 (0x0307eab3) x21 0x00000260
core   0: 0x8000399a (0x000003a5) c.addi  t2, 9
core   0: 0 0x8000399a (0x03a5) x7  0x00000009
core   0: 0x8000399c (0x01657763) bgeu    a0, s6, pc + 14
core   0: 0 0x8000399c (0x01657763)
core   0: 0x800039a0 (0x025dcd63) blt     s11, t0, pc + 58
core   0: 0 0x800039a0 (0x025dcd63)
core   0: 0x800039a4 (0x0160a533) slt     a0, ra, s6
core   0: 0 0x800039a4 (0x0160a533) x10 0x00000000
core   0: 0x800039a8 (0x00008e01) c.sub   a2, s0
core   0: 0 0x800039a8 (0x8e01) x12 0x96913529
core   0: 0x800039aa (0x5e0f0d93) addi    s11, t5, 1504
core   0: 0 0x800039aa (0x5e0f0d93) x27 0x000005e0
core   0: 0x800039ae (0xe7d66993) ori     s3, a2, -387
core   0: 0 0x800039ae (0xe7d66993) x19 0xffffff7d
core   0: 0x800039b2 (0x00ed6833) or      a6, s10, a4
core   0: 0 0x800039b2 (0x00ed6833) x16 0xfffffffd
core   0: 0x800039b6 (0x245a3013) sltiu   zero, s4, 581
core   0: 0 0x800039b6 (0x245a3013)
core   0: 0x800039ba (0x00008541) c.srai  a0, 16
core   0: 0 0x800039ba (0x8541) x10 0x00000000
core   0: 0x800039bc (0x00004e29) c.li    t3, 10
core   0: 0 0x800039bc (0x4e29) x28 0x0000000a
core   0: 0x800039be (0x00008e71) c.and   a2, a2
core   0: 0 0x800039be (0x8e71) x12 0x96913529
core   0: 0x800039c0 (0x03a55633) divu    a2, a0, s10
core   0: 0 0x800039c0 (0x03a55633) x12 0x00000000
core   0: 0x800039c4 (0x0000557d) c.li    a0, -1
core   0: 0 0x800039c4 (0x557d) x10 0xffffffff
core   0: 0x800039c6 (0x03448f63) beq     s1, s4, pc + 62
core   0: 0 0x800039c6 (0x03448f63)
core   0: 0x800039ca (0x00008d3d) c.xor   a0, a5
core   0: 0 0x800039ca (0x8d3d) x10 0xfffffd9f
core   0: 0x800039cc (0x0f9d1f17) auipc   t5, 0xf9d1
core   0: 0 0x800039cc (0x0f9d1f17) x30 0x8f9d49cc
core   0: 0x800039d0 (0x00008291) c.srli  a3, 4
core   0: 0 0x800039d0 (0x8291) x13 0x00000000
core   0: 0x800039d2 (0x0322b833) mulhu   a6, t0, s2
core   0: 0 0x800039d2 (0x0322b833) x16 0x00000000
core   0: 0x800039d6 (0x0045ed63) bltu    a1, tp, pc + 26
core   0: 0 0x800039d6 (0x0045ed63)
core   0: 0x800039f0 (0x0000e79d) c.bnez  a5, pc + 46
core   0: 0 0x800039f0 (0xe79d)
core   0: 0x80003a1e (0x00009bfd) c.andi  a5, -1
core   0: 0 0x80003a1e (0x9bfd) x15 0x00000260
core   0: 0x80003a20 (0x00008e05) c.sub   a2, s1
core   0: 0 0x80003a20 (0x8e05) x12 0x00000000
core   0: 0x80003a22 (0x41025e13) srai    t3, tp, 16
core   0: 0 0x80003a22 (0x41025e13) x28 0xffffffff
core   0: 0x80003a26 (0x031babb3) mulhsu  s7, s7, a7
core   0: 0 0x80003a26 (0x031babb3) x23 0x00000000
core   0: 0x80003a2a (0x01379f63) bne     a5, s3, pc + 30
core   0: 0 0x80003a2a (0x01379f63)
core   0: 0x80003a48 (0x00000001) c.nop
core   0: 0 0x80003a48 (0x0001)
core   0: 0x80003a4a (0x0000cd11) c.beqz  a0, pc + 28
core   0: 0 0x80003a4a (0xcd11)
core   0: 0x80003a4c (0x00000b12) c.slli  s6, 4
core   0: 0 0x80003a4c (0x0b12) x22 0xfffffff0
core   0: 0x80003a4e (0x00006d49) c.lui   s10, 0x12
core   0: 0 0x80003a4e (0x6d49) x26 0x00012000
core   0: 0x80003a50 (0x03800263) beq     zero, s8, pc + 36
core   0: 0 0x80003a50 (0x03800263)
core   0: 0x80003a54 (0x00008cf9) c.and   s1, a4
core   0: 0 0x80003a54 (0x8cf9) x9  0x00000000
core   0: 0x80003a56 (0x019b19b3) sll     s3, s6, s9
core   0: 0 0x80003a56 (0x019b19b3) x19 0xfffffff0
core   0: 0x80003a5a (0x0ff0000f) fence   iorw,iorw
core   0: 0 0x80003a5a (0x0ff0000f)
core   0: 0x80003a5e (0x00008d09) c.sub   a0, a0
core   0: 0 0x80003a5e (0x8d09) x10 0x00000000
core   0: 0x80003a60 (0x00c3e633) or      a2, t2, a2
core   0: 0 0x80003a60 (0x00c3e633) x12 0x00000009
core   0: 0x80003a64 (0x0000131c) c.addi4spn a5, sp, 416
core   0: 0 0x80003a64 (0x131c) x15 0x00000250
core   0: 0x80003a66 (0x422a0793) addi    a5, s4, 1058
core   0: 0 0x80003a66 (0x422a0793) x15 0xfffffe0c
core   0: 0x80003a6a (0x00000001) c.nop
core   0: 0 0x80003a6a (0x0001)
core   0: 0x80003a6c (0x46234e97) auipc   t4, 0x46234
core   0: 0 0x80003a6c (0x46234e97) x29 0xc6237a6c
core   0: 0x80003a70 (0x021010b3) mulh    ra, zero, ra
core   0: 0 0x80003a70 (0x021010b3) x1  0x00000000
core   0: 0x80003a74 (0x009da9b3) slt     s3, s11, s1
core   0: 0 0x80003a74 (0x009da9b3) x19 0x00000000
core   0: 0x80003a78 (0x00d9c363) blt     s3, a3, pc + 6
core   0: 0 0x80003a78 (0x00d9c363)
core   0: 0x80003a7c (0x00008fa9) c.xor   a5, a0
core   0: 0 0x80003a7c (0x8fa9) x15 0xfffffe0c
core   0: 0x80003a7e (0xc22ff613) andi    a2, t6, -990
core   0: 0 0x80003a7e (0xc22ff613) x12 0x80025c20
core   0: 0x80003a82 (0x00b254b3) srl     s1, tp, a1
core   0: 0 0x80003a82 (0x00b254b3) x9  0xffffffff
core   0: 0x80003a86 (0x00004f59) c.li    t5, 22
core   0: 0 0x80003a86 (0x4f59) x30 0x00000016
core   0: 0x80003a88 (0x0145c463) blt     a1, s4, pc + 8
core   0: 0 0x80003a88 (0x0145c463)
core   0: 0x80003a90 (0x413b83b3) sub     t2, s7, s3
core   0: 0 0x80003a90 (0x413b83b3) x7  0x00000000
core   0: 0x80003a94 (0x00001afd) c.addi  s5, -1
core   0: 0 0x80003a94 (0x1afd) x21 0x0000025f
core   0: 0x80003a96 (0xeb0b0c37) lui     s8, 0xeb0b0
core   0: 0 0x80003a96 (0xeb0b0c37) x24 0xeb0b0000
core   0: 0x80003a9a (0x00000c45) c.addi  s8, 17
core   0: 0 0x80003a9a (0x0c45) x24 0xeb0b0011
core   0: 0x80003a9c (0x03b83133) mulhu   sp, a6, s11
core   0: 0 0x80003a9c (0x03b83133) x2  0x00000000
core   0: 0x80003aa0 (0x000069d1) c.lui   s3, 0x14
core   0: 0 0x80003aa0 (0x69d1) x19 0x00014000
core   0: 0x80003aa2 (0x023dea33) rem     s4, s11, gp
core   0: 0 0x80003aa2 (0x023dea33) x20 0x000005e0
core   0: 0x80003aa6 (0x03e90a33) mul     s4, s2, t5
core   0: 0 0x80003aa6 (0x03e90a33) x20 0x00000000
core   0: 0x80003aaa (0x000068b9) c.lui   a7, 0xe
core   0: 0 0x80003aaa (0x68b9) x17 0x0000e000
core   0: 0x80003aac (0x0000e81d) c.bnez  s0, pc + 54
core   0: 0 0x80003aac (0xe81d)
core   0: 0x80003ae2 (0x00000001) c.nop
core   0: 0 0x80003ae2 (0x0001)
core   0: 0x80003ae4 (0x0ff0000f) fence   iorw,iorw
core   0: 0 0x80003ae4 (0x0ff0000f)
core   0: 0x80003ae8 (0x006ead33) slt     s10, t4, t1
core   0: 0 0x80003ae8 (0x006ead33) x26 0x00000001
core   0: 0x80003aec (0x012fbab3) sltu    s5, t6, s2
core   0: 0 0x80003aec (0x012fbab3) x21 0x00000000
core   0: 0x80003af0 (0x00865d33) srl     s10, a2, s0
core   0: 0 0x80003af0 (0x00865d33) x26 0x00000100
core   0: 0x80003af4 (0x007a37b3) sltu    a5, s4, t2
core   0: 0 0x80003af4 (0x007a37b3) x15 0x00000000
core   0: 0x80003af8 (0x0ee24793) xori    a5, tp, 238
core   0: 0 0x80003af8 (0x0ee24793) x15 0xffffff11
core   0: 0x80003afc (0x00001894) c.addi4spn a3, sp, 112
core   0: 0 0x80003afc (0x1894) x13 0x00000070
core   0: 0x80003afe (0x02862d33) mulhsu  s10, a2, s0
core   0: 0 0x80003afe (0x02862d33) x26 0x8ac9b474
core   0: 0x80003b02 (0x035baab3) mulhsu  s5, s7, s5
core   0: 0 0x80003b02 (0x035baab3) x21 0x00000000
core   0: 0x80003b06 (0x02197563) bgeu    s2, ra, pc + 42
core   0: 0 0x80003b06 (0x02197563)
core   0: 0x80003b30 (0x000b4133) xor     sp, s6, zero
core   0: 0 0x80003b30 (0x000b4133) x2  0xfffffff0
core   0: 0x80003b34 (0x008db733) sltu    a4, s11, s0
core   0: 0 0x80003b34 (0x008db733) x14 0x00000001
core   0: 0x80003b38 (0xd67bfa13) andi    s4, s7, -665
core   0: 0 0x80003b38 (0xd67bfa13) x20 0x00000000
core   0: 0x80003b3c (0x00006685) c.lui   a3, 0x1
core   0: 0 0x80003b3c (0x6685) x13 0x00001000
core   0: 0x80003b3e (0x0000ce0d) c.beqz  a2, pc + 58
core   0: 0 0x80003b3e (0xce0d)
core   0: 0x80003b40 (0x01dffc63) bgeu    t6, t4, pc + 24
core   0: 0 0x80003b40 (0x01dffc63)
core   0: 0x80003b44 (0x0000cb8d) c.beqz  a5, pc + 50
core   0: 0 0x80003b44 (0xcb8d)
core   0: 0x80003b46 (0x02f26163) bltu    tp, a5, pc + 34
core   0: 0 0x80003b46 (0x02f26163)
core   0: 0x80003b4a (0x4125deb3) sra     t4, a1, s2
core   0: 0 0x80003b4a (0x4125deb3) x29 0x80021e20
core   0: 0x80003b4e (0x98ddf793) andi    a5, s11, -1651
core   0: 0 0x80003b4e (0x98ddf793) x15 0x00000180
core   0: 0x80003b52 (0x02d683b3) mul     t2, a3, a3
core   0: 0 0x80003b52 (0x02d683b3) x7  0x01000000
core   0: 0x80003b56 (0x00008fed) c.and   a5, a1
core   0: 0 0x80003b56 (0x8fed) x15 0x00000000
core   0: 0x80003b58 (0x0086dd13) srli    s10, a3, 8
core   0: 0 0x80003b58 (0x0086dd13) x26 0x00000010
core   0: 0x80003b5c (0x0226f733) remu    a4, a3, sp
core   0: 0 0x80003b5c (0x0226f733) x14 0x00001000
core   0: 0x80003b60 (0x013461b3) or      gp, s0, s3
core   0: 0 0x80003b60 (0x013461b3) x3  0xea71e997
core   0: 0x80003b64 (0x032c8033) mul     zero, s9, s2
core   0: 0 0x80003b64 (0x032c8033)
core   0: 0x80003b68 (0x41685113) srai    sp, a6, 22
core   0: 0 0x80003b68 (0x41685113) x2  0x00000000
core   0: 0x80003b6c (0x01790ab3) add     s5, s2, s7
core   0: 0 0x80003b6c (0x01790ab3) x21 0x00000000
core   0: 0x80003b70 (0x00006d71) c.lui   s10, 0x1c
core   0: 0 0x80003b70 (0x6d71) x26 0x0001c000
core   0: 0x80003b72 (0x02537263) bgeu    t1, t0, pc + 36
core   0: 0 0x80003b72 (0x02537263)
core   0: 0x80003b96 (0x00000001) c.nop
core   0: 0 0x80003b96 (0x0001)
core   0: 0x80003b98 (0x00008e45) c.or    a2, s1
core   0: 0 0x80003b98 (0x8e45) x12 0xffffffff
core   0: 0x80003b9a (0x0000e889) c.bnez  s1, pc + 18
core   0: 0 0x80003b9a (0xe889)
core   0: 0x80003bac (0x03ad3933) mulhu   s2, s10, s10
core   0: 0 0x80003bac (0x03ad3933) x18 0x00000003
core   0: 0x80003bb0 (0x03200d63) beq     zero, s2, pc + 58
core   0: 0 0x80003bb0 (0x03200d63)
core   0: 0x80003bb4 (0x00001b10) c.addi4spn a2, sp, 432
core   0: 0 0x80003bb4 (0x1b10) x12 0x000001b0
core   0: 0x80003bb6 (0x01295693) srli    a3, s2, 18
core   0: 0 0x80003bb6 (0x01295693) x13 0x00000000
core   0: 0x80003bba (0xa25b7a13) andi    s4, s6, -1499
core   0: 0 0x80003bba (0xa25b7a13) x20 0xfffffa20
core   0: 0x80003bbe (0x00008e81) c.sub   a3, s0
core   0: 0 0x80003bbe (0x8e81) x13 0x158f1669
core   0: 0x80003bc0 (0x00008c05) c.sub   s0, s1
core   0: 0 0x80003bc0 (0x8c05) x8  0xea70e998
core   0: 0x80003bc2 (0x01105713) srli    a4, zero, 17
core   0: 0 0x80003bc2 (0x01105713) x14 0x00000000
core   0: 0x80003bc6 (0x4e01ae93) slti    t4, gp, 1248
core   0: 0 0x80003bc6 (0x4e01ae93) x29 0x00000001
core   0: 0x80003bca (0x01099193) slli    gp, s3, 16
core   0: 0 0x80003bca (0x01099193) x3  0x40000000
core   0: 0x80003bce (0xd160b7b7) lui     a5, 0xd160b
core   0: 0 0x80003bce (0xd160b7b7) x15 0xd160b000
core   0: 0x80003bd2 (0x000096d6) c.add   a3, s5
core   0: 0 0x80003bd2 (0x96d6) x13 0x158f1669
core   0: 0x80003bd4 (0x0ff0000f) fence   iorw,iorw
core   0: 0 0x80003bd4 (0x0ff0000f)
core   0: 0x80003bd8 (0xfc75aa17) auipc   s4, 0xfc75a
core   0: 0 0x80003bd8 (0xfc75aa17) x20 0x7c75dbd8
core   0: 0x80003bdc (0x00000f2e) c.slli  t5, 11
core   0: 0 0x80003bdc (0x0f2e) x30 0x0000b000
core   0: 0x80003bde (0x02bede33) divu    t3, t4, a1
core   0: 0 0x80003bde (0x02bede33) x28 0x00000000
core   0: 0x80003be2 (0x02063b33) mulhu   s6, a2, zero
core   0: 0 0x80003be2 (0x02063b33) x22 0x00000000
core   0: 0x80003be6 (0x031d06b3) mul     a3, s10, a7
core   0: 0 0x80003be6 (0x031d06b3) x13 0x88000000
core   0: 0x80003bea (0x7a3d1537) lui     a0, 0x7a3d1
core   0: 0 0x80003bea (0x7a3d1537) x10 0x7a3d1000
core   0: 0x80003bee (0xb2704213) xori    tp, zero, -1241
core   0: 0 0x80003bee (0xb2704213) x4  0xfffffb27
core   0: 0x80003bf2 (0x00008d39) c.xor   a0, a4
core   0: 0 0x80003bf2 (0x8d39) x10 0x7a3d1000
core   0: 0x80003bf4 (0x0335d633) divu    a2, a1, s3
core   0: 0 0x80003bf4 (0x0335d633) x12 0x00006668
core   0: 0x80003bf8 (0x43c2c193) xori    gp, t0, 1084
core   0: 0 0x80003bf8 (0x43c2c193) x3  0x0000043c
core   0: 0x80003bfc (0x000080b9) c.srli  s1, 14
core   0: 0 0x80003bfc (0x80b9) x9  0x0003ffff
core   0: 0x80003bfe (0x00dd5363) bge     s10, a3, pc + 6
core   0: 0 0x80003bfe (0x00dd5363)
core   0: 0x80003c04 (0x012fdc13) srli    s8, t6, 18
core   0: 0 0x80003c04 (0x012fdc13) x24 0x00002000
core   0: 0x80003c08 (0x40abd413) srai    s0, s7, 10
core   0: 0 0x80003c08 (0x40abd413) x8  0x00000000
core   0: 0x80003c0c (0x02dd92b3) mulh    t0, s11, a3
core   0: 0 0x80003c0c (0x02dd92b3) x5  0xfffffd3f
core   0: 0x80003c10 (0x00008c2d) c.xor   s0, a1
core   0: 0 0x80003c10 (0x8c2d) x8  0x80021e20
core   0: 0x80003c12 (0x0000717d) c.addi16sp sp, -16
core   0: 0 0x80003c12 (0x717d) x2  0xfffffff0
core   0: 0x80003c14 (0x0118f263) bgeu    a7, a7, pc + 4
core   0: 0 0x80003c14 (0x0118f263)
core   0: 0x80003c18 (0x05bf9163) bne     t6, s11, pc + 66
core   0: 0 0x80003c18 (0x05bf9163)
core   0: 0x80003c5a (0x02976933) rem     s2, a4, s1
core   0: 0 0x80003c5a (0x02976933) x18 0x00000000
core   0: 0x80003c5e (0x00009636) c.add   a2, a3
core   0: 0 0x80003c5e (0x9636) x12 0x88006668
core   0: 0x80003c60 (0x00008765) c.srai  a4, 25
core   0: 0 0x80003c60 (0x8765) x14 0x00000000
core   0: 0x80003c62 (0x00000001) c.nop
core   0: 0 0x80003c62 (0x0001)
core   0: 0x80003c64 (0x05f7d463) bge     a5, t6, pc + 72
core   0: 0 0x80003c64 (0x05f7d463)
core   0: 0x80003cac (0xd67fb813) sltiu   a6, t6, -665
core   0: 0 0x80003cac (0xd67fb813) x16 0x00000001
core   0: 0x80003cb0 (0x00008492) c.mv    s1, tp
core   0: 0 0x80003cb0 (0x8492) x9  0xfffffb27
core   0: 0x80003cb2 (0x01f323b3) slt     t2, t1, t6
core   0: 0 0x80003cb2 (0x01f323b3) x7  0x00000000
core   0: 0x80003cb6 (0x0209ed33) rem     s10, s3, zero
core   0: 0 0x80003cb6 (0x0209ed33) x26 0x00014000
core   0: 0x80003cba (0x00009e52) c.add   t3, s4
core   0: 0 0x80003cba (0x9e52) x28 0x7c75dbd8
core   0: 0x80003cbc (0x01187033) and     zero, a6, a7
core   0: 0 0x80003cbc (0x01187033)
core   0: 0x80003cc0 (0x00008c05) c.sub   s0, s1
core   0: 0 0x80003cc0 (0x8c05) x8  0x800222f9
core   0: 0x80003cc2 (0x00008e65) c.and   a2, s1
core   0: 0 0x80003cc2 (0x8e65) x12 0x88006220
core   0: 0x80003cc4 (0xeb142493) slti    s1, s0, -335
core   0: 0 0x80003cc4 (0xeb142493) x9  0x00000001
core   0: 0x80003cc8 (0x0000e90d) c.bnez  a0, pc + 50
core   0: 0 0x80003cc8 (0xe90d)
core   0: 0x80003cfa (0x00008c45) c.or    s0, s1
core   0: 0 0x80003cfa (0x8c45) x8  0x800222f9
core   0: 0x80003cfc (0x00008eb9) c.xor   a3, a4
core   0: 0 0x80003cfc (0x8eb9) x13 0x88000000
core   0: 0x80003cfe (0x000069e1) c.lui   s3, 0x18
core   0: 0 0x80003cfe (0x69e1) x19 0x00018000
core   0: 0x80003d00 (0x00000d1a) c.slli  s10, 6
core   0: 0 0x80003d00 (0x0d1a) x26 0x00500000
core   0: 0x80003d02 (0x2acb2613) slti    a2, s6, 684
core   0: 0 0x80003d02 (0x2acb2613) x12 0x00000001
core   0: 0x80003d06 (0x0000100f) fence.i
core   0: 0 0x80003d06 (0x0000100f)
core   0: 0x80003d0a (0x0153e233) or      tp, t2, s5
core   0: 0 0x80003d0a (0x0153e233) x4  0x00000000
core   0: 0x80003d0e (0x022f24b3) mulhsu  s1, t5, sp
core   0: 0 0x80003d0e (0x022f24b3) x9  0x0000afff
core   0: 0x80003d12 (0x00008d51) c.or    a0, a2
core   0: 0 0x80003d12 (0x8d51) x10 0x7a3d1001
core   0: 0x80003d14 (0x02b31d63) bne     t1, a1, pc + 58
core   0: 0 0x80003d14 (0x02b31d63)
core   0: 0x80003d4e (0x03211933) mulh    s2, sp, s2
core   0: 0 0x80003d4e (0x03211933) x18 0x00000000
core   0: 0x80003d52 (0x037f8533) mul     a0, t6, s7
core   0: 0 0x80003d52 (0x037f8533) x10 0x00000000
core   0: 0x80003d56 (0x0000100f) fence.i
core   0: 0 0x80003d56 (0x0000100f)
core   0: 0x80003d5a (0x00006149) c.addi16sp sp, 144
core   0: 0 0x80003d5a (0x6149) x2  0x00000080
core   0: 0x80003d5c (0x0295b933) mulhu   s2, a1, s1
core   0: 0 0x80003d5c (0x0295b933) x18 0x00005800
core   0: 0x80003d60 (0x00e64863) blt     a2, a4, pc + 16
core   0: 0 0x80003d60 (0x00e64863)
core   0: 0x80003d64 (0x00d6d533) srl     a0, a3, a3
core   0: 0 0x80003d64 (0x00d6d533) x10 0x88000000
core   0: 0x80003d68 (0x034ad7b3) divu    a5, s5, s4
core   0: 0 0x80003d68 (0x034ad7b3) x15 0x00000000
core   0: 0x80003d6c (0x3c0d4793) xori    a5, s10, 960
core   0: 0 0x80003d6c (0x3c0d4793) x15 0x005003c0
core   0: 0x80003d70 (0x01c19e33) sll     t3, gp, t3
core   0: 0 0x80003d70 (0x01c19e33) x28 0x3c000000
core   0: 0x80003d74 (0x0000100f) fence.i
core   0: 0 0x80003d74 (0x0000100f)
core   0: 0x80003d78 (0x03706bb3) rem     s7, zero, s7
core   0: 0 0x80003d78 (0x03706bb3) x23 0x00000000
core   0: 0x80003d7c (0x0206dd33) divu    s10, a3, zero
core   0: 0 0x80003d7c (0x0206dd33) x26 0xffffffff
core   0: 0x80003d80 (0x00006549) c.lui   a0, 0x12
core   0: 0 0x80003d80 (0x6549) x10 0x00012000
core   0: 0x80003d82 (0x00009a86) c.add   s5, ra
core   0: 0 0x80003d82 (0x9a86) x21 0x00000000
core   0: 0x80003d84 (0x00008f55) c.or    a4, a3
core   0: 0 0x80003d84 (0x8f55) x14 0x88000000
core   0: 0x80003d86 (0x0128b4b3) sltu    s1, a7, s2
core   0: 0 0x80003d86 (0x0128b4b3) x9  0x00000000
core   0: 0x80003d8a (0x000004f2) c.slli  s1, 28
core   0: 0 0x80003d8a (0x04f2) x9  0x00000000
core   0: 0x80003d8c (0x019182b3) add     t0, gp, s9
core   0: 0 0x80003d8c (0x019182b3) x5  0x0000043c
core   0: 0x80003d90 (0x01406e33) or      t3, zero, s4
core   0: 0 0x80003d90 (0x01406e33) x28 0x7c75dbd8
core   0: 0x80003d94 (0x00008872) c.mv    a6, t3
core   0: 0 0x80003d94 (0x8872) x16 0x7c75dbd8
core   0: 0x80003d96 (0x00a4d363) bge     s1, a0, pc + 6
core   0: 0 0x80003d96 (0x00a4d363)
core   0: 0x80003d9a (0x00008f09) c.sub   a4, a0
core   0: 0 0x80003d9a (0x8f09) x14 0x87fee000
core   0: 0x80003d9c (0x00008d01) c.sub   a0, s0
core   0: 0 0x80003d9c (0x8d01) x10 0x7ffefd07
core   0: 0x80003d9e (0x00004401) c.li    s0, 0
core   0: 0 0x80003d9e (0x4401) x8  0x00000000
core   0: 0x80003da0 (0x41bc0533) sub     a0, s8, s11
core   0: 0 0x80003da0 (0x41bc0533) x10 0x00001a20
core   0: 0x80003da4 (0x033db6b3) mulhu   a3, s11, s3
core   0: 0 0x80003da4 (0x033db6b3) x13 0x00000000
core   0: 0x80003da8 (0x0000c111) c.beqz  a0, pc + 4
core   0: 0 0x80003da8 (0xc111)
core   0: 0x80003daa (0x000017fd) c.addi  a5, -1
core   0: 0 0x80003daa (0x17fd) x15 0x005003bf
core   0: 0x80003dac (0x00008fb5) c.xor   a5, a3
core   0: 0 0x80003dac (0x8fb5) x15 0x005003bf
core   0: 0x80003dae (0x00006b6d) c.lui   s6, 0x1b
core   0: 0 0x80003dae (0x6b6d) x22 0x0001b000
core   0: 0x80003db0 (0x0064e6b3) or      a3, s1, t1
core   0: 0 0x80003db0 (0x0064e6b3) x13 0x00000000
core   0: 0x80003db4 (0x00085763) bgez    a6, pc + 14
core   0: 0 0x80003db4 (0x00085763)
core   0: 0x80003dc2 (0x000062dd) c.lui   t0, 0x17
core   0: 0 0x80003dc2 (0x62dd) x5  0x00017000
core   0: 0x80003dc4 (0x01001b93) slli    s7, zero, 16
core   0: 0 0x80003dc4 (0x01001b93) x23 0x00000000
core   0: 0x80003dc8 (0x000714b3) sll     s1, a4, zero
core   0: 0 0x80003dc8 (0x000714b3) x9  0x87fee000
core   0: 0x80003dcc (0x00000c94) c.addi4spn a3, sp, 592
core   0: 0 0x80003dcc (0x0c94) x13 0x000002d0
core   0: 0x80003dce (0x5c212393) slti    t2, sp, 1474
core   0: 0 0x80003dce (0x5c212393) x7  0x00000001
core   0: 0x80003dd2 (0x02eda533) mulhsu  a0, s11, a4
core   0: 0 0x80003dd2 (0x02eda533) x10 0x0000031e
core   0: 0x80003dd6 (0x000000f6) c.slli  ra, 29
core   0: 0 0x80003dd6 (0x00f6) x1  0x00000000
core   0: 0x80003dd8 (0x00001c7d) c.addi  s8, -1
core   0: 0 0x80003dd8 (0x1c7d) x24 0x00001fff
core   0: 0x80003dda (0x02db4863) blt     s6, a3, pc + 48
core   0: 0 0x80003dda (0x02db4863)
core   0: 0x80003dde (0x02739d33) mulh    s10, t2, t2
core   0: 0 0x80003dde (0x02739d33) x26 0x00000000
core   0: 0x80003de2 (0x03c54663) blt     a0, t3, pc + 44
core   0: 0 0x80003de2 (0x03c54663)
core   0: 0x80003e0e (0x03b93133) mulhu   sp, s2, s11
core   0: 0 0x80003e0e (0x03b93133) x2  0x00000000
core   0: 0x80003e12 (0x000002f6) c.slli  t0, 29
core   0: 0 0x80003e12 (0x02f6) x5  0x00000000
core   0: 0x80003e14 (0x0263ad33) mulhsu  s10, t2, t1
core   0: 0 0x80003e14 (0x0263ad33) x26 0x00000000
core   0: 0x80003e18 (0x41055893) srai    a7, a0, 16
core   0: 0 0x80003e18 (0x41055893) x17 0x00000000
core   0: 0x80003e1c (0x01895a63) bge     s2, s8, pc + 20
core   0: 0 0x80003e1c (0x01895a63)
core   0: 0x80003e30 (0x3e300013) li      zero, 995
core   0: 0 0x80003e30 (0x3e300013)
core   0: 0x80003e34 (0x0000e685) c.bnez  a3, pc + 40
core   0: 0 0x80003e34 (0xe685)
core   0: 0x80003e5c (0x03cb26b3) mulhsu  a3, s6, t3
core   0: 0 0x80003e5c (0x03cb26b3) x13 0x0000d206
core   0: 0x80003e60 (0x02e2fd33) remu    s10, t0, a4
core   0: 0 0x80003e60 (0x02e2fd33) x26 0x00000000
core   0: 0x80003e64 (0x00000001) c.nop
core   0: 0 0x80003e64 (0x0001)
core   0: 0x80003e66 (0x02d39eb3) mulh    t4, t2, a3
core   0: 0 0x80003e66 (0x02d39eb3) x29 0x00000000
core   0: 0x80003e6a (0x0000cb9d) c.beqz  a5, pc + 54
core   0: 0 0x80003e6a (0xcb9d)
core   0: 0x80003e6c (0x0000614d) c.addi16sp sp, 176
core   0: 0 0x80003e6c (0x614d) x2  0x000000b0
core   0: 0x80003e6e (0x000084dd) c.srai  s1, 23
core   0: 0 0x80003e6e (0x84dd) x9  0xffffff0f
core   0: 0x80003e70 (0x40d68133) sub     sp, a3, a3
core   0: 0 0x80003e70 (0x40d68133) x2  0x00000000
core   0: 0x80003e74 (0x031c68b3) rem     a7, s8, a7
core   0: 0 0x80003e74 (0x031c68b3) x17 0x00001fff
core   0: 0x80003e78 (0x03e66963) bltu    a2, t5, pc + 50
core   0: 0 0x80003e78 (0x03e66963)
core   0: 0x80003eaa (0x011cda33) srl     s4, s9, a7
core   0: 0 0x80003eaa (0x011cda33) x20 0x00000000
core   0: 0x80003eae (0x414f5ab3) sra     s5, t5, s4
core   0: 0 0x80003eae (0x414f5ab3) x21 0x0000b000
core   0: 0x80003eb2 (0x059c0363) beq     s8, s9, pc + 70
core   0: 0 0x80003eb2 (0x059c0363)
core   0: 0x80003eb6 (0x037cf3b3) remu    t2, s9, s7
core   0: 0 0x80003eb6 (0x037cf3b3) x7  0x00000000
core   0: 0x80003eba (0x409b07b3) sub     a5, s6, s1
core   0: 0 0x80003eba (0x409b07b3) x15 0x0001b0f1
core   0: 0x80003ebe (0x00008cad) c.xor   s1, a1
core   0: 0 0x80003ebe (0x8cad) x9  0x7ffde12f
core   0: 0x80003ec0 (0x03de9f33) mulh    t5, t4, t4
core   0: 0 0x80003ec0 (0x03de9f33) x30 0x00000000
core   0: 0x80003ec4 (0x000019fd) c.addi  s3, -1
core   0: 0 0x80003ec4 (0x19fd) x19 0x00017fff
core   0: 0x80003ec6 (0x04591163) bne     s2, t0, pc + 66
core   0: 0 0x80003ec6 (0x04591163)
core   0: 0x80003f08 (0x0000613d) c.addi16sp sp, 480
core   0: 0 0x80003f08 (0x613d) x2  0x000001e0
core   0: 0x80003f0a (0x417ad0b3) sra     ra, s5, s7
core   0: 0 0x80003f0a (0x417ad0b3) x1  0x0000b000
core   0: 0x80003f0e (0x411b0633) sub     a2, s6, a7
core   0: 0 0x80003f0e (0x411b0633) x12 0x00019001
core   0: 0x80003f12 (0x00008e81) c.sub   a3, s0
core   0: 0 0x80003f12 (0x8e81) x13 0x0000d206
core   0: 0x80003f14 (0x001f1bb3) sll     s7, t5, ra
core   0: 0 0x80003f14 (0x001f1bb3) x23 0x00000000
core   0: 0x80003f18 (0x0029c833) xor     a6, s3, sp
core   0: 0 0x80003f18 (0x0029c833) x16 0x00017e1f
core   0: 0x80003f1c (0xf9397c93) andi    s9, s2, -109
core   0: 0 0x80003f1c (0xf9397c93) x25 0x00005800
core   0: 0x80003f20 (0x00831b33) sll     s6, t1, s0
core   0: 0 0x80003f20 (0x00831b33) x22 0x00000000
core   0: 0x80003f24 (0x031d6163) bltu    s10, a7, pc + 34
core   0: 0 0x80003f24 (0x031d6163)
core   0: 0x80003f46 (0x007b1863) bne     s6, t2, pc + 16
core   0: 0 0x80003f46 (0x007b1863)
core   0: 0x80003f4a (0x0000ee09) c.bnez  a2, pc + 26
core   0: 0 0x80003f4a (0xee09)
core   0: 0x80003f64 (0x0000e90d) c.bnez  a0, pc + 50
core   0: 0 0x80003f64 (0xe90d)
core   0: 0x80003f96 (0xf0fa63b7) lui     t2, 0xf0fa6
core   0: 0 0x80003f96 (0xf0fa63b7) x7  0xf0fa6000
core   0: 0x80003f9a (0x00008021) c.srli  s0, 8
core   0: 0 0x80003f9a (0x8021) x8  0x00000000
core   0: 0x80003f9c (0x62494193) xori    gp, s2, 1572
core   0: 0 0x80003f9c (0x62494193) x3  0x00005e24
core   0: 0x80003fa0 (0x99c34437) lui     s0, 0x99c34
core   0: 0 0x80003fa0 (0x99c34437) x8  0x99c34000
core   0: 0x80003fa4 (0x00006155) c.addi16sp sp, 304
core   0: 0 0x80003fa4 (0x6155) x2  0x00000310
core   0: 0x80003fa6 (0x0ff0000f) fence   iorw,iorw
core   0: 0 0x80003fa6 (0x0ff0000f)
core   0: 0x80003faa (0x00e67833) and     a6, a2, a4
core   0: 0 0x80003faa (0x00e67833) x16 0x00008000
core   0: 0x80003fae (0x000002b2) c.slli  t0, 12
core   0: 0 0x80003fae (0x02b2) x5  0x00000000
core   0: 0x80003fb0 (0x000098fd) c.andi  s1, -1
core   0: 0 0x80003fb0 (0x98fd) x9  0x7ffde12f
core   0: 0x80003fb2 (0x007c4433) xor     s0, s8, t2
core   0: 0 0x80003fb2 (0x007c4433) x8  0xf0fa7fff
core   0: 0x80003fb6 (0x03a4f4b3) remu    s1, s1, s10
core   0: 0 0x80003fb6 (0x03a4f4b3) x9  0x7ffde12f
core   0: 0x80003fba (0xcb5ff737) lui     a4, 0xcb5ff
core   0: 0 0x80003fba (0xcb5ff737) x14 0xcb5ff000
core   0: 0x80003fbe (0x0000cf05) c.beqz  a4, pc + 56
core   0: 0 0x80003fbe (0xcf05)
core   0: 0x80003fc0 (0x0ff0000f) fence   iorw,iorw
core   0: 0 0x80003fc0 (0x0ff0000f)
core   0: 0x80003fc4 (0xfead4c97) auipc   s9, 0xfead4
core   0: 0 0x80003fc4 (0xfead4c97) x25 0x7ead7fc4
core   0: 0x80003fc8 (0x025bceb3) div     t4, s7, t0
core   0: 0 0x80003fc8 (0x025bceb3) x29 0xffffffff
core   0: 0x80003fcc (0x02702633) mulhsu  a2, zero, t2
core   0: 0 0x80003fcc (0x02702633) x12 0x00000000
core   0: 0x80003fd0 (0x0000e51d) c.bnez  a0, pc + 46
core   0: 0 0x80003fd0 (0xe51d)
core   0: 0x80003ffe (0x00000001) c.nop
core   0: 0 0x80003ffe (0x0001)
core   0: 0x80004000 (0x8bfdf093) andi    ra, s11, -1857
core   0: 0 0x80004000 (0x8bfdf093) x1  0x000000a0
core   0: 0x80004004 (0x00008769) c.srai  a4, 26
core   0: 0 0x80004004 (0x8769) x14 0xfffffff2
core   0: 0x80004006 (0x01e5c9b3) xor     s3, a1, t5
core   0: 0 0x80004006 (0x01e5c9b3) x19 0x80021e20
core   0: 0x8000400a (0x0164d663) bge     s1, s6, pc + 12
core   0: 0 0x8000400a (0x0164d663)
core   0: 0x80004016 (0x00115863) bge     sp, ra, pc + 16
core   0: 0 0x80004016 (0x00115863)
core   0: 0x80004026 (0x031a1863) bne     s4, a7, pc + 48
core   0: 0 0x80004026 (0x031a1863)
core   0: 0x80004056 (0x0000100f) fence.i
core   0: 0 0x80004056 (0x0000100f)
core   0: 0x8000405a (0x0000100f) fence.i
core   0: 0 0x8000405a (0x0000100f)
core   0: 0x8000405e (0x02ade4b3) rem     s1, s11, a0
core   0: 0 0x8000405e (0x02ade4b3) x9  0x000002c2
core   0: 0x80004062 (0x0000100f) fence.i
core   0: 0 0x80004062 (0x0000100f)
core   0: 0x80004066 (0x000fb633) sltu    a2, t6, zero
core   0: 0 0x80004066 (0x000fb633) x12 0x00000000
core   0: 0x8000406a (0x01287633) and     a2, a6, s2
core   0: 0 0x8000406a (0x01287633) x12 0x00000000
core   0: 0x8000406e (0x025934b3) mulhu   s1, s2, t0
core   0: 0 0x8000406e (0x025934b3) x9  0x00000000
core   0: 0x80004072 (0x0000c69d) c.beqz  a3, pc + 46
core   0: 0 0x80004072 (0xc69d)
core   0: 0x80004074 (0x027c9533) mulh    a0, s9, t2
core   0: 0 0x80004074 (0x027c9533) x10 0xf8910cf3
core   0: 0x80004078 (0x0ff0000f) fence   iorw,iorw
core   0: 0 0x80004078 (0x0ff0000f)
core   0: 0x8000407c (0x010c93b3) sll     t2, s9, a6
core   0: 0 0x8000407c (0x010c93b3) x7  0x7ead7fc4
core   0: 0x80004080 (0x01cf8533) add     a0, t6, t3
core   0: 0 0x80004080 (0x01cf8533) x10 0xfc7838bc
core   0: 0x80004084 (0x0000100f) fence.i
core   0: 0 0x80004084 (0x0000100f)
core   0: 0x80004088 (0x03ce7063) bgeu    t3, t3, pc + 32
core   0: 0 0x80004088 (0x03ce7063)
core   0: 0x800040a8 (0x0ff0000f) fence   iorw,iorw
core   0: 0 0x800040a8 (0x0ff0000f)
core   0: 0x800040ac (0x010bbab3) sltu    s5, s7, a6
core   0: 0 0x800040ac (0x010bbab3) x21 0x00000001
core   0: 0x800040b0 (0x7e65c117) auipc   sp, 0x7e65c
core   0: 0 0x800040b0 (0x7e65c117) x2  0xfe6600b0
core   0: 0x800040b4 (0x0000100f) fence.i
core   0: 0 0x800040b4 (0x0000100f)
core   0: 0x800040b8 (0x0000cb19) c.beqz  a4, pc + 22
core   0: 0 0x800040b8 (0xcb19)
core   0: 0x800040ba (0x000082e5) c.srli  a3, 25
core   0: 0 0x800040ba (0x82e5) x13 0x00000000
core   0: 0x800040bc (0x00006b25) c.lui   s6, 0x9
core   0: 0 0x800040bc (0x6b25) x22 0x00009000
core   0: 0x800040be (0x01f05793) srli    a5, zero, 31
core   0: 0 0x800040be (0x01f05793) x15 0x00000000
core   0: 0x800040c2 (0x023efa33) remu    s4, t4, gp
core   0: 0 0x800040c2 (0x023efa33) x20 0x000026a7
core   0: 0x800040c6 (0xb9864193) xori    gp, a2, -1128
core   0: 0 0x800040c6 (0xb9864193) x3  0xfffffb98
core   0: 0x800040ca (0x0127de33) srl     t3, a5, s2
core   0: 0 0x800040ca (0x0127de33) x28 0x00000000
core   0: 0x800040ce (0x02fd9233) mulh    tp, s11, a5
core   0: 0 0x800040ce (0x02fd9233) x4  0x00000000
core   0: 0x800040d2 (0x00008c55) c.or    s0, a3
core   0: 0 0x800040d2 (0x8c55) x8  0xf0fa7fff
core   0: 0x800040d4 (0x40cbd933) sra     s2, s7, a2
core   0: 0 0x800040d4 (0x40cbd933) x18 0x00000000
core   0: 0x800040d8 (0x009b3433) sltu    s0, s6, s1
core   0: 0 0x800040d8 (0x009b3433) x8  0x00000000
core   0: 0x800040dc (0x0000c78d) c.beqz  a5, pc + 42
core   0: 0 0x800040dc (0xc78d)
core   0: 0x80004106 (0x0120d363) bge     ra, s2, pc + 6
core   0: 0 0x80004106 (0x0120d363)
core   0: 0x8000410c (0xe89ca113) slti    sp, s9, -375
core   0: 0 0x8000410c (0xe89ca113) x2  0x00000000
core   0: 0x80004110 (0x00000001) c.nop
core   0: 0 0x80004110 (0x0001)
core   0: 0x80004112 (0x41bf0e33) sub     t3, t5, s11
core   0: 0 0x80004112 (0x41bf0e33) x28 0xfffffa20
core   0: 0x80004116 (0x03b53a33) mulhu   s4, a0, s11
core   0: 0 0x80004116 (0x03b53a33) x20 0x000005cb
core   0: 0x8000411a (0x00d6ac33) slt     s8, a3, a3
core   0: 0 0x8000411a (0x00d6ac33) x24 0x00000000
core   0: 0x8000411e (0x01106b33) or      s6, zero, a7
core   0: 0 0x8000411e (0x01106b33) x22 0x00001fff
core   0: 0x80004122 (0x028667b3) rem     a5, a2, s0
core   0: 0 0x80004122 (0x028667b3) x15 0x00000000
core   0: 0x80004126 (0x0174c863) blt     s1, s7, pc + 16
core   0: 0 0x80004126 (0x0174c863)
core   0: 0x8000412a (0x00000001) c.nop
core   0: 0 0x8000412a (0x0001)
core   0: 0x8000412c (0x0000e329) c.bnez  a4, pc + 66
core   0: 0 0x8000412c (0xe329)
core   0: 0x8000416e (0x0000e68d) c.bnez  a3, pc + 42
core   0: 0 0x8000416e (0xe68d)
core   0: 0x80004170 (0x039b8733) mul     a4, s7, s9
core   0: 0 0x80004170 (0x039b8733) x14 0x00000000
core   0: 0x80004174 (0x000069e9) c.lui   s3, 0x1a
core   0: 0 0x80004174 (0x69e9) x19 0x0001a000
core   0: 0x80004176 (0x000087d1) c.srai  a5, 20
core   0: 0 0x80004176 (0x87d1) x15 0x00000000
core   0: 0x80004178 (0x028dfb63) bgeu    s11, s0, pc + 54
core   0: 0 0x80004178 (0x028dfb63)
core   0: 0x800041ae (0x0000c799) c.beqz  a5, pc + 14
core   0: 0 0x800041ae (0xc799)
core   0: 0x800041bc (0x41cd8933) sub     s2, s11, t3
core   0: 0 0x800041bc (0x41cd8933) x18 0x00000bc0
core   0: 0x800041c0 (0x40cc5c13) srai    s8, s8, 12
core   0: 0 0x800041c0 (0x40cc5c13) x24 0x00000000
core   0: 0x800041c4 (0x00001388) c.addi4spn a0, sp, 480
core   0: 0 0x800041c4 (0x1388) x10 0x000001e0
core   0: 0x800041c6 (0x00669c63) bne     a3, t1, pc + 24
core   0: 0 0x800041c6 (0x00669c63)
core   0: 0x800041ca (0x00000001) c.nop
core   0: 0 0x800041ca (0x0001)
core   0: 0x800041cc (0x00008c85) c.sub   s1, s1
core   0: 0 0x800041cc (0x8c85) x9  0x00000000
core   0: 0x800041ce (0x0000ca81) c.beqz  a3, pc + 16
core   0: 0 0x800041ce (0xca81)
core   0: 0x800041de (0x012f5db3) srl     s11, t5, s2
core   0: 0 0x800041de (0x012f5db3) x27 0x00000000
core   0: 0x800041e2 (0x00000001) c.nop
core   0: 0 0x800041e2 (0x0001)
core   0: 0x800041e4 (0x00009a7d) c.andi  a2, -1
core   0: 0 0x800041e4 (0x9a7d) x12 0x00000000
core   0: 0x800041e6 (0x0000014a) c.slli  sp, 18
core   0: 0 0x800041e6 (0x014a) x2  0x00000000
core   0: 0x800041e8 (0x00001a88) c.addi4spn a0, sp, 368
core   0: 0 0x800041e8 (0x1a88) x10 0x00000170
core   0: 0x800041ea (0x001da6b3) slt     a3, s11, ra
core   0: 0 0x800041ea (0x001da6b3) x13 0x00000001
core   0: 0x800041ee (0x02968e33) mul     t3, a3, s1
core   0: 0 0x800041ee (0x02968e33) x28 0x00000000
core   0: 0x800041f2 (0x00000001) c.nop
core   0: 0 0x800041f2 (0x0001)
core   0: 0x800041f4 (0x00008f4d) c.or    a4, a1
core   0: 0 0x800041f4 (0x8f4d) x14 0x80021e20
core   0: 0x800041f6 (0x0000100f) fence.i
core   0: 0 0x800041f6 (0x0000100f)
core   0: 0x800041fa (0x00008a05) c.andi  a2, 1
core   0: 0 0x800041fa (0x8a05) x12 0x00000000
core   0: 0x800041fc (0x00008f4d) c.or    a4, a1
core   0: 0 0x800041fc (0x8f4d) x14 0x80021e20
core   0: 0x800041fe (0x01109463) bne     ra, a7, pc + 8
core   0: 0 0x800041fe (0x01109463)
core   0: 0x80004206 (0x038c6363) bltu    s8, s8, pc + 38
core   0: 0 0x80004206 (0x038c6363)
core   0: 0x8000420a (0x03e0a133) mulhsu  sp, ra, t5
core   0: 0 0x8000420a (0x03e0a133) x2  0x00000000
core   0: 0x8000420e (0x00001594) c.addi4spn a3, sp, 736
core   0: 0 0x8000420e (0x1594) x13 0x000002e0
core   0: 0x80004210 (0x000082bd) c.srli  a3, 15
core   0: 0 0x80004210 (0x82bd) x13 0x00000000
core   0: 0x80004212 (0x648086b7) lui     a3, 0x64808
core   0: 0 0x80004212 (0x648086b7) x13 0x64808000
core   0: 0x80004216 (0x038562b3) rem     t0, a0, s8
core   0: 0 0x80004216 (0x038562b3) x5  0x00000170
core   0: 0x8000421a (0x0000c309) c.beqz  a4, pc + 2
core   0: 0 0x8000421a (0xc309)
core   0: 0x8000421c (0x9f05f013) andi    zero, a1, -1552
core   0: 0 0x8000421c (0x9f05f013)
core   0: 0x80004220 (0x6ecbf493) andi    s1, s7, 1772
core   0: 0 0x80004220 (0x6ecbf493) x9  0x00000000
core   0: 0x80004224 (0x0306d9b3) divu    s3, a3, a6
core   0: 0 0x80004224 (0x0306d9b3) x19 0x0000c901
core   0: 0x80004228 (0x0000e919) c.bnez  a0, pc + 22
core   0: 0 0x80004228 (0xe919)
core   0: 0x8000423e (0x005da633) slt     a2, s11, t0
core   0: 0 0x8000423e (0x005da633) x12 0x00000001
core   0: 0x80004242 (0x01259993) slli    s3, a1, 18
core   0: 0 0x80004242 (0x01259993) x19 0x78800000
core   0: 0x80004246 (0x03286233) rem     tp, a6, s2
core   0: 0 0x80004246 (0x03286233) x4  0x00000a80
core   0: 0x8000424a (0x03fdf433) remu    s0, s11, t6
core   0: 0 0x8000424a (0x03fdf433) x8  0x00000000
core   0: 0x8000424e (0xd069cd13) xori    s10, s3, -762
core   0: 0 0x8000424e (0xd069cd13) x26 0x877ffd06
core   0: 0x80004252 (0x0ff0000f) fence   iorw,iorw
core   0: 0 0x80004252 (0x0ff0000f)
core   0: 0x80004256 (0x0000cc85) c.beqz  s1, pc + 56
core   0: 0 0x80004256 (0xcc85)
core   0: 0x8000428e (0x00fcd9b3) srl     s3, s9, a5
core   0: 0 0x8000428e (0x00fcd9b3) x19 0x7ead7fc4
core   0: 0x80004292 (0x00000001) c.nop
core   0: 0 0x80004292 (0x0001)
core   0: 0x80004294 (0x018be763) bltu    s7, s8, pc + 14
core   0: 0 0x80004294 (0x018be763)
core   0: 0x80004298 (0x00008391) c.srli  a5, 4
core   0: 0 0x80004298 (0x8391) x15 0x00000000
core   0: 0x8000429a (0x03ff2033) mulhsu  zero, t5, t6
core   0: 0 0x8000429a (0x03ff2033)
core   0: 0x8000429e (0x01cf4e63) blt     t5, t3, pc + 28
core   0: 0 0x8000429e (0x01cf4e63)
core   0: 0x800042a2 (0x03169633) mulh    a2, a3, a7
core   0: 0 0x800042a2 (0x03169633) x12 0x00000c8f
core   0: 0x800042a6 (0x9a833b13) sltiu   s6, t1, -1624
core   0: 0 0x800042a6 (0x9a833b13) x22 0x00000001
core   0: 0x800042aa (0x00000211) c.addi  tp, 4
core   0: 0 0x800042aa (0x0211) x4  0x00000a84
core   0: 0x800042ac (0x0322fd63) bgeu    t0, s2, pc + 58
core   0: 0 0x800042ac (0x0322fd63)
core   0: 0x800042b0 (0x41a752b3) sra     t0, a4, s10
core   0: 0 0x800042b0 (0x41a752b3) x5  0xfe000878
core   0: 0x800042b4 (0x00000001) c.nop
core   0: 0 0x800042b4 (0x0001)
core   0: 0x800042b6 (0x0ff0000f) fence   iorw,iorw
core   0: 0 0x800042b6 (0x0ff0000f)
core   0: 0x800042ba (0x03ac6963) bltu    s8, s10, pc + 50
core   0: 0 0x800042ba (0x03ac6963)
core   0: 0x800042ec (0x41968433) sub     s0, a3, s9
core   0: 0 0x800042ec (0x41968433) x8  0xe5d3003c
core   0: 0x800042f0 (0x0000100f) fence.i
core   0: 0 0x800042f0 (0x0000100f)
core   0: 0x800042f4 (0x0116a633) slt     a2, a3, a7
core   0: 0 0x800042f4 (0x0116a633) x12 0x00000000
core   0: 0x800042f8 (0x000084d1) c.srai  s1, 20
core   0: 0 0x800042f8 (0x84d1) x9  0x00000000
core   0: 0x800042fa (0x001f7863) bgeu    t5, ra, pc + 16
core   0: 0 0x800042fa (0x001f7863)
core   0: 0x800042fe (0x00000ca9) c.addi  s9, 10
core   0: 0 0x800042fe (0x0ca9) x25 0x7ead7fce
core   0: 0x80004300 (0x404fdf13) srai    t5, t6, 4
core   0: 0 0x80004300 (0x404fdf13) x30 0xf80025ce
core   0: 0x80004304 (0x03935e63) bge     t1, s9, pc + 60
core   0: 0 0x80004304 (0x03935e63)
core   0: 0x80004308 (0x000057fd) c.li    a5, -1
core   0: 0 0x80004308 (0x57fd) x15 0xffffffff
core   0: 0x8000430a (0x00004dc1) c.li    s11, 16
core   0: 0 0x8000430a (0x4dc1) x27 0x00000010
core   0: 0x8000430c (0x005a1cb3) sll     s9, s4, t0
core   0: 0 0x8000430c (0x005a1cb3) x25 0xcb000000
core   0: 0x80004310 (0x03316663) bltu    sp, s3, pc + 44
core   0: 0 0x80004310 (0x03316663)
core   0: 0x8000433c (0x0254ab33) mulhsu  s6, s1, t0
core   0: 0 0x8000433c (0x0254ab33) x22 0x00000000
core   0: 0x80004340 (0xd186a993) slti    s3, a3, -744
core   0: 0 0x80004340 (0xd186a993) x19 0x00000000
core   0: 0x80004344 (0xd2e92993) slti    s3, s2, -722
core   0: 0 0x80004344 (0xd2e92993) x19 0x00000000
core   0: 0x80004348 (0x7b78ea13) ori     s4, a7, 1975
core   0: 0 0x80004348 (0x7b78ea13) x20 0x00001fff
core   0: 0x8000434c (0x03668063) beq     a3, s6, pc + 32
core   0: 0 0x8000434c (0x03668063)
core   0: 0x80004350 (0x026f8e63) beq     t6, t1, pc + 60
core   0: 0 0x80004350 (0x026f8e63)
core   0: 0x80004354 (0x38657693) andi    a3, a0, 902
core   0: 0 0x80004354 (0x38657693) x13 0x00000100
core   0: 0x80004358 (0x00009ef2) c.add   t4, t3
core   0: 0 0x80004358 (0x9ef2) x29 0xffffffff
core   0: 0x8000435a (0xa5650013) addi    zero, a0, -1450
core   0: 0 0x8000435a (0xa5650013)
core   0: 0x8000435e (0x00791f33) sll     t5, s2, t2
core   0: 0 0x8000435e (0x00791f33) x30 0x0000bc00
core   0: 0x80004362 (0x00008f69) c.and   a4, a0
core   0: 0 0x80004362 (0x8f69) x14 0x00000020
core   0: 0x80004364 (0x48136213) ori     tp, t1, 1153
core   0: 0 0x80004364 (0x48136213) x4  0x00000481
core   0: 0x80004368 (0x00008f21) c.xor   a4, s0
core   0: 0 0x80004368 (0x8f21) x14 0xe5d3001c
core   0: 0x8000436a (0x00008fd5) c.or    a5, a3
core   0: 0 0x8000436a (0x8fd5) x15 0xffffffff
core   0: 0x8000436c (0x407edbb3) sra     s7, t4, t2
core   0: 0 0x8000436c (0x407edbb3) x23 0xffffffff
core   0: 0x80004370 (0x00698db3) add     s11, s3, t1
core   0: 0 0x80004370 (0x00698db3) x27 0x00000000
core   0: 0x80004374 (0x41e9dc13) srai    s8, s3, 30
core   0: 0 0x80004374 (0x41e9dc13) x24 0x00000000
core   0: 0x80004378 (0x0000e311) c.bnez  a4, pc + 4
core   0: 0 0x80004378 (0xe311)
core   0: 0x8000437c (0x0ff0000f) fence   iorw,iorw
core   0: 0 0x8000437c (0x0ff0000f)
core   0: 0x80004380 (0xb8f82717) auipc   a4, 0xb8f82
core   0: 0 0x80004380 (0xb8f82717) x14 0x38f86380
core   0: 0x80004384 (0x05aad263) bge     s5, s10, pc + 68
core   0: 0 0x80004384 (0x05aad263)
core   0: 0x800043c8 (0x038882b3) mul     t0, a7, s8
core   0: 0 0x800043c8 (0x038882b3) x5  0x00000000
core   0: 0x800043cc (0xa130c793) xori    a5, ra, -1517
core   0: 0 0x800043cc (0xa130c793) x15 0xfffffab3
core   0: 0x800043d0 (0x79ae0093) addi    ra, t3, 1946
core   0: 0 0x800043d0 (0x79ae0093) x1  0x0000079a
core   0: 0x800043d4 (0x00008305) c.srli  a4, 1
core   0: 0 0x800043d4 (0x8305) x14 0x1c7c31c0
core   0: 0x800043d6 (0x00000001) c.nop
core   0: 0 0x800043d6 (0x0001)
core   0: 0x800043d8 (0x3af12d93) slti    s11, sp, 943
core   0: 0 0x800043d8 (0x3af12d93) x27 0x00000001
core   0: 0x800043dc (0x02276f33) rem     t5, a4, sp
core   0: 0 0x800043dc (0x02276f33) x30 0x1c7c31c0
core   0: 0x800043e0 (0x03aa5963) bge     s4, s10, pc + 50
core   0: 0 0x800043e0 (0x03aa5963)
core   0: 0x80004412 (0x000042c5) c.li    t0, 17
core   0: 0 0x80004412 (0x42c5) x5  0x00000011
core   0: 0x80004414 (0x00008f59) c.or    a4, a4
core   0: 0 0x80004414 (0x8f59) x14 0x1c7c31c0
core   0: 0x80004416 (0x029c34b3) mulhu   s1, s8, s1
core   0: 0 0x80004416 (0x029c34b3) x9  0x00000000
core   0: 0x8000441a (0xb2802693) slti    a3, zero, -1240
core   0: 0 0x8000441a (0xb2802693) x13 0x00000000
core   0: 0x8000441e (0x03ce4563) blt     t3, t3, pc + 42
core   0: 0 0x8000441e (0x03ce4563)
core   0: 0x80004422 (0x785f7813) andi    a6, t5, 1925
core   0: 0 0x80004422 (0x785f7813) x16 0x00000180
core   0: 0x80004426 (0x00bf68b3) or      a7, t5, a1
core   0: 0 0x80004426 (0x00bf68b3) x17 0x9c7e3fe0
core   0: 0x8000442a (0xe4b73b13) sltiu   s6, a4, -437
core   0: 0 0x8000442a (0xe4b73b13) x22 0x00000001
core   0: 0x8000442e (0xb87fb093) sltiu   ra, t6, -1145
core   0: 0 0x8000442e (0xb87fb093) x1  0x00000001
core   0: 0x80004432 (0x01ace9b3) or      s3, s9, s10
core   0: 0 0x80004432 (0x01ace9b3) x19 0xcf7ffd06
core   0: 0x80004436 (0x0055df63) bge     a1, t0, pc + 30
core   0: 0 0x80004436 (0x0055df63)
core   0: 0x8000443a (0x32b7f493) andi    s1, a5, 811
core   0: 0 0x8000443a (0x32b7f493) x9  0x00000223
core   0: 0x8000443e (0x000086d6) c.mv    a3, s5
core   0: 0 0x8000443e (0x86d6) x13 0x00000001
core   0: 0x80004440 (0x035e9b33) mulh    s6, t4, s5
core   0: 0 0x80004440 (0x035e9b33) x22 0xffffffff
core   0: 0x80004444 (0x00e5a9b3) slt     s3, a1, a4
core   0: 0 0x80004444 (0x00e5a9b3) x19 0x00000001
core   0: 0x80004448 (0x025793b3) mulh    t2, a5, t0
core   0: 0 0x80004448 (0x025793b3) x7  0xffffffff
core   0: 0x8000444c (0x0000c78d) c.beqz  a5, pc + 42
core   0: 0 0x8000444c (0xc78d)
core   0: 0x8000444e (0x00e1b733) sltu    a4, gp, a4
core   0: 0 0x8000444e (0x00e1b733) x14 0x00000000
core   0: 0x80004452 (0x00008659) c.srai  a2, 22
core   0: 0 0x80004452 (0x8659) x12 0x00000000
core   0: 0x80004454 (0x00004c59) c.li    s8, 22
core   0: 0 0x80004454 (0x4c59) x24 0x00000016
core   0: 0x80004456 (0x03297063) bgeu    s2, s2, pc + 32
core   0: 0 0x80004456 (0x03297063)
core   0: 0x80004476 (0x00004b51) c.li    s6, 20
core   0: 0 0x80004476 (0x4b51) x22 0x00000014
core   0: 0x80004478 (0xe50e8013) addi    zero, t4, -432
core   0: 0 0x80004478 (0xe50e8013)
core   0: 0x8000447c (0x0154df13) srli    t5, s1, 21
core   0: 0 0x8000447c (0x0154df13) x30 0x00000000
core   0: 0x80004480 (0x00008a01) c.andi  a2, 0
core   0: 0 0x80004480 (0x8a01) x12 0x00000000
core   0: 0x80004482 (0x02f4ad33) mulhsu  s10, s1, a5
core   0: 0 0x80004482 (0x02f4ad33) x26 0x00000222
core   0: 0x80004486 (0xa4867b17) auipc   s6, 0xa4867
core   0: 0 0x80004486 (0xa4867b17) x22 0x2486b486
core   0: 0x8000448a (0x0052f763) bgeu    t0, t0, pc + 14
core   0: 0 0x8000448a (0x0052f763)
core   0: 0x80004498 (0x0000ca0d) c.beqz  a2, pc + 50
core   0: 0 0x80004498 (0xca0d)
core   0: 0x800044ca (0x83472f13) slti    t5, a4, -1996
core   0: 0 0x800044ca (0x83472f13) x30 0x00000000
core   0: 0x800044ce (0x0000100f) fence.i
core   0: 0 0x800044ce (0x0000100f)
core   0: 0x800044d2 (0xd3b0b493) sltiu   s1, ra, -709
core   0: 0 0x800044d2 (0xd3b0b493) x9  0x00000001
core   0: 0x800044d6 (0x00000f2d) c.addi  t5, 11
core   0: 0 0x800044d6 (0x0f2d) x30 0x0000000b
core   0: 0x800044d8 (0x03b4ee33) rem     t3, s1, s11
core   0: 0 0x800044d8 (0x03b4ee33) x28 0x00000000
core   0: 0x800044dc (0x000008ca) c.slli  a7, 18
core   0: 0 0x800044dc (0x08ca) x17 0xff800000
core   0: 0x800044de (0x0310dcb3) divu    s9, ra, a7
core   0: 0 0x800044de (0x0310dcb3) x25 0x00000000
core   0: 0x800044e2 (0x00008559) c.srai  a0, 22
core   0: 0 0x800044e2 (0x8559) x10 0x00000000
core   0: 0x800044e4 (0x0152e663) bltu    t0, s5, pc + 12
core   0: 0 0x800044e4 (0x0152e663)
core   0: 0x800044e8 (0x02a4d363) bge     s1, a0, pc + 38
core   0: 0 0x800044e8 (0x02a4d363)
core   0: 0x8000450e (0x419b89b3) sub     s3, s7, s9
core   0: 0 0x8000450e (0x419b89b3) x19 0xffffffff
core   0: 0x80004512 (0x40095293) srai    t0, s2, 0
core   0: 0 0x80004512 (0x40095293) x5  0x00000bc0
core   0: 0x80004516 (0xf749a013) slti    zero, s3, -140
core   0: 0 0x80004516 (0xf749a013)
core   0: 0x8000451a (0x0ff0000f) fence   iorw,iorw
core   0: 0 0x8000451a (0x0ff0000f)
core   0: 0x8000451e (0x00008d35) c.xor   a0, a3
core   0: 0 0x8000451e (0x8d35) x10 0x00000001
core   0: 0x80004520 (0x03a38733) mul     a4, t2, s10
core   0: 0 0x80004520 (0x03a38733) x14 0xfffffdde
core   0: 0x80004524 (0x00879e33) sll     t3, a5, s0
core   0: 0 0x80004524 (0x00879e33) x28 0x30000000
core   0: 0x80004528 (0x61d7cd13) xori    s10, a5, 1565
core   0: 0 0x80004528 (0x61d7cd13) x26 0xfffffcae
core   0: 0x8000452c (0x0000cf05) c.beqz  a4, pc + 56
core   0: 0 0x8000452c (0xcf05)
core   0: 0x8000452e (0x00000001) c.nop
core   0: 0 0x8000452e (0x0001)
core   0: 0x80004530 (0x0300f6b3) remu    a3, ra, a6
core   0: 0 0x80004530 (0x0300f6b3) x13 0x00000001
core   0: 0x80004534 (0x00000001) c.nop
core   0: 0 0x80004534 (0x0001)
core   0: 0x80004536 (0x000097be) c.add   a5, a5
core   0: 0 0x80004536 (0x97be) x15 0xfffff566
core   0: 0x80004538 (0x036c6ab3) rem     s5, s8, s6
core   0: 0 0x80004538 (0x036c6ab3) x21 0x00000016
core   0: 0x8000453c (0x00008f51) c.or    a4, a2
core   0: 0 0x8000453c (0x8f51) x14 0xfffffdde
core   0: 0x8000453e (0x02efe963) bltu    t6, a4, pc + 50
core   0: 0 0x8000453e (0x02efe963)
core   0: 0x80004570 (0x01883eb3) sltu    t4, a6, s8
core   0: 0 0x80004570 (0x01883eb3) x29 0x00000000
core   0: 0x80004574 (0x00da6e33) or      t3, s4, a3
core   0: 0 0x80004574 (0x00da6e33) x28 0x00001fff
core   0: 0x80004578 (0x5f6f8693) addi    a3, t6, 1526
core   0: 0 0x80004578 (0x5f6f8693) x13 0x800262da
core   0: 0x8000457c (0x41e4f393) andi    t2, s1, 1054
core   0: 0 0x8000457c (0x41e4f393) x7  0x00000000
core   0: 0x80004580 (0x017f1b33) sll     s6, t5, s7
core   0: 0 0x80004580 (0x017f1b33) x22 0x80000000
core   0: 0x80004584 (0x02863533) mulhu   a0, a2, s0
core   0: 0 0x80004584 (0x02863533) x10 0x00000000
core   0: 0x80004588 (0x0000c609) c.beqz  a2, pc + 10
core   0: 0 0x80004588 (0xc609)
core   0: 0x80004592 (0x40de83b3) sub     t2, t4, a3
core   0: 0 0x80004592 (0x40de83b3) x7  0x7ffd9d26
core   0: 0x80004596 (0x00000001) c.nop
core   0: 0 0x80004596 (0x0001)
core   0: 0x80004598 (0x014c5cb3) srl     s9, s8, s4
core   0: 0 0x80004598 (0x014c5cb3) x25 0x00000000
core   0: 0x8000459c (0x00008c05) c.sub   s0, s1
core   0: 0 0x8000459c (0x8c05) x8  0xe5d3003b
core   0: 0x8000459e (0x02629863) bne     t0, t1, pc + 48
core   0: 0 0x8000459e (0x02629863)
core   0: 0x800045ce (0x00008369) c.srli  a4, 26
core   0: 0 0x800045ce (0x8369) x14 0x0000003f
core   0: 0x800045d0 (0x003a7463) bgeu    s4, gp, pc + 8
core   0: 0 0x800045d0 (0x003a7463)
core   0: 0x800045d4 (0x005c7433) and     s0, s8, t0
core   0: 0 0x800045d4 (0x005c7433) x8  0x00000000
core   0: 0x800045d8 (0x00000629) c.addi  a2, 10
core   0: 0 0x800045d8 (0x0629) x12 0x0000000a
core   0: 0x800045da (0x02943a33) mulhu   s4, s0, s1
core   0: 0 0x800045da (0x02943a33) x20 0x00000000
core   0: 0x800045de (0x00006871) c.lui   a6, 0x1c
core   0: 0 0x800045de (0x6871) x16 0x0001c000
core   0: 0x800045e0 (0x033cdab3) divu    s5, s9, s3
core   0: 0 0x800045e0 (0x033cdab3) x21 0x00000000
core   0: 0x800045e4 (0x4092d8b3) sra     a7, t0, s1
core   0: 0 0x800045e4 (0x4092d8b3) x17 0x000005e0
core   0: 0x800045e8 (0x000007ae) c.slli  a5, 11
core   0: 0 0x800045e8 (0x07ae) x15 0xffab3000
core   0: 0x800045ea (0x2c427913) andi    s2, tp, 708
core   0: 0 0x800045ea (0x2c427913) x18 0x00000080
core   0: 0x800045ee (0x0000ce8d) c.beqz  a3, pc + 58
core   0: 0 0x800045ee (0xce8d)
core   0: 0x800045f0 (0x00cdc463) blt     s11, a2, pc + 8
core   0: 0 0x800045f0 (0x00cdc463)
core   0: 0x800045f8 (0x40775a13) srai    s4, a4, 7
core   0: 0 0x800045f8 (0x40775a13) x20 0x00000000
core   0: 0x800045fc (0x00000c41) c.addi  s8, 16
core   0: 0 0x800045fc (0x0c41) x24 0x00000026
core   0: 0x800045fe (0x0000e89d) c.bnez  s1, pc + 54
core   0: 0 0x800045fe (0xe89d)
core   0: 0x80004634 (0x00a471b3) and     gp, s0, a0
core   0: 0 0x80004634 (0x00a471b3) x3  0x00000000
core   0: 0x80004638 (0x03791163) bne     s2, s7, pc + 34
core   0: 0 0x80004638 (0x03791163)
core   0: 0x8000465a (0x01e91eb3) sll     t4, s2, t5
core   0: 0 0x8000465a (0x01e91eb3) x29 0x00040000
core   0: 0x8000465e (0x01c0dd33) srl     s10, ra, t3
core   0: 0 0x8000465e (0x01c0dd33) x26 0x00000000
core   0: 0x80004662 (0x401eda93) srai    s5, t4, 1
core   0: 0 0x80004662 (0x401eda93) x21 0x00020000
core   0: 0x80004666 (0x01693433) sltu    s0, s2, s6
core   0: 0 0x80004666 (0x01693433) x8  0x00000001
core   0: 0x8000466a (0x0e756c93) ori     s9, a0, 231
core   0: 0 0x8000466a (0x0e756c93) x25 0x000000e7
core   0: 0x8000466e (0x013fc233) xor     tp, t6, s3
core   0: 0 0x8000466e (0x013fc233) x4  0x7ffda31b
core   0: 0x80004672 (0x00009bfd) c.andi  a5, -1
core   0: 0 0x80004672 (0x9bfd) x15 0xffab3000
core   0: 0x80004674 (0x0206ed63) bltu    a3, zero, pc + 58
core   0: 0 0x80004674 (0x0206ed63)
core   0: 0x80004678 (0x0269fb63) bgeu    s3, t1, pc + 54
core   0: 0 0x80004678 (0x0269fb63)
core   0: 0x800046ae (0x01bc1d33) sll     s10, s8, s11
core   0: 0 0x800046ae (0x01bc1d33) x26 0x0000004c
core   0: 0x800046b2 (0x022f9363) bne     t6, sp, pc + 38
core   0: 0 0x800046b2 (0x022f9363)
core   0: 0x800046d8 (0x0000100f) fence.i
core   0: 0 0x800046d8 (0x0000100f)
core   0: 0x800046dc (0x00000396) c.slli  t2, 5
core   0: 0 0x800046dc (0x0396) x7  0xffb3a4c0
core   0: 0x800046de (0x00008cb1) c.xor   s1, a2
core   0: 0 0x800046de (0x8cb1) x9  0x0000000b
core   0: 0x800046e0 (0x404388b3) sub     a7, t2, tp
core   0: 0 0x800046e0 (0x404388b3) x17 0x7fb601a5
core   0: 0x800046e4 (0x0124b2b3) sltu    t0, s1, s2
core   0: 0 0x800046e4 (0x0124b2b3) x5  0x00000001
core   0: 0x800046e8 (0x03681f63) bne     a6, s6, pc + 62
core   0: 0 0x800046e8 (0x03681f63)
core   0: 0x80004726 (0x00008779) c.srai  a4, 30
core   0: 0 0x80004726 (0x8779) x14 0x00000000
core   0: 0x80004728 (0x00006211) c.lui   tp, 0x4
core   0: 0 0x80004728 (0x6211) x4  0x00004000
core   0: 0x8000472a (0x02163e33) mulhu   t3, a2, ra
core   0: 0 0x8000472a (0x02163e33) x28 0x00000000
core   0: 0x8000472e (0x03abc763) blt     s7, s10, pc + 46
core   0: 0 0x8000472e (0x03abc763)
core   0: 0x8000475c (0x01809eb3) sll     t4, ra, s8
core   0: 0 0x8000475c (0x01809eb3) x29 0x00000040
core   0: 0x80004760 (0x03486533) rem     a0, a6, s4
core   0: 0 0x80004760 (0x03486533) x10 0x0001c000
core   0: 0x80004764 (0x01d59393) slli    t2, a1, 29
core   0: 0 0x80004764 (0x01d59393) x7  0x00000000
core   0: 0x80004768 (0x00dbd113) srli    sp, s7, 13
core   0: 0 0x80004768 (0x00dbd113) x2  0x0007ffff
core   0: 0x8000476c (0x00008ed9) c.or    a3, a4
core   0: 0 0x8000476c (0x8ed9) x13 0x800262da
core   0: 0x8000476e (0x00008efd) c.and   a3, a5
core   0: 0 0x8000476e (0x8efd) x13 0x80022000
core   0: 0x80004770 (0x018c5763) bge     s8, s8, pc + 14
core   0: 0 0x80004770 (0x018c5763)
core   0: 0x8000477e (0x00651d63) bne     a0, t1, pc + 26
core   0: 0 0x8000477e (0x00651d63)
core   0: 0x80004798 (0x0000ea01) c.bnez  a2, pc + 16
core   0: 0 0x80004798 (0xea01)
core   0: 0x800047a8 (0x00b55933) srl     s2, a0, a1
core   0: 0 0x800047a8 (0x00b55933) x18 0x0001c000
core   0: 0x800047ac (0x1e8f16b7) lui     a3, 0x1e8f1
core   0: 0 0x800047ac (0x1e8f16b7) x13 0x1e8f1000
core   0: 0x800047b0 (0x00006119) c.addi16sp sp, 384
core   0: 0 0x800047b0 (0x6119) x2  0x0008017f
core   0: 0x800047b2 (0x00005db3) srl     s11, zero, zero
core   0: 0 0x800047b2 (0x00005db3) x27 0x00000000
core   0: 0x800047b6 (0x4139de33) sra     t3, s3, s3
core   0: 0 0x800047b6 (0x4139de33) x28 0xffffffff
core   0: 0x800047ba (0x01a2b533) sltu    a0, t0, s10
core   0: 0 0x800047ba (0x01a2b533) x10 0x00000001
core   0: 0x800047be (0x02c200b3) mul     ra, tp, a2
core   0: 0 0x800047be (0x02c200b3) x1  0x00028000
core   0: 0x800047c2 (0x00009bfd) c.andi  a5, -1
core   0: 0 0x800047c2 (0x9bfd) x15 0xffab3000
core   0: 0x800047c4 (0x8253ae13) slti    t3, t2, -2011
core   0: 0 0x800047c4 (0x8253ae13) x28 0x00000000
core   0: 0x800047c8 (0x0124ef63) bltu    s1, s2, pc + 30
core   0: 0 0x800047c8 (0x0124ef63)
core   0: 0x800047e6 (0x437e8d93) addi    s11, t4, 1079
core   0: 0 0x800047e6 (0x437e8d93) x27 0x00000477
core   0: 0x800047ea (0x00009a7d) c.andi  a2, -1
core   0: 0 0x800047ea (0x9a7d) x12 0x0000000a
core   0: 0x800047ec (0x0000717d) c.addi16sp sp, -16
core   0: 0 0x800047ec (0x717d) x2  0x0008016f
core   0: 0x800047ee (0x8e412c93) slti    s9, sp, -1820
core   0: 0 0x800047ee (0x8e412c93) x25 0x00000000
core   0: 0x800047f2 (0x019faf33) slt     t5, t6, s9
core   0: 0 0x800047f2 (0x019faf33) x30 0x00000001
core   0: 0x800047f6 (0x41228433) sub     s0, t0, s2
core   0: 0 0x800047f6 (0x41228433) x8  0xfffe4001
core   0: 0x800047fa (0x898b7893) andi    a7, s6, -1896
core   0: 0 0x800047fa (0x898b7893) x17 0x80000000
core   0: 0x800047fe (0x00008956) c.mv    s2, s5
core   0: 0 0x800047fe (0x8956) x18 0x00020000
core   0: 0x80004800 (0x00009b96) c.add   s7, t0
core   0: 0 0x80004800 (0x9b96) x23 0x00000000
core   0: 0x80004802 (0x01d3acb3) slt     s9, t2, t4
core   0: 0 0x80004802 (0x01d3acb3) x25 0x00000001
core   0: 0x80004806 (0x00008bf1) c.andi  a5, 28
core   0: 0 0x80004806 (0x8bf1) x15 0x00000000
core   0: 0x80004808 (0x0211d2b3) divu    t0, gp, ra
core   0: 0 0x80004808 (0x0211d2b3) x5  0x00000000
core   0: 0x8000480c (0x03eca2b3) mulhsu  t0, s9, t5
core   0: 0 0x8000480c (0x03eca2b3) x5  0x00000000
core   0: 0x80004810 (0x00816e33) or      t3, sp, s0
core   0: 0 0x80004810 (0x00816e33) x28 0xfffe416f
core   0: 0x80004814 (0x0299fa33) remu    s4, s3, s1
core   0: 0 0x80004814 (0x0299fa33) x20 0x00000003
core   0: 0x80004818 (0x00008ef9) c.and   a3, a4
core   0: 0 0x80004818 (0x8ef9) x13 0x00000000
core   0: 0x8000481a (0x000000ed) c.addi  ra, 27
core   0: 0 0x8000481a (0x00ed) x1  0x0002801b
core   0: 0x8000481c (0x01cba833) slt     a6, s7, t3
core   0: 0 0x8000481c (0x01cba833) x16 0x00000000
core   0: 0x80004820 (0x01b2c363) blt     t0, s11, pc + 6
core   0: 0 0x80004820 (0x01b2c363)
core   0: 0x80004826 (0xa282ec93) ori     s9, t0, -1496
core   0: 0 0x80004826 (0xa282ec93) x25 0xfffffa28
core   0: 0x8000482a (0x4041d833) sra     a6, gp, tp
core   0: 0 0x8000482a (0x4041d833) x16 0x00000000
core   0: 0x8000482e (0x00004815) c.li    a6, 5
core   0: 0 0x8000482e (0x4815) x16 0x00000005
core   0: 0x80004830 (0x00004a0d) c.li    s4, 3
core   0: 0 0x80004830 (0x4a0d) x20 0x00000003
core   0: 0x80004832 (0x68e0f697) auipc   a3, 0x68e0f
core   0: 0 0x80004832 (0x68e0f697) x13 0xe8e13832
core   0: 0x80004836 (0x03d8ca33) div     s4, a7, t4
core   0: 0 0x80004836 (0x03d8ca33) x20 0xfe000000
core   0: 0x8000483a (0x0000c2a9) c.beqz  a3, pc + 66
core   0: 0 0x8000483a (0xc2a9)
core   0: 0x8000483c (0x00000001) c.nop
core   0: 0 0x8000483c (0x0001)
core   0: 0x8000483e (0x01ced033) srl     zero, t4, t3
core   0: 0 0x8000483e (0x01ced033)
core   0: 0x80004842 (0x00000d52) c.slli  s10, 20
core   0: 0 0x80004842 (0x0d52) x26 0x04c00000
core   0: 0x80004844 (0x404406b3) sub     a3, s0, tp
core   0: 0 0x80004844 (0x404406b3) x13 0xfffe0001
core   0: 0x80004848 (0x0ff0000f) fence   iorw,iorw
core   0: 0 0x80004848 (0x0ff0000f)
core   0: 0x8000484c (0x034beab3) rem     s5, s7, s4
core   0: 0 0x8000484c (0x034beab3) x21 0x00000000
core   0: 0x80004850 (0x0000c619) c.beqz  a2, pc + 14
core   0: 0 0x80004850 (0xc619)
core   0: 0x80004852 (0x021d6c63) bltu    s10, ra, pc + 56
core   0: 0 0x80004852 (0x021d6c63)
core   0: 0x80004856 (0x03426a63) bltu    tp, s4, pc + 52
core   0: 0 0x80004856 (0x03426a63)
core   0: 0x8000488a (0x04e056b7) lui     a3, 0x4e05
core   0: 0 0x8000488a (0x04e056b7) x13 0x04e05000
core   0: 0x8000488e (0x00f72cb3) slt     s9, a4, a5
core   0: 0 0x8000488e (0x00f72cb3) x25 0x00000000
core   0: 0x80004892 (0x02a878b3) remu    a7, a6, a0
core   0: 0 0x80004892 (0x02a878b3) x17 0x00000000
core   0: 0x80004896 (0x10c52213) slti    tp, a0, 268
core   0: 0 0x80004896 (0x10c52213) x4  0x00000001
core   0: 0x8000489a (0x00008f15) c.sub   a4, a3
core   0: 0 0x8000489a (0x8f15) x14 0xfb1fb000
core   0: 0x8000489c (0x022b5033) divu    zero, s6, sp
core   0: 0 0x8000489c (0x022b5033)
core   0: 0x800048a0 (0x015f5e93) srli    t4, t5, 21
core   0: 0 0x800048a0 (0x015f5e93) x29 0x00000000
core   0: 0x800048a4 (0x00ddc4b3) xor     s1, s11, a3
core   0: 0 0x800048a4 (0x00ddc4b3) x9  0x04e05477
core   0: 0x800048a8 (0x00006c49) c.lui   s8, 0x12
core   0: 0 0x800048a8 (0x6c49) x24 0x00012000
core   0: 0x800048aa (0x4050d113) srai    sp, ra, 5
core   0: 0 0x800048aa (0x4050d113) x2  0x00001400
core   0: 0x800048ae (0x03b17f33) remu    t5, sp, s11
core   0: 0 0x800048ae (0x03b17f33) x30 0x00000224
core   0: 0x800048b2 (0x02b64633) div     a2, a2, a1
core   0: 0 0x800048b2 (0x02b64633) x12 0x00000000
core   0: 0x800048b6 (0x0000cc85) c.beqz  s1, pc + 56
core   0: 0 0x800048b6 (0xcc85)
core   0: 0x800048b8 (0x002c4463) blt     s8, sp, pc + 8
core   0: 0 0x800048b8 (0x002c4463)
core   0: 0x800048bc (0x45b36e97) auipc   t4, 0x45b36
core   0: 0 0x800048bc (0x45b36e97) x29 0xc5b3a8bc
core   0: 0x800048c0 (0x006aa633) slt     a2, s5, t1
core   0: 0 0x800048c0 (0x006aa633) x12 0x00000000
core   0: 0x800048c4 (0x012e8c63) beq     t4, s2, pc + 24
core   0: 0 0x800048c4 (0x012e8c63)
core   0: 0x800048c8 (0x00000001) c.nop
core   0: 0 0x800048c8 (0x0001)
core   0: 0x800048ca (0xc4f0d9b7) lui     s3, 0xc4f0d
core   0: 0 0x800048ca (0xc4f0d9b7) x19 0xc4f0d000
core   0: 0x800048ce (0x00008509) c.srai  a0, 2
core   0: 0 0x800048ce (0x8509) x10 0x00000000
core   0: 0x800048d0 (0x00dff0b3) and     ra, t6, a3
core   0: 0 0x800048d0 (0x00dff0b3) x1  0x00005000
core   0: 0x800048d4 (0x0310c433) div     s0, ra, a7
core   0: 0 0x800048d4 (0x0310c433) x8  0xffffffff
core   0: 0x800048d8 (0x0068e633) or      a2, a7, t1
core   0: 0 0x800048d8 (0x0068e633) x12 0x00000000
core   0: 0x800048dc (0x00811b93) slli    s7, sp, 8
core   0: 0 0x800048dc (0x00811b93) x23 0x00140000
core   0: 0x800048e0 (0x0000717d) c.addi16sp sp, -16
core   0: 0 0x800048e0 (0x717d) x2  0x000013f0
core   0: 0x800048e2 (0x03e9bab3) mulhu   s5, s3, t5
core   0: 0 0x800048e2 (0x03e9bab3) x21 0x000001a5
core   0: 0x800048e6 (0x006ac963) blt     s5, t1, pc + 18
core   0: 0 0x800048e6 (0x006ac963)
core   0: 0x800048ea (0x019252b3) srl     t0, tp, s9
core   0: 0 0x800048ea (0x019252b3) x5  0x00000001
core   0: 0x800048ee (0x000006fd) c.addi  a3, 31
core   0: 0 0x800048ee (0x06fd) x13 0x04e0501f
core   0: 0x800048f0 (0x412e5f13) srai    t5, t3, 18
core   0: 0 0x800048f0 (0x412e5f13) x30 0xffffffff
core   0: 0x800048f4 (0x41710033) sub     zero, sp, s7
core   0: 0 0x800048f4 (0x41710033)
core   0: 0x800048f8 (0x00008fc9) c.or    a5, a0
core   0: 0 0x800048f8 (0x8fc9) x15 0x00000000
core   0: 0x800048fa (0x00f3b933) sltu    s2, t2, a5
core   0: 0 0x800048fa (0x00f3b933) x18 0x00000000
core   0: 0x800048fe (0xba590813) addi    a6, s2, -1115
core   0: 0 0x800048fe (0xba590813) x16 0xfffffba5
core   0: 0x80004902 (0x00000001) c.nop
core   0: 0 0x80004902 (0x0001)
core   0: 0x80004904 (0x0140dd63) bge     ra, s4, pc + 26
core   0: 0 0x80004904 (0x0140dd63)
core   0: 0x8000491e (0x024ba9b3) mulhsu  s3, s7, tp
core   0: 0 0x8000491e (0x024ba9b3) x19 0x00000000
core   0: 0x80004922 (0x03194933) div     s2, s2, a7
core   0: 0 0x80004922 (0x03194933) x18 0xffffffff
core   0: 0x80004926 (0x0011d793) srli    a5, gp, 1
core   0: 0 0x80004926 (0x0011d793) x15 0x00000000
core   0: 0x8000492a (0x010d5633) srl     a2, s10, a6
core   0: 0 0x8000492a (0x010d5633) x12 0x00260000
core   0: 0x8000492e (0x03877533) remu    a0, a4, s8
core   0: 0 0x8000492e (0x03877533) x10 0x0000b000
core   0: 0x80004932 (0xfb450813) addi    a6, a0, -76
core   0: 0 0x80004932 (0xfb450813) x16 0x0000afb4
core   0: 0x80004936 (0x000089f6) c.mv    s3, t4
core   0: 0 0x80004936 (0x89f6) x19 0xc5b3a8bc
core   0: 0x80004938 (0x000098fd) c.andi  s1, -1
core   0: 0 0x80004938 (0x98fd) x9  0x04e05477
core   0: 0x8000493a (0x00008f95) c.sub   a5, a3
core   0: 0 0x8000493a (0x8f95) x15 0xfb1fafe1
core   0: 0x8000493c (0x00001690) c.addi4spn a2, sp, 864
core   0: 0 0x8000493c (0x1690) x12 0x00001750
core   0: 0x8000493e (0x03b9e8b3) rem     a7, s3, s11
core   0: 0 0x8000493e (0x03b9e8b3) x17 0xfffffe0a
core   0: 0x80004942 (0x00008f85) c.sub   a5, s1
core   0: 0 0x80004942 (0x8f85) x15 0xf63f5b6a
core   0: 0x80004944 (0x00008e25) c.xor   a2, s1
core   0: 0 0x80004944 (0x8e25) x12 0x04e04327
core   0: 0x80004946 (0x00009ad6) c.add   s5, s5
core   0: 0 0x80004946 (0x9ad6) x21 0x0000034a
core   0: 0x80004948 (0x00000001) c.nop
core   0: 0 0x80004948 (0x0001)
core   0: 0x8000494a (0x08fcff13) andi    t5, s9, 143
core   0: 0 0x8000494a (0x08fcff13) x30 0x00000000
core   0: 0x8000494e (0x02c3ceb3) div     t4, t2, a2
core   0: 0 0x8000494e (0x02c3ceb3) x29 0x00000000
core   0: 0x80004952 (0x022111b3) mulh    gp, sp, sp
core   0: 0 0x80004952 (0x022111b3) x3  0x00000000
core   0: 0x80004956 (0x03a118b3) mulh    a7, sp, s10
core   0: 0 0x80004956 (0x03a118b3) x17 0x0000005e
core   0: 0x8000495a (0x40f08d33) sub     s10, ra, a5
core   0: 0 0x8000495a (0x40f08d33) x26 0x09c0f496
core   0: 0x8000495e (0x017034b3) snez    s1, s7
core   0: 0 0x8000495e (0x017034b3) x9  0x00000001
core   0: 0x80004962 (0x003f30b3) sltu    ra, t5, gp
core   0: 0 0x80004962 (0x003f30b3) x1  0x00000000
core   0: 0x80004966 (0x027397b3) mulh    a5, t2, t2
core   0: 0 0x80004966 (0x027397b3) x15 0x00000000
core   0: 0x8000496a (0x00008f05) c.sub   a4, s1
core   0: 0 0x8000496a (0x8f05) x14 0xfb1fafff
core   0: 0x8000496c (0xc6b28a93) addi    s5, t0, -917
core   0: 0 0x8000496c (0xc6b28a93) x21 0xfffffc6c
core   0: 0x80004970 (0x00008cd1) c.or    s1, a2
core   0: 0 0x80004970 (0x8cd1) x9  0x04e04327
core   0: 0x80004972 (0x2f73c393) xori    t2, t2, 759
core   0: 0 0x80004972 (0x2f73c393) x7  0x000002f7
core   0: 0x80004976 (0x4067da33) sra     s4, a5, t1
core   0: 0 0x80004976 (0x4067da33) x20 0x00000000
core   0: 0x8000497a (0x03d516b3) mulh    a3, a0, t4
core   0: 0 0x8000497a (0x03d516b3) x13 0x00000000
core   0: 0x8000497e (0x415fd493) srai    s1, t6, 21
core   0: 0 0x8000497e (0x415fd493) x9  0xfffffc00
core   0: 0x80004982 (0x03f2f6b3) remu    a3, t0, t6
core   0: 0 0x80004982 (0x03f2f6b3) x13 0x00000001
core   0: 0x80004986 (0x000002e1) c.addi  t0, 24
core   0: 0 0x80004986 (0x02e1) x5  0x00000019
core   0: 0x80004988 (0x00000001) c.nop
core   0: 0 0x80004988 (0x0001)
core   0: 0x8000498a (0x04094063) bltz    s2, pc + 64
core   0: 0 0x8000498a (0x04094063)
core   0: 0x800049ca (0x01a2bf33) sltu    t5, t0, s10
core   0: 0 0x800049ca (0x01a2bf33) x30 0x00000001
core   0: 0x800049ce (0x00008ee1) c.and   a3, s0
core   0: 0 0x800049ce (0x8ee1) x13 0x00000001
core   0: 0x800049d0 (0x02f7aab3) mulhsu  s5, a5, a5
core   0: 0 0x800049d0 (0x02f7aab3) x21 0x00000000
core   0: 0x800049d4 (0x57dbf997) auipc   s3, 0x57dbf
core   0: 0 0x800049d4 (0x57dbf997) x19 0xd7dc39d4
core   0: 0x800049d8 (0x009eee63) bltu    t4, s1, pc + 28
core   0: 0 0x800049d8 (0x009eee63)
core   0: 0x800049f4 (0x00008f71) c.and   a4, a2
core   0: 0 0x800049f4 (0x8f71) x14 0x00000327
core   0: 0x800049f6 (0x0299c933) div     s2, s3, s1
core   0: 0 0x800049f6 (0x0299c933) x18 0x000a08f1
core   0: 0x800049fa (0x40875b93) srai    s7, a4, 8
core   0: 0 0x800049fa (0x40875b93) x23 0x00000003
core   0: 0x800049fe (0x02e3c363) blt     t2, a4, pc + 38
core   0: 0 0x800049fe (0x02e3c363)
core   0: 0x80004a24 (0x64dc3813) sltiu   a6, s8, 1613
core   0: 0 0x80004a24 (0x64dc3813) x16 0x00000000
core   0: 0x80004a28 (0x00008cf1) c.and   s1, a2
core   0: 0 0x80004a28 (0x8cf1) x9  0x04e04000
core   0: 0x80004a2a (0x00001f04) c.addi4spn s1, sp, 944
core   0: 0 0x80004a2a (0x1f04) x9  0x000017a0
core   0: 0x80004a2c (0x00006149) c.addi16sp sp, 144
core   0: 0 0x80004a2c (0x6149) x2  0x00001480
core   0: 0x80004a2e (0x03530663) beq     t1, s5, pc + 44
core   0: 0 0x80004a2e (0x03530663)
core   0: 0x80004a5a (0x00ca6cb3) or      s9, s4, a2
core   0: 0 0x80004a5a (0x00ca6cb3) x25 0x04e04327
core   0: 0x80004a5e (0x000087cd) c.srai  a5, 19
core   0: 0 0x80004a5e (0x87cd) x15 0x00000000
core   0: 0x80004a60 (0x12398893) addi    a7, s3, 291
core   0: 0 0x80004a60 (0x12398893) x17 0xd7dc3af7
core   0: 0x80004a64 (0x00006121) c.addi16sp sp, 64
core   0: 0 0x80004a64 (0x6121) x2  0x000014c0
core   0: 0x80004a66 (0xc7d44693) xori    a3, s0, -899
core   0: 0 0x80004a66 (0xc7d44693) x13 0x00000382
core   0: 0x80004a6a (0x001c9f13) slli    t5, s9, 1
core   0: 0 0x80004a6a (0x001c9f13) x30 0x09c0864e
core   0: 0x80004a6e (0x0220fc63) bgeu    ra, sp, pc + 56
core   0: 0 0x80004a6e (0x0220fc63)
core   0: 0x80004a72 (0x0ff0000f) fence   iorw,iorw
core   0: 0 0x80004a72 (0x0ff0000f)
core   0: 0x80004a76 (0x000050fd) c.li    ra, -1
core   0: 0 0x80004a76 (0x50fd) x1  0xffffffff
core   0: 0x80004a78 (0x00008e5d) c.or    a2, a5
core   0: 0 0x80004a78 (0x8e5d) x12 0x04e04327
core   0: 0x80004a7a (0x00006125) c.addi16sp sp, 96
core   0: 0 0x80004a7a (0x6125) x2  0x00001520
core   0: 0x80004a7c (0x0240c563) blt     ra, tp, pc + 42
core   0: 0 0x80004a7c (0x0240c563)
core   0: 0x80004aa6 (0x004edd93) srli    s11, t4, 4
core   0: 0 0x80004aa6 (0x004edd93) x27 0x00000000
core   0: 0x80004aaa (0x00000146) c.slli  sp, 17
core   0: 0 0x80004aaa (0x0146) x2  0x2a400000
core   0: 0x80004aac (0x0259e933) rem     s2, s3, t0
core   0: 0 0x80004aac (0x0259e933) x18 0xfffffff9
core   0: 0x80004ab0 (0x005c0d33) add     s10, s8, t0
core   0: 0 0x80004ab0 (0x005c0d33) x26 0x00012019
core   0: 0x80004ab4 (0x02fbcc33) div     s8, s7, a5
core   0: 0 0x80004ab4 (0x02fbcc33) x24 0xffffffff
core   0: 0x80004ab8 (0x00001910) c.addi4spn a2, sp, 176
core   0: 0 0x80004ab8 (0x1910) x12 0x2a4000b0
core   0: 0x80004aba (0x00008ef1) c.and   a3, a2
core   0: 0 0x80004aba (0x8ef1) x13 0x00000080
core   0: 0x80004abc (0x027467b3) rem     a5, s0, t2
core   0: 0 0x80004abc (0x027467b3) x15 0xffffffff
core   0: 0x80004ac0 (0x01fd9263) bne     s11, t6, pc + 4
core   0: 0 0x80004ac0 (0x01fd9263)
core   0: 0x80004ac4 (0x036fc963) blt     t6, s6, pc + 50
core   0: 0 0x80004ac4 (0x036fc963)
core   0: 0x80004ac8 (0xc589b413) sltiu   s0, s3, -936
core   0: 0 0x80004ac8 (0xc589b413) x8  0x00000001
core   0: 0x80004acc (0x000049e5) c.li    s3, 25
core   0: 0 0x80004acc (0x49e5) x19 0x00000019
core   0: 0x80004ace (0x00000c32) c.slli  s8, 12
core   0: 0 0x80004ace (0x0c32) x24 0xfffff000
core   0: 0x80004ad0 (0x025afc63) bgeu    s5, t0, pc + 56
core   0: 0 0x80004ad0 (0x025afc63)
core   0: 0x80004ad4 (0x407b5913) srai    s2, s6, 7
core   0: 0 0x80004ad4 (0x407b5913) x18 0xff000000
core   0: 0x80004ad8 (0x0000100f) fence.i
core   0: 0 0x80004ad8 (0x0000100f)
core   0: 0x80004adc (0xf0492e13) slti    t3, s2, -252
core   0: 0 0x80004adc (0xf0492e13) x28 0x00000001
core   0: 0x80004ae0 (0x88fd0813) addi    a6, s10, -1905
core   0: 0 0x80004ae0 (0x88fd0813) x16 0x000118a8
core   0: 0x80004ae4 (0x41260033) sub     zero, a2, s2
core   0: 0 0x80004ae4 (0x41260033)
core   0: 0x80004ae8 (0x00008309) c.srli  a4, 2
core   0: 0 0x80004ae8 (0x8309) x14 0x000000c9
core   0: 0x80004aea (0x0165f4b3) and     s1, a1, s6
core   0: 0 0x80004aea (0x0165f4b3) x9  0x80000000
core   0: 0x80004aee (0x00000a04) c.addi4spn s1, sp, 272
core   0: 0 0x80004aee (0x0a04) x9  0x2a400110
core   0: 0x80004af0 (0x00004131) c.li    sp, 12
core   0: 0 0x80004af0 (0x4131) x2  0x0000000c
core   0: 0x80004af2 (0x03fe9833) mulh    a6, t4, t6
core   0: 0 0x80004af2 (0x03fe9833) x16 0x00000000
core   0: 0x80004af6 (0x00000694) c.addi4spn a3, sp, 832
core   0: 0 0x80004af6 (0x0694) x13 0x0000034c
core   0: 0x80004af8 (0x005c5493) srli    s1, s8, 5
core   0: 0 0x80004af8 (0x005c5493) x9  0x07ffff80
core   0: 0x80004afc (0x0000ce9d) c.beqz  a3, pc + 62
core   0: 0 0x80004afc (0xce9d)
core   0: 0x80004afe (0x00a55293) srli    t0, a0, 10
core   0: 0 0x80004afe (0x00a55293) x5  0x0000002c
core   0: 0x80004b02 (0x00000001) c.nop
core   0: 0 0x80004b02 (0x0001)
core   0: 0x80004b04 (0x024b1033) mulh    zero, s6, tp
core   0: 0 0x80004b04 (0x024b1033)
core   0: 0x80004b08 (0x00008485) c.srai  s1, 1
core   0: 0 0x80004b08 (0x8485) x9  0x03ffffc0
core   0: 0x80004b0a (0x0290fa63) bgeu    ra, s1, pc + 52
core   0: 0 0x80004b0a (0x0290fa63)
core   0: 0x80004b3e (0x033050b3) divu    ra, zero, s3
core   0: 0 0x80004b3e (0x033050b3) x1  0x00000000
core   0: 0x80004b42 (0x85693913) sltiu   s2, s2, -1962
core   0: 0 0x80004b42 (0x85693913) x18 0x00000001
core   0: 0x80004b46 (0x41d9d733) sra     a4, s3, t4
core   0: 0 0x80004b46 (0x41d9d733) x14 0x00000019
core   0: 0x80004b4a (0x84b03c93) sltiu   s9, zero, -1973
core   0: 0 0x80004b4a (0x84b03c93) x25 0x00000001
core   0: 0x80004b4e (0x02175463) bge     a4, ra, pc + 40
core   0: 0 0x80004b4e (0x02175463)
core   0: 0x80004b76 (0x01c5f363) bgeu    a1, t3, pc + 6
core   0: 0 0x80004b76 (0x01c5f363)
core   0: 0x80004b7c (0x032af8b3) remu    a7, s5, s2
core   0: 0 0x80004b7c (0x032af8b3) x17 0x00000000
core   0: 0x80004b80 (0xb9198837) lui     a6, 0xb9198
core   0: 0 0x80004b80 (0xb9198837) x16 0xb9198000
core   0: 0x80004b84 (0x41885113) srai    sp, a6, 24
core   0: 0 0x80004b84 (0x41885113) x2  0xffffffb9
core   0: 0x80004b88 (0x0000717d) c.addi16sp sp, -16
core   0: 0 0x80004b88 (0x717d) x2  0xffffffa9
core   0: 0x80004b8a (0x00f8d463) bge     a7, a5, pc + 8
core   0: 0 0x80004b8a (0x00f8d463)
core   0: 0x80004b92 (0x00635a63) bge     t1, t1, pc + 20
core   0: 0 0x80004b92 (0x00635a63)
core   0: 0x80004ba6 (0x01109513) slli    a0, ra, 17
core   0: 0 0x80004ba6 (0x01109513) x10 0x00000000
core   0: 0x80004baa (0x02e36233) rem     tp, t1, a4
core   0: 0 0x80004baa (0x02e36233) x4  0x00000000
core   0: 0x80004bae (0x00000001) c.nop
core   0: 0 0x80004bae (0x0001)
core   0: 0x80004bb0 (0x0000100f) fence.i
core   0: 0 0x80004bb0 (0x0000100f)
core   0: 0x80004bb4 (0x00009b6e) c.add   s6, s11
core   0: 0 0x80004bb4 (0x9b6e) x22 0x80000000
core   0: 0x80004bb6 (0x0ff0000f) fence   iorw,iorw
core   0: 0 0x80004bb6 (0x0ff0000f)
core   0: 0x80004bba (0x0000997d) c.andi  a0, -1
core   0: 0 0x80004bba (0x997d) x10 0x00000000
core   0: 0x80004bbc (0x032ae533) rem     a0, s5, s2
core   0: 0 0x80004bbc (0x032ae533) x10 0x00000000
core   0: 0x80004bc0 (0x00000a36) c.slli  s4, 13
core   0: 0 0x80004bc0 (0x0a36) x20 0x00000000
core   0: 0x80004bc2 (0x03f99263) bne     s3, t6, pc + 36
core   0: 0 0x80004bc2 (0x03f99263)
core   0: 0x80004be6 (0x00008c55) c.or    s0, a3
core   0: 0 0x80004be6 (0x8c55) x8  0x0000034d
core   0: 0x80004be8 (0x0231f763) bgeu    gp, gp, pc + 46
core   0: 0 0x80004be8 (0x0231f763)
core   0: 0x80004c16 (0x0000c799) c.beqz  a5, pc + 14
core   0: 0 0x80004c16 (0xc799)
core   0: 0x80004c18 (0x000099a6) c.add   s3, s1
core   0: 0 0x80004c18 (0x99a6) x19 0x03ffffd9
core   0: 0x80004c1a (0x0000984e) c.add   a6, s3
core   0: 0 0x80004c1a (0x984e) x16 0xbd197fd9
core   0: 0x80004c1c (0x02ad63b3) rem     t2, s10, a0
core   0: 0 0x80004c1c (0x02ad63b3) x7  0x00012019
core   0: 0x80004c20 (0x0199d963) bge     s3, s9, pc + 18
core   0: 0 0x80004c20 (0x0199d963)
core   0: 0x80004c32 (0x0187ecb3) or      s9, a5, s8
core   0: 0 0x80004c32 (0x0187ecb3) x25 0xffffffff
core   0: 0x80004c36 (0x027a2bb3) mulhsu  s7, s4, t2
core   0: 0 0x80004c36 (0x027a2bb3) x23 0x00000000
core   0: 0x80004c3a (0x02cec6b3) div     a3, t4, a2
core   0: 0 0x80004c3a (0x02cec6b3) x13 0x00000000
core   0: 0x80004c3e (0x02e28b63) beq     t0, a4, pc + 54
core   0: 0 0x80004c3e (0x02e28b63)
core   0: 0x80004c42 (0x007ec3b3) xor     t2, t4, t2
core   0: 0 0x80004c42 (0x007ec3b3) x7  0x00012019
core   0: 0x80004c46 (0x0380fe33) remu    t3, ra, s8
core   0: 0 0x80004c46 (0x0380fe33) x28 0x00000000
core   0: 0x80004c4a (0x41220933) sub     s2, tp, s2
core   0: 0 0x80004c4a (0x41220933) x18 0xffffffff
core   0: 0x80004c4e (0x0ff0000f) fence   iorw,iorw
core   0: 0 0x80004c4e (0x0ff0000f)
core   0: 0x80004c52 (0x5dda2a93) slti    s5, s4, 1501
core   0: 0 0x80004c52 (0x5dda2a93) x21 0x00000001
core   0: 0x80004c56 (0x5ac52993) slti    s3, a0, 1452
core   0: 0 0x80004c56 (0x5ac52993) x19 0x00000001
core   0: 0x80004c5a (0x00008c59) c.or    s0, a4
core   0: 0 0x80004c5a (0x8c59) x8  0x0000035d
core   0: 0x80004c5c (0x03c3cc63) blt     t2, t3, pc + 56
core   0: 0 0x80004c5c (0x03c3cc63)
core   0: 0x80004c60 (0x011de233) or      tp, s11, a7
core   0: 0 0x80004c60 (0x011de233) x4  0x00000000
core   0: 0x80004c64 (0x01129863) bne     t0, a7, pc + 16
core   0: 0 0x80004c64 (0x01129863)
core   0: 0x80004c74 (0x00000001) c.nop
core   0: 0 0x80004c74 (0x0001)
core   0: 0x80004c76 (0x0000717d) c.addi16sp sp, -16
core   0: 0 0x80004c76 (0x717d) x2  0xffffff99
core   0: 0x80004c78 (0x0000997d) c.andi  a0, -1
core   0: 0 0x80004c78 (0x997d) x10 0x00000000
core   0: 0x80004c7a (0x02666db3) rem     s11, a2, t1
core   0: 0 0x80004c7a (0x02666db3) x27 0x2a4000b0
core   0: 0x80004c7e (0x00008e05) c.sub   a2, s1
core   0: 0 0x80004c7e (0x8e05) x12 0x264000f0
core   0: 0x80004c80 (0xe6ba8b13) addi    s6, s5, -405
core   0: 0 0x80004c80 (0xe6ba8b13) x22 0xfffffe6c
core   0: 0x80004c84 (0x41928db3) sub     s11, t0, s9
core   0: 0 0x80004c84 (0x41928db3) x27 0x0000002d
core   0: 0x80004c88 (0x00129513) slli    a0, t0, 1
core   0: 0 0x80004c88 (0x00129513) x10 0x00000058
core   0: 0x80004c8c (0x0000100f) fence.i
core   0: 0 0x80004c8c (0x0000100f)
core   0: 0x80004c90 (0x9aa9e113) ori     sp, s3, -1622
core   0: 0 0x80004c90 (0x9aa9e113) x2  0xfffff9ab
core   0: 0x80004c94 (0x00008d09) c.sub   a0, a0
core   0: 0 0x80004c94 (0x8d09) x10 0x00000000
core   0: 0x80004c96 (0x000094f2) c.add   s1, t3
core   0: 0 0x80004c96 (0x94f2) x9  0x03ffffc0
core   0: 0x80004c98 (0x000090b6) c.add   ra, a3
core   0: 0 0x80004c98 (0x90b6) x1  0x00000000
core   0: 0x80004c9a (0x00008029) c.srli  s0, 10
core   0: 0 0x80004c9a (0x8029) x8  0x00000000
core   0: 0x80004c9c (0x5ebc4293) xori    t0, s8, 1515
core   0: 0 0x80004c9c (0x5ebc4293) x5  0xfffff5eb
core   0: 0x80004ca0 (0x000a2633) slt     a2, s4, zero
core   0: 0 0x80004ca0 (0x000a2633) x12 0x00000000
core   0: 0x80004ca4 (0x03a52a33) mulhsu  s4, a0, s10
core   0: 0 0x80004ca4 (0x03a52a33) x20 0x00000000
core   0: 0x80004ca8 (0x01dca1b3) slt     gp, s9, t4
core   0: 0 0x80004ca8 (0x01dca1b3) x3  0x00000001
core   0: 0x80004cac (0x00000a2a) c.slli  s4, 10
core   0: 0 0x80004cac (0x0a2a) x20 0x00000000
core   0: 0x80004cae (0x01a9d363) bge     s3, s10, pc + 6
core   0: 0 0x80004cae (0x01a9d363)
core   0: 0x80004cb2 (0x00000001) c.nop
core   0: 0 0x80004cb2 (0x0001)
core   0: 0x80004cb4 (0x009b4133) xor     sp, s6, s1
core   0: 0 0x80004cb4 (0x009b4133) x2  0xfc0001ac
core   0: 0x80004cb8 (0x00008a31) c.andi  a2, 12
core   0: 0 0x80004cb8 (0x8a31) x12 0x00000000
core   0: 0x80004cba (0x030b7563) bgeu    s6, a6, pc + 42
core   0: 0 0x80004cba (0x030b7563)
core   0: 0x80004ce4 (0x0000547d) c.li    s0, -1
core   0: 0 0x80004ce4 (0x547d) x8  0xffffffff
core   0: 0x80004ce6 (0x00006175) c.addi16sp sp, 368
core   0: 0 0x80004ce6 (0x6175) x2  0xfc00031c
core   0: 0x80004ce8 (0x0000100f) fence.i
core   0: 0 0x80004ce8 (0x0000100f)
core   0: 0x80004cec (0x004970b3) and     ra, s2, tp
core   0: 0 0x80004cec (0x004970b3) x1  0x00000000
core   0: 0x80004cf0 (0x00009bfd) c.andi  a5, -1
core   0: 0 0x80004cf0 (0x9bfd) x15 0xffffffff
core   0: 0x80004cf2 (0x0000ee0d) c.bnez  a2, pc + 58
core   0: 0 0x80004cf2 (0xee0d)
core   0: 0x80004cf4 (0x0a4b4e13) xori    t3, s6, 164
core   0: 0 0x80004cf4 (0x0a4b4e13) x28 0xfffffec8
core   0: 0x80004cf8 (0x00008ed9) c.or    a3, a4
core   0: 0 0x80004cf8 (0x8ed9) x13 0x00000019
core   0: 0x80004cfa (0x9a6d3913) sltiu   s2, s10, -1626
core   0: 0 0x80004cfa (0x9a6d3913) x18 0x00000001
core   0: 0x80004cfe (0x00009bfd) c.andi  a5, -1
core   0: 0 0x80004cfe (0x9bfd) x15 0xffffffff
core   0: 0x80004d00 (0x00009cde) c.add   s9, s7
core   0: 0 0x80004d00 (0x9cde) x25 0xffffffff
core   0: 0x80004d02 (0x26fc4113) xori    sp, s8, 623
core   0: 0 0x80004d02 (0x26fc4113) x2  0xfffff26f
core   0: 0x80004d06 (0x4fcca693) slti    a3, s9, 1276
core   0: 0 0x80004d06 (0x4fcca693) x13 0x00000001
core   0: 0x80004d0a (0x00000766) c.slli  a4, 25
core   0: 0 0x80004d0a (0x0766) x14 0x32000000
core   0: 0x80004d0c (0x976f3793) sltiu   a5, t5, -1674
core   0: 0 0x80004d0c (0x976f3793) x15 0x00000001
core   0: 0x80004d10 (0x00845193) srli    gp, s0, 8
core   0: 0 0x80004d10 (0x00845193) x3  0x00ffffff
core   0: 0x80004d14 (0x0000100f) fence.i
core   0: 0 0x80004d14 (0x0000100f)
core   0: 0x80004d18 (0x0000cb8d) c.beqz  a5, pc + 50
core   0: 0 0x80004d18 (0xcb8d)
core   0: 0x80004d1a (0x0000c109) c.beqz  a0, pc + 2
core   0: 0 0x80004d1a (0xc109)
core   0: 0x80004d1c (0x2425a493) slti    s1, a1, 578
core   0: 0 0x80004d1c (0x2425a493) x9  0x00000001
core   0: 0x80004d20 (0x02337a33) remu    s4, t1, gp
core   0: 0 0x80004d20 (0x02337a33) x20 0x00000000
core   0: 0x80004d24 (0x81af3913) sltiu   s2, t5, -2022
core   0: 0 0x80004d24 (0x81af3913) x18 0x00000001
core   0: 0x80004d28 (0x02116363) bltu    sp, ra, pc + 38
core   0: 0 0x80004d28 (0x02116363)
core   0: 0x80004d2c (0x000098fd) c.andi  s1, -1
core   0: 0 0x80004d2c (0x98fd) x9  0x00000001
core   0: 0x80004d2e (0x00008f7d) c.and   a4, a5
core   0: 0 0x80004d2e (0x8f7d) x14 0x00000000
core   0: 0x80004d30 (0x027e7263) bgeu    t3, t2, pc + 36
core   0: 0 0x80004d30 (0x027e7263)
core   0: 0x80004d54 (0x00008c25) c.xor   s0, s1
core   0: 0 0x80004d54 (0x8c25) x8  0xfffffffe
core   0: 0x80004d56 (0x00000e98) c.addi4spn a4, sp, 848
core   0: 0 0x80004d56 (0x0e98) x14 0xfffff5bf
core   0: 0x80004d58 (0x00436c33) or      s8, t1, tp
core   0: 0 0x80004d58 (0x00436c33) x24 0x00000000
core   0: 0x80004d5c (0x00000001) c.nop
core   0: 0 0x80004d5c (0x0001)
core   0: 0x80004d5e (0x02115163) bge     sp, ra, pc + 34
core   0: 0 0x80004d5e (0x02115163)
core   0: 0x80004d62 (0x0000100f) fence.i
core   0: 0 0x80004d62 (0x0000100f)
core   0: 0x80004d66 (0x40e7d0b3) sra     ra, a5, a4
core   0: 0 0x80004d66 (0x40e7d0b3) x1  0x00000000
core   0: 0x80004d6a (0x01314f33) xor     t5, sp, s3
core   0: 0 0x80004d6a (0x01314f33) x30 0xfffff26e
core   0: 0x80004d6e (0x03309b63) bne     ra, s3, pc + 54
core   0: 0 0x80004d6e (0x03309b63)
core   0: 0x80004da4 (0x00f5de93) srli    t4, a1, 15
core   0: 0 0x80004da4 (0x00f5de93) x29 0x00010004
core   0: 0x80004da8 (0x795bfa37) lui     s4, 0x795bf
core   0: 0 0x80004da8 (0x795bfa37) x20 0x795bf000
core   0: 0x80004dac (0x009f57b3) srl     a5, t5, s1
core   0: 0 0x80004dac (0x009f57b3) x15 0x7ffff937
core   0: 0x80004db0 (0x00008f81) c.sub   a5, s0
core   0: 0 0x80004db0 (0x8f81) x15 0x7ffff939
core   0: 0x80004db2 (0x01abca33) xor     s4, s7, s10
core   0: 0 0x80004db2 (0x01abca33) x20 0x00012019
core   0: 0x80004db6 (0x00000c91) c.addi  s9, 4
core   0: 0 0x80004db6 (0x0c91) x25 0x00000003
core   0: 0x80004db8 (0x03d3fc63) bgeu    t2, t4, pc + 56
core   0: 0 0x80004db8 (0x03d3fc63)
core   0: 0x80004df0 (0x40a05113) srai    sp, zero, 10
core   0: 0 0x80004df0 (0x40a05113) x2  0x00000000
core   0: 0x80004df4 (0x00b8f763) bgeu    a7, a1, pc + 14
core   0: 0 0x80004df4 (0x00b8f763)
core   0: 0x80004df8 (0x00008321) c.srli  a4, 8
core   0: 0 0x80004df8 (0x8321) x14 0x00fffff5
core   0: 0x80004dfa (0x00dc8763) beq     s9, a3, pc + 14
core   0: 0 0x80004dfa (0x00dc8763)
core   0: 0x80004dfe (0x41365233) sra     tp, a2, s3
core   0: 0 0x80004dfe (0x41365233) x4  0x00000000
core   0: 0x80004e02 (0x00000001) c.nop
core   0: 0 0x80004e02 (0x0001)
core   0: 0x80004e04 (0x845af793) andi    a5, s5, -1979
core   0: 0 0x80004e04 (0x845af793) x15 0x00000001
core   0: 0x80004e08 (0x0377ab33) mulhsu  s6, a5, s7
core   0: 0 0x80004e08 (0x0377ab33) x22 0x00000000
core   0: 0x80004e0c (0xb3860b13) addi    s6, a2, -1224
core   0: 0 0x80004e0c (0xb3860b13) x22 0xfffffb38
core   0: 0x80004e10 (0xaf5a6c13) ori     s8, s4, -1291
core   0: 0 0x80004e10 (0xaf5a6c13) x24 0xfffffafd
core   0: 0x80004e14 (0x611ce893) ori     a7, s9, 1553
core   0: 0 0x80004e14 (0x611ce893) x17 0x00000613
core   0: 0x80004e18 (0x0ff0000f) fence   iorw,iorw
core   0: 0 0x80004e18 (0x0ff0000f)
core   0: 0x80004e1c (0x000084ed) c.srai  s1, 27
core   0: 0 0x80004e1c (0x84ed) x9  0x00000000
core   0: 0x80004e1e (0x00000001) c.nop
core   0: 0 0x80004e1e (0x0001)
core   0: 0x80004e20 (0x000082f1) c.srli  a3, 28
core   0: 0 0x80004e20 (0x82f1) x13 0x00000000
core   0: 0x80004e22 (0x12a58793) addi    a5, a1, 298
core   0: 0 0x80004e22 (0x12a58793) x15 0x80021f4a
core   0: 0x80004e26 (0x020de263) bltu    s11, zero, pc + 36
core   0: 0 0x80004e26 (0x020de263)
core   0: 0x80004e2a (0x0102de93) srli    t4, t0, 16
core   0: 0 0x80004e2a (0x0102de93) x29 0x0000ffff
core   0: 0x80004e2e (0x0b787d13) andi    s10, a6, 183
core   0: 0 0x80004e2e (0x0b787d13) x26 0x00000091
core   0: 0x80004e32 (0x02a5dc33) divu    s8, a1, a0
core   0: 0 0x80004e32 (0x02a5dc33) x24 0xffffffff
core   0: 0x80004e36 (0x02416963) bltu    sp, tp, pc + 50
core   0: 0 0x80004e36 (0x02416963)
core   0: 0x80004e3a (0x00ffaa33) slt     s4, t6, a5
core   0: 0 0x80004e3a (0x00ffaa33) x20 0x00000000
core   0: 0x80004e3e (0x037a1963) bne     s4, s7, pc + 50
core   0: 0 0x80004e3e (0x037a1963)
core   0: 0x80004e42 (0x01c82ab3) slt     s5, a6, t3
core   0: 0 0x80004e42 (0x01c82ab3) x21 0x00000001
core   0: 0x80004e46 (0x008b8e33) add     t3, s7, s0
core   0: 0 0x80004e46 (0x008b8e33) x28 0xfffffffe
core   0: 0x80004e4a (0x02b2e4b3) rem     s1, t0, a1
core   0: 0 0x80004e4a (0x02b2e4b3) x9  0xfffff5eb
core   0: 0x80004e4e (0x00008eb1) c.xor   a3, a2
core   0: 0 0x80004e4e (0x8eb1) x13 0x00000000
core   0: 0x80004e50 (0x01397233) and     tp, s2, s3
core   0: 0 0x80004e50 (0x01397233) x4  0x00000001
core   0: 0x80004e54 (0x00004299) c.li    t0, 6
core   0: 0 0x80004e54 (0x4299) x5  0x00000006
core   0: 0x80004e56 (0x00000001) c.nop
core   0: 0 0x80004e56 (0x0001)
core   0: 0x80004e58 (0x037420b3) mulhsu  ra, s0, s7
core   0: 0 0x80004e58 (0x037420b3) x1  0x00000000
core   0: 0x80004e5c (0x018503b3) add     t2, a0, s8
core   0: 0 0x80004e5c (0x018503b3) x7  0xffffffff
core   0: 0x80004e60 (0x019272b3) and     t0, tp, s9
core   0: 0 0x80004e60 (0x019272b3) x5  0x00000001
core   0: 0x80004e64 (0x03e860b3) rem     ra, a6, t5
core   0: 0 0x80004e64 (0x03e860b3) x1  0xfffff9d5
core   0: 0x80004e68 (0x6196f693) andi    a3, a3, 1561
core   0: 0 0x80004e68 (0x6196f693) x13 0x00000000
core   0: 0x80004e6c (0x007f4b33) xor     s6, t5, t2
core   0: 0 0x80004e6c (0x007f4b33) x22 0x00000d91
core   0: 0x80004e70 (0x00db33b3) sltu    t2, s6, a3
core   0: 0 0x80004e70 (0x00db33b3) x7  0x00000000
core   0: 0x80004e74 (0x00009afd) c.andi  a3, -1
core   0: 0 0x80004e74 (0x9afd) x13 0x00000000
core   0: 0x80004e76 (0x000080ba) c.mv    ra, a4
core   0: 0 0x80004e76 (0x80ba) x1  0x00fffff5
core   0: 0x80004e78 (0x00000001) c.nop
core   0: 0 0x80004e78 (0x0001)
core   0: 0x80004e7a (0x40d35b33) sra     s6, t1, a3
core   0: 0 0x80004e7a (0x40d35b33) x22 0x00000000
core   0: 0x80004e7e (0x0000e09d) c.bnez  s1, pc + 38
core   0: 0 0x80004e7e (0xe09d)
core   0: 0x80004ea4 (0x00008c89) c.sub   s1, a0
core   0: 0 0x80004ea4 (0x8c89) x9  0xfffff5eb
core   0: 0x80004ea6 (0x000009b6) c.slli  s3, 13
core   0: 0 0x80004ea6 (0x09b6) x19 0x00002000
core   0: 0x80004ea8 (0x0000e685) c.bnez  a3, pc + 40
core   0: 0 0x80004ea8 (0xe685)
core   0: 0x80004eaa (0x000069f9) c.lui   s3, 0x1e
core   0: 0 0x80004eaa (0x69f9) x19 0x0001e000
core   0: 0x80004eac (0x57e101b7) lui     gp, 0x57e10
core   0: 0 0x80004eac (0x57e101b7) x3  0x57e10000
core   0: 0x80004eb0 (0x00000cf2) c.slli  s9, 28
core   0: 0 0x80004eb0 (0x0cf2) x25 0x30000000
core   0: 0x80004eb2 (0x0535d163) bge     a1, s3, pc + 66
core   0: 0 0x80004eb2 (0x0535d163)
core   0: 0x80004eb6 (0x00a41093) slli    ra, s0, 10
core   0: 0 0x80004eb6 (0x00a41093) x1  0xfffff800
core   0: 0x80004eba (0x026b3233) mulhu   tp, s6, t1
core   0: 0 0x80004eba (0x026b3233) x4  0x00000000
core   0: 0x80004ebe (0x05a50363) beq     a0, s10, pc + 70
core   0: 0 0x80004ebe (0x05a50363)
core   0: 0x80004ec2 (0x03a981b3) mul     gp, s3, s10
core   0: 0 0x80004ec2 (0x03a981b3) x3  0x010fe000
core   0: 0x80004ec6 (0x011a6433) or      s0, s4, a7
core   0: 0 0x80004ec6 (0x011a6433) x8  0x00000613
core   0: 0x80004eca (0x01584633) xor     a2, a6, s5
core   0: 0 0x80004eca (0x01584633) x12 0xbd197fd8
core   0: 0x80004ece (0x0000053a) c.slli  a0, 14
core   0: 0 0x80004ece (0x053a) x10 0x00000000
core   0: 0x80004ed0 (0x4162d733) sra     a4, t0, s6
core   0: 0 0x80004ed0 (0x4162d733) x14 0x00000001
core   0: 0x80004ed4 (0x000082d5) c.srli  a3, 21
core   0: 0 0x80004ed4 (0x82d5) x13 0x00000000
core   0: 0x80004ed6 (0x55946a13) ori     s4, s0, 1369
core   0: 0 0x80004ed6 (0x55946a13) x20 0x0000075b
core   0: 0x80004eda (0x03d53633) mulhu   a2, a0, t4
core   0: 0 0x80004eda (0x03d53633) x12 0x00000000
core   0: 0x80004ede (0x02220233) mul     tp, tp, sp
core   0: 0 0x80004ede (0x02220233) x4  0x00000000
core   0: 0x80004ee2 (0x84c1a393) slti    t2, gp, -1972
core   0: 0 0x80004ee2 (0x84c1a393) x7  0x00000000
core   0: 0x80004ee6 (0x00008e85) c.sub   a3, s1
core   0: 0 0x80004ee6 (0x8e85) x13 0x00000a15
core   0: 0x80004ee8 (0x02660963) beq     a2, t1, pc + 50
core   0: 0 0x80004ee8 (0x02660963)
core   0: 0x80004f1a (0x00008e4d) c.or    a2, a1
core   0: 0 0x80004f1a (0x8e4d) x12 0x80021e20
core   0: 0x80004f1c (0x02125ab3) divu    s5, tp, ra
core   0: 0 0x80004f1c (0x02125ab3) x21 0x00000000
core   0: 0x80004f20 (0x00000001) c.nop
core   0: 0 0x80004f20 (0x0001)
core   0: 0x80004f22 (0x0000c60d) c.beqz  a2, pc + 42
core   0: 0 0x80004f22 (0xc60d)
core   0: 0x80004f24 (0x000052fd) c.li    t0, -1
core   0: 0 0x80004f24 (0x52fd) x5  0xffffffff
core   0: 0x80004f26 (0x0184e4b3) or      s1, s1, s8
core   0: 0 0x80004f26 (0x0184e4b3) x9  0xffffffff
core   0: 0x80004f2a (0x01359293) slli    t0, a1, 19
core   0: 0 0x80004f2a (0x01359293) x5  0xf1000000
core   0: 0x80004f2e (0x01639d93) slli    s11, t2, 22
core   0: 0 0x80004f2e (0x01639d93) x27 0x00000000
core   0: 0x80004f32 (0x4a7df197) auipc   gp, 0x4a7df
core   0: 0 0x80004f32 (0x4a7df197) x3  0xca7e3f32
core   0: 0x80004f36 (0x00004e65) c.li    t3, 25
core   0: 0 0x80004f36 (0x4e65) x28 0x00000019
core   0: 0x80004f38 (0x02111363) bne     sp, ra, pc + 38
core   0: 0 0x80004f38 (0x02111363)
core   0: 0x80004f5e (0x00000001) c.nop
core   0: 0 0x80004f5e (0x0001)
core   0: 0x80004f60 (0x00008c89) c.sub   s1, a0
core   0: 0 0x80004f60 (0x8c89) x9  0xffffffff
core   0: 0x80004f62 (0x00009bfe) c.add   s7, t6
core   0: 0 0x80004f62 (0x9bfe) x23 0x80025ce4
core   0: 0x80004f64 (0x00bf1433) sll     s0, t5, a1
core   0: 0 0x80004f64 (0x00bf1433) x8  0xfffff26e
core   0: 0x80004f68 (0x01801d13) slli    s10, zero, 24
core   0: 0 0x80004f68 (0x01801d13) x26 0x00000000
core   0: 0x80004f6c (0x0000127d) c.addi  tp, -1
core   0: 0 0x80004f6c (0x127d) x4  0xffffffff
core   0: 0x80004f6e (0xa4ddeb93) ori     s7, s11, -1459
core   0: 0 0x80004f6e (0xa4ddeb93) x23 0xfffffa4d
core   0: 0x80004f72 (0x028f4e33) div     t3, t5, s0
core   0: 0 0x80004f72 (0x028f4e33) x28 0x00000001
core   0: 0x80004f76 (0x02c29b63) bne     t0, a2, pc + 54
core   0: 0 0x80004f76 (0x02c29b63)
core   0: 0x80004fac (0x40b5d7b3) sra     a5, a1, a1
core   0: 0 0x80004fac (0x40b5d7b3) x15 0x80021e20
core   0: 0x80004fb0 (0x00008f71) c.and   a4, a2
core   0: 0 0x80004fb0 (0x8f71) x14 0x00000000
core   0: 0x80004fb2 (0x03b3b633) mulhu   a2, t2, s11
core   0: 0 0x80004fb2 (0x03b3b633) x12 0x00000000
core   0: 0x80004fb6 (0x0000eb99) c.bnez  a5, pc + 22
core   0: 0 0x80004fb6 (0xeb99)
core   0: 0x80004fcc (0x909fc637) lui     a2, 0x909fc
core   0: 0 0x80004fcc (0x909fc637) x12 0x909fc000
core   0: 0x80004fd0 (0x95418213) addi    tp, gp, -1708
core   0: 0 0x80004fd0 (0x95418213) x4  0xca7e3886
core   0: 0x80004fd4 (0x0000100f) fence.i
core   0: 0 0x80004fd4 (0x0000100f)
core   0: 0x80004fd8 (0x824b0c93) addi    s9, s6, -2012
core   0: 0 0x80004fd8 (0x824b0c93) x25 0xfffff824
core   0: 0x80004fdc (0xfbcb2713) slti    a4, s6, -68
core   0: 0 0x80004fdc (0xfbcb2713) x14 0x00000000
core   0: 0x80004fe0 (0x00008ed1) c.or    a3, a2
core   0: 0 0x80004fe0 (0x8ed1) x13 0x909fca15
core   0: 0x80004fe2 (0xf398f793) andi    a5, a7, -199
core   0: 0 0x80004fe2 (0xf398f793) x15 0x00000611
core   0: 0x80004fe6 (0x00001818) c.addi4spn a4, sp, 48
core   0: 0 0x80004fe6 (0x1818) x14 0x00000030
core   0: 0x80004fe8 (0x0190a533) slt     a0, ra, s9
core   0: 0 0x80004fe8 (0x0190a533) x10 0x00000001
core   0: 0x80004fec (0x000087b9) c.srai  a5, 14
core   0: 0 0x80004fec (0x87b9) x15 0x00000000
core   0: 0x80004fee (0x00006a59) c.lui   s4, 0x16
core   0: 0 0x80004fee (0x6a59) x20 0x00016000
core   0: 0x80004ff0 (0x00000d1d) c.addi  s10, 7
core   0: 0 0x80004ff0 (0x0d1d) x26 0x00000007
core   0: 0x80004ff2 (0x01ba1c93) slli    s9, s4, 27
core   0: 0 0x80004ff2 (0x01ba1c93) x25 0x00000000
core   0: 0x80004ff6 (0xe6ee7d13) andi    s10, t3, -402
core   0: 0 0x80004ff6 (0xe6ee7d13) x26 0x00000000
core   0: 0x80004ffa (0x00000001) c.nop
core   0: 0 0x80004ffa (0x0001)
core   0: 0x80004ffc (0x0000e00d) c.bnez  s0, pc + 34
core   0: 0 0x80004ffc (0xe00d)
core   0: 0x8000501e (0x02738a33) mul     s4, t2, t2
core   0: 0 0x8000501e (0x02738a33) x20 0x00000000
core   0: 0x80005022 (0x02ec4c63) blt     s8, a4, pc + 56
core   0: 0 0x80005022 (0x02ec4c63)
core   0: 0x8000505a (0x00009f22) c.add   t5, s0
core   0: 0 0x8000505a (0x9f22) x30 0xffffe4dc
core   0: 0x8000505c (0x0ff0000f) fence   iorw,iorw
core   0: 0 0x8000505c (0x0ff0000f)
core   0: 0x80005060 (0x00000001) c.nop
core   0: 0 0x80005060 (0x0001)
core   0: 0x80005062 (0x00008c8d) c.sub   s1, a1
core   0: 0 0x80005062 (0x8c8d) x9  0x7ffde1df
core   0: 0x80005064 (0x00000484) c.addi4spn s1, sp, 576
core   0: 0 0x80005064 (0x0484) x9  0x00000240
core   0: 0x80005066 (0x00000001) c.nop
core   0: 0 0x80005066 (0x0001)
core   0: 0x80005068 (0xe9e39297) auipc   t0, 0xe9e39
core   0: 0 0x80005068 (0xe9e39297) x5  0x69e3e068
core   0: 0x8000506c (0x01533d33) sltu    s10, t1, s5
core   0: 0 0x8000506c (0x01533d33) x26 0x00000000
core   0: 0x80005070 (0x4035d893) srai    a7, a1, 3
core   0: 0 0x80005070 (0x4035d893) x17 0xf00043c4
core   0: 0x80005074 (0x6b186093) ori     ra, a6, 1713
core   0: 0 0x80005074 (0x6b186093) x1  0xbd197ff9
core   0: 0x80005078 (0x01cec763) blt     t4, t3, pc + 14
core   0: 0 0x80005078 (0x01cec763)
core   0: 0x8000507c (0x00008035) c.srli  s0, 13
core   0: 0 0x8000507c (0x8035) x8  0x0007ffff
core   0: 0x8000507e (0x000082a1) c.srli  a3, 8
core   0: 0 0x8000507e (0x82a1) x13 0x00909fca
core   0: 0x80005080 (0x0384ed63) bltu    s1, s8, pc + 58
core   0: 0 0x80005080 (0x0384ed63)
core   0: 0x800050ba (0x03bfd633) divu    a2, t6, s11
core   0: 0 0x800050ba (0x03bfd633) x12 0xffffffff
core   0: 0x800050be (0x030048b3) div     a7, zero, a6
core   0: 0 0x800050be (0x030048b3) x17 0x00000000
core   0: 0x800050c2 (0x00006f21) c.lui   t5, 0x8
core   0: 0 0x800050c2 (0x6f21) x30 0x00008000
core   0: 0x800050c4 (0x0166fb33) and     s6, a3, s6
core   0: 0 0x800050c4 (0x0166fb33) x22 0x00000000
core   0: 0x800050c8 (0x46bbb013) sltiu   zero, s7, 1131
core   0: 0 0x800050c8 (0x46bbb013)
core   0: 0x800050cc (0x02e016b3) mulh    a3, zero, a4
core   0: 0 0x800050cc (0x02e016b3) x13 0x00000000
core   0: 0x800050d0 (0x000091b6) c.add   gp, a3
core   0: 0 0x800050d0 (0x91b6) x3  0xca7e3f32
core   0: 0x800050d2 (0x0245ce63) blt     a1, tp, pc + 60
core   0: 0 0x800050d2 (0x0245ce63)
core   0: 0x8000510e (0x003178b3) and     a7, sp, gp
core   0: 0 0x8000510e (0x003178b3) x17 0x00000000
core   0: 0x80005112 (0x00e41713) slli    a4, s0, 14
core   0: 0 0x80005112 (0x00e41713) x14 0xffffc000
core   0: 0x80005116 (0x019e46b3) xor     a3, t3, s9
core   0: 0 0x80005116 (0x019e46b3) x13 0x00000001
core   0: 0x8000511a (0x000052fd) c.li    t0, -1
core   0: 0 0x8000511a (0x52fd) x5  0xffffffff
core   0: 0x8000511c (0x0110e7b3) or      a5, ra, a7
core   0: 0 0x8000511c (0x0110e7b3) x15 0xbd197ff9
core   0: 0x80005120 (0x039d70b3) remu    ra, s10, s9
core   0: 0 0x80005120 (0x039d70b3) x1  0x00000000
core   0: 0x80005124 (0x000060d5) c.lui   ra, 0x15
core   0: 0 0x80005124 (0x60d5) x1  0x00015000
core   0: 0x80005126 (0x00008ef9) c.and   a3, a4
core   0: 0 0x80005126 (0x8ef9) x13 0x00000000
core   0: 0x80005128 (0x00004601) c.li    a2, 0
core   0: 0 0x80005128 (0x4601) x12 0x00000000
core   0: 0x8000512a (0x00009f2a) c.add   t5, a0
core   0: 0 0x8000512a (0x9f2a) x30 0x00008001
core   0: 0x8000512c (0x89ff3f13) sltiu   t5, t5, -1889
core   0: 0 0x8000512c (0x89ff3f13) x30 0x00000001
core   0: 0x80005130 (0x0201cd63) bltz    gp, pc + 58
core   0: 0 0x80005130 (0x0201cd63)
core   0: 0x8000516a (0x0276de63) bge     a3, t2, pc + 60
core   0: 0 0x8000516a (0x0276de63)
core   0: 0x800051a6 (0x00008605) c.srai  a2, 1
core   0: 0 0x800051a6 (0x8605) x12 0x00000000
core   0: 0x800051a8 (0x00001b88) c.addi4spn a0, sp, 496
core   0: 0 0x800051a8 (0x1b88) x10 0x000001f0
core   0: 0x800051aa (0x00006b65) c.lui   s6, 0x19
core   0: 0 0x800051aa (0x6b65) x22 0x00019000
core   0: 0x800051ac (0x004c7633) and     a2, s8, tp
core   0: 0 0x800051ac (0x004c7633) x12 0xca7e3886
core   0: 0x800051b0 (0x0176b4b3) sltu    s1, a3, s7
core   0: 0 0x800051b0 (0x0176b4b3) x9  0x00000001
core   0: 0x800051b4 (0x00008d2d) c.xor   a0, a1
core   0: 0 0x800051b4 (0x8d2d) x10 0x80021fd0
core   0: 0x800051b6 (0x69e75417) auipc   s0, 0x69e75
core   0: 0 0x800051b6 (0x69e75417) x8  0xe9e7a1b6
core   0: 0x800051ba (0x577fca93) xori    s5, t6, 1399
core   0: 0 0x800051ba (0x577fca93) x21 0x80025993
core   0: 0x800051be (0x00000001) c.nop
core   0: 0 0x800051be (0x0001)
core   0: 0x800051c0 (0x02558e33) mul     t3, a1, t0
core   0: 0 0x800051c0 (0x02558e33) x28 0x7ffde1e0
core   0: 0x800051c4 (0x0174f0b3) and     ra, s1, s7
core   0: 0 0x800051c4 (0x0174f0b3) x1  0x00000001
core   0: 0x800051c8 (0xfc304713) xori    a4, zero, -61
core   0: 0 0x800051c8 (0xfc304713) x14 0xffffffc3
core   0: 0x800051cc (0x00008cf1) c.and   s1, a2
core   0: 0 0x800051cc (0x8cf1) x9  0x00000000
core   0: 0x800051ce (0x0189f833) and     a6, s3, s8
core   0: 0 0x800051ce (0x0189f833) x16 0x0001e000
core   0: 0x800051d2 (0x00008b15) c.andi  a4, 5
core   0: 0 0x800051d2 (0x8b15) x14 0x00000001
core   0: 0x800051d4 (0x005cdd63) bge     s9, t0, pc + 26
core   0: 0 0x800051d4 (0x005cdd63)
core   0: 0x800051ee (0x01884eb3) xor     t4, a6, s8
core   0: 0 0x800051ee (0x01884eb3) x29 0xfffe1fff
core   0: 0x800051f2 (0x0000855a) c.mv    a0, s6
core   0: 0 0x800051f2 (0x855a) x10 0x00019000
core   0: 0x800051f4 (0x00008e0d) c.sub   a2, a1
core   0: 0 0x800051f4 (0x8e0d) x12 0x4a7c1a66
core   0: 0x800051f6 (0x0183d993) srli    s3, t2, 24
core   0: 0 0x800051f6 (0x0183d993) x19 0x00000000
core   0: 0x800051fa (0x40fb0733) sub     a4, s6, a5
core   0: 0 0x800051fa (0x40fb0733) x14 0x42e81007
core   0: 0x800051fe (0x03c1d3b3) divu    t2, gp, t3
core   0: 0 0x800051fe (0x03c1d3b3) x7  0x00000001
core   0: 0x80005202 (0x0185b8b3) sltu    a7, a1, s8
core   0: 0 0x80005202 (0x0185b8b3) x17 0x00000001
core   0: 0x80005206 (0x00844933) xor     s2, s0, s0
core   0: 0 0x80005206 (0x00844933) x18 0x00000000
core   0: 0x8000520a (0x03b62f33) mulhsu  t5, a2, s11
core   0: 0 0x8000520a (0x03b62f33) x30 0x00000000
core   0: 0x8000520e (0x00006c3d) c.lui   s8, 0xf
core   0: 0 0x8000520e (0x6c3d) x24 0x0000f000
core   0: 0x80005210 (0x000014fd) c.addi  s1, -1
core   0: 0 0x80005210 (0x14fd) x9  0xffffffff
core   0: 0x80005212 (0x00008a71) c.andi  a2, 28
core   0: 0 0x80005212 (0x8a71) x12 0x00000004
core   0: 0x80005214 (0x00000808) c.addi4spn a0, sp, 16
core   0: 0 0x80005214 (0x0808) x10 0x00000010
core   0: 0x80005216 (0x00000092) c.slli  ra, 4
core   0: 0 0x80005216 (0x0092) x1  0x00000010
core   0: 0x80005218 (0x00008d65) c.and   a0, s1
core   0: 0 0x80005218 (0x8d65) x10 0x00000010
core   0: 0x8000521a (0x002b00b3) add     ra, s6, sp
core   0: 0 0x8000521a (0x002b00b3) x1  0x00019000
core   0: 0x8000521e (0x0000100f) fence.i
core   0: 0 0x8000521e (0x0000100f)
core   0: 0x80005222 (0x00008ea9) c.xor   a3, a0
core   0: 0 0x80005222 (0x8ea9) x13 0x00000010
core   0: 0x80005224 (0x0129c3b3) xor     t2, s3, s2
core   0: 0 0x80005224 (0x0129c3b3) x7  0x00000000
core   0: 0x80005228 (0x00008fb1) c.xor   a5, a2
core   0: 0 0x80005228 (0x8fb1) x15 0xbd197ffd
core   0: 0x8000522a (0x00000001) c.nop
core   0: 0 0x8000522a (0x0001)
core   0: 0x8000522c (0x0000100f) fence.i
core   0: 0 0x8000522c (0x0000100f)
core   0: 0x80005230 (0x00000d04) c.addi4spn s1, sp, 656
core   0: 0 0x80005230 (0x0d04) x9  0x00000290
core   0: 0x80005232 (0x00561293) slli    t0, a2, 5
core   0: 0 0x80005232 (0x00561293) x5  0x00000080
core   0: 0x80005236 (0x015e09b3) add     s3, t3, s5
core   0: 0 0x80005236 (0x015e09b3) x19 0x00003b73
core   0: 0x8000523a (0x410387b3) sub     a5, t2, a6
core   0: 0 0x8000523a (0x410387b3) x15 0xfffe2000
core   0: 0x8000523e (0x02e78a63) beq     a5, a4, pc + 52
core   0: 0 0x8000523e (0x02e78a63)
core   0: 0x80005242 (0x024eb513) sltiu   a0, t4, 36
core   0: 0 0x80005242 (0x024eb513) x10 0x00000000
core   0: 0x80005246 (0x0000100f) fence.i
core   0: 0 0x80005246 (0x0000100f)
core   0: 0x8000524a (0xae4a3993) sltiu   s3, s4, -1308
core   0: 0 0x8000524a (0xae4a3993) x19 0x00000001
core   0: 0x8000524e (0x00000001) c.nop
core   0: 0 0x8000524e (0x0001)
core   0: 0x80005250 (0x00004da5) c.li    s11, 9
core   0: 0 0x80005250 (0x4da5) x27 0x00000009
core   0: 0x80005252 (0x0000717d) c.addi16sp sp, -16
core   0: 0 0x80005252 (0x717d) x2  0xfffffff0
core   0: 0x80005254 (0x000083e1) c.srli  a5, 24
core   0: 0 0x80005254 (0x83e1) x15 0x000000ff
core   0: 0x80005256 (0xb6d892b7) lui     t0, 0xb6d89
core   0: 0 0x80005256 (0xb6d892b7) x5  0xb6d89000
core   0: 0x8000525a (0x401953b3) sra     t2, s2, ra
core   0: 0 0x8000525a (0x401953b3) x7  0x00000000
core   0: 0x8000525e (0x02f5f1b3) remu    gp, a1, a5
core   0: 0 0x8000525e (0x02f5f1b3) x3  0x000000c0
core   0: 0x80005262 (0x000082bd) c.srli  a3, 15
core   0: 0 0x80005262 (0x82bd) x13 0x00000000
core   0: 0x80005264 (0x01d9ba33) sltu    s4, s3, t4
core   0: 0 0x80005264 (0x01d9ba33) x20 0x00000001
core   0: 0x80005268 (0x0000e2a9) c.bnez  a3, pc + 66
core   0: 0 0x80005268 (0xe2a9)
core   0: 0x8000526a (0x03058e63) beq     a1, a6, pc + 60
core   0: 0 0x8000526a (0x03058e63)
core   0: 0x8000526e (0x038a07b3) mul     a5, s4, s8
core   0: 0 0x8000526e (0x038a07b3) x15 0x0000f000
core   0: 0x80005272 (0x00008aa5) c.andi  a3, 9
core   0: 0 0x80005272 (0x8aa5) x13 0x00000000
core   0: 0x80005274 (0x03964d63) blt     a2, s9, pc + 58
core   0: 0 0x80005274 (0x03964d63)
core   0: 0x80005278 (0x02244bb3) div     s7, s0, sp
core   0: 0 0x80005278 (0x02244bb3) x23 0x016185e4
core   0: 0x8000527c (0x000082b9) c.srli  a3, 14
core   0: 0 0x8000527c (0x82b9) x13 0x00000000
core   0: 0x8000527e (0x01396a63) bltu    s2, s3, pc + 20
core   0: 0 0x8000527e (0x01396a63)
core   0: 0x80005292 (0x0048aeb3) slt     t4, a7, tp
core   0: 0 0x80005292 (0x0048aeb3) x29 0x00000000
core   0: 0x80005296 (0x000db8b3) sltu    a7, s11, zero
core   0: 0 0x80005296 (0x000db8b3) x17 0x00000000
core   0: 0x8000529a (0x03f2dab3) divu    s5, t0, t6
core   0: 0 0x8000529a (0x03f2dab3) x21 0x00000001
core   0: 0x8000529e (0x573a9897) auipc   a7, 0x573a9
core   0: 0 0x8000529e (0x573a9897) x17 0xd73ae29e
core   0: 0x800052a2 (0x0118f533) and     a0, a7, a7
core   0: 0 0x800052a2 (0x0118f533) x10 0xd73ae29e
core   0: 0x800052a6 (0x003ff863) bgeu    t6, gp, pc + 16
core   0: 0 0x800052a6 (0x003ff863)
core   0: 0x800052b6 (0x0255cab3) div     s5, a1, t0
core   0: 0 0x800052b6 (0x0255cab3) x21 0x00000001
core   0: 0x800052ba (0x40cf8133) sub     sp, t6, a2
core   0: 0 0x800052ba (0x40cf8133) x2  0x80025ce0
core   0: 0x800052be (0x0000997d) c.andi  a0, -1
core   0: 0 0x800052be (0x997d) x10 0xd73ae29e
core   0: 0x800052c0 (0xb6d74c93) xori    s9, a4, -1171
core   0: 0 0x800052c0 (0xb6d74c93) x25 0xbd17eb6a
core   0: 0x800052c4 (0x019851b3) srl     gp, a6, s9
core   0: 0 0x800052c4 (0x019851b3) x3  0x00000078
core   0: 0x800052c8 (0x007bdd33) srl     s10, s7, t2
core   0: 0 0x800052c8 (0x007bdd33) x26 0x016185e4
core   0: 0x800052cc (0x00008f75) c.and   a4, a3
core   0: 0 0x800052cc (0x8f75) x14 0x00000000
core   0: 0x800052ce (0x00000ee6) c.slli  t4, 25
core   0: 0 0x800052ce (0x0ee6) x29 0x00000000
core   0: 0x800052d0 (0x024347b3) div     a5, t1, tp
core   0: 0 0x800052d0 (0x024347b3) x15 0x00000000
core   0: 0x800052d4 (0x0000e49d) c.bnez  s1, pc + 46
core   0: 0 0x800052d4 (0xe49d)
core   0: 0x80005302 (0x00385b93) srli    s7, a6, 3
core   0: 0 0x80005302 (0x00385b93) x23 0x00003c00
core   0: 0x80005306 (0x00000001) c.nop
core   0: 0 0x80005306 (0x0001)
core   0: 0x80005308 (0x03bae033) rem     zero, s5, s11
core   0: 0 0x80005308 (0x03bae033)
core   0: 0x8000530c (0x028bf4b3) remu    s1, s7, s0
core   0: 0 0x8000530c (0x028bf4b3) x9  0x00003c00
core   0: 0x80005310 (0x416bd993) srai    s3, s7, 22
core   0: 0 0x80005310 (0x416bd993) x19 0x00000000
core   0: 0x80005314 (0x02b51db3) mulh    s11, a0, a1
core   0: 0 0x80005314 (0x02b51db3) x27 0x1462385a
core   0: 0x80005318 (0x4385fe93) andi    t4, a1, 1080
core   0: 0 0x80005318 (0x4385fe93) x29 0x00000420
core   0: 0x8000531c (0x0336dc63) bge     a3, s3, pc + 56
core   0: 0 0x8000531c (0x0336dc63)
core   0: 0x80005354 (0x00009b06) c.add   s6, ra
core   0: 0 0x80005354 (0x9b06) x22 0x00032000
core   0: 0x80005356 (0x01f632b3) sltu    t0, a2, t6
core   0: 0 0x80005356 (0x01f632b3) x5  0x00000001
core   0: 0x8000535a (0x01771193) slli    gp, a4, 23
core   0: 0 0x8000535a (0x01771193) x3  0x00000000
core   0: 0x8000535e (0x890e8893) addi    a7, t4, -1904
core   0: 0 0x8000535e (0x890e8893) x17 0xfffffcb0
core   0: 0x80005362 (0x02435b33) divu    s6, t1, tp
core   0: 0 0x80005362 (0x02435b33) x22 0x00000000
core   0: 0x80005366 (0x00008bd1) c.andi  a5, 20
core   0: 0 0x80005366 (0x8bd1) x15 0x00000000
core   0: 0x80005368 (0x0337f763) bgeu    a5, s3, pc + 46
core   0: 0 0x80005368 (0x0337f763)
core   0: 0x80005396 (0x00008fbd) c.xor   a5, a5
core   0: 0 0x80005396 (0x8fbd) x15 0x00000000
core   0: 0x80005398 (0x01ff3533) sltu    a0, t5, t6
core   0: 0 0x80005398 (0x01ff3533) x10 0x00000001
core   0: 0x8000539c (0x00006da1) c.lui   s11, 0x8
core   0: 0 0x8000539c (0x6da1) x27 0x00008000
core   0: 0x8000539e (0x02463eb3) mulhu   t4, a2, tp
core   0: 0 0x8000539e (0x02463eb3) x29 0x00000003
core   0: 0x800053a2 (0x001239b3) sltu    s3, tp, ra
core   0: 0 0x800053a2 (0x001239b3) x19 0x00000000
core   0: 0x800053a6 (0x03284063) blt     a6, s2, pc + 32
core   0: 0 0x800053a6 (0x03284063)
core   0: 0x800053aa (0x040fe193) ori     gp, t6, 64
core   0: 0 0x800053aa (0x040fe193) x3  0x80025ce4
core   0: 0x800053ae (0x0000717d) c.addi16sp sp, -16
core   0: 0 0x800053ae (0x717d) x2  0x80025cd0
core   0: 0x800053b0 (0x0134a2b3) slt     t0, s1, s3
core   0: 0 0x800053b0 (0x0134a2b3) x5  0x00000000
core   0: 0x800053b4 (0x0000c409) c.beqz  s0, pc + 10
core   0: 0 0x800053b4 (0xc409)
core   0: 0x800053b6 (0x00004ea1) c.li    t4, 8
core   0: 0 0x800053b6 (0x4ea1) x29 0x00000008
core   0: 0x800053b8 (0x00000001) c.nop
core   0: 0 0x800053b8 (0x0001)
core   0: 0x800053ba (0x00578463) beq     a5, t0, pc + 8
core   0: 0 0x800053ba (0x00578463)
core   0: 0x800053c2 (0x00008d4d) c.or    a0, a1
core   0: 0 0x800053c2 (0x8d4d) x10 0x80021e21
core   0: 0x800053c4 (0x00000898) c.addi4spn a4, sp, 80
core   0: 0 0x800053c4 (0x0898) x14 0x80025d20
core   0: 0x800053c6 (0x033fc163) blt     t6, s3, pc + 34
core   0: 0 0x800053c6 (0x033fc163)
core   0: 0x800053e8 (0x01187f33) and     t5, a6, a7
core   0: 0 0x800053e8 (0x01187f33) x30 0x0001e000
core   0: 0x800053ec (0x017f0c33) add     s8, t5, s7
core   0: 0 0x800053ec (0x017f0c33) x24 0x00021c00
core   0: 0x800053f0 (0x0000823d) c.srli  a2, 15
core   0: 0 0x800053f0 (0x823d) x12 0x00000000
core   0: 0x800053f2 (0x4aef2b97) auipc   s7, 0x4aef2
core   0: 0 0x800053f2 (0x4aef2b97) x23 0xcaef73f2
core   0: 0x800053f6 (0x00689213) slli    tp, a7, 6
core   0: 0 0x800053f6 (0x00689213) x4  0xffff2c00
core   0: 0x800053fa (0x0086dc33) srl     s8, a3, s0
core   0: 0 0x800053fa (0x0086dc33) x24 0x00000000
core   0: 0x800053fe (0x039d6763) bltu    s10, s9, pc + 46
core   0: 0 0x800053fe (0x039d6763)
core   0: 0x8000542c (0x03bdf4b3) remu    s1, s11, s11
core   0: 0 0x8000542c (0x03bdf4b3) x9  0x00000000
core   0: 0x80005430 (0x407bd7b3) sra     a5, s7, t2
core   0: 0 0x80005430 (0x407bd7b3) x15 0xcaef73f2
core   0: 0x80005434 (0x01ee8e63) beq     t4, t5, pc + 28
core   0: 0 0x80005434 (0x01ee8e63)
core   0: 0x80005438 (0x03a77d63) bgeu    a4, s10, pc + 58
core   0: 0 0x80005438 (0x03a77d63)
core   0: 0x80005472 (0x01740db3) add     s11, s0, s7
core   0: 0 0x80005472 (0x01740db3) x27 0xb4d715a8
core   0: 0x80005476 (0x45264013) xori    zero, a2, 1106
core   0: 0 0x80005476 (0x45264013)
core   0: 0x8000547a (0x0263cbb3) div     s7, t2, t1
core   0: 0 0x8000547a (0x0263cbb3) x23 0xffffffff
core   0: 0x8000547e (0x00000d66) c.slli  s10, 25
core   0: 0 0x8000547e (0x0d66) x26 0xc8000000
core   0: 0x80005480 (0x0000100f) fence.i
core   0: 0 0x80005480 (0x0000100f)
core   0: 0x80005484 (0x0000c519) c.beqz  a0, pc + 14
core   0: 0 0x80005484 (0xc519)
core   0: 0x80005486 (0x008d1ab3) sll     s5, s10, s0
core   0: 0 0x80005486 (0x008d1ab3) x21 0x00000000
core   0: 0x8000548a (0x03aeadb3) mulhsu  s11, t4, s10
core   0: 0 0x8000548a (0x03aeadb3) x27 0x00000006
core   0: 0x8000548e (0x00000001) c.nop
core   0: 0 0x8000548e (0x0001)
core   0: 0x80005490 (0x0000e889) c.bnez  s1, pc + 18
core   0: 0 0x80005490 (0xe889)
core   0: 0x80005492 (0x00e35d93) srli    s11, t1, 14
core   0: 0 0x80005492 (0x00e35d93) x27 0x00000000
core   0: 0x80005496 (0x015ec0b3) xor     ra, t4, s5
core   0: 0 0x80005496 (0x015ec0b3) x1  0x00000008
core   0: 0x8000549a (0x9c05e213) ori     tp, a1, -1600
core   0: 0 0x8000549a (0x9c05e213) x4  0xffffffe0
core   0: 0x8000549e (0x01a5b533) sltu    a0, a1, s10
core   0: 0 0x8000549e (0x01a5b533) x10 0x00000001
core   0: 0x800054a2 (0x0363a533) mulhsu  a0, t2, s6
core   0: 0 0x800054a2 (0x0363a533) x10 0x00000000
core   0: 0x800054a6 (0x40a25233) sra     tp, tp, a0
core   0: 0 0x800054a6 (0x40a25233) x4  0xffffffe0
core   0: 0x800054aa (0x8575e713) ori     a4, a1, -1961
core   0: 0 0x800054aa (0x8575e713) x14 0xfffffe77
core   0: 0x800054ae (0x40c08233) sub     tp, ra, a2
core   0: 0 0x800054ae (0x40c08233) x4  0x00000008
core   0: 0x800054b2 (0x0ff0000f) fence   iorw,iorw
core   0: 0 0x800054b2 (0x0ff0000f)
core   0: 0x800054b6 (0x01607663) bgeu    zero, s6, pc + 12
core   0: 0 0x800054b6 (0x01607663)
core   0: 0x800054c2 (0x900b8e13) addi    t3, s7, -1792
core   0: 0 0x800054c2 (0x900b8e13) x28 0xfffff8ff
core   0: 0x800054c6 (0x00005d7d) c.li    s10, -1
core   0: 0 0x800054c6 (0x5d7d) x26 0xffffffff
core   0: 0x800054c8 (0x01d4a8b3) slt     a7, s1, t4
core   0: 0 0x800054c8 (0x01d4a8b3) x17 0x00000001
core   0: 0x800054cc (0x00000818) c.addi4spn a4, sp, 16
core   0: 0 0x800054cc (0x0818) x14 0x80025ce0
core   0: 0x800054ce (0xbe047c13) andi    s8, s0, -1056
core   0: 0 0x800054ce (0xbe047c13) x24 0xe9e7a1a0
core   0: 0x800054d2 (0x02e43233) mulhu   tp, s0, a4
core   0: 0 0x800054d2 (0x02e43233) x4  0x74f5f986
core   0: 0x800054d6 (0x02799733) mulh    a4, s3, t2
core   0: 0 0x800054d6 (0x02799733) x14 0x00000000
core   0: 0x800054da (0x0307af33) mulhsu  t5, a5, a6
core   0: 0 0x800054da (0x0307af33) x30 0xffff9c80
core   0: 0x800054de (0x0228ac33) mulhsu  s8, a7, sp
core   0: 0 0x800054de (0x0228ac33) x24 0x00000000
core   0: 0x800054e2 (0x8cd36b93) ori     s7, t1, -1843
core   0: 0 0x800054e2 (0x8cd36b93) x23 0xfffff8cd
core   0: 0x800054e6 (0x009e7f33) and     t5, t3, s1
core   0: 0 0x800054e6 (0x009e7f33) x30 0x00000000
core   0: 0x800054ea (0x0125c133) xor     sp, a1, s2
core   0: 0 0x800054ea (0x0125c133) x2  0x80021e20
core   0: 0x800054ee (0x0000717d) c.addi16sp sp, -16
core   0: 0 0x800054ee (0x717d) x2  0x80021e10
core   0: 0x800054f0 (0x00c73db3) sltu    s11, a4, a2
core   0: 0 0x800054f0 (0x00c73db3) x27 0x00000000
core   0: 0x800054f4 (0xd36b6a93) ori     s5, s6, -714
core   0: 0 0x800054f4 (0xd36b6a93) x21 0xfffffd36
core   0: 0x800054f8 (0x0000100f) fence.i
core   0: 0 0x800054f8 (0x0000100f)
core   0: 0x800054fc (0xd400a993) slti    s3, ra, -704
core   0: 0 0x800054fc (0xd400a993) x19 0x00000000
core   0: 0x80005500 (0x025a2833) mulhsu  a6, s4, t0
core   0: 0 0x80005500 (0x025a2833) x16 0x00000000
core   0: 0x80005504 (0x010108b3) add     a7, sp, a6
core   0: 0 0x80005504 (0x010108b3) x17 0x80021e10
core   0: 0x80005508 (0x018490b3) sll     ra, s1, s8
core   0: 0 0x80005508 (0x018490b3) x1  0x00000000
core   0: 0x8000550c (0x012e1f13) slli    t5, t3, 18
core   0: 0 0x8000550c (0x012e1f13) x30 0xe3fc0000
core   0: 0x80005510 (0x00008cf9) c.and   s1, a4
core   0: 0 0x80005510 (0x8cf9) x9  0x00000000
core   0: 0x80005512 (0x00371033) sll     zero, a4, gp
core   0: 0 0x80005512 (0x00371033)
core   0: 0x80005516 (0x009210b3) sll     ra, tp, s1
core   0: 0 0x80005516 (0x009210b3) x1  0x74f5f986
core   0: 0x8000551a (0x5fa8f793) andi    a5, a7, 1530
core   0: 0 0x8000551a (0x5fa8f793) x15 0x00000410
core   0: 0x8000551e (0x0ff0000f) fence   iorw,iorw
core   0: 0 0x8000551e (0x0ff0000f)
core   0: 0x80005522 (0x03c2c963) blt     t0, t3, pc + 50
core   0: 0 0x80005522 (0x03c2c963)
core   0: 0x80005526 (0x00006109) c.addi16sp sp, 128
core   0: 0 0x80005526 (0x6109) x2  0x80021e90
core   0: 0x80005528 (0x0ff0000f) fence   iorw,iorw
core   0: 0 0x80005528 (0x0ff0000f)
core   0: 0x8000552c (0x00008f59) c.or    a4, a4
core   0: 0 0x8000552c (0x8f59) x14 0x00000000
core   0: 0x8000552e (0x007b54b3) srl     s1, s6, t2
core   0: 0 0x8000552e (0x007b54b3) x9  0x00000000
core   0: 0x80005532 (0x016f9113) slli    sp, t6, 22
core   0: 0 0x80005532 (0x016f9113) x2  0x39000000
core   0: 0x80005536 (0x0099bab3) sltu    s5, s3, s1
core   0: 0 0x80005536 (0x0099bab3) x21 0x00000000
core   0: 0x8000553a (0x00008fb5) c.xor   a5, a3
core   0: 0 0x8000553a (0x8fb5) x15 0x00000410
core   0: 0x8000553c (0x0373c7b3) div     a5, t2, s7
core   0: 0 0x8000553c (0x0373c7b3) x15 0x00000000
core   0: 0x80005540 (0x0000e881) c.bnez  s1, pc + 16
core   0: 0 0x80005540 (0xe881)
core   0: 0x80005542 (0x40c8dc33) sra     s8, a7, a2
core   0: 0 0x80005542 (0x40c8dc33) x24 0x80021e10
core   0: 0x80005546 (0x03491c33) mulh    s8, s2, s4
core   0: 0 0x80005546 (0x03491c33) x24 0x00000000
core   0: 0x8000554a (0x40fd04b3) sub     s1, s10, a5
core   0: 0 0x8000554a (0x40fd04b3) x9  0xffffffff
core   0: 0x8000554e (0x0000197d) c.addi  s2, -1
core   0: 0 0x8000554e (0x197d) x18 0xffffffff
core   0: 0x80005550 (0x0ff0000f) fence   iorw,iorw
core   0: 0 0x80005550 (0x0ff0000f)
core   0: 0x80005554 (0x01f56eb3) or      t4, a0, t6
core   0: 0 0x80005554 (0x01f56eb3) x29 0x80025ce4
core   0: 0x80005558 (0x00b66a33) or      s4, a2, a1
core   0: 0 0x80005558 (0x00b66a33) x20 0x80021e20
core   0: 0x8000555c (0x000000f2) c.slli  ra, 28
core   0: 0 0x8000555c (0x00f2) x1  0x60000000
core   0: 0x8000555e (0x02955433) divu    s0, a0, s1
core   0: 0 0x8000555e (0x02955433) x8  0x00000000
core   0: 0x80005562 (0x0000cd19) c.beqz  a0, pc + 30
core   0: 0 0x80005562 (0xcd19)
core   0: 0x80005580 (0x0000865d) c.srai  a2, 23
core   0: 0 0x80005580 (0x865d) x12 0x00000000
core   0: 0x80005582 (0x4122d433) sra     s0, t0, s2
core   0: 0 0x80005582 (0x4122d433) x8  0x00000000
core   0: 0x80005586 (0x00000818) c.addi4spn a4, sp, 16
core   0: 0 0x80005586 (0x0818) x14 0x39000010
core   0: 0x80005588 (0x00f09c93) slli    s9, ra, 15
core   0: 0 0x80005588 (0x00f09c93) x25 0x00000000
core   0: 0x8000558c (0x00008fd1) c.or    a5, a2
core   0: 0 0x8000558c (0x8fd1) x15 0x00000000
core   0: 0x8000558e (0x02205d63) bge     zero, sp, pc + 58
core   0: 0 0x8000558e (0x02205d63)
core   0: 0x80005592 (0x00001b1c) c.addi4spn a5, sp, 432
core   0: 0 0x80005592 (0x1b1c) x15 0x390001b0
core   0: 0x80005594 (0x038622b3) mulhsu  t0, a2, s8
core   0: 0 0x80005594 (0x038622b3) x5  0x00000000
core   0: 0x80005598 (0x03619833) mulh    a6, gp, s6
core   0: 0 0x80005598 (0x03619833) x16 0x00000000
core   0: 0x8000559c (0x3f747813) andi    a6, s0, 1015
core   0: 0 0x8000559c (0x3f747813) x16 0x00000000
core   0: 0x800055a0 (0x40e9d813) srai    a6, s3, 14
core   0: 0 0x800055a0 (0x40e9d813) x16 0x00000000
core   0: 0x800055a4 (0xc8097437) lui     s0, 0xc8097
core   0: 0 0x800055a4 (0xc8097437) x8  0xc8097000
core   0: 0x800055a8 (0x40df5133) sra     sp, t5, a3
core   0: 0 0x800055a8 (0x40df5133) x2  0xe3fc0000
core   0: 0x800055ac (0x02e3ee33) rem     t3, t2, a4
core   0: 0 0x800055ac (0x02e3ee33) x28 0x00000000
core   0: 0x800055b0 (0x0000e795) c.bnez  a5, pc + 44
core   0: 0 0x800055b0 (0xe795)
core   0: 0x800055dc (0xdb92fd13) andi    s10, t0, -583
core   0: 0 0x800055dc (0xdb92fd13) x26 0x00000000
core   0: 0x800055e0 (0x0000100f) fence.i
core   0: 0 0x800055e0 (0x0000100f)
core   0: 0x800055e4 (0x02eed733) divu    a4, t4, a4
core   0: 0 0x800055e4 (0x02eed733) x14 0x00000002
core   0: 0x800055e8 (0x006f1813) slli    a6, t5, 6
core   0: 0 0x800055e8 (0x006f1813) x16 0xff000000
core   0: 0x800055ec (0x01687f33) and     t5, a6, s6
core   0: 0 0x800055ec (0x01687f33) x30 0x00000000
core   0: 0x800055f0 (0x3f8bf713) andi    a4, s7, 1016
core   0: 0 0x800055f0 (0x3f8bf713) x14 0x000000c8
core   0: 0x800055f4 (0x00000001) c.nop
core   0: 0 0x800055f4 (0x0001)
core   0: 0x800055f6 (0x01b04263) blt     zero, s11, pc + 4
core   0: 0 0x800055f6 (0x01b04263)
core   0: 0x800055fa (0x019101b3) add     gp, sp, s9
core   0: 0 0x800055fa (0x019101b3) x3  0xe3fc0000
core   0: 0x800055fe (0x032a4633) div     a2, s4, s2
core   0: 0 0x800055fe (0x032a4633) x12 0x7ffde1e0
core   0: 0x80005602 (0x9df7ae13) slti    t3, a5, -1569
core   0: 0 0x80005602 (0x9df7ae13) x28 0x00000000
core   0: 0x80005606 (0x0000cf8d) c.beqz  a5, pc + 58
core   0: 0 0x80005606 (0xcf8d)
core   0: 0x80005608 (0x000064e1) c.lui   s1, 0x18
core   0: 0 0x80005608 (0x64e1) x9  0x00018000
core   0: 0x8000560a (0xbd45b493) sltiu   s1, a1, -1068
core   0: 0 0x8000560a (0xbd45b493) x9  0x00000001
core   0: 0x8000560e (0x00000001) c.nop
core   0: 0 0x8000560e (0x0001)
core   0: 0x80005610 (0x00008105) c.srli  a0, 1
core   0: 0 0x80005610 (0x8105) x10 0x00000000
core   0: 0x80005612 (0x009ddc13) srli    s8, s11, 9
core   0: 0 0x80005612 (0x009ddc13) x24 0x00000000
core   0: 0x80005616 (0x00008155) c.srli  a0, 21
core   0: 0 0x80005616 (0x8155) x10 0x00000000
core   0: 0x80005618 (0x00006b33) or      s6, zero, zero
core   0: 0 0x80005618 (0x00006b33) x22 0x00000000
core   0: 0x8000561c (0x04330263) beq     t1, gp, pc + 68
core   0: 0 0x8000561c (0x04330263)
core   0: 0x80005620 (0x407a8a33) sub     s4, s5, t2
core   0: 0 0x80005620 (0x407a8a33) x20 0x00000000
core   0: 0x80005624 (0x0ff0000f) fence   iorw,iorw
core   0: 0 0x80005624 (0x0ff0000f)
core   0: 0x80005628 (0x3e662a37) lui     s4, 0x3e662
core   0: 0 0x80005628 (0x3e662a37) x20 0x3e662000
core   0: 0x8000562c (0x00008e89) c.sub   a3, a0
core   0: 0 0x8000562c (0x8e89) x13 0x00000000
core   0: 0x8000562e (0x00004be5) c.li    s7, 25
core   0: 0 0x8000562e (0x4be5) x23 0x00000019
core   0: 0x80005630 (0x40380633) sub     a2, a6, gp
core   0: 0 0x80005630 (0x40380633) x12 0x1b040000
core   0: 0x80005634 (0x03b1b2b3) mulhu   t0, gp, s11
core   0: 0 0x80005634 (0x03b1b2b3) x5  0x00000000
core   0: 0x80005638 (0x5780b113) sltiu   sp, ra, 1400
core   0: 0 0x80005638 (0x5780b113) x2  0x00000000
core   0: 0x8000563c (0x005c1193) slli    gp, s8, 5
core   0: 0 0x8000563c (0x005c1193) x3  0x00000000
core   0: 0x80005640 (0x0063a533) slt     a0, t2, t1
core   0: 0 0x80005640 (0x0063a533) x10 0x00000000
core   0: 0x80005644 (0x01ec5113) srli    sp, s8, 30
core   0: 0 0x80005644 (0x01ec5113) x2  0x00000000
core   0: 0x80005648 (0x032f49b3) div     s3, t5, s2
core   0: 0 0x80005648 (0x032f49b3) x19 0x00000000
core   0: 0x8000564c (0x01ca1493) slli    s1, s4, 28
core   0: 0 0x8000564c (0x01ca1493) x9  0x00000000
core   0: 0x80005650 (0x012c1833) sll     a6, s8, s2
core   0: 0 0x80005650 (0x012c1833) x16 0x00000000
core   0: 0x80005654 (0x03af83b3) mul     t2, t6, s10
core   0: 0 0x80005654 (0x03af83b3) x7  0x00000000
core   0: 0x80005658 (0x00347c63) bgeu    s0, gp, pc + 24
core   0: 0 0x80005658 (0x00347c63)
core   0: 0x80005670 (0x000047a1) c.li    a5, 8
core   0: 0 0x80005670 (0x47a1) x15 0x00000008
core   0: 0x80005672 (0x00001b7d) c.addi  s6, -1
core   0: 0 0x80005672 (0x1b7d) x22 0xffffffff
core   0: 0x80005674 (0x00b0d613) srli    a2, ra, 11
core   0: 0 0x80005674 (0x00b0d613) x12 0x000c0000
core   0: 0x80005678 (0x0394b9b3) mulhu   s3, s1, s9
core   0: 0 0x80005678 (0x0394b9b3) x19 0x00000000
core   0: 0x8000567c (0x03f52533) mulhsu  a0, a0, t6
core   0: 0 0x8000567c (0x03f52533) x10 0x00000000
core   0: 0x80005680 (0xcd67c493) xori    s1, a5, -810
core   0: 0 0x80005680 (0xcd67c493) x9  0xfffffcde
core   0: 0x80005684 (0x40180233) sub     tp, a6, ra
core   0: 0 0x80005684 (0x40180233) x4  0xa0000000
core   0: 0x80005688 (0x02aa0ab3) mul     s5, s4, a0
core   0: 0 0x80005688 (0x02aa0ab3) x21 0x00000000
core   0: 0x8000568c (0x02906e63) bltu    zero, s1, pc + 60
core   0: 0 0x8000568c (0x02906e63)
core   0: 0x800056c8 (0x02171eb3) mulh    t4, a4, ra
core   0: 0 0x800056c8 (0x02171eb3) x29 0x0000004b
core   0: 0x800056cc (0x41da8733) sub     a4, s5, t4
core   0: 0 0x800056cc (0x41da8733) x14 0xffffffb5
core   0: 0x800056d0 (0x00000001) c.nop
core   0: 0 0x800056d0 (0x0001)
core   0: 0x800056d2 (0x00008f1d) c.sub   a4, a5
core   0: 0 0x800056d2 (0x8f1d) x14 0xffffffad
core   0: 0x800056d4 (0x000080e6) c.mv    ra, s9
core   0: 0 0x800056d4 (0x80e6) x1  0x00000000
core   0: 0x800056d6 (0x03be0633) mul     a2, t3, s11
core   0: 0 0x800056d6 (0x03be0633) x12 0x00000000
core   0: 0x800056da (0x00f75f33) srl     t5, a4, a5
core   0: 0 0x800056da (0x00f75f33) x30 0x00ffffff
core   0: 0x800056de (0x00008c6d) c.and   s0, a1
core   0: 0 0x800056de (0x8c6d) x8  0x80001000
core   0: 0x800056e0 (0x0000c515) c.beqz  a0, pc + 44
core   0: 0 0x800056e0 (0xc515)
core   0: 0x8000570c (0x00000001) c.nop
core   0: 0 0x8000570c (0x0001)
core   0: 0x8000570e (0x03538433) mul     s0, t2, s5
core   0: 0 0x8000570e (0x03538433) x8  0x00000000
core   0: 0x80005712 (0x02feac33) mulhsu  s8, t4, a5
core   0: 0 0x80005712 (0x02feac33) x24 0x00000000
core   0: 0x80005716 (0x00008d3d) c.xor   a0, a5
core   0: 0 0x80005716 (0x8d3d) x10 0x00000008
core   0: 0x80005718 (0x02a5c463) blt     a1, a0, pc + 40
core   0: 0 0x80005718 (0x02a5c463)
core   0: 0x80005740 (0x03e7e7b3) rem     a5, a5, t5
core   0: 0 0x80005740 (0x03e7e7b3) x15 0x00000008
core   0: 0x80005744 (0xfa74fa93) andi    s5, s1, -89
core   0: 0 0x80005744 (0xfa74fa93) x21 0xfffffc86
core   0: 0x80005748 (0x0350f4b3) remu    s1, ra, s5
core   0: 0 0x80005748 (0x0350f4b3) x9  0x00000000
core   0: 0x8000574c (0x1e0f8837) lui     a6, 0x1e0f8
core   0: 0 0x8000574c (0x1e0f8837) x16 0x1e0f8000
core   0: 0x80005750 (0x03611833) mulh    a6, sp, s6
core   0: 0 0x80005750 (0x03611833) x16 0x00000000
core   0: 0x80005754 (0x00008895) c.andi  s1, 5
core   0: 0 0x80005754 (0x8895) x9  0x00000000
core   0: 0x80005756 (0x00008739) c.srai  a4, 14
core   0: 0 0x80005756 (0x8739) x14 0xffffffff
core   0: 0x80005758 (0x00a5b1b3) sltu    gp, a1, a0
core   0: 0 0x80005758 (0x00a5b1b3) x3  0x00000000
core   0: 0x8000575c (0x0140d393) srli    t2, ra, 20
core   0: 0 0x8000575c (0x0140d393) x7  0x00000000
core   0: 0x80005760 (0x00575b33) srl     s6, a4, t0
core   0: 0 0x80005760 (0x00575b33) x22 0xffffffff
core   0: 0x80005764 (0x77b74413) xori    s0, a4, 1915
core   0: 0 0x80005764 (0x77b74413) x8  0xfffff884
core   0: 0x80005768 (0x417ad913) srai    s2, s5, 23
core   0: 0 0x80005768 (0x417ad913) x18 0xffffffff
core   0: 0x8000576c (0xba5c7213) andi    tp, s8, -1115
core   0: 0 0x8000576c (0xba5c7213) x4  0x00000000
core   0: 0x80005770 (0x00008165) c.srli  a0, 25
core   0: 0 0x80005770 (0x8165) x10 0x00000000
core   0: 0x80005772 (0x00008e71) c.and   a2, a2
core   0: 0 0x80005772 (0x8e71) x12 0x00000000
core   0: 0x80005774 (0x01b32533) slt     a0, t1, s11
core   0: 0 0x80005774 (0x01b32533) x10 0x00000000
core   0: 0x80005778 (0x00008ee9) c.and   a3, a0
core   0: 0 0x80005778 (0x8ee9) x13 0x00000000
core   0: 0x8000577a (0xd6b1b893) sltiu   a7, gp, -661
core   0: 0 0x8000577a (0xd6b1b893) x17 0x00000001
core   0: 0x8000577e (0x0ff0000f) fence   iorw,iorw
core   0: 0 0x8000577e (0x0ff0000f)
core   0: 0x80005782 (0x030bfd33) remu    s10, s7, a6
core   0: 0 0x80005782 (0x030bfd33) x26 0x00000019
core   0: 0x80005786 (0x401f57b3) sra     a5, t5, ra
core   0: 0 0x80005786 (0x401f57b3) x15 0x00ffffff
core   0: 0x8000578a (0x453c8b13) addi    s6, s9, 1107
core   0: 0 0x8000578a (0x453c8b13) x22 0x00000453
core   0: 0x8000578e (0x00008ea5) c.xor   a3, s1
core   0: 0 0x8000578e (0x8ea5) x13 0x00000000
core   0: 0x80005790 (0x009a5913) srli    s2, s4, 9
core   0: 0 0x80005790 (0x009a5913) x18 0x001f3310
core   0: 0x80005794 (0x00000098) c.addi4spn a4, sp, 64
core   0: 0 0x80005794 (0x0098) x14 0x00000040
core   0: 0x80005796 (0x00000ad1) c.addi  s5, 20
core   0: 0 0x80005796 (0x0ad1) x21 0xfffffc9a
core   0: 0x80005798 (0x020b3b33) mulhu   s6, s6, zero
core   0: 0 0x80005798 (0x020b3b33) x22 0x00000000
core   0: 0x8000579c (0x00009f52) c.add   t5, s4
core   0: 0 0x8000579c (0x9f52) x30 0x3f661fff
core   0: 0x8000579e (0xe8936813) ori     a6, t1, -375
core   0: 0 0x8000579e (0xe8936813) x16 0xfffffe89
core   0: 0x800057a2 (0x00000300) c.addi4spn s0, sp, 384
core   0: 0 0x800057a2 (0x0300) x8  0x00000180
core   0: 0x800057a4 (0x01873ab3) sltu    s5, a4, s8
core   0: 0 0x800057a4 (0x01873ab3) x21 0x00000000
core   0: 0x800057a8 (0x00008e3d) c.xor   a2, a5
core   0: 0 0x800057a8 (0x8e3d) x12 0x00ffffff
core   0: 0x800057aa (0x039dea63) bltu    s11, s9, pc + 52
core   0: 0 0x800057aa (0x039dea63)
core   0: 0x800057ae (0xa851bcb7) lui     s9, 0xa851b
core   0: 0 0x800057ae (0xa851bcb7) x25 0xa851b000
core   0: 0x800057b2 (0x00d5d463) bge     a1, a3, pc + 8
core   0: 0 0x800057b2 (0x00d5d463)
core   0: 0x800057b6 (0xbdd1fc97) auipc   s9, 0xbdd1f
core   0: 0 0x800057b6 (0xbdd1fc97) x25 0x3dd247b6
core   0: 0x800057ba (0x012c4ab3) xor     s5, s8, s2
core   0: 0 0x800057ba (0x012c4ab3) x21 0x001f3310
core   0: 0x800057be (0x01dd4963) blt     s10, t4, pc + 18
core   0: 0 0x800057be (0x01dd4963)
core   0: 0x800057d0 (0x00008f3d) c.xor   a4, a5
core   0: 0 0x800057d0 (0x8f3d) x14 0x00ffffbf
core   0: 0x800057d2 (0x2b412493) slti    s1, sp, 692
core   0: 0 0x800057d2 (0x2b412493) x9  0x00000001
core   0: 0x800057d6 (0x00389193) slli    gp, a7, 3
core   0: 0 0x800057d6 (0x00389193) x3  0x00000008
core   0: 0x800057da (0x02498733) mul     a4, s3, tp
core   0: 0 0x800057da (0x02498733) x14 0x00000000
core   0: 0x800057de (0x0000e219) c.bnez  a2, pc + 6
core   0: 0 0x800057de (0xe219)
core   0: 0x800057e4 (0x00004f2d) c.li    t5, 11
core   0: 0 0x800057e4 (0x4f2d) x30 0x0000000b
core   0: 0x800057e6 (0x0ff0000f) fence   iorw,iorw
core   0: 0 0x800057e6 (0x0ff0000f)
core   0: 0x800057ea (0x0000968a) c.add   a3, sp
core   0: 0 0x800057ea (0x968a) x13 0x00000000
core   0: 0x800057ec (0x00341f13) slli    t5, s0, 3
core   0: 0 0x800057ec (0x00341f13) x30 0x00000c00
core   0: 0x800057f0 (0x0000cc85) c.beqz  s1, pc + 56
core   0: 0 0x800057f0 (0xcc85)
core   0: 0x800057f2 (0x409e5733) sra     a4, t3, s1
core   0: 0 0x800057f2 (0x409e5733) x14 0x00000000
core   0: 0x800057f6 (0x00058e93) mv      t4, a1
core   0: 0 0x800057f6 (0x00058e93) x29 0x80021e20
core   0: 0x800057fa (0x0b610013) addi    zero, sp, 182
core   0: 0 0x800057fa (0x0b610013)
core   0: 0x800057fe (0x00008ac1) c.andi  a3, 16
core   0: 0 0x800057fe (0x8ac1) x13 0x00000000
core   0: 0x80005800 (0x03a2f963) bgeu    t0, s10, pc + 50
core   0: 0 0x80005800 (0x03a2f963)
core   0: 0x80005804 (0x0ff0000f) fence   iorw,iorw
core   0: 0 0x80005804 (0x0ff0000f)
core   0: 0x80005808 (0xf8f08d93) addi    s11, ra, -113
core   0: 0 0x80005808 (0xf8f08d93) x27 0xffffff8f
core   0: 0x8000580c (0x00008135) c.srli  a0, 13
core   0: 0 0x8000580c (0x8135) x10 0x00000000
core   0: 0x8000580e (0x01fd77b3) and     a5, s10, t6
core   0: 0 0x8000580e (0x01fd77b3) x15 0x00000000
core   0: 0x80005812 (0xa0e8e393) ori     t2, a7, -1522
core   0: 0 0x80005812 (0xa0e8e393) x7  0xfffffa0f
core   0: 0x80005816 (0x0000e60d) c.bnez  a2, pc + 42
core   0: 0 0x80005816 (0xe60d)
core   0: 0x80005840 (0xaea28c37) lui     s8, 0xaea28
core   0: 0 0x80005840 (0xaea28c37) x24 0xaea28000
core   0: 0x80005844 (0x019a02b3) add     t0, s4, s9
core   0: 0 0x80005844 (0x019a02b3) x5  0x7c3867b6
core   0: 0x80005848 (0x02ee8433) mul     s0, t4, a4
core   0: 0 0x80005848 (0x02ee8433) x8  0x00000000
core   0: 0x8000584c (0x03c1b2b3) mulhu   t0, gp, t3
core   0: 0 0x8000584c (0x03c1b2b3) x5  0x00000000
core   0: 0x80005850 (0x42b22a37) lui     s4, 0x42b22
core   0: 0 0x80005850 (0x42b22a37) x20 0x42b22000
core   0: 0x80005854 (0x55df39b7) lui     s3, 0x55df3
core   0: 0 0x80005854 (0x55df39b7) x19 0x55df3000
core   0: 0x80005858 (0x0000986e) c.add   a6, s11
core   0: 0 0x80005858 (0x986e) x16 0xfffffe18
core   0: 0x8000585a (0x00276033) or      zero, a4, sp
core   0: 0 0x8000585a (0x00276033)
core   0: 0x8000585e (0x03415b63) bge     sp, s4, pc + 54
core   0: 0 0x8000585e (0x03415b63)
core   0: 0x80005862 (0x8947e493) ori     s1, a5, -1900
core   0: 0 0x80005862 (0x8947e493) x9  0xfffff894
core   0: 0x80005866 (0x008e9c33) sll     s8, t4, s0
core   0: 0 0x80005866 (0x008e9c33) x24 0x80021e20
core   0: 0x8000586a (0x01789f63) bne     a7, s7, pc + 30
core   0: 0 0x8000586a (0x01789f63)
core   0: 0x80005888 (0x020d9063) bnez    s11, pc + 32
core   0: 0 0x80005888 (0x020d9063)
core   0: 0x800058a8 (0x000086b9) c.srai  a3, 14
core   0: 0 0x800058a8 (0x86b9) x13 0x00000000
core   0: 0x800058aa (0x0000cb01) c.beqz  a4, pc + 16
core   0: 0 0x800058aa (0xcb01)
core   0: 0x800058ba (0x000087dd) c.srai  a5, 23
core   0: 0 0x800058ba (0x87dd) x15 0x00000000
core   0: 0x800058bc (0x00008759) c.srai  a4, 22
core   0: 0 0x800058bc (0x8759) x14 0x00000000
core   0: 0x800058be (0x001b9c33) sll     s8, s7, ra
core   0: 0 0x800058be (0x001b9c33) x24 0x00000019
core   0: 0x800058c2 (0x5f89e617) auipc   a2, 0x5f89e
core   0: 0 0x800058c2 (0x5f89e617) x12 0xdf8a38c2
core   0: 0x800058c6 (0x0ff0000f) fence   iorw,iorw
core   0: 0 0x800058c6 (0x0ff0000f)
core   0: 0x800058ca (0x0000127d) c.addi  tp, -1
core   0: 0 0x800058ca (0x127d) x4  0xffffffff
core   0: 0x800058cc (0x01a24eb3) xor     t4, tp, s10
core   0: 0 0x800058cc (0x01a24eb3) x29 0xffffffe6
core   0: 0x800058d0 (0x023bf1b3) remu    gp, s7, gp
core   0: 0 0x800058d0 (0x023bf1b3) x3  0x00000001
core   0: 0x800058d4 (0x0000c405) c.beqz  s0, pc + 40
core   0: 0 0x800058d4 (0xc405)
core   0: 0x800058fc (0x40ea5b33) sra     s6, s4, a4
core   0: 0 0x800058fc (0x40ea5b33) x22 0x42b22000
core   0: 0x80005900 (0x036f58b3) divu    a7, t5, s6
core   0: 0 0x80005900 (0x036f58b3) x17 0x00000000
core   0: 0x80005904 (0x1048b793) sltiu   a5, a7, 260
core   0: 0 0x80005904 (0x1048b793) x15 0x00000001
core   0: 0x80005908 (0x02de0133) mul     sp, t3, a3
core   0: 0 0x80005908 (0x02de0133) x2  0x00000000
core   0: 0x8000590c (0x006449b3) xor     s3, s0, t1
core   0: 0 0x8000590c (0x006449b3) x19 0x00000000
core   0: 0x80005910 (0x00008c99) c.sub   s1, a4
core   0: 0 0x80005910 (0x8c99) x9  0xfffff894
core   0: 0x80005912 (0x02284db3) div     s11, a6, sp
core   0: 0 0x80005912 (0x02284db3) x27 0xffffffff
core   0: 0x80005916 (0x24a1a637) lui     a2, 0x24a1a
core   0: 0 0x80005916 (0x24a1a637) x12 0x24a1a000
core   0: 0x8000591a (0x031be133) rem     sp, s7, a7
core   0: 0 0x8000591a (0x031be133) x2  0x00000019
core   0: 0x8000591e (0x0000717d) c.addi16sp sp, -16
core   0: 0 0x8000591e (0x717d) x2  0x00000009
core   0: 0x80005920 (0x0000c031) c.beqz  s0, pc + 68
core   0: 0 0x80005920 (0xc031)
core   0: 0x80005964 (0x018a5a63) bge     s4, s8, pc + 20
core   0: 0 0x80005964 (0x018a5a63)
core   0: 0x80005978 (0x82e72293) slti    t0, a4, -2002
core   0: 0 0x80005978 (0x82e72293) x5  0x00000000
core   0: 0x8000597c (0x40ae86b3) sub     a3, t4, a0
core   0: 0 0x8000597c (0x40ae86b3) x13 0xffffffe6
core   0: 0x80005980 (0x4057db33) sra     s6, a5, t0
core   0: 0 0x80005980 (0x4057db33) x22 0x00000001
core   0: 0x80005984 (0x00fa3933) sltu    s2, s4, a5
core   0: 0 0x80005984 (0x00fa3933) x18 0x00000000
core   0: 0x80005988 (0x7793f993) andi    s3, t2, 1913
core   0: 0 0x80005988 (0x7793f993) x19 0x00000209
core   0: 0x8000598c (0x0000c109) c.beqz  a0, pc + 2
core   0: 0 0x8000598c (0xc109)
core   0: 0x8000598e (0x0258ca63) blt     a7, t0, pc + 52
core   0: 0 0x8000598e (0x0258ca63)
core   0: 0x80005992 (0x02e20a63) beq     tp, a4, pc + 52
core   0: 0 0x80005992 (0x02e20a63)
core   0: 0x80005996 (0x5b33a293) slti    t0, t2, 1459
core   0: 0 0x80005996 (0x5b33a293) x5  0x00000001
core   0: 0x8000599a (0x01f05a93) srli    s5, zero, 31
core   0: 0 0x8000599a (0x01f05a93) x21 0x00000000
core   0: 0x8000599e (0x0ff0000f) fence   iorw,iorw
core   0: 0 0x8000599e (0x0ff0000f)
core   0: 0x800059a2 (0x4160d433) sra     s0, ra, s6
core   0: 0 0x800059a2 (0x4160d433) x8  0x00000000
core   0: 0x800059a6 (0x01dc5f33) srl     t5, s8, t4
core   0: 0 0x800059a6 (0x01dc5f33) x30 0x00000000
core   0: 0x800059aa (0x0212b233) mulhu   tp, t0, ra
core   0: 0 0x800059aa (0x0212b233) x4  0x00000000
core   0: 0x800059ae (0x0000100f) fence.i
core   0: 0 0x800059ae (0x0000100f)
core   0: 0x800059b2 (0x0128c8b3) xor     a7, a7, s2
core   0: 0 0x800059b2 (0x0128c8b3) x17 0x00000000
core   0: 0x800059b6 (0x000054fd) c.li    s1, -1
core   0: 0 0x800059b6 (0x54fd) x9  0xffffffff
core   0: 0x800059b8 (0x02575d33) divu    s10, a4, t0
core   0: 0 0x800059b8 (0x02575d33) x26 0x00000000
core   0: 0x800059bc (0x00008fcd) c.or    a5, a1
core   0: 0 0x800059bc (0x8fcd) x15 0x80021e21
core   0: 0x800059be (0x0ff0000f) fence   iorw,iorw
core   0: 0 0x800059be (0x0ff0000f)
core   0: 0x800059c2 (0x01419613) slli    a2, gp, 20
core   0: 0 0x800059c2 (0x01419613) x12 0x00100000
core   0: 0x800059c6 (0x41c4dc13) srai    s8, s1, 28
core   0: 0 0x800059c6 (0x41c4dc13) x24 0xffffffff
core   0: 0x800059ca (0x039c2b33) mulhsu  s6, s8, s9
core   0: 0 0x800059ca (0x039c2b33) x22 0xffffffff
core   0: 0x800059ce (0x0ff0000f) fence   iorw,iorw
core   0: 0 0x800059ce (0x0ff0000f)
core   0: 0x800059d2 (0x01da9d63) bne     s5, t4, pc + 26
core   0: 0 0x800059d2 (0x01da9d63)
core   0: 0x800059ec (0x0034fa33) and     s4, s1, gp
core   0: 0 0x800059ec (0x0034fa33) x20 0x00000001
core   0: 0x800059f0 (0x028b29b3) mulhsu  s3, s6, s0
core   0: 0 0x800059f0 (0x028b29b3) x19 0x00000000
core   0: 0x800059f4 (0x00008c61) c.and   s0, s0
core   0: 0 0x800059f4 (0x8c61) x8  0x00000000
core   0: 0x800059f6 (0x00008835) c.andi  s0, 13
core   0: 0 0x800059f6 (0x8835) x8  0x00000000
core   0: 0x800059f8 (0x00001d7d) c.addi  s10, -1
core   0: 0 0x800059f8 (0x1d7d) x26 0xffffffff
core   0: 0x800059fa (0xd171b713) sltiu   a4, gp, -745
core   0: 0 0x800059fa (0xd171b713) x14 0x00000001
core   0: 0x800059fe (0x00000808) c.addi4spn a0, sp, 16
core   0: 0 0x800059fe (0x0808) x10 0x00000019
core   0: 0x80005a00 (0x01d152b3) srl     t0, sp, t4
core   0: 0 0x80005a00 (0x01d152b3) x5  0x00000000
core   0: 0x80005a04 (0x0142db93) srli    s7, t0, 20
core   0: 0 0x80005a04 (0x0142db93) x23 0x00000000
core   0: 0x80005a08 (0x020a5963) bgez    s4, pc + 50
core   0: 0 0x80005a08 (0x020a5963)
core   0: 0x80005a3a (0x0000e909) c.bnez  a0, pc + 18
core   0: 0 0x80005a3a (0xe909)
core   0: 0x80005a4c (0x016c9763) bne     s9, s6, pc + 14
core   0: 0 0x80005a4c (0x016c9763)
core   0: 0x80005a5a (0x01b42bb3) slt     s7, s0, s11
core   0: 0 0x80005a5a (0x01b42bb3) x23 0x00000000
core   0: 0x80005a5e (0x00008c79) c.and   s0, a4
core   0: 0 0x80005a5e (0x8c79) x8  0x00000000
core   0: 0x80005a60 (0x405908b3) sub     a7, s2, t0
core   0: 0 0x80005a60 (0x405908b3) x17 0x00000000
core   0: 0x80005a64 (0x00000d15) c.addi  s10, 5
core   0: 0 0x80005a64 (0x0d15) x26 0x00000004
core   0: 0x80005a66 (0x00451a93) slli    s5, a0, 4
core   0: 0 0x80005a66 (0x00451a93) x21 0x00000190
core   0: 0x80005a6a (0x0000c409) c.beqz  s0, pc + 10
core   0: 0 0x80005a6a (0xc409)
core   0: 0x80005a74 (0x01a799b3) sll     s3, a5, s10
core   0: 0 0x80005a74 (0x01a799b3) x19 0x0021e210
core   0: 0x80005a78 (0x0089f933) and     s2, s3, s0
core   0: 0 0x80005a78 (0x0089f933) x18 0x00000000
core   0: 0x80005a7c (0x00008c59) c.or    s0, a4
core   0: 0 0x80005a7c (0x8c59) x8  0x00000001
core   0: 0x80005a7e (0x03f6aeb3) mulhsu  t4, a3, t6
core   0: 0 0x80005a7e (0x03f6aeb3) x29 0xfffffff2
core   0: 0x80005a82 (0x00008245) c.srli  a2, 17
core   0: 0 0x80005a82 (0x8245) x12 0x00000008
core   0: 0x80005a84 (0x00008d31) c.xor   a0, a2
core   0: 0 0x80005a84 (0x8d31) x10 0x00000011
core   0: 0x80005a86 (0x57f4fc93) andi    s9, s1, 1407
core   0: 0 0x80005a86 (0x57f4fc93) x25 0x0000057f
core   0: 0x80005a8a (0x00008e25) c.xor   a2, s1
core   0: 0 0x80005a8a (0x8e25) x12 0xfffffff7
core   0: 0x80005a8c (0x1b674637) lui     a2, 0x1b674
core   0: 0 0x80005a8c (0x1b674637) x12 0x1b674000
core   0: 0x80005a90 (0x007a1363) bne     s4, t2, pc + 6
core   0: 0 0x80005a90 (0x007a1363)
core   0: 0x80005a96 (0x863c6913) ori     s2, s8, -1949
core   0: 0 0x80005a96 (0x863c6913) x18 0xffffffff
core   0: 0x80005a9a (0x00009b7d) c.andi  a4, -1
core   0: 0 0x80005a9a (0x9b7d) x14 0x00000001
core   0: 0x80005a9c (0x0000557d) c.li    a0, -1
core   0: 0 0x80005a9c (0x557d) x10 0xffffffff
core   0: 0x80005a9e (0x415c5033) sra     zero, s8, s5
core   0: 0 0x80005a9e (0x415c5033)
core   0: 0x80005aa2 (0x00008c41) c.or    s0, s0
core   0: 0 0x80005aa2 (0x8c41) x8  0x00000001
core   0: 0x80005aa4 (0x031c0c63) beq     s8, a7, pc + 56
core   0: 0 0x80005aa4 (0x031c0c63)
core   0: 0x80005aa8 (0x0060feb3) and     t4, ra, t1
core   0: 0 0x80005aa8 (0x0060feb3) x29 0x00000000
core   0: 0x80005aac (0x01020e63) beq     tp, a6, pc + 28
core   0: 0 0x80005aac (0x01020e63)
core   0: 0x80005ab0 (0x02ac0033) mul     zero, s8, a0
core   0: 0 0x80005ab0 (0x02ac0033)
core   0: 0x80005ab4 (0x00009476) c.add   s0, t4
core   0: 0 0x80005ab4 (0x9476) x8  0x00000001
core   0: 0x80005ab6 (0x000064d1) c.lui   s1, 0x14
core   0: 0 0x80005ab6 (0x64d1) x9  0x00014000
core   0: 0x80005ab8 (0x000090ba) c.add   ra, a4
core   0: 0 0x80005ab8 (0x90ba) x1  0x00000001
core   0: 0x80005aba (0x00008f45) c.or    a4, s1
core   0: 0 0x80005aba (0x8f45) x14 0x00014001
core   0: 0x80005abc (0x03610db3) mul     s11, sp, s6
core   0: 0 0x80005abc (0x03610db3) x27 0xfffffff7
core   0: 0x80005ac0 (0x01c6c2b3) xor     t0, a3, t3
core   0: 0 0x80005ac0 (0x01c6c2b3) x5  0xffffffe6
core   0: 0x80005ac4 (0x00ad3533) sltu    a0, s10, a0
core   0: 0 0x80005ac4 (0x00ad3533) x10 0x00000001
core   0: 0x80005ac8 (0x000051fd) c.li    gp, -1
core   0: 0 0x80005ac8 (0x51fd) x3  0xffffffff
core   0: 0x80005aca (0x00008f55) c.or    a4, a3
core   0: 0 0x80005aca (0x8f55) x14 0xffffffe7
core   0: 0x80005acc (0x63aa6093) ori     ra, s4, 1594
core   0: 0 0x80005acc (0x63aa6093) x1  0x0000063b
core   0: 0x80005ad0 (0x030cfa33) remu    s4, s9, a6
core   0: 0 0x80005ad0 (0x030cfa33) x20 0x0000057f
core   0: 0x80005ad4 (0x0000100f) fence.i
core   0: 0 0x80005ad4 (0x0000100f)
core   0: 0x80005ad8 (0x000098fd) c.andi  s1, -1
core   0: 0 0x80005ad8 (0x98fd) x9  0x00014000
core   0: 0x80005ada (0x0000e2b1) c.bnez  a3, pc + 68
core   0: 0 0x80005ada (0xe2b1)
core   0: 0x80005b1e (0x00006465) c.lui   s0, 0x19
core   0: 0 0x80005b1e (0x6465) x8  0x00019000
core   0: 0x80005b20 (0x010de833) or      a6, s11, a6
core   0: 0 0x80005b20 (0x010de833) x16 0xffffffff
core   0: 0x80005b24 (0x00000001) c.nop
core   0: 0 0x80005b24 (0x0001)
core   0: 0x80005b26 (0x02ed5833) divu    a6, s10, a4
core   0: 0 0x80005b26 (0x02ed5833) x16 0x00000000
core   0: 0x80005b2a (0x0000100f) fence.i
core   0: 0 0x80005b2a (0x0000100f)
core   0: 0x80005b2e (0x0052b133) sltu    sp, t0, t0
core   0: 0 0x80005b2e (0x0052b133) x2  0x00000000
core   0: 0x80005b32 (0x41b50d33) sub     s10, a0, s11
core   0: 0 0x80005b32 (0x41b50d33) x26 0x0000000a
core   0: 0x80005b36 (0x00000001) c.nop
core   0: 0 0x80005b36 (0x0001)
core   0: 0x80005b38 (0x00008d41) c.or    a0, s0
core   0: 0 0x80005b38 (0x8d41) x10 0x00019001
core   0: 0x80005b3a (0x00ebf233) and     tp, s7, a4
core   0: 0 0x80005b3a (0x00ebf233) x4  0x00000000
core   0: 0x80005b3e (0x03f91963) bne     s2, t6, pc + 50
core   0: 0 0x80005b3e (0x03f91963)
core   0: 0x80005b70 (0x01c01863) bne     zero, t3, pc + 16
core   0: 0 0x80005b70 (0x01c01863)
core   0: 0x80005b74 (0x0078a0b3) slt     ra, a7, t2
core   0: 0 0x80005b74 (0x0078a0b3) x1  0x00000000
core   0: 0x80005b78 (0x04498163) beq     s3, tp, pc + 66
core   0: 0 0x80005b78 (0x04498163)
core   0: 0x80005b7c (0x03a450b3) divu    ra, s0, s10
core   0: 0 0x80005b7c (0x03a450b3) x1  0x00002800
core   0: 0x80005b80 (0x0000805d) c.srli  s0, 23
core   0: 0 0x80005b80 (0x805d) x8  0x00000000
core   0: 0x80005b82 (0x00c2c533) xor     a0, t0, a2
core   0: 0 0x80005b82 (0x00c2c533) x10 0xe498bfe6
core   0: 0x80005b86 (0x02c91533) mulh    a0, s2, a2
core   0: 0 0x80005b86 (0x02c91533) x10 0xffffffff
core   0: 0x80005b8a (0x4d4c8937) lui     s2, 0x4d4c8
core   0: 0 0x80005b8a (0x4d4c8937) x18 0x4d4c8000
core   0: 0x80005b8e (0x0000717d) c.addi16sp sp, -16
core   0: 0 0x80005b8e (0x717d) x2  0xfffffff0
core   0: 0x80005b90 (0x03170733) mul     a4, a4, a7
core   0: 0 0x80005b90 (0x03170733) x14 0x00000000
core   0: 0x80005b94 (0x01e5eab3) or      s5, a1, t5
core   0: 0 0x80005b94 (0x01e5eab3) x21 0x80021e20
core   0: 0x80005b98 (0x008bd493) srli    s1, s7, 8
core   0: 0 0x80005b98 (0x008bd493) x9  0x00000000
core   0: 0x80005b9c (0x02d1f433) remu    s0, gp, a3
core   0: 0 0x80005b9c (0x02d1f433) x8  0x00000019
core   0: 0x80005ba0 (0x0000c605) c.beqz  a2, pc + 40
core   0: 0 0x80005ba0 (0xc605)
core   0: 0x80005ba2 (0x00000001) c.nop
core   0: 0 0x80005ba2 (0x0001)
core   0: 0x80005ba4 (0x02a06663) bltu    zero, a0, pc + 44
core   0: 0 0x80005ba4 (0x02a06663)
core   0: 0x80005bd0 (0x00008f99) c.sub   a5, a4
core   0: 0 0x80005bd0 (0x8f99) x15 0x80021e21
core   0: 0x80005bd2 (0x000017fd) c.addi  a5, -1
core   0: 0 0x80005bd2 (0x17fd) x15 0x80021e20
core   0: 0x80005bd4 (0x01f272b3) and     t0, tp, t6
core   0: 0 0x80005bd4 (0x01f272b3) x5  0x00000000
core   0: 0x80005bd8 (0x960ae817) auipc   a6, 0x960ae
core   0: 0 0x80005bd8 (0x960ae817) x16 0x160b3bd8
core   0: 0x80005bdc (0x00000001) c.nop
core   0: 0 0x80005bdc (0x0001)
core   0: 0x80005bde (0x00008fb5) c.xor   a5, a3
core   0: 0 0x80005bde (0x8fb5) x15 0x7ffde1c6
core   0: 0x80005be0 (0x0000e81d) c.bnez  s0, pc + 54
core   0: 0 0x80005be0 (0xe81d)
core   0: 0x80005c16 (0x000004f2) c.slli  s1, 28
core   0: 0 0x80005c16 (0x04f2) x9  0x00000000
core   0: 0x80005c18 (0x00fab9b3) sltu    s3, s5, a5
core   0: 0 0x80005c18 (0x00fab9b3) x19 0x00000000
core   0: 0x80005c1c (0x0000677d) c.lui   a4, 0x1f
core   0: 0 0x80005c1c (0x677d) x14 0x0001f000
core   0: 0x80005c1e (0x00008935) c.andi  a0, 13
core   0: 0 0x80005c1e (0x8935) x10 0x0000000d
core   0: 0x80005c20 (0x34c19737) lui     a4, 0x34c19
core   0: 0 0x80005c20 (0x34c19737) x14 0x34c19000
core   0: 0x80005c24 (0x00001a7d) c.addi  s4, -1
core   0: 0 0x80005c24 (0x1a7d) x20 0x0000057e
core   0: 0x80005c26 (0x00009686) c.add   a3, ra
core   0: 0 0x80005c26 (0x9686) x13 0x000027e6
core   0: 0x80005c28 (0x01ed6e63) bltu    s10, t5, pc + 28
core   0: 0 0x80005c28 (0x01ed6e63)
core   0: 0x80005c2c (0x0143b7b3) sltu    a5, t2, s4
core   0: 0 0x80005c2c (0x0143b7b3) x15 0x00000000
core   0: 0x80005c30 (0xa6bf7d93) andi    s11, t5, -1429
core   0: 0 0x80005c30 (0xa6bf7d93) x27 0x00000000
core   0: 0x80005c34 (0x0208ef33) rem     t5, a7, zero
core   0: 0 0x80005c34 (0x0208ef33) x30 0x00000000
core   0: 0x80005c38 (0xc6a7b293) sltiu   t0, a5, -918
core   0: 0 0x80005c38 (0xc6a7b293) x5  0x00000001
core   0: 0x80005c3c (0x41145d93) srai    s11, s0, 17
core   0: 0 0x80005c3c (0x41145d93) x27 0x00000000
core   0: 0x80005c40 (0xc93b3493) sltiu   s1, s6, -877
core   0: 0 0x80005c40 (0xc93b3493) x9  0x00000000
core   0: 0x80005c44 (0x00000001) c.nop
core   0: 0 0x80005c44 (0x0001)
core   0: 0x80005c46 (0x01875363) bge     a4, s8, pc + 6
core   0: 0 0x80005c46 (0x01875363)
core   0: 0x80005c4c (0x0407f197) auipc   gp, 0x407f
core   0: 0 0x80005c4c (0x0407f197) x3  0x84084c4c
core   0: 0x80005c50 (0x00008e7d) c.and   a2, a5
core   0: 0 0x80005c50 (0x8e7d) x12 0x00000000
core   0: 0x80005c52 (0x00005e7d) c.li    t3, -1
core   0: 0 0x80005c52 (0x5e7d) x28 0xffffffff
core   0: 0x80005c54 (0x00001280) c.addi4spn s0, sp, 352
core   0: 0 0x80005c54 (0x1280) x8  0x00000150
core   0: 0x80005c56 (0x022ab9b7) lui     s3, 0x22ab
core   0: 0 0x80005c56 (0x022ab9b7) x19 0x022ab000
core   0: 0x80005c5a (0x89044117) auipc   sp, 0x89044
core   0: 0 0x80005c5a (0x89044117) x2  0x09049c5a
core   0: 0x80005c5e (0xa95cbc13) sltiu   s8, s9, -1387
core   0: 0 0x80005c5e (0xa95cbc13) x24 0x00000001
core   0: 0x80005c62 (0x03b0bcb3) mulhu   s9, ra, s11
core   0: 0 0x80005c62 (0x03b0bcb3) x25 0x00000000
core   0: 0x80005c66 (0x1ed87b93) andi    s7, a6, 493
core   0: 0 0x80005c66 (0x1ed87b93) x23 0x000001c8
core   0: 0x80005c6a (0x4df92917) auipc   s2, 0x4df92
core   0: 0 0x80005c6a (0x4df92917) x18 0xcdf97c6a
core   0: 0x80005c6e (0x0000717d) c.addi16sp sp, -16
core   0: 0 0x80005c6e (0x717d) x2  0x09049c4a
core   0: 0x80005c70 (0xc58a3117) auipc   sp, 0xc58a3
core   0: 0 0x80005c70 (0xc58a3117) x2  0x458a8c70
core   0: 0x80005c74 (0x02cf3db3) mulhu   s11, t5, a2
core   0: 0 0x80005c74 (0x02cf3db3) x27 0x00000000
core   0: 0x80005c78 (0x00fc1993) slli    s3, s8, 15
core   0: 0 0x80005c78 (0x00fc1993) x19 0x00008000
core   0: 0x80005c7c (0x00008e8d) c.sub   a3, a1
core   0: 0 0x80005c7c (0x8e8d) x13 0x7ffe09c6
core   0: 0x80005c7e (0x55402c93) slti    s9, zero, 1364
core   0: 0 0x80005c7e (0x55402c93) x25 0x00000001
core   0: 0x80005c82 (0xa93f2413) slti    s0, t5, -1389
core   0: 0 0x80005c82 (0xa93f2413) x8  0x00000000
core   0: 0x80005c86 (0x00009d86) c.add   s11, ra
core   0: 0 0x80005c86 (0x9d86) x27 0x00002800
core   0: 0x80005c88 (0xb003ec13) ori     s8, t2, -1280
core   0: 0 0x80005c88 (0xb003ec13) x24 0xfffffb0f
core   0: 0x80005c8c (0x52f26513) ori     a0, tp, 1327
core   0: 0 0x80005c8c (0x52f26513) x10 0x0000052f
core   0: 0x80005c90 (0x00571393) slli    t2, a4, 5
core   0: 0 0x80005c90 (0x00571393) x7  0x98320000
core   0: 0x80005c94 (0x9a5f6413) ori     s0, t5, -1627
core   0: 0 0x80005c94 (0x9a5f6413) x8  0xfffff9a5
core   0: 0x80005c98 (0x01ee19b3) sll     s3, t3, t5
core   0: 0 0x80005c98 (0x01ee19b3) x19 0xffffffff
core   0: 0x80005c9c (0x00c86eb3) or      t4, a6, a2
core   0: 0 0x80005c9c (0x00c86eb3) x29 0x160b3bd8
core   0: 0x80005ca0 (0x02ede933) rem     s2, s11, a4
core   0: 0 0x80005ca0 (0x02ede933) x18 0x00002800
core   0: 0x80005ca4 (0x02dd3c33) mulhu   s8, s10, a3
core   0: 0 0x80005ca4 (0x02dd3c33) x24 0x00000004
core   0: 0x80005ca8 (0x0268d733) divu    a4, a7, t1
core   0: 0 0x80005ca8 (0x0268d733) x14 0xffffffff
core   0: 0x80005cac (0x00337d63) bgeu    t1, gp, pc + 26
core   0: 0 0x80005cac (0x00337d63)
core   0: 0x80005cb0 (0x033a79b3) remu    s3, s4, s3
core   0: 0 0x80005cb0 (0x033a79b3) x19 0x0000057e
core   0: 0x80005cb4 (0xa66fab17) auipc   s6, 0xa66fa
core   0: 0 0x80005cb4 (0xa66fab17) x22 0x266ffcb4
core   0: 0x80005cb8 (0x00000001) c.nop
core   0: 0 0x80005cb8 (0x0001)
core   0: 0x80005cba (0x00000d84) c.addi4spn s1, sp, 720
core   0: 0 0x80005cba (0x0d84) x9  0x458a8f40
core   0: 0x80005cbc (0x0201d733) divu    a4, gp, zero
core   0: 0 0x80005cbc (0x0201d733) x14 0xffffffff
core   0: 0x80005cc0 (0x0000830d) c.srli  a4, 3
core   0: 0 0x80005cc0 (0x830d) x14 0x1fffffff
core   0: 0x80005cc2 (0x0326f2b3) remu    t0, a3, s2
core   0: 0 0x80005cc2 (0x0326f2b3) x5  0x000019c6
core   0: 0x80005cc6 (0x00000794) c.addi4spn a3, sp, 960
core   0: 0 0x80005cc6 (0x0794) x13 0x458a9030
core   0: 0x80005cc8 (0x0000c901) c.beqz  a0, pc + 16
core   0: 0 0x80005cc8 (0xc901)
core   0: 0x80005cca (0x00f3b733) sltu    a4, t2, a5
core   0: 0 0x80005cca (0x00f3b733) x14 0x00000000
core   0: 0x80005cce (0x00b01363) bne     zero, a1, pc + 6
core   0: 0 0x80005cce (0x00b01363)
core   0: 0x80005cd4 (0x02910b33) mul     s6, sp, s1
core   0: 0 0x80005cd4 (0x02910b33) x22 0xab75ac00
core   0: 0x80005cd8 (0x03482e33) mulhsu  t3, a6, s4
core   0: 0 0x80005cd8 (0x03482e33) x28 0x00000079
core   0: 0x80005cdc (0x021d2db3) mulhsu  s11, s10, ra
core   0: 0 0x80005cdc (0x021d2db3) x27 0x00000000
core   0: 0x80005ce0 (0x02fcbab3) mulhu   s5, s9, a5
core   0: 0 0x80005ce0 (0x02fcbab3) x21 0x00000000
core   0: 0x80005ce4 (0x0ff0000f) fence   iorw,iorw
core   0: 0 0x80005ce4 (0x0ff0000f)
core   0: 0x80005ce8 (0x015aa0b3) slt     ra, s5, s5
core   0: 0 0x80005ce8 (0x015aa0b3) x1  0x00000000
core   0: 0x80005cec (0x0063a993) slti    s3, t2, 6
core   0: 0 0x80005cec (0x0063a993) x19 0x00000001
core   0: 0x80005cf0 (0x000064e1) c.lui   s1, 0x18
core   0: 0 0x80005cf0 (0x64e1) x9  0x00018000
core   0: 0x80005cf2 (0x0258a4b3) mulhsu  s1, a7, t0
core   0: 0 0x80005cf2 (0x0258a4b3) x9  0x00000000
core   0: 0x80005cf6 (0x025f68b3) rem     a7, t5, t0
core   0: 0 0x80005cf6 (0x025f68b3) x17 0x00000000
core   0: 0x80005cfa (0xa1eafe97) auipc   t4, 0xa1eaf
core   0: 0 0x80005cfa (0xa1eafe97) x29 0x21eb4cfa
core   0: 0x80005cfe (0x0000869d) c.srai  a3, 7
core   0: 0 0x80005cfe (0x869d) x13 0x008b1520
core   0: 0x80005d00 (0x00008c31) c.xor   s0, a2
core   0: 0 0x80005d00 (0x8c31) x8  0xfffff9a5
core   0: 0x80005d02 (0x0000625d) c.lui   tp, 0x17
core   0: 0 0x80005d02 (0x625d) x4  0x00017000
core   0: 0x80005d04 (0x01eb4763) blt     s6, t5, pc + 14
core   0: 0 0x80005d04 (0x01eb4763)
core   0: 0x80005d12 (0x01531093) slli    ra, t1, 21
core   0: 0 0x80005d12 (0x01531093) x1  0x00000000
core   0: 0x80005d16 (0xac798713) addi    a4, s3, -1337
core   0: 0 0x80005d16 (0xac798713) x14 0xfffffac8
core   0: 0x80005d1a (0x0000717d) c.addi16sp sp, -16
core   0: 0 0x80005d1a (0x717d) x2  0x458a8c60
core   0: 0x80005d1c (0x00000001) c.nop
core   0: 0 0x80005d1c (0x0001)
core   0: 0x80005d1e (0x03fbc833) div     a6, s7, t6
core   0: 0 0x80005d1e (0x03fbc833) x16 0x00000000
core   0: 0x80005d22 (0x00000c14) c.addi4spn a3, sp, 528
core   0: 0 0x80005d22 (0x0c14) x13 0x458a8e70
core   0: 0x80005d24 (0x01a33a33) sltu    s4, t1, s10
core   0: 0 0x80005d24 (0x01a33a33) x20 0x00000001
core   0: 0x80005d28 (0x00008fd5) c.or    a5, a3
core   0: 0 0x80005d28 (0x8fd5) x15 0x458a8e70
core   0: 0x80005d2a (0x02bb5833) divu    a6, s6, a1
core   0: 0 0x80005d2a (0x02bb5833) x16 0x00000001
core   0: 0x80005d2e (0x0000c895) c.beqz  s1, pc + 52
core   0: 0 0x80005d2e (0xc895)
core   0: 0x80005d62 (0x00331963) bne     t1, gp, pc + 18
core   0: 0 0x80005d62 (0x00331963)
core   0: 0x80005d74 (0x02ce2733) mulhsu  a4, t3, a2
core   0: 0 0x80005d74 (0x02ce2733) x14 0x00000000
core   0: 0x80005d78 (0x0000100f) fence.i
core   0: 0 0x80005d78 (0x0000100f)
core   0: 0x80005d7c (0x000087cd) c.srai  a5, 19
core   0: 0 0x80005d7c (0x87cd) x15 0x000008b1
core   0: 0x80005d7e (0x0157adb3) slt     s11, a5, s5
core   0: 0 0x80005d7e (0x0157adb3) x27 0x00000000
core   0: 0x80005d82 (0x016d69b3) or      s3, s10, s6
core   0: 0 0x80005d82 (0x016d69b3) x19 0xab75ac0a
core   0: 0x80005d86 (0x00000001) c.nop
core   0: 0 0x80005d86 (0x0001)
core   0: 0x80005d88 (0x01c79113) slli    sp, a5, 28
core   0: 0 0x80005d88 (0x01c79113) x2  0x10000000
core   0: 0x80005d8c (0x01609733) sll     a4, ra, s6
core   0: 0 0x80005d8c (0x01609733) x14 0x00000000
core   0: 0x80005d90 (0x0000c78d) c.beqz  a5, pc + 42
core   0: 0 0x80005d90 (0xc78d)
core   0: 0x80005d92 (0x09fa3297) auipc   t0, 0x9fa3
core   0: 0 0x80005d92 (0x09fa3297) x5  0x89fa8d92
core   0: 0x80005d96 (0x000089f6) c.mv    s3, t4
core   0: 0 0x80005d96 (0x89f6) x19 0x21eb4cfa
core   0: 0x80005d98 (0x02734363) blt     t1, t2, pc + 38
core   0: 0 0x80005d98 (0x02734363)
core   0: 0x80005d9c (0x0ff0000f) fence   iorw,iorw
core   0: 0 0x80005d9c (0x0ff0000f)
core   0: 0x80005da0 (0x0000987d) c.andi  s0, -1
core   0: 0 0x80005da0 (0x987d) x8  0xfffff9a5
core   0: 0x80005da2 (0x00001684) c.addi4spn s1, sp, 864
core   0: 0 0x80005da2 (0x1684) x9  0x10000360
core   0: 0x80005da4 (0x00008e25) c.xor   a2, s1
core   0: 0 0x80005da4 (0x8e25) x12 0x10000360
core   0: 0x80005da6 (0x00000b08) c.addi4spn a0, sp, 400
core   0: 0 0x80005da6 (0x0b08) x10 0x10000190
core   0: 0x80005da8 (0x40fad513) srai    a0, s5, 15
core   0: 0 0x80005da8 (0x40fad513) x10 0x00000000
core   0: 0x80005dac (0x03edfd33) remu    s10, s11, t5
core   0: 0 0x80005dac (0x03edfd33) x26 0x00000000
core   0: 0x80005db0 (0x01262eb3) slt     t4, a2, s2
core   0: 0 0x80005db0 (0x01262eb3) x29 0x00000000
core   0: 0x80005db4 (0x03bffc63) bgeu    t6, s11, pc + 56
core   0: 0 0x80005db4 (0x03bffc63)
core   0: 0x80005dec (0x0000ee0d) c.bnez  a2, pc + 58
core   0: 0 0x80005dec (0xee0d)
core   0: 0x80005e26 (0x02f8ad33) mulhsu  s10, a7, a5
core   0: 0 0x80005e26 (0x02f8ad33) x26 0x00000000
core   0: 0x80005e2a (0xb629a993) slti    s3, s3, -1182
core   0: 0 0x80005e2a (0xb629a993) x19 0x00000000
core   0: 0x80005e2e (0x00001288) c.addi4spn a0, sp, 352
core   0: 0 0x80005e2e (0x1288) x10 0x10000160
core   0: 0x80005e30 (0x000049e1) c.li    s3, 24
core   0: 0 0x80005e30 (0x49e1) x19 0x00000018
core   0: 0x80005e32 (0x000090b6) c.add   ra, a3
core   0: 0 0x80005e32 (0x90b6) x1  0x458a8e70
core   0: 0x80005e34 (0x00008d79) c.and   a0, a4
core   0: 0 0x80005e34 (0x8d79) x10 0x00000000
core   0: 0x80005e36 (0x036ca1b3) mulhsu  gp, s9, s6
core   0: 0 0x80005e36 (0x036ca1b3) x3  0x00000000
core   0: 0x80005e3a (0x00008f01) c.sub   a4, s0
core   0: 0 0x80005e3a (0x8f01) x14 0x0000065b
core   0: 0x80005e3c (0x05c59263) bne     a1, t3, pc + 68
core   0: 0 0x80005e3c (0x05c59263)
core   0: 0x80005e80 (0x0000612d) c.addi16sp sp, 224
core   0: 0 0x80005e80 (0x612d) x2  0x100000e0
core   0: 0x80005e82 (0x00008529) c.srai  a0, 10
core   0: 0 0x80005e82 (0x8529) x10 0x00000000
core   0: 0x80005e84 (0x000011fd) c.addi  gp, -1
core   0: 0 0x80005e84 (0x11fd) x3  0xffffffff
core   0: 0x80005e86 (0x0030a2b3) slt     t0, ra, gp
core   0: 0 0x80005e86 (0x0030a2b3) x5  0x00000000
core   0: 0x80005e8a (0x40a20db3) sub     s11, tp, a0
core   0: 0 0x80005e8a (0x40a20db3) x27 0x00017000
core   0: 0x80005e8e (0x00008c09) c.sub   s0, a0
core   0: 0 0x80005e8e (0x8c09) x8  0xfffff9a5
core   0: 0x80005e90 (0x483abb13) sltiu   s6, s5, 1155
core   0: 0 0x80005e90 (0x483abb13) x22 0x00000001
core   0: 0x80005e94 (0x0000847d) c.srai  s0, 31
core   0: 0 0x80005e94 (0x847d) x8  0xffffffff
core   0: 0x80005e96 (0x02a1f7b3) remu    a5, gp, a0
core   0: 0 0x80005e96 (0x02a1f7b3) x15 0xffffffff
core   0: 0x80005e9a (0x00ae0c63) beq     t3, a0, pc + 24
core   0: 0 0x80005e9a (0x00ae0c63)
core   0: 0x80005e9e (0x0000717d) c.addi16sp sp, -16
core   0: 0 0x80005e9e (0x717d) x2  0x100000d0
core   0: 0x80005ea0 (0x0000717d) c.addi16sp sp, -16
core   0: 0 0x80005ea0 (0x717d) x2  0x100000c0
core   0: 0x80005ea2 (0x03d74d33) div     s10, a4, t4
core   0: 0 0x80005ea2 (0x03d74d33) x26 0xffffffff
core   0: 0x80005ea6 (0x0000888e) c.mv    a7, gp
core   0: 0 0x80005ea6 (0x888e) x17 0xffffffff
core   0: 0x80005ea8 (0x020980b3) mul     ra, s3, zero
core   0: 0 0x80005ea8 (0x020980b3) x1  0x00000000
core   0: 0x80005eac (0x000063a9) c.lui   t2, 0xa
core   0: 0 0x80005eac (0x63a9) x7  0x0000a000
core   0: 0x80005eae (0x950a4293) xori    t0, s4, -1712
core   0: 0 0x80005eae (0x950a4293) x5  0xfffff951
core   0: 0x80005eb2 (0x02f61cb3) mulh    s9, a2, a5
core   0: 0 0x80005eb2 (0x02f61cb3) x25 0xffffffff
core   0: 0x80005eb6 (0x0302dc33) divu    s8, t0, a6
core   0: 0 0x80005eb6 (0x0302dc33) x24 0xfffff951
core   0: 0x80005eba (0x009b1533) sll     a0, s6, s1
core   0: 0 0x80005eba (0x009b1533) x10 0x00000001
core   0: 0x80005ebe (0xca10ac93) slti    s9, ra, -863
core   0: 0 0x80005ebe (0xca10ac93) x25 0x00000000
core   0: 0x80005ec2 (0x36fc0997) auipc   s3, 0x36fc0
core   0: 0 0x80005ec2 (0x36fc0997) x19 0xb6fc5ec2
core   0: 0x80005ec6 (0x08efcd13) xori    s10, t6, 142
core   0: 0 0x80005ec6 (0x08efcd13) x26 0x80025c6a
core   0: 0x80005eca (0x02afb233) mulhu   tp, t6, a0
core   0: 0 0x80005eca (0x02afb233) x4  0x00000000
core   0: 0x80005ece (0x000dd2b3) srl     t0, s11, zero
core   0: 0 0x80005ece (0x000dd2b3) x5  0x00017000
core   0: 0x80005ed2 (0x000006b5) c.addi  a3, 13
core   0: 0 0x80005ed2 (0x06b5) x13 0x458a8e7d
core   0: 0x80005ed4 (0x00000001) c.nop
core   0: 0 0x80005ed4 (0x0001)
core   0: 0x80005ed6 (0x0103cd33) xor     s10, t2, a6
core   0: 0 0x80005ed6 (0x0103cd33) x26 0x0000a001
core   0: 0x80005eda (0x000083ad) c.srli  a5, 11
core   0: 0 0x80005eda (0x83ad) x15 0x001fffff
core   0: 0x80005edc (0xb3ee3d93) sltiu   s11, t3, -1218
core   0: 0 0x80005edc (0xb3ee3d93) x27 0x00000001
core   0: 0x80005ee0 (0x01e59b33) sll     s6, a1, t5
core   0: 0 0x80005ee0 (0x01e59b33) x22 0x80021e20
core   0: 0x80005ee4 (0x02cce233) rem     tp, s9, a2
core   0: 0 0x80005ee4 (0x02cce233) x4  0x00000000
core   0: 0x80005ee8 (0x00008159) c.srli  a0, 22
core   0: 0 0x80005ee8 (0x8159) x10 0x00000000
core   0: 0x80005eea (0x028df4b3) remu    s1, s11, s0
core   0: 0 0x80005eea (0x028df4b3) x9  0x00000001
core   0: 0x80005eee (0xe5b56617) auipc   a2, 0xe5b56
core   0: 0 0x80005eee (0xe5b56617) x12 0x65b5beee
core   0: 0x80005ef2 (0x00d7e733) or      a4, a5, a3
core   0: 0 0x80005ef2 (0x00d7e733) x14 0x459fffff
core   0: 0x80005ef6 (0xd28cdd37) lui     s10, 0xd28cd
core   0: 0 0x80005ef6 (0xd28cdd37) x26 0xd28cd000
core   0: 0x80005efa (0xb09f4a93) xori    s5, t5, -1271
core   0: 0 0x80005efa (0xb09f4a93) x21 0xfffffb09
core   0: 0x80005efe (0x01eb7eb3) and     t4, s6, t5
core   0: 0 0x80005efe (0x01eb7eb3) x29 0x00000000
core   0: 0x80005f02 (0x02a3a033) mulhsu  zero, t2, a0
core   0: 0 0x80005f02 (0x02a3a033)
core   0: 0x80005f06 (0x00401833) sll     a6, zero, tp
core   0: 0 0x80005f06 (0x00401833) x16 0x00000000
core   0: 0x80005f0a (0x5a66e2b7) lui     t0, 0x5a66e
core   0: 0 0x80005f0a (0x5a66e2b7) x5  0x5a66e000
core   0: 0x80005f0e (0xc190cd93) xori    s11, ra, -999
core   0: 0 0x80005f0e (0xc190cd93) x27 0xfffffc19
core   0: 0x80005f12 (0x00006609) c.lui   a2, 0x2
core   0: 0 0x80005f12 (0x6609) x12 0x00002000
core   0: 0x80005f14 (0x03fd9cb3) mulh    s9, s11, t6
core   0: 0 0x80005f14 (0x03fd9cb3) x25 0x000001f3
core   0: 0x80005f18 (0x013dddb3) srl     s11, s11, s3
core   0: 0 0x80005f18 (0x013dddb3) x27 0x3fffff06
core   0: 0x80005f1c (0x400c5733) sra     a4, s8, zero
core   0: 0 0x80005f1c (0x400c5733) x14 0xfffff951
core   0: 0x80005f20 (0x02511ab3) mulh    s5, sp, t0
core   0: 0 0x80005f20 (0x02511ab3) x21 0x05a66e43
core   0: 0x80005f24 (0x0000ce85) c.beqz  a3, pc + 56
core   0: 0 0x80005f24 (0xce85)
core   0: 0x80005f26 (0x00008a35) c.andi  a2, 13
core   0: 0 0x80005f26 (0x8a35) x12 0x00000000
core   0: 0x80005f28 (0x0000100f) fence.i
core   0: 0 0x80005f28 (0x0000100f)
core   0: 0x80005f2c (0x8674a693) slti    a3, s1, -1945
core   0: 0 0x80005f2c (0x8674a693) x13 0x00000000
core   0: 0x80005f30 (0x00000001) c.nop
core   0: 0 0x80005f30 (0x0001)
core   0: 0x80005f32 (0x6577c093) xori    ra, a5, 1623
core   0: 0 0x80005f32 (0x6577c093) x1  0x001ff9a8
core   0: 0x80005f36 (0x000098fd) c.andi  s1, -1
core   0: 0 0x80005f36 (0x98fd) x9  0x00000001
core   0: 0x80005f38 (0x9351a293) slti    t0, gp, -1739
core   0: 0 0x80005f38 (0x9351a293) x5  0x00000000
core   0: 0x80005f3c (0x00001afd) c.addi  s5, -1
core   0: 0 0x80005f3c (0x1afd) x21 0x05a66e42
core   0: 0x80005f3e (0x00ce9633) sll     a2, t4, a2
core   0: 0 0x80005f3e (0x00ce9633) x12 0x00000000
core   0: 0x80005f42 (0x0291a633) mulhsu  a2, gp, s1
core   0: 0 0x80005f42 (0x0291a633) x12 0xffffffff
core   0: 0x80005f46 (0x0000100f) fence.i
core   0: 0 0x80005f46 (0x0000100f)
core   0: 0x80005f4a (0x00000001) c.nop
core   0: 0 0x80005f4a (0x0001)
core   0: 0x80005f4c (0xdc2f5697) auipc   a3, 0xdc2f5
core   0: 0 0x80005f4c (0xdc2f5697) x13 0x5c2faf4c
core   0: 0x80005f50 (0x0000100f) fence.i
core   0: 0 0x80005f50 (0x0000100f)
core   0: 0x80005f54 (0x36b44e93) xori    t4, s0, 875
core   0: 0 0x80005f54 (0x36b44e93) x29 0xfffffc94
core   0: 0x80005f58 (0x018c62b3) or      t0, s8, s8
core   0: 0 0x80005f58 (0x018c62b3) x5  0xfffff951
core   0: 0x80005f5c (0x0000025a) c.slli  tp, 22
core   0: 0 0x80005f5c (0x025a) x4  0x00000000
core   0: 0x80005f5e (0x00009bfd) c.andi  a5, -1
core   0: 0 0x80005f5e (0x9bfd) x15 0x001fffff
core   0: 0x80005f60 (0x00984633) xor     a2, a6, s1
core   0: 0 0x80005f60 (0x00984633) x12 0x00000001
core   0: 0x80005f64 (0x02558233) mul     tp, a1, t0
core   0: 0 0x80005f64 (0x02558233) x4  0x71d8a820
core   0: 0x80005f68 (0x024fd733) divu    a4, t6, tp
core   0: 0 0x80005f68 (0x024fd733) x14 0x00000001
core   0: 0x80005f6c (0x00305613) srli    a2, zero, 3
core   0: 0 0x80005f6c (0x00305613) x12 0x00000000
core   0: 0x80005f70 (0xf8cabe13) sltiu   t3, s5, -116
core   0: 0 0x80005f70 (0xf8cabe13) x28 0x00000001
core   0: 0x80005f74 (0x01a49d33) sll     s10, s1, s10
core   0: 0 0x80005f74 (0x01a49d33) x26 0x00000001
core   0: 0x80005f78 (0x00008ca1) c.xor   s1, s0
core   0: 0 0x80005f78 (0x8ca1) x9  0xfffffffe
core   0: 0x80005f7a (0x00008c8d) c.sub   s1, a1
core   0: 0 0x80005f7a (0x8c8d) x9  0x7ffde1de
core   0: 0x80005f7c (0x00006109) c.addi16sp sp, 128
core   0: 0 0x80005f7c (0x6109) x2  0x10000140
core   0: 0x80005f7e (0x01530263) beq     t1, s5, pc + 4
core   0: 0 0x80005f7e (0x01530263)
core   0: 0x80005f82 (0x0000717d) c.addi16sp sp, -16
core   0: 0 0x80005f82 (0x717d) x2  0x10000130
core   0: 0x80005f84 (0x0000717d) c.addi16sp sp, -16
core   0: 0 0x80005f84 (0x717d) x2  0x10000120
core   0: 0x80005f86 (0x00545e13) srli    t3, s0, 5
core   0: 0 0x80005f86 (0x00545e13) x28 0x07ffffff
core   0: 0x80005f8a (0x6e2bba13) sltiu   s4, s7, 1762
core   0: 0 0x80005f8a (0x6e2bba13) x20 0x00000001
core   0: 0x80005f8e (0x007b2933) slt     s2, s6, t2
core   0: 0 0x80005f8e (0x007b2933) x18 0x00000001
core   0: 0x80005f92 (0x00008d39) c.xor   a0, a4
core   0: 0 0x80005f92 (0x8d39) x10 0x00000001
core   0: 0x80005f94 (0x0ff0000f) fence   iorw,iorw
core   0: 0 0x80005f94 (0x0ff0000f)
core   0: 0x80005f98 (0x9f14c717) auipc   a4, 0x9f14c
core   0: 0 0x80005f98 (0x9f14c717) x14 0x1f151f98
core   0: 0x80005f9c (0x0399b3b3) mulhu   t2, s3, s9
core   0: 0 0x80005f9c (0x0399b3b3) x7  0x00000164
core   0: 0x80005fa0 (0x00005bfd) c.li    s7, -1
core   0: 0 0x80005fa0 (0x5bfd) x23 0xffffffff
core   0: 0x80005fa2 (0x025c5563) bge     s8, t0, pc + 42
core   0: 0 0x80005fa2 (0x025c5563)
core   0: 0x80005fcc (0x00000001) c.nop
core   0: 0 0x80005fcc (0x0001)
core   0: 0x80005fce (0x3e092893) slti    a7, s2, 992
core   0: 0 0x80005fce (0x3e092893) x17 0x00000001
core   0: 0x80005fd2 (0x0271b7b3) mulhu   a5, gp, t2
core   0: 0 0x80005fd2 (0x0271b7b3) x15 0x00000163
core   0: 0x80005fd6 (0x41825c13) srai    s8, tp, 24
core   0: 0 0x80005fd6 (0x41825c13) x24 0x00000071
core   0: 0x80005fda (0x03ea8463) beq     s5, t5, pc + 40
core   0: 0 0x80005fda (0x03ea8463)
core   0: 0x80005fde (0x00000f2e) c.slli  t5, 11
core   0: 0 0x80005fde (0x0f2e) x30 0x00000000
core   0: 0x80005fe0 (0x03a40163) beq     s0, s10, pc + 34
core   0: 0 0x80005fe0 (0x03a40163)
core   0: 0x80005fe4 (0x00000001) c.nop
core   0: 0 0x80005fe4 (0x0001)
core   0: 0x80005fe6 (0x31b5c813) xori    a6, a1, 795
core   0: 0 0x80005fe6 (0x31b5c813) x16 0x80021d3b
core   0: 0x80005fea (0x0000111c) c.addi4spn a5, sp, 160
core   0: 0 0x80005fea (0x111c) x15 0x100001c0
core   0: 0x80005fec (0x55dac393) xori    t2, s5, 1373
core   0: 0 0x80005fec (0x55dac393) x7  0x05a66b1f
core   0: 0x80005ff0 (0x00008405) c.srai  s0, 1
core   0: 0 0x80005ff0 (0x8405) x8  0xffffffff
core   0: 0x80005ff2 (0x012f8f33) add     t5, t6, s2
core   0: 0 0x80005ff2 (0x012f8f33) x30 0x80025ce5
core   0: 0x80005ff6 (0xc6700013) li      zero, -921
core   0: 0 0x80005ff6 (0xc6700013)
core   0: 0x80005ffa (0x02f9df33) divu    t5, s3, a5
core   0: 0 0x80005ffa (0x02f9df33) x30 0x0000000b
core   0: 0x80005ffe (0x03396ab3) rem     s5, s2, s3
core   0: 0 0x80005ffe (0x03396ab3) x21 0x00000001
core   0: 0x80006002 (0x0121bab3) sltu    s5, gp, s2
core   0: 0 0x80006002 (0x0121bab3) x21 0x00000000
core   0: 0x80006006 (0x00001008) c.addi4spn a0, sp, 32
core   0: 0 0x80006006 (0x1008) x10 0x10000140
core   0: 0x80006008 (0x0000e21d) c.bnez  a2, pc + 38
core   0: 0 0x80006008 (0xe21d)
core   0: 0x8000600a (0x00008e4d) c.or    a2, a1
core   0: 0 0x8000600a (0x8e4d) x12 0x80021e20
core   0: 0x8000600c (0x1e8eb513) sltiu   a0, t4, 488
core   0: 0 0x8000600c (0x1e8eb513) x10 0x00000000
core   0: 0x80006010 (0x00c68863) beq     a3, a2, pc + 16
core   0: 0 0x80006010 (0x00c68863)
core   0: 0x80006014 (0xdc04e537) lui     a0, 0xdc04e
core   0: 0 0x80006014 (0xdc04e537) x10 0xdc04e000
core   0: 0x80006018 (0x00008f6d) c.and   a4, a1
core   0: 0 0x80006018 (0x8f6d) x14 0x00001e00
core   0: 0x8000601a (0x0000cc9d) c.beqz  s1, pc + 62
core   0: 0 0x8000601a (0xcc9d)
core   0: 0x8000601c (0x41968bb3) sub     s7, a3, s9
core   0: 0 0x8000601c (0x41968bb3) x23 0x5c2fad59
core   0: 0x80006020 (0x6dfa8e93) addi    t4, s5, 1759
core   0: 0 0x80006020 (0x6dfa8e93) x29 0x000006df
core   0: 0x80006024 (0x000083c1) c.srli  a5, 16
core   0: 0 0x80006024 (0x83c1) x15 0x00001000
core   0: 0x80006026 (0x01130863) beq     t1, a7, pc + 16
core   0: 0 0x80006026 (0x01130863)
core   0: 0x8000602a (0xf2c8a493) slti    s1, a7, -212
core   0: 0 0x8000602a (0xf2c8a493) x9  0x00000000
core   0: 0x8000602e (0x000088a6) c.mv    a7, s1
core   0: 0 0x8000602e (0x88a6) x17 0x00000000
core   0: 0x80006030 (0x035c8c63) beq     s9, s5, pc + 56
core   0: 0 0x80006030 (0x035c8c63)
core   0: 0x80006034 (0x00001f08) c.addi4spn a0, sp, 944
core   0: 0 0x80006034 (0x1f08) x10 0x100004d0
core   0: 0x80006036 (0x00008f59) c.or    a4, a4
core   0: 0 0x80006036 (0x8f59) x14 0x00001e00
core   0: 0x80006038 (0x0000717d) c.addi16sp sp, -16
core   0: 0 0x80006038 (0x717d) x2  0x10000110
core   0: 0x8000603a (0x03df3eb3) mulhu   t4, t5, t4
core   0: 0 0x8000603a (0x03df3eb3) x29 0x00000000
core   0: 0x8000603e (0x03e67033) remu    zero, a2, t5
core   0: 0 0x8000603e (0x03e67033)
core   0: 0x80006042 (0x00009b7d) c.andi  a4, -1
core   0: 0 0x80006042 (0x9b7d) x14 0x00001e00
core   0: 0x80006044 (0x01758833) add     a6, a1, s7
core   0: 0 0x80006044 (0x01758833) x16 0xdc31cb79
core   0: 0x80006048 (0x002cef63) bltu    s9, sp, pc + 30
core   0: 0 0x80006048 (0x002cef63)
core   0: 0x80006066 (0x00008c01) c.sub   s0, s0
core   0: 0 0x80006066 (0x8c01) x8  0x00000000
core   0: 0x80006068 (0x0000717d) c.addi16sp sp, -16
core   0: 0 0x80006068 (0x717d) x2  0x10000100
core   0: 0x8000606a (0x022ebd33) mulhu   s10, t4, sp
core   0: 0 0x8000606a (0x022ebd33) x26 0x00000000
core   0: 0x8000606e (0x0000717d) c.addi16sp sp, -16
core   0: 0 0x8000606e (0x717d) x2  0x100000f0
core   0: 0x80006070 (0x1b372413) slti    s0, a4, 435
core   0: 0 0x80006070 (0x1b372413) x8  0x00000000
core   0: 0x80006074 (0x01bb6a33) or      s4, s6, s11
core   0: 0 0x80006074 (0x01bb6a33) x20 0xbfffff26
core   0: 0x80006078 (0x00add0b3) srl     ra, s11, a0
core   0: 0 0x80006078 (0x00add0b3) x1  0x00003fff
core   0: 0x8000607c (0x018d4133) xor     sp, s10, s8
core   0: 0 0x8000607c (0x018d4133) x2  0x00000071
core   0: 0x80006080 (0x03ad8eb3) mul     t4, s11, s10
core   0: 0 0x80006080 (0x03ad8eb3) x29 0x00000000
core   0: 0x80006084 (0xd126f913) andi    s2, a3, -750
core   0: 0 0x80006084 (0xd126f913) x18 0x5c2fad00
core   0: 0x80006088 (0x00005bfd) c.li    s7, -1
core   0: 0 0x80006088 (0x5bfd) x23 0xffffffff
core   0: 0x8000608a (0x0000c699) c.beqz  a3, pc + 14
core   0: 0 0x8000608a (0xc699)
core   0: 0x8000608c (0x00008fe9) c.and   a5, a0
core   0: 0 0x8000608c (0x8fe9) x15 0x00000000
core   0: 0x8000608e (0x01397763) bgeu    s2, s3, pc + 14
core   0: 0 0x8000608e (0x01397763)
core   0: 0x80006092 (0x00000842) c.slli  a6, 16
core   0: 0 0x80006092 (0x0842) x16 0xcb790000
core   0: 0x80006094 (0x01dd9a93) slli    s5, s11, 29
core   0: 0 0x80006094 (0x01dd9a93) x21 0xc0000000
core   0: 0x80006098 (0x016a9233) sll     tp, s5, s6
core   0: 0 0x80006098 (0x016a9233) x4  0xc0000000
core   0: 0x8000609c (0x000086d6) c.mv    a3, s5
core   0: 0 0x8000609c (0x86d6) x13 0xc0000000
core   0: 0x8000609e (0xde97b213) sltiu   tp, a5, -535
core   0: 0 0x8000609e (0xde97b213) x4  0x00000001
core   0: 0x800060a2 (0x000086e9) c.srai  a3, 26
core   0: 0 0x800060a2 (0x86e9) x13 0xfffffff0
core   0: 0x800060a4 (0xbee5b717) auipc   a4, 0xbee5b
core   0: 0 0x800060a4 (0xbee5b717) x14 0x3ee610a4
core   0: 0x800060a8 (0x01384033) xor     zero, a6, s3
core   0: 0 0x800060a8 (0x01384033)
core   0: 0x800060ac (0x48d9b513) sltiu   a0, s3, 1165
core   0: 0 0x800060ac (0x48d9b513) x10 0x00000000
core   0: 0x800060b0 (0x009c5113) srli    sp, s8, 9
core   0: 0 0x800060b0 (0x009c5113) x2  0x00000000
core   0: 0x800060b4 (0x7896e537) lui     a0, 0x7896e
core   0: 0 0x800060b4 (0x7896e537) x10 0x7896e000
core   0: 0x800060b8 (0x01c94a33) xor     s4, s2, t3
core   0: 0 0x800060b8 (0x01c94a33) x20 0x5bd052ff
core   0: 0x800060bc (0x00006461) c.lui   s0, 0x18
core   0: 0 0x800060bc (0x6461) x8  0x00018000
core   0: 0x800060be (0x017179b3) and     s3, sp, s7
core   0: 0 0x800060be (0x017179b3) x19 0x00000000
core   0: 0x800060c2 (0x403c0433) sub     s0, s8, gp
core   0: 0 0x800060c2 (0x403c0433) x8  0x00000072
core   0: 0x800060c6 (0x0000717d) c.addi16sp sp, -16
core   0: 0 0x800060c6 (0x717d) x2  0xfffffff0
core   0: 0x800060c8 (0x00008395) c.srli  a5, 5
core   0: 0 0x800060c8 (0x8395) x15 0x00000000
core   0: 0x800060ca (0x00008c61) c.and   s0, s0
core   0: 0 0x800060ca (0x8c61) x8  0x00000072
core   0: 0x800060cc (0x00004c69) c.li    s8, 26
core   0: 0 0x800060cc (0x4c69) x24 0x0000001a
core   0: 0x800060ce (0x0000717d) c.addi16sp sp, -16
core   0: 0 0x800060ce (0x717d) x2  0xffffffe0
core   0: 0x800060d0 (0x00008c99) c.sub   s1, a4
core   0: 0 0x800060d0 (0x8c99) x9  0xc119ef5c
core   0: 0x800060d2 (0x00008511) c.srai  a0, 4
core   0: 0 0x800060d2 (0x8511) x10 0x07896e00
core   0: 0x800060d4 (0x00008715) c.srai  a4, 5
core   0: 0 0x800060d4 (0x8715) x14 0x01f73085
core   0: 0x800060d6 (0x01c8cc33) xor     s8, a7, t3
core   0: 0 0x800060d6 (0x01c8cc33) x24 0x07ffffff
core   0: 0x800060da (0x0000c099) c.beqz  s1, pc + 6
core   0: 0 0x800060da (0xc099)
core   0: 0x800060dc (0xef7ddb37) lui     s6, 0xef7dd
core   0: 0 0x800060dc (0xef7ddb37) x22 0xef7dd000
core   0: 0x800060e0 (0x00008ee1) c.and   a3, s0
core   0: 0 0x800060e0 (0x8ee1) x13 0x00000070
core   0: 0x800060e2 (0xf6302893) slti    a7, zero, -157
core   0: 0 0x800060e2 (0xf6302893) x17 0x00000000
core   0: 0x800060e6 (0x000082d6) c.mv    t0, s5
core   0: 0 0x800060e6 (0x82d6) x5  0xc0000000
core   0: 0x800060e8 (0x0000ec0d) c.bnez  s0, pc + 58
core   0: 0 0x800060e8 (0xec0d)
core   0: 0x80006122 (0x03d611b3) mulh    gp, a2, t4
core   0: 0 0x80006122 (0x03d611b3) x3  0x00000000
core   0: 0x80006126 (0x012e6933) or      s2, t3, s2
core   0: 0 0x80006126 (0x012e6933) x18 0x5fffffff
core   0: 0x8000612a (0x0ff0000f) fence   iorw,iorw
core   0: 0 0x8000612a (0x0ff0000f)
core   0: 0x8000612e (0x0333ab33) mulhsu  s6, t2, s3
core   0: 0 0x8000612e (0x0333ab33) x22 0x00000000
core   0: 0x80006132 (0x57c04b93) xori    s7, zero, 1404
core   0: 0 0x80006132 (0x57c04b93) x23 0x0000057c
core   0: 0x80006136 (0x01b1e133) or      sp, gp, s11
core   0: 0 0x80006136 (0x01b1e133) x2  0x3fffff06
core   0: 0x8000613a (0x01114263) blt     sp, a7, pc + 4
core   0: 0 0x8000613a (0x01114263)
core   0: 0x8000613e (0x406dd533) sra     a0, s11, t1
core   0: 0 0x8000613e (0x406dd533) x10 0x3fffff06
core   0: 0x80006142 (0x00008c41) c.or    s0, s0
core   0: 0 0x80006142 (0x8c41) x8  0x00000072
core   0: 0x80006144 (0xd64b6f13) ori     t5, s6, -668
core   0: 0 0x80006144 (0xd64b6f13) x30 0xfffffd64
core   0: 0x80006148 (0x00d02633) slt     a2, zero, a3
core   0: 0 0x80006148 (0x00d02633) x12 0x00000001
core   0: 0x8000614c (0x91d5e013) ori     zero, a1, -1763
core   0: 0 0x8000614c (0x91d5e013)
core   0: 0x80006150 (0x00809f13) slli    t5, ra, 8
core   0: 0 0x80006150 (0x00809f13) x30 0x003fff00
core   0: 0x80006154 (0x024c3033) mulhu   zero, s8, tp
core   0: 0 0x80006154 (0x024c3033)
core   0: 0x80006158 (0x00008c45) c.or    s0, s1
core   0: 0 0x80006158 (0x8c45) x8  0xc119ef7e
core   0: 0x8000615a (0xe4d28c13) addi    s8, t0, -435
core   0: 0 0x8000615a (0xe4d28c13) x24 0xbffffe4d
core   0: 0x8000615e (0x00000d88) c.addi4spn a0, sp, 720
core   0: 0 0x8000615e (0x0d88) x10 0x400001d6
core   0: 0x80006160 (0x01085863) bge     a6, a6, pc + 16
core   0: 0 0x80006160 (0x01085863)
core   0: 0x80006170 (0x010482b3) add     t0, s1, a6
core   0: 0 0x80006170 (0x010482b3) x5  0x8c92ef5c
core   0: 0x80006174 (0x03670c63) beq     a4, s6, pc + 56
core   0: 0 0x80006174 (0x03670c63)
core   0: 0x80006178 (0x41200e33) sub     t3, zero, s2
core   0: 0 0x80006178 (0x41200e33) x28 0xa0000001
core   0: 0x8000617c (0x0000100f) fence.i
core   0: 0 0x8000617c (0x0000100f)
core   0: 0x80006180 (0x01416db3) or      s11, sp, s4
core   0: 0 0x80006180 (0x01416db3) x27 0x7fffffff
core   0: 0x80006184 (0x00000001) c.nop
core   0: 0 0x80006184 (0x0001)
core   0: 0x80006186 (0x1b5a0813) addi    a6, s4, 437
core   0: 0 0x80006186 (0x1b5a0813) x16 0x5bd054b4
core   0: 0x8000618a (0x00008fc1) c.or    a5, s0
core   0: 0 0x8000618a (0x8fc1) x15 0xc119ef7e
core   0: 0x8000618c (0x02047763) bgeu    s0, zero, pc + 46
core   0: 0 0x8000618c (0x02047763)
core   0: 0x800061ba (0x95214793) xori    a5, sp, -1710
core   0: 0 0x800061ba (0x95214793) x15 0xc0000654
core   0: 0x800061be (0x00a4feb3) and     t4, s1, a0
core   0: 0 0x800061be (0x00a4feb3) x29 0x40000154
core   0: 0x800061c2 (0x03e5e563) bltu    a1, t5, pc + 42
core   0: 0 0x800061c2 (0x03e5e563)
core   0: 0x800061c6 (0x00000001) c.nop
core   0: 0 0x800061c6 (0x0001)
core   0: 0x800061c8 (0x0000612d) c.addi16sp sp, 224
core   0: 0 0x800061c8 (0x612d) x2  0x3fffffe6
core   0: 0x800061ca (0x26de4693) xori    a3, t3, 621
core   0: 0 0x800061ca (0x26de4693) x13 0xa000026c
core   0: 0x800061ce (0x0012db33) srl     s6, t0, ra
core   0: 0 0x800061ce (0x0012db33) x22 0x00000001
core   0: 0x800061d2 (0x012749b3) xor     s3, a4, s2
core   0: 0 0x800061d2 (0x012749b3) x19 0x5e08cf7a
core   0: 0x800061d6 (0x00008e1d) c.sub   a2, a5
core   0: 0 0x800061d6 (0x8e1d) x12 0x3ffff9ad
core   0: 0x800061d8 (0x017bd633) srl     a2, s7, s7
core   0: 0 0x800061d8 (0x017bd633) x12 0x00000000
core   0: 0x800061dc (0x028c67b3) rem     a5, s8, s0
core   0: 0 0x800061dc (0x028c67b3) x15 0xfee60ecf
core   0: 0x800061e0 (0x002153b3) srl     t2, sp, sp
core   0: 0 0x800061e0 (0x002153b3) x7  0x00ffffff
core   0: 0x800061e4 (0x407e0833) sub     a6, t3, t2
core   0: 0 0x800061e4 (0x407e0833) x16 0x9f000002
core   0: 0x800061e8 (0x77a84093) xori    ra, a6, 1914
core   0: 0 0x800061e8 (0x77a84093) x1  0x9f000778
core   0: 0x800061ec (0x032d0d63) beq     s10, s2, pc + 58
core   0: 0 0x800061ec (0x032d0d63)
core   0: 0x800061f0 (0x00008e51) c.or    a2, a2
core   0: 0 0x800061f0 (0x8e51) x12 0x00000000
core   0: 0x800061f2 (0x0000587d) c.li    a6, -1
core   0: 0 0x800061f2 (0x587d) x16 0xffffffff
core   0: 0x800061f4 (0x404e5bb3) sra     s7, t3, tp
core   0: 0 0x800061f4 (0x404e5bb3) x23 0xd0000000
core   0: 0x800061f8 (0x00008ba2) c.mv    s7, s0
core   0: 0 0x800061f8 (0x8ba2) x23 0xc119ef7e
core   0: 0x800061fa (0x6959b013) sltiu   zero, s3, 1685
core   0: 0 0x800061fa (0x6959b013)
core   0: 0x800061fe (0x000066c9) c.lui   a3, 0x12
core   0: 0 0x800061fe (0x66c9) x13 0x00012000
core   0: 0x80006200 (0x01211133) sll     sp, sp, s2
core   0: 0 0x80006200 (0x01211133) x2  0x00000000
core   0: 0x80006204 (0x04cb7b93) andi    s7, s6, 76
core   0: 0 0x80006204 (0x04cb7b93) x23 0x00000000
core   0: 0x80006208 (0x028a34b3) mulhu   s1, s4, s0
core   0: 0 0x80006208 (0x028a34b3) x9  0x45415bcf
core   0: 0x8000620c (0x00de0b63) beq     t3, a3, pc + 22
core   0: 0 0x8000620c (0x00de0b63)
core   0: 0x80006210 (0x00000184) c.addi4spn s1, sp, 192
core   0: 0 0x80006210 (0x0184) x9  0x000000c0
core   0: 0x80006212 (0x01d58e63) beq     a1, t4, pc + 28
core   0: 0 0x80006212 (0x01d58e63)
core   0: 0x80006216 (0x02b7e363) bltu    a5, a1, pc + 38
core   0: 0 0x80006216 (0x02b7e363)
core   0: 0x8000621a (0x0000ec99) c.bnez  s1, pc + 30
core   0: 0 0x8000621a (0xec99)
core   0: 0x80006238 (0xbd197cb7) lui     s9, 0xbd197
core   0: 0 0x80006238 (0xbd197cb7) x25 0xbd197000
core   0: 0x8000623c (0x01272633) slt     a2, a4, s2
core   0: 0 0x8000623c (0x01272633) x12 0x00000001
core   0: 0x80006240 (0x00000001) c.nop
core   0: 0 0x80006240 (0x0001)
core   0: 0x80006242 (0x00008e7d) c.and   a2, a5
core   0: 0 0x80006242 (0x8e7d) x12 0x00000001
core   0: 0x80006244 (0x38bae113) ori     sp, s5, 907
core   0: 0 0x80006244 (0x38bae113) x2  0xc000038b
core   0: 0x80006248 (0x46022993) slti    s3, tp, 1120
core   0: 0 0x80006248 (0x46022993) x19 0x00000001
core   0: 0x8000624c (0x033c29b3) mulhsu  s3, s8, s3
core   0: 0 0x8000624c (0x033c29b3) x19 0xffffffff
core   0: 0x80006250 (0x00008ebd) c.xor   a3, a5
core   0: 0 0x80006250 (0x8ebd) x13 0xfee72ecf
core   0: 0x80006252 (0x032d7ab3) remu    s5, s10, s2
core   0: 0 0x80006252 (0x032d7ab3) x21 0x00000000
core   0: 0x80006256 (0x00001c84) c.addi4spn s1, sp, 624
core   0: 0 0x80006256 (0x1c84) x9  0xc00005fb
core   0: 0x80006258 (0x03727ab3) remu    s5, tp, s7
core   0: 0 0x80006258 (0x03727ab3) x21 0x00000001
core   0: 0x8000625c (0x01ceb733) sltu    a4, t4, t3
core   0: 0 0x8000625c (0x01ceb733) x14 0x00000001
core   0: 0x80006260 (0x0000613d) c.addi16sp sp, 480
core   0: 0 0x80006260 (0x613d) x2  0xc000056b
core   0: 0x80006262 (0x03cf16b3) mulh    a3, t5, t3
core   0: 0 0x80006262 (0x03cf16b3) x13 0xffe80060
core   0: 0x80006266 (0x40038cb3) sub     s9, t2, zero
core   0: 0 0x80006266 (0x40038cb3) x25 0x00ffffff
core   0: 0x8000626a (0x41bc8bb3) sub     s7, s9, s11
core   0: 0 0x8000626a (0x41bc8bb3) x23 0x81000000
core   0: 0x8000626e (0x00d0e7b3) or      a5, ra, a3
core   0: 0 0x8000626e (0x00d0e7b3) x15 0xffe80778
core   0: 0x80006272 (0x70bc3797) auipc   a5, 0x70bc3
core   0: 0 0x80006272 (0x70bc3797) x15 0xf0bc9272
core   0: 0x80006276 (0x035cb8b3) mulhu   a7, s9, s5
core   0: 0 0x80006276 (0x035cb8b3) x17 0x00000000
core   0: 0x8000627a (0x000080e6) c.mv    ra, s9
core   0: 0 0x8000627a (0x80e6) x1  0x00ffffff
core   0: 0x8000627c (0x0ff0000f) fence   iorw,iorw
core   0: 0 0x8000627c (0x0ff0000f)
core   0: 0x80006280 (0x00008c2d) c.xor   s0, a1
core   0: 0 0x80006280 (0x8c2d) x8  0x411bf15e
core   0: 0x80006282 (0x557bfc93) andi    s9, s7, 1367
core   0: 0 0x80006282 (0x557bfc93) x25 0x00000000
core   0: 0x80006286 (0x0000612d) c.addi16sp sp, 224
core   0: 0 0x80006286 (0x612d) x2  0xc000064b
core   0: 0x80006288 (0x7c94d0b7) lui     ra, 0x7c94d
core   0: 0 0x80006288 (0x7c94d0b7) x1  0x7c94d000
core   0: 0x8000628c (0x400cd6b3) sra     a3, s9, zero
core   0: 0 0x8000628c (0x400cd6b3) x13 0x00000000
core   0: 0x80006290 (0x0000c099) c.beqz  s1, pc + 6
core   0: 0 0x80006290 (0xc099)
core   0: 0x80006292 (0x025a56b3) divu    a3, s4, t0
core   0: 0 0x80006292 (0x025a56b3) x13 0x00000000
core   0: 0x80006296 (0x00008b65) c.andi  a4, 25
core   0: 0 0x80006296 (0x8b65) x14 0x00000001
core   0: 0x80006298 (0x05f29163) bne     t0, t6, pc + 66
core   0: 0 0x80006298 (0x05f29163)
core   0: 0x800062da (0x0000997d) c.andi  a0, -1
core   0: 0 0x800062da (0x997d) x10 0x400001d6
core   0: 0x800062dc (0x00001890) c.addi4spn a2, sp, 112
core   0: 0 0x800062dc (0x1890) x12 0xc00006bb
core   0: 0x800062de (0x03bdd833) divu    a6, s11, s11
core   0: 0 0x800062de (0x03bdd833) x16 0x00000001
core   0: 0x800062e2 (0x40015013) srai    zero, sp, 0
core   0: 0 0x800062e2 (0x40015013)
core   0: 0x800062e6 (0x0000717d) c.addi16sp sp, -16
core   0: 0 0x800062e6 (0x717d) x2  0xc000063b
core   0: 0x800062e8 (0x009317b3) sll     a5, t1, s1
core   0: 0 0x800062e8 (0x009317b3) x15 0x00000000
core   0: 0x800062ec (0x00000001) c.nop
core   0: 0 0x800062ec (0x0001)
core   0: 0x800062ee (0x00004709) c.li    a4, 2
core   0: 0 0x800062ee (0x4709) x14 0x00000002
core   0: 0x800062f0 (0x000403b3) add     t2, s0, zero
core   0: 0 0x800062f0 (0x000403b3) x7  0x411bf15e
core   0: 0x800062f4 (0x6a55c213) xori    tp, a1, 1701
core   0: 0 0x800062f4 (0x6a55c213) x4  0x80021885
core   0: 0x800062f8 (0x01239a33) sll     s4, t2, s2
core   0: 0 0x800062f8 (0x01239a33) x20 0x00000000
core   0: 0x800062fc (0x41530433) sub     s0, t1, s5
core   0: 0 0x800062fc (0x41530433) x8  0xffffffff
core   0: 0x80006300 (0x00008f35) c.xor   a4, a3
core   0: 0 0x80006300 (0x8f35) x14 0x00000002
core   0: 0x80006302 (0x0299db63) bge     s3, s1, pc + 54
core   0: 0 0x80006302 (0x0299db63)
core   0: 0x80006338 (0x0ff0000f) fence   iorw,iorw
core   0: 0 0x80006338 (0x0ff0000f)
core   0: 0x8000633c (0x48797d13) andi    s10, s2, 1159
core   0: 0 0x8000633c (0x48797d13) x26 0x00000487
core   0: 0x80006340 (0x027ddc33) divu    s8, s11, t2
core   0: 0 0x80006340 (0x027ddc33) x24 0x00000001
core   0: 0x80006344 (0xbd65ea17) auipc   s4, 0xbd65e
core   0: 0 0x80006344 (0xbd65ea17) x20 0x3d664344
core   0: 0x80006348 (0x0302c9b3) div     s3, t0, a6
core   0: 0 0x80006348 (0x0302c9b3) x19 0x8c92ef5c
core   0: 0x8000634c (0xabc52f17) auipc   t5, 0xabc52
core   0: 0 0x8000634c (0xabc52f17) x30 0x2bc5834c
core   0: 0x80006350 (0x00008311) c.srli  a4, 4
core   0: 0 0x80006350 (0x8311) x14 0x00000000
core   0: 0x80006352 (0x023bed33) rem     s10, s7, gp
core   0: 0 0x80006352 (0x023bed33) x26 0x81000000
core   0: 0x80006356 (0x014921b3) slt     gp, s2, s4
core   0: 0 0x80006356 (0x014921b3) x3  0x00000000
core   0: 0x8000635a (0x41a2d6b3) sra     a3, t0, s10
core   0: 0 0x8000635a (0x41a2d6b3) x13 0x8c92ef5c
core   0: 0x8000635e (0x0000801d) c.srli  s0, 7
core   0: 0 0x8000635e (0x801d) x8  0x01ffffff
core   0: 0x80006360 (0x785d5c17) auipc   s8, 0x785d5
core   0: 0 0x80006360 (0x785d5c17) x24 0xf85db360
core   0: 0x80006364 (0x00890133) add     sp, s2, s0
core   0: 0 0x80006364 (0x00890133) x2  0x61fffffe
core   0: 0x80006368 (0x02990633) mul     a2, s2, s1
core   0: 0 0x80006368 (0x02990633) x12 0x5ffffa05
core   0: 0x8000636c (0x76161ab7) lui     s5, 0x76161
core   0: 0 0x8000636c (0x76161ab7) x21 0x76161000
core   0: 0x80006370 (0x00008cbd) c.xor   s1, a5
core   0: 0 0x80006370 (0x8cbd) x9  0xc00005fb
core   0: 0x80006372 (0x01bf4133) xor     sp, t5, s11
core   0: 0 0x80006372 (0x01bf4133) x2  0x543a7cb3
core   0: 0x80006376 (0x01ebe133) or      sp, s7, t5
core   0: 0 0x80006376 (0x01ebe133) x2  0xabc5834c
core   0: 0x8000637a (0x31dba493) slti    s1, s7, 797
core   0: 0 0x8000637a (0x31dba493) x9  0x00000001
core   0: 0x8000637e (0x00008d35) c.xor   a0, a3
core   0: 0 0x8000637e (0x8d35) x10 0xcc92ee8a
core   0: 0x80006380 (0x00008d45) c.or    a0, s1
core   0: 0 0x80006380 (0x8d45) x10 0xcc92ee8b
core   0: 0x80006382 (0x00b98a33) add     s4, s3, a1
core   0: 0 0x80006382 (0x00b98a33) x20 0x0c950d7c
core   0: 0x80006386 (0x02908213) addi    tp, ra, 41
core   0: 0 0x80006386 (0x02908213) x4  0x7c94d029
core   0: 0x8000638a (0x03e2f6b3) remu    a3, t0, t5
core   0: 0 0x8000638a (0x03e2f6b3) x13 0x09426578
core   0: 0x8000638e (0x0000019a) c.slli  gp, 6
core   0: 0 0x8000638e (0x019a) x3  0x00000000
core   0: 0x80006390 (0x23bf4213) xori    tp, t5, 571
core   0: 0 0x80006390 (0x23bf4213) x4  0x2bc58177
core   0: 0x80006394 (0x00000001) c.nop
core   0: 0 0x80006394 (0x0001)
core   0: 0x80006396 (0x0000100f) fence.i
core   0: 0 0x80006396 (0x0000100f)
core   0: 0x8000639a (0x02f4e263) bltu    s1, a5, pc + 36
core   0: 0 0x8000639a (0x02f4e263)
core   0: 0x8000639e (0x0000100f) fence.i
core   0: 0 0x8000639e (0x0000100f)
core   0: 0x800063a2 (0x00008c01) c.sub   s0, s0
core   0: 0 0x800063a2 (0x8c01) x8  0x00000000
core   0: 0x800063a4 (0x030350b3) divu    ra, t1, a6
core   0: 0 0x800063a4 (0x030350b3) x1  0x00000000
core   0: 0x800063a8 (0x00008e39) c.xor   a2, a4
core   0: 0 0x800063a8 (0x8e39) x12 0x5ffffa05
core   0: 0x800063aa (0x00008b8e) c.mv    s7, gp
core   0: 0 0x800063aa (0x8b8e) x23 0x00000000
core   0: 0x800063ac (0x0000100f) fence.i
core   0: 0 0x800063ac (0x0000100f)
core   0: 0x800063b0 (0x0164d793) srli    a5, s1, 22
core   0: 0 0x800063b0 (0x0164d793) x15 0x00000000
core   0: 0x800063b4 (0x032f1663) bne     t5, s2, pc + 44
core   0: 0 0x800063b4 (0x032f1663)
core   0: 0x800063e0 (0x00009c3e) c.add   s8, a5
core   0: 0 0x800063e0 (0x9c3e) x24 0xf85db360
core   0: 0x800063e2 (0x0000717d) c.addi16sp sp, -16
core   0: 0 0x800063e2 (0x717d) x2  0xabc5833c
core   0: 0x800063e4 (0x0000881e) c.mv    a6, t2
core   0: 0 0x800063e4 (0x881e) x16 0x411bf15e
core   0: 0x800063e6 (0x020c4233) div     tp, s8, zero
core   0: 0 0x800063e6 (0x020c4233) x4  0xffffffff
core   0: 0x800063ea (0x02565c63) bge     a2, t0, pc + 56
core   0: 0 0x800063ea (0x02565c63)
core   0: 0x80006422 (0x408a56b3) sra     a3, s4, s0
core   0: 0 0x80006422 (0x408a56b3) x13 0x0c950d7c
core   0: 0x80006426 (0x0000cd15) c.beqz  a0, pc + 60
core   0: 0 0x80006426 (0xcd15)
core   0: 0x80006428 (0x0000c085) c.beqz  s1, pc + 32
core   0: 0 0x80006428 (0xc085)
core   0: 0x8000642a (0x01a54b63) blt     a0, s10, pc + 22
core   0: 0 0x8000642a (0x01a54b63)
core   0: 0x8000642e (0x00008629) c.srai  a2, 10
core   0: 0 0x8000642e (0x8629) x12 0x0017fffe
core   0: 0x80006430 (0x0000ec8d) c.bnez  s1, pc + 58
core   0: 0 0x80006430 (0xec8d)
core   0: 0x8000646a (0x02bf6b33) rem     s6, t5, a1
core   0: 0 0x8000646a (0x02bf6b33) x22 0x2bc5834c
core   0: 0x8000646e (0x00008a89) c.andi  a3, 2
core   0: 0 0x8000646e (0x8a89) x13 0x00000000
core   0: 0x80006470 (0x0000100f) fence.i
core   0: 0 0x80006470 (0x0000100f)
core   0: 0x80006474 (0x00c3ccb3) xor     s9, t2, a2
core   0: 0 0x80006474 (0x00c3ccb3) x25 0x410c0ea0
core   0: 0x80006478 (0xe8caad93) slti    s11, s5, -372
core   0: 0 0x80006478 (0xe8caad93) x27 0x00000000
core   0: 0x8000647c (0x00009d76) c.add   s10, t4
core   0: 0 0x8000647c (0x9d76) x26 0xc1000154
core   0: 0x8000647e (0xe99c2913) slti    s2, s8, -359
core   0: 0 0x8000647e (0xe99c2913) x18 0x00000001
core   0: 0x80006482 (0x00000001) c.nop
core   0: 0 0x80006482 (0x0001)
core   0: 0x80006484 (0x033e2a33) mulhsu  s4, t3, s3
core   0: 0 0x80006484 (0x033e2a33) x20 0xcb48e63e
core   0: 0x80006488 (0x00006169) c.addi16sp sp, 208
core   0: 0 0x80006488 (0x6169) x2  0xabc5840c
core   0: 0x8000648a (0xab938293) addi    t0, t2, -1351
core   0: 0 0x8000648a (0xab938293) x5  0x411bec17
core   0: 0x8000648e (0xb8ce2013) slti    zero, t3, -1140
core   0: 0 0x8000648e (0xb8ce2013)
core   0: 0x80006492 (0x408b5bb3) sra     s7, s6, s0
core   0: 0 0x80006492 (0x408b5bb3) x23 0x2bc5834c
core   0: 0x80006496 (0x03cfb0b3) mulhu   ra, t6, t3
core   0: 0 0x80006496 (0x03cfb0b3) x1  0x50017a0f
core   0: 0x8000649a (0x4921f493) andi    s1, gp, 1170
core   0: 0 0x8000649a (0x4921f493) x9  0x00000000
core   0: 0x8000649e (0x000822b3) slt     t0, a6, zero
core   0: 0 0x8000649e (0x000822b3) x5  0x00000000
core   0: 0x800064a2 (0x0173b9b3) sltu    s3, t2, s7
core   0: 0 0x800064a2 (0x0173b9b3) x19 0x00000000
core   0: 0x800064a6 (0x5774a513) slti    a0, s1, 1399
core   0: 0 0x800064a6 (0x5774a513) x10 0x00000001
core   0: 0x800064aa (0x406cde33) sra     t3, s9, t1
core   0: 0 0x800064aa (0x406cde33) x28 0x410c0ea0
core   0: 0x800064ae (0x3c2813b7) lui     t2, 0x3c281
core   0: 0 0x800064ae (0x3c2813b7) x7  0x3c281000
core   0: 0x800064b2 (0x00006175) c.addi16sp sp, 368
core   0: 0 0x800064b2 (0x6175) x2  0xabc5857c
core   0: 0x800064b4 (0x00008fd5) c.or    a5, a3
core   0: 0 0x800064b4 (0x8fd5) x15 0x00000000
core   0: 0x800064b6 (0x03a18cb3) mul     s9, gp, s10
core   0: 0 0x800064b6 (0x03a18cb3) x25 0x00000000
core   0: 0x800064ba (0x032f0633) mul     a2, t5, s2
core   0: 0 0x800064ba (0x032f0633) x12 0x2bc5834c
core   0: 0x800064be (0x00006a99) c.lui   s5, 0x6
core   0: 0 0x800064be (0x6a99) x21 0x00006000
core   0: 0x800064c0 (0x0243b9b3) mulhu   s3, t2, tp
core   0: 0 0x800064c0 (0x0243b9b3) x19 0x3c280fff
core   0: 0x800064c4 (0x03081263) bne     a6, a6, pc + 36
core   0: 0 0x800064c4 (0x03081263)
core   0: 0x800064c8 (0xc446e937) lui     s2, 0xc446e
core   0: 0 0x800064c8 (0xc446e937) x18 0xc446e000
core   0: 0x800064cc (0xb5117037) lui     zero, 0xb5117
core   0: 0 0x800064cc (0xb5117037)
core   0: 0x800064d0 (0x00000cd9) c.addi  s9, 22
core   0: 0 0x800064d0 (0x0cd9) x25 0x00000016
core   0: 0x800064d2 (0x735ec793) xori    a5, t4, 1845
core   0: 0 0x800064d2 (0x735ec793) x15 0x40000661
core   0: 0x800064d6 (0x00f69e63) bne     a3, a5, pc + 28
core   0: 0 0x800064d6 (0x00f69e63)
core   0: 0x800064f2 (0x01bca7b3) slt     a5, s9, s11
core   0: 0 0x800064f2 (0x01bca7b3) x15 0x00000000
core   0: 0x800064f6 (0x0000e799) c.bnez  a5, pc + 14
core   0: 0 0x800064f6 (0xe799)
core   0: 0x800064f8 (0x5c768d13) addi    s10, a3, 1479
core   0: 0 0x800064f8 (0x5c768d13) x26 0x000005c7
core   0: 0x800064fc (0x0000717d) c.addi16sp sp, -16
core   0: 0 0x800064fc (0x717d) x2  0xabc5856c
core   0: 0x800064fe (0x00006885) c.lui   a7, 0x1
core   0: 0 0x800064fe (0x6885) x17 0x00001000
core   0: 0x80006500 (0x03040063) beq     s0, a6, pc + 32
core   0: 0 0x80006500 (0x03040063)
core   0: 0x80006504 (0x00a88bb3) add     s7, a7, a0
core   0: 0 0x80006504 (0x00a88bb3) x23 0x00001001
core   0: 0x80006508 (0x027f4933) div     s2, t5, t2
core   0: 0 0x80006508 (0x027f4933) x18 0x00000000
core   0: 0x8000650c (0x0000024a) c.slli  tp, 18
core   0: 0 0x8000650c (0x024a) x4  0xfffc0000
core   0: 0x8000650e (0x0000c791) c.beqz  a5, pc + 12
core   0: 0 0x8000650e (0xc791)
core   0: 0x8000651a (0x00008cb9) c.xor   s1, a4
core   0: 0 0x8000651a (0x8cb9) x9  0x00000000
core   0: 0x8000651c (0x002dbcb3) sltu    s9, s11, sp
core   0: 0 0x8000651c (0x002dbcb3) x25 0x00000001
core   0: 0x80006520 (0x00008335) c.srli  a4, 13
core   0: 0 0x80006520 (0x8335) x14 0x00000000
core   0: 0x80006522 (0x00008212) c.mv    tp, tp
core   0: 0 0x80006522 (0x8212) x4  0xfffc0000
core   0: 0x80006524 (0x0000527d) c.li    tp, -1
core   0: 0 0x80006524 (0x527d) x4  0xffffffff
core   0: 0x80006526 (0x000019fd) c.addi  s3, -1
core   0: 0 0x80006526 (0x19fd) x19 0x3c280ffe
core   0: 0x80006528 (0x028d0a33) mul     s4, s10, s0
core   0: 0 0x80006528 (0x028d0a33) x20 0x00000000
core   0: 0x8000652c (0x00000ee6) c.slli  t4, 25
core   0: 0 0x8000652c (0x0ee6) x29 0xa8000000
core   0: 0x8000652e (0x00008e19) c.sub   a2, a4
core   0: 0 0x8000652e (0x8e19) x12 0x2bc5834c
core   0: 0x80006530 (0x00008405) c.srai  s0, 1
core   0: 0 0x80006530 (0x8405) x8  0x00000000
core   0: 0x80006532 (0x039e3233) mulhu   tp, t3, s9
core   0: 0 0x80006532 (0x039e3233) x4  0x00000000
core   0: 0x80006536 (0x036d7eb3) remu    t4, s10, s6
core   0: 0 0x80006536 (0x036d7eb3) x29 0x000005c7
core   0: 0x8000653a (0x00c70cb3) add     s9, a4, a2
core   0: 0 0x8000653a (0x00c70cb3) x25 0x2bc5834c
core   0: 0x8000653e (0x00008279) c.srli  a2, 30
core   0: 0 0x8000653e (0x8279) x12 0x00000000
core   0: 0x80006540 (0x00000001) c.nop
core   0: 0 0x80006540 (0x0001)
core   0: 0x80006542 (0x02458c63) beq     a1, tp, pc + 56
core   0: 0 0x80006542 (0x02458c63)
core   0: 0x80006546 (0x00008fb9) c.xor   a5, a4
core   0: 0 0x80006546 (0x8fb9) x15 0x00000000
core   0: 0x80006548 (0xbd9bb093) sltiu   ra, s7, -1063
core   0: 0 0x80006548 (0xbd9bb093) x1  0x00000001
core   0: 0x8000654c (0x03510b33) mul     s6, sp, s5
core   0: 0 0x8000654c (0x03510b33) x22 0x12088000
core   0: 0x80006550 (0x03f87863) bgeu    a6, t6, pc + 48
core   0: 0 0x80006550 (0x03f87863)
core   0: 0x80006554 (0x00b58913) addi    s2, a1, 11
core   0: 0 0x80006554 (0x00b58913) x18 0x80021e2b
core   0: 0x80006558 (0x00006671) c.lui   a2, 0x1c
core   0: 0 0x80006558 (0x6671) x12 0x0001c000
core   0: 0x8000655a (0x01a43a33) sltu    s4, s0, s10
core   0: 0 0x8000655a (0x01a43a33) x20 0x00000001
core   0: 0x8000655e (0x0179f763) bgeu    s3, s7, pc + 14
core   0: 0 0x8000655e (0x0179f763)
core   0: 0x8000656c (0x01639eb3) sll     t4, t2, s6
core   0: 0 0x8000656c (0x01639eb3) x29 0x3c281000
core   0: 0x80006570 (0x00000216) c.slli  tp, 5
core   0: 0 0x80006570 (0x0216) x4  0x00000000
core   0: 0x80006572 (0x01cc7db3) and     s11, s8, t3
core   0: 0 0x80006572 (0x01cc7db3) x27 0x400c0220
core   0: 0x80006576 (0x012a5e93) srli    t4, s4, 18
core   0: 0 0x80006576 (0x012a5e93) x29 0x00000000
core   0: 0x8000657a (0x00000001) c.nop
core   0: 0 0x8000657a (0x0001)
core   0: 0x8000657c (0x010d4e33) xor     t3, s10, a6
core   0: 0 0x8000657c (0x010d4e33) x28 0x411bf499
core   0: 0x80006580 (0x0036d713) srli    a4, a3, 3
core   0: 0 0x80006580 (0x0036d713) x14 0x00000000
core   0: 0x80006584 (0x38da7713) andi    a4, s4, 909
core   0: 0 0x80006584 (0x38da7713) x14 0x00000001
core   0: 0x80006588 (0x09d5ed13) ori     s10, a1, 157
core   0: 0 0x80006588 (0x09d5ed13) x26 0x80021ebd
core   0: 0x8000658c (0x0000e891) c.bnez  s1, pc + 20
core   0: 0 0x8000658c (0xe891)
core   0: 0x8000658e (0x01e123b3) slt     t2, sp, t5
core   0: 0 0x8000658e (0x01e123b3) x7  0x00000001
core   0: 0x80006592 (0x009a1233) sll     tp, s4, s1
core   0: 0 0x80006592 (0x009a1233) x4  0x00000001
core   0: 0x80006596 (0x01749c13) slli    s8, s1, 23
core   0: 0 0x80006596 (0x01749c13) x24 0x00000000
core   0: 0x8000659a (0x0000e905) c.bnez  a0, pc + 48
core   0: 0 0x8000659a (0xe905)
core   0: 0x800065ca (0x0079bcb3) sltu    s9, s3, t2
core   0: 0 0x800065ca (0x0079bcb3) x25 0x00000000
core   0: 0x800065ce (0x0000717d) c.addi16sp sp, -16
core   0: 0 0x800065ce (0x717d) x2  0xabc5855c
core   0: 0x800065d0 (0x007c01b3) add     gp, s8, t2
core   0: 0 0x800065d0 (0x007c01b3) x3  0x00000001
core   0: 0x800065d4 (0x000086cd) c.srai  a3, 19
core   0: 0 0x800065d4 (0x86cd) x13 0x00000000
core   0: 0x800065d6 (0x00195893) srli    a7, s2, 1
core   0: 0 0x800065d6 (0x00195893) x17 0x40010f15
core   0: 0x800065da (0xd33d8993) addi    s3, s11, -717
core   0: 0 0x800065da (0xd33d8993) x19 0x400bff53
core   0: 0x800065de (0xa716db97) auipc   s7, 0xa716d
core   0: 0 0x800065de (0xa716db97) x23 0x271735de
core   0: 0x800065e2 (0x3e776213) ori     tp, a4, 999
core   0: 0 0x800065e2 (0x3e776213) x4  0x000003e7
core   0: 0x800065e6 (0x00000001) c.nop
core   0: 0 0x800065e6 (0x0001)
core   0: 0x800065e8 (0x000083f1) c.srli  a5, 28
core   0: 0 0x800065e8 (0x83f1) x15 0x00000000
core   0: 0x800065ea (0x00008a56) c.mv    s4, s5
core   0: 0 0x800065ea (0x8a56) x20 0x00006000
core   0: 0x800065ec (0x0ff0000f) fence   iorw,iorw
core   0: 0 0x800065ec (0x0ff0000f)
core   0: 0x800065f0 (0x00000294) c.addi4spn a3, sp, 320
core   0: 0 0x800065f0 (0x0294) x13 0xabc5869c
core   0: 0x800065f2 (0x4f2b6c93) ori     s9, s6, 1266
core   0: 0 0x800065f2 (0x4f2b6c93) x25 0x120884f2
core   0: 0x800065f6 (0x028931b3) mulhu   gp, s2, s0
core   0: 0 0x800065f6 (0x028931b3) x3  0x00000000
core   0: 0x800065fa (0x00008c01) c.sub   s0, s0
core   0: 0 0x800065fa (0x8c01) x8  0x00000000
core   0: 0x800065fc (0x00008d51) c.or    a0, a2
core   0: 0 0x800065fc (0x8d51) x10 0x0001c001
core   0: 0x800065fe (0x006b7463) bgeu    s6, t1, pc + 8
core   0: 0 0x800065fe (0x006b7463)
core   0: 0x80006606 (0x011dcb33) xor     s6, s11, a7
core   0: 0 0x80006606 (0x011dcb33) x22 0x000d0d35
core   0: 0x8000660a (0x0000985e) c.add   a6, s7
core   0: 0 0x8000660a (0x985e) x16 0x6833273c
core   0: 0x8000660c (0x00004849) c.li    a6, 18
core   0: 0 0x8000660c (0x4849) x16 0x00000012
core   0: 0x8000660e (0x00000c94) c.addi4spn a3, sp, 592
core   0: 0 0x8000660e (0x0c94) x13 0xabc587ac
core   0: 0x80006610 (0x0000717d) c.addi16sp sp, -16
core   0: 0 0x80006610 (0x717d) x2  0xabc5854c
core   0: 0x80006612 (0x00008922) c.mv    s2, s0
core   0: 0 0x80006612 (0x8922) x18 0x00000000
core   0: 0x80006614 (0x00008e7d) c.and   a2, a5
core   0: 0 0x80006614 (0x8e7d) x12 0x00000000
core   0: 0x80006616 (0x00008675) c.srai  a2, 29
core   0: 0 0x80006616 (0x8675) x12 0x00000000
core   0: 0x80006618 (0x0252f963) bgeu    t0, t0, pc + 50
core   0: 0 0x80006618 (0x0252f963)
core   0: 0x8000664a (0x41da0e33) sub     t3, s4, t4
core   0: 0 0x8000664a (0x41da0e33) x28 0x00006000
core   0: 0x8000664e (0x03f04c63) blt     zero, t6, pc + 56
core   0: 0 0x8000664e (0x03f04c63)
core   0: 0x80006652 (0x0000c29d) c.beqz  a3, pc + 38
core   0: 0 0x80006652 (0xc29d)
core   0: 0x80006654 (0x0000100f) fence.i
core   0: 0 0x80006654 (0x0000100f)
core   0: 0x80006658 (0x02184433) div     s0, a6, ra
core   0: 0 0x80006658 (0x02184433) x8  0x00000012
core   0: 0x8000665c (0xc3ce8993) addi    s3, t4, -964
core   0: 0 0x8000665c (0xc3ce8993) x19 0xfffffc3c
core   0: 0x80006660 (0x0000864e) c.mv    a2, s3
core   0: 0 0x80006660 (0x864e) x12 0xfffffc3c
core   0: 0x80006662 (0x00008f5d) c.or    a4, a5
core   0: 0 0x80006662 (0x8f5d) x14 0x00000001
core   0: 0x80006664 (0x40f7ddb3) sra     s11, a5, a5
core   0: 0 0x80006664 (0x40f7ddb3) x27 0x00000000
core   0: 0x80006668 (0x03f7bcb3) mulhu   s9, a5, t6
core   0: 0 0x80006668 (0x03f7bcb3) x25 0x00000000
core   0: 0x8000666c (0x00001dfd) c.addi  s11, -1
core   0: 0 0x8000666c (0x1dfd) x27 0xffffffff
core   0: 0x8000666e (0xcc826193) ori     gp, tp, -824
core   0: 0 0x8000666e (0xcc826193) x3  0xffffffef
core   0: 0x80006672 (0xc61fc237) lui     tp, 0xc61fc
core   0: 0 0x80006672 (0xc61fc237) x4  0xc61fc000
core   0: 0x80006676 (0x00008a6d) c.andi  a2, 27
core   0: 0 0x80006676 (0x8a6d) x12 0x00000018
core   0: 0x80006678 (0x00000001) c.nop
core   0: 0 0x80006678 (0x0001)
core   0: 0x8000667a (0x00332433) slt     s0, t1, gp
core   0: 0 0x8000667a (0x00332433) x8  0x00000000
core   0: 0x8000667e (0x0239a1b3) mulhsu  gp, s3, gp
core   0: 0 0x8000667e (0x0239a1b3) x3  0xfffffc3c
core   0: 0x80006682 (0x03aea033) mulhsu  zero, t4, s10
core   0: 0 0x80006682 (0x03aea033)
core   0: 0x80006686 (0x04987163) bgeu    a6, s1, pc + 66
core   0: 0 0x80006686 (0x04987163)
core   0: 0x800066c8 (0x03427c63) bgeu    tp, s4, pc + 56
core   0: 0 0x800066c8 (0x03427c63)
core   0: 0x80006700 (0x000068ad) c.lui   a7, 0xb
core   0: 0 0x80006700 (0x68ad) x17 0x0000b000
core   0: 0x80006702 (0x026e9db3) mulh    s11, t4, t1
core   0: 0 0x80006702 (0x026e9db3) x27 0x00000000
core   0: 0x80006706 (0x000001fe) c.slli  gp, 31
core   0: 0 0x80006706 (0x01fe) x3  0x00000000
core   0: 0x80006708 (0x0329f663) bgeu    s3, s2, pc + 44
core   0: 0 0x80006708 (0x0329f663)
core   0: 0x80006734 (0x00008ed9) c.or    a3, a4
core   0: 0 0x80006734 (0x8ed9) x13 0xabc587ad
core   0: 0x80006736 (0x02397133) remu    sp, s2, gp
core   0: 0 0x80006736 (0x02397133) x2  0x00000000
core   0: 0x8000673a (0x02147563) bgeu    s0, ra, pc + 42
core   0: 0 0x8000673a (0x02147563)
core   0: 0x8000673e (0x016b0e33) add     t3, s6, s6
core   0: 0 0x8000673e (0x016b0e33) x28 0x001a1a6a
core   0: 0x80006742 (0x15f64793) xori    a5, a2, 351
core   0: 0 0x80006742 (0x15f64793) x15 0x00000147
core   0: 0x80006746 (0x412fd993) srai    s3, t6, 18
core   0: 0 0x80006746 (0x412fd993) x19 0xffffe000
core   0: 0x8000674a (0x02d42433) mulhsu  s0, s0, a3
core   0: 0 0x8000674a (0x02d42433) x8  0x00000000
core   0: 0x8000674e (0x40fbd813) srai    a6, s7, 15
core   0: 0 0x8000674e (0x40fbd813) x16 0x00004e2e
core   0: 0x80006752 (0x02ebc7b3) div     a5, s7, a4
core   0: 0 0x80006752 (0x02ebc7b3) x15 0x271735de
core   0: 0x80006756 (0x027a3ab3) mulhu   s5, s4, t2
core   0: 0 0x80006756 (0x027a3ab3) x21 0x00000000
core   0: 0x8000675a (0x00008e61) c.and   a2, s0
core   0: 0 0x8000675a (0x8e61) x12 0x00000000
core   0: 0x8000675c (0xf4535897) auipc   a7, 0xf4535
core   0: 0 0x8000675c (0xf4535897) x17 0x7453b75c
core   0: 0x80006760 (0x00009bfd) c.andi  a5, -1
core   0: 0 0x80006760 (0x9bfd) x15 0x271735de
core   0: 0x80006762 (0x00008806) c.mv    a6, ra
core   0: 0 0x80006762 (0x8806) x16 0x00000001
core   0: 0x80006764 (0x0000cd15) c.beqz  a0, pc + 60
core   0: 0 0x80006764 (0xcd15)
core   0: 0x80006766 (0x00bd1db3) sll     s11, s10, a1
core   0: 0 0x80006766 (0x00bd1db3) x27 0x80021ebd
core   0: 0x8000676a (0x03461863) bne     a2, s4, pc + 48
core   0: 0 0x8000676a (0x03461863)
core   0: 0x8000679a (0x0312e733) rem     a4, t0, a7
core   0: 0 0x8000679a (0x0312e733) x14 0x00000000
core   0: 0x8000679e (0x00000439) c.addi  s0, 14
core   0: 0 0x8000679e (0x0439) x8  0x0000000e
core   0: 0x800067a0 (0x02bcdc33) divu    s8, s9, a1
core   0: 0 0x800067a0 (0x02bcdc33) x24 0x00000000
core   0: 0x800067a4 (0x41b4d893) srai    a7, s1, 27
core   0: 0 0x800067a4 (0x41b4d893) x17 0x00000000
core   0: 0x800067a8 (0x02a2e263) bltu    t0, a0, pc + 36
core   0: 0 0x800067a8 (0x02a2e263)
core   0: 0x800067cc (0x01ca1e13) slli    t3, s4, 28
core   0: 0 0x800067cc (0x01ca1e13) x28 0x00000000
core   0: 0x800067d0 (0x023e5e33) divu    t3, t3, gp
core   0: 0 0x800067d0 (0x023e5e33) x28 0xffffffff
core   0: 0x800067d4 (0x02659933) mulh    s2, a1, t1
core   0: 0 0x800067d4 (0x02659933) x18 0x00000000
core   0: 0x800067d8 (0x0000ef1d) c.bnez  a4, pc + 62
core   0: 0 0x800067d8 (0xef1d)
core   0: 0x800067da (0x000084a9) c.srai  s1, 10
core   0: 0 0x800067da (0x84a9) x9  0x00000000
core   0: 0x800067dc (0xfb5b7413) andi    s0, s6, -75
core   0: 0 0x800067dc (0xfb5b7413) x8  0x000d0d35
core   0: 0x800067e0 (0x01fead33) slt     s10, t4, t6
core   0: 0 0x800067e0 (0x01fead33) x26 0x00000000
core   0: 0x800067e4 (0x01ece233) or      tp, s9, t5
core   0: 0 0x800067e4 (0x01ece233) x4  0x2bc5834c
core   0: 0x800067e8 (0x007dfe63) bgeu    s11, t2, pc + 28
core   0: 0 0x800067e8 (0x007dfe63)
core   0: 0x80006804 (0x00008f42) c.mv    t5, a6
core   0: 0 0x80006804 (0x8f42) x30 0x00000001
core   0: 0x80006806 (0x0229a2b3) mulhsu  t0, s3, sp
core   0: 0 0x80006806 (0x0229a2b3) x5  0x00000000
core   0: 0x8000680a (0x00708933) add     s2, ra, t2
core   0: 0 0x8000680a (0x00708933) x18 0x00000002
core   0: 0x8000680e (0x005c1513) slli    a0, s8, 5
core   0: 0 0x8000680e (0x005c1513) x10 0x00000000
core   0: 0x80006812 (0x02bafbb3) remu    s7, s5, a1
core   0: 0 0x80006812 (0x02bafbb3) x23 0x00000000
core   0: 0x80006816 (0xdb9a46b7) lui     a3, 0xdb9a4
core   0: 0 0x80006816 (0xdb9a46b7) x13 0xdb9a4000
core   0: 0x8000681a (0x00000001) c.nop
core   0: 0 0x8000681a (0x0001)
core   0: 0x8000681c (0x00001a7d) c.addi  s4, -1
core   0: 0 0x8000681c (0x1a7d) x20 0x00005fff
core   0: 0x8000681e (0x8d466e93) ori     t4, a2, -1836
core   0: 0 0x8000681e (0x8d466e93) x29 0xfffff8d4
core   0: 0x80006822 (0x01538433) add     s0, t2, s5
core   0: 0 0x80006822 (0x01538433) x8  0x00000001
core   0: 0x80006826 (0x00000001) c.nop
core   0: 0 0x80006826 (0x0001)
core   0: 0x80006828 (0x0325d533) divu    a0, a1, s2
core   0: 0 0x80006828 (0x0325d533) x10 0x40010f10
core   0: 0x8000682c (0x7e292037) lui     zero, 0x7e292
core   0: 0 0x8000682c (0x7e292037)
core   0: 0x80006830 (0x1f2c3737) lui     a4, 0x1f2c3
core   0: 0 0x80006830 (0x1f2c3737) x14 0x1f2c3000
core   0: 0x80006834 (0x00efc263) blt     t6, a4, pc + 4
core   0: 0 0x80006834 (0x00efc263)
core   0: 0x80006838 (0x00000001) c.nop
core   0: 0 0x80006838 (0x0001)
core   0: 0x8000683a (0x03865a63) bge     a2, s8, pc + 52
core   0: 0 0x8000683a (0x03865a63)
core   0: 0x8000686e (0xeecb4413) xori    s0, s6, -276
core   0: 0 0x8000686e (0xeecb4413) x8  0xfff2f3d9
core   0: 0x80006872 (0x000a6763) bltu    s4, zero, pc + 14
core   0: 0 0x80006872 (0x000a6763)
core   0: 0x80006876 (0x00000c04) c.addi4spn s1, sp, 528
core   0: 0 0x80006876 (0x0c04) x9  0x00000210
core   0: 0x80006878 (0x002c5a63) bge     s8, sp, pc + 20
core   0: 0 0x80006878 (0x002c5a63)
core   0: 0x8000688c (0x0056f7b3) and     a5, a3, t0
core   0: 0 0x8000688c (0x0056f7b3) x15 0x00000000
core   0: 0x80006890 (0x038e3633) mulhu   a2, t3, s8
core   0: 0 0x80006890 (0x038e3633) x12 0x00000000
core   0: 0x80006894 (0x01e03e33) snez    t3, t5
core   0: 0 0x80006894 (0x01e03e33) x28 0x00000001
core   0: 0x80006898 (0x02d992b3) mulh    t0, s3, a3
core   0: 0 0x80006898 (0x02d992b3) x5  0x0000048c
core   0: 0x8000689c (0x00008fe5) c.and   a5, s1
core   0: 0 0x8000689c (0x8fe5) x15 0x00000000
core   0: 0x8000689e (0x00005cfd) c.li    s9, -1
core   0: 0 0x8000689e (0x5cfd) x25 0xffffffff
core   0: 0x800068a0 (0x32ab0d13) addi    s10, s6, 810
core   0: 0 0x800068a0 (0x32ab0d13) x26 0x000d105f
core   0: 0x800068a4 (0xe5166097) auipc   ra, 0xe5166
core   0: 0 0x800068a4 (0xe5166097) x1  0x6516c8a4
core   0: 0x800068a8 (0x00000001) c.nop
core   0: 0 0x800068a8 (0x0001)
core   0: 0x800068aa (0x40d5d913) srai    s2, a1, 13
core   0: 0 0x800068aa (0x40d5d913) x18 0xfffc0010
core   0: 0x800068ae (0x406a81b3) sub     gp, s5, t1
core   0: 0 0x800068ae (0x406a81b3) x3  0x00000000
core   0: 0x800068b2 (0x00004955) c.li    s2, 21
core   0: 0 0x800068b2 (0x4955) x18 0x00000015
core   0: 0x800068b4 (0x00009216) c.add   tp, t0
core   0: 0 0x800068b4 (0x9216) x4  0x2bc587d8
core   0: 0x800068b6 (0x0000717d) c.addi16sp sp, -16
core   0: 0 0x800068b6 (0x717d) x2  0xfffffff0
core   0: 0x800068b8 (0x00008ee5) c.and   a3, s1
core   0: 0 0x800068b8 (0x8ee5) x13 0x00000000
core   0: 0x800068ba (0x021ce2b3) rem     t0, s9, ra
core   0: 0 0x800068ba (0x021ce2b3) x5  0xffffffff
core   0: 0x800068be (0x0340c2b3) div     t0, ra, s4
core   0: 0 0x800068be (0x0340c2b3) x5  0x00010d94
core   0: 0x800068c2 (0x00008c01) c.sub   s0, s0
core   0: 0 0x800068c2 (0x8c01) x8  0x00000000
core   0: 0x800068c4 (0x0000e785) c.bnez  a5, pc + 40
core   0: 0 0x800068c4 (0xe785)
core   0: 0x800068c6 (0x0311fd63) bgeu    gp, a7, pc + 58
core   0: 0 0x800068c6 (0x0311fd63)
core   0: 0x80006900 (0x40b4d213) srai    tp, s1, 11
core   0: 0 0x80006900 (0x40b4d213) x4  0x00000000
core   0: 0x80006904 (0x631d47b7) lui     a5, 0x631d4
core   0: 0 0x80006904 (0x631d47b7) x15 0x631d4000
core   0: 0x80006908 (0x00009e3e) c.add   t3, a5
core   0: 0 0x80006908 (0x9e3e) x28 0x631d4001
core   0: 0x8000690a (0x01b4cd63) blt     s1, s11, pc + 26
core   0: 0 0x8000690a (0x01b4cd63)
core   0: 0x8000690e (0x00008785) c.srai  a5, 1
core   0: 0 0x8000690e (0x8785) x15 0x318ea000
core   0: 0x80006910 (0x02eb5763) bge     s6, a4, pc + 46
core   0: 0 0x80006910 (0x02eb5763)
core   0: 0x80006914 (0x01e9e463) bltu    s3, t5, pc + 8
core   0: 0 0x80006914 (0x01e9e463)
core   0: 0x80006918 (0x03b6dc63) bge     a3, s11, pc + 56
core   0: 0 0x80006918 (0x03b6dc63)
core   0: 0x80006950 (0x00009816) c.add   a6, t0
core   0: 0 0x80006950 (0x9816) x16 0x00010d95
core   0: 0x80006952 (0x00000001) c.nop
core   0: 0 0x80006952 (0x0001)
core   0: 0x80006954 (0x00008ef1) c.and   a3, a2
core   0: 0 0x80006954 (0x8ef1) x13 0x00000000
core   0: 0x80006956 (0x0000c299) c.beqz  a3, pc + 6
core   0: 0 0x80006956 (0xc299)
core   0: 0x8000695c (0x023d4eb3) div     t4, s10, gp
core   0: 0 0x8000695c (0x023d4eb3) x29 0xffffffff
core   0: 0x80006960 (0x01ecc6b3) xor     a3, s9, t5
core   0: 0 0x80006960 (0x01ecc6b3) x13 0xfffffffe
core   0: 0x80006964 (0x0290dcb3) divu    s9, ra, s1
core   0: 0 0x80006964 (0x0290dcb3) x25 0x0031034a
core   0: 0x80006968 (0x03a27c63) bgeu    tp, s10, pc + 56
core   0: 0 0x80006968 (0x03a27c63)
core   0: 0x8000696c (0x00000504) c.addi4spn s1, sp, 640
core   0: 0 0x8000696c (0x0504) x9  0x00000270
core   0: 0x8000696e (0x02f64bb3) div     s7, a2, a5
core   0: 0 0x8000696e (0x02f64bb3) x23 0x00000000
core   0: 0x80006972 (0x00008f19) c.sub   a4, a4
core   0: 0 0x80006972 (0x8f19) x14 0x00000000
core   0: 0x80006974 (0x00001efd) c.addi  t4, -1
core   0: 0 0x80006974 (0x1efd) x29 0xfffffffe
core   0: 0x80006976 (0x00000001) c.nop
core   0: 0 0x80006976 (0x0001)
core   0: 0x80006978 (0x0ff0000f) fence   iorw,iorw
core   0: 0 0x80006978 (0x0ff0000f)
core   0: 0x8000697c (0x00008d35) c.xor   a0, a3
core   0: 0 0x8000697c (0x8d35) x10 0xbffef0ee
core   0: 0x8000697e (0x00000959) c.addi  s2, 22
core   0: 0 0x8000697e (0x0959) x18 0x0000002b
core   0: 0x80006980 (0x0ff0000f) fence   iorw,iorw
core   0: 0 0x80006980 (0x0ff0000f)
core   0: 0x80006984 (0x00008e6d) c.and   a2, a1
core   0: 0 0x80006984 (0x8e6d) x12 0x00000000
core   0: 0x80006986 (0x00000001) c.nop
core   0: 0 0x80006986 (0x0001)
core   0: 0x80006988 (0x211caf13) slti    t5, s9, 529
core   0: 0 0x80006988 (0x211caf13) x30 0x00000000
core   0: 0x8000698c (0x0000100f) fence.i
core   0: 0 0x8000698c (0x0000100f)
core   0: 0x80006990 (0x00ad2eb3) slt     t4, s10, a0
core   0: 0 0x80006990 (0x00ad2eb3) x29 0x00000000
core   0: 0x80006994 (0xa08a7b93) andi    s7, s4, -1528
core   0: 0 0x80006994 (0xa08a7b93) x23 0x00005a08
core   0: 0x80006998 (0x68250db7) lui     s11, 0x68250
core   0: 0 0x80006998 (0x68250db7) x27 0x68250000
core   0: 0x8000699c (0x01cf12b3) sll     t0, t5, t3
core   0: 0 0x8000699c (0x01cf12b3) x5  0x00000000
core   0: 0x800069a0 (0x000060a5) c.lui   ra, 0x9
core   0: 0 0x800069a0 (0x60a5) x1  0x00009000
core   0: 0x800069a2 (0x03322db3) mulhsu  s11, tp, s3
core   0: 0 0x800069a2 (0x03322db3) x27 0x00000000
core   0: 0x800069a6 (0x035b3d33) mulhu   s10, s6, s5
core   0: 0 0x800069a6 (0x035b3d33) x26 0x00000000
core   0: 0x800069aa (0x02409663) bne     ra, tp, pc + 44
core   0: 0 0x800069aa (0x02409663)
core   0: 0x800069d6 (0x0316f433) remu    s0, a3, a7
core   0: 0 0x800069d6 (0x0316f433) x8  0xfffffffe
core   0: 0x800069da (0x00004791) c.li    a5, 4
core   0: 0 0x800069da (0x4791) x15 0x00000004
core   0: 0x800069dc (0x00008a11) c.andi  a2, 4
core   0: 0 0x800069dc (0x8a11) x12 0x00000000
core   0: 0x800069de (0x02ab4133) div     sp, s6, a0
core   0: 0 0x800069de (0x02ab4133) x2  0x00000000
core   0: 0x800069e2 (0xb22c34b7) lui     s1, 0xb22c3
core   0: 0 0x800069e2 (0xb22c34b7) x9  0xb22c3000
core   0: 0x800069e6 (0x02a2d8b3) divu    a7, t0, a0
core   0: 0 0x800069e6 (0x02a2d8b3) x17 0x00000000
core   0: 0x800069ea (0x023f8363) beq     t6, gp, pc + 38
core   0: 0 0x800069ea (0x023f8363)
core   0: 0x800069ee (0x00001504) c.addi4spn s1, sp, 672
core   0: 0 0x800069ee (0x1504) x9  0x000002a0
core   0: 0x800069f0 (0x034c2db3) mulhsu  s11, s8, s4
core   0: 0 0x800069f0 (0x034c2db3) x27 0x00000000
core   0: 0x800069f4 (0x00008fad) c.xor   a5, a1
core   0: 0 0x800069f4 (0x8fad) x15 0x80021e24
core   0: 0x800069f6 (0x029d48b3) div     a7, s10, s1
core   0: 0 0x800069f6 (0x029d48b3) x17 0x00000000
core   0: 0x800069fa (0x000092f6) c.add   t0, t4
core   0: 0 0x800069fa (0x92f6) x5  0x00000000
core   0: 0x800069fc (0x0000ef91) c.bnez  a5, pc + 28
core   0: 0 0x800069fc (0xef91)
core   0: 0x80006a18 (0xb870fd13) andi    s10, ra, -1145
core   0: 0 0x80006a18 (0xb870fd13) x26 0x00009000
core   0: 0x80006a1c (0x004feeb3) or      t4, t6, tp
core   0: 0 0x80006a1c (0x004feeb3) x29 0x80025ce4
core   0: 0x80006a20 (0x69bb7893) andi    a7, s6, 1691
core   0: 0 0x80006a20 (0x69bb7893) x17 0x00000411
core   0: 0x80006a24 (0x0ead4693) xori    a3, s10, 234
core   0: 0 0x80006a24 (0x0ead4693) x13 0x000090ea
core   0: 0x80006a28 (0x00009772) c.add   a4, t3
core   0: 0 0x80006a28 (0x9772) x14 0x631d4001
core   0: 0x80006a2a (0x374fb993) sltiu   s3, t6, 884
core   0: 0 0x80006a2a (0x374fb993) x19 0x00000000
core   0: 0x80006a2e (0x00001084) c.addi4spn s1, sp, 96
core   0: 0 0x80006a2e (0x1084) x9  0x00000060
core   0: 0x80006a30 (0x00008f95) c.sub   a5, a3
core   0: 0 0x80006a30 (0x8f95) x15 0x80018d3a
core   0: 0x80006a32 (0x00008219) c.srli  a2, 6
core   0: 0 0x80006a32 (0x8219) x12 0x00000000
core   0: 0x80006a34 (0x6a3fec93) ori     s9, t6, 1699
core   0: 0 0x80006a34 (0x6a3fec93) x25 0x80025ee7
core   0: 0x80006a38 (0x01d30263) beq     t1, t4, pc + 4
core   0: 0 0x80006a38 (0x01d30263)
core   0: 0x80006a3c (0x0233fbb3) remu    s7, t2, gp
core   0: 0 0x80006a3c (0x0233fbb3) x23 0x00000001
core   0: 0x80006a40 (0x02fe9963) bne     t4, a5, pc + 50
core   0: 0 0x80006a40 (0x02fe9963)
core   0: 0x80006a72 (0x00000001) c.nop
core   0: 0 0x80006a72 (0x0001)
core   0: 0x80006a74 (0x0000995e) c.add   s2, s7
core   0: 0 0x80006a74 (0x995e) x18 0x0000002c
core   0: 0x80006a76 (0x000001d2) c.slli  gp, 20
core   0: 0 0x80006a76 (0x01d2) x3  0x00000000
core   0: 0x80006a78 (0x013023b3) slt     t2, zero, s3
core   0: 0 0x80006a78 (0x013023b3) x7  0x00000000
core   0: 0x80006a7c (0x01aff763) bgeu    t6, s10, pc + 14
core   0: 0 0x80006a7c (0x01aff763)
core   0: 0x80006a8a (0x4078d793) srai    a5, a7, 7
core   0: 0 0x80006a8a (0x4078d793) x15 0x00000008
core   0: 0x80006a8e (0x63f34013) xori    zero, t1, 1599
core   0: 0 0x80006a8e (0x63f34013)
core   0: 0x80006a92 (0x00008609) c.srai  a2, 2
core   0: 0 0x80006a92 (0x8609) x12 0x00000000
core   0: 0x80006a94 (0x40dbdc93) srai    s9, s7, 13
core   0: 0 0x80006a94 (0x40dbdc93) x25 0x00000000
core   0: 0x80006a98 (0x018ffa33) and     s4, t6, s8
core   0: 0 0x80006a98 (0x018ffa33) x20 0x00000000
core   0: 0x80006a9c (0x036eee33) rem     t3, t4, s6
core   0: 0 0x80006a9c (0x036eee33) x28 0xfff9da8a
core   0: 0x80006aa0 (0x007e1c93) slli    s9, t3, 7
core   0: 0 0x80006aa0 (0x007e1c93) x25 0xfced4500
core   0: 0x80006aa4 (0x41325913) srai    s2, tp, 19
core   0: 0 0x80006aa4 (0x41325913) x18 0x00000000
core   0: 0x80006aa8 (0x00006159) c.addi16sp sp, 400
core   0: 0 0x80006aa8 (0x6159) x2  0x00000190
core   0: 0x80006aaa (0x00005b7d) c.li    s6, -1
core   0: 0 0x80006aaa (0x5b7d) x22 0xffffffff
core   0: 0x80006aac (0x0000e619) c.bnez  a2, pc + 14
core   0: 0 0x80006aac (0xe619)
core   0: 0x80006aae (0x02411d63) bne     sp, tp, pc + 58
core   0: 0 0x80006aae (0x02411d63)
core   0: 0x80006ae8 (0x4060d033) sra     zero, ra, t1
core   0: 0 0x80006ae8 (0x4060d033)
core   0: 0x80006aec (0x00594eb3) xor     t4, s2, t0
core   0: 0 0x80006aec (0x00594eb3) x29 0x00000000
core   0: 0x80006af0 (0x02778533) mul     a0, a5, t2
core   0: 0 0x80006af0 (0x02778533) x10 0x00000000
core   0: 0x80006af4 (0x0058ad33) slt     s10, a7, t0
core   0: 0 0x80006af4 (0x0058ad33) x26 0x00000000
core   0: 0x80006af8 (0x00b35e13) srli    t3, t1, 11
core   0: 0 0x80006af8 (0x00b35e13) x28 0x00000000
core   0: 0x80006afc (0x01ea76b3) and     a3, s4, t5
core   0: 0 0x80006afc (0x01ea76b3) x13 0x00000000
core   0: 0x80006b00 (0x00008efd) c.and   a3, a5
core   0: 0 0x80006b00 (0x8efd) x13 0x00000000
core   0: 0x80006b02 (0x00009e7a) c.add   t3, t5
core   0: 0 0x80006b02 (0x9e7a) x28 0x00000000
core   0: 0x80006b04 (0x014b3eb3) sltu    t4, s6, s4
core   0: 0 0x80006b04 (0x014b3eb3) x29 0x00000000
core   0: 0x80006b08 (0x0000100f) fence.i
core   0: 0 0x80006b08 (0x0000100f)
core   0: 0x80006b0c (0x00008d31) c.xor   a0, a2
core   0: 0 0x80006b0c (0x8d31) x10 0x00000000
core   0: 0x80006b0e (0x40f4d113) srai    sp, s1, 15
core   0: 0 0x80006b0e (0x40f4d113) x2  0x00000000
core   0: 0x80006b12 (0x03f08b63) beq     ra, t6, pc + 54
core   0: 0 0x80006b12 (0x03f08b63)
core   0: 0x80006b16 (0x010c0c63) beq     s8, a6, pc + 24
core   0: 0 0x80006b16 (0x010c0c63)
core   0: 0x80006b1a (0x036d4763) blt     s10, s6, pc + 46
core   0: 0 0x80006b1a (0x036d4763)
core   0: 0x80006b1e (0x011ad813) srli    a6, s5, 17
core   0: 0 0x80006b1e (0x011ad813) x16 0x00000000
core   0: 0x80006b22 (0x01b18ab3) add     s5, gp, s11
core   0: 0 0x80006b22 (0x01b18ab3) x21 0x00000000
core   0: 0x80006b26 (0x00009b12) c.add   s6, tp
core   0: 0 0x80006b26 (0x9b12) x22 0xffffffff
core   0: 0x80006b28 (0x00000001) c.nop
core   0: 0 0x80006b28 (0x0001)
core   0: 0x80006b2a (0x020c08b3) mul     a7, s8, zero
core   0: 0 0x80006b2a (0x020c08b3) x17 0x00000000
core   0: 0x80006b2e (0x02088133) mul     sp, a7, zero
core   0: 0 0x80006b2e (0x02088133) x2  0x00000000
core   0: 0x80006b32 (0x64dffa93) andi    s5, t6, 1613
core   0: 0 0x80006b32 (0x64dffa93) x21 0x00000444
core   0: 0x80006b36 (0x0000ef89) c.bnez  a5, pc + 26
core   0: 0 0x80006b36 (0xef89)
core   0: 0x80006b50 (0x004df763) bgeu    s11, tp, pc + 14
core   0: 0 0x80006b50 (0x004df763)
core   0: 0x80006b5e (0x037af133) remu    sp, s5, s7
core   0: 0 0x80006b5e (0x037af133) x2  0x00000000
core   0: 0x80006b62 (0x01b387b3) add     a5, t2, s11
core   0: 0 0x80006b62 (0x01b387b3) x15 0x00000000
core   0: 0x80006b66 (0x00000001) c.nop
core   0: 0 0x80006b66 (0x0001)
core   0: 0x80006b68 (0x01602d33) slt     s10, zero, s6
core   0: 0 0x80006b68 (0x01602d33) x26 0x00000000
core   0: 0x80006b6c (0x000044a5) c.li    s1, 9
core   0: 0 0x80006b6c (0x44a5) x9  0x00000009
core   0: 0x80006b6e (0x03de9e33) mulh    t3, t4, t4
core   0: 0 0x80006b6e (0x03de9e33) x28 0x00000000
core   0: 0x80006b72 (0x036e88b3) mul     a7, t4, s6
core   0: 0 0x80006b72 (0x036e88b3) x17 0x00000000
core   0: 0x80006b76 (0x0000616d) c.addi16sp sp, 240
core   0: 0 0x80006b76 (0x616d) x2  0x000000f0
core   0: 0x80006b78 (0x0000869d) c.srai  a3, 7
core   0: 0 0x80006b78 (0x869d) x13 0x00000000
core   0: 0x80006b7a (0x000064a9) c.lui   s1, 0xa
core   0: 0 0x80006b7a (0x64a9) x9  0x0000a000
core   0: 0x80006b7c (0x000086dd) c.srai  a3, 23
core   0: 0 0x80006b7c (0x86dd) x13 0x00000000
core   0: 0x80006b7e (0x039ac563) blt     s5, s9, pc + 42
core   0: 0 0x80006b7e (0x039ac563)
core   0: 0x80006b82 (0x0192dd33) srl     s10, t0, s9
core   0: 0 0x80006b82 (0x0192dd33) x26 0x00000000
core   0: 0x80006b86 (0x006386b3) add     a3, t2, t1
core   0: 0 0x80006b86 (0x006386b3) x13 0x00000000
core   0: 0x80006b8a (0x00008941) c.andi  a0, 16
core   0: 0 0x80006b8a (0x8941) x10 0x00000000
core   0: 0x80006b8c (0x8c5e8b13) addi    s6, t4, -1851
core   0: 0 0x80006b8c (0x8c5e8b13) x22 0xfffff8c5
core   0: 0x80006b90 (0x03accab3) div     s5, s9, s10
core   0: 0 0x80006b90 (0x03accab3) x21 0xffffffff
core   0: 0x80006b94 (0x000019fd) c.addi  s3, -1
core   0: 0 0x80006b94 (0x19fd) x19 0xffffffff
core   0: 0x80006b96 (0x03d7dcb3) divu    s9, a5, t4
core   0: 0 0x80006b96 (0x03d7dcb3) x25 0xffffffff
core   0: 0x80006b9a (0x8a8be993) ori     s3, s7, -1880
core   0: 0 0x80006b9a (0x8a8be993) x19 0xfffff8a9
core   0: 0x80006b9e (0x0100d013) srli    zero, ra, 16
core   0: 0 0x80006b9e (0x0100d013)
core   0: 0x80006ba2 (0x0000827d) c.srli  a2, 31
core   0: 0 0x80006ba2 (0x827d) x12 0x00000000
core   0: 0x80006ba4 (0x0000100f) fence.i
core   0: 0 0x80006ba4 (0x0000100f)
core   0: 0x80006ba8 (0x41335213) srai    tp, t1, 19
core   0: 0 0x80006ba8 (0x41335213) x4  0x00000000
core   0: 0x80006bac (0x32e7e437) lui     s0, 0x32e7e
core   0: 0 0x80006bac (0x32e7e437) x8  0x32e7e000
core   0: 0x80006bb0 (0x00000001) c.nop
core   0: 0 0x80006bb0 (0x0001)
core   0: 0x80006bb2 (0x01f761b3) or      gp, a4, t6
core   0: 0 0x80006bb2 (0x01f761b3) x3  0xe31f5ce5
core   0: 0x80006bb6 (0x0000e315) c.bnez  a4, pc + 36
core   0: 0 0x80006bb6 (0xe315)
core   0: 0x80006bda (0x0000059c) c.addi4spn a5, sp, 704
core   0: 0 0x80006bda (0x059c) x15 0x000003b0
core   0: 0x80006bdc (0x02b78bb3) mul     s7, a5, a1
core   0: 0 0x80006bdc (0x02b78bb3) x23 0x07cf1600
core   0: 0x80006be0 (0x410d83b3) sub     t2, s11, a6
core   0: 0 0x80006be0 (0x410d83b3) x7  0x00000000
core   0: 0x80006be4 (0x00a0eeb3) or      t4, ra, a0
core   0: 0 0x80006be4 (0x00a0eeb3) x29 0x00009000
core   0: 0x80006be8 (0x02cdd7b3) divu    a5, s11, a2
core   0: 0 0x80006be8 (0x02cdd7b3) x15 0xffffffff
core   0: 0x80006bec (0x408c8c33) sub     s8, s9, s0
core   0: 0 0x80006bec (0x408c8c33) x24 0xcd181fff
core   0: 0x80006bf0 (0x00257eb3) and     t4, a0, sp
core   0: 0 0x80006bf0 (0x00257eb3) x29 0x00000000
core   0: 0x80006bf4 (0x00006f71) c.lui   t5, 0x1c
core   0: 0 0x80006bf4 (0x6f71) x30 0x0001c000
core   0: 0x80006bf6 (0x03747a63) bgeu    s0, s7, pc + 52
core   0: 0 0x80006bf6 (0x03747a63)
core   0: 0x80006c2a (0x0252b7b3) mulhu   a5, t0, t0
core   0: 0 0x80006c2a (0x0252b7b3) x15 0x00000000
core   0: 0x80006c2e (0x00008d7e) c.mv    s10, t6
core   0: 0 0x80006c2e (0x8d7e) x26 0x80025ce4
core   0: 0x80006c30 (0x012b6463) bltu    s6, s2, pc + 8
core   0: 0 0x80006c30 (0x012b6463)
core   0: 0x80006c34 (0xd1897a13) andi    s4, s2, -744
core   0: 0 0x80006c34 (0xd1897a13) x20 0x00000000
core   0: 0x80006c38 (0x00008d2d) c.xor   a0, a1
core   0: 0 0x80006c38 (0x8d2d) x10 0x80021e20
core   0: 0x80006c3a (0x01a7e233) or      tp, a5, s10
core   0: 0 0x80006c3a (0x01a7e233) x4  0x80025ce4
core   0: 0x80006c3e (0x0174ea63) bltu    s1, s7, pc + 20
core   0: 0 0x80006c3e (0x0174ea63)
core   0: 0x80006c52 (0x030534b3) mulhu   s1, a0, a6
core   0: 0 0x80006c52 (0x030534b3) x9  0x00000000
core   0: 0x80006c56 (0x0000016e) c.slli  sp, 27
core   0: 0 0x80006c56 (0x016e) x2  0x80000000
core   0: 0x80006c58 (0x00961f13) slli    t5, a2, 9
core   0: 0 0x80006c58 (0x00961f13) x30 0x00000000
core   0: 0x80006c5c (0x0000616d) c.addi16sp sp, 240
core   0: 0 0x80006c5c (0x616d) x2  0x800000f0
core   0: 0x80006c5e (0x01257033) and     zero, a0, s2
core   0: 0 0x80006c5e (0x01257033)
core   0: 0x80006c62 (0x00001208) c.addi4spn a0, sp, 288
core   0: 0 0x80006c62 (0x1208) x10 0x80000210
core   0: 0x80006c64 (0x0ff0000f) fence   iorw,iorw
core   0: 0 0x80006c64 (0x0ff0000f)
core   0: 0x80006c68 (0x01ddc433) xor     s0, s11, t4
core   0: 0 0x80006c68 (0x01ddc433) x8  0x00000000
core   0: 0x80006c6c (0x00535293) srli    t0, t1, 5
core   0: 0 0x80006c6c (0x00535293) x5  0x00000000
core   0: 0x80006c70 (0x00008ff9) c.and   a5, a4
core   0: 0 0x80006c70 (0x8ff9) x15 0x00000000
core   0: 0x80006c72 (0x41f9d113) srai    sp, s3, 31
core   0: 0 0x80006c72 (0x41f9d113) x2  0xffffffff
core   0: 0x80006c76 (0xa1f1a413) slti    s0, gp, -1505
core   0: 0 0x80006c76 (0xa1f1a413) x8  0x00000001
core   0: 0x80006c7a (0x01e95233) srl     tp, s2, t5
core   0: 0 0x80006c7a (0x01e95233) x4  0x00000000
core   0: 0x80006c7e (0x0000517d) c.li    sp, -1
core   0: 0 0x80006c7e (0x517d) x2  0xffffffff
core   0: 0x80006c80 (0x00006145) c.addi16sp sp, 48
core   0: 0 0x80006c80 (0x6145) x2  0x0000002f
core   0: 0x80006c82 (0x026f82b3) mul     t0, t6, t1
core   0: 0 0x80006c82 (0x026f82b3) x5  0x00000000
core   0: 0x80006c86 (0x020204b3) mul     s1, tp, zero
core   0: 0 0x80006c86 (0x020204b3) x9  0x00000000
core   0: 0x80006c8a (0xbd29e813) ori     a6, s3, -1070
core   0: 0 0x80006c8a (0xbd29e813) x16 0xfffffbfb
core   0: 0x80006c8e (0x00008ca5) c.xor   s1, s1
core   0: 0 0x80006c8e (0x8ca5) x9  0x00000000
core   0: 0x80006c90 (0x0000100f) fence.i
core   0: 0 0x80006c90 (0x0000100f)
core   0: 0x80006c94 (0x0ff0000f) fence   iorw,iorw
core   0: 0 0x80006c94 (0x0ff0000f)
core   0: 0x80006c98 (0x00000db2) c.slli  s11, 12
core   0: 0 0x80006c98 (0x0db2) x27 0x00000000
core   0: 0x80006c9a (0x00000001) c.nop
core   0: 0 0x80006c9a (0x0001)
core   0: 0x80006c9c (0xc15c7b13) andi    s6, s8, -1003
core   0: 0 0x80006c9c (0xc15c7b13) x22 0xcd181c15
core   0: 0x80006ca0 (0x02036e63) bltu    t1, zero, pc + 60
core   0: 0 0x80006ca0 (0x02036e63)
core   0: 0x80006ca4 (0x016571b3) and     gp, a0, s6
core   0: 0 0x80006ca4 (0x016571b3) x3  0x80000010
core   0: 0x80006ca8 (0x00008a91) c.andi  a3, 4
core   0: 0 0x80006ca8 (0x8a91) x13 0x00000000
core   0: 0x80006caa (0x02889633) mulh    a2, a7, s0
core   0: 0 0x80006caa (0x02889633) x12 0x00000000
core   0: 0x80006cae (0x03d7c4b3) div     s1, a5, t4
core   0: 0 0x80006cae (0x03d7c4b3) x9  0xffffffff
core   0: 0x80006cb2 (0xf6e0ff13) andi    t5, ra, -146
core   0: 0 0x80006cb2 (0xf6e0ff13) x30 0x00009000
core   0: 0x80006cb6 (0x0000e119) c.bnez  a0, pc + 6
core   0: 0 0x80006cb6 (0xe119)
core   0: 0x80006cbc (0x41ec8a33) sub     s4, s9, t5
core   0: 0 0x80006cbc (0x41ec8a33) x20 0xffff6fff
core   0: 0x80006cc0 (0x025e58b3) divu    a7, t3, t0
core   0: 0 0x80006cc0 (0x025e58b3) x17 0xffffffff
core   0: 0x80006cc4 (0x41a55393) srai    t2, a0, 26
core   0: 0 0x80006cc4 (0x41a55393) x7  0xffffffe0
core   0: 0x80006cc8 (0x41768633) sub     a2, a3, s7
core   0: 0 0x80006cc8 (0x41768633) x12 0xf830ea00
core   0: 0x80006ccc (0x00008241) c.srli  a2, 16
core   0: 0 0x80006ccc (0x8241) x12 0x0000f830
core   0: 0x80006cce (0x00004691) c.li    a3, 4
core   0: 0 0x80006cce (0x4691) x13 0x00000004
core   0: 0x80006cd0 (0x00006c91) c.lui   s9, 0x4
core   0: 0 0x80006cd0 (0x6c91) x25 0x00004000
core   0: 0x80006cd2 (0x021e0463) beq     t3, ra, pc + 40
core   0: 0 0x80006cd2 (0x021e0463)
core   0: 0x80006cd6 (0x000086a5) c.srai  a3, 9
core   0: 0 0x80006cd6 (0x86a5) x13 0x00000000
core   0: 0x80006cd8 (0x01dcd1b3) srl     gp, s9, t4
core   0: 0 0x80006cd8 (0x01dcd1b3) x3  0x00004000
core   0: 0x80006cdc (0x02996063) bltu    s2, s1, pc + 32
core   0: 0 0x80006cdc (0x02996063)
core   0: 0x80006cfc (0x0000ee11) c.bnez  a2, pc + 28
core   0: 0 0x80006cfc (0xee11)
core   0: 0x80006d18 (0x0000c899) c.beqz  s1, pc + 22
core   0: 0 0x80006d18 (0xc899)
core   0: 0x80006d1a (0x00b25893) srli    a7, tp, 11
core   0: 0 0x80006d1a (0x00b25893) x17 0x00000000
core   0: 0x80006d1e (0x01c02b33) slt     s6, zero, t3
core   0: 0 0x80006d1e (0x01c02b33) x22 0x00000000
core   0: 0x80006d22 (0x8592a993) slti    s3, t0, -1959
core   0: 0 0x80006d22 (0x8592a993) x19 0x00000000
core   0: 0x80006d26 (0x00008e51) c.or    a2, a2
core   0: 0 0x80006d26 (0x8e51) x12 0x0000f830
core   0: 0x80006d28 (0x00008ef9) c.and   a3, a4
core   0: 0 0x80006d28 (0x8ef9) x13 0x00000000
core   0: 0x80006d2a (0x89f78413) addi    s0, a5, -1889
core   0: 0 0x80006d2a (0x89f78413) x8  0xfffff89f
core   0: 0x80006d2e (0x1327b213) sltiu   tp, a5, 306
core   0: 0 0x80006d2e (0x1327b213) x4  0x00000001
core   0: 0x80006d32 (0x13862b13) slti    s6, a2, 312
core   0: 0 0x80006d32 (0x13862b13) x22 0x00000000
core   0: 0x80006d36 (0x00008c9d) c.sub   s1, a5
core   0: 0 0x80006d36 (0x8c9d) x9  0xffffffff
core   0: 0x80006d38 (0x0000100f) fence.i
core   0: 0 0x80006d38 (0x0000100f)
core   0: 0x80006d3c (0x00646bb3) or      s7, s0, t1
core   0: 0 0x80006d3c (0x00646bb3) x23 0xfffff89f
core   0: 0x80006d40 (0x03a54863) blt     a0, s10, pc + 48
core   0: 0 0x80006d40 (0x03a54863)
core   0: 0x80006d70 (0x02dc9e33) mulh    t3, s9, a3
core   0: 0 0x80006d70 (0x02dc9e33) x28 0x00000000
core   0: 0x80006d74 (0x01df5463) bge     t5, t4, pc + 8
core   0: 0 0x80006d74 (0x01df5463)
core   0: 0x80006d7c (0x007d9a93) slli    s5, s11, 7
core   0: 0 0x80006d7c (0x007d9a93) x21 0x00000000
core   0: 0x80006d80 (0x00a88c33) add     s8, a7, a0
core   0: 0 0x80006d80 (0x00a88c33) x24 0x80000210
core   0: 0x80006d84 (0x00001404) c.addi4spn s1, sp, 544
core   0: 0 0x80006d84 (0x1404) x9  0x0000024f
core   0: 0x80006d86 (0x5603f893) andi    a7, t2, 1376
core   0: 0 0x80006d86 (0x5603f893) x17 0x00000560
core   0: 0x80006d8a (0x00008d45) c.or    a0, s1
core   0: 0 0x80006d8a (0x8d45) x10 0x8000025f
core   0: 0x80006d8c (0x9e247713) andi    a4, s0, -1566
core   0: 0 0x80006d8c (0x9e247713) x14 0xfffff882
core   0: 0x80006d90 (0x0000717d) c.addi16sp sp, -16
core   0: 0 0x80006d90 (0x717d) x2  0x0000001f
core   0: 0x80006d92 (0x03a2a2b3) mulhsu  t0, t0, s10
core   0: 0 0x80006d92 (0x03a2a2b3) x5  0x00000000
core   0: 0x80006d96 (0x025f31b3) mulhu   gp, t5, t0
core   0: 0 0x80006d96 (0x025f31b3) x3  0x00000000
core   0: 0x80006d9a (0x00005d7d) c.li    s10, -1
core   0: 0 0x80006d9a (0x5d7d) x26 0xffffffff
core   0: 0x80006d9c (0x00a2eab3) or      s5, t0, a0
core   0: 0 0x80006d9c (0x00a2eab3) x21 0x8000025f
core   0: 0x80006da0 (0x0000100f) fence.i
core   0: 0 0x80006da0 (0x0000100f)
core   0: 0x80006da4 (0x030ca4b3) mulhsu  s1, s9, a6
core   0: 0 0x80006da4 (0x030ca4b3) x9  0x00003fff
core   0: 0x80006da8 (0xf53b4b13) xori    s6, s6, -173
core   0: 0 0x80006da8 (0xf53b4b13) x22 0xffffff53
core   0: 0x80006dac (0x006949b3) xor     s3, s2, t1
core   0: 0 0x80006dac (0x006949b3) x19 0x00000000
core   0: 0x80006db0 (0x039969b3) rem     s3, s2, s9
core   0: 0 0x80006db0 (0x039969b3) x19 0x00000000
core   0: 0x80006db4 (0x00001dfd) c.addi  s11, -1
core   0: 0 0x80006db4 (0x1dfd) x27 0xffffffff
core   0: 0x80006db6 (0x01c46d33) or      s10, s0, t3
core   0: 0 0x80006db6 (0x01c46d33) x26 0xfffff89f
core   0: 0x80006dba (0x88b3e993) ori     s3, t2, -1909
core   0: 0 0x80006dba (0x88b3e993) x19 0xffffffeb
core   0: 0x80006dbe (0x4a243713) sltiu   a4, s0, 1186
core   0: 0 0x80006dbe (0x4a243713) x14 0x00000000
core   0: 0x80006dc2 (0x0000e095) c.bnez  s1, pc + 36
core   0: 0 0x80006dc2 (0xe095)
core   0: 0x80006de6 (0x01be2433) slt     s0, t3, s11
core   0: 0 0x80006de6 (0x01be2433) x8  0x00000000
core   0: 0x80006dea (0x0ff0000f) fence   iorw,iorw
core   0: 0 0x80006dea (0x0ff0000f)
core   0: 0x80006dee (0x00008e11) c.sub   a2, a2
core   0: 0 0x80006dee (0x8e11) x12 0x00000000
core   0: 0x80006df0 (0x00182b33) slt     s6, a6, ra
core   0: 0 0x80006df0 (0x00182b33) x22 0x00000001
core   0: 0x80006df4 (0x005a18b3) sll     a7, s4, t0
core   0: 0 0x80006df4 (0x005a18b3) x17 0xffff6fff
core   0: 0x80006df8 (0xf9eca117) auipc   sp, 0xf9eca
core   0: 0 0x80006df8 (0xf9eca117) x2  0x79ed0df8
core   0: 0x80006dfc (0x011c5633) srl     a2, s8, a7
core   0: 0 0x80006dfc (0x011c5633) x12 0x00000001
core   0: 0x80006e00 (0x00001d14) c.addi4spn a3, sp, 688
core   0: 0 0x80006e00 (0x1d14) x13 0x79ed10a8
core   0: 0x80006e02 (0x01dcb933) sltu    s2, s9, t4
core   0: 0 0x80006e02 (0x01dcb933) x18 0x00000000
core   0: 0x80006e06 (0x012dca33) xor     s4, s11, s2
core   0: 0 0x80006e06 (0x012dca33) x20 0xffffffff
core   0: 0x80006e0a (0x000086a2) c.mv    a3, s0
core   0: 0 0x80006e0a (0x86a2) x13 0x00000000
core   0: 0x80006e0c (0x000088cd) c.andi  s1, 19
core   0: 0 0x80006e0c (0x88cd) x9  0x00000013
core   0: 0x80006e0e (0xc5dc6a13) ori     s4, s8, -931
core   0: 0 0x80006e0e (0xc5dc6a13) x20 0xfffffe5d
core   0: 0x80006e12 (0x00008cf9) c.and   s1, a4
core   0: 0 0x80006e12 (0x8cf9) x9  0x00000000
core   0: 0x80006e14 (0x009d89b3) add     s3, s11, s1
core   0: 0 0x80006e14 (0x009d89b3) x19 0xffffffff
core   0: 0x80006e18 (0x033c7033) remu    zero, s8, s3
core   0: 0 0x80006e18 (0x033c7033)
core   0: 0x80006e1c (0x00008e95) c.sub   a3, a3
core   0: 0 0x80006e1c (0x8e95) x13 0x00000000
core   0: 0x80006e1e (0x014c1eb3) sll     t4, s8, s4
core   0: 0 0x80006e1e (0x014c1eb3) x29 0x00000000
core   0: 0x80006e22 (0x003a63b3) or      t2, s4, gp
core   0: 0 0x80006e22 (0x003a63b3) x7  0xfffffe5d
core   0: 0x80006e26 (0x00008d7d) c.and   a0, a5
core   0: 0 0x80006e26 (0x8d7d) x10 0x00000000
core   0: 0x80006e28 (0x0004e633) or      a2, s1, zero
core   0: 0 0x80006e28 (0x0004e633) x12 0x00000000
core   0: 0x80006e2c (0x0b24fa93) andi    s5, s1, 178
core   0: 0 0x80006e2c (0x0b24fa93) x21 0x00000000
core   0: 0x80006e30 (0x4015dc13) srai    s8, a1, 1
core   0: 0 0x80006e30 (0x4015dc13) x24 0xc0010f10
core   0: 0x80006e34 (0x03cd8863) beq     s11, t3, pc + 48
core   0: 0 0x80006e34 (0x03cd8863)
core   0: 0x80006e38 (0x01e59d33) sll     s10, a1, t5
core   0: 0 0x80006e38 (0x01e59d33) x26 0x80021e20
core   0: 0x80006e3c (0x03eb2c33) mulhsu  s8, s6, t5
core   0: 0 0x80006e3c (0x03eb2c33) x24 0x00000000
core   0: 0x80006e40 (0x016f24b3) slt     s1, t5, s6
core   0: 0 0x80006e40 (0x016f24b3) x9  0x00000000
core   0: 0x80006e44 (0x0078c7b3) xor     a5, a7, t2
core   0: 0 0x80006e44 (0x0078c7b3) x15 0x000091a2
core   0: 0x80006e48 (0x04056ab7) lui     s5, 0x4056
core   0: 0 0x80006e48 (0x04056ab7) x21 0x04056000
core   0: 0x80006e4c (0x00000e90) c.addi4spn a2, sp, 848
core   0: 0 0x80006e4c (0x0e90) x12 0x79ed1148
core   0: 0x80006e4e (0x00000001) c.nop
core   0: 0 0x80006e4e (0x0001)
core   0: 0x80006e50 (0x026fd963) bge     t6, t1, pc + 50
core   0: 0 0x80006e50 (0x026fd963)
core   0: 0x80006e54 (0x01a42e33) slt     t3, s0, s10
core   0: 0 0x80006e54 (0x01a42e33) x28 0x00000000
core   0: 0x80006e58 (0x01a74233) xor     tp, a4, s10
core   0: 0 0x80006e58 (0x01a74233) x4  0x80021e20
core   0: 0x80006e5c (0x01ac9e33) sll     t3, s9, s10
core   0: 0 0x80006e5c (0x01ac9e33) x28 0x00004000
core   0: 0x80006e60 (0x03fb9563) bne     s7, t6, pc + 42
core   0: 0 0x80006e60 (0x03fb9563)
core   0: 0x80006e8a (0x00008971) c.andi  a0, 28
core   0: 0 0x80006e8a (0x8971) x10 0x00000000
core   0: 0x80006e8c (0x0160a2b3) slt     t0, ra, s6
core   0: 0 0x80006e8c (0x0160a2b3) x5  0x00000000
core   0: 0x80006e90 (0x6e2d9617) auipc   a2, 0x6e2d9
core   0: 0 0x80006e90 (0x6e2d9617) x12 0xee2dfe90
core   0: 0x80006e94 (0x006b00b3) add     ra, s6, t1
core   0: 0 0x80006e94 (0x006b00b3) x1  0x00000001
core   0: 0x80006e98 (0x034db4b3) mulhu   s1, s11, s4
core   0: 0 0x80006e98 (0x034db4b3) x9  0xfffffe5c
core   0: 0x80006e9c (0x41be8433) sub     s0, t4, s11
core   0: 0 0x80006e9c (0x41be8433) x8  0x00000001
core   0: 0x80006ea0 (0x29eae293) ori     t0, s5, 670
core   0: 0 0x80006ea0 (0x29eae293) x5  0x0405629e
core   0: 0x80006ea4 (0x4606f093) andi    ra, a3, 1120
core   0: 0 0x80006ea4 (0x4606f093) x1  0x00000000
core   0: 0x80006ea8 (0x141d4213) xori    tp, s10, 321
core   0: 0 0x80006ea8 (0x141d4213) x4  0x80021f61
core   0: 0x80006eac (0x018d9d33) sll     s10, s11, s8
core   0: 0 0x80006eac (0x018d9d33) x26 0xffffffff
core   0: 0x80006eb0 (0x02c81833) mulh    a6, a6, a2
core   0: 0 0x80006eb0 (0x02c81833) x16 0x00000047
core   0: 0x80006eb4 (0x0000882d) c.andi  s0, 11
core   0: 0 0x80006eb4 (0x882d) x8  0x00000001
core   0: 0x80006eb6 (0x00c70963) beq     a4, a2, pc + 18
core   0: 0 0x80006eb6 (0x00c70963)
core   0: 0x80006eba (0x00009776) c.add   a4, t4
core   0: 0 0x80006eba (0x9776) x14 0x00000000
core   0: 0x80006ebc (0x0121ad33) slt     s10, gp, s2
core   0: 0 0x80006ebc (0x0121ad33) x26 0x00000000
core   0: 0x80006ec0 (0x03f45563) bge     s0, t6, pc + 42
core   0: 0 0x80006ec0 (0x03f45563)
core   0: 0x80006eea (0x0361e463) bltu    gp, s6, pc + 40
core   0: 0 0x80006eea (0x0361e463)
core   0: 0x80006f12 (0x013298b3) sll     a7, t0, s3
core   0: 0 0x80006f12 (0x013298b3) x17 0x00000000
core   0: 0x80006f16 (0x2fd3a893) slti    a7, t2, 765
core   0: 0 0x80006f16 (0x2fd3a893) x17 0x00000001
core   0: 0x80006f1a (0x028d8a63) beq     s11, s0, pc + 52
core   0: 0 0x80006f1a (0x028d8a63)
core   0: 0x80006f1e (0x00008619) c.srai  a2, 6
core   0: 0 0x80006f1e (0x8619) x12 0xffb8b7fa
core   0: 0x80006f20 (0x00000001) c.nop
core   0: 0 0x80006f20 (0x0001)
core   0: 0x80006f22 (0x036136b3) mulhu   a3, sp, s6
core   0: 0 0x80006f22 (0x036136b3) x13 0x00000000
core   0: 0x80006f26 (0x41a65d93) srai    s11, a2, 26
core   0: 0 0x80006f26 (0x41a65d93) x27 0xffffffff
core   0: 0x80006f2a (0x40e387b3) sub     a5, t2, a4
core   0: 0 0x80006f2a (0x40e387b3) x15 0xfffffe5d
core   0: 0x80006f2e (0xc3377c93) andi    s9, a4, -973
core   0: 0 0x80006f2e (0xc3377c93) x25 0x00000000
core   0: 0x80006f32 (0x0000100f) fence.i
core   0: 0 0x80006f32 (0x0000100f)
core   0: 0x80006f36 (0x0000e80d) c.bnez  s0, pc + 50
core   0: 0 0x80006f36 (0xe80d)
core   0: 0x80006f68 (0x02135e63) bge     t1, ra, pc + 60
core   0: 0 0x80006f68 (0x02135e63)
core   0: 0x80006fa4 (0x00119393) slli    t2, gp, 1
core   0: 0 0x80006fa4 (0x00119393) x7  0x00000000
core   0: 0x80006fa8 (0x408ddeb3) sra     t4, s11, s0
core   0: 0 0x80006fa8 (0x408ddeb3) x29 0xffffffff
core   0: 0x80006fac (0x03740463) beq     s0, s7, pc + 40
core   0: 0 0x80006fac (0x03740463)
core   0: 0x80006fb0 (0x0000717d) c.addi16sp sp, -16
core   0: 0 0x80006fb0 (0x717d) x2  0x79ed0de8
core   0: 0x80006fb2 (0x4092d793) srai    a5, t0, 9
core   0: 0 0x80006fb2 (0x4092d793) x15 0x000202b1
core   0: 0x80006fb6 (0x03ce8433) mul     s0, t4, t3
core   0: 0 0x80006fb6 (0x03ce8433) x8  0xffffc000
core   0: 0x80006fba (0x0ff0000f) fence   iorw,iorw
core   0: 0 0x80006fba (0x0ff0000f)
core   0: 0x80006fbe (0x00000001) c.nop
core   0: 0 0x80006fbe (0x0001)
core   0: 0x80006fc0 (0x0000e299) c.bnez  a3, pc + 6
core   0: 0 0x80006fc0 (0xe299)
core   0: 0x80006fc2 (0x00438eb3) add     t4, t2, tp
core   0: 0 0x80006fc2 (0x00438eb3) x29 0x80021f61
core   0: 0x80006fc6 (0x01e0db13) srli    s6, ra, 30
core   0: 0 0x80006fc6 (0x01e0db13) x22 0x00000000
core   0: 0x80006fca (0x00631113) slli    sp, t1, 6
core   0: 0 0x80006fca (0x00631113) x2  0x00000000
core   0: 0x80006fce (0x00008b35) c.andi  a4, 13
core   0: 0 0x80006fce (0x8b35) x14 0x00000000
core   0: 0x80006fd0 (0x02f14163) blt     sp, a5, pc + 34
core   0: 0 0x80006fd0 (0x02f14163)
core   0: 0x80006ff2 (0x0000846d) c.srai  s0, 27
core   0: 0 0x80006ff2 (0x846d) x8  0xffffffff
core   0: 0x80006ff4 (0x000050fd) c.li    ra, -1
core   0: 0 0x80006ff4 (0x50fd) x1  0xffffffff
core   0: 0x80006ff6 (0x0ff0000f) fence   iorw,iorw
core   0: 0 0x80006ff6 (0x0ff0000f)
core   0: 0x80006ffa (0x02349363) bne     s1, gp, pc + 38
core   0: 0 0x80006ffa (0x02349363)
core   0: 0x80007020 (0x020076b3) remu    a3, zero, zero
core   0: 0 0x80007020 (0x020076b3) x13 0x00000000
core   0: 0x80007024 (0x000097fe) c.add   a5, t6
core   0: 0 0x80007024 (0x97fe) x15 0x80045f95
core   0: 0x80007026 (0x02d2c963) blt     t0, a3, pc + 50
core   0: 0 0x80007026 (0x02d2c963)
core   0: 0x8000702a (0x401e5e93) srai    t4, t3, 1
core   0: 0 0x8000702a (0x401e5e93) x29 0x00002000
core   0: 0x8000702e (0x00008cd1) c.or    s1, a2
core   0: 0 0x8000702e (0x8cd1) x9  0xfffffffe
core   0: 0x80007030 (0x01cac263) blt     s5, t3, pc + 4
core   0: 0 0x80007030 (0x01cac263)
core   0: 0x80007034 (0x36b72693) slti    a3, a4, 875
core   0: 0 0x80007034 (0x36b72693) x13 0x00000001
core   0: 0x80007038 (0x0061a633) slt     a2, gp, t1
core   0: 0 0x80007038 (0x0061a633) x12 0x00000000
core   0: 0x8000703c (0x0150e633) or      a2, ra, s5
core   0: 0 0x8000703c (0x0150e633) x12 0xffffffff
core   0: 0x80007040 (0x01c66e63) bltu    a2, t3, pc + 28
core   0: 0 0x80007040 (0x01c66e63)
core   0: 0x80007044 (0xdec0cf13) xori    t5, ra, -532
core   0: 0 0x80007044 (0xdec0cf13) x30 0x00000213
core   0: 0x80007048 (0x0000ef85) c.bnez  a5, pc + 56
core   0: 0 0x80007048 (0xef85)
core   0: 0x80007080 (0x030f7e63) bgeu    t5, a6, pc + 60
core   0: 0 0x80007080 (0x030f7e63)
core   0: 0x800070bc (0x0000e09d) c.bnez  s1, pc + 38
core   0: 0 0x800070bc (0xe09d)
core   0: 0x800070e2 (0x00008fe9) c.and   a5, a0
core   0: 0 0x800070e2 (0x8fe9) x15 0x00000000
core   0: 0x800070e4 (0x02717393) andi    t2, sp, 39
core   0: 0 0x800070e4 (0x02717393) x7  0x00000000
core   0: 0x800070e8 (0x00ded9b3) srl     s3, t4, a3
core   0: 0 0x800070e8 (0x00ded9b3) x19 0x00001000
core   0: 0x800070ec (0x284ca097) auipc   ra, 0x284ca
core   0: 0 0x800070ec (0x284ca097) x1  0xa84d10ec
core   0: 0x800070f0 (0x000094e2) c.add   s1, s8
core   0: 0 0x800070f0 (0x94e2) x9  0xfffffffe
core   0: 0x800070f2 (0xa83d8793) addi    a5, s11, -1405
core   0: 0 0x800070f2 (0xa83d8793) x15 0xfffffa82
core   0: 0x800070f6 (0x0c71a413) slti    s0, gp, 199
core   0: 0 0x800070f6 (0x0c71a413) x8  0x00000001
core   0: 0x800070fa (0xa0da6b97) auipc   s7, 0xa0da6
core   0: 0 0x800070fa (0xa0da6b97) x23 0x20dad0fa
core   0: 0x800070fe (0x000004ae) c.slli  s1, 11
core   0: 0 0x800070fe (0x04ae) x9  0xfffff000
core   0: 0x80007100 (0x0171fcb3) and     s9, gp, s7
core   0: 0 0x80007100 (0x0171fcb3) x25 0x00000000
core   0: 0x80007104 (0x005f36b3) sltu    a3, t5, t0
core   0: 0 0x80007104 (0x005f36b3) x13 0x00000001
core   0: 0x80007108 (0x40635e93) srai    t4, t1, 6
core   0: 0 0x80007108 (0x40635e93) x29 0x00000000
core   0: 0x8000710c (0x02954d33) div     s10, a0, s1
core   0: 0 0x8000710c (0x02954d33) x26 0x00000000
core   0: 0x80007110 (0x014bf963) bgeu    s7, s4, pc + 18
core   0: 0 0x80007110 (0x014bf963)
core   0: 0x80007114 (0x00000001) c.nop
core   0: 0 0x80007114 (0x0001)
core   0: 0x80007116 (0x7424a697) auipc   a3, 0x7424a
core   0: 0 0x80007116 (0x7424a697) x13 0xf4251116
core   0: 0x8000711a (0x00af6863) bltu    t5, a0, pc + 16
core   0: 0 0x8000711a (0x00af6863)
core   0: 0x8000711e (0x0379d563) bge     s3, s7, pc + 42
core   0: 0 0x8000711e (0x0379d563)
core   0: 0x80007122 (0x02145433) divu    s0, s0, ra
core   0: 0 0x80007122 (0x02145433) x8  0x00000000
core   0: 0x80007126 (0x03598a63) beq     s3, s5, pc + 52
core   0: 0 0x80007126 (0x03598a63)
core   0: 0x8000712a (0x00004211) c.li    tp, 4
core   0: 0 0x8000712a (0x4211) x4  0x00000004
core   0: 0x8000712c (0x007f5033) srl     zero, t5, t2
core   0: 0 0x8000712c (0x007f5033)
core   0: 0x80007130 (0x0000717d) c.addi16sp sp, -16
core   0: 0 0x80007130 (0x717d) x2  0xfffffff0
core   0: 0x80007132 (0x0399fe33) remu    t3, s3, s9
core   0: 0 0x80007132 (0x0399fe33) x28 0x00001000
core   0: 0x80007136 (0x02ca9663) bne     s5, a2, pc + 44
core   0: 0 0x80007136 (0x02ca9663)
core   0: 0x80007162 (0x000087ed) c.srai  a5, 27
core   0: 0 0x80007162 (0x87ed) x15 0xffffffff
core   0: 0x80007164 (0x0000e009) c.bnez  s0, pc + 2
core   0: 0 0x80007164 (0xe009)
core   0: 0x80007166 (0x00004469) c.li    s0, 26
core   0: 0 0x80007166 (0x4469) x8  0x0000001a
core   0: 0x80007168 (0x636b2013) slti    zero, s6, 1590
core   0: 0 0x80007168 (0x636b2013)
core   0: 0x8000716c (0x025e5b33) divu    s6, t3, t0
core   0: 0 0x8000716c (0x025e5b33) x22 0x00000000
core   0: 0x80007170 (0x00000001) c.nop
core   0: 0 0x80007170 (0x0001)
core   0: 0x80007172 (0x9697ac13) slti    s8, a5, -1687
core   0: 0 0x80007172 (0x9697ac13) x24 0x00000000
core   0: 0x80007176 (0x020a4233) div     tp, s4, zero
core   0: 0 0x80007176 (0x020a4233) x4  0xffffffff
core   0: 0x8000717a (0x02ec1363) bne     s8, a4, pc + 38
core   0: 0 0x8000717a (0x02ec1363)
core   0: 0x8000717e (0x000083b1) c.srli  a5, 12
core   0: 0 0x8000717e (0x83b1) x15 0x000fffff
core   0: 0x80007180 (0x0193e7b3) or      a5, t2, s9
core   0: 0 0x80007180 (0x0193e7b3) x15 0x00000000
core   0: 0x80007184 (0x000081be) c.mv    gp, a5
core   0: 0 0x80007184 (0x81be) x3  0x00000000
core   0: 0x80007186 (0x00008fa1) c.xor   a5, s0
core   0: 0 0x80007186 (0x8fa1) x15 0x0000001a
core   0: 0x80007188 (0x00e5d963) bge     a1, a4, pc + 18
core   0: 0 0x80007188 (0x00e5d963)
core   0: 0x8000718c (0x03713d33) mulhu   s10, sp, s7
core   0: 0 0x8000718c (0x03713d33) x26 0x20dad0f7
core   0: 0x80007190 (0x031b08b3) mul     a7, s6, a7
core   0: 0 0x80007190 (0x031b08b3) x17 0x00000000
core   0: 0x80007194 (0x00008c61) c.and   s0, s0
core   0: 0 0x80007194 (0x8c61) x8  0x0000001a
core   0: 0x80007196 (0x01226c33) or      s8, tp, s2
core   0: 0 0x80007196 (0x01226c33) x24 0xffffffff
core   0: 0x8000719a (0x0000c889) c.beqz  s1, pc + 18
core   0: 0 0x8000719a (0xc889)
core   0: 0x8000719c (0x02d937b3) mulhu   a5, s2, a3
core   0: 0 0x8000719c (0x02d937b3) x15 0x00000000
core   0: 0x800071a0 (0x36107693) andi    a3, zero, 865
core   0: 0 0x800071a0 (0x36107693) x13 0x00000000
core   0: 0x800071a4 (0x019211b3) sll     gp, tp, s9
core   0: 0 0x800071a4 (0x019211b3) x3  0xffffffff
core   0: 0x800071a8 (0x40cc53b3) sra     t2, s8, a2
core   0: 0 0x800071a8 (0x40cc53b3) x7  0xffffffff
core   0: 0x800071ac (0x038a72b3) remu    t0, s4, s8
core   0: 0 0x800071ac (0x038a72b3) x5  0xfffffe5d
core   0: 0x800071b0 (0x03f97eb3) remu    t4, s2, t6
core   0: 0 0x800071b0 (0x03f97eb3) x29 0x00000000
core   0: 0x800071b4 (0x00008e39) c.xor   a2, a4
core   0: 0 0x800071b4 (0x8e39) x12 0xffffffff
core   0: 0x800071b6 (0x0000127d) c.addi  tp, -1
core   0: 0 0x800071b6 (0x127d) x4  0xfffffffe
core   0: 0x800071b8 (0x000ab2b3) sltu    t0, s5, zero
core   0: 0 0x800071b8 (0x000ab2b3) x5  0x00000000
core   0: 0x800071bc (0x000084c9) c.srai  s1, 18
core   0: 0 0x800071bc (0x84c9) x9  0xffffffff
core   0: 0x800071be (0x407c81b3) sub     gp, s9, t2
core   0: 0 0x800071be (0x407c81b3) x3  0x00000001
core   0: 0x800071c2 (0x00f6ec63) bltu    a3, a5, pc + 24
core   0: 0 0x800071c2 (0x00f6ec63)
core   0: 0x800071c6 (0xa2a84713) xori    a4, a6, -1494
core   0: 0 0x800071c6 (0xa2a84713) x14 0xfffffa6d
core   0: 0x800071ca (0x00009bfd) c.andi  a5, -1
core   0: 0 0x800071ca (0x9bfd) x15 0x00000000
core   0: 0x800071cc (0x0000cf91) c.beqz  a5, pc + 28
core   0: 0 0x800071cc (0xcf91)
core   0: 0x800071e8 (0x0000c419) c.beqz  s0, pc + 14
core   0: 0 0x800071e8 (0xc419)
core   0: 0x800071ea (0x0000100f) fence.i
core   0: 0 0x800071ea (0x0000100f)
core   0: 0x800071ee (0x52c74e37) lui     t3, 0x52c74
core   0: 0 0x800071ee (0x52c74e37) x28 0x52c74000
core   0: 0x800071f2 (0x0341fa63) bgeu    gp, s4, pc + 52
core   0: 0 0x800071f2 (0x0341fa63)
core   0: 0x800071f6 (0xa1956093) ori     ra, a0, -1511
core   0: 0 0x800071f6 (0xa1956093) x1  0xfffffa19
core   0: 0x800071fa (0x0506c263) blt     a3, a6, pc + 68
core   0: 0 0x800071fa (0x0506c263)
core   0: 0x8000723e (0x035e4933) div     s2, t3, s5
core   0: 0 0x8000723e (0x035e4933) x18 0x00000014
core   0: 0x80007242 (0x00008979) c.andi  a0, 30
core   0: 0 0x80007242 (0x8979) x10 0x00000000
core   0: 0x80007244 (0x02dad963) bge     s5, a3, pc + 50
core   0: 0 0x80007244 (0x02dad963)
core   0: 0x80007276 (0x02426033) rem     zero, tp, tp
core   0: 0 0x80007276 (0x02426033)
core   0: 0x8000727a (0x0000100f) fence.i
core   0: 0 0x8000727a (0x0000100f)
core   0: 0x8000727e (0x41f05813) srai    a6, zero, 31
core   0: 0 0x8000727e (0x41f05813) x16 0x00000000
core   0: 0x80007282 (0x034789b3) mul     s3, a5, s4
core   0: 0 0x80007282 (0x034789b3) x19 0x00000000
core   0: 0x80007286 (0x0219b9b3) mulhu   s3, s3, ra
core   0: 0 0x80007286 (0x0219b9b3) x19 0x00000000
core   0: 0x8000728a (0x00008369) c.srli  a4, 26
core   0: 0 0x8000728a (0x8369) x14 0x0000003f
core   0: 0x8000728c (0xf7b0ee93) ori     t4, ra, -133
core   0: 0 0x8000728c (0xf7b0ee93) x29 0xffffff7b
core   0: 0x80007290 (0x00008109) c.srli  a0, 2
core   0: 0 0x80007290 (0x8109) x10 0x00000000
core   0: 0x80007292 (0x019b9613) slli    a2, s7, 25
core   0: 0 0x80007292 (0x019b9613) x12 0xf4000000
core   0: 0x80007296 (0x021b5263) bge     s6, ra, pc + 36
core   0: 0 0x80007296 (0x021b5263)
core   0: 0x800072ba (0x0008f363) bgeu    a7, zero, pc + 6
core   0: 0 0x800072ba (0x0008f363)
core   0: 0x800072c0 (0xabc20197) auipc   gp, 0xabc20
core   0: 0 0x800072c0 (0xabc20197) x3  0x2bc272c0
core   0: 0x800072c4 (0x000042d1) c.li    t0, 20
core   0: 0 0x800072c4 (0x42d1) x5  0x00000014
core   0: 0x800072c6 (0x0000c41d) c.beqz  s0, pc + 46
core   0: 0 0x800072c6 (0xc41d)
core   0: 0x800072c8 (0x0000820d) c.srli  a2, 3
core   0: 0 0x800072c8 (0x820d) x12 0x1e800000
core   0: 0x800072ca (0x022b8533) mul     a0, s7, sp
core   0: 0 0x800072ca (0x022b8533) x10 0xf252f060
core   0: 0x800072ce (0x0000ee91) c.bnez  a3, pc + 28
core   0: 0 0x800072ce (0xee91)
core   0: 0x800072d0 (0x00c46c33) or      s8, s0, a2
core   0: 0 0x800072d0 (0x00c46c33) x24 0x1e80001a
core   0: 0x800072d4 (0x00000d08) c.addi4spn a0, sp, 656
core   0: 0 0x800072d4 (0x0d08) x10 0x00000280
core   0: 0x800072d6 (0x0196ce63) blt     a3, s9, pc + 28
core   0: 0 0x800072d6 (0x0196ce63)
core   0: 0x800072da (0x03b16763) bltu    sp, s11, pc + 46
core   0: 0 0x800072da (0x03b16763)
core   0: 0x80007308 (0x03b3c8b3) div     a7, t2, s11
core   0: 0 0x80007308 (0x03b3c8b3) x17 0x00000001
core   0: 0x8000730c (0x035a0cb3) mul     s9, s4, s5
core   0: 0 0x8000730c (0x035a0cb3) x25 0x6b33e000
core   0: 0x80007310 (0x416f06b3) sub     a3, t5, s6
core   0: 0 0x80007310 (0x416f06b3) x13 0x00000213
core   0: 0x80007314 (0x002b7763) bgeu    s6, sp, pc + 14
core   0: 0 0x80007314 (0x002b7763)
core   0: 0x80007318 (0x0000938a) c.add   t2, sp
core   0: 0 0x80007318 (0x938a) x7  0xffffffef
core   0: 0x8000731a (0x032c0c33) mul     s8, s8, s2
core   0: 0 0x8000731a (0x032c0c33) x24 0x62000208
core   0: 0x8000731e (0x0000100f) fence.i
core   0: 0 0x8000731e (0x0000100f)
core   0: 0x80007322 (0x03f1d163) bge     gp, t6, pc + 34
core   0: 0 0x80007322 (0x03f1d163)
core   0: 0x80007344 (0x418803b3) sub     t2, a6, s8
core   0: 0 0x80007344 (0x418803b3) x7  0x9dfffdf8
core   0: 0x80007348 (0x04e67163) bgeu    a2, a4, pc + 66
core   0: 0 0x80007348 (0x04e67163)
core   0: 0x8000738a (0x0000e311) c.bnez  a4, pc + 4
core   0: 0 0x8000738a (0xe311)
core   0: 0x8000738e (0x035769b3) rem     s3, a4, s5
core   0: 0 0x8000738e (0x035769b3) x19 0x0000003f
core   0: 0x80007392 (0x023a8563) beq     s5, gp, pc + 42
core   0: 0 0x80007392 (0x023a8563)
core   0: 0x80007396 (0x015afab3) and     s5, s5, s5
core   0: 0 0x80007396 (0x015afab3) x21 0x04056000
core   0: 0x8000739a (0x023ceeb3) rem     t4, s9, gp
core   0: 0 0x8000739a (0x023ceeb3) x29 0x13aefa80
core   0: 0x8000739e (0x032be0b3) rem     ra, s7, s2
core   0: 0 0x8000739e (0x032be0b3) x1  0x00000012
core   0: 0x800073a2 (0x01d4d6b3) srl     a3, s1, t4
core   0: 0 0x800073a2 (0x01d4d6b3) x13 0xffffffff
core   0: 0x800073a6 (0x8b8ecd13) xori    s10, t4, -1864
core   0: 0 0x800073a6 (0x8b8ecd13) x26 0xec510238
core   0: 0x800073aa (0x004c1763) bne     s8, tp, pc + 14
core   0: 0 0x800073aa (0x004c1763)
core   0: 0x800073b8 (0x0000867d) c.srai  a2, 31
core   0: 0 0x800073b8 (0x867d) x12 0x00000000
core   0: 0x800073ba (0x00000001) c.nop
core   0: 0 0x800073ba (0x0001)
core   0: 0x800073bc (0x00405133) srl     sp, zero, tp
core   0: 0 0x800073bc (0x00405133) x2  0x00000000
core   0: 0x800073c0 (0x00ee47b3) xor     a5, t3, a4
core   0: 0 0x800073c0 (0x00ee47b3) x15 0x52c7403f
core   0: 0x800073c4 (0x02915b63) bge     sp, s1, pc + 54
core   0: 0 0x800073c4 (0x02915b63)
core   0: 0x800073fa (0xecf8c8b7) lui     a7, 0xecf8c
core   0: 0 0x800073fa (0xecf8c8b7) x17 0xecf8c000
core   0: 0x800073fe (0x0ff0000f) fence   iorw,iorw
core   0: 0 0x800073fe (0x0ff0000f)
core   0: 0x80007402 (0x15478a37) lui     s4, 0x15478
core   0: 0 0x80007402 (0x15478a37) x20 0x15478000
core   0: 0x80007406 (0x00000001) c.nop
core   0: 0 0x80007406 (0x0001)
core   0: 0x80007408 (0x4bf30c93) addi    s9, t1, 1215
core   0: 0 0x80007408 (0x4bf30c93) x25 0x000004bf
core   0: 0x8000740c (0x00006ad9) c.lui   s5, 0x16
core   0: 0 0x8000740c (0x6ad9) x21 0x00016000
core   0: 0x8000740e (0x035faeb3) mulhsu  t4, t6, s5
core   0: 0 0x8000740e (0x035faeb3) x29 0xffff5003
core   0: 0x80007412 (0x03b89cb3) mulh    s9, a7, s11
core   0: 0 0x80007412 (0x03b89cb3) x25 0x00000000
core   0: 0x80007416 (0x02b5abb3) mulhsu  s7, a1, a1
core   0: 0 0x80007416 (0x02b5abb3) x23 0xc0000004
core   0: 0x8000741a (0x00008f31) c.xor   a4, a2
core   0: 0 0x8000741a (0x8f31) x14 0x0000003f
core   0: 0x8000741c (0x00009c42) c.add   s8, a6
core   0: 0 0x8000741c (0x9c42) x24 0x62000208
core   0: 0x8000741e (0x00008c15) c.sub   s0, a3
core   0: 0 0x8000741e (0x8c15) x8  0x0000001b
core   0: 0x80007420 (0x01a08a33) add     s4, ra, s10
core   0: 0 0x80007420 (0x01a08a33) x20 0xec51024a
core   0: 0x80007424 (0x03620db3) mul     s11, tp, s6
core   0: 0 0x80007424 (0x03620db3) x27 0x00000000
core   0: 0x80007428 (0x40aa5033) sra     zero, s4, a0
core   0: 0 0x80007428 (0x40aa5033)
core   0: 0x8000742c (0x00008136) c.mv    sp, a3
core   0: 0 0x8000742c (0x8136) x2  0xffffffff
core   0: 0x8000742e (0x0ff0000f) fence   iorw,iorw
core   0: 0 0x8000742e (0x0ff0000f)
core   0: 0x80007432 (0x02b239b3) mulhu   s3, tp, a1
core   0: 0 0x80007432 (0x02b239b3) x19 0x80021e1e
core   0: 0x80007436 (0x01bb9033) sll     zero, s7, s11
core   0: 0 0x80007436 (0x01bb9033)
core   0: 0x8000743a (0x00573833) sltu    a6, a4, t0
core   0: 0 0x8000743a (0x00573833) x16 0x00000000
core   0: 0x8000743e (0x016f5813) srli    a6, t5, 22
core   0: 0 0x8000743e (0x016f5813) x16 0x00000000
core   0: 0x80007442 (0x0098ebb3) or      s7, a7, s1
core   0: 0 0x80007442 (0x0098ebb3) x23 0xffffffff
core   0: 0x80007446 (0x00008fcd) c.or    a5, a1
core   0: 0 0x80007446 (0x8fcd) x15 0xd2c75e3f
core   0: 0x80007448 (0x69254513) xori    a0, a0, 1682
core   0: 0 0x80007448 (0x69254513) x10 0x00000412
core   0: 0x8000744c (0x00006c3d) c.lui   s8, 0xf
core   0: 0 0x8000744c (0x6c3d) x24 0x0000f000
core   0: 0x8000744e (0x3d3dc393) xori    t2, s11, 979
core   0: 0 0x8000744e (0x3d3dc393) x7  0x000003d3
core   0: 0x80007452 (0x0ff0000f) fence   iorw,iorw
core   0: 0 0x80007452 (0x0ff0000f)
core   0: 0x80007456 (0x00008f1d) c.sub   a4, a5
core   0: 0 0x80007456 (0x8f1d) x14 0x2d38a200
core   0: 0x80007458 (0x415254b3) sra     s1, tp, s5
core   0: 0 0x80007458 (0x415254b3) x9  0xfffffffe
core   0: 0x8000745c (0x0000ce19) c.beqz  a2, pc + 30
core   0: 0 0x8000745c (0xce19)
core   0: 0x8000747a (0x00008171) c.srli  a0, 28
core   0: 0 0x8000747a (0x8171) x10 0x00000000
core   0: 0x8000747c (0x00008c2d) c.xor   s0, a1
core   0: 0 0x8000747c (0x8c2d) x8  0x80021e3b
core   0: 0x8000747e (0x02b11b33) mulh    s6, sp, a1
core   0: 0 0x8000747e (0x02b11b33) x22 0x00000000
core   0: 0x80007482 (0x005ffbb3) and     s7, t6, t0
core   0: 0 0x80007482 (0x005ffbb3) x23 0x00000004
core   0: 0x80007486 (0x00008ae1) c.andi  a3, 24
core   0: 0 0x80007486 (0x8ae1) x13 0x00000018
core   0: 0x80007488 (0x03e5f433) remu    s0, a1, t5
core   0: 0 0x80007488 (0x03e5f433) x8  0x0000016e
core   0: 0x8000748c (0x4e0b4693) xori    a3, s6, 1248
core   0: 0 0x8000748c (0x4e0b4693) x13 0x000004e0
core   0: 0x80007490 (0x0118bbb3) sltu    s7, a7, a7
core   0: 0 0x80007490 (0x0118bbb3) x23 0x00000000
core   0: 0x80007494 (0xc61c1e97) auipc   t4, 0xc61c1
core   0: 0 0x80007494 (0xc61c1e97) x29 0x461c8494
core   0: 0x80007498 (0x00314db3) xor     s11, sp, gp
core   0: 0 0x80007498 (0x00314db3) x27 0xd43d8d3f
core   0: 0x8000749c (0x405a5f33) sra     t5, s4, t0
core   0: 0 0x8000749c (0x405a5f33) x30 0xfffffec5
core   0: 0x800074a0 (0x03dc9b63) bne     s9, t4, pc + 54
core   0: 0 0x800074a0 (0x03dc9b63)
core   0: 0x800074d6 (0x402f8433) sub     s0, t6, sp
core   0: 0 0x800074d6 (0x402f8433) x8  0x80025ce5
core   0: 0x800074da (0x033dee63) bltu    s11, s3, pc + 60
core   0: 0 0x800074da (0x033dee63)
core   0: 0x800074de (0x0000100f) fence.i
core   0: 0 0x800074de (0x0000100f)
core   0: 0x800074e2 (0x006de133) or      sp, s11, t1
core   0: 0 0x800074e2 (0x006de133) x2  0xd43d8d3f
core   0: 0x800074e6 (0x40b152b3) sra     t0, sp, a1
core   0: 0 0x800074e6 (0x40b152b3) x5  0xd43d8d3f
core   0: 0x800074ea (0x00004aa5) c.li    s5, 9
core   0: 0 0x800074ea (0x4aa5) x21 0x00000009
core   0: 0x800074ec (0x01c404b3) add     s1, s0, t3
core   0: 0 0x800074ec (0x01c404b3) x9  0xd2c99ce5
core   0: 0x800074f0 (0x01a0e863) bltu    ra, s10, pc + 16
core   0: 0 0x800074f0 (0x01a0e863)
core   0: 0x80007500 (0x00624e33) xor     t3, tp, t1
core   0: 0 0x80007500 (0x00624e33) x28 0xfffffffe
core   0: 0x80007504 (0x03a463b3) rem     t2, s0, s10
core   0: 0 0x80007504 (0x03a463b3) x7  0xf61c4f95
core   0: 0x80007508 (0x0000cc01) c.beqz  s0, pc + 24
core   0: 0 0x80007508 (0xcc01)
core   0: 0x8000750a (0xbf100913) li      s2, -1039
core   0: 0 0x8000750a (0xbf100913) x18 0xfffffbf1
core   0: 0x8000750e (0x00008c79) c.and   s0, a4
core   0: 0 0x8000750e (0x8c79) x8  0x00000000
core   0: 0x80007510 (0x03fce833) rem     a6, s9, t6
core   0: 0 0x80007510 (0x03fce833) x16 0x00000000
core   0: 0x80007514 (0x000058fd) c.li    a7, -1
core   0: 0 0x80007514 (0x58fd) x17 0xffffffff
core   0: 0x80007516 (0x0000499d) c.li    s3, 7
core   0: 0 0x80007516 (0x499d) x19 0x00000007
core   0: 0x80007518 (0x00726433) or      s0, tp, t2
core   0: 0 0x80007518 (0x00726433) x8  0xffffffff
core   0: 0x8000751c (0x419d8a33) sub     s4, s11, s9
core   0: 0 0x8000751c (0x419d8a33) x20 0xd43d8d3f
core   0: 0x80007520 (0x000092ae) c.add   t0, a1
core   0: 0 0x80007520 (0x92ae) x5  0x543fab5f
core   0: 0x80007522 (0x00008c61) c.and   s0, s0
core   0: 0 0x80007522 (0x8c61) x8  0xffffffff
core   0: 0x80007524 (0x00000001) c.nop
core   0: 0 0x80007524 (0x0001)
core   0: 0x80007526 (0x00008f6d) c.and   a4, a1
core   0: 0 0x80007526 (0x8f6d) x14 0x00000200
core   0: 0x80007528 (0x00008a4d) c.andi  a2, 19
core   0: 0 0x80007528 (0x8a4d) x12 0x00000000
core   0: 0x8000752a (0x00008efd) c.and   a3, a5
core   0: 0 0x8000752a (0x8efd) x13 0x00000420
core   0: 0x8000752c (0x010f5c33) srl     s8, t5, a6
core   0: 0 0x8000752c (0x010f5c33) x24 0xfffffec5
core   0: 0x80007530 (0x00008ff9) c.and   a5, a4
core   0: 0 0x80007530 (0x8ff9) x15 0x00000200
core   0: 0x80007532 (0x7787fa13) andi    s4, a5, 1912
core   0: 0 0x80007532 (0x7787fa13) x20 0x00000200
core   0: 0x80007536 (0x000000da) c.slli  ra, 22
core   0: 0 0x80007536 (0x00da) x1  0x04800000
core   0: 0x80007538 (0x00008c8d) c.sub   s1, a1
core   0: 0 0x80007538 (0x8c8d) x9  0x52c77ec5
core   0: 0x8000753a (0x006a1c63) bne     s4, t1, pc + 24
core   0: 0 0x8000753a (0x006a1c63)
core   0: 0x80007552 (0x0ff0000f) fence   iorw,iorw
core   0: 0 0x80007552 (0x0ff0000f)
core   0: 0x80007556 (0x03326363) bltu    tp, s3, pc + 38
core   0: 0 0x80007556 (0x03326363)
core   0: 0x8000755a (0x00b4beb3) sltu    t4, s1, a1
core   0: 0 0x8000755a (0x00b4beb3) x29 0x00000001
core   0: 0x8000755e (0x00004679) c.li    a2, 30
core   0: 0 0x8000755e (0x4679) x12 0x0000001e
core   0: 0x80007560 (0x037a3db3) mulhu   s11, s4, s7
core   0: 0 0x80007560 (0x037a3db3) x27 0x00000000
core   0: 0x80007564 (0x00000001) c.nop
core   0: 0 0x80007564 (0x0001)
core   0: 0x80007566 (0x0387a733) mulhsu  a4, a5, s8
core   0: 0 0x80007566 (0x0387a733) x14 0x000001ff
core   0: 0x8000756a (0x00114b33) xor     s6, sp, ra
core   0: 0 0x8000756a (0x00114b33) x22 0xd0bd8d3f
core   0: 0x8000756e (0x01b49a13) slli    s4, s1, 27
core   0: 0 0x8000756e (0x01b49a13) x20 0x28000000
core   0: 0x80007572 (0x0000557d) c.li    a0, -1
core   0: 0 0x80007572 (0x557d) x10 0xffffffff
core   0: 0x80007574 (0x03102733) mulhsu  a4, zero, a7
core   0: 0 0x80007574 (0x03102733) x14 0x00000000
core   0: 0x80007578 (0x002a8eb3) add     t4, s5, sp
core   0: 0 0x80007578 (0x002a8eb3) x29 0xd43d8d48
core   0: 0x8000757c (0x00cf2cb3) slt     s9, t5, a2
core   0: 0 0x8000757c (0x00cf2cb3) x25 0x00000001
core   0: 0x80007580 (0x026ed763) bge     t4, t1, pc + 46
core   0: 0 0x80007580 (0x026ed763)
core   0: 0x80007584 (0x19cf8f13) addi    t5, t6, 412
core   0: 0 0x80007584 (0x19cf8f13) x30 0x80025e80
core   0: 0x80007588 (0x00000a3e) c.slli  s4, 15
core   0: 0 0x80007588 (0x0a3e) x20 0x00000000
core   0: 0x8000758a (0x00747263) bgeu    s0, t2, pc + 4
core   0: 0 0x8000758a (0x00747263)
core   0: 0x8000758e (0x017b5c93) srli    s9, s6, 23
core   0: 0 0x8000758e (0x017b5c93) x25 0x000001a1
core   0: 0x80007592 (0x00008e91) c.sub   a3, a2
core   0: 0 0x80007592 (0x8e91) x13 0x00000402
core   0: 0x80007594 (0x01459a93) slli    s5, a1, 20
core   0: 0 0x80007594 (0x01459a93) x21 0xe2000000
core   0: 0x80007598 (0x0ff0000f) fence   iorw,iorw
core   0: 0 0x80007598 (0x0ff0000f)
core   0: 0x8000759c (0x03050bb3) mul     s7, a0, a6
core   0: 0 0x8000759c (0x03050bb3) x23 0x00000000
core   0: 0x800075a0 (0x8bd98c13) addi    s8, s3, -1859
core   0: 0 0x800075a0 (0x8bd98c13) x24 0xfffff8c4
core   0: 0x800075a4 (0x00f80c33) add     s8, a6, a5
core   0: 0 0x800075a4 (0x00f80c33) x24 0x00000200
core   0: 0x800075a8 (0x00008071) c.srli  s0, 28
core   0: 0 0x800075a8 (0x8071) x8  0x0000000f
core   0: 0x800075aa (0x03f96733) rem     a4, s2, t6
core   0: 0 0x800075aa (0x03f96733) x14 0xfffffbf1
core   0: 0x800075ae (0x01fb3933) sltu    s2, s6, t6
core   0: 0 0x800075ae (0x01fb3933) x18 0x00000000
core   0: 0x800075b2 (0x010a7cb3) and     s9, s4, a6
core   0: 0 0x800075b2 (0x010a7cb3) x25 0x00000000
core   0: 0x800075b6 (0xabbd0293) addi    t0, s10, -1349
core   0: 0 0x800075b6 (0xabbd0293) x5  0xec50fcf3
core   0: 0x800075ba (0x0a3a4137) lui     sp, 0xa3a4
core   0: 0 0x800075ba (0x0a3a4137) x2  0x0a3a4000
core   0: 0x800075be (0x8b766493) ori     s1, a2, -1865
core   0: 0 0x800075be (0x8b766493) x9  0xfffff8bf
core   0: 0x800075c2 (0x0000e619) c.bnez  a2, pc + 14
core   0: 0 0x800075c2 (0xe619)
core   0: 0x800075d0 (0x00008d7a) c.mv    s10, t5
core   0: 0 0x800075d0 (0x8d7a) x26 0x80025e80
core   0: 0x800075d2 (0x58587813) andi    a6, a6, 1413
core   0: 0 0x800075d2 (0x58587813) x16 0x00000000
core   0: 0x800075d6 (0x41d10433) sub     s0, sp, t4
core   0: 0 0x800075d6 (0x41d10433) x8  0x35fcb2b8
core   0: 0x800075da (0x00181033) sll     zero, a6, ra
core   0: 0 0x800075da (0x00181033)
core   0: 0x800075de (0x412e52b3) sra     t0, t3, s2
core   0: 0 0x800075de (0x412e52b3) x5  0xfffffffe
core   0: 0x800075e2 (0x0000157d) c.addi  a0, -1
core   0: 0 0x800075e2 (0x157d) x10 0xfffffffe
core   0: 0x800075e4 (0x02d50cb3) mul     s9, a0, a3
core   0: 0 0x800075e4 (0x02d50cb3) x25 0xfffff7fc
core   0: 0x800075e8 (0x031e5cb3) divu    s9, t3, a7
core   0: 0 0x800075e8 (0x031e5cb3) x25 0x00000000
core   0: 0x800075ec (0x8f73aa13) slti    s4, t2, -1801
core   0: 0 0x800075ec (0x8f73aa13) x20 0x00000001
core   0: 0x800075f0 (0x00f4cd33) xor     s10, s1, a5
core   0: 0 0x800075f0 (0x00f4cd33) x26 0xfffffabf
core   0: 0x800075f4 (0x038b1233) mulh    tp, s6, s8
core   0: 0 0x800075f4 (0x038b1233) x4  0xffffffa1
core   0: 0x800075f8 (0x00008005) c.srli  s0, 1
core   0: 0 0x800075f8 (0x8005) x8  0x1afe595c
core   0: 0x800075fa (0x00e24933) xor     s2, tp, a4
core   0: 0 0x800075fa (0x00e24933) x18 0x00000450
core   0: 0x800075fe (0x02d71663) bne     a4, a3, pc + 44
core   0: 0 0x800075fe (0x02d71663)
core   0: 0x8000762a (0x0288c563) blt     a7, s0, pc + 42
core   0: 0 0x8000762a (0x0288c563)
core   0: 0x80007654 (0x01b73db3) sltu    s11, a4, s11
core   0: 0 0x80007654 (0x01b73db3) x27 0x00000000
core   0: 0x80007658 (0x00000001) c.nop
core   0: 0 0x80007658 (0x0001)
core   0: 0x8000765a (0x0000717d) c.addi16sp sp, -16
core   0: 0 0x8000765a (0x717d) x2  0x0a3a3ff0
core   0: 0x8000765c (0x03952733) mulhsu  a4, a0, s9
core   0: 0 0x8000765c (0x03952733) x14 0x00000000
core   0: 0x80007660 (0x00000001) c.nop
core   0: 0 0x80007660 (0x0001)
core   0: 0x80007662 (0x0261d3b3) divu    t2, gp, t1
core   0: 0 0x80007662 (0x0261d3b3) x7  0xffffffff
core   0: 0x80007666 (0x026d9633) mulh    a2, s11, t1
core   0: 0 0x80007666 (0x026d9633) x12 0x00000000
core   0: 0x8000766a (0x0ff0000f) fence   iorw,iorw
core   0: 0 0x8000766a (0x0ff0000f)
core   0: 0x8000766e (0xcf7a8493) addi    s1, s5, -777
core   0: 0 0x8000766e (0xcf7a8493) x9  0xe1fffcf7
core   0: 0x80007672 (0x02aec0b3) div     ra, t4, a0
core   0: 0 0x80007672 (0x02aec0b3) x1  0x15e1395c
core   0: 0x80007676 (0x00008fbd) c.xor   a5, a5
core   0: 0 0x80007676 (0x8fbd) x15 0x00000000
core   0: 0x80007678 (0x00359113) slli    sp, a1, 3
core   0: 0 0x80007678 (0x00359113) x2  0x0010f100
core   0: 0x8000767c (0x02f5ad33) mulhsu  s10, a1, a5
core   0: 0 0x8000767c (0x02f5ad33) x26 0x00000000
core   0: 0x80007680 (0x0148bbb3) sltu    s7, a7, s4
core   0: 0 0x80007680 (0x0148bbb3) x23 0x00000000
core   0: 0x80007684 (0xb2fbb697) auipc   a3, 0xb2fbb
core   0: 0 0x80007684 (0xb2fbb697) x13 0x32fc2684
core   0: 0x80007688 (0x00118133) add     sp, gp, ra
core   0: 0 0x80007688 (0x00118133) x2  0x41a3ac1c
core   0: 0x8000768c (0x030e4f33) div     t5, t3, a6
core   0: 0 0x8000768c (0x030e4f33) x30 0xffffffff
core   0: 0x80007690 (0x0281c963) blt     gp, s0, pc + 50
core   0: 0 0x80007690 (0x0281c963)
core   0: 0x80007694 (0xf8960f17) auipc   t5, 0xf8960
core   0: 0 0x80007694 (0xf8960f17) x30 0x78967694
core   0: 0x80007698 (0x000013fd) c.addi  t2, -1
core   0: 0 0x80007698 (0x13fd) x7  0xfffffffe
core   0: 0x8000769a (0x8d7c0793) addi    a5, s8, -1833
core   0: 0 0x8000769a (0x8d7c0793) x15 0xfffffad7
core   0: 0x8000769e (0x017b5513) srli    a0, s6, 23
core   0: 0 0x8000769e (0x017b5513) x10 0x000001a1
core   0: 0x800076a2 (0x742d1817) auipc   a6, 0x742d1
core   0: 0 0x800076a2 (0x742d1817) x16 0xf42d86a2
core   0: 0x800076a6 (0x037cb133) mulhu   sp, s9, s7
core   0: 0 0x800076a6 (0x037cb133) x2  0x00000000
core   0: 0x800076aa (0x00000b4e) c.slli  s6, 19
core   0: 0 0x800076aa (0x0b4e) x22 0x69f80000
core   0: 0x800076ac (0x00008f31) c.xor   a4, a2
core   0: 0 0x800076ac (0x8f31) x14 0x00000000
core   0: 0x800076ae (0x00001d04) c.addi4spn s1, sp, 688
core   0: 0 0x800076ae (0x1d04) x9  0x000002b0
core   0: 0x800076b0 (0x40dd6493) ori     s1, s10, 1037
core   0: 0 0x800076b0 (0x40dd6493) x9  0x0000040d
core   0: 0x800076b4 (0x00000001) c.nop
core   0: 0 0x800076b4 (0x0001)
core   0: 0x800076b6 (0xd12ee613) ori     a2, t4, -750
core   0: 0 0x800076b6 (0xd12ee613) x12 0xfffffd5a
core   0: 0x800076ba (0x000059fd) c.li    s3, -1
core   0: 0 0x800076ba (0x59fd) x19 0xffffffff
core   0: 0x800076bc (0x00004f2d) c.li    t5, 11
core   0: 0 0x800076bc (0x4f2d) x30 0x0000000b
core   0: 0x800076be (0x00251433) sll     s0, a0, sp
core   0: 0 0x800076be (0x00251433) x8  0x000001a1
core   0: 0x800076c2 (0x02411633) mulh    a2, sp, tp
core   0: 0 0x800076c2 (0x02411633) x12 0x00000000
core   0: 0x800076c6 (0x00009b52) c.add   s6, s4
core   0: 0 0x800076c6 (0x9b52) x22 0x69f80001
core   0: 0x800076c8 (0x9b544093) xori    ra, s0, -1611
core   0: 0 0x800076c8 (0x9b544093) x1  0xfffff814
core   0: 0x800076cc (0x0000c405) c.beqz  s0, pc + 40
core   0: 0 0x800076cc (0xc405)
core   0: 0x800076ce (0x023eb0b3) mulhu   ra, t4, gp
core   0: 0 0x800076ce (0x023eb0b3) x1  0x24478c82
core   0: 0x800076d2 (0x000080ce) c.mv    ra, s3
core   0: 0 0x800076d2 (0x80ce) x1  0xffffffff
core   0: 0x800076d4 (0x01a8f4b3) and     s1, a7, s10
core   0: 0 0x800076d4 (0x01a8f4b3) x9  0x00000000
core   0: 0x800076d8 (0x00008fd5) c.or    a5, a3
core   0: 0 0x800076d8 (0x8fd5) x15 0xfffffed7
core   0: 0x800076da (0x0093b633) sltu    a2, t2, s1
core   0: 0 0x800076da (0x0093b633) x12 0x00000000
core   0: 0x800076de (0x021b7a63) bgeu    s6, ra, pc + 52
core   0: 0 0x800076de (0x021b7a63)
core   0: 0x800076e2 (0x01ed30b3) sltu    ra, s10, t5
core   0: 0 0x800076e2 (0x01ed30b3) x1  0x00000001
core   0: 0x800076e6 (0x00008e61) c.and   a2, s0
core   0: 0 0x800076e6 (0x8e61) x12 0x00000000
core   0: 0x800076e8 (0x03e47b33) remu    s6, s0, t5
core   0: 0 0x800076e8 (0x03e47b33) x22 0x0000000a
core   0: 0x800076ec (0x03fb7863) bgeu    s6, t6, pc + 48
core   0: 0 0x800076ec (0x03fb7863)
core   0: 0x800076f0 (0x03245db3) divu    s11, s0, s2
core   0: 0 0x800076f0 (0x03245db3) x27 0x00000000
core   0: 0x800076f4 (0x020ed8b3) divu    a7, t4, zero
core   0: 0 0x800076f4 (0x020ed8b3) x17 0xffffffff
core   0: 0x800076f8 (0x0283ca63) blt     t2, s0, pc + 52
core   0: 0 0x800076f8 (0x0283ca63)
core   0: 0x8000772c (0x00af8ab3) add     s5, t6, a0
core   0: 0 0x8000772c (0x00af8ab3) x21 0x80025e85
core   0: 0x80007730 (0x00008ead) c.xor   a3, a1
core   0: 0 0x80007730 (0x8ead) x13 0xb2fe38a4
core   0: 0x80007732 (0x00000001) c.nop
core   0: 0 0x80007732 (0x0001)
core   0: 0x80007734 (0x00001604) c.addi4spn s1, sp, 800
core   0: 0 0x80007734 (0x1604) x9  0x00000320
core   0: 0x80007736 (0x01f11913) slli    s2, sp, 31
core   0: 0 0x80007736 (0x01f11913) x18 0x00000000
core   0: 0x8000773a (0x000083b5) c.srli  a5, 13
core   0: 0 0x8000773a (0x83b5) x15 0x0007ffff
core   0: 0x8000773c (0x01221633) sll     a2, tp, s2
core   0: 0 0x8000773c (0x01221633) x12 0xffffffa1
core   0: 0x80007740 (0x00000001) c.nop
core   0: 0 0x80007740 (0x0001)
core   0: 0x80007742 (0x0000547d) c.li    s0, -1
core   0: 0 0x80007742 (0x547d) x8  0xffffffff
core   0: 0x80007744 (0x00598d33) add     s10, s3, t0
core   0: 0 0x80007744 (0x00598d33) x26 0xfffffffd
core   0: 0x80007748 (0x012d43b3) xor     t2, s10, s2
core   0: 0 0x80007748 (0x012d43b3) x7  0xfffffffd
core   0: 0x8000774c (0x026282b3) mul     t0, t0, t1
core   0: 0 0x8000774c (0x026282b3) x5  0x00000000
core   0: 0x80007750 (0x014fbf33) sltu    t5, t6, s4
core   0: 0 0x80007750 (0x014fbf33) x30 0x00000000
core   0: 0x80007754 (0x00001508) c.addi4spn a0, sp, 672
core   0: 0 0x80007754 (0x1508) x10 0x000002a0
core   0: 0x80007756 (0x00000a88) c.addi4spn a0, sp, 336
core   0: 0 0x80007756 (0x0a88) x10 0x00000150
core   0: 0x80007758 (0x044de163) bltu    s11, tp, pc + 66
core   0: 0 0x80007758 (0x044de163)
core   0: 0x8000779a (0x02de27b3) mulhsu  a5, t3, a3
core   0: 0 0x8000779a (0x02de27b3) x15 0xfffffffe
core   0: 0x8000779e (0x1d1ce493) ori     s1, s9, 465
core   0: 0 0x8000779e (0x1d1ce493) x9  0x000001d1
core   0: 0x800077a2 (0x00008f4a) c.mv    t5, s2
core   0: 0 0x800077a2 (0x8f4a) x30 0x00000000
core   0: 0x800077a4 (0x000083b9) c.srli  a5, 14
core   0: 0 0x800077a4 (0x83b9) x15 0x0003ffff
core   0: 0x800077a6 (0x02f5e133) rem     sp, a1, a5
core   0: 0 0x800077a6 (0x02f5e133) x2  0xfffdfe21
core   0: 0x800077aa (0x0374a3b3) mulhsu  t2, s1, s7
core   0: 0 0x800077aa (0x0374a3b3) x7  0x00000000
core   0: 0x800077ae (0x09cb7f37) lui     t5, 0x9cb7
core   0: 0 0x800077ae (0x09cb7f37) x30 0x09cb7000
core   0: 0x800077b2 (0xc4ec7617) auipc   a2, 0xc4ec7
core   0: 0 0x800077b2 (0xc4ec7617) x12 0x44ece7b2
core   0: 0x800077b6 (0xe2952f13) slti    t5, a0, -471
core   0: 0 0x800077b6 (0xe2952f13) x30 0x00000000
core   0: 0x800077ba (0x03e29463) bne     t0, t5, pc + 40
core   0: 0 0x800077ba (0x03e29463)
core   0: 0x800077be (0x025b5463) bge     s6, t0, pc + 40
core   0: 0 0x800077be (0x025b5463)
core   0: 0x800077e6 (0x0000615d) c.addi16sp sp, 432
core   0: 0 0x800077e6 (0x615d) x2  0xfffdffd1
core   0: 0x800077e8 (0x417989b3) sub     s3, s3, s7
core   0: 0 0x800077e8 (0x417989b3) x19 0xffffffff
core   0: 0x800077ec (0x03006cb3) rem     s9, zero, a6
core   0: 0 0x800077ec (0x03006cb3) x25 0x00000000
core   0: 0x800077f0 (0x014b80b3) add     ra, s7, s4
core   0: 0 0x800077f0 (0x014b80b3) x1  0x00000001
core   0: 0x800077f4 (0x00009846) c.add   a6, a7
core   0: 0 0x800077f4 (0x9846) x16 0xf42d86a1
core   0: 0x800077f6 (0x004253b3) srl     t2, tp, tp
core   0: 0 0x800077f6 (0x004253b3) x7  0x7fffffd0
core   0: 0x800077fa (0x00008661) c.srai  a2, 24
core   0: 0 0x800077fa (0x8661) x12 0x00000044
core   0: 0x800077fc (0x000080a5) c.srli  s1, 9
core   0: 0 0x800077fc (0x80a5) x9  0x00000000
core   0: 0x800077fe (0x037c3c33) mulhu   s8, s8, s7
core   0: 0 0x800077fe (0x037c3c33) x24 0x00000000
core   0: 0x80007802 (0x0bfb3a93) sltiu   s5, s6, 191
core   0: 0 0x80007802 (0x0bfb3a93) x21 0x00000001
core   0: 0x80007806 (0x031b1363) bne     s6, a7, pc + 38
core   0: 0 0x80007806 (0x031b1363)
core   0: 0x8000782c (0x037bf533) remu    a0, s7, s7
core   0: 0 0x8000782c (0x037bf533) x10 0x00000000
core   0: 0x80007830 (0x0ff0000f) fence   iorw,iorw
core   0: 0 0x80007830 (0x0ff0000f)
core   0: 0x80007834 (0x00008271) c.srli  a2, 28
core   0: 0 0x80007834 (0x8271) x12 0x00000000
core   0: 0x80007836 (0x00009c92) c.add   s9, tp
core   0: 0 0x80007836 (0x9c92) x25 0xffffffa1
core   0: 0x80007838 (0x0344c9b3) div     s3, s1, s4
core   0: 0 0x80007838 (0x0344c9b3) x19 0x00000000
core   0: 0x8000783c (0x41efd893) srai    a7, t6, 30
core   0: 0 0x8000783c (0x41efd893) x17 0xfffffffe
core   0: 0x80007840 (0x3cdeac93) slti    s9, t4, 973
core   0: 0 0x80007840 (0x3cdeac93) x25 0x00000001
core   0: 0x80007844 (0x016fc833) xor     a6, t6, s6
core   0: 0 0x80007844 (0x016fc833) x16 0x80025cee
core   0: 0x80007848 (0x019569b3) or      s3, a0, s9
core   0: 0 0x80007848 (0x019569b3) x19 0x00000001
core   0: 0x8000784c (0x01071a33) sll     s4, a4, a6
core   0: 0 0x8000784c (0x01071a33) x20 0x00000000
core   0: 0x80007850 (0x0ff0000f) fence   iorw,iorw
core   0: 0 0x80007850 (0x0ff0000f)
core   0: 0x80007854 (0x00008831) c.andi  s0, 12
core   0: 0 0x80007854 (0x8831) x8  0x0000000c
core   0: 0x80007856 (0x00008f65) c.and   a4, s1
core   0: 0 0x80007856 (0x8f65) x14 0x00000000
core   0: 0x80007858 (0x01ac7363) bgeu    s8, s10, pc + 6
core   0: 0 0x80007858 (0x01ac7363)
core   0: 0x8000785c (0x000040e1) c.li    ra, 24
core   0: 0 0x8000785c (0x40e1) x1  0x00000018
core   0: 0x8000785e (0x00000001) c.nop
core   0: 0 0x8000785e (0x0001)
core   0: 0x80007860 (0x034aa633) mulhsu  a2, s5, s4
core   0: 0 0x80007860 (0x034aa633) x12 0x00000000
core   0: 0x80007864 (0x0083f4b3) and     s1, t2, s0
core   0: 0 0x80007864 (0x0083f4b3) x9  0x00000000
core   0: 0x80007868 (0x0000cd05) c.beqz  a0, pc + 56
core   0: 0 0x80007868 (0xcd05)
core   0: 0x800078a0 (0x019dc933) xor     s2, s11, s9
core   0: 0 0x800078a0 (0x019dc933) x18 0x00000001
core   0: 0x800078a4 (0x0208aa33) mulhsu  s4, a7, zero
core   0: 0 0x800078a4 (0x0208aa33) x20 0x00000000
core   0: 0x800078a8 (0x0ff0000f) fence   iorw,iorw
core   0: 0 0x800078a8 (0x0ff0000f)
core   0: 0x800078ac (0x036edb63) bge     t4, s6, pc + 54
core   0: 0 0x800078ac (0x036edb63)
core   0: 0x800078b0 (0x00000001) c.nop
core   0: 0 0x800078b0 (0x0001)
core   0: 0x800078b2 (0x01ae2bb3) slt     s7, t3, s10
core   0: 0 0x800078b2 (0x01ae2bb3) x23 0x00000000
core   0: 0x800078b6 (0x00008c49) c.or    s0, a0
core   0: 0 0x800078b6 (0x8c49) x8  0x0000000c
core   0: 0x800078b8 (0x00008c1d) c.sub   s0, a5
core   0: 0 0x800078b8 (0x8c1d) x8  0xfffc000d
core   0: 0x800078ba (0x030a8763) beq     s5, a6, pc + 46
core   0: 0 0x800078ba (0x030a8763)
core   0: 0x800078be (0x03a50563) beq     a0, s10, pc + 42
core   0: 0 0x800078be (0x03a50563)
core   0: 0x800078c2 (0x00000001) c.nop
core   0: 0 0x800078c2 (0x0001)
core   0: 0x800078c4 (0x00215d33) srl     s10, sp, sp
core   0: 0 0x800078c4 (0x00215d33) x26 0x00007ffe
core   0: 0x800078c8 (0x13402e93) slti    t4, zero, 308
core   0: 0 0x800078c8 (0x13402e93) x29 0x00000001
core   0: 0x800078cc (0x0025b9b3) sltu    s3, a1, sp
core   0: 0 0x800078cc (0x0025b9b3) x19 0x00000001
core   0: 0x800078d0 (0x03bc8533) mul     a0, s9, s11
core   0: 0 0x800078d0 (0x03bc8533) x10 0x00000000
core   0: 0x800078d4 (0x00006135) c.addi16sp sp, 352
core   0: 0 0x800078d4 (0x6135) x2  0xfffe0131
core   0: 0x800078d6 (0x03ecdcb3) divu    s9, s9, t5
core   0: 0 0x800078d6 (0x03ecdcb3) x25 0xffffffff
core   0: 0x800078da (0x02518d63) beq     gp, t0, pc + 58
core   0: 0 0x800078da (0x02518d63)
core   0: 0x800078de (0x0000845a) c.mv    s0, s6
core   0: 0 0x800078de (0x845a) x8  0x0000000a
core   0: 0x800078e0 (0x0000950a) c.add   a0, sp
core   0: 0 0x800078e0 (0x950a) x10 0xfffe0131
core   0: 0x800078e2 (0x00009bfd) c.andi  a5, -1
core   0: 0 0x800078e2 (0x9bfd) x15 0x0003ffff
core   0: 0x800078e4 (0xb4ead537) lui     a0, 0xb4ead
core   0: 0 0x800078e4 (0xb4ead537) x10 0xb4ead000
core   0: 0x800078e8 (0x02970b33) mul     s6, a4, s1
core   0: 0 0x800078e8 (0x02970b33) x22 0x00000000
core   0: 0x800078ec (0x032081b3) mul     gp, ra, s2
core   0: 0 0x800078ec (0x032081b3) x3  0x00000018
core   0: 0x800078f0 (0x0000c791) c.beqz  a5, pc + 12
core   0: 0 0x800078f0 (0xc791)
core   0: 0x800078f2 (0x00000001) c.nop
core   0: 0 0x800078f2 (0x0001)
core   0: 0x800078f4 (0x025ad263) bge     s5, t0, pc + 36
core   0: 0 0x800078f4 (0x025ad263)
core   0: 0x80007918 (0x000063fd) c.lui   t2, 0x1f
core   0: 0 0x80007918 (0x63fd) x7  0x0001f000
core   0: 0x8000791a (0x542a0a37) lui     s4, 0x542a0
core   0: 0 0x8000791a (0x542a0a37) x20 0x542a0000
core   0: 0x8000791e (0x01d79733) sll     a4, a5, t4
core   0: 0 0x8000791e (0x01d79733) x14 0x0007fffe
core   0: 0x80007922 (0x02cb7663) bgeu    s6, a2, pc + 44
core   0: 0 0x80007922 (0x02cb7663)
core   0: 0x8000794e (0xb27cec13) ori     s8, s9, -1241
core   0: 0 0x8000794e (0xb27cec13) x24 0xffffffff
core   0: 0x80007952 (0x00008d41) c.or    a0, s0
core   0: 0 0x80007952 (0x8d41) x10 0xb4ead00a
core   0: 0x80007954 (0x01fa0863) beq     s4, t6, pc + 16
core   0: 0 0x80007954 (0x01fa0863)
core   0: 0x80007958 (0x53e78a17) auipc   s4, 0x53e78
core   0: 0 0x80007958 (0x53e78a17) x20 0xd3e7f958
core   0: 0x8000795c (0x000012fd) c.addi  t0, -1
core   0: 0 0x8000795c (0x12fd) x5  0xffffffff
core   0: 0x8000795e (0x00689413) slli    s0, a7, 6
core   0: 0 0x8000795e (0x00689413) x8  0xffffff80
core   0: 0x80007962 (0x00008976) c.mv    s2, t4
core   0: 0 0x80007962 (0x8976) x18 0x00000001
core   0: 0x80007964 (0x007ae633) or      a2, s5, t2
core   0: 0 0x80007964 (0x007ae633) x12 0x0001f001
core   0: 0x80007968 (0x03bc9b33) mulh    s6, s9, s11
core   0: 0 0x80007968 (0x03bc9b33) x22 0x00000000
core   0: 0x8000796c (0x00006a05) c.lui   s4, 0x1
core   0: 0 0x8000796c (0x6a05) x20 0x00001000
core   0: 0x8000796e (0x4ba6e413) ori     s0, a3, 1210
core   0: 0 0x8000796e (0x4ba6e413) x8  0xb2fe3cbe
core   0: 0x80007972 (0x00000001) c.nop
core   0: 0 0x80007972 (0x0001)
core   0: 0x80007974 (0x000090f6) c.add   ra, t4
core   0: 0 0x80007974 (0x90f6) x1  0x00000019
core   0: 0x80007976 (0x00fc9113) slli    sp, s9, 15
core   0: 0 0x80007976 (0x00fc9113) x2  0xffff8000
core   0: 0x8000797a (0x0163d963) bge     t2, s6, pc + 18
core   0: 0 0x8000797a (0x0163d963)
core   0: 0x8000798c (0x039ec033) div     zero, t4, s9
core   0: 0 0x8000798c (0x039ec033)
core   0: 0x80007990 (0x40ea5e33) sra     t3, s4, a4
core   0: 0 0x80007990 (0x40ea5e33) x28 0x00000000
core   0: 0x80007994 (0x00008d79) c.and   a0, a4
core   0: 0 0x80007994 (0x8d79) x10 0x0002d00a
core   0: 0x80007996 (0x020cd133) divu    sp, s9, zero
core   0: 0 0x80007996 (0x020cd133) x2  0xffffffff
core   0: 0x8000799a (0x41b5f913) andi    s2, a1, 1051
core   0: 0 0x8000799a (0x41b5f913) x18 0x00000400
core   0: 0x8000799e (0x03dc0833) mul     a6, s8, t4
core   0: 0 0x8000799e (0x03dc0833) x16 0xffffffff
core   0: 0x800079a2 (0x00008a59) c.andi  a2, 22
core   0: 0 0x800079a2 (0x8a59) x12 0x00000000
core   0: 0x800079a4 (0x3457e293) ori     t0, a5, 837
core   0: 0 0x800079a4 (0x3457e293) x5  0x0003ffff
core   0: 0x800079a8 (0x00e45713) srli    a4, s0, 14
core   0: 0 0x800079a8 (0x00e45713) x14 0x0002cbf8
core   0: 0x800079ac (0x01506f33) or      t5, zero, s5
core   0: 0 0x800079ac (0x01506f33) x30 0x00000001
core   0: 0x800079b0 (0x00008685) c.srai  a3, 1
core   0: 0 0x800079b0 (0x8685) x13 0xd97f1c52
core   0: 0x800079b2 (0x00008cf5) c.and   s1, a3
core   0: 0 0x800079b2 (0x8cf5) x9  0x00000000
core   0: 0x800079b4 (0x40e05d33) sra     s10, zero, a4
core   0: 0 0x800079b4 (0x40e05d33) x26 0x00000000
core   0: 0x800079b8 (0x0ff0000f) fence   iorw,iorw
core   0: 0 0x800079b8 (0x0ff0000f)
core   0: 0x800079bc (0x0000197d) c.addi  s2, -1
core   0: 0 0x800079bc (0x197d) x18 0x000003ff
core   0: 0x800079be (0x0ff0000f) fence   iorw,iorw
core   0: 0 0x800079be (0x0ff0000f)
core   0: 0x800079c2 (0x02e3c3b3) div     t2, t2, a4
core   0: 0 0x800079c2 (0x02e3c3b3) x7  0x00000000
core   0: 0x800079c6 (0x000004e9) c.addi  s1, 26
core   0: 0 0x800079c6 (0x04e9) x9  0x0000001a
core   0: 0x800079c8 (0x00008b6d) c.andi  a4, 27
core   0: 0 0x800079c8 (0x8b6d) x14 0x00000018
core   0: 0x800079ca (0x0000100f) fence.i
core   0: 0 0x800079ca (0x0000100f)
core   0: 0x800079ce (0x150c8613) addi    a2, s9, 336
core   0: 0 0x800079ce (0x150c8613) x12 0x0000014f
core   0: 0x800079d2 (0x6a3bb713) sltiu   a4, s7, 1699
core   0: 0 0x800079d2 (0x6a3bb713) x14 0x00000001
core   0: 0x800079d6 (0x00008c99) c.sub   s1, a4
core   0: 0 0x800079d6 (0x8c99) x9  0x00000019
core   0: 0x800079d8 (0x2a5de613) ori     a2, s11, 677
core   0: 0 0x800079d8 (0x2a5de613) x12 0x000002a5
core   0: 0x800079dc (0x02794833) div     a6, s2, t2
core   0: 0 0x800079dc (0x02794833) x16 0xffffffff
core   0: 0x800079e0 (0x00483f33) sltu    t5, a6, tp
core   0: 0 0x800079e0 (0x00483f33) x30 0x00000000
core   0: 0x800079e4 (0x01d4c6b3) xor     a3, s1, t4
core   0: 0 0x800079e4 (0x01d4c6b3) x13 0x00000018
core   0: 0x800079e8 (0x00008c71) c.and   s0, a2
core   0: 0 0x800079e8 (0x8c71) x8  0x000000a4
core   0: 0x800079ea (0x00000001) c.nop
core   0: 0 0x800079ea (0x0001)
core   0: 0x800079ec (0x000017fd) c.addi  a5, -1
core   0: 0 0x800079ec (0x17fd) x15 0x0003fffe
core   0: 0x800079ee (0x00008b75) c.andi  a4, 29
core   0: 0 0x800079ee (0x8b75) x14 0x00000001
core   0: 0x800079f0 (0x00f29d63) bne     t0, a5, pc + 26
core   0: 0 0x800079f0 (0x00f29d63)
core   0: 0x80007a0a (0x0000100f) fence.i
core   0: 0 0x80007a0a (0x0000100f)
core   0: 0x80007a0e (0x015bea33) or      s4, s7, s5
core   0: 0 0x80007a0e (0x015bea33) x20 0x00000001
core   0: 0x80007a12 (0xfc75ed13) ori     s10, a1, -57
core   0: 0 0x80007a12 (0xfc75ed13) x26 0xffffffe7
core   0: 0x80007a16 (0x00c3acb3) slt     s9, t2, a2
core   0: 0 0x80007a16 (0x00c3acb3) x25 0x00000001
core   0: 0x80007a1a (0x0ff0000f) fence   iorw,iorw
core   0: 0 0x80007a1a (0x0ff0000f)
core   0: 0x80007a1e (0x00c57f33) and     t5, a0, a2
core   0: 0 0x80007a1e (0x00c57f33) x30 0x00000000
core   0: 0x80007a22 (0x00000001) c.nop
core   0: 0 0x80007a22 (0x0001)
core   0: 0x80007a24 (0x41a75cb3) sra     s9, a4, s10
core   0: 0 0x80007a24 (0x41a75cb3) x25 0x00000000
core   0: 0x80007a28 (0x00000001) c.nop
core   0: 0 0x80007a28 (0x0001)
core   0: 0x80007a2a (0x30b63c13) sltiu   s8, a2, 779
core   0: 0 0x80007a2a (0x30b63c13) x24 0x00000001
core   0: 0x80007a2e (0x02fb6933) rem     s2, s6, a5
core   0: 0 0x80007a2e (0x02fb6933) x18 0x00000000
core   0: 0x80007a32 (0x0000832d) c.srli  a4, 11
core   0: 0 0x80007a32 (0x832d) x14 0x00000000
core   0: 0x80007a34 (0x00005a7d) c.li    s4, -1
core   0: 0 0x80007a34 (0x5a7d) x20 0xffffffff
core   0: 0x80007a36 (0x03b49b63) bne     s1, s11, pc + 54
core   0: 0 0x80007a36 (0x03b49b63)
core   0: 0x80007a6c (0x00000b88) c.addi4spn a0, sp, 464
core   0: 0 0x80007a6c (0x0b88) x10 0x000001cf
core   0: 0x80007a6e (0x93a39b97) auipc   s7, 0x93a39
core   0: 0 0x80007a6e (0x93a39b97) x23 0x13a40a6e
core   0: 0x80007a72 (0x0214bb33) mulhu   s6, s1, ra
core   0: 0 0x80007a72 (0x0214bb33) x22 0x00000000
core   0: 0x80007a76 (0x020a5663) bgez    s4, pc + 44
core   0: 0 0x80007a76 (0x020a5663)
core   0: 0x80007a7a (0xb69d4513) xori    a0, s10, -1175
core   0: 0 0x80007a7a (0xb69d4513) x10 0x0000048e
core   0: 0x80007a7e (0x034b6f63) bltu    s6, s4, pc + 62
core   0: 0 0x80007a7e (0x034b6f63)
core   0: 0x80007abc (0x02abfa33) remu    s4, s7, a0
core   0: 0 0x80007abc (0x02abfa33) x20 0x000000f8
core   0: 0x80007ac0 (0x0000c291) c.beqz  a3, pc + 4
core   0: 0 0x80007ac0 (0xc291)
core   0: 0x80007ac2 (0x00000001) c.nop
core   0: 0 0x80007ac2 (0x0001)
core   0: 0x80007ac4 (0x018fe0b3) or      ra, t6, s8
core   0: 0 0x80007ac4 (0x018fe0b3) x1  0x80025ce5
core   0: 0x80007ac8 (0x0000ea19) c.bnez  a2, pc + 22
core   0: 0 0x80007ac8 (0xea19)
core   0: 0x80007ade (0x027c8633) mul     a2, s9, t2
core   0: 0 0x80007ade (0x027c8633) x12 0x00000000
core   0: 0x80007ae2 (0xc7da7813) andi    a6, s4, -899
core   0: 0 0x80007ae2 (0xc7da7813) x16 0x00000078
core   0: 0x80007ae6 (0x000082a5) c.srli  a3, 9
core   0: 0 0x80007ae6 (0x82a5) x13 0x00000000
core   0: 0x80007ae8 (0x00001f94) c.addi4spn a3, sp, 1008
core   0: 0 0x80007ae8 (0x1f94) x13 0x000003ef
core   0: 0x80007aea (0x00008fd9) c.or    a5, a4
core   0: 0 0x80007aea (0x8fd9) x15 0x0003fffe
core   0: 0x80007aec (0x02678163) beq     a5, t1, pc + 34
core   0: 0 0x80007aec (0x02678163)
core   0: 0x80007af0 (0x016cdd13) srli    s10, s9, 22
core   0: 0 0x80007af0 (0x016cdd13) x26 0x00000000
core   0: 0x80007af4 (0x022ef463) bgeu    t4, sp, pc + 40
core   0: 0 0x80007af4 (0x022ef463)
core   0: 0x80007af8 (0x00185093) srli    ra, a6, 1
core   0: 0 0x80007af8 (0x00185093) x1  0x0000003c
core   0: 0x80007afc (0x02946263) bltu    s0, s1, pc + 36
core   0: 0 0x80007afc (0x02946263)
core   0: 0x80007b00 (0x0000855d) c.srai  a0, 23
core   0: 0 0x80007b00 (0x855d) x10 0x00000000
core   0: 0x80007b02 (0xdcea4e13) xori    t3, s4, -562
core   0: 0 0x80007b02 (0xdcea4e13) x28 0xfffffd36
core   0: 0x80007b06 (0x012e5013) srli    zero, t3, 18
core   0: 0 0x80007b06 (0x012e5013)
core   0: 0x80007b0a (0x034af233) remu    tp, s5, s4
core   0: 0 0x80007b0a (0x034af233) x4  0x00000001
core   0: 0x80007b0e (0x00000255) c.addi  tp, 21
core   0: 0 0x80007b0e (0x0255) x4  0x00000016
core   0: 0x80007b10 (0xd8e92a13) slti    s4, s2, -626
core   0: 0 0x80007b10 (0xd8e92a13) x20 0x00000000
core   0: 0x80007b14 (0x40c98633) sub     a2, s3, a2
core   0: 0 0x80007b14 (0x40c98633) x12 0x00000001
core   0: 0x80007b18 (0x9f764493) xori    s1, a2, -1545
core   0: 0 0x80007b18 (0x9f764493) x9  0xfffff9f6
core   0: 0x80007b1c (0x029e0033) mul     zero, t3, s1
core   0: 0 0x80007b1c (0x029e0033)
core   0: 0x80007b20 (0x03dee463) bltu    t4, t4, pc + 40
core   0: 0 0x80007b20 (0x03dee463)
core   0: 0x80007b24 (0x0000c299) c.beqz  a3, pc + 6
core   0: 0 0x80007b24 (0xc299)
core   0: 0x80007b26 (0x023532b3) mulhu   t0, a0, gp
core   0: 0 0x80007b26 (0x023532b3) x5  0x00000000
core   0: 0x80007b2a (0x00008369) c.srli  a4, 26
core   0: 0 0x80007b2a (0x8369) x14 0x00000000
core   0: 0x80007b2c (0x00009b7d) c.andi  a4, -1
core   0: 0 0x80007b2c (0x9b7d) x14 0x00000000
core   0: 0x80007b2e (0x003690b3) sll     ra, a3, gp
core   0: 0 0x80007b2e (0x003690b3) x1  0xef000000
core   0: 0x80007b32 (0x01657933) and     s2, a0, s6
core   0: 0 0x80007b32 (0x01657933) x18 0x00000000
core   0: 0x80007b36 (0x74027e13) andi    t3, tp, 1856
core   0: 0 0x80007b36 (0x74027e13) x28 0x00000000
core   0: 0x80007b3a (0x4032de33) sra     t3, t0, gp
core   0: 0 0x80007b3a (0x4032de33) x28 0x00000000
core   0: 0x80007b3e (0x0000100f) fence.i
core   0: 0 0x80007b3e (0x0000100f)
core   0: 0x80007b42 (0x00000001) c.nop
core   0: 0 0x80007b42 (0x0001)
core   0: 0x80007b44 (0x00000001) c.nop
core   0: 0 0x80007b44 (0x0001)
core   0: 0x80007b46 (0x0000ce09) c.beqz  a2, pc + 26
core   0: 0 0x80007b46 (0xce09)
core   0: 0x80007b48 (0x0000ec0d) c.bnez  s0, pc + 58
core   0: 0 0x80007b48 (0xec0d)
core   0: 0x80007b82 (0x0ff0000f) fence   iorw,iorw
core   0: 0 0x80007b82 (0x0ff0000f)
core   0: 0x80007b86 (0x0cef2693) slti    a3, t5, 206
core   0: 0 0x80007b86 (0x0cef2693) x13 0x00000001
core   0: 0x80007b8a (0x00000001) c.nop
core   0: 0 0x80007b8a (0x0001)
core   0: 0x80007b8c (0xa016c893) xori    a7, a3, -1535
core   0: 0 0x80007b8c (0xa016c893) x17 0xfffffa00
core   0: 0x80007b90 (0x00006f51) c.lui   t5, 0x14
core   0: 0 0x80007b90 (0x6f51) x30 0x00014000
core   0: 0x80007b92 (0x01c13433) sltu    s0, sp, t3
core   0: 0 0x80007b92 (0x01c13433) x8  0x00000000
core   0: 0x80007b96 (0x02344a63) blt     s0, gp, pc + 52
core   0: 0 0x80007b96 (0x02344a63)
core   0: 0x80007bca (0x02f68763) beq     a3, a5, pc + 46
core   0: 0 0x80007bca (0x02f68763)
core   0: 0x80007bce (0xf52f2837) lui     a6, 0xf52f2
core   0: 0 0x80007bce (0xf52f2837) x16 0xf52f2000
core   0: 0x80007bd2 (0x0000c80d) c.beqz  s0, pc + 50
core   0: 0 0x80007bd2 (0xc80d)
core   0: 0x80007c04 (0x41060c33) sub     s8, a2, a6
core   0: 0 0x80007c04 (0x41060c33) x24 0x0ad0e001
core   0: 0x80007c08 (0x0000717d) c.addi16sp sp, -16
core   0: 0 0x80007c08 (0x717d) x2  0xffffffef
core   0: 0x80007c0a (0x02f3e2b3) rem     t0, t2, a5
core   0: 0 0x80007c0a (0x02f3e2b3) x5  0x00000000
core   0: 0x80007c0e (0x00008a01) c.andi  a2, 0
core   0: 0 0x80007c0e (0x8a01) x12 0x00000000
core   0: 0x80007c10 (0x03d52d33) mulhsu  s10, a0, t4
core   0: 0 0x80007c10 (0x03d52d33) x26 0x00000000
core   0: 0x80007c14 (0x028b1b63) bne     s6, s0, pc + 54
core   0: 0 0x80007c14 (0x028b1b63)
core   0: 0x80007c18 (0x021f6e63) bltu    t5, ra, pc + 60
core   0: 0 0x80007c18 (0x021f6e63)
core   0: 0x80007c54 (0x0024ab33) slt     s6, s1, sp
core   0: 0 0x80007c54 (0x0024ab33) x22 0x00000001
core   0: 0x80007c58 (0x315f0513) addi    a0, t5, 789
core   0: 0 0x80007c58 (0x315f0513) x10 0x00014315
core   0: 0x80007c5c (0x00008e0d) c.sub   a2, a1
core   0: 0 0x80007c5c (0x8e0d) x12 0x7ffde1e0
core   0: 0x80007c5e (0x00000ebd) c.addi  t4, 15
core   0: 0 0x80007c5e (0x0ebd) x29 0x00000010
core   0: 0x80007c60 (0x0ff0000f) fence   iorw,iorw
core   0: 0 0x80007c60 (0x0ff0000f)
core   0: 0x80007c64 (0x00008206) c.mv    tp, ra
core   0: 0 0x80007c64 (0x8206) x4  0xef000000
core   0: 0x80007c66 (0x02883b33) mulhu   s6, a6, s0
core   0: 0 0x80007c66 (0x02883b33) x22 0x00000000
core   0: 0x80007c6a (0x0000c31d) c.beqz  a4, pc + 38
core   0: 0 0x80007c6a (0xc31d)
core   0: 0x80007c90 (0x0000827d) c.srli  a2, 31
core   0: 0 0x80007c90 (0x827d) x12 0x00000000
core   0: 0x80007c92 (0x00008c89) c.sub   s1, a0
core   0: 0 0x80007c92 (0x8c89) x9  0xfffeb6e1
core   0: 0x80007c94 (0xf9592b13) slti    s6, s2, -107
core   0: 0 0x80007c94 (0xf9592b13) x22 0x00000000
core   0: 0x80007c98 (0x00000001) c.nop
core   0: 0 0x80007c98 (0x0001)
core   0: 0x80007c9a (0x00000d39) c.addi  s10, 14
core   0: 0 0x80007c9a (0x0d39) x26 0x0000000e
core   0: 0x80007c9c (0x40415a33) sra     s4, sp, tp
core   0: 0 0x80007c9c (0x40415a33) x20 0xffffffef
core   0: 0x80007ca0 (0x00008f21) c.xor   a4, s0
core   0: 0 0x80007ca0 (0x8f21) x14 0x00000000
core   0: 0x80007ca2 (0x03202833) mulhsu  a6, zero, s2
core   0: 0 0x80007ca2 (0x03202833) x16 0x00000000
core   0: 0x80007ca6 (0x00008e85) c.sub   a3, s1
core   0: 0 0x80007ca6 (0x8e85) x13 0x00014920
core   0: 0x80007ca8 (0x00008ea1) c.xor   a3, s0
core   0: 0 0x80007ca8 (0x8ea1) x13 0x00014920
core   0: 0x80007caa (0x00001404) c.addi4spn s1, sp, 544
core   0: 0 0x80007caa (0x1404) x9  0x0000020f
core   0: 0x80007cac (0x02a71b33) mulh    s6, a4, a0
core   0: 0 0x80007cac (0x02a71b33) x22 0x00000000
core   0: 0x80007cb0 (0x00000001) c.nop
core   0: 0 0x80007cb0 (0x0001)
core   0: 0x80007cb2 (0x0302cbb3) div     s7, t0, a6
core   0: 0 0x80007cb2 (0x0302cbb3) x23 0xffffffff
core   0: 0x80007cb6 (0x00008275) c.srli  a2, 29
core   0: 0 0x80007cb6 (0x8275) x12 0x00000000
core   0: 0x80007cb8 (0x013ce363) bltu    s9, s3, pc + 6
core   0: 0 0x80007cb8 (0x013ce363)
core   0: 0x80007cbe (0x03c73ab3) mulhu   s5, a4, t3
core   0: 0 0x80007cbe (0x03c73ab3) x21 0x00000000
core   0: 0x80007cc2 (0x416b0633) sub     a2, s6, s6
core   0: 0 0x80007cc2 (0x416b0633) x12 0x00000000
core   0: 0x80007cc6 (0x00009afd) c.andi  a3, -1
core   0: 0 0x80007cc6 (0x9afd) x13 0x00014920
core   0: 0x80007cc8 (0x01344d33) xor     s10, s0, s3
core   0: 0 0x80007cc8 (0x01344d33) x26 0x00000001
core   0: 0x80007ccc (0x05096163) bltu    s2, a6, pc + 66
core   0: 0 0x80007ccc (0x05096163)
core   0: 0x80007cd0 (0x006147b3) xor     a5, sp, t1
core   0: 0 0x80007cd0 (0x006147b3) x15 0xffffffef
core   0: 0x80007cd4 (0x00469833) sll     a6, a3, tp
core   0: 0 0x80007cd4 (0x00469833) x16 0x00014920
core   0: 0x80007cd8 (0x00008f19) c.sub   a4, a4
core   0: 0 0x80007cd8 (0x8f19) x14 0x00000000
core   0: 0x80007cda (0x017537b3) sltu    a5, a0, s7
core   0: 0 0x80007cda (0x017537b3) x15 0x00000001
core   0: 0x80007cde (0x00f86f33) or      t5, a6, a5
core   0: 0 0x80007cde (0x00f86f33) x30 0x00014921
core   0: 0x80007ce2 (0x00009db6) c.add   s11, a3
core   0: 0 0x80007ce2 (0x9db6) x27 0x00014920
core   0: 0x80007ce4 (0x024510b3) mulh    ra, a0, tp
core   0: 0 0x80007ce4 (0x024510b3) x1  0xffffea8b
core   0: 0x80007ce8 (0x00008c09) c.sub   s0, a0
core   0: 0 0x80007ce8 (0x8c09) x8  0xfffebceb
core   0: 0x80007cea (0x0000100f) fence.i
core   0: 0 0x80007cea (0x0000100f)
core   0: 0x80007cee (0x000009da) c.slli  s3, 22
core   0: 0 0x80007cee (0x09da) x19 0x00400000
core   0: 0x80007cf0 (0x018f0863) beq     t5, s8, pc + 16
core   0: 0 0x80007cf0 (0x018f0863)
core   0: 0x80007cf4 (0x0000567d) c.li    a2, -1
core   0: 0 0x80007cf4 (0x567d) x12 0xffffffff
core   0: 0x80007cf6 (0x00008fe9) c.and   a5, a0
core   0: 0 0x80007cf6 (0x8fe9) x15 0x00000001
core   0: 0x80007cf8 (0x03079e63) bne     a5, a6, pc + 60
core   0: 0 0x80007cf8 (0x03079e63)
core   0: 0x80007d34 (0x03ed7433) remu    s0, s10, t5
core   0: 0 0x80007d34 (0x03ed7433) x8  0x00000001
core   0: 0x80007d38 (0x0209d833) divu    a6, s3, zero
core   0: 0 0x80007d38 (0x0209d833) x16 0xffffffff
core   0: 0x80007d3c (0x00008395) c.srli  a5, 5
core   0: 0 0x80007d3c (0x8395) x15 0x00000000
core   0: 0x80007d3e (0x000090b2) c.add   ra, a2
core   0: 0 0x80007d3e (0x90b2) x1  0xffffea8a
core   0: 0x80007d40 (0x03b30033) mul     zero, t1, s11
core   0: 0 0x80007d40 (0x03b30033)
core   0: 0x80007d44 (0x00009eda) c.add   t4, s6
core   0: 0 0x80007d44 (0x9eda) x29 0x00000010
core   0: 0x80007d46 (0x400c5d93) srai    s11, s8, 0
core   0: 0 0x80007d46 (0x400c5d93) x27 0x0ad0e001
core   0: 0x80007d4a (0x00000c14) c.addi4spn a3, sp, 528
core   0: 0 0x80007d4a (0x0c14) x13 0x000001ff
core   0: 0x80007d4c (0x82b59237) lui     tp, 0x82b59
core   0: 0 0x80007d4c (0x82b59237) x4  0x82b59000
core   0: 0x80007d50 (0x00000f72) c.slli  t5, 28
core   0: 0 0x80007d50 (0x0f72) x30 0x10000000
core   0: 0x80007d52 (0x00b70d33) add     s10, a4, a1
core   0: 0 0x80007d52 (0x00b70d33) x26 0x80021e20
core   0: 0x80007d56 (0x0389f4b3) remu    s1, s3, s8
core   0: 0 0x80007d56 (0x0389f4b3) x9  0x00400000
core   0: 0x80007d5a (0x016e1d33) sll     s10, t3, s6
core   0: 0 0x80007d5a (0x016e1d33) x26 0x00000000
core   0: 0x80007d5e (0x0000682d) c.lui   a6, 0xb
core   0: 0 0x80007d5e (0x682d) x16 0x0000b000
core   0: 0x80007d60 (0x418cd113) srai    sp, s9, 24
core   0: 0 0x80007d60 (0x418cd113) x2  0x00000000
core   0: 0x80007d64 (0x00009712) c.add   a4, tp
core   0: 0 0x80007d64 (0x9712) x14 0x82b59000
core   0: 0x80007d66 (0x00835813) srli    a6, t1, 8
core   0: 0 0x80007d66 (0x00835813) x16 0x00000000
core   0: 0x80007d6a (0x00000a2e) c.slli  s4, 11
core   0: 0 0x80007d6a (0x0a2e) x20 0xffff7800
core   0: 0x80007d6c (0x01084433) xor     s0, a6, a6
core   0: 0 0x80007d6c (0x01084433) x8  0x00000000
core   0: 0x80007d70 (0x03a12a33) mulhsu  s4, sp, s10
core   0: 0 0x80007d70 (0x03a12a33) x20 0x00000000
core   0: 0x80007d74 (0x007dba33) sltu    s4, s11, t2
core   0: 0 0x80007d74 (0x007dba33) x20 0x00000000
core   0: 0x80007d78 (0x00008d41) c.or    a0, s0
core   0: 0 0x80007d78 (0x8d41) x10 0x00014315
core   0: 0x80007d7a (0x00008e85) c.sub   a3, s1
core   0: 0 0x80007d7a (0x8e85) x13 0xffc001ff
core   0: 0x80007d7c (0x41a30933) sub     s2, t1, s10
core   0: 0 0x80007d7c (0x41a30933) x18 0x00000000
core   0: 0x80007d80 (0x000083be) c.mv    t2, a5
core   0: 0 0x80007d80 (0x83be) x7  0x00000000
core   0: 0x80007d82 (0x0000587d) c.li    a6, -1
core   0: 0 0x80007d82 (0x587d) x16 0xffffffff
core   0: 0x80007d84 (0xd3620b13) addi    s6, tp, -714
core   0: 0 0x80007d84 (0xd3620b13) x22 0x82b58d36
core   0: 0x80007d88 (0x01a518b3) sll     a7, a0, s10
core   0: 0 0x80007d88 (0x01a518b3) x17 0x00014315
core   0: 0x80007d8c (0x47045717) auipc   a4, 0x47045
core   0: 0 0x80007d8c (0x47045717) x14 0xc704cd8c
core   0: 0x80007d90 (0x00d92633) slt     a2, s2, a3
core   0: 0 0x80007d90 (0x00d92633) x12 0x00000000
core   0: 0x80007d94 (0x00009a7d) c.andi  a2, -1
core   0: 0 0x80007d94 (0x9a7d) x12 0x00000000
core   0: 0x80007d96 (0x000080d9) c.srli  s1, 22
core   0: 0 0x80007d96 (0x80d9) x9  0x00000001
core   0: 0x80007d98 (0x00008cbd) c.xor   s1, a5
core   0: 0 0x80007d98 (0x8cbd) x9  0x00000001
core   0: 0x80007d9a (0x01d3ed33) or      s10, t2, t4
core   0: 0 0x80007d9a (0x01d3ed33) x26 0x00000010
core   0: 0x80007d9e (0x028124b3) mulhsu  s1, sp, s0
core   0: 0 0x80007d9e (0x028124b3) x9  0x00000000
core   0: 0x80007da2 (0x00008fb9) c.xor   a5, a4
core   0: 0 0x80007da2 (0x8fb9) x15 0xc704cd8c
core   0: 0x80007da4 (0x40f95b13) srai    s6, s2, 15
core   0: 0 0x80007da4 (0x40f95b13) x22 0x00000000
core   0: 0x80007da8 (0x000009ea) c.slli  s3, 26
core   0: 0 0x80007da8 (0x09ea) x19 0x00000000
core   0: 0x80007daa (0x0000808e) c.mv    ra, gp
core   0: 0 0x80007daa (0x808e) x1  0x00000018
core   0: 0x80007dac (0x00bd1f13) slli    t5, s10, 11
core   0: 0 0x80007dac (0x00bd1f13) x30 0x00008000
core   0: 0x80007db0 (0x0ff0000f) fence   iorw,iorw
core   0: 0 0x80007db0 (0x0ff0000f)
core   0: 0x80007db4 (0x00000001) c.nop
core   0: 0 0x80007db4 (0x0001)
core   0: 0x80007db6 (0x01585293) srli    t0, a6, 21
core   0: 0 0x80007db6 (0x01585293) x5  0x000007ff
core   0: 0x80007dba (0x00008f49) c.or    a4, a0
core   0: 0 0x80007dba (0x8f49) x14 0xc705cf9d
core   0: 0x80007dbc (0xde9b3d13) sltiu   s10, s6, -535
core   0: 0 0x80007dbc (0xde9b3d13) x26 0x00000001
core   0: 0x80007dc0 (0x03edf9b3) remu    s3, s11, t5
core   0: 0 0x80007dc0 (0x03edf9b3) x19 0x00006001
core   0: 0x80007dc4 (0x00000001) c.nop
core   0: 0 0x80007dc4 (0x0001)
core   0: 0x80007dc6 (0x00006219) c.lui   tp, 0x6
core   0: 0 0x80007dc6 (0x6219) x4  0x00006000
core   0: 0x80007dc8 (0x00000288) c.addi4spn a0, sp, 320
core   0: 0 0x80007dc8 (0x0288) x10 0x00000140
core   0: 0x80007dca (0x97243213) sltiu   tp, s0, -1678
core   0: 0 0x80007dca (0x97243213) x4  0x00000001
core   0: 0x80007dce (0x0000100f) fence.i
core   0: 0 0x80007dce (0x0000100f)
core   0: 0x80007dd2 (0x0ff0000f) fence   iorw,iorw
core   0: 0 0x80007dd2 (0x0ff0000f)
core   0: 0x80007dd6 (0x03555363) bge     a0, s5, pc + 38
core   0: 0 0x80007dd6 (0x03555363)
core   0: 0x80007dfc (0x000098da) c.add   a7, s6
core   0: 0 0x80007dfc (0x98da) x17 0x00014315
core   0: 0x80007dfe (0x01e65c93) srli    s9, a2, 30
core   0: 0 0x80007dfe (0x01e65c93) x25 0x00000000
core   0: 0x80007e02 (0x00436eb3) or      t4, t1, tp
core   0: 0 0x80007e02 (0x00436eb3) x29 0x00000001
core   0: 0x80007e06 (0x0127f763) bgeu    a5, s2, pc + 14
core   0: 0 0x80007e06 (0x0127f763)
core   0: 0x80007e14 (0x0000ef05) c.bnez  a4, pc + 56
core   0: 0 0x80007e14 (0xef05)
core   0: 0x80007e4c (0x004c1233) sll     tp, s8, tp
core   0: 0 0x80007e4c (0x004c1233) x4  0x15a1c002
core   0: 0x80007e50 (0x022ee963) bltu    t4, sp, pc + 50
core   0: 0 0x80007e50 (0x022ee963)
core   0: 0x80007e54 (0x031bf3b3) remu    t2, s7, a7
core   0: 0 0x80007e54 (0x031bf3b3) x7  0x0000d447
core   0: 0x80007e58 (0xe98a4f13) xori    t5, s4, -360
core   0: 0 0x80007e58 (0xe98a4f13) x30 0xfffffe98
core   0: 0x80007e5c (0x000058fd) c.li    a7, -1
core   0: 0 0x80007e5c (0x58fd) x17 0xffffffff
core   0: 0x80007e5e (0x402a53b3) sra     t2, s4, sp
core   0: 0 0x80007e5e (0x402a53b3) x7  0x00000000
core   0: 0x80007e62 (0x0000e299) c.bnez  a3, pc + 6
core   0: 0 0x80007e62 (0xe299)
core   0: 0x80007e68 (0x0a41d997) auipc   s3, 0xa41d
core   0: 0 0x80007e68 (0x0a41d997) x19 0x8a424e68
core   0: 0x80007e6c (0x02c9e133) rem     sp, s3, a2
core   0: 0 0x80007e6c (0x02c9e133) x2  0x8a424e68
core   0: 0x80007e70 (0x000088da) c.mv    a7, s6
core   0: 0 0x80007e70 (0x88da) x17 0x00000000
core   0: 0x80007e72 (0x00009e42) c.add   t3, a6
core   0: 0 0x80007e72 (0x9e42) x28 0xffffffff
core   0: 0x80007e74 (0x10356b93) ori     s7, a0, 259
core   0: 0 0x80007e74 (0x10356b93) x23 0x00000143
core   0: 0x80007e78 (0x2cddcf13) xori    t5, s11, 717
core   0: 0 0x80007e78 (0x2cddcf13) x30 0x0ad0e2cc
core   0: 0x80007e7c (0x00008759) c.srai  a4, 22
core   0: 0 0x80007e7c (0x8759) x14 0xffffff1c
core   0: 0x80007e7e (0x017473b3) and     t2, s0, s7
core   0: 0 0x80007e7e (0x017473b3) x7  0x00000000
core   0: 0x80007e82 (0x00be5e13) srli    t3, t3, 11
core   0: 0 0x80007e82 (0x00be5e13) x28 0x001fffff
core   0: 0x80007e86 (0x02b9dab3) divu    s5, s3, a1
core   0: 0 0x80007e86 (0x02b9dab3) x21 0x00000001
core   0: 0x80007e8a (0x02b9b733) mulhu   a4, s3, a1
core   0: 0 0x80007e8a (0x02b9b733) x14 0x45224bfd
core   0: 0x80007e8e (0x409487b3) sub     a5, s1, s1
core   0: 0 0x80007e8e (0x409487b3) x15 0x00000000
core   0: 0x80007e92 (0x02fe13b3) mulh    t2, t3, a5
core   0: 0 0x80007e92 (0x02fe13b3) x7  0x00000000
core   0: 0x80007e96 (0x00008531) c.srai  a0, 12
core   0: 0 0x80007e96 (0x8531) x10 0x00000000
core   0: 0x80007e98 (0x00000001) c.nop
core   0: 0 0x80007e98 (0x0001)
core   0: 0x80007e9a (0x0109deb3) srl     t4, s3, a6
core   0: 0 0x80007e9a (0x0109deb3) x29 0x00000001
core   0: 0x80007e9e (0x000001d6) c.slli  gp, 21
core   0: 0 0x80007e9e (0x01d6) x3  0x03000000
core   0: 0x80007ea0 (0x00008d35) c.xor   a0, a3
core   0: 0 0x80007ea0 (0x8d35) x10 0xffc001ff
core   0: 0x80007ea2 (0x0194c563) blt     s1, s9, pc + 10
core   0: 0 0x80007ea2 (0x0194c563)
core   0: 0x80007ea6 (0x00008079) c.srli  s0, 30
core   0: 0 0x80007ea6 (0x8079) x8  0x00000000
core   0: 0x80007ea8 (0x014f0263) beq     t5, s4, pc + 4
core   0: 0 0x80007ea8 (0x014f0263)
core   0: 0x80007eac (0x00008d25) c.xor   a0, s1
core   0: 0 0x80007eac (0x8d25) x10 0xffc001ff
core   0: 0x80007eae (0x00008ff5) c.and   a5, a3
core   0: 0 0x80007eae (0x8ff5) x15 0x00000000
core   0: 0x80007eb0 (0x00008b59) c.andi  a4, 22
core   0: 0 0x80007eb0 (0x8b59) x14 0x00000014
core   0: 0x80007eb2 (0x000041d4) c.lw    a3, 4(a1)
core   0: 0 0x80007eb2 (0x41d4) x13 0x80008c52 mem 0x80021e24
core   0: 0x80007eb4 (0x013c3933) sltu    s2, s8, s3
core   0: 0 0x80007eb4 (0x013c3933) x18 0x00000001
core   0: 0x80007eb8 (0x03858593) addi    a1, a1, 56
core   0: 0 0x80007eb8 (0x03858593) x11 0x80021e58
core   0: 0x80007ebc (0x00331433) sll     s0, t1, gp
core   0: 0 0x80007ebc (0x00331433) x8  0x00000000
core   0: 0x80007ec0 (0x00000455) c.addi  s0, 21
core   0: 0 0x80007ec0 (0x0455) x8  0x00000015
core   0: 0x80007ec2 (0x036110b3) mulh    ra, sp, s6
core   0: 0 0x80007ec2 (0x036110b3) x1  0x00000000
core   0: 0x80007ec6 (0x00168793) addi    a5, a3, 1
core   0: 0 0x80007ec6 (0x00168793) x15 0x80008c53
core   0: 0x80007eca (0x00008782) c.jr    a5
core   0: 0 0x80007eca (0x8782)
core   0: 0x80008c52 (0x00008035) c.srli  s0, 13
core   0: 0 0x80008c52 (0x8035) x8  0x00000000
core   0: 0x80008c54 (0x009d1513) slli    a0, s10, 9
core   0: 0 0x80008c54 (0x009d1513) x10 0x00000200
core   0: 0x80008c58 (0x03656d63) bltu    a0, s6, pc + 58
core   0: 0 0x80008c58 (0x03656d63)
core   0: 0x80008c5c (0x41a75e33) sra     t3, a4, s10
core   0: 0 0x80008c5c (0x41a75e33) x28 0x0000000a
core   0: 0x80008c60 (0x03f25e33) divu    t3, tp, t6
core   0: 0 0x80008c60 (0x03f25e33) x28 0x00000000
core   0: 0x80008c64 (0x0001d913) srli    s2, gp, 0
core   0: 0 0x80008c64 (0x0001d913) x18 0x03000000
core   0: 0x80008c68 (0x05f24263) blt     tp, t6, pc + 68
core   0: 0 0x80008c68 (0x05f24263)
core   0: 0x80008c6c (0x0ff0000f) fence   iorw,iorw
core   0: 0 0x80008c6c (0x0ff0000f)
core   0: 0x80008c70 (0x01cbeeb3) or      t4, s7, t3
core   0: 0 0x80008c70 (0x01cbeeb3) x29 0x00000143
core   0: 0x80008c74 (0x001c5f13) srli    t5, s8, 1
core   0: 0 0x80008c74 (0x001c5f13) x30 0x05687000
core   0: 0x80008c78 (0x68e1fd93) andi    s11, gp, 1678
core   0: 0 0x80008c78 (0x68e1fd93) x27 0x00000000
core   0: 0x80008c7c (0xe9940d13) addi    s10, s0, -359
core   0: 0 0x80008c7c (0xe9940d13) x26 0xfffffe99
core   0: 0x80008c80 (0x00006161) c.addi16sp sp, 80
core   0: 0 0x80008c80 (0x6161) x2  0x8a424eb8
core   0: 0x80008c82 (0x00000f00) c.addi4spn s0, sp, 912
core   0: 0 0x80008c82 (0x0f00) x8  0x8a425248
core   0: 0x80008c84 (0x0297fe33) remu    t3, a5, s1
core   0: 0 0x80008c84 (0x0297fe33) x28 0x80008c53
core   0: 0x80008c88 (0x00929533) sll     a0, t0, s1
core   0: 0 0x80008c88 (0x00929533) x10 0x000007ff
core   0: 0x80008c8c (0xc3700c13) li      s8, -969
core   0: 0 0x80008c8c (0xc3700c13) x24 0xfffffc37
core   0: 0x80008c90 (0x00008ead) c.xor   a3, a1
core   0: 0 0x80008c90 (0x8ead) x13 0x0002920a
core   0: 0x80008c92 (0x0078f3b3) and     t2, a7, t2
core   0: 0 0x80008c92 (0x0078f3b3) x7  0x00000000
core   0: 0x80008c96 (0x0471e063) bltu    gp, t2, pc + 64
core   0: 0 0x80008c96 (0x0471e063)
core   0: 0x80008c9a (0x00009a7d) c.andi  a2, -1
core   0: 0 0x80008c9a (0x9a7d) x12 0x00000000
core   0: 0x80008c9c (0x00529813) slli    a6, t0, 5
core   0: 0 0x80008c9c (0x00529813) x16 0x0000ffe0
core   0: 0x80008ca0 (0x03923c33) mulhu   s8, tp, s9
core   0: 0 0x80008ca0 (0x03923c33) x24 0x00000000
core   0: 0x80008ca4 (0x000069b9) c.lui   s3, 0xe
core   0: 0 0x80008ca4 (0x69b9) x19 0x0000e000
core   0: 0x80008ca6 (0x0000961a) c.add   a2, t1
core   0: 0 0x80008ca6 (0x961a) x12 0x00000000
core   0: 0x80008ca8 (0x40c958b3) sra     a7, s2, a2
core   0: 0 0x80008ca8 (0x40c958b3) x17 0x03000000
core   0: 0x80008cac (0x02ff1633) mulh    a2, t5, a5
core   0: 0 0x80008cac (0x02ff1633) x12 0xfd4bcaf6
core   0: 0x80008cb0 (0x00d26433) or      s0, tp, a3
core   0: 0 0x80008cb0 (0x00d26433) x8  0x15a3d20a
core   0: 0x80008cb4 (0x0000100f) fence.i
core   0: 0 0x80008cb4 (0x0000100f)
core   0: 0x80008cb8 (0x000006fa) c.slli  a3, 30
core   0: 0 0x80008cb8 (0x06fa) x13 0x80000000
core   0: 0x80008cba (0x00008cb9) c.xor   s1, a4
core   0: 0 0x80008cba (0x8cb9) x9  0x00000014
core   0: 0x80008cbc (0x419adb93) srai    s7, s5, 25
core   0: 0 0x80008cbc (0x419adb93) x23 0x00000000
core   0: 0x80008cc0 (0xfc62c793) xori    a5, t0, -58
core   0: 0 0x80008cc0 (0xfc62c793) x15 0xfffff839
core   0: 0x80008cc4 (0x03c42b33) mulhsu  s6, s0, t3
core   0: 0 0x80008cc4 (0x03c42b33) x22 0x0ad1f4e1
core   0: 0x80008cc8 (0x00006bc1) c.lui   s7, 0x10
core   0: 0 0x80008cc8 (0x6bc1) x23 0x00010000
core   0: 0x80008cca (0x0000100f) fence.i
core   0: 0 0x80008cca (0x0000100f)
core   0: 0x80008cce (0x40b2d813) srai    a6, t0, 11
core   0: 0 0x80008cce (0x40b2d813) x16 0x00000000
core   0: 0x80008cd2 (0x028cccb3) div     s9, s9, s0
core   0: 0 0x80008cd2 (0x028cccb3) x25 0x00000000
core   0: 0x80008cd6 (0x00ad1b93) slli    s7, s10, 10
core   0: 0 0x80008cd6 (0x00ad1b93) x23 0xfffa6400
core   0: 0x80008cda (0x00008145) c.srli  a0, 17
core   0: 0 0x80008cda (0x8145) x10 0x00000000
core   0: 0x80008cdc (0x000098fd) c.andi  s1, -1
core   0: 0 0x80008cdc (0x98fd) x9  0x00000014
core   0: 0x80008cde (0x00008f39) c.xor   a4, a4
core   0: 0 0x80008cde (0x8f39) x14 0x00000000
core   0: 0x80008ce0 (0xf10de293) ori     t0, s11, -240
core   0: 0 0x80008ce0 (0xf10de293) x5  0xffffff10
core   0: 0x80008ce4 (0xf2b2b613) sltiu   a2, t0, -213
core   0: 0 0x80008ce4 (0xf2b2b613) x12 0x00000001
core   0: 0x80008ce8 (0x50244213) xori    tp, s0, 1282
core   0: 0 0x80008ce8 (0x50244213) x4  0x15a3d708
core   0: 0x80008cec (0x01a45893) srli    a7, s0, 26
core   0: 0 0x80008cec (0x01a45893) x17 0x00000005
core   0: 0x80008cf0 (0x00af70b3) and     ra, t5, a0
core   0: 0 0x80008cf0 (0x00af70b3) x1  0x00000000
core   0: 0x80008cf4 (0x00008912) c.mv    s2, tp
core   0: 0 0x80008cf4 (0x8912) x18 0x15a3d708
core   0: 0x80008cf6 (0x00000001) c.nop
core   0: 0 0x80008cf6 (0x0001)
core   0: 0x80008cf8 (0x47936793) ori     a5, t1, 1145
core   0: 0 0x80008cf8 (0x47936793) x15 0x00000479
core   0: 0x80008cfc (0x00008405) c.srai  s0, 1
core   0: 0 0x80008cfc (0x8405) x8  0x0ad1e905
core   0: 0x80008cfe (0x00008566) c.mv    a0, s9
core   0: 0 0x80008cfe (0x8566) x10 0x00000000
core   0: 0x80008d00 (0x02cf43b3) div     t2, t5, a2
core   0: 0 0x80008d00 (0x02cf43b3) x7  0x05687000
core   0: 0x80008d04 (0x00009eae) c.add   t4, a1
core   0: 0 0x80008d04 (0x9eae) x29 0x80021f9b
core   0: 0x80008d06 (0xa40712b7) lui     t0, 0xa4071
core   0: 0 0x80008d06 (0xa40712b7) x5  0xa4071000
core   0: 0x80008d0a (0x4033d113) srai    sp, t2, 3
core   0: 0 0x80008d0a (0x4033d113) x2  0x00ad0e00
core   0: 0x80008d0e (0x00000001) c.nop
core   0: 0 0x80008d0e (0x0001)
core   0: 0x80008d10 (0x000080f5) c.srli  s1, 29
core   0: 0 0x80008d10 (0x80f5) x9  0x00000000
core   0: 0x80008d12 (0x29fd4eb7) lui     t4, 0x29fd4
core   0: 0 0x80008d12 (0x29fd4eb7) x29 0x29fd4000
core   0: 0x80008d16 (0x00d50263) beq     a0, a3, pc + 4
core   0: 0 0x80008d16 (0x00d50263)
core   0: 0x80008d1a (0x000080a1) c.srli  s1, 8
core   0: 0 0x80008d1a (0x80a1) x9  0x00000000
core   0: 0x80008d1c (0x00cd19b3) sll     s3, s10, a2
core   0: 0 0x80008d1c (0x00cd19b3) x19 0xfffffd32
core   0: 0x80008d20 (0x9336c413) xori    s0, a3, -1741
core   0: 0 0x80008d20 (0x9336c413) x8  0x7ffff933
core   0: 0x80008d24 (0x02b411b3) mulh    gp, s0, a1
core   0: 0 0x80008d24 (0x02b411b3) x3  0xc0011292
core   0: 0x80008d28 (0x03758f63) beq     a1, s7, pc + 62
core   0: 0 0x80008d28 (0x03758f63)
core   0: 0x80008d2c (0x00001408) c.addi4spn a0, sp, 544
core   0: 0 0x80008d2c (0x1408) x10 0x00ad1020
core   0: 0x80008d2e (0x025a2c33) mulhsu  s8, s4, t0
core   0: 0 0x80008d2e (0x025a2c33) x24 0x00000000
core   0: 0x80008d32 (0x00008c95) c.sub   s1, a3
core   0: 0 0x80008d32 (0x8c95) x9  0x80000000
core   0: 0x80008d34 (0x89de5637) lui     a2, 0x89de5
core   0: 0 0x80008d34 (0x89de5637) x12 0x89de5000
core   0: 0x80008d38 (0x00008d3d) c.xor   a0, a5
core   0: 0 0x80008d38 (0x8d3d) x10 0x00ad1459
core   0: 0x80008d3a (0x01ebb433) sltu    s0, s7, t5
core   0: 0 0x80008d3a (0x01ebb433) x8  0x00000000
core   0: 0x80008d3e (0x0231d7b3) divu    a5, gp, gp
core   0: 0 0x80008d3e (0x0231d7b3) x15 0x00000001
core   0: 0x80008d42 (0x00008f9d) c.sub   a5, a5
core   0: 0 0x80008d42 (0x8f9d) x15 0x00000000
core   0: 0x80008d44 (0x033f3233) mulhu   tp, t5, s3
core   0: 0 0x80008d44 (0x033f3233) x4  0x05686ff0
core   0: 0x80008d48 (0x03704563) blt     zero, s7, pc + 42
core   0: 0 0x80008d48 (0x03704563)
core   0: 0x80008d4c (0x01747e33) and     t3, s0, s7
core   0: 0 0x80008d4c (0x01747e33) x28 0x00000000
core   0: 0x80008d50 (0x00008ce5) c.and   s1, s1
core   0: 0 0x80008d50 (0x8ce5) x9  0x80000000
core   0: 0x80008d52 (0x00ea9f33) sll     t5, s5, a4
core   0: 0 0x80008d52 (0x00ea9f33) x30 0x00000001
core   0: 0x80008d56 (0x03767263) bgeu    a2, s7, pc + 36
core   0: 0 0x80008d56 (0x03767263)
core   0: 0x80008d5a (0x232c2013) slti    zero, s8, 562
core   0: 0 0x80008d5a (0x232c2013)
core   0: 0x80008d5e (0x00000001) c.nop
core   0: 0 0x80008d5e (0x0001)
core   0: 0x80008d60 (0x00008c65) c.and   s0, s1
core   0: 0 0x80008d60 (0x8c65) x8  0x00000000
core   0: 0x80008d62 (0x003c5a63) bge     s8, gp, pc + 20
core   0: 0 0x80008d62 (0x003c5a63)
core   0: 0x80008d76 (0x35b46213) ori     tp, s0, 859
core   0: 0 0x80008d76 (0x35b46213) x4  0x0000035b
core   0: 0x80008d7a (0x00008e19) c.sub   a2, a4
core   0: 0 0x80008d7a (0x8e19) x12 0x89de5000
core   0: 0x80008d7c (0x35e77f17) auipc   t5, 0x35e77
core   0: 0 0x80008d7c (0x35e77f17) x30 0xb5e7fd7c
core   0: 0x80008d80 (0x02ae3733) mulhu   a4, t3, a0
core   0: 0 0x80008d80 (0x02ae3733) x14 0x00000000
core   0: 0x80008d84 (0x00000afa) c.slli  s5, 30
core   0: 0 0x80008d84 (0x0afa) x21 0x40000000
core   0: 0x80008d86 (0x03f0fb63) bgeu    ra, t6, pc + 54
core   0: 0 0x80008d86 (0x03f0fb63)
core   0: 0x80008d8a (0x00008f91) c.sub   a5, a2
core   0: 0 0x80008d8a (0x8f91) x15 0x7621b000
core   0: 0x80008d8c (0x0ff0000f) fence   iorw,iorw
core   0: 0 0x80008d8c (0x0ff0000f)
core   0: 0x80008d90 (0xc881b817) auipc   a6, 0xc881b
core   0: 0 0x80008d90 (0xc881b817) x16 0x48823d90
core   0: 0x80008d94 (0x000c0b63) beqz    s8, pc + 22
core   0: 0 0x80008d94 (0x000c0b63)
core   0: 0x80008daa (0x00006b95) c.lui   s7, 0x5
core   0: 0 0x80008daa (0x6b95) x23 0x00005000
core   0: 0x80008dac (0x40a65993) srai    s3, a2, 10
core   0: 0 0x80008dac (0x40a65993) x19 0xffe27794
core   0: 0x80008db0 (0x020dcb33) div     s6, s11, zero
core   0: 0 0x80008db0 (0x020dcb33) x22 0xffffffff
core   0: 0x80008db4 (0x00008fb5) c.xor   a5, a3
core   0: 0 0x80008db4 (0x8fb5) x15 0xf621b000
core   0: 0x80008db6 (0x00008b92) c.mv    s7, tp
core   0: 0 0x80008db6 (0x8b92) x23 0x0000035b
core   0: 0x80008db8 (0x0047dd33) srl     s10, a5, tp
core   0: 0 0x80008db8 (0x0047dd33) x26 0x0000001e
core   0: 0x80008dbc (0x02eeca63) blt     t4, a4, pc + 52
core   0: 0 0x80008dbc (0x02eeca63)
core   0: 0x80008dc0 (0x000d5813) srli    a6, s10, 0
core   0: 0 0x80008dc0 (0x000d5813) x16 0x0000001e
core   0: 0x80008dc4 (0x000311b3) sll     gp, t1, zero
core   0: 0 0x80008dc4 (0x000311b3) x3  0x00000000
core   0: 0x80008dc8 (0x01a84733) xor     a4, a6, s10
core   0: 0 0x80008dc8 (0x01a84733) x14 0x00000000
core   0: 0x80008dcc (0x00006ab9) c.lui   s5, 0xe
core   0: 0 0x80008dcc (0x6ab9) x21 0x0000e000
core   0: 0x80008dce (0x035cb4b3) mulhu   s1, s9, s5
core   0: 0 0x80008dce (0x035cb4b3) x9  0x00000000
core   0: 0x80008dd2 (0x00006719) c.lui   a4, 0x6
core   0: 0 0x80008dd2 (0x6719) x14 0x00006000
core   0: 0x80008dd4 (0x036967b3) rem     a5, s2, s6
core   0: 0 0x80008dd4 (0x036967b3) x15 0x00000000
core   0: 0x80008dd8 (0x0104f2b3) and     t0, s1, a6
core   0: 0 0x80008dd8 (0x0104f2b3) x5  0x00000000
core   0: 0x80008ddc (0x00001f04) c.addi4spn s1, sp, 944
core   0: 0 0x80008ddc (0x1f04) x9  0x00ad11b0
core   0: 0x80008dde (0x0000717d) c.addi16sp sp, -16
core   0: 0 0x80008dde (0x717d) x2  0x00ad0df0
core   0: 0x80008de0 (0x00006e09) c.lui   t3, 0x2
core   0: 0 0x80008de0 (0x6e09) x28 0x00002000
core   0: 0x80008de2 (0x00004541) c.li    a0, 16
core   0: 0 0x80008de2 (0x4541) x10 0x00000010
core   0: 0x80008de4 (0x45ea4a93) xori    s5, s4, 1118
core   0: 0 0x80008de4 (0x45ea4a93) x21 0x0000045e
core   0: 0x80008de8 (0x00bcfb33) and     s6, s9, a1
core   0: 0 0x80008de8 (0x00bcfb33) x22 0x00000000
core   0: 0x80008dec (0x01638963) beq     t2, s6, pc + 18
core   0: 0 0x80008dec (0x01638963)
core   0: 0x80008df0 (0x00000001) c.nop
core   0: 0 0x80008df0 (0x0001)
core   0: 0x80008df2 (0x000068e5) c.lui   a7, 0x19
core   0: 0 0x80008df2 (0x68e5) x17 0x00019000
core   0: 0x80008df4 (0xfe1f7993) andi    s3, t5, -31
core   0: 0 0x80008df4 (0xfe1f7993) x19 0xb5e7fd60
core   0: 0x80008df8 (0x0ff0000f) fence   iorw,iorw
core   0: 0 0x80008df8 (0x0ff0000f)
core   0: 0x80008dfc (0x0000c421) c.beqz  s0, pc + 72
core   0: 0 0x80008dfc (0xc421)
core   0: 0x80008e44 (0x02a02433) mulhsu  s0, zero, a0
core   0: 0 0x80008e44 (0x02a02433) x8  0x00000000
core   0: 0x80008e48 (0x41ba0233) sub     tp, s4, s11
core   0: 0 0x80008e48 (0x41ba0233) x4  0x00000000
core   0: 0x80008e4c (0x00001708) c.addi4spn a0, sp, 928
core   0: 0 0x80008e4c (0x1708) x10 0x00ad1190
core   0: 0x80008e4e (0x00008e25) c.xor   a2, s1
core   0: 0 0x80008e4e (0x8e25) x12 0x897341b0
core   0: 0x80008e50 (0x000080fd) c.srli  s1, 31
core   0: 0 0x80008e50 (0x80fd) x9  0x00000000
core   0: 0x80008e52 (0x000087f1) c.srai  a5, 28
core   0: 0 0x80008e52 (0x87f1) x15 0x00000000
core   0: 0x80008e54 (0x44846d97) auipc   s11, 0x44846
core   0: 0 0x80008e54 (0x44846d97) x27 0xc484ee54
core   0: 0x80008e58 (0x0000805d) c.srli  s0, 23
core   0: 0 0x80008e58 (0x805d) x8  0x00000000
core   0: 0x80008e5a (0x00000788) c.addi4spn a0, sp, 960
core   0: 0 0x80008e5a (0x0788) x10 0x00ad11b0
core   0: 0x80008e5c (0x0ff0000f) fence   iorw,iorw
core   0: 0 0x80008e5c (0x0ff0000f)
core   0: 0x80008e60 (0x0000147d) c.addi  s0, -1
core   0: 0 0x80008e60 (0x147d) x8  0xffffffff
core   0: 0x80008e62 (0x00009b7d) c.andi  a4, -1
core   0: 0 0x80008e62 (0x9b7d) x14 0x00006000
core   0: 0x80008e64 (0x0000177d) c.addi  a4, -1
core   0: 0 0x80008e64 (0x177d) x14 0x00005fff
core   0: 0x80008e66 (0x00008971) c.andi  a0, 28
core   0: 0 0x80008e66 (0x8971) x10 0x00000010
core   0: 0x80008e68 (0x02146063) bltu    s0, ra, pc + 32
core   0: 0 0x80008e68 (0x02146063)
core   0: 0x80008e6c (0x2c769c17) auipc   s8, 0x2c769
core   0: 0 0x80008e6c (0x2c769c17) x24 0xac771e6c
core   0: 0x80008e70 (0x400ad533) sra     a0, s5, zero
core   0: 0 0x80008e70 (0x400ad533) x10 0x0000045e
core   0: 0x80008e74 (0x00008aa5) c.andi  a3, 9
core   0: 0 0x80008e74 (0x8aa5) x13 0x00000000
core   0: 0x80008e76 (0x0154e463) bltu    s1, s5, pc + 8
core   0: 0 0x80008e76 (0x0154e463)
core   0: 0x80008e7e (0x02605563) bge     zero, t1, pc + 42
core   0: 0 0x80008e7e (0x02605563)
core   0: 0x80008ea8 (0x01611293) slli    t0, sp, 22
core   0: 0 0x80008ea8 (0x01611293) x5  0x7c000000
core   0: 0x80008eac (0x00008fa5) c.xor   a5, s1
core   0: 0 0x80008eac (0x8fa5) x15 0x00000000
core   0: 0x80008eae (0x00009afd) c.andi  a3, -1
core   0: 0 0x80008eae (0x9afd) x13 0x00000000
core   0: 0x80008eb0 (0x037749b3) div     s3, a4, s7
core   0: 0 0x80008eb0 (0x037749b3) x19 0x0000001c
core   0: 0x80008eb4 (0x41ed50b3) sra     ra, s10, t5
core   0: 0 0x80008eb4 (0x41ed50b3) x1  0x00000000
core   0: 0x80008eb8 (0x000b9f63) bnez    s7, pc + 30
core   0: 0 0x80008eb8 (0x000b9f63)
core   0: 0x80008ed6 (0x00008d71) c.and   a0, a2
core   0: 0 0x80008ed6 (0x8d71) x10 0x00000010
core   0: 0x80008ed8 (0x035b56b3) divu    a3, s6, s5
core   0: 0 0x80008ed8 (0x035b56b3) x13 0x00000000
core   0: 0x80008edc (0x0000100f) fence.i
core   0: 0 0x80008edc (0x0000100f)
core   0: 0x80008ee0 (0x00009f12) c.add   t5, tp
core   0: 0 0x80008ee0 (0x9f12) x30 0xb5e7fd7c
core   0: 0x80008ee2 (0x018953b3) srl     t2, s2, s8
core   0: 0 0x80008ee2 (0x018953b3) x7  0x00015a3d
core   0: 0x80008ee6 (0x00008f4d) c.or    a4, a1
core   0: 0 0x80008ee6 (0x8f4d) x14 0x80025fff
core   0: 0x80008ee8 (0x033fcdb3) div     s11, t6, s3
core   0: 0 0x80008ee8 (0x033fcdb3) x27 0xfb6dcc76
core   0: 0x80008eec (0x408d5913) srai    s2, s10, 8
core   0: 0 0x80008eec (0x408d5913) x18 0x00000000
core   0: 0x80008ef0 (0x0000e089) c.bnez  s1, pc + 2
core   0: 0 0x80008ef0 (0xe089)
core   0: 0x80008ef2 (0x8a24c713) xori    a4, s1, -1886
core   0: 0 0x80008ef2 (0x8a24c713) x14 0xfffff8a2
core   0: 0x80008ef6 (0x00000609) c.addi  a2, 2
core   0: 0 0x80008ef6 (0x0609) x12 0x897341b2
core   0: 0x80008ef8 (0x00000001) c.nop
core   0: 0 0x80008ef8 (0x0001)
core   0: 0x80008efa (0x00008baa) c.mv    s7, a0
core   0: 0 0x80008efa (0x8baa) x23 0x00000010
core   0: 0x80008efc (0x0ff0000f) fence   iorw,iorw
core   0: 0 0x80008efc (0x0ff0000f)
core   0: 0x80008f00 (0x40d25393) srai    t2, tp, 13
core   0: 0 0x80008f00 (0x40d25393) x7  0x00000000
core   0: 0x80008f04 (0xd3803113) sltiu   sp, zero, -712
core   0: 0 0x80008f04 (0xd3803113) x2  0x00000001
core   0: 0x80008f08 (0x00000d04) c.addi4spn s1, sp, 656
core   0: 0 0x80008f08 (0x0d04) x9  0x00000291
core   0: 0x80008f0a (0x1b02ce13) xori    t3, t0, 432
core   0: 0 0x80008f0a (0x1b02ce13) x28 0x7c0001b0
core   0: 0x80008f0e (0x02637033) remu    zero, t1, t1
core   0: 0 0x80008f0e (0x02637033)
core   0: 0x80008f12 (0x01d144b3) xor     s1, sp, t4
core   0: 0 0x80008f12 (0x01d144b3) x9  0x29fd4001
core   0: 0x80008f16 (0x03775633) divu    a2, a4, s7
core   0: 0 0x80008f16 (0x03775633) x12 0x0fffff8a
core   0: 0x80008f1a (0x00008eb5) c.xor   a3, a3
core   0: 0 0x80008f1a (0x8eb5) x13 0x00000000
core   0: 0x80008f1c (0x00000c3e) c.slli  s8, 15
core   0: 0 0x80008f1c (0x0c3e) x24 0x8f360000
core   0: 0x80008f1e (0x000046b1) c.li    a3, 12
core   0: 0 0x80008f1e (0x46b1) x13 0x0000000c
core   0: 0x80008f20 (0x00000001) c.nop
core   0: 0 0x80008f20 (0x0001)
core   0: 0x80008f22 (0x00004279) c.li    tp, 30
core   0: 0 0x80008f22 (0x4279) x4  0x0000001e
core   0: 0x80008f24 (0x00da7ab3) and     s5, s4, a3
core   0: 0 0x80008f24 (0x00da7ab3) x21 0x00000000
core   0: 0x80008f28 (0x7045f393) andi    t2, a1, 1796
core   0: 0 0x80008f28 (0x7045f393) x7  0x00000600
core   0: 0x80008f2c (0x02274a33) div     s4, a4, sp
core   0: 0 0x80008f2c (0x02274a33) x20 0xfffff8a2
core   0: 0x80008f30 (0x00008e7d) c.and   a2, a5
core   0: 0 0x80008f30 (0x8e7d) x12 0x00000000
core   0: 0x80008f32 (0x9f58b193) sltiu   gp, a7, -1547
core   0: 0 0x80008f32 (0x9f58b193) x3  0x00000001
core   0: 0x80008f36 (0x016a5e63) bge     s4, s6, pc + 28
core   0: 0 0x80008f36 (0x016a5e63)
core   0: 0x80008f3a (0x00008b6a) c.mv    s6, s10
core   0: 0 0x80008f3a (0x8b6a) x22 0x0000001e
core   0: 0x80008f3c (0x02230633) mul     a2, t1, sp
core   0: 0 0x80008f3c (0x02230633) x12 0x00000000
core   0: 0x80008f40 (0x0000eb09) c.bnez  a4, pc + 18
core   0: 0 0x80008f40 (0xeb09)
core   0: 0x80008f52 (0x00008ff9) c.and   a5, a4
core   0: 0 0x80008f52 (0x8ff9) x15 0x00000000
core   0: 0x80008f54 (0x00000d7e) c.slli  s10, 31
core   0: 0 0x80008f54 (0x0d7e) x26 0x00000000
core   0: 0x80008f56 (0x00008c41) c.or    s0, s0
core   0: 0 0x80008f56 (0x8c41) x8  0xffffffff
core   0: 0x80008f58 (0x00f6b0b3) sltu    ra, a3, a5
core   0: 0 0x80008f58 (0x00f6b0b3) x1  0x00000000
core   0: 0x80008f5c (0x001f7963) bgeu    t5, ra, pc + 18
core   0: 0 0x80008f5c (0x001f7963)
core   0: 0x80008f6e (0x020076b3) remu    a3, zero, zero
core   0: 0 0x80008f6e (0x020076b3) x13 0x00000000
core   0: 0x80008f72 (0x00a8d533) srl     a0, a7, a0
core   0: 0 0x80008f72 (0x00a8d533) x10 0x00000001
core   0: 0x80008f76 (0x1e02b113) sltiu   sp, t0, 480
core   0: 0 0x80008f76 (0x1e02b113) x2  0x00000000
core   0: 0x80008f7a (0x01dddc13) srli    s8, s11, 29
core   0: 0 0x80008f7a (0x01dddc13) x24 0x00000007
core   0: 0x80008f7e (0x0225c533) div     a0, a1, sp
core   0: 0 0x80008f7e (0x0225c533) x10 0xffffffff
core   0: 0x80008f82 (0x03d4a733) mulhsu  a4, s1, t4
core   0: 0 0x80008f82 (0x03d4a733) x14 0x06e31907
core   0: 0x80008f86 (0x00006ed5) c.lui   t4, 0x15
core   0: 0 0x80008f86 (0x6ed5) x29 0x00015000
core   0: 0x80008f88 (0x022c8933) mul     s2, s9, sp
core   0: 0 0x80008f88 (0x022c8933) x18 0x00000000
core   0: 0x80008f8c (0x002f5b93) srli    s7, t5, 2
core   0: 0 0x80008f8c (0x002f5b93) x23 0x2d79ff5f
core   0: 0x80008f90 (0x03d80c33) mul     s8, a6, t4
core   0: 0 0x80008f90 (0x03d80c33) x24 0x00276000
core   0: 0x80008f94 (0x0ff0000f) fence   iorw,iorw
core   0: 0 0x80008f94 (0x0ff0000f)
core   0: 0x80008f98 (0x01fa5b63) bge     s4, t6, pc + 22
core   0: 0 0x80008f98 (0x01fa5b63)
core   0: 0x80008fae (0x00004f39) c.li    t5, 14
core   0: 0 0x80008fae (0x4f39) x30 0x0000000e
core   0: 0x80008fb0 (0x05ef6063) bltu    t5, t5, pc + 64
core   0: 0 0x80008fb0 (0x05ef6063)
core   0: 0x80008fb4 (0x000069a1) c.lui   s3, 0x8
core   0: 0 0x80008fb4 (0x69a1) x19 0x00008000
core   0: 0x80008fb6 (0x0374f3b3) remu    t2, s1, s7
core   0: 0 0x80008fb6 (0x0374f3b3) x7  0x29fd4001
core   0: 0x80008fba (0x40025d93) srai    s11, tp, 0
core   0: 0 0x80008fba (0x40025d93) x27 0x0000001e
core   0: 0x80008fbe (0x000086f2) c.mv    a3, t3
core   0: 0 0x80008fbe (0x86f2) x13 0x7c0001b0
core   0: 0x80008fc0 (0x0192bb33) sltu    s6, t0, s9
core   0: 0 0x80008fc0 (0x0192bb33) x22 0x00000000
core   0: 0x80008fc4 (0x02b6e633) rem     a2, a3, a1
core   0: 0 0x80008fc4 (0x02b6e633) x12 0x7c0001b0
core   0: 0x80008fc8 (0x019dfd33) and     s10, s11, s9
core   0: 0 0x80008fc8 (0x019dfd33) x26 0x00000000
core   0: 0x80008fcc (0x0000100f) fence.i
core   0: 0 0x80008fcc (0x0000100f)
core   0: 0x80008fd0 (0x00795233) srl     tp, s2, t2
core   0: 0 0x80008fd0 (0x00795233) x4  0x00000000
core   0: 0x80008fd4 (0x004f3933) sltu    s2, t5, tp
core   0: 0 0x80008fd4 (0x004f3933) x18 0x00000000
core   0: 0x80008fd8 (0x43922093) slti    ra, tp, 1081
core   0: 0 0x80008fd8 (0x43922093) x1  0x00000001
core   0: 0x80008fdc (0x029fef33) rem     t5, t6, s1
core   0: 0 0x80008fdc (0x029fef33) x30 0xfdfa1ce7
core   0: 0x80008fe0 (0x02047633) remu    a2, s0, zero
core   0: 0 0x80008fe0 (0x02047633) x12 0xffffffff
core   0: 0x80008fe4 (0x01bc1e93) slli    t4, s8, 27
core   0: 0 0x80008fe4 (0x01bc1e93) x29 0x00000000
core   0: 0x80008fe8 (0xa0c12513) slti    a0, sp, -1524
core   0: 0 0x80008fe8 (0xa0c12513) x10 0x00000000
core   0: 0x80008fec (0x6b0c23b7) lui     t2, 0x6b0c2
core   0: 0 0x80008fec (0x6b0c23b7) x7  0x6b0c2000
core   0: 0x80008ff0 (0xc750ba13) sltiu   s4, ra, -907
core   0: 0 0x80008ff0 (0xc750ba13) x20 0x00000001
core   0: 0x80008ff4 (0x00a39363) bne     t2, a0, pc + 6
core   0: 0 0x80008ff4 (0x00a39363)
core   0: 0x80008ffa (0x40005493) srai    s1, zero, 0
core   0: 0 0x80008ffa (0x40005493) x9  0x00000000
core   0: 0x80008ffe (0x02f7e633) rem     a2, a5, a5
core   0: 0 0x80008ffe (0x02f7e633) x12 0x00000000
core   0: 0x80009002 (0x017059b3) srl     s3, zero, s7
core   0: 0 0x80009002 (0x017059b3) x19 0x00000000
core   0: 0x80009006 (0x0000815e) c.mv    sp, s7
core   0: 0 0x80009006 (0x815e) x2  0x2d79ff5f
core   0: 0x80009008 (0x013d2233) slt     tp, s10, s3
core   0: 0 0x80009008 (0x013d2233) x4  0x00000000
core   0: 0x8000900c (0x00008e8d) c.sub   a3, a1
core   0: 0 0x8000900c (0x8e8d) x13 0xfbfde358
core   0: 0x8000900e (0x000099ba) c.add   s3, a4
core   0: 0 0x8000900e (0x99ba) x19 0x06e31907
core   0: 0x80009010 (0x00f33933) sltu    s2, t1, a5
core   0: 0 0x80009010 (0x00f33933) x18 0x00000000
core   0: 0x80009014 (0x03dbbb33) mulhu   s6, s7, t4
core   0: 0 0x80009014 (0x03dbbb33) x22 0x00000000
core   0: 0x80009018 (0x00008d79) c.and   a0, a4
core   0: 0 0x80009018 (0x8d79) x10 0x00000000
core   0: 0x8000901a (0x0291d163) bge     gp, s1, pc + 34
core   0: 0 0x8000901a (0x0291d163)
core   0: 0x8000903c (0x018f9a63) bne     t6, s8, pc + 20
core   0: 0 0x8000903c (0x018f9a63)
core   0: 0x80009050 (0x4f5daf13) slti    t5, s11, 1269
core   0: 0 0x80009050 (0x4f5daf13) x30 0x00000001
core   0: 0x80009054 (0x03800cb3) mul     s9, zero, s8
core   0: 0 0x80009054 (0x03800cb3) x25 0x00000000
core   0: 0x80009058 (0x000004d2) c.slli  s1, 20
core   0: 0 0x80009058 (0x04d2) x9  0x00000000
core   0: 0x8000905a (0x03fd9bb3) mulh    s7, s11, t6
core   0: 0 0x8000905a (0x03fd9bb3) x23 0xfffffff1
core   0: 0x8000905e (0x015b48b3) xor     a7, s6, s5
core   0: 0 0x8000905e (0x015b48b3) x17 0x00000000
core   0: 0x80009062 (0x00622f33) slt     t5, tp, t1
core   0: 0 0x80009062 (0x00622f33) x30 0x00000000
core   0: 0x80009066 (0x01dcbb33) sltu    s6, s9, t4
core   0: 0 0x80009066 (0x01dcbb33) x22 0x00000000
core   0: 0x8000906a (0x75824e93) xori    t4, tp, 1880
core   0: 0 0x8000906a (0x75824e93) x29 0x00000758
core   0: 0x8000906e (0x00008351) c.srli  a4, 20
core   0: 0 0x8000906e (0x8351) x14 0x0000006e
core   0: 0x80009070 (0x00d6b633) sltu    a2, a3, a3
core   0: 0 0x80009070 (0x00d6b633) x12 0x00000000
core   0: 0x80009074 (0x01a42d33) slt     s10, s0, s10
core   0: 0 0x80009074 (0x01a42d33) x26 0x00000001
core   0: 0x80009078 (0x033f8163) beq     t6, s3, pc + 34
core   0: 0 0x80009078 (0x033f8163)
core   0: 0x8000907c (0xe8b3bd13) sltiu   s10, t2, -373
core   0: 0 0x8000907c (0xe8b3bd13) x26 0x00000001
core   0: 0x80009080 (0x0ff0000f) fence   iorw,iorw
core   0: 0 0x80009080 (0x0ff0000f)
core   0: 0x80009084 (0x04cb5463) bge     s6, a2, pc + 72
core   0: 0 0x80009084 (0x04cb5463)
core   0: 0x800090cc (0x02dc66b3) rem     a3, s8, a3
core   0: 0 0x800090cc (0x02dc66b3) x13 0x00276000
core   0: 0x800090d0 (0x01d591b3) sll     gp, a1, t4
core   0: 0 0x800090d0 (0x01d591b3) x3  0x58000000
core   0: 0x800090d4 (0x6d83bb93) sltiu   s7, t2, 1752
core   0: 0 0x800090d4 (0x6d83bb93) x23 0x00000000
core   0: 0x800090d8 (0xa1f1ec93) ori     s9, gp, -1505
core   0: 0 0x800090d8 (0xa1f1ec93) x25 0xfffffa1f
core   0: 0x800090dc (0x000009b5) c.addi  s3, 13
core   0: 0 0x800090dc (0x09b5) x19 0x06e31914
core   0: 0x800090de (0x00008f29) c.xor   a4, a0
core   0: 0 0x800090de (0x8f29) x14 0x0000006e
core   0: 0x800090e0 (0x03985233) divu    tp, a6, s9
core   0: 0 0x800090e0 (0x03985233) x4  0x00000000
core   0: 0x800090e4 (0x00000001) c.nop
core   0: 0 0x800090e4 (0x0001)
core   0: 0x800090e6 (0xba1b0637) lui     a2, 0xba1b0
core   0: 0 0x800090e6 (0xba1b0637) x12 0xba1b0000
core   0: 0x800090ea (0x03c4f633) remu    a2, s1, t3
core   0: 0 0x800090ea (0x03c4f633) x12 0x00000000
core   0: 0x800090ee (0x02318c33) mul     s8, gp, gp
core   0: 0 0x800090ee (0x02318c33) x24 0x00000000
core   0: 0x800090f2 (0x00008f71) c.and   a4, a2
core   0: 0 0x800090f2 (0x8f71) x14 0x00000000
core   0: 0x800090f4 (0x0000997d) c.andi  a0, -1
core   0: 0 0x800090f4 (0x997d) x10 0x00000000
core   0: 0x800090f6 (0x408b5693) srai    a3, s6, 8
core   0: 0 0x800090f6 (0x408b5693) x13 0x00000000
core   0: 0x800090fa (0x0017cbb3) xor     s7, a5, ra
core   0: 0 0x800090fa (0x0017cbb3) x23 0x00000001
core   0: 0x800090fe (0x128f0393) addi    t2, t5, 296
core   0: 0 0x800090fe (0x128f0393) x7  0x00000128
core   0: 0x80009102 (0x0000149c) c.addi4spn a5, sp, 608
core   0: 0 0x80009102 (0x149c) x15 0x2d7a01bf
core   0: 0x80009104 (0x03df3833) mulhu   a6, t5, t4
core   0: 0 0x80009104 (0x03df3833) x16 0x00000000
core   0: 0x80009108 (0x0000100f) fence.i
core   0: 0 0x80009108 (0x0000100f)
core   0: 0x8000910c (0x0321c833) div     a6, gp, s2
core   0: 0 0x8000910c (0x0321c833) x16 0xffffffff
core   0: 0x80009110 (0x00008d2d) c.xor   a0, a1
core   0: 0 0x80009110 (0x8d2d) x10 0x80021e58
core   0: 0x80009112 (0x01d29093) slli    ra, t0, 29
core   0: 0 0x80009112 (0x01d29093) x1  0x00000000
core   0: 0x80009116 (0x00008fcd) c.or    a5, a1
core   0: 0 0x80009116 (0x8fcd) x15 0xad7a1fff
core   0: 0x80009118 (0x0000e089) c.bnez  s1, pc + 2
core   0: 0 0x80009118 (0xe089)
core   0: 0x8000911a (0x01abe263) bltu    s7, s10, pc + 4
core   0: 0 0x8000911a (0x01abe263)
core   0: 0x8000911e (0x02ffa8b3) mulhsu  a7, t6, a5
core   0: 0 0x8000911e (0x02ffa8b3) x17 0xa94489e7
core   0: 0x80009122 (0x032dd663) bge     s11, s2, pc + 44
core   0: 0 0x80009122 (0x032dd663)
core   0: 0x8000914e (0x00006171) c.addi16sp sp, 336
core   0: 0 0x8000914e (0x6171) x2  0x2d7a00af
core   0: 0x80009150 (0x0000997d) c.andi  a0, -1
core   0: 0 0x80009150 (0x997d) x10 0x80021e58
core   0: 0x80009152 (0x00008f5d) c.or    a4, a5
core   0: 0 0x80009152 (0x8f5d) x14 0xad7a1fff
core   0: 0x80009154 (0x00008129) c.srli  a0, 10
core   0: 0 0x80009154 (0x8129) x10 0x00200087
core   0: 0x80009156 (0x03c7b9b3) mulhu   s3, a5, t3
core   0: 0 0x80009156 (0x03c7b9b3) x19 0x540728a4
core   0: 0x8000915a (0x01f183b3) add     t2, gp, t6
core   0: 0 0x8000915a (0x01f183b3) x7  0xd8025ce4
core   0: 0x8000915e (0x00000001) c.nop
core   0: 0 0x8000915e (0x0001)
core   0: 0x80009160 (0x019073b3) and     t2, zero, s9
core   0: 0 0x80009160 (0x019073b3) x7  0x00000000
core   0: 0x80009164 (0x01c0ea63) bltu    ra, t3, pc + 20
core   0: 0 0x80009164 (0x01c0ea63)
core   0: 0x80009178 (0x00008c25) c.xor   s0, s1
core   0: 0 0x80009178 (0x8c25) x8  0xffffffff
core   0: 0x8000917a (0x03213033) mulhu   zero, sp, s2
core   0: 0 0x8000917a (0x03213033)
core   0: 0x8000917e (0x0000e881) c.bnez  s1, pc + 16
core   0: 0 0x8000917e (0xe881)
core   0: 0x80009180 (0x000087d5) c.srai  a5, 21
core   0: 0 0x80009180 (0x87d5) x15 0xfffffd6b
core   0: 0x80009182 (0x00006129) c.addi16sp sp, 192
core   0: 0 0x80009182 (0x6129) x2  0x2d7a016f
core   0: 0x80009184 (0x03949833) mulh    a6, s1, s9
core   0: 0 0x80009184 (0x03949833) x16 0x00000000
core   0: 0x80009188 (0x032bd8b3) divu    a7, s7, s2
core   0: 0 0x80009188 (0x032bd8b3) x17 0xffffffff
core   0: 0x8000918c (0x00008795) c.srai  a5, 5
core   0: 0 0x8000918c (0x8795) x15 0xffffffeb
core   0: 0x8000918e (0x02f07e33) remu    t3, zero, a5
core   0: 0 0x8000918e (0x02f07e33) x28 0x00000000
core   0: 0x80009192 (0x0af4ae13) slti    t3, s1, 175
core   0: 0 0x80009192 (0x0af4ae13) x28 0x00000001
core   0: 0x80009196 (0x41bf5233) sra     tp, t5, s11
core   0: 0 0x80009196 (0x41bf5233) x4  0x00000000
core   0: 0x8000919a (0x01f4e863) bltu    s1, t6, pc + 16
core   0: 0 0x8000919a (0x01f4e863)
core   0: 0x800091aa (0x00000001) c.nop
core   0: 0 0x800091aa (0x0001)
core   0: 0x800091ac (0x00008f16) c.mv    t5, t0
core   0: 0 0x800091ac (0x8f16) x30 0x7c000000
core   0: 0x800091ae (0x00001290) c.addi4spn a2, sp, 352
core   0: 0 0x800091ae (0x1290) x12 0x2d7a02cf
core   0: 0x800091b0 (0x02be1d33) mulh    s10, t3, a1
core   0: 0 0x800091b0 (0x02be1d33) x26 0xffffffff
core   0: 0x800091b4 (0x002a9233) sll     tp, s5, sp
core   0: 0 0x800091b4 (0x002a9233) x4  0x00000000
core   0: 0x800091b8 (0x6e7373b7) lui     t2, 0x6e737
core   0: 0 0x800091b8 (0x6e7373b7) x7  0x6e737000
core   0: 0x800091bc (0x02bdef63) bltu    s11, a1, pc + 62
core   0: 0 0x800091bc (0x02bdef63)
core   0: 0x800091fa (0x0000157d) c.addi  a0, -1
core   0: 0 0x800091fa (0x157d) x10 0x00200086
core   0: 0x800091fc (0x03e3fcb3) remu    s9, t2, t5
core   0: 0 0x800091fc (0x03e3fcb3) x25 0x6e737000
core   0: 0x80009200 (0x0000ec05) c.bnez  s0, pc + 56
core   0: 0 0x80009200 (0xec05)
core   0: 0x80009238 (0x02a4ee33) rem     t3, s1, a0
core   0: 0 0x80009238 (0x02a4ee33) x28 0x00000000
core   0: 0x8000923c (0x0000ca9d) c.beqz  a3, pc + 54
core   0: 0 0x8000923c (0xca9d)
core   0: 0x80009272 (0x00004d65) c.li    s10, 25
core   0: 0 0x80009272 (0x4d65) x26 0x00000019
core   0: 0x80009274 (0x00008c39) c.xor   s0, a4
core   0: 0 0x80009274 (0x8c39) x8  0x5285e000
core   0: 0x80009276 (0x00008fc5) c.or    a5, s1
core   0: 0 0x80009276 (0x8fc5) x15 0xffffffeb
core   0: 0x80009278 (0x00008651) c.srai  a2, 20
core   0: 0 0x80009278 (0x8651) x12 0x000002d7
core   0: 0x8000927a (0x00008762) c.mv    a4, s8
core   0: 0 0x8000927a (0x8762) x14 0x00000000
core   0: 0x8000927c (0x0000100f) fence.i
core   0: 0 0x8000927c (0x0000100f)
core   0: 0x80009280 (0x00008fcd) c.or    a5, a1
core   0: 0 0x80009280 (0x8fcd) x15 0xfffffffb
core   0: 0x80009282 (0x00008c19) c.sub   s0, a4
core   0: 0 0x80009282 (0x8c19) x8  0x5285e000
core   0: 0x80009284 (0x00008f25) c.xor   a4, s1
core   0: 0 0x80009284 (0x8f25) x14 0x00000000
core   0: 0x80009286 (0x24470a13) addi    s4, a4, 580
core   0: 0 0x80009286 (0x24470a13) x20 0x00000244
core   0: 0x8000928a (0xf60d5417) auipc   s0, 0xf60d5
core   0: 0 0x8000928a (0xf60d5417) x8  0x760de28a
core   0: 0x8000928e (0x02a642b3) div     t0, a2, a0
core   0: 0 0x8000928e (0x02a642b3) x5  0x00000000
core   0: 0x80009292 (0x018b00b3) add     ra, s6, s8
core   0: 0 0x80009292 (0x018b00b3) x1  0x00000000
core   0: 0x80009296 (0x02b7df33) divu    t5, a5, a1
core   0: 0 0x80009296 (0x02b7df33) x30 0x00000001
core   0: 0x8000929a (0x00006f1d) c.lui   t5, 0x7
core   0: 0 0x8000929a (0x6f1d) x30 0x00007000
core   0: 0x8000929c (0x40fcdc33) sra     s8, s9, a5
core   0: 0 0x8000929c (0x40fcdc33) x24 0x0000000d
core   0: 0x800092a0 (0x00cce4b3) or      s1, s9, a2
core   0: 0 0x800092a0 (0x00cce4b3) x9  0x6e7372d7
core   0: 0x800092a4 (0x0000e321) c.bnez  a4, pc + 64
core   0: 0 0x800092a4 (0xe321)
core   0: 0x800092a6 (0x01f26cb3) or      s9, tp, t6
core   0: 0 0x800092a6 (0x01f26cb3) x25 0x80025ce4
core   0: 0x800092aa (0x00008c8d) c.sub   s1, a1
core   0: 0 0x800092aa (0x8c8d) x9  0xee71547f
core   0: 0x800092ac (0x57d6bc13) sltiu   s8, a3, 1405
core   0: 0 0x800092ac (0x57d6bc13) x24 0x00000001
core   0: 0x800092b0 (0x002981b3) add     gp, s3, sp
core   0: 0 0x800092b0 (0x002981b3) x3  0x81812a13
core   0: 0x800092b4 (0x03197463) bgeu    s2, a7, pc + 40
core   0: 0 0x800092b4 (0x03197463)
core   0: 0x800092b8 (0x00008ea5) c.xor   a3, s1
core   0: 0 0x800092b8 (0x8ea5) x13 0xee71547f
core   0: 0x800092ba (0x011b37b3) sltu    a5, s6, a7
core   0: 0 0x800092ba (0x011b37b3) x15 0x00000001
core   0: 0x800092be (0x40ffd933) sra     s2, t6, a5
core   0: 0 0x800092be (0x40ffd933) x18 0xc0012e72
core   0: 0x800092c2 (0x000086c9) c.srai  a3, 18
core   0: 0 0x800092c2 (0x86c9) x13 0xfffffb9c
core   0: 0x800092c4 (0x03efa7b3) mulhsu  a5, t6, t5
core   0: 0 0x800092c4 (0x03efa7b3) x15 0xffffc801
core   0: 0x800092c8 (0x00008c89) c.sub   s1, a0
core   0: 0 0x800092c8 (0x8c89) x9  0xee5153f9
core   0: 0x800092ca (0x021197b3) mulh    a5, gp, ra
core   0: 0 0x800092ca (0x021197b3) x15 0x00000000
core   0: 0x800092ce (0x6cc5f813) andi    a6, a1, 1740
core   0: 0 0x800092ce (0x6cc5f813) x16 0x00000648
core   0: 0x800092d2 (0x00006959) c.lui   s2, 0x16
core   0: 0 0x800092d2 (0x6959) x18 0x00016000
core   0: 0x800092d4 (0x9abbac97) auipc   s9, 0x9abba
core   0: 0 0x800092d4 (0x9abbac97) x25 0x1abc32d4
core   0: 0x800092d8 (0x00e038b3) snez    a7, a4
core   0: 0 0x800092d8 (0x00e038b3) x17 0x00000000
core   0: 0x800092dc (0x008251b3) srl     gp, tp, s0
core   0: 0 0x800092dc (0x008251b3) x3  0x00000000
core   0: 0x800092e0 (0x02a07ab3) remu    s5, zero, a0
core   0: 0 0x800092e0 (0x02a07ab3) x21 0x00000000
core   0: 0x800092e4 (0x000007aa) c.slli  a5, 10
core   0: 0 0x800092e4 (0x07aa) x15 0x00000000
core   0: 0x800092e6 (0x01de1c33) sll     s8, t3, t4
core   0: 0 0x800092e6 (0x01de1c33) x24 0x00000000
core   0: 0x800092ea (0x00001b7d) c.addi  s6, -1
core   0: 0 0x800092ea (0x1b7d) x22 0xffffffff
core   0: 0x800092ec (0x02853133) mulhu   sp, a0, s0
core   0: 0 0x800092ec (0x02853133) x2  0x000ec1fa
core   0: 0x800092f0 (0x00001114) c.addi4spn a3, sp, 160
core   0: 0 0x800092f0 (0x1114) x13 0x000ec29a
core   0: 0x800092f2 (0x00000001) c.nop
core   0: 0 0x800092f2 (0x0001)
core   0: 0x800092f4 (0x41148633) sub     a2, s1, a7
core   0: 0 0x800092f4 (0x41148633) x12 0xee5153f9
core   0: 0x800092f8 (0x0000100f) fence.i
core   0: 0 0x800092f8 (0x0000100f)
core   0: 0x800092fc (0x00000001) c.nop
core   0: 0 0x800092fc (0x0001)
core   0: 0x800092fe (0x00001104) c.addi4spn s1, sp, 160
core   0: 0 0x800092fe (0x1104) x9  0x000ec29a
core   0: 0x80009300 (0x008f0f63) beq     t5, s0, pc + 30
core   0: 0 0x80009300 (0x008f0f63)
core   0: 0x80009304 (0x00006219) c.lui   tp, 0x6
core   0: 0 0x80009304 (0x6219) x4  0x00006000
core   0: 0x80009306 (0x0178dd33) srl     s10, a7, s7
core   0: 0 0x80009306 (0x0178dd33) x26 0x00000000
core   0: 0x8000930a (0x0368ee63) bltu    a7, s6, pc + 60
core   0: 0 0x8000930a (0x0368ee63)
core   0: 0x80009346 (0x0000100f) fence.i
core   0: 0 0x80009346 (0x0000100f)
core   0: 0x8000934a (0x6c3af213) andi    tp, s5, 1731
core   0: 0 0x8000934a (0x6c3af213) x4  0x00000000
core   0: 0x8000934e (0x014f5f13) srli    t5, t5, 20
core   0: 0 0x8000934e (0x014f5f13) x30 0x00000000
core   0: 0x80009352 (0x00004619) c.li    a2, 6
core   0: 0 0x80009352 (0x4619) x12 0x00000006
core   0: 0x80009354 (0x02000c63) beqz    zero, pc + 56
core   0: 0 0x80009354 (0x02000c63)
core   0: 0x8000938c (0x021a8b33) mul     s6, s5, ra
core   0: 0 0x8000938c (0x021a8b33) x22 0x00000000
core   0: 0x80009390 (0x02f4c433) div     s0, s1, a5
core   0: 0 0x80009390 (0x02f4c433) x8  0xffffffff
core   0: 0x80009394 (0x00009972) c.add   s2, t3
core   0: 0 0x80009394 (0x9972) x18 0x00016000
core   0: 0x80009396 (0xd66e2e93) slti    t4, t3, -666
core   0: 0 0x80009396 (0xd66e2e93) x29 0x00000000
core   0: 0x8000939a (0x027e1863) bne     t3, t2, pc + 48
core   0: 0 0x8000939a (0x027e1863)
core   0: 0x800093ca (0x0000100f) fence.i
core   0: 0 0x800093ca (0x0000100f)
core   0: 0x800093ce (0x00008729) c.srai  a4, 10
core   0: 0 0x800093ce (0x8729) x14 0x00000000
core   0: 0x800093d0 (0x0000717d) c.addi16sp sp, -16
core   0: 0 0x800093d0 (0x717d) x2  0x000ec1ea
core   0: 0x800093d2 (0x5baa4d13) xori    s10, s4, 1466
core   0: 0 0x800093d2 (0x5baa4d13) x26 0x000007fe
core   0: 0x800093d6 (0x00000001) c.nop
core   0: 0 0x800093d6 (0x0001)
core   0: 0x800093d8 (0x019c5113) srli    sp, s8, 25
core   0: 0 0x800093d8 (0x019c5113) x2  0x00000000
core   0: 0x800093dc (0x028d7b33) remu    s6, s10, s0
core   0: 0 0x800093dc (0x028d7b33) x22 0x000007fe
core   0: 0x800093e0 (0x00766b33) or      s6, a2, t2
core   0: 0 0x800093e0 (0x00766b33) x22 0x6e737006
core   0: 0x800093e4 (0x00009bde) c.add   s7, s7
core   0: 0 0x800093e4 (0x9bde) x23 0x00000002
core   0: 0x800093e6 (0x00c17b63) bgeu    sp, a2, pc + 22
core   0: 0 0x800093e6 (0x00c17b63)
core   0: 0x800093ea (0x00000d80) c.addi4spn s0, sp, 720
core   0: 0 0x800093ea (0x0d80) x8  0x000002d0
core   0: 0x800093ec (0x0224a6b3) mulhsu  a3, s1, sp
core   0: 0 0x800093ec (0x0224a6b3) x13 0x00000000
core   0: 0x800093f0 (0x41a15db3) sra     s11, sp, s10
core   0: 0 0x800093f0 (0x41a15db3) x27 0x00000000
core   0: 0x800093f4 (0x01ae9413) slli    s0, t4, 26
core   0: 0 0x800093f4 (0x01ae9413) x8  0x00000000
core   0: 0x800093f8 (0x0037d233) srl     tp, a5, gp
core   0: 0 0x800093f8 (0x0037d233) x4  0x00000000
core   0: 0x800093fc (0x038c09b3) mul     s3, s8, s8
core   0: 0 0x800093fc (0x038c09b3) x19 0x00000000
core   0: 0x80009400 (0x03e55233) divu    tp, a0, t5
core   0: 0 0x80009400 (0x03e55233) x4  0xffffffff
core   0: 0x80009404 (0x03a286b3) mul     a3, t0, s10
core   0: 0 0x80009404 (0x03a286b3) x13 0x00000000
core   0: 0x80009408 (0x00ea6a63) bltu    s4, a4, pc + 20
core   0: 0 0x80009408 (0x00ea6a63)
core   0: 0x8000940c (0x000008f2) c.slli  a7, 28
core   0: 0 0x8000940c (0x08f2) x17 0x00000000
core   0: 0x8000940e (0x40f45893) srai    a7, s0, 15
core   0: 0 0x8000940e (0x40f45893) x17 0x00000000
core   0: 0x80009412 (0x00008c85) c.sub   s1, s1
core   0: 0 0x80009412 (0x8c85) x9  0x00000000
core   0: 0x80009414 (0x0066ccb3) xor     s9, a3, t1
core   0: 0 0x80009414 (0x0066ccb3) x25 0x00000000
core   0: 0x80009418 (0x0180b533) sltu    a0, ra, s8
core   0: 0 0x80009418 (0x0180b533) x10 0x00000000
core   0: 0x8000941c (0x0000090a) c.slli  s2, 2
core   0: 0 0x8000941c (0x090a) x18 0x00058000
core   0: 0x8000941e (0x0ff0000f) fence   iorw,iorw
core   0: 0 0x8000941e (0x0ff0000f)
core   0: 0x80009422 (0x035f77b3) remu    a5, t5, s5
core   0: 0 0x80009422 (0x035f77b3) x15 0x00000000
core   0: 0x80009426 (0x00000001) c.nop
core   0: 0 0x80009426 (0x0001)
core   0: 0x80009428 (0x01068eb3) add     t4, a3, a6
core   0: 0 0x80009428 (0x01068eb3) x29 0x00000648
core   0: 0x8000942c (0x00d54f63) blt     a0, a3, pc + 30
core   0: 0 0x8000942c (0x00d54f63)
core   0: 0x80009430 (0xa8724613) xori    a2, tp, -1401
core   0: 0 0x80009430 (0xa8724613) x12 0x00000578
core   0: 0x80009434 (0x00000dbd) c.addi  s11, 15
core   0: 0 0x80009434 (0x0dbd) x27 0x0000000f
core   0: 0x80009436 (0x1b498793) addi    a5, s3, 436
core   0: 0 0x80009436 (0x1b498793) x15 0x000001b4
core   0: 0x8000943a (0x00f7e133) or      sp, a5, a5
core   0: 0 0x8000943a (0x00f7e133) x2  0x000001b4
core   0: 0x8000943e (0x0000717d) c.addi16sp sp, -16
core   0: 0 0x8000943e (0x717d) x2  0x000001a4
core   0: 0x80009440 (0x000091ea) c.add   gp, s10
core   0: 0 0x80009440 (0x91ea) x3  0x000007fe
core   0: 0x80009442 (0x03dc41b3) div     gp, s8, t4
core   0: 0 0x80009442 (0x03dc41b3) x3  0x00000000
core   0: 0x80009446 (0x603c4113) xori    sp, s8, 1539
core   0: 0 0x80009446 (0x603c4113) x2  0x00000603
core   0: 0x8000944a (0x41a45093) srai    ra, s0, 26
core   0: 0 0x8000944a (0x41a45093) x1  0x00000000
core   0: 0x8000944e (0x00000001) c.nop
core   0: 0 0x8000944e (0x0001)
core   0: 0x80009450 (0x038decb3) rem     s9, s11, s8
core   0: 0 0x80009450 (0x038decb3) x25 0x0000000f
core   0: 0x80009454 (0x00008f25) c.xor   a4, s1
core   0: 0 0x80009454 (0x8f25) x14 0x00000000
core   0: 0x80009456 (0x0153ce63) blt     t2, s5, pc + 28
core   0: 0 0x80009456 (0x0153ce63)
core   0: 0x8000945a (0x00000c00) c.addi4spn s0, sp, 528
core   0: 0 0x8000945a (0x0c00) x8  0x00000813
core   0: 0x8000945c (0x00008c41) c.or    s0, s0
core   0: 0 0x8000945c (0x8c41) x8  0x00000813
core   0: 0x8000945e (0x0374ef63) bltu    s1, s7, pc + 62
core   0: 0 0x8000945e (0x0374ef63)
core   0: 0x8000949c (0x00008d75) c.and   a0, a3
core   0: 0 0x8000949c (0x8d75) x10 0x00000000
core   0: 0x8000949e (0x6ae6b813) sltiu   a6, a3, 1710
core   0: 0 0x8000949e (0x6ae6b813) x16 0x00000001
core   0: 0x800094a2 (0x04494663) blt     s2, tp, pc + 76
core   0: 0 0x800094a2 (0x04494663)
core   0: 0x800094a6 (0x01be5293) srli    t0, t3, 27
core   0: 0 0x800094a6 (0x01be5293) x5  0x00000000
core   0: 0x800094aa (0x00008041) c.srli  s0, 16
core   0: 0 0x800094aa (0x8041) x8  0x00000000
core   0: 0x800094ac (0xea48e713) ori     a4, a7, -348
core   0: 0 0x800094ac (0xea48e713) x14 0xfffffea4
core   0: 0x800094b0 (0x00bfbeb3) sltu    t4, t6, a1
core   0: 0 0x800094b0 (0x00bfbeb3) x29 0x00000000
core   0: 0x800094b4 (0xba5acd13) xori    s10, s5, -1115
core   0: 0 0x800094b4 (0xba5acd13) x26 0xfffffba5
core   0: 0x800094b8 (0x00000001) c.nop
core   0: 0 0x800094b8 (0x0001)
core   0: 0x800094ba (0xdcb03793) sltiu   a5, zero, -565
core   0: 0 0x800094ba (0xdcb03793) x15 0x00000001
core   0: 0x800094be (0x77454e93) xori    t4, a0, 1908
core   0: 0 0x800094be (0x77454e93) x29 0x00000774
core   0: 0x800094c2 (0x0000100f) fence.i
core   0: 0 0x800094c2 (0x0000100f)
core   0: 0x800094c6 (0x000094be) c.add   s1, a5
core   0: 0 0x800094c6 (0x94be) x9  0x00000001
core   0: 0x800094c8 (0x22169a97) auipc   s5, 0x22169
core   0: 0 0x800094c8 (0x22169a97) x21 0xa21724c8
core   0: 0x800094cc (0x716c7d93) andi    s11, s8, 1814
core   0: 0 0x800094cc (0x716c7d93) x27 0x00000000
core   0: 0x800094d0 (0xb29fe6ef) jal     a3, pc - 0x14d8
core   0: 0 0x800094d0 (0xb29fe6ef) x13 0x800094d4
core   0: 0x80007ff8 (0xa313f913) andi    s2, t2, -1487
core   0: 0 0x80007ff8 (0xa313f913) x18 0x6e737000
core   0: 0x80007ffc (0xd3ed8213) addi    tp, s11, -706
core   0: 0 0x80007ffc (0xd3ed8213) x4  0xfffffd3e
core   0: 0x80008000 (0x6367bd93) sltiu   s11, a5, 1590
core   0: 0 0x80008000 (0x6367bd93) x27 0x00000001
core   0: 0x80008004 (0x01d39763) bne     t2, t4, pc + 14
core   0: 0 0x80008004 (0x01d39763)
core   0: 0x80008012 (0xfd458593) addi    a1, a1, -44
core   0: 0 0x80008012 (0xfd458593) x11 0x80021e2c
core   0: 0x80008016 (0x0000c1d4) c.sw    a3, 4(a1)
core   0: 0 0x80008016 (0xc1d4) mem 0x80021e30 0x800094d4
core   0: 0x80008018 (0x40a8dd93) srai    s11, a7, 10
core   0: 0 0x80008018 (0x40a8dd93) x27 0x00000000
core   0: 0x8000801c (0x024bb1b3) mulhu   gp, s7, tp
core   0: 0 0x8000801c (0x024bb1b3) x3  0x00000001
core   0: 0x80008020 (0x03f17463) bgeu    sp, t6, pc + 40
core   0: 0 0x80008020 (0x03f17463)
core   0: 0x80008024 (0xdc3e7993) andi    s3, t3, -573
core   0: 0 0x80008024 (0xdc3e7993) x19 0x00000000
core   0: 0x80008028 (0x01eefeb3) and     t4, t4, t5
core   0: 0 0x80008028 (0x01eefeb3) x29 0x00000000
core   0: 0x8000802c (0x03156863) bltu    a0, a7, pc + 48
core   0: 0 0x8000802c (0x03156863)
core   0: 0x80008030 (0x01b8a1b3) slt     gp, a7, s11
core   0: 0 0x80008030 (0x01b8a1b3) x3  0x00000000
core   0: 0x80008034 (0x00008cc9) c.or    s1, a0
core   0: 0 0x80008034 (0x8cc9) x9  0x00000001
core   0: 0x80008036 (0x027faa33) mulhsu  s4, t6, t2
core   0: 0 0x80008036 (0x027faa33) x20 0xc8c74cfa
core   0: 0x8000803a (0x00001484) c.addi4spn s1, sp, 608
core   0: 0 0x8000803a (0x1484) x9  0x00000863
core   0: 0x8000803c (0x04663b93) sltiu   s7, a2, 70
core   0: 0 0x8000803c (0x04663b93) x23 0x00000000
core   0: 0x80008040 (0x025e5ab3) divu    s5, t3, t0
core   0: 0 0x80008040 (0x025e5ab3) x21 0xffffffff
core   0: 0x80008044 (0x00a10db3) add     s11, sp, a0
core   0: 0 0x80008044 (0x00a10db3) x27 0x00000603
core   0: 0x80008048 (0x00008ce5) c.and   s1, s1
core   0: 0 0x80008048 (0x8ce5) x9  0x00000863
core   0: 0x8000804a (0x1772e017) auipc   zero, 0x1772e
core   0: 0 0x8000804a (0x1772e017)
core   0: 0x8000804e (0x029aee33) rem     t3, s5, s1
core   0: 0 0x8000804e (0x029aee33) x28 0xffffffff
core   0: 0x80008052 (0x412ed713) srai    a4, t4, 18
core   0: 0 0x80008052 (0x412ed713) x14 0x00000000
core   0: 0x80008056 (0x000010fd) c.addi  ra, -1
core   0: 0 0x80008056 (0x10fd) x1  0xffffffff
core   0: 0x80008058 (0x03a3b133) mulhu   sp, t2, s10
core   0: 0 0x80008058 (0x03a3b133) x2  0x6e736e1e
core   0: 0x8000805c (0x76478493) addi    s1, a5, 1892
core   0: 0 0x8000805c (0x76478493) x9  0x00000765
core   0: 0x80008060 (0x00008d61) c.and   a0, s0
core   0: 0 0x80008060 (0x8d61) x10 0x00000000
core   0: 0x80008062 (0x08c6f993) andi    s3, a3, 140
core   0: 0 0x80008062 (0x08c6f993) x19 0x00000084
core   0: 0x80008066 (0x0000100f) fence.i
core   0: 0 0x80008066 (0x0000100f)
core   0: 0x8000806a (0x01795e93) srli    t4, s2, 23
core   0: 0 0x8000806a (0x01795e93) x29 0x000000dc
core   0: 0x8000806e (0x0ff0000f) fence   iorw,iorw
core   0: 0 0x8000806e (0x0ff0000f)
core   0: 0x80008072 (0x2bfee813) ori     a6, t4, 703
core   0: 0 0x80008072 (0x2bfee813) x16 0x000002ff
core   0: 0x80008076 (0x41890f33) sub     t5, s2, s8
core   0: 0 0x80008076 (0x41890f33) x30 0x6e737000
core   0: 0x8000807a (0x03b29733) mulh    a4, t0, s11
core   0: 0 0x8000807a (0x03b29733) x14 0x00000000
core   0: 0x8000807e (0x00f1c633) xor     a2, gp, a5
core   0: 0 0x8000807e (0x00f1c633) x12 0x00000001
core   0: 0x80008082 (0x000082ba) c.mv    t0, a4
core   0: 0 0x80008082 (0x82ba) x5  0x00000000
core   0: 0x80008084 (0x02394363) blt     s2, gp, pc + 38
core   0: 0 0x80008084 (0x02394363)
core   0: 0x80008088 (0x41df84b3) sub     s1, t6, t4
core   0: 0 0x80008088 (0x41df84b3) x9  0x80025c08
core   0: 0x8000808c (0x03851d63) bne     a0, s8, pc + 58
core   0: 0 0x8000808c (0x03851d63)
core   0: 0x80008090 (0x02e4ac33) mulhsu  s8, s1, a4
core   0: 0 0x80008090 (0x02e4ac33) x24 0x00000000
core   0: 0x80008094 (0x01a33033) sltu    zero, t1, s10
core   0: 0 0x80008094 (0x01a33033)
core   0: 0x80008098 (0x0000c889) c.beqz  s1, pc + 18
core   0: 0 0x80008098 (0xc889)
core   0: 0x8000809a (0x0053fa63) bgeu    t2, t0, pc + 20
core   0: 0 0x8000809a (0x0053fa63)
core   0: 0x800080ae (0x00008e2d) c.xor   a2, a1
core   0: 0 0x800080ae (0x8e2d) x12 0x80021e2d
core   0: 0x800080b0 (0x00005f7d) c.li    t5, -1
core   0: 0 0x800080b0 (0x5f7d) x30 0xffffffff
core   0: 0x800080b2 (0x9f79d997) auipc   s3, 0x9f79d
core   0: 0 0x800080b2 (0x9f79d997) x19 0x1f7a50b2
core   0: 0x800080b6 (0x00006161) c.addi16sp sp, 80
core   0: 0 0x800080b6 (0x6161) x2  0x6e736e6e
core   0: 0x800080b8 (0x0000c009) c.beqz  s0, pc + 2
core   0: 0 0x800080b8 (0xc009)
core   0: 0x800080ba (0x00f4ba33) sltu    s4, s1, a5
core   0: 0 0x800080ba (0x00f4ba33) x20 0x00000000
core   0: 0x800080be (0x0223d733) divu    a4, t2, sp
core   0: 0 0x800080be (0x0223d733) x14 0x00000001
core   0: 0x800080c2 (0x417051b3) sra     gp, zero, s7
core   0: 0 0x800080c2 (0x417051b3) x3  0x00000000
core   0: 0x800080c6 (0x0061da93) srli    s5, gp, 6
core   0: 0 0x800080c6 (0x0061da93) x21 0x00000000
core   0: 0x800080ca (0x000090de) c.add   ra, s7
core   0: 0 0x800080ca (0x90de) x1  0xffffffff
core   0: 0x800080cc (0x00000001) c.nop
core   0: 0 0x800080cc (0x0001)
core   0: 0x800080ce (0x40f95993) srai    s3, s2, 15
core   0: 0 0x800080ce (0x40f95993) x19 0x0000dce6
core   0: 0x800080d2 (0x03d501b3) mul     gp, a0, t4
core   0: 0 0x800080d2 (0x03d501b3) x3  0x00000000
core   0: 0x800080d6 (0x1c4b2093) slti    ra, s6, 452
core   0: 0 0x800080d6 (0x1c4b2093) x1  0x00000000
core   0: 0x800080da (0x00000001) c.nop
core   0: 0 0x800080da (0x0001)
core   0: 0x800080dc (0x29194e13) xori    t3, s2, 657
core   0: 0 0x800080dc (0x29194e13) x28 0x6e737291
core   0: 0x800080e0 (0x41d7d393) srai    t2, a5, 29
core   0: 0 0x800080e0 (0x41d7d393) x7  0x00000000
core   0: 0x800080e4 (0x412b8733) sub     a4, s7, s2
core   0: 0 0x800080e4 (0x412b8733) x14 0x918c9000
core   0: 0x800080e8 (0x0000717d) c.addi16sp sp, -16
core   0: 0 0x800080e8 (0x717d) x2  0x6e736e5e
core   0: 0x800080ea (0x40adba93) sltiu   s5, s11, 1034
core   0: 0 0x800080ea (0x40adba93) x21 0x00000000
core   0: 0x800080ee (0x4844e813) ori     a6, s1, 1156
core   0: 0 0x800080ee (0x4844e813) x16 0x80025c8c
core   0: 0x800080f2 (0x00008f75) c.and   a4, a3
core   0: 0 0x800080f2 (0x8f75) x14 0x80009000
core   0: 0x800080f4 (0x00000001) c.nop
core   0: 0 0x800080f4 (0x0001)
core   0: 0x800080f6 (0x0000147d) c.addi  s0, -1
core   0: 0 0x800080f6 (0x147d) x8  0xffffffff
core   0: 0x800080f8 (0x0000c319) c.beqz  a4, pc + 6
core   0: 0 0x800080f8 (0xc319)
core   0: 0x800080fa (0x40d05ab3) sra     s5, zero, a3
core   0: 0 0x800080fa (0x40d05ab3) x21 0x00000000
core   0: 0x800080fe (0x028b10b3) mulh    ra, s6, s0
core   0: 0 0x800080fe (0x028b10b3) x1  0xffffffff
core   0: 0x80008102 (0x00b36533) or      a0, t1, a1
core   0: 0 0x80008102 (0x00b36533) x10 0x80021e2c
core   0: 0x80008106 (0x00008eb5) c.xor   a3, a3
core   0: 0 0x80008106 (0x8eb5) x13 0x00000000
core   0: 0x80008108 (0x005d9a93) slli    s5, s11, 5
core   0: 0 0x80008108 (0x005d9a93) x21 0x0000c060
core   0: 0x8000810c (0x00008561) c.srai  a0, 24
core   0: 0 0x8000810c (0x8561) x10 0xffffff80
core   0: 0x8000810e (0x00c43633) sltu    a2, s0, a2
core   0: 0 0x8000810e (0x00c43633) x12 0x00000000
core   0: 0x80008112 (0x024b3e33) mulhu   t3, s6, tp
core   0: 0 0x80008112 (0x024b3e33) x28 0x6e736ed5
core   0: 0x80008116 (0x000086fa) c.mv    a3, t5
core   0: 0 0x80008116 (0x86fa) x13 0xffffffff
core   0: 0x80008118 (0x03715cb3) divu    s9, sp, s7
core   0: 0 0x80008118 (0x03715cb3) x25 0xffffffff
core   0: 0x8000811c (0x00006141) c.addi16sp sp, 16
core   0: 0 0x8000811c (0x6141) x2  0x6e736e6e
core   0: 0x8000811e (0x0465f063) bgeu    a1, t1, pc + 64
core   0: 0 0x8000811e (0x0465f063)
core   0: 0x8000815e (0x0087fe33) and     t3, a5, s0
core   0: 0 0x8000815e (0x0087fe33) x28 0x00000001
core   0: 0x80008162 (0x00008976) c.mv    s2, t4
core   0: 0 0x80008162 (0x8976) x18 0x000000dc
core   0: 0x80008164 (0x000084a9) c.srai  s1, 10
core   0: 0 0x80008164 (0x84a9) x9  0xffe00097
core   0: 0x80008166 (0x0027bf33) sltu    t5, a5, sp
core   0: 0 0x80008166 (0x0027bf33) x30 0x00000001
core   0: 0x8000816a (0x024fcb33) div     s6, t6, tp
core   0: 0 0x8000816a (0x024fcb33) x22 0x002e6906
core   0: 0x8000816e (0x015fd133) srl     sp, t6, s5
core   0: 0 0x8000816e (0x015fd133) x2  0x80025ce4
core   0: 0x80008172 (0x40ae50b3) sra     ra, t3, a0
core   0: 0 0x80008172 (0x40ae50b3) x1  0x00000001
core   0: 0x80008176 (0x00008d1d) c.sub   a0, a5
core   0: 0 0x80008176 (0x8d1d) x10 0xffffff7f
core   0: 0x80008178 (0x03d18133) mul     sp, gp, t4
core   0: 0 0x80008178 (0x03d18133) x2  0x00000000
core   0: 0x8000817c (0x02f7a033) mulhsu  zero, a5, a5
core   0: 0 0x8000817c (0x02f7a033)
core   0: 0x80008180 (0x0000100f) fence.i
core   0: 0 0x80008180 (0x0000100f)
core   0: 0x80008184 (0x01dbe633) or      a2, s7, t4
core   0: 0 0x80008184 (0x01dbe633) x12 0x000000dc
core   0: 0x80008188 (0x40975e13) srai    t3, a4, 9
core   0: 0 0x80008188 (0x40975e13) x28 0xffc00048
core   0: 0x8000818c (0x4022d693) srai    a3, t0, 2
core   0: 0 0x8000818c (0x4022d693) x13 0x00000000
core   0: 0x80008190 (0x00008a55) c.andi  a2, 21
core   0: 0 0x80008190 (0x8a55) x12 0x00000014
core   0: 0x80008192 (0xb039f993) andi    s3, s3, -1277
core   0: 0 0x80008192 (0xb039f993) x19 0x0000d802
core   0: 0x80008196 (0x40020533) sub     a0, tp, zero
core   0: 0 0x80008196 (0x40020533) x10 0xfffffd3e
core   0: 0x8000819a (0x0000c695) c.beqz  a3, pc + 44
core   0: 0 0x8000819a (0xc695)
core   0: 0x800081c6 (0x02d2ecb3) rem     s9, t0, a3
core   0: 0 0x800081c6 (0x02d2ecb3) x25 0x00000000
core   0: 0x800081ca (0x03a31633) mulh    a2, t1, s10
core   0: 0 0x800081ca (0x03a31633) x12 0x00000000
core   0: 0x800081ce (0x001b7363) bgeu    s6, ra, pc + 6
core   0: 0 0x800081ce (0x001b7363)
core   0: 0x800081d4 (0x01043ab3) sltu    s5, s0, a6
core   0: 0 0x800081d4 (0x01043ab3) x21 0x00000000
core   0: 0x800081d8 (0x024e56b3) divu    a3, t3, tp
core   0: 0 0x800081d8 (0x024e56b3) x13 0x00000000
core   0: 0x800081dc (0x00000906) c.slli  s2, 1
core   0: 0 0x800081dc (0x0906) x18 0x000001b8
core   0: 0x800081de (0x01e78263) beq     a5, t5, pc + 4
core   0: 0 0x800081de (0x01e78263)
core   0: 0x800081e2 (0x02d7f763) bgeu    a5, a3, pc + 46
core   0: 0 0x800081e2 (0x02d7f763)
core   0: 0x80008210 (0x0193ea33) or      s4, t2, s9
core   0: 0 0x80008210 (0x0193ea33) x20 0x00000000
core   0: 0x80008214 (0x0ff0000f) fence   iorw,iorw
core   0: 0 0x80008214 (0x0ff0000f)
core   0: 0x80008218 (0x01dcddb3) srl     s11, s9, t4
core   0: 0 0x80008218 (0x01dcddb3) x27 0x00000000
core   0: 0x8000821c (0x0000100f) fence.i
core   0: 0 0x8000821c (0x0000100f)
core   0: 0x80008220 (0x03d13033) mulhu   zero, sp, t4
core   0: 0 0x80008220 (0x03d13033)
core   0: 0x80008224 (0x03bf0763) beq     t5, s11, pc + 46
core   0: 0 0x80008224 (0x03bf0763)
core   0: 0x80008228 (0x0000801d) c.srli  s0, 7
core   0: 0 0x80008228 (0x801d) x8  0x01ffffff
core   0: 0x8000822a (0x3cc64837) lui     a6, 0x3cc64
core   0: 0 0x8000822a (0x3cc64837) x16 0x3cc64000
core   0: 0x8000822e (0x00006725) c.lui   a4, 0x9
core   0: 0 0x8000822e (0x6725) x14 0x00009000
core   0: 0x80008230 (0x028b0163) beq     s6, s0, pc + 34
core   0: 0 0x80008230 (0x028b0163)
core   0: 0x80008234 (0x027af463) bgeu    s5, t2, pc + 40
core   0: 0 0x80008234 (0x027af463)
core   0: 0x8000825c (0x0000e719) c.bnez  a4, pc + 14
core   0: 0 0x8000825c (0xe719)
core   0: 0x8000826a (0x0000100f) fence.i
core   0: 0 0x8000826a (0x0000100f)
core   0: 0x8000826e (0x015d3533) sltu    a0, s10, s5
core   0: 0 0x8000826e (0x015d3533) x10 0x00000000
core   0: 0x80008272 (0xd5f419b7) lui     s3, 0xd5f41
core   0: 0 0x80008272 (0xd5f419b7) x19 0xd5f41000
core   0: 0x80008276 (0x030cf1b3) remu    gp, s9, a6
core   0: 0 0x80008276 (0x030cf1b3) x3  0x00000000
core   0: 0x8000827a (0x00008329) c.srli  a4, 10
core   0: 0 0x8000827a (0x8329) x14 0x00000024
core   0: 0x8000827c (0x031d3733) mulhu   a4, s10, a7
core   0: 0 0x8000827c (0x031d3733) x14 0x00000000
core   0: 0x80008280 (0x0366b8b3) mulhu   a7, a3, s6
core   0: 0 0x80008280 (0x0366b8b3) x17 0x00000000
core   0: 0x80008284 (0x912b7713) andi    a4, s6, -1774
core   0: 0 0x80008284 (0x912b7713) x14 0x002e6902
core   0: 0x80008288 (0xf35ffe17) auipc   t3, 0xf35ff
core   0: 0 0x80008288 (0xf35ffe17) x28 0x73607288
core   0: 0x8000828c (0x00be5213) srli    tp, t3, 11
core   0: 0 0x8000828c (0x00be5213) x4  0x000e6c0e
core   0: 0x80008290 (0x03597d33) remu    s10, s2, s5
core   0: 0 0x80008290 (0x03597d33) x26 0x000001b8
core   0: 0x80008294 (0x00006499) c.lui   s1, 0x6
core   0: 0 0x80008294 (0x6499) x9  0x00006000
core   0: 0x80008296 (0x024bdab3) divu    s5, s7, tp
core   0: 0 0x80008296 (0x024bdab3) x21 0x00000000
core   0: 0x8000829a (0x03ab36b3) mulhu   a3, s6, s10
core   0: 0 0x8000829a (0x03ab36b3) x13 0x00000000
core   0: 0x8000829e (0x01d1d493) srli    s1, gp, 29
core   0: 0 0x8000829e (0x01d1d493) x9  0x00000000
core   0: 0x800082a2 (0x01b35c13) srli    s8, t1, 27
core   0: 0 0x800082a2 (0x01b35c13) x24 0x00000000
core   0: 0x800082a6 (0x00008c6d) c.and   s0, a1
core   0: 0 0x800082a6 (0x8c6d) x8  0x00021e2c
core   0: 0x800082a8 (0xf28df113) andi    sp, s11, -216
core   0: 0 0x800082a8 (0xf28df113) x2  0x00000000
core   0: 0x800082ac (0xc3d3eb93) ori     s7, t2, -963
core   0: 0 0x800082ac (0xc3d3eb93) x23 0xfffffc3d
core   0: 0x800082b0 (0x0000717d) c.addi16sp sp, -16
core   0: 0 0x800082b0 (0x717d) x2  0xfffffff0
core   0: 0x800082b2 (0x02c15063) bge     sp, a2, pc + 32
core   0: 0 0x800082b2 (0x02c15063)
core   0: 0x800082b6 (0x0388b113) sltiu   sp, a7, 56
core   0: 0 0x800082b6 (0x0388b113) x2  0x00000001
core   0: 0x800082ba (0x00008d75) c.and   a0, a3
core   0: 0 0x800082ba (0x8d75) x10 0x00000000
core   0: 0x800082bc (0x00008fa9) c.xor   a5, a0
core   0: 0 0x800082bc (0x8fa9) x15 0x00000001
core   0: 0x800082be (0x03c64ab3) div     s5, a2, t3
core   0: 0 0x800082be (0x03c64ab3) x21 0x00000000
core   0: 0x800082c2 (0x03750063) beq     a0, s7, pc + 32
core   0: 0 0x800082c2 (0x03750063)
core   0: 0x800082c6 (0xa580b213) sltiu   tp, ra, -1448
core   0: 0 0x800082c6 (0xa580b213) x4  0x00000001
core   0: 0x800082ca (0x01905db3) srl     s11, zero, s9
core   0: 0 0x800082ca (0x01905db3) x27 0x00000000
core   0: 0x800082ce (0xa80be513) ori     a0, s7, -1408
core   0: 0 0x800082ce (0xa80be513) x10 0xfffffebd
core   0: 0x800082d2 (0x03851363) bne     a0, s8, pc + 38
core   0: 0 0x800082d2 (0x03851363)
core   0: 0x800082f8 (0xa5817297) auipc   t0, 0xa5817
core   0: 0 0x800082f8 (0xa5817297) x5  0x2581f2f8
core   0: 0x800082fc (0x000046a5) c.li    a3, 9
core   0: 0 0x800082fc (0x46a5) x13 0x00000009
core   0: 0x800082fe (0x034a84b3) mul     s1, s5, s4
core   0: 0 0x800082fe (0x034a84b3) x9  0x00000000
core   0: 0x80008302 (0xacb48393) addi    t2, s1, -1333
core   0: 0 0x80008302 (0xacb48393) x7  0xfffffacb
core   0: 0x80008306 (0x01731893) slli    a7, t1, 23
core   0: 0 0x80008306 (0x01731893) x17 0x00000000
core   0: 0x8000830a (0x00009bfd) c.andi  a5, -1
core   0: 0 0x8000830a (0x9bfd) x15 0x00000001
core   0: 0x8000830c (0x0000987d) c.andi  s0, -1
core   0: 0 0x8000830c (0x987d) x8  0x00021e2c
core   0: 0x8000830e (0x24298193) addi    gp, s3, 578
core   0: 0 0x8000830e (0x24298193) x3  0xd5f41242
core   0: 0x80008312 (0x00000001) c.nop
core   0: 0 0x80008312 (0x0001)
core   0: 0x80008314 (0x0000873d) c.srai  a4, 15
core   0: 0 0x80008314 (0x873d) x14 0x0000005c
core   0: 0x80008316 (0x00008fc9) c.or    a5, a0
core   0: 0 0x80008316 (0x8fc9) x15 0xfffffebd
core   0: 0x80008318 (0x68f7ca13) xori    s4, a5, 1679
core   0: 0 0x80008318 (0x68f7ca13) x20 0xfffff832
core   0: 0x8000831c (0x039e3bb3) mulhu   s7, t3, s9
core   0: 0 0x8000831c (0x039e3bb3) x23 0x00000000
core   0: 0x80008320 (0x00008cbd) c.xor   s1, a5
core   0: 0 0x80008320 (0x8cbd) x9  0xfffffebd
core   0: 0x80008322 (0x00001afd) c.addi  s5, -1
core   0: 0 0x80008322 (0x1afd) x21 0xffffffff
core   0: 0x80008324 (0xbb484d13) xori    s10, a6, -1100
core   0: 0 0x80008324 (0xbb484d13) x26 0xc339bbb4
core   0: 0x80008328 (0x02f8d433) divu    s0, a7, a5
core   0: 0 0x80008328 (0x02f8d433) x8  0x00000000
core   0: 0x8000832c (0x03914863) blt     sp, s9, pc + 48
core   0: 0 0x8000832c (0x03914863)
core   0: 0x80008330 (0x5511e413) ori     s0, gp, 1361
core   0: 0 0x80008330 (0x5511e413) x8  0xd5f41753
core   0: 0x80008334 (0x00000001) c.nop
core   0: 0 0x80008334 (0x0001)
core   0: 0x80008336 (0x020f32b3) mulhu   t0, t5, zero
core   0: 0 0x80008336 (0x020f32b3) x5  0x00000000
core   0: 0x8000833a (0x008c5463) bge     s8, s0, pc + 8
core   0: 0 0x8000833a (0x008c5463)
core   0: 0x80008342 (0x000006c2) c.slli  a3, 16
core   0: 0 0x80008342 (0x06c2) x13 0x00090000
core   0: 0x80008344 (0x102ce513) ori     a0, s9, 258
core   0: 0 0x80008344 (0x102ce513) x10 0x00000102
core   0: 0x80008348 (0x01b5cd33) xor     s10, a1, s11
core   0: 0 0x80008348 (0x01b5cd33) x26 0x80021e2c
core   0: 0x8000834c (0x0136d663) bge     a3, s3, pc + 12
core   0: 0 0x8000834c (0x0136d663)
core   0: 0x80008358 (0x01fd62b3) or      t0, s10, t6
core   0: 0 0x80008358 (0x01fd62b3) x5  0x80025eec
core   0: 0x8000835c (0x00823233) sltu    tp, tp, s0
core   0: 0 0x8000835c (0x00823233) x4  0x00000001
core   0: 0x80008360 (0x00000ada) c.slli  s5, 22
core   0: 0 0x80008360 (0x0ada) x21 0xffc00000
core   0: 0x80008362 (0x02a26eb3) rem     t4, tp, a0
core   0: 0 0x80008362 (0x02a26eb3) x29 0x00000001
core   0: 0x80008366 (0x00466e63) bltu    a2, tp, pc + 28
core   0: 0 0x80008366 (0x00466e63)
core   0: 0x80008382 (0x0031ff33) and     t5, gp, gp
core   0: 0 0x80008382 (0x0031ff33) x30 0xd5f41242
core   0: 0x80008386 (0x01621ab3) sll     s5, tp, s6
core   0: 0 0x80008386 (0x01621ab3) x21 0x00000040
core   0: 0x8000838a (0x00008f9d) c.sub   a5, a5
core   0: 0 0x8000838a (0x8f9d) x15 0x00000000
core   0: 0x8000838c (0x00006095) c.lui   ra, 0x5
core   0: 0 0x8000838c (0x6095) x1  0x00005000
core   0: 0x8000838e (0x00008c7d) c.and   s0, a5
core   0: 0 0x8000838e (0x8c7d) x8  0x00000000
core   0: 0x80008390 (0x030f6733) rem     a4, t5, a6
core   0: 0 0x80008390 (0x030f6733) x14 0xd5f41242
core   0: 0x80008394 (0x0000091c) c.addi4spn a5, sp, 144
core   0: 0 0x80008394 (0x091c) x15 0x00000091
core   0: 0x80008396 (0x000089c2) c.mv    s3, a6
core   0: 0 0x80008396 (0x89c2) x19 0x3cc64000
core   0: 0x80008398 (0x0000c605) c.beqz  a2, pc + 40
core   0: 0 0x80008398 (0xc605)
core   0: 0x800083c0 (0x00006805) c.lui   a6, 0x1
core   0: 0 0x800083c0 (0x6805) x16 0x00001000
core   0: 0x800083c2 (0x03ba8163) beq     s5, s11, pc + 34
core   0: 0 0x800083c2 (0x03ba8163)
core   0: 0x800083c6 (0x40575b13) srai    s6, a4, 5
core   0: 0 0x800083c6 (0x40575b13) x22 0xfeafa092
core   0: 0x800083ca (0x00008051) c.srli  s0, 20
core   0: 0 0x800083ca (0x8051) x8  0x00000000
core   0: 0x800083cc (0xd1f8f893) andi    a7, a7, -737
core   0: 0 0x800083cc (0xd1f8f893) x17 0x00000000
core   0: 0x800083d0 (0x009717b3) sll     a5, a4, s1
core   0: 0 0x800083d0 (0x009717b3) x15 0x40000000
core   0: 0x800083d4 (0x00008925) c.andi  a0, 9
core   0: 0 0x800083d4 (0x8925) x10 0x00000000
core   0: 0x800083d6 (0x00008c79) c.and   s0, a4
core   0: 0 0x800083d6 (0x8c79) x8  0x00000000
core   0: 0x800083d8 (0x01d564b3) or      s1, a0, t4
core   0: 0 0x800083d8 (0x01d564b3) x9  0x00000001
core   0: 0x800083dc (0x01634863) blt     t1, s6, pc + 16
core   0: 0 0x800083dc (0x01634863)
core   0: 0x800083e0 (0x02dca233) mulhsu  tp, s9, a3
core   0: 0 0x800083e0 (0x02dca233) x4  0x00000000
core   0: 0x800083e4 (0x00000c80) c.addi4spn s0, sp, 592
core   0: 0 0x800083e4 (0x0c80) x8  0x00000251
core   0: 0x800083e6 (0xd6491bb7) lui     s7, 0xd6491
core   0: 0 0x800083e6 (0xd6491bb7) x23 0xd6491000
core   0: 0x800083ea (0x00008fa1) c.xor   a5, s0
core   0: 0 0x800083ea (0x8fa1) x15 0x40000251
core   0: 0x800083ec (0xcd968213) addi    tp, a3, -807
core   0: 0 0x800083ec (0xcd968213) x4  0x0008fcd9
core   0: 0x800083f0 (0x026bf563) bgeu    s7, t1, pc + 42
core   0: 0 0x800083f0 (0x026bf563)
core   0: 0x8000841a (0x00a52833) slt     a6, a0, a0
core   0: 0 0x8000841a (0x00a52833) x16 0x00000000
core   0: 0x8000841e (0x00d819b3) sll     s3, a6, a3
core   0: 0 0x8000841e (0x00d819b3) x19 0x00000000
core   0: 0x80008422 (0x02a35a33) divu    s4, t1, a0
core   0: 0 0x80008422 (0x02a35a33) x20 0xffffffff
core   0: 0x80008426 (0x00000788) c.addi4spn a0, sp, 960
core   0: 0 0x80008426 (0x0788) x10 0x000003c1
core   0: 0x80008428 (0x00000001) c.nop
core   0: 0 0x80008428 (0x0001)
core   0: 0x8000842a (0x000041d4) c.lw    a3, 4(a1)
core   0: 0 0x8000842a (0x41d4) x13 0x800094d4 mem 0x80021e30
core   0: 0x8000842c (0x002f34b3) sltu    s1, t5, sp
core   0: 0 0x8000842c (0x002f34b3) x9  0x00000000
core   0: 0x80008430 (0xb25e6917) auipc   s2, 0xb25e6
core   0: 0 0x80008430 (0xb25e6917) x18 0x325ee430
core   0: 0x80008434 (0x030bc9b3) div     s3, s7, a6
core   0: 0 0x80008434 (0x030bc9b3) x19 0xffffffff
core   0: 0x80008438 (0x4048d733) sra     a4, a7, tp
core   0: 0 0x80008438 (0x4048d733) x14 0x00000000
core   0: 0x8000843c (0x02c58593) addi    a1, a1, 44
core   0: 0 0x8000843c (0x02c58593) x11 0x80021e58
core   0: 0x80008440 (0x00006239) c.lui   tp, 0xe
core   0: 0 0x80008440 (0x6239) x4  0x0000e000
core   0: 0x80008442 (0x00068813) mv      a6, a3
core   0: 0 0x80008442 (0x00068813) x16 0x800094d4
core   0: 0x80008446 (0x00008802) c.jr    a6
core   0: 0 0x80008446 (0x8802)
core   0: 0x800094d4 (0x0ff0000f) fence   iorw,iorw
core   0: 0 0x800094d4 (0x0ff0000f)
core   0: 0x800094d8 (0x8ac7be97) auipc   t4, 0x8ac7b
core   0: 0 0x800094d8 (0x8ac7be97) x29 0x0ac844d8
core   0: 0x800094dc (0x03fc36b3) mulhu   a3, s8, t6
core   0: 0 0x800094dc (0x03fc36b3) x13 0x00000000
core   0: 0x800094e0 (0x03cf1133) mulh    sp, t5, t3
core   0: 0 0x800094e0 (0x03cf1133) x2  0xed0cccea
core   0: 0x800094e4 (0x0000100f) fence.i
core   0: 0 0x800094e4 (0x0000100f)
core   0: 0x800094e8 (0x0193f433) and     s0, t2, s9
core   0: 0 0x800094e8 (0x0193f433) x8  0x00000000
core   0: 0x800094ec (0x00008e1d) c.sub   a2, a5
core   0: 0 0x800094ec (0x8e1d) x12 0xbffffdaf
core   0: 0x800094ee (0x03f0be33) mulhu   t3, ra, t6
core   0: 0 0x800094ee (0x03f0be33) x28 0x00002800
core   0: 0x800094f2 (0x0000862e) c.mv    a2, a1
core   0: 0 0x800094f2 (0x862e) x12 0x80021e58
core   0: 0x800094f4 (0x036de433) rem     s0, s11, s6
core   0: 0 0x800094f4 (0x036de433) x8  0x00000000
core   0: 0x800094f8 (0x00000001) c.nop
core   0: 0 0x800094f8 (0x0001)
core   0: 0x800094fa (0x00008f79) c.and   a4, a4
core   0: 0 0x800094fa (0x8f79) x14 0x00000000
core   0: 0x800094fc (0x02822133) mulhsu  sp, tp, s0
core   0: 0 0x800094fc (0x02822133) x2  0x00000000
core   0: 0x80009500 (0x03bcc963) blt     s9, s11, pc + 50
core   0: 0 0x80009500 (0x03bcc963)
core   0: 0x80009504 (0x0ff0000f) fence   iorw,iorw
core   0: 0 0x80009504 (0x0ff0000f)
core   0: 0x80009508 (0x00000e5e) c.slli  t3, 23
core   0: 0 0x80009508 (0x0e5e) x28 0x00000000
core   0: 0x8000950a (0x01659ab3) sll     s5, a1, s6
core   0: 0 0x8000950a (0x01659ab3) x21 0x79600000
core   0: 0x8000950e (0x00399833) sll     a6, s3, gp
core   0: 0 0x8000950e (0x00399833) x16 0xfffffffc
core   0: 0x80009512 (0x03afa833) mulhsu  a6, t6, s10
core   0: 0 0x80009512 (0x03afa833) x16 0xc0001f61
core   0: 0x80009516 (0x0272e833) rem     a6, t0, t2
core   0: 0 0x80009516 (0x0272e833) x16 0xfffffb26
core   0: 0x8000951a (0x90084693) xori    a3, a6, -1792
core   0: 0 0x8000951a (0x90084693) x13 0x00000226
core   0: 0x8000951e (0x0000ce01) c.beqz  a2, pc + 24
core   0: 0 0x8000951e (0xce01)
core   0: 0x80009520 (0x00f54463) blt     a0, a5, pc + 8
core   0: 0 0x80009520 (0x00f54463)
core   0: 0x80009528 (0x000099ce) c.add   s3, s3
core   0: 0 0x80009528 (0x99ce) x19 0xfffffffe
core   0: 0x8000952a (0x0000100f) fence.i
core   0: 0 0x8000952a (0x0000100f)
core   0: 0x8000952e (0x025c7f33) remu    t5, s8, t0
core   0: 0 0x8000952e (0x025c7f33) x30 0x00000000
core   0: 0x80009532 (0x01990bb3) add     s7, s2, s9
core   0: 0 0x80009532 (0x01990bb3) x23 0x325ee430
core   0: 0x80009536 (0xd2c4b913) sltiu   s2, s1, -724
core   0: 0 0x80009536 (0xd2c4b913) x18 0x00000001
core   0: 0x8000953a (0x00008f51) c.or    a4, a2
core   0: 0 0x8000953a (0x8f51) x14 0x80021e58
core   0: 0x8000953c (0x407ed3b3) sra     t2, t4, t2
core   0: 0 0x8000953c (0x407ed3b3) x7  0x00015908
core   0: 0x80009540 (0x01d98633) add     a2, s3, t4
core   0: 0 0x80009540 (0x01d98633) x12 0x0ac844d6
core   0: 0x80009544 (0x030216b3) mulh    a3, tp, a6
core   0: 0 0x80009544 (0x030216b3) x13 0xffffffff
core   0: 0x80009548 (0x00de0b63) beq     t3, a3, pc + 22
core   0: 0 0x80009548 (0x00de0b63)
core   0: 0x8000954c (0x1fb9cd93) xori    s11, s3, 507
core   0: 0 0x8000954c (0x1fb9cd93) x27 0xfffffe05
core   0: 0x80009550 (0x0000ce8d) c.beqz  a3, pc + 58
core   0: 0 0x80009550 (0xce8d)
core   0: 0x80009552 (0x0dd36417) auipc   s0, 0xdd36
core   0: 0 0x80009552 (0x0dd36417) x8  0x8dd3f552
core   0: 0x80009556 (0x00f70a33) add     s4, a4, a5
core   0: 0 0x80009556 (0x00f70a33) x20 0xc00220a9
core   0: 0x8000955a (0x02cce9b3) rem     s3, s9, a2
core   0: 0 0x8000955a (0x02cce9b3) x19 0x00000000
core   0: 0x8000955e (0x0191ddb3) srl     s11, gp, s9
core   0: 0 0x8000955e (0x0191ddb3) x27 0xd5f41242
core   0: 0x80009562 (0x00008c11) c.sub   s0, a2
core   0: 0 0x80009562 (0x8c11) x8  0x830bb07c
core   0: 0x80009564 (0x0000039c) c.addi4spn a5, sp, 448
core   0: 0 0x80009564 (0x039c) x15 0x000001c0
core   0: 0x80009566 (0x00e64863) blt     a2, a4, pc + 16
core   0: 0 0x80009566 (0x00e64863)
core   0: 0x8000956a (0x000083b1) c.srli  a5, 12
core   0: 0 0x8000956a (0x83b1) x15 0x00000000
core   0: 0x8000956c (0x02e5eb33) rem     s6, a1, a4
core   0: 0 0x8000956c (0x02e5eb33) x22 0x00000000
core   0: 0x80009570 (0x000087d1) c.srai  a5, 20
core   0: 0 0x80009570 (0x87d1) x15 0x00000000
core   0: 0x80009572 (0x0ff0000f) fence   iorw,iorw
core   0: 0 0x80009572 (0x0ff0000f)
core   0: 0x80009576 (0x02099663) bnez    s3, pc + 44
core   0: 0 0x80009576 (0x02099663)
core   0: 0x8000957a (0x00581463) bne     a6, t0, pc + 8
core   0: 0 0x8000957a (0x00581463)
core   0: 0x80009582 (0x00c18d33) add     s10, gp, a2
core   0: 0 0x80009582 (0x00c18d33) x26 0xe0bc5718
core   0: 0x80009586 (0x00394a63) blt     s2, gp, pc + 20
core   0: 0 0x80009586 (0x00394a63)
core   0: 0x8000958a (0x0000e41d) c.bnez  s0, pc + 46
core   0: 0 0x8000958a (0xe41d)
core   0: 0x800095b8 (0xc77c8513) addi    a0, s9, -905
core   0: 0 0x800095b8 (0xc77c8513) x10 0xfffffc77
core   0: 0x800095bc (0x026cc933) div     s2, s9, t1
core   0: 0 0x800095bc (0x026cc933) x18 0xffffffff
core   0: 0x800095c0 (0x0ff0000f) fence   iorw,iorw
core   0: 0 0x800095c0 (0x0ff0000f)
core   0: 0x800095c4 (0x7c7e0e93) addi    t4, t3, 1991
core   0: 0 0x800095c4 (0x7c7e0e93) x29 0x000007c7
core   0: 0x800095c8 (0x02de0e33) mul     t3, t3, a3
core   0: 0 0x800095c8 (0x02de0e33) x28 0x00000000
core   0: 0x800095cc (0x0ff0000f) fence   iorw,iorw
core   0: 0 0x800095cc (0x0ff0000f)
core   0: 0x800095d0 (0x030e5863) bge     t3, a6, pc + 48
core   0: 0 0x800095d0 (0x030e5863)
core   0: 0x80009600 (0xdfe70413) addi    s0, a4, -514
core   0: 0 0x80009600 (0xdfe70413) x8  0x80021c56
core   0: 0x80009604 (0x00f0a9b3) slt     s3, ra, a5
core   0: 0 0x80009604 (0x00f0a9b3) x19 0x00000000
core   0: 0x80009608 (0x00008fa5) c.xor   a5, s1
core   0: 0 0x80009608 (0x8fa5) x15 0x00000000
core   0: 0x8000960a (0x3c30c813) xori    a6, ra, 963
core   0: 0 0x8000960a (0x3c30c813) x16 0x000053c3
core   0: 0x8000960e (0x40c45533) sra     a0, s0, a2
core   0: 0 0x8000960e (0x40c45533) x10 0xfffffe00
core   0: 0x80009612 (0x00555793) srli    a5, a0, 5
core   0: 0 0x80009612 (0x00555793) x15 0x07fffff0
core   0: 0x80009616 (0x017eadb3) slt     s11, t4, s7
core   0: 0 0x80009616 (0x017eadb3) x27 0x00000001
core   0: 0x8000961a (0x01d41133) sll     sp, s0, t4
core   0: 0 0x8000961a (0x01d41133) x2  0x010e2b00
core   0: 0x8000961e (0x03e438b3) mulhu   a7, s0, t5
core   0: 0 0x8000961e (0x03e438b3) x17 0x00000000
core   0: 0x80009622 (0x000007b2) c.slli  a5, 12
core   0: 0 0x80009622 (0x07b2) x15 0xffff0000
core   0: 0x80009624 (0x01168b33) add     s6, a3, a7
core   0: 0 0x80009624 (0x01168b33) x22 0xffffffff
core   0: 0x80009628 (0x00000001) c.nop
core   0: 0 0x80009628 (0x0001)
core   0: 0x8000962a (0x0369f2b3) remu    t0, s3, s6
core   0: 0 0x8000962a (0x0369f2b3) x5  0x00000000
core   0: 0x8000962e (0x728f2093) slti    ra, t5, 1832
core   0: 0 0x8000962e (0x728f2093) x1  0x00000001
core   0: 0x80009632 (0x016134b3) sltu    s1, sp, s6
core   0: 0 0x80009632 (0x016134b3) x9  0x00000001
core   0: 0x80009636 (0x00006661) c.lui   a2, 0x18
core   0: 0 0x80009636 (0x6661) x12 0x00018000
core   0: 0x80009638 (0x3d6b3513) sltiu   a0, s6, 982
core   0: 0 0x80009638 (0x3d6b3513) x10 0x00000000
core   0: 0x8000963c (0x00008d29) c.xor   a0, a0
core   0: 0 0x8000963c (0x8d29) x10 0x00000000
core   0: 0x8000963e (0xd9f3b793) sltiu   a5, t2, -609
core   0: 0 0x8000963e (0xd9f3b793) x15 0x00000001
core   0: 0x80009642 (0x000052fd) c.li    t0, -1
core   0: 0 0x80009642 (0x52fd) x5  0xffffffff
core   0: 0x80009644 (0x0037c8b3) xor     a7, a5, gp
core   0: 0 0x80009644 (0x0037c8b3) x17 0xd5f41243
core   0: 0x80009648 (0x7143a413) slti    s0, t2, 1812
core   0: 0 0x80009648 (0x7143a413) x8  0x00000000
core   0: 0x8000964c (0xe2ff8e93) addi    t4, t6, -465
core   0: 0 0x8000964c (0xe2ff8e93) x29 0x80025b13
core   0: 0x80009650 (0x020ae533) rem     a0, s5, zero
core   0: 0 0x80009650 (0x020ae533) x10 0x79600000
core   0: 0x80009654 (0x01cb5d33) srl     s10, s6, t3
core   0: 0 0x80009654 (0x01cb5d33) x26 0xffffffff
core   0: 0x80009658 (0x032ebf33) mulhu   t5, t4, s2
core   0: 0 0x80009658 (0x032ebf33) x30 0x80025b12
core   0: 0x8000965c (0x0000c3b1) c.beqz  a5, pc + 68
core   0: 0 0x8000965c (0xc3b1)
core   0: 0x8000965e (0x0037d293) srli    t0, a5, 3
core   0: 0 0x8000965e (0x0037d293) x5  0x00000000
core   0: 0x80009662 (0x007facb3) slt     s9, t6, t2
core   0: 0 0x80009662 (0x007facb3) x25 0x00000001
core   0: 0x80009666 (0x01d9b6b3) sltu    a3, s3, t4
core   0: 0 0x80009666 (0x01d9b6b3) x13 0x00000001
core   0: 0x8000966a (0x41a9d833) sra     a6, s3, s10
core   0: 0 0x8000966a (0x41a9d833) x16 0x00000000
core   0: 0x8000966e (0xca0a7a13) andi    s4, s4, -864
core   0: 0 0x8000966e (0xca0a7a13) x20 0xc00220a0
core   0: 0x80009672 (0x037059b3) divu    s3, zero, s7
core   0: 0 0x80009672 (0x037059b3) x19 0x00000000
core   0: 0x80009676 (0x0000527d) c.li    tp, -1
core   0: 0 0x80009676 (0x527d) x4  0xffffffff
core   0: 0x80009678 (0x00008ca5) c.xor   s1, s1
core   0: 0 0x80009678 (0x8ca5) x9  0x00000000
core   0: 0x8000967a (0x00008031) c.srli  s0, 12
core   0: 0 0x8000967a (0x8031) x8  0x00000000
core   0: 0x8000967c (0x014d1693) slli    a3, s10, 20
core   0: 0 0x8000967c (0x014d1693) x13 0xfff00000
core   0: 0x80009680 (0x03ce7033) remu    zero, t3, t3
core   0: 0 0x80009680 (0x03ce7033)
core   0: 0x80009684 (0x01c16db3) or      s11, sp, t3
core   0: 0 0x80009684 (0x01c16db3) x27 0x010e2b00
core   0: 0x80009688 (0x00008951) c.andi  a0, 20
core   0: 0 0x80009688 (0x8951) x10 0x00000000
core   0: 0x8000968a (0x61518493) addi    s1, gp, 1557
core   0: 0 0x8000968a (0x61518493) x9  0xd5f41857
core   0: 0x8000968e (0x03b7f433) remu    s0, a5, s11
core   0: 0 0x8000968e (0x03b7f433) x8  0x00000001
core   0: 0x80009692 (0x00008f25) c.xor   a4, s1
core   0: 0 0x80009692 (0x8f25) x14 0x55f6060f
core   0: 0x80009694 (0xda210a93) addi    s5, sp, -606
core   0: 0 0x80009694 (0xda210a93) x21 0x010e28a2
core   0: 0x80009698 (0xc30ecd93) xori    s11, t4, -976
core   0: 0 0x80009698 (0xc30ecd93) x27 0x7ffda723
core   0: 0x8000969c (0x0080d233) srl     tp, ra, s0
core   0: 0 0x8000969c (0x0080d233) x4  0x00000000
core   0: 0x800096a0 (0x0000100f) fence.i
core   0: 0 0x800096a0 (0x0000100f)
core   0: 0x800096a4 (0x35e47693) andi    a3, s0, 862
core   0: 0 0x800096a4 (0x35e47693) x13 0x00000000
core   0: 0x800096a8 (0x01ee1493) slli    s1, t3, 30
core   0: 0 0x800096a8 (0x01ee1493) x9  0x00000000
core   0: 0x800096ac (0x0000ef99) c.bnez  a5, pc + 30
core   0: 0 0x800096ac (0xef99)
core   0: 0x800096ca (0x02b7dcb3) divu    s9, a5, a1
core   0: 0 0x800096ca (0x02b7dcb3) x25 0x00000000
core   0: 0x800096ce (0x00008865) c.andi  s0, 25
core   0: 0 0x800096ce (0x8865) x8  0x00000001
core   0: 0x800096d0 (0x00000b00) c.addi4spn s0, sp, 400
core   0: 0 0x800096d0 (0x0b00) x8  0x010e2c90
core   0: 0x800096d2 (0x00001d14) c.addi4spn a3, sp, 688
core   0: 0 0x800096d2 (0x1d14) x13 0x010e2db0
core   0: 0x800096d4 (0x0221d233) divu    tp, gp, sp
core   0: 0 0x800096d4 (0x0221d233) x4  0x000000ca
core   0: 0x800096d8 (0x0b533117) auipc   sp, 0xb533
core   0: 0 0x800096d8 (0x0b533117) x2  0x8b53c6d8
core   0: 0x800096dc (0x00b94463) blt     s2, a1, pc + 8
core   0: 0 0x800096dc (0x00b94463)
core   0: 0x800096e0 (0x01868b63) beq     a3, s8, pc + 22
core   0: 0 0x800096e0 (0x01868b63)
core   0: 0x800096e4 (0x00aef433) and     s0, t4, a0
core   0: 0 0x800096e4 (0x00aef433) x8  0x00000000
core   0: 0x800096e8 (0x0296cf33) div     t5, a3, s1
core   0: 0 0x800096e8 (0x0296cf33) x30 0xffffffff
core   0: 0x800096ec (0x02cfb013) sltiu   zero, t6, 44
core   0: 0 0x800096ec (0x02cfb013)
core   0: 0x800096f0 (0x00008e41) c.or    a2, s0
core   0: 0 0x800096f0 (0x8e41) x12 0x00018000
core   0: 0x800096f2 (0x094cf493) andi    s1, s9, 148
core   0: 0 0x800096f2 (0x094cf493) x9  0x00000000
core   0: 0x800096f6 (0x01c42e33) slt     t3, s0, t3
core   0: 0 0x800096f6 (0x01c42e33) x28 0x00000000
core   0: 0x800096fa (0x01712633) slt     a2, sp, s7
core   0: 0 0x800096fa (0x01712633) x12 0x00000001
core   0: 0x800096fe (0x40ee8ab3) sub     s5, t4, a4
core   0: 0 0x800096fe (0x40ee8ab3) x21 0x2a0c5504
core   0: 0x80009702 (0x00008f05) c.sub   a4, s1
core   0: 0 0x80009702 (0x8f05) x14 0x55f6060f
core   0: 0x80009704 (0x0000ea9d) c.bnez  a3, pc + 54
core   0: 0 0x80009704 (0xea9d)
core   0: 0x8000973a (0x0000988e) c.add   a7, gp
core   0: 0 0x8000973a (0x988e) x17 0xabe82485
core   0: 0x8000973c (0x008c0263) beq     s8, s0, pc + 4
core   0: 0 0x8000973c (0x008c0263)
core   0: 0x80009740 (0x0160c963) blt     ra, s6, pc + 18
core   0: 0 0x80009740 (0x0160c963)
core   0: 0x80009744 (0x001cd913) srli    s2, s9, 1
core   0: 0 0x80009744 (0x001cd913) x18 0x00000000
core   0: 0x80009748 (0x6fc12113) slti    sp, sp, 1788
core   0: 0 0x80009748 (0x6fc12113) x2  0x00000001
core   0: 0x8000974c (0x00006d21) c.lui   s10, 0x8
core   0: 0 0x8000974c (0x6d21) x26 0x00008000
core   0: 0x8000974e (0x037e9b63) bne     t4, s7, pc + 54
core   0: 0 0x8000974e (0x037e9b63)
core   0: 0x80009784 (0x031cf233) remu    tp, s9, a7
core   0: 0 0x80009784 (0x031cf233) x4  0x00000000
core   0: 0x80009788 (0x01421eb3) sll     t4, tp, s4
core   0: 0 0x80009788 (0x01421eb3) x29 0x00000000
core   0: 0x8000978c (0x0000997d) c.andi  a0, -1
core   0: 0 0x8000978c (0x997d) x10 0x00000000
core   0: 0x8000978e (0x039ae763) bltu    s5, s9, pc + 46
core   0: 0 0x8000978e (0x039ae763)
core   0: 0x80009792 (0x00a80e33) add     t3, a6, a0
core   0: 0 0x80009792 (0x00a80e33) x28 0x00000000
core   0: 0x80009796 (0xba5a87b7) lui     a5, 0xba5a8
core   0: 0 0x80009796 (0xba5a87b7) x15 0xba5a8000
core   0: 0x8000979a (0x409f0e33) sub     t3, t5, s1
core   0: 0 0x8000979a (0x409f0e33) x28 0xffffffff
core   0: 0x8000979e (0x414652b3) sra     t0, a2, s4
core   0: 0 0x8000979e (0x414652b3) x5  0x00000001
core   0: 0x800097a2 (0x023447b3) div     a5, s0, gp
core   0: 0 0x800097a2 (0x023447b3) x15 0x00000000
core   0: 0x800097a6 (0x020bd733) divu    a4, s7, zero
core   0: 0 0x800097a6 (0x020bd733) x14 0xffffffff
core   0: 0x800097aa (0x00008cf9) c.and   s1, a4
core   0: 0 0x800097aa (0x8cf9) x9  0x00000000
core   0: 0x800097ac (0x0000997d) c.andi  a0, -1
core   0: 0 0x800097ac (0x997d) x10 0x00000000
core   0: 0x800097ae (0x00000a9c) c.addi4spn a5, sp, 336
core   0: 0 0x800097ae (0x0a9c) x15 0x00000151
core   0: 0x800097b0 (0x4165db13) srai    s6, a1, 22
core   0: 0 0x800097b0 (0x4165db13) x22 0xfffffe00
core   0: 0x800097b4 (0x0326c263) blt     a3, s2, pc + 36
core   0: 0 0x800097b4 (0x0326c263)
core   0: 0x800097b8 (0x00000001) c.nop
core   0: 0 0x800097b8 (0x0001)
core   0: 0x800097ba (0x00008ea5) c.xor   a3, s1
core   0: 0 0x800097ba (0x8ea5) x13 0x010e2db0
core   0: 0x800097bc (0x95d7fa13) andi    s4, a5, -1699
core   0: 0 0x800097bc (0x95d7fa13) x20 0x00000151
core   0: 0x800097c0 (0x00008e5d) c.or    a2, a5
core   0: 0 0x800097c0 (0x8e5d) x12 0x00000151
core   0: 0x800097c2 (0x0000e129) c.bnez  a0, pc + 66
core   0: 0 0x800097c2 (0xe129)
core   0: 0x800097c4 (0xac0b3eb7) lui     t4, 0xac0b3
core   0: 0 0x800097c4 (0xac0b3eb7) x29 0xac0b3000
core   0: 0x800097c8 (0x03df2f33) mulhsu  t5, t5, t4
core   0: 0 0x800097c8 (0x03df2f33) x30 0xffffffff
core   0: 0x800097cc (0x02dcf433) remu    s0, s9, a3
core   0: 0 0x800097cc (0x02dcf433) x8  0x00000000
core   0: 0x800097d0 (0xc609b213) sltiu   tp, s3, -928
core   0: 0 0x800097d0 (0xc609b213) x4  0x00000001
core   0: 0x800097d4 (0x0ff0000f) fence   iorw,iorw
core   0: 0 0x800097d4 (0x0ff0000f)
core   0: 0x800097d8 (0x0226b133) mulhu   sp, a3, sp
core   0: 0 0x800097d8 (0x0226b133) x2  0x00000000
core   0: 0x800097dc (0x02c1abb3) mulhsu  s7, gp, a2
core   0: 0 0x800097dc (0x02c1abb3) x23 0xffffffc8
core   0: 0x800097e0 (0x32d5fd93) andi    s11, a1, 813
core   0: 0 0x800097e0 (0x32d5fd93) x27 0x00000208
core   0: 0x800097e4 (0x03b068b3) rem     a7, zero, s11
core   0: 0 0x800097e4 (0x03b068b3) x17 0x00000000
core   0: 0x800097e8 (0x000066dd) c.lui   a3, 0x17
core   0: 0 0x800097e8 (0x66dd) x13 0x00017000
core   0: 0x800097ea (0x00008eaa) c.mv    t4, a0
core   0: 0 0x800097ea (0x8eaa) x29 0x00000000
core   0: 0x800097ec (0x00000e90) c.addi4spn a2, sp, 848
core   0: 0 0x800097ec (0x0e90) x12 0x00000350
core   0: 0x800097ee (0x035bb9b3) mulhu   s3, s7, s5
core   0: 0 0x800097ee (0x035bb9b3) x19 0x2a0c54fa
core   0: 0x800097f2 (0x010a2733) slt     a4, s4, a6
core   0: 0 0x800097f2 (0x010a2733) x14 0x00000000
core   0: 0x800097f6 (0x022299b3) mulh    s3, t0, sp
core   0: 0 0x800097f6 (0x022299b3) x19 0x00000000
core   0: 0x800097fa (0x00008b51) c.andi  a4, 20
core   0: 0 0x800097fa (0x8b51) x14 0x00000000
core   0: 0x800097fc (0x00001008) c.addi4spn a0, sp, 32
core   0: 0 0x800097fc (0x1008) x10 0x00000020
core   0: 0x800097fe (0x000082a1) c.srli  a3, 8
core   0: 0 0x800097fe (0x82a1) x13 0x00000170
core   0: 0x80009800 (0xad682393) slti    t2, a6, -1322
core   0: 0 0x80009800 (0xad682393) x7  0x00000000
core   0: 0x80009804 (0x0000ee1d) c.bnez  a2, pc + 62
core   0: 0 0x80009804 (0xee1d)
core   0: 0x80009842 (0x00008e15) c.sub   a2, a3
core   0: 0 0x80009842 (0x8e15) x12 0x000001e0
core   0: 0x80009844 (0x0000617d) c.addi16sp sp, 496
core   0: 0 0x80009844 (0x617d) x2  0x000001f0
core   0: 0x80009846 (0x01525a33) srl     s4, tp, s5
core   0: 0 0x80009846 (0x01525a33) x20 0x00000000
core   0: 0x8000984a (0x0000547d) c.li    s0, -1
core   0: 0 0x8000984a (0x547d) x8  0xffffffff
core   0: 0x8000984c (0x00006c79) c.lui   s8, 0x1e
core   0: 0 0x8000984c (0x6c79) x24 0x0001e000
core   0: 0x8000984e (0x029cd2b3) divu    t0, s9, s1
core   0: 0 0x8000984e (0x029cd2b3) x5  0xffffffff
core   0: 0x80009852 (0x038471b3) remu    gp, s0, s8
core   0: 0 0x80009852 (0x038471b3) x3  0x0000ffff
core   0: 0x80009856 (0x00006e09) c.lui   t3, 0x2
core   0: 0 0x80009856 (0x6e09) x28 0x00002000
core   0: 0x80009858 (0x003fb2b3) sltu    t0, t6, gp
core   0: 0 0x80009858 (0x003fb2b3) x5  0x00000000
core   0: 0x8000985c (0x013e1413) slli    s0, t3, 19
core   0: 0 0x8000985c (0x013e1413) x8  0x00000000
core   0: 0x80009860 (0x419b0833) sub     a6, s6, s9
core   0: 0 0x80009860 (0x419b0833) x16 0xfffffe00
core   0: 0x80009864 (0x03248a33) mul     s4, s1, s2
core   0: 0 0x80009864 (0x03248a33) x20 0x00000000
core   0: 0x80009868 (0x0000100f) fence.i
core   0: 0 0x80009868 (0x0000100f)
core   0: 0x8000986c (0x0000100f) fence.i
core   0: 0 0x8000986c (0x0000100f)
core   0: 0x80009870 (0x0000100f) fence.i
core   0: 0 0x80009870 (0x0000100f)
core   0: 0x80009874 (0x0170bb33) sltu    s6, ra, s7
core   0: 0 0x80009874 (0x0170bb33) x22 0x00000001
core   0: 0x80009878 (0x0065f1b3) and     gp, a1, t1
core   0: 0 0x80009878 (0x0065f1b3) x3  0x00000000
core   0: 0x8000987c (0x04781363) bne     a6, t2, pc + 70
core   0: 0 0x8000987c (0x04781363)
core   0: 0x800098c2 (0x02e9dcb3) divu    s9, s3, a4
core   0: 0 0x800098c2 (0x02e9dcb3) x25 0xffffffff
core   0: 0x800098c6 (0x40625533) sra     a0, tp, t1
core   0: 0 0x800098c6 (0x40625533) x10 0x00000001
core   0: 0x800098ca (0x00000001) c.nop
core   0: 0 0x800098ca (0x0001)
core   0: 0x800098cc (0x00008135) c.srli  a0, 13
core   0: 0 0x800098cc (0x8135) x10 0x00000000
core   0: 0x800098ce (0x00355133) srl     sp, a0, gp
core   0: 0 0x800098ce (0x00355133) x2  0x00000000
core   0: 0x800098d2 (0x000056fd) c.li    a3, -1
core   0: 0 0x800098d2 (0x56fd) x13 0xffffffff
core   0: 0x800098d4 (0x03391633) mulh    a2, s2, s3
core   0: 0 0x800098d4 (0x03391633) x12 0x00000000
core   0: 0x800098d8 (0x00f01c63) bne     zero, a5, pc + 24
core   0: 0 0x800098d8 (0x00f01c63)
core   0: 0x800098f0 (0x40800933) sub     s2, zero, s0
core   0: 0 0x800098f0 (0x40800933) x18 0x00000000
core   0: 0x800098f4 (0x0000e311) c.bnez  a4, pc + 4
core   0: 0 0x800098f4 (0xe311)
core   0: 0x800098f6 (0x0000080a) c.slli  a6, 2
core   0: 0 0x800098f6 (0x080a) x16 0xfffff800
core   0: 0x800098f8 (0xbb5efb93) andi    s7, t4, -1099
core   0: 0 0x800098f8 (0xbb5efb93) x23 0x00000000
core   0: 0x800098fc (0x0198c1b3) xor     gp, a7, s9
core   0: 0 0x800098fc (0x0198c1b3) x3  0xffffffff
core   0: 0x80009900 (0x00000001) c.nop
core   0: 0 0x80009900 (0x0001)
core   0: 0x80009902 (0x7bbb7713) andi    a4, s6, 1979
core   0: 0 0x80009902 (0x7bbb7713) x14 0x00000001
core   0: 0x80009906 (0x33b64093) xori    ra, a2, 827
core   0: 0 0x80009906 (0x33b64093) x1  0x0000033b
core   0: 0x8000990a (0x7095b993) sltiu   s3, a1, 1801
core   0: 0 0x8000990a (0x7095b993) x19 0x00000000
core   0: 0x8000990e (0x01d5e8b3) or      a7, a1, t4
core   0: 0 0x8000990e (0x01d5e8b3) x17 0x80021e58
core   0: 0x80009912 (0x31797897) auipc   a7, 0x31797
core   0: 0 0x80009912 (0x31797897) x17 0xb17a0912
core   0: 0x80009916 (0x413054b3) sra     s1, zero, s3
core   0: 0 0x80009916 (0x413054b3) x9  0x00000000
core   0: 0x8000991a (0x0000e40d) c.bnez  s0, pc + 42
core   0: 0 0x8000991a (0xe40d)
core   0: 0x8000991c (0x033569b3) rem     s3, a0, s3
core   0: 0 0x8000991c (0x033569b3) x19 0x00000000
core   0: 0x80009920 (0x0115d533) srl     a0, a1, a7
core   0: 0 0x80009920 (0x0115d533) x10 0x00002000
core   0: 0x80009924 (0x00a75bb3) srl     s7, a4, a0
core   0: 0 0x80009924 (0x00a75bb3) x23 0x00000001
core   0: 0x80009928 (0x00008e15) c.sub   a2, a3
core   0: 0 0x80009928 (0x8e15) x12 0x00000001
core   0: 0x8000992a (0x00000001) c.nop
core   0: 0 0x8000992a (0x0001)
core   0: 0x8000992c (0x000082f5) c.srli  a3, 29
core   0: 0 0x8000992c (0x82f5) x13 0x00000007
core   0: 0x8000992e (0x0014d2b3) srl     t0, s1, ra
core   0: 0 0x8000992e (0x0014d2b3) x5  0x00000000
core   0: 0x80009932 (0x02fdf533) remu    a0, s11, a5
core   0: 0 0x80009932 (0x02fdf533) x10 0x000000b7
core   0: 0x80009936 (0x00009eca) c.add   t4, s2
core   0: 0 0x80009936 (0x9eca) x29 0x00000000
core   0: 0x80009938 (0x00001b7d) c.addi  s6, -1
core   0: 0 0x80009938 (0x1b7d) x22 0x00000000
core   0: 0x8000993a (0x003e9a63) bne     t4, gp, pc + 20
core   0: 0 0x8000993a (0x003e9a63)
core   0: 0x8000994e (0x7b16f493) andi    s1, a3, 1969
core   0: 0 0x8000994e (0x7b16f493) x9  0x00000001
core   0: 0x80009952 (0xeeee2a97) auipc   s5, 0xeeee2
core   0: 0 0x80009952 (0xeeee2a97) x21 0x6eeeb952
core   0: 0x80009956 (0x40c00933) sub     s2, zero, a2
core   0: 0 0x80009956 (0x40c00933) x18 0xffffffff
core   0: 0x8000995a (0x03845533) divu    a0, s0, s8
core   0: 0 0x8000995a (0x03845533) x10 0x00000000
core   0: 0x8000995e (0x0a4c3e13) sltiu   t3, s8, 164
core   0: 0 0x8000995e (0x0a4c3e13) x28 0x00000000
core   0: 0x80009962 (0x00008c9d) c.sub   s1, a5
core   0: 0 0x80009962 (0x8c9d) x9  0xfffffeb0
core   0: 0x80009964 (0x000013fd) c.addi  t2, -1
core   0: 0 0x80009964 (0x13fd) x7  0xffffffff
core   0: 0x80009966 (0x094da393) slti    t2, s11, 148
core   0: 0 0x80009966 (0x094da393) x7  0x00000000
core   0: 0x8000996a (0x0104dc93) srli    s9, s1, 16
core   0: 0 0x8000996a (0x0104dc93) x25 0x0000ffff
core   0: 0x8000996e (0x2f168c93) addi    s9, a3, 753
core   0: 0 0x8000996e (0x2f168c93) x25 0x000002f8
core   0: 0x80009972 (0x0000717d) c.addi16sp sp, -16
core   0: 0 0x80009972 (0x717d) x2  0xfffffff0
core   0: 0x80009974 (0x00044733) xor     a4, s0, zero
core   0: 0 0x80009974 (0x00044733) x14 0x00000000
core   0: 0x80009978 (0x017d9993) slli    s3, s11, 23
core   0: 0 0x80009978 (0x017d9993) x19 0x04000000
core   0: 0x8000997c (0x0066d963) bge     a3, t1, pc + 18
core   0: 0 0x8000997c (0x0066d963)
core   0: 0x8000998e (0x01b0ca63) blt     ra, s11, pc + 20
core   0: 0 0x8000998e (0x01b0ca63)
core   0: 0x80009992 (0x02c2ff33) remu    t5, t0, a2
core   0: 0 0x80009992 (0x02c2ff33) x30 0x00000000
core   0: 0x80009996 (0x01e85a33) srl     s4, a6, t5
core   0: 0 0x80009996 (0x01e85a33) x20 0xfffff800
core   0: 0x8000999a (0xf76d3713) sltiu   a4, s10, -138
core   0: 0 0x8000999a (0xf76d3713) x14 0x00000001
core   0: 0x8000999e (0x00008c05) c.sub   s0, s1
core   0: 0 0x8000999e (0x8c05) x8  0x00000150
core   0: 0x800099a0 (0x00008255) c.srli  a2, 21
core   0: 0 0x800099a0 (0x8255) x12 0x00000000
core   0: 0x800099a2 (0x01890a63) beq     s2, s8, pc + 20
core   0: 0 0x800099a2 (0x01890a63)
core   0: 0x800099a6 (0x0096a1b3) slt     gp, a3, s1
core   0: 0 0x800099a6 (0x0096a1b3) x3  0x00000000
core   0: 0x800099aa (0x03a74133) div     sp, a4, s10
core   0: 0 0x800099aa (0x03a74133) x2  0x00000000
core   0: 0x800099ae (0x00000c75) c.addi  s8, 29
core   0: 0 0x800099ae (0x0c75) x24 0x0001e01d
core   0: 0x800099b0 (0x00008d15) c.sub   a0, a3
core   0: 0 0x800099b0 (0x8d15) x10 0xfffffff9
core   0: 0x800099b2 (0x02534763) blt     t1, t0, pc + 46
core   0: 0 0x800099b2 (0x02534763)
core   0: 0x800099b6 (0x02143633) mulhu   a2, s0, ra
core   0: 0 0x800099b6 (0x02143633) x12 0x00000000
core   0: 0x800099ba (0x0392cf33) div     t5, t0, s9
core   0: 0 0x800099ba (0x0392cf33) x30 0x00000000
core   0: 0x800099be (0x00008d01) c.sub   a0, s0
core   0: 0 0x800099be (0x8d01) x10 0xfffffea9
core   0: 0x800099c0 (0x0000100f) fence.i
core   0: 0 0x800099c0 (0x0000100f)
core   0: 0x800099c4 (0x02519cb3) mulh    s9, gp, t0
core   0: 0 0x800099c4 (0x02519cb3) x25 0x00000000
core   0: 0x800099c8 (0x00008c4d) c.or    s0, a1
core   0: 0 0x800099c8 (0x8c4d) x8  0x80021f58
core   0: 0x800099ca (0x000083f5) c.srli  a5, 29
core   0: 0 0x800099ca (0x83f5) x15 0x00000000
core   0: 0x800099cc (0x7c404f13) xori    t5, zero, 1988
core   0: 0 0x800099cc (0x7c404f13) x30 0x000007c4
core   0: 0x800099d0 (0x00008395) c.srli  a5, 5
core   0: 0 0x800099d0 (0x8395) x15 0x00000000
core   0: 0x800099d2 (0x20fe6413) ori     s0, t3, 527
core   0: 0 0x800099d2 (0x20fe6413) x8  0x0000020f
core   0: 0x800099d6 (0x00cc1233) sll     tp, s8, a2
core   0: 0 0x800099d6 (0x00cc1233) x4  0x0001e01d
core   0: 0x800099da (0x0306d063) bge     a3, a6, pc + 32
core   0: 0 0x800099da (0x0306d063)
core   0: 0x800099fa (0x00000001) c.nop
core   0: 0 0x800099fa (0x0001)
core   0: 0x800099fc (0x00008135) c.srli  a0, 13
core   0: 0 0x800099fc (0x8135) x10 0x0007ffff
core   0: 0x800099fe (0x03154e63) blt     a0, a7, pc + 60
core   0: 0 0x800099fe (0x03154e63)
core   0: 0x80009a02 (0x005beb63) bltu    s7, t0, pc + 22
core   0: 0 0x80009a02 (0x005beb63)
core   0: 0x80009a06 (0xe296a693) slti    a3, a3, -471
core   0: 0 0x80009a06 (0xe296a693) x13 0x00000000
core   0: 0x80009a0a (0x037bc263) blt     s7, s7, pc + 36
core   0: 0 0x80009a0a (0x037bc263)
core   0: 0x80009a0e (0x0109fe63) bgeu    s3, a6, pc + 28
core   0: 0 0x80009a0e (0x0109fe63)
core   0: 0x80009a12 (0x00000001) c.nop
core   0: 0 0x80009a12 (0x0001)
core   0: 0x80009a14 (0x41325a33) sra     s4, tp, s3
core   0: 0 0x80009a14 (0x41325a33) x20 0x0001e01d
core   0: 0x80009a18 (0x0000895e) c.mv    s2, s7
core   0: 0 0x80009a18 (0x895e) x18 0x00000001
core   0: 0x80009a1a (0x000080b9) c.srli  s1, 14
core   0: 0 0x80009a1a (0x80b9) x9  0x0003ffff
core   0: 0x80009a1c (0x3280c4b7) lui     s1, 0x3280c
core   0: 0 0x80009a1c (0x3280c4b7) x9  0x3280c000
core   0: 0x80009a20 (0x01a2d713) srli    a4, t0, 26
core   0: 0 0x80009a20 (0x01a2d713) x14 0x00000000
core   0: 0x80009a24 (0x00008559) c.srai  a0, 22
core   0: 0 0x80009a24 (0x8559) x10 0x00000000
core   0: 0x80009a26 (0x00b93ab3) sltu    s5, s2, a1
core   0: 0 0x80009a26 (0x00b93ab3) x21 0x00000001
core   0: 0x80009a2a (0x40d6d513) srai    a0, a3, 13
core   0: 0 0x80009a2a (0x40d6d513) x10 0x00000000
core   0: 0x80009a2e (0x002a1d33) sll     s10, s4, sp
core   0: 0 0x80009a2e (0x002a1d33) x26 0x0001e01d
core   0: 0x80009a32 (0x00c29613) slli    a2, t0, 12
core   0: 0 0x80009a32 (0x00c29613) x12 0x00000000
core   0: 0x80009a36 (0x01c72ab3) slt     s5, a4, t3
core   0: 0 0x80009a36 (0x01c72ab3) x21 0x00000000
core   0: 0x80009a3a (0x91868193) addi    gp, a3, -1768
core   0: 0 0x80009a3a (0x91868193) x3  0xfffff918
core   0: 0x80009a3e (0x030218b3) mulh    a7, tp, a6
core   0: 0 0x80009a3e (0x030218b3) x17 0xffffffff
core   0: 0x80009a42 (0x411e52b3) sra     t0, t3, a7
core   0: 0 0x80009a42 (0x411e52b3) x5  0x00000000
core   0: 0x80009a46 (0x0207d8b3) divu    a7, a5, zero
core   0: 0 0x80009a46 (0x0207d8b3) x17 0xffffffff
core   0: 0x80009a4a (0x03461b33) mulh    s6, a2, s4
core   0: 0 0x80009a4a (0x03461b33) x22 0x00000000
core   0: 0x80009a4e (0x00001c00) c.addi4spn s0, sp, 560
core   0: 0 0x80009a4e (0x1c00) x8  0x00000230
core   0: 0x80009a50 (0x00006169) c.addi16sp sp, 208
core   0: 0 0x80009a50 (0x6169) x2  0x000000d0
core   0: 0x80009a52 (0x0000dd33) srl     s10, ra, zero
core   0: 0 0x80009a52 (0x0000dd33) x26 0x0000033b
core   0: 0x80009a56 (0x00d6e363) bltu    a3, a3, pc + 6
core   0: 0 0x80009a56 (0x00d6e363)
core   0: 0x80009a5a (0x00001598) c.addi4spn a4, sp, 736
core   0: 0 0x80009a5a (0x1598) x14 0x000003b0
core   0: 0x80009a5c (0x00000001) c.nop
core   0: 0 0x80009a5c (0x0001)
core   0: 0x80009a5e (0x04b84263) blt     a6, a1, pc + 68
core   0: 0 0x80009a5e (0x04b84263)
core   0: 0x80009a62 (0x03794d33) div     s10, s2, s7
core   0: 0 0x80009a62 (0x03794d33) x26 0x00000001
core   0: 0x80009a66 (0x01e71cb3) sll     s9, a4, t5
core   0: 0 0x80009a66 (0x01e71cb3) x25 0x00003b00
core   0: 0x80009a6a (0x025bcc33) div     s8, s7, t0
core   0: 0 0x80009a6a (0x025bcc33) x24 0xffffffff
core   0: 0x80009a6e (0x03a0f933) remu    s2, ra, s10
core   0: 0 0x80009a6e (0x03a0f933) x18 0x00000000
core   0: 0x80009a72 (0x0000979e) c.add   a5, t2
core   0: 0 0x80009a72 (0x979e) x15 0x00000000
core   0: 0x80009a74 (0x00009252) c.add   tp, s4
core   0: 0 0x80009a74 (0x9252) x4  0x0003c03a
core   0: 0x80009a76 (0xfbd63c13) sltiu   s8, a2, -67
core   0: 0 0x80009a76 (0xfbd63c13) x24 0x00000001
core   0: 0x80009a7a (0x02d85433) divu    s0, a6, a3
core   0: 0 0x80009a7a (0x02d85433) x8  0xffffffff
core   0: 0x80009a7e (0x03acddb3) divu    s11, s9, s10
core   0: 0 0x80009a7e (0x03acddb3) x27 0x00003b00
core   0: 0x80009a82 (0x02b18ab3) mul     s5, gp, a1
core   0: 0 0x80009a82 (0x02b18ab3) x21 0xf15e7040
core   0: 0x80009a86 (0x0165b2b3) sltu    t0, a1, s6
core   0: 0 0x80009a86 (0x0165b2b3) x5  0x00000000
core   0: 0x80009a8a (0x015d9713) slli    a4, s11, 21
core   0: 0 0x80009a8a (0x015d9713) x14 0x60000000
core   0: 0x80009a8e (0xd5accd13) xori    s10, s9, -678
core   0: 0 0x80009a8e (0xd5accd13) x26 0xffffc65a
core   0: 0x80009a92 (0x00008d71) c.and   a0, a2
core   0: 0 0x80009a92 (0x8d71) x10 0x00000000
core   0: 0x80009a94 (0x01f142b3) xor     t0, sp, t6
core   0: 0 0x80009a94 (0x01f142b3) x5  0x80025c34
core   0: 0x80009a98 (0xe61d6493) ori     s1, s10, -415
core   0: 0 0x80009a98 (0xe61d6493) x9  0xfffffe7b
core   0: 0x80009a9c (0x02834363) blt     t1, s0, pc + 38
core   0: 0 0x80009a9c (0x02834363)
core   0: 0x80009aa0 (0x00008ec5) c.or    a3, s1
core   0: 0 0x80009aa0 (0x8ec5) x13 0xfffffe7b
core   0: 0x80009aa2 (0x00af4733) xor     a4, t5, a0
core   0: 0 0x80009aa2 (0x00af4733) x14 0x000007c4
core   0: 0x80009aa6 (0x01d667b3) or      a5, a2, t4
core   0: 0 0x80009aa6 (0x01d667b3) x15 0x00000000
core   0: 0x80009aaa (0x000096f2) c.add   a3, t3
core   0: 0 0x80009aaa (0x96f2) x13 0xfffffe7b
core   0: 0x80009aac (0x00009b7e) c.add   s6, t6
core   0: 0 0x80009aac (0x9b7e) x22 0x80025ce4
core   0: 0x80009aae (0xf97a2c17) auipc   s8, 0xf97a2
core   0: 0 0x80009aae (0xf97a2c17) x24 0x797abaae
core   0: 0x80009ab2 (0x0000ca0d) c.beqz  a2, pc + 50
core   0: 0 0x80009ab2 (0xca0d)
core   0: 0x80009ae4 (0x0193d213) srli    tp, t2, 25
core   0: 0 0x80009ae4 (0x0193d213) x4  0x00000000
core   0: 0x80009ae8 (0x04708463) beq     ra, t2, pc + 72
core   0: 0 0x80009ae8 (0x04708463)
core   0: 0x80009aec (0xa5e87013) andi    zero, a6, -1442
core   0: 0 0x80009aec (0xa5e87013)
core   0: 0x80009af0 (0xfc072c13) slti    s8, a4, -64
core   0: 0 0x80009af0 (0xfc072c13) x24 0x00000000
core   0: 0x80009af4 (0x408402b3) sub     t0, s0, s0
core   0: 0 0x80009af4 (0x408402b3) x5  0x00000000
core   0: 0x80009af8 (0x0096b433) sltu    s0, a3, s1
core   0: 0 0x80009af8 (0x0096b433) x8  0x00000000
core   0: 0x80009afc (0x0118fdb3) and     s11, a7, a7
core   0: 0 0x80009afc (0x0118fdb3) x27 0xffffffff
core   0: 0x80009b00 (0x01be20b3) slt     ra, t3, s11
core   0: 0 0x80009b00 (0x01be20b3) x1  0x00000000
core   0: 0x80009b04 (0x017997b3) sll     a5, s3, s7
core   0: 0 0x80009b04 (0x017997b3) x15 0x08000000
core   0: 0x80009b08 (0x02196cb3) rem     s9, s2, ra
core   0: 0 0x80009b08 (0x02196cb3) x25 0x00000000
core   0: 0x80009b0c (0x0246c8b3) div     a7, a3, tp
core   0: 0 0x80009b0c (0x0246c8b3) x17 0xffffffff
core   0: 0x80009b10 (0x75884d93) xori    s11, a6, 1880
core   0: 0 0x80009b10 (0x75884d93) x27 0xffffff58
core   0: 0x80009b14 (0x00d139b3) sltu    s3, sp, a3
core   0: 0 0x80009b14 (0x00d139b3) x19 0x00000001
core   0: 0x80009b18 (0x56e27b93) andi    s7, tp, 1390
core   0: 0 0x80009b18 (0x56e27b93) x23 0x00000000
core   0: 0x80009b1c (0x00008c72) c.mv    s8, t3
core   0: 0 0x80009b1c (0x8c72) x24 0x00000000
core   0: 0x80009b1e (0x00008e19) c.sub   a2, a4
core   0: 0 0x80009b1e (0x8e19) x12 0xfffff83c
core   0: 0x80009b20 (0x3c0ffc93) andi    s9, t6, 960
core   0: 0 0x80009b20 (0x3c0ffc93) x25 0x000000c0
core   0: 0x80009b24 (0x00cf6963) bltu    t5, a2, pc + 18
core   0: 0 0x80009b24 (0x00cf6963)
core   0: 0x80009b36 (0x7777cc13) xori    s8, a5, 1911
core   0: 0 0x80009b36 (0x7777cc13) x24 0x08000777
core   0: 0x80009b3a (0x03d4f233) remu    tp, s1, t4
core   0: 0 0x80009b3a (0x03d4f233) x4  0xfffffe7b
core   0: 0x80009b3e (0x00005dfd) c.li    s11, -1
core   0: 0 0x80009b3e (0x5dfd) x27 0xffffffff
core   0: 0x80009b40 (0x3ed8b413) sltiu   s0, a7, 1005
core   0: 0 0x80009b40 (0x3ed8b413) x8  0x00000000
core   0: 0x80009b44 (0x00009bfd) c.andi  a5, -1
core   0: 0 0x80009b44 (0x9bfd) x15 0x08000000
core   0: 0x80009b46 (0x03e786b3) mul     a3, a5, t5
core   0: 0 0x80009b46 (0x03e786b3) x13 0x20000000
core   0: 0x80009b4a (0x019b86b3) add     a3, s7, s9
core   0: 0 0x80009b4a (0x019b86b3) x13 0x000000c0
core   0: 0x80009b4e (0x00fa1c93) slli    s9, s4, 15
core   0: 0 0x80009b4e (0x00fa1c93) x25 0xf00e8000
core   0: 0x80009b52 (0x0000421d) c.li    tp, 7
core   0: 0 0x80009b52 (0x421d) x4  0x00000007
core   0: 0x80009b54 (0x41ba5393) srai    t2, s4, 27
core   0: 0 0x80009b54 (0x41ba5393) x7  0x00000000
core   0: 0x80009b58 (0x01b12533) slt     a0, sp, s11
core   0: 0 0x80009b58 (0x01b12533) x10 0x00000000
core   0: 0x80009b5c (0x00de7c63) bgeu    t3, a3, pc + 24
core   0: 0 0x80009b5c (0x00de7c63)
core   0: 0x80009b60 (0x01e2ccb3) xor     s9, t0, t5
core   0: 0 0x80009b60 (0x01e2ccb3) x25 0x000007c4
core   0: 0x80009b64 (0x4f26c093) xori    ra, a3, 1266
core   0: 0 0x80009b64 (0x4f26c093) x1  0x00000432
core   0: 0x80009b68 (0x41b28bb3) sub     s7, t0, s11
core   0: 0 0x80009b68 (0x41b28bb3) x23 0x00000001
core   0: 0x80009b6c (0x40280c33) sub     s8, a6, sp
core   0: 0 0x80009b6c (0x40280c33) x24 0xfffff730
core   0: 0x80009b70 (0x019be033) or      zero, s7, s9
core   0: 0 0x80009b70 (0x019be033)
core   0: 0x80009b74 (0x016488b3) add     a7, s1, s6
core   0: 0 0x80009b74 (0x016488b3) x17 0x80025b5f
core   0: 0x80009b78 (0x000082d1) c.srli  a3, 20
core   0: 0 0x80009b78 (0x82d1) x13 0x00000000
core   0: 0x80009b7a (0xac5d4d13) xori    s10, s10, -1339
core   0: 0 0x80009b7a (0xac5d4d13) x26 0x00003c9f
core   0: 0x80009b7e (0x02098f33) mul     t5, s3, zero
core   0: 0 0x80009b7e (0x02098f33) x30 0x00000000
core   0: 0x80009b82 (0xd5144893) xori    a7, s0, -687
core   0: 0 0x80009b82 (0xd5144893) x17 0xfffffd51
core   0: 0x80009b86 (0x01f4c6b3) xor     a3, s1, t6
core   0: 0 0x80009b86 (0x01f4c6b3) x13 0x7ffda29f
core   0: 0x80009b8a (0x005cddb3) srl     s11, s9, t0
core   0: 0 0x80009b8a (0x005cddb3) x27 0x000007c4
core   0: 0x80009b8e (0x00a8e633) or      a2, a7, a0
core   0: 0 0x80009b8e (0x00a8e633) x12 0xfffffd51
core   0: 0x80009b92 (0x206eaa37) lui     s4, 0x206ea
core   0: 0 0x80009b92 (0x206eaa37) x20 0x206ea000
core   0: 0x80009b96 (0x0000100f) fence.i
core   0: 0 0x80009b96 (0x0000100f)
core   0: 0x80009b9a (0x000064f5) c.lui   s1, 0x1d
core   0: 0 0x80009b9a (0x64f5) x9  0x0001d000
core   0: 0x80009b9c (0x0ff0000f) fence   iorw,iorw
core   0: 0 0x80009b9c (0x0ff0000f)
core   0: 0x80009ba0 (0x004221b3) slt     gp, tp, tp
core   0: 0 0x80009ba0 (0x004221b3) x3  0x00000000
core   0: 0x80009ba4 (0x00008569) c.srai  a0, 26
core   0: 0 0x80009ba4 (0x8569) x10 0x00000000
core   0: 0x80009ba6 (0x03300363) beq     zero, s3, pc + 38
core   0: 0 0x80009ba6 (0x03300363)
core   0: 0x80009baa (0x63134093) xori    ra, t1, 1585
core   0: 0 0x80009baa (0x63134093) x1  0x00000631
core   0: 0x80009bae (0x05d11263) bne     sp, t4, pc + 68
core   0: 0 0x80009bae (0x05d11263)
core   0: 0x80009bf2 (0x12a2ab93) slti    s7, t0, 298
core   0: 0 0x80009bf2 (0x12a2ab93) x23 0x00000001
core   0: 0x80009bf6 (0x000041e1) c.li    gp, 24
core   0: 0 0x80009bf6 (0x41e1) x3  0x00000018
core   0: 0x80009bf8 (0x41e85893) srai    a7, a6, 30
core   0: 0 0x80009bf8 (0x41e85893) x17 0xffffffff
core   0: 0x80009bfc (0x40255033) sra     zero, a0, sp
core   0: 0 0x80009bfc (0x40255033)
core   0: 0x80009c00 (0x0143fc33) and     s8, t2, s4
core   0: 0 0x80009c00 (0x0143fc33) x24 0x00000000
core   0: 0x80009c04 (0x000066b9) c.lui   a3, 0xe
core   0: 0 0x80009c04 (0x66b9) x13 0x0000e000
core   0: 0x80009c06 (0x03c5fb33) remu    s6, a1, t3
core   0: 0 0x80009c06 (0x03c5fb33) x22 0x80021e58
core   0: 0x80009c0a (0x0000964e) c.add   a2, s3
core   0: 0 0x80009c0a (0x964e) x12 0xfffffd52
core   0: 0x80009c0c (0x00008739) c.srai  a4, 14
core   0: 0 0x80009c0c (0x8739) x14 0x00000000
core   0: 0x80009c0e (0xb94fe6ef) jal     a3, pc - 0x1c6c
core   0: 0 0x80009c0e (0xb94fe6ef) x13 0x80009c12
core   0: 0x80007fa2 (0x00008e1d) c.sub   a2, a5
core   0: 0 0x80007fa2 (0x8e1d) x12 0xf7fffd52
core   0: 0x80007fa4 (0x405f04b3) sub     s1, t5, t0
core   0: 0 0x80007fa4 (0x405f04b3) x9  0x00000000
core   0: 0x80007fa8 (0xfd058593) addi    a1, a1, -48
core   0: 0 0x80007fa8 (0xfd058593) x11 0x80021e28
core   0: 0x80007fac (0x00ea5133) srl     sp, s4, a4
core   0: 0 0x80007fac (0x00ea5133) x2  0x206ea000
core   0: 0x80007fb0 (0x026451b3) divu    gp, s0, t1
core   0: 0 0x80007fb0 (0x026451b3) x3  0xffffffff
core   0: 0x80007fb4 (0x30b67613) andi    a2, a2, 779
core   0: 0 0x80007fb4 (0x30b67613) x12 0x00000102
core   0: 0x80007fb8 (0x0000c1d4) c.sw    a3, 4(a1)
core   0: 0 0x80007fb8 (0xc1d4) mem 0x80021e2c 0x80009c12
core   0: 0x80007fba (0x00008499) c.srai  s1, 6
core   0: 0 0x80007fba (0x8499) x9  0x00000000
core   0: 0x80007fbc (0xeff1c793) xori    a5, gp, -257
core   0: 0 0x80007fbc (0xeff1c793) x15 0x00000100
core   0: 0x80007fc0 (0x00008d61) c.and   a0, s0
core   0: 0 0x80007fc0 (0x8d61) x10 0x00000000
core   0: 0x80007fc2 (0x013cf863) bgeu    s9, s3, pc + 16
core   0: 0 0x80007fc2 (0x013cf863)
core   0: 0x80007fd2 (0xf8543913) sltiu   s2, s0, -123
core   0: 0 0x80007fd2 (0xf8543913) x18 0x00000001
core   0: 0x80007fd6 (0x00006a99) c.lui   s5, 0x6
core   0: 0 0x80007fd6 (0x6a99) x21 0x00006000
core   0: 0x80007fd8 (0x00000001) c.nop
core   0: 0 0x80007fd8 (0x0001)
core   0: 0x80007fda (0x0000837d) c.srli  a4, 31
core   0: 0 0x80007fda (0x837d) x14 0x00000000
core   0: 0x80007fdc (0x020d9e33) mulh    t3, s11, zero
core   0: 0 0x80007fdc (0x020d9e33) x28 0x00000000
core   0: 0x80007fe0 (0x0332f8b3) remu    a7, t0, s3
core   0: 0 0x80007fe0 (0x0332f8b3) x17 0x00000000
core   0: 0x80007fe4 (0x000041d4) c.lw    a3, 4(a1)
core   0: 0 0x80007fe4 (0x41d4) x13 0x80009c12 mem 0x80021e2c
core   0: 0x80007fe6 (0x03058593) addi    a1, a1, 48
core   0: 0 0x80007fe6 (0x03058593) x11 0x80021e58
core   0: 0x80007fea (0x00008c79) c.and   s0, a4
core   0: 0 0x80007fea (0x8c79) x8  0x00000000
core   0: 0x80007fec (0x00008c0d) c.sub   s0, a1
core   0: 0 0x80007fec (0x8c0d) x8  0x7ffde1a8
core   0: 0x80007fee (0x0026de93) srli    t4, a3, 2
core   0: 0 0x80007fee (0x0026de93) x29 0x20002704
core   0: 0x80007ff2 (0x00068393) mv      t2, a3
core   0: 0 0x80007ff2 (0x00068393) x7  0x80009c12
core   0: 0x80007ff6 (0x00009382) c.jalr  t2
core   0: 0 0x80007ff6 (0x9382) x1  0x80007ff8
core   0: 0x80009c12 (0x036c5cb3) divu    s9, s8, s6
core   0: 0 0x80009c12 (0x036c5cb3) x25 0x00000000
core   0: 0x80009c16 (0x000090f6) c.add   ra, t4
core   0: 0 0x80009c16 (0x90f6) x1  0xa000a6fc
core   0: 0x80009c18 (0x40fdde33) sra     t3, s11, a5
core   0: 0 0x80009c18 (0x40fdde33) x28 0x000007c4
core   0: 0x80009c1c (0x0000717d) c.addi16sp sp, -16
core   0: 0 0x80009c1c (0x717d) x2  0x206e9ff0
core   0: 0x80009c1e (0x00001a98) c.addi4spn a4, sp, 368
core   0: 0 0x80009c1e (0x1a98) x14 0x206ea160
core   0: 0x80009c20 (0x03cb4e33) div     t3, s6, t3
core   0: 0 0x80009c20 (0x03cb4e33) x28 0xffef84a7
core   0: 0x80009c24 (0x01f4df33) srl     t5, s1, t6
core   0: 0 0x80009c24 (0x01f4df33) x30 0x00000000
core   0: 0x80009c28 (0x0000129c) c.addi4spn a5, sp, 352
core   0: 0 0x80009c28 (0x129c) x15 0x206ea150
core   0: 0x80009c2a (0x0000e715) c.bnez  a4, pc + 44
core   0: 0 0x80009c2a (0xe715)
core   0: 0x80009c56 (0x00008e45) c.or    a2, s1
core   0: 0 0x80009c56 (0x8e45) x12 0x00000102
core   0: 0x80009c58 (0x0154eb63) bltu    s1, s5, pc + 22
core   0: 0 0x80009c58 (0x0154eb63)
core   0: 0x80009c6e (0x014640b3) xor     ra, a2, s4
core   0: 0 0x80009c6e (0x014640b3) x1  0x206ea102
core   0: 0x80009c72 (0x028c4f33) div     t5, s8, s0
core   0: 0 0x80009c72 (0x028c4f33) x30 0x00000000
core   0: 0x80009c76 (0x6b0f4e13) xori    t3, t5, 1712
core   0: 0 0x80009c76 (0x6b0f4e13) x28 0x000006b0
core   0: 0x80009c7a (0x01b90463) beq     s2, s11, pc + 8
core   0: 0 0x80009c7a (0x01b90463)
core   0: 0x80009c7e (0xa7347817) auipc   a6, 0xa7347
core   0: 0 0x80009c7e (0xa7347817) x16 0x27350c7e
core   0: 0x80009c82 (0x00000001) c.nop
core   0: 0 0x80009c82 (0x0001)
core   0: 0x80009c84 (0x057b7013) andi    zero, s6, 87
core   0: 0 0x80009c84 (0x057b7013)
core   0: 0x80009c88 (0x01cf4ab3) xor     s5, t5, t3
core   0: 0 0x80009c88 (0x01cf4ab3) x21 0x000006b0
core   0: 0x80009c8c (0x00a56833) or      a6, a0, a0
core   0: 0 0x80009c8c (0x00a56833) x16 0x00000000
core   0: 0x80009c90 (0x0000941a) c.add   s0, t1
core   0: 0 0x80009c90 (0x941a) x8  0x7ffde1a8
core   0: 0x80009c92 (0x00000001) c.nop
core   0: 0 0x80009c92 (0x0001)
core   0: 0x80009c94 (0x00008bc9) c.andi  a5, 18
core   0: 0 0x80009c94 (0x8bc9) x15 0x00000010
core   0: 0x80009c96 (0xf21bf113) andi    sp, s7, -223
core   0: 0 0x80009c96 (0xf21bf113) x2  0x00000001
core   0: 0x80009c9a (0x00009b56) c.add   s6, s5
core   0: 0 0x80009c9a (0x9b56) x22 0x80022508
core   0: 0x80009c9c (0x0cae4293) xori    t0, t3, 202
core   0: 0 0x80009c9c (0x0cae4293) x5  0x0000067a
core   0: 0x80009ca0 (0xcb59fa93) andi    s5, s3, -843
core   0: 0 0x80009ca0 (0xcb59fa93) x21 0x00000001
core   0: 0x80009ca4 (0x00006115) c.addi16sp sp, 288
core   0: 0 0x80009ca4 (0x6115) x2  0x00000121
core   0: 0x80009ca6 (0x41bd5513) srai    a0, s10, 27
core   0: 0 0x80009ca6 (0x41bd5513) x10 0x00000000
core   0: 0x80009caa (0x01fb0b63) beq     s6, t6, pc + 22
core   0: 0 0x80009caa (0x01fb0b63)
core   0: 0x80009cae (0x403880b3) sub     ra, a7, gp
core   0: 0 0x80009cae (0x403880b3) x1  0x00000001
core   0: 0x80009cb2 (0x03382133) mulhsu  sp, a6, s3
core   0: 0 0x80009cb2 (0x03382133) x2  0x00000000
core   0: 0x80009cb6 (0x00208963) beq     ra, sp, pc + 18
core   0: 0 0x80009cb6 (0x00208963)
core   0: 0x80009cba (0x000063ed) c.lui   t2, 0x1b
core   0: 0 0x80009cba (0x63ed) x7  0x0001b000
core   0: 0x80009cbc (0x0c241097) auipc   ra, 0xc241
core   0: 0 0x80009cbc (0x0c241097) x1  0x8c24acbc
core   0: 0x80009cc0 (0x006fa9b3) slt     s3, t6, t1
core   0: 0 0x80009cc0 (0x006fa9b3) x19 0x00000001
core   0: 0x80009cc4 (0x00008936) c.mv    s2, a3
core   0: 0 0x80009cc4 (0x8936) x18 0x80009c12
core   0: 0x80009cc6 (0x0000c71d) c.beqz  a4, pc + 46
core   0: 0 0x80009cc6 (0xc71d)
core   0: 0x80009cc8 (0x0338e363) bltu    a7, s3, pc + 38
core   0: 0 0x80009cc8 (0x0338e363)
core   0: 0x80009cee (0x0000187d) c.addi  a6, -1
core   0: 0 0x80009cee (0x187d) x16 0xffffffff
core   0: 0x80009cf0 (0x02955b33) divu    s6, a0, s1
core   0: 0 0x80009cf0 (0x02955b33) x22 0xffffffff
core   0: 0x80009cf4 (0x41fc80b3) sub     ra, s9, t6
core   0: 0 0x80009cf4 (0x41fc80b3) x1  0x7ffda31c
core   0: 0x80009cf8 (0x01cb0263) beq     s6, t3, pc + 4
core   0: 0 0x80009cf8 (0x01cb0263)
core   0: 0x80009cfc (0x012617b3) sll     a5, a2, s2
core   0: 0 0x80009cfc (0x012617b3) x15 0x04080000
core   0: 0x80009d00 (0x23146c13) ori     s8, s0, 561
core   0: 0 0x80009d00 (0x23146c13) x24 0x7ffde3b9
core   0: 0x80009d04 (0x000008e9) c.addi  a7, 26
core   0: 0 0x80009d04 (0x08e9) x17 0x0000001a
core   0: 0x80009d06 (0x00f348b3) xor     a7, t1, a5
core   0: 0 0x80009d06 (0x00f348b3) x17 0x04080000
core   0: 0x80009d0a (0x00ad1b63) bne     s10, a0, pc + 22
core   0: 0 0x80009d0a (0x00ad1b63)
core   0: 0x80009d20 (0x004fe9b3) or      s3, t6, tp
core   0: 0 0x80009d20 (0x004fe9b3) x19 0x80025ce7
core   0: 0x80009d24 (0x035c0963) beq     s8, s5, pc + 50
core   0: 0 0x80009d24 (0x035c0963)
core   0: 0x80009d28 (0x0382ed63) bltu    t0, s8, pc + 58
core   0: 0 0x80009d28 (0x0382ed63)
core   0: 0x80009d62 (0x14ef6613) ori     a2, t5, 334
core   0: 0 0x80009d62 (0x14ef6613) x12 0x0000014e
core   0: 0x80009d66 (0x000087e2) c.mv    a5, s8
core   0: 0 0x80009d66 (0x87e2) x15 0x7ffde3b9
core   0: 0x80009d68 (0xb583ec93) ori     s9, t2, -1192
core   0: 0 0x80009d68 (0xb583ec93) x25 0xfffffb58
core   0: 0x80009d6c (0xf47386b7) lui     a3, 0xf4738
core   0: 0 0x80009d6c (0xf47386b7) x13 0xf4738000
core   0: 0x80009d70 (0x41a68eb3) sub     t4, a3, s10
core   0: 0 0x80009d70 (0x41a68eb3) x29 0xf4734361
core   0: 0x80009d74 (0x0000100f) fence.i
core   0: 0 0x80009d74 (0x0000100f)
core   0: 0x80009d78 (0x008b26b3) slt     a3, s6, s0
core   0: 0 0x80009d78 (0x008b26b3) x13 0x00000001
core   0: 0x80009d7c (0x022312b3) mulh    t0, t1, sp
core   0: 0 0x80009d7c (0x022312b3) x5  0x00000000
core   0: 0x80009d80 (0x41e90133) sub     sp, s2, t5
core   0: 0 0x80009d80 (0x41e90133) x2  0x80009c12
core   0: 0x80009d84 (0x28c64d93) xori    s11, a2, 652
core   0: 0 0x80009d84 (0x28c64d93) x27 0x000003c2
core   0: 0x80009d88 (0x0000890d) c.andi  a0, 3
core   0: 0 0x80009d88 (0x890d) x10 0x00000000
core   0: 0x80009d8a (0x00008f01) c.sub   a4, s0
core   0: 0 0x80009d8a (0x8f01) x14 0xa070bfb8
core   0: 0x80009d8c (0x40dc5693) srai    a3, s8, 13
core   0: 0 0x80009d8c (0x40dc5693) x13 0x0003ffef
core   0: 0x80009d90 (0x037877b3) remu    a5, a6, s7
core   0: 0 0x80009d90 (0x037877b3) x15 0x00000000
core   0: 0x80009d94 (0x31f0c093) xori    ra, ra, 799
core   0: 0 0x80009d94 (0x31f0c093) x1  0x7ffda003
core   0: 0x80009d98 (0x93f9f893) andi    a7, s3, -1729
core   0: 0 0x80009d98 (0x93f9f893) x17 0x80025827
core   0: 0x80009d9c (0x00570f33) add     t5, a4, t0
core   0: 0 0x80009d9c (0x00570f33) x30 0xa070bfb8
core   0: 0x80009da0 (0x4775c693) xori    a3, a1, 1143
core   0: 0 0x80009da0 (0x4775c693) x13 0x80021a2f
core   0: 0x80009da4 (0x0214d3b3) divu    t2, s1, ra
core   0: 0 0x80009da4 (0x0214d3b3) x7  0x00000000
core   0: 0x80009da8 (0x00db9e93) slli    t4, s7, 13
core   0: 0 0x80009da8 (0x00db9e93) x29 0x00002000
core   0: 0x80009dac (0x00008e91) c.sub   a3, a2
core   0: 0 0x80009dac (0x8e91) x13 0x800218e1
core   0: 0x80009dae (0x0000100f) fence.i
core   0: 0 0x80009dae (0x0000100f)
core   0: 0x80009db2 (0x00005cfd) c.li    s9, -1
core   0: 0 0x80009db2 (0x5cfd) x25 0xffffffff
core   0: 0x80009db4 (0x01128b33) add     s6, t0, a7
core   0: 0 0x80009db4 (0x01128b33) x22 0x80025827
core   0: 0x80009db8 (0xc5da3213) sltiu   tp, s4, -931
core   0: 0 0x80009db8 (0xc5da3213) x4  0x00000001
core   0: 0x80009dbc (0x97196093) ori     ra, s2, -1679
core   0: 0 0x80009dbc (0x97196093) x1  0xfffffd73
core   0: 0x80009dc0 (0x00008fb1) c.xor   a5, a2
core   0: 0 0x80009dc0 (0x8fb1) x15 0x0000014e
core   0: 0x80009dc2 (0x000002ad) c.addi  t0, 11
core   0: 0 0x80009dc2 (0x02ad) x5  0x0000000b
core   0: 0x80009dc4 (0xe59aae13) slti    t3, s5, -423
core   0: 0 0x80009dc4 (0xe59aae13) x28 0x00000000
core   0: 0x80009dc8 (0x036991b3) mulh    gp, s3, s6
core   0: 0 0x80009dc8 (0x036991b3) x3  0x3ffda57e
core   0: 0x80009dcc (0x0ff0000f) fence   iorw,iorw
core   0: 0 0x80009dcc (0x0ff0000f)
core   0: 0x80009dd0 (0x027d8033) mul     zero, s11, t2
core   0: 0 0x80009dd0 (0x027d8033)
core   0: 0x80009dd4 (0x03835933) divu    s2, t1, s8
core   0: 0 0x80009dd4 (0x03835933) x18 0x00000000
core   0: 0x80009dd8 (0x4093d213) srai    tp, t2, 9
core   0: 0 0x80009dd8 (0x4093d213) x4  0x00000000
core   0: 0x80009ddc (0x032ca0b3) mulhsu  ra, s9, s2
core   0: 0 0x80009ddc (0x032ca0b3) x1  0x00000000
core   0: 0x80009de0 (0x03583833) mulhu   a6, a6, s5
core   0: 0 0x80009de0 (0x03583833) x16 0x00000000
core   0: 0x80009de4 (0x00008f21) c.xor   a4, s0
core   0: 0 0x80009de4 (0x8f21) x14 0xdf8d5e10
core   0: 0x80009de6 (0x40dad493) srai    s1, s5, 13
core   0: 0 0x80009de6 (0x40dad493) x9  0x00000000
core   0: 0x80009dea (0x0000e091) c.bnez  s1, pc + 4
core   0: 0 0x80009dea (0xe091)
core   0: 0x80009dec (0x0000ca81) c.beqz  a3, pc + 16
core   0: 0 0x80009dec (0xca81)
core   0: 0x80009dee (0x00008fe5) c.and   a5, s1
core   0: 0 0x80009dee (0x8fe5) x15 0x00000000
core   0: 0x80009df0 (0x0000e11d) c.bnez  a0, pc + 38
core   0: 0 0x80009df0 (0xe11d)
core   0: 0x80009df2 (0x412356b3) sra     a3, t1, s2
core   0: 0 0x80009df2 (0x412356b3) x13 0x00000000
core   0: 0x80009df6 (0x000046d9) c.li    a3, 22
core   0: 0 0x80009df6 (0x46d9) x13 0x00000016
core   0: 0x80009df8 (0x03a5beb3) mulhu   t4, a1, s10
core   0: 0 0x80009df8 (0x03a5beb3) x29 0x00001e50
core   0: 0x80009dfc (0xabb1cb97) auipc   s7, 0xabb1c
core   0: 0 0x80009dfc (0xabb1cb97) x23 0x2bb25dfc
core   0: 0x80009e00 (0x0000100f) fence.i
core   0: 0 0x80009e00 (0x0000100f)
core   0: 0x80009e04 (0x01c64db3) xor     s11, a2, t3
core   0: 0 0x80009e04 (0x01c64db3) x27 0x0000014e
core   0: 0x80009e08 (0x00008f19) c.sub   a4, a4
core   0: 0 0x80009e08 (0x8f19) x14 0x00000000
core   0: 0x80009e0a (0x000084ad) c.srai  s1, 11
core   0: 0 0x80009e0a (0x84ad) x9  0x00000000
core   0: 0x80009e0c (0x00000001) c.nop
core   0: 0 0x80009e0c (0x0001)
core   0: 0x80009e0e (0x020a6233) rem     tp, s4, zero
core   0: 0 0x80009e0e (0x020a6233) x4  0x206ea000
core   0: 0x80009e12 (0x03fce433) rem     s0, s9, t6
core   0: 0 0x80009e12 (0x03fce433) x8  0xffffffff
core   0: 0x80009e16 (0xdfcb3017) auipc   zero, 0xdfcb3
core   0: 0 0x80009e16 (0xdfcb3017)
core   0: 0x80009e1a (0x00000c1c) c.addi4spn a5, sp, 528
core   0: 0 0x80009e1a (0x0c1c) x15 0x80009e22
core   0: 0x80009e1c (0x0049adb3) slt     s11, s3, tp
core   0: 0 0x80009e1c (0x0049adb3) x27 0x00000001
core   0: 0x80009e20 (0x01f67eb3) and     t4, a2, t6
core   0: 0 0x80009e20 (0x01f67eb3) x29 0x00000044
core   0: 0x80009e24 (0xd4012f13) slti    t5, sp, -704
core   0: 0 0x80009e24 (0xd4012f13) x30 0x00000001
core   0: 0x80009e28 (0x00008c5e) c.mv    s8, s7
core   0: 0 0x80009e28 (0x8c5e) x24 0x2bb25dfc
core   0: 0x80009e2a (0x25977093) andi    ra, a4, 601
core   0: 0 0x80009e2a (0x25977093) x1  0x00000000
core   0: 0x80009e2e (0x04590063) beq     s2, t0, pc + 64
core   0: 0 0x80009e2e (0x04590063)
core   0: 0x80009e32 (0x00000001) c.nop
core   0: 0 0x80009e32 (0x0001)
core   0: 0x80009e34 (0x00000001) c.nop
core   0: 0 0x80009e34 (0x0001)
core   0: 0x80009e36 (0x01e24263) blt     tp, t5, pc + 4
core   0: 0 0x80009e36 (0x01e24263)
core   0: 0x80009e3a (0x00ac77b3) and     a5, s8, a0
core   0: 0 0x80009e3a (0x00ac77b3) x15 0x00000000
core   0: 0x80009e3e (0x000094f6) c.add   s1, t4
core   0: 0 0x80009e3e (0x94f6) x9  0x00000044
core   0: 0x80009e40 (0x4033dd13) srai    s10, t2, 3
core   0: 0 0x80009e40 (0x4033dd13) x26 0x00000000
core   0: 0x80009e44 (0x01178a63) beq     a5, a7, pc + 20
core   0: 0 0x80009e44 (0x01178a63)
core   0: 0x80009e48 (0x01628f33) add     t5, t0, s6
core   0: 0 0x80009e48 (0x01628f33) x30 0x80025832
core   0: 0x80009e4c (0x036d5d33) divu    s10, s10, s6
core   0: 0 0x80009e4c (0x036d5d33) x26 0x00000000
core   0: 0x80009e50 (0x009a0633) add     a2, s4, s1
core   0: 0 0x80009e50 (0x009a0633) x12 0x206ea044
core   0: 0x80009e54 (0x41480ab3) sub     s5, a6, s4
core   0: 0 0x80009e54 (0x41480ab3) x21 0xdf916000
core   0: 0x80009e58 (0x00000001) c.nop
core   0: 0 0x80009e58 (0x0001)
core   0: 0x80009e5a (0x00008e51) c.or    a2, a2
core   0: 0 0x80009e5a (0x8e51) x12 0x206ea044
core   0: 0x80009e5c (0x03f5d133) divu    sp, a1, t6
core   0: 0 0x80009e5c (0x03f5d133) x2  0x00000000
core   0: 0x80009e60 (0x0ff0000f) fence   iorw,iorw
core   0: 0 0x80009e60 (0x0ff0000f)
core   0: 0x80009e64 (0x41bedd13) srai    s10, t4, 27
core   0: 0 0x80009e64 (0x41bedd13) x26 0x00000000
core   0: 0x80009e68 (0x0000717d) c.addi16sp sp, -16
core   0: 0 0x80009e68 (0x717d) x2  0xfffffff0
core   0: 0x80009e6a (0x5a17b713) sltiu   a4, a5, 1441
core   0: 0 0x80009e6a (0x5a17b713) x14 0x00000001
core   0: 0x80009e6e (0x000092a2) c.add   t0, s0
core   0: 0 0x80009e6e (0x92a2) x5  0x0000000a
core   0: 0x80009e70 (0x00008e6d) c.and   a2, a1
core   0: 0 0x80009e70 (0x8e6d) x12 0x00020040
core   0: 0x80009e72 (0x0000841e) c.mv    s0, t2
core   0: 0 0x80009e72 (0x841e) x8  0x00000000
core   0: 0x80009e74 (0x035e1533) mulh    a0, t3, s5
core   0: 0 0x80009e74 (0x035e1533) x10 0x00000000
core   0: 0x80009e78 (0x02e5a033) mulhsu  zero, a1, a4
core   0: 0 0x80009e78 (0x02e5a033)
core   0: 0x80009e7c (0x00000152) c.slli  sp, 20
core   0: 0 0x80009e7c (0x0152) x2  0xff000000
core   0: 0x80009e7e (0x0ff0000f) fence   iorw,iorw
core   0: 0 0x80009e7e (0x0ff0000f)
core   0: 0x80009e82 (0x0295ceb3) div     t4, a1, s1
core   0: 0 0x80009e82 (0x0295ceb3) x29 0xfe1e2618
core   0: 0x80009e86 (0x0195d113) srli    sp, a1, 25
core   0: 0 0x80009e86 (0x0195d113) x2  0x00000040
core   0: 0x80009e8a (0x0000987d) c.andi  s0, -1
core   0: 0 0x80009e8a (0x987d) x8  0x00000000
core   0: 0x80009e8c (0xfd6d7997) auipc   s3, 0xfd6d7
core   0: 0 0x80009e8c (0xfd6d7997) x19 0x7d6e0e8c
core   0: 0x80009e90 (0x00008d01) c.sub   a0, s0
core   0: 0 0x80009e90 (0x8d01) x10 0x00000000
core   0: 0x80009e92 (0x0000167d) c.addi  a2, -1
core   0: 0 0x80009e92 (0x167d) x12 0x0002003f
core   0: 0x80009e94 (0xb3184093) xori    ra, a6, -1231
core   0: 0 0x80009e94 (0xb3184093) x1  0xfffffb31
core   0: 0x80009e98 (0x0000717d) c.addi16sp sp, -16
core   0: 0 0x80009e98 (0x717d) x2  0x00000030
core   0: 0x80009e9a (0x222aac13) slti    s8, s5, 546
core   0: 0 0x80009e9a (0x222aac13) x24 0x00000001
core   0: 0x80009e9e (0x03a56063) bltu    a0, s10, pc + 32
core   0: 0 0x80009e9e (0x03a56063)
core   0: 0x80009ea2 (0x030fceb3) div     t4, t6, a6
core   0: 0 0x80009ea2 (0x030fceb3) x29 0xffffffff
core   0: 0x80009ea6 (0x654b9a37) lui     s4, 0x654b9
core   0: 0 0x80009ea6 (0x654b9a37) x20 0x654b9000
core   0: 0x80009eaa (0x0000cb15) c.beqz  a4, pc + 52
core   0: 0 0x80009eaa (0xcb15)
core   0: 0x80009eac (0x555ccb17) auipc   s6, 0x555cc
core   0: 0 0x80009eac (0x555ccb17) x22 0xd55d5eac
core   0: 0x80009eb0 (0x00000090) c.addi4spn a2, sp, 64
core   0: 0 0x80009eb0 (0x0090) x12 0x00000070
core   0: 0x80009eb2 (0x0259f433) remu    s0, s3, t0
core   0: 0 0x80009eb2 (0x0259f433) x8  0x00000004
core   0: 0x80009eb6 (0xeed00513) li      a0, -275
core   0: 0 0x80009eb6 (0xeed00513) x10 0xfffffeed
core   0: 0x80009eba (0x0edec813) xori    a6, t4, 237
core   0: 0 0x80009eba (0x0edec813) x16 0xffffff12
core   0: 0x80009ebe (0x03702033) mulhsu  zero, zero, s7
core   0: 0 0x80009ebe (0x03702033)
core   0: 0x80009ec2 (0x038bd133) divu    sp, s7, s8
core   0: 0 0x80009ec2 (0x038bd133) x2  0x2bb25dfc
core   0: 0x80009ec6 (0x0eee4a93) xori    s5, t3, 238
core   0: 0 0x80009ec6 (0x0eee4a93) x21 0x000000ee
core   0: 0x80009eca (0x03583133) mulhu   sp, a6, s5
core   0: 0 0x80009eca (0x03583133) x2  0x000000ed
core   0: 0x80009ece (0x05ca0163) beq     s4, t3, pc + 66
core   0: 0 0x80009ece (0x05ca0163)
core   0: 0x80009ed2 (0x03fbb8b3) mulhu   a7, s7, t6
core   0: 0 0x80009ed2 (0x03fbb8b3) x17 0x15d9963d
core   0: 0x80009ed6 (0x8c2be413) ori     s0, s7, -1854
core   0: 0 0x80009ed6 (0x8c2be413) x8  0xfffffdfe
core   0: 0x80009eda (0x0390d963) bge     ra, s9, pc + 50
core   0: 0 0x80009eda (0x0390d963)
core   0: 0x80009ede (0x41d95513) srai    a0, s2, 29
core   0: 0 0x80009ede (0x41d95513) x10 0x00000000
core   0: 0x80009ee2 (0x034350b3) divu    ra, t1, s4
core   0: 0 0x80009ee2 (0x034350b3) x1  0x00000000
core   0: 0x80009ee6 (0x000080bd) c.srli  s1, 15
core   0: 0 0x80009ee6 (0x80bd) x9  0x00000000
core   0: 0x80009ee8 (0x0000179c) c.addi4spn a5, sp, 992
core   0: 0 0x80009ee8 (0x179c) x15 0x000004cd
core   0: 0x80009eea (0x04591563) bne     s2, t0, pc + 74
core   0: 0 0x80009eea (0x04591563)
core   0: 0x80009f34 (0x0000844a) c.mv    s0, s2
core   0: 0 0x80009f34 (0x844a) x8  0x00000000
core   0: 0x80009f36 (0x0000100f) fence.i
core   0: 0 0x80009f36 (0x0000100f)
core   0: 0x80009f3a (0x4eef0517) auipc   a0, 0x4eef0
core   0: 0 0x80009f3a (0x4eef0517) x10 0xceef9f3a
core   0: 0x80009f3e (0x01f28a33) add     s4, t0, t6
core   0: 0 0x80009f3e (0x01f28a33) x20 0x80025cee
core   0: 0x80009f42 (0x03003db3) mulhu   s11, zero, a6
core   0: 0 0x80009f42 (0x03003db3) x27 0x00000000
core   0: 0x80009f46 (0x01847db3) and     s11, s0, s8
core   0: 0 0x80009f46 (0x01847db3) x27 0x00000000
core   0: 0x80009f4a (0xbb214513) xori    a0, sp, -1102
core   0: 0 0x80009f4a (0xbb214513) x10 0xfffffb5f
core   0: 0x80009f4e (0x021a6063) bltu    s4, ra, pc + 32
core   0: 0 0x80009f4e (0x021a6063)
core   0: 0x80009f52 (0x0159d263) bge     s3, s5, pc + 4
core   0: 0 0x80009f52 (0x0159d263)
core   0: 0x80009f56 (0x0279ea33) rem     s4, s3, t2
core   0: 0 0x80009f56 (0x0279ea33) x20 0x7d6e0e8c
core   0: 0x80009f5a (0x00000001) c.nop
core   0: 0 0x80009f5a (0x0001)
core   0: 0x80009f5c (0x00009dee) c.add   s11, s11
core   0: 0 0x80009f5c (0x9dee) x27 0x00000000
core   0: 0x80009f5e (0x06928893) addi    a7, t0, 105
core   0: 0 0x80009f5e (0x06928893) x17 0x00000073
core   0: 0x80009f62 (0x00aacf63) blt     s5, a0, pc + 30
core   0: 0 0x80009f62 (0x00aacf63)
core   0: 0x80009f66 (0x03578ab3) mul     s5, a5, s5
core   0: 0 0x80009f66 (0x03578ab3) x21 0x00047696
core   0: 0x80009f6a (0x009d38b3) sltu    a7, s10, s1
core   0: 0 0x80009f6a (0x009d38b3) x17 0x00000000
core   0: 0x80009f6e (0x032b2733) mulhsu  a4, s6, s2
core   0: 0 0x80009f6e (0x032b2733) x14 0x00000000
core   0: 0x80009f72 (0x00008d49) c.or    a0, a0
core   0: 0 0x80009f72 (0x8d49) x10 0xfffffb5f
core   0: 0x80009f74 (0x00000001) c.nop
core   0: 0 0x80009f74 (0x0001)
core   0: 0x80009f76 (0x000f3b33) sltu    s6, t5, zero
core   0: 0 0x80009f76 (0x000f3b33) x22 0x00000000
core   0: 0x80009f7a (0x405000b3) sub     ra, zero, t0
core   0: 0 0x80009f7a (0x405000b3) x1  0xfffffff6
core   0: 0x80009f7e (0x00000001) c.nop
core   0: 0 0x80009f7e (0x0001)
core   0: 0x80009f80 (0x03a4ac33) mulhsu  s8, s1, s10
core   0: 0 0x80009f80 (0x03a4ac33) x24 0x00000000
core   0: 0x80009f84 (0x01f1c133) xor     sp, gp, t6
core   0: 0 0x80009f84 (0x01f1c133) x2  0xbffff99a
core   0: 0x80009f88 (0x040f9063) bnez    t6, pc + 64
core   0: 0 0x80009f88 (0x040f9063)
core   0: 0x80009fc8 (0x007e5193) srli    gp, t3, 7
core   0: 0 0x80009fc8 (0x007e5193) x3  0x00000000
core   0: 0x80009fcc (0x41c4d833) sra     a6, s1, t3
core   0: 0 0x80009fcc (0x41c4d833) x16 0x00000000
core   0: 0x80009fd0 (0x0000717d) c.addi16sp sp, -16
core   0: 0 0x80009fd0 (0x717d) x2  0xbffff98a
core   0: 0x80009fd2 (0x02421bb3) mulh    s7, tp, tp
core   0: 0 0x80009fd2 (0x02421bb3) x23 0x041bd7cd
core   0: 0x80009fd6 (0x000084d5) c.srai  s1, 21
core   0: 0 0x80009fd6 (0x84d5) x9  0x00000000
core   0: 0x80009fd8 (0x55577c37) lui     s8, 0x55577
core   0: 0 0x80009fd8 (0x55577c37) x24 0x55577000
core   0: 0x80009fdc (0x00008e31) c.xor   a2, a2
core   0: 0 0x80009fdc (0x8e31) x12 0x00000000
core   0: 0x80009fde (0x00cb1b63) bne     s6, a2, pc + 22
core   0: 0 0x80009fde (0x00cb1b63)
core   0: 0x80009fe2 (0x000086dd) c.srai  a3, 23
core   0: 0 0x80009fe2 (0x86dd) x13 0x00000000
core   0: 0x80009fe4 (0x02f7bdb3) mulhu   s11, a5, a5
core   0: 0 0x80009fe4 (0x02f7bdb3) x27 0x00000000
core   0: 0x80009fe8 (0x9de6fa13) andi    s4, a3, -1570
core   0: 0 0x80009fe8 (0x9de6fa13) x20 0x00000000
core   0: 0x80009fec (0x021179b3) remu    s3, sp, ra
core   0: 0 0x80009fec (0x021179b3) x19 0xbffff98a
core   0: 0x80009ff0 (0x41a95833) sra     a6, s2, s10
core   0: 0 0x80009ff0 (0x41a95833) x16 0x00000000
core   0: 0x80009ff4 (0x4190d8b3) sra     a7, ra, s9
core   0: 0 0x80009ff4 (0x4190d8b3) x17 0xffffffff
core   0: 0x80009ff8 (0x4101dd13) srai    s10, gp, 16
core   0: 0 0x80009ff8 (0x4101dd13) x26 0x00000000
core   0: 0x80009ffc (0xf3768d93) addi    s11, a3, -201
core   0: 0 0x80009ffc (0xf3768d93) x27 0xffffff37
core   0: 0x8000a000 (0x0153ae33) slt     t3, t2, s5
core   0: 0 0x8000a000 (0x0153ae33) x28 0x00000001
core   0: 0x8000a004 (0x041ef163) bgeu    t4, ra, pc + 66
core   0: 0 0x8000a004 (0x041ef163)
core   0: 0x8000a046 (0x0039a233) slt     tp, s3, gp
core   0: 0 0x8000a046 (0x0039a233) x4  0x00000001
core   0: 0x8000a04a (0xd2d8c0b7) lui     ra, 0xd2d8c
core   0: 0 0x8000a04a (0xd2d8c0b7) x1  0xd2d8c000
core   0: 0x8000a04e (0x02e12d33) mulhsu  s10, sp, a4
core   0: 0 0x8000a04e (0x02e12d33) x26 0x00000000
core   0: 0x8000a052 (0x0ff0000f) fence   iorw,iorw
core   0: 0 0x8000a052 (0x0ff0000f)
core   0: 0x8000a056 (0x0000517d) c.li    sp, -1
core   0: 0 0x8000a056 (0x517d) x2  0xffffffff
core   0: 0x8000a058 (0x0000997d) c.andi  a0, -1
core   0: 0 0x8000a058 (0x997d) x10 0xfffffb5f
core   0: 0x8000a05a (0xa020a9b7) lui     s3, 0xa020a
core   0: 0 0x8000a05a (0xa020a9b7) x19 0xa020a000
core   0: 0x8000a05e (0x0000974a) c.add   a4, s2
core   0: 0 0x8000a05e (0x974a) x14 0x00000000
core   0: 0x8000a060 (0x4149de93) srai    t4, s3, 20
core   0: 0 0x8000a060 (0x4149de93) x29 0xfffffa02
core   0: 0x8000a064 (0x02be1863) bne     t3, a1, pc + 48
core   0: 0 0x8000a064 (0x02be1863)
core   0: 0x8000a094 (0x4028d193) srai    gp, a7, 2
core   0: 0 0x8000a094 (0x4028d193) x3  0xffffffff
core   0: 0x8000a098 (0x01d45b63) bge     s0, t4, pc + 22
core   0: 0 0x8000a098 (0x01d45b63)
core   0: 0x8000a0ae (0x00cc6ab3) or      s5, s8, a2
core   0: 0 0x8000a0ae (0x00cc6ab3) x21 0x55577000
core   0: 0x8000a0b2 (0x0000886a) c.mv    a6, s10
core   0: 0 0x8000a0b2 (0x886a) x16 0x00000000
core   0: 0x8000a0b4 (0x000062f1) c.lui   t0, 0x1c
core   0: 0 0x8000a0b4 (0x62f1) x5  0x0001c000
core   0: 0x8000a0b6 (0x00000001) c.nop
core   0: 0 0x8000a0b6 (0x0001)
core   0: 0x8000a0b8 (0x00008f71) c.and   a4, a2
core   0: 0 0x8000a0b8 (0x8f71) x14 0x00000000
core   0: 0x8000a0ba (0x0000e39d) c.bnez  a5, pc + 38
core   0: 0 0x8000a0ba (0xe39d)
core   0: 0x8000a0e0 (0x03ccc263) blt     s9, t3, pc + 36
core   0: 0 0x8000a0e0 (0x03ccc263)
core   0: 0x8000a104 (0x470bbcb7) lui     s9, 0x470bb
core   0: 0 0x8000a104 (0x470bbcb7) x25 0x470bb000
core   0: 0x8000a108 (0x877b7793) andi    a5, s6, -1929
core   0: 0 0x8000a108 (0x877b7793) x15 0x00000000
core   0: 0x8000a10c (0x0ff0000f) fence   iorw,iorw
core   0: 0 0x8000a10c (0x0ff0000f)
core   0: 0x8000a110 (0x026f8f63) beq     t6, t1, pc + 62
core   0: 0 0x8000a110 (0x026f8f63)
core   0: 0x8000a114 (0x00c91b13) slli    s6, s2, 12
core   0: 0 0x8000a114 (0x00c91b13) x22 0x00000000
core   0: 0x8000a118 (0x4152d533) sra     a0, t0, s5
core   0: 0 0x8000a118 (0x4152d533) x10 0x0001c000
core   0: 0x8000a11c (0x0ff0000f) fence   iorw,iorw
core   0: 0 0x8000a11c (0x0ff0000f)
core   0: 0x8000a120 (0x02364a33) div     s4, a2, gp
core   0: 0 0x8000a120 (0x02364a33) x20 0x00000000
core   0: 0x8000a124 (0x026bf8b3) remu    a7, s7, t1
core   0: 0 0x8000a124 (0x026bf8b3) x17 0x041bd7cd
core   0: 0x8000a128 (0x00004bd5) c.li    s7, 21
core   0: 0 0x8000a128 (0x4bd5) x23 0x00000015
core   0: 0x8000a12a (0x005e37b3) sltu    a5, t3, t0
core   0: 0 0x8000a12a (0x005e37b3) x15 0x00000001
core   0: 0x8000a12e (0x00008bde) c.mv    s7, s7
core   0: 0 0x8000a12e (0x8bde) x23 0x00000015
core   0: 0x8000a130 (0x01891393) slli    t2, s2, 24
core   0: 0 0x8000a130 (0x01891393) x7  0x00000000
core   0: 0x8000a134 (0x3316aab7) lui     s5, 0x3316a
core   0: 0 0x8000a134 (0x3316aab7) x21 0x3316a000
core   0: 0x8000a138 (0x00a45c93) srli    s9, s0, 10
core   0: 0 0x8000a138 (0x00a45c93) x25 0x00000000
core   0: 0x8000a13c (0x0000c0b1) c.beqz  s1, pc + 68
core   0: 0 0x8000a13c (0xc0b1)
core   0: 0x8000a180 (0x00009c26) c.add   s8, s1
core   0: 0 0x8000a180 (0x9c26) x24 0x55577000
core   0: 0x8000a182 (0x01f1f3b3) and     t2, gp, t6
core   0: 0 0x8000a182 (0x01f1f3b3) x7  0x80025ce4
core   0: 0x8000a186 (0x024e7133) remu    sp, t3, tp
core   0: 0 0x8000a186 (0x024e7133) x2  0x00000000
core   0: 0x8000a18a (0x034acb63) blt     s5, s4, pc + 54
core   0: 0 0x8000a18a (0x034acb63)
core   0: 0x8000a18e (0x01fa0963) beq     s4, t6, pc + 18
core   0: 0 0x8000a18e (0x01fa0963)
core   0: 0x8000a192 (0x016bdf13) srli    t5, s7, 22
core   0: 0 0x8000a192 (0x016bdf13) x30 0x00000000
core   0: 0x8000a196 (0x0233d6b3) divu    a3, t2, gp
core   0: 0 0x8000a196 (0x0233d6b3) x13 0x00000000
core   0: 0x8000a19a (0x00001908) c.addi4spn a0, sp, 176
core   0: 0 0x8000a19a (0x1908) x10 0x000000b0
core   0: 0x8000a19c (0x03b5eeb3) rem     t4, a1, s11
core   0: 0 0x8000a19c (0x03b5eeb3) x29 0xffffff9b
core   0: 0x8000a1a0 (0x01e89c63) bne     a7, t5, pc + 24
core   0: 0 0x8000a1a0 (0x01e89c63)
core   0: 0x8000a1b8 (0x5bcb7813) andi    a6, s6, 1468
core   0: 0 0x8000a1b8 (0x5bcb7813) x16 0x00000000
core   0: 0x8000a1bc (0x03d58233) mul     tp, a1, t4
core   0: 0 0x8000a1bc (0x03d58233) x4  0x7f2a0748
core   0: 0x8000a1c0 (0x03372eb3) mulhsu  t4, a4, s3
core   0: 0 0x8000a1c0 (0x03372eb3) x29 0x00000000
core   0: 0x8000a1c4 (0x00000ee6) c.slli  t4, 25
core   0: 0 0x8000a1c4 (0x0ee6) x29 0x00000000
core   0: 0x8000a1c6 (0x404308b3) sub     a7, t1, tp
core   0: 0 0x8000a1c6 (0x404308b3) x17 0x80d5f8b8
core   0: 0x8000a1ca (0x00001894) c.addi4spn a3, sp, 112
core   0: 0 0x8000a1ca (0x1894) x13 0x00000070
core   0: 0x8000a1cc (0x00008e49) c.or    a2, a0
core   0: 0 0x8000a1cc (0x8e49) x12 0x000000b0
core   0: 0x8000a1ce (0x006a2e33) slt     t3, s4, t1
core   0: 0 0x8000a1ce (0x006a2e33) x28 0x00000000
core   0: 0x8000a1d2 (0x01a20eb3) add     t4, tp, s10
core   0: 0 0x8000a1d2 (0x01a20eb3) x29 0x7f2a0748
core   0: 0x8000a1d6 (0x01bdfc33) and     s8, s11, s11
core   0: 0 0x8000a1d6 (0x01bdfc33) x24 0xffffff37
core   0: 0x8000a1da (0x05fcc063) blt     s9, t6, pc + 64
core   0: 0 0x8000a1da (0x05fcc063)
core   0: 0x8000a1de (0x038c1cb3) mulh    s9, s8, s8
core   0: 0 0x8000a1de (0x038c1cb3) x25 0x00000000
core   0: 0x8000a1e2 (0x00008c89) c.sub   s1, a0
core   0: 0 0x8000a1e2 (0x8c89) x9  0xffffff50
core   0: 0x8000a1e4 (0x00008c19) c.sub   s0, a4
core   0: 0 0x8000a1e4 (0x8c19) x8  0x00000000
core   0: 0x8000a1e6 (0x0130e0b3) or      ra, ra, s3
core   0: 0 0x8000a1e6 (0x0130e0b3) x1  0xf2f8e000
core   0: 0x8000a1ea (0x41a9d0b3) sra     ra, s3, s10
core   0: 0 0x8000a1ea (0x41a9d0b3) x1  0xa020a000
core   0: 0x8000a1ee (0x004f4533) xor     a0, t5, tp
core   0: 0 0x8000a1ee (0x004f4533) x10 0x7f2a0748
core   0: 0x8000a1f2 (0x01f991b3) sll     gp, s3, t6
core   0: 0 0x8000a1f2 (0x01f991b3) x3  0x020a0000
core   0: 0x8000a1f6 (0x0000c891) c.beqz  s1, pc + 20
core   0: 0 0x8000a1f6 (0xc891)
core   0: 0x8000a1f8 (0x4111d013) srai    zero, gp, 17
core   0: 0 0x8000a1f8 (0x4111d013)
core   0: 0x8000a1fc (0x00000172) c.slli  sp, 28
core   0: 0 0x8000a1fc (0x0172) x2  0x00000000
core   0: 0x8000a1fe (0xc7506193) ori     gp, zero, -907
core   0: 0 0x8000a1fe (0xc7506193) x3  0xfffffc75
core   0: 0x8000a202 (0x03fb9cb3) mulh    s9, s7, t6
core   0: 0 0x8000a202 (0x03fb9cb3) x25 0xfffffff5
core   0: 0x8000a206 (0x0206bf33) mulhu   t5, a3, zero
core   0: 0 0x8000a206 (0x0206bf33) x30 0x00000000
core   0: 0x8000a20a (0x01c3c633) xor     a2, t2, t3
core   0: 0 0x8000a20a (0x01c3c633) x12 0x80025ce4
core   0: 0x8000a20e (0x008c84b3) add     s1, s9, s0
core   0: 0 0x8000a20e (0x008c84b3) x9  0xfffffff5
core   0: 0x8000a212 (0x0000ee85) c.bnez  a3, pc + 56
core   0: 0 0x8000a212 (0xee85)
core   0: 0x8000a24a (0x00008a21) c.andi  a2, 8
core   0: 0 0x8000a24a (0x8a21) x12 0x00000000
core   0: 0x8000a24c (0x00008b39) c.andi  a4, 14
core   0: 0 0x8000a24c (0x8b39) x14 0x00000000
core   0: 0x8000a24e (0x002ef463) bgeu    t4, sp, pc + 8
core   0: 0 0x8000a24e (0x002ef463)
core   0: 0x8000a256 (0x027a72b3) remu    t0, s4, t2
core   0: 0 0x8000a256 (0x027a72b3) x5  0x00000000
core   0: 0x8000a25a (0x000069f1) c.lui   s3, 0x1c
core   0: 0 0x8000a25a (0x69f1) x19 0x0001c000
core   0: 0x8000a25c (0x000fad33) slt     s10, t6, zero
core   0: 0 0x8000a25c (0x000fad33) x26 0x00000001
core   0: 0x8000a260 (0x02b16bb3) rem     s7, sp, a1
core   0: 0 0x8000a260 (0x02b16bb3) x23 0x00000000
core   0: 0x8000a264 (0x01abb233) sltu    tp, s7, s10
core   0: 0 0x8000a264 (0x01abb233) x4  0x00000001
core   0: 0x8000a268 (0x0000809d) c.srli  s1, 7
core   0: 0 0x8000a268 (0x809d) x9  0x01ffffff
core   0: 0x8000a26a (0x00000dea) c.slli  s11, 26
core   0: 0 0x8000a26a (0x0dea) x27 0xdc000000
core   0: 0x8000a26c (0x00008c79) c.and   s0, a4
core   0: 0 0x8000a26c (0x8c79) x8  0x00000000
core   0: 0x8000a26e (0x7ba7fe13) andi    t3, a5, 1978
core   0: 0 0x8000a26e (0x7ba7fe13) x28 0x00000000
core   0: 0x8000a272 (0x0000717d) c.addi16sp sp, -16
core   0: 0 0x8000a272 (0x717d) x2  0xfffffff0
core   0: 0x8000a274 (0x0186f863) bgeu    a3, s8, pc + 16
core   0: 0 0x8000a274 (0x0186f863)
core   0: 0x8000a278 (0x00008e9a) c.mv    t4, t1
core   0: 0 0x8000a278 (0x8e9a) x29 0x00000000
core   0: 0x8000a27a (0x01946863) bltu    s0, s9, pc + 16
core   0: 0 0x8000a27a (0x01946863)
core   0: 0x8000a28a (0x0031b4b3) sltu    s1, gp, gp
core   0: 0 0x8000a28a (0x0031b4b3) x9  0x00000000
core   0: 0x8000a28e (0x00001608) c.addi4spn a0, sp, 800
core   0: 0 0x8000a28e (0x1608) x10 0x00000310
core   0: 0x8000a290 (0x006e9c63) bne     t4, t1, pc + 24
core   0: 0 0x8000a290 (0x006e9c63)
core   0: 0x8000a294 (0x00065013) srli    zero, a2, 0
core   0: 0 0x8000a294 (0x00065013)
core   0: 0x8000a298 (0x000098fd) c.andi  s1, -1
core   0: 0 0x8000a298 (0x98fd) x9  0x00000000
core   0: 0x8000a29a (0x00006161) c.addi16sp sp, 80
core   0: 0 0x8000a29a (0x6161) x2  0x00000040
core   0: 0x8000a29c (0x037ff0b3) remu    ra, t6, s7
core   0: 0 0x8000a29c (0x037ff0b3) x1  0x80025ce4
core   0: 0x8000a2a0 (0x0000c20d) c.beqz  a2, pc + 34
core   0: 0 0x8000a2a0 (0xc20d)
core   0: 0x8000a2c2 (0x00883b33) sltu    s6, a6, s0
core   0: 0 0x8000a2c2 (0x00883b33) x22 0x00000000
core   0: 0x8000a2c6 (0x37186893) ori     a7, a6, 881
core   0: 0 0x8000a2c6 (0x37186893) x17 0x00000371
core   0: 0x8000a2ca (0x01b29113) slli    sp, t0, 27
core   0: 0 0x8000a2ca (0x01b29113) x2  0x00000000
core   0: 0x8000a2ce (0x00008cb5) c.xor   s1, a3
core   0: 0 0x8000a2ce (0x8cb5) x9  0x00000070
core   0: 0x8000a2d0 (0x00000152) c.slli  sp, 20
core   0: 0 0x8000a2d0 (0x0152) x2  0x00000000
core   0: 0x8000a2d2 (0x010d57b3) srl     a5, s10, a6
core   0: 0 0x8000a2d2 (0x010d57b3) x15 0x00000001
core   0: 0x8000a2d6 (0x02c43033) mulhu   zero, s0, a2
core   0: 0 0x8000a2d6 (0x02c43033)
core   0: 0x8000a2da (0x01841d93) slli    s11, s0, 24
core   0: 0 0x8000a2da (0x01841d93) x27 0x00000000
core   0: 0x8000a2de (0x00008b36) c.mv    s6, a3
core   0: 0 0x8000a2de (0x8b36) x22 0x00000070
core   0: 0x8000a2e0 (0x00008ce1) c.and   s1, s0
core   0: 0 0x8000a2e0 (0x8ce1) x9  0x00000000
core   0: 0x8000a2e2 (0x00006149) c.addi16sp sp, 144
core   0: 0 0x8000a2e2 (0x6149) x2  0x00000090
core   0: 0x8000a2e4 (0x02067463) bgeu    a2, zero, pc + 40
core   0: 0 0x8000a2e4 (0x02067463)
core   0: 0x8000a30c (0x00000001) c.nop
core   0: 0 0x8000a30c (0x0001)
core   0: 0x8000a30e (0x00008e4e) c.mv    t3, s3
core   0: 0 0x8000a30e (0x8e4e) x28 0x0001c000
core   0: 0x8000a310 (0x00082bb3) slt     s7, a6, zero
core   0: 0 0x8000a310 (0x00082bb3) x23 0x00000000
core   0: 0x8000a314 (0xb8031197) auipc   gp, 0xb8031
core   0: 0 0x8000a314 (0xb8031197) x3  0x3803b314
core   0: 0x8000a318 (0x0000c415) c.beqz  s0, pc + 44
core   0: 0 0x8000a318 (0xc415)
core   0: 0x8000a344 (0x00000ac1) c.addi  s5, 16
core   0: 0 0x8000a344 (0x0ac1) x21 0x3316a010
core   0: 0x8000a346 (0x00005e7d) c.li    t3, -1
core   0: 0 0x8000a346 (0x5e7d) x28 0xffffffff
core   0: 0x8000a348 (0x408f5e93) srai    t4, t5, 8
core   0: 0 0x8000a348 (0x408f5e93) x29 0x00000000
core   0: 0x8000a34c (0x00008f05) c.sub   a4, s1
core   0: 0 0x8000a34c (0x8f05) x14 0x00000000
core   0: 0x8000a34e (0x144efe17) auipc   t3, 0x144ef
core   0: 0 0x8000a34e (0x144efe17) x28 0x944f934e
core   0: 0x8000a352 (0xe321f917) auipc   s2, 0xe321f
core   0: 0 0x8000a352 (0xe321f917) x18 0x63229352
core   0: 0x8000a356 (0x00006151) c.addi16sp sp, 272
core   0: 0 0x8000a356 (0x6151) x2  0x000001a0
core   0: 0x8000a358 (0x000080c5) c.srli  s1, 17
core   0: 0 0x8000a358 (0x80c5) x9  0x00000000
core   0: 0x8000a35a (0xa5744613) xori    a2, s0, -1449
core   0: 0 0x8000a35a (0xa5744613) x12 0xfffffa57
core   0: 0x8000a35e (0x039de963) bltu    s11, s9, pc + 50
core   0: 0 0x8000a35e (0x039de963)
core   0: 0x8000a390 (0x00008c3d) c.xor   s0, a5
core   0: 0 0x8000a390 (0x8c3d) x8  0x00000001
core   0: 0x8000a392 (0x00008ebd) c.xor   a3, a5
core   0: 0 0x8000a392 (0x8ebd) x13 0x00000071
core   0: 0x8000a394 (0x011f1c93) slli    s9, t5, 17
core   0: 0 0x8000a394 (0x011f1c93) x25 0x00000000
core   0: 0x8000a398 (0x0c99b893) sltiu   a7, s3, 201
core   0: 0 0x8000a398 (0x0c99b893) x17 0x00000000
core   0: 0x8000a39c (0x00008212) c.mv    tp, tp
core   0: 0 0x8000a39c (0x8212) x4  0x00000001
core   0: 0x8000a39e (0x0290ed63) bltu    ra, s1, pc + 58
core   0: 0 0x8000a39e (0x0290ed63)
core   0: 0x8000a3a2 (0x03342cb3) mulhsu  s9, s0, s3
core   0: 0 0x8000a3a2 (0x03342cb3) x25 0x00000000
core   0: 0x8000a3a6 (0x00000001) c.nop
core   0: 0 0x8000a3a6 (0x0001)
core   0: 0x8000a3a8 (0x417c02b3) sub     t0, s8, s7
core   0: 0 0x8000a3a8 (0x417c02b3) x5  0xffffff37
core   0: 0x8000a3ac (0x01ee5c93) srli    s9, t3, 30
core   0: 0 0x8000a3ac (0x01ee5c93) x25 0x00000002
core   0: 0x8000a3b0 (0x000003c6) c.slli  t2, 17
core   0: 0 0x8000a3b0 (0x03c6) x7  0xb9c80000
core   0: 0x8000a3b2 (0x000086c9) c.srai  a3, 18
core   0: 0 0x8000a3b2 (0x86c9) x13 0x00000000
core   0: 0x8000a3b4 (0x0097c0b3) xor     ra, a5, s1
core   0: 0 0x8000a3b4 (0x0097c0b3) x1  0x00000001
core   0: 0x8000a3b8 (0x00f30c33) add     s8, t1, a5
core   0: 0 0x8000a3b8 (0x00f30c33) x24 0x00000001
core   0: 0x8000a3bc (0x01211d13) slli    s10, sp, 18
core   0: 0 0x8000a3bc (0x01211d13) x26 0x06800000
core   0: 0x8000a3c0 (0x030b0e63) beq     s6, a6, pc + 60
core   0: 0 0x8000a3c0 (0x030b0e63)
core   0: 0x8000a3c4 (0x00008bf5) c.andi  a5, 29
core   0: 0 0x8000a3c4 (0x8bf5) x15 0x00000001
core   0: 0x8000a3c6 (0x0025bab3) sltu    s5, a1, sp
core   0: 0 0x8000a3c6 (0x0025bab3) x21 0x00000000
core   0: 0x8000a3ca (0x0ff0000f) fence   iorw,iorw
core   0: 0 0x8000a3ca (0x0ff0000f)
core   0: 0x8000a3ce (0x00659033) sll     zero, a1, t1
core   0: 0 0x8000a3ce (0x00659033)
core   0: 0x8000a3d2 (0x49aa5c17) auipc   s8, 0x49aa5
core   0: 0 0x8000a3d2 (0x49aa5c17) x24 0xc9aaf3d2
core   0: 0x8000a3d6 (0x00000001) c.nop
core   0: 0 0x8000a3d6 (0x0001)
core   0: 0x8000a3d8 (0x00008931) c.andi  a0, 12
core   0: 0 0x8000a3d8 (0x8931) x10 0x00000000
core   0: 0x8000a3da (0x016f0b63) beq     t5, s6, pc + 22
core   0: 0 0x8000a3da (0x016f0b63)
core   0: 0x8000a3de (0x0000169c) c.addi4spn a5, sp, 864
core   0: 0 0x8000a3de (0x169c) x15 0x00000500
core   0: 0x8000a3e0 (0x68e26a93) ori     s5, tp, 1678
core   0: 0 0x8000a3e0 (0x68e26a93) x21 0x0000068f
core   0: 0x8000a3e4 (0x73fe2d13) slti    s10, t3, 1855
core   0: 0 0x8000a3e4 (0x73fe2d13) x26 0x00000001
core   0: 0x8000a3e8 (0xbaaff113) andi    sp, t6, -1110
core   0: 0 0x8000a3e8 (0xbaaff113) x2  0x800258a0
core   0: 0x8000a3ec (0x0451c063) blt     gp, t0, pc + 64
core   0: 0 0x8000a3ec (0x0451c063)
core   0: 0x8000a3f0 (0xd3988f13) addi    t5, a7, -711
core   0: 0 0x8000a3f0 (0xd3988f13) x30 0xfffffd39
core   0: 0x8000a3f4 (0x00000001) c.nop
core   0: 0 0x8000a3f4 (0x0001)
core   0: 0x8000a3f6 (0xd1be6d13) ori     s10, t3, -741
core   0: 0 0x8000a3f6 (0xd1be6d13) x26 0xffffff5f
core   0: 0x8000a3fa (0x00008f59) c.or    a4, a4
core   0: 0 0x8000a3fa (0x8f59) x14 0x00000000
core   0: 0x8000a3fc (0x03c798b3) mulh    a7, a5, t3
core   0: 0 0x8000a3fc (0x03c798b3) x17 0xfffffde5
core   0: 0x8000a400 (0x4aa66913) ori     s2, a2, 1194
core   0: 0 0x8000a400 (0x4aa66913) x18 0xfffffeff
core   0: 0x8000a404 (0x00009652) c.add   a2, s4
core   0: 0 0x8000a404 (0x9652) x12 0xfffffa57
core   0: 0x8000a406 (0x00008d69) c.and   a0, a0
core   0: 0 0x8000a406 (0x8d69) x10 0x00000000
core   0: 0x8000a408 (0x00008d25) c.xor   a0, s1
core   0: 0 0x8000a408 (0x8d25) x10 0x00000000
core   0: 0x8000a40a (0x00008129) c.srli  a0, 10
core   0: 0 0x8000a40a (0x8129) x10 0x00000000
core   0: 0x8000a40c (0x0000c089) c.beqz  s1, pc + 2
core   0: 0 0x8000a40c (0xc089)
core   0: 0x8000a40e (0x25fe3c13) sltiu   s8, t3, 607
core   0: 0 0x8000a40e (0x25fe3c13) x24 0x00000000
core   0: 0x8000a412 (0xd4a07a13) andi    s4, zero, -694
core   0: 0 0x8000a412 (0xd4a07a13) x20 0x00000000
core   0: 0x8000a416 (0x0285e3b3) rem     t2, a1, s0
core   0: 0 0x8000a416 (0x0285e3b3) x7  0x00000000
core   0: 0x8000a41a (0x00000001) c.nop
core   0: 0 0x8000a41a (0x0001)
core   0: 0x8000a41c (0x41928db3) sub     s11, t0, s9
core   0: 0 0x8000a41c (0x41928db3) x27 0xffffff35
core   0: 0x8000a420 (0x01614033) xor     zero, sp, s6
core   0: 0 0x8000a420 (0x01614033)
core   0: 0x8000a424 (0x02ee6833) rem     a6, t3, a4
core   0: 0 0x8000a424 (0x02ee6833) x16 0x944f934e
core   0: 0x8000a428 (0x0315c233) div     tp, a1, a7
core   0: 0 0x8000a428 (0x0315c233) x4  0x003cca46
core   0: 0x8000a42c (0x0ff0000f) fence   iorw,iorw
core   0: 0 0x8000a42c (0x0ff0000f)
core   0: 0x8000a430 (0x41c6ddb3) sra     s11, a3, t3
core   0: 0 0x8000a430 (0x41c6ddb3) x27 0x00000000
core   0: 0x8000a434 (0x0000100f) fence.i
core   0: 0 0x8000a434 (0x0000100f)
core   0: 0x8000a438 (0x3c868193) addi    gp, a3, 968
core   0: 0 0x8000a438 (0x3c868193) x3  0x000003c8
core   0: 0x8000a43c (0x01ec5c63) bge     s8, t5, pc + 24
core   0: 0 0x8000a43c (0x01ec5c63)
core   0: 0x8000a454 (0x000069f1) c.lui   s3, 0x1c
core   0: 0 0x8000a454 (0x69f1) x19 0x0001c000
core   0: 0x8000a456 (0x0000ea01) c.bnez  a2, pc + 16
core   0: 0 0x8000a456 (0xea01)
core   0: 0x8000a466 (0x017c1513) slli    a0, s8, 23
core   0: 0 0x8000a466 (0x017c1513) x10 0x00000000
core   0: 0x8000a46a (0x02bc13b3) mulh    t2, s8, a1
core   0: 0 0x8000a46a (0x02bc13b3) x7  0x00000000
core   0: 0x8000a46e (0x01305013) srli    zero, zero, 19
core   0: 0 0x8000a46e (0x01305013)
core   0: 0x8000a472 (0x00004091) c.li    ra, 4
core   0: 0 0x8000a472 (0x4091) x1  0x00000004
core   0: 0x8000a474 (0x69971e17) auipc   t3, 0x69971
core   0: 0 0x8000a474 (0x69971e17) x28 0xe997b474
core   0: 0x8000a478 (0x02ca86b3) mul     a3, s5, a2
core   0: 0 0x8000a478 (0x02ca86b3) x13 0xffdae099
core   0: 0x8000a47c (0x0000e089) c.bnez  s1, pc + 2
core   0: 0 0x8000a47c (0xe089)
core   0: 0x8000a47e (0x0000e119) c.bnez  a0, pc + 6
core   0: 0 0x8000a47e (0xe119)
core   0: 0x8000a480 (0x038ee533) rem     a0, t4, s8
core   0: 0 0x8000a480 (0x038ee533) x10 0x00000000
core   0: 0x8000a484 (0x01eed1b3) srl     gp, t4, t5
core   0: 0 0x8000a484 (0x01eed1b3) x3  0x00000000
core   0: 0x8000a488 (0x00000001) c.nop
core   0: 0 0x8000a488 (0x0001)
core   0: 0x8000a48a (0x52cacd93) xori    s11, s5, 1324
core   0: 0 0x8000a48a (0x52cacd93) x27 0x000003a3
core   0: 0x8000a48e (0x40238533) sub     a0, t2, sp
core   0: 0 0x8000a48e (0x40238533) x10 0x7ffda760
core   0: 0x8000a492 (0x0256edb3) rem     s11, a3, t0
core   0: 0 0x8000a492 (0x0256edb3) x27 0xffffff58
core   0: 0x8000a496 (0x02a1a533) mulhsu  a0, gp, a0
core   0: 0 0x8000a496 (0x02a1a533) x10 0x00000000
core   0: 0x8000a49a (0x4566f213) andi    tp, a3, 1110
core   0: 0 0x8000a49a (0x4566f213) x4  0x00000010
core   0: 0x8000a49e (0x01989eb3) sll     t4, a7, s9
core   0: 0 0x8000a49e (0x01989eb3) x29 0xfffff794
core   0: 0x8000a4a2 (0x00008c55) c.or    s0, a3
core   0: 0 0x8000a4a2 (0x8c55) x8  0xffdae099
core   0: 0x8000a4a4 (0x0ff0000f) fence   iorw,iorw
core   0: 0 0x8000a4a4 (0x0ff0000f)
core   0: 0x8000a4a8 (0x01616533) or      a0, sp, s6
core   0: 0 0x8000a4a8 (0x01616533) x10 0x800258f0
core   0: 0x8000a4ac (0x01c0e963) bltu    ra, t3, pc + 18
core   0: 0 0x8000a4ac (0x01c0e963)
core   0: 0x8000a4be (0x77a48693) addi    a3, s1, 1914
core   0: 0 0x8000a4be (0x77a48693) x13 0x0000077a
core   0: 0x8000a4c2 (0x00006809) c.lui   a6, 0x2
core   0: 0 0x8000a4c2 (0x6809) x16 0x00002000
core   0: 0x8000a4c4 (0x00004b8d) c.li    s7, 3
core   0: 0 0x8000a4c4 (0x4b8d) x23 0x00000003
core   0: 0x8000a4c6 (0x01758db3) add     s11, a1, s7
core   0: 0 0x8000a4c6 (0x01758db3) x27 0x80021e5b
core   0: 0x8000a4ca (0x00009b9e) c.add   s7, t2
core   0: 0 0x8000a4ca (0x9b9e) x23 0x00000003
core   0: 0x8000a4cc (0x00008932) c.mv    s2, a2
core   0: 0 0x8000a4cc (0x8932) x18 0xfffffa57
core   0: 0x8000a4ce (0x0ff0000f) fence   iorw,iorw
core   0: 0 0x8000a4ce (0x0ff0000f)
core   0: 0x8000a4d2 (0x03c2a133) mulhsu  sp, t0, t3
core   0: 0 0x8000a4d2 (0x03c2a133) x2  0xffffff48
core   0: 0x8000a4d6 (0x0278ad33) mulhsu  s10, a7, t2
core   0: 0 0x8000a4d6 (0x0278ad33) x26 0x00000000
core   0: 0x8000a4da (0x02efd833) divu    a6, t6, a4
core   0: 0 0x8000a4da (0x02efd833) x16 0xffffffff
core   0: 0x8000a4de (0x00af1d33) sll     s10, t5, a0
core   0: 0 0x8000a4de (0x00af1d33) x26 0xfd390000
core   0: 0x8000a4e2 (0x0000026d) c.addi  tp, 27
core   0: 0 0x8000a4e2 (0x026d) x4  0x0000002b
core   0: 0x8000a4e4 (0x0000c38d) c.beqz  a5, pc + 34
core   0: 0 0x8000a4e4 (0xc38d)
core   0: 0x8000a4e6 (0x554e4eb7) lui     t4, 0x554e4
core   0: 0 0x8000a4e6 (0x554e4eb7) x29 0x554e4000
core   0: 0x8000a4ea (0x0084f933) and     s2, s1, s0
core   0: 0 0x8000a4ea (0x0084f933) x18 0x00000000
core   0: 0x8000a4ee (0x0569d663) bge     s3, s6, pc + 76
core   0: 0 0x8000a4ee (0x0569d663)
core   0: 0x8000a53a (0xa62adb97) auipc   s7, 0xa62ad
core   0: 0 0x8000a53a (0xa62adb97) x23 0x262b753a
core   0: 0x8000a53e (0x40e456b3) sra     a3, s0, a4
core   0: 0 0x8000a53e (0x40e456b3) x13 0xffdae099
core   0: 0x8000a542 (0x00008e31) c.xor   a2, a2
core   0: 0 0x8000a542 (0x8e31) x12 0x00000000
core   0: 0x8000a544 (0x03b9a033) mulhsu  zero, s3, s11
core   0: 0 0x8000a544 (0x03b9a033)
core   0: 0x8000a548 (0x000001da) c.slli  gp, 22
core   0: 0 0x8000a548 (0x01da) x3  0x00000000
core   0: 0x8000a54a (0x00009a7d) c.andi  a2, -1
core   0: 0 0x8000a54a (0x9a7d) x12 0x00000000
core   0: 0x8000a54c (0x01a4d413) srli    s0, s1, 26
core   0: 0 0x8000a54c (0x01a4d413) x8  0x00000000
core   0: 0x8000a550 (0xf56dee37) lui     t3, 0xf56de
core   0: 0 0x8000a550 (0xf56dee37) x28 0xf56de000
core   0: 0x8000a554 (0x0000717d) c.addi16sp sp, -16
core   0: 0 0x8000a554 (0x717d) x2  0xffffff38
core   0: 0x8000a556 (0x9274e793) ori     a5, s1, -1753
core   0: 0 0x8000a556 (0x9274e793) x15 0xfffff927
core   0: 0x8000a55a (0x0333cdb3) div     s11, t2, s3
core   0: 0 0x8000a55a (0x0333cdb3) x27 0x00000000
core   0: 0x8000a55e (0x01434433) xor     s0, t1, s4
core   0: 0 0x8000a55e (0x01434433) x8  0x00000000
core   0: 0x8000a562 (0x51ebee93) ori     t4, s7, 1310
core   0: 0 0x8000a562 (0x51ebee93) x29 0x262b753e
core   0: 0x8000a566 (0x03e75133) divu    sp, a4, t5
core   0: 0 0x8000a566 (0x03e75133) x2  0x00000000
core   0: 0x8000a56a (0x03741133) mulh    sp, s0, s7
core   0: 0 0x8000a56a (0x03741133) x2  0x00000000
core   0: 0x8000a56e (0x00006169) c.addi16sp sp, 208
core   0: 0 0x8000a56e (0x6169) x2  0x000000d0
core   0: 0x8000a570 (0x014f9033) sll     zero, t6, s4
core   0: 0 0x8000a570 (0x014f9033)
core   0: 0x8000a574 (0x81772813) slti    a6, a4, -2025
core   0: 0 0x8000a574 (0x81772813) x16 0x00000000
core   0: 0x8000a578 (0xf60cf693) andi    a3, s9, -160
core   0: 0 0x8000a578 (0xf60cf693) x13 0x00000000
core   0: 0x8000a57c (0x000054fd) c.li    s1, -1
core   0: 0 0x8000a57c (0x54fd) x9  0xffffffff
core   0: 0x8000a57e (0x00008d39) c.xor   a0, a4
core   0: 0 0x8000a57e (0x8d39) x10 0x800258f0
core   0: 0x8000a580 (0x5a9d8717) auipc   a4, 0x5a9d8
core   0: 0 0x8000a580 (0x5a9d8717) x14 0xda9e2580
core   0: 0x8000a584 (0x00855ab3) srl     s5, a0, s0
core   0: 0 0x8000a584 (0x00855ab3) x21 0x800258f0
core   0: 0x8000a588 (0xdf398717) auipc   a4, 0xdf398
core   0: 0 0x8000a588 (0xdf398717) x14 0x5f3a2588
core   0: 0x8000a58c (0x0094d133) srl     sp, s1, s1
core   0: 0 0x8000a58c (0x0094d133) x2  0x00000001
core   0: 0x8000a590 (0x00000001) c.nop
core   0: 0 0x8000a590 (0x0001)
core   0: 0x8000a592 (0x00e47033) and     zero, s0, a4
core   0: 0 0x8000a592 (0x00e47033)
core   0: 0x8000a596 (0x02e7e6b3) rem     a3, a5, a4
core   0: 0 0x8000a596 (0x02e7e6b3) x13 0xfffff927
core   0: 0x8000a59a (0x00001d84) c.addi4spn s1, sp, 752
core   0: 0 0x8000a59a (0x1d84) x9  0x000002f1
core   0: 0x8000a59c (0x02348063) beq     s1, gp, pc + 32
core   0: 0 0x8000a59c (0x02348063)
core   0: 0x8000a5a0 (0x02a79633) mulh    a2, a5, a0
core   0: 0 0x8000a5a0 (0x02a79633) x12 0x0000036c
core   0: 0x8000a5a4 (0x02e87a63) bgeu    a6, a4, pc + 52
core   0: 0 0x8000a5a4 (0x02e87a63)
core   0: 0x8000a5a8 (0x24378d13) addi    s10, a5, 579
core   0: 0 0x8000a5a8 (0x24378d13) x26 0xfffffb6a
core   0: 0x8000a5ac (0x01b49a93) slli    s5, s1, 27
core   0: 0 0x8000a5ac (0x01b49a93) x21 0x88000000
core   0: 0x8000a5b0 (0x0330a6b3) mulhsu  a3, ra, s3
core   0: 0 0x8000a5b0 (0x0330a6b3) x13 0x00000000
core   0: 0x8000a5b4 (0x00008e41) c.or    a2, s0
core   0: 0 0x8000a5b4 (0x8e41) x12 0x0000036c
core   0: 0x8000a5b6 (0x01080763) beq     a6, a6, pc + 14
core   0: 0 0x8000a5b6 (0x01080763)
core   0: 0x8000a5c4 (0x028cd533) divu    a0, s9, s0
core   0: 0 0x8000a5c4 (0x028cd533) x10 0xffffffff
core   0: 0x8000a5c8 (0x00000904) c.addi4spn s1, sp, 144
core   0: 0 0x8000a5c8 (0x0904) x9  0x00000091
core   0: 0x8000a5ca (0x01a90633) add     a2, s2, s10
core   0: 0 0x8000a5ca (0x01a90633) x12 0xfffffb6a
core   0: 0x8000a5ce (0x03593ab3) mulhu   s5, s2, s5
core   0: 0 0x8000a5ce (0x03593ab3) x21 0x00000000
core   0: 0x8000a5d2 (0x00000001) c.nop
core   0: 0 0x8000a5d2 (0x0001)
core   0: 0x8000a5d4 (0xeb8fad93) slti    s11, t6, -328
core   0: 0 0x8000a5d4 (0xeb8fad93) x27 0x00000001
core   0: 0x8000a5d8 (0x00000001) c.nop
core   0: 0 0x8000a5d8 (0x0001)
core   0: 0x8000a5da (0x00001d9c) c.addi4spn a5, sp, 752
core   0: 0 0x8000a5da (0x1d9c) x15 0x000002f1
core   0: 0x8000a5dc (0x0000e889) c.bnez  s1, pc + 18
core   0: 0 0x8000a5dc (0xe889)
core   0: 0x8000a5ee (0x03129763) bne     t0, a7, pc + 46
core   0: 0 0x8000a5ee (0x03129763)
core   0: 0x8000a61c (0x0000846d) c.srai  s0, 27
core   0: 0 0x8000a61c (0x846d) x8  0x00000000
core   0: 0x8000a61e (0x0044bbb3) sltu    s7, s1, tp
core   0: 0 0x8000a61e (0x0044bbb3) x23 0x00000000
core   0: 0x8000a622 (0x006de933) or      s2, s11, t1
core   0: 0 0x8000a622 (0x006de933) x18 0x00000001
core   0: 0x8000a626 (0x00e83bb3) sltu    s7, a6, a4
core   0: 0 0x8000a626 (0x00e83bb3) x23 0x00000001
core   0: 0x8000a62a (0x00dc77b3) and     a5, s8, a3
core   0: 0 0x8000a62a (0x00dc77b3) x15 0x00000000
core   0: 0x8000a62e (0x0000567d) c.li    a2, -1
core   0: 0 0x8000a62e (0x567d) x12 0xffffffff
core   0: 0x8000a630 (0x00000d35) c.addi  s10, 13
core   0: 0 0x8000a630 (0x0d35) x26 0xfffffb77
core   0: 0x8000a632 (0x765a8e13) addi    t3, s5, 1893
core   0: 0 0x8000a632 (0x765a8e13) x28 0x00000765
core   0: 0x8000a636 (0x0000100f) fence.i
core   0: 0 0x8000a636 (0x0000100f)
core   0: 0x8000a63a (0x00009e8e) c.add   t4, gp
core   0: 0 0x8000a63a (0x9e8e) x29 0x262b753e
core   0: 0x8000a63c (0x000044d5) c.li    s1, 21
core   0: 0 0x8000a63c (0x44d5) x9  0x00000015
core   0: 0x8000a63e (0x00008d0d) c.sub   a0, a1
core   0: 0 0x8000a63e (0x8d0d) x10 0x7ffde1a7
core   0: 0x8000a640 (0x0000860d) c.srai  a2, 3
core   0: 0 0x8000a640 (0x860d) x12 0xffffffff
core   0: 0x8000a642 (0x03914c33) div     s8, sp, s9
core   0: 0 0x8000a642 (0x03914c33) x24 0x00000000
core   0: 0x8000a646 (0x00000dae) c.slli  s11, 11
core   0: 0 0x8000a646 (0x0dae) x27 0x00000800
core   0: 0x8000a648 (0x00b57d33) and     s10, a0, a1
core   0: 0 0x8000a648 (0x00b57d33) x26 0x00000000
core   0: 0x8000a64c (0x029234b3) mulhu   s1, tp, s1
core   0: 0 0x8000a64c (0x029234b3) x9  0x00000000
core   0: 0x8000a650 (0x03a55633) divu    a2, a0, s10
core   0: 0 0x8000a650 (0x03a55633) x12 0xffffffff
core   0: 0x8000a654 (0x00000001) c.nop
core   0: 0 0x8000a654 (0x0001)
core   0: 0x8000a656 (0x2446cd93) xori    s11, a3, 580
core   0: 0 0x8000a656 (0x2446cd93) x27 0x00000244
core   0: 0x8000a65a (0x014f93b3) sll     t2, t6, s4
core   0: 0 0x8000a65a (0x014f93b3) x7  0x80025ce4
core   0: 0x8000a65e (0x015f0033) add     zero, t5, s5
core   0: 0 0x8000a65e (0x015f0033)
core   0: 0x8000a662 (0x20c54717) auipc   a4, 0x20c54
core   0: 0 0x8000a662 (0x20c54717) x14 0xa0c5e662
core   0: 0x8000a666 (0x0000447d) c.li    s0, 31
core   0: 0 0x8000a666 (0x447d) x8  0x0000001f
core   0: 0x8000a668 (0x414a0933) sub     s2, s4, s4
core   0: 0 0x8000a668 (0x414a0933) x18 0x00000000
core   0: 0x8000a66c (0x007acc33) xor     s8, s5, t2
core   0: 0 0x8000a66c (0x007acc33) x24 0x80025ce4
core   0: 0x8000a670 (0x9e9e53b7) lui     t2, 0x9e9e5
core   0: 0 0x8000a670 (0x9e9e53b7) x7  0x9e9e5000
core   0: 0x8000a674 (0x010b5813) srli    a6, s6, 16
core   0: 0 0x8000a674 (0x010b5813) x16 0x00000000
core   0: 0x8000a678 (0x000081de) c.mv    gp, s7
core   0: 0 0x8000a678 (0x81de) x3  0x00000001
core   0: 0x8000a67a (0x0000717d) c.addi16sp sp, -16
core   0: 0 0x8000a67a (0x717d) x2  0xfffffff1
core   0: 0x8000a67c (0x00008e11) c.sub   a2, a2
core   0: 0 0x8000a67c (0x8e11) x12 0x00000000
core   0: 0x8000a67e (0x419fd9b3) sra     s3, t6, s9
core   0: 0 0x8000a67e (0x419fd9b3) x19 0xe0009739
core   0: 0x8000a682 (0x02594f63) blt     s2, t0, pc + 62
core   0: 0 0x8000a682 (0x02594f63)
core   0: 0x8000a686 (0x000086e9) c.srai  a3, 26
core   0: 0 0x8000a686 (0x86e9) x13 0x00000000
core   0: 0x8000a688 (0x00f10833) add     a6, sp, a5
core   0: 0 0x8000a688 (0x00f10833) x16 0xfffffff1
core   0: 0x8000a68c (0x4006da33) sra     s4, a3, zero
core   0: 0 0x8000a68c (0x4006da33) x20 0x00000000
core   0: 0x8000a690 (0xb1f11297) auipc   t0, 0xb1f11
core   0: 0 0x8000a690 (0xb1f11297) x5  0x31f1b690
core   0: 0x8000a694 (0x02251233) mulh    tp, a0, sp
core   0: 0 0x8000a694 (0x02251233) x4  0xfffffff8
core   0: 0x8000a698 (0x00006c89) c.lui   s9, 0x2
core   0: 0 0x8000a698 (0x6c89) x25 0x00002000
core   0: 0x8000a69a (0x37b2b713) sltiu   a4, t0, 891
core   0: 0 0x8000a69a (0x37b2b713) x14 0x00000000
core   0: 0x8000a69e (0x00006f15) c.lui   t5, 0x5
core   0: 0 0x8000a69e (0x6f15) x30 0x00005000
core   0: 0x8000a6a0 (0x00089493) slli    s1, a7, 0
core   0: 0 0x8000a6a0 (0x00089493) x9  0xfffffde5
core   0: 0x8000a6a4 (0x037dceb3) div     t4, s11, s7
core   0: 0 0x8000a6a4 (0x037dceb3) x29 0x00000244
core   0: 0x8000a6a8 (0x0000ce9d) c.beqz  a3, pc + 62
core   0: 0 0x8000a6a8 (0xce9d)
core   0: 0x8000a6e6 (0x03ee81b3) mul     gp, t4, t5
core   0: 0 0x8000a6e6 (0x03ee81b3) x3  0x00b54000
core   0: 0x8000a6ea (0x0000c015) c.beqz  s0, pc + 36
core   0: 0 0x8000a6ea (0xc015)
core   0: 0x8000a6ec (0x002b0733) add     a4, s6, sp
core   0: 0 0x8000a6ec (0x002b0733) x14 0x00000061
core   0: 0x8000a6f0 (0x000098fd) c.andi  s1, -1
core   0: 0 0x8000a6f0 (0x98fd) x9  0xfffffde5
core   0: 0x8000a6f2 (0x0000008a) c.slli  ra, 2
core   0: 0 0x8000a6f2 (0x008a) x1  0x00000010
core   0: 0x8000a6f4 (0x00146b33) or      s6, s0, ra
core   0: 0 0x8000a6f4 (0x00146b33) x22 0x0000001f
core   0: 0x8000a6f8 (0x0000ee15) c.bnez  a2, pc + 60
core   0: 0 0x8000a6f8 (0xee15)
core   0: 0x8000a6fa (0x013e1963) bne     t3, s3, pc + 18
core   0: 0 0x8000a6fa (0x013e1963)
core   0: 0x8000a70c (0x000009a9) c.addi  s3, 10
core   0: 0 0x8000a70c (0x09a9) x19 0xe0009743
core   0: 0x8000a70e (0x41b0d513) srai    a0, ra, 27
core   0: 0 0x8000a70e (0x41b0d513) x10 0x00000000
core   0: 0x8000a712 (0x00008241) c.srli  a2, 16
core   0: 0 0x8000a712 (0x8241) x12 0x00000000
core   0: 0x8000a714 (0x00006d29) c.lui   s10, 0xa
core   0: 0 0x8000a714 (0x6d29) x26 0x0000a000
core   0: 0x8000a716 (0x03fac633) div     a2, s5, t6
core   0: 0 0x8000a716 (0x03fac633) x12 0x00000000
core   0: 0x8000a71a (0x031ef2b3) remu    t0, t4, a7
core   0: 0 0x8000a71a (0x031ef2b3) x5  0x00000244
core   0: 0x8000a71e (0x025df733) remu    a4, s11, t0
core   0: 0 0x8000a71e (0x025df733) x14 0x00000000
core   0: 0x8000a722 (0x0000909a) c.add   ra, t1
core   0: 0 0x8000a722 (0x909a) x1  0x00000010
core   0: 0x8000a724 (0x01047e33) and     t3, s0, a6
core   0: 0 0x8000a724 (0x01047e33) x28 0x00000011
core   0: 0x8000a728 (0x03e18bb3) mul     s7, gp, t5
core   0: 0 0x8000a728 (0x03e18bb3) x23 0xa4000000
core   0: 0x8000a72c (0x00d86db3) or      s11, a6, a3
core   0: 0 0x8000a72c (0x00d86db3) x27 0xfffffff1
core   0: 0x8000a730 (0x000081a6) c.mv    gp, s1
core   0: 0 0x8000a730 (0x81a6) x3  0xfffffde5
core   0: 0x8000a732 (0x00008d69) c.and   a0, a0
core   0: 0 0x8000a732 (0x8d69) x10 0x00000000
core   0: 0x8000a734 (0x0291f733) remu    a4, gp, s1
core   0: 0 0x8000a734 (0x0291f733) x14 0x00000000
core   0: 0x8000a738 (0x000092d2) c.add   t0, s4
core   0: 0 0x8000a738 (0x92d2) x5  0x00000244
core   0: 0x8000a73a (0xa9777293) andi    t0, a4, -1385
core   0: 0 0x8000a73a (0xa9777293) x5  0x00000000
core   0: 0x8000a73e (0x0000838a) c.mv    t2, sp
core   0: 0 0x8000a73e (0x838a) x7  0xfffffff1
core   0: 0x8000a740 (0x00008e59) c.or    a2, a4
core   0: 0 0x8000a740 (0x8e59) x12 0x00000000
core   0: 0x8000a742 (0xee5f6693) ori     a3, t5, -283
core   0: 0 0x8000a742 (0xee5f6693) x13 0xfffffee5
core   0: 0x8000a746 (0x00006961) c.lui   s2, 0x18
core   0: 0 0x8000a746 (0x6961) x18 0x00018000
core   0: 0x8000a748 (0x03d3ca63) blt     t2, t4, pc + 52
core   0: 0 0x8000a748 (0x03d3ca63)
core   0: 0x8000a77c (0x004333b3) sltu    t2, t1, tp
core   0: 0 0x8000a77c (0x004333b3) x7  0x00000001
core   0: 0x8000a780 (0x01c65a63) bge     a2, t3, pc + 20
core   0: 0 0x8000a780 (0x01c65a63)
core   0: 0x8000a784 (0x00008f11) c.sub   a4, a2
core   0: 0 0x8000a784 (0x8f11) x14 0x00000000
core   0: 0x8000a786 (0x4c046a13) ori     s4, s0, 1216
core   0: 0 0x8000a786 (0x4c046a13) x20 0x000004df
core   0: 0x8000a78a (0x0094d013) srli    zero, s1, 9
core   0: 0 0x8000a78a (0x0094d013)
core   0: 0x8000a78e (0x1f9db093) sltiu   ra, s11, 505
core   0: 0 0x8000a78e (0x1f9db093) x1  0x00000000
core   0: 0x8000a792 (0x00008ecd) c.or    a3, a1
core   0: 0 0x8000a792 (0x8ecd) x13 0xfffffefd
core   0: 0x8000a794 (0x00fae033) or      zero, s5, a5
core   0: 0 0x8000a794 (0x00fae033)
core   0: 0x8000a798 (0x0301af33) mulhsu  t5, gp, a6
core   0: 0 0x8000a798 (0x0301af33) x30 0xfffffde5
core   0: 0x8000a79c (0x0315db33) divu    s6, a1, a7
core   0: 0 0x8000a79c (0x0315db33) x22 0x00000000
core   0: 0x8000a7a0 (0x3bb38137) lui     sp, 0x3bb38
core   0: 0 0x8000a7a0 (0x3bb38137) x2  0x3bb38000
core   0: 0x8000a7a4 (0x02a91033) mulh    zero, s2, a0
core   0: 0 0x8000a7a4 (0x02a91033)
core   0: 0x8000a7a8 (0x00008db2) c.mv    s11, a2
core   0: 0 0x8000a7a8 (0x8db2) x27 0x00000000
core   0: 0x8000a7aa (0x0000100f) fence.i
core   0: 0 0x8000a7aa (0x0000100f)
core   0: 0x8000a7ae (0x00008015) c.srli  s0, 5
core   0: 0 0x8000a7ae (0x8015) x8  0x00000000
core   0: 0x8000a7b0 (0x0000197d) c.addi  s2, -1
core   0: 0 0x8000a7b0 (0x197d) x18 0x00017fff
core   0: 0x8000a7b2 (0x032dceb3) div     t4, s11, s2
core   0: 0 0x8000a7b2 (0x032dceb3) x29 0x00000000
core   0: 0x8000a7b6 (0x01a5f033) and     zero, a1, s10
core   0: 0 0x8000a7b6 (0x01a5f033)
core   0: 0x8000a7ba (0x01a58133) add     sp, a1, s10
core   0: 0 0x8000a7ba (0x01a58133) x2  0x8002be58
core   0: 0x8000a7be (0x40470633) sub     a2, a4, tp
core   0: 0 0x8000a7be (0x40470633) x12 0x00000008
core   0: 0x8000a7c2 (0x037a5eb3) divu    t4, s4, s7
core   0: 0 0x8000a7c2 (0x037a5eb3) x29 0x00000000
core   0: 0x8000a7c6 (0xdd1dfb13) andi    s6, s11, -559
core   0: 0 0x8000a7c6 (0xdd1dfb13) x22 0x00000000
core   0: 0x8000a7ca (0x03dab533) mulhu   a0, s5, t4
core   0: 0 0x8000a7ca (0x03dab533) x10 0x00000000
core   0: 0x8000a7ce (0x03436933) rem     s2, t1, s4
core   0: 0 0x8000a7ce (0x03436933) x18 0x00000000
core   0: 0x8000a7d2 (0x40458c33) sub     s8, a1, tp
core   0: 0 0x8000a7d2 (0x40458c33) x24 0x80021e60
core   0: 0x8000a7d6 (0x0000c30d) c.beqz  a4, pc + 34
core   0: 0 0x8000a7d6 (0xc30d)
core   0: 0x8000a7f8 (0x00c0d263) bge     ra, a2, pc + 4
core   0: 0 0x8000a7f8 (0x00c0d263)
core   0: 0x8000a7fc (0x41e85093) srai    ra, a6, 30
core   0: 0 0x8000a7fc (0x41e85093) x1  0xffffffff
core   0: 0x8000a800 (0x00001f7d) c.addi  t5, -1
core   0: 0 0x8000a800 (0x1f7d) x30 0xfffffde4
core   0: 0x8000a802 (0x0342d863) bge     t0, s4, pc + 48
core   0: 0 0x8000a802 (0x0342d863)
core   0: 0x8000a806 (0x037bbcb3) mulhu   s9, s7, s7
core   0: 0 0x8000a806 (0x037bbcb3) x25 0x69100000
core   0: 0x8000a80a (0x01591263) bne     s2, s5, pc + 4
core   0: 0 0x8000a80a (0x01591263)
core   0: 0x8000a80e (0x00008e5d) c.or    a2, a5
core   0: 0 0x8000a80e (0x8e5d) x12 0x00000008
core   0: 0x8000a810 (0xc5e16413) ori     s0, sp, -930
core   0: 0 0x8000a810 (0xc5e16413) x8  0xfffffe5e
core   0: 0x8000a814 (0x00008e35) c.xor   a2, a3
core   0: 0 0x8000a814 (0x8e35) x12 0xfffffef5
core   0: 0x8000a816 (0x001de1b3) or      gp, s11, ra
core   0: 0 0x8000a816 (0x001de1b3) x3  0xffffffff
core   0: 0x8000a81a (0x00000d6e) c.slli  s10, 27
core   0: 0 0x8000a81a (0x0d6e) x26 0x00000000
core   0: 0x8000a81c (0x01b8f833) and     a6, a7, s11
core   0: 0 0x8000a81c (0x01b8f833) x16 0x00000000
core   0: 0x8000a820 (0x000002b6) c.slli  t0, 13
core   0: 0 0x8000a820 (0x02b6) x5  0x00000000
core   0: 0x8000a822 (0x2e60cc13) xori    s8, ra, 742
core   0: 0 0x8000a822 (0x2e60cc13) x24 0xfffffd19
core   0: 0x8000a826 (0x01727f33) and     t5, tp, s7
core   0: 0 0x8000a826 (0x01727f33) x30 0xa4000000
core   0: 0x8000a82a (0x41c5db93) srai    s7, a1, 28
core   0: 0 0x8000a82a (0x41c5db93) x23 0xfffffff8
core   0: 0x8000a82e (0x0063e233) or      tp, t2, t1
core   0: 0 0x8000a82e (0x0063e233) x4  0x00000001
core   0: 0x8000a832 (0x00008d75) c.and   a0, a3
core   0: 0 0x8000a832 (0x8d75) x10 0x00000000
core   0: 0x8000a834 (0x41828233) sub     tp, t0, s8
core   0: 0 0x8000a834 (0x41828233) x4  0x000002e7
core   0: 0x8000a838 (0x01fc5693) srli    a3, s8, 31
core   0: 0 0x8000a838 (0x01fc5693) x13 0x00000001
core   0: 0x8000a83c (0x00008965) c.andi  a0, 25
core   0: 0 0x8000a83c (0x8965) x10 0x00000000
core   0: 0x8000a83e (0x0293ca33) div     s4, t2, s1
core   0: 0 0x8000a83e (0x0293ca33) x20 0x00000000
core   0: 0x8000a842 (0x00001c94) c.addi4spn a3, sp, 624
core   0: 0 0x8000a842 (0x1c94) x13 0x8002c0c8
core   0: 0x8000a844 (0x03fb4633) div     a2, s6, t6
core   0: 0 0x8000a844 (0x03fb4633) x12 0x00000000
core   0: 0x8000a848 (0x055f0363) beq     t5, s5, pc + 70
core   0: 0 0x8000a848 (0x055f0363)
core   0: 0x8000a84c (0x24166613) ori     a2, a2, 577
core   0: 0 0x8000a84c (0x24166613) x12 0x00000241
core   0: 0x8000a850 (0x013319b3) sll     s3, t1, s3
core   0: 0 0x8000a850 (0x013319b3) x19 0x00000000
core   0: 0x8000a854 (0x008033b3) snez    t2, s0
core   0: 0 0x8000a854 (0x008033b3) x7  0x00000001
core   0: 0x8000a858 (0x00ca49b3) xor     s3, s4, a2
core   0: 0 0x8000a858 (0x00ca49b3) x19 0x00000241
core   0: 0x8000a85c (0x00008685) c.srai  a3, 1
core   0: 0 0x8000a85c (0x8685) x13 0xc0016064
core   0: 0x8000a85e (0x1c5c2d17) auipc   s10, 0x1c5c2
core   0: 0 0x8000a85e (0x1c5c2d17) x26 0x9c5cc85e
core   0: 0x8000a862 (0x0000100f) fence.i
core   0: 0 0x8000a862 (0x0000100f)
core   0: 0x8000a866 (0x01297463) bgeu    s2, s2, pc + 8
core   0: 0 0x8000a866 (0x01297463)
core   0: 0x8000a86e (0x007d9bb3) sll     s7, s11, t2
core   0: 0 0x8000a86e (0x007d9bb3) x23 0x00000000
core   0: 0x8000a872 (0x03ec1863) bne     s8, t5, pc + 48
core   0: 0 0x8000a872 (0x03ec1863)
core   0: 0x8000a8a2 (0x406950b3) sra     ra, s2, t1
core   0: 0 0x8000a8a2 (0x406950b3) x1  0x00000000
core   0: 0x8000a8a6 (0x00946963) bltu    s0, s1, pc + 18
core   0: 0 0x8000a8a6 (0x00946963)
core   0: 0x8000a8aa (0x00006acd) c.lui   s5, 0x13
core   0: 0 0x8000a8aa (0x6acd) x21 0x00013000
core   0: 0x8000a8ac (0x01cb6863) bltu    s6, t3, pc + 16
core   0: 0 0x8000a8ac (0x01cb6863)
core   0: 0x8000a8bc (0x0392e833) rem     a6, t0, s9
core   0: 0 0x8000a8bc (0x0392e833) x16 0x00000000
core   0: 0x8000a8c0 (0x006c9793) slli    a5, s9, 6
core   0: 0 0x8000a8c0 (0x006c9793) x15 0x44000000
core   0: 0x8000a8c4 (0x033b8b63) beq     s7, s3, pc + 54
core   0: 0 0x8000a8c4 (0x033b8b63)
core   0: 0x8000a8c8 (0x00008665) c.srai  a2, 25
core   0: 0 0x8000a8c8 (0x8665) x12 0x00000000
core   0: 0x8000a8ca (0x00000001) c.nop
core   0: 0 0x8000a8ca (0x0001)
core   0: 0x8000a8cc (0x00006159) c.addi16sp sp, 400
core   0: 0 0x8000a8cc (0x6159) x2  0x8002bfe8
core   0: 0x8000a8ce (0x00006a19) c.lui   s4, 0x6
core   0: 0 0x8000a8ce (0x6a19) x20 0x00006000
core   0: 0x8000a8d0 (0x00009a7d) c.andi  a2, -1
core   0: 0 0x8000a8d0 (0x9a7d) x12 0x00000000
core   0: 0x8000a8d2 (0x01e42133) slt     sp, s0, t5
core   0: 0 0x8000a8d2 (0x01e42133) x2  0x00000000
core   0: 0x8000a8d6 (0x031ae563) bltu    s5, a7, pc + 42
core   0: 0 0x8000a8d6 (0x031ae563)
core   0: 0x8000a900 (0x000007aa) c.slli  a5, 10
core   0: 0 0x8000a900 (0x07aa) x15 0x00000000
core   0: 0x8000a902 (0x02ddb1b3) mulhu   gp, s11, a3
core   0: 0 0x8000a902 (0x02ddb1b3) x3  0x00000000
core   0: 0x8000a906 (0x0031ba33) sltu    s4, gp, gp
core   0: 0 0x8000a906 (0x0031ba33) x20 0x00000000
core   0: 0x8000a90a (0x00000001) c.nop
core   0: 0 0x8000a90a (0x0001)
core   0: 0x8000a90c (0x035bf563) bgeu    s7, s5, pc + 42
core   0: 0 0x8000a90c (0x035bf563)
core   0: 0x8000a910 (0x0000879a) c.mv    a5, t1
core   0: 0 0x8000a910 (0x879a) x15 0x00000000
core   0: 0x8000a912 (0xb8554d93) xori    s11, a0, -1147
core   0: 0 0x8000a912 (0xb8554d93) x27 0xfffffb85
core   0: 0x8000a916 (0x02bd0933) mul     s2, s10, a1
core   0: 0 0x8000a916 (0x02bd0933) x18 0x301be450
core   0: 0x8000a91a (0x01f49213) slli    tp, s1, 31
core   0: 0 0x8000a91a (0x01f49213) x4  0x80000000
core   0: 0x8000a91e (0x3cec3793) sltiu   a5, s8, 974
core   0: 0 0x8000a91e (0x3cec3793) x15 0x00000000
core   0: 0x8000a922 (0xbdab2d93) slti    s11, s6, -1062
core   0: 0 0x8000a922 (0xbdab2d93) x27 0x00000000
core   0: 0x8000a926 (0x00000001) c.nop
core   0: 0 0x8000a926 (0x0001)
core   0: 0x8000a928 (0x000097b2) c.add   a5, a2
core   0: 0 0x8000a928 (0x97b2) x15 0x00000000
core   0: 0x8000a92a (0x02927d33) remu    s10, tp, s1
core   0: 0 0x8000a92a (0x02927d33) x26 0x80000000
core   0: 0x8000a92e (0x000090ea) c.add   ra, s10
core   0: 0 0x8000a92e (0x90ea) x1  0x80000000
core   0: 0x8000a930 (0x03df22b3) mulhsu  t0, t5, t4
core   0: 0 0x8000a930 (0x03df22b3) x5  0x00000000
core   0: 0x8000a934 (0x00008cc1) c.or    s1, s0
core   0: 0 0x8000a934 (0x8cc1) x9  0xffffffff
core   0: 0x8000a936 (0x00f7b4b3) sltu    s1, a5, a5
core   0: 0 0x8000a936 (0x00f7b4b3) x9  0x00000000
core   0: 0x8000a93a (0x00000eca) c.slli  t4, 18
core   0: 0 0x8000a93a (0x0eca) x29 0x00000000
core   0: 0x8000a93c (0x00000001) c.nop
core   0: 0 0x8000a93c (0x0001)
core   0: 0x8000a93e (0x00009546) c.add   a0, a7
core   0: 0 0x8000a93e (0x9546) x10 0xfffffde5
core   0: 0x8000a940 (0x00008f91) c.sub   a5, a2
core   0: 0 0x8000a940 (0x8f91) x15 0x00000000
core   0: 0x8000a942 (0x0294fa63) bgeu    s1, s1, pc + 52
core   0: 0 0x8000a942 (0x0294fa63)
core   0: 0x8000a976 (0x0161cf33) xor     t5, gp, s6
core   0: 0 0x8000a976 (0x0161cf33) x30 0x00000000
core   0: 0x8000a97a (0x00008831) c.andi  s0, 12
core   0: 0 0x8000a97a (0x8831) x8  0x0000000c
core   0: 0x8000a97c (0x03245733) divu    a4, s0, s2
core   0: 0 0x8000a97c (0x03245733) x14 0x00000000
core   0: 0x8000a980 (0x03f09663) bne     ra, t6, pc + 44
core   0: 0 0x8000a980 (0x03f09663)
core   0: 0x8000a9ac (0x02919733) mulh    a4, gp, s1
core   0: 0 0x8000a9ac (0x02919733) x14 0x00000000
core   0: 0x8000a9b0 (0x41488c33) sub     s8, a7, s4
core   0: 0 0x8000a9b0 (0x41488c33) x24 0xfffffde5
core   0: 0x8000a9b4 (0x00000e00) c.addi4spn s0, sp, 784
core   0: 0 0x8000a9b4 (0x0e00) x8  0x00000310
core   0: 0x8000a9b6 (0x02d40f33) mul     t5, s0, a3
core   0: 0 0x8000a9b6 (0x02d40f33) x30 0x04373240
core   0: 0x8000a9ba (0x00001c90) c.addi4spn a2, sp, 624
core   0: 0 0x8000a9ba (0x1c90) x12 0x00000270
core   0: 0x8000a9bc (0x407bd533) sra     a0, s7, t2
core   0: 0 0x8000a9bc (0x407bd533) x10 0x00000000
core   0: 0x8000a9c0 (0x0ff0000f) fence   iorw,iorw
core   0: 0 0x8000a9c0 (0x0ff0000f)
core   0: 0x8000a9c4 (0x011dfbb3) and     s7, s11, a7
core   0: 0 0x8000a9c4 (0x011dfbb3) x23 0x00000000
core   0: 0x8000a9c8 (0x0048fa63) bgeu    a7, tp, pc + 20
core   0: 0 0x8000a9c8 (0x0048fa63)
core   0: 0x8000a9dc (0x0000100f) fence.i
core   0: 0 0x8000a9dc (0x0000100f)
core   0: 0x8000a9e0 (0x012f1093) slli    ra, t5, 18
core   0: 0 0x8000a9e0 (0x012f1093) x1  0xc9000000
core   0: 0x8000a9e4 (0x0000869d) c.srai  a3, 7
core   0: 0 0x8000a9e4 (0x869d) x13 0xff8002c0
core   0: 0x8000a9e6 (0x00009cba) c.add   s9, a4
core   0: 0 0x8000a9e6 (0x9cba) x25 0x69100000
core   0: 0x8000a9e8 (0x78b44193) xori    gp, s0, 1931
core   0: 0 0x8000a9e8 (0x78b44193) x3  0x0000049b
core   0: 0x8000a9ec (0x00000d9a) c.slli  s11, 6
core   0: 0 0x8000a9ec (0x0d9a) x27 0x00000000
core   0: 0x8000a9ee (0xe0964193) xori    gp, a2, -503
core   0: 0 0x8000a9ee (0xe0964193) x3  0xfffffc79
core   0: 0x8000a9f2 (0x00000001) c.nop
core   0: 0 0x8000a9f2 (0x0001)
core   0: 0x8000a9f4 (0x0354bdb3) mulhu   s11, s1, s5
core   0: 0 0x8000a9f4 (0x0354bdb3) x27 0x00000000
core   0: 0x8000a9f8 (0x00008fa1) c.xor   a5, s0
core   0: 0 0x8000a9f8 (0x8fa1) x15 0x00000310
core   0: 0x8000a9fa (0xb32fdb17) auipc   s6, 0xb32fd
core   0: 0 0x8000a9fa (0xb32fdb17) x22 0x333079fa
core   0: 0x8000a9fe (0x006700b3) add     ra, a4, t1
core   0: 0 0x8000a9fe (0x006700b3) x1  0x00000000
core   0: 0x8000aa02 (0x036a3eb3) mulhu   t4, s4, s6
core   0: 0 0x8000aa02 (0x036a3eb3) x29 0x00000000
core   0: 0x8000aa06 (0x05929263) bne     t0, s9, pc + 68
core   0: 0 0x8000aa06 (0x05929263)
core   0: 0x8000aa4a (0x01585413) srli    s0, a6, 21
core   0: 0 0x8000aa4a (0x01585413) x8  0x00000000
core   0: 0x8000aa4e (0xad514193) xori    gp, sp, -1323
core   0: 0 0x8000aa4e (0xad514193) x3  0xfffffad5
core   0: 0x8000aa52 (0x01a05133) srl     sp, zero, s10
core   0: 0 0x8000aa52 (0x01a05133) x2  0x00000000
core   0: 0x8000aa56 (0x00801a63) bne     zero, s0, pc + 20
core   0: 0 0x8000aa56 (0x00801a63)
core   0: 0x8000aa5a (0x0da77413) andi    s0, a4, 218
core   0: 0 0x8000aa5a (0x0da77413) x8  0x00000000
core   0: 0x8000aa5e (0xfe78be93) sltiu   t4, a7, -25
core   0: 0 0x8000aa5e (0xfe78be93) x29 0x00000001
core   0: 0x8000aa62 (0x0248da63) bge     a7, tp, pc + 52
core   0: 0 0x8000aa62 (0x0248da63)
core   0: 0x8000aa96 (0x00cf7f63) bgeu    t5, a2, pc + 30
core   0: 0 0x8000aa96 (0x00cf7f63)
core   0: 0x8000aab4 (0x00ff3d33) sltu    s10, t5, a5
core   0: 0 0x8000aab4 (0x00ff3d33) x26 0x00000000
core   0: 0x8000aab8 (0x00006b51) c.lui   s6, 0x14
core   0: 0 0x8000aab8 (0x6b51) x22 0x00014000
core   0: 0x8000aaba (0x41195d33) sra     s10, s2, a7
core   0: 0 0x8000aaba (0x41195d33) x26 0x0180df22
core   0: 0x8000aabe (0x004df8b3) and     a7, s11, tp
core   0: 0 0x8000aabe (0x004df8b3) x17 0x00000000
core   0: 0x8000aac2 (0x0000839d) c.srli  a5, 7
core   0: 0 0x8000aac2 (0x839d) x15 0x00000006
core   0: 0x8000aac4 (0x40b50433) sub     s0, a0, a1
core   0: 0 0x8000aac4 (0x40b50433) x8  0x7ffde1a8
core   0: 0x8000aac8 (0x00ee8833) add     a6, t4, a4
core   0: 0 0x8000aac8 (0x00ee8833) x16 0x00000001
core   0: 0x8000aacc (0x01857ab3) and     s5, a0, s8
core   0: 0 0x8000aacc (0x01857ab3) x21 0x00000000
core   0: 0x8000aad0 (0x02375033) divu    zero, a4, gp
core   0: 0 0x8000aad0 (0x02375033)
core   0: 0x8000aad4 (0x00008675) c.srai  a2, 29
core   0: 0 0x8000aad4 (0x8675) x12 0x00000000
core   0: 0x8000aad6 (0x0000100f) fence.i
core   0: 0 0x8000aad6 (0x0000100f)
core   0: 0x8000aada (0x5a82f293) andi    t0, t0, 1448
core   0: 0 0x8000aada (0x5a82f293) x5  0x00000000
core   0: 0x8000aade (0x013b8e33) add     t3, s7, s3
core   0: 0 0x8000aade (0x013b8e33) x28 0x00000241
core   0: 0x8000aae2 (0xbc93e2b7) lui     t0, 0xbc93e
core   0: 0 0x8000aae2 (0xbc93e2b7) x5  0xbc93e000
core   0: 0x8000aae6 (0x41e0d033) sra     zero, ra, t5
core   0: 0 0x8000aae6 (0x41e0d033)
core   0: 0x8000aaea (0x40e18f33) sub     t5, gp, a4
core   0: 0 0x8000aaea (0x40e18f33) x30 0xfffffad5
core   0: 0x8000aaee (0x0000717d) c.addi16sp sp, -16
core   0: 0 0x8000aaee (0x717d) x2  0xfffffff0
core   0: 0x8000aaf0 (0x01ae0533) add     a0, t3, s10
core   0: 0 0x8000aaf0 (0x01ae0533) x10 0x0180e163
core   0: 0x8000aaf4 (0x4076bf13) sltiu   t5, a3, 1031
core   0: 0 0x8000aaf4 (0x4076bf13) x30 0x00000000
core   0: 0x8000aaf8 (0x03a703b3) mul     t2, a4, s10
core   0: 0 0x8000aaf8 (0x03a703b3) x7  0x00000000
core   0: 0x8000aafc (0x000084bd) c.srai  s1, 15
core   0: 0 0x8000aafc (0x84bd) x9  0x00000000
core   0: 0x8000aafe (0x02977933) remu    s2, a4, s1
core   0: 0 0x8000aafe (0x02977933) x18 0x00000000
core   0: 0x8000ab02 (0x00008a41) c.andi  a2, 16
core   0: 0 0x8000ab02 (0x8a41) x12 0x00000000
core   0: 0x8000ab04 (0x00000994) c.addi4spn a3, sp, 208
core   0: 0 0x8000ab04 (0x0994) x13 0x000000c0
core   0: 0x8000ab06 (0xabfa3237) lui     tp, 0xabfa3
core   0: 0 0x8000ab06 (0xabfa3237) x4  0xabfa3000
core   0: 0x8000ab0a (0x03a2e8b3) rem     a7, t0, s10
core   0: 0 0x8000ab0a (0x03a2e8b3) x17 0xfeba39d8
core   0: 0x8000ab0e (0x0250f9b3) remu    s3, ra, t0
core   0: 0 0x8000ab0e (0x0250f9b3) x19 0x00000000
core   0: 0x8000ab12 (0x01809833) sll     a6, ra, s8
core   0: 0 0x8000ab12 (0x01809833) x16 0x00000000
core   0: 0x8000ab16 (0x0018c7b3) xor     a5, a7, ra
core   0: 0 0x8000ab16 (0x0018c7b3) x15 0xfeba39d8
core   0: 0x8000ab1a (0x7a757013) andi    zero, a0, 1959
core   0: 0 0x8000ab1a (0x7a757013)
core   0: 0x8000ab1e (0x9864c013) xori    zero, s1, -1658
core   0: 0 0x8000ab1e (0x9864c013)
core   0: 0x8000ab22 (0x0000527d) c.li    tp, -1
core   0: 0 0x8000ab22 (0x527d) x4  0xffffffff
core   0: 0x8000ab24 (0x9f1d0917) auipc   s2, 0x9f1d0
core   0: 0 0x8000ab24 (0x9f1d0917) x18 0x1f1dab24
core   0: 0x8000ab28 (0x001c8433) add     s0, s9, ra
core   0: 0 0x8000ab28 (0x001c8433) x8  0x69100000
core   0: 0x8000ab2c (0x3d4c6413) ori     s0, s8, 980
core   0: 0 0x8000ab2c (0x3d4c6413) x8  0xfffffff5
core   0: 0x8000ab30 (0x0328e2b3) rem     t0, a7, s2
core   0: 0 0x8000ab30 (0x0328e2b3) x5  0xfeba39d8
core   0: 0x8000ab34 (0x03c984b3) mul     s1, s3, t3
core   0: 0 0x8000ab34 (0x03c984b3) x9  0x00000000
core   0: 0x8000ab38 (0x00a8ce63) blt     a7, a0, pc + 28
core   0: 0 0x8000ab38 (0x00a8ce63)
core   0: 0x8000ab54 (0x038c48b3) div     a7, s8, s8
core   0: 0 0x8000ab54 (0x038c48b3) x17 0x00000001
core   0: 0x8000ab58 (0x0000e615) c.bnez  a2, pc + 44
core   0: 0 0x8000ab58 (0xe615)
core   0: 0x8000ab5a (0x0325c163) blt     a1, s2, pc + 34
core   0: 0 0x8000ab5a (0x0325c163)
core   0: 0x8000ab7c (0x029128b3) mulhsu  a7, sp, s1
core   0: 0 0x8000ab7c (0x029128b3) x17 0x00000000
core   0: 0x8000ab80 (0x02852733) mulhsu  a4, a0, s0
core   0: 0 0x8000ab80 (0x02852733) x14 0x0180e162
core   0: 0x8000ab84 (0x000019fd) c.addi  s3, -1
core   0: 0 0x8000ab84 (0x19fd) x19 0xffffffff
core   0: 0x8000ab86 (0x0154ceb3) xor     t4, s1, s5
core   0: 0 0x8000ab86 (0x0154ceb3) x29 0x00000000
core   0: 0x8000ab8a (0x000093ba) c.add   t2, a4
core   0: 0 0x8000ab8a (0x93ba) x7  0x0180e162
core   0: 0x8000ab8c (0x0219acb3) mulhsu  s9, s3, ra
core   0: 0 0x8000ab8c (0x0219acb3) x25 0x00000000
core   0: 0x8000ab90 (0x0000c619) c.beqz  a2, pc + 14
core   0: 0 0x8000ab90 (0xc619)
core   0: 0x8000ab9e (0x00008e6d) c.and   a2, a1
core   0: 0 0x8000ab9e (0x8e6d) x12 0x00000000
core   0: 0x8000aba0 (0x032d0363) beq     s10, s2, pc + 38
core   0: 0 0x8000aba0 (0x032d0363)
core   0: 0x8000aba4 (0x00008c2e) c.mv    s8, a1
core   0: 0 0x8000aba4 (0x8c2e) x24 0x80021e58
core   0: 0x8000aba6 (0x02c4b4b3) mulhu   s1, s1, a2
core   0: 0 0x8000aba6 (0x02c4b4b3) x9  0x00000000
core   0: 0x8000abaa (0x038089b3) mul     s3, ra, s8
core   0: 0 0x8000abaa (0x038089b3) x19 0x00000000
core   0: 0x8000abae (0x00000001) c.nop
core   0: 0 0x8000abae (0x0001)
core   0: 0x8000abb0 (0x0000100f) fence.i
core   0: 0 0x8000abb0 (0x0000100f)
core   0: 0x8000abb4 (0x0ff0000f) fence   iorw,iorw
core   0: 0 0x8000abb4 (0x0ff0000f)
core   0: 0x8000abb8 (0x00008e56) c.mv    t3, s5
core   0: 0 0x8000abb8 (0x8e56) x28 0x00000000
core   0: 0x8000abba (0x00006151) c.addi16sp sp, 272
core   0: 0 0x8000abba (0x6151) x2  0x00000100
core   0: 0x8000abbc (0x01af7463) bgeu    t5, s10, pc + 8
core   0: 0 0x8000abbc (0x01af7463)
core   0: 0x8000abc0 (0x015aeab3) or      s5, s5, s5
core   0: 0 0x8000abc0 (0x015aeab3) x21 0x00000000
core   0: 0x8000abc4 (0x0000e089) c.bnez  s1, pc + 2
core   0: 0 0x8000abc4 (0xe089)
core   0: 0x8000abc6 (0xdfafc513) xori    a0, t6, -518
core   0: 0 0x8000abc6 (0xdfafc513) x10 0x7ffda11e
core   0: 0x8000abca (0x004dca63) blt     s11, tp, pc + 20
core   0: 0 0x8000abca (0x004dca63)
core   0: 0x8000abce (0x0000090e) c.slli  s2, 3
core   0: 0 0x8000abce (0x090e) x18 0xf8ed5920
core   0: 0x8000abd0 (0x73c4f193) andi    gp, s1, 1852
core   0: 0 0x8000abd0 (0x73c4f193) x3  0x00000000
core   0: 0x8000abd4 (0x00008eed) c.and   a3, a1
core   0: 0 0x8000abd4 (0x8eed) x13 0x00000040
core   0: 0x8000abd6 (0x008c5e33) srl     t3, s8, s0
core   0: 0 0x8000abd6 (0x008c5e33) x28 0x00000400
core   0: 0x8000abda (0x9a61bc93) sltiu   s9, gp, -1626
core   0: 0 0x8000abda (0x9a61bc93) x25 0x00000001
core   0: 0x8000abde (0xf98a6393) ori     t2, s4, -104
core   0: 0 0x8000abde (0xf98a6393) x7  0xffffff98
core   0: 0x8000abe2 (0x01b5c2b3) xor     t0, a1, s11
core   0: 0 0x8000abe2 (0x01b5c2b3) x5  0x80021e58
core   0: 0x8000abe6 (0x00000001) c.nop
core   0: 0 0x8000abe6 (0x0001)
core   0: 0x8000abe8 (0x03c046b3) div     a3, zero, t3
core   0: 0 0x8000abe8 (0x03c046b3) x13 0x00000000
core   0: 0x8000abec (0x5a64bdb7) lui     s11, 0x5a64b
core   0: 0 0x8000abec (0x5a64bdb7) x27 0x5a64b000
core   0: 0x8000abf0 (0x00000001) c.nop
core   0: 0 0x8000abf0 (0x0001)
core   0: 0x8000abf2 (0x03529933) mulh    s2, t0, s5
core   0: 0 0x8000abf2 (0x03529933) x18 0x00000000
core   0: 0x8000abf6 (0x40c28b33) sub     s6, t0, a2
core   0: 0 0x8000abf6 (0x40c28b33) x22 0x80021e58
core   0: 0x8000abfa (0xbf6e6113) ori     sp, t3, -1034
core   0: 0 0x8000abfa (0xbf6e6113) x2  0xfffffff6
core   0: 0x8000abfe (0x9ab1bf13) sltiu   t5, gp, -1621
core   0: 0 0x8000abfe (0x9ab1bf13) x30 0x00000001
core   0: 0x8000ac02 (0x0000c795) c.beqz  a5, pc + 44
core   0: 0 0x8000ac02 (0xc795)
core   0: 0x8000ac04 (0x172ed737) lui     a4, 0x172ed
core   0: 0 0x8000ac04 (0x172ed737) x14 0x172ed000
core   0: 0x8000ac08 (0x0317eb33) rem     s6, a5, a7
core   0: 0 0x8000ac08 (0x0317eb33) x22 0xfeba39d8
core   0: 0x8000ac0c (0x032a1a33) mulh    s4, s4, s2
core   0: 0 0x8000ac0c (0x032a1a33) x20 0x00000000
core   0: 0x8000ac10 (0x0000c405) c.beqz  s0, pc + 40
core   0: 0 0x8000ac10 (0xc405)
core   0: 0x8000ac12 (0x0000815d) c.srli  a0, 23
core   0: 0 0x8000ac12 (0x815d) x10 0x000000ff
core   0: 0x8000ac14 (0x03a43233) mulhu   tp, s0, s10
core   0: 0 0x8000ac14 (0x03a43233) x4  0x0180df21
core   0: 0x8000ac18 (0xb184e813) ori     a6, s1, -1256
core   0: 0 0x8000ac18 (0xb184e813) x16 0xfffffb18
core   0: 0x8000ac1c (0x0000100f) fence.i
core   0: 0 0x8000ac1c (0x0000100f)
core   0: 0x8000ac20 (0x41a35793) srai    a5, t1, 26
core   0: 0 0x8000ac20 (0x41a35793) x15 0x00000000
core   0: 0x8000ac24 (0x000087fd) c.srai  a5, 31
core   0: 0 0x8000ac24 (0x87fd) x15 0x00000000
core   0: 0x8000ac26 (0x00008d11) c.sub   a0, a2
core   0: 0 0x8000ac26 (0x8d11) x10 0x000000ff
core   0: 0x8000ac28 (0x0056fa33) and     s4, a3, t0
core   0: 0 0x8000ac28 (0x0056fa33) x20 0x00000000
core   0: 0x8000ac2c (0x00008351) c.srli  a4, 20
core   0: 0 0x8000ac2c (0x8351) x14 0x00000172
core   0: 0x8000ac2e (0x00026833) or      a6, tp, zero
core   0: 0 0x8000ac2e (0x00026833) x16 0x0180df21
core   0: 0x8000ac32 (0x000007ca) c.slli  a5, 18
core   0: 0 0x8000ac32 (0x07ca) x15 0x00000000
core   0: 0x8000ac34 (0x00009a7d) c.andi  a2, -1
core   0: 0 0x8000ac34 (0x9a7d) x12 0x00000000
core   0: 0x8000ac36 (0x000004c2) c.slli  s1, 16
core   0: 0 0x8000ac36 (0x04c2) x9  0x00000000
core   0: 0x8000ac38 (0x00dd5293) srli    t0, s10, 13
core   0: 0 0x8000ac38 (0x00dd5293) x5  0x00000c06
core   0: 0x8000ac3c (0x01dc7033) and     zero, s8, t4
core   0: 0 0x8000ac3c (0x01dc7033)
core   0: 0x8000ac40 (0x01ac8b63) beq     s9, s10, pc + 22
core   0: 0 0x8000ac40 (0x01ac8b63)
core   0: 0x8000ac44 (0x415c0833) sub     a6, s8, s5
core   0: 0 0x8000ac44 (0x415c0833) x16 0x80021e58
core   0: 0x8000ac48 (0x026adc63) bge     s5, t1, pc + 56
core   0: 0 0x8000ac48 (0x026adc63)
core   0: 0x8000ac80 (0x016b8833) add     a6, s7, s6
core   0: 0 0x8000ac80 (0x016b8833) x16 0xfeba39d8
core   0: 0x8000ac84 (0x0160d2b3) srl     t0, ra, s6
core   0: 0 0x8000ac84 (0x0160d2b3) x5  0x00000000
core   0: 0x8000ac88 (0x142dc213) xori    tp, s11, 322
core   0: 0 0x8000ac88 (0x142dc213) x4  0x5a64b142
core   0: 0x8000ac8c (0x0000cd0d) c.beqz  a0, pc + 58
core   0: 0 0x8000ac8c (0xcd0d)
core   0: 0x8000ac8e (0x80cfc7b7) lui     a5, 0x80cfc
core   0: 0 0x8000ac8e (0x80cfc7b7) x15 0x80cfc000
core   0: 0x8000ac92 (0x01686933) or      s2, a6, s6
core   0: 0 0x8000ac92 (0x01686933) x18 0xfeba39d8
core   0: 0x8000ac96 (0x02554d33) div     s10, a0, t0
core   0: 0 0x8000ac96 (0x02554d33) x26 0xffffffff
core   0: 0x8000ac9a (0x02bcac33) mulhsu  s8, s9, a1
core   0: 0 0x8000ac9a (0x02bcac33) x24 0x00000000
core   0: 0x8000ac9e (0x5fe8aa93) slti    s5, a7, 1534
core   0: 0 0x8000ac9e (0x5fe8aa93) x21 0x00000001
core   0: 0x8000aca2 (0x03763033) mulhu   zero, a2, s7
core   0: 0 0x8000aca2 (0x03763033)
core   0: 0x8000aca6 (0x00000001) c.nop
core   0: 0 0x8000aca6 (0x0001)
core   0: 0x8000aca8 (0x414d89b3) sub     s3, s11, s4
core   0: 0 0x8000aca8 (0x414d89b3) x19 0x5a64b000
core   0: 0x8000acac (0x00006171) c.addi16sp sp, 336
core   0: 0 0x8000acac (0x6171) x2  0x00000146
core   0: 0x8000acae (0x035980b3) mul     ra, s3, s5
core   0: 0 0x8000acae (0x035980b3) x1  0x5a64b000
core   0: 0x8000acb2 (0x00001efd) c.addi  t4, -1
core   0: 0 0x8000acb2 (0x1efd) x29 0xffffffff
core   0: 0x8000acb4 (0x01241463) bne     s0, s2, pc + 8
core   0: 0 0x8000acb4 (0x01241463)
core   0: 0x8000acbc (0x01955393) srli    t2, a0, 25
core   0: 0 0x8000acbc (0x01955393) x7  0x00000000
core   0: 0x8000acc0 (0x00001b7d) c.addi  s6, -1
core   0: 0 0x8000acc0 (0x1b7d) x22 0xfeba39d7
core   0: 0x8000acc2 (0x01ef1993) slli    s3, t5, 30
core   0: 0 0x8000acc2 (0x01ef1993) x19 0x40000000
core   0: 0x8000acc6 (0x0000100f) fence.i
core   0: 0 0x8000acc6 (0x0000100f)
core   0: 0x8000acca (0x00005a7d) c.li    s4, -1
core   0: 0 0x8000acca (0x5a7d) x20 0xffffffff
core   0: 0x8000accc (0x02403a33) mulhu   s4, zero, tp
core   0: 0 0x8000accc (0x02403a33) x20 0x00000000
core   0: 0x8000acd0 (0x00000001) c.nop
core   0: 0 0x8000acd0 (0x0001)
core   0: 0x8000acd2 (0xa05b2b13) slti    s6, s6, -1531
core   0: 0 0x8000acd2 (0xa05b2b13) x22 0x00000001
core   0: 0x8000acd6 (0x00008a2d) c.andi  a2, 11
core   0: 0 0x8000acd6 (0x8a2d) x12 0x00000000
core   0: 0x8000acd8 (0x0000c815) c.beqz  s0, pc + 52
core   0: 0 0x8000acd8 (0xc815)
core   0: 0x8000acda (0x00008e99) c.sub   a3, a4
core   0: 0 0x8000acda (0x8e99) x13 0xfffffe8e
core   0: 0x8000acdc (0x03238d33) mul     s10, t2, s2
core   0: 0 0x8000acdc (0x03238d33) x26 0x00000000
core   0: 0x8000ace0 (0x00109933) sll     s2, ra, ra
core   0: 0 0x8000ace0 (0x00109933) x18 0x5a64b000
core   0: 0x8000ace4 (0x01743c33) sltu    s8, s0, s7
core   0: 0 0x8000ace4 (0x01743c33) x24 0x00000000
core   0: 0x8000ace8 (0x0000922a) c.add   tp, a0
core   0: 0 0x8000ace8 (0x922a) x4  0x5a64b241
core   0: 0x8000acea (0x0000c321) c.beqz  a4, pc + 64
core   0: 0 0x8000acea (0xc321)
core   0: 0x8000acec (0x40705c13) srai    s8, zero, 7
core   0: 0 0x8000acec (0x40705c13) x24 0x00000000
core   0: 0x8000acf0 (0x0159b033) sltu    zero, s3, s5
core   0: 0 0x8000acf0 (0x0159b033)
core   0: 0x8000acf4 (0x018ae963) bltu    s5, s8, pc + 18
core   0: 0 0x8000acf4 (0x018ae963)
core   0: 0x8000acf8 (0xad324d93) xori    s11, tp, -1325
core   0: 0 0x8000acf8 (0xad324d93) x27 0xa59b4892
core   0: 0x8000acfc (0x01b8a7b3) slt     a5, a7, s11
core   0: 0 0x8000acfc (0x01b8a7b3) x15 0x00000000
core   0: 0x8000ad00 (0x0000100f) fence.i
core   0: 0 0x8000ad00 (0x0000100f)
core   0: 0x8000ad04 (0x0000e395) c.bnez  a5, pc + 36
core   0: 0 0x8000ad04 (0xe395)
core   0: 0x8000ad06 (0x0000100f) fence.i
core   0: 0 0x8000ad06 (0x0000100f)
core   0: 0x8000ad0a (0x00000001) c.nop
core   0: 0 0x8000ad0a (0x0001)
core   0: 0x8000ad0c (0x01ea1a63) bne     s4, t5, pc + 20
core   0: 0 0x8000ad0c (0x01ea1a63)
core   0: 0x8000ad20 (0x00db26b3) slt     a3, s6, a3
core   0: 0 0x8000ad20 (0x00db26b3) x13 0x00000000
core   0: 0x8000ad24 (0x0000962e) c.add   a2, a1
core   0: 0 0x8000ad24 (0x962e) x12 0x80021e58
core   0: 0x8000ad26 (0x00000001) c.nop
core   0: 0 0x8000ad26 (0x0001)
core   0: 0x8000ad28 (0x00008851) c.andi  s0, 20
core   0: 0 0x8000ad28 (0x8851) x8  0x00000014
core   0: 0x8000ad2a (0x7164ba93) sltiu   s5, s1, 1814
core   0: 0 0x8000ad2a (0x7164ba93) x21 0x00000001
core   0: 0x8000ad2e (0x0375ee63) bltu    a1, s7, pc + 60
core   0: 0 0x8000ad2e (0x0375ee63)
core   0: 0x8000ad32 (0x7d668213) addi    tp, a3, 2006
core   0: 0 0x8000ad32 (0x7d668213) x4  0x000007d6
core   0: 0x8000ad36 (0x000082e6) c.mv    t0, s9
core   0: 0 0x8000ad36 (0x82e6) x5  0x00000001
core   0: 0x8000ad38 (0x02a6dc33) divu    s8, a3, a0
core   0: 0 0x8000ad38 (0x02a6dc33) x24 0x00000000
core   0: 0x8000ad3c (0x02fefc33) remu    s8, t4, a5
core   0: 0 0x8000ad3c (0x02fefc33) x24 0xffffffff
core   0: 0x8000ad40 (0x00000a90) c.addi4spn a2, sp, 336
core   0: 0 0x8000ad40 (0x0a90) x12 0x00000296
core   0: 0x8000ad42 (0x0000057e) c.slli  a0, 31
core   0: 0 0x8000ad42 (0x057e) x10 0x80000000
core   0: 0x8000ad44 (0x8fc2ce93) xori    t4, t0, -1796
core   0: 0 0x8000ad44 (0x8fc2ce93) x29 0xfffff8fd
core   0: 0x8000ad48 (0x01d8e8b3) or      a7, a7, t4
core   0: 0 0x8000ad48 (0x01d8e8b3) x17 0xfffff8fd
core   0: 0x8000ad4c (0x0000100f) fence.i
core   0: 0 0x8000ad4c (0x0000100f)
core   0: 0x8000ad50 (0x00001a84) c.addi4spn s1, sp, 368
core   0: 0 0x8000ad50 (0x1a84) x9  0x000002b6
core   0: 0x8000ad52 (0x40a80a33) sub     s4, a6, a0
core   0: 0 0x8000ad52 (0x40a80a33) x20 0x7eba39d8
core   0: 0x8000ad56 (0x0000c215) c.beqz  a2, pc + 36
core   0: 0 0x8000ad56 (0xc215)
core   0: 0x8000ad58 (0x00008446) c.mv    s0, a7
core   0: 0 0x8000ad58 (0x8446) x8  0xfffff8fd
core   0: 0x8000ad5a (0x038bf4b3) remu    s1, s7, s8
core   0: 0 0x8000ad5a (0x038bf4b3) x9  0x00000000
core   0: 0x8000ad5e (0x00008d79) c.and   a0, a4
core   0: 0 0x8000ad5e (0x8d79) x10 0x00000000
core   0: 0x8000ad60 (0x00000916) c.slli  s2, 5
core   0: 0 0x8000ad60 (0x0916) x18 0x4c960000
core   0: 0x8000ad62 (0x1a6a3713) sltiu   a4, s4, 422
core   0: 0 0x8000ad62 (0x1a6a3713) x14 0x00000000
core   0: 0x8000ad66 (0x00000985) c.addi  s3, 1
core   0: 0 0x8000ad66 (0x0985) x19 0x40000001
core   0: 0x8000ad68 (0x00004691) c.li    a3, 4
core   0: 0 0x8000ad68 (0x4691) x13 0x00000004
core   0: 0x8000ad6a (0x01c18b63) beq     gp, t3, pc + 22
core   0: 0 0x8000ad6a (0x01c18b63)
core   0: 0x8000ad6e (0x00006831) c.lui   a6, 0xc
core   0: 0 0x8000ad6e (0x6831) x16 0x0000c000
core   0: 0x8000ad70 (0x03b14963) blt     sp, s11, pc + 50
core   0: 0 0x8000ad70 (0x03b14963)
core   0: 0x8000ad74 (0x00006159) c.addi16sp sp, 400
core   0: 0 0x8000ad74 (0x6159) x2  0x000002d6
core   0: 0x8000ad76 (0x02450eb3) mul     t4, a0, tp
core   0: 0 0x8000ad76 (0x02450eb3) x29 0x00000000
core   0: 0x8000ad7a (0x00008d5d) c.or    a0, a5
core   0: 0 0x8000ad7a (0x8d5d) x10 0x00000000
core   0: 0x8000ad7c (0x40615e13) srai    t3, sp, 6
core   0: 0 0x8000ad7c (0x40615e13) x28 0x0000000b
core   0: 0x8000ad80 (0x0019c9b3) xor     s3, s3, ra
core   0: 0 0x8000ad80 (0x0019c9b3) x19 0x1a64b001
core   0: 0x8000ad84 (0x002b4963) blt     s6, sp, pc + 18
core   0: 0 0x8000ad84 (0x002b4963)
core   0: 0x8000ad96 (0x03f22d33) mulhsu  s10, tp, t6
core   0: 0 0x8000ad96 (0x03f22d33) x26 0x000003eb
core   0: 0x8000ad9a (0x412b84b3) sub     s1, s7, s2
core   0: 0 0x8000ad9a (0x412b84b3) x9  0xb36a0000
core   0: 0x8000ad9e (0xbbdcfc93) andi    s9, s9, -1091
core   0: 0 0x8000ad9e (0xbbdcfc93) x25 0x00000001
core   0: 0x8000ada2 (0x00775413) srli    s0, a4, 7
core   0: 0 0x8000ada2 (0x00775413) x8  0x00000000
core   0: 0x8000ada6 (0x00000001) c.nop
core   0: 0 0x8000ada6 (0x0001)
core   0: 0x8000ada8 (0x002b42b3) xor     t0, s6, sp
core   0: 0 0x8000ada8 (0x002b42b3) x5  0x000002d7
core   0: 0x8000adac (0x00006d8d) c.lui   s11, 0x3
core   0: 0 0x8000adac (0x6d8d) x27 0x00003000
core   0: 0x8000adae (0x00008e39) c.xor   a2, a4
core   0: 0 0x8000adae (0x8e39) x12 0x00000296
core   0: 0x8000adb0 (0x03c854b3) divu    s1, a6, t3
core   0: 0 0x8000adb0 (0x03c854b3) x9  0x00001174
core   0: 0x8000adb4 (0x033cc433) div     s0, s9, s3
core   0: 0 0x8000adb4 (0x033cc433) x8  0x00000000
core   0: 0x8000adb8 (0x0097f3b3) and     t2, a5, s1
core   0: 0 0x8000adb8 (0x0097f3b3) x7  0x00000000
core   0: 0x8000adbc (0x00000d99) c.addi  s11, 6
core   0: 0 0x8000adbc (0x0d99) x27 0x00003006
core   0: 0x8000adbe (0x0000100f) fence.i
core   0: 0 0x8000adbe (0x0000100f)
core   0: 0x8000adc2 (0x0127ba33) sltu    s4, a5, s2
core   0: 0 0x8000adc2 (0x0127ba33) x20 0x00000001
core   0: 0x8000adc6 (0x0000987d) c.andi  s0, -1
core   0: 0 0x8000adc6 (0x987d) x8  0x00000000
core   0: 0x8000adc8 (0x00008b41) c.andi  a4, 16
core   0: 0 0x8000adc8 (0x8b41) x14 0x00000000
core   0: 0x8000adca (0x01c138b3) sltu    a7, sp, t3
core   0: 0 0x8000adca (0x01c138b3) x17 0x00000000
core   0: 0x8000adce (0x0000ea99) c.bnez  a3, pc + 22
core   0: 0 0x8000adce (0xea99)
core   0: 0x8000ade4 (0x4165dd93) srai    s11, a1, 22
core   0: 0 0x8000ade4 (0x4165dd93) x27 0xfffffe00
core   0: 0x8000ade8 (0x01f27a63) bgeu    tp, t6, pc + 20
core   0: 0 0x8000ade8 (0x01f27a63)
core   0: 0x8000adec (0x40d75033) sra     zero, a4, a3
core   0: 0 0x8000adec (0x40d75033)
core   0: 0x8000adf0 (0x0012c2b3) xor     t0, t0, ra
core   0: 0 0x8000adf0 (0x0012c2b3) x5  0x5a64b2d7
core   0: 0x8000adf4 (0x40c15233) sra     tp, sp, a2
core   0: 0 0x8000adf4 (0x40c15233) x4  0x00000000
core   0: 0x8000adf8 (0x00009afe) c.add   s5, t6
core   0: 0 0x8000adf8 (0x9afe) x21 0x80025ce5
core   0: 0x8000adfa (0x00008635) c.srai  a2, 13
core   0: 0 0x8000adfa (0x8635) x12 0x00000000
core   0: 0x8000adfc (0x00727f63) bgeu    tp, t2, pc + 30
core   0: 0 0x8000adfc (0x00727f63)
core   0: 0x8000ae1a (0x00006a61) c.lui   s4, 0x18
core   0: 0 0x8000ae1a (0x6a61) x20 0x00018000
core   0: 0x8000ae1c (0xd2c20993) addi    s3, tp, -724
core   0: 0 0x8000ae1c (0xd2c20993) x19 0xfffffd2c
core   0: 0x8000ae20 (0x01336cb3) or      s9, t1, s3
core   0: 0 0x8000ae20 (0x01336cb3) x25 0xfffffd2c
core   0: 0x8000ae24 (0x00001a7d) c.addi  s4, -1
core   0: 0 0x8000ae24 (0x1a7d) x20 0x00017fff
core   0: 0x8000ae26 (0x000001aa) c.slli  gp, 10
core   0: 0 0x8000ae26 (0x01aa) x3  0x00000000
core   0: 0x8000ae28 (0x0316b133) mulhu   sp, a3, a7
core   0: 0 0x8000ae28 (0x0316b133) x2  0x00000000
core   0: 0x8000ae2c (0x013c7633) and     a2, s8, s3
core   0: 0 0x8000ae2c (0x013c7633) x12 0xfffffd2c
core   0: 0x8000ae30 (0xbe478213) addi    tp, a5, -1052
core   0: 0 0x8000ae30 (0xbe478213) x4  0xfffffbe4
core   0: 0x8000ae34 (0x00008089) c.srli  s1, 2
core   0: 0 0x8000ae34 (0x8089) x9  0x0000045d
core   0: 0x8000ae36 (0xc3de8293) addi    t0, t4, -963
core   0: 0 0x8000ae36 (0xc3de8293) x5  0xfffffc3d
core   0: 0x8000ae3a (0x00000542) c.slli  a0, 16
core   0: 0 0x8000ae3a (0x0542) x10 0x00000000
core   0: 0x8000ae3c (0x013f1d33) sll     s10, t5, s3
core   0: 0 0x8000ae3c (0x013f1d33) x26 0x00001000
core   0: 0x8000ae40 (0xb3e0ec13) ori     s8, ra, -1218
core   0: 0 0x8000ae40 (0xb3e0ec13) x24 0xfffffb3e
core   0: 0x8000ae44 (0x00008d7d) c.and   a0, a5
core   0: 0 0x8000ae44 (0x8d7d) x10 0x00000000
core   0: 0x8000ae46 (0x00008ba2) c.mv    s7, s0
core   0: 0 0x8000ae46 (0x8ba2) x23 0x00000000
core   0: 0x8000ae48 (0xa6686a13) ori     s4, a6, -1434
core   0: 0 0x8000ae48 (0xa6686a13) x20 0xfffffa66
core   0: 0x8000ae4c (0x01d9de93) srli    t4, s3, 29
core   0: 0 0x8000ae4c (0x01d9de93) x29 0x00000007
core   0: 0x8000ae50 (0xe024c537) lui     a0, 0xe024c
core   0: 0 0x8000ae50 (0xe024c537) x10 0xe024c000
core   0: 0x8000ae54 (0x00000f80) c.addi4spn s0, sp, 976
core   0: 0 0x8000ae54 (0x0f80) x8  0x000003d0
core   0: 0x8000ae56 (0x62a46237) lui     tp, 0x62a46
core   0: 0 0x8000ae56 (0x62a46237) x4  0x62a46000
core   0: 0x8000ae5a (0x0000e49d) c.bnez  s1, pc + 46
core   0: 0 0x8000ae5a (0xe49d)
core   0: 0x8000ae88 (0x0059da63) bge     s3, t0, pc + 20
core   0: 0 0x8000ae88 (0x0059da63)
core   0: 0x8000ae9c (0x02c9e033) rem     zero, s3, a2
core   0: 0 0x8000ae9c (0x02c9e033)
core   0: 0x8000aea0 (0x032341b3) div     gp, t1, s2
core   0: 0 0x8000aea0 (0x032341b3) x3  0x00000000
core   0: 0x8000aea4 (0x9cedf613) andi    a2, s11, -1586
core   0: 0 0x8000aea4 (0x9cedf613) x12 0xfffff800
core   0: 0x8000aea8 (0x0000847d) c.srai  s0, 31
core   0: 0 0x8000aea8 (0x847d) x8  0x00000000
core   0: 0x8000aeaa (0x02730733) mul     a4, t1, t2
core   0: 0 0x8000aeaa (0x02730733) x14 0x00000000
core   0: 0x8000aeae (0x0000c131) c.beqz  a0, pc + 68
core   0: 0 0x8000aeae (0xc131)
core   0: 0x8000aeb0 (0xb422b117) auipc   sp, 0xb422b
core   0: 0 0x8000aeb0 (0xb422b117) x2  0x34235eb0
core   0: 0x8000aeb4 (0x0357c3b3) div     t2, a5, s5
core   0: 0 0x8000aeb4 (0x0357c3b3) x7  0x00000000
core   0: 0x8000aeb8 (0x00000e6a) c.slli  t3, 26
core   0: 0 0x8000aeb8 (0x0e6a) x28 0x2c000000
core   0: 0x8000aeba (0x41b25913) srai    s2, tp, 27
core   0: 0 0x8000aeba (0x41b25913) x18 0x0000000c
core   0: 0x8000aebe (0x013f5c33) srl     s8, t5, s3
core   0: 0 0x8000aebe (0x013f5c33) x24 0x00000000
core   0: 0x8000aec2 (0x0328e063) bltu    a7, s2, pc + 32
core   0: 0 0x8000aec2 (0x0328e063)
core   0: 0x8000aee2 (0x37932913) slti    s2, t1, 889
core   0: 0 0x8000aee2 (0x37932913) x18 0x00000001
core   0: 0x8000aee6 (0x25ccc513) xori    a0, s9, 604
core   0: 0 0x8000aee6 (0x25ccc513) x10 0xffffff70
core   0: 0x8000aeea (0x02d15b63) bge     sp, a3, pc + 54
core   0: 0 0x8000aeea (0x02d15b63)
core   0: 0x8000af20 (0x00aa1f13) slli    t5, s4, 10
core   0: 0 0x8000af20 (0x00aa1f13) x30 0xffe99800
core   0: 0x8000af24 (0x0000617d) c.addi16sp sp, 496
core   0: 0 0x8000af24 (0x617d) x2  0x342360a0
core   0: 0x8000af26 (0x00d05f13) srli    t5, zero, 13
core   0: 0 0x8000af26 (0x00d05f13) x30 0x00000000
core   0: 0x8000af2a (0x24607413) andi    s0, zero, 582
core   0: 0 0x8000af2a (0x24607413) x8  0x00000000
core   0: 0x8000af2e (0x02479a63) bne     a5, tp, pc + 52
core   0: 0 0x8000af2e (0x02479a63)
core   0: 0x8000af62 (0x00509a63) bne     ra, t0, pc + 20
core   0: 0 0x8000af62 (0x00509a63)
core   0: 0x8000af76 (0x41bf5e93) srai    t4, t5, 27
core   0: 0 0x8000af76 (0x41bf5e93) x29 0x00000000
core   0: 0x8000af7a (0x28a60393) addi    t2, a2, 650
core   0: 0 0x8000af7a (0x28a60393) x7  0xfffffa8a
core   0: 0x8000af7e (0x41f18933) sub     s2, gp, t6
core   0: 0 0x8000af7e (0x41f18933) x18 0x7ffda31c
core   0: 0x8000af82 (0x03d98a33) mul     s4, s3, t4
core   0: 0 0x8000af82 (0x03d98a33) x20 0x00000000
core   0: 0x8000af86 (0x00000001) c.nop
core   0: 0 0x8000af86 (0x0001)
core   0: 0x8000af88 (0x0063cab3) xor     s5, t2, t1
core   0: 0 0x8000af88 (0x0063cab3) x21 0xfffffa8a
core   0: 0x8000af8c (0x01112e33) slt     t3, sp, a7
core   0: 0 0x8000af8c (0x01112e33) x28 0x00000000
core   0: 0x8000af90 (0x40745e33) sra     t3, s0, t2
core   0: 0 0x8000af90 (0x40745e33) x28 0x00000000
core   0: 0x8000af94 (0x01ec7933) and     s2, s8, t5
core   0: 0 0x8000af94 (0x01ec7933) x18 0x00000000
core   0: 0x8000af98 (0xe6882413) slti    s0, a6, -408
core   0: 0 0x8000af98 (0xe6882413) x8  0x00000000
core   0: 0x8000af9c (0xa3fea6b7) lui     a3, 0xa3fea
core   0: 0 0x8000af9c (0xa3fea6b7) x13 0xa3fea000
core   0: 0x8000afa0 (0x00000b31) c.addi  s6, 12
core   0: 0 0x8000afa0 (0x0b31) x22 0x0000000d
core   0: 0x8000afa2 (0x00000c00) c.addi4spn s0, sp, 528
core   0: 0 0x8000afa2 (0x0c00) x8  0x342362b0
core   0: 0x8000afa4 (0x009cdab3) srl     s5, s9, s1
core   0: 0 0x8000afa4 (0x009cdab3) x21 0x00000007
core   0: 0x8000afa8 (0x4c1b4893) xori    a7, s6, 1217
core   0: 0 0x8000afa8 (0x4c1b4893) x17 0x000004cc
core   0: 0x8000afac (0x0000c0b1) c.beqz  s1, pc + 68
core   0: 0 0x8000afac (0xc0b1)
core   0: 0x8000afae (0x01273933) sltu    s2, a4, s2
core   0: 0 0x8000afae (0x01273933) x18 0x00000000
core   0: 0x8000afb2 (0x016f0f63) beq     t5, s6, pc + 30
core   0: 0 0x8000afb2 (0x016f0f63)
core   0: 0x8000afb6 (0x00009a7d) c.andi  a2, -1
core   0: 0 0x8000afb6 (0x9a7d) x12 0xfffff800
core   0: 0x8000afb8 (0x003d7133) and     sp, s10, gp
core   0: 0 0x8000afb8 (0x003d7133) x2  0x00000000
core   0: 0x8000afbc (0x054f6063) bltu    t5, s4, pc + 64
core   0: 0 0x8000afbc (0x054f6063)
core   0: 0x8000afc0 (0x41de8133) sub     sp, t4, t4
core   0: 0 0x8000afc0 (0x41de8133) x2  0x00000000
core   0: 0x8000afc4 (0x03ad6433) rem     s0, s10, s10
core   0: 0 0x8000afc4 (0x03ad6433) x8  0x00000000
core   0: 0x8000afc8 (0x010c6033) or      zero, s8, a6
core   0: 0 0x8000afc8 (0x010c6033)
core   0: 0x8000afcc (0x00008f49) c.or    a4, a0
core   0: 0 0x8000afcc (0x8f49) x14 0xffffff70
core   0: 0x8000afce (0x00008eb2) c.mv    t4, a2
core   0: 0 0x8000afce (0x8eb2) x29 0xfffff800
core   0: 0x8000afd0 (0x00005e7d) c.li    t3, -1
core   0: 0 0x8000afd0 (0x5e7d) x28 0xffffffff
core   0: 0x8000afd2 (0x237bfa93) andi    s5, s7, 567
core   0: 0 0x8000afd2 (0x237bfa93) x21 0x00000000
core   0: 0x8000afd6 (0x0000cd15) c.beqz  a0, pc + 60
core   0: 0 0x8000afd6 (0xcd15)
core   0: 0x8000afd8 (0x0098e8b3) or      a7, a7, s1
core   0: 0 0x8000afd8 (0x0098e8b3) x17 0x000004dd
core   0: 0x8000afdc (0x404d0db3) sub     s11, s10, tp
core   0: 0 0x8000afdc (0x404d0db3) x27 0x9d5bb000
core   0: 0x8000afe0 (0x001d2633) slt     a2, s10, ra
core   0: 0 0x8000afe0 (0x001d2633) x12 0x00000001
core   0: 0x8000afe4 (0x0ff0000f) fence   iorw,iorw
core   0: 0 0x8000afe4 (0x0ff0000f)
core   0: 0x8000afe8 (0x00768f33) add     t5, a3, t2
core   0: 0 0x8000afe8 (0x00768f33) x30 0xa3fe9a8a
core   0: 0x8000afec (0x016f5033) srl     zero, t5, s6
core   0: 0 0x8000afec (0x016f5033)
core   0: 0x8000aff0 (0x40e25ab3) sra     s5, tp, a4
core   0: 0 0x8000aff0 (0x40e25ab3) x21 0x000062a4
core   0: 0x8000aff4 (0x0ff0000f) fence   iorw,iorw
core   0: 0 0x8000aff4 (0x0ff0000f)
core   0: 0x8000aff8 (0x00004e99) c.li    t4, 6
core   0: 0 0x8000aff8 (0x4e99) x29 0x00000006
core   0: 0x8000affa (0x0000997d) c.andi  a0, -1
core   0: 0 0x8000affa (0x997d) x10 0xffffff70
core   0: 0x8000affc (0x01e25363) bge     tp, t5, pc + 6
core   0: 0 0x8000affc (0x01e25363)
core   0: 0x8000b002 (0x38868c37) lui     s8, 0x38868
core   0: 0 0x8000b002 (0x38868c37) x24 0x38868000
core   0: 0x8000b006 (0x01d36633) or      a2, t1, t4
core   0: 0 0x8000b006 (0x01d36633) x12 0x00000006
core   0: 0x8000b00a (0x00bc1933) sll     s2, s8, a1
core   0: 0 0x8000b00a (0x00bc1933) x18 0x00000000
core   0: 0x8000b00e (0xc230eb13) ori     s6, ra, -989
core   0: 0 0x8000b00e (0xc230eb13) x22 0xfffffc23
core   0: 0x8000b012 (0xc6a68213) addi    tp, a3, -918
core   0: 0 0x8000b012 (0xc6a68213) x4  0xa3fe9c6a
core   0: 0x8000b016 (0x026a50b3) divu    ra, s4, t1
core   0: 0 0x8000b016 (0x026a50b3) x1  0xffffffff
core   0: 0x8000b01a (0x02b0c963) blt     ra, a1, pc + 50
core   0: 0 0x8000b01a (0x02b0c963)
core   0: 0x8000b01e (0x03cb0bb3) mul     s7, s6, t3
core   0: 0 0x8000b01e (0x03cb0bb3) x23 0x000003dd
core   0: 0x8000b022 (0x04449263) bne     s1, tp, pc + 68
core   0: 0 0x8000b022 (0x04449263)
core   0: 0x8000b066 (0x0000c919) c.beqz  a0, pc + 22
core   0: 0 0x8000b066 (0xc919)
core   0: 0x8000b068 (0x0021fc63) bgeu    gp, sp, pc + 24
core   0: 0 0x8000b068 (0x0021fc63)
core   0: 0x8000b080 (0x00000996) c.slli  s3, 5
core   0: 0 0x8000b080 (0x0996) x19 0xffffa580
core   0: 0x8000b082 (0x00000001) c.nop
core   0: 0 0x8000b082 (0x0001)
core   0: 0x8000b084 (0x026f7263) bgeu    t5, t1, pc + 36
core   0: 0 0x8000b084 (0x026f7263)
core   0: 0x8000b0a8 (0x00000001) c.nop
core   0: 0 0x8000b0a8 (0x0001)
core   0: 0x8000b0aa (0x03541733) mulh    a4, s0, s5
core   0: 0 0x8000b0aa (0x03541733) x14 0x00000000
core   0: 0x8000b0ae (0x02aa21b3) mulhsu  gp, s4, a0
core   0: 0 0x8000b0ae (0x02aa21b3) x3  0x00000000
core   0: 0x8000b0b2 (0x01cc76b3) and     a3, s8, t3
core   0: 0 0x8000b0b2 (0x01cc76b3) x13 0x38868000
core   0: 0x8000b0b6 (0x00c7b1b3) sltu    gp, a5, a2
core   0: 0 0x8000b0b6 (0x00c7b1b3) x3  0x00000001
core   0: 0x8000b0ba (0x0ff0000f) fence   iorw,iorw
core   0: 0 0x8000b0ba (0x0ff0000f)
core   0: 0x8000b0be (0x00008e11) c.sub   a2, a2
core   0: 0 0x8000b0be (0x8e11) x12 0x00000000
core   0: 0x8000b0c0 (0xd5116993) ori     s3, sp, -687
core   0: 0 0x8000b0c0 (0xd5116993) x19 0xfffffd51
core   0: 0x8000b0c4 (0x035d4663) blt     s10, s5, pc + 44
core   0: 0 0x8000b0c4 (0x035d4663)
core   0: 0x8000b0f0 (0x00000001) c.nop
core   0: 0 0x8000b0f0 (0x0001)
core   0: 0x8000b0f2 (0xde46b793) sltiu   a5, a3, -540
core   0: 0 0x8000b0f2 (0xde46b793) x15 0x00000001
core   0: 0x8000b0f6 (0x000043d1) c.li    t2, 20
core   0: 0 0x8000b0f6 (0x43d1) x7  0x00000014
core   0: 0x8000b0f8 (0x002b6933) or      s2, s6, sp
core   0: 0 0x8000b0f8 (0x002b6933) x18 0xfffffc23
core   0: 0x8000b0fc (0x4c200213) li      tp, 1218
core   0: 0 0x8000b0fc (0x4c200213) x4  0x000004c2
core   0: 0x8000b100 (0x00008a9d) c.andi  a3, 7
core   0: 0 0x8000b100 (0x8a9d) x13 0x00000000
core   0: 0x8000b102 (0x00006ea1) c.lui   t4, 0x8
core   0: 0 0x8000b102 (0x6ea1) x29 0x00008000
core   0: 0x8000b104 (0x40b9ddb3) sra     s11, s3, a1
core   0: 0 0x8000b104 (0x40b9ddb3) x27 0xffffffff
core   0: 0x8000b108 (0x02f57163) bgeu    a0, a5, pc + 34
core   0: 0 0x8000b108 (0x02f57163)
core   0: 0x8000b12a (0x00000001) c.nop
core   0: 0 0x8000b12a (0x0001)
core   0: 0x8000b12c (0x006dae33) slt     t3, s11, t1
core   0: 0 0x8000b12c (0x006dae33) x28 0x00000001
core   0: 0x8000b130 (0x00000001) c.nop
core   0: 0 0x8000b130 (0x0001)
core   0: 0x8000b132 (0x000098fd) c.andi  s1, -1
core   0: 0 0x8000b132 (0x98fd) x9  0x0000045d
core   0: 0x8000b134 (0x00009a8e) c.add   s5, gp
core   0: 0 0x8000b134 (0x9a8e) x21 0x000062a5
core   0: 0x8000b136 (0x000080e9) c.srli  s1, 26
core   0: 0 0x8000b136 (0x80e9) x9  0x00000000
core   0: 0x8000b138 (0x00004839) c.li    a6, 14
core   0: 0 0x8000b138 (0x4839) x16 0x0000000e
core   0: 0x8000b13a (0x12fbf813) andi    a6, s7, 303
core   0: 0 0x8000b13a (0x12fbf813) x16 0x0000010d
core   0: 0x8000b13e (0x00006905) c.lui   s2, 0x1
core   0: 0 0x8000b13e (0x6905) x18 0x00001000
core   0: 0x8000b140 (0x00001e04) c.addi4spn s1, sp, 816
core   0: 0 0x8000b140 (0x1e04) x9  0x00000330
core   0: 0x8000b142 (0x004681b3) add     gp, a3, tp
core   0: 0 0x8000b142 (0x004681b3) x3  0x000004c2
core   0: 0x8000b146 (0x00009a12) c.add   s4, tp
core   0: 0 0x8000b146 (0x9a12) x20 0x000004c2
core   0: 0x8000b148 (0x000058fd) c.li    a7, -1
core   0: 0 0x8000b148 (0x58fd) x17 0xffffffff
core   0: 0x8000b14a (0x00804b63) blt     zero, s0, pc + 22
core   0: 0 0x8000b14a (0x00804b63)
core   0: 0x8000b14e (0x03ef44b3) div     s1, t5, t5
core   0: 0 0x8000b14e (0x03ef44b3) x9  0x00000001
core   0: 0x8000b152 (0x02e7d8b3) divu    a7, a5, a4
core   0: 0 0x8000b152 (0x02e7d8b3) x17 0xffffffff
core   0: 0x8000b156 (0x02e86833) rem     a6, a6, a4
core   0: 0 0x8000b156 (0x02e86833) x16 0x0000010d
core   0: 0x8000b15a (0x00001598) c.addi4spn a4, sp, 736
core   0: 0 0x8000b15a (0x1598) x14 0x000002e0
core   0: 0x8000b15c (0x00a84133) xor     sp, a6, a0
core   0: 0 0x8000b15c (0x00a84133) x2  0xfffffe7d
core   0: 0x8000b160 (0x0000100f) fence.i
core   0: 0 0x8000b160 (0x0000100f)
core   0: 0x8000b164 (0x01819f33) sll     t5, gp, s8
core   0: 0 0x8000b164 (0x01819f33) x30 0x000004c2
core   0: 0x8000b168 (0x00009792) c.add   a5, tp
core   0: 0 0x8000b168 (0x9792) x15 0x000004c3
core   0: 0x8000b16a (0xe9ef4f13) xori    t5, t5, -354
core   0: 0 0x8000b16a (0xe9ef4f13) x30 0xfffffa5c
core   0: 0x8000b16e (0x0268ff33) remu    t5, a7, t1
core   0: 0 0x8000b16e (0x0268ff33) x30 0xffffffff
core   0: 0x8000b172 (0x00008b39) c.andi  a4, 14
core   0: 0 0x8000b172 (0x8b39) x14 0x00000000
core   0: 0x8000b174 (0x75c78293) addi    t0, a5, 1884
core   0: 0 0x8000b174 (0x75c78293) x5  0x00000c1f
core   0: 0x8000b178 (0x3860c413) xori    s0, ra, 902
core   0: 0 0x8000b178 (0x3860c413) x8  0xfffffc79
core   0: 0x8000b17c (0x40af5c93) srai    s9, t5, 10
core   0: 0 0x8000b17c (0x40af5c93) x25 0xffffffff
core   0: 0x8000b180 (0x01dddbb3) srl     s7, s11, t4
core   0: 0 0x8000b180 (0x01dddbb3) x23 0xffffffff
core   0: 0x8000b184 (0x019482b3) add     t0, s1, s9
core   0: 0 0x8000b184 (0x019482b3) x5  0x00000000
core   0: 0x8000b188 (0x0ff0000f) fence   iorw,iorw
core   0: 0 0x8000b188 (0x0ff0000f)
core   0: 0x8000b18c (0x00000001) c.nop
core   0: 0 0x8000b18c (0x0001)
core   0: 0x8000b18e (0x005b4963) blt     s6, t0, pc + 18
core   0: 0 0x8000b18e (0x005b4963)
core   0: 0x8000b1a0 (0x023ee9b3) rem     s3, t4, gp
core   0: 0 0x8000b1a0 (0x023ee9b3) x19 0x0000044c
core   0: 0x8000b1a4 (0x0198d6b3) srl     a3, a7, s9
core   0: 0 0x8000b1a4 (0x0198d6b3) x13 0x00000001
core   0: 0x8000b1a8 (0x0000c919) c.beqz  a0, pc + 22
core   0: 0 0x8000b1a8 (0xc919)
core   0: 0x8000b1aa (0x0335adb3) mulhsu  s11, a1, s3
core   0: 0 0x8000b1aa (0x0335adb3) x27 0xfffffdda
core   0: 0x8000b1ae (0x006ef7b3) and     a5, t4, t1
core   0: 0 0x8000b1ae (0x006ef7b3) x15 0x00000000
core   0: 0x8000b1b2 (0x01b65f33) srl     t5, a2, s11
core   0: 0 0x8000b1b2 (0x01b65f33) x30 0x00000000
core   0: 0x8000b1b6 (0x01f65a93) srli    s5, a2, 31
core   0: 0 0x8000b1b6 (0x01f65a93) x21 0x00000000
core   0: 0x8000b1ba (0x0393ba33) mulhu   s4, t2, s9
core   0: 0 0x8000b1ba (0x0393ba33) x20 0x00000013
core   0: 0x8000b1be (0x0c881037) lui     zero, 0xc881
core   0: 0 0x8000b1be (0x0c881037)
core   0: 0x8000b1c2 (0x02fa9233) mulh    tp, s5, a5
core   0: 0 0x8000b1c2 (0x02fa9233) x4  0x00000000
core   0: 0x8000b1c6 (0x00008c19) c.sub   s0, a4
core   0: 0 0x8000b1c6 (0x8c19) x8  0xfffffc79
core   0: 0x8000b1c8 (0x00808633) add     a2, ra, s0
core   0: 0 0x8000b1c8 (0x00808633) x12 0xfffffc78
core   0: 0x8000b1cc (0x0041f9b3) and     s3, gp, tp
core   0: 0 0x8000b1cc (0x0041f9b3) x19 0x00000000
core   0: 0x8000b1d0 (0x017a2cb3) slt     s9, s4, s7
core   0: 0 0x8000b1d0 (0x017a2cb3) x25 0x00000000
core   0: 0x8000b1d4 (0x41835233) sra     tp, t1, s8
core   0: 0 0x8000b1d4 (0x41835233) x4  0x00000000
core   0: 0x8000b1d8 (0x03f2ecb3) rem     s9, t0, t6
core   0: 0 0x8000b1d8 (0x03f2ecb3) x25 0x00000000
core   0: 0x8000b1dc (0x00004701) c.li    a4, 0
core   0: 0 0x8000b1dc (0x4701) x14 0x00000000
core   0: 0x8000b1de (0x03788863) beq     a7, s7, pc + 48
core   0: 0 0x8000b1de (0x03788863)
core   0: 0x8000b20e (0x02a8b4b3) mulhu   s1, a7, a0
core   0: 0 0x8000b20e (0x02a8b4b3) x9  0xffffff6f
core   0: 0x8000b212 (0x4c15e893) ori     a7, a1, 1217
core   0: 0 0x8000b212 (0x4c15e893) x17 0x80021ed9
core   0: 0x8000b216 (0x01548633) add     a2, s1, s5
core   0: 0 0x8000b216 (0x01548633) x12 0xffffff6f
core   0: 0x8000b21a (0x0000879d) c.srai  a5, 7
core   0: 0 0x8000b21a (0x879d) x15 0x00000000
core   0: 0x8000b21c (0x0000cc01) c.beqz  s0, pc + 24
core   0: 0 0x8000b21c (0xcc01)
core   0: 0x8000b21e (0x00008749) c.srai  a4, 18
core   0: 0 0x8000b21e (0x8749) x14 0x00000000
core   0: 0x8000b220 (0x6b8f6e37) lui     t3, 0x6b8f6
core   0: 0 0x8000b220 (0x6b8f6e37) x28 0x6b8f6000
core   0: 0x8000b224 (0x00008e29) c.xor   a2, a0
core   0: 0 0x8000b224 (0x8e29) x12 0x0000001f
core   0: 0x8000b226 (0x003ed293) srli    t0, t4, 3
core   0: 0 0x8000b226 (0x003ed293) x5  0x00001000
core   0: 0x8000b22a (0x31e139b7) lui     s3, 0x31e13
core   0: 0 0x8000b22a (0x31e139b7) x19 0x31e13000
core   0: 0x8000b22e (0x000082bd) c.srli  a3, 15
core   0: 0 0x8000b22e (0x82bd) x13 0x00000000
core   0: 0x8000b230 (0x000004fd) c.addi  s1, 31
core   0: 0 0x8000b230 (0x04fd) x9  0xffffff8e
core   0: 0x8000b232 (0x000098fd) c.andi  s1, -1
core   0: 0 0x8000b232 (0x98fd) x9  0xffffff8e
core   0: 0x8000b234 (0x02c51b63) bne     a0, a2, pc + 54
core   0: 0 0x8000b234 (0x02c51b63)
core   0: 0x8000b26a (0x0000127d) c.addi  tp, -1
core   0: 0 0x8000b26a (0x127d) x4  0xffffffff
core   0: 0x8000b26c (0x00008e0d) c.sub   a2, a1
core   0: 0 0x8000b26c (0x8e0d) x12 0x7ffde1c7
core   0: 0x8000b26e (0x00009246) c.add   tp, a7
core   0: 0 0x8000b26e (0x9246) x4  0x80021ed8
core   0: 0x8000b270 (0x0309e663) bltu    s3, a6, pc + 44
core   0: 0 0x8000b270 (0x0309e663)
core   0: 0x8000b274 (0xd9b37c93) andi    s9, t1, -613
core   0: 0 0x8000b274 (0xd9b37c93) x25 0x00000000
core   0: 0x8000b278 (0x00000e8d) c.addi  t4, 3
core   0: 0 0x8000b278 (0x0e8d) x29 0x00008003
core   0: 0x8000b27a (0x00000001) c.nop
core   0: 0 0x8000b27a (0x0001)
core   0: 0x8000b27c (0x00008cc1) c.or    s1, s0
core   0: 0 0x8000b27c (0x8cc1) x9  0xffffffff
core   0: 0x8000b27e (0x410ad133) sra     sp, s5, a6
core   0: 0 0x8000b27e (0x410ad133) x2  0x00000000
core   0: 0x8000b282 (0x0ff0000f) fence   iorw,iorw
core   0: 0 0x8000b282 (0x0ff0000f)
core   0: 0x8000b286 (0x0000597d) c.li    s2, -1
core   0: 0 0x8000b286 (0x597d) x18 0xffffffff
core   0: 0x8000b288 (0x0000049e) c.slli  s1, 7
core   0: 0 0x8000b288 (0x049e) x9  0xffffff80
core   0: 0x8000b28a (0x038c8e33) mul     t3, s9, s8
core   0: 0 0x8000b28a (0x038c8e33) x28 0x00000000
core   0: 0x8000b28e (0xf1dfaf13) slti    t5, t6, -227
core   0: 0 0x8000b28e (0xf1dfaf13) x30 0x00000001
core   0: 0x8000b292 (0x00000b9e) c.slli  s7, 7
core   0: 0 0x8000b292 (0x0b9e) x23 0xffffff80
core   0: 0x8000b294 (0x027f1cb3) mulh    s9, t5, t2
core   0: 0 0x8000b294 (0x027f1cb3) x25 0x00000000
core   0: 0x8000b298 (0x00591463) bne     s2, t0, pc + 8
core   0: 0 0x8000b298 (0x00591463)
core   0: 0x8000b2a0 (0x41bc5993) srai    s3, s8, 27
core   0: 0 0x8000b2a0 (0x41bc5993) x19 0x00000007
core   0: 0x8000b2a4 (0x01b82533) slt     a0, a6, s11
core   0: 0 0x8000b2a4 (0x01b82533) x10 0x00000000
core   0: 0x8000b2a8 (0x00006175) c.addi16sp sp, 368
core   0: 0 0x8000b2a8 (0x6175) x2  0x00000170
core   0: 0x8000b2aa (0x03910633) mul     a2, sp, s9
core   0: 0 0x8000b2aa (0x03910633) x12 0x00000000
core   0: 0x8000b2ae (0x27b0bd97) auipc   s11, 0x27b0b
core   0: 0 0x8000b2ae (0x27b0bd97) x27 0xa7b162ae
core   0: 0x8000b2b2 (0x01eb8f63) beq     s7, t5, pc + 30
core   0: 0 0x8000b2b2 (0x01eb8f63)
core   0: 0x8000b2b6 (0x01d0e863) bltu    ra, t4, pc + 16
core   0: 0 0x8000b2b6 (0x01d0e863)
core   0: 0x8000b2ba (0x00000001) c.nop
core   0: 0 0x8000b2ba (0x0001)
core   0: 0x8000b2bc (0x03d5dc33) divu    s8, a1, t4
core   0: 0 0x8000b2bc (0x03d5dc33) x24 0x0000fffe
core   0: 0x8000b2c0 (0x01f31093) slli    ra, t1, 31
core   0: 0 0x8000b2c0 (0x01f31093) x1  0x00000000
core   0: 0x8000b2c4 (0x00000962) c.slli  s2, 24
core   0: 0 0x8000b2c4 (0x0962) x18 0xff000000
core   0: 0x8000b2c6 (0xbf243113) sltiu   sp, s0, -1038
core   0: 0 0x8000b2c6 (0xbf243113) x2  0x00000000
core   0: 0x8000b2ca (0x00006d79) c.lui   s10, 0x1e
core   0: 0 0x8000b2ca (0x6d79) x26 0x0001e000
core   0: 0x8000b2cc (0xb2f86293) ori     t0, a6, -1233
core   0: 0 0x8000b2cc (0xb2f86293) x5  0xfffffb2f
core   0: 0x8000b2d0 (0x018819b3) sll     s3, a6, s8
core   0: 0 0x8000b2d0 (0x018819b3) x19 0x40000000
core   0: 0x8000b2d4 (0x03adde63) bge     s11, s10, pc + 60
core   0: 0 0x8000b2d4 (0x03adde63)
core   0: 0x8000b2d8 (0x0000e785) c.bnez  a5, pc + 40
core   0: 0 0x8000b2d8 (0xe785)
core   0: 0x8000b2da (0x004502b3) add     t0, a0, tp
core   0: 0 0x8000b2da (0x004502b3) x5  0x80021ed8
core   0: 0x8000b2de (0x0000100f) fence.i
core   0: 0 0x8000b2de (0x0000100f)
core   0: 0x8000b2e2 (0x01169133) sll     sp, a3, a7
core   0: 0 0x8000b2e2 (0x01169133) x2  0x00000000
core   0: 0x8000b2e6 (0x4df1b993) sltiu   s3, gp, 1247
core   0: 0 0x8000b2e6 (0x4df1b993) x19 0x00000001
core   0: 0x8000b2ea (0x01c5f6b3) and     a3, a1, t3
core   0: 0 0x8000b2ea (0x01c5f6b3) x13 0x00000000
core   0: 0x8000b2ee (0x00b49f33) sll     t5, s1, a1
core   0: 0 0x8000b2ee (0x00b49f33) x30 0x80000000
core   0: 0x8000b2f2 (0x000083ed) c.srli  a5, 27
core   0: 0 0x8000b2f2 (0x83ed) x15 0x00000000
core   0: 0x8000b2f4 (0x00da1463) bne     s4, a3, pc + 8
core   0: 0 0x8000b2f4 (0x00da1463)
core   0: 0x8000b2fc (0x00000af6) c.slli  s5, 29
core   0: 0 0x8000b2fc (0x0af6) x21 0x00000000
core   0: 0x8000b2fe (0x00008786) c.mv    a5, ra
core   0: 0 0x8000b2fe (0x8786) x15 0x00000000
core   0: 0x8000b300 (0x04857563) bgeu    a0, s0, pc + 74
core   0: 0 0x8000b300 (0x04857563)
core   0: 0x8000b304 (0x02dc8233) mul     tp, s9, a3
core   0: 0 0x8000b304 (0x02dc8233) x4  0x00000000
core   0: 0x8000b308 (0x40b85f13) srai    t5, a6, 11
core   0: 0 0x8000b308 (0x40b85f13) x30 0x00000000
core   0: 0x8000b30c (0x031c3c33) mulhu   s8, s8, a7
core   0: 0 0x8000b30c (0x031c3c33) x24 0x00008001
core   0: 0x8000b310 (0x89a3d1b7) lui     gp, 0x89a3d
core   0: 0 0x8000b310 (0x89a3d1b7) x3  0x89a3d000
core   0: 0x8000b314 (0x0298bc33) mulhu   s8, a7, s1
core   0: 0 0x8000b314 (0x0298bc33) x24 0x80021e98
core   0: 0x8000b318 (0x136af693) andi    a3, s5, 310
core   0: 0 0x8000b318 (0x136af693) x13 0x00000000
core   0: 0x8000b31c (0x000c7433) and     s0, s8, zero
core   0: 0 0x8000b31c (0x000c7433) x8  0x00000000
core   0: 0x8000b320 (0x0000100f) fence.i
core   0: 0 0x8000b320 (0x0000100f)
core   0: 0x8000b324 (0x03237bb3) remu    s7, t1, s2
core   0: 0 0x8000b324 (0x03237bb3) x23 0x00000000
core   0: 0x8000b328 (0x0247f763) bgeu    a5, tp, pc + 46
core   0: 0 0x8000b328 (0x0247f763)
core   0: 0x8000b356 (0x00000880) c.addi4spn s0, sp, 80
core   0: 0 0x8000b356 (0x0880) x8  0x00000050
core   0: 0x8000b358 (0x03305263) bge     zero, s3, pc + 36
core   0: 0 0x8000b358 (0x03305263)
core   0: 0x8000b35c (0x0000100f) fence.i
core   0: 0 0x8000b35c (0x0000100f)
core   0: 0x8000b360 (0x03d606b3) mul     a3, a2, t4
core   0: 0 0x8000b360 (0x03d606b3) x13 0x00000000
core   0: 0x8000b364 (0x0203e933) rem     s2, t2, zero
core   0: 0 0x8000b364 (0x0203e933) x18 0x00000014
core   0: 0x8000b368 (0x00000001) c.nop
core   0: 0 0x8000b368 (0x0001)
core   0: 0x8000b36a (0x01181413) slli    s0, a6, 17
core   0: 0 0x8000b36a (0x01181413) x8  0x021a0000
core   0: 0x8000b36e (0x000082dd) c.srli  a3, 23
core   0: 0 0x8000b36e (0x82dd) x13 0x00000000
core   0: 0x8000b370 (0x037d9f63) bne     s11, s7, pc + 62
core   0: 0 0x8000b370 (0x037d9f63)
core   0: 0x8000b3ae (0x02067833) remu    a6, a2, zero
core   0: 0 0x8000b3ae (0x02067833) x16 0x00000000
core   0: 0x8000b3b2 (0x415607b3) sub     a5, a2, s5
core   0: 0 0x8000b3b2 (0x415607b3) x15 0x00000000
core   0: 0x8000b3b6 (0x652d2e93) slti    t4, s10, 1618
core   0: 0 0x8000b3b6 (0x652d2e93) x29 0x00000000
core   0: 0x8000b3ba (0x0000e109) c.bnez  a0, pc + 2
core   0: 0 0x8000b3ba (0xe109)
core   0: 0x8000b3bc (0x00008c15) c.sub   s0, a3
core   0: 0 0x8000b3bc (0x8c15) x8  0x021a0000
core   0: 0x8000b3be (0x030df533) remu    a0, s11, a6
core   0: 0 0x8000b3be (0x030df533) x10 0xa7b162ae
core   0: 0x8000b3c2 (0x2a5dff17) auipc   t5, 0x2a5df
core   0: 0 0x8000b3c2 (0x2a5dff17) x30 0xaa5ea3c2
core   0: 0x8000b3c6 (0x000082cd) c.srli  a3, 19
core   0: 0 0x8000b3c6 (0x82cd) x13 0x00000000
core   0: 0x8000b3c8 (0x016e4cb3) xor     s9, t3, s6
core   0: 0 0x8000b3c8 (0x016e4cb3) x25 0xfffffc23
core   0: 0x8000b3cc (0x00d1dc33) srl     s8, gp, a3
core   0: 0 0x8000b3cc (0x00d1dc33) x24 0x89a3d000
core   0: 0x8000b3d0 (0x00000dde) c.slli  s11, 23
core   0: 0 0x8000b3d0 (0x0dde) x27 0x57000000
core   0: 0x8000b3d2 (0x8a90a913) slti    s2, ra, -1879
core   0: 0 0x8000b3d2 (0x8a90a913) x18 0x00000000
core   0: 0x8000b3d6 (0x6e4850b7) lui     ra, 0x6e485
core   0: 0 0x8000b3d6 (0x6e4850b7) x1  0x6e485000
core   0: 0x8000b3da (0x0ff0000f) fence   iorw,iorw
core   0: 0 0x8000b3da (0x0ff0000f)
core   0: 0x8000b3de (0x02754763) blt     a0, t2, pc + 46
core   0: 0 0x8000b3de (0x02754763)
core   0: 0x8000b40c (0x01a4f7b3) and     a5, s1, s10
core   0: 0 0x8000b40c (0x01a4f7b3) x15 0x0001e000
core   0: 0x8000b410 (0x010c4233) xor     tp, s8, a6
core   0: 0 0x8000b410 (0x010c4233) x4  0x89a3d000
core   0: 0x8000b414 (0x035be563) bltu    s7, s5, pc + 42
core   0: 0 0x8000b414 (0x035be563)
core   0: 0x8000b418 (0x00000001) c.nop
core   0: 0 0x8000b418 (0x0001)
core   0: 0x8000b41a (0x00000001) c.nop
core   0: 0 0x8000b41a (0x0001)
core   0: 0x8000b41c (0x41885433) sra     s0, a6, s8
core   0: 0 0x8000b41c (0x41885433) x8  0x00000000
core   0: 0x8000b420 (0x0159f6b3) and     a3, s3, s5
core   0: 0 0x8000b420 (0x0159f6b3) x13 0x00000000
core   0: 0x8000b424 (0x40c081b3) sub     gp, ra, a2
core   0: 0 0x8000b424 (0x40c081b3) x3  0x6e485000
core   0: 0x8000b428 (0x9dd3b513) sltiu   a0, t2, -1571
core   0: 0 0x8000b428 (0x9dd3b513) x10 0x00000001
core   0: 0x8000b42c (0x00000494) c.addi4spn a3, sp, 576
core   0: 0 0x8000b42c (0x0494) x13 0x00000240
core   0: 0x8000b42e (0x0393a3b3) mulhsu  t2, t2, s9
core   0: 0 0x8000b42e (0x0393a3b3) x7  0x00000013
core   0: 0x8000b432 (0x02938d33) mul     s10, t2, s1
core   0: 0 0x8000b432 (0x02938d33) x26 0xfffff680
core   0: 0x8000b436 (0x00005b7d) c.li    s6, -1
core   0: 0 0x8000b436 (0x5b7d) x22 0xffffffff
core   0: 0x8000b438 (0x00008ff9) c.and   a5, a4
core   0: 0 0x8000b438 (0x8ff9) x15 0x00000000
core   0: 0x8000b43a (0x0036ef33) or      t5, a3, gp
core   0: 0 0x8000b43a (0x0036ef33) x30 0x6e485240
core   0: 0x8000b43e (0x00000308) c.addi4spn a0, sp, 384
core   0: 0 0x8000b43e (0x0308) x10 0x00000180
core   0: 0x8000b440 (0x027414b3) mulh    s1, s0, t2
core   0: 0 0x8000b440 (0x027414b3) x9  0x00000000
core   0: 0x8000b444 (0x414ad1b3) sra     gp, s5, s4
core   0: 0 0x8000b444 (0x414ad1b3) x3  0x00000000
core   0: 0x8000b448 (0x0183c3b3) xor     t2, t2, s8
core   0: 0 0x8000b448 (0x0183c3b3) x7  0x89a3d013
core   0: 0x8000b44c (0x000064bd) c.lui   s1, 0xf
core   0: 0 0x8000b44c (0x64bd) x9  0x0000f000
core   0: 0x8000b44e (0x00006161) c.addi16sp sp, 80
core   0: 0 0x8000b44e (0x6161) x2  0x00000050
core   0: 0x8000b450 (0x00000b32) c.slli  s6, 12
core   0: 0 0x8000b450 (0x0b32) x22 0xfffff000
core   0: 0x8000b452 (0x00008d01) c.sub   a0, s0
core   0: 0 0x8000b452 (0x8d01) x10 0x00000180
core   0: 0x8000b454 (0x00008406) c.mv    s0, ra
core   0: 0 0x8000b454 (0x8406) x8  0x6e485000
core   0: 0x8000b456 (0x00000001) c.nop
core   0: 0 0x8000b456 (0x0001)
core   0: 0x8000b458 (0x02b31f63) bne     t1, a1, pc + 62
core   0: 0 0x8000b458 (0x02b31f63)
core   0: 0x8000b496 (0xb6b94713) xori    a4, s2, -1173
core   0: 0 0x8000b496 (0xb6b94713) x14 0xfffffb6b
core   0: 0x8000b49a (0xa66a4897) auipc   a7, 0xa66a4
core   0: 0 0x8000b49a (0xa66a4897) x17 0x266af49a
core   0: 0x8000b49e (0x00000f94) c.addi4spn a3, sp, 976
core   0: 0 0x8000b49e (0x0f94) x13 0x00000420
core   0: 0x8000b4a0 (0x031c2eb3) mulhsu  t4, s8, a7
core   0: 0 0x8000b4a0 (0x031c2eb3) x29 0xee3cdd9d
core   0: 0x8000b4a4 (0xa3e1c293) xori    t0, gp, -1474
core   0: 0 0x8000b4a4 (0xa3e1c293) x5  0xfffffa3e
core   0: 0x8000b4a8 (0x00008a45) c.andi  a2, 17
core   0: 0 0x8000b4a8 (0x8a45) x12 0x00000000
core   0: 0x8000b4aa (0x012a7633) and     a2, s4, s2
core   0: 0 0x8000b4aa (0x012a7633) x12 0x00000000
core   0: 0x8000b4ae (0x022688b3) mul     a7, a3, sp
core   0: 0 0x8000b4ae (0x022688b3) x17 0x00014a00
core   0: 0x8000b4b2 (0x00001980) c.addi4spn s0, sp, 240
core   0: 0 0x8000b4b2 (0x1980) x8  0x00000140
core   0: 0x8000b4b4 (0x0009df13) srli    t5, s3, 0
core   0: 0 0x8000b4b4 (0x0009df13) x30 0x00000001
core   0: 0x8000b4b8 (0x00008d3d) c.xor   a0, a5
core   0: 0 0x8000b4b8 (0x8d3d) x10 0x00000180
core   0: 0x8000b4ba (0x024e4b33) div     s6, t3, tp
core   0: 0 0x8000b4ba (0x024e4b33) x22 0x00000000
core   0: 0x8000b4be (0x0107adb3) slt     s11, a5, a6
core   0: 0 0x8000b4be (0x0107adb3) x27 0x00000000
core   0: 0x8000b4c2 (0x010b1e93) slli    t4, s6, 16
core   0: 0 0x8000b4c2 (0x010b1e93) x29 0x00000000
core   0: 0x8000b4c6 (0x6825eb13) ori     s6, a1, 1666
core   0: 0 0x8000b4c6 (0x6825eb13) x22 0x80021eda
core   0: 0x8000b4ca (0x03f74f63) blt     a4, t6, pc + 62
core   0: 0 0x8000b4ca (0x03f74f63)
core   0: 0x8000b4ce (0xf1968193) addi    gp, a3, -231
core   0: 0 0x8000b4ce (0xf1968193) x3  0x00000339
core   0: 0x8000b4d2 (0x019c8533) add     a0, s9, s9
core   0: 0 0x8000b4d2 (0x019c8533) x10 0xfffff846
core   0: 0x8000b4d6 (0x01365793) srli    a5, a2, 19
core   0: 0 0x8000b4d6 (0x01365793) x15 0x00000000
core   0: 0x8000b4da (0x015ad613) srli    a2, s5, 21
core   0: 0 0x8000b4da (0x015ad613) x12 0x00000000
core   0: 0x8000b4de (0x0000cb91) c.beqz  a5, pc + 20
core   0: 0 0x8000b4de (0xcb91)
core   0: 0x8000b4f2 (0xf7d23e93) sltiu   t4, tp, -131
core   0: 0 0x8000b4f2 (0xf7d23e93) x29 0x00000001
core   0: 0x8000b4f6 (0x71585837) lui     a6, 0x71585
core   0: 0 0x8000b4f6 (0x71585837) x16 0x71585000
core   0: 0x8000b4fa (0x009d2533) slt     a0, s10, s1
core   0: 0 0x8000b4fa (0x009d2533) x10 0x00000001
core   0: 0x8000b4fe (0x000080ea) c.mv    ra, s10
core   0: 0 0x8000b4fe (0x80ea) x1  0xfffff680
core   0: 0x8000b500 (0x00028e33) add     t3, t0, zero
core   0: 0 0x8000b500 (0x00028e33) x28 0xfffffa3e
core   0: 0x8000b504 (0x01b15e63) bge     sp, s11, pc + 28
core   0: 0 0x8000b504 (0x01b15e63)
core   0: 0x8000b520 (0x01bb1b63) bne     s6, s11, pc + 22
core   0: 0 0x8000b520 (0x01bb1b63)
core   0: 0x8000b536 (0x013d1963) bne     s10, s3, pc + 18
core   0: 0 0x8000b536 (0x013d1963)
core   0: 0x8000b548 (0x00f81233) sll     tp, a6, a5
core   0: 0 0x8000b548 (0x00f81233) x4  0x71585000
core   0: 0x8000b54c (0x410553b3) sra     t2, a0, a6
core   0: 0 0x8000b54c (0x410553b3) x7  0x00000001
core   0: 0x8000b550 (0x01c18c63) beq     gp, t3, pc + 24
core   0: 0 0x8000b550 (0x01c18c63)
core   0: 0x8000b554 (0x0258cb63) blt     a7, t0, pc + 54
core   0: 0 0x8000b554 (0x0258cb63)
core   0: 0x8000b558 (0x014820b3) slt     ra, a6, s4
core   0: 0 0x8000b558 (0x014820b3) x1  0x00000000
core   0: 0x8000b55c (0x0112df33) srl     t5, t0, a7
core   0: 0 0x8000b55c (0x0112df33) x30 0xfffffa3e
core   0: 0x8000b560 (0x02d52733) mulhsu  a4, a0, a3
core   0: 0 0x8000b560 (0x02d52733) x14 0x00000000
core   0: 0x8000b564 (0x03b9ccb3) div     s9, s3, s11
core   0: 0 0x8000b564 (0x03b9ccb3) x25 0xffffffff
core   0: 0x8000b568 (0x01a45993) srli    s3, s0, 26
core   0: 0 0x8000b568 (0x01a45993) x19 0x00000000
core   0: 0x8000b56c (0x02b2b6b3) mulhu   a3, t0, a1
core   0: 0 0x8000b56c (0x02b2b6b3) x13 0x80021b76
core   0: 0x8000b570 (0x0000ef95) c.bnez  a5, pc + 60
core   0: 0 0x8000b570 (0xef95)
core   0: 0x8000b572 (0x03f200b3) mul     ra, tp, t6
core   0: 0 0x8000b572 (0x03f200b3) x1  0x4f674000
core   0: 0x8000b576 (0x00ed2db3) slt     s11, s10, a4
core   0: 0 0x8000b576 (0x00ed2db3) x27 0x00000001
core   0: 0x8000b57a (0x00009f66) c.add   t5, s9
core   0: 0 0x8000b57a (0x9f66) x30 0xfffffa3d
core   0: 0x8000b57c (0x5ad3c513) xori    a0, t2, 1453
core   0: 0 0x8000b57c (0x5ad3c513) x10 0x000005ac
core   0: 0x8000b580 (0x00008c3d) c.xor   s0, a5
core   0: 0 0x8000b580 (0x8c3d) x8  0x00000140
core   0: 0x8000b582 (0x00006161) c.addi16sp sp, 80
core   0: 0 0x8000b582 (0x6161) x2  0x000000a0
core   0: 0x8000b584 (0x01c7e533) or      a0, a5, t3
core   0: 0 0x8000b584 (0x01c7e533) x10 0xfffffa3e
core   0: 0x8000b588 (0x00008d31) c.xor   a0, a2
core   0: 0 0x8000b588 (0x8d31) x10 0xfffffa3e
core   0: 0x8000b58a (0x03e4ff33) remu    t5, s1, t5
core   0: 0 0x8000b58a (0x03e4ff33) x30 0x0000f000
core   0: 0x8000b58e (0x00354863) blt     a0, gp, pc + 16
core   0: 0 0x8000b58e (0x00354863)
core   0: 0x8000b59e (0x04885063) bge     a6, s0, pc + 64
core   0: 0 0x8000b59e (0x04885063)
core   0: 0x8000b5de (0x0000131c) c.addi4spn a5, sp, 416
core   0: 0 0x8000b5de (0x131c) x15 0x00000240
core   0: 0x8000b5e0 (0x003c4733) xor     a4, s8, gp
core   0: 0 0x8000b5e0 (0x003c4733) x14 0x89a3d339
core   0: 0x8000b5e4 (0x00000001) c.nop
core   0: 0 0x8000b5e4 (0x0001)
core   0: 0x8000b5e6 (0x017ff7b3) and     a5, t6, s7
core   0: 0 0x8000b5e6 (0x017ff7b3) x15 0x00000000
core   0: 0x8000b5ea (0x011700b3) add     ra, a4, a7
core   0: 0 0x8000b5ea (0x011700b3) x1  0x89a51d39
core   0: 0x8000b5ee (0x01de3733) sltu    a4, t3, t4
core   0: 0 0x8000b5ee (0x01de3733) x14 0x00000000
core   0: 0x8000b5f2 (0x676b6613) ori     a2, s6, 1654
core   0: 0 0x8000b5f2 (0x676b6613) x12 0x80021efe
core   0: 0x8000b5f6 (0x380ed537) lui     a0, 0x380ed
core   0: 0 0x8000b5f6 (0x380ed537) x10 0x380ed000
core   0: 0x8000b5fa (0x03ac1533) mulh    a0, s8, s10
core   0: 0 0x8000b5fa (0x03ac1533) x10 0x00000464
core   0: 0x8000b5fe (0x00000295) c.addi  t0, 5
core   0: 0 0x8000b5fe (0x0295) x5  0xfffffa43
core   0: 0x8000b600 (0x02ae8f63) beq     t4, a0, pc + 62
core   0: 0 0x8000b600 (0x02ae8f63)
core   0: 0x8000b604 (0x03784f63) blt     a6, s7, pc + 62
core   0: 0 0x8000b604 (0x03784f63)
core   0: 0x8000b608 (0x00008c11) c.sub   s0, a2
core   0: 0 0x8000b608 (0x8c11) x8  0x7ffde242
core   0: 0x8000b60a (0x0000ca81) c.beqz  a3, pc + 16
core   0: 0 0x8000b60a (0xca81)
core   0: 0x8000b60c (0x00000672) c.slli  a2, 28
core   0: 0 0x8000b60c (0x0672) x12 0xe0000000
core   0: 0x8000b60e (0x03c47bb3) remu    s7, s0, t3
core   0: 0 0x8000b60e (0x03c47bb3) x23 0x7ffde242
core   0: 0x8000b612 (0x4cb32d37) lui     s10, 0x4cb32
core   0: 0 0x8000b612 (0x4cb32d37) x26 0x4cb32000
core   0: 0x8000b616 (0x00000490) c.addi4spn a2, sp, 576
core   0: 0 0x8000b616 (0x0490) x12 0x000002e0
core   0: 0x8000b618 (0x00000a96) c.slli  s5, 5
core   0: 0 0x8000b618 (0x0a96) x21 0x00000000
core   0: 0x8000b61a (0x00006f59) c.lui   t5, 0x16
core   0: 0 0x8000b61a (0x6f59) x30 0x00016000
core   0: 0x8000b61c (0x0000ce9d) c.beqz  a3, pc + 62
core   0: 0 0x8000b61c (0xce9d)
core   0: 0x8000b61e (0xb4923b93) sltiu   s7, tp, -1207
core   0: 0 0x8000b61e (0xb4923b93) x23 0x00000001
core   0: 0x8000b622 (0x3cb03d97) auipc   s11, 0x3cb03
core   0: 0 0x8000b622 (0x3cb03d97) x27 0xbcb0e622
core   0: 0x8000b626 (0x030e8033) mul     zero, t4, a6
core   0: 0 0x8000b626 (0x030e8033)
core   0: 0x8000b62a (0x0169e733) or      a4, s3, s6
core   0: 0 0x8000b62a (0x0169e733) x14 0x80021eda
core   0: 0x8000b62e (0x000009d6) c.slli  s3, 21
core   0: 0 0x8000b62e (0x09d6) x19 0x00000000
core   0: 0x8000b630 (0x00000001) c.nop
core   0: 0 0x8000b630 (0x0001)
core   0: 0x8000b632 (0x03206eb3) rem     t4, zero, s2
core   0: 0 0x8000b632 (0x03206eb3) x29 0x00000000
core   0: 0x8000b636 (0x33054813) xori    a6, a0, 816
core   0: 0 0x8000b636 (0x33054813) x16 0x00000754
core   0: 0x8000b63a (0x01d44263) blt     s0, t4, pc + 4
core   0: 0 0x8000b63a (0x01d44263)
core   0: 0x8000b63e (0x000ffe33) and     t3, t6, zero
core   0: 0 0x8000b63e (0x000ffe33) x28 0x00000000
core   0: 0x8000b642 (0x013858b3) srl     a7, a6, s3
core   0: 0 0x8000b642 (0x013858b3) x17 0x00000754
core   0: 0x8000b646 (0x04d44163) blt     s0, a3, pc + 66
core   0: 0 0x8000b646 (0x04d44163)
core   0: 0x8000b64a (0x00008f45) c.or    a4, s1
core   0: 0 0x8000b64a (0x8f45) x14 0x8002feda
core   0: 0x8000b64c (0x0000c099) c.beqz  s1, pc + 6
core   0: 0 0x8000b64c (0xc099)
core   0: 0x8000b64e (0x67af6713) ori     a4, t5, 1658
core   0: 0 0x8000b64e (0x67af6713) x14 0x0001667a
core   0: 0x8000b652 (0x00e79b63) bne     a5, a4, pc + 22
core   0: 0 0x8000b652 (0x00e79b63)
core   0: 0x8000b668 (0x417f0533) sub     a0, t5, s7
core   0: 0 0x8000b668 (0x417f0533) x10 0x00015fff
core   0: 0x8000b66c (0x00f06533) or      a0, zero, a5
core   0: 0 0x8000b66c (0x00f06533) x10 0x00000000
core   0: 0x8000b670 (0x00008461) c.srai  s0, 24
core   0: 0 0x8000b670 (0x8461) x8  0x0000007f
core   0: 0x8000b672 (0x0280fc63) bgeu    ra, s0, pc + 56
core   0: 0 0x8000b672 (0x0280fc63)
core   0: 0x8000b6aa (0x00008fdd) c.or    a5, a5
core   0: 0 0x8000b6aa (0x8fdd) x15 0x00000000
core   0: 0x8000b6ac (0x00008c75) c.and   s0, a3
core   0: 0 0x8000b6ac (0x8c75) x8  0x00000076
core   0: 0x8000b6ae (0x00008c39) c.xor   s0, a4
core   0: 0 0x8000b6ae (0x8c39) x8  0x0001660c
core   0: 0x8000b6b0 (0x01721a93) slli    s5, tp, 23
core   0: 0 0x8000b6b0 (0x01721a93) x21 0x00000000
core   0: 0x8000b6b4 (0x00006d65) c.lui   s10, 0x19
core   0: 0 0x8000b6b4 (0x6d65) x26 0x00019000
core   0: 0x8000b6b6 (0x02e028b3) mulhsu  a7, zero, a4
core   0: 0 0x8000b6b6 (0x02e028b3) x17 0x00000000
core   0: 0x8000b6ba (0x196cca93) xori    s5, s9, 406
core   0: 0 0x8000b6ba (0x196cca93) x21 0xfffffe69
core   0: 0x8000b6be (0x00008c29) c.xor   s0, a0
core   0: 0 0x8000b6be (0x8c29) x8  0x0001660c
core   0: 0x8000b6c0 (0x0280ab33) mulhsu  s6, ra, s0
core   0: 0 0x8000b6c0 (0x0280ab33) x22 0xffff5a77
core   0: 0x8000b6c4 (0x00000f26) c.slli  t5, 9
core   0: 0 0x8000b6c4 (0x0f26) x30 0x02c00000
core   0: 0x8000b6c6 (0x01179eb3) sll     t4, a5, a7
core   0: 0 0x8000b6c6 (0x01179eb3) x29 0x00000000
core   0: 0x8000b6ca (0x01544cb3) xor     s9, s0, s5
core   0: 0 0x8000b6ca (0x01544cb3) x25 0xfffe9865
core   0: 0x8000b6ce (0x00008f81) c.sub   a5, s0
core   0: 0 0x8000b6ce (0x8f81) x15 0xfffe99f4
core   0: 0x8000b6d0 (0x00000a0a) c.slli  s4, 2
core   0: 0 0x8000b6d0 (0x0a0a) x20 0x0000004c
core   0: 0x8000b6d2 (0x022a44b3) div     s1, s4, sp
core   0: 0 0x8000b6d2 (0x022a44b3) x9  0x00000000
core   0: 0x8000b6d6 (0x033c2433) mulhsu  s0, s8, s3
core   0: 0 0x8000b6d6 (0x033c2433) x8  0x00000000
core   0: 0x8000b6da (0xf24156b7) lui     a3, 0xf2415
core   0: 0 0x8000b6da (0xf24156b7) x13 0xf2415000
core   0: 0x8000b6de (0x00006465) c.lui   s0, 0x19
core   0: 0 0x8000b6de (0x6465) x8  0x00019000
core   0: 0x8000b6e0 (0x028d0233) mul     tp, s10, s0
core   0: 0 0x8000b6e0 (0x028d0233) x4  0x71000000
core   0: 0x8000b6e4 (0x0324c663) blt     s1, s2, pc + 44
core   0: 0 0x8000b6e4 (0x0324c663)
core   0: 0x8000b6e8 (0x00008d65) c.and   a0, s1
core   0: 0 0x8000b6e8 (0x8d65) x10 0x00000000
core   0: 0x8000b6ea (0x00009f0a) c.add   t5, sp
core   0: 0 0x8000b6ea (0x9f0a) x30 0x02c000a0
core   0: 0x8000b6ec (0x01f500b3) add     ra, a0, t6
core   0: 0 0x8000b6ec (0x01f500b3) x1  0x80025ce4
core   0: 0x8000b6f0 (0xd6dbb793) sltiu   a5, s7, -659
core   0: 0 0x8000b6f0 (0xd6dbb793) x15 0x00000001
core   0: 0x8000b6f4 (0x00008f5d) c.or    a4, a5
core   0: 0 0x8000b6f4 (0x8f5d) x14 0x0001667b
core   0: 0x8000b6f6 (0x0365f7b3) remu    a5, a1, s6
core   0: 0 0x8000b6f6 (0x0365f7b3) x15 0x80021e58
core   0: 0x8000b6fa (0x000087b1) c.srai  a5, 12
core   0: 0 0x8000b6fa (0x87b1) x15 0xfff80021
core   0: 0x8000b6fc (0x0000919a) c.add   gp, t1
core   0: 0 0x8000b6fc (0x919a) x3  0x00000339
core   0: 0x8000b6fe (0x03f89863) bne     a7, t6, pc + 48
core   0: 0 0x8000b6fe (0x03f89863)
core   0: 0x8000b72e (0x024d8963) beq     s11, tp, pc + 50
core   0: 0 0x8000b72e (0x024d8963)
core   0: 0x8000b732 (0x0000615d) c.addi16sp sp, 432
core   0: 0 0x8000b732 (0x615d) x2  0x00000250
core   0: 0x8000b734 (0x00006ead) c.lui   t4, 0xb
core   0: 0 0x8000b734 (0x6ead) x29 0x0000b000
core   0: 0x8000b736 (0x63d92d13) slti    s10, s2, 1597
core   0: 0 0x8000b736 (0x63d92d13) x26 0x00000001
core   0: 0x8000b73a (0x00006ef1) c.lui   t4, 0x1c
core   0: 0 0x8000b73a (0x6ef1) x29 0x0001c000
core   0: 0x8000b73c (0x03766033) rem     zero, a2, s7
core   0: 0 0x8000b73c (0x03766033)
core   0: 0x8000b740 (0x02f0ddb3) divu    s11, ra, a5
core   0: 0 0x8000b740 (0x02f0ddb3) x27 0x00000000
core   0: 0x8000b744 (0x7cf6cb93) xori    s7, a3, 1999
core   0: 0 0x8000b744 (0x7cf6cb93) x23 0xf24157cf
core   0: 0x8000b748 (0x0278a733) mulhsu  a4, a7, t2
core   0: 0 0x8000b748 (0x0278a733) x14 0x00000000
core   0: 0x8000b74c (0x0000ea01) c.bnez  a2, pc + 16
core   0: 0 0x8000b74c (0xea01)
core   0: 0x8000b75c (0x00006165) c.addi16sp sp, 112
core   0: 0 0x8000b75c (0x6165) x2  0x000002c0
core   0: 0x8000b75e (0x00000001) c.nop
core   0: 0 0x8000b75e (0x0001)
core   0: 0x8000b760 (0x00008b95) c.andi  a5, 5
core   0: 0 0x8000b760 (0x8b95) x15 0x00000001
core   0: 0x8000b762 (0x4a8c9d17) auipc   s10, 0x4a8c9
core   0: 0 0x8000b762 (0x4a8c9d17) x26 0xca8d4762
core   0: 0x8000b766 (0x00008cae) c.mv    s9, a1
core   0: 0 0x8000b766 (0x8cae) x25 0x80021e58
core   0: 0x8000b768 (0x000092fe) c.add   t0, t6
core   0: 0 0x8000b768 (0x92fe) x5  0x80025727
core   0: 0x8000b76a (0x39c7c9b7) lui     s3, 0x39c7c
core   0: 0 0x8000b76a (0x39c7c9b7) x19 0x39c7c000
core   0: 0x8000b76e (0x00000c9e) c.slli  s9, 7
core   0: 0 0x8000b76e (0x0c9e) x25 0x010f2c00
core   0: 0x8000b770 (0x0ff0000f) fence   iorw,iorw
core   0: 0 0x8000b770 (0x0ff0000f)
core   0: 0x8000b774 (0x41a15493) srai    s1, sp, 26
core   0: 0 0x8000b774 (0x41a15493) x9  0x00000000
core   0: 0x8000b778 (0x002b7963) bgeu    s6, sp, pc + 18
core   0: 0 0x8000b778 (0x002b7963)
core   0: 0x8000b78a (0x02283933) mulhu   s2, a6, sp
core   0: 0 0x8000b78a (0x02283933) x18 0x00000000
core   0: 0x8000b78e (0x0000853d) c.srai  a0, 15
core   0: 0 0x8000b78e (0x853d) x10 0x00000000
core   0: 0x8000b790 (0x0000100f) fence.i
core   0: 0 0x8000b790 (0x0000100f)
core   0: 0x8000b794 (0x000041d4) c.lw    a3, 4(a1)
core   0: 0 0x8000b794 (0x41d4) x13 0x800034de mem 0x80021e5c
core   0: 0x8000b796 (0xeab7aa93) slti    s5, a5, -341
core   0: 0 0x8000b796 (0xeab7aa93) x21 0x00000000
core   0: 0x8000b79a (0x000005b1) c.addi  a1, 12
core   0: 0 0x8000b79a (0x05b1) x11 0x80021e64
core   0: 0x8000b79c (0x00008125) c.srli  a0, 9
core   0: 0 0x8000b79c (0x8125) x10 0x00000000
core   0: 0x8000b79e (0x408b8f33) sub     t5, s7, s0
core   0: 0 0x8000b79e (0x408b8f33) x30 0xf23fc7cf
core   0: 0x8000b7a2 (0x00168193) addi    gp, a3, 1
core   0: 0 0x8000b7a2 (0x00168193) x3  0x800034df
core   0: 0x8000b7a6 (0x00008182) c.jr    gp
core   0: 0 0x8000b7a6 (0x8182)
core   0: 0x800034de (0x02737763) bgeu    t1, t2, pc + 46
core   0: 0 0x800034de (0x02737763)
core   0: 0x800034e2 (0x0ff0000f) fence   iorw,iorw
core   0: 0 0x800034e2 (0x0ff0000f)
core   0: 0x800034e6 (0x020d6e63) bltu    s10, zero, pc + 60
core   0: 0 0x800034e6 (0x020d6e63)
core   0: 0x800034ea (0x00008ed9) c.or    a3, a4
core   0: 0 0x800034ea (0x8ed9) x13 0x800034de
core   0: 0x800034ec (0x416ad933) sra     s2, s5, s6
core   0: 0 0x800034ec (0x416ad933) x18 0x00000000
core   0: 0x800034f0 (0x0000e799) c.bnez  a5, pc + 14
core   0: 0 0x800034f0 (0xe799)
core   0: 0x800034fe (0x0057a733) slt     a4, a5, t0
core   0: 0 0x800034fe (0x0057a733) x14 0x00000000
core   0: 0x80003502 (0x0000843a) c.mv    s0, a4
core   0: 0 0x80003502 (0x843a) x8  0x00000000
core   0: 0x80003504 (0x40e88b33) sub     s6, a7, a4
core   0: 0 0x80003504 (0x40e88b33) x22 0x00000000
core   0: 0x80003508 (0x00cc5033) srl     zero, s8, a2
core   0: 0 0x80003508 (0x00cc5033)
core   0: 0x8000350c (0x07ca7037) lui     zero, 0x7ca7
core   0: 0 0x8000350c (0x07ca7037)
core   0: 0x80003510 (0x00004231) c.li    tp, 12
core   0: 0 0x80003510 (0x4231) x4  0x0000000c
core   0: 0x80003512 (0x01c81d13) slli    s10, a6, 28
core   0: 0 0x80003512 (0x01c81d13) x26 0x40000000
core   0: 0x80003516 (0x1ee04db7) lui     s11, 0x1ee04
core   0: 0 0x80003516 (0x1ee04db7) x27 0x1ee04000
core   0: 0x8000351a (0x00193533) sltu    a0, s2, ra
core   0: 0 0x8000351a (0x00193533) x10 0x00000001
core   0: 0x8000351e (0x00008e1d) c.sub   a2, a5
core   0: 0 0x8000351e (0x8e1d) x12 0x000002df
core   0: 0x80003520 (0x000094a6) c.add   s1, s1
core   0: 0 0x80003520 (0x94a6) x9  0x00000000
core   0: 0x80003522 (0x0ff0000f) fence   iorw,iorw
core   0: 0 0x80003522 (0x0ff0000f)
core   0: 0x80003526 (0x01b8fb63) bgeu    a7, s11, pc + 22
core   0: 0 0x80003526 (0x01b8fb63)
core   0: 0x8000352a (0x41d4d633) sra     a2, s1, t4
core   0: 0 0x8000352a (0x41d4d633) x12 0x00000000
core   0: 0x8000352e (0x03429033) mulh    zero, t0, s4
core   0: 0 0x8000352e (0x03429033)
core   0: 0x80003532 (0xba9ab693) sltiu   a3, s5, -1111
core   0: 0 0x80003532 (0xba9ab693) x13 0x00000001
core   0: 0x80003536 (0x38ffa013) slti    zero, t6, 911
core   0: 0 0x80003536 (0x38ffa013)
core   0: 0x8000353a (0x000002f2) c.slli  t0, 28
core   0: 0 0x8000353a (0x02f2) x5  0x70000000
core   0: 0x8000353c (0x02db4f63) blt     s6, a3, pc + 62
core   0: 0 0x8000353c (0x02db4f63)
core   0: 0x8000357a (0x00000001) c.nop
core   0: 0 0x8000357a (0x0001)
core   0: 0x8000357c (0x0154f6b3) and     a3, s1, s5
core   0: 0 0x8000357c (0x0154f6b3) x13 0x00000000
core   0: 0x80003580 (0x0ff0000f) fence   iorw,iorw
core   0: 0 0x80003580 (0x0ff0000f)
core   0: 0x80003584 (0x0033e033) or      zero, t2, gp
core   0: 0 0x80003584 (0x0033e033)
core   0: 0x80003588 (0x03c8f7b3) remu    a5, a7, t3
core   0: 0 0x80003588 (0x03c8f7b3) x15 0x00000000
core   0: 0x8000358c (0x00008bf2) c.mv    s7, t3
core   0: 0 0x8000358c (0x8bf2) x23 0x00000000
core   0: 0x8000358e (0x03f16063) bltu    sp, t6, pc + 32
core   0: 0 0x8000358e (0x03f16063)
core   0: 0x800035ae (0x0000167d) c.addi  a2, -1
core   0: 0 0x800035ae (0x167d) x12 0xffffffff
core   0: 0x800035b0 (0xffffd317) auipc   t1, 0xffffd
core   0: 0 0x800035b0 (0xffffd317) x6  0x800005b0
core   0: 0x800035b4 (0xdce30313) addi    t1, t1, -562
core   0: 0 0x800035b4 (0xdce30313) x6  0x8000037e
core   0: 0x800035b8 (0x00030067) jr      t1
core   0: 0 0x800035b8 (0x00030067)
core   0: 0x8000037e (0x90000537) lui     a0, 0x90000
core   0: 0 0x8000037e (0x90000537) x10 0x90000000
core   0: 0x80000382 (0x00001561) c.addi  a0, -8
core   0: 0 0x80000382 (0x1561) x10 0x8ffffff8
core   0: 0x80000384 (0x00004d81) c.li    s11, 0
core   0: 0 0x80000384 (0x4d81) x27 0x00000000
core   0: 0x80000386 (0x00000da2) c.slli  s11, 8
core   0: 0 0x80000386 (0x0da2) x27 0x00000000
core   0: 0x80000388 (0x00000d85) c.addi  s11, 1
core   0: 0 0x80000388 (0x0d85) x27 0x00000001
core   0: 0x8000038a (0x01b52023) sw      s11, 0(a0)
core   0: 0 0x8000038a (0x01b52023) mem 0x8ffffff8 0x00000001
core   0: 0x8000038e (0x00000073) ecall
core   0: exception trap_user_ecall, epc 0x8000038e
core   0: 0x80002600 (0x0800006f) j       pc + 0x80
core   0: 3 0x80002600 (0x0800006f)
core   0: 0x80002680 (0x00001ff1) c.addi  t6, -4
core   0: 3 0x80002680 (0x1ff1) x31 0x80025ce0
core   0: 0x80002682 (0x00bfa023) sw      a1, 0(t6)
core   0: 3 0x80002682 (0x00bfa023) mem 0x80025ce0 0x80021e64
core   0: 0x80002686 (0x000f85b3) add     a1, t6, zero
core   0: 3 0x80002686 (0x000f85b3) x11 0x80025ce0
core   0: 0x8000268a (0xf8058593) addi    a1, a1, -128
core   0: 3 0x8000268a (0xf8058593) x11 0x80025c60
core   0: 0x8000268e (0x0015a223) sw      ra, 4(a1)
core   0: 3 0x8000268e (0x0015a223) mem 0x80025c64 0x80025ce4
core   0: 0x80002692 (0x0025a423) sw      sp, 8(a1)
core   0: 3 0x80002692 (0x0025a423) mem 0x80025c68 0x000002c0
core   0: 0x80002696 (0x0035a623) sw      gp, 12(a1)
core   0: 3 0x80002696 (0x0035a623) mem 0x80025c6c 0x800034df
core   0: 0x8000269a (0x0045a823) sw      tp, 16(a1)
core   0: 3 0x8000269a (0x0045a823) mem 0x80025c70 0x0000000c
core   0: 0x8000269e (0x0055aa23) sw      t0, 20(a1)
core   0: 3 0x8000269e (0x0055aa23) mem 0x80025c74 0x70000000
core   0: 0x800026a2 (0x0065ac23) sw      t1, 24(a1)
core   0: 3 0x800026a2 (0x0065ac23) mem 0x80025c78 0x8000037e
core   0: 0x800026a6 (0x0075ae23) sw      t2, 28(a1)
core   0: 3 0x800026a6 (0x0075ae23) mem 0x80025c7c 0x00000001
core   0: 0x800026aa (0x0000d180) c.sw    s0, 32(a1)
core   0: 3 0x800026aa (0xd180) mem 0x80025c80 0x00000000
core   0: 0x800026ac (0x0000d1c4) c.sw    s1, 36(a1)
core   0: 3 0x800026ac (0xd1c4) mem 0x80025c84 0x00000000
core   0: 0x800026ae (0x0000d588) c.sw    a0, 40(a1)
core   0: 3 0x800026ae (0xd588) mem 0x80025c88 0x8ffffff8
core   0: 0x800026b0 (0x0000d5cc) c.sw    a1, 44(a1)
core   0: 3 0x800026b0 (0xd5cc) mem 0x80025c8c 0x80025c60
core   0: 0x800026b2 (0x0000d990) c.sw    a2, 48(a1)
core   0: 3 0x800026b2 (0xd990) mem 0x80025c90 0xffffffff
core   0: 0x800026b4 (0x0000d9d4) c.sw    a3, 52(a1)
core   0: 3 0x800026b4 (0xd9d4) mem 0x80025c94 0x00000000
core   0: 0x800026b6 (0x0000dd98) c.sw    a4, 56(a1)
core   0: 3 0x800026b6 (0xdd98) mem 0x80025c98 0x00000000
core   0: 0x800026b8 (0x0000dddc) c.sw    a5, 60(a1)
core   0: 3 0x800026b8 (0xdddc) mem 0x80025c9c 0x00000000
core   0: 0x800026ba (0x0505a023) sw      a6, 64(a1)
core   0: 3 0x800026ba (0x0505a023) mem 0x80025ca0 0x00000754
core   0: 0x800026be (0x0515a223) sw      a7, 68(a1)
core   0: 3 0x800026be (0x0515a223) mem 0x80025ca4 0x00000000
core   0: 0x800026c2 (0x0525a423) sw      s2, 72(a1)
core   0: 3 0x800026c2 (0x0525a423) mem 0x80025ca8 0x00000000
core   0: 0x800026c6 (0x0535a623) sw      s3, 76(a1)
core   0: 3 0x800026c6 (0x0535a623) mem 0x80025cac 0x39c7c000
core   0: 0x800026ca (0x0545a823) sw      s4, 80(a1)
core   0: 3 0x800026ca (0x0545a823) mem 0x80025cb0 0x0000004c
core   0: 0x800026ce (0x0555aa23) sw      s5, 84(a1)
core   0: 3 0x800026ce (0x0555aa23) mem 0x80025cb4 0x00000000
core   0: 0x800026d2 (0x0565ac23) sw      s6, 88(a1)
core   0: 3 0x800026d2 (0x0565ac23) mem 0x80025cb8 0x00000000
core   0: 0x800026d6 (0x0575ae23) sw      s7, 92(a1)
core   0: 3 0x800026d6 (0x0575ae23) mem 0x80025cbc 0x00000000
core   0: 0x800026da (0x0785a023) sw      s8, 96(a1)
core   0: 3 0x800026da (0x0785a023) mem 0x80025cc0 0x89a3d000
core   0: 0x800026de (0x0795a223) sw      s9, 100(a1)
core   0: 3 0x800026de (0x0795a223) mem 0x80025cc4 0x010f2c00
core   0: 0x800026e2 (0x07a5a423) sw      s10, 104(a1)
core   0: 3 0x800026e2 (0x07a5a423) mem 0x80025cc8 0x40000000
core   0: 0x800026e6 (0x07b5a623) sw      s11, 108(a1)
core   0: 3 0x800026e6 (0x07b5a623) mem 0x80025ccc 0x00000001
core   0: 0x800026ea (0x07c5a823) sw      t3, 112(a1)
core   0: 3 0x800026ea (0x07c5a823) mem 0x80025cd0 0x00000000
core   0: 0x800026ee (0x07d5aa23) sw      t4, 116(a1)
core   0: 3 0x800026ee (0x07d5aa23) mem 0x80025cd4 0x0001c000
core   0: 0x800026f2 (0x07e5ac23) sw      t5, 120(a1)
core   0: 3 0x800026f2 (0x07e5ac23) mem 0x80025cd8 0xf23fc7cf
core   0: 0x800026f6 (0x07f5ae23) sw      t6, 124(a1)
core   0: 3 0x800026f6 (0x07f5ae23) mem 0x80025cdc 0x80025ce0
core   0: 0x800026fa (0x00058fb3) add     t6, a1, zero
core   0: 3 0x800026fa (0x00058fb3) x31 0x80025c60
core   0: 0x800026fe (0x90000537) lui     a0, 0x90000
core   0: 3 0x800026fe (0x90000537) x10 0x90000000
core   0: 0x80002702 (0x00001571) c.addi  a0, -4
core   0: 3 0x80002702 (0x1571) x10 0x8ffffffc
core   0: 0x80002704 (0x00004da1) c.li    s11, 8
core   0: 3 0x80002704 (0x4da1) x27 0x00000008
core   0: 0x80002706 (0x00000da2) c.slli  s11, 8
core   0: 3 0x80002706 (0x0da2) x27 0x00000800
core   0: 0x80002708 (0x000d8d93) mv      s11, s11
core   0: 3 0x80002708 (0x000d8d93) x27 0x00000800
core   0: 0x8000270c (0x01b52023) sw      s11, 0(a0)
core   0: 3 0x8000270c (0x01b52023) mem 0x8ffffffc 0x00000800
core   0: 0x80002710 (0x34102df3) csrr    s11, mepc
core   0: 3 0x80002710 (0x34102df3) x27 0x8000038e
core   0: 0x80002714 (0x34202df3) csrr    s11, mcause
core   0: 3 0x80002714 (0x34202df3) x27 0x00000008
core   0: 0x80002718 (0x0000450d) c.li    a0, 3
core   0: 3 0x80002718 (0x450d) x10 0x00000003
core   0: 0x8000271a (0x00ad9463) bne     s11, a0, pc + 8
core   0: 3 0x8000271a (0x00ad9463)
core   0: 0x80002722 (0x00004521) c.li    a0, 8
core   0: 3 0x80002722 (0x4521) x10 0x00000008
core   0: 0x80002724 (0x04ad8d63) beq     s11, a0, pc + 90
core   0: 3 0x80002724 (0x04ad8d63)
core   0: 0x8000277e (0x90000537) lui     a0, 0x90000
core   0: 3 0x8000277e (0x90000537) x10 0x90000000
core   0: 0x80002782 (0x00001571) c.addi  a0, -4
core   0: 3 0x80002782 (0x1571) x10 0x8ffffffc
core   0: 0x80002784 (0x00006d85) c.lui   s11, 0x1
core   0: 3 0x80002784 (0x6d85) x27 0x00001000
core   0: 0x80002786 (0xb00d8d93) addi    s11, s11, -1280
core   0: 3 0x80002786 (0xb00d8d93) x27 0x00000b00
core   0: 0x8000278a (0x00000da2) c.slli  s11, 8
core   0: 3 0x8000278a (0x0da2) x27 0x000b0000
core   0: 0x8000278c (0x00000d8d) c.addi  s11, 3
core   0: 3 0x8000278c (0x0d8d) x27 0x000b0003
core   0: 0x8000278e (0x01b52023) sw      s11, 0(a0)
core   0: 3 0x8000278e (0x01b52023) mem 0x8ffffffc 0x000b0003
core   0: 0x80002792 (0xb0002df3) csrr    s11, mcycle
core   0: 3 0x80002792 (0xb0002df3) x27 0x00011037
core   0: 0x80002796 (0x01b52023) sw      s11, 0(a0)
core   0: 3 0x80002796 (0x01b52023) mem 0x8ffffffc 0x00011037
core   0: 0x8000279a (0x90000537) lui     a0, 0x90000
core   0: 3 0x8000279a (0x90000537) x10 0x90000000
core   0: 0x8000279e (0x00001571) c.addi  a0, -4
core   0: 3 0x8000279e (0x1571) x10 0x8ffffffc
core   0: 0x800027a0 (0x00006d85) c.lui   s11, 0x1
core   0: 3 0x800027a0 (0x6d85) x27 0x00001000
core   0: 0x800027a2 (0xb80d8d93) addi    s11, s11, -1152
core   0: 3 0x800027a2 (0xb80d8d93) x27 0x00000b80
core   0: 0x800027a6 (0x00000da2) c.slli  s11, 8
core   0: 3 0x800027a6 (0x0da2) x27 0x000b8000
core   0: 0x800027a8 (0x00000d8d) c.addi  s11, 3
core   0: 3 0x800027a8 (0x0d8d) x27 0x000b8003
core   0: 0x800027aa (0x01b52023) sw      s11, 0(a0)
core   0: 3 0x800027aa (0x01b52023) mem 0x8ffffffc 0x000b8003
core   0: 0x800027ae (0xb8002df3) csrr    s11, mcycleh
core   0: 3 0x800027ae (0xb8002df3) x27 0x00000000
core   0: 0x800027b2 (0x01b52023) sw      s11, 0(a0)
core   0: 3 0x800027b2 (0x01b52023) mem 0x8ffffffc 0x00000000
core   0: 0x800027b6 (0x90000537) lui     a0, 0x90000
core   0: 3 0x800027b6 (0x90000537) x10 0x90000000
core   0: 0x800027ba (0x00001571) c.addi  a0, -4
core   0: 3 0x800027ba (0x1571) x10 0x8ffffffc
core   0: 0x800027bc (0x00006d85) c.lui   s11, 0x1
core   0: 3 0x800027bc (0x6d85) x27 0x00001000
core   0: 0x800027be (0xb03d8d93) addi    s11, s11, -1277
core   0: 3 0x800027be (0xb03d8d93) x27 0x00000b03
core   0: 0x800027c2 (0x00000da2) c.slli  s11, 8
core   0: 3 0x800027c2 (0x0da2) x27 0x000b0300
core   0: 0x800027c4 (0x00000d8d) c.addi  s11, 3
core   0: 3 0x800027c4 (0x0d8d) x27 0x000b0303
core   0: 0x800027c6 (0x01b52023) sw      s11, 0(a0)
core   0: 3 0x800027c6 (0x01b52023) mem 0x8ffffffc 0x000b0303
core   0: 0x800027ca (0xb0302df3) csrr    s11, mhpmcounter3
core   0: 3 0x800027ca (0xb0302df3) x27 0x000000d2
core   0: 0x800027ce (0x01b52023) sw      s11, 0(a0)
core   0: 3 0x800027ce (0x01b52023) mem 0x8ffffffc 0x000000d2
core   0: 0x800027d2 (0x90000537) lui     a0, 0x90000
core   0: 3 0x800027d2 (0x90000537) x10 0x90000000
core   0: 0x800027d6 (0x00001571) c.addi  a0, -4
core   0: 3 0x800027d6 (0x1571) x10 0x8ffffffc
core   0: 0x800027d8 (0x00006d85) c.lui   s11, 0x1
core   0: 3 0x800027d8 (0x6d85) x27 0x00001000
core   0: 0x800027da (0xb83d8d93) addi    s11, s11, -1149
core   0: 3 0x800027da (0xb83d8d93) x27 0x00000b83
core   0: 0x800027de (0x00000da2) c.slli  s11, 8
core   0: 3 0x800027de (0x0da2) x27 0x000b8300
core   0: 0x800027e0 (0x00000d8d) c.addi  s11, 3
core   0: 3 0x800027e0 (0x0d8d) x27 0x000b8303
core   0: 0x800027e2 (0x01b52023) sw      s11, 0(a0)
core   0: 3 0x800027e2 (0x01b52023) mem 0x8ffffffc 0x000b8303
core   0: 0x800027e6 (0xb8302df3) csrr    s11, mhpmcounter3h
core   0: 3 0x800027e6 (0xb8302df3) x27 0x00000000
core   0: 0x800027ea (0x01b52023) sw      s11, 0(a0)
core   0: 3 0x800027ea (0x01b52023) mem 0x8ffffffc 0x00000000
core   0: 0x800027ee (0x90000537) lui     a0, 0x90000
core   0: 3 0x800027ee (0x90000537) x10 0x90000000
core   0: 0x800027f2 (0x00001571) c.addi  a0, -4
core   0: 3 0x800027f2 (0x1571) x10 0x8ffffffc
core   0: 0x800027f4 (0x00006d85) c.lui   s11, 0x1
core   0: 3 0x800027f4 (0x6d85) x27 0x00001000
core   0: 0x800027f6 (0xb04d8d93) addi    s11, s11, -1276
core   0: 3 0x800027f6 (0xb04d8d93) x27 0x00000b04
core   0: 0x800027fa (0x00000da2) c.slli  s11, 8
core   0: 3 0x800027fa (0x0da2) x27 0x000b0400
core   0: 0x800027fc (0x00000d8d) c.addi  s11, 3
core   0: 3 0x800027fc (0x0d8d) x27 0x000b0403
core   0: 0x800027fe (0x01b52023) sw      s11, 0(a0)
core   0: 3 0x800027fe (0x01b52023) mem 0x8ffffffc 0x000b0403
core   0: 0x80002802 (0xb0402df3) csrr    s11, mhpmcounter4
core   0: 3 0x80002802 (0xb0402df3) x27 0x000082ef
core   0: 0x80002806 (0x01b52023) sw      s11, 0(a0)
core   0: 3 0x80002806 (0x01b52023) mem 0x8ffffffc 0x000082ef
core   0: 0x8000280a (0x90000537) lui     a0, 0x90000
core   0: 3 0x8000280a (0x90000537) x10 0x90000000
core   0: 0x8000280e (0x00001571) c.addi  a0, -4
core   0: 3 0x8000280e (0x1571) x10 0x8ffffffc
core   0: 0x80002810 (0x00006d85) c.lui   s11, 0x1
core   0: 3 0x80002810 (0x6d85) x27 0x00001000
core   0: 0x80002812 (0xb84d8d93) addi    s11, s11, -1148
core   0: 3 0x80002812 (0xb84d8d93) x27 0x00000b84
core   0: 0x80002816 (0x00000da2) c.slli  s11, 8
core   0: 3 0x80002816 (0x0da2) x27 0x000b8400
core   0: 0x80002818 (0x00000d8d) c.addi  s11, 3
core   0: 3 0x80002818 (0x0d8d) x27 0x000b8403
core   0: 0x8000281a (0x01b52023) sw      s11, 0(a0)
core   0: 3 0x8000281a (0x01b52023) mem 0x8ffffffc 0x000b8403
core   0: 0x8000281e (0xb8402df3) csrr    s11, mhpmcounter4h
core   0: 3 0x8000281e (0xb8402df3) x27 0x00000000
core   0: 0x80002822 (0x01b52023) sw      s11, 0(a0)
core   0: 3 0x80002822 (0x01b52023) mem 0x8ffffffc 0x00000000
core   0: 0x80002826 (0x90000537) lui     a0, 0x90000
core   0: 3 0x80002826 (0x90000537) x10 0x90000000
core   0: 0x8000282a (0x00001571) c.addi  a0, -4
core   0: 3 0x8000282a (0x1571) x10 0x8ffffffc
core   0: 0x8000282c (0x00006d85) c.lui   s11, 0x1
core   0: 3 0x8000282c (0x6d85) x27 0x00001000
core   0: 0x8000282e (0xb05d8d93) addi    s11, s11, -1275
core   0: 3 0x8000282e (0xb05d8d93) x27 0x00000b05
core   0: 0x80002832 (0x00000da2) c.slli  s11, 8
core   0: 3 0x80002832 (0x0da2) x27 0x000b0500
core   0: 0x80002834 (0x00000d8d) c.addi  s11, 3
core   0: 3 0x80002834 (0x0d8d) x27 0x000b0503
core   0: 0x80002836 (0x01b52023) sw      s11, 0(a0)
core   0: 3 0x80002836 (0x01b52023) mem 0x8ffffffc 0x000b0503
core   0: 0x8000283a (0xb0502df3) csrr    s11, mhpmcounter5
core   0: 3 0x8000283a (0xb0502df3) x27 0x00000004
core   0: 0x8000283e (0x01b52023) sw      s11, 0(a0)
core   0: 3 0x8000283e (0x01b52023) mem 0x8ffffffc 0x00000004
core   0: 0x80002842 (0x90000537) lui     a0, 0x90000
core   0: 3 0x80002842 (0x90000537) x10 0x90000000
core   0: 0x80002846 (0x00001571) c.addi  a0, -4
core   0: 3 0x80002846 (0x1571) x10 0x8ffffffc
core   0: 0x80002848 (0x00006d85) c.lui   s11, 0x1
core   0: 3 0x80002848 (0x6d85) x27 0x00001000
core   0: 0x8000284a (0xb85d8d93) addi    s11, s11, -1147
core   0: 3 0x8000284a (0xb85d8d93) x27 0x00000b85
core   0: 0x8000284e (0x00000da2) c.slli  s11, 8
core   0: 3 0x8000284e (0x0da2) x27 0x000b8500
core   0: 0x80002850 (0x00000d8d) c.addi  s11, 3
core   0: 3 0x80002850 (0x0d8d) x27 0x000b8503
core   0: 0x80002852 (0x01b52023) sw      s11, 0(a0)
core   0: 3 0x80002852 (0x01b52023) mem 0x8ffffffc 0x000b8503
core   0: 0x80002856 (0xb8502df3) csrr    s11, mhpmcounter5h
core   0: 3 0x80002856 (0xb8502df3) x27 0x00000000
core   0: 0x8000285a (0x01b52023) sw      s11, 0(a0)
core   0: 3 0x8000285a (0x01b52023) mem 0x8ffffffc 0x00000000
core   0: 0x8000285e (0x90000537) lui     a0, 0x90000
core   0: 3 0x8000285e (0x90000537) x10 0x90000000
core   0: 0x80002862 (0x00001571) c.addi  a0, -4
core   0: 3 0x80002862 (0x1571) x10 0x8ffffffc
core   0: 0x80002864 (0x00006d85) c.lui   s11, 0x1
core   0: 3 0x80002864 (0x6d85) x27 0x00001000
core   0: 0x80002866 (0xb06d8d93) addi    s11, s11, -1274
core   0: 3 0x80002866 (0xb06d8d93) x27 0x00000b06
core   0: 0x8000286a (0x00000da2) c.slli  s11, 8
core   0: 3 0x8000286a (0x0da2) x27 0x000b0600
core   0: 0x8000286c (0x00000d8d) c.addi  s11, 3
core   0: 3 0x8000286c (0x0d8d) x27 0x000b0603
core   0: 0x8000286e (0x01b52023) sw      s11, 0(a0)
core   0: 3 0x8000286e (0x01b52023) mem 0x8ffffffc 0x000b0603
core   0: 0x80002872 (0xb0602df3) csrr    s11, mhpmcounter6
core   0: 3 0x80002872 (0xb0602df3) x27 0x0000003c
core   0: 0x80002876 (0x01b52023) sw      s11, 0(a0)
core   0: 3 0x80002876 (0x01b52023) mem 0x8ffffffc 0x0000003c
core   0: 0x8000287a (0x90000537) lui     a0, 0x90000
core   0: 3 0x8000287a (0x90000537) x10 0x90000000
core   0: 0x8000287e (0x00001571) c.addi  a0, -4
core   0: 3 0x8000287e (0x1571) x10 0x8ffffffc
core   0: 0x80002880 (0x00006d85) c.lui   s11, 0x1
core   0: 3 0x80002880 (0x6d85) x27 0x00001000
core   0: 0x80002882 (0xb86d8d93) addi    s11, s11, -1146
core   0: 3 0x80002882 (0xb86d8d93) x27 0x00000b86
core   0: 0x80002886 (0x00000da2) c.slli  s11, 8
core   0: 3 0x80002886 (0x0da2) x27 0x000b8600
core   0: 0x80002888 (0x00000d8d) c.addi  s11, 3
core   0: 3 0x80002888 (0x0d8d) x27 0x000b8603
core   0: 0x8000288a (0x01b52023) sw      s11, 0(a0)
core   0: 3 0x8000288a (0x01b52023) mem 0x8ffffffc 0x000b8603
core   0: 0x8000288e (0xb8602df3) csrr    s11, mhpmcounter6h
core   0: 3 0x8000288e (0xb8602df3) x27 0x00000000
core   0: 0x80002892 (0x01b52023) sw      s11, 0(a0)
core   0: 3 0x80002892 (0x01b52023) mem 0x8ffffffc 0x00000000
core   0: 0x80002896 (0x90000537) lui     a0, 0x90000
core   0: 3 0x80002896 (0x90000537) x10 0x90000000
core   0: 0x8000289a (0x00001571) c.addi  a0, -4
core   0: 3 0x8000289a (0x1571) x10 0x8ffffffc
core   0: 0x8000289c (0x00006d85) c.lui   s11, 0x1
core   0: 3 0x8000289c (0x6d85) x27 0x00001000
core   0: 0x8000289e (0xb07d8d93) addi    s11, s11, -1273
core   0: 3 0x8000289e (0xb07d8d93) x27 0x00000b07
core   0: 0x800028a2 (0x00000da2) c.slli  s11, 8
core   0: 3 0x800028a2 (0x0da2) x27 0x000b0700
core   0: 0x800028a4 (0x00000d8d) c.addi  s11, 3
core   0: 3 0x800028a4 (0x0d8d) x27 0x000b0703
core   0: 0x800028a6 (0x01b52023) sw      s11, 0(a0)
core   0: 3 0x800028a6 (0x01b52023) mem 0x8ffffffc 0x000b0703
core   0: 0x800028aa (0xb0702df3) csrr    s11, mhpmcounter7
core   0: 3 0x800028aa (0xb0702df3) x27 0x00000077
core   0: 0x800028ae (0x01b52023) sw      s11, 0(a0)
core   0: 3 0x800028ae (0x01b52023) mem 0x8ffffffc 0x00000077
core   0: 0x800028b2 (0x90000537) lui     a0, 0x90000
core   0: 3 0x800028b2 (0x90000537) x10 0x90000000
core   0: 0x800028b6 (0x00001571) c.addi  a0, -4
core   0: 3 0x800028b6 (0x1571) x10 0x8ffffffc
core   0: 0x800028b8 (0x00006d85) c.lui   s11, 0x1
core   0: 3 0x800028b8 (0x6d85) x27 0x00001000
core   0: 0x800028ba (0xb87d8d93) addi    s11, s11, -1145
core   0: 3 0x800028ba (0xb87d8d93) x27 0x00000b87
core   0: 0x800028be (0x00000da2) c.slli  s11, 8
core   0: 3 0x800028be (0x0da2) x27 0x000b8700
core   0: 0x800028c0 (0x00000d8d) c.addi  s11, 3
core   0: 3 0x800028c0 (0x0d8d) x27 0x000b8703
core   0: 0x800028c2 (0x01b52023) sw      s11, 0(a0)
core   0: 3 0x800028c2 (0x01b52023) mem 0x8ffffffc 0x000b8703
core   0: 0x800028c6 (0xb8702df3) csrr    s11, mhpmcounter7h
core   0: 3 0x800028c6 (0xb8702df3) x27 0x00000000
core   0: 0x800028ca (0x01b52023) sw      s11, 0(a0)
core   0: 3 0x800028ca (0x01b52023) mem 0x8ffffffc 0x00000000
core   0: 0x800028ce (0x90000537) lui     a0, 0x90000
core   0: 3 0x800028ce (0x90000537) x10 0x90000000
core   0: 0x800028d2 (0x00001571) c.addi  a0, -4
core   0: 3 0x800028d2 (0x1571) x10 0x8ffffffc
core   0: 0x800028d4 (0x00006d85) c.lui   s11, 0x1
core   0: 3 0x800028d4 (0x6d85) x27 0x00001000
core   0: 0x800028d6 (0xb08d8d93) addi    s11, s11, -1272
core   0: 3 0x800028d6 (0xb08d8d93) x27 0x00000b08
core   0: 0x800028da (0x00000da2) c.slli  s11, 8
core   0: 3 0x800028da (0x0da2) x27 0x000b0800
core   0: 0x800028dc (0x00000d8d) c.addi  s11, 3
core   0: 3 0x800028dc (0x0d8d) x27 0x000b0803
core   0: 0x800028de (0x01b52023) sw      s11, 0(a0)
core   0: 3 0x800028de (0x01b52023) mem 0x8ffffffc 0x000b0803
core   0: 0x800028e2 (0xb0802df3) csrr    s11, mhpmcounter8
core   0: 3 0x800028e2 (0xb0802df3) x27 0x00000355
core   0: 0x800028e6 (0x01b52023) sw      s11, 0(a0)
core   0: 3 0x800028e6 (0x01b52023) mem 0x8ffffffc 0x00000355
core   0: 0x800028ea (0x90000537) lui     a0, 0x90000
core   0: 3 0x800028ea (0x90000537) x10 0x90000000
core   0: 0x800028ee (0x00001571) c.addi  a0, -4
core   0: 3 0x800028ee (0x1571) x10 0x8ffffffc
core   0: 0x800028f0 (0x00006d85) c.lui   s11, 0x1
core   0: 3 0x800028f0 (0x6d85) x27 0x00001000
core   0: 0x800028f2 (0xb88d8d93) addi    s11, s11, -1144
core   0: 3 0x800028f2 (0xb88d8d93) x27 0x00000b88
core   0: 0x800028f6 (0x00000da2) c.slli  s11, 8
core   0: 3 0x800028f6 (0x0da2) x27 0x000b8800
core   0: 0x800028f8 (0x00000d8d) c.addi  s11, 3
core   0: 3 0x800028f8 (0x0d8d) x27 0x000b8803
core   0: 0x800028fa (0x01b52023) sw      s11, 0(a0)
core   0: 3 0x800028fa (0x01b52023) mem 0x8ffffffc 0x000b8803
core   0: 0x800028fe (0xb8802df3) csrr    s11, mhpmcounter8h
core   0: 3 0x800028fe (0xb8802df3) x27 0x00000000
core   0: 0x80002902 (0x01b52023) sw      s11, 0(a0)
core   0: 3 0x80002902 (0x01b52023) mem 0x8ffffffc 0x00000000
core   0: 0x80002906 (0x90000537) lui     a0, 0x90000
core   0: 3 0x80002906 (0x90000537) x10 0x90000000
core   0: 0x8000290a (0x00001571) c.addi  a0, -4
core   0: 3 0x8000290a (0x1571) x10 0x8ffffffc
core   0: 0x8000290c (0x00006d85) c.lui   s11, 0x1
core   0: 3 0x8000290c (0x6d85) x27 0x00001000
core   0: 0x8000290e (0xb09d8d93) addi    s11, s11, -1271
core   0: 3 0x8000290e (0xb09d8d93) x27 0x00000b09
core   0: 0x80002912 (0x00000da2) c.slli  s11, 8
core   0: 3 0x80002912 (0x0da2) x27 0x000b0900
core   0: 0x80002914 (0x00000d8d) c.addi  s11, 3
core   0: 3 0x80002914 (0x0d8d) x27 0x000b0903
core   0: 0x80002916 (0x01b52023) sw      s11, 0(a0)
core   0: 3 0x80002916 (0x01b52023) mem 0x8ffffffc 0x000b0903
core   0: 0x8000291a (0xb0902df3) csrr    s11, mhpmcounter9
core   0: 3 0x8000291a (0xb0902df3) x27 0x000001ab
