Time	Cycle	PC	Insn	Decoded instruction	Register and memory contents
        1055000	         6	80000080	40001db7	lui	x27,0x40001	 x27=0x40001000
        1065000	         7	80000084	106d8d93	addi	x27,x27,262	 x27:0x40001000 x27=0x40001106
        1075000	         8	80000088	301d9073	csrrw	x0,misa,x27	 x27:0x40001106  x0=0x00000000
        1105000	        11	8000008c	00026f97	auipc	x31,0x26	 x31=0x8002608c
        1115000	        12	80000090	c58f8f93	addi	x31,x31,-936	 x31:0x8002608c x31=0x80025ce4
        1125000	        13	80000094	00002d97	auipc	x27,0x2	 x27=0x80002094
        1135000	        14	80000098	56cd8d93	addi	x27,x27,1388	 x27:0x80002094 x27=0x80002600
        1145000	        15	8000009c	001ded93	ori	x27,x27,1	 x27:0x80002600 x27=0x80002601
        1155000	        16	800000a0	305d9073	csrrw	x0,mtvec,x27	 x27:0x80002601  x0=0x00000000
        1185000	        19	800000a4	74725073	csrrwi	x0,0x747,4	  x0=0x00000000
        1215000	        22	800000a8	00003317	auipc	x6,0x3	  x6=0x800030a8
        1225000	        23	800000ac	30430313	addi	x6,x6,772	  x6:0x800030a8  x6=0x800033ac
        1235000	        24	800000b0	4d81	c.li	x27,0	 x27=0x00000000
        1245000	        25	800000b2	936e	c.add	x6,x27	  x6:0x800033ac x27:0x00000000  x6=0x800033ac
        1255000	        26	800000b4	00235313	srli	x6,x6,0x2	  x6:0x800033ac  x6=0x20000ceb
        1265000	        27	800000b8	3b031073	csrrw	x0,pmpaddr0,x6	  x6:0x20000ceb  x0=0x00000000
        1295000	        30	800000bc	00003317	auipc	x6,0x3	  x6=0x800030bc
        1305000	        31	800000c0	2f030313	addi	x6,x6,752	  x6:0x800030bc  x6=0x800033ac
        1315000	        32	800000c4	11111db7	lui	x27,0x11111	 x27=0x11111000
        1325000	        33	800000c8	111d8d93	addi	x27,x27,273	 x27:0x11111000 x27=0x11111111
        1335000	        34	800000cc	936e	c.add	x6,x27	  x6:0x800033ac x27:0x11111111  x6=0x911144bd
        1345000	        35	800000ce	00235313	srli	x6,x6,0x2	  x6:0x911144bd  x6=0x2444512f
        1355000	        36	800000d2	3b131073	csrrw	x0,pmpaddr1,x6	  x6:0x2444512f  x0=0x00000000
        1385000	        39	800000d6	00003317	auipc	x6,0x3	  x6=0x800030d6
        1395000	        40	800000da	2d630313	addi	x6,x6,726	  x6:0x800030d6  x6=0x800033ac
        1405000	        41	800000de	22222db7	lui	x27,0x22222	 x27=0x22222000
        1415000	        42	800000e2	222d8d93	addi	x27,x27,546	 x27:0x22222000 x27=0x22222222
        1425000	        43	800000e6	936e	c.add	x6,x27	  x6:0x800033ac x27:0x22222222  x6=0xa22255ce
        1435000	        44	800000e8	00235313	srli	x6,x6,0x2	  x6:0xa22255ce  x6=0x28889573
        1445000	        45	800000ec	3b231073	csrrw	x0,pmpaddr2,x6	  x6:0x28889573  x0=0x00000000
        1475000	        48	800000f0	00003317	auipc	x6,0x3	  x6=0x800030f0
        1485000	        49	800000f4	2bc30313	addi	x6,x6,700	  x6:0x800030f0  x6=0x800033ac
        1495000	        50	800000f8	33333db7	lui	x27,0x33333	 x27=0x33333000
        1505000	        51	800000fc	333d8d93	addi	x27,x27,819	 x27:0x33333000 x27=0x33333333
        1515000	        52	80000100	936e	c.add	x6,x27	  x6:0x800033ac x27:0x33333333  x6=0xb33366df
        1525000	        53	80000102	00235313	srli	x6,x6,0x2	  x6:0xb33366df  x6=0x2cccd9b7
        1535000	        54	80000106	3b331073	csrrw	x0,pmpaddr3,x6	  x6:0x2cccd9b7  x0=0x00000000
        1565000	        57	8000010a	0f0f1337	lui	x6,0xf0f1	  x6=0x0f0f1000
        1575000	        58	8000010e	f0f30313	addi	x6,x6,-241	  x6:0x0f0f1000  x6=0x0f0f0f0f
        1585000	        59	80000112	3a031073	csrrw	x0,pmpcfg0,x6	  x6:0x0f0f0f0f  x0=0x00000000
        1615000	        62	80000116	00003317	auipc	x6,0x3	  x6=0x80003116
        1625000	        63	8000011a	29630313	addi	x6,x6,662	  x6:0x80003116  x6=0x800033ac
        1635000	        64	8000011e	44444db7	lui	x27,0x44444	 x27=0x44444000
        1645000	        65	80000122	444d8d93	addi	x27,x27,1092	 x27:0x44444000 x27=0x44444444
        1655000	        66	80000126	936e	c.add	x6,x27	  x6:0x800033ac x27:0x44444444  x6=0xc44477f0
        1665000	        67	80000128	00235313	srli	x6,x6,0x2	  x6:0xc44477f0  x6=0x31111dfc
        1675000	        68	8000012c	3b431073	csrrw	x0,pmpaddr4,x6	  x6:0x31111dfc  x0=0x00000000
        1705000	        71	80000130	00003317	auipc	x6,0x3	  x6=0x80003130
        1715000	        72	80000134	27c30313	addi	x6,x6,636	  x6:0x80003130  x6=0x800033ac
        1725000	        73	80000138	55555db7	lui	x27,0x55555	 x27=0x55555000
        1735000	        74	8000013c	555d8d93	addi	x27,x27,1365	 x27:0x55555000 x27=0x55555555
        1745000	        75	80000140	936e	c.add	x6,x27	  x6:0x800033ac x27:0x55555555  x6=0xd5558901
        1755000	        76	80000142	00235313	srli	x6,x6,0x2	  x6:0xd5558901  x6=0x35556240
        1765000	        77	80000146	3b531073	csrrw	x0,pmpaddr5,x6	  x6:0x35556240  x0=0x00000000
        1795000	        80	8000014a	00003317	auipc	x6,0x3	  x6=0x8000314a
        1805000	        81	8000014e	26230313	addi	x6,x6,610	  x6:0x8000314a  x6=0x800033ac
        1815000	        82	80000152	66666db7	lui	x27,0x66666	 x27=0x66666000
        1825000	        83	80000156	666d8d93	addi	x27,x27,1638	 x27:0x66666000 x27=0x66666666
        1835000	        84	8000015a	936e	c.add	x6,x27	  x6:0x800033ac x27:0x66666666  x6=0xe6669a12
        1845000	        85	8000015c	00235313	srli	x6,x6,0x2	  x6:0xe6669a12  x6=0x3999a684
        1855000	        86	80000160	3b631073	csrrw	x0,pmpaddr6,x6	  x6:0x3999a684  x0=0x00000000
        1885000	        89	80000164	00003317	auipc	x6,0x3	  x6=0x80003164
        1895000	        90	80000168	24830313	addi	x6,x6,584	  x6:0x80003164  x6=0x800033ac
        1905000	        91	8000016c	77777db7	lui	x27,0x77777	 x27=0x77777000
        1915000	        92	80000170	777d8d93	addi	x27,x27,1911	 x27:0x77777000 x27=0x77777777
        1925000	        93	80000174	936e	c.add	x6,x27	  x6:0x800033ac x27:0x77777777  x6=0xf777ab23
        1935000	        94	80000176	00235313	srli	x6,x6,0x2	  x6:0xf777ab23  x6=0x3dddeac8
        1945000	        95	8000017a	3b731073	csrrw	x0,pmpaddr7,x6	  x6:0x3dddeac8  x0=0x00000000
        1975000	        98	8000017e	0f0f1337	lui	x6,0xf0f1	  x6=0x0f0f1000
        1985000	        99	80000182	f0f30313	addi	x6,x6,-241	  x6:0x0f0f1000  x6=0x0f0f0f0f
        1995000	       100	80000186	3a131073	csrrw	x0,pmpcfg1,x6	  x6:0x0f0f0f0f  x0=0x00000000
        2025000	       103	8000018a	00003317	auipc	x6,0x3	  x6=0x8000318a
        2035000	       104	8000018e	22230313	addi	x6,x6,546	  x6:0x8000318a  x6=0x800033ac
        2045000	       105	80000192	88889db7	lui	x27,0x88889	 x27=0x88889000
        2055000	       106	80000196	888d8d93	addi	x27,x27,-1912	 x27:0x88889000 x27=0x88888888
        2065000	       107	8000019a	936e	c.add	x6,x27	  x6:0x800033ac x27:0x88888888  x6=0x0888bc34
        2075000	       108	8000019c	00235313	srli	x6,x6,0x2	  x6:0x0888bc34  x6=0x02222f0d
        2085000	       109	800001a0	3b831073	csrrw	x0,pmpaddr8,x6	  x6:0x02222f0d  x0=0x00000000
        2115000	       112	800001a4	00003317	auipc	x6,0x3	  x6=0x800031a4
        2125000	       113	800001a8	20830313	addi	x6,x6,520	  x6:0x800031a4  x6=0x800033ac
        2135000	       114	800001ac	9999adb7	lui	x27,0x9999a	 x27=0x9999a000
        2145000	       115	800001b0	999d8d93	addi	x27,x27,-1639	 x27:0x9999a000 x27=0x99999999
        2155000	       116	800001b4	936e	c.add	x6,x27	  x6:0x800033ac x27:0x99999999  x6=0x1999cd45
        2165000	       117	800001b6	00235313	srli	x6,x6,0x2	  x6:0x1999cd45  x6=0x06667351
        2175000	       118	800001ba	3b931073	csrrw	x0,pmpaddr9,x6	  x6:0x06667351  x0=0x00000000
        2205000	       121	800001be	00003317	auipc	x6,0x3	  x6=0x800031be
        2215000	       122	800001c2	1ee30313	addi	x6,x6,494	  x6:0x800031be  x6=0x800033ac
        2225000	       123	800001c6	aaaabdb7	lui	x27,0xaaaab	 x27=0xaaaab000
        2235000	       124	800001ca	aaad8d93	addi	x27,x27,-1366	 x27:0xaaaab000 x27=0xaaaaaaaa
        2245000	       125	800001ce	936e	c.add	x6,x27	  x6:0x800033ac x27:0xaaaaaaaa  x6=0x2aaade56
        2255000	       126	800001d0	00235313	srli	x6,x6,0x2	  x6:0x2aaade56  x6=0x0aaab795
        2265000	       127	800001d4	3ba31073	csrrw	x0,pmpaddr10,x6	  x6:0x0aaab795  x0=0x00000000
        2295000	       130	800001d8	00003317	auipc	x6,0x3	  x6=0x800031d8
        2305000	       131	800001dc	1d430313	addi	x6,x6,468	  x6:0x800031d8  x6=0x800033ac
        2315000	       132	800001e0	bbbbcdb7	lui	x27,0xbbbbc	 x27=0xbbbbc000
        2325000	       133	800001e4	bbbd8d93	addi	x27,x27,-1093	 x27:0xbbbbc000 x27=0xbbbbbbbb
        2335000	       134	800001e8	936e	c.add	x6,x27	  x6:0x800033ac x27:0xbbbbbbbb  x6=0x3bbbef67
        2345000	       135	800001ea	00235313	srli	x6,x6,0x2	  x6:0x3bbbef67  x6=0x0eeefbd9
        2355000	       136	800001ee	3bb31073	csrrw	x0,pmpaddr11,x6	  x6:0x0eeefbd9  x0=0x00000000
        2385000	       139	800001f2	0f0f1337	lui	x6,0xf0f1	  x6=0x0f0f1000
        2395000	       140	800001f6	f0f30313	addi	x6,x6,-241	  x6:0x0f0f1000  x6=0x0f0f0f0f
        2405000	       141	800001fa	3a231073	csrrw	x0,pmpcfg2,x6	  x6:0x0f0f0f0f  x0=0x00000000
        2435000	       144	800001fe	00003317	auipc	x6,0x3	  x6=0x800031fe
        2445000	       145	80000202	1ae30313	addi	x6,x6,430	  x6:0x800031fe  x6=0x800033ac
        2455000	       146	80000206	ccccddb7	lui	x27,0xccccd	 x27=0xccccd000
        2465000	       147	8000020a	cccd8d93	addi	x27,x27,-820	 x27:0xccccd000 x27=0xcccccccc
        2475000	       148	8000020e	936e	c.add	x6,x27	  x6:0x800033ac x27:0xcccccccc  x6=0x4ccd0078
        2485000	       149	80000210	00235313	srli	x6,x6,0x2	  x6:0x4ccd0078  x6=0x1333401e
        2495000	       150	80000214	3bc31073	csrrw	x0,pmpaddr12,x6	  x6:0x1333401e  x0=0x00000000
        2525000	       153	80000218	00003317	auipc	x6,0x3	  x6=0x80003218
        2535000	       154	8000021c	19430313	addi	x6,x6,404	  x6:0x80003218  x6=0x800033ac
        2545000	       155	80000220	ddddedb7	lui	x27,0xdddde	 x27=0xdddde000
        2555000	       156	80000224	dddd8d93	addi	x27,x27,-547	 x27:0xdddde000 x27=0xdddddddd
        2565000	       157	80000228	936e	c.add	x6,x27	  x6:0x800033ac x27:0xdddddddd  x6=0x5dde1189
        2575000	       158	8000022a	00235313	srli	x6,x6,0x2	  x6:0x5dde1189  x6=0x17778462
        2585000	       159	8000022e	3bd31073	csrrw	x0,pmpaddr13,x6	  x6:0x17778462  x0=0x00000000
        2615000	       162	80000232	00003317	auipc	x6,0x3	  x6=0x80003232
        2625000	       163	80000236	17a30313	addi	x6,x6,378	  x6:0x80003232  x6=0x800033ac
        2635000	       164	8000023a	eeeefdb7	lui	x27,0xeeeef	 x27=0xeeeef000
        2645000	       165	8000023e	eeed8d93	addi	x27,x27,-274	 x27:0xeeeef000 x27=0xeeeeeeee
        2655000	       166	80000242	936e	c.add	x6,x27	  x6:0x800033ac x27:0xeeeeeeee  x6=0x6eef229a
        2665000	       167	80000244	00235313	srli	x6,x6,0x2	  x6:0x6eef229a  x6=0x1bbbc8a6
        2675000	       168	80000248	3be31073	csrrw	x0,pmpaddr14,x6	  x6:0x1bbbc8a6  x0=0x00000000
        2705000	       171	8000024c	00003317	auipc	x6,0x3	  x6=0x8000324c
        2715000	       172	80000250	16030313	addi	x6,x6,352	  x6:0x8000324c  x6=0x800033ac
        2725000	       173	80000254	fff00d93	addi	x27,x0,-1	  x0:0x00000000 x27=0xffffffff
        2735000	       174	80000258	936e	c.add	x6,x27	  x6:0x800033ac x27:0xffffffff  x6=0x800033ab
        2745000	       175	8000025a	00235313	srli	x6,x6,0x2	  x6:0x800033ab  x6=0x20000cea
        2755000	       176	8000025e	3bf31073	csrrw	x0,pmpaddr15,x6	  x6:0x20000cea  x0=0x00000000
        2785000	       179	80000262	0f0f1337	lui	x6,0xf0f1	  x6=0x0f0f1000
        2795000	       180	80000266	f0f30313	addi	x6,x6,-241	  x6:0x0f0f1000  x6=0x0f0f0f0f
        2805000	       181	8000026a	3a331073	csrrw	x0,pmpcfg3,x6	  x6:0x0f0f0f0f  x0=0x00000000
        2835000	       184	8000026e	00000d97	auipc	x27,0x0	 x27=0x8000026e
        2845000	       185	80000272	060d8d93	addi	x27,x27,96	 x27:0x8000026e x27=0x800002ce
        2855000	       186	80000276	341d9073	csrrw	x0,mepc,x27	 x27:0x800002ce  x0=0x00000000
        2865000	       187	8000027a	7c00d073	csrrwi	x0,0x7c0,1	  x0=0x00000000
        2895000	       190	8000027e	4d81	c.li	x27,0	 x27=0x00000000
        2905000	       191	80000280	300d9073	csrrw	x0,mstatus,x27	 x27:0x00000000  x0=0x00000000
        2935000	       194	80000284	4d81	c.li	x27,0	 x27=0x00000000
        2945000	       195	80000286	304d9073	csrrw	x0,mie,x27	 x27:0x00000000  x0=0x00000000
        2975000	       198	8000028a	90000537	lui	x10,0x90000	 x10=0x90000000
        2985000	       199	8000028e	1571	c.addi	x10,-4	 x10:0x90000000 x10=0x8ffffffc
        2995000	       200	80000290	90000537	lui	x10,0x90000	 x10=0x90000000
        3005000	       201	80000294	1571	c.addi	x10,-4	 x10:0x90000000 x10=0x8ffffffc
        3015000	       202	80000296	90000537	lui	x10,0x90000	 x10=0x90000000
        3025000	       203	8000029a	1571	c.addi	x10,-4	 x10:0x90000000 x10=0x8ffffffc
        3035000	       204	8000029c	30000d93	addi	x27,x0,768	  x0:0x00000000 x27=0x00000300
        3045000	       205	800002a0	0da2	c.slli	x27,0x8	 x27:0x00000300 x27=0x00030000
        3055000	       206	800002a2	0d8d	c.addi	x27,3	 x27:0x00030000 x27=0x00030003
        3065000	       207	800002a4	01b52023	sw	x27,0(x10)	 x10:0x8ffffffc x27:0x00030003 PA:0x8ffffffc store:0x00030003 load:0x00000000
        3075000	       208	800002a8	30002df3	csrrs	x27,mstatus,x0	  x0:0x00000000 x27=0x00000000
        3085000	       209	800002ac	01b52023	sw	x27,0(x10)	 x10:0x8ffffffc x27:0x00000000 PA:0x8ffffffc store:0x00000000 load:0x00000000
        3095000	       210	800002b0	90000537	lui	x10,0x90000	 x10=0x90000000
        3105000	       211	800002b4	1571	c.addi	x10,-4	 x10:0x90000000 x10=0x8ffffffc
        3115000	       212	800002b6	30400d93	addi	x27,x0,772	  x0:0x00000000 x27=0x00000304
        3125000	       213	800002ba	0da2	c.slli	x27,0x8	 x27:0x00000304 x27=0x00030400
        3135000	       214	800002bc	0d8d	c.addi	x27,3	 x27:0x00030400 x27=0x00030403
        3145000	       215	800002be	01b52023	sw	x27,0(x10)	 x10:0x8ffffffc x27:0x00030403 PA:0x8ffffffc store:0x00030403 load:0x00000000
        3155000	       216	800002c2	30402df3	csrrs	x27,mie,x0	  x0:0x00000000 x27=0x00000000
        3165000	       217	800002c6	01b52023	sw	x27,0(x10)	 x10:0x8ffffffc x27:0x00000000 PA:0x8ffffffc store:0x00000000 load:0x00000000
        3175000	       218	800002ca	30200073	mret	
        3215000	       222	800002ce	ff8b8037	lui	x0,0xff8b8	  x0=0x00000000
        3225000	       223	800002d2	10e00013	addi	x0,x0,270	  x0:0x00000000  x0=0x00000000
        3235000	       224	800002d6	7327d0b7	lui	x1,0x7327d	  x1=0x7327d000
        3245000	       225	800002da	ba008093	addi	x1,x1,-1120	  x1:0x7327d000  x1=0x7327cba0
        3255000	       226	800002de	f5e3a137	lui	x2,0xf5e3a	  x2=0xf5e3a000
        3265000	       227	800002e2	89510113	addi	x2,x2,-1899	  x2:0xf5e3a000  x2=0xf5e39895
        3275000	       228	800002e6	4181	c.li	x3,0	  x3=0x00000000
        3285000	       229	800002e8	6511b237	lui	x4,0x6511b	  x4=0x6511b000
        3295000	       230	800002ec	bba20213	addi	x4,x4,-1094	  x4:0x6511b000  x4=0x6511abba
        3305000	       231	800002f0	e2e872b7	lui	x5,0xe2e87	  x5=0xe2e87000
        3315000	       232	800002f4	5c428293	addi	x5,x5,1476	  x5:0xe2e87000  x5=0xe2e875c4
        3325000	       233	800002f8	4301	c.li	x6,0	  x6=0x00000000
        3335000	       234	800002fa	43a5	c.li	x7,9	  x7=0x00000009
        3345000	       235	800002fc	80000437	lui	x8,0x80000	  x8=0x80000000
        3355000	       236	80000300	f944e4b7	lui	x9,0xf944e	  x9=0xf944e000
        3365000	       237	80000304	20f48493	addi	x9,x9,527	  x9:0xf944e000  x9=0xf944e20f
        3375000	       238	80000308	4501	c.li	x10,0	 x10=0x00000000
        3385000	       239	8000030a	4625	c.li	x12,9	 x12=0x00000009
        3395000	       240	8000030c	f0c556b7	lui	x13,0xf0c55	 x13=0xf0c55000
        3405000	       241	80000310	da468693	addi	x13,x13,-604	 x13:0xf0c55000 x13=0xf0c54da4
        3415000	       242	80000314	fd8fc737	lui	x14,0xfd8fc	 x14=0xfd8fc000
        3425000	       243	80000318	e7e70713	addi	x14,x14,-386	 x14:0xfd8fc000 x14=0xfd8fbe7e
        3435000	       244	8000031c	4781	c.li	x15,0	 x15=0x00000000
        3445000	       245	8000031e	65193837	lui	x16,0x65193	 x16=0x65193000
        3455000	       246	80000322	5eb80813	addi	x16,x16,1515	 x16:0x65193000 x16=0x651935eb
        3465000	       247	80000326	4891	c.li	x17,4	 x17=0x00000004
        3475000	       248	80000328	80000937	lui	x18,0x80000	 x18=0x80000000
        3485000	       249	8000032c	49a9	c.li	x19,10	 x19=0x0000000a
        3495000	       250	8000032e	ff2dfa37	lui	x20,0xff2df	 x20=0xff2df000
        3505000	       251	80000332	586a0a13	addi	x20,x20,1414	 x20:0xff2df000 x20=0xff2df586
        3515000	       252	80000336	80000ab7	lui	x21,0x80000	 x21=0x80000000
        3525000	       253	8000033a	fa72bb37	lui	x22,0xfa72b	 x22=0xfa72b000
        3535000	       254	8000033e	098b0b13	addi	x22,x22,152	 x22:0xfa72b000 x22=0xfa72b098
        3545000	       255	80000342	4b89	c.li	x23,2	 x23=0x00000002
        3555000	       256	80000344	4c39	c.li	x24,14	 x24=0x0000000e
        3565000	       257	80000346	4c81	c.li	x25,0	 x25=0x00000000
        3575000	       258	80000348	4d01	c.li	x26,0	 x26=0x00000000
        3585000	       259	8000034a	4db5	c.li	x27,13	 x27=0x0000000d
        3595000	       260	8000034c	82ec1e37	lui	x28,0x82ec1	 x28=0x82ec1000
        3605000	       261	80000350	cb0e0e13	addi	x28,x28,-848	 x28:0x82ec1000 x28=0x82ec0cb0
        3615000	       262	80000354	cac09eb7	lui	x29,0xcac09	 x29=0xcac09000
        3625000	       263	80000358	9bde8e93	addi	x29,x29,-1603	 x29:0xcac09000 x29=0xcac089bd
        3635000	       264	8000035c	80000f37	lui	x30,0x80000	 x30=0x80000000
        3645000	       265	80000360	00022597	auipc	x11,0x22	 x11=0x80022360
        3655000	       266	80000364	b0458593	addi	x11,x11,-1276	 x11:0x80022360 x11=0x80021e64
        3665000	       267	80000368	90000537	lui	x10,0x90000	 x10=0x90000000
        3675000	       268	8000036c	1571	c.addi	x10,-4	 x10:0x90000000 x10=0x8ffffffc
        3685000	       269	8000036e	4d81	c.li	x27,0	 x27=0x00000000
        3695000	       270	80000370	0da2	c.slli	x27,0x8	 x27:0x00000000 x27=0x00000000
        3705000	       271	80000372	000d8d93	addi	x27,x27,0	 x27:0x00000000 x27=0x00000000
        3715000	       272	80000376	01b52023	sw	x27,0(x10)	 x10:0x8ffffffc x27:0x00000000 PA:0x8ffffffc store:0x00000000 load:0x00000000
        3725000	       273	8000037a	0320306f	jal	x0,800033ac	  x0=0x00000000
        3775000	       278	800033ac	03791733	mulh	x14,x18,x23	 x18:0x80000000 x23:0x00000002 x14=0xffffffff
        4145000	       315	800033b0	030e47b3	div	x15,x28,x16	 x28:0x82ec0cb0 x16:0x651935eb x15=0xffffffff
        4155000	       316	800033b4	4192dbb3	sra	x23,x5,x25	  x5:0xe2e875c4 x25:0x00000000 x23=0xe2e875c4
        4525000	       353	800033b8	031af833	remu	x16,x21,x17	 x21:0x80000000 x17:0x00000004 x16=0x00000000
        4535000	       354	800033bc	6c6ef793	andi	x15,x29,1734	 x29:0xcac089bd x15=0x00000084
        4545000	       355	800033c0	fda9fa93	andi	x21,x19,-38	 x19:0x0000000a x21=0x0000000a
        4555000	       356	800033c4	6e1d	c.lui	x28,0x7	 x28=0x00007000
        4565000	       357	800033c6	01778ab3	add	x21,x15,x23	 x15:0x00000084 x23:0xe2e875c4 x21=0xe2e87648
        4575000	       358	800033ca	717d	c.addi16sp	x2,-16	  x2:0xf5e39895  x2=0xf5e39885
        4585000	       359	800033cc	840d	c.srai	x8,0x3	  x8:0x80000000  x8=0xf0000000
        4595000	       360	800033ce	8c41	c.or	x8,x8	  x8:0xf0000000  x8:0xf0000000  x8=0xf0000000
        4965000	       397	800033d0	0224c133	div	x2,x9,x2	  x9:0xf944e20f  x2:0xf5e39885  x2=0x00000000
        4975000	       398	800033d4	72000113	addi	x2,x0,1824	  x0:0x00000000  x2=0x00000720
        4985000	       399	800033d8	1e1c	c.addi4spn	x15,x2,816	 x15=0x00000a50
        4995000	       400	800033da	8c2d	c.xor	x8,x11	  x8:0xf0000000 x11:0x80021e64  x8=0x70021e64
        5005000	       401	800033dc	f2597d37	lui	x26,0xf2597	 x26=0xf2597000
        5015000	       402	800033e0	01ef5433	srl	x8,x30,x30	 x30:0x80000000 x30:0x80000000  x8=0x80000000
        5055000	       406	800033e4	03591133	mulh	x2,x18,x21	 x18:0x80000000 x21:0xe2e87648  x2=0x0e8bc4dc
        5065000	       407	800033e8	02e47e63	bgeu	x8,x14,80003424	  x8:0x80000000 x14:0xffffffff
        5075000	       408	800033ec	0104a933	slt	x18,x9,x16	  x9:0xf944e20f x16:0x00000000 x18=0x00000001
        5085000	       409	800033f0	40600733	sub	x14,x0,x6	  x0:0x00000000  x6:0x00000000 x14=0x00000000
        5095000	       410	800033f4	854e	c.mv	x10,x19	  x0:0x00000000 x19:0x0000000a x10=0x0000000a
        5105000	       411	800033f6	00ef5c33	srl	x24,x30,x14	 x30:0x80000000 x14:0x00000000 x24=0x80000000
        5115000	       412	800033fa	01f563b3	or	x7,x10,x31	 x10:0x0000000a x31:0x80025ce4  x7=0x80025cee
        5155000	       416	800033fe	0346bb33	mulhu	x22,x13,x20	 x13:0xf0c54da4 x20:0xff2df586 x22=0xefffc1ef
        5165000	       417	80003402	80e5	c.srli	x9,0x19	  x9:0xf944e20f  x9=0x0000007c
        5175000	       418	80003404	c299	c.beqz	x13,8000340a	 x13:0xf0c54da4
        5185000	       419	80003406	0281c763	blt	x3,x8,80003434	  x3:0x00000000  x8:0x80000000
        5205000	       421	8000340a	02367f33	remu	x30,x12,x3	 x12:0x00000009  x3:0x00000000 x30=0x00000009
        5215000	       422	8000340e	9506	c.add	x10,x1	 x10:0x0000000a  x1:0x7327cba0 x10=0x7327cbaa
        5225000	       423	80003410	84d1	c.srai	x9,0x14	  x9:0x0000007c  x9=0x00000000
        5235000	       424	80003412	127d	c.addi	x4,-1	  x4:0x6511abba  x4=0x6511abb9
        5245000	       425	80003414	0000100f	fence.i	
        5265000	       427	80003418	8095	c.srli	x9,0x5	  x9:0x00000000  x9=0x00000000
        5275000	       428	8000341a	e805	c.bnez	x8,8000344a	  x8:0x80000000
        5305000	       431	8000344a	0000100f	fence.i	
        5335000	       434	8000344e	1dcc8713	addi	x14,x25,476	 x25:0x00000000 x14=0x000001dc
        5375000	       438	80003452	02d813b3	mulh	x7,x16,x13	 x16:0x00000000 x13:0xf0c54da4  x7=0x00000000
        5385000	       439	80003456	01c3d663	bge	x7,x28,80003462	  x7:0x00000000 x28:0x00007000
        5395000	       440	8000345a	407f0ab3	sub	x21,x30,x7	 x30:0x00000009  x7:0x00000000 x21=0x00000009
        5435000	       444	8000345e	03ffa4b3	mulhsu	x9,x31,x31	 x31:0x80025ce4 x31:0x80025ce4  x9=0xc0000005
        5445000	       445	80003462	8041	c.srli	x8,0x10	  x8:0x80000000  x8=0x00008000
        5485000	       449	80003464	02279a33	mulh	x20,x15,x2	 x15:0x00000a50  x2:0x0e8bc4dc x20=0x00000096
        5855000	       486	80003468	03c65633	divu	x12,x12,x28	 x12:0x00000009 x28:0x00007000 x12=0x00000000
        5865000	       487	8000346c	c2b88637	lui	x12,0xc2b88	 x12=0xc2b88000
        5905000	       491	80003470	030ca233	mulhsu	x4,x25,x16	 x25:0x00000000 x16:0x00000000  x4=0x00000000
        5915000	       492	80003474	0064fdb3	and	x27,x9,x6	  x9:0xc0000005  x6:0x00000000 x27=0x00000000
        5925000	       493	80003478	0001	c.addi	x0,0	  x0:0x00000000  x0=0x00000000
        5935000	       494	8000347a	5ba1aa13	slti	x20,x3,1466	  x3:0x00000000 x20=0x00000001
        5945000	       495	8000347e	9bfd	c.andi	x15,-1	 x15:0x00000a50 x15=0x00000a50
        5955000	       496	80003480	006c73b3	and	x7,x24,x6	 x24:0x80000000  x6:0x00000000  x7=0x00000000
        5965000	       497	80003484	01f85e63	bge	x16,x31,800034a0	 x16:0x00000000 x31:0x80025ce4
        5985000	       499	800034a0	40ee53b3	sra	x7,x28,x14	 x28:0x00007000 x14:0x000001dc  x7=0x00000000
        6355000	       536	800034a4	03fbe1b3	rem	x3,x23,x31	 x23:0xe2e875c4 x31:0x80025ce4  x3=0xe2e875c4
        6365000	       537	800034a8	0001	c.addi	x0,0	  x0:0x00000000  x0=0x00000000
        6375000	       538	800034aa	0d6fed13	ori	x26,x31,214	 x31:0x80025ce4 x26=0x80025cf6
        6385000	       539	800034ae	41b35393	srai	x7,x6,0x1b	  x6:0x00000000  x7=0x00000000
        6395000	       540	800034b2	6581ec97	auipc	x25,0x6581e	 x25=0xe58214b2
        6405000	       541	800034b6	00005297	auipc	x5,0x5	  x5=0x800084b6
        6415000	       542	800034ba	f9228293	addi	x5,x5,-110	  x5:0x800084b6  x5=0x80008448
        6425000	       543	800034be	987d	c.andi	x8,-1	  x8:0x00008000  x8=0x00008000
        6435000	       544	800034c0	8c25	c.xor	x8,x9	  x8:0x00008000  x9:0xc0000005  x8=0xc0008005
        6445000	       545	800034c2	f8928293	addi	x5,x5,-119	  x5:0x80008448  x5=0x800083d1
        6485000	       549	800034c6	02e6a733	mulhsu	x14,x13,x14	 x13:0xf0c54da4 x14:0x000001dc x14=0xffffffe3
        6495000	       550	800034ca	000c08b3	add	x17,x24,x0	 x24:0x80000000  x0:0x00000000 x17=0x80000000
        6535000	       554	800034ce	033e30b3	mulhu	x1,x28,x19	 x28:0x00007000 x19:0x0000000a  x1=0x00000000
        6555000	       556	800034d2	0219d1b3	divu	x3,x19,x1	 x19:0x0000000a  x1:0x00000000  x3=0xffffffff
        6565000	       557	800034d6	00290d33	add	x26,x18,x2	 x18:0x00000001  x2:0x0e8bc4dc x26=0x0e8bc4dd
        6575000	       558	800034da	078286e7	jalr	x13,120(x5)	  x5:0x800083d1 x13=0x800034de
        6595000	       560	80008448	e119	c.bnez	x10,8000844e	 x10:0x7327cbaa
        6615000	       562	8000844e	15d1	c.addi	x11,-12	 x11:0x80021e64 x11=0x80021e58
        6625000	       563	80008450	00904933	xor	x18,x0,x9	  x0:0x00000000  x9:0xc0000005 x18=0xc0000005
        6635000	       564	80008454	00f12533	slt	x10,x2,x15	  x2:0x0e8bc4dc x15:0x00000a50 x10=0x00000000
        6645000	       565	80008458	c1d4	c.sw	x13,4(x11)	 x11:0x80021e58 x13:0x800034de PA:0x80021e5c store:0x800034de load:0x00000000
        6655000	       566	8000845a	41160233	sub	x4,x12,x17	 x12:0xc2b88000 x17:0x80000000  x4=0x42b88000
        6665000	       567	8000845e	00c47463	bgeu	x8,x12,80008466	  x8:0xc0008005 x12:0xc2b88000
        6675000	       568	80008462	41568c33	sub	x24,x13,x21	 x13:0x800034de x21:0x00000009 x24=0x800034d5
        6685000	       569	80008466	cb99	c.beqz	x15,8000847c	 x15:0x00000a50
        6695000	       570	80008468	402ed533	sra	x10,x29,x2	 x29:0xcac089bd  x2:0x0e8bc4dc x10=0xfffffffc
        6735000	       574	8000846c	02a719b3	mulh	x19,x14,x10	 x14:0xffffffe3 x10:0xfffffffc x19=0x00000000
        6745000	       575	80008470	8389	c.srli	x15,0x2	 x15:0x00000a50 x15=0x00000294
        6755000	       576	80008472	000f1993	slli	x19,x30,0x0	 x30:0x00000009 x19=0x00000009
        6765000	       577	80008476	8d55	c.or	x10,x13	 x10:0xfffffffc x13:0x800034de x10=0xfffffffe
        6775000	       578	80008478	0ff0000f	fence	iorw,iorw	
        6815000	       582	8000847c	03442eb3	mulhsu	x29,x8,x20	  x8:0xc0008005 x20:0x00000001 x29=0xffffffff
        6825000	       583	80008480	004d5d93	srli	x27,x26,0x4	 x26:0x0e8bc4dd x27=0x00e8bc4d
        6835000	       584	80008484	41030db3	sub	x27,x6,x16	  x6:0x00000000 x16:0x00000000 x27=0x00000000
        6845000	       585	80008488	50fd	c.li	x1,-1	  x1=0xffffffff
        6855000	       586	8000848a	01823533	sltu	x10,x4,x24	  x4:0x42b88000 x24:0x800034d5 x10=0x00000001
        6865000	       587	8000848e	d2bbc113	xori	x2,x23,-725	 x23:0xe2e875c4  x2=0x1d1788ef
        6875000	       588	80008492	8f05	c.sub	x14,x9	 x14:0xffffffe3  x9:0xc0000005 x14=0x3fffffde
        6885000	       589	80008494	0000100f	fence.i	
        6905000	       591	80008498	b20ee517	auipc	x10,0xb20ee	 x10=0x320f6498
        6915000	       592	8000849c	01250b63	beq	x10,x18,800084b2	 x10:0x320f6498 x18:0xc0000005
        6925000	       593	800084a0	037c4763	blt	x24,x23,800084ce	 x24:0x800034d5 x23:0xe2e875c4
        6945000	       595	800084ce	717d	c.addi16sp	x2,-16	  x2:0x1d1788ef  x2=0x1d1788df
        6955000	       596	800084d0	c31d	c.beqz	x14,800084f6	 x14:0x3fffffde
        6965000	       597	800084d2	e16ff913	andi	x18,x31,-490	 x31:0x80025ce4 x18=0x80025c04
        7335000	       634	800084d6	0218e733	rem	x14,x17,x1	 x17:0x80000000  x1:0xffffffff x14=0x00000000
        7345000	       635	800084da	00a44e33	xor	x28,x8,x10	  x8:0xc0008005 x10:0x320f6498 x28=0xf20fe49d
        7355000	       636	800084de	011d2e33	slt	x28,x26,x17	 x26:0x0e8bc4dd x17:0x80000000 x28=0x00000000
        7365000	       637	800084e2	02f7ed63	bltu	x15,x15,8000851c	 x15:0x00000294 x15:0x00000294
        7375000	       638	800084e6	83b1	c.srli	x15,0xc	 x15:0x00000294 x15=0x00000000
        7385000	       639	800084e8	197d	c.addi	x18,-1	 x18:0x80025c04 x18=0x80025c03
        7395000	       640	800084ea	8d49	c.or	x10,x10	 x10:0x320f6498 x10:0x320f6498 x10=0x320f6498
        7405000	       641	800084ec	717d	c.addi16sp	x2,-16	  x2:0x1d1788df  x2=0x1d1788cf
        7415000	       642	800084ee	8239	c.srli	x12,0xe	 x12:0xc2b88000 x12=0x00030ae2
        7425000	       643	800084f0	00449a63	bne	x9,x4,80008504	  x9:0xc0000005  x4:0x42b88000
        7445000	       645	80008504	8cb9	c.xor	x9,x14	  x9:0xc0000005 x14:0x00000000  x9=0xc0000005
        7455000	       646	80008506	0001	c.addi	x0,0	  x0:0x00000000  x0=0x00000000
        7465000	       647	80008508	01fe4a63	blt	x28,x31,8000851c	 x28:0x00000000 x31:0x80025ce4
        7475000	       648	8000850c	000d9d93	slli	x27,x27,0x0	 x27:0x00000000 x27=0x00000000
        7485000	       649	80008510	01226133	or	x2,x4,x18	  x4:0x42b88000 x18:0x80025c03  x2=0xc2badc03
        7495000	       650	80008514	0001	c.addi	x0,0	  x0:0x00000000  x0=0x00000000
        7505000	       651	80008516	0ff0000f	fence	iorw,iorw	
        7515000	       652	8000851a	8fe1	c.and	x15,x8	 x15:0x00000000  x8:0xc0008005 x15=0x00000000
        7525000	       653	8000851c	07c1	c.addi	x15,16	 x15:0x00000000 x15=0x00000010
        7535000	       654	8000851e	fb7b4437	lui	x8,0xfb7b4	  x8=0xfb7b4000
        7545000	       655	80008522	8f95	c.sub	x15,x13	 x15:0x00000010 x13:0x800034de x15=0x7fffcb32
        7555000	       656	80008524	8015	c.srli	x8,0x5	  x8:0xfb7b4000  x8=0x07dbda00
        7565000	       657	80008526	01535713	srli	x14,x6,0x15	  x6:0x00000000 x14=0x00000000
        7575000	       658	8000852a	41f2dbb3	sra	x23,x5,x31	  x5:0x800083d1 x31:0x80025ce4 x23=0xf800083d
        7585000	       659	8000852e	02030463	beq	x6,x0,80008556	  x6:0x00000000  x0:0x00000000
        7615000	       662	80008556	69e80493	addi	x9,x16,1694	 x16:0x00000000  x9=0x0000069e
        7625000	       663	8000855a	0001	c.addi	x0,0	  x0:0x00000000  x0=0x00000000
        7635000	       664	8000855c	01144633	xor	x12,x8,x17	  x8:0x07dbda00 x17:0x80000000 x12=0x87dbda00
        7645000	       665	80008560	40be57b3	sra	x15,x28,x11	 x28:0x00000000 x11:0x80021e58 x15=0x00000000
        7655000	       666	80008564	407c8cb3	sub	x25,x25,x7	 x25:0xe58214b2  x7:0x00000000 x25=0xe58214b2
        7665000	       667	80008568	1b240213	addi	x4,x8,434	  x8:0x07dbda00  x4=0x07dbdbb2
        7675000	       668	8000856c	1e84	c.addi4spn	x9,x2,880	  x9=0xc2badf73
        7685000	       669	8000856e	41a1dc93	srai	x25,x3,0x1a	  x3:0xffffffff x25=0xffffffff
        7695000	       670	80008572	01fede33	srl	x28,x29,x31	 x29:0xffffffff x31:0x80025ce4 x28=0x0fffffff
        7705000	       671	80008576	008bedb3	or	x27,x23,x8	 x23:0xf800083d  x8:0x07dbda00 x27=0xffdbda3d
        7715000	       672	8000857a	01455693	srli	x13,x10,0x14	 x10:0x320f6498 x13=0x00000320
        7755000	       676	8000857e	02de1db3	mulh	x27,x28,x13	 x28:0x0fffffff x13:0x00000320 x27=0x00000031
        7765000	       677	80008582	5b513013	sltiu	x0,x2,1461	  x2:0xc2badc03  x0=0x00000000
        7775000	       678	80008586	8ea9	c.xor	x13,x10	 x13:0x00000320 x10:0x320f6498 x13=0x320f67b8
        7785000	       679	80008588	05b65063	bge	x12,x27,800085c8	 x12:0x87dbda00 x27:0x00000031
        7795000	       680	8000858c	02b5f763	bgeu	x11,x11,800085ba	 x11:0x80021e58 x11:0x80021e58
        7825000	       683	800085ba	0149cb63	blt	x19,x20,800085d0	 x19:0x00000009 x20:0x00000001
        7835000	       684	800085be	00c79693	slli	x13,x15,0xc	 x15:0x00000000 x13=0x00000000
        7845000	       685	800085c2	8f95	c.sub	x15,x13	 x15:0x00000000 x13:0x00000000 x15=0x00000000
        7855000	       686	800085c4	03005b63	bge	x0,x16,800085fa	  x0:0x00000000 x16:0x00000000
        7885000	       689	800085fa	0204f863	bgeu	x9,x0,8000862a	  x9:0xc2badf73  x0:0x00000000
        7915000	       692	8000862a	003c1963	bne	x24,x3,8000863c	 x24:0x800034d5  x3:0xffffffff
        7935000	       694	8000863c	ea11	c.bnez	x12,80008650	 x12:0x87dbda00
        7955000	       696	80008650	0ff0000f	fence	iorw,iorw	
        7965000	       697	80008654	8ee5	c.and	x13,x9	 x13:0x00000000  x9:0xc2badf73 x13=0x00000000
        7975000	       698	80008656	8761	c.srai	x14,0x18	 x14:0x00000000 x14=0x00000000
        7985000	       699	80008658	0174c3b3	xor	x7,x9,x23	  x9:0xc2badf73 x23:0xf800083d  x7=0x3abad74e
        7995000	       700	8000865c	8efb2913	slti	x18,x22,-1809	 x22:0xefffc1ef x18=0x00000001
        8365000	       737	80008660	03e9f7b3	remu	x15,x19,x30	 x19:0x00000009 x30:0x00000009 x15=0x00000000
        8375000	       738	80008664	8c75	c.and	x8,x13	  x8:0x07dbda00 x13:0x00000000  x8=0x00000000
        8385000	       739	80008666	8cc9	c.or	x9,x10	  x9:0xc2badf73 x10:0x320f6498  x9=0xf2bffffb
        8395000	       740	80008668	8c41	c.or	x8,x8	  x8:0x00000000  x8:0x00000000  x8=0x00000000
        8405000	       741	8000866a	03f80563	beq	x16,x31,80008694	 x16:0x00000000 x31:0x80025ce4
        8415000	       742	8000866e	d140ab93	slti	x23,x1,-748	  x1:0xffffffff x23=0x00000000
        8785000	       779	80008672	0362e433	rem	x8,x5,x22	  x5:0x800083d1 x22:0xefffc1ef  x8=0xf0023648
        8825000	       783	80008676	037592b3	mulh	x5,x11,x23	 x11:0x80021e58 x23:0x00000000  x5=0x00000000
        8865000	       787	8000867a	02f0bdb3	mulhu	x27,x1,x15	  x1:0xffffffff x15:0x00000000 x27=0x00000000
        8875000	       788	8000867e	930ba713	slti	x14,x23,-1744	 x23:0x00000000 x14=0x00000000
        8885000	       789	80008682	005c5413	srli	x8,x24,0x5	 x24:0x800034d5  x8=0x040001a6
        8895000	       790	80008686	8da0fdb7	lui	x27,0x8da0f	 x27=0x8da0f000
        8905000	       791	8000868a	6439	c.lui	x8,0xe	  x8=0x0000e000
        8915000	       792	8000868c	40e75c13	srai	x24,x14,0xe	 x14:0x00000000 x24=0x00000000
        8925000	       793	80008690	01bcca63	blt	x25,x27,800086a4	 x25:0xffffffff x27:0x8da0f000
        8955000	       796	80008694	024c0bb3	mul	x23,x24,x4	 x24:0x00000000  x4:0x07dbdbb2 x23=0x00000000
        8965000	       797	80008698	8ca5	c.xor	x9,x9	  x9:0xf2bffffb  x9:0xf2bffffb  x9=0x00000000
        8985000	       799	8000869a	0384de33	divu	x28,x9,x24	  x9:0x00000000 x24:0x00000000 x28=0xffffffff
        8995000	       800	8000869e	0ff0000f	fence	iorw,iorw	
        9005000	       801	800086a2	6d11	c.lui	x26,0x4	 x26=0x00004000
        9015000	       802	800086a4	9e8a	c.add	x29,x2	 x29:0xffffffff  x2:0xc2badc03 x29=0xc2badc02
        9055000	       806	800086a6	023221b3	mulhsu	x3,x4,x3	  x4:0x07dbdbb2  x3:0xffffffff  x3=0x07dbdbb1
        9085000	       809	800086aa	02b90eb3	mul	x29,x18,x11	 x18:0x00000001 x11:0x80021e58 x29=0x80021e58
        9455000	       846	800086ae	02366db3	rem	x27,x12,x3	 x12:0x87dbda00  x3:0x07dbdbb1 x27=0xfdbdb95f
        9465000	       847	800086b2	01079cb3	sll	x25,x15,x16	 x15:0x00000000 x16:0x00000000 x25=0x00000000
        9475000	       848	800086b6	d035e413	ori	x8,x11,-765	 x11:0x80021e58  x8=0xffffff5b
        9485000	       849	800086ba	8e95	c.sub	x13,x13	 x13:0x00000000 x13:0x00000000 x13=0x00000000
        9495000	       850	800086bc	8b86	c.mv	x23,x1	  x0:0x00000000  x1:0xffffffff x23=0xffffffff
        9505000	       851	800086be	8f99	c.sub	x15,x14	 x15:0x00000000 x14:0x00000000 x15=0x00000000
        9525000	       853	800086c0	02dadd33	divu	x26,x21,x13	 x21:0x00000009 x13:0x00000000 x26=0xffffffff
        9565000	       857	800086c4	024bacb3	mulhsu	x25,x23,x4	 x23:0xffffffff  x4:0x07dbdbb2 x25=0xffffffff
        9575000	       858	800086c8	01534a63	blt	x6,x21,800086dc	  x6:0x00000000 x21:0x00000009
        9595000	       860	800086dc	416a5c13	srai	x24,x20,0x16	 x20:0x00000001 x24=0x00000000
        9605000	       861	800086e0	00a426b3	slt	x13,x8,x10	  x8:0xffffff5b x10:0x320f6498 x13=0x00000001
        9645000	       865	800086e4	02c72833	mulhsu	x16,x14,x12	 x14:0x00000000 x12:0x87dbda00 x16=0x00000000
        9655000	       866	800086e8	4225	c.li	x4,9	  x4=0x00000009
        9665000	       867	800086ea	4ef02217	auipc	x4,0x4ef02	  x4=0xcef0a6ea
        9675000	       868	800086ee	717d	c.addi16sp	x2,-16	  x2:0xc2badc03  x2=0xc2badbf3
        9685000	       869	800086f0	0001	c.addi	x0,0	  x0:0x00000000  x0=0x00000000
        9695000	       870	800086f2	852e	c.mv	x10,x11	  x0:0x00000000 x11:0x80021e58 x10=0x80021e58
        9705000	       871	800086f4	0142d463	bge	x5,x20,800086fc	  x5:0x00000000 x20:0x00000001
        9715000	       872	800086f8	0064f463	bgeu	x9,x6,80008700	  x9:0x00000000  x6:0x00000000
        9735000	       874	80008700	676f52b7	lui	x5,0x676f5	  x5=0x676f5000
        9745000	       875	80008704	3aa0b993	sltiu	x19,x1,938	  x1:0xffffffff x19=0x00000000
        9755000	       876	80008708	01624eb3	xor	x29,x4,x22	  x4:0xcef0a6ea x22:0xefffc1ef x29=0x210f6705
        9765000	       877	8000870c	03b4f463	bgeu	x9,x27,80008734	  x9:0x00000000 x27:0xfdbdb95f
        9775000	       878	80008710	9ead8513	addi	x10,x27,-1558	 x27:0xfdbdb95f x10=0xfdbdb349
        9805000	       881	80008714	03620433	mul	x8,x4,x22	  x4:0xcef0a6ea x22:0xefffc1ef  x8=0x59983e76
        9815000	       882	80008718	92a6	c.add	x5,x9	  x5:0x676f5000  x9:0x00000000  x5=0x676f5000
        9825000	       883	8000871a	01bdea63	bltu	x27,x27,8000872e	 x27:0xfdbdb95f x27:0xfdbdb95f
        9835000	       884	8000871e	0c12	c.slli	x24,0x4	 x24:0x00000000 x24=0x00000000
        9845000	       885	80008720	47853a93	sltiu	x21,x10,1144	 x10:0xfdbdb349 x21=0x00000000
        9855000	       886	80008724	8c81	c.sub	x9,x8	  x9:0x00000000  x8:0x59983e76  x9=0xa667c18a
        9865000	       887	80008726	0000100f	fence.i	
        9895000	       890	8000872a	0077c133	xor	x2,x15,x7	 x15:0x00000000  x7:0x3abad74e  x2=0x3abad74e
        9905000	       891	8000872e	0000100f	fence.i	
        9925000	       893	80008732	0001	c.addi	x0,0	  x0:0x00000000  x0=0x00000000
        9935000	       894	80008734	0000100f	fence.i	
        9955000	       896	80008738	015379b3	and	x19,x6,x21	  x6:0x00000000 x21:0x00000000 x19=0x00000000
        9965000	       897	8000873c	01dea233	slt	x4,x29,x29	 x29:0x210f6705 x29:0x210f6705  x4=0x00000000
        9975000	       898	80008740	9b7d	c.andi	x14,-1	 x14:0x00000000 x14=0x00000000
        9985000	       899	80008742	8686	c.mv	x13,x1	  x0:0x00000000  x1:0xffffffff x13=0xffffffff
        9995000	       900	80008744	0ff0000f	fence	iorw,iorw	
       10005000	       901	80008748	ea95	c.bnez	x13,8000877c	 x13:0xffffffff
       10025000	       903	8000877c	968e	c.add	x13,x3	 x13:0xffffffff  x3:0x07dbdbb1 x13=0x07dbdbb0
       10035000	       904	8000877e	8e2e	c.mv	x28,x11	  x0:0x00000000 x11:0x80021e58 x28=0x80021e58
       10045000	       905	80008780	717d	c.addi16sp	x2,-16	  x2:0x3abad74e  x2=0x3abad73e
       10055000	       906	80008782	8e6d	c.and	x12,x11	 x12:0x87dbda00 x11:0x80021e58 x12=0x80021a00
       10065000	       907	80008784	40808733	sub	x14,x1,x8	  x1:0xffffffff  x8:0x59983e76 x14=0xa667c189
       10435000	       944	80008788	02744133	div	x2,x8,x7	  x8:0x59983e76  x7:0x3abad74e  x2=0x00000001
       10445000	       945	8000878c	0119d613	srli	x12,x19,0x11	 x19:0x00000000 x12=0x00000000
       10455000	       946	80008790	01607433	and	x8,x0,x22	  x0:0x00000000 x22:0xefffc1ef  x8=0x00000000
       10465000	       947	80008794	0001	c.addi	x0,0	  x0:0x00000000  x0=0x00000000
       10475000	       948	80008796	6e5d	c.lui	x28,0x17	 x28=0x00017000
       10845000	       985	80008798	03f55433	divu	x8,x10,x31	 x10:0xfdbdb349 x31:0x80025ce4  x8=0x00000001
       10855000	       986	8000879c	615d	c.addi16sp	x2,432	  x2:0x00000001  x2=0x000001b1
       10895000	       990	8000879e	027396b3	mulh	x13,x7,x7	  x7:0x3abad74e  x7:0x3abad74e x13=0x0d7931ec
       10905000	       991	800087a2	01b04a63	blt	x0,x27,800087b6	  x0:0x00000000 x27:0xfdbdb95f
       10915000	       992	800087a6	4ebd	c.li	x29,15	 x29=0x0000000f
       10925000	       993	800087a8	01dd	c.addi	x3,23	  x3:0x07dbdbb1  x3=0x07dbdbc8
       10935000	       994	800087aa	0167d193	srli	x3,x15,0x16	 x15:0x00000000  x3=0x00000000
       10945000	       995	800087ae	1f77f913	andi	x18,x15,503	 x15:0x00000000 x18=0x00000000
       10955000	       996	800087b2	4a0eb193	sltiu	x3,x29,1184	 x29:0x0000000f  x3=0x00000001
       10965000	       997	800087b6	011c6263	bltu	x24,x17,800087ba	 x24:0x00000000 x17:0x80000000
       10985000	       999	800087ba	8ec1	c.or	x13,x8	 x13:0x0d7931ec  x8:0x00000001 x13=0x0d7931ed
       10995000	      1000	800087bc	40a7d893	srai	x17,x15,0xa	 x15:0x00000000 x17=0x00000000
       11005000	      1001	800087c0	016f7a63	bgeu	x30,x22,800087d4	 x30:0x00000009 x22:0xefffc1ef
       11015000	      1002	800087c4	02b84863	blt	x16,x11,800087f4	 x16:0x00000000 x11:0x80021e58
       11025000	      1003	800087c8	40f60433	sub	x8,x12,x15	 x12:0x00000000 x15:0x00000000  x8=0x00000000
       11045000	      1005	800087cc	033dd8b3	divu	x17,x27,x19	 x27:0xfdbdb95f x19:0x00000000 x17=0xffffffff
       11055000	      1006	800087d0	8ccd	c.or	x9,x11	  x9:0xa667c18a x11:0x80021e58  x9=0xa667dfda
       11065000	      1007	800087d2	9b72	c.add	x22,x28	 x22:0xefffc1ef x28:0x00017000 x22=0xf00131ef
       11075000	      1008	800087d4	8eed	c.and	x13,x11	 x13:0x0d7931ed x11:0x80021e58 x13=0x00001048
       11085000	      1009	800087d6	9a12	c.add	x20,x4	 x20:0x00000001  x4:0x00000000 x20=0x00000001
       11095000	      1010	800087d8	80e1	c.srli	x9,0x18	  x9:0xa667dfda  x9=0x000000a6
       11115000	      1012	800087da	0247cf33	div	x30,x15,x4	 x15:0x00000000  x4:0x00000000 x30=0xffffffff
       11125000	      1013	800087de	6c0d	c.lui	x24,0x3	 x24=0x00003000
       11135000	      1014	800087e0	313f7193	andi	x3,x30,787	 x30:0xffffffff  x3=0x00000313
       11145000	      1015	800087e4	0001	c.addi	x0,0	  x0:0x00000000  x0=0x00000000
       11155000	      1016	800087e6	0539	c.addi	x10,14	 x10:0xfdbdb349 x10=0xfdbdb357
       11165000	      1017	800087e8	0ff0000f	fence	iorw,iorw	
       11175000	      1018	800087ec	02502e37	lui	x28,0x2502	 x28=0x02502000
       11195000	      1020	800087f0	0262e533	rem	x10,x5,x6	  x5:0x676f5000  x6:0x00000000 x10=0x676f5000
       11205000	      1021	800087f4	02d9d463	bge	x19,x13,8000881c	 x19:0x00000000 x13:0x00001048
       11215000	      1022	800087f8	56fd	c.li	x13,-1	 x13=0xffffffff
       11225000	      1023	800087fa	00f91633	sll	x12,x18,x15	 x18:0x00000000 x15:0x00000000 x12=0x00000000
       11235000	      1024	800087fe	8311	c.srli	x14,0x4	 x14:0xa667c189 x14=0x0a667c18
       11245000	      1025	80008800	009957b3	srl	x15,x18,x9	 x18:0x00000000  x9:0x000000a6 x15=0x00000000
       11255000	      1026	80008804	51fd	c.li	x3,-1	  x3=0xffffffff
       11265000	      1027	80008806	0039e233	or	x4,x19,x3	 x19:0x00000000  x3:0xffffffff  x4=0xffffffff
       11275000	      1028	8000880a	ff262d13	slti	x26,x12,-14	 x12:0x00000000 x26=0x00000000
       11285000	      1029	8000880e	9cd2	c.add	x25,x20	 x25:0xffffffff x20:0x00000001 x25=0x00000000
       11295000	      1030	80008810	0000100f	fence.i	
       11315000	      1032	80008814	042ad163	bge	x21,x2,80008856	 x21:0x00000000  x2:0x000001b1
       11325000	      1033	80008818	ace90393	addi	x7,x18,-1330	 x18:0x00000000  x7=0xffffface
       11335000	      1034	8000881c	051be463	bltu	x23,x17,80008864	 x23:0xffffffff x17:0xffffffff
       11345000	      1035	80008820	8c3d	c.xor	x8,x15	  x8:0x00000000 x15:0x00000000  x8=0x00000000
       11355000	      1036	80008822	00d61c93	slli	x25,x12,0xd	 x12:0x00000000 x25=0x00000000
       11365000	      1037	80008826	00de59b3	srl	x19,x28,x13	 x28:0x02502000 x13:0xffffffff x19=0x00000000
       11395000	      1040	8000882a	02628533	mul	x10,x5,x6	  x5:0x676f5000  x6:0x00000000 x10=0x00000000
       11405000	      1041	8000882e	01ee5633	srl	x12,x28,x30	 x28:0x02502000 x30:0xffffffff x12=0x00000000
       11415000	      1042	80008832	8fe1	c.and	x15,x8	 x15:0x00000000  x8:0x00000000 x15=0x00000000
       11425000	      1043	80008834	0133ee33	or	x28,x7,x19	  x7:0xffffface x19:0x00000000 x28=0xffffface
       11435000	      1044	80008838	8f89	c.sub	x15,x10	 x15:0x00000000 x10:0x00000000 x15=0x00000000
       11445000	      1045	8000883a	008bebb3	or	x23,x23,x8	 x23:0xffffffff  x8:0x00000000 x23=0xffffffff
       11815000	      1082	8000883e	02344433	div	x8,x8,x3	  x8:0x00000000  x3:0xffffffff  x8=0x00000000
       11825000	      1083	80008842	ddd70a13	addi	x20,x14,-547	 x14:0x0a667c18 x20=0x0a6679f5
       11855000	      1086	80008846	02a98a33	mul	x20,x19,x10	 x19:0x00000000 x10:0x00000000 x20=0x00000000
       11865000	      1087	8000884a	00c3bc33	sltu	x24,x7,x12	  x7:0xffffface x12:0x00000000 x24=0x00000000
       11875000	      1088	8000884e	328ab613	sltiu	x12,x21,808	 x21:0x00000000 x12=0x00000001
       11885000	      1089	80008852	01c15e33	srl	x28,x2,x28	  x2:0x000001b1 x28:0xffffface x28=0x00000000
       11895000	      1090	80008856	007982b3	add	x5,x19,x7	 x19:0x00000000  x7:0xffffface  x5=0xffffface
       11905000	      1091	8000885a	8c95	c.sub	x9,x13	  x9:0x000000a6 x13:0xffffffff  x9=0x000000a7
       11915000	      1092	8000885c	01ed47b3	xor	x15,x26,x30	 x26:0x00000000 x30:0xffffffff x15=0xffffffff
       11925000	      1093	80008860	63cf7793	andi	x15,x30,1596	 x30:0xffffffff x15=0x0000063c
       11935000	      1094	80008864	0471d163	bge	x3,x7,800088a6	  x3:0xffffffff  x7:0xffffface
       11965000	      1097	800088a6	20368e93	addi	x29,x13,515	 x13:0xffffffff x29=0x00000202
       12335000	      1134	800088aa	02f6ed33	rem	x26,x13,x15	 x13:0xffffffff x15:0x0000063c x26=0xffffffff
       12345000	      1135	800088ae	03e48c63	beq	x9,x30,800088e6	  x9:0x000000a7 x30:0xffffffff
       12355000	      1136	800088b2	014daeb3	slt	x29,x27,x20	 x27:0xfdbdb95f x20:0x00000000 x29=0x00000001
       12365000	      1137	800088b6	01bba933	slt	x18,x23,x27	 x23:0xffffffff x27:0xfdbdb95f x18=0x00000000
       12375000	      1138	800088ba	0eda	c.slli	x29,0x16	 x29:0x00000001 x29=0x00400000
       12385000	      1139	800088bc	922e	c.add	x4,x11	  x4:0xffffffff x11:0x80021e58  x4=0x80021e57
       12395000	      1140	800088be	01b59263	bne	x11,x27,800088c2	 x11:0x80021e58 x27:0xfdbdb95f
       12415000	      1142	800088c2	84fa	c.mv	x9,x30	  x0:0x00000000 x30:0xffffffff  x9=0xffffffff
       12425000	      1143	800088c4	0d88	c.addi4spn	x10,x2,720	 x10=0x00000481
       12435000	      1144	800088c6	9c8a	c.add	x25,x2	 x25:0x00000000  x2:0x000001b1 x25=0x000001b1
       12475000	      1148	800088c8	0301bbb3	mulhu	x23,x3,x16	  x3:0xffffffff x16:0x00000000 x23=0x00000000
       12485000	      1149	800088cc	0c94	c.addi4spn	x13,x2,592	 x13=0x00000401
       12495000	      1150	800088ce	01b85013	srli	x0,x16,0x1b	 x16:0x00000000  x0=0x00000000
       12525000	      1153	800088d2	02b48bb3	mul	x23,x9,x11	  x9:0xffffffff x11:0x80021e58 x23=0x7ffde1a8
       12535000	      1154	800088d6	036bd763	bge	x23,x22,80008904	 x23:0x7ffde1a8 x22:0xf00131ef
       12555000	      1156	80008904	8c39	c.xor	x8,x14	  x8:0x00000000 x14:0x0a667c18  x8=0x0a667c18
       12565000	      1157	80008906	cd1d	c.beqz	x10,80008944	 x10:0x00000481
       12575000	      1158	80008908	0001	c.addi	x0,0	  x0:0x00000000  x0=0x00000000
       12585000	      1159	8000890a	0c1c	c.addi4spn	x15,x2,528	 x15=0x000003c1
       12595000	      1160	8000890c	a2077b37	lui	x22,0xa2077	 x22=0xa2077000
       12605000	      1161	80008910	0ff0000f	fence	iorw,iorw	
       12615000	      1162	80008914	004d1013	slli	x0,x26,0x4	 x26:0xffffffff  x0=0x00000000
       12655000	      1166	80008918	03d02533	mulhsu	x10,x0,x29	  x0:0x00000000 x29:0x00400000 x10=0x00000000
       12665000	      1167	8000891c	cb89	c.beqz	x15,8000892e	 x15:0x000003c1
       13035000	      1204	8000891e	02f9ecb3	rem	x25,x19,x15	 x19:0x00000000 x15:0x000003c1 x25=0x00000000
       13045000	      1205	80008922	02dd6663	bltu	x26,x13,8000894e	 x26:0xffffffff x13:0x00000401
       13055000	      1206	80008926	005bb133	sltu	x2,x23,x5	 x23:0x7ffde1a8  x5:0xffffface  x2=0x00000001
       13065000	      1207	8000892a	717d	c.addi16sp	x2,-16	  x2:0x00000001  x2=0xfffffff1
       13075000	      1208	8000892c	4f59	c.li	x30,22	 x30=0x00000016
       13085000	      1209	8000892e	aa77a713	slti	x14,x15,-1369	 x15:0x000003c1 x14=0x00000000
       13095000	      1210	80008932	8d7d	c.and	x10,x15	 x10:0x00000000 x15:0x000003c1 x10=0x00000000
       13105000	      1211	80008934	ff9aa897	auipc	x17,0xff9aa	 x17=0x7f9b2934
       13115000	      1212	80008938	01fd5c93	srli	x25,x26,0x1f	 x26:0xffffffff x25=0x00000001
       13125000	      1213	8000893c	0047de63	bge	x15,x4,80008958	 x15:0x000003c1  x4:0x80021e57
       13145000	      1215	80008958	00f01233	sll	x4,x0,x15	  x0:0x00000000 x15:0x000003c1  x4=0x00000000
       13155000	      1216	8000895c	84c6	c.mv	x9,x17	  x0:0x00000000 x17:0x7f9b2934  x9=0x7f9b2934
       13195000	      1220	8000895e	023b9e33	mulh	x28,x23,x3	 x23:0x7ffde1a8  x3:0xffffffff x28=0xffffffff
       13205000	      1221	80008962	0124ba33	sltu	x20,x9,x18	  x9:0x7f9b2934 x18:0x00000000 x20=0x00000000
       13215000	      1222	80008966	ce91	c.beqz	x13,80008982	 x13:0x00000401
       13225000	      1223	80008968	eee68137	lui	x2,0xeee68	  x2=0xeee68000
       13235000	      1224	8000896c	00f63833	sltu	x16,x12,x15	 x12:0x00000001 x15:0x000003c1 x16=0x00000001
       13245000	      1225	80008970	9b7d	c.andi	x14,-1	 x14:0x00000000 x14=0x00000000
       13615000	      1262	80008972	0278dd33	divu	x26,x17,x7	 x17:0x7f9b2934  x7:0xffffface x26=0x00000000
       13625000	      1263	80008976	4248be13	sltiu	x28,x17,1060	 x17:0x7f9b2934 x28=0x00000000
       13635000	      1264	8000897a	8c7d	c.and	x8,x15	  x8:0x0a667c18 x15:0x000003c1  x8=0x00000000
       13645000	      1265	8000897c	92c6	c.add	x5,x17	  x5:0xffffface x17:0x7f9b2934  x5=0x7f9b2402
       13655000	      1266	8000897e	0000100f	fence.i	
       13685000	      1269	80008982	0ff0000f	fence	iorw,iorw	
       13705000	      1271	80008986	024dd433	divu	x8,x27,x4	 x27:0xfdbdb95f  x4:0x00000000  x8=0xffffffff
       13715000	      1272	8000898a	419704b3	sub	x9,x14,x25	 x14:0x00000000 x25:0x00000001  x9=0xffffffff
       13725000	      1273	8000898e	00b31ab3	sll	x21,x6,x11	  x6:0x00000000 x11:0x80021e58 x21=0x00000000
       13735000	      1274	80008992	e1e48e13	addi	x28,x9,-482	  x9:0xffffffff x28=0xfffffe1d
       13765000	      1277	80008996	039384b3	mul	x9,x7,x25	  x7:0xffffface x25:0x00000001  x9=0xffffface
       13775000	      1278	8000899a	611d	c.addi16sp	x2,416	  x2:0xeee68000  x2=0xeee681a0
       13785000	      1279	8000899c	1998	c.addi4spn	x14,x2,240	 x14=0xeee68290
       13825000	      1283	8000899e	0249a9b3	mulhsu	x19,x19,x4	 x19:0x00000000  x4:0x00000000 x19=0x00000000
       13835000	      1284	800089a2	401686b3	sub	x13,x13,x1	 x13:0x00000401  x1:0xffffffff x13=0x00000402
       13845000	      1285	800089a6	0ff0000f	fence	iorw,iorw	
       13855000	      1286	800089aa	0001	c.addi	x0,0	  x0:0x00000000  x0=0x00000000
       13865000	      1287	800089ac	00cc0933	add	x18,x24,x12	 x24:0x00000000 x12:0x00000001 x18=0x00000001
       13905000	      1291	800089b0	02d72a33	mulhsu	x20,x14,x13	 x14:0xeee68290 x13:0x00000402 x20=0xffffffbb
       13945000	      1295	800089b4	03001bb3	mulh	x23,x0,x16	  x0:0x00000000 x16:0x00000001 x23=0x00000000
       13985000	      1299	800089b8	035127b3	mulhsu	x15,x2,x21	  x2:0xeee681a0 x21:0x00000000 x15=0x00000000
       14025000	      1303	800089bc	027b33b3	mulhu	x7,x22,x7	 x22:0xa2077000  x7:0xffffface  x7=0xa2076cb6
       14395000	      1340	800089c0	03026533	rem	x10,x4,x16	  x4:0x00000000 x16:0x00000001 x10=0x00000000
       14405000	      1341	800089c4	012b4e63	blt	x22,x18,800089e0	 x22:0xa2077000 x18:0x00000001
       14425000	      1343	800089e0	853d	c.srai	x10,0xf	 x10:0x00000000 x10=0x00000000
       14435000	      1344	800089e2	41cb0633	sub	x12,x22,x28	 x22:0xa2077000 x28:0xfffffe1d x12=0xa20771e3
       14445000	      1345	800089e6	147d	c.addi	x8,-1	  x8:0xffffffff  x8=0xfffffffe
       14455000	      1346	800089e8	010a0b63	beq	x20,x16,800089fe	 x20:0xffffffbb x16:0x00000001
       14825000	      1383	800089ec	025e5c33	divu	x24,x28,x5	 x28:0xfffffe1d  x5:0x7f9b2402 x24=0x00000002
       14835000	      1384	800089f0	577d	c.li	x14,-1	 x14=0xffffffff
       14845000	      1385	800089f2	ac546113	ori	x2,x8,-1339	  x8:0xfffffffe  x2=0xffffffff
       14855000	      1386	800089f6	01390bb3	add	x23,x18,x19	 x18:0x00000001 x19:0x00000000 x23=0x00000001
       14865000	      1387	800089fa	03260363	beq	x12,x18,80008a20	 x12:0xa20771e3 x18:0x00000001
       14905000	      1391	800089fe	026db833	mulhu	x16,x27,x6	 x27:0xfdbdb95f  x6:0x00000000 x16=0x00000000
       14915000	      1392	80008a02	41ce52b3	sra	x5,x28,x28	 x28:0xfffffe1d x28:0xfffffe1d  x5=0xffffffff
       14925000	      1393	80008a06	9bfd	c.andi	x15,-1	 x15:0x00000000 x15=0x00000000
       14935000	      1394	80008a08	82b9	c.srli	x13,0xe	 x13:0x00000402 x13=0x00000000
       14945000	      1395	80008a0a	0001	c.addi	x0,0	  x0:0x00000000  x0=0x00000000
       14955000	      1396	80008a0c	e696bb93	sltiu	x23,x13,-407	 x13:0x00000000 x23=0x00000001
       14965000	      1397	80008a10	8321	c.srli	x14,0x8	 x14:0xffffffff x14=0x00ffffff
       14975000	      1398	80008a12	fab6cb13	xori	x22,x13,-85	 x13:0x00000000 x22=0xffffffab
       14985000	      1399	80008a16	9a78b193	sltiu	x3,x17,-1625	 x17:0x7f9b2934  x3=0x00000001
       14995000	      1400	80008a1a	9b7d	c.andi	x14,-1	 x14:0x00ffffff x14=0x00ffffff
       15005000	      1401	80008a1c	33cf2513	slti	x10,x30,828	 x30:0x00000016 x10=0x00000001
       15015000	      1402	80008a20	00c46b63	bltu	x8,x12,80008a36	  x8:0xfffffffe x12:0xa20771e3
       15025000	      1403	80008a24	dd7f6693	ori	x13,x30,-553	 x30:0x00000016 x13=0xfffffdd7
       15035000	      1404	80008a28	f0d1f113	andi	x2,x3,-243	  x3:0x00000001  x2=0x00000001
       15045000	      1405	80008a2c	8d05	c.sub	x10,x9	 x10:0x00000001  x9:0xffffface x10=0x00000533
       15055000	      1406	80008a2e	4182d833	sra	x16,x5,x24	  x5:0xffffffff x24:0x00000002 x16=0xffffffff
       15065000	      1407	80008a32	00fffc63	bgeu	x31,x15,80008a4a	 x31:0x80025ce4 x15:0x00000000
       15095000	      1410	80008a4a	411fd213	srai	x4,x31,0x11	 x31:0x80025ce4  x4=0xffffc001
       15115000	      1412	80008a4e	03a57ab3	remu	x21,x10,x26	 x10:0x00000533 x26:0x00000000 x21=0x00000533
       15125000	      1413	80008a52	83e9	c.srli	x15,0x1a	 x15:0x00000000 x15=0x00000000
       15135000	      1414	80008a54	01529493	slli	x9,x5,0x15	  x5:0xffffffff  x9=0xffe00000
       15145000	      1415	80008a58	005e5d13	srli	x26,x28,0x5	 x28:0xfffffe1d x26=0x07fffff0
       15155000	      1416	80008a5c	01aaa8b3	slt	x17,x21,x26	 x21:0x00000533 x26:0x07fffff0 x17=0x00000001
       15165000	      1417	80008a60	01fe8263	beq	x29,x31,80008a64	 x29:0x00400000 x31:0x80025ce4
       15175000	      1418	80008a64	1f5ea113	slti	x2,x29,501	 x29:0x00400000  x2=0x00000000
       15185000	      1419	80008a68	717d	c.addi16sp	x2,-16	  x2:0x00000000  x2=0xfffffff0
       15195000	      1420	80008a6a	1b6f2b93	slti	x23,x30,438	 x30:0x00000016 x23=0x00000001
       15205000	      1421	80008a6e	0c84	c.addi4spn	x9,x2,592	  x9=0x00000240
       15215000	      1422	80008a70	41deda33	sra	x20,x29,x29	 x29:0x00400000 x29:0x00400000 x20=0x00400000
       15225000	      1423	80008a74	012cbf33	sltu	x30,x25,x18	 x25:0x00000001 x18:0x00000001 x30=0x00000000
       15235000	      1424	80008a78	0076d263	bge	x13,x7,80008a7c	 x13:0xfffffdd7  x7:0xa2076cb6
       15255000	      1426	80008a7c	6441	c.lui	x8,0x10	  x8=0x00010000
       15265000	      1427	80008a7e	00073133	sltu	x2,x14,x0	 x14:0x00ffffff  x0:0x00000000  x2=0x00000000
       15295000	      1430	80008a82	035100b3	mul	x1,x2,x21	  x2:0x00000000 x21:0x00000533  x1=0x00000000
       15335000	      1434	80008a86	03e49bb3	mulh	x23,x9,x30	  x9:0x00000240 x30:0x00000000 x23=0x00000000
       15345000	      1435	80008a8a	87058893	addi	x17,x11,-1936	 x11:0x80021e58 x17=0x800216c8
       15355000	      1436	80008a8e	3a626293	ori	x5,x4,934	  x4:0xffffc001  x5=0xffffc3a7
       15365000	      1437	80008a92	01b32133	slt	x2,x6,x27	  x6:0x00000000 x27:0xfdbdb95f  x2=0x00000000
       15375000	      1438	80008a96	00b75e93	srli	x29,x14,0xb	 x14:0x00ffffff x29=0x00001fff
       15745000	      1475	80008a9a	02ead533	divu	x10,x21,x14	 x21:0x00000533 x14:0x00ffffff x10=0x00000000
       15755000	      1476	80008a9e	022f7a63	bgeu	x30,x2,80008ad2	 x30:0x00000000  x2:0x00000000
       15785000	      1479	80008ad2	b55e08b7	lui	x17,0xb55e0	 x17=0xb55e0000
       15795000	      1480	80008ad6	01e1e1b3	or	x3,x3,x30	  x3:0x00000001 x30:0x00000000  x3=0x00000001
       15805000	      1481	80008ada	01cc1893	slli	x17,x24,0x1c	 x24:0x00000002 x17=0x20000000
       15815000	      1482	80008ade	76e90c17	auipc	x24,0x76e90	 x24=0xf6e98ade
       15825000	      1483	80008ae2	035de163	bltu	x27,x21,80008b04	 x27:0xfdbdb95f x21:0x00000533
       15835000	      1484	80008ae6	01b1a4b3	slt	x9,x3,x27	  x3:0x00000001 x27:0xfdbdb95f  x9=0x00000000
       15845000	      1485	80008aea	006baab3	slt	x21,x23,x6	 x23:0x00000000  x6:0x00000000 x21=0x00000000
       15855000	      1486	80008aee	c39d	c.beqz	x15,80008b14	 x15:0x00000000
       15875000	      1488	80008b14	41d4dd33	sra	x26,x9,x29	  x9:0x00000000 x29:0x00001fff x26=0x00000000
       15885000	      1489	80008b18	0ff0000f	fence	iorw,iorw	
       15895000	      1490	80008b1c	00769b63	bne	x13,x7,80008b32	 x13:0xfffffdd7  x7:0xa2076cb6
       15915000	      1492	80008b32	8c45	c.or	x8,x9	  x8:0x00010000  x9:0x00000000  x8=0x00010000
       15925000	      1493	80008b34	01ef1133	sll	x2,x30,x30	 x30:0x00000000 x30:0x00000000  x2=0x00000000
       15935000	      1494	80008b38	8555	c.srai	x10,0x15	 x10:0x00000000 x10=0x00000000
       15945000	      1495	80008b3a	01b62833	slt	x16,x12,x27	 x12:0xa20771e3 x27:0xfdbdb95f x16=0x00000001
       15955000	      1496	80008b3e	00e41033	sll	x0,x8,x14	  x8:0x00010000 x14:0x00ffffff  x0=0x00000000
       15965000	      1497	80008b42	01ba5993	srli	x19,x20,0x1b	 x20:0x00400000 x19=0x00000000
       15975000	      1498	80008b46	418cdeb3	sra	x29,x25,x24	 x25:0x00000001 x24:0xf6e98ade x29=0x00000000
       15985000	      1499	80008b4a	bcec7913	andi	x18,x24,-1074	 x24:0xf6e98ade x18=0xf6e98ace
       15995000	      1500	80008b4e	01c76933	or	x18,x14,x28	 x14:0x00ffffff x28:0xfffffe1d x18=0xffffffff
       16005000	      1501	80008b52	0001	c.addi	x0,0	  x0:0x00000000  x0=0x00000000
       16015000	      1502	80008b54	8c01	c.sub	x8,x8	  x8:0x00010000  x8:0x00010000  x8=0x00000000
       16025000	      1503	80008b56	8cad	c.xor	x9,x11	  x9:0x00000000 x11:0x80021e58  x9=0x80021e58
       16035000	      1504	80008b58	01109813	slli	x16,x1,0x11	  x1:0x00000000 x16=0x00000000
       16045000	      1505	80008b5c	0001	c.addi	x0,0	  x0:0x00000000  x0=0x00000000
       16055000	      1506	80008b5e	41f7d033	sra	x0,x15,x31	 x15:0x00000000 x31:0x80025ce4  x0=0x00000000
       16065000	      1507	80008b62	000e0d33	add	x26,x28,x0	 x28:0xfffffe1d  x0:0x00000000 x26=0xfffffe1d
       16075000	      1508	80008b66	c69d	c.beqz	x13,80008b94	 x13:0xfffffdd7
       16085000	      1509	80008b68	003614b3	sll	x9,x12,x3	 x12:0xa20771e3  x3:0x00000001  x9=0x440ee3c6
       16095000	      1510	80008b6c	0001	c.addi	x0,0	  x0:0x00000000  x0=0x00000000
       16105000	      1511	80008b6e	6dfc3913	sltiu	x18,x24,1759	 x24:0xf6e98ade x18=0x00000000
       16115000	      1512	80008b72	8f3d	c.xor	x14,x15	 x14:0x00ffffff x15:0x00000000 x14=0x00ffffff
       16125000	      1513	80008b74	8539	c.srai	x10,0xe	 x10:0x00000000 x10=0x00000000
       16135000	      1514	80008b76	00768bb3	add	x23,x13,x7	 x13:0xfffffdd7  x7:0xa2076cb6 x23=0xa2076a8d
       16145000	      1515	80008b7a	015987b3	add	x15,x19,x21	 x19:0x00000000 x21:0x00000000 x15=0x00000000
       16515000	      1552	80008b7e	03a85c33	divu	x24,x16,x26	 x16:0x00000000 x26:0xfffffe1d x24=0x00000000
       16525000	      1553	80008b82	54fd	c.li	x9,-1	  x9=0xffffffff
       16565000	      1557	80008b84	03b7ac33	mulhsu	x24,x15,x27	 x15:0x00000000 x27:0xfdbdb95f x24=0x00000000
       16575000	      1558	80008b88	0142d193	srli	x3,x5,0x14	  x5:0xffffc3a7  x3=0x00000fff
       16585000	      1559	80008b8c	9eaee513	ori	x10,x29,-1558	 x29:0x00000000 x10=0xfffff9ea
       16595000	      1560	80008b90	a792be13	sltiu	x28,x5,-1415	  x5:0xffffc3a7 x28=0x00000001
       16605000	      1561	80008b94	0000100f	fence.i	
       16625000	      1563	80008b98	8e2d	c.xor	x12,x11	 x12:0xa20771e3 x11:0x80021e58 x12=0x22056fbb
       16645000	      1565	80008b9a	02f8f0b3	remu	x1,x17,x15	 x17:0x20000000 x15:0x00000000  x1=0x20000000
       16675000	      1568	80008b9e	024a0833	mul	x16,x20,x4	 x20:0x00400000  x4:0xffffc001 x16=0x00400000
       16685000	      1569	80008ba2	8cb9	c.xor	x9,x14	  x9:0xffffffff x14:0x00ffffff  x9=0xff000000
       16695000	      1570	80008ba4	00021a63	bne	x4,x0,80008bb8	  x4:0xffffc001  x0:0x00000000
       16715000	      1572	80008bb8	01c29463	bne	x5,x28,80008bc0	  x5:0xffffc3a7 x28:0x00000001
       16735000	      1574	80008bc0	01b75ab3	srl	x21,x14,x27	 x14:0x00ffffff x27:0xfdbdb95f x21=0x00000000
       16745000	      1575	80008bc4	01bfc4b3	xor	x9,x31,x27	 x31:0x80025ce4 x27:0xfdbdb95f  x9=0x7dbfe5bb
       16765000	      1577	80008bc8	02827133	remu	x2,x4,x8	  x4:0xffffc001  x8:0x00000000  x2=0xffffc001
       16775000	      1578	80008bcc	0034ef33	or	x30,x9,x3	  x9:0x7dbfe5bb  x3:0x00000fff x30=0x7dbfefff
       16785000	      1579	80008bd0	01fe54b3	srl	x9,x28,x31	 x28:0x00000001 x31:0x80025ce4  x9=0x00000000
       16825000	      1583	80008bd4	03d03e33	mulhu	x28,x0,x29	  x0:0x00000000 x29:0x00000000 x28=0x00000000
       16835000	      1584	80008bd8	0546e263	bltu	x13,x20,80008c1c	 x13:0xfffffdd7 x20:0x00400000
       16845000	      1585	80008bdc	0060da63	bge	x1,x6,80008bf0	  x1:0x20000000  x6:0x00000000
       16865000	      1587	80008bf0	080d	c.addi	x16,3	 x16:0x00400000 x16=0x00400003
       16875000	      1588	80008bf2	03aa6563	bltu	x20,x26,80008c1c	 x20:0x00400000 x26:0xfffffe1d
       16925000	      1593	80008c1c	023110b3	mulh	x1,x2,x3	  x2:0xffffc001  x3:0x00000fff  x1=0xffffffff
       16945000	      1595	80008c20	03257633	remu	x12,x10,x18	 x10:0xfffff9ea x18:0x00000000 x12=0xfffff9ea
       16955000	      1596	80008c24	27d64913	xori	x18,x12,637	 x12:0xfffff9ea x18=0xfffffb97
       16965000	      1597	80008c28	99bfbb13	sltiu	x22,x31,-1637	 x31:0x80025ce4 x22=0x00000001
       16975000	      1598	80008c2c	4b8d	c.li	x23,3	 x23=0x00000003
       16985000	      1599	80008c2e	0ff0000f	fence	iorw,iorw	
       16995000	      1600	80008c32	01970133	add	x2,x14,x25	 x14:0x00ffffff x25:0x00000001  x2=0x01000000
       17005000	      1601	80008c36	00f94c63	blt	x18,x15,80008c4e	 x18:0xfffffb97 x15:0x00000000
       17035000	      1604	80008c4e	96ffa6ef	jal	x13,800035bc	 x13=0x80008c52
       17415000	      1642	800035bc	034f4ab3	div	x21,x30,x20	 x30:0x7dbfefff x20:0x00400000 x21=0x000001f6
       17425000	      1643	800035c0	fc858593	addi	x11,x11,-56	 x11:0x80021e58 x11=0x80021e20
       17435000	      1644	800035c4	2835ab13	slti	x22,x11,643	 x11:0x80021e20 x22=0x00000001
       17445000	      1645	800035c8	01b693b3	sll	x7,x13,x27	 x13:0x80008c52 x27:0xfdbdb95f  x7=0x00000000
       17455000	      1646	800035cc	c1d4	c.sw	x13,4(x11)	 x11:0x80021e20 x13:0x80008c52 PA:0x80021e24 store:0x80008c52 load:0x00000000
       17465000	      1647	800035ce	8c21	c.xor	x8,x8	  x8:0x00000000  x8:0x00000000  x8=0x00000000
       17475000	      1648	800035d0	0001	c.addi	x0,0	  x0:0x00000000  x0=0x00000000
       17485000	      1649	800035d2	8d61	c.and	x10,x8	 x10:0xfffff9ea  x8:0x00000000 x10=0x00000000
       17495000	      1650	800035d4	403e5913	srai	x18,x28,0x3	 x28:0x00000000 x18=0x00000000
       17505000	      1651	800035d8	01715863	bge	x2,x23,800035e8	  x2:0x01000000 x23:0x00000003
       17525000	      1653	800035e8	001c60b3	or	x1,x24,x1	 x24:0x00000000  x1:0xffffffff  x1=0xffffffff
       17535000	      1654	800035ec	03f31463	bne	x6,x31,80003614	  x6:0x00000000 x31:0x80025ce4
       17555000	      1656	80003614	0001	c.addi	x0,0	  x0:0x00000000  x0=0x00000000
       17565000	      1657	80003616	0e18	c.addi4spn	x14,x2,784	 x14=0x01000310
       17575000	      1658	80003618	5afd	c.li	x21,-1	 x21=0xffffffff
       17585000	      1659	8000361a	0001	c.addi	x0,0	  x0:0x00000000  x0=0x00000000
       17595000	      1660	8000361c	02e57063	bgeu	x10,x14,8000363c	 x10:0x00000000 x14:0x01000310
       17605000	      1661	80003620	793cfd93	andi	x27,x25,1939	 x25:0x00000001 x27=0x00000001
       17615000	      1662	80003624	00b04a33	xor	x20,x0,x11	  x0:0x00000000 x11:0x80021e20 x20=0x80021e20
       17625000	      1663	80003628	0bb6	c.slli	x23,0xd	 x23:0x00000003 x23=0x00006000
       17635000	      1664	8000362a	8fc1	c.or	x15,x8	 x15:0x00000000  x8:0x00000000 x15=0x00000000
       17645000	      1665	8000362c	018a70b3	and	x1,x20,x24	 x20:0x80021e20 x24:0x00000000  x1=0x00000000
       17655000	      1666	80003630	8e5e	c.mv	x28,x23	  x0:0x00000000 x23:0x00006000 x28=0x00006000
       17665000	      1667	80003632	67e5	c.lui	x15,0x19	 x15=0x00019000
       17675000	      1668	80003634	8f25	c.xor	x14,x9	 x14:0x01000310  x9:0x00000000 x14=0x01000310
       17685000	      1669	80003636	f10c2e93	slti	x29,x24,-240	 x24:0x00000000 x29=0x00000000
       17695000	      1670	8000363a	6141	c.addi16sp	x2,16	  x2:0x01000000  x2=0x01000010
       17705000	      1671	8000363c	0b88	c.addi4spn	x10,x2,464	 x10=0x010001e0
       17715000	      1672	8000363e	717d	c.addi16sp	x2,-16	  x2:0x01000010  x2=0x01000000
       17725000	      1673	80003640	017e0eb3	add	x29,x28,x23	 x28:0x00006000 x23:0x00006000 x29=0x0000c000
       17735000	      1674	80003644	0e36	c.slli	x28,0xd	 x28:0x00006000 x28=0x0c000000
       17745000	      1675	80003646	02124463	blt	x4,x1,8000366e	  x4:0xffffc001  x1:0x00000000
       17765000	      1677	8000366e	6685	c.lui	x13,0x1	 x13=0x00001000
       17775000	      1678	80003670	ecbcf213	andi	x4,x25,-309	 x25:0x00000001  x4=0x00000001
       17785000	      1679	80003674	00272b33	slt	x22,x14,x2	 x14:0x01000310  x2:0x01000000 x22=0x00000000
       17795000	      1680	80003678	805d	c.srli	x8,0x17	  x8:0x00000000  x8=0x00000000
       17835000	      1684	8000367a	03082c33	mulhsu	x24,x16,x16	 x16:0x00400003 x16:0x00400003 x24=0x00001000
       17845000	      1685	8000367e	0352c763	blt	x5,x21,800036ac	  x5:0xffffc3a7 x21:0xffffffff
       17865000	      1687	800036ac	01d66a33	or	x20,x12,x29	 x12:0xfffff9ea x29:0x0000c000 x20=0xfffff9ea
       17875000	      1688	800036b0	8d51	c.or	x10,x12	 x10:0x010001e0 x12:0xfffff9ea x10=0xfffff9ea
       17885000	      1689	800036b2	cb9d	c.beqz	x15,800036e8	 x15:0x00019000
       17895000	      1690	800036b4	9afd	c.andi	x13,-1	 x13:0x00001000 x13=0x00001000
       17935000	      1694	800036b6	03459633	mulh	x12,x11,x20	 x11:0x80021e20 x20:0xfffff9ea x12=0x0000030a
       17945000	      1695	800036ba	0001	c.addi	x0,0	  x0:0x00000000  x0=0x00000000
       17955000	      1696	800036bc	6f68e617	auipc	x12,0x6f68e	 x12=0xef6916bc
       17965000	      1697	800036c0	9a7d	c.andi	x12,-1	 x12:0xef6916bc x12=0xef6916bc
       18005000	      1701	800036c2	03b6ab33	mulhsu	x22,x13,x27	 x13:0x00001000 x27:0x00000001 x22=0x00000000
       18015000	      1702	800036c6	36806093	ori	x1,x0,872	  x0:0x00000000  x1=0x00000368
       18025000	      1703	800036ca	01cc03b3	add	x7,x24,x28	 x24:0x00001000 x28:0x0c000000  x7=0x0c001000
       18035000	      1704	800036ce	67fae813	ori	x16,x21,1663	 x21:0xffffffff x16=0xffffffff
       18045000	      1705	800036d2	416051b3	sra	x3,x0,x22	  x0:0x00000000 x22:0x00000000  x3=0x00000000
       18055000	      1706	800036d6	16716797	auipc	x15,0x16716	 x15=0x967196d6
       18065000	      1707	800036da	01b21463	bne	x4,x27,800036e2	  x4:0x00000001 x27:0x00000001
       18075000	      1708	800036de	004ac533	xor	x10,x21,x4	 x21:0xffffffff  x4:0x00000001 x10=0xfffffffe
       18085000	      1709	800036e2	014f9293	slli	x5,x31,0x14	 x31:0x80025ce4  x5=0xce400000
       18095000	      1710	800036e6	8d4d	c.or	x10,x11	 x10:0xfffffffe x11:0x80021e20 x10=0xfffffffe
       18105000	      1711	800036e8	00eb7933	and	x18,x22,x14	 x22:0x00000000 x14:0x01000310 x18=0x00000000
       18115000	      1712	800036ec	846dc693	xori	x13,x27,-1978	 x27:0x00000001 x13=0xfffff847
       18125000	      1713	800036f0	29e48237	lui	x4,0x29e48	  x4=0x29e48000
       18135000	      1714	800036f4	036d1b63	bne	x26,x22,8000372a	 x26:0xfffffe1d x22:0x00000000
       18165000	      1717	8000372a	003fca63	blt	x31,x3,8000373e	 x31:0x80025ce4  x3:0x00000000
       18195000	      1720	8000373e	00a68bb3	add	x23,x13,x10	 x13:0xfffff847 x10:0xfffffffe x23=0xfffff845
       18205000	      1721	80003742	019b9f13	slli	x30,x23,0x19	 x23:0xfffff845 x30=0x8a000000
       18215000	      1722	80003746	8e61	c.and	x12,x8	 x12:0xef6916bc  x8:0x00000000 x12=0x00000000
       18225000	      1723	80003748	8fe9	c.and	x15,x10	 x15:0x967196d6 x10:0xfffffffe x15=0x967196d6
       18235000	      1724	8000374a	411009b3	sub	x19,x0,x17	  x0:0x00000000 x17:0x20000000 x19=0xe0000000
       18245000	      1725	8000374e	632c4f13	xori	x30,x24,1586	 x24:0x00001000 x30=0x00001632
       18255000	      1726	80003752	03809663	bne	x1,x24,8000377e	  x1:0x00000368 x24:0x00001000
       18285000	      1729	8000377e	45fa3713	sltiu	x14,x20,1119	 x20:0xfffff9ea x14=0x00000000
       18295000	      1730	80003782	00e9d813	srli	x16,x19,0xe	 x19:0xe0000000 x16=0x00038000
       18305000	      1731	80003786	40865cb3	sra	x25,x12,x8	 x12:0x00000000  x8:0x00000000 x25=0x00000000
       18315000	      1732	8000378a	66fd	c.lui	x13,0x1f	 x13=0x0001f000
       18685000	      1769	8000378c	02ac67b3	rem	x15,x24,x10	 x24:0x00001000 x10:0xfffffffe x15=0x00000000
       18695000	      1770	80003790	40c1dcb3	sra	x25,x3,x12	  x3:0x00000000 x12:0x00000000 x25=0x00000000
       18705000	      1771	80003794	5c7d	c.li	x24,-1	 x24=0xffffffff
       18715000	      1772	80003796	00ee6263	bltu	x28,x14,8000379a	 x28:0x0c000000 x14:0x00000000
       18725000	      1773	8000379a	00bf40b3	xor	x1,x30,x11	 x30:0x00001632 x11:0x80021e20  x1=0x80020812
       18735000	      1774	8000379e	8f2d	c.xor	x14,x11	 x14:0x00000000 x11:0x80021e20 x14=0x80021e20
       18745000	      1775	800037a0	0000100f	fence.i	
       18765000	      1777	800037a4	8cb1	c.xor	x9,x12	  x9:0x00000000 x12:0x00000000  x9=0x00000000
       18775000	      1778	800037a6	02def563	bgeu	x29,x13,800037d0	 x29:0x0000c000 x13:0x0001f000
       18785000	      1779	800037aa	846d	c.srai	x8,0x1b	  x8:0x00000000  x8=0x00000000
       18815000	      1782	800037ac	031b0833	mul	x16,x22,x17	 x22:0x00000000 x17:0x20000000 x16=0x00000000
       18825000	      1783	800037b0	8ca9	c.xor	x9,x10	  x9:0x00000000 x10:0xfffffffe  x9=0xfffffffe
       19195000	      1820	800037b2	03706633	rem	x12,x0,x23	  x0:0x00000000 x23:0xfffff845 x12=0x00000000
       19205000	      1821	800037b6	40575c13	srai	x24,x14,0x5	 x14:0x80021e20 x24=0xfc0010f1
       19215000	      1822	800037ba	0001	c.addi	x0,0	  x0:0x00000000  x0=0x00000000
       19225000	      1823	800037bc	01a07e63	bgeu	x0,x26,800037d8	  x0:0x00000000 x26:0xfffffe1d
       19235000	      1824	800037c0	0852	c.slli	x16,0x14	 x16:0x00000000 x16=0x00000000
       19245000	      1825	800037c2	1190	c.addi4spn	x12,x2,224	 x12=0x010000e0
       19255000	      1826	800037c4	00ca8d63	beq	x21,x12,800037de	 x21:0xffffffff x12:0x010000e0
       19285000	      1829	800037c8	036a8433	mul	x8,x21,x22	 x21:0xffffffff x22:0x00000000  x8=0x00000000
       19295000	      1830	800037cc	e899	c.bnez	x9,800037e2	  x9:0xfffffffe
       19315000	      1832	800037e2	8ef5	c.and	x13,x13	 x13:0x0001f000 x13:0x0001f000 x13=0x0001f000
       19355000	      1836	800037e4	02972833	mulhsu	x16,x14,x9	 x14:0x80021e20  x9:0xfffffffe x16=0x80021e20
       19365000	      1837	800037e8	0001	c.addi	x0,0	  x0:0x00000000  x0=0x00000000
       19375000	      1838	800037ea	21698c97	auipc	x25,0x21698	 x25=0xa169b7ea
       19385000	      1839	800037ee	158d43b7	lui	x7,0x158d4	  x7=0x158d4000
       19395000	      1840	800037f2	52e77093	andi	x1,x14,1326	 x14:0x80021e20  x1=0x00000420
       19405000	      1841	800037f6	80d1	c.srli	x9,0x14	  x9:0xfffffffe  x9=0x00000fff
       19415000	      1842	800037f8	418308b3	sub	x17,x6,x24	  x6:0x00000000 x24:0xfc0010f1 x17=0x03ffef0f
       19425000	      1843	800037fc	958eed97	auipc	x27,0x958ee	 x27=0x158f17fc
       19455000	      1846	80003800	03200233	mul	x4,x0,x18	  x0:0x00000000 x18:0x00000000  x4=0x00000000
       19465000	      1847	80003804	004a39b3	sltu	x19,x20,x4	 x20:0xfffff9ea  x4:0x00000000 x19=0x00000000
       19475000	      1848	80003808	717d	c.addi16sp	x2,-16	  x2:0x01000000  x2=0x00fffff0
       19485000	      1849	8000380a	01501763	bne	x0,x21,80003818	  x0:0x00000000 x21:0xffffffff
       19505000	      1851	80003818	40665eb3	sra	x29,x12,x6	 x12:0x010000e0  x6:0x00000000 x29=0x010000e0
       19545000	      1855	8000381c	034a17b3	mulh	x15,x20,x20	 x20:0xfffff9ea x20:0xfffff9ea x15=0x00000000
       19555000	      1856	80003820	02a96663	bltu	x18,x10,8000384c	 x18:0x00000000 x10:0xfffffffe
       19935000	      1894	8000384c	03c650b3	divu	x1,x12,x28	 x12:0x010000e0 x28:0x0c000000  x1=0x00000000
       19945000	      1895	80003850	876d	c.srai	x14,0x1b	 x14:0x80021e20 x14=0xfffffff0
       19955000	      1896	80003852	dff0fc93	andi	x25,x1,-513	  x1:0x00000000 x25=0x00000000
       19995000	      1900	80003856	0340bab3	mulhu	x21,x1,x20	  x1:0x00000000 x20:0xfffff9ea x21=0x00000000
       20005000	      1901	8000385a	00d61893	slli	x17,x12,0xd	 x12:0x010000e0 x17=0x001c0000
       20375000	      1938	8000385e	03d373b3	remu	x7,x6,x29	  x6:0x00000000 x29:0x010000e0  x7=0x00000000
       20385000	      1939	80003862	e38086b7	lui	x13,0xe3808	 x13=0xe3808000
       20395000	      1940	80003866	97cde113	ori	x2,x27,-1668	 x27:0x158f17fc  x2=0xfffffffc
       20405000	      1941	8000386a	cd6a2a93	slti	x21,x20,-810	 x20:0xfffff9ea x21=0x00000001
       20415000	      1942	8000386e	84c1	c.srai	x9,0x10	  x9:0x00000fff  x9=0x00000000
       20425000	      1943	80003870	898e	c.mv	x19,x3	  x0:0x00000000  x3:0x00000000 x19=0x00000000
       20435000	      1944	80003872	03434563	blt	x6,x20,8000389c	  x6:0x00000000 x20:0xfffff9ea
       20445000	      1945	80003876	d3218793	addi	x15,x3,-718	  x3:0x00000000 x15=0xfffffd32
       20455000	      1946	8000387a	f018c793	xori	x15,x17,-255	 x17:0x001c0000 x15=0xffe3ff01
       20485000	      1949	8000387e	033989b3	mul	x19,x19,x19	 x19:0x00000000 x19:0x00000000 x19=0x00000000
       20495000	      1950	80003882	010e	c.slli	x2,0x3	  x2:0xfffffffc  x2=0xffffffe0
       20505000	      1951	80003884	03145363	bge	x8,x17,800038aa	  x8:0x00000000 x17:0x001c0000
       20515000	      1952	80003888	582ca893	slti	x17,x25,1410	 x25:0x00000000 x17=0x00000001
       20525000	      1953	8000388c	8a95	c.andi	x13,5	 x13:0xe3808000 x13=0x00000000
       20535000	      1954	8000388e	80e5	c.srli	x9,0x19	  x9:0x00000000  x9=0x00000000
       20545000	      1955	80003890	07be	c.slli	x15,0xf	 x15:0xffe3ff01 x15=0xff808000
       20555000	      1956	80003892	8c65	c.and	x8,x9	  x8:0x00000000  x9:0x00000000  x8=0x00000000
       20565000	      1957	80003894	918f5c37	lui	x24,0x918f5	 x24=0x918f5000
       20575000	      1958	80003898	82b9	c.srli	x13,0xe	 x13:0x00000000 x13=0x00000000
       20585000	      1959	8000389a	0001	c.addi	x0,0	  x0:0x00000000  x0=0x00000000
       20595000	      1960	8000389c	6169	c.addi16sp	x2,208	  x2:0xffffffe0  x2=0x000000b0
       20605000	      1961	8000389e	016dd863	bge	x27,x22,800038ae	 x27:0x158f17fc x22:0x00000000
       20625000	      1963	800038ae	1418	c.addi4spn	x14,x2,544	 x14=0x000002d0
       20635000	      1964	800038b0	1400	c.addi4spn	x8,x2,544	  x8=0x000002d0
       20645000	      1965	800038b2	e699	c.bnez	x13,800038c0	 x13:0x00000000
       20655000	      1966	800038b4	0001	c.addi	x0,0	  x0:0x00000000  x0=0x00000000
       20665000	      1967	800038b6	4b71	c.li	x22,28	 x22=0x0000001c
       20675000	      1968	800038b8	017a36b3	sltu	x13,x20,x23	 x20:0xfffff9ea x23:0xfffff845 x13=0x00000000
       20685000	      1969	800038bc	012ff1b3	and	x3,x31,x18	 x31:0x80025ce4 x18:0x00000000  x3=0x00000000
       20705000	      1971	800038c0	02d85e33	divu	x28,x16,x13	 x16:0x80021e20 x13:0x00000000 x28=0xffffffff
       20715000	      1972	800038c4	0169f963	bgeu	x19,x22,800038d6	 x19:0x00000000 x22:0x0000001c
       20725000	      1973	800038c8	e6bdc413	xori	x8,x27,-405	 x27:0x158f17fc  x8=0xea70e997
       20735000	      1974	800038cc	0001	c.addi	x0,0	  x0:0x00000000  x0=0x00000000
       20745000	      1975	800038ce	41a0d693	srai	x13,x1,0x1a	  x1:0x00000000 x13=0x00000000
       20785000	      1979	800038d2	0334a033	mulhsu	x0,x9,x19	  x9:0x00000000 x19:0x00000000  x0=0x00000000
       20795000	      1980	800038d6	17684813	xori	x16,x16,374	 x16:0x80021e20 x16=0x80021f56
       20805000	      1981	800038da	00706cb3	or	x25,x0,x7	  x0:0x00000000  x7:0x00000000 x25=0x00000000
       20815000	      1982	800038de	96887e13	andi	x28,x16,-1688	 x16:0x80021f56 x28=0x80021940
       20825000	      1983	800038e2	0172ee33	or	x28,x5,x23	  x5:0xce400000 x23:0xfffff845 x28=0xfffff845
       20835000	      1984	800038e6	58fd	c.li	x17,-1	 x17=0xffffffff
       20845000	      1985	800038e8	0030c263	blt	x1,x3,800038ec	  x1:0x00000000  x3:0x00000000
       20855000	      1986	800038ec	087fb913	sltiu	x18,x31,135	 x31:0x80025ce4 x18=0x00000000
       20885000	      1989	800038f0	021e0bb3	mul	x23,x28,x1	 x28:0xfffff845  x1:0x00000000 x23=0x00000000
       20925000	      1993	800038f4	02c2a1b3	mulhsu	x3,x5,x12	  x5:0xce400000 x12:0x010000e0  x3=0xffce3fd4
       20955000	      1996	800038f8	02a082b3	mul	x5,x1,x10	  x1:0x00000000 x10:0xfffffffe  x5=0x00000000
       20965000	      1997	800038fc	41db5e93	srai	x29,x22,0x1d	 x22:0x0000001c x29=0x00000000
       20975000	      1998	80003900	b47deb13	ori	x22,x27,-1209	 x27:0x158f17fc x22=0xffffffff
       20985000	      1999	80003904	0188	c.addi4spn	x10,x2,192	 x10=0x00000170
       21355000	      2036	80003906	028374b3	remu	x9,x6,x8	  x6:0x00000000  x8:0xea70e997  x9=0x00000000
       21365000	      2037	8000390a	1008e213	ori	x4,x17,256	 x17:0xffffffff  x4=0xffffffff
       21375000	      2038	8000390e	0032da93	srli	x21,x5,0x3	  x5:0x00000000 x21=0x00000000
       21385000	      2039	80003912	3f430713	addi	x14,x6,1012	  x6:0x00000000 x14=0x000003f4
       21755000	      2076	80003916	03f7eab3	rem	x21,x15,x31	 x15:0xff808000 x31:0x80025ce4 x21=0xff808000
       21765000	      2077	8000391a	8af1	c.andi	x13,28	 x13:0x00000000 x13=0x00000000
       21775000	      2078	8000391c	0001	c.addi	x0,0	  x0:0x00000000  x0=0x00000000
       21785000	      2079	8000391e	8d69	c.and	x10,x10	 x10:0x00000170 x10:0x00000170 x10=0x00000170
       21795000	      2080	80003920	02811363	bne	x2,x8,80003946	  x2:0x000000b0  x8:0xea70e997
       21825000	      2083	80003946	01d8f513	andi	x10,x17,29	 x17:0xffffffff x10=0x0000001d
       21835000	      2084	8000394a	8d1d	c.sub	x10,x15	 x10:0x0000001d x15:0xff808000 x10=0x007f801d
       21845000	      2085	8000394c	187d	c.addi	x16,-1	 x16:0x80021f56 x16=0x80021f55
       21855000	      2086	8000394e	8bcd	c.andi	x15,19	 x15:0xff808000 x15=0x00000000
       21865000	      2087	80003950	03cf1b63	bne	x30,x28,80003986	 x30:0x00001632 x28:0xfffff845
       21885000	      2089	80003986	1b1c	c.addi4spn	x15,x2,432	 x15=0x00000260
       21895000	      2090	80003988	8e2d	c.xor	x12,x11	 x12:0x010000e0 x11:0x80021e20 x12=0x81021ec0
       21905000	      2091	8000398a	085d6013	ori	x0,x26,133	 x26:0xfffffe1d  x0=0x00000000
       22275000	      2128	8000398e	02f0ff33	remu	x30,x1,x15	  x1:0x00000000 x15:0x00000260 x30=0x00000000
       22645000	      2165	80003992	0246c6b3	div	x13,x13,x4	 x13:0x00000000  x4:0xffffffff x13=0x00000000
       23015000	      2202	80003996	0307eab3	rem	x21,x15,x16	 x15:0x00000260 x16:0x80021f55 x21=0x00000260
       23025000	      2203	8000399a	03a5	c.addi	x7,9	  x7:0x00000000  x7=0x00000009
       23035000	      2204	8000399c	01657763	bgeu	x10,x22,800039aa	 x10:0x007f801d x22:0xffffffff
       23045000	      2205	800039a0	025dcd63	blt	x27,x5,800039da	 x27:0x158f17fc  x5:0x00000000
       23055000	      2206	800039a4	0160a533	slt	x10,x1,x22	  x1:0x00000000 x22:0xffffffff x10=0x00000000
       23065000	      2207	800039a8	8e01	c.sub	x12,x8	 x12:0x81021ec0  x8:0xea70e997 x12=0x96913529
       23075000	      2208	800039aa	5e0f0d93	addi	x27,x30,1504	 x30:0x00000000 x27=0x000005e0
       23085000	      2209	800039ae	e7d66993	ori	x19,x12,-387	 x12:0x96913529 x19=0xffffff7d
       23095000	      2210	800039b2	00ed6833	or	x16,x26,x14	 x26:0xfffffe1d x14:0x000003f4 x16=0xfffffffd
       23105000	      2211	800039b6	245a3013	sltiu	x0,x20,581	 x20:0xfffff9ea  x0=0x00000000
       23115000	      2212	800039ba	8541	c.srai	x10,0x10	 x10:0x00000000 x10=0x00000000
       23125000	      2213	800039bc	4e29	c.li	x28,10	 x28=0x0000000a
       23135000	      2214	800039be	8e71	c.and	x12,x12	 x12:0x96913529 x12:0x96913529 x12=0x96913529
       23505000	      2251	800039c0	03a55633	divu	x12,x10,x26	 x10:0x00000000 x26:0xfffffe1d x12=0x00000000
       23515000	      2252	800039c4	557d	c.li	x10,-1	 x10=0xffffffff
       23525000	      2253	800039c6	03448f63	beq	x9,x20,80003a04	  x9:0x00000000 x20:0xfffff9ea
       23535000	      2254	800039ca	8d3d	c.xor	x10,x15	 x10:0xffffffff x15:0x00000260 x10=0xfffffd9f
       23545000	      2255	800039cc	0f9d1f17	auipc	x30,0xf9d1	 x30=0x8f9d49cc
       23555000	      2256	800039d0	8291	c.srli	x13,0x4	 x13:0x00000000 x13=0x00000000
       23595000	      2260	800039d2	0322b833	mulhu	x16,x5,x18	  x5:0x00000000 x18:0x00000000 x16=0x00000000
       23605000	      2261	800039d6	0045ed63	bltu	x11,x4,800039f0	 x11:0x80021e20  x4:0xffffffff
       23625000	      2263	800039f0	e79d	c.bnez	x15,80003a1e	 x15:0x00000260
       23645000	      2265	80003a1e	9bfd	c.andi	x15,-1	 x15:0x00000260 x15=0x00000260
       23655000	      2266	80003a20	8e05	c.sub	x12,x9	 x12:0x00000000  x9:0x00000000 x12=0x00000000
       23665000	      2267	80003a22	41025e13	srai	x28,x4,0x10	  x4:0xffffffff x28=0xffffffff
       23705000	      2271	80003a26	031babb3	mulhsu	x23,x23,x17	 x23:0x00000000 x17:0xffffffff x23=0x00000000
       23715000	      2272	80003a2a	01379f63	bne	x15,x19,80003a48	 x15:0x00000260 x19:0xffffff7d
       23735000	      2274	80003a48	0001	c.addi	x0,0	  x0:0x00000000  x0=0x00000000
       23745000	      2275	80003a4a	cd11	c.beqz	x10,80003a66	 x10:0xfffffd9f
       23755000	      2276	80003a4c	0b12	c.slli	x22,0x4	 x22:0xffffffff x22=0xfffffff0
       23765000	      2277	80003a4e	6d49	c.lui	x26,0x12	 x26=0x00012000
       23775000	      2278	80003a50	03800263	beq	x0,x24,80003a74	  x0:0x00000000 x24:0x918f5000
       23785000	      2279	80003a54	8cf9	c.and	x9,x14	  x9:0x00000000 x14:0x000003f4  x9=0x00000000
       23795000	      2280	80003a56	019b19b3	sll	x19,x22,x25	 x22:0xfffffff0 x25:0x00000000 x19=0xfffffff0
       23805000	      2281	80003a5a	0ff0000f	fence	iorw,iorw	
       23815000	      2282	80003a5e	8d09	c.sub	x10,x10	 x10:0xfffffd9f x10:0xfffffd9f x10=0x00000000
       23825000	      2283	80003a60	00c3e633	or	x12,x7,x12	  x7:0x00000009 x12:0x00000000 x12=0x00000009
       23835000	      2284	80003a64	131c	c.addi4spn	x15,x2,416	 x15=0x00000250
       23845000	      2285	80003a66	422a0793	addi	x15,x20,1058	 x20:0xfffff9ea x15=0xfffffe0c
       23855000	      2286	80003a6a	0001	c.addi	x0,0	  x0:0x00000000  x0=0x00000000
       23865000	      2287	80003a6c	46234e97	auipc	x29,0x46234	 x29=0xc6237a6c
       23905000	      2291	80003a70	021010b3	mulh	x1,x0,x1	  x0:0x00000000  x1:0x00000000  x1=0x00000000
       23915000	      2292	80003a74	009da9b3	slt	x19,x27,x9	 x27:0x000005e0  x9:0x00000000 x19=0x00000000
       23925000	      2293	80003a78	00d9c363	blt	x19,x13,80003a7e	 x19:0x00000000 x13:0x00000000
       23935000	      2294	80003a7c	8fa9	c.xor	x15,x10	 x15:0xfffffe0c x10:0x00000000 x15=0xfffffe0c
       23945000	      2295	80003a7e	c22ff613	andi	x12,x31,-990	 x31:0x80025ce4 x12=0x80025c20
       23955000	      2296	80003a82	00b254b3	srl	x9,x4,x11	  x4:0xffffffff x11:0x80021e20  x9=0xffffffff
       23965000	      2297	80003a86	4f59	c.li	x30,22	 x30=0x00000016
       23975000	      2298	80003a88	0145c463	blt	x11,x20,80003a90	 x11:0x80021e20 x20:0xfffff9ea
       23995000	      2300	80003a90	413b83b3	sub	x7,x23,x19	 x23:0x00000000 x19:0x00000000  x7=0x00000000
       24005000	      2301	80003a94	1afd	c.addi	x21,-1	 x21:0x00000260 x21=0x0000025f
       24015000	      2302	80003a96	eb0b0c37	lui	x24,0xeb0b0	 x24=0xeb0b0000
       24025000	      2303	80003a9a	0c45	c.addi	x24,17	 x24:0xeb0b0000 x24=0xeb0b0011
       24065000	      2307	80003a9c	03b83133	mulhu	x2,x16,x27	 x16:0x00000000 x27:0x000005e0  x2=0x00000000
       24075000	      2308	80003aa0	69d1	c.lui	x19,0x14	 x19=0x00014000
       24445000	      2345	80003aa2	023dea33	rem	x20,x27,x3	 x27:0x000005e0  x3:0xffce3fd4 x20=0x000005e0
       24475000	      2348	80003aa6	03e90a33	mul	x20,x18,x30	 x18:0x00000000 x30:0x00000016 x20=0x00000000
       24485000	      2349	80003aaa	68b9	c.lui	x17,0xe	 x17=0x0000e000
       24495000	      2350	80003aac	e81d	c.bnez	x8,80003ae2	  x8:0xea70e997
       24515000	      2352	80003ae2	0001	c.addi	x0,0	  x0:0x00000000  x0=0x00000000
       24525000	      2353	80003ae4	0ff0000f	fence	iorw,iorw	
       24535000	      2354	80003ae8	006ead33	slt	x26,x29,x6	 x29:0xc6237a6c  x6:0x00000000 x26=0x00000001
       24545000	      2355	80003aec	012fbab3	sltu	x21,x31,x18	 x31:0x80025ce4 x18:0x00000000 x21=0x00000000
       24555000	      2356	80003af0	00865d33	srl	x26,x12,x8	 x12:0x80025c20  x8:0xea70e997 x26=0x00000100
       24565000	      2357	80003af4	007a37b3	sltu	x15,x20,x7	 x20:0x00000000  x7:0x00000000 x15=0x00000000
       24575000	      2358	80003af8	0ee24793	xori	x15,x4,238	  x4:0xffffffff x15=0xffffff11
       24585000	      2359	80003afc	1894	c.addi4spn	x13,x2,112	 x13=0x00000070
       24625000	      2363	80003afe	02862d33	mulhsu	x26,x12,x8	 x12:0x80025c20  x8:0xea70e997 x26=0x8ac9b474
       24665000	      2367	80003b02	035baab3	mulhsu	x21,x23,x21	 x23:0x00000000 x21:0x00000000 x21=0x00000000
       24675000	      2368	80003b06	02197563	bgeu	x18,x1,80003b30	 x18:0x00000000  x1:0x00000000
       24695000	      2370	80003b30	000b4133	xor	x2,x22,x0	 x22:0xfffffff0  x0:0x00000000  x2=0xfffffff0
       24705000	      2371	80003b34	008db733	sltu	x14,x27,x8	 x27:0x000005e0  x8:0xea70e997 x14=0x00000001
       24715000	      2372	80003b38	d67bfa13	andi	x20,x23,-665	 x23:0x00000000 x20=0x00000000
       24725000	      2373	80003b3c	6685	c.lui	x13,0x1	 x13=0x00001000
       24735000	      2374	80003b3e	ce0d	c.beqz	x12,80003b78	 x12:0x80025c20
       24745000	      2375	80003b40	01dffc63	bgeu	x31,x29,80003b58	 x31:0x80025ce4 x29:0xc6237a6c
       24755000	      2376	80003b44	cb8d	c.beqz	x15,80003b76	 x15:0xffffff11
       24765000	      2377	80003b46	02f26163	bltu	x4,x15,80003b68	  x4:0xffffffff x15:0xffffff11
       24775000	      2378	80003b4a	4125deb3	sra	x29,x11,x18	 x11:0x80021e20 x18:0x00000000 x29=0x80021e20
       24785000	      2379	80003b4e	98ddf793	andi	x15,x27,-1651	 x27:0x000005e0 x15=0x00000180
       24815000	      2382	80003b52	02d683b3	mul	x7,x13,x13	 x13:0x00001000 x13:0x00001000  x7=0x01000000
       24825000	      2383	80003b56	8fed	c.and	x15,x11	 x15:0x00000180 x11:0x80021e20 x15=0x00000000
       24835000	      2384	80003b58	0086dd13	srli	x26,x13,0x8	 x13:0x00001000 x26=0x00000010
       25205000	      2421	80003b5c	0226f733	remu	x14,x13,x2	 x13:0x00001000  x2:0xfffffff0 x14=0x00001000
       25215000	      2422	80003b60	013461b3	or	x3,x8,x19	  x8:0xea70e997 x19:0x00014000  x3=0xea71e997
       25245000	      2425	80003b64	032c8033	mul	x0,x25,x18	 x25:0x00000000 x18:0x00000000  x0=0x00000000
       25255000	      2426	80003b68	41685113	srai	x2,x16,0x16	 x16:0x00000000  x2=0x00000000
       25265000	      2427	80003b6c	01790ab3	add	x21,x18,x23	 x18:0x00000000 x23:0x00000000 x21=0x00000000
       25275000	      2428	80003b70	6d71	c.lui	x26,0x1c	 x26=0x0001c000
       25285000	      2429	80003b72	02537263	bgeu	x6,x5,80003b96	  x6:0x00000000  x5:0x00000000
       25305000	      2431	80003b96	0001	c.addi	x0,0	  x0:0x00000000  x0=0x00000000
       25315000	      2432	80003b98	8e45	c.or	x12,x9	 x12:0x80025c20  x9:0xffffffff x12=0xffffffff
       25325000	      2433	80003b9a	e889	c.bnez	x9,80003bac	  x9:0xffffffff
       25375000	      2438	80003bac	03ad3933	mulhu	x18,x26,x26	 x26:0x0001c000 x26:0x0001c000 x18=0x00000003
       25385000	      2439	80003bb0	03200d63	beq	x0,x18,80003bea	  x0:0x00000000 x18:0x00000003
       25395000	      2440	80003bb4	1b10	c.addi4spn	x12,x2,432	 x12=0x000001b0
       25405000	      2441	80003bb6	01295693	srli	x13,x18,0x12	 x18:0x00000003 x13=0x00000000
       25415000	      2442	80003bba	a25b7a13	andi	x20,x22,-1499	 x22:0xfffffff0 x20=0xfffffa20
       25425000	      2443	80003bbe	8e81	c.sub	x13,x8	 x13:0x00000000  x8:0xea70e997 x13=0x158f1669
       25435000	      2444	80003bc0	8c05	c.sub	x8,x9	  x8:0xea70e997  x9:0xffffffff  x8=0xea70e998
       25445000	      2445	80003bc2	01105713	srli	x14,x0,0x11	  x0:0x00000000 x14=0x00000000
       25455000	      2446	80003bc6	4e01ae93	slti	x29,x3,1248	  x3:0xea71e997 x29=0x00000001
       25465000	      2447	80003bca	01099193	slli	x3,x19,0x10	 x19:0x00014000  x3=0x40000000
       25475000	      2448	80003bce	d160b7b7	lui	x15,0xd160b	 x15=0xd160b000
       25485000	      2449	80003bd2	96d6	c.add	x13,x21	 x13:0x158f1669 x21:0x00000000 x13=0x158f1669
       25495000	      2450	80003bd4	0ff0000f	fence	iorw,iorw	
       25505000	      2451	80003bd8	fc75aa17	auipc	x20,0xfc75a	 x20=0x7c75dbd8
       25515000	      2452	80003bdc	0f2e	c.slli	x30,0xb	 x30:0x00000016 x30=0x0000b000
       25885000	      2489	80003bde	02bede33	divu	x28,x29,x11	 x29:0x00000001 x11:0x80021e20 x28=0x00000000
       25925000	      2493	80003be2	02063b33	mulhu	x22,x12,x0	 x12:0x000001b0  x0:0x00000000 x22=0x00000000
       25955000	      2496	80003be6	031d06b3	mul	x13,x26,x17	 x26:0x0001c000 x17:0x0000e000 x13=0x88000000
       25965000	      2497	80003bea	7a3d1537	lui	x10,0x7a3d1	 x10=0x7a3d1000
       25975000	      2498	80003bee	b2704213	xori	x4,x0,-1241	  x0:0x00000000  x4=0xfffffb27
       25985000	      2499	80003bf2	8d39	c.xor	x10,x14	 x10:0x7a3d1000 x14:0x00000000 x10=0x7a3d1000
       26355000	      2536	80003bf4	0335d633	divu	x12,x11,x19	 x11:0x80021e20 x19:0x00014000 x12=0x00006668
       26365000	      2537	80003bf8	43c2c193	xori	x3,x5,1084	  x5:0x00000000  x3=0x0000043c
       26375000	      2538	80003bfc	80b9	c.srli	x9,0xe	  x9:0xffffffff  x9=0x0003ffff
       26385000	      2539	80003bfe	00dd5363	bge	x26,x13,80003c04	 x26:0x0001c000 x13:0x88000000
       26405000	      2541	80003c04	012fdc13	srli	x24,x31,0x12	 x31:0x80025ce4 x24=0x00002000
       26415000	      2542	80003c08	40abd413	srai	x8,x23,0xa	 x23:0x00000000  x8=0x00000000
       26455000	      2546	80003c0c	02dd92b3	mulh	x5,x27,x13	 x27:0x000005e0 x13:0x88000000  x5=0xfffffd3f
       26465000	      2547	80003c10	8c2d	c.xor	x8,x11	  x8:0x00000000 x11:0x80021e20  x8=0x80021e20
       26475000	      2548	80003c12	717d	c.addi16sp	x2,-16	  x2:0x00000000  x2=0xfffffff0
       26485000	      2549	80003c14	0118f263	bgeu	x17,x17,80003c18	 x17:0x0000e000 x17:0x0000e000
       26505000	      2551	80003c18	05bf9163	bne	x31,x27,80003c5a	 x31:0x80025ce4 x27:0x000005e0
       26895000	      2590	80003c5a	02976933	rem	x18,x14,x9	 x14:0x00000000  x9:0x0003ffff x18=0x00000000
       26905000	      2591	80003c5e	9636	c.add	x12,x13	 x12:0x00006668 x13:0x88000000 x12=0x88006668
       26915000	      2592	80003c60	8765	c.srai	x14,0x19	 x14:0x00000000 x14=0x00000000
       26925000	      2593	80003c62	0001	c.addi	x0,0	  x0:0x00000000  x0=0x00000000
       26935000	      2594	80003c64	05f7d463	bge	x15,x31,80003cac	 x15:0xd160b000 x31:0x80025ce4
       26955000	      2596	80003cac	d67fb813	sltiu	x16,x31,-665	 x31:0x80025ce4 x16=0x00000001
       26965000	      2597	80003cb0	8492	c.mv	x9,x4	  x0:0x00000000  x4:0xfffffb27  x9=0xfffffb27
       26975000	      2598	80003cb2	01f323b3	slt	x7,x6,x31	  x6:0x00000000 x31:0x80025ce4  x7=0x00000000
       26995000	      2600	80003cb6	0209ed33	rem	x26,x19,x0	 x19:0x00014000  x0:0x00000000 x26=0x00014000
       27005000	      2601	80003cba	9e52	c.add	x28,x20	 x28:0x00000000 x20:0x7c75dbd8 x28=0x7c75dbd8
       27015000	      2602	80003cbc	01187033	and	x0,x16,x17	 x16:0x00000001 x17:0x0000e000  x0=0x00000000
       27025000	      2603	80003cc0	8c05	c.sub	x8,x9	  x8:0x80021e20  x9:0xfffffb27  x8=0x800222f9
       27035000	      2604	80003cc2	8e65	c.and	x12,x9	 x12:0x88006668  x9:0xfffffb27 x12=0x88006220
       27045000	      2605	80003cc4	eb142493	slti	x9,x8,-335	  x8:0x800222f9  x9=0x00000001
       27055000	      2606	80003cc8	e90d	c.bnez	x10,80003cfa	 x10:0x7a3d1000
       27075000	      2608	80003cfa	8c45	c.or	x8,x9	  x8:0x800222f9  x9:0x00000001  x8=0x800222f9
       27085000	      2609	80003cfc	8eb9	c.xor	x13,x14	 x13:0x88000000 x14:0x00000000 x13=0x88000000
       27095000	      2610	80003cfe	69e1	c.lui	x19,0x18	 x19=0x00018000
       27105000	      2611	80003d00	0d1a	c.slli	x26,0x6	 x26:0x00014000 x26=0x00500000
       27115000	      2612	80003d02	2acb2613	slti	x12,x22,684	 x22:0x00000000 x12=0x00000001
       27125000	      2613	80003d06	0000100f	fence.i	
       27155000	      2616	80003d0a	0153e233	or	x4,x7,x21	  x7:0x00000000 x21:0x00000000  x4=0x00000000
       27195000	      2620	80003d0e	022f24b3	mulhsu	x9,x30,x2	 x30:0x0000b000  x2:0xfffffff0  x9=0x0000afff
       27205000	      2621	80003d12	8d51	c.or	x10,x12	 x10:0x7a3d1000 x12:0x00000001 x10=0x7a3d1001
       27215000	      2622	80003d14	02b31d63	bne	x6,x11,80003d4e	  x6:0x00000000 x11:0x80021e20
       27275000	      2628	80003d4e	03211933	mulh	x18,x2,x18	  x2:0xfffffff0 x18:0x00000000 x18=0x00000000
       27305000	      2631	80003d52	037f8533	mul	x10,x31,x23	 x31:0x80025ce4 x23:0x00000000 x10=0x00000000
       27315000	      2632	80003d56	0000100f	fence.i	
       27335000	      2634	80003d5a	6149	c.addi16sp	x2,144	  x2:0xfffffff0  x2=0x00000080
       27375000	      2638	80003d5c	0295b933	mulhu	x18,x11,x9	 x11:0x80021e20  x9:0x0000afff x18=0x00005800
       27385000	      2639	80003d60	00e64863	blt	x12,x14,80003d70	 x12:0x00000001 x14:0x00000000
       27395000	      2640	80003d64	00d6d533	srl	x10,x13,x13	 x13:0x88000000 x13:0x88000000 x10=0x88000000
       27765000	      2677	80003d68	034ad7b3	divu	x15,x21,x20	 x21:0x00000000 x20:0x7c75dbd8 x15=0x00000000
       27775000	      2678	80003d6c	3c0d4793	xori	x15,x26,960	 x26:0x00500000 x15=0x005003c0
       27785000	      2679	80003d70	01c19e33	sll	x28,x3,x28	  x3:0x0000043c x28:0x7c75dbd8 x28=0x3c000000
       27795000	      2680	80003d74	0000100f	fence.i	
       27825000	      2683	80003d78	03706bb3	rem	x23,x0,x23	  x0:0x00000000 x23:0x00000000 x23=0x00000000
       27845000	      2685	80003d7c	0206dd33	divu	x26,x13,x0	 x13:0x88000000  x0:0x00000000 x26=0xffffffff
       27855000	      2686	80003d80	6549	c.lui	x10,0x12	 x10=0x00012000
       27865000	      2687	80003d82	9a86	c.add	x21,x1	 x21:0x00000000  x1:0x00000000 x21=0x00000000
       27875000	      2688	80003d84	8f55	c.or	x14,x13	 x14:0x00000000 x13:0x88000000 x14=0x88000000
       27885000	      2689	80003d86	0128b4b3	sltu	x9,x17,x18	 x17:0x0000e000 x18:0x00005800  x9=0x00000000
       27895000	      2690	80003d8a	04f2	c.slli	x9,0x1c	  x9:0x00000000  x9=0x00000000
       27905000	      2691	80003d8c	019182b3	add	x5,x3,x25	  x3:0x0000043c x25:0x00000000  x5=0x0000043c
       27915000	      2692	80003d90	01406e33	or	x28,x0,x20	  x0:0x00000000 x20:0x7c75dbd8 x28=0x7c75dbd8
       27925000	      2693	80003d94	8872	c.mv	x16,x28	  x0:0x00000000 x28:0x7c75dbd8 x16=0x7c75dbd8
       27935000	      2694	80003d96	00a4d363	bge	x9,x10,80003d9c	  x9:0x00000000 x10:0x00012000
       27945000	      2695	80003d9a	8f09	c.sub	x14,x10	 x14:0x88000000 x10:0x00012000 x14=0x87fee000
       27955000	      2696	80003d9c	8d01	c.sub	x10,x8	 x10:0x00012000  x8:0x800222f9 x10=0x7ffefd07
       27965000	      2697	80003d9e	4401	c.li	x8,0	  x8=0x00000000
       27975000	      2698	80003da0	41bc0533	sub	x10,x24,x27	 x24:0x00002000 x27:0x000005e0 x10=0x00001a20
       28015000	      2702	80003da4	033db6b3	mulhu	x13,x27,x19	 x27:0x000005e0 x19:0x00018000 x13=0x00000000
       28025000	      2703	80003da8	c111	c.beqz	x10,80003dac	 x10:0x00001a20
       28035000	      2704	80003daa	17fd	c.addi	x15,-1	 x15:0x005003c0 x15=0x005003bf
       28045000	      2705	80003dac	8fb5	c.xor	x15,x13	 x15:0x005003bf x13:0x00000000 x15=0x005003bf
       28055000	      2706	80003dae	6b6d	c.lui	x22,0x1b	 x22=0x0001b000
       28065000	      2707	80003db0	0064e6b3	or	x13,x9,x6	  x9:0x00000000  x6:0x00000000 x13=0x00000000
       28075000	      2708	80003db4	00085763	bge	x16,x0,80003dc2	 x16:0x7c75dbd8  x0:0x00000000
       28095000	      2710	80003dc2	62dd	c.lui	x5,0x17	  x5=0x00017000
       28105000	      2711	80003dc4	01001b93	slli	x23,x0,0x10	  x0:0x00000000 x23=0x00000000
       28115000	      2712	80003dc8	000714b3	sll	x9,x14,x0	 x14:0x87fee000  x0:0x00000000  x9=0x87fee000
       28125000	      2713	80003dcc	0c94	c.addi4spn	x13,x2,592	 x13=0x000002d0
       28135000	      2714	80003dce	5c212393	slti	x7,x2,1474	  x2:0x00000080  x7=0x00000001
       28175000	      2718	80003dd2	02eda533	mulhsu	x10,x27,x14	 x27:0x000005e0 x14:0x87fee000 x10=0x0000031e
       28185000	      2719	80003dd6	00f6	c.slli	x1,0x1d	  x1:0x00000000  x1=0x00000000
       28195000	      2720	80003dd8	1c7d	c.addi	x24,-1	 x24:0x00002000 x24=0x00001fff
       28205000	      2721	80003dda	02db4863	blt	x22,x13,80003e0a	 x22:0x0001b000 x13:0x000002d0
       28245000	      2725	80003dde	02739d33	mulh	x26,x7,x7	  x7:0x00000001  x7:0x00000001 x26=0x00000000
       28255000	      2726	80003de2	03c54663	blt	x10,x28,80003e0e	 x10:0x0000031e x28:0x7c75dbd8
       28315000	      2732	80003e0e	03b93133	mulhu	x2,x18,x27	 x18:0x00005800 x27:0x000005e0  x2=0x00000000
       28325000	      2733	80003e12	02f6	c.slli	x5,0x1d	  x5:0x00017000  x5=0x00000000
       28365000	      2737	80003e14	0263ad33	mulhsu	x26,x7,x6	  x7:0x00000001  x6:0x00000000 x26=0x00000000
       28375000	      2738	80003e18	41055893	srai	x17,x10,0x10	 x10:0x0000031e x17=0x00000000
       28385000	      2739	80003e1c	01895a63	bge	x18,x24,80003e30	 x18:0x00005800 x24:0x00001fff
       28405000	      2741	80003e30	3e300013	addi	x0,x0,995	  x0:0x00000000  x0=0x00000000
       28415000	      2742	80003e34	e685	c.bnez	x13,80003e5c	 x13:0x000002d0
       28465000	      2747	80003e5c	03cb26b3	mulhsu	x13,x22,x28	 x22:0x0001b000 x28:0x7c75dbd8 x13=0x0000d206
       28835000	      2784	80003e60	02e2fd33	remu	x26,x5,x14	  x5:0x00000000 x14:0x87fee000 x26=0x00000000
       28845000	      2785	80003e64	0001	c.addi	x0,0	  x0:0x00000000  x0=0x00000000
       28885000	      2789	80003e66	02d39eb3	mulh	x29,x7,x13	  x7:0x00000001 x13:0x0000d206 x29=0x00000000
       28895000	      2790	80003e6a	cb9d	c.beqz	x15,80003ea0	 x15:0x005003bf
       28905000	      2791	80003e6c	614d	c.addi16sp	x2,176	  x2:0x00000000  x2=0x000000b0
       28915000	      2792	80003e6e	84dd	c.srai	x9,0x17	  x9:0x87fee000  x9=0xffffff0f
       28925000	      2793	80003e70	40d68133	sub	x2,x13,x13	 x13:0x0000d206 x13:0x0000d206  x2=0x00000000
       28945000	      2795	80003e74	031c68b3	rem	x17,x24,x17	 x24:0x00001fff x17:0x00000000 x17=0x00001fff
       28955000	      2796	80003e78	03e66963	bltu	x12,x30,80003eaa	 x12:0x00000001 x30:0x0000b000
       28985000	      2799	80003eaa	011cda33	srl	x20,x25,x17	 x25:0x00000000 x17:0x00001fff x20=0x00000000
       28995000	      2800	80003eae	414f5ab3	sra	x21,x30,x20	 x30:0x0000b000 x20:0x00000000 x21=0x0000b000
       29005000	      2801	80003eb2	059c0363	beq	x24,x25,80003ef8	 x24:0x00001fff x25:0x00000000
       29025000	      2803	80003eb6	037cf3b3	remu	x7,x25,x23	 x25:0x00000000 x23:0x00000000  x7=0x00000000
       29035000	      2804	80003eba	409b07b3	sub	x15,x22,x9	 x22:0x0001b000  x9:0xffffff0f x15=0x0001b0f1
       29045000	      2805	80003ebe	8cad	c.xor	x9,x11	  x9:0xffffff0f x11:0x80021e20  x9=0x7ffde12f
       29085000	      2809	80003ec0	03de9f33	mulh	x30,x29,x29	 x29:0x00000000 x29:0x00000000 x30=0x00000000
       29095000	      2810	80003ec4	19fd	c.addi	x19,-1	 x19:0x00018000 x19=0x00017fff
       29105000	      2811	80003ec6	04591163	bne	x18,x5,80003f08	 x18:0x00005800  x5:0x00000000
       29125000	      2813	80003f08	613d	c.addi16sp	x2,480	  x2:0x00000000  x2=0x000001e0
       29135000	      2814	80003f0a	417ad0b3	sra	x1,x21,x23	 x21:0x0000b000 x23:0x00000000  x1=0x0000b000
       29145000	      2815	80003f0e	411b0633	sub	x12,x22,x17	 x22:0x0001b000 x17:0x00001fff x12=0x00019001
       29155000	      2816	80003f12	8e81	c.sub	x13,x8	 x13:0x0000d206  x8:0x00000000 x13=0x0000d206
       29165000	      2817	80003f14	001f1bb3	sll	x23,x30,x1	 x30:0x00000000  x1:0x0000b000 x23=0x00000000
       29175000	      2818	80003f18	0029c833	xor	x16,x19,x2	 x19:0x00017fff  x2:0x000001e0 x16=0x00017e1f
       29185000	      2819	80003f1c	f9397c93	andi	x25,x18,-109	 x18:0x00005800 x25=0x00005800
       29195000	      2820	80003f20	00831b33	sll	x22,x6,x8	  x6:0x00000000  x8:0x00000000 x22=0x00000000
       29205000	      2821	80003f24	031d6163	bltu	x26,x17,80003f46	 x26:0x00000000 x17:0x00001fff
       29235000	      2824	80003f46	007b1863	bne	x22,x7,80003f56	 x22:0x00000000  x7:0x00000000
       29245000	      2825	80003f4a	ee09	c.bnez	x12,80003f64	 x12:0x00019001
       29265000	      2827	80003f64	e90d	c.bnez	x10,80003f96	 x10:0x0000031e
       29295000	      2830	80003f96	f0fa63b7	lui	x7,0xf0fa6	  x7=0xf0fa6000
       29305000	      2831	80003f9a	8021	c.srli	x8,0x8	  x8:0x00000000  x8=0x00000000
       29315000	      2832	80003f9c	62494193	xori	x3,x18,1572	 x18:0x00005800  x3=0x00005e24
       29325000	      2833	80003fa0	99c34437	lui	x8,0x99c34	  x8=0x99c34000
       29335000	      2834	80003fa4	6155	c.addi16sp	x2,304	  x2:0x000001e0  x2=0x00000310
       29345000	      2835	80003fa6	0ff0000f	fence	iorw,iorw	
       29355000	      2836	80003faa	00e67833	and	x16,x12,x14	 x12:0x00019001 x14:0x87fee000 x16=0x00008000
       29365000	      2837	80003fae	02b2	c.slli	x5,0xc	  x5:0x00000000  x5=0x00000000
       29375000	      2838	80003fb0	98fd	c.andi	x9,-1	  x9:0x7ffde12f  x9=0x7ffde12f
       29385000	      2839	80003fb2	007c4433	xor	x8,x24,x7	 x24:0x00001fff  x7:0xf0fa6000  x8=0xf0fa7fff
       29405000	      2841	80003fb6	03a4f4b3	remu	x9,x9,x26	  x9:0x7ffde12f x26:0x00000000  x9=0x7ffde12f
       29415000	      2842	80003fba	cb5ff737	lui	x14,0xcb5ff	 x14=0xcb5ff000
       29425000	      2843	80003fbe	cf05	c.beqz	x14,80003ff6	 x14:0xcb5ff000
       29435000	      2844	80003fc0	0ff0000f	fence	iorw,iorw	
       29445000	      2845	80003fc4	fead4c97	auipc	x25,0xfead4	 x25=0x7ead7fc4
       29465000	      2847	80003fc8	025bceb3	div	x29,x23,x5	 x23:0x00000000  x5:0x00000000 x29=0xffffffff
       29505000	      2851	80003fcc	02702633	mulhsu	x12,x0,x7	  x0:0x00000000  x7:0xf0fa6000 x12=0x00000000
       29515000	      2852	80003fd0	e51d	c.bnez	x10,80003ffe	 x10:0x0000031e
       29535000	      2854	80003ffe	0001	c.addi	x0,0	  x0:0x00000000  x0=0x00000000
       29545000	      2855	80004000	8bfdf093	andi	x1,x27,-1857	 x27:0x000005e0  x1=0x000000a0
       29555000	      2856	80004004	8769	c.srai	x14,0x1a	 x14:0xcb5ff000 x14=0xfffffff2
       29565000	      2857	80004006	01e5c9b3	xor	x19,x11,x30	 x11:0x80021e20 x30:0x00000000 x19=0x80021e20
       29575000	      2858	8000400a	0164d663	bge	x9,x22,80004016	  x9:0x7ffde12f x22:0x00000000
       29605000	      2861	80004016	00115863	bge	x2,x1,80004026	  x2:0x00000310  x1:0x000000a0
       29635000	      2864	80004026	031a1863	bne	x20,x17,80004056	 x20:0x00000000 x17:0x00001fff
       29665000	      2867	80004056	0000100f	fence.i	
       29695000	      2870	8000405a	0000100f	fence.i	
       30085000	      2909	8000405e	02ade4b3	rem	x9,x27,x10	 x27:0x000005e0 x10:0x0000031e  x9=0x000002c2
       30095000	      2910	80004062	0000100f	fence.i	
       30125000	      2913	80004066	000fb633	sltu	x12,x31,x0	 x31:0x80025ce4  x0:0x00000000 x12=0x00000000
       30135000	      2914	8000406a	01287633	and	x12,x16,x18	 x16:0x00008000 x18:0x00005800 x12=0x00000000
       30175000	      2918	8000406e	025934b3	mulhu	x9,x18,x5	 x18:0x00005800  x5:0x00000000  x9=0x00000000
       30185000	      2919	80004072	c69d	c.beqz	x13,800040a0	 x13:0x0000d206
       30225000	      2923	80004074	027c9533	mulh	x10,x25,x7	 x25:0x7ead7fc4  x7:0xf0fa6000 x10=0xf8910cf3
       30235000	      2924	80004078	0ff0000f	fence	iorw,iorw	
       30245000	      2925	8000407c	010c93b3	sll	x7,x25,x16	 x25:0x7ead7fc4 x16:0x00008000  x7=0x7ead7fc4
       30255000	      2926	80004080	01cf8533	add	x10,x31,x28	 x31:0x80025ce4 x28:0x7c75dbd8 x10=0xfc7838bc
       30265000	      2927	80004084	0000100f	fence.i	
       30285000	      2929	80004088	03ce7063	bgeu	x28,x28,800040a8	 x28:0x7c75dbd8 x28:0x7c75dbd8
       30305000	      2931	800040a8	0ff0000f	fence	iorw,iorw	
       30315000	      2932	800040ac	010bbab3	sltu	x21,x23,x16	 x23:0x00000000 x16:0x00008000 x21=0x00000001
       30325000	      2933	800040b0	7e65c117	auipc	x2,0x7e65c	  x2=0xfe6600b0
       30335000	      2934	800040b4	0000100f	fence.i	
       30355000	      2936	800040b8	cb19	c.beqz	x14,800040ce	 x14:0xfffffff2
       30365000	      2937	800040ba	82e5	c.srli	x13,0x19	 x13:0x0000d206 x13=0x00000000
       30375000	      2938	800040bc	6b25	c.lui	x22,0x9	 x22=0x00009000
       30385000	      2939	800040be	01f05793	srli	x15,x0,0x1f	  x0:0x00000000 x15=0x00000000
       30755000	      2976	800040c2	023efa33	remu	x20,x29,x3	 x29:0xffffffff  x3:0x00005e24 x20=0x000026a7
       30765000	      2977	800040c6	b9864193	xori	x3,x12,-1128	 x12:0x00000000  x3=0xfffffb98
       30775000	      2978	800040ca	0127de33	srl	x28,x15,x18	 x15:0x00000000 x18:0x00005800 x28=0x00000000
       30815000	      2982	800040ce	02fd9233	mulh	x4,x27,x15	 x27:0x000005e0 x15:0x00000000  x4=0x00000000
       30825000	      2983	800040d2	8c55	c.or	x8,x13	  x8:0xf0fa7fff x13:0x00000000  x8=0xf0fa7fff
       30835000	      2984	800040d4	40cbd933	sra	x18,x23,x12	 x23:0x00000000 x12:0x00000000 x18=0x00000000
       30845000	      2985	800040d8	009b3433	sltu	x8,x22,x9	 x22:0x00009000  x9:0x00000000  x8=0x00000000
       30855000	      2986	800040dc	c78d	c.beqz	x15,80004106	 x15:0x00000000
       30885000	      2989	80004106	0120d363	bge	x1,x18,8000410c	  x1:0x000000a0 x18:0x00000000
       30905000	      2991	8000410c	e89ca113	slti	x2,x25,-375	 x25:0x7ead7fc4  x2=0x00000000
       30915000	      2992	80004110	0001	c.addi	x0,0	  x0:0x00000000  x0=0x00000000
       30925000	      2993	80004112	41bf0e33	sub	x28,x30,x27	 x30:0x00000000 x27:0x000005e0 x28=0xfffffa20
       30965000	      2997	80004116	03b53a33	mulhu	x20,x10,x27	 x10:0xfc7838bc x27:0x000005e0 x20=0x000005cb
       30975000	      2998	8000411a	00d6ac33	slt	x24,x13,x13	 x13:0x00000000 x13:0x00000000 x24=0x00000000
       30985000	      2999	8000411e	01106b33	or	x22,x0,x17	  x0:0x00000000 x17:0x00001fff x22=0x00001fff
       31005000	      3001	80004122	028667b3	rem	x15,x12,x8	 x12:0x00000000  x8:0x00000000 x15=0x00000000
       31015000	      3002	80004126	0174c863	blt	x9,x23,80004136	  x9:0x00000000 x23:0x00000000
       31025000	      3003	8000412a	0001	c.addi	x0,0	  x0:0x00000000  x0=0x00000000
       31035000	      3004	8000412c	e329	c.bnez	x14,8000416e	 x14:0xfffffff2
       31055000	      3006	8000416e	e68d	c.bnez	x13,80004198	 x13:0x00000000
       31085000	      3009	80004170	039b8733	mul	x14,x23,x25	 x23:0x00000000 x25:0x7ead7fc4 x14=0x00000000
       31095000	      3010	80004174	69e9	c.lui	x19,0x1a	 x19=0x0001a000
       31105000	      3011	80004176	87d1	c.srai	x15,0x14	 x15:0x00000000 x15=0x00000000
       31115000	      3012	80004178	028dfb63	bgeu	x27,x8,800041ae	 x27:0x000005e0  x8:0x00000000
       31135000	      3014	800041ae	c799	c.beqz	x15,800041bc	 x15:0x00000000
       31155000	      3016	800041bc	41cd8933	sub	x18,x27,x28	 x27:0x000005e0 x28:0xfffffa20 x18=0x00000bc0
       31165000	      3017	800041c0	40cc5c13	srai	x24,x24,0xc	 x24:0x00000000 x24=0x00000000
       31175000	      3018	800041c4	1388	c.addi4spn	x10,x2,480	 x10=0x000001e0
       31185000	      3019	800041c6	00669c63	bne	x13,x6,800041de	 x13:0x00000000  x6:0x00000000
       31195000	      3020	800041ca	0001	c.addi	x0,0	  x0:0x00000000  x0=0x00000000
       31205000	      3021	800041cc	8c85	c.sub	x9,x9	  x9:0x00000000  x9:0x00000000  x9=0x00000000
       31215000	      3022	800041ce	ca81	c.beqz	x13,800041de	 x13:0x00000000
       31245000	      3025	800041de	012f5db3	srl	x27,x30,x18	 x30:0x00000000 x18:0x00000bc0 x27=0x00000000
       31255000	      3026	800041e2	0001	c.addi	x0,0	  x0:0x00000000  x0=0x00000000
       31265000	      3027	800041e4	9a7d	c.andi	x12,-1	 x12:0x00000000 x12=0x00000000
       31275000	      3028	800041e6	014a	c.slli	x2,0x12	  x2:0x00000000  x2=0x00000000
       31285000	      3029	800041e8	1a88	c.addi4spn	x10,x2,368	 x10=0x00000170
       31295000	      3030	800041ea	001da6b3	slt	x13,x27,x1	 x27:0x00000000  x1:0x000000a0 x13=0x00000001
       31325000	      3033	800041ee	02968e33	mul	x28,x13,x9	 x13:0x00000001  x9:0x00000000 x28=0x00000000
       31335000	      3034	800041f2	0001	c.addi	x0,0	  x0:0x00000000  x0=0x00000000
       31345000	      3035	800041f4	8f4d	c.or	x14,x11	 x14:0x00000000 x11:0x80021e20 x14=0x80021e20
       31355000	      3036	800041f6	0000100f	fence.i	
       31375000	      3038	800041fa	8a05	c.andi	x12,1	 x12:0x00000000 x12=0x00000000
       31385000	      3039	800041fc	8f4d	c.or	x14,x11	 x14:0x80021e20 x11:0x80021e20 x14=0x80021e20
       31395000	      3040	800041fe	01109463	bne	x1,x17,80004206	  x1:0x000000a0 x17:0x00001fff
       31425000	      3043	80004206	038c6363	bltu	x24,x24,8000422c	 x24:0x00000000 x24:0x00000000
       31465000	      3047	8000420a	03e0a133	mulhsu	x2,x1,x30	  x1:0x000000a0 x30:0x00000000  x2=0x00000000
       31475000	      3048	8000420e	1594	c.addi4spn	x13,x2,736	 x13=0x000002e0
       31485000	      3049	80004210	82bd	c.srli	x13,0xf	 x13:0x000002e0 x13=0x00000000
       31495000	      3050	80004212	648086b7	lui	x13,0x64808	 x13=0x64808000
       31515000	      3052	80004216	038562b3	rem	x5,x10,x24	 x10:0x00000170 x24:0x00000000  x5=0x00000170
       31525000	      3053	8000421a	c309	c.beqz	x14,8000421c	 x14:0x80021e20
       31535000	      3054	8000421c	9f05f013	andi	x0,x11,-1552	 x11:0x80021e20  x0=0x00000000
       31545000	      3055	80004220	6ecbf493	andi	x9,x23,1772	 x23:0x00000000  x9=0x00000000
       31915000	      3092	80004224	0306d9b3	divu	x19,x13,x16	 x13:0x64808000 x16:0x00008000 x19=0x0000c901
       31925000	      3093	80004228	e919	c.bnez	x10,8000423e	 x10:0x00000170
       31955000	      3096	8000423e	005da633	slt	x12,x27,x5	 x27:0x00000000  x5:0x00000170 x12=0x00000001
       31965000	      3097	80004242	01259993	slli	x19,x11,0x12	 x11:0x80021e20 x19=0x78800000
       32335000	      3134	80004246	03286233	rem	x4,x16,x18	 x16:0x00008000 x18:0x00000bc0  x4=0x00000a80
       32705000	      3171	8000424a	03fdf433	remu	x8,x27,x31	 x27:0x00000000 x31:0x80025ce4  x8=0x00000000
       32715000	      3172	8000424e	d069cd13	xori	x26,x19,-762	 x19:0x78800000 x26=0x877ffd06
       32725000	      3173	80004252	0ff0000f	fence	iorw,iorw	
       32735000	      3174	80004256	cc85	c.beqz	x9,8000428e	  x9:0x00000000
       32765000	      3177	8000428e	00fcd9b3	srl	x19,x25,x15	 x25:0x7ead7fc4 x15:0x00000000 x19=0x7ead7fc4
       32775000	      3178	80004292	0001	c.addi	x0,0	  x0:0x00000000  x0=0x00000000
       32785000	      3179	80004294	018be763	bltu	x23,x24,800042a2	 x23:0x00000000 x24:0x00000000
       32795000	      3180	80004298	8391	c.srli	x15,0x4	 x15:0x00000000 x15=0x00000000
       32835000	      3184	8000429a	03ff2033	mulhsu	x0,x30,x31	 x30:0x00000000 x31:0x80025ce4  x0=0x00000000
       32845000	      3185	8000429e	01cf4e63	blt	x30,x28,800042ba	 x30:0x00000000 x28:0x00000000
       32885000	      3189	800042a2	03169633	mulh	x12,x13,x17	 x13:0x64808000 x17:0x00001fff x12=0x00000c8f
       32895000	      3190	800042a6	9a833b13	sltiu	x22,x6,-1624	  x6:0x00000000 x22=0x00000001
       32905000	      3191	800042aa	0211	c.addi	x4,4	  x4:0x00000a80  x4=0x00000a84
       32915000	      3192	800042ac	0322fd63	bgeu	x5,x18,800042e6	  x5:0x00000170 x18:0x00000bc0
       32925000	      3193	800042b0	41a752b3	sra	x5,x14,x26	 x14:0x80021e20 x26:0x877ffd06  x5=0xfe000878
       32935000	      3194	800042b4	0001	c.addi	x0,0	  x0:0x00000000  x0=0x00000000
       32945000	      3195	800042b6	0ff0000f	fence	iorw,iorw	
       32955000	      3196	800042ba	03ac6963	bltu	x24,x26,800042ec	 x24:0x00000000 x26:0x877ffd06
       32975000	      3198	800042ec	41968433	sub	x8,x13,x25	 x13:0x64808000 x25:0x7ead7fc4  x8=0xe5d3003c
       32985000	      3199	800042f0	0000100f	fence.i	
       33005000	      3201	800042f4	0116a633	slt	x12,x13,x17	 x13:0x64808000 x17:0x00001fff x12=0x00000000
       33015000	      3202	800042f8	84d1	c.srai	x9,0x14	  x9:0x00000000  x9=0x00000000
       33025000	      3203	800042fa	001f7863	bgeu	x30,x1,8000430a	 x30:0x00000000  x1:0x000000a0
       33035000	      3204	800042fe	0ca9	c.addi	x25,10	 x25:0x7ead7fc4 x25=0x7ead7fce
       33045000	      3205	80004300	404fdf13	srai	x30,x31,0x4	 x31:0x80025ce4 x30=0xf80025ce
       33055000	      3206	80004304	03935e63	bge	x6,x25,80004340	  x6:0x00000000 x25:0x7ead7fce
       33065000	      3207	80004308	57fd	c.li	x15,-1	 x15=0xffffffff
       33075000	      3208	8000430a	4dc1	c.li	x27,16	 x27=0x00000010
       33085000	      3209	8000430c	005a1cb3	sll	x25,x20,x5	 x20:0x000005cb  x5:0xfe000878 x25=0xcb000000
       33095000	      3210	80004310	03316663	bltu	x2,x19,8000433c	  x2:0x00000000 x19:0x7ead7fc4
       33145000	      3215	8000433c	0254ab33	mulhsu	x22,x9,x5	  x9:0x00000000  x5:0xfe000878 x22=0x00000000
       33155000	      3216	80004340	d186a993	slti	x19,x13,-744	 x13:0x64808000 x19=0x00000000
       33165000	      3217	80004344	d2e92993	slti	x19,x18,-722	 x18:0x00000bc0 x19=0x00000000
       33175000	      3218	80004348	7b78ea13	ori	x20,x17,1975	 x17:0x00001fff x20=0x00001fff
       33185000	      3219	8000434c	03668063	beq	x13,x22,8000436c	 x13:0x64808000 x22:0x00000000
       33195000	      3220	80004350	026f8e63	beq	x31,x6,8000438c	 x31:0x80025ce4  x6:0x00000000
       33205000	      3221	80004354	38657693	andi	x13,x10,902	 x10:0x00000170 x13=0x00000100
       33215000	      3222	80004358	9ef2	c.add	x29,x28	 x29:0xffffffff x28:0x00000000 x29=0xffffffff
       33225000	      3223	8000435a	a5650013	addi	x0,x10,-1450	 x10:0x00000170  x0=0x00000000
       33235000	      3224	8000435e	00791f33	sll	x30,x18,x7	 x18:0x00000bc0  x7:0x7ead7fc4 x30=0x0000bc00
       33245000	      3225	80004362	8f69	c.and	x14,x10	 x14:0x80021e20 x10:0x00000170 x14=0x00000020
       33255000	      3226	80004364	48136213	ori	x4,x6,1153	  x6:0x00000000  x4=0x00000481
       33265000	      3227	80004368	8f21	c.xor	x14,x8	 x14:0x00000020  x8:0xe5d3003c x14=0xe5d3001c
       33275000	      3228	8000436a	8fd5	c.or	x15,x13	 x15:0xffffffff x13:0x00000100 x15=0xffffffff
       33285000	      3229	8000436c	407edbb3	sra	x23,x29,x7	 x29:0xffffffff  x7:0x7ead7fc4 x23=0xffffffff
       33295000	      3230	80004370	00698db3	add	x27,x19,x6	 x19:0x00000000  x6:0x00000000 x27=0x00000000
       33305000	      3231	80004374	41e9dc13	srai	x24,x19,0x1e	 x19:0x00000000 x24=0x00000000
       33315000	      3232	80004378	e311	c.bnez	x14,8000437c	 x14:0xe5d3001c
       33335000	      3234	8000437c	0ff0000f	fence	iorw,iorw	
       33345000	      3235	80004380	b8f82717	auipc	x14,0xb8f82	 x14=0x38f86380
       33355000	      3236	80004384	05aad263	bge	x21,x26,800043c8	 x21:0x00000001 x26:0x877ffd06
       33395000	      3240	800043c8	038882b3	mul	x5,x17,x24	 x17:0x00001fff x24:0x00000000  x5=0x00000000
       33405000	      3241	800043cc	a130c793	xori	x15,x1,-1517	  x1:0x000000a0 x15=0xfffffab3
       33415000	      3242	800043d0	79ae0093	addi	x1,x28,1946	 x28:0x00000000  x1=0x0000079a
       33425000	      3243	800043d4	8305	c.srli	x14,0x1	 x14:0x38f86380 x14=0x1c7c31c0
       33435000	      3244	800043d6	0001	c.addi	x0,0	  x0:0x00000000  x0=0x00000000
       33445000	      3245	800043d8	3af12d93	slti	x27,x2,943	  x2:0x00000000 x27=0x00000001
       33465000	      3247	800043dc	02276f33	rem	x30,x14,x2	 x14:0x1c7c31c0  x2:0x00000000 x30=0x1c7c31c0
       33475000	      3248	800043e0	03aa5963	bge	x20,x26,80004412	 x20:0x00001fff x26:0x877ffd06
       33495000	      3250	80004412	42c5	c.li	x5,17	  x5=0x00000011
       33505000	      3251	80004414	8f59	c.or	x14,x14	 x14:0x1c7c31c0 x14:0x1c7c31c0 x14=0x1c7c31c0
       33545000	      3255	80004416	029c34b3	mulhu	x9,x24,x9	 x24:0x00000000  x9:0x00000000  x9=0x00000000
       33555000	      3256	8000441a	b2802693	slti	x13,x0,-1240	  x0:0x00000000 x13=0x00000000
       33565000	      3257	8000441e	03ce4563	blt	x28,x28,80004448	 x28:0x00000000 x28:0x00000000
       33575000	      3258	80004422	785f7813	andi	x16,x30,1925	 x30:0x1c7c31c0 x16=0x00000180
       33585000	      3259	80004426	00bf68b3	or	x17,x30,x11	 x30:0x1c7c31c0 x11:0x80021e20 x17=0x9c7e3fe0
       33595000	      3260	8000442a	e4b73b13	sltiu	x22,x14,-437	 x14:0x1c7c31c0 x22=0x00000001
       33605000	      3261	8000442e	b87fb093	sltiu	x1,x31,-1145	 x31:0x80025ce4  x1=0x00000001
       33615000	      3262	80004432	01ace9b3	or	x19,x25,x26	 x25:0xcb000000 x26:0x877ffd06 x19=0xcf7ffd06
       33625000	      3263	80004436	0055df63	bge	x11,x5,80004454	 x11:0x80021e20  x5:0x00000011
       33635000	      3264	8000443a	32b7f493	andi	x9,x15,811	 x15:0xfffffab3  x9=0x00000223
       33645000	      3265	8000443e	86d6	c.mv	x13,x21	  x0:0x00000000 x21:0x00000001 x13=0x00000001
       33685000	      3269	80004440	035e9b33	mulh	x22,x29,x21	 x29:0xffffffff x21:0x00000001 x22=0xffffffff
       33695000	      3270	80004444	00e5a9b3	slt	x19,x11,x14	 x11:0x80021e20 x14:0x1c7c31c0 x19=0x00000001
       33735000	      3274	80004448	025793b3	mulh	x7,x15,x5	 x15:0xfffffab3  x5:0x00000011  x7=0xffffffff
       33745000	      3275	8000444c	c78d	c.beqz	x15,80004476	 x15:0xfffffab3
       33755000	      3276	8000444e	00e1b733	sltu	x14,x3,x14	  x3:0xfffffb98 x14:0x1c7c31c0 x14=0x00000000
       33765000	      3277	80004452	8659	c.srai	x12,0x16	 x12:0x00000000 x12=0x00000000
       33775000	      3278	80004454	4c59	c.li	x24,22	 x24=0x00000016
       33785000	      3279	80004456	03297063	bgeu	x18,x18,80004476	 x18:0x00000bc0 x18:0x00000bc0
       33805000	      3281	80004476	4b51	c.li	x22,20	 x22=0x00000014
       33815000	      3282	80004478	e50e8013	addi	x0,x29,-432	 x29:0xffffffff  x0=0x00000000
       33825000	      3283	8000447c	0154df13	srli	x30,x9,0x15	  x9:0x00000223 x30=0x00000000
       33835000	      3284	80004480	8a01	c.andi	x12,0	 x12:0x00000000 x12=0x00000000
       33875000	      3288	80004482	02f4ad33	mulhsu	x26,x9,x15	  x9:0x00000223 x15:0xfffffab3 x26=0x00000222
       33885000	      3289	80004486	a4867b17	auipc	x22,0xa4867	 x22=0x2486b486
       33895000	      3290	8000448a	0052f763	bgeu	x5,x5,80004498	  x5:0x00000011  x5:0x00000011
       33915000	      3292	80004498	ca0d	c.beqz	x12,800044ca	 x12:0x00000000
       33945000	      3295	800044ca	83472f13	slti	x30,x14,-1996	 x14:0x00000000 x30=0x00000000
       33955000	      3296	800044ce	0000100f	fence.i	
       33985000	      3299	800044d2	d3b0b493	sltiu	x9,x1,-709	  x1:0x00000001  x9=0x00000001
       33995000	      3300	800044d6	0f2d	c.addi	x30,11	 x30:0x00000000 x30=0x0000000b
       34365000	      3337	800044d8	03b4ee33	rem	x28,x9,x27	  x9:0x00000001 x27:0x00000001 x28=0x00000000
       34375000	      3338	800044dc	08ca	c.slli	x17,0x12	 x17:0x9c7e3fe0 x17=0xff800000
       34745000	      3375	800044de	0310dcb3	divu	x25,x1,x17	  x1:0x00000001 x17:0xff800000 x25=0x00000000
       34755000	      3376	800044e2	8559	c.srai	x10,0x16	 x10:0x00000170 x10=0x00000000
       34765000	      3377	800044e4	0152e663	bltu	x5,x21,800044f0	  x5:0x00000011 x21:0x00000001
       34775000	      3378	800044e8	02a4d363	bge	x9,x10,8000450e	  x9:0x00000001 x10:0x00000000
       34805000	      3381	8000450e	419b89b3	sub	x19,x23,x25	 x23:0xffffffff x25:0x00000000 x19=0xffffffff
       34815000	      3382	80004512	40095293	srai	x5,x18,0x0	 x18:0x00000bc0  x5=0x00000bc0
       34825000	      3383	80004516	f749a013	slti	x0,x19,-140	 x19:0xffffffff  x0=0x00000000
       34835000	      3384	8000451a	0ff0000f	fence	iorw,iorw	
       34845000	      3385	8000451e	8d35	c.xor	x10,x13	 x10:0x00000000 x13:0x00000001 x10=0x00000001
       34875000	      3388	80004520	03a38733	mul	x14,x7,x26	  x7:0xffffffff x26:0x00000222 x14=0xfffffdde
       34885000	      3389	80004524	00879e33	sll	x28,x15,x8	 x15:0xfffffab3  x8:0xe5d3003c x28=0x30000000
       34895000	      3390	80004528	61d7cd13	xori	x26,x15,1565	 x15:0xfffffab3 x26=0xfffffcae
       34905000	      3391	8000452c	cf05	c.beqz	x14,80004564	 x14:0xfffffdde
       34915000	      3392	8000452e	0001	c.addi	x0,0	  x0:0x00000000  x0=0x00000000
       35285000	      3429	80004530	0300f6b3	remu	x13,x1,x16	  x1:0x00000001 x16:0x00000180 x13=0x00000001
       35295000	      3430	80004534	0001	c.addi	x0,0	  x0:0x00000000  x0=0x00000000
       35305000	      3431	80004536	97be	c.add	x15,x15	 x15:0xfffffab3 x15:0xfffffab3 x15=0xfffff566
       35675000	      3468	80004538	036c6ab3	rem	x21,x24,x22	 x24:0x00000016 x22:0x2486b486 x21=0x00000016
       35685000	      3469	8000453c	8f51	c.or	x14,x12	 x14:0xfffffdde x12:0x00000000 x14=0xfffffdde
       35695000	      3470	8000453e	02efe963	bltu	x31,x14,80004570	 x31:0x80025ce4 x14:0xfffffdde
       35715000	      3472	80004570	01883eb3	sltu	x29,x16,x24	 x16:0x00000180 x24:0x00000016 x29=0x00000000
       35725000	      3473	80004574	00da6e33	or	x28,x20,x13	 x20:0x00001fff x13:0x00000001 x28=0x00001fff
       35735000	      3474	80004578	5f6f8693	addi	x13,x31,1526	 x31:0x80025ce4 x13=0x800262da
       35745000	      3475	8000457c	41e4f393	andi	x7,x9,1054	  x9:0x00000001  x7=0x00000000
       35755000	      3476	80004580	017f1b33	sll	x22,x30,x23	 x30:0x0000000b x23:0xffffffff x22=0x80000000
       35795000	      3480	80004584	02863533	mulhu	x10,x12,x8	 x12:0x00000000  x8:0xe5d3003c x10=0x00000000
       35805000	      3481	80004588	c609	c.beqz	x12,80004592	 x12:0x00000000
       35835000	      3484	80004592	40de83b3	sub	x7,x29,x13	 x29:0x00000000 x13:0x800262da  x7=0x7ffd9d26
       35845000	      3485	80004596	0001	c.addi	x0,0	  x0:0x00000000  x0=0x00000000
       35855000	      3486	80004598	014c5cb3	srl	x25,x24,x20	 x24:0x00000016 x20:0x00001fff x25=0x00000000
       35865000	      3487	8000459c	8c05	c.sub	x8,x9	  x8:0xe5d3003c  x9:0x00000001  x8=0xe5d3003b
       35875000	      3488	8000459e	02629863	bne	x5,x6,800045ce	  x5:0x00000bc0  x6:0x00000000
       35895000	      3490	800045ce	8369	c.srli	x14,0x1a	 x14:0xfffffdde x14=0x0000003f
       35905000	      3491	800045d0	003a7463	bgeu	x20,x3,800045d8	 x20:0x00001fff  x3:0xfffffb98
       35915000	      3492	800045d4	005c7433	and	x8,x24,x5	 x24:0x00000016  x5:0x00000bc0  x8=0x00000000
       35925000	      3493	800045d8	0629	c.addi	x12,10	 x12:0x00000000 x12=0x0000000a
       35965000	      3497	800045da	02943a33	mulhu	x20,x8,x9	  x8:0x00000000  x9:0x00000001 x20=0x00000000
       35975000	      3498	800045de	6871	c.lui	x16,0x1c	 x16=0x0001c000
       36345000	      3535	800045e0	033cdab3	divu	x21,x25,x19	 x25:0x00000000 x19:0xffffffff x21=0x00000000
       36355000	      3536	800045e4	4092d8b3	sra	x17,x5,x9	  x5:0x00000bc0  x9:0x00000001 x17=0x000005e0
       36365000	      3537	800045e8	07ae	c.slli	x15,0xb	 x15:0xfffff566 x15=0xffab3000
       36375000	      3538	800045ea	2c427913	andi	x18,x4,708	  x4:0x00000481 x18=0x00000080
       36385000	      3539	800045ee	ce8d	c.beqz	x13,80004628	 x13:0x800262da
       36395000	      3540	800045f0	00cdc463	blt	x27,x12,800045f8	 x27:0x00000001 x12:0x0000000a
       36415000	      3542	800045f8	40775a13	srai	x20,x14,0x7	 x14:0x0000003f x20=0x00000000
       36425000	      3543	800045fc	0c41	c.addi	x24,16	 x24:0x00000016 x24=0x00000026
       36435000	      3544	800045fe	e89d	c.bnez	x9,80004634	  x9:0x00000001
       36455000	      3546	80004634	00a471b3	and	x3,x8,x10	  x8:0x00000000 x10:0x00000000  x3=0x00000000
       36465000	      3547	80004638	03791163	bne	x18,x23,8000465a	 x18:0x00000080 x23:0xffffffff
       36495000	      3550	8000465a	01e91eb3	sll	x29,x18,x30	 x18:0x00000080 x30:0x0000000b x29=0x00040000
       36505000	      3551	8000465e	01c0dd33	srl	x26,x1,x28	  x1:0x00000001 x28:0x00001fff x26=0x00000000
       36515000	      3552	80004662	401eda93	srai	x21,x29,0x1	 x29:0x00040000 x21=0x00020000
       36525000	      3553	80004666	01693433	sltu	x8,x18,x22	 x18:0x00000080 x22:0x80000000  x8=0x00000001
       36535000	      3554	8000466a	0e756c93	ori	x25,x10,231	 x10:0x00000000 x25=0x000000e7
       36545000	      3555	8000466e	013fc233	xor	x4,x31,x19	 x31:0x80025ce4 x19:0xffffffff  x4=0x7ffda31b
       36555000	      3556	80004672	9bfd	c.andi	x15,-1	 x15:0xffab3000 x15=0xffab3000
       36565000	      3557	80004674	0206ed63	bltu	x13,x0,800046ae	 x13:0x800262da  x0:0x00000000
       36575000	      3558	80004678	0269fb63	bgeu	x19,x6,800046ae	 x19:0xffffffff  x6:0x00000000
       36605000	      3561	800046ae	01bc1d33	sll	x26,x24,x27	 x24:0x00000026 x27:0x00000001 x26=0x0000004c
       36615000	      3562	800046b2	022f9363	bne	x31,x2,800046d8	 x31:0x80025ce4  x2:0x00000000
       36635000	      3564	800046d8	0000100f	fence.i	
       36655000	      3566	800046dc	0396	c.slli	x7,0x5	  x7:0x7ffd9d26  x7=0xffb3a4c0
       36665000	      3567	800046de	8cb1	c.xor	x9,x12	  x9:0x00000001 x12:0x0000000a  x9=0x0000000b
       36675000	      3568	800046e0	404388b3	sub	x17,x7,x4	  x7:0xffb3a4c0  x4:0x7ffda31b x17=0x7fb601a5
       36685000	      3569	800046e4	0124b2b3	sltu	x5,x9,x18	  x9:0x0000000b x18:0x00000080  x5=0x00000001
       36695000	      3570	800046e8	03681f63	bne	x16,x22,80004726	 x16:0x0001c000 x22:0x80000000
       36715000	      3572	80004726	8779	c.srai	x14,0x1e	 x14:0x0000003f x14=0x00000000
       36725000	      3573	80004728	6211	c.lui	x4,0x4	  x4=0x00004000
       36765000	      3577	8000472a	02163e33	mulhu	x28,x12,x1	 x12:0x0000000a  x1:0x00000001 x28=0x00000000
       36775000	      3578	8000472e	03abc763	blt	x23,x26,8000475c	 x23:0xffffffff x26:0x0000004c
       36795000	      3580	8000475c	01809eb3	sll	x29,x1,x24	  x1:0x00000001 x24:0x00000026 x29=0x00000040
       36815000	      3582	80004760	03486533	rem	x10,x16,x20	 x16:0x0001c000 x20:0x00000000 x10=0x0001c000
       36825000	      3583	80004764	01d59393	slli	x7,x11,0x1d	 x11:0x80021e20  x7=0x00000000
       36835000	      3584	80004768	00dbd113	srli	x2,x23,0xd	 x23:0xffffffff  x2=0x0007ffff
       36845000	      3585	8000476c	8ed9	c.or	x13,x14	 x13:0x800262da x14:0x00000000 x13=0x800262da
       36855000	      3586	8000476e	8efd	c.and	x13,x15	 x13:0x800262da x15:0xffab3000 x13=0x80022000
       36865000	      3587	80004770	018c5763	bge	x24,x24,8000477e	 x24:0x00000026 x24:0x00000026
       36895000	      3590	8000477e	00651d63	bne	x10,x6,80004798	 x10:0x0001c000  x6:0x00000000
       36915000	      3592	80004798	ea01	c.bnez	x12,800047a8	 x12:0x0000000a
       36935000	      3594	800047a8	00b55933	srl	x18,x10,x11	 x10:0x0001c000 x11:0x80021e20 x18=0x0001c000
       36945000	      3595	800047ac	1e8f16b7	lui	x13,0x1e8f1	 x13=0x1e8f1000
       36955000	      3596	800047b0	6119	c.addi16sp	x2,384	  x2:0x0007ffff  x2=0x0008017f
       36965000	      3597	800047b2	00005db3	srl	x27,x0,x0	  x0:0x00000000  x0:0x00000000 x27=0x00000000
       36975000	      3598	800047b6	4139de33	sra	x28,x19,x19	 x19:0xffffffff x19:0xffffffff x28=0xffffffff
       36985000	      3599	800047ba	01a2b533	sltu	x10,x5,x26	  x5:0x00000001 x26:0x0000004c x10=0x00000001
       37015000	      3602	800047be	02c200b3	mul	x1,x4,x12	  x4:0x00004000 x12:0x0000000a  x1=0x00028000
       37025000	      3603	800047c2	9bfd	c.andi	x15,-1	 x15:0xffab3000 x15=0xffab3000
       37035000	      3604	800047c4	8253ae13	slti	x28,x7,-2011	  x7:0x00000000 x28=0x00000000
       37045000	      3605	800047c8	0124ef63	bltu	x9,x18,800047e6	  x9:0x0000000b x18:0x0001c000
       37075000	      3608	800047e6	437e8d93	addi	x27,x29,1079	 x29:0x00000040 x27=0x00000477
       37085000	      3609	800047ea	9a7d	c.andi	x12,-1	 x12:0x0000000a x12=0x0000000a
       37095000	      3610	800047ec	717d	c.addi16sp	x2,-16	  x2:0x0008017f  x2=0x0008016f
       37105000	      3611	800047ee	8e412c93	slti	x25,x2,-1820	  x2:0x0008016f x25=0x00000000
       37115000	      3612	800047f2	019faf33	slt	x30,x31,x25	 x31:0x80025ce4 x25:0x00000000 x30=0x00000001
       37125000	      3613	800047f6	41228433	sub	x8,x5,x18	  x5:0x00000001 x18:0x0001c000  x8=0xfffe4001
       37135000	      3614	800047fa	898b7893	andi	x17,x22,-1896	 x22:0x80000000 x17=0x80000000
       37145000	      3615	800047fe	8956	c.mv	x18,x21	  x0:0x00000000 x21:0x00020000 x18=0x00020000
       37155000	      3616	80004800	9b96	c.add	x23,x5	 x23:0xffffffff  x5:0x00000001 x23=0x00000000
       37165000	      3617	80004802	01d3acb3	slt	x25,x7,x29	  x7:0x00000000 x29:0x00000040 x25=0x00000001
       37175000	      3618	80004806	8bf1	c.andi	x15,28	 x15:0xffab3000 x15=0x00000000
       37545000	      3655	80004808	0211d2b3	divu	x5,x3,x1	  x3:0x00000000  x1:0x00028000  x5=0x00000000
       37585000	      3659	8000480c	03eca2b3	mulhsu	x5,x25,x30	 x25:0x00000001 x30:0x00000001  x5=0x00000000
       37595000	      3660	80004810	00816e33	or	x28,x2,x8	  x2:0x0008016f  x8:0xfffe4001 x28=0xfffe416f
       37965000	      3697	80004814	0299fa33	remu	x20,x19,x9	 x19:0xffffffff  x9:0x0000000b x20=0x00000003
       37975000	      3698	80004818	8ef9	c.and	x13,x14	 x13:0x1e8f1000 x14:0x00000000 x13=0x00000000
       37985000	      3699	8000481a	00ed	c.addi	x1,27	  x1:0x00028000  x1=0x0002801b
       37995000	      3700	8000481c	01cba833	slt	x16,x23,x28	 x23:0x00000000 x28:0xfffe416f x16=0x00000000
       38005000	      3701	80004820	01b2c363	blt	x5,x27,80004826	  x5:0x00000000 x27:0x00000477
       38035000	      3704	80004826	a282ec93	ori	x25,x5,-1496	  x5:0x00000000 x25=0xfffffa28
       38045000	      3705	8000482a	4041d833	sra	x16,x3,x4	  x3:0x00000000  x4:0x00004000 x16=0x00000000
       38055000	      3706	8000482e	4815	c.li	x16,5	 x16=0x00000005
       38065000	      3707	80004830	4a0d	c.li	x20,3	 x20=0x00000003
       38075000	      3708	80004832	68e0f697	auipc	x13,0x68e0f	 x13=0xe8e13832
       38445000	      3745	80004836	03d8ca33	div	x20,x17,x29	 x17:0x80000000 x29:0x00000040 x20=0xfe000000
       38455000	      3746	8000483a	c2a9	c.beqz	x13,8000487c	 x13:0xe8e13832
       38465000	      3747	8000483c	0001	c.addi	x0,0	  x0:0x00000000  x0=0x00000000
       38475000	      3748	8000483e	01ced033	srl	x0,x29,x28	 x29:0x00000040 x28:0xfffe416f  x0=0x00000000
       38485000	      3749	80004842	0d52	c.slli	x26,0x14	 x26:0x0000004c x26=0x04c00000
       38495000	      3750	80004844	404406b3	sub	x13,x8,x4	  x8:0xfffe4001  x4:0x00004000 x13=0xfffe0001
       38505000	      3751	80004848	0ff0000f	fence	iorw,iorw	
       38875000	      3788	8000484c	034beab3	rem	x21,x23,x20	 x23:0x00000000 x20:0xfe000000 x21=0x00000000
       38885000	      3789	80004850	c619	c.beqz	x12,8000485e	 x12:0x0000000a
       38895000	      3790	80004852	021d6c63	bltu	x26,x1,8000488a	 x26:0x04c00000  x1:0x0002801b
       38905000	      3791	80004856	03426a63	bltu	x4,x20,8000488a	  x4:0x00004000 x20:0xfe000000
       38935000	      3794	8000488a	04e056b7	lui	x13,0x4e05	 x13=0x04e05000
       38945000	      3795	8000488e	00f72cb3	slt	x25,x14,x15	 x14:0x00000000 x15:0x00000000 x25=0x00000000
       39315000	      3832	80004892	02a878b3	remu	x17,x16,x10	 x16:0x00000005 x10:0x00000001 x17=0x00000000
       39325000	      3833	80004896	10c52213	slti	x4,x10,268	 x10:0x00000001  x4=0x00000001
       39335000	      3834	8000489a	8f15	c.sub	x14,x13	 x14:0x00000000 x13:0x04e05000 x14=0xfb1fb000
       39705000	      3871	8000489c	022b5033	divu	x0,x22,x2	 x22:0x80000000  x2:0x0008016f  x0=0x00000000
       39715000	      3872	800048a0	015f5e93	srli	x29,x30,0x15	 x30:0x00000001 x29=0x00000000
       39725000	      3873	800048a4	00ddc4b3	xor	x9,x27,x13	 x27:0x00000477 x13:0x04e05000  x9=0x04e05477
       39735000	      3874	800048a8	6c49	c.lui	x24,0x12	 x24=0x00012000
       39745000	      3875	800048aa	4050d113	srai	x2,x1,0x5	  x1:0x0002801b  x2=0x00001400
       40115000	      3912	800048ae	03b17f33	remu	x30,x2,x27	  x2:0x00001400 x27:0x00000477 x30=0x00000224
       40485000	      3949	800048b2	02b64633	div	x12,x12,x11	 x12:0x0000000a x11:0x80021e20 x12=0x00000000
       40495000	      3950	800048b6	cc85	c.beqz	x9,800048ee	  x9:0x04e05477
       40505000	      3951	800048b8	002c4463	blt	x24,x2,800048c0	 x24:0x00012000  x2:0x00001400
       40515000	      3952	800048bc	45b36e97	auipc	x29,0x45b36	 x29=0xc5b3a8bc
       40525000	      3953	800048c0	006aa633	slt	x12,x21,x6	 x21:0x00000000  x6:0x00000000 x12=0x00000000
       40535000	      3954	800048c4	012e8c63	beq	x29,x18,800048dc	 x29:0xc5b3a8bc x18:0x00020000
       40545000	      3955	800048c8	0001	c.addi	x0,0	  x0:0x00000000  x0=0x00000000
       40555000	      3956	800048ca	c4f0d9b7	lui	x19,0xc4f0d	 x19=0xc4f0d000
       40565000	      3957	800048ce	8509	c.srai	x10,0x2	 x10:0x00000001 x10=0x00000000
       40575000	      3958	800048d0	00dff0b3	and	x1,x31,x13	 x31:0x80025ce4 x13:0x04e05000  x1=0x00005000
       40595000	      3960	800048d4	0310c433	div	x8,x1,x17	  x1:0x00005000 x17:0x00000000  x8=0xffffffff
       40605000	      3961	800048d8	0068e633	or	x12,x17,x6	 x17:0x00000000  x6:0x00000000 x12=0x00000000
       40615000	      3962	800048dc	00811b93	slli	x23,x2,0x8	  x2:0x00001400 x23=0x00140000
       40625000	      3963	800048e0	717d	c.addi16sp	x2,-16	  x2:0x00001400  x2=0x000013f0
       40665000	      3967	800048e2	03e9bab3	mulhu	x21,x19,x30	 x19:0xc4f0d000 x30:0x00000224 x21=0x000001a5
       40675000	      3968	800048e6	006ac963	blt	x21,x6,800048f8	 x21:0x000001a5  x6:0x00000000
       40685000	      3969	800048ea	019252b3	srl	x5,x4,x25	  x4:0x00000001 x25:0x00000000  x5=0x00000001
       40695000	      3970	800048ee	06fd	c.addi	x13,31	 x13:0x04e05000 x13=0x04e0501f
       40705000	      3971	800048f0	412e5f13	srai	x30,x28,0x12	 x28:0xfffe416f x30=0xffffffff
       40715000	      3972	800048f4	41710033	sub	x0,x2,x23	  x2:0x000013f0 x23:0x00140000  x0=0x00000000
       40725000	      3973	800048f8	8fc9	c.or	x15,x10	 x15:0x00000000 x10:0x00000000 x15=0x00000000
       40735000	      3974	800048fa	00f3b933	sltu	x18,x7,x15	  x7:0x00000000 x15:0x00000000 x18=0x00000000
       40745000	      3975	800048fe	ba590813	addi	x16,x18,-1115	 x18:0x00000000 x16=0xfffffba5
       40755000	      3976	80004902	0001	c.addi	x0,0	  x0:0x00000000  x0=0x00000000
       40765000	      3977	80004904	0140dd63	bge	x1,x20,8000491e	  x1:0x00005000 x20:0xfe000000
       40825000	      3983	8000491e	024ba9b3	mulhsu	x19,x23,x4	 x23:0x00140000  x4:0x00000001 x19=0x00000000
       40845000	      3985	80004922	03194933	div	x18,x18,x17	 x18:0x00000000 x17:0x00000000 x18=0xffffffff
       40855000	      3986	80004926	0011d793	srli	x15,x3,0x1	  x3:0x00000000 x15=0x00000000
       40865000	      3987	8000492a	010d5633	srl	x12,x26,x16	 x26:0x04c00000 x16:0xfffffba5 x12=0x00260000
       41235000	      4024	8000492e	03877533	remu	x10,x14,x24	 x14:0xfb1fb000 x24:0x00012000 x10=0x0000b000
       41245000	      4025	80004932	fb450813	addi	x16,x10,-76	 x10:0x0000b000 x16=0x0000afb4
       41255000	      4026	80004936	89f6	c.mv	x19,x29	  x0:0x00000000 x29:0xc5b3a8bc x19=0xc5b3a8bc
       41265000	      4027	80004938	98fd	c.andi	x9,-1	  x9:0x04e05477  x9=0x04e05477
       41275000	      4028	8000493a	8f95	c.sub	x15,x13	 x15:0x00000000 x13:0x04e0501f x15=0xfb1fafe1
       41285000	      4029	8000493c	1690	c.addi4spn	x12,x2,864	 x12=0x00001750
       41655000	      4066	8000493e	03b9e8b3	rem	x17,x19,x27	 x19:0xc5b3a8bc x27:0x00000477 x17=0xfffffe0a
       41665000	      4067	80004942	8f85	c.sub	x15,x9	 x15:0xfb1fafe1  x9:0x04e05477 x15=0xf63f5b6a
       41675000	      4068	80004944	8e25	c.xor	x12,x9	 x12:0x00001750  x9:0x04e05477 x12=0x04e04327
       41685000	      4069	80004946	9ad6	c.add	x21,x21	 x21:0x000001a5 x21:0x000001a5 x21=0x0000034a
       41695000	      4070	80004948	0001	c.addi	x0,0	  x0:0x00000000  x0=0x00000000
       41705000	      4071	8000494a	08fcff13	andi	x30,x25,143	 x25:0x00000000 x30=0x00000000
       42075000	      4108	8000494e	02c3ceb3	div	x29,x7,x12	  x7:0x00000000 x12:0x04e04327 x29=0x00000000
       42115000	      4112	80004952	022111b3	mulh	x3,x2,x2	  x2:0x000013f0  x2:0x000013f0  x3=0x00000000
       42155000	      4116	80004956	03a118b3	mulh	x17,x2,x26	  x2:0x000013f0 x26:0x04c00000 x17=0x0000005e
       42165000	      4117	8000495a	40f08d33	sub	x26,x1,x15	  x1:0x00005000 x15:0xf63f5b6a x26=0x09c0f496
       42175000	      4118	8000495e	017034b3	sltu	x9,x0,x23	  x0:0x00000000 x23:0x00140000  x9=0x00000001
       42185000	      4119	80004962	003f30b3	sltu	x1,x30,x3	 x30:0x00000000  x3:0x00000000  x1=0x00000000
       42225000	      4123	80004966	027397b3	mulh	x15,x7,x7	  x7:0x00000000  x7:0x00000000 x15=0x00000000
       42235000	      4124	8000496a	8f05	c.sub	x14,x9	 x14:0xfb1fb000  x9:0x00000001 x14=0xfb1fafff
       42245000	      4125	8000496c	c6b28a93	addi	x21,x5,-917	  x5:0x00000001 x21=0xfffffc6c
       42255000	      4126	80004970	8cd1	c.or	x9,x12	  x9:0x00000001 x12:0x04e04327  x9=0x04e04327
       42265000	      4127	80004972	2f73c393	xori	x7,x7,759	  x7:0x00000000  x7=0x000002f7
       42275000	      4128	80004976	4067da33	sra	x20,x15,x6	 x15:0x00000000  x6:0x00000000 x20=0x00000000
       42315000	      4132	8000497a	03d516b3	mulh	x13,x10,x29	 x10:0x0000b000 x29:0x00000000 x13=0x00000000
       42325000	      4133	8000497e	415fd493	srai	x9,x31,0x15	 x31:0x80025ce4  x9=0xfffffc00
       42695000	      4170	80004982	03f2f6b3	remu	x13,x5,x31	  x5:0x00000001 x31:0x80025ce4 x13=0x00000001
       42705000	      4171	80004986	02e1	c.addi	x5,24	  x5:0x00000001  x5=0x00000019
       42715000	      4172	80004988	0001	c.addi	x0,0	  x0:0x00000000  x0=0x00000000
       42725000	      4173	8000498a	04094063	blt	x18,x0,800049ca	 x18:0xffffffff  x0:0x00000000
       42755000	      4176	800049ca	01a2bf33	sltu	x30,x5,x26	  x5:0x00000019 x26:0x09c0f496 x30=0x00000001
       42765000	      4177	800049ce	8ee1	c.and	x13,x8	 x13:0x00000001  x8:0xffffffff x13=0x00000001
       42805000	      4181	800049d0	02f7aab3	mulhsu	x21,x15,x15	 x15:0x00000000 x15:0x00000000 x21=0x00000000
       42815000	      4182	800049d4	57dbf997	auipc	x19,0x57dbf	 x19=0xd7dc39d4
       42825000	      4183	800049d8	009eee63	bltu	x29,x9,800049f4	 x29:0x00000000  x9:0xfffffc00
       42845000	      4185	800049f4	8f71	c.and	x14,x12	 x14:0xfb1fafff x12:0x04e04327 x14=0x00000327
       43215000	      4222	800049f6	0299c933	div	x18,x19,x9	 x19:0xd7dc39d4  x9:0xfffffc00 x18=0x000a08f1
       43225000	      4223	800049fa	40875b93	srai	x23,x14,0x8	 x14:0x00000327 x23=0x00000003
       43235000	      4224	800049fe	02e3c363	blt	x7,x14,80004a24	  x7:0x000002f7 x14:0x00000327
       43255000	      4226	80004a24	64dc3813	sltiu	x16,x24,1613	 x24:0x00012000 x16=0x00000000
       43265000	      4227	80004a28	8cf1	c.and	x9,x12	  x9:0xfffffc00 x12:0x04e04327  x9=0x04e04000
       43275000	      4228	80004a2a	1f04	c.addi4spn	x9,x2,944	  x9=0x000017a0
       43285000	      4229	80004a2c	6149	c.addi16sp	x2,144	  x2:0x000013f0  x2=0x00001480
       43295000	      4230	80004a2e	03530663	beq	x6,x21,80004a5a	  x6:0x00000000 x21:0x00000000
       43325000	      4233	80004a5a	00ca6cb3	or	x25,x20,x12	 x20:0x00000000 x12:0x04e04327 x25=0x04e04327
       43335000	      4234	80004a5e	87cd	c.srai	x15,0x13	 x15:0x00000000 x15=0x00000000
       43345000	      4235	80004a60	12398893	addi	x17,x19,291	 x19:0xd7dc39d4 x17=0xd7dc3af7
       43355000	      4236	80004a64	6121	c.addi16sp	x2,64	  x2:0x00001480  x2=0x000014c0
       43365000	      4237	80004a66	c7d44693	xori	x13,x8,-899	  x8:0xffffffff x13=0x00000382
       43375000	      4238	80004a6a	001c9f13	slli	x30,x25,0x1	 x25:0x04e04327 x30=0x09c0864e
       43385000	      4239	80004a6e	0220fc63	bgeu	x1,x2,80004aa6	  x1:0x00000000  x2:0x000014c0
       43395000	      4240	80004a72	0ff0000f	fence	iorw,iorw	
       43405000	      4241	80004a76	50fd	c.li	x1,-1	  x1=0xffffffff
       43415000	      4242	80004a78	8e5d	c.or	x12,x15	 x12:0x04e04327 x15:0x00000000 x12=0x04e04327
       43425000	      4243	80004a7a	6125	c.addi16sp	x2,96	  x2:0x000014c0  x2=0x00001520
       43435000	      4244	80004a7c	0240c563	blt	x1,x4,80004aa6	  x1:0xffffffff  x4:0x00000001
       43465000	      4247	80004aa6	004edd93	srli	x27,x29,0x4	 x29:0x00000000 x27=0x00000000
       43475000	      4248	80004aaa	0146	c.slli	x2,0x11	  x2:0x00001520  x2=0x2a400000
       43845000	      4285	80004aac	0259e933	rem	x18,x19,x5	 x19:0xd7dc39d4  x5:0x00000019 x18=0xfffffff9
       43855000	      4286	80004ab0	005c0d33	add	x26,x24,x5	 x24:0x00012000  x5:0x00000019 x26=0x00012019
       43875000	      4288	80004ab4	02fbcc33	div	x24,x23,x15	 x23:0x00000003 x15:0x00000000 x24=0xffffffff
       43885000	      4289	80004ab8	1910	c.addi4spn	x12,x2,176	 x12=0x2a4000b0
       43895000	      4290	80004aba	8ef1	c.and	x13,x12	 x13:0x00000382 x12:0x2a4000b0 x13=0x00000080
       44265000	      4327	80004abc	027467b3	rem	x15,x8,x7	  x8:0xffffffff  x7:0x000002f7 x15=0xffffffff
       44275000	      4328	80004ac0	01fd9263	bne	x27,x31,80004ac4	 x27:0x00000000 x31:0x80025ce4
       44295000	      4330	80004ac4	036fc963	blt	x31,x22,80004af6	 x31:0x80025ce4 x22:0x80000000
       44305000	      4331	80004ac8	c589b413	sltiu	x8,x19,-936	 x19:0xd7dc39d4  x8=0x00000001
       44315000	      4332	80004acc	49e5	c.li	x19,25	 x19=0x00000019
       44325000	      4333	80004ace	0c32	c.slli	x24,0xc	 x24:0xffffffff x24=0xfffff000
       44335000	      4334	80004ad0	025afc63	bgeu	x21,x5,80004b08	 x21:0x00000000  x5:0x00000019
       44345000	      4335	80004ad4	407b5913	srai	x18,x22,0x7	 x22:0x80000000 x18=0xff000000
       44355000	      4336	80004ad8	0000100f	fence.i	
       44375000	      4338	80004adc	f0492e13	slti	x28,x18,-252	 x18:0xff000000 x28=0x00000001
       44385000	      4339	80004ae0	88fd0813	addi	x16,x26,-1905	 x26:0x00012019 x16=0x000118a8
       44395000	      4340	80004ae4	41260033	sub	x0,x12,x18	 x12:0x2a4000b0 x18:0xff000000  x0=0x00000000
       44405000	      4341	80004ae8	8309	c.srli	x14,0x2	 x14:0x00000327 x14=0x000000c9
       44415000	      4342	80004aea	0165f4b3	and	x9,x11,x22	 x11:0x80021e20 x22:0x80000000  x9=0x80000000
       44425000	      4343	80004aee	0a04	c.addi4spn	x9,x2,272	  x9=0x2a400110
       44435000	      4344	80004af0	4131	c.li	x2,12	  x2=0x0000000c
       44475000	      4348	80004af2	03fe9833	mulh	x16,x29,x31	 x29:0x00000000 x31:0x80025ce4 x16=0x00000000
       44485000	      4349	80004af6	0694	c.addi4spn	x13,x2,832	 x13=0x0000034c
       44495000	      4350	80004af8	005c5493	srli	x9,x24,0x5	 x24:0xfffff000  x9=0x07ffff80
       44505000	      4351	80004afc	ce9d	c.beqz	x13,80004b3a	 x13:0x0000034c
       44515000	      4352	80004afe	00a55293	srli	x5,x10,0xa	 x10:0x0000b000  x5=0x0000002c
       44525000	      4353	80004b02	0001	c.addi	x0,0	  x0:0x00000000  x0=0x00000000
       44565000	      4357	80004b04	024b1033	mulh	x0,x22,x4	 x22:0x80000000  x4:0x00000001  x0=0x00000000
       44575000	      4358	80004b08	8485	c.srai	x9,0x1	  x9:0x07ffff80  x9=0x03ffffc0
       44585000	      4359	80004b0a	0290fa63	bgeu	x1,x9,80004b3e	  x1:0xffffffff  x9:0x03ffffc0
       44975000	      4398	80004b3e	033050b3	divu	x1,x0,x19	  x0:0x00000000 x19:0x00000019  x1=0x00000000
       44985000	      4399	80004b42	85693913	sltiu	x18,x18,-1962	 x18:0xff000000 x18=0x00000001
       44995000	      4400	80004b46	41d9d733	sra	x14,x19,x29	 x19:0x00000019 x29:0x00000000 x14=0x00000019
       45005000	      4401	80004b4a	84b03c93	sltiu	x25,x0,-1973	  x0:0x00000000 x25=0x00000001
       45015000	      4402	80004b4e	02175463	bge	x14,x1,80004b76	 x14:0x00000019  x1:0x00000000
       45045000	      4405	80004b76	01c5f363	bgeu	x11,x28,80004b7c	 x11:0x80021e20 x28:0x00000001
       45425000	      4443	80004b7c	032af8b3	remu	x17,x21,x18	 x21:0x00000000 x18:0x00000001 x17=0x00000000
       45435000	      4444	80004b80	b9198837	lui	x16,0xb9198	 x16=0xb9198000
       45445000	      4445	80004b84	41885113	srai	x2,x16,0x18	 x16:0xb9198000  x2=0xffffffb9
       45455000	      4446	80004b88	717d	c.addi16sp	x2,-16	  x2:0xffffffb9  x2=0xffffffa9
       45465000	      4447	80004b8a	00f8d463	bge	x17,x15,80004b92	 x17:0x00000000 x15:0xffffffff
       45495000	      4450	80004b92	00635a63	bge	x6,x6,80004ba6	  x6:0x00000000  x6:0x00000000
       45525000	      4453	80004ba6	01109513	slli	x10,x1,0x11	  x1:0x00000000 x10=0x00000000
       45895000	      4490	80004baa	02e36233	rem	x4,x6,x14	  x6:0x00000000 x14:0x00000019  x4=0x00000000
       45905000	      4491	80004bae	0001	c.addi	x0,0	  x0:0x00000000  x0=0x00000000
       45915000	      4492	80004bb0	0000100f	fence.i	
       45935000	      4494	80004bb4	9b6e	c.add	x22,x27	 x22:0x80000000 x27:0x00000000 x22=0x80000000
       45945000	      4495	80004bb6	0ff0000f	fence	iorw,iorw	
       45955000	      4496	80004bba	997d	c.andi	x10,-1	 x10:0x00000000 x10=0x00000000
       46325000	      4533	80004bbc	032ae533	rem	x10,x21,x18	 x21:0x00000000 x18:0x00000001 x10=0x00000000
       46335000	      4534	80004bc0	0a36	c.slli	x20,0xd	 x20:0x00000000 x20=0x00000000
       46345000	      4535	80004bc2	03f99263	bne	x19,x31,80004be6	 x19:0x00000019 x31:0x80025ce4
       46365000	      4537	80004be6	8c55	c.or	x8,x13	  x8:0x00000001 x13:0x0000034c  x8=0x0000034d
       46375000	      4538	80004be8	0231f763	bgeu	x3,x3,80004c16	  x3:0x00000000  x3:0x00000000
       46395000	      4540	80004c16	c799	c.beqz	x15,80004c24	 x15:0xffffffff
       46405000	      4541	80004c18	99a6	c.add	x19,x9	 x19:0x00000019  x9:0x03ffffc0 x19=0x03ffffd9
       46415000	      4542	80004c1a	984e	c.add	x16,x19	 x16:0xb9198000 x19:0x03ffffd9 x16=0xbd197fd9
       46435000	      4544	80004c1c	02ad63b3	rem	x7,x26,x10	 x26:0x00012019 x10:0x00000000  x7=0x00012019
       46445000	      4545	80004c20	0199d963	bge	x19,x25,80004c32	 x19:0x03ffffd9 x25:0x00000001
       46475000	      4548	80004c32	0187ecb3	or	x25,x15,x24	 x15:0xffffffff x24:0xfffff000 x25=0xffffffff
       46515000	      4552	80004c36	027a2bb3	mulhsu	x23,x20,x7	 x20:0x00000000  x7:0x00012019 x23=0x00000000
       46885000	      4589	80004c3a	02cec6b3	div	x13,x29,x12	 x29:0x00000000 x12:0x2a4000b0 x13=0x00000000
       46895000	      4590	80004c3e	02e28b63	beq	x5,x14,80004c74	  x5:0x0000002c x14:0x00000019
       46905000	      4591	80004c42	007ec3b3	xor	x7,x29,x7	 x29:0x00000000  x7:0x00012019  x7=0x00012019
       47275000	      4628	80004c46	0380fe33	remu	x28,x1,x24	  x1:0x00000000 x24:0xfffff000 x28=0x00000000
       47285000	      4629	80004c4a	41220933	sub	x18,x4,x18	  x4:0x00000000 x18:0x00000001 x18=0xffffffff
       47295000	      4630	80004c4e	0ff0000f	fence	iorw,iorw	
       47305000	      4631	80004c52	5dda2a93	slti	x21,x20,1501	 x20:0x00000000 x21=0x00000001
       47315000	      4632	80004c56	5ac52993	slti	x19,x10,1452	 x10:0x00000000 x19=0x00000001
       47325000	      4633	80004c5a	8c59	c.or	x8,x14	  x8:0x0000034d x14:0x00000019  x8=0x0000035d
       47335000	      4634	80004c5c	03c3cc63	blt	x7,x28,80004c94	  x7:0x00012019 x28:0x00000000
       47345000	      4635	80004c60	011de233	or	x4,x27,x17	 x27:0x00000000 x17:0x00000000  x4=0x00000000
       47355000	      4636	80004c64	01129863	bne	x5,x17,80004c74	  x5:0x0000002c x17:0x00000000
       47375000	      4638	80004c74	0001	c.addi	x0,0	  x0:0x00000000  x0=0x00000000
       47385000	      4639	80004c76	717d	c.addi16sp	x2,-16	  x2:0xffffffa9  x2=0xffffff99
       47395000	      4640	80004c78	997d	c.andi	x10,-1	 x10:0x00000000 x10=0x00000000
       47415000	      4642	80004c7a	02666db3	rem	x27,x12,x6	 x12:0x2a4000b0  x6:0x00000000 x27=0x2a4000b0
       47425000	      4643	80004c7e	8e05	c.sub	x12,x9	 x12:0x2a4000b0  x9:0x03ffffc0 x12=0x264000f0
       47435000	      4644	80004c80	e6ba8b13	addi	x22,x21,-405	 x21:0x00000001 x22=0xfffffe6c
       47445000	      4645	80004c84	41928db3	sub	x27,x5,x25	  x5:0x0000002c x25:0xffffffff x27=0x0000002d
       47455000	      4646	80004c88	00129513	slli	x10,x5,0x1	  x5:0x0000002c x10=0x00000058
       47465000	      4647	80004c8c	0000100f	fence.i	
       47485000	      4649	80004c90	9aa9e113	ori	x2,x19,-1622	 x19:0x00000001  x2=0xfffff9ab
       47495000	      4650	80004c94	8d09	c.sub	x10,x10	 x10:0x00000058 x10:0x00000058 x10=0x00000000
       47505000	      4651	80004c96	94f2	c.add	x9,x28	  x9:0x03ffffc0 x28:0x00000000  x9=0x03ffffc0
       47515000	      4652	80004c98	90b6	c.add	x1,x13	  x1:0x00000000 x13:0x00000000  x1=0x00000000
       47525000	      4653	80004c9a	8029	c.srli	x8,0xa	  x8:0x0000035d  x8=0x00000000
       47535000	      4654	80004c9c	5ebc4293	xori	x5,x24,1515	 x24:0xfffff000  x5=0xfffff5eb
       47545000	      4655	80004ca0	000a2633	slt	x12,x20,x0	 x20:0x00000000  x0:0x00000000 x12=0x00000000
       47585000	      4659	80004ca4	03a52a33	mulhsu	x20,x10,x26	 x10:0x00000000 x26:0x00012019 x20=0x00000000
       47595000	      4660	80004ca8	01dca1b3	slt	x3,x25,x29	 x25:0xffffffff x29:0x00000000  x3=0x00000001
       47605000	      4661	80004cac	0a2a	c.slli	x20,0xa	 x20:0x00000000 x20=0x00000000
       47615000	      4662	80004cae	01a9d363	bge	x19,x26,80004cb4	 x19:0x00000001 x26:0x00012019
       47625000	      4663	80004cb2	0001	c.addi	x0,0	  x0:0x00000000  x0=0x00000000
       47635000	      4664	80004cb4	009b4133	xor	x2,x22,x9	 x22:0xfffffe6c  x9:0x03ffffc0  x2=0xfc0001ac
       47645000	      4665	80004cb8	8a31	c.andi	x12,12	 x12:0x00000000 x12=0x00000000
       47655000	      4666	80004cba	030b7563	bgeu	x22,x16,80004ce4	 x22:0xfffffe6c x16:0xbd197fd9
       47675000	      4668	80004ce4	547d	c.li	x8,-1	  x8=0xffffffff
       47685000	      4669	80004ce6	6175	c.addi16sp	x2,368	  x2:0xfc0001ac  x2=0xfc00031c
       47695000	      4670	80004ce8	0000100f	fence.i	
       47715000	      4672	80004cec	004970b3	and	x1,x18,x4	 x18:0xffffffff  x4:0x00000000  x1=0x00000000
       47725000	      4673	80004cf0	9bfd	c.andi	x15,-1	 x15:0xffffffff x15=0xffffffff
       47735000	      4674	80004cf2	ee0d	c.bnez	x12,80004d2c	 x12:0x00000000
       47745000	      4675	80004cf4	0a4b4e13	xori	x28,x22,164	 x22:0xfffffe6c x28=0xfffffec8
       47755000	      4676	80004cf8	8ed9	c.or	x13,x14	 x13:0x00000000 x14:0x00000019 x13=0x00000019
       47765000	      4677	80004cfa	9a6d3913	sltiu	x18,x26,-1626	 x26:0x00012019 x18=0x00000001
       47775000	      4678	80004cfe	9bfd	c.andi	x15,-1	 x15:0xffffffff x15=0xffffffff
       47785000	      4679	80004d00	9cde	c.add	x25,x23	 x25:0xffffffff x23:0x00000000 x25=0xffffffff
       47795000	      4680	80004d02	26fc4113	xori	x2,x24,623	 x24:0xfffff000  x2=0xfffff26f
       47805000	      4681	80004d06	4fcca693	slti	x13,x25,1276	 x25:0xffffffff x13=0x00000001
       47815000	      4682	80004d0a	0766	c.slli	x14,0x19	 x14:0x00000019 x14=0x32000000
       47825000	      4683	80004d0c	976f3793	sltiu	x15,x30,-1674	 x30:0x09c0864e x15=0x00000001
       47835000	      4684	80004d10	00845193	srli	x3,x8,0x8	  x8:0xffffffff  x3=0x00ffffff
       47845000	      4685	80004d14	0000100f	fence.i	
       47865000	      4687	80004d18	cb8d	c.beqz	x15,80004d4a	 x15:0x00000001
       47875000	      4688	80004d1a	c109	c.beqz	x10,80004d1c	 x10:0x00000000
       47895000	      4690	80004d1c	2425a493	slti	x9,x11,578	 x11:0x80021e20  x9=0x00000001
       48265000	      4727	80004d20	02337a33	remu	x20,x6,x3	  x6:0x00000000  x3:0x00ffffff x20=0x00000000
       48275000	      4728	80004d24	81af3913	sltiu	x18,x30,-2022	 x30:0x09c0864e x18=0x00000001
       48285000	      4729	80004d28	02116363	bltu	x2,x1,80004d4e	  x2:0xfffff26f  x1:0x00000000
       48295000	      4730	80004d2c	98fd	c.andi	x9,-1	  x9:0x00000001  x9=0x00000001
       48305000	      4731	80004d2e	8f7d	c.and	x14,x15	 x14:0x32000000 x15:0x00000001 x14=0x00000000
       48315000	      4732	80004d30	027e7263	bgeu	x28,x7,80004d54	 x28:0xfffffec8  x7:0x00012019
       48335000	      4734	80004d54	8c25	c.xor	x8,x9	  x8:0xffffffff  x9:0x00000001  x8=0xfffffffe
       48345000	      4735	80004d56	0e98	c.addi4spn	x14,x2,848	 x14=0xfffff5bf
       48355000	      4736	80004d58	00436c33	or	x24,x6,x4	  x6:0x00000000  x4:0x00000000 x24=0x00000000
       48365000	      4737	80004d5c	0001	c.addi	x0,0	  x0:0x00000000  x0=0x00000000
       48375000	      4738	80004d5e	02115163	bge	x2,x1,80004d80	  x2:0xfffff26f  x1:0x00000000
       48385000	      4739	80004d62	0000100f	fence.i	
       48415000	      4742	80004d66	40e7d0b3	sra	x1,x15,x14	 x15:0x00000001 x14:0xfffff5bf  x1=0x00000000
       48425000	      4743	80004d6a	01314f33	xor	x30,x2,x19	  x2:0xfffff26f x19:0x00000001 x30=0xfffff26e
       48435000	      4744	80004d6e	03309b63	bne	x1,x19,80004da4	  x1:0x00000000 x19:0x00000001
       48455000	      4746	80004da4	00f5de93	srli	x29,x11,0xf	 x11:0x80021e20 x29=0x00010004
       48465000	      4747	80004da8	795bfa37	lui	x20,0x795bf	 x20=0x795bf000
       48475000	      4748	80004dac	009f57b3	srl	x15,x30,x9	 x30:0xfffff26e  x9:0x00000001 x15=0x7ffff937
       48485000	      4749	80004db0	8f81	c.sub	x15,x8	 x15:0x7ffff937  x8:0xfffffffe x15=0x7ffff939
       48495000	      4750	80004db2	01abca33	xor	x20,x23,x26	 x23:0x00000000 x26:0x00012019 x20=0x00012019
       48505000	      4751	80004db6	0c91	c.addi	x25,4	 x25:0xffffffff x25=0x00000003
       48515000	      4752	80004db8	03d3fc63	bgeu	x7,x29,80004df0	  x7:0x00012019 x29:0x00010004
       48535000	      4754	80004df0	40a05113	srai	x2,x0,0xa	  x0:0x00000000  x2=0x00000000
       48545000	      4755	80004df4	00b8f763	bgeu	x17,x11,80004e02	 x17:0x00000000 x11:0x80021e20
       48555000	      4756	80004df8	8321	c.srli	x14,0x8	 x14:0xfffff5bf x14=0x00fffff5
       48565000	      4757	80004dfa	00dc8763	beq	x25,x13,80004e08	 x25:0x00000003 x13:0x00000001
       48575000	      4758	80004dfe	41365233	sra	x4,x12,x19	 x12:0x00000000 x19:0x00000001  x4=0x00000000
       48585000	      4759	80004e02	0001	c.addi	x0,0	  x0:0x00000000  x0=0x00000000
       48595000	      4760	80004e04	845af793	andi	x15,x21,-1979	 x21:0x00000001 x15=0x00000001
       48635000	      4764	80004e08	0377ab33	mulhsu	x22,x15,x23	 x15:0x00000001 x23:0x00000000 x22=0x00000000
       48645000	      4765	80004e0c	b3860b13	addi	x22,x12,-1224	 x12:0x00000000 x22=0xfffffb38
       48655000	      4766	80004e10	af5a6c13	ori	x24,x20,-1291	 x20:0x00012019 x24=0xfffffafd
       48665000	      4767	80004e14	611ce893	ori	x17,x25,1553	 x25:0x00000003 x17=0x00000613
       48675000	      4768	80004e18	0ff0000f	fence	iorw,iorw	
       48685000	      4769	80004e1c	84ed	c.srai	x9,0x1b	  x9:0x00000001  x9=0x00000000
       48695000	      4770	80004e1e	0001	c.addi	x0,0	  x0:0x00000000  x0=0x00000000
       48705000	      4771	80004e20	82f1	c.srli	x13,0x1c	 x13:0x00000001 x13=0x00000000
       48715000	      4772	80004e22	12a58793	addi	x15,x11,298	 x11:0x80021e20 x15=0x80021f4a
       48725000	      4773	80004e26	020de263	bltu	x27,x0,80004e4a	 x27:0x0000002d  x0:0x00000000
       48735000	      4774	80004e2a	0102de93	srli	x29,x5,0x10	  x5:0xfffff5eb x29=0x0000ffff
       48745000	      4775	80004e2e	0b787d13	andi	x26,x16,183	 x16:0xbd197fd9 x26=0x00000091
       48765000	      4777	80004e32	02a5dc33	divu	x24,x11,x10	 x11:0x80021e20 x10:0x00000000 x24=0xffffffff
       48775000	      4778	80004e36	02416963	bltu	x2,x4,80004e68	  x2:0x00000000  x4:0x00000000
       48785000	      4779	80004e3a	00ffaa33	slt	x20,x31,x15	 x31:0x80025ce4 x15:0x80021f4a x20=0x00000000
       48795000	      4780	80004e3e	037a1963	bne	x20,x23,80004e70	 x20:0x00000000 x23:0x00000000
       48805000	      4781	80004e42	01c82ab3	slt	x21,x16,x28	 x16:0xbd197fd9 x28:0xfffffec8 x21=0x00000001
       48815000	      4782	80004e46	008b8e33	add	x28,x23,x8	 x23:0x00000000  x8:0xfffffffe x28=0xfffffffe
       49185000	      4819	80004e4a	02b2e4b3	rem	x9,x5,x11	  x5:0xfffff5eb x11:0x80021e20  x9=0xfffff5eb
       49195000	      4820	80004e4e	8eb1	c.xor	x13,x12	 x13:0x00000000 x12:0x00000000 x13=0x00000000
       49205000	      4821	80004e50	01397233	and	x4,x18,x19	 x18:0x00000001 x19:0x00000001  x4=0x00000001
       49215000	      4822	80004e54	4299	c.li	x5,6	  x5=0x00000006
       49225000	      4823	80004e56	0001	c.addi	x0,0	  x0:0x00000000  x0=0x00000000
       49265000	      4827	80004e58	037420b3	mulhsu	x1,x8,x23	  x8:0xfffffffe x23:0x00000000  x1=0x00000000
       49275000	      4828	80004e5c	018503b3	add	x7,x10,x24	 x10:0x00000000 x24:0xffffffff  x7=0xffffffff
       49285000	      4829	80004e60	019272b3	and	x5,x4,x25	  x4:0x00000001 x25:0x00000003  x5=0x00000001
       49655000	      4866	80004e64	03e860b3	rem	x1,x16,x30	 x16:0xbd197fd9 x30:0xfffff26e  x1=0xfffff9d5
       49665000	      4867	80004e68	6196f693	andi	x13,x13,1561	 x13:0x00000000 x13=0x00000000
       49675000	      4868	80004e6c	007f4b33	xor	x22,x30,x7	 x30:0xfffff26e  x7:0xffffffff x22=0x00000d91
       49685000	      4869	80004e70	00db33b3	sltu	x7,x22,x13	 x22:0x00000d91 x13:0x00000000  x7=0x00000000
       49695000	      4870	80004e74	9afd	c.andi	x13,-1	 x13:0x00000000 x13=0x00000000
       49705000	      4871	80004e76	80ba	c.mv	x1,x14	  x0:0x00000000 x14:0x00fffff5  x1=0x00fffff5
       49715000	      4872	80004e78	0001	c.addi	x0,0	  x0:0x00000000  x0=0x00000000
       49725000	      4873	80004e7a	40d35b33	sra	x22,x6,x13	  x6:0x00000000 x13:0x00000000 x22=0x00000000
       49735000	      4874	80004e7e	e09d	c.bnez	x9,80004ea4	  x9:0xfffff5eb
       49755000	      4876	80004ea4	8c89	c.sub	x9,x10	  x9:0xfffff5eb x10:0x00000000  x9=0xfffff5eb
       49765000	      4877	80004ea6	09b6	c.slli	x19,0xd	 x19:0x00000001 x19=0x00002000
       49775000	      4878	80004ea8	e685	c.bnez	x13,80004ed0	 x13:0x00000000
       49785000	      4879	80004eaa	69f9	c.lui	x19,0x1e	 x19=0x0001e000
       49795000	      4880	80004eac	57e101b7	lui	x3,0x57e10	  x3=0x57e10000
       49805000	      4881	80004eb0	0cf2	c.slli	x25,0x1c	 x25:0x00000003 x25=0x30000000
       49815000	      4882	80004eb2	0535d163	bge	x11,x19,80004ef4	 x11:0x80021e20 x19:0x0001e000
       49825000	      4883	80004eb6	00a41093	slli	x1,x8,0xa	  x8:0xfffffffe  x1=0xfffff800
       49865000	      4887	80004eba	026b3233	mulhu	x4,x22,x6	 x22:0x00000000  x6:0x00000000  x4=0x00000000
       49875000	      4888	80004ebe	05a50363	beq	x10,x26,80004f04	 x10:0x00000000 x26:0x00000091
       49905000	      4891	80004ec2	03a981b3	mul	x3,x19,x26	 x19:0x0001e000 x26:0x00000091  x3=0x010fe000
       49915000	      4892	80004ec6	011a6433	or	x8,x20,x17	 x20:0x00000000 x17:0x00000613  x8=0x00000613
       49925000	      4893	80004eca	01584633	xor	x12,x16,x21	 x16:0xbd197fd9 x21:0x00000001 x12=0xbd197fd8
       49935000	      4894	80004ece	053a	c.slli	x10,0xe	 x10:0x00000000 x10=0x00000000
       49945000	      4895	80004ed0	4162d733	sra	x14,x5,x22	  x5:0x00000001 x22:0x00000000 x14=0x00000001
       49955000	      4896	80004ed4	82d5	c.srli	x13,0x15	 x13:0x00000000 x13=0x00000000
       49965000	      4897	80004ed6	55946a13	ori	x20,x8,1369	  x8:0x00000613 x20=0x0000075b
       50005000	      4901	80004eda	03d53633	mulhu	x12,x10,x29	 x10:0x00000000 x29:0x0000ffff x12=0x00000000
       50035000	      4904	80004ede	02220233	mul	x4,x4,x2	  x4:0x00000000  x2:0x00000000  x4=0x00000000
       50045000	      4905	80004ee2	84c1a393	slti	x7,x3,-1972	  x3:0x010fe000  x7=0x00000000
       50055000	      4906	80004ee6	8e85	c.sub	x13,x9	 x13:0x00000000  x9:0xfffff5eb x13=0x00000a15
       50065000	      4907	80004ee8	02660963	beq	x12,x6,80004f1a	 x12:0x00000000  x6:0x00000000
       50085000	      4909	80004f1a	8e4d	c.or	x12,x11	 x12:0x00000000 x11:0x80021e20 x12=0x80021e20
       50455000	      4946	80004f1c	02125ab3	divu	x21,x4,x1	  x4:0x00000000  x1:0xfffff800 x21=0x00000000
       50465000	      4947	80004f20	0001	c.addi	x0,0	  x0:0x00000000  x0=0x00000000
       50475000	      4948	80004f22	c60d	c.beqz	x12,80004f4c	 x12:0x80021e20
       50485000	      4949	80004f24	52fd	c.li	x5,-1	  x5=0xffffffff
       50495000	      4950	80004f26	0184e4b3	or	x9,x9,x24	  x9:0xfffff5eb x24:0xffffffff  x9=0xffffffff
       50505000	      4951	80004f2a	01359293	slli	x5,x11,0x13	 x11:0x80021e20  x5=0xf1000000
       50515000	      4952	80004f2e	01639d93	slli	x27,x7,0x16	  x7:0x00000000 x27=0x00000000
       50525000	      4953	80004f32	4a7df197	auipc	x3,0x4a7df	  x3=0xca7e3f32
       50535000	      4954	80004f36	4e65	c.li	x28,25	 x28=0x00000019
       50545000	      4955	80004f38	02111363	bne	x2,x1,80004f5e	  x2:0x00000000  x1:0xfffff800
       50565000	      4957	80004f5e	0001	c.addi	x0,0	  x0:0x00000000  x0=0x00000000
       50575000	      4958	80004f60	8c89	c.sub	x9,x10	  x9:0xffffffff x10:0x00000000  x9=0xffffffff
       50585000	      4959	80004f62	9bfe	c.add	x23,x31	 x23:0x00000000 x31:0x80025ce4 x23=0x80025ce4
       50595000	      4960	80004f64	00bf1433	sll	x8,x30,x11	 x30:0xfffff26e x11:0x80021e20  x8=0xfffff26e
       50605000	      4961	80004f68	01801d13	slli	x26,x0,0x18	  x0:0x00000000 x26=0x00000000
       50615000	      4962	80004f6c	127d	c.addi	x4,-1	  x4:0x00000000  x4=0xffffffff
       50625000	      4963	80004f6e	a4ddeb93	ori	x23,x27,-1459	 x27:0x00000000 x23=0xfffffa4d
       50995000	      5000	80004f72	028f4e33	div	x28,x30,x8	 x30:0xfffff26e  x8:0xfffff26e x28=0x00000001
       51005000	      5001	80004f76	02c29b63	bne	x5,x12,80004fac	  x5:0xf1000000 x12:0x80021e20
       51025000	      5003	80004fac	40b5d7b3	sra	x15,x11,x11	 x11:0x80021e20 x11:0x80021e20 x15=0x80021e20
       51035000	      5004	80004fb0	8f71	c.and	x14,x12	 x14:0x00000001 x12:0x80021e20 x14=0x00000000
       51075000	      5008	80004fb2	03b3b633	mulhu	x12,x7,x27	  x7:0x00000000 x27:0x00000000 x12=0x00000000
       51085000	      5009	80004fb6	eb99	c.bnez	x15,80004fcc	 x15:0x80021e20
       51105000	      5011	80004fcc	909fc637	lui	x12,0x909fc	 x12=0x909fc000
       51115000	      5012	80004fd0	95418213	addi	x4,x3,-1708	  x3:0xca7e3f32  x4=0xca7e3886
       51125000	      5013	80004fd4	0000100f	fence.i	
       51145000	      5015	80004fd8	824b0c93	addi	x25,x22,-2012	 x22:0x00000000 x25=0xfffff824
       51155000	      5016	80004fdc	fbcb2713	slti	x14,x22,-68	 x22:0x00000000 x14=0x00000000
       51165000	      5017	80004fe0	8ed1	c.or	x13,x12	 x13:0x00000a15 x12:0x909fc000 x13=0x909fca15
       51175000	      5018	80004fe2	f398f793	andi	x15,x17,-199	 x17:0x00000613 x15=0x00000611
       51185000	      5019	80004fe6	1818	c.addi4spn	x14,x2,48	 x14=0x00000030
       51195000	      5020	80004fe8	0190a533	slt	x10,x1,x25	  x1:0xfffff800 x25:0xfffff824 x10=0x00000001
       51205000	      5021	80004fec	87b9	c.srai	x15,0xe	 x15:0x00000611 x15=0x00000000
       51215000	      5022	80004fee	6a59	c.lui	x20,0x16	 x20=0x00016000
       51225000	      5023	80004ff0	0d1d	c.addi	x26,7	 x26:0x00000000 x26=0x00000007
       51235000	      5024	80004ff2	01ba1c93	slli	x25,x20,0x1b	 x20:0x00016000 x25=0x00000000
       51245000	      5025	80004ff6	e6ee7d13	andi	x26,x28,-402	 x28:0x00000001 x26=0x00000000
       51255000	      5026	80004ffa	0001	c.addi	x0,0	  x0:0x00000000  x0=0x00000000
       51265000	      5027	80004ffc	e00d	c.bnez	x8,8000501e	  x8:0xfffff26e
       51315000	      5032	8000501e	02738a33	mul	x20,x7,x7	  x7:0x00000000  x7:0x00000000 x20=0x00000000
       51325000	      5033	80005022	02ec4c63	blt	x24,x14,8000505a	 x24:0xffffffff x14:0x00000030
       51345000	      5035	8000505a	9f22	c.add	x30,x8	 x30:0xfffff26e  x8:0xfffff26e x30=0xffffe4dc
       51355000	      5036	8000505c	0ff0000f	fence	iorw,iorw	
       51365000	      5037	80005060	0001	c.addi	x0,0	  x0:0x00000000  x0=0x00000000
       51375000	      5038	80005062	8c8d	c.sub	x9,x11	  x9:0xffffffff x11:0x80021e20  x9=0x7ffde1df
       51385000	      5039	80005064	0484	c.addi4spn	x9,x2,576	  x9=0x00000240
       51395000	      5040	80005066	0001	c.addi	x0,0	  x0:0x00000000  x0=0x00000000
       51405000	      5041	80005068	e9e39297	auipc	x5,0xe9e39	  x5=0x69e3e068
       51415000	      5042	8000506c	01533d33	sltu	x26,x6,x21	  x6:0x00000000 x21:0x00000000 x26=0x00000000
       51425000	      5043	80005070	4035d893	srai	x17,x11,0x3	 x11:0x80021e20 x17=0xf00043c4
       51435000	      5044	80005074	6b186093	ori	x1,x16,1713	 x16:0xbd197fd9  x1=0xbd197ff9
       51445000	      5045	80005078	01cec763	blt	x29,x28,80005086	 x29:0x0000ffff x28:0x00000001
       51455000	      5046	8000507c	8035	c.srli	x8,0xd	  x8:0xfffff26e  x8=0x0007ffff
       51465000	      5047	8000507e	82a1	c.srli	x13,0x8	 x13:0x909fca15 x13=0x00909fca
       51475000	      5048	80005080	0384ed63	bltu	x9,x24,800050ba	  x9:0x00000240 x24:0xffffffff
       51515000	      5052	800050ba	03bfd633	divu	x12,x31,x27	 x31:0x80025ce4 x27:0x00000000 x12=0xffffffff
       51885000	      5089	800050be	030048b3	div	x17,x0,x16	  x0:0x00000000 x16:0xbd197fd9 x17=0x00000000
       51895000	      5090	800050c2	6f21	c.lui	x30,0x8	 x30=0x00008000
       51905000	      5091	800050c4	0166fb33	and	x22,x13,x22	 x13:0x00909fca x22:0x00000000 x22=0x00000000
       51915000	      5092	800050c8	46bbb013	sltiu	x0,x23,1131	 x23:0xfffffa4d  x0=0x00000000
       51955000	      5096	800050cc	02e016b3	mulh	x13,x0,x14	  x0:0x00000000 x14:0x00000030 x13=0x00000000
       51965000	      5097	800050d0	91b6	c.add	x3,x13	  x3:0xca7e3f32 x13:0x00000000  x3=0xca7e3f32
       51975000	      5098	800050d2	0245ce63	blt	x11,x4,8000510e	 x11:0x80021e20  x4:0xca7e3886
       52005000	      5101	8000510e	003178b3	and	x17,x2,x3	  x2:0x00000000  x3:0xca7e3f32 x17=0x00000000
       52015000	      5102	80005112	00e41713	slli	x14,x8,0xe	  x8:0x0007ffff x14=0xffffc000
       52025000	      5103	80005116	019e46b3	xor	x13,x28,x25	 x28:0x00000001 x25:0x00000000 x13=0x00000001
       52035000	      5104	8000511a	52fd	c.li	x5,-1	  x5=0xffffffff
       52045000	      5105	8000511c	0110e7b3	or	x15,x1,x17	  x1:0xbd197ff9 x17:0x00000000 x15=0xbd197ff9
       52065000	      5107	80005120	039d70b3	remu	x1,x26,x25	 x26:0x00000000 x25:0x00000000  x1=0x00000000
       52075000	      5108	80005124	60d5	c.lui	x1,0x15	  x1=0x00015000
       52085000	      5109	80005126	8ef9	c.and	x13,x14	 x13:0x00000001 x14:0xffffc000 x13=0x00000000
       52095000	      5110	80005128	4601	c.li	x12,0	 x12=0x00000000
       52105000	      5111	8000512a	9f2a	c.add	x30,x10	 x30:0x00008000 x10:0x00000001 x30=0x00008001
       52115000	      5112	8000512c	89ff3f13	sltiu	x30,x30,-1889	 x30:0x00008001 x30=0x00000001
       52125000	      5113	80005130	0201cd63	blt	x3,x0,8000516a	  x3:0xca7e3f32  x0:0x00000000
       52155000	      5116	8000516a	0276de63	bge	x13,x7,800051a6	 x13:0x00000000  x7:0x00000000
       52175000	      5118	800051a6	8605	c.srai	x12,0x1	 x12:0x00000000 x12=0x00000000
       52185000	      5119	800051a8	1b88	c.addi4spn	x10,x2,496	 x10=0x000001f0
       52195000	      5120	800051aa	6b65	c.lui	x22,0x19	 x22=0x00019000
       52205000	      5121	800051ac	004c7633	and	x12,x24,x4	 x24:0xffffffff  x4:0xca7e3886 x12=0xca7e3886
       52215000	      5122	800051b0	0176b4b3	sltu	x9,x13,x23	 x13:0x00000000 x23:0xfffffa4d  x9=0x00000001
       52225000	      5123	800051b4	8d2d	c.xor	x10,x11	 x10:0x000001f0 x11:0x80021e20 x10=0x80021fd0
       52235000	      5124	800051b6	69e75417	auipc	x8,0x69e75	  x8=0xe9e7a1b6
       52245000	      5125	800051ba	577fca93	xori	x21,x31,1399	 x31:0x80025ce4 x21=0x80025993
       52255000	      5126	800051be	0001	c.addi	x0,0	  x0:0x00000000  x0=0x00000000
       52285000	      5129	800051c0	02558e33	mul	x28,x11,x5	 x11:0x80021e20  x5:0xffffffff x28=0x7ffde1e0
       52295000	      5130	800051c4	0174f0b3	and	x1,x9,x23	  x9:0x00000001 x23:0xfffffa4d  x1=0x00000001
       52305000	      5131	800051c8	fc304713	xori	x14,x0,-61	  x0:0x00000000 x14=0xffffffc3
       52315000	      5132	800051cc	8cf1	c.and	x9,x12	  x9:0x00000001 x12:0xca7e3886  x9=0x00000000
       52325000	      5133	800051ce	0189f833	and	x16,x19,x24	 x19:0x0001e000 x24:0xffffffff x16=0x0001e000
       52335000	      5134	800051d2	8b15	c.andi	x14,5	 x14:0xffffffc3 x14=0x00000001
       52345000	      5135	800051d4	005cdd63	bge	x25,x5,800051ee	 x25:0x00000000  x5:0xffffffff
       52375000	      5138	800051ee	01884eb3	xor	x29,x16,x24	 x16:0x0001e000 x24:0xffffffff x29=0xfffe1fff
       52385000	      5139	800051f2	855a	c.mv	x10,x22	  x0:0x00000000 x22:0x00019000 x10=0x00019000
       52395000	      5140	800051f4	8e0d	c.sub	x12,x11	 x12:0xca7e3886 x11:0x80021e20 x12=0x4a7c1a66
       52405000	      5141	800051f6	0183d993	srli	x19,x7,0x18	  x7:0x00000000 x19=0x00000000
       52415000	      5142	800051fa	40fb0733	sub	x14,x22,x15	 x22:0x00019000 x15:0xbd197ff9 x14=0x42e81007
       52785000	      5179	800051fe	03c1d3b3	divu	x7,x3,x28	  x3:0xca7e3f32 x28:0x7ffde1e0  x7=0x00000001
       52795000	      5180	80005202	0185b8b3	sltu	x17,x11,x24	 x11:0x80021e20 x24:0xffffffff x17=0x00000001
       52805000	      5181	80005206	00844933	xor	x18,x8,x8	  x8:0xe9e7a1b6  x8:0xe9e7a1b6 x18=0x00000000
       52845000	      5185	8000520a	03b62f33	mulhsu	x30,x12,x27	 x12:0x4a7c1a66 x27:0x00000000 x30=0x00000000
       52855000	      5186	8000520e	6c3d	c.lui	x24,0xf	 x24=0x0000f000
       52865000	      5187	80005210	14fd	c.addi	x9,-1	  x9:0x00000000  x9=0xffffffff
       52875000	      5188	80005212	8a71	c.andi	x12,28	 x12:0x4a7c1a66 x12=0x00000004
       52885000	      5189	80005214	0808	c.addi4spn	x10,x2,16	 x10=0x00000010
       52895000	      5190	80005216	0092	c.slli	x1,0x4	  x1:0x00000001  x1=0x00000010
       52905000	      5191	80005218	8d65	c.and	x10,x9	 x10:0x00000010  x9:0xffffffff x10=0x00000010
       52915000	      5192	8000521a	002b00b3	add	x1,x22,x2	 x22:0x00019000  x2:0x00000000  x1=0x00019000
       52925000	      5193	8000521e	0000100f	fence.i	
       52945000	      5195	80005222	8ea9	c.xor	x13,x10	 x13:0x00000000 x10:0x00000010 x13=0x00000010
       52955000	      5196	80005224	0129c3b3	xor	x7,x19,x18	 x19:0x00000000 x18:0x00000000  x7=0x00000000
       52965000	      5197	80005228	8fb1	c.xor	x15,x12	 x15:0xbd197ff9 x12:0x00000004 x15=0xbd197ffd
       52975000	      5198	8000522a	0001	c.addi	x0,0	  x0:0x00000000  x0=0x00000000
       52985000	      5199	8000522c	0000100f	fence.i	
       53005000	      5201	80005230	0d04	c.addi4spn	x9,x2,656	  x9=0x00000290
       53015000	      5202	80005232	00561293	slli	x5,x12,0x5	 x12:0x00000004  x5=0x00000080
       53025000	      5203	80005236	015e09b3	add	x19,x28,x21	 x28:0x7ffde1e0 x21:0x80025993 x19=0x00003b73
       53035000	      5204	8000523a	410387b3	sub	x15,x7,x16	  x7:0x00000000 x16:0x0001e000 x15=0xfffe2000
       53045000	      5205	8000523e	02e78a63	beq	x15,x14,80005272	 x15:0xfffe2000 x14:0x42e81007
       53055000	      5206	80005242	024eb513	sltiu	x10,x29,36	 x29:0xfffe1fff x10=0x00000000
       53065000	      5207	80005246	0000100f	fence.i	
       53095000	      5210	8000524a	ae4a3993	sltiu	x19,x20,-1308	 x20:0x00000000 x19=0x00000001
       53105000	      5211	8000524e	0001	c.addi	x0,0	  x0:0x00000000  x0=0x00000000
       53115000	      5212	80005250	4da5	c.li	x27,9	 x27=0x00000009
       53125000	      5213	80005252	717d	c.addi16sp	x2,-16	  x2:0x00000000  x2=0xfffffff0
       53135000	      5214	80005254	83e1	c.srli	x15,0x18	 x15:0xfffe2000 x15=0x000000ff
       53145000	      5215	80005256	b6d892b7	lui	x5,0xb6d89	  x5=0xb6d89000
       53155000	      5216	8000525a	401953b3	sra	x7,x18,x1	 x18:0x00000000  x1:0x00019000  x7=0x00000000
       53525000	      5253	8000525e	02f5f1b3	remu	x3,x11,x15	 x11:0x80021e20 x15:0x000000ff  x3=0x000000c0
       53535000	      5254	80005262	82bd	c.srli	x13,0xf	 x13:0x00000010 x13=0x00000000
       53545000	      5255	80005264	01d9ba33	sltu	x20,x19,x29	 x19:0x00000001 x29:0xfffe1fff x20=0x00000001
       53555000	      5256	80005268	e2a9	c.bnez	x13,800052aa	 x13:0x00000000
       53565000	      5257	8000526a	03058e63	beq	x11,x16,800052a6	 x11:0x80021e20 x16:0x0001e000
       53595000	      5260	8000526e	038a07b3	mul	x15,x20,x24	 x20:0x00000001 x24:0x0000f000 x15=0x0000f000
       53605000	      5261	80005272	8aa5	c.andi	x13,9	 x13:0x00000000 x13=0x00000000
       53615000	      5262	80005274	03964d63	blt	x12,x25,800052ae	 x12:0x00000004 x25:0x00000000
       53985000	      5299	80005278	02244bb3	div	x23,x8,x2	  x8:0xe9e7a1b6  x2:0xfffffff0 x23=0x016185e4
       53995000	      5300	8000527c	82b9	c.srli	x13,0xe	 x13:0x00000000 x13=0x00000000
       54005000	      5301	8000527e	01396a63	bltu	x18,x19,80005292	 x18:0x00000000 x19:0x00000001
       54035000	      5304	80005292	0048aeb3	slt	x29,x17,x4	 x17:0x00000001  x4:0xca7e3886 x29=0x00000000
       54045000	      5305	80005296	000db8b3	sltu	x17,x27,x0	 x27:0x00000009  x0:0x00000000 x17=0x00000000
       54415000	      5342	8000529a	03f2dab3	divu	x21,x5,x31	  x5:0xb6d89000 x31:0x80025ce4 x21=0x00000001
       54425000	      5343	8000529e	573a9897	auipc	x17,0x573a9	 x17=0xd73ae29e
       54435000	      5344	800052a2	0118f533	and	x10,x17,x17	 x17:0xd73ae29e x17:0xd73ae29e x10=0xd73ae29e
       54445000	      5345	800052a6	003ff863	bgeu	x31,x3,800052b6	 x31:0x80025ce4  x3:0x000000c0
       54835000	      5384	800052b6	0255cab3	div	x21,x11,x5	 x11:0x80021e20  x5:0xb6d89000 x21=0x00000001
       54845000	      5385	800052ba	40cf8133	sub	x2,x31,x12	 x31:0x80025ce4 x12:0x00000004  x2=0x80025ce0
       54855000	      5386	800052be	997d	c.andi	x10,-1	 x10:0xd73ae29e x10=0xd73ae29e
       54865000	      5387	800052c0	b6d74c93	xori	x25,x14,-1171	 x14:0x42e81007 x25=0xbd17eb6a
       54875000	      5388	800052c4	019851b3	srl	x3,x16,x25	 x16:0x0001e000 x25:0xbd17eb6a  x3=0x00000078
       54885000	      5389	800052c8	007bdd33	srl	x26,x23,x7	 x23:0x016185e4  x7:0x00000000 x26=0x016185e4
       54895000	      5390	800052cc	8f75	c.and	x14,x13	 x14:0x42e81007 x13:0x00000000 x14=0x00000000
       54905000	      5391	800052ce	0ee6	c.slli	x29,0x19	 x29:0x00000000 x29=0x00000000
       55275000	      5428	800052d0	024347b3	div	x15,x6,x4	  x6:0x00000000  x4:0xca7e3886 x15=0x00000000
       55285000	      5429	800052d4	e49d	c.bnez	x9,80005302	  x9:0x00000290
       55315000	      5432	80005302	00385b93	srli	x23,x16,0x3	 x16:0x0001e000 x23=0x00003c00
       55325000	      5433	80005306	0001	c.addi	x0,0	  x0:0x00000000  x0=0x00000000
       55695000	      5470	80005308	03bae033	rem	x0,x21,x27	 x21:0x00000001 x27:0x00000009  x0=0x00000000
       56065000	      5507	8000530c	028bf4b3	remu	x9,x23,x8	 x23:0x00003c00  x8:0xe9e7a1b6  x9=0x00003c00
       56075000	      5508	80005310	416bd993	srai	x19,x23,0x16	 x23:0x00003c00 x19=0x00000000
       56115000	      5512	80005314	02b51db3	mulh	x27,x10,x11	 x10:0xd73ae29e x11:0x80021e20 x27=0x1462385a
       56125000	      5513	80005318	4385fe93	andi	x29,x11,1080	 x11:0x80021e20 x29=0x00000420
       56135000	      5514	8000531c	0336dc63	bge	x13,x19,80005354	 x13:0x00000000 x19:0x00000000
       56155000	      5516	80005354	9b06	c.add	x22,x1	 x22:0x00019000  x1:0x00019000 x22=0x00032000
       56165000	      5517	80005356	01f632b3	sltu	x5,x12,x31	 x12:0x00000004 x31:0x80025ce4  x5=0x00000001
       56175000	      5518	8000535a	01771193	slli	x3,x14,0x17	 x14:0x00000000  x3=0x00000000
       56185000	      5519	8000535e	890e8893	addi	x17,x29,-1904	 x29:0x00000420 x17=0xfffffcb0
       56555000	      5556	80005362	02435b33	divu	x22,x6,x4	  x6:0x00000000  x4:0xca7e3886 x22=0x00000000
       56565000	      5557	80005366	8bd1	c.andi	x15,20	 x15:0x00000000 x15=0x00000000
       56575000	      5558	80005368	0337f763	bgeu	x15,x19,80005396	 x15:0x00000000 x19:0x00000000
       56595000	      5560	80005396	8fbd	c.xor	x15,x15	 x15:0x00000000 x15:0x00000000 x15=0x00000000
       56605000	      5561	80005398	01ff3533	sltu	x10,x30,x31	 x30:0x00000000 x31:0x80025ce4 x10=0x00000001
       56615000	      5562	8000539c	6da1	c.lui	x27,0x8	 x27=0x00008000
       56655000	      5566	8000539e	02463eb3	mulhu	x29,x12,x4	 x12:0x00000004  x4:0xca7e3886 x29=0x00000003
       56665000	      5567	800053a2	001239b3	sltu	x19,x4,x1	  x4:0xca7e3886  x1:0x00019000 x19=0x00000000
       56675000	      5568	800053a6	03284063	blt	x16,x18,800053c6	 x16:0x0001e000 x18:0x00000000
       56685000	      5569	800053aa	040fe193	ori	x3,x31,64	 x31:0x80025ce4  x3=0x80025ce4
       56695000	      5570	800053ae	717d	c.addi16sp	x2,-16	  x2:0x80025ce0  x2=0x80025cd0
       56705000	      5571	800053b0	0134a2b3	slt	x5,x9,x19	  x9:0x00003c00 x19:0x00000000  x5=0x00000000
       56715000	      5572	800053b4	c409	c.beqz	x8,800053be	  x8:0xe9e7a1b6
       56725000	      5573	800053b6	4ea1	c.li	x29,8	 x29=0x00000008
       56735000	      5574	800053b8	0001	c.addi	x0,0	  x0:0x00000000  x0=0x00000000
       56745000	      5575	800053ba	00578463	beq	x15,x5,800053c2	 x15:0x00000000  x5:0x00000000
       56765000	      5577	800053c2	8d4d	c.or	x10,x11	 x10:0x00000001 x11:0x80021e20 x10=0x80021e21
       56775000	      5578	800053c4	0898	c.addi4spn	x14,x2,80	 x14=0x80025d20
       56785000	      5579	800053c6	033fc163	blt	x31,x19,800053e8	 x31:0x80025ce4 x19:0x00000000
       56805000	      5581	800053e8	01187f33	and	x30,x16,x17	 x16:0x0001e000 x17:0xfffffcb0 x30=0x0001e000
       56815000	      5582	800053ec	017f0c33	add	x24,x30,x23	 x30:0x0001e000 x23:0x00003c00 x24=0x00021c00
       56825000	      5583	800053f0	823d	c.srli	x12,0xf	 x12:0x00000004 x12=0x00000000
       56835000	      5584	800053f2	4aef2b97	auipc	x23,0x4aef2	 x23=0xcaef73f2
       56845000	      5585	800053f6	00689213	slli	x4,x17,0x6	 x17:0xfffffcb0  x4=0xffff2c00
       56855000	      5586	800053fa	0086dc33	srl	x24,x13,x8	 x13:0x00000000  x8:0xe9e7a1b6 x24=0x00000000
       56865000	      5587	800053fe	039d6763	bltu	x26,x25,8000542c	 x26:0x016185e4 x25:0xbd17eb6a
       57245000	      5625	8000542c	03bdf4b3	remu	x9,x27,x27	 x27:0x00008000 x27:0x00008000  x9=0x00000000
       57255000	      5626	80005430	407bd7b3	sra	x15,x23,x7	 x23:0xcaef73f2  x7:0x00000000 x15=0xcaef73f2
       57265000	      5627	80005434	01ee8e63	beq	x29,x30,80005450	 x29:0x00000008 x30:0x0001e000
       57275000	      5628	80005438	03a77d63	bgeu	x14,x26,80005472	 x14:0x80025d20 x26:0x016185e4
       57305000	      5631	80005472	01740db3	add	x27,x8,x23	  x8:0xe9e7a1b6 x23:0xcaef73f2 x27=0xb4d715a8
       57315000	      5632	80005476	45264013	xori	x0,x12,1106	 x12:0x00000000  x0=0x00000000
       57335000	      5634	8000547a	0263cbb3	div	x23,x7,x6	  x7:0x00000000  x6:0x00000000 x23=0xffffffff
       57345000	      5635	8000547e	0d66	c.slli	x26,0x19	 x26:0x016185e4 x26=0xc8000000
       57355000	      5636	80005480	0000100f	fence.i	
       57375000	      5638	80005484	c519	c.beqz	x10,80005492	 x10:0x80021e21
       57385000	      5639	80005486	008d1ab3	sll	x21,x26,x8	 x26:0xc8000000  x8:0xe9e7a1b6 x21=0x00000000
       57425000	      5643	8000548a	03aeadb3	mulhsu	x27,x29,x26	 x29:0x00000008 x26:0xc8000000 x27=0x00000006
       57435000	      5644	8000548e	0001	c.addi	x0,0	  x0:0x00000000  x0=0x00000000
       57445000	      5645	80005490	e889	c.bnez	x9,800054a2	  x9:0x00000000
       57455000	      5646	80005492	00e35d93	srli	x27,x6,0xe	  x6:0x00000000 x27=0x00000000
       57465000	      5647	80005496	015ec0b3	xor	x1,x29,x21	 x29:0x00000008 x21:0x00000000  x1=0x00000008
       57475000	      5648	8000549a	9c05e213	ori	x4,x11,-1600	 x11:0x80021e20  x4=0xffffffe0
       57485000	      5649	8000549e	01a5b533	sltu	x10,x11,x26	 x11:0x80021e20 x26:0xc8000000 x10=0x00000001
       57525000	      5653	800054a2	0363a533	mulhsu	x10,x7,x22	  x7:0x00000000 x22:0x00000000 x10=0x00000000
       57535000	      5654	800054a6	40a25233	sra	x4,x4,x10	  x4:0xffffffe0 x10:0x00000000  x4=0xffffffe0
       57545000	      5655	800054aa	8575e713	ori	x14,x11,-1961	 x11:0x80021e20 x14=0xfffffe77
       57555000	      5656	800054ae	40c08233	sub	x4,x1,x12	  x1:0x00000008 x12:0x00000000  x4=0x00000008
       57565000	      5657	800054b2	0ff0000f	fence	iorw,iorw	
       57575000	      5658	800054b6	01607663	bgeu	x0,x22,800054c2	  x0:0x00000000 x22:0x00000000
       57605000	      5661	800054c2	900b8e13	addi	x28,x23,-1792	 x23:0xffffffff x28=0xfffff8ff
       57615000	      5662	800054c6	5d7d	c.li	x26,-1	 x26=0xffffffff
       57625000	      5663	800054c8	01d4a8b3	slt	x17,x9,x29	  x9:0x00000000 x29:0x00000008 x17=0x00000001
       57635000	      5664	800054cc	0818	c.addi4spn	x14,x2,16	 x14=0x80025ce0
       57645000	      5665	800054ce	be047c13	andi	x24,x8,-1056	  x8:0xe9e7a1b6 x24=0xe9e7a1a0
       57685000	      5669	800054d2	02e43233	mulhu	x4,x8,x14	  x8:0xe9e7a1b6 x14:0x80025ce0  x4=0x74f5f986
       57725000	      5673	800054d6	02799733	mulh	x14,x19,x7	 x19:0x00000000  x7:0x00000000 x14=0x00000000
       57765000	      5677	800054da	0307af33	mulhsu	x30,x15,x16	 x15:0xcaef73f2 x16:0x0001e000 x30=0xffff9c80
       57805000	      5681	800054de	0228ac33	mulhsu	x24,x17,x2	 x17:0x00000001  x2:0x80025cd0 x24=0x00000000
       57815000	      5682	800054e2	8cd36b93	ori	x23,x6,-1843	  x6:0x00000000 x23=0xfffff8cd
       57825000	      5683	800054e6	009e7f33	and	x30,x28,x9	 x28:0xfffff8ff  x9:0x00000000 x30=0x00000000
       57835000	      5684	800054ea	0125c133	xor	x2,x11,x18	 x11:0x80021e20 x18:0x00000000  x2=0x80021e20
       57845000	      5685	800054ee	717d	c.addi16sp	x2,-16	  x2:0x80021e20  x2=0x80021e10
       57855000	      5686	800054f0	00c73db3	sltu	x27,x14,x12	 x14:0x00000000 x12:0x00000000 x27=0x00000000
       57865000	      5687	800054f4	d36b6a93	ori	x21,x22,-714	 x22:0x00000000 x21=0xfffffd36
       57875000	      5688	800054f8	0000100f	fence.i	
       57895000	      5690	800054fc	d400a993	slti	x19,x1,-704	  x1:0x00000008 x19=0x00000000
       57935000	      5694	80005500	025a2833	mulhsu	x16,x20,x5	 x20:0x00000001  x5:0x00000000 x16=0x00000000
       57945000	      5695	80005504	010108b3	add	x17,x2,x16	  x2:0x80021e10 x16:0x00000000 x17=0x80021e10
       57955000	      5696	80005508	018490b3	sll	x1,x9,x24	  x9:0x00000000 x24:0x00000000  x1=0x00000000
       57965000	      5697	8000550c	012e1f13	slli	x30,x28,0x12	 x28:0xfffff8ff x30=0xe3fc0000
       57975000	      5698	80005510	8cf9	c.and	x9,x14	  x9:0x00000000 x14:0x00000000  x9=0x00000000
       57985000	      5699	80005512	00371033	sll	x0,x14,x3	 x14:0x00000000  x3:0x80025ce4  x0=0x00000000
       57995000	      5700	80005516	009210b3	sll	x1,x4,x9	  x4:0x74f5f986  x9:0x00000000  x1=0x74f5f986
       58005000	      5701	8000551a	5fa8f793	andi	x15,x17,1530	 x17:0x80021e10 x15=0x00000410
       58015000	      5702	8000551e	0ff0000f	fence	iorw,iorw	
       58025000	      5703	80005522	03c2c963	blt	x5,x28,80005554	  x5:0x00000000 x28:0xfffff8ff
       58035000	      5704	80005526	6109	c.addi16sp	x2,128	  x2:0x80021e10  x2=0x80021e90
       58045000	      5705	80005528	0ff0000f	fence	iorw,iorw	
       58055000	      5706	8000552c	8f59	c.or	x14,x14	 x14:0x00000000 x14:0x00000000 x14=0x00000000
       58065000	      5707	8000552e	007b54b3	srl	x9,x22,x7	 x22:0x00000000  x7:0x00000000  x9=0x00000000
       58075000	      5708	80005532	016f9113	slli	x2,x31,0x16	 x31:0x80025ce4  x2=0x39000000
       58085000	      5709	80005536	0099bab3	sltu	x21,x19,x9	 x19:0x00000000  x9:0x00000000 x21=0x00000000
       58095000	      5710	8000553a	8fb5	c.xor	x15,x13	 x15:0x00000410 x13:0x00000000 x15=0x00000410
       58465000	      5747	8000553c	0373c7b3	div	x15,x7,x23	  x7:0x00000000 x23:0xfffff8cd x15=0x00000000
       58475000	      5748	80005540	e881	c.bnez	x9,80005550	  x9:0x00000000
       58485000	      5749	80005542	40c8dc33	sra	x24,x17,x12	 x17:0x80021e10 x12:0x00000000 x24=0x80021e10
       58525000	      5753	80005546	03491c33	mulh	x24,x18,x20	 x18:0x00000000 x20:0x00000001 x24=0x00000000
       58535000	      5754	8000554a	40fd04b3	sub	x9,x26,x15	 x26:0xffffffff x15:0x00000000  x9=0xffffffff
       58545000	      5755	8000554e	197d	c.addi	x18,-1	 x18:0x00000000 x18=0xffffffff
       58555000	      5756	80005550	0ff0000f	fence	iorw,iorw	
       58565000	      5757	80005554	01f56eb3	or	x29,x10,x31	 x10:0x00000000 x31:0x80025ce4 x29=0x80025ce4
       58575000	      5758	80005558	00b66a33	or	x20,x12,x11	 x12:0x00000000 x11:0x80021e20 x20=0x80021e20
       58585000	      5759	8000555c	00f2	c.slli	x1,0x1c	  x1:0x74f5f986  x1=0x60000000
       58955000	      5796	8000555e	02955433	divu	x8,x10,x9	 x10:0x00000000  x9:0xffffffff  x8=0x00000000
       58965000	      5797	80005562	cd19	c.beqz	x10,80005580	 x10:0x00000000
       58985000	      5799	80005580	865d	c.srai	x12,0x17	 x12:0x00000000 x12=0x00000000
       58995000	      5800	80005582	4122d433	sra	x8,x5,x18	  x5:0x00000000 x18:0xffffffff  x8=0x00000000
       59005000	      5801	80005586	0818	c.addi4spn	x14,x2,16	 x14=0x39000010
       59015000	      5802	80005588	00f09c93	slli	x25,x1,0xf	  x1:0x60000000 x25=0x00000000
       59025000	      5803	8000558c	8fd1	c.or	x15,x12	 x15:0x00000000 x12:0x00000000 x15=0x00000000
       59035000	      5804	8000558e	02205d63	bge	x0,x2,800055c8	  x0:0x00000000  x2:0x39000000
       59045000	      5805	80005592	1b1c	c.addi4spn	x15,x2,432	 x15=0x390001b0
       59085000	      5809	80005594	038622b3	mulhsu	x5,x12,x24	 x12:0x00000000 x24:0x00000000  x5=0x00000000
       59125000	      5813	80005598	03619833	mulh	x16,x3,x22	  x3:0x80025ce4 x22:0x00000000 x16=0x00000000
       59135000	      5814	8000559c	3f747813	andi	x16,x8,1015	  x8:0x00000000 x16=0x00000000
       59145000	      5815	800055a0	40e9d813	srai	x16,x19,0xe	 x19:0x00000000 x16=0x00000000
       59155000	      5816	800055a4	c8097437	lui	x8,0xc8097	  x8=0xc8097000
       59165000	      5817	800055a8	40df5133	sra	x2,x30,x13	 x30:0xe3fc0000 x13:0x00000000  x2=0xe3fc0000
       59535000	      5854	800055ac	02e3ee33	rem	x28,x7,x14	  x7:0x00000000 x14:0x39000010 x28=0x00000000
       59545000	      5855	800055b0	e795	c.bnez	x15,800055dc	 x15:0x390001b0
       59565000	      5857	800055dc	db92fd13	andi	x26,x5,-583	  x5:0x00000000 x26=0x00000000
       59575000	      5858	800055e0	0000100f	fence.i	
       59955000	      5896	800055e4	02eed733	divu	x14,x29,x14	 x29:0x80025ce4 x14:0x39000010 x14=0x00000002
       59965000	      5897	800055e8	006f1813	slli	x16,x30,0x6	 x30:0xe3fc0000 x16=0xff000000
       59975000	      5898	800055ec	01687f33	and	x30,x16,x22	 x16:0xff000000 x22:0x00000000 x30=0x00000000
       59985000	      5899	800055f0	3f8bf713	andi	x14,x23,1016	 x23:0xfffff8cd x14=0x000000c8
       59995000	      5900	800055f4	0001	c.addi	x0,0	  x0:0x00000000  x0=0x00000000
       60005000	      5901	800055f6	01b04263	blt	x0,x27,800055fa	  x0:0x00000000 x27:0x00000000
       60015000	      5902	800055fa	019101b3	add	x3,x2,x25	  x2:0xe3fc0000 x25:0x00000000  x3=0xe3fc0000
       60385000	      5939	800055fe	032a4633	div	x12,x20,x18	 x20:0x80021e20 x18:0xffffffff x12=0x7ffde1e0
       60395000	      5940	80005602	9df7ae13	slti	x28,x15,-1569	 x15:0x390001b0 x28=0x00000000
       60405000	      5941	80005606	cf8d	c.beqz	x15,80005640	 x15:0x390001b0
       60415000	      5942	80005608	64e1	c.lui	x9,0x18	  x9=0x00018000
       60425000	      5943	8000560a	bd45b493	sltiu	x9,x11,-1068	 x11:0x80021e20  x9=0x00000001
       60435000	      5944	8000560e	0001	c.addi	x0,0	  x0:0x00000000  x0=0x00000000
       60445000	      5945	80005610	8105	c.srli	x10,0x1	 x10:0x00000000 x10=0x00000000
       60455000	      5946	80005612	009ddc13	srli	x24,x27,0x9	 x27:0x00000000 x24=0x00000000
       60465000	      5947	80005616	8155	c.srli	x10,0x15	 x10:0x00000000 x10=0x00000000
       60475000	      5948	80005618	00006b33	or	x22,x0,x0	  x0:0x00000000  x0:0x00000000 x22=0x00000000
       60485000	      5949	8000561c	04330263	beq	x6,x3,80005660	  x6:0x00000000  x3:0xe3fc0000
       60495000	      5950	80005620	407a8a33	sub	x20,x21,x7	 x21:0x00000000  x7:0x00000000 x20=0x00000000
       60505000	      5951	80005624	0ff0000f	fence	iorw,iorw	
       60515000	      5952	80005628	3e662a37	lui	x20,0x3e662	 x20=0x3e662000
       60525000	      5953	8000562c	8e89	c.sub	x13,x10	 x13:0x00000000 x10:0x00000000 x13=0x00000000
       60535000	      5954	8000562e	4be5	c.li	x23,25	 x23=0x00000019
       60545000	      5955	80005630	40380633	sub	x12,x16,x3	 x16:0xff000000  x3:0xe3fc0000 x12=0x1b040000
       60585000	      5959	80005634	03b1b2b3	mulhu	x5,x3,x27	  x3:0xe3fc0000 x27:0x00000000  x5=0x00000000
       60595000	      5960	80005638	5780b113	sltiu	x2,x1,1400	  x1:0x60000000  x2=0x00000000
       60605000	      5961	8000563c	005c1193	slli	x3,x24,0x5	 x24:0x00000000  x3=0x00000000
       60615000	      5962	80005640	0063a533	slt	x10,x7,x6	  x7:0x00000000  x6:0x00000000 x10=0x00000000
       60625000	      5963	80005644	01ec5113	srli	x2,x24,0x1e	 x24:0x00000000  x2=0x00000000
       60995000	      6000	80005648	032f49b3	div	x19,x30,x18	 x30:0x00000000 x18:0xffffffff x19=0x00000000
       61005000	      6001	8000564c	01ca1493	slli	x9,x20,0x1c	 x20:0x3e662000  x9=0x00000000
       61015000	      6002	80005650	012c1833	sll	x16,x24,x18	 x24:0x00000000 x18:0xffffffff x16=0x00000000
       61045000	      6005	80005654	03af83b3	mul	x7,x31,x26	 x31:0x80025ce4 x26:0x00000000  x7=0x00000000
       61055000	      6006	80005658	00347c63	bgeu	x8,x3,80005670	  x8:0xc8097000  x3:0x00000000
       61075000	      6008	80005670	47a1	c.li	x15,8	 x15=0x00000008
       61085000	      6009	80005672	1b7d	c.addi	x22,-1	 x22:0x00000000 x22=0xffffffff
       61095000	      6010	80005674	00b0d613	srli	x12,x1,0xb	  x1:0x60000000 x12=0x000c0000
       61135000	      6014	80005678	0394b9b3	mulhu	x19,x9,x25	  x9:0x00000000 x25:0x00000000 x19=0x00000000
       61175000	      6018	8000567c	03f52533	mulhsu	x10,x10,x31	 x10:0x00000000 x31:0x80025ce4 x10=0x00000000
       61185000	      6019	80005680	cd67c493	xori	x9,x15,-810	 x15:0x00000008  x9=0xfffffcde
       61195000	      6020	80005684	40180233	sub	x4,x16,x1	 x16:0x00000000  x1:0x60000000  x4=0xa0000000
       61225000	      6023	80005688	02aa0ab3	mul	x21,x20,x10	 x20:0x3e662000 x10:0x00000000 x21=0x00000000
       61235000	      6024	8000568c	02906e63	bltu	x0,x9,800056c8	  x0:0x00000000  x9:0xfffffcde
       61285000	      6029	800056c8	02171eb3	mulh	x29,x14,x1	 x14:0x000000c8  x1:0x60000000 x29=0x0000004b
       61295000	      6030	800056cc	41da8733	sub	x14,x21,x29	 x21:0x00000000 x29:0x0000004b x14=0xffffffb5
       61305000	      6031	800056d0	0001	c.addi	x0,0	  x0:0x00000000  x0=0x00000000
       61315000	      6032	800056d2	8f1d	c.sub	x14,x15	 x14:0xffffffb5 x15:0x00000008 x14=0xffffffad
       61325000	      6033	800056d4	80e6	c.mv	x1,x25	  x0:0x00000000 x25:0x00000000  x1=0x00000000
       61355000	      6036	800056d6	03be0633	mul	x12,x28,x27	 x28:0x00000000 x27:0x00000000 x12=0x00000000
       61365000	      6037	800056da	00f75f33	srl	x30,x14,x15	 x14:0xffffffad x15:0x00000008 x30=0x00ffffff
       61375000	      6038	800056de	8c6d	c.and	x8,x11	  x8:0xc8097000 x11:0x80021e20  x8=0x80001000
       61385000	      6039	800056e0	c515	c.beqz	x10,8000570c	 x10:0x00000000
       61405000	      6041	8000570c	0001	c.addi	x0,0	  x0:0x00000000  x0=0x00000000
       61435000	      6044	8000570e	03538433	mul	x8,x7,x21	  x7:0x00000000 x21:0x00000000  x8=0x00000000
       61475000	      6048	80005712	02feac33	mulhsu	x24,x29,x15	 x29:0x0000004b x15:0x00000008 x24=0x00000000
       61485000	      6049	80005716	8d3d	c.xor	x10,x15	 x10:0x00000000 x15:0x00000008 x10=0x00000008
       61495000	      6050	80005718	02a5c463	blt	x11,x10,80005740	 x11:0x80021e20 x10:0x00000008
       61875000	      6088	80005740	03e7e7b3	rem	x15,x15,x30	 x15:0x00000008 x30:0x00ffffff x15=0x00000008
       61885000	      6089	80005744	fa74fa93	andi	x21,x9,-89	  x9:0xfffffcde x21=0xfffffc86
       62255000	      6126	80005748	0350f4b3	remu	x9,x1,x21	  x1:0x00000000 x21:0xfffffc86  x9=0x00000000
       62265000	      6127	8000574c	1e0f8837	lui	x16,0x1e0f8	 x16=0x1e0f8000
       62305000	      6131	80005750	03611833	mulh	x16,x2,x22	  x2:0x00000000 x22:0xffffffff x16=0x00000000
       62315000	      6132	80005754	8895	c.andi	x9,5	  x9:0x00000000  x9=0x00000000
       62325000	      6133	80005756	8739	c.srai	x14,0xe	 x14:0xffffffad x14=0xffffffff
       62335000	      6134	80005758	00a5b1b3	sltu	x3,x11,x10	 x11:0x80021e20 x10:0x00000008  x3=0x00000000
       62345000	      6135	8000575c	0140d393	srli	x7,x1,0x14	  x1:0x00000000  x7=0x00000000
       62355000	      6136	80005760	00575b33	srl	x22,x14,x5	 x14:0xffffffff  x5:0x00000000 x22=0xffffffff
       62365000	      6137	80005764	77b74413	xori	x8,x14,1915	 x14:0xffffffff  x8=0xfffff884
       62375000	      6138	80005768	417ad913	srai	x18,x21,0x17	 x21:0xfffffc86 x18=0xffffffff
       62385000	      6139	8000576c	ba5c7213	andi	x4,x24,-1115	 x24:0x00000000  x4=0x00000000
       62395000	      6140	80005770	8165	c.srli	x10,0x19	 x10:0x00000008 x10=0x00000000
       62405000	      6141	80005772	8e71	c.and	x12,x12	 x12:0x00000000 x12:0x00000000 x12=0x00000000
       62415000	      6142	80005774	01b32533	slt	x10,x6,x27	  x6:0x00000000 x27:0x00000000 x10=0x00000000
       62425000	      6143	80005778	8ee9	c.and	x13,x10	 x13:0x00000000 x10:0x00000000 x13=0x00000000
       62435000	      6144	8000577a	d6b1b893	sltiu	x17,x3,-661	  x3:0x00000000 x17=0x00000001
       62445000	      6145	8000577e	0ff0000f	fence	iorw,iorw	
       62465000	      6147	80005782	030bfd33	remu	x26,x23,x16	 x23:0x00000019 x16:0x00000000 x26=0x00000019
       62475000	      6148	80005786	401f57b3	sra	x15,x30,x1	 x30:0x00ffffff  x1:0x00000000 x15=0x00ffffff
       62485000	      6149	8000578a	453c8b13	addi	x22,x25,1107	 x25:0x00000000 x22=0x00000453
       62495000	      6150	8000578e	8ea5	c.xor	x13,x9	 x13:0x00000000  x9:0x00000000 x13=0x00000000
       62505000	      6151	80005790	009a5913	srli	x18,x20,0x9	 x20:0x3e662000 x18=0x001f3310
       62515000	      6152	80005794	0098	c.addi4spn	x14,x2,64	 x14=0x00000040
       62525000	      6153	80005796	0ad1	c.addi	x21,20	 x21:0xfffffc86 x21=0xfffffc9a
       62565000	      6157	80005798	020b3b33	mulhu	x22,x22,x0	 x22:0x00000453  x0:0x00000000 x22=0x00000000
       62575000	      6158	8000579c	9f52	c.add	x30,x20	 x30:0x00ffffff x20:0x3e662000 x30=0x3f661fff
       62585000	      6159	8000579e	e8936813	ori	x16,x6,-375	  x6:0x00000000 x16=0xfffffe89
       62595000	      6160	800057a2	0300	c.addi4spn	x8,x2,384	  x8=0x00000180
       62605000	      6161	800057a4	01873ab3	sltu	x21,x14,x24	 x14:0x00000040 x24:0x00000000 x21=0x00000000
       62615000	      6162	800057a8	8e3d	c.xor	x12,x15	 x12:0x00000000 x15:0x00ffffff x12=0x00ffffff
       62625000	      6163	800057aa	039dea63	bltu	x27,x25,800057de	 x27:0x00000000 x25:0x00000000
       62635000	      6164	800057ae	a851bcb7	lui	x25,0xa851b	 x25=0xa851b000
       62645000	      6165	800057b2	00d5d463	bge	x11,x13,800057ba	 x11:0x80021e20 x13:0x00000000
       62655000	      6166	800057b6	bdd1fc97	auipc	x25,0xbdd1f	 x25=0x3dd247b6
       62665000	      6167	800057ba	012c4ab3	xor	x21,x24,x18	 x24:0x00000000 x18:0x001f3310 x21=0x001f3310
       62675000	      6168	800057be	01dd4963	blt	x26,x29,800057d0	 x26:0x00000019 x29:0x0000004b
       62695000	      6170	800057d0	8f3d	c.xor	x14,x15	 x14:0x00000040 x15:0x00ffffff x14=0x00ffffbf
       62705000	      6171	800057d2	2b412493	slti	x9,x2,692	  x2:0x00000000  x9=0x00000001
       62715000	      6172	800057d6	00389193	slli	x3,x17,0x3	 x17:0x00000001  x3=0x00000008
       62745000	      6175	800057da	02498733	mul	x14,x19,x4	 x19:0x00000000  x4:0x00000000 x14=0x00000000
       62755000	      6176	800057de	e219	c.bnez	x12,800057e4	 x12:0x00ffffff
       62775000	      6178	800057e4	4f2d	c.li	x30,11	 x30=0x0000000b
       62785000	      6179	800057e6	0ff0000f	fence	iorw,iorw	
       62795000	      6180	800057ea	968a	c.add	x13,x2	 x13:0x00000000  x2:0x00000000 x13=0x00000000
       62805000	      6181	800057ec	00341f13	slli	x30,x8,0x3	  x8:0x00000180 x30=0x00000c00
       62815000	      6182	800057f0	cc85	c.beqz	x9,80005828	  x9:0x00000001
       62825000	      6183	800057f2	409e5733	sra	x14,x28,x9	 x28:0x00000000  x9:0x00000001 x14=0x00000000
       62835000	      6184	800057f6	00058e93	addi	x29,x11,0	 x11:0x80021e20 x29=0x80021e20
       62845000	      6185	800057fa	0b610013	addi	x0,x2,182	  x2:0x00000000  x0=0x00000000
       62855000	      6186	800057fe	8ac1	c.andi	x13,16	 x13:0x00000000 x13=0x00000000
       62865000	      6187	80005800	03a2f963	bgeu	x5,x26,80005832	  x5:0x00000000 x26:0x00000019
       62875000	      6188	80005804	0ff0000f	fence	iorw,iorw	
       62885000	      6189	80005808	f8f08d93	addi	x27,x1,-113	  x1:0x00000000 x27=0xffffff8f
       62895000	      6190	8000580c	8135	c.srli	x10,0xd	 x10:0x00000000 x10=0x00000000
       62905000	      6191	8000580e	01fd77b3	and	x15,x26,x31	 x26:0x00000019 x31:0x80025ce4 x15=0x00000000
       62915000	      6192	80005812	a0e8e393	ori	x7,x17,-1522	 x17:0x00000001  x7=0xfffffa0f
       62925000	      6193	80005816	e60d	c.bnez	x12,80005840	 x12:0x00ffffff
       62945000	      6195	80005840	aea28c37	lui	x24,0xaea28	 x24=0xaea28000
       62955000	      6196	80005844	019a02b3	add	x5,x20,x25	 x20:0x3e662000 x25:0x3dd247b6  x5=0x7c3867b6
       62985000	      6199	80005848	02ee8433	mul	x8,x29,x14	 x29:0x80021e20 x14:0x00000000  x8=0x00000000
       63025000	      6203	8000584c	03c1b2b3	mulhu	x5,x3,x28	  x3:0x00000008 x28:0x00000000  x5=0x00000000
       63035000	      6204	80005850	42b22a37	lui	x20,0x42b22	 x20=0x42b22000
       63045000	      6205	80005854	55df39b7	lui	x19,0x55df3	 x19=0x55df3000
       63055000	      6206	80005858	986e	c.add	x16,x27	 x16:0xfffffe89 x27:0xffffff8f x16=0xfffffe18
       63065000	      6207	8000585a	00276033	or	x0,x14,x2	 x14:0x00000000  x2:0x00000000  x0=0x00000000
       63075000	      6208	8000585e	03415b63	bge	x2,x20,80005894	  x2:0x00000000 x20:0x42b22000
       63085000	      6209	80005862	8947e493	ori	x9,x15,-1900	 x15:0x00000000  x9=0xfffff894
       63095000	      6210	80005866	008e9c33	sll	x24,x29,x8	 x29:0x80021e20  x8:0x00000000 x24=0x80021e20
       63105000	      6211	8000586a	01789f63	bne	x17,x23,80005888	 x17:0x00000001 x23:0x00000019
       63125000	      6213	80005888	020d9063	bne	x27,x0,800058a8	 x27:0xffffff8f  x0:0x00000000
       63145000	      6215	800058a8	86b9	c.srai	x13,0xe	 x13:0x00000000 x13=0x00000000
       63155000	      6216	800058aa	cb01	c.beqz	x14,800058ba	 x14:0x00000000
       63175000	      6218	800058ba	87dd	c.srai	x15,0x17	 x15:0x00000000 x15=0x00000000
       63185000	      6219	800058bc	8759	c.srai	x14,0x16	 x14:0x00000000 x14=0x00000000
       63195000	      6220	800058be	001b9c33	sll	x24,x23,x1	 x23:0x00000019  x1:0x00000000 x24=0x00000019
       63205000	      6221	800058c2	5f89e617	auipc	x12,0x5f89e	 x12=0xdf8a38c2
       63215000	      6222	800058c6	0ff0000f	fence	iorw,iorw	
       63225000	      6223	800058ca	127d	c.addi	x4,-1	  x4:0x00000000  x4=0xffffffff
       63235000	      6224	800058cc	01a24eb3	xor	x29,x4,x26	  x4:0xffffffff x26:0x00000019 x29=0xffffffe6
       63605000	      6261	800058d0	023bf1b3	remu	x3,x23,x3	 x23:0x00000019  x3:0x00000008  x3=0x00000001
       63615000	      6262	800058d4	c405	c.beqz	x8,800058fc	  x8:0x00000000
       63635000	      6264	800058fc	40ea5b33	sra	x22,x20,x14	 x20:0x42b22000 x14:0x00000000 x22=0x42b22000
       64005000	      6301	80005900	036f58b3	divu	x17,x30,x22	 x30:0x00000c00 x22:0x42b22000 x17=0x00000000
       64015000	      6302	80005904	1048b793	sltiu	x15,x17,260	 x17:0x00000000 x15=0x00000001
       64045000	      6305	80005908	02de0133	mul	x2,x28,x13	 x28:0x00000000 x13:0x00000000  x2=0x00000000
       64055000	      6306	8000590c	006449b3	xor	x19,x8,x6	  x8:0x00000000  x6:0x00000000 x19=0x00000000
       64065000	      6307	80005910	8c99	c.sub	x9,x14	  x9:0xfffff894 x14:0x00000000  x9=0xfffff894
       64085000	      6309	80005912	02284db3	div	x27,x16,x2	 x16:0xfffffe18  x2:0x00000000 x27=0xffffffff
       64095000	      6310	80005916	24a1a637	lui	x12,0x24a1a	 x12=0x24a1a000
       64115000	      6312	8000591a	031be133	rem	x2,x23,x17	 x23:0x00000019 x17:0x00000000  x2=0x00000019
       64125000	      6313	8000591e	717d	c.addi16sp	x2,-16	  x2:0x00000019  x2=0x00000009
       64135000	      6314	80005920	c031	c.beqz	x8,80005964	  x8:0x00000000
       64155000	      6316	80005964	018a5a63	bge	x20,x24,80005978	 x20:0x42b22000 x24:0x00000019
       64175000	      6318	80005978	82e72293	slti	x5,x14,-2002	 x14:0x00000000  x5=0x00000000
       64185000	      6319	8000597c	40ae86b3	sub	x13,x29,x10	 x29:0xffffffe6 x10:0x00000000 x13=0xffffffe6
       64195000	      6320	80005980	4057db33	sra	x22,x15,x5	 x15:0x00000001  x5:0x00000000 x22=0x00000001
       64205000	      6321	80005984	00fa3933	sltu	x18,x20,x15	 x20:0x42b22000 x15:0x00000001 x18=0x00000000
       64215000	      6322	80005988	7793f993	andi	x19,x7,1913	  x7:0xfffffa0f x19=0x00000209
       64225000	      6323	8000598c	c109	c.beqz	x10,8000598e	 x10:0x00000000
       64255000	      6326	8000598e	0258ca63	blt	x17,x5,800059c2	 x17:0x00000000  x5:0x00000000
       64265000	      6327	80005992	02e20a63	beq	x4,x14,800059c6	  x4:0xffffffff x14:0x00000000
       64275000	      6328	80005996	5b33a293	slti	x5,x7,1459	  x7:0xfffffa0f  x5=0x00000001
       64285000	      6329	8000599a	01f05a93	srli	x21,x0,0x1f	  x0:0x00000000 x21=0x00000000
       64295000	      6330	8000599e	0ff0000f	fence	iorw,iorw	
       64305000	      6331	800059a2	4160d433	sra	x8,x1,x22	  x1:0x00000000 x22:0x00000001  x8=0x00000000
       64315000	      6332	800059a6	01dc5f33	srl	x30,x24,x29	 x24:0x00000019 x29:0xffffffe6 x30=0x00000000
       64355000	      6336	800059aa	0212b233	mulhu	x4,x5,x1	  x5:0x00000001  x1:0x00000000  x4=0x00000000
       64365000	      6337	800059ae	0000100f	fence.i	
       64395000	      6340	800059b2	0128c8b3	xor	x17,x17,x18	 x17:0x00000000 x18:0x00000000 x17=0x00000000
       64405000	      6341	800059b6	54fd	c.li	x9,-1	  x9=0xffffffff
       64775000	      6378	800059b8	02575d33	divu	x26,x14,x5	 x14:0x00000000  x5:0x00000001 x26=0x00000000
       64785000	      6379	800059bc	8fcd	c.or	x15,x11	 x15:0x00000001 x11:0x80021e20 x15=0x80021e21
       64795000	      6380	800059be	0ff0000f	fence	iorw,iorw	
       64805000	      6381	800059c2	01419613	slli	x12,x3,0x14	  x3:0x00000001 x12=0x00100000
       64815000	      6382	800059c6	41c4dc13	srai	x24,x9,0x1c	  x9:0xffffffff x24=0xffffffff
       64855000	      6386	800059ca	039c2b33	mulhsu	x22,x24,x25	 x24:0xffffffff x25:0x3dd247b6 x22=0xffffffff
       64865000	      6387	800059ce	0ff0000f	fence	iorw,iorw	
       64875000	      6388	800059d2	01da9d63	bne	x21,x29,800059ec	 x21:0x00000000 x29:0xffffffe6
       64895000	      6390	800059ec	0034fa33	and	x20,x9,x3	  x9:0xffffffff  x3:0x00000001 x20=0x00000001
       64935000	      6394	800059f0	028b29b3	mulhsu	x19,x22,x8	 x22:0xffffffff  x8:0x00000000 x19=0x00000000
       64945000	      6395	800059f4	8c61	c.and	x8,x8	  x8:0x00000000  x8:0x00000000  x8=0x00000000
       64955000	      6396	800059f6	8835	c.andi	x8,13	  x8:0x00000000  x8=0x00000000
       64965000	      6397	800059f8	1d7d	c.addi	x26,-1	 x26:0x00000000 x26=0xffffffff
       64975000	      6398	800059fa	d171b713	sltiu	x14,x3,-745	  x3:0x00000001 x14=0x00000001
       64985000	      6399	800059fe	0808	c.addi4spn	x10,x2,16	 x10=0x00000019
       64995000	      6400	80005a00	01d152b3	srl	x5,x2,x29	  x2:0x00000009 x29:0xffffffe6  x5=0x00000000
       65005000	      6401	80005a04	0142db93	srli	x23,x5,0x14	  x5:0x00000000 x23=0x00000000
       65015000	      6402	80005a08	020a5963	bge	x20,x0,80005a3a	 x20:0x00000001  x0:0x00000000
       65035000	      6404	80005a3a	e909	c.bnez	x10,80005a4c	 x10:0x00000019
       65055000	      6406	80005a4c	016c9763	bne	x25,x22,80005a5a	 x25:0x3dd247b6 x22:0xffffffff
       65085000	      6409	80005a5a	01b42bb3	slt	x23,x8,x27	  x8:0x00000000 x27:0xffffffff x23=0x00000000
       65095000	      6410	80005a5e	8c79	c.and	x8,x14	  x8:0x00000000 x14:0x00000001  x8=0x00000000
       65105000	      6411	80005a60	405908b3	sub	x17,x18,x5	 x18:0x00000000  x5:0x00000000 x17=0x00000000
       65115000	      6412	80005a64	0d15	c.addi	x26,5	 x26:0xffffffff x26=0x00000004
       65125000	      6413	80005a66	00451a93	slli	x21,x10,0x4	 x10:0x00000019 x21=0x00000190
       65135000	      6414	80005a6a	c409	c.beqz	x8,80005a74	  x8:0x00000000
       65155000	      6416	80005a74	01a799b3	sll	x19,x15,x26	 x15:0x80021e21 x26:0x00000004 x19=0x0021e210
       65165000	      6417	80005a78	0089f933	and	x18,x19,x8	 x19:0x0021e210  x8:0x00000000 x18=0x00000000
       65175000	      6418	80005a7c	8c59	c.or	x8,x14	  x8:0x00000000 x14:0x00000001  x8=0x00000001
       65215000	      6422	80005a7e	03f6aeb3	mulhsu	x29,x13,x31	 x13:0xffffffe6 x31:0x80025ce4 x29=0xfffffff2
       65225000	      6423	80005a82	8245	c.srli	x12,0x11	 x12:0x00100000 x12=0x00000008
       65235000	      6424	80005a84	8d31	c.xor	x10,x12	 x10:0x00000019 x12:0x00000008 x10=0x00000011
       65245000	      6425	80005a86	57f4fc93	andi	x25,x9,1407	  x9:0xffffffff x25=0x0000057f
       65255000	      6426	80005a8a	8e25	c.xor	x12,x9	 x12:0x00000008  x9:0xffffffff x12=0xfffffff7
       65265000	      6427	80005a8c	1b674637	lui	x12,0x1b674	 x12=0x1b674000
       65275000	      6428	80005a90	007a1363	bne	x20,x7,80005a96	 x20:0x00000001  x7:0xfffffa0f
       65305000	      6431	80005a96	863c6913	ori	x18,x24,-1949	 x24:0xffffffff x18=0xffffffff
       65315000	      6432	80005a9a	9b7d	c.andi	x14,-1	 x14:0x00000001 x14=0x00000001
       65325000	      6433	80005a9c	557d	c.li	x10,-1	 x10=0xffffffff
       65335000	      6434	80005a9e	415c5033	sra	x0,x24,x21	 x24:0xffffffff x21:0x00000190  x0=0x00000000
       65345000	      6435	80005aa2	8c41	c.or	x8,x8	  x8:0x00000001  x8:0x00000001  x8=0x00000001
       65355000	      6436	80005aa4	031c0c63	beq	x24,x17,80005adc	 x24:0xffffffff x17:0x00000000
       65365000	      6437	80005aa8	0060feb3	and	x29,x1,x6	  x1:0x00000000  x6:0x00000000 x29=0x00000000
       65375000	      6438	80005aac	01020e63	beq	x4,x16,80005ac8	  x4:0x00000000 x16:0xfffffe18
       65405000	      6441	80005ab0	02ac0033	mul	x0,x24,x10	 x24:0xffffffff x10:0xffffffff  x0=0x00000000
       65415000	      6442	80005ab4	9476	c.add	x8,x29	  x8:0x00000001 x29:0x00000000  x8=0x00000001
       65425000	      6443	80005ab6	64d1	c.lui	x9,0x14	  x9=0x00014000
       65435000	      6444	80005ab8	90ba	c.add	x1,x14	  x1:0x00000000 x14:0x00000001  x1=0x00000001
       65445000	      6445	80005aba	8f45	c.or	x14,x9	 x14:0x00000001  x9:0x00014000 x14=0x00014001
       65475000	      6448	80005abc	03610db3	mul	x27,x2,x22	  x2:0x00000009 x22:0xffffffff x27=0xfffffff7
       65485000	      6449	80005ac0	01c6c2b3	xor	x5,x13,x28	 x13:0xffffffe6 x28:0x00000000  x5=0xffffffe6
       65495000	      6450	80005ac4	00ad3533	sltu	x10,x26,x10	 x26:0x00000004 x10:0xffffffff x10=0x00000001
       65505000	      6451	80005ac8	51fd	c.li	x3,-1	  x3=0xffffffff
       65515000	      6452	80005aca	8f55	c.or	x14,x13	 x14:0x00014001 x13:0xffffffe6 x14=0xffffffe7
       65525000	      6453	80005acc	63aa6093	ori	x1,x20,1594	 x20:0x00000001  x1=0x0000063b
       65895000	      6490	80005ad0	030cfa33	remu	x20,x25,x16	 x25:0x0000057f x16:0xfffffe18 x20=0x0000057f
       65905000	      6491	80005ad4	0000100f	fence.i	
       65925000	      6493	80005ad8	98fd	c.andi	x9,-1	  x9:0x00014000  x9=0x00014000
       65935000	      6494	80005ada	e2b1	c.bnez	x13,80005b1e	 x13:0xffffffe6
       65955000	      6496	80005b1e	6465	c.lui	x8,0x19	  x8=0x00019000
       65965000	      6497	80005b20	010de833	or	x16,x27,x16	 x27:0xfffffff7 x16:0xfffffe18 x16=0xffffffff
       65975000	      6498	80005b24	0001	c.addi	x0,0	  x0:0x00000000  x0=0x00000000
       66345000	      6535	80005b26	02ed5833	divu	x16,x26,x14	 x26:0x00000004 x14:0xffffffe7 x16=0x00000000
       66355000	      6536	80005b2a	0000100f	fence.i	
       66385000	      6539	80005b2e	0052b133	sltu	x2,x5,x5	  x5:0xffffffe6  x5:0xffffffe6  x2=0x00000000
       66395000	      6540	80005b32	41b50d33	sub	x26,x10,x27	 x10:0x00000001 x27:0xfffffff7 x26=0x0000000a
       66405000	      6541	80005b36	0001	c.addi	x0,0	  x0:0x00000000  x0=0x00000000
       66415000	      6542	80005b38	8d41	c.or	x10,x8	 x10:0x00000001  x8:0x00019000 x10=0x00019001
       66425000	      6543	80005b3a	00ebf233	and	x4,x23,x14	 x23:0x00000000 x14:0xffffffe7  x4=0x00000000
       66435000	      6544	80005b3e	03f91963	bne	x18,x31,80005b70	 x18:0xffffffff x31:0x80025ce4
       66455000	      6546	80005b70	01c01863	bne	x0,x28,80005b80	  x0:0x00000000 x28:0x00000000
       66465000	      6547	80005b74	0078a0b3	slt	x1,x17,x7	 x17:0x00000000  x7:0xfffffa0f  x1=0x00000000
       66475000	      6548	80005b78	04498163	beq	x19,x4,80005bba	 x19:0x0021e210  x4:0x00000000
       66845000	      6585	80005b7c	03a450b3	divu	x1,x8,x26	  x8:0x00019000 x26:0x0000000a  x1=0x00002800
       66855000	      6586	80005b80	805d	c.srli	x8,0x17	  x8:0x00019000  x8=0x00000000
       66865000	      6587	80005b82	00c2c533	xor	x10,x5,x12	  x5:0xffffffe6 x12:0x1b674000 x10=0xe498bfe6
       66905000	      6591	80005b86	02c91533	mulh	x10,x18,x12	 x18:0xffffffff x12:0x1b674000 x10=0xffffffff
       66915000	      6592	80005b8a	4d4c8937	lui	x18,0x4d4c8	 x18=0x4d4c8000
       66925000	      6593	80005b8e	717d	c.addi16sp	x2,-16	  x2:0x00000000  x2=0xfffffff0
       66955000	      6596	80005b90	03170733	mul	x14,x14,x17	 x14:0xffffffe7 x17:0x00000000 x14=0x00000000
       66965000	      6597	80005b94	01e5eab3	or	x21,x11,x30	 x11:0x80021e20 x30:0x00000000 x21=0x80021e20
       66975000	      6598	80005b98	008bd493	srli	x9,x23,0x8	 x23:0x00000000  x9=0x00000000
       67345000	      6635	80005b9c	02d1f433	remu	x8,x3,x13	  x3:0xffffffff x13:0xffffffe6  x8=0x00000019
       67355000	      6636	80005ba0	c605	c.beqz	x12,80005bc8	 x12:0x1b674000
       67365000	      6637	80005ba2	0001	c.addi	x0,0	  x0:0x00000000  x0=0x00000000
       67375000	      6638	80005ba4	02a06663	bltu	x0,x10,80005bd0	  x0:0x00000000 x10:0xffffffff
       67395000	      6640	80005bd0	8f99	c.sub	x15,x14	 x15:0x80021e21 x14:0x00000000 x15=0x80021e21
       67405000	      6641	80005bd2	17fd	c.addi	x15,-1	 x15:0x80021e21 x15=0x80021e20
       67415000	      6642	80005bd4	01f272b3	and	x5,x4,x31	  x4:0x00000000 x31:0x80025ce4  x5=0x00000000
       67425000	      6643	80005bd8	960ae817	auipc	x16,0x960ae	 x16=0x160b3bd8
       67435000	      6644	80005bdc	0001	c.addi	x0,0	  x0:0x00000000  x0=0x00000000
       67445000	      6645	80005bde	8fb5	c.xor	x15,x13	 x15:0x80021e20 x13:0xffffffe6 x15=0x7ffde1c6
       67455000	      6646	80005be0	e81d	c.bnez	x8,80005c16	  x8:0x00000019
       67475000	      6648	80005c16	04f2	c.slli	x9,0x1c	  x9:0x00000000  x9=0x00000000
       67485000	      6649	80005c18	00fab9b3	sltu	x19,x21,x15	 x21:0x80021e20 x15:0x7ffde1c6 x19=0x00000000
       67495000	      6650	80005c1c	677d	c.lui	x14,0x1f	 x14=0x0001f000
       67505000	      6651	80005c1e	8935	c.andi	x10,13	 x10:0xffffffff x10=0x0000000d
       67515000	      6652	80005c20	34c19737	lui	x14,0x34c19	 x14=0x34c19000
       67525000	      6653	80005c24	1a7d	c.addi	x20,-1	 x20:0x0000057f x20=0x0000057e
       67535000	      6654	80005c26	9686	c.add	x13,x1	 x13:0xffffffe6  x1:0x00002800 x13=0x000027e6
       67545000	      6655	80005c28	01ed6e63	bltu	x26,x30,80005c44	 x26:0x0000000a x30:0x00000000
       67555000	      6656	80005c2c	0143b7b3	sltu	x15,x7,x20	  x7:0xfffffa0f x20:0x0000057e x15=0x00000000
       67565000	      6657	80005c30	a6bf7d93	andi	x27,x30,-1429	 x30:0x00000000 x27=0x00000000
       67585000	      6659	80005c34	0208ef33	rem	x30,x17,x0	 x17:0x00000000  x0:0x00000000 x30=0x00000000
       67595000	      6660	80005c38	c6a7b293	sltiu	x5,x15,-918	 x15:0x00000000  x5=0x00000001
       67605000	      6661	80005c3c	41145d93	srai	x27,x8,0x11	  x8:0x00000019 x27=0x00000000
       67615000	      6662	80005c40	c93b3493	sltiu	x9,x22,-877	 x22:0xffffffff  x9=0x00000000
       67625000	      6663	80005c44	0001	c.addi	x0,0	  x0:0x00000000  x0=0x00000000
       67635000	      6664	80005c46	01875363	bge	x14,x24,80005c4c	 x14:0x34c19000 x24:0xffffffff
       67655000	      6666	80005c4c	0407f197	auipc	x3,0x407f	  x3=0x84084c4c
       67665000	      6667	80005c50	8e7d	c.and	x12,x15	 x12:0x1b674000 x15:0x00000000 x12=0x00000000
       67675000	      6668	80005c52	5e7d	c.li	x28,-1	 x28=0xffffffff
       67685000	      6669	80005c54	1280	c.addi4spn	x8,x2,352	  x8=0x00000150
       67695000	      6670	80005c56	022ab9b7	lui	x19,0x22ab	 x19=0x022ab000
       67705000	      6671	80005c5a	89044117	auipc	x2,0x89044	  x2=0x09049c5a
       67715000	      6672	80005c5e	a95cbc13	sltiu	x24,x25,-1387	 x25:0x0000057f x24=0x00000001
       67755000	      6676	80005c62	03b0bcb3	mulhu	x25,x1,x27	  x1:0x00002800 x27:0x00000000 x25=0x00000000
       67765000	      6677	80005c66	1ed87b93	andi	x23,x16,493	 x16:0x160b3bd8 x23=0x000001c8
       67775000	      6678	80005c6a	4df92917	auipc	x18,0x4df92	 x18=0xcdf97c6a
       67785000	      6679	80005c6e	717d	c.addi16sp	x2,-16	  x2:0x09049c5a  x2=0x09049c4a
       67795000	      6680	80005c70	c58a3117	auipc	x2,0xc58a3	  x2=0x458a8c70
       67835000	      6684	80005c74	02cf3db3	mulhu	x27,x30,x12	 x30:0x00000000 x12:0x00000000 x27=0x00000000
       67845000	      6685	80005c78	00fc1993	slli	x19,x24,0xf	 x24:0x00000001 x19=0x00008000
       67855000	      6686	80005c7c	8e8d	c.sub	x13,x11	 x13:0x000027e6 x11:0x80021e20 x13=0x7ffe09c6
       67865000	      6687	80005c7e	55402c93	slti	x25,x0,1364	  x0:0x00000000 x25=0x00000001
       67875000	      6688	80005c82	a93f2413	slti	x8,x30,-1389	 x30:0x00000000  x8=0x00000000
       67885000	      6689	80005c86	9d86	c.add	x27,x1	 x27:0x00000000  x1:0x00002800 x27=0x00002800
       67895000	      6690	80005c88	b003ec13	ori	x24,x7,-1280	  x7:0xfffffa0f x24=0xfffffb0f
       67905000	      6691	80005c8c	52f26513	ori	x10,x4,1327	  x4:0x00000000 x10=0x0000052f
       67915000	      6692	80005c90	00571393	slli	x7,x14,0x5	 x14:0x34c19000  x7=0x98320000
       67925000	      6693	80005c94	9a5f6413	ori	x8,x30,-1627	 x30:0x00000000  x8=0xfffff9a5
       67935000	      6694	80005c98	01ee19b3	sll	x19,x28,x30	 x28:0xffffffff x30:0x00000000 x19=0xffffffff
       67945000	      6695	80005c9c	00c86eb3	or	x29,x16,x12	 x16:0x160b3bd8 x12:0x00000000 x29=0x160b3bd8
       68315000	      6732	80005ca0	02ede933	rem	x18,x27,x14	 x27:0x00002800 x14:0x34c19000 x18=0x00002800
       68355000	      6736	80005ca4	02dd3c33	mulhu	x24,x26,x13	 x26:0x0000000a x13:0x7ffe09c6 x24=0x00000004
       68375000	      6738	80005ca8	0268d733	divu	x14,x17,x6	 x17:0x00000000  x6:0x00000000 x14=0xffffffff
       68385000	      6739	80005cac	00337d63	bgeu	x6,x3,80005cc6	  x6:0x00000000  x3:0x84084c4c
       68755000	      6776	80005cb0	033a79b3	remu	x19,x20,x19	 x20:0x0000057e x19:0xffffffff x19=0x0000057e
       68765000	      6777	80005cb4	a66fab17	auipc	x22,0xa66fa	 x22=0x266ffcb4
       68775000	      6778	80005cb8	0001	c.addi	x0,0	  x0:0x00000000  x0=0x00000000
       68785000	      6779	80005cba	0d84	c.addi4spn	x9,x2,720	  x9=0x458a8f40
       68805000	      6781	80005cbc	0201d733	divu	x14,x3,x0	  x3:0x84084c4c  x0:0x00000000 x14=0xffffffff
       68815000	      6782	80005cc0	830d	c.srli	x14,0x3	 x14:0xffffffff x14=0x1fffffff
       69185000	      6819	80005cc2	0326f2b3	remu	x5,x13,x18	 x13:0x7ffe09c6 x18:0x00002800  x5=0x000019c6
       69195000	      6820	80005cc6	0794	c.addi4spn	x13,x2,960	 x13=0x458a9030
       69205000	      6821	80005cc8	c901	c.beqz	x10,80005cd8	 x10:0x0000052f
       69215000	      6822	80005cca	00f3b733	sltu	x14,x7,x15	  x7:0x98320000 x15:0x00000000 x14=0x00000000
       69225000	      6823	80005cce	00b01363	bne	x0,x11,80005cd4	  x0:0x00000000 x11:0x80021e20
       69265000	      6827	80005cd4	02910b33	mul	x22,x2,x9	  x2:0x458a8c70  x9:0x458a8f40 x22=0xab75ac00
       69305000	      6831	80005cd8	03482e33	mulhsu	x28,x16,x20	 x16:0x160b3bd8 x20:0x0000057e x28=0x00000079
       69345000	      6835	80005cdc	021d2db3	mulhsu	x27,x26,x1	 x26:0x0000000a  x1:0x00002800 x27=0x00000000
       69385000	      6839	80005ce0	02fcbab3	mulhu	x21,x25,x15	 x25:0x00000001 x15:0x00000000 x21=0x00000000
       69395000	      6840	80005ce4	0ff0000f	fence	iorw,iorw	
       69405000	      6841	80005ce8	015aa0b3	slt	x1,x21,x21	 x21:0x00000000 x21:0x00000000  x1=0x00000000
       69415000	      6842	80005cec	0063a993	slti	x19,x7,6	  x7:0x98320000 x19=0x00000001
       69425000	      6843	80005cf0	64e1	c.lui	x9,0x18	  x9=0x00018000
       69465000	      6847	80005cf2	0258a4b3	mulhsu	x9,x17,x5	 x17:0x00000000  x5:0x000019c6  x9=0x00000000
       69835000	      6884	80005cf6	025f68b3	rem	x17,x30,x5	 x30:0x00000000  x5:0x000019c6 x17=0x00000000
       69845000	      6885	80005cfa	a1eafe97	auipc	x29,0xa1eaf	 x29=0x21eb4cfa
       69855000	      6886	80005cfe	869d	c.srai	x13,0x7	 x13:0x458a9030 x13=0x008b1520
       69865000	      6887	80005d00	8c31	c.xor	x8,x12	  x8:0xfffff9a5 x12:0x00000000  x8=0xfffff9a5
       69875000	      6888	80005d02	625d	c.lui	x4,0x17	  x4=0x00017000
       69885000	      6889	80005d04	01eb4763	blt	x22,x30,80005d12	 x22:0xab75ac00 x30:0x00000000
       69915000	      6892	80005d12	01531093	slli	x1,x6,0x15	  x6:0x00000000  x1=0x00000000
       69925000	      6893	80005d16	ac798713	addi	x14,x19,-1337	 x19:0x00000001 x14=0xfffffac8
       69935000	      6894	80005d1a	717d	c.addi16sp	x2,-16	  x2:0x458a8c70  x2=0x458a8c60
       69945000	      6895	80005d1c	0001	c.addi	x0,0	  x0:0x00000000  x0=0x00000000
       70315000	      6932	80005d1e	03fbc833	div	x16,x23,x31	 x23:0x000001c8 x31:0x80025ce4 x16=0x00000000
       70325000	      6933	80005d22	0c14	c.addi4spn	x13,x2,528	 x13=0x458a8e70
       70335000	      6934	80005d24	01a33a33	sltu	x20,x6,x26	  x6:0x00000000 x26:0x0000000a x20=0x00000001
       70345000	      6935	80005d28	8fd5	c.or	x15,x13	 x15:0x00000000 x13:0x458a8e70 x15=0x458a8e70
       70715000	      6972	80005d2a	02bb5833	divu	x16,x22,x11	 x22:0xab75ac00 x11:0x80021e20 x16=0x00000001
       70725000	      6973	80005d2e	c895	c.beqz	x9,80005d62	  x9:0x00000000
       70755000	      6976	80005d62	00331963	bne	x6,x3,80005d74	  x6:0x00000000  x3:0x84084c4c
       70805000	      6981	80005d74	02ce2733	mulhsu	x14,x28,x12	 x28:0x00000079 x12:0x00000000 x14=0x00000000
       70815000	      6982	80005d78	0000100f	fence.i	
       70835000	      6984	80005d7c	87cd	c.srai	x15,0x13	 x15:0x458a8e70 x15=0x000008b1
       70845000	      6985	80005d7e	0157adb3	slt	x27,x15,x21	 x15:0x000008b1 x21:0x00000000 x27=0x00000000
       70855000	      6986	80005d82	016d69b3	or	x19,x26,x22	 x26:0x0000000a x22:0xab75ac00 x19=0xab75ac0a
       70865000	      6987	80005d86	0001	c.addi	x0,0	  x0:0x00000000  x0=0x00000000
       70875000	      6988	80005d88	01c79113	slli	x2,x15,0x1c	 x15:0x000008b1  x2=0x10000000
       70885000	      6989	80005d8c	01609733	sll	x14,x1,x22	  x1:0x00000000 x22:0xab75ac00 x14=0x00000000
       70895000	      6990	80005d90	c78d	c.beqz	x15,80005dba	 x15:0x000008b1
       70905000	      6991	80005d92	09fa3297	auipc	x5,0x9fa3	  x5=0x89fa8d92
       70915000	      6992	80005d96	89f6	c.mv	x19,x29	  x0:0x00000000 x29:0x21eb4cfa x19=0x21eb4cfa
       70925000	      6993	80005d98	02734363	blt	x6,x7,80005dbe	  x6:0x00000000  x7:0x98320000
       70935000	      6994	80005d9c	0ff0000f	fence	iorw,iorw	
       70945000	      6995	80005da0	987d	c.andi	x8,-1	  x8:0xfffff9a5  x8=0xfffff9a5
       70955000	      6996	80005da2	1684	c.addi4spn	x9,x2,864	  x9=0x10000360
       70965000	      6997	80005da4	8e25	c.xor	x12,x9	 x12:0x00000000  x9:0x10000360 x12=0x10000360
       70975000	      6998	80005da6	0b08	c.addi4spn	x10,x2,400	 x10=0x10000190
       70985000	      6999	80005da8	40fad513	srai	x10,x21,0xf	 x21:0x00000000 x10=0x00000000
       71005000	      7001	80005dac	03edfd33	remu	x26,x27,x30	 x27:0x00000000 x30:0x00000000 x26=0x00000000
       71015000	      7002	80005db0	01262eb3	slt	x29,x12,x18	 x12:0x10000360 x18:0x00002800 x29=0x00000000
       71025000	      7003	80005db4	03bffc63	bgeu	x31,x27,80005dec	 x31:0x80025ce4 x27:0x00000000
       71045000	      7005	80005dec	ee0d	c.bnez	x12,80005e26	 x12:0x10000360
       71105000	      7011	80005e26	02f8ad33	mulhsu	x26,x17,x15	 x17:0x00000000 x15:0x000008b1 x26=0x00000000
       71115000	      7012	80005e2a	b629a993	slti	x19,x19,-1182	 x19:0x21eb4cfa x19=0x00000000
       71125000	      7013	80005e2e	1288	c.addi4spn	x10,x2,352	 x10=0x10000160
       71135000	      7014	80005e30	49e1	c.li	x19,24	 x19=0x00000018
       71145000	      7015	80005e32	90b6	c.add	x1,x13	  x1:0x00000000 x13:0x458a8e70  x1=0x458a8e70
       71155000	      7016	80005e34	8d79	c.and	x10,x14	 x10:0x10000160 x14:0x00000000 x10=0x00000000
       71195000	      7020	80005e36	036ca1b3	mulhsu	x3,x25,x22	 x25:0x00000001 x22:0xab75ac00  x3=0x00000000
       71205000	      7021	80005e3a	8f01	c.sub	x14,x8	 x14:0x00000000  x8:0xfffff9a5 x14=0x0000065b
       71215000	      7022	80005e3c	05c59263	bne	x11,x28,80005e80	 x11:0x80021e20 x28:0x00000079
       71235000	      7024	80005e80	612d	c.addi16sp	x2,224	  x2:0x10000000  x2=0x100000e0
       71245000	      7025	80005e82	8529	c.srai	x10,0xa	 x10:0x00000000 x10=0x00000000
       71255000	      7026	80005e84	11fd	c.addi	x3,-1	  x3:0x00000000  x3=0xffffffff
       71265000	      7027	80005e86	0030a2b3	slt	x5,x1,x3	  x1:0x458a8e70  x3:0xffffffff  x5=0x00000000
       71275000	      7028	80005e8a	40a20db3	sub	x27,x4,x10	  x4:0x00017000 x10:0x00000000 x27=0x00017000
       71285000	      7029	80005e8e	8c09	c.sub	x8,x10	  x8:0xfffff9a5 x10:0x00000000  x8=0xfffff9a5
       71295000	      7030	80005e90	483abb13	sltiu	x22,x21,1155	 x21:0x00000000 x22=0x00000001
       71305000	      7031	80005e94	847d	c.srai	x8,0x1f	  x8:0xfffff9a5  x8=0xffffffff
       71325000	      7033	80005e96	02a1f7b3	remu	x15,x3,x10	  x3:0xffffffff x10:0x00000000 x15=0xffffffff
       71335000	      7034	80005e9a	00ae0c63	beq	x28,x10,80005eb2	 x28:0x00000079 x10:0x00000000
       71345000	      7035	80005e9e	717d	c.addi16sp	x2,-16	  x2:0x100000e0  x2=0x100000d0
       71355000	      7036	80005ea0	717d	c.addi16sp	x2,-16	  x2:0x100000d0  x2=0x100000c0
       71375000	      7038	80005ea2	03d74d33	div	x26,x14,x29	 x14:0x0000065b x29:0x00000000 x26=0xffffffff
       71385000	      7039	80005ea6	888e	c.mv	x17,x3	  x0:0x00000000  x3:0xffffffff x17=0xffffffff
       71415000	      7042	80005ea8	020980b3	mul	x1,x19,x0	 x19:0x00000018  x0:0x00000000  x1=0x00000000
       71425000	      7043	80005eac	63a9	c.lui	x7,0xa	  x7=0x0000a000
       71435000	      7044	80005eae	950a4293	xori	x5,x20,-1712	 x20:0x00000001  x5=0xfffff951
       71475000	      7048	80005eb2	02f61cb3	mulh	x25,x12,x15	 x12:0x10000360 x15:0xffffffff x25=0xffffffff
       71845000	      7085	80005eb6	0302dc33	divu	x24,x5,x16	  x5:0xfffff951 x16:0x00000001 x24=0xfffff951
       71855000	      7086	80005eba	009b1533	sll	x10,x22,x9	 x22:0x00000001  x9:0x10000360 x10=0x00000001
       71865000	      7087	80005ebe	ca10ac93	slti	x25,x1,-863	  x1:0x00000000 x25=0x00000000
       71875000	      7088	80005ec2	36fc0997	auipc	x19,0x36fc0	 x19=0xb6fc5ec2
       71885000	      7089	80005ec6	08efcd13	xori	x26,x31,142	 x31:0x80025ce4 x26=0x80025c6a
       71925000	      7093	80005eca	02afb233	mulhu	x4,x31,x10	 x31:0x80025ce4 x10:0x00000001  x4=0x00000000
       71935000	      7094	80005ece	000dd2b3	srl	x5,x27,x0	 x27:0x00017000  x0:0x00000000  x5=0x00017000
       71945000	      7095	80005ed2	06b5	c.addi	x13,13	 x13:0x458a8e70 x13=0x458a8e7d
       71955000	      7096	80005ed4	0001	c.addi	x0,0	  x0:0x00000000  x0=0x00000000
       71965000	      7097	80005ed6	0103cd33	xor	x26,x7,x16	  x7:0x0000a000 x16:0x00000001 x26=0x0000a001
       71975000	      7098	80005eda	83ad	c.srli	x15,0xb	 x15:0xffffffff x15=0x001fffff
       71985000	      7099	80005edc	b3ee3d93	sltiu	x27,x28,-1218	 x28:0x00000079 x27=0x00000001
       71995000	      7100	80005ee0	01e59b33	sll	x22,x11,x30	 x11:0x80021e20 x30:0x00000000 x22=0x80021e20
       72365000	      7137	80005ee4	02cce233	rem	x4,x25,x12	 x25:0x00000000 x12:0x10000360  x4=0x00000000
       72375000	      7138	80005ee8	8159	c.srli	x10,0x16	 x10:0x00000001 x10=0x00000000
       72745000	      7175	80005eea	028df4b3	remu	x9,x27,x8	 x27:0x00000001  x8:0xffffffff  x9=0x00000001
       72755000	      7176	80005eee	e5b56617	auipc	x12,0xe5b56	 x12=0x65b5beee
       72765000	      7177	80005ef2	00d7e733	or	x14,x15,x13	 x15:0x001fffff x13:0x458a8e7d x14=0x459fffff
       72775000	      7178	80005ef6	d28cdd37	lui	x26,0xd28cd	 x26=0xd28cd000
       72785000	      7179	80005efa	b09f4a93	xori	x21,x30,-1271	 x30:0x00000000 x21=0xfffffb09
       72795000	      7180	80005efe	01eb7eb3	and	x29,x22,x30	 x22:0x80021e20 x30:0x00000000 x29=0x00000000
       72835000	      7184	80005f02	02a3a033	mulhsu	x0,x7,x10	  x7:0x0000a000 x10:0x00000000  x0=0x00000000
       72845000	      7185	80005f06	00401833	sll	x16,x0,x4	  x0:0x00000000  x4:0x00000000 x16=0x00000000
       72855000	      7186	80005f0a	5a66e2b7	lui	x5,0x5a66e	  x5=0x5a66e000
       72865000	      7187	80005f0e	c190cd93	xori	x27,x1,-999	  x1:0x00000000 x27=0xfffffc19
       72875000	      7188	80005f12	6609	c.lui	x12,0x2	 x12=0x00002000
       72915000	      7192	80005f14	03fd9cb3	mulh	x25,x27,x31	 x27:0xfffffc19 x31:0x80025ce4 x25=0x000001f3
       72925000	      7193	80005f18	013dddb3	srl	x27,x27,x19	 x27:0xfffffc19 x19:0xb6fc5ec2 x27=0x3fffff06
       72935000	      7194	80005f1c	400c5733	sra	x14,x24,x0	 x24:0xfffff951  x0:0x00000000 x14=0xfffff951
       72975000	      7198	80005f20	02511ab3	mulh	x21,x2,x5	  x2:0x100000c0  x5:0x5a66e000 x21=0x05a66e43
       72985000	      7199	80005f24	ce85	c.beqz	x13,80005f5c	 x13:0x458a8e7d
       72995000	      7200	80005f26	8a35	c.andi	x12,13	 x12:0x00002000 x12=0x00000000
       73005000	      7201	80005f28	0000100f	fence.i	
       73025000	      7203	80005f2c	8674a693	slti	x13,x9,-1945	  x9:0x00000001 x13=0x00000000
       73035000	      7204	80005f30	0001	c.addi	x0,0	  x0:0x00000000  x0=0x00000000
       73045000	      7205	80005f32	6577c093	xori	x1,x15,1623	 x15:0x001fffff  x1=0x001ff9a8
       73055000	      7206	80005f36	98fd	c.andi	x9,-1	  x9:0x00000001  x9=0x00000001
       73065000	      7207	80005f38	9351a293	slti	x5,x3,-1739	  x3:0xffffffff  x5=0x00000000
       73075000	      7208	80005f3c	1afd	c.addi	x21,-1	 x21:0x05a66e43 x21=0x05a66e42
       73085000	      7209	80005f3e	00ce9633	sll	x12,x29,x12	 x29:0x00000000 x12:0x00000000 x12=0x00000000
       73125000	      7213	80005f42	0291a633	mulhsu	x12,x3,x9	  x3:0xffffffff  x9:0x00000001 x12=0xffffffff
       73135000	      7214	80005f46	0000100f	fence.i	
       73155000	      7216	80005f4a	0001	c.addi	x0,0	  x0:0x00000000  x0=0x00000000
       73165000	      7217	80005f4c	dc2f5697	auipc	x13,0xdc2f5	 x13=0x5c2faf4c
       73175000	      7218	80005f50	0000100f	fence.i	
       73195000	      7220	80005f54	36b44e93	xori	x29,x8,875	  x8:0xffffffff x29=0xfffffc94
       73205000	      7221	80005f58	018c62b3	or	x5,x24,x24	 x24:0xfffff951 x24:0xfffff951  x5=0xfffff951
       73215000	      7222	80005f5c	025a	c.slli	x4,0x16	  x4:0x00000000  x4=0x00000000
       73225000	      7223	80005f5e	9bfd	c.andi	x15,-1	 x15:0x001fffff x15=0x001fffff
       73235000	      7224	80005f60	00984633	xor	x12,x16,x9	 x16:0x00000000  x9:0x00000001 x12=0x00000001
       73265000	      7227	80005f64	02558233	mul	x4,x11,x5	 x11:0x80021e20  x5:0xfffff951  x4=0x71d8a820
       73635000	      7264	80005f68	024fd733	divu	x14,x31,x4	 x31:0x80025ce4  x4:0x71d8a820 x14=0x00000001
       73645000	      7265	80005f6c	00305613	srli	x12,x0,0x3	  x0:0x00000000 x12=0x00000000
       73655000	      7266	80005f70	f8cabe13	sltiu	x28,x21,-116	 x21:0x05a66e42 x28=0x00000001
       73665000	      7267	80005f74	01a49d33	sll	x26,x9,x26	  x9:0x00000001 x26:0xd28cd000 x26=0x00000001
       73675000	      7268	80005f78	8ca1	c.xor	x9,x8	  x9:0x00000001  x8:0xffffffff  x9=0xfffffffe
       73685000	      7269	80005f7a	8c8d	c.sub	x9,x11	  x9:0xfffffffe x11:0x80021e20  x9=0x7ffde1de
       73695000	      7270	80005f7c	6109	c.addi16sp	x2,128	  x2:0x100000c0  x2=0x10000140
       73705000	      7271	80005f7e	01530263	beq	x6,x21,80005f82	  x6:0x00000000 x21:0x05a66e42
       73715000	      7272	80005f82	717d	c.addi16sp	x2,-16	  x2:0x10000140  x2=0x10000130
       73725000	      7273	80005f84	717d	c.addi16sp	x2,-16	  x2:0x10000130  x2=0x10000120
       73735000	      7274	80005f86	00545e13	srli	x28,x8,0x5	  x8:0xffffffff x28=0x07ffffff
       73745000	      7275	80005f8a	6e2bba13	sltiu	x20,x23,1762	 x23:0x000001c8 x20=0x00000001
       73755000	      7276	80005f8e	007b2933	slt	x18,x22,x7	 x22:0x80021e20  x7:0x0000a000 x18=0x00000001
       73765000	      7277	80005f92	8d39	c.xor	x10,x14	 x10:0x00000000 x14:0x00000001 x10=0x00000001
       73775000	      7278	80005f94	0ff0000f	fence	iorw,iorw	
       73785000	      7279	80005f98	9f14c717	auipc	x14,0x9f14c	 x14=0x1f151f98
       73825000	      7283	80005f9c	0399b3b3	mulhu	x7,x19,x25	 x19:0xb6fc5ec2 x25:0x000001f3  x7=0x00000164
       73835000	      7284	80005fa0	5bfd	c.li	x23,-1	 x23=0xffffffff
       73845000	      7285	80005fa2	025c5563	bge	x24,x5,80005fcc	 x24:0xfffff951  x5:0xfffff951
       73865000	      7287	80005fcc	0001	c.addi	x0,0	  x0:0x00000000  x0=0x00000000
       73875000	      7288	80005fce	3e092893	slti	x17,x18,992	 x18:0x00000001 x17=0x00000001
       73915000	      7292	80005fd2	0271b7b3	mulhu	x15,x3,x7	  x3:0xffffffff  x7:0x00000164 x15=0x00000163
       73925000	      7293	80005fd6	41825c13	srai	x24,x4,0x18	  x4:0x71d8a820 x24=0x00000071
       73935000	      7294	80005fda	03ea8463	beq	x21,x30,80006002	 x21:0x05a66e42 x30:0x00000000
       73945000	      7295	80005fde	0f2e	c.slli	x30,0xb	 x30:0x00000000 x30=0x00000000
       73955000	      7296	80005fe0	03a40163	beq	x8,x26,80006002	  x8:0xffffffff x26:0x00000001
       73965000	      7297	80005fe4	0001	c.addi	x0,0	  x0:0x00000000  x0=0x00000000
       73975000	      7298	80005fe6	31b5c813	xori	x16,x11,795	 x11:0x80021e20 x16=0x80021d3b
       73985000	      7299	80005fea	111c	c.addi4spn	x15,x2,160	 x15=0x100001c0
       73995000	      7300	80005fec	55dac393	xori	x7,x21,1373	 x21:0x05a66e42  x7=0x05a66b1f
       74005000	      7301	80005ff0	8405	c.srai	x8,0x1	  x8:0xffffffff  x8=0xffffffff
       74015000	      7302	80005ff2	012f8f33	add	x30,x31,x18	 x31:0x80025ce4 x18:0x00000001 x30=0x80025ce5
       74025000	      7303	80005ff6	c6700013	addi	x0,x0,-921	  x0:0x00000000  x0=0x00000000
       74395000	      7340	80005ffa	02f9df33	divu	x30,x19,x15	 x19:0xb6fc5ec2 x15:0x100001c0 x30=0x0000000b
       74765000	      7377	80005ffe	03396ab3	rem	x21,x18,x19	 x18:0x00000001 x19:0xb6fc5ec2 x21=0x00000001
       74775000	      7378	80006002	0121bab3	sltu	x21,x3,x18	  x3:0xffffffff x18:0x00000001 x21=0x00000000
       74785000	      7379	80006006	1008	c.addi4spn	x10,x2,32	 x10=0x10000140
       74795000	      7380	80006008	e21d	c.bnez	x12,8000602e	 x12:0x00000000
       74805000	      7381	8000600a	8e4d	c.or	x12,x11	 x12:0x00000000 x11:0x80021e20 x12=0x80021e20
       74815000	      7382	8000600c	1e8eb513	sltiu	x10,x29,488	 x29:0xfffffc94 x10=0x00000000
       74825000	      7383	80006010	00c68863	beq	x13,x12,80006020	 x13:0x5c2faf4c x12:0x80021e20
       74835000	      7384	80006014	dc04e537	lui	x10,0xdc04e	 x10=0xdc04e000
       74845000	      7385	80006018	8f6d	c.and	x14,x11	 x14:0x1f151f98 x11:0x80021e20 x14=0x00001e00
       74855000	      7386	8000601a	cc9d	c.beqz	x9,80006058	  x9:0x7ffde1de
       74865000	      7387	8000601c	41968bb3	sub	x23,x13,x25	 x13:0x5c2faf4c x25:0x000001f3 x23=0x5c2fad59
       74875000	      7388	80006020	6dfa8e93	addi	x29,x21,1759	 x21:0x00000000 x29=0x000006df
       74885000	      7389	80006024	83c1	c.srli	x15,0x10	 x15:0x100001c0 x15=0x00001000
       74895000	      7390	80006026	01130863	beq	x6,x17,80006036	  x6:0x00000000 x17:0x00000001
       74905000	      7391	8000602a	f2c8a493	slti	x9,x17,-212	 x17:0x00000001  x9=0x00000000
       74915000	      7392	8000602e	88a6	c.mv	x17,x9	  x0:0x00000000  x9:0x00000000 x17=0x00000000
       74925000	      7393	80006030	035c8c63	beq	x25,x21,80006068	 x25:0x000001f3 x21:0x00000000
       74935000	      7394	80006034	1f08	c.addi4spn	x10,x2,944	 x10=0x100004d0
       74945000	      7395	80006036	8f59	c.or	x14,x14	 x14:0x00001e00 x14:0x00001e00 x14=0x00001e00
       74955000	      7396	80006038	717d	c.addi16sp	x2,-16	  x2:0x10000120  x2=0x10000110
       74995000	      7400	8000603a	03df3eb3	mulhu	x29,x30,x29	 x30:0x0000000b x29:0x000006df x29=0x00000000
       75365000	      7437	8000603e	03e67033	remu	x0,x12,x30	 x12:0x80021e20 x30:0x0000000b  x0=0x00000000
       75375000	      7438	80006042	9b7d	c.andi	x14,-1	 x14:0x00001e00 x14=0x00001e00
       75385000	      7439	80006044	01758833	add	x16,x11,x23	 x11:0x80021e20 x23:0x5c2fad59 x16=0xdc31cb79
       75395000	      7440	80006048	002cef63	bltu	x25,x2,80006066	 x25:0x000001f3  x2:0x10000110
       75415000	      7442	80006066	8c01	c.sub	x8,x8	  x8:0xffffffff  x8:0xffffffff  x8=0x00000000
       75425000	      7443	80006068	717d	c.addi16sp	x2,-16	  x2:0x10000110  x2=0x10000100
       75465000	      7447	8000606a	022ebd33	mulhu	x26,x29,x2	 x29:0x00000000  x2:0x10000100 x26=0x00000000
       75475000	      7448	8000606e	717d	c.addi16sp	x2,-16	  x2:0x10000100  x2=0x100000f0
       75485000	      7449	80006070	1b372413	slti	x8,x14,435	 x14:0x00001e00  x8=0x00000000
       75495000	      7450	80006074	01bb6a33	or	x20,x22,x27	 x22:0x80021e20 x27:0x3fffff06 x20=0xbfffff26
       75505000	      7451	80006078	00add0b3	srl	x1,x27,x10	 x27:0x3fffff06 x10:0x100004d0  x1=0x00003fff
       75515000	      7452	8000607c	018d4133	xor	x2,x26,x24	 x26:0x00000000 x24:0x00000071  x2=0x00000071
       75545000	      7455	80006080	03ad8eb3	mul	x29,x27,x26	 x27:0x3fffff06 x26:0x00000000 x29=0x00000000
       75555000	      7456	80006084	d126f913	andi	x18,x13,-750	 x13:0x5c2faf4c x18=0x5c2fad00
       75565000	      7457	80006088	5bfd	c.li	x23,-1	 x23=0xffffffff
       75575000	      7458	8000608a	c699	c.beqz	x13,80006098	 x13:0x5c2faf4c
       75585000	      7459	8000608c	8fe9	c.and	x15,x10	 x15:0x00001000 x10:0x100004d0 x15=0x00000000
       75595000	      7460	8000608e	01397763	bgeu	x18,x19,8000609c	 x18:0x5c2fad00 x19:0xb6fc5ec2
       75605000	      7461	80006092	0842	c.slli	x16,0x10	 x16:0xdc31cb79 x16=0xcb790000
       75615000	      7462	80006094	01dd9a93	slli	x21,x27,0x1d	 x27:0x3fffff06 x21=0xc0000000
       75625000	      7463	80006098	016a9233	sll	x4,x21,x22	 x21:0xc0000000 x22:0x80021e20  x4=0xc0000000
       75635000	      7464	8000609c	86d6	c.mv	x13,x21	  x0:0x00000000 x21:0xc0000000 x13=0xc0000000
       75645000	      7465	8000609e	de97b213	sltiu	x4,x15,-535	 x15:0x00000000  x4=0x00000001
       75655000	      7466	800060a2	86e9	c.srai	x13,0x1a	 x13:0xc0000000 x13=0xfffffff0
       75665000	      7467	800060a4	bee5b717	auipc	x14,0xbee5b	 x14=0x3ee610a4
       75675000	      7468	800060a8	01384033	xor	x0,x16,x19	 x16:0xcb790000 x19:0xb6fc5ec2  x0=0x00000000
       75685000	      7469	800060ac	48d9b513	sltiu	x10,x19,1165	 x19:0xb6fc5ec2 x10=0x00000000
       75695000	      7470	800060b0	009c5113	srli	x2,x24,0x9	 x24:0x00000071  x2=0x00000000
       75705000	      7471	800060b4	7896e537	lui	x10,0x7896e	 x10=0x7896e000
       75715000	      7472	800060b8	01c94a33	xor	x20,x18,x28	 x18:0x5c2fad00 x28:0x07ffffff x20=0x5bd052ff
       75725000	      7473	800060bc	6461	c.lui	x8,0x18	  x8=0x00018000
       75735000	      7474	800060be	017179b3	and	x19,x2,x23	  x2:0x00000000 x23:0xffffffff x19=0x00000000
       75745000	      7475	800060c2	403c0433	sub	x8,x24,x3	 x24:0x00000071  x3:0xffffffff  x8=0x00000072
       75755000	      7476	800060c6	717d	c.addi16sp	x2,-16	  x2:0x00000000  x2=0xfffffff0
       75765000	      7477	800060c8	8395	c.srli	x15,0x5	 x15:0x00000000 x15=0x00000000
       75775000	      7478	800060ca	8c61	c.and	x8,x8	  x8:0x00000072  x8:0x00000072  x8=0x00000072
       75785000	      7479	800060cc	4c69	c.li	x24,26	 x24=0x0000001a
       75795000	      7480	800060ce	717d	c.addi16sp	x2,-16	  x2:0xfffffff0  x2=0xffffffe0
       75805000	      7481	800060d0	8c99	c.sub	x9,x14	  x9:0x00000000 x14:0x3ee610a4  x9=0xc119ef5c
       75815000	      7482	800060d2	8511	c.srai	x10,0x4	 x10:0x7896e000 x10=0x07896e00
       75825000	      7483	800060d4	8715	c.srai	x14,0x5	 x14:0x3ee610a4 x14=0x01f73085
       75835000	      7484	800060d6	01c8cc33	xor	x24,x17,x28	 x17:0x00000000 x28:0x07ffffff x24=0x07ffffff
       75845000	      7485	800060da	c099	c.beqz	x9,800060e0	  x9:0xc119ef5c
       75855000	      7486	800060dc	ef7ddb37	lui	x22,0xef7dd	 x22=0xef7dd000
       75865000	      7487	800060e0	8ee1	c.and	x13,x8	 x13:0xfffffff0  x8:0x00000072 x13=0x00000070
       75875000	      7488	800060e2	f6302893	slti	x17,x0,-157	  x0:0x00000000 x17=0x00000000
       75885000	      7489	800060e6	82d6	c.mv	x5,x21	  x0:0x00000000 x21:0xc0000000  x5=0xc0000000
       75895000	      7490	800060e8	ec0d	c.bnez	x8,80006122	  x8:0x00000072
       75955000	      7496	80006122	03d611b3	mulh	x3,x12,x29	 x12:0x80021e20 x29:0x00000000  x3=0x00000000
       75965000	      7497	80006126	012e6933	or	x18,x28,x18	 x28:0x07ffffff x18:0x5c2fad00 x18=0x5fffffff
       75975000	      7498	8000612a	0ff0000f	fence	iorw,iorw	
       76015000	      7502	8000612e	0333ab33	mulhsu	x22,x7,x19	  x7:0x05a66b1f x19:0x00000000 x22=0x00000000
       76025000	      7503	80006132	57c04b93	xori	x23,x0,1404	  x0:0x00000000 x23=0x0000057c
       76035000	      7504	80006136	01b1e133	or	x2,x3,x27	  x3:0x00000000 x27:0x3fffff06  x2=0x3fffff06
       76045000	      7505	8000613a	01114263	blt	x2,x17,8000613e	  x2:0x3fffff06 x17:0x00000000
       76055000	      7506	8000613e	406dd533	sra	x10,x27,x6	 x27:0x3fffff06  x6:0x00000000 x10=0x3fffff06
       76065000	      7507	80006142	8c41	c.or	x8,x8	  x8:0x00000072  x8:0x00000072  x8=0x00000072
       76075000	      7508	80006144	d64b6f13	ori	x30,x22,-668	 x22:0x00000000 x30=0xfffffd64
       76085000	      7509	80006148	00d02633	slt	x12,x0,x13	  x0:0x00000000 x13:0x00000070 x12=0x00000001
       76095000	      7510	8000614c	91d5e013	ori	x0,x11,-1763	 x11:0x80021e20  x0=0x00000000
       76105000	      7511	80006150	00809f13	slli	x30,x1,0x8	  x1:0x00003fff x30=0x003fff00
       76145000	      7515	80006154	024c3033	mulhu	x0,x24,x4	 x24:0x07ffffff  x4:0x00000001  x0=0x00000000
       76155000	      7516	80006158	8c45	c.or	x8,x9	  x8:0x00000072  x9:0xc119ef5c  x8=0xc119ef7e
       76165000	      7517	8000615a	e4d28c13	addi	x24,x5,-435	  x5:0xc0000000 x24=0xbffffe4d
       76175000	      7518	8000615e	0d88	c.addi4spn	x10,x2,720	 x10=0x400001d6
       76185000	      7519	80006160	01085863	bge	x16,x16,80006170	 x16:0xcb790000 x16:0xcb790000
       76205000	      7521	80006170	010482b3	add	x5,x9,x16	  x9:0xc119ef5c x16:0xcb790000  x5=0x8c92ef5c
       76215000	      7522	80006174	03670c63	beq	x14,x22,800061ac	 x14:0x01f73085 x22:0x00000000
       76225000	      7523	80006178	41200e33	sub	x28,x0,x18	  x0:0x00000000 x18:0x5fffffff x28=0xa0000001
       76235000	      7524	8000617c	0000100f	fence.i	
       76255000	      7526	80006180	01416db3	or	x27,x2,x20	  x2:0x3fffff06 x20:0x5bd052ff x27=0x7fffffff
       76265000	      7527	80006184	0001	c.addi	x0,0	  x0:0x00000000  x0=0x00000000
       76275000	      7528	80006186	1b5a0813	addi	x16,x20,437	 x20:0x5bd052ff x16=0x5bd054b4
       76285000	      7529	8000618a	8fc1	c.or	x15,x8	 x15:0x00000000  x8:0xc119ef7e x15=0xc119ef7e
       76295000	      7530	8000618c	02047763	bgeu	x8,x0,800061ba	  x8:0xc119ef7e  x0:0x00000000
       76325000	      7533	800061ba	95214793	xori	x15,x2,-1710	  x2:0x3fffff06 x15=0xc0000654
       76335000	      7534	800061be	00a4feb3	and	x29,x9,x10	  x9:0xc119ef5c x10:0x400001d6 x29=0x40000154
       76345000	      7535	800061c2	03e5e563	bltu	x11,x30,800061ec	 x11:0x80021e20 x30:0x003fff00
       76355000	      7536	800061c6	0001	c.addi	x0,0	  x0:0x00000000  x0=0x00000000
       76365000	      7537	800061c8	612d	c.addi16sp	x2,224	  x2:0x3fffff06  x2=0x3fffffe6
       76375000	      7538	800061ca	26de4693	xori	x13,x28,621	 x28:0xa0000001 x13=0xa000026c
       76385000	      7539	800061ce	0012db33	srl	x22,x5,x1	  x5:0x8c92ef5c  x1:0x00003fff x22=0x00000001
       76395000	      7540	800061d2	012749b3	xor	x19,x14,x18	 x14:0x01f73085 x18:0x5fffffff x19=0x5e08cf7a
       76405000	      7541	800061d6	8e1d	c.sub	x12,x15	 x12:0x00000001 x15:0xc0000654 x12=0x3ffff9ad
       76415000	      7542	800061d8	017bd633	srl	x12,x23,x23	 x23:0x0000057c x23:0x0000057c x12=0x00000000
       76785000	      7579	800061dc	028c67b3	rem	x15,x24,x8	 x24:0xbffffe4d  x8:0xc119ef7e x15=0xfee60ecf
       76795000	      7580	800061e0	002153b3	srl	x7,x2,x2	  x2:0x3fffffe6  x2:0x3fffffe6  x7=0x00ffffff
       76805000	      7581	800061e4	407e0833	sub	x16,x28,x7	 x28:0xa0000001  x7:0x00ffffff x16=0x9f000002
       76815000	      7582	800061e8	77a84093	xori	x1,x16,1914	 x16:0x9f000002  x1=0x9f000778
       76825000	      7583	800061ec	032d0d63	beq	x26,x18,80006226	 x26:0x00000000 x18:0x5fffffff
       76835000	      7584	800061f0	8e51	c.or	x12,x12	 x12:0x00000000 x12:0x00000000 x12=0x00000000
       76845000	      7585	800061f2	587d	c.li	x16,-1	 x16=0xffffffff
       76855000	      7586	800061f4	404e5bb3	sra	x23,x28,x4	 x28:0xa0000001  x4:0x00000001 x23=0xd0000000
       76865000	      7587	800061f8	8ba2	c.mv	x23,x8	  x0:0x00000000  x8:0xc119ef7e x23=0xc119ef7e
       76875000	      7588	800061fa	6959b013	sltiu	x0,x19,1685	 x19:0x5e08cf7a  x0=0x00000000
       76885000	      7589	800061fe	66c9	c.lui	x13,0x12	 x13=0x00012000
       76895000	      7590	80006200	01211133	sll	x2,x2,x18	  x2:0x3fffffe6 x18:0x5fffffff  x2=0x00000000
       76905000	      7591	80006204	04cb7b93	andi	x23,x22,76	 x22:0x00000001 x23=0x00000000
       76945000	      7595	80006208	028a34b3	mulhu	x9,x20,x8	 x20:0x5bd052ff  x8:0xc119ef7e  x9=0x45415bcf
       76955000	      7596	8000620c	00de0b63	beq	x28,x13,80006222	 x28:0xa0000001 x13:0x00012000
       76965000	      7597	80006210	0184	c.addi4spn	x9,x2,192	  x9=0x000000c0
       76975000	      7598	80006212	01d58e63	beq	x11,x29,8000622e	 x11:0x80021e20 x29:0x40000154
       76985000	      7599	80006216	02b7e363	bltu	x15,x11,8000623c	 x15:0xfee60ecf x11:0x80021e20
       76995000	      7600	8000621a	ec99	c.bnez	x9,80006238	  x9:0x000000c0
       77015000	      7602	80006238	bd197cb7	lui	x25,0xbd197	 x25=0xbd197000
       77025000	      7603	8000623c	01272633	slt	x12,x14,x18	 x14:0x01f73085 x18:0x5fffffff x12=0x00000001
       77035000	      7604	80006240	0001	c.addi	x0,0	  x0:0x00000000  x0=0x00000000
       77045000	      7605	80006242	8e7d	c.and	x12,x15	 x12:0x00000001 x15:0xfee60ecf x12=0x00000001
       77055000	      7606	80006244	38bae113	ori	x2,x21,907	 x21:0xc0000000  x2=0xc000038b
       77065000	      7607	80006248	46022993	slti	x19,x4,1120	  x4:0x00000001 x19=0x00000001
       77105000	      7611	8000624c	033c29b3	mulhsu	x19,x24,x19	 x24:0xbffffe4d x19:0x00000001 x19=0xffffffff
       77115000	      7612	80006250	8ebd	c.xor	x13,x15	 x13:0x00012000 x15:0xfee60ecf x13=0xfee72ecf
       77485000	      7649	80006252	032d7ab3	remu	x21,x26,x18	 x26:0x00000000 x18:0x5fffffff x21=0x00000000
       77495000	      7650	80006256	1c84	c.addi4spn	x9,x2,624	  x9=0xc00005fb
       77515000	      7652	80006258	03727ab3	remu	x21,x4,x23	  x4:0x00000001 x23:0x00000000 x21=0x00000001
       77525000	      7653	8000625c	01ceb733	sltu	x14,x29,x28	 x29:0x40000154 x28:0xa0000001 x14=0x00000001
       77535000	      7654	80006260	613d	c.addi16sp	x2,480	  x2:0xc000038b  x2=0xc000056b
       77575000	      7658	80006262	03cf16b3	mulh	x13,x30,x28	 x30:0x003fff00 x28:0xa0000001 x13=0xffe80060
       77585000	      7659	80006266	40038cb3	sub	x25,x7,x0	  x7:0x00ffffff  x0:0x00000000 x25=0x00ffffff
       77595000	      7660	8000626a	41bc8bb3	sub	x23,x25,x27	 x25:0x00ffffff x27:0x7fffffff x23=0x81000000
       77605000	      7661	8000626e	00d0e7b3	or	x15,x1,x13	  x1:0x9f000778 x13:0xffe80060 x15=0xffe80778
       77615000	      7662	80006272	70bc3797	auipc	x15,0x70bc3	 x15=0xf0bc9272
       77655000	      7666	80006276	035cb8b3	mulhu	x17,x25,x21	 x25:0x00ffffff x21:0x00000001 x17=0x00000000
       77665000	      7667	8000627a	80e6	c.mv	x1,x25	  x0:0x00000000 x25:0x00ffffff  x1=0x00ffffff
       77675000	      7668	8000627c	0ff0000f	fence	iorw,iorw	
       77685000	      7669	80006280	8c2d	c.xor	x8,x11	  x8:0xc119ef7e x11:0x80021e20  x8=0x411bf15e
       77695000	      7670	80006282	557bfc93	andi	x25,x23,1367	 x23:0x81000000 x25=0x00000000
       77705000	      7671	80006286	612d	c.addi16sp	x2,224	  x2:0xc000056b  x2=0xc000064b
       77715000	      7672	80006288	7c94d0b7	lui	x1,0x7c94d	  x1=0x7c94d000
       77725000	      7673	8000628c	400cd6b3	sra	x13,x25,x0	 x25:0x00000000  x0:0x00000000 x13=0x00000000
       77735000	      7674	80006290	c099	c.beqz	x9,80006296	  x9:0xc00005fb
       78105000	      7711	80006292	025a56b3	divu	x13,x20,x5	 x20:0x5bd052ff  x5:0x8c92ef5c x13=0x00000000
       78115000	      7712	80006296	8b65	c.andi	x14,25	 x14:0x00000001 x14=0x00000001
       78125000	      7713	80006298	05f29163	bne	x5,x31,800062da	  x5:0x8c92ef5c x31:0x80025ce4
       78145000	      7715	800062da	997d	c.andi	x10,-1	 x10:0x400001d6 x10=0x400001d6
       78155000	      7716	800062dc	1890	c.addi4spn	x12,x2,112	 x12=0xc00006bb
       78525000	      7753	800062de	03bdd833	divu	x16,x27,x27	 x27:0x7fffffff x27:0x7fffffff x16=0x00000001
       78535000	      7754	800062e2	40015013	srai	x0,x2,0x0	  x2:0xc000064b  x0=0x00000000
       78545000	      7755	800062e6	717d	c.addi16sp	x2,-16	  x2:0xc000064b  x2=0xc000063b
       78555000	      7756	800062e8	009317b3	sll	x15,x6,x9	  x6:0x00000000  x9:0xc00005fb x15=0x00000000
       78565000	      7757	800062ec	0001	c.addi	x0,0	  x0:0x00000000  x0=0x00000000
       78575000	      7758	800062ee	4709	c.li	x14,2	 x14=0x00000002
       78585000	      7759	800062f0	000403b3	add	x7,x8,x0	  x8:0x411bf15e  x0:0x00000000  x7=0x411bf15e
       78595000	      7760	800062f4	6a55c213	xori	x4,x11,1701	 x11:0x80021e20  x4=0x80021885
       78605000	      7761	800062f8	01239a33	sll	x20,x7,x18	  x7:0x411bf15e x18:0x5fffffff x20=0x00000000
       78615000	      7762	800062fc	41530433	sub	x8,x6,x21	  x6:0x00000000 x21:0x00000001  x8=0xffffffff
       78625000	      7763	80006300	8f35	c.xor	x14,x13	 x14:0x00000002 x13:0x00000000 x14=0x00000002
       78635000	      7764	80006302	0299db63	bge	x19,x9,80006338	 x19:0xffffffff  x9:0xc00005fb
       78655000	      7766	80006338	0ff0000f	fence	iorw,iorw	
       78665000	      7767	8000633c	48797d13	andi	x26,x18,1159	 x18:0x5fffffff x26=0x00000487
       79035000	      7804	80006340	027ddc33	divu	x24,x27,x7	 x27:0x7fffffff  x7:0x411bf15e x24=0x00000001
       79045000	      7805	80006344	bd65ea17	auipc	x20,0xbd65e	 x20=0x3d664344
       79415000	      7842	80006348	0302c9b3	div	x19,x5,x16	  x5:0x8c92ef5c x16:0x00000001 x19=0x8c92ef5c
       79425000	      7843	8000634c	abc52f17	auipc	x30,0xabc52	 x30=0x2bc5834c
       79435000	      7844	80006350	8311	c.srli	x14,0x4	 x14:0x00000002 x14=0x00000000
       79455000	      7846	80006352	023bed33	rem	x26,x23,x3	 x23:0x81000000  x3:0x00000000 x26=0x81000000
       79465000	      7847	80006356	014921b3	slt	x3,x18,x20	 x18:0x5fffffff x20:0x3d664344  x3=0x00000000
       79475000	      7848	8000635a	41a2d6b3	sra	x13,x5,x26	  x5:0x8c92ef5c x26:0x81000000 x13=0x8c92ef5c
       79485000	      7849	8000635e	801d	c.srli	x8,0x7	  x8:0xffffffff  x8=0x01ffffff
       79495000	      7850	80006360	785d5c17	auipc	x24,0x785d5	 x24=0xf85db360
       79505000	      7851	80006364	00890133	add	x2,x18,x8	 x18:0x5fffffff  x8:0x01ffffff  x2=0x61fffffe
       79535000	      7854	80006368	02990633	mul	x12,x18,x9	 x18:0x5fffffff  x9:0xc00005fb x12=0x5ffffa05
       79545000	      7855	8000636c	76161ab7	lui	x21,0x76161	 x21=0x76161000
       79555000	      7856	80006370	8cbd	c.xor	x9,x15	  x9:0xc00005fb x15:0x00000000  x9=0xc00005fb
       79565000	      7857	80006372	01bf4133	xor	x2,x30,x27	 x30:0x2bc5834c x27:0x7fffffff  x2=0x543a7cb3
       79575000	      7858	80006376	01ebe133	or	x2,x23,x30	 x23:0x81000000 x30:0x2bc5834c  x2=0xabc5834c
       79585000	      7859	8000637a	31dba493	slti	x9,x23,797	 x23:0x81000000  x9=0x00000001
       79595000	      7860	8000637e	8d35	c.xor	x10,x13	 x10:0x400001d6 x13:0x8c92ef5c x10=0xcc92ee8a
       79605000	      7861	80006380	8d45	c.or	x10,x9	 x10:0xcc92ee8a  x9:0x00000001 x10=0xcc92ee8b
       79615000	      7862	80006382	00b98a33	add	x20,x19,x11	 x19:0x8c92ef5c x11:0x80021e20 x20=0x0c950d7c
       79625000	      7863	80006386	02908213	addi	x4,x1,41	  x1:0x7c94d000  x4=0x7c94d029
       79995000	      7900	8000638a	03e2f6b3	remu	x13,x5,x30	  x5:0x8c92ef5c x30:0x2bc5834c x13=0x09426578
       80005000	      7901	8000638e	019a	c.slli	x3,0x6	  x3:0x00000000  x3=0x00000000
       80015000	      7902	80006390	23bf4213	xori	x4,x30,571	 x30:0x2bc5834c  x4=0x2bc58177
       80025000	      7903	80006394	0001	c.addi	x0,0	  x0:0x00000000  x0=0x00000000
       80035000	      7904	80006396	0000100f	fence.i	
       80065000	      7907	8000639a	02f4e263	bltu	x9,x15,800063be	  x9:0x00000001 x15:0x00000000
       80075000	      7908	8000639e	0000100f	fence.i	
       80095000	      7910	800063a2	8c01	c.sub	x8,x8	  x8:0x01ffffff  x8:0x01ffffff  x8=0x00000000
       80465000	      7947	800063a4	030350b3	divu	x1,x6,x16	  x6:0x00000000 x16:0x00000001  x1=0x00000000
       80475000	      7948	800063a8	8e39	c.xor	x12,x14	 x12:0x5ffffa05 x14:0x00000000 x12=0x5ffffa05
       80485000	      7949	800063aa	8b8e	c.mv	x23,x3	  x0:0x00000000  x3:0x00000000 x23=0x00000000
       80495000	      7950	800063ac	0000100f	fence.i	
       80515000	      7952	800063b0	0164d793	srli	x15,x9,0x16	  x9:0x00000001 x15=0x00000000
       80525000	      7953	800063b4	032f1663	bne	x30,x18,800063e0	 x30:0x2bc5834c x18:0x5fffffff
       80545000	      7955	800063e0	9c3e	c.add	x24,x15	 x24:0xf85db360 x15:0x00000000 x24=0xf85db360
       80555000	      7956	800063e2	717d	c.addi16sp	x2,-16	  x2:0xabc5834c  x2=0xabc5833c
       80565000	      7957	800063e4	881e	c.mv	x16,x7	  x0:0x00000000  x7:0x411bf15e x16=0x411bf15e
       80585000	      7959	800063e6	020c4233	div	x4,x24,x0	 x24:0xf85db360  x0:0x00000000  x4=0xffffffff
       80595000	      7960	800063ea	02565c63	bge	x12,x5,80006422	 x12:0x5ffffa05  x5:0x8c92ef5c
       80625000	      7963	80006422	408a56b3	sra	x13,x20,x8	 x20:0x0c950d7c  x8:0x00000000 x13=0x0c950d7c
       80635000	      7964	80006426	cd15	c.beqz	x10,80006462	 x10:0xcc92ee8b
       80645000	      7965	80006428	c085	c.beqz	x9,80006448	  x9:0x00000001
       80655000	      7966	8000642a	01a54b63	blt	x10,x26,80006440	 x10:0xcc92ee8b x26:0x81000000
       80665000	      7967	8000642e	8629	c.srai	x12,0xa	 x12:0x5ffffa05 x12=0x0017fffe
       80675000	      7968	80006430	ec8d	c.bnez	x9,8000646a	  x9:0x00000001
       81065000	      8007	8000646a	02bf6b33	rem	x22,x30,x11	 x30:0x2bc5834c x11:0x80021e20 x22=0x2bc5834c
       81075000	      8008	8000646e	8a89	c.andi	x13,2	 x13:0x0c950d7c x13=0x00000000
       81085000	      8009	80006470	0000100f	fence.i	
       81105000	      8011	80006474	00c3ccb3	xor	x25,x7,x12	  x7:0x411bf15e x12:0x0017fffe x25=0x410c0ea0
       81115000	      8012	80006478	e8caad93	slti	x27,x21,-372	 x21:0x76161000 x27=0x00000000
       81125000	      8013	8000647c	9d76	c.add	x26,x29	 x26:0x81000000 x29:0x40000154 x26=0xc1000154
       81135000	      8014	8000647e	e99c2913	slti	x18,x24,-359	 x24:0xf85db360 x18=0x00000001
       81145000	      8015	80006482	0001	c.addi	x0,0	  x0:0x00000000  x0=0x00000000
       81185000	      8019	80006484	033e2a33	mulhsu	x20,x28,x19	 x28:0xa0000001 x19:0x8c92ef5c x20=0xcb48e63e
       81195000	      8020	80006488	6169	c.addi16sp	x2,208	  x2:0xabc5833c  x2=0xabc5840c
       81205000	      8021	8000648a	ab938293	addi	x5,x7,-1351	  x7:0x411bf15e  x5=0x411bec17
       81215000	      8022	8000648e	b8ce2013	slti	x0,x28,-1140	 x28:0xa0000001  x0=0x00000000
       81225000	      8023	80006492	408b5bb3	sra	x23,x22,x8	 x22:0x2bc5834c  x8:0x00000000 x23=0x2bc5834c
       81265000	      8027	80006496	03cfb0b3	mulhu	x1,x31,x28	 x31:0x80025ce4 x28:0xa0000001  x1=0x50017a0f
       81275000	      8028	8000649a	4921f493	andi	x9,x3,1170	  x3:0x00000000  x9=0x00000000
       81285000	      8029	8000649e	000822b3	slt	x5,x16,x0	 x16:0x411bf15e  x0:0x00000000  x5=0x00000000
       81295000	      8030	800064a2	0173b9b3	sltu	x19,x7,x23	  x7:0x411bf15e x23:0x2bc5834c x19=0x00000000
       81305000	      8031	800064a6	5774a513	slti	x10,x9,1399	  x9:0x00000000 x10=0x00000001
       81315000	      8032	800064aa	406cde33	sra	x28,x25,x6	 x25:0x410c0ea0  x6:0x00000000 x28=0x410c0ea0
       81325000	      8033	800064ae	3c2813b7	lui	x7,0x3c281	  x7=0x3c281000
       81335000	      8034	800064b2	6175	c.addi16sp	x2,368	  x2:0xabc5840c  x2=0xabc5857c
       81345000	      8035	800064b4	8fd5	c.or	x15,x13	 x15:0x00000000 x13:0x00000000 x15=0x00000000
       81375000	      8038	800064b6	03a18cb3	mul	x25,x3,x26	  x3:0x00000000 x26:0xc1000154 x25=0x00000000
       81405000	      8041	800064ba	032f0633	mul	x12,x30,x18	 x30:0x2bc5834c x18:0x00000001 x12=0x2bc5834c
       81415000	      8042	800064be	6a99	c.lui	x21,0x6	 x21=0x00006000
       81455000	      8046	800064c0	0243b9b3	mulhu	x19,x7,x4	  x7:0x3c281000  x4:0xffffffff x19=0x3c280fff
       81465000	      8047	800064c4	03081263	bne	x16,x16,800064e8	 x16:0x411bf15e x16:0x411bf15e
       81475000	      8048	800064c8	c446e937	lui	x18,0xc446e	 x18=0xc446e000
       81485000	      8049	800064cc	b5117037	lui	x0,0xb5117	  x0=0x00000000
       81495000	      8050	800064d0	0cd9	c.addi	x25,22	 x25:0x00000000 x25=0x00000016
       81505000	      8051	800064d2	735ec793	xori	x15,x29,1845	 x29:0x40000154 x15=0x40000661
       81515000	      8052	800064d6	00f69e63	bne	x13,x15,800064f2	 x13:0x00000000 x15:0x40000661
       81545000	      8055	800064f2	01bca7b3	slt	x15,x25,x27	 x25:0x00000016 x27:0x00000000 x15=0x00000000
       81555000	      8056	800064f6	e799	c.bnez	x15,80006504	 x15:0x00000000
       81565000	      8057	800064f8	5c768d13	addi	x26,x13,1479	 x13:0x00000000 x26=0x000005c7
       81575000	      8058	800064fc	717d	c.addi16sp	x2,-16	  x2:0xabc5857c  x2=0xabc5856c
       81585000	      8059	800064fe	6885	c.lui	x17,0x1	 x17=0x00001000
       81595000	      8060	80006500	03040063	beq	x8,x16,80006520	  x8:0x00000000 x16:0x411bf15e
       81605000	      8061	80006504	00a88bb3	add	x23,x17,x10	 x17:0x00001000 x10:0x00000001 x23=0x00001001
       81975000	      8098	80006508	027f4933	div	x18,x30,x7	 x30:0x2bc5834c  x7:0x3c281000 x18=0x00000000
       81985000	      8099	8000650c	024a	c.slli	x4,0x12	  x4:0xffffffff  x4=0xfffc0000
       81995000	      8100	8000650e	c791	c.beqz	x15,8000651a	 x15:0x00000000
       82015000	      8102	8000651a	8cb9	c.xor	x9,x14	  x9:0x00000000 x14:0x00000000  x9=0x00000000
       82025000	      8103	8000651c	002dbcb3	sltu	x25,x27,x2	 x27:0x00000000  x2:0xabc5856c x25=0x00000001
       82035000	      8104	80006520	8335	c.srli	x14,0xd	 x14:0x00000000 x14=0x00000000
       82045000	      8105	80006522	8212	c.mv	x4,x4	  x0:0x00000000  x4:0xfffc0000  x4=0xfffc0000
       82055000	      8106	80006524	527d	c.li	x4,-1	  x4=0xffffffff
       82065000	      8107	80006526	19fd	c.addi	x19,-1	 x19:0x3c280fff x19=0x3c280ffe
       82095000	      8110	80006528	028d0a33	mul	x20,x26,x8	 x26:0x000005c7  x8:0x00000000 x20=0x00000000
       82105000	      8111	8000652c	0ee6	c.slli	x29,0x19	 x29:0x40000154 x29=0xa8000000
       82115000	      8112	8000652e	8e19	c.sub	x12,x14	 x12:0x2bc5834c x14:0x00000000 x12=0x2bc5834c
       82125000	      8113	80006530	8405	c.srai	x8,0x1	  x8:0x00000000  x8=0x00000000
       82165000	      8117	80006532	039e3233	mulhu	x4,x28,x25	 x28:0x410c0ea0 x25:0x00000001  x4=0x00000000
       82535000	      8154	80006536	036d7eb3	remu	x29,x26,x22	 x26:0x000005c7 x22:0x2bc5834c x29=0x000005c7
       82545000	      8155	8000653a	00c70cb3	add	x25,x14,x12	 x14:0x00000000 x12:0x2bc5834c x25=0x2bc5834c
       82555000	      8156	8000653e	8279	c.srli	x12,0x1e	 x12:0x2bc5834c x12=0x00000000
       82565000	      8157	80006540	0001	c.addi	x0,0	  x0:0x00000000  x0=0x00000000
       82575000	      8158	80006542	02458c63	beq	x11,x4,8000657a	 x11:0x80021e20  x4:0x00000000
       82585000	      8159	80006546	8fb9	c.xor	x15,x14	 x15:0x00000000 x14:0x00000000 x15=0x00000000
       82595000	      8160	80006548	bd9bb093	sltiu	x1,x23,-1063	 x23:0x00001001  x1=0x00000001
       82625000	      8163	8000654c	03510b33	mul	x22,x2,x21	  x2:0xabc5856c x21:0x00006000 x22=0x12088000
       82635000	      8164	80006550	03f87863	bgeu	x16,x31,80006580	 x16:0x411bf15e x31:0x80025ce4
       82645000	      8165	80006554	00b58913	addi	x18,x11,11	 x11:0x80021e20 x18=0x80021e2b
       82655000	      8166	80006558	6671	c.lui	x12,0x1c	 x12=0x0001c000
       82665000	      8167	8000655a	01a43a33	sltu	x20,x8,x26	  x8:0x00000000 x26:0x000005c7 x20=0x00000001
       82675000	      8168	8000655e	0179f763	bgeu	x19,x23,8000656c	 x19:0x3c280ffe x23:0x00001001
       82695000	      8170	8000656c	01639eb3	sll	x29,x7,x22	  x7:0x3c281000 x22:0x12088000 x29=0x3c281000
       82705000	      8171	80006570	0216	c.slli	x4,0x5	  x4:0x00000000  x4=0x00000000
       82715000	      8172	80006572	01cc7db3	and	x27,x24,x28	 x24:0xf85db360 x28:0x410c0ea0 x27=0x400c0220
       82725000	      8173	80006576	012a5e93	srli	x29,x20,0x12	 x20:0x00000001 x29=0x00000000
       82735000	      8174	8000657a	0001	c.addi	x0,0	  x0:0x00000000  x0=0x00000000
       82745000	      8175	8000657c	010d4e33	xor	x28,x26,x16	 x26:0x000005c7 x16:0x411bf15e x28=0x411bf499
       82755000	      8176	80006580	0036d713	srli	x14,x13,0x3	 x13:0x00000000 x14=0x00000000
       82765000	      8177	80006584	38da7713	andi	x14,x20,909	 x20:0x00000001 x14=0x00000001
       82775000	      8178	80006588	09d5ed13	ori	x26,x11,157	 x11:0x80021e20 x26=0x80021ebd
       82785000	      8179	8000658c	e891	c.bnez	x9,800065a0	  x9:0x00000000
       82795000	      8180	8000658e	01e123b3	slt	x7,x2,x30	  x2:0xabc5856c x30:0x2bc5834c  x7=0x00000001
       82805000	      8181	80006592	009a1233	sll	x4,x20,x9	 x20:0x00000001  x9:0x00000000  x4=0x00000001
       82815000	      8182	80006596	01749c13	slli	x24,x9,0x17	  x9:0x00000000 x24=0x00000000
       82825000	      8183	8000659a	e905	c.bnez	x10,800065ca	 x10:0x00000001
       82855000	      8186	800065ca	0079bcb3	sltu	x25,x19,x7	 x19:0x3c280ffe  x7:0x00000001 x25=0x00000000
       82865000	      8187	800065ce	717d	c.addi16sp	x2,-16	  x2:0xabc5856c  x2=0xabc5855c
       82875000	      8188	800065d0	007c01b3	add	x3,x24,x7	 x24:0x00000000  x7:0x00000001  x3=0x00000001
       82885000	      8189	800065d4	86cd	c.srai	x13,0x13	 x13:0x00000000 x13=0x00000000
       82895000	      8190	800065d6	00195893	srli	x17,x18,0x1	 x18:0x80021e2b x17=0x40010f15
       82905000	      8191	800065da	d33d8993	addi	x19,x27,-717	 x27:0x400c0220 x19=0x400bff53
       82915000	      8192	800065de	a716db97	auipc	x23,0xa716d	 x23=0x271735de
       82925000	      8193	800065e2	3e776213	ori	x4,x14,999	 x14:0x00000001  x4=0x000003e7
       82935000	      8194	800065e6	0001	c.addi	x0,0	  x0:0x00000000  x0=0x00000000
       82945000	      8195	800065e8	83f1	c.srli	x15,0x1c	 x15:0x00000000 x15=0x00000000
       82955000	      8196	800065ea	8a56	c.mv	x20,x21	  x0:0x00000000 x21:0x00006000 x20=0x00006000
       82965000	      8197	800065ec	0ff0000f	fence	iorw,iorw	
       82975000	      8198	800065f0	0294	c.addi4spn	x13,x2,320	 x13=0xabc5869c
       82985000	      8199	800065f2	4f2b6c93	ori	x25,x22,1266	 x22:0x12088000 x25=0x120884f2
       83025000	      8203	800065f6	028931b3	mulhu	x3,x18,x8	 x18:0x80021e2b  x8:0x00000000  x3=0x00000000
       83035000	      8204	800065fa	8c01	c.sub	x8,x8	  x8:0x00000000  x8:0x00000000  x8=0x00000000
       83045000	      8205	800065fc	8d51	c.or	x10,x12	 x10:0x00000001 x12:0x0001c000 x10=0x0001c001
       83055000	      8206	800065fe	006b7463	bgeu	x22,x6,80006606	 x22:0x12088000  x6:0x00000000
       83085000	      8209	80006606	011dcb33	xor	x22,x27,x17	 x27:0x400c0220 x17:0x40010f15 x22=0x000d0d35
       83095000	      8210	8000660a	985e	c.add	x16,x23	 x16:0x411bf15e x23:0x271735de x16=0x6833273c
       83105000	      8211	8000660c	4849	c.li	x16,18	 x16=0x00000012
       83115000	      8212	8000660e	0c94	c.addi4spn	x13,x2,592	 x13=0xabc587ac
       83125000	      8213	80006610	717d	c.addi16sp	x2,-16	  x2:0xabc5855c  x2=0xabc5854c
       83135000	      8214	80006612	8922	c.mv	x18,x8	  x0:0x00000000  x8:0x00000000 x18=0x00000000
       83145000	      8215	80006614	8e7d	c.and	x12,x15	 x12:0x0001c000 x15:0x00000000 x12=0x00000000
       83155000	      8216	80006616	8675	c.srai	x12,0x1d	 x12:0x00000000 x12=0x00000000
       83165000	      8217	80006618	0252f963	bgeu	x5,x5,8000664a	  x5:0x00000000  x5:0x00000000
       83195000	      8220	8000664a	41da0e33	sub	x28,x20,x29	 x20:0x00006000 x29:0x00000000 x28=0x00006000
       83205000	      8221	8000664e	03f04c63	blt	x0,x31,80006686	  x0:0x00000000 x31:0x80025ce4
       83215000	      8222	80006652	c29d	c.beqz	x13,80006678	 x13:0xabc587ac
       83225000	      8223	80006654	0000100f	fence.i	
       83605000	      8261	80006658	02184433	div	x8,x16,x1	 x16:0x00000012  x1:0x00000001  x8=0x00000012
       83615000	      8262	8000665c	c3ce8993	addi	x19,x29,-964	 x29:0x00000000 x19=0xfffffc3c
       83625000	      8263	80006660	864e	c.mv	x12,x19	  x0:0x00000000 x19:0xfffffc3c x12=0xfffffc3c
       83635000	      8264	80006662	8f5d	c.or	x14,x15	 x14:0x00000001 x15:0x00000000 x14=0x00000001
       83645000	      8265	80006664	40f7ddb3	sra	x27,x15,x15	 x15:0x00000000 x15:0x00000000 x27=0x00000000
       83685000	      8269	80006668	03f7bcb3	mulhu	x25,x15,x31	 x15:0x00000000 x31:0x80025ce4 x25=0x00000000
       83695000	      8270	8000666c	1dfd	c.addi	x27,-1	 x27:0x00000000 x27=0xffffffff
       83705000	      8271	8000666e	cc826193	ori	x3,x4,-824	  x4:0x000003e7  x3=0xffffffef
       83715000	      8272	80006672	c61fc237	lui	x4,0xc61fc	  x4=0xc61fc000
       83725000	      8273	80006676	8a6d	c.andi	x12,27	 x12:0xfffffc3c x12=0x00000018
       83735000	      8274	80006678	0001	c.addi	x0,0	  x0:0x00000000  x0=0x00000000
       83745000	      8275	8000667a	00332433	slt	x8,x6,x3	  x6:0x00000000  x3:0xffffffef  x8=0x00000000
       83785000	      8279	8000667e	0239a1b3	mulhsu	x3,x19,x3	 x19:0xfffffc3c  x3:0xffffffef  x3=0xfffffc3c
       83825000	      8283	80006682	03aea033	mulhsu	x0,x29,x26	 x29:0x00000000 x26:0x80021ebd  x0=0x00000000
       83835000	      8284	80006686	04987163	bgeu	x16,x9,800066c8	 x16:0x00000012  x9:0x00000000
       83855000	      8286	800066c8	03427c63	bgeu	x4,x20,80006700	  x4:0xc61fc000 x20:0x00006000
       83875000	      8288	80006700	68ad	c.lui	x17,0xb	 x17=0x0000b000
       83915000	      8292	80006702	026e9db3	mulh	x27,x29,x6	 x29:0x00000000  x6:0x00000000 x27=0x00000000
       83925000	      8293	80006706	01fe	c.slli	x3,0x1f	  x3:0xfffffc3c  x3=0x00000000
       83935000	      8294	80006708	0329f663	bgeu	x19,x18,80006734	 x19:0xfffffc3c x18:0x00000000
       83955000	      8296	80006734	8ed9	c.or	x13,x14	 x13:0xabc587ac x14:0x00000001 x13=0xabc587ad
       83975000	      8298	80006736	02397133	remu	x2,x18,x3	 x18:0x00000000  x3:0x00000000  x2=0x00000000
       83985000	      8299	8000673a	02147563	bgeu	x8,x1,80006764	  x8:0x00000000  x1:0x00000001
       83995000	      8300	8000673e	016b0e33	add	x28,x22,x22	 x22:0x000d0d35 x22:0x000d0d35 x28=0x001a1a6a
       84005000	      8301	80006742	15f64793	xori	x15,x12,351	 x12:0x00000018 x15=0x00000147
       84015000	      8302	80006746	412fd993	srai	x19,x31,0x12	 x31:0x80025ce4 x19=0xffffe000
       84055000	      8306	8000674a	02d42433	mulhsu	x8,x8,x13	  x8:0x00000000 x13:0xabc587ad  x8=0x00000000
       84065000	      8307	8000674e	40fbd813	srai	x16,x23,0xf	 x23:0x271735de x16=0x00004e2e
       84435000	      8344	80006752	02ebc7b3	div	x15,x23,x14	 x23:0x271735de x14:0x00000001 x15=0x271735de
       84475000	      8348	80006756	027a3ab3	mulhu	x21,x20,x7	 x20:0x00006000  x7:0x00000001 x21=0x00000000
       84485000	      8349	8000675a	8e61	c.and	x12,x8	 x12:0x00000018  x8:0x00000000 x12=0x00000000
       84495000	      8350	8000675c	f4535897	auipc	x17,0xf4535	 x17=0x7453b75c
       84505000	      8351	80006760	9bfd	c.andi	x15,-1	 x15:0x271735de x15=0x271735de
       84515000	      8352	80006762	8806	c.mv	x16,x1	  x0:0x00000000  x1:0x00000001 x16=0x00000001
       84525000	      8353	80006764	cd15	c.beqz	x10,800067a0	 x10:0x0001c001
       84535000	      8354	80006766	00bd1db3	sll	x27,x26,x11	 x26:0x80021ebd x11:0x80021e20 x27=0x80021ebd
       84545000	      8355	8000676a	03461863	bne	x12,x20,8000679a	 x12:0x00000000 x20:0x00006000
       84935000	      8394	8000679a	0312e733	rem	x14,x5,x17	  x5:0x00000000 x17:0x7453b75c x14=0x00000000
       84945000	      8395	8000679e	0439	c.addi	x8,14	  x8:0x00000000  x8=0x0000000e
       85315000	      8432	800067a0	02bcdc33	divu	x24,x25,x11	 x25:0x00000000 x11:0x80021e20 x24=0x00000000
       85325000	      8433	800067a4	41b4d893	srai	x17,x9,0x1b	  x9:0x00000000 x17=0x00000000
       85335000	      8434	800067a8	02a2e263	bltu	x5,x10,800067cc	  x5:0x00000000 x10:0x0001c001
       85355000	      8436	800067cc	01ca1e13	slli	x28,x20,0x1c	 x20:0x00006000 x28=0x00000000
       85375000	      8438	800067d0	023e5e33	divu	x28,x28,x3	 x28:0x00000000  x3:0x00000000 x28=0xffffffff
       85415000	      8442	800067d4	02659933	mulh	x18,x11,x6	 x11:0x80021e20  x6:0x00000000 x18=0x00000000
       85425000	      8443	800067d8	ef1d	c.bnez	x14,80006816	 x14:0x00000000
       85435000	      8444	800067da	84a9	c.srai	x9,0xa	  x9:0x00000000  x9=0x00000000
       85445000	      8445	800067dc	fb5b7413	andi	x8,x22,-75	 x22:0x000d0d35  x8=0x000d0d35
       85455000	      8446	800067e0	01fead33	slt	x26,x29,x31	 x29:0x00000000 x31:0x80025ce4 x26=0x00000000
       85465000	      8447	800067e4	01ece233	or	x4,x25,x30	 x25:0x00000000 x30:0x2bc5834c  x4=0x2bc5834c
       85475000	      8448	800067e8	007dfe63	bgeu	x27,x7,80006804	 x27:0x80021ebd  x7:0x00000001
       85495000	      8450	80006804	8f42	c.mv	x30,x16	  x0:0x00000000 x16:0x00000001 x30=0x00000001
       85535000	      8454	80006806	0229a2b3	mulhsu	x5,x19,x2	 x19:0xffffe000  x2:0x00000000  x5=0x00000000
       85545000	      8455	8000680a	00708933	add	x18,x1,x7	  x1:0x00000001  x7:0x00000001 x18=0x00000002
       85555000	      8456	8000680e	005c1513	slli	x10,x24,0x5	 x24:0x00000000 x10=0x00000000
       85925000	      8493	80006812	02bafbb3	remu	x23,x21,x11	 x21:0x00000000 x11:0x80021e20 x23=0x00000000
       85935000	      8494	80006816	db9a46b7	lui	x13,0xdb9a4	 x13=0xdb9a4000
       85945000	      8495	8000681a	0001	c.addi	x0,0	  x0:0x00000000  x0=0x00000000
       85955000	      8496	8000681c	1a7d	c.addi	x20,-1	 x20:0x00006000 x20=0x00005fff
       85965000	      8497	8000681e	8d466e93	ori	x29,x12,-1836	 x12:0x00000000 x29=0xfffff8d4
       85975000	      8498	80006822	01538433	add	x8,x7,x21	  x7:0x00000001 x21:0x00000000  x8=0x00000001
       85985000	      8499	80006826	0001	c.addi	x0,0	  x0:0x00000000  x0=0x00000000
       86355000	      8536	80006828	0325d533	divu	x10,x11,x18	 x11:0x80021e20 x18:0x00000002 x10=0x40010f10
       86365000	      8537	8000682c	7e292037	lui	x0,0x7e292	  x0=0x00000000
       86375000	      8538	80006830	1f2c3737	lui	x14,0x1f2c3	 x14=0x1f2c3000
       86385000	      8539	80006834	00efc263	blt	x31,x14,80006838	 x31:0x80025ce4 x14:0x1f2c3000
       86405000	      8541	80006838	0001	c.addi	x0,0	  x0:0x00000000  x0=0x00000000
       86415000	      8542	8000683a	03865a63	bge	x12,x24,8000686e	 x12:0x00000000 x24:0x00000000
       86445000	      8545	8000686e	eecb4413	xori	x8,x22,-276	 x22:0x000d0d35  x8=0xfff2f3d9
       86455000	      8546	80006872	000a6763	bltu	x20,x0,80006880	 x20:0x00005fff  x0:0x00000000
       86465000	      8547	80006876	0c04	c.addi4spn	x9,x2,528	  x9=0x00000210
       86475000	      8548	80006878	002c5a63	bge	x24,x2,8000688c	 x24:0x00000000  x2:0x00000000
       86495000	      8550	8000688c	0056f7b3	and	x15,x13,x5	 x13:0xdb9a4000  x5:0x00000000 x15=0x00000000
       86535000	      8554	80006890	038e3633	mulhu	x12,x28,x24	 x28:0xffffffff x24:0x00000000 x12=0x00000000
       86545000	      8555	80006894	01e03e33	sltu	x28,x0,x30	  x0:0x00000000 x30:0x00000001 x28=0x00000001
       86585000	      8559	80006898	02d992b3	mulh	x5,x19,x13	 x19:0xffffe000 x13:0xdb9a4000  x5=0x0000048c
       86595000	      8560	8000689c	8fe5	c.and	x15,x9	 x15:0x00000000  x9:0x00000210 x15=0x00000000
       86605000	      8561	8000689e	5cfd	c.li	x25,-1	 x25=0xffffffff
       86615000	      8562	800068a0	32ab0d13	addi	x26,x22,810	 x22:0x000d0d35 x26=0x000d105f
       86625000	      8563	800068a4	e5166097	auipc	x1,0xe5166	  x1=0x6516c8a4
       86635000	      8564	800068a8	0001	c.addi	x0,0	  x0:0x00000000  x0=0x00000000
       86645000	      8565	800068aa	40d5d913	srai	x18,x11,0xd	 x11:0x80021e20 x18=0xfffc0010
       86655000	      8566	800068ae	406a81b3	sub	x3,x21,x6	 x21:0x00000000  x6:0x00000000  x3=0x00000000
       86665000	      8567	800068b2	4955	c.li	x18,21	 x18=0x00000015
       86675000	      8568	800068b4	9216	c.add	x4,x5	  x4:0x2bc5834c  x5:0x0000048c  x4=0x2bc587d8
       86685000	      8569	800068b6	717d	c.addi16sp	x2,-16	  x2:0x00000000  x2=0xfffffff0
       86695000	      8570	800068b8	8ee5	c.and	x13,x9	 x13:0xdb9a4000  x9:0x00000210 x13=0x00000000
       87065000	      8607	800068ba	021ce2b3	rem	x5,x25,x1	 x25:0xffffffff  x1:0x6516c8a4  x5=0xffffffff
       87435000	      8644	800068be	0340c2b3	div	x5,x1,x20	  x1:0x6516c8a4 x20:0x00005fff  x5=0x00010d94
       87445000	      8645	800068c2	8c01	c.sub	x8,x8	  x8:0xfff2f3d9  x8:0xfff2f3d9  x8=0x00000000
       87455000	      8646	800068c4	e785	c.bnez	x15,800068ec	 x15:0x00000000
       87465000	      8647	800068c6	0311fd63	bgeu	x3,x17,80006900	  x3:0x00000000 x17:0x00000000
       87485000	      8649	80006900	40b4d213	srai	x4,x9,0xb	  x9:0x00000210  x4=0x00000000
       87495000	      8650	80006904	631d47b7	lui	x15,0x631d4	 x15=0x631d4000
       87505000	      8651	80006908	9e3e	c.add	x28,x15	 x28:0x00000001 x15:0x631d4000 x28=0x631d4001
       87515000	      8652	8000690a	01b4cd63	blt	x9,x27,80006924	  x9:0x00000210 x27:0x80021ebd
       87525000	      8653	8000690e	8785	c.srai	x15,0x1	 x15:0x631d4000 x15=0x318ea000
       87535000	      8654	80006910	02eb5763	bge	x22,x14,8000693e	 x22:0x000d0d35 x14:0x1f2c3000
       87545000	      8655	80006914	01e9e463	bltu	x19,x30,8000691c	 x19:0xffffe000 x30:0x00000001
       87555000	      8656	80006918	03b6dc63	bge	x13,x27,80006950	 x13:0x00000000 x27:0x80021ebd
       87575000	      8658	80006950	9816	c.add	x16,x5	 x16:0x00000001  x5:0x00010d94 x16=0x00010d95
       87585000	      8659	80006952	0001	c.addi	x0,0	  x0:0x00000000  x0=0x00000000
       87595000	      8660	80006954	8ef1	c.and	x13,x12	 x13:0x00000000 x12:0x00000000 x13=0x00000000
       87605000	      8661	80006956	c299	c.beqz	x13,8000695c	 x13:0x00000000
       87635000	      8664	8000695c	023d4eb3	div	x29,x26,x3	 x26:0x000d105f  x3:0x00000000 x29=0xffffffff
       87645000	      8665	80006960	01ecc6b3	xor	x13,x25,x30	 x25:0xffffffff x30:0x00000001 x13=0xfffffffe
       88015000	      8702	80006964	0290dcb3	divu	x25,x1,x9	  x1:0x6516c8a4  x9:0x00000210 x25=0x0031034a
       88025000	      8703	80006968	03a27c63	bgeu	x4,x26,800069a0	  x4:0x00000000 x26:0x000d105f
       88035000	      8704	8000696c	0504	c.addi4spn	x9,x2,640	  x9=0x00000270
       88405000	      8741	8000696e	02f64bb3	div	x23,x12,x15	 x12:0x00000000 x15:0x318ea000 x23=0x00000000
       88415000	      8742	80006972	8f19	c.sub	x14,x14	 x14:0x1f2c3000 x14:0x1f2c3000 x14=0x00000000
       88425000	      8743	80006974	1efd	c.addi	x29,-1	 x29:0xffffffff x29=0xfffffffe
       88435000	      8744	80006976	0001	c.addi	x0,0	  x0:0x00000000  x0=0x00000000
       88445000	      8745	80006978	0ff0000f	fence	iorw,iorw	
       88455000	      8746	8000697c	8d35	c.xor	x10,x13	 x10:0x40010f10 x13:0xfffffffe x10=0xbffef0ee
       88465000	      8747	8000697e	0959	c.addi	x18,22	 x18:0x00000015 x18=0x0000002b
       88475000	      8748	80006980	0ff0000f	fence	iorw,iorw	
       88485000	      8749	80006984	8e6d	c.and	x12,x11	 x12:0x00000000 x11:0x80021e20 x12=0x00000000
       88495000	      8750	80006986	0001	c.addi	x0,0	  x0:0x00000000  x0=0x00000000
       88505000	      8751	80006988	211caf13	slti	x30,x25,529	 x25:0x0031034a x30=0x00000000
       88515000	      8752	8000698c	0000100f	fence.i	
       88535000	      8754	80006990	00ad2eb3	slt	x29,x26,x10	 x26:0x000d105f x10:0xbffef0ee x29=0x00000000
       88545000	      8755	80006994	a08a7b93	andi	x23,x20,-1528	 x20:0x00005fff x23=0x00005a08
       88555000	      8756	80006998	68250db7	lui	x27,0x68250	 x27=0x68250000
       88565000	      8757	8000699c	01cf12b3	sll	x5,x30,x28	 x30:0x00000000 x28:0x631d4001  x5=0x00000000
       88575000	      8758	800069a0	60a5	c.lui	x1,0x9	  x1=0x00009000
       88615000	      8762	800069a2	03322db3	mulhsu	x27,x4,x19	  x4:0x00000000 x19:0xffffe000 x27=0x00000000
       88655000	      8766	800069a6	035b3d33	mulhu	x26,x22,x21	 x22:0x000d0d35 x21:0x00000000 x26=0x00000000
       88665000	      8767	800069aa	02409663	bne	x1,x4,800069d6	  x1:0x00009000  x4:0x00000000
       88705000	      8771	800069d6	0316f433	remu	x8,x13,x17	 x13:0xfffffffe x17:0x00000000  x8=0xfffffffe
       88715000	      8772	800069da	4791	c.li	x15,4	 x15=0x00000004
       88725000	      8773	800069dc	8a11	c.andi	x12,4	 x12:0x00000000 x12=0x00000000
       89095000	      8810	800069de	02ab4133	div	x2,x22,x10	 x22:0x000d0d35 x10:0xbffef0ee  x2=0x00000000
       89105000	      8811	800069e2	b22c34b7	lui	x9,0xb22c3	  x9=0xb22c3000
       89475000	      8848	800069e6	02a2d8b3	divu	x17,x5,x10	  x5:0x00000000 x10:0xbffef0ee x17=0x00000000
       89485000	      8849	800069ea	023f8363	beq	x31,x3,80006a10	 x31:0x80025ce4  x3:0x00000000
       89495000	      8850	800069ee	1504	c.addi4spn	x9,x2,672	  x9=0x000002a0
       89535000	      8854	800069f0	034c2db3	mulhsu	x27,x24,x20	 x24:0x00000000 x20:0x00005fff x27=0x00000000
       89545000	      8855	800069f4	8fad	c.xor	x15,x11	 x15:0x00000004 x11:0x80021e20 x15=0x80021e24
       89915000	      8892	800069f6	029d48b3	div	x17,x26,x9	 x26:0x00000000  x9:0x000002a0 x17=0x00000000
       89925000	      8893	800069fa	92f6	c.add	x5,x29	  x5:0x00000000 x29:0x00000000  x5=0x00000000
       89935000	      8894	800069fc	ef91	c.bnez	x15,80006a18	 x15:0x80021e24
       89955000	      8896	80006a18	b870fd13	andi	x26,x1,-1145	  x1:0x00009000 x26=0x00009000
       89965000	      8897	80006a1c	004feeb3	or	x29,x31,x4	 x31:0x80025ce4  x4:0x00000000 x29=0x80025ce4
       89975000	      8898	80006a20	69bb7893	andi	x17,x22,1691	 x22:0x000d0d35 x17=0x00000411
       89985000	      8899	80006a24	0ead4693	xori	x13,x26,234	 x26:0x00009000 x13=0x000090ea
       89995000	      8900	80006a28	9772	c.add	x14,x28	 x14:0x00000000 x28:0x631d4001 x14=0x631d4001
       90005000	      8901	80006a2a	374fb993	sltiu	x19,x31,884	 x31:0x80025ce4 x19=0x00000000
       90015000	      8902	80006a2e	1084	c.addi4spn	x9,x2,96	  x9=0x00000060
       90025000	      8903	80006a30	8f95	c.sub	x15,x13	 x15:0x80021e24 x13:0x000090ea x15=0x80018d3a
       90035000	      8904	80006a32	8219	c.srli	x12,0x6	 x12:0x00000000 x12=0x00000000
       90045000	      8905	80006a34	6a3fec93	ori	x25,x31,1699	 x31:0x80025ce4 x25=0x80025ee7
       90055000	      8906	80006a38	01d30263	beq	x6,x29,80006a3c	  x6:0x00000000 x29:0x80025ce4
       90075000	      8908	80006a3c	0233fbb3	remu	x23,x7,x3	  x7:0x00000001  x3:0x00000000 x23=0x00000001
       90085000	      8909	80006a40	02fe9963	bne	x29,x15,80006a72	 x29:0x80025ce4 x15:0x80018d3a
       90105000	      8911	80006a72	0001	c.addi	x0,0	  x0:0x00000000  x0=0x00000000
       90115000	      8912	80006a74	995e	c.add	x18,x23	 x18:0x0000002b x23:0x00000001 x18=0x0000002c
       90125000	      8913	80006a76	01d2	c.slli	x3,0x14	  x3:0x00000000  x3=0x00000000
       90135000	      8914	80006a78	013023b3	slt	x7,x0,x19	  x0:0x00000000 x19:0x00000000  x7=0x00000000
       90145000	      8915	80006a7c	01aff763	bgeu	x31,x26,80006a8a	 x31:0x80025ce4 x26:0x00009000
       90175000	      8918	80006a8a	4078d793	srai	x15,x17,0x7	 x17:0x00000411 x15=0x00000008
       90185000	      8919	80006a8e	63f34013	xori	x0,x6,1599	  x6:0x00000000  x0=0x00000000
       90195000	      8920	80006a92	8609	c.srai	x12,0x2	 x12:0x00000000 x12=0x00000000
       90205000	      8921	80006a94	40dbdc93	srai	x25,x23,0xd	 x23:0x00000001 x25=0x00000000
       90215000	      8922	80006a98	018ffa33	and	x20,x31,x24	 x31:0x80025ce4 x24:0x00000000 x20=0x00000000
       90585000	      8959	80006a9c	036eee33	rem	x28,x29,x22	 x29:0x80025ce4 x22:0x000d0d35 x28=0xfff9da8a
       90595000	      8960	80006aa0	007e1c93	slli	x25,x28,0x7	 x28:0xfff9da8a x25=0xfced4500
       90605000	      8961	80006aa4	41325913	srai	x18,x4,0x13	  x4:0x00000000 x18=0x00000000
       90615000	      8962	80006aa8	6159	c.addi16sp	x2,400	  x2:0x00000000  x2=0x00000190
       90625000	      8963	80006aaa	5b7d	c.li	x22,-1	 x22=0xffffffff
       90635000	      8964	80006aac	e619	c.bnez	x12,80006aba	 x12:0x00000000
       90645000	      8965	80006aae	02411d63	bne	x2,x4,80006ae8	  x2:0x00000190  x4:0x00000000
       90665000	      8967	80006ae8	4060d033	sra	x0,x1,x6	  x1:0x00009000  x6:0x00000000  x0=0x00000000
       90675000	      8968	80006aec	00594eb3	xor	x29,x18,x5	 x18:0x00000000  x5:0x00000000 x29=0x00000000
       90705000	      8971	80006af0	02778533	mul	x10,x15,x7	 x15:0x00000008  x7:0x00000000 x10=0x00000000
       90715000	      8972	80006af4	0058ad33	slt	x26,x17,x5	 x17:0x00000411  x5:0x00000000 x26=0x00000000
       90725000	      8973	80006af8	00b35e13	srli	x28,x6,0xb	  x6:0x00000000 x28=0x00000000
       90735000	      8974	80006afc	01ea76b3	and	x13,x20,x30	 x20:0x00000000 x30:0x00000000 x13=0x00000000
       90745000	      8975	80006b00	8efd	c.and	x13,x15	 x13:0x00000000 x15:0x00000008 x13=0x00000000
       90755000	      8976	80006b02	9e7a	c.add	x28,x30	 x28:0x00000000 x30:0x00000000 x28=0x00000000
       90765000	      8977	80006b04	014b3eb3	sltu	x29,x22,x20	 x22:0xffffffff x20:0x00000000 x29=0x00000000
       90775000	      8978	80006b08	0000100f	fence.i	
       90795000	      8980	80006b0c	8d31	c.xor	x10,x12	 x10:0x00000000 x12:0x00000000 x10=0x00000000
       90805000	      8981	80006b0e	40f4d113	srai	x2,x9,0xf	  x9:0x00000060  x2=0x00000000
       90815000	      8982	80006b12	03f08b63	beq	x1,x31,80006b48	  x1:0x00009000 x31:0x80025ce4
       90825000	      8983	80006b16	010c0c63	beq	x24,x16,80006b2e	 x24:0x00000000 x16:0x00010d95
       90835000	      8984	80006b1a	036d4763	blt	x26,x22,80006b48	 x26:0x00000000 x22:0xffffffff
       90845000	      8985	80006b1e	011ad813	srli	x16,x21,0x11	 x21:0x00000000 x16=0x00000000
       90855000	      8986	80006b22	01b18ab3	add	x21,x3,x27	  x3:0x00000000 x27:0x00000000 x21=0x00000000
       90865000	      8987	80006b26	9b12	c.add	x22,x4	 x22:0xffffffff  x4:0x00000000 x22=0xffffffff
       90875000	      8988	80006b28	0001	c.addi	x0,0	  x0:0x00000000  x0=0x00000000
       90905000	      8991	80006b2a	020c08b3	mul	x17,x24,x0	 x24:0x00000000  x0:0x00000000 x17=0x00000000
       90935000	      8994	80006b2e	02088133	mul	x2,x17,x0	 x17:0x00000000  x0:0x00000000  x2=0x00000000
       90945000	      8995	80006b32	64dffa93	andi	x21,x31,1613	 x31:0x80025ce4 x21=0x00000444
       90955000	      8996	80006b36	ef89	c.bnez	x15,80006b50	 x15:0x00000008
       90975000	      8998	80006b50	004df763	bgeu	x27,x4,80006b5e	 x27:0x00000000  x4:0x00000000
       91365000	      9037	80006b5e	037af133	remu	x2,x21,x23	 x21:0x00000444 x23:0x00000001  x2=0x00000000
       91375000	      9038	80006b62	01b387b3	add	x15,x7,x27	  x7:0x00000000 x27:0x00000000 x15=0x00000000
       91385000	      9039	80006b66	0001	c.addi	x0,0	  x0:0x00000000  x0=0x00000000
       91395000	      9040	80006b68	01602d33	slt	x26,x0,x22	  x0:0x00000000 x22:0xffffffff x26=0x00000000
       91405000	      9041	80006b6c	44a5	c.li	x9,9	  x9=0x00000009
       91445000	      9045	80006b6e	03de9e33	mulh	x28,x29,x29	 x29:0x00000000 x29:0x00000000 x28=0x00000000
       91475000	      9048	80006b72	036e88b3	mul	x17,x29,x22	 x29:0x00000000 x22:0xffffffff x17=0x00000000
       91485000	      9049	80006b76	616d	c.addi16sp	x2,240	  x2:0x00000000  x2=0x000000f0
       91495000	      9050	80006b78	869d	c.srai	x13,0x7	 x13:0x00000000 x13=0x00000000
       91505000	      9051	80006b7a	64a9	c.lui	x9,0xa	  x9=0x0000a000
       91515000	      9052	80006b7c	86dd	c.srai	x13,0x17	 x13:0x00000000 x13=0x00000000
       91525000	      9053	80006b7e	039ac563	blt	x21,x25,80006ba8	 x21:0x00000444 x25:0xfced4500
       91535000	      9054	80006b82	0192dd33	srl	x26,x5,x25	  x5:0x00000000 x25:0xfced4500 x26=0x00000000
       91545000	      9055	80006b86	006386b3	add	x13,x7,x6	  x7:0x00000000  x6:0x00000000 x13=0x00000000
       91555000	      9056	80006b8a	8941	c.andi	x10,16	 x10:0x00000000 x10=0x00000000
       91565000	      9057	80006b8c	8c5e8b13	addi	x22,x29,-1851	 x29:0x00000000 x22=0xfffff8c5
       91585000	      9059	80006b90	03accab3	div	x21,x25,x26	 x25:0xfced4500 x26:0x00000000 x21=0xffffffff
       91595000	      9060	80006b94	19fd	c.addi	x19,-1	 x19:0x00000000 x19=0xffffffff
       91615000	      9062	80006b96	03d7dcb3	divu	x25,x15,x29	 x15:0x00000000 x29:0x00000000 x25=0xffffffff
       91625000	      9063	80006b9a	8a8be993	ori	x19,x23,-1880	 x23:0x00000001 x19=0xfffff8a9
       91635000	      9064	80006b9e	0100d013	srli	x0,x1,0x10	  x1:0x00009000  x0=0x00000000
       91645000	      9065	80006ba2	827d	c.srli	x12,0x1f	 x12:0x00000000 x12=0x00000000
       91655000	      9066	80006ba4	0000100f	fence.i	
       91675000	      9068	80006ba8	41335213	srai	x4,x6,0x13	  x6:0x00000000  x4=0x00000000
       91685000	      9069	80006bac	32e7e437	lui	x8,0x32e7e	  x8=0x32e7e000
       91695000	      9070	80006bb0	0001	c.addi	x0,0	  x0:0x00000000  x0=0x00000000
       91705000	      9071	80006bb2	01f761b3	or	x3,x14,x31	 x14:0x631d4001 x31:0x80025ce4  x3=0xe31f5ce5
       91715000	      9072	80006bb6	e315	c.bnez	x14,80006bda	 x14:0x631d4001
       91735000	      9074	80006bda	059c	c.addi4spn	x15,x2,704	 x15=0x000003b0
       91765000	      9077	80006bdc	02b78bb3	mul	x23,x15,x11	 x15:0x000003b0 x11:0x80021e20 x23=0x07cf1600
       91775000	      9078	80006be0	410d83b3	sub	x7,x27,x16	 x27:0x00000000 x16:0x00000000  x7=0x00000000
       91785000	      9079	80006be4	00a0eeb3	or	x29,x1,x10	  x1:0x00009000 x10:0x00000000 x29=0x00009000
       91805000	      9081	80006be8	02cdd7b3	divu	x15,x27,x12	 x27:0x00000000 x12:0x00000000 x15=0xffffffff
       91815000	      9082	80006bec	408c8c33	sub	x24,x25,x8	 x25:0xffffffff  x8:0x32e7e000 x24=0xcd181fff
       91825000	      9083	80006bf0	00257eb3	and	x29,x10,x2	 x10:0x00000000  x2:0x000000f0 x29=0x00000000
       91835000	      9084	80006bf4	6f71	c.lui	x30,0x1c	 x30=0x0001c000
       91845000	      9085	80006bf6	03747a63	bgeu	x8,x23,80006c2a	  x8:0x32e7e000 x23:0x07cf1600
       91905000	      9091	80006c2a	0252b7b3	mulhu	x15,x5,x5	  x5:0x00000000  x5:0x00000000 x15=0x00000000
       91915000	      9092	80006c2e	8d7e	c.mv	x26,x31	  x0:0x00000000 x31:0x80025ce4 x26=0x80025ce4
       91925000	      9093	80006c30	012b6463	bltu	x22,x18,80006c38	 x22:0xfffff8c5 x18:0x00000000
       91935000	      9094	80006c34	d1897a13	andi	x20,x18,-744	 x18:0x00000000 x20=0x00000000
       91945000	      9095	80006c38	8d2d	c.xor	x10,x11	 x10:0x00000000 x11:0x80021e20 x10=0x80021e20
       91955000	      9096	80006c3a	01a7e233	or	x4,x15,x26	 x15:0x00000000 x26:0x80025ce4  x4=0x80025ce4
       91965000	      9097	80006c3e	0174ea63	bltu	x9,x23,80006c52	  x9:0x0000a000 x23:0x07cf1600
       92025000	      9103	80006c52	030534b3	mulhu	x9,x10,x16	 x10:0x80021e20 x16:0x00000000  x9=0x00000000
       92035000	      9104	80006c56	016e	c.slli	x2,0x1b	  x2:0x000000f0  x2=0x80000000
       92045000	      9105	80006c58	00961f13	slli	x30,x12,0x9	 x12:0x00000000 x30=0x00000000
       92055000	      9106	80006c5c	616d	c.addi16sp	x2,240	  x2:0x80000000  x2=0x800000f0
       92065000	      9107	80006c5e	01257033	and	x0,x10,x18	 x10:0x80021e20 x18:0x00000000  x0=0x00000000
       92075000	      9108	80006c62	1208	c.addi4spn	x10,x2,288	 x10=0x80000210
       92085000	      9109	80006c64	0ff0000f	fence	iorw,iorw	
       92095000	      9110	80006c68	01ddc433	xor	x8,x27,x29	 x27:0x00000000 x29:0x00000000  x8=0x00000000
       92105000	      9111	80006c6c	00535293	srli	x5,x6,0x5	  x6:0x00000000  x5=0x00000000
       92115000	      9112	80006c70	8ff9	c.and	x15,x14	 x15:0x00000000 x14:0x631d4001 x15=0x00000000
       92125000	      9113	80006c72	41f9d113	srai	x2,x19,0x1f	 x19:0xfffff8a9  x2=0xffffffff
       92135000	      9114	80006c76	a1f1a413	slti	x8,x3,-1505	  x3:0xe31f5ce5  x8=0x00000001
       92145000	      9115	80006c7a	01e95233	srl	x4,x18,x30	 x18:0x00000000 x30:0x00000000  x4=0x00000000
       92155000	      9116	80006c7e	517d	c.li	x2,-1	  x2=0xffffffff
       92165000	      9117	80006c80	6145	c.addi16sp	x2,48	  x2:0xffffffff  x2=0x0000002f
       92195000	      9120	80006c82	026f82b3	mul	x5,x31,x6	 x31:0x80025ce4  x6:0x00000000  x5=0x00000000
       92225000	      9123	80006c86	020204b3	mul	x9,x4,x0	  x4:0x00000000  x0:0x00000000  x9=0x00000000
       92235000	      9124	80006c8a	bd29e813	ori	x16,x19,-1070	 x19:0xfffff8a9 x16=0xfffffbfb
       92245000	      9125	80006c8e	8ca5	c.xor	x9,x9	  x9:0x00000000  x9:0x00000000  x9=0x00000000
       92255000	      9126	80006c90	0000100f	fence.i	
       92275000	      9128	80006c94	0ff0000f	fence	iorw,iorw	
       92285000	      9129	80006c98	0db2	c.slli	x27,0xc	 x27:0x00000000 x27=0x00000000
       92295000	      9130	80006c9a	0001	c.addi	x0,0	  x0:0x00000000  x0=0x00000000
       92305000	      9131	80006c9c	c15c7b13	andi	x22,x24,-1003	 x24:0xcd181fff x22=0xcd181c15
       92315000	      9132	80006ca0	02036e63	bltu	x6,x0,80006cdc	  x6:0x00000000  x0:0x00000000
       92325000	      9133	80006ca4	016571b3	and	x3,x10,x22	 x10:0x80000210 x22:0xcd181c15  x3=0x80000010
       92335000	      9134	80006ca8	8a91	c.andi	x13,4	 x13:0x00000000 x13=0x00000000
       92375000	      9138	80006caa	02889633	mulh	x12,x17,x8	 x17:0x00000000  x8:0x00000001 x12=0x00000000
       92395000	      9140	80006cae	03d7c4b3	div	x9,x15,x29	 x15:0x00000000 x29:0x00000000  x9=0xffffffff
       92405000	      9141	80006cb2	f6e0ff13	andi	x30,x1,-146	  x1:0x00009000 x30=0x00009000
       92415000	      9142	80006cb6	e119	c.bnez	x10,80006cbc	 x10:0x80000210
       92435000	      9144	80006cbc	41ec8a33	sub	x20,x25,x30	 x25:0xffffffff x30:0x00009000 x20=0xffff6fff
       92455000	      9146	80006cc0	025e58b3	divu	x17,x28,x5	 x28:0x00000000  x5:0x00000000 x17=0xffffffff
       92465000	      9147	80006cc4	41a55393	srai	x7,x10,0x1a	 x10:0x80000210  x7=0xffffffe0
       92475000	      9148	80006cc8	41768633	sub	x12,x13,x23	 x13:0x00000000 x23:0x07cf1600 x12=0xf830ea00
       92485000	      9149	80006ccc	8241	c.srli	x12,0x10	 x12:0xf830ea00 x12=0x0000f830
       92495000	      9150	80006cce	4691	c.li	x13,4	 x13=0x00000004
       92505000	      9151	80006cd0	6c91	c.lui	x25,0x4	 x25=0x00004000
       92515000	      9152	80006cd2	021e0463	beq	x28,x1,80006cfa	 x28:0x00000000  x1:0x00009000
       92525000	      9153	80006cd6	86a5	c.srai	x13,0x9	 x13:0x00000004 x13=0x00000000
       92535000	      9154	80006cd8	01dcd1b3	srl	x3,x25,x29	 x25:0x00004000 x29:0x00000000  x3=0x00004000
       92545000	      9155	80006cdc	02996063	bltu	x18,x9,80006cfc	 x18:0x00000000  x9:0xffffffff
       92565000	      9157	80006cfc	ee11	c.bnez	x12,80006d18	 x12:0x0000f830
       92585000	      9159	80006d18	c899	c.beqz	x9,80006d2e	  x9:0xffffffff
       92595000	      9160	80006d1a	00b25893	srli	x17,x4,0xb	  x4:0x00000000 x17=0x00000000
       92605000	      9161	80006d1e	01c02b33	slt	x22,x0,x28	  x0:0x00000000 x28:0x00000000 x22=0x00000000
       92615000	      9162	80006d22	8592a993	slti	x19,x5,-1959	  x5:0x00000000 x19=0x00000000
       92625000	      9163	80006d26	8e51	c.or	x12,x12	 x12:0x0000f830 x12:0x0000f830 x12=0x0000f830
       92635000	      9164	80006d28	8ef9	c.and	x13,x14	 x13:0x00000000 x14:0x631d4001 x13=0x00000000
       92645000	      9165	80006d2a	89f78413	addi	x8,x15,-1889	 x15:0x00000000  x8=0xfffff89f
       92655000	      9166	80006d2e	1327b213	sltiu	x4,x15,306	 x15:0x00000000  x4=0x00000001
       92665000	      9167	80006d32	13862b13	slti	x22,x12,312	 x12:0x0000f830 x22=0x00000000
       92675000	      9168	80006d36	8c9d	c.sub	x9,x15	  x9:0xffffffff x15:0x00000000  x9=0xffffffff
       92685000	      9169	80006d38	0000100f	fence.i	
       92705000	      9171	80006d3c	00646bb3	or	x23,x8,x6	  x8:0xfffff89f  x6:0x00000000 x23=0xfffff89f
       92715000	      9172	80006d40	03a54863	blt	x10,x26,80006d70	 x10:0x80000210 x26:0x80025ce4
       92765000	      9177	80006d70	02dc9e33	mulh	x28,x25,x13	 x25:0x00004000 x13:0x00000000 x28=0x00000000
       92775000	      9178	80006d74	01df5463	bge	x30,x29,80006d7c	 x30:0x00009000 x29:0x00000000
       92795000	      9180	80006d7c	007d9a93	slli	x21,x27,0x7	 x27:0x00000000 x21=0x00000000
       92805000	      9181	80006d80	00a88c33	add	x24,x17,x10	 x17:0x00000000 x10:0x80000210 x24=0x80000210
       92815000	      9182	80006d84	1404	c.addi4spn	x9,x2,544	  x9=0x0000024f
       92825000	      9183	80006d86	5603f893	andi	x17,x7,1376	  x7:0xffffffe0 x17=0x00000560
       92835000	      9184	80006d8a	8d45	c.or	x10,x9	 x10:0x80000210  x9:0x0000024f x10=0x8000025f
       92845000	      9185	80006d8c	9e247713	andi	x14,x8,-1566	  x8:0xfffff89f x14=0xfffff882
       92855000	      9186	80006d90	717d	c.addi16sp	x2,-16	  x2:0x0000002f  x2=0x0000001f
       92895000	      9190	80006d92	03a2a2b3	mulhsu	x5,x5,x26	  x5:0x00000000 x26:0x80025ce4  x5=0x00000000
       92935000	      9194	80006d96	025f31b3	mulhu	x3,x30,x5	 x30:0x00009000  x5:0x00000000  x3=0x00000000
       92945000	      9195	80006d9a	5d7d	c.li	x26,-1	 x26=0xffffffff
       92955000	      9196	80006d9c	00a2eab3	or	x21,x5,x10	  x5:0x00000000 x10:0x8000025f x21=0x8000025f
       92965000	      9197	80006da0	0000100f	fence.i	
       93015000	      9202	80006da4	030ca4b3	mulhsu	x9,x25,x16	 x25:0x00004000 x16:0xfffffbfb  x9=0x00003fff
       93025000	      9203	80006da8	f53b4b13	xori	x22,x22,-173	 x22:0x00000000 x22=0xffffff53
       93035000	      9204	80006dac	006949b3	xor	x19,x18,x6	 x18:0x00000000  x6:0x00000000 x19=0x00000000
       93405000	      9241	80006db0	039969b3	rem	x19,x18,x25	 x18:0x00000000 x25:0x00004000 x19=0x00000000
       93415000	      9242	80006db4	1dfd	c.addi	x27,-1	 x27:0x00000000 x27=0xffffffff
       93425000	      9243	80006db6	01c46d33	or	x26,x8,x28	  x8:0xfffff89f x28:0x00000000 x26=0xfffff89f
       93435000	      9244	80006dba	88b3e993	ori	x19,x7,-1909	  x7:0xffffffe0 x19=0xffffffeb
       93445000	      9245	80006dbe	4a243713	sltiu	x14,x8,1186	  x8:0xfffff89f x14=0x00000000
       93455000	      9246	80006dc2	e095	c.bnez	x9,80006de6	  x9:0x00003fff
       93485000	      9249	80006de6	01be2433	slt	x8,x28,x27	 x28:0x00000000 x27:0xffffffff  x8=0x00000000
       93495000	      9250	80006dea	0ff0000f	fence	iorw,iorw	
       93505000	      9251	80006dee	8e11	c.sub	x12,x12	 x12:0x0000f830 x12:0x0000f830 x12=0x00000000
       93515000	      9252	80006df0	00182b33	slt	x22,x16,x1	 x16:0xfffffbfb  x1:0x00009000 x22=0x00000001
       93525000	      9253	80006df4	005a18b3	sll	x17,x20,x5	 x20:0xffff6fff  x5:0x00000000 x17=0xffff6fff
       93535000	      9254	80006df8	f9eca117	auipc	x2,0xf9eca	  x2=0x79ed0df8
       93545000	      9255	80006dfc	011c5633	srl	x12,x24,x17	 x24:0x80000210 x17:0xffff6fff x12=0x00000001
       93555000	      9256	80006e00	1d14	c.addi4spn	x13,x2,688	 x13=0x79ed10a8
       93565000	      9257	80006e02	01dcb933	sltu	x18,x25,x29	 x25:0x00004000 x29:0x00000000 x18=0x00000000
       93575000	      9258	80006e06	012dca33	xor	x20,x27,x18	 x27:0xffffffff x18:0x00000000 x20=0xffffffff
       93585000	      9259	80006e0a	86a2	c.mv	x13,x8	  x0:0x00000000  x8:0x00000000 x13=0x00000000
       93595000	      9260	80006e0c	88cd	c.andi	x9,19	  x9:0x00003fff  x9=0x00000013
       93605000	      9261	80006e0e	c5dc6a13	ori	x20,x24,-931	 x24:0x80000210 x20=0xfffffe5d
       93615000	      9262	80006e12	8cf9	c.and	x9,x14	  x9:0x00000013 x14:0x00000000  x9=0x00000000
       93625000	      9263	80006e14	009d89b3	add	x19,x27,x9	 x27:0xffffffff  x9:0x00000000 x19=0xffffffff
       93995000	      9300	80006e18	033c7033	remu	x0,x24,x19	 x24:0x80000210 x19:0xffffffff  x0=0x00000000
       94005000	      9301	80006e1c	8e95	c.sub	x13,x13	 x13:0x00000000 x13:0x00000000 x13=0x00000000
       94015000	      9302	80006e1e	014c1eb3	sll	x29,x24,x20	 x24:0x80000210 x20:0xfffffe5d x29=0x00000000
       94025000	      9303	80006e22	003a63b3	or	x7,x20,x3	 x20:0xfffffe5d  x3:0x00000000  x7=0xfffffe5d
       94035000	      9304	80006e26	8d7d	c.and	x10,x15	 x10:0x8000025f x15:0x00000000 x10=0x00000000
       94045000	      9305	80006e28	0004e633	or	x12,x9,x0	  x9:0x00000000  x0:0x00000000 x12=0x00000000
       94055000	      9306	80006e2c	0b24fa93	andi	x21,x9,178	  x9:0x00000000 x21=0x00000000
       94065000	      9307	80006e30	4015dc13	srai	x24,x11,0x1	 x11:0x80021e20 x24=0xc0010f10
       94075000	      9308	80006e34	03cd8863	beq	x27,x28,80006e64	 x27:0xffffffff x28:0x00000000
       94085000	      9309	80006e38	01e59d33	sll	x26,x11,x30	 x11:0x80021e20 x30:0x00009000 x26=0x80021e20
       94125000	      9313	80006e3c	03eb2c33	mulhsu	x24,x22,x30	 x22:0x00000001 x30:0x00009000 x24=0x00000000
       94135000	      9314	80006e40	016f24b3	slt	x9,x30,x22	 x30:0x00009000 x22:0x00000001  x9=0x00000000
       94145000	      9315	80006e44	0078c7b3	xor	x15,x17,x7	 x17:0xffff6fff  x7:0xfffffe5d x15=0x000091a2
       94155000	      9316	80006e48	04056ab7	lui	x21,0x4056	 x21=0x04056000
       94165000	      9317	80006e4c	0e90	c.addi4spn	x12,x2,848	 x12=0x79ed1148
       94175000	      9318	80006e4e	0001	c.addi	x0,0	  x0:0x00000000  x0=0x00000000
       94185000	      9319	80006e50	026fd963	bge	x31,x6,80006e82	 x31:0x80025ce4  x6:0x00000000
       94195000	      9320	80006e54	01a42e33	slt	x28,x8,x26	  x8:0x00000000 x26:0x80021e20 x28=0x00000000
       94205000	      9321	80006e58	01a74233	xor	x4,x14,x26	 x14:0x00000000 x26:0x80021e20  x4=0x80021e20
       94215000	      9322	80006e5c	01ac9e33	sll	x28,x25,x26	 x25:0x00004000 x26:0x80021e20 x28=0x00004000
       94225000	      9323	80006e60	03fb9563	bne	x23,x31,80006e8a	 x23:0xfffff89f x31:0x80025ce4
       94245000	      9325	80006e8a	8971	c.andi	x10,28	 x10:0x00000000 x10=0x00000000
       94255000	      9326	80006e8c	0160a2b3	slt	x5,x1,x22	  x1:0x00009000 x22:0x00000001  x5=0x00000000
       94265000	      9327	80006e90	6e2d9617	auipc	x12,0x6e2d9	 x12=0xee2dfe90
       94275000	      9328	80006e94	006b00b3	add	x1,x22,x6	 x22:0x00000001  x6:0x00000000  x1=0x00000001
       94315000	      9332	80006e98	034db4b3	mulhu	x9,x27,x20	 x27:0xffffffff x20:0xfffffe5d  x9=0xfffffe5c
       94325000	      9333	80006e9c	41be8433	sub	x8,x29,x27	 x29:0x00000000 x27:0xffffffff  x8=0x00000001
       94335000	      9334	80006ea0	29eae293	ori	x5,x21,670	 x21:0x04056000  x5=0x0405629e
       94345000	      9335	80006ea4	4606f093	andi	x1,x13,1120	 x13:0x00000000  x1=0x00000000
       94355000	      9336	80006ea8	141d4213	xori	x4,x26,321	 x26:0x80021e20  x4=0x80021f61
       94365000	      9337	80006eac	018d9d33	sll	x26,x27,x24	 x27:0xffffffff x24:0x00000000 x26=0xffffffff
       94405000	      9341	80006eb0	02c81833	mulh	x16,x16,x12	 x16:0xfffffbfb x12:0xee2dfe90 x16=0x00000047
       94415000	      9342	80006eb4	882d	c.andi	x8,11	  x8:0x00000001  x8=0x00000001
       94425000	      9343	80006eb6	00c70963	beq	x14,x12,80006ec8	 x14:0x00000000 x12:0xee2dfe90
       94435000	      9344	80006eba	9776	c.add	x14,x29	 x14:0x00000000 x29:0x00000000 x14=0x00000000
       94445000	      9345	80006ebc	0121ad33	slt	x26,x3,x18	  x3:0x00000000 x18:0x00000000 x26=0x00000000
       94455000	      9346	80006ec0	03f45563	bge	x8,x31,80006eea	  x8:0x00000001 x31:0x80025ce4
       94485000	      9349	80006eea	0361e463	bltu	x3,x22,80006f12	  x3:0x00000000 x22:0x00000001
       94515000	      9352	80006f12	013298b3	sll	x17,x5,x19	  x5:0x0405629e x19:0xffffffff x17=0x00000000
       94525000	      9353	80006f16	2fd3a893	slti	x17,x7,765	  x7:0xfffffe5d x17=0x00000001
       94535000	      9354	80006f1a	028d8a63	beq	x27,x8,80006f4e	 x27:0xffffffff  x8:0x00000001
       94545000	      9355	80006f1e	8619	c.srai	x12,0x6	 x12:0xee2dfe90 x12=0xffb8b7fa
       94555000	      9356	80006f20	0001	c.addi	x0,0	  x0:0x00000000  x0=0x00000000
       94595000	      9360	80006f22	036136b3	mulhu	x13,x2,x22	  x2:0x79ed0df8 x22:0x00000001 x13=0x00000000
       94605000	      9361	80006f26	41a65d93	srai	x27,x12,0x1a	 x12:0xffb8b7fa x27=0xffffffff
       94615000	      9362	80006f2a	40e387b3	sub	x15,x7,x14	  x7:0xfffffe5d x14:0x00000000 x15=0xfffffe5d
       94625000	      9363	80006f2e	c3377c93	andi	x25,x14,-973	 x14:0x00000000 x25=0x00000000
       94635000	      9364	80006f32	0000100f	fence.i	
       94655000	      9366	80006f36	e80d	c.bnez	x8,80006f68	  x8:0x00000001
       94675000	      9368	80006f68	02135e63	bge	x6,x1,80006fa4	  x6:0x00000000  x1:0x00000000
       94695000	      9370	80006fa4	00119393	slli	x7,x3,0x1	  x3:0x00000000  x7=0x00000000
       94705000	      9371	80006fa8	408ddeb3	sra	x29,x27,x8	 x27:0xffffffff  x8:0x00000001 x29=0xffffffff
       94715000	      9372	80006fac	03740463	beq	x8,x23,80006fd4	  x8:0x00000001 x23:0xfffff89f
       94725000	      9373	80006fb0	717d	c.addi16sp	x2,-16	  x2:0x79ed0df8  x2=0x79ed0de8
       94735000	      9374	80006fb2	4092d793	srai	x15,x5,0x9	  x5:0x0405629e x15=0x000202b1
       94765000	      9377	80006fb6	03ce8433	mul	x8,x29,x28	 x29:0xffffffff x28:0x00004000  x8=0xffffc000
       94775000	      9378	80006fba	0ff0000f	fence	iorw,iorw	
       94785000	      9379	80006fbe	0001	c.addi	x0,0	  x0:0x00000000  x0=0x00000000
       94795000	      9380	80006fc0	e299	c.bnez	x13,80006fc6	 x13:0x00000000
       94805000	      9381	80006fc2	00438eb3	add	x29,x7,x4	  x7:0x00000000  x4:0x80021f61 x29=0x80021f61
       94815000	      9382	80006fc6	01e0db13	srli	x22,x1,0x1e	  x1:0x00000000 x22=0x00000000
       94825000	      9383	80006fca	00631113	slli	x2,x6,0x6	  x6:0x00000000  x2=0x00000000
       94835000	      9384	80006fce	8b35	c.andi	x14,13	 x14:0x00000000 x14=0x00000000
       94845000	      9385	80006fd0	02f14163	blt	x2,x15,80006ff2	  x2:0x00000000 x15:0x000202b1
       94865000	      9387	80006ff2	846d	c.srai	x8,0x1b	  x8:0xffffc000  x8=0xffffffff
       94875000	      9388	80006ff4	50fd	c.li	x1,-1	  x1=0xffffffff
       94885000	      9389	80006ff6	0ff0000f	fence	iorw,iorw	
       94895000	      9390	80006ffa	02349363	bne	x9,x3,80007020	  x9:0xfffffe5c  x3:0x00000000
       94925000	      9393	80007020	020076b3	remu	x13,x0,x0	  x0:0x00000000  x0:0x00000000 x13=0x00000000
       94935000	      9394	80007024	97fe	c.add	x15,x31	 x15:0x000202b1 x31:0x80025ce4 x15=0x80045f95
       94945000	      9395	80007026	02d2c963	blt	x5,x13,80007058	  x5:0x0405629e x13:0x00000000
       94955000	      9396	8000702a	401e5e93	srai	x29,x28,0x1	 x28:0x00004000 x29=0x00002000
       94965000	      9397	8000702e	8cd1	c.or	x9,x12	  x9:0xfffffe5c x12:0xffb8b7fa  x9=0xfffffffe
       94975000	      9398	80007030	01cac263	blt	x21,x28,80007034	 x21:0x04056000 x28:0x00004000
       94985000	      9399	80007034	36b72693	slti	x13,x14,875	 x14:0x00000000 x13=0x00000001
       94995000	      9400	80007038	0061a633	slt	x12,x3,x6	  x3:0x00000000  x6:0x00000000 x12=0x00000000
       95005000	      9401	8000703c	0150e633	or	x12,x1,x21	  x1:0xffffffff x21:0x04056000 x12=0xffffffff
       95015000	      9402	80007040	01c66e63	bltu	x12,x28,8000705c	 x12:0xffffffff x28:0x00004000
       95025000	      9403	80007044	dec0cf13	xori	x30,x1,-532	  x1:0xffffffff x30=0x00000213
       95035000	      9404	80007048	ef85	c.bnez	x15,80007080	 x15:0x80045f95
       95055000	      9406	80007080	030f7e63	bgeu	x30,x16,800070bc	 x30:0x00000213 x16:0x00000047
       95075000	      9408	800070bc	e09d	c.bnez	x9,800070e2	  x9:0xfffffffe
       95095000	      9410	800070e2	8fe9	c.and	x15,x10	 x15:0x80045f95 x10:0x00000000 x15=0x00000000
       95105000	      9411	800070e4	02717393	andi	x7,x2,39	  x2:0x00000000  x7=0x00000000
       95115000	      9412	800070e8	00ded9b3	srl	x19,x29,x13	 x29:0x00002000 x13:0x00000001 x19=0x00001000
       95125000	      9413	800070ec	284ca097	auipc	x1,0x284ca	  x1=0xa84d10ec
       95135000	      9414	800070f0	94e2	c.add	x9,x24	  x9:0xfffffffe x24:0x00000000  x9=0xfffffffe
       95145000	      9415	800070f2	a83d8793	addi	x15,x27,-1405	 x27:0xffffffff x15=0xfffffa82
       95155000	      9416	800070f6	0c71a413	slti	x8,x3,199	  x3:0x00000000  x8=0x00000001
       95165000	      9417	800070fa	a0da6b97	auipc	x23,0xa0da6	 x23=0x20dad0fa
       95175000	      9418	800070fe	04ae	c.slli	x9,0xb	  x9:0xfffffffe  x9=0xfffff000
       95185000	      9419	80007100	0171fcb3	and	x25,x3,x23	  x3:0x00000000 x23:0x20dad0fa x25=0x00000000
       95195000	      9420	80007104	005f36b3	sltu	x13,x30,x5	 x30:0x00000213  x5:0x0405629e x13=0x00000001
       95205000	      9421	80007108	40635e93	srai	x29,x6,0x6	  x6:0x00000000 x29=0x00000000
       95575000	      9458	8000710c	02954d33	div	x26,x10,x9	 x10:0x00000000  x9:0xfffff000 x26=0x00000000
       95585000	      9459	80007110	014bf963	bgeu	x23,x20,80007122	 x23:0x20dad0fa x20:0xfffffe5d
       95595000	      9460	80007114	0001	c.addi	x0,0	  x0:0x00000000  x0=0x00000000
       95605000	      9461	80007116	7424a697	auipc	x13,0x7424a	 x13=0xf4251116
       95615000	      9462	8000711a	00af6863	bltu	x30,x10,8000712a	 x30:0x00000213 x10:0x00000000
       95625000	      9463	8000711e	0379d563	bge	x19,x23,80007148	 x19:0x00001000 x23:0x20dad0fa
       95995000	      9500	80007122	02145433	divu	x8,x8,x1	  x8:0x00000001  x1:0xa84d10ec  x8=0x00000000
       96005000	      9501	80007126	03598a63	beq	x19,x21,8000715a	 x19:0x00001000 x21:0x04056000
       96015000	      9502	8000712a	4211	c.li	x4,4	  x4=0x00000004
       96025000	      9503	8000712c	007f5033	srl	x0,x30,x7	 x30:0x00000213  x7:0x00000000  x0=0x00000000
       96035000	      9504	80007130	717d	c.addi16sp	x2,-16	  x2:0x00000000  x2=0xfffffff0
       96055000	      9506	80007132	0399fe33	remu	x28,x19,x25	 x19:0x00001000 x25:0x00000000 x28=0x00001000
       96065000	      9507	80007136	02ca9663	bne	x21,x12,80007162	 x21:0x04056000 x12:0xffffffff
       96085000	      9509	80007162	87ed	c.srai	x15,0x1b	 x15:0xfffffa82 x15=0xffffffff
       96095000	      9510	80007164	e009	c.bnez	x8,80007166	  x8:0x00000000
       96105000	      9511	80007166	4469	c.li	x8,26	  x8=0x0000001a
       96115000	      9512	80007168	636b2013	slti	x0,x22,1590	 x22:0x00000000  x0=0x00000000
       96485000	      9549	8000716c	025e5b33	divu	x22,x28,x5	 x28:0x00001000  x5:0x0405629e x22=0x00000000
       96495000	      9550	80007170	0001	c.addi	x0,0	  x0:0x00000000  x0=0x00000000
       96505000	      9551	80007172	9697ac13	slti	x24,x15,-1687	 x15:0xffffffff x24=0x00000000
       96525000	      9553	80007176	020a4233	div	x4,x20,x0	 x20:0xfffffe5d  x0:0x00000000  x4=0xffffffff
       96535000	      9554	8000717a	02ec1363	bne	x24,x14,800071a0	 x24:0x00000000 x14:0x00000000
       96545000	      9555	8000717e	83b1	c.srli	x15,0xc	 x15:0xffffffff x15=0x000fffff
       96555000	      9556	80007180	0193e7b3	or	x15,x7,x25	  x7:0x00000000 x25:0x00000000 x15=0x00000000
       96565000	      9557	80007184	81be	c.mv	x3,x15	  x0:0x00000000 x15:0x00000000  x3=0x00000000
       96575000	      9558	80007186	8fa1	c.xor	x15,x8	 x15:0x00000000  x8:0x0000001a x15=0x0000001a
       96585000	      9559	80007188	00e5d963	bge	x11,x14,8000719a	 x11:0x80021e20 x14:0x00000000
       96625000	      9563	8000718c	03713d33	mulhu	x26,x2,x23	  x2:0xfffffff0 x23:0x20dad0fa x26=0x20dad0f7
       96655000	      9566	80007190	031b08b3	mul	x17,x22,x17	 x22:0x00000000 x17:0x00000001 x17=0x00000000
       96665000	      9567	80007194	8c61	c.and	x8,x8	  x8:0x0000001a  x8:0x0000001a  x8=0x0000001a
       96675000	      9568	80007196	01226c33	or	x24,x4,x18	  x4:0xffffffff x18:0x00000000 x24=0xffffffff
       96685000	      9569	8000719a	c889	c.beqz	x9,800071ac	  x9:0xfffff000
       96725000	      9573	8000719c	02d937b3	mulhu	x15,x18,x13	 x18:0x00000000 x13:0xf4251116 x15=0x00000000
       96735000	      9574	800071a0	36107693	andi	x13,x0,865	  x0:0x00000000 x13=0x00000000
       96745000	      9575	800071a4	019211b3	sll	x3,x4,x25	  x4:0xffffffff x25:0x00000000  x3=0xffffffff
       96755000	      9576	800071a8	40cc53b3	sra	x7,x24,x12	 x24:0xffffffff x12:0xffffffff  x7=0xffffffff
       97125000	      9613	800071ac	038a72b3	remu	x5,x20,x24	 x20:0xfffffe5d x24:0xffffffff  x5=0xfffffe5d
       97495000	      9650	800071b0	03f97eb3	remu	x29,x18,x31	 x18:0x00000000 x31:0x80025ce4 x29=0x00000000
       97505000	      9651	800071b4	8e39	c.xor	x12,x14	 x12:0xffffffff x14:0x00000000 x12=0xffffffff
       97515000	      9652	800071b6	127d	c.addi	x4,-1	  x4:0xffffffff  x4=0xfffffffe
       97525000	      9653	800071b8	000ab2b3	sltu	x5,x21,x0	 x21:0x04056000  x0:0x00000000  x5=0x00000000
       97535000	      9654	800071bc	84c9	c.srai	x9,0x12	  x9:0xfffff000  x9=0xffffffff
       97545000	      9655	800071be	407c81b3	sub	x3,x25,x7	 x25:0x00000000  x7:0xffffffff  x3=0x00000001
       97555000	      9656	800071c2	00f6ec63	bltu	x13,x15,800071da	 x13:0x00000000 x15:0x00000000
       97565000	      9657	800071c6	a2a84713	xori	x14,x16,-1494	 x16:0x00000047 x14=0xfffffa6d
       97575000	      9658	800071ca	9bfd	c.andi	x15,-1	 x15:0x00000000 x15=0x00000000
       97585000	      9659	800071cc	cf91	c.beqz	x15,800071e8	 x15:0x00000000
       97605000	      9661	800071e8	c419	c.beqz	x8,800071f6	  x8:0x0000001a
       97615000	      9662	800071ea	0000100f	fence.i	
       97645000	      9665	800071ee	52c74e37	lui	x28,0x52c74	 x28=0x52c74000
       97655000	      9666	800071f2	0341fa63	bgeu	x3,x20,80007226	  x3:0x00000001 x20:0xfffffe5d
       97665000	      9667	800071f6	a1956093	ori	x1,x10,-1511	 x10:0x00000000  x1=0xfffffa19
       97675000	      9668	800071fa	0506c263	blt	x13,x16,8000723e	 x13:0x00000000 x16:0x00000047
       98065000	      9707	8000723e	035e4933	div	x18,x28,x21	 x28:0x52c74000 x21:0x04056000 x18=0x00000014
       98075000	      9708	80007242	8979	c.andi	x10,30	 x10:0x00000000 x10=0x00000000
       98085000	      9709	80007244	02dad963	bge	x21,x13,80007276	 x21:0x04056000 x13:0x00000000
       98475000	      9748	80007276	02426033	rem	x0,x4,x4	  x4:0xfffffffe  x4:0xfffffffe  x0=0x00000000
       98485000	      9749	8000727a	0000100f	fence.i	
       98515000	      9752	8000727e	41f05813	srai	x16,x0,0x1f	  x0:0x00000000 x16=0x00000000
       98545000	      9755	80007282	034789b3	mul	x19,x15,x20	 x15:0x00000000 x20:0xfffffe5d x19=0x00000000
       98585000	      9759	80007286	0219b9b3	mulhu	x19,x19,x1	 x19:0x00000000  x1:0xfffffa19 x19=0x00000000
       98595000	      9760	8000728a	8369	c.srli	x14,0x1a	 x14:0xfffffa6d x14=0x0000003f
       98605000	      9761	8000728c	f7b0ee93	ori	x29,x1,-133	  x1:0xfffffa19 x29=0xffffff7b
       98615000	      9762	80007290	8109	c.srli	x10,0x2	 x10:0x00000000 x10=0x00000000
       98625000	      9763	80007292	019b9613	slli	x12,x23,0x19	 x23:0x20dad0fa x12=0xf4000000
       98635000	      9764	80007296	021b5263	bge	x22,x1,800072ba	 x22:0x00000000  x1:0xfffffa19
       98665000	      9767	800072ba	0008f363	bgeu	x17,x0,800072c0	 x17:0x00000000  x0:0x00000000
       98685000	      9769	800072c0	abc20197	auipc	x3,0xabc20	  x3=0x2bc272c0
       98695000	      9770	800072c4	42d1	c.li	x5,20	  x5=0x00000014
       98705000	      9771	800072c6	c41d	c.beqz	x8,800072f4	  x8:0x0000001a
       98715000	      9772	800072c8	820d	c.srli	x12,0x3	 x12:0xf4000000 x12=0x1e800000
       98745000	      9775	800072ca	022b8533	mul	x10,x23,x2	 x23:0x20dad0fa  x2:0xfffffff0 x10=0xf252f060
       98755000	      9776	800072ce	ee91	c.bnez	x13,800072ea	 x13:0x00000000
       98765000	      9777	800072d0	00c46c33	or	x24,x8,x12	  x8:0x0000001a x12:0x1e800000 x24=0x1e80001a
       98775000	      9778	800072d4	0d08	c.addi4spn	x10,x2,656	 x10=0x00000280
       98785000	      9779	800072d6	0196ce63	blt	x13,x25,800072f2	 x13:0x00000000 x25:0x00000000
       98795000	      9780	800072da	03b16763	bltu	x2,x27,80007308	  x2:0xfffffff0 x27:0xffffffff
       99175000	      9818	80007308	03b3c8b3	div	x17,x7,x27	  x7:0xffffffff x27:0xffffffff x17=0x00000001
       99205000	      9821	8000730c	035a0cb3	mul	x25,x20,x21	 x20:0xfffffe5d x21:0x04056000 x25=0x6b33e000
       99215000	      9822	80007310	416f06b3	sub	x13,x30,x22	 x30:0x00000213 x22:0x00000000 x13=0x00000213
       99225000	      9823	80007314	002b7763	bgeu	x22,x2,80007322	 x22:0x00000000  x2:0xfffffff0
       99235000	      9824	80007318	938a	c.add	x7,x2	  x7:0xffffffff  x2:0xfffffff0  x7=0xffffffef
       99265000	      9827	8000731a	032c0c33	mul	x24,x24,x18	 x24:0x1e80001a x18:0x00000014 x24=0x62000208
       99275000	      9828	8000731e	0000100f	fence.i	
       99305000	      9831	80007322	03f1d163	bge	x3,x31,80007344	  x3:0x2bc272c0 x31:0x80025ce4
       99325000	      9833	80007344	418803b3	sub	x7,x16,x24	 x16:0x00000000 x24:0x62000208  x7=0x9dfffdf8
       99335000	      9834	80007348	04e67163	bgeu	x12,x14,8000738a	 x12:0x1e800000 x14:0x0000003f
       99355000	      9836	8000738a	e311	c.bnez	x14,8000738e	 x14:0x0000003f
       99745000	      9875	8000738e	035769b3	rem	x19,x14,x21	 x14:0x0000003f x21:0x04056000 x19=0x0000003f
       99755000	      9876	80007392	023a8563	beq	x21,x3,800073bc	 x21:0x04056000  x3:0x2bc272c0
       99765000	      9877	80007396	015afab3	and	x21,x21,x21	 x21:0x04056000 x21:0x04056000 x21=0x04056000
      100135000	      9914	8000739a	023ceeb3	rem	x29,x25,x3	 x25:0x6b33e000  x3:0x2bc272c0 x29=0x13aefa80
      100505000	      9951	8000739e	032be0b3	rem	x1,x23,x18	 x23:0x20dad0fa x18:0x00000014  x1=0x00000012
      100515000	      9952	800073a2	01d4d6b3	srl	x13,x9,x29	  x9:0xffffffff x29:0x13aefa80 x13=0xffffffff
      100525000	      9953	800073a6	8b8ecd13	xori	x26,x29,-1864	 x29:0x13aefa80 x26=0xec510238
      100535000	      9954	800073aa	004c1763	bne	x24,x4,800073b8	 x24:0x62000208  x4:0xfffffffe
      100555000	      9956	800073b8	867d	c.srai	x12,0x1f	 x12:0x1e800000 x12=0x00000000
      100565000	      9957	800073ba	0001	c.addi	x0,0	  x0:0x00000000  x0=0x00000000
      100575000	      9958	800073bc	00405133	srl	x2,x0,x4	  x0:0x00000000  x4:0xfffffffe  x2=0x00000000
      100585000	      9959	800073c0	00ee47b3	xor	x15,x28,x14	 x28:0x52c74000 x14:0x0000003f x15=0x52c7403f
      100595000	      9960	800073c4	02915b63	bge	x2,x9,800073fa	  x2:0x00000000  x9:0xffffffff
      100625000	      9963	800073fa	ecf8c8b7	lui	x17,0xecf8c	 x17=0xecf8c000
      100635000	      9964	800073fe	0ff0000f	fence	iorw,iorw	
      100645000	      9965	80007402	15478a37	lui	x20,0x15478	 x20=0x15478000
      100655000	      9966	80007406	0001	c.addi	x0,0	  x0:0x00000000  x0=0x00000000
      100665000	      9967	80007408	4bf30c93	addi	x25,x6,1215	  x6:0x00000000 x25=0x000004bf
      100675000	      9968	8000740c	6ad9	c.lui	x21,0x16	 x21=0x00016000
      100715000	      9972	8000740e	035faeb3	mulhsu	x29,x31,x21	 x31:0x80025ce4 x21:0x00016000 x29=0xffff5003
      100755000	      9976	80007412	03b89cb3	mulh	x25,x17,x27	 x17:0xecf8c000 x27:0xffffffff x25=0x00000000
      100795000	      9980	80007416	02b5abb3	mulhsu	x23,x11,x11	 x11:0x80021e20 x11:0x80021e20 x23=0xc0000004
      100805000	      9981	8000741a	8f31	c.xor	x14,x12	 x14:0x0000003f x12:0x00000000 x14=0x0000003f
      100815000	      9982	8000741c	9c42	c.add	x24,x16	 x24:0x62000208 x16:0x00000000 x24=0x62000208
      100825000	      9983	8000741e	8c15	c.sub	x8,x13	  x8:0x0000001a x13:0xffffffff  x8=0x0000001b
      100835000	      9984	80007420	01a08a33	add	x20,x1,x26	  x1:0x00000012 x26:0xec510238 x20=0xec51024a
      100865000	      9987	80007424	03620db3	mul	x27,x4,x22	  x4:0xfffffffe x22:0x00000000 x27=0x00000000
      100875000	      9988	80007428	40aa5033	sra	x0,x20,x10	 x20:0xec51024a x10:0x00000280  x0=0x00000000
      100885000	      9989	8000742c	8136	c.mv	x2,x13	  x0:0x00000000 x13:0xffffffff  x2=0xffffffff
      100895000	      9990	8000742e	0ff0000f	fence	iorw,iorw	
      100935000	      9994	80007432	02b239b3	mulhu	x19,x4,x11	  x4:0xfffffffe x11:0x80021e20 x19=0x80021e1e
      100945000	      9995	80007436	01bb9033	sll	x0,x23,x27	 x23:0xc0000004 x27:0x00000000  x0=0x00000000
      100955000	      9996	8000743a	00573833	sltu	x16,x14,x5	 x14:0x0000003f  x5:0x00000014 x16=0x00000000
      100965000	      9997	8000743e	016f5813	srli	x16,x30,0x16	 x30:0x00000213 x16=0x00000000
      100975000	      9998	80007442	0098ebb3	or	x23,x17,x9	 x17:0xecf8c000  x9:0xffffffff x23=0xffffffff
      100985000	      9999	80007446	8fcd	c.or	x15,x11	 x15:0x52c7403f x11:0x80021e20 x15=0xd2c75e3f
      100995000	     10000	80007448	69254513	xori	x10,x10,1682	 x10:0x00000280 x10=0x00000412
      101005000	     10001	8000744c	6c3d	c.lui	x24,0xf	 x24=0x0000f000
      101015000	     10002	8000744e	3d3dc393	xori	x7,x27,979	 x27:0x00000000  x7=0x000003d3
      101025000	     10003	80007452	0ff0000f	fence	iorw,iorw	
      101035000	     10004	80007456	8f1d	c.sub	x14,x15	 x14:0x0000003f x15:0xd2c75e3f x14=0x2d38a200
      101045000	     10005	80007458	415254b3	sra	x9,x4,x21	  x4:0xfffffffe x21:0x00016000  x9=0xfffffffe
      101055000	     10006	8000745c	ce19	c.beqz	x12,8000747a	 x12:0x00000000
      101075000	     10008	8000747a	8171	c.srli	x10,0x1c	 x10:0x00000412 x10=0x00000000
      101085000	     10009	8000747c	8c2d	c.xor	x8,x11	  x8:0x0000001b x11:0x80021e20  x8=0x80021e3b
      101125000	     10013	8000747e	02b11b33	mulh	x22,x2,x11	  x2:0xffffffff x11:0x80021e20 x22=0x00000000
      101135000	     10014	80007482	005ffbb3	and	x23,x31,x5	 x31:0x80025ce4  x5:0x00000014 x23=0x00000004
      101145000	     10015	80007486	8ae1	c.andi	x13,24	 x13:0xffffffff x13=0x00000018
      101515000	     10052	80007488	03e5f433	remu	x8,x11,x30	 x11:0x80021e20 x30:0x00000213  x8=0x0000016e
      101525000	     10053	8000748c	4e0b4693	xori	x13,x22,1248	 x22:0x00000000 x13=0x000004e0
      101535000	     10054	80007490	0118bbb3	sltu	x23,x17,x17	 x17:0xecf8c000 x17:0xecf8c000 x23=0x00000000
      101545000	     10055	80007494	c61c1e97	auipc	x29,0xc61c1	 x29=0x461c8494
      101555000	     10056	80007498	00314db3	xor	x27,x2,x3	  x2:0xffffffff  x3:0x2bc272c0 x27=0xd43d8d3f
      101565000	     10057	8000749c	405a5f33	sra	x30,x20,x5	 x20:0xec51024a  x5:0x00000014 x30=0xfffffec5
      101575000	     10058	800074a0	03dc9b63	bne	x25,x29,800074d6	 x25:0x00000000 x29:0x461c8494
      101605000	     10061	800074d6	402f8433	sub	x8,x31,x2	 x31:0x80025ce4  x2:0xffffffff  x8=0x80025ce5
      101615000	     10062	800074da	033dee63	bltu	x27,x19,80007516	 x27:0xd43d8d3f x19:0x80021e1e
      101625000	     10063	800074de	0000100f	fence.i	
      101655000	     10066	800074e2	006de133	or	x2,x27,x6	 x27:0xd43d8d3f  x6:0x00000000  x2=0xd43d8d3f
      101665000	     10067	800074e6	40b152b3	sra	x5,x2,x11	  x2:0xd43d8d3f x11:0x80021e20  x5=0xd43d8d3f
      101675000	     10068	800074ea	4aa5	c.li	x21,9	 x21=0x00000009
      101685000	     10069	800074ec	01c404b3	add	x9,x8,x28	  x8:0x80025ce5 x28:0x52c74000  x9=0xd2c99ce5
      101695000	     10070	800074f0	01a0e863	bltu	x1,x26,80007500	  x1:0x00000012 x26:0xec510238
      101715000	     10072	80007500	00624e33	xor	x28,x4,x6	  x4:0xfffffffe  x6:0x00000000 x28=0xfffffffe
      102085000	     10109	80007504	03a463b3	rem	x7,x8,x26	  x8:0x80025ce5 x26:0xec510238  x7=0xf61c4f95
      102095000	     10110	80007508	cc01	c.beqz	x8,80007520	  x8:0x80025ce5
      102105000	     10111	8000750a	bf100913	addi	x18,x0,-1039	  x0:0x00000000 x18=0xfffffbf1
      102115000	     10112	8000750e	8c79	c.and	x8,x14	  x8:0x80025ce5 x14:0x2d38a200  x8=0x00000000
      102485000	     10149	80007510	03fce833	rem	x16,x25,x31	 x25:0x00000000 x31:0x80025ce4 x16=0x00000000
      102495000	     10150	80007514	58fd	c.li	x17,-1	 x17=0xffffffff
      102505000	     10151	80007516	499d	c.li	x19,7	 x19=0x00000007
      102515000	     10152	80007518	00726433	or	x8,x4,x7	  x4:0xfffffffe  x7:0xf61c4f95  x8=0xffffffff
      102525000	     10153	8000751c	419d8a33	sub	x20,x27,x25	 x27:0xd43d8d3f x25:0x00000000 x20=0xd43d8d3f
      102535000	     10154	80007520	92ae	c.add	x5,x11	  x5:0xd43d8d3f x11:0x80021e20  x5=0x543fab5f
      102545000	     10155	80007522	8c61	c.and	x8,x8	  x8:0xffffffff  x8:0xffffffff  x8=0xffffffff
      102555000	     10156	80007524	0001	c.addi	x0,0	  x0:0x00000000  x0=0x00000000
      102565000	     10157	80007526	8f6d	c.and	x14,x11	 x14:0x2d38a200 x11:0x80021e20 x14=0x00000200
      102575000	     10158	80007528	8a4d	c.andi	x12,19	 x12:0x00000000 x12=0x00000000
      102585000	     10159	8000752a	8efd	c.and	x13,x15	 x13:0x000004e0 x15:0xd2c75e3f x13=0x00000420
      102595000	     10160	8000752c	010f5c33	srl	x24,x30,x16	 x30:0xfffffec5 x16:0x00000000 x24=0xfffffec5
      102605000	     10161	80007530	8ff9	c.and	x15,x14	 x15:0xd2c75e3f x14:0x00000200 x15=0x00000200
      102615000	     10162	80007532	7787fa13	andi	x20,x15,1912	 x15:0x00000200 x20=0x00000200
      102625000	     10163	80007536	00da	c.slli	x1,0x16	  x1:0x00000012  x1=0x04800000
      102635000	     10164	80007538	8c8d	c.sub	x9,x11	  x9:0xd2c99ce5 x11:0x80021e20  x9=0x52c77ec5
      102645000	     10165	8000753a	006a1c63	bne	x20,x6,80007552	 x20:0x00000200  x6:0x00000000
      102675000	     10168	80007552	0ff0000f	fence	iorw,iorw	
      102685000	     10169	80007556	03326363	bltu	x4,x19,8000757c	  x4:0xfffffffe x19:0x00000007
      102695000	     10170	8000755a	00b4beb3	sltu	x29,x9,x11	  x9:0x52c77ec5 x11:0x80021e20 x29=0x00000001
      102705000	     10171	8000755e	4679	c.li	x12,30	 x12=0x0000001e
      102745000	     10175	80007560	037a3db3	mulhu	x27,x20,x23	 x20:0x00000200 x23:0x00000000 x27=0x00000000
      102755000	     10176	80007564	0001	c.addi	x0,0	  x0:0x00000000  x0=0x00000000
      102795000	     10180	80007566	0387a733	mulhsu	x14,x15,x24	 x15:0x00000200 x24:0xfffffec5 x14=0x000001ff
      102805000	     10181	8000756a	00114b33	xor	x22,x2,x1	  x2:0xd43d8d3f  x1:0x04800000 x22=0xd0bd8d3f
      102815000	     10182	8000756e	01b49a13	slli	x20,x9,0x1b	  x9:0x52c77ec5 x20=0x28000000
      102825000	     10183	80007572	557d	c.li	x10,-1	 x10=0xffffffff
      102865000	     10187	80007574	03102733	mulhsu	x14,x0,x17	  x0:0x00000000 x17:0xffffffff x14=0x00000000
      102875000	     10188	80007578	002a8eb3	add	x29,x21,x2	 x21:0x00000009  x2:0xd43d8d3f x29=0xd43d8d48
      102885000	     10189	8000757c	00cf2cb3	slt	x25,x30,x12	 x30:0xfffffec5 x12:0x0000001e x25=0x00000001
      102895000	     10190	80007580	026ed763	bge	x29,x6,800075ae	 x29:0xd43d8d48  x6:0x00000000
      102905000	     10191	80007584	19cf8f13	addi	x30,x31,412	 x31:0x80025ce4 x30=0x80025e80
      102915000	     10192	80007588	0a3e	c.slli	x20,0xf	 x20:0x28000000 x20=0x00000000
      102925000	     10193	8000758a	00747263	bgeu	x8,x7,8000758e	  x8:0xffffffff  x7:0xf61c4f95
      102955000	     10196	8000758e	017b5c93	srli	x25,x22,0x17	 x22:0xd0bd8d3f x25=0x000001a1
      102965000	     10197	80007592	8e91	c.sub	x13,x12	 x13:0x00000420 x12:0x0000001e x13=0x00000402
      102975000	     10198	80007594	01459a93	slli	x21,x11,0x14	 x11:0x80021e20 x21=0xe2000000
      102985000	     10199	80007598	0ff0000f	fence	iorw,iorw	
      103015000	     10202	8000759c	03050bb3	mul	x23,x10,x16	 x10:0xffffffff x16:0x00000000 x23=0x00000000
      103025000	     10203	800075a0	8bd98c13	addi	x24,x19,-1859	 x19:0x00000007 x24=0xfffff8c4
      103035000	     10204	800075a4	00f80c33	add	x24,x16,x15	 x16:0x00000000 x15:0x00000200 x24=0x00000200
      103045000	     10205	800075a8	8071	c.srli	x8,0x1c	  x8:0xffffffff  x8=0x0000000f
      103415000	     10242	800075aa	03f96733	rem	x14,x18,x31	 x18:0xfffffbf1 x31:0x80025ce4 x14=0xfffffbf1
      103425000	     10243	800075ae	01fb3933	sltu	x18,x22,x31	 x22:0xd0bd8d3f x31:0x80025ce4 x18=0x00000000
      103435000	     10244	800075b2	010a7cb3	and	x25,x20,x16	 x20:0x00000000 x16:0x00000000 x25=0x00000000
      103445000	     10245	800075b6	abbd0293	addi	x5,x26,-1349	 x26:0xec510238  x5=0xec50fcf3
      103455000	     10246	800075ba	0a3a4137	lui	x2,0xa3a4	  x2=0x0a3a4000
      103465000	     10247	800075be	8b766493	ori	x9,x12,-1865	 x12:0x0000001e  x9=0xfffff8bf
      103475000	     10248	800075c2	e619	c.bnez	x12,800075d0	 x12:0x0000001e
      103495000	     10250	800075d0	8d7a	c.mv	x26,x30	  x0:0x00000000 x30:0x80025e80 x26=0x80025e80
      103505000	     10251	800075d2	58587813	andi	x16,x16,1413	 x16:0x00000000 x16=0x00000000
      103515000	     10252	800075d6	41d10433	sub	x8,x2,x29	  x2:0x0a3a4000 x29:0xd43d8d48  x8=0x35fcb2b8
      103525000	     10253	800075da	00181033	sll	x0,x16,x1	 x16:0x00000000  x1:0x04800000  x0=0x00000000
      103535000	     10254	800075de	412e52b3	sra	x5,x28,x18	 x28:0xfffffffe x18:0x00000000  x5=0xfffffffe
      103545000	     10255	800075e2	157d	c.addi	x10,-1	 x10:0xffffffff x10=0xfffffffe
      103575000	     10258	800075e4	02d50cb3	mul	x25,x10,x13	 x10:0xfffffffe x13:0x00000402 x25=0xfffff7fc
      103945000	     10295	800075e8	031e5cb3	divu	x25,x28,x17	 x28:0xfffffffe x17:0xffffffff x25=0x00000000
      103955000	     10296	800075ec	8f73aa13	slti	x20,x7,-1801	  x7:0xf61c4f95 x20=0x00000001
      103965000	     10297	800075f0	00f4cd33	xor	x26,x9,x15	  x9:0xfffff8bf x15:0x00000200 x26=0xfffffabf
      104005000	     10301	800075f4	038b1233	mulh	x4,x22,x24	 x22:0xd0bd8d3f x24:0x00000200  x4=0xffffffa1
      104015000	     10302	800075f8	8005	c.srli	x8,0x1	  x8:0x35fcb2b8  x8=0x1afe595c
      104025000	     10303	800075fa	00e24933	xor	x18,x4,x14	  x4:0xffffffa1 x14:0xfffffbf1 x18=0x00000450
      104035000	     10304	800075fe	02d71663	bne	x14,x13,8000762a	 x14:0xfffffbf1 x13:0x00000402
      104065000	     10307	8000762a	0288c563	blt	x17,x8,80007654	 x17:0xffffffff  x8:0x1afe595c
      104085000	     10309	80007654	01b73db3	sltu	x27,x14,x27	 x14:0xfffffbf1 x27:0x00000000 x27=0x00000000
      104095000	     10310	80007658	0001	c.addi	x0,0	  x0:0x00000000  x0=0x00000000
      104105000	     10311	8000765a	717d	c.addi16sp	x2,-16	  x2:0x0a3a4000  x2=0x0a3a3ff0
      104145000	     10315	8000765c	03952733	mulhsu	x14,x10,x25	 x10:0xfffffffe x25:0x00000000 x14=0x00000000
      104155000	     10316	80007660	0001	c.addi	x0,0	  x0:0x00000000  x0=0x00000000
      104175000	     10318	80007662	0261d3b3	divu	x7,x3,x6	  x3:0x2bc272c0  x6:0x00000000  x7=0xffffffff
      104215000	     10322	80007666	026d9633	mulh	x12,x27,x6	 x27:0x00000000  x6:0x00000000 x12=0x00000000
      104225000	     10323	8000766a	0ff0000f	fence	iorw,iorw	
      104235000	     10324	8000766e	cf7a8493	addi	x9,x21,-777	 x21:0xe2000000  x9=0xe1fffcf7
      104605000	     10361	80007672	02aec0b3	div	x1,x29,x10	 x29:0xd43d8d48 x10:0xfffffffe  x1=0x15e1395c
      104615000	     10362	80007676	8fbd	c.xor	x15,x15	 x15:0x00000200 x15:0x00000200 x15=0x00000000
      104625000	     10363	80007678	00359113	slli	x2,x11,0x3	 x11:0x80021e20  x2=0x0010f100
      104665000	     10367	8000767c	02f5ad33	mulhsu	x26,x11,x15	 x11:0x80021e20 x15:0x00000000 x26=0x00000000
      104675000	     10368	80007680	0148bbb3	sltu	x23,x17,x20	 x17:0xffffffff x20:0x00000001 x23=0x00000000
      104685000	     10369	80007684	b2fbb697	auipc	x13,0xb2fbb	 x13=0x32fc2684
      104695000	     10370	80007688	00118133	add	x2,x3,x1	  x3:0x2bc272c0  x1:0x15e1395c  x2=0x41a3ac1c
      104715000	     10372	8000768c	030e4f33	div	x30,x28,x16	 x28:0xfffffffe x16:0x00000000 x30=0xffffffff
      104725000	     10373	80007690	0281c963	blt	x3,x8,800076c2	  x3:0x2bc272c0  x8:0x1afe595c
      104735000	     10374	80007694	f8960f17	auipc	x30,0xf8960	 x30=0x78967694
      104745000	     10375	80007698	13fd	c.addi	x7,-1	  x7:0xffffffff  x7=0xfffffffe
      104755000	     10376	8000769a	8d7c0793	addi	x15,x24,-1833	 x24:0x00000200 x15=0xfffffad7
      104765000	     10377	8000769e	017b5513	srli	x10,x22,0x17	 x22:0xd0bd8d3f x10=0x000001a1
      104775000	     10378	800076a2	742d1817	auipc	x16,0x742d1	 x16=0xf42d86a2
      104815000	     10382	800076a6	037cb133	mulhu	x2,x25,x23	 x25:0x00000000 x23:0x00000000  x2=0x00000000
      104825000	     10383	800076aa	0b4e	c.slli	x22,0x13	 x22:0xd0bd8d3f x22=0x69f80000
      104835000	     10384	800076ac	8f31	c.xor	x14,x12	 x14:0x00000000 x12:0x00000000 x14=0x00000000
      104845000	     10385	800076ae	1d04	c.addi4spn	x9,x2,688	  x9=0x000002b0
      104855000	     10386	800076b0	40dd6493	ori	x9,x26,1037	 x26:0x00000000  x9=0x0000040d
      104865000	     10387	800076b4	0001	c.addi	x0,0	  x0:0x00000000  x0=0x00000000
      104875000	     10388	800076b6	d12ee613	ori	x12,x29,-750	 x29:0xd43d8d48 x12=0xfffffd5a
      104885000	     10389	800076ba	59fd	c.li	x19,-1	 x19=0xffffffff
      104895000	     10390	800076bc	4f2d	c.li	x30,11	 x30=0x0000000b
      104905000	     10391	800076be	00251433	sll	x8,x10,x2	 x10:0x000001a1  x2:0x00000000  x8=0x000001a1
      104945000	     10395	800076c2	02411633	mulh	x12,x2,x4	  x2:0x00000000  x4:0xffffffa1 x12=0x00000000
      104955000	     10396	800076c6	9b52	c.add	x22,x20	 x22:0x69f80000 x20:0x00000001 x22=0x69f80001
      104965000	     10397	800076c8	9b544093	xori	x1,x8,-1611	  x8:0x000001a1  x1=0xfffff814
      104975000	     10398	800076cc	c405	c.beqz	x8,800076f4	  x8:0x000001a1
      105015000	     10402	800076ce	023eb0b3	mulhu	x1,x29,x3	 x29:0xd43d8d48  x3:0x2bc272c0  x1=0x24478c82
      105025000	     10403	800076d2	80ce	c.mv	x1,x19	  x0:0x00000000 x19:0xffffffff  x1=0xffffffff
      105035000	     10404	800076d4	01a8f4b3	and	x9,x17,x26	 x17:0xffffffff x26:0x00000000  x9=0x00000000
      105045000	     10405	800076d8	8fd5	c.or	x15,x13	 x15:0xfffffad7 x13:0x32fc2684 x15=0xfffffed7
      105055000	     10406	800076da	0093b633	sltu	x12,x7,x9	  x7:0xfffffffe  x9:0x00000000 x12=0x00000000
      105065000	     10407	800076de	021b7a63	bgeu	x22,x1,80007712	 x22:0x69f80001  x1:0xffffffff
      105075000	     10408	800076e2	01ed30b3	sltu	x1,x26,x30	 x26:0x00000000 x30:0x0000000b  x1=0x00000001
      105085000	     10409	800076e6	8e61	c.and	x12,x8	 x12:0x00000000  x8:0x000001a1 x12=0x00000000
      105455000	     10446	800076e8	03e47b33	remu	x22,x8,x30	  x8:0x000001a1 x30:0x0000000b x22=0x0000000a
      105465000	     10447	800076ec	03fb7863	bgeu	x22,x31,8000771c	 x22:0x0000000a x31:0x80025ce4
      105835000	     10484	800076f0	03245db3	divu	x27,x8,x18	  x8:0x000001a1 x18:0x00000450 x27=0x00000000
      105855000	     10486	800076f4	020ed8b3	divu	x17,x29,x0	 x29:0xd43d8d48  x0:0x00000000 x17=0xffffffff
      105865000	     10487	800076f8	0283ca63	blt	x7,x8,8000772c	  x7:0xfffffffe  x8:0x000001a1
      105885000	     10489	8000772c	00af8ab3	add	x21,x31,x10	 x31:0x80025ce4 x10:0x000001a1 x21=0x80025e85
      105895000	     10490	80007730	8ead	c.xor	x13,x11	 x13:0x32fc2684 x11:0x80021e20 x13=0xb2fe38a4
      105905000	     10491	80007732	0001	c.addi	x0,0	  x0:0x00000000  x0=0x00000000
      105915000	     10492	80007734	1604	c.addi4spn	x9,x2,800	  x9=0x00000320
      105925000	     10493	80007736	01f11913	slli	x18,x2,0x1f	  x2:0x00000000 x18=0x00000000
      105935000	     10494	8000773a	83b5	c.srli	x15,0xd	 x15:0xfffffed7 x15=0x0007ffff
      105945000	     10495	8000773c	01221633	sll	x12,x4,x18	  x4:0xffffffa1 x18:0x00000000 x12=0xffffffa1
      105955000	     10496	80007740	0001	c.addi	x0,0	  x0:0x00000000  x0=0x00000000
      105965000	     10497	80007742	547d	c.li	x8,-1	  x8=0xffffffff
      105975000	     10498	80007744	00598d33	add	x26,x19,x5	 x19:0xffffffff  x5:0xfffffffe x26=0xfffffffd
      105985000	     10499	80007748	012d43b3	xor	x7,x26,x18	 x26:0xfffffffd x18:0x00000000  x7=0xfffffffd
      106015000	     10502	8000774c	026282b3	mul	x5,x5,x6	  x5:0xfffffffe  x6:0x00000000  x5=0x00000000
      106025000	     10503	80007750	014fbf33	sltu	x30,x31,x20	 x31:0x80025ce4 x20:0x00000001 x30=0x00000000
      106035000	     10504	80007754	1508	c.addi4spn	x10,x2,672	 x10=0x000002a0
      106045000	     10505	80007756	0a88	c.addi4spn	x10,x2,336	 x10=0x00000150
      106055000	     10506	80007758	044de163	bltu	x27,x4,8000779a	 x27:0x00000000  x4:0xffffffa1
      106115000	     10512	8000779a	02de27b3	mulhsu	x15,x28,x13	 x28:0xfffffffe x13:0xb2fe38a4 x15=0xfffffffe
      106125000	     10513	8000779e	1d1ce493	ori	x9,x25,465	 x25:0x00000000  x9=0x000001d1
      106135000	     10514	800077a2	8f4a	c.mv	x30,x18	  x0:0x00000000 x18:0x00000000 x30=0x00000000
      106145000	     10515	800077a4	83b9	c.srli	x15,0xe	 x15:0xfffffffe x15=0x0003ffff
      106515000	     10552	800077a6	02f5e133	rem	x2,x11,x15	 x11:0x80021e20 x15:0x0003ffff  x2=0xfffdfe21
      106555000	     10556	800077aa	0374a3b3	mulhsu	x7,x9,x23	  x9:0x000001d1 x23:0x00000000  x7=0x00000000
      106565000	     10557	800077ae	09cb7f37	lui	x30,0x9cb7	 x30=0x09cb7000
      106575000	     10558	800077b2	c4ec7617	auipc	x12,0xc4ec7	 x12=0x44ece7b2
      106585000	     10559	800077b6	e2952f13	slti	x30,x10,-471	 x10:0x00000150 x30=0x00000000
      106595000	     10560	800077ba	03e29463	bne	x5,x30,800077e2	  x5:0x00000000 x30:0x00000000
      106605000	     10561	800077be	025b5463	bge	x22,x5,800077e6	 x22:0x0000000a  x5:0x00000000
      106625000	     10563	800077e6	615d	c.addi16sp	x2,432	  x2:0xfffdfe21  x2=0xfffdffd1
      106635000	     10564	800077e8	417989b3	sub	x19,x19,x23	 x19:0xffffffff x23:0x00000000 x19=0xffffffff
      107005000	     10601	800077ec	03006cb3	rem	x25,x0,x16	  x0:0x00000000 x16:0xf42d86a2 x25=0x00000000
      107015000	     10602	800077f0	014b80b3	add	x1,x23,x20	 x23:0x00000000 x20:0x00000001  x1=0x00000001
      107025000	     10603	800077f4	9846	c.add	x16,x17	 x16:0xf42d86a2 x17:0xffffffff x16=0xf42d86a1
      107035000	     10604	800077f6	004253b3	srl	x7,x4,x4	  x4:0xffffffa1  x4:0xffffffa1  x7=0x7fffffd0
      107045000	     10605	800077fa	8661	c.srai	x12,0x18	 x12:0x44ece7b2 x12=0x00000044
      107055000	     10606	800077fc	80a5	c.srli	x9,0x9	  x9:0x000001d1  x9=0x00000000
      107095000	     10610	800077fe	037c3c33	mulhu	x24,x24,x23	 x24:0x00000200 x23:0x00000000 x24=0x00000000
      107105000	     10611	80007802	0bfb3a93	sltiu	x21,x22,191	 x22:0x0000000a x21=0x00000001
      107115000	     10612	80007806	031b1363	bne	x22,x17,8000782c	 x22:0x0000000a x17:0xffffffff
      107145000	     10615	8000782c	037bf533	remu	x10,x23,x23	 x23:0x00000000 x23:0x00000000 x10=0x00000000
      107155000	     10616	80007830	0ff0000f	fence	iorw,iorw	
      107165000	     10617	80007834	8271	c.srli	x12,0x1c	 x12:0x00000044 x12=0x00000000
      107175000	     10618	80007836	9c92	c.add	x25,x4	 x25:0x00000000  x4:0xffffffa1 x25=0xffffffa1
      107545000	     10655	80007838	0344c9b3	div	x19,x9,x20	  x9:0x00000000 x20:0x00000001 x19=0x00000000
      107555000	     10656	8000783c	41efd893	srai	x17,x31,0x1e	 x31:0x80025ce4 x17=0xfffffffe
      107565000	     10657	80007840	3cdeac93	slti	x25,x29,973	 x29:0xd43d8d48 x25=0x00000001
      107575000	     10658	80007844	016fc833	xor	x16,x31,x22	 x31:0x80025ce4 x22:0x0000000a x16=0x80025cee
      107585000	     10659	80007848	019569b3	or	x19,x10,x25	 x10:0x00000000 x25:0x00000001 x19=0x00000001
      107595000	     10660	8000784c	01071a33	sll	x20,x14,x16	 x14:0x00000000 x16:0x80025cee x20=0x00000000
      107605000	     10661	80007850	0ff0000f	fence	iorw,iorw	
      107615000	     10662	80007854	8831	c.andi	x8,12	  x8:0xffffffff  x8=0x0000000c
      107625000	     10663	80007856	8f65	c.and	x14,x9	 x14:0x00000000  x9:0x00000000 x14=0x00000000
      107635000	     10664	80007858	01ac7363	bgeu	x24,x26,8000785e	 x24:0x00000000 x26:0xfffffffd
      107645000	     10665	8000785c	40e1	c.li	x1,24	  x1=0x00000018
      107655000	     10666	8000785e	0001	c.addi	x0,0	  x0:0x00000000  x0=0x00000000
      107695000	     10670	80007860	034aa633	mulhsu	x12,x21,x20	 x21:0x00000001 x20:0x00000000 x12=0x00000000
      107705000	     10671	80007864	0083f4b3	and	x9,x7,x8	  x7:0x7fffffd0  x8:0x0000000c  x9=0x00000000
      107715000	     10672	80007868	cd05	c.beqz	x10,800078a0	 x10:0x00000000
      107735000	     10674	800078a0	019dc933	xor	x18,x27,x25	 x27:0x00000000 x25:0x00000001 x18=0x00000001
      107775000	     10678	800078a4	0208aa33	mulhsu	x20,x17,x0	 x17:0xfffffffe  x0:0x00000000 x20=0x00000000
      107785000	     10679	800078a8	0ff0000f	fence	iorw,iorw	
      107795000	     10680	800078ac	036edb63	bge	x29,x22,800078e2	 x29:0xd43d8d48 x22:0x0000000a
      107805000	     10681	800078b0	0001	c.addi	x0,0	  x0:0x00000000  x0=0x00000000
      107815000	     10682	800078b2	01ae2bb3	slt	x23,x28,x26	 x28:0xfffffffe x26:0xfffffffd x23=0x00000000
      107825000	     10683	800078b6	8c49	c.or	x8,x10	  x8:0x0000000c x10:0x00000000  x8=0x0000000c
      107835000	     10684	800078b8	8c1d	c.sub	x8,x15	  x8:0x0000000c x15:0x0003ffff  x8=0xfffc000d
      107845000	     10685	800078ba	030a8763	beq	x21,x16,800078e8	 x21:0x00000001 x16:0x80025cee
      107855000	     10686	800078be	03a50563	beq	x10,x26,800078e8	 x10:0x00000000 x26:0xfffffffd
      107865000	     10687	800078c2	0001	c.addi	x0,0	  x0:0x00000000  x0=0x00000000
      107875000	     10688	800078c4	00215d33	srl	x26,x2,x2	  x2:0xfffdffd1  x2:0xfffdffd1 x26=0x00007ffe
      107885000	     10689	800078c8	13402e93	slti	x29,x0,308	  x0:0x00000000 x29=0x00000001
      107895000	     10690	800078cc	0025b9b3	sltu	x19,x11,x2	 x11:0x80021e20  x2:0xfffdffd1 x19=0x00000001
      107925000	     10693	800078d0	03bc8533	mul	x10,x25,x27	 x25:0x00000001 x27:0x00000000 x10=0x00000000
      107935000	     10694	800078d4	6135	c.addi16sp	x2,352	  x2:0xfffdffd1  x2=0xfffe0131
      107955000	     10696	800078d6	03ecdcb3	divu	x25,x25,x30	 x25:0x00000001 x30:0x00000000 x25=0xffffffff
      107965000	     10697	800078da	02518d63	beq	x3,x5,80007914	  x3:0x2bc272c0  x5:0x00000000
      107975000	     10698	800078de	845a	c.mv	x8,x22	  x0:0x00000000 x22:0x0000000a  x8=0x0000000a
      107985000	     10699	800078e0	950a	c.add	x10,x2	 x10:0x00000000  x2:0xfffe0131 x10=0xfffe0131
      107995000	     10700	800078e2	9bfd	c.andi	x15,-1	 x15:0x0003ffff x15=0x0003ffff
      108005000	     10701	800078e4	b4ead537	lui	x10,0xb4ead	 x10=0xb4ead000
      108035000	     10704	800078e8	02970b33	mul	x22,x14,x9	 x14:0x00000000  x9:0x00000000 x22=0x00000000
      108065000	     10707	800078ec	032081b3	mul	x3,x1,x18	  x1:0x00000018 x18:0x00000001  x3=0x00000018
      108075000	     10708	800078f0	c791	c.beqz	x15,800078fc	 x15:0x0003ffff
      108085000	     10709	800078f2	0001	c.addi	x0,0	  x0:0x00000000  x0=0x00000000
      108095000	     10710	800078f4	025ad263	bge	x21,x5,80007918	 x21:0x00000001  x5:0x00000000
      108115000	     10712	80007918	63fd	c.lui	x7,0x1f	  x7=0x0001f000
      108125000	     10713	8000791a	542a0a37	lui	x20,0x542a0	 x20=0x542a0000
      108135000	     10714	8000791e	01d79733	sll	x14,x15,x29	 x15:0x0003ffff x29:0x00000001 x14=0x0007fffe
      108145000	     10715	80007922	02cb7663	bgeu	x22,x12,8000794e	 x22:0x00000000 x12:0x00000000
      108175000	     10718	8000794e	b27cec13	ori	x24,x25,-1241	 x25:0xffffffff x24=0xffffffff
      108185000	     10719	80007952	8d41	c.or	x10,x8	 x10:0xb4ead000  x8:0x0000000a x10=0xb4ead00a
      108195000	     10720	80007954	01fa0863	beq	x20,x31,80007964	 x20:0x542a0000 x31:0x80025ce4
      108205000	     10721	80007958	53e78a17	auipc	x20,0x53e78	 x20=0xd3e7f958
      108215000	     10722	8000795c	12fd	c.addi	x5,-1	  x5:0x00000000  x5=0xffffffff
      108225000	     10723	8000795e	00689413	slli	x8,x17,0x6	 x17:0xfffffffe  x8=0xffffff80
      108235000	     10724	80007962	8976	c.mv	x18,x29	  x0:0x00000000 x29:0x00000001 x18=0x00000001
      108245000	     10725	80007964	007ae633	or	x12,x21,x7	 x21:0x00000001  x7:0x0001f000 x12=0x0001f001
      108285000	     10729	80007968	03bc9b33	mulh	x22,x25,x27	 x25:0xffffffff x27:0x00000000 x22=0x00000000
      108295000	     10730	8000796c	6a05	c.lui	x20,0x1	 x20=0x00001000
      108305000	     10731	8000796e	4ba6e413	ori	x8,x13,1210	 x13:0xb2fe38a4  x8=0xb2fe3cbe
      108315000	     10732	80007972	0001	c.addi	x0,0	  x0:0x00000000  x0=0x00000000
      108325000	     10733	80007974	90f6	c.add	x1,x29	  x1:0x00000018 x29:0x00000001  x1=0x00000019
      108335000	     10734	80007976	00fc9113	slli	x2,x25,0xf	 x25:0xffffffff  x2=0xffff8000
      108345000	     10735	8000797a	0163d963	bge	x7,x22,8000798c	  x7:0x0001f000 x22:0x00000000
      108725000	     10773	8000798c	039ec033	div	x0,x29,x25	 x29:0x00000001 x25:0xffffffff  x0=0x00000000
      108735000	     10774	80007990	40ea5e33	sra	x28,x20,x14	 x20:0x00001000 x14:0x0007fffe x28=0x00000000
      108745000	     10775	80007994	8d79	c.and	x10,x14	 x10:0xb4ead00a x14:0x0007fffe x10=0x0002d00a
      108765000	     10777	80007996	020cd133	divu	x2,x25,x0	 x25:0xffffffff  x0:0x00000000  x2=0xffffffff
      108775000	     10778	8000799a	41b5f913	andi	x18,x11,1051	 x11:0x80021e20 x18=0x00000400
      108805000	     10781	8000799e	03dc0833	mul	x16,x24,x29	 x24:0xffffffff x29:0x00000001 x16=0xffffffff
      108815000	     10782	800079a2	8a59	c.andi	x12,22	 x12:0x0001f001 x12=0x00000000
      108825000	     10783	800079a4	3457e293	ori	x5,x15,837	 x15:0x0003ffff  x5=0x0003ffff
      108835000	     10784	800079a8	00e45713	srli	x14,x8,0xe	  x8:0xb2fe3cbe x14=0x0002cbf8
      108845000	     10785	800079ac	01506f33	or	x30,x0,x21	  x0:0x00000000 x21:0x00000001 x30=0x00000001
      108855000	     10786	800079b0	8685	c.srai	x13,0x1	 x13:0xb2fe38a4 x13=0xd97f1c52
      108865000	     10787	800079b2	8cf5	c.and	x9,x13	  x9:0x00000000 x13:0xd97f1c52  x9=0x00000000
      108875000	     10788	800079b4	40e05d33	sra	x26,x0,x14	  x0:0x00000000 x14:0x0002cbf8 x26=0x00000000
      108885000	     10789	800079b8	0ff0000f	fence	iorw,iorw	
      108895000	     10790	800079bc	197d	c.addi	x18,-1	 x18:0x00000400 x18=0x000003ff
      108905000	     10791	800079be	0ff0000f	fence	iorw,iorw	
      109275000	     10828	800079c2	02e3c3b3	div	x7,x7,x14	  x7:0x0001f000 x14:0x0002cbf8  x7=0x00000000
      109285000	     10829	800079c6	04e9	c.addi	x9,26	  x9:0x00000000  x9=0x0000001a
      109295000	     10830	800079c8	8b6d	c.andi	x14,27	 x14:0x0002cbf8 x14=0x00000018
      109305000	     10831	800079ca	0000100f	fence.i	
      109335000	     10834	800079ce	150c8613	addi	x12,x25,336	 x25:0xffffffff x12=0x0000014f
      109345000	     10835	800079d2	6a3bb713	sltiu	x14,x23,1699	 x23:0x00000000 x14=0x00000001
      109355000	     10836	800079d6	8c99	c.sub	x9,x14	  x9:0x0000001a x14:0x00000001  x9=0x00000019
      109365000	     10837	800079d8	2a5de613	ori	x12,x27,677	 x27:0x00000000 x12=0x000002a5
      109385000	     10839	800079dc	02794833	div	x16,x18,x7	 x18:0x000003ff  x7:0x00000000 x16=0xffffffff
      109395000	     10840	800079e0	00483f33	sltu	x30,x16,x4	 x16:0xffffffff  x4:0xffffffa1 x30=0x00000000
      109405000	     10841	800079e4	01d4c6b3	xor	x13,x9,x29	  x9:0x00000019 x29:0x00000001 x13=0x00000018
      109415000	     10842	800079e8	8c71	c.and	x8,x12	  x8:0xb2fe3cbe x12:0x000002a5  x8=0x000000a4
      109425000	     10843	800079ea	0001	c.addi	x0,0	  x0:0x00000000  x0=0x00000000
      109435000	     10844	800079ec	17fd	c.addi	x15,-1	 x15:0x0003ffff x15=0x0003fffe
      109445000	     10845	800079ee	8b75	c.andi	x14,29	 x14:0x00000001 x14=0x00000001
      109455000	     10846	800079f0	00f29d63	bne	x5,x15,80007a0a	  x5:0x0003ffff x15:0x0003fffe
      109485000	     10849	80007a0a	0000100f	fence.i	
      109515000	     10852	80007a0e	015bea33	or	x20,x23,x21	 x23:0x00000000 x21:0x00000001 x20=0x00000001
      109525000	     10853	80007a12	fc75ed13	ori	x26,x11,-57	 x11:0x80021e20 x26=0xffffffe7
      109535000	     10854	80007a16	00c3acb3	slt	x25,x7,x12	  x7:0x00000000 x12:0x000002a5 x25=0x00000001
      109545000	     10855	80007a1a	0ff0000f	fence	iorw,iorw	
      109555000	     10856	80007a1e	00c57f33	and	x30,x10,x12	 x10:0x0002d00a x12:0x000002a5 x30=0x00000000
      109565000	     10857	80007a22	0001	c.addi	x0,0	  x0:0x00000000  x0=0x00000000
      109575000	     10858	80007a24	41a75cb3	sra	x25,x14,x26	 x14:0x00000001 x26:0xffffffe7 x25=0x00000000
      109585000	     10859	80007a28	0001	c.addi	x0,0	  x0:0x00000000  x0=0x00000000
      109595000	     10860	80007a2a	30b63c13	sltiu	x24,x12,779	 x12:0x000002a5 x24=0x00000001
      109965000	     10897	80007a2e	02fb6933	rem	x18,x22,x15	 x22:0x00000000 x15:0x0003fffe x18=0x00000000
      109975000	     10898	80007a32	832d	c.srli	x14,0xb	 x14:0x00000001 x14=0x00000000
      109985000	     10899	80007a34	5a7d	c.li	x20,-1	 x20=0xffffffff
      109995000	     10900	80007a36	03b49b63	bne	x9,x27,80007a6c	  x9:0x00000019 x27:0x00000000
      110015000	     10902	80007a6c	0b88	c.addi4spn	x10,x2,464	 x10=0x000001cf
      110025000	     10903	80007a6e	93a39b97	auipc	x23,0x93a39	 x23=0x13a40a6e
      110065000	     10907	80007a72	0214bb33	mulhu	x22,x9,x1	  x9:0x00000019  x1:0x00000019 x22=0x00000000
      110075000	     10908	80007a76	020a5663	bge	x20,x0,80007aa2	 x20:0xffffffff  x0:0x00000000
      110085000	     10909	80007a7a	b69d4513	xori	x10,x26,-1175	 x26:0xffffffe7 x10=0x0000048e
      110095000	     10910	80007a7e	034b6f63	bltu	x22,x20,80007abc	 x22:0x00000000 x20:0xffffffff
      110475000	     10948	80007abc	02abfa33	remu	x20,x23,x10	 x23:0x13a40a6e x10:0x0000048e x20=0x000000f8
      110485000	     10949	80007ac0	c291	c.beqz	x13,80007ac4	 x13:0x00000018
      110495000	     10950	80007ac2	0001	c.addi	x0,0	  x0:0x00000000  x0=0x00000000
      110505000	     10951	80007ac4	018fe0b3	or	x1,x31,x24	 x31:0x80025ce4 x24:0x00000001  x1=0x80025ce5
      110515000	     10952	80007ac8	ea19	c.bnez	x12,80007ade	 x12:0x000002a5
      110565000	     10957	80007ade	027c8633	mul	x12,x25,x7	 x25:0x00000000  x7:0x00000000 x12=0x00000000
      110575000	     10958	80007ae2	c7da7813	andi	x16,x20,-899	 x20:0x000000f8 x16=0x00000078
      110585000	     10959	80007ae6	82a5	c.srli	x13,0x9	 x13:0x00000018 x13=0x00000000
      110595000	     10960	80007ae8	1f94	c.addi4spn	x13,x2,1008	 x13=0x000003ef
      110605000	     10961	80007aea	8fd9	c.or	x15,x14	 x15:0x0003fffe x14:0x00000000 x15=0x0003fffe
      110615000	     10962	80007aec	02678163	beq	x15,x6,80007b0e	 x15:0x0003fffe  x6:0x00000000
      110625000	     10963	80007af0	016cdd13	srli	x26,x25,0x16	 x25:0x00000000 x26=0x00000000
      110635000	     10964	80007af4	022ef463	bgeu	x29,x2,80007b1c	 x29:0x00000001  x2:0xffffffff
      110645000	     10965	80007af8	00185093	srli	x1,x16,0x1	 x16:0x00000078  x1=0x0000003c
      110655000	     10966	80007afc	02946263	bltu	x8,x9,80007b20	  x8:0x000000a4  x9:0x00000019
      110665000	     10967	80007b00	855d	c.srai	x10,0x17	 x10:0x0000048e x10=0x00000000
      110675000	     10968	80007b02	dcea4e13	xori	x28,x20,-562	 x20:0x000000f8 x28=0xfffffd36
      110685000	     10969	80007b06	012e5013	srli	x0,x28,0x12	 x28:0xfffffd36  x0=0x00000000
      111055000	     11006	80007b0a	034af233	remu	x4,x21,x20	 x21:0x00000001 x20:0x000000f8  x4=0x00000001
      111065000	     11007	80007b0e	0255	c.addi	x4,21	  x4:0x00000001  x4=0x00000016
      111075000	     11008	80007b10	d8e92a13	slti	x20,x18,-626	 x18:0x00000000 x20=0x00000000
      111085000	     11009	80007b14	40c98633	sub	x12,x19,x12	 x19:0x00000001 x12:0x00000000 x12=0x00000001
      111095000	     11010	80007b18	9f764493	xori	x9,x12,-1545	 x12:0x00000001  x9=0xfffff9f6
      111125000	     11013	80007b1c	029e0033	mul	x0,x28,x9	 x28:0xfffffd36  x9:0xfffff9f6  x0=0x00000000
      111135000	     11014	80007b20	03dee463	bltu	x29,x29,80007b48	 x29:0x00000001 x29:0x00000001
      111145000	     11015	80007b24	c299	c.beqz	x13,80007b2a	 x13:0x000003ef
      111185000	     11019	80007b26	023532b3	mulhu	x5,x10,x3	 x10:0x00000000  x3:0x00000018  x5=0x00000000
      111195000	     11020	80007b2a	8369	c.srli	x14,0x1a	 x14:0x00000000 x14=0x00000000
      111205000	     11021	80007b2c	9b7d	c.andi	x14,-1	 x14:0x00000000 x14=0x00000000
      111215000	     11022	80007b2e	003690b3	sll	x1,x13,x3	 x13:0x000003ef  x3:0x00000018  x1=0xef000000
      111225000	     11023	80007b32	01657933	and	x18,x10,x22	 x10:0x00000000 x22:0x00000000 x18=0x00000000
      111235000	     11024	80007b36	74027e13	andi	x28,x4,1856	  x4:0x00000016 x28=0x00000000
      111245000	     11025	80007b3a	4032de33	sra	x28,x5,x3	  x5:0x00000000  x3:0x00000018 x28=0x00000000
      111255000	     11026	80007b3e	0000100f	fence.i	
      111275000	     11028	80007b42	0001	c.addi	x0,0	  x0:0x00000000  x0=0x00000000
      111285000	     11029	80007b44	0001	c.addi	x0,0	  x0:0x00000000  x0=0x00000000
      111295000	     11030	80007b46	ce09	c.beqz	x12,80007b60	 x12:0x00000001
      111305000	     11031	80007b48	ec0d	c.bnez	x8,80007b82	  x8:0x000000a4
      111335000	     11034	80007b82	0ff0000f	fence	iorw,iorw	
      111345000	     11035	80007b86	0cef2693	slti	x13,x30,206	 x30:0x00000000 x13=0x00000001
      111355000	     11036	80007b8a	0001	c.addi	x0,0	  x0:0x00000000  x0=0x00000000
      111365000	     11037	80007b8c	a016c893	xori	x17,x13,-1535	 x13:0x00000001 x17=0xfffffa00
      111375000	     11038	80007b90	6f51	c.lui	x30,0x14	 x30=0x00014000
      111385000	     11039	80007b92	01c13433	sltu	x8,x2,x28	  x2:0xffffffff x28:0x00000000  x8=0x00000000
      111395000	     11040	80007b96	02344a63	blt	x8,x3,80007bca	  x8:0x00000000  x3:0x00000018
      111425000	     11043	80007bca	02f68763	beq	x13,x15,80007bf8	 x13:0x00000001 x15:0x0003fffe
      111435000	     11044	80007bce	f52f2837	lui	x16,0xf52f2	 x16=0xf52f2000
      111445000	     11045	80007bd2	c80d	c.beqz	x8,80007c04	  x8:0x00000000
      111465000	     11047	80007c04	41060c33	sub	x24,x12,x16	 x12:0x00000001 x16:0xf52f2000 x24=0x0ad0e001
      111475000	     11048	80007c08	717d	c.addi16sp	x2,-16	  x2:0xffffffff  x2=0xffffffef
      111845000	     11085	80007c0a	02f3e2b3	rem	x5,x7,x15	  x7:0x00000000 x15:0x0003fffe  x5=0x00000000
      111855000	     11086	80007c0e	8a01	c.andi	x12,0	 x12:0x00000001 x12=0x00000000
      111895000	     11090	80007c10	03d52d33	mulhsu	x26,x10,x29	 x10:0x00000000 x29:0x00000001 x26=0x00000000
      111905000	     11091	80007c14	028b1b63	bne	x22,x8,80007c4a	 x22:0x00000000  x8:0x00000000
      111915000	     11092	80007c18	021f6e63	bltu	x30,x1,80007c54	 x30:0x00014000  x1:0xef000000
      111935000	     11094	80007c54	0024ab33	slt	x22,x9,x2	  x9:0xfffff9f6  x2:0xffffffef x22=0x00000001
      111945000	     11095	80007c58	315f0513	addi	x10,x30,789	 x30:0x00014000 x10=0x00014315
      111955000	     11096	80007c5c	8e0d	c.sub	x12,x11	 x12:0x00000000 x11:0x80021e20 x12=0x7ffde1e0
      111965000	     11097	80007c5e	0ebd	c.addi	x29,15	 x29:0x00000001 x29=0x00000010
      111975000	     11098	80007c60	0ff0000f	fence	iorw,iorw	
      111985000	     11099	80007c64	8206	c.mv	x4,x1	  x0:0x00000000  x1:0xef000000  x4=0xef000000
      112025000	     11103	80007c66	02883b33	mulhu	x22,x16,x8	 x16:0xf52f2000  x8:0x00000000 x22=0x00000000
      112035000	     11104	80007c6a	c31d	c.beqz	x14,80007c90	 x14:0x00000000
      112055000	     11106	80007c90	827d	c.srli	x12,0x1f	 x12:0x7ffde1e0 x12=0x00000000
      112065000	     11107	80007c92	8c89	c.sub	x9,x10	  x9:0xfffff9f6 x10:0x00014315  x9=0xfffeb6e1
      112075000	     11108	80007c94	f9592b13	slti	x22,x18,-107	 x18:0x00000000 x22=0x00000000
      112085000	     11109	80007c98	0001	c.addi	x0,0	  x0:0x00000000  x0=0x00000000
      112095000	     11110	80007c9a	0d39	c.addi	x26,14	 x26:0x00000000 x26=0x0000000e
      112105000	     11111	80007c9c	40415a33	sra	x20,x2,x4	  x2:0xffffffef  x4:0xef000000 x20=0xffffffef
      112115000	     11112	80007ca0	8f21	c.xor	x14,x8	 x14:0x00000000  x8:0x00000000 x14=0x00000000
      112155000	     11116	80007ca2	03202833	mulhsu	x16,x0,x18	  x0:0x00000000 x18:0x00000000 x16=0x00000000
      112165000	     11117	80007ca6	8e85	c.sub	x13,x9	 x13:0x00000001  x9:0xfffeb6e1 x13=0x00014920
      112175000	     11118	80007ca8	8ea1	c.xor	x13,x8	 x13:0x00014920  x8:0x00000000 x13=0x00014920
      112185000	     11119	80007caa	1404	c.addi4spn	x9,x2,544	  x9=0x0000020f
      112225000	     11123	80007cac	02a71b33	mulh	x22,x14,x10	 x14:0x00000000 x10:0x00014315 x22=0x00000000
      112235000	     11124	80007cb0	0001	c.addi	x0,0	  x0:0x00000000  x0=0x00000000
      112255000	     11126	80007cb2	0302cbb3	div	x23,x5,x16	  x5:0x00000000 x16:0x00000000 x23=0xffffffff
      112265000	     11127	80007cb6	8275	c.srli	x12,0x1d	 x12:0x00000000 x12=0x00000000
      112275000	     11128	80007cb8	013ce363	bltu	x25,x19,80007cbe	 x25:0x00000000 x19:0x00000001
      112335000	     11134	80007cbe	03c73ab3	mulhu	x21,x14,x28	 x14:0x00000000 x28:0x00000000 x21=0x00000000
      112345000	     11135	80007cc2	416b0633	sub	x12,x22,x22	 x22:0x00000000 x22:0x00000000 x12=0x00000000
      112355000	     11136	80007cc6	9afd	c.andi	x13,-1	 x13:0x00014920 x13=0x00014920
      112365000	     11137	80007cc8	01344d33	xor	x26,x8,x19	  x8:0x00000000 x19:0x00000001 x26=0x00000001
      112375000	     11138	80007ccc	05096163	bltu	x18,x16,80007d0e	 x18:0x00000000 x16:0x00000000
      112385000	     11139	80007cd0	006147b3	xor	x15,x2,x6	  x2:0xffffffef  x6:0x00000000 x15=0xffffffef
      112395000	     11140	80007cd4	00469833	sll	x16,x13,x4	 x13:0x00014920  x4:0xef000000 x16=0x00014920
      112405000	     11141	80007cd8	8f19	c.sub	x14,x14	 x14:0x00000000 x14:0x00000000 x14=0x00000000
      112415000	     11142	80007cda	017537b3	sltu	x15,x10,x23	 x10:0x00014315 x23:0xffffffff x15=0x00000001
      112425000	     11143	80007cde	00f86f33	or	x30,x16,x15	 x16:0x00014920 x15:0x00000001 x30=0x00014921
      112435000	     11144	80007ce2	9db6	c.add	x27,x13	 x27:0x00000000 x13:0x00014920 x27=0x00014920
      112475000	     11148	80007ce4	024510b3	mulh	x1,x10,x4	 x10:0x00014315  x4:0xef000000  x1=0xffffea8b
      112485000	     11149	80007ce8	8c09	c.sub	x8,x10	  x8:0x00000000 x10:0x00014315  x8=0xfffebceb
      112495000	     11150	80007cea	0000100f	fence.i	
      112515000	     11152	80007cee	09da	c.slli	x19,0x16	 x19:0x00000001 x19=0x00400000
      112525000	     11153	80007cf0	018f0863	beq	x30,x24,80007d00	 x30:0x00014921 x24:0x0ad0e001
      112535000	     11154	80007cf4	567d	c.li	x12,-1	 x12=0xffffffff
      112545000	     11155	80007cf6	8fe9	c.and	x15,x10	 x15:0x00000001 x10:0x00014315 x15=0x00000001
      112555000	     11156	80007cf8	03079e63	bne	x15,x16,80007d34	 x15:0x00000001 x16:0x00014920
      112935000	     11194	80007d34	03ed7433	remu	x8,x26,x30	 x26:0x00000001 x30:0x00014921  x8=0x00000001
      112955000	     11196	80007d38	0209d833	divu	x16,x19,x0	 x19:0x00400000  x0:0x00000000 x16=0xffffffff
      112965000	     11197	80007d3c	8395	c.srli	x15,0x5	 x15:0x00000001 x15=0x00000000
      112975000	     11198	80007d3e	90b2	c.add	x1,x12	  x1:0xffffea8b x12:0xffffffff  x1=0xffffea8a
      113005000	     11201	80007d40	03b30033	mul	x0,x6,x27	  x6:0x00000000 x27:0x00014920  x0=0x00000000
      113015000	     11202	80007d44	9eda	c.add	x29,x22	 x29:0x00000010 x22:0x00000000 x29=0x00000010
      113025000	     11203	80007d46	400c5d93	srai	x27,x24,0x0	 x24:0x0ad0e001 x27=0x0ad0e001
      113035000	     11204	80007d4a	0c14	c.addi4spn	x13,x2,528	 x13=0x000001ff
      113045000	     11205	80007d4c	82b59237	lui	x4,0x82b59	  x4=0x82b59000
      113055000	     11206	80007d50	0f72	c.slli	x30,0x1c	 x30:0x00014921 x30=0x10000000
      113065000	     11207	80007d52	00b70d33	add	x26,x14,x11	 x14:0x00000000 x11:0x80021e20 x26=0x80021e20
      113435000	     11244	80007d56	0389f4b3	remu	x9,x19,x24	 x19:0x00400000 x24:0x0ad0e001  x9=0x00400000
      113445000	     11245	80007d5a	016e1d33	sll	x26,x28,x22	 x28:0x00000000 x22:0x00000000 x26=0x00000000
      113455000	     11246	80007d5e	682d	c.lui	x16,0xb	 x16=0x0000b000
      113465000	     11247	80007d60	418cd113	srai	x2,x25,0x18	 x25:0x00000000  x2=0x00000000
      113475000	     11248	80007d64	9712	c.add	x14,x4	 x14:0x00000000  x4:0x82b59000 x14=0x82b59000
      113485000	     11249	80007d66	00835813	srli	x16,x6,0x8	  x6:0x00000000 x16=0x00000000
      113495000	     11250	80007d6a	0a2e	c.slli	x20,0xb	 x20:0xffffffef x20=0xffff7800
      113505000	     11251	80007d6c	01084433	xor	x8,x16,x16	 x16:0x00000000 x16:0x00000000  x8=0x00000000
      113545000	     11255	80007d70	03a12a33	mulhsu	x20,x2,x26	  x2:0x00000000 x26:0x00000000 x20=0x00000000
      113555000	     11256	80007d74	007dba33	sltu	x20,x27,x7	 x27:0x0ad0e001  x7:0x00000000 x20=0x00000000
      113565000	     11257	80007d78	8d41	c.or	x10,x8	 x10:0x00014315  x8:0x00000000 x10=0x00014315
      113575000	     11258	80007d7a	8e85	c.sub	x13,x9	 x13:0x000001ff  x9:0x00400000 x13=0xffc001ff
      113585000	     11259	80007d7c	41a30933	sub	x18,x6,x26	  x6:0x00000000 x26:0x00000000 x18=0x00000000
      113595000	     11260	80007d80	83be	c.mv	x7,x15	  x0:0x00000000 x15:0x00000000  x7=0x00000000
      113605000	     11261	80007d82	587d	c.li	x16,-1	 x16=0xffffffff
      113615000	     11262	80007d84	d3620b13	addi	x22,x4,-714	  x4:0x82b59000 x22=0x82b58d36
      113625000	     11263	80007d88	01a518b3	sll	x17,x10,x26	 x10:0x00014315 x26:0x00000000 x17=0x00014315
      113635000	     11264	80007d8c	47045717	auipc	x14,0x47045	 x14=0xc704cd8c
      113645000	     11265	80007d90	00d92633	slt	x12,x18,x13	 x18:0x00000000 x13:0xffc001ff x12=0x00000000
      113655000	     11266	80007d94	9a7d	c.andi	x12,-1	 x12:0x00000000 x12=0x00000000
      113665000	     11267	80007d96	80d9	c.srli	x9,0x16	  x9:0x00400000  x9=0x00000001
      113675000	     11268	80007d98	8cbd	c.xor	x9,x15	  x9:0x00000001 x15:0x00000000  x9=0x00000001
      113685000	     11269	80007d9a	01d3ed33	or	x26,x7,x29	  x7:0x00000000 x29:0x00000010 x26=0x00000010
      113725000	     11273	80007d9e	028124b3	mulhsu	x9,x2,x8	  x2:0x00000000  x8:0x00000000  x9=0x00000000
      113735000	     11274	80007da2	8fb9	c.xor	x15,x14	 x15:0x00000000 x14:0xc704cd8c x15=0xc704cd8c
      113745000	     11275	80007da4	40f95b13	srai	x22,x18,0xf	 x18:0x00000000 x22=0x00000000
      113755000	     11276	80007da8	09ea	c.slli	x19,0x1a	 x19:0x00400000 x19=0x00000000
      113765000	     11277	80007daa	808e	c.mv	x1,x3	  x0:0x00000000  x3:0x00000018  x1=0x00000018
      113775000	     11278	80007dac	00bd1f13	slli	x30,x26,0xb	 x26:0x00000010 x30=0x00008000
      113785000	     11279	80007db0	0ff0000f	fence	iorw,iorw	
      113795000	     11280	80007db4	0001	c.addi	x0,0	  x0:0x00000000  x0=0x00000000
      113805000	     11281	80007db6	01585293	srli	x5,x16,0x15	 x16:0xffffffff  x5=0x000007ff
      113815000	     11282	80007dba	8f49	c.or	x14,x10	 x14:0xc704cd8c x10:0x00014315 x14=0xc705cf9d
      113825000	     11283	80007dbc	de9b3d13	sltiu	x26,x22,-535	 x22:0x00000000 x26=0x00000001
      114195000	     11320	80007dc0	03edf9b3	remu	x19,x27,x30	 x27:0x0ad0e001 x30:0x00008000 x19=0x00006001
      114205000	     11321	80007dc4	0001	c.addi	x0,0	  x0:0x00000000  x0=0x00000000
      114215000	     11322	80007dc6	6219	c.lui	x4,0x6	  x4=0x00006000
      114225000	     11323	80007dc8	0288	c.addi4spn	x10,x2,320	 x10=0x00000140
      114235000	     11324	80007dca	97243213	sltiu	x4,x8,-1678	  x8:0x00000000  x4=0x00000001
      114245000	     11325	80007dce	0000100f	fence.i	
      114275000	     11328	80007dd2	0ff0000f	fence	iorw,iorw	
      114285000	     11329	80007dd6	03555363	bge	x10,x21,80007dfc	 x10:0x00000140 x21:0x00000000
      114305000	     11331	80007dfc	98da	c.add	x17,x22	 x17:0x00014315 x22:0x00000000 x17=0x00014315
      114315000	     11332	80007dfe	01e65c93	srli	x25,x12,0x1e	 x12:0x00000000 x25=0x00000000
      114325000	     11333	80007e02	00436eb3	or	x29,x6,x4	  x6:0x00000000  x4:0x00000001 x29=0x00000001
      114335000	     11334	80007e06	0127f763	bgeu	x15,x18,80007e14	 x15:0xc704cd8c x18:0x00000000
      114355000	     11336	80007e14	ef05	c.bnez	x14,80007e4c	 x14:0xc705cf9d
      114375000	     11338	80007e4c	004c1233	sll	x4,x24,x4	 x24:0x0ad0e001  x4:0x00000001  x4=0x15a1c002
      114385000	     11339	80007e50	022ee963	bltu	x29,x2,80007e82	 x29:0x00000001  x2:0x00000000
      114755000	     11376	80007e54	031bf3b3	remu	x7,x23,x17	 x23:0xffffffff x17:0x00014315  x7=0x0000d447
      114765000	     11377	80007e58	e98a4f13	xori	x30,x20,-360	 x20:0x00000000 x30=0xfffffe98
      114775000	     11378	80007e5c	58fd	c.li	x17,-1	 x17=0xffffffff
      114785000	     11379	80007e5e	402a53b3	sra	x7,x20,x2	 x20:0x00000000  x2:0x00000000  x7=0x00000000
      114795000	     11380	80007e62	e299	c.bnez	x13,80007e68	 x13:0xffc001ff
      114815000	     11382	80007e68	0a41d997	auipc	x19,0xa41d	 x19=0x8a424e68
      114835000	     11384	80007e6c	02c9e133	rem	x2,x19,x12	 x19:0x8a424e68 x12:0x00000000  x2=0x8a424e68
      114845000	     11385	80007e70	88da	c.mv	x17,x22	  x0:0x00000000 x22:0x00000000 x17=0x00000000
      114855000	     11386	80007e72	9e42	c.add	x28,x16	 x28:0x00000000 x16:0xffffffff x28=0xffffffff
      114865000	     11387	80007e74	10356b93	ori	x23,x10,259	 x10:0x00000140 x23=0x00000143
      114875000	     11388	80007e78	2cddcf13	xori	x30,x27,717	 x27:0x0ad0e001 x30=0x0ad0e2cc
      114885000	     11389	80007e7c	8759	c.srai	x14,0x16	 x14:0xc705cf9d x14=0xffffff1c
      114895000	     11390	80007e7e	017473b3	and	x7,x8,x23	  x8:0x00000000 x23:0x00000143  x7=0x00000000
      114905000	     11391	80007e82	00be5e13	srli	x28,x28,0xb	 x28:0xffffffff x28=0x001fffff
      115275000	     11428	80007e86	02b9dab3	divu	x21,x19,x11	 x19:0x8a424e68 x11:0x80021e20 x21=0x00000001
      115315000	     11432	80007e8a	02b9b733	mulhu	x14,x19,x11	 x19:0x8a424e68 x11:0x80021e20 x14=0x45224bfd
      115325000	     11433	80007e8e	409487b3	sub	x15,x9,x9	  x9:0x00000000  x9:0x00000000 x15=0x00000000
      115365000	     11437	80007e92	02fe13b3	mulh	x7,x28,x15	 x28:0x001fffff x15:0x00000000  x7=0x00000000
      115375000	     11438	80007e96	8531	c.srai	x10,0xc	 x10:0x00000140 x10=0x00000000
      115385000	     11439	80007e98	0001	c.addi	x0,0	  x0:0x00000000  x0=0x00000000
      115395000	     11440	80007e9a	0109deb3	srl	x29,x19,x16	 x19:0x8a424e68 x16:0xffffffff x29=0x00000001
      115405000	     11441	80007e9e	01d6	c.slli	x3,0x15	  x3:0x00000018  x3=0x03000000
      115415000	     11442	80007ea0	8d35	c.xor	x10,x13	 x10:0x00000000 x13:0xffc001ff x10=0xffc001ff
      115425000	     11443	80007ea2	0194c563	blt	x9,x25,80007eac	  x9:0x00000000 x25:0x00000000
      115435000	     11444	80007ea6	8079	c.srli	x8,0x1e	  x8:0x00000000  x8=0x00000000
      115445000	     11445	80007ea8	014f0263	beq	x30,x20,80007eac	 x30:0x0ad0e2cc x20:0x00000000
      115455000	     11446	80007eac	8d25	c.xor	x10,x9	 x10:0xffc001ff  x9:0x00000000 x10=0xffc001ff
      115465000	     11447	80007eae	8ff5	c.and	x15,x13	 x15:0x00000000 x13:0xffc001ff x15=0x00000000
      115475000	     11448	80007eb0	8b59	c.andi	x14,22	 x14:0x45224bfd x14=0x00000014
      115485000	     11449	80007eb2	41d4	c.lw	x13,4(x11)	 x11:0x80021e20 x13=0x80008c52 PA:0x80021e24 load:0x80008c52
      115495000	     11450	80007eb4	013c3933	sltu	x18,x24,x19	 x24:0x0ad0e001 x19:0x8a424e68 x18=0x00000001
      115505000	     11451	80007eb8	03858593	addi	x11,x11,56	 x11:0x80021e20 x11=0x80021e58
      115515000	     11452	80007ebc	00331433	sll	x8,x6,x3	  x6:0x00000000  x3:0x03000000  x8=0x00000000
      115525000	     11453	80007ec0	0455	c.addi	x8,21	  x8:0x00000000  x8=0x00000015
      115565000	     11457	80007ec2	036110b3	mulh	x1,x2,x22	  x2:0x8a424e68 x22:0x00000000  x1=0x00000000
      115575000	     11458	80007ec6	00168793	addi	x15,x13,1	 x13:0x80008c52 x15=0x80008c53
      115585000	     11459	80007eca	8782	c.jr	x15	 x15:0x80008c53
      115605000	     11461	80008c52	8035	c.srli	x8,0xd	  x8:0x00000015  x8=0x00000000
      115615000	     11462	80008c54	009d1513	slli	x10,x26,0x9	 x26:0x00000001 x10=0x00000200
      115625000	     11463	80008c58	03656d63	bltu	x10,x22,80008c92	 x10:0x00000200 x22:0x00000000
      115635000	     11464	80008c5c	41a75e33	sra	x28,x14,x26	 x14:0x00000014 x26:0x00000001 x28=0x0000000a
      116005000	     11501	80008c60	03f25e33	divu	x28,x4,x31	  x4:0x15a1c002 x31:0x80025ce4 x28=0x00000000
      116015000	     11502	80008c64	0001d913	srli	x18,x3,0x0	  x3:0x03000000 x18=0x03000000
      116025000	     11503	80008c68	05f24263	blt	x4,x31,80008cac	  x4:0x15a1c002 x31:0x80025ce4
      116035000	     11504	80008c6c	0ff0000f	fence	iorw,iorw	
      116045000	     11505	80008c70	01cbeeb3	or	x29,x23,x28	 x23:0x00000143 x28:0x00000000 x29=0x00000143
      116055000	     11506	80008c74	001c5f13	srli	x30,x24,0x1	 x24:0x0ad0e001 x30=0x05687000
      116065000	     11507	80008c78	68e1fd93	andi	x27,x3,1678	  x3:0x03000000 x27=0x00000000
      116075000	     11508	80008c7c	e9940d13	addi	x26,x8,-359	  x8:0x00000000 x26=0xfffffe99
      116085000	     11509	80008c80	6161	c.addi16sp	x2,80	  x2:0x8a424e68  x2=0x8a424eb8
      116095000	     11510	80008c82	0f00	c.addi4spn	x8,x2,912	  x8=0x8a425248
      116115000	     11512	80008c84	0297fe33	remu	x28,x15,x9	 x15:0x80008c53  x9:0x00000000 x28=0x80008c53
      116125000	     11513	80008c88	00929533	sll	x10,x5,x9	  x5:0x000007ff  x9:0x00000000 x10=0x000007ff
      116135000	     11514	80008c8c	c3700c13	addi	x24,x0,-969	  x0:0x00000000 x24=0xfffffc37
      116145000	     11515	80008c90	8ead	c.xor	x13,x11	 x13:0x80008c52 x11:0x80021e58 x13=0x0002920a
      116155000	     11516	80008c92	0078f3b3	and	x7,x17,x7	 x17:0x00000000  x7:0x00000000  x7=0x00000000
      116165000	     11517	80008c96	0471e063	bltu	x3,x7,80008cd6	  x3:0x03000000  x7:0x00000000
      116175000	     11518	80008c9a	9a7d	c.andi	x12,-1	 x12:0x00000000 x12=0x00000000
      116185000	     11519	80008c9c	00529813	slli	x16,x5,0x5	  x5:0x000007ff x16=0x0000ffe0
      116225000	     11523	80008ca0	03923c33	mulhu	x24,x4,x25	  x4:0x15a1c002 x25:0x00000000 x24=0x00000000
      116235000	     11524	80008ca4	69b9	c.lui	x19,0xe	 x19=0x0000e000
      116245000	     11525	80008ca6	961a	c.add	x12,x6	 x12:0x00000000  x6:0x00000000 x12=0x00000000
      116255000	     11526	80008ca8	40c958b3	sra	x17,x18,x12	 x18:0x03000000 x12:0x00000000 x17=0x03000000
      116295000	     11530	80008cac	02ff1633	mulh	x12,x30,x15	 x30:0x05687000 x15:0x80008c53 x12=0xfd4bcaf6
      116305000	     11531	80008cb0	00d26433	or	x8,x4,x13	  x4:0x15a1c002 x13:0x0002920a  x8=0x15a3d20a
      116315000	     11532	80008cb4	0000100f	fence.i	
      116335000	     11534	80008cb8	06fa	c.slli	x13,0x1e	 x13:0x0002920a x13=0x80000000
      116345000	     11535	80008cba	8cb9	c.xor	x9,x14	  x9:0x00000000 x14:0x00000014  x9=0x00000014
      116355000	     11536	80008cbc	419adb93	srai	x23,x21,0x19	 x21:0x00000001 x23=0x00000000
      116365000	     11537	80008cc0	fc62c793	xori	x15,x5,-58	  x5:0x000007ff x15=0xfffff839
      116405000	     11541	80008cc4	03c42b33	mulhsu	x22,x8,x28	  x8:0x15a3d20a x28:0x80008c53 x22=0x0ad1f4e1
      116415000	     11542	80008cc8	6bc1	c.lui	x23,0x10	 x23=0x00010000
      116425000	     11543	80008cca	0000100f	fence.i	
      116455000	     11546	80008cce	40b2d813	srai	x16,x5,0xb	  x5:0x000007ff x16=0x00000000
      116825000	     11583	80008cd2	028cccb3	div	x25,x25,x8	 x25:0x00000000  x8:0x15a3d20a x25=0x00000000
      116835000	     11584	80008cd6	00ad1b93	slli	x23,x26,0xa	 x26:0xfffffe99 x23=0xfffa6400
      116845000	     11585	80008cda	8145	c.srli	x10,0x11	 x10:0x000007ff x10=0x00000000
      116855000	     11586	80008cdc	98fd	c.andi	x9,-1	  x9:0x00000014  x9=0x00000014
      116865000	     11587	80008cde	8f39	c.xor	x14,x14	 x14:0x00000014 x14:0x00000014 x14=0x00000000
      116875000	     11588	80008ce0	f10de293	ori	x5,x27,-240	 x27:0x00000000  x5=0xffffff10
      116885000	     11589	80008ce4	f2b2b613	sltiu	x12,x5,-213	  x5:0xffffff10 x12=0x00000001
      116895000	     11590	80008ce8	50244213	xori	x4,x8,1282	  x8:0x15a3d20a  x4=0x15a3d708
      116905000	     11591	80008cec	01a45893	srli	x17,x8,0x1a	  x8:0x15a3d20a x17=0x00000005
      116915000	     11592	80008cf0	00af70b3	and	x1,x30,x10	 x30:0x05687000 x10:0x00000000  x1=0x00000000
      116925000	     11593	80008cf4	8912	c.mv	x18,x4	  x0:0x00000000  x4:0x15a3d708 x18=0x15a3d708
      116935000	     11594	80008cf6	0001	c.addi	x0,0	  x0:0x00000000  x0=0x00000000
      116945000	     11595	80008cf8	47936793	ori	x15,x6,1145	  x6:0x00000000 x15=0x00000479
      116955000	     11596	80008cfc	8405	c.srai	x8,0x1	  x8:0x15a3d20a  x8=0x0ad1e905
      116965000	     11597	80008cfe	8566	c.mv	x10,x25	  x0:0x00000000 x25:0x00000000 x10=0x00000000
      117335000	     11634	80008d00	02cf43b3	div	x7,x30,x12	 x30:0x05687000 x12:0x00000001  x7=0x05687000
      117345000	     11635	80008d04	9eae	c.add	x29,x11	 x29:0x00000143 x11:0x80021e58 x29=0x80021f9b
      117355000	     11636	80008d06	a40712b7	lui	x5,0xa4071	  x5=0xa4071000
      117365000	     11637	80008d0a	4033d113	srai	x2,x7,0x3	  x7:0x05687000  x2=0x00ad0e00
      117375000	     11638	80008d0e	0001	c.addi	x0,0	  x0:0x00000000  x0=0x00000000
      117385000	     11639	80008d10	80f5	c.srli	x9,0x1d	  x9:0x00000014  x9=0x00000000
      117395000	     11640	80008d12	29fd4eb7	lui	x29,0x29fd4	 x29=0x29fd4000
      117405000	     11641	80008d16	00d50263	beq	x10,x13,80008d1a	 x10:0x00000000 x13:0x80000000
      117415000	     11642	80008d1a	80a1	c.srli	x9,0x8	  x9:0x00000000  x9=0x00000000
      117425000	     11643	80008d1c	00cd19b3	sll	x19,x26,x12	 x26:0xfffffe99 x12:0x00000001 x19=0xfffffd32
      117435000	     11644	80008d20	9336c413	xori	x8,x13,-1741	 x13:0x80000000  x8=0x7ffff933
      117475000	     11648	80008d24	02b411b3	mulh	x3,x8,x11	  x8:0x7ffff933 x11:0x80021e58  x3=0xc0011292
      117485000	     11649	80008d28	03758f63	beq	x11,x23,80008d66	 x11:0x80021e58 x23:0xfffa6400
      117495000	     11650	80008d2c	1408	c.addi4spn	x10,x2,544	 x10=0x00ad1020
      117535000	     11654	80008d2e	025a2c33	mulhsu	x24,x20,x5	 x20:0x00000000  x5:0xa4071000 x24=0x00000000
      117545000	     11655	80008d32	8c95	c.sub	x9,x13	  x9:0x00000000 x13:0x80000000  x9=0x80000000
      117555000	     11656	80008d34	89de5637	lui	x12,0x89de5	 x12=0x89de5000
      117565000	     11657	80008d38	8d3d	c.xor	x10,x15	 x10:0x00ad1020 x15:0x00000479 x10=0x00ad1459
      117575000	     11658	80008d3a	01ebb433	sltu	x8,x23,x30	 x23:0xfffa6400 x30:0x05687000  x8=0x00000000
      117945000	     11695	80008d3e	0231d7b3	divu	x15,x3,x3	  x3:0xc0011292  x3:0xc0011292 x15=0x00000001
      117955000	     11696	80008d42	8f9d	c.sub	x15,x15	 x15:0x00000001 x15:0x00000001 x15=0x00000000
      117995000	     11700	80008d44	033f3233	mulhu	x4,x30,x19	 x30:0x05687000 x19:0xfffffd32  x4=0x05686ff0
      118005000	     11701	80008d48	03704563	blt	x0,x23,80008d72	  x0:0x00000000 x23:0xfffa6400
      118015000	     11702	80008d4c	01747e33	and	x28,x8,x23	  x8:0x00000000 x23:0xfffa6400 x28=0x00000000
      118025000	     11703	80008d50	8ce5	c.and	x9,x9	  x9:0x80000000  x9:0x80000000  x9=0x80000000
      118035000	     11704	80008d52	00ea9f33	sll	x30,x21,x14	 x21:0x00000001 x14:0x00000000 x30=0x00000001
      118045000	     11705	80008d56	03767263	bgeu	x12,x23,80008d7a	 x12:0x89de5000 x23:0xfffa6400
      118055000	     11706	80008d5a	232c2013	slti	x0,x24,562	 x24:0x00000000  x0=0x00000000
      118065000	     11707	80008d5e	0001	c.addi	x0,0	  x0:0x00000000  x0=0x00000000
      118075000	     11708	80008d60	8c65	c.and	x8,x9	  x8:0x00000000  x9:0x80000000  x8=0x00000000
      118085000	     11709	80008d62	003c5a63	bge	x24,x3,80008d76	 x24:0x00000000  x3:0xc0011292
      118115000	     11712	80008d76	35b46213	ori	x4,x8,859	  x8:0x00000000  x4=0x0000035b
      118125000	     11713	80008d7a	8e19	c.sub	x12,x14	 x12:0x89de5000 x14:0x00000000 x12=0x89de5000
      118135000	     11714	80008d7c	35e77f17	auipc	x30,0x35e77	 x30=0xb5e7fd7c
      118175000	     11718	80008d80	02ae3733	mulhu	x14,x28,x10	 x28:0x00000000 x10:0x00ad1459 x14=0x00000000
      118185000	     11719	80008d84	0afa	c.slli	x21,0x1e	 x21:0x00000001 x21=0x40000000
      118195000	     11720	80008d86	03f0fb63	bgeu	x1,x31,80008dbc	  x1:0x00000000 x31:0x80025ce4
      118205000	     11721	80008d8a	8f91	c.sub	x15,x12	 x15:0x00000000 x12:0x89de5000 x15=0x7621b000
      118215000	     11722	80008d8c	0ff0000f	fence	iorw,iorw	
      118225000	     11723	80008d90	c881b817	auipc	x16,0xc881b	 x16=0x48823d90
      118235000	     11724	80008d94	000c0b63	beq	x24,x0,80008daa	 x24:0x00000000  x0:0x00000000
      118255000	     11726	80008daa	6b95	c.lui	x23,0x5	 x23=0x00005000
      118265000	     11727	80008dac	40a65993	srai	x19,x12,0xa	 x12:0x89de5000 x19=0xffe27794
      118285000	     11729	80008db0	020dcb33	div	x22,x27,x0	 x27:0x00000000  x0:0x00000000 x22=0xffffffff
      118295000	     11730	80008db4	8fb5	c.xor	x15,x13	 x15:0x7621b000 x13:0x80000000 x15=0xf621b000
      118305000	     11731	80008db6	8b92	c.mv	x23,x4	  x0:0x00000000  x4:0x0000035b x23=0x0000035b
      118315000	     11732	80008db8	0047dd33	srl	x26,x15,x4	 x15:0xf621b000  x4:0x0000035b x26=0x0000001e
      118325000	     11733	80008dbc	02eeca63	blt	x29,x14,80008df0	 x29:0x29fd4000 x14:0x00000000
      118335000	     11734	80008dc0	000d5813	srli	x16,x26,0x0	 x26:0x0000001e x16=0x0000001e
      118345000	     11735	80008dc4	000311b3	sll	x3,x6,x0	  x6:0x00000000  x0:0x00000000  x3=0x00000000
      118355000	     11736	80008dc8	01a84733	xor	x14,x16,x26	 x16:0x0000001e x26:0x0000001e x14=0x00000000
      118365000	     11737	80008dcc	6ab9	c.lui	x21,0xe	 x21=0x0000e000
      118405000	     11741	80008dce	035cb4b3	mulhu	x9,x25,x21	 x25:0x00000000 x21:0x0000e000  x9=0x00000000
      118415000	     11742	80008dd2	6719	c.lui	x14,0x6	 x14=0x00006000
      118785000	     11779	80008dd4	036967b3	rem	x15,x18,x22	 x18:0x15a3d708 x22:0xffffffff x15=0x00000000
      118795000	     11780	80008dd8	0104f2b3	and	x5,x9,x16	  x9:0x00000000 x16:0x0000001e  x5=0x00000000
      118805000	     11781	80008ddc	1f04	c.addi4spn	x9,x2,944	  x9=0x00ad11b0
      118815000	     11782	80008dde	717d	c.addi16sp	x2,-16	  x2:0x00ad0e00  x2=0x00ad0df0
      118825000	     11783	80008de0	6e09	c.lui	x28,0x2	 x28=0x00002000
      118835000	     11784	80008de2	4541	c.li	x10,16	 x10=0x00000010
      118845000	     11785	80008de4	45ea4a93	xori	x21,x20,1118	 x20:0x00000000 x21=0x0000045e
      118855000	     11786	80008de8	00bcfb33	and	x22,x25,x11	 x25:0x00000000 x11:0x80021e58 x22=0x00000000
      118865000	     11787	80008dec	01638963	beq	x7,x22,80008dfe	  x7:0x05687000 x22:0x00000000
      118875000	     11788	80008df0	0001	c.addi	x0,0	  x0:0x00000000  x0=0x00000000
      118885000	     11789	80008df2	68e5	c.lui	x17,0x19	 x17=0x00019000
      118895000	     11790	80008df4	fe1f7993	andi	x19,x30,-31	 x30:0xb5e7fd7c x19=0xb5e7fd60
      118905000	     11791	80008df8	0ff0000f	fence	iorw,iorw	
      118915000	     11792	80008dfc	c421	c.beqz	x8,80008e44	  x8:0x00000000
      118965000	     11797	80008e44	02a02433	mulhsu	x8,x0,x10	  x0:0x00000000 x10:0x00000010  x8=0x00000000
      118975000	     11798	80008e48	41ba0233	sub	x4,x20,x27	 x20:0x00000000 x27:0x00000000  x4=0x00000000
      118985000	     11799	80008e4c	1708	c.addi4spn	x10,x2,928	 x10=0x00ad1190
      118995000	     11800	80008e4e	8e25	c.xor	x12,x9	 x12:0x89de5000  x9:0x00ad11b0 x12=0x897341b0
      119005000	     11801	80008e50	80fd	c.srli	x9,0x1f	  x9:0x00ad11b0  x9=0x00000000
      119015000	     11802	80008e52	87f1	c.srai	x15,0x1c	 x15:0x00000000 x15=0x00000000
      119025000	     11803	80008e54	44846d97	auipc	x27,0x44846	 x27=0xc484ee54
      119035000	     11804	80008e58	805d	c.srli	x8,0x17	  x8:0x00000000  x8=0x00000000
      119045000	     11805	80008e5a	0788	c.addi4spn	x10,x2,960	 x10=0x00ad11b0
      119055000	     11806	80008e5c	0ff0000f	fence	iorw,iorw	
      119065000	     11807	80008e60	147d	c.addi	x8,-1	  x8:0x00000000  x8=0xffffffff
      119075000	     11808	80008e62	9b7d	c.andi	x14,-1	 x14:0x00006000 x14=0x00006000
      119085000	     11809	80008e64	177d	c.addi	x14,-1	 x14:0x00006000 x14=0x00005fff
      119095000	     11810	80008e66	8971	c.andi	x10,28	 x10:0x00ad11b0 x10=0x00000010
      119105000	     11811	80008e68	02146063	bltu	x8,x1,80008e88	  x8:0xffffffff  x1:0x00000000
      119115000	     11812	80008e6c	2c769c17	auipc	x24,0x2c769	 x24=0xac771e6c
      119125000	     11813	80008e70	400ad533	sra	x10,x21,x0	 x21:0x0000045e  x0:0x00000000 x10=0x0000045e
      119135000	     11814	80008e74	8aa5	c.andi	x13,9	 x13:0x80000000 x13=0x00000000
      119145000	     11815	80008e76	0154e463	bltu	x9,x21,80008e7e	  x9:0x00000000 x21:0x0000045e
      119175000	     11818	80008e7e	02605563	bge	x0,x6,80008ea8	  x0:0x00000000  x6:0x00000000
      119195000	     11820	80008ea8	01611293	slli	x5,x2,0x16	  x2:0x00ad0df0  x5=0x7c000000
      119205000	     11821	80008eac	8fa5	c.xor	x15,x9	 x15:0x00000000  x9:0x00000000 x15=0x00000000
      119215000	     11822	80008eae	9afd	c.andi	x13,-1	 x13:0x00000000 x13=0x00000000
      119585000	     11859	80008eb0	037749b3	div	x19,x14,x23	 x14:0x00005fff x23:0x0000035b x19=0x0000001c
      119595000	     11860	80008eb4	41ed50b3	sra	x1,x26,x30	 x26:0x0000001e x30:0xb5e7fd7c  x1=0x00000000
      119605000	     11861	80008eb8	000b9f63	bne	x23,x0,80008ed6	 x23:0x0000035b  x0:0x00000000
      119625000	     11863	80008ed6	8d71	c.and	x10,x12	 x10:0x0000045e x12:0x897341b0 x10=0x00000010
      119995000	     11900	80008ed8	035b56b3	divu	x13,x22,x21	 x22:0x00000000 x21:0x0000045e x13=0x00000000
      120005000	     11901	80008edc	0000100f	fence.i	
      120025000	     11903	80008ee0	9f12	c.add	x30,x4	 x30:0xb5e7fd7c  x4:0x00000000 x30=0xb5e7fd7c
      120035000	     11904	80008ee2	018953b3	srl	x7,x18,x24	 x18:0x15a3d708 x24:0xac771e6c  x7=0x00015a3d
      120045000	     11905	80008ee6	8f4d	c.or	x14,x11	 x14:0x00005fff x11:0x80021e58 x14=0x80025fff
      120415000	     11942	80008ee8	033fcdb3	div	x27,x31,x19	 x31:0x80025ce4 x19:0x0000001c x27=0xfb6dcc76
      120425000	     11943	80008eec	408d5913	srai	x18,x26,0x8	 x26:0x0000001e x18=0x00000000
      120435000	     11944	80008ef0	e089	c.bnez	x9,80008ef2	  x9:0x00000000
      120445000	     11945	80008ef2	8a24c713	xori	x14,x9,-1886	  x9:0x00000000 x14=0xfffff8a2
      120455000	     11946	80008ef6	0609	c.addi	x12,2	 x12:0x897341b0 x12=0x897341b2
      120465000	     11947	80008ef8	0001	c.addi	x0,0	  x0:0x00000000  x0=0x00000000
      120475000	     11948	80008efa	8baa	c.mv	x23,x10	  x0:0x00000000 x10:0x00000010 x23=0x00000010
      120485000	     11949	80008efc	0ff0000f	fence	iorw,iorw	
      120495000	     11950	80008f00	40d25393	srai	x7,x4,0xd	  x4:0x00000000  x7=0x00000000
      120505000	     11951	80008f04	d3803113	sltiu	x2,x0,-712	  x0:0x00000000  x2=0x00000001
      120515000	     11952	80008f08	0d04	c.addi4spn	x9,x2,656	  x9=0x00000291
      120525000	     11953	80008f0a	1b02ce13	xori	x28,x5,432	  x5:0x7c000000 x28=0x7c0001b0
      120545000	     11955	80008f0e	02637033	remu	x0,x6,x6	  x6:0x00000000  x6:0x00000000  x0=0x00000000
      120555000	     11956	80008f12	01d144b3	xor	x9,x2,x29	  x2:0x00000001 x29:0x29fd4000  x9=0x29fd4001
      120925000	     11993	80008f16	03775633	divu	x12,x14,x23	 x14:0xfffff8a2 x23:0x00000010 x12=0x0fffff8a
      120935000	     11994	80008f1a	8eb5	c.xor	x13,x13	 x13:0x00000000 x13:0x00000000 x13=0x00000000
      120945000	     11995	80008f1c	0c3e	c.slli	x24,0xf	 x24:0xac771e6c x24=0x8f360000
      120955000	     11996	80008f1e	46b1	c.li	x13,12	 x13=0x0000000c
      120965000	     11997	80008f20	0001	c.addi	x0,0	  x0:0x00000000  x0=0x00000000
      120975000	     11998	80008f22	4279	c.li	x4,30	  x4=0x0000001e
      120985000	     11999	80008f24	00da7ab3	and	x21,x20,x13	 x20:0x00000000 x13:0x0000000c x21=0x00000000
      120995000	     12000	80008f28	7045f393	andi	x7,x11,1796	 x11:0x80021e58  x7=0x00000600
      121365000	     12037	80008f2c	02274a33	div	x20,x14,x2	 x14:0xfffff8a2  x2:0x00000001 x20=0xfffff8a2
      121375000	     12038	80008f30	8e7d	c.and	x12,x15	 x12:0x0fffff8a x15:0x00000000 x12=0x00000000
      121385000	     12039	80008f32	9f58b193	sltiu	x3,x17,-1547	 x17:0x00019000  x3=0x00000001
      121395000	     12040	80008f36	016a5e63	bge	x20,x22,80008f52	 x20:0xfffff8a2 x22:0x00000000
      121405000	     12041	80008f3a	8b6a	c.mv	x22,x26	  x0:0x00000000 x26:0x0000001e x22=0x0000001e
      121435000	     12044	80008f3c	02230633	mul	x12,x6,x2	  x6:0x00000000  x2:0x00000001 x12=0x00000000
      121445000	     12045	80008f40	eb09	c.bnez	x14,80008f52	 x14:0xfffff8a2
      121465000	     12047	80008f52	8ff9	c.and	x15,x14	 x15:0x00000000 x14:0xfffff8a2 x15=0x00000000
      121475000	     12048	80008f54	0d7e	c.slli	x26,0x1f	 x26:0x0000001e x26=0x00000000
      121485000	     12049	80008f56	8c41	c.or	x8,x8	  x8:0xffffffff  x8:0xffffffff  x8=0xffffffff
      121495000	     12050	80008f58	00f6b0b3	sltu	x1,x13,x15	 x13:0x0000000c x15:0x00000000  x1=0x00000000
      121505000	     12051	80008f5c	001f7963	bgeu	x30,x1,80008f6e	 x30:0xb5e7fd7c  x1:0x00000000
      121545000	     12055	80008f6e	020076b3	remu	x13,x0,x0	  x0:0x00000000  x0:0x00000000 x13=0x00000000
      121555000	     12056	80008f72	00a8d533	srl	x10,x17,x10	 x17:0x00019000 x10:0x00000010 x10=0x00000001
      121565000	     12057	80008f76	1e02b113	sltiu	x2,x5,480	  x5:0x7c000000  x2=0x00000000
      121575000	     12058	80008f7a	01dddc13	srli	x24,x27,0x1d	 x27:0xfb6dcc76 x24=0x00000007
      121595000	     12060	80008f7e	0225c533	div	x10,x11,x2	 x11:0x80021e58  x2:0x00000000 x10=0xffffffff
      121635000	     12064	80008f82	03d4a733	mulhsu	x14,x9,x29	  x9:0x29fd4001 x29:0x29fd4000 x14=0x06e31907
      121645000	     12065	80008f86	6ed5	c.lui	x29,0x15	 x29=0x00015000
      121675000	     12068	80008f88	022c8933	mul	x18,x25,x2	 x25:0x00000000  x2:0x00000000 x18=0x00000000
      121685000	     12069	80008f8c	002f5b93	srli	x23,x30,0x2	 x30:0xb5e7fd7c x23=0x2d79ff5f
      121715000	     12072	80008f90	03d80c33	mul	x24,x16,x29	 x16:0x0000001e x29:0x00015000 x24=0x00276000
      121725000	     12073	80008f94	0ff0000f	fence	iorw,iorw	
      121735000	     12074	80008f98	01fa5b63	bge	x20,x31,80008fae	 x20:0xfffff8a2 x31:0x80025ce4
      121755000	     12076	80008fae	4f39	c.li	x30,14	 x30=0x0000000e
      121765000	     12077	80008fb0	05ef6063	bltu	x30,x30,80008ff0	 x30:0x0000000e x30:0x0000000e
      121775000	     12078	80008fb4	69a1	c.lui	x19,0x8	 x19=0x00008000
      122145000	     12115	80008fb6	0374f3b3	remu	x7,x9,x23	  x9:0x29fd4001 x23:0x2d79ff5f  x7=0x29fd4001
      122155000	     12116	80008fba	40025d93	srai	x27,x4,0x0	  x4:0x0000001e x27=0x0000001e
      122165000	     12117	80008fbe	86f2	c.mv	x13,x28	  x0:0x00000000 x28:0x7c0001b0 x13=0x7c0001b0
      122175000	     12118	80008fc0	0192bb33	sltu	x22,x5,x25	  x5:0x7c000000 x25:0x00000000 x22=0x00000000
      122545000	     12155	80008fc4	02b6e633	rem	x12,x13,x11	 x13:0x7c0001b0 x11:0x80021e58 x12=0x7c0001b0
      122555000	     12156	80008fc8	019dfd33	and	x26,x27,x25	 x27:0x0000001e x25:0x00000000 x26=0x00000000
      122565000	     12157	80008fcc	0000100f	fence.i	
      122585000	     12159	80008fd0	00795233	srl	x4,x18,x7	 x18:0x00000000  x7:0x29fd4001  x4=0x00000000
      122595000	     12160	80008fd4	004f3933	sltu	x18,x30,x4	 x30:0x0000000e  x4:0x00000000 x18=0x00000000
      122605000	     12161	80008fd8	43922093	slti	x1,x4,1081	  x4:0x00000000  x1=0x00000001
      122975000	     12198	80008fdc	029fef33	rem	x30,x31,x9	 x31:0x80025ce4  x9:0x29fd4001 x30=0xfdfa1ce7
      122995000	     12200	80008fe0	02047633	remu	x12,x8,x0	  x8:0xffffffff  x0:0x00000000 x12=0xffffffff
      123005000	     12201	80008fe4	01bc1e93	slli	x29,x24,0x1b	 x24:0x00276000 x29=0x00000000
      123015000	     12202	80008fe8	a0c12513	slti	x10,x2,-1524	  x2:0x00000000 x10=0x00000000
      123025000	     12203	80008fec	6b0c23b7	lui	x7,0x6b0c2	  x7=0x6b0c2000
      123035000	     12204	80008ff0	c750ba13	sltiu	x20,x1,-907	  x1:0x00000001 x20=0x00000001
      123045000	     12205	80008ff4	00a39363	bne	x7,x10,80008ffa	  x7:0x6b0c2000 x10:0x00000000
      123075000	     12208	80008ffa	40005493	srai	x9,x0,0x0	  x0:0x00000000  x9=0x00000000
      123095000	     12210	80008ffe	02f7e633	rem	x12,x15,x15	 x15:0x00000000 x15:0x00000000 x12=0x00000000
      123105000	     12211	80009002	017059b3	srl	x19,x0,x23	  x0:0x00000000 x23:0x2d79ff5f x19=0x00000000
      123115000	     12212	80009006	815e	c.mv	x2,x23	  x0:0x00000000 x23:0x2d79ff5f  x2=0x2d79ff5f
      123125000	     12213	80009008	013d2233	slt	x4,x26,x19	 x26:0x00000000 x19:0x00000000  x4=0x00000000
      123135000	     12214	8000900c	8e8d	c.sub	x13,x11	 x13:0x7c0001b0 x11:0x80021e58 x13=0xfbfde358
      123145000	     12215	8000900e	99ba	c.add	x19,x14	 x19:0x00000000 x14:0x06e31907 x19=0x06e31907
      123155000	     12216	80009010	00f33933	sltu	x18,x6,x15	  x6:0x00000000 x15:0x00000000 x18=0x00000000
      123195000	     12220	80009014	03dbbb33	mulhu	x22,x23,x29	 x23:0x2d79ff5f x29:0x00000000 x22=0x00000000
      123205000	     12221	80009018	8d79	c.and	x10,x14	 x10:0x00000000 x14:0x06e31907 x10=0x00000000
      123215000	     12222	8000901a	0291d163	bge	x3,x9,8000903c	  x3:0x00000001  x9:0x00000000
      123235000	     12224	8000903c	018f9a63	bne	x31,x24,80009050	 x31:0x80025ce4 x24:0x00276000
      123255000	     12226	80009050	4f5daf13	slti	x30,x27,1269	 x27:0x0000001e x30=0x00000001
      123285000	     12229	80009054	03800cb3	mul	x25,x0,x24	  x0:0x00000000 x24:0x00276000 x25=0x00000000
      123295000	     12230	80009058	04d2	c.slli	x9,0x14	  x9:0x00000000  x9=0x00000000
      123335000	     12234	8000905a	03fd9bb3	mulh	x23,x27,x31	 x27:0x0000001e x31:0x80025ce4 x23=0xfffffff1
      123345000	     12235	8000905e	015b48b3	xor	x17,x22,x21	 x22:0x00000000 x21:0x00000000 x17=0x00000000
      123355000	     12236	80009062	00622f33	slt	x30,x4,x6	  x4:0x00000000  x6:0x00000000 x30=0x00000000
      123365000	     12237	80009066	01dcbb33	sltu	x22,x25,x29	 x25:0x00000000 x29:0x00000000 x22=0x00000000
      123375000	     12238	8000906a	75824e93	xori	x29,x4,1880	  x4:0x00000000 x29=0x00000758
      123385000	     12239	8000906e	8351	c.srli	x14,0x14	 x14:0x06e31907 x14=0x0000006e
      123395000	     12240	80009070	00d6b633	sltu	x12,x13,x13	 x13:0xfbfde358 x13:0xfbfde358 x12=0x00000000
      123405000	     12241	80009074	01a42d33	slt	x26,x8,x26	  x8:0xffffffff x26:0x00000000 x26=0x00000001
      123415000	     12242	80009078	033f8163	beq	x31,x19,8000909a	 x31:0x80025ce4 x19:0x06e31907
      123425000	     12243	8000907c	e8b3bd13	sltiu	x26,x7,-373	  x7:0x6b0c2000 x26=0x00000001
      123435000	     12244	80009080	0ff0000f	fence	iorw,iorw	
      123445000	     12245	80009084	04cb5463	bge	x22,x12,800090cc	 x22:0x00000000 x12:0x00000000
      123825000	     12283	800090cc	02dc66b3	rem	x13,x24,x13	 x24:0x00276000 x13:0xfbfde358 x13=0x00276000
      123835000	     12284	800090d0	01d591b3	sll	x3,x11,x29	 x11:0x80021e58 x29:0x00000758  x3=0x58000000
      123845000	     12285	800090d4	6d83bb93	sltiu	x23,x7,1752	  x7:0x6b0c2000 x23=0x00000000
      123855000	     12286	800090d8	a1f1ec93	ori	x25,x3,-1505	  x3:0x58000000 x25=0xfffffa1f
      123865000	     12287	800090dc	09b5	c.addi	x19,13	 x19:0x06e31907 x19=0x06e31914
      123875000	     12288	800090de	8f29	c.xor	x14,x10	 x14:0x0000006e x10:0x00000000 x14=0x0000006e
      124245000	     12325	800090e0	03985233	divu	x4,x16,x25	 x16:0x0000001e x25:0xfffffa1f  x4=0x00000000
      124255000	     12326	800090e4	0001	c.addi	x0,0	  x0:0x00000000  x0=0x00000000
      124265000	     12327	800090e6	ba1b0637	lui	x12,0xba1b0	 x12=0xba1b0000
      124635000	     12364	800090ea	03c4f633	remu	x12,x9,x28	  x9:0x00000000 x28:0x7c0001b0 x12=0x00000000
      124665000	     12367	800090ee	02318c33	mul	x24,x3,x3	  x3:0x58000000  x3:0x58000000 x24=0x00000000
      124675000	     12368	800090f2	8f71	c.and	x14,x12	 x14:0x0000006e x12:0x00000000 x14=0x00000000
      124685000	     12369	800090f4	997d	c.andi	x10,-1	 x10:0x00000000 x10=0x00000000
      124695000	     12370	800090f6	408b5693	srai	x13,x22,0x8	 x22:0x00000000 x13=0x00000000
      124705000	     12371	800090fa	0017cbb3	xor	x23,x15,x1	 x15:0x00000000  x1:0x00000001 x23=0x00000001
      124715000	     12372	800090fe	128f0393	addi	x7,x30,296	 x30:0x00000000  x7=0x00000128
      124725000	     12373	80009102	149c	c.addi4spn	x15,x2,608	 x15=0x2d7a01bf
      124765000	     12377	80009104	03df3833	mulhu	x16,x30,x29	 x30:0x00000000 x29:0x00000758 x16=0x00000000
      124775000	     12378	80009108	0000100f	fence.i	
      124805000	     12381	8000910c	0321c833	div	x16,x3,x18	  x3:0x58000000 x18:0x00000000 x16=0xffffffff
      124815000	     12382	80009110	8d2d	c.xor	x10,x11	 x10:0x00000000 x11:0x80021e58 x10=0x80021e58
      124825000	     12383	80009112	01d29093	slli	x1,x5,0x1d	  x5:0x7c000000  x1=0x00000000
      124835000	     12384	80009116	8fcd	c.or	x15,x11	 x15:0x2d7a01bf x11:0x80021e58 x15=0xad7a1fff
      124845000	     12385	80009118	e089	c.bnez	x9,8000911a	  x9:0x00000000
      124855000	     12386	8000911a	01abe263	bltu	x23,x26,8000911e	 x23:0x00000001 x26:0x00000001
      124895000	     12390	8000911e	02ffa8b3	mulhsu	x17,x31,x15	 x31:0x80025ce4 x15:0xad7a1fff x17=0xa94489e7
      124905000	     12391	80009122	032dd663	bge	x27,x18,8000914e	 x27:0x0000001e x18:0x00000000
      124925000	     12393	8000914e	6171	c.addi16sp	x2,336	  x2:0x2d79ff5f  x2=0x2d7a00af
      124935000	     12394	80009150	997d	c.andi	x10,-1	 x10:0x80021e58 x10=0x80021e58
      124945000	     12395	80009152	8f5d	c.or	x14,x15	 x14:0x00000000 x15:0xad7a1fff x14=0xad7a1fff
      124955000	     12396	80009154	8129	c.srli	x10,0xa	 x10:0x80021e58 x10=0x00200087
      124995000	     12400	80009156	03c7b9b3	mulhu	x19,x15,x28	 x15:0xad7a1fff x28:0x7c0001b0 x19=0x540728a4
      125005000	     12401	8000915a	01f183b3	add	x7,x3,x31	  x3:0x58000000 x31:0x80025ce4  x7=0xd8025ce4
      125015000	     12402	8000915e	0001	c.addi	x0,0	  x0:0x00000000  x0=0x00000000
      125025000	     12403	80009160	019073b3	and	x7,x0,x25	  x0:0x00000000 x25:0xfffffa1f  x7=0x00000000
      125035000	     12404	80009164	01c0ea63	bltu	x1,x28,80009178	  x1:0x00000000 x28:0x7c0001b0
      125055000	     12406	80009178	8c25	c.xor	x8,x9	  x8:0xffffffff  x9:0x00000000  x8=0xffffffff
      125095000	     12410	8000917a	03213033	mulhu	x0,x2,x18	  x2:0x2d7a00af x18:0x00000000  x0=0x00000000
      125105000	     12411	8000917e	e881	c.bnez	x9,8000918e	  x9:0x00000000
      125115000	     12412	80009180	87d5	c.srai	x15,0x15	 x15:0xad7a1fff x15=0xfffffd6b
      125125000	     12413	80009182	6129	c.addi16sp	x2,192	  x2:0x2d7a00af  x2=0x2d7a016f
      125165000	     12417	80009184	03949833	mulh	x16,x9,x25	  x9:0x00000000 x25:0xfffffa1f x16=0x00000000
      125185000	     12419	80009188	032bd8b3	divu	x17,x23,x18	 x23:0x00000001 x18:0x00000000 x17=0xffffffff
      125195000	     12420	8000918c	8795	c.srai	x15,0x5	 x15:0xfffffd6b x15=0xffffffeb
      125565000	     12457	8000918e	02f07e33	remu	x28,x0,x15	  x0:0x00000000 x15:0xffffffeb x28=0x00000000
      125575000	     12458	80009192	0af4ae13	slti	x28,x9,175	  x9:0x00000000 x28=0x00000001
      125585000	     12459	80009196	41bf5233	sra	x4,x30,x27	 x30:0x00000000 x27:0x0000001e  x4=0x00000000
      125595000	     12460	8000919a	01f4e863	bltu	x9,x31,800091aa	  x9:0x00000000 x31:0x80025ce4
      125615000	     12462	800091aa	0001	c.addi	x0,0	  x0:0x00000000  x0=0x00000000
      125625000	     12463	800091ac	8f16	c.mv	x30,x5	  x0:0x00000000  x5:0x7c000000 x30=0x7c000000
      125635000	     12464	800091ae	1290	c.addi4spn	x12,x2,352	 x12=0x2d7a02cf
      125675000	     12468	800091b0	02be1d33	mulh	x26,x28,x11	 x28:0x00000001 x11:0x80021e58 x26=0xffffffff
      125685000	     12469	800091b4	002a9233	sll	x4,x21,x2	 x21:0x00000000  x2:0x2d7a016f  x4=0x00000000
      125695000	     12470	800091b8	6e7373b7	lui	x7,0x6e737	  x7=0x6e737000
      125705000	     12471	800091bc	02bdef63	bltu	x27,x11,800091fa	 x27:0x0000001e x11:0x80021e58
      125725000	     12473	800091fa	157d	c.addi	x10,-1	 x10:0x00200087 x10=0x00200086
      126095000	     12510	800091fc	03e3fcb3	remu	x25,x7,x30	  x7:0x6e737000 x30:0x7c000000 x25=0x6e737000
      126105000	     12511	80009200	ec05	c.bnez	x8,80009238	  x8:0xffffffff
      126485000	     12549	80009238	02a4ee33	rem	x28,x9,x10	  x9:0x00000000 x10:0x00200086 x28=0x00000000
      126495000	     12550	8000923c	ca9d	c.beqz	x13,80009272	 x13:0x00000000
      126515000	     12552	80009272	4d65	c.li	x26,25	 x26=0x00000019
      126525000	     12553	80009274	8c39	c.xor	x8,x14	  x8:0xffffffff x14:0xad7a1fff  x8=0x5285e000
      126535000	     12554	80009276	8fc5	c.or	x15,x9	 x15:0xffffffeb  x9:0x00000000 x15=0xffffffeb
      126545000	     12555	80009278	8651	c.srai	x12,0x14	 x12:0x2d7a02cf x12=0x000002d7
      126555000	     12556	8000927a	8762	c.mv	x14,x24	  x0:0x00000000 x24:0x00000000 x14=0x00000000
      126565000	     12557	8000927c	0000100f	fence.i	
      126585000	     12559	80009280	8fcd	c.or	x15,x11	 x15:0xffffffeb x11:0x80021e58 x15=0xfffffffb
      126595000	     12560	80009282	8c19	c.sub	x8,x14	  x8:0x5285e000 x14:0x00000000  x8=0x5285e000
      126605000	     12561	80009284	8f25	c.xor	x14,x9	 x14:0x00000000  x9:0x00000000 x14=0x00000000
      126615000	     12562	80009286	24470a13	addi	x20,x14,580	 x14:0x00000000 x20=0x00000244
      126625000	     12563	8000928a	f60d5417	auipc	x8,0xf60d5	  x8=0x760de28a
      126995000	     12600	8000928e	02a642b3	div	x5,x12,x10	 x12:0x000002d7 x10:0x00200086  x5=0x00000000
      127005000	     12601	80009292	018b00b3	add	x1,x22,x24	 x22:0x00000000 x24:0x00000000  x1=0x00000000
      127375000	     12638	80009296	02b7df33	divu	x30,x15,x11	 x15:0xfffffffb x11:0x80021e58 x30=0x00000001
      127385000	     12639	8000929a	6f1d	c.lui	x30,0x7	 x30=0x00007000
      127395000	     12640	8000929c	40fcdc33	sra	x24,x25,x15	 x25:0x6e737000 x15:0xfffffffb x24=0x0000000d
      127405000	     12641	800092a0	00cce4b3	or	x9,x25,x12	 x25:0x6e737000 x12:0x000002d7  x9=0x6e7372d7
      127415000	     12642	800092a4	e321	c.bnez	x14,800092e4	 x14:0x00000000
      127425000	     12643	800092a6	01f26cb3	or	x25,x4,x31	  x4:0x00000000 x31:0x80025ce4 x25=0x80025ce4
      127435000	     12644	800092aa	8c8d	c.sub	x9,x11	  x9:0x6e7372d7 x11:0x80021e58  x9=0xee71547f
      127445000	     12645	800092ac	57d6bc13	sltiu	x24,x13,1405	 x13:0x00000000 x24=0x00000001
      127455000	     12646	800092b0	002981b3	add	x3,x19,x2	 x19:0x540728a4  x2:0x2d7a016f  x3=0x81812a13
      127465000	     12647	800092b4	03197463	bgeu	x18,x17,800092dc	 x18:0x00000000 x17:0xffffffff
      127475000	     12648	800092b8	8ea5	c.xor	x13,x9	 x13:0x00000000  x9:0xee71547f x13=0xee71547f
      127485000	     12649	800092ba	011b37b3	sltu	x15,x22,x17	 x22:0x00000000 x17:0xffffffff x15=0x00000001
      127495000	     12650	800092be	40ffd933	sra	x18,x31,x15	 x31:0x80025ce4 x15:0x00000001 x18=0xc0012e72
      127505000	     12651	800092c2	86c9	c.srai	x13,0x12	 x13:0xee71547f x13=0xfffffb9c
      127545000	     12655	800092c4	03efa7b3	mulhsu	x15,x31,x30	 x31:0x80025ce4 x30:0x00007000 x15=0xffffc801
      127555000	     12656	800092c8	8c89	c.sub	x9,x10	  x9:0xee71547f x10:0x00200086  x9=0xee5153f9
      127595000	     12660	800092ca	021197b3	mulh	x15,x3,x1	  x3:0x81812a13  x1:0x00000000 x15=0x00000000
      127605000	     12661	800092ce	6cc5f813	andi	x16,x11,1740	 x11:0x80021e58 x16=0x00000648
      127615000	     12662	800092d2	6959	c.lui	x18,0x16	 x18=0x00016000
      127625000	     12663	800092d4	9abbac97	auipc	x25,0x9abba	 x25=0x1abc32d4
      127635000	     12664	800092d8	00e038b3	sltu	x17,x0,x14	  x0:0x00000000 x14:0x00000000 x17=0x00000000
      127645000	     12665	800092dc	008251b3	srl	x3,x4,x8	  x4:0x00000000  x8:0x760de28a  x3=0x00000000
      128015000	     12702	800092e0	02a07ab3	remu	x21,x0,x10	  x0:0x00000000 x10:0x00200086 x21=0x00000000
      128025000	     12703	800092e4	07aa	c.slli	x15,0xa	 x15:0x00000000 x15=0x00000000
      128035000	     12704	800092e6	01de1c33	sll	x24,x28,x29	 x28:0x00000000 x29:0x00000758 x24=0x00000000
      128045000	     12705	800092ea	1b7d	c.addi	x22,-1	 x22:0x00000000 x22=0xffffffff
      128085000	     12709	800092ec	02853133	mulhu	x2,x10,x8	 x10:0x00200086  x8:0x760de28a  x2=0x000ec1fa
      128095000	     12710	800092f0	1114	c.addi4spn	x13,x2,160	 x13=0x000ec29a
      128105000	     12711	800092f2	0001	c.addi	x0,0	  x0:0x00000000  x0=0x00000000
      128115000	     12712	800092f4	41148633	sub	x12,x9,x17	  x9:0xee5153f9 x17:0x00000000 x12=0xee5153f9
      128125000	     12713	800092f8	0000100f	fence.i	
      128145000	     12715	800092fc	0001	c.addi	x0,0	  x0:0x00000000  x0=0x00000000
      128155000	     12716	800092fe	1104	c.addi4spn	x9,x2,160	  x9=0x000ec29a
      128165000	     12717	80009300	008f0f63	beq	x30,x8,8000931e	 x30:0x00007000  x8:0x760de28a
      128175000	     12718	80009304	6219	c.lui	x4,0x6	  x4=0x00006000
      128185000	     12719	80009306	0178dd33	srl	x26,x17,x23	 x17:0x00000000 x23:0x00000001 x26=0x00000000
      128195000	     12720	8000930a	0368ee63	bltu	x17,x22,80009346	 x17:0x00000000 x22:0xffffffff
      128225000	     12723	80009346	0000100f	fence.i	
      128255000	     12726	8000934a	6c3af213	andi	x4,x21,1731	 x21:0x00000000  x4=0x00000000
      128265000	     12727	8000934e	014f5f13	srli	x30,x30,0x14	 x30:0x00007000 x30=0x00000000
      128275000	     12728	80009352	4619	c.li	x12,6	 x12=0x00000006
      128285000	     12729	80009354	02000c63	beq	x0,x0,8000938c	  x0:0x00000000  x0:0x00000000
      128325000	     12733	8000938c	021a8b33	mul	x22,x21,x1	 x21:0x00000000  x1:0x00000000 x22=0x00000000
      128345000	     12735	80009390	02f4c433	div	x8,x9,x15	  x9:0x000ec29a x15:0x00000000  x8=0xffffffff
      128355000	     12736	80009394	9972	c.add	x18,x28	 x18:0x00016000 x28:0x00000000 x18=0x00016000
      128365000	     12737	80009396	d66e2e93	slti	x29,x28,-666	 x28:0x00000000 x29=0x00000000
      128375000	     12738	8000939a	027e1863	bne	x28,x7,800093ca	 x28:0x00000000  x7:0x6e737000
      128405000	     12741	800093ca	0000100f	fence.i	
      128425000	     12743	800093ce	8729	c.srai	x14,0xa	 x14:0x00000000 x14=0x00000000
      128435000	     12744	800093d0	717d	c.addi16sp	x2,-16	  x2:0x000ec1fa  x2=0x000ec1ea
      128445000	     12745	800093d2	5baa4d13	xori	x26,x20,1466	 x20:0x00000244 x26=0x000007fe
      128455000	     12746	800093d6	0001	c.addi	x0,0	  x0:0x00000000  x0=0x00000000
      128465000	     12747	800093d8	019c5113	srli	x2,x24,0x19	 x24:0x00000000  x2=0x00000000
      128835000	     12784	800093dc	028d7b33	remu	x22,x26,x8	 x26:0x000007fe  x8:0xffffffff x22=0x000007fe
      128845000	     12785	800093e0	00766b33	or	x22,x12,x7	 x12:0x00000006  x7:0x6e737000 x22=0x6e737006
      128855000	     12786	800093e4	9bde	c.add	x23,x23	 x23:0x00000001 x23:0x00000001 x23=0x00000002
      128865000	     12787	800093e6	00c17b63	bgeu	x2,x12,800093fc	  x2:0x00000000 x12:0x00000006
      128875000	     12788	800093ea	0d80	c.addi4spn	x8,x2,720	  x8=0x000002d0
      128915000	     12792	800093ec	0224a6b3	mulhsu	x13,x9,x2	  x9:0x000ec29a  x2:0x00000000 x13=0x00000000
      128925000	     12793	800093f0	41a15db3	sra	x27,x2,x26	  x2:0x00000000 x26:0x000007fe x27=0x00000000
      128935000	     12794	800093f4	01ae9413	slli	x8,x29,0x1a	 x29:0x00000000  x8=0x00000000
      128945000	     12795	800093f8	0037d233	srl	x4,x15,x3	 x15:0x00000000  x3:0x00000000  x4=0x00000000
      128975000	     12798	800093fc	038c09b3	mul	x19,x24,x24	 x24:0x00000000 x24:0x00000000 x19=0x00000000
      128995000	     12800	80009400	03e55233	divu	x4,x10,x30	 x10:0x00200086 x30:0x00000000  x4=0xffffffff
      129025000	     12803	80009404	03a286b3	mul	x13,x5,x26	  x5:0x00000000 x26:0x000007fe x13=0x00000000
      129035000	     12804	80009408	00ea6a63	bltu	x20,x14,8000941c	 x20:0x00000244 x14:0x00000000
      129045000	     12805	8000940c	08f2	c.slli	x17,0x1c	 x17:0x00000000 x17=0x00000000
      129055000	     12806	8000940e	40f45893	srai	x17,x8,0xf	  x8:0x00000000 x17=0x00000000
      129065000	     12807	80009412	8c85	c.sub	x9,x9	  x9:0x000ec29a  x9:0x000ec29a  x9=0x00000000
      129075000	     12808	80009414	0066ccb3	xor	x25,x13,x6	 x13:0x00000000  x6:0x00000000 x25=0x00000000
      129085000	     12809	80009418	0180b533	sltu	x10,x1,x24	  x1:0x00000000 x24:0x00000000 x10=0x00000000
      129095000	     12810	8000941c	090a	c.slli	x18,0x2	 x18:0x00016000 x18=0x00058000
      129105000	     12811	8000941e	0ff0000f	fence	iorw,iorw	
      129125000	     12813	80009422	035f77b3	remu	x15,x30,x21	 x30:0x00000000 x21:0x00000000 x15=0x00000000
      129135000	     12814	80009426	0001	c.addi	x0,0	  x0:0x00000000  x0=0x00000000
      129145000	     12815	80009428	01068eb3	add	x29,x13,x16	 x13:0x00000000 x16:0x00000648 x29=0x00000648
      129155000	     12816	8000942c	00d54f63	blt	x10,x13,8000944a	 x10:0x00000000 x13:0x00000000
      129165000	     12817	80009430	a8724613	xori	x12,x4,-1401	  x4:0xffffffff x12=0x00000578
      129175000	     12818	80009434	0dbd	c.addi	x27,15	 x27:0x00000000 x27=0x0000000f
      129185000	     12819	80009436	1b498793	addi	x15,x19,436	 x19:0x00000000 x15=0x000001b4
      129195000	     12820	8000943a	00f7e133	or	x2,x15,x15	 x15:0x000001b4 x15:0x000001b4  x2=0x000001b4
      129205000	     12821	8000943e	717d	c.addi16sp	x2,-16	  x2:0x000001b4  x2=0x000001a4
      129215000	     12822	80009440	91ea	c.add	x3,x26	  x3:0x00000000 x26:0x000007fe  x3=0x000007fe
      129585000	     12859	80009442	03dc41b3	div	x3,x24,x29	 x24:0x00000000 x29:0x00000648  x3=0x00000000
      129595000	     12860	80009446	603c4113	xori	x2,x24,1539	 x24:0x00000000  x2=0x00000603
      129605000	     12861	8000944a	41a45093	srai	x1,x8,0x1a	  x8:0x00000000  x1=0x00000000
      129615000	     12862	8000944e	0001	c.addi	x0,0	  x0:0x00000000  x0=0x00000000
      129635000	     12864	80009450	038decb3	rem	x25,x27,x24	 x27:0x0000000f x24:0x00000000 x25=0x0000000f
      129645000	     12865	80009454	8f25	c.xor	x14,x9	 x14:0x00000000  x9:0x00000000 x14=0x00000000
      129655000	     12866	80009456	0153ce63	blt	x7,x21,80009472	  x7:0x6e737000 x21:0x00000000
      129665000	     12867	8000945a	0c00	c.addi4spn	x8,x2,528	  x8=0x00000813
      129675000	     12868	8000945c	8c41	c.or	x8,x8	  x8:0x00000813  x8:0x00000813  x8=0x00000813
      129685000	     12869	8000945e	0374ef63	bltu	x9,x23,8000949c	  x9:0x00000000 x23:0x00000002
      129705000	     12871	8000949c	8d75	c.and	x10,x13	 x10:0x00000000 x13:0x00000000 x10=0x00000000
      129715000	     12872	8000949e	6ae6b813	sltiu	x16,x13,1710	 x13:0x00000000 x16=0x00000001
      129725000	     12873	800094a2	04494663	blt	x18,x4,800094ee	 x18:0x00058000  x4:0xffffffff
      129735000	     12874	800094a6	01be5293	srli	x5,x28,0x1b	 x28:0x00000000  x5=0x00000000
      129745000	     12875	800094aa	8041	c.srli	x8,0x10	  x8:0x00000813  x8=0x00000000
      129755000	     12876	800094ac	ea48e713	ori	x14,x17,-348	 x17:0x00000000 x14=0xfffffea4
      129765000	     12877	800094b0	00bfbeb3	sltu	x29,x31,x11	 x31:0x80025ce4 x11:0x80021e58 x29=0x00000000
      129775000	     12878	800094b4	ba5acd13	xori	x26,x21,-1115	 x21:0x00000000 x26=0xfffffba5
      129785000	     12879	800094b8	0001	c.addi	x0,0	  x0:0x00000000  x0=0x00000000
      129795000	     12880	800094ba	dcb03793	sltiu	x15,x0,-565	  x0:0x00000000 x15=0x00000001
      129805000	     12881	800094be	77454e93	xori	x29,x10,1908	 x10:0x00000000 x29=0x00000774
      129815000	     12882	800094c2	0000100f	fence.i	
      129835000	     12884	800094c6	94be	c.add	x9,x15	  x9:0x00000000 x15:0x00000001  x9=0x00000001
      129845000	     12885	800094c8	22169a97	auipc	x21,0x22169	 x21=0xa21724c8
      129855000	     12886	800094cc	716c7d93	andi	x27,x24,1814	 x24:0x00000000 x27=0x00000000
      129865000	     12887	800094d0	b29fe6ef	jal	x13,80007ff8	 x13=0x800094d4
      129885000	     12889	80007ff8	a313f913	andi	x18,x7,-1487	  x7:0x6e737000 x18=0x6e737000
      129895000	     12890	80007ffc	d3ed8213	addi	x4,x27,-706	 x27:0x00000000  x4=0xfffffd3e
      129905000	     12891	80008000	6367bd93	sltiu	x27,x15,1590	 x15:0x00000001 x27=0x00000001
      129915000	     12892	80008004	01d39763	bne	x7,x29,80008012	  x7:0x6e737000 x29:0x00000774
      129945000	     12895	80008012	fd458593	addi	x11,x11,-44	 x11:0x80021e58 x11=0x80021e2c
      129955000	     12896	80008016	c1d4	c.sw	x13,4(x11)	 x11:0x80021e2c x13:0x800094d4 PA:0x80021e30 store:0x800094d4 load:0x00000000
      129965000	     12897	80008018	40a8dd93	srai	x27,x17,0xa	 x17:0x00000000 x27=0x00000000
      130005000	     12901	8000801c	024bb1b3	mulhu	x3,x23,x4	 x23:0x00000002  x4:0xfffffd3e  x3=0x00000001
      130015000	     12902	80008020	03f17463	bgeu	x2,x31,80008048	  x2:0x00000603 x31:0x80025ce4
      130025000	     12903	80008024	dc3e7993	andi	x19,x28,-573	 x28:0x00000000 x19=0x00000000
      130035000	     12904	80008028	01eefeb3	and	x29,x29,x30	 x29:0x00000774 x30:0x00000000 x29=0x00000000
      130045000	     12905	8000802c	03156863	bltu	x10,x17,8000805c	 x10:0x00000000 x17:0x00000000
      130055000	     12906	80008030	01b8a1b3	slt	x3,x17,x27	 x17:0x00000000 x27:0x00000000  x3=0x00000000
      130065000	     12907	80008034	8cc9	c.or	x9,x10	  x9:0x00000001 x10:0x00000000  x9=0x00000001
      130105000	     12911	80008036	027faa33	mulhsu	x20,x31,x7	 x31:0x80025ce4  x7:0x6e737000 x20=0xc8c74cfa
      130115000	     12912	8000803a	1484	c.addi4spn	x9,x2,608	  x9=0x00000863
      130125000	     12913	8000803c	04663b93	sltiu	x23,x12,70	 x12:0x00000578 x23=0x00000000
      130145000	     12915	80008040	025e5ab3	divu	x21,x28,x5	 x28:0x00000000  x5:0x00000000 x21=0xffffffff
      130155000	     12916	80008044	00a10db3	add	x27,x2,x10	  x2:0x00000603 x10:0x00000000 x27=0x00000603
      130165000	     12917	80008048	8ce5	c.and	x9,x9	  x9:0x00000863  x9:0x00000863  x9=0x00000863
      130175000	     12918	8000804a	1772e017	auipc	x0,0x1772e	  x0=0x00000000
      130545000	     12955	8000804e	029aee33	rem	x28,x21,x9	 x21:0xffffffff  x9:0x00000863 x28=0xffffffff
      130555000	     12956	80008052	412ed713	srai	x14,x29,0x12	 x29:0x00000000 x14=0x00000000
      130565000	     12957	80008056	10fd	c.addi	x1,-1	  x1:0x00000000  x1=0xffffffff
      130605000	     12961	80008058	03a3b133	mulhu	x2,x7,x26	  x7:0x6e737000 x26:0xfffffba5  x2=0x6e736e1e
      130615000	     12962	8000805c	76478493	addi	x9,x15,1892	 x15:0x00000001  x9=0x00000765
      130625000	     12963	80008060	8d61	c.and	x10,x8	 x10:0x00000000  x8:0x00000000 x10=0x00000000
      130635000	     12964	80008062	08c6f993	andi	x19,x13,140	 x13:0x800094d4 x19=0x00000084
      130645000	     12965	80008066	0000100f	fence.i	
      130675000	     12968	8000806a	01795e93	srli	x29,x18,0x17	 x18:0x6e737000 x29=0x000000dc
      130685000	     12969	8000806e	0ff0000f	fence	iorw,iorw	
      130695000	     12970	80008072	2bfee813	ori	x16,x29,703	 x29:0x000000dc x16=0x000002ff
      130705000	     12971	80008076	41890f33	sub	x30,x18,x24	 x18:0x6e737000 x24:0x00000000 x30=0x6e737000
      130745000	     12975	8000807a	03b29733	mulh	x14,x5,x27	  x5:0x00000000 x27:0x00000603 x14=0x00000000
      130755000	     12976	8000807e	00f1c633	xor	x12,x3,x15	  x3:0x00000000 x15:0x00000001 x12=0x00000001
      130765000	     12977	80008082	82ba	c.mv	x5,x14	  x0:0x00000000 x14:0x00000000  x5=0x00000000
      130775000	     12978	80008084	02394363	blt	x18,x3,800080aa	 x18:0x6e737000  x3:0x00000000
      130785000	     12979	80008088	41df84b3	sub	x9,x31,x29	 x31:0x80025ce4 x29:0x000000dc  x9=0x80025c08
      130795000	     12980	8000808c	03851d63	bne	x10,x24,800080c6	 x10:0x00000000 x24:0x00000000
      130835000	     12984	80008090	02e4ac33	mulhsu	x24,x9,x14	  x9:0x80025c08 x14:0x00000000 x24=0x00000000
      130845000	     12985	80008094	01a33033	sltu	x0,x6,x26	  x6:0x00000000 x26:0xfffffba5  x0=0x00000000
      130855000	     12986	80008098	c889	c.beqz	x9,800080aa	  x9:0x80025c08
      130865000	     12987	8000809a	0053fa63	bgeu	x7,x5,800080ae	  x7:0x6e737000  x5:0x00000000
      130885000	     12989	800080ae	8e2d	c.xor	x12,x11	 x12:0x00000001 x11:0x80021e2c x12=0x80021e2d
      130895000	     12990	800080b0	5f7d	c.li	x30,-1	 x30=0xffffffff
      130905000	     12991	800080b2	9f79d997	auipc	x19,0x9f79d	 x19=0x1f7a50b2
      130915000	     12992	800080b6	6161	c.addi16sp	x2,80	  x2:0x6e736e1e  x2=0x6e736e6e
      130925000	     12993	800080b8	c009	c.beqz	x8,800080ba	  x8:0x00000000
      130955000	     12996	800080ba	00f4ba33	sltu	x20,x9,x15	  x9:0x80025c08 x15:0x00000001 x20=0x00000000
      131325000	     13033	800080be	0223d733	divu	x14,x7,x2	  x7:0x6e737000  x2:0x6e736e6e x14=0x00000001
      131335000	     13034	800080c2	417051b3	sra	x3,x0,x23	  x0:0x00000000 x23:0x00000000  x3=0x00000000
      131345000	     13035	800080c6	0061da93	srli	x21,x3,0x6	  x3:0x00000000 x21=0x00000000
      131355000	     13036	800080ca	90de	c.add	x1,x23	  x1:0xffffffff x23:0x00000000  x1=0xffffffff
      131365000	     13037	800080cc	0001	c.addi	x0,0	  x0:0x00000000  x0=0x00000000
      131375000	     13038	800080ce	40f95993	srai	x19,x18,0xf	 x18:0x6e737000 x19=0x0000dce6
      131405000	     13041	800080d2	03d501b3	mul	x3,x10,x29	 x10:0x00000000 x29:0x000000dc  x3=0x00000000
      131415000	     13042	800080d6	1c4b2093	slti	x1,x22,452	 x22:0x6e737006  x1=0x00000000
      131425000	     13043	800080da	0001	c.addi	x0,0	  x0:0x00000000  x0=0x00000000
      131435000	     13044	800080dc	29194e13	xori	x28,x18,657	 x18:0x6e737000 x28=0x6e737291
      131445000	     13045	800080e0	41d7d393	srai	x7,x15,0x1d	 x15:0x00000001  x7=0x00000000
      131455000	     13046	800080e4	412b8733	sub	x14,x23,x18	 x23:0x00000000 x18:0x6e737000 x14=0x918c9000
      131465000	     13047	800080e8	717d	c.addi16sp	x2,-16	  x2:0x6e736e6e  x2=0x6e736e5e
      131475000	     13048	800080ea	40adba93	sltiu	x21,x27,1034	 x27:0x00000603 x21=0x00000000
      131485000	     13049	800080ee	4844e813	ori	x16,x9,1156	  x9:0x80025c08 x16=0x80025c8c
      131495000	     13050	800080f2	8f75	c.and	x14,x13	 x14:0x918c9000 x13:0x800094d4 x14=0x80009000
      131505000	     13051	800080f4	0001	c.addi	x0,0	  x0:0x00000000  x0=0x00000000
      131515000	     13052	800080f6	147d	c.addi	x8,-1	  x8:0x00000000  x8=0xffffffff
      131525000	     13053	800080f8	c319	c.beqz	x14,800080fe	 x14:0x80009000
      131535000	     13054	800080fa	40d05ab3	sra	x21,x0,x13	  x0:0x00000000 x13:0x800094d4 x21=0x00000000
      131575000	     13058	800080fe	028b10b3	mulh	x1,x22,x8	 x22:0x6e737006  x8:0xffffffff  x1=0xffffffff
      131585000	     13059	80008102	00b36533	or	x10,x6,x11	  x6:0x00000000 x11:0x80021e2c x10=0x80021e2c
      131595000	     13060	80008106	8eb5	c.xor	x13,x13	 x13:0x800094d4 x13:0x800094d4 x13=0x00000000
      131605000	     13061	80008108	005d9a93	slli	x21,x27,0x5	 x27:0x00000603 x21=0x0000c060
      131615000	     13062	8000810c	8561	c.srai	x10,0x18	 x10:0x80021e2c x10=0xffffff80
      131625000	     13063	8000810e	00c43633	sltu	x12,x8,x12	  x8:0xffffffff x12:0x80021e2d x12=0x00000000
      131665000	     13067	80008112	024b3e33	mulhu	x28,x22,x4	 x22:0x6e737006  x4:0xfffffd3e x28=0x6e736ed5
      131675000	     13068	80008116	86fa	c.mv	x13,x30	  x0:0x00000000 x30:0xffffffff x13=0xffffffff
      131695000	     13070	80008118	03715cb3	divu	x25,x2,x23	  x2:0x6e736e5e x23:0x00000000 x25=0xffffffff
      131705000	     13071	8000811c	6141	c.addi16sp	x2,16	  x2:0x6e736e5e  x2=0x6e736e6e
      131715000	     13072	8000811e	0465f063	bgeu	x11,x6,8000815e	 x11:0x80021e2c  x6:0x00000000
      131745000	     13075	8000815e	0087fe33	and	x28,x15,x8	 x15:0x00000001  x8:0xffffffff x28=0x00000001
      131755000	     13076	80008162	8976	c.mv	x18,x29	  x0:0x00000000 x29:0x000000dc x18=0x000000dc
      131765000	     13077	80008164	84a9	c.srai	x9,0xa	  x9:0x80025c08  x9=0xffe00097
      131775000	     13078	80008166	0027bf33	sltu	x30,x15,x2	 x15:0x00000001  x2:0x6e736e6e x30=0x00000001
      132145000	     13115	8000816a	024fcb33	div	x22,x31,x4	 x31:0x80025ce4  x4:0xfffffd3e x22=0x002e6906
      132155000	     13116	8000816e	015fd133	srl	x2,x31,x21	 x31:0x80025ce4 x21:0x0000c060  x2=0x80025ce4
      132165000	     13117	80008172	40ae50b3	sra	x1,x28,x10	 x28:0x00000001 x10:0xffffff80  x1=0x00000001
      132175000	     13118	80008176	8d1d	c.sub	x10,x15	 x10:0xffffff80 x15:0x00000001 x10=0xffffff7f
      132205000	     13121	80008178	03d18133	mul	x2,x3,x29	  x3:0x00000000 x29:0x000000dc  x2=0x00000000
      132245000	     13125	8000817c	02f7a033	mulhsu	x0,x15,x15	 x15:0x00000001 x15:0x00000001  x0=0x00000000
      132255000	     13126	80008180	0000100f	fence.i	
      132275000	     13128	80008184	01dbe633	or	x12,x23,x29	 x23:0x00000000 x29:0x000000dc x12=0x000000dc
      132285000	     13129	80008188	40975e13	srai	x28,x14,0x9	 x14:0x80009000 x28=0xffc00048
      132295000	     13130	8000818c	4022d693	srai	x13,x5,0x2	  x5:0x00000000 x13=0x00000000
      132305000	     13131	80008190	8a55	c.andi	x12,21	 x12:0x000000dc x12=0x00000014
      132315000	     13132	80008192	b039f993	andi	x19,x19,-1277	 x19:0x0000dce6 x19=0x0000d802
      132325000	     13133	80008196	40020533	sub	x10,x4,x0	  x4:0xfffffd3e  x0:0x00000000 x10=0xfffffd3e
      132335000	     13134	8000819a	c695	c.beqz	x13,800081c6	 x13:0x00000000
      132375000	     13138	800081c6	02d2ecb3	rem	x25,x5,x13	  x5:0x00000000 x13:0x00000000 x25=0x00000000
      132415000	     13142	800081ca	03a31633	mulh	x12,x6,x26	  x6:0x00000000 x26:0xfffffba5 x12=0x00000000
      132425000	     13143	800081ce	001b7363	bgeu	x22,x1,800081d4	 x22:0x002e6906  x1:0x00000001
      132445000	     13145	800081d4	01043ab3	sltu	x21,x8,x16	  x8:0xffffffff x16:0x80025c8c x21=0x00000000
      132815000	     13182	800081d8	024e56b3	divu	x13,x28,x4	 x28:0xffc00048  x4:0xfffffd3e x13=0x00000000
      132825000	     13183	800081dc	0906	c.slli	x18,0x1	 x18:0x000000dc x18=0x000001b8
      132835000	     13184	800081de	01e78263	beq	x15,x30,800081e2	 x15:0x00000001 x30:0x00000001
      132865000	     13187	800081e2	02d7f763	bgeu	x15,x13,80008210	 x15:0x00000001 x13:0x00000000
      132885000	     13189	80008210	0193ea33	or	x20,x7,x25	  x7:0x00000000 x25:0x00000000 x20=0x00000000
      132895000	     13190	80008214	0ff0000f	fence	iorw,iorw	
      132905000	     13191	80008218	01dcddb3	srl	x27,x25,x29	 x25:0x00000000 x29:0x000000dc x27=0x00000000
      132915000	     13192	8000821c	0000100f	fence.i	
      132965000	     13197	80008220	03d13033	mulhu	x0,x2,x29	  x2:0x00000000 x29:0x000000dc  x0=0x00000000
      132975000	     13198	80008224	03bf0763	beq	x30,x27,80008252	 x30:0x00000001 x27:0x00000000
      132985000	     13199	80008228	801d	c.srli	x8,0x7	  x8:0xffffffff  x8=0x01ffffff
      132995000	     13200	8000822a	3cc64837	lui	x16,0x3cc64	 x16=0x3cc64000
      133005000	     13201	8000822e	6725	c.lui	x14,0x9	 x14=0x00009000
      133015000	     13202	80008230	028b0163	beq	x22,x8,80008252	 x22:0x002e6906  x8:0x01ffffff
      133025000	     13203	80008234	027af463	bgeu	x21,x7,8000825c	 x21:0x00000000  x7:0x00000000
      133045000	     13205	8000825c	e719	c.bnez	x14,8000826a	 x14:0x00009000
      133075000	     13208	8000826a	0000100f	fence.i	
      133105000	     13211	8000826e	015d3533	sltu	x10,x26,x21	 x26:0xfffffba5 x21:0x00000000 x10=0x00000000
      133115000	     13212	80008272	d5f419b7	lui	x19,0xd5f41	 x19=0xd5f41000
      133485000	     13249	80008276	030cf1b3	remu	x3,x25,x16	 x25:0x00000000 x16:0x3cc64000  x3=0x00000000
      133495000	     13250	8000827a	8329	c.srli	x14,0xa	 x14:0x00009000 x14=0x00000024
      133535000	     13254	8000827c	031d3733	mulhu	x14,x26,x17	 x26:0xfffffba5 x17:0x00000000 x14=0x00000000
      133575000	     13258	80008280	0366b8b3	mulhu	x17,x13,x22	 x13:0x00000000 x22:0x002e6906 x17=0x00000000
      133585000	     13259	80008284	912b7713	andi	x14,x22,-1774	 x22:0x002e6906 x14=0x002e6902
      133595000	     13260	80008288	f35ffe17	auipc	x28,0xf35ff	 x28=0x73607288
      133605000	     13261	8000828c	00be5213	srli	x4,x28,0xb	 x28:0x73607288  x4=0x000e6c0e
      133625000	     13263	80008290	03597d33	remu	x26,x18,x21	 x18:0x000001b8 x21:0x00000000 x26=0x000001b8
      133635000	     13264	80008294	6499	c.lui	x9,0x6	  x9=0x00006000
      134005000	     13301	80008296	024bdab3	divu	x21,x23,x4	 x23:0x00000000  x4:0x000e6c0e x21=0x00000000
      134045000	     13305	8000829a	03ab36b3	mulhu	x13,x22,x26	 x22:0x002e6906 x26:0x000001b8 x13=0x00000000
      134055000	     13306	8000829e	01d1d493	srli	x9,x3,0x1d	  x3:0x00000000  x9=0x00000000
      134065000	     13307	800082a2	01b35c13	srli	x24,x6,0x1b	  x6:0x00000000 x24=0x00000000
      134075000	     13308	800082a6	8c6d	c.and	x8,x11	  x8:0x01ffffff x11:0x80021e2c  x8=0x00021e2c
      134085000	     13309	800082a8	f28df113	andi	x2,x27,-216	 x27:0x00000000  x2=0x00000000
      134095000	     13310	800082ac	c3d3eb93	ori	x23,x7,-963	  x7:0x00000000 x23=0xfffffc3d
      134105000	     13311	800082b0	717d	c.addi16sp	x2,-16	  x2:0x00000000  x2=0xfffffff0
      134115000	     13312	800082b2	02c15063	bge	x2,x12,800082d2	  x2:0xfffffff0 x12:0x00000000
      134125000	     13313	800082b6	0388b113	sltiu	x2,x17,56	 x17:0x00000000  x2=0x00000001
      134135000	     13314	800082ba	8d75	c.and	x10,x13	 x10:0x00000000 x13:0x00000000 x10=0x00000000
      134145000	     13315	800082bc	8fa9	c.xor	x15,x10	 x15:0x00000001 x10:0x00000000 x15=0x00000001
      134515000	     13352	800082be	03c64ab3	div	x21,x12,x28	 x12:0x00000000 x28:0x73607288 x21=0x00000000
      134525000	     13353	800082c2	03750063	beq	x10,x23,800082e2	 x10:0x00000000 x23:0xfffffc3d
      134535000	     13354	800082c6	a580b213	sltiu	x4,x1,-1448	  x1:0x00000001  x4=0x00000001
      134545000	     13355	800082ca	01905db3	srl	x27,x0,x25	  x0:0x00000000 x25:0x00000000 x27=0x00000000
      134555000	     13356	800082ce	a80be513	ori	x10,x23,-1408	 x23:0xfffffc3d x10=0xfffffebd
      134565000	     13357	800082d2	03851363	bne	x10,x24,800082f8	 x10:0xfffffebd x24:0x00000000
      134585000	     13359	800082f8	a5817297	auipc	x5,0xa5817	  x5=0x2581f2f8
      134595000	     13360	800082fc	46a5	c.li	x13,9	 x13=0x00000009
      134625000	     13363	800082fe	034a84b3	mul	x9,x21,x20	 x21:0x00000000 x20:0x00000000  x9=0x00000000
      134635000	     13364	80008302	acb48393	addi	x7,x9,-1333	  x9:0x00000000  x7=0xfffffacb
      134645000	     13365	80008306	01731893	slli	x17,x6,0x17	  x6:0x00000000 x17=0x00000000
      134655000	     13366	8000830a	9bfd	c.andi	x15,-1	 x15:0x00000001 x15=0x00000001
      134665000	     13367	8000830c	987d	c.andi	x8,-1	  x8:0x00021e2c  x8=0x00021e2c
      134675000	     13368	8000830e	24298193	addi	x3,x19,578	 x19:0xd5f41000  x3=0xd5f41242
      134685000	     13369	80008312	0001	c.addi	x0,0	  x0:0x00000000  x0=0x00000000
      134695000	     13370	80008314	873d	c.srai	x14,0xf	 x14:0x002e6902 x14=0x0000005c
      134705000	     13371	80008316	8fc9	c.or	x15,x10	 x15:0x00000001 x10:0xfffffebd x15=0xfffffebd
      134715000	     13372	80008318	68f7ca13	xori	x20,x15,1679	 x15:0xfffffebd x20=0xfffff832
      134755000	     13376	8000831c	039e3bb3	mulhu	x23,x28,x25	 x28:0x73607288 x25:0x00000000 x23=0x00000000
      134765000	     13377	80008320	8cbd	c.xor	x9,x15	  x9:0x00000000 x15:0xfffffebd  x9=0xfffffebd
      134775000	     13378	80008322	1afd	c.addi	x21,-1	 x21:0x00000000 x21=0xffffffff
      134785000	     13379	80008324	bb484d13	xori	x26,x16,-1100	 x16:0x3cc64000 x26=0xc339bbb4
      135155000	     13416	80008328	02f8d433	divu	x8,x17,x15	 x17:0x00000000 x15:0xfffffebd  x8=0x00000000
      135165000	     13417	8000832c	03914863	blt	x2,x25,8000835c	  x2:0x00000001 x25:0x00000000
      135175000	     13418	80008330	5511e413	ori	x8,x3,1361	  x3:0xd5f41242  x8=0xd5f41753
      135185000	     13419	80008334	0001	c.addi	x0,0	  x0:0x00000000  x0=0x00000000
      135225000	     13423	80008336	020f32b3	mulhu	x5,x30,x0	 x30:0x00000001  x0:0x00000000  x5=0x00000000
      135235000	     13424	8000833a	008c5463	bge	x24,x8,80008342	 x24:0x00000000  x8:0xd5f41753
      135255000	     13426	80008342	06c2	c.slli	x13,0x10	 x13:0x00000009 x13=0x00090000
      135265000	     13427	80008344	102ce513	ori	x10,x25,258	 x25:0x00000000 x10=0x00000102
      135275000	     13428	80008348	01b5cd33	xor	x26,x11,x27	 x11:0x80021e2c x27:0x00000000 x26=0x80021e2c
      135285000	     13429	8000834c	0136d663	bge	x13,x19,80008358	 x13:0x00090000 x19:0xd5f41000
      135305000	     13431	80008358	01fd62b3	or	x5,x26,x31	 x26:0x80021e2c x31:0x80025ce4  x5=0x80025eec
      135315000	     13432	8000835c	00823233	sltu	x4,x4,x8	  x4:0x00000001  x8:0xd5f41753  x4=0x00000001
      135325000	     13433	80008360	0ada	c.slli	x21,0x16	 x21:0xffffffff x21=0xffc00000
      135695000	     13470	80008362	02a26eb3	rem	x29,x4,x10	  x4:0x00000001 x10:0x00000102 x29=0x00000001
      135705000	     13471	80008366	00466e63	bltu	x12,x4,80008382	 x12:0x00000000  x4:0x00000001
      135735000	     13474	80008382	0031ff33	and	x30,x3,x3	  x3:0xd5f41242  x3:0xd5f41242 x30=0xd5f41242
      135745000	     13475	80008386	01621ab3	sll	x21,x4,x22	  x4:0x00000001 x22:0x002e6906 x21=0x00000040
      135755000	     13476	8000838a	8f9d	c.sub	x15,x15	 x15:0xfffffebd x15:0xfffffebd x15=0x00000000
      135765000	     13477	8000838c	6095	c.lui	x1,0x5	  x1=0x00005000
      135775000	     13478	8000838e	8c7d	c.and	x8,x15	  x8:0xd5f41753 x15:0x00000000  x8=0x00000000
      136145000	     13515	80008390	030f6733	rem	x14,x30,x16	 x30:0xd5f41242 x16:0x3cc64000 x14=0xd5f41242
      136155000	     13516	80008394	091c	c.addi4spn	x15,x2,144	 x15=0x00000091
      136165000	     13517	80008396	89c2	c.mv	x19,x16	  x0:0x00000000 x16:0x3cc64000 x19=0x3cc64000
      136175000	     13518	80008398	c605	c.beqz	x12,800083c0	 x12:0x00000000
      136195000	     13520	800083c0	6805	c.lui	x16,0x1	 x16=0x00001000
      136205000	     13521	800083c2	03ba8163	beq	x21,x27,800083e4	 x21:0x00000040 x27:0x00000000
      136215000	     13522	800083c6	40575b13	srai	x22,x14,0x5	 x14:0xd5f41242 x22=0xfeafa092
      136225000	     13523	800083ca	8051	c.srli	x8,0x14	  x8:0x00000000  x8=0x00000000
      136235000	     13524	800083cc	d1f8f893	andi	x17,x17,-737	 x17:0x00000000 x17=0x00000000
      136245000	     13525	800083d0	009717b3	sll	x15,x14,x9	 x14:0xd5f41242  x9:0xfffffebd x15=0x40000000
      136255000	     13526	800083d4	8925	c.andi	x10,9	 x10:0x00000102 x10=0x00000000
      136265000	     13527	800083d6	8c79	c.and	x8,x14	  x8:0x00000000 x14:0xd5f41242  x8=0x00000000
      136275000	     13528	800083d8	01d564b3	or	x9,x10,x29	 x10:0x00000000 x29:0x00000001  x9=0x00000001
      136285000	     13529	800083dc	01634863	blt	x6,x22,800083ec	  x6:0x00000000 x22:0xfeafa092
      136325000	     13533	800083e0	02dca233	mulhsu	x4,x25,x13	 x25:0x00000000 x13:0x00090000  x4=0x00000000
      136335000	     13534	800083e4	0c80	c.addi4spn	x8,x2,592	  x8=0x00000251
      136345000	     13535	800083e6	d6491bb7	lui	x23,0xd6491	 x23=0xd6491000
      136355000	     13536	800083ea	8fa1	c.xor	x15,x8	 x15:0x40000000  x8:0x00000251 x15=0x40000251
      136365000	     13537	800083ec	cd968213	addi	x4,x13,-807	 x13:0x00090000  x4=0x0008fcd9
      136375000	     13538	800083f0	026bf563	bgeu	x23,x6,8000841a	 x23:0xd6491000  x6:0x00000000
      136405000	     13541	8000841a	00a52833	slt	x16,x10,x10	 x10:0x00000000 x10:0x00000000 x16=0x00000000
      136415000	     13542	8000841e	00d819b3	sll	x19,x16,x13	 x16:0x00000000 x13:0x00090000 x19=0x00000000
      136435000	     13544	80008422	02a35a33	divu	x20,x6,x10	  x6:0x00000000 x10:0x00000000 x20=0xffffffff
      136445000	     13545	80008426	0788	c.addi4spn	x10,x2,960	 x10=0x000003c1
      136455000	     13546	80008428	0001	c.addi	x0,0	  x0:0x00000000  x0=0x00000000
      136465000	     13547	8000842a	41d4	c.lw	x13,4(x11)	 x11:0x80021e2c x13=0x800094d4 PA:0x80021e30 load:0x800094d4
      136475000	     13548	8000842c	002f34b3	sltu	x9,x30,x2	 x30:0xd5f41242  x2:0x00000001  x9=0x00000000
      136485000	     13549	80008430	b25e6917	auipc	x18,0xb25e6	 x18=0x325ee430
      136505000	     13551	80008434	030bc9b3	div	x19,x23,x16	 x23:0xd6491000 x16:0x00000000 x19=0xffffffff
      136515000	     13552	80008438	4048d733	sra	x14,x17,x4	 x17:0x00000000  x4:0x0008fcd9 x14=0x00000000
      136525000	     13553	8000843c	02c58593	addi	x11,x11,44	 x11:0x80021e2c x11=0x80021e58
      136535000	     13554	80008440	6239	c.lui	x4,0xe	  x4=0x0000e000
      136545000	     13555	80008442	00068813	addi	x16,x13,0	 x13:0x800094d4 x16=0x800094d4
      136555000	     13556	80008446	8802	c.jr	x16	 x16:0x800094d4
      136575000	     13558	800094d4	0ff0000f	fence	iorw,iorw	
      136585000	     13559	800094d8	8ac7be97	auipc	x29,0x8ac7b	 x29=0x0ac844d8
      136625000	     13563	800094dc	03fc36b3	mulhu	x13,x24,x31	 x24:0x00000000 x31:0x80025ce4 x13=0x00000000
      136665000	     13567	800094e0	03cf1133	mulh	x2,x30,x28	 x30:0xd5f41242 x28:0x73607288  x2=0xed0cccea
      136675000	     13568	800094e4	0000100f	fence.i	
      136695000	     13570	800094e8	0193f433	and	x8,x7,x25	  x7:0xfffffacb x25:0x00000000  x8=0x00000000
      136705000	     13571	800094ec	8e1d	c.sub	x12,x15	 x12:0x00000000 x15:0x40000251 x12=0xbffffdaf
      136745000	     13575	800094ee	03f0be33	mulhu	x28,x1,x31	  x1:0x00005000 x31:0x80025ce4 x28=0x00002800
      136755000	     13576	800094f2	862e	c.mv	x12,x11	  x0:0x00000000 x11:0x80021e58 x12=0x80021e58
      137125000	     13613	800094f4	036de433	rem	x8,x27,x22	 x27:0x00000000 x22:0xfeafa092  x8=0x00000000
      137135000	     13614	800094f8	0001	c.addi	x0,0	  x0:0x00000000  x0=0x00000000
      137145000	     13615	800094fa	8f79	c.and	x14,x14	 x14:0x00000000 x14:0x00000000 x14=0x00000000
      137185000	     13619	800094fc	02822133	mulhsu	x2,x4,x8	  x4:0x0000e000  x8:0x00000000  x2=0x00000000
      137195000	     13620	80009500	03bcc963	blt	x25,x27,80009532	 x25:0x00000000 x27:0x00000000
      137205000	     13621	80009504	0ff0000f	fence	iorw,iorw	
      137215000	     13622	80009508	0e5e	c.slli	x28,0x17	 x28:0x00002800 x28=0x00000000
      137225000	     13623	8000950a	01659ab3	sll	x21,x11,x22	 x11:0x80021e58 x22:0xfeafa092 x21=0x79600000
      137235000	     13624	8000950e	00399833	sll	x16,x19,x3	 x19:0xffffffff  x3:0xd5f41242 x16=0xfffffffc
      137275000	     13628	80009512	03afa833	mulhsu	x16,x31,x26	 x31:0x80025ce4 x26:0x80021e2c x16=0xc0001f61
      137645000	     13665	80009516	0272e833	rem	x16,x5,x7	  x5:0x80025eec  x7:0xfffffacb x16=0xfffffb26
      137655000	     13666	8000951a	90084693	xori	x13,x16,-1792	 x16:0xfffffb26 x13=0x00000226
      137665000	     13667	8000951e	ce01	c.beqz	x12,80009536	 x12:0x80021e58
      137675000	     13668	80009520	00f54463	blt	x10,x15,80009528	 x10:0x000003c1 x15:0x40000251
      137695000	     13670	80009528	99ce	c.add	x19,x19	 x19:0xffffffff x19:0xffffffff x19=0xfffffffe
      137705000	     13671	8000952a	0000100f	fence.i	
      138095000	     13710	8000952e	025c7f33	remu	x30,x24,x5	 x24:0x00000000  x5:0x80025eec x30=0x00000000
      138105000	     13711	80009532	01990bb3	add	x23,x18,x25	 x18:0x325ee430 x25:0x00000000 x23=0x325ee430
      138115000	     13712	80009536	d2c4b913	sltiu	x18,x9,-724	  x9:0x00000000 x18=0x00000001
      138125000	     13713	8000953a	8f51	c.or	x14,x12	 x14:0x00000000 x12:0x80021e58 x14=0x80021e58
      138135000	     13714	8000953c	407ed3b3	sra	x7,x29,x7	 x29:0x0ac844d8  x7:0xfffffacb  x7=0x00015908
      138145000	     13715	80009540	01d98633	add	x12,x19,x29	 x19:0xfffffffe x29:0x0ac844d8 x12=0x0ac844d6
      138185000	     13719	80009544	030216b3	mulh	x13,x4,x16	  x4:0x0000e000 x16:0xfffffb26 x13=0xffffffff
      138195000	     13720	80009548	00de0b63	beq	x28,x13,8000955e	 x28:0x00000000 x13:0xffffffff
      138205000	     13721	8000954c	1fb9cd93	xori	x27,x19,507	 x19:0xfffffffe x27=0xfffffe05
      138215000	     13722	80009550	ce8d	c.beqz	x13,8000958a	 x13:0xffffffff
      138225000	     13723	80009552	0dd36417	auipc	x8,0xdd36	  x8=0x8dd3f552
      138235000	     13724	80009556	00f70a33	add	x20,x14,x15	 x14:0x80021e58 x15:0x40000251 x20=0xc00220a9
      138605000	     13761	8000955a	02cce9b3	rem	x19,x25,x12	 x25:0x00000000 x12:0x0ac844d6 x19=0x00000000
      138615000	     13762	8000955e	0191ddb3	srl	x27,x3,x25	  x3:0xd5f41242 x25:0x00000000 x27=0xd5f41242
      138625000	     13763	80009562	8c11	c.sub	x8,x12	  x8:0x8dd3f552 x12:0x0ac844d6  x8=0x830bb07c
      138635000	     13764	80009564	039c	c.addi4spn	x15,x2,448	 x15=0x000001c0
      138645000	     13765	80009566	00e64863	blt	x12,x14,80009576	 x12:0x0ac844d6 x14:0x80021e58
      138655000	     13766	8000956a	83b1	c.srli	x15,0xc	 x15:0x000001c0 x15=0x00000000
      139025000	     13803	8000956c	02e5eb33	rem	x22,x11,x14	 x11:0x80021e58 x14:0x80021e58 x22=0x00000000
      139035000	     13804	80009570	87d1	c.srai	x15,0x14	 x15:0x00000000 x15=0x00000000
      139045000	     13805	80009572	0ff0000f	fence	iorw,iorw	
      139055000	     13806	80009576	02099663	bne	x19,x0,800095a2	 x19:0x00000000  x0:0x00000000
      139065000	     13807	8000957a	00581463	bne	x16,x5,80009582	 x16:0xfffffb26  x5:0x80025eec
      139095000	     13810	80009582	00c18d33	add	x26,x3,x12	  x3:0xd5f41242 x12:0x0ac844d6 x26=0xe0bc5718
      139105000	     13811	80009586	00394a63	blt	x18,x3,8000959a	 x18:0x00000001  x3:0xd5f41242
      139115000	     13812	8000958a	e41d	c.bnez	x8,800095b8	  x8:0x830bb07c
      139135000	     13814	800095b8	c77c8513	addi	x10,x25,-905	 x25:0x00000000 x10=0xfffffc77
      139155000	     13816	800095bc	026cc933	div	x18,x25,x6	 x25:0x00000000  x6:0x00000000 x18=0xffffffff
      139165000	     13817	800095c0	0ff0000f	fence	iorw,iorw	
      139175000	     13818	800095c4	7c7e0e93	addi	x29,x28,1991	 x28:0x00000000 x29=0x000007c7
      139205000	     13821	800095c8	02de0e33	mul	x28,x28,x13	 x28:0x00000000 x13:0xffffffff x28=0x00000000
      139215000	     13822	800095cc	0ff0000f	fence	iorw,iorw	
      139225000	     13823	800095d0	030e5863	bge	x28,x16,80009600	 x28:0x00000000 x16:0xfffffb26
      139245000	     13825	80009600	dfe70413	addi	x8,x14,-514	 x14:0x80021e58  x8=0x80021c56
      139255000	     13826	80009604	00f0a9b3	slt	x19,x1,x15	  x1:0x00005000 x15:0x00000000 x19=0x00000000
      139265000	     13827	80009608	8fa5	c.xor	x15,x9	 x15:0x00000000  x9:0x00000000 x15=0x00000000
      139275000	     13828	8000960a	3c30c813	xori	x16,x1,963	  x1:0x00005000 x16=0x000053c3
      139285000	     13829	8000960e	40c45533	sra	x10,x8,x12	  x8:0x80021c56 x12:0x0ac844d6 x10=0xfffffe00
      139295000	     13830	80009612	00555793	srli	x15,x10,0x5	 x10:0xfffffe00 x15=0x07fffff0
      139305000	     13831	80009616	017eadb3	slt	x27,x29,x23	 x29:0x000007c7 x23:0x325ee430 x27=0x00000001
      139315000	     13832	8000961a	01d41133	sll	x2,x8,x29	  x8:0x80021c56 x29:0x000007c7  x2=0x010e2b00
      139355000	     13836	8000961e	03e438b3	mulhu	x17,x8,x30	  x8:0x80021c56 x30:0x00000000 x17=0x00000000
      139365000	     13837	80009622	07b2	c.slli	x15,0xc	 x15:0x07fffff0 x15=0xffff0000
      139375000	     13838	80009624	01168b33	add	x22,x13,x17	 x13:0xffffffff x17:0x00000000 x22=0xffffffff
      139385000	     13839	80009628	0001	c.addi	x0,0	  x0:0x00000000  x0=0x00000000
      139755000	     13876	8000962a	0369f2b3	remu	x5,x19,x22	 x19:0x00000000 x22:0xffffffff  x5=0x00000000
      139765000	     13877	8000962e	728f2093	slti	x1,x30,1832	 x30:0x00000000  x1=0x00000001
      139775000	     13878	80009632	016134b3	sltu	x9,x2,x22	  x2:0x010e2b00 x22:0xffffffff  x9=0x00000001
      139785000	     13879	80009636	6661	c.lui	x12,0x18	 x12=0x00018000
      139795000	     13880	80009638	3d6b3513	sltiu	x10,x22,982	 x22:0xffffffff x10=0x00000000
      139805000	     13881	8000963c	8d29	c.xor	x10,x10	 x10:0x00000000 x10:0x00000000 x10=0x00000000
      139815000	     13882	8000963e	d9f3b793	sltiu	x15,x7,-609	  x7:0x00015908 x15=0x00000001
      139825000	     13883	80009642	52fd	c.li	x5,-1	  x5=0xffffffff
      139835000	     13884	80009644	0037c8b3	xor	x17,x15,x3	 x15:0x00000001  x3:0xd5f41242 x17=0xd5f41243
      139845000	     13885	80009648	7143a413	slti	x8,x7,1812	  x7:0x00015908  x8=0x00000000
      139855000	     13886	8000964c	e2ff8e93	addi	x29,x31,-465	 x31:0x80025ce4 x29=0x80025b13
      139875000	     13888	80009650	020ae533	rem	x10,x21,x0	 x21:0x79600000  x0:0x00000000 x10=0x79600000
      139885000	     13889	80009654	01cb5d33	srl	x26,x22,x28	 x22:0xffffffff x28:0x00000000 x26=0xffffffff
      139925000	     13893	80009658	032ebf33	mulhu	x30,x29,x18	 x29:0x80025b13 x18:0xffffffff x30=0x80025b12
      139935000	     13894	8000965c	c3b1	c.beqz	x15,800096a0	 x15:0x00000001
      139945000	     13895	8000965e	0037d293	srli	x5,x15,0x3	 x15:0x00000001  x5=0x00000000
      139955000	     13896	80009662	007facb3	slt	x25,x31,x7	 x31:0x80025ce4  x7:0x00015908 x25=0x00000001
      139965000	     13897	80009666	01d9b6b3	sltu	x13,x19,x29	 x19:0x00000000 x29:0x80025b13 x13=0x00000001
      139975000	     13898	8000966a	41a9d833	sra	x16,x19,x26	 x19:0x00000000 x26:0xffffffff x16=0x00000000
      139985000	     13899	8000966e	ca0a7a13	andi	x20,x20,-864	 x20:0xc00220a9 x20=0xc00220a0
      140355000	     13936	80009672	037059b3	divu	x19,x0,x23	  x0:0x00000000 x23:0x325ee430 x19=0x00000000
      140365000	     13937	80009676	527d	c.li	x4,-1	  x4=0xffffffff
      140375000	     13938	80009678	8ca5	c.xor	x9,x9	  x9:0x00000001  x9:0x00000001  x9=0x00000000
      140385000	     13939	8000967a	8031	c.srli	x8,0xc	  x8:0x00000000  x8=0x00000000
      140395000	     13940	8000967c	014d1693	slli	x13,x26,0x14	 x26:0xffffffff x13=0xfff00000
      140415000	     13942	80009680	03ce7033	remu	x0,x28,x28	 x28:0x00000000 x28:0x00000000  x0=0x00000000
      140425000	     13943	80009684	01c16db3	or	x27,x2,x28	  x2:0x010e2b00 x28:0x00000000 x27=0x010e2b00
      140435000	     13944	80009688	8951	c.andi	x10,20	 x10:0x79600000 x10=0x00000000
      140445000	     13945	8000968a	61518493	addi	x9,x3,1557	  x3:0xd5f41242  x9=0xd5f41857
      140815000	     13982	8000968e	03b7f433	remu	x8,x15,x27	 x15:0x00000001 x27:0x010e2b00  x8=0x00000001
      140825000	     13983	80009692	8f25	c.xor	x14,x9	 x14:0x80021e58  x9:0xd5f41857 x14=0x55f6060f
      140835000	     13984	80009694	da210a93	addi	x21,x2,-606	  x2:0x010e2b00 x21=0x010e28a2
      140845000	     13985	80009698	c30ecd93	xori	x27,x29,-976	 x29:0x80025b13 x27=0x7ffda723
      140855000	     13986	8000969c	0080d233	srl	x4,x1,x8	  x1:0x00000001  x8:0x00000001  x4=0x00000000
      140865000	     13987	800096a0	0000100f	fence.i	
      140885000	     13989	800096a4	35e47693	andi	x13,x8,862	  x8:0x00000001 x13=0x00000000
      140895000	     13990	800096a8	01ee1493	slli	x9,x28,0x1e	 x28:0x00000000  x9=0x00000000
      140905000	     13991	800096ac	ef99	c.bnez	x15,800096ca	 x15:0x00000001
      141295000	     14030	800096ca	02b7dcb3	divu	x25,x15,x11	 x15:0x00000001 x11:0x80021e58 x25=0x00000000
      141305000	     14031	800096ce	8865	c.andi	x8,25	  x8:0x00000001  x8=0x00000001
      141315000	     14032	800096d0	0b00	c.addi4spn	x8,x2,400	  x8=0x010e2c90
      141325000	     14033	800096d2	1d14	c.addi4spn	x13,x2,688	 x13=0x010e2db0
      141695000	     14070	800096d4	0221d233	divu	x4,x3,x2	  x3:0xd5f41242  x2:0x010e2b00  x4=0x000000ca
      141705000	     14071	800096d8	0b533117	auipc	x2,0xb533	  x2=0x8b53c6d8
      141715000	     14072	800096dc	00b94463	blt	x18,x11,800096e4	 x18:0xffffffff x11:0x80021e58
      141725000	     14073	800096e0	01868b63	beq	x13,x24,800096f6	 x13:0x010e2db0 x24:0x00000000
      141735000	     14074	800096e4	00aef433	and	x8,x29,x10	 x29:0x80025b13 x10:0x00000000  x8=0x00000000
      141755000	     14076	800096e8	0296cf33	div	x30,x13,x9	 x13:0x010e2db0  x9:0x00000000 x30=0xffffffff
      141765000	     14077	800096ec	02cfb013	sltiu	x0,x31,44	 x31:0x80025ce4  x0=0x00000000
      141775000	     14078	800096f0	8e41	c.or	x12,x8	 x12:0x00018000  x8:0x00000000 x12=0x00018000
      141785000	     14079	800096f2	094cf493	andi	x9,x25,148	 x25:0x00000000  x9=0x00000000
      141795000	     14080	800096f6	01c42e33	slt	x28,x8,x28	  x8:0x00000000 x28:0x00000000 x28=0x00000000
      141805000	     14081	800096fa	01712633	slt	x12,x2,x23	  x2:0x8b53c6d8 x23:0x325ee430 x12=0x00000001
      141815000	     14082	800096fe	40ee8ab3	sub	x21,x29,x14	 x29:0x80025b13 x14:0x55f6060f x21=0x2a0c5504
      141825000	     14083	80009702	8f05	c.sub	x14,x9	 x14:0x55f6060f  x9:0x00000000 x14=0x55f6060f
      141835000	     14084	80009704	ea9d	c.bnez	x13,8000973a	 x13:0x010e2db0
      141855000	     14086	8000973a	988e	c.add	x17,x3	 x17:0xd5f41243  x3:0xd5f41242 x17=0xabe82485
      141865000	     14087	8000973c	008c0263	beq	x24,x8,80009740	 x24:0x00000000  x8:0x00000000
      141885000	     14089	80009740	0160c963	blt	x1,x22,80009752	  x1:0x00000001 x22:0xffffffff
      141895000	     14090	80009744	001cd913	srli	x18,x25,0x1	 x25:0x00000000 x18=0x00000000
      141905000	     14091	80009748	6fc12113	slti	x2,x2,1788	  x2:0x8b53c6d8  x2=0x00000001
      141915000	     14092	8000974c	6d21	c.lui	x26,0x8	 x26=0x00008000
      141925000	     14093	8000974e	037e9b63	bne	x29,x23,80009784	 x29:0x80025b13 x23:0x325ee430
      142305000	     14131	80009784	031cf233	remu	x4,x25,x17	 x25:0x00000000 x17:0xabe82485  x4=0x00000000
      142315000	     14132	80009788	01421eb3	sll	x29,x4,x20	  x4:0x00000000 x20:0xc00220a0 x29=0x00000000
      142325000	     14133	8000978c	997d	c.andi	x10,-1	 x10:0x00000000 x10=0x00000000
      142335000	     14134	8000978e	039ae763	bltu	x21,x25,800097bc	 x21:0x2a0c5504 x25:0x00000000
      142345000	     14135	80009792	00a80e33	add	x28,x16,x10	 x16:0x00000000 x10:0x00000000 x28=0x00000000
      142355000	     14136	80009796	ba5a87b7	lui	x15,0xba5a8	 x15=0xba5a8000
      142365000	     14137	8000979a	409f0e33	sub	x28,x30,x9	 x30:0xffffffff  x9:0x00000000 x28=0xffffffff
      142375000	     14138	8000979e	414652b3	sra	x5,x12,x20	 x12:0x00000001 x20:0xc00220a0  x5=0x00000001
      142745000	     14175	800097a2	023447b3	div	x15,x8,x3	  x8:0x00000000  x3:0xd5f41242 x15=0x00000000
      142765000	     14177	800097a6	020bd733	divu	x14,x23,x0	 x23:0x325ee430  x0:0x00000000 x14=0xffffffff
      142775000	     14178	800097aa	8cf9	c.and	x9,x14	  x9:0x00000000 x14:0xffffffff  x9=0x00000000
      142785000	     14179	800097ac	997d	c.andi	x10,-1	 x10:0x00000000 x10=0x00000000
      142795000	     14180	800097ae	0a9c	c.addi4spn	x15,x2,336	 x15=0x00000151
      142805000	     14181	800097b0	4165db13	srai	x22,x11,0x16	 x11:0x80021e58 x22=0xfffffe00
      142815000	     14182	800097b4	0326c263	blt	x13,x18,800097d8	 x13:0x010e2db0 x18:0x00000000
      142825000	     14183	800097b8	0001	c.addi	x0,0	  x0:0x00000000  x0=0x00000000
      142835000	     14184	800097ba	8ea5	c.xor	x13,x9	 x13:0x010e2db0  x9:0x00000000 x13=0x010e2db0
      142845000	     14185	800097bc	95d7fa13	andi	x20,x15,-1699	 x15:0x00000151 x20=0x00000151
      142855000	     14186	800097c0	8e5d	c.or	x12,x15	 x12:0x00000001 x15:0x00000151 x12=0x00000151
      142865000	     14187	800097c2	e129	c.bnez	x10,80009804	 x10:0x00000000
      142875000	     14188	800097c4	ac0b3eb7	lui	x29,0xac0b3	 x29=0xac0b3000
      142915000	     14192	800097c8	03df2f33	mulhsu	x30,x30,x29	 x30:0xffffffff x29:0xac0b3000 x30=0xffffffff
      143285000	     14229	800097cc	02dcf433	remu	x8,x25,x13	 x25:0x00000000 x13:0x010e2db0  x8=0x00000000
      143295000	     14230	800097d0	c609b213	sltiu	x4,x19,-928	 x19:0x00000000  x4=0x00000001
      143305000	     14231	800097d4	0ff0000f	fence	iorw,iorw	
      143345000	     14235	800097d8	0226b133	mulhu	x2,x13,x2	 x13:0x010e2db0  x2:0x00000001  x2=0x00000000
      143385000	     14239	800097dc	02c1abb3	mulhsu	x23,x3,x12	  x3:0xd5f41242 x12:0x00000151 x23=0xffffffc8
      143395000	     14240	800097e0	32d5fd93	andi	x27,x11,813	 x11:0x80021e58 x27=0x00000208
      143765000	     14277	800097e4	03b068b3	rem	x17,x0,x27	  x0:0x00000000 x27:0x00000208 x17=0x00000000
      143775000	     14278	800097e8	66dd	c.lui	x13,0x17	 x13=0x00017000
      143785000	     14279	800097ea	8eaa	c.mv	x29,x10	  x0:0x00000000 x10:0x00000000 x29=0x00000000
      143795000	     14280	800097ec	0e90	c.addi4spn	x12,x2,848	 x12=0x00000350
      143835000	     14284	800097ee	035bb9b3	mulhu	x19,x23,x21	 x23:0xffffffc8 x21:0x2a0c5504 x19=0x2a0c54fa
      143845000	     14285	800097f2	010a2733	slt	x14,x20,x16	 x20:0x00000151 x16:0x00000000 x14=0x00000000
      143885000	     14289	800097f6	022299b3	mulh	x19,x5,x2	  x5:0x00000001  x2:0x00000000 x19=0x00000000
      143895000	     14290	800097fa	8b51	c.andi	x14,20	 x14:0x00000000 x14=0x00000000
      143905000	     14291	800097fc	1008	c.addi4spn	x10,x2,32	 x10=0x00000020
      143915000	     14292	800097fe	82a1	c.srli	x13,0x8	 x13:0x00017000 x13=0x00000170
      143925000	     14293	80009800	ad682393	slti	x7,x16,-1322	 x16:0x00000000  x7=0x00000000
      143935000	     14294	80009804	ee1d	c.bnez	x12,80009842	 x12:0x00000350
      143955000	     14296	80009842	8e15	c.sub	x12,x13	 x12:0x00000350 x13:0x00000170 x12=0x000001e0
      143965000	     14297	80009844	617d	c.addi16sp	x2,496	  x2:0x00000000  x2=0x000001f0
      143975000	     14298	80009846	01525a33	srl	x20,x4,x21	  x4:0x00000001 x21:0x2a0c5504 x20=0x00000000
      143985000	     14299	8000984a	547d	c.li	x8,-1	  x8=0xffffffff
      143995000	     14300	8000984c	6c79	c.lui	x24,0x1e	 x24=0x0001e000
      144015000	     14302	8000984e	029cd2b3	divu	x5,x25,x9	 x25:0x00000000  x9:0x00000000  x5=0xffffffff
      144385000	     14339	80009852	038471b3	remu	x3,x8,x24	  x8:0xffffffff x24:0x0001e000  x3=0x0000ffff
      144395000	     14340	80009856	6e09	c.lui	x28,0x2	 x28=0x00002000
      144405000	     14341	80009858	003fb2b3	sltu	x5,x31,x3	 x31:0x80025ce4  x3:0x0000ffff  x5=0x00000000
      144415000	     14342	8000985c	013e1413	slli	x8,x28,0x13	 x28:0x00002000  x8=0x00000000
      144425000	     14343	80009860	419b0833	sub	x16,x22,x25	 x22:0xfffffe00 x25:0x00000000 x16=0xfffffe00
      144455000	     14346	80009864	03248a33	mul	x20,x9,x18	  x9:0x00000000 x18:0x00000000 x20=0x00000000
      144465000	     14347	80009868	0000100f	fence.i	
      144485000	     14349	8000986c	0000100f	fence.i	
      144505000	     14351	80009870	0000100f	fence.i	
      144525000	     14353	80009874	0170bb33	sltu	x22,x1,x23	  x1:0x00000001 x23:0xffffffc8 x22=0x00000001
      144535000	     14354	80009878	0065f1b3	and	x3,x11,x6	 x11:0x80021e58  x6:0x00000000  x3=0x00000000
      144545000	     14355	8000987c	04781363	bne	x16,x7,800098c2	 x16:0xfffffe00  x7:0x00000000
      144585000	     14359	800098c2	02e9dcb3	divu	x25,x19,x14	 x19:0x00000000 x14:0x00000000 x25=0xffffffff
      144595000	     14360	800098c6	40625533	sra	x10,x4,x6	  x4:0x00000001  x6:0x00000000 x10=0x00000001
      144605000	     14361	800098ca	0001	c.addi	x0,0	  x0:0x00000000  x0=0x00000000
      144615000	     14362	800098cc	8135	c.srli	x10,0xd	 x10:0x00000001 x10=0x00000000
      144625000	     14363	800098ce	00355133	srl	x2,x10,x3	 x10:0x00000000  x3:0x00000000  x2=0x00000000
      144635000	     14364	800098d2	56fd	c.li	x13,-1	 x13=0xffffffff
      144675000	     14368	800098d4	03391633	mulh	x12,x18,x19	 x18:0x00000000 x19:0x00000000 x12=0x00000000
      144685000	     14369	800098d8	00f01c63	bne	x0,x15,800098f0	  x0:0x00000000 x15:0x00000151
      144705000	     14371	800098f0	40800933	sub	x18,x0,x8	  x0:0x00000000  x8:0x00000000 x18=0x00000000
      144715000	     14372	800098f4	e311	c.bnez	x14,800098f8	 x14:0x00000000
      144725000	     14373	800098f6	080a	c.slli	x16,0x2	 x16:0xfffffe00 x16=0xfffff800
      144735000	     14374	800098f8	bb5efb93	andi	x23,x29,-1099	 x29:0x00000000 x23=0x00000000
      144745000	     14375	800098fc	0198c1b3	xor	x3,x17,x25	 x17:0x00000000 x25:0xffffffff  x3=0xffffffff
      144755000	     14376	80009900	0001	c.addi	x0,0	  x0:0x00000000  x0=0x00000000
      144765000	     14377	80009902	7bbb7713	andi	x14,x22,1979	 x22:0x00000001 x14=0x00000001
      144775000	     14378	80009906	33b64093	xori	x1,x12,827	 x12:0x00000000  x1=0x0000033b
      144785000	     14379	8000990a	7095b993	sltiu	x19,x11,1801	 x11:0x80021e58 x19=0x00000000
      144795000	     14380	8000990e	01d5e8b3	or	x17,x11,x29	 x11:0x80021e58 x29:0x00000000 x17=0x80021e58
      144805000	     14381	80009912	31797897	auipc	x17,0x31797	 x17=0xb17a0912
      144815000	     14382	80009916	413054b3	sra	x9,x0,x19	  x0:0x00000000 x19:0x00000000  x9=0x00000000
      144825000	     14383	8000991a	e40d	c.bnez	x8,80009944	  x8:0x00000000
      144845000	     14385	8000991c	033569b3	rem	x19,x10,x19	 x10:0x00000000 x19:0x00000000 x19=0x00000000
      144855000	     14386	80009920	0115d533	srl	x10,x11,x17	 x11:0x80021e58 x17:0xb17a0912 x10=0x00002000
      144865000	     14387	80009924	00a75bb3	srl	x23,x14,x10	 x14:0x00000001 x10:0x00002000 x23=0x00000001
      144875000	     14388	80009928	8e15	c.sub	x12,x13	 x12:0x00000000 x13:0xffffffff x12=0x00000001
      144885000	     14389	8000992a	0001	c.addi	x0,0	  x0:0x00000000  x0=0x00000000
      144895000	     14390	8000992c	82f5	c.srli	x13,0x1d	 x13:0xffffffff x13=0x00000007
      144905000	     14391	8000992e	0014d2b3	srl	x5,x9,x1	  x9:0x00000000  x1:0x0000033b  x5=0x00000000
      145275000	     14428	80009932	02fdf533	remu	x10,x27,x15	 x27:0x00000208 x15:0x00000151 x10=0x000000b7
      145285000	     14429	80009936	9eca	c.add	x29,x18	 x29:0x00000000 x18:0x00000000 x29=0x00000000
      145295000	     14430	80009938	1b7d	c.addi	x22,-1	 x22:0x00000001 x22=0x00000000
      145305000	     14431	8000993a	003e9a63	bne	x29,x3,8000994e	 x29:0x00000000  x3:0xffffffff
      145335000	     14434	8000994e	7b16f493	andi	x9,x13,1969	 x13:0x00000007  x9=0x00000001
      145345000	     14435	80009952	eeee2a97	auipc	x21,0xeeee2	 x21=0x6eeeb952
      145355000	     14436	80009956	40c00933	sub	x18,x0,x12	  x0:0x00000000 x12:0x00000001 x18=0xffffffff
      145725000	     14473	8000995a	03845533	divu	x10,x8,x24	  x8:0x00000000 x24:0x0001e000 x10=0x00000000
      145735000	     14474	8000995e	0a4c3e13	sltiu	x28,x24,164	 x24:0x0001e000 x28=0x00000000
      145745000	     14475	80009962	8c9d	c.sub	x9,x15	  x9:0x00000001 x15:0x00000151  x9=0xfffffeb0
      145755000	     14476	80009964	13fd	c.addi	x7,-1	  x7:0x00000000  x7=0xffffffff
      145765000	     14477	80009966	094da393	slti	x7,x27,148	 x27:0x00000208  x7=0x00000000
      145775000	     14478	8000996a	0104dc93	srli	x25,x9,0x10	  x9:0xfffffeb0 x25=0x0000ffff
      145785000	     14479	8000996e	2f168c93	addi	x25,x13,753	 x13:0x00000007 x25=0x000002f8
      145795000	     14480	80009972	717d	c.addi16sp	x2,-16	  x2:0x00000000  x2=0xfffffff0
      145805000	     14481	80009974	00044733	xor	x14,x8,x0	  x8:0x00000000  x0:0x00000000 x14=0x00000000
      145815000	     14482	80009978	017d9993	slli	x19,x27,0x17	 x27:0x00000208 x19=0x04000000
      145825000	     14483	8000997c	0066d963	bge	x13,x6,8000998e	 x13:0x00000007  x6:0x00000000
      145855000	     14486	8000998e	01b0ca63	blt	x1,x27,800099a2	  x1:0x0000033b x27:0x00000208
      146225000	     14523	80009992	02c2ff33	remu	x30,x5,x12	  x5:0x00000000 x12:0x00000001 x30=0x00000000
      146235000	     14524	80009996	01e85a33	srl	x20,x16,x30	 x16:0xfffff800 x30:0x00000000 x20=0xfffff800
      146245000	     14525	8000999a	f76d3713	sltiu	x14,x26,-138	 x26:0x00008000 x14=0x00000001
      146255000	     14526	8000999e	8c05	c.sub	x8,x9	  x8:0x00000000  x9:0xfffffeb0  x8=0x00000150
      146265000	     14527	800099a0	8255	c.srli	x12,0x15	 x12:0x00000001 x12=0x00000000
      146275000	     14528	800099a2	01890a63	beq	x18,x24,800099b6	 x18:0xffffffff x24:0x0001e000
      146285000	     14529	800099a6	0096a1b3	slt	x3,x13,x9	 x13:0x00000007  x9:0xfffffeb0  x3=0x00000000
      146655000	     14566	800099aa	03a74133	div	x2,x14,x26	 x14:0x00000001 x26:0x00008000  x2=0x00000000
      146665000	     14567	800099ae	0c75	c.addi	x24,29	 x24:0x0001e000 x24=0x0001e01d
      146675000	     14568	800099b0	8d15	c.sub	x10,x13	 x10:0x00000000 x13:0x00000007 x10=0xfffffff9
      146685000	     14569	800099b2	02534763	blt	x6,x5,800099e0	  x6:0x00000000  x5:0x00000000
      146725000	     14573	800099b6	02143633	mulhu	x12,x8,x1	  x8:0x00000150  x1:0x0000033b x12=0x00000000
      147095000	     14610	800099ba	0392cf33	div	x30,x5,x25	  x5:0x00000000 x25:0x000002f8 x30=0x00000000
      147105000	     14611	800099be	8d01	c.sub	x10,x8	 x10:0xfffffff9  x8:0x00000150 x10=0xfffffea9
      147115000	     14612	800099c0	0000100f	fence.i	
      147165000	     14617	800099c4	02519cb3	mulh	x25,x3,x5	  x3:0x00000000  x5:0x00000000 x25=0x00000000
      147175000	     14618	800099c8	8c4d	c.or	x8,x11	  x8:0x00000150 x11:0x80021e58  x8=0x80021f58
      147185000	     14619	800099ca	83f5	c.srli	x15,0x1d	 x15:0x00000151 x15=0x00000000
      147195000	     14620	800099cc	7c404f13	xori	x30,x0,1988	  x0:0x00000000 x30=0x000007c4
      147205000	     14621	800099d0	8395	c.srli	x15,0x5	 x15:0x00000000 x15=0x00000000
      147215000	     14622	800099d2	20fe6413	ori	x8,x28,527	 x28:0x00000000  x8=0x0000020f
      147225000	     14623	800099d6	00cc1233	sll	x4,x24,x12	 x24:0x0001e01d x12:0x00000000  x4=0x0001e01d
      147235000	     14624	800099da	0306d063	bge	x13,x16,800099fa	 x13:0x00000007 x16:0xfffff800
      147255000	     14626	800099fa	0001	c.addi	x0,0	  x0:0x00000000  x0=0x00000000
      147265000	     14627	800099fc	8135	c.srli	x10,0xd	 x10:0xfffffea9 x10=0x0007ffff
      147275000	     14628	800099fe	03154e63	blt	x10,x17,80009a3a	 x10:0x0007ffff x17:0xb17a0912
      147285000	     14629	80009a02	005beb63	bltu	x23,x5,80009a18	 x23:0x00000001  x5:0x00000000
      147295000	     14630	80009a06	e296a693	slti	x13,x13,-471	 x13:0x00000007 x13=0x00000000
      147305000	     14631	80009a0a	037bc263	blt	x23,x23,80009a2e	 x23:0x00000001 x23:0x00000001
      147315000	     14632	80009a0e	0109fe63	bgeu	x19,x16,80009a2a	 x19:0x04000000 x16:0xfffff800
      147325000	     14633	80009a12	0001	c.addi	x0,0	  x0:0x00000000  x0=0x00000000
      147335000	     14634	80009a14	41325a33	sra	x20,x4,x19	  x4:0x0001e01d x19:0x04000000 x20=0x0001e01d
      147345000	     14635	80009a18	895e	c.mv	x18,x23	  x0:0x00000000 x23:0x00000001 x18=0x00000001
      147355000	     14636	80009a1a	80b9	c.srli	x9,0xe	  x9:0xfffffeb0  x9=0x0003ffff
      147365000	     14637	80009a1c	3280c4b7	lui	x9,0x3280c	  x9=0x3280c000
      147375000	     14638	80009a20	01a2d713	srli	x14,x5,0x1a	  x5:0x00000000 x14=0x00000000
      147385000	     14639	80009a24	8559	c.srai	x10,0x16	 x10:0x0007ffff x10=0x00000000
      147395000	     14640	80009a26	00b93ab3	sltu	x21,x18,x11	 x18:0x00000001 x11:0x80021e58 x21=0x00000001
      147405000	     14641	80009a2a	40d6d513	srai	x10,x13,0xd	 x13:0x00000000 x10=0x00000000
      147415000	     14642	80009a2e	002a1d33	sll	x26,x20,x2	 x20:0x0001e01d  x2:0x00000000 x26=0x0001e01d
      147425000	     14643	80009a32	00c29613	slli	x12,x5,0xc	  x5:0x00000000 x12=0x00000000
      147435000	     14644	80009a36	01c72ab3	slt	x21,x14,x28	 x14:0x00000000 x28:0x00000000 x21=0x00000000
      147445000	     14645	80009a3a	91868193	addi	x3,x13,-1768	 x13:0x00000000  x3=0xfffff918
      147485000	     14649	80009a3e	030218b3	mulh	x17,x4,x16	  x4:0x0001e01d x16:0xfffff800 x17=0xffffffff
      147495000	     14650	80009a42	411e52b3	sra	x5,x28,x17	 x28:0x00000000 x17:0xffffffff  x5=0x00000000
      147515000	     14652	80009a46	0207d8b3	divu	x17,x15,x0	 x15:0x00000000  x0:0x00000000 x17=0xffffffff
      147555000	     14656	80009a4a	03461b33	mulh	x22,x12,x20	 x12:0x00000000 x20:0x0001e01d x22=0x00000000
      147565000	     14657	80009a4e	1c00	c.addi4spn	x8,x2,560	  x8=0x00000230
      147575000	     14658	80009a50	6169	c.addi16sp	x2,208	  x2:0x00000000  x2=0x000000d0
      147585000	     14659	80009a52	0000dd33	srl	x26,x1,x0	  x1:0x0000033b  x0:0x00000000 x26=0x0000033b
      147595000	     14660	80009a56	00d6e363	bltu	x13,x13,80009a5c	 x13:0x00000000 x13:0x00000000
      147605000	     14661	80009a5a	1598	c.addi4spn	x14,x2,736	 x14=0x000003b0
      147615000	     14662	80009a5c	0001	c.addi	x0,0	  x0:0x00000000  x0=0x00000000
      147625000	     14663	80009a5e	04b84263	blt	x16,x11,80009aa2	 x16:0xfffff800 x11:0x80021e58
      147995000	     14700	80009a62	03794d33	div	x26,x18,x23	 x18:0x00000001 x23:0x00000001 x26=0x00000001
      148005000	     14701	80009a66	01e71cb3	sll	x25,x14,x30	 x14:0x000003b0 x30:0x000007c4 x25=0x00003b00
      148025000	     14703	80009a6a	025bcc33	div	x24,x23,x5	 x23:0x00000001  x5:0x00000000 x24=0xffffffff
      148395000	     14740	80009a6e	03a0f933	remu	x18,x1,x26	  x1:0x0000033b x26:0x00000001 x18=0x00000000
      148405000	     14741	80009a72	979e	c.add	x15,x7	 x15:0x00000000  x7:0x00000000 x15=0x00000000
      148415000	     14742	80009a74	9252	c.add	x4,x20	  x4:0x0001e01d x20:0x0001e01d  x4=0x0003c03a
      148425000	     14743	80009a76	fbd63c13	sltiu	x24,x12,-67	 x12:0x00000000 x24=0x00000001
      148445000	     14745	80009a7a	02d85433	divu	x8,x16,x13	 x16:0xfffff800 x13:0x00000000  x8=0xffffffff
      148815000	     14782	80009a7e	03acddb3	divu	x27,x25,x26	 x25:0x00003b00 x26:0x00000001 x27=0x00003b00
      148845000	     14785	80009a82	02b18ab3	mul	x21,x3,x11	  x3:0xfffff918 x11:0x80021e58 x21=0xf15e7040
      148855000	     14786	80009a86	0165b2b3	sltu	x5,x11,x22	 x11:0x80021e58 x22:0x00000000  x5=0x00000000
      148865000	     14787	80009a8a	015d9713	slli	x14,x27,0x15	 x27:0x00003b00 x14=0x60000000
      148875000	     14788	80009a8e	d5accd13	xori	x26,x25,-678	 x25:0x00003b00 x26=0xffffc65a
      148885000	     14789	80009a92	8d71	c.and	x10,x12	 x10:0x00000000 x12:0x00000000 x10=0x00000000
      148895000	     14790	80009a94	01f142b3	xor	x5,x2,x31	  x2:0x000000d0 x31:0x80025ce4  x5=0x80025c34
      148905000	     14791	80009a98	e61d6493	ori	x9,x26,-415	 x26:0xffffc65a  x9=0xfffffe7b
      148915000	     14792	80009a9c	02834363	blt	x6,x8,80009ac2	  x6:0x00000000  x8:0xffffffff
      148925000	     14793	80009aa0	8ec5	c.or	x13,x9	 x13:0x00000000  x9:0xfffffe7b x13=0xfffffe7b
      148935000	     14794	80009aa2	00af4733	xor	x14,x30,x10	 x30:0x000007c4 x10:0x00000000 x14=0x000007c4
      148945000	     14795	80009aa6	01d667b3	or	x15,x12,x29	 x12:0x00000000 x29:0x00000000 x15=0x00000000
      148955000	     14796	80009aaa	96f2	c.add	x13,x28	 x13:0xfffffe7b x28:0x00000000 x13=0xfffffe7b
      148965000	     14797	80009aac	9b7e	c.add	x22,x31	 x22:0x00000000 x31:0x80025ce4 x22=0x80025ce4
      148975000	     14798	80009aae	f97a2c17	auipc	x24,0xf97a2	 x24=0x797abaae
      148985000	     14799	80009ab2	ca0d	c.beqz	x12,80009ae4	 x12:0x00000000
      149005000	     14801	80009ae4	0193d213	srli	x4,x7,0x19	  x7:0x00000000  x4=0x00000000
      149015000	     14802	80009ae8	04708463	beq	x1,x7,80009b30	  x1:0x0000033b  x7:0x00000000
      149025000	     14803	80009aec	a5e87013	andi	x0,x16,-1442	 x16:0xfffff800  x0=0x00000000
      149035000	     14804	80009af0	fc072c13	slti	x24,x14,-64	 x14:0x000007c4 x24=0x00000000
      149045000	     14805	80009af4	408402b3	sub	x5,x8,x8	  x8:0xffffffff  x8:0xffffffff  x5=0x00000000
      149055000	     14806	80009af8	0096b433	sltu	x8,x13,x9	 x13:0xfffffe7b  x9:0xfffffe7b  x8=0x00000000
      149065000	     14807	80009afc	0118fdb3	and	x27,x17,x17	 x17:0xffffffff x17:0xffffffff x27=0xffffffff
      149075000	     14808	80009b00	01be20b3	slt	x1,x28,x27	 x28:0x00000000 x27:0xffffffff  x1=0x00000000
      149085000	     14809	80009b04	017997b3	sll	x15,x19,x23	 x19:0x04000000 x23:0x00000001 x15=0x08000000
      149105000	     14811	80009b08	02196cb3	rem	x25,x18,x1	 x18:0x00000000  x1:0x00000000 x25=0x00000000
      149125000	     14813	80009b0c	0246c8b3	div	x17,x13,x4	 x13:0xfffffe7b  x4:0x00000000 x17=0xffffffff
      149135000	     14814	80009b10	75884d93	xori	x27,x16,1880	 x16:0xfffff800 x27=0xffffff58
      149145000	     14815	80009b14	00d139b3	sltu	x19,x2,x13	  x2:0x000000d0 x13:0xfffffe7b x19=0x00000001
      149155000	     14816	80009b18	56e27b93	andi	x23,x4,1390	  x4:0x00000000 x23=0x00000000
      149165000	     14817	80009b1c	8c72	c.mv	x24,x28	  x0:0x00000000 x28:0x00000000 x24=0x00000000
      149175000	     14818	80009b1e	8e19	c.sub	x12,x14	 x12:0x00000000 x14:0x000007c4 x12=0xfffff83c
      149185000	     14819	80009b20	3c0ffc93	andi	x25,x31,960	 x31:0x80025ce4 x25=0x000000c0
      149195000	     14820	80009b24	00cf6963	bltu	x30,x12,80009b36	 x30:0x000007c4 x12:0xfffff83c
      149225000	     14823	80009b36	7777cc13	xori	x24,x15,1911	 x15:0x08000000 x24=0x08000777
      149245000	     14825	80009b3a	03d4f233	remu	x4,x9,x29	  x9:0xfffffe7b x29:0x00000000  x4=0xfffffe7b
      149255000	     14826	80009b3e	5dfd	c.li	x27,-1	 x27=0xffffffff
      149265000	     14827	80009b40	3ed8b413	sltiu	x8,x17,1005	 x17:0xffffffff  x8=0x00000000
      149275000	     14828	80009b44	9bfd	c.andi	x15,-1	 x15:0x08000000 x15=0x08000000
      149305000	     14831	80009b46	03e786b3	mul	x13,x15,x30	 x15:0x08000000 x30:0x000007c4 x13=0x20000000
      149315000	     14832	80009b4a	019b86b3	add	x13,x23,x25	 x23:0x00000000 x25:0x000000c0 x13=0x000000c0
      149325000	     14833	80009b4e	00fa1c93	slli	x25,x20,0xf	 x20:0x0001e01d x25=0xf00e8000
      149335000	     14834	80009b52	421d	c.li	x4,7	  x4=0x00000007
      149345000	     14835	80009b54	41ba5393	srai	x7,x20,0x1b	 x20:0x0001e01d  x7=0x00000000
      149355000	     14836	80009b58	01b12533	slt	x10,x2,x27	  x2:0x000000d0 x27:0xffffffff x10=0x00000000
      149365000	     14837	80009b5c	00de7c63	bgeu	x28,x13,80009b74	 x28:0x00000000 x13:0x000000c0
      149375000	     14838	80009b60	01e2ccb3	xor	x25,x5,x30	  x5:0x00000000 x30:0x000007c4 x25=0x000007c4
      149385000	     14839	80009b64	4f26c093	xori	x1,x13,1266	 x13:0x000000c0  x1=0x00000432
      149395000	     14840	80009b68	41b28bb3	sub	x23,x5,x27	  x5:0x00000000 x27:0xffffffff x23=0x00000001
      149405000	     14841	80009b6c	40280c33	sub	x24,x16,x2	 x16:0xfffff800  x2:0x000000d0 x24=0xfffff730
      149415000	     14842	80009b70	019be033	or	x0,x23,x25	 x23:0x00000001 x25:0x000007c4  x0=0x00000000
      149425000	     14843	80009b74	016488b3	add	x17,x9,x22	  x9:0xfffffe7b x22:0x80025ce4 x17=0x80025b5f
      149435000	     14844	80009b78	82d1	c.srli	x13,0x14	 x13:0x000000c0 x13=0x00000000
      149445000	     14845	80009b7a	ac5d4d13	xori	x26,x26,-1339	 x26:0xffffc65a x26=0x00003c9f
      149475000	     14848	80009b7e	02098f33	mul	x30,x19,x0	 x19:0x00000001  x0:0x00000000 x30=0x00000000
      149485000	     14849	80009b82	d5144893	xori	x17,x8,-687	  x8:0x00000000 x17=0xfffffd51
      149495000	     14850	80009b86	01f4c6b3	xor	x13,x9,x31	  x9:0xfffffe7b x31:0x80025ce4 x13=0x7ffda29f
      149505000	     14851	80009b8a	005cddb3	srl	x27,x25,x5	 x25:0x000007c4  x5:0x00000000 x27=0x000007c4
      149515000	     14852	80009b8e	00a8e633	or	x12,x17,x10	 x17:0xfffffd51 x10:0x00000000 x12=0xfffffd51
      149525000	     14853	80009b92	206eaa37	lui	x20,0x206ea	 x20=0x206ea000
      149535000	     14854	80009b96	0000100f	fence.i	
      149555000	     14856	80009b9a	64f5	c.lui	x9,0x1d	  x9=0x0001d000
      149565000	     14857	80009b9c	0ff0000f	fence	iorw,iorw	
      149575000	     14858	80009ba0	004221b3	slt	x3,x4,x4	  x4:0x00000007  x4:0x00000007  x3=0x00000000
      149585000	     14859	80009ba4	8569	c.srai	x10,0x1a	 x10:0x00000000 x10=0x00000000
      149595000	     14860	80009ba6	03300363	beq	x0,x19,80009bcc	  x0:0x00000000 x19:0x00000001
      149605000	     14861	80009baa	63134093	xori	x1,x6,1585	  x6:0x00000000  x1=0x00000631
      149615000	     14862	80009bae	05d11263	bne	x2,x29,80009bf2	  x2:0x000000d0 x29:0x00000000
      149645000	     14865	80009bf2	12a2ab93	slti	x23,x5,298	  x5:0x00000000 x23=0x00000001
      149655000	     14866	80009bf6	41e1	c.li	x3,24	  x3=0x00000018
      149665000	     14867	80009bf8	41e85893	srai	x17,x16,0x1e	 x16:0xfffff800 x17=0xffffffff
      149675000	     14868	80009bfc	40255033	sra	x0,x10,x2	 x10:0x00000000  x2:0x000000d0  x0=0x00000000
      149685000	     14869	80009c00	0143fc33	and	x24,x7,x20	  x7:0x00000000 x20:0x206ea000 x24=0x00000000
      149695000	     14870	80009c04	66b9	c.lui	x13,0xe	 x13=0x0000e000
      149715000	     14872	80009c06	03c5fb33	remu	x22,x11,x28	 x11:0x80021e58 x28:0x00000000 x22=0x80021e58
      149725000	     14873	80009c0a	964e	c.add	x12,x19	 x12:0xfffffd51 x19:0x00000001 x12=0xfffffd52
      149735000	     14874	80009c0c	8739	c.srai	x14,0xe	 x14:0x000007c4 x14=0x00000000
      149745000	     14875	80009c0e	b94fe6ef	jal	x13,80007fa2	 x13=0x80009c12
      149765000	     14877	80007fa2	8e1d	c.sub	x12,x15	 x12:0xfffffd52 x15:0x08000000 x12=0xf7fffd52
      149775000	     14878	80007fa4	405f04b3	sub	x9,x30,x5	 x30:0x00000000  x5:0x00000000  x9=0x00000000
      149785000	     14879	80007fa8	fd058593	addi	x11,x11,-48	 x11:0x80021e58 x11=0x80021e28
      149795000	     14880	80007fac	00ea5133	srl	x2,x20,x14	 x20:0x206ea000 x14:0x00000000  x2=0x206ea000
      149815000	     14882	80007fb0	026451b3	divu	x3,x8,x6	  x8:0x00000000  x6:0x00000000  x3=0xffffffff
      149825000	     14883	80007fb4	30b67613	andi	x12,x12,779	 x12:0xf7fffd52 x12=0x00000102
      149835000	     14884	80007fb8	c1d4	c.sw	x13,4(x11)	 x11:0x80021e28 x13:0x80009c12 PA:0x80021e2c store:0x80009c12 load:0x00000000
      149845000	     14885	80007fba	8499	c.srai	x9,0x6	  x9:0x00000000  x9=0x00000000
      149855000	     14886	80007fbc	eff1c793	xori	x15,x3,-257	  x3:0xffffffff x15=0x00000100
      149865000	     14887	80007fc0	8d61	c.and	x10,x8	 x10:0x00000000  x8:0x00000000 x10=0x00000000
      149875000	     14888	80007fc2	013cf863	bgeu	x25,x19,80007fd2	 x25:0x000007c4 x19:0x00000001
      149905000	     14891	80007fd2	f8543913	sltiu	x18,x8,-123	  x8:0x00000000 x18=0x00000001
      149915000	     14892	80007fd6	6a99	c.lui	x21,0x6	 x21=0x00006000
      149925000	     14893	80007fd8	0001	c.addi	x0,0	  x0:0x00000000  x0=0x00000000
      149935000	     14894	80007fda	837d	c.srli	x14,0x1f	 x14:0x00000000 x14=0x00000000
      149975000	     14898	80007fdc	020d9e33	mulh	x28,x27,x0	 x27:0x000007c4  x0:0x00000000 x28=0x00000000
      150345000	     14935	80007fe0	0332f8b3	remu	x17,x5,x19	  x5:0x00000000 x19:0x00000001 x17=0x00000000
      150355000	     14936	80007fe4	41d4	c.lw	x13,4(x11)	 x11:0x80021e28 x13=0x80009c12 PA:0x80021e2c load:0x80009c12
      150365000	     14937	80007fe6	03058593	addi	x11,x11,48	 x11:0x80021e28 x11=0x80021e58
      150375000	     14938	80007fea	8c79	c.and	x8,x14	  x8:0x00000000 x14:0x00000000  x8=0x00000000
      150385000	     14939	80007fec	8c0d	c.sub	x8,x11	  x8:0x00000000 x11:0x80021e58  x8=0x7ffde1a8
      150395000	     14940	80007fee	0026de93	srli	x29,x13,0x2	 x13:0x80009c12 x29=0x20002704
      150405000	     14941	80007ff2	00068393	addi	x7,x13,0	 x13:0x80009c12  x7=0x80009c12
      150415000	     14942	80007ff6	9382	c.jalr	x7	  x7:0x80009c12  x1=0x80007ff8
      150805000	     14981	80009c12	036c5cb3	divu	x25,x24,x22	 x24:0x00000000 x22:0x80021e58 x25=0x00000000
      150815000	     14982	80009c16	90f6	c.add	x1,x29	  x1:0x80007ff8 x29:0x20002704  x1=0xa000a6fc
      150825000	     14983	80009c18	40fdde33	sra	x28,x27,x15	 x27:0x000007c4 x15:0x00000100 x28=0x000007c4
      150835000	     14984	80009c1c	717d	c.addi16sp	x2,-16	  x2:0x206ea000  x2=0x206e9ff0
      150845000	     14985	80009c1e	1a98	c.addi4spn	x14,x2,368	 x14=0x206ea160
      151215000	     15022	80009c20	03cb4e33	div	x28,x22,x28	 x22:0x80021e58 x28:0x000007c4 x28=0xffef84a7
      151225000	     15023	80009c24	01f4df33	srl	x30,x9,x31	  x9:0x00000000 x31:0x80025ce4 x30=0x00000000
      151235000	     15024	80009c28	129c	c.addi4spn	x15,x2,352	 x15=0x206ea150
      151245000	     15025	80009c2a	e715	c.bnez	x14,80009c56	 x14:0x206ea160
      151265000	     15027	80009c56	8e45	c.or	x12,x9	 x12:0x00000102  x9:0x00000000 x12=0x00000102
      151275000	     15028	80009c58	0154eb63	bltu	x9,x21,80009c6e	  x9:0x00000000 x21:0x00006000
      151305000	     15031	80009c6e	014640b3	xor	x1,x12,x20	 x12:0x00000102 x20:0x206ea000  x1=0x206ea102
      151675000	     15068	80009c72	028c4f33	div	x30,x24,x8	 x24:0x00000000  x8:0x7ffde1a8 x30=0x00000000
      151685000	     15069	80009c76	6b0f4e13	xori	x28,x30,1712	 x30:0x00000000 x28=0x000006b0
      151695000	     15070	80009c7a	01b90463	beq	x18,x27,80009c82	 x18:0x00000001 x27:0x000007c4
      151705000	     15071	80009c7e	a7347817	auipc	x16,0xa7347	 x16=0x27350c7e
      151715000	     15072	80009c82	0001	c.addi	x0,0	  x0:0x00000000  x0=0x00000000
      151725000	     15073	80009c84	057b7013	andi	x0,x22,87	 x22:0x80021e58  x0=0x00000000
      151735000	     15074	80009c88	01cf4ab3	xor	x21,x30,x28	 x30:0x00000000 x28:0x000006b0 x21=0x000006b0
      151745000	     15075	80009c8c	00a56833	or	x16,x10,x10	 x10:0x00000000 x10:0x00000000 x16=0x00000000
      151755000	     15076	80009c90	941a	c.add	x8,x6	  x8:0x7ffde1a8  x6:0x00000000  x8=0x7ffde1a8
      151765000	     15077	80009c92	0001	c.addi	x0,0	  x0:0x00000000  x0=0x00000000
      151775000	     15078	80009c94	8bc9	c.andi	x15,18	 x15:0x206ea150 x15=0x00000010
      151785000	     15079	80009c96	f21bf113	andi	x2,x23,-223	 x23:0x00000001  x2=0x00000001
      151795000	     15080	80009c9a	9b56	c.add	x22,x21	 x22:0x80021e58 x21:0x000006b0 x22=0x80022508
      151805000	     15081	80009c9c	0cae4293	xori	x5,x28,202	 x28:0x000006b0  x5=0x0000067a
      151815000	     15082	80009ca0	cb59fa93	andi	x21,x19,-843	 x19:0x00000001 x21=0x00000001
      151825000	     15083	80009ca4	6115	c.addi16sp	x2,288	  x2:0x00000001  x2=0x00000121
      151835000	     15084	80009ca6	41bd5513	srai	x10,x26,0x1b	 x26:0x00003c9f x10=0x00000000
      151845000	     15085	80009caa	01fb0b63	beq	x22,x31,80009cc0	 x22:0x80022508 x31:0x80025ce4
      151855000	     15086	80009cae	403880b3	sub	x1,x17,x3	 x17:0x00000000  x3:0xffffffff  x1=0x00000001
      151895000	     15090	80009cb2	03382133	mulhsu	x2,x16,x19	 x16:0x00000000 x19:0x00000001  x2=0x00000000
      151905000	     15091	80009cb6	00208963	beq	x1,x2,80009cc8	  x1:0x00000001  x2:0x00000000
      151915000	     15092	80009cba	63ed	c.lui	x7,0x1b	  x7=0x0001b000
      151925000	     15093	80009cbc	0c241097	auipc	x1,0xc241	  x1=0x8c24acbc
      151935000	     15094	80009cc0	006fa9b3	slt	x19,x31,x6	 x31:0x80025ce4  x6:0x00000000 x19=0x00000001
      151945000	     15095	80009cc4	8936	c.mv	x18,x13	  x0:0x00000000 x13:0x80009c12 x18=0x80009c12
      151955000	     15096	80009cc6	c71d	c.beqz	x14,80009cf4	 x14:0x206ea160
      151965000	     15097	80009cc8	0338e363	bltu	x17,x19,80009cee	 x17:0x00000000 x19:0x00000001
      151985000	     15099	80009cee	187d	c.addi	x16,-1	 x16:0x00000000 x16=0xffffffff
      152005000	     15101	80009cf0	02955b33	divu	x22,x10,x9	 x10:0x00000000  x9:0x00000000 x22=0xffffffff
      152015000	     15102	80009cf4	41fc80b3	sub	x1,x25,x31	 x25:0x00000000 x31:0x80025ce4  x1=0x7ffda31c
      152025000	     15103	80009cf8	01cb0263	beq	x22,x28,80009cfc	 x22:0xffffffff x28:0x000006b0
      152035000	     15104	80009cfc	012617b3	sll	x15,x12,x18	 x12:0x00000102 x18:0x80009c12 x15=0x04080000
      152045000	     15105	80009d00	23146c13	ori	x24,x8,561	  x8:0x7ffde1a8 x24=0x7ffde3b9
      152055000	     15106	80009d04	08e9	c.addi	x17,26	 x17:0x00000000 x17=0x0000001a
      152065000	     15107	80009d06	00f348b3	xor	x17,x6,x15	  x6:0x00000000 x15:0x04080000 x17=0x04080000
      152075000	     15108	80009d0a	00ad1b63	bne	x26,x10,80009d20	 x26:0x00003c9f x10:0x00000000
      152095000	     15110	80009d20	004fe9b3	or	x19,x31,x4	 x31:0x80025ce4  x4:0x00000007 x19=0x80025ce7
      152105000	     15111	80009d24	035c0963	beq	x24,x21,80009d56	 x24:0x7ffde3b9 x21:0x00000001
      152115000	     15112	80009d28	0382ed63	bltu	x5,x24,80009d62	  x5:0x0000067a x24:0x7ffde3b9
      152145000	     15115	80009d62	14ef6613	ori	x12,x30,334	 x30:0x00000000 x12=0x0000014e
      152155000	     15116	80009d66	87e2	c.mv	x15,x24	  x0:0x00000000 x24:0x7ffde3b9 x15=0x7ffde3b9
      152165000	     15117	80009d68	b583ec93	ori	x25,x7,-1192	  x7:0x0001b000 x25=0xfffffb58
      152175000	     15118	80009d6c	f47386b7	lui	x13,0xf4738	 x13=0xf4738000
      152185000	     15119	80009d70	41a68eb3	sub	x29,x13,x26	 x13:0xf4738000 x26:0x00003c9f x29=0xf4734361
      152195000	     15120	80009d74	0000100f	fence.i	
      152215000	     15122	80009d78	008b26b3	slt	x13,x22,x8	 x22:0xffffffff  x8:0x7ffde1a8 x13=0x00000001
      152255000	     15126	80009d7c	022312b3	mulh	x5,x6,x2	  x6:0x00000000  x2:0x00000000  x5=0x00000000
      152265000	     15127	80009d80	41e90133	sub	x2,x18,x30	 x18:0x80009c12 x30:0x00000000  x2=0x80009c12
      152275000	     15128	80009d84	28c64d93	xori	x27,x12,652	 x12:0x0000014e x27=0x000003c2
      152285000	     15129	80009d88	890d	c.andi	x10,3	 x10:0x00000000 x10=0x00000000
      152295000	     15130	80009d8a	8f01	c.sub	x14,x8	 x14:0x206ea160  x8:0x7ffde1a8 x14=0xa070bfb8
      152305000	     15131	80009d8c	40dc5693	srai	x13,x24,0xd	 x24:0x7ffde3b9 x13=0x0003ffef
      152675000	     15168	80009d90	037877b3	remu	x15,x16,x23	 x16:0xffffffff x23:0x00000001 x15=0x00000000
      152685000	     15169	80009d94	31f0c093	xori	x1,x1,799	  x1:0x7ffda31c  x1=0x7ffda003
      152695000	     15170	80009d98	93f9f893	andi	x17,x19,-1729	 x19:0x80025ce7 x17=0x80025827
      152705000	     15171	80009d9c	00570f33	add	x30,x14,x5	 x14:0xa070bfb8  x5:0x00000000 x30=0xa070bfb8
      152715000	     15172	80009da0	4775c693	xori	x13,x11,1143	 x11:0x80021e58 x13=0x80021a2f
      153085000	     15209	80009da4	0214d3b3	divu	x7,x9,x1	  x9:0x00000000  x1:0x7ffda003  x7=0x00000000
      153095000	     15210	80009da8	00db9e93	slli	x29,x23,0xd	 x23:0x00000001 x29=0x00002000
      153105000	     15211	80009dac	8e91	c.sub	x13,x12	 x13:0x80021a2f x12:0x0000014e x13=0x800218e1
      153115000	     15212	80009dae	0000100f	fence.i	
      153135000	     15214	80009db2	5cfd	c.li	x25,-1	 x25=0xffffffff
      153145000	     15215	80009db4	01128b33	add	x22,x5,x17	  x5:0x00000000 x17:0x80025827 x22=0x80025827
      153155000	     15216	80009db8	c5da3213	sltiu	x4,x20,-931	 x20:0x206ea000  x4=0x00000001
      153165000	     15217	80009dbc	97196093	ori	x1,x18,-1679	 x18:0x80009c12  x1=0xfffffd73
      153175000	     15218	80009dc0	8fb1	c.xor	x15,x12	 x15:0x00000000 x12:0x0000014e x15=0x0000014e
      153185000	     15219	80009dc2	02ad	c.addi	x5,11	  x5:0x00000000  x5=0x0000000b
      153195000	     15220	80009dc4	e59aae13	slti	x28,x21,-423	 x21:0x00000001 x28=0x00000000
      153235000	     15224	80009dc8	036991b3	mulh	x3,x19,x22	 x19:0x80025ce7 x22:0x80025827  x3=0x3ffda57e
      153245000	     15225	80009dcc	0ff0000f	fence	iorw,iorw	
      153275000	     15228	80009dd0	027d8033	mul	x0,x27,x7	 x27:0x000003c2  x7:0x00000000  x0=0x00000000
      153645000	     15265	80009dd4	03835933	divu	x18,x6,x24	  x6:0x00000000 x24:0x7ffde3b9 x18=0x00000000
      153655000	     15266	80009dd8	4093d213	srai	x4,x7,0x9	  x7:0x00000000  x4=0x00000000
      153695000	     15270	80009ddc	032ca0b3	mulhsu	x1,x25,x18	 x25:0xffffffff x18:0x00000000  x1=0x00000000
      153735000	     15274	80009de0	03583833	mulhu	x16,x16,x21	 x16:0xffffffff x21:0x00000001 x16=0x00000000
      153745000	     15275	80009de4	8f21	c.xor	x14,x8	 x14:0xa070bfb8  x8:0x7ffde1a8 x14=0xdf8d5e10
      153755000	     15276	80009de6	40dad493	srai	x9,x21,0xd	 x21:0x00000001  x9=0x00000000
      153765000	     15277	80009dea	e091	c.bnez	x9,80009dee	  x9:0x00000000
      153775000	     15278	80009dec	ca81	c.beqz	x13,80009dfc	 x13:0x800218e1
      153785000	     15279	80009dee	8fe5	c.and	x15,x9	 x15:0x0000014e  x9:0x00000000 x15=0x00000000
      153795000	     15280	80009df0	e11d	c.bnez	x10,80009e16	 x10:0x00000000
      153805000	     15281	80009df2	412356b3	sra	x13,x6,x18	  x6:0x00000000 x18:0x00000000 x13=0x00000000
      153815000	     15282	80009df6	46d9	c.li	x13,22	 x13=0x00000016
      153855000	     15286	80009df8	03a5beb3	mulhu	x29,x11,x26	 x11:0x80021e58 x26:0x00003c9f x29=0x00001e50
      153865000	     15287	80009dfc	abb1cb97	auipc	x23,0xabb1c	 x23=0x2bb25dfc
      153875000	     15288	80009e00	0000100f	fence.i	
      153895000	     15290	80009e04	01c64db3	xor	x27,x12,x28	 x12:0x0000014e x28:0x00000000 x27=0x0000014e
      153905000	     15291	80009e08	8f19	c.sub	x14,x14	 x14:0xdf8d5e10 x14:0xdf8d5e10 x14=0x00000000
      153915000	     15292	80009e0a	84ad	c.srai	x9,0xb	  x9:0x00000000  x9=0x00000000
      153925000	     15293	80009e0c	0001	c.addi	x0,0	  x0:0x00000000  x0=0x00000000
      153945000	     15295	80009e0e	020a6233	rem	x4,x20,x0	 x20:0x206ea000  x0:0x00000000  x4=0x206ea000
      154315000	     15332	80009e12	03fce433	rem	x8,x25,x31	 x25:0xffffffff x31:0x80025ce4  x8=0xffffffff
      154325000	     15333	80009e16	dfcb3017	auipc	x0,0xdfcb3	  x0=0x00000000
      154335000	     15334	80009e1a	0c1c	c.addi4spn	x15,x2,528	 x15=0x80009e22
      154345000	     15335	80009e1c	0049adb3	slt	x27,x19,x4	 x19:0x80025ce7  x4:0x206ea000 x27=0x00000001
      154355000	     15336	80009e20	01f67eb3	and	x29,x12,x31	 x12:0x0000014e x31:0x80025ce4 x29=0x00000044
      154365000	     15337	80009e24	d4012f13	slti	x30,x2,-704	  x2:0x80009c12 x30=0x00000001
      154375000	     15338	80009e28	8c5e	c.mv	x24,x23	  x0:0x00000000 x23:0x2bb25dfc x24=0x2bb25dfc
      154385000	     15339	80009e2a	25977093	andi	x1,x14,601	 x14:0x00000000  x1=0x00000000
      154395000	     15340	80009e2e	04590063	beq	x18,x5,80009e6e	 x18:0x00000000  x5:0x0000000b
      154405000	     15341	80009e32	0001	c.addi	x0,0	  x0:0x00000000  x0=0x00000000
      154415000	     15342	80009e34	0001	c.addi	x0,0	  x0:0x00000000  x0=0x00000000
      154425000	     15343	80009e36	01e24263	blt	x4,x30,80009e3a	  x4:0x206ea000 x30:0x00000001
      154435000	     15344	80009e3a	00ac77b3	and	x15,x24,x10	 x24:0x2bb25dfc x10:0x00000000 x15=0x00000000
      154445000	     15345	80009e3e	94f6	c.add	x9,x29	  x9:0x00000000 x29:0x00000044  x9=0x00000044
      154455000	     15346	80009e40	4033dd13	srai	x26,x7,0x3	  x7:0x00000000 x26=0x00000000
      154465000	     15347	80009e44	01178a63	beq	x15,x17,80009e58	 x15:0x00000000 x17:0x80025827
      154475000	     15348	80009e48	01628f33	add	x30,x5,x22	  x5:0x0000000b x22:0x80025827 x30=0x80025832
      154845000	     15385	80009e4c	036d5d33	divu	x26,x26,x22	 x26:0x00000000 x22:0x80025827 x26=0x00000000
      154855000	     15386	80009e50	009a0633	add	x12,x20,x9	 x20:0x206ea000  x9:0x00000044 x12=0x206ea044
      154865000	     15387	80009e54	41480ab3	sub	x21,x16,x20	 x16:0x00000000 x20:0x206ea000 x21=0xdf916000
      154875000	     15388	80009e58	0001	c.addi	x0,0	  x0:0x00000000  x0=0x00000000
      154885000	     15389	80009e5a	8e51	c.or	x12,x12	 x12:0x206ea044 x12:0x206ea044 x12=0x206ea044
      155255000	     15426	80009e5c	03f5d133	divu	x2,x11,x31	 x11:0x80021e58 x31:0x80025ce4  x2=0x00000000
      155265000	     15427	80009e60	0ff0000f	fence	iorw,iorw	
      155275000	     15428	80009e64	41bedd13	srai	x26,x29,0x1b	 x29:0x00000044 x26=0x00000000
      155285000	     15429	80009e68	717d	c.addi16sp	x2,-16	  x2:0x00000000  x2=0xfffffff0
      155295000	     15430	80009e6a	5a17b713	sltiu	x14,x15,1441	 x15:0x00000000 x14=0x00000001
      155305000	     15431	80009e6e	92a2	c.add	x5,x8	  x5:0x0000000b  x8:0xffffffff  x5=0x0000000a
      155315000	     15432	80009e70	8e6d	c.and	x12,x11	 x12:0x206ea044 x11:0x80021e58 x12=0x00020040
      155325000	     15433	80009e72	841e	c.mv	x8,x7	  x0:0x00000000  x7:0x00000000  x8=0x00000000
      155365000	     15437	80009e74	035e1533	mulh	x10,x28,x21	 x28:0x00000000 x21:0xdf916000 x10=0x00000000
      155405000	     15441	80009e78	02e5a033	mulhsu	x0,x11,x14	 x11:0x80021e58 x14:0x00000001  x0=0x00000000
      155415000	     15442	80009e7c	0152	c.slli	x2,0x14	  x2:0xfffffff0  x2=0xff000000
      155425000	     15443	80009e7e	0ff0000f	fence	iorw,iorw	
      155795000	     15480	80009e82	0295ceb3	div	x29,x11,x9	 x11:0x80021e58  x9:0x00000044 x29=0xfe1e2618
      155805000	     15481	80009e86	0195d113	srli	x2,x11,0x19	 x11:0x80021e58  x2=0x00000040
      155815000	     15482	80009e8a	987d	c.andi	x8,-1	  x8:0x00000000  x8=0x00000000
      155825000	     15483	80009e8c	fd6d7997	auipc	x19,0xfd6d7	 x19=0x7d6e0e8c
      155835000	     15484	80009e90	8d01	c.sub	x10,x8	 x10:0x00000000  x8:0x00000000 x10=0x00000000
      155845000	     15485	80009e92	167d	c.addi	x12,-1	 x12:0x00020040 x12=0x0002003f
      155855000	     15486	80009e94	b3184093	xori	x1,x16,-1231	 x16:0x00000000  x1=0xfffffb31
      155865000	     15487	80009e98	717d	c.addi16sp	x2,-16	  x2:0x00000040  x2=0x00000030
      155875000	     15488	80009e9a	222aac13	slti	x24,x21,546	 x21:0xdf916000 x24=0x00000001
      155885000	     15489	80009e9e	03a56063	bltu	x10,x26,80009ebe	 x10:0x00000000 x26:0x00000000
      155905000	     15491	80009ea2	030fceb3	div	x29,x31,x16	 x31:0x80025ce4 x16:0x00000000 x29=0xffffffff
      155915000	     15492	80009ea6	654b9a37	lui	x20,0x654b9	 x20=0x654b9000
      155925000	     15493	80009eaa	cb15	c.beqz	x14,80009ede	 x14:0x00000001
      155935000	     15494	80009eac	555ccb17	auipc	x22,0x555cc	 x22=0xd55d5eac
      155945000	     15495	80009eb0	0090	c.addi4spn	x12,x2,64	 x12=0x00000070
      156315000	     15532	80009eb2	0259f433	remu	x8,x19,x5	 x19:0x7d6e0e8c  x5:0x0000000a  x8=0x00000004
      156325000	     15533	80009eb6	eed00513	addi	x10,x0,-275	  x0:0x00000000 x10=0xfffffeed
      156335000	     15534	80009eba	0edec813	xori	x16,x29,237	 x29:0xffffffff x16=0xffffff12
      156375000	     15538	80009ebe	03702033	mulhsu	x0,x0,x23	  x0:0x00000000 x23:0x2bb25dfc  x0=0x00000000
      156745000	     15575	80009ec2	038bd133	divu	x2,x23,x24	 x23:0x2bb25dfc x24:0x00000001  x2=0x2bb25dfc
      156755000	     15576	80009ec6	0eee4a93	xori	x21,x28,238	 x28:0x00000000 x21=0x000000ee
      156795000	     15580	80009eca	03583133	mulhu	x2,x16,x21	 x16:0xffffff12 x21:0x000000ee  x2=0x000000ed
      156805000	     15581	80009ece	05ca0163	beq	x20,x28,80009f10	 x20:0x654b9000 x28:0x00000000
      156845000	     15585	80009ed2	03fbb8b3	mulhu	x17,x23,x31	 x23:0x2bb25dfc x31:0x80025ce4 x17=0x15d9963d
      156855000	     15586	80009ed6	8c2be413	ori	x8,x23,-1854	 x23:0x2bb25dfc  x8=0xfffffdfe
      156865000	     15587	80009eda	0390d963	bge	x1,x25,80009f0c	  x1:0xfffffb31 x25:0xffffffff
      156875000	     15588	80009ede	41d95513	srai	x10,x18,0x1d	 x18:0x00000000 x10=0x00000000
      157245000	     15625	80009ee2	034350b3	divu	x1,x6,x20	  x6:0x00000000 x20:0x654b9000  x1=0x00000000
      157255000	     15626	80009ee6	80bd	c.srli	x9,0xf	  x9:0x00000044  x9=0x00000000
      157265000	     15627	80009ee8	179c	c.addi4spn	x15,x2,992	 x15=0x000004cd
      157275000	     15628	80009eea	04591563	bne	x18,x5,80009f34	 x18:0x00000000  x5:0x0000000a
      157295000	     15630	80009f34	844a	c.mv	x8,x18	  x0:0x00000000 x18:0x00000000  x8=0x00000000
      157305000	     15631	80009f36	0000100f	fence.i	
      157335000	     15634	80009f3a	4eef0517	auipc	x10,0x4eef0	 x10=0xceef9f3a
      157345000	     15635	80009f3e	01f28a33	add	x20,x5,x31	  x5:0x0000000a x31:0x80025ce4 x20=0x80025cee
      157385000	     15639	80009f42	03003db3	mulhu	x27,x0,x16	  x0:0x00000000 x16:0xffffff12 x27=0x00000000
      157395000	     15640	80009f46	01847db3	and	x27,x8,x24	  x8:0x00000000 x24:0x00000001 x27=0x00000000
      157405000	     15641	80009f4a	bb214513	xori	x10,x2,-1102	  x2:0x000000ed x10=0xfffffb5f
      157415000	     15642	80009f4e	021a6063	bltu	x20,x1,80009f6e	 x20:0x80025cee  x1:0x00000000
      157425000	     15643	80009f52	0159d263	bge	x19,x21,80009f56	 x19:0x7d6e0e8c x21:0x000000ee
      157465000	     15647	80009f56	0279ea33	rem	x20,x19,x7	 x19:0x7d6e0e8c  x7:0x00000000 x20=0x7d6e0e8c
      157475000	     15648	80009f5a	0001	c.addi	x0,0	  x0:0x00000000  x0=0x00000000
      157485000	     15649	80009f5c	9dee	c.add	x27,x27	 x27:0x00000000 x27:0x00000000 x27=0x00000000
      157495000	     15650	80009f5e	06928893	addi	x17,x5,105	  x5:0x0000000a x17=0x00000073
      157505000	     15651	80009f62	00aacf63	blt	x21,x10,80009f80	 x21:0x000000ee x10:0xfffffb5f
      157535000	     15654	80009f66	03578ab3	mul	x21,x15,x21	 x15:0x000004cd x21:0x000000ee x21=0x00047696
      157545000	     15655	80009f6a	009d38b3	sltu	x17,x26,x9	 x26:0x00000000  x9:0x00000000 x17=0x00000000
      157585000	     15659	80009f6e	032b2733	mulhsu	x14,x22,x18	 x22:0xd55d5eac x18:0x00000000 x14=0x00000000
      157595000	     15660	80009f72	8d49	c.or	x10,x10	 x10:0xfffffb5f x10:0xfffffb5f x10=0xfffffb5f
      157605000	     15661	80009f74	0001	c.addi	x0,0	  x0:0x00000000  x0=0x00000000
      157615000	     15662	80009f76	000f3b33	sltu	x22,x30,x0	 x30:0x80025832  x0:0x00000000 x22=0x00000000
      157625000	     15663	80009f7a	405000b3	sub	x1,x0,x5	  x0:0x00000000  x5:0x0000000a  x1=0xfffffff6
      157635000	     15664	80009f7e	0001	c.addi	x0,0	  x0:0x00000000  x0=0x00000000
      157675000	     15668	80009f80	03a4ac33	mulhsu	x24,x9,x26	  x9:0x00000000 x26:0x00000000 x24=0x00000000
      157685000	     15669	80009f84	01f1c133	xor	x2,x3,x31	  x3:0x3ffda57e x31:0x80025ce4  x2=0xbffff99a
      157695000	     15670	80009f88	040f9063	bne	x31,x0,80009fc8	 x31:0x80025ce4  x0:0x00000000
      157715000	     15672	80009fc8	007e5193	srli	x3,x28,0x7	 x28:0x00000000  x3=0x00000000
      157725000	     15673	80009fcc	41c4d833	sra	x16,x9,x28	  x9:0x00000000 x28:0x00000000 x16=0x00000000
      157735000	     15674	80009fd0	717d	c.addi16sp	x2,-16	  x2:0xbffff99a  x2=0xbffff98a
      157775000	     15678	80009fd2	02421bb3	mulh	x23,x4,x4	  x4:0x206ea000  x4:0x206ea000 x23=0x041bd7cd
      157785000	     15679	80009fd6	84d5	c.srai	x9,0x15	  x9:0x00000000  x9=0x00000000
      157795000	     15680	80009fd8	55577c37	lui	x24,0x55577	 x24=0x55577000
      157805000	     15681	80009fdc	8e31	c.xor	x12,x12	 x12:0x00000070 x12:0x00000070 x12=0x00000000
      157815000	     15682	80009fde	00cb1b63	bne	x22,x12,80009ff4	 x22:0x00000000 x12:0x00000000
      157825000	     15683	80009fe2	86dd	c.srai	x13,0x17	 x13:0x00000016 x13=0x00000000
      157865000	     15687	80009fe4	02f7bdb3	mulhu	x27,x15,x15	 x15:0x000004cd x15:0x000004cd x27=0x00000000
      157875000	     15688	80009fe8	9de6fa13	andi	x20,x13,-1570	 x13:0x00000000 x20=0x00000000
      158245000	     15725	80009fec	021179b3	remu	x19,x2,x1	  x2:0xbffff98a  x1:0xfffffff6 x19=0xbffff98a
      158255000	     15726	80009ff0	41a95833	sra	x16,x18,x26	 x18:0x00000000 x26:0x00000000 x16=0x00000000
      158265000	     15727	80009ff4	4190d8b3	sra	x17,x1,x25	  x1:0xfffffff6 x25:0xffffffff x17=0xffffffff
      158275000	     15728	80009ff8	4101dd13	srai	x26,x3,0x10	  x3:0x00000000 x26=0x00000000
      158285000	     15729	80009ffc	f3768d93	addi	x27,x13,-201	 x13:0x00000000 x27=0xffffff37
      158295000	     15730	8000a000	0153ae33	slt	x28,x7,x21	  x7:0x00000000 x21:0x00047696 x28=0x00000001
      158305000	     15731	8000a004	041ef163	bgeu	x29,x1,8000a046	 x29:0xffffffff  x1:0xfffffff6
      158335000	     15734	8000a046	0039a233	slt	x4,x19,x3	 x19:0xbffff98a  x3:0x00000000  x4=0x00000001
      158345000	     15735	8000a04a	d2d8c0b7	lui	x1,0xd2d8c	  x1=0xd2d8c000
      158385000	     15739	8000a04e	02e12d33	mulhsu	x26,x2,x14	  x2:0xbffff98a x14:0x00000000 x26=0x00000000
      158395000	     15740	8000a052	0ff0000f	fence	iorw,iorw	
      158405000	     15741	8000a056	517d	c.li	x2,-1	  x2=0xffffffff
      158415000	     15742	8000a058	997d	c.andi	x10,-1	 x10:0xfffffb5f x10=0xfffffb5f
      158425000	     15743	8000a05a	a020a9b7	lui	x19,0xa020a	 x19=0xa020a000
      158435000	     15744	8000a05e	974a	c.add	x14,x18	 x14:0x00000000 x18:0x00000000 x14=0x00000000
      158445000	     15745	8000a060	4149de93	srai	x29,x19,0x14	 x19:0xa020a000 x29=0xfffffa02
      158455000	     15746	8000a064	02be1863	bne	x28,x11,8000a094	 x28:0x00000001 x11:0x80021e58
      158475000	     15748	8000a094	4028d193	srai	x3,x17,0x2	 x17:0xffffffff  x3=0xffffffff
      158485000	     15749	8000a098	01d45b63	bge	x8,x29,8000a0ae	  x8:0x00000000 x29:0xfffffa02
      158515000	     15752	8000a0ae	00cc6ab3	or	x21,x24,x12	 x24:0x55577000 x12:0x00000000 x21=0x55577000
      158525000	     15753	8000a0b2	886a	c.mv	x16,x26	  x0:0x00000000 x26:0x00000000 x16=0x00000000
      158535000	     15754	8000a0b4	62f1	c.lui	x5,0x1c	  x5=0x0001c000
      158545000	     15755	8000a0b6	0001	c.addi	x0,0	  x0:0x00000000  x0=0x00000000
      158555000	     15756	8000a0b8	8f71	c.and	x14,x12	 x14:0x00000000 x12:0x00000000 x14=0x00000000
      158565000	     15757	8000a0ba	e39d	c.bnez	x15,8000a0e0	 x15:0x000004cd
      158585000	     15759	8000a0e0	03ccc263	blt	x25,x28,8000a104	 x25:0xffffffff x28:0x00000001
      158605000	     15761	8000a104	470bbcb7	lui	x25,0x470bb	 x25=0x470bb000
      158615000	     15762	8000a108	877b7793	andi	x15,x22,-1929	 x22:0x00000000 x15=0x00000000
      158625000	     15763	8000a10c	0ff0000f	fence	iorw,iorw	
      158635000	     15764	8000a110	026f8f63	beq	x31,x6,8000a14e	 x31:0x80025ce4  x6:0x00000000
      158645000	     15765	8000a114	00c91b13	slli	x22,x18,0xc	 x18:0x00000000 x22=0x00000000
      158655000	     15766	8000a118	4152d533	sra	x10,x5,x21	  x5:0x0001c000 x21:0x55577000 x10=0x0001c000
      158665000	     15767	8000a11c	0ff0000f	fence	iorw,iorw	
      159035000	     15804	8000a120	02364a33	div	x20,x12,x3	 x12:0x00000000  x3:0xffffffff x20=0x00000000
      159055000	     15806	8000a124	026bf8b3	remu	x17,x23,x6	 x23:0x041bd7cd  x6:0x00000000 x17=0x041bd7cd
      159065000	     15807	8000a128	4bd5	c.li	x23,21	 x23=0x00000015
      159075000	     15808	8000a12a	005e37b3	sltu	x15,x28,x5	 x28:0x00000001  x5:0x0001c000 x15=0x00000001
      159085000	     15809	8000a12e	8bde	c.mv	x23,x23	  x0:0x00000000 x23:0x00000015 x23=0x00000015
      159095000	     15810	8000a130	01891393	slli	x7,x18,0x18	 x18:0x00000000  x7=0x00000000
      159105000	     15811	8000a134	3316aab7	lui	x21,0x3316a	 x21=0x3316a000
      159115000	     15812	8000a138	00a45c93	srli	x25,x8,0xa	  x8:0x00000000 x25=0x00000000
      159125000	     15813	8000a13c	c0b1	c.beqz	x9,8000a180	  x9:0x00000000
      159145000	     15815	8000a180	9c26	c.add	x24,x9	 x24:0x55577000  x9:0x00000000 x24=0x55577000
      159155000	     15816	8000a182	01f1f3b3	and	x7,x3,x31	  x3:0xffffffff x31:0x80025ce4  x7=0x80025ce4
      159525000	     15853	8000a186	024e7133	remu	x2,x28,x4	 x28:0x00000001  x4:0x00000001  x2=0x00000000
      159535000	     15854	8000a18a	034acb63	blt	x21,x20,8000a1c0	 x21:0x3316a000 x20:0x00000000
      159545000	     15855	8000a18e	01fa0963	beq	x20,x31,8000a1a0	 x20:0x00000000 x31:0x80025ce4
      159555000	     15856	8000a192	016bdf13	srli	x30,x23,0x16	 x23:0x00000015 x30=0x00000000
      159925000	     15893	8000a196	0233d6b3	divu	x13,x7,x3	  x7:0x80025ce4  x3:0xffffffff x13=0x00000000
      159935000	     15894	8000a19a	1908	c.addi4spn	x10,x2,176	 x10=0x000000b0
      160305000	     15931	8000a19c	03b5eeb3	rem	x29,x11,x27	 x11:0x80021e58 x27:0xffffff37 x29=0xffffff9b
      160315000	     15932	8000a1a0	01e89c63	bne	x17,x30,8000a1b8	 x17:0x041bd7cd x30:0x00000000
      160335000	     15934	8000a1b8	5bcb7813	andi	x16,x22,1468	 x22:0x00000000 x16=0x00000000
      160365000	     15937	8000a1bc	03d58233	mul	x4,x11,x29	 x11:0x80021e58 x29:0xffffff9b  x4=0x7f2a0748
      160405000	     15941	8000a1c0	03372eb3	mulhsu	x29,x14,x19	 x14:0x00000000 x19:0xa020a000 x29=0x00000000
      160415000	     15942	8000a1c4	0ee6	c.slli	x29,0x19	 x29:0x00000000 x29=0x00000000
      160425000	     15943	8000a1c6	404308b3	sub	x17,x6,x4	  x6:0x00000000  x4:0x7f2a0748 x17=0x80d5f8b8
      160435000	     15944	8000a1ca	1894	c.addi4spn	x13,x2,112	 x13=0x00000070
      160445000	     15945	8000a1cc	8e49	c.or	x12,x10	 x12:0x00000000 x10:0x000000b0 x12=0x000000b0
      160455000	     15946	8000a1ce	006a2e33	slt	x28,x20,x6	 x20:0x00000000  x6:0x00000000 x28=0x00000000
      160465000	     15947	8000a1d2	01a20eb3	add	x29,x4,x26	  x4:0x7f2a0748 x26:0x00000000 x29=0x7f2a0748
      160475000	     15948	8000a1d6	01bdfc33	and	x24,x27,x27	 x27:0xffffff37 x27:0xffffff37 x24=0xffffff37
      160485000	     15949	8000a1da	05fcc063	blt	x25,x31,8000a21a	 x25:0x00000000 x31:0x80025ce4
      160525000	     15953	8000a1de	038c1cb3	mulh	x25,x24,x24	 x24:0xffffff37 x24:0xffffff37 x25=0x00000000
      160535000	     15954	8000a1e2	8c89	c.sub	x9,x10	  x9:0x00000000 x10:0x000000b0  x9=0xffffff50
      160545000	     15955	8000a1e4	8c19	c.sub	x8,x14	  x8:0x00000000 x14:0x00000000  x8=0x00000000
      160555000	     15956	8000a1e6	0130e0b3	or	x1,x1,x19	  x1:0xd2d8c000 x19:0xa020a000  x1=0xf2f8e000
      160565000	     15957	8000a1ea	41a9d0b3	sra	x1,x19,x26	 x19:0xa020a000 x26:0x00000000  x1=0xa020a000
      160575000	     15958	8000a1ee	004f4533	xor	x10,x30,x4	 x30:0x00000000  x4:0x7f2a0748 x10=0x7f2a0748
      160585000	     15959	8000a1f2	01f991b3	sll	x3,x19,x31	 x19:0xa020a000 x31:0x80025ce4  x3=0x020a0000
      160595000	     15960	8000a1f6	c891	c.beqz	x9,8000a20a	  x9:0xffffff50
      160605000	     15961	8000a1f8	4111d013	srai	x0,x3,0x11	  x3:0x020a0000  x0=0x00000000
      160615000	     15962	8000a1fc	0172	c.slli	x2,0x1c	  x2:0x00000000  x2=0x00000000
      160625000	     15963	8000a1fe	c7506193	ori	x3,x0,-907	  x0:0x00000000  x3=0xfffffc75
      160665000	     15967	8000a202	03fb9cb3	mulh	x25,x23,x31	 x23:0x00000015 x31:0x80025ce4 x25=0xfffffff5
      160705000	     15971	8000a206	0206bf33	mulhu	x30,x13,x0	 x13:0x00000070  x0:0x00000000 x30=0x00000000
      160715000	     15972	8000a20a	01c3c633	xor	x12,x7,x28	  x7:0x80025ce4 x28:0x00000000 x12=0x80025ce4
      160725000	     15973	8000a20e	008c84b3	add	x9,x25,x8	 x25:0xfffffff5  x8:0x00000000  x9=0xfffffff5
      160735000	     15974	8000a212	ee85	c.bnez	x13,8000a24a	 x13:0x00000070
      160755000	     15976	8000a24a	8a21	c.andi	x12,8	 x12:0x80025ce4 x12=0x00000000
      160765000	     15977	8000a24c	8b39	c.andi	x14,14	 x14:0x00000000 x14=0x00000000
      160775000	     15978	8000a24e	002ef463	bgeu	x29,x2,8000a256	 x29:0x7f2a0748  x2:0x00000000
      161165000	     16017	8000a256	027a72b3	remu	x5,x20,x7	 x20:0x00000000  x7:0x80025ce4  x5=0x00000000
      161175000	     16018	8000a25a	69f1	c.lui	x19,0x1c	 x19=0x0001c000
      161185000	     16019	8000a25c	000fad33	slt	x26,x31,x0	 x31:0x80025ce4  x0:0x00000000 x26=0x00000001
      161555000	     16056	8000a260	02b16bb3	rem	x23,x2,x11	  x2:0x00000000 x11:0x80021e58 x23=0x00000000
      161565000	     16057	8000a264	01abb233	sltu	x4,x23,x26	 x23:0x00000000 x26:0x00000001  x4=0x00000001
      161575000	     16058	8000a268	809d	c.srli	x9,0x7	  x9:0xfffffff5  x9=0x01ffffff
      161585000	     16059	8000a26a	0dea	c.slli	x27,0x1a	 x27:0xffffff37 x27=0xdc000000
      161595000	     16060	8000a26c	8c79	c.and	x8,x14	  x8:0x00000000 x14:0x00000000  x8=0x00000000
      161605000	     16061	8000a26e	7ba7fe13	andi	x28,x15,1978	 x15:0x00000001 x28=0x00000000
      161615000	     16062	8000a272	717d	c.addi16sp	x2,-16	  x2:0x00000000  x2=0xfffffff0
      161625000	     16063	8000a274	0186f863	bgeu	x13,x24,8000a284	 x13:0x00000070 x24:0xffffff37
      161635000	     16064	8000a278	8e9a	c.mv	x29,x6	  x0:0x00000000  x6:0x00000000 x29=0x00000000
      161645000	     16065	8000a27a	01946863	bltu	x8,x25,8000a28a	  x8:0x00000000 x25:0xfffffff5
      161675000	     16068	8000a28a	0031b4b3	sltu	x9,x3,x3	  x3:0xfffffc75  x3:0xfffffc75  x9=0x00000000
      161685000	     16069	8000a28e	1608	c.addi4spn	x10,x2,800	 x10=0x00000310
      161695000	     16070	8000a290	006e9c63	bne	x29,x6,8000a2a8	 x29:0x00000000  x6:0x00000000
      161705000	     16071	8000a294	00065013	srli	x0,x12,0x0	 x12:0x00000000  x0=0x00000000
      161715000	     16072	8000a298	98fd	c.andi	x9,-1	  x9:0x00000000  x9=0x00000000
      161725000	     16073	8000a29a	6161	c.addi16sp	x2,80	  x2:0xfffffff0  x2=0x00000040
      161745000	     16075	8000a29c	037ff0b3	remu	x1,x31,x23	 x31:0x80025ce4 x23:0x00000000  x1=0x80025ce4
      161755000	     16076	8000a2a0	c20d	c.beqz	x12,8000a2c2	 x12:0x00000000
      161785000	     16079	8000a2c2	00883b33	sltu	x22,x16,x8	 x16:0x00000000  x8:0x00000000 x22=0x00000000
      161795000	     16080	8000a2c6	37186893	ori	x17,x16,881	 x16:0x00000000 x17=0x00000371
      161805000	     16081	8000a2ca	01b29113	slli	x2,x5,0x1b	  x5:0x00000000  x2=0x00000000
      161815000	     16082	8000a2ce	8cb5	c.xor	x9,x13	  x9:0x00000000 x13:0x00000070  x9=0x00000070
      161825000	     16083	8000a2d0	0152	c.slli	x2,0x14	  x2:0x00000000  x2=0x00000000
      161835000	     16084	8000a2d2	010d57b3	srl	x15,x26,x16	 x26:0x00000001 x16:0x00000000 x15=0x00000001
      161875000	     16088	8000a2d6	02c43033	mulhu	x0,x8,x12	  x8:0x00000000 x12:0x00000000  x0=0x00000000
      161885000	     16089	8000a2da	01841d93	slli	x27,x8,0x18	  x8:0x00000000 x27=0x00000000
      161895000	     16090	8000a2de	8b36	c.mv	x22,x13	  x0:0x00000000 x13:0x00000070 x22=0x00000070
      161905000	     16091	8000a2e0	8ce1	c.and	x9,x8	  x9:0x00000070  x8:0x00000000  x9=0x00000000
      161915000	     16092	8000a2e2	6149	c.addi16sp	x2,144	  x2:0x00000000  x2=0x00000090
      161925000	     16093	8000a2e4	02067463	bgeu	x12,x0,8000a30c	 x12:0x00000000  x0:0x00000000
      161945000	     16095	8000a30c	0001	c.addi	x0,0	  x0:0x00000000  x0=0x00000000
      161955000	     16096	8000a30e	8e4e	c.mv	x28,x19	  x0:0x00000000 x19:0x0001c000 x28=0x0001c000
      161965000	     16097	8000a310	00082bb3	slt	x23,x16,x0	 x16:0x00000000  x0:0x00000000 x23=0x00000000
      161975000	     16098	8000a314	b8031197	auipc	x3,0xb8031	  x3=0x3803b314
      161985000	     16099	8000a318	c415	c.beqz	x8,8000a344	  x8:0x00000000
      162005000	     16101	8000a344	0ac1	c.addi	x21,16	 x21:0x3316a000 x21=0x3316a010
      162015000	     16102	8000a346	5e7d	c.li	x28,-1	 x28=0xffffffff
      162025000	     16103	8000a348	408f5e93	srai	x29,x30,0x8	 x30:0x00000000 x29=0x00000000
      162035000	     16104	8000a34c	8f05	c.sub	x14,x9	 x14:0x00000000  x9:0x00000000 x14=0x00000000
      162045000	     16105	8000a34e	144efe17	auipc	x28,0x144ef	 x28=0x944f934e
      162055000	     16106	8000a352	e321f917	auipc	x18,0xe321f	 x18=0x63229352
      162065000	     16107	8000a356	6151	c.addi16sp	x2,272	  x2:0x00000090  x2=0x000001a0
      162075000	     16108	8000a358	80c5	c.srli	x9,0x11	  x9:0x00000000  x9=0x00000000
      162085000	     16109	8000a35a	a5744613	xori	x12,x8,-1449	  x8:0x00000000 x12=0xfffffa57
      162095000	     16110	8000a35e	039de963	bltu	x27,x25,8000a390	 x27:0x00000000 x25:0xfffffff5
      162115000	     16112	8000a390	8c3d	c.xor	x8,x15	  x8:0x00000000 x15:0x00000001  x8=0x00000001
      162125000	     16113	8000a392	8ebd	c.xor	x13,x15	 x13:0x00000070 x15:0x00000001 x13=0x00000071
      162135000	     16114	8000a394	011f1c93	slli	x25,x30,0x11	 x30:0x00000000 x25=0x00000000
      162145000	     16115	8000a398	0c99b893	sltiu	x17,x19,201	 x19:0x0001c000 x17=0x00000000
      162155000	     16116	8000a39c	8212	c.mv	x4,x4	  x0:0x00000000  x4:0x00000001  x4=0x00000001
      162165000	     16117	8000a39e	0290ed63	bltu	x1,x9,8000a3d8	  x1:0x80025ce4  x9:0x00000000
      162205000	     16121	8000a3a2	03342cb3	mulhsu	x25,x8,x19	  x8:0x00000001 x19:0x0001c000 x25=0x00000000
      162215000	     16122	8000a3a6	0001	c.addi	x0,0	  x0:0x00000000  x0=0x00000000
      162225000	     16123	8000a3a8	417c02b3	sub	x5,x24,x23	 x24:0xffffff37 x23:0x00000000  x5=0xffffff37
      162235000	     16124	8000a3ac	01ee5c93	srli	x25,x28,0x1e	 x28:0x944f934e x25=0x00000002
      162245000	     16125	8000a3b0	03c6	c.slli	x7,0x11	  x7:0x80025ce4  x7=0xb9c80000
      162255000	     16126	8000a3b2	86c9	c.srai	x13,0x12	 x13:0x00000071 x13=0x00000000
      162265000	     16127	8000a3b4	0097c0b3	xor	x1,x15,x9	 x15:0x00000001  x9:0x00000000  x1=0x00000001
      162275000	     16128	8000a3b8	00f30c33	add	x24,x6,x15	  x6:0x00000000 x15:0x00000001 x24=0x00000001
      162285000	     16129	8000a3bc	01211d13	slli	x26,x2,0x12	  x2:0x000001a0 x26=0x06800000
      162295000	     16130	8000a3c0	030b0e63	beq	x22,x16,8000a3fc	 x22:0x00000070 x16:0x00000000
      162305000	     16131	8000a3c4	8bf5	c.andi	x15,29	 x15:0x00000001 x15=0x00000001
      162315000	     16132	8000a3c6	0025bab3	sltu	x21,x11,x2	 x11:0x80021e58  x2:0x000001a0 x21=0x00000000
      162325000	     16133	8000a3ca	0ff0000f	fence	iorw,iorw	
      162335000	     16134	8000a3ce	00659033	sll	x0,x11,x6	 x11:0x80021e58  x6:0x00000000  x0=0x00000000
      162345000	     16135	8000a3d2	49aa5c17	auipc	x24,0x49aa5	 x24=0xc9aaf3d2
      162355000	     16136	8000a3d6	0001	c.addi	x0,0	  x0:0x00000000  x0=0x00000000
      162365000	     16137	8000a3d8	8931	c.andi	x10,12	 x10:0x00000310 x10=0x00000000
      162375000	     16138	8000a3da	016f0b63	beq	x30,x22,8000a3f0	 x30:0x00000000 x22:0x00000070
      162385000	     16139	8000a3de	169c	c.addi4spn	x15,x2,864	 x15=0x00000500
      162395000	     16140	8000a3e0	68e26a93	ori	x21,x4,1678	  x4:0x00000001 x21=0x0000068f
      162405000	     16141	8000a3e4	73fe2d13	slti	x26,x28,1855	 x28:0x944f934e x26=0x00000001
      162415000	     16142	8000a3e8	baaff113	andi	x2,x31,-1110	 x31:0x80025ce4  x2=0x800258a0
      162425000	     16143	8000a3ec	0451c063	blt	x3,x5,8000a42c	  x3:0x3803b314  x5:0xffffff37
      162435000	     16144	8000a3f0	d3988f13	addi	x30,x17,-711	 x17:0x00000000 x30=0xfffffd39
      162445000	     16145	8000a3f4	0001	c.addi	x0,0	  x0:0x00000000  x0=0x00000000
      162455000	     16146	8000a3f6	d1be6d13	ori	x26,x28,-741	 x28:0x944f934e x26=0xffffff5f
      162465000	     16147	8000a3fa	8f59	c.or	x14,x14	 x14:0x00000000 x14:0x00000000 x14=0x00000000
      162505000	     16151	8000a3fc	03c798b3	mulh	x17,x15,x28	 x15:0x00000500 x28:0x944f934e x17=0xfffffde5
      162515000	     16152	8000a400	4aa66913	ori	x18,x12,1194	 x12:0xfffffa57 x18=0xfffffeff
      162525000	     16153	8000a404	9652	c.add	x12,x20	 x12:0xfffffa57 x20:0x00000000 x12=0xfffffa57
      162535000	     16154	8000a406	8d69	c.and	x10,x10	 x10:0x00000000 x10:0x00000000 x10=0x00000000
      162545000	     16155	8000a408	8d25	c.xor	x10,x9	 x10:0x00000000  x9:0x00000000 x10=0x00000000
      162555000	     16156	8000a40a	8129	c.srli	x10,0xa	 x10:0x00000000 x10=0x00000000
      162565000	     16157	8000a40c	c089	c.beqz	x9,8000a40e	  x9:0x00000000
      162595000	     16160	8000a40e	25fe3c13	sltiu	x24,x28,607	 x28:0x944f934e x24=0x00000000
      162605000	     16161	8000a412	d4a07a13	andi	x20,x0,-694	  x0:0x00000000 x20=0x00000000
      162975000	     16198	8000a416	0285e3b3	rem	x7,x11,x8	 x11:0x80021e58  x8:0x00000001  x7=0x00000000
      162985000	     16199	8000a41a	0001	c.addi	x0,0	  x0:0x00000000  x0=0x00000000
      162995000	     16200	8000a41c	41928db3	sub	x27,x5,x25	  x5:0xffffff37 x25:0x00000002 x27=0xffffff35
      163005000	     16201	8000a420	01614033	xor	x0,x2,x22	  x2:0x800258a0 x22:0x00000070  x0=0x00000000
      163025000	     16203	8000a424	02ee6833	rem	x16,x28,x14	 x28:0x944f934e x14:0x00000000 x16=0x944f934e
      163395000	     16240	8000a428	0315c233	div	x4,x11,x17	 x11:0x80021e58 x17:0xfffffde5  x4=0x003cca46
      163405000	     16241	8000a42c	0ff0000f	fence	iorw,iorw	
      163415000	     16242	8000a430	41c6ddb3	sra	x27,x13,x28	 x13:0x00000000 x28:0x944f934e x27=0x00000000
      163425000	     16243	8000a434	0000100f	fence.i	
      163445000	     16245	8000a438	3c868193	addi	x3,x13,968	 x13:0x00000000  x3=0x000003c8
      163455000	     16246	8000a43c	01ec5c63	bge	x24,x30,8000a454	 x24:0x00000000 x30:0xfffffd39
      163475000	     16248	8000a454	69f1	c.lui	x19,0x1c	 x19=0x0001c000
      163485000	     16249	8000a456	ea01	c.bnez	x12,8000a466	 x12:0xfffffa57
      163515000	     16252	8000a466	017c1513	slli	x10,x24,0x17	 x24:0x00000000 x10=0x00000000
      163555000	     16256	8000a46a	02bc13b3	mulh	x7,x24,x11	 x24:0x00000000 x11:0x80021e58  x7=0x00000000
      163565000	     16257	8000a46e	01305013	srli	x0,x0,0x13	  x0:0x00000000  x0=0x00000000
      163575000	     16258	8000a472	4091	c.li	x1,4	  x1=0x00000004
      163585000	     16259	8000a474	69971e17	auipc	x28,0x69971	 x28=0xe997b474
      163615000	     16262	8000a478	02ca86b3	mul	x13,x21,x12	 x21:0x0000068f x12:0xfffffa57 x13=0xffdae099
      163625000	     16263	8000a47c	e089	c.bnez	x9,8000a47e	  x9:0x00000000
      163635000	     16264	8000a47e	e119	c.bnez	x10,8000a484	 x10:0x00000000
      163655000	     16266	8000a480	038ee533	rem	x10,x29,x24	 x29:0x00000000 x24:0x00000000 x10=0x00000000
      163665000	     16267	8000a484	01eed1b3	srl	x3,x29,x30	 x29:0x00000000 x30:0xfffffd39  x3=0x00000000
      163675000	     16268	8000a488	0001	c.addi	x0,0	  x0:0x00000000  x0=0x00000000
      163685000	     16269	8000a48a	52cacd93	xori	x27,x21,1324	 x21:0x0000068f x27=0x000003a3
      163695000	     16270	8000a48e	40238533	sub	x10,x7,x2	  x7:0x00000000  x2:0x800258a0 x10=0x7ffda760
      164065000	     16307	8000a492	0256edb3	rem	x27,x13,x5	 x13:0xffdae099  x5:0xffffff37 x27=0xffffff58
      164105000	     16311	8000a496	02a1a533	mulhsu	x10,x3,x10	  x3:0x00000000 x10:0x7ffda760 x10=0x00000000
      164115000	     16312	8000a49a	4566f213	andi	x4,x13,1110	 x13:0xffdae099  x4=0x00000010
      164125000	     16313	8000a49e	01989eb3	sll	x29,x17,x25	 x17:0xfffffde5 x25:0x00000002 x29=0xfffff794
      164135000	     16314	8000a4a2	8c55	c.or	x8,x13	  x8:0x00000001 x13:0xffdae099  x8=0xffdae099
      164145000	     16315	8000a4a4	0ff0000f	fence	iorw,iorw	
      164155000	     16316	8000a4a8	01616533	or	x10,x2,x22	  x2:0x800258a0 x22:0x00000070 x10=0x800258f0
      164165000	     16317	8000a4ac	01c0e963	bltu	x1,x28,8000a4be	  x1:0x00000004 x28:0xe997b474
      164195000	     16320	8000a4be	77a48693	addi	x13,x9,1914	  x9:0x00000000 x13=0x0000077a
      164205000	     16321	8000a4c2	6809	c.lui	x16,0x2	 x16=0x00002000
      164215000	     16322	8000a4c4	4b8d	c.li	x23,3	 x23=0x00000003
      164225000	     16323	8000a4c6	01758db3	add	x27,x11,x23	 x11:0x80021e58 x23:0x00000003 x27=0x80021e5b
      164235000	     16324	8000a4ca	9b9e	c.add	x23,x7	 x23:0x00000003  x7:0x00000000 x23=0x00000003
      164245000	     16325	8000a4cc	8932	c.mv	x18,x12	  x0:0x00000000 x12:0xfffffa57 x18=0xfffffa57
      164255000	     16326	8000a4ce	0ff0000f	fence	iorw,iorw	
      164295000	     16330	8000a4d2	03c2a133	mulhsu	x2,x5,x28	  x5:0xffffff37 x28:0xe997b474  x2=0xffffff48
      164335000	     16334	8000a4d6	0278ad33	mulhsu	x26,x17,x7	 x17:0xfffffde5  x7:0x00000000 x26=0x00000000
      164355000	     16336	8000a4da	02efd833	divu	x16,x31,x14	 x31:0x80025ce4 x14:0x00000000 x16=0xffffffff
      164365000	     16337	8000a4de	00af1d33	sll	x26,x30,x10	 x30:0xfffffd39 x10:0x800258f0 x26=0xfd390000
      164375000	     16338	8000a4e2	026d	c.addi	x4,27	  x4:0x00000010  x4=0x0000002b
      164385000	     16339	8000a4e4	c38d	c.beqz	x15,8000a506	 x15:0x00000500
      164395000	     16340	8000a4e6	554e4eb7	lui	x29,0x554e4	 x29=0x554e4000
      164405000	     16341	8000a4ea	0084f933	and	x18,x9,x8	  x9:0x00000000  x8:0xffdae099 x18=0x00000000
      164415000	     16342	8000a4ee	0569d663	bge	x19,x22,8000a53a	 x19:0x0001c000 x22:0x00000070
      164445000	     16345	8000a53a	a62adb97	auipc	x23,0xa62ad	 x23=0x262b753a
      164455000	     16346	8000a53e	40e456b3	sra	x13,x8,x14	  x8:0xffdae099 x14:0x00000000 x13=0xffdae099
      164465000	     16347	8000a542	8e31	c.xor	x12,x12	 x12:0xfffffa57 x12:0xfffffa57 x12=0x00000000
      164505000	     16351	8000a544	03b9a033	mulhsu	x0,x19,x27	 x19:0x0001c000 x27:0x80021e5b  x0=0x00000000
      164515000	     16352	8000a548	01da	c.slli	x3,0x16	  x3:0x00000000  x3=0x00000000
      164525000	     16353	8000a54a	9a7d	c.andi	x12,-1	 x12:0x00000000 x12=0x00000000
      164535000	     16354	8000a54c	01a4d413	srli	x8,x9,0x1a	  x9:0x00000000  x8=0x00000000
      164545000	     16355	8000a550	f56dee37	lui	x28,0xf56de	 x28=0xf56de000
      164555000	     16356	8000a554	717d	c.addi16sp	x2,-16	  x2:0xffffff48  x2=0xffffff38
      164565000	     16357	8000a556	9274e793	ori	x15,x9,-1753	  x9:0x00000000 x15=0xfffff927
      164935000	     16394	8000a55a	0333cdb3	div	x27,x7,x19	  x7:0x00000000 x19:0x0001c000 x27=0x00000000
      164945000	     16395	8000a55e	01434433	xor	x8,x6,x20	  x6:0x00000000 x20:0x00000000  x8=0x00000000
      164955000	     16396	8000a562	51ebee93	ori	x29,x23,1310	 x23:0x262b753a x29=0x262b753e
      165325000	     16433	8000a566	03e75133	divu	x2,x14,x30	 x14:0x00000000 x30:0xfffffd39  x2=0x00000000
      165365000	     16437	8000a56a	03741133	mulh	x2,x8,x23	  x8:0x00000000 x23:0x262b753a  x2=0x00000000
      165375000	     16438	8000a56e	6169	c.addi16sp	x2,208	  x2:0x00000000  x2=0x000000d0
      165385000	     16439	8000a570	014f9033	sll	x0,x31,x20	 x31:0x80025ce4 x20:0x00000000  x0=0x00000000
      165395000	     16440	8000a574	81772813	slti	x16,x14,-2025	 x14:0x00000000 x16=0x00000000
      165405000	     16441	8000a578	f60cf693	andi	x13,x25,-160	 x25:0x00000002 x13=0x00000000
      165415000	     16442	8000a57c	54fd	c.li	x9,-1	  x9=0xffffffff
      165425000	     16443	8000a57e	8d39	c.xor	x10,x14	 x10:0x800258f0 x14:0x00000000 x10=0x800258f0
      165435000	     16444	8000a580	5a9d8717	auipc	x14,0x5a9d8	 x14=0xda9e2580
      165445000	     16445	8000a584	00855ab3	srl	x21,x10,x8	 x10:0x800258f0  x8:0x00000000 x21=0x800258f0
      165455000	     16446	8000a588	df398717	auipc	x14,0xdf398	 x14=0x5f3a2588
      165465000	     16447	8000a58c	0094d133	srl	x2,x9,x9	  x9:0xffffffff  x9:0xffffffff  x2=0x00000001
      165475000	     16448	8000a590	0001	c.addi	x0,0	  x0:0x00000000  x0=0x00000000
      165485000	     16449	8000a592	00e47033	and	x0,x8,x14	  x8:0x00000000 x14:0x5f3a2588  x0=0x00000000
      165855000	     16486	8000a596	02e7e6b3	rem	x13,x15,x14	 x15:0xfffff927 x14:0x5f3a2588 x13=0xfffff927
      165865000	     16487	8000a59a	1d84	c.addi4spn	x9,x2,752	  x9=0x000002f1
      165875000	     16488	8000a59c	02348063	beq	x9,x3,8000a5bc	  x9:0x000002f1  x3:0x00000000
      165915000	     16492	8000a5a0	02a79633	mulh	x12,x15,x10	 x15:0xfffff927 x10:0x800258f0 x12=0x0000036c
      165925000	     16493	8000a5a4	02e87a63	bgeu	x16,x14,8000a5d8	 x16:0x00000000 x14:0x5f3a2588
      165935000	     16494	8000a5a8	24378d13	addi	x26,x15,579	 x15:0xfffff927 x26=0xfffffb6a
      165945000	     16495	8000a5ac	01b49a93	slli	x21,x9,0x1b	  x9:0x000002f1 x21=0x88000000
      165985000	     16499	8000a5b0	0330a6b3	mulhsu	x13,x1,x19	  x1:0x00000004 x19:0x0001c000 x13=0x00000000
      165995000	     16500	8000a5b4	8e41	c.or	x12,x8	 x12:0x0000036c  x8:0x00000000 x12=0x0000036c
      166005000	     16501	8000a5b6	01080763	beq	x16,x16,8000a5c4	 x16:0x00000000 x16:0x00000000
      166035000	     16504	8000a5c4	028cd533	divu	x10,x25,x8	 x25:0x00000002  x8:0x00000000 x10=0xffffffff
      166045000	     16505	8000a5c8	0904	c.addi4spn	x9,x2,144	  x9=0x00000091
      166055000	     16506	8000a5ca	01a90633	add	x12,x18,x26	 x18:0x00000000 x26:0xfffffb6a x12=0xfffffb6a
      166095000	     16510	8000a5ce	03593ab3	mulhu	x21,x18,x21	 x18:0x00000000 x21:0x88000000 x21=0x00000000
      166105000	     16511	8000a5d2	0001	c.addi	x0,0	  x0:0x00000000  x0=0x00000000
      166115000	     16512	8000a5d4	eb8fad93	slti	x27,x31,-328	 x31:0x80025ce4 x27=0x00000001
      166125000	     16513	8000a5d8	0001	c.addi	x0,0	  x0:0x00000000  x0=0x00000000
      166135000	     16514	8000a5da	1d9c	c.addi4spn	x15,x2,752	 x15=0x000002f1
      166145000	     16515	8000a5dc	e889	c.bnez	x9,8000a5ee	  x9:0x00000091
      166175000	     16518	8000a5ee	03129763	bne	x5,x17,8000a61c	  x5:0xffffff37 x17:0xfffffde5
      166195000	     16520	8000a61c	846d	c.srai	x8,0x1b	  x8:0x00000000  x8=0x00000000
      166205000	     16521	8000a61e	0044bbb3	sltu	x23,x9,x4	  x9:0x00000091  x4:0x0000002b x23=0x00000000
      166215000	     16522	8000a622	006de933	or	x18,x27,x6	 x27:0x00000001  x6:0x00000000 x18=0x00000001
      166225000	     16523	8000a626	00e83bb3	sltu	x23,x16,x14	 x16:0x00000000 x14:0x5f3a2588 x23=0x00000001
      166235000	     16524	8000a62a	00dc77b3	and	x15,x24,x13	 x24:0x00000000 x13:0x00000000 x15=0x00000000
      166245000	     16525	8000a62e	567d	c.li	x12,-1	 x12=0xffffffff
      166255000	     16526	8000a630	0d35	c.addi	x26,13	 x26:0xfffffb6a x26=0xfffffb77
      166265000	     16527	8000a632	765a8e13	addi	x28,x21,1893	 x21:0x00000000 x28=0x00000765
      166275000	     16528	8000a636	0000100f	fence.i	
      166295000	     16530	8000a63a	9e8e	c.add	x29,x3	 x29:0x262b753e  x3:0x00000000 x29=0x262b753e
      166305000	     16531	8000a63c	44d5	c.li	x9,21	  x9=0x00000015
      166315000	     16532	8000a63e	8d0d	c.sub	x10,x11	 x10:0xffffffff x11:0x80021e58 x10=0x7ffde1a7
      166325000	     16533	8000a640	860d	c.srai	x12,0x3	 x12:0xffffffff x12=0xffffffff
      166695000	     16570	8000a642	03914c33	div	x24,x2,x25	  x2:0x00000001 x25:0x00000002 x24=0x00000000
      166705000	     16571	8000a646	0dae	c.slli	x27,0xb	 x27:0x00000001 x27=0x00000800
      166715000	     16572	8000a648	00b57d33	and	x26,x10,x11	 x10:0x7ffde1a7 x11:0x80021e58 x26=0x00000000
      166755000	     16576	8000a64c	029234b3	mulhu	x9,x4,x9	  x4:0x0000002b  x9:0x00000015  x9=0x00000000
      166775000	     16578	8000a650	03a55633	divu	x12,x10,x26	 x10:0x7ffde1a7 x26:0x00000000 x12=0xffffffff
      166785000	     16579	8000a654	0001	c.addi	x0,0	  x0:0x00000000  x0=0x00000000
      166795000	     16580	8000a656	2446cd93	xori	x27,x13,580	 x13:0x00000000 x27=0x00000244
      166805000	     16581	8000a65a	014f93b3	sll	x7,x31,x20	 x31:0x80025ce4 x20:0x00000000  x7=0x80025ce4
      166815000	     16582	8000a65e	015f0033	add	x0,x30,x21	 x30:0xfffffd39 x21:0x00000000  x0=0x00000000
      166825000	     16583	8000a662	20c54717	auipc	x14,0x20c54	 x14=0xa0c5e662
      166835000	     16584	8000a666	447d	c.li	x8,31	  x8=0x0000001f
      166845000	     16585	8000a668	414a0933	sub	x18,x20,x20	 x20:0x00000000 x20:0x00000000 x18=0x00000000
      166855000	     16586	8000a66c	007acc33	xor	x24,x21,x7	 x21:0x00000000  x7:0x80025ce4 x24=0x80025ce4
      166865000	     16587	8000a670	9e9e53b7	lui	x7,0x9e9e5	  x7=0x9e9e5000
      166875000	     16588	8000a674	010b5813	srli	x16,x22,0x10	 x22:0x00000070 x16=0x00000000
      166885000	     16589	8000a678	81de	c.mv	x3,x23	  x0:0x00000000 x23:0x00000001  x3=0x00000001
      166895000	     16590	8000a67a	717d	c.addi16sp	x2,-16	  x2:0x00000001  x2=0xfffffff1
      166905000	     16591	8000a67c	8e11	c.sub	x12,x12	 x12:0xffffffff x12:0xffffffff x12=0x00000000
      166915000	     16592	8000a67e	419fd9b3	sra	x19,x31,x25	 x31:0x80025ce4 x25:0x00000002 x19=0xe0009739
      166925000	     16593	8000a682	02594f63	blt	x18,x5,8000a6c0	 x18:0x00000000  x5:0xffffff37
      166935000	     16594	8000a686	86e9	c.srai	x13,0x1a	 x13:0x00000000 x13=0x00000000
      166945000	     16595	8000a688	00f10833	add	x16,x2,x15	  x2:0xfffffff1 x15:0x00000000 x16=0xfffffff1
      166955000	     16596	8000a68c	4006da33	sra	x20,x13,x0	 x13:0x00000000  x0:0x00000000 x20=0x00000000
      166965000	     16597	8000a690	b1f11297	auipc	x5,0xb1f11	  x5=0x31f1b690
      167005000	     16601	8000a694	02251233	mulh	x4,x10,x2	 x10:0x7ffde1a7  x2:0xfffffff1  x4=0xfffffff8
      167015000	     16602	8000a698	6c89	c.lui	x25,0x2	 x25=0x00002000
      167025000	     16603	8000a69a	37b2b713	sltiu	x14,x5,891	  x5:0x31f1b690 x14=0x00000000
      167035000	     16604	8000a69e	6f15	c.lui	x30,0x5	 x30=0x00005000
      167045000	     16605	8000a6a0	00089493	slli	x9,x17,0x0	 x17:0xfffffde5  x9=0xfffffde5
      167415000	     16642	8000a6a4	037dceb3	div	x29,x27,x23	 x27:0x00000244 x23:0x00000001 x29=0x00000244
      167425000	     16643	8000a6a8	ce9d	c.beqz	x13,8000a6e6	 x13:0x00000000
      167475000	     16648	8000a6e6	03ee81b3	mul	x3,x29,x30	 x29:0x00000244 x30:0x00005000  x3=0x00b54000
      167485000	     16649	8000a6ea	c015	c.beqz	x8,8000a70e	  x8:0x0000001f
      167495000	     16650	8000a6ec	002b0733	add	x14,x22,x2	 x22:0x00000070  x2:0xfffffff1 x14=0x00000061
      167505000	     16651	8000a6f0	98fd	c.andi	x9,-1	  x9:0xfffffde5  x9=0xfffffde5
      167515000	     16652	8000a6f2	008a	c.slli	x1,0x2	  x1:0x00000004  x1=0x00000010
      167525000	     16653	8000a6f4	00146b33	or	x22,x8,x1	  x8:0x0000001f  x1:0x00000010 x22=0x0000001f
      167535000	     16654	8000a6f8	ee15	c.bnez	x12,8000a734	 x12:0x00000000
      167545000	     16655	8000a6fa	013e1963	bne	x28,x19,8000a70c	 x28:0x00000765 x19:0xe0009739
      167565000	     16657	8000a70c	09a9	c.addi	x19,10	 x19:0xe0009739 x19=0xe0009743
      167575000	     16658	8000a70e	41b0d513	srai	x10,x1,0x1b	  x1:0x00000010 x10=0x00000000
      167585000	     16659	8000a712	8241	c.srli	x12,0x10	 x12:0x00000000 x12=0x00000000
      167595000	     16660	8000a714	6d29	c.lui	x26,0xa	 x26=0x0000a000
      167965000	     16697	8000a716	03fac633	div	x12,x21,x31	 x21:0x00000000 x31:0x80025ce4 x12=0x00000000
      168335000	     16734	8000a71a	031ef2b3	remu	x5,x29,x17	 x29:0x00000244 x17:0xfffffde5  x5=0x00000244
      168705000	     16771	8000a71e	025df733	remu	x14,x27,x5	 x27:0x00000244  x5:0x00000244 x14=0x00000000
      168715000	     16772	8000a722	909a	c.add	x1,x6	  x1:0x00000010  x6:0x00000000  x1=0x00000010
      168725000	     16773	8000a724	01047e33	and	x28,x8,x16	  x8:0x0000001f x16:0xfffffff1 x28=0x00000011
      168755000	     16776	8000a728	03e18bb3	mul	x23,x3,x30	  x3:0x00b54000 x30:0x00005000 x23=0xa4000000
      168765000	     16777	8000a72c	00d86db3	or	x27,x16,x13	 x16:0xfffffff1 x13:0x00000000 x27=0xfffffff1
      168775000	     16778	8000a730	81a6	c.mv	x3,x9	  x0:0x00000000  x9:0xfffffde5  x3=0xfffffde5
      168785000	     16779	8000a732	8d69	c.and	x10,x10	 x10:0x00000000 x10:0x00000000 x10=0x00000000
      169155000	     16816	8000a734	0291f733	remu	x14,x3,x9	  x3:0xfffffde5  x9:0xfffffde5 x14=0x00000000
      169165000	     16817	8000a738	92d2	c.add	x5,x20	  x5:0x00000244 x20:0x00000000  x5=0x00000244
      169175000	     16818	8000a73a	a9777293	andi	x5,x14,-1385	 x14:0x00000000  x5=0x00000000
      169185000	     16819	8000a73e	838a	c.mv	x7,x2	  x0:0x00000000  x2:0xfffffff1  x7=0xfffffff1
      169195000	     16820	8000a740	8e59	c.or	x12,x14	 x12:0x00000000 x14:0x00000000 x12=0x00000000
      169205000	     16821	8000a742	ee5f6693	ori	x13,x30,-283	 x30:0x00005000 x13=0xfffffee5
      169215000	     16822	8000a746	6961	c.lui	x18,0x18	 x18=0x00018000
      169225000	     16823	8000a748	03d3ca63	blt	x7,x29,8000a77c	  x7:0xfffffff1 x29:0x00000244
      169245000	     16825	8000a77c	004333b3	sltu	x7,x6,x4	  x6:0x00000000  x4:0xfffffff8  x7=0x00000001
      169255000	     16826	8000a780	01c65a63	bge	x12,x28,8000a794	 x12:0x00000000 x28:0x00000011
      169265000	     16827	8000a784	8f11	c.sub	x14,x12	 x14:0x00000000 x12:0x00000000 x14=0x00000000
      169275000	     16828	8000a786	4c046a13	ori	x20,x8,1216	  x8:0x0000001f x20=0x000004df
      169285000	     16829	8000a78a	0094d013	srli	x0,x9,0x9	  x9:0xfffffde5  x0=0x00000000
      169295000	     16830	8000a78e	1f9db093	sltiu	x1,x27,505	 x27:0xfffffff1  x1=0x00000000
      169305000	     16831	8000a792	8ecd	c.or	x13,x11	 x13:0xfffffee5 x11:0x80021e58 x13=0xfffffefd
      169315000	     16832	8000a794	00fae033	or	x0,x21,x15	 x21:0x00000000 x15:0x00000000  x0=0x00000000
      169355000	     16836	8000a798	0301af33	mulhsu	x30,x3,x16	  x3:0xfffffde5 x16:0xfffffff1 x30=0xfffffde5
      169725000	     16873	8000a79c	0315db33	divu	x22,x11,x17	 x11:0x80021e58 x17:0xfffffde5 x22=0x00000000
      169735000	     16874	8000a7a0	3bb38137	lui	x2,0x3bb38	  x2=0x3bb38000
      169775000	     16878	8000a7a4	02a91033	mulh	x0,x18,x10	 x18:0x00018000 x10:0x00000000  x0=0x00000000
      169785000	     16879	8000a7a8	8db2	c.mv	x27,x12	  x0:0x00000000 x12:0x00000000 x27=0x00000000
      169795000	     16880	8000a7aa	0000100f	fence.i	
      169815000	     16882	8000a7ae	8015	c.srli	x8,0x5	  x8:0x0000001f  x8=0x00000000
      169825000	     16883	8000a7b0	197d	c.addi	x18,-1	 x18:0x00018000 x18=0x00017fff
      170195000	     16920	8000a7b2	032dceb3	div	x29,x27,x18	 x27:0x00000000 x18:0x00017fff x29=0x00000000
      170205000	     16921	8000a7b6	01a5f033	and	x0,x11,x26	 x11:0x80021e58 x26:0x0000a000  x0=0x00000000
      170215000	     16922	8000a7ba	01a58133	add	x2,x11,x26	 x11:0x80021e58 x26:0x0000a000  x2=0x8002be58
      170225000	     16923	8000a7be	40470633	sub	x12,x14,x4	 x14:0x00000000  x4:0xfffffff8 x12=0x00000008
      170595000	     16960	8000a7c2	037a5eb3	divu	x29,x20,x23	 x20:0x000004df x23:0xa4000000 x29=0x00000000
      170605000	     16961	8000a7c6	dd1dfb13	andi	x22,x27,-559	 x27:0x00000000 x22=0x00000000
      170645000	     16965	8000a7ca	03dab533	mulhu	x10,x21,x29	 x21:0x00000000 x29:0x00000000 x10=0x00000000
      171015000	     17002	8000a7ce	03436933	rem	x18,x6,x20	  x6:0x00000000 x20:0x000004df x18=0x00000000
      171025000	     17003	8000a7d2	40458c33	sub	x24,x11,x4	 x11:0x80021e58  x4:0xfffffff8 x24=0x80021e60
      171035000	     17004	8000a7d6	c30d	c.beqz	x14,8000a7f8	 x14:0x00000000
      171055000	     17006	8000a7f8	00c0d263	bge	x1,x12,8000a7fc	  x1:0x00000000 x12:0x00000008
      171065000	     17007	8000a7fc	41e85093	srai	x1,x16,0x1e	 x16:0xfffffff1  x1=0xffffffff
      171075000	     17008	8000a800	1f7d	c.addi	x30,-1	 x30:0xfffffde5 x30=0xfffffde4
      171085000	     17009	8000a802	0342d863	bge	x5,x20,8000a832	  x5:0x00000000 x20:0x000004df
      171125000	     17013	8000a806	037bbcb3	mulhu	x25,x23,x23	 x23:0xa4000000 x23:0xa4000000 x25=0x69100000
      171135000	     17014	8000a80a	01591263	bne	x18,x21,8000a80e	 x18:0x00000000 x21:0x00000000
      171145000	     17015	8000a80e	8e5d	c.or	x12,x15	 x12:0x00000008 x15:0x00000000 x12=0x00000008
      171155000	     17016	8000a810	c5e16413	ori	x8,x2,-930	  x2:0x8002be58  x8=0xfffffe5e
      171165000	     17017	8000a814	8e35	c.xor	x12,x13	 x12:0x00000008 x13:0xfffffefd x12=0xfffffef5
      171175000	     17018	8000a816	001de1b3	or	x3,x27,x1	 x27:0x00000000  x1:0xffffffff  x3=0xffffffff
      171185000	     17019	8000a81a	0d6e	c.slli	x26,0x1b	 x26:0x0000a000 x26=0x00000000
      171195000	     17020	8000a81c	01b8f833	and	x16,x17,x27	 x17:0xfffffde5 x27:0x00000000 x16=0x00000000
      171205000	     17021	8000a820	02b6	c.slli	x5,0xd	  x5:0x00000000  x5=0x00000000
      171215000	     17022	8000a822	2e60cc13	xori	x24,x1,742	  x1:0xffffffff x24=0xfffffd19
      171225000	     17023	8000a826	01727f33	and	x30,x4,x23	  x4:0xfffffff8 x23:0xa4000000 x30=0xa4000000
      171235000	     17024	8000a82a	41c5db93	srai	x23,x11,0x1c	 x11:0x80021e58 x23=0xfffffff8
      171245000	     17025	8000a82e	0063e233	or	x4,x7,x6	  x7:0x00000001  x6:0x00000000  x4=0x00000001
      171255000	     17026	8000a832	8d75	c.and	x10,x13	 x10:0x00000000 x13:0xfffffefd x10=0x00000000
      171265000	     17027	8000a834	41828233	sub	x4,x5,x24	  x5:0x00000000 x24:0xfffffd19  x4=0x000002e7
      171275000	     17028	8000a838	01fc5693	srli	x13,x24,0x1f	 x24:0xfffffd19 x13=0x00000001
      171285000	     17029	8000a83c	8965	c.andi	x10,25	 x10:0x00000000 x10=0x00000000
      171655000	     17066	8000a83e	0293ca33	div	x20,x7,x9	  x7:0x00000001  x9:0xfffffde5 x20=0x00000000
      171665000	     17067	8000a842	1c94	c.addi4spn	x13,x2,624	 x13=0x8002c0c8
      172035000	     17104	8000a844	03fb4633	div	x12,x22,x31	 x22:0x00000000 x31:0x80025ce4 x12=0x00000000
      172045000	     17105	8000a848	055f0363	beq	x30,x21,8000a88e	 x30:0xa4000000 x21:0x00000000
      172055000	     17106	8000a84c	24166613	ori	x12,x12,577	 x12:0x00000000 x12=0x00000241
      172065000	     17107	8000a850	013319b3	sll	x19,x6,x19	  x6:0x00000000 x19:0xe0009743 x19=0x00000000
      172075000	     17108	8000a854	008033b3	sltu	x7,x0,x8	  x0:0x00000000  x8:0xfffffe5e  x7=0x00000001
      172085000	     17109	8000a858	00ca49b3	xor	x19,x20,x12	 x20:0x00000000 x12:0x00000241 x19=0x00000241
      172095000	     17110	8000a85c	8685	c.srai	x13,0x1	 x13:0x8002c0c8 x13=0xc0016064
      172105000	     17111	8000a85e	1c5c2d17	auipc	x26,0x1c5c2	 x26=0x9c5cc85e
      172115000	     17112	8000a862	0000100f	fence.i	
      172145000	     17115	8000a866	01297463	bgeu	x18,x18,8000a86e	 x18:0x00000000 x18:0x00000000
      172175000	     17118	8000a86e	007d9bb3	sll	x23,x27,x7	 x27:0x00000000  x7:0x00000001 x23=0x00000000
      172185000	     17119	8000a872	03ec1863	bne	x24,x30,8000a8a2	 x24:0xfffffd19 x30:0xa4000000
      172215000	     17122	8000a8a2	406950b3	sra	x1,x18,x6	 x18:0x00000000  x6:0x00000000  x1=0x00000000
      172225000	     17123	8000a8a6	00946963	bltu	x8,x9,8000a8b8	  x8:0xfffffe5e  x9:0xfffffde5
      172235000	     17124	8000a8aa	6acd	c.lui	x21,0x13	 x21=0x00013000
      172245000	     17125	8000a8ac	01cb6863	bltu	x22,x28,8000a8bc	 x22:0x00000000 x28:0x00000011
      172625000	     17163	8000a8bc	0392e833	rem	x16,x5,x25	  x5:0x00000000 x25:0x69100000 x16=0x00000000
      172635000	     17164	8000a8c0	006c9793	slli	x15,x25,0x6	 x25:0x69100000 x15=0x44000000
      172645000	     17165	8000a8c4	033b8b63	beq	x23,x19,8000a8fa	 x23:0x00000000 x19:0x00000241
      172655000	     17166	8000a8c8	8665	c.srai	x12,0x19	 x12:0x00000241 x12=0x00000000
      172665000	     17167	8000a8ca	0001	c.addi	x0,0	  x0:0x00000000  x0=0x00000000
      172675000	     17168	8000a8cc	6159	c.addi16sp	x2,400	  x2:0x8002be58  x2=0x8002bfe8
      172685000	     17169	8000a8ce	6a19	c.lui	x20,0x6	 x20=0x00006000
      172695000	     17170	8000a8d0	9a7d	c.andi	x12,-1	 x12:0x00000000 x12=0x00000000
      172705000	     17171	8000a8d2	01e42133	slt	x2,x8,x30	  x8:0xfffffe5e x30:0xa4000000  x2=0x00000000
      172715000	     17172	8000a8d6	031ae563	bltu	x21,x17,8000a900	 x21:0x00013000 x17:0xfffffde5
      172735000	     17174	8000a900	07aa	c.slli	x15,0xa	 x15:0x44000000 x15=0x00000000
      172775000	     17178	8000a902	02ddb1b3	mulhu	x3,x27,x13	 x27:0x00000000 x13:0xc0016064  x3=0x00000000
      172785000	     17179	8000a906	0031ba33	sltu	x20,x3,x3	  x3:0x00000000  x3:0x00000000 x20=0x00000000
      172795000	     17180	8000a90a	0001	c.addi	x0,0	  x0:0x00000000  x0=0x00000000
      172805000	     17181	8000a90c	035bf563	bgeu	x23,x21,8000a936	 x23:0x00000000 x21:0x00013000
      172815000	     17182	8000a910	879a	c.mv	x15,x6	  x0:0x00000000  x6:0x00000000 x15=0x00000000
      172825000	     17183	8000a912	b8554d93	xori	x27,x10,-1147	 x10:0x00000000 x27=0xfffffb85
      172855000	     17186	8000a916	02bd0933	mul	x18,x26,x11	 x26:0x9c5cc85e x11:0x80021e58 x18=0x301be450
      172865000	     17187	8000a91a	01f49213	slli	x4,x9,0x1f	  x9:0xfffffde5  x4=0x80000000
      172875000	     17188	8000a91e	3cec3793	sltiu	x15,x24,974	 x24:0xfffffd19 x15=0x00000000
      172885000	     17189	8000a922	bdab2d93	slti	x27,x22,-1062	 x22:0x00000000 x27=0x00000000
      172895000	     17190	8000a926	0001	c.addi	x0,0	  x0:0x00000000  x0=0x00000000
      172905000	     17191	8000a928	97b2	c.add	x15,x12	 x15:0x00000000 x12:0x00000000 x15=0x00000000
      173275000	     17228	8000a92a	02927d33	remu	x26,x4,x9	  x4:0x80000000  x9:0xfffffde5 x26=0x80000000
      173285000	     17229	8000a92e	90ea	c.add	x1,x26	  x1:0x00000000 x26:0x80000000  x1=0x80000000
      173325000	     17233	8000a930	03df22b3	mulhsu	x5,x30,x29	 x30:0xa4000000 x29:0x00000000  x5=0x00000000
      173335000	     17234	8000a934	8cc1	c.or	x9,x8	  x9:0xfffffde5  x8:0xfffffe5e  x9=0xffffffff
      173345000	     17235	8000a936	00f7b4b3	sltu	x9,x15,x15	 x15:0x00000000 x15:0x00000000  x9=0x00000000
      173355000	     17236	8000a93a	0eca	c.slli	x29,0x12	 x29:0x00000000 x29=0x00000000
      173365000	     17237	8000a93c	0001	c.addi	x0,0	  x0:0x00000000  x0=0x00000000
      173375000	     17238	8000a93e	9546	c.add	x10,x17	 x10:0x00000000 x17:0xfffffde5 x10=0xfffffde5
      173385000	     17239	8000a940	8f91	c.sub	x15,x12	 x15:0x00000000 x12:0x00000000 x15=0x00000000
      173395000	     17240	8000a942	0294fa63	bgeu	x9,x9,8000a976	  x9:0x00000000  x9:0x00000000
      173425000	     17243	8000a976	0161cf33	xor	x30,x3,x22	  x3:0x00000000 x22:0x00000000 x30=0x00000000
      173435000	     17244	8000a97a	8831	c.andi	x8,12	  x8:0xfffffe5e  x8=0x0000000c
      173805000	     17281	8000a97c	03245733	divu	x14,x8,x18	  x8:0x0000000c x18:0x301be450 x14=0x00000000
      173815000	     17282	8000a980	03f09663	bne	x1,x31,8000a9ac	  x1:0x80000000 x31:0x80025ce4
      173865000	     17287	8000a9ac	02919733	mulh	x14,x3,x9	  x3:0x00000000  x9:0x00000000 x14=0x00000000
      173875000	     17288	8000a9b0	41488c33	sub	x24,x17,x20	 x17:0xfffffde5 x20:0x00000000 x24=0xfffffde5
      173885000	     17289	8000a9b4	0e00	c.addi4spn	x8,x2,784	  x8=0x00000310
      173915000	     17292	8000a9b6	02d40f33	mul	x30,x8,x13	  x8:0x00000310 x13:0xc0016064 x30=0x04373240
      173925000	     17293	8000a9ba	1c90	c.addi4spn	x12,x2,624	 x12=0x00000270
      173935000	     17294	8000a9bc	407bd533	sra	x10,x23,x7	 x23:0x00000000  x7:0x00000001 x10=0x00000000
      173945000	     17295	8000a9c0	0ff0000f	fence	iorw,iorw	
      173955000	     17296	8000a9c4	011dfbb3	and	x23,x27,x17	 x27:0x00000000 x17:0xfffffde5 x23=0x00000000
      173965000	     17297	8000a9c8	0048fa63	bgeu	x17,x4,8000a9dc	 x17:0xfffffde5  x4:0x80000000
      173985000	     17299	8000a9dc	0000100f	fence.i	
      174005000	     17301	8000a9e0	012f1093	slli	x1,x30,0x12	 x30:0x04373240  x1=0xc9000000
      174015000	     17302	8000a9e4	869d	c.srai	x13,0x7	 x13:0xc0016064 x13=0xff8002c0
      174025000	     17303	8000a9e6	9cba	c.add	x25,x14	 x25:0x69100000 x14:0x00000000 x25=0x69100000
      174035000	     17304	8000a9e8	78b44193	xori	x3,x8,1931	  x8:0x00000310  x3=0x0000049b
      174045000	     17305	8000a9ec	0d9a	c.slli	x27,0x6	 x27:0x00000000 x27=0x00000000
      174055000	     17306	8000a9ee	e0964193	xori	x3,x12,-503	 x12:0x00000270  x3=0xfffffc79
      174065000	     17307	8000a9f2	0001	c.addi	x0,0	  x0:0x00000000  x0=0x00000000
      174105000	     17311	8000a9f4	0354bdb3	mulhu	x27,x9,x21	  x9:0x00000000 x21:0x00013000 x27=0x00000000
      174115000	     17312	8000a9f8	8fa1	c.xor	x15,x8	 x15:0x00000000  x8:0x00000310 x15=0x00000310
      174125000	     17313	8000a9fa	b32fdb17	auipc	x22,0xb32fd	 x22=0x333079fa
      174135000	     17314	8000a9fe	006700b3	add	x1,x14,x6	 x14:0x00000000  x6:0x00000000  x1=0x00000000
      174175000	     17318	8000aa02	036a3eb3	mulhu	x29,x20,x22	 x20:0x00000000 x22:0x333079fa x29=0x00000000
      174185000	     17319	8000aa06	05929263	bne	x5,x25,8000aa4a	  x5:0x00000000 x25:0x69100000
      174215000	     17322	8000aa4a	01585413	srli	x8,x16,0x15	 x16:0x00000000  x8=0x00000000
      174225000	     17323	8000aa4e	ad514193	xori	x3,x2,-1323	  x2:0x00000000  x3=0xfffffad5
      174235000	     17324	8000aa52	01a05133	srl	x2,x0,x26	  x0:0x00000000 x26:0x80000000  x2=0x00000000
      174245000	     17325	8000aa56	00801a63	bne	x0,x8,8000aa6a	  x0:0x00000000  x8:0x00000000
      174255000	     17326	8000aa5a	0da77413	andi	x8,x14,218	 x14:0x00000000  x8=0x00000000
      174265000	     17327	8000aa5e	fe78be93	sltiu	x29,x17,-25	 x17:0xfffffde5 x29=0x00000001
      174275000	     17328	8000aa62	0248da63	bge	x17,x4,8000aa96	 x17:0xfffffde5  x4:0x80000000
      174305000	     17331	8000aa96	00cf7f63	bgeu	x30,x12,8000aab4	 x30:0x04373240 x12:0x00000270
      174325000	     17333	8000aab4	00ff3d33	sltu	x26,x30,x15	 x30:0x04373240 x15:0x00000310 x26=0x00000000
      174335000	     17334	8000aab8	6b51	c.lui	x22,0x14	 x22=0x00014000
      174345000	     17335	8000aaba	41195d33	sra	x26,x18,x17	 x18:0x301be450 x17:0xfffffde5 x26=0x0180df22
      174355000	     17336	8000aabe	004df8b3	and	x17,x27,x4	 x27:0x00000000  x4:0x80000000 x17=0x00000000
      174365000	     17337	8000aac2	839d	c.srli	x15,0x7	 x15:0x00000310 x15=0x00000006
      174375000	     17338	8000aac4	40b50433	sub	x8,x10,x11	 x10:0x00000000 x11:0x80021e58  x8=0x7ffde1a8
      174385000	     17339	8000aac8	00ee8833	add	x16,x29,x14	 x29:0x00000001 x14:0x00000000 x16=0x00000001
      174395000	     17340	8000aacc	01857ab3	and	x21,x10,x24	 x10:0x00000000 x24:0xfffffde5 x21=0x00000000
      174765000	     17377	8000aad0	02375033	divu	x0,x14,x3	 x14:0x00000000  x3:0xfffffad5  x0=0x00000000
      174775000	     17378	8000aad4	8675	c.srai	x12,0x1d	 x12:0x00000270 x12=0x00000000
      174785000	     17379	8000aad6	0000100f	fence.i	
      174815000	     17382	8000aada	5a82f293	andi	x5,x5,1448	  x5:0x00000000  x5=0x00000000
      174825000	     17383	8000aade	013b8e33	add	x28,x23,x19	 x23:0x00000000 x19:0x00000241 x28=0x00000241
      174835000	     17384	8000aae2	bc93e2b7	lui	x5,0xbc93e	  x5=0xbc93e000
      174845000	     17385	8000aae6	41e0d033	sra	x0,x1,x30	  x1:0x00000000 x30:0x04373240  x0=0x00000000
      174855000	     17386	8000aaea	40e18f33	sub	x30,x3,x14	  x3:0xfffffad5 x14:0x00000000 x30=0xfffffad5
      174865000	     17387	8000aaee	717d	c.addi16sp	x2,-16	  x2:0x00000000  x2=0xfffffff0
      174875000	     17388	8000aaf0	01ae0533	add	x10,x28,x26	 x28:0x00000241 x26:0x0180df22 x10=0x0180e163
      174885000	     17389	8000aaf4	4076bf13	sltiu	x30,x13,1031	 x13:0xff8002c0 x30=0x00000000
      174915000	     17392	8000aaf8	03a703b3	mul	x7,x14,x26	 x14:0x00000000 x26:0x0180df22  x7=0x00000000
      174925000	     17393	8000aafc	84bd	c.srai	x9,0xf	  x9:0x00000000  x9=0x00000000
      174945000	     17395	8000aafe	02977933	remu	x18,x14,x9	 x14:0x00000000  x9:0x00000000 x18=0x00000000
      174955000	     17396	8000ab02	8a41	c.andi	x12,16	 x12:0x00000000 x12=0x00000000
      174965000	     17397	8000ab04	0994	c.addi4spn	x13,x2,208	 x13=0x000000c0
      174975000	     17398	8000ab06	abfa3237	lui	x4,0xabfa3	  x4=0xabfa3000
      175345000	     17435	8000ab0a	03a2e8b3	rem	x17,x5,x26	  x5:0xbc93e000 x26:0x0180df22 x17=0xfeba39d8
      175715000	     17472	8000ab0e	0250f9b3	remu	x19,x1,x5	  x1:0x00000000  x5:0xbc93e000 x19=0x00000000
      175725000	     17473	8000ab12	01809833	sll	x16,x1,x24	  x1:0x00000000 x24:0xfffffde5 x16=0x00000000
      175735000	     17474	8000ab16	0018c7b3	xor	x15,x17,x1	 x17:0xfeba39d8  x1:0x00000000 x15=0xfeba39d8
      175745000	     17475	8000ab1a	7a757013	andi	x0,x10,1959	 x10:0x0180e163  x0=0x00000000
      175755000	     17476	8000ab1e	9864c013	xori	x0,x9,-1658	  x9:0x00000000  x0=0x00000000
      175765000	     17477	8000ab22	527d	c.li	x4,-1	  x4=0xffffffff
      175775000	     17478	8000ab24	9f1d0917	auipc	x18,0x9f1d0	 x18=0x1f1dab24
      175785000	     17479	8000ab28	001c8433	add	x8,x25,x1	 x25:0x69100000  x1:0x00000000  x8=0x69100000
      175795000	     17480	8000ab2c	3d4c6413	ori	x8,x24,980	 x24:0xfffffde5  x8=0xfffffff5
      176165000	     17517	8000ab30	0328e2b3	rem	x5,x17,x18	 x17:0xfeba39d8 x18:0x1f1dab24  x5=0xfeba39d8
      176195000	     17520	8000ab34	03c984b3	mul	x9,x19,x28	 x19:0x00000000 x28:0x00000241  x9=0x00000000
      176205000	     17521	8000ab38	00a8ce63	blt	x17,x10,8000ab54	 x17:0xfeba39d8 x10:0x0180e163
      176585000	     17559	8000ab54	038c48b3	div	x17,x24,x24	 x24:0xfffffde5 x24:0xfffffde5 x17=0x00000001
      176595000	     17560	8000ab58	e615	c.bnez	x12,8000ab84	 x12:0x00000000
      176605000	     17561	8000ab5a	0325c163	blt	x11,x18,8000ab7c	 x11:0x80021e58 x18:0x1f1dab24
      176655000	     17566	8000ab7c	029128b3	mulhsu	x17,x2,x9	  x2:0xfffffff0  x9:0x00000000 x17=0x00000000
      176695000	     17570	8000ab80	02852733	mulhsu	x14,x10,x8	 x10:0x0180e163  x8:0xfffffff5 x14=0x0180e162
      176705000	     17571	8000ab84	19fd	c.addi	x19,-1	 x19:0x00000000 x19=0xffffffff
      176715000	     17572	8000ab86	0154ceb3	xor	x29,x9,x21	  x9:0x00000000 x21:0x00000000 x29=0x00000000
      176725000	     17573	8000ab8a	93ba	c.add	x7,x14	  x7:0x00000000 x14:0x0180e162  x7=0x0180e162
      176765000	     17577	8000ab8c	0219acb3	mulhsu	x25,x19,x1	 x19:0xffffffff  x1:0x00000000 x25=0x00000000
      176775000	     17578	8000ab90	c619	c.beqz	x12,8000ab9e	 x12:0x00000000
      176795000	     17580	8000ab9e	8e6d	c.and	x12,x11	 x12:0x00000000 x11:0x80021e58 x12=0x00000000
      176805000	     17581	8000aba0	032d0363	beq	x26,x18,8000abc6	 x26:0x0180df22 x18:0x1f1dab24
      176815000	     17582	8000aba4	8c2e	c.mv	x24,x11	  x0:0x00000000 x11:0x80021e58 x24=0x80021e58
      176855000	     17586	8000aba6	02c4b4b3	mulhu	x9,x9,x12	  x9:0x00000000 x12:0x00000000  x9=0x00000000
      176885000	     17589	8000abaa	038089b3	mul	x19,x1,x24	  x1:0x00000000 x24:0x80021e58 x19=0x00000000
      176895000	     17590	8000abae	0001	c.addi	x0,0	  x0:0x00000000  x0=0x00000000
      176905000	     17591	8000abb0	0000100f	fence.i	
      176925000	     17593	8000abb4	0ff0000f	fence	iorw,iorw	
      176935000	     17594	8000abb8	8e56	c.mv	x28,x21	  x0:0x00000000 x21:0x00000000 x28=0x00000000
      176945000	     17595	8000abba	6151	c.addi16sp	x2,272	  x2:0xfffffff0  x2=0x00000100
      176955000	     17596	8000abbc	01af7463	bgeu	x30,x26,8000abc4	 x30:0x00000000 x26:0x0180df22
      176965000	     17597	8000abc0	015aeab3	or	x21,x21,x21	 x21:0x00000000 x21:0x00000000 x21=0x00000000
      176975000	     17598	8000abc4	e089	c.bnez	x9,8000abc6	  x9:0x00000000
      176985000	     17599	8000abc6	dfafc513	xori	x10,x31,-518	 x31:0x80025ce4 x10=0x7ffda11e
      176995000	     17600	8000abca	004dca63	blt	x27,x4,8000abde	 x27:0x00000000  x4:0xffffffff
      177005000	     17601	8000abce	090e	c.slli	x18,0x3	 x18:0x1f1dab24 x18=0xf8ed5920
      177015000	     17602	8000abd0	73c4f193	andi	x3,x9,1852	  x9:0x00000000  x3=0x00000000
      177025000	     17603	8000abd4	8eed	c.and	x13,x11	 x13:0x000000c0 x11:0x80021e58 x13=0x00000040
      177035000	     17604	8000abd6	008c5e33	srl	x28,x24,x8	 x24:0x80021e58  x8:0xfffffff5 x28=0x00000400
      177045000	     17605	8000abda	9a61bc93	sltiu	x25,x3,-1626	  x3:0x00000000 x25=0x00000001
      177055000	     17606	8000abde	f98a6393	ori	x7,x20,-104	 x20:0x00000000  x7=0xffffff98
      177065000	     17607	8000abe2	01b5c2b3	xor	x5,x11,x27	 x11:0x80021e58 x27:0x00000000  x5=0x80021e58
      177075000	     17608	8000abe6	0001	c.addi	x0,0	  x0:0x00000000  x0=0x00000000
      177445000	     17645	8000abe8	03c046b3	div	x13,x0,x28	  x0:0x00000000 x28:0x00000400 x13=0x00000000
      177455000	     17646	8000abec	5a64bdb7	lui	x27,0x5a64b	 x27=0x5a64b000
      177465000	     17647	8000abf0	0001	c.addi	x0,0	  x0:0x00000000  x0=0x00000000
      177505000	     17651	8000abf2	03529933	mulh	x18,x5,x21	  x5:0x80021e58 x21:0x00000000 x18=0x00000000
      177515000	     17652	8000abf6	40c28b33	sub	x22,x5,x12	  x5:0x80021e58 x12:0x00000000 x22=0x80021e58
      177525000	     17653	8000abfa	bf6e6113	ori	x2,x28,-1034	 x28:0x00000400  x2=0xfffffff6
      177535000	     17654	8000abfe	9ab1bf13	sltiu	x30,x3,-1621	  x3:0x00000000 x30=0x00000001
      177545000	     17655	8000ac02	c795	c.beqz	x15,8000ac2e	 x15:0xfeba39d8
      177555000	     17656	8000ac04	172ed737	lui	x14,0x172ed	 x14=0x172ed000
      177575000	     17658	8000ac08	0317eb33	rem	x22,x15,x17	 x15:0xfeba39d8 x17:0x00000000 x22=0xfeba39d8
      177615000	     17662	8000ac0c	032a1a33	mulh	x20,x20,x18	 x20:0x00000000 x18:0x00000000 x20=0x00000000
      177625000	     17663	8000ac10	c405	c.beqz	x8,8000ac38	  x8:0xfffffff5
      177635000	     17664	8000ac12	815d	c.srli	x10,0x17	 x10:0x7ffda11e x10=0x000000ff
      177675000	     17668	8000ac14	03a43233	mulhu	x4,x8,x26	  x8:0xfffffff5 x26:0x0180df22  x4=0x0180df21
      177685000	     17669	8000ac18	b184e813	ori	x16,x9,-1256	  x9:0x00000000 x16=0xfffffb18
      177695000	     17670	8000ac1c	0000100f	fence.i	
      177715000	     17672	8000ac20	41a35793	srai	x15,x6,0x1a	  x6:0x00000000 x15=0x00000000
      177725000	     17673	8000ac24	87fd	c.srai	x15,0x1f	 x15:0x00000000 x15=0x00000000
      177735000	     17674	8000ac26	8d11	c.sub	x10,x12	 x10:0x000000ff x12:0x00000000 x10=0x000000ff
      177745000	     17675	8000ac28	0056fa33	and	x20,x13,x5	 x13:0x00000000  x5:0x80021e58 x20=0x00000000
      177755000	     17676	8000ac2c	8351	c.srli	x14,0x14	 x14:0x172ed000 x14=0x00000172
      177765000	     17677	8000ac2e	00026833	or	x16,x4,x0	  x4:0x0180df21  x0:0x00000000 x16=0x0180df21
      177775000	     17678	8000ac32	07ca	c.slli	x15,0x12	 x15:0x00000000 x15=0x00000000
      177785000	     17679	8000ac34	9a7d	c.andi	x12,-1	 x12:0x00000000 x12=0x00000000
      177795000	     17680	8000ac36	04c2	c.slli	x9,0x10	  x9:0x00000000  x9=0x00000000
      177805000	     17681	8000ac38	00dd5293	srli	x5,x26,0xd	 x26:0x0180df22  x5=0x00000c06
      177815000	     17682	8000ac3c	01dc7033	and	x0,x24,x29	 x24:0x80021e58 x29:0x00000000  x0=0x00000000
      177825000	     17683	8000ac40	01ac8b63	beq	x25,x26,8000ac56	 x25:0x00000001 x26:0x0180df22
      177835000	     17684	8000ac44	415c0833	sub	x16,x24,x21	 x24:0x80021e58 x21:0x00000000 x16=0x80021e58
      177845000	     17685	8000ac48	026adc63	bge	x21,x6,8000ac80	 x21:0x00000000  x6:0x00000000
      177865000	     17687	8000ac80	016b8833	add	x16,x23,x22	 x23:0x00000000 x22:0xfeba39d8 x16=0xfeba39d8
      177875000	     17688	8000ac84	0160d2b3	srl	x5,x1,x22	  x1:0x00000000 x22:0xfeba39d8  x5=0x00000000
      177885000	     17689	8000ac88	142dc213	xori	x4,x27,322	 x27:0x5a64b000  x4=0x5a64b142
      177895000	     17690	8000ac8c	cd0d	c.beqz	x10,8000acc6	 x10:0x000000ff
      177905000	     17691	8000ac8e	80cfc7b7	lui	x15,0x80cfc	 x15=0x80cfc000
      177915000	     17692	8000ac92	01686933	or	x18,x16,x22	 x16:0xfeba39d8 x22:0xfeba39d8 x18=0xfeba39d8
      177935000	     17694	8000ac96	02554d33	div	x26,x10,x5	 x10:0x000000ff  x5:0x00000000 x26=0xffffffff
      177975000	     17698	8000ac9a	02bcac33	mulhsu	x24,x25,x11	 x25:0x00000001 x11:0x80021e58 x24=0x00000000
      177985000	     17699	8000ac9e	5fe8aa93	slti	x21,x17,1534	 x17:0x00000000 x21=0x00000001
      178025000	     17703	8000aca2	03763033	mulhu	x0,x12,x23	 x12:0x00000000 x23:0x00000000  x0=0x00000000
      178035000	     17704	8000aca6	0001	c.addi	x0,0	  x0:0x00000000  x0=0x00000000
      178045000	     17705	8000aca8	414d89b3	sub	x19,x27,x20	 x27:0x5a64b000 x20:0x00000000 x19=0x5a64b000
      178055000	     17706	8000acac	6171	c.addi16sp	x2,336	  x2:0xfffffff6  x2=0x00000146
      178085000	     17709	8000acae	035980b3	mul	x1,x19,x21	 x19:0x5a64b000 x21:0x00000001  x1=0x5a64b000
      178095000	     17710	8000acb2	1efd	c.addi	x29,-1	 x29:0x00000000 x29=0xffffffff
      178105000	     17711	8000acb4	01241463	bne	x8,x18,8000acbc	  x8:0xfffffff5 x18:0xfeba39d8
      178125000	     17713	8000acbc	01955393	srli	x7,x10,0x19	 x10:0x000000ff  x7=0x00000000
      178135000	     17714	8000acc0	1b7d	c.addi	x22,-1	 x22:0xfeba39d8 x22=0xfeba39d7
      178145000	     17715	8000acc2	01ef1993	slli	x19,x30,0x1e	 x30:0x00000001 x19=0x40000000
      178155000	     17716	8000acc6	0000100f	fence.i	
      178175000	     17718	8000acca	5a7d	c.li	x20,-1	 x20=0xffffffff
      178215000	     17722	8000accc	02403a33	mulhu	x20,x0,x4	  x0:0x00000000  x4:0x5a64b142 x20=0x00000000
      178225000	     17723	8000acd0	0001	c.addi	x0,0	  x0:0x00000000  x0=0x00000000
      178235000	     17724	8000acd2	a05b2b13	slti	x22,x22,-1531	 x22:0xfeba39d7 x22=0x00000001
      178245000	     17725	8000acd6	8a2d	c.andi	x12,11	 x12:0x00000000 x12=0x00000000
      178255000	     17726	8000acd8	c815	c.beqz	x8,8000ad0c	  x8:0xfffffff5
      178265000	     17727	8000acda	8e99	c.sub	x13,x14	 x13:0x00000000 x14:0x00000172 x13=0xfffffe8e
      178295000	     17730	8000acdc	03238d33	mul	x26,x7,x18	  x7:0x00000000 x18:0xfeba39d8 x26=0x00000000
      178305000	     17731	8000ace0	00109933	sll	x18,x1,x1	  x1:0x5a64b000  x1:0x5a64b000 x18=0x5a64b000
      178315000	     17732	8000ace4	01743c33	sltu	x24,x8,x23	  x8:0xfffffff5 x23:0x00000000 x24=0x00000000
      178325000	     17733	8000ace8	922a	c.add	x4,x10	  x4:0x5a64b142 x10:0x000000ff  x4=0x5a64b241
      178335000	     17734	8000acea	c321	c.beqz	x14,8000ad2a	 x14:0x00000172
      178345000	     17735	8000acec	40705c13	srai	x24,x0,0x7	  x0:0x00000000 x24=0x00000000
      178355000	     17736	8000acf0	0159b033	sltu	x0,x19,x21	 x19:0x40000000 x21:0x00000001  x0=0x00000000
      178365000	     17737	8000acf4	018ae963	bltu	x21,x24,8000ad06	 x21:0x00000001 x24:0x00000000
      178375000	     17738	8000acf8	ad324d93	xori	x27,x4,-1325	  x4:0x5a64b241 x27=0xa59b4892
      178385000	     17739	8000acfc	01b8a7b3	slt	x15,x17,x27	 x17:0x00000000 x27:0xa59b4892 x15=0x00000000
      178395000	     17740	8000ad00	0000100f	fence.i	
      178415000	     17742	8000ad04	e395	c.bnez	x15,8000ad28	 x15:0x00000000
      178425000	     17743	8000ad06	0000100f	fence.i	
      178445000	     17745	8000ad0a	0001	c.addi	x0,0	  x0:0x00000000  x0=0x00000000
      178455000	     17746	8000ad0c	01ea1a63	bne	x20,x30,8000ad20	 x20:0x00000000 x30:0x00000001
      178475000	     17748	8000ad20	00db26b3	slt	x13,x22,x13	 x22:0x00000001 x13:0xfffffe8e x13=0x00000000
      178485000	     17749	8000ad24	962e	c.add	x12,x11	 x12:0x00000000 x11:0x80021e58 x12=0x80021e58
      178495000	     17750	8000ad26	0001	c.addi	x0,0	  x0:0x00000000  x0=0x00000000
      178505000	     17751	8000ad28	8851	c.andi	x8,20	  x8:0xfffffff5  x8=0x00000014
      178515000	     17752	8000ad2a	7164ba93	sltiu	x21,x9,1814	  x9:0x00000000 x21=0x00000001
      178525000	     17753	8000ad2e	0375ee63	bltu	x11,x23,8000ad6a	 x11:0x80021e58 x23:0x00000000
      178535000	     17754	8000ad32	7d668213	addi	x4,x13,2006	 x13:0x00000000  x4=0x000007d6
      178545000	     17755	8000ad36	82e6	c.mv	x5,x25	  x0:0x00000000 x25:0x00000001  x5=0x00000001
      178915000	     17792	8000ad38	02a6dc33	divu	x24,x13,x10	 x13:0x00000000 x10:0x000000ff x24=0x00000000
      178935000	     17794	8000ad3c	02fefc33	remu	x24,x29,x15	 x29:0xffffffff x15:0x00000000 x24=0xffffffff
      178945000	     17795	8000ad40	0a90	c.addi4spn	x12,x2,336	 x12=0x00000296
      178955000	     17796	8000ad42	057e	c.slli	x10,0x1f	 x10:0x000000ff x10=0x80000000
      178965000	     17797	8000ad44	8fc2ce93	xori	x29,x5,-1796	  x5:0x00000001 x29=0xfffff8fd
      178975000	     17798	8000ad48	01d8e8b3	or	x17,x17,x29	 x17:0x00000000 x29:0xfffff8fd x17=0xfffff8fd
      178985000	     17799	8000ad4c	0000100f	fence.i	
      179005000	     17801	8000ad50	1a84	c.addi4spn	x9,x2,368	  x9=0x000002b6
      179015000	     17802	8000ad52	40a80a33	sub	x20,x16,x10	 x16:0xfeba39d8 x10:0x80000000 x20=0x7eba39d8
      179025000	     17803	8000ad56	c215	c.beqz	x12,8000ad7a	 x12:0x00000296
      179035000	     17804	8000ad58	8446	c.mv	x8,x17	  x0:0x00000000 x17:0xfffff8fd  x8=0xfffff8fd
      179405000	     17841	8000ad5a	038bf4b3	remu	x9,x23,x24	 x23:0x00000000 x24:0xffffffff  x9=0x00000000
      179415000	     17842	8000ad5e	8d79	c.and	x10,x14	 x10:0x80000000 x14:0x00000172 x10=0x00000000
      179425000	     17843	8000ad60	0916	c.slli	x18,0x5	 x18:0x5a64b000 x18=0x4c960000
      179435000	     17844	8000ad62	1a6a3713	sltiu	x14,x20,422	 x20:0x7eba39d8 x14=0x00000000
      179445000	     17845	8000ad66	0985	c.addi	x19,1	 x19:0x40000000 x19=0x40000001
      179455000	     17846	8000ad68	4691	c.li	x13,4	 x13=0x00000004
      179465000	     17847	8000ad6a	01c18b63	beq	x3,x28,8000ad80	  x3:0x00000000 x28:0x00000400
      179475000	     17848	8000ad6e	6831	c.lui	x16,0xc	 x16=0x0000c000
      179485000	     17849	8000ad70	03b14963	blt	x2,x27,8000ada2	  x2:0x00000146 x27:0xa59b4892
      179495000	     17850	8000ad74	6159	c.addi16sp	x2,400	  x2:0x00000146  x2=0x000002d6
      179525000	     17853	8000ad76	02450eb3	mul	x29,x10,x4	 x10:0x00000000  x4:0x000007d6 x29=0x00000000
      179535000	     17854	8000ad7a	8d5d	c.or	x10,x15	 x10:0x00000000 x15:0x00000000 x10=0x00000000
      179545000	     17855	8000ad7c	40615e13	srai	x28,x2,0x6	  x2:0x000002d6 x28=0x0000000b
      179555000	     17856	8000ad80	0019c9b3	xor	x19,x19,x1	 x19:0x40000001  x1:0x5a64b000 x19=0x1a64b001
      179565000	     17857	8000ad84	002b4963	blt	x22,x2,8000ad96	 x22:0x00000001  x2:0x000002d6
      179625000	     17863	8000ad96	03f22d33	mulhsu	x26,x4,x31	  x4:0x000007d6 x31:0x80025ce4 x26=0x000003eb
      179635000	     17864	8000ad9a	412b84b3	sub	x9,x23,x18	 x23:0x00000000 x18:0x4c960000  x9=0xb36a0000
      179645000	     17865	8000ad9e	bbdcfc93	andi	x25,x25,-1091	 x25:0x00000001 x25=0x00000001
      179655000	     17866	8000ada2	00775413	srli	x8,x14,0x7	 x14:0x00000000  x8=0x00000000
      179665000	     17867	8000ada6	0001	c.addi	x0,0	  x0:0x00000000  x0=0x00000000
      179675000	     17868	8000ada8	002b42b3	xor	x5,x22,x2	 x22:0x00000001  x2:0x000002d6  x5=0x000002d7
      179685000	     17869	8000adac	6d8d	c.lui	x27,0x3	 x27=0x00003000
      179695000	     17870	8000adae	8e39	c.xor	x12,x14	 x12:0x00000296 x14:0x00000000 x12=0x00000296
      180065000	     17907	8000adb0	03c854b3	divu	x9,x16,x28	 x16:0x0000c000 x28:0x0000000b  x9=0x00001174
      180435000	     17944	8000adb4	033cc433	div	x8,x25,x19	 x25:0x00000001 x19:0x1a64b001  x8=0x00000000
      180445000	     17945	8000adb8	0097f3b3	and	x7,x15,x9	 x15:0x00000000  x9:0x00001174  x7=0x00000000
      180455000	     17946	8000adbc	0d99	c.addi	x27,6	 x27:0x00003000 x27=0x00003006
      180465000	     17947	8000adbe	0000100f	fence.i	
      180495000	     17950	8000adc2	0127ba33	sltu	x20,x15,x18	 x15:0x00000000 x18:0x4c960000 x20=0x00000001
      180505000	     17951	8000adc6	987d	c.andi	x8,-1	  x8:0x00000000  x8=0x00000000
      180515000	     17952	8000adc8	8b41	c.andi	x14,16	 x14:0x00000000 x14=0x00000000
      180525000	     17953	8000adca	01c138b3	sltu	x17,x2,x28	  x2:0x000002d6 x28:0x0000000b x17=0x00000000
      180535000	     17954	8000adce	ea99	c.bnez	x13,8000ade4	 x13:0x00000004
      180555000	     17956	8000ade4	4165dd93	srai	x27,x11,0x16	 x11:0x80021e58 x27=0xfffffe00
      180565000	     17957	8000ade8	01f27a63	bgeu	x4,x31,8000adfc	  x4:0x000007d6 x31:0x80025ce4
      180575000	     17958	8000adec	40d75033	sra	x0,x14,x13	 x14:0x00000000 x13:0x00000004  x0=0x00000000
      180585000	     17959	8000adf0	0012c2b3	xor	x5,x5,x1	  x5:0x000002d7  x1:0x5a64b000  x5=0x5a64b2d7
      180595000	     17960	8000adf4	40c15233	sra	x4,x2,x12	  x2:0x000002d6 x12:0x00000296  x4=0x00000000
      180605000	     17961	8000adf8	9afe	c.add	x21,x31	 x21:0x00000001 x31:0x80025ce4 x21=0x80025ce5
      180615000	     17962	8000adfa	8635	c.srai	x12,0xd	 x12:0x00000296 x12=0x00000000
      180625000	     17963	8000adfc	00727f63	bgeu	x4,x7,8000ae1a	  x4:0x00000000  x7:0x00000000
      180645000	     17965	8000ae1a	6a61	c.lui	x20,0x18	 x20=0x00018000
      180655000	     17966	8000ae1c	d2c20993	addi	x19,x4,-724	  x4:0x00000000 x19=0xfffffd2c
      180665000	     17967	8000ae20	01336cb3	or	x25,x6,x19	  x6:0x00000000 x19:0xfffffd2c x25=0xfffffd2c
      180675000	     17968	8000ae24	1a7d	c.addi	x20,-1	 x20:0x00018000 x20=0x00017fff
      180685000	     17969	8000ae26	01aa	c.slli	x3,0xa	  x3:0x00000000  x3=0x00000000
      180725000	     17973	8000ae28	0316b133	mulhu	x2,x13,x17	 x13:0x00000004 x17:0x00000000  x2=0x00000000
      180735000	     17974	8000ae2c	013c7633	and	x12,x24,x19	 x24:0xffffffff x19:0xfffffd2c x12=0xfffffd2c
      180745000	     17975	8000ae30	be478213	addi	x4,x15,-1052	 x15:0x00000000  x4=0xfffffbe4
      180755000	     17976	8000ae34	8089	c.srli	x9,0x2	  x9:0x00001174  x9=0x0000045d
      180765000	     17977	8000ae36	c3de8293	addi	x5,x29,-963	 x29:0x00000000  x5=0xfffffc3d
      180775000	     17978	8000ae3a	0542	c.slli	x10,0x10	 x10:0x00000000 x10=0x00000000
      180785000	     17979	8000ae3c	013f1d33	sll	x26,x30,x19	 x30:0x00000001 x19:0xfffffd2c x26=0x00001000
      180795000	     17980	8000ae40	b3e0ec13	ori	x24,x1,-1218	  x1:0x5a64b000 x24=0xfffffb3e
      180805000	     17981	8000ae44	8d7d	c.and	x10,x15	 x10:0x00000000 x15:0x00000000 x10=0x00000000
      180815000	     17982	8000ae46	8ba2	c.mv	x23,x8	  x0:0x00000000  x8:0x00000000 x23=0x00000000
      180825000	     17983	8000ae48	a6686a13	ori	x20,x16,-1434	 x16:0x0000c000 x20=0xfffffa66
      180835000	     17984	8000ae4c	01d9de93	srli	x29,x19,0x1d	 x19:0xfffffd2c x29=0x00000007
      180845000	     17985	8000ae50	e024c537	lui	x10,0xe024c	 x10=0xe024c000
      180855000	     17986	8000ae54	0f80	c.addi4spn	x8,x2,976	  x8=0x000003d0
      180865000	     17987	8000ae56	62a46237	lui	x4,0x62a46	  x4=0x62a46000
      180875000	     17988	8000ae5a	e49d	c.bnez	x9,8000ae88	  x9:0x0000045d
      180895000	     17990	8000ae88	0059da63	bge	x19,x5,8000ae9c	 x19:0xfffffd2c  x5:0xfffffc3d
      181275000	     18028	8000ae9c	02c9e033	rem	x0,x19,x12	 x19:0xfffffd2c x12:0xfffffd2c  x0=0x00000000
      181645000	     18065	8000aea0	032341b3	div	x3,x6,x18	  x6:0x00000000 x18:0x4c960000  x3=0x00000000
      181655000	     18066	8000aea4	9cedf613	andi	x12,x27,-1586	 x27:0xfffffe00 x12=0xfffff800
      181665000	     18067	8000aea8	847d	c.srai	x8,0x1f	  x8:0x000003d0  x8=0x00000000
      181695000	     18070	8000aeaa	02730733	mul	x14,x6,x7	  x6:0x00000000  x7:0x00000000 x14=0x00000000
      181705000	     18071	8000aeae	c131	c.beqz	x10,8000aef2	 x10:0xe024c000
      181715000	     18072	8000aeb0	b422b117	auipc	x2,0xb422b	  x2=0x34235eb0
      182085000	     18109	8000aeb4	0357c3b3	div	x7,x15,x21	 x15:0x00000000 x21:0x80025ce5  x7=0x00000000
      182095000	     18110	8000aeb8	0e6a	c.slli	x28,0x1a	 x28:0x0000000b x28=0x2c000000
      182105000	     18111	8000aeba	41b25913	srai	x18,x4,0x1b	  x4:0x62a46000 x18=0x0000000c
      182115000	     18112	8000aebe	013f5c33	srl	x24,x30,x19	 x30:0x00000001 x19:0xfffffd2c x24=0x00000000
      182125000	     18113	8000aec2	0328e063	bltu	x17,x18,8000aee2	 x17:0x00000000 x18:0x0000000c
      182155000	     18116	8000aee2	37932913	slti	x18,x6,889	  x6:0x00000000 x18=0x00000001
      182165000	     18117	8000aee6	25ccc513	xori	x10,x25,604	 x25:0xfffffd2c x10=0xffffff70
      182175000	     18118	8000aeea	02d15b63	bge	x2,x13,8000af20	  x2:0x34235eb0 x13:0x00000004
      182195000	     18120	8000af20	00aa1f13	slli	x30,x20,0xa	 x20:0xfffffa66 x30=0xffe99800
      182205000	     18121	8000af24	617d	c.addi16sp	x2,496	  x2:0x34235eb0  x2=0x342360a0
      182215000	     18122	8000af26	00d05f13	srli	x30,x0,0xd	  x0:0x00000000 x30=0x00000000
      182225000	     18123	8000af2a	24607413	andi	x8,x0,582	  x0:0x00000000  x8=0x00000000
      182235000	     18124	8000af2e	02479a63	bne	x15,x4,8000af62	 x15:0x00000000  x4:0x62a46000
      182265000	     18127	8000af62	00509a63	bne	x1,x5,8000af76	  x1:0x5a64b000  x5:0xfffffc3d
      182295000	     18130	8000af76	41bf5e93	srai	x29,x30,0x1b	 x30:0x00000000 x29=0x00000000
      182305000	     18131	8000af7a	28a60393	addi	x7,x12,650	 x12:0xfffff800  x7=0xfffffa8a
      182315000	     18132	8000af7e	41f18933	sub	x18,x3,x31	  x3:0x00000000 x31:0x80025ce4 x18=0x7ffda31c
      182345000	     18135	8000af82	03d98a33	mul	x20,x19,x29	 x19:0xfffffd2c x29:0x00000000 x20=0x00000000
      182355000	     18136	8000af86	0001	c.addi	x0,0	  x0:0x00000000  x0=0x00000000
      182365000	     18137	8000af88	0063cab3	xor	x21,x7,x6	  x7:0xfffffa8a  x6:0x00000000 x21=0xfffffa8a
      182375000	     18138	8000af8c	01112e33	slt	x28,x2,x17	  x2:0x342360a0 x17:0x00000000 x28=0x00000000
      182385000	     18139	8000af90	40745e33	sra	x28,x8,x7	  x8:0x00000000  x7:0xfffffa8a x28=0x00000000
      182395000	     18140	8000af94	01ec7933	and	x18,x24,x30	 x24:0x00000000 x30:0x00000000 x18=0x00000000
      182405000	     18141	8000af98	e6882413	slti	x8,x16,-408	 x16:0x0000c000  x8=0x00000000
      182415000	     18142	8000af9c	a3fea6b7	lui	x13,0xa3fea	 x13=0xa3fea000
      182425000	     18143	8000afa0	0b31	c.addi	x22,12	 x22:0x00000001 x22=0x0000000d
      182435000	     18144	8000afa2	0c00	c.addi4spn	x8,x2,528	  x8=0x342362b0
      182445000	     18145	8000afa4	009cdab3	srl	x21,x25,x9	 x25:0xfffffd2c  x9:0x0000045d x21=0x00000007
      182455000	     18146	8000afa8	4c1b4893	xori	x17,x22,1217	 x22:0x0000000d x17=0x000004cc
      182465000	     18147	8000afac	c0b1	c.beqz	x9,8000aff0	  x9:0x0000045d
      182475000	     18148	8000afae	01273933	sltu	x18,x14,x18	 x14:0x00000000 x18:0x00000000 x18=0x00000000
      182485000	     18149	8000afb2	016f0f63	beq	x30,x22,8000afd0	 x30:0x00000000 x22:0x0000000d
      182495000	     18150	8000afb6	9a7d	c.andi	x12,-1	 x12:0xfffff800 x12=0xfffff800
      182505000	     18151	8000afb8	003d7133	and	x2,x26,x3	 x26:0x00001000  x3:0x00000000  x2=0x00000000
      182515000	     18152	8000afbc	054f6063	bltu	x30,x20,8000affc	 x30:0x00000000 x20:0x00000000
      182525000	     18153	8000afc0	41de8133	sub	x2,x29,x29	 x29:0x00000000 x29:0x00000000  x2=0x00000000
      182895000	     18190	8000afc4	03ad6433	rem	x8,x26,x26	 x26:0x00001000 x26:0x00001000  x8=0x00000000
      182905000	     18191	8000afc8	010c6033	or	x0,x24,x16	 x24:0x00000000 x16:0x0000c000  x0=0x00000000
      182915000	     18192	8000afcc	8f49	c.or	x14,x10	 x14:0x00000000 x10:0xffffff70 x14=0xffffff70
      182925000	     18193	8000afce	8eb2	c.mv	x29,x12	  x0:0x00000000 x12:0xfffff800 x29=0xfffff800
      182935000	     18194	8000afd0	5e7d	c.li	x28,-1	 x28=0xffffffff
      182945000	     18195	8000afd2	237bfa93	andi	x21,x23,567	 x23:0x00000000 x21=0x00000000
      182955000	     18196	8000afd6	cd15	c.beqz	x10,8000b012	 x10:0xffffff70
      182965000	     18197	8000afd8	0098e8b3	or	x17,x17,x9	 x17:0x000004cc  x9:0x0000045d x17=0x000004dd
      182975000	     18198	8000afdc	404d0db3	sub	x27,x26,x4	 x26:0x00001000  x4:0x62a46000 x27=0x9d5bb000
      182985000	     18199	8000afe0	001d2633	slt	x12,x26,x1	 x26:0x00001000  x1:0x5a64b000 x12=0x00000001
      182995000	     18200	8000afe4	0ff0000f	fence	iorw,iorw	
      183005000	     18201	8000afe8	00768f33	add	x30,x13,x7	 x13:0xa3fea000  x7:0xfffffa8a x30=0xa3fe9a8a
      183015000	     18202	8000afec	016f5033	srl	x0,x30,x22	 x30:0xa3fe9a8a x22:0x0000000d  x0=0x00000000
      183025000	     18203	8000aff0	40e25ab3	sra	x21,x4,x14	  x4:0x62a46000 x14:0xffffff70 x21=0x000062a4
      183035000	     18204	8000aff4	0ff0000f	fence	iorw,iorw	
      183045000	     18205	8000aff8	4e99	c.li	x29,6	 x29=0x00000006
      183055000	     18206	8000affa	997d	c.andi	x10,-1	 x10:0xffffff70 x10=0xffffff70
      183065000	     18207	8000affc	01e25363	bge	x4,x30,8000b002	  x4:0x62a46000 x30:0xa3fe9a8a
      183095000	     18210	8000b002	38868c37	lui	x24,0x38868	 x24=0x38868000
      183105000	     18211	8000b006	01d36633	or	x12,x6,x29	  x6:0x00000000 x29:0x00000006 x12=0x00000006
      183115000	     18212	8000b00a	00bc1933	sll	x18,x24,x11	 x24:0x38868000 x11:0x80021e58 x18=0x00000000
      183125000	     18213	8000b00e	c230eb13	ori	x22,x1,-989	  x1:0x5a64b000 x22=0xfffffc23
      183135000	     18214	8000b012	c6a68213	addi	x4,x13,-918	 x13:0xa3fea000  x4=0xa3fe9c6a
      183155000	     18216	8000b016	026a50b3	divu	x1,x20,x6	 x20:0x00000000  x6:0x00000000  x1=0xffffffff
      183165000	     18217	8000b01a	02b0c963	blt	x1,x11,8000b04c	  x1:0xffffffff x11:0x80021e58
      183195000	     18220	8000b01e	03cb0bb3	mul	x23,x22,x28	 x22:0xfffffc23 x28:0xffffffff x23=0x000003dd
      183205000	     18221	8000b022	04449263	bne	x9,x4,8000b066	  x9:0x0000045d  x4:0xa3fe9c6a
      183225000	     18223	8000b066	c919	c.beqz	x10,8000b07c	 x10:0xffffff70
      183235000	     18224	8000b068	0021fc63	bgeu	x3,x2,8000b080	  x3:0x00000000  x2:0x00000000
      183255000	     18226	8000b080	0996	c.slli	x19,0x5	 x19:0xfffffd2c x19=0xffffa580
      183265000	     18227	8000b082	0001	c.addi	x0,0	  x0:0x00000000  x0=0x00000000
      183275000	     18228	8000b084	026f7263	bgeu	x30,x6,8000b0a8	 x30:0xa3fe9a8a  x6:0x00000000
      183295000	     18230	8000b0a8	0001	c.addi	x0,0	  x0:0x00000000  x0=0x00000000
      183335000	     18234	8000b0aa	03541733	mulh	x14,x8,x21	  x8:0x00000000 x21:0x000062a4 x14=0x00000000
      183375000	     18238	8000b0ae	02aa21b3	mulhsu	x3,x20,x10	 x20:0x00000000 x10:0xffffff70  x3=0x00000000
      183385000	     18239	8000b0b2	01cc76b3	and	x13,x24,x28	 x24:0x38868000 x28:0xffffffff x13=0x38868000
      183395000	     18240	8000b0b6	00c7b1b3	sltu	x3,x15,x12	 x15:0x00000000 x12:0x00000006  x3=0x00000001
      183405000	     18241	8000b0ba	0ff0000f	fence	iorw,iorw	
      183415000	     18242	8000b0be	8e11	c.sub	x12,x12	 x12:0x00000006 x12:0x00000006 x12=0x00000000
      183425000	     18243	8000b0c0	d5116993	ori	x19,x2,-687	  x2:0x00000000 x19=0xfffffd51
      183435000	     18244	8000b0c4	035d4663	blt	x26,x21,8000b0f0	 x26:0x00001000 x21:0x000062a4
      183455000	     18246	8000b0f0	0001	c.addi	x0,0	  x0:0x00000000  x0=0x00000000
      183465000	     18247	8000b0f2	de46b793	sltiu	x15,x13,-540	 x13:0x38868000 x15=0x00000001
      183475000	     18248	8000b0f6	43d1	c.li	x7,20	  x7=0x00000014
      183485000	     18249	8000b0f8	002b6933	or	x18,x22,x2	 x22:0xfffffc23  x2:0x00000000 x18=0xfffffc23
      183495000	     18250	8000b0fc	4c200213	addi	x4,x0,1218	  x0:0x00000000  x4=0x000004c2
      183505000	     18251	8000b100	8a9d	c.andi	x13,7	 x13:0x38868000 x13=0x00000000
      183515000	     18252	8000b102	6ea1	c.lui	x29,0x8	 x29=0x00008000
      183525000	     18253	8000b104	40b9ddb3	sra	x27,x19,x11	 x19:0xfffffd51 x11:0x80021e58 x27=0xffffffff
      183535000	     18254	8000b108	02f57163	bgeu	x10,x15,8000b12a	 x10:0xffffff70 x15:0x00000001
      183555000	     18256	8000b12a	0001	c.addi	x0,0	  x0:0x00000000  x0=0x00000000
      183565000	     18257	8000b12c	006dae33	slt	x28,x27,x6	 x27:0xffffffff  x6:0x00000000 x28=0x00000001
      183575000	     18258	8000b130	0001	c.addi	x0,0	  x0:0x00000000  x0=0x00000000
      183585000	     18259	8000b132	98fd	c.andi	x9,-1	  x9:0x0000045d  x9=0x0000045d
      183595000	     18260	8000b134	9a8e	c.add	x21,x3	 x21:0x000062a4  x3:0x00000001 x21=0x000062a5
      183605000	     18261	8000b136	80e9	c.srli	x9,0x1a	  x9:0x0000045d  x9=0x00000000
      183615000	     18262	8000b138	4839	c.li	x16,14	 x16=0x0000000e
      183625000	     18263	8000b13a	12fbf813	andi	x16,x23,303	 x23:0x000003dd x16=0x0000010d
      183635000	     18264	8000b13e	6905	c.lui	x18,0x1	 x18=0x00001000
      183645000	     18265	8000b140	1e04	c.addi4spn	x9,x2,816	  x9=0x00000330
      183655000	     18266	8000b142	004681b3	add	x3,x13,x4	 x13:0x00000000  x4:0x000004c2  x3=0x000004c2
      183665000	     18267	8000b146	9a12	c.add	x20,x4	 x20:0x00000000  x4:0x000004c2 x20=0x000004c2
      183675000	     18268	8000b148	58fd	c.li	x17,-1	 x17=0xffffffff
      183685000	     18269	8000b14a	00804b63	blt	x0,x8,8000b160	  x0:0x00000000  x8:0x00000000
      184055000	     18306	8000b14e	03ef44b3	div	x9,x30,x30	 x30:0xa3fe9a8a x30:0xa3fe9a8a  x9=0x00000001
      184075000	     18308	8000b152	02e7d8b3	divu	x17,x15,x14	 x15:0x00000001 x14:0x00000000 x17=0xffffffff
      184095000	     18310	8000b156	02e86833	rem	x16,x16,x14	 x16:0x0000010d x14:0x00000000 x16=0x0000010d
      184105000	     18311	8000b15a	1598	c.addi4spn	x14,x2,736	 x14=0x000002e0
      184115000	     18312	8000b15c	00a84133	xor	x2,x16,x10	 x16:0x0000010d x10:0xffffff70  x2=0xfffffe7d
      184125000	     18313	8000b160	0000100f	fence.i	
      184145000	     18315	8000b164	01819f33	sll	x30,x3,x24	  x3:0x000004c2 x24:0x38868000 x30=0x000004c2
      184155000	     18316	8000b168	9792	c.add	x15,x4	 x15:0x00000001  x4:0x000004c2 x15=0x000004c3
      184165000	     18317	8000b16a	e9ef4f13	xori	x30,x30,-354	 x30:0x000004c2 x30=0xfffffa5c
      184185000	     18319	8000b16e	0268ff33	remu	x30,x17,x6	 x17:0xffffffff  x6:0x00000000 x30=0xffffffff
      184195000	     18320	8000b172	8b39	c.andi	x14,14	 x14:0x000002e0 x14=0x00000000
      184205000	     18321	8000b174	75c78293	addi	x5,x15,1884	 x15:0x000004c3  x5=0x00000c1f
      184215000	     18322	8000b178	3860c413	xori	x8,x1,902	  x1:0xffffffff  x8=0xfffffc79
      184225000	     18323	8000b17c	40af5c93	srai	x25,x30,0xa	 x30:0xffffffff x25=0xffffffff
      184235000	     18324	8000b180	01dddbb3	srl	x23,x27,x29	 x27:0xffffffff x29:0x00008000 x23=0xffffffff
      184245000	     18325	8000b184	019482b3	add	x5,x9,x25	  x9:0x00000001 x25:0xffffffff  x5=0x00000000
      184255000	     18326	8000b188	0ff0000f	fence	iorw,iorw	
      184265000	     18327	8000b18c	0001	c.addi	x0,0	  x0:0x00000000  x0=0x00000000
      184275000	     18328	8000b18e	005b4963	blt	x22,x5,8000b1a0	 x22:0xfffffc23  x5:0x00000000
      184655000	     18366	8000b1a0	023ee9b3	rem	x19,x29,x3	 x29:0x00008000  x3:0x000004c2 x19=0x0000044c
      184665000	     18367	8000b1a4	0198d6b3	srl	x13,x17,x25	 x17:0xffffffff x25:0xffffffff x13=0x00000001
      184675000	     18368	8000b1a8	c919	c.beqz	x10,8000b1be	 x10:0xffffff70
      184715000	     18372	8000b1aa	0335adb3	mulhsu	x27,x11,x19	 x11:0x80021e58 x19:0x0000044c x27=0xfffffdda
      184725000	     18373	8000b1ae	006ef7b3	and	x15,x29,x6	 x29:0x00008000  x6:0x00000000 x15=0x00000000
      184735000	     18374	8000b1b2	01b65f33	srl	x30,x12,x27	 x12:0x00000000 x27:0xfffffdda x30=0x00000000
      184745000	     18375	8000b1b6	01f65a93	srli	x21,x12,0x1f	 x12:0x00000000 x21=0x00000000
      184785000	     18379	8000b1ba	0393ba33	mulhu	x20,x7,x25	  x7:0x00000014 x25:0xffffffff x20=0x00000013
      184795000	     18380	8000b1be	0c881037	lui	x0,0xc881	  x0=0x00000000
      184835000	     18384	8000b1c2	02fa9233	mulh	x4,x21,x15	 x21:0x00000000 x15:0x00000000  x4=0x00000000
      184845000	     18385	8000b1c6	8c19	c.sub	x8,x14	  x8:0xfffffc79 x14:0x00000000  x8=0xfffffc79
      184855000	     18386	8000b1c8	00808633	add	x12,x1,x8	  x1:0xffffffff  x8:0xfffffc79 x12=0xfffffc78
      184865000	     18387	8000b1cc	0041f9b3	and	x19,x3,x4	  x3:0x000004c2  x4:0x00000000 x19=0x00000000
      184875000	     18388	8000b1d0	017a2cb3	slt	x25,x20,x23	 x20:0x00000013 x23:0xffffffff x25=0x00000000
      184885000	     18389	8000b1d4	41835233	sra	x4,x6,x24	  x6:0x00000000 x24:0x38868000  x4=0x00000000
      185255000	     18426	8000b1d8	03f2ecb3	rem	x25,x5,x31	  x5:0x00000000 x31:0x80025ce4 x25=0x00000000
      185265000	     18427	8000b1dc	4701	c.li	x14,0	 x14=0x00000000
      185275000	     18428	8000b1de	03788863	beq	x17,x23,8000b20e	 x17:0xffffffff x23:0xffffffff
      185335000	     18434	8000b20e	02a8b4b3	mulhu	x9,x17,x10	 x17:0xffffffff x10:0xffffff70  x9=0xffffff6f
      185345000	     18435	8000b212	4c15e893	ori	x17,x11,1217	 x11:0x80021e58 x17=0x80021ed9
      185355000	     18436	8000b216	01548633	add	x12,x9,x21	  x9:0xffffff6f x21:0x00000000 x12=0xffffff6f
      185365000	     18437	8000b21a	879d	c.srai	x15,0x7	 x15:0x00000000 x15=0x00000000
      185375000	     18438	8000b21c	cc01	c.beqz	x8,8000b234	  x8:0xfffffc79
      185385000	     18439	8000b21e	8749	c.srai	x14,0x12	 x14:0x00000000 x14=0x00000000
      185395000	     18440	8000b220	6b8f6e37	lui	x28,0x6b8f6	 x28=0x6b8f6000
      185405000	     18441	8000b224	8e29	c.xor	x12,x10	 x12:0xffffff6f x10:0xffffff70 x12=0x0000001f
      185415000	     18442	8000b226	003ed293	srli	x5,x29,0x3	 x29:0x00008000  x5=0x00001000
      185425000	     18443	8000b22a	31e139b7	lui	x19,0x31e13	 x19=0x31e13000
      185435000	     18444	8000b22e	82bd	c.srli	x13,0xf	 x13:0x00000001 x13=0x00000000
      185445000	     18445	8000b230	04fd	c.addi	x9,31	  x9:0xffffff6f  x9=0xffffff8e
      185455000	     18446	8000b232	98fd	c.andi	x9,-1	  x9:0xffffff8e  x9=0xffffff8e
      185465000	     18447	8000b234	02c51b63	bne	x10,x12,8000b26a	 x10:0xffffff70 x12:0x0000001f
      185485000	     18449	8000b26a	127d	c.addi	x4,-1	  x4:0x00000000  x4=0xffffffff
      185495000	     18450	8000b26c	8e0d	c.sub	x12,x11	 x12:0x0000001f x11:0x80021e58 x12=0x7ffde1c7
      185505000	     18451	8000b26e	9246	c.add	x4,x17	  x4:0xffffffff x17:0x80021ed9  x4=0x80021ed8
      185515000	     18452	8000b270	0309e663	bltu	x19,x16,8000b29c	 x19:0x31e13000 x16:0x0000010d
      185525000	     18453	8000b274	d9b37c93	andi	x25,x6,-613	  x6:0x00000000 x25=0x00000000
      185535000	     18454	8000b278	0e8d	c.addi	x29,3	 x29:0x00008000 x29=0x00008003
      185545000	     18455	8000b27a	0001	c.addi	x0,0	  x0:0x00000000  x0=0x00000000
      185555000	     18456	8000b27c	8cc1	c.or	x9,x8	  x9:0xffffff8e  x8:0xfffffc79  x9=0xffffffff
      185565000	     18457	8000b27e	410ad133	sra	x2,x21,x16	 x21:0x00000000 x16:0x0000010d  x2=0x00000000
      185575000	     18458	8000b282	0ff0000f	fence	iorw,iorw	
      185585000	     18459	8000b286	597d	c.li	x18,-1	 x18=0xffffffff
      185595000	     18460	8000b288	049e	c.slli	x9,0x7	  x9:0xffffffff  x9=0xffffff80
      185625000	     18463	8000b28a	038c8e33	mul	x28,x25,x24	 x25:0x00000000 x24:0x38868000 x28=0x00000000
      185635000	     18464	8000b28e	f1dfaf13	slti	x30,x31,-227	 x31:0x80025ce4 x30=0x00000001
      185645000	     18465	8000b292	0b9e	c.slli	x23,0x7	 x23:0xffffffff x23=0xffffff80
      185685000	     18469	8000b294	027f1cb3	mulh	x25,x30,x7	 x30:0x00000001  x7:0x00000014 x25=0x00000000
      185695000	     18470	8000b298	00591463	bne	x18,x5,8000b2a0	 x18:0xffffffff  x5:0x00001000
      185715000	     18472	8000b2a0	41bc5993	srai	x19,x24,0x1b	 x24:0x38868000 x19=0x00000007
      185725000	     18473	8000b2a4	01b82533	slt	x10,x16,x27	 x16:0x0000010d x27:0xfffffdda x10=0x00000000
      185735000	     18474	8000b2a8	6175	c.addi16sp	x2,368	  x2:0x00000000  x2=0x00000170
      185765000	     18477	8000b2aa	03910633	mul	x12,x2,x25	  x2:0x00000170 x25:0x00000000 x12=0x00000000
      185775000	     18478	8000b2ae	27b0bd97	auipc	x27,0x27b0b	 x27=0xa7b162ae
      185785000	     18479	8000b2b2	01eb8f63	beq	x23,x30,8000b2d0	 x23:0xffffff80 x30:0x00000001
      185795000	     18480	8000b2b6	01d0e863	bltu	x1,x29,8000b2c6	  x1:0xffffffff x29:0x00008003
      185805000	     18481	8000b2ba	0001	c.addi	x0,0	  x0:0x00000000  x0=0x00000000
      186175000	     18518	8000b2bc	03d5dc33	divu	x24,x11,x29	 x11:0x80021e58 x29:0x00008003 x24=0x0000fffe
      186185000	     18519	8000b2c0	01f31093	slli	x1,x6,0x1f	  x6:0x00000000  x1=0x00000000
      186195000	     18520	8000b2c4	0962	c.slli	x18,0x18	 x18:0xffffffff x18=0xff000000
      186205000	     18521	8000b2c6	bf243113	sltiu	x2,x8,-1038	  x8:0xfffffc79  x2=0x00000000
      186215000	     18522	8000b2ca	6d79	c.lui	x26,0x1e	 x26=0x0001e000
      186225000	     18523	8000b2cc	b2f86293	ori	x5,x16,-1233	 x16:0x0000010d  x5=0xfffffb2f
      186235000	     18524	8000b2d0	018819b3	sll	x19,x16,x24	 x16:0x0000010d x24:0x0000fffe x19=0x40000000
      186245000	     18525	8000b2d4	03adde63	bge	x27,x26,8000b310	 x27:0xa7b162ae x26:0x0001e000
      186255000	     18526	8000b2d8	e785	c.bnez	x15,8000b300	 x15:0x00000000
      186265000	     18527	8000b2da	004502b3	add	x5,x10,x4	 x10:0x00000000  x4:0x80021ed8  x5=0x80021ed8
      186275000	     18528	8000b2de	0000100f	fence.i	
      186305000	     18531	8000b2e2	01169133	sll	x2,x13,x17	 x13:0x00000000 x17:0x80021ed9  x2=0x00000000
      186315000	     18532	8000b2e6	4df1b993	sltiu	x19,x3,1247	  x3:0x000004c2 x19=0x00000001
      186325000	     18533	8000b2ea	01c5f6b3	and	x13,x11,x28	 x11:0x80021e58 x28:0x00000000 x13=0x00000000
      186335000	     18534	8000b2ee	00b49f33	sll	x30,x9,x11	  x9:0xffffff80 x11:0x80021e58 x30=0x80000000
      186345000	     18535	8000b2f2	83ed	c.srli	x15,0x1b	 x15:0x00000000 x15=0x00000000
      186355000	     18536	8000b2f4	00da1463	bne	x20,x13,8000b2fc	 x20:0x00000013 x13:0x00000000
      186375000	     18538	8000b2fc	0af6	c.slli	x21,0x1d	 x21:0x00000000 x21=0x00000000
      186385000	     18539	8000b2fe	8786	c.mv	x15,x1	  x0:0x00000000  x1:0x00000000 x15=0x00000000
      186395000	     18540	8000b300	04857563	bgeu	x10,x8,8000b34a	 x10:0x00000000  x8:0xfffffc79
      186425000	     18543	8000b304	02dc8233	mul	x4,x25,x13	 x25:0x00000000 x13:0x00000000  x4=0x00000000
      186435000	     18544	8000b308	40b85f13	srai	x30,x16,0xb	 x16:0x0000010d x30=0x00000000
      186475000	     18548	8000b30c	031c3c33	mulhu	x24,x24,x17	 x24:0x0000fffe x17:0x80021ed9 x24=0x00008001
      186485000	     18549	8000b310	89a3d1b7	lui	x3,0x89a3d	  x3=0x89a3d000
      186525000	     18553	8000b314	0298bc33	mulhu	x24,x17,x9	 x17:0x80021ed9  x9:0xffffff80 x24=0x80021e98
      186535000	     18554	8000b318	136af693	andi	x13,x21,310	 x21:0x00000000 x13=0x00000000
      186545000	     18555	8000b31c	000c7433	and	x8,x24,x0	 x24:0x80021e98  x0:0x00000000  x8=0x00000000
      186555000	     18556	8000b320	0000100f	fence.i	
      186935000	     18594	8000b324	03237bb3	remu	x23,x6,x18	  x6:0x00000000 x18:0xff000000 x23=0x00000000
      186945000	     18595	8000b328	0247f763	bgeu	x15,x4,8000b356	 x15:0x00000000  x4:0x00000000
      186965000	     18597	8000b356	0880	c.addi4spn	x8,x2,80	  x8=0x00000050
      186975000	     18598	8000b358	03305263	bge	x0,x19,8000b37c	  x0:0x00000000 x19:0x00000001
      186985000	     18599	8000b35c	0000100f	fence.i	
      187025000	     18603	8000b360	03d606b3	mul	x13,x12,x29	 x12:0x00000000 x29:0x00008003 x13=0x00000000
      187045000	     18605	8000b364	0203e933	rem	x18,x7,x0	  x7:0x00000014  x0:0x00000000 x18=0x00000014
      187055000	     18606	8000b368	0001	c.addi	x0,0	  x0:0x00000000  x0=0x00000000
      187065000	     18607	8000b36a	01181413	slli	x8,x16,0x11	 x16:0x0000010d  x8=0x021a0000
      187075000	     18608	8000b36e	82dd	c.srli	x13,0x17	 x13:0x00000000 x13=0x00000000
      187085000	     18609	8000b370	037d9f63	bne	x27,x23,8000b3ae	 x27:0xa7b162ae x23:0x00000000
      187125000	     18613	8000b3ae	02067833	remu	x16,x12,x0	 x12:0x00000000  x0:0x00000000 x16=0x00000000
      187135000	     18614	8000b3b2	415607b3	sub	x15,x12,x21	 x12:0x00000000 x21:0x00000000 x15=0x00000000
      187145000	     18615	8000b3b6	652d2e93	slti	x29,x26,1618	 x26:0x0001e000 x29=0x00000000
      187155000	     18616	8000b3ba	e109	c.bnez	x10,8000b3bc	 x10:0x00000000
      187165000	     18617	8000b3bc	8c15	c.sub	x8,x13	  x8:0x021a0000 x13:0x00000000  x8=0x021a0000
      187185000	     18619	8000b3be	030df533	remu	x10,x27,x16	 x27:0xa7b162ae x16:0x00000000 x10=0xa7b162ae
      187195000	     18620	8000b3c2	2a5dff17	auipc	x30,0x2a5df	 x30=0xaa5ea3c2
      187205000	     18621	8000b3c6	82cd	c.srli	x13,0x13	 x13:0x00000000 x13=0x00000000
      187215000	     18622	8000b3c8	016e4cb3	xor	x25,x28,x22	 x28:0x00000000 x22:0xfffffc23 x25=0xfffffc23
      187225000	     18623	8000b3cc	00d1dc33	srl	x24,x3,x13	  x3:0x89a3d000 x13:0x00000000 x24=0x89a3d000
      187235000	     18624	8000b3d0	0dde	c.slli	x27,0x17	 x27:0xa7b162ae x27=0x57000000
      187245000	     18625	8000b3d2	8a90a913	slti	x18,x1,-1879	  x1:0x00000000 x18=0x00000000
      187255000	     18626	8000b3d6	6e4850b7	lui	x1,0x6e485	  x1=0x6e485000
      187265000	     18627	8000b3da	0ff0000f	fence	iorw,iorw	
      187275000	     18628	8000b3de	02754763	blt	x10,x7,8000b40c	 x10:0xa7b162ae  x7:0x00000014
      187295000	     18630	8000b40c	01a4f7b3	and	x15,x9,x26	  x9:0xffffff80 x26:0x0001e000 x15=0x0001e000
      187305000	     18631	8000b410	010c4233	xor	x4,x24,x16	 x24:0x89a3d000 x16:0x00000000  x4=0x89a3d000
      187315000	     18632	8000b414	035be563	bltu	x23,x21,8000b43e	 x23:0x00000000 x21:0x00000000
      187325000	     18633	8000b418	0001	c.addi	x0,0	  x0:0x00000000  x0=0x00000000
      187335000	     18634	8000b41a	0001	c.addi	x0,0	  x0:0x00000000  x0=0x00000000
      187345000	     18635	8000b41c	41885433	sra	x8,x16,x24	 x16:0x00000000 x24:0x89a3d000  x8=0x00000000
      187355000	     18636	8000b420	0159f6b3	and	x13,x19,x21	 x19:0x00000001 x21:0x00000000 x13=0x00000000
      187365000	     18637	8000b424	40c081b3	sub	x3,x1,x12	  x1:0x6e485000 x12:0x00000000  x3=0x6e485000
      187375000	     18638	8000b428	9dd3b513	sltiu	x10,x7,-1571	  x7:0x00000014 x10=0x00000001
      187385000	     18639	8000b42c	0494	c.addi4spn	x13,x2,576	 x13=0x00000240
      187425000	     18643	8000b42e	0393a3b3	mulhsu	x7,x7,x25	  x7:0x00000014 x25:0xfffffc23  x7=0x00000013
      187455000	     18646	8000b432	02938d33	mul	x26,x7,x9	  x7:0x00000013  x9:0xffffff80 x26=0xfffff680
      187465000	     18647	8000b436	5b7d	c.li	x22,-1	 x22=0xffffffff
      187475000	     18648	8000b438	8ff9	c.and	x15,x14	 x15:0x0001e000 x14:0x00000000 x15=0x00000000
      187485000	     18649	8000b43a	0036ef33	or	x30,x13,x3	 x13:0x00000240  x3:0x6e485000 x30=0x6e485240
      187495000	     18650	8000b43e	0308	c.addi4spn	x10,x2,384	 x10=0x00000180
      187535000	     18654	8000b440	027414b3	mulh	x9,x8,x7	  x8:0x00000000  x7:0x00000013  x9=0x00000000
      187545000	     18655	8000b444	414ad1b3	sra	x3,x21,x20	 x21:0x00000000 x20:0x00000013  x3=0x00000000
      187555000	     18656	8000b448	0183c3b3	xor	x7,x7,x24	  x7:0x00000013 x24:0x89a3d000  x7=0x89a3d013
      187565000	     18657	8000b44c	64bd	c.lui	x9,0xf	  x9=0x0000f000
      187575000	     18658	8000b44e	6161	c.addi16sp	x2,80	  x2:0x00000000  x2=0x00000050
      187585000	     18659	8000b450	0b32	c.slli	x22,0xc	 x22:0xffffffff x22=0xfffff000
      187595000	     18660	8000b452	8d01	c.sub	x10,x8	 x10:0x00000180  x8:0x00000000 x10=0x00000180
      187605000	     18661	8000b454	8406	c.mv	x8,x1	  x0:0x00000000  x1:0x6e485000  x8=0x6e485000
      187615000	     18662	8000b456	0001	c.addi	x0,0	  x0:0x00000000  x0=0x00000000
      187625000	     18663	8000b458	02b31f63	bne	x6,x11,8000b496	  x6:0x00000000 x11:0x80021e58
      187655000	     18666	8000b496	b6b94713	xori	x14,x18,-1173	 x18:0x00000000 x14=0xfffffb6b
      187665000	     18667	8000b49a	a66a4897	auipc	x17,0xa66a4	 x17=0x266af49a
      187675000	     18668	8000b49e	0f94	c.addi4spn	x13,x2,976	 x13=0x00000420
      187715000	     18672	8000b4a0	031c2eb3	mulhsu	x29,x24,x17	 x24:0x89a3d000 x17:0x266af49a x29=0xee3cdd9d
      187725000	     18673	8000b4a4	a3e1c293	xori	x5,x3,-1474	  x3:0x00000000  x5=0xfffffa3e
      187735000	     18674	8000b4a8	8a45	c.andi	x12,17	 x12:0x00000000 x12=0x00000000
      187745000	     18675	8000b4aa	012a7633	and	x12,x20,x18	 x20:0x00000013 x18:0x00000000 x12=0x00000000
      187775000	     18678	8000b4ae	022688b3	mul	x17,x13,x2	 x13:0x00000420  x2:0x00000050 x17=0x00014a00
      187785000	     18679	8000b4b2	1980	c.addi4spn	x8,x2,240	  x8=0x00000140
      187795000	     18680	8000b4b4	0009df13	srli	x30,x19,0x0	 x19:0x00000001 x30=0x00000001
      187805000	     18681	8000b4b8	8d3d	c.xor	x10,x15	 x10:0x00000180 x15:0x00000000 x10=0x00000180
      188175000	     18718	8000b4ba	024e4b33	div	x22,x28,x4	 x28:0x00000000  x4:0x89a3d000 x22=0x00000000
      188185000	     18719	8000b4be	0107adb3	slt	x27,x15,x16	 x15:0x00000000 x16:0x00000000 x27=0x00000000
      188195000	     18720	8000b4c2	010b1e93	slli	x29,x22,0x10	 x22:0x00000000 x29=0x00000000
      188205000	     18721	8000b4c6	6825eb13	ori	x22,x11,1666	 x11:0x80021e58 x22=0x80021eda
      188215000	     18722	8000b4ca	03f74f63	blt	x14,x31,8000b508	 x14:0xfffffb6b x31:0x80025ce4
      188225000	     18723	8000b4ce	f1968193	addi	x3,x13,-231	 x13:0x00000420  x3=0x00000339
      188235000	     18724	8000b4d2	019c8533	add	x10,x25,x25	 x25:0xfffffc23 x25:0xfffffc23 x10=0xfffff846
      188245000	     18725	8000b4d6	01365793	srli	x15,x12,0x13	 x12:0x00000000 x15=0x00000000
      188255000	     18726	8000b4da	015ad613	srli	x12,x21,0x15	 x21:0x00000000 x12=0x00000000
      188265000	     18727	8000b4de	cb91	c.beqz	x15,8000b4f2	 x15:0x00000000
      188295000	     18730	8000b4f2	f7d23e93	sltiu	x29,x4,-131	  x4:0x89a3d000 x29=0x00000001
      188305000	     18731	8000b4f6	71585837	lui	x16,0x71585	 x16=0x71585000
      188315000	     18732	8000b4fa	009d2533	slt	x10,x26,x9	 x26:0xfffff680  x9:0x0000f000 x10=0x00000001
      188325000	     18733	8000b4fe	80ea	c.mv	x1,x26	  x0:0x00000000 x26:0xfffff680  x1=0xfffff680
      188335000	     18734	8000b500	00028e33	add	x28,x5,x0	  x5:0xfffffa3e  x0:0x00000000 x28=0xfffffa3e
      188345000	     18735	8000b504	01b15e63	bge	x2,x27,8000b520	  x2:0x00000050 x27:0x00000000
      188365000	     18737	8000b520	01bb1b63	bne	x22,x27,8000b536	 x22:0x80021eda x27:0x00000000
      188395000	     18740	8000b536	013d1963	bne	x26,x19,8000b548	 x26:0xfffff680 x19:0x00000001
      188415000	     18742	8000b548	00f81233	sll	x4,x16,x15	 x16:0x71585000 x15:0x00000000  x4=0x71585000
      188425000	     18743	8000b54c	410553b3	sra	x7,x10,x16	 x10:0x00000001 x16:0x71585000  x7=0x00000001
      188435000	     18744	8000b550	01c18c63	beq	x3,x28,8000b568	  x3:0x00000339 x28:0xfffffa3e
      188445000	     18745	8000b554	0258cb63	blt	x17,x5,8000b58a	 x17:0x00014a00  x5:0xfffffa3e
      188455000	     18746	8000b558	014820b3	slt	x1,x16,x20	 x16:0x71585000 x20:0x00000013  x1=0x00000000
      188465000	     18747	8000b55c	0112df33	srl	x30,x5,x17	  x5:0xfffffa3e x17:0x00014a00 x30=0xfffffa3e
      188505000	     18751	8000b560	02d52733	mulhsu	x14,x10,x13	 x10:0x00000001 x13:0x00000420 x14=0x00000000
      188525000	     18753	8000b564	03b9ccb3	div	x25,x19,x27	 x19:0x00000001 x27:0x00000000 x25=0xffffffff
      188535000	     18754	8000b568	01a45993	srli	x19,x8,0x1a	  x8:0x00000140 x19=0x00000000
      188575000	     18758	8000b56c	02b2b6b3	mulhu	x13,x5,x11	  x5:0xfffffa3e x11:0x80021e58 x13=0x80021b76
      188585000	     18759	8000b570	ef95	c.bnez	x15,8000b5ac	 x15:0x00000000
      188615000	     18762	8000b572	03f200b3	mul	x1,x4,x31	  x4:0x71585000 x31:0x80025ce4  x1=0x4f674000
      188625000	     18763	8000b576	00ed2db3	slt	x27,x26,x14	 x26:0xfffff680 x14:0x00000000 x27=0x00000001
      188635000	     18764	8000b57a	9f66	c.add	x30,x25	 x30:0xfffffa3e x25:0xffffffff x30=0xfffffa3d
      188645000	     18765	8000b57c	5ad3c513	xori	x10,x7,1453	  x7:0x00000001 x10=0x000005ac
      188655000	     18766	8000b580	8c3d	c.xor	x8,x15	  x8:0x00000140 x15:0x00000000  x8=0x00000140
      188665000	     18767	8000b582	6161	c.addi16sp	x2,80	  x2:0x00000050  x2=0x000000a0
      188675000	     18768	8000b584	01c7e533	or	x10,x15,x28	 x15:0x00000000 x28:0xfffffa3e x10=0xfffffa3e
      188685000	     18769	8000b588	8d31	c.xor	x10,x12	 x10:0xfffffa3e x12:0x00000000 x10=0xfffffa3e
      189055000	     18806	8000b58a	03e4ff33	remu	x30,x9,x30	  x9:0x0000f000 x30:0xfffffa3d x30=0x0000f000
      189065000	     18807	8000b58e	00354863	blt	x10,x3,8000b59e	 x10:0xfffffa3e  x3:0x00000339
      189095000	     18810	8000b59e	04885063	bge	x16,x8,8000b5de	 x16:0x71585000  x8:0x00000140
      189115000	     18812	8000b5de	131c	c.addi4spn	x15,x2,416	 x15=0x00000240
      189125000	     18813	8000b5e0	003c4733	xor	x14,x24,x3	 x24:0x89a3d000  x3:0x00000339 x14=0x89a3d339
      189135000	     18814	8000b5e4	0001	c.addi	x0,0	  x0:0x00000000  x0=0x00000000
      189145000	     18815	8000b5e6	017ff7b3	and	x15,x31,x23	 x31:0x80025ce4 x23:0x00000000 x15=0x00000000
      189155000	     18816	8000b5ea	011700b3	add	x1,x14,x17	 x14:0x89a3d339 x17:0x00014a00  x1=0x89a51d39
      189165000	     18817	8000b5ee	01de3733	sltu	x14,x28,x29	 x28:0xfffffa3e x29:0x00000001 x14=0x00000000
      189175000	     18818	8000b5f2	676b6613	ori	x12,x22,1654	 x22:0x80021eda x12=0x80021efe
      189185000	     18819	8000b5f6	380ed537	lui	x10,0x380ed	 x10=0x380ed000
      189225000	     18823	8000b5fa	03ac1533	mulh	x10,x24,x26	 x24:0x89a3d000 x26:0xfffff680 x10=0x00000464
      189235000	     18824	8000b5fe	0295	c.addi	x5,5	  x5:0xfffffa3e  x5=0xfffffa43
      189245000	     18825	8000b600	02ae8f63	beq	x29,x10,8000b63e	 x29:0x00000001 x10:0x00000464
      189255000	     18826	8000b604	03784f63	blt	x16,x23,8000b642	 x16:0x71585000 x23:0x00000000
      189265000	     18827	8000b608	8c11	c.sub	x8,x12	  x8:0x00000140 x12:0x80021efe  x8=0x7ffde242
      189275000	     18828	8000b60a	ca81	c.beqz	x13,8000b61a	 x13:0x80021b76
      189285000	     18829	8000b60c	0672	c.slli	x12,0x1c	 x12:0x80021efe x12=0xe0000000
      189655000	     18866	8000b60e	03c47bb3	remu	x23,x8,x28	  x8:0x7ffde242 x28:0xfffffa3e x23=0x7ffde242
      189665000	     18867	8000b612	4cb32d37	lui	x26,0x4cb32	 x26=0x4cb32000
      189675000	     18868	8000b616	0490	c.addi4spn	x12,x2,576	 x12=0x000002e0
      189685000	     18869	8000b618	0a96	c.slli	x21,0x5	 x21:0x00000000 x21=0x00000000
      189695000	     18870	8000b61a	6f59	c.lui	x30,0x16	 x30=0x00016000
      189705000	     18871	8000b61c	ce9d	c.beqz	x13,8000b65a	 x13:0x80021b76
      189715000	     18872	8000b61e	b4923b93	sltiu	x23,x4,-1207	  x4:0x71585000 x23=0x00000001
      189725000	     18873	8000b622	3cb03d97	auipc	x27,0x3cb03	 x27=0xbcb0e622
      189755000	     18876	8000b626	030e8033	mul	x0,x29,x16	 x29:0x00000001 x16:0x71585000  x0=0x00000000
      189765000	     18877	8000b62a	0169e733	or	x14,x19,x22	 x19:0x00000000 x22:0x80021eda x14=0x80021eda
      189775000	     18878	8000b62e	09d6	c.slli	x19,0x15	 x19:0x00000000 x19=0x00000000
      189785000	     18879	8000b630	0001	c.addi	x0,0	  x0:0x00000000  x0=0x00000000
      189805000	     18881	8000b632	03206eb3	rem	x29,x0,x18	  x0:0x00000000 x18:0x00000000 x29=0x00000000
      189815000	     18882	8000b636	33054813	xori	x16,x10,816	 x10:0x00000464 x16=0x00000754
      189825000	     18883	8000b63a	01d44263	blt	x8,x29,8000b63e	  x8:0x7ffde242 x29:0x00000000
      189835000	     18884	8000b63e	000ffe33	and	x28,x31,x0	 x31:0x80025ce4  x0:0x00000000 x28=0x00000000
      189845000	     18885	8000b642	013858b3	srl	x17,x16,x19	 x16:0x00000754 x19:0x00000000 x17=0x00000754
      189855000	     18886	8000b646	04d44163	blt	x8,x13,8000b688	  x8:0x7ffde242 x13:0x80021b76
      189865000	     18887	8000b64a	8f45	c.or	x14,x9	 x14:0x80021eda  x9:0x0000f000 x14=0x8002feda
      189875000	     18888	8000b64c	c099	c.beqz	x9,8000b652	  x9:0x0000f000
      189885000	     18889	8000b64e	67af6713	ori	x14,x30,1658	 x30:0x00016000 x14=0x0001667a
      189895000	     18890	8000b652	00e79b63	bne	x15,x14,8000b668	 x15:0x00000000 x14:0x0001667a
      189915000	     18892	8000b668	417f0533	sub	x10,x30,x23	 x30:0x00016000 x23:0x00000001 x10=0x00015fff
      189925000	     18893	8000b66c	00f06533	or	x10,x0,x15	  x0:0x00000000 x15:0x00000000 x10=0x00000000
      189935000	     18894	8000b670	8461	c.srai	x8,0x18	  x8:0x7ffde242  x8=0x0000007f
      189945000	     18895	8000b672	0280fc63	bgeu	x1,x8,8000b6aa	  x1:0x89a51d39  x8:0x0000007f
      189965000	     18897	8000b6aa	8fdd	c.or	x15,x15	 x15:0x00000000 x15:0x00000000 x15=0x00000000
      189975000	     18898	8000b6ac	8c75	c.and	x8,x13	  x8:0x0000007f x13:0x80021b76  x8=0x00000076
      189985000	     18899	8000b6ae	8c39	c.xor	x8,x14	  x8:0x00000076 x14:0x0001667a  x8=0x0001660c
      189995000	     18900	8000b6b0	01721a93	slli	x21,x4,0x17	  x4:0x71585000 x21=0x00000000
      190005000	     18901	8000b6b4	6d65	c.lui	x26,0x19	 x26=0x00019000
      190045000	     18905	8000b6b6	02e028b3	mulhsu	x17,x0,x14	  x0:0x00000000 x14:0x0001667a x17=0x00000000
      190055000	     18906	8000b6ba	196cca93	xori	x21,x25,406	 x25:0xffffffff x21=0xfffffe69
      190065000	     18907	8000b6be	8c29	c.xor	x8,x10	  x8:0x0001660c x10:0x00000000  x8=0x0001660c
      190105000	     18911	8000b6c0	0280ab33	mulhsu	x22,x1,x8	  x1:0x89a51d39  x8:0x0001660c x22=0xffff5a77
      190115000	     18912	8000b6c4	0f26	c.slli	x30,0x9	 x30:0x00016000 x30=0x02c00000
      190125000	     18913	8000b6c6	01179eb3	sll	x29,x15,x17	 x15:0x00000000 x17:0x00000000 x29=0x00000000
      190135000	     18914	8000b6ca	01544cb3	xor	x25,x8,x21	  x8:0x0001660c x21:0xfffffe69 x25=0xfffe9865
      190145000	     18915	8000b6ce	8f81	c.sub	x15,x8	 x15:0x00000000  x8:0x0001660c x15=0xfffe99f4
      190155000	     18916	8000b6d0	0a0a	c.slli	x20,0x2	 x20:0x00000013 x20=0x0000004c
      190525000	     18953	8000b6d2	022a44b3	div	x9,x20,x2	 x20:0x0000004c  x2:0x000000a0  x9=0x00000000
      190565000	     18957	8000b6d6	033c2433	mulhsu	x8,x24,x19	 x24:0x89a3d000 x19:0x00000000  x8=0x00000000
      190575000	     18958	8000b6da	f24156b7	lui	x13,0xf2415	 x13=0xf2415000
      190585000	     18959	8000b6de	6465	c.lui	x8,0x19	  x8=0x00019000
      190615000	     18962	8000b6e0	028d0233	mul	x4,x26,x8	 x26:0x00019000  x8:0x00019000  x4=0x71000000
      190625000	     18963	8000b6e4	0324c663	blt	x9,x18,8000b710	  x9:0x00000000 x18:0x00000000
      190635000	     18964	8000b6e8	8d65	c.and	x10,x9	 x10:0x00000000  x9:0x00000000 x10=0x00000000
      190645000	     18965	8000b6ea	9f0a	c.add	x30,x2	 x30:0x02c00000  x2:0x000000a0 x30=0x02c000a0
      190655000	     18966	8000b6ec	01f500b3	add	x1,x10,x31	 x10:0x00000000 x31:0x80025ce4  x1=0x80025ce4
      190665000	     18967	8000b6f0	d6dbb793	sltiu	x15,x23,-659	 x23:0x00000001 x15=0x00000001
      190675000	     18968	8000b6f4	8f5d	c.or	x14,x15	 x14:0x0001667a x15:0x00000001 x14=0x0001667b
      191045000	     19005	8000b6f6	0365f7b3	remu	x15,x11,x22	 x11:0x80021e58 x22:0xffff5a77 x15=0x80021e58
      191055000	     19006	8000b6fa	87b1	c.srai	x15,0xc	 x15:0x80021e58 x15=0xfff80021
      191065000	     19007	8000b6fc	919a	c.add	x3,x6	  x3:0x00000339  x6:0x00000000  x3=0x00000339
      191075000	     19008	8000b6fe	03f89863	bne	x17,x31,8000b72e	 x17:0x00000000 x31:0x80025ce4
      191105000	     19011	8000b72e	024d8963	beq	x27,x4,8000b760	 x27:0xbcb0e622  x4:0x71000000
      191115000	     19012	8000b732	615d	c.addi16sp	x2,432	  x2:0x000000a0  x2=0x00000250
      191125000	     19013	8000b734	6ead	c.lui	x29,0xb	 x29=0x0000b000
      191135000	     19014	8000b736	63d92d13	slti	x26,x18,1597	 x18:0x00000000 x26=0x00000001
      191145000	     19015	8000b73a	6ef1	c.lui	x29,0x1c	 x29=0x0001c000
      191515000	     19052	8000b73c	03766033	rem	x0,x12,x23	 x12:0x000002e0 x23:0x00000001  x0=0x00000000
      191885000	     19089	8000b740	02f0ddb3	divu	x27,x1,x15	  x1:0x80025ce4 x15:0xfff80021 x27=0x00000000
      191895000	     19090	8000b744	7cf6cb93	xori	x23,x13,1999	 x13:0xf2415000 x23=0xf24157cf
      191935000	     19094	8000b748	0278a733	mulhsu	x14,x17,x7	 x17:0x00000000  x7:0x00000001 x14=0x00000000
      191945000	     19095	8000b74c	ea01	c.bnez	x12,8000b75c	 x12:0x000002e0
      191965000	     19097	8000b75c	6165	c.addi16sp	x2,112	  x2:0x00000250  x2=0x000002c0
      191975000	     19098	8000b75e	0001	c.addi	x0,0	  x0:0x00000000  x0=0x00000000
      191985000	     19099	8000b760	8b95	c.andi	x15,5	 x15:0xfff80021 x15=0x00000001
      191995000	     19100	8000b762	4a8c9d17	auipc	x26,0x4a8c9	 x26=0xca8d4762
      192005000	     19101	8000b766	8cae	c.mv	x25,x11	  x0:0x00000000 x11:0x80021e58 x25=0x80021e58
      192015000	     19102	8000b768	92fe	c.add	x5,x31	  x5:0xfffffa43 x31:0x80025ce4  x5=0x80025727
      192025000	     19103	8000b76a	39c7c9b7	lui	x19,0x39c7c	 x19=0x39c7c000
      192035000	     19104	8000b76e	0c9e	c.slli	x25,0x7	 x25:0x80021e58 x25=0x010f2c00
      192045000	     19105	8000b770	0ff0000f	fence	iorw,iorw	
      192055000	     19106	8000b774	41a15493	srai	x9,x2,0x1a	  x2:0x000002c0  x9=0x00000000
      192065000	     19107	8000b778	002b7963	bgeu	x22,x2,8000b78a	 x22:0xffff5a77  x2:0x000002c0
      192125000	     19113	8000b78a	02283933	mulhu	x18,x16,x2	 x16:0x00000754  x2:0x000002c0 x18=0x00000000
      192135000	     19114	8000b78e	853d	c.srai	x10,0xf	 x10:0x00000000 x10=0x00000000
      192145000	     19115	8000b790	0000100f	fence.i	
      192165000	     19117	8000b794	41d4	c.lw	x13,4(x11)	 x11:0x80021e58 x13=0x800034de PA:0x80021e5c load:0x800034de
      192175000	     19118	8000b796	eab7aa93	slti	x21,x15,-341	 x15:0x00000001 x21=0x00000000
      192185000	     19119	8000b79a	05b1	c.addi	x11,12	 x11:0x80021e58 x11=0x80021e64
      192195000	     19120	8000b79c	8125	c.srli	x10,0x9	 x10:0x00000000 x10=0x00000000
      192205000	     19121	8000b79e	408b8f33	sub	x30,x23,x8	 x23:0xf24157cf  x8:0x00019000 x30=0xf23fc7cf
      192215000	     19122	8000b7a2	00168193	addi	x3,x13,1	 x13:0x800034de  x3=0x800034df
      192225000	     19123	8000b7a6	8182	c.jr	x3	  x3:0x800034df
      192255000	     19126	800034de	02737763	bgeu	x6,x7,8000350c	  x6:0x00000000  x7:0x00000001
      192265000	     19127	800034e2	0ff0000f	fence	iorw,iorw	
      192275000	     19128	800034e6	020d6e63	bltu	x26,x0,80003522	 x26:0xca8d4762  x0:0x00000000
      192285000	     19129	800034ea	8ed9	c.or	x13,x14	 x13:0x800034de x14:0x00000000 x13=0x800034de
      192295000	     19130	800034ec	416ad933	sra	x18,x21,x22	 x21:0x00000000 x22:0xffff5a77 x18=0x00000000
      192305000	     19131	800034f0	e799	c.bnez	x15,800034fe	 x15:0x00000001
      192335000	     19134	800034fe	0057a733	slt	x14,x15,x5	 x15:0x00000001  x5:0x80025727 x14=0x00000000
      192345000	     19135	80003502	843a	c.mv	x8,x14	  x0:0x00000000 x14:0x00000000  x8=0x00000000
      192355000	     19136	80003504	40e88b33	sub	x22,x17,x14	 x17:0x00000000 x14:0x00000000 x22=0x00000000
      192365000	     19137	80003508	00cc5033	srl	x0,x24,x12	 x24:0x89a3d000 x12:0x000002e0  x0=0x00000000
      192375000	     19138	8000350c	07ca7037	lui	x0,0x7ca7	  x0=0x00000000
      192385000	     19139	80003510	4231	c.li	x4,12	  x4=0x0000000c
      192395000	     19140	80003512	01c81d13	slli	x26,x16,0x1c	 x16:0x00000754 x26=0x40000000
      192405000	     19141	80003516	1ee04db7	lui	x27,0x1ee04	 x27=0x1ee04000
      192415000	     19142	8000351a	00193533	sltu	x10,x18,x1	 x18:0x00000000  x1:0x80025ce4 x10=0x00000001
      192425000	     19143	8000351e	8e1d	c.sub	x12,x15	 x12:0x000002e0 x15:0x00000001 x12=0x000002df
      192435000	     19144	80003520	94a6	c.add	x9,x9	  x9:0x00000000  x9:0x00000000  x9=0x00000000
      192445000	     19145	80003522	0ff0000f	fence	iorw,iorw	
      192455000	     19146	80003526	01b8fb63	bgeu	x17,x27,8000353c	 x17:0x00000000 x27:0x1ee04000
      192465000	     19147	8000352a	41d4d633	sra	x12,x9,x29	  x9:0x00000000 x29:0x0001c000 x12=0x00000000
      192505000	     19151	8000352e	03429033	mulh	x0,x5,x20	  x5:0x80025727 x20:0x0000004c  x0=0x00000000
      192515000	     19152	80003532	ba9ab693	sltiu	x13,x21,-1111	 x21:0x00000000 x13=0x00000001
      192525000	     19153	80003536	38ffa013	slti	x0,x31,911	 x31:0x80025ce4  x0=0x00000000
      192535000	     19154	8000353a	02f2	c.slli	x5,0x1c	  x5:0x80025727  x5=0x70000000
      192545000	     19155	8000353c	02db4f63	blt	x22,x13,8000357a	 x22:0x00000000 x13:0x00000001
      192565000	     19157	8000357a	0001	c.addi	x0,0	  x0:0x00000000  x0=0x00000000
      192575000	     19158	8000357c	0154f6b3	and	x13,x9,x21	  x9:0x00000000 x21:0x00000000 x13=0x00000000
      192585000	     19159	80003580	0ff0000f	fence	iorw,iorw	
      192595000	     19160	80003584	0033e033	or	x0,x7,x3	  x7:0x00000001  x3:0x800034df  x0=0x00000000
      192615000	     19162	80003588	03c8f7b3	remu	x15,x17,x28	 x17:0x00000000 x28:0x00000000 x15=0x00000000
      192625000	     19163	8000358c	8bf2	c.mv	x23,x28	  x0:0x00000000 x28:0x00000000 x23=0x00000000
      192635000	     19164	8000358e	03f16063	bltu	x2,x31,800035ae	  x2:0x000002c0 x31:0x80025ce4
      192655000	     19166	800035ae	167d	c.addi	x12,-1	 x12:0x00000000 x12=0xffffffff
      192665000	     19167	800035b0	ffffd317	auipc	x6,0xffffd	  x6=0x800005b0
      192675000	     19168	800035b4	dce30313	addi	x6,x6,-562	  x6:0x800005b0  x6=0x8000037e
      192685000	     19169	800035b8	00030067	jalr	x0,0(x6)	  x6:0x8000037e  x0=0x00000000
      192715000	     19172	8000037e	90000537	lui	x10,0x90000	 x10=0x90000000
      192725000	     19173	80000382	1561	c.addi	x10,-8	 x10:0x90000000 x10=0x8ffffff8
      192735000	     19174	80000384	4d81	c.li	x27,0	 x27=0x00000000
      192745000	     19175	80000386	0da2	c.slli	x27,0x8	 x27:0x00000000 x27=0x00000000
      192755000	     19176	80000388	0d85	c.addi	x27,1	 x27:0x00000000 x27=0x00000001
      192765000	     19177	8000038a	01b52023	sw	x27,0(x10)	 x10:0x8ffffff8 x27:0x00000001 PA:0x8ffffff8 store:0x00000001 load:0x00000000
      192775000	     19178	8000038e	00000073	ecall	
      192805000	     19181	80002600	0800006f	jal	x0,80002680	  x0=0x00000000
      192825000	     19183	80002680	1ff1	c.addi	x31,-4	 x31:0x80025ce4 x31=0x80025ce0
      192835000	     19184	80002682	00bfa023	sw	x11,0(x31)	 x31:0x80025ce0 x11:0x80021e64 PA:0x80025ce0 store:0x80021e64 load:0x00000000
