Time	Cycle	PC	Insn	Decoded instruction	Register and memory contents
        5169000	       156	80000080	40001db7	lui	x27,0x40001	 x27=0x40001000
        5189000	       157	80000084	106d8d93	addi	x27,x27,262	 x27:0x40001000 x27=0x40001106
        5209000	       158	80000088	301d9073	csrrw	x0,misa,x27	 x27:0x40001106  x0=0x00000000
        5269000	       161	8000008c	00026f97	auipc	x31,0x26	 x31=0x8002608c
        5409000	       168	80000090	c58f8f93	addi	x31,x31,-936	 x31:0x8002608c x31=0x80025ce4
        5509000	       173	80000094	00002d97	auipc	x27,0x2	 x27=0x80002094
        5529000	       174	80000098	56cd8d93	addi	x27,x27,1388	 x27:0x80002094 x27=0x80002600
        5549000	       175	8000009c	001ded93	ori	x27,x27,1	 x27:0x80002600 x27=0x80002601
        5569000	       176	800000a0	305d9073	csrrw	x0,mtvec,x27	 x27:0x80002601  x0=0x00000000
        5709000	       183	800000a4	74725073	csrrwi	x0,0x747,4	  x0=0x00000000
        5769000	       186	800000a8	00003317	auipc	x6,0x3	  x6=0x800030a8
        5789000	       187	800000ac	30430313	addi	x6,x6,772	  x6:0x800030a8  x6=0x800033ac
        5809000	       188	800000b0	4d81	c.li	x27,0	 x27=0x00000000
        5829000	       189	800000b2	936e	c.add	x6,x27	  x6:0x800033ac x27:0x00000000  x6=0x800033ac
        5849000	       190	800000b4	00235313	srli	x6,x6,0x2	  x6:0x800033ac  x6=0x20000ceb
        5889000	       192	800000b8	3b031073	csrrw	x0,pmpaddr0,x6	  x6:0x20000ceb  x0=0x00000000
        5949000	       195	800000bc	00003317	auipc	x6,0x3	  x6=0x800030bc
        6209000	       208	800000c0	2f030313	addi	x6,x6,752	  x6:0x800030bc  x6=0x800033ac
        6229000	       209	800000c4	11111db7	lui	x27,0x11111	 x27=0x11111000
        6589000	       227	800000c8	111d8d93	addi	x27,x27,273	 x27:0x11111000 x27=0x11111111
        6609000	       228	800000cc	936e	c.add	x6,x27	  x6:0x800033ac x27:0x11111111  x6=0x911144bd
        6629000	       229	800000ce	00235313	srli	x6,x6,0x2	  x6:0x911144bd  x6=0x2444512f
        6649000	       230	800000d2	3b131073	csrrw	x0,pmpaddr1,x6	  x6:0x2444512f  x0=0x00000000
        6709000	       233	800000d6	00003317	auipc	x6,0x3	  x6=0x800030d6
        7089000	       252	800000da	2d630313	addi	x6,x6,726	  x6:0x800030d6  x6=0x800033ac
        7109000	       253	800000de	22222db7	lui	x27,0x22222	 x27=0x22222000
        7129000	       254	800000e2	222d8d93	addi	x27,x27,546	 x27:0x22222000 x27=0x22222222
        7149000	       255	800000e6	936e	c.add	x6,x27	  x6:0x800033ac x27:0x22222222  x6=0xa22255ce
        7169000	       256	800000e8	00235313	srli	x6,x6,0x2	  x6:0xa22255ce  x6=0x28889573
        7269000	       261	800000ec	3b231073	csrrw	x0,pmpaddr2,x6	  x6:0x28889573  x0=0x00000000
        7329000	       264	800000f0	00003317	auipc	x6,0x3	  x6=0x800030f0
        7409000	       268	800000f4	2bc30313	addi	x6,x6,700	  x6:0x800030f0  x6=0x800033ac
        7429000	       269	800000f8	33333db7	lui	x27,0x33333	 x27=0x33333000
        7449000	       270	800000fc	333d8d93	addi	x27,x27,819	 x27:0x33333000 x27=0x33333333
        7789000	       287	80000100	936e	c.add	x6,x27	  x6:0x800033ac x27:0x33333333  x6=0xb33366df
        7809000	       288	80000102	00235313	srli	x6,x6,0x2	  x6:0xb33366df  x6=0x2cccd9b7
        7829000	       289	80000106	3b331073	csrrw	x0,pmpaddr3,x6	  x6:0x2cccd9b7  x0=0x00000000
        7889000	       292	8000010a	0f0f1337	lui	x6,0xf0f1	  x6=0x0f0f1000
        7909000	       293	8000010e	f0f30313	addi	x6,x6,-241	  x6:0x0f0f1000  x6=0x0f0f0f0f
        7969000	       296	80000112	3a031073	csrrw	x0,pmpcfg0,x6	  x6:0x0f0f0f0f  x0=0x00000000
        8029000	       299	80000116	00003317	auipc	x6,0x3	  x6=0x80003116
        8049000	       300	8000011a	29630313	addi	x6,x6,662	  x6:0x80003116  x6=0x800033ac
        8369000	       316	8000011e	44444db7	lui	x27,0x44444	 x27=0x44444000
        8649000	       330	80000122	444d8d93	addi	x27,x27,1092	 x27:0x44444000 x27=0x44444444
        8669000	       331	80000126	936e	c.add	x6,x27	  x6:0x800033ac x27:0x44444444  x6=0xc44477f0
        8689000	       332	80000128	00235313	srli	x6,x6,0x2	  x6:0xc44477f0  x6=0x31111dfc
        8709000	       333	8000012c	3b431073	csrrw	x0,pmpaddr4,x6	  x6:0x31111dfc  x0=0x00000000
        8769000	       336	80000130	00003317	auipc	x6,0x3	  x6=0x80003130
        8789000	       337	80000134	27c30313	addi	x6,x6,636	  x6:0x80003130  x6=0x800033ac
        9009000	       348	80000138	55555db7	lui	x27,0x55555	 x27=0x55555000
        9329000	       364	8000013c	555d8d93	addi	x27,x27,1365	 x27:0x55555000 x27=0x55555555
        9349000	       365	80000140	936e	c.add	x6,x27	  x6:0x800033ac x27:0x55555555  x6=0xd5558901
        9369000	       366	80000142	00235313	srli	x6,x6,0x2	  x6:0xd5558901  x6=0x35556240
        9429000	       369	80000146	3b531073	csrrw	x0,pmpaddr5,x6	  x6:0x35556240  x0=0x00000000
        9489000	       372	8000014a	00003317	auipc	x6,0x3	  x6=0x8000314a
        9509000	       373	8000014e	26230313	addi	x6,x6,610	  x6:0x8000314a  x6=0x800033ac
        9629000	       379	80000152	66666db7	lui	x27,0x66666	 x27=0x66666000
       10029000	       399	80000156	666d8d93	addi	x27,x27,1638	 x27:0x66666000 x27=0x66666666
       10049000	       400	8000015a	936e	c.add	x6,x27	  x6:0x800033ac x27:0x66666666  x6=0xe6669a12
       10069000	       401	8000015c	00235313	srli	x6,x6,0x2	  x6:0xe6669a12  x6=0x3999a684
       10149000	       405	80000160	3b631073	csrrw	x0,pmpaddr6,x6	  x6:0x3999a684  x0=0x00000000
       10209000	       408	80000164	00003317	auipc	x6,0x3	  x6=0x80003164
       10229000	       409	80000168	24830313	addi	x6,x6,584	  x6:0x80003164  x6=0x800033ac
       10249000	       410	8000016c	77777db7	lui	x27,0x77777	 x27=0x77777000
       10309000	       413	80000170	777d8d93	addi	x27,x27,1911	 x27:0x77777000 x27=0x77777777
       10429000	       419	80000174	936e	c.add	x6,x27	  x6:0x800033ac x27:0x77777777  x6=0xf777ab23
       10449000	       420	80000176	00235313	srli	x6,x6,0x2	  x6:0xf777ab23  x6=0x3dddeac8
       10529000	       424	8000017a	3b731073	csrrw	x0,pmpaddr7,x6	  x6:0x3dddeac8  x0=0x00000000
       10589000	       427	8000017e	0f0f1337	lui	x6,0xf0f1	  x6=0x0f0f1000
       10609000	       428	80000182	f0f30313	addi	x6,x6,-241	  x6:0x0f0f1000  x6=0x0f0f0f0f
       10629000	       429	80000186	3a131073	csrrw	x0,pmpcfg1,x6	  x6:0x0f0f0f0f  x0=0x00000000
       10689000	       432	8000018a	00003317	auipc	x6,0x3	  x6=0x8000318a
       10909000	       443	8000018e	22230313	addi	x6,x6,546	  x6:0x8000318a  x6=0x800033ac
       10929000	       444	80000192	88889db7	lui	x27,0x88889	 x27=0x88889000
       11089000	       452	80000196	888d8d93	addi	x27,x27,-1912	 x27:0x88889000 x27=0x88888888
       11109000	       453	8000019a	936e	c.add	x6,x27	  x6:0x800033ac x27:0x88888888  x6=0x0888bc34
       11149000	       455	8000019c	00235313	srli	x6,x6,0x2	  x6:0x0888bc34  x6=0x02222f0d
       11569000	       476	800001a0	3b831073	csrrw	x0,pmpaddr8,x6	  x6:0x02222f0d  x0=0x00000000
       11989000	       497	800001a4	00003317	auipc	x6,0x3	  x6=0x800031a4
       12009000	       498	800001a8	20830313	addi	x6,x6,520	  x6:0x800031a4  x6=0x800033ac
       12429000	       519	800001ac	9999adb7	lui	x27,0x9999a	 x27=0x9999a000
       12449000	       520	800001b0	999d8d93	addi	x27,x27,-1639	 x27:0x9999a000 x27=0x99999999
       12469000	       521	800001b4	936e	c.add	x6,x27	  x6:0x800033ac x27:0x99999999  x6=0x1999cd45
       12889000	       542	800001b6	00235313	srli	x6,x6,0x2	  x6:0x1999cd45  x6=0x06667351
       12929000	       544	800001ba	3b931073	csrrw	x0,pmpaddr9,x6	  x6:0x06667351  x0=0x00000000
       12989000	       547	800001be	00003317	auipc	x6,0x3	  x6=0x800031be
       13009000	       548	800001c2	1ee30313	addi	x6,x6,494	  x6:0x800031be  x6=0x800033ac
       13029000	       549	800001c6	aaaabdb7	lui	x27,0xaaaab	 x27=0xaaaab000
       13169000	       556	800001ca	aaad8d93	addi	x27,x27,-1366	 x27:0xaaaab000 x27=0xaaaaaaaa
       13189000	       557	800001ce	936e	c.add	x6,x27	  x6:0x800033ac x27:0xaaaaaaaa  x6=0x2aaade56
       13589000	       577	800001d0	00235313	srli	x6,x6,0x2	  x6:0x2aaade56  x6=0x0aaab795
       13669000	       581	800001d4	3ba31073	csrrw	x0,pmpaddr10,x6	  x6:0x0aaab795  x0=0x00000000
       14069000	       601	800001d8	00003317	auipc	x6,0x3	  x6=0x800031d8
       14089000	       602	800001dc	1d430313	addi	x6,x6,468	  x6:0x800031d8  x6=0x800033ac
       14109000	       603	800001e0	bbbbcdb7	lui	x27,0xbbbbc	 x27=0xbbbbc000
       14129000	       604	800001e4	bbbd8d93	addi	x27,x27,-1093	 x27:0xbbbbc000 x27=0xbbbbbbbb
       14549000	       625	800001e8	936e	c.add	x6,x27	  x6:0x800033ac x27:0xbbbbbbbb  x6=0x3bbbef67
       14569000	       626	800001ea	00235313	srli	x6,x6,0x2	  x6:0x3bbbef67  x6=0x0eeefbd9
       14989000	       647	800001ee	3bb31073	csrrw	x0,pmpaddr11,x6	  x6:0x0eeefbd9  x0=0x00000000
       15049000	       650	800001f2	0f0f1337	lui	x6,0xf0f1	  x6=0x0f0f1000
       15069000	       651	800001f6	f0f30313	addi	x6,x6,-241	  x6:0x0f0f1000  x6=0x0f0f0f0f
       15089000	       652	800001fa	3a231073	csrrw	x0,pmpcfg2,x6	  x6:0x0f0f0f0f  x0=0x00000000
       15209000	       658	800001fe	00003317	auipc	x6,0x3	  x6=0x800031fe
       15229000	       659	80000202	1ae30313	addi	x6,x6,430	  x6:0x800031fe  x6=0x800033ac
       15549000	       675	80000206	ccccddb7	lui	x27,0xccccd	 x27=0xccccd000
       15569000	       676	8000020a	cccd8d93	addi	x27,x27,-820	 x27:0xccccd000 x27=0xcccccccc
       15589000	       677	8000020e	936e	c.add	x6,x27	  x6:0x800033ac x27:0xcccccccc  x6=0x4ccd0078
       15689000	       682	80000210	00235313	srli	x6,x6,0x2	  x6:0x4ccd0078  x6=0x1333401e
       15949000	       695	80000214	3bc31073	csrrw	x0,pmpaddr12,x6	  x6:0x1333401e  x0=0x00000000
       16009000	       698	80000218	00003317	auipc	x6,0x3	  x6=0x80003218
       16149000	       705	8000021c	19430313	addi	x6,x6,404	  x6:0x80003218  x6=0x800033ac
       16569000	       726	80000220	ddddedb7	lui	x27,0xdddde	 x27=0xdddde000
       16669000	       731	80000224	dddd8d93	addi	x27,x27,-547	 x27:0xdddde000 x27=0xdddddddd
       16689000	       732	80000228	936e	c.add	x6,x27	  x6:0x800033ac x27:0xdddddddd  x6=0x5dde1189
       16709000	       733	8000022a	00235313	srli	x6,x6,0x2	  x6:0x5dde1189  x6=0x17778462
       16729000	       734	8000022e	3bd31073	csrrw	x0,pmpaddr13,x6	  x6:0x17778462  x0=0x00000000
       16889000	       742	80000232	00003317	auipc	x6,0x3	  x6=0x80003232
       16909000	       743	80000236	17a30313	addi	x6,x6,378	  x6:0x80003232  x6=0x800033ac
       16969000	       746	8000023a	eeeefdb7	lui	x27,0xeeeef	 x27=0xeeeef000
       16989000	       747	8000023e	eeed8d93	addi	x27,x27,-274	 x27:0xeeeef000 x27=0xeeeeeeee
       17009000	       748	80000242	936e	c.add	x6,x27	  x6:0x800033ac x27:0xeeeeeeee  x6=0x6eef229a
       17029000	       749	80000244	00235313	srli	x6,x6,0x2	  x6:0x6eef229a  x6=0x1bbbc8a6
       17049000	       750	80000248	3be31073	csrrw	x0,pmpaddr14,x6	  x6:0x1bbbc8a6  x0=0x00000000
       17269000	       761	8000024c	00003317	auipc	x6,0x3	  x6=0x8000324c
       17289000	       762	80000250	16030313	addi	x6,x6,352	  x6:0x8000324c  x6=0x800033ac
       17309000	       763	80000254	fff00d93	addi	x27,x0,-1	  x0:0x00000000 x27=0xffffffff
       17329000	       764	80000258	936e	c.add	x6,x27	  x6:0x800033ac x27:0xffffffff  x6=0x800033ab
       17349000	       765	8000025a	00235313	srli	x6,x6,0x2	  x6:0x800033ab  x6=0x20000cea
       17389000	       767	8000025e	3bf31073	csrrw	x0,pmpaddr15,x6	  x6:0x20000cea  x0=0x00000000
       17449000	       770	80000262	0f0f1337	lui	x6,0xf0f1	  x6=0x0f0f1000
       17689000	       782	80000266	f0f30313	addi	x6,x6,-241	  x6:0x0f0f1000  x6=0x0f0f0f0f
       18089000	       802	8000026a	3a331073	csrrw	x0,pmpcfg3,x6	  x6:0x0f0f0f0f  x0=0x00000000
       18149000	       805	8000026e	00000d97	auipc	x27,0x0	 x27=0x8000026e
       18529000	       824	80000272	060d8d93	addi	x27,x27,96	 x27:0x8000026e x27=0x800002ce
       18549000	       825	80000276	341d9073	csrrw	x0,mepc,x27	 x27:0x800002ce  x0=0x00000000
       18589000	       827	8000027a	7c00d073	csrrwi	x0,0x7c0,1	  x0=0x00000000
       18649000	       830	8000027e	4d81	c.li	x27,0	 x27=0x00000000
       18669000	       831	80000280	300d9073	csrrw	x0,mstatus,x27	 x27:0x00000000  x0=0x00000000
       18969000	       846	80000284	4d81	c.li	x27,0	 x27=0x00000000
       19089000	       852	80000286	304d9073	csrrw	x0,mie,x27	 x27:0x00000000  x0=0x00000000
       19149000	       855	8000028a	90000537	lui	x10,0x90000	 x10=0x90000000
       19169000	       856	8000028e	1571	c.addi	x10,-4	 x10:0x90000000 x10=0x8ffffffc
       19189000	       857	80000290	90000537	lui	x10,0x90000	 x10=0x90000000
       19209000	       858	80000294	1571	c.addi	x10,-4	 x10:0x90000000 x10=0x8ffffffc
       19329000	       864	80000296	90000537	lui	x10,0x90000	 x10=0x90000000
       19349000	       865	8000029a	1571	c.addi	x10,-4	 x10:0x90000000 x10=0x8ffffffc
       19389000	       867	8000029c	30000d93	addi	x27,x0,768	  x0:0x00000000 x27=0x00000300
       19489000	       872	800002a0	0da2	c.slli	x27,0x8	 x27:0x00000300 x27=0x00030000
       19509000	       873	800002a2	0d8d	c.addi	x27,3	 x27:0x00030000 x27=0x00030003
       19569000	       876	800002a4	01b52023	sw	x27,0(x10)	 x10:0x8ffffffc x27:0x00030003 PA:0x8ffffffc store:0x00030003 load:0xffffffff
       19589000	       877	800002a8	30002df3	csrrs	x27,mstatus,x0	  x0:0x00000000 x27=0x00000000
       19709000	       883	800002ac	01b52023	sw	x27,0(x10)	 x10:0x8ffffffc x27:0x00000000 PA:0x8ffffffc store:0x00000000 load:0xffffffff
       19729000	       884	800002b0	90000537	lui	x10,0x90000	 x10=0x90000000
       19749000	       885	800002b4	1571	c.addi	x10,-4	 x10:0x90000000 x10=0x8ffffffc
       20129000	       904	800002b6	30400d93	addi	x27,x0,772	  x0:0x00000000 x27=0x00000304
       20149000	       905	800002ba	0da2	c.slli	x27,0x8	 x27:0x00000304 x27=0x00030400
       20169000	       906	800002bc	0d8d	c.addi	x27,3	 x27:0x00030400 x27=0x00030403
       20229000	       909	800002be	01b52023	sw	x27,0(x10)	 x10:0x8ffffffc x27:0x00030403 PA:0x8ffffffc store:0x00030403 load:0xffffffff
       20249000	       910	800002c2	30402df3	csrrs	x27,mie,x0	  x0:0x00000000 x27=0x00000000
       20269000	       911	800002c6	01b52023	sw	x27,0(x10)	 x10:0x8ffffffc x27:0x00000000 PA:0x8ffffffc store:0x00000000 load:0xffffffff
       20289000	       912	800002ca	30200073	mret	
       20569000	       926	800002ce	ff8b8037	lui	x0,0xff8b8	  x0=0x00000000
       20989000	       947	800002d2	10e00013	addi	x0,x0,270	  x0:0x00000000  x0=0x00000000
       21149000	       955	800002d6	7327d0b7	lui	x1,0x7327d	  x1=0x7327d000
       21229000	       959	800002da	ba008093	addi	x1,x1,-1120	  x1:0x7327d000  x1=0x7327cba0
       21249000	       960	800002de	f5e3a137	lui	x2,0xf5e3a	  x2=0xf5e3a000
       21669000	       981	800002e2	89510113	addi	x2,x2,-1899	  x2:0xf5e3a000  x2=0xf5e39895
       21689000	       982	800002e6	4181	c.li	x3,0	  x3=0x00000000
       21709000	       983	800002e8	6511b237	lui	x4,0x6511b	  x4=0x6511b000
       21729000	       984	800002ec	bba20213	addi	x4,x4,-1094	  x4:0x6511b000  x4=0x6511abba
       21749000	       985	800002f0	e2e872b7	lui	x5,0xe2e87	  x5=0xe2e87000
       21849000	       990	800002f4	5c428293	addi	x5,x5,1476	  x5:0xe2e87000  x5=0xe2e875c4
       21909000	       993	800002f8	4301	c.li	x6,0	  x6=0x00000000
       21929000	       994	800002fa	43a5	c.li	x7,9	  x7=0x00000009
       21949000	       995	800002fc	80000437	lui	x8,0x80000	  x8=0x80000000
       22229000	      1009	80000300	f944e4b7	lui	x9,0xf944e	  x9=0xf944e000
       22249000	      1010	80000304	20f48493	addi	x9,x9,527	  x9:0xf944e000  x9=0xf944e20f
       22669000	      1031	80000308	4501	c.li	x10,0	 x10=0x00000000
       22689000	      1032	8000030a	4625	c.li	x12,9	 x12=0x00000009
       22849000	      1040	8000030c	f0c556b7	lui	x13,0xf0c55	 x13=0xf0c55000
       23029000	      1049	80000310	da468693	addi	x13,x13,-604	 x13:0xf0c55000 x13=0xf0c54da4
       23109000	      1053	80000314	fd8fc737	lui	x14,0xfd8fc	 x14=0xfd8fc000
       23129000	      1054	80000318	e7e70713	addi	x14,x14,-386	 x14:0xfd8fc000 x14=0xfd8fbe7e
       23149000	      1055	8000031c	4781	c.li	x15,0	 x15=0x00000000
       23169000	      1056	8000031e	65193837	lui	x16,0x65193	 x16=0x65193000
       23189000	      1057	80000322	5eb80813	addi	x16,x16,1515	 x16:0x65193000 x16=0x651935eb
       23209000	      1058	80000326	4891	c.li	x17,4	 x17=0x00000004
       23289000	      1062	80000328	80000937	lui	x18,0x80000	 x18=0x80000000
       23309000	      1063	8000032c	49a9	c.li	x19,10	 x19=0x0000000a
       23929000	      1094	8000032e	ff2dfa37	lui	x20,0xff2df	 x20=0xff2df000
       23949000	      1095	80000332	586a0a13	addi	x20,x20,1414	 x20:0xff2df000 x20=0xff2df586
       24049000	      1100	80000336	80000ab7	lui	x21,0x80000	 x21=0x80000000
       24069000	      1101	8000033a	fa72bb37	lui	x22,0xfa72b	 x22=0xfa72b000
       24089000	      1102	8000033e	098b0b13	addi	x22,x22,152	 x22:0xfa72b000 x22=0xfa72b098
       24109000	      1103	80000342	4b89	c.li	x23,2	 x23=0x00000002
       24129000	      1104	80000344	4c39	c.li	x24,14	 x24=0x0000000e
       24149000	      1105	80000346	4c81	c.li	x25,0	 x25=0x00000000
       24189000	      1107	80000348	4d01	c.li	x26,0	 x26=0x00000000
       24209000	      1108	8000034a	4db5	c.li	x27,13	 x27=0x0000000d
       24269000	      1111	8000034c	82ec1e37	lui	x28,0x82ec1	 x28=0x82ec1000
       24349000	      1115	80000350	cb0e0e13	addi	x28,x28,-848	 x28:0x82ec1000 x28=0x82ec0cb0
       24749000	      1135	80000354	cac09eb7	lui	x29,0xcac09	 x29=0xcac09000
       24789000	      1137	80000358	9bde8e93	addi	x29,x29,-1603	 x29:0xcac09000 x29=0xcac089bd
       24809000	      1138	8000035c	80000f37	lui	x30,0x80000	 x30=0x80000000
       25229000	      1159	80000360	00022597	auipc	x11,0x22	 x11=0x80022360
       25309000	      1163	80000364	b0458593	addi	x11,x11,-1276	 x11:0x80022360 x11=0x80021e64
       25329000	      1164	80000368	90000537	lui	x10,0x90000	 x10=0x90000000
       25349000	      1165	8000036c	1571	c.addi	x10,-4	 x10:0x90000000 x10=0x8ffffffc
       25369000	      1166	8000036e	4d81	c.li	x27,0	 x27=0x00000000
       25389000	      1167	80000370	0da2	c.slli	x27,0x8	 x27:0x00000000 x27=0x00000000
       25789000	      1187	80000372	000d8d93	addi	x27,x27,0	 x27:0x00000000 x27=0x00000000
       26409000	      1218	80000376	01b52023	sw	x27,0(x10)	 x10:0x8ffffffc x27:0x00000000 PA:0x8ffffffc store:0x00000000 load:0xffffffff
       26429000	      1219	8000037a	0320306f	jal	x0,800033ac	  x0=0x00000000
       27229000	      1259	800033ac	03791733	mulh	x14,x18,x23	 x18:0x80000000 x23:0x00000002 x14=0xffffffff
       27989000	      1297	800033b0	030e47b3	div	x15,x28,x16	 x28:0x82ec0cb0 x16:0x651935eb x15=0xffffffff
       28009000	      1298	800033b4	4192dbb3	sra	x23,x5,x25	  x5:0xe2e875c4 x25:0x00000000 x23=0xe2e875c4
       28749000	      1335	800033b8	031af833	remu	x16,x21,x17	 x21:0x80000000 x17:0x00000004 x16=0x00000000
       28769000	      1336	800033bc	6c6ef793	andi	x15,x29,1734	 x29:0xcac089bd x15=0x00000084
       28789000	      1337	800033c0	fda9fa93	andi	x21,x19,-38	 x19:0x0000000a x21=0x0000000a
       28809000	      1338	800033c4	6e1d	c.lui	x28,0x7	 x28=0x00007000
       28829000	      1339	800033c6	01778ab3	add	x21,x15,x23	 x15:0x00000084 x23:0xe2e875c4 x21=0xe2e87648
       28849000	      1340	800033ca	717d	c.addi16sp	x2,-16	  x2:0xf5e39895  x2=0xf5e39885
       28869000	      1341	800033cc	840d	c.srai	x8,0x3	  x8:0x80000000  x8=0xf0000000
       28889000	      1342	800033ce	8c41	c.or	x8,x8	  x8:0xf0000000  x8:0xf0000000  x8=0xf0000000
       29749000	      1385	800033d0	0224c133	div	x2,x9,x2	  x9:0xf944e20f  x2:0xf5e39885  x2=0x00000000
       29769000	      1386	800033d4	72000113	addi	x2,x0,1824	  x0:0x00000000  x2=0x00000720
       29789000	      1387	800033d8	1e1c	c.addi4spn	x15,x2,816	 x15=0x00000a50
       29809000	      1388	800033da	8c2d	c.xor	x8,x11	  x8:0xf0000000 x11:0x80021e64  x8=0x70021e64
       29829000	      1389	800033dc	f2597d37	lui	x26,0xf2597	 x26=0xf2597000
       29849000	      1390	800033e0	01ef5433	srl	x8,x30,x30	 x30:0x80000000 x30:0x80000000  x8=0x80000000
       29889000	      1392	800033e4	03591133	mulh	x2,x18,x21	 x18:0x80000000 x21:0xe2e87648  x2=0x0e8bc4dc
       30389000	      1417	800033e8	02e47e63	bgeu	x8,x14,80003424	  x8:0x80000000 x14:0xffffffff
       30409000	      1418	800033ec	0104a933	slt	x18,x9,x16	  x9:0xf944e20f x16:0x00000000 x18=0x00000001
       30429000	      1419	800033f0	40600733	sub	x14,x0,x6	  x0:0x00000000  x6:0x00000000 x14=0x00000000
       30469000	      1421	800033f4	854e	c.mv	x10,x19	  x0:0x00000000 x19:0x0000000a x10=0x0000000a
       30489000	      1422	800033f6	00ef5c33	srl	x24,x30,x14	 x30:0x80000000 x14:0x00000000 x24=0x80000000
       30689000	      1432	800033fa	01f563b3	or	x7,x10,x31	 x10:0x0000000a x31:0x80025ce4  x7=0x80025cee
       30729000	      1434	800033fe	0346bb33	mulhu	x22,x13,x20	 x13:0xf0c54da4 x20:0xff2df586 x22=0xefffc1ef
       30749000	      1435	80003402	80e5	c.srli	x9,0x19	  x9:0xf944e20f  x9=0x0000007c
       30849000	      1440	80003404	c299	c.beqz	x13,8000340a	 x13:0xf0c54da4
       30869000	      1441	80003406	0281c763	blt	x3,x8,80003434	  x3:0x00000000  x8:0x80000000
       31089000	      1452	8000340a	02367f33	remu	x30,x12,x3	 x12:0x00000009  x3:0x00000000 x30=0x00000009
       31109000	      1453	8000340e	9506	c.add	x10,x1	 x10:0x0000000a  x1:0x7327cba0 x10=0x7327cbaa
       31169000	      1456	80003410	84d1	c.srai	x9,0x14	  x9:0x0000007c  x9=0x00000000
       31189000	      1457	80003412	127d	c.addi	x4,-1	  x4:0x6511abba  x4=0x6511abb9
       31329000	      1464	80003414	0000100f	fence.i	
       31849000	      1490	80003418	8095	c.srli	x9,0x5	  x9:0x00000000  x9=0x00000000
       31869000	      1491	8000341a	e805	c.bnez	x8,8000344a	  x8:0x80000000
       32709000	      1533	8000344a	0000100f	fence.i	
       33429000	      1569	8000344e	1dcc8713	addi	x14,x25,476	 x25:0x00000000 x14=0x000001dc
       33789000	      1587	80003452	02d813b3	mulh	x7,x16,x13	 x16:0x00000000 x13:0xf0c54da4  x7=0x00000000
       34189000	      1607	80003456	01c3d663	bge	x7,x28,80003462	  x7:0x00000000 x28:0x00007000
       34209000	      1608	8000345a	407f0ab3	sub	x21,x30,x7	 x30:0x00000009  x7:0x00000000 x21=0x00000009
       34289000	      1612	8000345e	03ffa4b3	mulhsu	x9,x31,x31	 x31:0x80025ce4 x31:0x80025ce4  x9=0xc0000005
       34309000	      1613	80003462	8041	c.srli	x8,0x10	  x8:0x80000000  x8=0x00008000
       34689000	      1632	80003464	02279a33	mulh	x20,x15,x2	 x15:0x00000a50  x2:0x0e8bc4dc x20=0x00000096
       35569000	      1676	80003468	03c65633	divu	x12,x12,x28	 x12:0x00000009 x28:0x00007000 x12=0x00000000
       35589000	      1677	8000346c	c2b88637	lui	x12,0xc2b88	 x12=0xc2b88000
       35629000	      1679	80003470	030ca233	mulhsu	x4,x25,x16	 x25:0x00000000 x16:0x00000000  x4=0x00000000
       35649000	      1680	80003474	0064fdb3	and	x27,x9,x6	  x9:0xc0000005  x6:0x00000000 x27=0x00000000
       35669000	      1681	80003478	0001	c.addi	x0,0	  x0:0x00000000  x0=0x00000000
       35689000	      1682	8000347a	5ba1aa13	slti	x20,x3,1466	  x3:0x00000000 x20=0x00000001
       35709000	      1683	8000347e	9bfd	c.andi	x15,-1	 x15:0x00000a50 x15=0x00000a50
       35849000	      1690	80003480	006c73b3	and	x7,x24,x6	 x24:0x80000000  x6:0x00000000  x7=0x00000000
       35869000	      1691	80003484	01f85e63	bge	x16,x31,800034a0	 x16:0x00000000 x31:0x80025ce4
       36449000	      1720	800034a0	40ee53b3	sra	x7,x28,x14	 x28:0x00007000 x14:0x000001dc  x7=0x00000000
       37189000	      1757	800034a4	03fbe1b3	rem	x3,x23,x31	 x23:0xe2e875c4 x31:0x80025ce4  x3=0xe2e875c4
       37209000	      1758	800034a8	0001	c.addi	x0,0	  x0:0x00000000  x0=0x00000000
       37229000	      1759	800034aa	0d6fed13	ori	x26,x31,214	 x31:0x80025ce4 x26=0x80025cf6
       37249000	      1760	800034ae	41b35393	srai	x7,x6,0x1b	  x6:0x00000000  x7=0x00000000
       37269000	      1761	800034b2	6581ec97	auipc	x25,0x6581e	 x25=0xe58214b2
       37289000	      1762	800034b6	00005297	auipc	x5,0x5	  x5=0x800084b6
       37309000	      1763	800034ba	f9228293	addi	x5,x5,-110	  x5:0x800084b6  x5=0x80008448
       37329000	      1764	800034be	987d	c.andi	x8,-1	  x8:0x00008000  x8=0x00008000
       37349000	      1765	800034c0	8c25	c.xor	x8,x9	  x8:0x00008000  x9:0xc0000005  x8=0xc0008005
       37409000	      1768	800034c2	f8928293	addi	x5,x5,-119	  x5:0x80008448  x5=0x800083d1
       37449000	      1770	800034c6	02e6a733	mulhsu	x14,x13,x14	 x13:0xf0c54da4 x14:0x000001dc x14=0xffffffe3
       37469000	      1771	800034ca	000c08b3	add	x17,x24,x0	 x24:0x80000000  x0:0x00000000 x17=0x80000000
       37789000	      1787	800034ce	033e30b3	mulhu	x1,x28,x19	 x28:0x00007000 x19:0x0000000a  x1=0x00000000
       37909000	      1793	800034d2	0219d1b3	divu	x3,x19,x1	 x19:0x0000000a  x1:0x00000000  x3=0xffffffff
       37929000	      1794	800034d6	00290d33	add	x26,x18,x2	 x18:0x00000001  x2:0x0e8bc4dc x26=0x0e8bc4dd
       37949000	      1795	800034da	078286e7	jalr	x13,120(x5)	  x5:0x800083d1 x13=0x800034de
       38229000	      1809	80008448	e119	c.bnez	x10,8000844e	 x10:0x7327cbaa
       41809000	      1988	8000844e	15d1	c.addi	x11,-12	 x11:0x80021e64 x11=0x80021e58
       41829000	      1989	80008450	00904933	xor	x18,x0,x9	  x0:0x00000000  x9:0xc0000005 x18=0xc0000005
       41849000	      1990	80008454	00f12533	slt	x10,x2,x15	  x2:0x0e8bc4dc x15:0x00000a50 x10=0x00000000
       41909000	      1993	80008458	c1d4	c.sw	x13,4(x11)	 x11:0x80021e58 x13:0x800034de PA:0x80021e5c store:0x800034de load:0xffffffff
       41929000	      1994	8000845a	41160233	sub	x4,x12,x17	 x12:0xc2b88000 x17:0x80000000  x4=0x42b88000
       41949000	      1995	8000845e	00c47463	bgeu	x8,x12,80008466	  x8:0xc0008005 x12:0xc2b88000
       41989000	      1997	80008462	41568c33	sub	x24,x13,x21	 x13:0x800034de x21:0x00000009 x24=0x800034d5
       42009000	      1998	80008466	cb99	c.beqz	x15,8000847c	 x15:0x00000a50
       42289000	      2012	80008468	402ed533	sra	x10,x29,x2	 x29:0xcac089bd  x2:0x0e8bc4dc x10=0xfffffffc
       42729000	      2034	8000846c	02a719b3	mulh	x19,x14,x10	 x14:0xffffffe3 x10:0xfffffffc x19=0x00000000
       42749000	      2035	80008470	8389	c.srli	x15,0x2	 x15:0x00000a50 x15=0x00000294
       42969000	      2046	80008472	000f1993	slli	x19,x30,0x0	 x30:0x00000009 x19=0x00000009
       42989000	      2047	80008476	8d55	c.or	x10,x13	 x10:0xfffffffc x13:0x800034de x10=0xfffffffe
       43069000	      2051	80008478	0ff0000f	fence	iorw,iorw	
       43309000	      2063	8000847c	03442eb3	mulhsu	x29,x8,x20	  x8:0xc0008005 x20:0x00000001 x29=0xffffffff
       43409000	      2068	80008480	004d5d93	srli	x27,x26,0x4	 x26:0x0e8bc4dd x27=0x00e8bc4d
       43509000	      2073	80008484	41030db3	sub	x27,x6,x16	  x6:0x00000000 x16:0x00000000 x27=0x00000000
       43569000	      2076	80008488	50fd	c.li	x1,-1	  x1=0xffffffff
       43629000	      2079	8000848a	01823533	sltu	x10,x4,x24	  x4:0x42b88000 x24:0x800034d5 x10=0x00000001
       43649000	      2080	8000848e	d2bbc113	xori	x2,x23,-725	 x23:0xe2e875c4  x2=0x1d1788ef
       43669000	      2081	80008492	8f05	c.sub	x14,x9	 x14:0xffffffe3  x9:0xc0000005 x14=0x3fffffde
       43809000	      2088	80008494	0000100f	fence.i	
       44269000	      2111	80008498	b20ee517	auipc	x10,0xb20ee	 x10=0x320f6498
       44549000	      2125	8000849c	01250b63	beq	x10,x18,800084b2	 x10:0x320f6498 x18:0xc0000005
       44569000	      2126	800084a0	037c4763	blt	x24,x23,800084ce	 x24:0x800034d5 x23:0xe2e875c4
       45169000	      2156	800084ce	717d	c.addi16sp	x2,-16	  x2:0x1d1788ef  x2=0x1d1788df
       45189000	      2157	800084d0	c31d	c.beqz	x14,800084f6	 x14:0x3fffffde
       45249000	      2160	800084d2	e16ff913	andi	x18,x31,-490	 x31:0x80025ce4 x18=0x80025c04
       45989000	      2197	800084d6	0218e733	rem	x14,x17,x1	 x17:0x80000000  x1:0xffffffff x14=0x00000000
       46009000	      2198	800084da	00a44e33	xor	x28,x8,x10	  x8:0xc0008005 x10:0x320f6498 x28=0xf20fe49d
       46029000	      2199	800084de	011d2e33	slt	x28,x26,x17	 x26:0x0e8bc4dd x17:0x80000000 x28=0x00000000
       46049000	      2200	800084e2	02f7ed63	bltu	x15,x15,8000851c	 x15:0x00000294 x15:0x00000294
       46069000	      2201	800084e6	83b1	c.srli	x15,0xc	 x15:0x00000294 x15=0x00000000
       46089000	      2202	800084e8	197d	c.addi	x18,-1	 x18:0x80025c04 x18=0x80025c03
       46109000	      2203	800084ea	8d49	c.or	x10,x10	 x10:0x320f6498 x10:0x320f6498 x10=0x320f6498
       46129000	      2204	800084ec	717d	c.addi16sp	x2,-16	  x2:0x1d1788df  x2=0x1d1788cf
       46149000	      2205	800084ee	8239	c.srli	x12,0xe	 x12:0xc2b88000 x12=0x00030ae2
       46169000	      2206	800084f0	00449a63	bne	x9,x4,80008504	  x9:0xc0000005  x4:0x42b88000
       46229000	      2209	80008504	8cb9	c.xor	x9,x14	  x9:0xc0000005 x14:0x00000000  x9=0xc0000005
       46249000	      2210	80008506	0001	c.addi	x0,0	  x0:0x00000000  x0=0x00000000
       46269000	      2211	80008508	01fe4a63	blt	x28,x31,8000851c	 x28:0x00000000 x31:0x80025ce4
       46289000	      2212	8000850c	000d9d93	slli	x27,x27,0x0	 x27:0x00000000 x27=0x00000000
       46469000	      2221	80008510	01226133	or	x2,x4,x18	  x4:0x42b88000 x18:0x80025c03  x2=0xc2badc03
       46489000	      2222	80008514	0001	c.addi	x0,0	  x0:0x00000000  x0=0x00000000
       46509000	      2223	80008516	0ff0000f	fence	iorw,iorw	
       46529000	      2224	8000851a	8fe1	c.and	x15,x8	 x15:0x00000000  x8:0xc0008005 x15=0x00000000
       46549000	      2225	8000851c	07c1	c.addi	x15,16	 x15:0x00000000 x15=0x00000010
       46569000	      2226	8000851e	fb7b4437	lui	x8,0xfb7b4	  x8=0xfb7b4000
       46589000	      2227	80008522	8f95	c.sub	x15,x13	 x15:0x00000010 x13:0x800034de x15=0x7fffcb32
       46609000	      2228	80008524	8015	c.srli	x8,0x5	  x8:0xfb7b4000  x8=0x07dbda00
       46629000	      2229	80008526	01535713	srli	x14,x6,0x15	  x6:0x00000000 x14=0x00000000
       46809000	      2238	8000852a	41f2dbb3	sra	x23,x5,x31	  x5:0x800083d1 x31:0x80025ce4 x23=0xf800083d
       46829000	      2239	8000852e	02030463	beq	x6,x0,80008556	  x6:0x00000000  x0:0x00000000
       48149000	      2305	80008556	69e80493	addi	x9,x16,1694	 x16:0x00000000  x9=0x0000069e
       48169000	      2306	8000855a	0001	c.addi	x0,0	  x0:0x00000000  x0=0x00000000
       48189000	      2307	8000855c	01144633	xor	x12,x8,x17	  x8:0x07dbda00 x17:0x80000000 x12=0x87dbda00
       48209000	      2308	80008560	40be57b3	sra	x15,x28,x11	 x28:0x00000000 x11:0x80021e58 x15=0x00000000
       48409000	      2318	80008564	407c8cb3	sub	x25,x25,x7	 x25:0xe58214b2  x7:0x00000000 x25=0xe58214b2
       48789000	      2337	80008568	1b240213	addi	x4,x8,434	  x8:0x07dbda00  x4=0x07dbdbb2
       48809000	      2338	8000856c	1e84	c.addi4spn	x9,x2,880	  x9=0xc2badf73
       48829000	      2339	8000856e	41a1dc93	srai	x25,x3,0x1a	  x3:0xffffffff x25=0xffffffff
       48869000	      2341	80008572	01fede33	srl	x28,x29,x31	 x29:0xffffffff x31:0x80025ce4 x28=0x0fffffff
       48889000	      2342	80008576	008bedb3	or	x27,x23,x8	 x23:0xf800083d  x8:0x07dbda00 x27=0xffdbda3d
       48989000	      2347	8000857a	01455693	srli	x13,x10,0x14	 x10:0x320f6498 x13=0x00000320
       49029000	      2349	8000857e	02de1db3	mulh	x27,x28,x13	 x28:0x0fffffff x13:0x00000320 x27=0x00000031
       49289000	      2362	80008582	5b513013	sltiu	x0,x2,1461	  x2:0xc2badc03  x0=0x00000000
       49309000	      2363	80008586	8ea9	c.xor	x13,x10	 x13:0x00000320 x10:0x320f6498 x13=0x320f67b8
       49329000	      2364	80008588	05b65063	bge	x12,x27,800085c8	 x12:0x87dbda00 x27:0x00000031
       49369000	      2366	8000858c	02b5f763	bgeu	x11,x11,800085ba	 x11:0x80021e58 x11:0x80021e58
       49729000	      2384	800085ba	0149cb63	blt	x19,x20,800085d0	 x19:0x00000009 x20:0x00000001
       49749000	      2385	800085be	00c79693	slli	x13,x15,0xc	 x15:0x00000000 x13=0x00000000
       49769000	      2386	800085c2	8f95	c.sub	x15,x13	 x15:0x00000000 x13:0x00000000 x15=0x00000000
       49789000	      2387	800085c4	03005b63	bge	x0,x16,800085fa	  x0:0x00000000 x16:0x00000000
       50369000	      2416	800085fa	0204f863	bgeu	x9,x0,8000862a	  x9:0xc2badf73  x0:0x00000000
       50889000	      2442	8000862a	003c1963	bne	x24,x3,8000863c	 x24:0x800034d5  x3:0xffffffff
       51369000	      2466	8000863c	ea11	c.bnez	x12,80008650	 x12:0x87dbda00
       52069000	      2501	80008650	0ff0000f	fence	iorw,iorw	
       52269000	      2511	80008654	8ee5	c.and	x13,x9	 x13:0x00000000  x9:0xc2badf73 x13=0x00000000
       52289000	      2512	80008656	8761	c.srai	x14,0x18	 x14:0x00000000 x14=0x00000000
       52329000	      2514	80008658	0174c3b3	xor	x7,x9,x23	  x9:0xc2badf73 x23:0xf800083d  x7=0x3abad74e
       52409000	      2518	8000865c	8efb2913	slti	x18,x22,-1809	 x22:0xefffc1ef x18=0x00000001
       53149000	      2555	80008660	03e9f7b3	remu	x15,x19,x30	 x19:0x00000009 x30:0x00000009 x15=0x00000000
       53169000	      2556	80008664	8c75	c.and	x8,x13	  x8:0x07dbda00 x13:0x00000000  x8=0x00000000
       53189000	      2557	80008666	8cc9	c.or	x9,x10	  x9:0xc2badf73 x10:0x320f6498  x9=0xf2bffffb
       53209000	      2558	80008668	8c41	c.or	x8,x8	  x8:0x00000000  x8:0x00000000  x8=0x00000000
       53229000	      2559	8000866a	03f80563	beq	x16,x31,80008694	 x16:0x00000000 x31:0x80025ce4
       53249000	      2560	8000866e	d140ab93	slti	x23,x1,-748	  x1:0xffffffff x23=0x00000000
       53989000	      2597	80008672	0362e433	rem	x8,x5,x22	  x5:0x800083d1 x22:0xefffc1ef  x8=0xf0023648
       54029000	      2599	80008676	037592b3	mulh	x5,x11,x23	 x11:0x80021e58 x23:0x00000000  x5=0x00000000
       54069000	      2601	8000867a	02f0bdb3	mulhu	x27,x1,x15	  x1:0xffffffff x15:0x00000000 x27=0x00000000
       54089000	      2602	8000867e	930ba713	slti	x14,x23,-1744	 x23:0x00000000 x14=0x00000000
       54109000	      2603	80008682	005c5413	srli	x8,x24,0x5	 x24:0x800034d5  x8=0x040001a6
       54129000	      2604	80008686	8da0fdb7	lui	x27,0x8da0f	 x27=0x8da0f000
       54149000	      2605	8000868a	6439	c.lui	x8,0xe	  x8=0x0000e000
       54169000	      2606	8000868c	40e75c13	srai	x24,x14,0xe	 x14:0x00000000 x24=0x00000000
       54569000	      2626	80008690	01bcca63	blt	x25,x27,800086a4	 x25:0xffffffff x27:0x8da0f000
       54589000	      2627	80008694	024c0bb3	mul	x23,x24,x4	 x24:0x00000000  x4:0x07dbdbb2 x23=0x00000000
       54609000	      2628	80008698	8ca5	c.xor	x9,x9	  x9:0xf2bffffb  x9:0xf2bffffb  x9=0x00000000
       54729000	      2634	8000869a	0384de33	divu	x28,x9,x24	  x9:0x00000000 x24:0x00000000 x28=0xffffffff
       54749000	      2635	8000869e	0ff0000f	fence	iorw,iorw	
       54769000	      2636	800086a2	6d11	c.lui	x26,0x4	 x26=0x00004000
       54789000	      2637	800086a4	9e8a	c.add	x29,x2	 x29:0xffffffff  x2:0xc2badc03 x29=0xc2badc02
       55189000	      2657	800086a6	023221b3	mulhsu	x3,x4,x3	  x4:0x07dbdbb2  x3:0xffffffff  x3=0x07dbdbb1
       55209000	      2658	800086aa	02b90eb3	mul	x29,x18,x11	 x18:0x00000001 x11:0x80021e58 x29=0x80021e58
       55949000	      2695	800086ae	02366db3	rem	x27,x12,x3	 x12:0x87dbda00  x3:0x07dbdbb1 x27=0xfdbdb95f
       55969000	      2696	800086b2	01079cb3	sll	x25,x15,x16	 x15:0x00000000 x16:0x00000000 x25=0x00000000
       55989000	      2697	800086b6	d035e413	ori	x8,x11,-765	 x11:0x80021e58  x8=0xffffff5b
       56009000	      2698	800086ba	8e95	c.sub	x13,x13	 x13:0x00000000 x13:0x00000000 x13=0x00000000
       56029000	      2699	800086bc	8b86	c.mv	x23,x1	  x0:0x00000000  x1:0xffffffff x23=0xffffffff
       56049000	      2700	800086be	8f99	c.sub	x15,x14	 x15:0x00000000 x14:0x00000000 x15=0x00000000
       56089000	      2702	800086c0	02dadd33	divu	x26,x21,x13	 x21:0x00000009 x13:0x00000000 x26=0xffffffff
       56129000	      2704	800086c4	024bacb3	mulhsu	x25,x23,x4	 x23:0xffffffff  x4:0x07dbdbb2 x25=0xffffffff
       56249000	      2710	800086c8	01534a63	blt	x6,x21,800086dc	  x6:0x00000000 x21:0x00000009
       57109000	      2753	800086dc	416a5c13	srai	x24,x20,0x16	 x20:0x00000001 x24=0x00000000
       57609000	      2778	800086e0	00a426b3	slt	x13,x8,x10	  x8:0xffffff5b x10:0x320f6498 x13=0x00000001
       57949000	      2795	800086e4	02c72833	mulhsu	x16,x14,x12	 x14:0x00000000 x12:0x87dbda00 x16=0x00000000
       57989000	      2797	800086e8	4225	c.li	x4,9	  x4=0x00000009
       58069000	      2801	800086ea	4ef02217	auipc	x4,0x4ef02	  x4=0xcef0a6ea
       58089000	      2802	800086ee	717d	c.addi16sp	x2,-16	  x2:0xc2badc03  x2=0xc2badbf3
       58249000	      2810	800086f0	0001	c.addi	x0,0	  x0:0x00000000  x0=0x00000000
       58269000	      2811	800086f2	852e	c.mv	x10,x11	  x0:0x00000000 x11:0x80021e58 x10=0x80021e58
       58289000	      2812	800086f4	0142d463	bge	x5,x20,800086fc	  x5:0x00000000 x20:0x00000001
       58469000	      2821	800086f8	0064f463	bgeu	x9,x6,80008700	  x9:0x00000000  x6:0x00000000
       59189000	      2857	80008700	676f52b7	lui	x5,0x676f5	  x5=0x676f5000
       59209000	      2858	80008704	3aa0b993	sltiu	x19,x1,938	  x1:0xffffffff x19=0x00000000
       59329000	      2864	80008708	01624eb3	xor	x29,x4,x22	  x4:0xcef0a6ea x22:0xefffc1ef x29=0x210f6705
       59449000	      2870	8000870c	03b4f463	bgeu	x9,x27,80008734	  x9:0x00000000 x27:0xfdbdb95f
       59469000	      2871	80008710	9ead8513	addi	x10,x27,-1558	 x27:0xfdbdb95f x10=0xfdbdb349
       59489000	      2872	80008714	03620433	mul	x8,x4,x22	  x4:0xcef0a6ea x22:0xefffc1ef  x8=0x59983e76
       59909000	      2893	80008718	92a6	c.add	x5,x9	  x5:0x676f5000  x9:0x00000000  x5=0x676f5000
       60109000	      2903	8000871a	01bdea63	bltu	x27,x27,8000872e	 x27:0xfdbdb95f x27:0xfdbdb95f
       60129000	      2904	8000871e	0c12	c.slli	x24,0x4	 x24:0x00000000 x24=0x00000000
       60529000	      2924	80008720	47853a93	sltiu	x21,x10,1144	 x10:0xfdbdb349 x21=0x00000000
       60549000	      2925	80008724	8c81	c.sub	x9,x8	  x9:0x00000000  x8:0x59983e76  x9=0xa667c18a
       60969000	      2946	80008726	0000100f	fence.i	
       61309000	      2963	8000872a	0077c133	xor	x2,x15,x7	 x15:0x00000000  x7:0x3abad74e  x2=0x3abad74e
       61709000	      2983	8000872e	0000100f	fence.i	
       62009000	      2998	80008732	0001	c.addi	x0,0	  x0:0x00000000  x0=0x00000000
       62029000	      2999	80008734	0000100f	fence.i	
       62369000	      3016	80008738	015379b3	and	x19,x6,x21	  x6:0x00000000 x21:0x00000000 x19=0x00000000
       62569000	      3026	8000873c	01dea233	slt	x4,x29,x29	 x29:0x210f6705 x29:0x210f6705  x4=0x00000000
       62709000	      3033	80008740	9b7d	c.andi	x14,-1	 x14:0x00000000 x14=0x00000000
       62729000	      3034	80008742	8686	c.mv	x13,x1	  x0:0x00000000  x1:0xffffffff x13=0xffffffff
       62869000	      3041	80008744	0ff0000f	fence	iorw,iorw	
       62889000	      3042	80008748	ea95	c.bnez	x13,8000877c	 x13:0xffffffff
       63509000	      3073	8000877c	968e	c.add	x13,x3	 x13:0xffffffff  x3:0x07dbdbb1 x13=0x07dbdbb0
       63529000	      3074	8000877e	8e2e	c.mv	x28,x11	  x0:0x00000000 x11:0x80021e58 x28=0x80021e58
       63569000	      3076	80008780	717d	c.addi16sp	x2,-16	  x2:0x3abad74e  x2=0x3abad73e
       63589000	      3077	80008782	8e6d	c.and	x12,x11	 x12:0x87dbda00 x11:0x80021e58 x12=0x80021a00
       63609000	      3078	80008784	40808733	sub	x14,x1,x8	  x1:0xffffffff  x8:0x59983e76 x14=0xa667c189
       64349000	      3115	80008788	02744133	div	x2,x8,x7	  x8:0x59983e76  x7:0x3abad74e  x2=0x00000001
       64369000	      3116	8000878c	0119d613	srli	x12,x19,0x11	 x19:0x00000000 x12=0x00000000
       64389000	      3117	80008790	01607433	and	x8,x0,x22	  x0:0x00000000 x22:0xefffc1ef  x8=0x00000000
       64409000	      3118	80008794	0001	c.addi	x0,0	  x0:0x00000000  x0=0x00000000
       64429000	      3119	80008796	6e5d	c.lui	x28,0x17	 x28=0x00017000
       65169000	      3156	80008798	03f55433	divu	x8,x10,x31	 x10:0xfdbdb349 x31:0x80025ce4  x8=0x00000001
       65189000	      3157	8000879c	615d	c.addi16sp	x2,432	  x2:0x00000001  x2=0x000001b1
       65229000	      3159	8000879e	027396b3	mulh	x13,x7,x7	  x7:0x3abad74e  x7:0x3abad74e x13=0x0d7931ec
       65249000	      3160	800087a2	01b04a63	blt	x0,x27,800087b6	  x0:0x00000000 x27:0xfdbdb95f
       65269000	      3161	800087a6	4ebd	c.li	x29,15	 x29=0x0000000f
       65289000	      3162	800087a8	01dd	c.addi	x3,23	  x3:0x07dbdbb1  x3=0x07dbdbc8
       65309000	      3163	800087aa	0167d193	srli	x3,x15,0x16	 x15:0x00000000  x3=0x00000000
       65329000	      3164	800087ae	1f77f913	andi	x18,x15,503	 x15:0x00000000 x18=0x00000000
       65349000	      3165	800087b2	4a0eb193	sltiu	x3,x29,1184	 x29:0x0000000f  x3=0x00000001
       65369000	      3166	800087b6	011c6263	bltu	x24,x17,800087ba	 x24:0x00000000 x17:0x80000000
       65989000	      3197	800087ba	8ec1	c.or	x13,x8	 x13:0x0d7931ec  x8:0x00000001 x13=0x0d7931ed
       66009000	      3198	800087bc	40a7d893	srai	x17,x15,0xa	 x15:0x00000000 x17=0x00000000
       66129000	      3204	800087c0	016f7a63	bgeu	x30,x22,800087d4	 x30:0x00000009 x22:0xefffc1ef
       66149000	      3205	800087c4	02b84863	blt	x16,x11,800087f4	 x16:0x00000000 x11:0x80021e58
       66169000	      3206	800087c8	40f60433	sub	x8,x12,x15	 x12:0x00000000 x15:0x00000000  x8=0x00000000
       66369000	      3216	800087cc	033dd8b3	divu	x17,x27,x19	 x27:0xfdbdb95f x19:0x00000000 x17=0xffffffff
       66509000	      3223	800087d0	8ccd	c.or	x9,x11	  x9:0xa667c18a x11:0x80021e58  x9=0xa667dfda
       66529000	      3224	800087d2	9b72	c.add	x22,x28	 x22:0xefffc1ef x28:0x00017000 x22=0xf00131ef
       66649000	      3230	800087d4	8eed	c.and	x13,x11	 x13:0x0d7931ed x11:0x80021e58 x13=0x00001048
       66669000	      3231	800087d6	9a12	c.add	x20,x4	 x20:0x00000001  x4:0x00000000 x20=0x00000001
       66689000	      3232	800087d8	80e1	c.srli	x9,0x18	  x9:0xa667dfda  x9=0x000000a6
       66729000	      3234	800087da	0247cf33	div	x30,x15,x4	 x15:0x00000000  x4:0x00000000 x30=0xffffffff
       66749000	      3235	800087de	6c0d	c.lui	x24,0x3	 x24=0x00003000
       66789000	      3237	800087e0	313f7193	andi	x3,x30,787	 x30:0xffffffff  x3=0x00000313
       66809000	      3238	800087e4	0001	c.addi	x0,0	  x0:0x00000000  x0=0x00000000
       66829000	      3239	800087e6	0539	c.addi	x10,14	 x10:0xfdbdb349 x10=0xfdbdb357
       66969000	      3246	800087e8	0ff0000f	fence	iorw,iorw	
       67069000	      3251	800087ec	02502e37	lui	x28,0x2502	 x28=0x02502000
       67509000	      3273	800087f0	0262e533	rem	x10,x5,x6	  x5:0x676f5000  x6:0x00000000 x10=0x676f5000
       67529000	      3274	800087f4	02d9d463	bge	x19,x13,8000881c	 x19:0x00000000 x13:0x00001048
       67549000	      3275	800087f8	56fd	c.li	x13,-1	 x13=0xffffffff
       67569000	      3276	800087fa	00f91633	sll	x12,x18,x15	 x18:0x00000000 x15:0x00000000 x12=0x00000000
       67589000	      3277	800087fe	8311	c.srli	x14,0x4	 x14:0xa667c189 x14=0x0a667c18
       67609000	      3278	80008800	009957b3	srl	x15,x18,x9	 x18:0x00000000  x9:0x000000a6 x15=0x00000000
       67629000	      3279	80008804	51fd	c.li	x3,-1	  x3=0xffffffff
       67649000	      3280	80008806	0039e233	or	x4,x19,x3	 x19:0x00000000  x3:0xffffffff  x4=0xffffffff
       67729000	      3284	8000880a	ff262d13	slti	x26,x12,-14	 x12:0x00000000 x26=0x00000000
       67749000	      3285	8000880e	9cd2	c.add	x25,x20	 x25:0xffffffff x20:0x00000001 x25=0x00000000
       67769000	      3286	80008810	0000100f	fence.i	
       68749000	      3335	80008814	042ad163	bge	x21,x2,80008856	 x21:0x00000000  x2:0x000001b1
       68769000	      3336	80008818	ace90393	addi	x7,x18,-1330	 x18:0x00000000  x7=0xffffface
       68829000	      3339	8000881c	051be463	bltu	x23,x17,80008864	 x23:0xffffffff x17:0xffffffff
       68849000	      3340	80008820	8c3d	c.xor	x8,x15	  x8:0x00000000 x15:0x00000000  x8=0x00000000
       69269000	      3361	80008822	00d61c93	slli	x25,x12,0xd	 x12:0x00000000 x25=0x00000000
       69289000	      3362	80008826	00de59b3	srl	x19,x28,x13	 x28:0x02502000 x13:0xffffffff x19=0x00000000
       69309000	      3363	8000882a	02628533	mul	x10,x5,x6	  x5:0x676f5000  x6:0x00000000 x10=0x00000000
       69409000	      3368	8000882e	01ee5633	srl	x12,x28,x30	 x28:0x02502000 x30:0xffffffff x12=0x00000000
       69429000	      3369	80008832	8fe1	c.and	x15,x8	 x15:0x00000000  x8:0x00000000 x15=0x00000000
       69449000	      3370	80008834	0133ee33	or	x28,x7,x19	  x7:0xffffface x19:0x00000000 x28=0xffffface
       69469000	      3371	80008838	8f89	c.sub	x15,x10	 x15:0x00000000 x10:0x00000000 x15=0x00000000
       69489000	      3372	8000883a	008bebb3	or	x23,x23,x8	 x23:0xffffffff  x8:0x00000000 x23=0xffffffff
       70609000	      3428	8000883e	02344433	div	x8,x8,x3	  x8:0x00000000  x3:0xffffffff  x8=0x00000000
       70629000	      3429	80008842	ddd70a13	addi	x20,x14,-547	 x14:0x0a667c18 x20=0x0a6679f5
       70649000	      3430	80008846	02a98a33	mul	x20,x19,x10	 x19:0x00000000 x10:0x00000000 x20=0x00000000
       70669000	      3431	8000884a	00c3bc33	sltu	x24,x7,x12	  x7:0xffffface x12:0x00000000 x24=0x00000000
       70689000	      3432	8000884e	328ab613	sltiu	x12,x21,808	 x21:0x00000000 x12=0x00000001
       70709000	      3433	80008852	01c15e33	srl	x28,x2,x28	  x2:0x000001b1 x28:0xffffface x28=0x00000000
       70929000	      3444	80008856	007982b3	add	x5,x19,x7	 x19:0x00000000  x7:0xffffface  x5=0xffffface
       70949000	      3445	8000885a	8c95	c.sub	x9,x13	  x9:0x000000a6 x13:0xffffffff  x9=0x000000a7
       70969000	      3446	8000885c	01ed47b3	xor	x15,x26,x30	 x26:0x00000000 x30:0xffffffff x15=0xffffffff
       70989000	      3447	80008860	63cf7793	andi	x15,x30,1596	 x30:0xffffffff x15=0x0000063c
       71009000	      3448	80008864	0471d163	bge	x3,x7,800088a6	  x3:0xffffffff  x7:0xffffface
       80849000	      3940	800088a6	20368e93	addi	x29,x13,515	 x13:0xffffffff x29=0x00000202
       81589000	      3977	800088aa	02f6ed33	rem	x26,x13,x15	 x13:0xffffffff x15:0x0000063c x26=0xffffffff
       81609000	      3978	800088ae	03e48c63	beq	x9,x30,800088e6	  x9:0x000000a7 x30:0xffffffff
       81629000	      3979	800088b2	014daeb3	slt	x29,x27,x20	 x27:0xfdbdb95f x20:0x00000000 x29=0x00000001
       81649000	      3980	800088b6	01bba933	slt	x18,x23,x27	 x23:0xffffffff x27:0xfdbdb95f x18=0x00000000
       81669000	      3981	800088ba	0eda	c.slli	x29,0x16	 x29:0x00000001 x29=0x00400000
       81689000	      3982	800088bc	922e	c.add	x4,x11	  x4:0xffffffff x11:0x80021e58  x4=0x80021e57
       81709000	      3983	800088be	01b59263	bne	x11,x27,800088c2	 x11:0x80021e58 x27:0xfdbdb95f
       81749000	      3985	800088c2	84fa	c.mv	x9,x30	  x0:0x00000000 x30:0xffffffff  x9=0xffffffff
       81769000	      3986	800088c4	0d88	c.addi4spn	x10,x2,720	 x10=0x00000481
       81789000	      3987	800088c6	9c8a	c.add	x25,x2	 x25:0x00000000  x2:0x000001b1 x25=0x000001b1
       81869000	      3991	800088c8	0301bbb3	mulhu	x23,x3,x16	  x3:0xffffffff x16:0x00000000 x23=0x00000000
       82169000	      4006	800088cc	0c94	c.addi4spn	x13,x2,592	 x13=0x00000401
       82189000	      4007	800088ce	01b85013	srli	x0,x16,0x1b	 x16:0x00000000  x0=0x00000000
       82309000	      4013	800088d2	02b48bb3	mul	x23,x9,x11	  x9:0xffffffff x11:0x80021e58 x23=0x7ffde1a8
       82329000	      4014	800088d6	036bd763	bge	x23,x22,80008904	 x23:0x7ffde1a8 x22:0xf00131ef
       82969000	      4046	80008904	8c39	c.xor	x8,x14	  x8:0x00000000 x14:0x0a667c18  x8=0x0a667c18
       82989000	      4047	80008906	cd1d	c.beqz	x10,80008944	 x10:0x00000481
       83009000	      4048	80008908	0001	c.addi	x0,0	  x0:0x00000000  x0=0x00000000
       83029000	      4049	8000890a	0c1c	c.addi4spn	x15,x2,528	 x15=0x000003c1
       83049000	      4050	8000890c	a2077b37	lui	x22,0xa2077	 x22=0xa2077000
       83169000	      4056	80008910	0ff0000f	fence	iorw,iorw	
       83189000	      4057	80008914	004d1013	slli	x0,x26,0x4	 x26:0xffffffff  x0=0x00000000
       83369000	      4066	80008918	03d02533	mulhsu	x10,x0,x29	  x0:0x00000000 x29:0x00400000 x10=0x00000000
       83449000	      4070	8000891c	cb89	c.beqz	x15,8000892e	 x15:0x000003c1
       84189000	      4107	8000891e	02f9ecb3	rem	x25,x19,x15	 x19:0x00000000 x15:0x000003c1 x25=0x00000000
       84209000	      4108	80008922	02dd6663	bltu	x26,x13,8000894e	 x26:0xffffffff x13:0x00000401
       84229000	      4109	80008926	005bb133	sltu	x2,x23,x5	 x23:0x7ffde1a8  x5:0xffffface  x2=0x00000001
       84249000	      4110	8000892a	717d	c.addi16sp	x2,-16	  x2:0x00000001  x2=0xfffffff1
       84269000	      4111	8000892c	4f59	c.li	x30,22	 x30=0x00000016
       84449000	      4120	8000892e	aa77a713	slti	x14,x15,-1369	 x15:0x000003c1 x14=0x00000000
       84469000	      4121	80008932	8d7d	c.and	x10,x15	 x10:0x00000000 x15:0x000003c1 x10=0x00000000
       84489000	      4122	80008934	ff9aa897	auipc	x17,0xff9aa	 x17=0x7f9b2934
       84509000	      4123	80008938	01fd5c93	srli	x25,x26,0x1f	 x26:0xffffffff x25=0x00000001
       84529000	      4124	8000893c	0047de63	bge	x15,x4,80008958	 x15:0x000003c1  x4:0x80021e57
       84689000	      4132	80008958	00f01233	sll	x4,x0,x15	  x0:0x00000000 x15:0x000003c1  x4=0x00000000
       84809000	      4138	8000895c	84c6	c.mv	x9,x17	  x0:0x00000000 x17:0x7f9b2934  x9=0x7f9b2934
       84849000	      4140	8000895e	023b9e33	mulh	x28,x23,x3	 x23:0x7ffde1a8  x3:0xffffffff x28=0xffffffff
       84909000	      4143	80008962	0124ba33	sltu	x20,x9,x18	  x9:0x7f9b2934 x18:0x00000000 x20=0x00000000
       84929000	      4144	80008966	ce91	c.beqz	x13,80008982	 x13:0x00000401
       85329000	      4164	80008968	eee68137	lui	x2,0xeee68	  x2=0xeee68000
       85349000	      4165	8000896c	00f63833	sltu	x16,x12,x15	 x12:0x00000001 x15:0x000003c1 x16=0x00000001
       85369000	      4166	80008970	9b7d	c.andi	x14,-1	 x14:0x00000000 x14=0x00000000
       86249000	      4210	80008972	0278dd33	divu	x26,x17,x7	 x17:0x7f9b2934  x7:0xffffface x26=0x00000000
       86269000	      4211	80008976	4248be13	sltiu	x28,x17,1060	 x17:0x7f9b2934 x28=0x00000000
       86289000	      4212	8000897a	8c7d	c.and	x8,x15	  x8:0x0a667c18 x15:0x000003c1  x8=0x00000000
       86309000	      4213	8000897c	92c6	c.add	x5,x17	  x5:0xffffface x17:0x7f9b2934  x5=0x7f9b2402
       86329000	      4214	8000897e	0000100f	fence.i	
       86769000	      4236	80008982	0ff0000f	fence	iorw,iorw	
       87009000	      4248	80008986	024dd433	divu	x8,x27,x4	 x27:0xfdbdb95f  x4:0x00000000  x8=0xffffffff
       87029000	      4249	8000898a	419704b3	sub	x9,x14,x25	 x14:0x00000000 x25:0x00000001  x9=0xffffffff
       87089000	      4252	8000898e	00b31ab3	sll	x21,x6,x11	  x6:0x00000000 x11:0x80021e58 x21=0x00000000
       87109000	      4253	80008992	e1e48e13	addi	x28,x9,-482	  x9:0xffffffff x28=0xfffffe1d
       87129000	      4254	80008996	039384b3	mul	x9,x7,x25	  x7:0xffffface x25:0x00000001  x9=0xffffface
       87149000	      4255	8000899a	611d	c.addi16sp	x2,416	  x2:0xeee68000  x2=0xeee681a0
       87289000	      4262	8000899c	1998	c.addi4spn	x14,x2,240	 x14=0xeee68290
       87489000	      4272	8000899e	0249a9b3	mulhsu	x19,x19,x4	 x19:0x00000000  x4:0x00000000 x19=0x00000000
       87609000	      4278	800089a2	401686b3	sub	x13,x13,x1	 x13:0x00000401  x1:0xffffffff x13=0x00000402
       87629000	      4279	800089a6	0ff0000f	fence	iorw,iorw	
       87649000	      4280	800089aa	0001	c.addi	x0,0	  x0:0x00000000  x0=0x00000000
       87849000	      4290	800089ac	00cc0933	add	x18,x24,x12	 x24:0x00000000 x12:0x00000001 x18=0x00000001
       87889000	      4292	800089b0	02d72a33	mulhsu	x20,x14,x13	 x14:0xeee68290 x13:0x00000402 x20=0xffffffbb
       87929000	      4294	800089b4	03001bb3	mulh	x23,x0,x16	  x0:0x00000000 x16:0x00000001 x23=0x00000000
       88169000	      4306	800089b8	035127b3	mulhsu	x15,x2,x21	  x2:0xeee681a0 x21:0x00000000 x15=0x00000000
       88369000	      4316	800089bc	027b33b3	mulhu	x7,x22,x7	 x22:0xa2077000  x7:0xffffface  x7=0xa2076cb6
       89229000	      4359	800089c0	03026533	rem	x10,x4,x16	  x4:0x00000000 x16:0x00000001 x10=0x00000000
       89249000	      4360	800089c4	012b4e63	blt	x22,x18,800089e0	 x22:0xa2077000 x18:0x00000001
       89329000	      4364	800089e0	853d	c.srai	x10,0xf	 x10:0x00000000 x10=0x00000000
       89449000	      4370	800089e2	41cb0633	sub	x12,x22,x28	 x22:0xa2077000 x28:0xfffffe1d x12=0xa20771e3
       89469000	      4371	800089e6	147d	c.addi	x8,-1	  x8:0xffffffff  x8=0xfffffffe
       89489000	      4372	800089e8	010a0b63	beq	x20,x16,800089fe	 x20:0xffffffbb x16:0x00000001
       90369000	      4416	800089ec	025e5c33	divu	x24,x28,x5	 x28:0xfffffe1d  x5:0x7f9b2402 x24=0x00000002
       90389000	      4417	800089f0	577d	c.li	x14,-1	 x14=0xffffffff
       90409000	      4418	800089f2	ac546113	ori	x2,x8,-1339	  x8:0xfffffffe  x2=0xffffffff
       90429000	      4419	800089f6	01390bb3	add	x23,x18,x19	 x18:0x00000001 x19:0x00000000 x23=0x00000001
       90449000	      4420	800089fa	03260363	beq	x12,x18,80008a20	 x12:0xa20771e3 x18:0x00000001
       90489000	      4422	800089fe	026db833	mulhu	x16,x27,x6	 x27:0xfdbdb95f  x6:0x00000000 x16=0x00000000
       90569000	      4426	80008a02	41ce52b3	sra	x5,x28,x28	 x28:0xfffffe1d x28:0xfffffe1d  x5=0xffffffff
       90589000	      4427	80008a06	9bfd	c.andi	x15,-1	 x15:0x00000000 x15=0x00000000
       90609000	      4428	80008a08	82b9	c.srli	x13,0xe	 x13:0x00000402 x13=0x00000000
       90629000	      4429	80008a0a	0001	c.addi	x0,0	  x0:0x00000000  x0=0x00000000
       90669000	      4431	80008a0c	e696bb93	sltiu	x23,x13,-407	 x13:0x00000000 x23=0x00000001
       90729000	      4434	80008a10	8321	c.srli	x14,0x8	 x14:0xffffffff x14=0x00ffffff
       91049000	      4450	80008a12	fab6cb13	xori	x22,x13,-85	 x13:0x00000000 x22=0xffffffab
       91129000	      4454	80008a16	9a78b193	sltiu	x3,x17,-1625	 x17:0x7f9b2934  x3=0x00000001
       91149000	      4455	80008a1a	9b7d	c.andi	x14,-1	 x14:0x00ffffff x14=0x00ffffff
       91169000	      4456	80008a1c	33cf2513	slti	x10,x30,828	 x30:0x00000016 x10=0x00000001
       91449000	      4470	80008a20	00c46b63	bltu	x8,x12,80008a36	  x8:0xfffffffe x12:0xa20771e3
       91869000	      4491	80008a24	dd7f6693	ori	x13,x30,-553	 x30:0x00000016 x13=0xfffffdd7
       92089000	      4502	80008a28	f0d1f113	andi	x2,x3,-243	  x3:0x00000001  x2=0x00000001
       92109000	      4503	80008a2c	8d05	c.sub	x10,x9	 x10:0x00000001  x9:0xffffface x10=0x00000533
       92129000	      4504	80008a2e	4182d833	sra	x16,x5,x24	  x5:0xffffffff x24:0x00000002 x16=0xffffffff
       92249000	      4510	80008a32	00fffc63	bgeu	x31,x15,80008a4a	 x31:0x80025ce4 x15:0x00000000
       93789000	      4587	80008a4a	411fd213	srai	x4,x31,0x11	 x31:0x80025ce4  x4=0xffffc001
       94229000	      4609	80008a4e	03a57ab3	remu	x21,x10,x26	 x10:0x00000533 x26:0x00000000 x21=0x00000533
       94249000	      4610	80008a52	83e9	c.srli	x15,0x1a	 x15:0x00000000 x15=0x00000000
       94269000	      4611	80008a54	01529493	slli	x9,x5,0x15	  x5:0xffffffff  x9=0xffe00000
       94289000	      4612	80008a58	005e5d13	srli	x26,x28,0x5	 x28:0xfffffe1d x26=0x07fffff0
       94329000	      4614	80008a5c	01aaa8b3	slt	x17,x21,x26	 x21:0x00000533 x26:0x07fffff0 x17=0x00000001
       94349000	      4615	80008a60	01fe8263	beq	x29,x31,80008a64	 x29:0x00400000 x31:0x80025ce4
       94769000	      4636	80008a64	1f5ea113	slti	x2,x29,501	 x29:0x00400000  x2=0x00000000
       94789000	      4637	80008a68	717d	c.addi16sp	x2,-16	  x2:0x00000000  x2=0xfffffff0
       94809000	      4638	80008a6a	1b6f2b93	slti	x23,x30,438	 x30:0x00000016 x23=0x00000001
       94829000	      4639	80008a6e	0c84	c.addi4spn	x9,x2,592	  x9=0x00000240
       95229000	      4659	80008a70	41deda33	sra	x20,x29,x29	 x29:0x00400000 x29:0x00400000 x20=0x00400000
       95329000	      4664	80008a74	012cbf33	sltu	x30,x25,x18	 x25:0x00000001 x18:0x00000001 x30=0x00000000
       95469000	      4671	80008a78	0076d263	bge	x13,x7,80008a7c	 x13:0xfffffdd7  x7:0xa2076cb6
       96249000	      4710	80008a7c	6441	c.lui	x8,0x10	  x8=0x00010000
       96289000	      4712	80008a7e	00073133	sltu	x2,x14,x0	 x14:0x00ffffff  x0:0x00000000  x2=0x00000000
       96309000	      4713	80008a82	035100b3	mul	x1,x2,x21	  x2:0x00000000 x21:0x00000533  x1=0x00000000
       96349000	      4715	80008a86	03e49bb3	mulh	x23,x9,x30	  x9:0x00000240 x30:0x00000000 x23=0x00000000
       96449000	      4720	80008a8a	87058893	addi	x17,x11,-1936	 x11:0x80021e58 x17=0x800216c8
       96469000	      4721	80008a8e	3a626293	ori	x5,x4,934	  x4:0xffffc001  x5=0xffffc3a7
       96489000	      4722	80008a92	01b32133	slt	x2,x6,x27	  x6:0x00000000 x27:0xfdbdb95f  x2=0x00000000
       96529000	      4724	80008a96	00b75e93	srli	x29,x14,0xb	 x14:0x00ffffff x29=0x00001fff
       97269000	      4761	80008a9a	02ead533	divu	x10,x21,x14	 x21:0x00000533 x14:0x00ffffff x10=0x00000000
       97289000	      4762	80008a9e	022f7a63	bgeu	x30,x2,80008ad2	 x30:0x00000000  x2:0x00000000
       97589000	      4777	80008ad2	b55e08b7	lui	x17,0xb55e0	 x17=0xb55e0000
       97609000	      4778	80008ad6	01e1e1b3	or	x3,x3,x30	  x3:0x00000001 x30:0x00000000  x3=0x00000001
       97629000	      4779	80008ada	01cc1893	slli	x17,x24,0x1c	 x24:0x00000002 x17=0x20000000
       98009000	      4798	80008ade	76e90c17	auipc	x24,0x76e90	 x24=0xf6e98ade
       98429000	      4819	80008ae2	035de163	bltu	x27,x21,80008b04	 x27:0xfdbdb95f x21:0x00000533
       98449000	      4820	80008ae6	01b1a4b3	slt	x9,x3,x27	  x3:0x00000001 x27:0xfdbdb95f  x9=0x00000000
       98869000	      4841	80008aea	006baab3	slt	x21,x23,x6	 x23:0x00000000  x6:0x00000000 x21=0x00000000
       98889000	      4842	80008aee	c39d	c.beqz	x15,80008b14	 x15:0x00000000
       99849000	      4890	80008b14	41d4dd33	sra	x26,x9,x29	  x9:0x00000000 x29:0x00001fff x26=0x00000000
      100229000	      4909	80008b18	0ff0000f	fence	iorw,iorw	
      100249000	      4910	80008b1c	00769b63	bne	x13,x7,80008b32	 x13:0xfffffdd7  x7:0xa2076cb6
      100529000	      4924	80008b32	8c45	c.or	x8,x9	  x8:0x00010000  x9:0x00000000  x8=0x00010000
      100549000	      4925	80008b34	01ef1133	sll	x2,x30,x30	 x30:0x00000000 x30:0x00000000  x2=0x00000000
      100569000	      4926	80008b38	8555	c.srai	x10,0x15	 x10:0x00000000 x10=0x00000000
      100589000	      4927	80008b3a	01b62833	slt	x16,x12,x27	 x12:0xa20771e3 x27:0xfdbdb95f x16=0x00000001
      100609000	      4928	80008b3e	00e41033	sll	x0,x8,x14	  x8:0x00010000 x14:0x00ffffff  x0=0x00000000
      100629000	      4929	80008b42	01ba5993	srli	x19,x20,0x1b	 x20:0x00400000 x19=0x00000000
      101089000	      4952	80008b46	418cdeb3	sra	x29,x25,x24	 x25:0x00000001 x24:0xf6e98ade x29=0x00000000
      101109000	      4953	80008b4a	bcec7913	andi	x18,x24,-1074	 x24:0xf6e98ade x18=0xf6e98ace
      101129000	      4954	80008b4e	01c76933	or	x18,x14,x28	 x14:0x00ffffff x28:0xfffffe1d x18=0xffffffff
      101149000	      4955	80008b52	0001	c.addi	x0,0	  x0:0x00000000  x0=0x00000000
      101249000	      4960	80008b54	8c01	c.sub	x8,x8	  x8:0x00010000  x8:0x00010000  x8=0x00000000
      101269000	      4961	80008b56	8cad	c.xor	x9,x11	  x9:0x00000000 x11:0x80021e58  x9=0x80021e58
      101289000	      4962	80008b58	01109813	slli	x16,x1,0x11	  x1:0x00000000 x16=0x00000000
      101549000	      4975	80008b5c	0001	c.addi	x0,0	  x0:0x00000000  x0=0x00000000
      101569000	      4976	80008b5e	41f7d033	sra	x0,x15,x31	 x15:0x00000000 x31:0x80025ce4  x0=0x00000000
      101589000	      4977	80008b62	000e0d33	add	x26,x28,x0	 x28:0xfffffe1d  x0:0x00000000 x26=0xfffffe1d
      101609000	      4978	80008b66	c69d	c.beqz	x13,80008b94	 x13:0xfffffdd7
      101789000	      4987	80008b68	003614b3	sll	x9,x12,x3	 x12:0xa20771e3  x3:0x00000001  x9=0x440ee3c6
      101809000	      4988	80008b6c	0001	c.addi	x0,0	  x0:0x00000000  x0=0x00000000
      101829000	      4989	80008b6e	6dfc3913	sltiu	x18,x24,1759	 x24:0xf6e98ade x18=0x00000000
      101849000	      4990	80008b72	8f3d	c.xor	x14,x15	 x14:0x00ffffff x15:0x00000000 x14=0x00ffffff
      101869000	      4991	80008b74	8539	c.srai	x10,0xe	 x10:0x00000000 x10=0x00000000
      102109000	      5003	80008b76	00768bb3	add	x23,x13,x7	 x13:0xfffffdd7  x7:0xa2076cb6 x23=0xa2076a8d
      102129000	      5004	80008b7a	015987b3	add	x15,x19,x21	 x19:0x00000000 x21:0x00000000 x15=0x00000000
      102869000	      5041	80008b7e	03a85c33	divu	x24,x16,x26	 x16:0x00000000 x26:0xfffffe1d x24=0x00000000
      102889000	      5042	80008b82	54fd	c.li	x9,-1	  x9=0xffffffff
      102929000	      5044	80008b84	03b7ac33	mulhsu	x24,x15,x27	 x15:0x00000000 x27:0xfdbdb95f x24=0x00000000
      102949000	      5045	80008b88	0142d193	srli	x3,x5,0x14	  x5:0xffffc3a7  x3=0x00000fff
      102969000	      5046	80008b8c	9eaee513	ori	x10,x29,-1558	 x29:0x00000000 x10=0xfffff9ea
      102989000	      5047	80008b90	a792be13	sltiu	x28,x5,-1415	  x5:0xffffc3a7 x28=0x00000001
      103009000	      5048	80008b94	0000100f	fence.i	
      103269000	      5061	80008b98	8e2d	c.xor	x12,x11	 x12:0xa20771e3 x11:0x80021e58 x12=0x22056fbb
      103709000	      5083	80008b9a	02f8f0b3	remu	x1,x17,x15	 x17:0x20000000 x15:0x00000000  x1=0x20000000
      103849000	      5090	80008b9e	024a0833	mul	x16,x20,x4	 x20:0x00400000  x4:0xffffc001 x16=0x00400000
      103869000	      5091	80008ba2	8cb9	c.xor	x9,x14	  x9:0xffffffff x14:0x00ffffff  x9=0xff000000
      104009000	      5098	80008ba4	00021a63	bne	x4,x0,80008bb8	  x4:0xffffc001  x0:0x00000000
      104489000	      5122	80008bb8	01c29463	bne	x5,x28,80008bc0	  x5:0xffffc3a7 x28:0x00000001
      105009000	      5148	80008bc0	01b75ab3	srl	x21,x14,x27	 x14:0x00ffffff x27:0xfdbdb95f x21=0x00000000
      105049000	      5150	80008bc4	01bfc4b3	xor	x9,x31,x27	 x31:0x80025ce4 x27:0xfdbdb95f  x9=0x7dbfe5bb
      105489000	      5172	80008bc8	02827133	remu	x2,x4,x8	  x4:0xffffc001  x8:0x00000000  x2=0xffffc001
      105549000	      5175	80008bcc	0034ef33	or	x30,x9,x3	  x9:0x7dbfe5bb  x3:0x00000fff x30=0x7dbfefff
      105569000	      5176	80008bd0	01fe54b3	srl	x9,x28,x31	 x28:0x00000001 x31:0x80025ce4  x9=0x00000000
      106009000	      5198	80008bd4	03d03e33	mulhu	x28,x0,x29	  x0:0x00000000 x29:0x00000000 x28=0x00000000
      106169000	      5206	80008bd8	0546e263	bltu	x13,x20,80008c1c	 x13:0xfffffdd7 x20:0x00400000
      106189000	      5207	80008bdc	0060da63	bge	x1,x6,80008bf0	  x1:0x20000000  x6:0x00000000
      106309000	      5213	80008bf0	080d	c.addi	x16,3	 x16:0x00400000 x16=0x00400003
      106429000	      5219	80008bf2	03aa6563	bltu	x20,x26,80008c1c	 x20:0x00400000 x26:0xfffffe1d
      107289000	      5262	80008c1c	023110b3	mulh	x1,x2,x3	  x2:0xffffc001  x3:0x00000fff  x1=0xffffffff
      108669000	      5331	80008c20	03257633	remu	x12,x10,x18	 x10:0xfffff9ea x18:0x00000000 x12=0xfffff9ea
      108689000	      5332	80008c24	27d64913	xori	x18,x12,637	 x12:0xfffff9ea x18=0xfffffb97
      108709000	      5333	80008c28	99bfbb13	sltiu	x22,x31,-1637	 x31:0x80025ce4 x22=0x00000001
      108729000	      5334	80008c2c	4b8d	c.li	x23,3	 x23=0x00000003
      108749000	      5335	80008c2e	0ff0000f	fence	iorw,iorw	
      108769000	      5336	80008c32	01970133	add	x2,x14,x25	 x14:0x00ffffff x25:0x00000001  x2=0x01000000
      108809000	      5338	80008c36	00f94c63	blt	x18,x15,80008c4e	 x18:0xfffffb97 x15:0x00000000
      110229000	      5409	80008c4e	96ffa6ef	jal	x13,800035bc	 x13=0x80008c52
      111469000	      5471	800035bc	034f4ab3	div	x21,x30,x20	 x30:0x7dbfefff x20:0x00400000 x21=0x000001f6
      111489000	      5472	800035c0	fc858593	addi	x11,x11,-56	 x11:0x80021e58 x11=0x80021e20
      111509000	      5473	800035c4	2835ab13	slti	x22,x11,643	 x11:0x80021e20 x22=0x00000001
      111529000	      5474	800035c8	01b693b3	sll	x7,x13,x27	 x13:0x80008c52 x27:0xfdbdb95f  x7=0x00000000
      111689000	      5482	800035cc	c1d4	c.sw	x13,4(x11)	 x11:0x80021e20 x13:0x80008c52 PA:0x80021e24 store:0x80008c52 load:0xffffffff
      111709000	      5483	800035ce	8c21	c.xor	x8,x8	  x8:0x00000000  x8:0x00000000  x8=0x00000000
      111729000	      5484	800035d0	0001	c.addi	x0,0	  x0:0x00000000  x0=0x00000000
      111749000	      5485	800035d2	8d61	c.and	x10,x8	 x10:0xfffff9ea  x8:0x00000000 x10=0x00000000
      111769000	      5486	800035d4	403e5913	srai	x18,x28,0x3	 x28:0x00000000 x18=0x00000000
      111889000	      5492	800035d8	01715863	bge	x2,x23,800035e8	  x2:0x01000000 x23:0x00000003
      112749000	      5535	800035e8	001c60b3	or	x1,x24,x1	 x24:0x00000000  x1:0xffffffff  x1=0xffffffff
      112769000	      5536	800035ec	03f31463	bne	x6,x31,80003614	  x6:0x00000000 x31:0x80025ce4
      113029000	      5549	80003614	0001	c.addi	x0,0	  x0:0x00000000  x0=0x00000000
      113049000	      5550	80003616	0e18	c.addi4spn	x14,x2,784	 x14=0x01000310
      113329000	      5564	80003618	5afd	c.li	x21,-1	 x21=0xffffffff
      113349000	      5565	8000361a	0001	c.addi	x0,0	  x0:0x00000000  x0=0x00000000
      113749000	      5585	8000361c	02e57063	bgeu	x10,x14,8000363c	 x10:0x00000000 x14:0x01000310
      113949000	      5595	80003620	793cfd93	andi	x27,x25,1939	 x25:0x00000001 x27=0x00000001
      113969000	      5596	80003624	00b04a33	xor	x20,x0,x11	  x0:0x00000000 x11:0x80021e20 x20=0x80021e20
      113989000	      5597	80003628	0bb6	c.slli	x23,0xd	 x23:0x00000003 x23=0x00006000
      114009000	      5598	8000362a	8fc1	c.or	x15,x8	 x15:0x00000000  x8:0x00000000 x15=0x00000000
      114029000	      5599	8000362c	018a70b3	and	x1,x20,x24	 x20:0x80021e20 x24:0x00000000  x1=0x00000000
      114329000	      5614	80003630	8e5e	c.mv	x28,x23	  x0:0x00000000 x23:0x00006000 x28=0x00006000
      114349000	      5615	80003632	67e5	c.lui	x15,0x19	 x15=0x00019000
      114629000	      5629	80003634	8f25	c.xor	x14,x9	 x14:0x01000310  x9:0x00000000 x14=0x01000310
      114729000	      5634	80003636	f10c2e93	slti	x29,x24,-240	 x24:0x00000000 x29=0x00000000
      114749000	      5635	8000363a	6141	c.addi16sp	x2,16	  x2:0x01000000  x2=0x01000010
      114769000	      5636	8000363c	0b88	c.addi4spn	x10,x2,464	 x10=0x010001e0
      114789000	      5637	8000363e	717d	c.addi16sp	x2,-16	  x2:0x01000010  x2=0x01000000
      114809000	      5638	80003640	017e0eb3	add	x29,x28,x23	 x28:0x00006000 x23:0x00006000 x29=0x0000c000
      114929000	      5644	80003644	0e36	c.slli	x28,0xd	 x28:0x00006000 x28=0x0c000000
      115329000	      5664	80003646	02124463	blt	x4,x1,8000366e	  x4:0xffffc001  x1:0x00000000
      116029000	      5699	8000366e	6685	c.lui	x13,0x1	 x13=0x00001000
      116249000	      5710	80003670	ecbcf213	andi	x4,x25,-309	 x25:0x00000001  x4=0x00000001
      116349000	      5715	80003674	00272b33	slt	x22,x14,x2	 x14:0x01000310  x2:0x01000000 x22=0x00000000
      116769000	      5736	80003678	805d	c.srli	x8,0x17	  x8:0x00000000  x8=0x00000000
      116809000	      5738	8000367a	03082c33	mulhsu	x24,x16,x16	 x16:0x00400003 x16:0x00400003 x24=0x00001000
      116829000	      5739	8000367e	0352c763	blt	x5,x21,800036ac	  x5:0xffffc3a7 x21:0xffffffff
      117749000	      5785	800036ac	01d66a33	or	x20,x12,x29	 x12:0xfffff9ea x29:0x0000c000 x20=0xfffff9ea
      118269000	      5811	800036b0	8d51	c.or	x10,x12	 x10:0x010001e0 x12:0xfffff9ea x10=0xfffff9ea
      118289000	      5812	800036b2	cb9d	c.beqz	x15,800036e8	 x15:0x00019000
      118609000	      5828	800036b4	9afd	c.andi	x13,-1	 x13:0x00001000 x13=0x00001000
      118649000	      5830	800036b6	03459633	mulh	x12,x11,x20	 x11:0x80021e20 x20:0xfffff9ea x12=0x0000030a
      118669000	      5831	800036ba	0001	c.addi	x0,0	  x0:0x00000000  x0=0x00000000
      118749000	      5835	800036bc	6f68e617	auipc	x12,0x6f68e	 x12=0xef6916bc
      118789000	      5837	800036c0	9a7d	c.andi	x12,-1	 x12:0xef6916bc x12=0xef6916bc
      118909000	      5843	800036c2	03b6ab33	mulhsu	x22,x13,x27	 x13:0x00001000 x27:0x00000001 x22=0x00000000
      119309000	      5863	800036c6	36806093	ori	x1,x0,872	  x0:0x00000000  x1=0x00000368
      119729000	      5884	800036ca	01cc03b3	add	x7,x24,x28	 x24:0x00001000 x28:0x0c000000  x7=0x0c001000
      119749000	      5885	800036ce	67fae813	ori	x16,x21,1663	 x21:0xffffffff x16=0xffffffff
      119949000	      5895	800036d2	416051b3	sra	x3,x0,x22	  x0:0x00000000 x22:0x00000000  x3=0x00000000
      119969000	      5896	800036d6	16716797	auipc	x15,0x16716	 x15=0x967196d6
      120129000	      5904	800036da	01b21463	bne	x4,x27,800036e2	  x4:0x00000001 x27:0x00000001
      120329000	      5914	800036de	004ac533	xor	x10,x21,x4	 x21:0xffffffff  x4:0x00000001 x10=0xfffffffe
      120349000	      5915	800036e2	014f9293	slli	x5,x31,0x14	 x31:0x80025ce4  x5=0xce400000
      120369000	      5916	800036e6	8d4d	c.or	x10,x11	 x10:0xfffffffe x11:0x80021e20 x10=0xfffffffe
      120429000	      5919	800036e8	00eb7933	and	x18,x22,x14	 x22:0x00000000 x14:0x01000310 x18=0x00000000
      120569000	      5926	800036ec	846dc693	xori	x13,x27,-1978	 x27:0x00000001 x13=0xfffff847
      120729000	      5934	800036f0	29e48237	lui	x4,0x29e48	  x4=0x29e48000
      120829000	      5939	800036f4	036d1b63	bne	x26,x22,8000372a	 x26:0xfffffe1d x22:0x00000000
      121229000	      5959	8000372a	003fca63	blt	x31,x3,8000373e	 x31:0x80025ce4  x3:0x00000000
      121529000	      5974	8000373e	00a68bb3	add	x23,x13,x10	 x13:0xfffff847 x10:0xfffffffe x23=0xfffff845
      121629000	      5979	80003742	019b9f13	slli	x30,x23,0x19	 x23:0xfffff845 x30=0x8a000000
      121649000	      5980	80003746	8e61	c.and	x12,x8	 x12:0xef6916bc  x8:0x00000000 x12=0x00000000
      121789000	      5987	80003748	8fe9	c.and	x15,x10	 x15:0x967196d6 x10:0xfffffffe x15=0x967196d6
      122209000	      6008	8000374a	411009b3	sub	x19,x0,x17	  x0:0x00000000 x17:0x20000000 x19=0xe0000000
      122229000	      6009	8000374e	632c4f13	xori	x30,x24,1586	 x24:0x00001000 x30=0x00001632
      122249000	      6010	80003752	03809663	bne	x1,x24,8000377e	  x1:0x00000368 x24:0x00001000
      122369000	      6016	8000377e	45fa3713	sltiu	x14,x20,1119	 x20:0xfffff9ea x14=0x00000000
      122569000	      6026	80003782	00e9d813	srli	x16,x19,0xe	 x19:0xe0000000 x16=0x00038000
      122589000	      6027	80003786	40865cb3	sra	x25,x12,x8	 x12:0x00000000  x8:0x00000000 x25=0x00000000
      122609000	      6028	8000378a	66fd	c.lui	x13,0x1f	 x13=0x0001f000
      123349000	      6065	8000378c	02ac67b3	rem	x15,x24,x10	 x24:0x00001000 x10:0xfffffffe x15=0x00000000
      123369000	      6066	80003790	40c1dcb3	sra	x25,x3,x12	  x3:0x00000000 x12:0x00000000 x25=0x00000000
      123389000	      6067	80003794	5c7d	c.li	x24,-1	 x24=0xffffffff
      123409000	      6068	80003796	00ee6263	bltu	x28,x14,8000379a	 x28:0x0c000000 x14:0x00000000
      123429000	      6069	8000379a	00bf40b3	xor	x1,x30,x11	 x30:0x00001632 x11:0x80021e20  x1=0x80020812
      123449000	      6070	8000379e	8f2d	c.xor	x14,x11	 x14:0x00000000 x11:0x80021e20 x14=0x80021e20
      123469000	      6071	800037a0	0000100f	fence.i	
      123889000	      6092	800037a4	8cb1	c.xor	x9,x12	  x9:0x00000000 x12:0x00000000  x9=0x00000000
      123909000	      6093	800037a6	02def563	bgeu	x29,x13,800037d0	 x29:0x0000c000 x13:0x0001f000
      123929000	      6094	800037aa	846d	c.srai	x8,0x1b	  x8:0x00000000  x8=0x00000000
      123949000	      6095	800037ac	031b0833	mul	x16,x22,x17	 x22:0x00000000 x17:0x20000000 x16=0x00000000
      123969000	      6096	800037b0	8ca9	c.xor	x9,x10	  x9:0x00000000 x10:0xfffffffe  x9=0xfffffffe
      124709000	      6133	800037b2	03706633	rem	x12,x0,x23	  x0:0x00000000 x23:0xfffff845 x12=0x00000000
      124729000	      6134	800037b6	40575c13	srai	x24,x14,0x5	 x14:0x80021e20 x24=0xfc0010f1
      124749000	      6135	800037ba	0001	c.addi	x0,0	  x0:0x00000000  x0=0x00000000
      124769000	      6136	800037bc	01a07e63	bgeu	x0,x26,800037d8	  x0:0x00000000 x26:0xfffffe1d
      124789000	      6137	800037c0	0852	c.slli	x16,0x14	 x16:0x00000000 x16=0x00000000
      124809000	      6138	800037c2	1190	c.addi4spn	x12,x2,224	 x12=0x010000e0
      124829000	      6139	800037c4	00ca8d63	beq	x21,x12,800037de	 x21:0xffffffff x12:0x010000e0
      124849000	      6140	800037c8	036a8433	mul	x8,x21,x22	 x21:0xffffffff x22:0x00000000  x8=0x00000000
      124869000	      6141	800037cc	e899	c.bnez	x9,800037e2	  x9:0xfffffffe
      124909000	      6143	800037e2	8ef5	c.and	x13,x13	 x13:0x0001f000 x13:0x0001f000 x13=0x0001f000
      124989000	      6147	800037e4	02972833	mulhsu	x16,x14,x9	 x14:0x80021e20  x9:0xfffffffe x16=0x80021e20
      125009000	      6148	800037e8	0001	c.addi	x0,0	  x0:0x00000000  x0=0x00000000
      125069000	      6151	800037ea	21698c97	auipc	x25,0x21698	 x25=0xa169b7ea
      125089000	      6152	800037ee	158d43b7	lui	x7,0x158d4	  x7=0x158d4000
      125209000	      6158	800037f2	52e77093	andi	x1,x14,1326	 x14:0x80021e20  x1=0x00000420
      125229000	      6159	800037f6	80d1	c.srli	x9,0x14	  x9:0xfffffffe  x9=0x00000fff
      125249000	      6160	800037f8	418308b3	sub	x17,x6,x24	  x6:0x00000000 x24:0xfc0010f1 x17=0x03ffef0f
      125649000	      6180	800037fc	958eed97	auipc	x27,0x958ee	 x27=0x158f17fc
      125669000	      6181	80003800	03200233	mul	x4,x0,x18	  x0:0x00000000 x18:0x00000000  x4=0x00000000
      126089000	      6202	80003804	004a39b3	sltu	x19,x20,x4	 x20:0xfffff9ea  x4:0x00000000 x19=0x00000000
      126149000	      6205	80003808	717d	c.addi16sp	x2,-16	  x2:0x01000000  x2=0x00fffff0
      126229000	      6209	8000380a	01501763	bne	x0,x21,80003818	  x0:0x00000000 x21:0xffffffff
      126849000	      6240	80003818	40665eb3	sra	x29,x12,x6	 x12:0x010000e0  x6:0x00000000 x29=0x010000e0
      126909000	      6243	8000381c	034a17b3	mulh	x15,x20,x20	 x20:0xfffff9ea x20:0xfffff9ea x15=0x00000000
      127309000	      6263	80003820	02a96663	bltu	x18,x10,8000384c	 x18:0x00000000 x10:0xfffffffe
      128369000	      6316	8000384c	03c650b3	divu	x1,x12,x28	 x12:0x010000e0 x28:0x0c000000  x1=0x00000000
      128389000	      6317	80003850	876d	c.srai	x14,0x1b	 x14:0x80021e20 x14=0xfffffff0
      128409000	      6318	80003852	dff0fc93	andi	x25,x1,-513	  x1:0x00000000 x25=0x00000000
      128449000	      6320	80003856	0340bab3	mulhu	x21,x1,x20	  x1:0x00000000 x20:0xfffff9ea x21=0x00000000
      128469000	      6321	8000385a	00d61893	slli	x17,x12,0xd	 x12:0x010000e0 x17=0x001c0000
      129209000	      6358	8000385e	03d373b3	remu	x7,x6,x29	  x6:0x00000000 x29:0x010000e0  x7=0x00000000
      129229000	      6359	80003862	e38086b7	lui	x13,0xe3808	 x13=0xe3808000
      129249000	      6360	80003866	97cde113	ori	x2,x27,-1668	 x27:0x158f17fc  x2=0xfffffffc
      129269000	      6361	8000386a	cd6a2a93	slti	x21,x20,-810	 x20:0xfffff9ea x21=0x00000001
      129289000	      6362	8000386e	84c1	c.srai	x9,0x10	  x9:0x00000fff  x9=0x00000000
      129309000	      6363	80003870	898e	c.mv	x19,x3	  x0:0x00000000  x3:0x00000000 x19=0x00000000
      129329000	      6364	80003872	03434563	blt	x6,x20,8000389c	  x6:0x00000000 x20:0xfffff9ea
      129349000	      6365	80003876	d3218793	addi	x15,x3,-718	  x3:0x00000000 x15=0xfffffd32
      129469000	      6371	8000387a	f018c793	xori	x15,x17,-255	 x17:0x001c0000 x15=0xffe3ff01
      129489000	      6372	8000387e	033989b3	mul	x19,x19,x19	 x19:0x00000000 x19:0x00000000 x19=0x00000000
      129509000	      6373	80003882	010e	c.slli	x2,0x3	  x2:0xfffffffc  x2=0xffffffe0
      129569000	      6376	80003884	03145363	bge	x8,x17,800038aa	  x8:0x00000000 x17:0x001c0000
      129629000	      6379	80003888	582ca893	slti	x17,x25,1410	 x25:0x00000000 x17=0x00000001
      129649000	      6380	8000388c	8a95	c.andi	x13,5	 x13:0xe3808000 x13=0x00000000
      129669000	      6381	8000388e	80e5	c.srli	x9,0x19	  x9:0x00000000  x9=0x00000000
      129689000	      6382	80003890	07be	c.slli	x15,0xf	 x15:0xffe3ff01 x15=0xff808000
      129709000	      6383	80003892	8c65	c.and	x8,x9	  x8:0x00000000  x9:0x00000000  x8=0x00000000
      129729000	      6384	80003894	918f5c37	lui	x24,0x918f5	 x24=0x918f5000
      130129000	      6404	80003898	82b9	c.srli	x13,0xe	 x13:0x00000000 x13=0x00000000
      130149000	      6405	8000389a	0001	c.addi	x0,0	  x0:0x00000000  x0=0x00000000
      130249000	      6410	8000389c	6169	c.addi16sp	x2,208	  x2:0xffffffe0  x2=0x000000b0
      130529000	      6424	8000389e	016dd863	bge	x27,x22,800038ae	 x27:0x158f17fc x22:0x00000000
      131209000	      6458	800038ae	1418	c.addi4spn	x14,x2,544	 x14=0x000002d0
      131409000	      6468	800038b0	1400	c.addi4spn	x8,x2,544	  x8=0x000002d0
      131429000	      6469	800038b2	e699	c.bnez	x13,800038c0	 x13:0x00000000
      131829000	      6489	800038b4	0001	c.addi	x0,0	  x0:0x00000000  x0=0x00000000
      131849000	      6490	800038b6	4b71	c.li	x22,28	 x22=0x0000001c
      131869000	      6491	800038b8	017a36b3	sltu	x13,x20,x23	 x20:0xfffff9ea x23:0xfffff845 x13=0x00000000
      131889000	      6492	800038bc	012ff1b3	and	x3,x31,x18	 x31:0x80025ce4 x18:0x00000000  x3=0x00000000
      131969000	      6496	800038c0	02d85e33	divu	x28,x16,x13	 x16:0x80021e20 x13:0x00000000 x28=0xffffffff
      131989000	      6497	800038c4	0169f963	bgeu	x19,x22,800038d6	 x19:0x00000000 x22:0x0000001c
      132109000	      6503	800038c8	e6bdc413	xori	x8,x27,-405	 x27:0x158f17fc  x8=0xea70e997
      132129000	      6504	800038cc	0001	c.addi	x0,0	  x0:0x00000000  x0=0x00000000
      132149000	      6505	800038ce	41a0d693	srai	x13,x1,0x1a	  x1:0x00000000 x13=0x00000000
      132249000	      6510	800038d2	0334a033	mulhsu	x0,x9,x19	  x9:0x00000000 x19:0x00000000  x0=0x00000000
      132269000	      6511	800038d6	17684813	xori	x16,x16,374	 x16:0x80021e20 x16=0x80021f56
      132729000	      6534	800038da	00706cb3	or	x25,x0,x7	  x0:0x00000000  x7:0x00000000 x25=0x00000000
      133069000	      6551	800038de	96887e13	andi	x28,x16,-1688	 x16:0x80021f56 x28=0x80021940
      133229000	      6559	800038e2	0172ee33	or	x28,x5,x23	  x5:0xce400000 x23:0xfffff845 x28=0xfffff845
      133249000	      6560	800038e6	58fd	c.li	x17,-1	 x17=0xffffffff
      133269000	      6561	800038e8	0030c263	blt	x1,x3,800038ec	  x1:0x00000000  x3:0x00000000
      133289000	      6562	800038ec	087fb913	sltiu	x18,x31,135	 x31:0x80025ce4 x18=0x00000000
      133369000	      6566	800038f0	021e0bb3	mul	x23,x28,x1	 x28:0xfffff845  x1:0x00000000 x23=0x00000000
      133409000	      6568	800038f4	02c2a1b3	mulhsu	x3,x5,x12	  x5:0xce400000 x12:0x010000e0  x3=0xffce3fd4
      133809000	      6588	800038f8	02a082b3	mul	x5,x1,x10	  x1:0x00000000 x10:0xfffffffe  x5=0x00000000
      133829000	      6589	800038fc	41db5e93	srai	x29,x22,0x1d	 x22:0x0000001c x29=0x00000000
      133849000	      6590	80003900	b47deb13	ori	x22,x27,-1209	 x27:0x158f17fc x22=0xffffffff
      133949000	      6595	80003904	0188	c.addi4spn	x10,x2,192	 x10=0x00000170
      134689000	      6632	80003906	028374b3	remu	x9,x6,x8	  x6:0x00000000  x8:0xea70e997  x9=0x00000000
      134709000	      6633	8000390a	1008e213	ori	x4,x17,256	 x17:0xffffffff  x4=0xffffffff
      134729000	      6634	8000390e	0032da93	srli	x21,x5,0x3	  x5:0x00000000 x21=0x00000000
      134749000	      6635	80003912	3f430713	addi	x14,x6,1012	  x6:0x00000000 x14=0x000003f4
      135489000	      6672	80003916	03f7eab3	rem	x21,x15,x31	 x15:0xff808000 x31:0x80025ce4 x21=0xff808000
      135509000	      6673	8000391a	8af1	c.andi	x13,28	 x13:0x00000000 x13=0x00000000
      135529000	      6674	8000391c	0001	c.addi	x0,0	  x0:0x00000000  x0=0x00000000
      135549000	      6675	8000391e	8d69	c.and	x10,x10	 x10:0x00000170 x10:0x00000170 x10=0x00000170
      135569000	      6676	80003920	02811363	bne	x2,x8,80003946	  x2:0x000000b0  x8:0xea70e997
      136709000	      6733	80003946	01d8f513	andi	x10,x17,29	 x17:0xffffffff x10=0x0000001d
      136729000	      6734	8000394a	8d1d	c.sub	x10,x15	 x10:0x0000001d x15:0xff808000 x10=0x007f801d
      137069000	      6751	8000394c	187d	c.addi	x16,-1	 x16:0x80021f56 x16=0x80021f55
      137089000	      6752	8000394e	8bcd	c.andi	x15,19	 x15:0xff808000 x15=0x00000000
      137349000	      6765	80003950	03cf1b63	bne	x30,x28,80003986	 x30:0x00001632 x28:0xfffff845
      137649000	      6780	80003986	1b1c	c.addi4spn	x15,x2,432	 x15=0x00000260
      137829000	      6789	80003988	8e2d	c.xor	x12,x11	 x12:0x010000e0 x11:0x80021e20 x12=0x81021ec0
      137849000	      6790	8000398a	085d6013	ori	x0,x26,133	 x26:0xfffffe1d  x0=0x00000000
      143869000	      7091	8000398e	02f0ff33	remu	x30,x1,x15	  x1:0x00000000 x15:0x00000260 x30=0x00000000
      144609000	      7128	80003992	0246c6b3	div	x13,x13,x4	 x13:0x00000000  x4:0xffffffff x13=0x00000000
      145349000	      7165	80003996	0307eab3	rem	x21,x15,x16	 x15:0x00000260 x16:0x80021f55 x21=0x00000260
      145369000	      7166	8000399a	03a5	c.addi	x7,9	  x7:0x00000000  x7=0x00000009
      145389000	      7167	8000399c	01657763	bgeu	x10,x22,800039aa	 x10:0x007f801d x22:0xffffffff
      145409000	      7168	800039a0	025dcd63	blt	x27,x5,800039da	 x27:0x158f17fc  x5:0x00000000
      145429000	      7169	800039a4	0160a533	slt	x10,x1,x22	  x1:0x00000000 x22:0xffffffff x10=0x00000000
      145449000	      7170	800039a8	8e01	c.sub	x12,x8	 x12:0x81021ec0  x8:0xea70e997 x12=0x96913529
      145469000	      7171	800039aa	5e0f0d93	addi	x27,x30,1504	 x30:0x00000000 x27=0x000005e0
      145549000	      7175	800039ae	e7d66993	ori	x19,x12,-387	 x12:0x96913529 x19=0xffffff7d
      145569000	      7176	800039b2	00ed6833	or	x16,x26,x14	 x26:0xfffffe1d x14:0x000003f4 x16=0xfffffffd
      145589000	      7177	800039b6	245a3013	sltiu	x0,x20,581	 x20:0xfffff9ea  x0=0x00000000
      145609000	      7178	800039ba	8541	c.srai	x10,0x10	 x10:0x00000000 x10=0x00000000
      145629000	      7179	800039bc	4e29	c.li	x28,10	 x28=0x0000000a
      145649000	      7180	800039be	8e71	c.and	x12,x12	 x12:0x96913529 x12:0x96913529 x12=0x96913529
      146389000	      7217	800039c0	03a55633	divu	x12,x10,x26	 x10:0x00000000 x26:0xfffffe1d x12=0x00000000
      146409000	      7218	800039c4	557d	c.li	x10,-1	 x10=0xffffffff
      146429000	      7219	800039c6	03448f63	beq	x9,x20,80003a04	  x9:0x00000000 x20:0xfffff9ea
      146449000	      7220	800039ca	8d3d	c.xor	x10,x15	 x10:0xffffffff x15:0x00000260 x10=0xfffffd9f
      146469000	      7221	800039cc	0f9d1f17	auipc	x30,0xf9d1	 x30=0x8f9d49cc
      146489000	      7222	800039d0	8291	c.srli	x13,0x4	 x13:0x00000000 x13=0x00000000
      146529000	      7224	800039d2	0322b833	mulhu	x16,x5,x18	  x5:0x00000000 x18:0x00000000 x16=0x00000000
      146729000	      7234	800039d6	0045ed63	bltu	x11,x4,800039f0	 x11:0x80021e20  x4:0xffffffff
      147329000	      7264	800039f0	e79d	c.bnez	x15,80003a1e	 x15:0x00000260
      148089000	      7302	80003a1e	9bfd	c.andi	x15,-1	 x15:0x00000260 x15=0x00000260
      148189000	      7307	80003a20	8e05	c.sub	x12,x9	 x12:0x00000000  x9:0x00000000 x12=0x00000000
      148209000	      7308	80003a22	41025e13	srai	x28,x4,0x10	  x4:0xffffffff x28=0xffffffff
      148249000	      7310	80003a26	031babb3	mulhsu	x23,x23,x17	 x23:0x00000000 x17:0xffffffff x23=0x00000000
      148269000	      7311	80003a2a	01379f63	bne	x15,x19,80003a48	 x15:0x00000260 x19:0xffffff7d
      148749000	      7335	80003a48	0001	c.addi	x0,0	  x0:0x00000000  x0=0x00000000
      148769000	      7336	80003a4a	cd11	c.beqz	x10,80003a66	 x10:0xfffffd9f
      148789000	      7337	80003a4c	0b12	c.slli	x22,0x4	 x22:0xffffffff x22=0xfffffff0
      148809000	      7338	80003a4e	6d49	c.lui	x26,0x12	 x26=0x00012000
      149189000	      7357	80003a50	03800263	beq	x0,x24,80003a74	  x0:0x00000000 x24:0x918f5000
      149549000	      7375	80003a54	8cf9	c.and	x9,x14	  x9:0x00000000 x14:0x000003f4  x9=0x00000000
      149569000	      7376	80003a56	019b19b3	sll	x19,x22,x25	 x22:0xfffffff0 x25:0x00000000 x19=0xfffffff0
      149589000	      7377	80003a5a	0ff0000f	fence	iorw,iorw	
      149609000	      7378	80003a5e	8d09	c.sub	x10,x10	 x10:0xfffffd9f x10:0xfffffd9f x10=0x00000000
      149629000	      7379	80003a60	00c3e633	or	x12,x7,x12	  x7:0x00000009 x12:0x00000000 x12=0x00000009
      149849000	      7390	80003a64	131c	c.addi4spn	x15,x2,416	 x15=0x00000250
      149869000	      7391	80003a66	422a0793	addi	x15,x20,1058	 x20:0xfffff9ea x15=0xfffffe0c
      149889000	      7392	80003a6a	0001	c.addi	x0,0	  x0:0x00000000  x0=0x00000000
      149909000	      7393	80003a6c	46234e97	auipc	x29,0x46234	 x29=0xc6237a6c
      150049000	      7400	80003a70	021010b3	mulh	x1,x0,x1	  x0:0x00000000  x1:0x00000000  x1=0x00000000
      150069000	      7401	80003a74	009da9b3	slt	x19,x27,x9	 x27:0x000005e0  x9:0x00000000 x19=0x00000000
      150469000	      7421	80003a78	00d9c363	blt	x19,x13,80003a7e	 x19:0x00000000 x13:0x00000000
      150489000	      7422	80003a7c	8fa9	c.xor	x15,x10	 x15:0xfffffe0c x10:0x00000000 x15=0xfffffe0c
      150509000	      7423	80003a7e	c22ff613	andi	x12,x31,-990	 x31:0x80025ce4 x12=0x80025c20
      150869000	      7441	80003a82	00b254b3	srl	x9,x4,x11	  x4:0xffffffff x11:0x80021e20  x9=0xffffffff
      150889000	      7442	80003a86	4f59	c.li	x30,22	 x30=0x00000016
      151289000	      7462	80003a88	0145c463	blt	x11,x20,80003a90	 x11:0x80021e20 x20:0xfffff9ea
      151709000	      7483	80003a90	413b83b3	sub	x7,x23,x19	 x23:0x00000000 x19:0x00000000  x7=0x00000000
      151729000	      7484	80003a94	1afd	c.addi	x21,-1	 x21:0x00000260 x21=0x0000025f
      151909000	      7493	80003a96	eb0b0c37	lui	x24,0xeb0b0	 x24=0xeb0b0000
      151929000	      7494	80003a9a	0c45	c.addi	x24,17	 x24:0xeb0b0000 x24=0xeb0b0011
      152309000	      7513	80003a9c	03b83133	mulhu	x2,x16,x27	 x16:0x00000000 x27:0x000005e0  x2=0x00000000
      152329000	      7514	80003aa0	69d1	c.lui	x19,0x14	 x19=0x00014000
      153069000	      7551	80003aa2	023dea33	rem	x20,x27,x3	 x27:0x000005e0  x3:0xffce3fd4 x20=0x000005e0
      153089000	      7552	80003aa6	03e90a33	mul	x20,x18,x30	 x18:0x00000000 x30:0x00000016 x20=0x00000000
      153109000	      7553	80003aaa	68b9	c.lui	x17,0xe	 x17=0x0000e000
      153129000	      7554	80003aac	e81d	c.bnez	x8,80003ae2	  x8:0xea70e997
      153209000	      7558	80003ae2	0001	c.addi	x0,0	  x0:0x00000000  x0=0x00000000
      153229000	      7559	80003ae4	0ff0000f	fence	iorw,iorw	
      153249000	      7560	80003ae8	006ead33	slt	x26,x29,x6	 x29:0xc6237a6c  x6:0x00000000 x26=0x00000001
      153269000	      7561	80003aec	012fbab3	sltu	x21,x31,x18	 x31:0x80025ce4 x18:0x00000000 x21=0x00000000
      153689000	      7582	80003af0	00865d33	srl	x26,x12,x8	 x12:0x80025c20  x8:0xea70e997 x26=0x00000100
      153709000	      7583	80003af4	007a37b3	sltu	x15,x20,x7	 x20:0x00000000  x7:0x00000000 x15=0x00000000
      154129000	      7604	80003af8	0ee24793	xori	x15,x4,238	  x4:0xffffffff x15=0xffffff11
      154549000	      7625	80003afc	1894	c.addi4spn	x13,x2,112	 x13=0x00000070
      154589000	      7627	80003afe	02862d33	mulhsu	x26,x12,x8	 x12:0x80025c20  x8:0xea70e997 x26=0x8ac9b474
      154629000	      7629	80003b02	035baab3	mulhsu	x21,x23,x21	 x23:0x00000000 x21:0x00000000 x21=0x00000000
      154649000	      7630	80003b06	02197563	bgeu	x18,x1,80003b30	 x18:0x00000000  x1:0x00000000
      155569000	      7676	80003b30	000b4133	xor	x2,x22,x0	 x22:0xfffffff0  x0:0x00000000  x2=0xfffffff0
      155589000	      7677	80003b34	008db733	sltu	x14,x27,x8	 x27:0x000005e0  x8:0xea70e997 x14=0x00000001
      155609000	      7678	80003b38	d67bfa13	andi	x20,x23,-665	 x23:0x00000000 x20=0x00000000
      155629000	      7679	80003b3c	6685	c.lui	x13,0x1	 x13=0x00001000
      155649000	      7680	80003b3e	ce0d	c.beqz	x12,80003b78	 x12:0x80025c20
      155669000	      7681	80003b40	01dffc63	bgeu	x31,x29,80003b58	 x31:0x80025ce4 x29:0xc6237a6c
      155689000	      7682	80003b44	cb8d	c.beqz	x15,80003b76	 x15:0xffffff11
      155729000	      7684	80003b46	02f26163	bltu	x4,x15,80003b68	  x4:0xffffffff x15:0xffffff11
      155769000	      7686	80003b4a	4125deb3	sra	x29,x11,x18	 x11:0x80021e20 x18:0x00000000 x29=0x80021e20
      155989000	      7697	80003b4e	98ddf793	andi	x15,x27,-1651	 x27:0x000005e0 x15=0x00000180
      156009000	      7698	80003b52	02d683b3	mul	x7,x13,x13	 x13:0x00001000 x13:0x00001000  x7=0x01000000
      156029000	      7699	80003b56	8fed	c.and	x15,x11	 x15:0x00000180 x11:0x80021e20 x15=0x00000000
      156049000	      7700	80003b58	0086dd13	srli	x26,x13,0x8	 x13:0x00001000 x26=0x00000010
      156789000	      7737	80003b5c	0226f733	remu	x14,x13,x2	 x13:0x00001000  x2:0xfffffff0 x14=0x00001000
      156809000	      7738	80003b60	013461b3	or	x3,x8,x19	  x8:0xea70e997 x19:0x00014000  x3=0xea71e997
      156829000	      7739	80003b64	032c8033	mul	x0,x25,x18	 x25:0x00000000 x18:0x00000000  x0=0x00000000
      156849000	      7740	80003b68	41685113	srai	x2,x16,0x16	 x16:0x00000000  x2=0x00000000
      156869000	      7741	80003b6c	01790ab3	add	x21,x18,x23	 x18:0x00000000 x23:0x00000000 x21=0x00000000
      157209000	      7758	80003b70	6d71	c.lui	x26,0x1c	 x26=0x0001c000
      157229000	      7759	80003b72	02537263	bgeu	x6,x5,80003b96	  x6:0x00000000  x5:0x00000000
      157469000	      7771	80003b96	0001	c.addi	x0,0	  x0:0x00000000  x0=0x00000000
      157909000	      7793	80003b98	8e45	c.or	x12,x9	 x12:0x80025c20  x9:0xffffffff x12=0xffffffff
      157929000	      7794	80003b9a	e889	c.bnez	x9,80003bac	  x9:0xffffffff
      158549000	      7825	80003bac	03ad3933	mulhu	x18,x26,x26	 x26:0x0001c000 x26:0x0001c000 x18=0x00000003
      158669000	      7831	80003bb0	03200d63	beq	x0,x18,80003bea	  x0:0x00000000 x18:0x00000003
      158729000	      7834	80003bb4	1b10	c.addi4spn	x12,x2,432	 x12=0x000001b0
      158749000	      7835	80003bb6	01295693	srli	x13,x18,0x12	 x18:0x00000003 x13=0x00000000
      158769000	      7836	80003bba	a25b7a13	andi	x20,x22,-1499	 x22:0xfffffff0 x20=0xfffffa20
      158789000	      7837	80003bbe	8e81	c.sub	x13,x8	 x13:0x00000000  x8:0xea70e997 x13=0x158f1669
      158989000	      7847	80003bc0	8c05	c.sub	x8,x9	  x8:0xea70e997  x9:0xffffffff  x8=0xea70e998
      159409000	      7868	80003bc2	01105713	srli	x14,x0,0x11	  x0:0x00000000 x14=0x00000000
      159469000	      7871	80003bc6	4e01ae93	slti	x29,x3,1248	  x3:0xea71e997 x29=0x00000001
      159669000	      7881	80003bca	01099193	slli	x3,x19,0x10	 x19:0x00014000  x3=0x40000000
      159689000	      7882	80003bce	d160b7b7	lui	x15,0xd160b	 x15=0xd160b000
      159709000	      7883	80003bd2	96d6	c.add	x13,x21	 x13:0x158f1669 x21:0x00000000 x13=0x158f1669
      160069000	      7901	80003bd4	0ff0000f	fence	iorw,iorw	
      160089000	      7902	80003bd8	fc75aa17	auipc	x20,0xfc75a	 x20=0x7c75dbd8
      160109000	      7903	80003bdc	0f2e	c.slli	x30,0xb	 x30:0x00000016 x30=0x0000b000
      160849000	      7940	80003bde	02bede33	divu	x28,x29,x11	 x29:0x00000001 x11:0x80021e20 x28=0x00000000
      160889000	      7942	80003be2	02063b33	mulhu	x22,x12,x0	 x12:0x000001b0  x0:0x00000000 x22=0x00000000
      160909000	      7943	80003be6	031d06b3	mul	x13,x26,x17	 x26:0x0001c000 x17:0x0000e000 x13=0x88000000
      160929000	      7944	80003bea	7a3d1537	lui	x10,0x7a3d1	 x10=0x7a3d1000
      160949000	      7945	80003bee	b2704213	xori	x4,x0,-1241	  x0:0x00000000  x4=0xfffffb27
      160969000	      7946	80003bf2	8d39	c.xor	x10,x14	 x10:0x7a3d1000 x14:0x00000000 x10=0x7a3d1000
      161709000	      7983	80003bf4	0335d633	divu	x12,x11,x19	 x11:0x80021e20 x19:0x00014000 x12=0x00006668
      161729000	      7984	80003bf8	43c2c193	xori	x3,x5,1084	  x5:0x00000000  x3=0x0000043c
      161749000	      7985	80003bfc	80b9	c.srli	x9,0xe	  x9:0xffffffff  x9=0x0003ffff
      161769000	      7986	80003bfe	00dd5363	bge	x26,x13,80003c04	 x26:0x0001c000 x13:0x88000000
      161809000	      7988	80003c04	012fdc13	srli	x24,x31,0x12	 x31:0x80025ce4 x24=0x00002000
      162029000	      7999	80003c08	40abd413	srai	x8,x23,0xa	 x23:0x00000000  x8=0x00000000
      162209000	      8008	80003c0c	02dd92b3	mulh	x5,x27,x13	 x27:0x000005e0 x13:0x88000000  x5=0xfffffd3f
      162229000	      8009	80003c10	8c2d	c.xor	x8,x11	  x8:0x00000000 x11:0x80021e20  x8=0x80021e20
      162249000	      8010	80003c12	717d	c.addi16sp	x2,-16	  x2:0x00000000  x2=0xfffffff0
      162309000	      8013	80003c14	0118f263	bgeu	x17,x17,80003c18	 x17:0x0000e000 x17:0x0000e000
      162849000	      8040	80003c18	05bf9163	bne	x31,x27,80003c5a	 x31:0x80025ce4 x27:0x000005e0
      163929000	      8094	80003c5a	02976933	rem	x18,x14,x9	 x14:0x00000000  x9:0x0003ffff x18=0x00000000
      163949000	      8095	80003c5e	9636	c.add	x12,x13	 x12:0x00006668 x13:0x88000000 x12=0x88006668
      163969000	      8096	80003c60	8765	c.srai	x14,0x19	 x14:0x00000000 x14=0x00000000
      163989000	      8097	80003c62	0001	c.addi	x0,0	  x0:0x00000000  x0=0x00000000
      164009000	      8098	80003c64	05f7d463	bge	x15,x31,80003cac	 x15:0xd160b000 x31:0x80025ce4
      164289000	      8112	80003cac	d67fb813	sltiu	x16,x31,-665	 x31:0x80025ce4 x16=0x00000001
      164589000	      8127	80003cb0	8492	c.mv	x9,x4	  x0:0x00000000  x4:0xfffffb27  x9=0xfffffb27
      164609000	      8128	80003cb2	01f323b3	slt	x7,x6,x31	  x6:0x00000000 x31:0x80025ce4  x7=0x00000000
      164649000	      8130	80003cb6	0209ed33	rem	x26,x19,x0	 x19:0x00014000  x0:0x00000000 x26=0x00014000
      164669000	      8131	80003cba	9e52	c.add	x28,x20	 x28:0x00000000 x20:0x7c75dbd8 x28=0x7c75dbd8
      164849000	      8140	80003cbc	01187033	and	x0,x16,x17	 x16:0x00000001 x17:0x0000e000  x0=0x00000000
      165069000	      8151	80003cc0	8c05	c.sub	x8,x9	  x8:0x80021e20  x9:0xfffffb27  x8=0x800222f9
      165089000	      8152	80003cc2	8e65	c.and	x12,x9	 x12:0x88006668  x9:0xfffffb27 x12=0x88006220
      165269000	      8161	80003cc4	eb142493	slti	x9,x8,-335	  x8:0x800222f9  x9=0x00000001
      165289000	      8162	80003cc8	e90d	c.bnez	x10,80003cfa	 x10:0x7a3d1000
      165569000	      8176	80003cfa	8c45	c.or	x8,x9	  x8:0x800222f9  x9:0x00000001  x8=0x800222f9
      165589000	      8177	80003cfc	8eb9	c.xor	x13,x14	 x13:0x88000000 x14:0x00000000 x13=0x88000000
      165609000	      8178	80003cfe	69e1	c.lui	x19,0x18	 x19=0x00018000
      166189000	      8207	80003d00	0d1a	c.slli	x26,0x6	 x26:0x00014000 x26=0x00500000
      166609000	      8228	80003d02	2acb2613	slti	x12,x22,684	 x22:0x00000000 x12=0x00000001
      166749000	      8235	80003d06	0000100f	fence.i	
      167789000	      8287	80003d0a	0153e233	or	x4,x7,x21	  x7:0x00000000 x21:0x00000000  x4=0x00000000
      167989000	      8297	80003d0e	022f24b3	mulhsu	x9,x30,x2	 x30:0x0000b000  x2:0xfffffff0  x9=0x0000afff
      168009000	      8298	80003d12	8d51	c.or	x10,x12	 x10:0x7a3d1000 x12:0x00000001 x10=0x7a3d1001
      168109000	      8303	80003d14	02b31d63	bne	x6,x11,80003d4e	  x6:0x00000000 x11:0x80021e20
      168829000	      8339	80003d4e	03211933	mulh	x18,x2,x18	  x2:0xfffffff0 x18:0x00000000 x18=0x00000000
      168849000	      8340	80003d52	037f8533	mul	x10,x31,x23	 x31:0x80025ce4 x23:0x00000000 x10=0x00000000
      168869000	      8341	80003d56	0000100f	fence.i	
      169169000	      8356	80003d5a	6149	c.addi16sp	x2,144	  x2:0xfffffff0  x2=0x00000080
      169209000	      8358	80003d5c	0295b933	mulhu	x18,x11,x9	 x11:0x80021e20  x9:0x0000afff x18=0x00005800
      169229000	      8359	80003d60	00e64863	blt	x12,x14,80003d70	 x12:0x00000001 x14:0x00000000
      169449000	      8370	80003d64	00d6d533	srl	x10,x13,x13	 x13:0x88000000 x13:0x88000000 x10=0x88000000
      170329000	      8414	80003d68	034ad7b3	divu	x15,x21,x20	 x21:0x00000000 x20:0x7c75dbd8 x15=0x00000000
      170349000	      8415	80003d6c	3c0d4793	xori	x15,x26,960	 x26:0x00500000 x15=0x005003c0
      170369000	      8416	80003d70	01c19e33	sll	x28,x3,x28	  x3:0x0000043c x28:0x7c75dbd8 x28=0x3c000000
      170389000	      8417	80003d74	0000100f	fence.i	
      170689000	      8432	80003d78	03706bb3	rem	x23,x0,x23	  x0:0x00000000 x23:0x00000000 x23=0x00000000
      170729000	      8434	80003d7c	0206dd33	divu	x26,x13,x0	 x13:0x88000000  x0:0x00000000 x26=0xffffffff
      170749000	      8435	80003d80	6549	c.lui	x10,0x12	 x10=0x00012000
      170769000	      8436	80003d82	9a86	c.add	x21,x1	 x21:0x00000000  x1:0x00000000 x21=0x00000000
      170849000	      8440	80003d84	8f55	c.or	x14,x13	 x14:0x00000000 x13:0x88000000 x14=0x88000000
      170869000	      8441	80003d86	0128b4b3	sltu	x9,x17,x18	 x17:0x0000e000 x18:0x00005800  x9=0x00000000
      170889000	      8442	80003d8a	04f2	c.slli	x9,0x1c	  x9:0x00000000  x9=0x00000000
      171289000	      8462	80003d8c	019182b3	add	x5,x3,x25	  x3:0x0000043c x25:0x00000000  x5=0x0000043c
      171309000	      8463	80003d90	01406e33	or	x28,x0,x20	  x0:0x00000000 x20:0x7c75dbd8 x28=0x7c75dbd8
      184029000	      9099	80003d94	8872	c.mv	x16,x28	  x0:0x00000000 x28:0x7c75dbd8 x16=0x7c75dbd8
      184049000	      9100	80003d96	00a4d363	bge	x9,x10,80003d9c	  x9:0x00000000 x10:0x00012000
      184069000	      9101	80003d9a	8f09	c.sub	x14,x10	 x14:0x88000000 x10:0x00012000 x14=0x87fee000
      184089000	      9102	80003d9c	8d01	c.sub	x10,x8	 x10:0x00012000  x8:0x800222f9 x10=0x7ffefd07
      184109000	      9103	80003d9e	4401	c.li	x8,0	  x8=0x00000000
      184129000	      9104	80003da0	41bc0533	sub	x10,x24,x27	 x24:0x00002000 x27:0x000005e0 x10=0x00001a20
      184169000	      9106	80003da4	033db6b3	mulhu	x13,x27,x19	 x27:0x000005e0 x19:0x00018000 x13=0x00000000
      184189000	      9107	80003da8	c111	c.beqz	x10,80003dac	 x10:0x00001a20
      184209000	      9108	80003daa	17fd	c.addi	x15,-1	 x15:0x005003c0 x15=0x005003bf
      184229000	      9109	80003dac	8fb5	c.xor	x15,x13	 x15:0x005003bf x13:0x00000000 x15=0x005003bf
      184249000	      9110	80003dae	6b6d	c.lui	x22,0x1b	 x22=0x0001b000
      184269000	      9111	80003db0	0064e6b3	or	x13,x9,x6	  x9:0x00000000  x6:0x00000000 x13=0x00000000
      184349000	      9115	80003db4	00085763	bge	x16,x0,80003dc2	 x16:0x7c75dbd8  x0:0x00000000
      184849000	      9140	80003dc2	62dd	c.lui	x5,0x17	  x5=0x00017000
      184909000	      9143	80003dc4	01001b93	slli	x23,x0,0x10	  x0:0x00000000 x23=0x00000000
      184929000	      9144	80003dc8	000714b3	sll	x9,x14,x0	 x14:0x87fee000  x0:0x00000000  x9=0x87fee000
      184949000	      9145	80003dcc	0c94	c.addi4spn	x13,x2,592	 x13=0x000002d0
      184989000	      9147	80003dce	5c212393	slti	x7,x2,1474	  x2:0x00000080  x7=0x00000001
      185069000	      9151	80003dd2	02eda533	mulhsu	x10,x27,x14	 x27:0x000005e0 x14:0x87fee000 x10=0x0000031e
      185089000	      9152	80003dd6	00f6	c.slli	x1,0x1d	  x1:0x00000000  x1=0x00000000
      185409000	      9168	80003dd8	1c7d	c.addi	x24,-1	 x24:0x00002000 x24=0x00001fff
      185429000	      9169	80003dda	02db4863	blt	x22,x13,80003e0a	 x22:0x0001b000 x13:0x000002d0
      185509000	      9173	80003dde	02739d33	mulh	x26,x7,x7	  x7:0x00000001  x7:0x00000001 x26=0x00000000
      185529000	      9174	80003de2	03c54663	blt	x10,x28,80003e0e	 x10:0x0000031e x28:0x7c75dbd8
      187029000	      9249	80003e0e	03b93133	mulhu	x2,x18,x27	 x18:0x00005800 x27:0x000005e0  x2=0x00000000
      187049000	      9250	80003e12	02f6	c.slli	x5,0x1d	  x5:0x00017000  x5=0x00000000
      187449000	      9270	80003e14	0263ad33	mulhsu	x26,x7,x6	  x7:0x00000001  x6:0x00000000 x26=0x00000000
      187849000	      9290	80003e18	41055893	srai	x17,x10,0x10	 x10:0x0000031e x17=0x00000000
      187869000	      9291	80003e1c	01895a63	bge	x18,x24,80003e30	 x18:0x00005800 x24:0x00001fff
      188009000	      9298	80003e30	3e300013	addi	x0,x0,995	  x0:0x00000000  x0=0x00000000
      188149000	      9305	80003e34	e685	c.bnez	x13,80003e5c	 x13:0x000002d0
      188369000	      9316	80003e5c	03cb26b3	mulhsu	x13,x22,x28	 x22:0x0001b000 x28:0x7c75dbd8 x13=0x0000d206
      189109000	      9353	80003e60	02e2fd33	remu	x26,x5,x14	  x5:0x00000000 x14:0x87fee000 x26=0x00000000
      189129000	      9354	80003e64	0001	c.addi	x0,0	  x0:0x00000000  x0=0x00000000
      189169000	      9356	80003e66	02d39eb3	mulh	x29,x7,x13	  x7:0x00000001 x13:0x0000d206 x29=0x00000000
      189189000	      9357	80003e6a	cb9d	c.beqz	x15,80003ea0	 x15:0x005003bf
      189209000	      9358	80003e6c	614d	c.addi16sp	x2,176	  x2:0x00000000  x2=0x000000b0
      189229000	      9359	80003e6e	84dd	c.srai	x9,0x17	  x9:0x87fee000  x9=0xffffff0f
      189249000	      9360	80003e70	40d68133	sub	x2,x13,x13	 x13:0x0000d206 x13:0x0000d206  x2=0x00000000
      189289000	      9362	80003e74	031c68b3	rem	x17,x24,x17	 x24:0x00001fff x17:0x00000000 x17=0x00001fff
      189449000	      9370	80003e78	03e66963	bltu	x12,x30,80003eaa	 x12:0x00000001 x30:0x0000b000
      190069000	      9401	80003eaa	011cda33	srl	x20,x25,x17	 x25:0x00000000 x17:0x00001fff x20=0x00000000
      190289000	      9412	80003eae	414f5ab3	sra	x21,x30,x20	 x30:0x0000b000 x20:0x00000000 x21=0x0000b000
      190449000	      9420	80003eb2	059c0363	beq	x24,x25,80003ef8	 x24:0x00001fff x25:0x00000000
      190889000	      9442	80003eb6	037cf3b3	remu	x7,x25,x23	 x25:0x00000000 x23:0x00000000  x7=0x00000000
      190949000	      9445	80003eba	409b07b3	sub	x15,x22,x9	 x22:0x0001b000  x9:0xffffff0f x15=0x0001b0f1
      190969000	      9446	80003ebe	8cad	c.xor	x9,x11	  x9:0xffffff0f x11:0x80021e20  x9=0x7ffde12f
      191349000	      9465	80003ec0	03de9f33	mulh	x30,x29,x29	 x29:0x00000000 x29:0x00000000 x30=0x00000000
      191369000	      9466	80003ec4	19fd	c.addi	x19,-1	 x19:0x00018000 x19=0x00017fff
      191769000	      9486	80003ec6	04591163	bne	x18,x5,80003f08	 x18:0x00005800  x5:0x00000000
      192629000	      9529	80003f08	613d	c.addi16sp	x2,480	  x2:0x00000000  x2=0x000001e0
      192729000	      9534	80003f0a	417ad0b3	sra	x1,x21,x23	 x21:0x0000b000 x23:0x00000000  x1=0x0000b000
      192929000	      9544	80003f0e	411b0633	sub	x12,x22,x17	 x22:0x0001b000 x17:0x00001fff x12=0x00019001
      192949000	      9545	80003f12	8e81	c.sub	x13,x8	 x13:0x0000d206  x8:0x00000000 x13=0x0000d206
      193029000	      9549	80003f14	001f1bb3	sll	x23,x30,x1	 x30:0x00000000  x1:0x0000b000 x23=0x00000000
      193269000	      9561	80003f18	0029c833	xor	x16,x19,x2	 x19:0x00017fff  x2:0x000001e0 x16=0x00017e1f
      193289000	      9562	80003f1c	f9397c93	andi	x25,x18,-109	 x18:0x00005800 x25=0x00005800
      193449000	      9570	80003f20	00831b33	sll	x22,x6,x8	  x6:0x00000000  x8:0x00000000 x22=0x00000000
      193469000	      9571	80003f24	031d6163	bltu	x26,x17,80003f46	 x26:0x00000000 x17:0x00001fff
      194249000	      9610	80003f46	007b1863	bne	x22,x7,80003f56	 x22:0x00000000  x7:0x00000000
      194269000	      9611	80003f4a	ee09	c.bnez	x12,80003f64	 x12:0x00019001
      194949000	      9645	80003f64	e90d	c.bnez	x10,80003f96	 x10:0x0000031e
      195569000	      9676	80003f96	f0fa63b7	lui	x7,0xf0fa6	  x7=0xf0fa6000
      195589000	      9677	80003f9a	8021	c.srli	x8,0x8	  x8:0x00000000  x8=0x00000000
      195609000	      9678	80003f9c	62494193	xori	x3,x18,1572	 x18:0x00005800  x3=0x00005e24
      195629000	      9679	80003fa0	99c34437	lui	x8,0x99c34	  x8=0x99c34000
      196049000	      9700	80003fa4	6155	c.addi16sp	x2,304	  x2:0x000001e0  x2=0x00000310
      196129000	      9704	80003fa6	0ff0000f	fence	iorw,iorw	
      196549000	      9725	80003faa	00e67833	and	x16,x12,x14	 x12:0x00019001 x14:0x87fee000 x16=0x00008000
      196569000	      9726	80003fae	02b2	c.slli	x5,0xc	  x5:0x00000000  x5=0x00000000
      196589000	      9727	80003fb0	98fd	c.andi	x9,-1	  x9:0x7ffde12f  x9=0x7ffde12f
      196689000	      9732	80003fb2	007c4433	xor	x8,x24,x7	 x24:0x00001fff  x7:0xf0fa6000  x8=0xf0fa7fff
      196729000	      9734	80003fb6	03a4f4b3	remu	x9,x9,x26	  x9:0x7ffde12f x26:0x00000000  x9=0x7ffde12f
      196749000	      9735	80003fba	cb5ff737	lui	x14,0xcb5ff	 x14=0xcb5ff000
      196769000	      9736	80003fbe	cf05	c.beqz	x14,80003ff6	 x14:0xcb5ff000
      197149000	      9755	80003fc0	0ff0000f	fence	iorw,iorw	
      197329000	      9764	80003fc4	fead4c97	auipc	x25,0xfead4	 x25=0x7ead7fc4
      197369000	      9766	80003fc8	025bceb3	div	x29,x23,x5	 x23:0x00000000  x5:0x00000000 x29=0xffffffff
      197789000	      9787	80003fcc	02702633	mulhsu	x12,x0,x7	  x0:0x00000000  x7:0xf0fa6000 x12=0x00000000
      197809000	      9788	80003fd0	e51d	c.bnez	x10,80003ffe	 x10:0x0000031e
      198689000	      9832	80003ffe	0001	c.addi	x0,0	  x0:0x00000000  x0=0x00000000
      199529000	      9874	80004000	8bfdf093	andi	x1,x27,-1857	 x27:0x000005e0  x1=0x000000a0
      199629000	      9879	80004004	8769	c.srai	x14,0x1a	 x14:0xcb5ff000 x14=0xfffffff2
      199769000	      9886	80004006	01e5c9b3	xor	x19,x11,x30	 x11:0x80021e20 x30:0x00000000 x19=0x80021e20
      199789000	      9887	8000400a	0164d663	bge	x9,x22,80004016	  x9:0x7ffde12f x22:0x00000000
      200249000	      9910	80004016	00115863	bge	x2,x1,80004026	  x2:0x00000310  x1:0x000000a0
      200609000	      9928	80004026	031a1863	bne	x20,x17,80004056	 x20:0x00000000 x17:0x00001fff
      201329000	      9964	80004056	0000100f	fence.i	
      201629000	      9979	8000405a	0000100f	fence.i	
      203409000	     10068	8000405e	02ade4b3	rem	x9,x27,x10	 x27:0x000005e0 x10:0x0000031e  x9=0x000002c2
      203429000	     10069	80004062	0000100f	fence.i	
      204249000	     10110	80004066	000fb633	sltu	x12,x31,x0	 x31:0x80025ce4  x0:0x00000000 x12=0x00000000
      204269000	     10111	8000406a	01287633	and	x12,x16,x18	 x16:0x00008000 x18:0x00005800 x12=0x00000000
      204309000	     10113	8000406e	025934b3	mulhu	x9,x18,x5	 x18:0x00005800  x5:0x00000000  x9=0x00000000
      204329000	     10114	80004072	c69d	c.beqz	x13,800040a0	 x13:0x0000d206
      204729000	     10134	80004074	027c9533	mulh	x10,x25,x7	 x25:0x7ead7fc4  x7:0xf0fa6000 x10=0xf8910cf3
      204749000	     10135	80004078	0ff0000f	fence	iorw,iorw	
      204769000	     10136	8000407c	010c93b3	sll	x7,x25,x16	 x25:0x7ead7fc4 x16:0x00008000  x7=0x7ead7fc4
      204789000	     10137	80004080	01cf8533	add	x10,x31,x28	 x31:0x80025ce4 x28:0x7c75dbd8 x10=0xfc7838bc
      204889000	     10142	80004084	0000100f	fence.i	
      205589000	     10177	80004088	03ce7063	bgeu	x28,x28,800040a8	 x28:0x7c75dbd8 x28:0x7c75dbd8
      206249000	     10210	800040a8	0ff0000f	fence	iorw,iorw	
      206269000	     10211	800040ac	010bbab3	sltu	x21,x23,x16	 x23:0x00000000 x16:0x00008000 x21=0x00000001
      206469000	     10221	800040b0	7e65c117	auipc	x2,0x7e65c	  x2=0xfe6600b0
      206629000	     10229	800040b4	0000100f	fence.i	
      206749000	     10235	800040b8	cb19	c.beqz	x14,800040ce	 x14:0xfffffff2
      206769000	     10236	800040ba	82e5	c.srli	x13,0x19	 x13:0x0000d206 x13=0x00000000
      207069000	     10251	800040bc	6b25	c.lui	x22,0x9	 x22=0x00009000
      207089000	     10252	800040be	01f05793	srli	x15,x0,0x1f	  x0:0x00000000 x15=0x00000000
      207989000	     10297	800040c2	023efa33	remu	x20,x29,x3	 x29:0xffffffff  x3:0x00005e24 x20=0x000026a7
      208009000	     10298	800040c6	b9864193	xori	x3,x12,-1128	 x12:0x00000000  x3=0xfffffb98
      208029000	     10299	800040ca	0127de33	srl	x28,x15,x18	 x15:0x00000000 x18:0x00005800 x28=0x00000000
      208069000	     10301	800040ce	02fd9233	mulh	x4,x27,x15	 x27:0x000005e0 x15:0x00000000  x4=0x00000000
      208089000	     10302	800040d2	8c55	c.or	x8,x13	  x8:0xf0fa7fff x13:0x00000000  x8=0xf0fa7fff
      208109000	     10303	800040d4	40cbd933	sra	x18,x23,x12	 x23:0x00000000 x12:0x00000000 x18=0x00000000
      208129000	     10304	800040d8	009b3433	sltu	x8,x22,x9	 x22:0x00009000  x9:0x00000000  x8=0x00000000
      208149000	     10305	800040dc	c78d	c.beqz	x15,80004106	 x15:0x00000000
      208409000	     10318	80004106	0120d363	bge	x1,x18,8000410c	  x1:0x000000a0 x18:0x00000000
      208509000	     10323	8000410c	e89ca113	slti	x2,x25,-375	 x25:0x7ead7fc4  x2=0x00000000
      208669000	     10331	80004110	0001	c.addi	x0,0	  x0:0x00000000  x0=0x00000000
      208689000	     10332	80004112	41bf0e33	sub	x28,x30,x27	 x30:0x00000000 x27:0x000005e0 x28=0xfffffa20
      208829000	     10339	80004116	03b53a33	mulhu	x20,x10,x27	 x10:0xfc7838bc x27:0x000005e0 x20=0x000005cb
      208849000	     10340	8000411a	00d6ac33	slt	x24,x13,x13	 x13:0x00000000 x13:0x00000000 x24=0x00000000
      208869000	     10341	8000411e	01106b33	or	x22,x0,x17	  x0:0x00000000 x17:0x00001fff x22=0x00001fff
      209069000	     10351	80004122	028667b3	rem	x15,x12,x8	 x12:0x00000000  x8:0x00000000 x15=0x00000000
      209469000	     10371	80004126	0174c863	blt	x9,x23,80004136	  x9:0x00000000 x23:0x00000000
      209489000	     10372	8000412a	0001	c.addi	x0,0	  x0:0x00000000  x0=0x00000000
      209509000	     10373	8000412c	e329	c.bnez	x14,8000416e	 x14:0xfffffff2
      209949000	     10395	8000416e	e68d	c.bnez	x13,80004198	 x13:0x00000000
      209969000	     10396	80004170	039b8733	mul	x14,x23,x25	 x23:0x00000000 x25:0x7ead7fc4 x14=0x00000000
      210389000	     10417	80004174	69e9	c.lui	x19,0x1a	 x19=0x0001a000
      210409000	     10418	80004176	87d1	c.srai	x15,0x14	 x15:0x00000000 x15=0x00000000
      210449000	     10420	80004178	028dfb63	bgeu	x27,x8,800041ae	 x27:0x000005e0  x8:0x00000000
      210669000	     10431	800041ae	c799	c.beqz	x15,800041bc	 x15:0x00000000
      210949000	     10445	800041bc	41cd8933	sub	x18,x27,x28	 x27:0x000005e0 x28:0xfffffa20 x18=0x00000bc0
      211149000	     10455	800041c0	40cc5c13	srai	x24,x24,0xc	 x24:0x00000000 x24=0x00000000
      211409000	     10468	800041c4	1388	c.addi4spn	x10,x2,480	 x10=0x000001e0
      212649000	     10530	800041c6	00669c63	bne	x13,x6,800041de	 x13:0x00000000  x6:0x00000000
      212669000	     10531	800041ca	0001	c.addi	x0,0	  x0:0x00000000  x0=0x00000000
      212689000	     10532	800041cc	8c85	c.sub	x9,x9	  x9:0x00000000  x9:0x00000000  x9=0x00000000
      212709000	     10533	800041ce	ca81	c.beqz	x13,800041de	 x13:0x00000000
      213269000	     10561	800041de	012f5db3	srl	x27,x30,x18	 x30:0x00000000 x18:0x00000bc0 x27=0x00000000
      213289000	     10562	800041e2	0001	c.addi	x0,0	  x0:0x00000000  x0=0x00000000
      213409000	     10568	800041e4	9a7d	c.andi	x12,-1	 x12:0x00000000 x12=0x00000000
      213429000	     10569	800041e6	014a	c.slli	x2,0x12	  x2:0x00000000  x2=0x00000000
      213449000	     10570	800041e8	1a88	c.addi4spn	x10,x2,368	 x10=0x00000170
      213469000	     10571	800041ea	001da6b3	slt	x13,x27,x1	 x27:0x00000000  x1:0x000000a0 x13=0x00000001
      213869000	     10591	800041ee	02968e33	mul	x28,x13,x9	 x13:0x00000001  x9:0x00000000 x28=0x00000000
      213889000	     10592	800041f2	0001	c.addi	x0,0	  x0:0x00000000  x0=0x00000000
      213909000	     10593	800041f4	8f4d	c.or	x14,x11	 x14:0x00000000 x11:0x80021e20 x14=0x80021e20
      214309000	     10613	800041f6	0000100f	fence.i	
      214949000	     10645	800041fa	8a05	c.andi	x12,1	 x12:0x00000000 x12=0x00000000
      214969000	     10646	800041fc	8f4d	c.or	x14,x11	 x14:0x80021e20 x11:0x80021e20 x14=0x80021e20
      214989000	     10647	800041fe	01109463	bne	x1,x17,80004206	  x1:0x000000a0 x17:0x00001fff
      215489000	     10672	80004206	038c6363	bltu	x24,x24,8000422c	 x24:0x00000000 x24:0x00000000
      215529000	     10674	8000420a	03e0a133	mulhsu	x2,x1,x30	  x1:0x000000a0 x30:0x00000000  x2=0x00000000
      215549000	     10675	8000420e	1594	c.addi4spn	x13,x2,736	 x13=0x000002e0
      215569000	     10676	80004210	82bd	c.srli	x13,0xf	 x13:0x000002e0 x13=0x00000000
      215749000	     10685	80004212	648086b7	lui	x13,0x64808	 x13=0x64808000
      216009000	     10698	80004216	038562b3	rem	x5,x10,x24	 x10:0x00000170 x24:0x00000000  x5=0x00000170
      216029000	     10699	8000421a	c309	c.beqz	x14,8000421c	 x14:0x80021e20
      216409000	     10718	8000421c	9f05f013	andi	x0,x11,-1552	 x11:0x80021e20  x0=0x00000000
      216729000	     10734	80004220	6ecbf493	andi	x9,x23,1772	 x23:0x00000000  x9=0x00000000
      217469000	     10771	80004224	0306d9b3	divu	x19,x13,x16	 x13:0x64808000 x16:0x00008000 x19=0x0000c901
      217489000	     10772	80004228	e919	c.bnez	x10,8000423e	 x10:0x00000170
      218029000	     10799	8000423e	005da633	slt	x12,x27,x5	 x27:0x00000000  x5:0x00000170 x12=0x00000001
      218049000	     10800	80004242	01259993	slli	x19,x11,0x12	 x11:0x80021e20 x19=0x78800000
      218929000	     10844	80004246	03286233	rem	x4,x16,x18	 x16:0x00008000 x18:0x00000bc0  x4=0x00000a80
      219669000	     10881	8000424a	03fdf433	remu	x8,x27,x31	 x27:0x00000000 x31:0x80025ce4  x8=0x00000000
      219689000	     10882	8000424e	d069cd13	xori	x26,x19,-762	 x19:0x78800000 x26=0x877ffd06
      219709000	     10883	80004252	0ff0000f	fence	iorw,iorw	
      219729000	     10884	80004256	cc85	c.beqz	x9,8000428e	  x9:0x00000000
      220249000	     10910	8000428e	00fcd9b3	srl	x19,x25,x15	 x25:0x7ead7fc4 x15:0x00000000 x19=0x7ead7fc4
      220269000	     10911	80004292	0001	c.addi	x0,0	  x0:0x00000000  x0=0x00000000
      220669000	     10931	80004294	018be763	bltu	x23,x24,800042a2	 x23:0x00000000 x24:0x00000000
      220689000	     10932	80004298	8391	c.srli	x15,0x4	 x15:0x00000000 x15=0x00000000
      220729000	     10934	8000429a	03ff2033	mulhsu	x0,x30,x31	 x30:0x00000000 x31:0x80025ce4  x0=0x00000000
      220749000	     10935	8000429e	01cf4e63	blt	x30,x28,800042ba	 x30:0x00000000 x28:0x00000000
      220789000	     10937	800042a2	03169633	mulh	x12,x13,x17	 x13:0x64808000 x17:0x00001fff x12=0x00000c8f
      220809000	     10938	800042a6	9a833b13	sltiu	x22,x6,-1624	  x6:0x00000000 x22=0x00000001
      220829000	     10939	800042aa	0211	c.addi	x4,4	  x4:0x00000a80  x4=0x00000a84
      220849000	     10940	800042ac	0322fd63	bgeu	x5,x18,800042e6	  x5:0x00000170 x18:0x00000bc0
      220969000	     10946	800042b0	41a752b3	sra	x5,x14,x26	 x14:0x80021e20 x26:0x877ffd06  x5=0xfe000878
      221149000	     10955	800042b4	0001	c.addi	x0,0	  x0:0x00000000  x0=0x00000000
      221249000	     10960	800042b6	0ff0000f	fence	iorw,iorw	
      221569000	     10976	800042ba	03ac6963	bltu	x24,x26,800042ec	 x24:0x00000000 x26:0x877ffd06
      222049000	     11000	800042ec	41968433	sub	x8,x13,x25	 x13:0x64808000 x25:0x7ead7fc4  x8=0xe5d3003c
      222089000	     11002	800042f0	0000100f	fence.i	
      222429000	     11019	800042f4	0116a633	slt	x12,x13,x17	 x13:0x64808000 x17:0x00001fff x12=0x00000000
      222789000	     11037	800042f8	84d1	c.srai	x9,0x14	  x9:0x00000000  x9=0x00000000
      223129000	     11054	800042fa	001f7863	bgeu	x30,x1,8000430a	 x30:0x00000000  x1:0x000000a0
      223149000	     11055	800042fe	0ca9	c.addi	x25,10	 x25:0x7ead7fc4 x25=0x7ead7fce
      223169000	     11056	80004300	404fdf13	srai	x30,x31,0x4	 x31:0x80025ce4 x30=0xf80025ce
      223569000	     11076	80004304	03935e63	bge	x6,x25,80004340	  x6:0x00000000 x25:0x7ead7fce
      223749000	     11085	80004308	57fd	c.li	x15,-1	 x15=0xffffffff
      223769000	     11086	8000430a	4dc1	c.li	x27,16	 x27=0x00000010
      223849000	     11090	8000430c	005a1cb3	sll	x25,x20,x5	 x20:0x000005cb  x5:0xfe000878 x25=0xcb000000
      223929000	     11094	80004310	03316663	bltu	x2,x19,8000433c	  x2:0x00000000 x19:0x7ead7fc4
      224349000	     11115	8000433c	0254ab33	mulhsu	x22,x9,x5	  x9:0x00000000  x5:0xfe000878 x22=0x00000000
      224689000	     11132	80004340	d186a993	slti	x19,x13,-744	 x13:0x64808000 x19=0x00000000
      224709000	     11133	80004344	d2e92993	slti	x19,x18,-722	 x18:0x00000bc0 x19=0x00000000
      225129000	     11154	80004348	7b78ea13	ori	x20,x17,1975	 x17:0x00001fff x20=0x00001fff
      225149000	     11155	8000434c	03668063	beq	x13,x22,8000436c	 x13:0x64808000 x22:0x00000000
      225329000	     11164	80004350	026f8e63	beq	x31,x6,8000438c	 x31:0x80025ce4  x6:0x00000000
      225349000	     11165	80004354	38657693	andi	x13,x10,902	 x10:0x00000170 x13=0x00000100
      225369000	     11166	80004358	9ef2	c.add	x29,x28	 x29:0xffffffff x28:0x00000000 x29=0xffffffff
      225449000	     11170	8000435a	a5650013	addi	x0,x10,-1450	 x10:0x00000170  x0=0x00000000
      225469000	     11171	8000435e	00791f33	sll	x30,x18,x7	 x18:0x00000bc0  x7:0x7ead7fc4 x30=0x0000bc00
      225489000	     11172	80004362	8f69	c.and	x14,x10	 x14:0x80021e20 x10:0x00000170 x14=0x00000020
      225869000	     11191	80004364	48136213	ori	x4,x6,1153	  x6:0x00000000  x4=0x00000481
      226069000	     11201	80004368	8f21	c.xor	x14,x8	 x14:0x00000020  x8:0xe5d3003c x14=0xe5d3001c
      226089000	     11202	8000436a	8fd5	c.or	x15,x13	 x15:0xffffffff x13:0x00000100 x15=0xffffffff
      226109000	     11203	8000436c	407edbb3	sra	x23,x29,x7	 x29:0xffffffff  x7:0x7ead7fc4 x23=0xffffffff
      226129000	     11204	80004370	00698db3	add	x27,x19,x6	 x19:0x00000000  x6:0x00000000 x27=0x00000000
      226149000	     11205	80004374	41e9dc13	srai	x24,x19,0x1e	 x19:0x00000000 x24=0x00000000
      226169000	     11206	80004378	e311	c.bnez	x14,8000437c	 x14:0xe5d3001c
      226669000	     11231	8000437c	0ff0000f	fence	iorw,iorw	
      226689000	     11232	80004380	b8f82717	auipc	x14,0xb8f82	 x14=0x38f86380
      226809000	     11238	80004384	05aad263	bge	x21,x26,800043c8	 x21:0x00000001 x26:0x877ffd06
      227909000	     11293	800043c8	038882b3	mul	x5,x17,x24	 x17:0x00001fff x24:0x00000000  x5=0x00000000
      227929000	     11294	800043cc	a130c793	xori	x15,x1,-1517	  x1:0x000000a0 x15=0xfffffab3
      227949000	     11295	800043d0	79ae0093	addi	x1,x28,1946	 x28:0x00000000  x1=0x0000079a
      228049000	     11300	800043d4	8305	c.srli	x14,0x1	 x14:0x38f86380 x14=0x1c7c31c0
      228069000	     11301	800043d6	0001	c.addi	x0,0	  x0:0x00000000  x0=0x00000000
      228469000	     11321	800043d8	3af12d93	slti	x27,x2,943	  x2:0x00000000 x27=0x00000001
      228909000	     11343	800043dc	02276f33	rem	x30,x14,x2	 x14:0x1c7c31c0  x2:0x00000000 x30=0x1c7c31c0
      228929000	     11344	800043e0	03aa5963	bge	x20,x26,80004412	 x20:0x00001fff x26:0x877ffd06
      229689000	     11382	80004412	42c5	c.li	x5,17	  x5=0x00000011
      229889000	     11392	80004414	8f59	c.or	x14,x14	 x14:0x1c7c31c0 x14:0x1c7c31c0 x14=0x1c7c31c0
      229969000	     11396	80004416	029c34b3	mulhu	x9,x24,x9	 x24:0x00000000  x9:0x00000000  x9=0x00000000
      230129000	     11404	8000441a	b2802693	slti	x13,x0,-1240	  x0:0x00000000 x13=0x00000000
      230149000	     11405	8000441e	03ce4563	blt	x28,x28,80004448	 x28:0x00000000 x28:0x00000000
      230269000	     11411	80004422	785f7813	andi	x16,x30,1925	 x30:0x1c7c31c0 x16=0x00000180
      230389000	     11417	80004426	00bf68b3	or	x17,x30,x11	 x30:0x1c7c31c0 x11:0x80021e20 x17=0x9c7e3fe0
      230409000	     11418	8000442a	e4b73b13	sltiu	x22,x14,-437	 x14:0x1c7c31c0 x22=0x00000001
      230429000	     11419	8000442e	b87fb093	sltiu	x1,x31,-1145	 x31:0x80025ce4  x1=0x00000001
      230449000	     11420	80004432	01ace9b3	or	x19,x25,x26	 x25:0xcb000000 x26:0x877ffd06 x19=0xcf7ffd06
      230529000	     11424	80004436	0055df63	bge	x11,x5,80004454	 x11:0x80021e20  x5:0x00000011
      230549000	     11425	8000443a	32b7f493	andi	x9,x15,811	 x15:0xfffffab3  x9=0x00000223
      230569000	     11426	8000443e	86d6	c.mv	x13,x21	  x0:0x00000000 x21:0x00000001 x13=0x00000001
      230609000	     11428	80004440	035e9b33	mulh	x22,x29,x21	 x29:0xffffffff x21:0x00000001 x22=0xffffffff
      230629000	     11429	80004444	00e5a9b3	slt	x19,x11,x14	 x11:0x80021e20 x14:0x1c7c31c0 x19=0x00000001
      230829000	     11439	80004448	025793b3	mulh	x7,x15,x5	 x15:0xfffffab3  x5:0x00000011  x7=0xffffffff
      230929000	     11444	8000444c	c78d	c.beqz	x15,80004476	 x15:0xfffffab3
      231349000	     11465	8000444e	00e1b733	sltu	x14,x3,x14	  x3:0xfffffb98 x14:0x1c7c31c0 x14=0x00000000
      231369000	     11466	80004452	8659	c.srai	x12,0x16	 x12:0x00000000 x12=0x00000000
      231769000	     11486	80004454	4c59	c.li	x24,22	 x24=0x00000016
      231949000	     11495	80004456	03297063	bgeu	x18,x18,80004476	 x18:0x00000bc0 x18:0x00000bc0
      232709000	     11533	80004476	4b51	c.li	x22,20	 x22=0x00000014
      232869000	     11541	80004478	e50e8013	addi	x0,x29,-432	 x29:0xffffffff  x0=0x00000000
      233289000	     11562	8000447c	0154df13	srli	x30,x9,0x15	  x9:0x00000223 x30=0x00000000
      233309000	     11563	80004480	8a01	c.andi	x12,0	 x12:0x00000000 x12=0x00000000
      233349000	     11565	80004482	02f4ad33	mulhsu	x26,x9,x15	  x9:0x00000223 x15:0xfffffab3 x26=0x00000222
      233369000	     11566	80004486	a4867b17	auipc	x22,0xa4867	 x22=0x2486b486
      233569000	     11576	8000448a	0052f763	bgeu	x5,x5,80004498	  x5:0x00000011  x5:0x00000011
      234069000	     11601	80004498	ca0d	c.beqz	x12,800044ca	 x12:0x00000000
      235229000	     11659	800044ca	83472f13	slti	x30,x14,-1996	 x14:0x00000000 x30=0x00000000
      235249000	     11660	800044ce	0000100f	fence.i	
      235849000	     11690	800044d2	d3b0b493	sltiu	x9,x1,-709	  x1:0x00000001  x9=0x00000001
      235869000	     11691	800044d6	0f2d	c.addi	x30,11	 x30:0x00000000 x30=0x0000000b
      236609000	     11728	800044d8	03b4ee33	rem	x28,x9,x27	  x9:0x00000001 x27:0x00000001 x28=0x00000000
      236629000	     11729	800044dc	08ca	c.slli	x17,0x12	 x17:0x9c7e3fe0 x17=0xff800000
      237369000	     11766	800044de	0310dcb3	divu	x25,x1,x17	  x1:0x00000001 x17:0xff800000 x25=0x00000000
      237389000	     11767	800044e2	8559	c.srai	x10,0x16	 x10:0x00000170 x10=0x00000000
      237409000	     11768	800044e4	0152e663	bltu	x5,x21,800044f0	  x5:0x00000011 x21:0x00000001
      237429000	     11769	800044e8	02a4d363	bge	x9,x10,8000450e	  x9:0x00000001 x10:0x00000000
      246769000	     12236	8000450e	419b89b3	sub	x19,x23,x25	 x23:0xffffffff x25:0x00000000 x19=0xffffffff
      246789000	     12237	80004512	40095293	srai	x5,x18,0x0	 x18:0x00000bc0  x5=0x00000bc0
      246809000	     12238	80004516	f749a013	slti	x0,x19,-140	 x19:0xffffffff  x0=0x00000000
      246829000	     12239	8000451a	0ff0000f	fence	iorw,iorw	
      246849000	     12240	8000451e	8d35	c.xor	x10,x13	 x10:0x00000000 x13:0x00000001 x10=0x00000001
      247109000	     12253	80004520	03a38733	mul	x14,x7,x26	  x7:0xffffffff x26:0x00000222 x14=0xfffffdde
      247189000	     12257	80004524	00879e33	sll	x28,x15,x8	 x15:0xfffffab3  x8:0xe5d3003c x28=0x30000000
      247209000	     12258	80004528	61d7cd13	xori	x26,x15,1565	 x15:0xfffffab3 x26=0xfffffcae
      247229000	     12259	8000452c	cf05	c.beqz	x14,80004564	 x14:0xfffffdde
      247249000	     12260	8000452e	0001	c.addi	x0,0	  x0:0x00000000  x0=0x00000000
      248029000	     12299	80004530	0300f6b3	remu	x13,x1,x16	  x1:0x00000001 x16:0x00000180 x13=0x00000001
      248049000	     12300	80004534	0001	c.addi	x0,0	  x0:0x00000000  x0=0x00000000
      248069000	     12301	80004536	97be	c.add	x15,x15	 x15:0xfffffab3 x15:0xfffffab3 x15=0xfffff566
      248809000	     12338	80004538	036c6ab3	rem	x21,x24,x22	 x24:0x00000016 x22:0x2486b486 x21=0x00000016
      248829000	     12339	8000453c	8f51	c.or	x14,x12	 x14:0xfffffdde x12:0x00000000 x14=0xfffffdde
      248849000	     12340	8000453e	02efe963	bltu	x31,x14,80004570	 x31:0x80025ce4 x14:0xfffffdde
      249069000	     12351	80004570	01883eb3	sltu	x29,x16,x24	 x16:0x00000180 x24:0x00000016 x29=0x00000000
      249149000	     12355	80004574	00da6e33	or	x28,x20,x13	 x20:0x00001fff x13:0x00000001 x28=0x00001fff
      249269000	     12361	80004578	5f6f8693	addi	x13,x31,1526	 x31:0x80025ce4 x13=0x800262da
      249289000	     12362	8000457c	41e4f393	andi	x7,x9,1054	  x9:0x00000001  x7=0x00000000
      249309000	     12363	80004580	017f1b33	sll	x22,x30,x23	 x30:0x0000000b x23:0xffffffff x22=0x80000000
      249349000	     12365	80004584	02863533	mulhu	x10,x12,x8	 x12:0x00000000  x8:0xe5d3003c x10=0x00000000
      249369000	     12366	80004588	c609	c.beqz	x12,80004592	 x12:0x00000000
      250149000	     12405	80004592	40de83b3	sub	x7,x29,x13	 x29:0x00000000 x13:0x800262da  x7=0x7ffd9d26
      250169000	     12406	80004596	0001	c.addi	x0,0	  x0:0x00000000  x0=0x00000000
      250189000	     12407	80004598	014c5cb3	srl	x25,x24,x20	 x24:0x00000016 x20:0x00001fff x25=0x00000000
      250429000	     12419	8000459c	8c05	c.sub	x8,x9	  x8:0xe5d3003c  x9:0x00000001  x8=0xe5d3003b
      250549000	     12425	8000459e	02629863	bne	x5,x6,800045ce	  x5:0x00000bc0  x6:0x00000000
      250969000	     12446	800045ce	8369	c.srli	x14,0x1a	 x14:0xfffffdde x14=0x0000003f
      251049000	     12450	800045d0	003a7463	bgeu	x20,x3,800045d8	 x20:0x00001fff  x3:0xfffffb98
      251169000	     12456	800045d4	005c7433	and	x8,x24,x5	 x24:0x00000016  x5:0x00000bc0  x8=0x00000000
      251409000	     12468	800045d8	0629	c.addi	x12,10	 x12:0x00000000 x12=0x0000000a
      251449000	     12470	800045da	02943a33	mulhu	x20,x8,x9	  x8:0x00000000  x9:0x00000001 x20=0x00000000
      251469000	     12471	800045de	6871	c.lui	x16,0x1c	 x16=0x0001c000
      252209000	     12508	800045e0	033cdab3	divu	x21,x25,x19	 x25:0x00000000 x19:0xffffffff x21=0x00000000
      252229000	     12509	800045e4	4092d8b3	sra	x17,x5,x9	  x5:0x00000bc0  x9:0x00000001 x17=0x000005e0
      252249000	     12510	800045e8	07ae	c.slli	x15,0xb	 x15:0xfffff566 x15=0xffab3000
      252269000	     12511	800045ea	2c427913	andi	x18,x4,708	  x4:0x00000481 x18=0x00000080
      252289000	     12512	800045ee	ce8d	c.beqz	x13,80004628	 x13:0x800262da
      252309000	     12513	800045f0	00cdc463	blt	x27,x12,800045f8	 x27:0x00000001 x12:0x0000000a
      252909000	     12543	800045f8	40775a13	srai	x20,x14,0x7	 x14:0x0000003f x20=0x00000000
      253189000	     12557	800045fc	0c41	c.addi	x24,16	 x24:0x00000016 x24=0x00000026
      253209000	     12558	800045fe	e89d	c.bnez	x9,80004634	  x9:0x00000001
      254089000	     12602	80004634	00a471b3	and	x3,x8,x10	  x8:0x00000000 x10:0x00000000  x3=0x00000000
      254169000	     12606	80004638	03791163	bne	x18,x23,8000465a	 x18:0x00000080 x23:0xffffffff
      254589000	     12627	8000465a	01e91eb3	sll	x29,x18,x30	 x18:0x00000080 x30:0x0000000b x29=0x00040000
      254609000	     12628	8000465e	01c0dd33	srl	x26,x1,x28	  x1:0x00000001 x28:0x00001fff x26=0x00000000
      254789000	     12637	80004662	401eda93	srai	x21,x29,0x1	 x29:0x00040000 x21=0x00020000
      255209000	     12658	80004666	01693433	sltu	x8,x18,x22	 x18:0x00000080 x22:0x80000000  x8=0x00000001
      255229000	     12659	8000466a	0e756c93	ori	x25,x10,231	 x10:0x00000000 x25=0x000000e7
      255249000	     12660	8000466e	013fc233	xor	x4,x31,x19	 x31:0x80025ce4 x19:0xffffffff  x4=0x7ffda31b
      255269000	     12661	80004672	9bfd	c.andi	x15,-1	 x15:0xffab3000 x15=0xffab3000
      255289000	     12662	80004674	0206ed63	bltu	x13,x0,800046ae	 x13:0x800262da  x0:0x00000000
      255449000	     12670	80004678	0269fb63	bgeu	x19,x6,800046ae	 x19:0xffffffff  x6:0x00000000
      257609000	     12778	800046ae	01bc1d33	sll	x26,x24,x27	 x24:0x00000026 x27:0x00000001 x26=0x0000004c
      257729000	     12784	800046b2	022f9363	bne	x31,x2,800046d8	 x31:0x80025ce4  x2:0x00000000
      258389000	     12817	800046d8	0000100f	fence.i	
      258749000	     12835	800046dc	0396	c.slli	x7,0x5	  x7:0x7ffd9d26  x7=0xffb3a4c0
      258769000	     12836	800046de	8cb1	c.xor	x9,x12	  x9:0x00000001 x12:0x0000000a  x9=0x0000000b
      258789000	     12837	800046e0	404388b3	sub	x17,x7,x4	  x7:0xffb3a4c0  x4:0x7ffda31b x17=0x7fb601a5
      258809000	     12838	800046e4	0124b2b3	sltu	x5,x9,x18	  x9:0x0000000b x18:0x00000080  x5=0x00000001
      258829000	     12839	800046e8	03681f63	bne	x16,x22,80004726	 x16:0x0001c000 x22:0x80000000
      259149000	     12855	80004726	8779	c.srai	x14,0x1e	 x14:0x0000003f x14=0x00000000
      259289000	     12862	80004728	6211	c.lui	x4,0x4	  x4=0x00004000
      259429000	     12869	8000472a	02163e33	mulhu	x28,x12,x1	 x12:0x0000000a  x1:0x00000001 x28=0x00000000
      259449000	     12870	8000472e	03abc763	blt	x23,x26,8000475c	 x23:0xffffffff x26:0x0000004c
      259569000	     12876	8000475c	01809eb3	sll	x29,x1,x24	  x1:0x00000001 x24:0x00000026 x29=0x00000040
      259609000	     12878	80004760	03486533	rem	x10,x16,x20	 x16:0x0001c000 x20:0x00000000 x10=0x0001c000
      259629000	     12879	80004764	01d59393	slli	x7,x11,0x1d	 x11:0x80021e20  x7=0x00000000
      259649000	     12880	80004768	00dbd113	srli	x2,x23,0xd	 x23:0xffffffff  x2=0x0007ffff
      259669000	     12881	8000476c	8ed9	c.or	x13,x14	 x13:0x800262da x14:0x00000000 x13=0x800262da
      259689000	     12882	8000476e	8efd	c.and	x13,x15	 x13:0x800262da x15:0xffab3000 x13=0x80022000
      259709000	     12883	80004770	018c5763	bge	x24,x24,8000477e	 x24:0x00000026 x24:0x00000026
      260329000	     12914	8000477e	00651d63	bne	x10,x6,80004798	 x10:0x0001c000  x6:0x00000000
      261909000	     12993	80004798	ea01	c.bnez	x12,800047a8	 x12:0x0000000a
      262329000	     13014	800047a8	00b55933	srl	x18,x10,x11	 x10:0x0001c000 x11:0x80021e20 x18=0x0001c000
      262349000	     13015	800047ac	1e8f16b7	lui	x13,0x1e8f1	 x13=0x1e8f1000
      262369000	     13016	800047b0	6119	c.addi16sp	x2,384	  x2:0x0007ffff  x2=0x0008017f
      262389000	     13017	800047b2	00005db3	srl	x27,x0,x0	  x0:0x00000000  x0:0x00000000 x27=0x00000000
      262409000	     13018	800047b6	4139de33	sra	x28,x19,x19	 x19:0xffffffff x19:0xffffffff x28=0xffffffff
      262429000	     13019	800047ba	01a2b533	sltu	x10,x5,x26	  x5:0x00000001 x26:0x0000004c x10=0x00000001
      262569000	     13026	800047be	02c200b3	mul	x1,x4,x12	  x4:0x00004000 x12:0x0000000a  x1=0x00028000
      262589000	     13027	800047c2	9bfd	c.andi	x15,-1	 x15:0xffab3000 x15=0xffab3000
      262709000	     13033	800047c4	8253ae13	slti	x28,x7,-2011	  x7:0x00000000 x28=0x00000000
      262729000	     13034	800047c8	0124ef63	bltu	x9,x18,800047e6	  x9:0x0000000b x18:0x0001c000
      263429000	     13069	800047e6	437e8d93	addi	x27,x29,1079	 x29:0x00000040 x27=0x00000477
      263449000	     13070	800047ea	9a7d	c.andi	x12,-1	 x12:0x0000000a x12=0x0000000a
      263609000	     13078	800047ec	717d	c.addi16sp	x2,-16	  x2:0x0008017f  x2=0x0008016f
      263789000	     13087	800047ee	8e412c93	slti	x25,x2,-1820	  x2:0x0008016f x25=0x00000000
      264209000	     13108	800047f2	019faf33	slt	x30,x31,x25	 x31:0x80025ce4 x25:0x00000000 x30=0x00000001
      264269000	     13111	800047f6	41228433	sub	x8,x5,x18	  x5:0x00000001 x18:0x0001c000  x8=0xfffe4001
      264389000	     13117	800047fa	898b7893	andi	x17,x22,-1896	 x22:0x80000000 x17=0x80000000
      264409000	     13118	800047fe	8956	c.mv	x18,x21	  x0:0x00000000 x21:0x00020000 x18=0x00020000
      264489000	     13122	80004800	9b96	c.add	x23,x5	 x23:0xffffffff  x5:0x00000001 x23=0x00000000
      264589000	     13127	80004802	01d3acb3	slt	x25,x7,x29	  x7:0x00000000 x29:0x00000040 x25=0x00000001
      264609000	     13128	80004806	8bf1	c.andi	x15,28	 x15:0xffab3000 x15=0x00000000
      265349000	     13165	80004808	0211d2b3	divu	x5,x3,x1	  x3:0x00000000  x1:0x00028000  x5=0x00000000
      265389000	     13167	8000480c	03eca2b3	mulhsu	x5,x25,x30	 x25:0x00000001 x30:0x00000001  x5=0x00000000
      265409000	     13168	80004810	00816e33	or	x28,x2,x8	  x2:0x0008016f  x8:0xfffe4001 x28=0xfffe416f
      266149000	     13205	80004814	0299fa33	remu	x20,x19,x9	 x19:0xffffffff  x9:0x0000000b x20=0x00000003
      266169000	     13206	80004818	8ef9	c.and	x13,x14	 x13:0x1e8f1000 x14:0x00000000 x13=0x00000000
      266189000	     13207	8000481a	00ed	c.addi	x1,27	  x1:0x00028000  x1=0x0002801b
      266209000	     13208	8000481c	01cba833	slt	x16,x23,x28	 x23:0x00000000 x28:0xfffe416f x16=0x00000000
      266229000	     13209	80004820	01b2c363	blt	x5,x27,80004826	  x5:0x00000000 x27:0x00000477
      266289000	     13212	80004826	a282ec93	ori	x25,x5,-1496	  x5:0x00000000 x25=0xfffffa28
      266309000	     13213	8000482a	4041d833	sra	x16,x3,x4	  x3:0x00000000  x4:0x00004000 x16=0x00000000
      266329000	     13214	8000482e	4815	c.li	x16,5	 x16=0x00000005
      266769000	     13236	80004830	4a0d	c.li	x20,3	 x20=0x00000003
      266789000	     13237	80004832	68e0f697	auipc	x13,0x68e0f	 x13=0xe8e13832
      267529000	     13274	80004836	03d8ca33	div	x20,x17,x29	 x17:0x80000000 x29:0x00000040 x20=0xfe000000
      267549000	     13275	8000483a	c2a9	c.beqz	x13,8000487c	 x13:0xe8e13832
      267569000	     13276	8000483c	0001	c.addi	x0,0	  x0:0x00000000  x0=0x00000000
      267589000	     13277	8000483e	01ced033	srl	x0,x29,x28	 x29:0x00000040 x28:0xfffe416f  x0=0x00000000
      267609000	     13278	80004842	0d52	c.slli	x26,0x14	 x26:0x0000004c x26=0x04c00000
      267629000	     13279	80004844	404406b3	sub	x13,x8,x4	  x8:0xfffe4001  x4:0x00004000 x13=0xfffe0001
      267649000	     13280	80004848	0ff0000f	fence	iorw,iorw	
      268389000	     13317	8000484c	034beab3	rem	x21,x23,x20	 x23:0x00000000 x20:0xfe000000 x21=0x00000000
      268409000	     13318	80004850	c619	c.beqz	x12,8000485e	 x12:0x0000000a
      268429000	     13319	80004852	021d6c63	bltu	x26,x1,8000488a	 x26:0x04c00000  x1:0x0002801b
      268689000	     13332	80004856	03426a63	bltu	x4,x20,8000488a	  x4:0x00004000 x20:0xfe000000
      269269000	     13361	8000488a	04e056b7	lui	x13,0x4e05	 x13=0x04e05000
      269289000	     13362	8000488e	00f72cb3	slt	x25,x14,x15	 x14:0x00000000 x15:0x00000000 x25=0x00000000
      270429000	     13419	80004892	02a878b3	remu	x17,x16,x10	 x16:0x00000005 x10:0x00000001 x17=0x00000000
      270449000	     13420	80004896	10c52213	slti	x4,x10,268	 x10:0x00000001  x4=0x00000001
      270469000	     13421	8000489a	8f15	c.sub	x14,x13	 x14:0x00000000 x13:0x04e05000 x14=0xfb1fb000
      271269000	     13461	8000489c	022b5033	divu	x0,x22,x2	 x22:0x80000000  x2:0x0008016f  x0=0x00000000
      271289000	     13462	800048a0	015f5e93	srli	x29,x30,0x15	 x30:0x00000001 x29=0x00000000
      271309000	     13463	800048a4	00ddc4b3	xor	x9,x27,x13	 x27:0x00000477 x13:0x04e05000  x9=0x04e05477
      271329000	     13464	800048a8	6c49	c.lui	x24,0x12	 x24=0x00012000
      271349000	     13465	800048aa	4050d113	srai	x2,x1,0x5	  x1:0x0002801b  x2=0x00001400
      272089000	     13502	800048ae	03b17f33	remu	x30,x2,x27	  x2:0x00001400 x27:0x00000477 x30=0x00000224
      272829000	     13539	800048b2	02b64633	div	x12,x12,x11	 x12:0x0000000a x11:0x80021e20 x12=0x00000000
      272849000	     13540	800048b6	cc85	c.beqz	x9,800048ee	  x9:0x04e05477
      272869000	     13541	800048b8	002c4463	blt	x24,x2,800048c0	 x24:0x00012000  x2:0x00001400
      272889000	     13542	800048bc	45b36e97	auipc	x29,0x45b36	 x29=0xc5b3a8bc
      272909000	     13543	800048c0	006aa633	slt	x12,x21,x6	 x21:0x00000000  x6:0x00000000 x12=0x00000000
      272929000	     13544	800048c4	012e8c63	beq	x29,x18,800048dc	 x29:0xc5b3a8bc x18:0x00020000
      272949000	     13545	800048c8	0001	c.addi	x0,0	  x0:0x00000000  x0=0x00000000
      272969000	     13546	800048ca	c4f0d9b7	lui	x19,0xc4f0d	 x19=0xc4f0d000
      272989000	     13547	800048ce	8509	c.srai	x10,0x2	 x10:0x00000001 x10=0x00000000
      273009000	     13548	800048d0	00dff0b3	and	x1,x31,x13	 x31:0x80025ce4 x13:0x04e05000  x1=0x00005000
      273049000	     13550	800048d4	0310c433	div	x8,x1,x17	  x1:0x00005000 x17:0x00000000  x8=0xffffffff
      276669000	     13731	800048d8	0068e633	or	x12,x17,x6	 x17:0x00000000  x6:0x00000000 x12=0x00000000
      276689000	     13732	800048dc	00811b93	slli	x23,x2,0x8	  x2:0x00001400 x23=0x00140000
      276709000	     13733	800048e0	717d	c.addi16sp	x2,-16	  x2:0x00001400  x2=0x000013f0
      276749000	     13735	800048e2	03e9bab3	mulhu	x21,x19,x30	 x19:0xc4f0d000 x30:0x00000224 x21=0x000001a5
      276769000	     13736	800048e6	006ac963	blt	x21,x6,800048f8	 x21:0x000001a5  x6:0x00000000
      276789000	     13737	800048ea	019252b3	srl	x5,x4,x25	  x4:0x00000001 x25:0x00000000  x5=0x00000001
      276809000	     13738	800048ee	06fd	c.addi	x13,31	 x13:0x04e05000 x13=0x04e0501f
      277029000	     13749	800048f0	412e5f13	srai	x30,x28,0x12	 x28:0xfffe416f x30=0xffffffff
      277229000	     13759	800048f4	41710033	sub	x0,x2,x23	  x2:0x000013f0 x23:0x00140000  x0=0x00000000
      277249000	     13760	800048f8	8fc9	c.or	x15,x10	 x15:0x00000000 x10:0x00000000 x15=0x00000000
      277289000	     13762	800048fa	00f3b933	sltu	x18,x7,x15	  x7:0x00000000 x15:0x00000000 x18=0x00000000
      277349000	     13765	800048fe	ba590813	addi	x16,x18,-1115	 x18:0x00000000 x16=0xfffffba5
      277369000	     13766	80004902	0001	c.addi	x0,0	  x0:0x00000000  x0=0x00000000
      277389000	     13767	80004904	0140dd63	bge	x1,x20,8000491e	  x1:0x00005000 x20:0xfe000000
      278269000	     13811	8000491e	024ba9b3	mulhsu	x19,x23,x4	 x23:0x00140000  x4:0x00000001 x19=0x00000000
      278689000	     13832	80004922	03194933	div	x18,x18,x17	 x18:0x00000000 x17:0x00000000 x18=0xffffffff
      279089000	     13852	80004926	0011d793	srli	x15,x3,0x1	  x3:0x00000000 x15=0x00000000
      279269000	     13861	8000492a	010d5633	srl	x12,x26,x16	 x26:0x04c00000 x16:0xfffffba5 x12=0x00260000
      280009000	     13898	8000492e	03877533	remu	x10,x14,x24	 x14:0xfb1fb000 x24:0x00012000 x10=0x0000b000
      280029000	     13899	80004932	fb450813	addi	x16,x10,-76	 x10:0x0000b000 x16=0x0000afb4
      280049000	     13900	80004936	89f6	c.mv	x19,x29	  x0:0x00000000 x29:0xc5b3a8bc x19=0xc5b3a8bc
      280069000	     13901	80004938	98fd	c.andi	x9,-1	  x9:0x04e05477  x9=0x04e05477
      280089000	     13902	8000493a	8f95	c.sub	x15,x13	 x15:0x00000000 x13:0x04e0501f x15=0xfb1fafe1
      280109000	     13903	8000493c	1690	c.addi4spn	x12,x2,864	 x12=0x00001750
      280849000	     13940	8000493e	03b9e8b3	rem	x17,x19,x27	 x19:0xc5b3a8bc x27:0x00000477 x17=0xfffffe0a
      280869000	     13941	80004942	8f85	c.sub	x15,x9	 x15:0xfb1fafe1  x9:0x04e05477 x15=0xf63f5b6a
      280889000	     13942	80004944	8e25	c.xor	x12,x9	 x12:0x00001750  x9:0x04e05477 x12=0x04e04327
      280909000	     13943	80004946	9ad6	c.add	x21,x21	 x21:0x000001a5 x21:0x000001a5 x21=0x0000034a
      280929000	     13944	80004948	0001	c.addi	x0,0	  x0:0x00000000  x0=0x00000000
      280949000	     13945	8000494a	08fcff13	andi	x30,x25,143	 x25:0x00000000 x30=0x00000000
      281689000	     13982	8000494e	02c3ceb3	div	x29,x7,x12	  x7:0x00000000 x12:0x04e04327 x29=0x00000000
      281729000	     13984	80004952	022111b3	mulh	x3,x2,x2	  x2:0x000013f0  x2:0x000013f0  x3=0x00000000
      281769000	     13986	80004956	03a118b3	mulh	x17,x2,x26	  x2:0x000013f0 x26:0x04c00000 x17=0x0000005e
      281789000	     13987	8000495a	40f08d33	sub	x26,x1,x15	  x1:0x00005000 x15:0xf63f5b6a x26=0x09c0f496
      281809000	     13988	8000495e	017034b3	sltu	x9,x0,x23	  x0:0x00000000 x23:0x00140000  x9=0x00000001
      281829000	     13989	80004962	003f30b3	sltu	x1,x30,x3	 x30:0x00000000  x3:0x00000000  x1=0x00000000
      282249000	     14010	80004966	027397b3	mulh	x15,x7,x7	  x7:0x00000000  x7:0x00000000 x15=0x00000000
      282269000	     14011	8000496a	8f05	c.sub	x14,x9	 x14:0xfb1fb000  x9:0x00000001 x14=0xfb1fafff
      282309000	     14013	8000496c	c6b28a93	addi	x21,x5,-917	  x5:0x00000001 x21=0xfffffc6c
      282329000	     14014	80004970	8cd1	c.or	x9,x12	  x9:0x00000001 x12:0x04e04327  x9=0x04e04327
      282349000	     14015	80004972	2f73c393	xori	x7,x7,759	  x7:0x00000000  x7=0x000002f7
      282369000	     14016	80004976	4067da33	sra	x20,x15,x6	 x15:0x00000000  x6:0x00000000 x20=0x00000000
      282569000	     14026	8000497a	03d516b3	mulh	x13,x10,x29	 x10:0x0000b000 x29:0x00000000 x13=0x00000000
      282589000	     14027	8000497e	415fd493	srai	x9,x31,0x15	 x31:0x80025ce4  x9=0xfffffc00
      283449000	     14070	80004982	03f2f6b3	remu	x13,x5,x31	  x5:0x00000001 x31:0x80025ce4 x13=0x00000001
      283469000	     14071	80004986	02e1	c.addi	x5,24	  x5:0x00000001  x5=0x00000019
      283489000	     14072	80004988	0001	c.addi	x0,0	  x0:0x00000000  x0=0x00000000
      283509000	     14073	8000498a	04094063	blt	x18,x0,800049ca	 x18:0xffffffff  x0:0x00000000
      283609000	     14078	800049ca	01a2bf33	sltu	x30,x5,x26	  x5:0x00000019 x26:0x09c0f496 x30=0x00000001
      283629000	     14079	800049ce	8ee1	c.and	x13,x8	 x13:0x00000001  x8:0xffffffff x13=0x00000001
      283849000	     14090	800049d0	02f7aab3	mulhsu	x21,x15,x15	 x15:0x00000000 x15:0x00000000 x21=0x00000000
      283869000	     14091	800049d4	57dbf997	auipc	x19,0x57dbf	 x19=0xd7dc39d4
      283889000	     14092	800049d8	009eee63	bltu	x29,x9,800049f4	 x29:0x00000000  x9:0xfffffc00
      284549000	     14125	800049f4	8f71	c.and	x14,x12	 x14:0xfb1fafff x12:0x04e04327 x14=0x00000327
      285709000	     14183	800049f6	0299c933	div	x18,x19,x9	 x19:0xd7dc39d4  x9:0xfffffc00 x18=0x000a08f1
      285729000	     14184	800049fa	40875b93	srai	x23,x14,0x8	 x14:0x00000327 x23=0x00000003
      285749000	     14185	800049fe	02e3c363	blt	x7,x14,80004a24	  x7:0x000002f7 x14:0x00000327
      286229000	     14209	80004a24	64dc3813	sltiu	x16,x24,1613	 x24:0x00012000 x16=0x00000000
      286369000	     14216	80004a28	8cf1	c.and	x9,x12	  x9:0xfffffc00 x12:0x04e04327  x9=0x04e04000
      286389000	     14217	80004a2a	1f04	c.addi4spn	x9,x2,944	  x9=0x000017a0
      286509000	     14223	80004a2c	6149	c.addi16sp	x2,144	  x2:0x000013f0  x2=0x00001480
      286769000	     14236	80004a2e	03530663	beq	x6,x21,80004a5a	  x6:0x00000000 x21:0x00000000
      287309000	     14263	80004a5a	00ca6cb3	or	x25,x20,x12	 x20:0x00000000 x12:0x04e04327 x25=0x04e04327
      287329000	     14264	80004a5e	87cd	c.srai	x15,0x13	 x15:0x00000000 x15=0x00000000
      287349000	     14265	80004a60	12398893	addi	x17,x19,291	 x19:0xd7dc39d4 x17=0xd7dc3af7
      287509000	     14273	80004a64	6121	c.addi16sp	x2,64	  x2:0x00001480  x2=0x000014c0
      287529000	     14274	80004a66	c7d44693	xori	x13,x8,-899	  x8:0xffffffff x13=0x00000382
      287609000	     14278	80004a6a	001c9f13	slli	x30,x25,0x1	 x25:0x04e04327 x30=0x09c0864e
      287809000	     14288	80004a6e	0220fc63	bgeu	x1,x2,80004aa6	  x1:0x00000000  x2:0x000014c0
      287829000	     14289	80004a72	0ff0000f	fence	iorw,iorw	
      287849000	     14290	80004a76	50fd	c.li	x1,-1	  x1=0xffffffff
      287869000	     14291	80004a78	8e5d	c.or	x12,x15	 x12:0x04e04327 x15:0x00000000 x12=0x04e04327
      287889000	     14292	80004a7a	6125	c.addi16sp	x2,96	  x2:0x000014c0  x2=0x00001520
      288049000	     14300	80004a7c	0240c563	blt	x1,x4,80004aa6	  x1:0xffffffff  x4:0x00000001
      289009000	     14348	80004aa6	004edd93	srli	x27,x29,0x4	 x29:0x00000000 x27=0x00000000
      289029000	     14349	80004aaa	0146	c.slli	x2,0x11	  x2:0x00001520  x2=0x2a400000
      289769000	     14386	80004aac	0259e933	rem	x18,x19,x5	 x19:0xd7dc39d4  x5:0x00000019 x18=0xfffffff9
      289789000	     14387	80004ab0	005c0d33	add	x26,x24,x5	 x24:0x00012000  x5:0x00000019 x26=0x00012019
      289829000	     14389	80004ab4	02fbcc33	div	x24,x23,x15	 x23:0x00000003 x15:0x00000000 x24=0xffffffff
      289849000	     14390	80004ab8	1910	c.addi4spn	x12,x2,176	 x12=0x2a4000b0
      289869000	     14391	80004aba	8ef1	c.and	x13,x12	 x13:0x00000382 x12:0x2a4000b0 x13=0x00000080
      290649000	     14430	80004abc	027467b3	rem	x15,x8,x7	  x8:0xffffffff  x7:0x000002f7 x15=0xffffffff
      290669000	     14431	80004ac0	01fd9263	bne	x27,x31,80004ac4	 x27:0x00000000 x31:0x80025ce4
      290709000	     14433	80004ac4	036fc963	blt	x31,x22,80004af6	 x31:0x80025ce4 x22:0x80000000
      290729000	     14434	80004ac8	c589b413	sltiu	x8,x19,-936	 x19:0xd7dc39d4  x8=0x00000001
      290749000	     14435	80004acc	49e5	c.li	x19,25	 x19=0x00000019
      290769000	     14436	80004ace	0c32	c.slli	x24,0xc	 x24:0xffffffff x24=0xfffff000
      290789000	     14437	80004ad0	025afc63	bgeu	x21,x5,80004b08	 x21:0x00000000  x5:0x00000019
      290809000	     14438	80004ad4	407b5913	srai	x18,x22,0x7	 x22:0x80000000 x18=0xff000000
      291009000	     14448	80004ad8	0000100f	fence.i	
      291229000	     14459	80004adc	f0492e13	slti	x28,x18,-252	 x18:0xff000000 x28=0x00000001
      291329000	     14464	80004ae0	88fd0813	addi	x16,x26,-1905	 x26:0x00012019 x16=0x000118a8
      291349000	     14465	80004ae4	41260033	sub	x0,x12,x18	 x12:0x2a4000b0 x18:0xff000000  x0=0x00000000
      291369000	     14466	80004ae8	8309	c.srli	x14,0x2	 x14:0x00000327 x14=0x000000c9
      291529000	     14474	80004aea	0165f4b3	and	x9,x11,x22	 x11:0x80021e20 x22:0x80000000  x9=0x80000000
      291549000	     14475	80004aee	0a04	c.addi4spn	x9,x2,272	  x9=0x2a400110
      291569000	     14476	80004af0	4131	c.li	x2,12	  x2=0x0000000c
      291629000	     14479	80004af2	03fe9833	mulh	x16,x29,x31	 x29:0x00000000 x31:0x80025ce4 x16=0x00000000
      291649000	     14480	80004af6	0694	c.addi4spn	x13,x2,832	 x13=0x0000034c
      291809000	     14488	80004af8	005c5493	srli	x9,x24,0x5	 x24:0xfffff000  x9=0x07ffff80
      291829000	     14489	80004afc	ce9d	c.beqz	x13,80004b3a	 x13:0x0000034c
      291889000	     14492	80004afe	00a55293	srli	x5,x10,0xa	 x10:0x0000b000  x5=0x0000002c
      291909000	     14493	80004b02	0001	c.addi	x0,0	  x0:0x00000000  x0=0x00000000
      292029000	     14499	80004b04	024b1033	mulh	x0,x22,x4	 x22:0x80000000  x4:0x00000001  x0=0x00000000
      292189000	     14507	80004b08	8485	c.srai	x9,0x1	  x9:0x07ffff80  x9=0x03ffffc0
      292209000	     14508	80004b0a	0290fa63	bgeu	x1,x9,80004b3e	  x1:0xffffffff  x9:0x03ffffc0
      293609000	     14578	80004b3e	033050b3	divu	x1,x0,x19	  x0:0x00000000 x19:0x00000019  x1=0x00000000
      293629000	     14579	80004b42	85693913	sltiu	x18,x18,-1962	 x18:0xff000000 x18=0x00000001
      293649000	     14580	80004b46	41d9d733	sra	x14,x19,x29	 x19:0x00000019 x29:0x00000000 x14=0x00000019
      293669000	     14581	80004b4a	84b03c93	sltiu	x25,x0,-1973	  x0:0x00000000 x25=0x00000001
      293689000	     14582	80004b4e	02175463	bge	x14,x1,80004b76	 x14:0x00000019  x1:0x00000000
      293869000	     14591	80004b76	01c5f363	bgeu	x11,x28,80004b7c	 x11:0x80021e20 x28:0x00000001
      295149000	     14655	80004b7c	032af8b3	remu	x17,x21,x18	 x21:0x00000000 x18:0x00000001 x17=0x00000000
      295169000	     14656	80004b80	b9198837	lui	x16,0xb9198	 x16=0xb9198000
      295189000	     14657	80004b84	41885113	srai	x2,x16,0x18	 x16:0xb9198000  x2=0xffffffb9
      295209000	     14658	80004b88	717d	c.addi16sp	x2,-16	  x2:0xffffffb9  x2=0xffffffa9
      295609000	     14678	80004b8a	00f8d463	bge	x17,x15,80004b92	 x17:0x00000000 x15:0xffffffff
      295989000	     14697	80004b92	00635a63	bge	x6,x6,80004ba6	  x6:0x00000000  x6:0x00000000
      296969000	     14746	80004ba6	01109513	slli	x10,x1,0x11	  x1:0x00000000 x10=0x00000000
      297749000	     14785	80004baa	02e36233	rem	x4,x6,x14	  x6:0x00000000 x14:0x00000019  x4=0x00000000
      297769000	     14786	80004bae	0001	c.addi	x0,0	  x0:0x00000000  x0=0x00000000
      297789000	     14787	80004bb0	0000100f	fence.i	
      298149000	     14805	80004bb4	9b6e	c.add	x22,x27	 x22:0x80000000 x27:0x00000000 x22=0x80000000
      298169000	     14806	80004bb6	0ff0000f	fence	iorw,iorw	
      298189000	     14807	80004bba	997d	c.andi	x10,-1	 x10:0x00000000 x10=0x00000000
      299309000	     14863	80004bbc	032ae533	rem	x10,x21,x18	 x21:0x00000000 x18:0x00000001 x10=0x00000000
      299329000	     14864	80004bc0	0a36	c.slli	x20,0xd	 x20:0x00000000 x20=0x00000000
      299349000	     14865	80004bc2	03f99263	bne	x19,x31,80004be6	 x19:0x00000019 x31:0x80025ce4
      299829000	     14889	80004be6	8c55	c.or	x8,x13	  x8:0x00000001 x13:0x0000034c  x8=0x0000034d
      299849000	     14890	80004be8	0231f763	bgeu	x3,x3,80004c16	  x3:0x00000000  x3:0x00000000
      300069000	     14901	80004c16	c799	c.beqz	x15,80004c24	 x15:0xffffffff
      300089000	     14902	80004c18	99a6	c.add	x19,x9	 x19:0x00000019  x9:0x03ffffc0 x19=0x03ffffd9
      300109000	     14903	80004c1a	984e	c.add	x16,x19	 x16:0xb9198000 x19:0x03ffffd9 x16=0xbd197fd9
      300409000	     14918	80004c1c	02ad63b3	rem	x7,x26,x10	 x26:0x00012019 x10:0x00000000  x7=0x00012019
      300429000	     14919	80004c20	0199d963	bge	x19,x25,80004c32	 x19:0x03ffffd9 x25:0x00000001
      300649000	     14930	80004c32	0187ecb3	or	x25,x15,x24	 x15:0xffffffff x24:0xfffff000 x25=0xffffffff
      301089000	     14952	80004c36	027a2bb3	mulhsu	x23,x20,x7	 x20:0x00000000  x7:0x00012019 x23=0x00000000
      301929000	     14994	80004c3a	02cec6b3	div	x13,x29,x12	 x29:0x00000000 x12:0x2a4000b0 x13=0x00000000
      301949000	     14995	80004c3e	02e28b63	beq	x5,x14,80004c74	  x5:0x0000002c x14:0x00000019
      301969000	     14996	80004c42	007ec3b3	xor	x7,x29,x7	 x29:0x00000000  x7:0x00012019  x7=0x00012019
      302709000	     15033	80004c46	0380fe33	remu	x28,x1,x24	  x1:0x00000000 x24:0xfffff000 x28=0x00000000
      302849000	     15040	80004c4a	41220933	sub	x18,x4,x18	  x4:0x00000000 x18:0x00000001 x18=0xffffffff
      302869000	     15041	80004c4e	0ff0000f	fence	iorw,iorw	
      302889000	     15042	80004c52	5dda2a93	slti	x21,x20,1501	 x20:0x00000000 x21=0x00000001
      302909000	     15043	80004c56	5ac52993	slti	x19,x10,1452	 x10:0x00000000 x19=0x00000001
      302929000	     15044	80004c5a	8c59	c.or	x8,x14	  x8:0x0000034d x14:0x00000019  x8=0x0000035d
      302949000	     15045	80004c5c	03c3cc63	blt	x7,x28,80004c94	  x7:0x00012019 x28:0x00000000
      302969000	     15046	80004c60	011de233	or	x4,x27,x17	 x27:0x00000000 x17:0x00000000  x4=0x00000000
      302989000	     15047	80004c64	01129863	bne	x5,x17,80004c74	  x5:0x0000002c x17:0x00000000
      303429000	     15069	80004c74	0001	c.addi	x0,0	  x0:0x00000000  x0=0x00000000
      303449000	     15070	80004c76	717d	c.addi16sp	x2,-16	  x2:0xffffffa9  x2=0xffffff99
      303689000	     15082	80004c78	997d	c.andi	x10,-1	 x10:0x00000000 x10=0x00000000
      303729000	     15084	80004c7a	02666db3	rem	x27,x12,x6	 x12:0x2a4000b0  x6:0x00000000 x27=0x2a4000b0
      303749000	     15085	80004c7e	8e05	c.sub	x12,x9	 x12:0x2a4000b0  x9:0x03ffffc0 x12=0x264000f0
      303769000	     15086	80004c80	e6ba8b13	addi	x22,x21,-405	 x21:0x00000001 x22=0xfffffe6c
      303789000	     15087	80004c84	41928db3	sub	x27,x5,x25	  x5:0x0000002c x25:0xffffffff x27=0x0000002d
      303849000	     15090	80004c88	00129513	slli	x10,x5,0x1	  x5:0x0000002c x10=0x00000058
      303869000	     15091	80004c8c	0000100f	fence.i	
      304429000	     15119	80004c90	9aa9e113	ori	x2,x19,-1622	 x19:0x00000001  x2=0xfffff9ab
      304449000	     15120	80004c94	8d09	c.sub	x10,x10	 x10:0x00000058 x10:0x00000058 x10=0x00000000
      304469000	     15121	80004c96	94f2	c.add	x9,x28	  x9:0x03ffffc0 x28:0x00000000  x9=0x03ffffc0
      304489000	     15122	80004c98	90b6	c.add	x1,x13	  x1:0x00000000 x13:0x00000000  x1=0x00000000
      304509000	     15123	80004c9a	8029	c.srli	x8,0xa	  x8:0x0000035d  x8=0x00000000
      304529000	     15124	80004c9c	5ebc4293	xori	x5,x24,1515	 x24:0xfffff000  x5=0xfffff5eb
      304929000	     15144	80004ca0	000a2633	slt	x12,x20,x0	 x20:0x00000000  x0:0x00000000 x12=0x00000000
      305369000	     15166	80004ca4	03a52a33	mulhsu	x20,x10,x26	 x10:0x00000000 x26:0x00012019 x20=0x00000000
      305769000	     15186	80004ca8	01dca1b3	slt	x3,x25,x29	 x25:0xffffffff x29:0x00000000  x3=0x00000001
      305789000	     15187	80004cac	0a2a	c.slli	x20,0xa	 x20:0x00000000 x20=0x00000000
      305909000	     15193	80004cae	01a9d363	bge	x19,x26,80004cb4	 x19:0x00000001 x26:0x00012019
      305929000	     15194	80004cb2	0001	c.addi	x0,0	  x0:0x00000000  x0=0x00000000
      305949000	     15195	80004cb4	009b4133	xor	x2,x22,x9	 x22:0xfffffe6c  x9:0x03ffffc0  x2=0xfc0001ac
      305969000	     15196	80004cb8	8a31	c.andi	x12,12	 x12:0x00000000 x12=0x00000000
      306089000	     15202	80004cba	030b7563	bgeu	x22,x16,80004ce4	 x22:0xfffffe6c x16:0xbd197fd9
      306689000	     15232	80004ce4	547d	c.li	x8,-1	  x8=0xffffffff
      306709000	     15233	80004ce6	6175	c.addi16sp	x2,368	  x2:0xfc0001ac  x2=0xfc00031c
      306729000	     15234	80004ce8	0000100f	fence.i	
      306889000	     15242	80004cec	004970b3	and	x1,x18,x4	 x18:0xffffffff  x4:0x00000000  x1=0x00000000
      306909000	     15243	80004cf0	9bfd	c.andi	x15,-1	 x15:0xffffffff x15=0xffffffff
      306929000	     15244	80004cf2	ee0d	c.bnez	x12,80004d2c	 x12:0x00000000
      306949000	     15245	80004cf4	0a4b4e13	xori	x28,x22,164	 x22:0xfffffe6c x28=0xfffffec8
      307169000	     15256	80004cf8	8ed9	c.or	x13,x14	 x13:0x00000000 x14:0x00000019 x13=0x00000019
      307289000	     15262	80004cfa	9a6d3913	sltiu	x18,x26,-1626	 x26:0x00012019 x18=0x00000001
      307309000	     15263	80004cfe	9bfd	c.andi	x15,-1	 x15:0xffffffff x15=0xffffffff
      307329000	     15264	80004d00	9cde	c.add	x25,x23	 x25:0xffffffff x23:0x00000000 x25=0xffffffff
      307409000	     15268	80004d02	26fc4113	xori	x2,x24,623	 x24:0xfffff000  x2=0xfffff26f
      307949000	     15295	80004d06	4fcca693	slti	x13,x25,1276	 x25:0xffffffff x13=0x00000001
      307969000	     15296	80004d0a	0766	c.slli	x14,0x19	 x14:0x00000019 x14=0x32000000
      308129000	     15304	80004d0c	976f3793	sltiu	x15,x30,-1674	 x30:0x09c0864e x15=0x00000001
      308149000	     15305	80004d10	00845193	srli	x3,x8,0x8	  x8:0xffffffff  x3=0x00ffffff
      308229000	     15309	80004d14	0000100f	fence.i	
      308349000	     15315	80004d18	cb8d	c.beqz	x15,80004d4a	 x15:0x00000001
      308369000	     15316	80004d1a	c109	c.beqz	x10,80004d1c	 x10:0x00000000
      308909000	     15343	80004d1c	2425a493	slti	x9,x11,578	 x11:0x80021e20  x9=0x00000001
      309969000	     15396	80004d20	02337a33	remu	x20,x6,x3	  x6:0x00000000  x3:0x00ffffff x20=0x00000000
      309989000	     15397	80004d24	81af3913	sltiu	x18,x30,-2022	 x30:0x09c0864e x18=0x00000001
      310009000	     15398	80004d28	02116363	bltu	x2,x1,80004d4e	  x2:0xfffff26f  x1:0x00000000
      310029000	     15399	80004d2c	98fd	c.andi	x9,-1	  x9:0x00000001  x9=0x00000001
      310049000	     15400	80004d2e	8f7d	c.and	x14,x15	 x14:0x32000000 x15:0x00000001 x14=0x00000000
      310129000	     15404	80004d30	027e7263	bgeu	x28,x7,80004d54	 x28:0xfffffec8  x7:0x00012019
      310409000	     15418	80004d54	8c25	c.xor	x8,x9	  x8:0xffffffff  x9:0x00000001  x8=0xfffffffe
      310429000	     15419	80004d56	0e98	c.addi4spn	x14,x2,848	 x14=0xfffff5bf
      310449000	     15420	80004d58	00436c33	or	x24,x6,x4	  x6:0x00000000  x4:0x00000000 x24=0x00000000
      310709000	     15433	80004d5c	0001	c.addi	x0,0	  x0:0x00000000  x0=0x00000000
      310729000	     15434	80004d5e	02115163	bge	x2,x1,80004d80	  x2:0xfffff26f  x1:0x00000000
      310749000	     15435	80004d62	0000100f	fence.i	
      311289000	     15462	80004d66	40e7d0b3	sra	x1,x15,x14	 x15:0x00000001 x14:0xfffff5bf  x1=0x00000000
      311329000	     15464	80004d6a	01314f33	xor	x30,x2,x19	  x2:0xfffff26f x19:0x00000001 x30=0xfffff26e
      311629000	     15479	80004d6e	03309b63	bne	x1,x19,80004da4	  x1:0x00000000 x19:0x00000001
      312169000	     15506	80004da4	00f5de93	srli	x29,x11,0xf	 x11:0x80021e20 x29=0x00010004
      312189000	     15507	80004da8	795bfa37	lui	x20,0x795bf	 x20=0x795bf000
      312409000	     15518	80004dac	009f57b3	srl	x15,x30,x9	 x30:0xfffff26e  x9:0x00000001 x15=0x7ffff937
      312429000	     15519	80004db0	8f81	c.sub	x15,x8	 x15:0x7ffff937  x8:0xfffffffe x15=0x7ffff939
      312629000	     15529	80004db2	01abca33	xor	x20,x23,x26	 x23:0x00000000 x26:0x00012019 x20=0x00012019
      312649000	     15530	80004db6	0c91	c.addi	x25,4	 x25:0xffffffff x25=0x00000003
      312669000	     15531	80004db8	03d3fc63	bgeu	x7,x29,80004df0	  x7:0x00012019 x29:0x00010004
      313069000	     15551	80004df0	40a05113	srai	x2,x0,0xa	  x0:0x00000000  x2=0x00000000
      313289000	     15562	80004df4	00b8f763	bgeu	x17,x11,80004e02	 x17:0x00000000 x11:0x80021e20
      313349000	     15565	80004df8	8321	c.srli	x14,0x8	 x14:0xfffff5bf x14=0x00fffff5
      313369000	     15566	80004dfa	00dc8763	beq	x25,x13,80004e08	 x25:0x00000003 x13:0x00000001
      313529000	     15574	80004dfe	41365233	sra	x4,x12,x19	 x12:0x00000000 x19:0x00000001  x4=0x00000000
      313549000	     15575	80004e02	0001	c.addi	x0,0	  x0:0x00000000  x0=0x00000000
      313569000	     15576	80004e04	845af793	andi	x15,x21,-1979	 x21:0x00000001 x15=0x00000001
      313609000	     15578	80004e08	0377ab33	mulhsu	x22,x15,x23	 x15:0x00000001 x23:0x00000000 x22=0x00000000
      313629000	     15579	80004e0c	b3860b13	addi	x22,x12,-1224	 x12:0x00000000 x22=0xfffffb38
      313709000	     15583	80004e10	af5a6c13	ori	x24,x20,-1291	 x20:0x00012019 x24=0xfffffafd
      313729000	     15584	80004e14	611ce893	ori	x17,x25,1553	 x25:0x00000003 x17=0x00000613
      313849000	     15590	80004e18	0ff0000f	fence	iorw,iorw	
      313989000	     15597	80004e1c	84ed	c.srai	x9,0x1b	  x9:0x00000001  x9=0x00000000
      314009000	     15598	80004e1e	0001	c.addi	x0,0	  x0:0x00000000  x0=0x00000000
      314109000	     15603	80004e20	82f1	c.srli	x13,0x1c	 x13:0x00000001 x13=0x00000000
      314449000	     15620	80004e22	12a58793	addi	x15,x11,298	 x11:0x80021e20 x15=0x80021f4a
      314469000	     15621	80004e26	020de263	bltu	x27,x0,80004e4a	 x27:0x0000002d  x0:0x00000000
      314709000	     15633	80004e2a	0102de93	srli	x29,x5,0x10	  x5:0xfffff5eb x29=0x0000ffff
      314889000	     15642	80004e2e	0b787d13	andi	x26,x16,183	 x16:0xbd197fd9 x26=0x00000091
      314929000	     15644	80004e32	02a5dc33	divu	x24,x11,x10	 x11:0x80021e20 x10:0x00000000 x24=0xffffffff
      315329000	     15664	80004e36	02416963	bltu	x2,x4,80004e68	  x2:0x00000000  x4:0x00000000
      315669000	     15681	80004e3a	00ffaa33	slt	x20,x31,x15	 x31:0x80025ce4 x15:0x80021f4a x20=0x00000000
      315689000	     15682	80004e3e	037a1963	bne	x20,x23,80004e70	 x20:0x00000000 x23:0x00000000
      315709000	     15683	80004e42	01c82ab3	slt	x21,x16,x28	 x16:0xbd197fd9 x28:0xfffffec8 x21=0x00000001
      315729000	     15684	80004e46	008b8e33	add	x28,x23,x8	 x23:0x00000000  x8:0xfffffffe x28=0xfffffffe
      316569000	     15726	80004e4a	02b2e4b3	rem	x9,x5,x11	  x5:0xfffff5eb x11:0x80021e20  x9=0xfffff5eb
      316589000	     15727	80004e4e	8eb1	c.xor	x13,x12	 x13:0x00000000 x12:0x00000000 x13=0x00000000
      316609000	     15728	80004e50	01397233	and	x4,x18,x19	 x18:0x00000001 x19:0x00000001  x4=0x00000001
      316629000	     15729	80004e54	4299	c.li	x5,6	  x5=0x00000006
      316649000	     15730	80004e56	0001	c.addi	x0,0	  x0:0x00000000  x0=0x00000000
      316689000	     15732	80004e58	037420b3	mulhsu	x1,x8,x23	  x8:0xfffffffe x23:0x00000000  x1=0x00000000
      316709000	     15733	80004e5c	018503b3	add	x7,x10,x24	 x10:0x00000000 x24:0xffffffff  x7=0xffffffff
      316729000	     15734	80004e60	019272b3	and	x5,x4,x25	  x4:0x00000001 x25:0x00000003  x5=0x00000001
      317469000	     15771	80004e64	03e860b3	rem	x1,x16,x30	 x16:0xbd197fd9 x30:0xfffff26e  x1=0xfffff9d5
      317489000	     15772	80004e68	6196f693	andi	x13,x13,1561	 x13:0x00000000 x13=0x00000000
      317509000	     15773	80004e6c	007f4b33	xor	x22,x30,x7	 x30:0xfffff26e  x7:0xffffffff x22=0x00000d91
      317529000	     15774	80004e70	00db33b3	sltu	x7,x22,x13	 x22:0x00000d91 x13:0x00000000  x7=0x00000000
      317549000	     15775	80004e74	9afd	c.andi	x13,-1	 x13:0x00000000 x13=0x00000000
      317569000	     15776	80004e76	80ba	c.mv	x1,x14	  x0:0x00000000 x14:0x00fffff5  x1=0x00fffff5
      317589000	     15777	80004e78	0001	c.addi	x0,0	  x0:0x00000000  x0=0x00000000
      317609000	     15778	80004e7a	40d35b33	sra	x22,x6,x13	  x6:0x00000000 x13:0x00000000 x22=0x00000000
      317629000	     15779	80004e7e	e09d	c.bnez	x9,80004ea4	  x9:0xfffff5eb
      318349000	     15815	80004ea4	8c89	c.sub	x9,x10	  x9:0xfffff5eb x10:0x00000000  x9=0xfffff5eb
      318369000	     15816	80004ea6	09b6	c.slli	x19,0xd	 x19:0x00000001 x19=0x00002000
      318789000	     15837	80004ea8	e685	c.bnez	x13,80004ed0	 x13:0x00000000
      318809000	     15838	80004eaa	69f9	c.lui	x19,0x1e	 x19=0x0001e000
      318949000	     15845	80004eac	57e101b7	lui	x3,0x57e10	  x3=0x57e10000
      318969000	     15846	80004eb0	0cf2	c.slli	x25,0x1c	 x25:0x00000003 x25=0x30000000
      318989000	     15847	80004eb2	0535d163	bge	x11,x19,80004ef4	 x11:0x80021e20 x19:0x0001e000
      319009000	     15848	80004eb6	00a41093	slli	x1,x8,0xa	  x8:0xfffffffe  x1=0xfffff800
      319269000	     15861	80004eba	026b3233	mulhu	x4,x22,x6	 x22:0x00000000  x6:0x00000000  x4=0x00000000
      319489000	     15872	80004ebe	05a50363	beq	x10,x26,80004f04	 x10:0x00000000 x26:0x00000091
      319509000	     15873	80004ec2	03a981b3	mul	x3,x19,x26	 x19:0x0001e000 x26:0x00000091  x3=0x010fe000
      319929000	     15894	80004ec6	011a6433	or	x8,x20,x17	 x20:0x00000000 x17:0x00000613  x8=0x00000613
      319949000	     15895	80004eca	01584633	xor	x12,x16,x21	 x16:0xbd197fd9 x21:0x00000001 x12=0xbd197fd8
      319969000	     15896	80004ece	053a	c.slli	x10,0xe	 x10:0x00000000 x10=0x00000000
      320029000	     15899	80004ed0	4162d733	sra	x14,x5,x22	  x5:0x00000001 x22:0x00000000 x14=0x00000001
      320449000	     15920	80004ed4	82d5	c.srli	x13,0x15	 x13:0x00000000 x13=0x00000000
      320809000	     15938	80004ed6	55946a13	ori	x20,x8,1369	  x8:0x00000613 x20=0x0000075b
      321109000	     15953	80004eda	03d53633	mulhu	x12,x10,x29	 x10:0x00000000 x29:0x0000ffff x12=0x00000000
      321129000	     15954	80004ede	02220233	mul	x4,x4,x2	  x4:0x00000000  x2:0x00000000  x4=0x00000000
      321149000	     15955	80004ee2	84c1a393	slti	x7,x3,-1972	  x3:0x010fe000  x7=0x00000000
      321169000	     15956	80004ee6	8e85	c.sub	x13,x9	 x13:0x00000000  x9:0xfffff5eb x13=0x00000a15
      321189000	     15957	80004ee8	02660963	beq	x12,x6,80004f1a	 x12:0x00000000  x6:0x00000000
      321929000	     15994	80004f1a	8e4d	c.or	x12,x11	 x12:0x00000000 x11:0x80021e20 x12=0x80021e20
      322669000	     16031	80004f1c	02125ab3	divu	x21,x4,x1	  x4:0x00000000  x1:0xfffff800 x21=0x00000000
      322689000	     16032	80004f20	0001	c.addi	x0,0	  x0:0x00000000  x0=0x00000000
      322709000	     16033	80004f22	c60d	c.beqz	x12,80004f4c	 x12:0x80021e20
      322729000	     16034	80004f24	52fd	c.li	x5,-1	  x5=0xffffffff
      322749000	     16035	80004f26	0184e4b3	or	x9,x9,x24	  x9:0xfffff5eb x24:0xffffffff  x9=0xffffffff
      322769000	     16036	80004f2a	01359293	slli	x5,x11,0x13	 x11:0x80021e20  x5=0xf1000000
      322789000	     16037	80004f2e	01639d93	slli	x27,x7,0x16	  x7:0x00000000 x27=0x00000000
      322809000	     16038	80004f32	4a7df197	auipc	x3,0x4a7df	  x3=0xca7e3f32
      322829000	     16039	80004f36	4e65	c.li	x28,25	 x28=0x00000019
      322849000	     16040	80004f38	02111363	bne	x2,x1,80004f5e	  x2:0x00000000  x1:0xfffff800
      323749000	     16085	80004f5e	0001	c.addi	x0,0	  x0:0x00000000  x0=0x00000000
      323789000	     16087	80004f60	8c89	c.sub	x9,x10	  x9:0xffffffff x10:0x00000000  x9=0xffffffff
      323809000	     16088	80004f62	9bfe	c.add	x23,x31	 x23:0x00000000 x31:0x80025ce4 x23=0x80025ce4
      323829000	     16089	80004f64	00bf1433	sll	x8,x30,x11	 x30:0xfffff26e x11:0x80021e20  x8=0xfffff26e
      323849000	     16090	80004f68	01801d13	slli	x26,x0,0x18	  x0:0x00000000 x26=0x00000000
      323949000	     16095	80004f6c	127d	c.addi	x4,-1	  x4:0x00000000  x4=0xffffffff
      324069000	     16101	80004f6e	a4ddeb93	ori	x23,x27,-1459	 x27:0x00000000 x23=0xfffffa4d
      324849000	     16140	80004f72	028f4e33	div	x28,x30,x8	 x30:0xfffff26e  x8:0xfffff26e x28=0x00000001
      324869000	     16141	80004f76	02c29b63	bne	x5,x12,80004fac	  x5:0xf1000000 x12:0x80021e20
      325109000	     16153	80004fac	40b5d7b3	sra	x15,x11,x11	 x11:0x80021e20 x11:0x80021e20 x15=0x80021e20
      325589000	     16177	80004fb0	8f71	c.and	x14,x12	 x14:0x00000001 x12:0x80021e20 x14=0x00000000
      325629000	     16179	80004fb2	03b3b633	mulhu	x12,x7,x27	  x7:0x00000000 x27:0x00000000 x12=0x00000000
      325649000	     16180	80004fb6	eb99	c.bnez	x15,80004fcc	 x15:0x80021e20
      326409000	     16218	80004fcc	909fc637	lui	x12,0x909fc	 x12=0x909fc000
      326949000	     16245	80004fd0	95418213	addi	x4,x3,-1708	  x3:0xca7e3f32  x4=0xca7e3886
      327269000	     16261	80004fd4	0000100f	fence.i	
      328089000	     16302	80004fd8	824b0c93	addi	x25,x22,-2012	 x22:0x00000000 x25=0xfffff824
      328189000	     16307	80004fdc	fbcb2713	slti	x14,x22,-68	 x22:0x00000000 x14=0x00000000
      328269000	     16311	80004fe0	8ed1	c.or	x13,x12	 x13:0x00000a15 x12:0x909fc000 x13=0x909fca15
      328569000	     16326	80004fe2	f398f793	andi	x15,x17,-199	 x17:0x00000613 x15=0x00000611
      328589000	     16327	80004fe6	1818	c.addi4spn	x14,x2,48	 x14=0x00000030
      328609000	     16328	80004fe8	0190a533	slt	x10,x1,x25	  x1:0xfffff800 x25:0xfffff824 x10=0x00000001
      328629000	     16329	80004fec	87b9	c.srai	x15,0xe	 x15:0x00000611 x15=0x00000000
      328649000	     16330	80004fee	6a59	c.lui	x20,0x16	 x20=0x00016000
      328929000	     16344	80004ff0	0d1d	c.addi	x26,7	 x26:0x00000000 x26=0x00000007
      328949000	     16345	80004ff2	01ba1c93	slli	x25,x20,0x1b	 x20:0x00016000 x25=0x00000000
      329369000	     16366	80004ff6	e6ee7d13	andi	x26,x28,-402	 x28:0x00000001 x26=0x00000000
      329389000	     16367	80004ffa	0001	c.addi	x0,0	  x0:0x00000000  x0=0x00000000
      329409000	     16368	80004ffc	e00d	c.bnez	x8,8000501e	  x8:0xfffff26e
      329829000	     16389	8000501e	02738a33	mul	x20,x7,x7	  x7:0x00000000  x7:0x00000000 x20=0x00000000
      329849000	     16390	80005022	02ec4c63	blt	x24,x14,8000505a	 x24:0xffffffff x14:0x00000030
      330449000	     16420	8000505a	9f22	c.add	x30,x8	 x30:0xfffff26e  x8:0xfffff26e x30=0xffffe4dc
      330469000	     16421	8000505c	0ff0000f	fence	iorw,iorw	
      330489000	     16422	80005060	0001	c.addi	x0,0	  x0:0x00000000  x0=0x00000000
      330509000	     16423	80005062	8c8d	c.sub	x9,x11	  x9:0xffffffff x11:0x80021e20  x9=0x7ffde1df
      330529000	     16424	80005064	0484	c.addi4spn	x9,x2,576	  x9=0x00000240
      330549000	     16425	80005066	0001	c.addi	x0,0	  x0:0x00000000  x0=0x00000000
      332909000	     16543	80005068	e9e39297	auipc	x5,0xe9e39	  x5=0x69e3e068
      332929000	     16544	8000506c	01533d33	sltu	x26,x6,x21	  x6:0x00000000 x21:0x00000000 x26=0x00000000
      332949000	     16545	80005070	4035d893	srai	x17,x11,0x3	 x11:0x80021e20 x17=0xf00043c4
      332969000	     16546	80005074	6b186093	ori	x1,x16,1713	 x16:0xbd197fd9  x1=0xbd197ff9
      332989000	     16547	80005078	01cec763	blt	x29,x28,80005086	 x29:0x0000ffff x28:0x00000001
      333009000	     16548	8000507c	8035	c.srli	x8,0xd	  x8:0xfffff26e  x8=0x0007ffff
      333029000	     16549	8000507e	82a1	c.srli	x13,0x8	 x13:0x909fca15 x13=0x00909fca
      333049000	     16550	80005080	0384ed63	bltu	x9,x24,800050ba	  x9:0x00000240 x24:0xffffffff
      333329000	     16564	800050ba	03bfd633	divu	x12,x31,x27	 x31:0x80025ce4 x27:0x00000000 x12=0xffffffff
      334069000	     16601	800050be	030048b3	div	x17,x0,x16	  x0:0x00000000 x16:0xbd197fd9 x17=0x00000000
      334089000	     16602	800050c2	6f21	c.lui	x30,0x8	 x30=0x00008000
      334109000	     16603	800050c4	0166fb33	and	x22,x13,x22	 x13:0x00909fca x22:0x00000000 x22=0x00000000
      334129000	     16604	800050c8	46bbb013	sltiu	x0,x23,1131	 x23:0xfffffa4d  x0=0x00000000
      334169000	     16606	800050cc	02e016b3	mulh	x13,x0,x14	  x0:0x00000000 x14:0x00000030 x13=0x00000000
      334189000	     16607	800050d0	91b6	c.add	x3,x13	  x3:0xca7e3f32 x13:0x00000000  x3=0xca7e3f32
      334209000	     16608	800050d2	0245ce63	blt	x11,x4,8000510e	 x11:0x80021e20  x4:0xca7e3886
      334929000	     16644	8000510e	003178b3	and	x17,x2,x3	  x2:0x00000000  x3:0xca7e3f32 x17=0x00000000
      334949000	     16645	80005112	00e41713	slli	x14,x8,0xe	  x8:0x0007ffff x14=0xffffc000
      335209000	     16658	80005116	019e46b3	xor	x13,x28,x25	 x28:0x00000001 x25:0x00000000 x13=0x00000001
      335229000	     16659	8000511a	52fd	c.li	x5,-1	  x5=0xffffffff
      335249000	     16660	8000511c	0110e7b3	or	x15,x1,x17	  x1:0xbd197ff9 x17:0x00000000 x15=0xbd197ff9
      335389000	     16667	80005120	039d70b3	remu	x1,x26,x25	 x26:0x00000000 x25:0x00000000  x1=0x00000000
      335409000	     16668	80005124	60d5	c.lui	x1,0x15	  x1=0x00015000
      335429000	     16669	80005126	8ef9	c.and	x13,x14	 x13:0x00000001 x14:0xffffc000 x13=0x00000000
      335589000	     16677	80005128	4601	c.li	x12,0	 x12=0x00000000
      335609000	     16678	8000512a	9f2a	c.add	x30,x10	 x30:0x00008000 x10:0x00000001 x30=0x00008001
      335629000	     16679	8000512c	89ff3f13	sltiu	x30,x30,-1889	 x30:0x00008001 x30=0x00000001
      335649000	     16680	80005130	0201cd63	blt	x3,x0,8000516a	  x3:0xca7e3f32  x0:0x00000000
      336049000	     16700	8000516a	0276de63	bge	x13,x7,800051a6	 x13:0x00000000  x7:0x00000000
      336369000	     16716	800051a6	8605	c.srai	x12,0x1	 x12:0x00000000 x12=0x00000000
      336489000	     16722	800051a8	1b88	c.addi4spn	x10,x2,496	 x10=0x000001f0
      336509000	     16723	800051aa	6b65	c.lui	x22,0x19	 x22=0x00019000
      336529000	     16724	800051ac	004c7633	and	x12,x24,x4	 x24:0xffffffff  x4:0xca7e3886 x12=0xca7e3886
      336549000	     16725	800051b0	0176b4b3	sltu	x9,x13,x23	 x13:0x00000000 x23:0xfffffa4d  x9=0x00000001
      336609000	     16728	800051b4	8d2d	c.xor	x10,x11	 x10:0x000001f0 x11:0x80021e20 x10=0x80021fd0
      336629000	     16729	800051b6	69e75417	auipc	x8,0x69e75	  x8=0xe9e7a1b6
      336829000	     16739	800051ba	577fca93	xori	x21,x31,1399	 x31:0x80025ce4 x21=0x80025993
      336849000	     16740	800051be	0001	c.addi	x0,0	  x0:0x00000000  x0=0x00000000
      336869000	     16741	800051c0	02558e33	mul	x28,x11,x5	 x11:0x80021e20  x5:0xffffffff x28=0x7ffde1e0
      336889000	     16742	800051c4	0174f0b3	and	x1,x9,x23	  x9:0x00000001 x23:0xfffffa4d  x1=0x00000001
      337249000	     16760	800051c8	fc304713	xori	x14,x0,-61	  x0:0x00000000 x14=0xffffffc3
      337269000	     16761	800051cc	8cf1	c.and	x9,x12	  x9:0x00000001 x12:0xca7e3886  x9=0x00000000
      337509000	     16773	800051ce	0189f833	and	x16,x19,x24	 x19:0x0001e000 x24:0xffffffff x16=0x0001e000
      337529000	     16774	800051d2	8b15	c.andi	x14,5	 x14:0xffffffc3 x14=0x00000001
      337549000	     16775	800051d4	005cdd63	bge	x25,x5,800051ee	 x25:0x00000000  x5:0xffffffff
      338289000	     16812	800051ee	01884eb3	xor	x29,x16,x24	 x16:0x0001e000 x24:0xffffffff x29=0xfffe1fff
      338309000	     16813	800051f2	855a	c.mv	x10,x22	  x0:0x00000000 x22:0x00019000 x10=0x00019000
      338329000	     16814	800051f4	8e0d	c.sub	x12,x11	 x12:0xca7e3886 x11:0x80021e20 x12=0x4a7c1a66
      338349000	     16815	800051f6	0183d993	srli	x19,x7,0x18	  x7:0x00000000 x19=0x00000000
      338369000	     16816	800051fa	40fb0733	sub	x14,x22,x15	 x22:0x00019000 x15:0xbd197ff9 x14=0x42e81007
      339569000	     16876	800051fe	03c1d3b3	divu	x7,x3,x28	  x3:0xca7e3f32 x28:0x7ffde1e0  x7=0x00000001
      339589000	     16877	80005202	0185b8b3	sltu	x17,x11,x24	 x11:0x80021e20 x24:0xffffffff x17=0x00000001
      339609000	     16878	80005206	00844933	xor	x18,x8,x8	  x8:0xe9e7a1b6  x8:0xe9e7a1b6 x18=0x00000000
      339649000	     16880	8000520a	03b62f33	mulhsu	x30,x12,x27	 x12:0x4a7c1a66 x27:0x00000000 x30=0x00000000
      339669000	     16881	8000520e	6c3d	c.lui	x24,0xf	 x24=0x0000f000
      339689000	     16882	80005210	14fd	c.addi	x9,-1	  x9:0x00000000  x9=0xffffffff
      339709000	     16883	80005212	8a71	c.andi	x12,28	 x12:0x4a7c1a66 x12=0x00000004
      339809000	     16888	80005214	0808	c.addi4spn	x10,x2,16	 x10=0x00000010
      339829000	     16889	80005216	0092	c.slli	x1,0x4	  x1:0x00000001  x1=0x00000010
      339889000	     16892	80005218	8d65	c.and	x10,x9	 x10:0x00000010  x9:0xffffffff x10=0x00000010
      339929000	     16894	8000521a	002b00b3	add	x1,x22,x2	 x22:0x00019000  x2:0x00000000  x1=0x00019000
      339949000	     16895	8000521e	0000100f	fence.i	
      340609000	     16928	80005222	8ea9	c.xor	x13,x10	 x13:0x00000000 x10:0x00000010 x13=0x00000010
      340629000	     16929	80005224	0129c3b3	xor	x7,x19,x18	 x19:0x00000000 x18:0x00000000  x7=0x00000000
      340649000	     16930	80005228	8fb1	c.xor	x15,x12	 x15:0xbd197ff9 x12:0x00000004 x15=0xbd197ffd
      340669000	     16931	8000522a	0001	c.addi	x0,0	  x0:0x00000000  x0=0x00000000
      340689000	     16932	8000522c	0000100f	fence.i	
      341469000	     16971	80005230	0d04	c.addi4spn	x9,x2,656	  x9=0x00000290
      341849000	     16990	80005232	00561293	slli	x5,x12,0x5	 x12:0x00000004  x5=0x00000080
      341929000	     16994	80005236	015e09b3	add	x19,x28,x21	 x28:0x7ffde1e0 x21:0x80025993 x19=0x00003b73
      341949000	     16995	8000523a	410387b3	sub	x15,x7,x16	  x7:0x00000000 x16:0x0001e000 x15=0xfffe2000
      341969000	     16996	8000523e	02e78a63	beq	x15,x14,80005272	 x15:0xfffe2000 x14:0x42e81007
      341989000	     16997	80005242	024eb513	sltiu	x10,x29,36	 x29:0xfffe1fff x10=0x00000000
      342009000	     16998	80005246	0000100f	fence.i	
      342089000	     17002	8000524a	ae4a3993	sltiu	x19,x20,-1308	 x20:0x00000000 x19=0x00000001
      342109000	     17003	8000524e	0001	c.addi	x0,0	  x0:0x00000000  x0=0x00000000
      342129000	     17004	80005250	4da5	c.li	x27,9	 x27=0x00000009
      342149000	     17005	80005252	717d	c.addi16sp	x2,-16	  x2:0x00000000  x2=0xfffffff0
      342169000	     17006	80005254	83e1	c.srli	x15,0x18	 x15:0xfffe2000 x15=0x000000ff
      342189000	     17007	80005256	b6d892b7	lui	x5,0xb6d89	  x5=0xb6d89000
      342209000	     17008	8000525a	401953b3	sra	x7,x18,x1	 x18:0x00000000  x1:0x00019000  x7=0x00000000
      342949000	     17045	8000525e	02f5f1b3	remu	x3,x11,x15	 x11:0x80021e20 x15:0x000000ff  x3=0x000000c0
      342969000	     17046	80005262	82bd	c.srli	x13,0xf	 x13:0x00000010 x13=0x00000000
      342989000	     17047	80005264	01d9ba33	sltu	x20,x19,x29	 x19:0x00000001 x29:0xfffe1fff x20=0x00000001
      343009000	     17048	80005268	e2a9	c.bnez	x13,800052aa	 x13:0x00000000
      343029000	     17049	8000526a	03058e63	beq	x11,x16,800052a6	 x11:0x80021e20 x16:0x0001e000
      343049000	     17050	8000526e	038a07b3	mul	x15,x20,x24	 x20:0x00000001 x24:0x0000f000 x15=0x0000f000
      343069000	     17051	80005272	8aa5	c.andi	x13,9	 x13:0x00000000 x13=0x00000000
      343089000	     17052	80005274	03964d63	blt	x12,x25,800052ae	 x12:0x00000004 x25:0x00000000
      343829000	     17089	80005278	02244bb3	div	x23,x8,x2	  x8:0xe9e7a1b6  x2:0xfffffff0 x23=0x016185e4
      343849000	     17090	8000527c	82b9	c.srli	x13,0xe	 x13:0x00000000 x13=0x00000000
      343869000	     17091	8000527e	01396a63	bltu	x18,x19,80005292	 x18:0x00000000 x19:0x00000001
      343989000	     17097	80005292	0048aeb3	slt	x29,x17,x4	 x17:0x00000001  x4:0xca7e3886 x29=0x00000000
      344069000	     17101	80005296	000db8b3	sltu	x17,x27,x0	 x27:0x00000009  x0:0x00000000 x17=0x00000000
      344949000	     17145	8000529a	03f2dab3	divu	x21,x5,x31	  x5:0xb6d89000 x31:0x80025ce4 x21=0x00000001
      344969000	     17146	8000529e	573a9897	auipc	x17,0x573a9	 x17=0xd73ae29e
      344989000	     17147	800052a2	0118f533	and	x10,x17,x17	 x17:0xd73ae29e x17:0xd73ae29e x10=0xd73ae29e
      345009000	     17148	800052a6	003ff863	bgeu	x31,x3,800052b6	 x31:0x80025ce4  x3:0x000000c0
      346029000	     17199	800052b6	0255cab3	div	x21,x11,x5	 x11:0x80021e20  x5:0xb6d89000 x21=0x00000001
      346049000	     17200	800052ba	40cf8133	sub	x2,x31,x12	 x31:0x80025ce4 x12:0x00000004  x2=0x80025ce0
      346069000	     17201	800052be	997d	c.andi	x10,-1	 x10:0xd73ae29e x10=0xd73ae29e
      346089000	     17202	800052c0	b6d74c93	xori	x25,x14,-1171	 x14:0x42e81007 x25=0xbd17eb6a
      346109000	     17203	800052c4	019851b3	srl	x3,x16,x25	 x16:0x0001e000 x25:0xbd17eb6a  x3=0x00000078
      346129000	     17204	800052c8	007bdd33	srl	x26,x23,x7	 x23:0x016185e4  x7:0x00000000 x26=0x016185e4
      346149000	     17205	800052cc	8f75	c.and	x14,x13	 x14:0x42e81007 x13:0x00000000 x14=0x00000000
      346169000	     17206	800052ce	0ee6	c.slli	x29,0x19	 x29:0x00000000 x29=0x00000000
      347289000	     17262	800052d0	024347b3	div	x15,x6,x4	  x6:0x00000000  x4:0xca7e3886 x15=0x00000000
      347309000	     17263	800052d4	e49d	c.bnez	x9,80005302	  x9:0x00000290
      347409000	     17268	80005302	00385b93	srli	x23,x16,0x3	 x16:0x0001e000 x23=0x00003c00
      347429000	     17269	80005306	0001	c.addi	x0,0	  x0:0x00000000  x0=0x00000000
      348269000	     17311	80005308	03bae033	rem	x0,x21,x27	 x21:0x00000001 x27:0x00000009  x0=0x00000000
      349009000	     17348	8000530c	028bf4b3	remu	x9,x23,x8	 x23:0x00003c00  x8:0xe9e7a1b6  x9=0x00003c00
      349029000	     17349	80005310	416bd993	srai	x19,x23,0x16	 x23:0x00003c00 x19=0x00000000
      349069000	     17351	80005314	02b51db3	mulh	x27,x10,x11	 x10:0xd73ae29e x11:0x80021e20 x27=0x1462385a
      349089000	     17352	80005318	4385fe93	andi	x29,x11,1080	 x11:0x80021e20 x29=0x00000420
      349109000	     17353	8000531c	0336dc63	bge	x13,x19,80005354	 x13:0x00000000 x19:0x00000000
      349429000	     17369	80005354	9b06	c.add	x22,x1	 x22:0x00019000  x1:0x00019000 x22=0x00032000
      349869000	     17391	80005356	01f632b3	sltu	x5,x12,x31	 x12:0x00000004 x31:0x80025ce4  x5=0x00000001
      349929000	     17394	8000535a	01771193	slli	x3,x14,0x17	 x14:0x00000000  x3=0x00000000
      349949000	     17395	8000535e	890e8893	addi	x17,x29,-1904	 x29:0x00000420 x17=0xfffffcb0
      350689000	     17432	80005362	02435b33	divu	x22,x6,x4	  x6:0x00000000  x4:0xca7e3886 x22=0x00000000
      350709000	     17433	80005366	8bd1	c.andi	x15,20	 x15:0x00000000 x15=0x00000000
      350729000	     17434	80005368	0337f763	bgeu	x15,x19,80005396	 x15:0x00000000 x19:0x00000000
      350869000	     17441	80005396	8fbd	c.xor	x15,x15	 x15:0x00000000 x15:0x00000000 x15=0x00000000
      351049000	     17450	80005398	01ff3533	sltu	x10,x30,x31	 x30:0x00000000 x31:0x80025ce4 x10=0x00000001
      351109000	     17453	8000539c	6da1	c.lui	x27,0x8	 x27=0x00008000
      351149000	     17455	8000539e	02463eb3	mulhu	x29,x12,x4	 x12:0x00000004  x4:0xca7e3886 x29=0x00000003
      351509000	     17473	800053a2	001239b3	sltu	x19,x4,x1	  x4:0xca7e3886  x1:0x00019000 x19=0x00000000
      351529000	     17474	800053a6	03284063	blt	x16,x18,800053c6	 x16:0x0001e000 x18:0x00000000
      351649000	     17480	800053aa	040fe193	ori	x3,x31,64	 x31:0x80025ce4  x3=0x80025ce4
      351669000	     17481	800053ae	717d	c.addi16sp	x2,-16	  x2:0x80025ce0  x2=0x80025cd0
      351809000	     17488	800053b0	0134a2b3	slt	x5,x9,x19	  x9:0x00003c00 x19:0x00000000  x5=0x00000000
      351829000	     17489	800053b4	c409	c.beqz	x8,800053be	  x8:0xe9e7a1b6
      351849000	     17490	800053b6	4ea1	c.li	x29,8	 x29=0x00000008
      351869000	     17491	800053b8	0001	c.addi	x0,0	  x0:0x00000000  x0=0x00000000
      352149000	     17505	800053ba	00578463	beq	x15,x5,800053c2	 x15:0x00000000  x5:0x00000000
      352409000	     17518	800053c2	8d4d	c.or	x10,x11	 x10:0x00000001 x11:0x80021e20 x10=0x80021e21
      352849000	     17540	800053c4	0898	c.addi4spn	x14,x2,80	 x14=0x80025d20
      352949000	     17545	800053c6	033fc163	blt	x31,x19,800053e8	 x31:0x80025ce4 x19:0x00000000
      354129000	     17604	800053e8	01187f33	and	x30,x16,x17	 x16:0x0001e000 x17:0xfffffcb0 x30=0x0001e000
      354329000	     17614	800053ec	017f0c33	add	x24,x30,x23	 x30:0x0001e000 x23:0x00003c00 x24=0x00021c00
      354409000	     17618	800053f0	823d	c.srli	x12,0xf	 x12:0x00000004 x12=0x00000000
      354429000	     17619	800053f2	4aef2b97	auipc	x23,0x4aef2	 x23=0xcaef73f2
      354529000	     17624	800053f6	00689213	slli	x4,x17,0x6	 x17:0xfffffcb0  x4=0xffff2c00
      354569000	     17626	800053fa	0086dc33	srl	x24,x13,x8	 x13:0x00000000  x8:0xe9e7a1b6 x24=0x00000000
      354589000	     17627	800053fe	039d6763	bltu	x26,x25,8000542c	 x26:0x016185e4 x25:0xbd17eb6a
      355509000	     17673	8000542c	03bdf4b3	remu	x9,x27,x27	 x27:0x00008000 x27:0x00008000  x9=0x00000000
      355529000	     17674	80005430	407bd7b3	sra	x15,x23,x7	 x23:0xcaef73f2  x7:0x00000000 x15=0xcaef73f2
      355549000	     17675	80005434	01ee8e63	beq	x29,x30,80005450	 x29:0x00000008 x30:0x0001e000
      355569000	     17676	80005438	03a77d63	bgeu	x14,x26,80005472	 x14:0x80025d20 x26:0x016185e4
      356089000	     17702	80005472	01740db3	add	x27,x8,x23	  x8:0xe9e7a1b6 x23:0xcaef73f2 x27=0xb4d715a8
      356309000	     17713	80005476	45264013	xori	x0,x12,1106	 x12:0x00000000  x0=0x00000000
      356749000	     17735	8000547a	0263cbb3	div	x23,x7,x6	  x7:0x00000000  x6:0x00000000 x23=0xffffffff
      356769000	     17736	8000547e	0d66	c.slli	x26,0x19	 x26:0x016185e4 x26=0xc8000000
      356989000	     17747	80005480	0000100f	fence.i	
      357749000	     17785	80005484	c519	c.beqz	x10,80005492	 x10:0x80021e21
      357769000	     17786	80005486	008d1ab3	sll	x21,x26,x8	 x26:0xc8000000  x8:0xe9e7a1b6 x21=0x00000000
      357809000	     17788	8000548a	03aeadb3	mulhsu	x27,x29,x26	 x29:0x00000008 x26:0xc8000000 x27=0x00000006
      357829000	     17789	8000548e	0001	c.addi	x0,0	  x0:0x00000000  x0=0x00000000
      357849000	     17790	80005490	e889	c.bnez	x9,800054a2	  x9:0x00000000
      357869000	     17791	80005492	00e35d93	srli	x27,x6,0xe	  x6:0x00000000 x27=0x00000000
      358029000	     17799	80005496	015ec0b3	xor	x1,x29,x21	 x29:0x00000008 x21:0x00000000  x1=0x00000008
      358229000	     17809	8000549a	9c05e213	ori	x4,x11,-1600	 x11:0x80021e20  x4=0xffffffe0
      358249000	     17810	8000549e	01a5b533	sltu	x10,x11,x26	 x11:0x80021e20 x26:0xc8000000 x10=0x00000001
      358469000	     17821	800054a2	0363a533	mulhsu	x10,x7,x22	  x7:0x00000000 x22:0x00000000 x10=0x00000000
      358489000	     17822	800054a6	40a25233	sra	x4,x4,x10	  x4:0xffffffe0 x10:0x00000000  x4=0xffffffe0
      358609000	     17828	800054aa	8575e713	ori	x14,x11,-1961	 x11:0x80021e20 x14=0xfffffe77
      359029000	     17849	800054ae	40c08233	sub	x4,x1,x12	  x1:0x00000008 x12:0x00000000  x4=0x00000008
      359309000	     17863	800054b2	0ff0000f	fence	iorw,iorw	
      359609000	     17878	800054b6	01607663	bgeu	x0,x22,800054c2	  x0:0x00000000 x22:0x00000000
      360789000	     17937	800054c2	900b8e13	addi	x28,x23,-1792	 x23:0xffffffff x28=0xfffff8ff
      360809000	     17938	800054c6	5d7d	c.li	x26,-1	 x26=0xffffffff
      360829000	     17939	800054c8	01d4a8b3	slt	x17,x9,x29	  x9:0x00000000 x29:0x00000008 x17=0x00000001
      360909000	     17943	800054cc	0818	c.addi4spn	x14,x2,16	 x14=0x80025ce0
      360929000	     17944	800054ce	be047c13	andi	x24,x8,-1056	  x8:0xe9e7a1b6 x24=0xe9e7a1a0
      361269000	     17961	800054d2	02e43233	mulhu	x4,x8,x14	  x8:0xe9e7a1b6 x14:0x80025ce0  x4=0x74f5f986
      361309000	     17963	800054d6	02799733	mulh	x14,x19,x7	 x19:0x00000000  x7:0x00000000 x14=0x00000000
      361369000	     17966	800054da	0307af33	mulhsu	x30,x15,x16	 x15:0xcaef73f2 x16:0x0001e000 x30=0xffff9c80
      361409000	     17968	800054de	0228ac33	mulhsu	x24,x17,x2	 x17:0x00000001  x2:0x80025cd0 x24=0x00000000
      361429000	     17969	800054e2	8cd36b93	ori	x23,x6,-1843	  x6:0x00000000 x23=0xfffff8cd
      361449000	     17970	800054e6	009e7f33	and	x30,x28,x9	 x28:0xfffff8ff  x9:0x00000000 x30=0x00000000
      361849000	     17990	800054ea	0125c133	xor	x2,x11,x18	 x11:0x80021e20 x18:0x00000000  x2=0x80021e20
      361869000	     17991	800054ee	717d	c.addi16sp	x2,-16	  x2:0x80021e20  x2=0x80021e10
      361889000	     17992	800054f0	00c73db3	sltu	x27,x14,x12	 x14:0x00000000 x12:0x00000000 x27=0x00000000
      361909000	     17993	800054f4	d36b6a93	ori	x21,x22,-714	 x22:0x00000000 x21=0xfffffd36
      361929000	     17994	800054f8	0000100f	fence.i	
      370409000	     18418	800054fc	d400a993	slti	x19,x1,-704	  x1:0x00000008 x19=0x00000000
      370449000	     18420	80005500	025a2833	mulhsu	x16,x20,x5	 x20:0x00000001  x5:0x00000000 x16=0x00000000
      370469000	     18421	80005504	010108b3	add	x17,x2,x16	  x2:0x80021e10 x16:0x00000000 x17=0x80021e10
      370489000	     18422	80005508	018490b3	sll	x1,x9,x24	  x9:0x00000000 x24:0x00000000  x1=0x00000000
      370509000	     18423	8000550c	012e1f13	slli	x30,x28,0x12	 x28:0xfffff8ff x30=0xe3fc0000
      370969000	     18446	80005510	8cf9	c.and	x9,x14	  x9:0x00000000 x14:0x00000000  x9=0x00000000
      370989000	     18447	80005512	00371033	sll	x0,x14,x3	 x14:0x00000000  x3:0x80025ce4  x0=0x00000000
      371409000	     18468	80005516	009210b3	sll	x1,x4,x9	  x4:0x74f5f986  x9:0x00000000  x1=0x74f5f986
      371509000	     18473	8000551a	5fa8f793	andi	x15,x17,1530	 x17:0x80021e10 x15=0x00000410
      371569000	     18476	8000551e	0ff0000f	fence	iorw,iorw	
      371589000	     18477	80005522	03c2c963	blt	x5,x28,80005554	  x5:0x00000000 x28:0xfffff8ff
      371609000	     18478	80005526	6109	c.addi16sp	x2,128	  x2:0x80021e10  x2=0x80021e90
      371629000	     18479	80005528	0ff0000f	fence	iorw,iorw	
      371649000	     18480	8000552c	8f59	c.or	x14,x14	 x14:0x00000000 x14:0x00000000 x14=0x00000000
      371969000	     18496	8000552e	007b54b3	srl	x9,x22,x7	 x22:0x00000000  x7:0x00000000  x9=0x00000000
      371989000	     18497	80005532	016f9113	slli	x2,x31,0x16	 x31:0x80025ce4  x2=0x39000000
      372409000	     18518	80005536	0099bab3	sltu	x21,x19,x9	 x19:0x00000000  x9:0x00000000 x21=0x00000000
      372429000	     18519	8000553a	8fb5	c.xor	x15,x13	 x15:0x00000410 x13:0x00000000 x15=0x00000410
      373389000	     18567	8000553c	0373c7b3	div	x15,x7,x23	  x7:0x00000000 x23:0xfffff8cd x15=0x00000000
      373409000	     18568	80005540	e881	c.bnez	x9,80005550	  x9:0x00000000
      373429000	     18569	80005542	40c8dc33	sra	x24,x17,x12	 x17:0x80021e10 x12:0x00000000 x24=0x80021e10
      373549000	     18575	80005546	03491c33	mulh	x24,x18,x20	 x18:0x00000000 x20:0x00000001 x24=0x00000000
      373569000	     18576	8000554a	40fd04b3	sub	x9,x26,x15	 x26:0xffffffff x15:0x00000000  x9=0xffffffff
      373589000	     18577	8000554e	197d	c.addi	x18,-1	 x18:0x00000000 x18=0xffffffff
      373729000	     18584	80005550	0ff0000f	fence	iorw,iorw	
      373769000	     18586	80005554	01f56eb3	or	x29,x10,x31	 x10:0x00000000 x31:0x80025ce4 x29=0x80025ce4
      373849000	     18590	80005558	00b66a33	or	x20,x12,x11	 x12:0x00000000 x11:0x80021e20 x20=0x80021e20
      373989000	     18597	8000555c	00f2	c.slli	x1,0x1c	  x1:0x74f5f986  x1=0x60000000
      374729000	     18634	8000555e	02955433	divu	x8,x10,x9	 x10:0x00000000  x9:0xffffffff  x8=0x00000000
      374749000	     18635	80005562	cd19	c.beqz	x10,80005580	 x10:0x00000000
      375329000	     18664	80005580	865d	c.srai	x12,0x17	 x12:0x00000000 x12=0x00000000
      375349000	     18665	80005582	4122d433	sra	x8,x5,x18	  x5:0x00000000 x18:0xffffffff  x8=0x00000000
      375369000	     18666	80005586	0818	c.addi4spn	x14,x2,16	 x14=0x39000010
      375529000	     18674	80005588	00f09c93	slli	x25,x1,0xf	  x1:0x60000000 x25=0x00000000
      375549000	     18675	8000558c	8fd1	c.or	x15,x12	 x15:0x00000000 x12:0x00000000 x15=0x00000000
      375709000	     18683	8000558e	02205d63	bge	x0,x2,800055c8	  x0:0x00000000  x2:0x39000000
      375729000	     18684	80005592	1b1c	c.addi4spn	x15,x2,432	 x15=0x390001b0
      375769000	     18686	80005594	038622b3	mulhsu	x5,x12,x24	 x12:0x00000000 x24:0x00000000  x5=0x00000000
      375809000	     18688	80005598	03619833	mulh	x16,x3,x22	  x3:0x80025ce4 x22:0x00000000 x16=0x00000000
      375829000	     18689	8000559c	3f747813	andi	x16,x8,1015	  x8:0x00000000 x16=0x00000000
      375889000	     18692	800055a0	40e9d813	srai	x16,x19,0xe	 x19:0x00000000 x16=0x00000000
      376089000	     18702	800055a4	c8097437	lui	x8,0xc8097	  x8=0xc8097000
      376349000	     18715	800055a8	40df5133	sra	x2,x30,x13	 x30:0xe3fc0000 x13:0x00000000  x2=0xe3fc0000
      377089000	     18752	800055ac	02e3ee33	rem	x28,x7,x14	  x7:0x00000000 x14:0x39000010 x28=0x00000000
      377109000	     18753	800055b0	e795	c.bnez	x15,800055dc	 x15:0x390001b0
      377349000	     18765	800055dc	db92fd13	andi	x26,x5,-583	  x5:0x00000000 x26=0x00000000
      377409000	     18768	800055e0	0000100f	fence.i	
      378589000	     18827	800055e4	02eed733	divu	x14,x29,x14	 x29:0x80025ce4 x14:0x39000010 x14=0x00000002
      378609000	     18828	800055e8	006f1813	slli	x16,x30,0x6	 x30:0xe3fc0000 x16=0xff000000
      378629000	     18829	800055ec	01687f33	and	x30,x16,x22	 x16:0xff000000 x22:0x00000000 x30=0x00000000
      378649000	     18830	800055f0	3f8bf713	andi	x14,x23,1016	 x23:0xfffff8cd x14=0x000000c8
      378669000	     18831	800055f4	0001	c.addi	x0,0	  x0:0x00000000  x0=0x00000000
      378689000	     18832	800055f6	01b04263	blt	x0,x27,800055fa	  x0:0x00000000 x27:0x00000000
      378709000	     18833	800055fa	019101b3	add	x3,x2,x25	  x2:0xe3fc0000 x25:0x00000000  x3=0xe3fc0000
      379489000	     18872	800055fe	032a4633	div	x12,x20,x18	 x20:0x80021e20 x18:0xffffffff x12=0x7ffde1e0
      379509000	     18873	80005602	9df7ae13	slti	x28,x15,-1569	 x15:0x390001b0 x28=0x00000000
      379529000	     18874	80005606	cf8d	c.beqz	x15,80005640	 x15:0x390001b0
      379549000	     18875	80005608	64e1	c.lui	x9,0x18	  x9=0x00018000
      379569000	     18876	8000560a	bd45b493	sltiu	x9,x11,-1068	 x11:0x80021e20  x9=0x00000001
      379589000	     18877	8000560e	0001	c.addi	x0,0	  x0:0x00000000  x0=0x00000000
      379609000	     18878	80005610	8105	c.srli	x10,0x1	 x10:0x00000000 x10=0x00000000
      379629000	     18879	80005612	009ddc13	srli	x24,x27,0x9	 x27:0x00000000 x24=0x00000000
      379649000	     18880	80005616	8155	c.srli	x10,0x15	 x10:0x00000000 x10=0x00000000
      379669000	     18881	80005618	00006b33	or	x22,x0,x0	  x0:0x00000000  x0:0x00000000 x22=0x00000000
      379689000	     18882	8000561c	04330263	beq	x6,x3,80005660	  x6:0x00000000  x3:0xe3fc0000
      380069000	     18901	80005620	407a8a33	sub	x20,x21,x7	 x21:0x00000000  x7:0x00000000 x20=0x00000000
      380489000	     18922	80005624	0ff0000f	fence	iorw,iorw	
      380509000	     18923	80005628	3e662a37	lui	x20,0x3e662	 x20=0x3e662000
      380569000	     18926	8000562c	8e89	c.sub	x13,x10	 x13:0x00000000 x10:0x00000000 x13=0x00000000
      380589000	     18927	8000562e	4be5	c.li	x23,25	 x23=0x00000019
      380989000	     18947	80005630	40380633	sub	x12,x16,x3	 x16:0xff000000  x3:0xe3fc0000 x12=0x1b040000
      381029000	     18949	80005634	03b1b2b3	mulhu	x5,x3,x27	  x3:0xe3fc0000 x27:0x00000000  x5=0x00000000
      381129000	     18954	80005638	5780b113	sltiu	x2,x1,1400	  x1:0x60000000  x2=0x00000000
      381289000	     18962	8000563c	005c1193	slli	x3,x24,0x5	 x24:0x00000000  x3=0x00000000
      381709000	     18983	80005640	0063a533	slt	x10,x7,x6	  x7:0x00000000  x6:0x00000000 x10=0x00000000
      381729000	     18984	80005644	01ec5113	srli	x2,x24,0x1e	 x24:0x00000000  x2=0x00000000
      382869000	     19041	80005648	032f49b3	div	x19,x30,x18	 x30:0x00000000 x18:0xffffffff x19=0x00000000
      382889000	     19042	8000564c	01ca1493	slli	x9,x20,0x1c	 x20:0x3e662000  x9=0x00000000
      382909000	     19043	80005650	012c1833	sll	x16,x24,x18	 x24:0x00000000 x18:0xffffffff x16=0x00000000
      382929000	     19044	80005654	03af83b3	mul	x7,x31,x26	 x31:0x80025ce4 x26:0x00000000  x7=0x00000000
      382949000	     19045	80005658	00347c63	bgeu	x8,x3,80005670	  x8:0xc8097000  x3:0x00000000
      383609000	     19078	80005670	47a1	c.li	x15,8	 x15=0x00000008
      383629000	     19079	80005672	1b7d	c.addi	x22,-1	 x22:0x00000000 x22=0xffffffff
      383769000	     19086	80005674	00b0d613	srli	x12,x1,0xb	  x1:0x60000000 x12=0x000c0000
      383829000	     19089	80005678	0394b9b3	mulhu	x19,x9,x25	  x9:0x00000000 x25:0x00000000 x19=0x00000000
      384189000	     19107	8000567c	03f52533	mulhsu	x10,x10,x31	 x10:0x00000000 x31:0x80025ce4 x10=0x00000000
      384209000	     19108	80005680	cd67c493	xori	x9,x15,-810	 x15:0x00000008  x9=0xfffffcde
      384229000	     19109	80005684	40180233	sub	x4,x16,x1	 x16:0x00000000  x1:0x60000000  x4=0xa0000000
      384249000	     19110	80005688	02aa0ab3	mul	x21,x20,x10	 x20:0x3e662000 x10:0x00000000 x21=0x00000000
      384309000	     19113	8000568c	02906e63	bltu	x0,x9,800056c8	  x0:0x00000000  x9:0xfffffcde
      385269000	     19161	800056c8	02171eb3	mulh	x29,x14,x1	 x14:0x000000c8  x1:0x60000000 x29=0x0000004b
      385389000	     19167	800056cc	41da8733	sub	x14,x21,x29	 x21:0x00000000 x29:0x0000004b x14=0xffffffb5
      385409000	     19168	800056d0	0001	c.addi	x0,0	  x0:0x00000000  x0=0x00000000
      385429000	     19169	800056d2	8f1d	c.sub	x14,x15	 x14:0xffffffb5 x15:0x00000008 x14=0xffffffad
      385829000	     19189	800056d4	80e6	c.mv	x1,x25	  x0:0x00000000 x25:0x00000000  x1=0x00000000
      385889000	     19192	800056d6	03be0633	mul	x12,x28,x27	 x28:0x00000000 x27:0x00000000 x12=0x00000000
      385949000	     19195	800056da	00f75f33	srl	x30,x14,x15	 x14:0xffffffad x15:0x00000008 x30=0x00ffffff
      385969000	     19196	800056de	8c6d	c.and	x8,x11	  x8:0xc8097000 x11:0x80021e20  x8=0x80001000
      385989000	     19197	800056e0	c515	c.beqz	x10,8000570c	 x10:0x00000000
      386189000	     19207	8000570c	0001	c.addi	x0,0	  x0:0x00000000  x0=0x00000000
      386329000	     19214	8000570e	03538433	mul	x8,x7,x21	  x7:0x00000000 x21:0x00000000  x8=0x00000000
      386469000	     19221	80005712	02feac33	mulhsu	x24,x29,x15	 x29:0x0000004b x15:0x00000008 x24=0x00000000
      386489000	     19222	80005716	8d3d	c.xor	x10,x15	 x10:0x00000000 x15:0x00000008 x10=0x00000008
      386509000	     19223	80005718	02a5c463	blt	x11,x10,80005740	 x11:0x80021e20 x10:0x00000008
      387489000	     19272	80005740	03e7e7b3	rem	x15,x15,x30	 x15:0x00000008 x30:0x00ffffff x15=0x00000008
      387509000	     19273	80005744	fa74fa93	andi	x21,x9,-89	  x9:0xfffffcde x21=0xfffffc86
      388249000	     19310	80005748	0350f4b3	remu	x9,x1,x21	  x1:0x00000000 x21:0xfffffc86  x9=0x00000000
      388269000	     19311	8000574c	1e0f8837	lui	x16,0x1e0f8	 x16=0x1e0f8000
      388309000	     19313	80005750	03611833	mulh	x16,x2,x22	  x2:0x00000000 x22:0xffffffff x16=0x00000000
      388329000	     19314	80005754	8895	c.andi	x9,5	  x9:0x00000000  x9=0x00000000
      388349000	     19315	80005756	8739	c.srai	x14,0xe	 x14:0xffffffad x14=0xffffffff
      388369000	     19316	80005758	00a5b1b3	sltu	x3,x11,x10	 x11:0x80021e20 x10:0x00000008  x3=0x00000000
      388389000	     19317	8000575c	0140d393	srli	x7,x1,0x14	  x1:0x00000000  x7=0x00000000
      388409000	     19318	80005760	00575b33	srl	x22,x14,x5	 x14:0xffffffff  x5:0x00000000 x22=0xffffffff
      388849000	     19340	80005764	77b74413	xori	x8,x14,1915	 x14:0xffffffff  x8=0xfffff884
      388869000	     19341	80005768	417ad913	srai	x18,x21,0x17	 x21:0xfffffc86 x18=0xffffffff
      388889000	     19342	8000576c	ba5c7213	andi	x4,x24,-1115	 x24:0x00000000  x4=0x00000000
      388909000	     19343	80005770	8165	c.srli	x10,0x19	 x10:0x00000008 x10=0x00000000
      388929000	     19344	80005772	8e71	c.and	x12,x12	 x12:0x00000000 x12:0x00000000 x12=0x00000000
      388949000	     19345	80005774	01b32533	slt	x10,x6,x27	  x6:0x00000000 x27:0x00000000 x10=0x00000000
      388989000	     19347	80005778	8ee9	c.and	x13,x10	 x13:0x00000000 x10:0x00000000 x13=0x00000000
      389189000	     19357	8000577a	d6b1b893	sltiu	x17,x3,-661	  x3:0x00000000 x17=0x00000001
      389349000	     19365	8000577e	0ff0000f	fence	iorw,iorw	
      389389000	     19367	80005782	030bfd33	remu	x26,x23,x16	 x23:0x00000019 x16:0x00000000 x26=0x00000019
      389409000	     19368	80005786	401f57b3	sra	x15,x30,x1	 x30:0x00ffffff  x1:0x00000000 x15=0x00ffffff
      389429000	     19369	8000578a	453c8b13	addi	x22,x25,1107	 x25:0x00000000 x22=0x00000453
      389449000	     19370	8000578e	8ea5	c.xor	x13,x9	 x13:0x00000000  x9:0x00000000 x13=0x00000000
      389469000	     19371	80005790	009a5913	srli	x18,x20,0x9	 x20:0x3e662000 x18=0x001f3310
      389489000	     19372	80005794	0098	c.addi4spn	x14,x2,64	 x14=0x00000040
      389509000	     19373	80005796	0ad1	c.addi	x21,20	 x21:0xfffffc86 x21=0xfffffc9a
      389769000	     19386	80005798	020b3b33	mulhu	x22,x22,x0	 x22:0x00000453  x0:0x00000000 x22=0x00000000
      389949000	     19395	8000579c	9f52	c.add	x30,x20	 x30:0x00ffffff x20:0x3e662000 x30=0x3f661fff
      390069000	     19401	8000579e	e8936813	ori	x16,x6,-375	  x6:0x00000000 x16=0xfffffe89
      390089000	     19402	800057a2	0300	c.addi4spn	x8,x2,384	  x8=0x00000180
      390109000	     19403	800057a4	01873ab3	sltu	x21,x14,x24	 x14:0x00000040 x24:0x00000000 x21=0x00000000
      390129000	     19404	800057a8	8e3d	c.xor	x12,x15	 x12:0x00000000 x15:0x00ffffff x12=0x00ffffff
      390149000	     19405	800057aa	039dea63	bltu	x27,x25,800057de	 x27:0x00000000 x25:0x00000000
      390269000	     19411	800057ae	a851bcb7	lui	x25,0xa851b	 x25=0xa851b000
      390469000	     19421	800057b2	00d5d463	bge	x11,x13,800057ba	 x11:0x80021e20 x13:0x00000000
      390529000	     19424	800057b6	bdd1fc97	auipc	x25,0xbdd1f	 x25=0x3dd247b6
      390549000	     19425	800057ba	012c4ab3	xor	x21,x24,x18	 x24:0x00000000 x18:0x001f3310 x21=0x001f3310
      390569000	     19426	800057be	01dd4963	blt	x26,x29,800057d0	 x26:0x00000019 x29:0x0000004b
      391169000	     19456	800057d0	8f3d	c.xor	x14,x15	 x14:0x00000040 x15:0x00ffffff x14=0x00ffffbf
      391189000	     19457	800057d2	2b412493	slti	x9,x2,692	  x2:0x00000000  x9=0x00000001
      391489000	     19472	800057d6	00389193	slli	x3,x17,0x3	 x17:0x00000001  x3=0x00000008
      391549000	     19475	800057da	02498733	mul	x14,x19,x4	 x19:0x00000000  x4:0x00000000 x14=0x00000000
      391569000	     19476	800057de	e219	c.bnez	x12,800057e4	 x12:0x00ffffff
      391709000	     19483	800057e4	4f2d	c.li	x30,11	 x30=0x0000000b
      391749000	     19485	800057e6	0ff0000f	fence	iorw,iorw	
      391769000	     19486	800057ea	968a	c.add	x13,x2	 x13:0x00000000  x2:0x00000000 x13=0x00000000
      392049000	     19500	800057ec	00341f13	slli	x30,x8,0x3	  x8:0x00000180 x30=0x00000c00
      392069000	     19501	800057f0	cc85	c.beqz	x9,80005828	  x9:0x00000001
      392089000	     19502	800057f2	409e5733	sra	x14,x28,x9	 x28:0x00000000  x9:0x00000001 x14=0x00000000
      392109000	     19503	800057f6	00058e93	addi	x29,x11,0	 x11:0x80021e20 x29=0x80021e20
      392129000	     19504	800057fa	0b610013	addi	x0,x2,182	  x2:0x00000000  x0=0x00000000
      392149000	     19505	800057fe	8ac1	c.andi	x13,16	 x13:0x00000000 x13=0x00000000
      392189000	     19507	80005800	03a2f963	bgeu	x5,x26,80005832	  x5:0x00000000 x26:0x00000019
      392369000	     19516	80005804	0ff0000f	fence	iorw,iorw	
      392389000	     19517	80005808	f8f08d93	addi	x27,x1,-113	  x1:0x00000000 x27=0xffffff8f
      392529000	     19524	8000580c	8135	c.srli	x10,0xd	 x10:0x00000000 x10=0x00000000
      392949000	     19545	8000580e	01fd77b3	and	x15,x26,x31	 x26:0x00000019 x31:0x80025ce4 x15=0x00000000
      393229000	     19559	80005812	a0e8e393	ori	x7,x17,-1522	 x17:0x00000001  x7=0xfffffa0f
      393249000	     19560	80005816	e60d	c.bnez	x12,80005840	 x12:0x00ffffff
      393949000	     19595	80005840	aea28c37	lui	x24,0xaea28	 x24=0xaea28000
      394369000	     19616	80005844	019a02b3	add	x5,x20,x25	 x20:0x3e662000 x25:0x3dd247b6  x5=0x7c3867b6
      394389000	     19617	80005848	02ee8433	mul	x8,x29,x14	 x29:0x80021e20 x14:0x00000000  x8=0x00000000
      394429000	     19619	8000584c	03c1b2b3	mulhu	x5,x3,x28	  x3:0x00000008 x28:0x00000000  x5=0x00000000
      394449000	     19620	80005850	42b22a37	lui	x20,0x42b22	 x20=0x42b22000
      394469000	     19621	80005854	55df39b7	lui	x19,0x55df3	 x19=0x55df3000
      394709000	     19633	80005858	986e	c.add	x16,x27	 x16:0xfffffe89 x27:0xffffff8f x16=0xfffffe18
      394869000	     19641	8000585a	00276033	or	x0,x14,x2	 x14:0x00000000  x2:0x00000000  x0=0x00000000
      394889000	     19642	8000585e	03415b63	bge	x2,x20,80005894	  x2:0x00000000 x20:0x42b22000
      395309000	     19663	80005862	8947e493	ori	x9,x15,-1900	 x15:0x00000000  x9=0xfffff894
      395329000	     19664	80005866	008e9c33	sll	x24,x29,x8	 x29:0x80021e20  x8:0x00000000 x24=0x80021e20
      395349000	     19665	8000586a	01789f63	bne	x17,x23,80005888	 x17:0x00000001 x23:0x00000019
      395829000	     19689	80005888	020d9063	bne	x27,x0,800058a8	 x27:0xffffff8f  x0:0x00000000
      396529000	     19724	800058a8	86b9	c.srai	x13,0xe	 x13:0x00000000 x13=0x00000000
      396549000	     19725	800058aa	cb01	c.beqz	x14,800058ba	 x14:0x00000000
      397949000	     19795	800058ba	87dd	c.srai	x15,0x17	 x15:0x00000000 x15=0x00000000
      398169000	     19806	800058bc	8759	c.srai	x14,0x16	 x14:0x00000000 x14=0x00000000
      398189000	     19807	800058be	001b9c33	sll	x24,x23,x1	 x23:0x00000019  x1:0x00000000 x24=0x00000019
      398209000	     19808	800058c2	5f89e617	auipc	x12,0x5f89e	 x12=0xdf8a38c2
      398229000	     19809	800058c6	0ff0000f	fence	iorw,iorw	
      398249000	     19810	800058ca	127d	c.addi	x4,-1	  x4:0x00000000  x4=0xffffffff
      398649000	     19830	800058cc	01a24eb3	xor	x29,x4,x26	  x4:0xffffffff x26:0x00000019 x29=0xffffffe6
      399429000	     19869	800058d0	023bf1b3	remu	x3,x23,x3	 x23:0x00000019  x3:0x00000008  x3=0x00000001
      399449000	     19870	800058d4	c405	c.beqz	x8,800058fc	  x8:0x00000000
      399609000	     19878	800058fc	40ea5b33	sra	x22,x20,x14	 x20:0x42b22000 x14:0x00000000 x22=0x42b22000
      400769000	     19936	80005900	036f58b3	divu	x17,x30,x22	 x30:0x00000c00 x22:0x42b22000 x17=0x00000000
      400789000	     19937	80005904	1048b793	sltiu	x15,x17,260	 x17:0x00000000 x15=0x00000001
      400809000	     19938	80005908	02de0133	mul	x2,x28,x13	 x28:0x00000000 x13:0x00000000  x2=0x00000000
      400829000	     19939	8000590c	006449b3	xor	x19,x8,x6	  x8:0x00000000  x6:0x00000000 x19=0x00000000
      400849000	     19940	80005910	8c99	c.sub	x9,x14	  x9:0xfffff894 x14:0x00000000  x9=0xfffff894
      400889000	     19942	80005912	02284db3	div	x27,x16,x2	 x16:0xfffffe18  x2:0x00000000 x27=0xffffffff
      401009000	     19948	80005916	24a1a637	lui	x12,0x24a1a	 x12=0x24a1a000
      401409000	     19968	8000591a	031be133	rem	x2,x23,x17	 x23:0x00000019 x17:0x00000000  x2=0x00000019
      401429000	     19969	8000591e	717d	c.addi16sp	x2,-16	  x2:0x00000019  x2=0x00000009
      401449000	     19970	80005920	c031	c.beqz	x8,80005964	  x8:0x00000000
      402429000	     20019	80005964	018a5a63	bge	x20,x24,80005978	 x20:0x42b22000 x24:0x00000019
      402769000	     20036	80005978	82e72293	slti	x5,x14,-2002	 x14:0x00000000  x5=0x00000000
      403029000	     20049	8000597c	40ae86b3	sub	x13,x29,x10	 x29:0xffffffe6 x10:0x00000000 x13=0xffffffe6
      403149000	     20055	80005980	4057db33	sra	x22,x15,x5	 x15:0x00000001  x5:0x00000000 x22=0x00000001
      403289000	     20062	80005984	00fa3933	sltu	x18,x20,x15	 x20:0x42b22000 x15:0x00000001 x18=0x00000000
      403309000	     20063	80005988	7793f993	andi	x19,x7,1913	  x7:0xfffffa0f x19=0x00000209
      403509000	     20073	8000598c	c109	c.beqz	x10,8000598e	 x10:0x00000000
      404249000	     20110	8000598e	0258ca63	blt	x17,x5,800059c2	 x17:0x00000000  x5:0x00000000
      404269000	     20111	80005992	02e20a63	beq	x4,x14,800059c6	  x4:0xffffffff x14:0x00000000
      404469000	     20121	80005996	5b33a293	slti	x5,x7,1459	  x7:0xfffffa0f  x5=0x00000001
      404509000	     20123	8000599a	01f05a93	srli	x21,x0,0x1f	  x0:0x00000000 x21=0x00000000
      404529000	     20124	8000599e	0ff0000f	fence	iorw,iorw	
      404949000	     20145	800059a2	4160d433	sra	x8,x1,x22	  x1:0x00000000 x22:0x00000001  x8=0x00000000
      409189000	     20357	800059a6	01dc5f33	srl	x30,x24,x29	 x24:0x00000019 x29:0xffffffe6 x30=0x00000000
      409229000	     20359	800059aa	0212b233	mulhu	x4,x5,x1	  x5:0x00000001  x1:0x00000000  x4=0x00000000
      409249000	     20360	800059ae	0000100f	fence.i	
      409369000	     20366	800059b2	0128c8b3	xor	x17,x17,x18	 x17:0x00000000 x18:0x00000000 x17=0x00000000
      409389000	     20367	800059b6	54fd	c.li	x9,-1	  x9=0xffffffff
      410129000	     20404	800059b8	02575d33	divu	x26,x14,x5	 x14:0x00000000  x5:0x00000001 x26=0x00000000
      410149000	     20405	800059bc	8fcd	c.or	x15,x11	 x15:0x00000001 x11:0x80021e20 x15=0x80021e21
      410169000	     20406	800059be	0ff0000f	fence	iorw,iorw	
      410189000	     20407	800059c2	01419613	slli	x12,x3,0x14	  x3:0x00000001 x12=0x00100000
      410209000	     20408	800059c6	41c4dc13	srai	x24,x9,0x1c	  x9:0xffffffff x24=0xffffffff
      410249000	     20410	800059ca	039c2b33	mulhsu	x22,x24,x25	 x24:0xffffffff x25:0x3dd247b6 x22=0xffffffff
      410569000	     20426	800059ce	0ff0000f	fence	iorw,iorw	
      410589000	     20427	800059d2	01da9d63	bne	x21,x29,800059ec	 x21:0x00000000 x29:0xffffffe6
      410949000	     20445	800059ec	0034fa33	and	x20,x9,x3	  x9:0xffffffff  x3:0x00000001 x20=0x00000001
      411429000	     20469	800059f0	028b29b3	mulhsu	x19,x22,x8	 x22:0xffffffff  x8:0x00000000 x19=0x00000000
      411549000	     20475	800059f4	8c61	c.and	x8,x8	  x8:0x00000000  x8:0x00000000  x8=0x00000000
      411569000	     20476	800059f6	8835	c.andi	x8,13	  x8:0x00000000  x8=0x00000000
      411589000	     20477	800059f8	1d7d	c.addi	x26,-1	 x26:0x00000000 x26=0xffffffff
      411609000	     20478	800059fa	d171b713	sltiu	x14,x3,-745	  x3:0x00000001 x14=0x00000001
      411629000	     20479	800059fe	0808	c.addi4spn	x10,x2,16	 x10=0x00000019
      411649000	     20480	80005a00	01d152b3	srl	x5,x2,x29	  x2:0x00000009 x29:0xffffffe6  x5=0x00000000
      411989000	     20497	80005a04	0142db93	srli	x23,x5,0x14	  x5:0x00000000 x23=0x00000000
      412149000	     20505	80005a08	020a5963	bge	x20,x0,80005a3a	 x20:0x00000001  x0:0x00000000
      412709000	     20533	80005a3a	e909	c.bnez	x10,80005a4c	 x10:0x00000019
      413889000	     20592	80005a4c	016c9763	bne	x25,x22,80005a5a	 x25:0x3dd247b6 x22:0xffffffff
      414209000	     20608	80005a5a	01b42bb3	slt	x23,x8,x27	  x8:0x00000000 x27:0xffffffff x23=0x00000000
      414229000	     20609	80005a5e	8c79	c.and	x8,x14	  x8:0x00000000 x14:0x00000001  x8=0x00000000
      414349000	     20615	80005a60	405908b3	sub	x17,x18,x5	 x18:0x00000000  x5:0x00000000 x17=0x00000000
      414489000	     20622	80005a64	0d15	c.addi	x26,5	 x26:0xffffffff x26=0x00000004
      414909000	     20643	80005a66	00451a93	slli	x21,x10,0x4	 x10:0x00000019 x21=0x00000190
      414929000	     20644	80005a6a	c409	c.beqz	x8,80005a74	  x8:0x00000000
      415249000	     20660	80005a74	01a799b3	sll	x19,x15,x26	 x15:0x80021e21 x26:0x00000004 x19=0x0021e210
      415469000	     20671	80005a78	0089f933	and	x18,x19,x8	 x19:0x0021e210  x8:0x00000000 x18=0x00000000
      415489000	     20672	80005a7c	8c59	c.or	x8,x14	  x8:0x00000000 x14:0x00000001  x8=0x00000001
      415529000	     20674	80005a7e	03f6aeb3	mulhsu	x29,x13,x31	 x13:0xffffffe6 x31:0x80025ce4 x29=0xfffffff2
      415549000	     20675	80005a82	8245	c.srli	x12,0x11	 x12:0x00100000 x12=0x00000008
      415569000	     20676	80005a84	8d31	c.xor	x10,x12	 x10:0x00000019 x12:0x00000008 x10=0x00000011
      416049000	     20700	80005a86	57f4fc93	andi	x25,x9,1407	  x9:0xffffffff x25=0x0000057f
      416069000	     20701	80005a8a	8e25	c.xor	x12,x9	 x12:0x00000008  x9:0xffffffff x12=0xfffffff7
      416089000	     20702	80005a8c	1b674637	lui	x12,0x1b674	 x12=0x1b674000
      416209000	     20708	80005a90	007a1363	bne	x20,x7,80005a96	 x20:0x00000001  x7:0xfffffa0f
      417049000	     20750	80005a96	863c6913	ori	x18,x24,-1949	 x24:0xffffffff x18=0xffffffff
      417069000	     20751	80005a9a	9b7d	c.andi	x14,-1	 x14:0x00000001 x14=0x00000001
      417089000	     20752	80005a9c	557d	c.li	x10,-1	 x10=0xffffffff
      417489000	     20772	80005a9e	415c5033	sra	x0,x24,x21	 x24:0xffffffff x21:0x00000190  x0=0x00000000
      417509000	     20773	80005aa2	8c41	c.or	x8,x8	  x8:0x00000001  x8:0x00000001  x8=0x00000001
      417649000	     20780	80005aa4	031c0c63	beq	x24,x17,80005adc	 x24:0xffffffff x17:0x00000000
      417849000	     20790	80005aa8	0060feb3	and	x29,x1,x6	  x1:0x00000000  x6:0x00000000 x29=0x00000000
      417869000	     20791	80005aac	01020e63	beq	x4,x16,80005ac8	  x4:0x00000000 x16:0xfffffe18
      417889000	     20792	80005ab0	02ac0033	mul	x0,x24,x10	 x24:0xffffffff x10:0xffffffff  x0=0x00000000
      418269000	     20811	80005ab4	9476	c.add	x8,x29	  x8:0x00000001 x29:0x00000000  x8=0x00000001
      418289000	     20812	80005ab6	64d1	c.lui	x9,0x14	  x9=0x00014000
      418309000	     20813	80005ab8	90ba	c.add	x1,x14	  x1:0x00000000 x14:0x00000001  x1=0x00000001
      418329000	     20814	80005aba	8f45	c.or	x14,x9	 x14:0x00000001  x9:0x00014000 x14=0x00014001
      418349000	     20815	80005abc	03610db3	mul	x27,x2,x22	  x2:0x00000009 x22:0xffffffff x27=0xfffffff7
      418729000	     20834	80005ac0	01c6c2b3	xor	x5,x13,x28	 x13:0xffffffe6 x28:0x00000000  x5=0xffffffe6
      419149000	     20855	80005ac4	00ad3533	sltu	x10,x26,x10	 x26:0x00000004 x10:0xffffffff x10=0x00000001
      419349000	     20865	80005ac8	51fd	c.li	x3,-1	  x3=0xffffffff
      419369000	     20866	80005aca	8f55	c.or	x14,x13	 x14:0x00014001 x13:0xffffffe6 x14=0xffffffe7
      419769000	     20886	80005acc	63aa6093	ori	x1,x20,1594	 x20:0x00000001  x1=0x0000063b
      420509000	     20923	80005ad0	030cfa33	remu	x20,x25,x16	 x25:0x0000057f x16:0xfffffe18 x20=0x0000057f
      420529000	     20924	80005ad4	0000100f	fence.i	
      420609000	     20928	80005ad8	98fd	c.andi	x9,-1	  x9:0x00014000  x9=0x00014000
      420629000	     20929	80005ada	e2b1	c.bnez	x13,80005b1e	 x13:0xffffffe6
      421209000	     20958	80005b1e	6465	c.lui	x8,0x19	  x8=0x00019000
      421309000	     20963	80005b20	010de833	or	x16,x27,x16	 x27:0xfffffff7 x16:0xfffffe18 x16=0xffffffff
      421329000	     20964	80005b24	0001	c.addi	x0,0	  x0:0x00000000  x0=0x00000000
      422469000	     21021	80005b26	02ed5833	divu	x16,x26,x14	 x26:0x00000004 x14:0xffffffe7 x16=0x00000000
      422489000	     21022	80005b2a	0000100f	fence.i	
      422649000	     21030	80005b2e	0052b133	sltu	x2,x5,x5	  x5:0xffffffe6  x5:0xffffffe6  x2=0x00000000
      422669000	     21031	80005b32	41b50d33	sub	x26,x10,x27	 x10:0x00000001 x27:0xfffffff7 x26=0x0000000a
      422689000	     21032	80005b36	0001	c.addi	x0,0	  x0:0x00000000  x0=0x00000000
      422709000	     21033	80005b38	8d41	c.or	x10,x8	 x10:0x00000001  x8:0x00019000 x10=0x00019001
      422729000	     21034	80005b3a	00ebf233	and	x4,x23,x14	 x23:0x00000000 x14:0xffffffe7  x4=0x00000000
      422749000	     21035	80005b3e	03f91963	bne	x18,x31,80005b70	 x18:0xffffffff x31:0x80025ce4
      423389000	     21067	80005b70	01c01863	bne	x0,x28,80005b80	  x0:0x00000000 x28:0x00000000
      423469000	     21071	80005b74	0078a0b3	slt	x1,x17,x7	 x17:0x00000000  x7:0xfffffa0f  x1=0x00000000
      423769000	     21086	80005b78	04498163	beq	x19,x4,80005bba	 x19:0x0021e210  x4:0x00000000
      424509000	     21123	80005b7c	03a450b3	divu	x1,x8,x26	  x8:0x00019000 x26:0x0000000a  x1=0x00002800
      424529000	     21124	80005b80	805d	c.srli	x8,0x17	  x8:0x00019000  x8=0x00000000
      424549000	     21125	80005b82	00c2c533	xor	x10,x5,x12	  x5:0xffffffe6 x12:0x1b674000 x10=0xe498bfe6
      424589000	     21127	80005b86	02c91533	mulh	x10,x18,x12	 x18:0xffffffff x12:0x1b674000 x10=0xffffffff
      424609000	     21128	80005b8a	4d4c8937	lui	x18,0x4d4c8	 x18=0x4d4c8000
      424629000	     21129	80005b8e	717d	c.addi16sp	x2,-16	  x2:0x00000000  x2=0xfffffff0
      424649000	     21130	80005b90	03170733	mul	x14,x14,x17	 x14:0xffffffe7 x17:0x00000000 x14=0x00000000
      424669000	     21131	80005b94	01e5eab3	or	x21,x11,x30	 x11:0x80021e20 x30:0x00000000 x21=0x80021e20
      424689000	     21132	80005b98	008bd493	srli	x9,x23,0x8	 x23:0x00000000  x9=0x00000000
      425429000	     21169	80005b9c	02d1f433	remu	x8,x3,x13	  x3:0xffffffff x13:0xffffffe6  x8=0x00000019
      425449000	     21170	80005ba0	c605	c.beqz	x12,80005bc8	 x12:0x1b674000
      425469000	     21171	80005ba2	0001	c.addi	x0,0	  x0:0x00000000  x0=0x00000000
      425489000	     21172	80005ba4	02a06663	bltu	x0,x10,80005bd0	  x0:0x00000000 x10:0xffffffff
      425569000	     21176	80005bd0	8f99	c.sub	x15,x14	 x15:0x80021e21 x14:0x00000000 x15=0x80021e21
      425589000	     21177	80005bd2	17fd	c.addi	x15,-1	 x15:0x80021e21 x15=0x80021e20
      425609000	     21178	80005bd4	01f272b3	and	x5,x4,x31	  x4:0x00000000 x31:0x80025ce4  x5=0x00000000
      425869000	     21191	80005bd8	960ae817	auipc	x16,0x960ae	 x16=0x160b3bd8
      425889000	     21192	80005bdc	0001	c.addi	x0,0	  x0:0x00000000  x0=0x00000000
      425909000	     21193	80005bde	8fb5	c.xor	x15,x13	 x15:0x80021e20 x13:0xffffffe6 x15=0x7ffde1c6
      425989000	     21197	80005be0	e81d	c.bnez	x8,80005c16	  x8:0x00000019
      427109000	     21253	80005c16	04f2	c.slli	x9,0x1c	  x9:0x00000000  x9=0x00000000
      427389000	     21267	80005c18	00fab9b3	sltu	x19,x21,x15	 x21:0x80021e20 x15:0x7ffde1c6 x19=0x00000000
      427409000	     21268	80005c1c	677d	c.lui	x14,0x1f	 x14=0x0001f000
      427429000	     21269	80005c1e	8935	c.andi	x10,13	 x10:0xffffffff x10=0x0000000d
      427449000	     21270	80005c20	34c19737	lui	x14,0x34c19	 x14=0x34c19000
      427849000	     21290	80005c24	1a7d	c.addi	x20,-1	 x20:0x0000057f x20=0x0000057e
      427869000	     21291	80005c26	9686	c.add	x13,x1	 x13:0xffffffe6  x1:0x00002800 x13=0x000027e6
      427889000	     21292	80005c28	01ed6e63	bltu	x26,x30,80005c44	 x26:0x0000000a x30:0x00000000
      428289000	     21312	80005c2c	0143b7b3	sltu	x15,x7,x20	  x7:0xfffffa0f x20:0x0000057e x15=0x00000000
      428349000	     21315	80005c30	a6bf7d93	andi	x27,x30,-1429	 x30:0x00000000 x27=0x00000000
      428409000	     21318	80005c34	0208ef33	rem	x30,x17,x0	 x17:0x00000000  x0:0x00000000 x30=0x00000000
      428669000	     21331	80005c38	c6a7b293	sltiu	x5,x15,-918	 x15:0x00000000  x5=0x00000001
      429089000	     21352	80005c3c	41145d93	srai	x27,x8,0x11	  x8:0x00000019 x27=0x00000000
      429209000	     21358	80005c40	c93b3493	sltiu	x9,x22,-877	 x22:0xffffffff  x9=0x00000000
      429329000	     21364	80005c44	0001	c.addi	x0,0	  x0:0x00000000  x0=0x00000000
      429349000	     21365	80005c46	01875363	bge	x14,x24,80005c4c	 x14:0x34c19000 x24:0xffffffff
      429829000	     21389	80005c4c	0407f197	auipc	x3,0x407f	  x3=0x84084c4c
      430209000	     21408	80005c50	8e7d	c.and	x12,x15	 x12:0x1b674000 x15:0x00000000 x12=0x00000000
      430229000	     21409	80005c52	5e7d	c.li	x28,-1	 x28=0xffffffff
      430349000	     21415	80005c54	1280	c.addi4spn	x8,x2,352	  x8=0x00000150
      430369000	     21416	80005c56	022ab9b7	lui	x19,0x22ab	 x19=0x022ab000
      430729000	     21434	80005c5a	89044117	auipc	x2,0x89044	  x2=0x09049c5a
      430749000	     21435	80005c5e	a95cbc13	sltiu	x24,x25,-1387	 x25:0x0000057f x24=0x00000001
      430789000	     21437	80005c62	03b0bcb3	mulhu	x25,x1,x27	  x1:0x00002800 x27:0x00000000 x25=0x00000000
      430809000	     21438	80005c66	1ed87b93	andi	x23,x16,493	 x16:0x160b3bd8 x23=0x000001c8
      430829000	     21439	80005c6a	4df92917	auipc	x18,0x4df92	 x18=0xcdf97c6a
      430849000	     21440	80005c6e	717d	c.addi16sp	x2,-16	  x2:0x09049c5a  x2=0x09049c4a
      431129000	     21454	80005c70	c58a3117	auipc	x2,0xc58a3	  x2=0x458a8c70
      431169000	     21456	80005c74	02cf3db3	mulhu	x27,x30,x12	 x30:0x00000000 x12:0x00000000 x27=0x00000000
      431449000	     21470	80005c78	00fc1993	slli	x19,x24,0xf	 x24:0x00000001 x19=0x00008000
      431469000	     21471	80005c7c	8e8d	c.sub	x13,x11	 x13:0x000027e6 x11:0x80021e20 x13=0x7ffe09c6
      431669000	     21481	80005c7e	55402c93	slti	x25,x0,1364	  x0:0x00000000 x25=0x00000001
      431869000	     21491	80005c82	a93f2413	slti	x8,x30,-1389	 x30:0x00000000  x8=0x00000000
      431889000	     21492	80005c86	9d86	c.add	x27,x1	 x27:0x00000000  x1:0x00002800 x27=0x00002800
      432249000	     21510	80005c88	b003ec13	ori	x24,x7,-1280	  x7:0xfffffa0f x24=0xfffffb0f
      432269000	     21511	80005c8c	52f26513	ori	x10,x4,1327	  x4:0x00000000 x10=0x0000052f
      432289000	     21512	80005c90	00571393	slli	x7,x14,0x5	 x14:0x34c19000  x7=0x98320000
      432309000	     21513	80005c94	9a5f6413	ori	x8,x30,-1627	 x30:0x00000000  x8=0xfffff9a5
      432329000	     21514	80005c98	01ee19b3	sll	x19,x28,x30	 x28:0xffffffff x30:0x00000000 x19=0xffffffff
      432349000	     21515	80005c9c	00c86eb3	or	x29,x16,x12	 x16:0x160b3bd8 x12:0x00000000 x29=0x160b3bd8
      433169000	     21556	80005ca0	02ede933	rem	x18,x27,x14	 x27:0x00002800 x14:0x34c19000 x18=0x00002800
      433209000	     21558	80005ca4	02dd3c33	mulhu	x24,x26,x13	 x26:0x0000000a x13:0x7ffe09c6 x24=0x00000004
      433249000	     21560	80005ca8	0268d733	divu	x14,x17,x6	 x17:0x00000000  x6:0x00000000 x14=0xffffffff
      433269000	     21561	80005cac	00337d63	bgeu	x6,x3,80005cc6	  x6:0x00000000  x3:0x84084c4c
      434009000	     21598	80005cb0	033a79b3	remu	x19,x20,x19	 x20:0x0000057e x19:0xffffffff x19=0x0000057e
      434029000	     21599	80005cb4	a66fab17	auipc	x22,0xa66fa	 x22=0x266ffcb4
      434049000	     21600	80005cb8	0001	c.addi	x0,0	  x0:0x00000000  x0=0x00000000
      434069000	     21601	80005cba	0d84	c.addi4spn	x9,x2,720	  x9=0x458a8f40
      434109000	     21603	80005cbc	0201d733	divu	x14,x3,x0	  x3:0x84084c4c  x0:0x00000000 x14=0xffffffff
      434129000	     21604	80005cc0	830d	c.srli	x14,0x3	 x14:0xffffffff x14=0x1fffffff
      434869000	     21641	80005cc2	0326f2b3	remu	x5,x13,x18	 x13:0x7ffe09c6 x18:0x00002800  x5=0x000019c6
      434889000	     21642	80005cc6	0794	c.addi4spn	x13,x2,960	 x13=0x458a9030
      434909000	     21643	80005cc8	c901	c.beqz	x10,80005cd8	 x10:0x0000052f
      434929000	     21644	80005cca	00f3b733	sltu	x14,x7,x15	  x7:0x98320000 x15:0x00000000 x14=0x00000000
      435069000	     21651	80005cce	00b01363	bne	x0,x11,80005cd4	  x0:0x00000000 x11:0x80021e20
      435869000	     21691	80005cd4	02910b33	mul	x22,x2,x9	  x2:0x458a8c70  x9:0x458a8f40 x22=0xab75ac00
      435929000	     21694	80005cd8	03482e33	mulhsu	x28,x16,x20	 x16:0x160b3bd8 x20:0x0000057e x28=0x00000079
      436009000	     21698	80005cdc	021d2db3	mulhsu	x27,x26,x1	 x26:0x0000000a  x1:0x00002800 x27=0x00000000
      436049000	     21700	80005ce0	02fcbab3	mulhu	x21,x25,x15	 x25:0x00000001 x15:0x00000000 x21=0x00000000
      436369000	     21716	80005ce4	0ff0000f	fence	iorw,iorw	
      436389000	     21717	80005ce8	015aa0b3	slt	x1,x21,x21	 x21:0x00000000 x21:0x00000000  x1=0x00000000
      436809000	     21738	80005cec	0063a993	slti	x19,x7,6	  x7:0x98320000 x19=0x00000001
      436829000	     21739	80005cf0	64e1	c.lui	x9,0x18	  x9=0x00018000
      437209000	     21758	80005cf2	0258a4b3	mulhsu	x9,x17,x5	 x17:0x00000000  x5:0x000019c6  x9=0x00000000
      438249000	     21810	80005cf6	025f68b3	rem	x17,x30,x5	 x30:0x00000000  x5:0x000019c6 x17=0x00000000
      466289000	     23212	80005cfa	a1eafe97	auipc	x29,0xa1eaf	 x29=0x21eb4cfa
      466309000	     23213	80005cfe	869d	c.srai	x13,0x7	 x13:0x458a9030 x13=0x008b1520
      466329000	     23214	80005d00	8c31	c.xor	x8,x12	  x8:0xfffff9a5 x12:0x00000000  x8=0xfffff9a5
      466349000	     23215	80005d02	625d	c.lui	x4,0x17	  x4=0x00017000
      466369000	     23216	80005d04	01eb4763	blt	x22,x30,80005d12	 x22:0xab75ac00 x30:0x00000000
      466889000	     23242	80005d12	01531093	slli	x1,x6,0x15	  x6:0x00000000  x1=0x00000000
      467309000	     23263	80005d16	ac798713	addi	x14,x19,-1337	 x19:0x00000001 x14=0xfffffac8
      467329000	     23264	80005d1a	717d	c.addi16sp	x2,-16	  x2:0x458a8c70  x2=0x458a8c60
      467349000	     23265	80005d1c	0001	c.addi	x0,0	  x0:0x00000000  x0=0x00000000
      468089000	     23302	80005d1e	03fbc833	div	x16,x23,x31	 x23:0x000001c8 x31:0x80025ce4 x16=0x00000000
      468109000	     23303	80005d22	0c14	c.addi4spn	x13,x2,528	 x13=0x458a8e70
      468129000	     23304	80005d24	01a33a33	sltu	x20,x6,x26	  x6:0x00000000 x26:0x0000000a x20=0x00000001
      468149000	     23305	80005d28	8fd5	c.or	x15,x13	 x15:0x00000000 x13:0x458a8e70 x15=0x458a8e70
      468889000	     23342	80005d2a	02bb5833	divu	x16,x22,x11	 x22:0xab75ac00 x11:0x80021e20 x16=0x00000001
      468909000	     23343	80005d2e	c895	c.beqz	x9,80005d62	  x9:0x00000000
      469329000	     23364	80005d62	00331963	bne	x6,x3,80005d74	  x6:0x00000000  x3:0x84084c4c
      469949000	     23395	80005d74	02ce2733	mulhsu	x14,x28,x12	 x28:0x00000079 x12:0x00000000 x14=0x00000000
      470049000	     23400	80005d78	0000100f	fence.i	
      470629000	     23429	80005d7c	87cd	c.srai	x15,0x13	 x15:0x458a8e70 x15=0x000008b1
      470649000	     23430	80005d7e	0157adb3	slt	x27,x15,x21	 x15:0x000008b1 x21:0x00000000 x27=0x00000000
      471069000	     23451	80005d82	016d69b3	or	x19,x26,x22	 x26:0x0000000a x22:0xab75ac00 x19=0xab75ac0a
      471089000	     23452	80005d86	0001	c.addi	x0,0	  x0:0x00000000  x0=0x00000000
      471109000	     23453	80005d88	01c79113	slli	x2,x15,0x1c	 x15:0x000008b1  x2=0x10000000
      471509000	     23473	80005d8c	01609733	sll	x14,x1,x22	  x1:0x00000000 x22:0xab75ac00 x14=0x00000000
      471529000	     23474	80005d90	c78d	c.beqz	x15,80005dba	 x15:0x000008b1
      471609000	     23478	80005d92	09fa3297	auipc	x5,0x9fa3	  x5=0x89fa8d92
      471629000	     23479	80005d96	89f6	c.mv	x19,x29	  x0:0x00000000 x29:0x21eb4cfa x19=0x21eb4cfa
      471729000	     23484	80005d98	02734363	blt	x6,x7,80005dbe	  x6:0x00000000  x7:0x98320000
      471869000	     23491	80005d9c	0ff0000f	fence	iorw,iorw	
      472289000	     23512	80005da0	987d	c.andi	x8,-1	  x8:0xfffff9a5  x8=0xfffff9a5
      472309000	     23513	80005da2	1684	c.addi4spn	x9,x2,864	  x9=0x10000360
      472329000	     23514	80005da4	8e25	c.xor	x12,x9	 x12:0x00000000  x9:0x10000360 x12=0x10000360
      472349000	     23515	80005da6	0b08	c.addi4spn	x10,x2,400	 x10=0x10000190
      472369000	     23516	80005da8	40fad513	srai	x10,x21,0xf	 x21:0x00000000 x10=0x00000000
      472589000	     23527	80005dac	03edfd33	remu	x26,x27,x30	 x27:0x00000000 x30:0x00000000 x26=0x00000000
      472609000	     23528	80005db0	01262eb3	slt	x29,x12,x18	 x12:0x10000360 x18:0x00002800 x29=0x00000000
      472629000	     23529	80005db4	03bffc63	bgeu	x31,x27,80005dec	 x31:0x80025ce4 x27:0x00000000
      472889000	     23542	80005dec	ee0d	c.bnez	x12,80005e26	 x12:0x10000360
      473889000	     23592	80005e26	02f8ad33	mulhsu	x26,x17,x15	 x17:0x00000000 x15:0x000008b1 x26=0x00000000
      474269000	     23611	80005e2a	b629a993	slti	x19,x19,-1182	 x19:0x21eb4cfa x19=0x00000000
      474289000	     23612	80005e2e	1288	c.addi4spn	x10,x2,352	 x10=0x10000160
      474309000	     23613	80005e30	49e1	c.li	x19,24	 x19=0x00000018
      474329000	     23614	80005e32	90b6	c.add	x1,x13	  x1:0x00000000 x13:0x458a8e70  x1=0x458a8e70
      474349000	     23615	80005e34	8d79	c.and	x10,x14	 x10:0x10000160 x14:0x00000000 x10=0x00000000
      474389000	     23617	80005e36	036ca1b3	mulhsu	x3,x25,x22	 x25:0x00000001 x22:0xab75ac00  x3=0x00000000
      474409000	     23618	80005e3a	8f01	c.sub	x14,x8	 x14:0x00000000  x8:0xfffff9a5 x14=0x0000065b
      474489000	     23622	80005e3c	05c59263	bne	x11,x28,80005e80	 x11:0x80021e20 x28:0x00000079
      474869000	     23641	80005e80	612d	c.addi16sp	x2,224	  x2:0x10000000  x2=0x100000e0
      474889000	     23642	80005e82	8529	c.srai	x10,0xa	 x10:0x00000000 x10=0x00000000
      474909000	     23643	80005e84	11fd	c.addi	x3,-1	  x3:0x00000000  x3=0xffffffff
      474929000	     23644	80005e86	0030a2b3	slt	x5,x1,x3	  x1:0x458a8e70  x3:0xffffffff  x5=0x00000000
      474949000	     23645	80005e8a	40a20db3	sub	x27,x4,x10	  x4:0x00017000 x10:0x00000000 x27=0x00017000
      474969000	     23646	80005e8e	8c09	c.sub	x8,x10	  x8:0xfffff9a5 x10:0x00000000  x8=0xfffff9a5
      474989000	     23647	80005e90	483abb13	sltiu	x22,x21,1155	 x21:0x00000000 x22=0x00000001
      475009000	     23648	80005e94	847d	c.srai	x8,0x1f	  x8:0xfffff9a5  x8=0xffffffff
      475389000	     23667	80005e96	02a1f7b3	remu	x15,x3,x10	  x3:0xffffffff x10:0x00000000 x15=0xffffffff
      475729000	     23684	80005e9a	00ae0c63	beq	x28,x10,80005eb2	 x28:0x00000079 x10:0x00000000
      475749000	     23685	80005e9e	717d	c.addi16sp	x2,-16	  x2:0x100000e0  x2=0x100000d0
      475769000	     23686	80005ea0	717d	c.addi16sp	x2,-16	  x2:0x100000d0  x2=0x100000c0
      475809000	     23688	80005ea2	03d74d33	div	x26,x14,x29	 x14:0x0000065b x29:0x00000000 x26=0xffffffff
      475829000	     23689	80005ea6	888e	c.mv	x17,x3	  x0:0x00000000  x3:0xffffffff x17=0xffffffff
      476169000	     23706	80005ea8	020980b3	mul	x1,x19,x0	 x19:0x00000018  x0:0x00000000  x1=0x00000000
      476189000	     23707	80005eac	63a9	c.lui	x7,0xa	  x7=0x0000a000
      476209000	     23708	80005eae	950a4293	xori	x5,x20,-1712	 x20:0x00000001  x5=0xfffff951
      476249000	     23710	80005eb2	02f61cb3	mulh	x25,x12,x15	 x12:0x10000360 x15:0xffffffff x25=0xffffffff
      477069000	     23751	80005eb6	0302dc33	divu	x24,x5,x16	  x5:0xfffff951 x16:0x00000001 x24=0xfffff951
      477089000	     23752	80005eba	009b1533	sll	x10,x22,x9	 x22:0x00000001  x9:0x10000360 x10=0x00000001
      477109000	     23753	80005ebe	ca10ac93	slti	x25,x1,-863	  x1:0x00000000 x25=0x00000000
      477129000	     23754	80005ec2	36fc0997	auipc	x19,0x36fc0	 x19=0xb6fc5ec2
      477149000	     23755	80005ec6	08efcd13	xori	x26,x31,142	 x31:0x80025ce4 x26=0x80025c6a
      477189000	     23757	80005eca	02afb233	mulhu	x4,x31,x10	 x31:0x80025ce4 x10:0x00000001  x4=0x00000000
      477229000	     23759	80005ece	000dd2b3	srl	x5,x27,x0	 x27:0x00017000  x0:0x00000000  x5=0x00017000
      477249000	     23760	80005ed2	06b5	c.addi	x13,13	 x13:0x458a8e70 x13=0x458a8e7d
      477429000	     23769	80005ed4	0001	c.addi	x0,0	  x0:0x00000000  x0=0x00000000
      477609000	     23778	80005ed6	0103cd33	xor	x26,x7,x16	  x7:0x0000a000 x16:0x00000001 x26=0x0000a001
      477629000	     23779	80005eda	83ad	c.srli	x15,0xb	 x15:0xffffffff x15=0x001fffff
      477649000	     23780	80005edc	b3ee3d93	sltiu	x27,x28,-1218	 x28:0x00000079 x27=0x00000001
      477669000	     23781	80005ee0	01e59b33	sll	x22,x11,x30	 x11:0x80021e20 x30:0x00000000 x22=0x80021e20
      478409000	     23818	80005ee4	02cce233	rem	x4,x25,x12	 x25:0x00000000 x12:0x10000360  x4=0x00000000
      478429000	     23819	80005ee8	8159	c.srli	x10,0x16	 x10:0x00000001 x10=0x00000000
      479169000	     23856	80005eea	028df4b3	remu	x9,x27,x8	 x27:0x00000001  x8:0xffffffff  x9=0x00000001
      479189000	     23857	80005eee	e5b56617	auipc	x12,0xe5b56	 x12=0x65b5beee
      479209000	     23858	80005ef2	00d7e733	or	x14,x15,x13	 x15:0x001fffff x13:0x458a8e7d x14=0x459fffff
      479229000	     23859	80005ef6	d28cdd37	lui	x26,0xd28cd	 x26=0xd28cd000
      479249000	     23860	80005efa	b09f4a93	xori	x21,x30,-1271	 x30:0x00000000 x21=0xfffffb09
      479269000	     23861	80005efe	01eb7eb3	and	x29,x22,x30	 x22:0x80021e20 x30:0x00000000 x29=0x00000000
      479309000	     23863	80005f02	02a3a033	mulhsu	x0,x7,x10	  x7:0x0000a000 x10:0x00000000  x0=0x00000000
      479509000	     23873	80005f06	00401833	sll	x16,x0,x4	  x0:0x00000000  x4:0x00000000 x16=0x00000000
      479529000	     23874	80005f0a	5a66e2b7	lui	x5,0x5a66e	  x5=0x5a66e000
      479949000	     23895	80005f0e	c190cd93	xori	x27,x1,-999	  x1:0x00000000 x27=0xfffffc19
      479969000	     23896	80005f12	6609	c.lui	x12,0x2	 x12=0x00002000
      480009000	     23898	80005f14	03fd9cb3	mulh	x25,x27,x31	 x27:0xfffffc19 x31:0x80025ce4 x25=0x000001f3
      480169000	     23906	80005f18	013dddb3	srl	x27,x27,x19	 x27:0xfffffc19 x19:0xb6fc5ec2 x27=0x3fffff06
      480269000	     23911	80005f1c	400c5733	sra	x14,x24,x0	 x24:0xfffff951  x0:0x00000000 x14=0xfffff951
      480309000	     23913	80005f20	02511ab3	mulh	x21,x2,x5	  x2:0x100000c0  x5:0x5a66e000 x21=0x05a66e43
      480429000	     23919	80005f24	ce85	c.beqz	x13,80005f5c	 x13:0x458a8e7d
      480449000	     23920	80005f26	8a35	c.andi	x12,13	 x12:0x00002000 x12=0x00000000
      480469000	     23921	80005f28	0000100f	fence.i	
      481049000	     23950	80005f2c	8674a693	slti	x13,x9,-1945	  x9:0x00000001 x13=0x00000000
      481069000	     23951	80005f30	0001	c.addi	x0,0	  x0:0x00000000  x0=0x00000000
      481249000	     23960	80005f32	6577c093	xori	x1,x15,1623	 x15:0x001fffff  x1=0x001ff9a8
      481269000	     23961	80005f36	98fd	c.andi	x9,-1	  x9:0x00000001  x9=0x00000001
      481289000	     23962	80005f38	9351a293	slti	x5,x3,-1739	  x3:0xffffffff  x5=0x00000000
      481309000	     23963	80005f3c	1afd	c.addi	x21,-1	 x21:0x05a66e43 x21=0x05a66e42
      481329000	     23964	80005f3e	00ce9633	sll	x12,x29,x12	 x29:0x00000000 x12:0x00000000 x12=0x00000000
      481449000	     23970	80005f42	0291a633	mulhsu	x12,x3,x9	  x3:0xffffffff  x9:0x00000001 x12=0xffffffff
      481609000	     23978	80005f46	0000100f	fence.i	
      482829000	     24039	80005f4a	0001	c.addi	x0,0	  x0:0x00000000  x0=0x00000000
      482849000	     24040	80005f4c	dc2f5697	auipc	x13,0xdc2f5	 x13=0x5c2faf4c
      482869000	     24041	80005f50	0000100f	fence.i	
      483169000	     24056	80005f54	36b44e93	xori	x29,x8,875	  x8:0xffffffff x29=0xfffffc94
      483189000	     24057	80005f58	018c62b3	or	x5,x24,x24	 x24:0xfffff951 x24:0xfffff951  x5=0xfffff951
      483209000	     24058	80005f5c	025a	c.slli	x4,0x16	  x4:0x00000000  x4=0x00000000
      483229000	     24059	80005f5e	9bfd	c.andi	x15,-1	 x15:0x001fffff x15=0x001fffff
      483249000	     24060	80005f60	00984633	xor	x12,x16,x9	 x16:0x00000000  x9:0x00000001 x12=0x00000001
      483649000	     24080	80005f64	02558233	mul	x4,x11,x5	 x11:0x80021e20  x5:0xfffff951  x4=0x71d8a820
      484389000	     24117	80005f68	024fd733	divu	x14,x31,x4	 x31:0x80025ce4  x4:0x71d8a820 x14=0x00000001
      484409000	     24118	80005f6c	00305613	srli	x12,x0,0x3	  x0:0x00000000 x12=0x00000000
      484429000	     24119	80005f70	f8cabe13	sltiu	x28,x21,-116	 x21:0x05a66e42 x28=0x00000001
      484449000	     24120	80005f74	01a49d33	sll	x26,x9,x26	  x9:0x00000001 x26:0xd28cd000 x26=0x00000001
      484469000	     24121	80005f78	8ca1	c.xor	x9,x8	  x9:0x00000001  x8:0xffffffff  x9=0xfffffffe
      484489000	     24122	80005f7a	8c8d	c.sub	x9,x11	  x9:0xfffffffe x11:0x80021e20  x9=0x7ffde1de
      484509000	     24123	80005f7c	6109	c.addi16sp	x2,128	  x2:0x100000c0  x2=0x10000140
      484529000	     24124	80005f7e	01530263	beq	x6,x21,80005f82	  x6:0x00000000 x21:0x05a66e42
      484549000	     24125	80005f82	717d	c.addi16sp	x2,-16	  x2:0x10000140  x2=0x10000130
      484569000	     24126	80005f84	717d	c.addi16sp	x2,-16	  x2:0x10000130  x2=0x10000120
      484969000	     24146	80005f86	00545e13	srli	x28,x8,0x5	  x8:0xffffffff x28=0x07ffffff
      484989000	     24147	80005f8a	6e2bba13	sltiu	x20,x23,1762	 x23:0x000001c8 x20=0x00000001
      485009000	     24148	80005f8e	007b2933	slt	x18,x22,x7	 x22:0x80021e20  x7:0x0000a000 x18=0x00000001
      485029000	     24149	80005f92	8d39	c.xor	x10,x14	 x10:0x00000000 x14:0x00000001 x10=0x00000001
      485109000	     24153	80005f94	0ff0000f	fence	iorw,iorw	
      485189000	     24157	80005f98	9f14c717	auipc	x14,0x9f14c	 x14=0x1f151f98
      485229000	     24159	80005f9c	0399b3b3	mulhu	x7,x19,x25	 x19:0xb6fc5ec2 x25:0x000001f3  x7=0x00000164
      485389000	     24167	80005fa0	5bfd	c.li	x23,-1	 x23=0xffffffff
      485409000	     24168	80005fa2	025c5563	bge	x24,x5,80005fcc	 x24:0xfffff951  x5:0xfffff951
      485789000	     24187	80005fcc	0001	c.addi	x0,0	  x0:0x00000000  x0=0x00000000
      485849000	     24190	80005fce	3e092893	slti	x17,x18,992	 x18:0x00000001 x17=0x00000001
      485969000	     24196	80005fd2	0271b7b3	mulhu	x15,x3,x7	  x3:0xffffffff  x7:0x00000164 x15=0x00000163
      485989000	     24197	80005fd6	41825c13	srai	x24,x4,0x18	  x4:0x71d8a820 x24=0x00000071
      486009000	     24198	80005fda	03ea8463	beq	x21,x30,80006002	 x21:0x05a66e42 x30:0x00000000
      486029000	     24199	80005fde	0f2e	c.slli	x30,0xb	 x30:0x00000000 x30=0x00000000
      486409000	     24218	80005fe0	03a40163	beq	x8,x26,80006002	  x8:0xffffffff x26:0x00000001
      486669000	     24231	80005fe4	0001	c.addi	x0,0	  x0:0x00000000  x0=0x00000000
      486989000	     24247	80005fe6	31b5c813	xori	x16,x11,795	 x11:0x80021e20 x16=0x80021d3b
      487009000	     24248	80005fea	111c	c.addi4spn	x15,x2,160	 x15=0x100001c0
      487029000	     24249	80005fec	55dac393	xori	x7,x21,1373	 x21:0x05a66e42  x7=0x05a66b1f
      487049000	     24250	80005ff0	8405	c.srai	x8,0x1	  x8:0xffffffff  x8=0xffffffff
      487209000	     24258	80005ff2	012f8f33	add	x30,x31,x18	 x31:0x80025ce4 x18:0x00000001 x30=0x80025ce5
      487229000	     24259	80005ff6	c6700013	addi	x0,x0,-921	  x0:0x00000000  x0=0x00000000
      488089000	     24302	80005ffa	02f9df33	divu	x30,x19,x15	 x19:0xb6fc5ec2 x15:0x100001c0 x30=0x0000000b
      488829000	     24339	80005ffe	03396ab3	rem	x21,x18,x19	 x18:0x00000001 x19:0xb6fc5ec2 x21=0x00000001
      488849000	     24340	80006002	0121bab3	sltu	x21,x3,x18	  x3:0xffffffff x18:0x00000001 x21=0x00000000
      488869000	     24341	80006006	1008	c.addi4spn	x10,x2,32	 x10=0x10000140
      488889000	     24342	80006008	e21d	c.bnez	x12,8000602e	 x12:0x00000000
      488909000	     24343	8000600a	8e4d	c.or	x12,x11	 x12:0x00000000 x11:0x80021e20 x12=0x80021e20
      488929000	     24344	8000600c	1e8eb513	sltiu	x10,x29,488	 x29:0xfffffc94 x10=0x00000000
      488949000	     24345	80006010	00c68863	beq	x13,x12,80006020	 x13:0x5c2faf4c x12:0x80021e20
      488969000	     24346	80006014	dc04e537	lui	x10,0xdc04e	 x10=0xdc04e000
      489369000	     24366	80006018	8f6d	c.and	x14,x11	 x14:0x1f151f98 x11:0x80021e20 x14=0x00001e00
      489389000	     24367	8000601a	cc9d	c.beqz	x9,80006058	  x9:0x7ffde1de
      489569000	     24376	8000601c	41968bb3	sub	x23,x13,x25	 x13:0x5c2faf4c x25:0x000001f3 x23=0x5c2fad59
      489589000	     24377	80006020	6dfa8e93	addi	x29,x21,1759	 x21:0x00000000 x29=0x000006df
      489609000	     24378	80006024	83c1	c.srli	x15,0x10	 x15:0x100001c0 x15=0x00001000
      489749000	     24385	80006026	01130863	beq	x6,x17,80006036	  x6:0x00000000 x17:0x00000001
      489769000	     24386	8000602a	f2c8a493	slti	x9,x17,-212	 x17:0x00000001  x9=0x00000000
      489789000	     24387	8000602e	88a6	c.mv	x17,x9	  x0:0x00000000  x9:0x00000000 x17=0x00000000
      490069000	     24401	80006030	035c8c63	beq	x25,x21,80006068	 x25:0x000001f3 x21:0x00000000
      490089000	     24402	80006034	1f08	c.addi4spn	x10,x2,944	 x10=0x100004d0
      490109000	     24403	80006036	8f59	c.or	x14,x14	 x14:0x00001e00 x14:0x00001e00 x14=0x00001e00
      490149000	     24405	80006038	717d	c.addi16sp	x2,-16	  x2:0x10000120  x2=0x10000110
      490589000	     24427	8000603a	03df3eb3	mulhu	x29,x30,x29	 x30:0x0000000b x29:0x000006df x29=0x00000000
      491489000	     24472	8000603e	03e67033	remu	x0,x12,x30	 x12:0x80021e20 x30:0x0000000b  x0=0x00000000
      491509000	     24473	80006042	9b7d	c.andi	x14,-1	 x14:0x00001e00 x14=0x00001e00
      491529000	     24474	80006044	01758833	add	x16,x11,x23	 x11:0x80021e20 x23:0x5c2fad59 x16=0xdc31cb79
      491549000	     24475	80006048	002cef63	bltu	x25,x2,80006066	 x25:0x000001f3  x2:0x10000110
      491629000	     24479	80006066	8c01	c.sub	x8,x8	  x8:0xffffffff  x8:0xffffffff  x8=0x00000000
      491669000	     24481	80006068	717d	c.addi16sp	x2,-16	  x2:0x10000110  x2=0x10000100
      491849000	     24490	8000606a	022ebd33	mulhu	x26,x29,x2	 x29:0x00000000  x2:0x10000100 x26=0x00000000
      491869000	     24491	8000606e	717d	c.addi16sp	x2,-16	  x2:0x10000100  x2=0x100000f0
      491949000	     24495	80006070	1b372413	slti	x8,x14,435	 x14:0x00001e00  x8=0x00000000
      492049000	     24500	80006074	01bb6a33	or	x20,x22,x27	 x22:0x80021e20 x27:0x3fffff06 x20=0xbfffff26
      492209000	     24508	80006078	00add0b3	srl	x1,x27,x10	 x27:0x3fffff06 x10:0x100004d0  x1=0x00003fff
      492229000	     24509	8000607c	018d4133	xor	x2,x26,x24	 x26:0x00000000 x24:0x00000071  x2=0x00000071
      492249000	     24510	80006080	03ad8eb3	mul	x29,x27,x26	 x27:0x3fffff06 x26:0x00000000 x29=0x00000000
      492609000	     24528	80006084	d126f913	andi	x18,x13,-750	 x13:0x5c2faf4c x18=0x5c2fad00
      492629000	     24529	80006088	5bfd	c.li	x23,-1	 x23=0xffffffff
      492649000	     24530	8000608a	c699	c.beqz	x13,80006098	 x13:0x5c2faf4c
      492849000	     24540	8000608c	8fe9	c.and	x15,x10	 x15:0x00001000 x10:0x100004d0 x15=0x00000000
      493049000	     24550	8000608e	01397763	bgeu	x18,x19,8000609c	 x18:0x5c2fad00 x19:0xb6fc5ec2
      493069000	     24551	80006092	0842	c.slli	x16,0x10	 x16:0xdc31cb79 x16=0xcb790000
      493469000	     24571	80006094	01dd9a93	slli	x21,x27,0x1d	 x27:0x3fffff06 x21=0xc0000000
      493629000	     24579	80006098	016a9233	sll	x4,x21,x22	 x21:0xc0000000 x22:0x80021e20  x4=0xc0000000
      493749000	     24585	8000609c	86d6	c.mv	x13,x21	  x0:0x00000000 x21:0xc0000000 x13=0xc0000000
      493769000	     24586	8000609e	de97b213	sltiu	x4,x15,-535	 x15:0x00000000  x4=0x00000001
      493789000	     24587	800060a2	86e9	c.srai	x13,0x1a	 x13:0xc0000000 x13=0xfffffff0
      494189000	     24607	800060a4	bee5b717	auipc	x14,0xbee5b	 x14=0x3ee610a4
      494209000	     24608	800060a8	01384033	xor	x0,x16,x19	 x16:0xcb790000 x19:0xb6fc5ec2  x0=0x00000000
      494309000	     24613	800060ac	48d9b513	sltiu	x10,x19,1165	 x19:0xb6fc5ec2 x10=0x00000000
      494389000	     24617	800060b0	009c5113	srli	x2,x24,0x9	 x24:0x00000071  x2=0x00000000
      494469000	     24621	800060b4	7896e537	lui	x10,0x7896e	 x10=0x7896e000
      494489000	     24622	800060b8	01c94a33	xor	x20,x18,x28	 x18:0x5c2fad00 x28:0x07ffffff x20=0x5bd052ff
      494889000	     24642	800060bc	6461	c.lui	x8,0x18	  x8=0x00018000
      494909000	     24643	800060be	017179b3	and	x19,x2,x23	  x2:0x00000000 x23:0xffffffff x19=0x00000000
      494929000	     24644	800060c2	403c0433	sub	x8,x24,x3	 x24:0x00000071  x3:0xffffffff  x8=0x00000072
      494949000	     24645	800060c6	717d	c.addi16sp	x2,-16	  x2:0x00000000  x2=0xfffffff0
      494969000	     24646	800060c8	8395	c.srli	x15,0x5	 x15:0x00000000 x15=0x00000000
      494989000	     24647	800060ca	8c61	c.and	x8,x8	  x8:0x00000072  x8:0x00000072  x8=0x00000072
      495009000	     24648	800060cc	4c69	c.li	x24,26	 x24=0x0000001a
      495029000	     24649	800060ce	717d	c.addi16sp	x2,-16	  x2:0xfffffff0  x2=0xffffffe0
      495209000	     24658	800060d0	8c99	c.sub	x9,x14	  x9:0x00000000 x14:0x3ee610a4  x9=0xc119ef5c
      495229000	     24659	800060d2	8511	c.srai	x10,0x4	 x10:0x7896e000 x10=0x07896e00
      495329000	     24664	800060d4	8715	c.srai	x14,0x5	 x14:0x3ee610a4 x14=0x01f73085
      495409000	     24668	800060d6	01c8cc33	xor	x24,x17,x28	 x17:0x00000000 x28:0x07ffffff x24=0x07ffffff
      495429000	     24669	800060da	c099	c.beqz	x9,800060e0	  x9:0xc119ef5c
      495489000	     24672	800060dc	ef7ddb37	lui	x22,0xef7dd	 x22=0xef7dd000
      495709000	     24683	800060e0	8ee1	c.and	x13,x8	 x13:0xfffffff0  x8:0x00000072 x13=0x00000070
      495729000	     24684	800060e2	f6302893	slti	x17,x0,-157	  x0:0x00000000 x17=0x00000000
      495749000	     24685	800060e6	82d6	c.mv	x5,x21	  x0:0x00000000 x21:0xc0000000  x5=0xc0000000
      495769000	     24686	800060e8	ec0d	c.bnez	x8,80006122	  x8:0x00000072
      496509000	     24723	80006122	03d611b3	mulh	x3,x12,x29	 x12:0x80021e20 x29:0x00000000  x3=0x00000000
      496829000	     24739	80006126	012e6933	or	x18,x28,x18	 x28:0x07ffffff x18:0x5c2fad00 x18=0x5fffffff
      496849000	     24740	8000612a	0ff0000f	fence	iorw,iorw	
      496889000	     24742	8000612e	0333ab33	mulhsu	x22,x7,x19	  x7:0x05a66b1f x19:0x00000000 x22=0x00000000
      496909000	     24743	80006132	57c04b93	xori	x23,x0,1404	  x0:0x00000000 x23=0x0000057c
      496989000	     24747	80006136	01b1e133	or	x2,x3,x27	  x3:0x00000000 x27:0x3fffff06  x2=0x3fffff06
      497009000	     24748	8000613a	01114263	blt	x2,x17,8000613e	  x2:0x3fffff06 x17:0x00000000
      497169000	     24756	8000613e	406dd533	sra	x10,x27,x6	 x27:0x3fffff06  x6:0x00000000 x10=0x3fffff06
      497189000	     24757	80006142	8c41	c.or	x8,x8	  x8:0x00000072  x8:0x00000072  x8=0x00000072
      497209000	     24758	80006144	d64b6f13	ori	x30,x22,-668	 x22:0x00000000 x30=0xfffffd64
      497269000	     24761	80006148	00d02633	slt	x12,x0,x13	  x0:0x00000000 x13:0x00000070 x12=0x00000001
      527629000	     26279	8000614c	91d5e013	ori	x0,x11,-1763	 x11:0x80021e20  x0=0x00000000
      527649000	     26280	80006150	00809f13	slli	x30,x1,0x8	  x1:0x00003fff x30=0x003fff00
      527689000	     26282	80006154	024c3033	mulhu	x0,x24,x4	 x24:0x07ffffff  x4:0x00000001  x0=0x00000000
      527709000	     26283	80006158	8c45	c.or	x8,x9	  x8:0x00000072  x9:0xc119ef5c  x8=0xc119ef7e
      527729000	     26284	8000615a	e4d28c13	addi	x24,x5,-435	  x5:0xc0000000 x24=0xbffffe4d
      527749000	     26285	8000615e	0d88	c.addi4spn	x10,x2,720	 x10=0x400001d6
      527869000	     26291	80006160	01085863	bge	x16,x16,80006170	 x16:0xcb790000 x16:0xcb790000
      528889000	     26342	80006170	010482b3	add	x5,x9,x16	  x9:0xc119ef5c x16:0xcb790000  x5=0x8c92ef5c
      529029000	     26349	80006174	03670c63	beq	x14,x22,800061ac	 x14:0x01f73085 x22:0x00000000
      529089000	     26352	80006178	41200e33	sub	x28,x0,x18	  x0:0x00000000 x18:0x5fffffff x28=0xa0000001
      529149000	     26355	8000617c	0000100f	fence.i	
      529289000	     26362	80006180	01416db3	or	x27,x2,x20	  x2:0x3fffff06 x20:0x5bd052ff x27=0x7fffffff
      529709000	     26383	80006184	0001	c.addi	x0,0	  x0:0x00000000  x0=0x00000000
      529729000	     26384	80006186	1b5a0813	addi	x16,x20,437	 x20:0x5bd052ff x16=0x5bd054b4
      529749000	     26385	8000618a	8fc1	c.or	x15,x8	 x15:0x00000000  x8:0xc119ef7e x15=0xc119ef7e
      529769000	     26386	8000618c	02047763	bgeu	x8,x0,800061ba	  x8:0xc119ef7e  x0:0x00000000
      530189000	     26407	800061ba	95214793	xori	x15,x2,-1710	  x2:0x3fffff06 x15=0xc0000654
      530209000	     26408	800061be	00a4feb3	and	x29,x9,x10	  x9:0xc119ef5c x10:0x400001d6 x29=0x40000154
      530329000	     26414	800061c2	03e5e563	bltu	x11,x30,800061ec	 x11:0x80021e20 x30:0x003fff00
      530349000	     26415	800061c6	0001	c.addi	x0,0	  x0:0x00000000  x0=0x00000000
      530629000	     26429	800061c8	612d	c.addi16sp	x2,224	  x2:0x3fffff06  x2=0x3fffffe6
      530649000	     26430	800061ca	26de4693	xori	x13,x28,621	 x28:0xa0000001 x13=0xa000026c
      530669000	     26431	800061ce	0012db33	srl	x22,x5,x1	  x5:0x8c92ef5c  x1:0x00003fff x22=0x00000001
      530749000	     26435	800061d2	012749b3	xor	x19,x14,x18	 x14:0x01f73085 x18:0x5fffffff x19=0x5e08cf7a
      530769000	     26436	800061d6	8e1d	c.sub	x12,x15	 x12:0x00000001 x15:0xc0000654 x12=0x3ffff9ad
      530789000	     26437	800061d8	017bd633	srl	x12,x23,x23	 x23:0x0000057c x23:0x0000057c x12=0x00000000
      531889000	     26492	800061dc	028c67b3	rem	x15,x24,x8	 x24:0xbffffe4d  x8:0xc119ef7e x15=0xfee60ecf
      531909000	     26493	800061e0	002153b3	srl	x7,x2,x2	  x2:0x3fffffe6  x2:0x3fffffe6  x7=0x00ffffff
      531929000	     26494	800061e4	407e0833	sub	x16,x28,x7	 x28:0xa0000001  x7:0x00ffffff x16=0x9f000002
      531949000	     26495	800061e8	77a84093	xori	x1,x16,1914	 x16:0x9f000002  x1=0x9f000778
      531969000	     26496	800061ec	032d0d63	beq	x26,x18,80006226	 x26:0x00000000 x18:0x5fffffff
      531989000	     26497	800061f0	8e51	c.or	x12,x12	 x12:0x00000000 x12:0x00000000 x12=0x00000000
      532009000	     26498	800061f2	587d	c.li	x16,-1	 x16=0xffffffff
      532249000	     26510	800061f4	404e5bb3	sra	x23,x28,x4	 x28:0xa0000001  x4:0x00000001 x23=0xd0000000
      532389000	     26517	800061f8	8ba2	c.mv	x23,x8	  x0:0x00000000  x8:0xc119ef7e x23=0xc119ef7e
      532509000	     26523	800061fa	6959b013	sltiu	x0,x19,1685	 x19:0x5e08cf7a  x0=0x00000000
      532529000	     26524	800061fe	66c9	c.lui	x13,0x12	 x13=0x00012000
      532909000	     26543	80006200	01211133	sll	x2,x2,x18	  x2:0x3fffffe6 x18:0x5fffffff  x2=0x00000000
      532989000	     26547	80006204	04cb7b93	andi	x23,x22,76	 x22:0x00000001 x23=0x00000000
      533129000	     26554	80006208	028a34b3	mulhu	x9,x20,x8	 x20:0x5bd052ff  x8:0xc119ef7e  x9=0x45415bcf
      533149000	     26555	8000620c	00de0b63	beq	x28,x13,80006222	 x28:0xa0000001 x13:0x00012000
      533169000	     26556	80006210	0184	c.addi4spn	x9,x2,192	  x9=0x000000c0
      533189000	     26557	80006212	01d58e63	beq	x11,x29,8000622e	 x11:0x80021e20 x29:0x40000154
      533289000	     26562	80006216	02b7e363	bltu	x15,x11,8000623c	 x15:0xfee60ecf x11:0x80021e20
      533309000	     26563	8000621a	ec99	c.bnez	x9,80006238	  x9:0x000000c0
      533989000	     26597	80006238	bd197cb7	lui	x25,0xbd197	 x25=0xbd197000
      534009000	     26598	8000623c	01272633	slt	x12,x14,x18	 x14:0x01f73085 x18:0x5fffffff x12=0x00000001
      534029000	     26599	80006240	0001	c.addi	x0,0	  x0:0x00000000  x0=0x00000000
      534049000	     26600	80006242	8e7d	c.and	x12,x15	 x12:0x00000001 x15:0xfee60ecf x12=0x00000001
      534069000	     26601	80006244	38bae113	ori	x2,x21,907	 x21:0xc0000000  x2=0xc000038b
      534089000	     26602	80006248	46022993	slti	x19,x4,1120	  x4:0x00000001 x19=0x00000001
      534129000	     26604	8000624c	033c29b3	mulhsu	x19,x24,x19	 x24:0xbffffe4d x19:0x00000001 x19=0xffffffff
      534149000	     26605	80006250	8ebd	c.xor	x13,x15	 x13:0x00012000 x15:0xfee60ecf x13=0xfee72ecf
      534969000	     26646	80006252	032d7ab3	remu	x21,x26,x18	 x26:0x00000000 x18:0x5fffffff x21=0x00000000
      534989000	     26647	80006256	1c84	c.addi4spn	x9,x2,624	  x9=0xc00005fb
      535029000	     26649	80006258	03727ab3	remu	x21,x4,x23	  x4:0x00000001 x23:0x00000000 x21=0x00000001
      535049000	     26650	8000625c	01ceb733	sltu	x14,x29,x28	 x29:0x40000154 x28:0xa0000001 x14=0x00000001
      535069000	     26651	80006260	613d	c.addi16sp	x2,480	  x2:0xc000038b  x2=0xc000056b
      535109000	     26653	80006262	03cf16b3	mulh	x13,x30,x28	 x30:0x003fff00 x28:0xa0000001 x13=0xffe80060
      535329000	     26664	80006266	40038cb3	sub	x25,x7,x0	  x7:0x00ffffff  x0:0x00000000 x25=0x00ffffff
      535349000	     26665	8000626a	41bc8bb3	sub	x23,x25,x27	 x25:0x00ffffff x27:0x7fffffff x23=0x81000000
      535369000	     26666	8000626e	00d0e7b3	or	x15,x1,x13	  x1:0x9f000778 x13:0xffe80060 x15=0xffe80778
      535389000	     26667	80006272	70bc3797	auipc	x15,0x70bc3	 x15=0xf0bc9272
      535829000	     26689	80006276	035cb8b3	mulhu	x17,x25,x21	 x25:0x00ffffff x21:0x00000001 x17=0x00000000
      535849000	     26690	8000627a	80e6	c.mv	x1,x25	  x0:0x00000000 x25:0x00ffffff  x1=0x00ffffff
      535869000	     26691	8000627c	0ff0000f	fence	iorw,iorw	
      535889000	     26692	80006280	8c2d	c.xor	x8,x11	  x8:0xc119ef7e x11:0x80021e20  x8=0x411bf15e
      535909000	     26693	80006282	557bfc93	andi	x25,x23,1367	 x23:0x81000000 x25=0x00000000
      535929000	     26694	80006286	612d	c.addi16sp	x2,224	  x2:0xc000056b  x2=0xc000064b
      536289000	     26712	80006288	7c94d0b7	lui	x1,0x7c94d	  x1=0x7c94d000
      536369000	     26716	8000628c	400cd6b3	sra	x13,x25,x0	 x25:0x00000000  x0:0x00000000 x13=0x00000000
      536389000	     26717	80006290	c099	c.beqz	x9,80006296	  x9:0xc00005fb
      537249000	     26760	80006292	025a56b3	divu	x13,x20,x5	 x20:0x5bd052ff  x5:0x8c92ef5c x13=0x00000000
      537269000	     26761	80006296	8b65	c.andi	x14,25	 x14:0x00000001 x14=0x00000001
      537289000	     26762	80006298	05f29163	bne	x5,x31,800062da	  x5:0x8c92ef5c x31:0x80025ce4
      537769000	     26786	800062da	997d	c.andi	x10,-1	 x10:0x400001d6 x10=0x400001d6
      537789000	     26787	800062dc	1890	c.addi4spn	x12,x2,112	 x12=0xc00006bb
      538549000	     26825	800062de	03bdd833	divu	x16,x27,x27	 x27:0x7fffffff x27:0x7fffffff x16=0x00000001
      538569000	     26826	800062e2	40015013	srai	x0,x2,0x0	  x2:0xc000064b  x0=0x00000000
      538589000	     26827	800062e6	717d	c.addi16sp	x2,-16	  x2:0xc000064b  x2=0xc000063b
      538609000	     26828	800062e8	009317b3	sll	x15,x6,x9	  x6:0x00000000  x9:0xc00005fb x15=0x00000000
      538629000	     26829	800062ec	0001	c.addi	x0,0	  x0:0x00000000  x0=0x00000000
      538649000	     26830	800062ee	4709	c.li	x14,2	 x14=0x00000002
      538669000	     26831	800062f0	000403b3	add	x7,x8,x0	  x8:0x411bf15e  x0:0x00000000  x7=0x411bf15e
      538689000	     26832	800062f4	6a55c213	xori	x4,x11,1701	 x11:0x80021e20  x4=0x80021885
      538769000	     26836	800062f8	01239a33	sll	x20,x7,x18	  x7:0x411bf15e x18:0x5fffffff x20=0x00000000
      538789000	     26837	800062fc	41530433	sub	x8,x6,x21	  x6:0x00000000 x21:0x00000001  x8=0xffffffff
      538809000	     26838	80006300	8f35	c.xor	x14,x13	 x14:0x00000002 x13:0x00000000 x14=0x00000002
      539229000	     26859	80006302	0299db63	bge	x19,x9,80006338	 x19:0xffffffff  x9:0xc00005fb
      539549000	     26875	80006338	0ff0000f	fence	iorw,iorw	
      539789000	     26887	8000633c	48797d13	andi	x26,x18,1159	 x18:0x5fffffff x26=0x00000487
      540529000	     26924	80006340	027ddc33	divu	x24,x27,x7	 x27:0x7fffffff  x7:0x411bf15e x24=0x00000001
      540549000	     26925	80006344	bd65ea17	auipc	x20,0xbd65e	 x20=0x3d664344
      541289000	     26962	80006348	0302c9b3	div	x19,x5,x16	  x5:0x8c92ef5c x16:0x00000001 x19=0x8c92ef5c
      541309000	     26963	8000634c	abc52f17	auipc	x30,0xabc52	 x30=0x2bc5834c
      541329000	     26964	80006350	8311	c.srli	x14,0x4	 x14:0x00000002 x14=0x00000000
      541369000	     26966	80006352	023bed33	rem	x26,x23,x3	 x23:0x81000000  x3:0x00000000 x26=0x81000000
      541389000	     26967	80006356	014921b3	slt	x3,x18,x20	 x18:0x5fffffff x20:0x3d664344  x3=0x00000000
      541409000	     26968	8000635a	41a2d6b3	sra	x13,x5,x26	  x5:0x8c92ef5c x26:0x81000000 x13=0x8c92ef5c
      541429000	     26969	8000635e	801d	c.srli	x8,0x7	  x8:0xffffffff  x8=0x01ffffff
      542009000	     26998	80006360	785d5c17	auipc	x24,0x785d5	 x24=0xf85db360
      542149000	     27005	80006364	00890133	add	x2,x18,x8	 x18:0x5fffffff  x8:0x01ffffff  x2=0x61fffffe
      542169000	     27006	80006368	02990633	mul	x12,x18,x9	 x18:0x5fffffff  x9:0xc00005fb x12=0x5ffffa05
      542189000	     27007	8000636c	76161ab7	lui	x21,0x76161	 x21=0x76161000
      542209000	     27008	80006370	8cbd	c.xor	x9,x15	  x9:0xc00005fb x15:0x00000000  x9=0xc00005fb
      542229000	     27009	80006372	01bf4133	xor	x2,x30,x27	 x30:0x2bc5834c x27:0x7fffffff  x2=0x543a7cb3
      542289000	     27012	80006376	01ebe133	or	x2,x23,x30	 x23:0x81000000 x30:0x2bc5834c  x2=0xabc5834c
      542309000	     27013	8000637a	31dba493	slti	x9,x23,797	 x23:0x81000000  x9=0x00000001
      542329000	     27014	8000637e	8d35	c.xor	x10,x13	 x10:0x400001d6 x13:0x8c92ef5c x10=0xcc92ee8a
      542349000	     27015	80006380	8d45	c.or	x10,x9	 x10:0xcc92ee8a  x9:0x00000001 x10=0xcc92ee8b
      542749000	     27035	80006382	00b98a33	add	x20,x19,x11	 x19:0x8c92ef5c x11:0x80021e20 x20=0x0c950d7c
      542769000	     27036	80006386	02908213	addi	x4,x1,41	  x1:0x7c94d000  x4=0x7c94d029
      543669000	     27081	8000638a	03e2f6b3	remu	x13,x5,x30	  x5:0x8c92ef5c x30:0x2bc5834c x13=0x09426578
      543689000	     27082	8000638e	019a	c.slli	x3,0x6	  x3:0x00000000  x3=0x00000000
      543709000	     27083	80006390	23bf4213	xori	x4,x30,571	 x30:0x2bc5834c  x4=0x2bc58177
      543729000	     27084	80006394	0001	c.addi	x0,0	  x0:0x00000000  x0=0x00000000
      543749000	     27085	80006396	0000100f	fence.i	
      543969000	     27096	8000639a	02f4e263	bltu	x9,x15,800063be	  x9:0x00000001 x15:0x00000000
      543989000	     27097	8000639e	0000100f	fence.i	
      544469000	     27121	800063a2	8c01	c.sub	x8,x8	  x8:0x01ffffff  x8:0x01ffffff  x8=0x00000000
      545609000	     27178	800063a4	030350b3	divu	x1,x6,x16	  x6:0x00000000 x16:0x00000001  x1=0x00000000
      545629000	     27179	800063a8	8e39	c.xor	x12,x14	 x12:0x5ffffa05 x14:0x00000000 x12=0x5ffffa05
      545649000	     27180	800063aa	8b8e	c.mv	x23,x3	  x0:0x00000000  x3:0x00000000 x23=0x00000000
      545669000	     27181	800063ac	0000100f	fence.i	
      546029000	     27199	800063b0	0164d793	srli	x15,x9,0x16	  x9:0x00000001 x15=0x00000000
      546049000	     27200	800063b4	032f1663	bne	x30,x18,800063e0	 x30:0x2bc5834c x18:0x5fffffff
      546449000	     27220	800063e0	9c3e	c.add	x24,x15	 x24:0xf85db360 x15:0x00000000 x24=0xf85db360
      546469000	     27221	800063e2	717d	c.addi16sp	x2,-16	  x2:0xabc5834c  x2=0xabc5833c
      546609000	     27228	800063e4	881e	c.mv	x16,x7	  x0:0x00000000  x7:0x411bf15e x16=0x411bf15e
      547049000	     27250	800063e6	020c4233	div	x4,x24,x0	 x24:0xf85db360  x0:0x00000000  x4=0xffffffff
      547229000	     27259	800063ea	02565c63	bge	x12,x5,80006422	 x12:0x5ffffa05  x5:0x8c92ef5c
      547469000	     27271	80006422	408a56b3	sra	x13,x20,x8	 x20:0x0c950d7c  x8:0x00000000 x13=0x0c950d7c
      547489000	     27272	80006426	cd15	c.beqz	x10,80006462	 x10:0xcc92ee8b
      547549000	     27275	80006428	c085	c.beqz	x9,80006448	  x9:0x00000001
      547709000	     27283	8000642a	01a54b63	blt	x10,x26,80006440	 x10:0xcc92ee8b x26:0x81000000
      547729000	     27284	8000642e	8629	c.srai	x12,0xa	 x12:0x5ffffa05 x12=0x0017fffe
      547749000	     27285	80006430	ec8d	c.bnez	x9,8000646a	  x9:0x00000001
      548829000	     27339	8000646a	02bf6b33	rem	x22,x30,x11	 x30:0x2bc5834c x11:0x80021e20 x22=0x2bc5834c
      548849000	     27340	8000646e	8a89	c.andi	x13,2	 x13:0x0c950d7c x13=0x00000000
      548869000	     27341	80006470	0000100f	fence.i	
      549049000	     27350	80006474	00c3ccb3	xor	x25,x7,x12	  x7:0x411bf15e x12:0x0017fffe x25=0x410c0ea0
      549069000	     27351	80006478	e8caad93	slti	x27,x21,-372	 x21:0x76161000 x27=0x00000000
      549189000	     27357	8000647c	9d76	c.add	x26,x29	 x26:0x81000000 x29:0x40000154 x26=0xc1000154
      549209000	     27358	8000647e	e99c2913	slti	x18,x24,-359	 x24:0xf85db360 x18=0x00000001
      549229000	     27359	80006482	0001	c.addi	x0,0	  x0:0x00000000  x0=0x00000000
      549349000	     27365	80006484	033e2a33	mulhsu	x20,x28,x19	 x28:0xa0000001 x19:0x8c92ef5c x20=0xcb48e63e
      551329000	     27464	80006488	6169	c.addi16sp	x2,208	  x2:0xabc5833c  x2=0xabc5840c
      551349000	     27465	8000648a	ab938293	addi	x5,x7,-1351	  x7:0x411bf15e  x5=0x411bec17
      551369000	     27466	8000648e	b8ce2013	slti	x0,x28,-1140	 x28:0xa0000001  x0=0x00000000
      551389000	     27467	80006492	408b5bb3	sra	x23,x22,x8	 x22:0x2bc5834c  x8:0x00000000 x23=0x2bc5834c
      551449000	     27470	80006496	03cfb0b3	mulhu	x1,x31,x28	 x31:0x80025ce4 x28:0xa0000001  x1=0x50017a0f
      551569000	     27476	8000649a	4921f493	andi	x9,x3,1170	  x3:0x00000000  x9=0x00000000
      551729000	     27484	8000649e	000822b3	slt	x5,x16,x0	 x16:0x411bf15e  x0:0x00000000  x5=0x00000000
      551929000	     27494	800064a2	0173b9b3	sltu	x19,x7,x23	  x7:0x411bf15e x23:0x2bc5834c x19=0x00000000
      551949000	     27495	800064a6	5774a513	slti	x10,x9,1399	  x9:0x00000000 x10=0x00000001
      551969000	     27496	800064aa	406cde33	sra	x28,x25,x6	 x25:0x410c0ea0  x6:0x00000000 x28=0x410c0ea0
      552309000	     27513	800064ae	3c2813b7	lui	x7,0x3c281	  x7=0x3c281000
      552329000	     27514	800064b2	6175	c.addi16sp	x2,368	  x2:0xabc5840c  x2=0xabc5857c
      552349000	     27515	800064b4	8fd5	c.or	x15,x13	 x15:0x00000000 x13:0x00000000 x15=0x00000000
      552769000	     27536	800064b6	03a18cb3	mul	x25,x3,x26	  x3:0x00000000 x26:0xc1000154 x25=0x00000000
      552789000	     27537	800064ba	032f0633	mul	x12,x30,x18	 x30:0x2bc5834c x18:0x00000001 x12=0x2bc5834c
      552809000	     27538	800064be	6a99	c.lui	x21,0x6	 x21=0x00006000
      552969000	     27546	800064c0	0243b9b3	mulhu	x19,x7,x4	  x7:0x3c281000  x4:0xffffffff x19=0x3c280fff
      553369000	     27566	800064c4	03081263	bne	x16,x16,800064e8	 x16:0x411bf15e x16:0x411bf15e
      553389000	     27567	800064c8	c446e937	lui	x18,0xc446e	 x18=0xc446e000
      553409000	     27568	800064cc	b5117037	lui	x0,0xb5117	  x0=0x00000000
      553429000	     27569	800064d0	0cd9	c.addi	x25,22	 x25:0x00000000 x25=0x00000016
      553509000	     27573	800064d2	735ec793	xori	x15,x29,1845	 x29:0x40000154 x15=0x40000661
      553529000	     27574	800064d6	00f69e63	bne	x13,x15,800064f2	 x13:0x00000000 x15:0x40000661
      553909000	     27593	800064f2	01bca7b3	slt	x15,x25,x27	 x25:0x00000016 x27:0x00000000 x15=0x00000000
      553929000	     27594	800064f6	e799	c.bnez	x15,80006504	 x15:0x00000000
      554329000	     27614	800064f8	5c768d13	addi	x26,x13,1479	 x13:0x00000000 x26=0x000005c7
      554349000	     27615	800064fc	717d	c.addi16sp	x2,-16	  x2:0xabc5857c  x2=0xabc5856c
      554369000	     27616	800064fe	6885	c.lui	x17,0x1	 x17=0x00001000
      554389000	     27617	80006500	03040063	beq	x8,x16,80006520	  x8:0x00000000 x16:0x411bf15e
      554409000	     27618	80006504	00a88bb3	add	x23,x17,x10	 x17:0x00001000 x10:0x00000001 x23=0x00001001
      555149000	     27655	80006508	027f4933	div	x18,x30,x7	 x30:0x2bc5834c  x7:0x3c281000 x18=0x00000000
      555169000	     27656	8000650c	024a	c.slli	x4,0x12	  x4:0xffffffff  x4=0xfffc0000
      555189000	     27657	8000650e	c791	c.beqz	x15,8000651a	 x15:0x00000000
      555709000	     27683	8000651a	8cb9	c.xor	x9,x14	  x9:0x00000000 x14:0x00000000  x9=0x00000000
      555729000	     27684	8000651c	002dbcb3	sltu	x25,x27,x2	 x27:0x00000000  x2:0xabc5856c x25=0x00000001
      555829000	     27689	80006520	8335	c.srli	x14,0xd	 x14:0x00000000 x14=0x00000000
      555849000	     27690	80006522	8212	c.mv	x4,x4	  x0:0x00000000  x4:0xfffc0000  x4=0xfffc0000
      555869000	     27691	80006524	527d	c.li	x4,-1	  x4=0xffffffff
      555889000	     27692	80006526	19fd	c.addi	x19,-1	 x19:0x3c280fff x19=0x3c280ffe
      556269000	     27711	80006528	028d0a33	mul	x20,x26,x8	 x26:0x000005c7  x8:0x00000000 x20=0x00000000
      556409000	     27718	8000652c	0ee6	c.slli	x29,0x19	 x29:0x40000154 x29=0xa8000000
      556429000	     27719	8000652e	8e19	c.sub	x12,x14	 x12:0x2bc5834c x14:0x00000000 x12=0x2bc5834c
      556449000	     27720	80006530	8405	c.srai	x8,0x1	  x8:0x00000000  x8=0x00000000
      556489000	     27722	80006532	039e3233	mulhu	x4,x28,x25	 x28:0x410c0ea0 x25:0x00000001  x4=0x00000000
      557229000	     27759	80006536	036d7eb3	remu	x29,x26,x22	 x26:0x000005c7 x22:0x2bc5834c x29=0x000005c7
      557249000	     27760	8000653a	00c70cb3	add	x25,x14,x12	 x14:0x00000000 x12:0x2bc5834c x25=0x2bc5834c
      557269000	     27761	8000653e	8279	c.srli	x12,0x1e	 x12:0x2bc5834c x12=0x00000000
      557289000	     27762	80006540	0001	c.addi	x0,0	  x0:0x00000000  x0=0x00000000
      557309000	     27763	80006542	02458c63	beq	x11,x4,8000657a	 x11:0x80021e20  x4:0x00000000
      557329000	     27764	80006546	8fb9	c.xor	x15,x14	 x15:0x00000000 x14:0x00000000 x15=0x00000000
      557349000	     27765	80006548	bd9bb093	sltiu	x1,x23,-1063	 x23:0x00001001  x1=0x00000001
      557369000	     27766	8000654c	03510b33	mul	x22,x2,x21	  x2:0xabc5856c x21:0x00006000 x22=0x12088000
      557449000	     27770	80006550	03f87863	bgeu	x16,x31,80006580	 x16:0x411bf15e x31:0x80025ce4
      557909000	     27793	80006554	00b58913	addi	x18,x11,11	 x11:0x80021e20 x18=0x80021e2b
      558069000	     27801	80006558	6671	c.lui	x12,0x1c	 x12=0x0001c000
      558089000	     27802	8000655a	01a43a33	sltu	x20,x8,x26	  x8:0x00000000 x26:0x000005c7 x20=0x00000001
      558149000	     27805	8000655e	0179f763	bgeu	x19,x23,8000656c	 x19:0x3c280ffe x23:0x00001001
      558289000	     27812	8000656c	01639eb3	sll	x29,x7,x22	  x7:0x3c281000 x22:0x12088000 x29=0x3c281000
      558349000	     27815	80006570	0216	c.slli	x4,0x5	  x4:0x00000000  x4=0x00000000
      558769000	     27836	80006572	01cc7db3	and	x27,x24,x28	 x24:0xf85db360 x28:0x410c0ea0 x27=0x400c0220
      558789000	     27837	80006576	012a5e93	srli	x29,x20,0x12	 x20:0x00000001 x29=0x00000000
      558809000	     27838	8000657a	0001	c.addi	x0,0	  x0:0x00000000  x0=0x00000000
      558829000	     27839	8000657c	010d4e33	xor	x28,x26,x16	 x26:0x000005c7 x16:0x411bf15e x28=0x411bf499
      559229000	     27859	80006580	0036d713	srli	x14,x13,0x3	 x13:0x00000000 x14=0x00000000
      559389000	     27867	80006584	38da7713	andi	x14,x20,909	 x20:0x00000001 x14=0x00000001
      559529000	     27874	80006588	09d5ed13	ori	x26,x11,157	 x11:0x80021e20 x26=0x80021ebd
      559569000	     27876	8000658c	e891	c.bnez	x9,800065a0	  x9:0x00000000
      559889000	     27892	8000658e	01e123b3	slt	x7,x2,x30	  x2:0xabc5856c x30:0x2bc5834c  x7=0x00000001
      559949000	     27895	80006592	009a1233	sll	x4,x20,x9	 x20:0x00000001  x9:0x00000000  x4=0x00000001
      559969000	     27896	80006596	01749c13	slli	x24,x9,0x17	  x9:0x00000000 x24=0x00000000
      559989000	     27897	8000659a	e905	c.bnez	x10,800065ca	 x10:0x00000001
      560869000	     27941	800065ca	0079bcb3	sltu	x25,x19,x7	 x19:0x3c280ffe  x7:0x00000001 x25=0x00000000
      560889000	     27942	800065ce	717d	c.addi16sp	x2,-16	  x2:0xabc5856c  x2=0xabc5855c
      560909000	     27943	800065d0	007c01b3	add	x3,x24,x7	 x24:0x00000000  x7:0x00000001  x3=0x00000001
      560929000	     27944	800065d4	86cd	c.srai	x13,0x13	 x13:0x00000000 x13=0x00000000
      560949000	     27945	800065d6	00195893	srli	x17,x18,0x1	 x18:0x80021e2b x17=0x40010f15
      561349000	     27965	800065da	d33d8993	addi	x19,x27,-717	 x27:0x400c0220 x19=0x400bff53
      561369000	     27966	800065de	a716db97	auipc	x23,0xa716d	 x23=0x271735de
      561789000	     27987	800065e2	3e776213	ori	x4,x14,999	 x14:0x00000001  x4=0x000003e7
      561809000	     27988	800065e6	0001	c.addi	x0,0	  x0:0x00000000  x0=0x00000000
      561829000	     27989	800065e8	83f1	c.srli	x15,0x1c	 x15:0x00000000 x15=0x00000000
      561849000	     27990	800065ea	8a56	c.mv	x20,x21	  x0:0x00000000 x21:0x00006000 x20=0x00006000
      561869000	     27991	800065ec	0ff0000f	fence	iorw,iorw	
      562009000	     27998	800065f0	0294	c.addi4spn	x13,x2,320	 x13=0xabc5869c
      562029000	     27999	800065f2	4f2b6c93	ori	x25,x22,1266	 x22:0x12088000 x25=0x120884f2
      562089000	     28002	800065f6	028931b3	mulhu	x3,x18,x8	 x18:0x80021e2b  x8:0x00000000  x3=0x00000000
      562109000	     28003	800065fa	8c01	c.sub	x8,x8	  x8:0x00000000  x8:0x00000000  x8=0x00000000
      562489000	     28022	800065fc	8d51	c.or	x10,x12	 x10:0x00000001 x12:0x0001c000 x10=0x0001c001
      562569000	     28026	800065fe	006b7463	bgeu	x22,x6,80006606	 x22:0x12088000  x6:0x00000000
      563489000	     28072	80006606	011dcb33	xor	x22,x27,x17	 x27:0x400c0220 x17:0x40010f15 x22=0x000d0d35
      563509000	     28073	8000660a	985e	c.add	x16,x23	 x16:0x411bf15e x23:0x271735de x16=0x6833273c
      563909000	     28093	8000660c	4849	c.li	x16,18	 x16=0x00000012
      563929000	     28094	8000660e	0c94	c.addi4spn	x13,x2,592	 x13=0xabc587ac
      564049000	     28100	80006610	717d	c.addi16sp	x2,-16	  x2:0xabc5855c  x2=0xabc5854c
      564069000	     28101	80006612	8922	c.mv	x18,x8	  x0:0x00000000  x8:0x00000000 x18=0x00000000
      564209000	     28108	80006614	8e7d	c.and	x12,x15	 x12:0x0001c000 x15:0x00000000 x12=0x00000000
      564229000	     28109	80006616	8675	c.srai	x12,0x1d	 x12:0x00000000 x12=0x00000000
      564249000	     28110	80006618	0252f963	bgeu	x5,x5,8000664a	  x5:0x00000000  x5:0x00000000
      565509000	     28173	8000664a	41da0e33	sub	x28,x20,x29	 x20:0x00006000 x29:0x00000000 x28=0x00006000
      565609000	     28178	8000664e	03f04c63	blt	x0,x31,80006686	  x0:0x00000000 x31:0x80025ce4
      565629000	     28179	80006652	c29d	c.beqz	x13,80006678	 x13:0xabc587ac
      565649000	     28180	80006654	0000100f	fence.i	
      567029000	     28249	80006658	02184433	div	x8,x16,x1	 x16:0x00000012  x1:0x00000001  x8=0x00000012
      567049000	     28250	8000665c	c3ce8993	addi	x19,x29,-964	 x29:0x00000000 x19=0xfffffc3c
      567069000	     28251	80006660	864e	c.mv	x12,x19	  x0:0x00000000 x19:0xfffffc3c x12=0xfffffc3c
      567089000	     28252	80006662	8f5d	c.or	x14,x15	 x14:0x00000001 x15:0x00000000 x14=0x00000001
      567109000	     28253	80006664	40f7ddb3	sra	x27,x15,x15	 x15:0x00000000 x15:0x00000000 x27=0x00000000
      567149000	     28255	80006668	03f7bcb3	mulhu	x25,x15,x31	 x15:0x00000000 x31:0x80025ce4 x25=0x00000000
      567169000	     28256	8000666c	1dfd	c.addi	x27,-1	 x27:0x00000000 x27=0xffffffff
      567189000	     28257	8000666e	cc826193	ori	x3,x4,-824	  x4:0x000003e7  x3=0xffffffef
      567469000	     28271	80006672	c61fc237	lui	x4,0xc61fc	  x4=0xc61fc000
      567489000	     28272	80006676	8a6d	c.andi	x12,27	 x12:0xfffffc3c x12=0x00000018
      567769000	     28286	80006678	0001	c.addi	x0,0	  x0:0x00000000  x0=0x00000000
      567809000	     28288	8000667a	00332433	slt	x8,x6,x3	  x6:0x00000000  x3:0xffffffef  x8=0x00000000
      567969000	     28296	8000667e	0239a1b3	mulhsu	x3,x19,x3	 x19:0xfffffc3c  x3:0xffffffef  x3=0xfffffc3c
      568009000	     28298	80006682	03aea033	mulhsu	x0,x29,x26	 x29:0x00000000 x26:0x80021ebd  x0=0x00000000
      568309000	     28313	80006686	04987163	bgeu	x16,x9,800066c8	 x16:0x00000012  x9:0x00000000
      568729000	     28334	800066c8	03427c63	bgeu	x4,x20,80006700	  x4:0xc61fc000 x20:0x00006000
      569689000	     28382	80006700	68ad	c.lui	x17,0xb	 x17=0x0000b000
      570109000	     28403	80006702	026e9db3	mulh	x27,x29,x6	 x29:0x00000000  x6:0x00000000 x27=0x00000000
      570129000	     28404	80006706	01fe	c.slli	x3,0x1f	  x3:0xfffffc3c  x3=0x00000000
      570249000	     28410	80006708	0329f663	bgeu	x19,x18,80006734	 x19:0xfffffc3c x18:0x00000000
      571729000	     28484	80006734	8ed9	c.or	x13,x14	 x13:0xabc587ac x14:0x00000001 x13=0xabc587ad
      571769000	     28486	80006736	02397133	remu	x2,x18,x3	 x18:0x00000000  x3:0x00000000  x2=0x00000000
      571889000	     28492	8000673a	02147563	bgeu	x8,x1,80006764	  x8:0x00000000  x1:0x00000001
      572129000	     28504	8000673e	016b0e33	add	x28,x22,x22	 x22:0x000d0d35 x22:0x000d0d35 x28=0x001a1a6a
      572549000	     28525	80006742	15f64793	xori	x15,x12,351	 x12:0x00000018 x15=0x00000147
      572569000	     28526	80006746	412fd993	srai	x19,x31,0x12	 x31:0x80025ce4 x19=0xffffe000
      572729000	     28534	8000674a	02d42433	mulhsu	x8,x8,x13	  x8:0x00000000 x13:0xabc587ad  x8=0x00000000
      573129000	     28554	8000674e	40fbd813	srai	x16,x23,0xf	 x23:0x271735de x16=0x00004e2e
      573869000	     28591	80006752	02ebc7b3	div	x15,x23,x14	 x23:0x271735de x14:0x00000001 x15=0x271735de
      573909000	     28593	80006756	027a3ab3	mulhu	x21,x20,x7	 x20:0x00006000  x7:0x00000001 x21=0x00000000
      573929000	     28594	8000675a	8e61	c.and	x12,x8	 x12:0x00000018  x8:0x00000000 x12=0x00000000
      573949000	     28595	8000675c	f4535897	auipc	x17,0xf4535	 x17=0x7453b75c
      573969000	     28596	80006760	9bfd	c.andi	x15,-1	 x15:0x271735de x15=0x271735de
      573989000	     28597	80006762	8806	c.mv	x16,x1	  x0:0x00000000  x1:0x00000001 x16=0x00000001
      574009000	     28598	80006764	cd15	c.beqz	x10,800067a0	 x10:0x0001c001
      574029000	     28599	80006766	00bd1db3	sll	x27,x26,x11	 x26:0x80021ebd x11:0x80021e20 x27=0x80021ebd
      574049000	     28600	8000676a	03461863	bne	x12,x20,8000679a	 x12:0x00000000 x20:0x00006000
      575449000	     28670	8000679a	0312e733	rem	x14,x5,x17	  x5:0x00000000 x17:0x7453b75c x14=0x00000000
      575469000	     28671	8000679e	0439	c.addi	x8,14	  x8:0x00000000  x8=0x0000000e
      576209000	     28708	800067a0	02bcdc33	divu	x24,x25,x11	 x25:0x00000000 x11:0x80021e20 x24=0x00000000
      576229000	     28709	800067a4	41b4d893	srai	x17,x9,0x1b	  x9:0x00000000 x17=0x00000000
      576249000	     28710	800067a8	02a2e263	bltu	x5,x10,800067cc	  x5:0x00000000 x10:0x0001c001
      576369000	     28716	800067cc	01ca1e13	slli	x28,x20,0x1c	 x20:0x00006000 x28=0x00000000
      576609000	     28728	800067d0	023e5e33	divu	x28,x28,x3	 x28:0x00000000  x3:0x00000000 x28=0xffffffff
      577029000	     28749	800067d4	02659933	mulh	x18,x11,x6	 x11:0x80021e20  x6:0x00000000 x18=0x00000000
      577289000	     28762	800067d8	ef1d	c.bnez	x14,80006816	 x14:0x00000000
      577309000	     28763	800067da	84a9	c.srai	x9,0xa	  x9:0x00000000  x9=0x00000000
      577329000	     28764	800067dc	fb5b7413	andi	x8,x22,-75	 x22:0x000d0d35  x8=0x000d0d35
      577429000	     28769	800067e0	01fead33	slt	x26,x29,x31	 x29:0x00000000 x31:0x80025ce4 x26=0x00000000
      577449000	     28770	800067e4	01ece233	or	x4,x25,x30	 x25:0x00000000 x30:0x2bc5834c  x4=0x2bc5834c
      577769000	     28786	800067e8	007dfe63	bgeu	x27,x7,80006804	 x27:0x80021ebd  x7:0x00000001
      578189000	     28807	80006804	8f42	c.mv	x30,x16	  x0:0x00000000 x16:0x00000001 x30=0x00000001
      578549000	     28825	80006806	0229a2b3	mulhsu	x5,x19,x2	 x19:0xffffe000  x2:0x00000000  x5=0x00000000
      578649000	     28830	8000680a	00708933	add	x18,x1,x7	  x1:0x00000001  x7:0x00000001 x18=0x00000002
      578669000	     28831	8000680e	005c1513	slli	x10,x24,0x5	 x24:0x00000000 x10=0x00000000
      579409000	     28868	80006812	02bafbb3	remu	x23,x21,x11	 x21:0x00000000 x11:0x80021e20 x23=0x00000000
      579429000	     28869	80006816	db9a46b7	lui	x13,0xdb9a4	 x13=0xdb9a4000
      579449000	     28870	8000681a	0001	c.addi	x0,0	  x0:0x00000000  x0=0x00000000
      579469000	     28871	8000681c	1a7d	c.addi	x20,-1	 x20:0x00006000 x20=0x00005fff
      579489000	     28872	8000681e	8d466e93	ori	x29,x12,-1836	 x12:0x00000000 x29=0xfffff8d4
      579509000	     28873	80006822	01538433	add	x8,x7,x21	  x7:0x00000001 x21:0x00000000  x8=0x00000001
      579529000	     28874	80006826	0001	c.addi	x0,0	  x0:0x00000000  x0=0x00000000
      580269000	     28911	80006828	0325d533	divu	x10,x11,x18	 x11:0x80021e20 x18:0x00000002 x10=0x40010f10
      580289000	     28912	8000682c	7e292037	lui	x0,0x7e292	  x0=0x00000000
      580309000	     28913	80006830	1f2c3737	lui	x14,0x1f2c3	 x14=0x1f2c3000
      580329000	     28914	80006834	00efc263	blt	x31,x14,80006838	 x31:0x80025ce4 x14:0x1f2c3000
      580369000	     28916	80006838	0001	c.addi	x0,0	  x0:0x00000000  x0=0x00000000
      580389000	     28917	8000683a	03865a63	bge	x12,x24,8000686e	 x12:0x00000000 x24:0x00000000
      582089000	     29002	8000686e	eecb4413	xori	x8,x22,-276	 x22:0x000d0d35  x8=0xfff2f3d9
      582249000	     29010	80006872	000a6763	bltu	x20,x0,80006880	 x20:0x00005fff  x0:0x00000000
      582269000	     29011	80006876	0c04	c.addi4spn	x9,x2,528	  x9=0x00000210
      582429000	     29019	80006878	002c5a63	bge	x24,x2,8000688c	 x24:0x00000000  x2:0x00000000
      582929000	     29044	8000688c	0056f7b3	and	x15,x13,x5	 x13:0xdb9a4000  x5:0x00000000 x15=0x00000000
      582989000	     29047	80006890	038e3633	mulhu	x12,x28,x24	 x28:0xffffffff x24:0x00000000 x12=0x00000000
      583389000	     29067	80006894	01e03e33	sltu	x28,x0,x30	  x0:0x00000000 x30:0x00000001 x28=0x00000001
      583809000	     29088	80006898	02d992b3	mulh	x5,x19,x13	 x19:0xffffe000 x13:0xdb9a4000  x5=0x0000048c
      584069000	     29101	8000689c	8fe5	c.and	x15,x9	 x15:0x00000000  x9:0x00000210 x15=0x00000000
      584089000	     29102	8000689e	5cfd	c.li	x25,-1	 x25=0xffffffff
      584449000	     29120	800068a0	32ab0d13	addi	x26,x22,810	 x22:0x000d0d35 x26=0x000d105f
      584569000	     29126	800068a4	e5166097	auipc	x1,0xe5166	  x1=0x6516c8a4
      584589000	     29127	800068a8	0001	c.addi	x0,0	  x0:0x00000000  x0=0x00000000
      584609000	     29128	800068aa	40d5d913	srai	x18,x11,0xd	 x11:0x80021e20 x18=0xfffc0010
      584629000	     29129	800068ae	406a81b3	sub	x3,x21,x6	 x21:0x00000000  x6:0x00000000  x3=0x00000000
      584649000	     29130	800068b2	4955	c.li	x18,21	 x18=0x00000015
      584669000	     29131	800068b4	9216	c.add	x4,x5	  x4:0x2bc5834c  x5:0x0000048c  x4=0x2bc587d8
      584689000	     29132	800068b6	717d	c.addi16sp	x2,-16	  x2:0x00000000  x2=0xfffffff0
      585149000	     29155	800068b8	8ee5	c.and	x13,x9	 x13:0xdb9a4000  x9:0x00000210 x13=0x00000000
      585989000	     29197	800068ba	021ce2b3	rem	x5,x25,x1	 x25:0xffffffff  x1:0x6516c8a4  x5=0xffffffff
      586729000	     29234	800068be	0340c2b3	div	x5,x1,x20	  x1:0x6516c8a4 x20:0x00005fff  x5=0x00010d94
      586749000	     29235	800068c2	8c01	c.sub	x8,x8	  x8:0xfff2f3d9  x8:0xfff2f3d9  x8=0x00000000
      586769000	     29236	800068c4	e785	c.bnez	x15,800068ec	 x15:0x00000000
      586789000	     29237	800068c6	0311fd63	bgeu	x3,x17,80006900	  x3:0x00000000 x17:0x00000000
      598809000	     29838	80006900	40b4d213	srai	x4,x9,0xb	  x9:0x00000210  x4=0x00000000
      598829000	     29839	80006904	631d47b7	lui	x15,0x631d4	 x15=0x631d4000
      598849000	     29840	80006908	9e3e	c.add	x28,x15	 x28:0x00000001 x15:0x631d4000 x28=0x631d4001
      598869000	     29841	8000690a	01b4cd63	blt	x9,x27,80006924	  x9:0x00000210 x27:0x80021ebd
      598889000	     29842	8000690e	8785	c.srai	x15,0x1	 x15:0x631d4000 x15=0x318ea000
      598909000	     29843	80006910	02eb5763	bge	x22,x14,8000693e	 x22:0x000d0d35 x14:0x1f2c3000
      598929000	     29844	80006914	01e9e463	bltu	x19,x30,8000691c	 x19:0xffffe000 x30:0x00000001
      598949000	     29845	80006918	03b6dc63	bge	x13,x27,80006950	 x13:0x00000000 x27:0x80021ebd
      599349000	     29865	80006950	9816	c.add	x16,x5	 x16:0x00000001  x5:0x00010d94 x16=0x00010d95
      599369000	     29866	80006952	0001	c.addi	x0,0	  x0:0x00000000  x0=0x00000000
      599389000	     29867	80006954	8ef1	c.and	x13,x12	 x13:0x00000000 x12:0x00000000 x13=0x00000000
      599409000	     29868	80006956	c299	c.beqz	x13,8000695c	 x13:0x00000000
      599509000	     29873	8000695c	023d4eb3	div	x29,x26,x3	 x26:0x000d105f  x3:0x00000000 x29=0xffffffff
      599769000	     29886	80006960	01ecc6b3	xor	x13,x25,x30	 x25:0xffffffff x30:0x00000001 x13=0xfffffffe
      600669000	     29931	80006964	0290dcb3	divu	x25,x1,x9	  x1:0x6516c8a4  x9:0x00000210 x25=0x0031034a
      600689000	     29932	80006968	03a27c63	bgeu	x4,x26,800069a0	  x4:0x00000000 x26:0x000d105f
      600709000	     29933	8000696c	0504	c.addi4spn	x9,x2,640	  x9=0x00000270
      601449000	     29970	8000696e	02f64bb3	div	x23,x12,x15	 x12:0x00000000 x15:0x318ea000 x23=0x00000000
      601469000	     29971	80006972	8f19	c.sub	x14,x14	 x14:0x1f2c3000 x14:0x1f2c3000 x14=0x00000000
      601489000	     29972	80006974	1efd	c.addi	x29,-1	 x29:0xffffffff x29=0xfffffffe
      601509000	     29973	80006976	0001	c.addi	x0,0	  x0:0x00000000  x0=0x00000000
      601529000	     29974	80006978	0ff0000f	fence	iorw,iorw	
      601549000	     29975	8000697c	8d35	c.xor	x10,x13	 x10:0x40010f10 x13:0xfffffffe x10=0xbffef0ee
      601569000	     29976	8000697e	0959	c.addi	x18,22	 x18:0x00000015 x18=0x0000002b
      601589000	     29977	80006980	0ff0000f	fence	iorw,iorw	
      601609000	     29978	80006984	8e6d	c.and	x12,x11	 x12:0x00000000 x11:0x80021e20 x12=0x00000000
      601629000	     29979	80006986	0001	c.addi	x0,0	  x0:0x00000000  x0=0x00000000
      601729000	     29984	80006988	211caf13	slti	x30,x25,529	 x25:0x0031034a x30=0x00000000
      601989000	     29997	8000698c	0000100f	fence.i	
      602469000	     30021	80006990	00ad2eb3	slt	x29,x26,x10	 x26:0x000d105f x10:0xbffef0ee x29=0x00000000
      602509000	     30023	80006994	a08a7b93	andi	x23,x20,-1528	 x20:0x00005fff x23=0x00005a08
      602529000	     30024	80006998	68250db7	lui	x27,0x68250	 x27=0x68250000
      602549000	     30025	8000699c	01cf12b3	sll	x5,x30,x28	 x30:0x00000000 x28:0x631d4001  x5=0x00000000
      602709000	     30033	800069a0	60a5	c.lui	x1,0x9	  x1=0x00009000
      602749000	     30035	800069a2	03322db3	mulhsu	x27,x4,x19	  x4:0x00000000 x19:0xffffe000 x27=0x00000000
      602789000	     30037	800069a6	035b3d33	mulhu	x26,x22,x21	 x22:0x000d0d35 x21:0x00000000 x26=0x00000000
      602809000	     30038	800069aa	02409663	bne	x1,x4,800069d6	  x1:0x00009000  x4:0x00000000
      603229000	     30059	800069d6	0316f433	remu	x8,x13,x17	 x13:0xfffffffe x17:0x00000000  x8=0xfffffffe
      603249000	     30060	800069da	4791	c.li	x15,4	 x15=0x00000004
      603349000	     30065	800069dc	8a11	c.andi	x12,4	 x12:0x00000000 x12=0x00000000
      604229000	     30109	800069de	02ab4133	div	x2,x22,x10	 x22:0x000d0d35 x10:0xbffef0ee  x2=0x00000000
      604249000	     30110	800069e2	b22c34b7	lui	x9,0xb22c3	  x9=0xb22c3000
      604989000	     30147	800069e6	02a2d8b3	divu	x17,x5,x10	  x5:0x00000000 x10:0xbffef0ee x17=0x00000000
      605009000	     30148	800069ea	023f8363	beq	x31,x3,80006a10	 x31:0x80025ce4  x3:0x00000000
      605029000	     30149	800069ee	1504	c.addi4spn	x9,x2,672	  x9=0x000002a0
      605069000	     30151	800069f0	034c2db3	mulhsu	x27,x24,x20	 x24:0x00000000 x20:0x00005fff x27=0x00000000
      605089000	     30152	800069f4	8fad	c.xor	x15,x11	 x15:0x00000004 x11:0x80021e20 x15=0x80021e24
      605829000	     30189	800069f6	029d48b3	div	x17,x26,x9	 x26:0x00000000  x9:0x000002a0 x17=0x00000000
      605849000	     30190	800069fa	92f6	c.add	x5,x29	  x5:0x00000000 x29:0x00000000  x5=0x00000000
      605869000	     30191	800069fc	ef91	c.bnez	x15,80006a18	 x15:0x80021e24
      606149000	     30205	80006a18	b870fd13	andi	x26,x1,-1145	  x1:0x00009000 x26=0x00009000
      606169000	     30206	80006a1c	004feeb3	or	x29,x31,x4	 x31:0x80025ce4  x4:0x00000000 x29=0x80025ce4
      606329000	     30214	80006a20	69bb7893	andi	x17,x22,1691	 x22:0x000d0d35 x17=0x00000411
      606449000	     30220	80006a24	0ead4693	xori	x13,x26,234	 x26:0x00009000 x13=0x000090ea
      606469000	     30221	80006a28	9772	c.add	x14,x28	 x14:0x00000000 x28:0x631d4001 x14=0x631d4001
      606489000	     30222	80006a2a	374fb993	sltiu	x19,x31,884	 x31:0x80025ce4 x19=0x00000000
      606509000	     30223	80006a2e	1084	c.addi4spn	x9,x2,96	  x9=0x00000060
      606529000	     30224	80006a30	8f95	c.sub	x15,x13	 x15:0x80021e24 x13:0x000090ea x15=0x80018d3a
      606549000	     30225	80006a32	8219	c.srli	x12,0x6	 x12:0x00000000 x12=0x00000000
      606569000	     30226	80006a34	6a3fec93	ori	x25,x31,1699	 x31:0x80025ce4 x25=0x80025ee7
      606589000	     30227	80006a38	01d30263	beq	x6,x29,80006a3c	  x6:0x00000000 x29:0x80025ce4
      607029000	     30249	80006a3c	0233fbb3	remu	x23,x7,x3	  x7:0x00000001  x3:0x00000000 x23=0x00000001
      607049000	     30250	80006a40	02fe9963	bne	x29,x15,80006a72	 x29:0x80025ce4 x15:0x80018d3a
      607469000	     30271	80006a72	0001	c.addi	x0,0	  x0:0x00000000  x0=0x00000000
      607489000	     30272	80006a74	995e	c.add	x18,x23	 x18:0x0000002b x23:0x00000001 x18=0x0000002c
      607509000	     30273	80006a76	01d2	c.slli	x3,0x14	  x3:0x00000000  x3=0x00000000
      607609000	     30278	80006a78	013023b3	slt	x7,x0,x19	  x0:0x00000000 x19:0x00000000  x7=0x00000000
      607629000	     30279	80006a7c	01aff763	bgeu	x31,x26,80006a8a	 x31:0x80025ce4 x26:0x00009000
      608129000	     30304	80006a8a	4078d793	srai	x15,x17,0x7	 x17:0x00000411 x15=0x00000008
      608189000	     30307	80006a8e	63f34013	xori	x0,x6,1599	  x6:0x00000000  x0=0x00000000
      608209000	     30308	80006a92	8609	c.srai	x12,0x2	 x12:0x00000000 x12=0x00000000
      608229000	     30309	80006a94	40dbdc93	srai	x25,x23,0xd	 x23:0x00000001 x25=0x00000000
      608289000	     30312	80006a98	018ffa33	and	x20,x31,x24	 x31:0x80025ce4 x24:0x00000000 x20=0x00000000
      609029000	     30349	80006a9c	036eee33	rem	x28,x29,x22	 x29:0x80025ce4 x22:0x000d0d35 x28=0xfff9da8a
      609049000	     30350	80006aa0	007e1c93	slli	x25,x28,0x7	 x28:0xfff9da8a x25=0xfced4500
      609069000	     30351	80006aa4	41325913	srai	x18,x4,0x13	  x4:0x00000000 x18=0x00000000
      609089000	     30352	80006aa8	6159	c.addi16sp	x2,400	  x2:0x00000000  x2=0x00000190
      609109000	     30353	80006aaa	5b7d	c.li	x22,-1	 x22=0xffffffff
      609169000	     30356	80006aac	e619	c.bnez	x12,80006aba	 x12:0x00000000
      609589000	     30377	80006aae	02411d63	bne	x2,x4,80006ae8	  x2:0x00000190  x4:0x00000000
      610729000	     30434	80006ae8	4060d033	sra	x0,x1,x6	  x1:0x00009000  x6:0x00000000  x0=0x00000000
      610749000	     30435	80006aec	00594eb3	xor	x29,x18,x5	 x18:0x00000000  x5:0x00000000 x29=0x00000000
      611169000	     30456	80006af0	02778533	mul	x10,x15,x7	 x15:0x00000008  x7:0x00000000 x10=0x00000000
      611189000	     30457	80006af4	0058ad33	slt	x26,x17,x5	 x17:0x00000411  x5:0x00000000 x26=0x00000000
      611609000	     30478	80006af8	00b35e13	srli	x28,x6,0xb	  x6:0x00000000 x28=0x00000000
      611629000	     30479	80006afc	01ea76b3	and	x13,x20,x30	 x20:0x00000000 x30:0x00000000 x13=0x00000000
      611649000	     30480	80006b00	8efd	c.and	x13,x15	 x13:0x00000000 x15:0x00000008 x13=0x00000000
      611669000	     30481	80006b02	9e7a	c.add	x28,x30	 x28:0x00000000 x30:0x00000000 x28=0x00000000
      611709000	     30483	80006b04	014b3eb3	sltu	x29,x22,x20	 x22:0xffffffff x20:0x00000000 x29=0x00000000
      611789000	     30487	80006b08	0000100f	fence.i	
      612429000	     30519	80006b0c	8d31	c.xor	x10,x12	 x10:0x00000000 x12:0x00000000 x10=0x00000000
      612449000	     30520	80006b0e	40f4d113	srai	x2,x9,0xf	  x9:0x00000060  x2=0x00000000
      612469000	     30521	80006b12	03f08b63	beq	x1,x31,80006b48	  x1:0x00009000 x31:0x80025ce4
      612889000	     30542	80006b16	010c0c63	beq	x24,x16,80006b2e	 x24:0x00000000 x16:0x00010d95
      612909000	     30543	80006b1a	036d4763	blt	x26,x22,80006b48	 x26:0x00000000 x22:0xffffffff
      612929000	     30544	80006b1e	011ad813	srli	x16,x21,0x11	 x21:0x00000000 x16=0x00000000
      613349000	     30565	80006b22	01b18ab3	add	x21,x3,x27	  x3:0x00000000 x27:0x00000000 x21=0x00000000
      613369000	     30566	80006b26	9b12	c.add	x22,x4	 x22:0xffffffff  x4:0x00000000 x22=0xffffffff
      613389000	     30567	80006b28	0001	c.addi	x0,0	  x0:0x00000000  x0=0x00000000
      613409000	     30568	80006b2a	020c08b3	mul	x17,x24,x0	 x24:0x00000000  x0:0x00000000 x17=0x00000000
      613569000	     30576	80006b2e	02088133	mul	x2,x17,x0	 x17:0x00000000  x0:0x00000000  x2=0x00000000
      613589000	     30577	80006b32	64dffa93	andi	x21,x31,1613	 x31:0x80025ce4 x21=0x00000444
      613609000	     30578	80006b36	ef89	c.bnez	x15,80006b50	 x15:0x00000008
      613969000	     30596	80006b50	004df763	bgeu	x27,x4,80006b5e	 x27:0x00000000  x4:0x00000000
      615629000	     30679	80006b5e	037af133	remu	x2,x21,x23	 x21:0x00000444 x23:0x00000001  x2=0x00000000
      615649000	     30680	80006b62	01b387b3	add	x15,x7,x27	  x7:0x00000000 x27:0x00000000 x15=0x00000000
      615669000	     30681	80006b66	0001	c.addi	x0,0	  x0:0x00000000  x0=0x00000000
      615689000	     30682	80006b68	01602d33	slt	x26,x0,x22	  x0:0x00000000 x22:0xffffffff x26=0x00000000
      615709000	     30683	80006b6c	44a5	c.li	x9,9	  x9=0x00000009
      615749000	     30685	80006b6e	03de9e33	mulh	x28,x29,x29	 x29:0x00000000 x29:0x00000000 x28=0x00000000
      615769000	     30686	80006b72	036e88b3	mul	x17,x29,x22	 x29:0x00000000 x22:0xffffffff x17=0x00000000
      615789000	     30687	80006b76	616d	c.addi16sp	x2,240	  x2:0x00000000  x2=0x000000f0
      615809000	     30688	80006b78	869d	c.srai	x13,0x7	 x13:0x00000000 x13=0x00000000
      615829000	     30689	80006b7a	64a9	c.lui	x9,0xa	  x9=0x0000a000
      616349000	     30715	80006b7c	86dd	c.srai	x13,0x17	 x13:0x00000000 x13=0x00000000
      616449000	     30720	80006b7e	039ac563	blt	x21,x25,80006ba8	 x21:0x00000444 x25:0xfced4500
      616469000	     30721	80006b82	0192dd33	srl	x26,x5,x25	  x5:0x00000000 x25:0xfced4500 x26=0x00000000
      616489000	     30722	80006b86	006386b3	add	x13,x7,x6	  x7:0x00000000  x6:0x00000000 x13=0x00000000
      616509000	     30723	80006b8a	8941	c.andi	x10,16	 x10:0x00000000 x10=0x00000000
      616529000	     30724	80006b8c	8c5e8b13	addi	x22,x29,-1851	 x29:0x00000000 x22=0xfffff8c5
      616629000	     30729	80006b90	03accab3	div	x21,x25,x26	 x25:0xfced4500 x26:0x00000000 x21=0xffffffff
      616649000	     30730	80006b94	19fd	c.addi	x19,-1	 x19:0x00000000 x19=0xffffffff
      616969000	     30746	80006b96	03d7dcb3	divu	x25,x15,x29	 x15:0x00000000 x29:0x00000000 x25=0xffffffff
      617009000	     30748	80006b9a	8a8be993	ori	x19,x23,-1880	 x23:0x00000001 x19=0xfffff8a9
      617029000	     30749	80006b9e	0100d013	srli	x0,x1,0x10	  x1:0x00009000  x0=0x00000000
      617049000	     30750	80006ba2	827d	c.srli	x12,0x1f	 x12:0x00000000 x12=0x00000000
      617069000	     30751	80006ba4	0000100f	fence.i	
      617449000	     30770	80006ba8	41335213	srai	x4,x6,0x13	  x6:0x00000000  x4=0x00000000
      617469000	     30771	80006bac	32e7e437	lui	x8,0x32e7e	  x8=0x32e7e000
      617549000	     30775	80006bb0	0001	c.addi	x0,0	  x0:0x00000000  x0=0x00000000
      617569000	     30776	80006bb2	01f761b3	or	x3,x14,x31	 x14:0x631d4001 x31:0x80025ce4  x3=0xe31f5ce5
      617589000	     30777	80006bb6	e315	c.bnez	x14,80006bda	 x14:0x631d4001
      618389000	     30817	80006bda	059c	c.addi4spn	x15,x2,704	 x15=0x000003b0
      618409000	     30818	80006bdc	02b78bb3	mul	x23,x15,x11	 x15:0x000003b0 x11:0x80021e20 x23=0x07cf1600
      618429000	     30819	80006be0	410d83b3	sub	x7,x27,x16	 x27:0x00000000 x16:0x00000000  x7=0x00000000
      618729000	     30834	80006be4	00a0eeb3	or	x29,x1,x10	  x1:0x00009000 x10:0x00000000 x29=0x00009000
      618809000	     30838	80006be8	02cdd7b3	divu	x15,x27,x12	 x27:0x00000000 x12:0x00000000 x15=0xffffffff
      619209000	     30858	80006bec	408c8c33	sub	x24,x25,x8	 x25:0xffffffff  x8:0x32e7e000 x24=0xcd181fff
      619229000	     30859	80006bf0	00257eb3	and	x29,x10,x2	 x10:0x00000000  x2:0x000000f0 x29=0x00000000
      619249000	     30860	80006bf4	6f71	c.lui	x30,0x1c	 x30=0x0001c000
      619269000	     30861	80006bf6	03747a63	bgeu	x8,x23,80006c2a	  x8:0x32e7e000 x23:0x07cf1600
      620309000	     30913	80006c2a	0252b7b3	mulhu	x15,x5,x5	  x5:0x00000000  x5:0x00000000 x15=0x00000000
      620329000	     30914	80006c2e	8d7e	c.mv	x26,x31	  x0:0x00000000 x31:0x80025ce4 x26=0x80025ce4
      620529000	     30924	80006c30	012b6463	bltu	x22,x18,80006c38	 x22:0xfffff8c5 x18:0x00000000
      620949000	     30945	80006c34	d1897a13	andi	x20,x18,-744	 x18:0x00000000 x20=0x00000000
      621129000	     30954	80006c38	8d2d	c.xor	x10,x11	 x10:0x00000000 x11:0x80021e20 x10=0x80021e20
      621149000	     30955	80006c3a	01a7e233	or	x4,x15,x26	 x15:0x00000000 x26:0x80025ce4  x4=0x80025ce4
      621169000	     30956	80006c3e	0174ea63	bltu	x9,x23,80006c52	  x9:0x0000a000 x23:0x07cf1600
      622109000	     31003	80006c52	030534b3	mulhu	x9,x10,x16	 x10:0x80021e20 x16:0x00000000  x9=0x00000000
      622129000	     31004	80006c56	016e	c.slli	x2,0x1b	  x2:0x000000f0  x2=0x80000000
      622429000	     31019	80006c58	00961f13	slli	x30,x12,0x9	 x12:0x00000000 x30=0x00000000
      622449000	     31020	80006c5c	616d	c.addi16sp	x2,240	  x2:0x80000000  x2=0x800000f0
      622469000	     31021	80006c5e	01257033	and	x0,x10,x18	 x10:0x80021e20 x18:0x00000000  x0=0x00000000
      622489000	     31022	80006c62	1208	c.addi4spn	x10,x2,288	 x10=0x80000210
      622629000	     31029	80006c64	0ff0000f	fence	iorw,iorw	
      622649000	     31030	80006c68	01ddc433	xor	x8,x27,x29	 x27:0x00000000 x29:0x00000000  x8=0x00000000
      622669000	     31031	80006c6c	00535293	srli	x5,x6,0x5	  x6:0x00000000  x5=0x00000000
      622789000	     31037	80006c70	8ff9	c.and	x15,x14	 x15:0x00000000 x14:0x631d4001 x15=0x00000000
      622989000	     31047	80006c72	41f9d113	srai	x2,x19,0x1f	 x19:0xfffff8a9  x2=0xffffffff
      623089000	     31052	80006c76	a1f1a413	slti	x8,x3,-1505	  x3:0xe31f5ce5  x8=0x00000001
      623269000	     31061	80006c7a	01e95233	srl	x4,x18,x30	 x18:0x00000000 x30:0x00000000  x4=0x00000000
      623289000	     31062	80006c7e	517d	c.li	x2,-1	  x2=0xffffffff
      623589000	     31077	80006c80	6145	c.addi16sp	x2,48	  x2:0xffffffff  x2=0x0000002f
      623609000	     31078	80006c82	026f82b3	mul	x5,x31,x6	 x31:0x80025ce4  x6:0x00000000  x5=0x00000000
      623789000	     31087	80006c86	020204b3	mul	x9,x4,x0	  x4:0x00000000  x0:0x00000000  x9=0x00000000
      624209000	     31108	80006c8a	bd29e813	ori	x16,x19,-1070	 x19:0xfffff8a9 x16=0xfffffbfb
      624229000	     31109	80006c8e	8ca5	c.xor	x9,x9	  x9:0x00000000  x9:0x00000000  x9=0x00000000
      624249000	     31110	80006c90	0000100f	fence.i	
      624349000	     31115	80006c94	0ff0000f	fence	iorw,iorw	
      624509000	     31123	80006c98	0db2	c.slli	x27,0xc	 x27:0x00000000 x27=0x00000000
      624529000	     31124	80006c9a	0001	c.addi	x0,0	  x0:0x00000000  x0=0x00000000
      624649000	     31130	80006c9c	c15c7b13	andi	x22,x24,-1003	 x24:0xcd181fff x22=0xcd181c15
      625069000	     31151	80006ca0	02036e63	bltu	x6,x0,80006cdc	  x6:0x00000000  x0:0x00000000
      625169000	     31156	80006ca4	016571b3	and	x3,x10,x22	 x10:0x80000210 x22:0xcd181c15  x3=0x80000010
      625229000	     31159	80006ca8	8a91	c.andi	x13,4	 x13:0x00000000 x13=0x00000000
      625269000	     31161	80006caa	02889633	mulh	x12,x17,x8	 x17:0x00000000  x8:0x00000001 x12=0x00000000
      625309000	     31163	80006cae	03d7c4b3	div	x9,x15,x29	 x15:0x00000000 x29:0x00000000  x9=0xffffffff
      625389000	     31167	80006cb2	f6e0ff13	andi	x30,x1,-146	  x1:0x00009000 x30=0x00009000
      625409000	     31168	80006cb6	e119	c.bnez	x10,80006cbc	 x10:0x80000210
      625969000	     31196	80006cbc	41ec8a33	sub	x20,x25,x30	 x25:0xffffffff x30:0x00009000 x20=0xffff6fff
      626009000	     31198	80006cc0	025e58b3	divu	x17,x28,x5	 x28:0x00000000  x5:0x00000000 x17=0xffffffff
      626149000	     31205	80006cc4	41a55393	srai	x7,x10,0x1a	 x10:0x80000210  x7=0xffffffe0
      626309000	     31213	80006cc8	41768633	sub	x12,x13,x23	 x13:0x00000000 x23:0x07cf1600 x12=0xf830ea00
      626729000	     31234	80006ccc	8241	c.srli	x12,0x10	 x12:0xf830ea00 x12=0x0000f830
      626749000	     31235	80006cce	4691	c.li	x13,4	 x13=0x00000004
      627149000	     31255	80006cd0	6c91	c.lui	x25,0x4	 x25=0x00004000
      627169000	     31256	80006cd2	021e0463	beq	x28,x1,80006cfa	 x28:0x00000000  x1:0x00009000
      627189000	     31257	80006cd6	86a5	c.srai	x13,0x9	 x13:0x00000004 x13=0x00000000
      627209000	     31258	80006cd8	01dcd1b3	srl	x3,x25,x29	 x25:0x00004000 x29:0x00000000  x3=0x00004000
      627229000	     31259	80006cdc	02996063	bltu	x18,x9,80006cfc	 x18:0x00000000  x9:0xffffffff
      627369000	     31266	80006cfc	ee11	c.bnez	x12,80006d18	 x12:0x0000f830
      637809000	     31788	80006d18	c899	c.beqz	x9,80006d2e	  x9:0xffffffff
      637829000	     31789	80006d1a	00b25893	srli	x17,x4,0xb	  x4:0x00000000 x17=0x00000000
      637849000	     31790	80006d1e	01c02b33	slt	x22,x0,x28	  x0:0x00000000 x28:0x00000000 x22=0x00000000
      637869000	     31791	80006d22	8592a993	slti	x19,x5,-1959	  x5:0x00000000 x19=0x00000000
      637889000	     31792	80006d26	8e51	c.or	x12,x12	 x12:0x0000f830 x12:0x0000f830 x12=0x0000f830
      637909000	     31793	80006d28	8ef9	c.and	x13,x14	 x13:0x00000000 x14:0x631d4001 x13=0x00000000
      637929000	     31794	80006d2a	89f78413	addi	x8,x15,-1889	 x15:0x00000000  x8=0xfffff89f
      638049000	     31800	80006d2e	1327b213	sltiu	x4,x15,306	 x15:0x00000000  x4=0x00000001
      638109000	     31803	80006d32	13862b13	slti	x22,x12,312	 x12:0x0000f830 x22=0x00000000
      638129000	     31804	80006d36	8c9d	c.sub	x9,x15	  x9:0xffffffff x15:0x00000000  x9=0xffffffff
      638529000	     31824	80006d38	0000100f	fence.i	
      638909000	     31843	80006d3c	00646bb3	or	x23,x8,x6	  x8:0xfffff89f  x6:0x00000000 x23=0xfffff89f
      639029000	     31849	80006d40	03a54863	blt	x10,x26,80006d70	 x10:0x80000210 x26:0x80025ce4
      639149000	     31855	80006d70	02dc9e33	mulh	x28,x25,x13	 x25:0x00004000 x13:0x00000000 x28=0x00000000
      639169000	     31856	80006d74	01df5463	bge	x30,x29,80006d7c	 x30:0x00009000 x29:0x00000000
      639409000	     31868	80006d7c	007d9a93	slli	x21,x27,0x7	 x27:0x00000000 x21=0x00000000
      639429000	     31869	80006d80	00a88c33	add	x24,x17,x10	 x17:0x00000000 x10:0x80000210 x24=0x80000210
      639709000	     31883	80006d84	1404	c.addi4spn	x9,x2,544	  x9=0x0000024f
      639749000	     31885	80006d86	5603f893	andi	x17,x7,1376	  x7:0xffffffe0 x17=0x00000560
      639769000	     31886	80006d8a	8d45	c.or	x10,x9	 x10:0x80000210  x9:0x0000024f x10=0x8000025f
      639789000	     31887	80006d8c	9e247713	andi	x14,x8,-1566	  x8:0xfffff89f x14=0xfffff882
      639849000	     31890	80006d90	717d	c.addi16sp	x2,-16	  x2:0x0000002f  x2=0x0000001f
      639889000	     31892	80006d92	03a2a2b3	mulhsu	x5,x5,x26	  x5:0x00000000 x26:0x80025ce4  x5=0x00000000
      639969000	     31896	80006d96	025f31b3	mulhu	x3,x30,x5	 x30:0x00009000  x5:0x00000000  x3=0x00000000
      639989000	     31897	80006d9a	5d7d	c.li	x26,-1	 x26=0xffffffff
      640009000	     31898	80006d9c	00a2eab3	or	x21,x5,x10	  x5:0x00000000 x10:0x8000025f x21=0x8000025f
      640029000	     31899	80006da0	0000100f	fence.i	
      640229000	     31909	80006da4	030ca4b3	mulhsu	x9,x25,x16	 x25:0x00004000 x16:0xfffffbfb  x9=0x00003fff
      640249000	     31910	80006da8	f53b4b13	xori	x22,x22,-173	 x22:0x00000000 x22=0xffffff53
      640269000	     31911	80006dac	006949b3	xor	x19,x18,x6	 x18:0x00000000  x6:0x00000000 x19=0x00000000
      641389000	     31967	80006db0	039969b3	rem	x19,x18,x25	 x18:0x00000000 x25:0x00004000 x19=0x00000000
      641409000	     31968	80006db4	1dfd	c.addi	x27,-1	 x27:0x00000000 x27=0xffffffff
      641429000	     31969	80006db6	01c46d33	or	x26,x8,x28	  x8:0xfffff89f x28:0x00000000 x26=0xfffff89f
      641449000	     31970	80006dba	88b3e993	ori	x19,x7,-1909	  x7:0xffffffe0 x19=0xffffffeb
      641469000	     31971	80006dbe	4a243713	sltiu	x14,x8,1186	  x8:0xfffff89f x14=0x00000000
      641489000	     31972	80006dc2	e095	c.bnez	x9,80006de6	  x9:0x00003fff
      641749000	     31985	80006de6	01be2433	slt	x8,x28,x27	 x28:0x00000000 x27:0xffffffff  x8=0x00000000
      641769000	     31986	80006dea	0ff0000f	fence	iorw,iorw	
      641789000	     31987	80006dee	8e11	c.sub	x12,x12	 x12:0x0000f830 x12:0x0000f830 x12=0x00000000
      642189000	     32007	80006df0	00182b33	slt	x22,x16,x1	 x16:0xfffffbfb  x1:0x00009000 x22=0x00000001
      642249000	     32010	80006df4	005a18b3	sll	x17,x20,x5	 x20:0xffff6fff  x5:0x00000000 x17=0xffff6fff
      642349000	     32015	80006df8	f9eca117	auipc	x2,0xf9eca	  x2=0x79ed0df8
      642449000	     32020	80006dfc	011c5633	srl	x12,x24,x17	 x24:0x80000210 x17:0xffff6fff x12=0x00000001
      642789000	     32037	80006e00	1d14	c.addi4spn	x13,x2,688	 x13=0x79ed10a8
      642949000	     32045	80006e02	01dcb933	sltu	x18,x25,x29	 x25:0x00004000 x29:0x00000000 x18=0x00000000
      643049000	     32050	80006e06	012dca33	xor	x20,x27,x18	 x27:0xffffffff x18:0x00000000 x20=0xffffffff
      643069000	     32051	80006e0a	86a2	c.mv	x13,x8	  x0:0x00000000  x8:0x00000000 x13=0x00000000
      643089000	     32052	80006e0c	88cd	c.andi	x9,19	  x9:0x00003fff  x9=0x00000013
      643109000	     32053	80006e0e	c5dc6a13	ori	x20,x24,-931	 x24:0x80000210 x20=0xfffffe5d
      643129000	     32054	80006e12	8cf9	c.and	x9,x14	  x9:0x00000013 x14:0x00000000  x9=0x00000000
      643149000	     32055	80006e14	009d89b3	add	x19,x27,x9	 x27:0xffffffff  x9:0x00000000 x19=0xffffffff
      643889000	     32092	80006e18	033c7033	remu	x0,x24,x19	 x24:0x80000210 x19:0xffffffff  x0=0x00000000
      643909000	     32093	80006e1c	8e95	c.sub	x13,x13	 x13:0x00000000 x13:0x00000000 x13=0x00000000
      643929000	     32094	80006e1e	014c1eb3	sll	x29,x24,x20	 x24:0x80000210 x20:0xfffffe5d x29=0x00000000
      643949000	     32095	80006e22	003a63b3	or	x7,x20,x3	 x20:0xfffffe5d  x3:0x00000000  x7=0xfffffe5d
      643969000	     32096	80006e26	8d7d	c.and	x10,x15	 x10:0x8000025f x15:0x00000000 x10=0x00000000
      643989000	     32097	80006e28	0004e633	or	x12,x9,x0	  x9:0x00000000  x0:0x00000000 x12=0x00000000
      644009000	     32098	80006e2c	0b24fa93	andi	x21,x9,178	  x9:0x00000000 x21=0x00000000
      644029000	     32099	80006e30	4015dc13	srai	x24,x11,0x1	 x11:0x80021e20 x24=0xc0010f10
      644049000	     32100	80006e34	03cd8863	beq	x27,x28,80006e64	 x27:0xffffffff x28:0x00000000
      644229000	     32109	80006e38	01e59d33	sll	x26,x11,x30	 x11:0x80021e20 x30:0x00009000 x26=0x80021e20
      644469000	     32121	80006e3c	03eb2c33	mulhsu	x24,x22,x30	 x22:0x00000001 x30:0x00009000 x24=0x00000000
      644729000	     32134	80006e40	016f24b3	slt	x9,x30,x22	 x30:0x00009000 x22:0x00000001  x9=0x00000000
      644749000	     32135	80006e44	0078c7b3	xor	x15,x17,x7	 x17:0xffff6fff  x7:0xfffffe5d x15=0x000091a2
      645169000	     32156	80006e48	04056ab7	lui	x21,0x4056	 x21=0x04056000
      645589000	     32177	80006e4c	0e90	c.addi4spn	x12,x2,848	 x12=0x79ed1148
      645609000	     32178	80006e4e	0001	c.addi	x0,0	  x0:0x00000000  x0=0x00000000
      645969000	     32196	80006e50	026fd963	bge	x31,x6,80006e82	 x31:0x80025ce4  x6:0x00000000
      646189000	     32207	80006e54	01a42e33	slt	x28,x8,x26	  x8:0x00000000 x26:0x80021e20 x28=0x00000000
      646209000	     32208	80006e58	01a74233	xor	x4,x14,x26	 x14:0x00000000 x26:0x80021e20  x4=0x80021e20
      646229000	     32209	80006e5c	01ac9e33	sll	x28,x25,x26	 x25:0x00004000 x26:0x80021e20 x28=0x00004000
      646249000	     32210	80006e60	03fb9563	bne	x23,x31,80006e8a	 x23:0xfffff89f x31:0x80025ce4
      647169000	     32256	80006e8a	8971	c.andi	x10,28	 x10:0x00000000 x10=0x00000000
      647449000	     32270	80006e8c	0160a2b3	slt	x5,x1,x22	  x1:0x00009000 x22:0x00000001  x5=0x00000000
      647469000	     32271	80006e90	6e2d9617	auipc	x12,0x6e2d9	 x12=0xee2dfe90
      647489000	     32272	80006e94	006b00b3	add	x1,x22,x6	 x22:0x00000001  x6:0x00000000  x1=0x00000001
      647929000	     32294	80006e98	034db4b3	mulhu	x9,x27,x20	 x27:0xffffffff x20:0xfffffe5d  x9=0xfffffe5c
      647949000	     32295	80006e9c	41be8433	sub	x8,x29,x27	 x29:0x00000000 x27:0xffffffff  x8=0x00000001
      647969000	     32296	80006ea0	29eae293	ori	x5,x21,670	 x21:0x04056000  x5=0x0405629e
      647989000	     32297	80006ea4	4606f093	andi	x1,x13,1120	 x13:0x00000000  x1=0x00000000
      648209000	     32308	80006ea8	141d4213	xori	x4,x26,321	 x26:0x80021e20  x4=0x80021f61
      648369000	     32316	80006eac	018d9d33	sll	x26,x27,x24	 x27:0xffffffff x24:0x00000000 x26=0xffffffff
      648809000	     32338	80006eb0	02c81833	mulh	x16,x16,x12	 x16:0xfffffbfb x12:0xee2dfe90 x16=0x00000047
      648949000	     32345	80006eb4	882d	c.andi	x8,11	  x8:0x00000001  x8=0x00000001
      648969000	     32346	80006eb6	00c70963	beq	x14,x12,80006ec8	 x14:0x00000000 x12:0xee2dfe90
      648989000	     32347	80006eba	9776	c.add	x14,x29	 x14:0x00000000 x29:0x00000000 x14=0x00000000
      649009000	     32348	80006ebc	0121ad33	slt	x26,x3,x18	  x3:0x00000000 x18:0x00000000 x26=0x00000000
      649029000	     32349	80006ec0	03f45563	bge	x8,x31,80006eea	  x8:0x00000001 x31:0x80025ce4
      649989000	     32397	80006eea	0361e463	bltu	x3,x22,80006f12	  x3:0x00000000 x22:0x00000001
      650989000	     32447	80006f12	013298b3	sll	x17,x5,x19	  x5:0x0405629e x19:0xffffffff x17=0x00000000
      651049000	     32450	80006f16	2fd3a893	slti	x17,x7,765	  x7:0xfffffe5d x17=0x00000001
      651129000	     32454	80006f1a	028d8a63	beq	x27,x8,80006f4e	 x27:0xffffffff  x8:0x00000001
      651149000	     32455	80006f1e	8619	c.srai	x12,0x6	 x12:0xee2dfe90 x12=0xffb8b7fa
      651169000	     32456	80006f20	0001	c.addi	x0,0	  x0:0x00000000  x0=0x00000000
      651209000	     32458	80006f22	036136b3	mulhu	x13,x2,x22	  x2:0x79ed0df8 x22:0x00000001 x13=0x00000000
      651229000	     32459	80006f26	41a65d93	srai	x27,x12,0x1a	 x12:0xffb8b7fa x27=0xffffffff
      651249000	     32460	80006f2a	40e387b3	sub	x15,x7,x14	  x7:0xfffffe5d x14:0x00000000 x15=0xfffffe5d
      651329000	     32464	80006f2e	c3377c93	andi	x25,x14,-973	 x14:0x00000000 x25=0x00000000
      651349000	     32465	80006f32	0000100f	fence.i	
      651909000	     32493	80006f36	e80d	c.bnez	x8,80006f68	  x8:0x00000001
      652029000	     32499	80006f68	02135e63	bge	x6,x1,80006fa4	  x6:0x00000000  x1:0x00000000
      652509000	     32523	80006fa4	00119393	slli	x7,x3,0x1	  x3:0x00000000  x7=0x00000000
      652869000	     32541	80006fa8	408ddeb3	sra	x29,x27,x8	 x27:0xffffffff  x8:0x00000001 x29=0xffffffff
      652989000	     32547	80006fac	03740463	beq	x8,x23,80006fd4	  x8:0x00000001 x23:0xfffff89f
      653109000	     32553	80006fb0	717d	c.addi16sp	x2,-16	  x2:0x79ed0df8  x2=0x79ed0de8
      653129000	     32554	80006fb2	4092d793	srai	x15,x5,0x9	  x5:0x0405629e x15=0x000202b1
      653329000	     32564	80006fb6	03ce8433	mul	x8,x29,x28	 x29:0xffffffff x28:0x00004000  x8=0xffffc000
      653449000	     32570	80006fba	0ff0000f	fence	iorw,iorw	
      653469000	     32571	80006fbe	0001	c.addi	x0,0	  x0:0x00000000  x0=0x00000000
      653869000	     32591	80006fc0	e299	c.bnez	x13,80006fc6	 x13:0x00000000
      654029000	     32599	80006fc2	00438eb3	add	x29,x7,x4	  x7:0x00000000  x4:0x80021f61 x29=0x80021f61
      654269000	     32611	80006fc6	01e0db13	srli	x22,x1,0x1e	  x1:0x00000000 x22=0x00000000
      654289000	     32612	80006fca	00631113	slli	x2,x6,0x6	  x6:0x00000000  x2=0x00000000
      654309000	     32613	80006fce	8b35	c.andi	x14,13	 x14:0x00000000 x14=0x00000000
      654329000	     32614	80006fd0	02f14163	blt	x2,x15,80006ff2	  x2:0x00000000 x15:0x000202b1
      654949000	     32645	80006ff2	846d	c.srai	x8,0x1b	  x8:0xffffc000  x8=0xffffffff
      655089000	     32652	80006ff4	50fd	c.li	x1,-1	  x1=0xffffffff
      655209000	     32658	80006ff6	0ff0000f	fence	iorw,iorw	
      655229000	     32659	80006ffa	02349363	bne	x9,x3,80007020	  x9:0xfffffe5c  x3:0x00000000
      655869000	     32691	80007020	020076b3	remu	x13,x0,x0	  x0:0x00000000  x0:0x00000000 x13=0x00000000
      656269000	     32711	80007024	97fe	c.add	x15,x31	 x15:0x000202b1 x31:0x80025ce4 x15=0x80045f95
      656589000	     32727	80007026	02d2c963	blt	x5,x13,80007058	  x5:0x0405629e x13:0x00000000
      656909000	     32743	8000702a	401e5e93	srai	x29,x28,0x1	 x28:0x00004000 x29=0x00002000
      656929000	     32744	8000702e	8cd1	c.or	x9,x12	  x9:0xfffffe5c x12:0xffb8b7fa  x9=0xfffffffe
      657289000	     32762	80007030	01cac263	blt	x21,x28,80007034	 x21:0x04056000 x28:0x00004000
      657309000	     32763	80007034	36b72693	slti	x13,x14,875	 x14:0x00000000 x13=0x00000001
      657329000	     32764	80007038	0061a633	slt	x12,x3,x6	  x3:0x00000000  x6:0x00000000 x12=0x00000000
      657349000	     32765	8000703c	0150e633	or	x12,x1,x21	  x1:0xffffffff x21:0x04056000 x12=0xffffffff
      657489000	     32772	80007040	01c66e63	bltu	x12,x28,8000705c	 x12:0xffffffff x28:0x00004000
      657609000	     32778	80007044	dec0cf13	xori	x30,x1,-532	  x1:0xffffffff x30=0x00000213
      657749000	     32785	80007048	ef85	c.bnez	x15,80007080	 x15:0x80045f95
      658229000	     32809	80007080	030f7e63	bgeu	x30,x16,800070bc	 x30:0x00000213 x16:0x00000047
      658829000	     32839	800070bc	e09d	c.bnez	x9,800070e2	  x9:0xfffffffe
      659389000	     32867	800070e2	8fe9	c.and	x15,x10	 x15:0x80045f95 x10:0x00000000 x15=0x00000000
      659409000	     32868	800070e4	02717393	andi	x7,x2,39	  x2:0x00000000  x7=0x00000000
      659749000	     32885	800070e8	00ded9b3	srl	x19,x29,x13	 x29:0x00002000 x13:0x00000001 x19=0x00001000
      659769000	     32886	800070ec	284ca097	auipc	x1,0x284ca	  x1=0xa84d10ec
      659929000	     32894	800070f0	94e2	c.add	x9,x24	  x9:0xfffffffe x24:0x00000000  x9=0xfffffffe
      660309000	     32913	800070f2	a83d8793	addi	x15,x27,-1405	 x27:0xffffffff x15=0xfffffa82
      660449000	     32920	800070f6	0c71a413	slti	x8,x3,199	  x3:0x00000000  x8=0x00000001
      660469000	     32921	800070fa	a0da6b97	auipc	x23,0xa0da6	 x23=0x20dad0fa
      660489000	     32922	800070fe	04ae	c.slli	x9,0xb	  x9:0xfffffffe  x9=0xfffff000
      660509000	     32923	80007100	0171fcb3	and	x25,x3,x23	  x3:0x00000000 x23:0x20dad0fa x25=0x00000000
      660529000	     32924	80007104	005f36b3	sltu	x13,x30,x5	 x30:0x00000213  x5:0x0405629e x13=0x00000001
      660649000	     32930	80007108	40635e93	srai	x29,x6,0x6	  x6:0x00000000 x29=0x00000000
      661389000	     32967	8000710c	02954d33	div	x26,x10,x9	 x10:0x00000000  x9:0xfffff000 x26=0x00000000
      661409000	     32968	80007110	014bf963	bgeu	x23,x20,80007122	 x23:0x20dad0fa x20:0xfffffe5d
      661429000	     32969	80007114	0001	c.addi	x0,0	  x0:0x00000000  x0=0x00000000
      661449000	     32970	80007116	7424a697	auipc	x13,0x7424a	 x13=0xf4251116
      661469000	     32971	8000711a	00af6863	bltu	x30,x10,8000712a	 x30:0x00000213 x10:0x00000000
      661489000	     32972	8000711e	0379d563	bge	x19,x23,80007148	 x19:0x00001000 x23:0x20dad0fa
      662229000	     33009	80007122	02145433	divu	x8,x8,x1	  x8:0x00000001  x1:0xa84d10ec  x8=0x00000000
      662249000	     33010	80007126	03598a63	beq	x19,x21,8000715a	 x19:0x00001000 x21:0x04056000
      662269000	     33011	8000712a	4211	c.li	x4,4	  x4=0x00000004
      662289000	     33012	8000712c	007f5033	srl	x0,x30,x7	 x30:0x00000213  x7:0x00000000  x0=0x00000000
      662309000	     33013	80007130	717d	c.addi16sp	x2,-16	  x2:0x00000000  x2=0xfffffff0
      662349000	     33015	80007132	0399fe33	remu	x28,x19,x25	 x19:0x00001000 x25:0x00000000 x28=0x00001000
      662369000	     33016	80007136	02ca9663	bne	x21,x12,80007162	 x21:0x04056000 x12:0xffffffff
      663069000	     33051	80007162	87ed	c.srai	x15,0x1b	 x15:0xfffffa82 x15=0xffffffff
      663089000	     33052	80007164	e009	c.bnez	x8,80007166	  x8:0x00000000
      663109000	     33053	80007166	4469	c.li	x8,26	  x8=0x0000001a
      663509000	     33073	80007168	636b2013	slti	x0,x22,1590	 x22:0x00000000  x0=0x00000000
      664249000	     33110	8000716c	025e5b33	divu	x22,x28,x5	 x28:0x00001000  x5:0x0405629e x22=0x00000000
      664269000	     33111	80007170	0001	c.addi	x0,0	  x0:0x00000000  x0=0x00000000
      664289000	     33112	80007172	9697ac13	slti	x24,x15,-1687	 x15:0xffffffff x24=0x00000000
      664329000	     33114	80007176	020a4233	div	x4,x20,x0	 x20:0xfffffe5d  x0:0x00000000  x4=0xffffffff
      664349000	     33115	8000717a	02ec1363	bne	x24,x14,800071a0	 x24:0x00000000 x14:0x00000000
      664369000	     33116	8000717e	83b1	c.srli	x15,0xc	 x15:0xffffffff x15=0x000fffff
      664389000	     33117	80007180	0193e7b3	or	x15,x7,x25	  x7:0x00000000 x25:0x00000000 x15=0x00000000
      664409000	     33118	80007184	81be	c.mv	x3,x15	  x0:0x00000000 x15:0x00000000  x3=0x00000000
      664429000	     33119	80007186	8fa1	c.xor	x15,x8	 x15:0x00000000  x8:0x0000001a x15=0x0000001a
      664549000	     33125	80007188	00e5d963	bge	x11,x14,8000719a	 x11:0x80021e20 x14:0x00000000
      664989000	     33147	8000718c	03713d33	mulhu	x26,x2,x23	  x2:0xfffffff0 x23:0x20dad0fa x26=0x20dad0f7
      665389000	     33167	80007190	031b08b3	mul	x17,x22,x17	 x22:0x00000000 x17:0x00000001 x17=0x00000000
      665809000	     33188	80007194	8c61	c.and	x8,x8	  x8:0x0000001a  x8:0x0000001a  x8=0x0000001a
      665829000	     33189	80007196	01226c33	or	x24,x4,x18	  x4:0xffffffff x18:0x00000000 x24=0xffffffff
      665849000	     33190	8000719a	c889	c.beqz	x9,800071ac	  x9:0xfffff000
      666169000	     33206	8000719c	02d937b3	mulhu	x15,x18,x13	 x18:0x00000000 x13:0xf4251116 x15=0x00000000
      666209000	     33208	800071a0	36107693	andi	x13,x0,865	  x0:0x00000000 x13=0x00000000
      666229000	     33209	800071a4	019211b3	sll	x3,x4,x25	  x4:0xffffffff x25:0x00000000  x3=0xffffffff
      666249000	     33210	800071a8	40cc53b3	sra	x7,x24,x12	 x24:0xffffffff x12:0xffffffff  x7=0xffffffff
      674809000	     33638	800071ac	038a72b3	remu	x5,x20,x24	 x20:0xfffffe5d x24:0xffffffff  x5=0xfffffe5d
      675549000	     33675	800071b0	03f97eb3	remu	x29,x18,x31	 x18:0x00000000 x31:0x80025ce4 x29=0x00000000
      675569000	     33676	800071b4	8e39	c.xor	x12,x14	 x12:0xffffffff x14:0x00000000 x12=0xffffffff
      675589000	     33677	800071b6	127d	c.addi	x4,-1	  x4:0xffffffff  x4=0xfffffffe
      675609000	     33678	800071b8	000ab2b3	sltu	x5,x21,x0	 x21:0x04056000  x0:0x00000000  x5=0x00000000
      675629000	     33679	800071bc	84c9	c.srai	x9,0x12	  x9:0xfffff000  x9=0xffffffff
      675649000	     33680	800071be	407c81b3	sub	x3,x25,x7	 x25:0x00000000  x7:0xffffffff  x3=0x00000001
      675669000	     33681	800071c2	00f6ec63	bltu	x13,x15,800071da	 x13:0x00000000 x15:0x00000000
      675849000	     33690	800071c6	a2a84713	xori	x14,x16,-1494	 x16:0x00000047 x14=0xfffffa6d
      675869000	     33691	800071ca	9bfd	c.andi	x15,-1	 x15:0x00000000 x15=0x00000000
      675889000	     33692	800071cc	cf91	c.beqz	x15,800071e8	 x15:0x00000000
      676149000	     33705	800071e8	c419	c.beqz	x8,800071f6	  x8:0x0000001a
      676569000	     33726	800071ea	0000100f	fence.i	
      677489000	     33772	800071ee	52c74e37	lui	x28,0x52c74	 x28=0x52c74000
      677509000	     33773	800071f2	0341fa63	bgeu	x3,x20,80007226	  x3:0x00000001 x20:0xfffffe5d
      677569000	     33776	800071f6	a1956093	ori	x1,x10,-1511	 x10:0x00000000  x1=0xfffffa19
      677989000	     33797	800071fa	0506c263	blt	x13,x16,8000723e	 x13:0x00000000 x16:0x00000047
      679609000	     33878	8000723e	035e4933	div	x18,x28,x21	 x28:0x52c74000 x21:0x04056000 x18=0x00000014
      679629000	     33879	80007242	8979	c.andi	x10,30	 x10:0x00000000 x10=0x00000000
      679649000	     33880	80007244	02dad963	bge	x21,x13,80007276	 x21:0x04056000 x13:0x00000000
      680909000	     33943	80007276	02426033	rem	x0,x4,x4	  x4:0xfffffffe  x4:0xfffffffe  x0=0x00000000
      680929000	     33944	8000727a	0000100f	fence.i	
      681789000	     33987	8000727e	41f05813	srai	x16,x0,0x1f	  x0:0x00000000 x16=0x00000000
      681809000	     33988	80007282	034789b3	mul	x19,x15,x20	 x15:0x00000000 x20:0xfffffe5d x19=0x00000000
      681849000	     33990	80007286	0219b9b3	mulhu	x19,x19,x1	 x19:0x00000000  x1:0xfffffa19 x19=0x00000000
      681869000	     33991	8000728a	8369	c.srli	x14,0x1a	 x14:0xfffffa6d x14=0x0000003f
      681889000	     33992	8000728c	f7b0ee93	ori	x29,x1,-133	  x1:0xfffffa19 x29=0xffffff7b
      681909000	     33993	80007290	8109	c.srli	x10,0x2	 x10:0x00000000 x10=0x00000000
      682269000	     34011	80007292	019b9613	slli	x12,x23,0x19	 x23:0x20dad0fa x12=0xf4000000
      682689000	     34032	80007296	021b5263	bge	x22,x1,800072ba	 x22:0x00000000  x1:0xfffffa19
      684029000	     34099	800072ba	0008f363	bgeu	x17,x0,800072c0	 x17:0x00000000  x0:0x00000000
      684809000	     34138	800072c0	abc20197	auipc	x3,0xabc20	  x3=0x2bc272c0
      685229000	     34159	800072c4	42d1	c.li	x5,20	  x5=0x00000014
      685249000	     34160	800072c6	c41d	c.beqz	x8,800072f4	  x8:0x0000001a
      685649000	     34180	800072c8	820d	c.srli	x12,0x3	 x12:0xf4000000 x12=0x1e800000
      685669000	     34181	800072ca	022b8533	mul	x10,x23,x2	 x23:0x20dad0fa  x2:0xfffffff0 x10=0xf252f060
      685689000	     34182	800072ce	ee91	c.bnez	x13,800072ea	 x13:0x00000000
      685709000	     34183	800072d0	00c46c33	or	x24,x8,x12	  x8:0x0000001a x12:0x1e800000 x24=0x1e80001a
      685729000	     34184	800072d4	0d08	c.addi4spn	x10,x2,656	 x10=0x00000280
      685749000	     34185	800072d6	0196ce63	blt	x13,x25,800072f2	 x13:0x00000000 x25:0x00000000
      685769000	     34186	800072da	03b16763	bltu	x2,x27,80007308	  x2:0xfffffff0 x27:0xffffffff
      686589000	     34227	80007308	03b3c8b3	div	x17,x7,x27	  x7:0xffffffff x27:0xffffffff x17=0x00000001
      686609000	     34228	8000730c	035a0cb3	mul	x25,x20,x21	 x20:0xfffffe5d x21:0x04056000 x25=0x6b33e000
      686629000	     34229	80007310	416f06b3	sub	x13,x30,x22	 x30:0x00000213 x22:0x00000000 x13=0x00000213
      686649000	     34230	80007314	002b7763	bgeu	x22,x2,80007322	 x22:0x00000000  x2:0xfffffff0
      686669000	     34231	80007318	938a	c.add	x7,x2	  x7:0xffffffff  x2:0xfffffff0  x7=0xffffffef
      686689000	     34232	8000731a	032c0c33	mul	x24,x24,x18	 x24:0x1e80001a x18:0x00000014 x24=0x62000208
      686729000	     34234	8000731e	0000100f	fence.i	
      686849000	     34240	80007322	03f1d163	bge	x3,x31,80007344	  x3:0x2bc272c0 x31:0x80025ce4
      687049000	     34250	80007344	418803b3	sub	x7,x16,x24	 x16:0x00000000 x24:0x62000208  x7=0x9dfffdf8
      687249000	     34260	80007348	04e67163	bgeu	x12,x14,8000738a	 x12:0x1e800000 x14:0x0000003f
      687629000	     34279	8000738a	e311	c.bnez	x14,8000738e	 x14:0x0000003f
      688569000	     34326	8000738e	035769b3	rem	x19,x14,x21	 x14:0x0000003f x21:0x04056000 x19=0x0000003f
      688589000	     34327	80007392	023a8563	beq	x21,x3,800073bc	 x21:0x04056000  x3:0x2bc272c0
      688609000	     34328	80007396	015afab3	and	x21,x21,x21	 x21:0x04056000 x21:0x04056000 x21=0x04056000
      689349000	     34365	8000739a	023ceeb3	rem	x29,x25,x3	 x25:0x6b33e000  x3:0x2bc272c0 x29=0x13aefa80
      690089000	     34402	8000739e	032be0b3	rem	x1,x23,x18	 x23:0x20dad0fa x18:0x00000014  x1=0x00000012
      690109000	     34403	800073a2	01d4d6b3	srl	x13,x9,x29	  x9:0xffffffff x29:0x13aefa80 x13=0xffffffff
      690129000	     34404	800073a6	8b8ecd13	xori	x26,x29,-1864	 x29:0x13aefa80 x26=0xec510238
      690149000	     34405	800073aa	004c1763	bne	x24,x4,800073b8	 x24:0x62000208  x4:0xfffffffe
      690229000	     34409	800073b8	867d	c.srai	x12,0x1f	 x12:0x1e800000 x12=0x00000000
      690249000	     34410	800073ba	0001	c.addi	x0,0	  x0:0x00000000  x0=0x00000000
      690349000	     34415	800073bc	00405133	srl	x2,x0,x4	  x0:0x00000000  x4:0xfffffffe  x2=0x00000000
      690469000	     34421	800073c0	00ee47b3	xor	x15,x28,x14	 x28:0x52c74000 x14:0x0000003f x15=0x52c7403f
      690589000	     34427	800073c4	02915b63	bge	x2,x9,800073fa	  x2:0x00000000  x9:0xffffffff
      691169000	     34456	800073fa	ecf8c8b7	lui	x17,0xecf8c	 x17=0xecf8c000
      691369000	     34466	800073fe	0ff0000f	fence	iorw,iorw	
      691549000	     34475	80007402	15478a37	lui	x20,0x15478	 x20=0x15478000
      691569000	     34476	80007406	0001	c.addi	x0,0	  x0:0x00000000  x0=0x00000000
      691969000	     34496	80007408	4bf30c93	addi	x25,x6,1215	  x6:0x00000000 x25=0x000004bf
      692389000	     34517	8000740c	6ad9	c.lui	x21,0x16	 x21=0x00016000
      692829000	     34539	8000740e	035faeb3	mulhsu	x29,x31,x21	 x31:0x80025ce4 x21:0x00016000 x29=0xffff5003
      692949000	     34545	80007412	03b89cb3	mulh	x25,x17,x27	 x17:0xecf8c000 x27:0xffffffff x25=0x00000000
      692989000	     34547	80007416	02b5abb3	mulhsu	x23,x11,x11	 x11:0x80021e20 x11:0x80021e20 x23=0xc0000004
      693009000	     34548	8000741a	8f31	c.xor	x14,x12	 x14:0x0000003f x12:0x00000000 x14=0x0000003f
      693029000	     34549	8000741c	9c42	c.add	x24,x16	 x24:0x62000208 x16:0x00000000 x24=0x62000208
      693049000	     34550	8000741e	8c15	c.sub	x8,x13	  x8:0x0000001a x13:0xffffffff  x8=0x0000001b
      693069000	     34551	80007420	01a08a33	add	x20,x1,x26	  x1:0x00000012 x26:0xec510238 x20=0xec51024a
      693089000	     34552	80007424	03620db3	mul	x27,x4,x22	  x4:0xfffffffe x22:0x00000000 x27=0x00000000
      693229000	     34559	80007428	40aa5033	sra	x0,x20,x10	 x20:0xec51024a x10:0x00000280  x0=0x00000000
      693269000	     34561	8000742c	8136	c.mv	x2,x13	  x0:0x00000000 x13:0xffffffff  x2=0xffffffff
      693469000	     34571	8000742e	0ff0000f	fence	iorw,iorw	
      693609000	     34578	80007432	02b239b3	mulhu	x19,x4,x11	  x4:0xfffffffe x11:0x80021e20 x19=0x80021e1e
      693849000	     34590	80007436	01bb9033	sll	x0,x23,x27	 x23:0xc0000004 x27:0x00000000  x0=0x00000000
      693869000	     34591	8000743a	00573833	sltu	x16,x14,x5	 x14:0x0000003f  x5:0x00000014 x16=0x00000000
      693889000	     34592	8000743e	016f5813	srli	x16,x30,0x16	 x30:0x00000213 x16=0x00000000
      693929000	     34594	80007442	0098ebb3	or	x23,x17,x9	 x17:0xecf8c000  x9:0xffffffff x23=0xffffffff
      693949000	     34595	80007446	8fcd	c.or	x15,x11	 x15:0x52c7403f x11:0x80021e20 x15=0xd2c75e3f
      694349000	     34615	80007448	69254513	xori	x10,x10,1682	 x10:0x00000280 x10=0x00000412
      694369000	     34616	8000744c	6c3d	c.lui	x24,0xf	 x24=0x0000f000
      694509000	     34623	8000744e	3d3dc393	xori	x7,x27,979	 x27:0x00000000  x7=0x000003d3
      694529000	     34624	80007452	0ff0000f	fence	iorw,iorw	
      694549000	     34625	80007456	8f1d	c.sub	x14,x15	 x14:0x0000003f x15:0xd2c75e3f x14=0x2d38a200
      694949000	     34645	80007458	415254b3	sra	x9,x4,x21	  x4:0xfffffffe x21:0x00016000  x9=0xfffffffe
      695049000	     34650	8000745c	ce19	c.beqz	x12,8000747a	 x12:0x00000000
      695609000	     34678	8000747a	8171	c.srli	x10,0x1c	 x10:0x00000412 x10=0x00000000
      695629000	     34679	8000747c	8c2d	c.xor	x8,x11	  x8:0x0000001b x11:0x80021e20  x8=0x80021e3b
      695809000	     34688	8000747e	02b11b33	mulh	x22,x2,x11	  x2:0xffffffff x11:0x80021e20 x22=0x00000000
      695829000	     34689	80007482	005ffbb3	and	x23,x31,x5	 x31:0x80025ce4  x5:0x00000014 x23=0x00000004
      695849000	     34690	80007486	8ae1	c.andi	x13,24	 x13:0xffffffff x13=0x00000018
      696589000	     34727	80007488	03e5f433	remu	x8,x11,x30	 x11:0x80021e20 x30:0x00000213  x8=0x0000016e
      696609000	     34728	8000748c	4e0b4693	xori	x13,x22,1248	 x22:0x00000000 x13=0x000004e0
      696629000	     34729	80007490	0118bbb3	sltu	x23,x17,x17	 x17:0xecf8c000 x17:0xecf8c000 x23=0x00000000
      696649000	     34730	80007494	c61c1e97	auipc	x29,0xc61c1	 x29=0x461c8494
      696669000	     34731	80007498	00314db3	xor	x27,x2,x3	  x2:0xffffffff  x3:0x2bc272c0 x27=0xd43d8d3f
      696689000	     34732	8000749c	405a5f33	sra	x30,x20,x5	 x20:0xec51024a  x5:0x00000014 x30=0xfffffec5
      696789000	     34737	800074a0	03dc9b63	bne	x25,x29,800074d6	 x25:0x00000000 x29:0x461c8494
      697829000	     34789	800074d6	402f8433	sub	x8,x31,x2	 x31:0x80025ce4  x2:0xffffffff  x8=0x80025ce5
      698089000	     34802	800074da	033dee63	bltu	x27,x19,80007516	 x27:0xd43d8d3f x19:0x80021e1e
      698109000	     34803	800074de	0000100f	fence.i	
      698609000	     34828	800074e2	006de133	or	x2,x27,x6	 x27:0xd43d8d3f  x6:0x00000000  x2=0xd43d8d3f
      698789000	     34837	800074e6	40b152b3	sra	x5,x2,x11	  x2:0xd43d8d3f x11:0x80021e20  x5=0xd43d8d3f
      698809000	     34838	800074ea	4aa5	c.li	x21,9	 x21=0x00000009
      699209000	     34858	800074ec	01c404b3	add	x9,x8,x28	  x8:0x80025ce5 x28:0x52c74000  x9=0xd2c99ce5
      699249000	     34860	800074f0	01a0e863	bltu	x1,x26,80007500	  x1:0x00000012 x26:0xec510238
      699569000	     34876	80007500	00624e33	xor	x28,x4,x6	  x4:0xfffffffe  x6:0x00000000 x28=0xfffffffe
      700309000	     34913	80007504	03a463b3	rem	x7,x8,x26	  x8:0x80025ce5 x26:0xec510238  x7=0xf61c4f95
      700329000	     34914	80007508	cc01	c.beqz	x8,80007520	  x8:0x80025ce5
      700349000	     34915	8000750a	bf100913	addi	x18,x0,-1039	  x0:0x00000000 x18=0xfffffbf1
      700369000	     34916	8000750e	8c79	c.and	x8,x14	  x8:0x80025ce5 x14:0x2d38a200  x8=0x00000000
      701249000	     34960	80007510	03fce833	rem	x16,x25,x31	 x25:0x00000000 x31:0x80025ce4 x16=0x00000000
      701269000	     34961	80007514	58fd	c.li	x17,-1	 x17=0xffffffff
      701289000	     34962	80007516	499d	c.li	x19,7	 x19=0x00000007
      701309000	     34963	80007518	00726433	or	x8,x4,x7	  x4:0xfffffffe  x7:0xf61c4f95  x8=0xffffffff
      701329000	     34964	8000751c	419d8a33	sub	x20,x27,x25	 x27:0xd43d8d3f x25:0x00000000 x20=0xd43d8d3f
      701349000	     34965	80007520	92ae	c.add	x5,x11	  x5:0xd43d8d3f x11:0x80021e20  x5=0x543fab5f
      701369000	     34966	80007522	8c61	c.and	x8,x8	  x8:0xffffffff  x8:0xffffffff  x8=0xffffffff
      701389000	     34967	80007524	0001	c.addi	x0,0	  x0:0x00000000  x0=0x00000000
      701409000	     34968	80007526	8f6d	c.and	x14,x11	 x14:0x2d38a200 x11:0x80021e20 x14=0x00000200
      701429000	     34969	80007528	8a4d	c.andi	x12,19	 x12:0x00000000 x12=0x00000000
      701449000	     34970	8000752a	8efd	c.and	x13,x15	 x13:0x000004e0 x15:0xd2c75e3f x13=0x00000420
      701929000	     34994	8000752c	010f5c33	srl	x24,x30,x16	 x30:0xfffffec5 x16:0x00000000 x24=0xfffffec5
      702349000	     35015	80007530	8ff9	c.and	x15,x14	 x15:0xd2c75e3f x14:0x00000200 x15=0x00000200
      702649000	     35030	80007532	7787fa13	andi	x20,x15,1912	 x15:0x00000200 x20=0x00000200
      702669000	     35031	80007536	00da	c.slli	x1,0x16	  x1:0x00000012  x1=0x04800000
      703069000	     35051	80007538	8c8d	c.sub	x9,x11	  x9:0xd2c99ce5 x11:0x80021e20  x9=0x52c77ec5
      703089000	     35052	8000753a	006a1c63	bne	x20,x6,80007552	 x20:0x00000200  x6:0x00000000
      703689000	     35082	80007552	0ff0000f	fence	iorw,iorw	
      704109000	     35103	80007556	03326363	bltu	x4,x19,8000757c	  x4:0xfffffffe x19:0x00000007
      704529000	     35124	8000755a	00b4beb3	sltu	x29,x9,x11	  x9:0x52c77ec5 x11:0x80021e20 x29=0x00000001
      704549000	     35125	8000755e	4679	c.li	x12,30	 x12=0x0000001e
      704589000	     35127	80007560	037a3db3	mulhu	x27,x20,x23	 x20:0x00000200 x23:0x00000000 x27=0x00000000
      704889000	     35142	80007564	0001	c.addi	x0,0	  x0:0x00000000  x0=0x00000000
      705109000	     35153	80007566	0387a733	mulhsu	x14,x15,x24	 x15:0x00000200 x24:0xfffffec5 x14=0x000001ff
      705509000	     35173	8000756a	00114b33	xor	x22,x2,x1	  x2:0xd43d8d3f  x1:0x04800000 x22=0xd0bd8d3f
      705929000	     35194	8000756e	01b49a13	slli	x20,x9,0x1b	  x9:0x52c77ec5 x20=0x28000000
      705949000	     35195	80007572	557d	c.li	x10,-1	 x10=0xffffffff
      706029000	     35199	80007574	03102733	mulhsu	x14,x0,x17	  x0:0x00000000 x17:0xffffffff x14=0x00000000
      706289000	     35212	80007578	002a8eb3	add	x29,x21,x2	 x21:0x00000009  x2:0xd43d8d3f x29=0xd43d8d48
      706649000	     35230	8000757c	00cf2cb3	slt	x25,x30,x12	 x30:0xfffffec5 x12:0x0000001e x25=0x00000001
      706749000	     35235	80007580	026ed763	bge	x29,x6,800075ae	 x29:0xd43d8d48  x6:0x00000000
      706869000	     35241	80007584	19cf8f13	addi	x30,x31,412	 x31:0x80025ce4 x30=0x80025e80
      706989000	     35247	80007588	0a3e	c.slli	x20,0xf	 x20:0x28000000 x20=0x00000000
      707409000	     35268	8000758a	00747263	bgeu	x8,x7,8000758e	  x8:0xffffffff  x7:0xf61c4f95
      707629000	     35279	8000758e	017b5c93	srli	x25,x22,0x17	 x22:0xd0bd8d3f x25=0x000001a1
      707649000	     35280	80007592	8e91	c.sub	x13,x12	 x13:0x00000420 x12:0x0000001e x13=0x00000402
      707669000	     35281	80007594	01459a93	slli	x21,x11,0x14	 x11:0x80021e20 x21=0xe2000000
      707969000	     35296	80007598	0ff0000f	fence	iorw,iorw	
      707989000	     35297	8000759c	03050bb3	mul	x23,x10,x16	 x10:0xffffffff x16:0x00000000 x23=0x00000000
      708009000	     35298	800075a0	8bd98c13	addi	x24,x19,-1859	 x19:0x00000007 x24=0xfffff8c4
      708029000	     35299	800075a4	00f80c33	add	x24,x16,x15	 x16:0x00000000 x15:0x00000200 x24=0x00000200
      708049000	     35300	800075a8	8071	c.srli	x8,0x1c	  x8:0xffffffff  x8=0x0000000f
      708969000	     35346	800075aa	03f96733	rem	x14,x18,x31	 x18:0xfffffbf1 x31:0x80025ce4 x14=0xfffffbf1
      708989000	     35347	800075ae	01fb3933	sltu	x18,x22,x31	 x22:0xd0bd8d3f x31:0x80025ce4 x18=0x00000000
      709009000	     35348	800075b2	010a7cb3	and	x25,x20,x16	 x20:0x00000000 x16:0x00000000 x25=0x00000000
      709029000	     35349	800075b6	abbd0293	addi	x5,x26,-1349	 x26:0xec510238  x5=0xec50fcf3
      709049000	     35350	800075ba	0a3a4137	lui	x2,0xa3a4	  x2=0x0a3a4000
      709069000	     35351	800075be	8b766493	ori	x9,x12,-1865	 x12:0x0000001e  x9=0xfffff8bf
      709089000	     35352	800075c2	e619	c.bnez	x12,800075d0	 x12:0x0000001e
      709549000	     35375	800075d0	8d7a	c.mv	x26,x30	  x0:0x00000000 x30:0x80025e80 x26=0x80025e80
      709749000	     35385	800075d2	58587813	andi	x16,x16,1413	 x16:0x00000000 x16=0x00000000
      709789000	     35387	800075d6	41d10433	sub	x8,x2,x29	  x2:0x0a3a4000 x29:0xd43d8d48  x8=0x35fcb2b8
      709889000	     35392	800075da	00181033	sll	x0,x16,x1	 x16:0x00000000  x1:0x04800000  x0=0x00000000
      710009000	     35398	800075de	412e52b3	sra	x5,x28,x18	 x28:0xfffffffe x18:0x00000000  x5=0xfffffffe
      710029000	     35399	800075e2	157d	c.addi	x10,-1	 x10:0xffffffff x10=0xfffffffe
      710169000	     35406	800075e4	02d50cb3	mul	x25,x10,x13	 x10:0xfffffffe x13:0x00000402 x25=0xfffff7fc
      710909000	     35443	800075e8	031e5cb3	divu	x25,x28,x17	 x28:0xfffffffe x17:0xffffffff x25=0x00000000
      721229000	     35959	800075ec	8f73aa13	slti	x20,x7,-1801	  x7:0xf61c4f95 x20=0x00000001
      721249000	     35960	800075f0	00f4cd33	xor	x26,x9,x15	  x9:0xfffff8bf x15:0x00000200 x26=0xfffffabf
      721289000	     35962	800075f4	038b1233	mulh	x4,x22,x24	 x22:0xd0bd8d3f x24:0x00000200  x4=0xffffffa1
      721309000	     35963	800075f8	8005	c.srli	x8,0x1	  x8:0x35fcb2b8  x8=0x1afe595c
      721329000	     35964	800075fa	00e24933	xor	x18,x4,x14	  x4:0xffffffa1 x14:0xfffffbf1 x18=0x00000450
      721349000	     35965	800075fe	02d71663	bne	x14,x13,8000762a	 x14:0xfffffbf1 x13:0x00000402
      721869000	     35991	8000762a	0288c563	blt	x17,x8,80007654	 x17:0xffffffff  x8:0x1afe595c
      722489000	     36022	80007654	01b73db3	sltu	x27,x14,x27	 x14:0xfffffbf1 x27:0x00000000 x27=0x00000000
      722529000	     36024	80007658	0001	c.addi	x0,0	  x0:0x00000000  x0=0x00000000
      722549000	     36025	8000765a	717d	c.addi16sp	x2,-16	  x2:0x0a3a4000  x2=0x0a3a3ff0
      722969000	     36046	8000765c	03952733	mulhsu	x14,x10,x25	 x10:0xfffffffe x25:0x00000000 x14=0x00000000
      723369000	     36066	80007660	0001	c.addi	x0,0	  x0:0x00000000  x0=0x00000000
      723409000	     36068	80007662	0261d3b3	divu	x7,x3,x6	  x3:0x2bc272c0  x6:0x00000000  x7=0xffffffff
      723469000	     36071	80007666	026d9633	mulh	x12,x27,x6	 x27:0x00000000  x6:0x00000000 x12=0x00000000
      723529000	     36074	8000766a	0ff0000f	fence	iorw,iorw	
      723949000	     36095	8000766e	cf7a8493	addi	x9,x21,-777	 x21:0xe2000000  x9=0xe1fffcf7
      724829000	     36139	80007672	02aec0b3	div	x1,x29,x10	 x29:0xd43d8d48 x10:0xfffffffe  x1=0x15e1395c
      724849000	     36140	80007676	8fbd	c.xor	x15,x15	 x15:0x00000200 x15:0x00000200 x15=0x00000000
      724869000	     36141	80007678	00359113	slli	x2,x11,0x3	 x11:0x80021e20  x2=0x0010f100
      724969000	     36146	8000767c	02f5ad33	mulhsu	x26,x11,x15	 x11:0x80021e20 x15:0x00000000 x26=0x00000000
      724989000	     36147	80007680	0148bbb3	sltu	x23,x17,x20	 x17:0xffffffff x20:0x00000001 x23=0x00000000
      725009000	     36148	80007684	b2fbb697	auipc	x13,0xb2fbb	 x13=0x32fc2684
      725409000	     36168	80007688	00118133	add	x2,x3,x1	  x3:0x2bc272c0  x1:0x15e1395c  x2=0x41a3ac1c
      725509000	     36173	8000768c	030e4f33	div	x30,x28,x16	 x28:0xfffffffe x16:0x00000000 x30=0xffffffff
      725829000	     36189	80007690	0281c963	blt	x3,x8,800076c2	  x3:0x2bc272c0  x8:0x1afe595c
      725849000	     36190	80007694	f8960f17	auipc	x30,0xf8960	 x30=0x78967694
      726009000	     36198	80007698	13fd	c.addi	x7,-1	  x7:0xffffffff  x7=0xfffffffe
      726029000	     36199	8000769a	8d7c0793	addi	x15,x24,-1833	 x24:0x00000200 x15=0xfffffad7
      726049000	     36200	8000769e	017b5513	srli	x10,x22,0x17	 x22:0xd0bd8d3f x10=0x000001a1
      726309000	     36213	800076a2	742d1817	auipc	x16,0x742d1	 x16=0xf42d86a2
      726749000	     36235	800076a6	037cb133	mulhu	x2,x25,x23	 x25:0x00000000 x23:0x00000000  x2=0x00000000
      726769000	     36236	800076aa	0b4e	c.slli	x22,0x13	 x22:0xd0bd8d3f x22=0x69f80000
      726789000	     36237	800076ac	8f31	c.xor	x14,x12	 x14:0x00000000 x12:0x00000000 x14=0x00000000
      726809000	     36238	800076ae	1d04	c.addi4spn	x9,x2,688	  x9=0x000002b0
      726829000	     36239	800076b0	40dd6493	ori	x9,x26,1037	 x26:0x00000000  x9=0x0000040d
      726849000	     36240	800076b4	0001	c.addi	x0,0	  x0:0x00000000  x0=0x00000000
      726869000	     36241	800076b6	d12ee613	ori	x12,x29,-750	 x29:0xd43d8d48 x12=0xfffffd5a
      726889000	     36242	800076ba	59fd	c.li	x19,-1	 x19=0xffffffff
      726909000	     36243	800076bc	4f2d	c.li	x30,11	 x30=0x0000000b
      726929000	     36244	800076be	00251433	sll	x8,x10,x2	 x10:0x000001a1  x2:0x00000000  x8=0x000001a1
      726969000	     36246	800076c2	02411633	mulh	x12,x2,x4	  x2:0x00000000  x4:0xffffffa1 x12=0x00000000
      726989000	     36247	800076c6	9b52	c.add	x22,x20	 x22:0x69f80000 x20:0x00000001 x22=0x69f80001
      727009000	     36248	800076c8	9b544093	xori	x1,x8,-1611	  x8:0x000001a1  x1=0xfffff814
      727149000	     36255	800076cc	c405	c.beqz	x8,800076f4	  x8:0x000001a1
      727329000	     36264	800076ce	023eb0b3	mulhu	x1,x29,x3	 x29:0xd43d8d48  x3:0x2bc272c0  x1=0x24478c82
      727349000	     36265	800076d2	80ce	c.mv	x1,x19	  x0:0x00000000 x19:0xffffffff  x1=0xffffffff
      727729000	     36284	800076d4	01a8f4b3	and	x9,x17,x26	 x17:0xffffffff x26:0x00000000  x9=0x00000000
      727829000	     36289	800076d8	8fd5	c.or	x15,x13	 x15:0xfffffad7 x13:0x32fc2684 x15=0xfffffed7
      727849000	     36290	800076da	0093b633	sltu	x12,x7,x9	  x7:0xfffffffe  x9:0x00000000 x12=0x00000000
      727869000	     36291	800076de	021b7a63	bgeu	x22,x1,80007712	 x22:0x69f80001  x1:0xffffffff
      728149000	     36305	800076e2	01ed30b3	sltu	x1,x26,x30	 x26:0x00000000 x30:0x0000000b  x1=0x00000001
      728169000	     36306	800076e6	8e61	c.and	x12,x8	 x12:0x00000000  x8:0x000001a1 x12=0x00000000
      728909000	     36343	800076e8	03e47b33	remu	x22,x8,x30	  x8:0x000001a1 x30:0x0000000b x22=0x0000000a
      728929000	     36344	800076ec	03fb7863	bgeu	x22,x31,8000771c	 x22:0x0000000a x31:0x80025ce4
      729669000	     36381	800076f0	03245db3	divu	x27,x8,x18	  x8:0x000001a1 x18:0x00000450 x27=0x00000000
      729709000	     36383	800076f4	020ed8b3	divu	x17,x29,x0	 x29:0xd43d8d48  x0:0x00000000 x17=0xffffffff
      729729000	     36384	800076f8	0283ca63	blt	x7,x8,8000772c	  x7:0xfffffffe  x8:0x000001a1
      730869000	     36441	8000772c	00af8ab3	add	x21,x31,x10	 x31:0x80025ce4 x10:0x000001a1 x21=0x80025e85
      731309000	     36463	80007730	8ead	c.xor	x13,x11	 x13:0x32fc2684 x11:0x80021e20 x13=0xb2fe38a4
      731329000	     36464	80007732	0001	c.addi	x0,0	  x0:0x00000000  x0=0x00000000
      731409000	     36468	80007734	1604	c.addi4spn	x9,x2,800	  x9=0x00000320
      731549000	     36475	80007736	01f11913	slli	x18,x2,0x1f	  x2:0x00000000 x18=0x00000000
      731569000	     36476	8000773a	83b5	c.srli	x15,0xd	 x15:0xfffffed7 x15=0x0007ffff
      731589000	     36477	8000773c	01221633	sll	x12,x4,x18	  x4:0xffffffa1 x18:0x00000000 x12=0xffffffa1
      731609000	     36478	80007740	0001	c.addi	x0,0	  x0:0x00000000  x0=0x00000000
      731629000	     36479	80007742	547d	c.li	x8,-1	  x8=0xffffffff
      731729000	     36484	80007744	00598d33	add	x26,x19,x5	 x19:0xffffffff  x5:0xfffffffe x26=0xfffffffd
      731749000	     36485	80007748	012d43b3	xor	x7,x26,x18	 x26:0xfffffffd x18:0x00000000  x7=0xfffffffd
      731769000	     36486	8000774c	026282b3	mul	x5,x5,x6	  x5:0xfffffffe  x6:0x00000000  x5=0x00000000
      731869000	     36491	80007750	014fbf33	sltu	x30,x31,x20	 x31:0x80025ce4 x20:0x00000001 x30=0x00000000
      731889000	     36492	80007754	1508	c.addi4spn	x10,x2,672	 x10=0x000002a0
      731909000	     36493	80007756	0a88	c.addi4spn	x10,x2,336	 x10=0x00000150
      731969000	     36496	80007758	044de163	bltu	x27,x4,8000779a	 x27:0x00000000  x4:0xffffffa1
      732669000	     36531	8000779a	02de27b3	mulhsu	x15,x28,x13	 x28:0xfffffffe x13:0xb2fe38a4 x15=0xfffffffe
      732689000	     36532	8000779e	1d1ce493	ori	x9,x25,465	 x25:0x00000000  x9=0x000001d1
      732709000	     36533	800077a2	8f4a	c.mv	x30,x18	  x0:0x00000000 x18:0x00000000 x30=0x00000000
      732889000	     36542	800077a4	83b9	c.srli	x15,0xe	 x15:0xfffffffe x15=0x0003ffff
      733829000	     36589	800077a6	02f5e133	rem	x2,x11,x15	 x11:0x80021e20 x15:0x0003ffff  x2=0xfffdfe21
      733869000	     36591	800077aa	0374a3b3	mulhsu	x7,x9,x23	  x9:0x000001d1 x23:0x00000000  x7=0x00000000
      733889000	     36592	800077ae	09cb7f37	lui	x30,0x9cb7	 x30=0x09cb7000
      733909000	     36593	800077b2	c4ec7617	auipc	x12,0xc4ec7	 x12=0x44ece7b2
      733929000	     36594	800077b6	e2952f13	slti	x30,x10,-471	 x10:0x00000150 x30=0x00000000
      733949000	     36595	800077ba	03e29463	bne	x5,x30,800077e2	  x5:0x00000000 x30:0x00000000
      734189000	     36607	800077be	025b5463	bge	x22,x5,800077e6	 x22:0x0000000a  x5:0x00000000
      735429000	     36669	800077e6	615d	c.addi16sp	x2,432	  x2:0xfffdfe21  x2=0xfffdffd1
      736009000	     36698	800077e8	417989b3	sub	x19,x19,x23	 x19:0xffffffff x23:0x00000000 x19=0xffffffff
      736809000	     36738	800077ec	03006cb3	rem	x25,x0,x16	  x0:0x00000000 x16:0xf42d86a2 x25=0x00000000
      736829000	     36739	800077f0	014b80b3	add	x1,x23,x20	 x23:0x00000000 x20:0x00000001  x1=0x00000001
      736849000	     36740	800077f4	9846	c.add	x16,x17	 x16:0xf42d86a2 x17:0xffffffff x16=0xf42d86a1
      736869000	     36741	800077f6	004253b3	srl	x7,x4,x4	  x4:0xffffffa1  x4:0xffffffa1  x7=0x7fffffd0
      736889000	     36742	800077fa	8661	c.srai	x12,0x18	 x12:0x44ece7b2 x12=0x00000044
      736929000	     36744	800077fc	80a5	c.srli	x9,0x9	  x9:0x000001d1  x9=0x00000000
      736989000	     36747	800077fe	037c3c33	mulhu	x24,x24,x23	 x24:0x00000200 x23:0x00000000 x24=0x00000000
      737009000	     36748	80007802	0bfb3a93	sltiu	x21,x22,191	 x22:0x0000000a x21=0x00000001
      737029000	     36749	80007806	031b1363	bne	x22,x17,8000782c	 x22:0x0000000a x17:0xffffffff
      737529000	     36774	8000782c	037bf533	remu	x10,x23,x23	 x23:0x00000000 x23:0x00000000 x10=0x00000000
      737609000	     36778	80007830	0ff0000f	fence	iorw,iorw	
      737709000	     36783	80007834	8271	c.srli	x12,0x1c	 x12:0x00000044 x12=0x00000000
      737729000	     36784	80007836	9c92	c.add	x25,x4	 x25:0x00000000  x4:0xffffffa1 x25=0xffffffa1
      738469000	     36821	80007838	0344c9b3	div	x19,x9,x20	  x9:0x00000000 x20:0x00000001 x19=0x00000000
      738489000	     36822	8000783c	41efd893	srai	x17,x31,0x1e	 x31:0x80025ce4 x17=0xfffffffe
      738509000	     36823	80007840	3cdeac93	slti	x25,x29,973	 x29:0xd43d8d48 x25=0x00000001
      738529000	     36824	80007844	016fc833	xor	x16,x31,x22	 x31:0x80025ce4 x22:0x0000000a x16=0x80025cee
      738549000	     36825	80007848	019569b3	or	x19,x10,x25	 x10:0x00000000 x25:0x00000001 x19=0x00000001
      738809000	     36838	8000784c	01071a33	sll	x20,x14,x16	 x14:0x00000000 x16:0x80025cee x20=0x00000000
      739109000	     36853	80007850	0ff0000f	fence	iorw,iorw	
      739129000	     36854	80007854	8831	c.andi	x8,12	  x8:0xffffffff  x8=0x0000000c
      739149000	     36855	80007856	8f65	c.and	x14,x9	 x14:0x00000000  x9:0x00000000 x14=0x00000000
      739169000	     36856	80007858	01ac7363	bgeu	x24,x26,8000785e	 x24:0x00000000 x26:0xfffffffd
      739189000	     36857	8000785c	40e1	c.li	x1,24	  x1=0x00000018
      739209000	     36858	8000785e	0001	c.addi	x0,0	  x0:0x00000000  x0=0x00000000
      739249000	     36860	80007860	034aa633	mulhsu	x12,x21,x20	 x21:0x00000001 x20:0x00000000 x12=0x00000000
      739269000	     36861	80007864	0083f4b3	and	x9,x7,x8	  x7:0x7fffffd0  x8:0x0000000c  x9=0x00000000
      739329000	     36864	80007868	cd05	c.beqz	x10,800078a0	 x10:0x00000000
      740029000	     36899	800078a0	019dc933	xor	x18,x27,x25	 x27:0x00000000 x25:0x00000001 x18=0x00000001
      740469000	     36921	800078a4	0208aa33	mulhsu	x20,x17,x0	 x17:0xfffffffe  x0:0x00000000 x20=0x00000000
      740669000	     36931	800078a8	0ff0000f	fence	iorw,iorw	
      740689000	     36932	800078ac	036edb63	bge	x29,x22,800078e2	 x29:0xd43d8d48 x22:0x0000000a
      740729000	     36934	800078b0	0001	c.addi	x0,0	  x0:0x00000000  x0=0x00000000
      740869000	     36941	800078b2	01ae2bb3	slt	x23,x28,x26	 x28:0xfffffffe x26:0xfffffffd x23=0x00000000
      740889000	     36942	800078b6	8c49	c.or	x8,x10	  x8:0x0000000c x10:0x00000000  x8=0x0000000c
      740909000	     36943	800078b8	8c1d	c.sub	x8,x15	  x8:0x0000000c x15:0x0003ffff  x8=0xfffc000d
      740929000	     36944	800078ba	030a8763	beq	x21,x16,800078e8	 x21:0x00000001 x16:0x80025cee
      741169000	     36956	800078be	03a50563	beq	x10,x26,800078e8	 x10:0x00000000 x26:0xfffffffd
      741189000	     36957	800078c2	0001	c.addi	x0,0	  x0:0x00000000  x0=0x00000000
      741349000	     36965	800078c4	00215d33	srl	x26,x2,x2	  x2:0xfffdffd1  x2:0xfffdffd1 x26=0x00007ffe
      741389000	     36967	800078c8	13402e93	slti	x29,x0,308	  x0:0x00000000 x29=0x00000001
      741689000	     36982	800078cc	0025b9b3	sltu	x19,x11,x2	 x11:0x80021e20  x2:0xfffdffd1 x19=0x00000001
      741809000	     36988	800078d0	03bc8533	mul	x10,x25,x27	 x25:0x00000001 x27:0x00000000 x10=0x00000000
      741869000	     36991	800078d4	6135	c.addi16sp	x2,352	  x2:0xfffdffd1  x2=0xfffe0131
      741909000	     36993	800078d6	03ecdcb3	divu	x25,x25,x30	 x25:0x00000001 x30:0x00000000 x25=0xffffffff
      741929000	     36994	800078da	02518d63	beq	x3,x5,80007914	  x3:0x2bc272c0  x5:0x00000000
      741949000	     36995	800078de	845a	c.mv	x8,x22	  x0:0x00000000 x22:0x0000000a  x8=0x0000000a
      741969000	     36996	800078e0	950a	c.add	x10,x2	 x10:0x00000000  x2:0xfffe0131 x10=0xfffe0131
      741989000	     36997	800078e2	9bfd	c.andi	x15,-1	 x15:0x0003ffff x15=0x0003ffff
      742009000	     36998	800078e4	b4ead537	lui	x10,0xb4ead	 x10=0xb4ead000
      742129000	     37004	800078e8	02970b33	mul	x22,x14,x9	 x14:0x00000000  x9:0x00000000 x22=0x00000000
      742289000	     37012	800078ec	032081b3	mul	x3,x1,x18	  x1:0x00000018 x18:0x00000001  x3=0x00000018
      742309000	     37013	800078f0	c791	c.beqz	x15,800078fc	 x15:0x0003ffff
      742329000	     37014	800078f2	0001	c.addi	x0,0	  x0:0x00000000  x0=0x00000000
      742349000	     37015	800078f4	025ad263	bge	x21,x5,80007918	 x21:0x00000001  x5:0x00000000
      742989000	     37047	80007918	63fd	c.lui	x7,0x1f	  x7=0x0001f000
      743009000	     37048	8000791a	542a0a37	lui	x20,0x542a0	 x20=0x542a0000
      743049000	     37050	8000791e	01d79733	sll	x14,x15,x29	 x15:0x0003ffff x29:0x00000001 x14=0x0007fffe
      743209000	     37058	80007922	02cb7663	bgeu	x22,x12,8000794e	 x22:0x00000000 x12:0x00000000
      757989000	     37797	8000794e	b27cec13	ori	x24,x25,-1241	 x25:0xffffffff x24=0xffffffff
      758009000	     37798	80007952	8d41	c.or	x10,x8	 x10:0xb4ead000  x8:0x0000000a x10=0xb4ead00a
      758029000	     37799	80007954	01fa0863	beq	x20,x31,80007964	 x20:0x542a0000 x31:0x80025ce4
      758049000	     37800	80007958	53e78a17	auipc	x20,0x53e78	 x20=0xd3e7f958
      758069000	     37801	8000795c	12fd	c.addi	x5,-1	  x5:0x00000000  x5=0xffffffff
      758209000	     37808	8000795e	00689413	slli	x8,x17,0x6	 x17:0xfffffffe  x8=0xffffff80
      758229000	     37809	80007962	8976	c.mv	x18,x29	  x0:0x00000000 x29:0x00000001 x18=0x00000001
      758289000	     37812	80007964	007ae633	or	x12,x21,x7	 x21:0x00000001  x7:0x0001f000 x12=0x0001f001
      758729000	     37834	80007968	03bc9b33	mulh	x22,x25,x27	 x25:0xffffffff x27:0x00000000 x22=0x00000000
      759129000	     37854	8000796c	6a05	c.lui	x20,0x1	 x20=0x00001000
      759149000	     37855	8000796e	4ba6e413	ori	x8,x13,1210	 x13:0xb2fe38a4  x8=0xb2fe3cbe
      759169000	     37856	80007972	0001	c.addi	x0,0	  x0:0x00000000  x0=0x00000000
      759189000	     37857	80007974	90f6	c.add	x1,x29	  x1:0x00000018 x29:0x00000001  x1=0x00000019
      759209000	     37858	80007976	00fc9113	slli	x2,x25,0xf	 x25:0xffffffff  x2=0xffff8000
      759609000	     37878	8000797a	0163d963	bge	x7,x22,8000798c	  x7:0x0001f000 x22:0x00000000
      761129000	     37954	8000798c	039ec033	div	x0,x29,x25	 x29:0x00000001 x25:0xffffffff  x0=0x00000000
      761149000	     37955	80007990	40ea5e33	sra	x28,x20,x14	 x20:0x00001000 x14:0x0007fffe x28=0x00000000
      761169000	     37956	80007994	8d79	c.and	x10,x14	 x10:0xb4ead00a x14:0x0007fffe x10=0x0002d00a
      761209000	     37958	80007996	020cd133	divu	x2,x25,x0	 x25:0xffffffff  x0:0x00000000  x2=0xffffffff
      761229000	     37959	8000799a	41b5f913	andi	x18,x11,1051	 x11:0x80021e20 x18=0x00000400
      761249000	     37960	8000799e	03dc0833	mul	x16,x24,x29	 x24:0xffffffff x29:0x00000001 x16=0xffffffff
      761269000	     37961	800079a2	8a59	c.andi	x12,22	 x12:0x0001f001 x12=0x00000000
      761289000	     37962	800079a4	3457e293	ori	x5,x15,837	 x15:0x0003ffff  x5=0x0003ffff
      761309000	     37963	800079a8	00e45713	srli	x14,x8,0xe	  x8:0xb2fe3cbe x14=0x0002cbf8
      761509000	     37973	800079ac	01506f33	or	x30,x0,x21	  x0:0x00000000 x21:0x00000001 x30=0x00000001
      761789000	     37987	800079b0	8685	c.srai	x13,0x1	 x13:0xb2fe38a4 x13=0xd97f1c52
      761809000	     37988	800079b2	8cf5	c.and	x9,x13	  x9:0x00000000 x13:0xd97f1c52  x9=0x00000000
      761829000	     37989	800079b4	40e05d33	sra	x26,x0,x14	  x0:0x00000000 x14:0x0002cbf8 x26=0x00000000
      762029000	     37999	800079b8	0ff0000f	fence	iorw,iorw	
      762069000	     38001	800079bc	197d	c.addi	x18,-1	 x18:0x00000400 x18=0x000003ff
      762089000	     38002	800079be	0ff0000f	fence	iorw,iorw	
      763229000	     38059	800079c2	02e3c3b3	div	x7,x7,x14	  x7:0x0001f000 x14:0x0002cbf8  x7=0x00000000
      763249000	     38060	800079c6	04e9	c.addi	x9,26	  x9:0x00000000  x9=0x0000001a
      763269000	     38061	800079c8	8b6d	c.andi	x14,27	 x14:0x0002cbf8 x14=0x00000018
      763289000	     38062	800079ca	0000100f	fence.i	
      764029000	     38099	800079ce	150c8613	addi	x12,x25,336	 x25:0xffffffff x12=0x0000014f
      764049000	     38100	800079d2	6a3bb713	sltiu	x14,x23,1699	 x23:0x00000000 x14=0x00000001
      764069000	     38101	800079d6	8c99	c.sub	x9,x14	  x9:0x0000001a x14:0x00000001  x9=0x00000019
      764089000	     38102	800079d8	2a5de613	ori	x12,x27,677	 x27:0x00000000 x12=0x000002a5
      764289000	     38112	800079dc	02794833	div	x16,x18,x7	 x18:0x000003ff  x7:0x00000000 x16=0xffffffff
      764309000	     38113	800079e0	00483f33	sltu	x30,x16,x4	 x16:0xffffffff  x4:0xffffffa1 x30=0x00000000
      764489000	     38122	800079e4	01d4c6b3	xor	x13,x9,x29	  x9:0x00000019 x29:0x00000001 x13=0x00000018
      764509000	     38123	800079e8	8c71	c.and	x8,x12	  x8:0xb2fe3cbe x12:0x000002a5  x8=0x000000a4
      764529000	     38124	800079ea	0001	c.addi	x0,0	  x0:0x00000000  x0=0x00000000
      764689000	     38132	800079ec	17fd	c.addi	x15,-1	 x15:0x0003ffff x15=0x0003fffe
      764709000	     38133	800079ee	8b75	c.andi	x14,29	 x14:0x00000001 x14=0x00000001
      764769000	     38136	800079f0	00f29d63	bne	x5,x15,80007a0a	  x5:0x0003ffff x15:0x0003fffe
      765229000	     38159	80007a0a	0000100f	fence.i	
      765949000	     38195	80007a0e	015bea33	or	x20,x23,x21	 x23:0x00000000 x21:0x00000001 x20=0x00000001
      766149000	     38205	80007a12	fc75ed13	ori	x26,x11,-57	 x11:0x80021e20 x26=0xffffffe7
      766169000	     38206	80007a16	00c3acb3	slt	x25,x7,x12	  x7:0x00000000 x12:0x000002a5 x25=0x00000001
      766269000	     38211	80007a1a	0ff0000f	fence	iorw,iorw	
      766369000	     38216	80007a1e	00c57f33	and	x30,x10,x12	 x10:0x0002d00a x12:0x000002a5 x30=0x00000000
      766389000	     38217	80007a22	0001	c.addi	x0,0	  x0:0x00000000  x0=0x00000000
      766569000	     38226	80007a24	41a75cb3	sra	x25,x14,x26	 x14:0x00000001 x26:0xffffffe7 x25=0x00000000
      766589000	     38227	80007a28	0001	c.addi	x0,0	  x0:0x00000000  x0=0x00000000
      766609000	     38228	80007a2a	30b63c13	sltiu	x24,x12,779	 x12:0x000002a5 x24=0x00000001
      767349000	     38265	80007a2e	02fb6933	rem	x18,x22,x15	 x22:0x00000000 x15:0x0003fffe x18=0x00000000
      767369000	     38266	80007a32	832d	c.srli	x14,0xb	 x14:0x00000001 x14=0x00000000
      767389000	     38267	80007a34	5a7d	c.li	x20,-1	 x20=0xffffffff
      767409000	     38268	80007a36	03b49b63	bne	x9,x27,80007a6c	  x9:0x00000019 x27:0x00000000
      767489000	     38272	80007a6c	0b88	c.addi4spn	x10,x2,464	 x10=0x000001cf
      767509000	     38273	80007a6e	93a39b97	auipc	x23,0x93a39	 x23=0x13a40a6e
      768089000	     38302	80007a72	0214bb33	mulhu	x22,x9,x1	  x9:0x00000019  x1:0x00000019 x22=0x00000000
      768109000	     38303	80007a76	020a5663	bge	x20,x0,80007aa2	 x20:0xffffffff  x0:0x00000000
      768529000	     38324	80007a7a	b69d4513	xori	x10,x26,-1175	 x26:0xffffffe7 x10=0x0000048e
      768549000	     38325	80007a7e	034b6f63	bltu	x22,x20,80007abc	 x22:0x00000000 x20:0xffffffff
      769369000	     38366	80007abc	02abfa33	remu	x20,x23,x10	 x23:0x13a40a6e x10:0x0000048e x20=0x000000f8
      769389000	     38367	80007ac0	c291	c.beqz	x13,80007ac4	 x13:0x00000018
      769409000	     38368	80007ac2	0001	c.addi	x0,0	  x0:0x00000000  x0=0x00000000
      769429000	     38369	80007ac4	018fe0b3	or	x1,x31,x24	 x31:0x80025ce4 x24:0x00000001  x1=0x80025ce5
      769449000	     38370	80007ac8	ea19	c.bnez	x12,80007ade	 x12:0x000002a5
      769969000	     38396	80007ade	027c8633	mul	x12,x25,x7	 x25:0x00000000  x7:0x00000000 x12=0x00000000
      769989000	     38397	80007ae2	c7da7813	andi	x16,x20,-899	 x20:0x000000f8 x16=0x00000078
      770009000	     38398	80007ae6	82a5	c.srli	x13,0x9	 x13:0x00000018 x13=0x00000000
      770149000	     38405	80007ae8	1f94	c.addi4spn	x13,x2,1008	 x13=0x000003ef
      770169000	     38406	80007aea	8fd9	c.or	x15,x14	 x15:0x0003fffe x14:0x00000000 x15=0x0003fffe
      770189000	     38407	80007aec	02678163	beq	x15,x6,80007b0e	 x15:0x0003fffe  x6:0x00000000
      770209000	     38408	80007af0	016cdd13	srli	x26,x25,0x16	 x25:0x00000000 x26=0x00000000
      770229000	     38409	80007af4	022ef463	bgeu	x29,x2,80007b1c	 x29:0x00000001  x2:0xffffffff
      770249000	     38410	80007af8	00185093	srli	x1,x16,0x1	 x16:0x00000078  x1=0x0000003c
      770369000	     38416	80007afc	02946263	bltu	x8,x9,80007b20	  x8:0x000000a4  x9:0x00000019
      770389000	     38417	80007b00	855d	c.srai	x10,0x17	 x10:0x0000048e x10=0x00000000
      770529000	     38424	80007b02	dcea4e13	xori	x28,x20,-562	 x20:0x000000f8 x28=0xfffffd36
      770549000	     38425	80007b06	012e5013	srli	x0,x28,0x12	 x28:0xfffffd36  x0=0x00000000
      771289000	     38462	80007b0a	034af233	remu	x4,x21,x20	 x21:0x00000001 x20:0x000000f8  x4=0x00000001
      771309000	     38463	80007b0e	0255	c.addi	x4,21	  x4:0x00000001  x4=0x00000016
      771329000	     38464	80007b10	d8e92a13	slti	x20,x18,-626	 x18:0x00000000 x20=0x00000000
      771349000	     38465	80007b14	40c98633	sub	x12,x19,x12	 x19:0x00000001 x12:0x00000000 x12=0x00000001
      771369000	     38466	80007b18	9f764493	xori	x9,x12,-1545	 x12:0x00000001  x9=0xfffff9f6
      771389000	     38467	80007b1c	029e0033	mul	x0,x28,x9	 x28:0xfffffd36  x9:0xfffff9f6  x0=0x00000000
      771509000	     38473	80007b20	03dee463	bltu	x29,x29,80007b48	 x29:0x00000001 x29:0x00000001
      771929000	     38494	80007b24	c299	c.beqz	x13,80007b2a	 x13:0x000003ef
      771969000	     38496	80007b26	023532b3	mulhu	x5,x10,x3	 x10:0x00000000  x3:0x00000018  x5=0x00000000
      771989000	     38497	80007b2a	8369	c.srli	x14,0x1a	 x14:0x00000000 x14=0x00000000
      772009000	     38498	80007b2c	9b7d	c.andi	x14,-1	 x14:0x00000000 x14=0x00000000
      772029000	     38499	80007b2e	003690b3	sll	x1,x13,x3	 x13:0x000003ef  x3:0x00000018  x1=0xef000000
      772049000	     38500	80007b32	01657933	and	x18,x10,x22	 x10:0x00000000 x22:0x00000000 x18=0x00000000
      772229000	     38509	80007b36	74027e13	andi	x28,x4,1856	  x4:0x00000016 x28=0x00000000
      772249000	     38510	80007b3a	4032de33	sra	x28,x5,x3	  x5:0x00000000  x3:0x00000018 x28=0x00000000
      772669000	     38531	80007b3e	0000100f	fence.i	
      773449000	     38570	80007b42	0001	c.addi	x0,0	  x0:0x00000000  x0=0x00000000
      773469000	     38571	80007b44	0001	c.addi	x0,0	  x0:0x00000000  x0=0x00000000
      773489000	     38572	80007b46	ce09	c.beqz	x12,80007b60	 x12:0x00000001
      773509000	     38573	80007b48	ec0d	c.bnez	x8,80007b82	  x8:0x000000a4
      774029000	     38599	80007b82	0ff0000f	fence	iorw,iorw	
      774449000	     38620	80007b86	0cef2693	slti	x13,x30,206	 x30:0x00000000 x13=0x00000001
      774469000	     38621	80007b8a	0001	c.addi	x0,0	  x0:0x00000000  x0=0x00000000
      774769000	     38636	80007b8c	a016c893	xori	x17,x13,-1535	 x13:0x00000001 x17=0xfffffa00
      774889000	     38642	80007b90	6f51	c.lui	x30,0x14	 x30=0x00014000
      774969000	     38646	80007b92	01c13433	sltu	x8,x2,x28	  x2:0xffffffff x28:0x00000000  x8=0x00000000
      775309000	     38663	80007b96	02344a63	blt	x8,x3,80007bca	  x8:0x00000000  x3:0x00000018
      775909000	     38693	80007bca	02f68763	beq	x13,x15,80007bf8	 x13:0x00000001 x15:0x0003fffe
      775929000	     38694	80007bce	f52f2837	lui	x16,0xf52f2	 x16=0xf52f2000
      775949000	     38695	80007bd2	c80d	c.beqz	x8,80007c04	  x8:0x00000000
      776709000	     38733	80007c04	41060c33	sub	x24,x12,x16	 x12:0x00000001 x16:0xf52f2000 x24=0x0ad0e001
      776729000	     38734	80007c08	717d	c.addi16sp	x2,-16	  x2:0xffffffff  x2=0xffffffef
      777489000	     38772	80007c0a	02f3e2b3	rem	x5,x7,x15	  x7:0x00000000 x15:0x0003fffe  x5=0x00000000
      777509000	     38773	80007c0e	8a01	c.andi	x12,0	 x12:0x00000001 x12=0x00000000
      777549000	     38775	80007c10	03d52d33	mulhsu	x26,x10,x29	 x10:0x00000000 x29:0x00000001 x26=0x00000000
      777569000	     38776	80007c14	028b1b63	bne	x22,x8,80007c4a	 x22:0x00000000  x8:0x00000000
      777589000	     38777	80007c18	021f6e63	bltu	x30,x1,80007c54	 x30:0x00014000  x1:0xef000000
      778109000	     38803	80007c54	0024ab33	slt	x22,x9,x2	  x9:0xfffff9f6  x2:0xffffffef x22=0x00000001
      778289000	     38812	80007c58	315f0513	addi	x10,x30,789	 x30:0x00014000 x10=0x00014315
      778529000	     38824	80007c5c	8e0d	c.sub	x12,x11	 x12:0x00000000 x11:0x80021e20 x12=0x7ffde1e0
      778549000	     38825	80007c5e	0ebd	c.addi	x29,15	 x29:0x00000001 x29=0x00000010
      778569000	     38826	80007c60	0ff0000f	fence	iorw,iorw	
      778649000	     38830	80007c64	8206	c.mv	x4,x1	  x0:0x00000000  x1:0xef000000  x4=0xef000000
      778889000	     38842	80007c66	02883b33	mulhu	x22,x16,x8	 x16:0xf52f2000  x8:0x00000000 x22=0x00000000
      778909000	     38843	80007c6a	c31d	c.beqz	x14,80007c90	 x14:0x00000000
      779269000	     38861	80007c90	827d	c.srli	x12,0x1f	 x12:0x7ffde1e0 x12=0x00000000
      779289000	     38862	80007c92	8c89	c.sub	x9,x10	  x9:0xfffff9f6 x10:0x00014315  x9=0xfffeb6e1
      779689000	     38882	80007c94	f9592b13	slti	x22,x18,-107	 x18:0x00000000 x22=0x00000000
      779769000	     38886	80007c98	0001	c.addi	x0,0	  x0:0x00000000  x0=0x00000000
      779789000	     38887	80007c9a	0d39	c.addi	x26,14	 x26:0x00000000 x26=0x0000000e
      779809000	     38888	80007c9c	40415a33	sra	x20,x2,x4	  x2:0xffffffef  x4:0xef000000 x20=0xffffffef
      779829000	     38889	80007ca0	8f21	c.xor	x14,x8	 x14:0x00000000  x8:0x00000000 x14=0x00000000
      788109000	     39303	80007ca2	03202833	mulhsu	x16,x0,x18	  x0:0x00000000 x18:0x00000000 x16=0x00000000
      788129000	     39304	80007ca6	8e85	c.sub	x13,x9	 x13:0x00000001  x9:0xfffeb6e1 x13=0x00014920
      788149000	     39305	80007ca8	8ea1	c.xor	x13,x8	 x13:0x00014920  x8:0x00000000 x13=0x00014920
      788169000	     39306	80007caa	1404	c.addi4spn	x9,x2,544	  x9=0x0000020f
      788209000	     39308	80007cac	02a71b33	mulh	x22,x14,x10	 x14:0x00000000 x10:0x00014315 x22=0x00000000
      788229000	     39309	80007cb0	0001	c.addi	x0,0	  x0:0x00000000  x0=0x00000000
      788269000	     39311	80007cb2	0302cbb3	div	x23,x5,x16	  x5:0x00000000 x16:0x00000000 x23=0xffffffff
      788289000	     39312	80007cb6	8275	c.srli	x12,0x1d	 x12:0x00000000 x12=0x00000000
      788609000	     39328	80007cb8	013ce363	bltu	x25,x19,80007cbe	 x25:0x00000000 x19:0x00000001
      789229000	     39359	80007cbe	03c73ab3	mulhu	x21,x14,x28	 x14:0x00000000 x28:0x00000000 x21=0x00000000
      789309000	     39363	80007cc2	416b0633	sub	x12,x22,x22	 x22:0x00000000 x22:0x00000000 x12=0x00000000
      789329000	     39364	80007cc6	9afd	c.andi	x13,-1	 x13:0x00014920 x13=0x00014920
      789389000	     39367	80007cc8	01344d33	xor	x26,x8,x19	  x8:0x00000000 x19:0x00000001 x26=0x00000001
      789569000	     39376	80007ccc	05096163	bltu	x18,x16,80007d0e	 x18:0x00000000 x16:0x00000000
      789589000	     39377	80007cd0	006147b3	xor	x15,x2,x6	  x2:0xffffffef  x6:0x00000000 x15=0xffffffef
      789689000	     39382	80007cd4	00469833	sll	x16,x13,x4	 x13:0x00014920  x4:0xef000000 x16=0x00014920
      789709000	     39383	80007cd8	8f19	c.sub	x14,x14	 x14:0x00000000 x14:0x00000000 x14=0x00000000
      789729000	     39384	80007cda	017537b3	sltu	x15,x10,x23	 x10:0x00014315 x23:0xffffffff x15=0x00000001
      789749000	     39385	80007cde	00f86f33	or	x30,x16,x15	 x16:0x00014920 x15:0x00000001 x30=0x00014921
      789769000	     39386	80007ce2	9db6	c.add	x27,x13	 x27:0x00000000 x13:0x00014920 x27=0x00014920
      789969000	     39396	80007ce4	024510b3	mulh	x1,x10,x4	 x10:0x00014315  x4:0xef000000  x1=0xffffea8b
      789989000	     39397	80007ce8	8c09	c.sub	x8,x10	  x8:0x00000000 x10:0x00014315  x8=0xfffebceb
      790069000	     39401	80007cea	0000100f	fence.i	
      790549000	     39425	80007cee	09da	c.slli	x19,0x16	 x19:0x00000001 x19=0x00400000
      790569000	     39426	80007cf0	018f0863	beq	x30,x24,80007d00	 x30:0x00014921 x24:0x0ad0e001
      790949000	     39445	80007cf4	567d	c.li	x12,-1	 x12=0xffffffff
      790969000	     39446	80007cf6	8fe9	c.and	x15,x10	 x15:0x00000001 x10:0x00014315 x15=0x00000001
      790989000	     39447	80007cf8	03079e63	bne	x15,x16,80007d34	 x15:0x00000001 x16:0x00014920
      792209000	     39508	80007d34	03ed7433	remu	x8,x26,x30	 x26:0x00000001 x30:0x00014921  x8=0x00000001
      792249000	     39510	80007d38	0209d833	divu	x16,x19,x0	 x19:0x00400000  x0:0x00000000 x16=0xffffffff
      792269000	     39511	80007d3c	8395	c.srli	x15,0x5	 x15:0x00000001 x15=0x00000000
      792289000	     39512	80007d3e	90b2	c.add	x1,x12	  x1:0xffffea8b x12:0xffffffff  x1=0xffffea8a
      792369000	     39516	80007d40	03b30033	mul	x0,x6,x27	  x6:0x00000000 x27:0x00014920  x0=0x00000000
      792729000	     39534	80007d44	9eda	c.add	x29,x22	 x29:0x00000010 x22:0x00000000 x29=0x00000010
      792829000	     39539	80007d46	400c5d93	srai	x27,x24,0x0	 x24:0x0ad0e001 x27=0x0ad0e001
      792849000	     39540	80007d4a	0c14	c.addi4spn	x13,x2,528	 x13=0x000001ff
      792909000	     39543	80007d4c	82b59237	lui	x4,0x82b59	  x4=0x82b59000
      793029000	     39549	80007d50	0f72	c.slli	x30,0x1c	 x30:0x00014921 x30=0x10000000
      793049000	     39550	80007d52	00b70d33	add	x26,x14,x11	 x14:0x00000000 x11:0x80021e20 x26=0x80021e20
      793909000	     39593	80007d56	0389f4b3	remu	x9,x19,x24	 x19:0x00400000 x24:0x0ad0e001  x9=0x00400000
      793929000	     39594	80007d5a	016e1d33	sll	x26,x28,x22	 x28:0x00000000 x22:0x00000000 x26=0x00000000
      793949000	     39595	80007d5e	682d	c.lui	x16,0xb	 x16=0x0000b000
      793969000	     39596	80007d60	418cd113	srai	x2,x25,0x18	 x25:0x00000000  x2=0x00000000
      793989000	     39597	80007d64	9712	c.add	x14,x4	 x14:0x00000000  x4:0x82b59000 x14=0x82b59000
      794009000	     39598	80007d66	00835813	srli	x16,x6,0x8	  x6:0x00000000 x16=0x00000000
      794029000	     39599	80007d6a	0a2e	c.slli	x20,0xb	 x20:0xffffffef x20=0xffff7800
      794049000	     39600	80007d6c	01084433	xor	x8,x16,x16	 x16:0x00000000 x16:0x00000000  x8=0x00000000
      794089000	     39602	80007d70	03a12a33	mulhsu	x20,x2,x26	  x2:0x00000000 x26:0x00000000 x20=0x00000000
      794129000	     39604	80007d74	007dba33	sltu	x20,x27,x7	 x27:0x0ad0e001  x7:0x00000000 x20=0x00000000
      794509000	     39623	80007d78	8d41	c.or	x10,x8	 x10:0x00014315  x8:0x00000000 x10=0x00014315
      794529000	     39624	80007d7a	8e85	c.sub	x13,x9	 x13:0x000001ff  x9:0x00400000 x13=0xffc001ff
      794549000	     39625	80007d7c	41a30933	sub	x18,x6,x26	  x6:0x00000000 x26:0x00000000 x18=0x00000000
      794609000	     39628	80007d80	83be	c.mv	x7,x15	  x0:0x00000000 x15:0x00000000  x7=0x00000000
      794629000	     39629	80007d82	587d	c.li	x16,-1	 x16=0xffffffff
      794809000	     39638	80007d84	d3620b13	addi	x22,x4,-714	  x4:0x82b59000 x22=0x82b58d36
      794829000	     39639	80007d88	01a518b3	sll	x17,x10,x26	 x10:0x00014315 x26:0x00000000 x17=0x00014315
      795089000	     39652	80007d8c	47045717	auipc	x14,0x47045	 x14=0xc704cd8c
      795509000	     39673	80007d90	00d92633	slt	x12,x18,x13	 x18:0x00000000 x13:0xffc001ff x12=0x00000000
      795709000	     39683	80007d94	9a7d	c.andi	x12,-1	 x12:0x00000000 x12=0x00000000
      795729000	     39684	80007d96	80d9	c.srli	x9,0x16	  x9:0x00400000  x9=0x00000001
      795749000	     39685	80007d98	8cbd	c.xor	x9,x15	  x9:0x00000001 x15:0x00000000  x9=0x00000001
      796069000	     39701	80007d9a	01d3ed33	or	x26,x7,x29	  x7:0x00000000 x29:0x00000010 x26=0x00000010
      796109000	     39703	80007d9e	028124b3	mulhsu	x9,x2,x8	  x2:0x00000000  x8:0x00000000  x9=0x00000000
      796129000	     39704	80007da2	8fb9	c.xor	x15,x14	 x15:0x00000000 x14:0xc704cd8c x15=0xc704cd8c
      796149000	     39705	80007da4	40f95b13	srai	x22,x18,0xf	 x18:0x00000000 x22=0x00000000
      796169000	     39706	80007da8	09ea	c.slli	x19,0x1a	 x19:0x00400000 x19=0x00000000
      796189000	     39707	80007daa	808e	c.mv	x1,x3	  x0:0x00000000  x3:0x00000018  x1=0x00000018
      796269000	     39711	80007dac	00bd1f13	slli	x30,x26,0xb	 x26:0x00000010 x30=0x00008000
      796589000	     39727	80007db0	0ff0000f	fence	iorw,iorw	
      796749000	     39735	80007db4	0001	c.addi	x0,0	  x0:0x00000000  x0=0x00000000
      797169000	     39756	80007db6	01585293	srli	x5,x16,0x15	 x16:0xffffffff  x5=0x000007ff
      797189000	     39757	80007dba	8f49	c.or	x14,x10	 x14:0xc704cd8c x10:0x00014315 x14=0xc705cf9d
      797209000	     39758	80007dbc	de9b3d13	sltiu	x26,x22,-535	 x22:0x00000000 x26=0x00000001
      797949000	     39795	80007dc0	03edf9b3	remu	x19,x27,x30	 x27:0x0ad0e001 x30:0x00008000 x19=0x00006001
      797969000	     39796	80007dc4	0001	c.addi	x0,0	  x0:0x00000000  x0=0x00000000
      797989000	     39797	80007dc6	6219	c.lui	x4,0x6	  x4=0x00006000
      798009000	     39798	80007dc8	0288	c.addi4spn	x10,x2,320	 x10=0x00000140
      798029000	     39799	80007dca	97243213	sltiu	x4,x8,-1678	  x8:0x00000000  x4=0x00000001
      798049000	     39800	80007dce	0000100f	fence.i	
      798149000	     39805	80007dd2	0ff0000f	fence	iorw,iorw	
      798629000	     39829	80007dd6	03555363	bge	x10,x21,80007dfc	 x10:0x00000140 x21:0x00000000
      799189000	     39857	80007dfc	98da	c.add	x17,x22	 x17:0x00014315 x22:0x00000000 x17=0x00014315
      799209000	     39858	80007dfe	01e65c93	srli	x25,x12,0x1e	 x12:0x00000000 x25=0x00000000
      799229000	     39859	80007e02	00436eb3	or	x29,x6,x4	  x6:0x00000000  x4:0x00000001 x29=0x00000001
      799249000	     39860	80007e06	0127f763	bgeu	x15,x18,80007e14	 x15:0xc704cd8c x18:0x00000000
      799509000	     39873	80007e14	ef05	c.bnez	x14,80007e4c	 x14:0xc705cf9d
      800209000	     39908	80007e4c	004c1233	sll	x4,x24,x4	 x24:0x0ad0e001  x4:0x00000001  x4=0x15a1c002
      800249000	     39910	80007e50	022ee963	bltu	x29,x2,80007e82	 x29:0x00000001  x2:0x00000000
      801009000	     39948	80007e54	031bf3b3	remu	x7,x23,x17	 x23:0xffffffff x17:0x00014315  x7=0x0000d447
      801029000	     39949	80007e58	e98a4f13	xori	x30,x20,-360	 x20:0x00000000 x30=0xfffffe98
      801049000	     39950	80007e5c	58fd	c.li	x17,-1	 x17=0xffffffff
      801069000	     39951	80007e5e	402a53b3	sra	x7,x20,x2	 x20:0x00000000  x2:0x00000000  x7=0x00000000
      801089000	     39952	80007e62	e299	c.bnez	x13,80007e68	 x13:0xffc001ff
      801509000	     39973	80007e68	0a41d997	auipc	x19,0xa41d	 x19=0x8a424e68
      801549000	     39975	80007e6c	02c9e133	rem	x2,x19,x12	 x19:0x8a424e68 x12:0x00000000  x2=0x8a424e68
      801569000	     39976	80007e70	88da	c.mv	x17,x22	  x0:0x00000000 x22:0x00000000 x17=0x00000000
      801589000	     39977	80007e72	9e42	c.add	x28,x16	 x28:0x00000000 x16:0xffffffff x28=0xffffffff
      801609000	     39978	80007e74	10356b93	ori	x23,x10,259	 x10:0x00000140 x23=0x00000143
      801829000	     39989	80007e78	2cddcf13	xori	x30,x27,717	 x27:0x0ad0e001 x30=0x0ad0e2cc
      801849000	     39990	80007e7c	8759	c.srai	x14,0x16	 x14:0xc705cf9d x14=0xffffff1c
      802149000	     40005	80007e7e	017473b3	and	x7,x8,x23	  x8:0x00000000 x23:0x00000143  x7=0x00000000
      802269000	     40011	80007e82	00be5e13	srli	x28,x28,0xb	 x28:0xffffffff x28=0x001fffff
      803009000	     40048	80007e86	02b9dab3	divu	x21,x19,x11	 x19:0x8a424e68 x11:0x80021e20 x21=0x00000001
      803049000	     40050	80007e8a	02b9b733	mulhu	x14,x19,x11	 x19:0x8a424e68 x11:0x80021e20 x14=0x45224bfd
      803069000	     40051	80007e8e	409487b3	sub	x15,x9,x9	  x9:0x00000000  x9:0x00000000 x15=0x00000000
      803109000	     40053	80007e92	02fe13b3	mulh	x7,x28,x15	 x28:0x001fffff x15:0x00000000  x7=0x00000000
      803129000	     40054	80007e96	8531	c.srai	x10,0xc	 x10:0x00000140 x10=0x00000000
      803149000	     40055	80007e98	0001	c.addi	x0,0	  x0:0x00000000  x0=0x00000000
      803169000	     40056	80007e9a	0109deb3	srl	x29,x19,x16	 x19:0x8a424e68 x16:0xffffffff x29=0x00000001
      803189000	     40057	80007e9e	01d6	c.slli	x3,0x15	  x3:0x00000018  x3=0x03000000
      803429000	     40069	80007ea0	8d35	c.xor	x10,x13	 x10:0x00000000 x13:0xffc001ff x10=0xffc001ff
      803609000	     40078	80007ea2	0194c563	blt	x9,x25,80007eac	  x9:0x00000000 x25:0x00000000
      803629000	     40079	80007ea6	8079	c.srli	x8,0x1e	  x8:0x00000000  x8=0x00000000
      803709000	     40083	80007ea8	014f0263	beq	x30,x20,80007eac	 x30:0x0ad0e2cc x20:0x00000000
      803749000	     40085	80007eac	8d25	c.xor	x10,x9	 x10:0xffc001ff  x9:0x00000000 x10=0xffc001ff
      803769000	     40086	80007eae	8ff5	c.and	x15,x13	 x15:0x00000000 x13:0xffc001ff x15=0x00000000
      803969000	     40096	80007eb0	8b59	c.andi	x14,22	 x14:0x45224bfd x14=0x00000014
      804429000	     40119	80007eb2	41d4	c.lw	x13,4(x11)	 x11:0x80021e20 x13=0x80008c52 PA:0x80021e24 load:0x80008c52
      804449000	     40120	80007eb4	013c3933	sltu	x18,x24,x19	 x24:0x0ad0e001 x19:0x8a424e68 x18=0x00000001
      804469000	     40121	80007eb8	03858593	addi	x11,x11,56	 x11:0x80021e20 x11=0x80021e58
      804489000	     40122	80007ebc	00331433	sll	x8,x6,x3	  x6:0x00000000  x3:0x03000000  x8=0x00000000
      804569000	     40126	80007ec0	0455	c.addi	x8,21	  x8:0x00000000  x8=0x00000015
      804609000	     40128	80007ec2	036110b3	mulh	x1,x2,x22	  x2:0x8a424e68 x22:0x00000000  x1=0x00000000
      804629000	     40129	80007ec6	00168793	addi	x15,x13,1	 x13:0x80008c52 x15=0x80008c53
      804649000	     40130	80007eca	8782	c.jr	x15	 x15:0x80008c53
      805009000	     40148	80008c52	8035	c.srli	x8,0xd	  x8:0x00000015  x8=0x00000000
      805429000	     40169	80008c54	009d1513	slli	x10,x26,0x9	 x26:0x00000001 x10=0x00000200
      805449000	     40170	80008c58	03656d63	bltu	x10,x22,80008c92	 x10:0x00000200 x22:0x00000000
      805469000	     40171	80008c5c	41a75e33	sra	x28,x14,x26	 x14:0x00000014 x26:0x00000001 x28=0x0000000a
      806209000	     40208	80008c60	03f25e33	divu	x28,x4,x31	  x4:0x15a1c002 x31:0x80025ce4 x28=0x00000000
      806229000	     40209	80008c64	0001d913	srli	x18,x3,0x0	  x3:0x03000000 x18=0x03000000
      806249000	     40210	80008c68	05f24263	blt	x4,x31,80008cac	  x4:0x15a1c002 x31:0x80025ce4
      806269000	     40211	80008c6c	0ff0000f	fence	iorw,iorw	
      806289000	     40212	80008c70	01cbeeb3	or	x29,x23,x28	 x23:0x00000143 x28:0x00000000 x29=0x00000143
      806309000	     40213	80008c74	001c5f13	srli	x30,x24,0x1	 x24:0x0ad0e001 x30=0x05687000
      806689000	     40232	80008c78	68e1fd93	andi	x27,x3,1678	  x3:0x03000000 x27=0x00000000
      806869000	     40241	80008c7c	e9940d13	addi	x26,x8,-359	  x8:0x00000000 x26=0xfffffe99
      806889000	     40242	80008c80	6161	c.addi16sp	x2,80	  x2:0x8a424e68  x2=0x8a424eb8
      806909000	     40243	80008c82	0f00	c.addi4spn	x8,x2,912	  x8=0x8a425248
      806949000	     40245	80008c84	0297fe33	remu	x28,x15,x9	 x15:0x80008c53  x9:0x00000000 x28=0x80008c53
      806969000	     40246	80008c88	00929533	sll	x10,x5,x9	  x5:0x000007ff  x9:0x00000000 x10=0x000007ff
      807189000	     40257	80008c8c	c3700c13	addi	x24,x0,-969	  x0:0x00000000 x24=0xfffffc37
      807209000	     40258	80008c90	8ead	c.xor	x13,x11	 x13:0x80008c52 x11:0x80021e58 x13=0x0002920a
      807349000	     40265	80008c92	0078f3b3	and	x7,x17,x7	 x17:0x00000000  x7:0x00000000  x7=0x00000000
      807369000	     40266	80008c96	0471e063	bltu	x3,x7,80008cd6	  x3:0x03000000  x7:0x00000000
      807389000	     40267	80008c9a	9a7d	c.andi	x12,-1	 x12:0x00000000 x12=0x00000000
      807469000	     40271	80008c9c	00529813	slli	x16,x5,0x5	  x5:0x000007ff x16=0x0000ffe0
      807709000	     40283	80008ca0	03923c33	mulhu	x24,x4,x25	  x4:0x15a1c002 x25:0x00000000 x24=0x00000000
      808109000	     40303	80008ca4	69b9	c.lui	x19,0xe	 x19=0x0000e000
      808129000	     40304	80008ca6	961a	c.add	x12,x6	 x12:0x00000000  x6:0x00000000 x12=0x00000000
      808149000	     40305	80008ca8	40c958b3	sra	x17,x18,x12	 x18:0x03000000 x12:0x00000000 x17=0x03000000
      808349000	     40315	80008cac	02ff1633	mulh	x12,x30,x15	 x30:0x05687000 x15:0x80008c53 x12=0xfd4bcaf6
      808489000	     40322	80008cb0	00d26433	or	x8,x4,x13	  x4:0x15a1c002 x13:0x0002920a  x8=0x15a3d20a
      808909000	     40343	80008cb4	0000100f	fence.i	
      809589000	     40377	80008cb8	06fa	c.slli	x13,0x1e	 x13:0x0002920a x13=0x80000000
      809609000	     40378	80008cba	8cb9	c.xor	x9,x14	  x9:0x00000000 x14:0x00000014  x9=0x00000014
      809669000	     40381	80008cbc	419adb93	srai	x23,x21,0x19	 x21:0x00000001 x23=0x00000000
      809689000	     40382	80008cc0	fc62c793	xori	x15,x5,-58	  x5:0x000007ff x15=0xfffff839
      810129000	     40404	80008cc4	03c42b33	mulhsu	x22,x8,x28	  x8:0x15a3d20a x28:0x80008c53 x22=0x0ad1f4e1
      810149000	     40405	80008cc8	6bc1	c.lui	x23,0x10	 x23=0x00010000
      810209000	     40408	80008cca	0000100f	fence.i	
      810629000	     40429	80008cce	40b2d813	srai	x16,x5,0xb	  x5:0x000007ff x16=0x00000000
      811409000	     40468	80008cd2	028cccb3	div	x25,x25,x8	 x25:0x00000000  x8:0x15a3d20a x25=0x00000000
      811429000	     40469	80008cd6	00ad1b93	slli	x23,x26,0xa	 x26:0xfffffe99 x23=0xfffa6400
      811449000	     40470	80008cda	8145	c.srli	x10,0x11	 x10:0x000007ff x10=0x00000000
      811469000	     40471	80008cdc	98fd	c.andi	x9,-1	  x9:0x00000014  x9=0x00000014
      811489000	     40472	80008cde	8f39	c.xor	x14,x14	 x14:0x00000014 x14:0x00000014 x14=0x00000000
      811509000	     40473	80008ce0	f10de293	ori	x5,x27,-240	 x27:0x00000000  x5=0xffffff10
      811529000	     40474	80008ce4	f2b2b613	sltiu	x12,x5,-213	  x5:0xffffff10 x12=0x00000001
      811549000	     40475	80008ce8	50244213	xori	x4,x8,1282	  x8:0x15a3d20a  x4=0x15a3d708
      811569000	     40476	80008cec	01a45893	srli	x17,x8,0x1a	  x8:0x15a3d20a x17=0x00000005
      811769000	     40486	80008cf0	00af70b3	and	x1,x30,x10	 x30:0x05687000 x10:0x00000000  x1=0x00000000
      825289000	     41162	80008cf4	8912	c.mv	x18,x4	  x0:0x00000000  x4:0x15a3d708 x18=0x15a3d708
      825309000	     41163	80008cf6	0001	c.addi	x0,0	  x0:0x00000000  x0=0x00000000
      825329000	     41164	80008cf8	47936793	ori	x15,x6,1145	  x6:0x00000000 x15=0x00000479
      825349000	     41165	80008cfc	8405	c.srai	x8,0x1	  x8:0x15a3d20a  x8=0x0ad1e905
      825369000	     41166	80008cfe	8566	c.mv	x10,x25	  x0:0x00000000 x25:0x00000000 x10=0x00000000
      826109000	     41203	80008d00	02cf43b3	div	x7,x30,x12	 x30:0x05687000 x12:0x00000001  x7=0x05687000
      826129000	     41204	80008d04	9eae	c.add	x29,x11	 x29:0x00000143 x11:0x80021e58 x29=0x80021f9b
      826149000	     41205	80008d06	a40712b7	lui	x5,0xa4071	  x5=0xa4071000
      826169000	     41206	80008d0a	4033d113	srai	x2,x7,0x3	  x7:0x05687000  x2=0x00ad0e00
      826189000	     41207	80008d0e	0001	c.addi	x0,0	  x0:0x00000000  x0=0x00000000
      826209000	     41208	80008d10	80f5	c.srli	x9,0x1d	  x9:0x00000014  x9=0x00000000
      826229000	     41209	80008d12	29fd4eb7	lui	x29,0x29fd4	 x29=0x29fd4000
      826849000	     41240	80008d16	00d50263	beq	x10,x13,80008d1a	 x10:0x00000000 x13:0x80000000
      826869000	     41241	80008d1a	80a1	c.srli	x9,0x8	  x9:0x00000000  x9=0x00000000
      827269000	     41261	80008d1c	00cd19b3	sll	x19,x26,x12	 x26:0xfffffe99 x12:0x00000001 x19=0xfffffd32
      827389000	     41267	80008d20	9336c413	xori	x8,x13,-1741	 x13:0x80000000  x8=0x7ffff933
      827429000	     41269	80008d24	02b411b3	mulh	x3,x8,x11	  x8:0x7ffff933 x11:0x80021e58  x3=0xc0011292
      827649000	     41280	80008d28	03758f63	beq	x11,x23,80008d66	 x11:0x80021e58 x23:0xfffa6400
      827669000	     41281	80008d2c	1408	c.addi4spn	x10,x2,544	 x10=0x00ad1020
      828089000	     41302	80008d2e	025a2c33	mulhsu	x24,x20,x5	 x20:0x00000000  x5:0xa4071000 x24=0x00000000
      828109000	     41303	80008d32	8c95	c.sub	x9,x13	  x9:0x00000000 x13:0x80000000  x9=0x80000000
      828489000	     41322	80008d34	89de5637	lui	x12,0x89de5	 x12=0x89de5000
      828909000	     41343	80008d38	8d3d	c.xor	x10,x15	 x10:0x00ad1020 x15:0x00000479 x10=0x00ad1459
      828929000	     41344	80008d3a	01ebb433	sltu	x8,x23,x30	 x23:0xfffa6400 x30:0x05687000  x8=0x00000000
      829669000	     41381	80008d3e	0231d7b3	divu	x15,x3,x3	  x3:0xc0011292  x3:0xc0011292 x15=0x00000001
      829689000	     41382	80008d42	8f9d	c.sub	x15,x15	 x15:0x00000001 x15:0x00000001 x15=0x00000000
      829729000	     41384	80008d44	033f3233	mulhu	x4,x30,x19	 x30:0x05687000 x19:0xfffffd32  x4=0x05686ff0
      829749000	     41385	80008d48	03704563	blt	x0,x23,80008d72	  x0:0x00000000 x23:0xfffa6400
      829769000	     41386	80008d4c	01747e33	and	x28,x8,x23	  x8:0x00000000 x23:0xfffa6400 x28=0x00000000
      829829000	     41389	80008d50	8ce5	c.and	x9,x9	  x9:0x80000000  x9:0x80000000  x9=0x80000000
      829989000	     41397	80008d52	00ea9f33	sll	x30,x21,x14	 x21:0x00000001 x14:0x00000000 x30=0x00000001
      830169000	     41406	80008d56	03767263	bgeu	x12,x23,80008d7a	 x12:0x89de5000 x23:0xfffa6400
      830189000	     41407	80008d5a	232c2013	slti	x0,x24,562	 x24:0x00000000  x0=0x00000000
      830209000	     41408	80008d5e	0001	c.addi	x0,0	  x0:0x00000000  x0=0x00000000
      830609000	     41428	80008d60	8c65	c.and	x8,x9	  x8:0x00000000  x9:0x80000000  x8=0x00000000
      830629000	     41429	80008d62	003c5a63	bge	x24,x3,80008d76	 x24:0x00000000  x3:0xc0011292
      831689000	     41482	80008d76	35b46213	ori	x4,x8,859	  x8:0x00000000  x4=0x0000035b
      831709000	     41483	80008d7a	8e19	c.sub	x12,x14	 x12:0x89de5000 x14:0x00000000 x12=0x89de5000
      831729000	     41484	80008d7c	35e77f17	auipc	x30,0x35e77	 x30=0xb5e7fd7c
      831769000	     41486	80008d80	02ae3733	mulhu	x14,x28,x10	 x28:0x00000000 x10:0x00ad1459 x14=0x00000000
      832149000	     41505	80008d84	0afa	c.slli	x21,0x1e	 x21:0x00000001 x21=0x40000000
      832569000	     41526	80008d86	03f0fb63	bgeu	x1,x31,80008dbc	  x1:0x00000000 x31:0x80025ce4
      832589000	     41527	80008d8a	8f91	c.sub	x15,x12	 x15:0x00000000 x12:0x89de5000 x15=0x7621b000
      832769000	     41536	80008d8c	0ff0000f	fence	iorw,iorw	
      832929000	     41544	80008d90	c881b817	auipc	x16,0xc881b	 x16=0x48823d90
      832949000	     41545	80008d94	000c0b63	beq	x24,x0,80008daa	 x24:0x00000000  x0:0x00000000
      833489000	     41572	80008daa	6b95	c.lui	x23,0x5	 x23=0x00005000
      833829000	     41589	80008dac	40a65993	srai	x19,x12,0xa	 x12:0x89de5000 x19=0xffe27794
      833869000	     41591	80008db0	020dcb33	div	x22,x27,x0	 x27:0x00000000  x0:0x00000000 x22=0xffffffff
      833969000	     41596	80008db4	8fb5	c.xor	x15,x13	 x15:0x7621b000 x13:0x80000000 x15=0xf621b000
      833989000	     41597	80008db6	8b92	c.mv	x23,x4	  x0:0x00000000  x4:0x0000035b x23=0x0000035b
      834009000	     41598	80008db8	0047dd33	srl	x26,x15,x4	 x15:0xf621b000  x4:0x0000035b x26=0x0000001e
      834029000	     41599	80008dbc	02eeca63	blt	x29,x14,80008df0	 x29:0x29fd4000 x14:0x00000000
      834429000	     41619	80008dc0	000d5813	srli	x16,x26,0x0	 x26:0x0000001e x16=0x0000001e
      834589000	     41627	80008dc4	000311b3	sll	x3,x6,x0	  x6:0x00000000  x0:0x00000000  x3=0x00000000
      834609000	     41628	80008dc8	01a84733	xor	x14,x16,x26	 x16:0x0000001e x26:0x0000001e x14=0x00000000
      834729000	     41634	80008dcc	6ab9	c.lui	x21,0xe	 x21=0x0000e000
      834829000	     41639	80008dce	035cb4b3	mulhu	x9,x25,x21	 x25:0x00000000 x21:0x0000e000  x9=0x00000000
      834849000	     41640	80008dd2	6719	c.lui	x14,0x6	 x14=0x00006000
      835949000	     41695	80008dd4	036967b3	rem	x15,x18,x22	 x18:0x15a3d708 x22:0xffffffff x15=0x00000000
      835969000	     41696	80008dd8	0104f2b3	and	x5,x9,x16	  x9:0x00000000 x16:0x0000001e  x5=0x00000000
      835989000	     41697	80008ddc	1f04	c.addi4spn	x9,x2,944	  x9=0x00ad11b0
      836009000	     41698	80008dde	717d	c.addi16sp	x2,-16	  x2:0x00ad0e00  x2=0x00ad0df0
      836029000	     41699	80008de0	6e09	c.lui	x28,0x2	 x28=0x00002000
      836049000	     41700	80008de2	4541	c.li	x10,16	 x10=0x00000010
      836069000	     41701	80008de4	45ea4a93	xori	x21,x20,1118	 x20:0x00000000 x21=0x0000045e
      836089000	     41702	80008de8	00bcfb33	and	x22,x25,x11	 x25:0x00000000 x11:0x80021e58 x22=0x00000000
      836109000	     41703	80008dec	01638963	beq	x7,x22,80008dfe	  x7:0x05687000 x22:0x00000000
      836129000	     41704	80008df0	0001	c.addi	x0,0	  x0:0x00000000  x0=0x00000000
      836149000	     41705	80008df2	68e5	c.lui	x17,0x19	 x17=0x00019000
      836169000	     41706	80008df4	fe1f7993	andi	x19,x30,-31	 x30:0xb5e7fd7c x19=0xb5e7fd60
      836469000	     41721	80008df8	0ff0000f	fence	iorw,iorw	
      836749000	     41735	80008dfc	c421	c.beqz	x8,80008e44	  x8:0x00000000
      837709000	     41783	80008e44	02a02433	mulhsu	x8,x0,x10	  x0:0x00000000 x10:0x00000010  x8=0x00000000
      838049000	     41800	80008e48	41ba0233	sub	x4,x20,x27	 x20:0x00000000 x27:0x00000000  x4=0x00000000
      838269000	     41811	80008e4c	1708	c.addi4spn	x10,x2,928	 x10=0x00ad1190
      838289000	     41812	80008e4e	8e25	c.xor	x12,x9	 x12:0x89de5000  x9:0x00ad11b0 x12=0x897341b0
      838309000	     41813	80008e50	80fd	c.srli	x9,0x1f	  x9:0x00ad11b0  x9=0x00000000
      838329000	     41814	80008e52	87f1	c.srai	x15,0x1c	 x15:0x00000000 x15=0x00000000
      838589000	     41827	80008e54	44846d97	auipc	x27,0x44846	 x27=0xc484ee54
      838609000	     41828	80008e58	805d	c.srli	x8,0x17	  x8:0x00000000  x8=0x00000000
      838629000	     41829	80008e5a	0788	c.addi4spn	x10,x2,960	 x10=0x00ad11b0
      838649000	     41830	80008e5c	0ff0000f	fence	iorw,iorw	
      838669000	     41831	80008e60	147d	c.addi	x8,-1	  x8:0x00000000  x8=0xffffffff
      838689000	     41832	80008e62	9b7d	c.andi	x14,-1	 x14:0x00006000 x14=0x00006000
      839069000	     41851	80008e64	177d	c.addi	x14,-1	 x14:0x00006000 x14=0x00005fff
      839089000	     41852	80008e66	8971	c.andi	x10,28	 x10:0x00ad11b0 x10=0x00000010
      839149000	     41855	80008e68	02146063	bltu	x8,x1,80008e88	  x8:0xffffffff  x1:0x00000000
      839169000	     41856	80008e6c	2c769c17	auipc	x24,0x2c769	 x24=0xac771e6c
      839329000	     41864	80008e70	400ad533	sra	x10,x21,x0	 x21:0x0000045e  x0:0x00000000 x10=0x0000045e
      839349000	     41865	80008e74	8aa5	c.andi	x13,9	 x13:0x80000000 x13=0x00000000
      839769000	     41886	80008e76	0154e463	bltu	x9,x21,80008e7e	  x9:0x00000000 x21:0x0000045e
      840629000	     41929	80008e7e	02605563	bge	x0,x6,80008ea8	  x0:0x00000000  x6:0x00000000
      842269000	     42011	80008ea8	01611293	slli	x5,x2,0x16	  x2:0x00ad0df0  x5=0x7c000000
      842449000	     42020	80008eac	8fa5	c.xor	x15,x9	 x15:0x00000000  x9:0x00000000 x15=0x00000000
      842469000	     42021	80008eae	9afd	c.andi	x13,-1	 x13:0x00000000 x13=0x00000000
      843209000	     42058	80008eb0	037749b3	div	x19,x14,x23	 x14:0x00005fff x23:0x0000035b x19=0x0000001c
      843229000	     42059	80008eb4	41ed50b3	sra	x1,x26,x30	 x26:0x0000001e x30:0xb5e7fd7c  x1=0x00000000
      843249000	     42060	80008eb8	000b9f63	bne	x23,x0,80008ed6	 x23:0x0000035b  x0:0x00000000
      843429000	     42069	80008ed6	8d71	c.and	x10,x12	 x10:0x0000045e x12:0x897341b0 x10=0x00000010
      844289000	     42112	80008ed8	035b56b3	divu	x13,x22,x21	 x22:0x00000000 x21:0x0000045e x13=0x00000000
      844309000	     42113	80008edc	0000100f	fence.i	
      844529000	     42124	80008ee0	9f12	c.add	x30,x4	 x30:0xb5e7fd7c  x4:0x00000000 x30=0xb5e7fd7c
      844549000	     42125	80008ee2	018953b3	srl	x7,x18,x24	 x18:0x15a3d708 x24:0xac771e6c  x7=0x00015a3d
      844569000	     42126	80008ee6	8f4d	c.or	x14,x11	 x14:0x00005fff x11:0x80021e58 x14=0x80025fff
      845369000	     42166	80008ee8	033fcdb3	div	x27,x31,x19	 x31:0x80025ce4 x19:0x0000001c x27=0xfb6dcc76
      845389000	     42167	80008eec	408d5913	srai	x18,x26,0x8	 x26:0x0000001e x18=0x00000000
      845409000	     42168	80008ef0	e089	c.bnez	x9,80008ef2	  x9:0x00000000
      845429000	     42169	80008ef2	8a24c713	xori	x14,x9,-1886	  x9:0x00000000 x14=0xfffff8a2
      845449000	     42170	80008ef6	0609	c.addi	x12,2	 x12:0x897341b0 x12=0x897341b2
      845469000	     42171	80008ef8	0001	c.addi	x0,0	  x0:0x00000000  x0=0x00000000
      845489000	     42172	80008efa	8baa	c.mv	x23,x10	  x0:0x00000000 x10:0x00000010 x23=0x00000010
      845509000	     42173	80008efc	0ff0000f	fence	iorw,iorw	
      845529000	     42174	80008f00	40d25393	srai	x7,x4,0xd	  x4:0x00000000  x7=0x00000000
      845549000	     42175	80008f04	d3803113	sltiu	x2,x0,-712	  x0:0x00000000  x2=0x00000001
      845709000	     42183	80008f08	0d04	c.addi4spn	x9,x2,656	  x9=0x00000291
      845909000	     42193	80008f0a	1b02ce13	xori	x28,x5,432	  x5:0x7c000000 x28=0x7c0001b0
      846269000	     42211	80008f0e	02637033	remu	x0,x6,x6	  x6:0x00000000  x6:0x00000000  x0=0x00000000
      846289000	     42212	80008f12	01d144b3	xor	x9,x2,x29	  x2:0x00000001 x29:0x29fd4000  x9=0x29fd4001
      847169000	     42256	80008f16	03775633	divu	x12,x14,x23	 x14:0xfffff8a2 x23:0x00000010 x12=0x0fffff8a
      847189000	     42257	80008f1a	8eb5	c.xor	x13,x13	 x13:0x00000000 x13:0x00000000 x13=0x00000000
      847209000	     42258	80008f1c	0c3e	c.slli	x24,0xf	 x24:0xac771e6c x24=0x8f360000
      847229000	     42259	80008f1e	46b1	c.li	x13,12	 x13=0x0000000c
      847249000	     42260	80008f20	0001	c.addi	x0,0	  x0:0x00000000  x0=0x00000000
      847269000	     42261	80008f22	4279	c.li	x4,30	  x4=0x0000001e
      847289000	     42262	80008f24	00da7ab3	and	x21,x20,x13	 x20:0x00000000 x13:0x0000000c x21=0x00000000
      847309000	     42263	80008f28	7045f393	andi	x7,x11,1796	 x11:0x80021e58  x7=0x00000600
      848069000	     42301	80008f2c	02274a33	div	x20,x14,x2	 x14:0xfffff8a2  x2:0x00000001 x20=0xfffff8a2
      848089000	     42302	80008f30	8e7d	c.and	x12,x15	 x12:0x0fffff8a x15:0x00000000 x12=0x00000000
      848109000	     42303	80008f32	9f58b193	sltiu	x3,x17,-1547	 x17:0x00019000  x3=0x00000001
      848129000	     42304	80008f36	016a5e63	bge	x20,x22,80008f52	 x20:0xfffff8a2 x22:0x00000000
      848149000	     42305	80008f3a	8b6a	c.mv	x22,x26	  x0:0x00000000 x26:0x0000001e x22=0x0000001e
      848169000	     42306	80008f3c	02230633	mul	x12,x6,x2	  x6:0x00000000  x2:0x00000001 x12=0x00000000
      848189000	     42307	80008f40	eb09	c.bnez	x14,80008f52	 x14:0xfffff8a2
      848249000	     42310	80008f52	8ff9	c.and	x15,x14	 x15:0x00000000 x14:0xfffff8a2 x15=0x00000000
      848269000	     42311	80008f54	0d7e	c.slli	x26,0x1f	 x26:0x0000001e x26=0x00000000
      848289000	     42312	80008f56	8c41	c.or	x8,x8	  x8:0xffffffff  x8:0xffffffff  x8=0xffffffff
      848309000	     42313	80008f58	00f6b0b3	sltu	x1,x13,x15	 x13:0x0000000c x15:0x00000000  x1=0x00000000
      848709000	     42333	80008f5c	001f7963	bgeu	x30,x1,80008f6e	 x30:0xb5e7fd7c  x1:0x00000000
      849889000	     42392	80008f6e	020076b3	remu	x13,x0,x0	  x0:0x00000000  x0:0x00000000 x13=0x00000000
      849909000	     42393	80008f72	00a8d533	srl	x10,x17,x10	 x17:0x00019000 x10:0x00000010 x10=0x00000001
      849929000	     42394	80008f76	1e02b113	sltiu	x2,x5,480	  x5:0x7c000000  x2=0x00000000
      850009000	     42398	80008f7a	01dddc13	srli	x24,x27,0x1d	 x27:0xfb6dcc76 x24=0x00000007
      850089000	     42402	80008f7e	0225c533	div	x10,x11,x2	 x11:0x80021e58  x2:0x00000000 x10=0xffffffff
      850129000	     42404	80008f82	03d4a733	mulhsu	x14,x9,x29	  x9:0x29fd4001 x29:0x29fd4000 x14=0x06e31907
      850149000	     42405	80008f86	6ed5	c.lui	x29,0x15	 x29=0x00015000
      850289000	     42412	80008f88	022c8933	mul	x18,x25,x2	 x25:0x00000000  x2:0x00000000 x18=0x00000000
      850309000	     42413	80008f8c	002f5b93	srli	x23,x30,0x2	 x30:0xb5e7fd7c x23=0x2d79ff5f
      850329000	     42414	80008f90	03d80c33	mul	x24,x16,x29	 x16:0x0000001e x29:0x00015000 x24=0x00276000
      850749000	     42435	80008f94	0ff0000f	fence	iorw,iorw	
      850769000	     42436	80008f98	01fa5b63	bge	x20,x31,80008fae	 x20:0xfffff8a2 x31:0x80025ce4
      851009000	     42448	80008fae	4f39	c.li	x30,14	 x30=0x0000000e
      851109000	     42453	80008fb0	05ef6063	bltu	x30,x30,80008ff0	 x30:0x0000000e x30:0x0000000e
      851129000	     42454	80008fb4	69a1	c.lui	x19,0x8	 x19=0x00008000
      851869000	     42491	80008fb6	0374f3b3	remu	x7,x9,x23	  x9:0x29fd4001 x23:0x2d79ff5f  x7=0x29fd4001
      851889000	     42492	80008fba	40025d93	srai	x27,x4,0x0	  x4:0x0000001e x27=0x0000001e
      851909000	     42493	80008fbe	86f2	c.mv	x13,x28	  x0:0x00000000 x28:0x7c0001b0 x13=0x7c0001b0
      851929000	     42494	80008fc0	0192bb33	sltu	x22,x5,x25	  x5:0x7c000000 x25:0x00000000 x22=0x00000000
      852669000	     42531	80008fc4	02b6e633	rem	x12,x13,x11	 x13:0x7c0001b0 x11:0x80021e58 x12=0x7c0001b0
      852689000	     42532	80008fc8	019dfd33	and	x26,x27,x25	 x27:0x0000001e x25:0x00000000 x26=0x00000000
      852709000	     42533	80008fcc	0000100f	fence.i	
      852969000	     42546	80008fd0	00795233	srl	x4,x18,x7	 x18:0x00000000  x7:0x29fd4001  x4=0x00000000
      853109000	     42553	80008fd4	004f3933	sltu	x18,x30,x4	 x30:0x0000000e  x4:0x00000000 x18=0x00000000
      853129000	     42554	80008fd8	43922093	slti	x1,x4,1081	  x4:0x00000000  x1=0x00000001
      853869000	     42591	80008fdc	029fef33	rem	x30,x31,x9	 x31:0x80025ce4  x9:0x29fd4001 x30=0xfdfa1ce7
      853909000	     42593	80008fe0	02047633	remu	x12,x8,x0	  x8:0xffffffff  x0:0x00000000 x12=0xffffffff
      853929000	     42594	80008fe4	01bc1e93	slli	x29,x24,0x1b	 x24:0x00276000 x29=0x00000000
      853949000	     42595	80008fe8	a0c12513	slti	x10,x2,-1524	  x2:0x00000000 x10=0x00000000
      853969000	     42596	80008fec	6b0c23b7	lui	x7,0x6b0c2	  x7=0x6b0c2000
      853989000	     42597	80008ff0	c750ba13	sltiu	x20,x1,-907	  x1:0x00000001 x20=0x00000001
      854009000	     42598	80008ff4	00a39363	bne	x7,x10,80008ffa	  x7:0x6b0c2000 x10:0x00000000
      855289000	     42662	80008ffa	40005493	srai	x9,x0,0x0	  x0:0x00000000  x9=0x00000000
      855349000	     42665	80008ffe	02f7e633	rem	x12,x15,x15	 x15:0x00000000 x15:0x00000000 x12=0x00000000
      855749000	     42685	80009002	017059b3	srl	x19,x0,x23	  x0:0x00000000 x23:0x2d79ff5f x19=0x00000000
      855769000	     42686	80009006	815e	c.mv	x2,x23	  x0:0x00000000 x23:0x2d79ff5f  x2=0x2d79ff5f
      855789000	     42687	80009008	013d2233	slt	x4,x26,x19	 x26:0x00000000 x19:0x00000000  x4=0x00000000
      855809000	     42688	8000900c	8e8d	c.sub	x13,x11	 x13:0x7c0001b0 x11:0x80021e58 x13=0xfbfde358
      855829000	     42689	8000900e	99ba	c.add	x19,x14	 x19:0x00000000 x14:0x06e31907 x19=0x06e31907
      855989000	     42697	80009010	00f33933	sltu	x18,x6,x15	  x6:0x00000000 x15:0x00000000 x18=0x00000000
      856029000	     42699	80009014	03dbbb33	mulhu	x22,x23,x29	 x23:0x2d79ff5f x29:0x00000000 x22=0x00000000
      856049000	     42700	80009018	8d79	c.and	x10,x14	 x10:0x00000000 x14:0x06e31907 x10=0x00000000
      856229000	     42709	8000901a	0291d163	bge	x3,x9,8000903c	  x3:0x00000001  x9:0x00000000
      856909000	     42743	8000903c	018f9a63	bne	x31,x24,80009050	 x31:0x80025ce4 x24:0x00276000
      857569000	     42776	80009050	4f5daf13	slti	x30,x27,1269	 x27:0x0000001e x30=0x00000001
      857589000	     42777	80009054	03800cb3	mul	x25,x0,x24	  x0:0x00000000 x24:0x00276000 x25=0x00000000
      857689000	     42782	80009058	04d2	c.slli	x9,0x14	  x9:0x00000000  x9=0x00000000
      857789000	     42787	8000905a	03fd9bb3	mulh	x23,x27,x31	 x27:0x0000001e x31:0x80025ce4 x23=0xfffffff1
      857929000	     42794	8000905e	015b48b3	xor	x17,x22,x21	 x22:0x00000000 x21:0x00000000 x17=0x00000000
      857989000	     42797	80009062	00622f33	slt	x30,x4,x6	  x4:0x00000000  x6:0x00000000 x30=0x00000000
      858009000	     42798	80009066	01dcbb33	sltu	x22,x25,x29	 x25:0x00000000 x29:0x00000000 x22=0x00000000
      858429000	     42819	8000906a	75824e93	xori	x29,x4,1880	  x4:0x00000000 x29=0x00000758
      858449000	     42820	8000906e	8351	c.srli	x14,0x14	 x14:0x06e31907 x14=0x0000006e
      858469000	     42821	80009070	00d6b633	sltu	x12,x13,x13	 x13:0xfbfde358 x13:0xfbfde358 x12=0x00000000
      858549000	     42825	80009074	01a42d33	slt	x26,x8,x26	  x8:0xffffffff x26:0x00000000 x26=0x00000001
      858589000	     42827	80009078	033f8163	beq	x31,x19,8000909a	 x31:0x80025ce4 x19:0x06e31907
      859009000	     42848	8000907c	e8b3bd13	sltiu	x26,x7,-373	  x7:0x6b0c2000 x26=0x00000001
      859249000	     42860	80009080	0ff0000f	fence	iorw,iorw	
      859269000	     42861	80009084	04cb5463	bge	x22,x12,800090cc	 x22:0x00000000 x12:0x00000000
      860409000	     42918	800090cc	02dc66b3	rem	x13,x24,x13	 x24:0x00276000 x13:0xfbfde358 x13=0x00276000
      860429000	     42919	800090d0	01d591b3	sll	x3,x11,x29	 x11:0x80021e58 x29:0x00000758  x3=0x58000000
      860449000	     42920	800090d4	6d83bb93	sltiu	x23,x7,1752	  x7:0x6b0c2000 x23=0x00000000
      860469000	     42921	800090d8	a1f1ec93	ori	x25,x3,-1505	  x3:0x58000000 x25=0xfffffa1f
      860489000	     42922	800090dc	09b5	c.addi	x19,13	 x19:0x06e31907 x19=0x06e31914
      860509000	     42923	800090de	8f29	c.xor	x14,x10	 x14:0x0000006e x10:0x00000000 x14=0x0000006e
      861249000	     42960	800090e0	03985233	divu	x4,x16,x25	 x16:0x0000001e x25:0xfffffa1f  x4=0x00000000
      862469000	     43021	800090e4	0001	c.addi	x0,0	  x0:0x00000000  x0=0x00000000
      862489000	     43022	800090e6	ba1b0637	lui	x12,0xba1b0	 x12=0xba1b0000
      863229000	     43059	800090ea	03c4f633	remu	x12,x9,x28	  x9:0x00000000 x28:0x7c0001b0 x12=0x00000000
      863249000	     43060	800090ee	02318c33	mul	x24,x3,x3	  x3:0x58000000  x3:0x58000000 x24=0x00000000
      863269000	     43061	800090f2	8f71	c.and	x14,x12	 x14:0x0000006e x12:0x00000000 x14=0x00000000
      863289000	     43062	800090f4	997d	c.andi	x10,-1	 x10:0x00000000 x10=0x00000000
      863309000	     43063	800090f6	408b5693	srai	x13,x22,0x8	 x22:0x00000000 x13=0x00000000
      863329000	     43064	800090fa	0017cbb3	xor	x23,x15,x1	 x15:0x00000000  x1:0x00000001 x23=0x00000001
      863349000	     43065	800090fe	128f0393	addi	x7,x30,296	 x30:0x00000000  x7=0x00000128
      863369000	     43066	80009102	149c	c.addi4spn	x15,x2,608	 x15=0x2d7a01bf
      863409000	     43068	80009104	03df3833	mulhu	x16,x30,x29	 x30:0x00000000 x29:0x00000758 x16=0x00000000
      863589000	     43077	80009108	0000100f	fence.i	
      864329000	     43114	8000910c	0321c833	div	x16,x3,x18	  x3:0x58000000 x18:0x00000000 x16=0xffffffff
      864349000	     43115	80009110	8d2d	c.xor	x10,x11	 x10:0x00000000 x11:0x80021e58 x10=0x80021e58
      864369000	     43116	80009112	01d29093	slli	x1,x5,0x1d	  x5:0x7c000000  x1=0x00000000
      864389000	     43117	80009116	8fcd	c.or	x15,x11	 x15:0x2d7a01bf x11:0x80021e58 x15=0xad7a1fff
      864409000	     43118	80009118	e089	c.bnez	x9,8000911a	  x9:0x00000000
      864429000	     43119	8000911a	01abe263	bltu	x23,x26,8000911e	 x23:0x00000001 x26:0x00000001
      864629000	     43129	8000911e	02ffa8b3	mulhsu	x17,x31,x15	 x31:0x80025ce4 x15:0xad7a1fff x17=0xa94489e7
      864869000	     43141	80009122	032dd663	bge	x27,x18,8000914e	 x27:0x0000001e x18:0x00000000
      865309000	     43163	8000914e	6171	c.addi16sp	x2,336	  x2:0x2d79ff5f  x2=0x2d7a00af
      865329000	     43164	80009150	997d	c.andi	x10,-1	 x10:0x80021e58 x10=0x80021e58
      865349000	     43165	80009152	8f5d	c.or	x14,x15	 x14:0x00000000 x15:0xad7a1fff x14=0xad7a1fff
      865369000	     43166	80009154	8129	c.srli	x10,0xa	 x10:0x80021e58 x10=0x00200087
      865729000	     43184	80009156	03c7b9b3	mulhu	x19,x15,x28	 x15:0xad7a1fff x28:0x7c0001b0 x19=0x540728a4
      865749000	     43185	8000915a	01f183b3	add	x7,x3,x31	  x3:0x58000000 x31:0x80025ce4  x7=0xd8025ce4
      865769000	     43186	8000915e	0001	c.addi	x0,0	  x0:0x00000000  x0=0x00000000
      865789000	     43187	80009160	019073b3	and	x7,x0,x25	  x0:0x00000000 x25:0xfffffa1f  x7=0x00000000
      865809000	     43188	80009164	01c0ea63	bltu	x1,x28,80009178	  x1:0x00000000 x28:0x7c0001b0
      866249000	     43210	80009178	8c25	c.xor	x8,x9	  x8:0xffffffff  x9:0x00000000  x8=0xffffffff
      866689000	     43232	8000917a	03213033	mulhu	x0,x2,x18	  x2:0x2d7a00af x18:0x00000000  x0=0x00000000
      866709000	     43233	8000917e	e881	c.bnez	x9,8000918e	  x9:0x00000000
      867049000	     43250	80009180	87d5	c.srai	x15,0x15	 x15:0xad7a1fff x15=0xfffffd6b
      867069000	     43251	80009182	6129	c.addi16sp	x2,192	  x2:0x2d7a00af  x2=0x2d7a016f
      867109000	     43253	80009184	03949833	mulh	x16,x9,x25	  x9:0x00000000 x25:0xfffffa1f x16=0x00000000
      867469000	     43271	80009188	032bd8b3	divu	x17,x23,x18	 x23:0x00000001 x18:0x00000000 x17=0xffffffff
      867589000	     43277	8000918c	8795	c.srai	x15,0x5	 x15:0xfffffd6b x15=0xffffffeb
      868329000	     43314	8000918e	02f07e33	remu	x28,x0,x15	  x0:0x00000000 x15:0xffffffeb x28=0x00000000
      868349000	     43315	80009192	0af4ae13	slti	x28,x9,175	  x9:0x00000000 x28=0x00000001
      868369000	     43316	80009196	41bf5233	sra	x4,x30,x27	 x30:0x00000000 x27:0x0000001e  x4=0x00000000
      868529000	     43324	8000919a	01f4e863	bltu	x9,x31,800091aa	  x9:0x00000000 x31:0x80025ce4
      869209000	     43358	800091aa	0001	c.addi	x0,0	  x0:0x00000000  x0=0x00000000
      869289000	     43362	800091ac	8f16	c.mv	x30,x5	  x0:0x00000000  x5:0x7c000000 x30=0x7c000000
      869309000	     43363	800091ae	1290	c.addi4spn	x12,x2,352	 x12=0x2d7a02cf
      869349000	     43365	800091b0	02be1d33	mulh	x26,x28,x11	 x28:0x00000001 x11:0x80021e58 x26=0xffffffff
      869509000	     43373	800091b4	002a9233	sll	x4,x21,x2	 x21:0x00000000  x2:0x2d7a016f  x4=0x00000000
      869889000	     43392	800091b8	6e7373b7	lui	x7,0x6e737	  x7=0x6e737000
      869909000	     43393	800091bc	02bdef63	bltu	x27,x11,800091fa	 x27:0x0000001e x11:0x80021e58
      870269000	     43411	800091fa	157d	c.addi	x10,-1	 x10:0x00200087 x10=0x00200086
      871189000	     43457	800091fc	03e3fcb3	remu	x25,x7,x30	  x7:0x6e737000 x30:0x7c000000 x25=0x6e737000
      871209000	     43458	80009200	ec05	c.bnez	x8,80009238	  x8:0xffffffff
      872169000	     43506	80009238	02a4ee33	rem	x28,x9,x10	  x9:0x00000000 x10:0x00200086 x28=0x00000000
      872189000	     43507	8000923c	ca9d	c.beqz	x13,80009272	 x13:0x00000000
      872289000	     43512	80009272	4d65	c.li	x26,25	 x26=0x00000019
      872349000	     43515	80009274	8c39	c.xor	x8,x14	  x8:0xffffffff x14:0xad7a1fff  x8=0x5285e000
      872369000	     43516	80009276	8fc5	c.or	x15,x9	 x15:0xffffffeb  x9:0x00000000 x15=0xffffffeb
      872609000	     43528	80009278	8651	c.srai	x12,0x14	 x12:0x2d7a02cf x12=0x000002d7
      872629000	     43529	8000927a	8762	c.mv	x14,x24	  x0:0x00000000 x24:0x00000000 x14=0x00000000
      872649000	     43530	8000927c	0000100f	fence.i	
      872909000	     43543	80009280	8fcd	c.or	x15,x11	 x15:0xffffffeb x11:0x80021e58 x15=0xfffffffb
      872929000	     43544	80009282	8c19	c.sub	x8,x14	  x8:0x5285e000 x14:0x00000000  x8=0x5285e000
      872949000	     43545	80009284	8f25	c.xor	x14,x9	 x14:0x00000000  x9:0x00000000 x14=0x00000000
      872969000	     43546	80009286	24470a13	addi	x20,x14,580	 x14:0x00000000 x20=0x00000244
      872989000	     43547	8000928a	f60d5417	auipc	x8,0xf60d5	  x8=0x760de28a
      873789000	     43587	8000928e	02a642b3	div	x5,x12,x10	 x12:0x000002d7 x10:0x00200086  x5=0x00000000
      873809000	     43588	80009292	018b00b3	add	x1,x22,x24	 x22:0x00000000 x24:0x00000000  x1=0x00000000
      874629000	     43629	80009296	02b7df33	divu	x30,x15,x11	 x15:0xfffffffb x11:0x80021e58 x30=0x00000001
      874649000	     43630	8000929a	6f1d	c.lui	x30,0x7	 x30=0x00007000
      874669000	     43631	8000929c	40fcdc33	sra	x24,x25,x15	 x25:0x6e737000 x15:0xfffffffb x24=0x0000000d
      874689000	     43632	800092a0	00cce4b3	or	x9,x25,x12	 x25:0x6e737000 x12:0x000002d7  x9=0x6e7372d7
      874709000	     43633	800092a4	e321	c.bnez	x14,800092e4	 x14:0x00000000
      874729000	     43634	800092a6	01f26cb3	or	x25,x4,x31	  x4:0x00000000 x31:0x80025ce4 x25=0x80025ce4
      874749000	     43635	800092aa	8c8d	c.sub	x9,x11	  x9:0x6e7372d7 x11:0x80021e58  x9=0xee71547f
      874769000	     43636	800092ac	57d6bc13	sltiu	x24,x13,1405	 x13:0x00000000 x24=0x00000001
      875089000	     43652	800092b0	002981b3	add	x3,x19,x2	 x19:0x540728a4  x2:0x2d7a016f  x3=0x81812a13
      875229000	     43659	800092b4	03197463	bgeu	x18,x17,800092dc	 x18:0x00000000 x17:0xffffffff
      875629000	     43679	800092b8	8ea5	c.xor	x13,x9	 x13:0x00000000  x9:0xee71547f x13=0xee71547f
      875649000	     43680	800092ba	011b37b3	sltu	x15,x22,x17	 x22:0x00000000 x17:0xffffffff x15=0x00000001
      875689000	     43682	800092be	40ffd933	sra	x18,x31,x15	 x31:0x80025ce4 x15:0x00000001 x18=0xc0012e72
      875709000	     43683	800092c2	86c9	c.srai	x13,0x12	 x13:0xee71547f x13=0xfffffb9c
      876049000	     43700	800092c4	03efa7b3	mulhsu	x15,x31,x30	 x31:0x80025ce4 x30:0x00007000 x15=0xffffc801
      876449000	     43720	800092c8	8c89	c.sub	x9,x10	  x9:0xee71547f x10:0x00200086  x9=0xee5153f9
      876509000	     43723	800092ca	021197b3	mulh	x15,x3,x1	  x3:0x81812a13  x1:0x00000000 x15=0x00000000
      876549000	     43725	800092ce	6cc5f813	andi	x16,x11,1740	 x11:0x80021e58 x16=0x00000648
      876569000	     43726	800092d2	6959	c.lui	x18,0x16	 x18=0x00016000
      876589000	     43727	800092d4	9abbac97	auipc	x25,0x9abba	 x25=0x1abc32d4
      876609000	     43728	800092d8	00e038b3	sltu	x17,x0,x14	  x0:0x00000000 x14:0x00000000 x17=0x00000000
      876629000	     43729	800092dc	008251b3	srl	x3,x4,x8	  x4:0x00000000  x8:0x760de28a  x3=0x00000000
      877389000	     43767	800092e0	02a07ab3	remu	x21,x0,x10	  x0:0x00000000 x10:0x00200086 x21=0x00000000
      877409000	     43768	800092e4	07aa	c.slli	x15,0xa	 x15:0x00000000 x15=0x00000000
      877429000	     43769	800092e6	01de1c33	sll	x24,x28,x29	 x28:0x00000000 x29:0x00000758 x24=0x00000000
      877449000	     43770	800092ea	1b7d	c.addi	x22,-1	 x22:0x00000000 x22=0xffffffff
      877489000	     43772	800092ec	02853133	mulhu	x2,x10,x8	 x10:0x00200086  x8:0x760de28a  x2=0x000ec1fa
      877509000	     43773	800092f0	1114	c.addi4spn	x13,x2,160	 x13=0x000ec29a
      877529000	     43774	800092f2	0001	c.addi	x0,0	  x0:0x00000000  x0=0x00000000
      877549000	     43775	800092f4	41148633	sub	x12,x9,x17	  x9:0xee5153f9 x17:0x00000000 x12=0xee5153f9
      877929000	     43794	800092f8	0000100f	fence.i	
      878809000	     43838	800092fc	0001	c.addi	x0,0	  x0:0x00000000  x0=0x00000000
      878829000	     43839	800092fe	1104	c.addi4spn	x9,x2,160	  x9=0x000ec29a
      878849000	     43840	80009300	008f0f63	beq	x30,x8,8000931e	 x30:0x00007000  x8:0x760de28a
      878869000	     43841	80009304	6219	c.lui	x4,0x6	  x4=0x00006000
      878889000	     43842	80009306	0178dd33	srl	x26,x17,x23	 x17:0x00000000 x23:0x00000001 x26=0x00000000
      879289000	     43862	8000930a	0368ee63	bltu	x17,x22,80009346	 x17:0x00000000 x22:0xffffffff
      879929000	     43894	80009346	0000100f	fence.i	
      880249000	     43910	8000934a	6c3af213	andi	x4,x21,1731	 x21:0x00000000  x4=0x00000000
      880269000	     43911	8000934e	014f5f13	srli	x30,x30,0x14	 x30:0x00007000 x30=0x00000000
      880289000	     43912	80009352	4619	c.li	x12,6	 x12=0x00000006
      880309000	     43913	80009354	02000c63	beq	x0,x0,8000938c	  x0:0x00000000  x0:0x00000000
      880589000	     43927	8000938c	021a8b33	mul	x22,x21,x1	 x21:0x00000000  x1:0x00000000 x22=0x00000000
      880629000	     43929	80009390	02f4c433	div	x8,x9,x15	  x9:0x000ec29a x15:0x00000000  x8=0xffffffff
      880649000	     43930	80009394	9972	c.add	x18,x28	 x18:0x00016000 x28:0x00000000 x18=0x00016000
      880969000	     43946	80009396	d66e2e93	slti	x29,x28,-666	 x28:0x00000000 x29=0x00000000
      880989000	     43947	8000939a	027e1863	bne	x28,x7,800093ca	 x28:0x00000000  x7:0x6e737000
      882029000	     43999	800093ca	0000100f	fence.i	
      882349000	     44015	800093ce	8729	c.srai	x14,0xa	 x14:0x00000000 x14=0x00000000
      882369000	     44016	800093d0	717d	c.addi16sp	x2,-16	  x2:0x000ec1fa  x2=0x000ec1ea
      882389000	     44017	800093d2	5baa4d13	xori	x26,x20,1466	 x20:0x00000244 x26=0x000007fe
      882409000	     44018	800093d6	0001	c.addi	x0,0	  x0:0x00000000  x0=0x00000000
      882429000	     44019	800093d8	019c5113	srli	x2,x24,0x19	 x24:0x00000000  x2=0x00000000
      883269000	     44061	800093dc	028d7b33	remu	x22,x26,x8	 x26:0x000007fe  x8:0xffffffff x22=0x000007fe
      883289000	     44062	800093e0	00766b33	or	x22,x12,x7	 x12:0x00000006  x7:0x6e737000 x22=0x6e737006
      883309000	     44063	800093e4	9bde	c.add	x23,x23	 x23:0x00000001 x23:0x00000001 x23=0x00000002
      883329000	     44064	800093e6	00c17b63	bgeu	x2,x12,800093fc	  x2:0x00000000 x12:0x00000006
      883349000	     44065	800093ea	0d80	c.addi4spn	x8,x2,720	  x8=0x000002d0
      883389000	     44067	800093ec	0224a6b3	mulhsu	x13,x9,x2	  x9:0x000ec29a  x2:0x00000000 x13=0x00000000
      883409000	     44068	800093f0	41a15db3	sra	x27,x2,x26	  x2:0x00000000 x26:0x000007fe x27=0x00000000
      883429000	     44069	800093f4	01ae9413	slli	x8,x29,0x1a	 x29:0x00000000  x8=0x00000000
      883449000	     44070	800093f8	0037d233	srl	x4,x15,x3	 x15:0x00000000  x3:0x00000000  x4=0x00000000
      883469000	     44071	800093fc	038c09b3	mul	x19,x24,x24	 x24:0x00000000 x24:0x00000000 x19=0x00000000
      883509000	     44073	80009400	03e55233	divu	x4,x10,x30	 x10:0x00200086 x30:0x00000000  x4=0xffffffff
      883609000	     44078	80009404	03a286b3	mul	x13,x5,x26	  x5:0x00000000 x26:0x000007fe x13=0x00000000
      883629000	     44079	80009408	00ea6a63	bltu	x20,x14,8000941c	 x20:0x00000244 x14:0x00000000
      883829000	     44089	8000940c	08f2	c.slli	x17,0x1c	 x17:0x00000000 x17=0x00000000
      883849000	     44090	8000940e	40f45893	srai	x17,x8,0xf	  x8:0x00000000 x17=0x00000000
      883869000	     44091	80009412	8c85	c.sub	x9,x9	  x9:0x000ec29a  x9:0x000ec29a  x9=0x00000000
      883889000	     44092	80009414	0066ccb3	xor	x25,x13,x6	 x13:0x00000000  x6:0x00000000 x25=0x00000000
      883909000	     44093	80009418	0180b533	sltu	x10,x1,x24	  x1:0x00000000 x24:0x00000000 x10=0x00000000
      883949000	     44095	8000941c	090a	c.slli	x18,0x2	 x18:0x00016000 x18=0x00058000
      884169000	     44106	8000941e	0ff0000f	fence	iorw,iorw	
      884429000	     44119	80009422	035f77b3	remu	x15,x30,x21	 x30:0x00000000 x21:0x00000000 x15=0x00000000
      884449000	     44120	80009426	0001	c.addi	x0,0	  x0:0x00000000  x0=0x00000000
      884469000	     44121	80009428	01068eb3	add	x29,x13,x16	 x13:0x00000000 x16:0x00000648 x29=0x00000648
      884849000	     44140	8000942c	00d54f63	blt	x10,x13,8000944a	 x10:0x00000000 x13:0x00000000
      884869000	     44141	80009430	a8724613	xori	x12,x4,-1401	  x4:0xffffffff x12=0x00000578
      884889000	     44142	80009434	0dbd	c.addi	x27,15	 x27:0x00000000 x27=0x0000000f
      884969000	     44146	80009436	1b498793	addi	x15,x19,436	 x19:0x00000000 x15=0x000001b4
      885009000	     44148	8000943a	00f7e133	or	x2,x15,x15	 x15:0x000001b4 x15:0x000001b4  x2=0x000001b4
      885029000	     44149	8000943e	717d	c.addi16sp	x2,-16	  x2:0x000001b4  x2=0x000001a4
      885309000	     44163	80009440	91ea	c.add	x3,x26	  x3:0x00000000 x26:0x000007fe  x3=0x000007fe
      886169000	     44206	80009442	03dc41b3	div	x3,x24,x29	 x24:0x00000000 x29:0x00000648  x3=0x00000000
      886189000	     44207	80009446	603c4113	xori	x2,x24,1539	 x24:0x00000000  x2=0x00000603
      886209000	     44208	8000944a	41a45093	srai	x1,x8,0x1a	  x8:0x00000000  x1=0x00000000
      886229000	     44209	8000944e	0001	c.addi	x0,0	  x0:0x00000000  x0=0x00000000
      886269000	     44211	80009450	038decb3	rem	x25,x27,x24	 x27:0x0000000f x24:0x00000000 x25=0x0000000f
      886549000	     44225	80009454	8f25	c.xor	x14,x9	 x14:0x00000000  x9:0x00000000 x14=0x00000000
      886749000	     44235	80009456	0153ce63	blt	x7,x21,80009472	  x7:0x6e737000 x21:0x00000000
      886769000	     44236	8000945a	0c00	c.addi4spn	x8,x2,528	  x8=0x00000813
      886789000	     44237	8000945c	8c41	c.or	x8,x8	  x8:0x00000813  x8:0x00000813  x8=0x00000813
      887189000	     44257	8000945e	0374ef63	bltu	x9,x23,8000949c	  x9:0x00000000 x23:0x00000002
      887329000	     44264	8000949c	8d75	c.and	x10,x13	 x10:0x00000000 x13:0x00000000 x10=0x00000000
      887349000	     44265	8000949e	6ae6b813	sltiu	x16,x13,1710	 x13:0x00000000 x16=0x00000001
      887369000	     44266	800094a2	04494663	blt	x18,x4,800094ee	 x18:0x00058000  x4:0xffffffff
      887889000	     44292	800094a6	01be5293	srli	x5,x28,0x1b	 x28:0x00000000  x5=0x00000000
      887909000	     44293	800094aa	8041	c.srli	x8,0x10	  x8:0x00000813  x8=0x00000000
      887929000	     44294	800094ac	ea48e713	ori	x14,x17,-348	 x17:0x00000000 x14=0xfffffea4
      887949000	     44295	800094b0	00bfbeb3	sltu	x29,x31,x11	 x31:0x80025ce4 x11:0x80021e58 x29=0x00000000
      887969000	     44296	800094b4	ba5acd13	xori	x26,x21,-1115	 x21:0x00000000 x26=0xfffffba5
      888009000	     44298	800094b8	0001	c.addi	x0,0	  x0:0x00000000  x0=0x00000000
      888209000	     44308	800094ba	dcb03793	sltiu	x15,x0,-565	  x0:0x00000000 x15=0x00000001
      888409000	     44318	800094be	77454e93	xori	x29,x10,1908	 x10:0x00000000 x29=0x00000774
      888569000	     44326	800094c2	0000100f	fence.i	
      889249000	     44360	800094c6	94be	c.add	x9,x15	  x9:0x00000000 x15:0x00000001  x9=0x00000001
      889269000	     44361	800094c8	22169a97	auipc	x21,0x22169	 x21=0xa21724c8
      889289000	     44362	800094cc	716c7d93	andi	x27,x24,1814	 x24:0x00000000 x27=0x00000000
      889649000	     44380	800094d0	b29fe6ef	jal	x13,80007ff8	 x13=0x800094d4
      890129000	     44404	80007ff8	a313f913	andi	x18,x7,-1487	  x7:0x6e737000 x18=0x6e737000
      890149000	     44405	80007ffc	d3ed8213	addi	x4,x27,-706	 x27:0x00000000  x4=0xfffffd3e
      890169000	     44406	80008000	6367bd93	sltiu	x27,x15,1590	 x15:0x00000001 x27=0x00000001
      890229000	     44409	80008004	01d39763	bne	x7,x29,80008012	  x7:0x6e737000 x29:0x00000774
      890509000	     44423	80008012	fd458593	addi	x11,x11,-44	 x11:0x80021e58 x11=0x80021e2c
      890969000	     44446	80008016	c1d4	c.sw	x13,4(x11)	 x11:0x80021e2c x13:0x800094d4 PA:0x80021e30 store:0x800094d4 load:0xffffffff
      890989000	     44447	80008018	40a8dd93	srai	x27,x17,0xa	 x17:0x00000000 x27=0x00000000
      891029000	     44449	8000801c	024bb1b3	mulhu	x3,x23,x4	 x23:0x00000002  x4:0xfffffd3e  x3=0x00000001
      891049000	     44450	80008020	03f17463	bgeu	x2,x31,80008048	  x2:0x00000603 x31:0x80025ce4
      891069000	     44451	80008024	dc3e7993	andi	x19,x28,-573	 x28:0x00000000 x19=0x00000000
      891089000	     44452	80008028	01eefeb3	and	x29,x29,x30	 x29:0x00000774 x30:0x00000000 x29=0x00000000
      891109000	     44453	8000802c	03156863	bltu	x10,x17,8000805c	 x10:0x00000000 x17:0x00000000
      891129000	     44454	80008030	01b8a1b3	slt	x3,x17,x27	 x17:0x00000000 x27:0x00000000  x3=0x00000000
      891149000	     44455	80008034	8cc9	c.or	x9,x10	  x9:0x00000001 x10:0x00000000  x9=0x00000001
      891549000	     44475	80008036	027faa33	mulhsu	x20,x31,x7	 x31:0x80025ce4  x7:0x6e737000 x20=0xc8c74cfa
      891569000	     44476	8000803a	1484	c.addi4spn	x9,x2,608	  x9=0x00000863
      891589000	     44477	8000803c	04663b93	sltiu	x23,x12,70	 x12:0x00000578 x23=0x00000000
      891629000	     44479	80008040	025e5ab3	divu	x21,x28,x5	 x28:0x00000000  x5:0x00000000 x21=0xffffffff
      891709000	     44483	80008044	00a10db3	add	x27,x2,x10	  x2:0x00000603 x10:0x00000000 x27=0x00000603
      891729000	     44484	80008048	8ce5	c.and	x9,x9	  x9:0x00000863  x9:0x00000863  x9=0x00000863
      891749000	     44485	8000804a	1772e017	auipc	x0,0x1772e	  x0=0x00000000
      892489000	     44522	8000804e	029aee33	rem	x28,x21,x9	 x21:0xffffffff  x9:0x00000863 x28=0xffffffff
      892509000	     44523	80008052	412ed713	srai	x14,x29,0x12	 x29:0x00000000 x14=0x00000000
      892529000	     44524	80008056	10fd	c.addi	x1,-1	  x1:0x00000000  x1=0xffffffff
      892569000	     44526	80008058	03a3b133	mulhu	x2,x7,x26	  x7:0x6e737000 x26:0xfffffba5  x2=0x6e736e1e
      892589000	     44527	8000805c	76478493	addi	x9,x15,1892	 x15:0x00000001  x9=0x00000765
      892609000	     44528	80008060	8d61	c.and	x10,x8	 x10:0x00000000  x8:0x00000000 x10=0x00000000
      892629000	     44529	80008062	08c6f993	andi	x19,x13,140	 x13:0x800094d4 x19=0x00000084
      892649000	     44530	80008066	0000100f	fence.i	
      893229000	     44559	8000806a	01795e93	srli	x29,x18,0x17	 x18:0x6e737000 x29=0x000000dc
      893349000	     44565	8000806e	0ff0000f	fence	iorw,iorw	
      893369000	     44566	80008072	2bfee813	ori	x16,x29,703	 x29:0x000000dc x16=0x000002ff
      893389000	     44567	80008076	41890f33	sub	x30,x18,x24	 x18:0x6e737000 x24:0x00000000 x30=0x6e737000
      893449000	     44570	8000807a	03b29733	mulh	x14,x5,x27	  x5:0x00000000 x27:0x00000603 x14=0x00000000
      893469000	     44571	8000807e	00f1c633	xor	x12,x3,x15	  x3:0x00000000 x15:0x00000001 x12=0x00000001
      893489000	     44572	80008082	82ba	c.mv	x5,x14	  x0:0x00000000 x14:0x00000000  x5=0x00000000
      893509000	     44573	80008084	02394363	blt	x18,x3,800080aa	 x18:0x6e737000  x3:0x00000000
      893609000	     44578	80008088	41df84b3	sub	x9,x31,x29	 x31:0x80025ce4 x29:0x000000dc  x9=0x80025c08
      893749000	     44585	8000808c	03851d63	bne	x10,x24,800080c6	 x10:0x00000000 x24:0x00000000
      894109000	     44603	80008090	02e4ac33	mulhsu	x24,x9,x14	  x9:0x80025c08 x14:0x00000000 x24=0x00000000
      894129000	     44604	80008094	01a33033	sltu	x0,x6,x26	  x6:0x00000000 x26:0xfffffba5  x0=0x00000000
      894169000	     44606	80008098	c889	c.beqz	x9,800080aa	  x9:0x80025c08
      894249000	     44610	8000809a	0053fa63	bgeu	x7,x5,800080ae	  x7:0x6e737000  x5:0x00000000
      895109000	     44653	800080ae	8e2d	c.xor	x12,x11	 x12:0x00000001 x11:0x80021e2c x12=0x80021e2d
      895309000	     44663	800080b0	5f7d	c.li	x30,-1	 x30=0xffffffff
      895729000	     44684	800080b2	9f79d997	auipc	x19,0x9f79d	 x19=0x1f7a50b2
      895749000	     44685	800080b6	6161	c.addi16sp	x2,80	  x2:0x6e736e1e  x2=0x6e736e6e
      895769000	     44686	800080b8	c009	c.beqz	x8,800080ba	  x8:0x00000000
      896009000	     44698	800080ba	00f4ba33	sltu	x20,x9,x15	  x9:0x80025c08 x15:0x00000001 x20=0x00000000
      897089000	     44752	800080be	0223d733	divu	x14,x7,x2	  x7:0x6e737000  x2:0x6e736e6e x14=0x00000001
      897109000	     44753	800080c2	417051b3	sra	x3,x0,x23	  x0:0x00000000 x23:0x00000000  x3=0x00000000
      897129000	     44754	800080c6	0061da93	srli	x21,x3,0x6	  x3:0x00000000 x21=0x00000000
      897149000	     44755	800080ca	90de	c.add	x1,x23	  x1:0xffffffff x23:0x00000000  x1=0xffffffff
      897169000	     44756	800080cc	0001	c.addi	x0,0	  x0:0x00000000  x0=0x00000000
      897189000	     44757	800080ce	40f95993	srai	x19,x18,0xf	 x18:0x6e737000 x19=0x0000dce6
      897209000	     44758	800080d2	03d501b3	mul	x3,x10,x29	 x10:0x00000000 x29:0x000000dc  x3=0x00000000
      897329000	     44764	800080d6	1c4b2093	slti	x1,x22,452	 x22:0x6e737006  x1=0x00000000
      897349000	     44765	800080da	0001	c.addi	x0,0	  x0:0x00000000  x0=0x00000000
      897369000	     44766	800080dc	29194e13	xori	x28,x18,657	 x18:0x6e737000 x28=0x6e737291
      897409000	     44768	800080e0	41d7d393	srai	x7,x15,0x1d	 x15:0x00000001  x7=0x00000000
      897829000	     44789	800080e4	412b8733	sub	x14,x23,x18	 x23:0x00000000 x18:0x6e737000 x14=0x918c9000
      897949000	     44795	800080e8	717d	c.addi16sp	x2,-16	  x2:0x6e736e6e  x2=0x6e736e5e
      897969000	     44796	800080ea	40adba93	sltiu	x21,x27,1034	 x27:0x00000603 x21=0x00000000
      898029000	     44799	800080ee	4844e813	ori	x16,x9,1156	  x9:0x80025c08 x16=0x80025c8c
      898049000	     44800	800080f2	8f75	c.and	x14,x13	 x14:0x918c9000 x13:0x800094d4 x14=0x80009000
      898429000	     44819	800080f4	0001	c.addi	x0,0	  x0:0x00000000  x0=0x00000000
      898449000	     44820	800080f6	147d	c.addi	x8,-1	  x8:0x00000000  x8=0xffffffff
      898469000	     44821	800080f8	c319	c.beqz	x14,800080fe	 x14:0x80009000
      898489000	     44822	800080fa	40d05ab3	sra	x21,x0,x13	  x0:0x00000000 x13:0x800094d4 x21=0x00000000
      898689000	     44832	800080fe	028b10b3	mulh	x1,x22,x8	 x22:0x6e737006  x8:0xffffffff  x1=0xffffffff
      898869000	     44841	80008102	00b36533	or	x10,x6,x11	  x6:0x00000000 x11:0x80021e2c x10=0x80021e2c
      898889000	     44842	80008106	8eb5	c.xor	x13,x13	 x13:0x800094d4 x13:0x800094d4 x13=0x00000000
      898909000	     44843	80008108	005d9a93	slli	x21,x27,0x5	 x27:0x00000603 x21=0x0000c060
      898929000	     44844	8000810c	8561	c.srai	x10,0x18	 x10:0x80021e2c x10=0xffffff80
      899169000	     44856	8000810e	00c43633	sltu	x12,x8,x12	  x8:0xffffffff x12:0x80021e2d x12=0x00000000
      899209000	     44858	80008112	024b3e33	mulhu	x28,x22,x4	 x22:0x6e737006  x4:0xfffffd3e x28=0x6e736ed5
      899229000	     44859	80008116	86fa	c.mv	x13,x30	  x0:0x00000000 x30:0xffffffff x13=0xffffffff
      899629000	     44879	80008118	03715cb3	divu	x25,x2,x23	  x2:0x6e736e5e x23:0x00000000 x25=0xffffffff
      900029000	     44899	8000811c	6141	c.addi16sp	x2,16	  x2:0x6e736e5e  x2=0x6e736e6e
      900049000	     44900	8000811e	0465f063	bgeu	x11,x6,8000815e	 x11:0x80021e2c  x6:0x00000000
      901389000	     44967	8000815e	0087fe33	and	x28,x15,x8	 x15:0x00000001  x8:0xffffffff x28=0x00000001
      901409000	     44968	80008162	8976	c.mv	x18,x29	  x0:0x00000000 x29:0x000000dc x18=0x000000dc
      901809000	     44988	80008164	84a9	c.srai	x9,0xa	  x9:0x80025c08  x9=0xffe00097
      901829000	     44989	80008166	0027bf33	sltu	x30,x15,x2	 x15:0x00000001  x2:0x6e736e6e x30=0x00000001
      902789000	     45037	8000816a	024fcb33	div	x22,x31,x4	 x31:0x80025ce4  x4:0xfffffd3e x22=0x002e6906
      924209000	     46108	8000816e	015fd133	srl	x2,x31,x21	 x31:0x80025ce4 x21:0x0000c060  x2=0x80025ce4
      924229000	     46109	80008172	40ae50b3	sra	x1,x28,x10	 x28:0x00000001 x10:0xffffff80  x1=0x00000001
      924249000	     46110	80008176	8d1d	c.sub	x10,x15	 x10:0xffffff80 x15:0x00000001 x10=0xffffff7f
      924269000	     46111	80008178	03d18133	mul	x2,x3,x29	  x3:0x00000000 x29:0x000000dc  x2=0x00000000
      924309000	     46113	8000817c	02f7a033	mulhsu	x0,x15,x15	 x15:0x00000001 x15:0x00000001  x0=0x00000000
      924329000	     46114	80008180	0000100f	fence.i	
      924549000	     46125	80008184	01dbe633	or	x12,x23,x29	 x23:0x00000000 x29:0x000000dc x12=0x000000dc
      924969000	     46146	80008188	40975e13	srai	x28,x14,0x9	 x14:0x80009000 x28=0xffc00048
      924989000	     46147	8000818c	4022d693	srai	x13,x5,0x2	  x5:0x00000000 x13=0x00000000
      925009000	     46148	80008190	8a55	c.andi	x12,21	 x12:0x000000dc x12=0x00000014
      925029000	     46149	80008192	b039f993	andi	x19,x19,-1277	 x19:0x0000dce6 x19=0x0000d802
      925249000	     46160	80008196	40020533	sub	x10,x4,x0	  x4:0xfffffd3e  x0:0x00000000 x10=0xfffffd3e
      925269000	     46161	8000819a	c695	c.beqz	x13,800081c6	 x13:0x00000000
      925949000	     46195	800081c6	02d2ecb3	rem	x25,x5,x13	  x5:0x00000000 x13:0x00000000 x25=0x00000000
      925989000	     46197	800081ca	03a31633	mulh	x12,x6,x26	  x6:0x00000000 x26:0xfffffba5 x12=0x00000000
      926009000	     46198	800081ce	001b7363	bgeu	x22,x1,800081d4	 x22:0x002e6906  x1:0x00000001
      926729000	     46234	800081d4	01043ab3	sltu	x21,x8,x16	  x8:0xffffffff x16:0x80025c8c x21=0x00000000
      927869000	     46291	800081d8	024e56b3	divu	x13,x28,x4	 x28:0xffc00048  x4:0xfffffd3e x13=0x00000000
      927889000	     46292	800081dc	0906	c.slli	x18,0x1	 x18:0x000000dc x18=0x000001b8
      927909000	     46293	800081de	01e78263	beq	x15,x30,800081e2	 x15:0x00000001 x30:0x00000001
      928409000	     46318	800081e2	02d7f763	bgeu	x15,x13,80008210	 x15:0x00000001 x13:0x00000000
      928809000	     46338	80008210	0193ea33	or	x20,x7,x25	  x7:0x00000000 x25:0x00000000 x20=0x00000000
      928829000	     46339	80008214	0ff0000f	fence	iorw,iorw	
      928849000	     46340	80008218	01dcddb3	srl	x27,x25,x29	 x25:0x00000000 x29:0x000000dc x27=0x00000000
      929169000	     46356	8000821c	0000100f	fence.i	
      929289000	     46362	80008220	03d13033	mulhu	x0,x2,x29	  x2:0x00000000 x29:0x000000dc  x0=0x00000000
      929309000	     46363	80008224	03bf0763	beq	x30,x27,80008252	 x30:0x00000001 x27:0x00000000
      929669000	     46381	80008228	801d	c.srli	x8,0x7	  x8:0xffffffff  x8=0x01ffffff
      929689000	     46382	8000822a	3cc64837	lui	x16,0x3cc64	 x16=0x3cc64000
      929709000	     46383	8000822e	6725	c.lui	x14,0x9	 x14=0x00009000
      929949000	     46395	80008230	028b0163	beq	x22,x8,80008252	 x22:0x002e6906  x8:0x01ffffff
      930209000	     46408	80008234	027af463	bgeu	x21,x7,8000825c	 x21:0x00000000  x7:0x00000000
      931009000	     46448	8000825c	e719	c.bnez	x14,8000826a	 x14:0x00009000
      932309000	     46513	8000826a	0000100f	fence.i	
      932549000	     46525	8000826e	015d3533	sltu	x10,x26,x21	 x26:0xfffffba5 x21:0x00000000 x10=0x00000000
      932569000	     46526	80008272	d5f419b7	lui	x19,0xd5f41	 x19=0xd5f41000
      933309000	     46563	80008276	030cf1b3	remu	x3,x25,x16	 x25:0x00000000 x16:0x3cc64000  x3=0x00000000
      933329000	     46564	8000827a	8329	c.srli	x14,0xa	 x14:0x00009000 x14=0x00000024
      933369000	     46566	8000827c	031d3733	mulhu	x14,x26,x17	 x26:0xfffffba5 x17:0x00000000 x14=0x00000000
      933409000	     46568	80008280	0366b8b3	mulhu	x17,x13,x22	 x13:0x00000000 x22:0x002e6906 x17=0x00000000
      933429000	     46569	80008284	912b7713	andi	x14,x22,-1774	 x22:0x002e6906 x14=0x002e6902
      933449000	     46570	80008288	f35ffe17	auipc	x28,0xf35ff	 x28=0x73607288
      933469000	     46571	8000828c	00be5213	srli	x4,x28,0xb	 x28:0x73607288  x4=0x000e6c0e
      933609000	     46578	80008290	03597d33	remu	x26,x18,x21	 x18:0x000001b8 x21:0x00000000 x26=0x000001b8
      933629000	     46579	80008294	6499	c.lui	x9,0x6	  x9=0x00006000
      934389000	     46617	80008296	024bdab3	divu	x21,x23,x4	 x23:0x00000000  x4:0x000e6c0e x21=0x00000000
      934429000	     46619	8000829a	03ab36b3	mulhu	x13,x22,x26	 x22:0x002e6906 x26:0x000001b8 x13=0x00000000
      934449000	     46620	8000829e	01d1d493	srli	x9,x3,0x1d	  x3:0x00000000  x9=0x00000000
      934469000	     46621	800082a2	01b35c13	srli	x24,x6,0x1b	  x6:0x00000000 x24=0x00000000
      934489000	     46622	800082a6	8c6d	c.and	x8,x11	  x8:0x01ffffff x11:0x80021e2c  x8=0x00021e2c
      934689000	     46632	800082a8	f28df113	andi	x2,x27,-216	 x27:0x00000000  x2=0x00000000
      934709000	     46633	800082ac	c3d3eb93	ori	x23,x7,-963	  x7:0x00000000 x23=0xfffffc3d
      934729000	     46634	800082b0	717d	c.addi16sp	x2,-16	  x2:0x00000000  x2=0xfffffff0
      935149000	     46655	800082b2	02c15063	bge	x2,x12,800082d2	  x2:0xfffffff0 x12:0x00000000
      935409000	     46668	800082b6	0388b113	sltiu	x2,x17,56	 x17:0x00000000  x2=0x00000001
      935429000	     46669	800082ba	8d75	c.and	x10,x13	 x10:0x00000000 x13:0x00000000 x10=0x00000000
      935469000	     46671	800082bc	8fa9	c.xor	x15,x10	 x15:0x00000001 x10:0x00000000 x15=0x00000001
      936289000	     46712	800082be	03c64ab3	div	x21,x12,x28	 x12:0x00000000 x28:0x73607288 x21=0x00000000
      936309000	     46713	800082c2	03750063	beq	x10,x23,800082e2	 x10:0x00000000 x23:0xfffffc3d
      936329000	     46714	800082c6	a580b213	sltiu	x4,x1,-1448	  x1:0x00000001  x4=0x00000001
      936349000	     46715	800082ca	01905db3	srl	x27,x0,x25	  x0:0x00000000 x25:0x00000000 x27=0x00000000
      936369000	     46716	800082ce	a80be513	ori	x10,x23,-1408	 x23:0xfffffc3d x10=0xfffffebd
      936389000	     46717	800082d2	03851363	bne	x10,x24,800082f8	 x10:0xfffffebd x24:0x00000000
      936529000	     46724	800082f8	a5817297	auipc	x5,0xa5817	  x5=0x2581f2f8
      936749000	     46735	800082fc	46a5	c.li	x13,9	 x13=0x00000009
      937029000	     46749	800082fe	034a84b3	mul	x9,x21,x20	 x21:0x00000000 x20:0x00000000  x9=0x00000000
      937149000	     46755	80008302	acb48393	addi	x7,x9,-1333	  x9:0x00000000  x7=0xfffffacb
      937169000	     46756	80008306	01731893	slli	x17,x6,0x17	  x6:0x00000000 x17=0x00000000
      937189000	     46757	8000830a	9bfd	c.andi	x15,-1	 x15:0x00000001 x15=0x00000001
      937209000	     46758	8000830c	987d	c.andi	x8,-1	  x8:0x00021e2c  x8=0x00021e2c
      937229000	     46759	8000830e	24298193	addi	x3,x19,578	 x19:0xd5f41000  x3=0xd5f41242
      937249000	     46760	80008312	0001	c.addi	x0,0	  x0:0x00000000  x0=0x00000000
      937389000	     46767	80008314	873d	c.srai	x14,0xf	 x14:0x002e6902 x14=0x0000005c
      937409000	     46768	80008316	8fc9	c.or	x15,x10	 x15:0x00000001 x10:0xfffffebd x15=0xfffffebd
      937429000	     46769	80008318	68f7ca13	xori	x20,x15,1679	 x15:0xfffffebd x20=0xfffff832
      937869000	     46791	8000831c	039e3bb3	mulhu	x23,x28,x25	 x28:0x73607288 x25:0x00000000 x23=0x00000000
      938269000	     46811	80008320	8cbd	c.xor	x9,x15	  x9:0x00000000 x15:0xfffffebd  x9=0xfffffebd
      938289000	     46812	80008322	1afd	c.addi	x21,-1	 x21:0x00000000 x21=0xffffffff
      938309000	     46813	80008324	bb484d13	xori	x26,x16,-1100	 x16:0x3cc64000 x26=0xc339bbb4
      939049000	     46850	80008328	02f8d433	divu	x8,x17,x15	 x17:0x00000000 x15:0xfffffebd  x8=0x00000000
      939069000	     46851	8000832c	03914863	blt	x2,x25,8000835c	  x2:0x00000001 x25:0x00000000
      939089000	     46852	80008330	5511e413	ori	x8,x3,1361	  x3:0xd5f41242  x8=0xd5f41753
      939109000	     46853	80008334	0001	c.addi	x0,0	  x0:0x00000000  x0=0x00000000
      939149000	     46855	80008336	020f32b3	mulhu	x5,x30,x0	 x30:0x00000001  x0:0x00000000  x5=0x00000000
      939169000	     46856	8000833a	008c5463	bge	x24,x8,80008342	 x24:0x00000000  x8:0xd5f41753
      939869000	     46891	80008342	06c2	c.slli	x13,0x10	 x13:0x00000009 x13=0x00090000
      940109000	     46903	80008344	102ce513	ori	x10,x25,258	 x25:0x00000000 x10=0x00000102
      940149000	     46905	80008348	01b5cd33	xor	x26,x11,x27	 x11:0x80021e2c x27:0x00000000 x26=0x80021e2c
      940329000	     46914	8000834c	0136d663	bge	x13,x19,80008358	 x13:0x00090000 x19:0xd5f41000
      940529000	     46924	80008358	01fd62b3	or	x5,x26,x31	 x26:0x80021e2c x31:0x80025ce4  x5=0x80025eec
      940649000	     46930	8000835c	00823233	sltu	x4,x4,x8	  x4:0x00000001  x8:0xd5f41753  x4=0x00000001
      940749000	     46935	80008360	0ada	c.slli	x21,0x16	 x21:0xffffffff x21=0xffc00000
      941489000	     46972	80008362	02a26eb3	rem	x29,x4,x10	  x4:0x00000001 x10:0x00000102 x29=0x00000001
      941509000	     46973	80008366	00466e63	bltu	x12,x4,80008382	 x12:0x00000000  x4:0x00000001
      941689000	     46982	80008382	0031ff33	and	x30,x3,x3	  x3:0xd5f41242  x3:0xd5f41242 x30=0xd5f41242
      941909000	     46993	80008386	01621ab3	sll	x21,x4,x22	  x4:0x00000001 x22:0x002e6906 x21=0x00000040
      941929000	     46994	8000838a	8f9d	c.sub	x15,x15	 x15:0xfffffebd x15:0xfffffebd x15=0x00000000
      942049000	     47000	8000838c	6095	c.lui	x1,0x5	  x1=0x00005000
      942069000	     47001	8000838e	8c7d	c.and	x8,x15	  x8:0xd5f41753 x15:0x00000000  x8=0x00000000
      942809000	     47038	80008390	030f6733	rem	x14,x30,x16	 x30:0xd5f41242 x16:0x3cc64000 x14=0xd5f41242
      942829000	     47039	80008394	091c	c.addi4spn	x15,x2,144	 x15=0x00000091
      942849000	     47040	80008396	89c2	c.mv	x19,x16	  x0:0x00000000 x16:0x3cc64000 x19=0x3cc64000
      942869000	     47041	80008398	c605	c.beqz	x12,800083c0	 x12:0x00000000
      943729000	     47084	800083c0	6805	c.lui	x16,0x1	 x16=0x00001000
      943749000	     47085	800083c2	03ba8163	beq	x21,x27,800083e4	 x21:0x00000040 x27:0x00000000
      943829000	     47089	800083c6	40575b13	srai	x22,x14,0x5	 x14:0xd5f41242 x22=0xfeafa092
      943849000	     47090	800083ca	8051	c.srli	x8,0x14	  x8:0x00000000  x8=0x00000000
      943869000	     47091	800083cc	d1f8f893	andi	x17,x17,-737	 x17:0x00000000 x17=0x00000000
      943929000	     47094	800083d0	009717b3	sll	x15,x14,x9	 x14:0xd5f41242  x9:0xfffffebd x15=0x40000000
      944009000	     47098	800083d4	8925	c.andi	x10,9	 x10:0x00000102 x10=0x00000000
      944029000	     47099	800083d6	8c79	c.and	x8,x14	  x8:0x00000000 x14:0xd5f41242  x8=0x00000000
      944049000	     47100	800083d8	01d564b3	or	x9,x10,x29	 x10:0x00000000 x29:0x00000001  x9=0x00000001
      944069000	     47101	800083dc	01634863	blt	x6,x22,800083ec	  x6:0x00000000 x22:0xfeafa092
      944169000	     47106	800083e0	02dca233	mulhsu	x4,x25,x13	 x25:0x00000000 x13:0x00090000  x4=0x00000000
      944189000	     47107	800083e4	0c80	c.addi4spn	x8,x2,592	  x8=0x00000251
      944209000	     47108	800083e6	d6491bb7	lui	x23,0xd6491	 x23=0xd6491000
      944229000	     47109	800083ea	8fa1	c.xor	x15,x8	 x15:0x40000000  x8:0x00000251 x15=0x40000251
      944609000	     47128	800083ec	cd968213	addi	x4,x13,-807	 x13:0x00090000  x4=0x0008fcd9
      944629000	     47129	800083f0	026bf563	bgeu	x23,x6,8000841a	 x23:0xd6491000  x6:0x00000000
      945229000	     47159	8000841a	00a52833	slt	x16,x10,x10	 x10:0x00000000 x10:0x00000000 x16=0x00000000
      945469000	     47171	8000841e	00d819b3	sll	x19,x16,x13	 x16:0x00000000 x13:0x00090000 x19=0x00000000
      945909000	     47193	80008422	02a35a33	divu	x20,x6,x10	  x6:0x00000000 x10:0x00000000 x20=0xffffffff
      945929000	     47194	80008426	0788	c.addi4spn	x10,x2,960	 x10=0x000003c1
      945949000	     47195	80008428	0001	c.addi	x0,0	  x0:0x00000000  x0=0x00000000
      946009000	     47198	8000842a	41d4	c.lw	x13,4(x11)	 x11:0x80021e2c x13=0x800094d4 PA:0x80021e30 load:0x800094d4
      946029000	     47199	8000842c	002f34b3	sltu	x9,x30,x2	 x30:0xd5f41242  x2:0x00000001  x9=0x00000000
      946129000	     47204	80008430	b25e6917	auipc	x18,0xb25e6	 x18=0x325ee430
      946549000	     47225	80008434	030bc9b3	div	x19,x23,x16	 x23:0xd6491000 x16:0x00000000 x19=0xffffffff
      946609000	     47228	80008438	4048d733	sra	x14,x17,x4	 x17:0x00000000  x4:0x0008fcd9 x14=0x00000000
      946629000	     47229	8000843c	02c58593	addi	x11,x11,44	 x11:0x80021e2c x11=0x80021e58
      946649000	     47230	80008440	6239	c.lui	x4,0xe	  x4=0x0000e000
      946669000	     47231	80008442	00068813	addi	x16,x13,0	 x13:0x800094d4 x16=0x800094d4
      946689000	     47232	80008446	8802	c.jr	x16	 x16:0x800094d4
      947809000	     47288	800094d4	0ff0000f	fence	iorw,iorw	
      947849000	     47290	800094d8	8ac7be97	auipc	x29,0x8ac7b	 x29=0x0ac844d8
      947889000	     47292	800094dc	03fc36b3	mulhu	x13,x24,x31	 x24:0x00000000 x31:0x80025ce4 x13=0x00000000
      947929000	     47294	800094e0	03cf1133	mulh	x2,x30,x28	 x30:0xd5f41242 x28:0x73607288  x2=0xed0cccea
      948289000	     47312	800094e4	0000100f	fence.i	
      949169000	     47356	800094e8	0193f433	and	x8,x7,x25	  x7:0xfffffacb x25:0x00000000  x8=0x00000000
      949189000	     47357	800094ec	8e1d	c.sub	x12,x15	 x12:0x00000000 x15:0x40000251 x12=0xbffffdaf
      949229000	     47359	800094ee	03f0be33	mulhu	x28,x1,x31	  x1:0x00005000 x31:0x80025ce4 x28=0x00002800
      949249000	     47360	800094f2	862e	c.mv	x12,x11	  x0:0x00000000 x11:0x80021e58 x12=0x80021e58
      949989000	     47397	800094f4	036de433	rem	x8,x27,x22	 x27:0x00000000 x22:0xfeafa092  x8=0x00000000
      950009000	     47398	800094f8	0001	c.addi	x0,0	  x0:0x00000000  x0=0x00000000
      950029000	     47399	800094fa	8f79	c.and	x14,x14	 x14:0x00000000 x14:0x00000000 x14=0x00000000
      950069000	     47401	800094fc	02822133	mulhsu	x2,x4,x8	  x4:0x0000e000  x8:0x00000000  x2=0x00000000
      950089000	     47402	80009500	03bcc963	blt	x25,x27,80009532	 x25:0x00000000 x27:0x00000000
      950109000	     47403	80009504	0ff0000f	fence	iorw,iorw	
      950129000	     47404	80009508	0e5e	c.slli	x28,0x17	 x28:0x00002800 x28=0x00000000
      950149000	     47405	8000950a	01659ab3	sll	x21,x11,x22	 x11:0x80021e58 x22:0xfeafa092 x21=0x79600000
      950169000	     47406	8000950e	00399833	sll	x16,x19,x3	 x19:0xffffffff  x3:0xd5f41242 x16=0xfffffffc
      950409000	     47418	80009512	03afa833	mulhsu	x16,x31,x26	 x31:0x80025ce4 x26:0x80021e2c x16=0xc0001f61
      951149000	     47455	80009516	0272e833	rem	x16,x5,x7	  x5:0x80025eec  x7:0xfffffacb x16=0xfffffb26
      951169000	     47456	8000951a	90084693	xori	x13,x16,-1792	 x16:0xfffffb26 x13=0x00000226
      951189000	     47457	8000951e	ce01	c.beqz	x12,80009536	 x12:0x80021e58
      951209000	     47458	80009520	00f54463	blt	x10,x15,80009528	 x10:0x000003c1 x15:0x40000251
      951449000	     47470	80009528	99ce	c.add	x19,x19	 x19:0xffffffff x19:0xffffffff x19=0xfffffffe
      951469000	     47471	8000952a	0000100f	fence.i	
      953009000	     47548	8000952e	025c7f33	remu	x30,x24,x5	 x24:0x00000000  x5:0x80025eec x30=0x00000000
      953029000	     47549	80009532	01990bb3	add	x23,x18,x25	 x18:0x325ee430 x25:0x00000000 x23=0x325ee430
      953049000	     47550	80009536	d2c4b913	sltiu	x18,x9,-724	  x9:0x00000000 x18=0x00000001
      953069000	     47551	8000953a	8f51	c.or	x14,x12	 x14:0x00000000 x12:0x80021e58 x14=0x80021e58
      953089000	     47552	8000953c	407ed3b3	sra	x7,x29,x7	 x29:0x0ac844d8  x7:0xfffffacb  x7=0x00015908
      953109000	     47553	80009540	01d98633	add	x12,x19,x29	 x19:0xfffffffe x29:0x0ac844d8 x12=0x0ac844d6
      953149000	     47555	80009544	030216b3	mulh	x13,x4,x16	  x4:0x0000e000 x16:0xfffffb26 x13=0xffffffff
      953269000	     47561	80009548	00de0b63	beq	x28,x13,8000955e	 x28:0x00000000 x13:0xffffffff
      953309000	     47563	8000954c	1fb9cd93	xori	x27,x19,507	 x19:0xfffffffe x27=0xfffffe05
      953429000	     47569	80009550	ce8d	c.beqz	x13,8000958a	 x13:0xffffffff
      953849000	     47590	80009552	0dd36417	auipc	x8,0xdd36	  x8=0x8dd3f552
      954049000	     47600	80009556	00f70a33	add	x20,x14,x15	 x14:0x80021e58 x15:0x40000251 x20=0xc00220a9
      954889000	     47642	8000955a	02cce9b3	rem	x19,x25,x12	 x25:0x00000000 x12:0x0ac844d6 x19=0x00000000
      954909000	     47643	8000955e	0191ddb3	srl	x27,x3,x25	  x3:0xd5f41242 x25:0x00000000 x27=0xd5f41242
      954929000	     47644	80009562	8c11	c.sub	x8,x12	  x8:0x8dd3f552 x12:0x0ac844d6  x8=0x830bb07c
      954949000	     47645	80009564	039c	c.addi4spn	x15,x2,448	 x15=0x000001c0
      955029000	     47649	80009566	00e64863	blt	x12,x14,80009576	 x12:0x0ac844d6 x14:0x80021e58
      955049000	     47650	8000956a	83b1	c.srli	x15,0xc	 x15:0x000001c0 x15=0x00000000
      955889000	     47692	8000956c	02e5eb33	rem	x22,x11,x14	 x11:0x80021e58 x14:0x80021e58 x22=0x00000000
      955909000	     47693	80009570	87d1	c.srai	x15,0x14	 x15:0x00000000 x15=0x00000000
      955929000	     47694	80009572	0ff0000f	fence	iorw,iorw	
      955949000	     47695	80009576	02099663	bne	x19,x0,800095a2	 x19:0x00000000  x0:0x00000000
      955969000	     47696	8000957a	00581463	bne	x16,x5,80009582	 x16:0xfffffb26  x5:0x80025eec
      956449000	     47720	80009582	00c18d33	add	x26,x3,x12	  x3:0xd5f41242 x12:0x0ac844d6 x26=0xe0bc5718
      956609000	     47728	80009586	00394a63	blt	x18,x3,8000959a	 x18:0x00000001  x3:0xd5f41242
      956629000	     47729	8000958a	e41d	c.bnez	x8,800095b8	  x8:0x830bb07c
      957729000	     47784	800095b8	c77c8513	addi	x10,x25,-905	 x25:0x00000000 x10=0xfffffc77
      957769000	     47786	800095bc	026cc933	div	x18,x25,x6	 x25:0x00000000  x6:0x00000000 x18=0xffffffff
      957869000	     47791	800095c0	0ff0000f	fence	iorw,iorw	
      957889000	     47792	800095c4	7c7e0e93	addi	x29,x28,1991	 x28:0x00000000 x29=0x000007c7
      957909000	     47793	800095c8	02de0e33	mul	x28,x28,x13	 x28:0x00000000 x13:0xffffffff x28=0x00000000
      957929000	     47794	800095cc	0ff0000f	fence	iorw,iorw	
      957949000	     47795	800095d0	030e5863	bge	x28,x16,80009600	 x28:0x00000000 x16:0xfffffb26
      958149000	     47805	80009600	dfe70413	addi	x8,x14,-514	 x14:0x80021e58  x8=0x80021c56
      958329000	     47814	80009604	00f0a9b3	slt	x19,x1,x15	  x1:0x00005000 x15:0x00000000 x19=0x00000000
      958749000	     47835	80009608	8fa5	c.xor	x15,x9	 x15:0x00000000  x9:0x00000000 x15=0x00000000
      958989000	     47847	8000960a	3c30c813	xori	x16,x1,963	  x1:0x00005000 x16=0x000053c3
      959069000	     47851	8000960e	40c45533	sra	x10,x8,x12	  x8:0x80021c56 x12:0x0ac844d6 x10=0xfffffe00
      959089000	     47852	80009612	00555793	srli	x15,x10,0x5	 x10:0xfffffe00 x15=0x07fffff0
      959109000	     47853	80009616	017eadb3	slt	x27,x29,x23	 x29:0x000007c7 x23:0x325ee430 x27=0x00000001
      959129000	     47854	8000961a	01d41133	sll	x2,x8,x29	  x8:0x80021c56 x29:0x000007c7  x2=0x010e2b00
      959169000	     47856	8000961e	03e438b3	mulhu	x17,x8,x30	  x8:0x80021c56 x30:0x00000000 x17=0x00000000
      959189000	     47857	80009622	07b2	c.slli	x15,0xc	 x15:0x07fffff0 x15=0xffff0000
      959249000	     47860	80009624	01168b33	add	x22,x13,x17	 x13:0xffffffff x17:0x00000000 x22=0xffffffff
      959269000	     47861	80009628	0001	c.addi	x0,0	  x0:0x00000000  x0=0x00000000
      960349000	     47915	8000962a	0369f2b3	remu	x5,x19,x22	 x19:0x00000000 x22:0xffffffff  x5=0x00000000
      960369000	     47916	8000962e	728f2093	slti	x1,x30,1832	 x30:0x00000000  x1=0x00000001
      960389000	     47917	80009632	016134b3	sltu	x9,x2,x22	  x2:0x010e2b00 x22:0xffffffff  x9=0x00000001
      960409000	     47918	80009636	6661	c.lui	x12,0x18	 x12=0x00018000
      960429000	     47919	80009638	3d6b3513	sltiu	x10,x22,982	 x22:0xffffffff x10=0x00000000
      960449000	     47920	8000963c	8d29	c.xor	x10,x10	 x10:0x00000000 x10:0x00000000 x10=0x00000000
      960469000	     47921	8000963e	d9f3b793	sltiu	x15,x7,-609	  x7:0x00015908 x15=0x00000001
      960489000	     47922	80009642	52fd	c.li	x5,-1	  x5=0xffffffff
      960509000	     47923	80009644	0037c8b3	xor	x17,x15,x3	 x15:0x00000001  x3:0xd5f41242 x17=0xd5f41243
      960589000	     47927	80009648	7143a413	slti	x8,x7,1812	  x7:0x00015908  x8=0x00000000
      960709000	     47933	8000964c	e2ff8e93	addi	x29,x31,-465	 x31:0x80025ce4 x29=0x80025b13
      960769000	     47936	80009650	020ae533	rem	x10,x21,x0	 x21:0x79600000  x0:0x00000000 x10=0x79600000
      960929000	     47944	80009654	01cb5d33	srl	x26,x22,x28	 x22:0xffffffff x28:0x00000000 x26=0xffffffff
      960969000	     47946	80009658	032ebf33	mulhu	x30,x29,x18	 x29:0x80025b13 x18:0xffffffff x30=0x80025b12
      961209000	     47958	8000965c	c3b1	c.beqz	x15,800096a0	 x15:0x00000001
      961349000	     47965	8000965e	0037d293	srli	x5,x15,0x3	 x15:0x00000001  x5=0x00000000
      961369000	     47966	80009662	007facb3	slt	x25,x31,x7	 x31:0x80025ce4  x7:0x00015908 x25=0x00000001
      961789000	     47987	80009666	01d9b6b3	sltu	x13,x19,x29	 x19:0x00000000 x29:0x80025b13 x13=0x00000001
      961809000	     47988	8000966a	41a9d833	sra	x16,x19,x26	 x19:0x00000000 x26:0xffffffff x16=0x00000000
      961849000	     47990	8000966e	ca0a7a13	andi	x20,x20,-864	 x20:0xc00220a9 x20=0xc00220a0
      962589000	     48027	80009672	037059b3	divu	x19,x0,x23	  x0:0x00000000 x23:0x325ee430 x19=0x00000000
      962609000	     48028	80009676	527d	c.li	x4,-1	  x4=0xffffffff
      962629000	     48029	80009678	8ca5	c.xor	x9,x9	  x9:0x00000001  x9:0x00000001  x9=0x00000000
      962649000	     48030	8000967a	8031	c.srli	x8,0xc	  x8:0x00000000  x8=0x00000000
      962669000	     48031	8000967c	014d1693	slli	x13,x26,0x14	 x26:0xffffffff x13=0xfff00000
      962709000	     48033	80009680	03ce7033	remu	x0,x28,x28	 x28:0x00000000 x28:0x00000000  x0=0x00000000
      962729000	     48034	80009684	01c16db3	or	x27,x2,x28	  x2:0x010e2b00 x28:0x00000000 x27=0x010e2b00
      962869000	     48041	80009688	8951	c.andi	x10,20	 x10:0x79600000 x10=0x00000000
      963249000	     48060	8000968a	61518493	addi	x9,x3,1557	  x3:0xd5f41242  x9=0xd5f41857
      964389000	     48117	8000968e	03b7f433	remu	x8,x15,x27	 x15:0x00000001 x27:0x010e2b00  x8=0x00000001
      968349000	     48315	80009692	8f25	c.xor	x14,x9	 x14:0x80021e58  x9:0xd5f41857 x14=0x55f6060f
      968369000	     48316	80009694	da210a93	addi	x21,x2,-606	  x2:0x010e2b00 x21=0x010e28a2
      968389000	     48317	80009698	c30ecd93	xori	x27,x29,-976	 x29:0x80025b13 x27=0x7ffda723
      968409000	     48318	8000969c	0080d233	srl	x4,x1,x8	  x1:0x00000001  x8:0x00000001  x4=0x00000000
      968429000	     48319	800096a0	0000100f	fence.i	
      968949000	     48345	800096a4	35e47693	andi	x13,x8,862	  x8:0x00000001 x13=0x00000000
      969009000	     48348	800096a8	01ee1493	slli	x9,x28,0x1e	 x28:0x00000000  x9=0x00000000
      969029000	     48349	800096ac	ef99	c.bnez	x15,800096ca	 x15:0x00000001
      970809000	     48438	800096ca	02b7dcb3	divu	x25,x15,x11	 x15:0x00000001 x11:0x80021e58 x25=0x00000000
      970829000	     48439	800096ce	8865	c.andi	x8,25	  x8:0x00000001  x8=0x00000001
      970849000	     48440	800096d0	0b00	c.addi4spn	x8,x2,400	  x8=0x010e2c90
      970869000	     48441	800096d2	1d14	c.addi4spn	x13,x2,688	 x13=0x010e2db0
      971609000	     48478	800096d4	0221d233	divu	x4,x3,x2	  x3:0xd5f41242  x2:0x010e2b00  x4=0x000000ca
      971629000	     48479	800096d8	0b533117	auipc	x2,0xb533	  x2=0x8b53c6d8
      971649000	     48480	800096dc	00b94463	blt	x18,x11,800096e4	 x18:0xffffffff x11:0x80021e58
      971669000	     48481	800096e0	01868b63	beq	x13,x24,800096f6	 x13:0x010e2db0 x24:0x00000000
      971689000	     48482	800096e4	00aef433	and	x8,x29,x10	 x29:0x80025b13 x10:0x00000000  x8=0x00000000
      971729000	     48484	800096e8	0296cf33	div	x30,x13,x9	 x13:0x010e2db0  x9:0x00000000 x30=0xffffffff
      971749000	     48485	800096ec	02cfb013	sltiu	x0,x31,44	 x31:0x80025ce4  x0=0x00000000
      972209000	     48508	800096f0	8e41	c.or	x12,x8	 x12:0x00018000  x8:0x00000000 x12=0x00018000
      972329000	     48514	800096f2	094cf493	andi	x9,x25,148	 x25:0x00000000  x9=0x00000000
      972549000	     48525	800096f6	01c42e33	slt	x28,x8,x28	  x8:0x00000000 x28:0x00000000 x28=0x00000000
      972969000	     48546	800096fa	01712633	slt	x12,x2,x23	  x2:0x8b53c6d8 x23:0x325ee430 x12=0x00000001
      972989000	     48547	800096fe	40ee8ab3	sub	x21,x29,x14	 x29:0x80025b13 x14:0x55f6060f x21=0x2a0c5504
      973009000	     48548	80009702	8f05	c.sub	x14,x9	 x14:0x55f6060f  x9:0x00000000 x14=0x55f6060f
      973129000	     48554	80009704	ea9d	c.bnez	x13,8000973a	 x13:0x010e2db0
      973309000	     48563	8000973a	988e	c.add	x17,x3	 x17:0xd5f41243  x3:0xd5f41242 x17=0xabe82485
      973349000	     48565	8000973c	008c0263	beq	x24,x8,80009740	 x24:0x00000000  x8:0x00000000
      973769000	     48586	80009740	0160c963	blt	x1,x22,80009752	  x1:0x00000001 x22:0xffffffff
      974189000	     48607	80009744	001cd913	srli	x18,x25,0x1	 x25:0x00000000 x18=0x00000000
      974289000	     48612	80009748	6fc12113	slti	x2,x2,1788	  x2:0x8b53c6d8  x2=0x00000001
      974489000	     48622	8000974c	6d21	c.lui	x26,0x8	 x26=0x00008000
      974509000	     48623	8000974e	037e9b63	bne	x29,x23,80009784	 x29:0x80025b13 x23:0x325ee430
      975409000	     48668	80009784	031cf233	remu	x4,x25,x17	 x25:0x00000000 x17:0xabe82485  x4=0x00000000
      975429000	     48669	80009788	01421eb3	sll	x29,x4,x20	  x4:0x00000000 x20:0xc00220a0 x29=0x00000000
      975569000	     48676	8000978c	997d	c.andi	x10,-1	 x10:0x00000000 x10=0x00000000
      975689000	     48682	8000978e	039ae763	bltu	x21,x25,800097bc	 x21:0x2a0c5504 x25:0x00000000
      975889000	     48692	80009792	00a80e33	add	x28,x16,x10	 x16:0x00000000 x10:0x00000000 x28=0x00000000
      975989000	     48697	80009796	ba5a87b7	lui	x15,0xba5a8	 x15=0xba5a8000
      976349000	     48715	8000979a	409f0e33	sub	x28,x30,x9	 x30:0xffffffff  x9:0x00000000 x28=0xffffffff
      976369000	     48716	8000979e	414652b3	sra	x5,x12,x20	 x12:0x00000001 x20:0xc00220a0  x5=0x00000001
      977109000	     48753	800097a2	023447b3	div	x15,x8,x3	  x8:0x00000000  x3:0xd5f41242 x15=0x00000000
      977149000	     48755	800097a6	020bd733	divu	x14,x23,x0	 x23:0x325ee430  x0:0x00000000 x14=0xffffffff
      977169000	     48756	800097aa	8cf9	c.and	x9,x14	  x9:0x00000000 x14:0xffffffff  x9=0x00000000
      977189000	     48757	800097ac	997d	c.andi	x10,-1	 x10:0x00000000 x10=0x00000000
      977209000	     48758	800097ae	0a9c	c.addi4spn	x15,x2,336	 x15=0x00000151
      977229000	     48759	800097b0	4165db13	srai	x22,x11,0x16	 x11:0x80021e58 x22=0xfffffe00
      977249000	     48760	800097b4	0326c263	blt	x13,x18,800097d8	 x13:0x010e2db0 x18:0x00000000
      977269000	     48761	800097b8	0001	c.addi	x0,0	  x0:0x00000000  x0=0x00000000
      977289000	     48762	800097ba	8ea5	c.xor	x13,x9	 x13:0x010e2db0  x9:0x00000000 x13=0x010e2db0
      977309000	     48763	800097bc	95d7fa13	andi	x20,x15,-1699	 x15:0x00000151 x20=0x00000151
      977329000	     48764	800097c0	8e5d	c.or	x12,x15	 x12:0x00000001 x15:0x00000151 x12=0x00000151
      977349000	     48765	800097c2	e129	c.bnez	x10,80009804	 x10:0x00000000
      977469000	     48771	800097c4	ac0b3eb7	lui	x29,0xac0b3	 x29=0xac0b3000
      977909000	     48793	800097c8	03df2f33	mulhsu	x30,x30,x29	 x30:0xffffffff x29:0xac0b3000 x30=0xffffffff
      978689000	     48832	800097cc	02dcf433	remu	x8,x25,x13	 x25:0x00000000 x13:0x010e2db0  x8=0x00000000
      978709000	     48833	800097d0	c609b213	sltiu	x4,x19,-928	 x19:0x00000000  x4=0x00000001
      978729000	     48834	800097d4	0ff0000f	fence	iorw,iorw	
      978769000	     48836	800097d8	0226b133	mulhu	x2,x13,x2	 x13:0x010e2db0  x2:0x00000001  x2=0x00000000
      978809000	     48838	800097dc	02c1abb3	mulhsu	x23,x3,x12	  x3:0xd5f41242 x12:0x00000151 x23=0xffffffc8
      978829000	     48839	800097e0	32d5fd93	andi	x27,x11,813	 x11:0x80021e58 x27=0x00000208
      979609000	     48878	800097e4	03b068b3	rem	x17,x0,x27	  x0:0x00000000 x27:0x00000208 x17=0x00000000
      979629000	     48879	800097e8	66dd	c.lui	x13,0x17	 x13=0x00017000
      979649000	     48880	800097ea	8eaa	c.mv	x29,x10	  x0:0x00000000 x10:0x00000000 x29=0x00000000
      979669000	     48881	800097ec	0e90	c.addi4spn	x12,x2,848	 x12=0x00000350
      979709000	     48883	800097ee	035bb9b3	mulhu	x19,x23,x21	 x23:0xffffffc8 x21:0x2a0c5504 x19=0x2a0c54fa
      979809000	     48888	800097f2	010a2733	slt	x14,x20,x16	 x20:0x00000151 x16:0x00000000 x14=0x00000000
      979849000	     48890	800097f6	022299b3	mulh	x19,x5,x2	  x5:0x00000001  x2:0x00000000 x19=0x00000000
      979869000	     48891	800097fa	8b51	c.andi	x14,20	 x14:0x00000000 x14=0x00000000
      979889000	     48892	800097fc	1008	c.addi4spn	x10,x2,32	 x10=0x00000020
      979909000	     48893	800097fe	82a1	c.srli	x13,0x8	 x13:0x00017000 x13=0x00000170
      980389000	     48917	80009800	ad682393	slti	x7,x16,-1322	 x16:0x00000000  x7=0x00000000
      980409000	     48918	80009804	ee1d	c.bnez	x12,80009842	 x12:0x00000350
      980809000	     48938	80009842	8e15	c.sub	x12,x13	 x12:0x00000350 x13:0x00000170 x12=0x000001e0
      980949000	     48945	80009844	617d	c.addi16sp	x2,496	  x2:0x00000000  x2=0x000001f0
      981369000	     48966	80009846	01525a33	srl	x20,x4,x21	  x4:0x00000001 x21:0x2a0c5504 x20=0x00000000
      981389000	     48967	8000984a	547d	c.li	x8,-1	  x8=0xffffffff
      981409000	     48968	8000984c	6c79	c.lui	x24,0x1e	 x24=0x0001e000
      981449000	     48970	8000984e	029cd2b3	divu	x5,x25,x9	 x25:0x00000000  x9:0x00000000  x5=0xffffffff
      982189000	     49007	80009852	038471b3	remu	x3,x8,x24	  x8:0xffffffff x24:0x0001e000  x3=0x0000ffff
      982209000	     49008	80009856	6e09	c.lui	x28,0x2	 x28=0x00002000
      982229000	     49009	80009858	003fb2b3	sltu	x5,x31,x3	 x31:0x80025ce4  x3:0x0000ffff  x5=0x00000000
      982249000	     49010	8000985c	013e1413	slli	x8,x28,0x13	 x28:0x00002000  x8=0x00000000
      982269000	     49011	80009860	419b0833	sub	x16,x22,x25	 x22:0xfffffe00 x25:0x00000000 x16=0xfffffe00
      982289000	     49012	80009864	03248a33	mul	x20,x9,x18	  x9:0x00000000 x18:0x00000000 x20=0x00000000
      982309000	     49013	80009868	0000100f	fence.i	
      982429000	     49019	8000986c	0000100f	fence.i	
      983329000	     49064	80009870	0000100f	fence.i	
      984409000	     49118	80009874	0170bb33	sltu	x22,x1,x23	  x1:0x00000001 x23:0xffffffc8 x22=0x00000001
      984649000	     49130	80009878	0065f1b3	and	x3,x11,x6	 x11:0x80021e58  x6:0x00000000  x3=0x00000000
      984809000	     49138	8000987c	04781363	bne	x16,x7,800098c2	 x16:0xfffffe00  x7:0x00000000
      985409000	     49168	800098c2	02e9dcb3	divu	x25,x19,x14	 x19:0x00000000 x14:0x00000000 x25=0xffffffff
      985429000	     49169	800098c6	40625533	sra	x10,x4,x6	  x4:0x00000001  x6:0x00000000 x10=0x00000001
      985449000	     49170	800098ca	0001	c.addi	x0,0	  x0:0x00000000  x0=0x00000000
      985469000	     49171	800098cc	8135	c.srli	x10,0xd	 x10:0x00000001 x10=0x00000000
      985489000	     49172	800098ce	00355133	srl	x2,x10,x3	 x10:0x00000000  x3:0x00000000  x2=0x00000000
      985509000	     49173	800098d2	56fd	c.li	x13,-1	 x13=0xffffffff
      985549000	     49175	800098d4	03391633	mulh	x12,x18,x19	 x18:0x00000000 x19:0x00000000 x12=0x00000000
      985569000	     49176	800098d8	00f01c63	bne	x0,x15,800098f0	  x0:0x00000000 x15:0x00000151
      985849000	     49190	800098f0	40800933	sub	x18,x0,x8	  x0:0x00000000  x8:0x00000000 x18=0x00000000
      986169000	     49206	800098f4	e311	c.bnez	x14,800098f8	 x14:0x00000000
      986189000	     49207	800098f6	080a	c.slli	x16,0x2	 x16:0xfffffe00 x16=0xfffff800
      986369000	     49216	800098f8	bb5efb93	andi	x23,x29,-1099	 x29:0x00000000 x23=0x00000000
      986569000	     49226	800098fc	0198c1b3	xor	x3,x17,x25	 x17:0x00000000 x25:0xffffffff  x3=0xffffffff
      986629000	     49229	80009900	0001	c.addi	x0,0	  x0:0x00000000  x0=0x00000000
      986649000	     49230	80009902	7bbb7713	andi	x14,x22,1979	 x22:0x00000001 x14=0x00000001
      986669000	     49231	80009906	33b64093	xori	x1,x12,827	 x12:0x00000000  x1=0x0000033b
      986689000	     49232	8000990a	7095b993	sltiu	x19,x11,1801	 x11:0x80021e58 x19=0x00000000
      986909000	     49243	8000990e	01d5e8b3	or	x17,x11,x29	 x11:0x80021e58 x29:0x00000000 x17=0x80021e58
      987209000	     49258	80009912	31797897	auipc	x17,0x31797	 x17=0xb17a0912
      987549000	     49275	80009916	413054b3	sra	x9,x0,x19	  x0:0x00000000 x19:0x00000000  x9=0x00000000
      987569000	     49276	8000991a	e40d	c.bnez	x8,80009944	  x8:0x00000000
      987649000	     49280	8000991c	033569b3	rem	x19,x10,x19	 x10:0x00000000 x19:0x00000000 x19=0x00000000
      987829000	     49289	80009920	0115d533	srl	x10,x11,x17	 x11:0x80021e58 x17:0xb17a0912 x10=0x00002000
      987849000	     49290	80009924	00a75bb3	srl	x23,x14,x10	 x14:0x00000001 x10:0x00002000 x23=0x00000001
      987869000	     49291	80009928	8e15	c.sub	x12,x13	 x12:0x00000000 x13:0xffffffff x12=0x00000001
      987889000	     49292	8000992a	0001	c.addi	x0,0	  x0:0x00000000  x0=0x00000000
      988289000	     49312	8000992c	82f5	c.srli	x13,0x1d	 x13:0xffffffff x13=0x00000007
      988509000	     49323	8000992e	0014d2b3	srl	x5,x9,x1	  x9:0x00000000  x1:0x0000033b  x5=0x00000000
      989249000	     49360	80009932	02fdf533	remu	x10,x27,x15	 x27:0x00000208 x15:0x00000151 x10=0x000000b7
      989269000	     49361	80009936	9eca	c.add	x29,x18	 x29:0x00000000 x18:0x00000000 x29=0x00000000
      989289000	     49362	80009938	1b7d	c.addi	x22,-1	 x22:0x00000001 x22=0x00000000
      989309000	     49363	8000993a	003e9a63	bne	x29,x3,8000994e	 x29:0x00000000  x3:0xffffffff
     1010069000	     50401	8000994e	7b16f493	andi	x9,x13,1969	 x13:0x00000007  x9=0x00000001
     1010089000	     50402	80009952	eeee2a97	auipc	x21,0xeeee2	 x21=0x6eeeb952
     1010109000	     50403	80009956	40c00933	sub	x18,x0,x12	  x0:0x00000000 x12:0x00000001 x18=0xffffffff
     1010849000	     50440	8000995a	03845533	divu	x10,x8,x24	  x8:0x00000000 x24:0x0001e000 x10=0x00000000
     1010869000	     50441	8000995e	0a4c3e13	sltiu	x28,x24,164	 x24:0x0001e000 x28=0x00000000
     1010889000	     50442	80009962	8c9d	c.sub	x9,x15	  x9:0x00000001 x15:0x00000151  x9=0xfffffeb0
     1010909000	     50443	80009964	13fd	c.addi	x7,-1	  x7:0x00000000  x7=0xffffffff
     1010929000	     50444	80009966	094da393	slti	x7,x27,148	 x27:0x00000208  x7=0x00000000
     1010949000	     50445	8000996a	0104dc93	srli	x25,x9,0x10	  x9:0xfffffeb0 x25=0x0000ffff
     1010969000	     50446	8000996e	2f168c93	addi	x25,x13,753	 x13:0x00000007 x25=0x000002f8
     1010989000	     50447	80009972	717d	c.addi16sp	x2,-16	  x2:0x00000000  x2=0xfffffff0
     1011009000	     50448	80009974	00044733	xor	x14,x8,x0	  x8:0x00000000  x0:0x00000000 x14=0x00000000
     1011309000	     50463	80009978	017d9993	slli	x19,x27,0x17	 x27:0x00000208 x19=0x04000000
     1011329000	     50464	8000997c	0066d963	bge	x13,x6,8000998e	 x13:0x00000007  x6:0x00000000
     1012049000	     50500	8000998e	01b0ca63	blt	x1,x27,800099a2	  x1:0x0000033b x27:0x00000208
     1012789000	     50537	80009992	02c2ff33	remu	x30,x5,x12	  x5:0x00000000 x12:0x00000001 x30=0x00000000
     1012809000	     50538	80009996	01e85a33	srl	x20,x16,x30	 x16:0xfffff800 x30:0x00000000 x20=0xfffff800
     1012829000	     50539	8000999a	f76d3713	sltiu	x14,x26,-138	 x26:0x00008000 x14=0x00000001
     1012849000	     50540	8000999e	8c05	c.sub	x8,x9	  x8:0x00000000  x9:0xfffffeb0  x8=0x00000150
     1012869000	     50541	800099a0	8255	c.srli	x12,0x15	 x12:0x00000001 x12=0x00000000
     1012889000	     50542	800099a2	01890a63	beq	x18,x24,800099b6	 x18:0xffffffff x24:0x0001e000
     1012909000	     50543	800099a6	0096a1b3	slt	x3,x13,x9	 x13:0x00000007  x9:0xfffffeb0  x3=0x00000000
     1013649000	     50580	800099aa	03a74133	div	x2,x14,x26	 x14:0x00000001 x26:0x00008000  x2=0x00000000
     1013669000	     50581	800099ae	0c75	c.addi	x24,29	 x24:0x0001e000 x24=0x0001e01d
     1013689000	     50582	800099b0	8d15	c.sub	x10,x13	 x10:0x00000000 x13:0x00000007 x10=0xfffffff9
     1013709000	     50583	800099b2	02534763	blt	x6,x5,800099e0	  x6:0x00000000  x5:0x00000000
     1013749000	     50585	800099b6	02143633	mulhu	x12,x8,x1	  x8:0x00000150  x1:0x0000033b x12=0x00000000
     1014489000	     50622	800099ba	0392cf33	div	x30,x5,x25	  x5:0x00000000 x25:0x000002f8 x30=0x00000000
     1014509000	     50623	800099be	8d01	c.sub	x10,x8	 x10:0xfffffff9  x8:0x00000150 x10=0xfffffea9
     1014529000	     50624	800099c0	0000100f	fence.i	
     1014989000	     50647	800099c4	02519cb3	mulh	x25,x3,x5	  x3:0x00000000  x5:0x00000000 x25=0x00000000
     1015009000	     50648	800099c8	8c4d	c.or	x8,x11	  x8:0x00000150 x11:0x80021e58  x8=0x80021f58
     1015029000	     50649	800099ca	83f5	c.srli	x15,0x1d	 x15:0x00000151 x15=0x00000000
     1015149000	     50655	800099cc	7c404f13	xori	x30,x0,1988	  x0:0x00000000 x30=0x000007c4
     1015169000	     50656	800099d0	8395	c.srli	x15,0x5	 x15:0x00000000 x15=0x00000000
     1015209000	     50658	800099d2	20fe6413	ori	x8,x28,527	 x28:0x00000000  x8=0x0000020f
     1015349000	     50665	800099d6	00cc1233	sll	x4,x24,x12	 x24:0x0001e01d x12:0x00000000  x4=0x0001e01d
     1015369000	     50666	800099da	0306d063	bge	x13,x16,800099fa	 x13:0x00000007 x16:0xfffff800
     1015929000	     50694	800099fa	0001	c.addi	x0,0	  x0:0x00000000  x0=0x00000000
     1015949000	     50695	800099fc	8135	c.srli	x10,0xd	 x10:0xfffffea9 x10=0x0007ffff
     1016009000	     50698	800099fe	03154e63	blt	x10,x17,80009a3a	 x10:0x0007ffff x17:0xb17a0912
     1016029000	     50699	80009a02	005beb63	bltu	x23,x5,80009a18	 x23:0x00000001  x5:0x00000000
     1016449000	     50720	80009a06	e296a693	slti	x13,x13,-471	 x13:0x00000007 x13=0x00000000
     1016469000	     50721	80009a0a	037bc263	blt	x23,x23,80009a2e	 x23:0x00000001 x23:0x00000001
     1016489000	     50722	80009a0e	0109fe63	bgeu	x19,x16,80009a2a	 x19:0x04000000 x16:0xfffff800
     1016509000	     50723	80009a12	0001	c.addi	x0,0	  x0:0x00000000  x0=0x00000000
     1016749000	     50735	80009a14	41325a33	sra	x20,x4,x19	  x4:0x0001e01d x19:0x04000000 x20=0x0001e01d
     1016789000	     50737	80009a18	895e	c.mv	x18,x23	  x0:0x00000000 x23:0x00000001 x18=0x00000001
     1016809000	     50738	80009a1a	80b9	c.srli	x9,0xe	  x9:0xfffffeb0  x9=0x0003ffff
     1016829000	     50739	80009a1c	3280c4b7	lui	x9,0x3280c	  x9=0x3280c000
     1016849000	     50740	80009a20	01a2d713	srli	x14,x5,0x1a	  x5:0x00000000 x14=0x00000000
     1016869000	     50741	80009a24	8559	c.srai	x10,0x16	 x10:0x0007ffff x10=0x00000000
     1017269000	     50761	80009a26	00b93ab3	sltu	x21,x18,x11	 x18:0x00000001 x11:0x80021e58 x21=0x00000001
     1017289000	     50762	80009a2a	40d6d513	srai	x10,x13,0xd	 x13:0x00000000 x10=0x00000000
     1017389000	     50767	80009a2e	002a1d33	sll	x26,x20,x2	 x20:0x0001e01d  x2:0x00000000 x26=0x0001e01d
     1017509000	     50773	80009a32	00c29613	slli	x12,x5,0xc	  x5:0x00000000 x12=0x00000000
     1017649000	     50780	80009a36	01c72ab3	slt	x21,x14,x28	 x14:0x00000000 x28:0x00000000 x21=0x00000000
     1018069000	     50801	80009a3a	91868193	addi	x3,x13,-1768	 x13:0x00000000  x3=0xfffff918
     1018109000	     50803	80009a3e	030218b3	mulh	x17,x4,x16	  x4:0x0001e01d x16:0xfffff800 x17=0xffffffff
     1018189000	     50807	80009a42	411e52b3	sra	x5,x28,x17	 x28:0x00000000 x17:0xffffffff  x5=0x00000000
     1018409000	     50818	80009a46	0207d8b3	divu	x17,x15,x0	 x15:0x00000000  x0:0x00000000 x17=0xffffffff
     1018449000	     50820	80009a4a	03461b33	mulh	x22,x12,x20	 x12:0x00000000 x20:0x0001e01d x22=0x00000000
     1018469000	     50821	80009a4e	1c00	c.addi4spn	x8,x2,560	  x8=0x00000230
     1018489000	     50822	80009a50	6169	c.addi16sp	x2,208	  x2:0x00000000  x2=0x000000d0
     1018509000	     50823	80009a52	0000dd33	srl	x26,x1,x0	  x1:0x0000033b  x0:0x00000000 x26=0x0000033b
     1018889000	     50842	80009a56	00d6e363	bltu	x13,x13,80009a5c	 x13:0x00000000 x13:0x00000000
     1018909000	     50843	80009a5a	1598	c.addi4spn	x14,x2,736	 x14=0x000003b0
     1019009000	     50848	80009a5c	0001	c.addi	x0,0	  x0:0x00000000  x0=0x00000000
     1019429000	     50869	80009a5e	04b84263	blt	x16,x11,80009aa2	 x16:0xfffff800 x11:0x80021e58
     1020449000	     50920	80009a62	03794d33	div	x26,x18,x23	 x18:0x00000001 x23:0x00000001 x26=0x00000001
     1020469000	     50921	80009a66	01e71cb3	sll	x25,x14,x30	 x14:0x000003b0 x30:0x000007c4 x25=0x00003b00
     1020509000	     50923	80009a6a	025bcc33	div	x24,x23,x5	 x23:0x00000001  x5:0x00000000 x24=0xffffffff
     1021249000	     50960	80009a6e	03a0f933	remu	x18,x1,x26	  x1:0x0000033b x26:0x00000001 x18=0x00000000
     1021269000	     50961	80009a72	979e	c.add	x15,x7	 x15:0x00000000  x7:0x00000000 x15=0x00000000
     1021289000	     50962	80009a74	9252	c.add	x4,x20	  x4:0x0001e01d x20:0x0001e01d  x4=0x0003c03a
     1021309000	     50963	80009a76	fbd63c13	sltiu	x24,x12,-67	 x12:0x00000000 x24=0x00000001
     1021349000	     50965	80009a7a	02d85433	divu	x8,x16,x13	 x16:0xfffff800 x13:0x00000000  x8=0xffffffff
     1022089000	     51002	80009a7e	03acddb3	divu	x27,x25,x26	 x25:0x00003b00 x26:0x00000001 x27=0x00003b00
     1022109000	     51003	80009a82	02b18ab3	mul	x21,x3,x11	  x3:0xfffff918 x11:0x80021e58 x21=0xf15e7040
     1022129000	     51004	80009a86	0165b2b3	sltu	x5,x11,x22	 x11:0x80021e58 x22:0x00000000  x5=0x00000000
     1022149000	     51005	80009a8a	015d9713	slli	x14,x27,0x15	 x27:0x00003b00 x14=0x60000000
     1022169000	     51006	80009a8e	d5accd13	xori	x26,x25,-678	 x25:0x00003b00 x26=0xffffc65a
     1022189000	     51007	80009a92	8d71	c.and	x10,x12	 x10:0x00000000 x12:0x00000000 x10=0x00000000
     1022229000	     51009	80009a94	01f142b3	xor	x5,x2,x31	  x2:0x000000d0 x31:0x80025ce4  x5=0x80025c34
     1022649000	     51030	80009a98	e61d6493	ori	x9,x26,-415	 x26:0xffffc65a  x9=0xfffffe7b
     1022669000	     51031	80009a9c	02834363	blt	x6,x8,80009ac2	  x6:0x00000000  x8:0xffffffff
     1022829000	     51039	80009aa0	8ec5	c.or	x13,x9	 x13:0x00000000  x9:0xfffffe7b x13=0xfffffe7b
     1023249000	     51060	80009aa2	00af4733	xor	x14,x30,x10	 x30:0x000007c4 x10:0x00000000 x14=0x000007c4
     1023669000	     51081	80009aa6	01d667b3	or	x15,x12,x29	 x12:0x00000000 x29:0x00000000 x15=0x00000000
     1023689000	     51082	80009aaa	96f2	c.add	x13,x28	 x13:0xfffffe7b x28:0x00000000 x13=0xfffffe7b
     1023709000	     51083	80009aac	9b7e	c.add	x22,x31	 x22:0x00000000 x31:0x80025ce4 x22=0x80025ce4
     1024109000	     51103	80009aae	f97a2c17	auipc	x24,0xf97a2	 x24=0x797abaae
     1024129000	     51104	80009ab2	ca0d	c.beqz	x12,80009ae4	 x12:0x00000000
     1024829000	     51139	80009ae4	0193d213	srli	x4,x7,0x19	  x7:0x00000000  x4=0x00000000
     1025129000	     51154	80009ae8	04708463	beq	x1,x7,80009b30	  x1:0x0000033b  x7:0x00000000
     1025149000	     51155	80009aec	a5e87013	andi	x0,x16,-1442	 x16:0xfffff800  x0=0x00000000
     1025449000	     51170	80009af0	fc072c13	slti	x24,x14,-64	 x14:0x000007c4 x24=0x00000000
     1025469000	     51171	80009af4	408402b3	sub	x5,x8,x8	  x8:0xffffffff  x8:0xffffffff  x5=0x00000000
     1025889000	     51192	80009af8	0096b433	sltu	x8,x13,x9	 x13:0xfffffe7b  x9:0xfffffe7b  x8=0x00000000
     1026049000	     51200	80009afc	0118fdb3	and	x27,x17,x17	 x17:0xffffffff x17:0xffffffff x27=0xffffffff
     1026249000	     51210	80009b00	01be20b3	slt	x1,x28,x27	 x28:0x00000000 x27:0xffffffff  x1=0x00000000
     1026649000	     51230	80009b04	017997b3	sll	x15,x19,x23	 x19:0x04000000 x23:0x00000001 x15=0x08000000
     1027089000	     51252	80009b08	02196cb3	rem	x25,x18,x1	 x18:0x00000000  x1:0x00000000 x25=0x00000000
     1027129000	     51254	80009b0c	0246c8b3	div	x17,x13,x4	 x13:0xfffffe7b  x4:0x00000000 x17=0xffffffff
     1027149000	     51255	80009b10	75884d93	xori	x27,x16,1880	 x16:0xfffff800 x27=0xffffff58
     1027169000	     51256	80009b14	00d139b3	sltu	x19,x2,x13	  x2:0x000000d0 x13:0xfffffe7b x19=0x00000001
     1027349000	     51265	80009b18	56e27b93	andi	x23,x4,1390	  x4:0x00000000 x23=0x00000000
     1027709000	     51283	80009b1c	8c72	c.mv	x24,x28	  x0:0x00000000 x28:0x00000000 x24=0x00000000
     1027729000	     51284	80009b1e	8e19	c.sub	x12,x14	 x12:0x00000000 x14:0x000007c4 x12=0xfffff83c
     1027889000	     51292	80009b20	3c0ffc93	andi	x25,x31,960	 x31:0x80025ce4 x25=0x000000c0
     1028009000	     51298	80009b24	00cf6963	bltu	x30,x12,80009b36	 x30:0x000007c4 x12:0xfffff83c
     1028449000	     51320	80009b36	7777cc13	xori	x24,x15,1911	 x15:0x08000000 x24=0x08000777
     1028489000	     51322	80009b3a	03d4f233	remu	x4,x9,x29	  x9:0xfffffe7b x29:0x00000000  x4=0xfffffe7b
     1028509000	     51323	80009b3e	5dfd	c.li	x27,-1	 x27=0xffffffff
     1028589000	     51327	80009b40	3ed8b413	sltiu	x8,x17,1005	 x17:0xffffffff  x8=0x00000000
     1028609000	     51328	80009b44	9bfd	c.andi	x15,-1	 x15:0x08000000 x15=0x08000000
     1028649000	     51330	80009b46	03e786b3	mul	x13,x15,x30	 x15:0x08000000 x30:0x000007c4 x13=0x20000000
     1028669000	     51331	80009b4a	019b86b3	add	x13,x23,x25	 x23:0x00000000 x25:0x000000c0 x13=0x000000c0
     1028689000	     51332	80009b4e	00fa1c93	slli	x25,x20,0xf	 x20:0x0001e01d x25=0xf00e8000
     1028709000	     51333	80009b52	421d	c.li	x4,7	  x4=0x00000007
     1028729000	     51334	80009b54	41ba5393	srai	x7,x20,0x1b	 x20:0x0001e01d  x7=0x00000000
     1028929000	     51344	80009b58	01b12533	slt	x10,x2,x27	  x2:0x000000d0 x27:0xffffffff x10=0x00000000
     1029009000	     51348	80009b5c	00de7c63	bgeu	x28,x13,80009b74	 x28:0x00000000 x13:0x000000c0
     1029429000	     51369	80009b60	01e2ccb3	xor	x25,x5,x30	  x5:0x00000000 x30:0x000007c4 x25=0x000007c4
     1029529000	     51374	80009b64	4f26c093	xori	x1,x13,1266	 x13:0x000000c0  x1=0x00000432
     1029549000	     51375	80009b68	41b28bb3	sub	x23,x5,x27	  x5:0x00000000 x27:0xffffffff x23=0x00000001
     1029569000	     51376	80009b6c	40280c33	sub	x24,x16,x2	 x16:0xfffff800  x2:0x000000d0 x24=0xfffff730
     1029629000	     51379	80009b70	019be033	or	x0,x23,x25	 x23:0x00000001 x25:0x000007c4  x0=0x00000000
     1029649000	     51380	80009b74	016488b3	add	x17,x9,x22	  x9:0xfffffe7b x22:0x80025ce4 x17=0x80025b5f
     1030069000	     51401	80009b78	82d1	c.srli	x13,0x14	 x13:0x000000c0 x13=0x00000000
     1030089000	     51402	80009b7a	ac5d4d13	xori	x26,x26,-1339	 x26:0xffffc65a x26=0x00003c9f
     1030509000	     51423	80009b7e	02098f33	mul	x30,x19,x0	 x19:0x00000001  x0:0x00000000 x30=0x00000000
     1030549000	     51425	80009b82	d5144893	xori	x17,x8,-687	  x8:0x00000000 x17=0xfffffd51
     1030629000	     51429	80009b86	01f4c6b3	xor	x13,x9,x31	  x9:0xfffffe7b x31:0x80025ce4 x13=0x7ffda29f
     1030949000	     51445	80009b8a	005cddb3	srl	x27,x25,x5	 x25:0x000007c4  x5:0x00000000 x27=0x000007c4
     1031109000	     51453	80009b8e	00a8e633	or	x12,x17,x10	 x17:0xfffffd51 x10:0x00000000 x12=0xfffffd51
     1031229000	     51459	80009b92	206eaa37	lui	x20,0x206ea	 x20=0x206ea000
     1031309000	     51463	80009b96	0000100f	fence.i	
     1038229000	     51809	80009b9a	64f5	c.lui	x9,0x1d	  x9=0x0001d000
     1038249000	     51810	80009b9c	0ff0000f	fence	iorw,iorw	
     1038409000	     51818	80009ba0	004221b3	slt	x3,x4,x4	  x4:0x00000007  x4:0x00000007  x3=0x00000000
     1038429000	     51819	80009ba4	8569	c.srai	x10,0x1a	 x10:0x00000000 x10=0x00000000
     1038449000	     51820	80009ba6	03300363	beq	x0,x19,80009bcc	  x0:0x00000000 x19:0x00000001
     1038469000	     51821	80009baa	63134093	xori	x1,x6,1585	  x6:0x00000000  x1=0x00000631
     1038889000	     51842	80009bae	05d11263	bne	x2,x29,80009bf2	  x2:0x000000d0 x29:0x00000000
     1040329000	     51914	80009bf2	12a2ab93	slti	x23,x5,298	  x5:0x00000000 x23=0x00000001
     1040349000	     51915	80009bf6	41e1	c.li	x3,24	  x3=0x00000018
     1040369000	     51916	80009bf8	41e85893	srai	x17,x16,0x1e	 x16:0xfffff800 x17=0xffffffff
     1040389000	     51917	80009bfc	40255033	sra	x0,x10,x2	 x10:0x00000000  x2:0x000000d0  x0=0x00000000
     1040549000	     51925	80009c00	0143fc33	and	x24,x7,x20	  x7:0x00000000 x20:0x206ea000 x24=0x00000000
     1040709000	     51933	80009c04	66b9	c.lui	x13,0xe	 x13=0x0000e000
     1040989000	     51947	80009c06	03c5fb33	remu	x22,x11,x28	 x11:0x80021e58 x28:0x00000000 x22=0x80021e58
     1041009000	     51948	80009c0a	964e	c.add	x12,x19	 x12:0xfffffd51 x19:0x00000001 x12=0xfffffd52
     1041329000	     51964	80009c0c	8739	c.srai	x14,0xe	 x14:0x000007c4 x14=0x00000000
     1041349000	     51965	80009c0e	b94fe6ef	jal	x13,80007fa2	 x13=0x80009c12
     1041949000	     51995	80007fa2	8e1d	c.sub	x12,x15	 x12:0xfffffd52 x15:0x08000000 x12=0xf7fffd52
     1042009000	     51998	80007fa4	405f04b3	sub	x9,x30,x5	 x30:0x00000000  x5:0x00000000  x9=0x00000000
     1042089000	     52002	80007fa8	fd058593	addi	x11,x11,-48	 x11:0x80021e58 x11=0x80021e28
     1042269000	     52011	80007fac	00ea5133	srl	x2,x20,x14	 x20:0x206ea000 x14:0x00000000  x2=0x206ea000
     1042429000	     52019	80007fb0	026451b3	divu	x3,x8,x6	  x8:0x00000000  x6:0x00000000  x3=0xffffffff
     1042449000	     52020	80007fb4	30b67613	andi	x12,x12,779	 x12:0xf7fffd52 x12=0x00000102
     1043009000	     52048	80007fb8	c1d4	c.sw	x13,4(x11)	 x11:0x80021e28 x13:0x80009c12 PA:0x80021e2c store:0x80009c12 load:0xffffffff
     1043029000	     52049	80007fba	8499	c.srai	x9,0x6	  x9:0x00000000  x9=0x00000000
     1043049000	     52050	80007fbc	eff1c793	xori	x15,x3,-257	  x3:0xffffffff x15=0x00000100
     1043069000	     52051	80007fc0	8d61	c.and	x10,x8	 x10:0x00000000  x8:0x00000000 x10=0x00000000
     1043089000	     52052	80007fc2	013cf863	bgeu	x25,x19,80007fd2	 x25:0x000007c4 x19:0x00000001
     1043369000	     52066	80007fd2	f8543913	sltiu	x18,x8,-123	  x8:0x00000000 x18=0x00000001
     1043389000	     52067	80007fd6	6a99	c.lui	x21,0x6	 x21=0x00006000
     1043409000	     52068	80007fd8	0001	c.addi	x0,0	  x0:0x00000000  x0=0x00000000
     1043429000	     52069	80007fda	837d	c.srli	x14,0x1f	 x14:0x00000000 x14=0x00000000
     1043469000	     52071	80007fdc	020d9e33	mulh	x28,x27,x0	 x27:0x000007c4  x0:0x00000000 x28=0x00000000
     1044549000	     52125	80007fe0	0332f8b3	remu	x17,x5,x19	  x5:0x00000000 x19:0x00000001 x17=0x00000000
     1044609000	     52128	80007fe4	41d4	c.lw	x13,4(x11)	 x11:0x80021e28 x13=0x80009c12 PA:0x80021e2c load:0x80009c12
     1044629000	     52129	80007fe6	03058593	addi	x11,x11,48	 x11:0x80021e28 x11=0x80021e58
     1044649000	     52130	80007fea	8c79	c.and	x8,x14	  x8:0x00000000 x14:0x00000000  x8=0x00000000
     1044669000	     52131	80007fec	8c0d	c.sub	x8,x11	  x8:0x00000000 x11:0x80021e58  x8=0x7ffde1a8
     1044689000	     52132	80007fee	0026de93	srli	x29,x13,0x2	 x13:0x80009c12 x29=0x20002704
     1044709000	     52133	80007ff2	00068393	addi	x7,x13,0	 x13:0x80009c12  x7=0x80009c12
     1044729000	     52134	80007ff6	9382	c.jalr	x7	  x7:0x80009c12  x1=0x80007ff8
     1045509000	     52173	80009c12	036c5cb3	divu	x25,x24,x22	 x24:0x00000000 x22:0x80021e58 x25=0x00000000
     1045529000	     52174	80009c16	90f6	c.add	x1,x29	  x1:0x80007ff8 x29:0x20002704  x1=0xa000a6fc
     1045549000	     52175	80009c18	40fdde33	sra	x28,x27,x15	 x27:0x000007c4 x15:0x00000100 x28=0x000007c4
     1045569000	     52176	80009c1c	717d	c.addi16sp	x2,-16	  x2:0x206ea000  x2=0x206e9ff0
     1045589000	     52177	80009c1e	1a98	c.addi4spn	x14,x2,368	 x14=0x206ea160
     1046609000	     52228	80009c20	03cb4e33	div	x28,x22,x28	 x22:0x80021e58 x28:0x000007c4 x28=0xffef84a7
     1046629000	     52229	80009c24	01f4df33	srl	x30,x9,x31	  x9:0x00000000 x31:0x80025ce4 x30=0x00000000
     1046649000	     52230	80009c28	129c	c.addi4spn	x15,x2,352	 x15=0x206ea150
     1046669000	     52231	80009c2a	e715	c.bnez	x14,80009c56	 x14:0x206ea160
     1047729000	     52284	80009c56	8e45	c.or	x12,x9	 x12:0x00000102  x9:0x00000000 x12=0x00000102
     1047969000	     52296	80009c58	0154eb63	bltu	x9,x21,80009c6e	  x9:0x00000000 x21:0x00006000
     1048569000	     52326	80009c6e	014640b3	xor	x1,x12,x20	 x12:0x00000102 x20:0x206ea000  x1=0x206ea102
     1049449000	     52370	80009c72	028c4f33	div	x30,x24,x8	 x24:0x00000000  x8:0x7ffde1a8 x30=0x00000000
     1049469000	     52371	80009c76	6b0f4e13	xori	x28,x30,1712	 x30:0x00000000 x28=0x000006b0
     1049489000	     52372	80009c7a	01b90463	beq	x18,x27,80009c82	 x18:0x00000001 x27:0x000007c4
     1049509000	     52373	80009c7e	a7347817	auipc	x16,0xa7347	 x16=0x27350c7e
     1049529000	     52374	80009c82	0001	c.addi	x0,0	  x0:0x00000000  x0=0x00000000
     1049629000	     52379	80009c84	057b7013	andi	x0,x22,87	 x22:0x80021e58  x0=0x00000000
     1049649000	     52380	80009c88	01cf4ab3	xor	x21,x30,x28	 x30:0x00000000 x28:0x000006b0 x21=0x000006b0
     1049669000	     52381	80009c8c	00a56833	or	x16,x10,x10	 x10:0x00000000 x10:0x00000000 x16=0x00000000
     1049789000	     52387	80009c90	941a	c.add	x8,x6	  x8:0x7ffde1a8  x6:0x00000000  x8=0x7ffde1a8
     1049809000	     52388	80009c92	0001	c.addi	x0,0	  x0:0x00000000  x0=0x00000000
     1049829000	     52389	80009c94	8bc9	c.andi	x15,18	 x15:0x206ea150 x15=0x00000010
     1050209000	     52408	80009c96	f21bf113	andi	x2,x23,-223	 x23:0x00000001  x2=0x00000001
     1050229000	     52409	80009c9a	9b56	c.add	x22,x21	 x22:0x80021e58 x21:0x000006b0 x22=0x80022508
     1050629000	     52429	80009c9c	0cae4293	xori	x5,x28,202	 x28:0x000006b0  x5=0x0000067a
     1050649000	     52430	80009ca0	cb59fa93	andi	x21,x19,-843	 x19:0x00000001 x21=0x00000001
     1050669000	     52431	80009ca4	6115	c.addi16sp	x2,288	  x2:0x00000001  x2=0x00000121
     1050689000	     52432	80009ca6	41bd5513	srai	x10,x26,0x1b	 x26:0x00003c9f x10=0x00000000
     1050709000	     52433	80009caa	01fb0b63	beq	x22,x31,80009cc0	 x22:0x80022508 x31:0x80025ce4
     1050769000	     52436	80009cae	403880b3	sub	x1,x17,x3	 x17:0x00000000  x3:0xffffffff  x1=0x00000001
     1050809000	     52438	80009cb2	03382133	mulhsu	x2,x16,x19	 x16:0x00000000 x19:0x00000001  x2=0x00000000
     1050829000	     52439	80009cb6	00208963	beq	x1,x2,80009cc8	  x1:0x00000001  x2:0x00000000
     1050849000	     52440	80009cba	63ed	c.lui	x7,0x1b	  x7=0x0001b000
     1050869000	     52441	80009cbc	0c241097	auipc	x1,0xc241	  x1=0x8c24acbc
     1050889000	     52442	80009cc0	006fa9b3	slt	x19,x31,x6	 x31:0x80025ce4  x6:0x00000000 x19=0x00000001
     1051289000	     52462	80009cc4	8936	c.mv	x18,x13	  x0:0x00000000 x13:0x80009c12 x18=0x80009c12
     1051309000	     52463	80009cc6	c71d	c.beqz	x14,80009cf4	 x14:0x206ea160
     1051689000	     52482	80009cc8	0338e363	bltu	x17,x19,80009cee	 x17:0x00000000 x19:0x00000001
     1052389000	     52517	80009cee	187d	c.addi	x16,-1	 x16:0x00000000 x16=0xffffffff
     1052609000	     52528	80009cf0	02955b33	divu	x22,x10,x9	 x10:0x00000000  x9:0x00000000 x22=0xffffffff
     1052629000	     52529	80009cf4	41fc80b3	sub	x1,x25,x31	 x25:0x00000000 x31:0x80025ce4  x1=0x7ffda31c
     1053009000	     52548	80009cf8	01cb0263	beq	x22,x28,80009cfc	 x22:0xffffffff x28:0x000006b0
     1053029000	     52549	80009cfc	012617b3	sll	x15,x12,x18	 x12:0x00000102 x18:0x80009c12 x15=0x04080000
     1053449000	     52570	80009d00	23146c13	ori	x24,x8,561	  x8:0x7ffde1a8 x24=0x7ffde3b9
     1053569000	     52576	80009d04	08e9	c.addi	x17,26	 x17:0x00000000 x17=0x0000001a
     1053589000	     52577	80009d06	00f348b3	xor	x17,x6,x15	  x6:0x00000000 x15:0x04080000 x17=0x04080000
     1054009000	     52598	80009d0a	00ad1b63	bne	x26,x10,80009d20	 x26:0x00003c9f x10:0x00000000
     1054389000	     52617	80009d20	004fe9b3	or	x19,x31,x4	 x31:0x80025ce4  x4:0x00000007 x19=0x80025ce7
     1054549000	     52625	80009d24	035c0963	beq	x24,x21,80009d56	 x24:0x7ffde3b9 x21:0x00000001
     1054689000	     52632	80009d28	0382ed63	bltu	x5,x24,80009d62	  x5:0x0000067a x24:0x7ffde3b9
     1055649000	     52680	80009d62	14ef6613	ori	x12,x30,334	 x30:0x00000000 x12=0x0000014e
     1055669000	     52681	80009d66	87e2	c.mv	x15,x24	  x0:0x00000000 x24:0x7ffde3b9 x15=0x7ffde3b9
     1055929000	     52694	80009d68	b583ec93	ori	x25,x7,-1192	  x7:0x0001b000 x25=0xfffffb58
     1055949000	     52695	80009d6c	f47386b7	lui	x13,0xf4738	 x13=0xf4738000
     1056369000	     52716	80009d70	41a68eb3	sub	x29,x13,x26	 x13:0xf4738000 x26:0x00003c9f x29=0xf4734361
     1056389000	     52717	80009d74	0000100f	fence.i	
     1056709000	     52733	80009d78	008b26b3	slt	x13,x22,x8	 x22:0xffffffff  x8:0x7ffde1a8 x13=0x00000001
     1056749000	     52735	80009d7c	022312b3	mulh	x5,x6,x2	  x6:0x00000000  x2:0x00000000  x5=0x00000000
     1056769000	     52736	80009d80	41e90133	sub	x2,x18,x30	 x18:0x80009c12 x30:0x00000000  x2=0x80009c12
     1056969000	     52746	80009d84	28c64d93	xori	x27,x12,652	 x12:0x0000014e x27=0x000003c2
     1056989000	     52747	80009d88	890d	c.andi	x10,3	 x10:0x00000000 x10=0x00000000
     1057009000	     52748	80009d8a	8f01	c.sub	x14,x8	 x14:0x206ea160  x8:0x7ffde1a8 x14=0xa070bfb8
     1057209000	     52758	80009d8c	40dc5693	srai	x13,x24,0xd	 x24:0x7ffde3b9 x13=0x0003ffef
     1058089000	     52802	80009d90	037877b3	remu	x15,x16,x23	 x16:0xffffffff x23:0x00000001 x15=0x00000000
     1058109000	     52803	80009d94	31f0c093	xori	x1,x1,799	  x1:0x7ffda31c  x1=0x7ffda003
     1058129000	     52804	80009d98	93f9f893	andi	x17,x19,-1729	 x19:0x80025ce7 x17=0x80025827
     1058149000	     52805	80009d9c	00570f33	add	x30,x14,x5	 x14:0xa070bfb8  x5:0x00000000 x30=0xa070bfb8
     1058169000	     52806	80009da0	4775c693	xori	x13,x11,1143	 x11:0x80021e58 x13=0x80021a2f
     1058909000	     52843	80009da4	0214d3b3	divu	x7,x9,x1	  x9:0x00000000  x1:0x7ffda003  x7=0x00000000
     1058929000	     52844	80009da8	00db9e93	slli	x29,x23,0xd	 x23:0x00000001 x29=0x00002000
     1058949000	     52845	80009dac	8e91	c.sub	x13,x12	 x13:0x80021a2f x12:0x0000014e x13=0x800218e1
     1058969000	     52846	80009dae	0000100f	fence.i	
     1059049000	     52850	80009db2	5cfd	c.li	x25,-1	 x25=0xffffffff
     1059209000	     52858	80009db4	01128b33	add	x22,x5,x17	  x5:0x00000000 x17:0x80025827 x22=0x80025827
     1059229000	     52859	80009db8	c5da3213	sltiu	x4,x20,-931	 x20:0x206ea000  x4=0x00000001
     1059649000	     52880	80009dbc	97196093	ori	x1,x18,-1679	 x18:0x80009c12  x1=0xfffffd73
     1059869000	     52891	80009dc0	8fb1	c.xor	x15,x12	 x15:0x00000000 x12:0x0000014e x15=0x0000014e
     1059889000	     52892	80009dc2	02ad	c.addi	x5,11	  x5:0x00000000  x5=0x0000000b
     1059909000	     52893	80009dc4	e59aae13	slti	x28,x21,-423	 x21:0x00000001 x28=0x00000000
     1059949000	     52895	80009dc8	036991b3	mulh	x3,x19,x22	 x19:0x80025ce7 x22:0x80025827  x3=0x3ffda57e
     1060329000	     52914	80009dcc	0ff0000f	fence	iorw,iorw	
     1060349000	     52915	80009dd0	027d8033	mul	x0,x27,x7	 x27:0x000003c2  x7:0x00000000  x0=0x00000000
     1061089000	     52952	80009dd4	03835933	divu	x18,x6,x24	  x6:0x00000000 x24:0x7ffde3b9 x18=0x00000000
     1061109000	     52953	80009dd8	4093d213	srai	x4,x7,0x9	  x7:0x00000000  x4=0x00000000
     1061149000	     52955	80009ddc	032ca0b3	mulhsu	x1,x25,x18	 x25:0xffffffff x18:0x00000000  x1=0x00000000
     1061189000	     52957	80009de0	03583833	mulhu	x16,x16,x21	 x16:0xffffffff x21:0x00000001 x16=0x00000000
     1061209000	     52958	80009de4	8f21	c.xor	x14,x8	 x14:0xa070bfb8  x8:0x7ffde1a8 x14=0xdf8d5e10
     1061229000	     52959	80009de6	40dad493	srai	x9,x21,0xd	 x21:0x00000001  x9=0x00000000
     1061249000	     52960	80009dea	e091	c.bnez	x9,80009dee	  x9:0x00000000
     1061269000	     52961	80009dec	ca81	c.beqz	x13,80009dfc	 x13:0x800218e1
     1061289000	     52962	80009dee	8fe5	c.and	x15,x9	 x15:0x0000014e  x9:0x00000000 x15=0x00000000
     1061409000	     52968	80009df0	e11d	c.bnez	x10,80009e16	 x10:0x00000000
     1061429000	     52969	80009df2	412356b3	sra	x13,x6,x18	  x6:0x00000000 x18:0x00000000 x13=0x00000000
     1061449000	     52970	80009df6	46d9	c.li	x13,22	 x13=0x00000016
     1061489000	     52972	80009df8	03a5beb3	mulhu	x29,x11,x26	 x11:0x80021e58 x26:0x00003c9f x29=0x00001e50
     1061609000	     52978	80009dfc	abb1cb97	auipc	x23,0xabb1c	 x23=0x2bb25dfc
     1061629000	     52979	80009e00	0000100f	fence.i	
     1062229000	     53009	80009e04	01c64db3	xor	x27,x12,x28	 x12:0x0000014e x28:0x00000000 x27=0x0000014e
     1062489000	     53022	80009e08	8f19	c.sub	x14,x14	 x14:0xdf8d5e10 x14:0xdf8d5e10 x14=0x00000000
     1062509000	     53023	80009e0a	84ad	c.srai	x9,0xb	  x9:0x00000000  x9=0x00000000
     1062789000	     53037	80009e0c	0001	c.addi	x0,0	  x0:0x00000000  x0=0x00000000
     1063189000	     53057	80009e0e	020a6233	rem	x4,x20,x0	 x20:0x206ea000  x0:0x00000000  x4=0x206ea000
     1063929000	     53094	80009e12	03fce433	rem	x8,x25,x31	 x25:0xffffffff x31:0x80025ce4  x8=0xffffffff
     1063949000	     53095	80009e16	dfcb3017	auipc	x0,0xdfcb3	  x0=0x00000000
     1063969000	     53096	80009e1a	0c1c	c.addi4spn	x15,x2,528	 x15=0x80009e22
     1063989000	     53097	80009e1c	0049adb3	slt	x27,x19,x4	 x19:0x80025ce7  x4:0x206ea000 x27=0x00000001
     1064009000	     53098	80009e20	01f67eb3	and	x29,x12,x31	 x12:0x0000014e x31:0x80025ce4 x29=0x00000044
     1064029000	     53099	80009e24	d4012f13	slti	x30,x2,-704	  x2:0x80009c12 x30=0x00000001
     1064049000	     53100	80009e28	8c5e	c.mv	x24,x23	  x0:0x00000000 x23:0x2bb25dfc x24=0x2bb25dfc
     1064109000	     53103	80009e2a	25977093	andi	x1,x14,601	 x14:0x00000000  x1=0x00000000
     1064129000	     53104	80009e2e	04590063	beq	x18,x5,80009e6e	 x18:0x00000000  x5:0x0000000b
     1064149000	     53105	80009e32	0001	c.addi	x0,0	  x0:0x00000000  x0=0x00000000
     1064169000	     53106	80009e34	0001	c.addi	x0,0	  x0:0x00000000  x0=0x00000000
     1064189000	     53107	80009e36	01e24263	blt	x4,x30,80009e3a	  x4:0x206ea000 x30:0x00000001
     1064209000	     53108	80009e3a	00ac77b3	and	x15,x24,x10	 x24:0x2bb25dfc x10:0x00000000 x15=0x00000000
     1064229000	     53109	80009e3e	94f6	c.add	x9,x29	  x9:0x00000000 x29:0x00000044  x9=0x00000044
     1064589000	     53127	80009e40	4033dd13	srai	x26,x7,0x3	  x7:0x00000000 x26=0x00000000
     1064949000	     53145	80009e44	01178a63	beq	x15,x17,80009e58	 x15:0x00000000 x17:0x80025827
     1064969000	     53146	80009e48	01628f33	add	x30,x5,x22	  x5:0x0000000b x22:0x80025827 x30=0x80025832
     1065709000	     53183	80009e4c	036d5d33	divu	x26,x26,x22	 x26:0x00000000 x22:0x80025827 x26=0x00000000
     1065729000	     53184	80009e50	009a0633	add	x12,x20,x9	 x20:0x206ea000  x9:0x00000044 x12=0x206ea044
     1065749000	     53185	80009e54	41480ab3	sub	x21,x16,x20	 x16:0x00000000 x20:0x206ea000 x21=0xdf916000
     1065869000	     53191	80009e58	0001	c.addi	x0,0	  x0:0x00000000  x0=0x00000000
     1065889000	     53192	80009e5a	8e51	c.or	x12,x12	 x12:0x206ea044 x12:0x206ea044 x12=0x206ea044
     1066769000	     53236	80009e5c	03f5d133	divu	x2,x11,x31	 x11:0x80021e58 x31:0x80025ce4  x2=0x00000000
     1066789000	     53237	80009e60	0ff0000f	fence	iorw,iorw	
     1066809000	     53238	80009e64	41bedd13	srai	x26,x29,0x1b	 x29:0x00000044 x26=0x00000000
     1066829000	     53239	80009e68	717d	c.addi16sp	x2,-16	  x2:0x00000000  x2=0xfffffff0
     1066849000	     53240	80009e6a	5a17b713	sltiu	x14,x15,1441	 x15:0x00000000 x14=0x00000001
     1066869000	     53241	80009e6e	92a2	c.add	x5,x8	  x5:0x0000000b  x8:0xffffffff  x5=0x0000000a
     1066889000	     53242	80009e70	8e6d	c.and	x12,x11	 x12:0x206ea044 x11:0x80021e58 x12=0x00020040
     1066909000	     53243	80009e72	841e	c.mv	x8,x7	  x0:0x00000000  x7:0x00000000  x8=0x00000000
     1067089000	     53252	80009e74	035e1533	mulh	x10,x28,x21	 x28:0x00000000 x21:0xdf916000 x10=0x00000000
     1067329000	     53264	80009e78	02e5a033	mulhsu	x0,x11,x14	 x11:0x80021e58 x14:0x00000001  x0=0x00000000
     1067469000	     53271	80009e7c	0152	c.slli	x2,0x14	  x2:0xfffffff0  x2=0xff000000
     1067489000	     53272	80009e7e	0ff0000f	fence	iorw,iorw	
     1068249000	     53310	80009e82	0295ceb3	div	x29,x11,x9	 x11:0x80021e58  x9:0x00000044 x29=0xfe1e2618
     1068269000	     53311	80009e86	0195d113	srli	x2,x11,0x19	 x11:0x80021e58  x2=0x00000040
     1068289000	     53312	80009e8a	987d	c.andi	x8,-1	  x8:0x00000000  x8=0x00000000
     1068309000	     53313	80009e8c	fd6d7997	auipc	x19,0xfd6d7	 x19=0x7d6e0e8c
     1068329000	     53314	80009e90	8d01	c.sub	x10,x8	 x10:0x00000000  x8:0x00000000 x10=0x00000000
     1068349000	     53315	80009e92	167d	c.addi	x12,-1	 x12:0x00020040 x12=0x0002003f
     1068369000	     53316	80009e94	b3184093	xori	x1,x16,-1231	 x16:0x00000000  x1=0xfffffb31
     1068389000	     53317	80009e98	717d	c.addi16sp	x2,-16	  x2:0x00000040  x2=0x00000030
     1068409000	     53318	80009e9a	222aac13	slti	x24,x21,546	 x21:0xdf916000 x24=0x00000001
     1068709000	     53333	80009e9e	03a56063	bltu	x10,x26,80009ebe	 x10:0x00000000 x26:0x00000000
     1068769000	     53336	80009ea2	030fceb3	div	x29,x31,x16	 x31:0x80025ce4 x16:0x00000000 x29=0xffffffff
     1068949000	     53345	80009ea6	654b9a37	lui	x20,0x654b9	 x20=0x654b9000
     1081849000	     53990	80009eaa	cb15	c.beqz	x14,80009ede	 x14:0x00000001
     1081869000	     53991	80009eac	555ccb17	auipc	x22,0x555cc	 x22=0xd55d5eac
     1081889000	     53992	80009eb0	0090	c.addi4spn	x12,x2,64	 x12=0x00000070
     1082629000	     54029	80009eb2	0259f433	remu	x8,x19,x5	 x19:0x7d6e0e8c  x5:0x0000000a  x8=0x00000004
     1082649000	     54030	80009eb6	eed00513	addi	x10,x0,-275	  x0:0x00000000 x10=0xfffffeed
     1082669000	     54031	80009eba	0edec813	xori	x16,x29,237	 x29:0xffffffff x16=0xffffff12
     1082709000	     54033	80009ebe	03702033	mulhsu	x0,x0,x23	  x0:0x00000000 x23:0x2bb25dfc  x0=0x00000000
     1083449000	     54070	80009ec2	038bd133	divu	x2,x23,x24	 x23:0x2bb25dfc x24:0x00000001  x2=0x2bb25dfc
     1083469000	     54071	80009ec6	0eee4a93	xori	x21,x28,238	 x28:0x00000000 x21=0x000000ee
     1083509000	     54073	80009eca	03583133	mulhu	x2,x16,x21	 x16:0xffffff12 x21:0x000000ee  x2=0x000000ed
     1083529000	     54074	80009ece	05ca0163	beq	x20,x28,80009f10	 x20:0x654b9000 x28:0x00000000
     1083569000	     54076	80009ed2	03fbb8b3	mulhu	x17,x23,x31	 x23:0x2bb25dfc x31:0x80025ce4 x17=0x15d9963d
     1083809000	     54088	80009ed6	8c2be413	ori	x8,x23,-1854	 x23:0x2bb25dfc  x8=0xfffffdfe
     1083829000	     54089	80009eda	0390d963	bge	x1,x25,80009f0c	  x1:0xfffffb31 x25:0xffffffff
     1083849000	     54090	80009ede	41d95513	srai	x10,x18,0x1d	 x18:0x00000000 x10=0x00000000
     1084589000	     54127	80009ee2	034350b3	divu	x1,x6,x20	  x6:0x00000000 x20:0x654b9000  x1=0x00000000
     1084609000	     54128	80009ee6	80bd	c.srli	x9,0xf	  x9:0x00000044  x9=0x00000000
     1084629000	     54129	80009ee8	179c	c.addi4spn	x15,x2,992	 x15=0x000004cd
     1084649000	     54130	80009eea	04591563	bne	x18,x5,80009f34	 x18:0x00000000  x5:0x0000000a
     1084729000	     54134	80009f34	844a	c.mv	x8,x18	  x0:0x00000000 x18:0x00000000  x8=0x00000000
     1084809000	     54138	80009f36	0000100f	fence.i	
     1085089000	     54152	80009f3a	4eef0517	auipc	x10,0x4eef0	 x10=0xceef9f3a
     1085109000	     54153	80009f3e	01f28a33	add	x20,x5,x31	  x5:0x0000000a x31:0x80025ce4 x20=0x80025cee
     1085469000	     54171	80009f42	03003db3	mulhu	x27,x0,x16	  x0:0x00000000 x16:0xffffff12 x27=0x00000000
     1085489000	     54172	80009f46	01847db3	and	x27,x8,x24	  x8:0x00000000 x24:0x00000001 x27=0x00000000
     1085509000	     54173	80009f4a	bb214513	xori	x10,x2,-1102	  x2:0x000000ed x10=0xfffffb5f
     1085529000	     54174	80009f4e	021a6063	bltu	x20,x1,80009f6e	 x20:0x80025cee  x1:0x00000000
     1085609000	     54178	80009f52	0159d263	bge	x19,x21,80009f56	 x19:0x7d6e0e8c x21:0x000000ee
     1086709000	     54233	80009f56	0279ea33	rem	x20,x19,x7	 x19:0x7d6e0e8c  x7:0x00000000 x20=0x7d6e0e8c
     1086729000	     54234	80009f5a	0001	c.addi	x0,0	  x0:0x00000000  x0=0x00000000
     1086749000	     54235	80009f5c	9dee	c.add	x27,x27	 x27:0x00000000 x27:0x00000000 x27=0x00000000
     1086769000	     54236	80009f5e	06928893	addi	x17,x5,105	  x5:0x0000000a x17=0x00000073
     1086789000	     54237	80009f62	00aacf63	blt	x21,x10,80009f80	 x21:0x000000ee x10:0xfffffb5f
     1086809000	     54238	80009f66	03578ab3	mul	x21,x15,x21	 x15:0x000004cd x21:0x000000ee x21=0x00047696
     1087009000	     54248	80009f6a	009d38b3	sltu	x17,x26,x9	 x26:0x00000000  x9:0x00000000 x17=0x00000000
     1087049000	     54250	80009f6e	032b2733	mulhsu	x14,x22,x18	 x22:0xd55d5eac x18:0x00000000 x14=0x00000000
     1087069000	     54251	80009f72	8d49	c.or	x10,x10	 x10:0xfffffb5f x10:0xfffffb5f x10=0xfffffb5f
     1087449000	     54270	80009f74	0001	c.addi	x0,0	  x0:0x00000000  x0=0x00000000
     1087469000	     54271	80009f76	000f3b33	sltu	x22,x30,x0	 x30:0x80025832  x0:0x00000000 x22=0x00000000
     1087769000	     54286	80009f7a	405000b3	sub	x1,x0,x5	  x0:0x00000000  x5:0x0000000a  x1=0xfffffff6
     1087789000	     54287	80009f7e	0001	c.addi	x0,0	  x0:0x00000000  x0=0x00000000
     1087949000	     54295	80009f80	03a4ac33	mulhsu	x24,x9,x26	  x9:0x00000000 x26:0x00000000 x24=0x00000000
     1087969000	     54296	80009f84	01f1c133	xor	x2,x3,x31	  x3:0x3ffda57e x31:0x80025ce4  x2=0xbffff99a
     1087989000	     54297	80009f88	040f9063	bne	x31,x0,80009fc8	 x31:0x80025ce4  x0:0x00000000
     1088229000	     54309	80009fc8	007e5193	srli	x3,x28,0x7	 x28:0x00000000  x3=0x00000000
     1088249000	     54310	80009fcc	41c4d833	sra	x16,x9,x28	  x9:0x00000000 x28:0x00000000 x16=0x00000000
     1088269000	     54311	80009fd0	717d	c.addi16sp	x2,-16	  x2:0xbffff99a  x2=0xbffff98a
     1088589000	     54327	80009fd2	02421bb3	mulh	x23,x4,x4	  x4:0x206ea000  x4:0x206ea000 x23=0x041bd7cd
     1088609000	     54328	80009fd6	84d5	c.srai	x9,0x15	  x9:0x00000000  x9=0x00000000
     1088969000	     54346	80009fd8	55577c37	lui	x24,0x55577	 x24=0x55577000
     1088989000	     54347	80009fdc	8e31	c.xor	x12,x12	 x12:0x00000070 x12:0x00000070 x12=0x00000000
     1089009000	     54348	80009fde	00cb1b63	bne	x22,x12,80009ff4	 x22:0x00000000 x12:0x00000000
     1089029000	     54349	80009fe2	86dd	c.srai	x13,0x17	 x13:0x00000016 x13=0x00000000
     1089069000	     54351	80009fe4	02f7bdb3	mulhu	x27,x15,x15	 x15:0x000004cd x15:0x000004cd x27=0x00000000
     1089149000	     54355	80009fe8	9de6fa13	andi	x20,x13,-1570	 x13:0x00000000 x20=0x00000000
     1090269000	     54411	80009fec	021179b3	remu	x19,x2,x1	  x2:0xbffff98a  x1:0xfffffff6 x19=0xbffff98a
     1090289000	     54412	80009ff0	41a95833	sra	x16,x18,x26	 x18:0x00000000 x26:0x00000000 x16=0x00000000
     1090309000	     54413	80009ff4	4190d8b3	sra	x17,x1,x25	  x1:0xfffffff6 x25:0xffffffff x17=0xffffffff
     1090329000	     54414	80009ff8	4101dd13	srai	x26,x3,0x10	  x3:0x00000000 x26=0x00000000
     1090349000	     54415	80009ffc	f3768d93	addi	x27,x13,-201	 x13:0x00000000 x27=0xffffff37
     1090369000	     54416	8000a000	0153ae33	slt	x28,x7,x21	  x7:0x00000000 x21:0x00047696 x28=0x00000001
     1090389000	     54417	8000a004	041ef163	bgeu	x29,x1,8000a046	 x29:0xffffffff  x1:0xfffffff6
     1090889000	     54442	8000a046	0039a233	slt	x4,x19,x3	 x19:0xbffff98a  x3:0x00000000  x4=0x00000001
     1090909000	     54443	8000a04a	d2d8c0b7	lui	x1,0xd2d8c	  x1=0xd2d8c000
     1090949000	     54445	8000a04e	02e12d33	mulhsu	x26,x2,x14	  x2:0xbffff98a x14:0x00000000 x26=0x00000000
     1091269000	     54461	8000a052	0ff0000f	fence	iorw,iorw	
     1091289000	     54462	8000a056	517d	c.li	x2,-1	  x2=0xffffffff
     1091429000	     54469	8000a058	997d	c.andi	x10,-1	 x10:0xfffffb5f x10=0xfffffb5f
     1091589000	     54477	8000a05a	a020a9b7	lui	x19,0xa020a	 x19=0xa020a000
     1091609000	     54478	8000a05e	974a	c.add	x14,x18	 x14:0x00000000 x18:0x00000000 x14=0x00000000
     1091649000	     54480	8000a060	4149de93	srai	x29,x19,0x14	 x19:0xa020a000 x29=0xfffffa02
     1091669000	     54481	8000a064	02be1863	bne	x28,x11,8000a094	 x28:0x00000001 x11:0x80021e58
     1092609000	     54528	8000a094	4028d193	srai	x3,x17,0x2	 x17:0xffffffff  x3=0xffffffff
     1093229000	     54559	8000a098	01d45b63	bge	x8,x29,8000a0ae	  x8:0x00000000 x29:0xfffffa02
     1094049000	     54600	8000a0ae	00cc6ab3	or	x21,x24,x12	 x24:0x55577000 x12:0x00000000 x21=0x55577000
     1094069000	     54601	8000a0b2	886a	c.mv	x16,x26	  x0:0x00000000 x26:0x00000000 x16=0x00000000
     1094209000	     54608	8000a0b4	62f1	c.lui	x5,0x1c	  x5=0x0001c000
     1094229000	     54609	8000a0b6	0001	c.addi	x0,0	  x0:0x00000000  x0=0x00000000
     1094409000	     54618	8000a0b8	8f71	c.and	x14,x12	 x14:0x00000000 x12:0x00000000 x14=0x00000000
     1094429000	     54619	8000a0ba	e39d	c.bnez	x15,8000a0e0	 x15:0x000004cd
     1094569000	     54626	8000a0e0	03ccc263	blt	x25,x28,8000a104	 x25:0xffffffff x28:0x00000001
     1094849000	     54640	8000a104	470bbcb7	lui	x25,0x470bb	 x25=0x470bb000
     1095149000	     54655	8000a108	877b7793	andi	x15,x22,-1929	 x22:0x00000000 x15=0x00000000
     1095169000	     54656	8000a10c	0ff0000f	fence	iorw,iorw	
     1095429000	     54669	8000a110	026f8f63	beq	x31,x6,8000a14e	 x31:0x80025ce4  x6:0x00000000
     1095489000	     54672	8000a114	00c91b13	slli	x22,x18,0xc	 x18:0x00000000 x22=0x00000000
     1095509000	     54673	8000a118	4152d533	sra	x10,x5,x21	  x5:0x0001c000 x21:0x55577000 x10=0x0001c000
     1095529000	     54674	8000a11c	0ff0000f	fence	iorw,iorw	
     1096269000	     54711	8000a120	02364a33	div	x20,x12,x3	 x12:0x00000000  x3:0xffffffff x20=0x00000000
     1096309000	     54713	8000a124	026bf8b3	remu	x17,x23,x6	 x23:0x041bd7cd  x6:0x00000000 x17=0x041bd7cd
     1096329000	     54714	8000a128	4bd5	c.li	x23,21	 x23=0x00000015
     1096349000	     54715	8000a12a	005e37b3	sltu	x15,x28,x5	 x28:0x00000001  x5:0x0001c000 x15=0x00000001
     1096369000	     54716	8000a12e	8bde	c.mv	x23,x23	  x0:0x00000000 x23:0x00000015 x23=0x00000015
     1096389000	     54717	8000a130	01891393	slli	x7,x18,0x18	 x18:0x00000000  x7=0x00000000
     1096409000	     54718	8000a134	3316aab7	lui	x21,0x3316a	 x21=0x3316a000
     1096469000	     54721	8000a138	00a45c93	srli	x25,x8,0xa	  x8:0x00000000 x25=0x00000000
     1096589000	     54727	8000a13c	c0b1	c.beqz	x9,8000a180	  x9:0x00000000
     1097849000	     54790	8000a180	9c26	c.add	x24,x9	 x24:0x55577000  x9:0x00000000 x24=0x55577000
     1097869000	     54791	8000a182	01f1f3b3	and	x7,x3,x31	  x3:0xffffffff x31:0x80025ce4  x7=0x80025ce4
     1098609000	     54828	8000a186	024e7133	remu	x2,x28,x4	 x28:0x00000001  x4:0x00000001  x2=0x00000000
     1098629000	     54829	8000a18a	034acb63	blt	x21,x20,8000a1c0	 x21:0x3316a000 x20:0x00000000
     1098649000	     54830	8000a18e	01fa0963	beq	x20,x31,8000a1a0	 x20:0x00000000 x31:0x80025ce4
     1098669000	     54831	8000a192	016bdf13	srli	x30,x23,0x16	 x23:0x00000015 x30=0x00000000
     1099409000	     54868	8000a196	0233d6b3	divu	x13,x7,x3	  x7:0x80025ce4  x3:0xffffffff x13=0x00000000
     1099429000	     54869	8000a19a	1908	c.addi4spn	x10,x2,176	 x10=0x000000b0
     1100169000	     54906	8000a19c	03b5eeb3	rem	x29,x11,x27	 x11:0x80021e58 x27:0xffffff37 x29=0xffffff9b
     1100189000	     54907	8000a1a0	01e89c63	bne	x17,x30,8000a1b8	 x17:0x041bd7cd x30:0x00000000
     1100369000	     54916	8000a1b8	5bcb7813	andi	x16,x22,1468	 x22:0x00000000 x16=0x00000000
     1100749000	     54935	8000a1bc	03d58233	mul	x4,x11,x29	 x11:0x80021e58 x29:0xffffff9b  x4=0x7f2a0748
     1100789000	     54937	8000a1c0	03372eb3	mulhsu	x29,x14,x19	 x14:0x00000000 x19:0xa020a000 x29=0x00000000
     1100809000	     54938	8000a1c4	0ee6	c.slli	x29,0x19	 x29:0x00000000 x29=0x00000000
     1100829000	     54939	8000a1c6	404308b3	sub	x17,x6,x4	  x6:0x00000000  x4:0x7f2a0748 x17=0x80d5f8b8
     1100849000	     54940	8000a1ca	1894	c.addi4spn	x13,x2,112	 x13=0x00000070
     1100869000	     54941	8000a1cc	8e49	c.or	x12,x10	 x12:0x00000000 x10:0x000000b0 x12=0x000000b0
     1101149000	     54955	8000a1ce	006a2e33	slt	x28,x20,x6	 x20:0x00000000  x6:0x00000000 x28=0x00000000
     1101289000	     54962	8000a1d2	01a20eb3	add	x29,x4,x26	  x4:0x7f2a0748 x26:0x00000000 x29=0x7f2a0748
     1101309000	     54963	8000a1d6	01bdfc33	and	x24,x27,x27	 x27:0xffffff37 x27:0xffffff37 x24=0xffffff37
     1101509000	     54973	8000a1da	05fcc063	blt	x25,x31,8000a21a	 x25:0x00000000 x31:0x80025ce4
     1101929000	     54994	8000a1de	038c1cb3	mulh	x25,x24,x24	 x24:0xffffff37 x24:0xffffff37 x25=0x00000000
     1101949000	     54995	8000a1e2	8c89	c.sub	x9,x10	  x9:0x00000000 x10:0x000000b0  x9=0xffffff50
     1101969000	     54996	8000a1e4	8c19	c.sub	x8,x14	  x8:0x00000000 x14:0x00000000  x8=0x00000000
     1102089000	     55002	8000a1e6	0130e0b3	or	x1,x1,x19	  x1:0xd2d8c000 x19:0xa020a000  x1=0xf2f8e000
     1102209000	     55008	8000a1ea	41a9d0b3	sra	x1,x19,x26	 x19:0xa020a000 x26:0x00000000  x1=0xa020a000
     1102349000	     55015	8000a1ee	004f4533	xor	x10,x30,x4	 x30:0x00000000  x4:0x7f2a0748 x10=0x7f2a0748
     1102489000	     55022	8000a1f2	01f991b3	sll	x3,x19,x31	 x19:0xa020a000 x31:0x80025ce4  x3=0x020a0000
     1102509000	     55023	8000a1f6	c891	c.beqz	x9,8000a20a	  x9:0xffffff50
     1102729000	     55034	8000a1f8	4111d013	srai	x0,x3,0x11	  x3:0x020a0000  x0=0x00000000
     1102769000	     55036	8000a1fc	0172	c.slli	x2,0x1c	  x2:0x00000000  x2=0x00000000
     1102789000	     55037	8000a1fe	c7506193	ori	x3,x0,-907	  x0:0x00000000  x3=0xfffffc75
     1102829000	     55039	8000a202	03fb9cb3	mulh	x25,x23,x31	 x23:0x00000015 x31:0x80025ce4 x25=0xfffffff5
     1102869000	     55041	8000a206	0206bf33	mulhu	x30,x13,x0	 x13:0x00000070  x0:0x00000000 x30=0x00000000
     1102889000	     55042	8000a20a	01c3c633	xor	x12,x7,x28	  x7:0x80025ce4 x28:0x00000000 x12=0x80025ce4
     1102929000	     55044	8000a20e	008c84b3	add	x9,x25,x8	 x25:0xfffffff5  x8:0x00000000  x9=0xfffffff5
     1102949000	     55045	8000a212	ee85	c.bnez	x13,8000a24a	 x13:0x00000070
     1103449000	     55070	8000a24a	8a21	c.andi	x12,8	 x12:0x80025ce4 x12=0x00000000
     1103689000	     55082	8000a24c	8b39	c.andi	x14,14	 x14:0x00000000 x14=0x00000000
     1103709000	     55083	8000a24e	002ef463	bgeu	x29,x2,8000a256	 x29:0x7f2a0748  x2:0x00000000
     1105029000	     55149	8000a256	027a72b3	remu	x5,x20,x7	 x20:0x00000000  x7:0x80025ce4  x5=0x00000000
     1105049000	     55150	8000a25a	69f1	c.lui	x19,0x1c	 x19=0x0001c000
     1105069000	     55151	8000a25c	000fad33	slt	x26,x31,x0	 x31:0x80025ce4  x0:0x00000000 x26=0x00000001
     1105809000	     55188	8000a260	02b16bb3	rem	x23,x2,x11	  x2:0x00000000 x11:0x80021e58 x23=0x00000000
     1105829000	     55189	8000a264	01abb233	sltu	x4,x23,x26	 x23:0x00000000 x26:0x00000001  x4=0x00000001
     1105849000	     55190	8000a268	809d	c.srli	x9,0x7	  x9:0xfffffff5  x9=0x01ffffff
     1105869000	     55191	8000a26a	0dea	c.slli	x27,0x1a	 x27:0xffffff37 x27=0xdc000000
     1105889000	     55192	8000a26c	8c79	c.and	x8,x14	  x8:0x00000000 x14:0x00000000  x8=0x00000000
     1105909000	     55193	8000a26e	7ba7fe13	andi	x28,x15,1978	 x15:0x00000001 x28=0x00000000
     1105929000	     55194	8000a272	717d	c.addi16sp	x2,-16	  x2:0x00000000  x2=0xfffffff0
     1105949000	     55195	8000a274	0186f863	bgeu	x13,x24,8000a284	 x13:0x00000070 x24:0xffffff37
     1106109000	     55203	8000a278	8e9a	c.mv	x29,x6	  x0:0x00000000  x6:0x00000000 x29=0x00000000
     1106269000	     55211	8000a27a	01946863	bltu	x8,x25,8000a28a	  x8:0x00000000 x25:0xfffffff5
     1107309000	     55263	8000a28a	0031b4b3	sltu	x9,x3,x3	  x3:0xfffffc75  x3:0xfffffc75  x9=0x00000000
     1107329000	     55264	8000a28e	1608	c.addi4spn	x10,x2,800	 x10=0x00000310
     1107349000	     55265	8000a290	006e9c63	bne	x29,x6,8000a2a8	 x29:0x00000000  x6:0x00000000
     1107369000	     55266	8000a294	00065013	srli	x0,x12,0x0	 x12:0x00000000  x0=0x00000000
     1107389000	     55267	8000a298	98fd	c.andi	x9,-1	  x9:0x00000000  x9=0x00000000
     1107409000	     55268	8000a29a	6161	c.addi16sp	x2,80	  x2:0xfffffff0  x2=0x00000040
     1107449000	     55270	8000a29c	037ff0b3	remu	x1,x31,x23	 x31:0x80025ce4 x23:0x00000000  x1=0x80025ce4
     1107849000	     55290	8000a2a0	c20d	c.beqz	x12,8000a2c2	 x12:0x00000000
     1109549000	     55375	8000a2c2	00883b33	sltu	x22,x16,x8	 x16:0x00000000  x8:0x00000000 x22=0x00000000
     1109569000	     55376	8000a2c6	37186893	ori	x17,x16,881	 x16:0x00000000 x17=0x00000371
     1109589000	     55377	8000a2ca	01b29113	slli	x2,x5,0x1b	  x5:0x00000000  x2=0x00000000
     1109609000	     55378	8000a2ce	8cb5	c.xor	x9,x13	  x9:0x00000000 x13:0x00000070  x9=0x00000070
     1109629000	     55379	8000a2d0	0152	c.slli	x2,0x14	  x2:0x00000000  x2=0x00000000
     1110029000	     55399	8000a2d2	010d57b3	srl	x15,x26,x16	 x26:0x00000001 x16:0x00000000 x15=0x00000001
     1110069000	     55401	8000a2d6	02c43033	mulhu	x0,x8,x12	  x8:0x00000000 x12:0x00000000  x0=0x00000000
     1110089000	     55402	8000a2da	01841d93	slli	x27,x8,0x18	  x8:0x00000000 x27=0x00000000
     1110109000	     55403	8000a2de	8b36	c.mv	x22,x13	  x0:0x00000000 x13:0x00000070 x22=0x00000070
     1110129000	     55404	8000a2e0	8ce1	c.and	x9,x8	  x9:0x00000070  x8:0x00000000  x9=0x00000000
     1110149000	     55405	8000a2e2	6149	c.addi16sp	x2,144	  x2:0x00000000  x2=0x00000090
     1110309000	     55413	8000a2e4	02067463	bgeu	x12,x0,8000a30c	 x12:0x00000000  x0:0x00000000
     1110649000	     55430	8000a30c	0001	c.addi	x0,0	  x0:0x00000000  x0=0x00000000
     1110669000	     55431	8000a30e	8e4e	c.mv	x28,x19	  x0:0x00000000 x19:0x0001c000 x28=0x0001c000
     1110689000	     55432	8000a310	00082bb3	slt	x23,x16,x0	 x16:0x00000000  x0:0x00000000 x23=0x00000000
     1110949000	     55445	8000a314	b8031197	auipc	x3,0xb8031	  x3=0x3803b314
     1110969000	     55446	8000a318	c415	c.beqz	x8,8000a344	  x8:0x00000000
     1111689000	     55482	8000a344	0ac1	c.addi	x21,16	 x21:0x3316a000 x21=0x3316a010
     1111709000	     55483	8000a346	5e7d	c.li	x28,-1	 x28=0xffffffff
     1111909000	     55493	8000a348	408f5e93	srai	x29,x30,0x8	 x30:0x00000000 x29=0x00000000
     1111929000	     55494	8000a34c	8f05	c.sub	x14,x9	 x14:0x00000000  x9:0x00000000 x14=0x00000000
     1111949000	     55495	8000a34e	144efe17	auipc	x28,0x144ef	 x28=0x944f934e
     1112089000	     55502	8000a352	e321f917	auipc	x18,0xe321f	 x18=0x63229352
     1112109000	     55503	8000a356	6151	c.addi16sp	x2,272	  x2:0x00000090  x2=0x000001a0
     1112129000	     55504	8000a358	80c5	c.srli	x9,0x11	  x9:0x00000000  x9=0x00000000
     1112149000	     55505	8000a35a	a5744613	xori	x12,x8,-1449	  x8:0x00000000 x12=0xfffffa57
     1112169000	     55506	8000a35e	039de963	bltu	x27,x25,8000a390	 x27:0x00000000 x25:0xfffffff5
     1112869000	     55541	8000a390	8c3d	c.xor	x8,x15	  x8:0x00000000 x15:0x00000001  x8=0x00000001
     1112889000	     55542	8000a392	8ebd	c.xor	x13,x15	 x13:0x00000070 x15:0x00000001 x13=0x00000071
     1113289000	     55562	8000a394	011f1c93	slli	x25,x30,0x11	 x30:0x00000000 x25=0x00000000
     1113329000	     55564	8000a398	0c99b893	sltiu	x17,x19,201	 x19:0x0001c000 x17=0x00000000
     1113449000	     55570	8000a39c	8212	c.mv	x4,x4	  x0:0x00000000  x4:0x00000001  x4=0x00000001
     1113469000	     55571	8000a39e	0290ed63	bltu	x1,x9,8000a3d8	  x1:0x80025ce4  x9:0x00000000
     1113509000	     55573	8000a3a2	03342cb3	mulhsu	x25,x8,x19	  x8:0x00000001 x19:0x0001c000 x25=0x00000000
     1113529000	     55574	8000a3a6	0001	c.addi	x0,0	  x0:0x00000000  x0=0x00000000
     1113549000	     55575	8000a3a8	417c02b3	sub	x5,x24,x23	 x24:0xffffff37 x23:0x00000000  x5=0xffffff37
     1113669000	     55581	8000a3ac	01ee5c93	srli	x25,x28,0x1e	 x28:0x944f934e x25=0x00000002
     1114089000	     55602	8000a3b0	03c6	c.slli	x7,0x11	  x7:0x80025ce4  x7=0xb9c80000
     1114109000	     55603	8000a3b2	86c9	c.srai	x13,0x12	 x13:0x00000071 x13=0x00000000
     1114169000	     55606	8000a3b4	0097c0b3	xor	x1,x15,x9	 x15:0x00000001  x9:0x00000000  x1=0x00000001
     1114589000	     55627	8000a3b8	00f30c33	add	x24,x6,x15	  x6:0x00000000 x15:0x00000001 x24=0x00000001
     1114649000	     55630	8000a3bc	01211d13	slli	x26,x2,0x12	  x2:0x000001a0 x26=0x06800000
     1114669000	     55631	8000a3c0	030b0e63	beq	x22,x16,8000a3fc	 x22:0x00000070 x16:0x00000000
     1115089000	     55652	8000a3c4	8bf5	c.andi	x15,29	 x15:0x00000001 x15=0x00000001
     1115469000	     55671	8000a3c6	0025bab3	sltu	x21,x11,x2	 x11:0x80021e58  x2:0x000001a0 x21=0x00000000
     1115489000	     55672	8000a3ca	0ff0000f	fence	iorw,iorw	
     1115689000	     55682	8000a3ce	00659033	sll	x0,x11,x6	 x11:0x80021e58  x6:0x00000000  x0=0x00000000
     1115709000	     55683	8000a3d2	49aa5c17	auipc	x24,0x49aa5	 x24=0xc9aaf3d2
     1115729000	     55684	8000a3d6	0001	c.addi	x0,0	  x0:0x00000000  x0=0x00000000
     1115749000	     55685	8000a3d8	8931	c.andi	x10,12	 x10:0x00000310 x10=0x00000000
     1115829000	     55689	8000a3da	016f0b63	beq	x30,x22,8000a3f0	 x30:0x00000000 x22:0x00000070
     1115849000	     55690	8000a3de	169c	c.addi4spn	x15,x2,864	 x15=0x00000500
     1115869000	     55691	8000a3e0	68e26a93	ori	x21,x4,1678	  x4:0x00000001 x21=0x0000068f
     1115889000	     55692	8000a3e4	73fe2d13	slti	x26,x28,1855	 x28:0x944f934e x26=0x00000001
     1115909000	     55693	8000a3e8	baaff113	andi	x2,x31,-1110	 x31:0x80025ce4  x2=0x800258a0
     1116049000	     55700	8000a3ec	0451c063	blt	x3,x5,8000a42c	  x3:0x3803b314  x5:0xffffff37
     1116169000	     55706	8000a3f0	d3988f13	addi	x30,x17,-711	 x17:0x00000000 x30=0xfffffd39
     1116209000	     55708	8000a3f4	0001	c.addi	x0,0	  x0:0x00000000  x0=0x00000000
     1116729000	     55734	8000a3f6	d1be6d13	ori	x26,x28,-741	 x28:0x944f934e x26=0xffffff5f
     1116749000	     55735	8000a3fa	8f59	c.or	x14,x14	 x14:0x00000000 x14:0x00000000 x14=0x00000000
     1117169000	     55756	8000a3fc	03c798b3	mulh	x17,x15,x28	 x15:0x00000500 x28:0x944f934e x17=0xfffffde5
     1117309000	     55763	8000a400	4aa66913	ori	x18,x12,1194	 x12:0xfffffa57 x18=0xfffffeff
     1117449000	     55770	8000a404	9652	c.add	x12,x20	 x12:0xfffffa57 x20:0x00000000 x12=0xfffffa57
     1117469000	     55771	8000a406	8d69	c.and	x10,x10	 x10:0x00000000 x10:0x00000000 x10=0x00000000
     1117549000	     55775	8000a408	8d25	c.xor	x10,x9	 x10:0x00000000  x9:0x00000000 x10=0x00000000
     1117569000	     55776	8000a40a	8129	c.srli	x10,0xa	 x10:0x00000000 x10=0x00000000
     1117589000	     55777	8000a40c	c089	c.beqz	x9,8000a40e	  x9:0x00000000
     1118829000	     55839	8000a40e	25fe3c13	sltiu	x24,x28,607	 x28:0x944f934e x24=0x00000000
     1118849000	     55840	8000a412	d4a07a13	andi	x20,x0,-694	  x0:0x00000000 x20=0x00000000
     1119589000	     55877	8000a416	0285e3b3	rem	x7,x11,x8	 x11:0x80021e58  x8:0x00000001  x7=0x00000000
     1119609000	     55878	8000a41a	0001	c.addi	x0,0	  x0:0x00000000  x0=0x00000000
     1119629000	     55879	8000a41c	41928db3	sub	x27,x5,x25	  x5:0xffffff37 x25:0x00000002 x27=0xffffff35
     1119649000	     55880	8000a420	01614033	xor	x0,x2,x22	  x2:0x800258a0 x22:0x00000070  x0=0x00000000
     1119689000	     55882	8000a424	02ee6833	rem	x16,x28,x14	 x28:0x944f934e x14:0x00000000 x16=0x944f934e
     1120429000	     55919	8000a428	0315c233	div	x4,x11,x17	 x11:0x80021e58 x17:0xfffffde5  x4=0x003cca46
     1120449000	     55920	8000a42c	0ff0000f	fence	iorw,iorw	
     1120469000	     55921	8000a430	41c6ddb3	sra	x27,x13,x28	 x13:0x00000000 x28:0x944f934e x27=0x00000000
     1120489000	     55922	8000a434	0000100f	fence.i	
     1122309000	     56013	8000a438	3c868193	addi	x3,x13,968	 x13:0x00000000  x3=0x000003c8
     1122329000	     56014	8000a43c	01ec5c63	bge	x24,x30,8000a454	 x24:0x00000000 x30:0xfffffd39
     1122809000	     56038	8000a454	69f1	c.lui	x19,0x1c	 x19=0x0001c000
     1122829000	     56039	8000a456	ea01	c.bnez	x12,8000a466	 x12:0xfffffa57
     1123969000	     56096	8000a466	017c1513	slli	x10,x24,0x17	 x24:0x00000000 x10=0x00000000
     1124329000	     56114	8000a46a	02bc13b3	mulh	x7,x24,x11	 x24:0x00000000 x11:0x80021e58  x7=0x00000000
     1124349000	     56115	8000a46e	01305013	srli	x0,x0,0x13	  x0:0x00000000  x0=0x00000000
     1124369000	     56116	8000a472	4091	c.li	x1,4	  x1=0x00000004
     1124449000	     56120	8000a474	69971e17	auipc	x28,0x69971	 x28=0xe997b474
     1124529000	     56124	8000a478	02ca86b3	mul	x13,x21,x12	 x21:0x0000068f x12:0xfffffa57 x13=0xffdae099
     1124549000	     56125	8000a47c	e089	c.bnez	x9,8000a47e	  x9:0x00000000
     1124569000	     56126	8000a47e	e119	c.bnez	x10,8000a484	 x10:0x00000000
     1124609000	     56128	8000a480	038ee533	rem	x10,x29,x24	 x29:0x00000000 x24:0x00000000 x10=0x00000000
     1124629000	     56129	8000a484	01eed1b3	srl	x3,x29,x30	 x29:0x00000000 x30:0xfffffd39  x3=0x00000000
     1124649000	     56130	8000a488	0001	c.addi	x0,0	  x0:0x00000000  x0=0x00000000
     1125029000	     56149	8000a48a	52cacd93	xori	x27,x21,1324	 x21:0x0000068f x27=0x000003a3
     1125049000	     56150	8000a48e	40238533	sub	x10,x7,x2	  x7:0x00000000  x2:0x800258a0 x10=0x7ffda760
     1126049000	     56200	8000a492	0256edb3	rem	x27,x13,x5	 x13:0xffdae099  x5:0xffffff37 x27=0xffffff58
     1126089000	     56202	8000a496	02a1a533	mulhsu	x10,x3,x10	  x3:0x00000000 x10:0x7ffda760 x10=0x00000000
     1126109000	     56203	8000a49a	4566f213	andi	x4,x13,1110	 x13:0xffdae099  x4=0x00000010
     1126129000	     56204	8000a49e	01989eb3	sll	x29,x17,x25	 x17:0xfffffde5 x25:0x00000002 x29=0xfffff794
     1126149000	     56205	8000a4a2	8c55	c.or	x8,x13	  x8:0x00000001 x13:0xffdae099  x8=0xffdae099
     1126169000	     56206	8000a4a4	0ff0000f	fence	iorw,iorw	
     1126189000	     56207	8000a4a8	01616533	or	x10,x2,x22	  x2:0x800258a0 x22:0x00000070 x10=0x800258f0
     1126209000	     56208	8000a4ac	01c0e963	bltu	x1,x28,8000a4be	  x1:0x00000004 x28:0xe997b474
     1126669000	     56231	8000a4be	77a48693	addi	x13,x9,1914	  x9:0x00000000 x13=0x0000077a
     1126689000	     56232	8000a4c2	6809	c.lui	x16,0x2	 x16=0x00002000
     1126709000	     56233	8000a4c4	4b8d	c.li	x23,3	 x23=0x00000003
     1126829000	     56239	8000a4c6	01758db3	add	x27,x11,x23	 x11:0x80021e58 x23:0x00000003 x27=0x80021e5b
     1126849000	     56240	8000a4ca	9b9e	c.add	x23,x7	 x23:0x00000003  x7:0x00000000 x23=0x00000003
     1126869000	     56241	8000a4cc	8932	c.mv	x18,x12	  x0:0x00000000 x12:0xfffffa57 x18=0xfffffa57
     1126889000	     56242	8000a4ce	0ff0000f	fence	iorw,iorw	
     1126929000	     56244	8000a4d2	03c2a133	mulhsu	x2,x5,x28	  x5:0xffffff37 x28:0xe997b474  x2=0xffffff48
     1127349000	     56265	8000a4d6	0278ad33	mulhsu	x26,x17,x7	 x17:0xfffffde5  x7:0x00000000 x26=0x00000000
     1127629000	     56279	8000a4da	02efd833	divu	x16,x31,x14	 x31:0x80025ce4 x14:0x00000000 x16=0xffffffff
     1127809000	     56288	8000a4de	00af1d33	sll	x26,x30,x10	 x30:0xfffffd39 x10:0x800258f0 x26=0xfd390000
     1127829000	     56289	8000a4e2	026d	c.addi	x4,27	  x4:0x00000010  x4=0x0000002b
     1127989000	     56297	8000a4e4	c38d	c.beqz	x15,8000a506	 x15:0x00000500
     1128389000	     56317	8000a4e6	554e4eb7	lui	x29,0x554e4	 x29=0x554e4000
     1128409000	     56318	8000a4ea	0084f933	and	x18,x9,x8	  x9:0x00000000  x8:0xffdae099 x18=0x00000000
     1128429000	     56319	8000a4ee	0569d663	bge	x19,x22,8000a53a	 x19:0x0001c000 x22:0x00000070
     1129729000	     56384	8000a53a	a62adb97	auipc	x23,0xa62ad	 x23=0x262b753a
     1129749000	     56385	8000a53e	40e456b3	sra	x13,x8,x14	  x8:0xffdae099 x14:0x00000000 x13=0xffdae099
     1129769000	     56386	8000a542	8e31	c.xor	x12,x12	 x12:0xfffffa57 x12:0xfffffa57 x12=0x00000000
     1130029000	     56399	8000a544	03b9a033	mulhsu	x0,x19,x27	 x19:0x0001c000 x27:0x80021e5b  x0=0x00000000
     1130049000	     56400	8000a548	01da	c.slli	x3,0x16	  x3:0x00000000  x3=0x00000000
     1130069000	     56401	8000a54a	9a7d	c.andi	x12,-1	 x12:0x00000000 x12=0x00000000
     1130089000	     56402	8000a54c	01a4d413	srli	x8,x9,0x1a	  x9:0x00000000  x8=0x00000000
     1130349000	     56415	8000a550	f56dee37	lui	x28,0xf56de	 x28=0xf56de000
     1130529000	     56424	8000a554	717d	c.addi16sp	x2,-16	  x2:0xffffff48  x2=0xffffff38
     1130549000	     56425	8000a556	9274e793	ori	x15,x9,-1753	  x9:0x00000000 x15=0xfffff927
     1131309000	     56463	8000a55a	0333cdb3	div	x27,x7,x19	  x7:0x00000000 x19:0x0001c000 x27=0x00000000
     1131329000	     56464	8000a55e	01434433	xor	x8,x6,x20	  x6:0x00000000 x20:0x00000000  x8=0x00000000
     1131409000	     56468	8000a562	51ebee93	ori	x29,x23,1310	 x23:0x262b753a x29=0x262b753e
     1132149000	     56505	8000a566	03e75133	divu	x2,x14,x30	 x14:0x00000000 x30:0xfffffd39  x2=0x00000000
     1132189000	     56507	8000a56a	03741133	mulh	x2,x8,x23	  x8:0x00000000 x23:0x262b753a  x2=0x00000000
     1132209000	     56508	8000a56e	6169	c.addi16sp	x2,208	  x2:0x00000000  x2=0x000000d0
     1132229000	     56509	8000a570	014f9033	sll	x0,x31,x20	 x31:0x80025ce4 x20:0x00000000  x0=0x00000000
     1132249000	     56510	8000a574	81772813	slti	x16,x14,-2025	 x14:0x00000000 x16=0x00000000
     1132269000	     56511	8000a578	f60cf693	andi	x13,x25,-160	 x25:0x00000002 x13=0x00000000
     1132289000	     56512	8000a57c	54fd	c.li	x9,-1	  x9=0xffffffff
     1132309000	     56513	8000a57e	8d39	c.xor	x10,x14	 x10:0x800258f0 x14:0x00000000 x10=0x800258f0
     1132449000	     56520	8000a580	5a9d8717	auipc	x14,0x5a9d8	 x14=0xda9e2580
     1132469000	     56521	8000a584	00855ab3	srl	x21,x10,x8	 x10:0x800258f0  x8:0x00000000 x21=0x800258f0
     1132489000	     56522	8000a588	df398717	auipc	x14,0xdf398	 x14=0x5f3a2588
     1132709000	     56533	8000a58c	0094d133	srl	x2,x9,x9	  x9:0xffffffff  x9:0xffffffff  x2=0x00000001
     1132729000	     56534	8000a590	0001	c.addi	x0,0	  x0:0x00000000  x0=0x00000000
     1132949000	     56545	8000a592	00e47033	and	x0,x8,x14	  x8:0x00000000 x14:0x5f3a2588  x0=0x00000000
     1133689000	     56582	8000a596	02e7e6b3	rem	x13,x15,x14	 x15:0xfffff927 x14:0x5f3a2588 x13=0xfffff927
     1133709000	     56583	8000a59a	1d84	c.addi4spn	x9,x2,752	  x9=0x000002f1
     1133729000	     56584	8000a59c	02348063	beq	x9,x3,8000a5bc	  x9:0x000002f1  x3:0x00000000
     1133769000	     56586	8000a5a0	02a79633	mulh	x12,x15,x10	 x15:0xfffff927 x10:0x800258f0 x12=0x0000036c
     1133789000	     56587	8000a5a4	02e87a63	bgeu	x16,x14,8000a5d8	 x16:0x00000000 x14:0x5f3a2588
     1133809000	     56588	8000a5a8	24378d13	addi	x26,x15,579	 x15:0xfffff927 x26=0xfffffb6a
     1133829000	     56589	8000a5ac	01b49a93	slli	x21,x9,0x1b	  x9:0x000002f1 x21=0x88000000
     1134449000	     56620	8000a5b0	0330a6b3	mulhsu	x13,x1,x19	  x1:0x00000004 x19:0x0001c000 x13=0x00000000
     1134469000	     56621	8000a5b4	8e41	c.or	x12,x8	 x12:0x0000036c  x8:0x00000000 x12=0x0000036c
     1134649000	     56630	8000a5b6	01080763	beq	x16,x16,8000a5c4	 x16:0x00000000 x16:0x00000000
     1135489000	     56672	8000a5c4	028cd533	divu	x10,x25,x8	 x25:0x00000002  x8:0x00000000 x10=0xffffffff
     1135769000	     56686	8000a5c8	0904	c.addi4spn	x9,x2,144	  x9=0x00000091
     1135789000	     56687	8000a5ca	01a90633	add	x12,x18,x26	 x18:0x00000000 x26:0xfffffb6a x12=0xfffffb6a
     1136029000	     56699	8000a5ce	03593ab3	mulhu	x21,x18,x21	 x18:0x00000000 x21:0x88000000 x21=0x00000000
     1136049000	     56700	8000a5d2	0001	c.addi	x0,0	  x0:0x00000000  x0=0x00000000
     1136069000	     56701	8000a5d4	eb8fad93	slti	x27,x31,-328	 x31:0x80025ce4 x27=0x00000001
     1136089000	     56702	8000a5d8	0001	c.addi	x0,0	  x0:0x00000000  x0=0x00000000
     1136109000	     56703	8000a5da	1d9c	c.addi4spn	x15,x2,752	 x15=0x000002f1
     1136329000	     56714	8000a5dc	e889	c.bnez	x9,8000a5ee	  x9:0x00000091
     1137109000	     56753	8000a5ee	03129763	bne	x5,x17,8000a61c	  x5:0xffffff37 x17:0xfffffde5
     1137569000	     56776	8000a61c	846d	c.srai	x8,0x1b	  x8:0x00000000  x8=0x00000000
     1137609000	     56778	8000a61e	0044bbb3	sltu	x23,x9,x4	  x9:0x00000091  x4:0x0000002b x23=0x00000000
     1137669000	     56781	8000a622	006de933	or	x18,x27,x6	 x27:0x00000001  x6:0x00000000 x18=0x00000001
     1137969000	     56796	8000a626	00e83bb3	sltu	x23,x16,x14	 x16:0x00000000 x14:0x5f3a2588 x23=0x00000001
     1138389000	     56817	8000a62a	00dc77b3	and	x15,x24,x13	 x24:0x00000000 x13:0x00000000 x15=0x00000000
     1138409000	     56818	8000a62e	567d	c.li	x12,-1	 x12=0xffffffff
     1138429000	     56819	8000a630	0d35	c.addi	x26,13	 x26:0xfffffb6a x26=0xfffffb77
     1138449000	     56820	8000a632	765a8e13	addi	x28,x21,1893	 x21:0x00000000 x28=0x00000765
     1138469000	     56821	8000a636	0000100f	fence.i	
     1138769000	     56836	8000a63a	9e8e	c.add	x29,x3	 x29:0x262b753e  x3:0x00000000 x29=0x262b753e
     1138789000	     56837	8000a63c	44d5	c.li	x9,21	  x9=0x00000015
     1138809000	     56838	8000a63e	8d0d	c.sub	x10,x11	 x10:0xffffffff x11:0x80021e58 x10=0x7ffde1a7
     1138829000	     56839	8000a640	860d	c.srai	x12,0x3	 x12:0xffffffff x12=0xffffffff
     1139769000	     56886	8000a642	03914c33	div	x24,x2,x25	  x2:0x00000001 x25:0x00000002 x24=0x00000000
     1139789000	     56887	8000a646	0dae	c.slli	x27,0xb	 x27:0x00000001 x27=0x00000800
     1139809000	     56888	8000a648	00b57d33	and	x26,x10,x11	 x10:0x7ffde1a7 x11:0x80021e58 x26=0x00000000
     1139849000	     56890	8000a64c	029234b3	mulhu	x9,x4,x9	  x4:0x0000002b  x9:0x00000015  x9=0x00000000
     1139889000	     56892	8000a650	03a55633	divu	x12,x10,x26	 x10:0x7ffde1a7 x26:0x00000000 x12=0xffffffff
     1139909000	     56893	8000a654	0001	c.addi	x0,0	  x0:0x00000000  x0=0x00000000
     1139929000	     56894	8000a656	2446cd93	xori	x27,x13,580	 x13:0x00000000 x27=0x00000244
     1139949000	     56895	8000a65a	014f93b3	sll	x7,x31,x20	 x31:0x80025ce4 x20:0x00000000  x7=0x80025ce4
     1139969000	     56896	8000a65e	015f0033	add	x0,x30,x21	 x30:0xfffffd39 x21:0x00000000  x0=0x00000000
     1140149000	     56905	8000a662	20c54717	auipc	x14,0x20c54	 x14=0xa0c5e662
     1140169000	     56906	8000a666	447d	c.li	x8,31	  x8=0x0000001f
     1140189000	     56907	8000a668	414a0933	sub	x18,x20,x20	 x20:0x00000000 x20:0x00000000 x18=0x00000000
     1140209000	     56908	8000a66c	007acc33	xor	x24,x21,x7	 x21:0x00000000  x7:0x80025ce4 x24=0x80025ce4
     1140429000	     56919	8000a670	9e9e53b7	lui	x7,0x9e9e5	  x7=0x9e9e5000
     1140449000	     56920	8000a674	010b5813	srli	x16,x22,0x10	 x22:0x00000070 x16=0x00000000
     1140509000	     56923	8000a678	81de	c.mv	x3,x23	  x0:0x00000000 x23:0x00000001  x3=0x00000001
     1140529000	     56924	8000a67a	717d	c.addi16sp	x2,-16	  x2:0x00000001  x2=0xfffffff1
     1140789000	     56937	8000a67c	8e11	c.sub	x12,x12	 x12:0xffffffff x12:0xffffffff x12=0x00000000
     1140809000	     56938	8000a67e	419fd9b3	sra	x19,x31,x25	 x31:0x80025ce4 x25:0x00000002 x19=0xe0009739
     1141229000	     56959	8000a682	02594f63	blt	x18,x5,8000a6c0	 x18:0x00000000  x5:0xffffff37
     1141249000	     56960	8000a686	86e9	c.srai	x13,0x1a	 x13:0x00000000 x13=0x00000000
     1141269000	     56961	8000a688	00f10833	add	x16,x2,x15	  x2:0xfffffff1 x15:0x00000000 x16=0xfffffff1
     1141689000	     56982	8000a68c	4006da33	sra	x20,x13,x0	 x13:0x00000000  x0:0x00000000 x20=0x00000000
     1141809000	     56988	8000a690	b1f11297	auipc	x5,0xb1f11	  x5=0x31f1b690
     1141849000	     56990	8000a694	02251233	mulh	x4,x10,x2	 x10:0x7ffde1a7  x2:0xfffffff1  x4=0xfffffff8
     1141929000	     56994	8000a698	6c89	c.lui	x25,0x2	 x25=0x00002000
     1142069000	     57001	8000a69a	37b2b713	sltiu	x14,x5,891	  x5:0x31f1b690 x14=0x00000000
     1142089000	     57002	8000a69e	6f15	c.lui	x30,0x5	 x30=0x00005000
     1142109000	     57003	8000a6a0	00089493	slli	x9,x17,0x0	 x17:0xfffffde5  x9=0xfffffde5
     1142929000	     57044	8000a6a4	037dceb3	div	x29,x27,x23	 x27:0x00000244 x23:0x00000001 x29=0x00000244
     1142949000	     57045	8000a6a8	ce9d	c.beqz	x13,8000a6e6	 x13:0x00000000
     1143049000	     57050	8000a6e6	03ee81b3	mul	x3,x29,x30	 x29:0x00000244 x30:0x00005000  x3=0x00b54000
     1143069000	     57051	8000a6ea	c015	c.beqz	x8,8000a70e	  x8:0x0000001f
     1143089000	     57052	8000a6ec	002b0733	add	x14,x22,x2	 x22:0x00000070  x2:0xfffffff1 x14=0x00000061
     1143109000	     57053	8000a6f0	98fd	c.andi	x9,-1	  x9:0xfffffde5  x9=0xfffffde5
     1143129000	     57054	8000a6f2	008a	c.slli	x1,0x2	  x1:0x00000004  x1=0x00000010
     1143149000	     57055	8000a6f4	00146b33	or	x22,x8,x1	  x8:0x0000001f  x1:0x00000010 x22=0x0000001f
     1143269000	     57061	8000a6f8	ee15	c.bnez	x12,8000a734	 x12:0x00000000
     1143289000	     57062	8000a6fa	013e1963	bne	x28,x19,8000a70c	 x28:0x00000765 x19:0xe0009739
     1144169000	     57106	8000a70c	09a9	c.addi	x19,10	 x19:0xe0009739 x19=0xe0009743
     1144489000	     57122	8000a70e	41b0d513	srai	x10,x1,0x1b	  x1:0x00000010 x10=0x00000000
     1144509000	     57123	8000a712	8241	c.srli	x12,0x10	 x12:0x00000000 x12=0x00000000
     1144529000	     57124	8000a714	6d29	c.lui	x26,0xa	 x26=0x0000a000
     1145369000	     57166	8000a716	03fac633	div	x12,x21,x31	 x21:0x00000000 x31:0x80025ce4 x12=0x00000000
     1146109000	     57203	8000a71a	031ef2b3	remu	x5,x29,x17	 x29:0x00000244 x17:0xfffffde5  x5=0x00000244
     1146849000	     57240	8000a71e	025df733	remu	x14,x27,x5	 x27:0x00000244  x5:0x00000244 x14=0x00000000
     1146869000	     57241	8000a722	909a	c.add	x1,x6	  x1:0x00000010  x6:0x00000000  x1=0x00000010
     1146889000	     57242	8000a724	01047e33	and	x28,x8,x16	  x8:0x0000001f x16:0xfffffff1 x28=0x00000011
     1146909000	     57243	8000a728	03e18bb3	mul	x23,x3,x30	  x3:0x00b54000 x30:0x00005000 x23=0xa4000000
     1146929000	     57244	8000a72c	00d86db3	or	x27,x16,x13	 x16:0xfffffff1 x13:0x00000000 x27=0xfffffff1
     1146949000	     57245	8000a730	81a6	c.mv	x3,x9	  x0:0x00000000  x9:0xfffffde5  x3=0xfffffde5
     1146969000	     57246	8000a732	8d69	c.and	x10,x10	 x10:0x00000000 x10:0x00000000 x10=0x00000000
     1147709000	     57283	8000a734	0291f733	remu	x14,x3,x9	  x3:0xfffffde5  x9:0xfffffde5 x14=0x00000000
     1147729000	     57284	8000a738	92d2	c.add	x5,x20	  x5:0x00000244 x20:0x00000000  x5=0x00000244
     1147749000	     57285	8000a73a	a9777293	andi	x5,x14,-1385	 x14:0x00000000  x5=0x00000000
     1147769000	     57286	8000a73e	838a	c.mv	x7,x2	  x0:0x00000000  x2:0xfffffff1  x7=0xfffffff1
     1147789000	     57287	8000a740	8e59	c.or	x12,x14	 x12:0x00000000 x14:0x00000000 x12=0x00000000
     1147849000	     57290	8000a742	ee5f6693	ori	x13,x30,-283	 x30:0x00005000 x13=0xfffffee5
     1147869000	     57291	8000a746	6961	c.lui	x18,0x18	 x18=0x00018000
     1148269000	     57311	8000a748	03d3ca63	blt	x7,x29,8000a77c	  x7:0xfffffff1 x29:0x00000244
     1156169000	     57706	8000a77c	004333b3	sltu	x7,x6,x4	  x6:0x00000000  x4:0xfffffff8  x7=0x00000001
     1156189000	     57707	8000a780	01c65a63	bge	x12,x28,8000a794	 x12:0x00000000 x28:0x00000011
     1156209000	     57708	8000a784	8f11	c.sub	x14,x12	 x14:0x00000000 x12:0x00000000 x14=0x00000000
     1156649000	     57730	8000a786	4c046a13	ori	x20,x8,1216	  x8:0x0000001f x20=0x000004df
     1157029000	     57749	8000a78a	0094d013	srli	x0,x9,0x9	  x9:0xfffffde5  x0=0x00000000
     1157349000	     57765	8000a78e	1f9db093	sltiu	x1,x27,505	 x27:0xfffffff1  x1=0x00000000
     1157369000	     57766	8000a792	8ecd	c.or	x13,x11	 x13:0xfffffee5 x11:0x80021e58 x13=0xfffffefd
     1157389000	     57767	8000a794	00fae033	or	x0,x21,x15	 x21:0x00000000 x15:0x00000000  x0=0x00000000
     1157429000	     57769	8000a798	0301af33	mulhsu	x30,x3,x16	  x3:0xfffffde5 x16:0xfffffff1 x30=0xfffffde5
     1158169000	     57806	8000a79c	0315db33	divu	x22,x11,x17	 x11:0x80021e58 x17:0xfffffde5 x22=0x00000000
     1158189000	     57807	8000a7a0	3bb38137	lui	x2,0x3bb38	  x2=0x3bb38000
     1158229000	     57809	8000a7a4	02a91033	mulh	x0,x18,x10	 x18:0x00018000 x10:0x00000000  x0=0x00000000
     1158249000	     57810	8000a7a8	8db2	c.mv	x27,x12	  x0:0x00000000 x12:0x00000000 x27=0x00000000
     1158269000	     57811	8000a7aa	0000100f	fence.i	
     1158489000	     57822	8000a7ae	8015	c.srli	x8,0x5	  x8:0x0000001f  x8=0x00000000
     1158969000	     57846	8000a7b0	197d	c.addi	x18,-1	 x18:0x00018000 x18=0x00017fff
     1159829000	     57889	8000a7b2	032dceb3	div	x29,x27,x18	 x27:0x00000000 x18:0x00017fff x29=0x00000000
     1159849000	     57890	8000a7b6	01a5f033	and	x0,x11,x26	 x11:0x80021e58 x26:0x0000a000  x0=0x00000000
     1159869000	     57891	8000a7ba	01a58133	add	x2,x11,x26	 x11:0x80021e58 x26:0x0000a000  x2=0x8002be58
     1159889000	     57892	8000a7be	40470633	sub	x12,x14,x4	 x14:0x00000000  x4:0xfffffff8 x12=0x00000008
     1160629000	     57929	8000a7c2	037a5eb3	divu	x29,x20,x23	 x20:0x000004df x23:0xa4000000 x29=0x00000000
     1160649000	     57930	8000a7c6	dd1dfb13	andi	x22,x27,-559	 x27:0x00000000 x22=0x00000000
     1160689000	     57932	8000a7ca	03dab533	mulhu	x10,x21,x29	 x21:0x00000000 x29:0x00000000 x10=0x00000000
     1161429000	     57969	8000a7ce	03436933	rem	x18,x6,x20	  x6:0x00000000 x20:0x000004df x18=0x00000000
     1161449000	     57970	8000a7d2	40458c33	sub	x24,x11,x4	 x11:0x80021e58  x4:0xfffffff8 x24=0x80021e60
     1161469000	     57971	8000a7d6	c30d	c.beqz	x14,8000a7f8	 x14:0x00000000
     1161669000	     57981	8000a7f8	00c0d263	bge	x1,x12,8000a7fc	  x1:0x00000000 x12:0x00000008
     1161689000	     57982	8000a7fc	41e85093	srai	x1,x16,0x1e	 x16:0xfffffff1  x1=0xffffffff
     1162109000	     58003	8000a800	1f7d	c.addi	x30,-1	 x30:0xfffffde5 x30=0xfffffde4
     1162129000	     58004	8000a802	0342d863	bge	x5,x20,8000a832	  x5:0x00000000 x20:0x000004df
     1162309000	     58013	8000a806	037bbcb3	mulhu	x25,x23,x23	 x23:0xa4000000 x23:0xa4000000 x25=0x69100000
     1162409000	     58018	8000a80a	01591263	bne	x18,x21,8000a80e	 x18:0x00000000 x21:0x00000000
     1162429000	     58019	8000a80e	8e5d	c.or	x12,x15	 x12:0x00000008 x15:0x00000000 x12=0x00000008
     1162449000	     58020	8000a810	c5e16413	ori	x8,x2,-930	  x2:0x8002be58  x8=0xfffffe5e
     1162469000	     58021	8000a814	8e35	c.xor	x12,x13	 x12:0x00000008 x13:0xfffffefd x12=0xfffffef5
     1162489000	     58022	8000a816	001de1b3	or	x3,x27,x1	 x27:0x00000000  x1:0xffffffff  x3=0xffffffff
     1162509000	     58023	8000a81a	0d6e	c.slli	x26,0x1b	 x26:0x0000a000 x26=0x00000000
     1162529000	     58024	8000a81c	01b8f833	and	x16,x17,x27	 x17:0xfffffde5 x27:0x00000000 x16=0x00000000
     1162709000	     58033	8000a820	02b6	c.slli	x5,0xd	  x5:0x00000000  x5=0x00000000
     1162729000	     58034	8000a822	2e60cc13	xori	x24,x1,742	  x1:0xffffffff x24=0xfffffd19
     1162809000	     58038	8000a826	01727f33	and	x30,x4,x23	  x4:0xfffffff8 x23:0xa4000000 x30=0xa4000000
     1162829000	     58039	8000a82a	41c5db93	srai	x23,x11,0x1c	 x11:0x80021e58 x23=0xfffffff8
     1163249000	     58060	8000a82e	0063e233	or	x4,x7,x6	  x7:0x00000001  x6:0x00000000  x4=0x00000001
     1163269000	     58061	8000a832	8d75	c.and	x10,x13	 x10:0x00000000 x13:0xfffffefd x10=0x00000000
     1163489000	     58072	8000a834	41828233	sub	x4,x5,x24	  x5:0x00000000 x24:0xfffffd19  x4=0x000002e7
     1163509000	     58073	8000a838	01fc5693	srli	x13,x24,0x1f	 x24:0xfffffd19 x13=0x00000001
     1163629000	     58079	8000a83c	8965	c.andi	x10,25	 x10:0x00000000 x10=0x00000000
     1164409000	     58118	8000a83e	0293ca33	div	x20,x7,x9	  x7:0x00000001  x9:0xfffffde5 x20=0x00000000
     1164429000	     58119	8000a842	1c94	c.addi4spn	x13,x2,624	 x13=0x8002c0c8
     1165169000	     58156	8000a844	03fb4633	div	x12,x22,x31	 x22:0x00000000 x31:0x80025ce4 x12=0x00000000
     1165189000	     58157	8000a848	055f0363	beq	x30,x21,8000a88e	 x30:0xa4000000 x21:0x00000000
     1165209000	     58158	8000a84c	24166613	ori	x12,x12,577	 x12:0x00000000 x12=0x00000241
     1165229000	     58159	8000a850	013319b3	sll	x19,x6,x19	  x6:0x00000000 x19:0xe0009743 x19=0x00000000
     1165249000	     58160	8000a854	008033b3	sltu	x7,x0,x8	  x0:0x00000000  x8:0xfffffe5e  x7=0x00000001
     1165269000	     58161	8000a858	00ca49b3	xor	x19,x20,x12	 x20:0x00000000 x12:0x00000241 x19=0x00000241
     1165289000	     58162	8000a85c	8685	c.srai	x13,0x1	 x13:0x8002c0c8 x13=0xc0016064
     1165529000	     58174	8000a85e	1c5c2d17	auipc	x26,0x1c5c2	 x26=0x9c5cc85e
     1165549000	     58175	8000a862	0000100f	fence.i	
     1166209000	     58208	8000a866	01297463	bgeu	x18,x18,8000a86e	 x18:0x00000000 x18:0x00000000
     1167049000	     58250	8000a86e	007d9bb3	sll	x23,x27,x7	 x27:0x00000000  x7:0x00000001 x23=0x00000000
     1167069000	     58251	8000a872	03ec1863	bne	x24,x30,8000a8a2	 x24:0xfffffd19 x30:0xa4000000
     1168069000	     58301	8000a8a2	406950b3	sra	x1,x18,x6	 x18:0x00000000  x6:0x00000000  x1=0x00000000
     1168489000	     58322	8000a8a6	00946963	bltu	x8,x9,8000a8b8	  x8:0xfffffe5e  x9:0xfffffde5
     1168509000	     58323	8000a8aa	6acd	c.lui	x21,0x13	 x21=0x00013000
     1168649000	     58330	8000a8ac	01cb6863	bltu	x22,x28,8000a8bc	 x22:0x00000000 x28:0x00000011
     1169749000	     58385	8000a8bc	0392e833	rem	x16,x5,x25	  x5:0x00000000 x25:0x69100000 x16=0x00000000
     1169769000	     58386	8000a8c0	006c9793	slli	x15,x25,0x6	 x25:0x69100000 x15=0x44000000
     1169789000	     58387	8000a8c4	033b8b63	beq	x23,x19,8000a8fa	 x23:0x00000000 x19:0x00000241
     1169809000	     58388	8000a8c8	8665	c.srai	x12,0x19	 x12:0x00000241 x12=0x00000000
     1169829000	     58389	8000a8ca	0001	c.addi	x0,0	  x0:0x00000000  x0=0x00000000
     1169849000	     58390	8000a8cc	6159	c.addi16sp	x2,400	  x2:0x8002be58  x2=0x8002bfe8
     1169869000	     58391	8000a8ce	6a19	c.lui	x20,0x6	 x20=0x00006000
     1169889000	     58392	8000a8d0	9a7d	c.andi	x12,-1	 x12:0x00000000 x12=0x00000000
     1169909000	     58393	8000a8d2	01e42133	slt	x2,x8,x30	  x8:0xfffffe5e x30:0xa4000000  x2=0x00000000
     1169929000	     58394	8000a8d6	031ae563	bltu	x21,x17,8000a900	 x21:0x00013000 x17:0xfffffde5
     1170169000	     58406	8000a900	07aa	c.slli	x15,0xa	 x15:0x44000000 x15=0x00000000
     1170209000	     58408	8000a902	02ddb1b3	mulhu	x3,x27,x13	 x27:0x00000000 x13:0xc0016064  x3=0x00000000
     1170609000	     58428	8000a906	0031ba33	sltu	x20,x3,x3	  x3:0x00000000  x3:0x00000000 x20=0x00000000
     1170629000	     58429	8000a90a	0001	c.addi	x0,0	  x0:0x00000000  x0=0x00000000
     1170669000	     58431	8000a90c	035bf563	bgeu	x23,x21,8000a936	 x23:0x00000000 x21:0x00013000
     1170689000	     58432	8000a910	879a	c.mv	x15,x6	  x0:0x00000000  x6:0x00000000 x15=0x00000000
     1170709000	     58433	8000a912	b8554d93	xori	x27,x10,-1147	 x10:0x00000000 x27=0xfffffb85
     1170729000	     58434	8000a916	02bd0933	mul	x18,x26,x11	 x26:0x9c5cc85e x11:0x80021e58 x18=0x301be450
     1171149000	     58455	8000a91a	01f49213	slli	x4,x9,0x1f	  x9:0xfffffde5  x4=0x80000000
     1171169000	     58456	8000a91e	3cec3793	sltiu	x15,x24,974	 x24:0xfffffd19 x15=0x00000000
     1171189000	     58457	8000a922	bdab2d93	slti	x27,x22,-1062	 x22:0x00000000 x27=0x00000000
     1171209000	     58458	8000a926	0001	c.addi	x0,0	  x0:0x00000000  x0=0x00000000
     1171389000	     58467	8000a928	97b2	c.add	x15,x12	 x15:0x00000000 x12:0x00000000 x15=0x00000000
     1172129000	     58504	8000a92a	02927d33	remu	x26,x4,x9	  x4:0x80000000  x9:0xfffffde5 x26=0x80000000
     1172149000	     58505	8000a92e	90ea	c.add	x1,x26	  x1:0x00000000 x26:0x80000000  x1=0x80000000
     1172189000	     58507	8000a930	03df22b3	mulhsu	x5,x30,x29	 x30:0xa4000000 x29:0x00000000  x5=0x00000000
     1172209000	     58508	8000a934	8cc1	c.or	x9,x8	  x9:0xfffffde5  x8:0xfffffe5e  x9=0xffffffff
     1172269000	     58511	8000a936	00f7b4b3	sltu	x9,x15,x15	 x15:0x00000000 x15:0x00000000  x9=0x00000000
     1172289000	     58512	8000a93a	0eca	c.slli	x29,0x12	 x29:0x00000000 x29=0x00000000
     1172309000	     58513	8000a93c	0001	c.addi	x0,0	  x0:0x00000000  x0=0x00000000
     1172329000	     58514	8000a93e	9546	c.add	x10,x17	 x10:0x00000000 x17:0xfffffde5 x10=0xfffffde5
     1172509000	     58523	8000a940	8f91	c.sub	x15,x12	 x15:0x00000000 x12:0x00000000 x15=0x00000000
     1172529000	     58524	8000a942	0294fa63	bgeu	x9,x9,8000a976	  x9:0x00000000  x9:0x00000000
     1173889000	     58592	8000a976	0161cf33	xor	x30,x3,x22	  x3:0x00000000 x22:0x00000000 x30=0x00000000
     1173909000	     58593	8000a97a	8831	c.andi	x8,12	  x8:0xfffffe5e  x8=0x0000000c
     1174809000	     58638	8000a97c	03245733	divu	x14,x8,x18	  x8:0x0000000c x18:0x301be450 x14=0x00000000
     1174829000	     58639	8000a980	03f09663	bne	x1,x31,8000a9ac	  x1:0x80000000 x31:0x80025ce4
     1174929000	     58644	8000a9ac	02919733	mulh	x14,x3,x9	  x3:0x00000000  x9:0x00000000 x14=0x00000000
     1175149000	     58655	8000a9b0	41488c33	sub	x24,x17,x20	 x17:0xfffffde5 x20:0x00000000 x24=0xfffffde5
     1175369000	     58666	8000a9b4	0e00	c.addi4spn	x8,x2,784	  x8=0x00000310
     1175829000	     58689	8000a9b6	02d40f33	mul	x30,x8,x13	  x8:0x00000310 x13:0xc0016064 x30=0x04373240
     1175849000	     58690	8000a9ba	1c90	c.addi4spn	x12,x2,624	 x12=0x00000270
     1175869000	     58691	8000a9bc	407bd533	sra	x10,x23,x7	 x23:0x00000000  x7:0x00000001 x10=0x00000000
     1175949000	     58695	8000a9c0	0ff0000f	fence	iorw,iorw	
     1175969000	     58696	8000a9c4	011dfbb3	and	x23,x27,x17	 x27:0x00000000 x17:0xfffffde5 x23=0x00000000
     1176109000	     58703	8000a9c8	0048fa63	bgeu	x17,x4,8000a9dc	 x17:0xfffffde5  x4:0x80000000
     1176689000	     58732	8000a9dc	0000100f	fence.i	
     1177129000	     58754	8000a9e0	012f1093	slli	x1,x30,0x12	 x30:0x04373240  x1=0xc9000000
     1177149000	     58755	8000a9e4	869d	c.srai	x13,0x7	 x13:0xc0016064 x13=0xff8002c0
     1177169000	     58756	8000a9e6	9cba	c.add	x25,x14	 x25:0x69100000 x14:0x00000000 x25=0x69100000
     1177569000	     58776	8000a9e8	78b44193	xori	x3,x8,1931	  x8:0x00000310  x3=0x0000049b
     1177649000	     58780	8000a9ec	0d9a	c.slli	x27,0x6	 x27:0x00000000 x27=0x00000000
     1177669000	     58781	8000a9ee	e0964193	xori	x3,x12,-503	 x12:0x00000270  x3=0xfffffc79
     1177689000	     58782	8000a9f2	0001	c.addi	x0,0	  x0:0x00000000  x0=0x00000000
     1178069000	     58801	8000a9f4	0354bdb3	mulhu	x27,x9,x21	  x9:0x00000000 x21:0x00013000 x27=0x00000000
     1178469000	     58821	8000a9f8	8fa1	c.xor	x15,x8	 x15:0x00000000  x8:0x00000310 x15=0x00000310
     1178749000	     58835	8000a9fa	b32fdb17	auipc	x22,0xb32fd	 x22=0x333079fa
     1178869000	     58841	8000a9fe	006700b3	add	x1,x14,x6	 x14:0x00000000  x6:0x00000000  x1=0x00000000
     1179149000	     58855	8000aa02	036a3eb3	mulhu	x29,x20,x22	 x20:0x00000000 x22:0x333079fa x29=0x00000000
     1179169000	     58856	8000aa06	05929263	bne	x5,x25,8000aa4a	  x5:0x00000000 x25:0x69100000
     1179489000	     58872	8000aa4a	01585413	srli	x8,x16,0x15	 x16:0x00000000  x8=0x00000000
     1179509000	     58873	8000aa4e	ad514193	xori	x3,x2,-1323	  x2:0x00000000  x3=0xfffffad5
     1179529000	     58874	8000aa52	01a05133	srl	x2,x0,x26	  x0:0x00000000 x26:0x80000000  x2=0x00000000
     1180069000	     58901	8000aa56	00801a63	bne	x0,x8,8000aa6a	  x0:0x00000000  x8:0x00000000
     1180489000	     58922	8000aa5a	0da77413	andi	x8,x14,218	 x14:0x00000000  x8=0x00000000
     1180509000	     58923	8000aa5e	fe78be93	sltiu	x29,x17,-25	 x17:0xfffffde5 x29=0x00000001
     1180589000	     58927	8000aa62	0248da63	bge	x17,x4,8000aa96	 x17:0xfffffde5  x4:0x80000000
     1181669000	     58981	8000aa96	00cf7f63	bgeu	x30,x12,8000aab4	 x30:0x04373240 x12:0x00000270
     1182629000	     59029	8000aab4	00ff3d33	sltu	x26,x30,x15	 x30:0x04373240 x15:0x00000310 x26=0x00000000
     1182649000	     59030	8000aab8	6b51	c.lui	x22,0x14	 x22=0x00014000
     1183069000	     59051	8000aaba	41195d33	sra	x26,x18,x17	 x18:0x301be450 x17:0xfffffde5 x26=0x0180df22
     1183089000	     59052	8000aabe	004df8b3	and	x17,x27,x4	 x27:0x00000000  x4:0x80000000 x17=0x00000000
     1183109000	     59053	8000aac2	839d	c.srli	x15,0x7	 x15:0x00000310 x15=0x00000006
     1183129000	     59054	8000aac4	40b50433	sub	x8,x10,x11	 x10:0x00000000 x11:0x80021e58  x8=0x7ffde1a8
     1183269000	     59061	8000aac8	00ee8833	add	x16,x29,x14	 x29:0x00000001 x14:0x00000000 x16=0x00000001
     1183629000	     59079	8000aacc	01857ab3	and	x21,x10,x24	 x10:0x00000000 x24:0xfffffde5 x21=0x00000000
     1184369000	     59116	8000aad0	02375033	divu	x0,x14,x3	 x14:0x00000000  x3:0xfffffad5  x0=0x00000000
     1184389000	     59117	8000aad4	8675	c.srai	x12,0x1d	 x12:0x00000270 x12=0x00000000
     1184409000	     59118	8000aad6	0000100f	fence.i	
     1185009000	     59148	8000aada	5a82f293	andi	x5,x5,1448	  x5:0x00000000  x5=0x00000000
     1185089000	     59152	8000aade	013b8e33	add	x28,x23,x19	 x23:0x00000000 x19:0x00000241 x28=0x00000241
     1185109000	     59153	8000aae2	bc93e2b7	lui	x5,0xbc93e	  x5=0xbc93e000
     1185209000	     59158	8000aae6	41e0d033	sra	x0,x1,x30	  x1:0x00000000 x30:0x04373240  x0=0x00000000
     1185369000	     59166	8000aaea	40e18f33	sub	x30,x3,x14	  x3:0xfffffad5 x14:0x00000000 x30=0xfffffad5
     1185389000	     59167	8000aaee	717d	c.addi16sp	x2,-16	  x2:0x00000000  x2=0xfffffff0
     1185409000	     59168	8000aaf0	01ae0533	add	x10,x28,x26	 x28:0x00000241 x26:0x0180df22 x10=0x0180e163
     1185809000	     59188	8000aaf4	4076bf13	sltiu	x30,x13,1031	 x13:0xff8002c0 x30=0x00000000
     1185829000	     59189	8000aaf8	03a703b3	mul	x7,x14,x26	 x14:0x00000000 x26:0x0180df22  x7=0x00000000
     1185849000	     59190	8000aafc	84bd	c.srai	x9,0xf	  x9:0x00000000  x9=0x00000000
     1186289000	     59212	8000aafe	02977933	remu	x18,x14,x9	 x14:0x00000000  x9:0x00000000 x18=0x00000000
     1186309000	     59213	8000ab02	8a41	c.andi	x12,16	 x12:0x00000000 x12=0x00000000
     1186329000	     59214	8000ab04	0994	c.addi4spn	x13,x2,208	 x13=0x000000c0
     1186349000	     59215	8000ab06	abfa3237	lui	x4,0xabfa3	  x4=0xabfa3000
     1187449000	     59270	8000ab0a	03a2e8b3	rem	x17,x5,x26	  x5:0xbc93e000 x26:0x0180df22 x17=0xfeba39d8
     1188189000	     59307	8000ab0e	0250f9b3	remu	x19,x1,x5	  x1:0x00000000  x5:0xbc93e000 x19=0x00000000
     1188209000	     59308	8000ab12	01809833	sll	x16,x1,x24	  x1:0x00000000 x24:0xfffffde5 x16=0x00000000
     1188229000	     59309	8000ab16	0018c7b3	xor	x15,x17,x1	 x17:0xfeba39d8  x1:0x00000000 x15=0xfeba39d8
     1188249000	     59310	8000ab1a	7a757013	andi	x0,x10,1959	 x10:0x0180e163  x0=0x00000000
     1188269000	     59311	8000ab1e	9864c013	xori	x0,x9,-1658	  x9:0x00000000  x0=0x00000000
     1188289000	     59312	8000ab22	527d	c.li	x4,-1	  x4=0xffffffff
     1188309000	     59313	8000ab24	9f1d0917	auipc	x18,0x9f1d0	 x18=0x1f1dab24
     1188429000	     59319	8000ab28	001c8433	add	x8,x25,x1	 x25:0x69100000  x1:0x00000000  x8=0x69100000
     1188449000	     59320	8000ab2c	3d4c6413	ori	x8,x24,980	 x24:0xfffffde5  x8=0xfffffff5
     1189189000	     59357	8000ab30	0328e2b3	rem	x5,x17,x18	 x17:0xfeba39d8 x18:0x1f1dab24  x5=0xfeba39d8
     1189209000	     59358	8000ab34	03c984b3	mul	x9,x19,x28	 x19:0x00000000 x28:0x00000241  x9=0x00000000
     1189229000	     59359	8000ab38	00a8ce63	blt	x17,x10,8000ab54	 x17:0xfeba39d8 x10:0x0180e163
     1190169000	     59406	8000ab54	038c48b3	div	x17,x24,x24	 x24:0xfffffde5 x24:0xfffffde5 x17=0x00000001
     1190189000	     59407	8000ab58	e615	c.bnez	x12,8000ab84	 x12:0x00000000
     1190209000	     59408	8000ab5a	0325c163	blt	x11,x18,8000ab7c	 x11:0x80021e58 x18:0x1f1dab24
     1190709000	     59433	8000ab7c	029128b3	mulhsu	x17,x2,x9	  x2:0xfffffff0  x9:0x00000000 x17=0x00000000
     1190769000	     59436	8000ab80	02852733	mulhsu	x14,x10,x8	 x10:0x0180e163  x8:0xfffffff5 x14=0x0180e162
     1190789000	     59437	8000ab84	19fd	c.addi	x19,-1	 x19:0x00000000 x19=0xffffffff
     1190809000	     59438	8000ab86	0154ceb3	xor	x29,x9,x21	  x9:0x00000000 x21:0x00000000 x29=0x00000000
     1190829000	     59439	8000ab8a	93ba	c.add	x7,x14	  x7:0x00000000 x14:0x0180e162  x7=0x0180e162
     1190869000	     59441	8000ab8c	0219acb3	mulhsu	x25,x19,x1	 x19:0xffffffff  x1:0x00000000 x25=0x00000000
     1190969000	     59446	8000ab90	c619	c.beqz	x12,8000ab9e	 x12:0x00000000
     1191609000	     59478	8000ab9e	8e6d	c.and	x12,x11	 x12:0x00000000 x11:0x80021e58 x12=0x00000000
     1191809000	     59488	8000aba0	032d0363	beq	x26,x18,8000abc6	 x26:0x0180df22 x18:0x1f1dab24
     1191829000	     59489	8000aba4	8c2e	c.mv	x24,x11	  x0:0x00000000 x11:0x80021e58 x24=0x80021e58
     1192129000	     59504	8000aba6	02c4b4b3	mulhu	x9,x9,x12	  x9:0x00000000 x12:0x00000000  x9=0x00000000
     1192149000	     59505	8000abaa	038089b3	mul	x19,x1,x24	  x1:0x00000000 x24:0x80021e58 x19=0x00000000
     1192169000	     59506	8000abae	0001	c.addi	x0,0	  x0:0x00000000  x0=0x00000000
     1192189000	     59507	8000abb0	0000100f	fence.i	
     1192689000	     59532	8000abb4	0ff0000f	fence	iorw,iorw	
     1193069000	     59551	8000abb8	8e56	c.mv	x28,x21	  x0:0x00000000 x21:0x00000000 x28=0x00000000
     1193089000	     59552	8000abba	6151	c.addi16sp	x2,272	  x2:0xfffffff0  x2=0x00000100
     1193189000	     59557	8000abbc	01af7463	bgeu	x30,x26,8000abc4	 x30:0x00000000 x26:0x0180df22
     1193209000	     59558	8000abc0	015aeab3	or	x21,x21,x21	 x21:0x00000000 x21:0x00000000 x21=0x00000000
     1204329000	     60114	8000abc4	e089	c.bnez	x9,8000abc6	  x9:0x00000000
     1204349000	     60115	8000abc6	dfafc513	xori	x10,x31,-518	 x31:0x80025ce4 x10=0x7ffda11e
     1204369000	     60116	8000abca	004dca63	blt	x27,x4,8000abde	 x27:0x00000000  x4:0xffffffff
     1204389000	     60117	8000abce	090e	c.slli	x18,0x3	 x18:0x1f1dab24 x18=0xf8ed5920
     1204409000	     60118	8000abd0	73c4f193	andi	x3,x9,1852	  x9:0x00000000  x3=0x00000000
     1204429000	     60119	8000abd4	8eed	c.and	x13,x11	 x13:0x000000c0 x11:0x80021e58 x13=0x00000040
     1204489000	     60122	8000abd6	008c5e33	srl	x28,x24,x8	 x24:0x80021e58  x8:0xfffffff5 x28=0x00000400
     1204809000	     60138	8000abda	9a61bc93	sltiu	x25,x3,-1626	  x3:0x00000000 x25=0x00000001
     1204829000	     60139	8000abde	f98a6393	ori	x7,x20,-104	 x20:0x00000000  x7=0xffffff98
     1205249000	     60160	8000abe2	01b5c2b3	xor	x5,x11,x27	 x11:0x80021e58 x27:0x00000000  x5=0x80021e58
     1205269000	     60161	8000abe6	0001	c.addi	x0,0	  x0:0x00000000  x0=0x00000000
     1206009000	     60198	8000abe8	03c046b3	div	x13,x0,x28	  x0:0x00000000 x28:0x00000400 x13=0x00000000
     1206029000	     60199	8000abec	5a64bdb7	lui	x27,0x5a64b	 x27=0x5a64b000
     1206049000	     60200	8000abf0	0001	c.addi	x0,0	  x0:0x00000000  x0=0x00000000
     1206089000	     60202	8000abf2	03529933	mulh	x18,x5,x21	  x5:0x80021e58 x21:0x00000000 x18=0x00000000
     1206109000	     60203	8000abf6	40c28b33	sub	x22,x5,x12	  x5:0x80021e58 x12:0x00000000 x22=0x80021e58
     1206129000	     60204	8000abfa	bf6e6113	ori	x2,x28,-1034	 x28:0x00000400  x2=0xfffffff6
     1206549000	     60225	8000abfe	9ab1bf13	sltiu	x30,x3,-1621	  x3:0x00000000 x30=0x00000001
     1206569000	     60226	8000ac02	c795	c.beqz	x15,8000ac2e	 x15:0xfeba39d8
     1206589000	     60227	8000ac04	172ed737	lui	x14,0x172ed	 x14=0x172ed000
     1206729000	     60234	8000ac08	0317eb33	rem	x22,x15,x17	 x15:0xfeba39d8 x17:0x00000000 x22=0xfeba39d8
     1206829000	     60239	8000ac0c	032a1a33	mulh	x20,x20,x18	 x20:0x00000000 x18:0x00000000 x20=0x00000000
     1206849000	     60240	8000ac10	c405	c.beqz	x8,8000ac38	  x8:0xfffffff5
     1206869000	     60241	8000ac12	815d	c.srli	x10,0x17	 x10:0x7ffda11e x10=0x000000ff
     1207049000	     60250	8000ac14	03a43233	mulhu	x4,x8,x26	  x8:0xfffffff5 x26:0x0180df22  x4=0x0180df21
     1207229000	     60259	8000ac18	b184e813	ori	x16,x9,-1256	  x9:0x00000000 x16=0xfffffb18
     1207529000	     60274	8000ac1c	0000100f	fence.i	
     1207649000	     60280	8000ac20	41a35793	srai	x15,x6,0x1a	  x6:0x00000000 x15=0x00000000
     1207669000	     60281	8000ac24	87fd	c.srai	x15,0x1f	 x15:0x00000000 x15=0x00000000
     1207689000	     60282	8000ac26	8d11	c.sub	x10,x12	 x10:0x000000ff x12:0x00000000 x10=0x000000ff
     1208089000	     60302	8000ac28	0056fa33	and	x20,x13,x5	 x13:0x00000000  x5:0x80021e58 x20=0x00000000
     1208229000	     60309	8000ac2c	8351	c.srli	x14,0x14	 x14:0x172ed000 x14=0x00000172
     1208649000	     60330	8000ac2e	00026833	or	x16,x4,x0	  x4:0x0180df21  x0:0x00000000 x16=0x0180df21
     1208669000	     60331	8000ac32	07ca	c.slli	x15,0x12	 x15:0x00000000 x15=0x00000000
     1208689000	     60332	8000ac34	9a7d	c.andi	x12,-1	 x12:0x00000000 x12=0x00000000
     1208709000	     60333	8000ac36	04c2	c.slli	x9,0x10	  x9:0x00000000  x9=0x00000000
     1208729000	     60334	8000ac38	00dd5293	srli	x5,x26,0xd	 x26:0x0180df22  x5=0x00000c06
     1208749000	     60335	8000ac3c	01dc7033	and	x0,x24,x29	 x24:0x80021e58 x29:0x00000000  x0=0x00000000
     1208769000	     60336	8000ac40	01ac8b63	beq	x25,x26,8000ac56	 x25:0x00000001 x26:0x0180df22
     1208989000	     60347	8000ac44	415c0833	sub	x16,x24,x21	 x24:0x80021e58 x21:0x00000000 x16=0x80021e58
     1209069000	     60351	8000ac48	026adc63	bge	x21,x6,8000ac80	 x21:0x00000000  x6:0x00000000
     1209789000	     60387	8000ac80	016b8833	add	x16,x23,x22	 x23:0x00000000 x22:0xfeba39d8 x16=0xfeba39d8
     1210009000	     60398	8000ac84	0160d2b3	srl	x5,x1,x22	  x1:0x00000000 x22:0xfeba39d8  x5=0x00000000
     1210029000	     60399	8000ac88	142dc213	xori	x4,x27,322	 x27:0x5a64b000  x4=0x5a64b142
     1210049000	     60400	8000ac8c	cd0d	c.beqz	x10,8000acc6	 x10:0x000000ff
     1210149000	     60405	8000ac8e	80cfc7b7	lui	x15,0x80cfc	 x15=0x80cfc000
     1210169000	     60406	8000ac92	01686933	or	x18,x16,x22	 x16:0xfeba39d8 x22:0xfeba39d8 x18=0xfeba39d8
     1210609000	     60428	8000ac96	02554d33	div	x26,x10,x5	 x10:0x000000ff  x5:0x00000000 x26=0xffffffff
     1210649000	     60430	8000ac9a	02bcac33	mulhsu	x24,x25,x11	 x25:0x00000001 x11:0x80021e58 x24=0x00000000
     1210909000	     60443	8000ac9e	5fe8aa93	slti	x21,x17,1534	 x17:0x00000000 x21=0x00000001
     1211009000	     60448	8000aca2	03763033	mulhu	x0,x12,x23	 x12:0x00000000 x23:0x00000000  x0=0x00000000
     1211029000	     60449	8000aca6	0001	c.addi	x0,0	  x0:0x00000000  x0=0x00000000
     1211109000	     60453	8000aca8	414d89b3	sub	x19,x27,x20	 x27:0x5a64b000 x20:0x00000000 x19=0x5a64b000
     1211269000	     60461	8000acac	6171	c.addi16sp	x2,336	  x2:0xfffffff6  x2=0x00000146
     1211289000	     60462	8000acae	035980b3	mul	x1,x19,x21	 x19:0x5a64b000 x21:0x00000001  x1=0x5a64b000
     1211309000	     60463	8000acb2	1efd	c.addi	x29,-1	 x29:0x00000000 x29=0xffffffff
     1211329000	     60464	8000acb4	01241463	bne	x8,x18,8000acbc	  x8:0xfffffff5 x18:0xfeba39d8
     1211869000	     60491	8000acbc	01955393	srli	x7,x10,0x19	 x10:0x000000ff  x7=0x00000000
     1211889000	     60492	8000acc0	1b7d	c.addi	x22,-1	 x22:0xfeba39d8 x22=0xfeba39d7
     1212069000	     60501	8000acc2	01ef1993	slli	x19,x30,0x1e	 x30:0x00000001 x19=0x40000000
     1212489000	     60522	8000acc6	0000100f	fence.i	
     1212829000	     60539	8000acca	5a7d	c.li	x20,-1	 x20=0xffffffff
     1213029000	     60549	8000accc	02403a33	mulhu	x20,x0,x4	  x0:0x00000000  x4:0x5a64b142 x20=0x00000000
     1213049000	     60550	8000acd0	0001	c.addi	x0,0	  x0:0x00000000  x0=0x00000000
     1213069000	     60551	8000acd2	a05b2b13	slti	x22,x22,-1531	 x22:0xfeba39d7 x22=0x00000001
     1213089000	     60552	8000acd6	8a2d	c.andi	x12,11	 x12:0x00000000 x12=0x00000000
     1213129000	     60554	8000acd8	c815	c.beqz	x8,8000ad0c	  x8:0xfffffff5
     1213149000	     60555	8000acda	8e99	c.sub	x13,x14	 x13:0x00000000 x14:0x00000172 x13=0xfffffe8e
     1213369000	     60566	8000acdc	03238d33	mul	x26,x7,x18	  x7:0x00000000 x18:0xfeba39d8 x26=0x00000000
     1213789000	     60587	8000ace0	00109933	sll	x18,x1,x1	  x1:0x5a64b000  x1:0x5a64b000 x18=0x5a64b000
     1213809000	     60588	8000ace4	01743c33	sltu	x24,x8,x23	  x8:0xfffffff5 x23:0x00000000 x24=0x00000000
     1213829000	     60589	8000ace8	922a	c.add	x4,x10	  x4:0x5a64b142 x10:0x000000ff  x4=0x5a64b241
     1213849000	     60590	8000acea	c321	c.beqz	x14,8000ad2a	 x14:0x00000172
     1213869000	     60591	8000acec	40705c13	srai	x24,x0,0x7	  x0:0x00000000 x24=0x00000000
     1213889000	     60592	8000acf0	0159b033	sltu	x0,x19,x21	 x19:0x40000000 x21:0x00000001  x0=0x00000000
     1213909000	     60593	8000acf4	018ae963	bltu	x21,x24,8000ad06	 x21:0x00000001 x24:0x00000000
     1213989000	     60597	8000acf8	ad324d93	xori	x27,x4,-1325	  x4:0x5a64b241 x27=0xa59b4892
     1214249000	     60610	8000acfc	01b8a7b3	slt	x15,x17,x27	 x17:0x00000000 x27:0xa59b4892 x15=0x00000000
     1214269000	     60611	8000ad00	0000100f	fence.i	
     1214549000	     60625	8000ad04	e395	c.bnez	x15,8000ad28	 x15:0x00000000
     1214969000	     60646	8000ad06	0000100f	fence.i	
     1216729000	     60734	8000ad0a	0001	c.addi	x0,0	  x0:0x00000000  x0=0x00000000
     1216749000	     60735	8000ad0c	01ea1a63	bne	x20,x30,8000ad20	 x20:0x00000000 x30:0x00000001
     1217409000	     60768	8000ad20	00db26b3	slt	x13,x22,x13	 x22:0x00000001 x13:0xfffffe8e x13=0x00000000
     1217589000	     60777	8000ad24	962e	c.add	x12,x11	 x12:0x00000000 x11:0x80021e58 x12=0x80021e58
     1217609000	     60778	8000ad26	0001	c.addi	x0,0	  x0:0x00000000  x0=0x00000000
     1217649000	     60780	8000ad28	8851	c.andi	x8,20	  x8:0xfffffff5  x8=0x00000014
     1217669000	     60781	8000ad2a	7164ba93	sltiu	x21,x9,1814	  x9:0x00000000 x21=0x00000001
     1217689000	     60782	8000ad2e	0375ee63	bltu	x11,x23,8000ad6a	 x11:0x80021e58 x23:0x00000000
     1217709000	     60783	8000ad32	7d668213	addi	x4,x13,2006	 x13:0x00000000  x4=0x000007d6
     1217729000	     60784	8000ad36	82e6	c.mv	x5,x25	  x0:0x00000000 x25:0x00000001  x5=0x00000001
     1218469000	     60821	8000ad38	02a6dc33	divu	x24,x13,x10	 x13:0x00000000 x10:0x000000ff x24=0x00000000
     1218509000	     60823	8000ad3c	02fefc33	remu	x24,x29,x15	 x29:0xffffffff x15:0x00000000 x24=0xffffffff
     1218529000	     60824	8000ad40	0a90	c.addi4spn	x12,x2,336	 x12=0x00000296
     1218549000	     60825	8000ad42	057e	c.slli	x10,0x1f	 x10:0x000000ff x10=0x80000000
     1218569000	     60826	8000ad44	8fc2ce93	xori	x29,x5,-1796	  x5:0x00000001 x29=0xfffff8fd
     1218589000	     60827	8000ad48	01d8e8b3	or	x17,x17,x29	 x17:0x00000000 x29:0xfffff8fd x17=0xfffff8fd
     1218609000	     60828	8000ad4c	0000100f	fence.i	
     1218969000	     60846	8000ad50	1a84	c.addi4spn	x9,x2,368	  x9=0x000002b6
     1218989000	     60847	8000ad52	40a80a33	sub	x20,x16,x10	 x16:0xfeba39d8 x10:0x80000000 x20=0x7eba39d8
     1219009000	     60848	8000ad56	c215	c.beqz	x12,8000ad7a	 x12:0x00000296
     1219149000	     60855	8000ad58	8446	c.mv	x8,x17	  x0:0x00000000 x17:0xfffff8fd  x8=0xfffff8fd
     1220009000	     60898	8000ad5a	038bf4b3	remu	x9,x23,x24	 x23:0x00000000 x24:0xffffffff  x9=0x00000000
     1220029000	     60899	8000ad5e	8d79	c.and	x10,x14	 x10:0x80000000 x14:0x00000172 x10=0x00000000
     1220049000	     60900	8000ad60	0916	c.slli	x18,0x5	 x18:0x5a64b000 x18=0x4c960000
     1220069000	     60901	8000ad62	1a6a3713	sltiu	x14,x20,422	 x20:0x7eba39d8 x14=0x00000000
     1220089000	     60902	8000ad66	0985	c.addi	x19,1	 x19:0x40000000 x19=0x40000001
     1220109000	     60903	8000ad68	4691	c.li	x13,4	 x13=0x00000004
     1220129000	     60904	8000ad6a	01c18b63	beq	x3,x28,8000ad80	  x3:0x00000000 x28:0x00000400
     1220149000	     60905	8000ad6e	6831	c.lui	x16,0xc	 x16=0x0000c000
     1220169000	     60906	8000ad70	03b14963	blt	x2,x27,8000ada2	  x2:0x00000146 x27:0xa59b4892
     1220189000	     60907	8000ad74	6159	c.addi16sp	x2,400	  x2:0x00000146  x2=0x000002d6
     1220249000	     60910	8000ad76	02450eb3	mul	x29,x10,x4	 x10:0x00000000  x4:0x000007d6 x29=0x00000000
     1220269000	     60911	8000ad7a	8d5d	c.or	x10,x15	 x10:0x00000000 x15:0x00000000 x10=0x00000000
     1220349000	     60915	8000ad7c	40615e13	srai	x28,x2,0x6	  x2:0x000002d6 x28=0x0000000b
     1220629000	     60929	8000ad80	0019c9b3	xor	x19,x19,x1	 x19:0x40000001  x1:0x5a64b000 x19=0x1a64b001
     1220729000	     60934	8000ad84	002b4963	blt	x22,x2,8000ad96	 x22:0x00000001  x2:0x000002d6
     1221429000	     60969	8000ad96	03f22d33	mulhsu	x26,x4,x31	  x4:0x000007d6 x31:0x80025ce4 x26=0x000003eb
     1221449000	     60970	8000ad9a	412b84b3	sub	x9,x23,x18	 x23:0x00000000 x18:0x4c960000  x9=0xb36a0000
     1221709000	     60983	8000ad9e	bbdcfc93	andi	x25,x25,-1091	 x25:0x00000001 x25=0x00000001
     1221729000	     60984	8000ada2	00775413	srli	x8,x14,0x7	 x14:0x00000000  x8=0x00000000
     1221749000	     60985	8000ada6	0001	c.addi	x0,0	  x0:0x00000000  x0=0x00000000
     1222149000	     61005	8000ada8	002b42b3	xor	x5,x22,x2	 x22:0x00000001  x2:0x000002d6  x5=0x000002d7
     1222349000	     61015	8000adac	6d8d	c.lui	x27,0x3	 x27=0x00003000
     1222369000	     61016	8000adae	8e39	c.xor	x12,x14	 x12:0x00000296 x14:0x00000000 x12=0x00000296
     1223109000	     61053	8000adb0	03c854b3	divu	x9,x16,x28	 x16:0x0000c000 x28:0x0000000b  x9=0x00001174
     1223849000	     61090	8000adb4	033cc433	div	x8,x25,x19	 x25:0x00000001 x19:0x1a64b001  x8=0x00000000
     1223869000	     61091	8000adb8	0097f3b3	and	x7,x15,x9	 x15:0x00000000  x9:0x00001174  x7=0x00000000
     1223889000	     61092	8000adbc	0d99	c.addi	x27,6	 x27:0x00003000 x27=0x00003006
     1223909000	     61093	8000adbe	0000100f	fence.i	
     1224009000	     61098	8000adc2	0127ba33	sltu	x20,x15,x18	 x15:0x00000000 x18:0x4c960000 x20=0x00000001
     1224029000	     61099	8000adc6	987d	c.andi	x8,-1	  x8:0x00000000  x8=0x00000000
     1224369000	     61116	8000adc8	8b41	c.andi	x14,16	 x14:0x00000000 x14=0x00000000
     1224389000	     61117	8000adca	01c138b3	sltu	x17,x2,x28	  x2:0x000002d6 x28:0x0000000b x17=0x00000000
     1224409000	     61118	8000adce	ea99	c.bnez	x13,8000ade4	 x13:0x00000004
     1224969000	     61146	8000ade4	4165dd93	srai	x27,x11,0x16	 x11:0x80021e58 x27=0xfffffe00
     1224989000	     61147	8000ade8	01f27a63	bgeu	x4,x31,8000adfc	  x4:0x000007d6 x31:0x80025ce4
     1225009000	     61148	8000adec	40d75033	sra	x0,x14,x13	 x14:0x00000000 x13:0x00000004  x0=0x00000000
     1225069000	     61151	8000adf0	0012c2b3	xor	x5,x5,x1	  x5:0x000002d7  x1:0x5a64b000  x5=0x5a64b2d7
     1225269000	     61161	8000adf4	40c15233	sra	x4,x2,x12	  x2:0x000002d6 x12:0x00000296  x4=0x00000000
     1225289000	     61162	8000adf8	9afe	c.add	x21,x31	 x21:0x00000001 x31:0x80025ce4 x21=0x80025ce5
     1225309000	     61163	8000adfa	8635	c.srai	x12,0xd	 x12:0x00000296 x12=0x00000000
     1225429000	     61169	8000adfc	00727f63	bgeu	x4,x7,8000ae1a	  x4:0x00000000  x7:0x00000000
     1226149000	     61205	8000ae1a	6a61	c.lui	x20,0x18	 x20=0x00018000
     1226309000	     61213	8000ae1c	d2c20993	addi	x19,x4,-724	  x4:0x00000000 x19=0xfffffd2c
     1226329000	     61214	8000ae20	01336cb3	or	x25,x6,x19	  x6:0x00000000 x19:0xfffffd2c x25=0xfffffd2c
     1226369000	     61216	8000ae24	1a7d	c.addi	x20,-1	 x20:0x00018000 x20=0x00017fff
     1226389000	     61217	8000ae26	01aa	c.slli	x3,0xa	  x3:0x00000000  x3=0x00000000
     1226429000	     61219	8000ae28	0316b133	mulhu	x2,x13,x17	 x13:0x00000004 x17:0x00000000  x2=0x00000000
     1226449000	     61220	8000ae2c	013c7633	and	x12,x24,x19	 x24:0xffffffff x19:0xfffffd2c x12=0xfffffd2c
     1226469000	     61221	8000ae30	be478213	addi	x4,x15,-1052	 x15:0x00000000  x4=0xfffffbe4
     1226489000	     61222	8000ae34	8089	c.srli	x9,0x2	  x9:0x00001174  x9=0x0000045d
     1226509000	     61223	8000ae36	c3de8293	addi	x5,x29,-963	 x29:0x00000000  x5=0xfffffc3d
     1226529000	     61224	8000ae3a	0542	c.slli	x10,0x10	 x10:0x00000000 x10=0x00000000
     1226549000	     61225	8000ae3c	013f1d33	sll	x26,x30,x19	 x30:0x00000001 x19:0xfffffd2c x26=0x00001000
     1228129000	     61304	8000ae40	b3e0ec13	ori	x24,x1,-1218	  x1:0x5a64b000 x24=0xfffffb3e
     1228149000	     61305	8000ae44	8d7d	c.and	x10,x15	 x10:0x00000000 x15:0x00000000 x10=0x00000000
     1228169000	     61306	8000ae46	8ba2	c.mv	x23,x8	  x0:0x00000000  x8:0x00000000 x23=0x00000000
     1228189000	     61307	8000ae48	a6686a13	ori	x20,x16,-1434	 x16:0x0000c000 x20=0xfffffa66
     1228209000	     61308	8000ae4c	01d9de93	srli	x29,x19,0x1d	 x19:0xfffffd2c x29=0x00000007
     1228229000	     61309	8000ae50	e024c537	lui	x10,0xe024c	 x10=0xe024c000
     1228249000	     61310	8000ae54	0f80	c.addi4spn	x8,x2,976	  x8=0x000003d0
     1228269000	     61311	8000ae56	62a46237	lui	x4,0x62a46	  x4=0x62a46000
     1228289000	     61312	8000ae5a	e49d	c.bnez	x9,8000ae88	  x9:0x0000045d
     1228689000	     61332	8000ae88	0059da63	bge	x19,x5,8000ae9c	 x19:0xfffffd2c  x5:0xfffffc3d
     1229969000	     61396	8000ae9c	02c9e033	rem	x0,x19,x12	 x19:0xfffffd2c x12:0xfffffd2c  x0=0x00000000
     1230709000	     61433	8000aea0	032341b3	div	x3,x6,x18	  x6:0x00000000 x18:0x4c960000  x3=0x00000000
     1230729000	     61434	8000aea4	9cedf613	andi	x12,x27,-1586	 x27:0xfffffe00 x12=0xfffff800
     1230749000	     61435	8000aea8	847d	c.srai	x8,0x1f	  x8:0x000003d0  x8=0x00000000
     1230769000	     61436	8000aeaa	02730733	mul	x14,x6,x7	  x6:0x00000000  x7:0x00000000 x14=0x00000000
     1230789000	     61437	8000aeae	c131	c.beqz	x10,8000aef2	 x10:0xe024c000
     1230809000	     61438	8000aeb0	b422b117	auipc	x2,0xb422b	  x2=0x34235eb0
     1231549000	     61475	8000aeb4	0357c3b3	div	x7,x15,x21	 x15:0x00000000 x21:0x80025ce5  x7=0x00000000
     1231569000	     61476	8000aeb8	0e6a	c.slli	x28,0x1a	 x28:0x0000000b x28=0x2c000000
     1231589000	     61477	8000aeba	41b25913	srai	x18,x4,0x1b	  x4:0x62a46000 x18=0x0000000c
     1231609000	     61478	8000aebe	013f5c33	srl	x24,x30,x19	 x30:0x00000001 x19:0xfffffd2c x24=0x00000000
     1231689000	     61482	8000aec2	0328e063	bltu	x17,x18,8000aee2	 x17:0x00000000 x18:0x0000000c
     1232369000	     61516	8000aee2	37932913	slti	x18,x6,889	  x6:0x00000000 x18=0x00000001
     1232389000	     61517	8000aee6	25ccc513	xori	x10,x25,604	 x25:0xfffffd2c x10=0xffffff70
     1232429000	     61519	8000aeea	02d15b63	bge	x2,x13,8000af20	  x2:0x34235eb0 x13:0x00000004
     1233469000	     61571	8000af20	00aa1f13	slli	x30,x20,0xa	 x20:0xfffffa66 x30=0xffe99800
     1233489000	     61572	8000af24	617d	c.addi16sp	x2,496	  x2:0x34235eb0  x2=0x342360a0
     1233529000	     61574	8000af26	00d05f13	srli	x30,x0,0xd	  x0:0x00000000 x30=0x00000000
     1233549000	     61575	8000af2a	24607413	andi	x8,x0,582	  x0:0x00000000  x8=0x00000000
     1233849000	     61590	8000af2e	02479a63	bne	x15,x4,8000af62	 x15:0x00000000  x4:0x62a46000
     1235209000	     61658	8000af62	00509a63	bne	x1,x5,8000af76	  x1:0x5a64b000  x5:0xfffffc3d
     1235949000	     61695	8000af76	41bf5e93	srai	x29,x30,0x1b	 x30:0x00000000 x29=0x00000000
     1235989000	     61697	8000af7a	28a60393	addi	x7,x12,650	 x12:0xfffff800  x7=0xfffffa8a
     1236029000	     61699	8000af7e	41f18933	sub	x18,x3,x31	  x3:0x00000000 x31:0x80025ce4 x18=0x7ffda31c
     1236049000	     61700	8000af82	03d98a33	mul	x20,x19,x29	 x19:0xfffffd2c x29:0x00000000 x20=0x00000000
     1236069000	     61701	8000af86	0001	c.addi	x0,0	  x0:0x00000000  x0=0x00000000
     1236129000	     61704	8000af88	0063cab3	xor	x21,x7,x6	  x7:0xfffffa8a  x6:0x00000000 x21=0xfffffa8a
     1236149000	     61705	8000af8c	01112e33	slt	x28,x2,x17	  x2:0x342360a0 x17:0x00000000 x28=0x00000000
     1236169000	     61706	8000af90	40745e33	sra	x28,x8,x7	  x8:0x00000000  x7:0xfffffa8a x28=0x00000000
     1236469000	     61721	8000af94	01ec7933	and	x18,x24,x30	 x24:0x00000000 x30:0x00000000 x18=0x00000000
     1236489000	     61722	8000af98	e6882413	slti	x8,x16,-408	 x16:0x0000c000  x8=0x00000000
     1236509000	     61723	8000af9c	a3fea6b7	lui	x13,0xa3fea	 x13=0xa3fea000
     1236529000	     61724	8000afa0	0b31	c.addi	x22,12	 x22:0x00000001 x22=0x0000000d
     1236549000	     61725	8000afa2	0c00	c.addi4spn	x8,x2,528	  x8=0x342362b0
     1236949000	     61745	8000afa4	009cdab3	srl	x21,x25,x9	 x25:0xfffffd2c  x9:0x0000045d x21=0x00000007
     1237109000	     61753	8000afa8	4c1b4893	xori	x17,x22,1217	 x22:0x0000000d x17=0x000004cc
     1237129000	     61754	8000afac	c0b1	c.beqz	x9,8000aff0	  x9:0x0000045d
     1237549000	     61775	8000afae	01273933	sltu	x18,x14,x18	 x14:0x00000000 x18:0x00000000 x18=0x00000000
     1237649000	     61780	8000afb2	016f0f63	beq	x30,x22,8000afd0	 x30:0x00000000 x22:0x0000000d
     1237669000	     61781	8000afb6	9a7d	c.andi	x12,-1	 x12:0xfffff800 x12=0xfffff800
     1237689000	     61782	8000afb8	003d7133	and	x2,x26,x3	 x26:0x00001000  x3:0x00000000  x2=0x00000000
     1237849000	     61790	8000afbc	054f6063	bltu	x30,x20,8000affc	 x30:0x00000000 x20:0x00000000
     1237989000	     61797	8000afc0	41de8133	sub	x2,x29,x29	 x29:0x00000000 x29:0x00000000  x2=0x00000000
     1238889000	     61842	8000afc4	03ad6433	rem	x8,x26,x26	 x26:0x00001000 x26:0x00001000  x8=0x00000000
     1238909000	     61843	8000afc8	010c6033	or	x0,x24,x16	 x24:0x00000000 x16:0x0000c000  x0=0x00000000
     1238929000	     61844	8000afcc	8f49	c.or	x14,x10	 x14:0x00000000 x10:0xffffff70 x14=0xffffff70
     1238949000	     61845	8000afce	8eb2	c.mv	x29,x12	  x0:0x00000000 x12:0xfffff800 x29=0xfffff800
     1238969000	     61846	8000afd0	5e7d	c.li	x28,-1	 x28=0xffffffff
     1238989000	     61847	8000afd2	237bfa93	andi	x21,x23,567	 x23:0x00000000 x21=0x00000000
     1239009000	     61848	8000afd6	cd15	c.beqz	x10,8000b012	 x10:0xffffff70
     1239029000	     61849	8000afd8	0098e8b3	or	x17,x17,x9	 x17:0x000004cc  x9:0x0000045d x17=0x000004dd
     1239109000	     61853	8000afdc	404d0db3	sub	x27,x26,x4	 x26:0x00001000  x4:0x62a46000 x27=0x9d5bb000
     1239129000	     61854	8000afe0	001d2633	slt	x12,x26,x1	 x26:0x00001000  x1:0x5a64b000 x12=0x00000001
     1239149000	     61855	8000afe4	0ff0000f	fence	iorw,iorw	
     1239249000	     61860	8000afe8	00768f33	add	x30,x13,x7	 x13:0xa3fea000  x7:0xfffffa8a x30=0xa3fe9a8a
     1239449000	     61870	8000afec	016f5033	srl	x0,x30,x22	 x30:0xa3fe9a8a x22:0x0000000d  x0=0x00000000
     1239869000	     61891	8000aff0	40e25ab3	sra	x21,x4,x14	  x4:0x62a46000 x14:0xffffff70 x21=0x000062a4
     1239889000	     61892	8000aff4	0ff0000f	fence	iorw,iorw	
     1239909000	     61893	8000aff8	4e99	c.li	x29,6	 x29=0x00000006
     1239929000	     61894	8000affa	997d	c.andi	x10,-1	 x10:0xffffff70 x10=0xffffff70
     1239949000	     61895	8000affc	01e25363	bge	x4,x30,8000b002	  x4:0x62a46000 x30:0xa3fe9a8a
     1241329000	     61964	8000b002	38868c37	lui	x24,0x38868	 x24=0x38868000
     1241469000	     61971	8000b006	01d36633	or	x12,x6,x29	  x6:0x00000000 x29:0x00000006 x12=0x00000006
     1241489000	     61972	8000b00a	00bc1933	sll	x18,x24,x11	 x24:0x38868000 x11:0x80021e58 x18=0x00000000
     1241509000	     61973	8000b00e	c230eb13	ori	x22,x1,-989	  x1:0x5a64b000 x22=0xfffffc23
     1241529000	     61974	8000b012	c6a68213	addi	x4,x13,-918	 x13:0xa3fea000  x4=0xa3fe9c6a
     1241569000	     61976	8000b016	026a50b3	divu	x1,x20,x6	 x20:0x00000000  x6:0x00000000  x1=0xffffffff
     1241969000	     61996	8000b01a	02b0c963	blt	x1,x11,8000b04c	  x1:0xffffffff x11:0x80021e58
     1241989000	     61997	8000b01e	03cb0bb3	mul	x23,x22,x28	 x22:0xfffffc23 x28:0xffffffff x23=0x000003dd
     1242189000	     62007	8000b022	04449263	bne	x9,x4,8000b066	  x9:0x0000045d  x4:0xa3fe9c6a
     1242749000	     62035	8000b066	c919	c.beqz	x10,8000b07c	 x10:0xffffff70
     1242889000	     62042	8000b068	0021fc63	bgeu	x3,x2,8000b080	  x3:0x00000000  x2:0x00000000
     1243409000	     62068	8000b080	0996	c.slli	x19,0x5	 x19:0xfffffd2c x19=0xffffa580
     1243429000	     62069	8000b082	0001	c.addi	x0,0	  x0:0x00000000  x0=0x00000000
     1243829000	     62089	8000b084	026f7263	bgeu	x30,x6,8000b0a8	 x30:0xa3fe9a8a  x6:0x00000000
     1244629000	     62129	8000b0a8	0001	c.addi	x0,0	  x0:0x00000000  x0=0x00000000
     1244729000	     62134	8000b0aa	03541733	mulh	x14,x8,x21	  x8:0x00000000 x21:0x000062a4 x14=0x00000000
     1244889000	     62142	8000b0ae	02aa21b3	mulhsu	x3,x20,x10	 x20:0x00000000 x10:0xffffff70  x3=0x00000000
     1245009000	     62148	8000b0b2	01cc76b3	and	x13,x24,x28	 x24:0x38868000 x28:0xffffffff x13=0x38868000
     1245369000	     62166	8000b0b6	00c7b1b3	sltu	x3,x15,x12	 x15:0x00000000 x12:0x00000006  x3=0x00000001
     1245789000	     62187	8000b0ba	0ff0000f	fence	iorw,iorw	
     1245809000	     62188	8000b0be	8e11	c.sub	x12,x12	 x12:0x00000006 x12:0x00000006 x12=0x00000000
     1245829000	     62189	8000b0c0	d5116993	ori	x19,x2,-687	  x2:0x00000000 x19=0xfffffd51
     1246229000	     62209	8000b0c4	035d4663	blt	x26,x21,8000b0f0	 x26:0x00001000 x21:0x000062a4
     1247249000	     62260	8000b0f0	0001	c.addi	x0,0	  x0:0x00000000  x0=0x00000000
     1247269000	     62261	8000b0f2	de46b793	sltiu	x15,x13,-540	 x13:0x38868000 x15=0x00000001
     1247289000	     62262	8000b0f6	43d1	c.li	x7,20	  x7=0x00000014
     1247309000	     62263	8000b0f8	002b6933	or	x18,x22,x2	 x22:0xfffffc23  x2:0x00000000 x18=0xfffffc23
     1247549000	     62275	8000b0fc	4c200213	addi	x4,x0,1218	  x0:0x00000000  x4=0x000004c2
     1247969000	     62296	8000b100	8a9d	c.andi	x13,7	 x13:0x38868000 x13=0x00000000
     1247989000	     62297	8000b102	6ea1	c.lui	x29,0x8	 x29=0x00008000
     1248009000	     62298	8000b104	40b9ddb3	sra	x27,x19,x11	 x19:0xfffffd51 x11:0x80021e58 x27=0xffffffff
     1248029000	     62299	8000b108	02f57163	bgeu	x10,x15,8000b12a	 x10:0xffffff70 x15:0x00000001
     1274729000	     63634	8000b12a	0001	c.addi	x0,0	  x0:0x00000000  x0=0x00000000
     1274749000	     63635	8000b12c	006dae33	slt	x28,x27,x6	 x27:0xffffffff  x6:0x00000000 x28=0x00000001
     1274769000	     63636	8000b130	0001	c.addi	x0,0	  x0:0x00000000  x0=0x00000000
     1274789000	     63637	8000b132	98fd	c.andi	x9,-1	  x9:0x0000045d  x9=0x0000045d
     1274809000	     63638	8000b134	9a8e	c.add	x21,x3	 x21:0x000062a4  x3:0x00000001 x21=0x000062a5
     1274829000	     63639	8000b136	80e9	c.srli	x9,0x1a	  x9:0x0000045d  x9=0x00000000
     1274849000	     63640	8000b138	4839	c.li	x16,14	 x16=0x0000000e
     1274869000	     63641	8000b13a	12fbf813	andi	x16,x23,303	 x23:0x000003dd x16=0x0000010d
     1274889000	     63642	8000b13e	6905	c.lui	x18,0x1	 x18=0x00001000
     1274909000	     63643	8000b140	1e04	c.addi4spn	x9,x2,816	  x9=0x00000330
     1275269000	     63661	8000b142	004681b3	add	x3,x13,x4	 x13:0x00000000  x4:0x000004c2  x3=0x000004c2
     1275289000	     63662	8000b146	9a12	c.add	x20,x4	 x20:0x00000000  x4:0x000004c2 x20=0x000004c2
     1275309000	     63663	8000b148	58fd	c.li	x17,-1	 x17=0xffffffff
     1275329000	     63664	8000b14a	00804b63	blt	x0,x8,8000b160	  x0:0x00000000  x8:0x00000000
     1276449000	     63720	8000b14e	03ef44b3	div	x9,x30,x30	 x30:0xa3fe9a8a x30:0xa3fe9a8a  x9=0x00000001
     1276489000	     63722	8000b152	02e7d8b3	divu	x17,x15,x14	 x15:0x00000001 x14:0x00000000 x17=0xffffffff
     1276529000	     63724	8000b156	02e86833	rem	x16,x16,x14	 x16:0x0000010d x14:0x00000000 x16=0x0000010d
     1276549000	     63725	8000b15a	1598	c.addi4spn	x14,x2,736	 x14=0x000002e0
     1276569000	     63726	8000b15c	00a84133	xor	x2,x16,x10	 x16:0x0000010d x10:0xffffff70  x2=0xfffffe7d
     1276589000	     63727	8000b160	0000100f	fence.i	
     1277069000	     63751	8000b164	01819f33	sll	x30,x3,x24	  x3:0x000004c2 x24:0x38868000 x30=0x000004c2
     1277389000	     63767	8000b168	9792	c.add	x15,x4	 x15:0x00000001  x4:0x000004c2 x15=0x000004c3
     1277589000	     63777	8000b16a	e9ef4f13	xori	x30,x30,-354	 x30:0x000004c2 x30=0xfffffa5c
     1278029000	     63799	8000b16e	0268ff33	remu	x30,x17,x6	 x17:0xffffffff  x6:0x00000000 x30=0xffffffff
     1278049000	     63800	8000b172	8b39	c.andi	x14,14	 x14:0x000002e0 x14=0x00000000
     1278429000	     63819	8000b174	75c78293	addi	x5,x15,1884	 x15:0x000004c3  x5=0x00000c1f
     1278449000	     63820	8000b178	3860c413	xori	x8,x1,902	  x1:0xffffffff  x8=0xfffffc79
     1278509000	     63823	8000b17c	40af5c93	srai	x25,x30,0xa	 x30:0xffffffff x25=0xffffffff
     1278529000	     63824	8000b180	01dddbb3	srl	x23,x27,x29	 x27:0xffffffff x29:0x00008000 x23=0xffffffff
     1278549000	     63825	8000b184	019482b3	add	x5,x9,x25	  x9:0x00000001 x25:0xffffffff  x5=0x00000000
     1278569000	     63826	8000b188	0ff0000f	fence	iorw,iorw	
     1278989000	     63847	8000b18c	0001	c.addi	x0,0	  x0:0x00000000  x0=0x00000000
     1279149000	     63855	8000b18e	005b4963	blt	x22,x5,8000b1a0	 x22:0xfffffc23  x5:0x00000000
     1280849000	     63940	8000b1a0	023ee9b3	rem	x19,x29,x3	 x29:0x00008000  x3:0x000004c2 x19=0x0000044c
     1280869000	     63941	8000b1a4	0198d6b3	srl	x13,x17,x25	 x17:0xffffffff x25:0xffffffff x13=0x00000001
     1280889000	     63942	8000b1a8	c919	c.beqz	x10,8000b1be	 x10:0xffffff70
     1280929000	     63944	8000b1aa	0335adb3	mulhsu	x27,x11,x19	 x11:0x80021e58 x19:0x0000044c x27=0xfffffdda
     1280949000	     63945	8000b1ae	006ef7b3	and	x15,x29,x6	 x29:0x00008000  x6:0x00000000 x15=0x00000000
     1280969000	     63946	8000b1b2	01b65f33	srl	x30,x12,x27	 x12:0x00000000 x27:0xfffffdda x30=0x00000000
     1281349000	     63965	8000b1b6	01f65a93	srli	x21,x12,0x1f	 x12:0x00000000 x21=0x00000000
     1281389000	     63967	8000b1ba	0393ba33	mulhu	x20,x7,x25	  x7:0x00000014 x25:0xffffffff x20=0x00000013
     1281409000	     63968	8000b1be	0c881037	lui	x0,0xc881	  x0=0x00000000
     1281449000	     63970	8000b1c2	02fa9233	mulh	x4,x21,x15	 x21:0x00000000 x15:0x00000000  x4=0x00000000
     1281469000	     63971	8000b1c6	8c19	c.sub	x8,x14	  x8:0xfffffc79 x14:0x00000000  x8=0xfffffc79
     1281489000	     63972	8000b1c8	00808633	add	x12,x1,x8	  x1:0xffffffff  x8:0xfffffc79 x12=0xfffffc78
     1281509000	     63973	8000b1cc	0041f9b3	and	x19,x3,x4	  x3:0x000004c2  x4:0x00000000 x19=0x00000000
     1281529000	     63974	8000b1d0	017a2cb3	slt	x25,x20,x23	 x20:0x00000013 x23:0xffffffff x25=0x00000000
     1281549000	     63975	8000b1d4	41835233	sra	x4,x6,x24	  x6:0x00000000 x24:0x38868000  x4=0x00000000
     1282429000	     64019	8000b1d8	03f2ecb3	rem	x25,x5,x31	  x5:0x00000000 x31:0x80025ce4 x25=0x00000000
     1282449000	     64020	8000b1dc	4701	c.li	x14,0	 x14=0x00000000
     1282469000	     64021	8000b1de	03788863	beq	x17,x23,8000b20e	 x17:0xffffffff x23:0xffffffff
     1282649000	     64030	8000b20e	02a8b4b3	mulhu	x9,x17,x10	 x17:0xffffffff x10:0xffffff70  x9=0xffffff6f
     1282669000	     64031	8000b212	4c15e893	ori	x17,x11,1217	 x11:0x80021e58 x17=0x80021ed9
     1282689000	     64032	8000b216	01548633	add	x12,x9,x21	  x9:0xffffff6f x21:0x00000000 x12=0xffffff6f
     1282709000	     64033	8000b21a	879d	c.srai	x15,0x7	 x15:0x00000000 x15=0x00000000
     1283129000	     64054	8000b21c	cc01	c.beqz	x8,8000b234	  x8:0xfffffc79
     1283149000	     64055	8000b21e	8749	c.srai	x14,0x12	 x14:0x00000000 x14=0x00000000
     1283169000	     64056	8000b220	6b8f6e37	lui	x28,0x6b8f6	 x28=0x6b8f6000
     1283509000	     64073	8000b224	8e29	c.xor	x12,x10	 x12:0xffffff6f x10:0xffffff70 x12=0x0000001f
     1283549000	     64075	8000b226	003ed293	srli	x5,x29,0x3	 x29:0x00008000  x5=0x00001000
     1283909000	     64093	8000b22a	31e139b7	lui	x19,0x31e13	 x19=0x31e13000
     1283929000	     64094	8000b22e	82bd	c.srli	x13,0xf	 x13:0x00000001 x13=0x00000000
     1283949000	     64095	8000b230	04fd	c.addi	x9,31	  x9:0xffffff6f  x9=0xffffff8e
     1283969000	     64096	8000b232	98fd	c.andi	x9,-1	  x9:0xffffff8e  x9=0xffffff8e
     1283989000	     64097	8000b234	02c51b63	bne	x10,x12,8000b26a	 x10:0xffffff70 x12:0x0000001f
     1284849000	     64140	8000b26a	127d	c.addi	x4,-1	  x4:0x00000000  x4=0xffffffff
     1285049000	     64150	8000b26c	8e0d	c.sub	x12,x11	 x12:0x0000001f x11:0x80021e58 x12=0x7ffde1c7
     1285069000	     64151	8000b26e	9246	c.add	x4,x17	  x4:0xffffffff x17:0x80021ed9  x4=0x80021ed8
     1285089000	     64152	8000b270	0309e663	bltu	x19,x16,8000b29c	 x19:0x31e13000 x16:0x0000010d
     1285109000	     64153	8000b274	d9b37c93	andi	x25,x6,-613	  x6:0x00000000 x25=0x00000000
     1285289000	     64162	8000b278	0e8d	c.addi	x29,3	 x29:0x00008000 x29=0x00008003
     1285309000	     64163	8000b27a	0001	c.addi	x0,0	  x0:0x00000000  x0=0x00000000
     1285369000	     64166	8000b27c	8cc1	c.or	x9,x8	  x9:0xffffff8e  x8:0xfffffc79  x9=0xffffffff
     1285749000	     64185	8000b27e	410ad133	sra	x2,x21,x16	 x21:0x00000000 x16:0x0000010d  x2=0x00000000
     1285769000	     64186	8000b282	0ff0000f	fence	iorw,iorw	
     1285789000	     64187	8000b286	597d	c.li	x18,-1	 x18=0xffffffff
     1285809000	     64188	8000b288	049e	c.slli	x9,0x7	  x9:0xffffffff  x9=0xffffff80
     1285969000	     64196	8000b28a	038c8e33	mul	x28,x25,x24	 x25:0x00000000 x24:0x38868000 x28=0x00000000
     1285989000	     64197	8000b28e	f1dfaf13	slti	x30,x31,-227	 x31:0x80025ce4 x30=0x00000001
     1286009000	     64198	8000b292	0b9e	c.slli	x23,0x7	 x23:0xffffffff x23=0xffffff80
     1286049000	     64200	8000b294	027f1cb3	mulh	x25,x30,x7	 x30:0x00000001  x7:0x00000014 x25=0x00000000
     1286069000	     64201	8000b298	00591463	bne	x18,x5,8000b2a0	 x18:0xffffffff  x5:0x00001000
     1286829000	     64239	8000b2a0	41bc5993	srai	x19,x24,0x1b	 x24:0x38868000 x19=0x00000007
     1287249000	     64260	8000b2a4	01b82533	slt	x10,x16,x27	 x16:0x0000010d x27:0xfffffdda x10=0x00000000
     1287269000	     64261	8000b2a8	6175	c.addi16sp	x2,368	  x2:0x00000000  x2=0x00000170
     1287489000	     64272	8000b2aa	03910633	mul	x12,x2,x25	  x2:0x00000170 x25:0x00000000 x12=0x00000000
     1287509000	     64273	8000b2ae	27b0bd97	auipc	x27,0x27b0b	 x27=0xa7b162ae
     1287929000	     64294	8000b2b2	01eb8f63	beq	x23,x30,8000b2d0	 x23:0xffffff80 x30:0x00000001
     1288229000	     64309	8000b2b6	01d0e863	bltu	x1,x29,8000b2c6	  x1:0xffffffff x29:0x00008003
     1288249000	     64310	8000b2ba	0001	c.addi	x0,0	  x0:0x00000000  x0=0x00000000
     1289369000	     64366	8000b2bc	03d5dc33	divu	x24,x11,x29	 x11:0x80021e58 x29:0x00008003 x24=0x0000fffe
     1289389000	     64367	8000b2c0	01f31093	slli	x1,x6,0x1f	  x6:0x00000000  x1=0x00000000
     1289409000	     64368	8000b2c4	0962	c.slli	x18,0x18	 x18:0xffffffff x18=0xff000000
     1289429000	     64369	8000b2c6	bf243113	sltiu	x2,x8,-1038	  x8:0xfffffc79  x2=0x00000000
     1289449000	     64370	8000b2ca	6d79	c.lui	x26,0x1e	 x26=0x0001e000
     1289469000	     64371	8000b2cc	b2f86293	ori	x5,x16,-1233	 x16:0x0000010d  x5=0xfffffb2f
     1289489000	     64372	8000b2d0	018819b3	sll	x19,x16,x24	 x16:0x0000010d x24:0x0000fffe x19=0x40000000
     1289509000	     64373	8000b2d4	03adde63	bge	x27,x26,8000b310	 x27:0xa7b162ae x26:0x0001e000
     1289549000	     64375	8000b2d8	e785	c.bnez	x15,8000b300	 x15:0x00000000
     1289969000	     64396	8000b2da	004502b3	add	x5,x10,x4	 x10:0x00000000  x4:0x80021ed8  x5=0x80021ed8
     1289989000	     64397	8000b2de	0000100f	fence.i	
     1290869000	     64441	8000b2e2	01169133	sll	x2,x13,x17	 x13:0x00000000 x17:0x80021ed9  x2=0x00000000
     1291029000	     64449	8000b2e6	4df1b993	sltiu	x19,x3,1247	  x3:0x000004c2 x19=0x00000001
     1291449000	     64470	8000b2ea	01c5f6b3	and	x13,x11,x28	 x11:0x80021e58 x28:0x00000000 x13=0x00000000
     1291469000	     64471	8000b2ee	00b49f33	sll	x30,x9,x11	  x9:0xffffff80 x11:0x80021e58 x30=0x80000000
     1291489000	     64472	8000b2f2	83ed	c.srli	x15,0x1b	 x15:0x00000000 x15=0x00000000
     1291549000	     64475	8000b2f4	00da1463	bne	x20,x13,8000b2fc	 x20:0x00000013 x13:0x00000000
     1291809000	     64488	8000b2fc	0af6	c.slli	x21,0x1d	 x21:0x00000000 x21=0x00000000
     1291829000	     64489	8000b2fe	8786	c.mv	x15,x1	  x0:0x00000000  x1:0x00000000 x15=0x00000000
     1291929000	     64494	8000b300	04857563	bgeu	x10,x8,8000b34a	 x10:0x00000000  x8:0xfffffc79
     1291949000	     64495	8000b304	02dc8233	mul	x4,x25,x13	 x25:0x00000000 x13:0x00000000  x4=0x00000000
     1291969000	     64496	8000b308	40b85f13	srai	x30,x16,0xb	 x16:0x0000010d x30=0x00000000
     1292009000	     64498	8000b30c	031c3c33	mulhu	x24,x24,x17	 x24:0x0000fffe x17:0x80021ed9 x24=0x00008001
     1292029000	     64499	8000b310	89a3d1b7	lui	x3,0x89a3d	  x3=0x89a3d000
     1292129000	     64504	8000b314	0298bc33	mulhu	x24,x17,x9	 x17:0x80021ed9  x9:0xffffff80 x24=0x80021e98
     1292369000	     64516	8000b318	136af693	andi	x13,x21,310	 x21:0x00000000 x13=0x00000000
     1292389000	     64517	8000b31c	000c7433	and	x8,x24,x0	 x24:0x80021e98  x0:0x00000000  x8=0x00000000
     1292409000	     64518	8000b320	0000100f	fence.i	
     1293329000	     64564	8000b324	03237bb3	remu	x23,x6,x18	  x6:0x00000000 x18:0xff000000 x23=0x00000000
     1293349000	     64565	8000b328	0247f763	bgeu	x15,x4,8000b356	 x15:0x00000000  x4:0x00000000
     1293609000	     64578	8000b356	0880	c.addi4spn	x8,x2,80	  x8=0x00000050
     1293629000	     64579	8000b358	03305263	bge	x0,x19,8000b37c	  x0:0x00000000 x19:0x00000001
     1293709000	     64583	8000b35c	0000100f	fence.i	
     1294189000	     64607	8000b360	03d606b3	mul	x13,x12,x29	 x12:0x00000000 x29:0x00008003 x13=0x00000000
     1294629000	     64629	8000b364	0203e933	rem	x18,x7,x0	  x7:0x00000014  x0:0x00000000 x18=0x00000014
     1294649000	     64630	8000b368	0001	c.addi	x0,0	  x0:0x00000000  x0=0x00000000
     1294669000	     64631	8000b36a	01181413	slli	x8,x16,0x11	 x16:0x0000010d  x8=0x021a0000
     1294689000	     64632	8000b36e	82dd	c.srli	x13,0x17	 x13:0x00000000 x13=0x00000000
     1294709000	     64633	8000b370	037d9f63	bne	x27,x23,8000b3ae	 x27:0xa7b162ae x23:0x00000000
     1295369000	     64666	8000b3ae	02067833	remu	x16,x12,x0	 x12:0x00000000  x0:0x00000000 x16=0x00000000
     1295449000	     64670	8000b3b2	415607b3	sub	x15,x12,x21	 x12:0x00000000 x21:0x00000000 x15=0x00000000
     1295469000	     64671	8000b3b6	652d2e93	slti	x29,x26,1618	 x26:0x0001e000 x29=0x00000000
     1295489000	     64672	8000b3ba	e109	c.bnez	x10,8000b3bc	 x10:0x00000000
     1295509000	     64673	8000b3bc	8c15	c.sub	x8,x13	  x8:0x021a0000 x13:0x00000000  x8=0x021a0000
     1295549000	     64675	8000b3be	030df533	remu	x10,x27,x16	 x27:0xa7b162ae x16:0x00000000 x10=0xa7b162ae
     1295569000	     64676	8000b3c2	2a5dff17	auipc	x30,0x2a5df	 x30=0xaa5ea3c2
     1295589000	     64677	8000b3c6	82cd	c.srli	x13,0x13	 x13:0x00000000 x13=0x00000000
     1295609000	     64678	8000b3c8	016e4cb3	xor	x25,x28,x22	 x28:0x00000000 x22:0xfffffc23 x25=0xfffffc23
     1295629000	     64679	8000b3cc	00d1dc33	srl	x24,x3,x13	  x3:0x89a3d000 x13:0x00000000 x24=0x89a3d000
     1295829000	     64689	8000b3d0	0dde	c.slli	x27,0x17	 x27:0xa7b162ae x27=0x57000000
     1296249000	     64710	8000b3d2	8a90a913	slti	x18,x1,-1879	  x1:0x00000000 x18=0x00000000
     1296509000	     64723	8000b3d6	6e4850b7	lui	x1,0x6e485	  x1=0x6e485000
     1296529000	     64724	8000b3da	0ff0000f	fence	iorw,iorw	
     1296549000	     64725	8000b3de	02754763	blt	x10,x7,8000b40c	 x10:0xa7b162ae  x7:0x00000014
     1296649000	     64730	8000b40c	01a4f7b3	and	x15,x9,x26	  x9:0xffffff80 x26:0x0001e000 x15=0x0001e000
     1296809000	     64738	8000b410	010c4233	xor	x4,x24,x16	 x24:0x89a3d000 x16:0x00000000  x4=0x89a3d000
     1296829000	     64739	8000b414	035be563	bltu	x23,x21,8000b43e	 x23:0x00000000 x21:0x00000000
     1297249000	     64760	8000b418	0001	c.addi	x0,0	  x0:0x00000000  x0=0x00000000
     1297269000	     64761	8000b41a	0001	c.addi	x0,0	  x0:0x00000000  x0=0x00000000
     1297289000	     64762	8000b41c	41885433	sra	x8,x16,x24	 x16:0x00000000 x24:0x89a3d000  x8=0x00000000
     1297309000	     64763	8000b420	0159f6b3	and	x13,x19,x21	 x19:0x00000001 x21:0x00000000 x13=0x00000000
     1297329000	     64764	8000b424	40c081b3	sub	x3,x1,x12	  x1:0x6e485000 x12:0x00000000  x3=0x6e485000
     1297729000	     64784	8000b428	9dd3b513	sltiu	x10,x7,-1571	  x7:0x00000014 x10=0x00000001
     1297749000	     64785	8000b42c	0494	c.addi4spn	x13,x2,576	 x13=0x00000240
     1297909000	     64793	8000b42e	0393a3b3	mulhsu	x7,x7,x25	  x7:0x00000014 x25:0xfffffc23  x7=0x00000013
     1297989000	     64797	8000b432	02938d33	mul	x26,x7,x9	  x7:0x00000013  x9:0xffffff80 x26=0xfffff680
     1298009000	     64798	8000b436	5b7d	c.li	x22,-1	 x22=0xffffffff
     1298069000	     64801	8000b438	8ff9	c.and	x15,x14	 x15:0x0001e000 x14:0x00000000 x15=0x00000000
     1298089000	     64802	8000b43a	0036ef33	or	x30,x13,x3	 x13:0x00000240  x3:0x6e485000 x30=0x6e485240
     1298109000	     64803	8000b43e	0308	c.addi4spn	x10,x2,384	 x10=0x00000180
     1298149000	     64805	8000b440	027414b3	mulh	x9,x8,x7	  x8:0x00000000  x7:0x00000013  x9=0x00000000
     1298169000	     64806	8000b444	414ad1b3	sra	x3,x21,x20	 x21:0x00000000 x20:0x00000013  x3=0x00000000
     1298309000	     64813	8000b448	0183c3b3	xor	x7,x7,x24	  x7:0x00000013 x24:0x89a3d000  x7=0x89a3d013
     1298449000	     64820	8000b44c	64bd	c.lui	x9,0xf	  x9=0x0000f000
     1298469000	     64821	8000b44e	6161	c.addi16sp	x2,80	  x2:0x00000000  x2=0x00000050
     1298589000	     64827	8000b450	0b32	c.slli	x22,0xc	 x22:0xffffffff x22=0xfffff000
     1298609000	     64828	8000b452	8d01	c.sub	x10,x8	 x10:0x00000180  x8:0x00000000 x10=0x00000180
     1314409000	     65618	8000b454	8406	c.mv	x8,x1	  x0:0x00000000  x1:0x6e485000  x8=0x6e485000
     1314429000	     65619	8000b456	0001	c.addi	x0,0	  x0:0x00000000  x0=0x00000000
     1314449000	     65620	8000b458	02b31f63	bne	x6,x11,8000b496	  x6:0x00000000 x11:0x80021e58
     1315289000	     65662	8000b496	b6b94713	xori	x14,x18,-1173	 x18:0x00000000 x14=0xfffffb6b
     1315309000	     65663	8000b49a	a66a4897	auipc	x17,0xa66a4	 x17=0x266af49a
     1315329000	     65664	8000b49e	0f94	c.addi4spn	x13,x2,976	 x13=0x00000420
     1315369000	     65666	8000b4a0	031c2eb3	mulhsu	x29,x24,x17	 x24:0x89a3d000 x17:0x266af49a x29=0xee3cdd9d
     1315389000	     65667	8000b4a4	a3e1c293	xori	x5,x3,-1474	  x3:0x00000000  x5=0xfffffa3e
     1315409000	     65668	8000b4a8	8a45	c.andi	x12,17	 x12:0x00000000 x12=0x00000000
     1315789000	     65687	8000b4aa	012a7633	and	x12,x20,x18	 x20:0x00000013 x18:0x00000000 x12=0x00000000
     1315889000	     65692	8000b4ae	022688b3	mul	x17,x13,x2	 x13:0x00000420  x2:0x00000050 x17=0x00014a00
     1315909000	     65693	8000b4b2	1980	c.addi4spn	x8,x2,240	  x8=0x00000140
     1315929000	     65694	8000b4b4	0009df13	srli	x30,x19,0x0	 x19:0x00000001 x30=0x00000001
     1315949000	     65695	8000b4b8	8d3d	c.xor	x10,x15	 x10:0x00000180 x15:0x00000000 x10=0x00000180
     1316689000	     65732	8000b4ba	024e4b33	div	x22,x28,x4	 x28:0x00000000  x4:0x89a3d000 x22=0x00000000
     1316709000	     65733	8000b4be	0107adb3	slt	x27,x15,x16	 x15:0x00000000 x16:0x00000000 x27=0x00000000
     1316729000	     65734	8000b4c2	010b1e93	slli	x29,x22,0x10	 x22:0x00000000 x29=0x00000000
     1316749000	     65735	8000b4c6	6825eb13	ori	x22,x11,1666	 x11:0x80021e58 x22=0x80021eda
     1316769000	     65736	8000b4ca	03f74f63	blt	x14,x31,8000b508	 x14:0xfffffb6b x31:0x80025ce4
     1316789000	     65737	8000b4ce	f1968193	addi	x3,x13,-231	 x13:0x00000420  x3=0x00000339
     1316809000	     65738	8000b4d2	019c8533	add	x10,x25,x25	 x25:0xfffffc23 x25:0xfffffc23 x10=0xfffff846
     1317129000	     65754	8000b4d6	01365793	srli	x15,x12,0x13	 x12:0x00000000 x15=0x00000000
     1317149000	     65755	8000b4da	015ad613	srli	x12,x21,0x15	 x21:0x00000000 x12=0x00000000
     1317169000	     65756	8000b4de	cb91	c.beqz	x15,8000b4f2	 x15:0x00000000
     1317529000	     65774	8000b4f2	f7d23e93	sltiu	x29,x4,-131	  x4:0x89a3d000 x29=0x00000001
     1317549000	     65775	8000b4f6	71585837	lui	x16,0x71585	 x16=0x71585000
     1317669000	     65781	8000b4fa	009d2533	slt	x10,x26,x9	 x26:0xfffff680  x9:0x0000f000 x10=0x00000001
     1317689000	     65782	8000b4fe	80ea	c.mv	x1,x26	  x0:0x00000000 x26:0xfffff680  x1=0xfffff680
     1317709000	     65783	8000b500	00028e33	add	x28,x5,x0	  x5:0xfffffa3e  x0:0x00000000 x28=0xfffffa3e
     1317729000	     65784	8000b504	01b15e63	bge	x2,x27,8000b520	  x2:0x00000050 x27:0x00000000
     1317849000	     65790	8000b520	01bb1b63	bne	x22,x27,8000b536	 x22:0x80021eda x27:0x00000000
     1318869000	     65841	8000b536	013d1963	bne	x26,x19,8000b548	 x26:0xfffff680 x19:0x00000001
     1319449000	     65870	8000b548	00f81233	sll	x4,x16,x15	 x16:0x71585000 x15:0x00000000  x4=0x71585000
     1319469000	     65871	8000b54c	410553b3	sra	x7,x10,x16	 x10:0x00000001 x16:0x71585000  x7=0x00000001
     1319489000	     65872	8000b550	01c18c63	beq	x3,x28,8000b568	  x3:0x00000339 x28:0xfffffa3e
     1319509000	     65873	8000b554	0258cb63	blt	x17,x5,8000b58a	 x17:0x00014a00  x5:0xfffffa3e
     1319529000	     65874	8000b558	014820b3	slt	x1,x16,x20	 x16:0x71585000 x20:0x00000013  x1=0x00000000
     1319629000	     65879	8000b55c	0112df33	srl	x30,x5,x17	  x5:0xfffffa3e x17:0x00014a00 x30=0xfffffa3e
     1319829000	     65889	8000b560	02d52733	mulhsu	x14,x10,x13	 x10:0x00000001 x13:0x00000420 x14=0x00000000
     1319869000	     65891	8000b564	03b9ccb3	div	x25,x19,x27	 x19:0x00000001 x27:0x00000000 x25=0xffffffff
     1319889000	     65892	8000b568	01a45993	srli	x19,x8,0x1a	  x8:0x00000140 x19=0x00000000
     1320069000	     65901	8000b56c	02b2b6b3	mulhu	x13,x5,x11	  x5:0xfffffa3e x11:0x80021e58 x13=0x80021b76
     1320109000	     65903	8000b570	ef95	c.bnez	x15,8000b5ac	 x15:0x00000000
     1320169000	     65906	8000b572	03f200b3	mul	x1,x4,x31	  x4:0x71585000 x31:0x80025ce4  x1=0x4f674000
     1320189000	     65907	8000b576	00ed2db3	slt	x27,x26,x14	 x26:0xfffff680 x14:0x00000000 x27=0x00000001
     1320209000	     65908	8000b57a	9f66	c.add	x30,x25	 x30:0xfffffa3e x25:0xffffffff x30=0xfffffa3d
     1320229000	     65909	8000b57c	5ad3c513	xori	x10,x7,1453	  x7:0x00000001 x10=0x000005ac
     1320249000	     65910	8000b580	8c3d	c.xor	x8,x15	  x8:0x00000140 x15:0x00000000  x8=0x00000140
     1320269000	     65911	8000b582	6161	c.addi16sp	x2,80	  x2:0x00000050  x2=0x000000a0
     1320569000	     65926	8000b584	01c7e533	or	x10,x15,x28	 x15:0x00000000 x28:0xfffffa3e x10=0xfffffa3e
     1320869000	     65941	8000b588	8d31	c.xor	x10,x12	 x10:0xfffffa3e x12:0x00000000 x10=0xfffffa3e
     1321609000	     65978	8000b58a	03e4ff33	remu	x30,x9,x30	  x9:0x0000f000 x30:0xfffffa3d x30=0x0000f000
     1321629000	     65979	8000b58e	00354863	blt	x10,x3,8000b59e	 x10:0xfffffa3e  x3:0x00000339
     1322149000	     66005	8000b59e	04885063	bge	x16,x8,8000b5de	 x16:0x71585000  x8:0x00000140
     1322509000	     66023	8000b5de	131c	c.addi4spn	x15,x2,416	 x15=0x00000240
     1322549000	     66025	8000b5e0	003c4733	xor	x14,x24,x3	 x24:0x89a3d000  x3:0x00000339 x14=0x89a3d339
     1322749000	     66035	8000b5e4	0001	c.addi	x0,0	  x0:0x00000000  x0=0x00000000
     1322769000	     66036	8000b5e6	017ff7b3	and	x15,x31,x23	 x31:0x80025ce4 x23:0x00000000 x15=0x00000000
     1322789000	     66037	8000b5ea	011700b3	add	x1,x14,x17	 x14:0x89a3d339 x17:0x00014a00  x1=0x89a51d39
     1322949000	     66045	8000b5ee	01de3733	sltu	x14,x28,x29	 x28:0xfffffa3e x29:0x00000001 x14=0x00000000
     1322989000	     66047	8000b5f2	676b6613	ori	x12,x22,1654	 x22:0x80021eda x12=0x80021efe
     1323089000	     66052	8000b5f6	380ed537	lui	x10,0x380ed	 x10=0x380ed000
     1323229000	     66059	8000b5fa	03ac1533	mulh	x10,x24,x26	 x24:0x89a3d000 x26:0xfffff680 x10=0x00000464
     1323249000	     66060	8000b5fe	0295	c.addi	x5,5	  x5:0xfffffa3e  x5=0xfffffa43
     1323269000	     66061	8000b600	02ae8f63	beq	x29,x10,8000b63e	 x29:0x00000001 x10:0x00000464
     1323289000	     66062	8000b604	03784f63	blt	x16,x23,8000b642	 x16:0x71585000 x23:0x00000000
     1323309000	     66063	8000b608	8c11	c.sub	x8,x12	  x8:0x00000140 x12:0x80021efe  x8=0x7ffde242
     1323329000	     66064	8000b60a	ca81	c.beqz	x13,8000b61a	 x13:0x80021b76
     1323389000	     66067	8000b60c	0672	c.slli	x12,0x1c	 x12:0x80021efe x12=0xe0000000
     1324269000	     66111	8000b60e	03c47bb3	remu	x23,x8,x28	  x8:0x7ffde242 x28:0xfffffa3e x23=0x7ffde242
     1324289000	     66112	8000b612	4cb32d37	lui	x26,0x4cb32	 x26=0x4cb32000
     1324309000	     66113	8000b616	0490	c.addi4spn	x12,x2,576	 x12=0x000002e0
     1324329000	     66114	8000b618	0a96	c.slli	x21,0x5	 x21:0x00000000 x21=0x00000000
     1324349000	     66115	8000b61a	6f59	c.lui	x30,0x16	 x30=0x00016000
     1324369000	     66116	8000b61c	ce9d	c.beqz	x13,8000b65a	 x13:0x80021b76
     1324389000	     66117	8000b61e	b4923b93	sltiu	x23,x4,-1207	  x4:0x71585000 x23=0x00000001
     1324409000	     66118	8000b622	3cb03d97	auipc	x27,0x3cb03	 x27=0xbcb0e622
     1324429000	     66119	8000b626	030e8033	mul	x0,x29,x16	 x29:0x00000001 x16:0x71585000  x0=0x00000000
     1324629000	     66129	8000b62a	0169e733	or	x14,x19,x22	 x19:0x00000000 x22:0x80021eda x14=0x80021eda
     1324649000	     66130	8000b62e	09d6	c.slli	x19,0x15	 x19:0x00000000 x19=0x00000000
     1324669000	     66131	8000b630	0001	c.addi	x0,0	  x0:0x00000000  x0=0x00000000
     1324709000	     66133	8000b632	03206eb3	rem	x29,x0,x18	  x0:0x00000000 x18:0x00000000 x29=0x00000000
     1324729000	     66134	8000b636	33054813	xori	x16,x10,816	 x10:0x00000464 x16=0x00000754
     1324889000	     66142	8000b63a	01d44263	blt	x8,x29,8000b63e	  x8:0x7ffde242 x29:0x00000000
     1324909000	     66143	8000b63e	000ffe33	and	x28,x31,x0	 x31:0x80025ce4  x0:0x00000000 x28=0x00000000
     1324929000	     66144	8000b642	013858b3	srl	x17,x16,x19	 x16:0x00000754 x19:0x00000000 x17=0x00000754
     1325349000	     66165	8000b646	04d44163	blt	x8,x13,8000b688	  x8:0x7ffde242 x13:0x80021b76
     1325369000	     66166	8000b64a	8f45	c.or	x14,x9	 x14:0x80021eda  x9:0x0000f000 x14=0x8002feda
     1325389000	     66167	8000b64c	c099	c.beqz	x9,8000b652	  x9:0x0000f000
     1325429000	     66169	8000b64e	67af6713	ori	x14,x30,1658	 x30:0x00016000 x14=0x0001667a
     1325849000	     66190	8000b652	00e79b63	bne	x15,x14,8000b668	 x15:0x00000000 x14:0x0001667a
     1326709000	     66233	8000b668	417f0533	sub	x10,x30,x23	 x30:0x00016000 x23:0x00000001 x10=0x00015fff
     1326769000	     66236	8000b66c	00f06533	or	x10,x0,x15	  x0:0x00000000 x15:0x00000000 x10=0x00000000
     1327049000	     66250	8000b670	8461	c.srai	x8,0x18	  x8:0x7ffde242  x8=0x0000007f
     1327209000	     66258	8000b672	0280fc63	bgeu	x1,x8,8000b6aa	  x1:0x89a51d39  x8:0x0000007f
     1327569000	     66276	8000b6aa	8fdd	c.or	x15,x15	 x15:0x00000000 x15:0x00000000 x15=0x00000000
     1327689000	     66282	8000b6ac	8c75	c.and	x8,x13	  x8:0x0000007f x13:0x80021b76  x8=0x00000076
     1327709000	     66283	8000b6ae	8c39	c.xor	x8,x14	  x8:0x00000076 x14:0x0001667a  x8=0x0001660c
     1327729000	     66284	8000b6b0	01721a93	slli	x21,x4,0x17	  x4:0x71585000 x21=0x00000000
     1327949000	     66295	8000b6b4	6d65	c.lui	x26,0x19	 x26=0x00019000
     1327989000	     66297	8000b6b6	02e028b3	mulhsu	x17,x0,x14	  x0:0x00000000 x14:0x0001667a x17=0x00000000
     1328049000	     66300	8000b6ba	196cca93	xori	x21,x25,406	 x25:0xffffffff x21=0xfffffe69
     1328069000	     66301	8000b6be	8c29	c.xor	x8,x10	  x8:0x0001660c x10:0x00000000  x8=0x0001660c
     1328109000	     66303	8000b6c0	0280ab33	mulhsu	x22,x1,x8	  x1:0x89a51d39  x8:0x0001660c x22=0xffff5a77
     1328129000	     66304	8000b6c4	0f26	c.slli	x30,0x9	 x30:0x00016000 x30=0x02c00000
     1328149000	     66305	8000b6c6	01179eb3	sll	x29,x15,x17	 x15:0x00000000 x17:0x00000000 x29=0x00000000
     1328269000	     66311	8000b6ca	01544cb3	xor	x25,x8,x21	  x8:0x0001660c x21:0xfffffe69 x25=0xfffe9865
     1328289000	     66312	8000b6ce	8f81	c.sub	x15,x8	 x15:0x00000000  x8:0x0001660c x15=0xfffe99f4
     1328389000	     66317	8000b6d0	0a0a	c.slli	x20,0x2	 x20:0x00000013 x20=0x0000004c
     1329269000	     66361	8000b6d2	022a44b3	div	x9,x20,x2	 x20:0x0000004c  x2:0x000000a0  x9=0x00000000
     1329309000	     66363	8000b6d6	033c2433	mulhsu	x8,x24,x19	 x24:0x89a3d000 x19:0x00000000  x8=0x00000000
     1329329000	     66364	8000b6da	f24156b7	lui	x13,0xf2415	 x13=0xf2415000
     1329349000	     66365	8000b6de	6465	c.lui	x8,0x19	  x8=0x00019000
     1329369000	     66366	8000b6e0	028d0233	mul	x4,x26,x8	 x26:0x00019000  x8:0x00019000  x4=0x71000000
     1329389000	     66367	8000b6e4	0324c663	blt	x9,x18,8000b710	  x9:0x00000000 x18:0x00000000
     1329409000	     66368	8000b6e8	8d65	c.and	x10,x9	 x10:0x00000000  x9:0x00000000 x10=0x00000000
     1329429000	     66369	8000b6ea	9f0a	c.add	x30,x2	 x30:0x02c00000  x2:0x000000a0 x30=0x02c000a0
     1329449000	     66370	8000b6ec	01f500b3	add	x1,x10,x31	 x10:0x00000000 x31:0x80025ce4  x1=0x80025ce4
     1329849000	     66390	8000b6f0	d6dbb793	sltiu	x15,x23,-659	 x23:0x00000001 x15=0x00000001
     1330149000	     66405	8000b6f4	8f5d	c.or	x14,x15	 x14:0x0001667a x15:0x00000001 x14=0x0001667b
     1330889000	     66442	8000b6f6	0365f7b3	remu	x15,x11,x22	 x11:0x80021e58 x22:0xffff5a77 x15=0x80021e58
     1330909000	     66443	8000b6fa	87b1	c.srai	x15,0xc	 x15:0x80021e58 x15=0xfff80021
     1330929000	     66444	8000b6fc	919a	c.add	x3,x6	  x3:0x00000339  x6:0x00000000  x3=0x00000339
     1330949000	     66445	8000b6fe	03f89863	bne	x17,x31,8000b72e	 x17:0x00000000 x31:0x80025ce4
     1331089000	     66452	8000b72e	024d8963	beq	x27,x4,8000b760	 x27:0xbcb0e622  x4:0x71000000
     1331109000	     66453	8000b732	615d	c.addi16sp	x2,432	  x2:0x000000a0  x2=0x00000250
     1331129000	     66454	8000b734	6ead	c.lui	x29,0xb	 x29=0x0000b000
     1331169000	     66456	8000b736	63d92d13	slti	x26,x18,1597	 x18:0x00000000 x26=0x00000001
     1331189000	     66457	8000b73a	6ef1	c.lui	x29,0x1c	 x29=0x0001c000
     1331929000	     66494	8000b73c	03766033	rem	x0,x12,x23	 x12:0x000002e0 x23:0x00000001  x0=0x00000000
     1332669000	     66531	8000b740	02f0ddb3	divu	x27,x1,x15	  x1:0x80025ce4 x15:0xfff80021 x27=0x00000000
     1332689000	     66532	8000b744	7cf6cb93	xori	x23,x13,1999	 x13:0xf2415000 x23=0xf24157cf
     1332729000	     66534	8000b748	0278a733	mulhsu	x14,x17,x7	 x17:0x00000000  x7:0x00000001 x14=0x00000000
     1332749000	     66535	8000b74c	ea01	c.bnez	x12,8000b75c	 x12:0x000002e0
     1333189000	     66557	8000b75c	6165	c.addi16sp	x2,112	  x2:0x00000250  x2=0x000002c0
     1333209000	     66558	8000b75e	0001	c.addi	x0,0	  x0:0x00000000  x0=0x00000000
     1333409000	     66568	8000b760	8b95	c.andi	x15,5	 x15:0xfff80021 x15=0x00000001
     1333529000	     66574	8000b762	4a8c9d17	auipc	x26,0x4a8c9	 x26=0xca8d4762
     1333549000	     66575	8000b766	8cae	c.mv	x25,x11	  x0:0x00000000 x11:0x80021e58 x25=0x80021e58
     1333949000	     66595	8000b768	92fe	c.add	x5,x31	  x5:0xfffffa43 x31:0x80025ce4  x5=0x80025727
     1333969000	     66596	8000b76a	39c7c9b7	lui	x19,0x39c7c	 x19=0x39c7c000
     1333989000	     66597	8000b76e	0c9e	c.slli	x25,0x7	 x25:0x80021e58 x25=0x010f2c00
     1334329000	     66614	8000b770	0ff0000f	fence	iorw,iorw	
     1334349000	     66615	8000b774	41a15493	srai	x9,x2,0x1a	  x2:0x000002c0  x9=0x00000000
     1334369000	     66616	8000b778	002b7963	bgeu	x22,x2,8000b78a	 x22:0xffff5a77  x2:0x000002c0
     1334829000	     66639	8000b78a	02283933	mulhu	x18,x16,x2	 x16:0x00000754  x2:0x000002c0 x18=0x00000000
     1334849000	     66640	8000b78e	853d	c.srai	x10,0xf	 x10:0x00000000 x10=0x00000000
     1334869000	     66641	8000b790	0000100f	fence.i	
     1335949000	     66695	8000b794	41d4	c.lw	x13,4(x11)	 x11:0x80021e58 x13=0x800034de PA:0x80021e5c load:0x800034de
     1336149000	     66705	8000b796	eab7aa93	slti	x21,x15,-341	 x15:0x00000001 x21=0x00000000
     1336169000	     66706	8000b79a	05b1	c.addi	x11,12	 x11:0x80021e58 x11=0x80021e64
     1336229000	     66709	8000b79c	8125	c.srli	x10,0x9	 x10:0x00000000 x10=0x00000000
     1336249000	     66710	8000b79e	408b8f33	sub	x30,x23,x8	 x23:0xf24157cf  x8:0x00019000 x30=0xf23fc7cf
     1336369000	     66716	8000b7a2	00168193	addi	x3,x13,1	 x13:0x800034de  x3=0x800034df
     1336389000	     66717	8000b7a6	8182	c.jr	x3	  x3:0x800034df
     1336889000	     66742	800034de	02737763	bgeu	x6,x7,8000350c	  x6:0x00000000  x7:0x00000001
     1337049000	     66750	800034e2	0ff0000f	fence	iorw,iorw	
     1337249000	     66760	800034e6	020d6e63	bltu	x26,x0,80003522	 x26:0xca8d4762  x0:0x00000000
     1337269000	     66761	800034ea	8ed9	c.or	x13,x14	 x13:0x800034de x14:0x00000000 x13=0x800034de
     1337529000	     66774	800034ec	416ad933	sra	x18,x21,x22	 x21:0x00000000 x22:0xffff5a77 x18=0x00000000
     1337949000	     66795	800034f0	e799	c.bnez	x15,800034fe	 x15:0x00000001
     1339009000	     66848	800034fe	0057a733	slt	x14,x15,x5	 x15:0x00000001  x5:0x80025727 x14=0x00000000
     1339029000	     66849	80003502	843a	c.mv	x8,x14	  x0:0x00000000 x14:0x00000000  x8=0x00000000
     1339069000	     66851	80003504	40e88b33	sub	x22,x17,x14	 x17:0x00000000 x14:0x00000000 x22=0x00000000
     1339089000	     66852	80003508	00cc5033	srl	x0,x24,x12	 x24:0x89a3d000 x12:0x000002e0  x0=0x00000000
     1339109000	     66853	8000350c	07ca7037	lui	x0,0x7ca7	  x0=0x00000000
     1339129000	     66854	80003510	4231	c.li	x4,12	  x4=0x0000000c
     1339149000	     66855	80003512	01c81d13	slli	x26,x16,0x1c	 x16:0x00000754 x26=0x40000000
     1339169000	     66856	80003516	1ee04db7	lui	x27,0x1ee04	 x27=0x1ee04000
     1339589000	     66877	8000351a	00193533	sltu	x10,x18,x1	 x18:0x00000000  x1:0x80025ce4 x10=0x00000001
     1339609000	     66878	8000351e	8e1d	c.sub	x12,x15	 x12:0x000002e0 x15:0x00000001 x12=0x000002df
     1340009000	     66898	80003520	94a6	c.add	x9,x9	  x9:0x00000000  x9:0x00000000  x9=0x00000000
     1340169000	     66906	80003522	0ff0000f	fence	iorw,iorw	
     1340309000	     66913	80003526	01b8fb63	bgeu	x17,x27,8000353c	 x17:0x00000000 x27:0x1ee04000
     1340729000	     66934	8000352a	41d4d633	sra	x12,x9,x29	  x9:0x00000000 x29:0x0001c000 x12=0x00000000
     1340769000	     66936	8000352e	03429033	mulh	x0,x5,x20	  x5:0x80025727 x20:0x0000004c  x0=0x00000000
     1340789000	     66937	80003532	ba9ab693	sltiu	x13,x21,-1111	 x21:0x00000000 x13=0x00000001
     1340809000	     66938	80003536	38ffa013	slti	x0,x31,911	 x31:0x80025ce4  x0=0x00000000
     1340829000	     66939	8000353a	02f2	c.slli	x5,0x1c	  x5:0x80025727  x5=0x70000000
     1340889000	     66942	8000353c	02db4f63	blt	x22,x13,8000357a	 x22:0x00000000 x13:0x00000001
     1343629000	     67079	8000357a	0001	c.addi	x0,0	  x0:0x00000000  x0=0x00000000
     1343649000	     67080	8000357c	0154f6b3	and	x13,x9,x21	  x9:0x00000000 x21:0x00000000 x13=0x00000000
     1343669000	     67081	80003580	0ff0000f	fence	iorw,iorw	
     1343689000	     67082	80003584	0033e033	or	x0,x7,x3	  x7:0x00000001  x3:0x800034df  x0=0x00000000
     1343729000	     67084	80003588	03c8f7b3	remu	x15,x17,x28	 x17:0x00000000 x28:0x00000000 x15=0x00000000
     1343749000	     67085	8000358c	8bf2	c.mv	x23,x28	  x0:0x00000000 x28:0x00000000 x23=0x00000000
     1344089000	     67102	8000358e	03f16063	bltu	x2,x31,800035ae	  x2:0x000002c0 x31:0x80025ce4
     1344669000	     67131	800035ae	167d	c.addi	x12,-1	 x12:0x00000000 x12=0xffffffff
     1344829000	     67139	800035b0	ffffd317	auipc	x6,0xffffd	  x6=0x800005b0
     1344849000	     67140	800035b4	dce30313	addi	x6,x6,-562	  x6:0x800005b0  x6=0x8000037e
     1344909000	     67143	800035b8	00030067	jalr	x0,0(x6)	  x6:0x8000037e  x0=0x00000000
     1345749000	     67185	8000037e	90000537	lui	x10,0x90000	 x10=0x90000000
     1345769000	     67186	80000382	1561	c.addi	x10,-8	 x10:0x90000000 x10=0x8ffffff8
     1346169000	     67206	80000384	4d81	c.li	x27,0	 x27=0x00000000
     1346189000	     67207	80000386	0da2	c.slli	x27,0x8	 x27:0x00000000 x27=0x00000000
     1346209000	     67208	80000388	0d85	c.addi	x27,1	 x27:0x00000000 x27=0x00000001
     1346669000	     67231	8000038a	01b52023	sw	x27,0(x10)	 x10:0x8ffffff8 x27:0x00000001 PA:0x8ffffff8 store:0x00000001 load:0xffffffff
     1346689000	     67232	8000038e	00000073	ecall	
     1386629000	     69229	80002600	0800006f	jal	x0,80002680	  x0=0x00000000
     1386949000	     69245	80002680	1ff1	c.addi	x31,-4	 x31:0x80025ce4 x31=0x80025ce0
     1387169000	     69256	80002682	00bfa023	sw	x11,0(x31)	 x31:0x80025ce0 x11:0x80021e64 PA:0x80025ce0 store:0x80021e64 load:0xffffffff
     1387189000	     69257	80002686	000f85b3	add	x11,x31,x0	 x31:0x80025ce0  x0:0x00000000 x11=0x80025ce0
     1387209000	     69258	8000268a	f8058593	addi	x11,x11,-128	 x11:0x80025ce0 x11=0x80025c60
     1387449000	     69270	8000268e	0015a223	sw	x1,4(x11)	 x11:0x80025c60  x1:0x80025ce4 PA:0x80025c64 store:0x80025ce4 load:0xffffffff
     1387829000	     69289	80002692	0025a423	sw	x2,8(x11)	 x11:0x80025c60  x2:0x000002c0 PA:0x80025c68 store:0x000002c0 load:0xffffffff
     1387889000	     69292	80002696	0035a623	sw	x3,12(x11)	 x11:0x80025c60  x3:0x800034df PA:0x80025c6c store:0x800034df load:0xffffffff
     1388049000	     69300	8000269a	0045a823	sw	x4,16(x11)	 x11:0x80025c60  x4:0x0000000c PA:0x80025c70 store:0x0000000c load:0xffffffff
     1388269000	     69311	8000269e	0055aa23	sw	x5,20(x11)	 x11:0x80025c60  x5:0x70000000 PA:0x80025c74 store:0x70000000 load:0xffffffff
     1388409000	     69318	800026a2	0065ac23	sw	x6,24(x11)	 x11:0x80025c60  x6:0x8000037e PA:0x80025c78 store:0x8000037e load:0xffffffff
     1388469000	     69321	800026a6	0075ae23	sw	x7,28(x11)	 x11:0x80025c60  x7:0x00000001 PA:0x80025c7c store:0x00000001 load:0xffffffff
     1388509000	     69323	800026aa	d180	c.sw	x8,32(x11)	 x11:0x80025c60  x8:0x00000000 PA:0x80025c80 store:0x00000000 load:0xffffffff
     1388529000	     69324	800026ac	d1c4	c.sw	x9,36(x11)	 x11:0x80025c60  x9:0x00000000 PA:0x80025c84 store:0x00000000 load:0xffffffff
     1388569000	     69326	800026ae	d588	c.sw	x10,40(x11)	 x11:0x80025c60 x10:0x8ffffff8 PA:0x80025c88 store:0x8ffffff8 load:0xffffffff
     1388709000	     69333	800026b0	d5cc	c.sw	x11,44(x11)	 x11:0x80025c60 x11:0x80025c60 PA:0x80025c8c store:0x80025c60 load:0xffffffff
     1388809000	     69338	800026b2	d990	c.sw	x12,48(x11)	 x11:0x80025c60 x12:0xffffffff PA:0x80025c90 store:0xffffffff load:0xffffffff
     1389069000	     69351	800026b4	d9d4	c.sw	x13,52(x11)	 x11:0x80025c60 x13:0x00000000 PA:0x80025c94 store:0x00000000 load:0xffffffff
     1389309000	     69363	800026b6	dd98	c.sw	x14,56(x11)	 x11:0x80025c60 x14:0x00000000 PA:0x80025c98 store:0x00000000 load:0xffffffff
     1389689000	     69382	800026b8	dddc	c.sw	x15,60(x11)	 x11:0x80025c60 x15:0x00000000 PA:0x80025c9c store:0x00000000 load:0xffffffff
     1389829000	     69389	800026ba	0505a023	sw	x16,64(x11)	 x11:0x80025c60 x16:0x00000754 PA:0x80025ca0 store:0x00000754 load:0xffffffff
     1389989000	     69397	800026be	0515a223	sw	x17,68(x11)	 x11:0x80025c60 x17:0x00000000 PA:0x80025ca4 store:0x00000000 load:0xffffffff
     1390109000	     69403	800026c2	0525a423	sw	x18,72(x11)	 x11:0x80025c60 x18:0x00000000 PA:0x80025ca8 store:0x00000000 load:0xffffffff
     1390529000	     69424	800026c6	0535a623	sw	x19,76(x11)	 x11:0x80025c60 x19:0x39c7c000 PA:0x80025cac store:0x39c7c000 load:0xffffffff
     1390589000	     69427	800026ca	0545a823	sw	x20,80(x11)	 x11:0x80025c60 x20:0x0000004c PA:0x80025cb0 store:0x0000004c load:0xffffffff
     1390649000	     69430	800026ce	0555aa23	sw	x21,84(x11)	 x11:0x80025c60 x21:0x00000000 PA:0x80025cb4 store:0x00000000 load:0xffffffff
     1390889000	     69442	800026d2	0565ac23	sw	x22,88(x11)	 x11:0x80025c60 x22:0x00000000 PA:0x80025cb8 store:0x00000000 load:0xffffffff
     1390949000	     69445	800026d6	0575ae23	sw	x23,92(x11)	 x11:0x80025c60 x23:0x00000000 PA:0x80025cbc store:0x00000000 load:0xffffffff
     1390969000	     69446	800026da	0785a023	sw	x24,96(x11)	 x11:0x80025c60 x24:0x89a3d000 PA:0x80025cc0 store:0x89a3d000 load:0xffffffff
     1391389000	     69467	800026de	0795a223	sw	x25,100(x11)	 x11:0x80025c60 x25:0x010f2c00 PA:0x80025cc4 store:0x010f2c00 load:0xffffffff
     1391449000	     69470	800026e2	07a5a423	sw	x26,104(x11)	 x11:0x80025c60 x26:0x40000000 PA:0x80025cc8 store:0x40000000 load:0xffffffff
     1391469000	     69471	800026e6	07b5a623	sw	x27,108(x11)	 x11:0x80025c60 x27:0x00000001 PA:0x80025ccc store:0x00000001 load:0xffffffff
     1391489000	     69472	800026ea	07c5a823	sw	x28,112(x11)	 x11:0x80025c60 x28:0x00000000 PA:0x80025cd0 store:0x00000000 load:0xffffffff
     1391509000	     69473	800026ee	07d5aa23	sw	x29,116(x11)	 x11:0x80025c60 x29:0x0001c000 PA:0x80025cd4 store:0x0001c000 load:0xffffffff
     1391529000	     69474	800026f2	07e5ac23	sw	x30,120(x11)	 x11:0x80025c60 x30:0xf23fc7cf PA:0x80025cd8 store:0xf23fc7cf load:0xffffffff
     1391749000	     69485	800026f6	07f5ae23	sw	x31,124(x11)	 x11:0x80025c60 x31:0x80025ce0 PA:0x80025cdc store:0x80025ce0 load:0xffffffff
     1391769000	     69486	800026fa	00058fb3	add	x31,x11,x0	 x11:0x80025c60  x0:0x00000000 x31=0x80025c60
     1391789000	     69487	800026fe	90000537	lui	x10,0x90000	 x10=0x90000000
     1391809000	     69488	80002702	1571	c.addi	x10,-4	 x10:0x90000000 x10=0x8ffffffc
     1391909000	     69493	80002704	4da1	c.li	x27,8	 x27=0x00000008
     1391929000	     69494	80002706	0da2	c.slli	x27,0x8	 x27:0x00000008 x27=0x00000800
     1392009000	     69498	80002708	000d8d93	addi	x27,x27,0	 x27:0x00000800 x27=0x00000800
     1392269000	     69511	8000270c	01b52023	sw	x27,0(x10)	 x10:0x8ffffffc x27:0x00000800 PA:0x8ffffffc store:0x00000800 load:0xffffffff
     1392289000	     69512	80002710	34102df3	csrrs	x27,mepc,x0	  x0:0x00000000 x27=0x8000038e
     1392309000	     69513	80002714	34202df3	csrrs	x27,mcause,x0	  x0:0x00000000 x27=0x00000008
     1392329000	     69514	80002718	450d	c.li	x10,3	 x10=0x00000003
     1392509000	     69523	8000271a	00ad9463	bne	x27,x10,80002722	 x27:0x00000008 x10:0x00000003
     1393809000	     69588	80002722	4521	c.li	x10,8	 x10=0x00000008
     1394229000	     69609	80002724	04ad8d63	beq	x27,x10,8000277e	 x27:0x00000008 x10:0x00000008
     1395549000	     69675	8000277e	90000537	lui	x10,0x90000	 x10=0x90000000
     1395569000	     69676	80002782	1571	c.addi	x10,-4	 x10:0x90000000 x10=0x8ffffffc
     1395589000	     69677	80002784	6d85	c.lui	x27,0x1	 x27=0x00001000
     1395609000	     69678	80002786	b00d8d93	addi	x27,x27,-1280	 x27:0x00001000 x27=0x00000b00
     1395629000	     69679	8000278a	0da2	c.slli	x27,0x8	 x27:0x00000b00 x27=0x000b0000
     1395769000	     69686	8000278c	0d8d	c.addi	x27,3	 x27:0x000b0000 x27=0x000b0003
     1395829000	     69689	8000278e	01b52023	sw	x27,0(x10)	 x10:0x8ffffffc x27:0x000b0003 PA:0x8ffffffc store:0x000b0003 load:0xffffffff
     1395849000	     69690	80002792	b0002df3	csrrs	x27,mcycle,x0	  x0:0x00000000 x27=0x00011037
     1396389000	     69717	80002796	01b52023	sw	x27,0(x10)	 x10:0x8ffffffc x27:0x00011037 PA:0x8ffffffc store:0x00011037 load:0xffffffff
     1396409000	     69718	8000279a	90000537	lui	x10,0x90000	 x10=0x90000000
     1396429000	     69719	8000279e	1571	c.addi	x10,-4	 x10:0x90000000 x10=0x8ffffffc
     1396449000	     69720	800027a0	6d85	c.lui	x27,0x1	 x27=0x00001000
     1396469000	     69721	800027a2	b80d8d93	addi	x27,x27,-1152	 x27:0x00001000 x27=0x00000b80
     1396489000	     69722	800027a6	0da2	c.slli	x27,0x8	 x27:0x00000b80 x27=0x000b8000
     1396509000	     69723	800027a8	0d8d	c.addi	x27,3	 x27:0x000b8000 x27=0x000b8003
     1396869000	     69741	800027aa	01b52023	sw	x27,0(x10)	 x10:0x8ffffffc x27:0x000b8003 PA:0x8ffffffc store:0x000b8003 load:0xffffffff
     1396889000	     69742	800027ae	b8002df3	csrrs	x27,mcycleh,x0	  x0:0x00000000 x27=0x00000000
     1397109000	     69753	800027b2	01b52023	sw	x27,0(x10)	 x10:0x8ffffffc x27:0x00000000 PA:0x8ffffffc store:0x00000000 load:0xffffffff
     1397129000	     69754	800027b6	90000537	lui	x10,0x90000	 x10=0x90000000
     1397149000	     69755	800027ba	1571	c.addi	x10,-4	 x10:0x90000000 x10=0x8ffffffc
     1397169000	     69756	800027bc	6d85	c.lui	x27,0x1	 x27=0x00001000
     1397189000	     69757	800027be	b03d8d93	addi	x27,x27,-1277	 x27:0x00001000 x27=0x00000b03
     1397209000	     69758	800027c2	0da2	c.slli	x27,0x8	 x27:0x00000b03 x27=0x000b0300
     1397349000	     69765	800027c4	0d8d	c.addi	x27,3	 x27:0x000b0300 x27=0x000b0303
     1398049000	     69800	800027c6	01b52023	sw	x27,0(x10)	 x10:0x8ffffffc x27:0x000b0303 PA:0x8ffffffc store:0x000b0303 load:0xffffffff
     1398069000	     69801	800027ca	b0302df3	csrrs	x27,mhpmcounter3,x0	  x0:0x00000000 x27=0x000000d2
     1398209000	     69808	800027ce	01b52023	sw	x27,0(x10)	 x10:0x8ffffffc x27:0x000000d2 PA:0x8ffffffc store:0x000000d2 load:0xffffffff
     1398229000	     69809	800027d2	90000537	lui	x10,0x90000	 x10=0x90000000
     1398249000	     69810	800027d6	1571	c.addi	x10,-4	 x10:0x90000000 x10=0x8ffffffc
     1398309000	     69813	800027d8	6d85	c.lui	x27,0x1	 x27=0x00001000
     1398649000	     69830	800027da	b83d8d93	addi	x27,x27,-1149	 x27:0x00001000 x27=0x00000b83
     1398669000	     69831	800027de	0da2	c.slli	x27,0x8	 x27:0x00000b83 x27=0x000b8300
     1398689000	     69832	800027e0	0d8d	c.addi	x27,3	 x27:0x000b8300 x27=0x000b8303
     1398749000	     69835	800027e2	01b52023	sw	x27,0(x10)	 x10:0x8ffffffc x27:0x000b8303 PA:0x8ffffffc store:0x000b8303 load:0xffffffff
     1398769000	     69836	800027e6	b8302df3	csrrs	x27,mhpmcounter3h,x0	  x0:0x00000000 x27=0x00000000
     1399089000	     69852	800027ea	01b52023	sw	x27,0(x10)	 x10:0x8ffffffc x27:0x00000000 PA:0x8ffffffc store:0x00000000 load:0xffffffff
     1399129000	     69854	800027ee	90000537	lui	x10,0x90000	 x10=0x90000000
     1399149000	     69855	800027f2	1571	c.addi	x10,-4	 x10:0x90000000 x10=0x8ffffffc
     1399209000	     69858	800027f4	6d85	c.lui	x27,0x1	 x27=0x00001000
     1399289000	     69862	800027f6	b04d8d93	addi	x27,x27,-1276	 x27:0x00001000 x27=0x00000b04
     1399309000	     69863	800027fa	0da2	c.slli	x27,0x8	 x27:0x00000b04 x27=0x000b0400
     1399329000	     69864	800027fc	0d8d	c.addi	x27,3	 x27:0x000b0400 x27=0x000b0403
     1399749000	     69885	800027fe	01b52023	sw	x27,0(x10)	 x10:0x8ffffffc x27:0x000b0403 PA:0x8ffffffc store:0x000b0403 load:0xffffffff
     1399769000	     69886	80002802	b0402df3	csrrs	x27,mhpmcounter4,x0	  x0:0x00000000 x27=0x000082ef
     1399829000	     69889	80002806	01b52023	sw	x27,0(x10)	 x10:0x8ffffffc x27:0x000082ef PA:0x8ffffffc store:0x000082ef load:0xffffffff
     1399849000	     69890	8000280a	90000537	lui	x10,0x90000	 x10=0x90000000
     1399869000	     69891	8000280e	1571	c.addi	x10,-4	 x10:0x90000000 x10=0x8ffffffc
     1399889000	     69892	80002810	6d85	c.lui	x27,0x1	 x27=0x00001000
     1400129000	     69904	80002812	b84d8d93	addi	x27,x27,-1148	 x27:0x00001000 x27=0x00000b84
     1400149000	     69905	80002816	0da2	c.slli	x27,0x8	 x27:0x00000b84 x27=0x000b8400
     1400169000	     69906	80002818	0d8d	c.addi	x27,3	 x27:0x000b8400 x27=0x000b8403
     1400329000	     69914	8000281a	01b52023	sw	x27,0(x10)	 x10:0x8ffffffc x27:0x000b8403 PA:0x8ffffffc store:0x000b8403 load:0xffffffff
     1400349000	     69915	8000281e	b8402df3	csrrs	x27,mhpmcounter4h,x0	  x0:0x00000000 x27=0x00000000
     1400409000	     69918	80002822	01b52023	sw	x27,0(x10)	 x10:0x8ffffffc x27:0x00000000 PA:0x8ffffffc store:0x00000000 load:0xffffffff
     1400709000	     69933	80002826	90000537	lui	x10,0x90000	 x10=0x90000000
     1400729000	     69934	8000282a	1571	c.addi	x10,-4	 x10:0x90000000 x10=0x8ffffffc
     1401129000	     69954	8000282c	6d85	c.lui	x27,0x1	 x27=0x00001000
     1401149000	     69955	8000282e	b05d8d93	addi	x27,x27,-1275	 x27:0x00001000 x27=0x00000b05
     1401169000	     69956	80002832	0da2	c.slli	x27,0x8	 x27:0x00000b05 x27=0x000b0500
     1401189000	     69957	80002834	0d8d	c.addi	x27,3	 x27:0x000b0500 x27=0x000b0503
     1401389000	     69967	80002836	01b52023	sw	x27,0(x10)	 x10:0x8ffffffc x27:0x000b0503 PA:0x8ffffffc store:0x000b0503 load:0xffffffff
     1401409000	     69968	8000283a	b0502df3	csrrs	x27,mhpmcounter5,x0	  x0:0x00000000 x27=0x00000004
     1401549000	     69975	8000283e	01b52023	sw	x27,0(x10)	 x10:0x8ffffffc x27:0x00000004 PA:0x8ffffffc store:0x00000004 load:0xffffffff
     1401569000	     69976	80002842	90000537	lui	x10,0x90000	 x10=0x90000000
     1401589000	     69977	80002846	1571	c.addi	x10,-4	 x10:0x90000000 x10=0x8ffffffc
     1401609000	     69978	80002848	6d85	c.lui	x27,0x1	 x27=0x00001000
     1401629000	     69979	8000284a	b85d8d93	addi	x27,x27,-1147	 x27:0x00001000 x27=0x00000b85
     1401649000	     69980	8000284e	0da2	c.slli	x27,0x8	 x27:0x00000b85 x27=0x000b8500
     1401669000	     69981	80002850	0d8d	c.addi	x27,3	 x27:0x000b8500 x27=0x000b8503
     1401729000	     69984	80002852	01b52023	sw	x27,0(x10)	 x10:0x8ffffffc x27:0x000b8503 PA:0x8ffffffc store:0x000b8503 load:0xffffffff
     1401749000	     69985	80002856	b8502df3	csrrs	x27,mhpmcounter5h,x0	  x0:0x00000000 x27=0x00000000
     1402349000	     70015	8000285a	01b52023	sw	x27,0(x10)	 x10:0x8ffffffc x27:0x00000000 PA:0x8ffffffc store:0x00000000 load:0xffffffff
     1402369000	     70016	8000285e	90000537	lui	x10,0x90000	 x10=0x90000000
     1402389000	     70017	80002862	1571	c.addi	x10,-4	 x10:0x90000000 x10=0x8ffffffc
     1402409000	     70018	80002864	6d85	c.lui	x27,0x1	 x27=0x00001000
     1402429000	     70019	80002866	b06d8d93	addi	x27,x27,-1274	 x27:0x00001000 x27=0x00000b06
     1402449000	     70020	8000286a	0da2	c.slli	x27,0x8	 x27:0x00000b06 x27=0x000b0600
     1402469000	     70021	8000286c	0d8d	c.addi	x27,3	 x27:0x000b0600 x27=0x000b0603
     1402529000	     70024	8000286e	01b52023	sw	x27,0(x10)	 x10:0x8ffffffc x27:0x000b0603 PA:0x8ffffffc store:0x000b0603 load:0xffffffff
     1402549000	     70025	80002872	b0602df3	csrrs	x27,mhpmcounter6,x0	  x0:0x00000000 x27=0x0000003c
     1402769000	     70036	80002876	01b52023	sw	x27,0(x10)	 x10:0x8ffffffc x27:0x0000003c PA:0x8ffffffc store:0x0000003c load:0xffffffff
     1402789000	     70037	8000287a	90000537	lui	x10,0x90000	 x10=0x90000000
     1402809000	     70038	8000287e	1571	c.addi	x10,-4	 x10:0x90000000 x10=0x8ffffffc
     1402829000	     70039	80002880	6d85	c.lui	x27,0x1	 x27=0x00001000
     1402849000	     70040	80002882	b86d8d93	addi	x27,x27,-1146	 x27:0x00001000 x27=0x00000b86
     1402869000	     70041	80002886	0da2	c.slli	x27,0x8	 x27:0x00000b86 x27=0x000b8600
     1402889000	     70042	80002888	0d8d	c.addi	x27,3	 x27:0x000b8600 x27=0x000b8603
     1403649000	     70080	8000288a	01b52023	sw	x27,0(x10)	 x10:0x8ffffffc x27:0x000b8603 PA:0x8ffffffc store:0x000b8603 load:0xffffffff
     1403669000	     70081	8000288e	b8602df3	csrrs	x27,mhpmcounter6h,x0	  x0:0x00000000 x27=0x00000000
     1403729000	     70084	80002892	01b52023	sw	x27,0(x10)	 x10:0x8ffffffc x27:0x00000000 PA:0x8ffffffc store:0x00000000 load:0xffffffff
     1403749000	     70085	80002896	90000537	lui	x10,0x90000	 x10=0x90000000
     1403769000	     70086	8000289a	1571	c.addi	x10,-4	 x10:0x90000000 x10=0x8ffffffc
     1403789000	     70087	8000289c	6d85	c.lui	x27,0x1	 x27=0x00001000
     1403949000	     70095	8000289e	b07d8d93	addi	x27,x27,-1273	 x27:0x00001000 x27=0x00000b07
     1403969000	     70096	800028a2	0da2	c.slli	x27,0x8	 x27:0x00000b07 x27=0x000b0700
     1404369000	     70116	800028a4	0d8d	c.addi	x27,3	 x27:0x000b0700 x27=0x000b0703
     1404869000	     70141	800028a6	01b52023	sw	x27,0(x10)	 x10:0x8ffffffc x27:0x000b0703 PA:0x8ffffffc store:0x000b0703 load:0xffffffff
     1404889000	     70142	800028aa	b0702df3	csrrs	x27,mhpmcounter7,x0	  x0:0x00000000 x27=0x00000077
     1405369000	     70166	800028ae	01b52023	sw	x27,0(x10)	 x10:0x8ffffffc x27:0x00000077 PA:0x8ffffffc store:0x00000077 load:0xffffffff
     1405389000	     70167	800028b2	90000537	lui	x10,0x90000	 x10=0x90000000
     1405409000	     70168	800028b6	1571	c.addi	x10,-4	 x10:0x90000000 x10=0x8ffffffc
     1405429000	     70169	800028b8	6d85	c.lui	x27,0x1	 x27=0x00001000
     1405449000	     70170	800028ba	b87d8d93	addi	x27,x27,-1145	 x27:0x00001000 x27=0x00000b87
     1405469000	     70171	800028be	0da2	c.slli	x27,0x8	 x27:0x00000b87 x27=0x000b8700
     1405489000	     70172	800028c0	0d8d	c.addi	x27,3	 x27:0x000b8700 x27=0x000b8703
     1405549000	     70175	800028c2	01b52023	sw	x27,0(x10)	 x10:0x8ffffffc x27:0x000b8703 PA:0x8ffffffc store:0x000b8703 load:0xffffffff
     1405569000	     70176	800028c6	b8702df3	csrrs	x27,mhpmcounter7h,x0	  x0:0x00000000 x27=0x00000000
     1405749000	     70185	800028ca	01b52023	sw	x27,0(x10)	 x10:0x8ffffffc x27:0x00000000 PA:0x8ffffffc store:0x00000000 load:0xffffffff
     1405869000	     70191	800028ce	90000537	lui	x10,0x90000	 x10=0x90000000
     1405889000	     70192	800028d2	1571	c.addi	x10,-4	 x10:0x90000000 x10=0x8ffffffc
     1405909000	     70193	800028d4	6d85	c.lui	x27,0x1	 x27=0x00001000
     1405929000	     70194	800028d6	b08d8d93	addi	x27,x27,-1272	 x27:0x00001000 x27=0x00000b08
     1405949000	     70195	800028da	0da2	c.slli	x27,0x8	 x27:0x00000b08 x27=0x000b0800
     1405969000	     70196	800028dc	0d8d	c.addi	x27,3	 x27:0x000b0800 x27=0x000b0803
     1406049000	     70200	800028de	01b52023	sw	x27,0(x10)	 x10:0x8ffffffc x27:0x000b0803 PA:0x8ffffffc store:0x000b0803 load:0xffffffff
     1406069000	     70201	800028e2	b0802df3	csrrs	x27,mhpmcounter8,x0	  x0:0x00000000 x27=0x00000355
     1406289000	     70212	800028e6	01b52023	sw	x27,0(x10)	 x10:0x8ffffffc x27:0x00000355 PA:0x8ffffffc store:0x00000355 load:0xffffffff
     1406669000	     70231	800028ea	90000537	lui	x10,0x90000	 x10=0x90000000
     1406689000	     70232	800028ee	1571	c.addi	x10,-4	 x10:0x90000000 x10=0x8ffffffc
     1406709000	     70233	800028f0	6d85	c.lui	x27,0x1	 x27=0x00001000
     1406889000	     70242	800028f2	b88d8d93	addi	x27,x27,-1144	 x27:0x00001000 x27=0x00000b88
     1406909000	     70243	800028f6	0da2	c.slli	x27,0x8	 x27:0x00000b88 x27=0x000b8800
     1406949000	     70245	800028f8	0d8d	c.addi	x27,3	 x27:0x000b8800 x27=0x000b8803
     1407109000	     70253	800028fa	01b52023	sw	x27,0(x10)	 x10:0x8ffffffc x27:0x000b8803 PA:0x8ffffffc store:0x000b8803 load:0xffffffff
     1407129000	     70254	800028fe	b8802df3	csrrs	x27,mhpmcounter8h,x0	  x0:0x00000000 x27=0x00000000
     1407229000	     70259	80002902	01b52023	sw	x27,0(x10)	 x10:0x8ffffffc x27:0x00000000 PA:0x8ffffffc store:0x00000000 load:0xffffffff
     1407269000	     70261	80002906	90000537	lui	x10,0x90000	 x10=0x90000000
     1407289000	     70262	8000290a	1571	c.addi	x10,-4	 x10:0x90000000 x10=0x8ffffffc
     1407309000	     70263	8000290c	6d85	c.lui	x27,0x1	 x27=0x00001000
     1407329000	     70264	8000290e	b09d8d93	addi	x27,x27,-1271	 x27:0x00001000 x27=0x00000b09
     1407349000	     70265	80002912	0da2	c.slli	x27,0x8	 x27:0x00000b09 x27=0x000b0900
     1407369000	     70266	80002914	0d8d	c.addi	x27,3	 x27:0x000b0900 x27=0x000b0903
     1407569000	     70276	80002916	01b52023	sw	x27,0(x10)	 x10:0x8ffffffc x27:0x000b0903 PA:0x8ffffffc store:0x000b0903 load:0xffffffff
     1407589000	     70277	8000291a	b0902df3	csrrs	x27,mhpmcounter9,x0	  x0:0x00000000 x27=0x000001ab
