Time	Cycle	PC	Insn	Decoded instruction	Register and memory contents
        1055000	         6	80000080	40001637	lui	x12,0x40001	 x12=0x40001000
        1065000	         7	80000084	10660613	addi	x12,x12,262	 x12:0x40001000 x12=0x40001106
        1075000	         8	80000088	30161073	csrrw	x0,misa,x12	 x12:0x40001106  x0=0x00000000
        1105000	        11	8000008c	00026f17	auipc	x30,0x26	 x30=0x8002608c
        1115000	        12	80000090	c58f0f13	addi	x30,x30,-936	 x30:0x8002608c x30=0x80025ce4
        1125000	        13	80000094	00002617	auipc	x12,0x2	 x12=0x80002094
        1135000	        14	80000098	46c60613	addi	x12,x12,1132	 x12:0x80002094 x12=0x80002500
        1145000	        15	8000009c	00166613	ori	x12,x12,1	 x12:0x80002500 x12=0x80002501
        1155000	        16	800000a0	30561073	csrrw	x0,mtvec,x12	 x12:0x80002501  x0=0x00000000
        1185000	        19	800000a4	74725073	csrrwi	x0,0x747,4	  x0=0x00000000
        1215000	        22	800000a8	00003597	auipc	x11,0x3	 x11=0x800030a8
        1225000	        23	800000ac	18c58593	addi	x11,x11,396	 x11:0x800030a8 x11=0x80003234
        1235000	        24	800000b0	4601	c.li	x12,0	 x12=0x00000000
        1245000	        25	800000b2	95b2	c.add	x11,x12	 x11:0x80003234 x12:0x00000000 x11=0x80003234
        1255000	        26	800000b4	8189	c.srli	x11,0x2	 x11:0x80003234 x11=0x20000c8d
        1265000	        27	800000b6	3b059073	csrrw	x0,pmpaddr0,x11	 x11:0x20000c8d  x0=0x00000000
        1295000	        30	800000ba	00003597	auipc	x11,0x3	 x11=0x800030ba
        1305000	        31	800000be	17a58593	addi	x11,x11,378	 x11:0x800030ba x11=0x80003234
        1315000	        32	800000c2	11111637	lui	x12,0x11111	 x12=0x11111000
        1325000	        33	800000c6	11160613	addi	x12,x12,273	 x12:0x11111000 x12=0x11111111
        1335000	        34	800000ca	95b2	c.add	x11,x12	 x11:0x80003234 x12:0x11111111 x11=0x91114345
        1345000	        35	800000cc	8189	c.srli	x11,0x2	 x11:0x91114345 x11=0x244450d1
        1355000	        36	800000ce	3b159073	csrrw	x0,pmpaddr1,x11	 x11:0x244450d1  x0=0x00000000
        1385000	        39	800000d2	00003597	auipc	x11,0x3	 x11=0x800030d2
        1395000	        40	800000d6	16258593	addi	x11,x11,354	 x11:0x800030d2 x11=0x80003234
        1405000	        41	800000da	22222637	lui	x12,0x22222	 x12=0x22222000
        1415000	        42	800000de	22260613	addi	x12,x12,546	 x12:0x22222000 x12=0x22222222
        1425000	        43	800000e2	95b2	c.add	x11,x12	 x11:0x80003234 x12:0x22222222 x11=0xa2225456
        1435000	        44	800000e4	8189	c.srli	x11,0x2	 x11:0xa2225456 x11=0x28889515
        1445000	        45	800000e6	3b259073	csrrw	x0,pmpaddr2,x11	 x11:0x28889515  x0=0x00000000
        1475000	        48	800000ea	00003597	auipc	x11,0x3	 x11=0x800030ea
        1485000	        49	800000ee	14a58593	addi	x11,x11,330	 x11:0x800030ea x11=0x80003234
        1495000	        50	800000f2	33333637	lui	x12,0x33333	 x12=0x33333000
        1505000	        51	800000f6	33360613	addi	x12,x12,819	 x12:0x33333000 x12=0x33333333
        1515000	        52	800000fa	95b2	c.add	x11,x12	 x11:0x80003234 x12:0x33333333 x11=0xb3336567
        1525000	        53	800000fc	8189	c.srli	x11,0x2	 x11:0xb3336567 x11=0x2cccd959
        1535000	        54	800000fe	3b359073	csrrw	x0,pmpaddr3,x11	 x11:0x2cccd959  x0=0x00000000
        1565000	        57	80000102	0f0f15b7	lui	x11,0xf0f1	 x11=0x0f0f1000
        1575000	        58	80000106	f0f58593	addi	x11,x11,-241	 x11:0x0f0f1000 x11=0x0f0f0f0f
        1585000	        59	8000010a	3a059073	csrrw	x0,pmpcfg0,x11	 x11:0x0f0f0f0f  x0=0x00000000
        1615000	        62	8000010e	00003597	auipc	x11,0x3	 x11=0x8000310e
        1625000	        63	80000112	12658593	addi	x11,x11,294	 x11:0x8000310e x11=0x80003234
        1635000	        64	80000116	44444637	lui	x12,0x44444	 x12=0x44444000
        1645000	        65	8000011a	44460613	addi	x12,x12,1092	 x12:0x44444000 x12=0x44444444
        1655000	        66	8000011e	95b2	c.add	x11,x12	 x11:0x80003234 x12:0x44444444 x11=0xc4447678
        1665000	        67	80000120	8189	c.srli	x11,0x2	 x11:0xc4447678 x11=0x31111d9e
        1675000	        68	80000122	3b459073	csrrw	x0,pmpaddr4,x11	 x11:0x31111d9e  x0=0x00000000
        1705000	        71	80000126	00003597	auipc	x11,0x3	 x11=0x80003126
        1715000	        72	8000012a	10e58593	addi	x11,x11,270	 x11:0x80003126 x11=0x80003234
        1725000	        73	8000012e	55555637	lui	x12,0x55555	 x12=0x55555000
        1735000	        74	80000132	55560613	addi	x12,x12,1365	 x12:0x55555000 x12=0x55555555
        1745000	        75	80000136	95b2	c.add	x11,x12	 x11:0x80003234 x12:0x55555555 x11=0xd5558789
        1755000	        76	80000138	8189	c.srli	x11,0x2	 x11:0xd5558789 x11=0x355561e2
        1765000	        77	8000013a	3b559073	csrrw	x0,pmpaddr5,x11	 x11:0x355561e2  x0=0x00000000
        1795000	        80	8000013e	00003597	auipc	x11,0x3	 x11=0x8000313e
        1805000	        81	80000142	0f658593	addi	x11,x11,246	 x11:0x8000313e x11=0x80003234
        1815000	        82	80000146	66666637	lui	x12,0x66666	 x12=0x66666000
        1825000	        83	8000014a	66660613	addi	x12,x12,1638	 x12:0x66666000 x12=0x66666666
        1835000	        84	8000014e	95b2	c.add	x11,x12	 x11:0x80003234 x12:0x66666666 x11=0xe666989a
        1845000	        85	80000150	8189	c.srli	x11,0x2	 x11:0xe666989a x11=0x3999a626
        1855000	        86	80000152	3b659073	csrrw	x0,pmpaddr6,x11	 x11:0x3999a626  x0=0x00000000
        1885000	        89	80000156	00003597	auipc	x11,0x3	 x11=0x80003156
        1895000	        90	8000015a	0de58593	addi	x11,x11,222	 x11:0x80003156 x11=0x80003234
        1905000	        91	8000015e	77777637	lui	x12,0x77777	 x12=0x77777000
        1915000	        92	80000162	77760613	addi	x12,x12,1911	 x12:0x77777000 x12=0x77777777
        1925000	        93	80000166	95b2	c.add	x11,x12	 x11:0x80003234 x12:0x77777777 x11=0xf777a9ab
        1935000	        94	80000168	8189	c.srli	x11,0x2	 x11:0xf777a9ab x11=0x3dddea6a
        1945000	        95	8000016a	3b759073	csrrw	x0,pmpaddr7,x11	 x11:0x3dddea6a  x0=0x00000000
        1975000	        98	8000016e	0f0f15b7	lui	x11,0xf0f1	 x11=0x0f0f1000
        1985000	        99	80000172	f0f58593	addi	x11,x11,-241	 x11:0x0f0f1000 x11=0x0f0f0f0f
        1995000	       100	80000176	3a159073	csrrw	x0,pmpcfg1,x11	 x11:0x0f0f0f0f  x0=0x00000000
        2025000	       103	8000017a	00003597	auipc	x11,0x3	 x11=0x8000317a
        2035000	       104	8000017e	0ba58593	addi	x11,x11,186	 x11:0x8000317a x11=0x80003234
        2045000	       105	80000182	88889637	lui	x12,0x88889	 x12=0x88889000
        2055000	       106	80000186	88860613	addi	x12,x12,-1912	 x12:0x88889000 x12=0x88888888
        2065000	       107	8000018a	95b2	c.add	x11,x12	 x11:0x80003234 x12:0x88888888 x11=0x0888babc
        2075000	       108	8000018c	8189	c.srli	x11,0x2	 x11:0x0888babc x11=0x02222eaf
        2085000	       109	8000018e	3b859073	csrrw	x0,pmpaddr8,x11	 x11:0x02222eaf  x0=0x00000000
        2115000	       112	80000192	00003597	auipc	x11,0x3	 x11=0x80003192
        2125000	       113	80000196	0a258593	addi	x11,x11,162	 x11:0x80003192 x11=0x80003234
        2135000	       114	8000019a	9999a637	lui	x12,0x9999a	 x12=0x9999a000
        2145000	       115	8000019e	99960613	addi	x12,x12,-1639	 x12:0x9999a000 x12=0x99999999
        2155000	       116	800001a2	95b2	c.add	x11,x12	 x11:0x80003234 x12:0x99999999 x11=0x1999cbcd
        2165000	       117	800001a4	8189	c.srli	x11,0x2	 x11:0x1999cbcd x11=0x066672f3
        2175000	       118	800001a6	3b959073	csrrw	x0,pmpaddr9,x11	 x11:0x066672f3  x0=0x00000000
        2205000	       121	800001aa	00003597	auipc	x11,0x3	 x11=0x800031aa
        2215000	       122	800001ae	08a58593	addi	x11,x11,138	 x11:0x800031aa x11=0x80003234
        2225000	       123	800001b2	aaaab637	lui	x12,0xaaaab	 x12=0xaaaab000
        2235000	       124	800001b6	aaa60613	addi	x12,x12,-1366	 x12:0xaaaab000 x12=0xaaaaaaaa
        2245000	       125	800001ba	95b2	c.add	x11,x12	 x11:0x80003234 x12:0xaaaaaaaa x11=0x2aaadcde
        2255000	       126	800001bc	8189	c.srli	x11,0x2	 x11:0x2aaadcde x11=0x0aaab737
        2265000	       127	800001be	3ba59073	csrrw	x0,pmpaddr10,x11	 x11:0x0aaab737  x0=0x00000000
        2295000	       130	800001c2	00003597	auipc	x11,0x3	 x11=0x800031c2
        2305000	       131	800001c6	07258593	addi	x11,x11,114	 x11:0x800031c2 x11=0x80003234
        2315000	       132	800001ca	bbbbc637	lui	x12,0xbbbbc	 x12=0xbbbbc000
        2325000	       133	800001ce	bbb60613	addi	x12,x12,-1093	 x12:0xbbbbc000 x12=0xbbbbbbbb
        2335000	       134	800001d2	95b2	c.add	x11,x12	 x11:0x80003234 x12:0xbbbbbbbb x11=0x3bbbedef
        2345000	       135	800001d4	8189	c.srli	x11,0x2	 x11:0x3bbbedef x11=0x0eeefb7b
        2355000	       136	800001d6	3bb59073	csrrw	x0,pmpaddr11,x11	 x11:0x0eeefb7b  x0=0x00000000
        2385000	       139	800001da	0f0f15b7	lui	x11,0xf0f1	 x11=0x0f0f1000
        2395000	       140	800001de	f0f58593	addi	x11,x11,-241	 x11:0x0f0f1000 x11=0x0f0f0f0f
        2405000	       141	800001e2	3a259073	csrrw	x0,pmpcfg2,x11	 x11:0x0f0f0f0f  x0=0x00000000
        2435000	       144	800001e6	00003597	auipc	x11,0x3	 x11=0x800031e6
        2445000	       145	800001ea	04e58593	addi	x11,x11,78	 x11:0x800031e6 x11=0x80003234
        2455000	       146	800001ee	ccccd637	lui	x12,0xccccd	 x12=0xccccd000
        2465000	       147	800001f2	ccc60613	addi	x12,x12,-820	 x12:0xccccd000 x12=0xcccccccc
        2475000	       148	800001f6	95b2	c.add	x11,x12	 x11:0x80003234 x12:0xcccccccc x11=0x4cccff00
        2485000	       149	800001f8	8189	c.srli	x11,0x2	 x11:0x4cccff00 x11=0x13333fc0
        2495000	       150	800001fa	3bc59073	csrrw	x0,pmpaddr12,x11	 x11:0x13333fc0  x0=0x00000000
        2525000	       153	800001fe	00003597	auipc	x11,0x3	 x11=0x800031fe
        2535000	       154	80000202	03658593	addi	x11,x11,54	 x11:0x800031fe x11=0x80003234
        2545000	       155	80000206	dddde637	lui	x12,0xdddde	 x12=0xdddde000
        2555000	       156	8000020a	ddd60613	addi	x12,x12,-547	 x12:0xdddde000 x12=0xdddddddd
        2565000	       157	8000020e	95b2	c.add	x11,x12	 x11:0x80003234 x12:0xdddddddd x11=0x5dde1011
        2575000	       158	80000210	8189	c.srli	x11,0x2	 x11:0x5dde1011 x11=0x17778404
        2585000	       159	80000212	3bd59073	csrrw	x0,pmpaddr13,x11	 x11:0x17778404  x0=0x00000000
        2615000	       162	80000216	00003597	auipc	x11,0x3	 x11=0x80003216
        2625000	       163	8000021a	01e58593	addi	x11,x11,30	 x11:0x80003216 x11=0x80003234
        2635000	       164	8000021e	eeeef637	lui	x12,0xeeeef	 x12=0xeeeef000
        2645000	       165	80000222	eee60613	addi	x12,x12,-274	 x12:0xeeeef000 x12=0xeeeeeeee
        2655000	       166	80000226	95b2	c.add	x11,x12	 x11:0x80003234 x12:0xeeeeeeee x11=0x6eef2122
        2665000	       167	80000228	8189	c.srli	x11,0x2	 x11:0x6eef2122 x11=0x1bbbc848
        2675000	       168	8000022a	3be59073	csrrw	x0,pmpaddr14,x11	 x11:0x1bbbc848  x0=0x00000000
        2705000	       171	8000022e	00003597	auipc	x11,0x3	 x11=0x8000322e
        2715000	       172	80000232	00658593	addi	x11,x11,6	 x11:0x8000322e x11=0x80003234
        2725000	       173	80000236	fff00613	addi	x12,x0,-1	  x0:0x00000000 x12=0xffffffff
        2735000	       174	8000023a	95b2	c.add	x11,x12	 x11:0x80003234 x12:0xffffffff x11=0x80003233
        2745000	       175	8000023c	8189	c.srli	x11,0x2	 x11:0x80003233 x11=0x20000c8c
        2755000	       176	8000023e	3bf59073	csrrw	x0,pmpaddr15,x11	 x11:0x20000c8c  x0=0x00000000
        2785000	       179	80000242	0f0f15b7	lui	x11,0xf0f1	 x11=0x0f0f1000
        2795000	       180	80000246	f0f58593	addi	x11,x11,-241	 x11:0x0f0f1000 x11=0x0f0f0f0f
        2805000	       181	8000024a	3a359073	csrrw	x0,pmpcfg3,x11	 x11:0x0f0f0f0f  x0=0x00000000
        2835000	       184	8000024e	00000617	auipc	x12,0x0	 x12=0x8000024e
        2845000	       185	80000252	06060613	addi	x12,x12,96	 x12:0x8000024e x12=0x800002ae
        2855000	       186	80000256	34161073	csrrw	x0,mepc,x12	 x12:0x800002ae  x0=0x00000000
        2865000	       187	8000025a	7c00d073	csrrwi	x0,0x7c0,1	  x0=0x00000000
        2895000	       190	8000025e	4601	c.li	x12,0	 x12=0x00000000
        2905000	       191	80000260	30061073	csrrw	x0,mstatus,x12	 x12:0x00000000  x0=0x00000000
        2935000	       194	80000264	4601	c.li	x12,0	 x12=0x00000000
        2945000	       195	80000266	30461073	csrrw	x0,mie,x12	 x12:0x00000000  x0=0x00000000
        2975000	       198	8000026a	90000d37	lui	x26,0x90000	 x26=0x90000000
        2985000	       199	8000026e	1d71	c.addi	x26,-4	 x26:0x90000000 x26=0x8ffffffc
        2995000	       200	80000270	90000d37	lui	x26,0x90000	 x26=0x90000000
        3005000	       201	80000274	1d71	c.addi	x26,-4	 x26:0x90000000 x26=0x8ffffffc
        3015000	       202	80000276	90000d37	lui	x26,0x90000	 x26=0x90000000
        3025000	       203	8000027a	1d71	c.addi	x26,-4	 x26:0x90000000 x26=0x8ffffffc
        3035000	       204	8000027c	30000613	addi	x12,x0,768	  x0:0x00000000 x12=0x00000300
        3045000	       205	80000280	0622	c.slli	x12,0x8	 x12:0x00000300 x12=0x00030000
        3055000	       206	80000282	060d	c.addi	x12,3	 x12:0x00030000 x12=0x00030003
        3065000	       207	80000284	00cd2023	sw	x12,0(x26)	 x26:0x8ffffffc x12:0x00030003 PA:0x8ffffffc store:0x00030003 load:0x00000000
        3075000	       208	80000288	30002673	csrrs	x12,mstatus,x0	  x0:0x00000000 x12=0x00000000
        3085000	       209	8000028c	00cd2023	sw	x12,0(x26)	 x26:0x8ffffffc x12:0x00000000 PA:0x8ffffffc store:0x00000000 load:0x00000000
        3095000	       210	80000290	90000d37	lui	x26,0x90000	 x26=0x90000000
        3105000	       211	80000294	1d71	c.addi	x26,-4	 x26:0x90000000 x26=0x8ffffffc
        3115000	       212	80000296	30400613	addi	x12,x0,772	  x0:0x00000000 x12=0x00000304
        3125000	       213	8000029a	0622	c.slli	x12,0x8	 x12:0x00000304 x12=0x00030400
        3135000	       214	8000029c	060d	c.addi	x12,3	 x12:0x00030400 x12=0x00030403
        3145000	       215	8000029e	00cd2023	sw	x12,0(x26)	 x26:0x8ffffffc x12:0x00030403 PA:0x8ffffffc store:0x00030403 load:0x00000000
        3155000	       216	800002a2	30402673	csrrs	x12,mie,x0	  x0:0x00000000 x12=0x00000000
        3165000	       217	800002a6	00cd2023	sw	x12,0(x26)	 x26:0x8ffffffc x12:0x00000000 PA:0x8ffffffc store:0x00000000 load:0x00000000
        3175000	       218	800002aa	30200073	mret	
        3215000	       222	800002ae	00300013	addi	x0,x0,3	  x0:0x00000000  x0=0x00000000
        3225000	       223	800002b2	4099	c.li	x1,6	  x1=0x00000006
        3235000	       224	800002b4	cf4b5137	lui	x2,0xcf4b5	  x2=0xcf4b5000
        3245000	       225	800002b8	e8e10113	addi	x2,x2,-370	  x2:0xcf4b5000  x2=0xcf4b4e8e
        3255000	       226	800002bc	4181	c.li	x3,0	  x3=0x00000000
        3265000	       227	800002be	ed36d237	lui	x4,0xed36d	  x4=0xed36d000
        3275000	       228	800002c2	41220213	addi	x4,x4,1042	  x4:0xed36d000  x4=0xed36d412
        3285000	       229	800002c6	1b5082b7	lui	x5,0x1b508	  x5=0x1b508000
        3295000	       230	800002ca	9c028293	addi	x5,x5,-1600	  x5:0x1b508000  x5=0x1b5079c0
        3305000	       231	800002ce	ff61d337	lui	x6,0xff61d	  x6=0xff61d000
        3315000	       232	800002d2	cf830313	addi	x6,x6,-776	  x6:0xff61d000  x6=0xff61ccf8
        3325000	       233	800002d6	800003b7	lui	x7,0x80000	  x7=0x80000000
        3335000	       234	800002da	f7434437	lui	x8,0xf7434	  x8=0xf7434000
        3345000	       235	800002de	bf540413	addi	x8,x8,-1035	  x8:0xf7434000  x8=0xf7433bf5
        3355000	       236	800002e2	80000537	lui	x10,0x80000	 x10=0x80000000
        3365000	       237	800002e6	894eb5b7	lui	x11,0x894eb	 x11=0x894eb000
        3375000	       238	800002ea	cb458593	addi	x11,x11,-844	 x11:0x894eb000 x11=0x894eacb4
        3385000	       239	800002ee	4615	c.li	x12,5	 x12=0x00000005
        3395000	       240	800002f0	c8c3c6b7	lui	x13,0xc8c3c	 x13=0xc8c3c000
        3405000	       241	800002f4	5f768693	addi	x13,x13,1527	 x13:0xc8c3c000 x13=0xc8c3c5f7
        3415000	       242	800002f8	4739	c.li	x14,14	 x14=0x0000000e
        3425000	       243	800002fa	4795	c.li	x15,5	 x15=0x00000005
        3435000	       244	800002fc	4829	c.li	x16,10	 x16=0x0000000a
        3445000	       245	800002fe	f777f8b7	lui	x17,0xf777f	 x17=0xf777f000
        3455000	       246	80000302	63d88893	addi	x17,x17,1597	 x17:0xf777f000 x17=0xf777f63d
        3465000	       247	80000306	4901	c.li	x18,0	 x18=0x00000000
        3475000	       248	80000308	f7f7a9b7	lui	x19,0xf7f7a	 x19=0xf7f7a000
        3485000	       249	8000030c	0e598993	addi	x19,x19,229	 x19:0xf7f7a000 x19=0xf7f7a0e5
        3495000	       250	80000310	f264ca37	lui	x20,0xf264c	 x20=0xf264c000
        3505000	       251	80000314	ecda0a13	addi	x20,x20,-307	 x20:0xf264c000 x20=0xf264becd
        3515000	       252	80000318	4a81	c.li	x21,0	 x21=0x00000000
        3525000	       253	8000031a	fc680b37	lui	x22,0xfc680	 x22=0xfc680000
        3535000	       254	8000031e	801b0b13	addi	x22,x22,-2047	 x22:0xfc680000 x22=0xfc67f801
        3545000	       255	80000322	4b81	c.li	x23,0	 x23=0x00000000
        3555000	       256	80000324	4c09	c.li	x24,2	 x24=0x00000002
        3565000	       257	80000326	81b7fcb7	lui	x25,0x81b7f	 x25=0x81b7f000
        3575000	       258	8000032a	6bdc8c93	addi	x25,x25,1725	 x25:0x81b7f000 x25=0x81b7f6bd
        3585000	       259	8000032e	80000d37	lui	x26,0x80000	 x26=0x80000000
        3595000	       260	80000332	4da5	c.li	x27,9	 x27=0x00000009
        3605000	       261	80000334	4e01	c.li	x28,0	 x28=0x00000000
        3615000	       262	80000336	4ea9	c.li	x29,10	 x29=0x0000000a
        3625000	       263	80000338	fe7effb7	lui	x31,0xfe7ef	 x31=0xfe7ef000
        3635000	       264	8000033c	8c7f8f93	addi	x31,x31,-1849	 x31:0xfe7ef000 x31=0xfe7ee8c7
        3645000	       265	80000340	00022497	auipc	x9,0x22	  x9=0x80022340
        3655000	       266	80000344	b2448493	addi	x9,x9,-1244	  x9:0x80022340  x9=0x80021e64
        3665000	       267	80000348	90000d37	lui	x26,0x90000	 x26=0x90000000
        3675000	       268	8000034c	1d71	c.addi	x26,-4	 x26:0x90000000 x26=0x8ffffffc
        3685000	       269	8000034e	4601	c.li	x12,0	 x12=0x00000000
        3695000	       270	80000350	0622	c.slli	x12,0x8	 x12:0x00000000 x12=0x00000000
        3705000	       271	80000352	00060613	addi	x12,x12,0	 x12:0x00000000 x12=0x00000000
        3715000	       272	80000356	00cd2023	sw	x12,0(x26)	 x26:0x8ffffffc x12:0x00000000 PA:0x8ffffffc store:0x00000000 load:0x00000000
        3725000	       273	8000035a	6db0206f	jal	x0,80003234	  x0=0x00000000
        3745000	       275	80003234	86f9	c.srai	x13,0x1e	 x13:0xc8c3c5f7 x13=0xffffffff
        4115000	       312	80003236	030f5733	divu	x14,x30,x16	 x30:0x80025ce4 x16:0x0000000a x14=0x0ccd094a
        4125000	       313	8000323a	45114013	xori	x0,x2,1105	  x2:0xcf4b4e8e  x0=0x00000000
        4165000	       317	8000323e	02caa1b3	mulhsu	x3,x21,x12	 x21:0x00000000 x12:0x00000000  x3=0x00000000
        4175000	       318	80003242	031d1263	bne	x26,x17,80003266	 x26:0x8ffffffc x17:0xf777f63d
        4205000	       321	80003266	1fde0e13	addi	x28,x28,509	 x28:0x00000000 x28=0x000001fd
        4215000	       322	8000326a	1c16eb93	ori	x23,x13,449	 x13:0xffffffff x23=0xffffffff
        4225000	       323	8000326e	a47d2e93	slti	x29,x26,-1465	 x26:0x8ffffffc x29=0x00000001
        4235000	       324	80003272	05525263	bge	x4,x21,800032b6	  x4:0xed36d412 x21:0x00000000
        4275000	       328	80003276	039d9fb3	mulh	x31,x27,x25	 x27:0x00000009 x25:0x81b7f6bd x31=0xfffffffb
        4285000	       329	8000327a	8ff5	c.and	x15,x13	 x15:0x00000005 x13:0xffffffff x15=0x00000005
        4295000	       330	8000327c	009fb033	sltu	x0,x31,x9	 x31:0xfffffffb  x9:0x80021e64  x0=0x00000000
        4305000	       331	80003280	02e7d163	bge	x15,x14,800032a2	 x15:0x00000005 x14:0x0ccd094a
        4345000	       335	80003284	033e3e33	mulhu	x28,x28,x19	 x28:0x000001fd x19:0xf7f7a0e5 x28=0x000001ed
        4355000	       336	80003288	008bd393	srli	x7,x23,0x8	 x23:0xffffffff  x7=0x00ffffff
        4365000	       337	8000328c	00818d63	beq	x3,x8,800032a6	  x3:0x00000000  x8:0xf7433bf5
        4735000	       374	80003290	0343d433	divu	x8,x7,x20	  x7:0x00ffffff x20:0xf264becd  x8=0x00000000
        4745000	       375	80003294	55826917	auipc	x18,0x55826	 x18=0xd5829294
        4755000	       376	80003298	004f4eb3	xor	x29,x30,x4	 x30:0x80025ce4  x4:0xed36d412 x29=0x6d3488f6
        4765000	       377	8000329c	8bd9	c.andi	x15,22	 x15:0x00000005 x15=0x00000004
        5135000	       414	8000329e	02fdf633	remu	x12,x27,x15	 x27:0x00000009 x15:0x00000004 x12=0x00000001
        5145000	       415	800032a2	03dc9463	bne	x25,x29,800032ca	 x25:0x81b7f6bd x29:0x6d3488f6
        5175000	       418	800032ca	01ae6563	bltu	x28,x26,800032d4	 x28:0x000001ed x26:0x8ffffffc
        5195000	       420	800032d4	01d7c1b3	xor	x3,x15,x29	 x15:0x00000004 x29:0x6d3488f6  x3=0x6d3488f2
        5205000	       421	800032d8	9406	c.add	x8,x1	  x8:0x00000000  x1:0x00000006  x8=0x00000006
        5215000	       422	800032da	0db1	c.addi	x27,12	 x27:0x00000009 x27=0x00000015
        5585000	       459	800032dc	03d16ab3	rem	x21,x2,x29	  x2:0xcf4b4e8e x29:0x6d3488f6 x21=0xcf4b4e8e
        5595000	       460	800032e0	963e	c.add	x12,x15	 x12:0x00000001 x15:0x00000004 x12=0x00000005
        5965000	       497	800032e2	0365ce33	div	x28,x11,x22	 x11:0x894eacb4 x22:0xfc67f801 x28=0x00000021
        5975000	       498	800032e6	02b6fd63	bgeu	x13,x11,80003320	 x13:0xffffffff x11:0x894eacb4
        5995000	       500	80003320	1119c393	xori	x7,x19,273	 x19:0xf7f7a0e5  x7=0xf7f7a1f4
        6005000	       501	80003324	853d	c.srai	x10,0xf	 x10:0x80000000 x10=0xffff0000
        6015000	       502	80003326	717d	c.addi16sp	x2,-16	  x2:0xcf4b4e8e  x2=0xcf4b4e7e
        6025000	       503	80003328	40f08fb3	sub	x31,x1,x15	  x1:0x00000006 x15:0x00000004 x31=0x00000002
        6035000	       504	8000332c	985e	c.add	x16,x23	 x16:0x0000000a x23:0xffffffff x16=0x00000009
        6065000	       507	8000332e	03768d33	mul	x26,x13,x23	 x13:0xffffffff x23:0xffffffff x26=0x00000001
        6075000	       508	80003332	6aa1	c.lui	x21,0x8	 x21=0x00008000
        6085000	       509	80003334	4c398813	addi	x16,x19,1219	 x19:0xf7f7a0e5 x16=0xf7f7a5a8
        6095000	       510	80003338	d1cbb613	sltiu	x12,x23,-740	 x23:0xffffffff x12=0x00000000
        6105000	       511	8000333c	0001	c.addi	x0,0	  x0:0x00000000  x0=0x00000000
        6115000	       512	8000333e	01224c33	xor	x24,x4,x18	  x4:0xed36d412 x18:0xd5829294 x24=0x38b44686
        6125000	       513	80003342	6569	c.lui	x10,0x1a	 x10=0x0001a000
        6135000	       514	80003344	00a2ca63	blt	x5,x10,80003358	  x5:0x1b5079c0 x10:0x0001a000
        6145000	       515	80003348	e6b5de17	auipc	x28,0xe6b5d	 x28=0x66b60348
        6155000	       516	8000334c	efe46d13	ori	x26,x8,-258	  x8:0x00000006 x26=0xfffffefe
        6165000	       517	80003350	006b7b63	bgeu	x22,x6,80003366	 x22:0xfc67f801  x6:0xff61ccf8
        6175000	       518	80003354	2537ee13	ori	x28,x15,595	 x15:0x00000004 x28=0x00000257
        6215000	       522	80003358	0358b033	mulhu	x0,x17,x21	 x17:0xf777f63d x21:0x00008000  x0=0x00000000
        6225000	       523	8000335c	008f9763	bne	x31,x8,8000336a	 x31:0x00000002  x8:0x00000006
        6255000	       526	8000336a	02477163	bgeu	x14,x4,8000338c	 x14:0x0ccd094a  x4:0xed36d412
        6265000	       527	8000336e	019257b3	srl	x15,x4,x25	  x4:0xed36d412 x25:0x81b7f6bd x15=0x00000007
        6275000	       528	80003372	0001	c.addi	x0,0	  x0:0x00000000  x0=0x00000000
        6285000	       529	80003374	498bfa93	andi	x21,x23,1176	 x23:0xffffffff x21=0x00000498
        6295000	       530	80003378	413e0933	sub	x18,x28,x19	 x28:0x00000257 x19:0xf7f7a0e5 x18=0x08086172
        6305000	       531	8000337c	8aa1	c.andi	x13,8	 x13:0xffffffff x13=0x00000008
        6675000	       568	8000337e	035f67b3	rem	x15,x30,x21	 x30:0x80025ce4 x21:0x00000498 x15=0xfffffc0c
        6685000	       569	80003382	40ead933	sra	x18,x21,x14	 x21:0x00000498 x14:0x0ccd094a x18=0x00000001
        6695000	       570	80003386	01b1c333	xor	x6,x3,x27	  x3:0x6d3488f2 x27:0x00000015  x6=0x6d3488e7
        6705000	       571	8000338a	57fd	c.li	x15,-1	 x15=0xffffffff
        6745000	       575	8000338c	027f3533	mulhu	x10,x30,x7	 x30:0x80025ce4  x7:0xf7f7a1f4 x10=0x7bfe1ae3
        6755000	       576	80003390	8ae9	c.andi	x13,26	 x13:0x00000008 x13=0x00000008
        6765000	       577	80003392	03248f63	beq	x9,x18,800033d0	  x9:0x80021e64 x18:0x00000001
        6775000	       578	80003396	9baa	c.add	x23,x10	 x23:0xffffffff x10:0x7bfe1ae3 x23=0x7bfe1ae2
        6785000	       579	80003398	402456b3	sra	x13,x8,x2	  x8:0x00000006  x2:0xcf4b4e7e x13=0x00000000
        6795000	       580	8000339c	007aed33	or	x26,x21,x7	 x21:0x00000498  x7:0xf7f7a1f4 x26=0xf7f7a5fc
        6805000	       581	800033a0	005a7e33	and	x28,x20,x5	 x20:0xf264becd  x5:0x1b5079c0 x28=0x124038c0
        6815000	       582	800033a4	00b36a33	or	x20,x6,x11	  x6:0x6d3488e7 x11:0x894eacb4 x20=0xed7eacf7
        6845000	       585	800033a8	03cf02b3	mul	x5,x30,x28	 x30:0x80025ce4 x28:0x124038c0  x5=0xc7178b00
        6855000	       586	800033ac	0080d613	srli	x12,x1,0x8	  x1:0x00000006 x12=0x00000000
        6865000	       587	800033b0	0000100f	fence.i	
        6885000	       589	800033b4	1500	c.addi4spn	x8,x2,672	  x8=0xcf4b511e
        6915000	       592	800033b6	03ab8a33	mul	x20,x23,x26	 x23:0x7bfe1ae2 x26:0xf7f7a5fc x20=0xd3842078
        6925000	       593	800033ba	0ff0000f	fence	iorw,iorw	
        6935000	       594	800033be	403dd933	sra	x18,x27,x3	 x27:0x00000015  x3:0x6d3488f2 x18=0x00000000
        6945000	       595	800033c2	b8db8e13	addi	x28,x23,-1139	 x23:0x7bfe1ae2 x28=0x7bfe166f
        6955000	       596	800033c6	40398fb3	sub	x31,x19,x3	 x19:0xf7f7a0e5  x3:0x6d3488f2 x31=0x8ac317f3
        6965000	       597	800033ca	8f81	c.sub	x15,x8	 x15:0xffffffff  x8:0xcf4b511e x15=0x30b4aee1
        6975000	       598	800033cc	002089b3	add	x19,x1,x2	  x1:0x00000006  x2:0xcf4b4e7e x19=0xcf4b4e84
        6985000	       599	800033d0	02aaf463	bgeu	x21,x10,800033f8	 x21:0x00000498 x10:0x7bfe1ae3
        7025000	       603	800033d4	02d49433	mulh	x8,x9,x13	  x9:0x80021e64 x13:0x00000000  x8=0x00000000
        7395000	       640	800033d8	02975633	divu	x12,x14,x9	 x14:0x0ccd094a  x9:0x80021e64 x12=0x00000000
        7405000	       641	800033dc	0161e463	bltu	x3,x22,800033e4	  x3:0x6d3488f2 x22:0xfc67f801
        7425000	       643	800033e4	7b332193	slti	x3,x6,1971	  x6:0x6d3488e7  x3=0x00000000
        7435000	       644	800033e8	9a7d	c.andi	x12,-1	 x12:0x00000000 x12=0x00000000
        7445000	       645	800033ea	01b1da13	srli	x20,x3,0x1b	  x3:0x00000000 x20=0x00000000
        7455000	       646	800033ee	950e	c.add	x10,x3	 x10:0x7bfe1ae3  x3:0x00000000 x10=0x7bfe1ae3
        7465000	       647	800033f0	04831463	bne	x6,x8,80003438	  x6:0x6d3488e7  x8:0x00000000
        7485000	       649	80003438	030c7163	bgeu	x24,x16,8000345a	 x24:0x38b44686 x16:0xf7f7a5a8
        7855000	       686	8000343c	026df2b3	remu	x5,x27,x6	 x27:0x00000015  x6:0x6d3488e7  x5=0x00000015
        7865000	       687	80003440	91836393	ori	x7,x6,-1768	  x6:0x6d3488e7  x7=0xfffff9ff
        7875000	       688	80003444	03116e63	bltu	x2,x17,80003480	  x2:0xcf4b4e7e x17:0xf777f63d
        7895000	       690	80003480	8d35	c.xor	x10,x13	 x10:0x7bfe1ae3 x13:0x00000000 x10=0x7bfe1ae3
        7905000	       691	80003482	7dbbe713	ori	x14,x23,2011	 x23:0x7bfe1ae2 x14=0x7bfe1ffb
        7915000	       692	80003486	40665333	sra	x6,x12,x6	 x12:0x00000000  x6:0x6d3488e7  x6=0x00000000
        7925000	       693	8000348a	4144d233	sra	x4,x9,x20	  x9:0x80021e64 x20:0x00000000  x4=0x80021e64
        7965000	       697	8000348e	02aa9733	mulh	x14,x21,x10	 x21:0x00000498 x10:0x7bfe1ae3 x14=0x00000239
        7975000	       698	80003492	1a984093	xori	x1,x16,425	 x16:0xf7f7a5a8  x1=0xf7f7a401
        7985000	       699	80003496	002f0633	add	x12,x30,x2	 x30:0x80025ce4  x2:0xcf4b4e7e x12=0x4f4dab62
        7995000	       700	8000349a	8f89	c.sub	x15,x10	 x15:0x30b4aee1 x10:0x7bfe1ae3 x15=0xb4b693fe
        8005000	       701	8000349c	0700	c.addi4spn	x8,x2,896	  x8=0xcf4b51fe
        8015000	       702	8000349e	81c6	c.mv	x3,x17	  x0:0x00000000 x17:0xf777f63d  x3=0xf777f63d
        8025000	       703	800034a0	8e49	c.or	x12,x10	 x12:0x4f4dab62 x10:0x7bfe1ae3 x12=0x7fffbbe3
        8035000	       704	800034a2	00184363	blt	x16,x1,800034a8	 x16:0xf7f7a5a8  x1:0xf7f7a401
        8045000	       705	800034a6	8e35	c.xor	x12,x13	 x12:0x7fffbbe3 x13:0x00000000 x12=0x7fffbbe3
        8055000	       706	800034a8	47475897	auipc	x17,0x47475	 x17=0xc74784a8
        8065000	       707	800034ac	007e6863	bltu	x28,x7,800034bc	 x28:0x7bfe166f  x7:0xfffff9ff
        8445000	       745	800034bc	033a7db3	remu	x27,x20,x19	 x20:0x00000000 x19:0xcf4b4e84 x27=0x00000000
        8455000	       746	800034c0	03a09a63	bne	x1,x26,800034f4	  x1:0xf7f7a401 x26:0xf7f7a5fc
        8475000	       748	800034f4	41f0d513	srai	x10,x1,0x1f	  x1:0xf7f7a401 x10=0xffffffff
        8485000	       749	800034f8	1afd	c.addi	x21,-1	 x21:0x00000498 x21=0x00000497
        8495000	       750	800034fa	0001	c.addi	x0,0	  x0:0x00000000  x0=0x00000000
        8505000	       751	800034fc	d697bc93	sltiu	x25,x15,-663	 x15:0xb4b693fe x25=0x00000001
        8545000	       755	80003500	03949e33	mulh	x28,x9,x25	  x9:0x80021e64 x25:0x00000001 x28=0xffffffff
        8555000	       756	80003504	011433b3	sltu	x7,x8,x17	  x8:0xcf4b51fe x17:0xc74784a8  x7=0x00000000
        8565000	       757	80003508	01e86e33	or	x28,x16,x30	 x16:0xf7f7a5a8 x30:0x80025ce4 x28=0xf7f7fdec
        8935000	       794	8000350c	029dc033	div	x0,x27,x9	 x27:0x00000000  x9:0x80021e64  x0=0x00000000
        8945000	       795	80003510	0ff0000f	fence	iorw,iorw	
        8965000	       797	80003514	0208d933	divu	x18,x17,x0	 x17:0xc74784a8  x0:0x00000000 x18=0xffffffff
        8975000	       798	80003518	8d4d	c.or	x10,x11	 x10:0xffffffff x11:0x894eacb4 x10=0xffffffff
        8985000	       799	8000351a	60293393	sltiu	x7,x18,1538	 x18:0xffffffff  x7=0x00000000
        8995000	       800	8000351e	0000100f	fence.i	
        9015000	       802	80003522	e39d	c.bnez	x15,80003548	 x15:0xb4b693fe
        9395000	       840	80003548	03a86ab3	rem	x21,x16,x26	 x16:0xf7f7a5a8 x26:0xf7f7a5fc x21=0xffffffac
        9405000	       841	8000354c	0742	c.slli	x14,0x10	 x14:0x00000239 x14=0x02390000
        9775000	       878	8000354e	0334eab3	rem	x21,x9,x19	  x9:0x80021e64 x19:0xcf4b4e84 x21=0xe16b815c
       10145000	       915	80003552	0248fa33	remu	x20,x17,x4	 x17:0xc74784a8  x4:0x80021e64 x20=0x47456644
       10155000	       916	80003556	9d4e	c.add	x26,x19	 x26:0xf7f7a5fc x19:0xcf4b4e84 x26=0xc742f480
       10165000	       917	80003558	023ede63	bge	x29,x3,80003594	 x29:0x6d3488f6  x3:0xf777f63d
       10185000	       919	80003594	00cdd913	srli	x18,x27,0xc	 x27:0x00000000 x18=0x00000000
       10555000	       956	80003598	02984633	div	x12,x16,x9	 x16:0xf7f7a5a8  x9:0x80021e64 x12=0x00000000
       10565000	       957	8000359c	02d85e63	bge	x16,x13,800035d8	 x16:0xf7f7a5a8 x13:0x00000000
       10935000	       994	800035a0	02934db3	div	x27,x6,x9	  x6:0x00000000  x9:0x80021e64 x27=0x00000000
       10945000	       995	800035a4	8c2d	c.xor	x8,x11	  x8:0xcf4b51fe x11:0x894eacb4  x8=0x4605fd4a
       10955000	       996	800035a6	67c9	c.lui	x15,0x12	 x15=0x00012000
       10965000	       997	800035a8	41288533	sub	x10,x17,x18	 x17:0xc74784a8 x18:0x00000000 x10=0xc74784a8
       10975000	       998	800035ac	027ef863	bgeu	x29,x7,800035dc	 x29:0x6d3488f6  x7:0x00000000
       10995000	      1000	800035dc	0277ed63	bltu	x15,x7,80003616	 x15:0x00012000  x7:0x00000000
       11005000	      1001	800035e0	c710ce17	auipc	x28,0xc710c	 x28=0x4710f5e0
       11035000	      1004	800035e4	03a40cb3	mul	x25,x8,x26	  x8:0x4605fd4a x26:0xc742f480 x25=0x8b7d2d00
       11045000	      1005	800035e8	4931	c.li	x18,12	 x18=0x0000000c
       11055000	      1006	800035ea	8d49	c.or	x10,x10	 x10:0xc74784a8 x10:0xc74784a8 x10=0xc74784a8
       11065000	      1007	800035ec	03776563	bltu	x14,x23,80003616	 x14:0x02390000 x23:0x7bfe1ae2
       11455000	      1046	80003616	02ad68b3	rem	x17,x26,x10	 x26:0xc742f480 x10:0xc74784a8 x17=0xfffb6fd8
       11465000	      1047	8000361a	0001	c.addi	x0,0	  x0:0x00000000  x0=0x00000000
       11835000	      1084	8000361c	036bc033	div	x0,x23,x22	 x23:0x7bfe1ae2 x22:0xfc67f801  x0=0x00000000
       11845000	      1085	80003620	41ec5533	sra	x10,x24,x30	 x24:0x38b44686 x30:0x80025ce4 x10=0x038b4468
       11855000	      1086	80003624	8d5d	c.or	x10,x15	 x10:0x038b4468 x15:0x00012000 x10=0x038b6468
       11865000	      1087	80003626	f3da8113	addi	x2,x21,-195	 x21:0xe16b815c  x2=0xe16b8099
       11895000	      1090	8000362a	03338b33	mul	x22,x7,x19	  x7:0x00000000 x19:0xcf4b4e84 x22=0x00000000
       11905000	      1091	8000362e	8d01	c.sub	x10,x8	 x10:0x038b6468  x8:0x4605fd4a x10=0xbd85671e
       11915000	      1092	80003630	c5c98d13	addi	x26,x19,-932	 x19:0xcf4b4e84 x26=0xcf4b4ae0
       11925000	      1093	80003634	197d	c.addi	x18,-1	 x18:0x0000000c x18=0x0000000b
       11935000	      1094	80003636	407f5113	srai	x2,x30,0x7	 x30:0x80025ce4  x2=0xff0004b9
       11945000	      1095	8000363a	03ab8b63	beq	x23,x26,80003670	 x23:0x7bfe1ae2 x26:0xcf4b4ae0
       11955000	      1096	8000363e	70e8f293	andi	x5,x17,1806	 x17:0xfffb6fd8  x5=0x00000708
       12325000	      1133	80003642	038a6d33	rem	x26,x20,x24	 x20:0x47456644 x24:0x38b44686 x26=0x0e911fbe
       12335000	      1134	80003646	004a42b3	xor	x5,x20,x4	 x20:0x47456644  x4:0x80021e64  x5=0xc7477820
       12345000	      1135	8000364a	017ebab3	sltu	x21,x29,x23	 x29:0x6d3488f6 x23:0x7bfe1ae2 x21=0x00000001
       12355000	      1136	8000364e	98b6	c.add	x17,x13	 x17:0xfffb6fd8 x13:0x00000000 x17=0xfffb6fd8
       12365000	      1137	80003650	02674c63	blt	x14,x6,80003688	 x14:0x02390000  x6:0x00000000
       12375000	      1138	80003654	40505533	sra	x10,x0,x5	  x0:0x00000000  x5:0xc7477820 x10=0x00000000
       12385000	      1139	80003658	8f89	c.sub	x15,x10	 x15:0x00012000 x10:0x00000000 x15=0x00012000
       12755000	      1176	8000365a	023c72b3	remu	x5,x24,x3	 x24:0x38b44686  x3:0xf777f63d  x5=0x38b44686
       12765000	      1177	8000365e	005c1013	slli	x0,x24,0x5	 x24:0x38b44686  x0=0x00000000
       12775000	      1178	80003662	11e4b413	sltiu	x8,x9,286	  x9:0x80021e64  x8=0x00000000
       12785000	      1179	80003666	8f29	c.xor	x14,x10	 x14:0x02390000 x10:0x00000000 x14=0x02390000
       12795000	      1180	80003668	08d86393	ori	x7,x16,141	 x16:0xf7f7a5a8  x7=0xf7f7a5ad
       12835000	      1184	8000366c	035b18b3	mulh	x17,x22,x21	 x22:0x00000000 x21:0x00000001 x17=0x00000000
       12845000	      1185	80003670	011ef263	bgeu	x29,x17,80003674	 x29:0x6d3488f6 x17:0x00000000
       12865000	      1187	80003674	e939a213	slti	x4,x19,-365	 x19:0xcf4b4e84  x4=0x00000001
       12875000	      1188	80003678	8e31	c.xor	x12,x12	 x12:0x00000000 x12:0x00000000 x12=0x00000000
       12885000	      1189	8000367a	00c57933	and	x18,x10,x12	 x10:0x00000000 x12:0x00000000 x18=0x00000000
       12925000	      1193	8000367e	02b339b3	mulhu	x19,x6,x11	  x6:0x00000000 x11:0x894eacb4 x19=0x00000000
       12935000	      1194	80003682	42b1	c.li	x5,12	  x5=0x0000000c
       12945000	      1195	80003684	4989	c.li	x19,2	 x19=0x00000002
       12955000	      1196	80003686	8e35	c.xor	x12,x13	 x12:0x00000000 x13:0x00000000 x12=0x00000000
       12995000	      1200	80003688	02983a33	mulhu	x20,x16,x9	 x16:0xf7f7a5a8  x9:0x80021e64 x20=0x7bfde033
       13365000	      1237	8000368c	03dfc9b3	div	x19,x31,x29	 x31:0x8ac317f3 x29:0x6d3488f6 x19=0xffffffff
       13375000	      1238	80003690	01bd9863	bne	x27,x27,800036a0	 x27:0x00000000 x27:0x00000000
       13385000	      1239	80003694	0000100f	fence.i	
       13405000	      1241	80003698	00d03633	sltu	x12,x0,x13	  x0:0x00000000 x13:0x00000000 x12=0x00000000
       13415000	      1242	8000369c	011a58b3	srl	x17,x20,x17	 x20:0x7bfde033 x17:0x00000000 x17=0x7bfde033
       13785000	      1279	800036a0	037ed133	divu	x2,x29,x23	 x29:0x6d3488f6 x23:0x7bfe1ae2  x2=0x00000000
       13795000	      1280	800036a4	01544c63	blt	x8,x21,800036bc	  x8:0x00000000 x21:0x00000001
       13815000	      1282	800036bc	e1deee93	ori	x29,x29,-483	 x29:0x6d3488f6 x29=0xfffffeff
       13825000	      1283	800036c0	0000100f	fence.i	
       13845000	      1285	800036c4	e721	c.bnez	x14,8000370c	 x14:0x02390000
       13865000	      1287	8000370c	617d	c.addi16sp	x2,496	  x2:0x00000000  x2=0x000001f0
       13875000	      1288	8000370e	0001	c.addi	x0,0	  x0:0x00000000  x0=0x00000000
       13885000	      1289	80003710	00e16b33	or	x22,x2,x14	  x2:0x000001f0 x14:0x02390000 x22=0x023901f0
       13895000	      1290	80003714	01638db3	add	x27,x7,x22	  x7:0xf7f7a5ad x22:0x023901f0 x27=0xfa30a79d
       13905000	      1291	80003718	581ffe97	auipc	x29,0x581ff	 x29=0xd8202718
       13935000	      1294	8000371c	03d98c33	mul	x24,x19,x29	 x19:0xffffffff x29:0xd8202718 x24=0x27dfd8e8
       13945000	      1295	80003720	2ffbdc97	auipc	x25,0x2ffbd	 x25=0xaffc0720
       13955000	      1296	80003724	00f96563	bltu	x18,x15,8000372e	 x18:0x00000000 x15:0x00012000
       14015000	      1302	8000372e	02f836b3	mulhu	x13,x16,x15	 x16:0xf7f7a5a8 x15:0x00012000 x13=0x000116f6
       14025000	      1303	80003732	0ff0000f	fence	iorw,iorw	
       14035000	      1304	80003736	01d96663	bltu	x18,x29,80003742	 x18:0x00000000 x29:0xd8202718
       14065000	      1307	80003742	41cd89b3	sub	x19,x27,x28	 x27:0xfa30a79d x28:0x4710f5e0 x19=0xb31fb1bd
       14075000	      1308	80003746	002797b3	sll	x15,x15,x2	 x15:0x00012000  x2:0x000001f0 x15=0x20000000
       14085000	      1309	8000374a	003e1d93	slli	x27,x28,0x3	 x28:0x4710f5e0 x27=0x3887af00
       14095000	      1310	8000374e	01bbc363	blt	x23,x27,80003754	 x23:0x7bfe1ae2 x27:0x3887af00
       14105000	      1311	80003752	717d	c.addi16sp	x2,-16	  x2:0x000001f0  x2=0x000001e0
       14115000	      1312	80003754	38aec693	xori	x13,x29,906	 x29:0xd8202718 x13=0xd8202492
       14125000	      1313	80003758	0115a633	slt	x12,x11,x17	 x11:0x894eacb4 x17:0x7bfde033 x12=0x00000001
       14135000	      1314	8000375c	6879	c.lui	x16,0x1e	 x16=0x0001e000
       14505000	      1351	8000375e	037aeeb3	rem	x29,x21,x23	 x21:0x00000001 x23:0x7bfe1ae2 x29=0x00000001
       14515000	      1352	80003762	8df2a293	slti	x5,x5,-1825	  x5:0x0000000c  x5=0x00000000
       14525000	      1353	80003766	8f99	c.sub	x15,x14	 x15:0x20000000 x14:0x02390000 x15=0x1dc70000
       14535000	      1354	80003768	028c0763	beq	x24,x8,80003796	 x24:0x27dfd8e8  x8:0x00000000
       14545000	      1355	8000376c	0b00	c.addi4spn	x8,x2,400	  x8=0x00000370
       14555000	      1356	8000376e	517d	c.li	x2,-1	  x2=0xffffffff
       14565000	      1357	80003770	00daad33	slt	x26,x21,x13	 x21:0x00000001 x13:0xd8202492 x26=0x00000000
       14575000	      1358	80003774	9e9a	c.add	x29,x6	 x29:0x00000001  x6:0x00000000 x29=0x00000001
       14585000	      1359	80003776	4180d2b3	sra	x5,x1,x24	  x1:0xf7f7a401 x24:0x27dfd8e8  x5=0xfff7f7a4
       14595000	      1360	8000377a	03047d63	bgeu	x8,x16,800037b4	  x8:0x00000370 x16:0x0001e000
       14615000	      1362	8000377e	032dc533	div	x10,x27,x18	 x27:0x3887af00 x18:0x00000000 x10=0xffffffff
       14625000	      1363	80003782	00414b93	xori	x23,x2,4	  x2:0xffffffff x23=0xfffffffb
       14635000	      1364	80003786	58d40513	addi	x10,x8,1421	  x8:0x00000370 x10=0x000008fd
       14645000	      1365	8000378a	870d	c.srai	x14,0x3	 x14:0x02390000 x14=0x00472000
       14655000	      1366	8000378c	82c5	c.srli	x13,0x11	 x13:0xd8202492 x13=0x00006c10
       14665000	      1367	8000378e	826d	c.srli	x12,0x1b	 x12:0x00000001 x12=0x00000000
       14675000	      1368	80003790	0001	c.addi	x0,0	  x0:0x00000000  x0=0x00000000
       14715000	      1372	80003792	02e4a333	mulhsu	x6,x9,x14	  x9:0x80021e64 x14:0x00472000  x6=0xffdc7096
       14725000	      1373	80003796	00cbb3b3	sltu	x7,x23,x12	 x23:0xfffffffb x12:0x00000000  x7=0x00000000
       14735000	      1374	8000379a	6d170f93	addi	x31,x14,1745	 x14:0x00472000 x31=0x004726d1
       15105000	      1411	8000379e	0255c8b3	div	x17,x11,x5	 x11:0x894eacb4  x5:0xfff7f7a4 x17=0x00000ec6
       15115000	      1412	800037a2	007b5233	srl	x4,x22,x7	 x22:0x023901f0  x7:0x00000000  x4=0x023901f0
       15125000	      1413	800037a6	8f35	c.xor	x14,x13	 x14:0x00472000 x13:0x00006c10 x14=0x00474c10
       15135000	      1414	800037a8	00d4fd33	and	x26,x9,x13	  x9:0x80021e64 x13:0x00006c10 x26=0x00000c00
       15145000	      1415	800037ac	ccc13c93	sltiu	x25,x2,-820	  x2:0xffffffff x25=0x00000000
       15155000	      1416	800037b0	66f04d13	xori	x26,x0,1647	  x0:0x00000000 x26=0x0000066f
       15165000	      1417	800037b4	0001	c.addi	x0,0	  x0:0x00000000  x0=0x00000000
       15175000	      1418	800037b6	0ff0000f	fence	iorw,iorw	
       15185000	      1419	800037ba	00df6a33	or	x20,x30,x13	 x30:0x80025ce4 x13:0x00006c10 x20=0x80027cf4
       15195000	      1420	800037be	00c65e63	bge	x12,x12,800037da	 x12:0x00000000 x12:0x00000000
       15225000	      1423	800037da	006ab633	sltu	x12,x21,x6	 x21:0x00000001  x6:0xffdc7096 x12=0x00000001
       15235000	      1424	800037de	01ea8863	beq	x21,x30,800037ee	 x21:0x00000001 x30:0x80025ce4
       15605000	      1461	800037e2	025d4933	div	x18,x26,x5	 x26:0x0000066f  x5:0xfff7f7a4 x18=0x00000000
       15635000	      1464	800037e6	037c8ab3	mul	x21,x25,x23	 x25:0x00000000 x23:0xfffffffb x21=0x00000000
       15675000	      1468	800037ea	03b99c33	mulh	x24,x19,x27	 x19:0xb31fb1bd x27:0x3887af00 x24=0xef06300a
       15685000	      1469	800037ee	05741163	bne	x8,x23,80003830	  x8:0x00000370 x23:0xfffffffb
       15705000	      1471	80003830	0188f8b3	and	x17,x17,x24	 x17:0x00000ec6 x24:0xef06300a x17=0x00000002
       15715000	      1472	80003834	0060efb3	or	x31,x1,x6	  x1:0xf7f7a401  x6:0xffdc7096 x31=0xfffff497
       15725000	      1473	80003838	005ae733	or	x14,x21,x5	 x21:0x00000000  x5:0xfff7f7a4 x14=0xfff7f7a4
       15735000	      1474	8000383c	00916033	or	x0,x2,x9	  x2:0xffffffff  x9:0x80021e64  x0=0x00000000
       15745000	      1475	80003840	8ead	c.xor	x13,x11	 x13:0x00006c10 x11:0x894eacb4 x13=0x894ec0a4
       15755000	      1476	80003842	8c75	c.and	x8,x13	  x8:0x00000370 x13:0x894ec0a4  x8=0x00000020
       15765000	      1477	80003844	40eb8433	sub	x8,x23,x14	 x23:0xfffffffb x14:0xfff7f7a4  x8=0x00080857
       16135000	      1514	80003848	037af533	remu	x10,x21,x23	 x21:0x00000000 x23:0xfffffffb x10=0x00000000
       16145000	      1515	8000384c	0001	c.addi	x0,0	  x0:0x00000000  x0=0x00000000
       16515000	      1552	8000384e	03a15033	divu	x0,x2,x26	  x2:0xffffffff x26:0x0000066f  x0=0x00000000
       16885000	      1589	80003852	025eecb3	rem	x25,x29,x5	 x29:0x00000001  x5:0xfff7f7a4 x25=0x00000001
       16895000	      1590	80003856	87e1	c.srai	x15,0x18	 x15:0x1dc70000 x15=0x0000001d
       17265000	      1627	80003858	03be56b3	divu	x13,x28,x27	 x28:0x4710f5e0 x27:0x3887af00 x13=0x00000001
       17275000	      1628	8000385c	8ff5	c.and	x15,x13	 x15:0x0000001d x13:0x00000001 x15=0x00000001
       17285000	      1629	8000385e	60cd	c.lui	x1,0x13	  x1=0x00013000
       17295000	      1630	80003860	011eb433	sltu	x8,x29,x17	 x29:0x00000001 x17:0x00000002  x8=0x00000001
       17305000	      1631	80003864	018fe6b3	or	x13,x31,x24	 x31:0xfffff497 x24:0xef06300a x13=0xfffff49f
       17315000	      1632	80003868	4315	c.li	x6,5	  x6=0x00000005
       17325000	      1633	8000386a	8e35	c.xor	x12,x13	 x12:0x00000001 x13:0xfffff49f x12=0xfffff49e
       17695000	      1670	8000386c	03b253b3	divu	x7,x4,x27	  x4:0x023901f0 x27:0x3887af00  x7=0x00000000
       17705000	      1671	80003870	15014c13	xori	x24,x2,336	  x2:0xffffffff x24=0xfffffeaf
       17715000	      1672	80003874	00109133	sll	x2,x1,x1	  x1:0x00013000  x1:0x00013000  x2=0x00013000
       18085000	      1709	80003878	02eeefb3	rem	x31,x29,x14	 x29:0x00000001 x14:0xfff7f7a4 x31=0x00000001
       18095000	      1710	8000387c	008d9863	bne	x27,x8,8000388c	 x27:0x3887af00  x8:0x00000001
       18115000	      1712	8000388c	01d87863	bgeu	x16,x29,8000389c	 x16:0x0001e000 x29:0x00000001
       18135000	      1714	8000389c	019bdd33	srl	x26,x23,x25	 x23:0xfffffffb x25:0x00000001 x26=0x7ffffffd
       18505000	      1751	800038a0	0224dcb3	divu	x25,x9,x2	  x9:0x80021e64  x2:0x00013000 x25=0x00006bcb
       18515000	      1752	800038a4	c20d	c.beqz	x12,800038c6	 x12:0xfffff49e
       18525000	      1753	800038a6	0000100f	fence.i	
       18555000	      1756	800038aa	0000c533	xor	x10,x1,x0	  x1:0x00013000  x0:0x00000000 x10=0x00013000
       18565000	      1757	800038ae	67d1	c.lui	x15,0x14	 x15=0x00014000
       18575000	      1758	800038b0	01c61d13	slli	x26,x12,0x1c	 x12:0xfffff49e x26=0xe0000000
       18585000	      1759	800038b4	0163da63	bge	x7,x22,800038c8	  x7:0x00000000 x22:0x023901f0
       18595000	      1760	800038b8	01d7c563	blt	x15,x29,800038c2	 x15:0x00014000 x29:0x00000001
       18605000	      1761	800038bc	8fa5	c.xor	x15,x9	 x15:0x00014000  x9:0x80021e64 x15=0x80035e64
       18615000	      1762	800038be	00dc53b3	srl	x7,x24,x13	 x24:0xfffffeaf x13:0xfffff49f  x7=0x00000001
       18625000	      1763	800038c2	0ff0000f	fence	iorw,iorw	
       18635000	      1764	800038c6	8d35	c.xor	x10,x13	 x10:0x00013000 x13:0xfffff49f x10=0xfffec49f
       18645000	      1765	800038c8	8beb4f93	xori	x31,x22,-1858	 x22:0x023901f0 x31=0xfdc6f94e
       18655000	      1766	800038cc	01eb1413	slli	x8,x22,0x1e	 x22:0x023901f0  x8=0x00000000
       18665000	      1767	800038d0	03f66063	bltu	x12,x31,800038f0	 x12:0xfffff49e x31:0xfdc6f94e
       18675000	      1768	800038d4	4fc3e393	ori	x7,x7,1276	  x7:0x00000001  x7=0x000004fd
       18705000	      1771	800038d8	03478c33	mul	x24,x15,x20	 x15:0x80035e64 x20:0x80027cf4 x24=0x61b66750
       18715000	      1772	800038dc	6135	c.addi16sp	x2,352	  x2:0x00013000  x2=0x00013160
       18725000	      1773	800038de	41c0da93	srai	x21,x1,0x1c	  x1:0x00013000 x21=0x00000000
       18735000	      1774	800038e2	ad3e0b93	addi	x23,x28,-1325	 x28:0x4710f5e0 x23=0x4710f0b3
       18745000	      1775	800038e6	000e5e33	srl	x28,x28,x0	 x28:0x4710f5e0  x0:0x00000000 x28=0x4710f5e0
       18755000	      1776	800038ea	fbe0be17	auipc	x28,0xfbe0b	 x28=0x7be0e8ea
       18765000	      1777	800038ee	8419	c.srai	x8,0x6	  x8:0x00000000  x8=0x00000000
       18775000	      1778	800038f0	00899113	slli	x2,x19,0x8	 x19:0xb31fb1bd  x2=0x1fb1bd00
       18785000	      1779	800038f4	0026cdb3	xor	x27,x13,x2	 x13:0xfffff49f  x2:0x1fb1bd00 x27=0xe04e499f
       18795000	      1780	800038f8	0164fd63	bgeu	x9,x22,80003912	  x9:0x80021e64 x22:0x023901f0
       18825000	      1783	80003912	d9aa7893	andi	x17,x20,-614	 x20:0x80027cf4 x17=0x80027c90
       18835000	      1784	80003916	01e59d33	sll	x26,x11,x30	 x11:0x894eacb4 x30:0x80025ce4 x26=0x94eacb40
       18845000	      1785	8000391a	e409	c.bnez	x8,80003924	  x8:0x00000000
       18855000	      1786	8000391c	01cee033	or	x0,x29,x28	 x29:0x00000001 x28:0x7be0e8ea  x0=0x00000000
       18865000	      1787	80003920	03c25463	bge	x4,x28,80003948	  x4:0x023901f0 x28:0x7be0e8ea
       18875000	      1788	80003924	0656	c.slli	x12,0x15	 x12:0xfffff49e x12=0x93c00000
       19245000	      1825	80003926	03aaf3b3	remu	x7,x21,x26	 x21:0x00000000 x26:0x94eacb40  x7=0x00000000
       19255000	      1826	8000392a	03970b63	beq	x14,x25,80003960	 x14:0xfff7f7a4 x25:0x00006bcb
       19265000	      1827	8000392e	8d21	c.xor	x10,x8	 x10:0xfffec49f  x8:0x00000000 x10=0xfffec49f
       19295000	      1830	80003930	02e30eb3	mul	x29,x6,x14	  x6:0x00000005 x14:0xfff7f7a4 x29=0xffd7d634
       19305000	      1831	80003934	0b86	c.slli	x23,0x1	 x23:0x4710f0b3 x23=0x8e21e166
       19315000	      1832	80003936	034c1363	bne	x24,x20,8000395c	 x24:0x61b66750 x20:0x80027cf4
       19335000	      1834	8000395c	03287e63	bgeu	x16,x18,80003998	 x16:0x0001e000 x18:0x00000000
       19355000	      1836	80003998	0278f563	bgeu	x17,x7,800039c2	 x17:0x80027c90  x7:0x00000000
       19385000	      1839	800039c2	00f51cb3	sll	x25,x10,x15	 x10:0xfffec49f x15:0x80035e64 x25=0xffec49f0
       19395000	      1840	800039c6	0001	c.addi	x0,0	  x0:0x00000000  x0=0x00000000
       19405000	      1841	800039c8	9ca2	c.add	x25,x8	 x25:0xffec49f0  x8:0x00000000 x25=0xffec49f0
       19425000	      1843	800039ca	035746b3	div	x13,x14,x21	 x14:0xfff7f7a4 x21:0x00000000 x13=0xffffffff
       19795000	      1880	800039ce	033363b3	rem	x7,x6,x19	  x6:0x00000005 x19:0xb31fb1bd  x7=0x00000005
       20165000	      1917	800039d2	0294c2b3	div	x5,x9,x9	  x9:0x80021e64  x9:0x80021e64  x5=0x00000001
       20205000	      1921	800039d6	03a19633	mulh	x12,x3,x26	  x3:0xf777f63d x26:0x94eacb40 x12=0x039190ff
       20215000	      1922	800039da	02ba7a63	bgeu	x20,x11,80003a0e	 x20:0x80027cf4 x11:0x894eacb4
       20225000	      1923	800039de	04486063	bltu	x16,x4,80003a1e	 x16:0x0001e000  x4:0x023901f0
       20615000	      1962	80003a1e	03d068b3	rem	x17,x0,x29	  x0:0x00000000 x29:0xffd7d634 x17=0x00000000
       20655000	      1966	80003a22	037b98b3	mulh	x17,x23,x23	 x23:0x8e21e166 x23:0x8e21e166 x17=0x32a5d7bd
       20665000	      1967	80003a26	0066e0b3	or	x1,x13,x6	 x13:0xffffffff  x6:0x00000005  x1=0xffffffff
       20675000	      1968	80003a2a	9a7d	c.andi	x12,-1	 x12:0x039190ff x12=0x039190ff
       20685000	      1969	80003a2c	40a5	c.li	x1,9	  x1=0x00000009
       20695000	      1970	80003a2e	0b80	c.addi4spn	x8,x2,464	  x8=0x1fb1bed0
       20705000	      1971	80003a30	8c09	c.sub	x8,x10	  x8:0x1fb1bed0 x10:0xfffec49f  x8=0x1fb2fa31
       20715000	      1972	80003a32	02f1fa63	bgeu	x3,x15,80003a66	  x3:0xf777f63d x15:0x80035e64
       20745000	      1975	80003a66	012ad093	srli	x1,x21,0x12	 x21:0x00000000  x1=0x00000000
       20755000	      1976	80003a6a	0001	c.addi	x0,0	  x0:0x00000000  x0=0x00000000
       20765000	      1977	80003a6c	8e29	c.xor	x12,x10	 x12:0x039190ff x10:0xfffec49f x12=0xfc6f5460
       20775000	      1978	80003a6e	0ff0000f	fence	iorw,iorw	
       20785000	      1979	80003a72	00ef76b3	and	x13,x30,x14	 x30:0x80025ce4 x14:0xfff7f7a4 x13=0x800254a4
       20795000	      1980	80003a76	8a61	c.andi	x12,24	 x12:0xfc6f5460 x12=0x00000000
       20805000	      1981	80003a78	03cad363	bge	x21,x28,80003a9e	 x21:0x00000000 x28:0x7be0e8ea
       20815000	      1982	80003a7c	0036d113	srli	x2,x13,0x3	 x13:0x800254a4  x2=0x10004a94
       20825000	      1983	80003a80	9425a393	slti	x7,x11,-1726	 x11:0x894eacb4  x7=0x00000001
       20835000	      1984	80003a84	8c3d	c.xor	x8,x15	  x8:0x1fb2fa31 x15:0x80035e64  x8=0x9fb1a455
       20845000	      1985	80003a86	ef01	c.bnez	x14,80003a9e	 x14:0xfff7f7a4
       20875000	      1988	80003a9e	413c8233	sub	x4,x25,x19	 x25:0xffec49f0 x19:0xb31fb1bd  x4=0x4ccc9833
       20885000	      1989	80003aa2	0000100f	fence.i	
       20915000	      1992	80003aa6	01e25263	bge	x4,x30,80003aaa	  x4:0x4ccc9833 x30:0x80025ce4
       21305000	      2031	80003aaa	02d05a33	divu	x20,x0,x13	  x0:0x00000000 x13:0x800254a4 x20=0x00000000
       21315000	      2032	80003aae	7a1e0813	addi	x16,x28,1953	 x28:0x7be0e8ea x16=0x7be0f08b
       21325000	      2033	80003ab2	09ee	c.slli	x19,0x1b	 x19:0xb31fb1bd x19=0xe8000000
       21695000	      2070	80003ab4	025ff0b3	remu	x1,x31,x5	 x31:0xfdc6f94e  x5:0x00000001  x1=0x00000000
       21705000	      2071	80003ab8	8799	c.srai	x15,0x6	 x15:0x80035e64 x15=0xfe000d79
       21715000	      2072	80003aba	ef8d	c.bnez	x15,80003af4	 x15:0xfe000d79
       21735000	      2074	80003af4	03161e63	bne	x12,x17,80003b30	 x12:0x00000000 x17:0x32a5d7bd
       21785000	      2079	80003b30	02f61ab3	mulh	x21,x12,x15	 x12:0x00000000 x15:0xfe000d79 x21=0x00000000
       21795000	      2080	80003b34	850f1297	auipc	x5,0x850f1	  x5=0x050f4b34
       22165000	      2117	80003b38	02b260b3	rem	x1,x4,x11	  x4:0x4ccc9833 x11:0x894eacb4  x1=0x4ccc9833
       22175000	      2118	80003b3c	40705193	srai	x3,x0,0x7	  x0:0x00000000  x3=0x00000000
       22185000	      2119	80003b40	00f4c0b3	xor	x1,x9,x15	  x9:0x80021e64 x15:0xfe000d79  x1=0x7e02131d
       22225000	      2123	80003b44	037a9d33	mulh	x26,x21,x23	 x21:0x00000000 x23:0x8e21e166 x26=0x00000000
       22595000	      2160	80003b48	021c5eb3	divu	x29,x24,x1	 x24:0x61b66750  x1:0x7e02131d x29=0x00000000
       22605000	      2161	80003b4c	01191433	sll	x8,x18,x17	 x18:0x00000000 x17:0x32a5d7bd  x8=0x00000000
       22975000	      2198	80003b50	03797e33	remu	x28,x18,x23	 x18:0x00000000 x23:0x8e21e166 x28=0x00000000
       22985000	      2199	80003b54	4d35	c.li	x26,13	 x26=0x0000000d
       22995000	      2200	80003b56	000ca833	slt	x16,x25,x0	 x25:0xffec49f0  x0:0x00000000 x16=0x00000001
       23005000	      2201	80003b5a	8fe2	c.mv	x31,x24	  x0:0x00000000 x24:0x61b66750 x31=0x61b66750
       23045000	      2205	80003b5c	037c2733	mulhsu	x14,x24,x23	 x24:0x61b66750 x23:0x8e21e166 x14=0x36401bd9
       23055000	      2206	80003b60	8d0a	c.mv	x26,x2	  x0:0x00000000  x2:0x10004a94 x26=0x10004a94
       23065000	      2207	80003b62	9bfd	c.andi	x15,-1	 x15:0xfe000d79 x15=0xfe000d79
       23075000	      2208	80003b64	e399	c.bnez	x15,80003b6a	 x15:0xfe000d79
       23105000	      2211	80003b6a	03977163	bgeu	x14,x25,80003b8c	 x14:0x36401bd9 x25:0xffec49f0
       23115000	      2212	80003b6e	0001	c.addi	x0,0	  x0:0x00000000  x0=0x00000000
       23125000	      2213	80003b70	017f4233	xor	x4,x30,x23	 x30:0x80025ce4 x23:0x8e21e166  x4=0x0e23bd82
       23135000	      2214	80003b74	0094b433	sltu	x8,x9,x9	  x9:0x80021e64  x9:0x80021e64  x8=0x00000000
       23145000	      2215	80003b78	0000100f	fence.i	
       23195000	      2220	80003b7c	0354b733	mulhu	x14,x9,x21	  x9:0x80021e64 x21:0x00000000 x14=0x00000000
       23205000	      2221	80003b80	57dcab93	slti	x23,x25,1405	 x25:0xffec49f0 x23=0x00000001
       23215000	      2222	80003b84	717d	c.addi16sp	x2,-16	  x2:0x10004a94  x2=0x10004a84
       23225000	      2223	80003b86	8ebd	c.xor	x13,x15	 x13:0x800254a4 x15:0xfe000d79 x13=0x7e0259dd
       23235000	      2224	80003b88	004c22b3	slt	x5,x24,x4	 x24:0x61b66750  x4:0x0e23bd82  x5=0x00000000
       23245000	      2225	80003b8c	d564fe13	andi	x28,x9,-682	  x9:0x80021e64 x28=0x80021c44
       23255000	      2226	80003b90	046a	c.slli	x8,0x1a	  x8:0x00000000  x8=0x00000000
       23265000	      2227	80003b92	877d	c.srai	x14,0x1f	 x14:0x00000000 x14=0x00000000
       23275000	      2228	80003b94	03b60a63	beq	x12,x27,80003bc8	 x12:0x00000000 x27:0xe04e499f
       23285000	      2229	80003b98	017fd463	bge	x31,x23,80003ba0	 x31:0x61b66750 x23:0x00000001
       23305000	      2231	80003ba0	ec09	c.bnez	x8,80003bba	  x8:0x00000000
       23315000	      2232	80003ba2	03615263	bge	x2,x22,80003bc6	  x2:0x10004a84 x22:0x023901f0
       23335000	      2234	80003bc6	6c15	c.lui	x24,0x5	 x24=0x00005000
       23345000	      2235	80003bc8	016a4963	blt	x20,x22,80003bda	 x20:0x00000000 x22:0x023901f0
       23375000	      2238	80003bda	4cdd3b13	sltiu	x22,x26,1229	 x26:0x10004a94 x22=0x00000000
       23385000	      2239	80003bde	00b7dc63	bge	x15,x11,80003bf6	 x15:0xfe000d79 x11:0x894eacb4
       23415000	      2242	80003bf6	002f1213	slli	x4,x30,0x2	 x30:0x80025ce4  x4=0x00097390
       23425000	      2243	80003bfa	aefe3e97	auipc	x29,0xaefe3	 x29=0x2efe6bfa
       23435000	      2244	80003bfe	0951	c.addi	x18,20	 x18:0x00000000 x18=0x00000014
       23445000	      2245	80003c00	00a82133	slt	x2,x16,x10	 x16:0x00000001 x10:0xfffec49f  x2=0x00000000
       23455000	      2246	80003c04	86e5	c.srai	x13,0x19	 x13:0x7e0259dd x13=0x0000003f
       23495000	      2250	80003c06	023bb133	mulhu	x2,x23,x3	 x23:0x00000001  x3:0x00000000  x2=0x00000000
       23505000	      2251	80003c0a	d83dcd97	auipc	x27,0xd83dc	 x27=0x583dfc0a
       23515000	      2252	80003c0e	8fc5	c.or	x15,x9	 x15:0xfe000d79  x9:0x80021e64 x15=0xfe021f7d
       23525000	      2253	80003c10	01f35413	srli	x8,x6,0x1f	  x6:0x00000005  x8=0x00000000
       23565000	      2257	80003c14	02e11eb3	mulh	x29,x2,x14	  x2:0x00000000 x14:0x00000000 x29=0x00000000
       23575000	      2258	80003c18	06ee2713	slti	x14,x28,110	 x28:0x80021c44 x14=0x00000001
       23585000	      2259	80003c1c	40400b33	sub	x22,x0,x4	  x0:0x00000000  x4:0x00097390 x22=0xfff68c70
       23595000	      2260	80003c20	8d2d	c.xor	x10,x11	 x10:0xfffec49f x11:0x894eacb4 x10=0x76b0682b
       23605000	      2261	80003c22	04fa0063	beq	x20,x15,80003c62	 x20:0x00000000 x15:0xfe021f7d
       23615000	      2262	80003c26	41260e33	sub	x28,x12,x18	 x12:0x00000000 x18:0x00000014 x28=0xffffffec
       23625000	      2263	80003c2a	cf99	c.beqz	x15,80003c48	 x15:0xfe021f7d
       23635000	      2264	80003c2c	1ffd	c.addi	x31,-1	 x31:0x61b66750 x31=0x61b6674f
       23645000	      2265	80003c2e	01627f63	bgeu	x4,x22,80003c4c	  x4:0x00097390 x22:0xfff68c70
       23655000	      2266	80003c32	616d	c.addi16sp	x2,240	  x2:0x00000000  x2=0x000000f0
       23665000	      2267	80003c34	49c6c013	xori	x0,x13,1180	 x13:0x0000003f  x0=0x00000000
       23675000	      2268	80003c38	e519	c.bnez	x10,80003c46	 x10:0x76b0682b
       23695000	      2270	80003c46	8c21	c.xor	x8,x8	  x8:0x00000000  x8:0x00000000  x8=0x00000000
       23705000	      2271	80003c48	01e60133	add	x2,x12,x30	 x12:0x00000000 x30:0x80025ce4  x2=0x80025ce4
       23735000	      2274	80003c4c	034c02b3	mul	x5,x24,x20	 x24:0x00005000 x20:0x00000000  x5=0x00000000
       23745000	      2275	80003c50	41f78833	sub	x16,x15,x31	 x15:0xfe021f7d x31:0x61b6674f x16=0x9c4bb82e
       23755000	      2276	80003c54	6339	c.lui	x6,0xe	  x6=0x0000e000
       23765000	      2277	80003c56	3fa54797	auipc	x15,0x3fa54	 x15=0xbfa57c56
       23775000	      2278	80003c5a	00457c33	and	x24,x10,x4	 x10:0x76b0682b  x4:0x00097390 x24=0x00006000
       23785000	      2279	80003c5e	01e139b3	sltu	x19,x2,x30	  x2:0x80025ce4 x30:0x80025ce4 x19=0x00000000
       23795000	      2280	80003c62	717d	c.addi16sp	x2,-16	  x2:0x80025ce4  x2=0x80025cd4
       23805000	      2281	80003c64	006b66b3	or	x13,x22,x6	 x22:0xfff68c70  x6:0x0000e000 x13=0xfff6ec70
       23815000	      2282	80003c68	03c9	c.addi	x7,18	  x7:0x00000001  x7=0x00000013
       23825000	      2283	80003c6a	d9664993	xori	x19,x12,-618	 x12:0x00000000 x19=0xfffffd96
       23855000	      2286	80003c6e	038607b3	mul	x15,x12,x24	 x12:0x00000000 x24:0x00006000 x15=0x00000000
       23865000	      2287	80003c72	92c2	c.add	x5,x16	  x5:0x00000000 x16:0x9c4bb82e  x5=0x9c4bb82e
       23875000	      2288	80003c74	02ba6463	bltu	x20,x11,80003c9c	 x20:0x00000000 x11:0x894eacb4
       24255000	      2326	80003c9c	0369ccb3	div	x25,x19,x22	 x19:0xfffffd96 x22:0xfff68c70 x25=0x00000000
       24265000	      2327	80003ca0	03935e63	bge	x6,x25,80003cdc	  x6:0x0000e000 x25:0x00000000
       24285000	      2329	80003cdc	0a22	c.slli	x20,0x8	 x20:0x00000000 x20=0x00000000
       24295000	      2330	80003cde	038e7363	bgeu	x28,x24,80003d04	 x28:0xffffffec x24:0x00006000
       24345000	      2335	80003d04	026ebfb3	mulhu	x31,x29,x6	 x29:0x00000000  x6:0x0000e000 x31=0x00000000
       24355000	      2336	80003d08	c385	c.beqz	x15,80003d28	 x15:0x00000000
       24375000	      2338	80003d28	010150b3	srl	x1,x2,x16	  x2:0x80025cd4 x16:0x9c4bb82e  x1=0x00020009
       24385000	      2339	80003d2c	1d2d7813	andi	x16,x26,466	 x26:0x10004a94 x16=0x00000090
       24395000	      2340	80003d30	013c0663	beq	x24,x19,80003d3c	 x24:0x00006000 x19:0xfffffd96
       24405000	      2341	80003d34	8c6d	c.and	x8,x11	  x8:0x00000000 x11:0x894eacb4  x8=0x00000000
       24415000	      2342	80003d36	8f0d	c.sub	x14,x11	 x14:0x00000001 x11:0x894eacb4 x14=0x76b1534d
       24425000	      2343	80003d38	41710e33	sub	x28,x2,x23	  x2:0x80025cd4 x23:0x00000001 x28=0x80025cd3
       24465000	      2347	80003d3c	021c3eb3	mulhu	x29,x24,x1	 x24:0x00006000  x1:0x00020009 x29=0x00000000
       24475000	      2348	80003d40	e1e6c213	xori	x4,x13,-482	 x13:0xfff6ec70  x4=0x0009126e
       24485000	      2349	80003d44	008e8863	beq	x29,x8,80003d54	 x29:0x00000000  x8:0x00000000
       24505000	      2351	80003d54	03601563	bne	x0,x22,80003d7e	  x0:0x00000000 x22:0xfff68c70
       24535000	      2354	80003d7e	01e99793	slli	x15,x19,0x1e	 x19:0xfffffd96 x15=0x80000000
       24545000	      2355	80003d82	e0c6f517	auipc	x10,0xe0c6f	 x10=0x60c72d82
       24555000	      2356	80003d86	02374863	blt	x14,x3,80003db6	 x14:0x76b1534d  x3:0x00000000
       24565000	      2357	80003d8a	6789	c.lui	x15,0x2	 x15=0x00002000
       24575000	      2358	80003d8c	8841	c.andi	x8,16	  x8:0x00000000  x8=0x00000000
       24585000	      2359	80003d8e	41355313	srai	x6,x10,0x13	 x10:0x60c72d82  x6=0x00000c18
       24595000	      2360	80003d92	87c1	c.srai	x15,0x10	 x15:0x00002000 x15=0x00000000
       24605000	      2361	80003d94	011ac633	xor	x12,x21,x17	 x21:0x00000000 x17:0x32a5d7bd x12=0x32a5d7bd
       24615000	      2362	80003d98	0ff0000f	fence	iorw,iorw	
       24985000	      2399	80003d9c	03a0dbb3	divu	x23,x1,x26	  x1:0x00020009 x26:0x10004a94 x23=0x00000000
       24995000	      2400	80003da0	3bf60a13	addi	x20,x12,959	 x12:0x32a5d7bd x20=0x32a5db7c
       25005000	      2401	80003da4	637d	c.lui	x6,0x1f	  x6=0x0001f000
       25015000	      2402	80003da6	0001	c.addi	x0,0	  x0:0x00000000  x0=0x00000000
       25025000	      2403	80003da8	ca0d	c.beqz	x12,80003dda	 x12:0x32a5d7bd
       25035000	      2404	80003daa	002cf263	bgeu	x25,x2,80003dae	 x25:0x00000000  x2:0x80025cd4
       25075000	      2408	80003dae	03a73e33	mulhu	x28,x14,x26	 x14:0x76b1534d x26:0x10004a94 x28=0x076b37c8
       25085000	      2409	80003db2	01f1da93	srli	x21,x3,0x1f	  x3:0x00000000 x21=0x00000000
       25095000	      2410	80003db6	00018563	beq	x3,x0,80003dc0	  x3:0x00000000  x0:0x00000000
       25115000	      2412	80003dc0	c1d9b913	sltiu	x18,x19,-995	 x19:0xfffffd96 x18=0x00000000
       25125000	      2413	80003dc4	717d	c.addi16sp	x2,-16	  x2:0x80025cd4  x2=0x80025cc4
       25155000	      2416	80003dc6	022a8533	mul	x10,x21,x2	 x21:0x00000000  x2:0x80025cc4 x10=0x00000000
       25165000	      2417	80003dca	117d	c.addi	x2,-1	  x2:0x80025cc4  x2=0x80025cc3
       25175000	      2418	80003dcc	61b5	c.lui	x3,0xd	  x3=0x0000d000
       25185000	      2419	80003dce	a4c88c93	addi	x25,x17,-1460	 x17:0x32a5d7bd x25=0x32a5d209
       25205000	      2421	80003dd2	037d50b3	divu	x1,x26,x23	 x26:0x10004a94 x23:0x00000000  x1=0xffffffff
       25215000	      2422	80003dd6	03d36963	bltu	x6,x29,80003e08	  x6:0x0001f000 x29:0x00000000
       25225000	      2423	80003dda	01eed513	srli	x10,x29,0x1e	 x29:0x00000000 x10=0x00000000
       25235000	      2424	80003dde	8f4d	c.or	x14,x11	 x14:0x76b1534d x11:0x894eacb4 x14=0xfffffffd
       25245000	      2425	80003de0	0248d063	bge	x17,x4,80003e00	 x17:0x32a5d7bd  x4:0x0009126e
       25265000	      2427	80003e00	01963433	sltu	x8,x12,x25	 x12:0x32a5d7bd x25:0x32a5d209  x8=0x00000000
       25305000	      2431	80003e04	0290ab33	mulhsu	x22,x1,x9	  x1:0xffffffff  x9:0x80021e64 x22=0xffffffff
       25315000	      2432	80003e08	04bf8363	beq	x31,x11,80003e4e	 x31:0x00000000 x11:0x894eacb4
       25325000	      2433	80003e0c	8f85	c.sub	x15,x9	 x15:0x00000000  x9:0x80021e64 x15=0x7ffde19c
       25365000	      2437	80003e0e	039c2db3	mulhsu	x27,x24,x25	 x24:0x00006000 x25:0x32a5d209 x27=0x000012fe
       25375000	      2438	80003e12	01537db3	and	x27,x6,x21	  x6:0x0001f000 x21:0x00000000 x27=0x00000000
       25385000	      2439	80003e16	8d21	c.xor	x10,x8	 x10:0x00000000  x8:0x00000000 x10=0x00000000
       25395000	      2440	80003e18	031e4e63	blt	x28,x17,80003e54	 x28:0x076b37c8 x17:0x32a5d7bd
       25415000	      2442	80003e54	00c58e63	beq	x11,x12,80003e70	 x11:0x894eacb4 x12:0x32a5d7bd
       25425000	      2443	80003e58	0001	c.addi	x0,0	  x0:0x00000000  x0=0x00000000
       25435000	      2444	80003e5a	8c19	c.sub	x8,x14	  x8:0x00000000 x14:0xfffffffd  x8=0x00000003
       25805000	      2481	80003e5c	03874233	div	x4,x14,x24	 x14:0xfffffffd x24:0x00006000  x4=0x00000000
       26175000	      2518	80003e60	027ef6b3	remu	x13,x29,x7	 x29:0x00000000  x7:0x00000013 x13=0x00000000
       26185000	      2519	80003e64	01621863	bne	x4,x22,80003e74	  x4:0x00000000 x22:0xffffffff
       26205000	      2521	80003e74	003ce663	bltu	x25,x3,80003e80	 x25:0x32a5d209  x3:0x0000d000
       26215000	      2522	80003e78	24cf6213	ori	x4,x30,588	 x30:0x80025ce4  x4=0x80025eec
       26585000	      2559	80003e7c	03a6e933	rem	x18,x13,x26	 x13:0x00000000 x26:0x10004a94 x18=0x00000000
       26955000	      2596	80003e80	0298cd33	div	x26,x17,x9	 x17:0x32a5d7bd  x9:0x80021e64 x26=0x00000000
       26965000	      2597	80003e84	ca81	c.beqz	x13,80003e94	 x13:0x00000000
       27015000	      2602	80003e94	023a90b3	mulh	x1,x21,x3	 x21:0x00000000  x3:0x0000d000  x1=0x00000000
       27025000	      2603	80003e98	0ff0000f	fence	iorw,iorw	
       27035000	      2604	80003e9c	00be5933	srl	x18,x28,x11	 x28:0x076b37c8 x11:0x894eacb4 x18=0x00000076
       27045000	      2605	80003ea0	4785	c.li	x15,1	 x15=0x00000001
       27055000	      2606	80003ea2	4107da13	srai	x20,x15,0x10	 x15:0x00000001 x20=0x00000000
       27065000	      2607	80003ea6	411783b3	sub	x7,x15,x17	 x15:0x00000001 x17:0x32a5d7bd  x7=0xcd5a2844
       27075000	      2608	80003eaa	41c1	c.li	x3,16	  x3=0x00000010
       27085000	      2609	80003eac	8841	c.andi	x8,16	  x8:0x00000003  x8=0x00000000
       27095000	      2610	80003eae	6131	c.addi16sp	x2,320	  x2:0x80025cc3  x2=0x80025e03
       27105000	      2611	80003eb0	86b5	c.srai	x13,0xd	 x13:0x00000000 x13=0x00000000
       27135000	      2614	80003eb2	02288e33	mul	x28,x17,x2	 x17:0x32a5d7bd  x2:0x80025e03 x28=0xaca2ed37
       27145000	      2615	80003eb6	ae6a0a93	addi	x21,x20,-1306	 x20:0x00000000 x21=0xfffffae6
       27155000	      2616	80003eba	005d2cb3	slt	x25,x26,x5	 x26:0x00000000  x5:0x9c4bb82e x25=0x00000000
       27165000	      2617	80003ebe	717d	c.addi16sp	x2,-16	  x2:0x80025e03  x2=0x80025df3
       27175000	      2618	80003ec0	4043de93	srai	x29,x7,0x4	  x7:0xcd5a2844 x29=0xfcd5a284
       27185000	      2619	80003ec4	00686b33	or	x22,x16,x6	 x16:0x00000090  x6:0x0001f000 x22=0x0001f090
       27225000	      2623	80003ec8	025bbcb3	mulhu	x25,x23,x5	 x23:0x00000000  x5:0x9c4bb82e x25=0x00000000
       27235000	      2624	80003ecc	821a	c.mv	x4,x6	  x0:0x00000000  x6:0x0001f000  x4=0x0001f000
       27245000	      2625	80003ece	00642433	slt	x8,x8,x6	  x8:0x00000000  x6:0x0001f000  x8=0x00000001
       27255000	      2626	80003ed2	6e9b3e93	sltiu	x29,x22,1769	 x22:0x0001f090 x29=0x00000000
       27265000	      2627	80003ed6	01595413	srli	x8,x18,0x15	 x18:0x00000076  x8=0x00000000
       27275000	      2628	80003eda	05f0c063	blt	x1,x31,80003f1a	  x1:0x00000000 x31:0x00000000
       27315000	      2632	80003ede	03d1a133	mulhsu	x2,x3,x29	  x3:0x00000010 x29:0x00000000  x2=0x00000000
       27325000	      2633	80003ee2	8ecd	c.or	x13,x11	 x13:0x00000000 x11:0x894eacb4 x13=0x894eacb4
       27335000	      2634	80003ee4	40add7b3	sra	x15,x27,x10	 x27:0x00000000 x10:0x00000000 x15=0x00000000
       27345000	      2635	80003ee8	0db9ae97	auipc	x29,0xdb9a	 x29=0x8db9dee8
       27355000	      2636	80003eec	00306263	bltu	x0,x3,80003ef0	  x0:0x00000000  x3:0x00000010
       27375000	      2638	80003ef0	a20c4193	xori	x3,x24,-1504	 x24:0x00006000  x3=0xffff9a20
       27385000	      2639	80003ef4	018b3433	sltu	x8,x22,x24	 x22:0x0001f090 x24:0x00006000  x8=0x00000000
       27395000	      2640	80003ef8	8c35	c.xor	x8,x13	  x8:0x00000000 x13:0x894eacb4  x8=0x894eacb4
       27405000	      2641	80003efa	009279b3	and	x19,x4,x9	  x4:0x0001f000  x9:0x80021e64 x19=0x00001000
       27415000	      2642	80003efe	3f144993	xori	x19,x8,1009	  x8:0x894eacb4 x19=0x894eaf45
       27455000	      2646	80003f02	03c02633	mulhsu	x12,x0,x28	  x0:0x00000000 x28:0xaca2ed37 x12=0x00000000
       27465000	      2647	80003f06	6141	c.addi16sp	x2,16	  x2:0x00000000  x2=0x00000010
       27475000	      2648	80003f08	987d	c.andi	x8,-1	  x8:0x894eacb4  x8=0x894eacb4
       27485000	      2649	80003f0a	0105ffb3	and	x31,x11,x16	 x11:0x894eacb4 x16:0x00000090 x31=0x00000090
       27495000	      2650	80003f0e	28147013	andi	x0,x8,641	  x8:0x894eacb4  x0=0x00000000
       27505000	      2651	80003f12	6165	c.addi16sp	x2,112	  x2:0x00000010  x2=0x00000080
       27515000	      2652	80003f14	4076d6b3	sra	x13,x13,x7	 x13:0x894eacb4  x7:0xcd5a2844 x13=0xf894eacb
       27525000	      2653	80003f18	4cf5	c.li	x25,29	 x25=0x0000001d
       27535000	      2654	80003f1a	02229a63	bne	x5,x2,80003f4e	  x5:0x9c4bb82e  x2:0x00000080
       27555000	      2656	80003f4e	0001	c.addi	x0,0	  x0:0x00000000  x0=0x00000000
       27565000	      2657	80003f50	018f5db3	srl	x27,x30,x24	 x30:0x80025ce4 x24:0x00006000 x27=0x80025ce4
       27575000	      2658	80003f54	0ff0000f	fence	iorw,iorw	
       27585000	      2659	80003f58	1d18	c.addi4spn	x14,x2,688	 x14=0x00000330
       27595000	      2660	80003f5a	00890ab3	add	x21,x18,x8	 x18:0x00000076  x8:0x894eacb4 x21=0x894ead2a
       27605000	      2661	80003f5e	191c	c.addi4spn	x15,x2,176	 x15=0x00000130
       27635000	      2664	80003f60	02290133	mul	x2,x18,x2	 x18:0x00000076  x2:0x00000080  x2=0x00003b00
       27645000	      2665	80003f64	4fff3a13	sltiu	x20,x30,1279	 x30:0x80025ce4 x20=0x00000000
       27655000	      2666	80003f68	012a8c33	add	x24,x21,x18	 x21:0x894ead2a x18:0x00000076 x24=0x894eada0
       27665000	      2667	80003f6c	0d98	c.addi4spn	x14,x2,720	 x14=0x00003dd0
       27685000	      2669	80003f6e	02025bb3	divu	x23,x4,x0	  x4:0x0001f000  x0:0x00000000 x23=0xffffffff
       27725000	      2673	80003f72	03142433	mulhsu	x8,x8,x17	  x8:0x894eacb4 x17:0x32a5d7bd  x8=0xe8847969
       27735000	      2674	80003f76	8c21	c.xor	x8,x8	  x8:0xe8847969  x8:0xe8847969  x8=0x00000000
       27745000	      2675	80003f78	e8871b17	auipc	x22,0xe8871	 x22=0x68874f78
       27755000	      2676	80003f7c	00ba4433	xor	x8,x20,x11	 x20:0x00000000 x11:0x894eacb4  x8=0x894eacb4
       27765000	      2677	80003f80	0e98	c.addi4spn	x14,x2,848	 x14=0x00003e50
       27775000	      2678	80003f82	0182e3b3	or	x7,x5,x24	  x5:0x9c4bb82e x24:0x894eada0  x7=0x9d4fbdae
       27785000	      2679	80003f86	51fd	c.li	x3,-1	  x3=0xffffffff
       27795000	      2680	80003f88	03ab4163	blt	x22,x26,80003faa	 x22:0x68874f78 x26:0x00000000
       27805000	      2681	80003f8c	0000100f	fence.i	
       27825000	      2683	80003f90	6cf1	c.lui	x25,0x1c	 x25=0x0001c000
       27835000	      2684	80003f92	0001	c.addi	x0,0	  x0:0x00000000  x0=0x00000000
       27845000	      2685	80003f94	4039d993	srai	x19,x19,0x3	 x19:0x894eaf45 x19=0xf129d5e8
       27855000	      2686	80003f98	ea99	c.bnez	x13,80003fae	 x13:0xf894eacb
       27885000	      2689	80003fae	00ff7e63	bgeu	x30,x15,80003fca	 x30:0x80025ce4 x15:0x00000130
       27915000	      2692	80003fca	0ff0000f	fence	iorw,iorw	
       27925000	      2693	80003fce	871a	c.mv	x14,x6	  x0:0x00000000  x6:0x0001f000 x14=0x0001f000
       27935000	      2694	80003fd0	03e4f263	bgeu	x9,x30,80003ff4	  x9:0x80021e64 x30:0x80025ce4
       27945000	      2695	80003fd4	d2747c93	andi	x25,x8,-729	  x8:0x894eacb4 x25=0x894eac24
       27955000	      2696	80003fd8	03711463	bne	x2,x23,80004000	  x2:0x00003b00 x23:0xffffffff
       27975000	      2698	80004000	00e15413	srli	x8,x2,0xe	  x2:0x00003b00  x8=0x00000000
       27985000	      2699	80004004	01653d33	sltu	x26,x10,x22	 x10:0x00000000 x22:0x68874f78 x26=0x00000001
       27995000	      2700	80004008	a3360b37	lui	x22,0xa3360	 x22=0xa3360000
       28005000	      2701	8000400c	0000100f	fence.i	
       28025000	      2703	80004010	c031	c.beqz	x8,80004054	  x8:0x00000000
       28045000	      2705	80004054	0000100f	fence.i	
       28065000	      2707	80004058	0001	c.addi	x0,0	  x0:0x00000000  x0=0x00000000
       28075000	      2708	8000405a	41248fb3	sub	x31,x9,x18	  x9:0x80021e64 x18:0x00000076 x31=0x80021dee
       28085000	      2709	8000405e	0302e263	bltu	x5,x16,80004082	  x5:0x9c4bb82e x16:0x00000090
       28095000	      2710	80004062	2b825317	auipc	x6,0x2b825	  x6=0xab829062
       28105000	      2711	80004066	86e9	c.srai	x13,0x1a	 x13:0xf894eacb x13=0xfffffffe
       28115000	      2712	80004068	0490	c.addi4spn	x12,x2,576	 x12=0x00003d40
       28125000	      2713	8000406a	b9224293	xori	x5,x4,-1134	  x4:0x0001f000  x5=0xfffe0b92
       28135000	      2714	8000406e	0594	c.addi4spn	x13,x2,704	 x13=0x00003dc0
       28165000	      2717	80004070	03300533	mul	x10,x0,x19	  x0:0x00000000 x19:0xf129d5e8 x10=0x00000000
       28175000	      2718	80004074	8d65	c.and	x10,x9	 x10:0x00000000  x9:0x80021e64 x10=0x00000000
       28185000	      2719	80004076	01808463	beq	x1,x24,8000407e	  x1:0x00000000 x24:0x894eada0
       28195000	      2720	8000407a	1f94	c.addi4spn	x13,x2,1008	 x13=0x00003ef0
       28205000	      2721	8000407c	826d	c.srli	x12,0x1b	 x12:0x00003d40 x12=0x00000000
       28215000	      2722	8000407e	11f4fb13	andi	x22,x9,287	  x9:0x80021e64 x22=0x00000004
       28585000	      2759	80004082	02784a33	div	x20,x16,x7	 x16:0x00000090  x7:0x9d4fbdae x20=0x00000000
       28595000	      2760	80004086	50fd	c.li	x1,-1	  x1=0xffffffff
       28605000	      2761	80004088	4e08bb13	sltiu	x22,x17,1248	 x17:0x32a5d7bd x22=0x00000000
       28615000	      2762	8000408c	41eb0533	sub	x10,x22,x30	 x22:0x00000000 x30:0x80025ce4 x10=0x7ffda31c
       28625000	      2763	80004090	03a25563	bge	x4,x26,800040ba	  x4:0x0001f000 x26:0x00000001
       28645000	      2765	800040ba	0001	c.addi	x0,0	  x0:0x00000000  x0=0x00000000
       28655000	      2766	800040bc	86b9	c.srai	x13,0xe	 x13:0x00003ef0 x13=0x00000000
       28665000	      2767	800040be	01bc6733	or	x14,x24,x27	 x24:0x894eada0 x27:0x80025ce4 x14=0x894efde4
       28675000	      2768	800040c2	6d8e2393	slti	x7,x28,1752	 x28:0xaca2ed37  x7=0x00000001
       28685000	      2769	800040c6	00904f63	blt	x0,x9,800040e4	  x0:0x00000000  x9:0x80021e64
       28695000	      2770	800040ca	8fa1	c.xor	x15,x8	 x15:0x00000130  x8:0x00000000 x15=0x00000130
       28735000	      2774	800040cc	034621b3	mulhsu	x3,x12,x20	 x12:0x00000000 x20:0x00000000  x3=0x00000000
       28775000	      2778	800040d0	035831b3	mulhu	x3,x16,x21	 x16:0x00000090 x21:0x894ead2a  x3=0x0000004d
       28805000	      2781	800040d4	02778ab3	mul	x21,x15,x7	 x15:0x00000130  x7:0x00000001 x21=0x00000130
       28815000	      2782	800040d8	73760e13	addi	x28,x12,1847	 x12:0x00000000 x28=0x00000737
       28825000	      2783	800040dc	587d	c.li	x16,-1	 x16=0xffffffff
       28835000	      2784	800040de	613d	c.addi16sp	x2,480	  x2:0x00003b00  x2=0x00003ce0
       28845000	      2785	800040e0	a83b6993	ori	x19,x22,-1405	 x22:0x00000000 x19=0xfffffa83
       28855000	      2786	800040e4	40a1d893	srai	x17,x3,0xa	  x3:0x0000004d x17=0x00000000
       28865000	      2787	800040e8	000be763	bltu	x23,x0,800040f6	 x23:0xffffffff  x0:0x00000000
       28875000	      2788	800040ec	00ee4663	blt	x28,x14,800040f8	 x28:0x00000737 x14:0x894efde4
       28885000	      2789	800040f0	0c348e93	addi	x29,x9,195	  x9:0x80021e64 x29=0x80021f27
       28895000	      2790	800040f4	6151	c.addi16sp	x2,272	  x2:0x00003ce0  x2=0x00003df0
       28905000	      2791	800040f6	c691	c.beqz	x13,80004102	 x13:0x00000000
       28945000	      2795	80004102	020b5633	divu	x12,x22,x0	 x22:0x00000000  x0:0x00000000 x12=0xffffffff
       28955000	      2796	80004106	8551	c.srai	x10,0x14	 x10:0x7ffda31c x10=0x000007ff
       28965000	      2797	80004108	0eb5b193	sltiu	x3,x11,235	 x11:0x894eacb4  x3=0x00000000
       28975000	      2798	8000410c	010b5093	srli	x1,x22,0x10	 x22:0x00000000  x1=0x00000000
       28985000	      2799	80004110	8c01	c.sub	x8,x8	  x8:0x00000000  x8:0x00000000  x8=0x00000000
       28995000	      2800	80004112	0ff0000f	fence	iorw,iorw	
       29005000	      2801	80004116	03d56b63	bltu	x10,x29,8000414c	 x10:0x000007ff x29:0x80021f27
       29385000	      2839	8000414c	0270d2b3	divu	x5,x1,x7	  x1:0x00000000  x7:0x00000001  x5=0x00000000
       29395000	      2840	80004150	411a5eb3	sra	x29,x20,x17	 x20:0x00000000 x17:0x00000000 x29=0x00000000
       29405000	      2841	80004154	717d	c.addi16sp	x2,-16	  x2:0x00003df0  x2=0x00003de0
       29415000	      2842	80004156	017de933	or	x18,x27,x23	 x27:0x80025ce4 x23:0xffffffff x18=0xffffffff
       29455000	      2846	8000415a	03aa3bb3	mulhu	x23,x20,x26	 x20:0x00000000 x26:0x00000001 x23=0x00000000
       29465000	      2847	8000415e	66b9	c.lui	x13,0xe	 x13=0x0000e000
       29835000	      2884	80004160	03baf733	remu	x14,x21,x27	 x21:0x00000130 x27:0x80025ce4 x14=0x00000130
       29845000	      2885	80004164	0116dd63	bge	x13,x17,8000417e	 x13:0x0000e000 x17:0x00000000
       29865000	      2887	8000417e	0a56	c.slli	x20,0x15	 x20:0x00000000 x20=0x00000000
       30235000	      2924	80004180	02965733	divu	x14,x12,x9	 x12:0xffffffff  x9:0x80021e64 x14=0x00000001
       30245000	      2925	80004184	03780263	beq	x16,x23,800041a8	 x16:0xffffffff x23:0x00000000
       30255000	      2926	80004188	6bf55b17	auipc	x22,0x6bf55	 x22=0xebf59188
       30265000	      2927	8000418c	862a	c.mv	x12,x10	  x0:0x00000000 x10:0x000007ff x12=0x000007ff
       30275000	      2928	8000418e	22dd3293	sltiu	x5,x26,557	 x26:0x00000001  x5=0x00000001
       30285000	      2929	80004192	0001	c.addi	x0,0	  x0:0x00000000  x0=0x00000000
       30295000	      2930	80004194	0ff0000f	fence	iorw,iorw	
       30305000	      2931	80004198	03e1de63	bge	x3,x30,800041d4	  x3:0x00000000 x30:0x80025ce4
       30325000	      2933	800041d4	00196813	ori	x16,x18,1	 x18:0xffffffff x16=0xffffffff
       30335000	      2934	800041d8	8f99	c.sub	x15,x14	 x15:0x00000130 x14:0x00000001 x15=0x0000012f
       30345000	      2935	800041da	01ab6463	bltu	x22,x26,800041e2	 x22:0xebf59188 x26:0x00000001
       30355000	      2936	800041de	01466eb3	or	x29,x12,x20	 x12:0x000007ff x20:0x00000000 x29=0x000007ff
       30365000	      2937	800041e2	02e44563	blt	x8,x14,8000420c	  x8:0x00000000 x14:0x00000001
       30385000	      2939	8000420c	26de3b13	sltiu	x22,x28,621	 x28:0x00000737 x22=0x00000000
       30395000	      2940	80004210	67d5	c.lui	x15,0x15	 x15=0x00015000
       30405000	      2941	80004212	8ed5	c.or	x13,x13	 x13:0x0000e000 x13:0x0000e000 x13=0x0000e000
       30415000	      2942	80004214	92e2	c.add	x5,x24	  x5:0x00000001 x24:0x894eada0  x5=0x894eada1
       30425000	      2943	80004216	eb09	c.bnez	x14,80004228	 x14:0x00000001
       30445000	      2945	80004228	00cae863	bltu	x21,x12,80004238	 x21:0x00000130 x12:0x000007ff
       30495000	      2950	80004238	026ba533	mulhsu	x10,x23,x6	 x23:0x00000000  x6:0xab829062 x10=0x00000000
       30505000	      2951	8000423c	000e6333	or	x6,x28,x0	 x28:0x00000737  x0:0x00000000  x6=0x00000737
       30515000	      2952	80004240	03ef9b63	bne	x31,x30,80004276	 x31:0x80021dee x30:0x80025ce4
       30905000	      2991	80004276	03a5d533	divu	x10,x11,x26	 x11:0x894eacb4 x26:0x00000001 x10=0x894eacb4
       30915000	      2992	8000427a	5dfd	c.li	x27,-1	 x27=0xffffffff
       30925000	      2993	8000427c	00a62733	slt	x14,x12,x10	 x12:0x000007ff x10:0x894eacb4 x14=0x00000000
       30935000	      2994	80004280	4112d393	srai	x7,x5,0x11	  x5:0x894eada1  x7=0xffffc4a7
       30975000	      2998	80004284	021e2a33	mulhsu	x20,x28,x1	 x28:0x00000737  x1:0x00000000 x20=0x00000000
       30985000	      2999	80004288	157d	c.addi	x10,-1	 x10:0x894eacb4 x10=0x894eacb3
       30995000	      3000	8000428a	8d69	c.and	x10,x10	 x10:0x894eacb3 x10:0x894eacb3 x10=0x894eacb3
       31035000	      3004	8000428c	03dd12b3	mulh	x5,x26,x29	 x26:0x00000001 x29:0x000007ff  x5=0x00000000
       31045000	      3005	80004290	0038cdb3	xor	x27,x17,x3	 x17:0x00000000  x3:0x00000000 x27=0x00000000
       31055000	      3006	80004294	008c4ab3	xor	x21,x24,x8	 x24:0x894eada0  x8:0x00000000 x21=0x894eada0
       31065000	      3007	80004298	06fb7213	andi	x4,x22,111	 x22:0x00000000  x4=0x00000000
       31075000	      3008	8000429c	02d9f563	bgeu	x19,x13,800042c6	 x19:0xfffffa83 x13:0x0000e000
       31105000	      3011	800042c6	022b9963	bne	x23,x2,800042f8	 x23:0x00000000  x2:0x00003de0
       31125000	      3013	800042f8	6169	c.addi16sp	x2,208	  x2:0x00003de0  x2=0x00003eb0
       31135000	      3014	800042fa	8365	c.srli	x14,0x19	 x14:0x00000000 x14=0x00000000
       31145000	      3015	800042fc	8fed	c.and	x15,x11	 x15:0x00015000 x11:0x894eacb4 x15=0x00000000
       31155000	      3016	800042fe	004ca533	slt	x10,x25,x4	 x25:0x894eac24  x4:0x00000000 x10=0x00000001
       31165000	      3017	80004302	2a9b9237	lui	x4,0x2a9b9	  x4=0x2a9b9000
       31175000	      3018	80004306	f3ef3e97	auipc	x29,0xf3ef3	 x29=0x73ef7306
       31185000	      3019	8000430a	8e55	c.or	x12,x13	 x12:0x000007ff x13:0x0000e000 x12=0x0000e7ff
       31195000	      3020	8000430c	01a75833	srl	x16,x14,x26	 x14:0x00000000 x26:0x00000001 x16=0x00000000
       31205000	      3021	80004310	8d75	c.and	x10,x13	 x10:0x00000001 x13:0x0000e000 x10=0x00000000
       31225000	      3023	80004312	02877733	remu	x14,x14,x8	 x14:0x00000000  x8:0x00000000 x14=0x00000000
       31235000	      3024	80004316	00371033	sll	x0,x14,x3	 x14:0x00000000  x3:0x00000000  x0=0x00000000
       31245000	      3025	8000431a	0001	c.addi	x0,0	  x0:0x00000000  x0=0x00000000
       31255000	      3026	8000431c	01533fb3	sltu	x31,x6,x21	  x6:0x00000737 x21:0x894eada0 x31=0x00000001
       31295000	      3030	80004320	02cd1bb3	mulh	x23,x26,x12	 x26:0x00000001 x12:0x0000e7ff x23=0x00000000
       31305000	      3031	80004324	4c95	c.li	x25,5	 x25=0x00000005
       31325000	      3033	80004326	02aeffb3	remu	x31,x29,x10	 x29:0x73ef7306 x10:0x00000000 x31=0x73ef7306
       31335000	      3034	8000432a	05b79063	bne	x15,x27,8000436a	 x15:0x00000000 x27:0x00000000
       31345000	      3035	8000432e	0ff0000f	fence	iorw,iorw	
       31355000	      3036	80004332	00391d93	slli	x27,x18,0x3	 x18:0xffffffff x27=0xfffffff8
       31365000	      3037	80004336	ccbe2893	slti	x17,x28,-821	 x28:0x00000737 x17=0x00000000
       31735000	      3074	8000433a	03995733	divu	x14,x18,x25	 x18:0xffffffff x25:0x00000005 x14=0x33333333
       31775000	      3078	8000433e	02e11233	mulh	x4,x2,x14	  x2:0x00003eb0 x14:0x33333333  x4=0x00000c89
       31785000	      3079	80004342	001ad863	bge	x21,x1,80004352	 x21:0x894eada0  x1:0x00000000
       31805000	      3081	80004346	03075333	divu	x6,x14,x16	 x14:0x33333333 x16:0x00000000  x6=0xffffffff
       31815000	      3082	8000434a	01f87db3	and	x27,x16,x31	 x16:0x00000000 x31:0x73ef7306 x27=0x00000000
       31855000	      3086	8000434e	03a6bb33	mulhu	x22,x13,x26	 x13:0x0000e000 x26:0x00000001 x22=0x00000000
       31875000	      3088	80004352	037ad9b3	divu	x19,x21,x23	 x21:0x894eada0 x23:0x00000000 x19=0xffffffff
       31885000	      3089	80004356	03c85f63	bge	x16,x28,80004394	 x16:0x00000000 x28:0x00000737
       31895000	      3090	8000435a	91fa	c.add	x3,x30	  x3:0x00000000 x30:0x80025ce4  x3=0x80025ce4
       31905000	      3091	8000435c	00f116b3	sll	x13,x2,x15	  x2:0x00003eb0 x15:0x00000000 x13=0x00003eb0
       31915000	      3092	80004360	bac1c413	xori	x8,x3,-1108	  x3:0x80025ce4  x8=0x7ffda748
       31925000	      3093	80004364	85d2f713	andi	x14,x5,-1955	  x5:0x00000000 x14=0x00000000
       31935000	      3094	80004368	117d	c.addi	x2,-1	  x2:0x00003eb0  x2=0x00003eaf
       31945000	      3095	8000436a	4d0bc893	xori	x17,x23,1232	 x23:0x00000000 x17=0x000004d0
       31955000	      3096	8000436e	03950c63	beq	x10,x25,800043a6	 x10:0x00000000 x25:0x00000005
       31965000	      3097	80004372	0000100f	fence.i	
       31985000	      3099	80004376	0b98	c.addi4spn	x14,x2,464	 x14=0x0000407f
       32355000	      3136	80004378	028b6533	rem	x10,x22,x8	 x22:0x00000000  x8:0x7ffda748 x10=0x00000000
       32365000	      3137	8000437c	41acd313	srai	x6,x25,0x1a	 x25:0x00000005  x6=0x00000000
       32735000	      3174	80004380	03d17633	remu	x12,x2,x29	  x2:0x00003eaf x29:0x73ef7306 x12=0x00003eaf
       32745000	      3175	80004384	8ea9	c.xor	x13,x10	 x13:0x00003eb0 x10:0x00000000 x13=0x00003eb0
       32755000	      3176	80004386	0001	c.addi	x0,0	  x0:0x00000000  x0=0x00000000
       32765000	      3177	80004388	e309	c.bnez	x14,8000438a	 x14:0x0000407f
       32785000	      3179	8000438a	8d11	c.sub	x10,x12	 x10:0x00000000 x12:0x00003eaf x10=0xffffc151
       32795000	      3180	8000438c	9996	c.add	x19,x5	 x19:0xffffffff  x5:0x00000000 x19=0xffffffff
       32805000	      3181	8000438e	012fde93	srli	x29,x31,0x12	 x31:0x73ef7306 x29=0x00001cfb
       32815000	      3182	80004392	717d	c.addi16sp	x2,-16	  x2:0x00003eaf  x2=0x00003e9f
       32845000	      3185	80004394	02a80d33	mul	x26,x16,x10	 x16:0x00000000 x10:0xffffc151 x26=0x00000000
       32855000	      3186	80004398	8ee5	c.and	x13,x9	 x13:0x00003eb0  x9:0x80021e64 x13=0x00001e20
       32865000	      3187	8000439a	52fd	c.li	x5,-1	  x5=0xffffffff
       32875000	      3188	8000439c	86f5	c.srai	x13,0x1d	 x13:0x00001e20 x13=0x00000000
       32885000	      3189	8000439e	00c3bc33	sltu	x24,x7,x12	  x7:0xffffc4a7 x12:0x00003eaf x24=0x00000000
       32895000	      3190	800043a2	00e2ef63	bltu	x5,x14,800043c0	  x5:0xffffffff x14:0x0000407f
       32905000	      3191	800043a6	00754f63	blt	x10,x7,800043c4	 x10:0xffffc151  x7:0xffffc4a7
       32925000	      3193	800043c4	4119dcb3	sra	x25,x19,x17	 x19:0xffffffff x17:0x000004d0 x25=0xffffffff
       32935000	      3194	800043c8	5adcad97	auipc	x27,0x5adca	 x27=0xdadce3c8
       32945000	      3195	800043cc	fabb8893	addi	x17,x23,-85	 x23:0x00000000 x17=0xffffffab
       32955000	      3196	800043d0	401cd693	srai	x13,x25,0x1	 x25:0xffffffff x13=0xffffffff
       32965000	      3197	800043d4	03549963	bne	x9,x21,80004406	  x9:0x80021e64 x21:0x894eada0
       32985000	      3199	80004406	717d	c.addi16sp	x2,-16	  x2:0x00003e9f  x2=0x00003e8f
       32995000	      3200	80004408	de9d8413	addi	x8,x27,-535	 x27:0xdadce3c8  x8=0xdadce1b1
       33005000	      3201	8000440c	41fd8c33	sub	x24,x27,x31	 x27:0xdadce3c8 x31:0x73ef7306 x24=0x66ed70c2
       33015000	      3202	80004410	e411	c.bnez	x8,8000441c	  x8:0xdadce1b1
       33035000	      3204	8000441c	006fe863	bltu	x31,x6,8000442c	 x31:0x73ef7306  x6:0x00000000
       33045000	      3205	80004420	9ef6	c.add	x29,x29	 x29:0x00001cfb x29:0x00001cfb x29=0x000039f6
       33055000	      3206	80004422	e60d	c.bnez	x12,8000444c	 x12:0x00003eaf
       33075000	      3208	8000444c	8fcd	c.or	x15,x11	 x15:0x00000000 x11:0x894eacb4 x15=0x894eacb4
       33085000	      3209	8000444e	fcbb8a13	addi	x20,x23,-53	 x23:0x00000000 x20=0xffffffcb
       33115000	      3212	80004452	022b80b3	mul	x1,x23,x2	 x23:0x00000000  x2:0x00003e8f  x1=0x00000000
       33125000	      3213	80004456	6151	c.addi16sp	x2,272	  x2:0x00003e8f  x2=0x00003f9f
       33135000	      3214	80004458	0222	c.slli	x4,0x8	  x4:0x00000c89  x4=0x000c8900
       33145000	      3215	8000445a	00baf033	and	x0,x21,x11	 x21:0x894eada0 x11:0x894eacb4  x0=0x00000000
       33155000	      3216	8000445e	1bfd	c.addi	x23,-1	 x23:0x00000000 x23=0xffffffff
       33165000	      3217	80004460	017fed63	bltu	x31,x23,8000447a	 x31:0x73ef7306 x23:0xffffffff
       33195000	      3220	8000447a	54ddf713	andi	x14,x27,1357	 x27:0xdadce3c8 x14=0x00000148
       33205000	      3221	8000447e	611d	c.addi16sp	x2,416	  x2:0x00003f9f  x2=0x0000413f
       33575000	      3258	80004480	034fce33	div	x28,x31,x20	 x31:0x73ef7306 x20:0xffffffcb x28=0xfdd002a9
       33585000	      3259	80004484	03805097	auipc	x1,0x3805	  x1=0x83809484
       33625000	      3263	80004488	03cd1933	mulh	x18,x26,x28	 x26:0x00000000 x28:0xfdd002a9 x18=0x00000000
       33635000	      3264	8000448c	406b58b3	sra	x17,x22,x6	 x22:0x00000000  x6:0x00000000 x17=0x00000000
       33645000	      3265	80004490	64296c93	ori	x25,x18,1602	 x18:0x00000000 x25=0x00000642
       33655000	      3266	80004494	00e96663	bltu	x18,x14,800044a0	 x18:0x00000000 x14:0x00000148
       33675000	      3268	800044a0	9da698b7	lui	x17,0x9da69	 x17=0x9da69000
       33685000	      3269	800044a4	0126a6b3	slt	x13,x13,x18	 x13:0xffffffff x18:0x00000000 x13=0x00000001
       33695000	      3270	800044a8	01aa37b3	sltu	x15,x20,x26	 x20:0xffffffcb x26:0x00000000 x15=0x00000000
       33705000	      3271	800044ac	8e51	c.or	x12,x12	 x12:0x00003eaf x12:0x00003eaf x12=0x00003eaf
       33715000	      3272	800044ae	0440e313	ori	x6,x1,68	  x1:0x83809484  x6=0x838094c4
       33725000	      3273	800044b2	0000100f	fence.i	
       33745000	      3275	800044b6	8fa1	c.xor	x15,x8	 x15:0x00000000  x8:0xdadce1b1 x15=0xdadce1b1
       33755000	      3276	800044b8	0ff0000f	fence	iorw,iorw	
       33765000	      3277	800044bc	028dd863	bge	x27,x8,800044ec	 x27:0xdadce3c8  x8:0xdadce1b1
       33785000	      3279	800044ec	717d	c.addi16sp	x2,-16	  x2:0x0000413f  x2=0x0000412f
       33825000	      3283	800044ee	027f3d33	mulhu	x26,x30,x7	 x30:0x80025ce4  x7:0xffffc4a7 x26=0x80023f36
       33835000	      3284	800044f2	0001	c.addi	x0,0	  x0:0x00000000  x0=0x00000000
       33845000	      3285	800044f4	01caccb3	xor	x25,x21,x28	 x21:0x894eada0 x28:0xfdd002a9 x25=0x749eaf09
       33855000	      3286	800044f8	8575	c.srai	x10,0x1d	 x10:0xffffc151 x10=0xffffffff
       33865000	      3287	800044fa	00f8e9b3	or	x19,x17,x15	 x17:0x9da69000 x15:0xdadce1b1 x19=0xdffef1b1
       33875000	      3288	800044fe	008d7133	and	x2,x26,x8	 x26:0x80023f36  x8:0xdadce1b1  x2=0x80002130
       33885000	      3289	80004502	6d31	c.lui	x26,0xc	 x26=0x0000c000
       33895000	      3290	80004504	8ecd	c.or	x13,x11	 x13:0x00000001 x11:0x894eacb4 x13=0x894eacb5
       33905000	      3291	80004506	c609	c.beqz	x12,80004510	 x12:0x00003eaf
       33915000	      3292	80004508	0ff0000f	fence	iorw,iorw	
       33925000	      3293	8000450c	00918c33	add	x24,x3,x9	  x3:0x80025ce4  x9:0x80021e64 x24=0x00047b48
       33935000	      3294	80004510	8cd2	c.mv	x25,x20	  x0:0x00000000 x20:0xffffffcb x25=0xffffffcb
       33945000	      3295	80004512	02075663	bge	x14,x0,8000453e	 x14:0x00000148  x0:0x00000000
       33975000	      3298	8000453e	009820b3	slt	x1,x16,x9	 x16:0x00000000  x9:0x80021e64  x1=0x00000000
       33985000	      3299	80004542	a69d4713	xori	x14,x26,-1431	 x26:0x0000c000 x14=0xffff3a69
       34355000	      3336	80004546	02a04933	div	x18,x0,x10	  x0:0x00000000 x10:0xffffffff x18=0x00000000
       34365000	      3337	8000454a	01c3dc33	srl	x24,x7,x28	  x7:0xffffc4a7 x28:0xfdd002a9 x24=0x007fffe2
       34375000	      3338	8000454e	01bb0eb3	add	x29,x22,x27	 x22:0x00000000 x27:0xdadce3c8 x29=0xdadce3c8
       34385000	      3339	80004552	8a700b93	addi	x23,x0,-1881	  x0:0x00000000 x23=0xfffff8a7
       34395000	      3340	80004556	0067cbb3	xor	x23,x15,x6	 x15:0xdadce1b1  x6:0x838094c4 x23=0x595c7575
       34435000	      3344	8000455a	0386bfb3	mulhu	x31,x13,x24	 x13:0x894eacb5 x24:0x007fffe2 x31=0x0044a746
       34445000	      3345	8000455e	004cfab3	and	x21,x25,x4	 x25:0xffffffcb  x4:0x000c8900 x21=0x000c8900
       34455000	      3346	80004562	068e	c.slli	x13,0x3	 x13:0x894eacb5 x13=0x4a7565a8
       34465000	      3347	80004564	d5b7d217	auipc	x4,0xd5b7d	  x4=0x55b81564
       34475000	      3348	80004568	73c80e13	addi	x28,x16,1852	 x16:0x00000000 x28=0x0000073c
       34485000	      3349	8000456c	162e6713	ori	x14,x28,354	 x28:0x0000073c x14=0x0000077e
       34495000	      3350	80004570	6161	c.addi16sp	x2,80	  x2:0x80002130  x2=0x80002180
       34505000	      3351	80004572	0000100f	fence.i	
       34565000	      3357	80004576	0383bcb3	mulhu	x25,x7,x24	  x7:0xffffc4a7 x24:0x007fffe2 x25=0x007fffc4
       34575000	      3358	8000457a	00807cb3	and	x25,x0,x8	  x0:0x00000000  x8:0xdadce1b1 x25=0x00000000
       34585000	      3359	8000457e	004b4db3	xor	x27,x22,x4	 x22:0x00000000  x4:0x55b81564 x27=0x55b81564
       34595000	      3360	80004582	404c5393	srai	x7,x24,0x4	 x24:0x007fffe2  x7=0x0007fffe
       34605000	      3361	80004586	987d	c.andi	x8,-1	  x8:0xdadce1b1  x8=0xdadce1b1
       34615000	      3362	80004588	01b398b3	sll	x17,x7,x27	  x7:0x0007fffe x27:0x55b81564 x17=0x007fffe0
       34625000	      3363	8000458c	01c51e33	sll	x28,x10,x28	 x10:0xffffffff x28:0x0000073c x28=0xf0000000
       34635000	      3364	80004590	00b300b3	add	x1,x6,x11	  x6:0x838094c4 x11:0x894eacb4  x1=0x0ccf4178
       34645000	      3365	80004594	4036d813	srai	x16,x13,0x3	 x13:0x4a7565a8 x16=0x094eacb5
       34655000	      3366	80004598	039cc063	blt	x25,x25,800045b8	 x25:0x00000000 x25:0x00000000
       34665000	      3367	8000459c	02d37863	bgeu	x6,x13,800045cc	  x6:0x838094c4 x13:0x4a7565a8
       34685000	      3369	800045cc	03980563	beq	x16,x25,800045f6	 x16:0x094eacb5 x25:0x00000000
       35055000	      3406	800045d0	02f3d8b3	divu	x17,x7,x15	  x7:0x0007fffe x15:0xdadce1b1 x17=0x00000000
       35065000	      3407	800045d4	006201b3	add	x3,x4,x6	  x4:0x55b81564  x6:0x838094c4  x3=0xd938aa28
       35075000	      3408	800045d8	00126533	or	x10,x4,x1	  x4:0x55b81564  x1:0x0ccf4178 x10=0x5dff557c
       35085000	      3409	800045dc	c519	c.beqz	x10,800045ea	 x10:0x5dff557c
       35125000	      3413	800045de	03799eb3	mulh	x29,x19,x23	 x19:0xdffef1b1 x23:0x595c7575 x29=0xf4d412f6
       35495000	      3450	800045e2	03354db3	div	x27,x10,x19	 x10:0x5dff557c x19:0xdffef1b1 x27=0xfffffffe
       35535000	      3454	800045e6	02b390b3	mulh	x1,x7,x11	  x7:0x0007fffe x11:0x894eacb4  x1=0xfffc4a76
       35545000	      3455	800045ea	4177dd33	sra	x26,x15,x23	 x15:0xdadce1b1 x23:0x595c7575 x26=0xfffffed6
       35555000	      3456	800045ee	8175	c.srli	x10,0x1d	 x10:0x5dff557c x10=0x00000002
       35565000	      3457	800045f0	8f5d	c.or	x14,x15	 x14:0x0000077e x15:0xdadce1b1 x14=0xdadce7ff
       35575000	      3458	800045f2	01875563	bge	x14,x24,800045fc	 x14:0xdadce7ff x24:0x007fffe2
       35585000	      3459	800045f6	eaac2293	slti	x5,x24,-342	 x24:0x007fffe2  x5=0x00000000
       35595000	      3460	800045fa	ec01	c.bnez	x8,80004612	  x8:0xdadce1b1
       35625000	      3463	80004612	003c0933	add	x18,x24,x3	 x24:0x007fffe2  x3:0xd938aa28 x18=0xd9b8aa0a
       35635000	      3464	80004616	410f8633	sub	x12,x31,x16	 x31:0x0044a746 x16:0x094eacb5 x12=0xf6f5fa91
       35645000	      3465	8000461a	8ef1	c.and	x13,x12	 x13:0x4a7565a8 x12:0xf6f5fa91 x13=0x42756080
       35655000	      3466	8000461c	0001	c.addi	x0,0	  x0:0x00000000  x0=0x00000000
       35665000	      3467	8000461e	00f05293	srli	x5,x0,0xf	  x0:0x00000000  x5=0x00000000
       35705000	      3471	80004622	02eea7b3	mulhsu	x15,x29,x14	 x29:0xf4d412f6 x14:0xdadce7ff x15=0xf672f446
       35715000	      3472	80004626	811a	c.mv	x2,x6	  x0:0x00000000  x6:0x838094c4  x2=0x838094c4
       35725000	      3473	80004628	613d	c.addi16sp	x2,480	  x2:0x838094c4  x2=0x838096a4
       35735000	      3474	8000462a	8f91	c.sub	x15,x12	 x15:0xf672f446 x12:0xf6f5fa91 x15=0xff7cf9b5
       35745000	      3475	8000462c	2289aa93	slti	x21,x19,552	 x19:0xdffef1b1 x21=0x00000001
       35755000	      3476	80004630	0001	c.addi	x0,0	  x0:0x00000000  x0=0x00000000
       35765000	      3477	80004632	60f1	c.lui	x1,0x1c	  x1=0x0001c000
       35805000	      3481	80004634	02439333	mulh	x6,x7,x4	  x7:0x0007fffe  x4:0x55b81564  x6=0x0002adbf
       35815000	      3482	80004638	984a	c.add	x16,x18	 x16:0x094eacb5 x18:0xd9b8aa0a x16=0xe30756bf
       35825000	      3483	8000463a	0113eeb3	or	x29,x7,x17	  x7:0x0007fffe x17:0x00000000 x29=0x0007fffe
       35835000	      3484	8000463e	043c0063	beq	x24,x3,8000467e	 x24:0x007fffe2  x3:0xd938aa28
       35845000	      3485	80004642	8ead	c.xor	x13,x11	 x13:0x42756080 x11:0x894eacb4 x13=0xcb3bcc34
       35855000	      3486	80004644	8e01	c.sub	x12,x8	 x12:0xf6f5fa91  x8:0xdadce1b1 x12=0x1c1918e0
       36225000	      3523	80004646	021ef033	remu	x0,x29,x1	 x29:0x0007fffe  x1:0x0001c000  x0=0x00000000
       36235000	      3524	8000464a	4034d713	srai	x14,x9,0x3	  x9:0x80021e64 x14=0xf00043cc
       36245000	      3525	8000464e	8f19	c.sub	x14,x14	 x14:0xf00043cc x14:0xf00043cc x14=0x00000000
       36255000	      3526	80004650	1614	c.addi4spn	x13,x2,800	 x13=0x838099c4
       36265000	      3527	80004652	0083b1b3	sltu	x3,x7,x8	  x7:0x0007fffe  x8:0xdadce1b1  x3=0x00000001
       36275000	      3528	80004656	029ed163	bge	x29,x9,80004678	 x29:0x0007fffe  x9:0x80021e64
       36295000	      3530	80004678	8116	c.mv	x2,x5	  x0:0x00000000  x5:0x00000000  x2=0x00000000
       36305000	      3531	8000467a	01d970b3	and	x1,x18,x29	 x18:0xd9b8aa0a x29:0x0007fffe  x1=0x0000aa0a
       36315000	      3532	8000467e	1bfd	c.addi	x23,-1	 x23:0x595c7575 x23=0x595c7574
       36325000	      3533	80004680	1c946117	auipc	x2,0x1c946	  x2=0x9c94a680
       36355000	      3536	80004684	03438bb3	mul	x23,x7,x20	  x7:0x0007fffe x20:0xffffffcb x23=0xfe58006a
       36365000	      3537	80004688	8862	c.mv	x16,x24	  x0:0x00000000 x24:0x007fffe2 x16=0x007fffe2
       36385000	      3539	8000468a	0200ccb3	div	x25,x1,x0	  x1:0x0000aa0a  x0:0x00000000 x25=0xffffffff
       36395000	      3540	8000468e	717d	c.addi16sp	x2,-16	  x2:0x9c94a680  x2=0x9c94a670
       36405000	      3541	80004690	717d	c.addi16sp	x2,-16	  x2:0x9c94a670  x2=0x9c94a660
       36415000	      3542	80004692	8779	c.srai	x14,0x1e	 x14:0x00000000 x14=0x00000000
       36425000	      3543	80004694	89ca	c.mv	x19,x18	  x0:0x00000000 x18:0xd9b8aa0a x19=0xd9b8aa0a
       36435000	      3544	80004696	99c2	c.add	x19,x16	 x19:0xd9b8aa0a x16:0x007fffe2 x19=0xda38a9ec
       36445000	      3545	80004698	010ade63	bge	x21,x16,800046b4	 x21:0x00000001 x16:0x007fffe2
       36815000	      3582	8000469c	03f46e33	rem	x28,x8,x31	  x8:0xdadce1b1 x31:0x0044a746 x28=0xffdf0d6d
       36825000	      3583	800046a0	888ff013	andi	x0,x31,-1912	 x31:0x0044a746  x0=0x00000000
       36835000	      3584	800046a4	8145	c.srli	x10,0x11	 x10:0x00000002 x10=0x00000000
       36845000	      3585	800046a6	cd05	c.beqz	x10,800046de	 x10:0x00000000
       36865000	      3587	800046de	4445	c.li	x8,17	  x8=0x00000011
       36875000	      3588	800046e0	0001	c.addi	x0,0	  x0:0x00000000  x0=0x00000000
       36885000	      3589	800046e2	00869193	slli	x3,x13,0x8	 x13:0x838099c4  x3=0x8099c400
       36915000	      3592	800046e6	029d89b3	mul	x19,x27,x9	 x27:0xfffffffe  x9:0x80021e64 x19=0xfffbc338
       36925000	      3593	800046ea	0c19	c.addi	x24,6	 x24:0x007fffe2 x24=0x007fffe8
       36935000	      3594	800046ec	0127fab3	and	x21,x15,x18	 x15:0xff7cf9b5 x18:0xd9b8aa0a x21=0xd938a800
       36945000	      3595	800046f0	8d0e	c.mv	x26,x3	  x0:0x00000000  x3:0x8099c400 x26=0x8099c400
       36955000	      3596	800046f2	8159	c.srli	x10,0x16	 x10:0x00000000 x10=0x00000000
       36965000	      3597	800046f4	003f5863	bge	x30,x3,80004704	 x30:0x80025ce4  x3:0x8099c400
       36975000	      3598	800046f8	8380c913	xori	x18,x1,-1992	  x1:0x0000aa0a x18=0xffff5232
       36985000	      3599	800046fc	003c1b13	slli	x22,x24,0x3	 x24:0x007fffe8 x22=0x03ffff40
       37355000	      3636	80004700	02fc6e33	rem	x28,x24,x15	 x24:0x007fffe8 x15:0xff7cf9b5 x28=0x007fffe8
       37365000	      3637	80004704	03c1db63	bge	x3,x28,8000473a	  x3:0x8099c400 x28:0x007fffe8
       37375000	      3638	80004708	8f41	c.or	x14,x8	 x14:0x00000000  x8:0x00000011 x14=0x00000011
       37385000	      3639	8000470a	001e9a93	slli	x21,x29,0x1	 x29:0x0007fffe x21=0x000ffffc
       37395000	      3640	8000470e	0051b233	sltu	x4,x3,x5	  x3:0x8099c400  x5:0x00000000  x4=0x00000000
       37405000	      3641	80004712	0949	c.addi	x18,18	 x18:0xffff5232 x18=0xffff5244
       37415000	      3642	80004714	41db59b3	sra	x19,x22,x29	 x22:0x03ffff40 x29:0x0007fffe x19=0x00000000
       37425000	      3643	80004718	013c82b3	add	x5,x25,x19	 x25:0xffffffff x19:0x00000000  x5=0xffffffff
       37435000	      3644	8000471c	8955	c.andi	x10,21	 x10:0x00000000 x10=0x00000000
       37445000	      3645	8000471e	7fa84793	xori	x15,x16,2042	 x16:0x007fffe2 x15=0x007ff818
       37455000	      3646	80004722	01b0c013	xori	x0,x1,27	  x1:0x0000aa0a  x0=0x00000000
       37495000	      3650	80004726	02ea9fb3	mulh	x31,x21,x14	 x21:0x000ffffc x14:0x00000011 x31=0x00000000
       37505000	      3651	8000472a	0192fe33	and	x28,x5,x25	  x5:0xffffffff x25:0xffffffff x28=0xffffffff
       37515000	      3652	8000472e	03bb7863	bgeu	x22,x27,8000475e	 x22:0x03ffff40 x27:0xfffffffe
       37525000	      3653	80004732	40af8ab3	sub	x21,x31,x10	 x31:0x00000000 x10:0x00000000 x21=0x00000000
       37535000	      3654	80004736	01fbfcb3	and	x25,x23,x31	 x23:0xfe58006a x31:0x00000000 x25=0x00000000
       37545000	      3655	8000473a	50fd	c.li	x1,-1	  x1=0xffffffff
       37555000	      3656	8000473c	717d	c.addi16sp	x2,-16	  x2:0x9c94a660  x2=0x9c94a650
       37565000	      3657	8000473e	83e5	c.srli	x15,0x19	 x15:0x007ff818 x15=0x00000000
       37575000	      3658	80004740	02008663	beq	x1,x0,8000476c	  x1:0xffffffff  x0:0x00000000
       37585000	      3659	80004744	00e83ab3	sltu	x21,x16,x14	 x16:0x007fffe2 x14:0x00000011 x21=0x00000000
       37595000	      3660	80004748	c8acb917	auipc	x18,0xc8acb	 x18=0x48acf748
       37605000	      3661	8000474c	02e75c63	bge	x14,x14,80004784	 x14:0x00000011 x14:0x00000011
       37625000	      3663	80004784	f5b14e93	xori	x29,x2,-165	  x2:0x9c94a650 x29=0x636b590b
       37635000	      3664	80004788	0001	c.addi	x0,0	  x0:0x00000000  x0=0x00000000
       37645000	      3665	8000478a	0001	c.addi	x0,0	  x0:0x00000000  x0=0x00000000
       37655000	      3666	8000478c	b7222893	slti	x17,x4,-1166	  x4:0x00000000 x17=0x00000000
       37685000	      3669	80004790	030307b3	mul	x15,x6,x16	  x6:0x0002adbf x16:0x007fffe2 x15=0xdf2fa39e
       37695000	      3670	80004794	1c908e93	addi	x29,x1,457	  x1:0xffffffff x29=0x000001c8
       37705000	      3671	80004798	f443a513	slti	x10,x7,-188	  x7:0x0007fffe x10=0x00000000
       37715000	      3672	8000479c	6bb9	c.lui	x23,0xe	 x23=0x0000e000
       37725000	      3673	8000479e	7d342a13	slti	x20,x8,2003	  x8:0x00000011 x20=0x00000001
       37735000	      3674	800047a2	81ac7613	andi	x12,x24,-2022	 x24:0x007fffe8 x12=0x007ff808
       37745000	      3675	800047a6	0ff0000f	fence	iorw,iorw	
       37755000	      3676	800047aa	ef91	c.bnez	x15,800047c6	 x15:0xdf2fa39e
       37775000	      3678	800047c6	e685	c.bnez	x13,800047ee	 x13:0x838099c4
       37805000	      3681	800047ee	0125d6b3	srl	x13,x11,x18	 x11:0x894eacb4 x18:0x48acf748 x13=0x00894eac
       37815000	      3682	800047f2	a904c6b7	lui	x13,0xa904c	 x13=0xa904c000
       37825000	      3683	800047f6	1dfd	c.addi	x27,-1	 x27:0xfffffffe x27=0xfffffffd
       37835000	      3684	800047f8	0c3c8813	addi	x16,x25,195	 x25:0x00000000 x16=0x000000c3
       37845000	      3685	800047fc	00a7ecb3	or	x25,x15,x10	 x15:0xdf2fa39e x10:0x00000000 x25=0xdf2fa39e
       37855000	      3686	80004800	016769b3	or	x19,x14,x22	 x14:0x00000011 x22:0x03ffff40 x19=0x03ffff51
       37865000	      3687	80004804	007b7ab3	and	x21,x22,x7	 x22:0x03ffff40  x7:0x0007fffe x21=0x0007ff40
       37875000	      3688	80004808	6125	c.addi16sp	x2,96	  x2:0x9c94a650  x2=0x9c94a6b0
       37885000	      3689	8000480a	00df0a33	add	x20,x30,x13	 x30:0x80025ce4 x13:0xa904c000 x20=0x29071ce4
       37925000	      3693	8000480e	034f1333	mulh	x6,x30,x20	 x30:0x80025ce4 x20:0x29071ce4  x6=0xeb7cd27f
       37935000	      3694	80004812	8aa5	c.andi	x13,9	 x13:0xa904c000 x13=0x00000000
       37945000	      3695	80004814	8e92	c.mv	x29,x4	  x0:0x00000000  x4:0x00000000 x29=0x00000000
       37985000	      3699	80004816	02dda1b3	mulhsu	x3,x27,x13	 x27:0xfffffffd x13:0x00000000  x3=0x00000000
       38025000	      3703	8000481a	0220bcb3	mulhu	x25,x1,x2	  x1:0xffffffff  x2:0x9c94a6b0 x25=0x9c94a6af
       38035000	      3704	8000481e	8e45	c.or	x12,x9	 x12:0x007ff808  x9:0x80021e64 x12=0x807ffe6c
       38405000	      3741	80004820	02995333	divu	x6,x18,x9	 x18:0x48acf748  x9:0x80021e64  x6=0x00000000
       38415000	      3742	80004824	6159	c.addi16sp	x2,400	  x2:0x9c94a6b0  x2=0x9c94a840
       38425000	      3743	80004826	87d1	c.srai	x15,0x14	 x15:0xdf2fa39e x15=0xfffffdf2
       38435000	      3744	80004828	41fddc33	sra	x24,x27,x31	 x27:0xfffffffd x31:0x00000000 x24=0xfffffffd
       38445000	      3745	8000482c	fb666793	ori	x15,x12,-74	 x12:0x807ffe6c x15=0xfffffffe
       38455000	      3746	80004830	016bb333	sltu	x6,x23,x22	 x23:0x0000e000 x22:0x03ffff40  x6=0x00000001
       38465000	      3747	80004834	038f1763	bne	x30,x24,80004862	 x30:0x80025ce4 x24:0xfffffffd
       38485000	      3749	80004862	ca99	c.beqz	x13,80004878	 x13:0x00000000
       38505000	      3751	80004878	ef19	c.bnez	x14,80004896	 x14:0x00000011
       38535000	      3754	80004896	00649e93	slli	x29,x9,0x6	  x9:0x80021e64 x29=0x00879900
       38545000	      3755	8000489a	c6e1a217	auipc	x4,0xc6e1a	  x4=0x46e1e89a
       38555000	      3756	8000489e	021f7d63	bgeu	x30,x1,800048d8	 x30:0x80025ce4  x1:0xffffffff
       38565000	      3757	800048a2	00d30eb3	add	x29,x6,x13	  x6:0x00000001 x13:0x00000000 x29=0x00000001
       38575000	      3758	800048a6	67e6ec93	ori	x25,x13,1662	 x13:0x00000000 x25=0x0000067e
       38585000	      3759	800048aa	8916f613	andi	x12,x13,-1903	 x13:0x00000000 x12=0x00000000
       38595000	      3760	800048ae	018f8663	beq	x31,x24,800048ba	 x31:0x00000000 x24:0xfffffffd
       38605000	      3761	800048b2	8121	c.srli	x10,0x8	 x10:0x00000000 x10=0x00000000
       38615000	      3762	800048b4	02219863	bne	x3,x2,800048e4	  x3:0x00000000  x2:0x9c94a840
       38645000	      3765	800048e4	02dfcc33	div	x24,x31,x13	 x31:0x00000000 x13:0x00000000 x24=0xffffffff
       38655000	      3766	800048e8	8e5d	c.or	x12,x15	 x12:0x00000000 x15:0xfffffffe x12=0xfffffffe
       38665000	      3767	800048ea	400cda13	srai	x20,x25,0x0	 x25:0x0000067e x20=0x0000067e
       38675000	      3768	800048ee	0036aab3	slt	x21,x13,x3	 x13:0x00000000  x3:0x00000000 x21=0x00000000
       38685000	      3769	800048f2	1914	c.addi4spn	x13,x2,176	 x13=0x9c94a8f0
       38695000	      3770	800048f4	48b9	c.li	x17,14	 x17=0x0000000e
       38705000	      3771	800048f6	46dd	c.li	x13,23	 x13=0x00000017
       38715000	      3772	800048f8	006cbab3	sltu	x21,x25,x6	 x25:0x0000067e  x6:0x00000001 x21=0x00000000
       38725000	      3773	800048fc	ed9b6d93	ori	x27,x22,-295	 x22:0x03ffff40 x27=0xffffffd9
       38735000	      3774	80004900	717d	c.addi16sp	x2,-16	  x2:0x9c94a840  x2=0x9c94a830
       38745000	      3775	80004902	137d	c.addi	x6,-1	  x6:0x00000001  x6=0x00000000
       38755000	      3776	80004904	8fc9	c.or	x15,x10	 x15:0xfffffffe x10:0x00000000 x15=0xfffffffe
       38765000	      3777	80004906	8f79	c.and	x14,x14	 x14:0x00000011 x14:0x00000011 x14=0x00000011
       38775000	      3778	80004908	001d8733	add	x14,x27,x1	 x27:0xffffffd9  x1:0xffffffff x14=0xffffffd8
       38785000	      3779	8000490c	8f61	c.and	x14,x8	 x14:0xffffffd8  x8:0x00000011 x14=0x00000010
       38795000	      3780	8000490e	0054f733	and	x14,x9,x5	  x9:0x80021e64  x5:0xffffffff x14=0x80021e64
       38805000	      3781	80004912	8e99	c.sub	x13,x14	 x13:0x00000017 x14:0x80021e64 x13=0x7ffde1b3
       38815000	      3782	80004914	8309	c.srli	x14,0x2	 x14:0x80021e64 x14=0x20008799
       38825000	      3783	80004916	02d8d063	bge	x17,x13,80004936	 x17:0x0000000e x13:0x7ffde1b3
       38835000	      3784	8000491a	0162c333	xor	x6,x5,x22	  x5:0xffffffff x22:0x03ffff40  x6=0xfc0000bf
       38845000	      3785	8000491e	8d25	c.xor	x10,x9	 x10:0x00000000  x9:0x80021e64 x10=0x80021e64
       38855000	      3786	80004920	01d61893	slli	x17,x12,0x1d	 x12:0xfffffffe x17=0xc0000000
       38865000	      3787	80004924	013dd1b3	srl	x3,x27,x19	 x27:0xffffffd9 x19:0x03ffff51  x3=0x00007fff
       38875000	      3788	80004928	effd2d13	slti	x26,x26,-257	 x26:0x8099c400 x26=0x00000001
       38915000	      3792	8000492c	03e21533	mulh	x10,x4,x30	  x4:0x46e1e89a x30:0x80025ce4 x10=0xdc8fb32f
       38925000	      3793	80004930	b4ff4413	xori	x8,x30,-1201	 x30:0x80025ce4  x8=0x7ffda7ab
       38935000	      3794	80004934	8c55	c.or	x8,x13	  x8:0x7ffda7ab x13:0x7ffde1b3  x8=0x7ffde7bb
       38945000	      3795	80004936	8e92	c.mv	x29,x4	  x0:0x00000000  x4:0x46e1e89a x29=0x46e1e89a
       38955000	      3796	80004938	00269893	slli	x17,x13,0x2	 x13:0x7ffde1b3 x17=0xfff786cc
       38965000	      3797	8000493c	40b75233	sra	x4,x14,x11	 x14:0x20008799 x11:0x894eacb4  x4=0x00000200
       38975000	      3798	80004940	988e	c.add	x17,x3	 x17:0xfff786cc  x3:0x00007fff x17=0xfff806cb
       38985000	      3799	80004942	3c10b7b7	lui	x15,0x3c10b	 x15=0x3c10b000
       38995000	      3800	80004946	8e35	c.xor	x12,x13	 x12:0xfffffffe x13:0x7ffde1b3 x12=0x80021e4d
       39005000	      3801	80004948	0009dfb3	srl	x31,x19,x0	 x19:0x03ffff51  x0:0x00000000 x31=0x03ffff51
       39015000	      3802	8000494c	8c25	c.xor	x8,x9	  x8:0x7ffde7bb  x9:0x80021e64  x8=0xfffff9df
       39045000	      3805	8000494e	02e003b3	mul	x7,x0,x14	  x0:0x00000000 x14:0x20008799  x7=0x00000000
       39055000	      3806	80004952	9b16	c.add	x22,x5	 x22:0x03ffff40  x5:0xffffffff x22=0x03ffff3f
       39065000	      3807	80004954	03fcc863	blt	x25,x31,80004984	 x25:0x0000067e x31:0x03ffff51
       39085000	      3809	80004984	0772	c.slli	x14,0x1c	 x14:0x20008799 x14=0x90000000
       39095000	      3810	80004986	40c7d893	srai	x17,x15,0xc	 x15:0x3c10b000 x17=0x0003c10b
       39105000	      3811	8000498a	8e26	c.mv	x28,x9	  x0:0x00000000  x9:0x80021e64 x28=0x80021e64
       39115000	      3812	8000498c	0075d863	bge	x11,x7,8000499c	 x11:0x894eacb4  x7:0x00000000
       39125000	      3813	80004990	008c9663	bne	x25,x8,8000499c	 x25:0x0000067e  x8:0xfffff9df
       39145000	      3815	8000499c	02f91d63	bne	x18,x15,800049d6	 x18:0x48acf748 x15:0x3c10b000
       39175000	      3818	800049d6	c05d4293	xori	x5,x26,-1019	 x26:0x00000001  x5=0xfffffc04
       39215000	      3822	800049da	035b11b3	mulh	x3,x22,x21	 x22:0x03ffff3f x21:0x00000000  x3=0x00000000
       39225000	      3823	800049de	892a	c.mv	x18,x10	  x0:0x00000000 x10:0xdc8fb32f x18=0xdc8fb32f
       39235000	      3824	800049e0	6ae5	c.lui	x21,0x19	 x21=0x00019000
       39245000	      3825	800049e2	01b27863	bgeu	x4,x27,800049f2	  x4:0x00000200 x27:0xffffffd9
       39255000	      3826	800049e6	91a2	c.add	x3,x8	  x3:0x00000000  x8:0xfffff9df  x3=0xfffff9df
       39265000	      3827	800049e8	6e05	c.lui	x28,0x1	 x28=0x00001000
       39275000	      3828	800049ea	03c50563	beq	x10,x28,80004a14	 x10:0xdc8fb32f x28:0x00001000
       39285000	      3829	800049ee	006ac863	blt	x21,x6,800049fe	 x21:0x00019000  x6:0xfc0000bf
       39295000	      3830	800049f2	036fc563	blt	x31,x22,80004a1c	 x31:0x03ffff51 x22:0x03ffff3f
       39305000	      3831	800049f6	02897563	bgeu	x18,x8,80004a20	 x18:0xdc8fb32f  x8:0xfffff9df
       39345000	      3835	800049fa	03ec18b3	mulh	x17,x24,x30	 x24:0xffffffff x30:0x80025ce4 x17=0x00000000
       39385000	      3839	800049fe	03a21db3	mulh	x27,x4,x26	  x4:0x00000200 x26:0x00000001 x27=0x00000000
       39395000	      3840	80004a02	83b5	c.srli	x15,0xd	 x15:0x3c10b000 x15=0x0001e085
       39405000	      3841	80004a04	8d7d	c.and	x10,x15	 x10:0xdc8fb32f x15:0x0001e085 x10=0x0001a005
       39415000	      3842	80004a06	034c9163	bne	x25,x20,80004a28	 x25:0x0000067e x20:0x0000067e
       39425000	      3843	80004a0a	c3c44e13	xori	x28,x8,-964	  x8:0xfffff9df x28=0x000005e3
       39435000	      3844	80004a0e	0001	c.addi	x0,0	  x0:0x00000000  x0=0x00000000
       39445000	      3845	80004a10	01c81c63	bne	x16,x28,80004a28	 x16:0x000000c3 x28:0x000005e3
       39465000	      3847	80004a28	01fe8cb3	add	x25,x29,x31	 x29:0x46e1e89a x31:0x03ffff51 x25=0x4ae1e7eb
       39475000	      3848	80004a2c	55c67137	lui	x2,0x55c67	  x2=0x55c67000
       39485000	      3849	80004a30	0216c163	blt	x13,x1,80004a52	 x13:0x7ffde1b3  x1:0xffffffff
       39495000	      3850	80004a34	9b7d	c.andi	x14,-1	 x14:0x90000000 x14=0x90000000
       39505000	      3851	80004a36	03d89763	bne	x17,x29,80004a64	 x17:0x00000000 x29:0x46e1e89a
       39885000	      3889	80004a64	02555a33	divu	x20,x10,x5	 x10:0x0001a005  x5:0xfffffc04 x20=0x00000000
       39895000	      3890	80004a68	00b1e3b3	or	x7,x3,x11	  x3:0xfffff9df x11:0x894eacb4  x7=0xfffffdff
       40265000	      3927	80004a6c	02e750b3	divu	x1,x14,x14	 x14:0x90000000 x14:0x90000000  x1=0x00000001
       40635000	      3964	80004a70	0265c733	div	x14,x11,x6	 x11:0x894eacb4  x6:0xfc0000bf x14=0x0000001d
       40645000	      3965	80004a74	5d77c513	xori	x10,x15,1495	 x15:0x0001e085 x10=0x0001e552
       40655000	      3966	80004a78	00ed7cb3	and	x25,x26,x14	 x26:0x00000001 x14:0x0000001d x25=0x00000001
       40665000	      3967	80004a7c	015361b3	or	x3,x6,x21	  x6:0xfc0000bf x21:0x00019000  x3=0xfc0190bf
       40675000	      3968	80004a80	9ffe	c.add	x31,x31	 x31:0x03ffff51 x31:0x03ffff51 x31=0x07fffea2
       41045000	      4005	80004a82	03d743b3	div	x7,x14,x29	 x14:0x0000001d x29:0x46e1e89a  x7=0x00000000
       41055000	      4006	80004a86	8275	c.srli	x12,0x1d	 x12:0x80021e4d x12=0x00000004
       41065000	      4007	80004a88	8541	c.srai	x10,0x10	 x10:0x0001e552 x10=0x00000001
       41075000	      4008	80004a8a	015d6463	bltu	x26,x21,80004a92	 x26:0x00000001 x21:0x00019000
       41465000	      4047	80004a92	03f35533	divu	x10,x6,x31	  x6:0xfc0000bf x31:0x07fffea2 x10=0x0000001f
       41475000	      4048	80004a96	61ad	c.lui	x3,0xb	  x3=0x0000b000
       41485000	      4049	80004a98	0816	c.slli	x16,0x5	 x16:0x000000c3 x16=0x00001860
       41855000	      4086	80004a9a	0256c0b3	div	x1,x13,x5	 x13:0x7ffde1b3  x5:0xfffffc04  x1=0xffdfe068
       41865000	      4087	80004a9e	8a7d	c.andi	x12,31	 x12:0x00000004 x12=0x00000004
       41875000	      4088	80004aa0	0090cc33	xor	x24,x1,x9	  x1:0xffdfe068  x9:0x80021e64 x24=0x7fddfe0c
       41885000	      4089	80004aa4	e51d	c.bnez	x10,80004ad2	 x10:0x0000001f
       41905000	      4091	80004ad2	117d	c.addi	x2,-1	  x2:0x55c67000  x2=0x55c66fff
       41915000	      4092	80004ad4	0110aab3	slt	x21,x1,x17	  x1:0xffdfe068 x17:0x00000000 x21=0x00000001
       41925000	      4093	80004ad8	1efd	c.addi	x29,-1	 x29:0x46e1e89a x29=0x46e1e899
       41955000	      4096	80004ada	035b0833	mul	x16,x22,x21	 x22:0x03ffff3f x21:0x00000001 x16=0x03ffff3f
       41965000	      4097	80004ade	717d	c.addi16sp	x2,-16	  x2:0x55c66fff  x2=0x55c66fef
       41975000	      4098	80004ae0	0145f963	bgeu	x11,x20,80004af2	 x11:0x894eacb4 x20:0x00000000
       41995000	      4100	80004af2	717d	c.addi16sp	x2,-16	  x2:0x55c66fef  x2=0x55c66fdf
       42005000	      4101	80004af4	8f45	c.or	x14,x9	 x14:0x0000001d  x9:0x80021e64 x14=0x80021e7d
       42015000	      4102	80004af6	8c31	c.xor	x8,x12	  x8:0xfffff9df x12:0x00000004  x8=0xfffff9db
       42025000	      4103	80004af8	00b81f93	slli	x31,x16,0xb	 x16:0x03ffff3f x31=0xfff9f800
       42035000	      4104	80004afc	1514	c.addi4spn	x13,x2,672	 x13=0x55c6727f
       42045000	      4105	80004afe	8269	c.srli	x12,0x1a	 x12:0x00000004 x12=0x00000000
       42055000	      4106	80004b00	02c4d963	bge	x9,x12,80004b32	  x9:0x80021e64 x12:0x00000000
       42065000	      4107	80004b04	8649	c.srai	x12,0x12	 x12:0x00000000 x12=0x00000000
       42075000	      4108	80004b06	da23fb17	auipc	x22,0xda23f	 x22=0x5a243b06
       42085000	      4109	80004b0a	c29d7893	andi	x17,x26,-983	 x26:0x00000001 x17=0x00000001
       42125000	      4113	80004b0e	028d3833	mulhu	x16,x26,x8	 x26:0x00000001  x8:0xfffff9db x16=0x00000000
       42165000	      4117	80004b12	0379a7b3	mulhsu	x15,x19,x23	 x19:0x03ffff51 x23:0x0000e000 x15=0x0000037f
       42175000	      4118	80004b16	00f24cb3	xor	x25,x4,x15	  x4:0x00000200 x15:0x0000037f x25=0x0000017f
       42185000	      4119	80004b1a	b9862893	slti	x17,x12,-1128	 x12:0x00000000 x17=0x00000000
       42195000	      4120	80004b1e	02217663	bgeu	x2,x2,80004b4a	  x2:0x55c66fdf  x2:0x55c66fdf
       42225000	      4123	80004b4a	00135463	bge	x6,x1,80004b52	  x6:0xfc0000bf  x1:0xffdfe068
       42235000	      4124	80004b4e	01fb6b33	or	x22,x22,x31	 x22:0x5a243b06 x31:0xfff9f800 x22=0xfffdfb06
       42245000	      4125	80004b52	0001	c.addi	x0,0	  x0:0x00000000  x0=0x00000000
       42255000	      4126	80004b54	00fdd013	srli	x0,x27,0xf	 x27:0x00000000  x0=0x00000000
       42265000	      4127	80004b58	0001	c.addi	x0,0	  x0:0x00000000  x0=0x00000000
       42275000	      4128	80004b5a	007ab0b3	sltu	x1,x21,x7	 x21:0x00000001  x7:0x00000000  x1=0x00000000
       42285000	      4129	80004b5e	0752	c.slli	x14,0x14	 x14:0x80021e7d x14=0xe7d00000
       42295000	      4130	80004b60	d39a9317	auipc	x6,0xd39a9	  x6=0x539adb60
       42305000	      4131	80004b64	0001	c.addi	x0,0	  x0:0x00000000  x0=0x00000000
       42315000	      4132	80004b66	ef56c613	xori	x12,x13,-267	 x13:0x55c6727f x12=0xaa398c8a
       42325000	      4133	80004b6a	987d	c.andi	x8,-1	  x8:0xfffff9db  x8=0xfffff9db
       42335000	      4134	80004b6c	00dc9913	slli	x18,x25,0xd	 x25:0x0000017f x18=0x002fe000
       42705000	      4171	80004b70	03695333	divu	x6,x18,x22	 x18:0x002fe000 x22:0xfffdfb06  x6=0x00000000
       42715000	      4172	80004b74	8671	c.srai	x12,0x1c	 x12:0xaa398c8a x12=0xfffffffa
       42725000	      4173	80004b76	8221	c.srli	x12,0x8	 x12:0xfffffffa x12=0x00ffffff
       42765000	      4177	80004b78	0298a6b3	mulhsu	x13,x17,x9	 x17:0x00000000  x9:0x80021e64 x13=0x00000000
       42775000	      4178	80004b7c	00875833	srl	x16,x14,x8	 x14:0xe7d00000  x8:0xfffff9db x16=0x0000001c
       42785000	      4179	80004b80	8ec1	c.or	x13,x8	 x13:0x00000000  x8:0xfffff9db x13=0xfffff9db
       42795000	      4180	80004b82	ea91	c.bnez	x13,80004b96	 x13:0xfffff9db
       42825000	      4183	80004b96	001a27b3	slt	x15,x20,x1	 x20:0x00000000  x1:0x00000000 x15=0x00000000
       42835000	      4184	80004b9a	e78d	c.bnez	x15,80004bc4	 x15:0x00000000
       42865000	      4187	80004b9c	036000b3	mul	x1,x0,x22	  x0:0x00000000 x22:0xfffdfb06  x1=0x00000000
       42875000	      4188	80004ba0	00192bb3	slt	x23,x18,x1	 x18:0x002fe000  x1:0x00000000 x23=0x00000000
       42885000	      4189	80004ba4	c59d2b13	slti	x22,x26,-935	 x26:0x00000001 x22=0x00000000
       42895000	      4190	80004ba8	4010d813	srai	x16,x1,0x1	  x1:0x00000000 x16=0x00000000
       42905000	      4191	80004bac	6159	c.addi16sp	x2,400	  x2:0x55c66fdf  x2=0x55c6716f
       42915000	      4192	80004bae	00172bb3	slt	x23,x14,x1	 x14:0xe7d00000  x1:0x00000000 x23=0x00000001
       42925000	      4193	80004bb2	03c54a63	blt	x10,x28,80004be6	 x10:0x0000001f x28:0x000005e3
       42945000	      4195	80004be6	0c66	c.slli	x24,0x19	 x24:0x7fddfe0c x24=0x18000000
       42955000	      4196	80004be8	5759fb93	andi	x23,x19,1397	 x19:0x03ffff51 x23=0x00000551
       42965000	      4197	80004bec	73c7fd37	lui	x26,0x73c7f	 x26=0x73c7f000
       42975000	      4198	80004bf0	0e25	c.addi	x28,9	 x28:0x000005e3 x28=0x000005ec
       42985000	      4199	80004bf2	8e85	c.sub	x13,x9	 x13:0xfffff9db  x9:0x80021e64 x13=0x7ffddb77
       42995000	      4200	80004bf4	3d8153b7	lui	x7,0x3d815	  x7=0x3d815000
       43365000	      4237	80004bf8	02a24ab3	div	x21,x4,x10	  x4:0x00000200 x10:0x0000001f x21=0x00000010
       43375000	      4238	80004bfc	90be	c.add	x1,x15	  x1:0x00000000 x15:0x00000000  x1=0x00000000
       43415000	      4242	80004bfe	02b63833	mulhu	x16,x12,x11	 x12:0x00ffffff x11:0x894eacb4 x16=0x00894eac
       43425000	      4243	80004c02	0142d663	bge	x5,x20,80004c0e	  x5:0xfffffc04 x20:0x00000000
       43435000	      4244	80004c06	9636	c.add	x12,x13	 x12:0x00ffffff x13:0x7ffddb77 x12=0x80fddb76
       43445000	      4245	80004c08	8a65	c.andi	x12,25	 x12:0x80fddb76 x12=0x00000010
       43455000	      4246	80004c0a	3890a293	slti	x5,x1,905	  x1:0x00000000  x5=0x00000001
       43465000	      4247	80004c0e	951a	c.add	x10,x6	 x10:0x0000001f  x6:0x00000000 x10=0x0000001f
       43475000	      4248	80004c10	03c27b63	bgeu	x4,x28,80004c46	  x4:0x00000200 x28:0x000005ec
       43485000	      4249	80004c14	412d0933	sub	x18,x26,x18	 x26:0x73c7f000 x18:0x002fe000 x18=0x73981000
       43495000	      4250	80004c18	c89d0193	addi	x3,x26,-887	 x26:0x73c7f000  x3=0x73c7ec89
       43505000	      4251	80004c1c	bac76113	ori	x2,x14,-1108	 x14:0xe7d00000  x2=0xfffffbac
       43535000	      4254	80004c20	020a0cb3	mul	x25,x20,x0	 x20:0x00000000  x0:0x00000000 x25=0x00000000
       43545000	      4255	80004c24	02e37e63	bgeu	x6,x14,80004c60	  x6:0x00000000 x14:0xe7d00000
       43555000	      4256	80004c28	15f66993	ori	x19,x12,351	 x12:0x00000010 x19=0x0000015f
       43565000	      4257	80004c2c	0001	c.addi	x0,0	  x0:0x00000000  x0=0x00000000
       43575000	      4258	80004c2e	0ff0000f	fence	iorw,iorw	
       43585000	      4259	80004c32	03b59f63	bne	x11,x27,80004c70	 x11:0x894eacb4 x27:0x00000000
       43605000	      4261	80004c70	57b54d13	xori	x26,x10,1403	 x10:0x0000001f x26=0x00000564
       43615000	      4262	80004c74	01d72fb3	slt	x31,x14,x29	 x14:0xe7d00000 x29:0x46e1e899 x31=0x00000001
       43625000	      4263	80004c78	45af2cb7	lui	x25,0x45af2	 x25=0x45af2000
       43635000	      4264	80004c7c	717d	c.addi16sp	x2,-16	  x2:0xfffffbac  x2=0xfffffb9c
       43645000	      4265	80004c7e	011ce763	bltu	x25,x17,80004c8c	 x25:0x45af2000 x17:0x00000000
       43655000	      4266	80004c82	55062d93	slti	x27,x12,1360	 x12:0x00000010 x27=0x00000001
       43665000	      4267	80004c86	025f4363	blt	x30,x5,80004cac	 x30:0x80025ce4  x5:0x00000001
       43685000	      4269	80004cac	1588	c.addi4spn	x10,x2,736	 x10=0xfffffe7c
       43695000	      4270	80004cae	1480	c.addi4spn	x8,x2,608	  x8=0xfffffdfc
       43705000	      4271	80004cb0	053d	c.addi	x10,15	 x10:0xfffffe7c x10=0xfffffe8b
       43715000	      4272	80004cb2	5f347713	andi	x14,x8,1523	  x8:0xfffffdfc x14=0x000005f0
       43725000	      4273	80004cb6	9772	c.add	x14,x28	 x14:0x000005f0 x28:0x000005ec x14=0x00000bdc
       43735000	      4274	80004cb8	c3b1	c.beqz	x15,80004cfc	 x15:0x00000000
       43775000	      4278	80004cfc	03490633	mul	x12,x18,x20	 x18:0x73981000 x20:0x00000000 x12=0x00000000
       43785000	      4279	80004d00	8c6d	c.and	x8,x11	  x8:0xfffffdfc x11:0x894eacb4  x8=0x894eacb4
       43795000	      4280	80004d02	00ae6263	bltu	x28,x10,80004d06	 x28:0x000005ec x10:0xfffffe8b
       43815000	      4282	80004d06	0001	c.addi	x0,0	  x0:0x00000000  x0=0x00000000
       43825000	      4283	80004d08	c0dcbe93	sltiu	x29,x25,-1011	 x25:0x45af2000 x29=0x00000001
       43835000	      4284	80004d0c	005e7cb3	and	x25,x28,x5	 x28:0x000005ec  x5:0x00000001 x25=0x00000000
       43845000	      4285	80004d10	0000100f	fence.i	
       43865000	      4287	80004d14	5d4c82b7	lui	x5,0x5d4c8	  x5=0x5d4c8000
       43905000	      4291	80004d18	02b7a333	mulhsu	x6,x15,x11	 x15:0x00000000 x11:0x894eacb4  x6=0x00000000
       43915000	      4292	80004d1c	856e	c.mv	x10,x27	  x0:0x00000000 x27:0x00000001 x10=0x00000001
       43925000	      4293	80004d1e	8f61	c.and	x14,x8	 x14:0x00000bdc  x8:0x894eacb4 x14=0x00000894
       43935000	      4294	80004d20	bdeef093	andi	x1,x29,-1058	 x29:0x00000001  x1=0x00000000
       43945000	      4295	80004d24	019af693	andi	x13,x21,25	 x21:0x00000010 x13=0x00000010
       43955000	      4296	80004d28	0001	c.addi	x0,0	  x0:0x00000000  x0=0x00000000
       43965000	      4297	80004d2a	0134c663	blt	x9,x19,80004d36	  x9:0x80021e64 x19:0x0000015f
       44025000	      4303	80004d36	033f1133	mulh	x2,x30,x19	 x30:0x80025ce4 x19:0x0000015f  x2=0xffffff50
       44035000	      4304	80004d3a	ce81	c.beqz	x13,80004d52	 x13:0x00000010
       44045000	      4305	80004d3c	2fb32813	slti	x16,x6,763	  x6:0x00000000 x16=0x00000001
       44085000	      4309	80004d40	02053733	mulhu	x14,x10,x0	 x10:0x00000001  x0:0x00000000 x14=0x00000000
       44095000	      4310	80004d44	717d	c.addi16sp	x2,-16	  x2:0xffffff50  x2=0xffffff40
       44105000	      4311	80004d46	00a0d833	srl	x16,x1,x10	  x1:0x00000000 x10:0x00000001 x16=0x00000000
       44115000	      4312	80004d4a	0f10	c.addi4spn	x12,x2,912	 x12=0x000002d0
       44125000	      4313	80004d4c	c515	c.beqz	x10,80004d78	 x10:0x00000001
       44135000	      4314	80004d4e	005fe563	bltu	x31,x5,80004d58	 x31:0x00000001  x5:0x5d4c8000
       44155000	      4316	80004d58	01561f93	slli	x31,x12,0x15	 x12:0x000002d0 x31=0x5a000000
       44165000	      4317	80004d5c	8d3d	c.xor	x10,x15	 x10:0x00000001 x15:0x00000000 x10=0x00000001
       44175000	      4318	80004d5e	1e98	c.addi4spn	x14,x2,880	 x14=0x000002b0
       44185000	      4319	80004d60	7a0c0b13	addi	x22,x24,1952	 x24:0x18000000 x22=0x180007a0
       44195000	      4320	80004d64	805d	c.srli	x8,0x17	  x8:0x894eacb4  x8=0x00000112
       44205000	      4321	80004d66	4050d113	srai	x2,x1,0x5	  x1:0x00000000  x2=0x00000000
       44245000	      4325	80004d6a	0215ad33	mulhsu	x26,x11,x1	 x11:0x894eacb4  x1:0x00000000 x26=0x00000000
       44255000	      4326	80004d6e	c311	c.beqz	x14,80004d72	 x14:0x000002b0
       44265000	      4327	80004d70	8edd	c.or	x13,x15	 x13:0x00000010 x15:0x00000000 x13=0x00000010
       44275000	      4328	80004d72	c705	c.beqz	x14,80004d9a	 x14:0x000002b0
       44285000	      4329	80004d74	05ef1263	bne	x30,x30,80004db8	 x30:0x80025ce4 x30:0x80025ce4
       44295000	      4330	80004d78	e50d	c.bnez	x10,80004da2	 x10:0x00000001
       44315000	      4332	80004da2	987d	c.andi	x8,-1	  x8:0x00000112  x8=0x00000112
       44325000	      4333	80004da4	dc4b8193	addi	x3,x23,-572	 x23:0x00000551  x3=0x00000315
       44365000	      4337	80004da8	034cb433	mulhu	x8,x25,x20	 x25:0x00000000 x20:0x00000000  x8=0x00000000
       44375000	      4338	80004dac	00d38633	add	x12,x7,x13	  x7:0x3d815000 x13:0x00000010 x12=0x3d815010
       44745000	      4375	80004db0	033a4bb3	div	x23,x20,x19	 x20:0x00000000 x19:0x0000015f x23=0x00000000
       44755000	      4376	80004db4	002fe2b3	or	x5,x31,x2	 x31:0x5a000000  x2:0x00000000  x5=0x5a000000
       44765000	      4377	80004db8	0000100f	fence.i	
       44785000	      4379	80004dbc	00ebe533	or	x10,x23,x14	 x23:0x00000000 x14:0x000002b0 x10=0x000002b0
       44795000	      4380	80004dc0	8eb1	c.xor	x13,x12	 x13:0x00000010 x12:0x3d815010 x13=0x3d815000
       44815000	      4382	80004dc2	03a8d533	divu	x10,x17,x26	 x17:0x00000000 x26:0x00000000 x10=0xffffffff
       44825000	      4383	80004dc6	01d0a0b3	slt	x1,x1,x29	  x1:0x00000000 x29:0x00000001  x1=0x00000001
       44835000	      4384	80004dca	05fe6f63	bltu	x28,x31,80004e28	 x28:0x000005ec x31:0x5a000000
       44865000	      4387	80004e28	031568b3	rem	x17,x10,x17	 x10:0xffffffff x17:0x00000000 x17=0xffffffff
       44875000	      4388	80004e2c	0572	c.slli	x10,0x1c	 x10:0xffffffff x10=0xf0000000
       44885000	      4389	80004e2e	017edc63	bge	x29,x23,80004e46	 x29:0x00000001 x23:0x00000000
       44915000	      4392	80004e46	69693e37	lui	x28,0x69693	 x28=0x69693000
       44925000	      4393	80004e4a	8e01	c.sub	x12,x8	 x12:0x3d815010  x8:0x00000000 x12=0x3d815010
       44935000	      4394	80004e4c	6975	c.lui	x18,0x1d	 x18=0x0001d000
       44945000	      4395	80004e4e	86cd	c.srai	x13,0x13	 x13:0x3d815000 x13=0x000007b0
       44955000	      4396	80004e50	0000100f	fence.i	
       44985000	      4399	80004e54	0398c0b3	div	x1,x17,x25	 x17:0xffffffff x25:0x00000000  x1=0xffffffff
       44995000	      4400	80004e58	00fc32b3	sltu	x5,x24,x15	 x24:0x18000000 x15:0x00000000  x5=0x00000000
       45005000	      4401	80004e5c	86a5	c.srai	x13,0x9	 x13:0x000007b0 x13=0x00000003
       45015000	      4402	80004e5e	0000100f	fence.i	
       45045000	      4405	80004e62	416c8213	addi	x4,x25,1046	 x25:0x00000000  x4=0x00000416
       45055000	      4406	80004e66	187d	c.addi	x16,-1	 x16:0x00000000 x16=0xffffffff
       45065000	      4407	80004e68	57764913	xori	x18,x12,1399	 x12:0x3d815010 x18=0x3d815567
       45075000	      4408	80004e6c	197d	c.addi	x18,-1	 x18:0x3d815567 x18=0x3d815566
       45115000	      4412	80004e6e	03379bb3	mulh	x23,x15,x19	 x15:0x00000000 x19:0x0000015f x23=0x00000000
       45125000	      4413	80004e72	003df033	and	x0,x27,x3	 x27:0x00000001  x3:0x00000315  x0=0x00000000
       45135000	      4414	80004e76	8b84c293	xori	x5,x9,-1864	  x9:0x80021e64  x5=0x7ffde6dc
       45145000	      4415	80004e7a	027c8c63	beq	x25,x7,80004eb2	 x25:0x00000000  x7:0x3d815000
       45155000	      4416	80004e7e	86a9	c.srai	x13,0xa	 x13:0x00000003 x13=0x00000000
       45165000	      4417	80004e80	73b0b117	auipc	x2,0x73b0b	  x2=0xf3b0fe80
       45175000	      4418	80004e84	c167c613	xori	x12,x15,-1002	 x15:0x00000000 x12=0xfffffc16
       45185000	      4419	80004e88	03760563	beq	x12,x23,80004eb2	 x12:0xfffffc16 x23:0x00000000
       45225000	      4423	80004e8c	03942933	mulhsu	x18,x8,x25	  x8:0x00000000 x25:0x00000000 x18=0x00000000
       45235000	      4424	80004e90	004dd713	srli	x14,x27,0x4	 x27:0x00000001 x14=0x00000000
       45245000	      4425	80004e94	6d11	c.lui	x26,0x4	 x26=0x00004000
       45255000	      4426	80004e96	717d	c.addi16sp	x2,-16	  x2:0xf3b0fe80  x2=0xf3b0fe70
       45265000	      4427	80004e98	07d34463	blt	x6,x29,80004f00	  x6:0x00000000 x29:0x00000001
       45285000	      4429	80004f00	6ca1	c.lui	x25,0x8	 x25=0x00008000
       45295000	      4430	80004f02	71263013	sltiu	x0,x12,1810	 x12:0xfffffc16  x0=0x00000000
       45305000	      4431	80004f06	88330c13	addi	x24,x6,-1917	  x6:0x00000000 x24=0xfffff883
       45335000	      4434	80004f0a	036607b3	mul	x15,x12,x22	 x12:0xfffffc16 x22:0x180007a0 x15=0x0fe227c0
       45345000	      4435	80004f0e	8fbd	c.xor	x15,x15	 x15:0x0fe227c0 x15:0x0fe227c0 x15=0x00000000
       45355000	      4436	80004f10	01273ab3	sltu	x21,x14,x18	 x14:0x00000000 x18:0x00000000 x21=0x00000000
       45365000	      4437	80004f14	8fd9	c.or	x15,x14	 x15:0x00000000 x14:0x00000000 x15=0x00000000
       45375000	      4438	80004f16	009059b3	srl	x19,x0,x9	  x0:0x00000000  x9:0x80021e64 x19=0x00000000
       45385000	      4439	80004f1a	87f1	c.srai	x15,0x1c	 x15:0x00000000 x15=0x00000000
       45395000	      4440	80004f1c	0ce2	c.slli	x25,0x18	 x25:0x00008000 x25=0x00000000
       45405000	      4441	80004f1e	86c5	c.srai	x13,0x11	 x13:0x00000000 x13=0x00000000
       45415000	      4442	80004f20	d0db3c93	sltiu	x25,x22,-755	 x22:0x180007a0 x25=0x00000001
       45425000	      4443	80004f24	014b5e63	bge	x22,x20,80004f40	 x22:0x180007a0 x20:0x00000000
       45445000	      4445	80004f40	611d	c.addi16sp	x2,416	  x2:0xf3b0fe70  x2=0xf3b10010
       45455000	      4446	80004f42	011fcf63	blt	x31,x17,80004f60	 x31:0x5a000000 x17:0xffffffff
       45825000	      4483	80004f46	0294fd33	remu	x26,x9,x9	  x9:0x80021e64  x9:0x80021e64 x26=0x00000000
       45835000	      4484	80004f4a	1a94	c.addi4spn	x13,x2,368	 x13=0xf3b10180
       45845000	      4485	80004f4c	0001	c.addi	x0,0	  x0:0x00000000  x0=0x00000000
       45855000	      4486	80004f4e	8fc1	c.or	x15,x8	 x15:0x00000000  x8:0x00000000 x15=0x00000000
       45865000	      4487	80004f50	8eed	c.and	x13,x11	 x13:0xf3b10180 x11:0x894eacb4 x13=0x81000080
       45875000	      4488	80004f52	01bc19b3	sll	x19,x24,x27	 x24:0xfffff883 x27:0x00000001 x19=0xfffff106
       45915000	      4492	80004f56	0243a6b3	mulhsu	x13,x7,x4	  x7:0x3d815000  x4:0x00000416 x13=0x000000fb
       45925000	      4493	80004f5a	00a43cb3	sltu	x25,x8,x10	  x8:0x00000000 x10:0xf0000000 x25=0x00000001
       45935000	      4494	80004f5e	68d1	c.lui	x17,0x14	 x17=0x00014000
       45945000	      4495	80004f60	a0bea613	slti	x12,x29,-1525	 x29:0x00000001 x12=0x00000000
       45955000	      4496	80004f64	0994	c.addi4spn	x13,x2,208	 x13=0xf3b100e0
       45965000	      4497	80004f66	2225b093	sltiu	x1,x11,546	 x11:0x894eacb4  x1=0x00000000
       45975000	      4498	80004f6a	0001	c.addi	x0,0	  x0:0x00000000  x0=0x00000000
       45985000	      4499	80004f6c	62b5	c.lui	x5,0xd	  x5=0x0000d000
       45995000	      4500	80004f6e	0142d963	bge	x5,x20,80004f80	  x5:0x0000d000 x20:0x00000000
       46015000	      4502	80004f80	ec11	c.bnez	x8,80004f9c	  x8:0x00000000
       46025000	      4503	80004f82	011a8433	add	x8,x21,x17	 x21:0x00000000 x17:0x00014000  x8=0x00014000
       46035000	      4504	80004f86	4cd1b913	sltiu	x18,x3,1229	  x3:0x00000315 x18=0x00000001
       46045000	      4505	80004f8a	02f5e963	bltu	x11,x15,80004fbc	 x11:0x894eacb4 x15:0x00000000
       46055000	      4506	80004f8e	40a20833	sub	x16,x4,x10	  x4:0x00000416 x10:0xf0000000 x16=0x10000416
       46065000	      4507	80004f92	66a17e13	andi	x28,x2,1642	  x2:0xf3b10010 x28=0x00000000
       46075000	      4508	80004f96	0839	c.addi	x16,14	 x16:0x10000416 x16=0x10000424
       46085000	      4509	80004f98	1310	c.addi4spn	x12,x2,416	 x12=0xf3b101b0
       46095000	      4510	80004f9a	eb19	c.bnez	x14,80004fb0	 x14:0x00000000
       46105000	      4511	80004f9c	01f75793	srli	x15,x14,0x1f	 x14:0x00000000 x15=0x00000000
       46125000	      4513	80004fa0	021e41b3	div	x3,x28,x1	 x28:0x00000000  x1:0x00000000  x3=0xffffffff
       46135000	      4514	80004fa4	1190	c.addi4spn	x12,x2,224	 x12=0xf3b100f0
       46145000	      4515	80004fa6	8ea1	c.xor	x13,x8	 x13:0xf3b100e0  x8:0x00014000 x13=0xf3b040e0
       46155000	      4516	80004fa8	e785	c.bnez	x15,80004fd0	 x15:0x00000000
       46165000	      4517	80004faa	870a	c.mv	x14,x2	  x0:0x00000000  x2:0xf3b10010 x14=0xf3b10010
       46175000	      4518	80004fac	02046963	bltu	x8,x0,80004fde	  x8:0x00014000  x0:0x00000000
       46185000	      4519	80004fb0	08603b13	sltiu	x22,x0,134	  x0:0x00000000 x22=0x00000001
       46195000	      4520	80004fb4	0462	c.slli	x8,0x18	  x8:0x00014000  x8=0x00000000
       46205000	      4521	80004fb6	9bfd	c.andi	x15,-1	 x15:0x00000000 x15=0x00000000
       46215000	      4522	80004fb8	01f57863	bgeu	x10,x31,80004fc8	 x10:0xf0000000 x31:0x5a000000
       46235000	      4524	80004fc8	01abeb63	bltu	x23,x26,80004fde	 x23:0x00000000 x26:0x00000000
       46245000	      4525	80004fcc	e41f9697	auipc	x13,0xe41f9	 x13=0x641fdfcc
       46255000	      4526	80004fd0	416cd893	srai	x17,x25,0x16	 x25:0x00000001 x17=0x00000000
       46265000	      4527	80004fd4	016b6fb3	or	x31,x22,x22	 x22:0x00000001 x22:0x00000001 x31=0x00000001
       46275000	      4528	80004fd8	0001	c.addi	x0,0	  x0:0x00000000  x0=0x00000000
       46285000	      4529	80004fda	01d81e93	slli	x29,x16,0x1d	 x16:0x10000424 x29=0x80000000
       46295000	      4530	80004fde	8e31	c.xor	x12,x12	 x12:0xf3b100f0 x12:0xf3b100f0 x12=0x00000000
       46305000	      4531	80004fe0	0000100f	fence.i	
       46325000	      4533	80004fe4	00e09233	sll	x4,x1,x14	  x1:0x00000000 x14:0xf3b10010  x4=0x00000000
       46335000	      4534	80004fe8	af10c213	xori	x4,x1,-1295	  x1:0x00000000  x4=0xfffffaf1
       46345000	      4535	80004fec	6779	c.lui	x14,0x1e	 x14=0x0001e000
       46355000	      4536	80004fee	016eebb3	or	x23,x29,x22	 x29:0x80000000 x22:0x00000001 x23=0x80000001
       46365000	      4537	80004ff2	0107fdb3	and	x27,x15,x16	 x15:0x00000000 x16:0x10000424 x27=0x00000000
       46375000	      4538	80004ff6	0001	c.addi	x0,0	  x0:0x00000000  x0=0x00000000
       46385000	      4539	80004ff8	007d4d33	xor	x26,x26,x7	 x26:0x00000000  x7:0x3d815000 x26=0x3d815000
       46395000	      4540	80004ffc	04500563	beq	x0,x5,80005046	  x0:0x00000000  x5:0x0000d000
       46405000	      4541	80005000	02e4ef63	bltu	x9,x14,8000503e	  x9:0x80021e64 x14:0x0001e000
       46415000	      4542	80005004	0170cfb3	xor	x31,x1,x23	  x1:0x00000000 x23:0x80000001 x31=0x80000001
       46425000	      4543	80005008	0001	c.addi	x0,0	  x0:0x00000000  x0=0x00000000
       46435000	      4544	8000500a	c443ff93	andi	x31,x7,-956	  x7:0x3d815000 x31=0x3d815000
       46445000	      4545	8000500e	5131ea93	ori	x21,x3,1299	  x3:0xffffffff x21=0xffffffff
       46455000	      4546	80005012	ed11	c.bnez	x10,8000502e	 x10:0xf0000000
       46485000	      4549	8000502e	019afa63	bgeu	x21,x25,80005042	 x21:0xffffffff x25:0x00000001
       46515000	      4552	80005042	4028d013	srai	x0,x17,0x2	 x17:0x00000000  x0=0x00000000
       46525000	      4553	80005046	9c178d13	addi	x26,x15,-1599	 x15:0x00000000 x26=0xfffff9c1
       46535000	      4554	8000504a	6141	c.addi16sp	x2,16	  x2:0xf3b10010  x2=0xf3b10020
       46545000	      4555	8000504c	035aeb63	bltu	x21,x21,80005082	 x21:0xffffffff x21:0xffffffff
       46555000	      4556	80005050	b51cee13	ori	x28,x25,-1199	 x25:0x00000001 x28=0xfffffb51
       46925000	      4593	80005054	022869b3	rem	x19,x16,x2	 x16:0x10000424  x2:0xf3b10020 x19=0x03b10444
       46935000	      4594	80005058	3fd5ac93	slti	x25,x11,1021	 x11:0x894eacb4 x25=0x00000001
       46945000	      4595	8000505c	015d	c.addi	x2,23	  x2:0xf3b10020  x2=0xf3b10037
       46955000	      4596	8000505e	10fd	c.addi	x1,-1	  x1:0x00000000  x1=0xffffffff
       46965000	      4597	80005060	38b23393	sltiu	x7,x4,907	  x4:0xfffffaf1  x7=0x00000000
       46975000	      4598	80005064	410f5233	sra	x4,x30,x16	 x30:0x80025ce4 x16:0x10000424  x4=0xf80025ce
       46985000	      4599	80005068	9b9f7e93	andi	x29,x30,-1607	 x30:0x80025ce4 x29=0x800258a0
       46995000	      4600	8000506c	6f7f6093	ori	x1,x30,1783	 x30:0x80025ce4  x1=0x80025ef7
       47005000	      4601	80005070	0ff0000f	fence	iorw,iorw	
       47375000	      4638	80005074	039ee633	rem	x12,x29,x25	 x29:0x800258a0 x25:0x00000001 x12=0x00000000
       47385000	      4639	80005078	012c5213	srli	x4,x24,0x12	 x24:0xfffff883  x4=0x00003fff
       47395000	      4640	8000507c	8a95	c.andi	x13,5	 x13:0x641fdfcc x13=0x00000004
       47405000	      4641	8000507e	415ed513	srai	x10,x29,0x15	 x29:0x800258a0 x10=0xfffffc00
       47415000	      4642	80005082	50fd	c.li	x1,-1	  x1=0xffffffff
       47445000	      4645	80005084	026d08b3	mul	x17,x26,x6	 x26:0xfffff9c1  x6:0x00000000 x17=0x00000000
       47455000	      4646	80005088	40820333	sub	x6,x4,x8	  x4:0x00003fff  x8:0x00000000  x6=0x00003fff
       47465000	      4647	8000508c	015391b3	sll	x3,x7,x21	  x7:0x00000000 x21:0xffffffff  x3=0x00000000
       47475000	      4648	80005090	411d0eb3	sub	x29,x26,x17	 x26:0xfffff9c1 x17:0x00000000 x29=0xfffff9c1
       47485000	      4649	80005094	8616	c.mv	x12,x5	  x0:0x00000000  x5:0x0000d000 x12=0x0000d000
       47495000	      4650	80005096	01961033	sll	x0,x12,x25	 x12:0x0000d000 x25:0x00000001  x0=0x00000000
       47505000	      4651	8000509a	a91dfe13	andi	x28,x27,-1391	 x27:0x00000000 x28=0x00000000
       47515000	      4652	8000509e	8015	c.srli	x8,0x5	  x8:0x00000000  x8=0x00000000
       47525000	      4653	800050a0	03b31863	bne	x6,x27,800050d0	  x6:0x00003fff x27:0x00000000
       47545000	      4655	800050d0	9236	c.add	x4,x13	  x4:0x00003fff x13:0x00000004  x4=0x00004003
       47555000	      4656	800050d2	0359e163	bltu	x19,x21,800050f4	 x19:0x03b10444 x21:0xffffffff
       47575000	      4658	800050f4	8fa1	c.xor	x15,x8	 x15:0x00000000  x8:0x00000000 x15=0x00000000
       47585000	      4659	800050f6	00181f63	bne	x16,x1,80005114	 x16:0x10000424  x1:0xffffffff
       47605000	      4661	80005114	017d1433	sll	x8,x26,x23	 x26:0xfffff9c1 x23:0x80000001  x8=0xfffff382
       47615000	      4662	80005118	c29d	c.beqz	x13,8000513e	 x13:0x00000004
       47625000	      4663	8000511a	403ad893	srai	x17,x21,0x3	 x21:0xffffffff x17=0xffffffff
       47995000	      4700	8000511e	029fdc33	divu	x24,x31,x9	 x31:0x3d815000  x9:0x80021e64 x24=0x00000000
       48005000	      4701	80005122	e81d	c.bnez	x8,80005158	  x8:0xfffff382
       48025000	      4703	80005158	6315	c.lui	x6,0x5	  x6=0x00005000
       48035000	      4704	8000515a	005646b3	xor	x13,x12,x5	 x12:0x0000d000  x5:0x0000d000 x13=0x00000000
       48045000	      4705	8000515e	c231	c.beqz	x12,800051a2	 x12:0x0000d000
       48055000	      4706	80005160	8d45	c.or	x10,x9	 x10:0xfffffc00  x9:0x80021e64 x10=0xfffffe64
       48065000	      4707	80005162	5ffd	c.li	x31,-1	 x31=0xffffffff
       48435000	      4744	80005164	026d6fb3	rem	x31,x26,x6	 x26:0xfffff9c1  x6:0x00005000 x31=0xfffff9c1
       48475000	      4748	80005168	03a1b133	mulhu	x2,x3,x26	  x3:0x00000000 x26:0xfffff9c1  x2=0x00000000
       48485000	      4749	8000516c	83bd	c.srli	x15,0xf	 x15:0x00000000 x15=0x00000000
       48495000	      4750	8000516e	613d	c.addi16sp	x2,480	  x2:0x00000000  x2=0x000001e0
       48505000	      4751	80005170	001d9213	slli	x4,x27,0x1	 x27:0x00000000  x4=0x00000000
       48515000	      4752	80005174	01f64863	blt	x12,x31,80005184	 x12:0x0000d000 x31:0xfffff9c1
       48525000	      4753	80005178	ea7e2693	slti	x13,x28,-345	 x28:0x00000000 x13=0x00000000
       48535000	      4754	8000517c	0ff0000f	fence	iorw,iorw	
       48545000	      4755	80005180	02340d63	beq	x8,x3,800051ba	  x8:0xfffff382  x3:0x00000000
       48565000	      4757	80005184	03b9c1b3	div	x3,x19,x27	 x19:0x03b10444 x27:0x00000000  x3=0xffffffff
       48575000	      4758	80005188	40cf5833	sra	x16,x30,x12	 x30:0x80025ce4 x12:0x0000d000 x16=0x80025ce4
       48585000	      4759	8000518c	01ea83b3	add	x7,x21,x30	 x21:0xffffffff x30:0x80025ce4  x7=0x80025ce3
       48595000	      4760	80005190	0001	c.addi	x0,0	  x0:0x00000000  x0=0x00000000
       48615000	      4762	80005192	0240d933	divu	x18,x1,x4	  x1:0xffffffff  x4:0x00000000 x18=0xffffffff
       48625000	      4763	80005196	02819a63	bne	x3,x8,800051ca	  x3:0xffffffff  x8:0xfffff382
       48685000	      4769	800051ca	02722733	mulhsu	x14,x4,x7	  x4:0x00000000  x7:0x80025ce3 x14=0x00000000
       48695000	      4770	800051ce	00788a33	add	x20,x17,x7	 x17:0xffffffff  x7:0x80025ce3 x20=0x80025ce2
       48705000	      4771	800051d2	c22bea13	ori	x20,x23,-990	 x23:0x80000001 x20=0xfffffc23
       48715000	      4772	800051d6	8e59	c.or	x12,x14	 x12:0x0000d000 x14:0x00000000 x12=0x0000d000
       48755000	      4776	800051d8	02bf3a33	mulhu	x20,x30,x11	 x30:0x80025ce4 x11:0x894eacb4 x20=0x44a89ac9
       48765000	      4777	800051dc	00815633	srl	x12,x2,x8	  x2:0x000001e0  x8:0xfffff382 x12=0x00000078
       48775000	      4778	800051e0	086e	c.slli	x16,0x1b	 x16:0x80025ce4 x16=0x20000000
       48815000	      4782	800051e2	02212033	mulhsu	x0,x2,x2	  x2:0x000001e0  x2:0x000001e0  x0=0x00000000
       48825000	      4783	800051e6	dbe7b613	sltiu	x12,x15,-578	 x15:0x00000000 x12=0x00000001
       48855000	      4786	800051ea	02e28233	mul	x4,x5,x14	  x5:0x0000d000 x14:0x00000000  x4=0x00000000
       48875000	      4788	800051ee	02fad9b3	divu	x19,x21,x15	 x21:0xffffffff x15:0x00000000 x19=0xffffffff
       48885000	      4789	800051f2	412d	c.li	x2,11	  x2=0x0000000b
       48895000	      4790	800051f4	00039913	slli	x18,x7,0x0	  x7:0x80025ce3 x18=0x80025ce3
       48905000	      4791	800051f8	01457733	and	x14,x10,x20	 x10:0xfffffe64 x20:0x44a89ac9 x14=0x44a89a40
       48915000	      4792	800051fc	0386	c.slli	x7,0x1	  x7:0x80025ce3  x7=0x0004b9c6
       48925000	      4793	800051fe	00dd4333	xor	x6,x26,x13	 x26:0xfffff9c1 x13:0x00000000  x6=0xfffff9c1
       48935000	      4794	80005202	0331e963	bltu	x3,x19,80005234	  x3:0xffffffff x19:0xffffffff
       48945000	      4795	80005206	01f51e33	sll	x28,x10,x31	 x10:0xfffffe64 x31:0xfffff9c1 x28=0xfffffcc8
       48955000	      4796	8000520a	8569	c.srai	x10,0x1a	 x10:0xfffffe64 x10=0xffffffff
       48965000	      4797	8000520c	0001	c.addi	x0,0	  x0:0x00000000  x0=0x00000000
       48975000	      4798	8000520e	6d31	c.lui	x26,0xc	 x26=0x0000c000
       48985000	      4799	80005210	8c4e	c.mv	x24,x19	  x0:0x00000000 x19:0xffffffff x24=0xffffffff
       48995000	      4800	80005212	0755	c.addi	x14,21	 x14:0x44a89a40 x14=0x44a89a55
       49005000	      4801	80005214	014a	c.slli	x2,0x12	  x2:0x0000000b  x2=0x002c0000
       49015000	      4802	80005216	8f55	c.or	x14,x13	 x14:0x44a89a55 x13:0x00000000 x14=0x44a89a55
       49025000	      4803	80005218	020f9263	bne	x31,x0,8000523c	 x31:0xfffff9c1  x0:0x00000000
       49045000	      4805	8000523c	01b1e563	bltu	x3,x27,80005246	  x3:0xffffffff x27:0x00000000
       49055000	      4806	80005240	eb20bc93	sltiu	x25,x1,-334	  x1:0xffffffff x25=0x00000000
       49065000	      4807	80005244	6b09	c.lui	x22,0x2	 x22=0x00002000
       49105000	      4811	80005246	032ca3b3	mulhsu	x7,x25,x18	 x25:0x00000000 x18:0x80025ce3  x7=0x00000000
       49115000	      4812	8000524a	018dc033	xor	x0,x27,x24	 x27:0x00000000 x24:0xffffffff  x0=0x00000000
       49125000	      4813	8000524e	01d96533	or	x10,x18,x29	 x18:0x80025ce3 x29:0xfffff9c1 x10=0xfffffde3
       49135000	      4814	80005252	1d69e893	ori	x17,x19,470	 x19:0xffffffff x17=0xffffffff
       49145000	      4815	80005256	00a206b3	add	x13,x4,x10	  x4:0x00000000 x10:0xfffffde3 x13=0xfffffde3
       49155000	      4816	8000525a	711aed13	ori	x26,x21,1809	 x21:0xffffffff x26=0xffffffff
       49165000	      4817	8000525e	40d883b3	sub	x7,x17,x13	 x17:0xffffffff x13:0xfffffde3  x7=0x0000021c
       49205000	      4821	80005262	039db833	mulhu	x16,x27,x25	 x27:0x00000000 x25:0x00000000 x16=0x00000000
       49215000	      4822	80005266	40a5dd93	srai	x27,x11,0xa	 x11:0x894eacb4 x27=0xffe253ab
       49225000	      4823	8000526a	4544e613	ori	x12,x9,1108	  x9:0x80021e64 x12=0x80021e74
       49235000	      4824	8000526e	8122	c.mv	x2,x8	  x0:0x00000000  x8:0xfffff382  x2=0xfffff382
       49245000	      4825	80005270	95dc0f93	addi	x31,x24,-1699	 x24:0xffffffff x31=0xfffff95c
       49255000	      4826	80005274	41c3dbb3	sra	x23,x7,x28	  x7:0x0000021c x28:0xfffffcc8 x23=0x00000002
       49265000	      4827	80005278	00ba72b3	and	x5,x20,x11	 x20:0x44a89ac9 x11:0x894eacb4  x5=0x00088880
       49635000	      4864	8000527c	02516fb3	rem	x31,x2,x5	  x2:0xfffff382  x5:0x00088880 x31=0xfffff382
       49645000	      4865	80005280	ba1aba93	sltiu	x21,x21,-1119	 x21:0xffffffff x21=0x00000000
       49655000	      4866	80005284	0cb2	c.slli	x25,0xc	 x25:0x00000000 x25=0x00000000
       49695000	      4870	80005286	02c43033	mulhu	x0,x8,x12	  x8:0xfffff382 x12:0x80021e74  x0=0x00000000
       50065000	      4907	8000528a	03d742b3	div	x5,x14,x29	 x14:0x44a89a55 x29:0xfffff9c1  x5=0xfff501fd
       50075000	      4908	8000528e	daeb2337	lui	x6,0xdaeb2	  x6=0xdaeb2000
       50085000	      4909	80005292	8a3c0f93	addi	x31,x24,-1885	 x24:0xffffffff x31=0xfffff8a2
       50125000	      4913	80005296	02223cb3	mulhu	x25,x4,x2	  x4:0x00000000  x2:0xfffff382 x25=0x00000000
       50135000	      4914	8000529a	9b3b7cb7	lui	x25,0x9b3b7	 x25=0x9b3b7000
       50145000	      4915	8000529e	ed483413	sltiu	x8,x16,-300	 x16:0x00000000  x8=0x00000001
       50155000	      4916	800052a2	0001	c.addi	x0,0	  x0:0x00000000  x0=0x00000000
       50165000	      4917	800052a4	8f1d	c.sub	x14,x15	 x14:0x44a89a55 x15:0x00000000 x14=0x44a89a55
       50175000	      4918	800052a6	0ff0000f	fence	iorw,iorw	
       50205000	      4921	800052aa	02c68db3	mul	x27,x13,x12	 x13:0xfffffde3 x12:0x80021e74 x27=0x7b85a4dc
       50215000	      4922	800052ae	8c4d	c.or	x8,x11	  x8:0x00000001 x11:0x894eacb4  x8=0x894eacb5
       50225000	      4923	800052b0	8c61	c.and	x8,x8	  x8:0x894eacb5  x8:0x894eacb5  x8=0x894eacb5
       50595000	      4960	800052b2	0312c733	div	x14,x5,x17	  x5:0xfff501fd x17:0xffffffff x14=0x000afe03
       50605000	      4961	800052b6	01bd7c33	and	x24,x26,x27	 x26:0xffffffff x27:0x7b85a4dc x24=0x7b85a4dc
       50615000	      4962	800052ba	0094ec33	or	x24,x9,x9	  x9:0x80021e64  x9:0x80021e64 x24=0x80021e64
       50625000	      4963	800052be	00d7fcb3	and	x25,x15,x13	 x15:0x00000000 x13:0xfffffde3 x25=0x00000000
       50635000	      4964	800052c2	3d9fd417	auipc	x8,0x3d9fd	  x8=0xbda022c2
       50645000	      4965	800052c6	40bd86b3	sub	x13,x27,x11	 x27:0x7b85a4dc x11:0x894eacb4 x13=0xf236f828
       50655000	      4966	800052ca	8e81	c.sub	x13,x8	 x13:0xf236f828  x8:0xbda022c2 x13=0x3496d566
       51025000	      5003	800052cc	0372fc33	remu	x24,x5,x23	  x5:0xfff501fd x23:0x00000002 x24=0x00000001
       51035000	      5004	800052d0	c215	c.beqz	x12,800052f4	 x12:0x80021e74
       51045000	      5005	800052d2	00d43133	sltu	x2,x8,x13	  x8:0xbda022c2 x13:0x3496d566  x2=0x00000000
       51055000	      5006	800052d6	004f5693	srli	x13,x30,0x4	 x30:0x80025ce4 x13=0x080025ce
       51065000	      5007	800052da	5b088113	addi	x2,x17,1456	 x17:0xffffffff  x2=0x000005af
       51075000	      5008	800052de	006e5993	srli	x19,x28,0x6	 x28:0xfffffcc8 x19=0x03fffff3
       51085000	      5009	800052e2	0ff0000f	fence	iorw,iorw	
       51095000	      5010	800052e6	1408	c.addi4spn	x10,x2,544	 x10=0x000007cf
       51105000	      5011	800052e8	2019bb13	sltiu	x22,x19,513	 x19:0x03fffff3 x22=0x00000000
       51115000	      5012	800052ec	40f05833	sra	x16,x0,x15	  x0:0x00000000 x15:0x00000000 x16=0x00000000
       51145000	      5015	800052f0	038b0733	mul	x14,x22,x24	 x22:0x00000000 x24:0x00000001 x14=0x00000000
       51515000	      5052	800052f4	032d6ab3	rem	x21,x26,x18	 x26:0xffffffff x18:0x80025ce3 x21=0xffffffff
       51525000	      5053	800052f8	96c40d93	addi	x27,x8,-1684	  x8:0xbda022c2 x27=0xbda01c2e
       51535000	      5054	800052fc	00a67963	bgeu	x12,x10,8000530e	 x12:0x80021e74 x10:0x000007cf
       51565000	      5057	8000530e	5ca87013	andi	x0,x16,1482	 x16:0x00000000  x0=0x00000000
       51575000	      5058	80005312	0000100f	fence.i	
       51605000	      5061	80005316	2e014093	xori	x1,x2,736	  x2:0x000005af  x1=0x0000074f
       51975000	      5098	8000531a	02367e33	remu	x28,x12,x3	 x12:0x80021e74  x3:0xffffffff x28=0x80021e74
       51985000	      5099	8000531e	8f21	c.xor	x14,x8	 x14:0x00000000  x8:0xbda022c2 x14=0xbda022c2
       51995000	      5100	80005320	01777833	and	x16,x14,x23	 x14:0xbda022c2 x23:0x00000002 x16=0x00000002
       52005000	      5101	80005324	00257663	bgeu	x10,x2,80005330	 x10:0x000007cf  x2:0x000005af
       52025000	      5103	80005330	6179	c.addi16sp	x2,464	  x2:0x000005af  x2=0x0000077f
       52035000	      5104	80005332	00c11db3	sll	x27,x2,x12	  x2:0x0000077f x12:0x80021e74 x27=0x77f00000
       52045000	      5105	80005336	7db1ac17	auipc	x24,0x7db1a	 x24=0xfdb1f336
       52055000	      5106	8000533a	015a5b93	srli	x23,x20,0x15	 x20:0x44a89ac9 x23=0x00000225
       52095000	      5110	8000533e	02ad3333	mulhu	x6,x26,x10	 x26:0xffffffff x10:0x000007cf  x6=0x000007ce
       52105000	      5111	80005342	0e30ef93	ori	x31,x1,227	  x1:0x0000074f x31=0x000007ef
       52115000	      5112	80005346	8ba2	c.mv	x23,x8	  x0:0x00000000  x8:0xbda022c2 x23=0xbda022c2
       52125000	      5113	80005348	533a4193	xori	x3,x20,1331	 x20:0x44a89ac9  x3=0x44a89ffa
       52145000	      5115	8000534c	0367ecb3	rem	x25,x15,x22	 x15:0x00000000 x22:0x00000000 x25=0x00000000
       52155000	      5116	80005350	00845e93	srli	x29,x8,0x8	  x8:0xbda022c2 x29=0x00bda022
       52165000	      5117	80005354	03119b63	bne	x3,x17,8000538a	  x3:0x44a89ffa x17:0xffffffff
       52195000	      5120	8000538a	00ad5b63	bge	x26,x10,800053a0	 x26:0xffffffff x10:0x000007cf
       52205000	      5121	8000538e	03440963	beq	x8,x20,800053c0	  x8:0xbda022c2 x20:0x44a89ac9
       52215000	      5122	80005392	6641	c.lui	x12,0x10	 x12=0x00010000
       52245000	      5125	80005394	022b0633	mul	x12,x22,x2	 x22:0x00000000  x2:0x0000077f x12=0x00000000
       52255000	      5126	80005398	00de09b3	add	x19,x28,x13	 x28:0x80021e74 x13:0x080025ce x19=0x88024442
       52265000	      5127	8000539c	013203b3	add	x7,x4,x19	  x4:0x00000000 x19:0x88024442  x7=0x88024442
       52275000	      5128	800053a0	717d	c.addi16sp	x2,-16	  x2:0x0000077f  x2=0x0000076f
       52285000	      5129	800053a2	00e900b3	add	x1,x18,x14	 x18:0x80025ce3 x14:0xbda022c2  x1=0x3da27fa5
       52295000	      5130	800053a6	8f19	c.sub	x14,x14	 x14:0xbda022c2 x14:0xbda022c2 x14=0x00000000
       52305000	      5131	800053a8	03146963	bltu	x8,x17,800053da	  x8:0xbda022c2 x17:0xffffffff
       52325000	      5133	800053da	9b7d	c.andi	x14,-1	 x14:0x00000000 x14=0x00000000
       52335000	      5134	800053dc	44738413	addi	x8,x7,1095	  x7:0x88024442  x8=0x88024889
       52345000	      5135	800053e0	8e89	c.sub	x13,x10	 x13:0x080025ce x10:0x000007cf x13=0x08001dff
       52355000	      5136	800053e2	00554bb3	xor	x23,x10,x5	 x10:0x000007cf  x5:0xfff501fd x23=0xfff50632
       52365000	      5137	800053e6	8eb9	c.xor	x13,x14	 x13:0x08001dff x14:0x00000000 x13=0x08001dff
       52375000	      5138	800053e8	6171	c.addi16sp	x2,336	  x2:0x0000076f  x2=0x000008bf
       52385000	      5139	800053ea	03986963	bltu	x16,x25,8000541c	 x16:0x00000002 x25:0x00000000
       52395000	      5140	800053ee	0001	c.addi	x0,0	  x0:0x00000000  x0=0x00000000
       52405000	      5141	800053f0	8f99	c.sub	x15,x14	 x15:0x00000000 x14:0x00000000 x15=0x00000000
       52415000	      5142	800053f2	98fe	c.add	x17,x31	 x17:0xffffffff x31:0x000007ef x17=0x000007ee
       52425000	      5143	800053f4	b349f313	andi	x6,x19,-1228	 x19:0x88024442  x6=0x88024000
       52435000	      5144	800053f8	d3c36813	ori	x16,x6,-708	  x6:0x88024000 x16=0xfffffd3c
       52445000	      5145	800053fc	b9282713	slti	x14,x16,-1134	 x16:0xfffffd3c x14=0x00000000
       52455000	      5146	80005400	5b7d	c.li	x22,-1	 x22=0xffffffff
       52465000	      5147	80005402	8039	c.srli	x8,0xe	  x8:0x88024889  x8=0x00022009
       52475000	      5148	80005404	1b9c	c.addi4spn	x15,x2,496	 x15=0x00000aaf
       52485000	      5149	80005406	402308b3	sub	x17,x6,x2	  x6:0x88024000  x2:0x000008bf x17=0x88023741
       52495000	      5150	8000540a	05cee163	bltu	x29,x28,8000544c	 x29:0x00bda022 x28:0x80021e74
       52515000	      5152	8000544c	019b5d33	srl	x26,x22,x25	 x22:0xffffffff x25:0x00000000 x26=0xffffffff
       52525000	      5153	80005450	d27c8b13	addi	x22,x25,-729	 x25:0x00000000 x22=0xfffffd27
       52535000	      5154	80005454	e709	c.bnez	x14,8000545e	 x14:0x00000000
       52545000	      5155	80005456	8e4d	c.or	x12,x11	 x12:0x00000000 x11:0x894eacb4 x12=0x894eacb4
       52555000	      5156	80005458	03828063	beq	x5,x24,80005478	  x5:0xfff501fd x24:0xfdb1f336
       52565000	      5157	8000545c	6bcd	c.lui	x23,0x13	 x23=0x00013000
       52575000	      5158	8000545e	42b9	c.li	x5,14	  x5=0x0000000e
       52945000	      5195	80005460	0216fb33	remu	x22,x13,x1	 x13:0x08001dff  x1:0x3da27fa5 x22=0x08001dff
       52955000	      5196	80005464	c30d	c.beqz	x14,80005486	 x14:0x00000000
       53015000	      5202	80005486	02efb2b3	mulhu	x5,x31,x14	 x31:0x000007ef x14:0x00000000  x5=0x00000000
       53025000	      5203	8000548a	02a67263	bgeu	x12,x10,800054ae	 x12:0x894eacb4 x10:0x000007cf
       53055000	      5206	800054ae	026afa63	bgeu	x21,x6,800054e2	 x21:0xffffffff  x6:0x88024000
       53085000	      5209	800054e2	01816f63	bltu	x2,x24,80005500	  x2:0x000008bf x24:0xfdb1f336
       53105000	      5211	80005500	8e1d	c.sub	x12,x15	 x12:0x894eacb4 x15:0x00000aaf x12=0x894ea205
       53115000	      5212	80005502	7f4db013	sltiu	x0,x27,2036	 x27:0x77f00000  x0=0x00000000
       53125000	      5213	80005506	0296	c.slli	x5,0x5	  x5:0x00000000  x5=0x00000000
       53135000	      5214	80005508	a6576413	ori	x8,x14,-1435	 x14:0x00000000  x8=0xfffffa65
       53145000	      5215	8000550c	8f31	c.xor	x14,x12	 x14:0x00000000 x12:0x894ea205 x14=0x894ea205
       53155000	      5216	8000550e	8f09	c.sub	x14,x10	 x14:0x894ea205 x10:0x000007cf x14=0x894e9a36
       53165000	      5217	80005510	40900833	sub	x16,x0,x9	  x0:0x00000000  x9:0x80021e64 x16=0x7ffde19c
       53535000	      5254	80005514	0263c933	div	x18,x7,x6	  x7:0x88024442  x6:0x88024000 x18=0x00000000
       53545000	      5255	80005518	02fe1963	bne	x28,x15,8000554a	 x28:0x80021e74 x15:0x00000aaf
       53575000	      5258	8000554a	02008863	beq	x1,x0,8000557a	  x1:0x3da27fa5  x0:0x00000000
       53585000	      5259	8000554e	0094d663	bge	x9,x9,8000555a	  x9:0x80021e64  x9:0x80021e64
       53615000	      5262	8000555a	017fd713	srli	x14,x31,0x17	 x31:0x000007ef x14=0x00000000
       53985000	      5299	8000555e	03aef733	remu	x14,x29,x26	 x29:0x00bda022 x26:0xffffffff x14=0x00bda022
       53995000	      5300	80005562	40395513	srai	x10,x18,0x3	 x18:0x00000000 x10=0x00000000
       54005000	      5301	80005566	567d	c.li	x12,-1	 x12=0xffffffff
       54015000	      5302	80005568	691d	c.lui	x18,0x7	 x18=0x00007000
       54025000	      5303	8000556a	00ef4e63	blt	x30,x14,80005586	 x30:0x80025ce4 x14:0x00bda022
       54045000	      5305	80005586	c399	c.beqz	x15,8000558c	 x15:0x00000aaf
       54055000	      5306	80005588	d566b313	sltiu	x6,x13,-682	 x13:0x08001dff  x6=0x00000001
       54065000	      5307	8000558c	02cc6363	bltu	x24,x12,800055b2	 x24:0xfdb1f336 x12:0xffffffff
       54095000	      5310	800055b2	01dcc533	xor	x10,x25,x29	 x25:0x00000000 x29:0x00bda022 x10=0x00bda022
       54105000	      5311	800055b6	03de0a63	beq	x28,x29,800055ea	 x28:0x80021e74 x29:0x00bda022
       54115000	      5312	800055ba	0001	c.addi	x0,0	  x0:0x00000000  x0=0x00000000
       54125000	      5313	800055bc	e771b093	sltiu	x1,x3,-393	  x3:0x44a89ffa  x1=0x00000001
       54135000	      5314	800055c0	0b90	c.addi4spn	x12,x2,464	 x12=0x00000a8f
       54145000	      5315	800055c2	0000100f	fence.i	
       54165000	      5317	800055c6	0e9c	c.addi4spn	x15,x2,848	 x15=0x00000c0f
       54535000	      5354	800055c8	029bd6b3	divu	x13,x23,x9	 x23:0x00013000  x9:0x80021e64 x13=0x00000000
       54545000	      5355	800055cc	00595d13	srli	x26,x18,0x5	 x18:0x00007000 x26=0x00000380
       54555000	      5356	800055d0	01cfd633	srl	x12,x31,x28	 x31:0x000007ef x28:0x80021e74 x12=0x00000000
       54565000	      5357	800055d4	01803db3	sltu	x27,x0,x24	  x0:0x00000000 x24:0xfdb1f336 x27=0x00000001
       54575000	      5358	800055d8	036f36b7	lui	x13,0x36f3	 x13=0x036f3000
       54585000	      5359	800055dc	987d	c.andi	x8,-1	  x8:0xfffffa65  x8=0xfffffa65
       54595000	      5360	800055de	005a8263	beq	x21,x5,800055e2	 x21:0xffffffff  x5:0x00000000
       54605000	      5361	800055e2	01c8ddb3	srl	x27,x17,x28	 x17:0x88023741 x28:0x80021e74 x27=0x00000880
       54615000	      5362	800055e6	01739b13	slli	x22,x7,0x17	  x7:0x88024442 x22=0x21000000
       54625000	      5363	800055ea	8049	c.srli	x8,0x12	  x8:0xfffffa65  x8=0x00003fff
       54635000	      5364	800055ec	031c	c.addi4spn	x15,x2,384	 x15=0x00000a3f
       54645000	      5365	800055ee	8f3d	c.xor	x14,x15	 x14:0x00bda022 x15:0x00000a3f x14=0x00bdaa1d
       54655000	      5366	800055f0	ce19	c.beqz	x12,8000560e	 x12:0x00000000
       54685000	      5369	8000560e	01f490b3	sll	x1,x9,x31	  x9:0x80021e64 x31:0x000007ef  x1=0x0f320000
       54695000	      5370	80005612	01c730b3	sltu	x1,x14,x28	 x14:0x00bdaa1d x28:0x80021e74  x1=0x00000001
       54705000	      5371	80005616	13fd	c.addi	x7,-1	  x7:0x88024442  x7=0x88024441
       54715000	      5372	80005618	11bec993	xori	x19,x29,283	 x29:0x00bda022 x19=0x00bda139
       54725000	      5373	8000561c	01e02733	slt	x14,x0,x30	  x0:0x00000000 x30:0x80025ce4 x14=0x00000000
       54735000	      5374	80005620	0203d563	bge	x7,x0,8000564a	  x7:0x88024441  x0:0x00000000
       54745000	      5375	80005624	f3d4b793	sltiu	x15,x9,-195	  x9:0x80021e64 x15=0x00000001
       54755000	      5376	80005628	6165	c.addi16sp	x2,112	  x2:0x000008bf  x2=0x0000092f
       54765000	      5377	8000562a	0000100f	fence.i	
       54785000	      5379	8000562e	87ed	c.srai	x15,0x1b	 x15:0x00000001 x15=0x00000000
       54795000	      5380	80005630	012bc233	xor	x4,x23,x18	 x23:0x00013000 x18:0x00007000  x4=0x00014000
       54835000	      5384	80005634	038b3d33	mulhu	x26,x22,x24	 x22:0x21000000 x24:0xfdb1f336 x26=0x20b3f059
       54845000	      5385	80005638	10fd	c.addi	x1,-1	  x1:0x00000001  x1=0x00000000
       54855000	      5386	8000563a	980b8793	addi	x15,x23,-1664	 x23:0x00013000 x15=0x00012980
       54865000	      5387	8000563e	01c91d13	slli	x26,x18,0x1c	 x18:0x00007000 x26=0x00000000
       54875000	      5388	80005642	00224533	xor	x10,x4,x2	  x4:0x00014000  x2:0x0000092f x10=0x0001492f
       54885000	      5389	80005646	001fc563	blt	x31,x1,80005650	 x31:0x000007ef  x1:0x00000000
       54895000	      5390	8000564a	a889ae93	slti	x29,x19,-1400	 x19:0x00bda139 x29=0x00000000
       54905000	      5391	8000564e	8d29	c.xor	x10,x10	 x10:0x0001492f x10:0x0001492f x10=0x00000000
       54915000	      5392	80005650	058e6363	bltu	x28,x24,80005696	 x28:0x80021e74 x24:0xfdb1f336
       54945000	      5395	80005696	01566db3	or	x27,x12,x21	 x12:0x00000000 x21:0xffffffff x27=0xffffffff
       54955000	      5396	8000569a	1ea20893	addi	x17,x4,490	  x4:0x00014000 x17=0x000141ea
       54965000	      5397	8000569e	0d992d93	slti	x27,x18,217	 x18:0x00007000 x27=0x00000000
       54975000	      5398	800056a2	01be	c.slli	x3,0xf	  x3:0x44a89ffa  x3=0x4ffd0000
       54985000	      5399	800056a4	000f23b3	slt	x7,x30,x0	 x30:0x80025ce4  x0:0x00000000  x7=0x00000001
       55355000	      5436	800056a8	03fdc533	div	x10,x27,x31	 x27:0x00000000 x31:0x000007ef x10=0x00000000
       55365000	      5437	800056ac	16fd	c.addi	x13,-1	 x13:0x036f3000 x13=0x036f2fff
       55375000	      5438	800056ae	008bd113	srli	x2,x23,0x8	 x23:0x00013000  x2=0x00000130
       55385000	      5439	800056b2	00ac1a13	slli	x20,x24,0xa	 x24:0xfdb1f336 x20=0xc7ccd800
       55395000	      5440	800056b6	01df1b63	bne	x30,x29,800056cc	 x30:0x80025ce4 x29:0x00000000
       55415000	      5442	800056cc	4a5d	c.li	x20,23	 x20=0x00000017
       55425000	      5443	800056ce	c40008b7	lui	x17,0xc4000	 x17=0xc4000000
       55435000	      5444	800056d2	676cae13	slti	x28,x25,1654	 x25:0x00000000 x28=0x00000001
       55445000	      5445	800056d6	01e49033	sll	x0,x9,x30	  x9:0x80021e64 x30:0x80025ce4  x0=0x00000000
       55455000	      5446	800056da	9416	c.add	x8,x5	  x8:0x00003fff  x5:0x00000000  x8=0x00003fff
       55465000	      5447	800056dc	00bd4b63	blt	x26,x11,800056f2	 x26:0x00000000 x11:0x894eacb4
       55475000	      5448	800056e0	16d57e13	andi	x28,x10,365	 x10:0x00000000 x28=0x00000000
       55485000	      5449	800056e4	8e5d	c.or	x12,x15	 x12:0x00000000 x15:0x00012980 x12=0x00012980
       55495000	      5450	800056e6	01399a13	slli	x20,x19,0x13	 x19:0x00bda139 x20=0x09c80000
       55505000	      5451	800056ea	0188e763	bltu	x17,x24,800056f8	 x17:0xc4000000 x24:0xfdb1f336
       55555000	      5456	800056f8	02562333	mulhsu	x6,x12,x5	 x12:0x00012980  x5:0x00000000  x6=0x00000000
       55565000	      5457	800056fc	8785	c.srai	x15,0x1	 x15:0x00012980 x15=0x000094c0
       55575000	      5458	800056fe	03381363	bne	x16,x19,80005724	 x16:0x7ffde19c x19:0x00bda139
       55595000	      5460	80005724	0168d513	srli	x10,x17,0x16	 x17:0xc4000000 x10=0x00000310
       55605000	      5461	80005728	cf11	c.beqz	x14,80005744	 x14:0x00000000
       55625000	      5463	80005744	83c5	c.srli	x15,0x11	 x15:0x000094c0 x15=0x00000000
       55665000	      5467	80005746	0354a033	mulhsu	x0,x9,x21	  x9:0x80021e64 x21:0xffffffff  x0=0x00000000
       56035000	      5504	8000574a	03264b33	div	x22,x12,x18	 x12:0x00012980 x18:0x00007000 x22=0x00000002
       56045000	      5505	8000574e	411b83b3	sub	x7,x23,x17	 x23:0x00013000 x17:0xc4000000  x7=0x3c013000
       56055000	      5506	80005752	56fd	c.li	x13,-1	 x13=0xffffffff
       56425000	      5543	80005754	02c3c8b3	div	x17,x7,x12	  x7:0x3c013000 x12:0x00012980 x17=0x000033a2
       56435000	      5544	80005758	4064d8b3	sra	x17,x9,x6	  x9:0x80021e64  x6:0x00000000 x17=0x80021e64
       56445000	      5545	8000575c	7a158e93	addi	x29,x11,1953	 x11:0x894eacb4 x29=0x894eb455
       56465000	      5547	80005760	020d41b3	div	x3,x26,x0	 x26:0x00000000  x0:0x00000000  x3=0xffffffff
       56475000	      5548	80005764	40dcde93	srai	x29,x25,0xd	 x25:0x00000000 x29=0x00000000
       56485000	      5549	80005768	0082fdb3	and	x27,x5,x8	  x5:0x00000000  x8:0x00003fff x27=0x00000000
       56495000	      5550	8000576c	01695913	srli	x18,x18,0x16	 x18:0x00007000 x18=0x00000000
       56505000	      5551	80005770	8d3d	c.xor	x10,x15	 x10:0x00000310 x15:0x00000000 x10=0x00000310
       56515000	      5552	80005772	02197a63	bgeu	x18,x1,800057a6	 x18:0x00000000  x1:0x00000000
       56545000	      5555	800057a6	402fdab3	sra	x21,x31,x2	 x31:0x000007ef  x2:0x00000130 x21=0x00000000
       56555000	      5556	800057aa	9c86	c.add	x25,x1	 x25:0x00000000  x1:0x00000000 x25=0x00000000
       56565000	      5557	800057ac	1c88	c.addi4spn	x10,x2,624	 x10=0x000003a0
       56575000	      5558	800057ae	0000100f	fence.i	
       56635000	      5564	800057b2	025126b3	mulhsu	x13,x2,x5	  x2:0x00000130  x5:0x00000000 x13=0x00000000
       56645000	      5565	800057b6	00b59b93	slli	x23,x11,0xb	 x11:0x894eacb4 x23=0x7565a000
       56655000	      5566	800057ba	0196c633	xor	x12,x13,x25	 x13:0x00000000 x25:0x00000000 x12=0x00000000
       56665000	      5567	800057be	e295	c.bnez	x13,800057e2	 x13:0x00000000
       56695000	      5570	800057c0	038f8633	mul	x12,x31,x24	 x31:0x000007ef x24:0xfdb1f336 x12=0xb6c8896a
       56705000	      5571	800057c4	0000100f	fence.i	
       56725000	      5573	800057c8	00c8f033	and	x0,x17,x12	 x17:0x80021e64 x12:0xb6c8896a  x0=0x00000000
       56735000	      5574	800057cc	00ce7733	and	x14,x28,x12	 x28:0x00000000 x12:0xb6c8896a x14=0x00000000
       56745000	      5575	800057d0	0000100f	fence.i	
       56765000	      5577	800057d4	0001	c.addi	x0,0	  x0:0x00000000  x0=0x00000000
       56775000	      5578	800057d6	b68ee393	ori	x7,x29,-1176	 x29:0x00000000  x7=0xfffffb68
       56785000	      5579	800057da	002b6fb3	or	x31,x22,x2	 x22:0x00000002  x2:0x00000130 x31=0x00000132
       56795000	      5580	800057de	0326eb63	bltu	x13,x18,80005814	 x13:0x00000000 x18:0x00000000
       56815000	      5582	800057e2	02166933	rem	x18,x12,x1	 x12:0xb6c8896a  x1:0x00000000 x18=0xb6c8896a
       56825000	      5583	800057e6	4078df93	srai	x31,x17,0x7	 x17:0x80021e64 x31=0xff00043c
       56835000	      5584	800057ea	a81fbf93	sltiu	x31,x31,-1407	 x31:0xff00043c x31=0x00000001
       56845000	      5585	800057ee	67a9	c.lui	x15,0xa	 x15=0x0000a000
       56855000	      5586	800057f0	00038db3	add	x27,x7,x0	  x7:0xfffffb68  x0:0x00000000 x27=0xfffffb68
       56865000	      5587	800057f4	9a7d	c.andi	x12,-1	 x12:0xb6c8896a x12=0xb6c8896a
       56905000	      5591	800057f6	0334b7b3	mulhu	x15,x9,x19	  x9:0x80021e64 x19:0x00bda139 x15=0x005ed22e
       57275000	      5628	800057fa	02cd4733	div	x14,x26,x12	 x26:0x00000000 x12:0xb6c8896a x14=0x00000000
       57285000	      5629	800057fe	401207b3	sub	x15,x4,x1	  x4:0x00014000  x1:0x00000000 x15=0x00014000
       57295000	      5630	80005802	0130eab3	or	x21,x1,x19	  x1:0x00000000 x19:0x00bda139 x21=0x00bda139
       57325000	      5633	80005806	02158bb3	mul	x23,x11,x1	 x11:0x894eacb4  x1:0x00000000 x23=0x00000000
       57365000	      5637	8000580a	02122033	mulhsu	x0,x4,x1	  x4:0x00014000  x1:0x00000000  x0=0x00000000
       57375000	      5638	8000580e	6209	c.lui	x4,0x2	  x4=0x00002000
       57415000	      5642	80005810	02869133	mulh	x2,x13,x8	 x13:0x00000000  x8:0x00003fff  x2=0x00000000
       57425000	      5643	80005814	021f7363	bgeu	x30,x1,8000583a	 x30:0x80025ce4  x1:0x00000000
       57455000	      5646	8000583a	00b6d413	srli	x8,x13,0xb	 x13:0x00000000  x8=0x00000000
       57465000	      5647	8000583e	009c78b3	and	x17,x24,x9	 x24:0xfdb1f336  x9:0x80021e64 x17=0x80001224
       57475000	      5648	80005842	84aa8c37	lui	x24,0x84aa8	 x24=0x84aa8000
       57485000	      5649	80005846	8ffd	c.and	x15,x15	 x15:0x00014000 x15:0x00014000 x15=0x00014000
       57495000	      5650	80005848	8e51	c.or	x12,x12	 x12:0xb6c8896a x12:0xb6c8896a x12=0xb6c8896a
       57505000	      5651	8000584a	01ad1eb3	sll	x29,x26,x26	 x26:0x00000000 x26:0x00000000 x29=0x00000000
       57515000	      5652	8000584e	11fd	c.addi	x3,-1	  x3:0xffffffff  x3=0xfffffffe
       57525000	      5653	80005850	0001	c.addi	x0,0	  x0:0x00000000  x0=0x00000000
       57535000	      5654	80005852	0001	c.addi	x0,0	  x0:0x00000000  x0=0x00000000
       57545000	      5655	80005854	0dbfb213	sltiu	x4,x31,219	 x31:0x00000001  x4=0x00000001
       57555000	      5656	80005858	0f30e713	ori	x14,x1,243	  x1:0x00000000 x14=0x000000f3
       57585000	      5659	8000585c	02120233	mul	x4,x4,x1	  x4:0x00000001  x1:0x00000000  x4=0x00000000
       57595000	      5660	80005860	ca01	c.beqz	x12,80005870	 x12:0xb6c8896a
       57605000	      5661	80005862	0d26b913	sltiu	x18,x13,210	 x13:0x00000000 x18=0x00000001
       57615000	      5662	80005866	87c5	c.srai	x15,0x11	 x15:0x00014000 x15=0x00000000
       57625000	      5663	80005868	b6bf6413	ori	x8,x30,-1173	 x30:0x80025ce4  x8=0xffffffef
       57995000	      5700	8000586c	027fc633	div	x12,x31,x7	 x31:0x00000001  x7:0xfffffb68 x12=0x00000000
       58005000	      5701	80005870	0000100f	fence.i	
       58025000	      5703	80005874	4289	c.li	x5,2	  x5=0x00000002
       58035000	      5704	80005876	e4d7c193	xori	x3,x15,-435	 x15:0x00000000  x3=0xfffffe4d
       58045000	      5705	8000587a	00ec08b3	add	x17,x24,x14	 x24:0x84aa8000 x14:0x000000f3 x17=0x84aa80f3
       58415000	      5742	8000587e	0329f433	remu	x8,x19,x18	 x19:0x00bda139 x18:0x00000001  x8=0x00000000
       58425000	      5743	80005882	0001	c.addi	x0,0	  x0:0x00000000  x0=0x00000000
       58435000	      5744	80005884	61358613	addi	x12,x11,1555	 x11:0x894eacb4 x12=0x894eb2c7
       58445000	      5745	80005888	04147363	bgeu	x8,x1,800058ce	  x8:0x00000000  x1:0x00000000
       58505000	      5751	800058ce	02ff9033	mulh	x0,x31,x15	 x31:0x00000001 x15:0x00000000  x0=0x00000000
       58515000	      5752	800058d2	8c29	c.xor	x8,x10	  x8:0x00000000 x10:0x000003a0  x8=0x000003a0
       58525000	      5753	800058d4	0231e963	bltu	x3,x3,80005906	  x3:0xfffffe4d  x3:0xfffffe4d
       58535000	      5754	800058d8	e409	c.bnez	x8,800058e2	  x8:0x000003a0
       58555000	      5756	800058e2	ef01	c.bnez	x14,800058fa	 x14:0x000000f3
       58605000	      5761	800058fa	039888b3	mul	x17,x17,x25	 x17:0x84aa80f3 x25:0x00000000 x17=0x00000000
       58615000	      5762	800058fe	01321c93	slli	x25,x4,0x13	  x4:0x00000000 x25=0x00000000
       58625000	      5763	80005902	6165	c.addi16sp	x2,112	  x2:0x00000000  x2=0x00000070
       58635000	      5764	80005904	854a	c.mv	x10,x18	  x0:0x00000000 x18:0x00000001 x10=0x00000001
       58645000	      5765	80005906	41298533	sub	x10,x19,x18	 x19:0x00bda139 x18:0x00000001 x10=0x00bda138
       58655000	      5766	8000590a	1f10	c.addi4spn	x12,x2,944	 x12=0x00000420
       58665000	      5767	8000590c	8fad	c.xor	x15,x11	 x15:0x00000000 x11:0x894eacb4 x15=0x894eacb4
       59035000	      5804	8000590e	032ed7b3	divu	x15,x29,x18	 x29:0x00000000 x18:0x00000001 x15=0x00000000
       59045000	      5805	80005912	9afd	c.andi	x13,-1	 x13:0x00000000 x13=0x00000000
       59415000	      5842	80005914	02b5f133	remu	x2,x11,x11	 x11:0x894eacb4 x11:0x894eacb4  x2=0x00000000
       59425000	      5843	80005918	1118	c.addi4spn	x14,x2,160	 x14=0x000000a0
       59435000	      5844	8000591a	8e61	c.and	x12,x8	 x12:0x00000420  x8:0x000003a0 x12=0x00000020
       59445000	      5845	8000591c	f0406c13	ori	x24,x0,-252	  x0:0x00000000 x24=0xffffff04
       59455000	      5846	80005920	10fd	c.addi	x1,-1	  x1:0x00000000  x1=0xffffffff
       59465000	      5847	80005922	402a0433	sub	x8,x20,x2	 x20:0x09c80000  x2:0x00000000  x8=0x09c80000
       59475000	      5848	80005926	ef85	c.bnez	x15,8000595e	 x15:0x00000000
       59485000	      5849	80005928	6209	c.lui	x4,0x2	  x4=0x00002000
       59495000	      5850	8000592a	c00d	c.beqz	x8,8000594c	  x8:0x09c80000
       59505000	      5851	8000592c	0073ca33	xor	x20,x7,x7	  x7:0xfffffb68  x7:0xfffffb68 x20=0x00000000
       59515000	      5852	80005930	8c41	c.or	x8,x8	  x8:0x09c80000  x8:0x09c80000  x8=0x09c80000
       59525000	      5853	80005932	0045c233	xor	x4,x11,x4	 x11:0x894eacb4  x4:0x00002000  x4=0x894e8cb4
       59535000	      5854	80005936	018dcd33	xor	x26,x27,x24	 x27:0xfffffb68 x24:0xffffff04 x26=0x0000046c
       59905000	      5891	8000593a	02304db3	div	x27,x0,x3	  x0:0x00000000  x3:0xfffffe4d x27=0x00000000
       59915000	      5892	8000593e	01555ab3	srl	x21,x10,x21	 x10:0x00bda138 x21:0x00bda139 x21=0x00000000
       59925000	      5893	80005942	e509	c.bnez	x10,8000594c	 x10:0x00bda138
       59945000	      5895	8000594c	8eb94713	xori	x14,x18,-1813	 x18:0x00000001 x14=0xfffff8ea
       59955000	      5896	80005950	34177313	andi	x6,x14,833	 x14:0xfffff8ea  x6=0x00000040
       59965000	      5897	80005954	00ab5a33	srl	x20,x22,x10	 x22:0x00000002 x10:0x00bda138 x20=0x00000000
       59975000	      5898	80005958	cc8d2b37	lui	x22,0xcc8d2	 x22=0xcc8d2000
       59985000	      5899	8000595c	e781	c.bnez	x15,80005964	 x15:0x00000000
       59995000	      5900	8000595e	b9678137	lui	x2,0xb9678	  x2=0xb9678000
       60005000	      5901	80005962	87f5	c.srai	x15,0x1d	 x15:0x00000000 x15=0x00000000
       60015000	      5902	80005964	01bef7b3	and	x15,x29,x27	 x29:0x00000000 x27:0x00000000 x15=0x00000000
       60025000	      5903	80005968	593f2117	auipc	x2,0x593f2	  x2=0xd93f7968
       60035000	      5904	8000596c	0001	c.addi	x0,0	  x0:0x00000000  x0=0x00000000
       60045000	      5905	8000596e	01829a63	bne	x5,x24,80005982	  x5:0x00000002 x24:0xffffff04
       60075000	      5908	80005982	b7ad8513	addi	x10,x27,-1158	 x27:0x00000000 x10=0xfffffb7a
       60085000	      5909	80005986	8e71	c.and	x12,x12	 x12:0x00000020 x12:0x00000020 x12=0x00000020
       60095000	      5910	80005988	717d	c.addi16sp	x2,-16	  x2:0xd93f7968  x2=0xd93f7958
       60105000	      5911	8000598a	8d19	c.sub	x10,x14	 x10:0xfffffb7a x14:0xfffff8ea x10=0x00000290
       60115000	      5912	8000598c	411b0db3	sub	x27,x22,x17	 x22:0xcc8d2000 x17:0x00000000 x27=0xcc8d2000
       60125000	      5913	80005990	c385	c.beqz	x15,800059b0	 x15:0x00000000
       60175000	      5918	800059b0	02151433	mulh	x8,x10,x1	 x10:0x00000290  x1:0xffffffff  x8=0xffffffff
       60185000	      5919	800059b4	025acc63	blt	x21,x5,800059ec	 x21:0x00000000  x5:0x00000002
       60205000	      5921	800059ec	47b3a193	slti	x3,x7,1147	  x7:0xfffffb68  x3=0x00000001
       60215000	      5922	800059f0	6b60a837	lui	x16,0x6b60a	 x16=0x6b60a000
       60255000	      5926	800059f4	03f133b3	mulhu	x7,x2,x31	  x2:0xd93f7958 x31:0x00000001  x7=0x00000000
       60265000	      5927	800059f8	00ef4533	xor	x10,x30,x14	 x30:0x80025ce4 x14:0xfffff8ea x10=0x7ffda40e
       60305000	      5931	800059fc	037d3733	mulhu	x14,x26,x23	 x26:0x0000046c x23:0x00000000 x14=0x00000000
       60315000	      5932	80005a00	0311	c.addi	x6,4	  x6:0x00000040  x6=0x00000044
       60325000	      5933	80005a02	01e45663	bge	x8,x30,80005a0e	  x8:0xffffffff x30:0x80025ce4
       60355000	      5936	80005a0e	c7d43c93	sltiu	x25,x8,-899	  x8:0xffffffff x25=0x00000000
       60365000	      5937	80005a12	0001	c.addi	x0,0	  x0:0x00000000  x0=0x00000000
       60375000	      5938	80005a14	614d	c.addi16sp	x2,176	  x2:0xd93f7958  x2=0xd93f7a08
       60385000	      5939	80005a16	0001	c.addi	x0,0	  x0:0x00000000  x0=0x00000000
       60395000	      5940	80005a18	0001	c.addi	x0,0	  x0:0x00000000  x0=0x00000000
       60405000	      5941	80005a1a	01a65433	srl	x8,x12,x26	 x12:0x00000020 x26:0x0000046c  x8=0x00000000
       60415000	      5942	80005a1e	6175	c.addi16sp	x2,368	  x2:0xd93f7a08  x2=0xd93f7b78
       60425000	      5943	80005a20	9b7d	c.andi	x14,-1	 x14:0x00000000 x14=0x00000000
       60435000	      5944	80005a22	750d0613	addi	x12,x26,1872	 x26:0x0000046c x12=0x00000bbc
       60445000	      5945	80005a26	00335e33	srl	x28,x6,x3	  x6:0x00000044  x3:0x00000001 x28=0x00000022
       60455000	      5946	80005a2a	117d	c.addi	x2,-1	  x2:0xd93f7b78  x2=0xd93f7b77
       60465000	      5947	80005a2c	0001	c.addi	x0,0	  x0:0x00000000  x0=0x00000000
       60475000	      5948	80005a2e	01372333	slt	x6,x14,x19	 x14:0x00000000 x19:0x00bda139  x6=0x00000001
       60485000	      5949	80005a32	012b5c33	srl	x24,x22,x18	 x22:0xcc8d2000 x18:0x00000001 x24=0x66469000
       60495000	      5950	80005a36	03e8e863	bltu	x17,x30,80005a66	 x17:0x00000000 x30:0x80025ce4
       60525000	      5953	80005a66	41455213	srai	x4,x10,0x14	 x10:0x7ffda40e  x4=0x000007ff
       60535000	      5954	80005a6a	41840433	sub	x8,x8,x24	  x8:0x00000000 x24:0x66469000  x8=0x99b97000
       60545000	      5955	80005a6e	8e29	c.xor	x12,x10	 x12:0x00000bbc x10:0x7ffda40e x12=0x7ffdafb2
       60555000	      5956	80005a70	00618863	beq	x3,x6,80005a80	  x3:0x00000001  x6:0x00000001
       60935000	      5994	80005a80	0216feb3	remu	x29,x13,x1	 x13:0x00000000  x1:0xffffffff x29=0x00000000
       60945000	      5995	80005a84	026b7463	bgeu	x22,x6,80005aac	 x22:0xcc8d2000  x6:0x00000001
       60965000	      5997	80005aac	567d	c.li	x12,-1	 x12=0xffffffff
       60975000	      5998	80005aae	0329	c.addi	x6,10	  x6:0x00000001  x6=0x0000000b
       60985000	      5999	80005ab0	8c3d	c.xor	x8,x15	  x8:0x99b97000 x15:0x00000000  x8=0x99b97000
       60995000	      6000	80005ab2	03f2c063	blt	x5,x31,80005ad2	  x5:0x00000002 x31:0x00000001
       61005000	      6001	80005ab6	534ae297	auipc	x5,0x534ae	  x5=0xd34b3ab6
       61015000	      6002	80005aba	01c2c333	xor	x6,x5,x28	  x5:0xd34b3ab6 x28:0x00000022  x6=0xd34b3a94
       61025000	      6003	80005abe	007fc033	xor	x0,x31,x7	 x31:0x00000001  x7:0x00000000  x0=0x00000000
       61035000	      6004	80005ac2	00ac7833	and	x16,x24,x10	 x24:0x66469000 x10:0x7ffda40e x16=0x66448000
       61045000	      6005	80005ac6	0001	c.addi	x0,0	  x0:0x00000000  x0=0x00000000
       61055000	      6006	80005ac8	03f91163	bne	x18,x31,80005aea	 x18:0x00000001 x31:0x00000001
       61065000	      6007	80005acc	0001	c.addi	x0,0	  x0:0x00000000  x0=0x00000000
       61075000	      6008	80005ace	1988	c.addi4spn	x10,x2,240	 x10=0xd93f7c67
       61085000	      6009	80005ad0	587d	c.li	x16,-1	 x16=0xffffffff
       61095000	      6010	80005ad2	03527963	bgeu	x4,x21,80005b04	  x4:0x000007ff x21:0x00000000
       61115000	      6012	80005b04	9aba	c.add	x21,x14	 x21:0x00000000 x14:0x00000000 x21=0x00000000
       61125000	      6013	80005b06	44109737	lui	x14,0x44109	 x14=0x44109000
       61135000	      6014	80005b0a	043d	c.addi	x8,15	  x8:0x99b97000  x8=0x99b9700f
       61145000	      6015	80005b0c	410d83b3	sub	x7,x27,x16	 x27:0xcc8d2000 x16:0xffffffff  x7=0xcc8d2001
       61155000	      6016	80005b10	01cfdab3	srl	x21,x31,x28	 x31:0x00000001 x28:0x00000022 x21=0x00000000
       61165000	      6017	80005b14	987d	c.andi	x8,-1	  x8:0x99b9700f  x8=0x99b9700f
       61175000	      6018	80005b16	400b5393	srai	x7,x22,0x0	 x22:0xcc8d2000  x7=0xcc8d2000
       61185000	      6019	80005b1a	00ba1333	sll	x6,x20,x11	 x20:0x00000000 x11:0x894eacb4  x6=0x00000000
       61195000	      6020	80005b1e	01df7533	and	x10,x30,x29	 x30:0x80025ce4 x29:0x00000000 x10=0x00000000
       61205000	      6021	80005b22	0131d213	srli	x4,x3,0x13	  x3:0x00000001  x4=0x00000000
       61215000	      6022	80005b26	06a1	c.addi	x13,8	 x13:0x00000000 x13=0x00000008
       61225000	      6023	80005b28	01d35233	srl	x4,x6,x29	  x6:0x00000000 x29:0x00000000  x4=0x00000000
       61265000	      6027	80005b2c	0243ad33	mulhsu	x26,x7,x4	  x7:0xcc8d2000  x4:0x00000000 x26=0x00000000
       61275000	      6028	80005b30	8f65	c.and	x14,x9	 x14:0x44109000  x9:0x80021e64 x14=0x00001000
       61285000	      6029	80005b32	8c6d	c.and	x8,x11	  x8:0x99b9700f x11:0x894eacb4  x8=0x89082004
       61295000	      6030	80005b34	040c9163	bne	x25,x0,80005b76	 x25:0x00000000  x0:0x00000000
       61335000	      6034	80005b38	02722033	mulhsu	x0,x4,x7	  x4:0x00000000  x7:0xcc8d2000  x0=0x00000000
       61345000	      6035	80005b3c	02474b63	blt	x14,x4,80005b72	 x14:0x00001000  x4:0x00000000
       61355000	      6036	80005b40	6179	c.addi16sp	x2,464	  x2:0xd93f7b77  x2=0xd93f7d47
       61365000	      6037	80005b42	876d	c.srai	x14,0x1b	 x14:0x00001000 x14=0x00000000
       61395000	      6040	80005b44	03d20433	mul	x8,x4,x29	  x4:0x00000000 x29:0x00000000  x8=0x00000000
       61405000	      6041	80005b48	c11d	c.beqz	x10,80005b6e	 x10:0x00000000
       61435000	      6044	80005b6e	01b1d563	bge	x3,x27,80005b78	  x3:0x00000001 x27:0xcc8d2000
       61485000	      6049	80005b78	033c10b3	mulh	x1,x24,x19	 x24:0x66469000 x19:0x00bda139  x1=0x004bc281
       61495000	      6050	80005b7c	717d	c.addi16sp	x2,-16	  x2:0xd93f7d47  x2=0xd93f7d37
       61515000	      6052	80005b7e	039bf8b3	remu	x17,x23,x25	 x23:0x00000000 x25:0x00000000 x17=0x00000000
       61525000	      6053	80005b82	00d7c963	blt	x15,x13,80005b94	 x15:0x00000000 x13:0x00000008
       61545000	      6055	80005b94	0001	c.addi	x0,0	  x0:0x00000000  x0=0x00000000
       61555000	      6056	80005b96	01e74463	blt	x14,x30,80005b9e	 x14:0x00000000 x30:0x80025ce4
       61565000	      6057	80005b9a	0000100f	fence.i	
       61955000	      6096	80005b9e	036f48b3	div	x17,x30,x22	 x30:0x80025ce4 x22:0xcc8d2000 x17=0x00000002
       61965000	      6097	80005ba2	042a	c.slli	x8,0xa	  x8:0x00000000  x8=0x00000000
       61975000	      6098	80005ba4	0341cb63	blt	x3,x20,80005bda	  x3:0x00000001 x20:0x00000000
       61985000	      6099	80005ba8	007a4133	xor	x2,x20,x7	 x20:0x00000000  x7:0xcc8d2000  x2=0xcc8d2000
       61995000	      6100	80005bac	0001	c.addi	x0,0	  x0:0x00000000  x0=0x00000000
       62005000	      6101	80005bae	37f4cfb7	lui	x31,0x37f4c	 x31=0x37f4c000
       62015000	      6102	80005bb2	d3cfc393	xori	x7,x31,-708	 x31:0x37f4c000  x7=0xc80b3d3c
       62025000	      6103	80005bb6	8f99	c.sub	x15,x14	 x15:0x00000000 x14:0x00000000 x15=0x00000000
       62035000	      6104	80005bb8	6151	c.addi16sp	x2,272	  x2:0xcc8d2000  x2=0xcc8d2110
       62045000	      6105	80005bba	0001	c.addi	x0,0	  x0:0x00000000  x0=0x00000000
       62055000	      6106	80005bbc	03c19d63	bne	x3,x28,80005bf6	  x3:0x00000001 x28:0x00000022
       62075000	      6108	80005bf6	8d5d	c.or	x10,x15	 x10:0x00000000 x15:0x00000000 x10=0x00000000
       62085000	      6109	80005bf8	0020c0b3	xor	x1,x1,x2	  x1:0x004bc281  x2:0xcc8d2110  x1=0xccc6e391
       62095000	      6110	80005bfc	8515	c.srai	x10,0x5	 x10:0x00000000 x10=0x00000000
       62105000	      6111	80005bfe	8fe9	c.and	x15,x10	 x15:0x00000000 x10:0x00000000 x15=0x00000000
       62115000	      6112	80005c00	038a	c.slli	x7,0x2	  x7:0xc80b3d3c  x7=0x202cf4f0
       62125000	      6113	80005c02	cb23e413	ori	x8,x7,-846	  x7:0x202cf4f0  x8=0xfffffcf2
       62135000	      6114	80005c06	8bf2	c.mv	x23,x28	  x0:0x00000000 x28:0x00000022 x23=0x00000022
       62145000	      6115	80005c08	612d	c.addi16sp	x2,224	  x2:0xcc8d2110  x2=0xcc8d21f0
       62155000	      6116	80005c0a	01d85663	bge	x16,x29,80005c16	 x16:0xffffffff x29:0x00000000
       62165000	      6117	80005c0e	8736	c.mv	x14,x13	  x0:0x00000000 x13:0x00000008 x14=0x00000008
       62175000	      6118	80005c10	8c39	c.xor	x8,x14	  x8:0xfffffcf2 x14:0x00000008  x8=0xfffffcfa
       62185000	      6119	80005c12	e7439db7	lui	x27,0xe7439	 x27=0xe7439000
       62195000	      6120	80005c16	0001	c.addi	x0,0	  x0:0x00000000  x0=0x00000000
       62205000	      6121	80005c18	f2102e97	auipc	x29,0xf2102	 x29=0x72107c18
       62215000	      6122	80005c1c	8d29	c.xor	x10,x10	 x10:0x00000000 x10:0x00000000 x10=0x00000000
       62225000	      6123	80005c1e	8f25	c.xor	x14,x9	 x14:0x00000008  x9:0x80021e64 x14=0x80021e6c
       62235000	      6124	80005c20	0b3a	c.slli	x22,0xe	 x22:0xcc8d2000 x22=0x48000000
       62275000	      6128	80005c22	031791b3	mulh	x3,x15,x17	 x15:0x00000000 x17:0x00000002  x3=0x00000000
       62285000	      6129	80005c26	008bb6b3	sltu	x13,x23,x8	 x23:0x00000022  x8:0xfffffcfa x13=0x00000001
       62295000	      6130	80005c2a	8b81	c.andi	x15,0	 x15:0x00000000 x15=0x00000000
       62305000	      6131	80005c2c	4035dd13	srai	x26,x11,0x3	 x11:0x894eacb4 x26=0xf129d596
       62315000	      6132	80005c30	6a29	c.lui	x20,0xa	 x20=0x0000a000
       62325000	      6133	80005c32	000c0f63	beq	x24,x0,80005c50	 x24:0x66469000  x0:0x00000000
       62335000	      6134	80005c36	01b9c463	blt	x19,x27,80005c3e	 x19:0x00bda139 x27:0xe7439000
       62345000	      6135	80005c3a	41f6d233	sra	x4,x13,x31	 x13:0x00000001 x31:0x37f4c000  x4=0x00000001
       62715000	      6172	80005c3e	03f3f933	remu	x18,x7,x31	  x7:0x202cf4f0 x31:0x37f4c000 x18=0x202cf4f0
       62725000	      6173	80005c42	8d09	c.sub	x10,x10	 x10:0x00000000 x10:0x00000000 x10=0x00000000
       62735000	      6174	80005c44	8c15	c.sub	x8,x13	  x8:0xfffffcfa x13:0x00000001  x8=0xfffffcf9
       62745000	      6175	80005c46	8d2d	c.xor	x10,x11	 x10:0x00000000 x11:0x894eacb4 x10=0x894eacb4
       62755000	      6176	80005c48	00655cb3	srl	x25,x10,x6	 x10:0x894eacb4  x6:0x00000000 x25=0x894eacb4
       62765000	      6177	80005c4c	32788113	addi	x2,x17,807	 x17:0x00000002  x2=0x00000329
       62805000	      6181	80005c50	035c2133	mulhsu	x2,x24,x21	 x24:0x66469000 x21:0x00000000  x2=0x00000000
       63175000	      6218	80005c54	0301f733	remu	x14,x3,x16	  x3:0x00000000 x16:0xffffffff x14=0x00000000
       63185000	      6219	80005c58	017c0463	beq	x24,x23,80005c60	 x24:0x66469000 x23:0x00000022
       63195000	      6220	80005c5c	e205	c.bnez	x12,80005c7c	 x12:0xffffffff
       63225000	      6223	80005c7c	03545b33	divu	x22,x8,x21	  x8:0xfffffcf9 x21:0x00000000 x22=0xffffffff
       63235000	      6224	80005c80	9f526213	ori	x4,x4,-1547	  x4:0x00000001  x4=0xfffff9f5
       63245000	      6225	80005c84	41a20833	sub	x16,x4,x26	  x4:0xfffff9f5 x26:0xf129d596 x16=0x0ed6245f
       63255000	      6226	80005c88	3e9d2237	lui	x4,0x3e9d2	  x4=0x3e9d2000
       63265000	      6227	80005c8c	8f69	c.and	x14,x10	 x14:0x00000000 x10:0x894eacb4 x14=0x00000000
       63305000	      6231	80005c8e	032d3733	mulhu	x14,x26,x18	 x26:0xf129d596 x18:0x202cf4f0 x14=0x1e4f94a1
       63315000	      6232	80005c92	03824d63	blt	x4,x24,80005ccc	  x4:0x3e9d2000 x24:0x66469000
       63355000	      6236	80005ccc	03e701b3	mul	x3,x14,x30	 x14:0x1e4f94a1 x30:0x80025ce4  x3=0x418c3b64
       63365000	      6237	80005cd0	401f5cb3	sra	x25,x30,x1	 x30:0x80025ce4  x1:0xccc6e391 x25=0xffffc001
       63375000	      6238	80005cd4	0075d613	srli	x12,x11,0x7	 x11:0x894eacb4 x12=0x01129d59
       63385000	      6239	80005cd8	8f91	c.sub	x15,x12	 x15:0x00000000 x12:0x01129d59 x15=0xfeed62a7
       63395000	      6240	80005cda	0248d363	bge	x17,x4,80005d00	 x17:0x00000002  x4:0x3e9d2000
       63405000	      6241	80005cde	f847e093	ori	x1,x15,-124	 x15:0xfeed62a7  x1=0xffffffa7
       63415000	      6242	80005ce2	ef426a93	ori	x21,x4,-268	  x4:0x3e9d2000 x21=0xfffffef4
       63425000	      6243	80005ce6	6e36af93	slti	x31,x13,1763	 x13:0x00000001 x31=0x00000001
       63435000	      6244	80005cea	8fd1	c.or	x15,x12	 x15:0xfeed62a7 x12:0x01129d59 x15=0xffffffff
       63445000	      6245	80005cec	75c43693	sltiu	x13,x8,1884	  x8:0xfffffcf9 x13=0x00000000
       63455000	      6246	80005cf0	024d5263	bge	x26,x4,80005d14	 x26:0xf129d596  x4:0x3e9d2000
       63495000	      6250	80005cf4	0201a2b3	mulhsu	x5,x3,x0	  x3:0x418c3b64  x0:0x00000000  x5=0x00000000
       63505000	      6251	80005cf8	41e35093	srai	x1,x6,0x1e	  x6:0x00000000  x1=0x00000000
       63515000	      6252	80005cfc	cc187613	andi	x12,x16,-831	 x16:0x0ed6245f x12=0x0ed62441
       63525000	      6253	80005d00	56fd	c.li	x13,-1	 x13=0xffffffff
       63565000	      6257	80005d02	03ab3a33	mulhu	x20,x22,x26	 x22:0xffffffff x26:0xf129d596 x20=0xf129d595
       63575000	      6258	80005d06	00e72cb3	slt	x25,x14,x14	 x14:0x1e4f94a1 x14:0x1e4f94a1 x25=0x00000000
       63585000	      6259	80005d0a	013d76b3	and	x13,x26,x19	 x26:0xf129d596 x19:0x00bda139 x13=0x00298110
       63595000	      6260	80005d0e	3a067193	andi	x3,x12,928	 x12:0x0ed62441  x3=0x00000000
       63605000	      6261	80005d12	8211	c.srli	x12,0x4	 x12:0x0ed62441 x12=0x00ed6244
       63615000	      6262	80005d14	013fd963	bge	x31,x19,80005d26	 x31:0x00000001 x19:0x00bda139
       63625000	      6263	80005d18	00ff7ab3	and	x21,x30,x15	 x30:0x80025ce4 x15:0xffffffff x21=0x80025ce4
       63635000	      6264	80005d1c	61c5	c.lui	x3,0x11	  x3=0x00011000
       63645000	      6265	80005d1e	010af533	and	x10,x21,x16	 x21:0x80025ce4 x16:0x0ed6245f x10=0x00020444
       63655000	      6266	80005d22	6f3bcd93	xori	x27,x23,1779	 x23:0x00000022 x27=0x000006d1
       63665000	      6267	80005d26	69dd	c.lui	x19,0x17	 x19=0x00017000
       63675000	      6268	80005d28	eb8d	c.bnez	x15,80005d5a	 x15:0xffffffff
       63705000	      6271	80005d5a	0018ba33	sltu	x20,x17,x1	 x17:0x00000002  x1:0x00000000 x20=0x00000000
       63715000	      6272	80005d5e	8541	c.srai	x10,0x10	 x10:0x00020444 x10=0x00000002
       63725000	      6273	80005d60	01b05413	srli	x8,x0,0x1b	  x0:0x00000000  x8=0x00000000
       63735000	      6274	80005d64	0aee	c.slli	x21,0x1b	 x21:0x80025ce4 x21=0x20000000
       63745000	      6275	80005d66	00066eb3	or	x29,x12,x0	 x12:0x00ed6244  x0:0x00000000 x29=0x00ed6244
       63755000	      6276	80005d6a	029c1563	bne	x24,x9,80005d94	 x24:0x66469000  x9:0x80021e64
       63775000	      6278	80005d94	010f6d33	or	x26,x30,x16	 x30:0x80025ce4 x16:0x0ed6245f x26=0x8ed67cff
       63785000	      6279	80005d98	de858b97	auipc	x23,0xde858	 x23=0x5e85dd98
       63795000	      6280	80005d9c	00975a13	srli	x20,x14,0x9	 x14:0x1e4f94a1 x20=0x000f27ca
       63805000	      6281	80005da0	0001	c.addi	x0,0	  x0:0x00000000  x0=0x00000000
       63815000	      6282	80005da2	03795963	bge	x18,x23,80005dd4	 x18:0x202cf4f0 x23:0x5e85dd98
       63825000	      6283	80005da6	40ba8cb3	sub	x25,x21,x11	 x21:0x20000000 x11:0x894eacb4 x25=0x96b1534c
       63835000	      6284	80005daa	8ec5	c.or	x13,x9	 x13:0x00298110  x9:0x80021e64 x13=0x802b9f74
       63845000	      6285	80005dac	8f81	c.sub	x15,x8	 x15:0xffffffff  x8:0x00000000 x15=0xffffffff
       63855000	      6286	80005dae	0ff0000f	fence	iorw,iorw	
       63895000	      6290	80005db2	03d11a33	mulh	x20,x2,x29	  x2:0x00000000 x29:0x00ed6244 x20=0x00000000
       63905000	      6291	80005db6	c9644b93	xori	x23,x8,-874	  x8:0x00000000 x23=0xfffffc96
       63945000	      6295	80005dba	026e3eb3	mulhu	x29,x28,x6	 x28:0x00000022  x6:0x00000000 x29=0x00000000
       63955000	      6296	80005dbe	01be0d63	beq	x28,x27,80005dd8	 x28:0x00000022 x27:0x000006d1
       63965000	      6297	80005dc2	49fa0513	addi	x10,x20,1183	 x20:0x00000000 x10=0x0000049f
       63975000	      6298	80005dc6	877d	c.srai	x14,0x1f	 x14:0x1e4f94a1 x14=0x00000000
       63985000	      6299	80005dc8	58fd	c.li	x17,-1	 x17=0xffffffff
       63995000	      6300	80005dca	00088d33	add	x26,x17,x0	 x17:0xffffffff  x0:0x00000000 x26=0xffffffff
       64005000	      6301	80005dce	0324ca63	blt	x9,x18,80005e02	  x9:0x80021e64 x18:0x202cf4f0
       64045000	      6305	80005e02	02e14833	div	x16,x2,x14	  x2:0x00000000 x14:0x00000000 x16=0xffffffff
       64055000	      6306	80005e06	717d	c.addi16sp	x2,-16	  x2:0x00000000  x2=0xfffffff0
       64065000	      6307	80005e08	74def193	andi	x3,x29,1869	 x29:0x00000000  x3=0x00000000
       64075000	      6308	80005e0c	837d	c.srli	x14,0x1f	 x14:0x00000000 x14=0x00000000
       64085000	      6309	80005e0e	0168ba33	sltu	x20,x17,x22	 x17:0xffffffff x22:0xffffffff x20=0x00000000
       64095000	      6310	80005e12	00ec9913	slli	x18,x25,0xe	 x25:0x96b1534c x18=0x54d30000
       64125000	      6313	80005e16	032f86b3	mul	x13,x31,x18	 x31:0x00000001 x18:0x54d30000 x13=0x54d30000
       64135000	      6314	80005e1a	00dc0663	beq	x24,x13,80005e26	 x24:0x66469000 x13:0x54d30000
       64145000	      6315	80005e1e	010201b3	add	x3,x4,x16	  x4:0x3e9d2000 x16:0xffffffff  x3=0x3e9d1fff
       64155000	      6316	80005e22	00567a63	bgeu	x12,x5,80005e36	 x12:0x00ed6244  x5:0x00000000
       64195000	      6320	80005e36	02e1f8b3	remu	x17,x3,x14	  x3:0x3e9d1fff x14:0x00000000 x17=0x3e9d1fff
       64205000	      6321	80005e3a	5a1f2a93	slti	x21,x30,1441	 x30:0x80025ce4 x21=0x00000001
       64575000	      6358	80005e3e	02d3f3b3	remu	x7,x7,x13	  x7:0x202cf4f0 x13:0x54d30000  x7=0x202cf4f0
       64585000	      6359	80005e42	5836ca37	lui	x20,0x5836c	 x20=0x5836c000
       64595000	      6360	80005e46	01b830b3	sltu	x1,x16,x27	 x16:0xffffffff x27:0x000006d1  x1=0x00000000
       64965000	      6397	80005e4a	02917233	remu	x4,x2,x9	  x2:0xfffffff0  x9:0x80021e64  x4=0x7ffde18c
       64975000	      6398	80005e4e	92d78293	addi	x5,x15,-1747	 x15:0xffffffff  x5=0xfffff92c
       64985000	      6399	80005e52	8a19	c.andi	x12,6	 x12:0x00ed6244 x12=0x00000004
       64995000	      6400	80005e54	00cd9b33	sll	x22,x27,x12	 x27:0x000006d1 x12:0x00000004 x22=0x00006d10
       65005000	      6401	80005e58	025edd63	bge	x29,x5,80005e92	 x29:0x00000000  x5:0xfffff92c
       65035000	      6404	80005e92	0557c063	blt	x15,x21,80005ed2	 x15:0xffffffff x21:0x00000001
       65425000	      6443	80005ed2	03e4ddb3	divu	x27,x9,x30	  x9:0x80021e64 x30:0x80025ce4 x27=0x00000000
       65435000	      6444	80005ed6	8675	c.srai	x12,0x1d	 x12:0x00000004 x12=0x00000000
       65445000	      6445	80005ed8	00a9da63	bge	x19,x10,80005eec	 x19:0x00017000 x10:0x0000049f
       65495000	      6450	80005eec	029a38b3	mulhu	x17,x20,x9	 x20:0x5836c000  x9:0x80021e64 x17=0x2c1c1ae6
       65505000	      6451	80005ef0	62883d13	sltiu	x26,x16,1576	 x16:0xffffffff x26=0x00000000
       65875000	      6488	80005ef4	03984a33	div	x20,x16,x25	 x16:0xffffffff x25:0x96b1534c x20=0x00000000
       65885000	      6489	80005ef8	1bb6f893	andi	x17,x13,443	 x13:0x54d30000 x17=0x00000000
       66255000	      6526	80005efc	039dd133	divu	x2,x27,x25	 x27:0x00000000 x25:0x96b1534c  x2=0x00000000
       66265000	      6527	80005f00	0093c733	xor	x14,x7,x9	  x7:0x202cf4f0  x9:0x80021e64 x14=0xa02eea94
       66275000	      6528	80005f04	4c8d	c.li	x25,3	 x25=0x00000003
       66285000	      6529	80005f06	51fd	c.li	x3,-1	  x3=0xffffffff
       66295000	      6530	80005f08	ef05	c.bnez	x14,80005f40	 x14:0xa02eea94
       66315000	      6532	80005f40	0ac2	c.slli	x21,0x10	 x21:0x00000001 x21=0x00010000
       66325000	      6533	80005f42	15b77b37	lui	x22,0x15b77	 x22=0x15b77000
       66335000	      6534	80005f46	8bba	c.mv	x23,x14	  x0:0x00000000 x14:0xa02eea94 x23=0xa02eea94
       66345000	      6535	80005f48	93a40693	addi	x13,x8,-1734	  x8:0x00000000 x13=0xfffff93a
       66355000	      6536	80005f4c	86e5	c.srai	x13,0x19	 x13:0xfffff93a x13=0xffffffff
       66365000	      6537	80005f4e	40bf8db3	sub	x27,x31,x11	 x31:0x00000001 x11:0x894eacb4 x27=0x76b1534d
       66395000	      6540	80005f52	024d87b3	mul	x15,x27,x4	 x27:0x76b1534d  x4:0x7ffde18c x15=0x49493b1c
       66405000	      6541	80005f56	023f8963	beq	x31,x3,80005f88	 x31:0x00000001  x3:0xffffffff
       66415000	      6542	80005f5a	41350c33	sub	x24,x10,x19	 x10:0x0000049f x19:0x00017000 x24=0xfffe949f
       66435000	      6544	80005f5e	0266fc33	remu	x24,x13,x6	 x13:0xffffffff  x6:0x00000000 x24=0xffffffff
       66445000	      6545	80005f62	01b8eab3	or	x21,x17,x27	 x17:0x00000000 x27:0x76b1534d x21=0x76b1534d
       66455000	      6546	80005f66	670d	c.lui	x14,0x3	 x14=0x00003000
       66465000	      6547	80005f68	8c29	c.xor	x8,x10	  x8:0x00000000 x10:0x0000049f  x8=0x0000049f
       66475000	      6548	80005f6a	01721013	slli	x0,x4,0x17	  x4:0x7ffde18c  x0=0x00000000
       66485000	      6549	80005f6e	9afd	c.andi	x13,-1	 x13:0xffffffff x13=0xffffffff
       66495000	      6550	80005f70	81ea	c.mv	x3,x26	  x0:0x00000000 x26:0x00000000  x3=0x00000000
       66535000	      6554	80005f72	02931db3	mulh	x27,x6,x9	  x6:0x00000000  x9:0x80021e64 x27=0x00000000
       66575000	      6558	80005f76	03b99fb3	mulh	x31,x19,x27	 x19:0x00017000 x27:0x00000000 x31=0x00000000
       66585000	      6559	80005f7a	2dee7c13	andi	x24,x28,734	 x28:0x00000022 x24=0x00000002
       66595000	      6560	80005f7e	6d95	c.lui	x27,0x5	 x27=0x00005000
       66635000	      6564	80005f80	02b02833	mulhsu	x16,x0,x11	  x0:0x00000000 x11:0x894eacb4 x16=0x00000000
       66645000	      6565	80005f84	01b36133	or	x2,x6,x27	  x6:0x00000000 x27:0x00005000  x2=0x00005000
       66655000	      6566	80005f88	0ff0000f	fence	iorw,iorw	
       66665000	      6567	80005f8c	4689	c.li	x13,2	 x13=0x00000002
       66675000	      6568	80005f8e	8a22	c.mv	x20,x8	  x0:0x00000000  x8:0x0000049f x20=0x0000049f
       66685000	      6569	80005f90	1e80	c.addi4spn	x8,x2,880	  x8=0x00005370
       66695000	      6570	80005f92	8b29	c.andi	x14,10	 x14:0x00003000 x14=0x00000000
       66705000	      6571	80005f94	997d	c.andi	x10,-1	 x10:0x0000049f x10=0x0000049f
       66715000	      6572	80005f96	03685b63	bge	x16,x22,80005fcc	 x16:0x00000000 x22:0x15b77000
       66725000	      6573	80005f9a	6149	c.addi16sp	x2,144	  x2:0x00005000  x2=0x00005090
       66735000	      6574	80005f9c	dc4f2d13	slti	x26,x30,-572	 x30:0x80025ce4 x26=0x00000001
       66745000	      6575	80005fa0	6279	c.lui	x4,0x1e	  x4=0x0001e000
       66775000	      6578	80005fa2	02830733	mul	x14,x6,x8	  x6:0x00000000  x8:0x00005370 x14=0x00000000
       66785000	      6579	80005fa6	86f5	c.srai	x13,0x1d	 x13:0x00000002 x13=0x00000000
       66795000	      6580	80005fa8	0ff0000f	fence	iorw,iorw	
       66805000	      6581	80005fac	96bafc13	andi	x24,x21,-1685	 x21:0x76b1534d x24=0x76b15149
       66815000	      6582	80005fb0	98d2	c.add	x17,x20	 x17:0x00000000 x20:0x0000049f x17=0x0000049f
       66825000	      6583	80005fb2	d5bb4217	auipc	x4,0xd5bb4	  x4=0x55bb9fb2
       66835000	      6584	80005fb6	0001	c.addi	x0,0	  x0:0x00000000  x0=0x00000000
       66845000	      6585	80005fb8	717d	c.addi16sp	x2,-16	  x2:0x00005090  x2=0x00005080
       66855000	      6586	80005fba	012f72b3	and	x5,x30,x18	 x30:0x80025ce4 x18:0x54d30000  x5=0x00020000
       66865000	      6587	80005fbe	037f1563	bne	x30,x23,80005fe8	 x30:0x80025ce4 x23:0xa02eea94
       66885000	      6589	80005fe8	c1b34b13	xori	x22,x6,-997	  x6:0x00000000 x22=0xfffffc1b
       66895000	      6590	80005fec	eb19	c.bnez	x14,80006002	 x14:0x00000000
       66905000	      6591	80005fee	1f9c	c.addi4spn	x15,x2,1008	 x15=0x00005470
       66915000	      6592	80005ff0	012e43b3	xor	x7,x28,x18	 x28:0x00000022 x18:0x54d30000  x7=0x54d30022
       66925000	      6593	80005ff4	90458113	addi	x2,x11,-1788	 x11:0x894eacb4  x2=0x894ea5b8
       66935000	      6594	80005ff8	974e	c.add	x14,x19	 x14:0x00000000 x19:0x00017000 x14=0x00017000
       66945000	      6595	80005ffa	0356fb63	bgeu	x13,x21,80006030	 x13:0x00000000 x21:0x76b1534d
       66955000	      6596	80005ffe	0013d263	bge	x7,x1,80006002	  x7:0x54d30022  x1:0x00000000
       66985000	      6599	80006002	ca43cf93	xori	x31,x7,-860	  x7:0x54d30022 x31=0xab2cfc86
       66995000	      6600	80006006	932f10b7	lui	x1,0x932f1	  x1=0x932f1000
       67005000	      6601	8000600a	5be88f93	addi	x31,x17,1470	 x17:0x0000049f x31=0x00000a5d
       67015000	      6602	8000600e	2182c013	xori	x0,x5,536	  x5:0x00020000  x0=0x00000000
       67025000	      6603	80006012	014790b3	sll	x1,x15,x20	 x15:0x00005470 x20:0x0000049f  x1=0x00000000
       67035000	      6604	80006016	0171dab3	srl	x21,x3,x23	  x3:0x00000000 x23:0xa02eea94 x21=0x00000000
       67045000	      6605	8000601a	44504c13	xori	x24,x0,1093	  x0:0x00000000 x24=0x00000445
       67055000	      6606	8000601e	1666f293	andi	x5,x13,358	 x13:0x00000000  x5=0x00000000
       67065000	      6607	80006022	5bfe6f93	ori	x31,x28,1471	 x28:0x00000022 x31=0x000005bf
       67075000	      6608	80006026	0186	c.slli	x3,0x1	  x3:0x00000000  x3=0x00000000
       67085000	      6609	80006028	0000100f	fence.i	
       67105000	      6611	8000602c	049a7563	bgeu	x20,x9,80006076	 x20:0x0000049f  x9:0x80021e64
       67115000	      6612	80006030	01a42233	slt	x4,x8,x26	  x8:0x00005370 x26:0x00000001  x4=0x00000000
       67155000	      6616	80006034	03a72733	mulhsu	x14,x14,x26	 x14:0x00017000 x26:0x00000001 x14=0x00000000
       67195000	      6620	80006038	03d69333	mulh	x6,x13,x29	 x13:0x00000000 x29:0x00000000  x6=0x00000000
       67225000	      6623	8000603c	020a87b3	mul	x15,x21,x0	 x21:0x00000000  x0:0x00000000 x15=0x00000000
       67235000	      6624	80006040	1508	c.addi4spn	x10,x2,672	 x10=0x894ea858
       67245000	      6625	80006042	010d4fb3	xor	x31,x26,x16	 x26:0x00000001 x16:0x00000000 x31=0x00000001
       67615000	      6662	80006046	03bae033	rem	x0,x21,x27	 x21:0x00000000 x27:0x00005000  x0=0x00000000
       67625000	      6663	8000604a	019fb3b3	sltu	x7,x31,x25	 x31:0x00000001 x25:0x00000003  x7=0x00000001
       67635000	      6664	8000604e	017027b3	slt	x15,x0,x23	  x0:0x00000000 x23:0xa02eea94 x15=0x00000000
       67645000	      6665	80006052	039fd263	bge	x31,x25,80006076	 x31:0x00000001 x25:0x00000003
       67655000	      6666	80006056	f8b9ea13	ori	x20,x19,-117	 x19:0x00017000 x20=0xffffff8b
       67665000	      6667	8000605a	00d222b3	slt	x5,x4,x13	  x4:0x00000000 x13:0x00000000  x5=0x00000000
       67675000	      6668	8000605e	0762	c.slli	x14,0x18	 x14:0x00000000 x14=0x00000000
       67685000	      6669	80006060	03dbf163	bgeu	x23,x29,80006082	 x23:0xa02eea94 x29:0x00000000
       67715000	      6672	80006082	0000100f	fence.i	
       67745000	      6675	80006086	03c08763	beq	x1,x28,800060b4	  x1:0x00000000 x28:0x00000022
       67755000	      6676	8000608a	0001	c.addi	x0,0	  x0:0x00000000  x0=0x00000000
       67765000	      6677	8000608c	8225	c.srli	x12,0x9	 x12:0x00000000 x12=0x00000000
       67775000	      6678	8000608e	e7d1cbb7	lui	x23,0xe7d1c	 x23=0xe7d1c000
       68145000	      6715	80006092	0334d633	divu	x12,x9,x19	  x9:0x80021e64 x19:0x00017000 x12=0x0000590c
       68155000	      6716	80006096	41a4d3b3	sra	x7,x9,x26	  x9:0x80021e64 x26:0x00000001  x7=0xc0010f32
       68165000	      6717	8000609a	9412	c.add	x8,x4	  x8:0x00005370  x4:0x00000000  x8=0x00005370
       68535000	      6754	8000609c	0379e933	rem	x18,x19,x23	 x19:0x00017000 x23:0xe7d1c000 x18=0x00017000
       68905000	      6791	800060a0	03236133	rem	x2,x6,x18	  x6:0x00000000 x18:0x00017000  x2=0x00000000
       68915000	      6792	800060a4	0ff0000f	fence	iorw,iorw	
       68955000	      6796	800060a8	02cb1a33	mulh	x20,x22,x12	 x22:0xfffffc1b x12:0x0000590c x20=0xffffffff
       68965000	      6797	800060ac	405c8833	sub	x16,x25,x5	 x25:0x00000003  x5:0x00000000 x16=0x00000003
       68975000	      6798	800060b0	03d29b63	bne	x5,x29,800060e6	  x5:0x00000000 x29:0x00000000
       68995000	      6800	800060b4	02575eb3	divu	x29,x14,x5	 x14:0x00000000  x5:0x00000000 x29=0xffffffff
       69005000	      6801	800060b8	0ff0000f	fence	iorw,iorw	
       69015000	      6802	800060bc	00951db3	sll	x27,x10,x9	 x10:0x894ea858  x9:0x80021e64 x27=0x94ea8580
       69025000	      6803	800060c0	01a27233	and	x4,x4,x26	  x4:0x00000000 x26:0x00000001  x4=0x00000000
       69395000	      6840	800060c4	028e6633	rem	x12,x28,x8	 x28:0x00000022  x8:0x00005370 x12=0x00000022
       69405000	      6841	800060c8	8d61	c.and	x10,x8	 x10:0x894ea858  x8:0x00005370 x10=0x00000050
       69415000	      6842	800060ca	3fbb0c93	addi	x25,x22,1019	 x22:0xfffffc1b x25=0x00000016
       69425000	      6843	800060ce	436d	c.li	x6,27	  x6=0x0000001b
       69435000	      6844	800060d0	6171	c.addi16sp	x2,336	  x2:0x00000000  x2=0x00000150
       69445000	      6845	800060d2	a783e713	ori	x14,x7,-1416	  x7:0xc0010f32 x14=0xffffff7a
       69455000	      6846	800060d6	0000100f	fence.i	
       69485000	      6849	800060da	01b81463	bne	x16,x27,800060e2	 x16:0x00000003 x27:0x94ea8580
       69515000	      6852	800060e2	208cca13	xori	x20,x25,520	 x25:0x00000016 x20=0x0000021e
       69525000	      6853	800060e6	6cbd	c.lui	x25,0xf	 x25=0x0000f000
       69535000	      6854	800060e8	00da41b3	xor	x3,x20,x13	 x20:0x0000021e x13:0x00000000  x3=0x0000021e
       69545000	      6855	800060ec	6111	c.addi16sp	x2,256	  x2:0x00000150  x2=0x00000250
       69555000	      6856	800060ee	43a2f693	andi	x13,x5,1082	  x5:0x00000000 x13=0x00000000
       69565000	      6857	800060f2	eecd6e93	ori	x29,x26,-276	 x26:0x00000001 x29=0xfffffeed
       69575000	      6858	800060f6	0000100f	fence.i	
       69635000	      6864	800060fa	03caa433	mulhsu	x8,x21,x28	 x21:0x00000000 x28:0x00000022  x8=0x00000000
       70005000	      6901	800060fe	03b063b3	rem	x7,x0,x27	  x0:0x00000000 x27:0x94ea8580  x7=0x00000000
       70015000	      6902	80006102	ab373b93	sltiu	x23,x14,-1357	 x14:0xffffff7a x23=0x00000000
       70025000	      6903	80006106	40e60db3	sub	x27,x12,x14	 x12:0x00000022 x14:0xffffff7a x27=0x000000a8
       70035000	      6904	8000610a	016b08b3	add	x17,x22,x22	 x22:0xfffffc1b x22:0xfffffc1b x17=0xfffff836
       70045000	      6905	8000610e	6135	c.addi16sp	x2,352	  x2:0x00000250  x2=0x000003b0
       70415000	      6942	80006110	03b6cb33	div	x22,x13,x27	 x13:0x00000000 x27:0x000000a8 x22=0x00000000
       70425000	      6943	80006114	74460213	addi	x4,x12,1860	 x12:0x00000022  x4=0x00000766
       70435000	      6944	80006118	8e99	c.sub	x13,x14	 x13:0x00000000 x14:0xffffff7a x13=0x00000086
       70445000	      6945	8000611a	c799	c.beqz	x15,80006128	 x15:0x00000000
       70465000	      6947	80006128	72a32e13	slti	x28,x6,1834	  x6:0x0000001b x28=0x00000001
       70475000	      6948	8000612c	8545	c.srai	x10,0x11	 x10:0x00000050 x10=0x00000000
       70845000	      6985	8000612e	03b2ddb3	divu	x27,x5,x27	  x5:0x00000000 x27:0x000000a8 x27=0x00000000
       71215000	      7022	80006132	03cd53b3	divu	x7,x26,x28	 x26:0x00000001 x28:0x00000001  x7=0x00000001
       71225000	      7023	80006136	80ce	c.mv	x1,x19	  x0:0x00000000 x19:0x00017000  x1=0x00017000
       71235000	      7024	80006138	439e3513	sltiu	x10,x28,1081	 x28:0x00000001 x10=0x00000001
       71245000	      7025	8000613c	8b268737	lui	x14,0x8b268	 x14=0x8b268000
       71255000	      7026	80006140	c015	c.beqz	x8,80006164	  x8:0x00000000
       71275000	      7028	80006164	90ce	c.add	x1,x19	  x1:0x00017000 x19:0x00017000  x1=0x0002e000
       71285000	      7029	80006166	0079c863	blt	x19,x7,80006176	 x19:0x00017000  x7:0x00000001
       71295000	      7030	8000616a	613d	c.addi16sp	x2,480	  x2:0x000003b0  x2=0x00000590
       71305000	      7031	8000616c	018f9b13	slli	x22,x31,0x18	 x31:0x00000001 x22=0x01000000
       71315000	      7032	80006170	418e02b3	sub	x5,x28,x24	 x28:0x00000001 x24:0x00000445  x5=0xfffffbbc
       71325000	      7033	80006174	8d4d	c.or	x10,x11	 x10:0x00000001 x11:0x894eacb4 x10=0x894eacb5
       71365000	      7037	80006176	03513eb3	mulhu	x29,x2,x21	  x2:0x00000590 x21:0x00000000 x29=0x00000000
       71375000	      7038	8000617a	41cbd433	sra	x8,x23,x28	 x23:0x00000000 x28:0x00000001  x8=0x00000000
       71405000	      7041	8000617e	02d18733	mul	x14,x3,x13	  x3:0x0000021e x13:0x00000086 x14=0x00011bb4
       71425000	      7043	80006182	02fae6b3	rem	x13,x21,x15	 x21:0x00000000 x15:0x00000000 x13=0x00000000
       71435000	      7044	80006186	60f9	c.lui	x1,0x1e	  x1=0x0001e000
       71445000	      7045	80006188	022f9f63	bne	x31,x2,800061c6	 x31:0x00000001  x2:0x00000590
       71465000	      7047	800061c6	4b09	c.li	x22,2	 x22=0x00000002
       71475000	      7048	800061c8	0380d463	bge	x1,x24,800061f0	  x1:0x0001e000 x24:0x00000445
       71495000	      7050	800061f0	0000100f	fence.i	
       71545000	      7055	800061f4	0286ba33	mulhu	x20,x13,x8	 x13:0x00000000  x8:0x00000000 x20=0x00000000
       71555000	      7056	800061f8	4269f713	andi	x14,x19,1062	 x19:0x00017000 x14=0x00000000
       71565000	      7057	800061fc	94def193	andi	x3,x29,-1715	 x29:0x00000000  x3=0x00000000
       71575000	      7058	80006200	41090ab3	sub	x21,x18,x16	 x18:0x00017000 x16:0x00000003 x21=0x00016ffd
       71585000	      7059	80006204	e515	c.bnez	x10,80006230	 x10:0x894eacb5
       71605000	      7061	80006230	c6eff893	andi	x17,x31,-914	 x31:0x00000001 x17=0x00000000
       71635000	      7064	80006234	03f20733	mul	x14,x4,x31	  x4:0x00000766 x31:0x00000001 x14=0x00000766
       71645000	      7065	80006238	0ff0000f	fence	iorw,iorw	
       71655000	      7066	8000623c	69564d13	xori	x26,x12,1685	 x12:0x00000022 x26=0x000006b7
       71665000	      7067	80006240	005c8eb3	add	x29,x25,x5	 x25:0x0000f000  x5:0xfffffbbc x29=0x0000ebbc
       71705000	      7071	80006244	02da2533	mulhsu	x10,x20,x13	 x20:0x00000000 x13:0x00000000 x10=0x00000000
       71715000	      7072	80006248	0001	c.addi	x0,0	  x0:0x00000000  x0=0x00000000
       71725000	      7073	8000624a	01271c63	bne	x14,x18,80006262	 x14:0x00000766 x18:0x00017000
       71755000	      7076	80006262	39bbb513	sltiu	x10,x23,923	 x23:0x00000000 x10=0x00000001
       71765000	      7077	80006266	1698	c.addi4spn	x14,x2,864	 x14=0x000008f0
       71775000	      7078	80006268	0001	c.addi	x0,0	  x0:0x00000000  x0=0x00000000
       72145000	      7115	8000626a	03d36bb3	rem	x23,x6,x29	  x6:0x0000001b x29:0x0000ebbc x23=0x0000001b
       72155000	      7116	8000626e	b101e513	ori	x10,x3,-1264	  x3:0x00000000 x10=0xfffffb10
       72165000	      7117	80006272	03b20763	beq	x4,x27,800062a0	  x4:0x00000766 x27:0x00000000
       72175000	      7118	80006276	68b3c693	xori	x13,x7,1675	  x7:0x00000001 x13=0x0000068a
       72185000	      7119	8000627a	8689	c.srai	x13,0x2	 x13:0x0000068a x13=0x000001a2
       72195000	      7120	8000627c	0fa9	c.addi	x31,10	 x31:0x00000001 x31=0x0000000b
       72205000	      7121	8000627e	8422	c.mv	x8,x8	  x0:0x00000000  x8:0x00000000  x8=0x00000000
       72215000	      7122	80006280	e689	c.bnez	x13,8000628a	 x13:0x000001a2
       72275000	      7128	8000628a	035dabb3	mulhsu	x23,x27,x21	 x27:0x00000000 x21:0x00016ffd x23=0x00000000
       72645000	      7165	8000628e	035fc8b3	div	x17,x31,x21	 x31:0x0000000b x21:0x00016ffd x17=0x00000000
       72655000	      7166	80006292	8646fd37	lui	x26,0x8646f	 x26=0x8646f000
       72665000	      7167	80006296	8d7d	c.and	x10,x15	 x10:0xfffffb10 x15:0x00000000 x10=0x00000000
       72675000	      7168	80006298	8e8d	c.sub	x13,x11	 x13:0x000001a2 x11:0x894eacb4 x13=0x76b154ee
       72685000	      7169	8000629a	0001	c.addi	x0,0	  x0:0x00000000  x0=0x00000000
       72695000	      7170	8000629c	8f7d	c.and	x14,x15	 x14:0x000008f0 x15:0x00000000 x14=0x00000000
       72705000	      7171	8000629e	8009	c.srli	x8,0x2	  x8:0x00000000  x8=0x00000000
       72715000	      7172	800062a0	4eb89a97	auipc	x21,0x4eb89	 x21=0xceb8f2a0
       72725000	      7173	800062a4	014de863	bltu	x27,x20,800062b4	 x27:0x00000000 x20:0x00000000
       72735000	      7174	800062a8	017e49b3	xor	x19,x28,x23	 x28:0x00000001 x23:0x00000000 x19=0x00000001
       72745000	      7175	800062ac	5570f413	andi	x8,x1,1367	  x1:0x0001e000  x8=0x00000000
       72755000	      7176	800062b0	00183133	sltu	x2,x16,x1	 x16:0x00000003  x1:0x0001e000  x2=0x00000001
       72765000	      7177	800062b4	01349013	slli	x0,x9,0x13	  x9:0x80021e64  x0=0x00000000
       72775000	      7178	800062b8	0000100f	fence.i	
       72795000	      7180	800062bc	0988	c.addi4spn	x10,x2,208	 x10=0x000000d1
       72805000	      7181	800062be	8eb9	c.xor	x13,x14	 x13:0x76b154ee x14:0x00000000 x13=0x76b154ee
       72815000	      7182	800062c0	40cdd333	sra	x6,x27,x12	 x27:0x00000000 x12:0x00000022  x6=0x00000000
       72825000	      7183	800062c4	0343d463	bge	x7,x20,800062ec	  x7:0x00000001 x20:0x00000000
       72845000	      7185	800062ec	83dd	c.srli	x15,0x17	 x15:0x00000000 x15=0x00000000
       72855000	      7186	800062ee	c709	c.beqz	x14,800062f8	 x14:0x00000000
       72875000	      7188	800062f8	00931033	sll	x0,x6,x9	  x6:0x00000000  x9:0x80021e64  x0=0x00000000
       72885000	      7189	800062fc	40bdd933	sra	x18,x27,x11	 x27:0x00000000 x11:0x894eacb4 x18=0x00000000
       72895000	      7190	80006300	00d19e93	slli	x29,x3,0xd	  x3:0x00000000 x29=0x00000000
       72905000	      7191	80006304	bf34e993	ori	x19,x9,-1037	  x9:0x80021e64 x19=0xfffffff7
       72915000	      7192	80006308	8ee1	c.and	x13,x8	 x13:0x76b154ee  x8:0x00000000 x13=0x00000000
       72935000	      7194	8000630a	02856333	rem	x6,x10,x8	 x10:0x000000d1  x8:0x00000000  x6=0x000000d1
       72945000	      7195	8000630e	91da	c.add	x3,x22	  x3:0x00000000 x22:0x00000002  x3=0x00000002
       72985000	      7199	80006310	02edab33	mulhsu	x22,x27,x14	 x27:0x00000000 x14:0x00000000 x22=0x00000000
       72995000	      7200	80006314	ba5ddc17	auipc	x24,0xba5dd	 x24=0x3a5e3314
       73005000	      7201	80006318	8f65	c.and	x14,x9	 x14:0x00000000  x9:0x80021e64 x14=0x00000000
       73015000	      7202	8000631a	c8f97e93	andi	x29,x18,-881	 x18:0x00000000 x29=0x00000000
       73025000	      7203	8000631e	00c21913	slli	x18,x4,0xc	  x4:0x00000766 x18=0x00766000
       73035000	      7204	80006322	717d	c.addi16sp	x2,-16	  x2:0x00000001  x2=0xfffffff1
       73045000	      7205	80006324	9ed2	c.add	x29,x20	 x29:0x00000000 x20:0x00000000 x29=0x00000000
       73055000	      7206	80006326	0ff0000f	fence	iorw,iorw	
       73065000	      7207	8000632a	4f063393	sltiu	x7,x12,1264	 x12:0x00000022  x7=0x00000001
       73075000	      7208	8000632e	83cd	c.srli	x15,0x13	 x15:0x00000000 x15=0x00000000
       73095000	      7210	80006330	03616733	rem	x14,x2,x22	  x2:0xfffffff1 x22:0x00000000 x14=0xfffffff1
       73105000	      7211	80006334	8f7d	c.and	x14,x15	 x14:0xfffffff1 x15:0x00000000 x14=0x00000000
       73115000	      7212	80006336	019d5663	bge	x26,x25,80006342	 x26:0x8646f000 x25:0x0000f000
       73125000	      7213	8000633a	02aa7063	bgeu	x20,x10,8000635a	 x20:0x00000000 x10:0x000000d1
       73135000	      7214	8000633e	6ccde237	lui	x4,0x6ccde	  x4=0x6ccde000
       73145000	      7215	80006342	00cd5413	srli	x8,x26,0xc	 x26:0x8646f000  x8=0x0008646f
       73155000	      7216	80006346	010f06b3	add	x13,x30,x16	 x30:0x80025ce4 x16:0x00000003 x13=0x80025ce7
       73165000	      7217	8000634a	02410563	beq	x2,x4,80006374	  x2:0xfffffff1  x4:0x6ccde000
       73175000	      7218	8000634e	0001	c.addi	x0,0	  x0:0x00000000  x0=0x00000000
       73185000	      7219	80006350	cb8d	c.beqz	x15,80006382	 x15:0x00000000
       73215000	      7222	80006382	01797833	and	x16,x18,x23	 x18:0x00766000 x23:0x00000000 x16=0x00000000
       73225000	      7223	80006386	83c1	c.srli	x15,0x10	 x15:0x00000000 x15=0x00000000
       73235000	      7224	80006388	fd35ab13	slti	x22,x11,-45	 x11:0x894eacb4 x22=0x00000001
       73245000	      7225	8000638c	c6e7feb7	lui	x29,0xc6e7f	 x29=0xc6e7f000
       73265000	      7227	80006390	034b7b33	remu	x22,x22,x20	 x22:0x00000001 x20:0x00000000 x22=0x00000001
       73275000	      7228	80006394	aa19be93	sltiu	x29,x19,-1375	 x19:0xfffffff7 x29=0x00000000
       73285000	      7229	80006398	127d	c.addi	x4,-1	  x4:0x6ccde000  x4=0x6ccddfff
       73295000	      7230	8000639a	0000100f	fence.i	
       73325000	      7233	8000639e	01ec2ab3	slt	x21,x24,x30	 x24:0x3a5e3314 x30:0x80025ce4 x21=0x00000000
       73335000	      7234	800063a2	0000100f	fence.i	
       73365000	      7237	800063a6	1c4ed317	auipc	x6,0x1c4ed	  x6=0x9c4f33a6
       73385000	      7239	800063aa	03427833	remu	x16,x4,x20	  x4:0x6ccddfff x20:0x00000000 x16=0x6ccddfff
       73395000	      7240	800063ae	b9dc2893	slti	x17,x24,-1123	 x24:0x3a5e3314 x17=0x00000000
       73405000	      7241	800063b2	603b4c93	xori	x25,x22,1539	 x22:0x00000001 x25=0x00000602
       73415000	      7242	800063b6	8d21	c.xor	x10,x8	 x10:0x000000d1  x8:0x0008646f x10=0x000864be
       73425000	      7243	800063b8	c109	c.beqz	x10,800063ba	 x10:0x000864be
       73435000	      7244	800063ba	26ec7d93	andi	x27,x24,622	 x24:0x3a5e3314 x27=0x00000204
       73455000	      7246	800063be	0314e1b3	rem	x3,x9,x17	  x9:0x80021e64 x17:0x00000000  x3=0x80021e64
       73465000	      7247	800063c2	0000100f	fence.i	
       73525000	      7253	800063c6	03431c33	mulh	x24,x6,x20	  x6:0x9c4f33a6 x20:0x00000000 x24=0x00000000
       73535000	      7254	800063ca	02aa0263	beq	x20,x10,800063ee	 x20:0x00000000 x10:0x000864be
       73545000	      7255	800063ce	c909	c.beqz	x10,800063e0	 x10:0x000864be
       73555000	      7256	800063d0	76fca993	slti	x19,x25,1903	 x25:0x00000602 x19=0x00000001
       73565000	      7257	800063d4	9ae32a93	slti	x21,x6,-1618	  x6:0x9c4f33a6 x21=0x00000001
       73575000	      7258	800063d8	40850e33	sub	x28,x10,x8	 x10:0x000864be  x8:0x0008646f x28=0x0000004f
       73585000	      7259	800063dc	fa5ec913	xori	x18,x29,-91	 x29:0x00000000 x18=0xffffffa5
       73595000	      7260	800063e0	0ff0000f	fence	iorw,iorw	
       73605000	      7261	800063e4	8431	c.srai	x8,0xc	  x8:0x0008646f  x8=0x00000086
       73615000	      7262	800063e6	01d43633	sltu	x12,x8,x29	  x8:0x00000086 x29:0x00000000 x12=0x00000000
       73625000	      7263	800063ea	b0f17f93	andi	x31,x2,-1265	  x2:0xfffffff1 x31=0xfffffb01
       73635000	      7264	800063ee	0001	c.addi	x0,0	  x0:0x00000000  x0=0x00000000
       73645000	      7265	800063f0	0535	c.addi	x10,13	 x10:0x000864be x10=0x000864cb
       73655000	      7266	800063f2	854d	c.srai	x10,0x13	 x10:0x000864cb x10=0x00000001
       73665000	      7267	800063f4	418fd433	sra	x8,x31,x24	 x31:0xfffffb01 x24:0x00000000  x8=0xfffffb01
       73675000	      7268	800063f8	02a4f763	bgeu	x9,x10,80006426	  x9:0x80021e64 x10:0x00000001
       73725000	      7273	80006426	03550bb3	mul	x23,x10,x21	 x10:0x00000001 x21:0x00000001 x23=0x00000001
       73735000	      7274	8000642a	8bce	c.mv	x23,x19	  x0:0x00000000 x19:0x00000001 x23=0x00000001
       73745000	      7275	8000642c	01859733	sll	x14,x11,x24	 x11:0x894eacb4 x24:0x00000000 x14=0x894eacb4
       73755000	      7276	80006430	0000100f	fence.i	
       73775000	      7278	80006434	0001	c.addi	x0,0	  x0:0x00000000  x0=0x00000000
       73785000	      7279	80006436	c924eb93	ori	x23,x9,-878	  x9:0x80021e64 x23=0xfffffef6
       73795000	      7280	8000643a	0756	c.slli	x14,0x15	 x14:0x894eacb4 x14=0x96800000
       73805000	      7281	8000643c	403c5d13	srai	x26,x24,0x3	 x24:0x00000000 x26=0x00000000
       73815000	      7282	80006440	0ff0000f	fence	iorw,iorw	
       73825000	      7283	80006444	8eda	c.mv	x29,x22	  x0:0x00000000 x22:0x00000001 x29=0x00000001
       73835000	      7284	80006446	0255f563	bgeu	x11,x5,80006470	 x11:0x894eacb4  x5:0xfffffbbc
       73845000	      7285	8000644a	0000100f	fence.i	
       73865000	      7287	8000644e	8d52	c.mv	x26,x20	  x0:0x00000000 x20:0x00000000 x26=0x00000000
       73905000	      7291	80006450	027b3733	mulhu	x14,x22,x7	 x22:0x00000001  x7:0x00000001 x14=0x00000000
       73915000	      7292	80006454	004e1763	bne	x28,x4,80006462	 x28:0x0000004f  x4:0x6ccddfff
       73935000	      7294	80006462	68b5	c.lui	x17,0xd	 x17=0x0000d000
       73975000	      7298	80006464	03871bb3	mulh	x23,x14,x24	 x14:0x00000000 x24:0x00000000 x23=0x00000000
       74345000	      7335	80006468	0281f933	remu	x18,x3,x8	  x3:0x80021e64  x8:0xfffffb01 x18=0x80021e64
       74355000	      7336	8000646c	99af6093	ori	x1,x30,-1638	 x30:0x80025ce4  x1=0xfffffdfe
       74365000	      7337	80006470	0128cb63	blt	x17,x18,80006486	 x17:0x0000d000 x18:0x80021e64
       74375000	      7338	80006474	717d	c.addi16sp	x2,-16	  x2:0xfffffff1  x2=0xffffffe1
       74745000	      7375	80006476	02d14eb3	div	x29,x2,x13	  x2:0xffffffe1 x13:0x80025ce7 x29=0x00000000
       74785000	      7379	8000647a	032c9a33	mulh	x20,x25,x18	 x25:0x00000602 x18:0x80021e64 x20=0xfffffcff
       74795000	      7380	8000647e	9a2e	c.add	x20,x11	 x20:0xfffffcff x11:0x894eacb4 x20=0x894ea9b3
       74805000	      7381	80006480	8c66	c.mv	x24,x25	  x0:0x00000000 x25:0x00000602 x24=0x00000602
       74815000	      7382	80006482	00c39813	slli	x16,x7,0xc	  x7:0x00000001 x16=0x00001000
       74825000	      7383	80006486	cb1d	c.beqz	x14,800064bc	 x14:0x00000000
       74845000	      7385	800064bc	0001	c.addi	x0,0	  x0:0x00000000  x0=0x00000000
       74855000	      7386	800064be	0154d763	bge	x9,x21,800064cc	  x9:0x80021e64 x21:0x00000001
       74865000	      7387	800064c2	0006b433	sltu	x8,x13,x0	 x13:0x80025ce7  x0:0x00000000  x8=0x00000000
       74875000	      7388	800064c6	00965533	srl	x10,x12,x9	 x12:0x00000000  x9:0x80021e64 x10=0x00000000
       74885000	      7389	800064ca	6e11	c.lui	x28,0x4	 x28=0x00004000
       75255000	      7426	800064cc	03fe5db3	divu	x27,x28,x31	 x28:0x00004000 x31:0xfffffb01 x27=0x00000000
       75265000	      7427	800064d0	ea0d	c.bnez	x12,80006502	 x12:0x00000000
       75275000	      7428	800064d2	8c79	c.and	x8,x14	  x8:0x00000000 x14:0x00000000  x8=0x00000000
       75285000	      7429	800064d4	00a2fc33	and	x24,x5,x10	  x5:0xfffffbbc x10:0x00000000 x24=0x00000000
       75295000	      7430	800064d8	1898d697	auipc	x13,0x1898d	 x13=0x989934d8
       75305000	      7431	800064dc	5e920817	auipc	x16,0x5e920	 x16=0xde9264dc
       75345000	      7435	800064e0	02da2233	mulhsu	x4,x20,x13	 x20:0x894ea9b3 x13:0x989934d8  x4=0xb93fac45
       75365000	      7437	800064e4	03b04a33	div	x20,x0,x27	  x0:0x00000000 x27:0x00000000 x20=0xffffffff
       75375000	      7438	800064e8	bd014a13	xori	x20,x2,-1072	  x2:0xffffffe1 x20=0x00000431
       75385000	      7439	800064ec	8d4d	c.or	x10,x11	 x10:0x00000000 x11:0x894eacb4 x10=0x894eacb4
       75395000	      7440	800064ee	8d59b913	sltiu	x18,x19,-1835	 x19:0x00000001 x18=0x00000001
       75405000	      7441	800064f2	8d21	c.xor	x10,x8	 x10:0x894eacb4  x8:0x00000000 x10=0x894eacb4
       75775000	      7478	800064f4	031d7733	remu	x14,x26,x17	 x26:0x00000000 x17:0x0000d000 x14=0x00000000
       75785000	      7479	800064f8	8515	c.srai	x10,0x5	 x10:0x894eacb4 x10=0xfc4a7565
       75795000	      7480	800064fa	00d38333	add	x6,x7,x13	  x7:0x00000001 x13:0x989934d8  x6=0x989934d9
       75805000	      7481	800064fe	03bc5063	bge	x24,x27,8000651e	 x24:0x00000000 x27:0x00000000
       75865000	      7487	8000651e	02a33eb3	mulhu	x29,x6,x10	  x6:0x989934d9 x10:0xfc4a7565 x29=0x96633249
       75875000	      7488	80006522	939a	c.add	x7,x6	  x7:0x00000001  x6:0x989934d9  x7=0x989934da
       75885000	      7489	80006524	03475263	bge	x14,x20,80006548	 x14:0x00000000 x20:0x00000431
       75895000	      7490	80006528	8d59	c.or	x10,x14	 x10:0xfc4a7565 x14:0x00000000 x10=0xfc4a7565
       75905000	      7491	8000652a	04ec0063	beq	x24,x14,8000656a	 x24:0x00000000 x14:0x00000000
       75935000	      7494	8000656a	007da633	slt	x12,x27,x7	 x27:0x00000000  x7:0x989934da x12=0x00000000
       75945000	      7495	8000656e	48ccf093	andi	x1,x25,1164	 x25:0x00000602  x1=0x00000400
       75985000	      7499	80006572	031aba33	mulhu	x20,x21,x17	 x21:0x00000001 x17:0x0000d000 x20=0x00000000
       76355000	      7536	80006576	02247833	remu	x16,x8,x2	  x8:0x00000000  x2:0xffffffe1 x16=0x00000000
       76365000	      7537	8000657a	0013b933	sltu	x18,x7,x1	  x7:0x989934da  x1:0x00000400 x18=0x00000000
       76375000	      7538	8000657e	5b7d	c.li	x22,-1	 x22=0xffffffff
       76385000	      7539	80006580	41c45093	srai	x1,x8,0x1c	  x8:0x00000000  x1=0x00000000
       76395000	      7540	80006584	8f91	c.sub	x15,x12	 x15:0x00000000 x12:0x00000000 x15=0x00000000
       76435000	      7544	80006586	029a2d33	mulhsu	x26,x20,x9	 x20:0x00000000  x9:0x80021e64 x26=0x00000000
       76445000	      7545	8000658a	bee4f613	andi	x12,x9,-1042	  x9:0x80021e64 x12=0x80021a64
       76455000	      7546	8000658e	00f8e2b3	or	x5,x17,x15	 x17:0x0000d000 x15:0x00000000  x5=0x0000d000
       76825000	      7583	80006592	024859b3	divu	x19,x16,x4	 x16:0x00000000  x4:0xb93fac45 x19=0x00000000
       76835000	      7584	80006596	0611	c.addi	x12,4	 x12:0x80021a64 x12=0x80021a68
       76855000	      7586	80006598	020f59b3	divu	x19,x30,x0	 x30:0x80025ce4  x0:0x00000000 x19=0xffffffff
       76865000	      7587	8000659c	6afd	c.lui	x21,0x1f	 x21=0x0001f000
       76875000	      7588	8000659e	03660a63	beq	x12,x22,800065d2	 x12:0x80021a68 x22:0xffffffff
       76885000	      7589	800065a2	97ce8613	addi	x12,x29,-1668	 x29:0x96633249 x12=0x96632bc5
       77255000	      7626	800065a6	03917fb3	remu	x31,x2,x25	  x2:0xffffffe1 x25:0x00000602 x31=0x000002f5
       77265000	      7627	800065aa	0036db33	srl	x22,x13,x3	 x13:0x989934d8  x3:0x80021e64 x22=0x0989934d
       77275000	      7628	800065ae	d3051c17	auipc	x24,0xd3051	 x24=0x530575ae
       77285000	      7629	800065b2	6521	c.lui	x10,0x8	 x10=0x00008000
       77295000	      7630	800065b4	8fbda793	slti	x15,x27,-1797	 x27:0x00000000 x15=0x00000000
       77305000	      7631	800065b8	0032bc33	sltu	x24,x5,x3	  x5:0x0000d000  x3:0x80021e64 x24=0x00000001
       77315000	      7632	800065bc	93da	c.add	x7,x22	  x7:0x989934da x22:0x0989934d  x7=0xa222c827
       77325000	      7633	800065be	8fc5	c.or	x15,x9	 x15:0x00000000  x9:0x80021e64 x15=0x80021e64
       77335000	      7634	800065c0	009e5d93	srli	x27,x28,0x9	 x28:0x00004000 x27=0x00000020
       77375000	      7638	800065c4	03961db3	mulh	x27,x12,x25	 x12:0x96632bc5 x25:0x00000602 x27=0xfffffd85
       77385000	      7639	800065c8	006d4a63	blt	x26,x6,800065dc	 x26:0x00000000  x6:0x989934d9
       77395000	      7640	800065cc	c005	c.beqz	x8,800065ec	  x8:0x00000000
       77415000	      7642	800065ec	9c26	c.add	x24,x9	 x24:0x00000001  x9:0x80021e64 x24=0x80021e65
       77425000	      7643	800065ee	87e9	c.srai	x15,0x1a	 x15:0x80021e64 x15=0xffffffe0
       77435000	      7644	800065f0	01546663	bltu	x8,x21,800065fc	  x8:0x00000000 x21:0x0001f000
       77455000	      7646	800065fc	881d	c.andi	x8,7	  x8:0x00000000  x8=0x00000000
       77465000	      7647	800065fe	037d6163	bltu	x26,x23,80006620	 x26:0x00000000 x23:0x00000000
       77835000	      7684	80006602	02934733	div	x14,x6,x9	  x6:0x989934d9  x9:0x80021e64 x14=0x00000000
       77845000	      7685	80006606	7cc3da17	auipc	x20,0x7cc3d	 x20=0xfcc43606
       77855000	      7686	8000660a	01b65fb3	srl	x31,x12,x27	 x12:0x96632bc5 x27:0xfffffd85 x31=0x04b3195e
       77865000	      7687	8000660e	0001	c.addi	x0,0	  x0:0x00000000  x0=0x00000000
       77875000	      7688	80006610	c41d	c.beqz	x8,8000663e	  x8:0x00000000
       77905000	      7691	8000663e	0ff0000f	fence	iorw,iorw	
       77915000	      7692	80006642	6bd1	c.lui	x23,0x14	 x23=0x00014000
       77925000	      7693	80006644	8153c737	lui	x14,0x8153c	 x14=0x8153c000
       77935000	      7694	80006648	d0f02117	auipc	x2,0xd0f02	  x2=0x50f08648
       77945000	      7695	8000664c	0d7c8d17	auipc	x26,0xd7c8	 x26=0x8d7ce64c
       77975000	      7698	80006650	02bb0d33	mul	x26,x22,x11	 x22:0x0989934d x11:0x894eacb4 x26=0x3a294e24
       77985000	      7699	80006654	0c6a	c.slli	x24,0x1a	 x24:0x80021e65 x24=0x94000000
       77995000	      7700	80006656	01d25663	bge	x4,x29,80006662	  x4:0xb93fac45 x29:0x96633249
       78025000	      7703	80006662	013bd3b3	srl	x7,x23,x19	 x23:0x00014000 x19:0xffffffff  x7=0x00000000
       78035000	      7704	80006666	1810	c.addi4spn	x12,x2,48	 x12=0x50f08678
       78045000	      7705	80006668	016bb7b7	lui	x15,0x16bb	 x15=0x016bb000
       78055000	      7706	8000666c	e785	c.bnez	x15,80006694	 x15:0x016bb000
       78435000	      7744	80006694	02507833	remu	x16,x0,x5	  x0:0x00000000  x5:0x0000d000 x16=0x00000000
       78445000	      7745	80006698	cb01	c.beqz	x14,800066a8	 x14:0x8153c000
       78455000	      7746	8000669a	79c2e417	auipc	x8,0x79c2e	  x8=0xf9c3469a
       78825000	      7783	8000669e	02c44eb3	div	x29,x8,x12	  x8:0xf9c3469a x12:0x50f08678 x29=0x00000000
       78865000	      7787	800066a2	03cabe33	mulhu	x28,x21,x28	 x21:0x0001f000 x28:0x00004000 x28=0x00000000
       78875000	      7788	800066a6	8d71	c.and	x10,x12	 x10:0x00008000 x12:0x50f08678 x10=0x00008000
       78885000	      7789	800066a8	fc8fab13	slti	x22,x31,-56	 x31:0x04b3195e x22=0x00000000
       78895000	      7790	800066ac	0000100f	fence.i	
       78915000	      7792	800066b0	0125ebb3	or	x23,x11,x18	 x11:0x894eacb4 x18:0x00000000 x23=0x894eacb4
       78925000	      7793	800066b4	ee09	c.bnez	x12,800066ce	 x12:0x50f08678
       78945000	      7795	800066ce	6cd1	c.lui	x25,0x14	 x25=0x00014000
       78955000	      7796	800066d0	c915	c.beqz	x10,80006704	 x10:0x00008000
       78995000	      7800	800066d2	030d92b3	mulh	x5,x27,x16	 x27:0xfffffd85 x16:0x00000000  x5=0x00000000
       79005000	      7801	800066d6	5efd	c.li	x29,-1	 x29=0xffffffff
       79015000	      7802	800066d8	6129	c.addi16sp	x2,192	  x2:0x50f08648  x2=0x50f08708
       79025000	      7803	800066da	2825e913	ori	x18,x11,642	 x11:0x894eacb4 x18=0x894eaeb6
       79035000	      7804	800066de	4dee2313	slti	x6,x28,1246	 x28:0x00000000  x6=0x00000001
       79045000	      7805	800066e2	5aec4b13	xori	x22,x24,1454	 x24:0x94000000 x22=0x940005ae
       79085000	      7809	800066e6	0381bab3	mulhu	x21,x3,x24	  x3:0x80021e64 x24:0x94000000 x21=0x4a013991
       79095000	      7810	800066ea	717d	c.addi16sp	x2,-16	  x2:0x50f08708  x2=0x50f086f8
       79105000	      7811	800066ec	018919b3	sll	x19,x18,x24	 x18:0x894eaeb6 x24:0x94000000 x19=0x894eaeb6
       79115000	      7812	800066f0	8bc9	c.andi	x15,18	 x15:0x016bb000 x15=0x00000000
       79125000	      7813	800066f2	8c3d	c.xor	x8,x15	  x8:0xf9c3469a x15:0x00000000  x8=0xf9c3469a
       79145000	      7815	800066f4	03cfdbb3	divu	x23,x31,x28	 x31:0x04b3195e x28:0x00000000 x23=0xffffffff
       79155000	      7816	800066f8	8e29	c.xor	x12,x10	 x12:0x50f08678 x10:0x00008000 x12=0x50f00678
       79165000	      7817	800066fa	012ff563	bgeu	x31,x18,80006704	 x31:0x04b3195e x18:0x894eaeb6
       79175000	      7818	800066fe	8d31	c.xor	x10,x12	 x10:0x00008000 x12:0x50f00678 x10=0x50f08678
       79185000	      7819	80006700	03f71f63	bne	x14,x31,8000673e	 x14:0x8153c000 x31:0x04b3195e
       79215000	      7822	8000673e	bb13b213	sltiu	x4,x7,-1103	  x7:0x00000000  x4=0x00000001
       79245000	      7825	80006742	030201b3	mul	x3,x4,x16	  x4:0x00000001 x16:0x00000000  x3=0x00000000
       79285000	      7829	80006746	03b2b133	mulhu	x2,x5,x27	  x5:0x00000000 x27:0xfffffd85  x2=0x00000000
       79295000	      7830	8000674a	00d69863	bne	x13,x13,8000675a	 x13:0x989934d8 x13:0x989934d8
       79305000	      7831	8000674e	01e3d393	srli	x7,x7,0x1e	  x7:0x00000000  x7=0x00000000
       79315000	      7832	80006752	02fcd763	bge	x25,x15,80006780	 x25:0x00014000 x15:0x00000000
       79335000	      7834	80006780	0082d913	srli	x18,x5,0x8	  x5:0x00000000 x18=0x00000000
       79345000	      7835	80006784	0234cb63	blt	x9,x3,800067ba	  x9:0x80021e64  x3:0x00000000
       79365000	      7837	800067ba	086e	c.slli	x16,0x1b	 x16:0x00000000 x16=0x00000000
       79375000	      7838	800067bc	7a096917	auipc	x18,0x7a096	 x18=0xfa09c7bc
       79385000	      7839	800067c0	016782b3	add	x5,x15,x22	 x15:0x00000000 x22:0x940005ae  x5=0x940005ae
       79395000	      7840	800067c4	400fd233	sra	x4,x31,x0	 x31:0x04b3195e  x0:0x00000000  x4=0x04b3195e
       79405000	      7841	800067c8	821d	c.srli	x12,0x7	 x12:0x50f00678 x12=0x00a1e00c
       79415000	      7842	800067ca	00c70933	add	x18,x14,x12	 x14:0x8153c000 x12:0x00a1e00c x18=0x81f5a00c
       79425000	      7843	800067ce	92ea	c.add	x5,x26	  x5:0x940005ae x26:0x3a294e24  x5=0xce2953d2
       79435000	      7844	800067d0	5e7d	c.li	x28,-1	 x28=0xffffffff
       79445000	      7845	800067d2	8c2d	c.xor	x8,x11	  x8:0xf9c3469a x11:0x894eacb4  x8=0x708dea2e
       79455000	      7846	800067d4	02c6d263	bge	x13,x12,800067f8	 x13:0x989934d8 x12:0x00a1e00c
       79465000	      7847	800067d8	01402333	slt	x6,x0,x20	  x0:0x00000000 x20:0xfcc43606  x6=0x00000000
       79475000	      7848	800067dc	00c05563	bge	x0,x12,800067e6	  x0:0x00000000 x12:0x00a1e00c
       79485000	      7849	800067e0	006f67b3	or	x15,x30,x6	 x30:0x80025ce4  x6:0x00000000 x15=0x80025ce4
       79495000	      7850	800067e4	87da	c.mv	x15,x22	  x0:0x00000000 x22:0x940005ae x15=0x940005ae
       79505000	      7851	800067e6	4082d193	srai	x3,x5,0x8	  x5:0xce2953d2  x3=0xffce2953
       79515000	      7852	800067ea	01759d63	bne	x11,x23,80006804	 x11:0x894eacb4 x23:0xffffffff
       79535000	      7854	80006804	047a	c.slli	x8,0x1e	  x8:0x708dea2e  x8=0x80000000
       79545000	      7855	80006806	8799	c.srai	x15,0x6	 x15:0x940005ae x15=0xfe500016
       79555000	      7856	80006808	026b9263	bne	x23,x6,8000682c	 x23:0xffffffff  x6:0x00000000
       79605000	      7861	8000682c	030da333	mulhsu	x6,x27,x16	 x27:0xfffffd85 x16:0x00000000  x6=0x00000000
       79615000	      7862	80006830	86f2	c.mv	x13,x28	  x0:0x00000000 x28:0xffffffff x13=0xffffffff
       79625000	      7863	80006832	00d0ecb3	or	x25,x1,x13	  x1:0x00000000 x13:0xffffffff x25=0xffffffff
       79635000	      7864	80006836	e285	c.bnez	x13,80006856	 x13:0xffffffff
       79655000	      7866	80006856	8d35	c.xor	x10,x13	 x10:0x50f08678 x13:0xffffffff x10=0xaf0f7987
       79665000	      7867	80006858	0024ba33	sltu	x20,x9,x2	  x9:0x80021e64  x2:0x00000000 x20=0x00000000
       79675000	      7868	8000685c	d5cb2c93	slti	x25,x22,-676	 x22:0x940005ae x25=0x00000001
       79685000	      7869	80006860	be8e2d93	slti	x27,x28,-1048	 x28:0xffffffff x27=0x00000000
       79695000	      7870	80006864	717d	c.addi16sp	x2,-16	  x2:0x00000000  x2=0xfffffff0
       79705000	      7871	80006866	019ea9b3	slt	x19,x29,x25	 x29:0xffffffff x25:0x00000001 x19=0x00000001
       79715000	      7872	8000686a	01c5dc13	srli	x24,x11,0x1c	 x11:0x894eacb4 x24=0x00000008
       79725000	      7873	8000686e	00c2b3b3	sltu	x7,x5,x12	  x5:0xce2953d2 x12:0x00a1e00c  x7=0x00000000
       79735000	      7874	80006872	e291	c.bnez	x13,80006876	 x13:0xffffffff
       79755000	      7876	80006876	ce05	c.beqz	x12,800068ae	 x12:0x00a1e00c
       79765000	      7877	80006878	00009763	bne	x1,x0,80006886	  x1:0x00000000  x0:0x00000000
       79775000	      7878	8000687c	61e9	c.lui	x3,0x1a	  x3=0x0001a000
       79785000	      7879	8000687e	02644663	blt	x8,x6,800068aa	  x8:0x80000000  x6:0x00000000
       79805000	      7881	800068aa	640d	c.lui	x8,0x3	  x8=0x00003000
       79815000	      7882	800068ac	cc05	c.beqz	x8,800068e4	  x8:0x00003000
       79825000	      7883	800068ae	8fe9	c.and	x15,x10	 x15:0xfe500016 x10:0xaf0f7987 x15=0xae000006
       79835000	      7884	800068b0	40718533	sub	x10,x3,x7	  x3:0x0001a000  x7:0x00000000 x10=0x0001a000
       79845000	      7885	800068b4	8b91	c.andi	x15,4	 x15:0xae000006 x15=0x00000004
       79855000	      7886	800068b6	4a303013	sltiu	x0,x0,1187	  x0:0x00000000  x0=0x00000000
       79865000	      7887	800068ba	002bc663	blt	x23,x2,800068c6	 x23:0xffffffff  x2:0xfffffff0
       79875000	      7888	800068be	0028f633	and	x12,x17,x2	 x17:0x0000d000  x2:0xfffffff0 x12=0x0000d000
       79885000	      7889	800068c2	8e7d	c.and	x12,x15	 x12:0x0000d000 x15:0x00000004 x12=0x00000000
       79895000	      7890	800068c4	0986	c.slli	x19,0x1	 x19:0x00000001 x19=0x00000002
       79905000	      7891	800068c6	018d5293	srli	x5,x26,0x18	 x26:0x3a294e24  x5=0x0000003a
       79915000	      7892	800068ca	00d92cb3	slt	x25,x18,x13	 x18:0x81f5a00c x13:0xffffffff x25=0x00000001
       79925000	      7893	800068ce	0000100f	fence.i	
       79955000	      7896	800068d2	47d8f613	andi	x12,x17,1149	 x17:0x0000d000 x12=0x00000000
       79965000	      7897	800068d6	0001	c.addi	x0,0	  x0:0x00000000  x0=0x00000000
       79975000	      7898	800068d8	40d25133	sra	x2,x4,x13	  x4:0x04b3195e x13:0xffffffff  x2=0x00000000
       79985000	      7899	800068dc	01b65ab3	srl	x21,x12,x27	 x12:0x00000000 x27:0x00000000 x21=0x00000000
       80025000	      7903	800068e0	03652933	mulhsu	x18,x10,x22	 x10:0x0001a000 x22:0x940005ae x18=0x0000f080
       80035000	      7904	800068e4	0000100f	fence.i	
       80055000	      7906	800068e8	86e5	c.srai	x13,0x19	 x13:0xffffffff x13=0xffffffff
       80065000	      7907	800068ea	00dd5e33	srl	x28,x26,x13	 x26:0x3a294e24 x13:0xffffffff x28=0x00000000
       80075000	      7908	800068ee	00456eb3	or	x29,x10,x4	 x10:0x0001a000  x4:0x04b3195e x29=0x04b3b95e
       80085000	      7909	800068f2	23052193	slti	x3,x10,560	 x10:0x0001a000  x3=0x00000000
       80095000	      7910	800068f6	0077be33	sltu	x28,x15,x7	 x15:0x00000004  x7:0x00000000 x28=0x00000000
       80105000	      7911	800068fa	8f85	c.sub	x15,x9	 x15:0x00000004  x9:0x80021e64 x15=0x7ffde1a0
       80115000	      7912	800068fc	0ff0000f	fence	iorw,iorw	
       80125000	      7913	80006900	40be5a93	srai	x21,x28,0xb	 x28:0x00000000 x21=0x00000000
       80135000	      7914	80006904	87d9	c.srai	x15,0x16	 x15:0x7ffde1a0 x15=0x000001ff
       80145000	      7915	80006906	197d	c.addi	x18,-1	 x18:0x0000f080 x18=0x0000f07f
       80175000	      7918	80006908	02ac8133	mul	x2,x25,x10	 x25:0x00000001 x10:0x0001a000  x2=0x0001a000
       80185000	      7919	8000690c	67b9	c.lui	x15,0xe	 x15=0x0000e000
       80195000	      7920	8000690e	bdc94093	xori	x1,x18,-1060	 x18:0x0000f07f  x1=0xffff0ba3
       80205000	      7921	80006912	c315	c.beqz	x14,80006936	 x14:0x8153c000
       80215000	      7922	80006914	00729c93	slli	x25,x5,0x7	  x5:0x0000003a x25=0x00001d00
       80225000	      7923	80006918	6d79	c.lui	x26,0x1e	 x26=0x0001e000
       80265000	      7927	8000691a	0321bcb3	mulhu	x25,x3,x18	  x3:0x00000000 x18:0x0000f07f x25=0x00000000
       80275000	      7928	8000691e	020bf193	andi	x3,x23,32	 x23:0xffffffff  x3=0x00000020
       80315000	      7932	80006922	03ff2c33	mulhsu	x24,x30,x31	 x30:0x80025ce4 x31:0x04b3195e x24=0xfda67e6b
       80325000	      7933	80006926	8235	c.srli	x12,0xd	 x12:0x00000000 x12=0x00000000
       80335000	      7934	80006928	0001	c.addi	x0,0	  x0:0x00000000  x0=0x00000000
       80345000	      7935	8000692a	01629a33	sll	x20,x5,x22	  x5:0x0000003a x22:0x940005ae x20=0x000e8000
       80355000	      7936	8000692e	e28d	c.bnez	x13,80006950	 x13:0xffffffff
       80375000	      7938	80006950	00ea	c.slli	x1,0x1a	  x1:0xffff0ba3  x1=0x8c000000
       80385000	      7939	80006952	015de763	bltu	x27,x21,80006960	 x27:0x00000000 x21:0x00000000
       80395000	      7940	80006956	0f91	c.addi	x31,4	 x31:0x04b3195e x31=0x04b31962
       80405000	      7941	80006958	41175033	sra	x0,x14,x17	 x14:0x8153c000 x17:0x0000d000  x0=0x00000000
       80415000	      7942	8000695c	ba5ba093	slti	x1,x23,-1115	 x23:0xffffffff  x1=0x00000000
       80425000	      7943	80006960	00e9a7b3	slt	x15,x19,x14	 x19:0x00000002 x14:0x8153c000 x15=0x00000000
       80435000	      7944	80006964	007cee63	bltu	x25,x7,80006980	 x25:0x00000000  x7:0x00000000
       80445000	      7945	80006968	00f94e33	xor	x28,x18,x15	 x18:0x0000f07f x15:0x00000000 x28=0x0000f07f
       80455000	      7946	8000696c	02f91b63	bne	x18,x15,800069a2	 x18:0x0000f07f x15:0x00000000
       80845000	      7985	800069a2	033c6eb3	rem	x29,x24,x19	 x24:0xfda67e6b x19:0x00000002 x29=0xffffffff
       80855000	      7986	800069a6	8c31	c.xor	x8,x12	  x8:0x00003000 x12:0x00000000  x8=0x00003000
       80865000	      7987	800069a8	8e2d	c.xor	x12,x11	 x12:0x00000000 x11:0x894eacb4 x12=0x894eacb4
       80875000	      7988	800069aa	012280b3	add	x1,x5,x18	  x5:0x0000003a x18:0x0000f07f  x1=0x0000f0b9
       80885000	      7989	800069ae	41dfdc33	sra	x24,x31,x29	 x31:0x04b31962 x29:0xffffffff x24=0x00000000
       80895000	      7990	800069b2	8391	c.srli	x15,0x4	 x15:0x00000000 x15=0x00000000
       80905000	      7991	800069b4	6b9d	c.lui	x23,0x7	 x23=0x00007000
       80915000	      7992	800069b6	03cc4063	blt	x24,x28,800069d6	 x24:0x00000000 x28:0x0000f07f
       80945000	      7995	800069d6	01260f63	beq	x12,x18,800069f4	 x12:0x894eacb4 x18:0x0000f07f
       80955000	      7996	800069da	011f1513	slli	x10,x30,0x11	 x30:0x80025ce4 x10=0xb9c80000
       80965000	      7997	800069de	00a6fc63	bgeu	x13,x10,800069f6	 x13:0xffffffff x10:0xb9c80000
       80995000	      8000	800069f6	01a69013	slli	x0,x13,0x1a	 x13:0xffffffff  x0=0x00000000
       81005000	      8001	800069fa	8e62	c.mv	x28,x24	  x0:0x00000000 x24:0x00000000 x28=0x00000000
       81015000	      8002	800069fc	0001	c.addi	x0,0	  x0:0x00000000  x0=0x00000000
       81025000	      8003	800069fe	3dd1db37	lui	x22,0x3dd1d	 x22=0x3dd1d000
       81035000	      8004	80006a02	00c430b3	sltu	x1,x8,x12	  x8:0x00003000 x12:0x894eacb4  x1=0x00000001
       81045000	      8005	80006a06	9666	c.add	x12,x25	 x12:0x894eacb4 x25:0x00000000 x12=0x894eacb4
       81055000	      8006	80006a08	00a6	c.slli	x1,0x9	  x1:0x00000001  x1=0x00000200
       81065000	      8007	80006a0a	0000100f	fence.i	
       81095000	      8010	80006a0e	013e6e33	or	x28,x28,x19	 x28:0x00000000 x19:0x00000002 x28=0x00000002
       81105000	      8011	80006a12	8ed9	c.or	x13,x14	 x13:0xffffffff x14:0x8153c000 x13=0xffffffff
       81115000	      8012	80006a14	0000100f	fence.i	
       81135000	      8014	80006a18	6899	c.lui	x17,0x6	 x17=0x00006000
       81145000	      8015	80006a1a	40498633	sub	x12,x19,x4	 x19:0x00000002  x4:0x04b3195e x12=0xfb4ce6a4
       81155000	      8016	80006a1e	ca09	c.beqz	x12,80006a30	 x12:0xfb4ce6a4
       81165000	      8017	80006a20	8355	c.srli	x14,0x15	 x14:0x8153c000 x14=0x0000040a
       81175000	      8018	80006a22	6c4af793	andi	x15,x21,1732	 x21:0x00000000 x15=0x00000000
       81545000	      8055	80006a26	023a7db3	remu	x27,x20,x3	 x20:0x000e8000  x3:0x00000020 x27=0x00000000
       81555000	      8056	80006a2a	8e59	c.or	x12,x14	 x12:0xfb4ce6a4 x14:0x0000040a x12=0xfb4ce6ae
       81565000	      8057	80006a2c	00775413	srli	x8,x14,0x7	 x14:0x0000040a  x8=0x00000008
       81575000	      8058	80006a30	d739cc93	xori	x25,x19,-653	 x19:0x00000002 x25=0xfffffd71
       81585000	      8059	80006a34	8269	c.srli	x12,0x1a	 x12:0xfb4ce6ae x12=0x0000003e
       81605000	      8061	80006a36	035d5833	divu	x16,x26,x21	 x26:0x0001e000 x21:0x00000000 x16=0xffffffff
       81615000	      8062	80006a3a	da5e8693	addi	x13,x29,-603	 x29:0xffffffff x13=0xfffffda4
       81625000	      8063	80006a3e	8d9a	c.mv	x27,x6	  x0:0x00000000  x6:0x00000000 x27=0x00000000
       81635000	      8064	80006a40	039a9863	bne	x21,x25,80006a70	 x21:0x00000000 x25:0xfffffd71
       81655000	      8066	80006a70	40bd5213	srai	x4,x26,0xb	 x26:0x0001e000  x4=0x0000003c
       81665000	      8067	80006a74	00f28bb3	add	x23,x5,x15	  x5:0x0000003a x15:0x00000000 x23=0x0000003a
       81675000	      8068	80006a78	00befa33	and	x20,x29,x11	 x29:0xffffffff x11:0x894eacb4 x20=0x894eacb4
       81685000	      8069	80006a7c	6e84ad13	slti	x26,x9,1768	  x9:0x80021e64 x26=0x00000001
       81695000	      8070	80006a80	01b5fab3	and	x21,x11,x27	 x11:0x894eacb4 x27:0x00000000 x21=0x00000000
       82065000	      8107	80006a84	0219ccb3	div	x25,x19,x1	 x19:0x00000002  x1:0x00000200 x25=0x00000000
       82085000	      8109	80006a88	035bc6b3	div	x13,x23,x21	 x23:0x0000003a x21:0x00000000 x13=0xffffffff
       82095000	      8110	80006a8c	93d6	c.add	x7,x21	  x7:0x00000000 x21:0x00000000  x7=0x00000000
       82105000	      8111	80006a8e	00e6	c.slli	x1,0x19	  x1:0x00000200  x1=0x00000000
       82115000	      8112	80006a90	0b12	c.slli	x22,0x4	 x22:0x3dd1d000 x22=0xdd1d0000
       82125000	      8113	80006a92	0ff0000f	fence	iorw,iorw	
       82135000	      8114	80006a96	0005b2b3	sltu	x5,x11,x0	 x11:0x894eacb4  x0:0x00000000  x5=0x00000000
       82175000	      8118	80006a9a	0219a8b3	mulhsu	x17,x19,x1	 x19:0x00000002  x1:0x00000000 x17=0x00000000
       82185000	      8119	80006a9e	019078b3	and	x17,x0,x25	  x0:0x00000000 x25:0x00000000 x17=0x00000000
       82195000	      8120	80006aa2	00035d13	srli	x26,x6,0x0	  x6:0x00000000 x26=0x00000000
       82205000	      8121	80006aa6	6515	c.lui	x10,0x5	 x10=0x00005000
       82215000	      8122	80006aa8	03764663	blt	x12,x23,80006ad4	 x12:0x0000003e x23:0x0000003a
       82235000	      8124	80006aac	0251d1b3	divu	x3,x3,x5	  x3:0x00000020  x5:0x00000000  x3=0xffffffff
       82245000	      8125	80006ab0	01d567b3	or	x15,x10,x29	 x10:0x00005000 x29:0xffffffff x15=0xffffffff
       82255000	      8126	80006ab4	013f5793	srli	x15,x30,0x13	 x30:0x80025ce4 x15=0x00001000
       82265000	      8127	80006ab8	40275eb3	sra	x29,x14,x2	 x14:0x0000040a  x2:0x0001a000 x29=0x0000040a
       82275000	      8128	80006abc	83c9	c.srli	x15,0x12	 x15:0x00001000 x15=0x00000000
       82285000	      8129	80006abe	717d	c.addi16sp	x2,-16	  x2:0x0001a000  x2=0x00019ff0
       82295000	      8130	80006ac0	430ef093	andi	x1,x29,1072	 x29:0x0000040a  x1=0x00000400
       82305000	      8131	80006ac4	01a54263	blt	x10,x26,80006ac8	 x10:0x00005000 x26:0x00000000
       82315000	      8132	80006ac8	0062ee33	or	x28,x5,x6	  x5:0x00000000  x6:0x00000000 x28=0x00000000
       82325000	      8133	80006acc	1e7d	c.addi	x28,-1	 x28:0x00000000 x28=0xffffffff
       82335000	      8134	80006ace	8fb5	c.xor	x15,x13	 x15:0x00000000 x13:0xffffffff x15=0xffffffff
       82345000	      8135	80006ad0	001518b3	sll	x17,x10,x1	 x10:0x00005000  x1:0x00000400 x17=0x00005000
       82355000	      8136	80006ad4	01af9fb3	sll	x31,x31,x26	 x31:0x04b31962 x26:0x00000000 x31=0x04b31962
       82725000	      8173	80006ad8	02a5d2b3	divu	x5,x11,x10	 x11:0x894eacb4 x10:0x00005000  x5=0x0001b762
       82735000	      8174	80006adc	00e76eb3	or	x29,x14,x14	 x14:0x0000040a x14:0x0000040a x29=0x0000040a
       82745000	      8175	80006ae0	0001	c.addi	x0,0	  x0:0x00000000  x0=0x00000000
       82755000	      8176	80006ae2	02185363	bge	x16,x1,80006b08	 x16:0xffffffff  x1:0x00000400
       82765000	      8177	80006ae6	00abaa33	slt	x20,x23,x10	 x23:0x0000003a x10:0x00005000 x20=0x00000001
       82775000	      8178	80006aea	0d80	c.addi4spn	x8,x2,720	  x8=0x0001a2c0
       82785000	      8179	80006aec	007060b3	or	x1,x0,x7	  x0:0x00000000  x7:0x00000000  x1=0x00000000
       82825000	      8183	80006af0	031c3ab3	mulhu	x21,x24,x17	 x24:0x00000000 x17:0x00005000 x21=0x00000000
       82835000	      8184	80006af4	8e8d	c.sub	x13,x11	 x13:0xffffffff x11:0x894eacb4 x13=0x76b1534b
       82845000	      8185	80006af6	ec08c813	xori	x16,x17,-320	 x17:0x00005000 x16=0xffffaec0
       82855000	      8186	80006afa	4611	c.li	x12,4	 x12=0x00000004
       82865000	      8187	80006afc	8ed5	c.or	x13,x13	 x13:0x76b1534b x13:0x76b1534b x13=0x76b1534b
       83235000	      8224	80006afe	02d9d1b3	divu	x3,x19,x13	 x19:0x00000002 x13:0x76b1534b  x3=0x00000000
       83245000	      8225	80006b02	8fed	c.and	x15,x11	 x15:0xffffffff x11:0x894eacb4 x15=0x894eacb4
       83275000	      8228	80006b04	02ad83b3	mul	x7,x27,x10	 x27:0x00000000 x10:0x00005000  x7=0x00000000
       83285000	      8229	80006b08	059c	c.addi4spn	x15,x2,704	 x15=0x0001a2b0
       83295000	      8230	80006b0a	aa2e3697	auipc	x13,0xaa2e3	 x13=0x2a2e9b0a
       83305000	      8231	80006b0e	8c35	c.xor	x8,x13	  x8:0x0001a2c0 x13:0x2a2e9b0a  x8=0x2a2f39ca
       83315000	      8232	80006b10	02abee63	bltu	x23,x10,80006b4c	 x23:0x0000003a x10:0x00005000
       83695000	      8270	80006b4c	03d06833	rem	x16,x0,x29	  x0:0x00000000 x29:0x0000040a x16=0x00000000
       83705000	      8271	80006b50	6c99	c.lui	x25,0x6	 x25=0x00006000
       83715000	      8272	80006b52	0040d863	bge	x1,x4,80006b62	  x1:0x00000000  x4:0x0000003c
       83725000	      8273	80006b56	be4fcf93	xori	x31,x31,-1052	 x31:0x04b31962 x31=0xfb4ce286
       83735000	      8274	80006b5a	01d31e93	slli	x29,x6,0x1d	  x6:0x00000000 x29=0x00000000
       83745000	      8275	80006b5e	0091b9b3	sltu	x19,x3,x9	  x3:0x00000000  x9:0x80021e64 x19=0x00000001
       83755000	      8276	80006b62	9836	c.add	x16,x13	 x16:0x00000000 x13:0x2a2e9b0a x16=0x2a2e9b0a
       83765000	      8277	80006b64	6119	c.addi16sp	x2,384	  x2:0x00019ff0  x2=0x0001a170
       83775000	      8278	80006b66	22562513	slti	x10,x12,549	 x12:0x00000004 x10=0x00000001
       83785000	      8279	80006b6a	af393013	sltiu	x0,x18,-1293	 x18:0x0000f07f  x0=0x00000000
       83825000	      8283	80006b6e	03a02fb3	mulhsu	x31,x0,x26	  x0:0x00000000 x26:0x00000000 x31=0x00000000
       83835000	      8284	80006b72	8c0d	c.sub	x8,x11	  x8:0x2a2f39ca x11:0x894eacb4  x8=0xa0e08d16
       84205000	      8321	80006b74	030cd633	divu	x12,x25,x16	 x25:0x00006000 x16:0x2a2e9b0a x12=0x00000000
       84215000	      8322	80006b78	3d9f3913	sltiu	x18,x30,985	 x30:0x80025ce4 x18=0x00000000
       84225000	      8323	80006b7c	023b7363	bgeu	x22,x3,80006ba2	 x22:0xdd1d0000  x3:0x00000000
       84245000	      8325	80006ba2	9e12	c.add	x28,x4	 x28:0xffffffff  x4:0x0000003c x28=0x0000003b
       84255000	      8326	80006ba4	717d	c.addi16sp	x2,-16	  x2:0x0001a170  x2=0x0001a160
       84265000	      8327	80006ba6	4040d333	sra	x6,x1,x4	  x1:0x00000000  x4:0x0000003c  x6=0x00000000
       84275000	      8328	80006baa	008180b3	add	x1,x3,x8	  x3:0x00000000  x8:0xa0e08d16  x1=0xa0e08d16
       84285000	      8329	80006bae	844d	c.srai	x8,0x13	  x8:0xa0e08d16  x8=0xfffff41c
       84295000	      8330	80006bb0	527d	c.li	x4,-1	  x4=0xffffffff
       84305000	      8331	80006bb2	0842	c.slli	x16,0x10	 x16:0x2a2e9b0a x16=0x9b0a0000
       84315000	      8332	80006bb4	01f1ee33	or	x28,x3,x31	  x3:0x00000000 x31:0x00000000 x28=0x00000000
       84325000	      8333	80006bb8	016eab33	slt	x22,x29,x22	 x29:0x00000000 x22:0xdd1d0000 x22=0x00000000
       84335000	      8334	80006bbc	0000100f	fence.i	
       84355000	      8336	80006bc0	40390eb3	sub	x29,x18,x3	 x18:0x00000000  x3:0x00000000 x29=0x00000000
       84365000	      8337	80006bc4	566eb113	sltiu	x2,x29,1382	 x29:0x00000000  x2=0x00000001
       84375000	      8338	80006bc8	0001	c.addi	x0,0	  x0:0x00000000  x0=0x00000000
       84385000	      8339	80006bca	01ee7833	and	x16,x28,x30	 x28:0x00000000 x30:0x80025ce4 x16=0x00000000
       84395000	      8340	80006bce	019c1e13	slli	x28,x24,0x19	 x24:0x00000000 x28=0x00000000
       84405000	      8341	80006bd2	8e99	c.sub	x13,x14	 x13:0x2a2e9b0a x14:0x0000040a x13=0x2a2e9700
       84415000	      8342	80006bd4	8c06	c.mv	x24,x1	  x0:0x00000000  x1:0xa0e08d16 x24=0xa0e08d16
       84425000	      8343	80006bd6	8e15	c.sub	x12,x13	 x12:0x00000000 x13:0x2a2e9700 x12=0xd5d16900
       84435000	      8344	80006bd8	0109e133	or	x2,x19,x16	 x19:0x00000001 x16:0x00000000  x2=0x00000001
       84445000	      8345	80006bdc	0001	c.addi	x0,0	  x0:0x00000000  x0=0x00000000
       84455000	      8346	80006bde	f1883393	sltiu	x7,x16,-232	 x16:0x00000000  x7=0x00000001
       84465000	      8347	80006be2	0ff0000f	fence	iorw,iorw	
       84475000	      8348	80006be6	419a0c33	sub	x24,x20,x25	 x20:0x00000001 x25:0x00006000 x24=0xffffa001
       84485000	      8349	80006bea	01ad86b3	add	x13,x27,x26	 x27:0x00000000 x26:0x00000000 x13=0x00000000
       84495000	      8350	80006bee	0255cc63	blt	x11,x5,80006c26	 x11:0x894eacb4  x5:0x0001b762
       84515000	      8352	80006c26	ef9d	c.bnez	x15,80006c64	 x15:0x0001a2b0
       84535000	      8354	80006c64	5efd	c.li	x29,-1	 x29=0xffffffff
       84545000	      8355	80006c66	e911	c.bnez	x10,80006c7a	 x10:0x00000001
       84575000	      8358	80006c7a	00240db3	add	x27,x8,x2	  x8:0xfffff41c  x2:0x00000001 x27=0xfffff41d
       84585000	      8359	80006c7e	0e91	c.addi	x29,4	 x29:0xffffffff x29=0x00000003
       84595000	      8360	80006c80	717d	c.addi16sp	x2,-16	  x2:0x00000001  x2=0xfffffff1
       84605000	      8361	80006c82	8e01	c.sub	x12,x8	 x12:0xd5d16900  x8:0xfffff41c x12=0xd5d174e4
       84615000	      8362	80006c84	0000100f	fence.i	
       84635000	      8364	80006c88	40635233	sra	x4,x6,x6	  x6:0x00000000  x6:0x00000000  x4=0x00000000
       84645000	      8365	80006c8c	8d65	c.and	x10,x9	 x10:0x00000001  x9:0x80021e64 x10=0x00000000
       84655000	      8366	80006c8e	997d	c.andi	x10,-1	 x10:0x00000000 x10=0x00000000
       84665000	      8367	80006c90	0109ba33	sltu	x20,x19,x16	 x19:0x00000001 x16:0x00000000 x20=0x00000000
       84675000	      8368	80006c94	86a9	c.srai	x13,0xa	 x13:0x00000000 x13=0x00000000
       84685000	      8369	80006c96	0081dd63	bge	x3,x8,80006cb0	  x3:0x00000000  x8:0xfffff41c
       84705000	      8371	80006cb0	64d6cb13	xori	x22,x13,1613	 x13:0x00000000 x22=0x0000064d
       84715000	      8372	80006cb4	0001	c.addi	x0,0	  x0:0x00000000  x0=0x00000000
       84725000	      8373	80006cb6	413508b3	sub	x17,x10,x19	 x10:0x00000000 x19:0x00000001 x17=0xffffffff
       84735000	      8374	80006cba	6995	c.lui	x19,0x5	 x19=0x00005000
       84745000	      8375	80006cbc	416a5293	srai	x5,x20,0x16	 x20:0x00000000  x5=0x00000000
       84775000	      8378	80006cc0	02220333	mul	x6,x4,x2	  x4:0x00000000  x2:0xfffffff1  x6=0x00000000
       84785000	      8379	80006cc4	1c94	c.addi4spn	x13,x2,624	 x13=0x00000261
       84795000	      8380	80006cc6	010e	c.slli	x2,0x3	  x2:0xfffffff1  x2=0xffffff88
       84805000	      8381	80006cc8	0ff0000f	fence	iorw,iorw	
       84815000	      8382	80006ccc	01531663	bne	x6,x21,80006cd8	  x6:0x00000000 x21:0x00000000
       84825000	      8383	80006cd0	40dd5933	sra	x18,x26,x13	 x26:0x00000000 x13:0x00000261 x18=0x00000000
       84835000	      8384	80006cd4	5ffd	c.li	x31,-1	 x31=0xffffffff
       84845000	      8385	80006cd6	9d1a	c.add	x26,x6	 x26:0x00000000  x6:0x00000000 x26=0x00000000
       84865000	      8387	80006cd8	0262de33	divu	x28,x5,x6	  x5:0x00000000  x6:0x00000000 x28=0xffffffff
       84875000	      8388	80006cdc	41388133	sub	x2,x17,x19	 x17:0xffffffff x19:0x00005000  x2=0xffffafff
       84885000	      8389	80006ce0	036c4d63	blt	x24,x22,80006d1a	 x24:0xffffa001 x22:0x0000064d
       84915000	      8392	80006d1a	ee2d7013	andi	x0,x26,-286	 x26:0x00000000  x0=0x00000000
       84925000	      8393	80006d1e	01b08e33	add	x28,x1,x27	  x1:0xa0e08d16 x27:0xfffff41d x28=0xa0e08133
       84955000	      8396	80006d22	03570333	mul	x6,x14,x21	 x14:0x0000040a x21:0x00000000  x6=0x00000000
       84965000	      8397	80006d26	8f41	c.or	x14,x8	 x14:0x0000040a  x8:0xfffff41c x14=0xfffff41e
       84975000	      8398	80006d28	8959	c.andi	x10,22	 x10:0x00000000 x10=0x00000000
       84985000	      8399	80006d2a	9a7d	c.andi	x12,-1	 x12:0xd5d174e4 x12=0xd5d174e4
       84995000	      8400	80006d2c	c799	c.beqz	x15,80006d3a	 x15:0x0001a2b0
       85005000	      8401	80006d2e	717d	c.addi16sp	x2,-16	  x2:0xffffafff  x2=0xffffafef
       85015000	      8402	80006d30	409d5f93	srai	x31,x26,0x9	 x26:0x00000000 x31=0x00000000
       85025000	      8403	80006d34	03f28663	beq	x5,x31,80006d60	  x5:0x00000000 x31:0x00000000
       85045000	      8405	80006d60	a4d3e713	ori	x14,x7,-1459	  x7:0x00000001 x14=0xfffffa4d
       85415000	      8442	80006d64	0226d2b3	divu	x5,x13,x2	 x13:0x00000261  x2:0xffffafef  x5=0x00000000
       85425000	      8443	80006d68	030cd863	bge	x25,x16,80006d98	 x25:0x00006000 x16:0x00000000
       85445000	      8445	80006d98	8c55	c.or	x8,x13	  x8:0xfffff41c x13:0x00000261  x8=0xfffff67d
       85455000	      8446	80006d9a	0294	c.addi4spn	x13,x2,320	 x13=0xffffb12f
       85465000	      8447	80006d9c	187d	c.addi	x16,-1	 x16:0x00000000 x16=0xffffffff
       85835000	      8484	80006d9e	036d79b3	remu	x19,x26,x22	 x26:0x00000000 x22:0x0000064d x19=0x00000000
       85845000	      8485	80006da2	8959	c.andi	x10,22	 x10:0x00000000 x10=0x00000000
       85855000	      8486	80006da4	013f5563	bge	x30,x19,80006dae	 x30:0x80025ce4 x19:0x00000000
       85865000	      8487	80006da8	8886	c.mv	x17,x1	  x0:0x00000000  x1:0xa0e08d16 x17=0xa0e08d16
       85875000	      8488	80006daa	014d1bb3	sll	x23,x26,x20	 x26:0x00000000 x20:0x00000000 x23=0x00000000
       85885000	      8489	80006dae	0ff0000f	fence	iorw,iorw	
       85895000	      8490	80006db2	4190da33	sra	x20,x1,x25	  x1:0xa0e08d16 x25:0x00006000 x20=0xa0e08d16
       85905000	      8491	80006db6	8ecd	c.or	x13,x11	 x13:0xffffb12f x11:0x894eacb4 x13=0xffffbdbf
       85915000	      8492	80006db8	01caceb3	xor	x29,x21,x28	 x21:0x00000000 x28:0xa0e08133 x29=0xa0e08133
       85925000	      8493	80006dbc	00e14cb3	xor	x25,x2,x14	  x2:0xffffafef x14:0xfffffa4d x25=0x000055a2
       86295000	      8530	80006dc0	02707233	remu	x4,x0,x7	  x0:0x00000000  x7:0x00000001  x4=0x00000000
       86305000	      8531	80006dc4	e515	c.bnez	x10,80006df0	 x10:0x00000000
       86315000	      8532	80006dc6	0ff0000f	fence	iorw,iorw	
       86325000	      8533	80006dca	616d	c.addi16sp	x2,240	  x2:0xffffafef  x2=0xffffb0df
       86335000	      8534	80006dcc	8079	c.srli	x8,0x1e	  x8:0xfffff67d  x8=0x00000003
       86345000	      8535	80006dce	8e95	c.sub	x13,x13	 x13:0xffffbdbf x13:0xffffbdbf x13=0x00000000
       86355000	      8536	80006dd0	0093dbb3	srl	x23,x7,x9	  x7:0x00000001  x9:0x80021e64 x23=0x00000000
       86365000	      8537	80006dd4	01a11d13	slli	x26,x2,0x1a	  x2:0xffffb0df x26=0x7c000000
       86735000	      8574	80006dd8	03c67833	remu	x16,x12,x28	 x12:0xd5d174e4 x28:0xa0e08133 x16=0x34f0f3b1
       86745000	      8575	80006ddc	bd8a7b93	andi	x23,x20,-1064	 x20:0xa0e08d16 x23=0xa0e08910
       86755000	      8576	80006de0	995e	c.add	x18,x23	 x18:0x00000000 x23:0xa0e08910 x18=0xa0e08910
       86765000	      8577	80006de2	0025c433	xor	x8,x11,x2	 x11:0x894eacb4  x2:0xffffb0df  x8=0x76b11c6b
       86775000	      8578	80006de6	00114fb3	xor	x31,x2,x1	  x2:0xffffb0df  x1:0xa0e08d16 x31=0x5f1f3dc9
       86785000	      8579	80006dea	40e80833	sub	x16,x16,x14	 x16:0x34f0f3b1 x14:0xfffffa4d x16=0x34f0f964
       86795000	      8580	80006dee	0001	c.addi	x0,0	  x0:0x00000000  x0=0x00000000
       86805000	      8581	80006df0	02858b63	beq	x11,x8,80006e26	 x11:0x894eacb4  x8:0x76b11c6b
       86815000	      8582	80006df4	0001	c.addi	x0,0	  x0:0x00000000  x0=0x00000000
       86825000	      8583	80006df6	40275813	srai	x16,x14,0x2	 x14:0xfffffa4d x16=0xfffffe93
       86835000	      8584	80006dfa	9b46	c.add	x22,x17	 x22:0x0000064d x17:0xa0e08d16 x22=0xa0e09363
       86845000	      8585	80006dfc	65633997	auipc	x19,0x65633	 x19=0xe5639dfc
       86855000	      8586	80006e00	2aa58637	lui	x12,0x2aa58	 x12=0x2aa58000
       86865000	      8587	80006e04	3cc8a237	lui	x4,0x3cc8a	  x4=0x3cc8a000
       86875000	      8588	80006e08	8511	c.srai	x10,0x4	 x10:0x00000000 x10=0x00000000
       86885000	      8589	80006e0a	0194fc63	bgeu	x9,x25,80006e22	  x9:0x80021e64 x25:0x000055a2
       86915000	      8592	80006e22	03dff563	bgeu	x31,x29,80006e4c	 x31:0x5f1f3dc9 x29:0xa0e08133
       86925000	      8593	80006e26	0a96	c.slli	x21,0x5	 x21:0x00000000 x21=0x00000000
       86935000	      8594	80006e28	00c90533	add	x10,x18,x12	 x18:0xa0e08910 x12:0x2aa58000 x10=0xcb860910
       86945000	      8595	80006e2c	8fd9	c.or	x15,x14	 x15:0x0001a2b0 x14:0xfffffa4d x15=0xfffffafd
       86955000	      8596	80006e2e	0540f463	bgeu	x1,x20,80006e76	  x1:0xa0e08d16 x20:0xa0e08d16
       86985000	      8599	80006e76	01430c33	add	x24,x6,x20	  x6:0x00000000 x20:0xa0e08d16 x24=0xa0e08d16
       86995000	      8600	80006e7a	fa0456b7	lui	x13,0xfa045	 x13=0xfa045000
       87005000	      8601	80006e7e	40eb81b3	sub	x3,x23,x14	 x23:0xa0e08910 x14:0xfffffa4d  x3=0xa0e08ec3
       87015000	      8602	80006e82	0001	c.addi	x0,0	  x0:0x00000000  x0=0x00000000
       87025000	      8603	80006e84	41915093	srai	x1,x2,0x19	  x2:0xffffb0df  x1=0xffffffff
       87035000	      8604	80006e88	01071763	bne	x14,x16,80006e96	 x14:0xfffffa4d x16:0xfffffe93
       87055000	      8606	80006e96	0001	c.addi	x0,0	  x0:0x00000000  x0=0x00000000
       87065000	      8607	80006e98	82ca	c.mv	x5,x18	  x0:0x00000000 x18:0xa0e08910  x5=0xa0e08910
       87075000	      8608	80006e9a	0292	c.slli	x5,0x4	  x5:0xa0e08910  x5=0x0e089100
       87085000	      8609	80006e9c	0ff0000f	fence	iorw,iorw	
       87115000	      8612	80006ea0	03e700b3	mul	x1,x14,x30	 x14:0xfffffa4d x30:0x80025ce4  x1=0x72889894
       87125000	      8613	80006ea4	0001	c.addi	x0,0	  x0:0x00000000  x0=0x00000000
       87135000	      8614	80006ea6	00511e93	slli	x29,x2,0x5	  x2:0xffffb0df x29=0xfff61be0
       87145000	      8615	80006eaa	0001	c.addi	x0,0	  x0:0x00000000  x0=0x00000000
       87155000	      8616	80006eac	8831	c.andi	x8,12	  x8:0x76b11c6b  x8=0x00000008
       87185000	      8619	80006eae	03fc8833	mul	x16,x25,x31	 x25:0x000055a2 x31:0x5f1f3dc9 x16=0x9148d632
       87195000	      8620	80006eb2	0ff0000f	fence	iorw,iorw	
       87205000	      8621	80006eb6	8ee1	c.and	x13,x8	 x13:0xfa045000  x8:0x00000008 x13=0x00000000
       87215000	      8622	80006eb8	c401	c.beqz	x8,80006ec0	  x8:0x00000008
       87225000	      8623	80006eba	0001	c.addi	x0,0	  x0:0x00000000  x0=0x00000000
       87235000	      8624	80006ebc	0000100f	fence.i	
       87255000	      8626	80006ec0	0744c693	xori	x13,x9,116	  x9:0x80021e64 x13=0x80021e10
       87265000	      8627	80006ec4	9fb6	c.add	x31,x13	 x31:0x5f1f3dc9 x13:0x80021e10 x31=0xdf215bd9
       87275000	      8628	80006ec6	00dce763	bltu	x25,x13,80006ed4	 x25:0x000055a2 x13:0x80021e10
       87295000	      8630	80006ed4	0144a133	slt	x2,x9,x20	  x9:0x80021e64 x20:0xa0e08d16  x2=0x00000001
       87305000	      8631	80006ed8	02326363	bltu	x4,x3,80006efe	  x4:0x3cc8a000  x3:0xa0e08ec3
       87335000	      8634	80006efe	02c9c063	blt	x19,x12,80006f1e	 x19:0xe5639dfc x12:0x2aa58000
       87365000	      8637	80006f1e	68aead13	slti	x26,x29,1674	 x29:0xfff61be0 x26=0x00000001
       87375000	      8638	80006f22	8e45	c.or	x12,x9	 x12:0x2aa58000  x9:0x80021e64 x12=0xaaa79e64
       87385000	      8639	80006f24	8c66	c.mv	x24,x25	  x0:0x00000000 x25:0x000055a2 x24=0x000055a2
       87395000	      8640	80006f26	8911	c.andi	x10,4	 x10:0xcb860910 x10=0x00000000
       87765000	      8677	80006f28	0316dbb3	divu	x23,x13,x17	 x13:0x80021e10 x17:0xa0e08d16 x23=0x00000000
       87775000	      8678	80006f2c	87a1	c.srai	x15,0x8	 x15:0xfffffafd x15=0xfffffffa
       87795000	      8680	80006f2e	03706933	rem	x18,x0,x23	  x0:0x00000000 x23:0x00000000 x18=0x00000000
       87825000	      8683	80006f32	03180433	mul	x8,x16,x17	 x16:0x9148d632 x17:0xa0e08d16  x8=0x45fbf24c
       87835000	      8684	80006f36	0114	c.addi4spn	x13,x2,128	 x13=0x00000081
       87845000	      8685	80006f38	55dba293	slti	x5,x23,1373	 x23:0x00000000  x5=0x00000001
       87855000	      8686	80006f3c	52e32513	slti	x10,x6,1326	  x6:0x00000000 x10=0x00000001
       87865000	      8687	80006f40	6ff9	c.lui	x31,0x1e	 x31=0x0001e000
       87875000	      8688	80006f42	40c60d33	sub	x26,x12,x12	 x12:0xaaa79e64 x12:0xaaa79e64 x26=0x00000000
       87915000	      8692	80006f46	02e11eb3	mulh	x29,x2,x14	  x2:0x00000001 x14:0xfffffa4d x29=0xffffffff
       87925000	      8693	80006f4a	0030cd63	blt	x1,x3,80006f64	  x1:0x72889894  x3:0xa0e08ec3
       87935000	      8694	80006f4e	00451933	sll	x18,x10,x4	 x10:0x00000001  x4:0x3cc8a000 x18=0x00000001
       87945000	      8695	80006f52	015be533	or	x10,x23,x21	 x23:0x00000000 x21:0x00000000 x10=0x00000000
       88315000	      8732	80006f56	02ef7a33	remu	x20,x30,x14	 x30:0x80025ce4 x14:0xfffffa4d x20=0x80025ce4
       88325000	      8733	80006f5a	02de0663	beq	x28,x13,80006f86	 x28:0xa0e08133 x13:0x00000081
       88335000	      8734	80006f5e	41a150b3	sra	x1,x2,x26	  x2:0x00000001 x26:0x00000000  x1=0x00000001
       88345000	      8735	80006f62	0001	c.addi	x0,0	  x0:0x00000000  x0=0x00000000
       88355000	      8736	80006f64	1ffd	c.addi	x31,-1	 x31:0x0001e000 x31=0x0001dfff
       88365000	      8737	80006f66	01c1b6b3	sltu	x13,x3,x28	  x3:0xa0e08ec3 x28:0xa0e08133 x13=0x00000000
       88375000	      8738	80006f6a	0332fa63	bgeu	x5,x19,80006f9e	  x5:0x00000001 x19:0xe5639dfc
       88385000	      8739	80006f6e	8efd	c.and	x13,x15	 x13:0x00000000 x15:0xfffffffa x13=0x00000000
       88395000	      8740	80006f70	83c1	c.srli	x15,0x10	 x15:0xfffffffa x15=0x0000ffff
       88405000	      8741	80006f72	00b0de13	srli	x28,x1,0xb	  x1:0x00000001 x28=0x00000000
       88415000	      8742	80006f76	8ebd	c.xor	x13,x15	 x13:0x00000000 x15:0x0000ffff x13=0x0000ffff
       88425000	      8743	80006f78	6171	c.addi16sp	x2,336	  x2:0x00000001  x2=0x00000151
       88435000	      8744	80006f7a	498dea93	ori	x21,x27,1176	 x27:0xfffff41d x21=0xfffff49d
       88445000	      8745	80006f7e	00b67333	and	x6,x12,x11	 x12:0xaaa79e64 x11:0x894eacb4  x6=0x88068c24
       88475000	      8748	80006f82	02c40833	mul	x16,x8,x12	  x8:0x45fbf24c x12:0xaaa79e64 x16=0x5d898db0
       88495000	      8750	80006f86	037eee33	rem	x28,x29,x23	 x29:0xffffffff x23:0x00000000 x28=0xffffffff
       88535000	      8754	80006f8a	03f1b533	mulhu	x10,x3,x31	  x3:0xa0e08ec3 x31:0x0001dfff x10=0x00012da4
       88545000	      8755	80006f8e	8bb1	c.andi	x15,12	 x15:0x0000ffff x15=0x0000000c
       88555000	      8756	80006f90	8175	c.srli	x10,0x1d	 x10:0x00012da4 x10=0x00000000
       88565000	      8757	80006f92	8e55	c.or	x12,x13	 x12:0xaaa79e64 x13:0x0000ffff x12=0xaaa7ffff
       88575000	      8758	80006f94	03321b63	bne	x4,x19,80006fca	  x4:0x3cc8a000 x19:0xe5639dfc
       88595000	      8760	80006fca	1c7d	c.addi	x24,-1	 x24:0x000055a2 x24=0x000055a1
       88605000	      8761	80006fcc	4048d113	srai	x2,x17,0x4	 x17:0xa0e08d16  x2=0xfa0e08d1
       88615000	      8762	80006fd0	004cdbb3	srl	x23,x25,x4	 x25:0x000055a2  x4:0x3cc8a000 x23=0x000055a2
       88625000	      8763	80006fd4	5afd	c.li	x21,-1	 x21=0xffffffff
       88635000	      8764	80006fd6	01ebf3b3	and	x7,x23,x30	 x23:0x000055a2 x30:0x80025ce4  x7=0x000054a0
       88645000	      8765	80006fda	0001	c.addi	x0,0	  x0:0x00000000  x0=0x00000000
       88655000	      8766	80006fdc	4089	c.li	x1,2	  x1=0x00000002
       88685000	      8769	80006fde	03c40eb3	mul	x29,x8,x28	  x8:0x45fbf24c x28:0xffffffff x29=0xba040db4
       88695000	      8770	80006fe2	00d4c0b3	xor	x1,x9,x13	  x9:0x80021e64 x13:0x0000ffff  x1=0x8002e19b
       88705000	      8771	80006fe6	717d	c.addi16sp	x2,-16	  x2:0xfa0e08d1  x2=0xfa0e08c1
       88715000	      8772	80006fe8	031c	c.addi4spn	x15,x2,384	 x15=0xfa0e0a41
       88755000	      8776	80006fea	03efa833	mulhsu	x16,x31,x30	 x31:0x0001dfff x30:0x80025ce4 x16=0x0000f003
       88765000	      8777	80006fee	00b19e33	sll	x28,x3,x11	  x3:0xa0e08ec3 x11:0x894eacb4 x28=0xec300000
       88775000	      8778	80006ff2	0ff0000f	fence	iorw,iorw	
       88785000	      8779	80006ff6	c209	c.beqz	x12,80006ff8	 x12:0xaaa7ffff
       88795000	      8780	80006ff8	0ff0000f	fence	iorw,iorw	
       88805000	      8781	80006ffc	8699	c.srai	x13,0x6	 x13:0x0000ffff x13=0x000003ff
       88815000	      8782	80006ffe	dd18ea93	ori	x21,x17,-559	 x17:0xa0e08d16 x21=0xfffffdd7
       88825000	      8783	80007002	6a2de437	lui	x8,0x6a2de	  x8=0x6a2de000
       88835000	      8784	80007006	00dd97b3	sll	x15,x27,x13	 x27:0xfffff41d x13:0x000003ff x15=0x80000000
       88845000	      8785	8000700a	41a95713	srai	x14,x18,0x1a	 x18:0x00000001 x14=0x00000000
       88855000	      8786	8000700e	e405	c.bnez	x8,80007036	  x8:0x6a2de000
       88885000	      8789	80007036	84d20b13	addi	x22,x4,-1971	  x4:0x3cc8a000 x22=0x3cc8984d
       88895000	      8790	8000703a	404a8533	sub	x10,x21,x4	 x21:0xfffffdd7  x4:0x3cc8a000 x10=0xc3375dd7
       88905000	      8791	8000703e	009dcfb3	xor	x31,x27,x9	 x27:0xfffff41d  x9:0x80021e64 x31=0x7ffdea79
       88915000	      8792	80007042	0001	c.addi	x0,0	  x0:0x00000000  x0=0x00000000
       88925000	      8793	80007044	0331	c.addi	x6,12	  x6:0x88068c24  x6=0x88068c30
       88935000	      8794	80007046	015d2733	slt	x14,x26,x21	 x26:0x00000000 x21:0xfffffdd7 x14=0x00000000
       88945000	      8795	8000704a	c179c293	xori	x5,x19,-1001	 x19:0xe5639dfc  x5=0x1a9c61eb
       89315000	      8832	8000704e	032cce33	div	x28,x25,x18	 x25:0x000055a2 x18:0x00000001 x28=0x000055a2
       89325000	      8833	80007052	9fda	c.add	x31,x22	 x31:0x7ffdea79 x22:0x3cc8984d x31=0xbcc682c6
       89335000	      8834	80007054	c919	c.beqz	x10,8000706a	 x10:0xc3375dd7
       89705000	      8871	80007056	0353c633	div	x12,x7,x21	  x7:0x000054a0 x21:0xfffffdd7 x12=0xffffffd9
       89715000	      8872	8000705a	013a68b3	or	x17,x20,x19	 x20:0x80025ce4 x19:0xe5639dfc x17=0xe563ddfc
       89735000	      8874	8000705e	02e9c833	div	x16,x19,x14	 x19:0xe5639dfc x14:0x00000000 x16=0xffffffff
       89745000	      8875	80007062	00411793	slli	x15,x2,0x4	  x2:0xfa0e08c1 x15=0xa0e08c10
       89755000	      8876	80007066	006e5863	bge	x28,x6,80007076	 x28:0x000055a2  x6:0x88068c30
       89785000	      8879	80007076	005533b3	sltu	x7,x10,x5	 x10:0xc3375dd7  x5:0x1a9c61eb  x7=0x00000000
       89795000	      8880	8000707a	8ee5	c.and	x13,x9	 x13:0x000003ff  x9:0x80021e64 x13=0x00000264
       89805000	      8881	8000707c	024e4563	blt	x28,x4,800070a6	 x28:0x000055a2  x4:0x3cc8a000
       89825000	      8883	800070a6	8c4d	c.or	x8,x11	  x8:0x6a2de000 x11:0x894eacb4  x8=0xeb6fecb4
       89835000	      8884	800070a8	002a2ab3	slt	x21,x20,x2	 x20:0x80025ce4  x2:0xfa0e08c1 x21=0x00000001
       89845000	      8885	800070ac	01ce5cb3	srl	x25,x28,x28	 x28:0x000055a2 x28:0x000055a2 x25=0x00001568
       89855000	      8886	800070b0	03806b63	bltu	x0,x24,800070e6	  x0:0x00000000 x24:0x000055a1
       89885000	      8889	800070e6	00d67763	bgeu	x12,x13,800070f4	 x12:0xffffffd9 x13:0x00000264
       89905000	      8891	800070f4	8569	c.srai	x10,0x1a	 x10:0xc3375dd7 x10=0xfffffff0
       89915000	      8892	800070f6	0203c163	blt	x7,x0,80007118	  x7:0x00000000  x0:0x00000000
       89925000	      8893	800070fa	920ead93	slti	x27,x29,-1760	 x29:0xba040db4 x27=0x00000001
       89935000	      8894	800070fe	01dab833	sltu	x16,x21,x29	 x21:0x00000001 x29:0xba040db4 x16=0x00000001
       89945000	      8895	80007102	8216	c.mv	x4,x5	  x0:0x00000000  x5:0x1a9c61eb  x4=0x1a9c61eb
       89955000	      8896	80007104	16fd	c.addi	x13,-1	 x13:0x00000264 x13=0x00000263
       89965000	      8897	80007106	e065a013	slti	x0,x11,-506	 x11:0x894eacb4  x0=0x00000000
       89975000	      8898	8000710a	6415	c.lui	x8,0x5	  x8=0x00005000
       89985000	      8899	8000710c	0ff0000f	fence	iorw,iorw	
       90355000	      8936	80007110	02d17933	remu	x18,x2,x13	  x2:0xfa0e08c1 x13:0x00000263 x18=0x00000254
       90725000	      8973	80007114	02fffcb3	remu	x25,x31,x15	 x31:0xbcc682c6 x15:0xa0e08c10 x25=0x1be5f6b6
       90735000	      8974	80007118	0acd	c.addi	x21,19	 x21:0x00000001 x21=0x00000014
       90745000	      8975	8000711a	8f49	c.or	x14,x10	 x14:0x00000000 x10:0xfffffff0 x14=0xfffffff0
       90755000	      8976	8000711c	e291	c.bnez	x13,80007120	 x13:0x00000263
       91135000	      9014	80007120	03b04ab3	div	x21,x0,x27	  x0:0x00000000 x27:0x00000001 x21=0x00000000
       91145000	      9015	80007124	b58c8d93	addi	x27,x25,-1192	 x25:0x1be5f6b6 x27=0x1be5f20e
       91155000	      9016	80007128	03e0d063	bge	x1,x30,80007148	  x1:0x8002e19b x30:0x80025ce4
       91175000	      9018	80007148	003c3bb3	sltu	x23,x24,x3	 x24:0x000055a1  x3:0xa0e08ec3 x23=0x00000001
       91185000	      9019	8000714c	009703b3	add	x7,x14,x9	 x14:0xfffffff0  x9:0x80021e64  x7=0x80021e54
       91225000	      9023	80007150	021c1ab3	mulh	x21,x24,x1	 x24:0x000055a1  x1:0x8002e19b x21=0xffffd530
       91235000	      9024	80007154	09ba	c.slli	x19,0xe	 x19:0xe5639dfc x19=0xe77f0000
       91245000	      9025	80007156	41f7de13	srai	x28,x15,0x1f	 x15:0xa0e08c10 x28=0xffffffff
       91615000	      9062	8000715a	023860b3	rem	x1,x16,x3	 x16:0x00000001  x3:0xa0e08ec3  x1=0x00000001
       91625000	      9063	8000715e	c0884d13	xori	x26,x16,-1016	 x16:0x00000001 x26=0xfffffc09
       91635000	      9064	80007162	02601963	bne	x0,x6,80007194	  x0:0x00000000  x6:0x88068c30
       92015000	      9102	80007194	02ae7433	remu	x8,x28,x10	 x28:0xffffffff x10:0xfffffff0  x8=0x0000000f
       92025000	      9103	80007198	02887c63	bgeu	x16,x8,800071d0	 x16:0x00000001  x8:0x0000000f
       92035000	      9104	8000719c	0a19	c.addi	x20,6	 x20:0x80025ce4 x20=0x80025cea
       92405000	      9141	8000719e	0279e1b3	rem	x3,x19,x7	 x19:0xe77f0000  x7:0x80021e54  x3=0xe77f0000
       92415000	      9142	800071a2	8a45	c.andi	x12,17	 x12:0xffffffd9 x12=0x00000011
       92425000	      9143	800071a4	0001	c.addi	x0,0	  x0:0x00000000  x0=0x00000000
       92435000	      9144	800071a6	8fe5	c.and	x15,x9	 x15:0xa0e08c10  x9:0x80021e64 x15=0x80000c00
       92445000	      9145	800071a8	0000100f	fence.i	
       92465000	      9147	800071ac	01e423b3	slt	x7,x8,x30	  x8:0x0000000f x30:0x80025ce4  x7=0x00000000
       92475000	      9148	800071b0	0284f363	bgeu	x9,x8,800071d6	  x9:0x80021e64  x8:0x0000000f
       92505000	      9151	800071d6	01f91763	bne	x18,x31,800071e4	 x18:0x00000254 x31:0xbcc682c6
       92525000	      9153	800071e4	006b62b3	or	x5,x22,x6	 x22:0x3cc8984d  x6:0x88068c30  x5=0xbcce9c7d
       92535000	      9154	800071e8	41f5d093	srai	x1,x11,0x1f	 x11:0x894eacb4  x1=0xffffffff
       92545000	      9155	800071ec	e009	c.bnez	x8,800071ee	  x8:0x0000000f
       92575000	      9158	800071ee	d3698d17	auipc	x26,0xd3698	 x26=0x5369f1ee
       92585000	      9159	800071f2	0001	c.addi	x0,0	  x0:0x00000000  x0=0x00000000
       92955000	      9196	800071f4	02be6eb3	rem	x29,x28,x11	 x28:0xffffffff x11:0x894eacb4 x29=0xffffffff
       92995000	      9200	800071f8	03f4b733	mulhu	x14,x9,x31	  x9:0x80021e64 x31:0xbcc682c6 x14=0x5e64d159
       93005000	      9201	800071fc	0085ca33	xor	x20,x11,x8	 x11:0x894eacb4  x8:0x0000000f x20=0x894eacbb
       93015000	      9202	80007200	0001	c.addi	x0,0	  x0:0x00000000  x0=0x00000000
       93025000	      9203	80007202	98f2	c.add	x17,x28	 x17:0xe563ddfc x28:0xffffffff x17=0xe563ddfb
       93035000	      9204	80007204	414a5b33	sra	x22,x20,x20	 x20:0x894eacbb x20:0x894eacbb x22=0xfffffff1
       93045000	      9205	80007208	8ea6	c.mv	x29,x9	  x0:0x00000000  x9:0x80021e64 x29=0x80021e64
       93055000	      9206	8000720a	8fe9	c.and	x15,x10	 x15:0x80000c00 x10:0xfffffff0 x15=0x80000c00
       93075000	      9208	8000720c	02785233	divu	x4,x16,x7	 x16:0x00000001  x7:0x00000000  x4=0xffffffff
       93085000	      9209	80007210	8c71	c.and	x8,x12	  x8:0x0000000f x12:0x00000011  x8=0x00000001
       93095000	      9210	80007212	fc853c13	sltiu	x24,x10,-56	 x10:0xfffffff0 x24=0x00000000
       93105000	      9211	80007216	06827013	andi	x0,x4,104	  x4:0xffffffff  x0=0x00000000
       93115000	      9212	8000721a	904af713	andi	x14,x21,-1788	 x21:0xffffd530 x14=0xffffd100
       93125000	      9213	8000721e	00402bb3	slt	x23,x0,x4	  x0:0x00000000  x4:0xffffffff x23=0x00000000
       93135000	      9214	80007222	6905	c.lui	x18,0x1	 x18=0x00001000
       93145000	      9215	80007224	8ee5	c.and	x13,x9	 x13:0x00000263  x9:0x80021e64 x13=0x00000260
       93185000	      9219	80007226	024d10b3	mulh	x1,x26,x4	 x26:0x5369f1ee  x4:0xffffffff  x1=0xffffffff
       93195000	      9220	8000722a	93754c13	xori	x24,x10,-1737	 x10:0xfffffff0 x24=0x000006c7
       93205000	      9221	8000722e	5bf5cc93	xori	x25,x11,1471	 x11:0x894eacb4 x25=0x894ea90b
       93215000	      9222	80007232	8a89	c.andi	x13,2	 x13:0x00000260 x13=0x00000000
       93225000	      9223	80007234	01cd1333	sll	x6,x26,x28	 x26:0x5369f1ee x28:0xffffffff  x6=0x00000000
       93235000	      9224	80007238	d8157993	andi	x19,x10,-639	 x10:0xfffffff0 x19=0xfffffd80
       93245000	      9225	8000723c	8c09	c.sub	x8,x10	  x8:0x00000001 x10:0xfffffff0  x8=0x00000011
       93255000	      9226	8000723e	8e71	c.and	x12,x12	 x12:0x00000011 x12:0x00000011 x12=0x00000011
       93265000	      9227	80007240	018939b3	sltu	x19,x18,x24	 x18:0x00001000 x24:0x000006c7 x19=0x00000000
       93275000	      9228	80007244	8d7d	c.and	x10,x15	 x10:0xfffffff0 x15:0x80000c00 x10=0x80000c00
       93285000	      9229	80007246	93b8e813	ori	x16,x17,-1733	 x17:0xe563ddfb x16=0xfffffdfb
       93295000	      9230	8000724a	8c55	c.or	x8,x13	  x8:0x00000011 x13:0x00000000  x8=0x00000011
       93305000	      9231	8000724c	022bc363	blt	x23,x2,80007272	 x23:0x00000000  x2:0xfa0e08c1
       93315000	      9232	80007250	4118db33	sra	x22,x17,x17	 x17:0xe563ddfb x17:0xe563ddfb x22=0xfffffffc
       93325000	      9233	80007254	717d	c.addi16sp	x2,-16	  x2:0xfa0e08c1  x2=0xfa0e08b1
       93335000	      9234	80007256	cb95	c.beqz	x15,8000728a	 x15:0x80000c00
       93345000	      9235	80007258	b2e42293	slti	x5,x8,-1234	  x8:0x00000011  x5=0x00000000
       93385000	      9239	8000725c	037aba33	mulhu	x20,x21,x23	 x21:0xffffd530 x23:0x00000000 x20=0x00000000
       93395000	      9240	80007260	8c59	c.or	x8,x14	  x8:0x00000011 x14:0xffffd100  x8=0xffffd111
       93405000	      9241	80007262	0ff0000f	fence	iorw,iorw	
       93415000	      9242	80007266	13fd	c.addi	x7,-1	  x7:0x00000000  x7=0xffffffff
       93425000	      9243	80007268	1f80	c.addi4spn	x8,x2,1008	  x8=0xfa0e0ca1
       93435000	      9244	8000726a	0253f513	andi	x10,x7,37	  x7:0xffffffff x10=0x00000025
       93445000	      9245	8000726e	0109	c.addi	x2,2	  x2:0xfa0e08b1  x2=0xfa0e08b3
       93455000	      9246	80007270	60b9	c.lui	x1,0xe	  x1=0x0000e000
       93465000	      9247	80007272	00c16563	bltu	x2,x12,8000727c	  x2:0xfa0e08b3 x12:0x00000011
       93475000	      9248	80007276	022e	c.slli	x4,0xb	  x4:0xffffffff  x4=0xfffff800
       93485000	      9249	80007278	0195d533	srl	x10,x11,x25	 x11:0x894eacb4 x25:0x894ea90b x10=0x001129d5
       93495000	      9250	8000727c	8c7d	c.and	x8,x15	  x8:0xfa0e0ca1 x15:0x80000c00  x8=0x80000c00
       93505000	      9251	8000727e	001a3133	sltu	x2,x20,x1	 x20:0x00000000  x1:0x0000e000  x2=0x00000001
       93515000	      9252	80007282	03199163	bne	x19,x17,800072a4	 x19:0x00000000 x17:0xe563ddfb
       93535000	      9254	800072a4	01f95813	srli	x16,x18,0x1f	 x18:0x00001000 x16=0x00000000
       93545000	      9255	800072a8	01c8eb63	bltu	x17,x28,800072be	 x17:0xe563ddfb x28:0xffffffff
       93575000	      9258	800072be	00379eb3	sll	x29,x15,x3	 x15:0x80000c00  x3:0xe77f0000 x29=0x80000c00
       93585000	      9259	800072c2	0000100f	fence.i	
       93615000	      9262	800072c6	00aaad33	slt	x26,x21,x10	 x21:0xffffd530 x10:0x001129d5 x26=0x00000001
       93655000	      9266	800072ca	028eac33	mulhsu	x24,x29,x8	 x29:0x80000c00  x8:0x80000c00 x24=0xc0000000
       93665000	      9267	800072ce	8ab1	c.andi	x13,12	 x13:0x00000000 x13=0x00000000
       93675000	      9268	800072d0	01fa1db3	sll	x27,x20,x31	 x20:0x00000000 x31:0xbcc682c6 x27=0x00000000
       93685000	      9269	800072d4	0ff0000f	fence	iorw,iorw	
       93695000	      9270	800072d8	01f86433	or	x8,x16,x31	 x16:0x00000000 x31:0xbcc682c6  x8=0xbcc682c6
       93705000	      9271	800072dc	2dde6913	ori	x18,x28,733	 x28:0xffffffff x18=0xffffffff
       93715000	      9272	800072e0	019b7b33	and	x22,x22,x25	 x22:0xfffffffc x25:0x894ea90b x22=0x894ea908
       93725000	      9273	800072e4	8841	c.andi	x8,16	  x8:0xbcc682c6  x8=0x00000000
       93735000	      9274	800072e6	005a66b3	or	x13,x20,x5	 x20:0x00000000  x5:0x00000000 x13=0x00000000
       93745000	      9275	800072ea	b4fa7d37	lui	x26,0xb4fa7	 x26=0xb4fa7000
       93755000	      9276	800072ee	2d7c0813	addi	x16,x24,727	 x24:0xc0000000 x16=0xc00002d7
       93775000	      9278	800072f2	0334e1b3	rem	x3,x9,x19	  x9:0x80021e64 x19:0x00000000  x3=0x80021e64
       94145000	      9315	800072f6	0362fb33	remu	x22,x5,x22	  x5:0x00000000 x22:0x894ea908 x22=0x00000000
       94155000	      9316	800072fa	0001	c.addi	x0,0	  x0:0x00000000  x0=0x00000000
       94165000	      9317	800072fc	f015fa13	andi	x20,x11,-255	 x11:0x894eacb4 x20=0x894eac00
       94175000	      9318	80007300	8789	c.srai	x15,0x2	 x15:0x80000c00 x15=0xe0000300
       94185000	      9319	80007302	4ac1	c.li	x21,16	 x21=0x00000010
       94555000	      9356	80007304	0299eab3	rem	x21,x19,x9	 x19:0x00000000  x9:0x80021e64 x21=0x00000000
       94925000	      9393	80007308	03fe7d33	remu	x26,x28,x31	 x28:0xffffffff x31:0xbcc682c6 x26=0x43397d39
       94935000	      9394	8000730c	05a48193	addi	x3,x9,90	  x9:0x80021e64  x3=0x80021ebe
       94945000	      9395	80007310	0005c663	blt	x11,x0,8000731c	 x11:0x894eacb4  x0:0x00000000
       95325000	      9433	8000731c	030969b3	rem	x19,x18,x16	 x18:0xffffffff x16:0xc00002d7 x19=0xffffffff
       95335000	      9434	80007320	8341	c.srli	x14,0x10	 x14:0xffffd100 x14=0x0000ffff
       95345000	      9435	80007322	0ff0000f	fence	iorw,iorw	
       95355000	      9436	80007326	8d55	c.or	x10,x13	 x10:0x001129d5 x13:0x00000000 x10=0x001129d5
       95365000	      9437	80007328	0ff0000f	fence	iorw,iorw	
       95375000	      9438	8000732c	32e0c917	auipc	x18,0x32e0c	 x18=0xb2e1332c
       95385000	      9439	80007330	01440e33	add	x28,x8,x20	  x8:0x00000000 x20:0x894eac00 x28=0x894eac00
       95395000	      9440	80007334	0652	c.slli	x12,0x14	 x12:0x00000011 x12=0x01100000
       95405000	      9441	80007336	0001	c.addi	x0,0	  x0:0x00000000  x0=0x00000000
       95415000	      9442	80007338	0ff0000f	fence	iorw,iorw	
       95425000	      9443	8000733c	b5a90393	addi	x7,x18,-1190	 x18:0xb2e1332c  x7=0xb2e12e86
       95435000	      9444	80007340	c919	c.beqz	x10,80007356	 x10:0x001129d5
       95475000	      9448	80007342	02ee11b3	mulh	x3,x28,x14	 x28:0x894eac00 x14:0x0000ffff  x3=0xffff894f
       95485000	      9449	80007346	02887a63	bgeu	x16,x8,8000737a	 x16:0xc00002d7  x8:0x00000000
       95505000	      9451	8000737a	8f09	c.sub	x14,x10	 x14:0x0000ffff x10:0x001129d5 x14=0xffefd62a
       95515000	      9452	8000737c	01e8ee33	or	x28,x17,x30	 x17:0xe563ddfb x30:0x80025ce4 x28=0xe563ddff
       95525000	      9453	80007380	82ad	c.srli	x13,0xb	 x13:0x00000000 x13=0x00000000
       95535000	      9454	80007382	046e	c.slli	x8,0x1b	  x8:0x00000000  x8=0x00000000
       95545000	      9455	80007384	014b4f63	blt	x22,x20,800073a2	 x22:0x00000000 x20:0x894eac00
       95555000	      9456	80007388	402b8cb3	sub	x25,x23,x2	 x23:0x00000000  x2:0x00000001 x25=0xffffffff
       95565000	      9457	8000738c	61892893	slti	x17,x18,1560	 x18:0xb2e1332c x17=0x00000001
       95575000	      9458	80007390	03795563	bge	x18,x23,800073ba	 x18:0xb2e1332c x23:0x00000000
       95585000	      9459	80007394	9476	c.add	x8,x29	  x8:0x00000000 x29:0x80000c00  x8=0x80000c00
       95625000	      9463	80007396	02fcaeb3	mulhsu	x29,x25,x15	 x25:0xffffffff x15:0xe0000300 x29=0xffffffff
       95635000	      9464	8000739a	22767c93	andi	x25,x12,551	 x12:0x01100000 x25=0x00000000
       95645000	      9465	8000739e	00cf8433	add	x8,x31,x12	 x31:0xbcc682c6 x12:0x01100000  x8=0xbdd682c6
       95655000	      9466	800073a2	aeaf0b93	addi	x23,x30,-1302	 x30:0x80025ce4 x23=0x800257ce
       95665000	      9467	800073a6	c3d74513	xori	x10,x14,-963	 x14:0xffefd62a x10=0x00102a17
       95675000	      9468	800073aa	0000100f	fence.i	
       95695000	      9470	800073ae	8d5e	c.mv	x26,x23	  x0:0x00000000 x23:0x800257ce x26=0x800257ce
       95735000	      9474	800073b0	03a198b3	mulh	x17,x3,x26	  x3:0xffff894f x26:0x800257ce x17=0x00003b57
       96105000	      9511	800073b4	03f4fe33	remu	x28,x9,x31	  x9:0x80021e64 x31:0xbcc682c6 x28=0x80021e64
       96115000	      9512	800073b8	cc0d	c.beqz	x8,800073f2	  x8:0xbdd682c6
       96125000	      9513	800073ba	ab400317	auipc	x6,0xab400	  x6=0x2b4073ba
       96135000	      9514	800073be	0000100f	fence.i	
       96155000	      9516	800073c2	87dd	c.srai	x15,0x17	 x15:0xe0000300 x15=0xffffffc0
       96165000	      9517	800073c4	00009013	slli	x0,x1,0x0	  x1:0x0000e000  x0=0x00000000
       96175000	      9518	800073c8	9cf2	c.add	x25,x28	 x25:0x00000000 x28:0x80021e64 x25=0x80021e64
       96185000	      9519	800073ca	c419	c.beqz	x8,800073d8	  x8:0xbdd682c6
       96195000	      9520	800073cc	48404c93	xori	x25,x0,1156	  x0:0x00000000 x25=0x00000484
       96205000	      9521	800073d0	019246b3	xor	x13,x4,x25	  x4:0xfffff800 x25:0x00000484 x13=0xfffffc84
       96215000	      9522	800073d4	c44af113	andi	x2,x21,-956	 x21:0x00000000  x2=0x00000000
       96225000	      9523	800073d8	008187b3	add	x15,x3,x8	  x3:0xffff894f  x8:0xbdd682c6 x15=0xbdd60c15
       96235000	      9524	800073dc	0177c533	xor	x10,x15,x23	 x15:0xbdd60c15 x23:0x800257ce x10=0x3dd45bdb
       96245000	      9525	800073e0	01c2bcb3	sltu	x25,x5,x28	  x5:0x00000000 x28:0x80021e64 x25=0x00000001
       96255000	      9526	800073e4	415f5eb3	sra	x29,x30,x21	 x30:0x80025ce4 x21:0x00000000 x29=0x80025ce4
       96295000	      9530	800073e8	0271b7b3	mulhu	x15,x3,x7	  x3:0xffff894f  x7:0xb2e12e86 x15=0xb2e0db96
       96665000	      9567	800073ec	032a46b3	div	x13,x20,x18	 x20:0x894eac00 x18:0xb2e1332c x13=0x00000001
       96675000	      9568	800073f0	8f09	c.sub	x14,x10	 x14:0xffefd62a x10:0x3dd45bdb x14=0xc21b7a4f
       96685000	      9569	800073f2	8149	c.srli	x10,0x12	 x10:0x3dd45bdb x10=0x00000f75
       96695000	      9570	800073f4	0001	c.addi	x0,0	  x0:0x00000000  x0=0x00000000
       96705000	      9571	800073f6	00457eb3	and	x29,x10,x4	 x10:0x00000f75  x4:0xfffff800 x29=0x00000800
       96715000	      9572	800073fa	02b5f863	bgeu	x11,x11,8000742a	 x11:0x894eacb4 x11:0x894eacb4
       96735000	      9574	8000742a	8731	c.srai	x14,0xc	 x14:0xc21b7a4f x14=0xfffc21b7
       96745000	      9575	8000742c	0226	c.slli	x4,0x9	  x4:0xfffff800  x4=0xfff00000
       96755000	      9576	8000742e	56fd	c.li	x13,-1	 x13=0xffffffff
       96765000	      9577	80007430	4fc80e13	addi	x28,x16,1276	 x16:0xc00002d7 x28=0xc00007d3
       96775000	      9578	80007434	02de	c.slli	x5,0x17	  x5:0x00000000  x5=0x00000000
       96815000	      9582	80007436	02f43933	mulhu	x18,x8,x15	  x8:0xbdd682c6 x15:0xb2e0db96 x18=0x84a5e575
       96825000	      9583	8000743a	87d1	c.srai	x15,0x14	 x15:0xb2e0db96 x15=0xfffffb2e
       96835000	      9584	8000743c	42cc0e17	auipc	x28,0x42cc0	 x28=0xc2cc743c
       96845000	      9585	80007440	0117d193	srli	x3,x15,0x11	 x15:0xfffffb2e  x3=0x00007fff
       96885000	      9589	80007444	02a9bab3	mulhu	x21,x19,x10	 x19:0xffffffff x10:0x00000f75 x21=0x00000f74
       96895000	      9590	80007448	8335	c.srli	x14,0xd	 x14:0xfffc21b7 x14=0x0007ffe1
       96905000	      9591	8000744a	40265193	srai	x3,x12,0x2	 x12:0x01100000  x3=0x00440000
       96915000	      9592	8000744e	411a02b3	sub	x5,x20,x17	 x20:0x894eac00 x17:0x00003b57  x5=0x894e70a9
       96925000	      9593	80007452	002a9993	slli	x19,x21,0x2	 x21:0x00000f74 x19=0x00003dd0
       96935000	      9594	80007456	017c8a33	add	x20,x25,x23	 x25:0x00000001 x23:0x800257ce x20=0x800257cf
       96945000	      9595	8000745a	8459	c.srai	x8,0x16	  x8:0xbdd682c6  x8=0xfffffef7
       96955000	      9596	8000745c	e26ab213	sltiu	x4,x21,-474	 x21:0x00000f74  x4=0x00000001
       96995000	      9600	80007460	024e1433	mulh	x8,x28,x4	 x28:0xc2cc743c  x4:0x00000001  x8=0xffffffff
       97005000	      9601	80007464	0000100f	fence.i	
       97025000	      9603	80007468	9e9a	c.add	x29,x6	 x29:0x00000800  x6:0x2b4073ba x29=0x2b407bba
       97035000	      9604	8000746a	0106	c.slli	x2,0x1	  x2:0x00000000  x2=0x00000000
       97045000	      9605	8000746c	f2fc2113	slti	x2,x24,-209	 x24:0xc0000000  x2=0x00000001
       97055000	      9606	80007470	8c79	c.and	x8,x14	  x8:0xffffffff x14:0x0007ffe1  x8=0x0007ffe1
       97085000	      9609	80007472	02f10eb3	mul	x29,x2,x15	  x2:0x00000001 x15:0xfffffb2e x29=0xfffffb2e
       97095000	      9610	80007476	8c09	c.sub	x8,x10	  x8:0x0007ffe1 x10:0x00000f75  x8=0x0007f06c
       97125000	      9613	80007478	02f602b3	mul	x5,x12,x15	 x12:0x01100000 x15:0xfffffb2e  x5=0xe0e00000
       97135000	      9614	8000747c	edb729b7	lui	x19,0xedb72	 x19=0xedb72000
       97145000	      9615	80007480	201d0a13	addi	x20,x26,513	 x26:0x800257ce x20=0x800259cf
       97185000	      9619	80007484	02dda233	mulhsu	x4,x27,x13	 x27:0x00000000 x13:0xffffffff  x4=0x00000000
       97195000	      9620	80007488	800d	c.srli	x8,0x3	  x8:0x0007f06c  x8=0x0000fe0d
       97205000	      9621	8000748a	0001	c.addi	x0,0	  x0:0x00000000  x0=0x00000000
       97215000	      9622	8000748c	0173ee63	bltu	x7,x23,800074a8	  x7:0xb2e12e86 x23:0x800257ce
       97225000	      9623	80007490	93e6	c.add	x7,x25	  x7:0xb2e12e86 x25:0x00000001  x7=0xb2e12e87
       97235000	      9624	80007492	039f5863	bge	x30,x25,800074c2	 x30:0x80025ce4 x25:0x00000001
       97245000	      9625	80007496	04516263	bltu	x2,x5,800074da	  x2:0x00000001  x5:0xe0e00000
       97275000	      9628	800074da	02fe5763	bge	x28,x15,80007508	 x28:0xc2cc743c x15:0xfffffb2e
       97285000	      9629	800074de	0dee	c.slli	x27,0x1b	 x27:0x00000000 x27=0x00000000
       97295000	      9630	800074e0	024e1b63	bne	x28,x4,80007516	 x28:0xc2cc743c  x4:0x00000000
       97315000	      9632	80007516	cc01	c.beqz	x8,8000752e	  x8:0x0000fe0d
       97325000	      9633	80007518	403202b3	sub	x5,x4,x3	  x4:0x00000000  x3:0x00440000  x5=0xffbc0000
       97335000	      9634	8000751c	00197fb3	and	x31,x18,x1	 x18:0x84a5e575  x1:0x0000e000 x31=0x0000e000
       97705000	      9671	80007520	03145e33	divu	x28,x8,x17	  x8:0x0000fe0d x17:0x00003b57 x28=0x00000004
       97715000	      9672	80007524	d141f913	andi	x18,x3,-748	  x3:0x00440000 x18=0x00440000
       97725000	      9673	80007528	8e71	c.and	x12,x12	 x12:0x01100000 x12:0x01100000 x12=0x01100000
       97735000	      9674	8000752a	00a3de33	srl	x28,x7,x10	  x7:0xb2e12e87 x10:0x00000f75 x28=0x00000597
       97775000	      9678	8000752e	02a82db3	mulhsu	x27,x16,x10	 x16:0xc00002d7 x10:0x00000f75 x27=0xfffffc22
       97785000	      9679	80007532	03d29b63	bne	x5,x29,80007568	  x5:0xffbc0000 x29:0xfffffb2e
       97805000	      9681	80007568	cd256213	ori	x4,x10,-814	 x10:0x00000f75  x4=0xfffffff7
       97815000	      9682	8000756c	82b5	c.srli	x13,0xd	 x13:0xffffffff x13=0x0007ffff
       97825000	      9683	8000756e	aa923e93	sltiu	x29,x4,-1367	  x4:0xfffffff7 x29=0x00000000
       97835000	      9684	80007572	0000100f	fence.i	
       97865000	      9687	80007576	02f9e363	bltu	x19,x15,8000759c	 x19:0xedb72000 x15:0xfffffb2e
       97885000	      9689	8000759c	8c09	c.sub	x8,x10	  x8:0x0000fe0d x10:0x00000f75  x8=0x0000ee98
       97895000	      9690	8000759e	6545	c.lui	x10,0x11	 x10=0x00011000
       97905000	      9691	800075a0	011a7663	bgeu	x20,x17,800075ac	 x20:0x800259cf x17:0x00003b57
       97925000	      9693	800075ac	031b1863	bne	x22,x17,800075dc	 x22:0x00000000 x17:0x00003b57
       97945000	      9695	800075dc	002169b3	or	x19,x2,x2	  x2:0x00000001  x2:0x00000001 x19=0x00000001
       97955000	      9696	800075e0	0ff0000f	fence	iorw,iorw	
       97965000	      9697	800075e4	6125	c.addi16sp	x2,96	  x2:0x00000001  x2=0x00000061
       97975000	      9698	800075e6	e40d	c.bnez	x8,80007610	  x8:0x0000ee98
       97995000	      9700	80007610	e800eb17	auipc	x22,0xe800e	 x22=0x68015610
       98005000	      9701	80007614	0001	c.addi	x0,0	  x0:0x00000000  x0=0x00000000
       98015000	      9702	80007616	0189f233	and	x4,x19,x24	 x19:0x00000001 x24:0xc0000000  x4=0x00000000
       98025000	      9703	8000761a	0c36	c.slli	x24,0xd	 x24:0xc0000000 x24=0x00000000
       98035000	      9704	8000761c	0ff0000f	fence	iorw,iorw	
       98405000	      9741	80007620	034d6c33	rem	x24,x26,x20	 x26:0x800257ce x20:0x800259cf x24=0xfffffdff
       98445000	      9745	80007624	03173cb3	mulhu	x25,x14,x17	 x14:0x0007ffe1 x17:0x00003b57 x25=0x00000001
       98455000	      9746	80007628	41cb83b3	sub	x7,x23,x28	 x23:0x800257ce x28:0x00000597  x7=0x80025237
       98465000	      9747	8000762c	03eb0563	beq	x22,x30,80007656	 x22:0x68015610 x30:0x80025ce4
       98475000	      9748	80007630	0048db13	srli	x22,x17,0x4	 x17:0x00003b57 x22=0x000003b5
       98485000	      9749	80007634	00c3b233	sltu	x4,x7,x12	  x7:0x80025237 x12:0x01100000  x4=0x00000000
       98495000	      9750	80007638	0164f933	and	x18,x9,x22	  x9:0x80021e64 x22:0x000003b5 x18=0x00000224
       98505000	      9751	8000763c	8a1d	c.andi	x12,7	 x12:0x01100000 x12=0x00000000
       98515000	      9752	8000763e	0101f463	bgeu	x3,x16,80007646	  x3:0x00440000 x16:0xc00002d7
       98525000	      9753	80007642	c681	c.beqz	x13,8000764a	 x13:0x0007ffff
       98535000	      9754	80007644	635d	c.lui	x6,0x17	  x6=0x00017000
       98545000	      9755	80007646	00458a33	add	x20,x11,x4	 x11:0x894eacb4  x4:0x00000000 x20=0x894eacb4
       98555000	      9756	8000764a	03406963	bltu	x0,x20,8000767c	  x0:0x00000000 x20:0x894eacb4
       98575000	      9758	8000767c	935e	c.add	x6,x23	  x6:0x00017000 x23:0x800257ce  x6=0x8003c7ce
       98585000	      9759	8000767e	016ffcb3	and	x25,x31,x22	 x31:0x0000e000 x22:0x000003b5 x25=0x00000000
       98595000	      9760	80007682	4d3ba093	slti	x1,x23,1235	 x23:0x800257ce  x1=0x00000001
       98605000	      9761	80007686	8ac2	c.mv	x21,x16	  x0:0x00000000 x16:0xc00002d7 x21=0xc00002d7
       98615000	      9762	80007688	008b89b3	add	x19,x23,x8	 x23:0x800257ce  x8:0x0000ee98 x19=0x80034666
       98625000	      9763	8000768c	25fea893	slti	x17,x29,607	 x29:0x00000000 x17=0x00000001
       98635000	      9764	80007690	a5a9a293	slti	x5,x19,-1446	 x19:0x80034666  x5=0x00000001
       98645000	      9765	80007694	000f9193	slli	x3,x31,0x0	 x31:0x0000e000  x3=0x0000e000
       98655000	      9766	80007698	01039833	sll	x16,x7,x16	  x7:0x80025237 x16:0xc00002d7 x16=0x1b800000
       98665000	      9767	8000769c	0000100f	fence.i	
       98685000	      9769	800076a0	01545e63	bge	x8,x21,800076bc	  x8:0x0000ee98 x21:0xc00002d7
       98705000	      9771	800076bc	0001	c.addi	x0,0	  x0:0x00000000  x0=0x00000000
       98715000	      9772	800076be	1c168613	addi	x12,x13,449	 x13:0x0007ffff x12=0x000801c0
       98725000	      9773	800076c2	0bc1	c.addi	x23,16	 x23:0x800257ce x23=0x800257de
       98735000	      9774	800076c4	0ea6	c.slli	x29,0x9	 x29:0x00000000 x29=0x00000000
       98745000	      9775	800076c6	8efe	c.mv	x29,x31	  x0:0x00000000 x31:0x0000e000 x29=0x0000e000
       98755000	      9776	800076c8	8d59	c.or	x10,x14	 x10:0x00011000 x14:0x0007ffe1 x10=0x0007ffe1
       98765000	      9777	800076ca	0146c1b3	xor	x3,x13,x20	 x13:0x0007ffff x20:0x894eacb4  x3=0x8949534b
       98805000	      9781	800076ce	039b1833	mulh	x16,x22,x25	 x22:0x000003b5 x25:0x00000000 x16=0x00000000
       98815000	      9782	800076d2	055a	c.slli	x10,0x16	 x10:0x0007ffe1 x10=0xf8400000
       98825000	      9783	800076d4	e60d	c.bnez	x12,800076fe	 x12:0x000801c0
       98855000	      9786	800076fe	8ae5b517	auipc	x10,0x8ae5b	 x10=0x0ae626fe
       98865000	      9787	80007702	013733b3	sltu	x7,x14,x19	 x14:0x0007ffe1 x19:0x80034666  x7=0x00000001
       98875000	      9788	80007706	a2720637	lui	x12,0xa2720	 x12=0xa2720000
       98885000	      9789	8000770a	6c73e893	ori	x17,x7,1735	  x7:0x00000001 x17=0x000006c7
       98915000	      9792	8000770e	027307b3	mul	x15,x6,x7	  x6:0x8003c7ce  x7:0x00000001 x15=0x8003c7ce
       98925000	      9793	80007712	03ccdf63	bge	x25,x28,80007750	 x25:0x00000000 x28:0x00000597
       98935000	      9794	80007716	0001	c.addi	x0,0	  x0:0x00000000  x0=0x00000000
       98945000	      9795	80007718	00d9d433	srl	x8,x19,x13	 x19:0x80034666 x13:0x0007ffff  x8=0x00000001
       98955000	      9796	8000771c	694d	c.lui	x18,0x13	 x18=0x00013000
       98965000	      9797	8000771e	8761	c.srai	x14,0x18	 x14:0x0007ffe1 x14=0x00000000
       98975000	      9798	80007720	0000100f	fence.i	
       98995000	      9800	80007724	0336	c.slli	x6,0xd	  x6:0x8003c7ce  x6=0x78f9c000
       99005000	      9801	80007726	00470c33	add	x24,x14,x4	 x14:0x00000000  x4:0x00000000 x24=0x00000000
       99015000	      9802	8000772a	417b5d13	srai	x26,x22,0x17	 x22:0x000003b5 x26=0x00000000
       99025000	      9803	8000772e	8b09	c.andi	x14,2	 x14:0x00000000 x14=0x00000000
       99035000	      9804	80007730	0000100f	fence.i	
       99055000	      9806	80007734	2ade7317	auipc	x6,0x2ade7	  x6=0xaadee734
       99065000	      9807	80007738	8f89	c.sub	x15,x10	 x15:0x8003c7ce x10:0x0ae626fe x15=0x751da0d0
       99075000	      9808	8000773a	007c5c33	srl	x24,x24,x7	 x24:0x00000000  x7:0x00000001 x24=0x00000000
       99085000	      9809	8000773e	8259	c.srli	x12,0x16	 x12:0xa2720000 x12=0x00000289
       99095000	      9810	80007740	a277ea97	auipc	x21,0xa277e	 x21=0x22785740
       99105000	      9811	80007744	0170ec63	bltu	x1,x23,8000775c	  x1:0x00000001 x23:0x800257de
       99125000	      9813	8000775c	014b2cb3	slt	x25,x22,x20	 x22:0x000003b5 x20:0x894eacb4 x25=0x00000000
       99135000	      9814	80007760	01b91863	bne	x18,x27,80007770	 x18:0x00013000 x27:0xfffffc22
       99155000	      9816	80007770	8fa9	c.xor	x15,x10	 x15:0x751da0d0 x10:0x0ae626fe x15=0x7ffb862e
       99165000	      9817	80007772	01520e33	add	x28,x4,x21	  x4:0x00000000 x21:0x22785740 x28=0x22785740
       99175000	      9818	80007776	8e99	c.sub	x13,x14	 x13:0x0007ffff x14:0x00000000 x13=0x0007ffff
       99185000	      9819	80007778	00feefb3	or	x31,x29,x15	 x29:0x0000e000 x15:0x7ffb862e x31=0x7ffbe62e
       99195000	      9820	8000777c	e909	c.bnez	x10,8000778e	 x10:0x0ae626fe
       99215000	      9822	8000778e	8c75	c.and	x8,x13	  x8:0x00000001 x13:0x0007ffff  x8=0x00000001
       99255000	      9826	80007790	03f922b3	mulhsu	x5,x18,x31	 x18:0x00013000 x31:0x7ffbe62e  x5=0x000097fb
       99265000	      9827	80007794	8d05	c.sub	x10,x9	 x10:0x0ae626fe  x9:0x80021e64 x10=0x8ae4089a
       99285000	      9829	80007796	03016ab3	rem	x21,x2,x16	  x2:0x00000061 x16:0x00000000 x21=0x00000061
       99295000	      9830	8000779a	0e9c	c.addi4spn	x15,x2,848	 x15=0x000003b1
       99305000	      9831	8000779c	ba064993	xori	x19,x12,-1120	 x12:0x00000289 x19=0xfffff929
       99315000	      9832	800077a0	00992533	slt	x10,x18,x9	 x18:0x00013000  x9:0x80021e64 x10=0x00000000
       99325000	      9833	800077a4	8d0d	c.sub	x10,x11	 x10:0x00000000 x11:0x894eacb4 x10=0x76b1534c
       99335000	      9834	800077a6	8d31	c.xor	x10,x12	 x10:0x76b1534c x12:0x00000289 x10=0x76b151c5
       99345000	      9835	800077a8	8471	c.srai	x8,0x1c	  x8:0x00000001  x8=0x00000000
       99715000	      9872	800077aa	03444cb3	div	x25,x8,x20	  x8:0x00000000 x20:0x894eacb4 x25=0x00000000
       99725000	      9873	800077ae	032eeb63	bltu	x29,x18,800077e4	 x29:0x0000e000 x18:0x00013000
       99745000	      9875	800077e4	01765b13	srli	x22,x12,0x17	 x12:0x00000289 x22=0x00000000
      100115000	      9912	800077e8	02c4da33	divu	x20,x9,x12	  x9:0x80021e64 x12:0x00000289 x20=0x00327e45
      100125000	      9913	800077ec	8179	c.srli	x10,0x1e	 x10:0x76b151c5 x10=0x00000001
      100135000	      9914	800077ee	00935133	srl	x2,x6,x9	  x6:0xaadee734  x9:0x80021e64  x2=0x0aadee73
      100505000	      9951	800077f2	0355ce33	div	x28,x11,x21	 x11:0x894eacb4 x21:0x00000061 x28=0xfec6bfce
      100875000	      9988	800077f6	023dc033	div	x0,x27,x3	 x27:0xfffffc22  x3:0x8949534b  x0=0x00000000
      100885000	      9989	800077fa	0185a0b3	slt	x1,x11,x24	 x11:0x894eacb4 x24:0x00000000  x1=0x00000001
      100895000	      9990	800077fe	0109b933	sltu	x18,x19,x16	 x19:0xfffff929 x16:0x00000000 x18=0x00000000
      100915000	      9992	80007802	02816e33	rem	x28,x2,x8	  x2:0x0aadee73  x8:0x00000000 x28=0x0aadee73
      100925000	      9993	80007806	4235	c.li	x4,13	  x4=0x0000000d
      100935000	      9994	80007808	00df4e33	xor	x28,x30,x13	 x30:0x80025ce4 x13:0x0007ffff x28=0x8005a31b
      100945000	      9995	8000780c	010d6663	bltu	x26,x16,80007818	 x26:0x00000000 x16:0x00000000
      100955000	      9996	80007810	40065893	srai	x17,x12,0x0	 x12:0x00000289 x17=0x00000289
      100965000	      9997	80007814	8605	c.srai	x12,0x1	 x12:0x00000289 x12=0x00000144
      100975000	      9998	80007816	0001	c.addi	x0,0	  x0:0x00000000  x0=0x00000000
      100985000	      9999	80007818	997d	c.andi	x10,-1	 x10:0x00000001 x10=0x00000001
      101025000	     10003	8000781a	03d218b3	mulh	x17,x4,x29	  x4:0x0000000d x29:0x0000e000 x17=0x00000000
      101035000	     10004	8000781e	03cf8d63	beq	x31,x28,80007858	 x31:0x7ffbe62e x28:0x8005a31b
      101045000	     10005	80007822	35566213	ori	x4,x12,853	 x12:0x00000144  x4=0x00000355
      101055000	     10006	80007826	895d	c.andi	x10,23	 x10:0x00000001 x10=0x00000001
      101065000	     10007	80007828	0001f833	and	x16,x3,x0	  x3:0x8949534b  x0:0x00000000 x16=0x00000000
      101075000	     10008	8000782c	ccd45cb7	lui	x25,0xccd45	 x25=0xccd45000
      101085000	     10009	80007830	8bd9	c.andi	x15,22	 x15:0x000003b1 x15=0x00000010
      101095000	     10010	80007832	a09a2d93	slti	x27,x20,-1527	 x20:0x00327e45 x27=0x00000000
      101135000	     10014	80007836	0271b033	mulhu	x0,x3,x7	  x3:0x8949534b  x7:0x00000001  x0=0x00000000
      101175000	     10018	8000783a	03f79833	mulh	x16,x15,x31	 x15:0x00000010 x31:0x7ffbe62e x16=0x00000007
      101185000	     10019	8000783e	00889a33	sll	x20,x17,x8	 x17:0x00000000  x8:0x00000000 x20=0x00000000
      101555000	     10056	80007842	02d6fe33	remu	x28,x13,x13	 x13:0x0007ffff x13:0x0007ffff x28=0x00000000
      101565000	     10057	80007846	a005a337	lui	x6,0xa005a	  x6=0xa005a000
      101575000	     10058	8000784a	cc0d	c.beqz	x8,80007884	  x8:0x00000000
      101595000	     10060	80007884	03701163	bne	x0,x23,800078a6	  x0:0x00000000 x23:0x800257de
      101615000	     10062	800078a6	0001	c.addi	x0,0	  x0:0x00000000  x0=0x00000000
      101625000	     10063	800078a8	e21d	c.bnez	x12,800078ce	 x12:0x00000144
      101655000	     10066	800078ce	02764d63	blt	x12,x7,80007908	 x12:0x00000144  x7:0x00000001
      101665000	     10067	800078d2	01f3c7b3	xor	x15,x7,x31	  x7:0x00000001 x31:0x7ffbe62e x15=0x7ffbe62f
      101675000	     10068	800078d6	00c49433	sll	x8,x9,x12	  x9:0x80021e64 x12:0x00000144  x8=0x0021e640
      101685000	     10069	800078da	0c1c	c.addi4spn	x15,x2,528	 x15=0x0aadf083
      102055000	     10106	800078dc	023e78b3	remu	x17,x28,x3	 x28:0x00000000  x3:0x8949534b x17=0x00000000
      102425000	     10143	800078e0	03d0db33	divu	x22,x1,x29	  x1:0x00000001 x29:0x0000e000 x22=0x00000000
      102435000	     10144	800078e4	6221	c.lui	x4,0x8	  x4=0x00008000
      102445000	     10145	800078e6	6161	c.addi16sp	x2,80	  x2:0x0aadee73  x2=0x0aadeec3
      102455000	     10146	800078e8	d6bbe713	ori	x14,x23,-661	 x23:0x800257de x14=0xffffffff
      102465000	     10147	800078ec	0098eb63	bltu	x17,x9,80007902	 x17:0x00000000  x9:0x80021e64
      102485000	     10149	80007902	8e35	c.xor	x12,x13	 x12:0x00000144 x13:0x0007ffff x12=0x0007febb
      102495000	     10150	80007904	016ef3b3	and	x7,x29,x22	 x29:0x0000e000 x22:0x00000000  x7=0x00000000
      102535000	     10154	80007908	03f4b6b3	mulhu	x13,x9,x31	  x9:0x80021e64 x31:0x7ffbe62e x13=0x3fff0240
      102545000	     10155	8000790c	587d	c.li	x16,-1	 x16=0xffffffff
      102555000	     10156	8000790e	8fc6	c.mv	x31,x17	  x0:0x00000000 x17:0x00000000 x31=0x00000000
      102565000	     10157	80007910	82bd	c.srli	x13,0xf	 x13:0x3fff0240 x13=0x00007ffe
      102575000	     10158	80007912	8261	c.srli	x12,0x18	 x12:0x0007febb x12=0x00000000
      102585000	     10159	80007914	00309533	sll	x10,x1,x3	  x1:0x00000001  x3:0x8949534b x10=0x00000800
      102595000	     10160	80007918	563a6c93	ori	x25,x20,1379	 x20:0x00000000 x25=0x00000563
      102605000	     10161	8000791c	e0b30f93	addi	x31,x6,-501	  x6:0xa005a000 x31=0xa0059e0b
      102615000	     10162	80007920	01f63ab3	sltu	x21,x12,x31	 x12:0x00000000 x31:0xa0059e0b x21=0x00000001
      102625000	     10163	80007924	eb3bb993	sltiu	x19,x23,-333	 x23:0x800257de x19=0x00000001
      102635000	     10164	80007928	c657f213	andi	x4,x15,-923	 x15:0x0aadf083  x4=0x0aadf001
      102645000	     10165	8000792c	b919c793	xori	x15,x19,-1135	 x19:0x00000001 x15=0xfffffb90
      103015000	     10202	80007930	02f5dc33	divu	x24,x11,x15	 x11:0x894eacb4 x15:0xfffffb90 x24=0x00000000
      103025000	     10203	80007934	8fe9	c.and	x15,x10	 x15:0xfffffb90 x10:0x00000800 x15=0x00000800
      103035000	     10204	80007936	41555813	srai	x16,x10,0x15	 x10:0x00000800 x16=0x00000000
      103045000	     10205	8000793a	408783b3	sub	x7,x15,x8	 x15:0x00000800  x8:0x0021e640  x7=0xffde21c0
      103055000	     10206	8000793e	8f95	c.sub	x15,x13	 x15:0x00000800 x13:0x00007ffe x15=0xffff8802
      103065000	     10207	80007940	01394233	xor	x4,x18,x19	 x18:0x00000000 x19:0x00000001  x4=0x00000001
      103075000	     10208	80007944	006b0663	beq	x22,x6,80007950	 x22:0x00000000  x6:0xa005a000
      103085000	     10209	80007948	e3464613	xori	x12,x12,-460	 x12:0x00000000 x12=0xfffffe34
      103095000	     10210	8000794c	41bb0233	sub	x4,x22,x27	 x22:0x00000000 x27:0x00000000  x4=0x00000000
      103105000	     10211	80007950	8ada	c.mv	x21,x22	  x0:0x00000000 x22:0x00000000 x21=0x00000000
      103115000	     10212	80007952	472dad13	slti	x26,x27,1138	 x27:0x00000000 x26=0x00000001
      103125000	     10213	80007956	cde5e893	ori	x17,x11,-802	 x11:0x894eacb4 x17=0xfffffcfe
      103135000	     10214	8000795a	03928863	beq	x5,x25,8000798a	  x5:0x000097fb x25:0x00000563
      103505000	     10251	8000795e	031c5cb3	divu	x25,x24,x17	 x24:0x00000000 x17:0xfffffcfe x25=0x00000000
      103515000	     10252	80007962	48d5	c.li	x17,21	 x17=0x00000015
      103555000	     10256	80007964	0276a333	mulhsu	x6,x13,x7	 x13:0x00007ffe  x7:0xffde21c0  x6=0x00007fed
      103565000	     10257	80007968	8341	c.srli	x14,0x10	 x14:0xffffffff x14=0x0000ffff
      103575000	     10258	8000796a	c0c38193	addi	x3,x7,-1012	  x7:0xffde21c0  x3=0xffde1dcc
      103585000	     10259	8000796e	0021d133	srl	x2,x3,x2	  x3:0xffde1dcc  x2:0x0aadeec3  x2=0x1ffbc3b9
      103595000	     10260	80007972	01959263	bne	x11,x25,80007976	 x11:0x894eacb4 x25:0x00000000
      103615000	     10262	80007976	8f19	c.sub	x14,x14	 x14:0x0000ffff x14:0x0000ffff x14=0x00000000
      103625000	     10263	80007978	0188e733	or	x14,x17,x24	 x17:0x00000015 x24:0x00000000 x14=0x00000015
      103635000	     10264	8000797c	87a9	c.srai	x15,0xa	 x15:0xffff8802 x15=0xffffffe2
      103645000	     10265	8000797e	0000100f	fence.i	
      103665000	     10267	80007982	93f6	c.add	x7,x29	  x7:0xffde21c0 x29:0x0000e000  x7=0xffdf01c0
      103675000	     10268	80007984	9a7d	c.andi	x12,-1	 x12:0xfffffe34 x12=0xfffffe34
      103685000	     10269	80007986	001e99b3	sll	x19,x29,x1	 x29:0x0000e000  x1:0x00000001 x19=0x0001c000
      103695000	     10270	8000798a	987d	c.andi	x8,-1	  x8:0x0021e640  x8=0x0021e640
      103705000	     10271	8000798c	8f79	c.and	x14,x14	 x14:0x00000015 x14:0x00000015 x14=0x00000015
      103715000	     10272	8000798e	01c6e533	or	x10,x13,x28	 x13:0x00007ffe x28:0x00000000 x10=0x00007ffe
      103725000	     10273	80007992	e48e0d93	addi	x27,x28,-440	 x28:0x00000000 x27=0xfffffe48
      103735000	     10274	80007996	821a	c.mv	x4,x6	  x0:0x00000000  x6:0x00007fed  x4=0x00007fed
      103745000	     10275	80007998	01cd2a33	slt	x20,x26,x28	 x26:0x00000001 x28:0x00000000 x20=0x00000000
      103755000	     10276	8000799c	015f80b3	add	x1,x31,x21	 x31:0xa0059e0b x21:0x00000000  x1=0xa0059e0b
      103765000	     10277	800079a0	6131	c.addi16sp	x2,320	  x2:0x1ffbc3b9  x2=0x1ffbc4f9
      103775000	     10278	800079a2	0ff0000f	fence	iorw,iorw	
      103785000	     10279	800079a6	03de	c.slli	x7,0x17	  x7:0xffdf01c0  x7=0xe0000000
      104155000	     10316	800079a8	02a7cbb3	div	x23,x15,x10	 x15:0xffffffe2 x10:0x00007ffe x23=0x00000000
      104165000	     10317	800079ac	0808	c.addi4spn	x10,x2,16	 x10=0x1ffbc509
      104185000	     10319	800079ae	03c1c333	div	x6,x3,x28	  x3:0xffde1dcc x28:0x00000000  x6=0xffffffff
      104195000	     10320	800079b2	016b2cb3	slt	x25,x22,x22	 x22:0x00000000 x22:0x00000000 x25=0x00000000
      104205000	     10321	800079b6	01e2b033	sltu	x0,x5,x30	  x5:0x000097fb x30:0x80025ce4  x0=0x00000000
      104215000	     10322	800079ba	022e	c.slli	x4,0xb	  x4:0x00007fed  x4=0x03ff6800
      104225000	     10323	800079bc	01a7e933	or	x18,x15,x26	 x15:0xffffffe2 x26:0x00000001 x18=0xffffffe3
      104235000	     10324	800079c0	e0dd3693	sltiu	x13,x26,-499	 x26:0x00000001 x13=0x00000001
      104245000	     10325	800079c4	00a55b93	srli	x23,x10,0xa	 x10:0x1ffbc509 x23=0x0007fef1
      104255000	     10326	800079c8	76ea6d93	ori	x27,x20,1902	 x20:0x00000000 x27=0x0000076e
      104265000	     10327	800079cc	02907063	bgeu	x0,x9,800079ec	  x0:0x00000000  x9:0x80021e64
      104275000	     10328	800079d0	0d5e	c.slli	x26,0x17	 x26:0x00000001 x26=0x00800000
      104285000	     10329	800079d2	49edf013	andi	x0,x27,1182	 x27:0x0000076e  x0=0x00000000
      104295000	     10330	800079d6	00499d13	slli	x26,x19,0x4	 x19:0x0001c000 x26=0x001c0000
      104665000	     10367	800079da	0285e233	rem	x4,x11,x8	 x11:0x894eacb4  x8:0x0021e640  x4=0xfff48cb4
      104705000	     10371	800079de	02cba133	mulhsu	x2,x23,x12	 x23:0x0007fef1 x12:0xfffffe34  x2=0x0007fef0
      104715000	     10372	800079e2	9fdb3c93	sltiu	x25,x22,-1539	 x22:0x00000000 x25=0x00000001
      104725000	     10373	800079e6	0134c133	xor	x2,x9,x19	  x9:0x80021e64 x19:0x0001c000  x2=0x8003de64
      104735000	     10374	800079ea	8b29	c.andi	x14,10	 x14:0x00000015 x14=0x00000000
      104745000	     10375	800079ec	853d	c.srai	x10,0xf	 x10:0x1ffbc509 x10=0x00003ff7
      104755000	     10376	800079ee	0001	c.addi	x0,0	  x0:0x00000000  x0=0x00000000
      104765000	     10377	800079f0	0186e8b3	or	x17,x13,x24	 x13:0x00000001 x24:0x00000000 x17=0x00000001
      104775000	     10378	800079f4	41485a13	srai	x20,x16,0x14	 x16:0x00000000 x20=0x00000000
      104785000	     10379	800079f8	01285a93	srli	x21,x16,0x12	 x16:0x00000000 x21=0x00000000
      104795000	     10380	800079fc	0ff0000f	fence	iorw,iorw	
      104805000	     10381	80007a00	0036bb33	sltu	x22,x13,x3	 x13:0x00000001  x3:0xffde1dcc x22=0x00000001
      104815000	     10382	80007a04	1f08	c.addi4spn	x10,x2,944	 x10=0x8003e214
      104825000	     10383	80007a06	03ba1d63	bne	x20,x27,80007a40	 x20:0x00000000 x27:0x0000076e
      104845000	     10385	80007a40	8651	c.srai	x12,0x14	 x12:0xfffffe34 x12=0xffffffff
      104855000	     10386	80007a42	00f1d433	srl	x8,x3,x15	  x3:0xffde1dcc x15:0xffffffe2  x8=0x3ff78773
      104865000	     10387	80007a46	e319	c.bnez	x14,80007a4c	 x14:0x00000000
      104875000	     10388	80007a48	03e89863	bne	x17,x30,80007a78	 x17:0x00000001 x30:0x80025ce4
      104925000	     10393	80007a78	03d638b3	mulhu	x17,x12,x29	 x12:0xffffffff x29:0x0000e000 x17=0x0000dfff
      104935000	     10394	80007a7c	7fba4c13	xori	x24,x20,2043	 x20:0x00000000 x24=0x000007fb
      104945000	     10395	80007a80	fc807f93	andi	x31,x0,-56	  x0:0x00000000 x31=0x00000000
      104955000	     10396	80007a84	034a6263	bltu	x20,x20,80007aa8	 x20:0x00000000 x20:0x00000000
      104965000	     10397	80007a88	01e03133	sltu	x2,x0,x30	  x0:0x00000000 x30:0x80025ce4  x2=0x00000001
      104975000	     10398	80007a8c	815d	c.srli	x10,0x17	 x10:0x8003e214 x10=0x00000100
      104985000	     10399	80007a8e	5974f693	andi	x13,x9,1431	  x9:0x80021e64 x13=0x00000404
      104995000	     10400	80007a92	0000100f	fence.i	
      105025000	     10403	80007a96	03ac4163	blt	x24,x26,80007ab8	 x24:0x000007fb x26:0x001c0000
      105045000	     10405	80007ab8	8d21	c.xor	x10,x8	 x10:0x00000100  x8:0x3ff78773 x10=0x3ff78673
      105055000	     10406	80007aba	0000100f	fence.i	
      105445000	     10445	80007abe	03e14a33	div	x20,x2,x30	  x2:0x00000001 x30:0x80025ce4 x20=0x00000000
      105455000	     10446	80007ac2	0000100f	fence.i	
      105485000	     10449	80007ac6	0000100f	fence.i	
      105515000	     10452	80007aca	983e7513	andi	x10,x28,-1661	 x28:0x00000000 x10=0x00000000
      105525000	     10453	80007ace	01a51993	slli	x19,x10,0x1a	 x10:0x00000000 x19=0x00000000
      105535000	     10454	80007ad2	003ffc33	and	x24,x31,x3	 x31:0x00000000  x3:0xffde1dcc x24=0x00000000
      105545000	     10455	80007ad6	8d65	c.and	x10,x9	 x10:0x00000000  x9:0x80021e64 x10=0x00000000
      105555000	     10456	80007ad8	0ff0000f	fence	iorw,iorw	
      105565000	     10457	80007adc	c61d	c.beqz	x12,80007b0a	 x12:0xffffffff
      105575000	     10458	80007ade	987d	c.andi	x8,-1	  x8:0x3ff78773  x8=0x3ff78773
      105585000	     10459	80007ae0	0027c3b3	xor	x7,x15,x2	 x15:0xffffffe2  x2:0x00000001  x7=0xffffffe3
      105595000	     10460	80007ae4	836d	c.srli	x14,0x1b	 x14:0x00000000 x14=0x00000000
      105605000	     10461	80007ae6	ef05	c.bnez	x14,80007b1e	 x14:0x00000000
      105645000	     10465	80007ae8	032832b3	mulhu	x5,x16,x18	 x16:0x00000000 x18:0xffffffe3  x5=0x00000000
      105655000	     10466	80007aec	0dfe	c.slli	x27,0x1f	 x27:0x0000076e x27=0x00000000
      105695000	     10470	80007aee	034426b3	mulhsu	x13,x8,x20	  x8:0x3ff78773 x20:0x00000000 x13=0x00000000
      105705000	     10471	80007af2	40bbd313	srai	x6,x23,0xb	 x23:0x0007fef1  x6=0x000000ff
      105715000	     10472	80007af6	54a64513	xori	x10,x12,1354	 x12:0xffffffff x10=0xfffffab5
      105725000	     10473	80007afa	013d1363	bne	x26,x19,80007b00	 x26:0x001c0000 x19:0x00000000
      105765000	     10477	80007b00	027f0733	mul	x14,x30,x7	 x30:0x80025ce4  x7:0xffffffe3 x14=0x7fbb7a2c
      105775000	     10478	80007b04	0101d8b3	srl	x17,x3,x16	  x3:0xffde1dcc x16:0x00000000 x17=0xffde1dcc
      105785000	     10479	80007b08	5afd	c.li	x21,-1	 x21=0xffffffff
      105825000	     10483	80007b0a	03983a33	mulhu	x20,x16,x25	 x16:0x00000000 x25:0x00000001 x20=0x00000000
      105835000	     10484	80007b0e	0000100f	fence.i	
      105865000	     10487	80007b12	40a18db3	sub	x27,x3,x10	  x3:0xffde1dcc x10:0xfffffab5 x27=0xffde2317
      105875000	     10488	80007b16	8e31	c.xor	x12,x12	 x12:0xffffffff x12:0xffffffff x12=0x00000000
      105885000	     10489	80007b18	6415	c.lui	x8,0x5	  x8=0x00005000
      105895000	     10490	80007b1a	41938833	sub	x16,x7,x25	  x7:0xffffffe3 x25:0x00000001 x16=0xffffffe2
      105905000	     10491	80007b1e	01b05713	srli	x14,x0,0x1b	  x0:0x00000000 x14=0x00000000
      105945000	     10495	80007b22	0293b533	mulhu	x10,x7,x9	  x7:0xffffffe3  x9:0x80021e64 x10=0x80021e55
      105985000	     10499	80007b26	02699433	mulh	x8,x19,x6	 x19:0x00000000  x6:0x000000ff  x8=0x00000000
      105995000	     10500	80007b2a	0002f1b3	and	x3,x5,x0	  x5:0x00000000  x0:0x00000000  x3=0x00000000
      106005000	     10501	80007b2e	053ccc13	xori	x24,x25,83	 x25:0x00000001 x24=0x00000052
      106015000	     10502	80007b32	40315e33	sra	x28,x2,x3	  x2:0x00000001  x3:0x00000000 x28=0x00000001
      106025000	     10503	80007b36	8695	c.srai	x13,0x5	 x13:0x00000000 x13=0x00000000
      106035000	     10504	80007b38	0067f9b3	and	x19,x15,x6	 x15:0xffffffe2  x6:0x000000ff x19=0x000000e2
      106045000	     10505	80007b3c	40ed	c.li	x1,27	  x1=0x0000001b
      106055000	     10506	80007b3e	01e13033	sltu	x0,x2,x30	  x2:0x00000001 x30:0x80025ce4  x0=0x00000000
      106425000	     10543	80007b42	03c742b3	div	x5,x14,x28	 x14:0x00000000 x28:0x00000001  x5=0x00000000
      106435000	     10544	80007b46	02dac663	blt	x21,x13,80007b72	 x21:0xffffffff x13:0x00000000
      106455000	     10546	80007b72	8846	c.mv	x16,x17	  x0:0x00000000 x17:0xffde1dcc x16=0xffde1dcc
      106465000	     10547	80007b74	cb95	c.beqz	x15,80007ba8	 x15:0xffffffe2
      106475000	     10548	80007b76	41e809b3	sub	x19,x16,x30	 x16:0xffde1dcc x30:0x80025ce4 x19=0x7fdbc0e8
      106485000	     10549	80007b7a	019f8863	beq	x31,x25,80007b8a	 x31:0x00000000 x25:0x00000001
      106495000	     10550	80007b7e	0085d033	srl	x0,x11,x8	 x11:0x894eacb4  x8:0x00000000  x0=0x00000000
      106505000	     10551	80007b82	001bc433	xor	x8,x23,x1	 x23:0x0007fef1  x1:0x0000001b  x8=0x0007feea
      106515000	     10552	80007b86	01bdcb33	xor	x22,x27,x27	 x27:0xffde2317 x27:0xffde2317 x22=0x00000000
      106525000	     10553	80007b8a	1f10	c.addi4spn	x12,x2,944	 x12=0x000003b1
      106535000	     10554	80007b8c	617d	c.addi16sp	x2,496	  x2:0x00000001  x2=0x000001f1
      106545000	     10555	80007b8e	02565763	bge	x12,x5,80007bbc	 x12:0x000003b1  x5:0x00000000
      106565000	     10557	80007bbc	003d9793	slli	x15,x27,0x3	 x27:0xffde2317 x15=0xfef118b8
      106575000	     10558	80007bc0	faacb437	lui	x8,0xfaacb	  x8=0xfaacb000
      106585000	     10559	80007bc4	0001	c.addi	x0,0	  x0:0x00000000  x0=0x00000000
      106595000	     10560	80007bc6	417559b3	sra	x19,x10,x23	 x10:0x80021e55 x23:0x0007fef1 x19=0xffffc001
      106605000	     10561	80007bca	8791	c.srai	x15,0x4	 x15:0xfef118b8 x15=0xffef118b
      106645000	     10565	80007bcc	020317b3	mulh	x15,x6,x0	  x6:0x000000ff  x0:0x00000000 x15=0x00000000
      106655000	     10566	80007bd0	fbe2a0b7	lui	x1,0xfbe2a	  x1=0xfbe2a000
      106665000	     10567	80007bd4	72440a13	addi	x20,x8,1828	  x8:0xfaacb000 x20=0xfaacb724
      106675000	     10568	80007bd8	8d29	c.xor	x10,x10	 x10:0x80021e55 x10:0x80021e55 x10=0x00000000
      106685000	     10569	80007bda	000b6763	bltu	x22,x0,80007be8	 x22:0x00000000  x0:0x00000000
      106695000	     10570	80007bde	8751	c.srai	x14,0x14	 x14:0x00000000 x14=0x00000000
      106705000	     10571	80007be0	017d5d13	srli	x26,x26,0x17	 x26:0x001c0000 x26=0x00000000
      106715000	     10572	80007be4	00635793	srli	x15,x6,0x6	  x6:0x000000ff x15=0x00000003
      106725000	     10573	80007be8	8252	c.mv	x4,x20	  x0:0x00000000 x20:0xfaacb724  x4=0xfaacb724
      106735000	     10574	80007bea	ccc33e93	sltiu	x29,x6,-820	  x6:0x000000ff x29=0x00000001
      106745000	     10575	80007bee	013b0db3	add	x27,x22,x19	 x22:0x00000000 x19:0xffffc001 x27=0xffffc001
      106785000	     10579	80007bf2	024bafb3	mulhsu	x31,x23,x4	 x23:0x0007fef1  x4:0xfaacb724 x31=0x0007d45c
      106795000	     10580	80007bf6	02316c63	bltu	x2,x3,80007c2e	  x2:0x000001f1  x3:0x00000000
      107165000	     10617	80007bfa	035aefb3	rem	x31,x21,x21	 x21:0xffffffff x21:0xffffffff x31=0x00000000
      107175000	     10618	80007bfe	0001	c.addi	x0,0	  x0:0x00000000  x0=0x00000000
      107185000	     10619	80007c00	00984833	xor	x16,x16,x9	 x16:0xffde1dcc  x9:0x80021e64 x16=0x7fdc03a8
      107195000	     10620	80007c04	0151a633	slt	x12,x3,x21	  x3:0x00000000 x21:0xffffffff x12=0x00000000
      107205000	     10621	80007c08	0764c563	blt	x9,x22,80007c72	  x9:0x80021e64 x22:0x00000000
      107225000	     10623	80007c72	0d46	c.slli	x26,0x11	 x26:0x00000000 x26=0x00000000
      107235000	     10624	80007c74	b286a913	slti	x18,x13,-1240	 x13:0x00000000 x18=0x00000000
      107245000	     10625	80007c78	8946	c.mv	x18,x17	  x0:0x00000000 x17:0xffde1dcc x18=0xffde1dcc
      107255000	     10626	80007c7a	8d15	c.sub	x10,x13	 x10:0x00000000 x13:0x00000000 x10=0x00000000
      107265000	     10627	80007c7c	0000100f	fence.i	
      107285000	     10629	80007c80	6cf3af93	slti	x31,x7,1743	  x7:0xffffffe3 x31=0x00000001
      107295000	     10630	80007c84	60f5	c.lui	x1,0x1d	  x1=0x0001d000
      107305000	     10631	80007c86	010d4ab3	xor	x21,x26,x16	 x26:0x00000000 x16:0x7fdc03a8 x21=0x7fdc03a8
      107315000	     10632	80007c8a	014eb7b3	sltu	x15,x29,x20	 x29:0x00000001 x20:0xfaacb724 x15=0x00000001
      107325000	     10633	80007c8e	844a	c.mv	x8,x18	  x0:0x00000000 x18:0xffde1dcc  x8=0xffde1dcc
      107335000	     10634	80007c90	00d51913	slli	x18,x10,0xd	 x10:0x00000000 x18=0x00000000
      107355000	     10636	80007c94	02de72b3	remu	x5,x28,x13	 x28:0x00000001 x13:0x00000000  x5=0x00000001
      107365000	     10637	80007c98	f5a0d197	auipc	x3,0xf5a0d	  x3=0x75a14c98
      107375000	     10638	80007c9c	8e4d	c.or	x12,x11	 x12:0x00000000 x11:0x894eacb4 x12=0x894eacb4
      107385000	     10639	80007c9e	03b28163	beq	x5,x27,80007cc0	  x5:0x00000001 x27:0xffffc001
      107395000	     10640	80007ca2	fa957c13	andi	x24,x10,-87	 x10:0x00000000 x24=0x00000000
      107435000	     10644	80007ca6	0221b133	mulhu	x2,x3,x2	  x3:0x75a14c98  x2:0x000001f1  x2=0x000000e4
      107445000	     10645	80007caa	0ff0000f	fence	iorw,iorw	
      107815000	     10682	80007cae	0358eeb3	rem	x29,x17,x21	 x17:0xffde1dcc x21:0x7fdc03a8 x29=0xffde1dcc
      107825000	     10683	80007cb2	8ec5	c.or	x13,x9	 x13:0x00000000  x9:0x80021e64 x13=0x80021e64
      107835000	     10684	80007cb4	598f6e93	ori	x29,x30,1432	 x30:0x80025ce4 x29=0x80025dfc
      107845000	     10685	80007cb8	008c43b3	xor	x7,x24,x8	 x24:0x00000000  x8:0xffde1dcc  x7=0xffde1dcc
      107855000	     10686	80007cbc	037d1163	bne	x26,x23,80007cde	 x26:0x00000000 x23:0x0007fef1
      107885000	     10689	80007cde	00278cb3	add	x25,x15,x2	 x15:0x00000001  x2:0x000000e4 x25=0x000000e5
      107895000	     10690	80007ce2	00641f63	bne	x8,x6,80007d00	  x8:0xffde1dcc  x6:0x000000ff
      107915000	     10692	80007d00	419d59b3	sra	x19,x26,x25	 x26:0x00000000 x25:0x000000e5 x19=0x00000000
      107925000	     10693	80007d04	868ba513	slti	x10,x23,-1944	 x23:0x0007fef1 x10=0x00000000
      107935000	     10694	80007d08	018f6263	bltu	x30,x24,80007d0c	 x30:0x80025ce4 x24:0x00000000
      107945000	     10695	80007d0c	0002efb3	or	x31,x5,x0	  x5:0x00000001  x0:0x00000000 x31=0x00000001
      107955000	     10696	80007d10	009f7db3	and	x27,x30,x9	 x30:0x80025ce4  x9:0x80021e64 x27=0x80021c64
      107965000	     10697	80007d14	8bfd	c.andi	x15,31	 x15:0x00000001 x15=0x00000001
      107975000	     10698	80007d16	0079c6b3	xor	x13,x19,x7	 x19:0x00000000  x7:0xffde1dcc x13=0xffde1dcc
      107985000	     10699	80007d1a	005869b3	or	x19,x16,x5	 x16:0x7fdc03a8  x5:0x00000001 x19=0x7fdc03a9
      107995000	     10700	80007d1e	0ff0000f	fence	iorw,iorw	
      108025000	     10703	80007d22	02ff0133	mul	x2,x30,x15	 x30:0x80025ce4 x15:0x00000001  x2=0x80025ce4
      108035000	     10704	80007d26	6c79	c.lui	x24,0x1e	 x24=0x0001e000
      108045000	     10705	80007d28	4c3d	c.li	x24,15	 x24=0x0000000f
      108085000	     10709	80007d2a	02251b33	mulh	x22,x10,x2	 x10:0x00000000  x2:0x80025ce4 x22=0x00000000
      108095000	     10710	80007d2e	8f59	c.or	x14,x14	 x14:0x00000000 x14:0x00000000 x14=0x00000000
      108105000	     10711	80007d30	8639	c.srai	x12,0xe	 x12:0x894eacb4 x12=0xfffe253a
      108115000	     10712	80007d32	020e	c.slli	x4,0x3	  x4:0xfaacb724  x4=0xd565b920
      108485000	     10749	80007d34	02dae333	rem	x6,x21,x13	 x21:0x7fdc03a8 x13:0xffde1dcc  x6=0x00007370
      108495000	     10750	80007d38	3b042337	lui	x6,0x3b042	  x6=0x3b042000
      108505000	     10751	80007d3c	9dea	c.add	x27,x26	 x27:0x80021c64 x26:0x00000000 x27=0x80021c64
      108515000	     10752	80007d3e	51342213	slti	x4,x8,1299	  x8:0xffde1dcc  x4=0x00000001
      108525000	     10753	80007d42	824d	c.srli	x12,0x13	 x12:0xfffe253a x12=0x00001fff
      108535000	     10754	80007d44	40b88933	sub	x18,x17,x11	 x17:0xffde1dcc x11:0x894eacb4 x18=0x768f7118
      108545000	     10755	80007d48	9b3a	c.add	x22,x14	 x22:0x00000000 x14:0x00000000 x22=0x00000000
      108555000	     10756	80007d4a	c7b1f713	andi	x14,x3,-901	  x3:0x75a14c98 x14=0x75a14c18
      108565000	     10757	80007d4e	8fdd	c.or	x15,x15	 x15:0x00000001 x15:0x00000001 x15=0x00000001
      108575000	     10758	80007d50	c709	c.beqz	x14,80007d5a	 x14:0x75a14c18
      108585000	     10759	80007d52	8121	c.srli	x10,0x8	 x10:0x00000000 x10=0x00000000
      108595000	     10760	80007d54	ee15	c.bnez	x12,80007d90	 x12:0x00001fff
      108615000	     10762	80007d90	79de6737	lui	x14,0x79de6	 x14=0x79de6000
      108625000	     10763	80007d94	001a7f63	bgeu	x20,x1,80007db2	 x20:0xfaacb724  x1:0x0001d000
      108675000	     10768	80007db2	024d8d33	mul	x26,x27,x4	 x27:0x80021c64  x4:0x00000001 x26=0x80021c64
      108685000	     10769	80007db6	8c6d	c.and	x8,x11	  x8:0xffde1dcc x11:0x894eacb4  x8=0x894e0c84
      108695000	     10770	80007db8	4106d533	sra	x10,x13,x16	 x13:0xffde1dcc x16:0x7fdc03a8 x10=0xffffde1d
      108725000	     10773	80007dbc	02eb8733	mul	x14,x23,x14	 x23:0x0007fef1 x14:0x79de6000 x14=0xfd986000
      108735000	     10774	80007dc0	86f6	c.mv	x13,x29	  x0:0x00000000 x29:0x80025dfc x13=0x80025dfc
      108745000	     10775	80007dc2	01143633	sltu	x12,x8,x17	  x8:0x894e0c84 x17:0xffde1dcc x12=0x00000001
      108755000	     10776	80007dc6	eb48ee93	ori	x29,x17,-332	 x17:0xffde1dcc x29=0xfffffffc
      108765000	     10777	80007dca	0001	c.addi	x0,0	  x0:0x00000000  x0=0x00000000
      108775000	     10778	80007dcc	00715963	bge	x2,x7,80007dde	  x2:0x80025ce4  x7:0xffde1dcc
      108785000	     10779	80007dd0	39923893	sltiu	x17,x4,921	  x4:0x00000001 x17=0x00000001
      108795000	     10780	80007dd4	e391	c.bnez	x15,80007dd8	 x15:0x00000001
      108845000	     10785	80007dd8	02c121b3	mulhsu	x3,x2,x12	  x2:0x80025ce4 x12:0x00000001  x3=0xffffffff
      108855000	     10786	80007ddc	8f2d	c.xor	x14,x11	 x14:0xfd986000 x11:0x894eacb4 x14=0x74d6ccb4
      108895000	     10790	80007dde	02903d33	mulhu	x26,x0,x9	  x0:0x00000000  x9:0x80021e64 x26=0x00000000
      108905000	     10791	80007de2	8f99	c.sub	x15,x14	 x15:0x00000001 x14:0x74d6ccb4 x15=0x8b29334d
      108915000	     10792	80007de4	00749633	sll	x12,x9,x7	  x9:0x80021e64  x7:0xffde1dcc x12=0x21e64000
      108925000	     10793	80007de8	00001c17	auipc	x24,0x1	 x24=0x80008de8
      108935000	     10794	80007dec	b7ec0c13	addi	x24,x24,-1154	 x24:0x80008de8 x24=0x80008966
      108945000	     10795	80007df0	00761013	slli	x0,x12,0x7	 x12:0x21e64000  x0=0x00000000
      108955000	     10796	80007df4	7c362093	slti	x1,x12,1987	 x12:0x21e64000  x1=0x00000000
      108965000	     10797	80007df8	002f7433	and	x8,x30,x2	 x30:0x80025ce4  x2:0x80025ce4  x8=0x80025ce4
      108975000	     10798	80007dfc	0080a0b3	slt	x1,x1,x8	  x1:0x00000000  x8:0x80025ce4  x1=0x00000000
      109345000	     10835	80007e00	02b3f1b3	remu	x3,x7,x11	  x7:0xffde1dcc x11:0x894eacb4  x3=0x768f7118
      109355000	     10836	80007e04	1c8c0c13	addi	x24,x24,456	 x24:0x80008966 x24=0x80008b2e
      109365000	     10837	80007e08	00108233	add	x4,x1,x1	  x1:0x00000000  x1:0x00000000  x4=0x00000000
      109385000	     10839	80007e0c	03ad7333	remu	x6,x26,x26	 x26:0x00000000 x26:0x00000000  x6=0x00000000
      109395000	     10840	80007e10	171c	c.addi4spn	x15,x2,928	 x15=0x80026084
      109405000	     10841	80007e12	01e40533	add	x10,x8,x30	  x8:0x80025ce4 x30:0x80025ce4 x10=0x0004b9c8
      109415000	     10842	80007e16	e39c0767	jalr	x14,-455(x24)	 x24:0x80008b2e x14=0x80007e1a
      109435000	     10844	80008966	14a1	c.addi	x9,-24	  x9:0x80021e64  x9=0x80021e4c
      109475000	     10848	80008968	028aa833	mulhsu	x16,x21,x8	 x21:0x7fdc03a8  x8:0x80025ce4 x16=0x3fef2ff0
      109485000	     10849	8000896c	86ad	c.srai	x13,0xb	 x13:0x80025dfc x13=0xfff0004b
      109525000	     10853	8000896e	02943b33	mulhu	x22,x8,x9	  x8:0x80025ce4  x9:0x80021e4c x22=0x40023d9d
      109535000	     10854	80008972	c0d8	c.sw	x14,4(x9)	  x9:0x80021e4c x14:0x80007e1a PA:0x80021e50 store:0x80007e1a load:0x00000000
      109545000	     10855	80008974	6f99	c.lui	x31,0x6	 x31=0x00006000
      109555000	     10856	80008976	8e75	c.and	x12,x13	 x12:0x21e64000 x13:0xfff0004b x12=0x21e00000
      109565000	     10857	80008978	412a8933	sub	x18,x21,x18	 x21:0x7fdc03a8 x18:0x768f7118 x18=0x094c9290
      109575000	     10858	8000897c	8c39	c.xor	x8,x14	  x8:0x80025ce4 x14:0x80007e1a  x8=0x000222fe
      109585000	     10859	8000897e	1eb85d97	auipc	x27,0x1eb85	 x27=0x9eb8d97e
      109595000	     10860	80008982	1f08	c.addi4spn	x10,x2,944	 x10=0x80026094
      109605000	     10861	80008984	973e	c.add	x14,x15	 x14:0x80007e1a x15:0x80026084 x14=0x0002de9e
      109975000	     10898	80008986	036bd8b3	divu	x17,x23,x22	 x23:0x0007fef1 x22:0x40023d9d x17=0x00000000
      109985000	     10899	8000898a	00e69463	bne	x13,x14,80008992	 x13:0xfff0004b x14:0x0002de9e
      110375000	     10938	80008992	02a446b3	div	x13,x8,x10	  x8:0x000222fe x10:0x80026094 x13=0x00000000
      110385000	     10939	80008996	ca01	c.beqz	x12,800089a6	 x12:0x21e00000
      110395000	     10940	80008998	0001	c.addi	x0,0	  x0:0x00000000  x0=0x00000000
      110405000	     10941	8000899a	03846963	bltu	x8,x24,800089cc	  x8:0x000222fe x24:0x80008b2e
      110425000	     10943	800089cc	00859ab3	sll	x21,x11,x8	 x11:0x894eacb4  x8:0x000222fe x21=0x00000000
      110465000	     10947	800089d0	02bf2e33	mulhsu	x28,x30,x11	 x30:0x80025ce4 x11:0x894eacb4 x28=0xbb59ee15
      110505000	     10951	800089d4	0215b8b3	mulhu	x17,x11,x1	 x11:0x894eacb4  x1:0x00000000 x17=0x00000000
      110515000	     10952	800089d8	6dddec97	auipc	x25,0x6ddde	 x25=0xedde69d8
      110525000	     10953	800089dc	0e36	c.slli	x28,0xd	 x28:0xbb59ee15 x28=0x3dc2a000
      110895000	     10990	800089de	02a36b33	rem	x22,x6,x10	  x6:0x00000000 x10:0x80026094 x22=0x00000000
      110905000	     10991	800089e2	01185513	srli	x10,x16,0x11	 x16:0x3fef2ff0 x10=0x00001ff7
      110915000	     10992	800089e6	01373cb3	sltu	x25,x14,x19	 x14:0x0002de9e x19:0x7fdc03a9 x25=0x00000001
      110925000	     10993	800089ea	00ca2ab3	slt	x21,x20,x12	 x20:0xfaacb724 x12:0x21e00000 x21=0x00000001
      110935000	     10994	800089ee	8e89	c.sub	x13,x10	 x13:0x00000000 x10:0x00001ff7 x13=0xffffe009
      110945000	     10995	800089f0	01616e63	bltu	x2,x22,80008a0c	  x2:0x80025ce4 x22:0x00000000
      110955000	     10996	800089f4	01f70633	add	x12,x14,x31	 x14:0x0002de9e x31:0x00006000 x12=0x00033e9e
      110965000	     10997	800089f8	56e77e97	auipc	x29,0x56e77	 x29=0xd6e7f9f8
      110975000	     10998	800089fc	0508	c.addi4spn	x10,x2,640	 x10=0x80025f64
      110985000	     10999	800089fe	44ac2413	slti	x8,x24,1098	 x24:0x80008b2e  x8=0x00000001
      110995000	     11000	80008a02	50fd	c.li	x1,-1	  x1=0xffffffff
      111005000	     11001	80008a04	00de6bb3	or	x23,x28,x13	 x28:0x3dc2a000 x13:0xffffe009 x23=0xffffe009
      111015000	     11002	80008a08	99a44513	xori	x10,x8,-1638	  x8:0x00000001 x10=0xfffff99b
      111025000	     11003	80008a0c	01c412b3	sll	x5,x8,x28	  x8:0x00000001 x28:0x3dc2a000  x5=0x00000001
      111035000	     11004	80008a10	012e	c.slli	x2,0xb	  x2:0x80025ce4  x2=0x12e72000
      111045000	     11005	80008a12	033b5663	bge	x22,x19,80008a3e	 x22:0x00000000 x19:0x7fdc03a9
      111055000	     11006	80008a16	40f5	c.li	x1,29	  x1=0x0000001d
      111065000	     11007	80008a18	005120b3	slt	x1,x2,x5	  x2:0x12e72000  x5:0x00000001  x1=0x00000000
      111105000	     11011	80008a1c	02f4a733	mulhsu	x14,x9,x15	  x9:0x80021e4c x15:0x80026084 x14=0xbfffdee9
      111115000	     11012	80008a20	1e10	c.addi4spn	x12,x2,816	 x12=0x12e72330
      111125000	     11013	80008a22	0310	c.addi4spn	x12,x2,384	 x12=0x12e72180
      111145000	     11015	80008a24	0319d833	divu	x16,x19,x17	 x19:0x7fdc03a9 x17:0x00000000 x16=0xffffffff
      111515000	     11052	80008a28	023c5bb3	divu	x23,x24,x3	 x24:0x80008b2e  x3:0x768f7118 x23=0x00000001
      111535000	     11054	80008a2c	0361e433	rem	x8,x3,x22	  x3:0x768f7118 x22:0x00000000  x8=0x768f7118
      111545000	     11055	80008a30	0001	c.addi	x0,0	  x0:0x00000000  x0=0x00000000
      111555000	     11056	80008a32	0069fe33	and	x28,x19,x6	 x19:0x7fdc03a9  x6:0x00000000 x28=0x00000000
      111565000	     11057	80008a36	01d40db3	add	x27,x8,x29	  x8:0x768f7118 x29:0xd6e7f9f8 x27=0x4d776b10
      111575000	     11058	80008a3a	cb99	c.beqz	x15,80008a50	 x15:0x80026084
      111585000	     11059	80008a3c	1ffd	c.addi	x31,-1	 x31:0x00006000 x31=0x00005fff
      111595000	     11060	80008a3e	0000100f	fence.i	
      111635000	     11064	80008a42	036b7233	remu	x4,x22,x22	 x22:0x00000000 x22:0x00000000  x4=0x00000000
      111645000	     11065	80008a46	003db7b3	sltu	x15,x27,x3	 x27:0x4d776b10  x3:0x768f7118 x15=0x00000001
      111655000	     11066	80008a4a	00c5db63	bge	x11,x12,80008a60	 x11:0x894eacb4 x12:0x12e72180
      111665000	     11067	80008a4e	6aa9	c.lui	x21,0xa	 x21=0x0000a000
      111675000	     11068	80008a50	6fd08c97	auipc	x25,0x6fd08	 x25=0xefd10a50
      111685000	     11069	80008a54	003d70b3	and	x1,x26,x3	 x26:0x00000000  x3:0x768f7118  x1=0x00000000
      111695000	     11070	80008a58	4125d213	srai	x4,x11,0x12	 x11:0x894eacb4  x4=0xffffe253
      111705000	     11071	80008a5c	00a00d63	beq	x0,x10,80008a76	  x0:0x00000000 x10:0xfffff99b
      111735000	     11074	80008a60	03cc08b3	mul	x17,x24,x28	 x24:0x80008b2e x28:0x00000000 x17=0x00000000
      111745000	     11075	80008a64	03195e63	bge	x18,x17,80008aa0	 x18:0x094c9290 x17:0x00000000
      111765000	     11077	80008aa0	5dac7d93	andi	x27,x24,1498	 x24:0x80008b2e x27=0x0000010a
      111775000	     11078	80008aa4	0cf2	c.slli	x25,0x1c	 x25:0xefd10a50 x25=0x00000000
      111785000	     11079	80008aa6	000b7333	and	x6,x22,x0	 x22:0x00000000  x0:0x00000000  x6=0x00000000
      111795000	     11080	80008aaa	0001	c.addi	x0,0	  x0:0x00000000  x0=0x00000000
      111805000	     11081	80008aac	01871093	slli	x1,x14,0x18	 x14:0xbfffdee9  x1=0xe9000000
      111815000	     11082	80008ab0	03d9ec63	bltu	x19,x29,80008ae8	 x19:0x7fdc03a9 x29:0xd6e7f9f8
      111835000	     11084	80008ae8	e719	c.bnez	x14,80008af6	 x14:0xbfffdee9
      111855000	     11086	80008af6	8fad	c.xor	x15,x11	 x15:0x00000001 x11:0x894eacb4 x15=0x894eacb5
      111865000	     11087	80008af8	9a7d	c.andi	x12,-1	 x12:0x12e72180 x12=0x12e72180
      111875000	     11088	80008afa	c239	c.beqz	x12,80008b40	 x12:0x12e72180
      112245000	     11125	80008afc	0358ca33	div	x20,x17,x21	 x17:0x00000000 x21:0x0000a000 x20=0x00000000
      112255000	     11126	80008b00	35708517	auipc	x10,0x35708	 x10=0xb5710b00
      112265000	     11127	80008b04	8442	c.mv	x8,x16	  x0:0x00000000 x16:0xffffffff  x8=0xffffffff
      112275000	     11128	80008b06	418b5033	sra	x0,x22,x24	 x22:0x00000000 x24:0x80008b2e  x0=0x00000000
      112285000	     11129	80008b0a	00455b63	bge	x10,x4,80008b20	 x10:0xb5710b00  x4:0xffffe253
      112295000	     11130	80008b0e	8c4d	c.or	x8,x11	  x8:0xffffffff x11:0x894eacb4  x8=0xffffffff
      112305000	     11131	80008b10	0001	c.addi	x0,0	  x0:0x00000000  x0=0x00000000
      112315000	     11132	80008b12	717d	c.addi16sp	x2,-16	  x2:0x12e72000  x2=0x12e71ff0
      112325000	     11133	80008b14	0ea52713	slti	x14,x10,234	 x10:0xb5710b00 x14=0x00000001
      112355000	     11136	80008b18	025b02b3	mul	x5,x22,x5	 x22:0x00000000  x5:0x00000001  x5=0x00000000
      112365000	     11137	80008b1c	4194dc93	srai	x25,x9,0x19	  x9:0x80021e4c x25=0xffffffc0
      112375000	     11138	80008b20	01ead8b3	srl	x17,x21,x30	 x21:0x0000a000 x30:0x80025ce4 x17=0x00000a00
      112415000	     11142	80008b24	03692db3	mulhsu	x27,x18,x22	 x18:0x094c9290 x22:0x00000000 x27=0x00000000
      112425000	     11143	80008b28	003168b3	or	x17,x2,x3	  x2:0x12e71ff0  x3:0x768f7118 x17=0x76ef7ff8
      112435000	     11144	80008b2c	00d408b3	add	x17,x8,x13	  x8:0xffffffff x13:0xffffe009 x17=0xffffe008
      112475000	     11148	80008b30	03a73133	mulhu	x2,x14,x26	 x14:0x00000001 x26:0x00000000  x2=0x00000000
      112485000	     11149	80008b34	01e650b3	srl	x1,x12,x30	 x12:0x12e72180 x30:0x80025ce4  x1=0x012e7218
      112495000	     11150	80008b38	41e407b3	sub	x15,x8,x30	  x8:0xffffffff x30:0x80025ce4 x15=0x7ffda31b
      112865000	     11187	80008b3c	03797cb3	remu	x25,x18,x23	 x18:0x094c9290 x23:0x00000001 x25=0x00000000
      112885000	     11189	80008b40	03cf71b3	remu	x3,x30,x28	 x30:0x80025ce4 x28:0x00000000  x3=0x80025ce4
      112895000	     11190	80008b44	717d	c.addi16sp	x2,-16	  x2:0x00000000  x2=0xfffffff0
      112905000	     11191	80008b46	8539	c.srai	x10,0xe	 x10:0xb5710b00 x10=0xfffed5c4
      112915000	     11192	80008b48	01eb77b3	and	x15,x22,x30	 x22:0x00000000 x30:0x80025ce4 x15=0x00000000
      113285000	     11229	80008b4c	0319f7b3	remu	x15,x19,x17	 x19:0x7fdc03a9 x17:0xffffe008 x15=0x7fdc03a9
      113295000	     11230	80008b50	8d75	c.and	x10,x13	 x10:0xfffed5c4 x13:0xffffe009 x10=0xfffec000
      113305000	     11231	80008b52	6115	c.addi16sp	x2,288	  x2:0xfffffff0  x2=0x00000110
      113315000	     11232	80008b54	40a90733	sub	x14,x18,x10	 x18:0x094c9290 x10:0xfffec000 x14=0x094dd290
      113325000	     11233	80008b58	0169d463	bge	x19,x22,80008b60	 x19:0x7fdc03a9 x22:0x00000000
      113345000	     11235	80008b60	005d41b3	xor	x3,x26,x5	 x26:0x00000000  x5:0x00000000  x3=0x00000000
      113355000	     11236	80008b64	017a	c.slli	x2,0x1e	  x2:0x00000110  x2=0x00000000
      113365000	     11237	80008b66	8e71	c.and	x12,x12	 x12:0x12e72180 x12:0x12e72180 x12=0x12e72180
      113735000	     11274	80008b68	02da4333	div	x6,x20,x13	 x20:0x00000000 x13:0xffffe009  x6=0x00000000
      113765000	     11277	80008b6c	02ef0333	mul	x6,x30,x14	 x30:0x80025ce4 x14:0x094dd290  x6=0xe61b4840
      113775000	     11278	80008b70	02ce8a63	beq	x29,x12,80008ba4	 x29:0xd6e7f9f8 x12:0x12e72180
      113785000	     11279	80008b74	4067d513	srai	x10,x15,0x6	 x15:0x7fdc03a9 x10=0x01ff700e
      113795000	     11280	80008b78	d3606393	ori	x7,x0,-714	  x0:0x00000000  x7=0xfffffd36
      113805000	     11281	80008b7c	ea0d	c.bnez	x12,80008bae	 x12:0x12e72180
      113825000	     11283	80008bae	8fa1	c.xor	x15,x8	 x15:0x7fdc03a9  x8:0xffffffff x15=0x8023fc56
      113855000	     11286	80008bb0	03850133	mul	x2,x10,x24	 x10:0x01ff700e x24:0x80008b2e  x2=0x0dbdbc84
      113865000	     11287	80008bb4	fbdbef93	ori	x31,x23,-67	 x23:0x00000001 x31=0xffffffbd
      113875000	     11288	80008bb8	876a	c.mv	x14,x26	  x0:0x00000000 x26:0x00000000 x14=0x00000000
      113885000	     11289	80008bba	eb19	c.bnez	x14,80008bd0	 x14:0x00000000
      113895000	     11290	80008bbc	015f8c63	beq	x31,x21,80008bd4	 x31:0xffffffbd x21:0x0000a000
      113905000	     11291	80008bc0	41f75d33	sra	x26,x14,x31	 x14:0x00000000 x31:0xffffffbd x26=0x00000000
      113915000	     11292	80008bc4	0079e733	or	x14,x19,x7	 x19:0x7fdc03a9  x7:0xfffffd36 x14=0xffffffbf
      113925000	     11293	80008bc8	41d152b3	sra	x5,x2,x29	  x2:0x0dbdbc84 x29:0xd6e7f9f8  x5=0x0000000d
      113935000	     11294	80008bcc	010e6cb3	or	x25,x28,x16	 x28:0x00000000 x16:0xffffffff x25=0xffffffff
      113945000	     11295	80008bd0	40ae5ab3	sra	x21,x28,x10	 x28:0x00000000 x10:0x01ff700e x21=0x00000000
      113955000	     11296	80008bd4	b9cca913	slti	x18,x25,-1124	 x25:0xffffffff x18=0x00000000
      113965000	     11297	80008bd8	b9abc893	xori	x17,x23,-1126	 x23:0x00000001 x17=0xfffffb9b
      113975000	     11298	80008bdc	03a75e63	bge	x14,x26,80008c18	 x14:0xffffffbf x26:0x00000000
      113985000	     11299	80008be0	0a4a	c.slli	x20,0x12	 x20:0x00000000 x20=0x00000000
      113995000	     11300	80008be2	03a5	c.addi	x7,9	  x7:0xfffffd36  x7=0xfffffd3f
      114005000	     11301	80008be4	0013d793	srli	x15,x7,0x1	  x7:0xfffffd3f x15=0x7ffffe9f
      114015000	     11302	80008be8	031d7163	bgeu	x26,x17,80008c0a	 x26:0x00000000 x17:0xfffffb9b
      114025000	     11303	80008bec	8d15	c.sub	x10,x13	 x10:0x01ff700e x13:0xffffe009 x10=0x01ff9005
      114035000	     11304	80008bee	950eb513	sltiu	x10,x29,-1712	 x29:0xd6e7f9f8 x10=0x00000001
      114045000	     11305	80008bf2	de15eab7	lui	x21,0xde15e	 x21=0xde15e000
      114085000	     11309	80008bf6	03bfb033	mulhu	x0,x31,x27	 x31:0xffffffbd x27:0x00000000  x0=0x00000000
      114095000	     11310	80008bfa	d7d82093	slti	x1,x16,-643	 x16:0xffffffff  x1=0x00000000
      114105000	     11311	80008bfe	00cbe2b3	or	x5,x23,x12	 x23:0x00000001 x12:0x12e72180  x5=0x12e72181
      114115000	     11312	80008c02	0001	c.addi	x0,0	  x0:0x00000000  x0=0x00000000
      114125000	     11313	80008c04	9572	c.add	x10,x28	 x10:0x00000001 x28:0x00000000 x10=0x00000001
      114135000	     11314	80008c06	ef1d	c.bnez	x14,80008c44	 x14:0xffffffbf
      114155000	     11316	80008c44	8ffd	c.and	x15,x15	 x15:0x7ffffe9f x15:0x7ffffe9f x15=0x7ffffe9f
      114165000	     11317	80008c46	b8c86393	ori	x7,x16,-1140	 x16:0xffffffff  x7=0xffffffff
      114175000	     11318	80008c4a	0103b013	sltiu	x0,x7,16	  x7:0xffffffff  x0=0x00000000
      114185000	     11319	80008c4e	8eb5	c.xor	x13,x13	 x13:0xffffe009 x13:0xffffe009 x13=0x00000000
      114195000	     11320	80008c50	8577b513	sltiu	x10,x15,-1961	 x15:0x7ffffe9f x10=0x00000001
      114205000	     11321	80008c54	0001	c.addi	x0,0	  x0:0x00000000  x0=0x00000000
      114215000	     11322	80008c56	9efe	c.add	x29,x31	 x29:0xd6e7f9f8 x31:0xffffffbd x29=0xd6e7f9b5
      114225000	     11323	80008c58	0001	c.addi	x0,0	  x0:0x00000000  x0=0x00000000
      114235000	     11324	80008c5a	8c1d	c.sub	x8,x15	  x8:0xffffffff x15:0x7ffffe9f  x8=0x80000160
      114245000	     11325	80008c5c	344acd13	xori	x26,x21,836	 x21:0xde15e000 x26=0xde15e344
      114255000	     11326	80008c60	0a5e	c.slli	x20,0x17	 x20:0x00000000 x20=0x00000000
      114265000	     11327	80008c62	3ea36213	ori	x4,x6,1002	  x6:0xe61b4840  x4=0xe61b4bea
      114275000	     11328	80008c66	1200	c.addi4spn	x8,x2,288	  x8=0x0dbdbda4
      114285000	     11329	80008c68	41e25393	srai	x7,x4,0x1e	  x4:0xe61b4bea  x7=0xffffffff
      114655000	     11366	80008c6c	03105bb3	divu	x23,x0,x17	  x0:0x00000000 x17:0xfffffb9b x23=0x00000000
      114695000	     11370	80008c70	03faaa33	mulhsu	x20,x21,x31	 x21:0xde15e000 x31:0xffffffbd x20=0xde15e008
      114705000	     11371	80008c74	40d8	c.lw	x14,4(x9)	  x9:0x80021e4c x14=0x80007e1a PA:0x80021e50 load:0x80007e1a
      114715000	     11372	80008c76	016c5d33	srl	x26,x24,x22	 x24:0x80008b2e x22:0x00000000 x26=0x80008b2e
      114725000	     11373	80008c7a	83b5	c.srli	x15,0xd	 x15:0x7ffffe9f x15=0x0003ffff
      114735000	     11374	80008c7c	6c71	c.lui	x24,0x1c	 x24=0x0001c000
      114745000	     11375	80008c7e	0ff0000f	fence	iorw,iorw	
      114755000	     11376	80008c82	04e1	c.addi	x9,24	  x9:0x80021e4c  x9=0x80021e64
      114765000	     11377	80008c84	93de	c.add	x7,x23	  x7:0xffffffff x23:0x00000000  x7=0xffffffff
      114775000	     11378	80008c86	8c51	c.or	x8,x12	  x8:0x0dbdbda4 x12:0x12e72180  x8=0x1fffbda4
      114785000	     11379	80008c88	00170293	addi	x5,x14,1	 x14:0x80007e1a  x5=0x80007e1b
      114795000	     11380	80008c8c	000282e7	jalr	x5,0(x5)	  x5:0x80007e1b  x5=0x80008c90
      114815000	     11382	80007e1a	1f14	c.addi4spn	x13,x2,944	 x13=0x0dbdc034
      114825000	     11383	80007e1c	10de3293	sltiu	x5,x28,269	 x28:0x00000000  x5=0x00000001
      114835000	     11384	80007e20	0001	c.addi	x0,0	  x0:0x00000000  x0=0x00000000
      114845000	     11385	80007e22	d95bc437	lui	x8,0xd95bc	  x8=0xd95bc000
      114855000	     11386	80007e26	0ff0000f	fence	iorw,iorw	
      114865000	     11387	80007e2a	c799	c.beqz	x15,80007e38	 x15:0x0003ffff
      114875000	     11388	80007e2c	415c5d33	sra	x26,x24,x21	 x24:0x0001c000 x21:0xde15e000 x26=0x0001c000
      114885000	     11389	80007e30	01324ab3	xor	x21,x4,x19	  x4:0xe61b4bea x19:0x7fdc03a9 x21=0x99c74843
      114895000	     11390	80007e34	0000100f	fence.i	
      114915000	     11392	80007e38	8ab1c093	xori	x1,x3,-1877	  x3:0x00000000  x1=0xfffff8ab
      114955000	     11396	80007e3c	02579433	mulh	x8,x15,x5	 x15:0x0003ffff  x5:0x00000001  x8=0x00000000
      114965000	     11397	80007e40	00c61113	slli	x2,x12,0xc	 x12:0x12e72180  x2=0x72180000
      114975000	     11398	80007e44	01881bb3	sll	x23,x16,x24	 x16:0xffffffff x24:0x0001c000 x23=0xffffffff
      114985000	     11399	80007e48	0062b6b3	sltu	x13,x5,x6	  x5:0x00000001  x6:0xe61b4840 x13=0x00000001
      114995000	     11400	80007e4c	857a	c.mv	x10,x30	  x0:0x00000000 x30:0x80025ce4 x10=0x80025ce4
      115005000	     11401	80007e4e	8e41	c.or	x12,x8	 x12:0x12e72180  x8:0x00000000 x12=0x12e72180
      115015000	     11402	80007e50	9422	c.add	x8,x8	  x8:0x00000000  x8:0x00000000  x8=0x00000000
      115025000	     11403	80007e52	cd15	c.beqz	x10,80007e8e	 x10:0x80025ce4
      115035000	     11404	80007e54	6cf1	c.lui	x25,0x1c	 x25=0x0001c000
      115075000	     11408	80007e56	02402db3	mulhsu	x27,x0,x4	  x0:0x00000000  x4:0xe61b4bea x27=0x00000000
      115085000	     11409	80007e5a	8ef5	c.and	x13,x13	 x13:0x00000001 x13:0x00000001 x13=0x00000001
      115095000	     11410	80007e5c	00662933	slt	x18,x12,x6	 x12:0x12e72180  x6:0xe61b4840 x18=0x00000000
      115105000	     11411	80007e60	0001	c.addi	x0,0	  x0:0x00000000  x0=0x00000000
      115125000	     11413	80007e62	03c3e7b3	rem	x15,x7,x28	  x7:0xffffffff x28:0x00000000 x15=0xffffffff
      115135000	     11414	80007e66	411687b3	sub	x15,x13,x17	 x13:0x00000001 x17:0xfffffb9b x15=0x00000466
      115145000	     11415	80007e6a	0c504d13	xori	x26,x0,197	  x0:0x00000000 x26=0x000000c5
      115155000	     11416	80007e6e	cb15	c.beqz	x14,80007ea2	 x14:0x80007e1a
      115165000	     11417	80007e70	0001	c.addi	x0,0	  x0:0x00000000  x0=0x00000000
      115175000	     11418	80007e72	0055f9b3	and	x19,x11,x5	 x11:0x894eacb4  x5:0x00000001 x19=0x00000000
      115185000	     11419	80007e76	00d51433	sll	x8,x10,x13	 x10:0x80025ce4 x13:0x00000001  x8=0x0004b9c8
      115195000	     11420	80007e7a	c681	c.beqz	x13,80007e82	 x13:0x00000001
      115205000	     11421	80007e7c	5afd	c.li	x21,-1	 x21=0xffffffff
      115215000	     11422	80007e7e	00adcf63	blt	x27,x10,80007e9c	 x27:0x00000000 x10:0x80025ce4
      115225000	     11423	80007e82	8ae1	c.andi	x13,24	 x13:0x00000001 x13=0x00000000
      115235000	     11424	80007e84	6f9d	c.lui	x31,0x7	 x31=0x00007000
      115245000	     11425	80007e86	010b3633	sltu	x12,x22,x16	 x22:0x00000000 x16:0xffffffff x12=0x00000001
      115255000	     11426	80007e8a	03771b63	bne	x14,x23,80007ec0	 x14:0x80007e1a x23:0xffffffff
      115275000	     11428	80007ec0	02a66d63	bltu	x12,x10,80007efa	 x12:0x00000001 x10:0x80025ce4
      115305000	     11431	80007efa	012ca333	slt	x6,x25,x18	 x25:0x0001c000 x18:0x00000000  x6=0x00000000
      115315000	     11432	80007efe	e29d	c.bnez	x13,80007f24	 x13:0x00000000
      115325000	     11433	80007f00	0024d413	srli	x8,x9,0x2	  x9:0x80021e64  x8=0x20008799
      115335000	     11434	80007f04	01d683b3	add	x7,x13,x29	 x13:0x00000000 x29:0xd6e7f9b5  x7=0xd6e7f9b5
      115345000	     11435	80007f08	0002d993	srli	x19,x5,0x0	  x5:0x00000001 x19=0x00000001
      115355000	     11436	80007f0c	003a8cb3	add	x25,x21,x3	 x21:0xffffffff  x3:0x00000000 x25=0xffffffff
      115365000	     11437	80007f10	33577613	andi	x12,x14,821	 x14:0x80007e1a x12=0x00000210
      115375000	     11438	80007f14	003af833	and	x16,x21,x3	 x21:0xffffffff  x3:0x00000000 x16=0x00000000
      115385000	     11439	80007f18	37317b13	andi	x22,x2,883	  x2:0x72180000 x22=0x00000000
      115395000	     11440	80007f1c	418f0db3	sub	x27,x30,x24	 x30:0x80025ce4 x24:0x0001c000 x27=0x80009ce4
      115405000	     11441	80007f20	0ff0000f	fence	iorw,iorw	
      115415000	     11442	80007f24	022ae063	bltu	x21,x2,80007f44	 x21:0xffffffff  x2:0x72180000
      115425000	     11443	80007f28	00356ab3	or	x21,x10,x3	 x10:0x80025ce4  x3:0x00000000 x21=0x80025ce4
      115435000	     11444	80007f2c	e689	c.bnez	x13,80007f36	 x13:0x00000000
      115445000	     11445	80007f2e	8a69	c.andi	x12,26	 x12:0x00000210 x12=0x00000010
      115455000	     11446	80007f30	40ba8bb3	sub	x23,x21,x11	 x21:0x80025ce4 x11:0x894eacb4 x23=0xf6b3b030
      115465000	     11447	80007f34	8d35	c.xor	x10,x13	 x10:0x80025ce4 x13:0x00000000 x10=0x80025ce4
      115475000	     11448	80007f36	919a	c.add	x3,x6	  x3:0x00000000  x6:0x00000000  x3=0x00000000
      115485000	     11449	80007f38	001c29b3	slt	x19,x24,x1	 x24:0x0001c000  x1:0xfffff8ab x19=0x00000000
      115495000	     11450	80007f3c	3a91b837	lui	x16,0x3a91b	 x16=0x3a91b000
      115505000	     11451	80007f40	bd6a7113	andi	x2,x20,-1066	 x20:0xde15e008  x2=0xde15e000
      115515000	     11452	80007f44	8a12	c.mv	x20,x4	  x0:0x00000000  x4:0xe61b4bea x20=0xe61b4bea
      115525000	     11453	80007f46	587d	c.li	x16,-1	 x16=0xffffffff
      115535000	     11454	80007f48	00445693	srli	x13,x8,0x4	  x8:0x20008799 x13=0x02000879
      115545000	     11455	80007f4c	0000100f	fence.i	
      115595000	     11460	80007f50	02ac9e33	mulh	x28,x25,x10	 x25:0xffffffff x10:0x80025ce4 x28=0x00000000
      115605000	     11461	80007f54	0129b7b3	sltu	x15,x19,x18	 x19:0x00000000 x18:0x00000000 x15=0x00000000
      115615000	     11462	80007f58	9fb2	c.add	x31,x12	 x31:0x00007000 x12:0x00000010 x31=0x00007010
      115625000	     11463	80007f5a	9a4c2cb7	lui	x25,0x9a4c2	 x25=0x9a4c2000
      115635000	     11464	80007f5e	8fa9	c.xor	x15,x10	 x15:0x00000000 x10:0x80025ce4 x15=0x80025ce4
      115645000	     11465	80007f60	002937b3	sltu	x15,x18,x2	 x18:0x00000000  x2:0xde15e000 x15=0x00000001
      115655000	     11466	80007f64	17daa313	slti	x6,x21,381	 x21:0x80025ce4  x6=0x00000001
      115665000	     11467	80007f68	009e8533	add	x10,x29,x9	 x29:0xd6e7f9b5  x9:0x80021e64 x10=0x56ea1819
      115705000	     11471	80007f6c	024e3c33	mulhu	x24,x28,x4	 x28:0x00000000  x4:0xe61b4bea x24=0x00000000
      115715000	     11472	80007f70	0001	c.addi	x0,0	  x0:0x00000000  x0=0x00000000
      115725000	     11473	80007f72	00b297b3	sll	x15,x5,x11	  x5:0x00000001 x11:0x894eacb4 x15=0x00100000
      115735000	     11474	80007f76	01e28d33	add	x26,x5,x30	  x5:0x00000001 x30:0x80025ce4 x26=0x80025ce5
      115745000	     11475	80007f7a	b71112b7	lui	x5,0xb7111	  x5=0xb7111000
      115755000	     11476	80007f7e	5d1c9a97	auipc	x21,0x5d1c9	 x21=0xdd1d0f7e
      115765000	     11477	80007f82	02997863	bgeu	x18,x9,80007fb2	 x18:0x00000000  x9:0x80021e64
      115785000	     11479	80007f86	0363cb33	div	x22,x7,x22	  x7:0xd6e7f9b5 x22:0x00000000 x22=0xffffffff
      116155000	     11516	80007f8a	02d3d9b3	divu	x19,x7,x13	  x7:0xd6e7f9b5 x13:0x02000879 x19=0x0000006b
      116165000	     11517	80007f8e	99bf2213	slti	x4,x30,-1637	 x30:0x80025ce4  x4=0x00000001
      116175000	     11518	80007f92	17fd	c.addi	x15,-1	 x15:0x00100000 x15=0x000fffff
      116185000	     11519	80007f94	0ff0000f	fence	iorw,iorw	
      116195000	     11520	80007f98	a5a42c97	auipc	x25,0xa5a42	 x25=0x25a49f98
      116205000	     11521	80007f9c	717d	c.addi16sp	x2,-16	  x2:0xde15e000  x2=0xde15dff0
      116215000	     11522	80007f9e	1d910713	addi	x14,x2,473	  x2:0xde15dff0 x14=0xde15e1c9
      116225000	     11523	80007fa2	02b70263	beq	x14,x11,80007fc6	 x14:0xde15e1c9 x11:0x894eacb4
      116235000	     11524	80007fa6	0ff0000f	fence	iorw,iorw	
      116245000	     11525	80007faa	0000100f	fence.i	
      116305000	     11531	80007fae	03e0b933	mulhu	x18,x1,x30	  x1:0xfffff8ab x30:0x80025ce4 x18=0x80025939
      116315000	     11532	80007fb2	19290613	addi	x12,x18,402	 x18:0x80025939 x12=0x80025acb
      116685000	     11569	80007fb6	025d6433	rem	x8,x26,x5	 x26:0x80025ce5  x5:0xb7111000  x8=0xc8f14ce5
      117055000	     11606	80007fba	0219f7b3	remu	x15,x19,x1	 x19:0x0000006b  x1:0xfffff8ab x15=0x0000006b
      117065000	     11607	80007fbe	cb9d	c.beqz	x15,80007ff4	 x15:0x0000006b
      117075000	     11608	80007fc0	00720863	beq	x4,x7,80007fd0	  x4:0x00000001  x7:0xd6e7f9b5
      117085000	     11609	80007fc4	0001	c.addi	x0,0	  x0:0x00000000  x0=0x00000000
      117095000	     11610	80007fc6	0ff0000f	fence	iorw,iorw	
      117105000	     11611	80007fca	012deab3	or	x21,x27,x18	 x27:0x80009ce4 x18:0x80025939 x21=0x8002ddfd
      117115000	     11612	80007fce	02c6	c.slli	x5,0x11	  x5:0xb7111000  x5=0x20000000
      117125000	     11613	80007fd0	91a2	c.add	x3,x8	  x3:0x00000000  x8:0xc8f14ce5  x3=0xc8f14ce5
      117135000	     11614	80007fd2	0000100f	fence.i	
      117165000	     11617	80007fd6	00611233	sll	x4,x2,x6	  x2:0xde15dff0  x6:0x00000001  x4=0xbc2bbfe0
      117175000	     11618	80007fda	0e08	c.addi4spn	x10,x2,784	 x10=0xde15e300
      117185000	     11619	80007fdc	0001	c.addi	x0,0	  x0:0x00000000  x0=0x00000000
      117195000	     11620	80007fde	40b0d733	sra	x14,x1,x11	  x1:0xfffff8ab x11:0x894eacb4 x14=0xffffffff
      117205000	     11621	80007fe2	00866ab3	or	x21,x12,x8	 x12:0x80025acb  x8:0xc8f14ce5 x21=0xc8f35eef
      117215000	     11622	80007fe6	01dcd263	bge	x25,x29,80007fea	 x25:0x25a49f98 x29:0xd6e7f9b5
      117245000	     11625	80007fea	0ff0000f	fence	iorw,iorw	
      117255000	     11626	80007fee	0001	c.addi	x0,0	  x0:0x00000000  x0=0x00000000
      117285000	     11629	80007ff0	036b0cb3	mul	x25,x22,x22	 x22:0xffffffff x22:0xffffffff x25=0x00000001
      117305000	     11631	80007ff4	020f7db3	remu	x27,x30,x0	 x30:0x80025ce4  x0:0x00000000 x27=0x80025ce4
      117315000	     11632	80007ff8	018a8fb3	add	x31,x21,x24	 x21:0xc8f35eef x24:0x00000000 x31=0xc8f35eef
      117325000	     11633	80007ffc	1190	c.addi4spn	x12,x2,224	 x12=0xde15e0d0
      117335000	     11634	80007ffe	00c393b3	sll	x7,x7,x12	  x7:0xd6e7f9b5 x12:0xde15e0d0  x7=0xf9b50000
      117375000	     11638	80008002	03aea3b3	mulhsu	x7,x29,x26	 x29:0xd6e7f9b5 x26:0x80025ce5  x7=0xeb739bc1
      117415000	     11642	80008006	03689e33	mulh	x28,x17,x22	 x17:0xfffffb9b x22:0xffffffff x28=0x00000000
      117425000	     11643	8000800a	00d62db3	slt	x27,x12,x13	 x12:0xde15e0d0 x13:0x02000879 x27=0x00000001
      117435000	     11644	8000800e	ef143a17	auipc	x20,0xef143	 x20=0x6f14b00e
      117475000	     11648	80008012	021aa333	mulhsu	x6,x21,x1	 x21:0xc8f35eef  x1:0xfffff8ab  x6=0xc8f36082
      117485000	     11649	80008016	0149f233	and	x4,x19,x20	 x19:0x0000006b x20:0x6f14b00e  x4=0x0000000a
      117855000	     11686	8000801a	02c14733	div	x14,x2,x12	  x2:0xde15dff0 x12:0xde15e0d0 x14=0x00000001
      118225000	     11723	8000801e	03e67933	remu	x18,x12,x30	 x12:0xde15e0d0 x30:0x80025ce4 x18=0x5e1383ec
      118235000	     11724	80008022	411f5cb3	sra	x25,x30,x17	 x30:0x80025ce4 x17:0xfffffb9b x25=0xfffffff0
      118245000	     11725	80008026	0001	c.addi	x0,0	  x0:0x00000000  x0=0x00000000
      118255000	     11726	80008028	ae842613	slti	x12,x8,-1304	  x8:0xc8f14ce5 x12=0x00000001
      118265000	     11727	8000802c	0001	c.addi	x0,0	  x0:0x00000000  x0=0x00000000
      118275000	     11728	8000802e	1598	c.addi4spn	x14,x2,736	 x14=0xde15e2d0
      118285000	     11729	80008030	fd37f193	andi	x3,x15,-45	 x15:0x0000006b  x3=0x00000043
      118295000	     11730	80008034	002dd3b3	srl	x7,x27,x2	 x27:0x00000001  x2:0xde15dff0  x7=0x00000000
      118305000	     11731	80008038	cd328b93	addi	x23,x5,-813	  x5:0x20000000 x23=0x1ffffcd3
      118315000	     11732	8000803c	fe477313	andi	x6,x14,-28	 x14:0xde15e2d0  x6=0xde15e2c0
      118325000	     11733	80008040	02be	c.slli	x5,0xf	  x5:0x20000000  x5=0x00000000
      118335000	     11734	80008042	027bee63	bltu	x23,x7,8000807e	 x23:0x1ffffcd3  x7:0x00000000
      118345000	     11735	80008046	8ea9	c.xor	x13,x10	 x13:0x02000879 x10:0xde15e300 x13=0xdc15eb79
      118355000	     11736	80008048	0083aab3	slt	x21,x7,x8	  x7:0x00000000  x8:0xc8f14ce5 x21=0x00000000
      118365000	     11737	8000804c	01cc33b3	sltu	x7,x24,x28	 x24:0x00000000 x28:0x00000000  x7=0x00000000
      118375000	     11738	80008050	00929793	slli	x15,x5,0x9	  x5:0x00000000 x15=0x00000000
      118385000	     11739	80008054	0136ec33	or	x24,x13,x19	 x13:0xdc15eb79 x19:0x0000006b x24=0xdc15eb7b
      118395000	     11740	80008058	40838433	sub	x8,x7,x8	  x7:0x00000000  x8:0xc8f14ce5  x8=0x370eb31b
      118405000	     11741	8000805c	c325b413	sltiu	x8,x11,-974	 x11:0x894eacb4  x8=0x00000001
      118415000	     11742	80008060	00e75e63	bge	x14,x14,8000807c	 x14:0xde15e2d0 x14:0xde15e2d0
      118435000	     11744	8000807c	717d	c.addi16sp	x2,-16	  x2:0xde15dff0  x2=0xde15dfe0
      118475000	     11748	8000807e	037e1a33	mulh	x20,x28,x23	 x28:0x00000000 x23:0x1ffffcd3 x20=0x00000000
      118485000	     11749	80008082	008cc8b3	xor	x17,x25,x8	 x25:0xfffffff0  x8:0x00000001 x17=0xfffffff1
      118495000	     11750	80008086	8722	c.mv	x14,x8	  x0:0x00000000  x8:0x00000001 x14=0x00000001
      118505000	     11751	80008088	8a99	c.andi	x13,6	 x13:0xdc15eb79 x13=0x00000000
      118515000	     11752	8000808a	be357e93	andi	x29,x10,-1053	 x10:0xde15e300 x29=0xde15e300
      118525000	     11753	8000808e	04d50063	beq	x10,x13,800080ce	 x10:0xde15e300 x13:0x00000000
      118535000	     11754	80008092	edb46b93	ori	x23,x8,-293	  x8:0x00000001 x23=0xfffffedb
      118565000	     11757	80008096	03e302b3	mul	x5,x6,x30	  x6:0xde15e2c0 x30:0x80025ce4  x5=0x6e7af300
      118575000	     11758	8000809a	00e11663	bne	x2,x14,800080a6	  x2:0xde15dfe0 x14:0x00000001
      118605000	     11761	800080a6	a570f413	andi	x8,x1,-1449	  x1:0xfffff8ab  x8=0xfffff803
      118615000	     11762	800080aa	010bca33	xor	x20,x23,x16	 x23:0xfffffedb x16:0xffffffff x20=0x00000124
      118625000	     11763	800080ae	00587333	and	x6,x16,x5	 x16:0xffffffff  x5:0x6e7af300  x6=0x6e7af300
      118635000	     11764	800080b2	1afd	c.addi	x21,-1	 x21:0x00000000 x21=0xffffffff
      118645000	     11765	800080b4	019c9433	sll	x8,x25,x25	 x25:0xfffffff0 x25:0xfffffff0  x8=0xfff00000
      118655000	     11766	800080b8	419a5e33	sra	x28,x20,x25	 x20:0x00000124 x25:0xfffffff0 x28=0x00000000
      118665000	     11767	800080bc	007a4fb3	xor	x31,x20,x7	 x20:0x00000124  x7:0x00000000 x31=0x00000124
      118675000	     11768	800080c0	9bfd	c.andi	x15,-1	 x15:0x00000000 x15=0x00000000
      118685000	     11769	800080c2	41ceddb3	sra	x27,x29,x28	 x29:0xde15e300 x28:0x00000000 x27=0xde15e300
      118695000	     11770	800080c6	00b08333	add	x6,x1,x11	  x1:0xfffff8ab x11:0x894eacb4  x6=0x894ea55f
      118705000	     11771	800080ca	8bd54b17	auipc	x22,0x8bd54	 x22=0x0bd5c0ca
      119075000	     11808	800080ce	0297dd33	divu	x26,x15,x9	 x15:0x00000000  x9:0x80021e64 x26=0x00000000
      119445000	     11845	800080d2	021b6733	rem	x14,x22,x1	 x22:0x0bd5c0ca  x1:0xfffff8ab x14=0x00000532
      119455000	     11846	800080d6	3890e7b7	lui	x15,0x3890e	 x15=0x3890e000
      119465000	     11847	800080da	5c9e8793	addi	x15,x29,1481	 x29:0xde15e300 x15=0xde15e8c9
      119475000	     11848	800080de	8e31	c.xor	x12,x12	 x12:0x00000001 x12:0x00000001 x12=0x00000000
      119485000	     11849	800080e0	8c7d	c.and	x8,x15	  x8:0xfff00000 x15:0xde15e8c9  x8=0xde100000
      119495000	     11850	800080e2	0093e0b3	or	x1,x7,x9	  x7:0x00000000  x9:0x80021e64  x1=0x80021e64
      119505000	     11851	800080e6	016259b3	srl	x19,x4,x22	  x4:0x0000000a x22:0x0bd5c0ca x19=0x00000000
      119515000	     11852	800080ea	011e7663	bgeu	x28,x17,800080f6	 x28:0x00000000 x17:0xfffffff1
      119525000	     11853	800080ee	8219	c.srli	x12,0x6	 x12:0x00000000 x12=0x00000000
      119535000	     11854	800080f0	0001	c.addi	x0,0	  x0:0x00000000  x0=0x00000000
      119545000	     11855	800080f2	4a15	c.li	x20,5	 x20=0x00000005
      119555000	     11856	800080f4	0df9	c.addi	x27,30	 x27:0xde15e300 x27=0xde15e31e
      119565000	     11857	800080f6	0173b7b3	sltu	x15,x7,x23	  x7:0x00000000 x23:0xfffffedb x15=0x00000001
      119935000	     11894	800080fa	02b9e333	rem	x6,x19,x11	 x19:0x00000000 x11:0x894eacb4  x6=0x00000000
      119945000	     11895	800080fe	1d18	c.addi4spn	x14,x2,688	 x14=0xde15e290
      119955000	     11896	80008100	8fbd	c.xor	x15,x15	 x15:0x00000001 x15:0x00000001 x15=0x00000000
      119965000	     11897	80008102	035e8563	beq	x29,x21,8000812c	 x29:0xde15e300 x21:0xffffffff
      119975000	     11898	80008106	8c46	c.mv	x24,x17	  x0:0x00000000 x17:0xfffffff1 x24=0xfffffff1
      119985000	     11899	80008108	c205	c.beqz	x12,80008128	 x12:0x00000000
      120005000	     11901	80008128	406d8633	sub	x12,x27,x6	 x27:0xde15e31e  x6:0x00000000 x12=0xde15e31e
      120015000	     11902	8000812c	002ee563	bltu	x29,x2,80008136	 x29:0xde15e300  x2:0xde15dfe0
      120025000	     11903	80008130	2d4d8317	auipc	x6,0x2d4d8	  x6=0xad4e0130
      120035000	     11904	80008134	8eb9	c.xor	x13,x14	 x13:0x00000000 x14:0xde15e290 x13=0xde15e290
      120045000	     11905	80008136	0311d863	bge	x3,x17,80008166	  x3:0x00000043 x17:0xfffffff1
      120075000	     11908	80008166	01c2cab3	xor	x21,x5,x28	  x5:0x6e7af300 x28:0x00000000 x21=0x6e7af300
      120445000	     11945	8000816a	0228eeb3	rem	x29,x17,x2	 x17:0xfffffff1  x2:0xde15dfe0 x29=0xfffffff1
      120455000	     11946	8000816e	9566	c.add	x10,x25	 x10:0xde15e300 x25:0xfffffff0 x10=0xde15e2f0
      120465000	     11947	80008170	01fa99b3	sll	x19,x21,x31	 x21:0x6e7af300 x31:0x00000124 x19=0xe7af3000
      120475000	     11948	80008174	faa86717	auipc	x14,0xfaa86	 x14=0x7aa8e174
      120485000	     11949	80008178	717d	c.addi16sp	x2,-16	  x2:0xde15dfe0  x2=0xde15dfd0
      120495000	     11950	8000817a	6ead	c.lui	x29,0xb	 x29=0x0000b000
      120505000	     11951	8000817c	cc8fb993	sltiu	x19,x31,-824	 x31:0x00000124 x19=0x00000001
      120515000	     11952	80008180	41f70733	sub	x14,x14,x31	 x14:0x7aa8e174 x31:0x00000124 x14=0x7aa8e050
      120525000	     11953	80008184	717d	c.addi16sp	x2,-16	  x2:0xde15dfd0  x2=0xde15dfc0
      120535000	     11954	80008186	00ab8733	add	x14,x23,x10	 x23:0xfffffedb x10:0xde15e2f0 x14=0xde15e1cb
      120545000	     11955	8000818a	1b7d	c.addi	x22,-1	 x22:0x0bd5c0ca x22=0x0bd5c0c9
      120555000	     11956	8000818c	c0345517	auipc	x10,0xc0345	 x10=0x4034d18c
      120565000	     11957	80008190	415ade33	sra	x28,x21,x21	 x21:0x6e7af300 x21:0x6e7af300 x28=0x6e7af300
      120575000	     11958	80008194	0001	c.addi	x0,0	  x0:0x00000000  x0=0x00000000
      120585000	     11959	80008196	02d40263	beq	x8,x13,800081ba	  x8:0xde100000 x13:0xde15e290
      120595000	     11960	8000819a	00c61193	slli	x3,x12,0xc	 x12:0xde15e31e  x3=0x5e31e000
      120605000	     11961	8000819e	0000100f	fence.i	
      120625000	     11963	800081a2	8f69	c.and	x14,x10	 x14:0xde15e1cb x10:0x4034d18c x14=0x4014c188
      120635000	     11964	800081a4	cf09	c.beqz	x14,800081be	 x14:0x4014c188
      120645000	     11965	800081a6	0072a7b3	slt	x15,x5,x7	  x5:0x6e7af300  x7:0x00000000 x15=0x00000000
      120655000	     11966	800081aa	00c1e3b3	or	x7,x3,x12	  x3:0x5e31e000 x12:0xde15e31e  x7=0xde35e31e
      120665000	     11967	800081ae	2a4f7713	andi	x14,x30,676	 x30:0x80025ce4 x14=0x000000a4
      120675000	     11968	800081b2	028c0063	beq	x24,x8,800081d2	 x24:0xfffffff1  x8:0xde100000
      121045000	     12005	800081b6	02a741b3	div	x3,x14,x10	 x14:0x000000a4 x10:0x4034d18c  x3=0x00000000
      121055000	     12006	800081ba	0051de13	srli	x28,x3,0x5	  x3:0x00000000 x28=0x00000000
      121065000	     12007	800081be	00709813	slli	x16,x1,0x7	  x1:0x80021e64 x16=0x010f3200
      121075000	     12008	800081c2	8d7d	c.and	x10,x15	 x10:0x4034d18c x15:0x00000000 x10=0x00000000
      121085000	     12009	800081c4	527d	c.li	x4,-1	  x4=0xffffffff
      121095000	     12010	800081c6	1ed1a693	slti	x13,x3,493	  x3:0x00000000 x13=0x00000001
      121105000	     12011	800081ca	9bfd	c.andi	x15,-1	 x15:0x00000000 x15=0x00000000
      121115000	     12012	800081cc	6695	c.lui	x13,0x5	 x13=0x00005000
      121155000	     12016	800081ce	036a2eb3	mulhsu	x29,x20,x22	 x20:0x00000005 x22:0x0bd5c0c9 x29=0x00000000
      121165000	     12017	800081d2	5bfd	c.li	x23,-1	 x23=0xffffffff
      121535000	     12054	800081d4	038277b3	remu	x15,x4,x24	  x4:0xffffffff x24:0xfffffff1 x15=0x0000000e
      121905000	     12091	800081d8	0240fb33	remu	x22,x1,x4	  x1:0x80021e64  x4:0xffffffff x22=0x80021e64
      121915000	     12092	800081dc	01e09813	slli	x16,x1,0x1e	  x1:0x80021e64 x16=0x00000000
      121925000	     12093	800081e0	3a083a93	sltiu	x21,x16,928	 x16:0x00000000 x21=0x00000001
      121935000	     12094	800081e4	9dba	c.add	x27,x14	 x27:0xde15e31e x14:0x000000a4 x27=0xde15e3c2
      121975000	     12098	800081e6	03539933	mulh	x18,x7,x21	  x7:0xde35e31e x21:0x00000001 x18=0xffffffff
      121985000	     12099	800081ea	0076ed63	bltu	x13,x7,80008204	 x13:0x00005000  x7:0xde35e31e
      122005000	     12101	80008204	6525	c.lui	x10,0x9	 x10=0x00009000
      122015000	     12102	80008206	e10d	c.bnez	x10,80008228	 x10:0x00009000
      122035000	     12104	80008228	6129	c.addi16sp	x2,192	  x2:0xde15dfc0  x2=0xde15e080
      122045000	     12105	8000822a	5cfd	c.li	x25,-1	 x25=0xffffffff
      122055000	     12106	8000822c	014249b3	xor	x19,x4,x20	  x4:0xffffffff x20:0x00000005 x19=0xfffffffa
      122065000	     12107	80008230	0120de93	srli	x29,x1,0x12	  x1:0x80021e64 x29=0x00002000
      122075000	     12108	80008234	00618013	addi	x0,x3,6	  x3:0x00000000  x0=0x00000000
      122085000	     12109	80008238	73bad3b7	lui	x7,0x73bad	  x7=0x73bad000
      122095000	     12110	8000823c	40d05313	srai	x6,x0,0xd	  x0:0x00000000  x6=0x00000000
      122465000	     12147	80008240	0388c1b3	div	x3,x17,x24	 x17:0xfffffff1 x24:0xfffffff1  x3=0x00000001
      122475000	     12148	80008244	dc606b13	ori	x22,x0,-570	  x0:0x00000000 x22=0xfffffdc6
      122485000	     12149	80008248	ea81	c.bnez	x13,80008258	 x13:0x00005000
      122505000	     12151	80008258	8a403697	auipc	x13,0x8a403	 x13=0x0a40b258
      122525000	     12153	8000825c	03057633	remu	x12,x10,x16	 x10:0x00009000 x16:0x00000000 x12=0x00009000
      122535000	     12154	80008260	03854263	blt	x10,x24,80008284	 x10:0x00009000 x24:0xfffffff1
      122555000	     12156	80008264	020640b3	div	x1,x12,x0	 x12:0x00009000  x0:0x00000000  x1=0xffffffff
      122565000	     12157	80008268	652d	c.lui	x10,0xb	 x10=0x0000b000
      122575000	     12158	8000826a	8a91	c.andi	x13,4	 x13:0x0a40b258 x13=0x00000000
      122585000	     12159	8000826c	e0b84693	xori	x13,x16,-501	 x16:0x00000000 x13=0xfffffe0b
      122595000	     12160	80008270	03496463	bltu	x18,x20,80008298	 x18:0xffffffff x20:0x00000005
      122605000	     12161	80008274	82d1	c.srli	x13,0x14	 x13:0xfffffe0b x13=0x00000fff
      122615000	     12162	80008276	0aca	c.slli	x21,0x12	 x21:0x00000001 x21=0x00040000
      122625000	     12163	80008278	9c4a	c.add	x24,x18	 x24:0xfffffff1 x18:0xffffffff x24=0xfffffff0
      122635000	     12164	8000827a	00d57db3	and	x27,x10,x13	 x10:0x0000b000 x13:0x00000fff x27=0x00000000
      122645000	     12165	8000827e	419d	c.li	x3,7	  x3=0x00000007
      122655000	     12166	80008280	0352c063	blt	x5,x21,800082a0	  x5:0x6e7af300 x21:0x00040000
      122695000	     12170	80008284	03241233	mulh	x4,x8,x18	  x8:0xde100000 x18:0xffffffff  x4=0x00000000
      122705000	     12171	80008288	8d19	c.sub	x10,x14	 x10:0x0000b000 x14:0x000000a4 x10=0x0000af5c
      122715000	     12172	8000828a	012b86b3	add	x13,x23,x18	 x23:0xffffffff x18:0xffffffff x13=0xfffffffe
      122725000	     12173	8000828e	07ee	c.slli	x15,0x1b	 x15:0x0000000e x15=0x70000000
      122735000	     12174	80008290	05c88263	beq	x17,x28,800082d4	 x17:0xfffffff1 x28:0x00000000
      122745000	     12175	80008294	00e06db3	or	x27,x0,x14	  x0:0x00000000 x14:0x000000a4 x27=0x000000a4
      122755000	     12176	80008298	0ff0000f	fence	iorw,iorw	
      122765000	     12177	8000829c	0000100f	fence.i	
      122785000	     12179	800082a0	8fd22213	slti	x4,x4,-1795	  x4:0x00000000  x4=0x00000000
      122795000	     12180	800082a4	8d55	c.or	x10,x13	 x10:0x0000af5c x13:0xfffffffe x10=0xfffffffe
      122805000	     12181	800082a6	0ff0000f	fence	iorw,iorw	
      122815000	     12182	800082aa	018c6633	or	x12,x24,x24	 x24:0xfffffff0 x24:0xfffffff0 x12=0xfffffff0
      122825000	     12183	800082ae	00235913	srli	x18,x6,0x2	  x6:0x00000000 x18=0x00000000
      122845000	     12185	800082b2	0242ceb3	div	x29,x5,x4	  x5:0x6e7af300  x4:0x00000000 x29=0xffffffff
      122855000	     12186	800082b6	9916	c.add	x18,x5	 x18:0x00000000  x5:0x6e7af300 x18=0x6e7af300
      122865000	     12187	800082b8	0ba1	c.addi	x23,8	 x23:0xffffffff x23=0x00000007
      122875000	     12188	800082ba	c319	c.beqz	x14,800082c0	 x14:0x000000a4
      122885000	     12189	800082bc	32f1a693	slti	x13,x3,815	  x3:0x00000007 x13=0x00000001
      122895000	     12190	800082c0	0000e733	or	x14,x1,x0	  x1:0xffffffff  x0:0x00000000 x14=0xffffffff
      122905000	     12191	800082c4	00ba7933	and	x18,x20,x11	 x20:0x00000005 x11:0x894eacb4 x18=0x00000004
      122925000	     12193	800082c8	02047fb3	remu	x31,x8,x0	  x8:0xde100000  x0:0x00000000 x31=0xde100000
      122935000	     12194	800082cc	b1a5e517	auipc	x10,0xb1a5e	 x10=0x31a662cc
      122945000	     12195	800082d0	020ae763	bltu	x21,x0,800082fe	 x21:0x00040000  x0:0x00000000
      122955000	     12196	800082d4	02b20c63	beq	x4,x11,8000830c	  x4:0x00000000 x11:0x894eacb4
      122965000	     12197	800082d8	825d	c.srli	x12,0x17	 x12:0xfffffff0 x12=0x000001ff
      123335000	     12234	800082da	02a2e033	rem	x0,x5,x10	  x5:0x6e7af300 x10:0x31a662cc  x0=0x00000000
      123345000	     12235	800082de	036a	c.slli	x6,0x1a	  x6:0x00000000  x6=0x00000000
      123355000	     12236	800082e0	4ca9b513	sltiu	x10,x19,1226	 x19:0xfffffffa x10=0x00000000
      123365000	     12237	800082e4	717d	c.addi16sp	x2,-16	  x2:0xde15e080  x2=0xde15e070
      123375000	     12238	800082e6	0000100f	fence.i	
      123405000	     12241	800082ea	0009bb33	sltu	x22,x19,x0	 x19:0xfffffffa  x0:0x00000000 x22=0x00000000
      123445000	     12245	800082ee	03be1533	mulh	x10,x28,x27	 x28:0x00000000 x27:0x000000a4 x10=0x00000000
      123455000	     12246	800082f2	030f8463	beq	x31,x16,8000831a	 x31:0xde100000 x16:0x00000000
      123465000	     12247	800082f6	022e	c.slli	x4,0xb	  x4:0x00000000  x4=0x00000000
      123835000	     12284	800082f8	03e9ddb3	divu	x27,x19,x30	 x19:0xfffffffa x30:0x80025ce4 x27=0x00000001
      123845000	     12285	800082fc	620d	c.lui	x4,0x3	  x4=0x00003000
      123885000	     12289	800082fe	03582db3	mulhsu	x27,x16,x21	 x16:0x00000000 x21:0x00040000 x27=0x00000000
      123895000	     12290	80008302	0001	c.addi	x0,0	  x0:0x00000000  x0=0x00000000
      123905000	     12291	80008304	017dd733	srl	x14,x27,x23	 x27:0x00000000 x23:0x00000007 x14=0x00000000
      123915000	     12292	80008308	00565393	srli	x7,x12,0x5	 x12:0x000001ff  x7=0x0000000f
      123925000	     12293	8000830c	02d2fe63	bgeu	x5,x13,80008348	  x5:0x6e7af300 x13:0x00000001
      123945000	     12295	80008348	8fd5	c.or	x15,x13	 x15:0x70000000 x13:0x00000001 x15=0x70000001
      123955000	     12296	8000834a	0a15	c.addi	x20,5	 x20:0x00000005 x20=0x0000000a
      124325000	     12333	8000834c	028f6933	rem	x18,x30,x8	 x30:0x80025ce4  x8:0xde100000 x18=0xe5d25ce4
      124335000	     12334	80008350	012bd763	bge	x23,x18,8000835e	 x23:0x00000007 x18:0xe5d25ce4
      124365000	     12337	8000835e	659a2393	slti	x7,x20,1625	 x20:0x0000000a  x7=0x00000001
      124375000	     12338	80008362	0001	c.addi	x0,0	  x0:0x00000000  x0=0x00000000
      124395000	     12340	80008364	0209d3b3	divu	x7,x19,x0	 x19:0xfffffffa  x0:0x00000000  x7=0xffffffff
      124405000	     12341	80008368	0eaa	c.slli	x29,0xa	 x29:0xffffffff x29=0xfffffc00
      124415000	     12342	8000836a	01b3dcb3	srl	x25,x7,x27	  x7:0xffffffff x27:0x00000000 x25=0xffffffff
      124435000	     12344	8000836e	036fd833	divu	x16,x31,x22	 x31:0xde100000 x22:0x00000000 x16=0xffffffff
      124445000	     12345	80008372	0001	c.addi	x0,0	  x0:0x00000000  x0=0x00000000
      124455000	     12346	80008374	d338fb13	andi	x22,x17,-717	 x17:0xfffffff1 x22=0xfffffd31
      124465000	     12347	80008378	1dfd	c.addi	x27,-1	 x27:0x00000000 x27=0xffffffff
      124475000	     12348	8000837a	ec39	c.bnez	x8,800083d8	  x8:0xde100000
      124495000	     12350	800083d8	83dd	c.srli	x15,0x17	 x15:0x70000001 x15=0x000000e0
      124505000	     12351	800083da	008edc33	srl	x24,x29,x8	 x29:0xfffffc00  x8:0xde100000 x24=0xfffffc00
      124515000	     12352	800083de	00750fb3	add	x31,x10,x7	 x10:0x00000000  x7:0xffffffff x31=0xffffffff
      124525000	     12353	800083e2	cf8d	c.beqz	x15,8000841c	 x15:0x000000e0
      124555000	     12356	800083e4	02c680b3	mul	x1,x13,x12	 x13:0x00000001 x12:0x000001ff  x1=0x000001ff
      124565000	     12357	800083e8	0001	c.addi	x0,0	  x0:0x00000000  x0=0x00000000
      124575000	     12358	800083ea	02bf5163	bge	x30,x11,8000840c	 x30:0x80025ce4 x11:0x894eacb4
      124585000	     12359	800083ee	000fedb3	or	x27,x31,x0	 x31:0xffffffff  x0:0x00000000 x27=0xffffffff
      124595000	     12360	800083f2	e511	c.bnez	x10,800083fe	 x10:0x00000000
      124605000	     12361	800083f4	00c30e33	add	x28,x6,x12	  x6:0x00000000 x12:0x000001ff x28=0x000001ff
      124975000	     12398	800083f8	02dcc433	div	x8,x25,x13	 x25:0xffffffff x13:0x00000001  x8=0xffffffff
      124985000	     12399	800083fc	c781	c.beqz	x15,80008404	 x15:0x000000e0
      124995000	     12400	800083fe	7b47ba93	sltiu	x21,x15,1972	 x15:0x000000e0 x21=0x00000001
      125005000	     12401	80008402	0eda	c.slli	x29,0x16	 x29:0xfffffc00 x29=0x00000000
      125015000	     12402	80008404	0ff0000f	fence	iorw,iorw	
      125025000	     12403	80008408	0175b833	sltu	x16,x11,x23	 x11:0x894eacb4 x23:0x00000007 x16=0x00000000
      125035000	     12404	8000840c	0000100f	fence.i	
      125055000	     12406	80008410	03cd6063	bltu	x26,x28,80008430	 x26:0x00000000 x28:0x000001ff
      125075000	     12408	80008430	0001	c.addi	x0,0	  x0:0x00000000  x0=0x00000000
      125085000	     12409	80008432	856d	c.srai	x10,0x1b	 x10:0x00000000 x10=0x00000000
      125125000	     12413	80008434	0308aa33	mulhsu	x20,x17,x16	 x17:0xfffffff1 x16:0x00000000 x20=0x00000000
      125135000	     12414	80008438	0068df63	bge	x17,x6,80008456	 x17:0xfffffff1  x6:0x00000000
      125145000	     12415	8000843c	001cb333	sltu	x6,x25,x1	 x25:0xffffffff  x1:0x000001ff  x6=0x00000000
      125185000	     12419	80008440	02ea1b33	mulh	x22,x20,x14	 x20:0x00000000 x14:0x00000000 x22=0x00000000
      125195000	     12420	80008444	40305693	srai	x13,x0,0x3	  x0:0x00000000 x13=0x00000000
      125565000	     12457	80008448	03136e33	rem	x28,x6,x17	  x6:0x00000000 x17:0xfffffff1 x28=0x00000000
      125575000	     12458	8000844c	8e41	c.or	x12,x8	 x12:0x000001ff  x8:0xffffffff x12=0xffffffff
      125605000	     12461	8000844e	03720e33	mul	x28,x4,x23	  x4:0x00003000 x23:0x00000007 x28=0x00015000
      125615000	     12462	80008452	4158dcb3	sra	x25,x17,x21	 x17:0xfffffff1 x21:0x00000001 x25=0xfffffff8
      125625000	     12463	80008456	8e61	c.and	x12,x8	 x12:0xffffffff  x8:0xffffffff x12=0xffffffff
      125635000	     12464	80008458	83cd	c.srli	x15,0x13	 x15:0x000000e0 x15=0x00000000
      125645000	     12465	8000845a	e2ffaa13	slti	x20,x31,-465	 x31:0xffffffff x20=0x00000000
      125655000	     12466	8000845e	0001	c.addi	x0,0	  x0:0x00000000  x0=0x00000000
      126025000	     12503	80008460	03f0c433	div	x8,x1,x31	  x1:0x000001ff x31:0xffffffff  x8=0xfffffe01
      126035000	     12504	80008464	dfa87613	andi	x12,x16,-518	 x16:0x00000000 x12=0x00000000
      126045000	     12505	80008468	9a06	c.add	x20,x1	 x20:0x00000000  x1:0x000001ff x20=0x000001ff
      126415000	     12542	8000846a	025bdfb3	divu	x31,x23,x5	 x23:0x00000007  x5:0x6e7af300 x31=0x00000000
      126425000	     12543	8000846e	0001	c.addi	x0,0	  x0:0x00000000  x0=0x00000000
      126435000	     12544	80008470	0192e1b3	or	x3,x5,x25	  x5:0x6e7af300 x25:0xfffffff8  x3=0xfffffff8
      126475000	     12548	80008474	03c191b3	mulh	x3,x3,x28	  x3:0xfffffff8 x28:0x00015000  x3=0xffffffff
      126485000	     12549	80008478	4079de33	sra	x28,x19,x7	 x19:0xfffffffa  x7:0xffffffff x28=0xffffffff
      126495000	     12550	8000847c	00177c63	bgeu	x14,x1,80008494	 x14:0x00000000  x1:0x000001ff
      126505000	     12551	80008480	033f1963	bne	x30,x19,800084b2	 x30:0x80025ce4 x19:0xfffffffa
      126535000	     12554	800084b2	000dcd33	xor	x26,x27,x0	 x27:0xffffffff  x0:0x00000000 x26=0xffffffff
      126545000	     12555	800084b6	1f477193	andi	x3,x14,500	 x14:0x00000000  x3=0x00000000
      126555000	     12556	800084ba	000b7633	and	x12,x22,x0	 x22:0x00000000  x0:0x00000000 x12=0x00000000
      126565000	     12557	800084be	8312	c.mv	x6,x4	  x0:0x00000000  x4:0x00003000  x6=0x00003000
      126575000	     12558	800084c0	90be	c.add	x1,x15	  x1:0x000001ff x15:0x00000000  x1=0x000001ff
      126585000	     12559	800084c2	0051ec33	or	x24,x3,x5	  x3:0x00000000  x5:0x6e7af300 x24=0x6e7af300
      126595000	     12560	800084c6	5cfd	c.li	x25,-1	 x25=0xffffffff
      126605000	     12561	800084c8	9fdfe737	lui	x14,0x9fdfe	 x14=0x9fdfe000
      126615000	     12562	800084cc	0a18	c.addi4spn	x14,x2,272	 x14=0xde15e180
      126625000	     12563	800084ce	8f09	c.sub	x14,x10	 x14:0xde15e180 x10:0x00000000 x14=0xde15e180
      126635000	     12564	800084d0	a3d64613	xori	x12,x12,-1475	 x12:0x00000000 x12=0xfffffa3d
      126645000	     12565	800084d4	00ac1993	slli	x19,x24,0xa	 x24:0x6e7af300 x19=0xebcc0000
      126655000	     12566	800084d8	0001	c.addi	x0,0	  x0:0x00000000  x0=0x00000000
      126665000	     12567	800084da	0136dc33	srl	x24,x13,x19	 x13:0x00000000 x19:0xebcc0000 x24=0x00000000
      126675000	     12568	800084de	011bd093	srli	x1,x23,0x11	 x23:0x00000007  x1=0x00000000
      126685000	     12569	800084e2	8c49	c.or	x8,x10	  x8:0xfffffe01 x10:0x00000000  x8=0xfffffe01
      126695000	     12570	800084e4	002f9b33	sll	x22,x31,x2	 x31:0x00000000  x2:0xde15e070 x22=0x00000000
      126705000	     12571	800084e8	4b49	c.li	x22,18	 x22=0x00000012
      126715000	     12572	800084ea	e209	c.bnez	x12,800084ec	 x12:0xfffffa3d
      126735000	     12574	800084ec	167d	c.addi	x12,-1	 x12:0xfffffa3d x12=0xfffffa3c
      127105000	     12611	800084ee	0354cd33	div	x26,x9,x21	  x9:0x80021e64 x21:0x00000001 x26=0x80021e64
      127115000	     12612	800084f2	0095e033	or	x0,x11,x9	 x11:0x894eacb4  x9:0x80021e64  x0=0x00000000
      127125000	     12613	800084f6	1efd	c.addi	x29,-1	 x29:0x00000000 x29=0xffffffff
      127135000	     12614	800084f8	8e05	c.sub	x12,x9	 x12:0xfffffa3c  x9:0x80021e64 x12=0x7ffddbd8
      127145000	     12615	800084fa	02fa1163	bne	x20,x15,8000851c	 x20:0x000001ff x15:0x00000000
      127165000	     12617	8000851c	8329	c.srli	x14,0xa	 x14:0xde15e180 x14=0x00378578
      127175000	     12618	8000851e	97a2	c.add	x15,x8	 x15:0x00000000  x8:0xfffffe01 x15=0xfffffe01
      127185000	     12619	80008520	830d	c.srli	x14,0x3	 x14:0x00378578 x14=0x0006f0af
      127195000	     12620	80008522	ad384713	xori	x14,x16,-1325	 x16:0x00000000 x14=0xfffffad3
      127205000	     12621	80008526	c291	c.beqz	x13,8000852a	 x13:0x00000000
      127265000	     12627	8000852a	02ffa833	mulhsu	x16,x31,x15	 x31:0x00000000 x15:0xfffffe01 x16=0x00000000
      127635000	     12664	8000852e	03154133	div	x2,x10,x17	 x10:0x00000000 x17:0xfffffff1  x2=0x00000000
      127645000	     12665	80008532	613d	c.addi16sp	x2,480	  x2:0x00000000  x2=0x000001e0
      127655000	     12666	80008534	00132033	slt	x0,x6,x1	  x6:0x00003000  x1:0x00000000  x0=0x00000000
      127685000	     12669	80008538	03340c33	mul	x24,x8,x19	  x8:0xfffffe01 x19:0xebcc0000 x24=0x53cc0000
      127695000	     12670	8000853c	024d7e63	bgeu	x26,x4,80008578	 x26:0x80021e64  x4:0x00003000
      127715000	     12672	80008578	98408717	auipc	x14,0x98408	 x14=0x18410578
      127725000	     12673	8000857c	00a7cbb3	xor	x23,x15,x10	 x15:0xfffffe01 x10:0x00000000 x23=0xfffffe01
      127735000	     12674	80008580	d687bc13	sltiu	x24,x15,-664	 x15:0xfffffe01 x24=0x00000000
      127745000	     12675	80008584	01ace463	bltu	x25,x26,8000858c	 x25:0xffffffff x26:0x80021e64
      127755000	     12676	80008588	01d85263	bge	x16,x29,8000858c	 x16:0x00000000 x29:0xffffffff
      127795000	     12680	8000858c	034c0b33	mul	x22,x24,x20	 x24:0x00000000 x20:0x000001ff x22=0x00000000
      127805000	     12681	80008590	ffff8597	auipc	x11,0xffff8	 x11=0x80000590
      127815000	     12682	80008594	dce58593	addi	x11,x11,-562	 x11:0x80000590 x11=0x8000035e
      127825000	     12683	80008598	00058067	jalr	x0,0(x11)	 x11:0x8000035e  x0=0x00000000
      127855000	     12686	8000035e	90000d37	lui	x26,0x90000	 x26=0x90000000
      127865000	     12687	80000362	1d61	c.addi	x26,-8	 x26:0x90000000 x26=0x8ffffff8
      127875000	     12688	80000364	4601	c.li	x12,0	 x12=0x00000000
      127885000	     12689	80000366	0622	c.slli	x12,0x8	 x12:0x00000000 x12=0x00000000
      127895000	     12690	80000368	0605	c.addi	x12,1	 x12:0x00000000 x12=0x00000001
      127905000	     12691	8000036a	00cd2023	sw	x12,0(x26)	 x26:0x8ffffff8 x12:0x00000001 PA:0x8ffffff8 store:0x00000001 load:0x00000000
      127915000	     12692	8000036e	00000073	ecall	
      127945000	     12695	80002500	0800006f	jal	x0,80002580	  x0=0x00000000
      127965000	     12697	80002580	1f71	c.addi	x30,-4	 x30:0x80025ce4 x30=0x80025ce0
      127975000	     12698	80002582	009f2023	sw	x9,0(x30)	 x30:0x80025ce0  x9:0x80021e64 PA:0x80025ce0 store:0x80021e64 load:0x00000000
