Time	Cycle	PC	Insn	Decoded instruction	Register and memory contents
        8582000	       327	80000080	40001db7	lui	x27,0x40001	 x27=0x40001000
        8602000	       328	80000084	106d8d93	addi	x27,x27,262	 x27:0x40001000 x27=0x40001106
        8742000	       335	80000088	301d9073	csrrw	x0,misa,x27	 x27:0x40001106  x0=0x00000000
        9162000	       356	8000008c	0002d697	auipc	x13,0x2d	 x13=0x8002d08c
        9182000	       357	80000090	c5868693	addi	x13,x13,-936	 x13:0x8002d08c x13=0x8002cce4
        9382000	       367	80000094	00002d97	auipc	x27,0x2	 x27=0x80002094
        9402000	       368	80000098	66cd8d93	addi	x27,x27,1644	 x27:0x80002094 x27=0x80002700
        9422000	       369	8000009c	001ded93	ori	x27,x27,1	 x27:0x80002700 x27=0x80002701
        9842000	       390	800000a0	305d9073	csrrw	x0,mtvec,x27	 x27:0x80002701  x0=0x00000000
        9902000	       393	800000a4	74725073	csrrwi	x0,0x747,4	  x0=0x00000000
        9962000	       396	800000a8	00003597	auipc	x11,0x3	 x11=0x800030a8
       10002000	       398	800000ac	41458593	addi	x11,x11,1044	 x11:0x800030a8 x11=0x800034bc
       10422000	       419	800000b0	4d81	c.li	x27,0	 x27=0x00000000
       10442000	       420	800000b2	95ee	c.add	x11,x27	 x11:0x800034bc x27:0x00000000 x11=0x800034bc
       10462000	       421	800000b4	8189	c.srli	x11,0x2	 x11:0x800034bc x11=0x20000d2f
       10522000	       424	800000b6	3b059073	csrrw	x0,pmpaddr0,x11	 x11:0x20000d2f  x0=0x00000000
       10702000	       433	800000ba	00003597	auipc	x11,0x3	 x11=0x800030ba
       10722000	       434	800000be	40258593	addi	x11,x11,1026	 x11:0x800030ba x11=0x800034bc
       10822000	       439	800000c2	11111db7	lui	x27,0x11111	 x27=0x11111000
       10862000	       441	800000c6	111d8d93	addi	x27,x27,273	 x27:0x11111000 x27=0x11111111
       10882000	       442	800000ca	95ee	c.add	x11,x27	 x11:0x800034bc x27:0x11111111 x11=0x911145cd
       10902000	       443	800000cc	8189	c.srli	x11,0x2	 x11:0x911145cd x11=0x24445173
       11242000	       460	800000ce	3b159073	csrrw	x0,pmpaddr1,x11	 x11:0x24445173  x0=0x00000000
       11322000	       464	800000d2	00003597	auipc	x11,0x3	 x11=0x800030d2
       11342000	       465	800000d6	3ea58593	addi	x11,x11,1002	 x11:0x800030d2 x11=0x800034bc
       11762000	       486	800000da	22222db7	lui	x27,0x22222	 x27=0x22222000
       11782000	       487	800000de	222d8d93	addi	x27,x27,546	 x27:0x22222000 x27=0x22222222
       11802000	       488	800000e2	95ee	c.add	x11,x27	 x11:0x800034bc x27:0x22222222 x11=0xa22256de
       11822000	       489	800000e4	8189	c.srli	x11,0x2	 x11:0xa22256de x11=0x288895b7
       11842000	       490	800000e6	3b259073	csrrw	x0,pmpaddr2,x11	 x11:0x288895b7  x0=0x00000000
       11902000	       493	800000ea	00003597	auipc	x11,0x3	 x11=0x800030ea
       12142000	       505	800000ee	3d258593	addi	x11,x11,978	 x11:0x800030ea x11=0x800034bc
       12182000	       507	800000f2	33333db7	lui	x27,0x33333	 x27=0x33333000
       12202000	       508	800000f6	333d8d93	addi	x27,x27,819	 x27:0x33333000 x27=0x33333333
       12222000	       509	800000fa	95ee	c.add	x11,x27	 x11:0x800034bc x27:0x33333333 x11=0xb33367ef
       12242000	       510	800000fc	8189	c.srli	x11,0x2	 x11:0xb33367ef x11=0x2cccd9fb
       12422000	       519	800000fe	3b359073	csrrw	x0,pmpaddr3,x11	 x11:0x2cccd9fb  x0=0x00000000
       12482000	       522	80000102	0f0f15b7	lui	x11,0xf0f1	 x11=0x0f0f1000
       12502000	       523	80000106	f0f58593	addi	x11,x11,-241	 x11:0x0f0f1000 x11=0x0f0f0f0f
       12542000	       525	8000010a	3a059073	csrrw	x0,pmpcfg0,x11	 x11:0x0f0f0f0f  x0=0x00000000
       12622000	       529	8000010e	00003597	auipc	x11,0x3	 x11=0x8000310e
       12642000	       530	80000112	3ae58593	addi	x11,x11,942	 x11:0x8000310e x11=0x800034bc
       13062000	       551	80000116	44444db7	lui	x27,0x44444	 x27=0x44444000
       13222000	       559	8000011a	444d8d93	addi	x27,x27,1092	 x27:0x44444000 x27=0x44444444
       13242000	       560	8000011e	95ee	c.add	x11,x27	 x11:0x800034bc x27:0x44444444 x11=0xc4447900
       13322000	       564	80000120	8189	c.srli	x11,0x2	 x11:0xc4447900 x11=0x31111e40
       13342000	       565	80000122	3b459073	csrrw	x0,pmpaddr4,x11	 x11:0x31111e40  x0=0x00000000
       13762000	       586	80000126	00003597	auipc	x11,0x3	 x11=0x80003126
       13782000	       587	8000012a	39658593	addi	x11,x11,918	 x11:0x80003126 x11=0x800034bc
       14202000	       608	8000012e	55555db7	lui	x27,0x55555	 x27=0x55555000
       14502000	       623	80000132	555d8d93	addi	x27,x27,1365	 x27:0x55555000 x27=0x55555555
       14522000	       624	80000136	95ee	c.add	x11,x27	 x11:0x800034bc x27:0x55555555 x11=0xd5558a11
       14542000	       625	80000138	8189	c.srli	x11,0x2	 x11:0xd5558a11 x11=0x35556284
       14942000	       645	8000013a	3b559073	csrrw	x0,pmpaddr5,x11	 x11:0x35556284  x0=0x00000000
       15002000	       648	8000013e	00003597	auipc	x11,0x3	 x11=0x8000313e
       15022000	       649	80000142	37e58593	addi	x11,x11,894	 x11:0x8000313e x11=0x800034bc
       15142000	       655	80000146	66666db7	lui	x27,0x66666	 x27=0x66666000
       15242000	       660	8000014a	666d8d93	addi	x27,x27,1638	 x27:0x66666000 x27=0x66666666
       15262000	       661	8000014e	95ee	c.add	x11,x27	 x11:0x800034bc x27:0x66666666 x11=0xe6669b22
       15402000	       668	80000150	8189	c.srli	x11,0x2	 x11:0xe6669b22 x11=0x3999a6c8
       15422000	       669	80000152	3b659073	csrrw	x0,pmpaddr6,x11	 x11:0x3999a6c8  x0=0x00000000
       15482000	       672	80000156	00003597	auipc	x11,0x3	 x11=0x80003156
       15862000	       691	8000015a	36658593	addi	x11,x11,870	 x11:0x80003156 x11=0x800034bc
       15882000	       692	8000015e	77777db7	lui	x27,0x77777	 x27=0x77777000
       16302000	       713	80000162	777d8d93	addi	x27,x27,1911	 x27:0x77777000 x27=0x77777777
       16322000	       714	80000166	95ee	c.add	x11,x27	 x11:0x800034bc x27:0x77777777 x11=0xf777ac33
       16342000	       715	80000168	8189	c.srli	x11,0x2	 x11:0xf777ac33 x11=0x3dddeb0c
       16502000	       723	8000016a	3b759073	csrrw	x0,pmpaddr7,x11	 x11:0x3dddeb0c  x0=0x00000000
       16622000	       729	8000016e	0f0f15b7	lui	x11,0xf0f1	 x11=0x0f0f1000
       16982000	       747	80000172	f0f58593	addi	x11,x11,-241	 x11:0x0f0f1000 x11=0x0f0f0f0f
       17022000	       749	80000176	3a159073	csrrw	x0,pmpcfg1,x11	 x11:0x0f0f0f0f  x0=0x00000000
       17442000	       770	8000017a	00003597	auipc	x11,0x3	 x11=0x8000317a
       17742000	       785	8000017e	34258593	addi	x11,x11,834	 x11:0x8000317a x11=0x800034bc
       17762000	       786	80000182	88889db7	lui	x27,0x88889	 x27=0x88889000
       17782000	       787	80000186	888d8d93	addi	x27,x27,-1912	 x27:0x88889000 x27=0x88888888
       17802000	       788	8000018a	95ee	c.add	x11,x27	 x11:0x800034bc x27:0x88888888 x11=0x0888bd44
       17822000	       789	8000018c	8189	c.srli	x11,0x2	 x11:0x0888bd44 x11=0x02222f51
       17842000	       790	8000018e	3b859073	csrrw	x0,pmpaddr8,x11	 x11:0x02222f51  x0=0x00000000
       17922000	       794	80000192	00003597	auipc	x11,0x3	 x11=0x80003192
       18382000	       817	80000196	32a58593	addi	x11,x11,810	 x11:0x80003192 x11=0x800034bc
       18402000	       818	8000019a	9999adb7	lui	x27,0x9999a	 x27=0x9999a000
       18582000	       827	8000019e	999d8d93	addi	x27,x27,-1639	 x27:0x9999a000 x27=0x99999999
       18602000	       828	800001a2	95ee	c.add	x11,x27	 x11:0x800034bc x27:0x99999999 x11=0x1999ce55
       18982000	       847	800001a4	8189	c.srli	x11,0x2	 x11:0x1999ce55 x11=0x06667395
       19002000	       848	800001a6	3b959073	csrrw	x0,pmpaddr9,x11	 x11:0x06667395  x0=0x00000000
       19082000	       852	800001aa	00003597	auipc	x11,0x3	 x11=0x800031aa
       19322000	       864	800001ae	31258593	addi	x11,x11,786	 x11:0x800031aa x11=0x800034bc
       19462000	       871	800001b2	aaaabdb7	lui	x27,0xaaaab	 x27=0xaaaab000
       19482000	       872	800001b6	aaad8d93	addi	x27,x27,-1366	 x27:0xaaaab000 x27=0xaaaaaaaa
       19502000	       873	800001ba	95ee	c.add	x11,x27	 x11:0x800034bc x27:0xaaaaaaaa x11=0x2aaadf66
       19542000	       875	800001bc	8189	c.srli	x11,0x2	 x11:0x2aaadf66 x11=0x0aaab7d9
       19562000	       876	800001be	3ba59073	csrrw	x0,pmpaddr10,x11	 x11:0x0aaab7d9  x0=0x00000000
       19742000	       885	800001c2	00003597	auipc	x11,0x3	 x11=0x800031c2
       20162000	       906	800001c6	2fa58593	addi	x11,x11,762	 x11:0x800031c2 x11=0x800034bc
       20182000	       907	800001ca	bbbbcdb7	lui	x27,0xbbbbc	 x27=0xbbbbc000
       20202000	       908	800001ce	bbbd8d93	addi	x27,x27,-1093	 x27:0xbbbbc000 x27=0xbbbbbbbb
       20222000	       909	800001d2	95ee	c.add	x11,x27	 x11:0x800034bc x27:0xbbbbbbbb x11=0x3bbbf077
       20282000	       912	800001d4	8189	c.srli	x11,0x2	 x11:0x3bbbf077 x11=0x0eeefc1d
       20302000	       913	800001d6	3bb59073	csrrw	x0,pmpaddr11,x11	 x11:0x0eeefc1d  x0=0x00000000
       20382000	       917	800001da	0f0f15b7	lui	x11,0xf0f1	 x11=0x0f0f1000
       20402000	       918	800001de	f0f58593	addi	x11,x11,-241	 x11:0x0f0f1000 x11=0x0f0f0f0f
       20422000	       919	800001e2	3a259073	csrrw	x0,pmpcfg2,x11	 x11:0x0f0f0f0f  x0=0x00000000
       20482000	       922	800001e6	00003597	auipc	x11,0x3	 x11=0x800031e6
       20502000	       923	800001ea	2d658593	addi	x11,x11,726	 x11:0x800031e6 x11=0x800034bc
       20642000	       930	800001ee	ccccddb7	lui	x27,0xccccd	 x27=0xccccd000
       20802000	       938	800001f2	cccd8d93	addi	x27,x27,-820	 x27:0xccccd000 x27=0xcccccccc
       20822000	       939	800001f6	95ee	c.add	x11,x27	 x11:0x800034bc x27:0xcccccccc x11=0x4ccd0188
       20842000	       940	800001f8	8189	c.srli	x11,0x2	 x11:0x4ccd0188 x11=0x13334062
       20862000	       941	800001fa	3bc59073	csrrw	x0,pmpaddr12,x11	 x11:0x13334062  x0=0x00000000
       20922000	       944	800001fe	00003597	auipc	x11,0x3	 x11=0x800031fe
       20982000	       947	80000202	2be58593	addi	x11,x11,702	 x11:0x800031fe x11=0x800034bc
       21062000	       951	80000206	ddddedb7	lui	x27,0xdddde	 x27=0xdddde000
       21382000	       967	8000020a	dddd8d93	addi	x27,x27,-547	 x27:0xdddde000 x27=0xdddddddd
       21402000	       968	8000020e	95ee	c.add	x11,x27	 x11:0x800034bc x27:0xdddddddd x11=0x5dde1299
       21422000	       969	80000210	8189	c.srli	x11,0x2	 x11:0x5dde1299 x11=0x177784a6
       21742000	       985	80000212	3bd59073	csrrw	x0,pmpaddr13,x11	 x11:0x177784a6  x0=0x00000000
       21962000	       996	80000216	00003597	auipc	x11,0x3	 x11=0x80003216
       21982000	       997	8000021a	2a658593	addi	x11,x11,678	 x11:0x80003216 x11=0x800034bc
       22402000	      1018	8000021e	eeeefdb7	lui	x27,0xeeeef	 x27=0xeeeef000
       22462000	      1021	80000222	eeed8d93	addi	x27,x27,-274	 x27:0xeeeef000 x27=0xeeeeeeee
       22482000	      1022	80000226	95ee	c.add	x11,x27	 x11:0x800034bc x27:0xeeeeeeee x11=0x6eef23aa
       22542000	      1025	80000228	8189	c.srli	x11,0x2	 x11:0x6eef23aa x11=0x1bbbc8ea
       22622000	      1029	8000022a	3be59073	csrrw	x0,pmpaddr14,x11	 x11:0x1bbbc8ea  x0=0x00000000
       22682000	      1032	8000022e	00003597	auipc	x11,0x3	 x11=0x8000322e
       22842000	      1040	80000232	28e58593	addi	x11,x11,654	 x11:0x8000322e x11=0x800034bc
       22922000	      1044	80000236	fff00d93	addi	x27,x0,-1	  x0:0x00000000 x27=0xffffffff
       22942000	      1045	8000023a	95ee	c.add	x11,x27	 x11:0x800034bc x27:0xffffffff x11=0x800034bb
       23342000	      1065	8000023c	8189	c.srli	x11,0x2	 x11:0x800034bb x11=0x20000d2e
       23362000	      1066	8000023e	3bf59073	csrrw	x0,pmpaddr15,x11	 x11:0x20000d2e  x0=0x00000000
       23422000	      1069	80000242	0f0f15b7	lui	x11,0xf0f1	 x11=0x0f0f1000
       23562000	      1076	80000246	f0f58593	addi	x11,x11,-241	 x11:0x0f0f1000 x11=0x0f0f0f0f
       23582000	      1077	8000024a	3a359073	csrrw	x0,pmpcfg3,x11	 x11:0x0f0f0f0f  x0=0x00000000
       23982000	      1097	8000024e	00000d97	auipc	x27,0x0	 x27=0x8000024e
       24002000	      1098	80000252	060d8d93	addi	x27,x27,96	 x27:0x8000024e x27=0x800002ae
       24022000	      1099	80000256	341d9073	csrrw	x0,mepc,x27	 x27:0x800002ae  x0=0x00000000
       24442000	      1120	8000025a	7c00d073	csrrwi	x0,0x7c0,1	  x0=0x00000000
       24502000	      1123	8000025e	4d81	c.li	x27,0	 x27=0x00000000
       24522000	      1124	80000260	300d9073	csrrw	x0,mstatus,x27	 x27:0x00000000  x0=0x00000000
       24882000	      1142	80000264	4d81	c.li	x27,0	 x27=0x00000000
       24902000	      1143	80000266	304d9073	csrrw	x0,mie,x27	 x27:0x00000000  x0=0x00000000
       24962000	      1146	8000026a	90000d37	lui	x26,0x90000	 x26=0x90000000
       24982000	      1147	8000026e	1d71	c.addi	x26,-4	 x26:0x90000000 x26=0x8ffffffc
       25022000	      1149	80000270	90000d37	lui	x26,0x90000	 x26=0x90000000
       25402000	      1168	80000274	1d71	c.addi	x26,-4	 x26:0x90000000 x26=0x8ffffffc
       25422000	      1169	80000276	90000d37	lui	x26,0x90000	 x26=0x90000000
       25442000	      1170	8000027a	1d71	c.addi	x26,-4	 x26:0x90000000 x26=0x8ffffffc
       25462000	      1171	8000027c	30000d93	addi	x27,x0,768	  x0:0x00000000 x27=0x00000300
       25482000	      1172	80000280	0da2	c.slli	x27,0x8	 x27:0x00000300 x27=0x00030000
       25502000	      1173	80000282	0d8d	c.addi	x27,3	 x27:0x00030000 x27=0x00030003
       25962000	      1196	80000284	01bd2023	sw	x27,0(x26)	 x26:0x8ffffffc x27:0x00030003 PA:0x8ffffffc store:0x00030003 load:0xffffffff
       25982000	      1197	80000288	30002df3	csrrs	x27,mstatus,x0	  x0:0x00000000 x27=0x00000000
       26442000	      1220	8000028c	01bd2023	sw	x27,0(x26)	 x26:0x8ffffffc x27:0x00000000 PA:0x8ffffffc store:0x00000000 load:0xffffffff
       26462000	      1221	80000290	90000d37	lui	x26,0x90000	 x26=0x90000000
       26482000	      1222	80000294	1d71	c.addi	x26,-4	 x26:0x90000000 x26=0x8ffffffc
       26502000	      1223	80000296	30400d93	addi	x27,x0,772	  x0:0x00000000 x27=0x00000304
       26522000	      1224	8000029a	0da2	c.slli	x27,0x8	 x27:0x00000304 x27=0x00030400
       26542000	      1225	8000029c	0d8d	c.addi	x27,3	 x27:0x00030400 x27=0x00030403
       26602000	      1228	8000029e	01bd2023	sw	x27,0(x26)	 x26:0x8ffffffc x27:0x00030403 PA:0x8ffffffc store:0x00030403 load:0xffffffff
       26622000	      1229	800002a2	30402df3	csrrs	x27,mie,x0	  x0:0x00000000 x27=0x00000000
       26842000	      1240	800002a6	01bd2023	sw	x27,0(x26)	 x26:0x8ffffffc x27:0x00000000 PA:0x8ffffffc store:0x00000000 load:0xffffffff
       26862000	      1241	800002aa	30200073	mret	
       27382000	      1267	800002ae	00100013	addi	x0,x0,1	  x0:0x00000000  x0=0x00000000
       27402000	      1268	800002b2	49ecc0b7	lui	x1,0x49ecc	  x1=0x49ecc000
       27422000	      1269	800002b6	08708093	addi	x1,x1,135	  x1:0x49ecc000  x1=0x49ecc087
       27442000	      1270	800002ba	4101	c.li	x2,0	  x2=0x00000000
       27462000	      1271	800002bc	800001b7	lui	x3,0x80000	  x3=0x80000000
       27482000	      1272	800002c0	80000237	lui	x4,0x80000	  x4=0x80000000
       27582000	      1277	800002c4	4281	c.li	x5,0	  x5=0x00000000
       27602000	      1278	800002c6	80000337	lui	x6,0x80000	  x6=0x80000000
       27622000	      1279	800002ca	800003b7	lui	x7,0x80000	  x7=0x80000000
       27642000	      1280	800002ce	4435	c.li	x8,13	  x8=0x0000000d
       27822000	      1289	800002d0	f3c464b7	lui	x9,0xf3c46	  x9=0xf3c46000
       27842000	      1290	800002d4	49248493	addi	x9,x9,1170	  x9:0xf3c46000  x9=0xf3c46492
       28242000	      1310	800002d8	7db24537	lui	x10,0x7db24	 x10=0x7db24000
       28262000	      1311	800002dc	02d50513	addi	x10,x10,45	 x10:0x7db24000 x10=0x7db2402d
       28282000	      1312	800002e0	f1e8b5b7	lui	x11,0xf1e8b	 x11=0xf1e8b000
       28382000	      1317	800002e4	1fd58593	addi	x11,x11,509	 x11:0xf1e8b000 x11=0xf1e8b1fd
       28422000	      1319	800002e8	ea41f637	lui	x12,0xea41f	 x12=0xea41f000
       28782000	      1337	800002ec	80f60613	addi	x12,x12,-2033	 x12:0xea41f000 x12=0xea41e80f
       28802000	      1338	800002f0	4715	c.li	x14,5	 x14=0x00000005
       28822000	      1339	800002f2	4781	c.li	x15,0	 x15=0x00000000
       29122000	      1354	800002f4	80000837	lui	x16,0x80000	 x16=0x80000000
       29502000	      1373	800002f8	800008b7	lui	x17,0x80000	 x17=0x80000000
       29522000	      1374	800002fc	80000937	lui	x18,0x80000	 x18=0x80000000
       29562000	      1376	80000300	247fa9b7	lui	x19,0x247fa	 x19=0x247fa000
       29922000	      1394	80000304	13498993	addi	x19,x19,308	 x19:0x247fa000 x19=0x247fa134
       30022000	      1399	80000308	80000a37	lui	x20,0x80000	 x20=0x80000000
       30042000	      1400	8000030c	3377aab7	lui	x21,0x3377a	 x21=0x3377a000
       30062000	      1401	80000310	6b3a8a93	addi	x21,x21,1715	 x21:0x3377a000 x21=0x3377a6b3
       30122000	      1404	80000314	4b39	c.li	x22,14	 x22=0x0000000e
       30142000	      1405	80000316	80000c37	lui	x24,0x80000	 x24=0x80000000
       30162000	      1406	8000031a	e4118cb7	lui	x25,0xe4118	 x25=0xe4118000
       30362000	      1416	8000031e	4b0c8c93	addi	x25,x25,1200	 x25:0xe4118000 x25=0xe41184b0
       30682000	      1432	80000322	ff8e3d37	lui	x26,0xff8e3	 x26=0xff8e3000
       30742000	      1435	80000326	42dd0d13	addi	x26,x26,1069	 x26:0xff8e3000 x26=0xff8e342d
       30762000	      1436	8000032a	4d81	c.li	x27,0	 x27=0x00000000
       30782000	      1437	8000032c	f756ee37	lui	x28,0xf756e	 x28=0xf756e000
       30942000	      1445	80000330	58be0e13	addi	x28,x28,1419	 x28:0xf756e000 x28=0xf756e58b
       31082000	      1452	80000334	b0c56eb7	lui	x29,0xb0c56	 x29=0xb0c56000
       31102000	      1453	80000338	673e8e93	addi	x29,x29,1651	 x29:0xb0c56000 x29=0xb0c56673
       31122000	      1454	8000033c	f208df37	lui	x30,0xf208d	 x30=0xf208d000
       31162000	      1456	80000340	d6cf0f13	addi	x30,x30,-660	 x30:0xf208d000 x30=0xf208cd6c
       31562000	      1476	80000344	09249fb7	lui	x31,0x9249	 x31=0x09249000
       31802000	      1488	80000348	2b6f8f93	addi	x31,x31,694	 x31:0x09249000 x31=0x092492b6
       31822000	      1489	8000034c	00029b97	auipc	x23,0x29	 x23=0x8002934c
       32242000	      1510	80000350	b18b8b93	addi	x23,x23,-1256	 x23:0x8002934c x23=0x80028e64
       32262000	      1511	80000354	90000d37	lui	x26,0x90000	 x26=0x90000000
       32282000	      1512	80000358	1d71	c.addi	x26,-4	 x26:0x90000000 x26=0x8ffffffc
       32302000	      1513	8000035a	4d81	c.li	x27,0	 x27=0x00000000
       32702000	      1533	8000035c	0da2	c.slli	x27,0x8	 x27:0x00000000 x27=0x00000000
       32722000	      1534	8000035e	000d8d93	addi	x27,x27,0	 x27:0x00000000 x27=0x00000000
       33182000	      1557	80000362	01bd2023	sw	x27,0(x26)	 x26:0x8ffffffc x27:0x00000000 PA:0x8ffffffc store:0x00000000 load:0xffffffff
       33202000	      1558	80000366	1560306f	jal	x0,800034bc	  x0=0x00000000
       44962000	      2146	800034bc	00010297	auipc	x5,0x10	  x5=0x800134bc
       44982000	      2147	800034c0	52728293	addi	x5,x5,1319	  x5:0x800134bc  x5=0x800139e3
       45002000	      2148	800034c4	008a1433	sll	x8,x20,x8	 x20:0x80000000  x8:0x0000000d  x8=0x00000000
       45362000	      2166	800034c8	0a92aa03	lw	x20,169(x5)	  x5:0x800139e3 x20=0x31dc3660 PA:0x80013a8c load:0x31dc3660
       45382000	      2167	800034cc	0a92d883	lhu	x17,169(x5)	  x5:0x800139e3 x17=0x00003660 PA:0x80013a8c load:0x00003660
       45602000	      2178	800034d0	0a32a4a3	sw	x3,169(x5)	  x5:0x800139e3  x3:0x80000000 PA:0x80013a8c store:0x80000000 load:0xffffffff
       45882000	      2192	800034d4	0a92a103	lw	x2,169(x5)	  x5:0x800139e3  x2=0x80000000 PA:0x80013a8c load:0x80000000
       46142000	      2205	800034d8	0a92aa03	lw	x20,169(x5)	  x5:0x800139e3 x20=0x80000000 PA:0x80013a8c load:0x80000000
       46522000	      2224	800034dc	0b3284a3	sb	x19,169(x5)	  x5:0x800139e3 x19:0x247fa134 PA:0x80013a8c store:0x247fa134 load:0x000000ff
       46582000	      2227	800034e0	0a92d783	lhu	x15,169(x5)	  x5:0x800139e3 x15=0x00000034 PA:0x80013a8c load:0x00000034
       46602000	      2228	800034e4	0001	c.addi	x0,0	  x0:0x00000000  x0=0x00000000
       46622000	      2229	800034e6	57fd	c.li	x15,-1	 x15=0xffffffff
       46722000	      2234	800034e8	0a929c83	lh	x25,169(x5)	  x5:0x800139e3 x25=0x00000034 PA:0x80013a8c load:0x00000034
       46742000	      2235	800034ec	015f0533	add	x10,x30,x21	 x30:0xf208cd6c x21:0x3377a6b3 x10=0x2580741f
       47202000	      2258	800034f0	0be294a3	sh	x30,169(x5)	  x5:0x800139e3 x30:0xf208cd6c PA:0x80013a8c store:0xf208cd6c load:0x0000ffff
       47222000	      2259	800034f4	6439	c.lui	x8,0xe	  x8=0x0000e000
       47742000	      2285	800034f6	f372dd03	lhu	x26,-201(x5)	  x5:0x800139e3 x26=0x000088ce PA:0x8001391a load:0x000088ce
       47922000	      2294	800034fa	f3729383	lh	x7,-201(x5)	  x5:0x800139e3  x7=0xffff88ce PA:0x8001391a load:0xffff88ce
       47942000	      2295	800034fe	0000100f	fence.i	
       48142000	      2305	80003502	f3c29ba3	sh	x28,-201(x5)	  x5:0x800139e3 x28:0xf756e58b PA:0x8001391a store:0xf756e58b load:0x0000ffff
       48402000	      2318	80003506	f2d29ba3	sh	x13,-201(x5)	  x5:0x800139e3 x13:0x8002cce4 PA:0x8001391a store:0x8002cce4 load:0x0000ffff
       48422000	      2319	8000350a	0c1292a3	sh	x1,197(x5)	  x5:0x800139e3  x1:0x49ecc087 PA:0x80013aa8 store:0x49ecc087 load:0x0000ffff
       48442000	      2320	8000350e	0d5282a3	sb	x21,197(x5)	  x5:0x800139e3 x21:0x3377a6b3 PA:0x80013aa8 store:0x3377a6b3 load:0x000000ff
       48762000	      2336	80003512	0c528e03	lb	x28,197(x5)	  x5:0x800139e3 x28=0xffffffb3 PA:0x80013aa8 load:0xffffffb3
       48822000	      2339	80003516	0da292a3	sh	x26,197(x5)	  x5:0x800139e3 x26:0x000088ce PA:0x80013aa8 store:0x000088ce load:0x0000ffff
       48842000	      2340	8000351a	00010117	auipc	x2,0x10	  x2=0x8001351a
       48862000	      2341	8000351e	0ab10113	addi	x2,x2,171	  x2:0x8001351a  x2=0x800135c5
       48882000	      2342	80003522	1303a393	slti	x7,x7,304	  x7:0xffff88ce  x7=0x00000001
       48902000	      2343	80003526	997d	c.andi	x10,-1	 x10:0x2580741f x10=0x2580741f
       49362000	      2366	80003528	01614503	lbu	x10,22(x2)	  x2:0x800135c5 x10=0x00000060 PA:0x800135db load:0x00000060
       49382000	      2367	8000352c	24a241b7	lui	x3,0x24a24	  x3=0x24a24000
       49402000	      2368	80003530	00191193	slli	x3,x18,0x1	 x18:0x80000000  x3=0x00000000
       49762000	      2386	80003534	01010383	lb	x7,16(x2)	  x2:0x800135c5  x7=0x0000003b PA:0x800135d5 load:0x0000003b
       49782000	      2387	80003538	00a1d733	srl	x14,x3,x10	  x3:0x00000000 x10:0x00000060 x14=0x00000000
       50242000	      2410	8000353c	02f14703	lbu	x14,47(x2)	  x2:0x800135c5 x14=0x000000a2 PA:0x800135f4 load:0x000000a2
       50262000	      2411	80003540	00e89913	slli	x18,x17,0xe	 x17:0x00003660 x18=0x0d980000
       50322000	      2414	80003544	01110923	sb	x17,18(x2)	  x2:0x800135c5 x17:0x00003660 PA:0x800135d7 store:0x00003660 load:0x000000ff
       50342000	      2415	80003548	8769	c.srai	x14,0x1a	 x14:0x000000a2 x14=0x00000000
       50362000	      2416	8000354a	0ff0000f	fence	iorw,iorw	
       50382000	      2417	8000354e	18fd	c.addi	x17,-1	 x17:0x00003660 x17=0x0000365f
       51042000	      2450	80003550	ff211ea3	sh	x18,-3(x2)	  x2:0x800135c5 x18:0x0d980000 PA:0x800135c2 store:0x0d980000 load:0x0000ffff
       51062000	      2451	80003554	df257537	lui	x10,0xdf257	 x10=0xdf257000
       51122000	      2454	80003558	fed11883	lh	x17,-19(x2)	  x2:0x800135c5 x17=0xffff9bf4 PA:0x800135b2 load:0xffff9bf4
       51162000	      2456	8000355c	fc111883	lh	x17,-63(x2)	  x2:0x800135c5 x17=0xffffd08a PA:0x80013586 load:0xffffd08a
       51182000	      2457	80003560	01210023	sb	x18,0(x2)	  x2:0x800135c5 x18:0x0d980000 PA:0x800135c5 store:0x0d980000 load:0x000000ff
       51202000	      2458	80003564	8779	c.srai	x14,0x1e	 x14:0x00000000 x14=0x00000000
       51462000	      2471	80003566	01014183	lbu	x3,16(x2)	  x2:0x800135c5  x3=0x0000003b PA:0x800135d5 load:0x0000003b
       51482000	      2472	8000356a	834d	c.srli	x14,0x13	 x14:0x00000000 x14=0x00000000
       51502000	      2473	8000356c	d0bc6517	auipc	x10,0xd0bc6	 x10=0x50bc956c
       51762000	      2486	80003570	03210523	sb	x18,42(x2)	  x2:0x800135c5 x18:0x0d980000 PA:0x800135ef store:0x0d980000 load:0x000000ff
       51782000	      2487	80003574	8d09	c.sub	x10,x10	 x10:0x50bc956c x10:0x50bc956c x10=0x00000000
       51802000	      2488	80003576	40a95533	sra	x10,x18,x10	 x18:0x0d980000 x10:0x00000000 x10=0x0d980000
       51862000	      2491	8000357a	fee10623	sb	x14,-20(x2)	  x2:0x800135c5 x14:0x00000000 PA:0x800135b1 store:0x00000000 load:0x000000ff
       51882000	      2492	8000357e	871d	c.srai	x14,0x7	 x14:0x00000000 x14=0x00000000
       51902000	      2493	80003580	0073a8b3	slt	x17,x7,x7	  x7:0x0000003b  x7:0x0000003b x17=0x00000000
       51962000	      2496	80003584	01e14383	lbu	x7,30(x2)	  x2:0x800135c5  x7=0x00000058 PA:0x800135e3 load:0x00000058
       52262000	      2511	80003588	01190733	add	x14,x18,x17	 x18:0x0d980000 x17:0x00000000 x14=0x0d980000
       52682000	      2532	8000358c	a7d1e513	ori	x10,x3,-1411	  x3:0x0000003b x10=0xfffffa7f
       52702000	      2533	80003590	0000100f	fence.i	
       53162000	      2556	80003594	68d5	c.lui	x17,0x15	 x17=0x00015000
       53282000	      2562	80003596	01914383	lbu	x7,25(x2)	  x2:0x800135c5  x7=0x00000076 PA:0x800135de load:0x00000076
       54062000	      2601	8000359a	02374533	div	x10,x14,x3	 x14:0x0d980000  x3:0x0000003b x10=0x003afba9
       54522000	      2624	8000359e	fd1104a3	sb	x17,-55(x2)	  x2:0x800135c5 x17:0x00015000 PA:0x8001358e store:0x00015000 load:0x000000ff
       54582000	      2627	800035a2	fd114503	lbu	x10,-47(x2)	  x2:0x800135c5 x10=0x000000fe PA:0x80013596 load:0x000000fe
       54602000	      2628	800035a6	8b55	c.andi	x14,21	 x14:0x0d980000 x14=0x00000000
       54622000	      2629	800035a8	b4d56917	auipc	x18,0xb4d56	 x18=0x34d595a8
       54642000	      2630	800035ac	01d5	c.addi	x3,21	  x3:0x0000003b  x3=0x00000050
       54662000	      2631	800035ae	40a95533	sra	x10,x18,x10	 x18:0x34d595a8 x10:0x000000fe x10=0x00000000
       54702000	      2633	800035b2	02a3e8b3	rem	x17,x7,x10	  x7:0x00000076 x10:0x00000000 x17=0x00000076
       54942000	      2645	800035b6	003123a3	sw	x3,7(x2)	  x2:0x800135c5  x3:0x00000050 PA:0x800135cc store:0x00000050 load:0xffffffff
       54962000	      2646	800035ba	42a1	c.li	x5,8	  x5=0x00000008
       55002000	      2648	800035bc	020d7333	remu	x6,x26,x0	 x26:0x000088ce  x0:0x00000000  x6=0x000088ce
       55042000	      2650	800035c0	0001	c.addi	x0,0	  x0:0x00000000  x0=0x00000000
       55062000	      2651	800035c2	0680	c.addi4spn	x8,x2,832	  x8=0x80013905
       55282000	      2662	800035c4	01ec17b3	sll	x15,x24,x30	 x24:0x80000000 x30:0xf208cd6c x15=0x00000000
       55702000	      2683	800035c8	01eddc93	srli	x25,x27,0x1e	 x27:0x00000000 x25=0x00000000
       55862000	      2691	800035cc	0012b1b3	sltu	x3,x5,x1	  x5:0x00000008  x1:0x49ecc087  x3=0x00000001
       55942000	      2695	800035d0	e2638493	addi	x9,x7,-474	  x7:0x00000076  x9=0xfffffe9c
       56122000	      2704	800035d4	997d	c.andi	x10,-1	 x10:0x00000000 x10=0x00000000
       56142000	      2705	800035d6	4c5c0e13	addi	x28,x24,1221	 x24:0x80000000 x28=0x800004c5
       56162000	      2706	800035da	0096a833	slt	x16,x13,x9	 x13:0x8002cce4  x9:0xfffffe9c x16=0x00000001
       56182000	      2707	800035de	409d	c.li	x1,7	  x1=0x00000007
       56202000	      2708	800035e0	00e277b3	and	x15,x4,x14	  x4:0x80000000 x14:0x00000000 x15=0x00000000
       56222000	      2709	800035e4	010a1893	slli	x17,x20,0x10	 x20:0x80000000 x17=0x00000000
       56242000	      2710	800035e8	0a25	c.addi	x20,9	 x20:0x80000000 x20=0x80000009
       56462000	      2721	800035ea	729df493	andi	x9,x27,1833	 x27:0x00000000  x9=0x00000000
       56482000	      2722	800035ee	12ed	c.addi	x5,-5	  x5:0x00000008  x5=0x00000003
       56582000	      2727	800035f0	fe1bc413	xori	x8,x23,-31	 x23:0x80028e64  x8=0x7ffd7185
       56602000	      2728	800035f4	9c177f13	andi	x30,x14,-1599	 x14:0x00000000 x30=0x00000000
       56622000	      2729	800035f8	416d0433	sub	x8,x26,x22	 x26:0x000088ce x22:0x0000000e  x8=0x000088c0
       56642000	      2730	800035fc	fe12f6e3	bgeu	x5,x1,800035e8	  x5:0x00000003  x1:0x00000007
       57062000	      2751	80003600	00b41893	slli	x17,x8,0xb	  x8:0x000088c0 x17=0x04460000
       57082000	      2752	80003604	01c000ef	jal	x1,80003620	  x1=0x80003608
       57362000	      2766	80003620	ff1ff36f	jal	x6,80003610	  x6=0x80003624
       58502000	      2823	80003610	a00d	c.j	80003632	
       58962000	      2846	80003632	bff5	c.j	8000362e	
       59362000	      2866	8000362e	b7f5	c.j	8000361a	
       60082000	      2902	8000361a	ff9ff8ef	jal	x17,80003612	 x17=0x8000361e
       61242000	      2960	80003612	3fdd	c.jal	80003608	  x1=0x80003614
       61682000	      2982	80003608	02c000ef	jal	x1,80003634	  x1=0x8000360c
       61742000	      2985	80003634	fe1ff0ef	jal	x1,80003614	  x1=0x80003638
       61802000	      2988	80003614	2811	c.jal	80003628	  x1=0x80003616
       61862000	      2991	80003628	2811	c.jal	8000363c	  x1=0x8000362a
       61902000	      2993	8000363c	fdbff0ef	jal	x1,80003616	  x1=0x80003640
       61982000	      2997	80003616	008004ef	jal	x9,8000361e	  x9=0x8000361a
       62022000	      2999	8000361e	a031	c.j	8000362a	
       62082000	      3002	8000362a	006007ef	jal	x15,80003630	 x15=0x8000362e
       62142000	      3005	80003630	a029	c.j	8000363a	
       62182000	      3007	8000363a	bffd	c.j	80003638	
       62222000	      3009	80003638	37f5	c.jal	80003624	  x1=0x8000363a
       62262000	      3011	80003624	fe9ff36f	jal	x6,8000360c	  x6=0x80003628
       62302000	      3013	8000360c	0340036f	jal	x6,80003640	  x6=0x80003610
       62342000	      3015	80003640	f63e5197	auipc	x3,0xf63e5	  x3=0x763e8640
       62362000	      3016	80003644	00018d17	auipc	x26,0x18	 x26=0x8001b644
       62582000	      3027	80003648	be5d0d13	addi	x26,x26,-1051	 x26:0x8001b644 x26=0x8001b229
       62642000	      3030	8000364c	f62d4c83	lbu	x25,-158(x26)	 x26:0x8001b229 x25=0x000000bb PA:0x8001b18b load:0x000000bb
       62802000	      3038	80003650	8e59	c.or	x12,x14	 x12:0xea41e80f x14:0x00000000 x12=0xea41e80f
       62942000	      3045	80003652	207c4f93	xori	x31,x24,519	 x24:0x80000000 x31=0x80000207
       62962000	      3046	80003656	64b9	c.lui	x9,0xe	  x9=0x0000e000
       63162000	      3056	80003658	fa7d0da3	sb	x7,-69(x26)	 x26:0x8001b229  x7:0x00000076 PA:0x8001b1e4 store:0x00000076 load:0x000000ff
       63182000	      3057	8000365c	0001	c.addi	x0,0	  x0:0x00000000  x0=0x00000000
       63262000	      3061	8000365e	01e18b33	add	x22,x3,x30	  x3:0x763e8640 x30:0x00000000 x22=0x763e8640
       64042000	      3100	80003662	03c9e3b3	rem	x7,x19,x28	 x19:0x247fa134 x28:0x800004c5  x7=0x247fa134
       64222000	      3109	80003666	0d6d0b03	lb	x22,214(x26)	 x26:0x8001b229 x22=0x0000001c PA:0x8001b2ff load:0x0000001c
       64242000	      3110	8000366a	717d	c.addi16sp	x2,-16	  x2:0x800135c5  x2=0x800135b5
       64582000	      3127	8000366c	010d0f83	lb	x31,16(x26)	 x26:0x8001b229 x31=0x00000078 PA:0x8001b239 load:0x00000078
       64602000	      3128	80003670	50cf6a93	ori	x21,x30,1292	 x30:0x00000000 x21=0x0000050c
       64622000	      3129	80003674	83d9	c.srli	x15,0x16	 x15:0x8000362e x15=0x00000200
       64642000	      3130	80003676	0001	c.addi	x0,0	  x0:0x00000000  x0=0x00000000
       64662000	      3131	80003678	87fd	c.srai	x15,0x1f	 x15:0x00000200 x15=0x00000000
       64722000	      3134	8000367a	fa3d0023	sb	x3,-96(x26)	 x26:0x8001b229  x3:0x763e8640 PA:0x8001b1c9 store:0x763e8640 load:0x000000ff
       64742000	      3135	8000367e	1db02013	slti	x0,x0,475	  x0:0x00000000  x0=0x00000000
       64762000	      3136	80003682	002ed413	srli	x8,x29,0x2	 x29:0xb0c56673  x8=0x2c31599c
       64922000	      3144	80003686	0002bf33	sltu	x30,x5,x0	  x5:0x00000003  x0:0x00000000 x30=0x00000000
       64942000	      3145	8000368a	19fd	c.addi	x19,-1	 x19:0x247fa134 x19=0x247fa133
       64962000	      3146	8000368c	8956	c.mv	x18,x21	  x0:0x00000000 x21:0x0000050c x18=0x0000050c
       65322000	      3164	8000368e	f54d4f03	lbu	x30,-172(x26)	 x26:0x8001b229 x30=0x00000020 PA:0x8001b17d load:0x00000020
       65342000	      3165	80003692	87d9	c.srai	x15,0x16	 x15:0x00000000 x15=0x00000000
       65362000	      3166	80003694	01351833	sll	x16,x10,x19	 x10:0x00000000 x19:0x247fa133 x16=0x00000000
       65382000	      3167	80003698	0d10	c.addi4spn	x12,x2,656	 x12=0x80013845
       65582000	      3177	8000369a	98b2ec13	ori	x24,x5,-1653	  x5:0x00000003 x24=0xfffff98b
       65962000	      3196	8000369e	023d0ca3	sb	x3,57(x26)	 x26:0x8001b229  x3:0x763e8640 PA:0x8001b262 store:0x763e8640 load:0x000000ff
       66182000	      3207	800036a2	0f8d0203	lb	x4,248(x26)	 x26:0x8001b229  x4=0xffffffab PA:0x8001b321 load:0xffffffab
       66202000	      3208	800036a6	1d852093	slti	x1,x10,472	 x10:0x00000000  x1=0x00000001
       66282000	      3212	800036aa	fa6d11a3	sh	x6,-93(x26)	 x26:0x8001b229  x6:0x80003610 PA:0x8001b1cc store:0x80003610 load:0x0000ffff
       66462000	      3221	800036ae	06ed0283	lb	x5,110(x26)	 x26:0x8001b229  x5=0xffffffd7 PA:0x8001b297 load:0xffffffd7
       66482000	      3222	800036b2	0ff0000f	fence	iorw,iorw	
       66602000	      3228	800036b6	f72d4003	lbu	x0,-142(x26)	 x26:0x8001b229  x0=0x00000000 PA:0x8001b19b load:0x00000092
       66702000	      3233	800036ba	08ad4703	lbu	x14,138(x26)	 x26:0x8001b229 x14=0x00000036 PA:0x8001b2b3 load:0x00000036
       66902000	      3243	800036be	ffcd0b23	sb	x28,-10(x26)	 x26:0x8001b229 x28:0x800004c5 PA:0x8001b21f store:0x800004c5 load:0x000000ff
       66922000	      3244	800036c2	8e45	c.or	x12,x9	 x12:0x80013845  x9:0x0000e000 x12=0x8001f845
       66942000	      3245	800036c4	4062dfb3	sra	x31,x5,x6	  x5:0xffffffd7  x6:0x80003610 x31=0xffffffff
       66962000	      3246	800036c8	0918	c.addi4spn	x14,x2,144	 x14=0x80013645
       66982000	      3247	800036ca	01704733	xor	x14,x0,x23	  x0:0x00000000 x23:0x80028e64 x14=0x80028e64
       67042000	      3250	800036ce	0fed0303	lb	x6,254(x26)	 x26:0x8001b229  x6=0x00000058 PA:0x8001b327 load:0x00000058
       67082000	      3252	800036d2	0105a033	slt	x0,x11,x16	 x11:0xf1e8b1fd x16:0x00000000  x0=0x00000000
       67542000	      3275	800036d6	f30d0323	sb	x16,-218(x26)	 x26:0x8001b229 x16:0x00000000 PA:0x8001b14f store:0x00000000 load:0x000000ff
       67602000	      3278	800036da	01cd0a23	sb	x28,20(x26)	 x26:0x8001b229 x28:0x800004c5 PA:0x8001b23d store:0x800004c5 load:0x000000ff
       67742000	      3285	800036de	03ad0a83	lb	x21,58(x26)	 x26:0x8001b229 x21=0x0000007a PA:0x8001b263 load:0x0000007a
       67762000	      3286	800036e2	0001	c.addi	x0,0	  x0:0x00000000  x0=0x00000000
       67782000	      3287	800036e4	a2256017	auipc	x0,0xa2256	  x0=0x00000000
       68182000	      3307	800036e8	f8ad0803	lb	x16,-118(x26)	 x26:0x8001b229 x16=0xffffffab PA:0x8001b1b3 load:0xffffffab
       68202000	      3308	800036ec	0001df17	auipc	x30,0x1d	 x30=0x800206ec
       68222000	      3309	800036f0	e21f0f13	addi	x30,x30,-479	 x30:0x800206ec x30=0x8002050d
       68242000	      3310	800036f4	00010617	auipc	x12,0x10	 x12=0x800136f4
       68262000	      3311	800036f8	e4d60613	addi	x12,x12,-435	 x12:0x800136f4 x12=0x80013541
       68462000	      3321	800036fc	774f27a3	sw	x20,1903(x30)	 x30:0x8002050d x20:0x80000009 PA:0x80020c7c store:0x80000009 load:0xffffffff
       68682000	      3332	80003700	02c64003	lbu	x0,44(x12)	 x12:0x80013541  x0=0x00000000 PA:0x8001356d load:0x00000018
       68882000	      3342	80003704	6b1f0a23	sb	x17,1716(x30)	 x30:0x8002050d x17:0x8000361e PA:0x80020bc1 store:0x8000361e load:0x000000ff
       69022000	      3349	80003708	820f2ba3	sw	x0,-1993(x30)	 x30:0x8002050d  x0:0x00000000 PA:0x8001fd44 store:0x00000000 load:0xffffffff
       77262000	      3761	8000370c	01564303	lbu	x6,21(x12)	 x12:0x80013541  x6=0x000000fd PA:0x80013556 load:0x000000fd
       77322000	      3764	80003710	17cf0903	lb	x18,380(x30)	 x30:0x8002050d x18=0x00000058 PA:0x80020689 load:0x00000058
       77342000	      3765	80003714	fe761883	lh	x17,-25(x12)	 x12:0x80013541 x17=0xffffee42 PA:0x80013528 load:0xffffee42
       77382000	      3767	80003718	746f10a3	sh	x6,1857(x30)	 x30:0x8002050d  x6:0x000000fd PA:0x80020c4e store:0x000000fd load:0x0000ffff
       77402000	      3768	8000371c	03e60403	lb	x8,62(x12)	 x12:0x80013541  x8=0x00000006 PA:0x8001357f load:0x00000006
       77442000	      3770	80003720	fca60423	sb	x10,-56(x12)	 x12:0x80013541 x10:0x00000000 PA:0x80013509 store:0x00000000 load:0x000000ff
       77682000	      3782	80003724	61cf0e83	lb	x29,1564(x30)	 x30:0x8002050d x29=0x00000059 PA:0x80020b29 load:0x00000059
       78142000	      3805	80003728	ccef18a3	sh	x14,-815(x30)	 x30:0x8002050d x14:0x80028e64 PA:0x800201de store:0x80028e64 load:0x0000ffff
       78602000	      3828	8000372c	fdb64b03	lbu	x22,-37(x12)	 x12:0x80013541 x22=0x000000f9 PA:0x8001351c load:0x000000f9
       78682000	      3832	80003730	ab7f0023	sb	x23,-1376(x30)	 x30:0x8002050d x23:0x80028e64 PA:0x8001ffad store:0x80028e64 load:0x000000ff
       78702000	      3833	80003734	fd761ca3	sh	x23,-39(x12)	 x12:0x80013541 x23:0x80028e64 PA:0x8001351a store:0x80028e64 load:0x0000ffff
       78722000	      3834	80003738	0241	c.addi	x4,16	  x4:0xffffffab  x4=0xffffffbb
       78742000	      3835	8000373a	510c71b7	lui	x3,0x510c7	  x3=0x510c7000
       79482000	      3872	8000373e	03824833	div	x16,x4,x24	  x4:0xffffffbb x24:0xfffff98b x16=0x00000000
       79502000	      3873	80003742	4815	c.li	x16,5	 x16=0x00000005
       79522000	      3874	80003744	01710733	add	x14,x2,x23	  x2:0x800135b5 x23:0x80028e64 x14=0x0003c419
       79542000	      3875	80003748	012a5e13	srli	x28,x20,0x12	 x20:0x80000009 x28=0x00002000
       79562000	      3876	8000374c	9b0e	c.add	x22,x3	 x22:0x000000f9  x3:0x510c7000 x22=0x510c70f9
       79582000	      3877	8000374e	03f40a63	beq	x8,x31,80003782	  x8:0x00000006 x31:0xffffffff
       79622000	      3879	80003752	021a1333	mulh	x6,x20,x1	 x20:0x80000009  x1:0x00000001  x6=0xffffffff
       80462000	      3921	80003756	0396c2b3	div	x5,x13,x25	 x13:0x8002cce4 x25:0x000000bb  x5=0xff50c8f8
       80482000	      3922	8000375a	0013ea33	or	x20,x7,x1	  x7:0x247fa134  x1:0x00000001 x20=0x247fa135
       80502000	      3923	8000375e	8f75	c.and	x14,x13	 x14:0x0003c419 x13:0x8002cce4 x14=0x0002c400
       80522000	      3924	80003760	023e	c.slli	x4,0xf	  x4:0xffffffbb  x4=0xffdd8000
       80542000	      3925	80003762	9ee16313	ori	x6,x2,-1554	  x2:0x800135b5  x6=0xfffffdff
       80562000	      3926	80003766	537d	c.li	x6,-1	  x6=0xffffffff
       80582000	      3927	80003768	009631b3	sltu	x3,x12,x9	 x12:0x80013541  x9:0x0000e000  x3=0x00000000
       80622000	      3929	8000376c	020ad1b3	divu	x3,x21,x0	 x21:0x0000007a  x0:0x00000000  x3=0xffffffff
       80722000	      3934	80003770	1f7d	c.addi	x30,-1	 x30:0x8002050d x30=0x8002050c
       80742000	      3935	80003772	8e09	c.sub	x12,x10	 x12:0x80013541 x10:0x00000000 x12=0x80013541
       80762000	      3936	80003774	00484cb3	xor	x25,x16,x4	 x16:0x00000005  x4:0xffdd8000 x25=0xffdd8005
       80782000	      3937	80003778	191c	c.addi4spn	x15,x2,176	 x15=0x80013665
       80802000	      3938	8000377a	cd05	c.beqz	x10,800037b2	 x10:0x00000000
       81342000	      3965	800037b2	41b2d433	sra	x8,x5,x27	  x5:0xff50c8f8 x27:0x00000000  x8=0xff50c8f8
       81482000	      3972	800037b6	e431c993	xori	x19,x3,-445	  x3:0xffffffff x19=0x000001bc
       81742000	      3985	800037ba	3f9e7e97	auipc	x29,0x3f9e7	 x29=0xbf9ea7ba
       81762000	      3986	800037be	84f9	c.srai	x9,0x1e	  x9:0x0000e000  x9=0x00000000
       81782000	      3987	800037c0	411a5813	srai	x16,x20,0x11	 x20:0x247fa135 x16=0x0000123f
       81822000	      3989	800037c4	00f2	c.slli	x1,0x1c	  x1:0x00000001  x1=0x10000000
       82242000	      4010	800037c6	003cbe33	sltu	x28,x25,x3	 x25:0xffdd8005  x3:0xffffffff x28=0x00000001
       82262000	      4011	800037ca	8cf5	c.and	x9,x13	  x9:0x00000000 x13:0x8002cce4  x9=0x00000000
       82282000	      4012	800037cc	850a	c.mv	x10,x2	  x0:0x00000000  x2:0x800135b5 x10=0x800135b5
       82322000	      4014	800037ce	029751b3	divu	x3,x14,x9	 x14:0x0002c400  x9:0x00000000  x3=0xffffffff
       82562000	      4026	800037d2	01de1c33	sll	x24,x28,x29	 x28:0x00000001 x29:0xbf9ea7ba x24=0x04000000
       82582000	      4027	800037d6	03d8d263	bge	x17,x29,800037fa	 x17:0xffffee42 x29:0xbf9ea7ba
       83142000	      4055	800037fa	03f72233	mulhsu	x4,x14,x31	 x14:0x0002c400 x31:0xffffffff  x4=0x0002c3ff
       83162000	      4056	800037fe	01f4e2b3	or	x5,x9,x31	  x9:0x00000000 x31:0xffffffff  x5=0xffffffff
       83182000	      4057	80003802	9792	c.add	x15,x4	 x15:0x80013665  x4:0x0002c3ff x15=0x8003fa64
       83202000	      4058	80003804	cd09	c.beqz	x10,8000381e	 x10:0x800135b5
       83222000	      4059	80003806	0efa4e13	xori	x28,x20,239	 x20:0x247fa135 x28=0x247fa1da
       83242000	      4060	8000380a	01dcd4b3	srl	x9,x25,x29	 x25:0xffdd8005 x29:0xbf9ea7ba  x9=0x0000003f
       83322000	      4064	8000380e	40348fb3	sub	x31,x9,x3	  x9:0x0000003f  x3:0xffffffff x31=0x00000040
       83342000	      4065	80003812	9cfb4613	xori	x12,x22,-1585	 x22:0x510c70f9 x12=0xaef38936
       83402000	      4068	80003816	4109de33	sra	x28,x19,x16	 x19:0x000001bc x16:0x0000123f x28=0x00000000
       83722000	      4084	8000381a	41eddeb3	sra	x29,x27,x30	 x27:0x00000000 x30:0x8002050c x29=0x00000000
       83742000	      4085	8000381e	0a84	c.addi4spn	x9,x2,336	  x9=0x80013705
       83762000	      4086	80003820	019fba33	sltu	x20,x31,x25	 x31:0x00000040 x25:0xffdd8005 x20=0x00000001
       84502000	      4123	80003824	0238deb3	divu	x29,x17,x3	 x17:0xffffee42  x3:0xffffffff x29=0x00000000
       84522000	      4124	80003828	8f6d	c.and	x14,x11	 x14:0x0002c400 x11:0xf1e8b1fd x14=0x00008000
       84542000	      4125	8000382a	01889213	slli	x4,x17,0x18	 x17:0xffffee42  x4=0x42000000
       84562000	      4126	8000382e	8fac	INVALID	
       85042000	      4150	80002700	0800006f	jal	x0,80002780	  x0=0x00000000
       85362000	      4166	80002780	16f1	c.addi	x13,-4	 x13:0x8002cce4 x13=0x8002cce0
       85462000	      4171	80002782	0176a023	sw	x23,0(x13)	 x13:0x8002cce0 x23:0x80028e64 PA:0x8002cce0 store:0x80028e64 load:0xffffffff
       85482000	      4172	80002786	00068bb3	add	x23,x13,x0	 x13:0x8002cce0  x0:0x00000000 x23=0x8002cce0
       85502000	      4173	8000278a	f80b8b93	addi	x23,x23,-128	 x23:0x8002cce0 x23=0x8002cc60
       85662000	      4181	8000278e	001ba223	sw	x1,4(x23)	 x23:0x8002cc60  x1:0x10000000 PA:0x8002cc64 store:0x10000000 load:0xffffffff
       86162000	      4206	80002792	002ba423	sw	x2,8(x23)	 x23:0x8002cc60  x2:0x800135b5 PA:0x8002cc68 store:0x800135b5 load:0xffffffff
       86622000	      4229	80002796	003ba623	sw	x3,12(x23)	 x23:0x8002cc60  x3:0xffffffff PA:0x8002cc6c store:0xffffffff load:0xffffffff
       87082000	      4252	8000279a	004ba823	sw	x4,16(x23)	 x23:0x8002cc60  x4:0x42000000 PA:0x8002cc70 store:0x42000000 load:0xffffffff
       87142000	      4255	8000279e	005baa23	sw	x5,20(x23)	 x23:0x8002cc60  x5:0xffffffff PA:0x8002cc74 store:0xffffffff load:0xffffffff
       87162000	      4256	800027a2	006bac23	sw	x6,24(x23)	 x23:0x8002cc60  x6:0xffffffff PA:0x8002cc78 store:0xffffffff load:0xffffffff
       87342000	      4265	800027a6	007bae23	sw	x7,28(x23)	 x23:0x8002cc60  x7:0x247fa134 PA:0x8002cc7c store:0x247fa134 load:0xffffffff
       87462000	      4271	800027aa	028ba023	sw	x8,32(x23)	 x23:0x8002cc60  x8:0xff50c8f8 PA:0x8002cc80 store:0xff50c8f8 load:0xffffffff
       87562000	      4276	800027ae	029ba223	sw	x9,36(x23)	 x23:0x8002cc60  x9:0x80013705 PA:0x8002cc84 store:0x80013705 load:0xffffffff
       87682000	      4282	800027b2	02aba423	sw	x10,40(x23)	 x23:0x8002cc60 x10:0x800135b5 PA:0x8002cc88 store:0x800135b5 load:0xffffffff
       88262000	      4311	800027b6	02bba623	sw	x11,44(x23)	 x23:0x8002cc60 x11:0xf1e8b1fd PA:0x8002cc8c store:0xf1e8b1fd load:0xffffffff
       88482000	      4322	800027ba	02cba823	sw	x12,48(x23)	 x23:0x8002cc60 x12:0xaef38936 PA:0x8002cc90 store:0xaef38936 load:0xffffffff
       88742000	      4335	800027be	02dbaa23	sw	x13,52(x23)	 x23:0x8002cc60 x13:0x8002cce0 PA:0x8002cc94 store:0x8002cce0 load:0xffffffff
       88802000	      4338	800027c2	02ebac23	sw	x14,56(x23)	 x23:0x8002cc60 x14:0x00008000 PA:0x8002cc98 store:0x00008000 load:0xffffffff
       88902000	      4343	800027c6	02fbae23	sw	x15,60(x23)	 x23:0x8002cc60 x15:0x8003fa64 PA:0x8002cc9c store:0x8003fa64 load:0xffffffff
       88922000	      4344	800027ca	050ba023	sw	x16,64(x23)	 x23:0x8002cc60 x16:0x0000123f PA:0x8002cca0 store:0x0000123f load:0xffffffff
       88942000	      4345	800027ce	051ba223	sw	x17,68(x23)	 x23:0x8002cc60 x17:0xffffee42 PA:0x8002cca4 store:0xffffee42 load:0xffffffff
       88962000	      4346	800027d2	052ba423	sw	x18,72(x23)	 x23:0x8002cc60 x18:0x00000058 PA:0x8002cca8 store:0x00000058 load:0xffffffff
       89242000	      4360	800027d6	053ba623	sw	x19,76(x23)	 x23:0x8002cc60 x19:0x000001bc PA:0x8002ccac store:0x000001bc load:0xffffffff
       89482000	      4372	800027da	054ba823	sw	x20,80(x23)	 x23:0x8002cc60 x20:0x00000001 PA:0x8002ccb0 store:0x00000001 load:0xffffffff
       89962000	      4396	800027de	055baa23	sw	x21,84(x23)	 x23:0x8002cc60 x21:0x0000007a PA:0x8002ccb4 store:0x0000007a load:0xffffffff
       90022000	      4399	800027e2	056bac23	sw	x22,88(x23)	 x23:0x8002cc60 x22:0x510c70f9 PA:0x8002ccb8 store:0x510c70f9 load:0xffffffff
       90102000	      4403	800027e6	057bae23	sw	x23,92(x23)	 x23:0x8002cc60 x23:0x8002cc60 PA:0x8002ccbc store:0x8002cc60 load:0xffffffff
       90162000	      4406	800027ea	078ba023	sw	x24,96(x23)	 x23:0x8002cc60 x24:0x04000000 PA:0x8002ccc0 store:0x04000000 load:0xffffffff
       90442000	      4420	800027ee	079ba223	sw	x25,100(x23)	 x23:0x8002cc60 x25:0xffdd8005 PA:0x8002ccc4 store:0xffdd8005 load:0xffffffff
       90662000	      4431	800027f2	07aba423	sw	x26,104(x23)	 x23:0x8002cc60 x26:0x8001b229 PA:0x8002ccc8 store:0x8001b229 load:0xffffffff
       90882000	      4442	800027f6	07bba623	sw	x27,108(x23)	 x23:0x8002cc60 x27:0x00000000 PA:0x8002cccc store:0x00000000 load:0xffffffff
       90942000	      4445	800027fa	07cba823	sw	x28,112(x23)	 x23:0x8002cc60 x28:0x00000000 PA:0x8002ccd0 store:0x00000000 load:0xffffffff
       91282000	      4462	800027fe	07dbaa23	sw	x29,116(x23)	 x23:0x8002cc60 x29:0x00000000 PA:0x8002ccd4 store:0x00000000 load:0xffffffff
       91342000	      4465	80002802	07ebac23	sw	x30,120(x23)	 x23:0x8002cc60 x30:0x8002050c PA:0x8002ccd8 store:0x8002050c load:0xffffffff
       91382000	      4467	80002806	07fbae23	sw	x31,124(x23)	 x23:0x8002cc60 x31:0x00000040 PA:0x8002ccdc store:0x00000040 load:0xffffffff
       91402000	      4468	8000280a	000b86b3	add	x13,x23,x0	 x23:0x8002cc60  x0:0x00000000 x13=0x8002cc60
       91422000	      4469	8000280e	90000d37	lui	x26,0x90000	 x26=0x90000000
       91442000	      4470	80002812	1d71	c.addi	x26,-4	 x26:0x90000000 x26=0x8ffffffc
       91462000	      4471	80002814	4da1	c.li	x27,8	 x27=0x00000008
       91482000	      4472	80002816	0da2	c.slli	x27,0x8	 x27:0x00000008 x27=0x00000800
       91502000	      4473	80002818	000d8d93	addi	x27,x27,0	 x27:0x00000800 x27=0x00000800
       91562000	      4476	8000281c	01bd2023	sw	x27,0(x26)	 x26:0x8ffffffc x27:0x00000800 PA:0x8ffffffc store:0x00000800 load:0xffffffff
       91582000	      4477	80002820	34102df3	csrrs	x27,mepc,x0	  x0:0x00000000 x27=0x8000382e
       91602000	      4478	80002824	34202df3	csrrs	x27,mcause,x0	  x0:0x00000000 x27=0x00000002
       92002000	      4498	80002828	4d0d	c.li	x26,3	 x26=0x00000003
       92402000	      4518	8000282a	01ad9463	bne	x27,x26,80002832	 x27:0x00000002 x26:0x00000003
       92902000	      4543	80002832	4d21	c.li	x26,8	 x26=0x00000008
       93322000	      4564	80002834	05ad8d63	beq	x27,x26,8000288e	 x27:0x00000002 x26:0x00000008
       93342000	      4565	80002838	4d25	c.li	x26,9	 x26=0x00000009
       93362000	      4566	8000283a	05ad8a63	beq	x27,x26,8000288e	 x27:0x00000002 x26:0x00000009
       93382000	      4567	8000283e	4d2d	c.li	x26,11	 x26=0x0000000b
       93402000	      4568	80002840	05ad8763	beq	x27,x26,8000288e	 x27:0x00000002 x26:0x0000000b
       93802000	      4588	80002844	4d05	c.li	x26,1	 x26=0x00000001
       93882000	      4592	80002846	35ad8363	beq	x27,x26,80002b8c	 x27:0x00000002 x26:0x00000001
       93902000	      4593	8000284a	4d15	c.li	x26,5	 x26=0x00000005
       94022000	      4599	8000284c	63ad8a63	beq	x27,x26,80002e80	 x27:0x00000002 x26:0x00000005
       94042000	      4600	80002850	4d1d	c.li	x26,7	 x26=0x00000007
       94242000	      4610	80002852	15ad8ce3	beq	x27,x26,800031aa	 x27:0x00000002 x26:0x00000007
       94262000	      4611	80002856	4d31	c.li	x26,12	 x26=0x0000000c
       94282000	      4612	80002858	01ad9463	bne	x27,x26,80002860	 x27:0x00000002 x26:0x0000000c
       95642000	      4680	80002860	4d35	c.li	x26,13	 x26=0x0000000d
       95662000	      4681	80002862	01ad9463	bne	x27,x26,8000286a	 x27:0x00000002 x26:0x0000000d
       95842000	      4690	8000286a	4d3d	c.li	x26,15	 x26=0x0000000f
       95862000	      4691	8000286c	01ad9463	bne	x27,x26,80002874	 x27:0x00000002 x26:0x0000000f
       95922000	      4694	80002874	4d09	c.li	x26,2	 x26=0x00000002
       96062000	      4701	80002876	01ad9463	bne	x27,x26,8000287e	 x27:0x00000002 x26:0x00000002
       96482000	      4722	8000287a	54f0f06f	jal	x0,800125c8	  x0=0x00000000
       97002000	      4748	800125c8	90000d37	lui	x26,0x90000	 x26=0x90000000
       97022000	      4749	800125cc	1d71	c.addi	x26,-4	 x26:0x90000000 x26=0x8ffffffc
       97042000	      4750	800125ce	4da9	c.li	x27,10	 x27=0x0000000a
       97062000	      4751	800125d0	0da2	c.slli	x27,0x8	 x27:0x0000000a x27=0x00000a00
       97082000	      4752	800125d2	000d8d93	addi	x27,x27,0	 x27:0x00000a00 x27=0x00000a00
       97782000	      4787	800125d6	01bd2023	sw	x27,0(x26)	 x26:0x8ffffffc x27:0x00000a00 PA:0x8ffffffc store:0x00000a00 load:0xffffffff
       97802000	      4788	800125da	90000d37	lui	x26,0x90000	 x26=0x90000000
       97822000	      4789	800125de	1d71	c.addi	x26,-4	 x26:0x90000000 x26=0x8ffffffc
       97842000	      4790	800125e0	34200d93	addi	x27,x0,834	  x0:0x00000000 x27=0x00000342
       97862000	      4791	800125e4	0da2	c.slli	x27,0x8	 x27:0x00000342 x27=0x00034200
       97882000	      4792	800125e6	0d8d	c.addi	x27,3	 x27:0x00034200 x27=0x00034203
       97982000	      4797	800125e8	01bd2023	sw	x27,0(x26)	 x26:0x8ffffffc x27:0x00034203 PA:0x8ffffffc store:0x00034203 load:0xffffffff
       98002000	      4798	800125ec	34202df3	csrrs	x27,mcause,x0	  x0:0x00000000 x27=0x00000002
       98122000	      4804	800125f0	01bd2023	sw	x27,0(x26)	 x26:0x8ffffffc x27:0x00000002 PA:0x8ffffffc store:0x00000002 load:0xffffffff
       98142000	      4805	800125f4	34102df3	csrrs	x27,mepc,x0	  x0:0x00000000 x27=0x8000382e
       98162000	      4806	800125f8	0d91	c.addi	x27,4	 x27:0x8000382e x27=0x80003832
       98182000	      4807	800125fa	341d9073	csrrw	x0,mepc,x27	 x27:0x80003832  x0=0x00000000
       98202000	      4808	800125fe	00068bb3	add	x23,x13,x0	 x13:0x8002cc60  x0:0x00000000 x23=0x8002cc60
       99142000	      4855	80012602	004ba083	lw	x1,4(x23)	 x23:0x8002cc60  x1=0x10000000 PA:0x8002cc64 load:0x10000000
       99242000	      4860	80012606	008ba103	lw	x2,8(x23)	 x23:0x8002cc60  x2=0x800135b5 PA:0x8002cc68 load:0x800135b5
       99302000	      4863	8001260a	00cba183	lw	x3,12(x23)	 x23:0x8002cc60  x3=0xffffffff PA:0x8002cc6c load:0xffffffff
       99362000	      4866	8001260e	010ba203	lw	x4,16(x23)	 x23:0x8002cc60  x4=0x42000000 PA:0x8002cc70 load:0x42000000
       99382000	      4867	80012612	014ba283	lw	x5,20(x23)	 x23:0x8002cc60  x5=0xffffffff PA:0x8002cc74 load:0xffffffff
       99462000	      4871	80012616	018ba303	lw	x6,24(x23)	 x23:0x8002cc60  x6=0xffffffff PA:0x8002cc78 load:0xffffffff
       99522000	      4874	8001261a	01cba383	lw	x7,28(x23)	 x23:0x8002cc60  x7=0x247fa134 PA:0x8002cc7c load:0x247fa134
       99982000	      4897	8001261e	020ba403	lw	x8,32(x23)	 x23:0x8002cc60  x8=0xff50c8f8 PA:0x8002cc80 load:0xff50c8f8
      100382000	      4917	80012622	024ba483	lw	x9,36(x23)	 x23:0x8002cc60  x9=0x80013705 PA:0x8002cc84 load:0x80013705
      100422000	      4919	80012626	028ba503	lw	x10,40(x23)	 x23:0x8002cc60 x10=0x800135b5 PA:0x8002cc88 load:0x800135b5
      100522000	      4924	8001262a	02cba583	lw	x11,44(x23)	 x23:0x8002cc60 x11=0xf1e8b1fd PA:0x8002cc8c load:0xf1e8b1fd
      100542000	      4925	8001262e	030ba603	lw	x12,48(x23)	 x23:0x8002cc60 x12=0xaef38936 PA:0x8002cc90 load:0xaef38936
      100702000	      4933	80012632	034ba683	lw	x13,52(x23)	 x23:0x8002cc60 x13=0x8002cce0 PA:0x8002cc94 load:0x8002cce0
      100862000	      4941	80012636	038ba703	lw	x14,56(x23)	 x23:0x8002cc60 x14=0x00008000 PA:0x8002cc98 load:0x00008000
      100962000	      4946	8001263a	03cba783	lw	x15,60(x23)	 x23:0x8002cc60 x15=0x8003fa64 PA:0x8002cc9c load:0x8003fa64
      101062000	      4951	8001263e	040ba803	lw	x16,64(x23)	 x23:0x8002cc60 x16=0x0000123f PA:0x8002cca0 load:0x0000123f
      101422000	      4969	80012642	044ba883	lw	x17,68(x23)	 x23:0x8002cc60 x17=0xffffee42 PA:0x8002cca4 load:0xffffee42
      101682000	      4982	80012646	048ba903	lw	x18,72(x23)	 x23:0x8002cc60 x18=0x00000058 PA:0x8002cca8 load:0x00000058
      101702000	      4983	8001264a	04cba983	lw	x19,76(x23)	 x23:0x8002cc60 x19=0x000001bc PA:0x8002ccac load:0x000001bc
      102242000	      5010	8001264e	050baa03	lw	x20,80(x23)	 x23:0x8002cc60 x20=0x00000001 PA:0x8002ccb0 load:0x00000001
      102482000	      5022	80012652	054baa83	lw	x21,84(x23)	 x23:0x8002cc60 x21=0x0000007a PA:0x8002ccb4 load:0x0000007a
      102722000	      5034	80012656	058bab03	lw	x22,88(x23)	 x23:0x8002cc60 x22=0x510c70f9 PA:0x8002ccb8 load:0x510c70f9
      102782000	      5037	8001265a	05cbab83	lw	x23,92(x23)	 x23:0x8002cc60 x23=0x8002cc60 PA:0x8002ccbc load:0x8002cc60
      102842000	      5040	8001265e	060bac03	lw	x24,96(x23)	 x23:0x8002cc60 x24=0x04000000 PA:0x8002ccc0 load:0x04000000
      102902000	      5043	80012662	064bac83	lw	x25,100(x23)	 x23:0x8002cc60 x25=0xffdd8005 PA:0x8002ccc4 load:0xffdd8005
      102922000	      5044	80012666	068bad03	lw	x26,104(x23)	 x23:0x8002cc60 x26=0x8001b229 PA:0x8002ccc8 load:0x8001b229
      102942000	      5045	8001266a	06cbad83	lw	x27,108(x23)	 x23:0x8002cc60 x27=0x00000000 PA:0x8002cccc load:0x00000000
      103362000	      5066	8001266e	070bae03	lw	x28,112(x23)	 x23:0x8002cc60 x28=0x00000000 PA:0x8002ccd0 load:0x00000000
      103422000	      5069	80012672	074bae83	lw	x29,116(x23)	 x23:0x8002cc60 x29=0x00000000 PA:0x8002ccd4 load:0x00000000
      103442000	      5070	80012676	078baf03	lw	x30,120(x23)	 x23:0x8002cc60 x30=0x8002050c PA:0x8002ccd8 load:0x8002050c
      103862000	      5091	8001267a	07cbaf83	lw	x31,124(x23)	 x23:0x8002cc60 x31=0x00000040 PA:0x8002ccdc load:0x00000040
      103882000	      5092	8001267e	080b8b93	addi	x23,x23,128	 x23:0x8002cc60 x23=0x8002cce0
      103902000	      5093	80012682	000b86b3	add	x13,x23,x0	 x23:0x8002cce0  x0:0x00000000 x13=0x8002cce0
      103962000	      5096	80012686	0006ab83	lw	x23,0(x13)	 x13:0x8002cce0 x23=0x80028e64 PA:0x8002cce0 load:0x80028e64
      103982000	      5097	8001268a	0691	c.addi	x13,4	 x13:0x8002cce0 x13=0x8002cce4
      104002000	      5098	8001268c	30200073	mret	
      104062000	      5101	80003832	1608	c.addi4spn	x10,x2,800	 x10=0x800138d5
      104802000	      5138	80003834	0295f0b3	remu	x1,x11,x9	 x11:0xf1e8b1fd  x9:0x80013705  x1=0x71e77af8
      105542000	      5175	80003838	03a56033	rem	x0,x10,x26	 x10:0x800138d5 x26:0x8001b229  x0=0x00000000
      108362000	      5316	8000383c	fd850113	addi	x2,x10,-40	 x10:0x800138d5  x2=0x800138ad
      108382000	      5317	80003840	005f34b3	sltu	x9,x30,x5	 x30:0x8002050c  x5:0xffffffff  x9=0x00000001
      108402000	      5318	80003844	07319a63	bne	x3,x19,800038b8	  x3:0xffffffff x19:0x000001bc
      108702000	      5333	800038b8	005a1a93	slli	x21,x20,0x5	 x20:0x00000001 x21=0x00000020
      108722000	      5334	800038bc	8f75	c.and	x14,x13	 x14:0x00008000 x13:0x8002cce4 x14=0x00008000
      108902000	      5343	800038be	58282e13	slti	x28,x16,1410	 x16:0x0000123f x28=0x00000000
      108922000	      5344	800038c2	01c8bf33	sltu	x30,x17,x28	 x17:0xffffee42 x28:0x00000000 x30=0x00000000
      108942000	      5345	800038c6	c831f513	andi	x10,x3,-893	  x3:0xffffffff x10=0xfffffc83
      108962000	      5346	800038ca	827d	c.srli	x12,0x1f	 x12:0xaef38936 x12=0x00000001
      108982000	      5347	800038cc	617d	c.addi16sp	x2,496	  x2:0x800138ad  x2=0x80013a9d
      109022000	      5349	800038ce	020d6463	bltu	x26,x0,800038f6	 x26:0x8001b229  x0:0x00000000
      109182000	      5357	800038d2	40095133	sra	x2,x18,x0	 x18:0x00000058  x0:0x00000000  x2=0x00000058
      109602000	      5378	800038d6	0177f1b3	and	x3,x15,x23	 x15:0x8003fa64 x23:0x80028e64  x3=0x80028a64
      109622000	      5379	800038da	eb85	c.bnez	x15,8000390a	 x15:0x8003fa64
      110402000	      5418	8000390a	02da9d33	mulh	x26,x21,x13	 x21:0x00000020 x13:0x8002cce4 x26=0xfffffff0
      110422000	      5419	8000390e	01eb9933	sll	x18,x23,x30	 x23:0x80028e64 x30:0x00000000 x18=0x80028e64
      110442000	      5420	80003912	00012997	auipc	x19,0x12	 x19=0x80015912
      110742000	      5435	80003916	dc898993	addi	x19,x19,-568	 x19:0x80015912 x19=0x800156da
      110782000	      5437	8000391a	0001a897	auipc	x17,0x1a	 x17=0x8001d91a
      110802000	      5438	8000391e	b4288893	addi	x17,x17,-1214	 x17:0x8001d91a x17=0x8001d45c
      111342000	      5465	80003922	00988003	lb	x0,9(x17)	 x17:0x8001d45c  x0=0x00000000 PA:0x8001d465 load:0x0000000e
      111802000	      5488	80003926	fc48cf83	lbu	x31,-60(x17)	 x17:0x8001d45c x31=0x0000007e PA:0x8001d420 load:0x0000007e
      111862000	      5491	8000392a	ff29de83	lhu	x29,-14(x19)	 x19:0x800156da x29=0x0000a148 PA:0x800156cc load:0x0000a148
      111982000	      5497	8000392e	ff88db03	lhu	x22,-8(x17)	 x17:0x8001d45c x22=0x0000ebc1 PA:0x8001d454 load:0x0000ebc1
      112002000	      5498	80003932	ff0880a3	sb	x16,-31(x17)	 x17:0x8001d45c x16:0x0000123f PA:0x8001d43d store:0x0000123f load:0x000000ff
      112222000	      5509	80003936	0188d303	lhu	x6,24(x17)	 x17:0x8001d45c  x6=0x000052e7 PA:0x8001d474 load:0x000052e7
      112242000	      5510	8000393a	0069ad83	lw	x27,6(x19)	 x19:0x800156da x27=0x38eec512 PA:0x800156e0 load:0x38eec512
      112262000	      5511	8000393e	03e89083	lh	x1,62(x17)	 x17:0x8001d45c  x1=0xffffe1fc PA:0x8001d49a load:0xffffe1fc
      112282000	      5512	80003942	00898003	lb	x0,8(x19)	 x19:0x800156da  x0=0x00000000 PA:0x800156e2 load:0xffffffee
      112502000	      5523	80003946	0049c303	lbu	x6,4(x19)	 x19:0x800156da  x6=0x0000007d PA:0x800156de load:0x0000007d
      112522000	      5524	8000394a	0398c303	lbu	x6,57(x17)	 x17:0x8001d45c  x6=0x0000001c PA:0x8001d495 load:0x0000001c
      112722000	      5534	8000394e	fed8c183	lbu	x3,-19(x17)	 x17:0x8001d45c  x3=0x0000006a PA:0x8001d449 load:0x0000006a
      113182000	      5557	80003952	fed89523	sh	x13,-22(x17)	 x17:0x8001d45c x13:0x8002cce4 PA:0x8001d446 store:0x8002cce4 load:0x0000ffff
      113342000	      5565	80003956	ffa9dc03	lhu	x24,-6(x19)	 x19:0x800156da x24=0x0000cf93 PA:0x800156d4 load:0x0000cf93
      113442000	      5570	8000395a	ff498f03	lb	x30,-12(x19)	 x19:0x800156da x30=0xffffff8c PA:0x800156ce load:0xffffff8c
      113762000	      5586	8000395e	03f89e23	sh	x31,60(x17)	 x17:0x8001d45c x31:0x0000007e PA:0x8001d498 store:0x0000007e load:0x0000ffff
      113782000	      5587	80003962	0ff0000f	fence	iorw,iorw	
      113802000	      5588	80003966	ffffd597	auipc	x11,0xffffd	 x11=0x80000966
      113822000	      5589	8000396a	a0458593	addi	x11,x11,-1532	 x11:0x80000966 x11=0x8000036a
      113842000	      5590	8000396e	00058067	jalr	x0,0(x11)	 x11:0x8000036a  x0=0x00000000
      114142000	      5605	8000036a	90000d37	lui	x26,0x90000	 x26=0x90000000
      114162000	      5606	8000036e	1d61	c.addi	x26,-8	 x26:0x90000000 x26=0x8ffffff8
      114462000	      5621	80000370	4d81	c.li	x27,0	 x27=0x00000000
      114482000	      5622	80000372	0da2	c.slli	x27,0x8	 x27:0x00000000 x27=0x00000000
      114502000	      5623	80000374	0d85	c.addi	x27,1	 x27:0x00000000 x27=0x00000001
      114562000	      5626	80000376	01bd2023	sw	x27,0(x26)	 x26:0x8ffffff8 x27:0x00000001 PA:0x8ffffff8 store:0x00000001 load:0xffffffff
      154822000	      7639	8000037a	00000073	ecall	
      154882000	      7642	80002700	0800006f	jal	x0,80002780	  x0=0x00000000
      154922000	      7644	80002780	16f1	c.addi	x13,-4	 x13:0x8002cce4 x13=0x8002cce0
      154982000	      7647	80002782	0176a023	sw	x23,0(x13)	 x13:0x8002cce0 x23:0x80028e64 PA:0x8002cce0 store:0x80028e64 load:0xffffffff
      155002000	      7648	80002786	00068bb3	add	x23,x13,x0	 x13:0x8002cce0  x0:0x00000000 x23=0x8002cce0
      155022000	      7649	8000278a	f80b8b93	addi	x23,x23,-128	 x23:0x8002cce0 x23=0x8002cc60
      155282000	      7662	8000278e	001ba223	sw	x1,4(x23)	 x23:0x8002cc60  x1:0xffffe1fc PA:0x8002cc64 store:0xffffe1fc load:0xffffffff
      155442000	      7670	80002792	002ba423	sw	x2,8(x23)	 x23:0x8002cc60  x2:0x00000058 PA:0x8002cc68 store:0x00000058 load:0xffffffff
      155502000	      7673	80002796	003ba623	sw	x3,12(x23)	 x23:0x8002cc60  x3:0x0000006a PA:0x8002cc6c store:0x0000006a load:0xffffffff
      155602000	      7678	8000279a	004ba823	sw	x4,16(x23)	 x23:0x8002cc60  x4:0x42000000 PA:0x8002cc70 store:0x42000000 load:0xffffffff
      155622000	      7679	8000279e	005baa23	sw	x5,20(x23)	 x23:0x8002cc60  x5:0xffffffff PA:0x8002cc74 store:0xffffffff load:0xffffffff
      155782000	      7687	800027a2	006bac23	sw	x6,24(x23)	 x23:0x8002cc60  x6:0x0000001c PA:0x8002cc78 store:0x0000001c load:0xffffffff
      155962000	      7696	800027a6	007bae23	sw	x7,28(x23)	 x23:0x8002cc60  x7:0x247fa134 PA:0x8002cc7c store:0x247fa134 load:0xffffffff
      156062000	      7701	800027aa	028ba023	sw	x8,32(x23)	 x23:0x8002cc60  x8:0xff50c8f8 PA:0x8002cc80 store:0xff50c8f8 load:0xffffffff
      156182000	      7707	800027ae	029ba223	sw	x9,36(x23)	 x23:0x8002cc60  x9:0x00000001 PA:0x8002cc84 store:0x00000001 load:0xffffffff
      156382000	      7717	800027b2	02aba423	sw	x10,40(x23)	 x23:0x8002cc60 x10:0xfffffc83 PA:0x8002cc88 store:0xfffffc83 load:0xffffffff
      156862000	      7741	800027b6	02bba623	sw	x11,44(x23)	 x23:0x8002cc60 x11:0x8000036a PA:0x8002cc8c store:0x8000036a load:0xffffffff
      157042000	      7750	800027ba	02cba823	sw	x12,48(x23)	 x23:0x8002cc60 x12:0x00000001 PA:0x8002cc90 store:0x00000001 load:0xffffffff
      157422000	      7769	800027be	02dbaa23	sw	x13,52(x23)	 x23:0x8002cc60 x13:0x8002cce0 PA:0x8002cc94 store:0x8002cce0 load:0xffffffff
      157522000	      7774	800027c2	02ebac23	sw	x14,56(x23)	 x23:0x8002cc60 x14:0x00008000 PA:0x8002cc98 store:0x00008000 load:0xffffffff
      157582000	      7777	800027c6	02fbae23	sw	x15,60(x23)	 x23:0x8002cc60 x15:0x8003fa64 PA:0x8002cc9c store:0x8003fa64 load:0xffffffff
      157662000	      7781	800027ca	050ba023	sw	x16,64(x23)	 x23:0x8002cc60 x16:0x0000123f PA:0x8002cca0 store:0x0000123f load:0xffffffff
      157722000	      7784	800027ce	051ba223	sw	x17,68(x23)	 x23:0x8002cc60 x17:0x8001d45c PA:0x8002cca4 store:0x8001d45c load:0xffffffff
      157882000	      7792	800027d2	052ba423	sw	x18,72(x23)	 x23:0x8002cc60 x18:0x80028e64 PA:0x8002cca8 store:0x80028e64 load:0xffffffff
      157942000	      7795	800027d6	053ba623	sw	x19,76(x23)	 x23:0x8002cc60 x19:0x800156da PA:0x8002ccac store:0x800156da load:0xffffffff
      157962000	      7796	800027da	054ba823	sw	x20,80(x23)	 x23:0x8002cc60 x20:0x00000001 PA:0x8002ccb0 store:0x00000001 load:0xffffffff
      158402000	      7818	800027de	055baa23	sw	x21,84(x23)	 x23:0x8002cc60 x21:0x00000020 PA:0x8002ccb4 store:0x00000020 load:0xffffffff
      158502000	      7823	800027e2	056bac23	sw	x22,88(x23)	 x23:0x8002cc60 x22:0x0000ebc1 PA:0x8002ccb8 store:0x0000ebc1 load:0xffffffff
      158742000	      7835	800027e6	057bae23	sw	x23,92(x23)	 x23:0x8002cc60 x23:0x8002cc60 PA:0x8002ccbc store:0x8002cc60 load:0xffffffff
      158802000	      7838	800027ea	078ba023	sw	x24,96(x23)	 x23:0x8002cc60 x24:0x0000cf93 PA:0x8002ccc0 store:0x0000cf93 load:0xffffffff
      158822000	      7839	800027ee	079ba223	sw	x25,100(x23)	 x23:0x8002cc60 x25:0xffdd8005 PA:0x8002ccc4 store:0xffdd8005 load:0xffffffff
      158842000	      7840	800027f2	07aba423	sw	x26,104(x23)	 x23:0x8002cc60 x26:0x8ffffff8 PA:0x8002ccc8 store:0x8ffffff8 load:0xffffffff
      159262000	      7861	800027f6	07bba623	sw	x27,108(x23)	 x23:0x8002cc60 x27:0x00000001 PA:0x8002cccc store:0x00000001 load:0xffffffff
      159422000	      7869	800027fa	07cba823	sw	x28,112(x23)	 x23:0x8002cc60 x28:0x00000000 PA:0x8002ccd0 store:0x00000000 load:0xffffffff
      159482000	      7872	800027fe	07dbaa23	sw	x29,116(x23)	 x23:0x8002cc60 x29:0x0000a148 PA:0x8002ccd4 store:0x0000a148 load:0xffffffff
      159822000	      7889	80002802	07ebac23	sw	x30,120(x23)	 x23:0x8002cc60 x30:0xffffff8c PA:0x8002ccd8 store:0xffffff8c load:0xffffffff
      160102000	      7903	80002806	07fbae23	sw	x31,124(x23)	 x23:0x8002cc60 x31:0x0000007e PA:0x8002ccdc store:0x0000007e load:0xffffffff
      160122000	      7904	8000280a	000b86b3	add	x13,x23,x0	 x23:0x8002cc60  x0:0x00000000 x13=0x8002cc60
      160142000	      7905	8000280e	90000d37	lui	x26,0x90000	 x26=0x90000000
      160162000	      7906	80002812	1d71	c.addi	x26,-4	 x26:0x90000000 x26=0x8ffffffc
      160182000	      7907	80002814	4da1	c.li	x27,8	 x27=0x00000008
      160202000	      7908	80002816	0da2	c.slli	x27,0x8	 x27:0x00000008 x27=0x00000800
      160222000	      7909	80002818	000d8d93	addi	x27,x27,0	 x27:0x00000800 x27=0x00000800
      160282000	      7912	8000281c	01bd2023	sw	x27,0(x26)	 x26:0x8ffffffc x27:0x00000800 PA:0x8ffffffc store:0x00000800 load:0xffffffff
      160302000	      7913	80002820	34102df3	csrrs	x27,mepc,x0	  x0:0x00000000 x27=0x8000037a
      160322000	      7914	80002824	34202df3	csrrs	x27,mcause,x0	  x0:0x00000000 x27=0x00000008
      160342000	      7915	80002828	4d0d	c.li	x26,3	 x26=0x00000003
      160362000	      7916	8000282a	01ad9463	bne	x27,x26,80002832	 x27:0x00000008 x26:0x00000003
      160402000	      7918	80002832	4d21	c.li	x26,8	 x26=0x00000008
      160422000	      7919	80002834	05ad8d63	beq	x27,x26,8000288e	 x27:0x00000008 x26:0x00000008
      160502000	      7923	8000288e	90000d37	lui	x26,0x90000	 x26=0x90000000
      160522000	      7924	80002892	1d71	c.addi	x26,-4	 x26:0x90000000 x26=0x8ffffffc
      160642000	      7930	80002894	6d85	c.lui	x27,0x1	 x27=0x00001000
      160662000	      7931	80002896	b00d8d93	addi	x27,x27,-1280	 x27:0x00001000 x27=0x00000b00
      160682000	      7932	8000289a	0da2	c.slli	x27,0x8	 x27:0x00000b00 x27=0x000b0000
      160922000	      7944	8000289c	0d8d	c.addi	x27,3	 x27:0x000b0000 x27=0x000b0003
      161302000	      7963	8000289e	01bd2023	sw	x27,0(x26)	 x26:0x8ffffffc x27:0x000b0003 PA:0x8ffffffc store:0x000b0003 load:0xffffffff
      161322000	      7964	800028a2	b0002df3	csrrs	x27,mcycle,x0	  x0:0x00000000 x27=0x00001f19
      161382000	      7967	800028a6	01bd2023	sw	x27,0(x26)	 x26:0x8ffffffc x27:0x00001f19 PA:0x8ffffffc store:0x00001f19 load:0xffffffff
      161402000	      7968	800028aa	90000d37	lui	x26,0x90000	 x26=0x90000000
      161422000	      7969	800028ae	1d71	c.addi	x26,-4	 x26:0x90000000 x26=0x8ffffffc
      161442000	      7970	800028b0	6d85	c.lui	x27,0x1	 x27=0x00001000
      161462000	      7971	800028b2	b80d8d93	addi	x27,x27,-1152	 x27:0x00001000 x27=0x00000b80
      161482000	      7972	800028b6	0da2	c.slli	x27,0x8	 x27:0x00000b80 x27=0x000b8000
      161502000	      7973	800028b8	0d8d	c.addi	x27,3	 x27:0x000b8000 x27=0x000b8003
      162002000	      7998	800028ba	01bd2023	sw	x27,0(x26)	 x26:0x8ffffffc x27:0x000b8003 PA:0x8ffffffc store:0x000b8003 load:0xffffffff
      162022000	      7999	800028be	b8002df3	csrrs	x27,mcycleh,x0	  x0:0x00000000 x27=0x00000000
      162102000	      8003	800028c2	01bd2023	sw	x27,0(x26)	 x26:0x8ffffffc x27:0x00000000 PA:0x8ffffffc store:0x00000000 load:0xffffffff
      162122000	      8004	800028c6	90000d37	lui	x26,0x90000	 x26=0x90000000
      162142000	      8005	800028ca	1d71	c.addi	x26,-4	 x26:0x90000000 x26=0x8ffffffc
      162162000	      8006	800028cc	6d85	c.lui	x27,0x1	 x27=0x00001000
      162262000	      8011	800028ce	b03d8d93	addi	x27,x27,-1277	 x27:0x00001000 x27=0x00000b03
      162282000	      8012	800028d2	0da2	c.slli	x27,0x8	 x27:0x00000b03 x27=0x000b0300
      162302000	      8013	800028d4	0d8d	c.addi	x27,3	 x27:0x000b0300 x27=0x000b0303
      162362000	      8016	800028d6	01bd2023	sw	x27,0(x26)	 x26:0x8ffffffc x27:0x000b0303 PA:0x8ffffffc store:0x000b0303 load:0xffffffff
      162482000	      8022	800028da	b0302df3	csrrs	x27,mhpmcounter3,x0	  x0:0x00000000 x27=0x000003d7
      162542000	      8025	800028de	01bd2023	sw	x27,0(x26)	 x26:0x8ffffffc x27:0x000003d7 PA:0x8ffffffc store:0x000003d7 load:0xffffffff
      162862000	      8041	800028e2	90000d37	lui	x26,0x90000	 x26=0x90000000
      162882000	      8042	800028e6	1d71	c.addi	x26,-4	 x26:0x90000000 x26=0x8ffffffc
      163282000	      8062	800028e8	6d85	c.lui	x27,0x1	 x27=0x00001000
      163702000	      8083	800028ea	b83d8d93	addi	x27,x27,-1149	 x27:0x00001000 x27=0x00000b83
      163722000	      8084	800028ee	0da2	c.slli	x27,0x8	 x27:0x00000b83 x27=0x000b8300
      164002000	      8098	800028f0	0d8d	c.addi	x27,3	 x27:0x000b8300 x27=0x000b8303
      164462000	      8121	800028f2	01bd2023	sw	x27,0(x26)	 x26:0x8ffffffc x27:0x000b8303 PA:0x8ffffffc store:0x000b8303 load:0xffffffff
      164482000	      8122	800028f6	b8302df3	csrrs	x27,mhpmcounter3h,x0	  x0:0x00000000 x27=0x00000000
      164702000	      8133	800028fa	01bd2023	sw	x27,0(x26)	 x26:0x8ffffffc x27:0x00000000 PA:0x8ffffffc store:0x00000000 load:0xffffffff
      164722000	      8134	800028fe	90000d37	lui	x26,0x90000	 x26=0x90000000
      164742000	      8135	80002902	1d71	c.addi	x26,-4	 x26:0x90000000 x26=0x8ffffffc
      164762000	      8136	80002904	6d85	c.lui	x27,0x1	 x27=0x00001000
      164782000	      8137	80002906	b04d8d93	addi	x27,x27,-1276	 x27:0x00001000 x27=0x00000b04
      164802000	      8138	8000290a	0da2	c.slli	x27,0x8	 x27:0x00000b04 x27=0x000b0400
      164822000	      8139	8000290c	0d8d	c.addi	x27,3	 x27:0x000b0400 x27=0x000b0403
      165062000	      8151	8000290e	01bd2023	sw	x27,0(x26)	 x26:0x8ffffffc x27:0x000b0403 PA:0x8ffffffc store:0x000b0403 load:0xffffffff
      165082000	      8152	80002912	b0402df3	csrrs	x27,mhpmcounter4,x0	  x0:0x00000000 x27=0x0000088c
      165142000	      8155	80002916	01bd2023	sw	x27,0(x26)	 x26:0x8ffffffc x27:0x0000088c PA:0x8ffffffc store:0x0000088c load:0xffffffff
      165162000	      8156	8000291a	90000d37	lui	x26,0x90000	 x26=0x90000000
      165182000	      8157	8000291e	1d71	c.addi	x26,-4	 x26:0x90000000 x26=0x8ffffffc
      165302000	      8163	80002920	6d85	c.lui	x27,0x1	 x27=0x00001000
      165422000	      8169	80002922	b84d8d93	addi	x27,x27,-1148	 x27:0x00001000 x27=0x00000b84
      165442000	      8170	80002926	0da2	c.slli	x27,0x8	 x27:0x00000b84 x27=0x000b8400
      165462000	      8171	80002928	0d8d	c.addi	x27,3	 x27:0x000b8400 x27=0x000b8403
      165822000	      8189	8000292a	01bd2023	sw	x27,0(x26)	 x26:0x8ffffffc x27:0x000b8403 PA:0x8ffffffc store:0x000b8403 load:0xffffffff
      165842000	      8190	8000292e	b8402df3	csrrs	x27,mhpmcounter4h,x0	  x0:0x00000000 x27=0x00000000
      165902000	      8193	80002932	01bd2023	sw	x27,0(x26)	 x26:0x8ffffffc x27:0x00000000 PA:0x8ffffffc store:0x00000000 load:0xffffffff
      165922000	      8194	80002936	90000d37	lui	x26,0x90000	 x26=0x90000000
      165942000	      8195	8000293a	1d71	c.addi	x26,-4	 x26:0x90000000 x26=0x8ffffffc
      165962000	      8196	8000293c	6d85	c.lui	x27,0x1	 x27=0x00001000
      165982000	      8197	8000293e	b05d8d93	addi	x27,x27,-1275	 x27:0x00001000 x27=0x00000b05
      166002000	      8198	80002942	0da2	c.slli	x27,0x8	 x27:0x00000b05 x27=0x000b0500
      166022000	      8199	80002944	0d8d	c.addi	x27,3	 x27:0x000b0500 x27=0x000b0503
      166682000	      8232	80002946	01bd2023	sw	x27,0(x26)	 x26:0x8ffffffc x27:0x000b0503 PA:0x8ffffffc store:0x000b0503 load:0xffffffff
      166802000	      8238	8000294a	b0502df3	csrrs	x27,mhpmcounter5,x0	  x0:0x00000000 x27=0x00000051
      167462000	      8271	8000294e	01bd2023	sw	x27,0(x26)	 x26:0x8ffffffc x27:0x00000051 PA:0x8ffffffc store:0x00000051 load:0xffffffff
      167482000	      8272	80002952	90000d37	lui	x26,0x90000	 x26=0x90000000
      167502000	      8273	80002956	1d71	c.addi	x26,-4	 x26:0x90000000 x26=0x8ffffffc
      167522000	      8274	80002958	6d85	c.lui	x27,0x1	 x27=0x00001000
      167542000	      8275	8000295a	b85d8d93	addi	x27,x27,-1147	 x27:0x00001000 x27=0x00000b85
      167562000	      8276	8000295e	0da2	c.slli	x27,0x8	 x27:0x00000b85 x27=0x000b8500
      167582000	      8277	80002960	0d8d	c.addi	x27,3	 x27:0x000b8500 x27=0x000b8503
      167882000	      8292	80002962	01bd2023	sw	x27,0(x26)	 x26:0x8ffffffc x27:0x000b8503 PA:0x8ffffffc store:0x000b8503 load:0xffffffff
      167902000	      8293	80002966	b8502df3	csrrs	x27,mhpmcounter5h,x0	  x0:0x00000000 x27=0x00000000
      168602000	      8328	8000296a	01bd2023	sw	x27,0(x26)	 x26:0x8ffffffc x27:0x00000000 PA:0x8ffffffc store:0x00000000 load:0xffffffff
      168622000	      8329	8000296e	90000d37	lui	x26,0x90000	 x26=0x90000000
      168642000	      8330	80002972	1d71	c.addi	x26,-4	 x26:0x90000000 x26=0x8ffffffc
      168662000	      8331	80002974	6d85	c.lui	x27,0x1	 x27=0x00001000
      168682000	      8332	80002976	b06d8d93	addi	x27,x27,-1274	 x27:0x00001000 x27=0x00000b06
      168702000	      8333	8000297a	0da2	c.slli	x27,0x8	 x27:0x00000b06 x27=0x000b0600
      168722000	      8334	8000297c	0d8d	c.addi	x27,3	 x27:0x000b0600 x27=0x000b0603
      168782000	      8337	8000297e	01bd2023	sw	x27,0(x26)	 x26:0x8ffffffc x27:0x000b0603 PA:0x8ffffffc store:0x000b0603 load:0xffffffff
      168802000	      8338	80002982	b0602df3	csrrs	x27,mhpmcounter6,x0	  x0:0x00000000 x27=0x0000007d
      169322000	      8364	80002986	01bd2023	sw	x27,0(x26)	 x26:0x8ffffffc x27:0x0000007d PA:0x8ffffffc store:0x0000007d load:0xffffffff
      169602000	      8378	8000298a	90000d37	lui	x26,0x90000	 x26=0x90000000
      169622000	      8379	8000298e	1d71	c.addi	x26,-4	 x26:0x90000000 x26=0x8ffffffc
      169722000	      8384	80002990	6d85	c.lui	x27,0x1	 x27=0x00001000
      169742000	      8385	80002992	b86d8d93	addi	x27,x27,-1146	 x27:0x00001000 x27=0x00000b86
      169762000	      8386	80002996	0da2	c.slli	x27,0x8	 x27:0x00000b86 x27=0x000b8600
      170022000	      8399	80002998	0d8d	c.addi	x27,3	 x27:0x000b8600 x27=0x000b8603
      170682000	      8432	8000299a	01bd2023	sw	x27,0(x26)	 x26:0x8ffffffc x27:0x000b8603 PA:0x8ffffffc store:0x000b8603 load:0xffffffff
      170702000	      8433	8000299e	b8602df3	csrrs	x27,mhpmcounter6h,x0	  x0:0x00000000 x27=0x00000000
      170882000	      8442	800029a2	01bd2023	sw	x27,0(x26)	 x26:0x8ffffffc x27:0x00000000 PA:0x8ffffffc store:0x00000000 load:0xffffffff
      170902000	      8443	800029a6	90000d37	lui	x26,0x90000	 x26=0x90000000
      170922000	      8444	800029aa	1d71	c.addi	x26,-4	 x26:0x90000000 x26=0x8ffffffc
      171242000	      8460	800029ac	6d85	c.lui	x27,0x1	 x27=0x00001000
      171362000	      8466	800029ae	b07d8d93	addi	x27,x27,-1273	 x27:0x00001000 x27=0x00000b07
      171382000	      8467	800029b2	0da2	c.slli	x27,0x8	 x27:0x00000b07 x27=0x000b0700
      171402000	      8468	800029b4	0d8d	c.addi	x27,3	 x27:0x000b0700 x27=0x000b0703
      171742000	      8485	800029b6	01bd2023	sw	x27,0(x26)	 x26:0x8ffffffc x27:0x000b0703 PA:0x8ffffffc store:0x000b0703 load:0xffffffff
      171762000	      8486	800029ba	b0702df3	csrrs	x27,mhpmcounter7,x0	  x0:0x00000000 x27=0x0000001b
      172062000	      8501	800029be	01bd2023	sw	x27,0(x26)	 x26:0x8ffffffc x27:0x0000001b PA:0x8ffffffc store:0x0000001b load:0xffffffff
      172082000	      8502	800029c2	90000d37	lui	x26,0x90000	 x26=0x90000000
      172102000	      8503	800029c6	1d71	c.addi	x26,-4	 x26:0x90000000 x26=0x8ffffffc
      172122000	      8504	800029c8	6d85	c.lui	x27,0x1	 x27=0x00001000
      172182000	      8507	800029ca	b87d8d93	addi	x27,x27,-1145	 x27:0x00001000 x27=0x00000b87
      172202000	      8508	800029ce	0da2	c.slli	x27,0x8	 x27:0x00000b87 x27=0x000b8700
      172282000	      8512	800029d0	0d8d	c.addi	x27,3	 x27:0x000b8700 x27=0x000b8703
      172422000	      8519	800029d2	01bd2023	sw	x27,0(x26)	 x26:0x8ffffffc x27:0x000b8703 PA:0x8ffffffc store:0x000b8703 load:0xffffffff
      172442000	      8520	800029d6	b8702df3	csrrs	x27,mhpmcounter7h,x0	  x0:0x00000000 x27=0x00000000
      172882000	      8542	800029da	01bd2023	sw	x27,0(x26)	 x26:0x8ffffffc x27:0x00000000 PA:0x8ffffffc store:0x00000000 load:0xffffffff
      172902000	      8543	800029de	90000d37	lui	x26,0x90000	 x26=0x90000000
      172922000	      8544	800029e2	1d71	c.addi	x26,-4	 x26:0x90000000 x26=0x8ffffffc
      172942000	      8545	800029e4	6d85	c.lui	x27,0x1	 x27=0x00001000
      172962000	      8546	800029e6	b08d8d93	addi	x27,x27,-1272	 x27:0x00001000 x27=0x00000b08
      172982000	      8547	800029ea	0da2	c.slli	x27,0x8	 x27:0x00000b08 x27=0x000b0800
      173002000	      8548	800029ec	0d8d	c.addi	x27,3	 x27:0x000b0800 x27=0x000b0803
      173062000	      8551	800029ee	01bd2023	sw	x27,0(x26)	 x26:0x8ffffffc x27:0x000b0803 PA:0x8ffffffc store:0x000b0803 load:0xffffffff
      173082000	      8552	800029f2	b0802df3	csrrs	x27,mhpmcounter8,x0	  x0:0x00000000 x27=0x00000015
      173762000	      8586	800029f6	01bd2023	sw	x27,0(x26)	 x26:0x8ffffffc x27:0x00000015 PA:0x8ffffffc store:0x00000015 load:0xffffffff
      173782000	      8587	800029fa	90000d37	lui	x26,0x90000	 x26=0x90000000
      173802000	      8588	800029fe	1d71	c.addi	x26,-4	 x26:0x90000000 x26=0x8ffffffc
      173822000	      8589	80002a00	6d85	c.lui	x27,0x1	 x27=0x00001000
      173842000	      8590	80002a02	b88d8d93	addi	x27,x27,-1144	 x27:0x00001000 x27=0x00000b88
      173862000	      8591	80002a06	0da2	c.slli	x27,0x8	 x27:0x00000b88 x27=0x000b8800
      173882000	      8592	80002a08	0d8d	c.addi	x27,3	 x27:0x000b8800 x27=0x000b8803
      174062000	      8601	80002a0a	01bd2023	sw	x27,0(x26)	 x26:0x8ffffffc x27:0x000b8803 PA:0x8ffffffc store:0x000b8803 load:0xffffffff
      174082000	      8602	80002a0e	b8802df3	csrrs	x27,mhpmcounter8h,x0	  x0:0x00000000 x27=0x00000000
      174422000	      8619	80002a12	01bd2023	sw	x27,0(x26)	 x26:0x8ffffffc x27:0x00000000 PA:0x8ffffffc store:0x00000000 load:0xffffffff
      174442000	      8620	80002a16	90000d37	lui	x26,0x90000	 x26=0x90000000
      174462000	      8621	80002a1a	1d71	c.addi	x26,-4	 x26:0x90000000 x26=0x8ffffffc
      174482000	      8622	80002a1c	6d85	c.lui	x27,0x1	 x27=0x00001000
      174502000	      8623	80002a1e	b09d8d93	addi	x27,x27,-1271	 x27:0x00001000 x27=0x00000b09
      174522000	      8624	80002a22	0da2	c.slli	x27,0x8	 x27:0x00000b09 x27=0x000b0900
      174542000	      8625	80002a24	0d8d	c.addi	x27,3	 x27:0x000b0900 x27=0x000b0903
      174702000	      8633	80002a26	01bd2023	sw	x27,0(x26)	 x26:0x8ffffffc x27:0x000b0903 PA:0x8ffffffc store:0x000b0903 load:0xffffffff
      174942000	      8645	80002a2a	b0902df3	csrrs	x27,mhpmcounter9,x0	  x0:0x00000000 x27=0x0000000a
      175002000	      8648	80002a2e	01bd2023	sw	x27,0(x26)	 x26:0x8ffffffc x27:0x0000000a PA:0x8ffffffc store:0x0000000a load:0xffffffff
      175082000	      8652	80002a32	90000d37	lui	x26,0x90000	 x26=0x90000000
      175102000	      8653	80002a36	1d71	c.addi	x26,-4	 x26:0x90000000 x26=0x8ffffffc
      175262000	      8661	80002a38	6d85	c.lui	x27,0x1	 x27=0x00001000
      175542000	      8675	80002a3a	b89d8d93	addi	x27,x27,-1143	 x27:0x00001000 x27=0x00000b89
      175562000	      8676	80002a3e	0da2	c.slli	x27,0x8	 x27:0x00000b89 x27=0x000b8900
      175742000	      8685	80002a40	0d8d	c.addi	x27,3	 x27:0x000b8900 x27=0x000b8903
