core   0: 0x80000080 (0x40001f37) lui     t5, 0x40001
core   0: 3 0x80000080 (0x40001f37) x30 0x40001000
core   0: 0x80000084 (0x106f0f13) addi    t5, t5, 262
core   0: 3 0x80000084 (0x106f0f13) x30 0x40001106
core   0: 0x80000088 (0x301f1073) csrw    misa, t5
core   0: 3 0x80000088 (0x301f1073) c769_misa 0x40901104
core   0: 0x8000008c (0x0002d297) auipc   t0, 0x2d
core   0: 3 0x8000008c (0x0002d297) x5  0x8002d08c
core   0: 0x80000090 (0xc5828293) addi    t0, t0, -936
core   0: 3 0x80000090 (0xc5828293) x5  0x8002cce4
core   0: 0x80000094 (0x00003f17) auipc   t5, 0x3
core   0: 3 0x80000094 (0x00003f17) x30 0x80003094
core   0: 0x80000098 (0x96cf0f13) addi    t5, t5, -1684
core   0: 3 0x80000098 (0x96cf0f13) x30 0x80002a00
core   0: 0x8000009c (0x001f6f13) ori     t5, t5, 1
core   0: 3 0x8000009c (0x001f6f13) x30 0x80002a01
core   0: 0x800000a0 (0x305f1073) csrw    mtvec, t5
core   0: 3 0x800000a0 (0x305f1073) c773_mtvec 0x80002a01
core   0: 0x800000a4 (0x74725073) csrwi   mseccfg, 4
core   0: 3 0x800000a4 (0x74725073) c1863_mseccfg 0x00000004
core   0: 0x800000a8 (0x00003797) auipc   a5, 0x3
core   0: 3 0x800000a8 (0x00003797) x15 0x800030a8
core   0: 0x800000ac (0x71478793) addi    a5, a5, 1812
core   0: 3 0x800000ac (0x71478793) x15 0x800037bc
core   0: 0x800000b0 (0x00004f01) c.li    t5, 0
core   0: 3 0x800000b0 (0x4f01) x30 0x00000000
core   0: 0x800000b2 (0x000097fa) c.add   a5, t5
core   0: 3 0x800000b2 (0x97fa) x15 0x800037bc
core   0: 0x800000b4 (0x00008389) c.srli  a5, 2
core   0: 3 0x800000b4 (0x8389) x15 0x20000def
core   0: 0x800000b6 (0x3b079073) csrw    pmpaddr0, a5
core   0: 3 0x800000b6 (0x3b079073) c944_pmpaddr0 0x20000def
core   0: 0x800000ba (0x00003797) auipc   a5, 0x3
core   0: 3 0x800000ba (0x00003797) x15 0x800030ba
core   0: 0x800000be (0x70278793) addi    a5, a5, 1794
core   0: 3 0x800000be (0x70278793) x15 0x800037bc
core   0: 0x800000c2 (0x00006f09) c.lui   t5, 0x2
core   0: 3 0x800000c2 (0x6f09) x30 0x00002000
core   0: 0x800000c4 (0x666f0f13) addi    t5, t5, 1638
core   0: 3 0x800000c4 (0x666f0f13) x30 0x00002666
core   0: 0x800000c8 (0x000097fa) c.add   a5, t5
core   0: 3 0x800000c8 (0x97fa) x15 0x80005e22
core   0: 0x800000ca (0x00008389) c.srli  a5, 2
core   0: 3 0x800000ca (0x8389) x15 0x20001788
core   0: 0x800000cc (0x3b179073) csrw    pmpaddr1, a5
core   0: 3 0x800000cc (0x3b179073) c945_pmpaddr1 0x20001788
core   0: 0x800000d0 (0x00003797) auipc   a5, 0x3
core   0: 3 0x800000d0 (0x00003797) x15 0x800030d0
core   0: 0x800000d4 (0x6ec78793) addi    a5, a5, 1772
core   0: 3 0x800000d4 (0x6ec78793) x15 0x800037bc
core   0: 0x800000d8 (0x00006f15) c.lui   t5, 0x5
core   0: 3 0x800000d8 (0x6f15) x30 0x00005000
core   0: 0x800000da (0xcccf0f13) addi    t5, t5, -820
core   0: 3 0x800000da (0xcccf0f13) x30 0x00004ccc
core   0: 0x800000de (0x000097fa) c.add   a5, t5
core   0: 3 0x800000de (0x97fa) x15 0x80008488
core   0: 0x800000e0 (0x00008389) c.srli  a5, 2
core   0: 3 0x800000e0 (0x8389) x15 0x20002122
core   0: 0x800000e2 (0x3b279073) csrw    pmpaddr2, a5
core   0: 3 0x800000e2 (0x3b279073) c946_pmpaddr2 0x20002122
core   0: 0x800000e6 (0x00003797) auipc   a5, 0x3
core   0: 3 0x800000e6 (0x00003797) x15 0x800030e6
core   0: 0x800000ea (0x6d678793) addi    a5, a5, 1750
core   0: 3 0x800000ea (0x6d678793) x15 0x800037bc
core   0: 0x800000ee (0x00006f1d) c.lui   t5, 0x7
core   0: 3 0x800000ee (0x6f1d) x30 0x00007000
core   0: 0x800000f0 (0x332f0f13) addi    t5, t5, 818
core   0: 3 0x800000f0 (0x332f0f13) x30 0x00007332
core   0: 0x800000f4 (0x000097fa) c.add   a5, t5
core   0: 3 0x800000f4 (0x97fa) x15 0x8000aaee
core   0: 0x800000f6 (0x00008389) c.srli  a5, 2
core   0: 3 0x800000f6 (0x8389) x15 0x20002abb
core   0: 0x800000f8 (0x3b379073) csrw    pmpaddr3, a5
core   0: 3 0x800000f8 (0x3b379073) c947_pmpaddr3 0x20002abb
core   0: 0x800000fc (0x0f0f17b7) lui     a5, 0xf0f1
core   0: 3 0x800000fc (0x0f0f17b7) x15 0x0f0f1000
core   0: 0x80000100 (0xf0f78793) addi    a5, a5, -241
core   0: 3 0x80000100 (0xf0f78793) x15 0x0f0f0f0f
core   0: 0x80000104 (0x3a079073) csrw    pmpcfg0, a5
core   0: 3 0x80000104 (0x3a079073) c928_pmpcfg0 0x0f0f0f0f
core   0: 0x80000108 (0x00003797) auipc   a5, 0x3
core   0: 3 0x80000108 (0x00003797) x15 0x80003108
core   0: 0x8000010c (0x6b478793) addi    a5, a5, 1716
core   0: 3 0x8000010c (0x6b478793) x15 0x800037bc
core   0: 0x80000110 (0x00006f29) c.lui   t5, 0xa
core   0: 3 0x80000110 (0x6f29) x30 0x0000a000
core   0: 0x80000112 (0x998f0f13) addi    t5, t5, -1640
core   0: 3 0x80000112 (0x998f0f13) x30 0x00009998
core   0: 0x80000116 (0x000097fa) c.add   a5, t5
core   0: 3 0x80000116 (0x97fa) x15 0x8000d154
core   0: 0x80000118 (0x00008389) c.srli  a5, 2
core   0: 3 0x80000118 (0x8389) x15 0x20003455
core   0: 0x8000011a (0x3b479073) csrw    pmpaddr4, a5
core   0: 3 0x8000011a (0x3b479073) c948_pmpaddr4 0x20003455
core   0: 0x8000011e (0x00003797) auipc   a5, 0x3
core   0: 3 0x8000011e (0x00003797) x15 0x8000311e
core   0: 0x80000122 (0x69e78793) addi    a5, a5, 1694
core   0: 3 0x80000122 (0x69e78793) x15 0x800037bc
core   0: 0x80000126 (0x00006f31) c.lui   t5, 0xc
core   0: 3 0x80000126 (0x6f31) x30 0x0000c000
core   0: 0x80000128 (0x00001f79) c.addi  t5, -2
core   0: 3 0x80000128 (0x1f79) x30 0x0000bffe
core   0: 0x8000012a (0x000097fa) c.add   a5, t5
core   0: 3 0x8000012a (0x97fa) x15 0x8000f7ba
core   0: 0x8000012c (0x00008389) c.srli  a5, 2
core   0: 3 0x8000012c (0x8389) x15 0x20003dee
core   0: 0x8000012e (0x3b579073) csrw    pmpaddr5, a5
core   0: 3 0x8000012e (0x3b579073) c949_pmpaddr5 0x20003dee
core   0: 0x80000132 (0x00003797) auipc   a5, 0x3
core   0: 3 0x80000132 (0x00003797) x15 0x80003132
core   0: 0x80000136 (0x68a78793) addi    a5, a5, 1674
core   0: 3 0x80000136 (0x68a78793) x15 0x800037bc
core   0: 0x8000013a (0x00006f39) c.lui   t5, 0xe
core   0: 3 0x8000013a (0x6f39) x30 0x0000e000
core   0: 0x8000013c (0x664f0f13) addi    t5, t5, 1636
core   0: 3 0x8000013c (0x664f0f13) x30 0x0000e664
core   0: 0x80000140 (0x000097fa) c.add   a5, t5
core   0: 3 0x80000140 (0x97fa) x15 0x80011e20
core   0: 0x80000142 (0x00008389) c.srli  a5, 2
core   0: 3 0x80000142 (0x8389) x15 0x20004788
core   0: 0x80000144 (0x3b679073) csrw    pmpaddr6, a5
core   0: 3 0x80000144 (0x3b679073) c950_pmpaddr6 0x20004788
core   0: 0x80000148 (0x00003797) auipc   a5, 0x3
core   0: 3 0x80000148 (0x00003797) x15 0x80003148
core   0: 0x8000014c (0x67478793) addi    a5, a5, 1652
core   0: 3 0x8000014c (0x67478793) x15 0x800037bc
core   0: 0x80000150 (0x00006f45) c.lui   t5, 0x11
core   0: 3 0x80000150 (0x6f45) x30 0x00011000
core   0: 0x80000152 (0xccaf0f13) addi    t5, t5, -822
core   0: 3 0x80000152 (0xccaf0f13) x30 0x00010cca
core   0: 0x80000156 (0x000097fa) c.add   a5, t5
core   0: 3 0x80000156 (0x97fa) x15 0x80014486
core   0: 0x80000158 (0x00008389) c.srli  a5, 2
core   0: 3 0x80000158 (0x8389) x15 0x20005121
core   0: 0x8000015a (0x3b779073) csrw    pmpaddr7, a5
core   0: 3 0x8000015a (0x3b779073) c951_pmpaddr7 0x20005121
core   0: 0x8000015e (0x0f0f17b7) lui     a5, 0xf0f1
core   0: 3 0x8000015e (0x0f0f17b7) x15 0x0f0f1000
core   0: 0x80000162 (0xf0f78793) addi    a5, a5, -241
core   0: 3 0x80000162 (0xf0f78793) x15 0x0f0f0f0f
core   0: 0x80000166 (0x3a179073) csrw    pmpcfg1, a5
core   0: 3 0x80000166 (0x3a179073) c929_pmpcfg1 0x0f0f0f0f
core   0: 0x8000016a (0x00003797) auipc   a5, 0x3
core   0: 3 0x8000016a (0x00003797) x15 0x8000316a
core   0: 0x8000016e (0x65278793) addi    a5, a5, 1618
core   0: 3 0x8000016e (0x65278793) x15 0x800037bc
core   0: 0x80000172 (0x00006f4d) c.lui   t5, 0x13
core   0: 3 0x80000172 (0x6f4d) x30 0x00013000
core   0: 0x80000174 (0x330f0f13) addi    t5, t5, 816
core   0: 3 0x80000174 (0x330f0f13) x30 0x00013330
core   0: 0x80000178 (0x000097fa) c.add   a5, t5
core   0: 3 0x80000178 (0x97fa) x15 0x80016aec
core   0: 0x8000017a (0x00008389) c.srli  a5, 2
core   0: 3 0x8000017a (0x8389) x15 0x20005abb
core   0: 0x8000017c (0x3b879073) csrw    pmpaddr8, a5
core   0: 3 0x8000017c (0x3b879073) c952_pmpaddr8 0x20005abb
core   0: 0x80000180 (0x00003797) auipc   a5, 0x3
core   0: 3 0x80000180 (0x00003797) x15 0x80003180
core   0: 0x80000184 (0x63c78793) addi    a5, a5, 1596
core   0: 3 0x80000184 (0x63c78793) x15 0x800037bc
core   0: 0x80000188 (0x00006f59) c.lui   t5, 0x16
core   0: 3 0x80000188 (0x6f59) x30 0x00016000
core   0: 0x8000018a (0x996f0f13) addi    t5, t5, -1642
core   0: 3 0x8000018a (0x996f0f13) x30 0x00015996
core   0: 0x8000018e (0x000097fa) c.add   a5, t5
core   0: 3 0x8000018e (0x97fa) x15 0x80019152
core   0: 0x80000190 (0x00008389) c.srli  a5, 2
core   0: 3 0x80000190 (0x8389) x15 0x20006454
core   0: 0x80000192 (0x3b979073) csrw    pmpaddr9, a5
core   0: 3 0x80000192 (0x3b979073) c953_pmpaddr9 0x20006454
core   0: 0x80000196 (0x00003797) auipc   a5, 0x3
core   0: 3 0x80000196 (0x00003797) x15 0x80003196
core   0: 0x8000019a (0x62678793) addi    a5, a5, 1574
core   0: 3 0x8000019a (0x62678793) x15 0x800037bc
core   0: 0x8000019e (0x00006f61) c.lui   t5, 0x18
core   0: 3 0x8000019e (0x6f61) x30 0x00018000
core   0: 0x800001a0 (0x00001f71) c.addi  t5, -4
core   0: 3 0x800001a0 (0x1f71) x30 0x00017ffc
core   0: 0x800001a2 (0x000097fa) c.add   a5, t5
core   0: 3 0x800001a2 (0x97fa) x15 0x8001b7b8
core   0: 0x800001a4 (0x00008389) c.srli  a5, 2
core   0: 3 0x800001a4 (0x8389) x15 0x20006dee
core   0: 0x800001a6 (0x3ba79073) csrw    pmpaddr10, a5
core   0: 3 0x800001a6 (0x3ba79073) c954_pmpaddr10 0x20006dee
core   0: 0x800001aa (0x00003797) auipc   a5, 0x3
core   0: 3 0x800001aa (0x00003797) x15 0x800031aa
core   0: 0x800001ae (0x61278793) addi    a5, a5, 1554
core   0: 3 0x800001ae (0x61278793) x15 0x800037bc
core   0: 0x800001b2 (0x00006f69) c.lui   t5, 0x1a
core   0: 3 0x800001b2 (0x6f69) x30 0x0001a000
core   0: 0x800001b4 (0x662f0f13) addi    t5, t5, 1634
core   0: 3 0x800001b4 (0x662f0f13) x30 0x0001a662
core   0: 0x800001b8 (0x000097fa) c.add   a5, t5
core   0: 3 0x800001b8 (0x97fa) x15 0x8001de1e
core   0: 0x800001ba (0x00008389) c.srli  a5, 2
core   0: 3 0x800001ba (0x8389) x15 0x20007787
core   0: 0x800001bc (0x3bb79073) csrw    pmpaddr11, a5
core   0: 3 0x800001bc (0x3bb79073) c955_pmpaddr11 0x20007787
core   0: 0x800001c0 (0x0f0f17b7) lui     a5, 0xf0f1
core   0: 3 0x800001c0 (0x0f0f17b7) x15 0x0f0f1000
core   0: 0x800001c4 (0xf0f78793) addi    a5, a5, -241
core   0: 3 0x800001c4 (0xf0f78793) x15 0x0f0f0f0f
core   0: 0x800001c8 (0x3a279073) csrw    pmpcfg2, a5
core   0: 3 0x800001c8 (0x3a279073) c930_pmpcfg2 0x0f0f0f0f
core   0: 0x800001cc (0x00003797) auipc   a5, 0x3
core   0: 3 0x800001cc (0x00003797) x15 0x800031cc
core   0: 0x800001d0 (0x5f078793) addi    a5, a5, 1520
core   0: 3 0x800001d0 (0x5f078793) x15 0x800037bc
core   0: 0x800001d4 (0x00006f75) c.lui   t5, 0x1d
core   0: 3 0x800001d4 (0x6f75) x30 0x0001d000
core   0: 0x800001d6 (0xcc8f0f13) addi    t5, t5, -824
core   0: 3 0x800001d6 (0xcc8f0f13) x30 0x0001ccc8
core   0: 0x800001da (0x000097fa) c.add   a5, t5
core   0: 3 0x800001da (0x97fa) x15 0x80020484
core   0: 0x800001dc (0x00008389) c.srli  a5, 2
core   0: 3 0x800001dc (0x8389) x15 0x20008121
core   0: 0x800001de (0x3bc79073) csrw    pmpaddr12, a5
core   0: 3 0x800001de (0x3bc79073) c956_pmpaddr12 0x20008121
core   0: 0x800001e2 (0x00003797) auipc   a5, 0x3
core   0: 3 0x800001e2 (0x00003797) x15 0x800031e2
core   0: 0x800001e6 (0x5da78793) addi    a5, a5, 1498
core   0: 3 0x800001e6 (0x5da78793) x15 0x800037bc
core   0: 0x800001ea (0x00006f7d) c.lui   t5, 0x1f
core   0: 3 0x800001ea (0x6f7d) x30 0x0001f000
core   0: 0x800001ec (0x32ef0f13) addi    t5, t5, 814
core   0: 3 0x800001ec (0x32ef0f13) x30 0x0001f32e
core   0: 0x800001f0 (0x000097fa) c.add   a5, t5
core   0: 3 0x800001f0 (0x97fa) x15 0x80022aea
core   0: 0x800001f2 (0x00008389) c.srli  a5, 2
core   0: 3 0x800001f2 (0x8389) x15 0x20008aba
core   0: 0x800001f4 (0x3bd79073) csrw    pmpaddr13, a5
core   0: 3 0x800001f4 (0x3bd79073) c957_pmpaddr13 0x20008aba
core   0: 0x800001f8 (0x00003797) auipc   a5, 0x3
core   0: 3 0x800001f8 (0x00003797) x15 0x800031f8
core   0: 0x800001fc (0x5c478793) addi    a5, a5, 1476
core   0: 3 0x800001fc (0x5c478793) x15 0x800037bc
core   0: 0x80000200 (0x00022f37) lui     t5, 0x22
core   0: 3 0x80000200 (0x00022f37) x30 0x00022000
core   0: 0x80000204 (0x994f0f13) addi    t5, t5, -1644
core   0: 3 0x80000204 (0x994f0f13) x30 0x00021994
core   0: 0x80000208 (0x000097fa) c.add   a5, t5
core   0: 3 0x80000208 (0x97fa) x15 0x80025150
core   0: 0x8000020a (0x00008389) c.srli  a5, 2
core   0: 3 0x8000020a (0x8389) x15 0x20009454
core   0: 0x8000020c (0x3be79073) csrw    pmpaddr14, a5
core   0: 3 0x8000020c (0x3be79073) c958_pmpaddr14 0x20009454
core   0: 0x80000210 (0x00003797) auipc   a5, 0x3
core   0: 3 0x80000210 (0x00003797) x15 0x80003210
core   0: 0x80000214 (0x5ac78793) addi    a5, a5, 1452
core   0: 3 0x80000214 (0x5ac78793) x15 0x800037bc
core   0: 0x80000218 (0x00024f37) lui     t5, 0x24
core   0: 3 0x80000218 (0x00024f37) x30 0x00024000
core   0: 0x8000021c (0x00001f69) c.addi  t5, -6
core   0: 3 0x8000021c (0x1f69) x30 0x00023ffa
core   0: 0x8000021e (0x000097fa) c.add   a5, t5
core   0: 3 0x8000021e (0x97fa) x15 0x800277b6
core   0: 0x80000220 (0x00008389) c.srli  a5, 2
core   0: 3 0x80000220 (0x8389) x15 0x20009ded
core   0: 0x80000222 (0x3bf79073) csrw    pmpaddr15, a5
core   0: 3 0x80000222 (0x3bf79073) c959_pmpaddr15 0x20009ded
core   0: 0x80000226 (0x0f0f17b7) lui     a5, 0xf0f1
core   0: 3 0x80000226 (0x0f0f17b7) x15 0x0f0f1000
core   0: 0x8000022a (0xf0f78793) addi    a5, a5, -241
core   0: 3 0x8000022a (0xf0f78793) x15 0x0f0f0f0f
core   0: 0x8000022e (0x3a379073) csrw    pmpcfg3, a5
core   0: 3 0x8000022e (0x3a379073) c931_pmpcfg3 0x0f0f0f0f
core   0: 0x80000232 (0x74705073) csrwi   mseccfg, 0
core   0: 3 0x80000232 (0x74705073) c1863_mseccfg 0x00000000
core   0: 0x80000236 (0x6daf87b7) lui     a5, 0x6daf8
core   0: 3 0x80000236 (0x6daf87b7) x15 0x6daf8000
core   0: 0x8000023a (0x6a678793) addi    a5, a5, 1702
core   0: 3 0x8000023a (0x6a678793) x15 0x6daf86a6
core   0: 0x8000023e (0x00003917) auipc   s2, 0x3
core   0: 3 0x8000023e (0x00003917) x18 0x8000323e
core   0: 0x80000242 (0x57e90913) addi    s2, s2, 1406
core   0: 3 0x80000242 (0x57e90913) x18 0x800037bc
core   0: 0x80000246 (0x000097ca) c.add   a5, s2
core   0: 3 0x80000246 (0x97ca) x15 0xedafbe62
core   0: 0x80000248 (0x3b0797f3) csrrw   a5, pmpaddr0, a5
core   0: 3 0x80000248 (0x3b0797f3) x15 0x20000def c944_pmpaddr0 0xedafbe62
core   0: 0x8000024c (0x3b0797f3) csrrw   a5, pmpaddr0, a5
core   0: 3 0x8000024c (0x3b0797f3) x15 0xedafbe62 c944_pmpaddr0 0x20000def
core   0: 0x80000250 (0x5b5047b7) lui     a5, 0x5b504
core   0: 3 0x80000250 (0x5b5047b7) x15 0x5b504000
core   0: 0x80000254 (0x70f78793) addi    a5, a5, 1807
core   0: 3 0x80000254 (0x70f78793) x15 0x5b50470f
core   0: 0x80000258 (0x3a0797f3) csrrw   a5, pmpcfg0, a5
core   0: 3 0x80000258 (0x3a0797f3) x15 0x0f0f0f0f c928_pmpcfg0 0x1b10070f
core   0: 0x8000025c (0x3a0797f3) csrrw   a5, pmpcfg0, a5
core   0: 3 0x8000025c (0x3a0797f3) x15 0x1b10070f c928_pmpcfg0 0x0f0f0f0f
core   0: 0x80000260 (0x4b3f07b7) lui     a5, 0x4b3f0
core   0: 3 0x80000260 (0x4b3f07b7) x15 0x4b3f0000
core   0: 0x80000264 (0x65878793) addi    a5, a5, 1624
core   0: 3 0x80000264 (0x65878793) x15 0x4b3f0658
core   0: 0x80000268 (0x00003917) auipc   s2, 0x3
core   0: 3 0x80000268 (0x00003917) x18 0x80003268
core   0: 0x8000026c (0x55490913) addi    s2, s2, 1364
core   0: 3 0x8000026c (0x55490913) x18 0x800037bc
core   0: 0x80000270 (0x000097ca) c.add   a5, s2
core   0: 3 0x80000270 (0x97ca) x15 0xcb3f3e14
core   0: 0x80000272 (0x3b1797f3) csrrw   a5, pmpaddr1, a5
core   0: 3 0x80000272 (0x3b1797f3) x15 0x20001788 c945_pmpaddr1 0xcb3f3e14
core   0: 0x80000276 (0x3b1797f3) csrrw   a5, pmpaddr1, a5
core   0: 3 0x80000276 (0x3b1797f3) x15 0xcb3f3e14 c945_pmpaddr1 0x20001788
core   0: 0x8000027a (0x344d37b7) lui     a5, 0x344d3
core   0: 3 0x8000027a (0x344d37b7) x15 0x344d3000
core   0: 0x8000027e (0x90f78793) addi    a5, a5, -1777
core   0: 3 0x8000027e (0x90f78793) x15 0x344d290f
core   0: 0x80000282 (0x3a0797f3) csrrw   a5, pmpcfg0, a5
core   0: 3 0x80000282 (0x3a0797f3) x15 0x0f0f0f0f c928_pmpcfg0 0x140d090f
core   0: 0x80000286 (0x3a0797f3) csrrw   a5, pmpcfg0, a5
core   0: 3 0x80000286 (0x3a0797f3) x15 0x140d090f c928_pmpcfg0 0x0f0f0f0f
core   0: 0x8000028a (0x021c57b7) lui     a5, 0x21c5
core   0: 3 0x8000028a (0x021c57b7) x15 0x021c5000
core   0: 0x8000028e (0x48178793) addi    a5, a5, 1153
core   0: 3 0x8000028e (0x48178793) x15 0x021c5481
core   0: 0x80000292 (0x00003917) auipc   s2, 0x3
core   0: 3 0x80000292 (0x00003917) x18 0x80003292
core   0: 0x80000296 (0x52a90913) addi    s2, s2, 1322
core   0: 3 0x80000296 (0x52a90913) x18 0x800037bc
core   0: 0x8000029a (0x000097ca) c.add   a5, s2
core   0: 3 0x8000029a (0x97ca) x15 0x821c8c3d
core   0: 0x8000029c (0x3b2797f3) csrrw   a5, pmpaddr2, a5
core   0: 3 0x8000029c (0x3b2797f3) x15 0x20002122 c946_pmpaddr2 0x821c8c3d
core   0: 0x800002a0 (0x3b2797f3) csrrw   a5, pmpaddr2, a5
core   0: 3 0x800002a0 (0x3b2797f3) x15 0x821c8c3d c946_pmpaddr2 0x20002122
core   0: 0x800002a4 (0x1b6837b7) lui     a5, 0x1b683
core   0: 3 0x800002a4 (0x1b6837b7) x15 0x1b683000
core   0: 0x800002a8 (0xc0f78793) addi    a5, a5, -1009
core   0: 3 0x800002a8 (0xc0f78793) x15 0x1b682c0f
core   0: 0x800002ac (0x3a0797f3) csrrw   a5, pmpcfg0, a5
core   0: 3 0x800002ac (0x3a0797f3) x15 0x0f0f0f0f c928_pmpcfg0 0x1b080c0f
core   0: 0x800002b0 (0x3a0797f3) csrrw   a5, pmpcfg0, a5
core   0: 3 0x800002b0 (0x3a0797f3) x15 0x1b080c0f c928_pmpcfg0 0x0f0f0f0f
core   0: 0x800002b4 (0x0473e7b7) lui     a5, 0x473e
core   0: 3 0x800002b4 (0x0473e7b7) x15 0x0473e000
core   0: 0x800002b8 (0x99978793) addi    a5, a5, -1639
core   0: 3 0x800002b8 (0x99978793) x15 0x0473d999
core   0: 0x800002bc (0x00003917) auipc   s2, 0x3
core   0: 3 0x800002bc (0x00003917) x18 0x800032bc
core   0: 0x800002c0 (0x50090913) addi    s2, s2, 1280
core   0: 3 0x800002c0 (0x50090913) x18 0x800037bc
core   0: 0x800002c4 (0x000097ca) c.add   a5, s2
core   0: 3 0x800002c4 (0x97ca) x15 0x84741155
core   0: 0x800002c6 (0x3b3797f3) csrrw   a5, pmpaddr3, a5
core   0: 3 0x800002c6 (0x3b3797f3) x15 0x20002abb c947_pmpaddr3 0x84741155
core   0: 0x800002ca (0x3b3797f3) csrrw   a5, pmpaddr3, a5
core   0: 3 0x800002ca (0x3b3797f3) x15 0x84741155 c947_pmpaddr3 0x20002abb
core   0: 0x800002ce (0x137037b7) lui     a5, 0x13703
core   0: 3 0x800002ce (0x137037b7) x15 0x13703000
core   0: 0x800002d2 (0x000007bd) c.addi  a5, 15
core   0: 3 0x800002d2 (0x07bd) x15 0x1370300f
core   0: 0x800002d4 (0x3a0797f3) csrrw   a5, pmpcfg0, a5
core   0: 3 0x800002d4 (0x3a0797f3) x15 0x0f0f0f0f c928_pmpcfg0 0x1310100f
core   0: 0x800002d8 (0x3a0797f3) csrrw   a5, pmpcfg0, a5
core   0: 3 0x800002d8 (0x3a0797f3) x15 0x1310100f c928_pmpcfg0 0x0f0f0f0f
core   0: 0x800002dc (0x2289e7b7) lui     a5, 0x2289e
core   0: 3 0x800002dc (0x2289e7b7) x15 0x2289e000
core   0: 0x800002e0 (0x77778793) addi    a5, a5, 1911
core   0: 3 0x800002e0 (0x77778793) x15 0x2289e777
core   0: 0x800002e4 (0x00003917) auipc   s2, 0x3
core   0: 3 0x800002e4 (0x00003917) x18 0x800032e4
core   0: 0x800002e8 (0x4d890913) addi    s2, s2, 1240
core   0: 3 0x800002e8 (0x4d890913) x18 0x800037bc
core   0: 0x800002ec (0x000097ca) c.add   a5, s2
core   0: 3 0x800002ec (0x97ca) x15 0xa28a1f33
core   0: 0x800002ee (0x3b4797f3) csrrw   a5, pmpaddr4, a5
core   0: 3 0x800002ee (0x3b4797f3) x15 0x20003455 c948_pmpaddr4 0xa28a1f33
core   0: 0x800002f2 (0x3b4797f3) csrrw   a5, pmpaddr4, a5
core   0: 3 0x800002f2 (0x3b4797f3) x15 0xa28a1f33 c948_pmpaddr4 0x20003455
core   0: 0x800002f6 (0x372b57b7) lui     a5, 0x372b5
core   0: 3 0x800002f6 (0x372b57b7) x15 0x372b5000
core   0: 0x800002fa (0x87578793) addi    a5, a5, -1931
core   0: 3 0x800002fa (0x87578793) x15 0x372b4875
core   0: 0x800002fe (0x3a1797f3) csrrw   a5, pmpcfg1, a5
core   0: 3 0x800002fe (0x3a1797f3) x15 0x0f0f0f0f c929_pmpcfg1 0x170b0815
core   0: 0x80000302 (0x3a1797f3) csrrw   a5, pmpcfg1, a5
core   0: 3 0x80000302 (0x3a1797f3) x15 0x170b0815 c929_pmpcfg1 0x0f0f0f0f
core   0: 0x80000306 (0x58bb87b7) lui     a5, 0x58bb8
core   0: 3 0x80000306 (0x58bb87b7) x15 0x58bb8000
core   0: 0x8000030a (0x81b78793) addi    a5, a5, -2021
core   0: 3 0x8000030a (0x81b78793) x15 0x58bb781b
core   0: 0x8000030e (0x00003917) auipc   s2, 0x3
core   0: 3 0x8000030e (0x00003917) x18 0x8000330e
core   0: 0x80000312 (0x4ae90913) addi    s2, s2, 1198
core   0: 3 0x80000312 (0x4ae90913) x18 0x800037bc
core   0: 0x80000316 (0x000097ca) c.add   a5, s2
core   0: 3 0x80000316 (0x97ca) x15 0xd8bbafd7
core   0: 0x80000318 (0x3b5797f3) csrrw   a5, pmpaddr5, a5
core   0: 3 0x80000318 (0x3b5797f3) x15 0x20003dee c949_pmpaddr5 0xd8bbafd7
core   0: 0x8000031c (0x3b5797f3) csrrw   a5, pmpaddr5, a5
core   0: 3 0x8000031c (0x3b5797f3) x15 0xd8bbafd7 c949_pmpaddr5 0x20003dee
core   0: 0x80000320 (0x5b4747b7) lui     a5, 0x5b474
core   0: 3 0x80000320 (0x5b4747b7) x15 0x5b474000
core   0: 0x80000324 (0xf5578793) addi    a5, a5, -171
core   0: 3 0x80000324 (0xf5578793) x15 0x5b473f55
core   0: 0x80000328 (0x3a1797f3) csrrw   a5, pmpcfg1, a5
core   0: 3 0x80000328 (0x3a1797f3) x15 0x0f0f0f0f c929_pmpcfg1 0x1b071f15
core   0: 0x8000032c (0x3a1797f3) csrrw   a5, pmpcfg1, a5
core   0: 3 0x8000032c (0x3a1797f3) x15 0x1b071f15 c929_pmpcfg1 0x0f0f0f0f
core   0: 0x80000330 (0x333597b7) lui     a5, 0x33359
core   0: 3 0x80000330 (0x333597b7) x15 0x33359000
core   0: 0x80000334 (0x74078793) addi    a5, a5, 1856
core   0: 3 0x80000334 (0x74078793) x15 0x33359740
core   0: 0x80000338 (0x00003917) auipc   s2, 0x3
core   0: 3 0x80000338 (0x00003917) x18 0x80003338
core   0: 0x8000033c (0x48490913) addi    s2, s2, 1156
core   0: 3 0x8000033c (0x48490913) x18 0x800037bc
core   0: 0x80000340 (0x000097ca) c.add   a5, s2
core   0: 3 0x80000340 (0x97ca) x15 0xb335cefc
core   0: 0x80000342 (0x3b6797f3) csrrw   a5, pmpaddr6, a5
core   0: 3 0x80000342 (0x3b6797f3) x15 0x20004788 c950_pmpaddr6 0xb335cefc
core   0: 0x80000346 (0x3b6797f3) csrrw   a5, pmpaddr6, a5
core   0: 3 0x80000346 (0x3b6797f3) x15 0xb335cefc c950_pmpaddr6 0x20004788
core   0: 0x8000034a (0x5f4387b7) lui     a5, 0x5f438
core   0: 3 0x8000034a (0x5f4387b7) x15 0x5f438000
core   0: 0x8000034e (0x85b78793) addi    a5, a5, -1957
core   0: 3 0x8000034e (0x85b78793) x15 0x5f43785b
core   0: 0x80000352 (0x3a1797f3) csrrw   a5, pmpcfg1, a5
core   0: 3 0x80000352 (0x3a1797f3) x15 0x0f0f0f0f c929_pmpcfg1 0x1f03181b
core   0: 0x80000356 (0x3a1797f3) csrrw   a5, pmpcfg1, a5
core   0: 3 0x80000356 (0x3a1797f3) x15 0x1f03181b c929_pmpcfg1 0x0f0f0f0f
core   0: 0x8000035a (0x037407b7) lui     a5, 0x3740
core   0: 3 0x8000035a (0x037407b7) x15 0x03740000
core   0: 0x8000035e (0x29f78793) addi    a5, a5, 671
core   0: 3 0x8000035e (0x29f78793) x15 0x0374029f
core   0: 0x80000362 (0x00003917) auipc   s2, 0x3
core   0: 3 0x80000362 (0x00003917) x18 0x80003362
core   0: 0x80000366 (0x45a90913) addi    s2, s2, 1114
core   0: 3 0x80000366 (0x45a90913) x18 0x800037bc
core   0: 0x8000036a (0x000097ca) c.add   a5, s2
core   0: 3 0x8000036a (0x97ca) x15 0x83743a5b
core   0: 0x8000036c (0x3b7797f3) csrrw   a5, pmpaddr7, a5
core   0: 3 0x8000036c (0x3b7797f3) x15 0x20005121 c951_pmpaddr7 0x83743a5b
core   0: 0x80000370 (0x3b7797f3) csrrw   a5, pmpaddr7, a5
core   0: 3 0x80000370 (0x3b7797f3) x15 0x83743a5b c951_pmpaddr7 0x20005121
core   0: 0x80000374 (0x475917b7) lui     a5, 0x47591
core   0: 3 0x80000374 (0x475917b7) x15 0x47591000
core   0: 0x80000378 (0xb5978793) addi    a5, a5, -1191
core   0: 3 0x80000378 (0xb5978793) x15 0x47590b59
core   0: 0x8000037c (0x3a1797f3) csrrw   a5, pmpcfg1, a5
core   0: 3 0x8000037c (0x3a1797f3) x15 0x0f0f0f0f c929_pmpcfg1 0x07190b19
core   0: 0x80000380 (0x3a1797f3) csrrw   a5, pmpcfg1, a5
core   0: 3 0x80000380 (0x3a1797f3) x15 0x07190b19 c929_pmpcfg1 0x0f0f0f0f
core   0: 0x80000384 (0x637b57b7) lui     a5, 0x637b5
core   0: 3 0x80000384 (0x637b57b7) x15 0x637b5000
core   0: 0x80000388 (0xd0278793) addi    a5, a5, -766
core   0: 3 0x80000388 (0xd0278793) x15 0x637b4d02
core   0: 0x8000038c (0x00003917) auipc   s2, 0x3
core   0: 3 0x8000038c (0x00003917) x18 0x8000338c
core   0: 0x80000390 (0x43090913) addi    s2, s2, 1072
core   0: 3 0x80000390 (0x43090913) x18 0x800037bc
core   0: 0x80000394 (0x000097ca) c.add   a5, s2
core   0: 3 0x80000394 (0x97ca) x15 0xe37b84be
core   0: 0x80000396 (0x3b8797f3) csrrw   a5, pmpaddr8, a5
core   0: 3 0x80000396 (0x3b8797f3) x15 0x20005abb c952_pmpaddr8 0xe37b84be
core   0: 0x8000039a (0x3b8797f3) csrrw   a5, pmpaddr8, a5
core   0: 3 0x8000039a (0x3b8797f3) x15 0xe37b84be c952_pmpaddr8 0x20005abb
core   0: 0x8000039e (0x032067b7) lui     a5, 0x3206
core   0: 3 0x8000039e (0x032067b7) x15 0x03206000
core   0: 0x800003a2 (0xf4b78793) addi    a5, a5, -181
core   0: 3 0x800003a2 (0xf4b78793) x15 0x03205f4b
core   0: 0x800003a6 (0x3a2797f3) csrrw   a5, pmpcfg2, a5
core   0: 3 0x800003a6 (0x3a2797f3) x15 0x0f0f0f0f c930_pmpcfg2 0x03001f0b
core   0: 0x800003aa (0x3a2797f3) csrrw   a5, pmpcfg2, a5
core   0: 3 0x800003aa (0x3a2797f3) x15 0x03001f0b c930_pmpcfg2 0x0f0f0f0f
core   0: 0x800003ae (0x42d797b7) lui     a5, 0x42d79
core   0: 3 0x800003ae (0x42d797b7) x15 0x42d79000
core   0: 0x800003b2 (0x000007b9) c.addi  a5, 14
core   0: 3 0x800003b2 (0x07b9) x15 0x42d7900e
core   0: 0x800003b4 (0x00003917) auipc   s2, 0x3
core   0: 3 0x800003b4 (0x00003917) x18 0x800033b4
core   0: 0x800003b8 (0x40890913) addi    s2, s2, 1032
core   0: 3 0x800003b8 (0x40890913) x18 0x800037bc
core   0: 0x800003bc (0x000097ca) c.add   a5, s2
core   0: 3 0x800003bc (0x97ca) x15 0xc2d7c7ca
core   0: 0x800003be (0x3b9797f3) csrrw   a5, pmpaddr9, a5
core   0: 3 0x800003be (0x3b9797f3) x15 0x20006454 c953_pmpaddr9 0xc2d7c7ca
core   0: 0x800003c2 (0x3b9797f3) csrrw   a5, pmpaddr9, a5
core   0: 3 0x800003c2 (0x3b9797f3) x15 0xc2d7c7ca c953_pmpaddr9 0x20006454
core   0: 0x800003c6 (0x2f7c27b7) lui     a5, 0x2f7c2
core   0: 3 0x800003c6 (0x2f7c27b7) x15 0x2f7c2000
core   0: 0x800003ca (0x45b78793) addi    a5, a5, 1115
core   0: 3 0x800003ca (0x45b78793) x15 0x2f7c245b
core   0: 0x800003ce (0x3a2797f3) csrrw   a5, pmpcfg2, a5
core   0: 3 0x800003ce (0x3a2797f3) x15 0x0f0f0f0f c930_pmpcfg2 0x0f1c041b
core   0: 0x800003d2 (0x3a2797f3) csrrw   a5, pmpcfg2, a5
core   0: 3 0x800003d2 (0x3a2797f3) x15 0x0f1c041b c930_pmpcfg2 0x0f0f0f0f
core   0: 0x800003d6 (0x795287b7) lui     a5, 0x79528
core   0: 3 0x800003d6 (0x795287b7) x15 0x79528000
core   0: 0x800003da (0x8ce78793) addi    a5, a5, -1842
core   0: 3 0x800003da (0x8ce78793) x15 0x795278ce
core   0: 0x800003de (0x00003917) auipc   s2, 0x3
core   0: 3 0x800003de (0x00003917) x18 0x800033de
core   0: 0x800003e2 (0x3de90913) addi    s2, s2, 990
core   0: 3 0x800003e2 (0x3de90913) x18 0x800037bc
core   0: 0x800003e6 (0x000097ca) c.add   a5, s2
core   0: 3 0x800003e6 (0x97ca) x15 0xf952b08a
core   0: 0x800003e8 (0x3ba797f3) csrrw   a5, pmpaddr10, a5
core   0: 3 0x800003e8 (0x3ba797f3) x15 0x20006dee c954_pmpaddr10 0xf952b08a
core   0: 0x800003ec (0x3ba797f3) csrrw   a5, pmpaddr10, a5
core   0: 3 0x800003ec (0x3ba797f3) x15 0xf952b08a c954_pmpaddr10 0x20006dee
core   0: 0x800003f0 (0x042127b7) lui     a5, 0x4212
core   0: 3 0x800003f0 (0x042127b7) x15 0x04212000
core   0: 0x800003f4 (0x92c78793) addi    a5, a5, -1748
core   0: 3 0x800003f4 (0x92c78793) x15 0x0421192c
core   0: 0x800003f8 (0x3a2797f3) csrrw   a5, pmpcfg2, a5
core   0: 3 0x800003f8 (0x3a2797f3) x15 0x0f0f0f0f c930_pmpcfg2 0x0401190c
core   0: 0x800003fc (0x3a2797f3) csrrw   a5, pmpcfg2, a5
core   0: 3 0x800003fc (0x3a2797f3) x15 0x0401190c c930_pmpcfg2 0x0f0f0f0f
core   0: 0x80000400 (0x1b7847b7) lui     a5, 0x1b784
core   0: 3 0x80000400 (0x1b7847b7) x15 0x1b784000
core   0: 0x80000404 (0xb0178793) addi    a5, a5, -1279
core   0: 3 0x80000404 (0xb0178793) x15 0x1b783b01
core   0: 0x80000408 (0x00003917) auipc   s2, 0x3
core   0: 3 0x80000408 (0x00003917) x18 0x80003408
core   0: 0x8000040c (0x3b490913) addi    s2, s2, 948
core   0: 3 0x8000040c (0x3b490913) x18 0x800037bc
core   0: 0x80000410 (0x000097ca) c.add   a5, s2
core   0: 3 0x80000410 (0x97ca) x15 0x9b7872bd
core   0: 0x80000412 (0x3bb797f3) csrrw   a5, pmpaddr11, a5
core   0: 3 0x80000412 (0x3bb797f3) x15 0x20007787 c955_pmpaddr11 0x9b7872bd
core   0: 0x80000416 (0x3bb797f3) csrrw   a5, pmpaddr11, a5
core   0: 3 0x80000416 (0x3bb797f3) x15 0x9b7872bd c955_pmpaddr11 0x20007787
core   0: 0x8000041a (0x015457b7) lui     a5, 0x1545
core   0: 3 0x8000041a (0x015457b7) x15 0x01545000
core   0: 0x8000041e (0x83078793) addi    a5, a5, -2000
core   0: 3 0x8000041e (0x83078793) x15 0x01544830
core   0: 0x80000422 (0x3a2797f3) csrrw   a5, pmpcfg2, a5
core   0: 3 0x80000422 (0x3a2797f3) x15 0x0f0f0f0f c930_pmpcfg2 0x01140810
core   0: 0x80000426 (0x3a2797f3) csrrw   a5, pmpcfg2, a5
core   0: 3 0x80000426 (0x3a2797f3) x15 0x01140810 c930_pmpcfg2 0x0f0f0f0f
core   0: 0x8000042a (0x0ccdb7b7) lui     a5, 0xccdb
core   0: 3 0x8000042a (0x0ccdb7b7) x15 0x0ccdb000
core   0: 0x8000042e (0x72378793) addi    a5, a5, 1827
core   0: 3 0x8000042e (0x72378793) x15 0x0ccdb723
core   0: 0x80000432 (0x00003917) auipc   s2, 0x3
core   0: 3 0x80000432 (0x00003917) x18 0x80003432
core   0: 0x80000436 (0x38a90913) addi    s2, s2, 906
core   0: 3 0x80000436 (0x38a90913) x18 0x800037bc
core   0: 0x8000043a (0x000097ca) c.add   a5, s2
core   0: 3 0x8000043a (0x97ca) x15 0x8ccdeedf
core   0: 0x8000043c (0x3bc797f3) csrrw   a5, pmpaddr12, a5
core   0: 3 0x8000043c (0x3bc797f3) x15 0x20008121 c956_pmpaddr12 0x8ccdeedf
core   0: 0x80000440 (0x3bc797f3) csrrw   a5, pmpaddr12, a5
core   0: 3 0x80000440 (0x3bc797f3) x15 0x8ccdeedf c956_pmpaddr12 0x20008121
core   0: 0x80000444 (0x713d17b7) lui     a5, 0x713d1
core   0: 3 0x80000444 (0x713d17b7) x15 0x713d1000
core   0: 0x80000448 (0xc1f78793) addi    a5, a5, -993
core   0: 3 0x80000448 (0xc1f78793) x15 0x713d0c1f
core   0: 0x8000044c (0x3a3797f3) csrrw   a5, pmpcfg3, a5
core   0: 3 0x8000044c (0x3a3797f3) x15 0x0f0f0f0f c931_pmpcfg3 0x111d0c1f
core   0: 0x80000450 (0x3a3797f3) csrrw   a5, pmpcfg3, a5
core   0: 3 0x80000450 (0x3a3797f3) x15 0x111d0c1f c931_pmpcfg3 0x0f0f0f0f
core   0: 0x80000454 (0x0bc9e7b7) lui     a5, 0xbc9e
core   0: 3 0x80000454 (0x0bc9e7b7) x15 0x0bc9e000
core   0: 0x80000458 (0xf3b78793) addi    a5, a5, -197
core   0: 3 0x80000458 (0xf3b78793) x15 0x0bc9df3b
core   0: 0x8000045c (0x00003917) auipc   s2, 0x3
core   0: 3 0x8000045c (0x00003917) x18 0x8000345c
core   0: 0x80000460 (0x36090913) addi    s2, s2, 864
core   0: 3 0x80000460 (0x36090913) x18 0x800037bc
core   0: 0x80000464 (0x000097ca) c.add   a5, s2
core   0: 3 0x80000464 (0x97ca) x15 0x8bca16f7
core   0: 0x80000466 (0x3bd797f3) csrrw   a5, pmpaddr13, a5
core   0: 3 0x80000466 (0x3bd797f3) x15 0x20008aba c957_pmpaddr13 0x8bca16f7
core   0: 0x8000046a (0x3bd797f3) csrrw   a5, pmpaddr13, a5
core   0: 3 0x8000046a (0x3bd797f3) x15 0x8bca16f7 c957_pmpaddr13 0x20008aba
core   0: 0x8000046e (0x2f5327b7) lui     a5, 0x2f532
core   0: 3 0x8000046e (0x2f5327b7) x15 0x2f532000
core   0: 0x80000472 (0xf5d78793) addi    a5, a5, -163
core   0: 3 0x80000472 (0xf5d78793) x15 0x2f531f5d
core   0: 0x80000476 (0x3a3797f3) csrrw   a5, pmpcfg3, a5
core   0: 3 0x80000476 (0x3a3797f3) x15 0x0f0f0f0f c931_pmpcfg3 0x0f131f1d
core   0: 0x8000047a (0x3a3797f3) csrrw   a5, pmpcfg3, a5
core   0: 3 0x8000047a (0x3a3797f3) x15 0x0f131f1d c931_pmpcfg3 0x0f0f0f0f
core   0: 0x8000047e (0x339a27b7) lui     a5, 0x339a2
core   0: 3 0x8000047e (0x339a27b7) x15 0x339a2000
core   0: 0x80000482 (0x66878793) addi    a5, a5, 1640
core   0: 3 0x80000482 (0x66878793) x15 0x339a2668
core   0: 0x80000486 (0x00003917) auipc   s2, 0x3
core   0: 3 0x80000486 (0x00003917) x18 0x80003486
core   0: 0x8000048a (0x33690913) addi    s2, s2, 822
core   0: 3 0x8000048a (0x33690913) x18 0x800037bc
core   0: 0x8000048e (0x000097ca) c.add   a5, s2
core   0: 3 0x8000048e (0x97ca) x15 0xb39a5e24
core   0: 0x80000490 (0x3be797f3) csrrw   a5, pmpaddr14, a5
core   0: 3 0x80000490 (0x3be797f3) x15 0x20009454 c958_pmpaddr14 0xb39a5e24
core   0: 0x80000494 (0x3be797f3) csrrw   a5, pmpaddr14, a5
core   0: 3 0x80000494 (0x3be797f3) x15 0xb39a5e24 c958_pmpaddr14 0x20009454
core   0: 0x80000498 (0x384007b7) lui     a5, 0x38400
core   0: 3 0x80000498 (0x384007b7) x15 0x38400000
core   0: 0x8000049c (0x34978793) addi    a5, a5, 841
core   0: 3 0x8000049c (0x34978793) x15 0x38400349
core   0: 0x800004a0 (0x3a3797f3) csrrw   a5, pmpcfg3, a5
core   0: 3 0x800004a0 (0x3a3797f3) x15 0x0f0f0f0f c931_pmpcfg3 0x18000309
core   0: 0x800004a4 (0x3a3797f3) csrrw   a5, pmpcfg3, a5
core   0: 3 0x800004a4 (0x3a3797f3) x15 0x18000309 c931_pmpcfg3 0x0f0f0f0f
core   0: 0x800004a8 (0x2f9787b7) lui     a5, 0x2f978
core   0: 3 0x800004a8 (0x2f9787b7) x15 0x2f978000
core   0: 0x800004ac (0x72b78793) addi    a5, a5, 1835
core   0: 3 0x800004ac (0x72b78793) x15 0x2f97872b
core   0: 0x800004b0 (0x00003917) auipc   s2, 0x3
core   0: 3 0x800004b0 (0x00003917) x18 0x800034b0
core   0: 0x800004b4 (0x30c90913) addi    s2, s2, 780
core   0: 3 0x800004b4 (0x30c90913) x18 0x800037bc
core   0: 0x800004b8 (0x000097ca) c.add   a5, s2
core   0: 3 0x800004b8 (0x97ca) x15 0xaf97bee7
core   0: 0x800004ba (0x3bf797f3) csrrw   a5, pmpaddr15, a5
core   0: 3 0x800004ba (0x3bf797f3) x15 0x20009ded c959_pmpaddr15 0xaf97bee7
core   0: 0x800004be (0x3bf797f3) csrrw   a5, pmpaddr15, a5
core   0: 3 0x800004be (0x3bf797f3) x15 0xaf97bee7 c959_pmpaddr15 0x20009ded
core   0: 0x800004c2 (0x394b07b7) lui     a5, 0x394b0
core   0: 3 0x800004c2 (0x394b07b7) x15 0x394b0000
core   0: 0x800004c6 (0x71578793) addi    a5, a5, 1813
core   0: 3 0x800004c6 (0x71578793) x15 0x394b0715
core   0: 0x800004ca (0x3a3797f3) csrrw   a5, pmpcfg3, a5
core   0: 3 0x800004ca (0x3a3797f3) x15 0x0f0f0f0f c931_pmpcfg3 0x190b0715
core   0: 0x800004ce (0x3a3797f3) csrrw   a5, pmpcfg3, a5
core   0: 3 0x800004ce (0x3a3797f3) x15 0x190b0715 c931_pmpcfg3 0x0f0f0f0f
core   0: 0x800004d2 (0x00000f17) auipc   t5, 0x0
core   0: 3 0x800004d2 (0x00000f17) x30 0x800004d2
core   0: 0x800004d6 (0x05af0f13) addi    t5, t5, 90
core   0: 3 0x800004d6 (0x05af0f13) x30 0x8000052c
core   0: 0x800004da (0x341f1073) csrw    mepc, t5
core   0: 3 0x800004da (0x341f1073) c833_mepc 0x8000052c
core   0: 0x800004de (0x7c00d073) csrwi   cpuctrlsts, 1
core   0: 3 0x800004de (0x7c00d073) c1984_cpuctrlsts 0x00000101
core   0: 0x800004e2 (0x00022f37) lui     t5, 0x22
core   0: 3 0x800004e2 (0x00022f37) x30 0x00022000
core   0: 0x800004e6 (0x800f0f13) addi    t5, t5, -2048
core   0: 3 0x800004e6 (0x800f0f13) x30 0x00021800
core   0: 0x800004ea (0x300f1073) csrw    mstatus, t5
core   0: 3 0x800004ea (0x300f1073) c768_mstatus 0x00021800
core   0: 0x800004ee (0x00004f01) c.li    t5, 0
core   0: 3 0x800004ee (0x4f01) x30 0x00000000
core   0: 0x800004f0 (0x304f1073) csrw    mie, t5
core   0: 3 0x800004f0 (0x304f1073) c772_mie 0x00000000
core   0: 0x800004f4 (0x90000c37) lui     s8, 0x90000
core   0: 3 0x800004f4 (0x90000c37) x24 0x90000000
core   0: 0x800004f8 (0x00001c71) c.addi  s8, -4
core   0: 3 0x800004f8 (0x1c71) x24 0x8ffffffc
core   0: 0x800004fa (0x30000f13) li      t5, 768
core   0: 3 0x800004fa (0x30000f13) x30 0x00000300
core   0: 0x800004fe (0x00000f22) c.slli  t5, 8
core   0: 3 0x800004fe (0x0f22) x30 0x00030000
core   0: 0x80000500 (0x00000f0d) c.addi  t5, 3
core   0: 3 0x80000500 (0x0f0d) x30 0x00030003
core   0: 0x80000502 (0x01ec2023) sw      t5, 0(s8)
core   0: 3 0x80000502 (0x01ec2023) mem 0x8ffffffc 0x00030003
core   0: 0x80000506 (0x30002f73) csrr    t5, mstatus
core   0: 3 0x80000506 (0x30002f73) x30 0x00021800
core   0: 0x8000050a (0x01ec2023) sw      t5, 0(s8)
core   0: 3 0x8000050a (0x01ec2023) mem 0x8ffffffc 0x00021800
core   0: 0x8000050e (0x90000c37) lui     s8, 0x90000
core   0: 3 0x8000050e (0x90000c37) x24 0x90000000
core   0: 0x80000512 (0x00001c71) c.addi  s8, -4
core   0: 3 0x80000512 (0x1c71) x24 0x8ffffffc
core   0: 0x80000514 (0x30400f13) li      t5, 772
core   0: 3 0x80000514 (0x30400f13) x30 0x00000304
core   0: 0x80000518 (0x00000f22) c.slli  t5, 8
core   0: 3 0x80000518 (0x0f22) x30 0x00030400
core   0: 0x8000051a (0x00000f0d) c.addi  t5, 3
core   0: 3 0x8000051a (0x0f0d) x30 0x00030403
core   0: 0x8000051c (0x01ec2023) sw      t5, 0(s8)
core   0: 3 0x8000051c (0x01ec2023) mem 0x8ffffffc 0x00030403
core   0: 0x80000520 (0x30402f73) csrr    t5, mie
core   0: 3 0x80000520 (0x30402f73) x30 0x00000000
core   0: 0x80000524 (0x01ec2023) sw      t5, 0(s8)
core   0: 3 0x80000524 (0x01ec2023) mem 0x8ffffffc 0x00000000
core   0: 0x80000528 (0x30200073) mret
core   0: 3 0x80000528 (0x30200073) c768_mstatus 0x00020080
core   0: 0x8000052c (0x00000013) nop
core   0: 3 0x8000052c (0x00000013)
core   0: 0x80000530 (0x800000b7) lui     ra, 0x80000
core   0: 3 0x80000530 (0x800000b7) x1  0x80000000
core   0: 0x80000534 (0xf5e9e137) lui     sp, 0xf5e9e
core   0: 3 0x80000534 (0xf5e9e137) x2  0xf5e9e000
core   0: 0x80000538 (0x95810113) addi    sp, sp, -1704
core   0: 3 0x80000538 (0x95810113) x2  0xf5e9d958
core   0: 0x8000053c (0x00004181) c.li    gp, 0
core   0: 3 0x8000053c (0x4181) x3  0x00000000
core   0: 0x8000053e (0xf9b9f237) lui     tp, 0xf9b9f
core   0: 3 0x8000053e (0xf9b9f237) x4  0xf9b9f000
core   0: 0x80000542 (0x91a20213) addi    tp, tp, -1766
core   0: 3 0x80000542 (0x91a20213) x4  0xf9b9e91a
core   0: 0x80000546 (0x8e465337) lui     t1, 0x8e465
core   0: 3 0x80000546 (0x8e465337) x6  0x8e465000
core   0: 0x8000054a (0xbfa30313) addi    t1, t1, -1030
core   0: 3 0x8000054a (0xbfa30313) x6  0x8e464bfa
core   0: 0x8000054e (0x000043a9) c.li    t2, 10
core   0: 3 0x8000054e (0x43a9) x7  0x0000000a
core   0: 0x80000550 (0x00004409) c.li    s0, 2
core   0: 3 0x80000550 (0x4409) x8  0x00000002
core   0: 0x80000552 (0x239524b7) lui     s1, 0x23952
core   0: 3 0x80000552 (0x239524b7) x9  0x23952000
core   0: 0x80000556 (0x03148493) addi    s1, s1, 49
core   0: 3 0x80000556 (0x03148493) x9  0x23952031
core   0: 0x8000055a (0x00004501) c.li    a0, 0
core   0: 3 0x8000055a (0x4501) x10 0x00000000
core   0: 0x8000055c (0x00004581) c.li    a1, 0
core   0: 3 0x8000055c (0x4581) x11 0x00000000
core   0: 0x8000055e (0xc4849637) lui     a2, 0xc4849
core   0: 3 0x8000055e (0xc4849637) x12 0xc4849000
core   0: 0x80000562 (0x56860613) addi    a2, a2, 1384
core   0: 3 0x80000562 (0x56860613) x12 0xc4849568
core   0: 0x80000566 (0x800006b7) lui     a3, 0x80000
core   0: 3 0x80000566 (0x800006b7) x13 0x80000000
core   0: 0x8000056a (0x859d2737) lui     a4, 0x859d2
core   0: 3 0x8000056a (0x859d2737) x14 0x859d2000
core   0: 0x8000056e (0x65070713) addi    a4, a4, 1616
core   0: 3 0x8000056e (0x65070713) x14 0x859d2650
core   0: 0x80000572 (0x00004781) c.li    a5, 0
core   0: 3 0x80000572 (0x4781) x15 0x00000000
core   0: 0x80000574 (0x00004801) c.li    a6, 0
core   0: 3 0x80000574 (0x4801) x16 0x00000000
core   0: 0x80000576 (0x5e42b8b7) lui     a7, 0x5e42b
core   0: 3 0x80000576 (0x5e42b8b7) x17 0x5e42b000
core   0: 0x8000057a (0xf7b88893) addi    a7, a7, -133
core   0: 3 0x8000057a (0xf7b88893) x17 0x5e42af7b
core   0: 0x8000057e (0xc2172937) lui     s2, 0xc2172
core   0: 3 0x8000057e (0xc2172937) x18 0xc2172000
core   0: 0x80000582 (0xe7190913) addi    s2, s2, -399
core   0: 3 0x80000582 (0xe7190913) x18 0xc2171e71
core   0: 0x80000586 (0x98df89b7) lui     s3, 0x98df8
core   0: 3 0x80000586 (0x98df89b7) x19 0x98df8000
core   0: 0x8000058a (0x27e98993) addi    s3, s3, 638
core   0: 3 0x8000058a (0x27e98993) x19 0x98df827e
core   0: 0x8000058e (0x4dddea37) lui     s4, 0x4ddde
core   0: 3 0x8000058e (0x4dddea37) x20 0x4ddde000
core   0: 0x80000592 (0x1c9a0a13) addi    s4, s4, 457
core   0: 3 0x80000592 (0x1c9a0a13) x20 0x4ddde1c9
core   0: 0x80000596 (0x00004ab9) c.li    s5, 14
core   0: 3 0x80000596 (0x4ab9) x21 0x0000000e
core   0: 0x80000598 (0x00004b01) c.li    s6, 0
core   0: 3 0x80000598 (0x4b01) x22 0x00000000
core   0: 0x8000059a (0x7b89fc37) lui     s8, 0x7b89f
core   0: 3 0x8000059a (0x7b89fc37) x24 0x7b89f000
core   0: 0x8000059e (0x5f0c0c13) addi    s8, s8, 1520
core   0: 3 0x8000059e (0x5f0c0c13) x24 0x7b89f5f0
core   0: 0x800005a2 (0x00004c81) c.li    s9, 0
core   0: 3 0x800005a2 (0x4c81) x25 0x00000000
core   0: 0x800005a4 (0x00004d19) c.li    s10, 6
core   0: 3 0x800005a4 (0x4d19) x26 0x00000006
core   0: 0x800005a6 (0xfe154db7) lui     s11, 0xfe154
core   0: 3 0x800005a6 (0xfe154db7) x27 0xfe154000
core   0: 0x800005aa (0xeaad8d93) addi    s11, s11, -342
core   0: 3 0x800005aa (0xeaad8d93) x27 0xfe153eaa
core   0: 0x800005ae (0x80000e37) lui     t3, 0x80000
core   0: 3 0x800005ae (0x80000e37) x28 0x80000000
core   0: 0x800005b2 (0xfda54eb7) lui     t4, 0xfda54
core   0: 3 0x800005b2 (0xfda54eb7) x29 0xfda54000
core   0: 0x800005b6 (0xeece8e93) addi    t4, t4, -276
core   0: 3 0x800005b6 (0xeece8e93) x29 0xfda53eec
core   0: 0x800005ba (0xd4aeef37) lui     t5, 0xd4aee
core   0: 3 0x800005ba (0xd4aeef37) x30 0xd4aee000
core   0: 0x800005be (0x4d8f0f13) addi    t5, t5, 1240
core   0: 3 0x800005be (0x4d8f0f13) x30 0xd4aee4d8
core   0: 0x800005c2 (0x80000fb7) lui     t6, 0x80000
core   0: 3 0x800005c2 (0x80000fb7) x31 0x80000000
core   0: 0x800005c6 (0x00029b97) auipc   s7, 0x29
core   0: 3 0x800005c6 (0x00029b97) x23 0x800295c6
core   0: 0x800005ca (0x89eb8b93) addi    s7, s7, -1890
core   0: 3 0x800005ca (0x89eb8b93) x23 0x80028e64
core   0: 0x800005ce (0x90000c37) lui     s8, 0x90000
core   0: 3 0x800005ce (0x90000c37) x24 0x90000000
core   0: 0x800005d2 (0x00001c71) c.addi  s8, -4
core   0: 3 0x800005d2 (0x1c71) x24 0x8ffffffc
core   0: 0x800005d4 (0x00004f01) c.li    t5, 0
core   0: 3 0x800005d4 (0x4f01) x30 0x00000000
core   0: 0x800005d6 (0x00000f22) c.slli  t5, 8
core   0: 3 0x800005d6 (0x0f22) x30 0x00000000
core   0: 0x800005d8 (0x000f0f13) mv      t5, t5
core   0: 3 0x800005d8 (0x000f0f13) x30 0x00000000
core   0: 0x800005dc (0x01ec2023) sw      t5, 0(s8)
core   0: exception trap_store_access_fault, epc 0x800005dc
core   0:           tval 0x8ffffffc
core   0: 0x80002a00 (0x0800006f) j       pc + 0x80
core   0: 3 0x80002a00 (0x0800006f)
core   0: 0x80002a80 (0x000012f1) c.addi  t0, -4
core   0: 3 0x80002a80 (0x12f1) x5  0x8002cce0
core   0: 0x80002a82 (0x0172a023) sw      s7, 0(t0)
core   0: 3 0x80002a82 (0x0172a023) mem 0x8002cce0 0x80028e64
core   0: 0x80002a86 (0x00028bb3) add     s7, t0, zero
core   0: 3 0x80002a86 (0x00028bb3) x23 0x8002cce0
core   0: 0x80002a8a (0xf80b8b93) addi    s7, s7, -128
core   0: 3 0x80002a8a (0xf80b8b93) x23 0x8002cc60
core   0: 0x80002a8e (0x001ba223) sw      ra, 4(s7)
core   0: 3 0x80002a8e (0x001ba223) mem 0x8002cc64 0x80000000
core   0: 0x80002a92 (0x002ba423) sw      sp, 8(s7)
core   0: 3 0x80002a92 (0x002ba423) mem 0x8002cc68 0xf5e9d958
core   0: 0x80002a96 (0x003ba623) sw      gp, 12(s7)
core   0: 3 0x80002a96 (0x003ba623) mem 0x8002cc6c 0x00000000
core   0: 0x80002a9a (0x004ba823) sw      tp, 16(s7)
core   0: 3 0x80002a9a (0x004ba823) mem 0x8002cc70 0xf9b9e91a
core   0: 0x80002a9e (0x005baa23) sw      t0, 20(s7)
core   0: 3 0x80002a9e (0x005baa23) mem 0x8002cc74 0x8002cce0
core   0: 0x80002aa2 (0x006bac23) sw      t1, 24(s7)
core   0: 3 0x80002aa2 (0x006bac23) mem 0x8002cc78 0x8e464bfa
core   0: 0x80002aa6 (0x007bae23) sw      t2, 28(s7)
core   0: 3 0x80002aa6 (0x007bae23) mem 0x8002cc7c 0x0000000a
core   0: 0x80002aaa (0x028ba023) sw      s0, 32(s7)
core   0: 3 0x80002aaa (0x028ba023) mem 0x8002cc80 0x00000002
core   0: 0x80002aae (0x029ba223) sw      s1, 36(s7)
core   0: 3 0x80002aae (0x029ba223) mem 0x8002cc84 0x23952031
core   0: 0x80002ab2 (0x02aba423) sw      a0, 40(s7)
core   0: 3 0x80002ab2 (0x02aba423) mem 0x8002cc88 0x00000000
core   0: 0x80002ab6 (0x02bba623) sw      a1, 44(s7)
core   0: 3 0x80002ab6 (0x02bba623) mem 0x8002cc8c 0x00000000
core   0: 0x80002aba (0x02cba823) sw      a2, 48(s7)
core   0: 3 0x80002aba (0x02cba823) mem 0x8002cc90 0xc4849568
core   0: 0x80002abe (0x02dbaa23) sw      a3, 52(s7)
core   0: 3 0x80002abe (0x02dbaa23) mem 0x8002cc94 0x80000000
core   0: 0x80002ac2 (0x02ebac23) sw      a4, 56(s7)
core   0: 3 0x80002ac2 (0x02ebac23) mem 0x8002cc98 0x859d2650
core   0: 0x80002ac6 (0x02fbae23) sw      a5, 60(s7)
core   0: 3 0x80002ac6 (0x02fbae23) mem 0x8002cc9c 0x00000000
core   0: 0x80002aca (0x050ba023) sw      a6, 64(s7)
core   0: 3 0x80002aca (0x050ba023) mem 0x8002cca0 0x00000000
core   0: 0x80002ace (0x051ba223) sw      a7, 68(s7)
core   0: 3 0x80002ace (0x051ba223) mem 0x8002cca4 0x5e42af7b
core   0: 0x80002ad2 (0x052ba423) sw      s2, 72(s7)
core   0: 3 0x80002ad2 (0x052ba423) mem 0x8002cca8 0xc2171e71
core   0: 0x80002ad6 (0x053ba623) sw      s3, 76(s7)
core   0: 3 0x80002ad6 (0x053ba623) mem 0x8002ccac 0x98df827e
core   0: 0x80002ada (0x054ba823) sw      s4, 80(s7)
core   0: 3 0x80002ada (0x054ba823) mem 0x8002ccb0 0x4ddde1c9
core   0: 0x80002ade (0x055baa23) sw      s5, 84(s7)
core   0: 3 0x80002ade (0x055baa23) mem 0x8002ccb4 0x0000000e
core   0: 0x80002ae2 (0x056bac23) sw      s6, 88(s7)
core   0: 3 0x80002ae2 (0x056bac23) mem 0x8002ccb8 0x00000000
core   0: 0x80002ae6 (0x057bae23) sw      s7, 92(s7)
core   0: 3 0x80002ae6 (0x057bae23) mem 0x8002ccbc 0x8002cc60
core   0: 0x80002aea (0x078ba023) sw      s8, 96(s7)
core   0: 3 0x80002aea (0x078ba023) mem 0x8002ccc0 0x8ffffffc
core   0: 0x80002aee (0x079ba223) sw      s9, 100(s7)
core   0: 3 0x80002aee (0x079ba223) mem 0x8002ccc4 0x00000000
core   0: 0x80002af2 (0x07aba423) sw      s10, 104(s7)
core   0: 3 0x80002af2 (0x07aba423) mem 0x8002ccc8 0x00000006
core   0: 0x80002af6 (0x07bba623) sw      s11, 108(s7)
core   0: 3 0x80002af6 (0x07bba623) mem 0x8002cccc 0xfe153eaa
core   0: 0x80002afa (0x07cba823) sw      t3, 112(s7)
core   0: 3 0x80002afa (0x07cba823) mem 0x8002ccd0 0x80000000
core   0: 0x80002afe (0x07dbaa23) sw      t4, 116(s7)
core   0: 3 0x80002afe (0x07dbaa23) mem 0x8002ccd4 0xfda53eec
core   0: 0x80002b02 (0x07ebac23) sw      t5, 120(s7)
core   0: 3 0x80002b02 (0x07ebac23) mem 0x8002ccd8 0x00000000
core   0: 0x80002b06 (0x07fbae23) sw      t6, 124(s7)
core   0: 3 0x80002b06 (0x07fbae23) mem 0x8002ccdc 0x80000000
core   0: 0x80002b0a (0x000b82b3) add     t0, s7, zero
core   0: 3 0x80002b0a (0x000b82b3) x5  0x8002cc60
core   0: 0x80002b0e (0x90000c37) lui     s8, 0x90000
core   0: 3 0x80002b0e (0x90000c37) x24 0x90000000
core   0: 0x80002b12 (0x00001c71) c.addi  s8, -4
core   0: 3 0x80002b12 (0x1c71) x24 0x8ffffffc
core   0: 0x80002b14 (0x00004f21) c.li    t5, 8
core   0: 3 0x80002b14 (0x4f21) x30 0x00000008
core   0: 0x80002b16 (0x00000f22) c.slli  t5, 8
core   0: 3 0x80002b16 (0x0f22) x30 0x00000800
core   0: 0x80002b18 (0x000f0f13) mv      t5, t5
core   0: 3 0x80002b18 (0x000f0f13) x30 0x00000800
core   0: 0x80002b1c (0x01ec2023) sw      t5, 0(s8)
core   0: 3 0x80002b1c (0x01ec2023) mem 0x8ffffffc 0x00000800
core   0: 0x80002b20 (0x34102f73) csrr    t5, mepc
core   0: 3 0x80002b20 (0x34102f73) x30 0x800005dc
core   0: 0x80002b24 (0x34202f73) csrr    t5, mcause
core   0: 3 0x80002b24 (0x34202f73) x30 0x00000007
core   0: 0x80002b28 (0x00004c0d) c.li    s8, 3
core   0: 3 0x80002b28 (0x4c0d) x24 0x00000003
core   0: 0x80002b2a (0x018f1463) bne     t5, s8, pc + 8
core   0: 3 0x80002b2a (0x018f1463)
core   0: 0x80002b32 (0x00004c21) c.li    s8, 8
core   0: 3 0x80002b32 (0x4c21) x24 0x00000008
core   0: 0x80002b34 (0x058f0d63) beq     t5, s8, pc + 90
core   0: 3 0x80002b34 (0x058f0d63)
core   0: 0x80002b38 (0x00004c25) c.li    s8, 9
core   0: 3 0x80002b38 (0x4c25) x24 0x00000009
core   0: 0x80002b3a (0x058f0a63) beq     t5, s8, pc + 84
core   0: 3 0x80002b3a (0x058f0a63)
core   0: 0x80002b3e (0x00004c2d) c.li    s8, 11
core   0: 3 0x80002b3e (0x4c2d) x24 0x0000000b
core   0: 0x80002b40 (0x058f0763) beq     t5, s8, pc + 78
core   0: 3 0x80002b40 (0x058f0763)
core   0: 0x80002b44 (0x00004c05) c.li    s8, 1
core   0: 3 0x80002b44 (0x4c05) x24 0x00000001
core   0: 0x80002b46 (0x358f0363) beq     t5, s8, pc + 838
core   0: 3 0x80002b46 (0x358f0363)
core   0: 0x80002b4a (0x00004c15) c.li    s8, 5
core   0: 3 0x80002b4a (0x4c15) x24 0x00000005
core   0: 0x80002b4c (0x638f0a63) beq     t5, s8, pc + 1588
core   0: 3 0x80002b4c (0x638f0a63)
core   0: 0x80002b50 (0x00004c1d) c.li    s8, 7
core   0: 3 0x80002b50 (0x4c1d) x24 0x00000007
core   0: 0x80002b52 (0x158f0ce3) beq     t5, s8, pc + 2392
core   0: 3 0x80002b52 (0x158f0ce3)
core   0: 0x800034aa (0x90000c37) lui     s8, 0x90000
core   0: 3 0x800034aa (0x90000c37) x24 0x90000000
core   0: 0x800034ae (0x00001c71) c.addi  s8, -4
core   0: 3 0x800034ae (0x1c71) x24 0x8ffffffc
core   0: 0x800034b0 (0x00004f31) c.li    t5, 12
core   0: 3 0x800034b0 (0x4f31) x30 0x0000000c
core   0: 0x800034b2 (0x00000f22) c.slli  t5, 8
core   0: 3 0x800034b2 (0x0f22) x30 0x00000c00
core   0: 0x800034b4 (0x000f0f13) mv      t5, t5
core   0: 3 0x800034b4 (0x000f0f13) x30 0x00000c00
core   0: 0x800034b8 (0x01ec2023) sw      t5, 0(s8)
core   0: 3 0x800034b8 (0x01ec2023) mem 0x8ffffffc 0x00000c00
core   0: 0x800034bc (0x90000c37) lui     s8, 0x90000
core   0: 3 0x800034bc (0x90000c37) x24 0x90000000
core   0: 0x800034c0 (0x00001c71) c.addi  s8, -4
core   0: 3 0x800034c0 (0x1c71) x24 0x8ffffffc
core   0: 0x800034c2 (0x34200f13) li      t5, 834
core   0: 3 0x800034c2 (0x34200f13) x30 0x00000342
core   0: 0x800034c6 (0x00000f22) c.slli  t5, 8
core   0: 3 0x800034c6 (0x0f22) x30 0x00034200
core   0: 0x800034c8 (0x00000f0d) c.addi  t5, 3
core   0: 3 0x800034c8 (0x0f0d) x30 0x00034203
core   0: 0x800034ca (0x01ec2023) sw      t5, 0(s8)
core   0: 3 0x800034ca (0x01ec2023) mem 0x8ffffffc 0x00034203
core   0: 0x800034ce (0x34202f73) csrr    t5, mcause
core   0: 3 0x800034ce (0x34202f73) x30 0x00000007
core   0: 0x800034d2 (0x01ec2023) sw      t5, 0(s8)
core   0: 3 0x800034d2 (0x01ec2023) mem 0x8ffffffc 0x00000007
core   0: 0x800034d6 (0x00004f01) c.li    t5, 0
core   0: 3 0x800034d6 (0x4f01) x30 0x00000000
core   0: 0x800034d8 (0x00008dfa) c.mv    s11, t5
core   0: 3 0x800034d8 (0x8dfa) x27 0x00000000
core   0: 0x800034da (0x00004901) c.li    s2, 0
core   0: 3 0x800034da (0x4901) x18 0x00000000
core   0: 0x800034dc (0x00008f6e) c.mv    t5, s11
core   0: 3 0x800034dc (0x8f6e) x30 0x00000000
core   0: 0x800034de (0x000087fa) c.mv    a5, t5
core   0: 3 0x800034de (0x87fa) x15 0x00000000
core   0: 0x800034e0 (0x00004781) c.li    a5, 0
core   0: 3 0x800034e0 (0x4781) x15 0x00000000
core   0: 0x800034e2 (0x04ff0f63) beq     t5, a5, pc + 94
core   0: 3 0x800034e2 (0x04ff0f63)
core   0: 0x80003540 (0x3b002c73) csrr    s8, pmpaddr0
core   0: 3 0x80003540 (0x3b002c73) x24 0x20000def
core   0: 0x80003544 (0x3a0028f3) csrr    a7, pmpcfg0
core   0: 3 0x80003544 (0x3a0028f3) x17 0x0f0f0f0f
core   0: 0x80003548 (0x0000a861) c.j     pc + 152
core   0: 3 0x80003548 (0xa861)
core   0: 0x800035e0 (0x00004d11) c.li    s10, 4
core   0: 3 0x800035e0 (0x4d11) x26 0x00000004
core   0: 0x800035e2 (0x01ed9f13) slli    t5, s11, 30
core   0: 3 0x800035e2 (0x01ed9f13) x30 0x00000000
core   0: 0x800035e6 (0x01ef5f13) srli    t5, t5, 30
core   0: 3 0x800035e6 (0x01ef5f13) x30 0x00000000
core   0: 0x800035ea (0x41ed07b3) sub     a5, s10, t5
core   0: 3 0x800035ea (0x41ed07b3) x15 0x00000004
core   0: 0x800035ee (0x000017fd) c.addi  a5, -1
core   0: 3 0x800035ee (0x17fd) x15 0x00000003
core   0: 0x800035f0 (0x0000078e) c.slli  a5, 3
core   0: 3 0x800035f0 (0x078e) x15 0x00000018
core   0: 0x800035f2 (0x00f89d33) sll     s10, a7, a5
core   0: 3 0x800035f2 (0x00f89d33) x26 0x0f000000
core   0: 0x800035f6 (0x00000f0e) c.slli  t5, 3
core   0: 3 0x800035f6 (0x0f0e) x30 0x00000000
core   0: 0x800035f8 (0x000097fa) c.add   a5, t5
core   0: 3 0x800035f8 (0x97fa) x15 0x00000018
core   0: 0x800035fa (0x00fd5d33) srl     s10, s10, a5
core   0: 3 0x800035fa (0x00fd5d33) x26 0x0000000f
core   0: 0x800035fe (0x01bd1793) slli    a5, s10, 27
core   0: 3 0x800035fe (0x01bd1793) x15 0x78000000
core   0: 0x80003602 (0x000083f9) c.srli  a5, 30
core   0: 3 0x80003602 (0x83f9) x15 0x00000001
core   0: 0x80003604 (0x0000c7a1) c.beqz  a5, pc + 72
core   0: 3 0x80003604 (0xc7a1)
core   0: 0x80003606 (0x00004f05) c.li    t5, 1
core   0: 3 0x80003606 (0x4f05) x30 0x00000001
core   0: 0x80003608 (0x05e78363) beq     a5, t5, pc + 70
core   0: 3 0x80003608 (0x05e78363)
core   0: 0x8000364e (0x00008f6e) c.mv    t5, s11
core   0: 3 0x8000364e (0x8f6e) x30 0x00000000
core   0: 0x80003650 (0x343027f3) csrr    a5, mtval
core   0: 3 0x80003650 (0x343027f3) x15 0x8ffffffc
core   0: 0x80003654 (0x00008389) c.srli  a5, 2
core   0: 3 0x80003654 (0x8389) x15 0x23ffffff
core   0: 0x80003656 (0x000f1563) bnez    t5, pc + 10
core   0: 3 0x80003656 (0x000f1563)
core   0: 0x8000365a (0xfc07c5e3) bltz    a5, pc - 54
core   0: 3 0x8000365a (0xfc07c5e3)
core   0: 0x8000365e (0x0000a019) c.j     pc + 6
core   0: 3 0x8000365e (0xa019)
core   0: 0x80003664 (0xfd87f0e3) bgeu    a5, s8, pc - 64
core   0: 3 0x80003664 (0xfd87f0e3)
core   0: 0x80003624 (0x00008f6e) c.mv    t5, s11
core   0: 3 0x80003624 (0x8f6e) x30 0x00000000
core   0: 0x80003626 (0x00008962) c.mv    s2, s8
core   0: 3 0x80003626 (0x8962) x18 0x20000def
core   0: 0x80003628 (0x00000f05) c.addi  t5, 1
core   0: 3 0x80003628 (0x0f05) x30 0x00000001
core   0: 0x8000362a (0x00008dfa) c.mv    s11, t5
core   0: 3 0x8000362a (0x8dfa) x27 0x00000001
core   0: 0x8000362c (0x00004c41) c.li    s8, 16
core   0: 3 0x8000362c (0x4c41) x24 0x00000010
core   0: 0x8000362e (0x018f5363) bge     t5, s8, pc + 6
core   0: 3 0x8000362e (0x018f5363)
core   0: 0x80003632 (0x0000b56d) c.j     pc - 342
core   0: 3 0x80003632 (0xb56d)
core   0: 0x800034dc (0x00008f6e) c.mv    t5, s11
core   0: 3 0x800034dc (0x8f6e) x30 0x00000001
core   0: 0x800034de (0x000087fa) c.mv    a5, t5
core   0: 3 0x800034de (0x87fa) x15 0x00000001
core   0: 0x800034e0 (0x00004781) c.li    a5, 0
core   0: 3 0x800034e0 (0x4781) x15 0x00000000
core   0: 0x800034e2 (0x04ff0f63) beq     t5, a5, pc + 94
core   0: 3 0x800034e2 (0x04ff0f63)
core   0: 0x800034e6 (0x00004785) c.li    a5, 1
core   0: 3 0x800034e6 (0x4785) x15 0x00000001
core   0: 0x800034e8 (0x06ff0163) beq     t5, a5, pc + 98
core   0: 3 0x800034e8 (0x06ff0163)
core   0: 0x8000354a (0x3b102c73) csrr    s8, pmpaddr1
core   0: 3 0x8000354a (0x3b102c73) x24 0x20001788
core   0: 0x8000354e (0x3a0028f3) csrr    a7, pmpcfg0
core   0: 3 0x8000354e (0x3a0028f3) x17 0x0f0f0f0f
core   0: 0x80003552 (0x0000a079) c.j     pc + 142
core   0: 3 0x80003552 (0xa079)
core   0: 0x800035e0 (0x00004d11) c.li    s10, 4
core   0: 3 0x800035e0 (0x4d11) x26 0x00000004
core   0: 0x800035e2 (0x01ed9f13) slli    t5, s11, 30
core   0: 3 0x800035e2 (0x01ed9f13) x30 0x40000000
core   0: 0x800035e6 (0x01ef5f13) srli    t5, t5, 30
core   0: 3 0x800035e6 (0x01ef5f13) x30 0x00000001
core   0: 0x800035ea (0x41ed07b3) sub     a5, s10, t5
core   0: 3 0x800035ea (0x41ed07b3) x15 0x00000003
core   0: 0x800035ee (0x000017fd) c.addi  a5, -1
core   0: 3 0x800035ee (0x17fd) x15 0x00000002
core   0: 0x800035f0 (0x0000078e) c.slli  a5, 3
core   0: 3 0x800035f0 (0x078e) x15 0x00000010
core   0: 0x800035f2 (0x00f89d33) sll     s10, a7, a5
core   0: 3 0x800035f2 (0x00f89d33) x26 0x0f0f0000
core   0: 0x800035f6 (0x00000f0e) c.slli  t5, 3
core   0: 3 0x800035f6 (0x0f0e) x30 0x00000008
core   0: 0x800035f8 (0x000097fa) c.add   a5, t5
core   0: 3 0x800035f8 (0x97fa) x15 0x00000018
core   0: 0x800035fa (0x00fd5d33) srl     s10, s10, a5
core   0: 3 0x800035fa (0x00fd5d33) x26 0x0000000f
core   0: 0x800035fe (0x01bd1793) slli    a5, s10, 27
core   0: 3 0x800035fe (0x01bd1793) x15 0x78000000
core   0: 0x80003602 (0x000083f9) c.srli  a5, 30
core   0: 3 0x80003602 (0x83f9) x15 0x00000001
core   0: 0x80003604 (0x0000c7a1) c.beqz  a5, pc + 72
core   0: 3 0x80003604 (0xc7a1)
core   0: 0x80003606 (0x00004f05) c.li    t5, 1
core   0: 3 0x80003606 (0x4f05) x30 0x00000001
core   0: 0x80003608 (0x05e78363) beq     a5, t5, pc + 70
core   0: 3 0x80003608 (0x05e78363)
core   0: 0x8000364e (0x00008f6e) c.mv    t5, s11
core   0: 3 0x8000364e (0x8f6e) x30 0x00000001
core   0: 0x80003650 (0x343027f3) csrr    a5, mtval
core   0: 3 0x80003650 (0x343027f3) x15 0x8ffffffc
core   0: 0x80003654 (0x00008389) c.srli  a5, 2
core   0: 3 0x80003654 (0x8389) x15 0x23ffffff
core   0: 0x80003656 (0x000f1563) bnez    t5, pc + 10
core   0: 3 0x80003656 (0x000f1563)
core   0: 0x80003660 (0xfd27e2e3) bltu    a5, s2, pc - 60
core   0: 3 0x80003660 (0xfd27e2e3)
core   0: 0x80003664 (0xfd87f0e3) bgeu    a5, s8, pc - 64
core   0: 3 0x80003664 (0xfd87f0e3)
core   0: 0x80003624 (0x00008f6e) c.mv    t5, s11
core   0: 3 0x80003624 (0x8f6e) x30 0x00000001
core   0: 0x80003626 (0x00008962) c.mv    s2, s8
core   0: 3 0x80003626 (0x8962) x18 0x20001788
core   0: 0x80003628 (0x00000f05) c.addi  t5, 1
core   0: 3 0x80003628 (0x0f05) x30 0x00000002
core   0: 0x8000362a (0x00008dfa) c.mv    s11, t5
core   0: 3 0x8000362a (0x8dfa) x27 0x00000002
core   0: 0x8000362c (0x00004c41) c.li    s8, 16
core   0: 3 0x8000362c (0x4c41) x24 0x00000010
core   0: 0x8000362e (0x018f5363) bge     t5, s8, pc + 6
core   0: 3 0x8000362e (0x018f5363)
core   0: 0x80003632 (0x0000b56d) c.j     pc - 342
core   0: 3 0x80003632 (0xb56d)
core   0: 0x800034dc (0x00008f6e) c.mv    t5, s11
core   0: 3 0x800034dc (0x8f6e) x30 0x00000002
core   0: 0x800034de (0x000087fa) c.mv    a5, t5
core   0: 3 0x800034de (0x87fa) x15 0x00000002
core   0: 0x800034e0 (0x00004781) c.li    a5, 0
core   0: 3 0x800034e0 (0x4781) x15 0x00000000
core   0: 0x800034e2 (0x04ff0f63) beq     t5, a5, pc + 94
core   0: 3 0x800034e2 (0x04ff0f63)
core   0: 0x800034e6 (0x00004785) c.li    a5, 1
core   0: 3 0x800034e6 (0x4785) x15 0x00000001
core   0: 0x800034e8 (0x06ff0163) beq     t5, a5, pc + 98
core   0: 3 0x800034e8 (0x06ff0163)
core   0: 0x800034ec (0x00004789) c.li    a5, 2
core   0: 3 0x800034ec (0x4789) x15 0x00000002
core   0: 0x800034ee (0x06ff0363) beq     t5, a5, pc + 102
core   0: 3 0x800034ee (0x06ff0363)
core   0: 0x80003554 (0x3b202c73) csrr    s8, pmpaddr2
core   0: 3 0x80003554 (0x3b202c73) x24 0x20002122
core   0: 0x80003558 (0x3a0028f3) csrr    a7, pmpcfg0
core   0: 3 0x80003558 (0x3a0028f3) x17 0x0f0f0f0f
core   0: 0x8000355c (0x0000a051) c.j     pc + 132
core   0: 3 0x8000355c (0xa051)
core   0: 0x800035e0 (0x00004d11) c.li    s10, 4
core   0: 3 0x800035e0 (0x4d11) x26 0x00000004
core   0: 0x800035e2 (0x01ed9f13) slli    t5, s11, 30
core   0: 3 0x800035e2 (0x01ed9f13) x30 0x80000000
core   0: 0x800035e6 (0x01ef5f13) srli    t5, t5, 30
core   0: 3 0x800035e6 (0x01ef5f13) x30 0x00000002
core   0: 0x800035ea (0x41ed07b3) sub     a5, s10, t5
core   0: 3 0x800035ea (0x41ed07b3) x15 0x00000002
core   0: 0x800035ee (0x000017fd) c.addi  a5, -1
core   0: 3 0x800035ee (0x17fd) x15 0x00000001
core   0: 0x800035f0 (0x0000078e) c.slli  a5, 3
core   0: 3 0x800035f0 (0x078e) x15 0x00000008
core   0: 0x800035f2 (0x00f89d33) sll     s10, a7, a5
core   0: 3 0x800035f2 (0x00f89d33) x26 0x0f0f0f00
core   0: 0x800035f6 (0x00000f0e) c.slli  t5, 3
core   0: 3 0x800035f6 (0x0f0e) x30 0x00000010
core   0: 0x800035f8 (0x000097fa) c.add   a5, t5
core   0: 3 0x800035f8 (0x97fa) x15 0x00000018
core   0: 0x800035fa (0x00fd5d33) srl     s10, s10, a5
core   0: 3 0x800035fa (0x00fd5d33) x26 0x0000000f
core   0: 0x800035fe (0x01bd1793) slli    a5, s10, 27
core   0: 3 0x800035fe (0x01bd1793) x15 0x78000000
core   0: 0x80003602 (0x000083f9) c.srli  a5, 30
core   0: 3 0x80003602 (0x83f9) x15 0x00000001
core   0: 0x80003604 (0x0000c7a1) c.beqz  a5, pc + 72
core   0: 3 0x80003604 (0xc7a1)
core   0: 0x80003606 (0x00004f05) c.li    t5, 1
core   0: 3 0x80003606 (0x4f05) x30 0x00000001
core   0: 0x80003608 (0x05e78363) beq     a5, t5, pc + 70
core   0: 3 0x80003608 (0x05e78363)
core   0: 0x8000364e (0x00008f6e) c.mv    t5, s11
core   0: 3 0x8000364e (0x8f6e) x30 0x00000002
core   0: 0x80003650 (0x343027f3) csrr    a5, mtval
core   0: 3 0x80003650 (0x343027f3) x15 0x8ffffffc
core   0: 0x80003654 (0x00008389) c.srli  a5, 2
core   0: 3 0x80003654 (0x8389) x15 0x23ffffff
core   0: 0x80003656 (0x000f1563) bnez    t5, pc + 10
core   0: 3 0x80003656 (0x000f1563)
core   0: 0x80003660 (0xfd27e2e3) bltu    a5, s2, pc - 60
core   0: 3 0x80003660 (0xfd27e2e3)
core   0: 0x80003664 (0xfd87f0e3) bgeu    a5, s8, pc - 64
core   0: 3 0x80003664 (0xfd87f0e3)
core   0: 0x80003624 (0x00008f6e) c.mv    t5, s11
core   0: 3 0x80003624 (0x8f6e) x30 0x00000002
core   0: 0x80003626 (0x00008962) c.mv    s2, s8
core   0: 3 0x80003626 (0x8962) x18 0x20002122
core   0: 0x80003628 (0x00000f05) c.addi  t5, 1
core   0: 3 0x80003628 (0x0f05) x30 0x00000003
core   0: 0x8000362a (0x00008dfa) c.mv    s11, t5
core   0: 3 0x8000362a (0x8dfa) x27 0x00000003
core   0: 0x8000362c (0x00004c41) c.li    s8, 16
core   0: 3 0x8000362c (0x4c41) x24 0x00000010
core   0: 0x8000362e (0x018f5363) bge     t5, s8, pc + 6
core   0: 3 0x8000362e (0x018f5363)
core   0: 0x80003632 (0x0000b56d) c.j     pc - 342
core   0: 3 0x80003632 (0xb56d)
core   0: 0x800034dc (0x00008f6e) c.mv    t5, s11
core   0: 3 0x800034dc (0x8f6e) x30 0x00000003
core   0: 0x800034de (0x000087fa) c.mv    a5, t5
core   0: 3 0x800034de (0x87fa) x15 0x00000003
core   0: 0x800034e0 (0x00004781) c.li    a5, 0
core   0: 3 0x800034e0 (0x4781) x15 0x00000000
core   0: 0x800034e2 (0x04ff0f63) beq     t5, a5, pc + 94
core   0: 3 0x800034e2 (0x04ff0f63)
core   0: 0x800034e6 (0x00004785) c.li    a5, 1
core   0: 3 0x800034e6 (0x4785) x15 0x00000001
core   0: 0x800034e8 (0x06ff0163) beq     t5, a5, pc + 98
core   0: 3 0x800034e8 (0x06ff0163)
core   0: 0x800034ec (0x00004789) c.li    a5, 2
core   0: 3 0x800034ec (0x4789) x15 0x00000002
core   0: 0x800034ee (0x06ff0363) beq     t5, a5, pc + 102
core   0: 3 0x800034ee (0x06ff0363)
core   0: 0x800034f2 (0x0000478d) c.li    a5, 3
core   0: 3 0x800034f2 (0x478d) x15 0x00000003
core   0: 0x800034f4 (0x06ff0563) beq     t5, a5, pc + 106
core   0: 3 0x800034f4 (0x06ff0563)
core   0: 0x8000355e (0x3b302c73) csrr    s8, pmpaddr3
core   0: 3 0x8000355e (0x3b302c73) x24 0x20002abb
core   0: 0x80003562 (0x3a0028f3) csrr    a7, pmpcfg0
core   0: 3 0x80003562 (0x3a0028f3) x17 0x0f0f0f0f
core   0: 0x80003566 (0x0000a8ad) c.j     pc + 122
core   0: 3 0x80003566 (0xa8ad)
core   0: 0x800035e0 (0x00004d11) c.li    s10, 4
core   0: 3 0x800035e0 (0x4d11) x26 0x00000004
core   0: 0x800035e2 (0x01ed9f13) slli    t5, s11, 30
core   0: 3 0x800035e2 (0x01ed9f13) x30 0xc0000000
core   0: 0x800035e6 (0x01ef5f13) srli    t5, t5, 30
core   0: 3 0x800035e6 (0x01ef5f13) x30 0x00000003
core   0: 0x800035ea (0x41ed07b3) sub     a5, s10, t5
core   0: 3 0x800035ea (0x41ed07b3) x15 0x00000001
core   0: 0x800035ee (0x000017fd) c.addi  a5, -1
core   0: 3 0x800035ee (0x17fd) x15 0x00000000
core   0: 0x800035f0 (0x0000078e) c.slli  a5, 3
core   0: 3 0x800035f0 (0x078e) x15 0x00000000
core   0: 0x800035f2 (0x00f89d33) sll     s10, a7, a5
core   0: 3 0x800035f2 (0x00f89d33) x26 0x0f0f0f0f
core   0: 0x800035f6 (0x00000f0e) c.slli  t5, 3
core   0: 3 0x800035f6 (0x0f0e) x30 0x00000018
core   0: 0x800035f8 (0x000097fa) c.add   a5, t5
core   0: 3 0x800035f8 (0x97fa) x15 0x00000018
core   0: 0x800035fa (0x00fd5d33) srl     s10, s10, a5
core   0: 3 0x800035fa (0x00fd5d33) x26 0x0000000f
core   0: 0x800035fe (0x01bd1793) slli    a5, s10, 27
core   0: 3 0x800035fe (0x01bd1793) x15 0x78000000
core   0: 0x80003602 (0x000083f9) c.srli  a5, 30
core   0: 3 0x80003602 (0x83f9) x15 0x00000001
core   0: 0x80003604 (0x0000c7a1) c.beqz  a5, pc + 72
core   0: 3 0x80003604 (0xc7a1)
core   0: 0x80003606 (0x00004f05) c.li    t5, 1
core   0: 3 0x80003606 (0x4f05) x30 0x00000001
core   0: 0x80003608 (0x05e78363) beq     a5, t5, pc + 70
core   0: 3 0x80003608 (0x05e78363)
core   0: 0x8000364e (0x00008f6e) c.mv    t5, s11
core   0: 3 0x8000364e (0x8f6e) x30 0x00000003
core   0: 0x80003650 (0x343027f3) csrr    a5, mtval
core   0: 3 0x80003650 (0x343027f3) x15 0x8ffffffc
core   0: 0x80003654 (0x00008389) c.srli  a5, 2
core   0: 3 0x80003654 (0x8389) x15 0x23ffffff
core   0: 0x80003656 (0x000f1563) bnez    t5, pc + 10
core   0: 3 0x80003656 (0x000f1563)
core   0: 0x80003660 (0xfd27e2e3) bltu    a5, s2, pc - 60
core   0: 3 0x80003660 (0xfd27e2e3)
core   0: 0x80003664 (0xfd87f0e3) bgeu    a5, s8, pc - 64
core   0: 3 0x80003664 (0xfd87f0e3)
core   0: 0x80003624 (0x00008f6e) c.mv    t5, s11
core   0: 3 0x80003624 (0x8f6e) x30 0x00000003
core   0: 0x80003626 (0x00008962) c.mv    s2, s8
core   0: 3 0x80003626 (0x8962) x18 0x20002abb
core   0: 0x80003628 (0x00000f05) c.addi  t5, 1
core   0: 3 0x80003628 (0x0f05) x30 0x00000004
core   0: 0x8000362a (0x00008dfa) c.mv    s11, t5
core   0: 3 0x8000362a (0x8dfa) x27 0x00000004
core   0: 0x8000362c (0x00004c41) c.li    s8, 16
core   0: 3 0x8000362c (0x4c41) x24 0x00000010
core   0: 0x8000362e (0x018f5363) bge     t5, s8, pc + 6
core   0: 3 0x8000362e (0x018f5363)
core   0: 0x80003632 (0x0000b56d) c.j     pc - 342
core   0: 3 0x80003632 (0xb56d)
core   0: 0x800034dc (0x00008f6e) c.mv    t5, s11
core   0: 3 0x800034dc (0x8f6e) x30 0x00000004
core   0: 0x800034de (0x000087fa) c.mv    a5, t5
core   0: 3 0x800034de (0x87fa) x15 0x00000004
core   0: 0x800034e0 (0x00004781) c.li    a5, 0
core   0: 3 0x800034e0 (0x4781) x15 0x00000000
core   0: 0x800034e2 (0x04ff0f63) beq     t5, a5, pc + 94
core   0: 3 0x800034e2 (0x04ff0f63)
core   0: 0x800034e6 (0x00004785) c.li    a5, 1
core   0: 3 0x800034e6 (0x4785) x15 0x00000001
core   0: 0x800034e8 (0x06ff0163) beq     t5, a5, pc + 98
core   0: 3 0x800034e8 (0x06ff0163)
core   0: 0x800034ec (0x00004789) c.li    a5, 2
core   0: 3 0x800034ec (0x4789) x15 0x00000002
core   0: 0x800034ee (0x06ff0363) beq     t5, a5, pc + 102
core   0: 3 0x800034ee (0x06ff0363)
core   0: 0x800034f2 (0x0000478d) c.li    a5, 3
core   0: 3 0x800034f2 (0x478d) x15 0x00000003
core   0: 0x800034f4 (0x06ff0563) beq     t5, a5, pc + 106
core   0: 3 0x800034f4 (0x06ff0563)
core   0: 0x800034f8 (0x00004791) c.li    a5, 4
core   0: 3 0x800034f8 (0x4791) x15 0x00000004
core   0: 0x800034fa (0x06ff0763) beq     t5, a5, pc + 110
core   0: 3 0x800034fa (0x06ff0763)
core   0: 0x80003568 (0x3b402c73) csrr    s8, pmpaddr4
core   0: 3 0x80003568 (0x3b402c73) x24 0x20003455
core   0: 0x8000356c (0x3a1028f3) csrr    a7, pmpcfg1
core   0: 3 0x8000356c (0x3a1028f3) x17 0x0f0f0f0f
core   0: 0x80003570 (0x0000a885) c.j     pc + 112
core   0: 3 0x80003570 (0xa885)
core   0: 0x800035e0 (0x00004d11) c.li    s10, 4
core   0: 3 0x800035e0 (0x4d11) x26 0x00000004
core   0: 0x800035e2 (0x01ed9f13) slli    t5, s11, 30
core   0: 3 0x800035e2 (0x01ed9f13) x30 0x00000000
core   0: 0x800035e6 (0x01ef5f13) srli    t5, t5, 30
core   0: 3 0x800035e6 (0x01ef5f13) x30 0x00000000
core   0: 0x800035ea (0x41ed07b3) sub     a5, s10, t5
core   0: 3 0x800035ea (0x41ed07b3) x15 0x00000004
core   0: 0x800035ee (0x000017fd) c.addi  a5, -1
core   0: 3 0x800035ee (0x17fd) x15 0x00000003
core   0: 0x800035f0 (0x0000078e) c.slli  a5, 3
core   0: 3 0x800035f0 (0x078e) x15 0x00000018
core   0: 0x800035f2 (0x00f89d33) sll     s10, a7, a5
core   0: 3 0x800035f2 (0x00f89d33) x26 0x0f000000
core   0: 0x800035f6 (0x00000f0e) c.slli  t5, 3
core   0: 3 0x800035f6 (0x0f0e) x30 0x00000000
core   0: 0x800035f8 (0x000097fa) c.add   a5, t5
core   0: 3 0x800035f8 (0x97fa) x15 0x00000018
core   0: 0x800035fa (0x00fd5d33) srl     s10, s10, a5
core   0: 3 0x800035fa (0x00fd5d33) x26 0x0000000f
core   0: 0x800035fe (0x01bd1793) slli    a5, s10, 27
core   0: 3 0x800035fe (0x01bd1793) x15 0x78000000
core   0: 0x80003602 (0x000083f9) c.srli  a5, 30
core   0: 3 0x80003602 (0x83f9) x15 0x00000001
core   0: 0x80003604 (0x0000c7a1) c.beqz  a5, pc + 72
core   0: 3 0x80003604 (0xc7a1)
core   0: 0x80003606 (0x00004f05) c.li    t5, 1
core   0: 3 0x80003606 (0x4f05) x30 0x00000001
core   0: 0x80003608 (0x05e78363) beq     a5, t5, pc + 70
core   0: 3 0x80003608 (0x05e78363)
core   0: 0x8000364e (0x00008f6e) c.mv    t5, s11
core   0: 3 0x8000364e (0x8f6e) x30 0x00000004
core   0: 0x80003650 (0x343027f3) csrr    a5, mtval
core   0: 3 0x80003650 (0x343027f3) x15 0x8ffffffc
core   0: 0x80003654 (0x00008389) c.srli  a5, 2
core   0: 3 0x80003654 (0x8389) x15 0x23ffffff
core   0: 0x80003656 (0x000f1563) bnez    t5, pc + 10
core   0: 3 0x80003656 (0x000f1563)
core   0: 0x80003660 (0xfd27e2e3) bltu    a5, s2, pc - 60
core   0: 3 0x80003660 (0xfd27e2e3)
core   0: 0x80003664 (0xfd87f0e3) bgeu    a5, s8, pc - 64
core   0: 3 0x80003664 (0xfd87f0e3)
core   0: 0x80003624 (0x00008f6e) c.mv    t5, s11
core   0: 3 0x80003624 (0x8f6e) x30 0x00000004
core   0: 0x80003626 (0x00008962) c.mv    s2, s8
core   0: 3 0x80003626 (0x8962) x18 0x20003455
core   0: 0x80003628 (0x00000f05) c.addi  t5, 1
core   0: 3 0x80003628 (0x0f05) x30 0x00000005
core   0: 0x8000362a (0x00008dfa) c.mv    s11, t5
core   0: 3 0x8000362a (0x8dfa) x27 0x00000005
core   0: 0x8000362c (0x00004c41) c.li    s8, 16
core   0: 3 0x8000362c (0x4c41) x24 0x00000010
core   0: 0x8000362e (0x018f5363) bge     t5, s8, pc + 6
core   0: 3 0x8000362e (0x018f5363)
core   0: 0x80003632 (0x0000b56d) c.j     pc - 342
core   0: 3 0x80003632 (0xb56d)
core   0: 0x800034dc (0x00008f6e) c.mv    t5, s11
core   0: 3 0x800034dc (0x8f6e) x30 0x00000005
core   0: 0x800034de (0x000087fa) c.mv    a5, t5
core   0: 3 0x800034de (0x87fa) x15 0x00000005
core   0: 0x800034e0 (0x00004781) c.li    a5, 0
core   0: 3 0x800034e0 (0x4781) x15 0x00000000
core   0: 0x800034e2 (0x04ff0f63) beq     t5, a5, pc + 94
core   0: 3 0x800034e2 (0x04ff0f63)
core   0: 0x800034e6 (0x00004785) c.li    a5, 1
core   0: 3 0x800034e6 (0x4785) x15 0x00000001
core   0: 0x800034e8 (0x06ff0163) beq     t5, a5, pc + 98
core   0: 3 0x800034e8 (0x06ff0163)
core   0: 0x800034ec (0x00004789) c.li    a5, 2
core   0: 3 0x800034ec (0x4789) x15 0x00000002
core   0: 0x800034ee (0x06ff0363) beq     t5, a5, pc + 102
core   0: 3 0x800034ee (0x06ff0363)
core   0: 0x800034f2 (0x0000478d) c.li    a5, 3
core   0: 3 0x800034f2 (0x478d) x15 0x00000003
core   0: 0x800034f4 (0x06ff0563) beq     t5, a5, pc + 106
core   0: 3 0x800034f4 (0x06ff0563)
core   0: 0x800034f8 (0x00004791) c.li    a5, 4
core   0: 3 0x800034f8 (0x4791) x15 0x00000004
core   0: 0x800034fa (0x06ff0763) beq     t5, a5, pc + 110
core   0: 3 0x800034fa (0x06ff0763)
core   0: 0x800034fe (0x00004795) c.li    a5, 5
core   0: 3 0x800034fe (0x4795) x15 0x00000005
core   0: 0x80003500 (0x06ff0963) beq     t5, a5, pc + 114
core   0: 3 0x80003500 (0x06ff0963)
core   0: 0x80003572 (0x3b502c73) csrr    s8, pmpaddr5
core   0: 3 0x80003572 (0x3b502c73) x24 0x20003dee
core   0: 0x80003576 (0x3a1028f3) csrr    a7, pmpcfg1
core   0: 3 0x80003576 (0x3a1028f3) x17 0x0f0f0f0f
core   0: 0x8000357a (0x0000a09d) c.j     pc + 102
core   0: 3 0x8000357a (0xa09d)
core   0: 0x800035e0 (0x00004d11) c.li    s10, 4
core   0: 3 0x800035e0 (0x4d11) x26 0x00000004
core   0: 0x800035e2 (0x01ed9f13) slli    t5, s11, 30
core   0: 3 0x800035e2 (0x01ed9f13) x30 0x40000000
core   0: 0x800035e6 (0x01ef5f13) srli    t5, t5, 30
core   0: 3 0x800035e6 (0x01ef5f13) x30 0x00000001
core   0: 0x800035ea (0x41ed07b3) sub     a5, s10, t5
core   0: 3 0x800035ea (0x41ed07b3) x15 0x00000003
core   0: 0x800035ee (0x000017fd) c.addi  a5, -1
core   0: 3 0x800035ee (0x17fd) x15 0x00000002
core   0: 0x800035f0 (0x0000078e) c.slli  a5, 3
core   0: 3 0x800035f0 (0x078e) x15 0x00000010
core   0: 0x800035f2 (0x00f89d33) sll     s10, a7, a5
core   0: 3 0x800035f2 (0x00f89d33) x26 0x0f0f0000
core   0: 0x800035f6 (0x00000f0e) c.slli  t5, 3
core   0: 3 0x800035f6 (0x0f0e) x30 0x00000008
core   0: 0x800035f8 (0x000097fa) c.add   a5, t5
core   0: 3 0x800035f8 (0x97fa) x15 0x00000018
core   0: 0x800035fa (0x00fd5d33) srl     s10, s10, a5
core   0: 3 0x800035fa (0x00fd5d33) x26 0x0000000f
core   0: 0x800035fe (0x01bd1793) slli    a5, s10, 27
core   0: 3 0x800035fe (0x01bd1793) x15 0x78000000
core   0: 0x80003602 (0x000083f9) c.srli  a5, 30
core   0: 3 0x80003602 (0x83f9) x15 0x00000001
core   0: 0x80003604 (0x0000c7a1) c.beqz  a5, pc + 72
core   0: 3 0x80003604 (0xc7a1)
core   0: 0x80003606 (0x00004f05) c.li    t5, 1
core   0: 3 0x80003606 (0x4f05) x30 0x00000001
core   0: 0x80003608 (0x05e78363) beq     a5, t5, pc + 70
core   0: 3 0x80003608 (0x05e78363)
core   0: 0x8000364e (0x00008f6e) c.mv    t5, s11
core   0: 3 0x8000364e (0x8f6e) x30 0x00000005
core   0: 0x80003650 (0x343027f3) csrr    a5, mtval
core   0: 3 0x80003650 (0x343027f3) x15 0x8ffffffc
core   0: 0x80003654 (0x00008389) c.srli  a5, 2
core   0: 3 0x80003654 (0x8389) x15 0x23ffffff
core   0: 0x80003656 (0x000f1563) bnez    t5, pc + 10
core   0: 3 0x80003656 (0x000f1563)
core   0: 0x80003660 (0xfd27e2e3) bltu    a5, s2, pc - 60
core   0: 3 0x80003660 (0xfd27e2e3)
core   0: 0x80003664 (0xfd87f0e3) bgeu    a5, s8, pc - 64
core   0: 3 0x80003664 (0xfd87f0e3)
core   0: 0x80003624 (0x00008f6e) c.mv    t5, s11
core   0: 3 0x80003624 (0x8f6e) x30 0x00000005
core   0: 0x80003626 (0x00008962) c.mv    s2, s8
core   0: 3 0x80003626 (0x8962) x18 0x20003dee
core   0: 0x80003628 (0x00000f05) c.addi  t5, 1
core   0: 3 0x80003628 (0x0f05) x30 0x00000006
core   0: 0x8000362a (0x00008dfa) c.mv    s11, t5
core   0: 3 0x8000362a (0x8dfa) x27 0x00000006
core   0: 0x8000362c (0x00004c41) c.li    s8, 16
core   0: 3 0x8000362c (0x4c41) x24 0x00000010
core   0: 0x8000362e (0x018f5363) bge     t5, s8, pc + 6
core   0: 3 0x8000362e (0x018f5363)
core   0: 0x80003632 (0x0000b56d) c.j     pc - 342
core   0: 3 0x80003632 (0xb56d)
core   0: 0x800034dc (0x00008f6e) c.mv    t5, s11
core   0: 3 0x800034dc (0x8f6e) x30 0x00000006
core   0: 0x800034de (0x000087fa) c.mv    a5, t5
core   0: 3 0x800034de (0x87fa) x15 0x00000006
core   0: 0x800034e0 (0x00004781) c.li    a5, 0
core   0: 3 0x800034e0 (0x4781) x15 0x00000000
core   0: 0x800034e2 (0x04ff0f63) beq     t5, a5, pc + 94
core   0: 3 0x800034e2 (0x04ff0f63)
core   0: 0x800034e6 (0x00004785) c.li    a5, 1
core   0: 3 0x800034e6 (0x4785) x15 0x00000001
core   0: 0x800034e8 (0x06ff0163) beq     t5, a5, pc + 98
core   0: 3 0x800034e8 (0x06ff0163)
core   0: 0x800034ec (0x00004789) c.li    a5, 2
core   0: 3 0x800034ec (0x4789) x15 0x00000002
core   0: 0x800034ee (0x06ff0363) beq     t5, a5, pc + 102
core   0: 3 0x800034ee (0x06ff0363)
core   0: 0x800034f2 (0x0000478d) c.li    a5, 3
core   0: 3 0x800034f2 (0x478d) x15 0x00000003
core   0: 0x800034f4 (0x06ff0563) beq     t5, a5, pc + 106
core   0: 3 0x800034f4 (0x06ff0563)
core   0: 0x800034f8 (0x00004791) c.li    a5, 4
core   0: 3 0x800034f8 (0x4791) x15 0x00000004
core   0: 0x800034fa (0x06ff0763) beq     t5, a5, pc + 110
core   0: 3 0x800034fa (0x06ff0763)
core   0: 0x800034fe (0x00004795) c.li    a5, 5
core   0: 3 0x800034fe (0x4795) x15 0x00000005
core   0: 0x80003500 (0x06ff0963) beq     t5, a5, pc + 114
core   0: 3 0x80003500 (0x06ff0963)
core   0: 0x80003504 (0x00004799) c.li    a5, 6
core   0: 3 0x80003504 (0x4799) x15 0x00000006
core   0: 0x80003506 (0x06ff0b63) beq     t5, a5, pc + 118
core   0: 3 0x80003506 (0x06ff0b63)
core   0: 0x8000357c (0x3b602c73) csrr    s8, pmpaddr6
core   0: 3 0x8000357c (0x3b602c73) x24 0x20004788
core   0: 0x80003580 (0x3a1028f3) csrr    a7, pmpcfg1
core   0: 3 0x80003580 (0x3a1028f3) x17 0x0f0f0f0f
core   0: 0x80003584 (0x0000a8b1) c.j     pc + 92
core   0: 3 0x80003584 (0xa8b1)
core   0: 0x800035e0 (0x00004d11) c.li    s10, 4
core   0: 3 0x800035e0 (0x4d11) x26 0x00000004
core   0: 0x800035e2 (0x01ed9f13) slli    t5, s11, 30
core   0: 3 0x800035e2 (0x01ed9f13) x30 0x80000000
core   0: 0x800035e6 (0x01ef5f13) srli    t5, t5, 30
core   0: 3 0x800035e6 (0x01ef5f13) x30 0x00000002
core   0: 0x800035ea (0x41ed07b3) sub     a5, s10, t5
core   0: 3 0x800035ea (0x41ed07b3) x15 0x00000002
core   0: 0x800035ee (0x000017fd) c.addi  a5, -1
core   0: 3 0x800035ee (0x17fd) x15 0x00000001
core   0: 0x800035f0 (0x0000078e) c.slli  a5, 3
core   0: 3 0x800035f0 (0x078e) x15 0x00000008
core   0: 0x800035f2 (0x00f89d33) sll     s10, a7, a5
core   0: 3 0x800035f2 (0x00f89d33) x26 0x0f0f0f00
core   0: 0x800035f6 (0x00000f0e) c.slli  t5, 3
core   0: 3 0x800035f6 (0x0f0e) x30 0x00000010
core   0: 0x800035f8 (0x000097fa) c.add   a5, t5
core   0: 3 0x800035f8 (0x97fa) x15 0x00000018
core   0: 0x800035fa (0x00fd5d33) srl     s10, s10, a5
core   0: 3 0x800035fa (0x00fd5d33) x26 0x0000000f
core   0: 0x800035fe (0x01bd1793) slli    a5, s10, 27
core   0: 3 0x800035fe (0x01bd1793) x15 0x78000000
core   0: 0x80003602 (0x000083f9) c.srli  a5, 30
core   0: 3 0x80003602 (0x83f9) x15 0x00000001
core   0: 0x80003604 (0x0000c7a1) c.beqz  a5, pc + 72
core   0: 3 0x80003604 (0xc7a1)
core   0: 0x80003606 (0x00004f05) c.li    t5, 1
core   0: 3 0x80003606 (0x4f05) x30 0x00000001
core   0: 0x80003608 (0x05e78363) beq     a5, t5, pc + 70
core   0: 3 0x80003608 (0x05e78363)
core   0: 0x8000364e (0x00008f6e) c.mv    t5, s11
core   0: 3 0x8000364e (0x8f6e) x30 0x00000006
core   0: 0x80003650 (0x343027f3) csrr    a5, mtval
core   0: 3 0x80003650 (0x343027f3) x15 0x8ffffffc
core   0: 0x80003654 (0x00008389) c.srli  a5, 2
core   0: 3 0x80003654 (0x8389) x15 0x23ffffff
core   0: 0x80003656 (0x000f1563) bnez    t5, pc + 10
core   0: 3 0x80003656 (0x000f1563)
core   0: 0x80003660 (0xfd27e2e3) bltu    a5, s2, pc - 60
core   0: 3 0x80003660 (0xfd27e2e3)
core   0: 0x80003664 (0xfd87f0e3) bgeu    a5, s8, pc - 64
core   0: 3 0x80003664 (0xfd87f0e3)
core   0: 0x80003624 (0x00008f6e) c.mv    t5, s11
core   0: 3 0x80003624 (0x8f6e) x30 0x00000006
core   0: 0x80003626 (0x00008962) c.mv    s2, s8
core   0: 3 0x80003626 (0x8962) x18 0x20004788
core   0: 0x80003628 (0x00000f05) c.addi  t5, 1
core   0: 3 0x80003628 (0x0f05) x30 0x00000007
core   0: 0x8000362a (0x00008dfa) c.mv    s11, t5
core   0: 3 0x8000362a (0x8dfa) x27 0x00000007
core   0: 0x8000362c (0x00004c41) c.li    s8, 16
core   0: 3 0x8000362c (0x4c41) x24 0x00000010
core   0: 0x8000362e (0x018f5363) bge     t5, s8, pc + 6
core   0: 3 0x8000362e (0x018f5363)
core   0: 0x80003632 (0x0000b56d) c.j     pc - 342
core   0: 3 0x80003632 (0xb56d)
core   0: 0x800034dc (0x00008f6e) c.mv    t5, s11
core   0: 3 0x800034dc (0x8f6e) x30 0x00000007
core   0: 0x800034de (0x000087fa) c.mv    a5, t5
core   0: 3 0x800034de (0x87fa) x15 0x00000007
core   0: 0x800034e0 (0x00004781) c.li    a5, 0
core   0: 3 0x800034e0 (0x4781) x15 0x00000000
core   0: 0x800034e2 (0x04ff0f63) beq     t5, a5, pc + 94
core   0: 3 0x800034e2 (0x04ff0f63)
core   0: 0x800034e6 (0x00004785) c.li    a5, 1
core   0: 3 0x800034e6 (0x4785) x15 0x00000001
core   0: 0x800034e8 (0x06ff0163) beq     t5, a5, pc + 98
core   0: 3 0x800034e8 (0x06ff0163)
core   0: 0x800034ec (0x00004789) c.li    a5, 2
core   0: 3 0x800034ec (0x4789) x15 0x00000002
core   0: 0x800034ee (0x06ff0363) beq     t5, a5, pc + 102
core   0: 3 0x800034ee (0x06ff0363)
core   0: 0x800034f2 (0x0000478d) c.li    a5, 3
core   0: 3 0x800034f2 (0x478d) x15 0x00000003
core   0: 0x800034f4 (0x06ff0563) beq     t5, a5, pc + 106
core   0: 3 0x800034f4 (0x06ff0563)
core   0: 0x800034f8 (0x00004791) c.li    a5, 4
core   0: 3 0x800034f8 (0x4791) x15 0x00000004
core   0: 0x800034fa (0x06ff0763) beq     t5, a5, pc + 110
core   0: 3 0x800034fa (0x06ff0763)
core   0: 0x800034fe (0x00004795) c.li    a5, 5
core   0: 3 0x800034fe (0x4795) x15 0x00000005
core   0: 0x80003500 (0x06ff0963) beq     t5, a5, pc + 114
core   0: 3 0x80003500 (0x06ff0963)
core   0: 0x80003504 (0x00004799) c.li    a5, 6
core   0: 3 0x80003504 (0x4799) x15 0x00000006
core   0: 0x80003506 (0x06ff0b63) beq     t5, a5, pc + 118
core   0: 3 0x80003506 (0x06ff0b63)
core   0: 0x8000350a (0x0000479d) c.li    a5, 7
core   0: 3 0x8000350a (0x479d) x15 0x00000007
core   0: 0x8000350c (0x06ff0d63) beq     t5, a5, pc + 122
core   0: 3 0x8000350c (0x06ff0d63)
core   0: 0x80003586 (0x3b702c73) csrr    s8, pmpaddr7
core   0: 3 0x80003586 (0x3b702c73) x24 0x20005121
core   0: 0x8000358a (0x3a1028f3) csrr    a7, pmpcfg1
core   0: 3 0x8000358a (0x3a1028f3) x17 0x0f0f0f0f
core   0: 0x8000358e (0x0000a889) c.j     pc + 82
core   0: 3 0x8000358e (0xa889)
core   0: 0x800035e0 (0x00004d11) c.li    s10, 4
core   0: 3 0x800035e0 (0x4d11) x26 0x00000004
core   0: 0x800035e2 (0x01ed9f13) slli    t5, s11, 30
core   0: 3 0x800035e2 (0x01ed9f13) x30 0xc0000000
core   0: 0x800035e6 (0x01ef5f13) srli    t5, t5, 30
core   0: 3 0x800035e6 (0x01ef5f13) x30 0x00000003
core   0: 0x800035ea (0x41ed07b3) sub     a5, s10, t5
core   0: 3 0x800035ea (0x41ed07b3) x15 0x00000001
core   0: 0x800035ee (0x000017fd) c.addi  a5, -1
core   0: 3 0x800035ee (0x17fd) x15 0x00000000
core   0: 0x800035f0 (0x0000078e) c.slli  a5, 3
core   0: 3 0x800035f0 (0x078e) x15 0x00000000
core   0: 0x800035f2 (0x00f89d33) sll     s10, a7, a5
core   0: 3 0x800035f2 (0x00f89d33) x26 0x0f0f0f0f
core   0: 0x800035f6 (0x00000f0e) c.slli  t5, 3
core   0: 3 0x800035f6 (0x0f0e) x30 0x00000018
core   0: 0x800035f8 (0x000097fa) c.add   a5, t5
core   0: 3 0x800035f8 (0x97fa) x15 0x00000018
core   0: 0x800035fa (0x00fd5d33) srl     s10, s10, a5
core   0: 3 0x800035fa (0x00fd5d33) x26 0x0000000f
core   0: 0x800035fe (0x01bd1793) slli    a5, s10, 27
core   0: 3 0x800035fe (0x01bd1793) x15 0x78000000
core   0: 0x80003602 (0x000083f9) c.srli  a5, 30
core   0: 3 0x80003602 (0x83f9) x15 0x00000001
core   0: 0x80003604 (0x0000c7a1) c.beqz  a5, pc + 72
core   0: 3 0x80003604 (0xc7a1)
core   0: 0x80003606 (0x00004f05) c.li    t5, 1
core   0: 3 0x80003606 (0x4f05) x30 0x00000001
core   0: 0x80003608 (0x05e78363) beq     a5, t5, pc + 70
core   0: 3 0x80003608 (0x05e78363)
core   0: 0x8000364e (0x00008f6e) c.mv    t5, s11
core   0: 3 0x8000364e (0x8f6e) x30 0x00000007
core   0: 0x80003650 (0x343027f3) csrr    a5, mtval
core   0: 3 0x80003650 (0x343027f3) x15 0x8ffffffc
core   0: 0x80003654 (0x00008389) c.srli  a5, 2
core   0: 3 0x80003654 (0x8389) x15 0x23ffffff
core   0: 0x80003656 (0x000f1563) bnez    t5, pc + 10
core   0: 3 0x80003656 (0x000f1563)
core   0: 0x80003660 (0xfd27e2e3) bltu    a5, s2, pc - 60
core   0: 3 0x80003660 (0xfd27e2e3)
core   0: 0x80003664 (0xfd87f0e3) bgeu    a5, s8, pc - 64
core   0: 3 0x80003664 (0xfd87f0e3)
core   0: 0x80003624 (0x00008f6e) c.mv    t5, s11
core   0: 3 0x80003624 (0x8f6e) x30 0x00000007
core   0: 0x80003626 (0x00008962) c.mv    s2, s8
core   0: 3 0x80003626 (0x8962) x18 0x20005121
core   0: 0x80003628 (0x00000f05) c.addi  t5, 1
core   0: 3 0x80003628 (0x0f05) x30 0x00000008
core   0: 0x8000362a (0x00008dfa) c.mv    s11, t5
core   0: 3 0x8000362a (0x8dfa) x27 0x00000008
core   0: 0x8000362c (0x00004c41) c.li    s8, 16
core   0: 3 0x8000362c (0x4c41) x24 0x00000010
core   0: 0x8000362e (0x018f5363) bge     t5, s8, pc + 6
core   0: 3 0x8000362e (0x018f5363)
core   0: 0x80003632 (0x0000b56d) c.j     pc - 342
core   0: 3 0x80003632 (0xb56d)
core   0: 0x800034dc (0x00008f6e) c.mv    t5, s11
core   0: 3 0x800034dc (0x8f6e) x30 0x00000008
core   0: 0x800034de (0x000087fa) c.mv    a5, t5
core   0: 3 0x800034de (0x87fa) x15 0x00000008
core   0: 0x800034e0 (0x00004781) c.li    a5, 0
core   0: 3 0x800034e0 (0x4781) x15 0x00000000
core   0: 0x800034e2 (0x04ff0f63) beq     t5, a5, pc + 94
core   0: 3 0x800034e2 (0x04ff0f63)
core   0: 0x800034e6 (0x00004785) c.li    a5, 1
core   0: 3 0x800034e6 (0x4785) x15 0x00000001
core   0: 0x800034e8 (0x06ff0163) beq     t5, a5, pc + 98
core   0: 3 0x800034e8 (0x06ff0163)
core   0: 0x800034ec (0x00004789) c.li    a5, 2
core   0: 3 0x800034ec (0x4789) x15 0x00000002
core   0: 0x800034ee (0x06ff0363) beq     t5, a5, pc + 102
core   0: 3 0x800034ee (0x06ff0363)
core   0: 0x800034f2 (0x0000478d) c.li    a5, 3
core   0: 3 0x800034f2 (0x478d) x15 0x00000003
core   0: 0x800034f4 (0x06ff0563) beq     t5, a5, pc + 106
core   0: 3 0x800034f4 (0x06ff0563)
core   0: 0x800034f8 (0x00004791) c.li    a5, 4
core   0: 3 0x800034f8 (0x4791) x15 0x00000004
core   0: 0x800034fa (0x06ff0763) beq     t5, a5, pc + 110
core   0: 3 0x800034fa (0x06ff0763)
core   0: 0x800034fe (0x00004795) c.li    a5, 5
core   0: 3 0x800034fe (0x4795) x15 0x00000005
core   0: 0x80003500 (0x06ff0963) beq     t5, a5, pc + 114
core   0: 3 0x80003500 (0x06ff0963)
core   0: 0x80003504 (0x00004799) c.li    a5, 6
core   0: 3 0x80003504 (0x4799) x15 0x00000006
core   0: 0x80003506 (0x06ff0b63) beq     t5, a5, pc + 118
core   0: 3 0x80003506 (0x06ff0b63)
core   0: 0x8000350a (0x0000479d) c.li    a5, 7
core   0: 3 0x8000350a (0x479d) x15 0x00000007
core   0: 0x8000350c (0x06ff0d63) beq     t5, a5, pc + 122
core   0: 3 0x8000350c (0x06ff0d63)
core   0: 0x80003510 (0x000047a1) c.li    a5, 8
core   0: 3 0x80003510 (0x47a1) x15 0x00000008
core   0: 0x80003512 (0x06ff0f63) beq     t5, a5, pc + 126
core   0: 3 0x80003512 (0x06ff0f63)
core   0: 0x80003590 (0x3b802c73) csrr    s8, pmpaddr8
core   0: 3 0x80003590 (0x3b802c73) x24 0x20005abb
core   0: 0x80003594 (0x3a2028f3) csrr    a7, pmpcfg2
core   0: 3 0x80003594 (0x3a2028f3) x17 0x0f0f0f0f
core   0: 0x80003598 (0x0000a0a1) c.j     pc + 72
core   0: 3 0x80003598 (0xa0a1)
core   0: 0x800035e0 (0x00004d11) c.li    s10, 4
core   0: 3 0x800035e0 (0x4d11) x26 0x00000004
core   0: 0x800035e2 (0x01ed9f13) slli    t5, s11, 30
core   0: 3 0x800035e2 (0x01ed9f13) x30 0x00000000
core   0: 0x800035e6 (0x01ef5f13) srli    t5, t5, 30
core   0: 3 0x800035e6 (0x01ef5f13) x30 0x00000000
core   0: 0x800035ea (0x41ed07b3) sub     a5, s10, t5
core   0: 3 0x800035ea (0x41ed07b3) x15 0x00000004
core   0: 0x800035ee (0x000017fd) c.addi  a5, -1
core   0: 3 0x800035ee (0x17fd) x15 0x00000003
core   0: 0x800035f0 (0x0000078e) c.slli  a5, 3
core   0: 3 0x800035f0 (0x078e) x15 0x00000018
core   0: 0x800035f2 (0x00f89d33) sll     s10, a7, a5
core   0: 3 0x800035f2 (0x00f89d33) x26 0x0f000000
core   0: 0x800035f6 (0x00000f0e) c.slli  t5, 3
core   0: 3 0x800035f6 (0x0f0e) x30 0x00000000
core   0: 0x800035f8 (0x000097fa) c.add   a5, t5
core   0: 3 0x800035f8 (0x97fa) x15 0x00000018
core   0: 0x800035fa (0x00fd5d33) srl     s10, s10, a5
core   0: 3 0x800035fa (0x00fd5d33) x26 0x0000000f
core   0: 0x800035fe (0x01bd1793) slli    a5, s10, 27
core   0: 3 0x800035fe (0x01bd1793) x15 0x78000000
core   0: 0x80003602 (0x000083f9) c.srli  a5, 30
core   0: 3 0x80003602 (0x83f9) x15 0x00000001
core   0: 0x80003604 (0x0000c7a1) c.beqz  a5, pc + 72
core   0: 3 0x80003604 (0xc7a1)
core   0: 0x80003606 (0x00004f05) c.li    t5, 1
core   0: 3 0x80003606 (0x4f05) x30 0x00000001
core   0: 0x80003608 (0x05e78363) beq     a5, t5, pc + 70
core   0: 3 0x80003608 (0x05e78363)
core   0: 0x8000364e (0x00008f6e) c.mv    t5, s11
core   0: 3 0x8000364e (0x8f6e) x30 0x00000008
core   0: 0x80003650 (0x343027f3) csrr    a5, mtval
core   0: 3 0x80003650 (0x343027f3) x15 0x8ffffffc
core   0: 0x80003654 (0x00008389) c.srli  a5, 2
core   0: 3 0x80003654 (0x8389) x15 0x23ffffff
core   0: 0x80003656 (0x000f1563) bnez    t5, pc + 10
core   0: 3 0x80003656 (0x000f1563)
core   0: 0x80003660 (0xfd27e2e3) bltu    a5, s2, pc - 60
core   0: 3 0x80003660 (0xfd27e2e3)
core   0: 0x80003664 (0xfd87f0e3) bgeu    a5, s8, pc - 64
core   0: 3 0x80003664 (0xfd87f0e3)
core   0: 0x80003624 (0x00008f6e) c.mv    t5, s11
core   0: 3 0x80003624 (0x8f6e) x30 0x00000008
core   0: 0x80003626 (0x00008962) c.mv    s2, s8
core   0: 3 0x80003626 (0x8962) x18 0x20005abb
core   0: 0x80003628 (0x00000f05) c.addi  t5, 1
core   0: 3 0x80003628 (0x0f05) x30 0x00000009
core   0: 0x8000362a (0x00008dfa) c.mv    s11, t5
core   0: 3 0x8000362a (0x8dfa) x27 0x00000009
core   0: 0x8000362c (0x00004c41) c.li    s8, 16
core   0: 3 0x8000362c (0x4c41) x24 0x00000010
core   0: 0x8000362e (0x018f5363) bge     t5, s8, pc + 6
core   0: 3 0x8000362e (0x018f5363)
core   0: 0x80003632 (0x0000b56d) c.j     pc - 342
core   0: 3 0x80003632 (0xb56d)
core   0: 0x800034dc (0x00008f6e) c.mv    t5, s11
core   0: 3 0x800034dc (0x8f6e) x30 0x00000009
core   0: 0x800034de (0x000087fa) c.mv    a5, t5
core   0: 3 0x800034de (0x87fa) x15 0x00000009
core   0: 0x800034e0 (0x00004781) c.li    a5, 0
core   0: 3 0x800034e0 (0x4781) x15 0x00000000
core   0: 0x800034e2 (0x04ff0f63) beq     t5, a5, pc + 94
core   0: 3 0x800034e2 (0x04ff0f63)
core   0: 0x800034e6 (0x00004785) c.li    a5, 1
core   0: 3 0x800034e6 (0x4785) x15 0x00000001
core   0: 0x800034e8 (0x06ff0163) beq     t5, a5, pc + 98
core   0: 3 0x800034e8 (0x06ff0163)
core   0: 0x800034ec (0x00004789) c.li    a5, 2
core   0: 3 0x800034ec (0x4789) x15 0x00000002
core   0: 0x800034ee (0x06ff0363) beq     t5, a5, pc + 102
core   0: 3 0x800034ee (0x06ff0363)
core   0: 0x800034f2 (0x0000478d) c.li    a5, 3
core   0: 3 0x800034f2 (0x478d) x15 0x00000003
core   0: 0x800034f4 (0x06ff0563) beq     t5, a5, pc + 106
core   0: 3 0x800034f4 (0x06ff0563)
core   0: 0x800034f8 (0x00004791) c.li    a5, 4
core   0: 3 0x800034f8 (0x4791) x15 0x00000004
core   0: 0x800034fa (0x06ff0763) beq     t5, a5, pc + 110
core   0: 3 0x800034fa (0x06ff0763)
core   0: 0x800034fe (0x00004795) c.li    a5, 5
core   0: 3 0x800034fe (0x4795) x15 0x00000005
core   0: 0x80003500 (0x06ff0963) beq     t5, a5, pc + 114
core   0: 3 0x80003500 (0x06ff0963)
core   0: 0x80003504 (0x00004799) c.li    a5, 6
core   0: 3 0x80003504 (0x4799) x15 0x00000006
core   0: 0x80003506 (0x06ff0b63) beq     t5, a5, pc + 118
core   0: 3 0x80003506 (0x06ff0b63)
core   0: 0x8000350a (0x0000479d) c.li    a5, 7
core   0: 3 0x8000350a (0x479d) x15 0x00000007
core   0: 0x8000350c (0x06ff0d63) beq     t5, a5, pc + 122
core   0: 3 0x8000350c (0x06ff0d63)
core   0: 0x80003510 (0x000047a1) c.li    a5, 8
core   0: 3 0x80003510 (0x47a1) x15 0x00000008
core   0: 0x80003512 (0x06ff0f63) beq     t5, a5, pc + 126
core   0: 3 0x80003512 (0x06ff0f63)
core   0: 0x80003516 (0x000047a5) c.li    a5, 9
core   0: 3 0x80003516 (0x47a5) x15 0x00000009
core   0: 0x80003518 (0x08ff0163) beq     t5, a5, pc + 130
core   0: 3 0x80003518 (0x08ff0163)
core   0: 0x8000359a (0x3b902c73) csrr    s8, pmpaddr9
core   0: 3 0x8000359a (0x3b902c73) x24 0x20006454
core   0: 0x8000359e (0x3a2028f3) csrr    a7, pmpcfg2
core   0: 3 0x8000359e (0x3a2028f3) x17 0x0f0f0f0f
core   0: 0x800035a2 (0x0000a83d) c.j     pc + 62
core   0: 3 0x800035a2 (0xa83d)
core   0: 0x800035e0 (0x00004d11) c.li    s10, 4
core   0: 3 0x800035e0 (0x4d11) x26 0x00000004
core   0: 0x800035e2 (0x01ed9f13) slli    t5, s11, 30
core   0: 3 0x800035e2 (0x01ed9f13) x30 0x40000000
core   0: 0x800035e6 (0x01ef5f13) srli    t5, t5, 30
core   0: 3 0x800035e6 (0x01ef5f13) x30 0x00000001
core   0: 0x800035ea (0x41ed07b3) sub     a5, s10, t5
core   0: 3 0x800035ea (0x41ed07b3) x15 0x00000003
core   0: 0x800035ee (0x000017fd) c.addi  a5, -1
core   0: 3 0x800035ee (0x17fd) x15 0x00000002
core   0: 0x800035f0 (0x0000078e) c.slli  a5, 3
core   0: 3 0x800035f0 (0x078e) x15 0x00000010
core   0: 0x800035f2 (0x00f89d33) sll     s10, a7, a5
core   0: 3 0x800035f2 (0x00f89d33) x26 0x0f0f0000
core   0: 0x800035f6 (0x00000f0e) c.slli  t5, 3
core   0: 3 0x800035f6 (0x0f0e) x30 0x00000008
core   0: 0x800035f8 (0x000097fa) c.add   a5, t5
core   0: 3 0x800035f8 (0x97fa) x15 0x00000018
core   0: 0x800035fa (0x00fd5d33) srl     s10, s10, a5
core   0: 3 0x800035fa (0x00fd5d33) x26 0x0000000f
core   0: 0x800035fe (0x01bd1793) slli    a5, s10, 27
core   0: 3 0x800035fe (0x01bd1793) x15 0x78000000
core   0: 0x80003602 (0x000083f9) c.srli  a5, 30
core   0: 3 0x80003602 (0x83f9) x15 0x00000001
core   0: 0x80003604 (0x0000c7a1) c.beqz  a5, pc + 72
core   0: 3 0x80003604 (0xc7a1)
core   0: 0x80003606 (0x00004f05) c.li    t5, 1
core   0: 3 0x80003606 (0x4f05) x30 0x00000001
core   0: 0x80003608 (0x05e78363) beq     a5, t5, pc + 70
core   0: 3 0x80003608 (0x05e78363)
core   0: 0x8000364e (0x00008f6e) c.mv    t5, s11
core   0: 3 0x8000364e (0x8f6e) x30 0x00000009
core   0: 0x80003650 (0x343027f3) csrr    a5, mtval
core   0: 3 0x80003650 (0x343027f3) x15 0x8ffffffc
core   0: 0x80003654 (0x00008389) c.srli  a5, 2
core   0: 3 0x80003654 (0x8389) x15 0x23ffffff
core   0: 0x80003656 (0x000f1563) bnez    t5, pc + 10
core   0: 3 0x80003656 (0x000f1563)
core   0: 0x80003660 (0xfd27e2e3) bltu    a5, s2, pc - 60
core   0: 3 0x80003660 (0xfd27e2e3)
core   0: 0x80003664 (0xfd87f0e3) bgeu    a5, s8, pc - 64
core   0: 3 0x80003664 (0xfd87f0e3)
core   0: 0x80003624 (0x00008f6e) c.mv    t5, s11
core   0: 3 0x80003624 (0x8f6e) x30 0x00000009
core   0: 0x80003626 (0x00008962) c.mv    s2, s8
core   0: 3 0x80003626 (0x8962) x18 0x20006454
core   0: 0x80003628 (0x00000f05) c.addi  t5, 1
core   0: 3 0x80003628 (0x0f05) x30 0x0000000a
core   0: 0x8000362a (0x00008dfa) c.mv    s11, t5
core   0: 3 0x8000362a (0x8dfa) x27 0x0000000a
core   0: 0x8000362c (0x00004c41) c.li    s8, 16
core   0: 3 0x8000362c (0x4c41) x24 0x00000010
core   0: 0x8000362e (0x018f5363) bge     t5, s8, pc + 6
core   0: 3 0x8000362e (0x018f5363)
core   0: 0x80003632 (0x0000b56d) c.j     pc - 342
core   0: 3 0x80003632 (0xb56d)
core   0: 0x800034dc (0x00008f6e) c.mv    t5, s11
core   0: 3 0x800034dc (0x8f6e) x30 0x0000000a
core   0: 0x800034de (0x000087fa) c.mv    a5, t5
core   0: 3 0x800034de (0x87fa) x15 0x0000000a
core   0: 0x800034e0 (0x00004781) c.li    a5, 0
core   0: 3 0x800034e0 (0x4781) x15 0x00000000
core   0: 0x800034e2 (0x04ff0f63) beq     t5, a5, pc + 94
core   0: 3 0x800034e2 (0x04ff0f63)
core   0: 0x800034e6 (0x00004785) c.li    a5, 1
core   0: 3 0x800034e6 (0x4785) x15 0x00000001
core   0: 0x800034e8 (0x06ff0163) beq     t5, a5, pc + 98
core   0: 3 0x800034e8 (0x06ff0163)
core   0: 0x800034ec (0x00004789) c.li    a5, 2
core   0: 3 0x800034ec (0x4789) x15 0x00000002
core   0: 0x800034ee (0x06ff0363) beq     t5, a5, pc + 102
core   0: 3 0x800034ee (0x06ff0363)
core   0: 0x800034f2 (0x0000478d) c.li    a5, 3
core   0: 3 0x800034f2 (0x478d) x15 0x00000003
core   0: 0x800034f4 (0x06ff0563) beq     t5, a5, pc + 106
core   0: 3 0x800034f4 (0x06ff0563)
core   0: 0x800034f8 (0x00004791) c.li    a5, 4
core   0: 3 0x800034f8 (0x4791) x15 0x00000004
core   0: 0x800034fa (0x06ff0763) beq     t5, a5, pc + 110
core   0: 3 0x800034fa (0x06ff0763)
core   0: 0x800034fe (0x00004795) c.li    a5, 5
core   0: 3 0x800034fe (0x4795) x15 0x00000005
core   0: 0x80003500 (0x06ff0963) beq     t5, a5, pc + 114
core   0: 3 0x80003500 (0x06ff0963)
core   0: 0x80003504 (0x00004799) c.li    a5, 6
core   0: 3 0x80003504 (0x4799) x15 0x00000006
core   0: 0x80003506 (0x06ff0b63) beq     t5, a5, pc + 118
core   0: 3 0x80003506 (0x06ff0b63)
core   0: 0x8000350a (0x0000479d) c.li    a5, 7
core   0: 3 0x8000350a (0x479d) x15 0x00000007
core   0: 0x8000350c (0x06ff0d63) beq     t5, a5, pc + 122
core   0: 3 0x8000350c (0x06ff0d63)
core   0: 0x80003510 (0x000047a1) c.li    a5, 8
core   0: 3 0x80003510 (0x47a1) x15 0x00000008
core   0: 0x80003512 (0x06ff0f63) beq     t5, a5, pc + 126
core   0: 3 0x80003512 (0x06ff0f63)
core   0: 0x80003516 (0x000047a5) c.li    a5, 9
core   0: 3 0x80003516 (0x47a5) x15 0x00000009
core   0: 0x80003518 (0x08ff0163) beq     t5, a5, pc + 130
core   0: 3 0x80003518 (0x08ff0163)
core   0: 0x8000351c (0x000047a9) c.li    a5, 10
core   0: 3 0x8000351c (0x47a9) x15 0x0000000a
core   0: 0x8000351e (0x08ff0363) beq     t5, a5, pc + 134
core   0: 3 0x8000351e (0x08ff0363)
core   0: 0x800035a4 (0x3ba02c73) csrr    s8, pmpaddr10
core   0: 3 0x800035a4 (0x3ba02c73) x24 0x20006dee
core   0: 0x800035a8 (0x3a2028f3) csrr    a7, pmpcfg2
core   0: 3 0x800035a8 (0x3a2028f3) x17 0x0f0f0f0f
core   0: 0x800035ac (0x0000a815) c.j     pc + 52
core   0: 3 0x800035ac (0xa815)
core   0: 0x800035e0 (0x00004d11) c.li    s10, 4
core   0: 3 0x800035e0 (0x4d11) x26 0x00000004
core   0: 0x800035e2 (0x01ed9f13) slli    t5, s11, 30
core   0: 3 0x800035e2 (0x01ed9f13) x30 0x80000000
core   0: 0x800035e6 (0x01ef5f13) srli    t5, t5, 30
core   0: 3 0x800035e6 (0x01ef5f13) x30 0x00000002
core   0: 0x800035ea (0x41ed07b3) sub     a5, s10, t5
core   0: 3 0x800035ea (0x41ed07b3) x15 0x00000002
core   0: 0x800035ee (0x000017fd) c.addi  a5, -1
core   0: 3 0x800035ee (0x17fd) x15 0x00000001
core   0: 0x800035f0 (0x0000078e) c.slli  a5, 3
core   0: 3 0x800035f0 (0x078e) x15 0x00000008
core   0: 0x800035f2 (0x00f89d33) sll     s10, a7, a5
core   0: 3 0x800035f2 (0x00f89d33) x26 0x0f0f0f00
core   0: 0x800035f6 (0x00000f0e) c.slli  t5, 3
core   0: 3 0x800035f6 (0x0f0e) x30 0x00000010
core   0: 0x800035f8 (0x000097fa) c.add   a5, t5
core   0: 3 0x800035f8 (0x97fa) x15 0x00000018
core   0: 0x800035fa (0x00fd5d33) srl     s10, s10, a5
core   0: 3 0x800035fa (0x00fd5d33) x26 0x0000000f
core   0: 0x800035fe (0x01bd1793) slli    a5, s10, 27
core   0: 3 0x800035fe (0x01bd1793) x15 0x78000000
core   0: 0x80003602 (0x000083f9) c.srli  a5, 30
core   0: 3 0x80003602 (0x83f9) x15 0x00000001
core   0: 0x80003604 (0x0000c7a1) c.beqz  a5, pc + 72
core   0: 3 0x80003604 (0xc7a1)
core   0: 0x80003606 (0x00004f05) c.li    t5, 1
core   0: 3 0x80003606 (0x4f05) x30 0x00000001
core   0: 0x80003608 (0x05e78363) beq     a5, t5, pc + 70
core   0: 3 0x80003608 (0x05e78363)
core   0: 0x8000364e (0x00008f6e) c.mv    t5, s11
core   0: 3 0x8000364e (0x8f6e) x30 0x0000000a
core   0: 0x80003650 (0x343027f3) csrr    a5, mtval
core   0: 3 0x80003650 (0x343027f3) x15 0x8ffffffc
core   0: 0x80003654 (0x00008389) c.srli  a5, 2
core   0: 3 0x80003654 (0x8389) x15 0x23ffffff
core   0: 0x80003656 (0x000f1563) bnez    t5, pc + 10
core   0: 3 0x80003656 (0x000f1563)
core   0: 0x80003660 (0xfd27e2e3) bltu    a5, s2, pc - 60
core   0: 3 0x80003660 (0xfd27e2e3)
core   0: 0x80003664 (0xfd87f0e3) bgeu    a5, s8, pc - 64
core   0: 3 0x80003664 (0xfd87f0e3)
core   0: 0x80003624 (0x00008f6e) c.mv    t5, s11
core   0: 3 0x80003624 (0x8f6e) x30 0x0000000a
core   0: 0x80003626 (0x00008962) c.mv    s2, s8
core   0: 3 0x80003626 (0x8962) x18 0x20006dee
core   0: 0x80003628 (0x00000f05) c.addi  t5, 1
core   0: 3 0x80003628 (0x0f05) x30 0x0000000b
core   0: 0x8000362a (0x00008dfa) c.mv    s11, t5
core   0: 3 0x8000362a (0x8dfa) x27 0x0000000b
core   0: 0x8000362c (0x00004c41) c.li    s8, 16
core   0: 3 0x8000362c (0x4c41) x24 0x00000010
core   0: 0x8000362e (0x018f5363) bge     t5, s8, pc + 6
core   0: 3 0x8000362e (0x018f5363)
core   0: 0x80003632 (0x0000b56d) c.j     pc - 342
core   0: 3 0x80003632 (0xb56d)
core   0: 0x800034dc (0x00008f6e) c.mv    t5, s11
core   0: 3 0x800034dc (0x8f6e) x30 0x0000000b
core   0: 0x800034de (0x000087fa) c.mv    a5, t5
core   0: 3 0x800034de (0x87fa) x15 0x0000000b
core   0: 0x800034e0 (0x00004781) c.li    a5, 0
core   0: 3 0x800034e0 (0x4781) x15 0x00000000
core   0: 0x800034e2 (0x04ff0f63) beq     t5, a5, pc + 94
core   0: 3 0x800034e2 (0x04ff0f63)
core   0: 0x800034e6 (0x00004785) c.li    a5, 1
core   0: 3 0x800034e6 (0x4785) x15 0x00000001
core   0: 0x800034e8 (0x06ff0163) beq     t5, a5, pc + 98
core   0: 3 0x800034e8 (0x06ff0163)
core   0: 0x800034ec (0x00004789) c.li    a5, 2
core   0: 3 0x800034ec (0x4789) x15 0x00000002
core   0: 0x800034ee (0x06ff0363) beq     t5, a5, pc + 102
core   0: 3 0x800034ee (0x06ff0363)
core   0: 0x800034f2 (0x0000478d) c.li    a5, 3
core   0: 3 0x800034f2 (0x478d) x15 0x00000003
core   0: 0x800034f4 (0x06ff0563) beq     t5, a5, pc + 106
core   0: 3 0x800034f4 (0x06ff0563)
core   0: 0x800034f8 (0x00004791) c.li    a5, 4
core   0: 3 0x800034f8 (0x4791) x15 0x00000004
core   0: 0x800034fa (0x06ff0763) beq     t5, a5, pc + 110
core   0: 3 0x800034fa (0x06ff0763)
core   0: 0x800034fe (0x00004795) c.li    a5, 5
core   0: 3 0x800034fe (0x4795) x15 0x00000005
core   0: 0x80003500 (0x06ff0963) beq     t5, a5, pc + 114
core   0: 3 0x80003500 (0x06ff0963)
core   0: 0x80003504 (0x00004799) c.li    a5, 6
core   0: 3 0x80003504 (0x4799) x15 0x00000006
core   0: 0x80003506 (0x06ff0b63) beq     t5, a5, pc + 118
core   0: 3 0x80003506 (0x06ff0b63)
core   0: 0x8000350a (0x0000479d) c.li    a5, 7
core   0: 3 0x8000350a (0x479d) x15 0x00000007
core   0: 0x8000350c (0x06ff0d63) beq     t5, a5, pc + 122
core   0: 3 0x8000350c (0x06ff0d63)
core   0: 0x80003510 (0x000047a1) c.li    a5, 8
core   0: 3 0x80003510 (0x47a1) x15 0x00000008
core   0: 0x80003512 (0x06ff0f63) beq     t5, a5, pc + 126
core   0: 3 0x80003512 (0x06ff0f63)
core   0: 0x80003516 (0x000047a5) c.li    a5, 9
core   0: 3 0x80003516 (0x47a5) x15 0x00000009
core   0: 0x80003518 (0x08ff0163) beq     t5, a5, pc + 130
core   0: 3 0x80003518 (0x08ff0163)
core   0: 0x8000351c (0x000047a9) c.li    a5, 10
core   0: 3 0x8000351c (0x47a9) x15 0x0000000a
core   0: 0x8000351e (0x08ff0363) beq     t5, a5, pc + 134
core   0: 3 0x8000351e (0x08ff0363)
core   0: 0x80003522 (0x000047ad) c.li    a5, 11
core   0: 3 0x80003522 (0x47ad) x15 0x0000000b
core   0: 0x80003524 (0x08ff0563) beq     t5, a5, pc + 138
core   0: 3 0x80003524 (0x08ff0563)
core   0: 0x800035ae (0x3bb02c73) csrr    s8, pmpaddr11
core   0: 3 0x800035ae (0x3bb02c73) x24 0x20007787
core   0: 0x800035b2 (0x3a2028f3) csrr    a7, pmpcfg2
core   0: 3 0x800035b2 (0x3a2028f3) x17 0x0f0f0f0f
core   0: 0x800035b6 (0x0000a02d) c.j     pc + 42
core   0: 3 0x800035b6 (0xa02d)
core   0: 0x800035e0 (0x00004d11) c.li    s10, 4
core   0: 3 0x800035e0 (0x4d11) x26 0x00000004
core   0: 0x800035e2 (0x01ed9f13) slli    t5, s11, 30
core   0: 3 0x800035e2 (0x01ed9f13) x30 0xc0000000
core   0: 0x800035e6 (0x01ef5f13) srli    t5, t5, 30
core   0: 3 0x800035e6 (0x01ef5f13) x30 0x00000003
core   0: 0x800035ea (0x41ed07b3) sub     a5, s10, t5
core   0: 3 0x800035ea (0x41ed07b3) x15 0x00000001
core   0: 0x800035ee (0x000017fd) c.addi  a5, -1
core   0: 3 0x800035ee (0x17fd) x15 0x00000000
core   0: 0x800035f0 (0x0000078e) c.slli  a5, 3
core   0: 3 0x800035f0 (0x078e) x15 0x00000000
core   0: 0x800035f2 (0x00f89d33) sll     s10, a7, a5
core   0: 3 0x800035f2 (0x00f89d33) x26 0x0f0f0f0f
core   0: 0x800035f6 (0x00000f0e) c.slli  t5, 3
core   0: 3 0x800035f6 (0x0f0e) x30 0x00000018
core   0: 0x800035f8 (0x000097fa) c.add   a5, t5
core   0: 3 0x800035f8 (0x97fa) x15 0x00000018
core   0: 0x800035fa (0x00fd5d33) srl     s10, s10, a5
core   0: 3 0x800035fa (0x00fd5d33) x26 0x0000000f
core   0: 0x800035fe (0x01bd1793) slli    a5, s10, 27
core   0: 3 0x800035fe (0x01bd1793) x15 0x78000000
core   0: 0x80003602 (0x000083f9) c.srli  a5, 30
core   0: 3 0x80003602 (0x83f9) x15 0x00000001
core   0: 0x80003604 (0x0000c7a1) c.beqz  a5, pc + 72
core   0: 3 0x80003604 (0xc7a1)
core   0: 0x80003606 (0x00004f05) c.li    t5, 1
core   0: 3 0x80003606 (0x4f05) x30 0x00000001
core   0: 0x80003608 (0x05e78363) beq     a5, t5, pc + 70
core   0: 3 0x80003608 (0x05e78363)
core   0: 0x8000364e (0x00008f6e) c.mv    t5, s11
core   0: 3 0x8000364e (0x8f6e) x30 0x0000000b
core   0: 0x80003650 (0x343027f3) csrr    a5, mtval
core   0: 3 0x80003650 (0x343027f3) x15 0x8ffffffc
core   0: 0x80003654 (0x00008389) c.srli  a5, 2
core   0: 3 0x80003654 (0x8389) x15 0x23ffffff
core   0: 0x80003656 (0x000f1563) bnez    t5, pc + 10
core   0: 3 0x80003656 (0x000f1563)
core   0: 0x80003660 (0xfd27e2e3) bltu    a5, s2, pc - 60
core   0: 3 0x80003660 (0xfd27e2e3)
core   0: 0x80003664 (0xfd87f0e3) bgeu    a5, s8, pc - 64
core   0: 3 0x80003664 (0xfd87f0e3)
core   0: 0x80003624 (0x00008f6e) c.mv    t5, s11
core   0: 3 0x80003624 (0x8f6e) x30 0x0000000b
core   0: 0x80003626 (0x00008962) c.mv    s2, s8
core   0: 3 0x80003626 (0x8962) x18 0x20007787
core   0: 0x80003628 (0x00000f05) c.addi  t5, 1
core   0: 3 0x80003628 (0x0f05) x30 0x0000000c
core   0: 0x8000362a (0x00008dfa) c.mv    s11, t5
core   0: 3 0x8000362a (0x8dfa) x27 0x0000000c
core   0: 0x8000362c (0x00004c41) c.li    s8, 16
core   0: 3 0x8000362c (0x4c41) x24 0x00000010
core   0: 0x8000362e (0x018f5363) bge     t5, s8, pc + 6
core   0: 3 0x8000362e (0x018f5363)
core   0: 0x80003632 (0x0000b56d) c.j     pc - 342
core   0: 3 0x80003632 (0xb56d)
core   0: 0x800034dc (0x00008f6e) c.mv    t5, s11
core   0: 3 0x800034dc (0x8f6e) x30 0x0000000c
core   0: 0x800034de (0x000087fa) c.mv    a5, t5
core   0: 3 0x800034de (0x87fa) x15 0x0000000c
core   0: 0x800034e0 (0x00004781) c.li    a5, 0
core   0: 3 0x800034e0 (0x4781) x15 0x00000000
core   0: 0x800034e2 (0x04ff0f63) beq     t5, a5, pc + 94
core   0: 3 0x800034e2 (0x04ff0f63)
core   0: 0x800034e6 (0x00004785) c.li    a5, 1
core   0: 3 0x800034e6 (0x4785) x15 0x00000001
core   0: 0x800034e8 (0x06ff0163) beq     t5, a5, pc + 98
core   0: 3 0x800034e8 (0x06ff0163)
core   0: 0x800034ec (0x00004789) c.li    a5, 2
core   0: 3 0x800034ec (0x4789) x15 0x00000002
core   0: 0x800034ee (0x06ff0363) beq     t5, a5, pc + 102
core   0: 3 0x800034ee (0x06ff0363)
core   0: 0x800034f2 (0x0000478d) c.li    a5, 3
core   0: 3 0x800034f2 (0x478d) x15 0x00000003
core   0: 0x800034f4 (0x06ff0563) beq     t5, a5, pc + 106
core   0: 3 0x800034f4 (0x06ff0563)
core   0: 0x800034f8 (0x00004791) c.li    a5, 4
core   0: 3 0x800034f8 (0x4791) x15 0x00000004
core   0: 0x800034fa (0x06ff0763) beq     t5, a5, pc + 110
core   0: 3 0x800034fa (0x06ff0763)
core   0: 0x800034fe (0x00004795) c.li    a5, 5
core   0: 3 0x800034fe (0x4795) x15 0x00000005
core   0: 0x80003500 (0x06ff0963) beq     t5, a5, pc + 114
core   0: 3 0x80003500 (0x06ff0963)
core   0: 0x80003504 (0x00004799) c.li    a5, 6
core   0: 3 0x80003504 (0x4799) x15 0x00000006
core   0: 0x80003506 (0x06ff0b63) beq     t5, a5, pc + 118
core   0: 3 0x80003506 (0x06ff0b63)
core   0: 0x8000350a (0x0000479d) c.li    a5, 7
core   0: 3 0x8000350a (0x479d) x15 0x00000007
core   0: 0x8000350c (0x06ff0d63) beq     t5, a5, pc + 122
core   0: 3 0x8000350c (0x06ff0d63)
core   0: 0x80003510 (0x000047a1) c.li    a5, 8
core   0: 3 0x80003510 (0x47a1) x15 0x00000008
core   0: 0x80003512 (0x06ff0f63) beq     t5, a5, pc + 126
core   0: 3 0x80003512 (0x06ff0f63)
core   0: 0x80003516 (0x000047a5) c.li    a5, 9
core   0: 3 0x80003516 (0x47a5) x15 0x00000009
core   0: 0x80003518 (0x08ff0163) beq     t5, a5, pc + 130
core   0: 3 0x80003518 (0x08ff0163)
core   0: 0x8000351c (0x000047a9) c.li    a5, 10
core   0: 3 0x8000351c (0x47a9) x15 0x0000000a
core   0: 0x8000351e (0x08ff0363) beq     t5, a5, pc + 134
core   0: 3 0x8000351e (0x08ff0363)
core   0: 0x80003522 (0x000047ad) c.li    a5, 11
core   0: 3 0x80003522 (0x47ad) x15 0x0000000b
core   0: 0x80003524 (0x08ff0563) beq     t5, a5, pc + 138
core   0: 3 0x80003524 (0x08ff0563)
core   0: 0x80003528 (0x000047b1) c.li    a5, 12
core   0: 3 0x80003528 (0x47b1) x15 0x0000000c
core   0: 0x8000352a (0x08ff0763) beq     t5, a5, pc + 142
core   0: 3 0x8000352a (0x08ff0763)
core   0: 0x800035b8 (0x3bc02c73) csrr    s8, pmpaddr12
core   0: 3 0x800035b8 (0x3bc02c73) x24 0x20008121
core   0: 0x800035bc (0x3a3028f3) csrr    a7, pmpcfg3
core   0: 3 0x800035bc (0x3a3028f3) x17 0x0f0f0f0f
core   0: 0x800035c0 (0x0000a005) c.j     pc + 32
core   0: 3 0x800035c0 (0xa005)
core   0: 0x800035e0 (0x00004d11) c.li    s10, 4
core   0: 3 0x800035e0 (0x4d11) x26 0x00000004
core   0: 0x800035e2 (0x01ed9f13) slli    t5, s11, 30
core   0: 3 0x800035e2 (0x01ed9f13) x30 0x00000000
core   0: 0x800035e6 (0x01ef5f13) srli    t5, t5, 30
core   0: 3 0x800035e6 (0x01ef5f13) x30 0x00000000
core   0: 0x800035ea (0x41ed07b3) sub     a5, s10, t5
core   0: 3 0x800035ea (0x41ed07b3) x15 0x00000004
core   0: 0x800035ee (0x000017fd) c.addi  a5, -1
core   0: 3 0x800035ee (0x17fd) x15 0x00000003
core   0: 0x800035f0 (0x0000078e) c.slli  a5, 3
core   0: 3 0x800035f0 (0x078e) x15 0x00000018
core   0: 0x800035f2 (0x00f89d33) sll     s10, a7, a5
core   0: 3 0x800035f2 (0x00f89d33) x26 0x0f000000
core   0: 0x800035f6 (0x00000f0e) c.slli  t5, 3
core   0: 3 0x800035f6 (0x0f0e) x30 0x00000000
core   0: 0x800035f8 (0x000097fa) c.add   a5, t5
core   0: 3 0x800035f8 (0x97fa) x15 0x00000018
core   0: 0x800035fa (0x00fd5d33) srl     s10, s10, a5
core   0: 3 0x800035fa (0x00fd5d33) x26 0x0000000f
core   0: 0x800035fe (0x01bd1793) slli    a5, s10, 27
core   0: 3 0x800035fe (0x01bd1793) x15 0x78000000
core   0: 0x80003602 (0x000083f9) c.srli  a5, 30
core   0: 3 0x80003602 (0x83f9) x15 0x00000001
core   0: 0x80003604 (0x0000c7a1) c.beqz  a5, pc + 72
core   0: 3 0x80003604 (0xc7a1)
core   0: 0x80003606 (0x00004f05) c.li    t5, 1
core   0: 3 0x80003606 (0x4f05) x30 0x00000001
core   0: 0x80003608 (0x05e78363) beq     a5, t5, pc + 70
core   0: 3 0x80003608 (0x05e78363)
core   0: 0x8000364e (0x00008f6e) c.mv    t5, s11
core   0: 3 0x8000364e (0x8f6e) x30 0x0000000c
core   0: 0x80003650 (0x343027f3) csrr    a5, mtval
core   0: 3 0x80003650 (0x343027f3) x15 0x8ffffffc
core   0: 0x80003654 (0x00008389) c.srli  a5, 2
core   0: 3 0x80003654 (0x8389) x15 0x23ffffff
core   0: 0x80003656 (0x000f1563) bnez    t5, pc + 10
core   0: 3 0x80003656 (0x000f1563)
core   0: 0x80003660 (0xfd27e2e3) bltu    a5, s2, pc - 60
core   0: 3 0x80003660 (0xfd27e2e3)
core   0: 0x80003664 (0xfd87f0e3) bgeu    a5, s8, pc - 64
core   0: 3 0x80003664 (0xfd87f0e3)
core   0: 0x80003624 (0x00008f6e) c.mv    t5, s11
core   0: 3 0x80003624 (0x8f6e) x30 0x0000000c
core   0: 0x80003626 (0x00008962) c.mv    s2, s8
core   0: 3 0x80003626 (0x8962) x18 0x20008121
core   0: 0x80003628 (0x00000f05) c.addi  t5, 1
core   0: 3 0x80003628 (0x0f05) x30 0x0000000d
core   0: 0x8000362a (0x00008dfa) c.mv    s11, t5
core   0: 3 0x8000362a (0x8dfa) x27 0x0000000d
core   0: 0x8000362c (0x00004c41) c.li    s8, 16
core   0: 3 0x8000362c (0x4c41) x24 0x00000010
core   0: 0x8000362e (0x018f5363) bge     t5, s8, pc + 6
core   0: 3 0x8000362e (0x018f5363)
core   0: 0x80003632 (0x0000b56d) c.j     pc - 342
core   0: 3 0x80003632 (0xb56d)
core   0: 0x800034dc (0x00008f6e) c.mv    t5, s11
core   0: 3 0x800034dc (0x8f6e) x30 0x0000000d
core   0: 0x800034de (0x000087fa) c.mv    a5, t5
core   0: 3 0x800034de (0x87fa) x15 0x0000000d
core   0: 0x800034e0 (0x00004781) c.li    a5, 0
core   0: 3 0x800034e0 (0x4781) x15 0x00000000
core   0: 0x800034e2 (0x04ff0f63) beq     t5, a5, pc + 94
core   0: 3 0x800034e2 (0x04ff0f63)
core   0: 0x800034e6 (0x00004785) c.li    a5, 1
core   0: 3 0x800034e6 (0x4785) x15 0x00000001
core   0: 0x800034e8 (0x06ff0163) beq     t5, a5, pc + 98
core   0: 3 0x800034e8 (0x06ff0163)
core   0: 0x800034ec (0x00004789) c.li    a5, 2
core   0: 3 0x800034ec (0x4789) x15 0x00000002
core   0: 0x800034ee (0x06ff0363) beq     t5, a5, pc + 102
core   0: 3 0x800034ee (0x06ff0363)
core   0: 0x800034f2 (0x0000478d) c.li    a5, 3
core   0: 3 0x800034f2 (0x478d) x15 0x00000003
core   0: 0x800034f4 (0x06ff0563) beq     t5, a5, pc + 106
core   0: 3 0x800034f4 (0x06ff0563)
core   0: 0x800034f8 (0x00004791) c.li    a5, 4
core   0: 3 0x800034f8 (0x4791) x15 0x00000004
core   0: 0x800034fa (0x06ff0763) beq     t5, a5, pc + 110
core   0: 3 0x800034fa (0x06ff0763)
core   0: 0x800034fe (0x00004795) c.li    a5, 5
core   0: 3 0x800034fe (0x4795) x15 0x00000005
core   0: 0x80003500 (0x06ff0963) beq     t5, a5, pc + 114
core   0: 3 0x80003500 (0x06ff0963)
core   0: 0x80003504 (0x00004799) c.li    a5, 6
core   0: 3 0x80003504 (0x4799) x15 0x00000006
core   0: 0x80003506 (0x06ff0b63) beq     t5, a5, pc + 118
core   0: 3 0x80003506 (0x06ff0b63)
core   0: 0x8000350a (0x0000479d) c.li    a5, 7
core   0: 3 0x8000350a (0x479d) x15 0x00000007
core   0: 0x8000350c (0x06ff0d63) beq     t5, a5, pc + 122
core   0: 3 0x8000350c (0x06ff0d63)
core   0: 0x80003510 (0x000047a1) c.li    a5, 8
core   0: 3 0x80003510 (0x47a1) x15 0x00000008
core   0: 0x80003512 (0x06ff0f63) beq     t5, a5, pc + 126
core   0: 3 0x80003512 (0x06ff0f63)
core   0: 0x80003516 (0x000047a5) c.li    a5, 9
core   0: 3 0x80003516 (0x47a5) x15 0x00000009
core   0: 0x80003518 (0x08ff0163) beq     t5, a5, pc + 130
core   0: 3 0x80003518 (0x08ff0163)
core   0: 0x8000351c (0x000047a9) c.li    a5, 10
core   0: 3 0x8000351c (0x47a9) x15 0x0000000a
core   0: 0x8000351e (0x08ff0363) beq     t5, a5, pc + 134
core   0: 3 0x8000351e (0x08ff0363)
core   0: 0x80003522 (0x000047ad) c.li    a5, 11
core   0: 3 0x80003522 (0x47ad) x15 0x0000000b
core   0: 0x80003524 (0x08ff0563) beq     t5, a5, pc + 138
core   0: 3 0x80003524 (0x08ff0563)
core   0: 0x80003528 (0x000047b1) c.li    a5, 12
core   0: 3 0x80003528 (0x47b1) x15 0x0000000c
core   0: 0x8000352a (0x08ff0763) beq     t5, a5, pc + 142
core   0: 3 0x8000352a (0x08ff0763)
core   0: 0x8000352e (0x000047b5) c.li    a5, 13
core   0: 3 0x8000352e (0x47b5) x15 0x0000000d
core   0: 0x80003530 (0x08ff0963) beq     t5, a5, pc + 146
core   0: 3 0x80003530 (0x08ff0963)
core   0: 0x800035c2 (0x3bd02c73) csrr    s8, pmpaddr13
core   0: 3 0x800035c2 (0x3bd02c73) x24 0x20008aba
core   0: 0x800035c6 (0x3a3028f3) csrr    a7, pmpcfg3
core   0: 3 0x800035c6 (0x3a3028f3) x17 0x0f0f0f0f
core   0: 0x800035ca (0x0000a819) c.j     pc + 22
core   0: 3 0x800035ca (0xa819)
core   0: 0x800035e0 (0x00004d11) c.li    s10, 4
core   0: 3 0x800035e0 (0x4d11) x26 0x00000004
core   0: 0x800035e2 (0x01ed9f13) slli    t5, s11, 30
core   0: 3 0x800035e2 (0x01ed9f13) x30 0x40000000
core   0: 0x800035e6 (0x01ef5f13) srli    t5, t5, 30
core   0: 3 0x800035e6 (0x01ef5f13) x30 0x00000001
core   0: 0x800035ea (0x41ed07b3) sub     a5, s10, t5
core   0: 3 0x800035ea (0x41ed07b3) x15 0x00000003
core   0: 0x800035ee (0x000017fd) c.addi  a5, -1
core   0: 3 0x800035ee (0x17fd) x15 0x00000002
core   0: 0x800035f0 (0x0000078e) c.slli  a5, 3
core   0: 3 0x800035f0 (0x078e) x15 0x00000010
core   0: 0x800035f2 (0x00f89d33) sll     s10, a7, a5
core   0: 3 0x800035f2 (0x00f89d33) x26 0x0f0f0000
core   0: 0x800035f6 (0x00000f0e) c.slli  t5, 3
core   0: 3 0x800035f6 (0x0f0e) x30 0x00000008
core   0: 0x800035f8 (0x000097fa) c.add   a5, t5
core   0: 3 0x800035f8 (0x97fa) x15 0x00000018
core   0: 0x800035fa (0x00fd5d33) srl     s10, s10, a5
core   0: 3 0x800035fa (0x00fd5d33) x26 0x0000000f
core   0: 0x800035fe (0x01bd1793) slli    a5, s10, 27
core   0: 3 0x800035fe (0x01bd1793) x15 0x78000000
core   0: 0x80003602 (0x000083f9) c.srli  a5, 30
core   0: 3 0x80003602 (0x83f9) x15 0x00000001
core   0: 0x80003604 (0x0000c7a1) c.beqz  a5, pc + 72
core   0: 3 0x80003604 (0xc7a1)
core   0: 0x80003606 (0x00004f05) c.li    t5, 1
core   0: 3 0x80003606 (0x4f05) x30 0x00000001
core   0: 0x80003608 (0x05e78363) beq     a5, t5, pc + 70
core   0: 3 0x80003608 (0x05e78363)
core   0: 0x8000364e (0x00008f6e) c.mv    t5, s11
core   0: 3 0x8000364e (0x8f6e) x30 0x0000000d
core   0: 0x80003650 (0x343027f3) csrr    a5, mtval
core   0: 3 0x80003650 (0x343027f3) x15 0x8ffffffc
core   0: 0x80003654 (0x00008389) c.srli  a5, 2
core   0: 3 0x80003654 (0x8389) x15 0x23ffffff
core   0: 0x80003656 (0x000f1563) bnez    t5, pc + 10
core   0: 3 0x80003656 (0x000f1563)
core   0: 0x80003660 (0xfd27e2e3) bltu    a5, s2, pc - 60
core   0: 3 0x80003660 (0xfd27e2e3)
core   0: 0x80003664 (0xfd87f0e3) bgeu    a5, s8, pc - 64
core   0: 3 0x80003664 (0xfd87f0e3)
core   0: 0x80003624 (0x00008f6e) c.mv    t5, s11
core   0: 3 0x80003624 (0x8f6e) x30 0x0000000d
core   0: 0x80003626 (0x00008962) c.mv    s2, s8
core   0: 3 0x80003626 (0x8962) x18 0x20008aba
core   0: 0x80003628 (0x00000f05) c.addi  t5, 1
core   0: 3 0x80003628 (0x0f05) x30 0x0000000e
core   0: 0x8000362a (0x00008dfa) c.mv    s11, t5
core   0: 3 0x8000362a (0x8dfa) x27 0x0000000e
core   0: 0x8000362c (0x00004c41) c.li    s8, 16
core   0: 3 0x8000362c (0x4c41) x24 0x00000010
core   0: 0x8000362e (0x018f5363) bge     t5, s8, pc + 6
core   0: 3 0x8000362e (0x018f5363)
core   0: 0x80003632 (0x0000b56d) c.j     pc - 342
core   0: 3 0x80003632 (0xb56d)
core   0: 0x800034dc (0x00008f6e) c.mv    t5, s11
core   0: 3 0x800034dc (0x8f6e) x30 0x0000000e
core   0: 0x800034de (0x000087fa) c.mv    a5, t5
core   0: 3 0x800034de (0x87fa) x15 0x0000000e
core   0: 0x800034e0 (0x00004781) c.li    a5, 0
core   0: 3 0x800034e0 (0x4781) x15 0x00000000
core   0: 0x800034e2 (0x04ff0f63) beq     t5, a5, pc + 94
core   0: 3 0x800034e2 (0x04ff0f63)
core   0: 0x800034e6 (0x00004785) c.li    a5, 1
core   0: 3 0x800034e6 (0x4785) x15 0x00000001
core   0: 0x800034e8 (0x06ff0163) beq     t5, a5, pc + 98
core   0: 3 0x800034e8 (0x06ff0163)
core   0: 0x800034ec (0x00004789) c.li    a5, 2
core   0: 3 0x800034ec (0x4789) x15 0x00000002
core   0: 0x800034ee (0x06ff0363) beq     t5, a5, pc + 102
core   0: 3 0x800034ee (0x06ff0363)
core   0: 0x800034f2 (0x0000478d) c.li    a5, 3
core   0: 3 0x800034f2 (0x478d) x15 0x00000003
core   0: 0x800034f4 (0x06ff0563) beq     t5, a5, pc + 106
core   0: 3 0x800034f4 (0x06ff0563)
core   0: 0x800034f8 (0x00004791) c.li    a5, 4
core   0: 3 0x800034f8 (0x4791) x15 0x00000004
core   0: 0x800034fa (0x06ff0763) beq     t5, a5, pc + 110
core   0: 3 0x800034fa (0x06ff0763)
core   0: 0x800034fe (0x00004795) c.li    a5, 5
core   0: 3 0x800034fe (0x4795) x15 0x00000005
core   0: 0x80003500 (0x06ff0963) beq     t5, a5, pc + 114
core   0: 3 0x80003500 (0x06ff0963)
core   0: 0x80003504 (0x00004799) c.li    a5, 6
core   0: 3 0x80003504 (0x4799) x15 0x00000006
core   0: 0x80003506 (0x06ff0b63) beq     t5, a5, pc + 118
core   0: 3 0x80003506 (0x06ff0b63)
core   0: 0x8000350a (0x0000479d) c.li    a5, 7
core   0: 3 0x8000350a (0x479d) x15 0x00000007
core   0: 0x8000350c (0x06ff0d63) beq     t5, a5, pc + 122
core   0: 3 0x8000350c (0x06ff0d63)
core   0: 0x80003510 (0x000047a1) c.li    a5, 8
core   0: 3 0x80003510 (0x47a1) x15 0x00000008
core   0: 0x80003512 (0x06ff0f63) beq     t5, a5, pc + 126
core   0: 3 0x80003512 (0x06ff0f63)
core   0: 0x80003516 (0x000047a5) c.li    a5, 9
core   0: 3 0x80003516 (0x47a5) x15 0x00000009
core   0: 0x80003518 (0x08ff0163) beq     t5, a5, pc + 130
core   0: 3 0x80003518 (0x08ff0163)
core   0: 0x8000351c (0x000047a9) c.li    a5, 10
core   0: 3 0x8000351c (0x47a9) x15 0x0000000a
core   0: 0x8000351e (0x08ff0363) beq     t5, a5, pc + 134
core   0: 3 0x8000351e (0x08ff0363)
core   0: 0x80003522 (0x000047ad) c.li    a5, 11
core   0: 3 0x80003522 (0x47ad) x15 0x0000000b
core   0: 0x80003524 (0x08ff0563) beq     t5, a5, pc + 138
core   0: 3 0x80003524 (0x08ff0563)
core   0: 0x80003528 (0x000047b1) c.li    a5, 12
core   0: 3 0x80003528 (0x47b1) x15 0x0000000c
core   0: 0x8000352a (0x08ff0763) beq     t5, a5, pc + 142
core   0: 3 0x8000352a (0x08ff0763)
core   0: 0x8000352e (0x000047b5) c.li    a5, 13
core   0: 3 0x8000352e (0x47b5) x15 0x0000000d
core   0: 0x80003530 (0x08ff0963) beq     t5, a5, pc + 146
core   0: 3 0x80003530 (0x08ff0963)
core   0: 0x80003534 (0x000047b9) c.li    a5, 14
core   0: 3 0x80003534 (0x47b9) x15 0x0000000e
core   0: 0x80003536 (0x08ff0b63) beq     t5, a5, pc + 150
core   0: 3 0x80003536 (0x08ff0b63)
core   0: 0x800035cc (0x3be02c73) csrr    s8, pmpaddr14
core   0: 3 0x800035cc (0x3be02c73) x24 0x20009454
core   0: 0x800035d0 (0x3a3028f3) csrr    a7, pmpcfg3
core   0: 3 0x800035d0 (0x3a3028f3) x17 0x0f0f0f0f
core   0: 0x800035d4 (0x0000a031) c.j     pc + 12
core   0: 3 0x800035d4 (0xa031)
core   0: 0x800035e0 (0x00004d11) c.li    s10, 4
core   0: 3 0x800035e0 (0x4d11) x26 0x00000004
core   0: 0x800035e2 (0x01ed9f13) slli    t5, s11, 30
core   0: 3 0x800035e2 (0x01ed9f13) x30 0x80000000
core   0: 0x800035e6 (0x01ef5f13) srli    t5, t5, 30
core   0: 3 0x800035e6 (0x01ef5f13) x30 0x00000002
core   0: 0x800035ea (0x41ed07b3) sub     a5, s10, t5
core   0: 3 0x800035ea (0x41ed07b3) x15 0x00000002
core   0: 0x800035ee (0x000017fd) c.addi  a5, -1
core   0: 3 0x800035ee (0x17fd) x15 0x00000001
core   0: 0x800035f0 (0x0000078e) c.slli  a5, 3
core   0: 3 0x800035f0 (0x078e) x15 0x00000008
core   0: 0x800035f2 (0x00f89d33) sll     s10, a7, a5
core   0: 3 0x800035f2 (0x00f89d33) x26 0x0f0f0f00
core   0: 0x800035f6 (0x00000f0e) c.slli  t5, 3
core   0: 3 0x800035f6 (0x0f0e) x30 0x00000010
core   0: 0x800035f8 (0x000097fa) c.add   a5, t5
core   0: 3 0x800035f8 (0x97fa) x15 0x00000018
core   0: 0x800035fa (0x00fd5d33) srl     s10, s10, a5
core   0: 3 0x800035fa (0x00fd5d33) x26 0x0000000f
core   0: 0x800035fe (0x01bd1793) slli    a5, s10, 27
core   0: 3 0x800035fe (0x01bd1793) x15 0x78000000
core   0: 0x80003602 (0x000083f9) c.srli  a5, 30
core   0: 3 0x80003602 (0x83f9) x15 0x00000001
core   0: 0x80003604 (0x0000c7a1) c.beqz  a5, pc + 72
core   0: 3 0x80003604 (0xc7a1)
core   0: 0x80003606 (0x00004f05) c.li    t5, 1
core   0: 3 0x80003606 (0x4f05) x30 0x00000001
core   0: 0x80003608 (0x05e78363) beq     a5, t5, pc + 70
core   0: 3 0x80003608 (0x05e78363)
core   0: 0x8000364e (0x00008f6e) c.mv    t5, s11
core   0: 3 0x8000364e (0x8f6e) x30 0x0000000e
core   0: 0x80003650 (0x343027f3) csrr    a5, mtval
core   0: 3 0x80003650 (0x343027f3) x15 0x8ffffffc
core   0: 0x80003654 (0x00008389) c.srli  a5, 2
core   0: 3 0x80003654 (0x8389) x15 0x23ffffff
core   0: 0x80003656 (0x000f1563) bnez    t5, pc + 10
core   0: 3 0x80003656 (0x000f1563)
core   0: 0x80003660 (0xfd27e2e3) bltu    a5, s2, pc - 60
core   0: 3 0x80003660 (0xfd27e2e3)
core   0: 0x80003664 (0xfd87f0e3) bgeu    a5, s8, pc - 64
core   0: 3 0x80003664 (0xfd87f0e3)
core   0: 0x80003624 (0x00008f6e) c.mv    t5, s11
core   0: 3 0x80003624 (0x8f6e) x30 0x0000000e
core   0: 0x80003626 (0x00008962) c.mv    s2, s8
core   0: 3 0x80003626 (0x8962) x18 0x20009454
core   0: 0x80003628 (0x00000f05) c.addi  t5, 1
core   0: 3 0x80003628 (0x0f05) x30 0x0000000f
core   0: 0x8000362a (0x00008dfa) c.mv    s11, t5
core   0: 3 0x8000362a (0x8dfa) x27 0x0000000f
core   0: 0x8000362c (0x00004c41) c.li    s8, 16
core   0: 3 0x8000362c (0x4c41) x24 0x00000010
core   0: 0x8000362e (0x018f5363) bge     t5, s8, pc + 6
core   0: 3 0x8000362e (0x018f5363)
core   0: 0x80003632 (0x0000b56d) c.j     pc - 342
core   0: 3 0x80003632 (0xb56d)
core   0: 0x800034dc (0x00008f6e) c.mv    t5, s11
core   0: 3 0x800034dc (0x8f6e) x30 0x0000000f
core   0: 0x800034de (0x000087fa) c.mv    a5, t5
core   0: 3 0x800034de (0x87fa) x15 0x0000000f
core   0: 0x800034e0 (0x00004781) c.li    a5, 0
core   0: 3 0x800034e0 (0x4781) x15 0x00000000
core   0: 0x800034e2 (0x04ff0f63) beq     t5, a5, pc + 94
core   0: 3 0x800034e2 (0x04ff0f63)
core   0: 0x800034e6 (0x00004785) c.li    a5, 1
core   0: 3 0x800034e6 (0x4785) x15 0x00000001
core   0: 0x800034e8 (0x06ff0163) beq     t5, a5, pc + 98
core   0: 3 0x800034e8 (0x06ff0163)
core   0: 0x800034ec (0x00004789) c.li    a5, 2
core   0: 3 0x800034ec (0x4789) x15 0x00000002
core   0: 0x800034ee (0x06ff0363) beq     t5, a5, pc + 102
core   0: 3 0x800034ee (0x06ff0363)
core   0: 0x800034f2 (0x0000478d) c.li    a5, 3
core   0: 3 0x800034f2 (0x478d) x15 0x00000003
core   0: 0x800034f4 (0x06ff0563) beq     t5, a5, pc + 106
core   0: 3 0x800034f4 (0x06ff0563)
core   0: 0x800034f8 (0x00004791) c.li    a5, 4
core   0: 3 0x800034f8 (0x4791) x15 0x00000004
core   0: 0x800034fa (0x06ff0763) beq     t5, a5, pc + 110
core   0: 3 0x800034fa (0x06ff0763)
core   0: 0x800034fe (0x00004795) c.li    a5, 5
core   0: 3 0x800034fe (0x4795) x15 0x00000005
core   0: 0x80003500 (0x06ff0963) beq     t5, a5, pc + 114
core   0: 3 0x80003500 (0x06ff0963)
core   0: 0x80003504 (0x00004799) c.li    a5, 6
core   0: 3 0x80003504 (0x4799) x15 0x00000006
core   0: 0x80003506 (0x06ff0b63) beq     t5, a5, pc + 118
core   0: 3 0x80003506 (0x06ff0b63)
core   0: 0x8000350a (0x0000479d) c.li    a5, 7
core   0: 3 0x8000350a (0x479d) x15 0x00000007
core   0: 0x8000350c (0x06ff0d63) beq     t5, a5, pc + 122
core   0: 3 0x8000350c (0x06ff0d63)
core   0: 0x80003510 (0x000047a1) c.li    a5, 8
core   0: 3 0x80003510 (0x47a1) x15 0x00000008
core   0: 0x80003512 (0x06ff0f63) beq     t5, a5, pc + 126
core   0: 3 0x80003512 (0x06ff0f63)
core   0: 0x80003516 (0x000047a5) c.li    a5, 9
core   0: 3 0x80003516 (0x47a5) x15 0x00000009
core   0: 0x80003518 (0x08ff0163) beq     t5, a5, pc + 130
core   0: 3 0x80003518 (0x08ff0163)
core   0: 0x8000351c (0x000047a9) c.li    a5, 10
core   0: 3 0x8000351c (0x47a9) x15 0x0000000a
core   0: 0x8000351e (0x08ff0363) beq     t5, a5, pc + 134
core   0: 3 0x8000351e (0x08ff0363)
core   0: 0x80003522 (0x000047ad) c.li    a5, 11
core   0: 3 0x80003522 (0x47ad) x15 0x0000000b
core   0: 0x80003524 (0x08ff0563) beq     t5, a5, pc + 138
core   0: 3 0x80003524 (0x08ff0563)
core   0: 0x80003528 (0x000047b1) c.li    a5, 12
core   0: 3 0x80003528 (0x47b1) x15 0x0000000c
core   0: 0x8000352a (0x08ff0763) beq     t5, a5, pc + 142
core   0: 3 0x8000352a (0x08ff0763)
core   0: 0x8000352e (0x000047b5) c.li    a5, 13
core   0: 3 0x8000352e (0x47b5) x15 0x0000000d
core   0: 0x80003530 (0x08ff0963) beq     t5, a5, pc + 146
core   0: 3 0x80003530 (0x08ff0963)
core   0: 0x80003534 (0x000047b9) c.li    a5, 14
core   0: 3 0x80003534 (0x47b9) x15 0x0000000e
core   0: 0x80003536 (0x08ff0b63) beq     t5, a5, pc + 150
core   0: 3 0x80003536 (0x08ff0b63)
core   0: 0x8000353a (0x000047bd) c.li    a5, 15
core   0: 3 0x8000353a (0x47bd) x15 0x0000000f
core   0: 0x8000353c (0x08ff0d63) beq     t5, a5, pc + 154
core   0: 3 0x8000353c (0x08ff0d63)
core   0: 0x800035d6 (0x3bf02c73) csrr    s8, pmpaddr15
core   0: 3 0x800035d6 (0x3bf02c73) x24 0x20009ded
core   0: 0x800035da (0x3a3028f3) csrr    a7, pmpcfg3
core   0: 3 0x800035da (0x3a3028f3) x17 0x0f0f0f0f
core   0: 0x800035de (0x0000a009) c.j     pc + 2
core   0: 3 0x800035de (0xa009)
core   0: 0x800035e0 (0x00004d11) c.li    s10, 4
core   0: 3 0x800035e0 (0x4d11) x26 0x00000004
core   0: 0x800035e2 (0x01ed9f13) slli    t5, s11, 30
core   0: 3 0x800035e2 (0x01ed9f13) x30 0xc0000000
core   0: 0x800035e6 (0x01ef5f13) srli    t5, t5, 30
core   0: 3 0x800035e6 (0x01ef5f13) x30 0x00000003
core   0: 0x800035ea (0x41ed07b3) sub     a5, s10, t5
core   0: 3 0x800035ea (0x41ed07b3) x15 0x00000001
core   0: 0x800035ee (0x000017fd) c.addi  a5, -1
core   0: 3 0x800035ee (0x17fd) x15 0x00000000
core   0: 0x800035f0 (0x0000078e) c.slli  a5, 3
core   0: 3 0x800035f0 (0x078e) x15 0x00000000
core   0: 0x800035f2 (0x00f89d33) sll     s10, a7, a5
core   0: 3 0x800035f2 (0x00f89d33) x26 0x0f0f0f0f
core   0: 0x800035f6 (0x00000f0e) c.slli  t5, 3
core   0: 3 0x800035f6 (0x0f0e) x30 0x00000018
core   0: 0x800035f8 (0x000097fa) c.add   a5, t5
core   0: 3 0x800035f8 (0x97fa) x15 0x00000018
core   0: 0x800035fa (0x00fd5d33) srl     s10, s10, a5
core   0: 3 0x800035fa (0x00fd5d33) x26 0x0000000f
core   0: 0x800035fe (0x01bd1793) slli    a5, s10, 27
core   0: 3 0x800035fe (0x01bd1793) x15 0x78000000
core   0: 0x80003602 (0x000083f9) c.srli  a5, 30
core   0: 3 0x80003602 (0x83f9) x15 0x00000001
core   0: 0x80003604 (0x0000c7a1) c.beqz  a5, pc + 72
core   0: 3 0x80003604 (0xc7a1)
core   0: 0x80003606 (0x00004f05) c.li    t5, 1
core   0: 3 0x80003606 (0x4f05) x30 0x00000001
core   0: 0x80003608 (0x05e78363) beq     a5, t5, pc + 70
core   0: 3 0x80003608 (0x05e78363)
core   0: 0x8000364e (0x00008f6e) c.mv    t5, s11
core   0: 3 0x8000364e (0x8f6e) x30 0x0000000f
core   0: 0x80003650 (0x343027f3) csrr    a5, mtval
core   0: 3 0x80003650 (0x343027f3) x15 0x8ffffffc
core   0: 0x80003654 (0x00008389) c.srli  a5, 2
core   0: 3 0x80003654 (0x8389) x15 0x23ffffff
core   0: 0x80003656 (0x000f1563) bnez    t5, pc + 10
core   0: 3 0x80003656 (0x000f1563)
core   0: 0x80003660 (0xfd27e2e3) bltu    a5, s2, pc - 60
core   0: 3 0x80003660 (0xfd27e2e3)
core   0: 0x80003664 (0xfd87f0e3) bgeu    a5, s8, pc - 64
core   0: 3 0x80003664 (0xfd87f0e3)
core   0: 0x80003624 (0x00008f6e) c.mv    t5, s11
core   0: 3 0x80003624 (0x8f6e) x30 0x0000000f
core   0: 0x80003626 (0x00008962) c.mv    s2, s8
core   0: 3 0x80003626 (0x8962) x18 0x20009ded
core   0: 0x80003628 (0x00000f05) c.addi  t5, 1
core   0: 3 0x80003628 (0x0f05) x30 0x00000010
core   0: 0x8000362a (0x00008dfa) c.mv    s11, t5
core   0: 3 0x8000362a (0x8dfa) x27 0x00000010
core   0: 0x8000362c (0x00004c41) c.li    s8, 16
core   0: 3 0x8000362c (0x4c41) x24 0x00000010
core   0: 0x8000362e (0x018f5363) bge     t5, s8, pc + 6
core   0: 3 0x8000362e (0x018f5363)
core   0: 0x80003634 (0x74702f73) csrr    t5, mseccfg
core   0: 3 0x80003634 (0x74702f73) x30 0x00000000
core   0: 0x80003638 (0x002f7f13) andi    t5, t5, 2
core   0: 3 0x80003638 (0x002f7f13) x30 0x00000000
core   0: 0x8000363c (0x060f1b63) bnez    t5, pc + 118
core   0: 3 0x8000363c (0x060f1b63)
core   0: 0x80003640 (0xffffdf17) auipc   t5, 0xffffd
core   0: 3 0x80003640 (0xffffdf17) x30 0x80000640
core   0: 0x80003644 (0xfa4f0f13) addi    t5, t5, -92
core   0: 3 0x80003644 (0xfa4f0f13) x30 0x800005e4
core   0: 0x80003648 (0x000f0067) jr      t5
core   0: 3 0x80003648 (0x000f0067)
core   0: 0x800005e4 (0x90000c37) lui     s8, 0x90000
core   0: 3 0x800005e4 (0x90000c37) x24 0x90000000
core   0: 0x800005e8 (0x00001c61) c.addi  s8, -8
core   0: 3 0x800005e8 (0x1c61) x24 0x8ffffff8
core   0: 0x800005ea (0x00004f01) c.li    t5, 0
core   0: 3 0x800005ea (0x4f01) x30 0x00000000
core   0: 0x800005ec (0x00000f22) c.slli  t5, 8
core   0: 3 0x800005ec (0x0f22) x30 0x00000000
core   0: 0x800005ee (0x00000f05) c.addi  t5, 1
core   0: 3 0x800005ee (0x0f05) x30 0x00000001
core   0: 0x800005f0 (0x01ec2023) sw      t5, 0(s8)
core   0: 3 0x800005f0 (0x01ec2023) mem 0x8ffffff8 0x00000001
core   0: 0x800005f4 (0x00000073) ecall
core   0: exception trap_machine_ecall, epc 0x800005f4
core   0: 0x80002a00 (0x0800006f) j       pc + 0x80
core   0: 3 0x80002a00 (0x0800006f)
core   0: 0x80002a80 (0x000012f1) c.addi  t0, -4
core   0: 3 0x80002a80 (0x12f1) x5  0x8002cc5c
core   0: 0x80002a82 (0x0172a023) sw      s7, 0(t0)
core   0: 3 0x80002a82 (0x0172a023) mem 0x8002cc5c 0x8002cc60
core   0: 0x80002a86 (0x00028bb3) add     s7, t0, zero
core   0: 3 0x80002a86 (0x00028bb3) x23 0x8002cc5c
core   0: 0x80002a8a (0xf80b8b93) addi    s7, s7, -128
core   0: 3 0x80002a8a (0xf80b8b93) x23 0x8002cbdc
core   0: 0x80002a8e (0x001ba223) sw      ra, 4(s7)
core   0: 3 0x80002a8e (0x001ba223) mem 0x8002cbe0 0x80000000
core   0: 0x80002a92 (0x002ba423) sw      sp, 8(s7)
core   0: 3 0x80002a92 (0x002ba423) mem 0x8002cbe4 0xf5e9d958
core   0: 0x80002a96 (0x003ba623) sw      gp, 12(s7)
core   0: 3 0x80002a96 (0x003ba623) mem 0x8002cbe8 0x00000000
core   0: 0x80002a9a (0x004ba823) sw      tp, 16(s7)
core   0: 3 0x80002a9a (0x004ba823) mem 0x8002cbec 0xf9b9e91a
core   0: 0x80002a9e (0x005baa23) sw      t0, 20(s7)
core   0: 3 0x80002a9e (0x005baa23) mem 0x8002cbf0 0x8002cc5c
core   0: 0x80002aa2 (0x006bac23) sw      t1, 24(s7)
core   0: 3 0x80002aa2 (0x006bac23) mem 0x8002cbf4 0x8e464bfa
core   0: 0x80002aa6 (0x007bae23) sw      t2, 28(s7)
core   0: 3 0x80002aa6 (0x007bae23) mem 0x8002cbf8 0x0000000a
core   0: 0x80002aaa (0x028ba023) sw      s0, 32(s7)
core   0: 3 0x80002aaa (0x028ba023) mem 0x8002cbfc 0x00000002
core   0: 0x80002aae (0x029ba223) sw      s1, 36(s7)
core   0: 3 0x80002aae (0x029ba223) mem 0x8002cc00 0x23952031
core   0: 0x80002ab2 (0x02aba423) sw      a0, 40(s7)
core   0: 3 0x80002ab2 (0x02aba423) mem 0x8002cc04 0x00000000
core   0: 0x80002ab6 (0x02bba623) sw      a1, 44(s7)
core   0: 3 0x80002ab6 (0x02bba623) mem 0x8002cc08 0x00000000
core   0: 0x80002aba (0x02cba823) sw      a2, 48(s7)
core   0: 3 0x80002aba (0x02cba823) mem 0x8002cc0c 0xc4849568
core   0: 0x80002abe (0x02dbaa23) sw      a3, 52(s7)
core   0: 3 0x80002abe (0x02dbaa23) mem 0x8002cc10 0x80000000
core   0: 0x80002ac2 (0x02ebac23) sw      a4, 56(s7)
core   0: 3 0x80002ac2 (0x02ebac23) mem 0x8002cc14 0x859d2650
core   0: 0x80002ac6 (0x02fbae23) sw      a5, 60(s7)
core   0: 3 0x80002ac6 (0x02fbae23) mem 0x8002cc18 0x23ffffff
core   0: 0x80002aca (0x050ba023) sw      a6, 64(s7)
core   0: 3 0x80002aca (0x050ba023) mem 0x8002cc1c 0x00000000
core   0: 0x80002ace (0x051ba223) sw      a7, 68(s7)
core   0: 3 0x80002ace (0x051ba223) mem 0x8002cc20 0x0f0f0f0f
core   0: 0x80002ad2 (0x052ba423) sw      s2, 72(s7)
core   0: 3 0x80002ad2 (0x052ba423) mem 0x8002cc24 0x20009ded
core   0: 0x80002ad6 (0x053ba623) sw      s3, 76(s7)
core   0: 3 0x80002ad6 (0x053ba623) mem 0x8002cc28 0x98df827e
core   0: 0x80002ada (0x054ba823) sw      s4, 80(s7)
core   0: 3 0x80002ada (0x054ba823) mem 0x8002cc2c 0x4ddde1c9
core   0: 0x80002ade (0x055baa23) sw      s5, 84(s7)
core   0: 3 0x80002ade (0x055baa23) mem 0x8002cc30 0x0000000e
core   0: 0x80002ae2 (0x056bac23) sw      s6, 88(s7)
core   0: 3 0x80002ae2 (0x056bac23) mem 0x8002cc34 0x00000000
core   0: 0x80002ae6 (0x057bae23) sw      s7, 92(s7)
core   0: 3 0x80002ae6 (0x057bae23) mem 0x8002cc38 0x8002cbdc
core   0: 0x80002aea (0x078ba023) sw      s8, 96(s7)
core   0: 3 0x80002aea (0x078ba023) mem 0x8002cc3c 0x8ffffff8
core   0: 0x80002aee (0x079ba223) sw      s9, 100(s7)
core   0: 3 0x80002aee (0x079ba223) mem 0x8002cc40 0x00000000
core   0: 0x80002af2 (0x07aba423) sw      s10, 104(s7)
core   0: 3 0x80002af2 (0x07aba423) mem 0x8002cc44 0x0000000f
core   0: 0x80002af6 (0x07bba623) sw      s11, 108(s7)
core   0: 3 0x80002af6 (0x07bba623) mem 0x8002cc48 0x00000010
core   0: 0x80002afa (0x07cba823) sw      t3, 112(s7)
core   0: 3 0x80002afa (0x07cba823) mem 0x8002cc4c 0x80000000
core   0: 0x80002afe (0x07dbaa23) sw      t4, 116(s7)
core   0: 3 0x80002afe (0x07dbaa23) mem 0x8002cc50 0xfda53eec
core   0: 0x80002b02 (0x07ebac23) sw      t5, 120(s7)
core   0: 3 0x80002b02 (0x07ebac23) mem 0x8002cc54 0x00000001
core   0: 0x80002b06 (0x07fbae23) sw      t6, 124(s7)
core   0: 3 0x80002b06 (0x07fbae23) mem 0x8002cc58 0x80000000
core   0: 0x80002b0a (0x000b82b3) add     t0, s7, zero
core   0: 3 0x80002b0a (0x000b82b3) x5  0x8002cbdc
core   0: 0x80002b0e (0x90000c37) lui     s8, 0x90000
core   0: 3 0x80002b0e (0x90000c37) x24 0x90000000
core   0: 0x80002b12 (0x00001c71) c.addi  s8, -4
core   0: 3 0x80002b12 (0x1c71) x24 0x8ffffffc
core   0: 0x80002b14 (0x00004f21) c.li    t5, 8
core   0: 3 0x80002b14 (0x4f21) x30 0x00000008
core   0: 0x80002b16 (0x00000f22) c.slli  t5, 8
core   0: 3 0x80002b16 (0x0f22) x30 0x00000800
core   0: 0x80002b18 (0x000f0f13) mv      t5, t5
core   0: 3 0x80002b18 (0x000f0f13) x30 0x00000800
core   0: 0x80002b1c (0x01ec2023) sw      t5, 0(s8)
core   0: 3 0x80002b1c (0x01ec2023) mem 0x8ffffffc 0x00000800
core   0: 0x80002b20 (0x34102f73) csrr    t5, mepc
core   0: 3 0x80002b20 (0x34102f73) x30 0x800005f4
core   0: 0x80002b24 (0x34202f73) csrr    t5, mcause
core   0: 3 0x80002b24 (0x34202f73) x30 0x0000000b
core   0: 0x80002b28 (0x00004c0d) c.li    s8, 3
core   0: 3 0x80002b28 (0x4c0d) x24 0x00000003
core   0: 0x80002b2a (0x018f1463) bne     t5, s8, pc + 8
core   0: 3 0x80002b2a (0x018f1463)
core   0: 0x80002b32 (0x00004c21) c.li    s8, 8
core   0: 3 0x80002b32 (0x4c21) x24 0x00000008
core   0: 0x80002b34 (0x058f0d63) beq     t5, s8, pc + 90
core   0: 3 0x80002b34 (0x058f0d63)
core   0: 0x80002b38 (0x00004c25) c.li    s8, 9
core   0: 3 0x80002b38 (0x4c25) x24 0x00000009
core   0: 0x80002b3a (0x058f0a63) beq     t5, s8, pc + 84
core   0: 3 0x80002b3a (0x058f0a63)
core   0: 0x80002b3e (0x00004c2d) c.li    s8, 11
core   0: 3 0x80002b3e (0x4c2d) x24 0x0000000b
core   0: 0x80002b40 (0x058f0763) beq     t5, s8, pc + 78
core   0: 3 0x80002b40 (0x058f0763)
core   0: 0x80002b8e (0x90000c37) lui     s8, 0x90000
core   0: 3 0x80002b8e (0x90000c37) x24 0x90000000
core   0: 0x80002b92 (0x00001c71) c.addi  s8, -4
core   0: 3 0x80002b92 (0x1c71) x24 0x8ffffffc
core   0: 0x80002b94 (0x00006f05) c.lui   t5, 0x1
core   0: 3 0x80002b94 (0x6f05) x30 0x00001000
core   0: 0x80002b96 (0xb00f0f13) addi    t5, t5, -1280
core   0: 3 0x80002b96 (0xb00f0f13) x30 0x00000b00
core   0: 0x80002b9a (0x00000f22) c.slli  t5, 8
core   0: 3 0x80002b9a (0x0f22) x30 0x000b0000
core   0: 0x80002b9c (0x00000f0d) c.addi  t5, 3
core   0: 3 0x80002b9c (0x0f0d) x30 0x000b0003
core   0: 0x80002b9e (0x01ec2023) sw      t5, 0(s8)
core   0: 3 0x80002b9e (0x01ec2023) mem 0x8ffffffc 0x000b0003
core   0: 0x80002ba2 (0xb0002f73) csrr    t5, mcycle
core   0: 3 0x80002ba2 (0xb0002f73) x30 0x00001c9d
core   0: 0x80002ba6 (0x01ec2023) sw      t5, 0(s8)
core   0: 3 0x80002ba6 (0x01ec2023) mem 0x8ffffffc 0x00001c9d
core   0: 0x80002baa (0x90000c37) lui     s8, 0x90000
core   0: 3 0x80002baa (0x90000c37) x24 0x90000000
core   0: 0x80002bae (0x00001c71) c.addi  s8, -4
core   0: 3 0x80002bae (0x1c71) x24 0x8ffffffc
core   0: 0x80002bb0 (0x00006f05) c.lui   t5, 0x1
core   0: 3 0x80002bb0 (0x6f05) x30 0x00001000
core   0: 0x80002bb2 (0xb80f0f13) addi    t5, t5, -1152
core   0: 3 0x80002bb2 (0xb80f0f13) x30 0x00000b80
core   0: 0x80002bb6 (0x00000f22) c.slli  t5, 8
core   0: 3 0x80002bb6 (0x0f22) x30 0x000b8000
core   0: 0x80002bb8 (0x00000f0d) c.addi  t5, 3
core   0: 3 0x80002bb8 (0x0f0d) x30 0x000b8003
core   0: 0x80002bba (0x01ec2023) sw      t5, 0(s8)
core   0: 3 0x80002bba (0x01ec2023) mem 0x8ffffffc 0x000b8003
core   0: 0x80002bbe (0xb8002f73) csrr    t5, mcycleh
core   0: 3 0x80002bbe (0xb8002f73) x30 0x00000000
core   0: 0x80002bc2 (0x01ec2023) sw      t5, 0(s8)
core   0: 3 0x80002bc2 (0x01ec2023) mem 0x8ffffffc 0x00000000
core   0: 0x80002bc6 (0x90000c37) lui     s8, 0x90000
core   0: 3 0x80002bc6 (0x90000c37) x24 0x90000000
core   0: 0x80002bca (0x00001c71) c.addi  s8, -4
core   0: 3 0x80002bca (0x1c71) x24 0x8ffffffc
core   0: 0x80002bcc (0x00006f05) c.lui   t5, 0x1
core   0: 3 0x80002bcc (0x6f05) x30 0x00001000
core   0: 0x80002bce (0xb03f0f13) addi    t5, t5, -1277
core   0: 3 0x80002bce (0xb03f0f13) x30 0x00000b03
core   0: 0x80002bd2 (0x00000f22) c.slli  t5, 8
core   0: 3 0x80002bd2 (0x0f22) x30 0x000b0300
core   0: 0x80002bd4 (0x00000f0d) c.addi  t5, 3
core   0: 3 0x80002bd4 (0x0f0d) x30 0x000b0303
core   0: 0x80002bd6 (0x01ec2023) sw      t5, 0(s8)
core   0: 3 0x80002bd6 (0x01ec2023) mem 0x8ffffffc 0x000b0303
core   0: 0x80002bda (0xb0302f73) csrr    t5, mhpmcounter3
core   0: 3 0x80002bda (0xb0302f73) x30 0x00000144
core   0: 0x80002bde (0x01ec2023) sw      t5, 0(s8)
core   0: 3 0x80002bde (0x01ec2023) mem 0x8ffffffc 0x00000144
core   0: 0x80002be2 (0x90000c37) lui     s8, 0x90000
core   0: 3 0x80002be2 (0x90000c37) x24 0x90000000
core   0: 0x80002be6 (0x00001c71) c.addi  s8, -4
core   0: 3 0x80002be6 (0x1c71) x24 0x8ffffffc
core   0: 0x80002be8 (0x00006f05) c.lui   t5, 0x1
core   0: 3 0x80002be8 (0x6f05) x30 0x00001000
core   0: 0x80002bea (0xb83f0f13) addi    t5, t5, -1149
core   0: 3 0x80002bea (0xb83f0f13) x30 0x00000b83
core   0: 0x80002bee (0x00000f22) c.slli  t5, 8
core   0: 3 0x80002bee (0x0f22) x30 0x000b8300
core   0: 0x80002bf0 (0x00000f0d) c.addi  t5, 3
core   0: 3 0x80002bf0 (0x0f0d) x30 0x000b8303
core   0: 0x80002bf2 (0x01ec2023) sw      t5, 0(s8)
core   0: 3 0x80002bf2 (0x01ec2023) mem 0x8ffffffc 0x000b8303
core   0: 0x80002bf6 (0xb8302f73) csrr    t5, mhpmcounter3h
core   0: 3 0x80002bf6 (0xb8302f73) x30 0x00000000
core   0: 0x80002bfa (0x01ec2023) sw      t5, 0(s8)
core   0: 3 0x80002bfa (0x01ec2023) mem 0x8ffffffc 0x00000000
core   0: 0x80002bfe (0x90000c37) lui     s8, 0x90000
core   0: 3 0x80002bfe (0x90000c37) x24 0x90000000
core   0: 0x80002c02 (0x00001c71) c.addi  s8, -4
core   0: 3 0x80002c02 (0x1c71) x24 0x8ffffffc
core   0: 0x80002c04 (0x00006f05) c.lui   t5, 0x1
core   0: 3 0x80002c04 (0x6f05) x30 0x00001000
core   0: 0x80002c06 (0xb04f0f13) addi    t5, t5, -1276
core   0: 3 0x80002c06 (0xb04f0f13) x30 0x00000b04
core   0: 0x80002c0a (0x00000f22) c.slli  t5, 8
core   0: 3 0x80002c0a (0x0f22) x30 0x000b0400
core   0: 0x80002c0c (0x00000f0d) c.addi  t5, 3
core   0: 3 0x80002c0c (0x0f0d) x30 0x000b0403
core   0: 0x80002c0e (0x01ec2023) sw      t5, 0(s8)
core   0: 3 0x80002c0e (0x01ec2023) mem 0x8ffffffc 0x000b0403
core   0: 0x80002c12 (0xb0402f73) csrr    t5, mhpmcounter4
core   0: 3 0x80002c12 (0xb0402f73) x30 0x00000aa7
core   0: 0x80002c16 (0x01ec2023) sw      t5, 0(s8)
core   0: 3 0x80002c16 (0x01ec2023) mem 0x8ffffffc 0x00000aa7
core   0: 0x80002c1a (0x90000c37) lui     s8, 0x90000
core   0: 3 0x80002c1a (0x90000c37) x24 0x90000000
core   0: 0x80002c1e (0x00001c71) c.addi  s8, -4
core   0: 3 0x80002c1e (0x1c71) x24 0x8ffffffc
core   0: 0x80002c20 (0x00006f05) c.lui   t5, 0x1
core   0: 3 0x80002c20 (0x6f05) x30 0x00001000
core   0: 0x80002c22 (0xb84f0f13) addi    t5, t5, -1148
core   0: 3 0x80002c22 (0xb84f0f13) x30 0x00000b84
core   0: 0x80002c26 (0x00000f22) c.slli  t5, 8
core   0: 3 0x80002c26 (0x0f22) x30 0x000b8400
core   0: 0x80002c28 (0x00000f0d) c.addi  t5, 3
core   0: 3 0x80002c28 (0x0f0d) x30 0x000b8403
core   0: 0x80002c2a (0x01ec2023) sw      t5, 0(s8)
core   0: 3 0x80002c2a (0x01ec2023) mem 0x8ffffffc 0x000b8403
core   0: 0x80002c2e (0xb8402f73) csrr    t5, mhpmcounter4h
core   0: 3 0x80002c2e (0xb8402f73) x30 0x00000000
core   0: 0x80002c32 (0x01ec2023) sw      t5, 0(s8)
core   0: 3 0x80002c32 (0x01ec2023) mem 0x8ffffffc 0x00000000
core   0: 0x80002c36 (0x90000c37) lui     s8, 0x90000
core   0: 3 0x80002c36 (0x90000c37) x24 0x90000000
core   0: 0x80002c3a (0x00001c71) c.addi  s8, -4
core   0: 3 0x80002c3a (0x1c71) x24 0x8ffffffc
core   0: 0x80002c3c (0x00006f05) c.lui   t5, 0x1
core   0: 3 0x80002c3c (0x6f05) x30 0x00001000
core   0: 0x80002c3e (0xb05f0f13) addi    t5, t5, -1275
core   0: 3 0x80002c3e (0xb05f0f13) x30 0x00000b05
core   0: 0x80002c42 (0x00000f22) c.slli  t5, 8
core   0: 3 0x80002c42 (0x0f22) x30 0x000b0500
core   0: 0x80002c44 (0x00000f0d) c.addi  t5, 3
core   0: 3 0x80002c44 (0x0f0d) x30 0x000b0503
core   0: 0x80002c46 (0x01ec2023) sw      t5, 0(s8)
core   0: 3 0x80002c46 (0x01ec2023) mem 0x8ffffffc 0x000b0503
core   0: 0x80002c4a (0xb0502f73) csrr    t5, mhpmcounter5
core   0: 3 0x80002c4a (0xb0502f73) x30 0x00000000
core   0: 0x80002c4e (0x01ec2023) sw      t5, 0(s8)
core   0: 3 0x80002c4e (0x01ec2023) mem 0x8ffffffc 0x00000000
core   0: 0x80002c52 (0x90000c37) lui     s8, 0x90000
core   0: 3 0x80002c52 (0x90000c37) x24 0x90000000
core   0: 0x80002c56 (0x00001c71) c.addi  s8, -4
core   0: 3 0x80002c56 (0x1c71) x24 0x8ffffffc
core   0: 0x80002c58 (0x00006f05) c.lui   t5, 0x1
core   0: 3 0x80002c58 (0x6f05) x30 0x00001000
core   0: 0x80002c5a (0xb85f0f13) addi    t5, t5, -1147
core   0: 3 0x80002c5a (0xb85f0f13) x30 0x00000b85
core   0: 0x80002c5e (0x00000f22) c.slli  t5, 8
core   0: 3 0x80002c5e (0x0f22) x30 0x000b8500
core   0: 0x80002c60 (0x00000f0d) c.addi  t5, 3
core   0: 3 0x80002c60 (0x0f0d) x30 0x000b8503
core   0: 0x80002c62 (0x01ec2023) sw      t5, 0(s8)
core   0: 3 0x80002c62 (0x01ec2023) mem 0x8ffffffc 0x000b8503
core   0: 0x80002c66 (0xb8502f73) csrr    t5, mhpmcounter5h
core   0: 3 0x80002c66 (0xb8502f73) x30 0x00000000
core   0: 0x80002c6a (0x01ec2023) sw      t5, 0(s8)
core   0: 3 0x80002c6a (0x01ec2023) mem 0x8ffffffc 0x00000000
core   0: 0x80002c6e (0x90000c37) lui     s8, 0x90000
core   0: 3 0x80002c6e (0x90000c37) x24 0x90000000
core   0: 0x80002c72 (0x00001c71) c.addi  s8, -4
core   0: 3 0x80002c72 (0x1c71) x24 0x8ffffffc
core   0: 0x80002c74 (0x00006f05) c.lui   t5, 0x1
core   0: 3 0x80002c74 (0x6f05) x30 0x00001000
core   0: 0x80002c76 (0xb06f0f13) addi    t5, t5, -1274
core   0: 3 0x80002c76 (0xb06f0f13) x30 0x00000b06
core   0: 0x80002c7a (0x00000f22) c.slli  t5, 8
core   0: 3 0x80002c7a (0x0f22) x30 0x000b0600
core   0: 0x80002c7c (0x00000f0d) c.addi  t5, 3
core   0: 3 0x80002c7c (0x0f0d) x30 0x000b0603
core   0: 0x80002c7e (0x01ec2023) sw      t5, 0(s8)
core   0: 3 0x80002c7e (0x01ec2023) mem 0x8ffffffc 0x000b0603
core   0: 0x80002c82 (0xb0602f73) csrr    t5, mhpmcounter6
core   0: 3 0x80002c82 (0xb0602f73) x30 0x0000005c
core   0: 0x80002c86 (0x01ec2023) sw      t5, 0(s8)
core   0: 3 0x80002c86 (0x01ec2023) mem 0x8ffffffc 0x0000005c
core   0: 0x80002c8a (0x90000c37) lui     s8, 0x90000
core   0: 3 0x80002c8a (0x90000c37) x24 0x90000000
core   0: 0x80002c8e (0x00001c71) c.addi  s8, -4
core   0: 3 0x80002c8e (0x1c71) x24 0x8ffffffc
core   0: 0x80002c90 (0x00006f05) c.lui   t5, 0x1
core   0: 3 0x80002c90 (0x6f05) x30 0x00001000
core   0: 0x80002c92 (0xb86f0f13) addi    t5, t5, -1146
core   0: 3 0x80002c92 (0xb86f0f13) x30 0x00000b86
core   0: 0x80002c96 (0x00000f22) c.slli  t5, 8
core   0: 3 0x80002c96 (0x0f22) x30 0x000b8600
core   0: 0x80002c98 (0x00000f0d) c.addi  t5, 3
core   0: 3 0x80002c98 (0x0f0d) x30 0x000b8603
core   0: 0x80002c9a (0x01ec2023) sw      t5, 0(s8)
core   0: 3 0x80002c9a (0x01ec2023) mem 0x8ffffffc 0x000b8603
core   0: 0x80002c9e (0xb8602f73) csrr    t5, mhpmcounter6h
core   0: 3 0x80002c9e (0xb8602f73) x30 0x00000000
core   0: 0x80002ca2 (0x01ec2023) sw      t5, 0(s8)
core   0: 3 0x80002ca2 (0x01ec2023) mem 0x8ffffffc 0x00000000
core   0: 0x80002ca6 (0x90000c37) lui     s8, 0x90000
core   0: 3 0x80002ca6 (0x90000c37) x24 0x90000000
core   0: 0x80002caa (0x00001c71) c.addi  s8, -4
core   0: 3 0x80002caa (0x1c71) x24 0x8ffffffc
core   0: 0x80002cac (0x00006f05) c.lui   t5, 0x1
core   0: 3 0x80002cac (0x6f05) x30 0x00001000
core   0: 0x80002cae (0xb07f0f13) addi    t5, t5, -1273
core   0: 3 0x80002cae (0xb07f0f13) x30 0x00000b07
core   0: 0x80002cb2 (0x00000f22) c.slli  t5, 8
core   0: 3 0x80002cb2 (0x0f22) x30 0x000b0700
core   0: 0x80002cb4 (0x00000f0d) c.addi  t5, 3
core   0: 3 0x80002cb4 (0x0f0d) x30 0x000b0703
core   0: 0x80002cb6 (0x01ec2023) sw      t5, 0(s8)
core   0: 3 0x80002cb6 (0x01ec2023) mem 0x8ffffffc 0x000b0703
core   0: 0x80002cba (0xb0702f73) csrr    t5, mhpmcounter7
core   0: 3 0x80002cba (0xb0702f73) x30 0x00000024
core   0: 0x80002cbe (0x01ec2023) sw      t5, 0(s8)
core   0: 3 0x80002cbe (0x01ec2023) mem 0x8ffffffc 0x00000024
core   0: 0x80002cc2 (0x90000c37) lui     s8, 0x90000
core   0: 3 0x80002cc2 (0x90000c37) x24 0x90000000
core   0: 0x80002cc6 (0x00001c71) c.addi  s8, -4
core   0: 3 0x80002cc6 (0x1c71) x24 0x8ffffffc
core   0: 0x80002cc8 (0x00006f05) c.lui   t5, 0x1
core   0: 3 0x80002cc8 (0x6f05) x30 0x00001000
core   0: 0x80002cca (0xb87f0f13) addi    t5, t5, -1145
core   0: 3 0x80002cca (0xb87f0f13) x30 0x00000b87
core   0: 0x80002cce (0x00000f22) c.slli  t5, 8
core   0: 3 0x80002cce (0x0f22) x30 0x000b8700
core   0: 0x80002cd0 (0x00000f0d) c.addi  t5, 3
core   0: 3 0x80002cd0 (0x0f0d) x30 0x000b8703
core   0: 0x80002cd2 (0x01ec2023) sw      t5, 0(s8)
core   0: 3 0x80002cd2 (0x01ec2023) mem 0x8ffffffc 0x000b8703
core   0: 0x80002cd6 (0xb8702f73) csrr    t5, mhpmcounter7h
core   0: 3 0x80002cd6 (0xb8702f73) x30 0x00000000
core   0: 0x80002cda (0x01ec2023) sw      t5, 0(s8)
core   0: 3 0x80002cda (0x01ec2023) mem 0x8ffffffc 0x00000000
core   0: 0x80002cde (0x90000c37) lui     s8, 0x90000
core   0: 3 0x80002cde (0x90000c37) x24 0x90000000
core   0: 0x80002ce2 (0x00001c71) c.addi  s8, -4
core   0: 3 0x80002ce2 (0x1c71) x24 0x8ffffffc
core   0: 0x80002ce4 (0x00006f05) c.lui   t5, 0x1
core   0: 3 0x80002ce4 (0x6f05) x30 0x00001000
core   0: 0x80002ce6 (0xb08f0f13) addi    t5, t5, -1272
core   0: 3 0x80002ce6 (0xb08f0f13) x30 0x00000b08
core   0: 0x80002cea (0x00000f22) c.slli  t5, 8
core   0: 3 0x80002cea (0x0f22) x30 0x000b0800
core   0: 0x80002cec (0x00000f0d) c.addi  t5, 3
core   0: 3 0x80002cec (0x0f0d) x30 0x000b0803
core   0: 0x80002cee (0x01ec2023) sw      t5, 0(s8)
core   0: 3 0x80002cee (0x01ec2023) mem 0x8ffffffc 0x000b0803
core   0: 0x80002cf2 (0xb0802f73) csrr    t5, mhpmcounter8
core   0: 3 0x80002cf2 (0xb0802f73) x30 0x000000f4
core   0: 0x80002cf6 (0x01ec2023) sw      t5, 0(s8)
core   0: 3 0x80002cf6 (0x01ec2023) mem 0x8ffffffc 0x000000f4
core   0: 0x80002cfa (0x90000c37) lui     s8, 0x90000
core   0: 3 0x80002cfa (0x90000c37) x24 0x90000000
core   0: 0x80002cfe (0x00001c71) c.addi  s8, -4
core   0: 3 0x80002cfe (0x1c71) x24 0x8ffffffc
core   0: 0x80002d00 (0x00006f05) c.lui   t5, 0x1
core   0: 3 0x80002d00 (0x6f05) x30 0x00001000
core   0: 0x80002d02 (0xb88f0f13) addi    t5, t5, -1144
core   0: 3 0x80002d02 (0xb88f0f13) x30 0x00000b88
core   0: 0x80002d06 (0x00000f22) c.slli  t5, 8
core   0: 3 0x80002d06 (0x0f22) x30 0x000b8800
core   0: 0x80002d08 (0x00000f0d) c.addi  t5, 3
core   0: 3 0x80002d08 (0x0f0d) x30 0x000b8803
core   0: 0x80002d0a (0x01ec2023) sw      t5, 0(s8)
core   0: 3 0x80002d0a (0x01ec2023) mem 0x8ffffffc 0x000b8803
core   0: 0x80002d0e (0xb8802f73) csrr    t5, mhpmcounter8h
core   0: 3 0x80002d0e (0xb8802f73) x30 0x00000000
core   0: 0x80002d12 (0x01ec2023) sw      t5, 0(s8)
core   0: 3 0x80002d12 (0x01ec2023) mem 0x8ffffffc 0x00000000
core   0: 0x80002d16 (0x90000c37) lui     s8, 0x90000
core   0: 3 0x80002d16 (0x90000c37) x24 0x90000000
core   0: 0x80002d1a (0x00001c71) c.addi  s8, -4
core   0: 3 0x80002d1a (0x1c71) x24 0x8ffffffc
core   0: 0x80002d1c (0x00006f05) c.lui   t5, 0x1
core   0: 3 0x80002d1c (0x6f05) x30 0x00001000
core   0: 0x80002d1e (0xb09f0f13) addi    t5, t5, -1271
core   0: 3 0x80002d1e (0xb09f0f13) x30 0x00000b09
core   0: 0x80002d22 (0x00000f22) c.slli  t5, 8
core   0: 3 0x80002d22 (0x0f22) x30 0x000b0900
core   0: 0x80002d24 (0x00000f0d) c.addi  t5, 3
core   0: 3 0x80002d24 (0x0f0d) x30 0x000b0903
core   0: 0x80002d26 (0x01ec2023) sw      t5, 0(s8)
core   0: 3 0x80002d26 (0x01ec2023) mem 0x8ffffffc 0x000b0903
core   0: 0x80002d2a (0xb0902f73) csrr    t5, mhpmcounter9
core   0: 3 0x80002d2a (0xb0902f73) x30 0x00000044
core   0: 0x80002d2e (0x01ec2023) sw      t5, 0(s8)
core   0: 3 0x80002d2e (0x01ec2023) mem 0x8ffffffc 0x00000044
core   0: 0x80002d32 (0x90000c37) lui     s8, 0x90000
core   0: 3 0x80002d32 (0x90000c37) x24 0x90000000
core   0: 0x80002d36 (0x00001c71) c.addi  s8, -4
core   0: 3 0x80002d36 (0x1c71) x24 0x8ffffffc
core   0: 0x80002d38 (0x00006f05) c.lui   t5, 0x1
core   0: 3 0x80002d38 (0x6f05) x30 0x00001000
core   0: 0x80002d3a (0xb89f0f13) addi    t5, t5, -1143
core   0: 3 0x80002d3a (0xb89f0f13) x30 0x00000b89
core   0: 0x80002d3e (0x00000f22) c.slli  t5, 8
core   0: 3 0x80002d3e (0x0f22) x30 0x000b8900
core   0: 0x80002d40 (0x00000f0d) c.addi  t5, 3
core   0: 3 0x80002d40 (0x0f0d) x30 0x000b8903
core   0: 0x80002d42 (0x01ec2023) sw      t5, 0(s8)
core   0: 3 0x80002d42 (0x01ec2023) mem 0x8ffffffc 0x000b8903
core   0: 0x80002d46 (0xb8902f73) csrr    t5, mhpmcounter9h
core   0: 3 0x80002d46 (0xb8902f73) x30 0x00000000
core   0: 0x80002d4a (0x01ec2023) sw      t5, 0(s8)
core   0: 3 0x80002d4a (0x01ec2023) mem 0x8ffffffc 0x00000000
core   0: 0x80002d4e (0x90000c37) lui     s8, 0x90000
core   0: 3 0x80002d4e (0x90000c37) x24 0x90000000
core   0: 0x80002d52 (0x00001c71) c.addi  s8, -4
core   0: 3 0x80002d52 (0x1c71) x24 0x8ffffffc
core   0: 0x80002d54 (0x00006f05) c.lui   t5, 0x1
core   0: 3 0x80002d54 (0x6f05) x30 0x00001000
core   0: 0x80002d56 (0xb0af0f13) addi    t5, t5, -1270
core   0: 3 0x80002d56 (0xb0af0f13) x30 0x00000b0a
core   0: 0x80002d5a (0x00000f22) c.slli  t5, 8
core   0: 3 0x80002d5a (0x0f22) x30 0x000b0a00
core   0: 0x80002d5c (0x00000f0d) c.addi  t5, 3
core   0: 3 0x80002d5c (0x0f0d) x30 0x000b0a03
core   0: 0x80002d5e (0x01ec2023) sw      t5, 0(s8)
core   0: 3 0x80002d5e (0x01ec2023) mem 0x8ffffffc 0x000b0a03
core   0: 0x80002d62 (0xb0a02f73) csrr    t5, mhpmcounter10
core   0: 3 0x80002d62 (0xb0a02f73) x30 0x00000274
core   0: 0x80002d66 (0x01ec2023) sw      t5, 0(s8)
core   0: 3 0x80002d66 (0x01ec2023) mem 0x8ffffffc 0x00000274
core   0: 0x80002d6a (0x90000c37) lui     s8, 0x90000
core   0: 3 0x80002d6a (0x90000c37) x24 0x90000000
core   0: 0x80002d6e (0x00001c71) c.addi  s8, -4
core   0: 3 0x80002d6e (0x1c71) x24 0x8ffffffc
core   0: 0x80002d70 (0x00006f05) c.lui   t5, 0x1
core   0: 3 0x80002d70 (0x6f05) x30 0x00001000
core   0: 0x80002d72 (0xb8af0f13) addi    t5, t5, -1142
core   0: 3 0x80002d72 (0xb8af0f13) x30 0x00000b8a
core   0: 0x80002d76 (0x00000f22) c.slli  t5, 8
core   0: 3 0x80002d76 (0x0f22) x30 0x000b8a00
core   0: 0x80002d78 (0x00000f0d) c.addi  t5, 3
core   0: 3 0x80002d78 (0x0f0d) x30 0x000b8a03
core   0: 0x80002d7a (0x01ec2023) sw      t5, 0(s8)
core   0: 3 0x80002d7a (0x01ec2023) mem 0x8ffffffc 0x000b8a03
core   0: 0x80002d7e (0xb8a02f73) csrr    t5, mhpmcounter10h
core   0: 3 0x80002d7e (0xb8a02f73) x30 0x00000000
core   0: 0x80002d82 (0x01ec2023) sw      t5, 0(s8)
core   0: 3 0x80002d82 (0x01ec2023) mem 0x8ffffffc 0x00000000
core   0: 0x80002d86 (0x90000c37) lui     s8, 0x90000
core   0: 3 0x80002d86 (0x90000c37) x24 0x90000000
core   0: 0x80002d8a (0x00001c71) c.addi  s8, -4
core   0: 3 0x80002d8a (0x1c71) x24 0x8ffffffc
core   0: 0x80002d8c (0x00006f05) c.lui   t5, 0x1
core   0: 3 0x80002d8c (0x6f05) x30 0x00001000
core   0: 0x80002d8e (0xb0bf0f13) addi    t5, t5, -1269
core   0: 3 0x80002d8e (0xb0bf0f13) x30 0x00000b0b
core   0: 0x80002d92 (0x00000f22) c.slli  t5, 8
core   0: 3 0x80002d92 (0x0f22) x30 0x000b0b00
core   0: 0x80002d94 (0x00000f0d) c.addi  t5, 3
core   0: 3 0x80002d94 (0x0f0d) x30 0x000b0b03
core   0: 0x80002d96 (0x01ec2023) sw      t5, 0(s8)
core   0: 3 0x80002d96 (0x01ec2023) mem 0x8ffffffc 0x000b0b03
core   0: 0x80002d9a (0xb0b02f73) csrr    t5, mhpmcounter11
core   0: 3 0x80002d9a (0xb0b02f73) x30 0x00000000
core   0: 0x80002d9e (0x01ec2023) sw      t5, 0(s8)
core   0: 3 0x80002d9e (0x01ec2023) mem 0x8ffffffc 0x00000000
core   0: 0x80002da2 (0x90000c37) lui     s8, 0x90000
core   0: 3 0x80002da2 (0x90000c37) x24 0x90000000
core   0: 0x80002da6 (0x00001c71) c.addi  s8, -4
core   0: 3 0x80002da6 (0x1c71) x24 0x8ffffffc
core   0: 0x80002da8 (0x00006f05) c.lui   t5, 0x1
core   0: 3 0x80002da8 (0x6f05) x30 0x00001000
core   0: 0x80002daa (0xb8bf0f13) addi    t5, t5, -1141
core   0: 3 0x80002daa (0xb8bf0f13) x30 0x00000b8b
core   0: 0x80002dae (0x00000f22) c.slli  t5, 8
core   0: 3 0x80002dae (0x0f22) x30 0x000b8b00
core   0: 0x80002db0 (0x00000f0d) c.addi  t5, 3
core   0: 3 0x80002db0 (0x0f0d) x30 0x000b8b03
core   0: 0x80002db2 (0x01ec2023) sw      t5, 0(s8)
core   0: 3 0x80002db2 (0x01ec2023) mem 0x8ffffffc 0x000b8b03
core   0: 0x80002db6 (0xb8b02f73) csrr    t5, mhpmcounter11h
core   0: 3 0x80002db6 (0xb8b02f73) x30 0x00000000
core   0: 0x80002dba (0x01ec2023) sw      t5, 0(s8)
core   0: 3 0x80002dba (0x01ec2023) mem 0x8ffffffc 0x00000000
core   0: 0x80002dbe (0x90000c37) lui     s8, 0x90000
core   0: 3 0x80002dbe (0x90000c37) x24 0x90000000
core   0: 0x80002dc2 (0x00001c71) c.addi  s8, -4
core   0: 3 0x80002dc2 (0x1c71) x24 0x8ffffffc
core   0: 0x80002dc4 (0x00006f05) c.lui   t5, 0x1
core   0: 3 0x80002dc4 (0x6f05) x30 0x00001000
core   0: 0x80002dc6 (0xb0cf0f13) addi    t5, t5, -1268
core   0: 3 0x80002dc6 (0xb0cf0f13) x30 0x00000b0c
core   0: 0x80002dca (0x00000f22) c.slli  t5, 8
core   0: 3 0x80002dca (0x0f22) x30 0x000b0c00
core   0: 0x80002dcc (0x00000f0d) c.addi  t5, 3
core   0: 3 0x80002dcc (0x0f0d) x30 0x000b0c03
core   0: 0x80002dce (0x01ec2023) sw      t5, 0(s8)
core   0: 3 0x80002dce (0x01ec2023) mem 0x8ffffffc 0x000b0c03
core   0: 0x80002dd2 (0xb0c02f73) csrr    t5, mhpmcounter12
core   0: 3 0x80002dd2 (0xb0c02f73) x30 0x00000000
core   0: 0x80002dd6 (0x01ec2023) sw      t5, 0(s8)
core   0: 3 0x80002dd6 (0x01ec2023) mem 0x8ffffffc 0x00000000
core   0: 0x80002dda (0x90000c37) lui     s8, 0x90000
core   0: 3 0x80002dda (0x90000c37) x24 0x90000000
core   0: 0x80002dde (0x00001c71) c.addi  s8, -4
core   0: 3 0x80002dde (0x1c71) x24 0x8ffffffc
core   0: 0x80002de0 (0x00006f05) c.lui   t5, 0x1
core   0: 3 0x80002de0 (0x6f05) x30 0x00001000
core   0: 0x80002de2 (0xb8cf0f13) addi    t5, t5, -1140
core   0: 3 0x80002de2 (0xb8cf0f13) x30 0x00000b8c
core   0: 0x80002de6 (0x00000f22) c.slli  t5, 8
core   0: 3 0x80002de6 (0x0f22) x30 0x000b8c00
core   0: 0x80002de8 (0x00000f0d) c.addi  t5, 3
core   0: 3 0x80002de8 (0x0f0d) x30 0x000b8c03
core   0: 0x80002dea (0x01ec2023) sw      t5, 0(s8)
core   0: 3 0x80002dea (0x01ec2023) mem 0x8ffffffc 0x000b8c03
core   0: 0x80002dee (0xb8c02f73) csrr    t5, mhpmcounter12h
core   0: 3 0x80002dee (0xb8c02f73) x30 0x00000000
core   0: 0x80002df2 (0x01ec2023) sw      t5, 0(s8)
core   0: 3 0x80002df2 (0x01ec2023) mem 0x8ffffffc 0x00000000
core   0: 0x80002df6 (0xffffdf17) auipc   t5, 0xffffd
core   0: 3 0x80002df6 (0xffffdf17) x30 0x7ffffdf6
core   0: 0x80002dfa (0x28af0f13) addi    t5, t5, 650
core   0: 3 0x80002dfa (0x28af0f13) x30 0x80000080
core   0: 0x80002dfe (0x000f2023) sw      zero, 0(t5)
core   0: 3 0x80002dfe (0x000f2023) mem 0x80000080 0x00000000
core   0: 0x80002e02 (0x001f2223) sw      ra, 4(t5)
core   0: 3 0x80002e02 (0x001f2223) mem 0x80000084 0x80000000
core   0: 0x80002e06 (0x002f2423) sw      sp, 8(t5)
core   0: 3 0x80002e06 (0x002f2423) mem 0x80000088 0xf5e9d958
core   0: 0x80002e0a (0x003f2623) sw      gp, 12(t5)
core   0: 3 0x80002e0a (0x003f2623) mem 0x8000008c 0x00000000
core   0: 0x80002e0e (0x004f2823) sw      tp, 16(t5)
core   0: 3 0x80002e0e (0x004f2823) mem 0x80000090 0xf9b9e91a
core   0: 0x80002e12 (0x005f2a23) sw      t0, 20(t5)
core   0: 3 0x80002e12 (0x005f2a23) mem 0x80000094 0x8002cbdc
core   0: 0x80002e16 (0x006f2c23) sw      t1, 24(t5)
core   0: 3 0x80002e16 (0x006f2c23) mem 0x80000098 0x8e464bfa
core   0: 0x80002e1a (0x007f2e23) sw      t2, 28(t5)
core   0: 3 0x80002e1a (0x007f2e23) mem 0x8000009c 0x0000000a
core   0: 0x80002e1e (0x028f2023) sw      s0, 32(t5)
core   0: 3 0x80002e1e (0x028f2023) mem 0x800000a0 0x00000002
core   0: 0x80002e22 (0x029f2223) sw      s1, 36(t5)
core   0: 3 0x80002e22 (0x029f2223) mem 0x800000a4 0x23952031
core   0: 0x80002e26 (0x02af2423) sw      a0, 40(t5)
core   0: 3 0x80002e26 (0x02af2423) mem 0x800000a8 0x00000000
core   0: 0x80002e2a (0x02bf2623) sw      a1, 44(t5)
core   0: 3 0x80002e2a (0x02bf2623) mem 0x800000ac 0x00000000
core   0: 0x80002e2e (0x02cf2823) sw      a2, 48(t5)
core   0: 3 0x80002e2e (0x02cf2823) mem 0x800000b0 0xc4849568
core   0: 0x80002e32 (0x02df2a23) sw      a3, 52(t5)
core   0: 3 0x80002e32 (0x02df2a23) mem 0x800000b4 0x80000000
core   0: 0x80002e36 (0x02ef2c23) sw      a4, 56(t5)
core   0: 3 0x80002e36 (0x02ef2c23) mem 0x800000b8 0x859d2650
core   0: 0x80002e3a (0x02ff2e23) sw      a5, 60(t5)
core   0: 3 0x80002e3a (0x02ff2e23) mem 0x800000bc 0x23ffffff
core   0: 0x80002e3e (0x050f2023) sw      a6, 64(t5)
core   0: 3 0x80002e3e (0x050f2023) mem 0x800000c0 0x00000000
core   0: 0x80002e42 (0x051f2223) sw      a7, 68(t5)
core   0: 3 0x80002e42 (0x051f2223) mem 0x800000c4 0x0f0f0f0f
core   0: 0x80002e46 (0x052f2423) sw      s2, 72(t5)
core   0: 3 0x80002e46 (0x052f2423) mem 0x800000c8 0x20009ded
core   0: 0x80002e4a (0x053f2623) sw      s3, 76(t5)
core   0: 3 0x80002e4a (0x053f2623) mem 0x800000cc 0x98df827e
core   0: 0x80002e4e (0x054f2823) sw      s4, 80(t5)
core   0: 3 0x80002e4e (0x054f2823) mem 0x800000d0 0x4ddde1c9
core   0: 0x80002e52 (0x055f2a23) sw      s5, 84(t5)
core   0: 3 0x80002e52 (0x055f2a23) mem 0x800000d4 0x0000000e
core   0: 0x80002e56 (0x056f2c23) sw      s6, 88(t5)
core   0: 3 0x80002e56 (0x056f2c23) mem 0x800000d8 0x00000000
core   0: 0x80002e5a (0x057f2e23) sw      s7, 92(t5)
core   0: 3 0x80002e5a (0x057f2e23) mem 0x800000dc 0x8002cbdc
core   0: 0x80002e5e (0x078f2023) sw      s8, 96(t5)
core   0: 3 0x80002e5e (0x078f2023) mem 0x800000e0 0x8ffffffc
core   0: 0x80002e62 (0x079f2223) sw      s9, 100(t5)
core   0: 3 0x80002e62 (0x079f2223) mem 0x800000e4 0x00000000
core   0: 0x80002e66 (0x07af2423) sw      s10, 104(t5)
core   0: 3 0x80002e66 (0x07af2423) mem 0x800000e8 0x0000000f
core   0: 0x80002e6a (0x07bf2623) sw      s11, 108(t5)
core   0: 3 0x80002e6a (0x07bf2623) mem 0x800000ec 0x00000010
core   0: 0x80002e6e (0x07cf2823) sw      t3, 112(t5)
core   0: 3 0x80002e6e (0x07cf2823) mem 0x800000f0 0x80000000
core   0: 0x80002e72 (0x07df2a23) sw      t4, 116(t5)
core   0: 3 0x80002e72 (0x07df2a23) mem 0x800000f4 0xfda53eec
core   0: 0x80002e76 (0x07ef2c23) sw      t5, 120(t5)
core   0: 3 0x80002e76 (0x07ef2c23) mem 0x800000f8 0x80000080
core   0: 0x80002e7a (0x07ff2e23) sw      t6, 124(t5)
core   0: 3 0x80002e7a (0x07ff2e23) mem 0x800000fc 0x80000000
core   0: 0x80002e7e (0x34102f73) csrr    t5, mepc
core   0: 3 0x80002e7e (0x34102f73) x30 0x800005f4
core   0: 0x80002e82 (0x00000f11) c.addi  t5, 4
core   0: 3 0x80002e82 (0x0f11) x30 0x800005f8
core   0: 0x80002e84 (0x341f1073) csrw    mepc, t5
core   0: 3 0x80002e84 (0x341f1073) c833_mepc 0x800005f8
core   0: 0x80002e88 (0x30200073) mret
core   0: 3 0x80002e88 (0x30200073) c768_mstatus 0x00020080
core   0: 0x800005f8 (0x90000c37) lui     s8, 0x90000
core   0: 3 0x800005f8 (0x90000c37) x24 0x90000000
core   0: 0x800005fc (0x00001c61) c.addi  s8, -8
core   0: 3 0x800005fc (0x1c61) x24 0x8ffffff8
core   0: 0x800005fe (0x00004f05) c.li    t5, 1
core   0: 3 0x800005fe (0x4f05) x30 0x00000001
core   0: 0x80000600 (0x00000f22) c.slli  t5, 8
core   0: 3 0x80000600 (0x0f22) x30 0x00000100
core   0: 0x80000602 (0x00000f05) c.addi  t5, 1
core   0: 3 0x80000602 (0x0f05) x30 0x00000101
core   0: 0x80000604 (0x01ec2023) sw      t5, 0(s8)
core   0: exception trap_store_access_fault, epc 0x80000604
core   0:           tval 0x8ffffff8
core   0: 0x80002a00 (0x0800006f) j       pc + 0x80
core   0: 3 0x80002a00 (0x0800006f)
core   0: 0x80002a80 (0x000012f1) c.addi  t0, -4
core   0: 3 0x80002a80 (0x12f1) x5  0x8002cbd8
