Time	Cycle	PC	Insn	Decoded instruction	Register and memory contents
        1055000	         6	80000080	40001f37	lui	x30,0x40001	 x30=0x40001000
        1065000	         7	80000084	106f0f13	addi	x30,x30,262	 x30:0x40001000 x30=0x40001106
        1075000	         8	80000088	301f1073	csrrw	x0,misa,x30	 x30:0x40001106  x0=0x00000000
        1105000	        11	8000008c	0002d297	auipc	x5,0x2d	  x5=0x8002d08c
        1115000	        12	80000090	c5828293	addi	x5,x5,-936	  x5:0x8002d08c  x5=0x8002cce4
        1125000	        13	80000094	00003f17	auipc	x30,0x3	 x30=0x80003094
        1135000	        14	80000098	96cf0f13	addi	x30,x30,-1684	 x30:0x80003094 x30=0x80002a00
        1145000	        15	8000009c	001f6f13	ori	x30,x30,1	 x30:0x80002a00 x30=0x80002a01
        1155000	        16	800000a0	305f1073	csrrw	x0,mtvec,x30	 x30:0x80002a01  x0=0x00000000
        1185000	        19	800000a4	74725073	csrrwi	x0,0x747,4	  x0=0x00000000
        1215000	        22	800000a8	00003797	auipc	x15,0x3	 x15=0x800030a8
        1225000	        23	800000ac	71478793	addi	x15,x15,1812	 x15:0x800030a8 x15=0x800037bc
        1235000	        24	800000b0	4f01	c.li	x30,0	 x30=0x00000000
        1245000	        25	800000b2	97fa	c.add	x15,x30	 x15:0x800037bc x30:0x00000000 x15=0x800037bc
        1255000	        26	800000b4	8389	c.srli	x15,0x2	 x15:0x800037bc x15=0x20000def
        1265000	        27	800000b6	3b079073	csrrw	x0,pmpaddr0,x15	 x15:0x20000def  x0=0x00000000
        1295000	        30	800000ba	00003797	auipc	x15,0x3	 x15=0x800030ba
        1305000	        31	800000be	70278793	addi	x15,x15,1794	 x15:0x800030ba x15=0x800037bc
        1315000	        32	800000c2	6f09	c.lui	x30,0x2	 x30=0x00002000
        1325000	        33	800000c4	666f0f13	addi	x30,x30,1638	 x30:0x00002000 x30=0x00002666
        1335000	        34	800000c8	97fa	c.add	x15,x30	 x15:0x800037bc x30:0x00002666 x15=0x80005e22
        1345000	        35	800000ca	8389	c.srli	x15,0x2	 x15:0x80005e22 x15=0x20001788
        1355000	        36	800000cc	3b179073	csrrw	x0,pmpaddr1,x15	 x15:0x20001788  x0=0x00000000
        1385000	        39	800000d0	00003797	auipc	x15,0x3	 x15=0x800030d0
        1395000	        40	800000d4	6ec78793	addi	x15,x15,1772	 x15:0x800030d0 x15=0x800037bc
        1405000	        41	800000d8	6f15	c.lui	x30,0x5	 x30=0x00005000
        1415000	        42	800000da	cccf0f13	addi	x30,x30,-820	 x30:0x00005000 x30=0x00004ccc
        1425000	        43	800000de	97fa	c.add	x15,x30	 x15:0x800037bc x30:0x00004ccc x15=0x80008488
        1435000	        44	800000e0	8389	c.srli	x15,0x2	 x15:0x80008488 x15=0x20002122
        1445000	        45	800000e2	3b279073	csrrw	x0,pmpaddr2,x15	 x15:0x20002122  x0=0x00000000
        1475000	        48	800000e6	00003797	auipc	x15,0x3	 x15=0x800030e6
        1485000	        49	800000ea	6d678793	addi	x15,x15,1750	 x15:0x800030e6 x15=0x800037bc
        1495000	        50	800000ee	6f1d	c.lui	x30,0x7	 x30=0x00007000
        1505000	        51	800000f0	332f0f13	addi	x30,x30,818	 x30:0x00007000 x30=0x00007332
        1515000	        52	800000f4	97fa	c.add	x15,x30	 x15:0x800037bc x30:0x00007332 x15=0x8000aaee
        1525000	        53	800000f6	8389	c.srli	x15,0x2	 x15:0x8000aaee x15=0x20002abb
        1535000	        54	800000f8	3b379073	csrrw	x0,pmpaddr3,x15	 x15:0x20002abb  x0=0x00000000
        1565000	        57	800000fc	0f0f17b7	lui	x15,0xf0f1	 x15=0x0f0f1000
        1575000	        58	80000100	f0f78793	addi	x15,x15,-241	 x15:0x0f0f1000 x15=0x0f0f0f0f
        1585000	        59	80000104	3a079073	csrrw	x0,pmpcfg0,x15	 x15:0x0f0f0f0f  x0=0x00000000
        1615000	        62	80000108	00003797	auipc	x15,0x3	 x15=0x80003108
        1625000	        63	8000010c	6b478793	addi	x15,x15,1716	 x15:0x80003108 x15=0x800037bc
        1635000	        64	80000110	6f29	c.lui	x30,0xa	 x30=0x0000a000
        1645000	        65	80000112	998f0f13	addi	x30,x30,-1640	 x30:0x0000a000 x30=0x00009998
        1655000	        66	80000116	97fa	c.add	x15,x30	 x15:0x800037bc x30:0x00009998 x15=0x8000d154
        1665000	        67	80000118	8389	c.srli	x15,0x2	 x15:0x8000d154 x15=0x20003455
        1675000	        68	8000011a	3b479073	csrrw	x0,pmpaddr4,x15	 x15:0x20003455  x0=0x00000000
        1705000	        71	8000011e	00003797	auipc	x15,0x3	 x15=0x8000311e
        1715000	        72	80000122	69e78793	addi	x15,x15,1694	 x15:0x8000311e x15=0x800037bc
        1725000	        73	80000126	6f31	c.lui	x30,0xc	 x30=0x0000c000
        1735000	        74	80000128	1f79	c.addi	x30,-2	 x30:0x0000c000 x30=0x0000bffe
        1745000	        75	8000012a	97fa	c.add	x15,x30	 x15:0x800037bc x30:0x0000bffe x15=0x8000f7ba
        1755000	        76	8000012c	8389	c.srli	x15,0x2	 x15:0x8000f7ba x15=0x20003dee
        1765000	        77	8000012e	3b579073	csrrw	x0,pmpaddr5,x15	 x15:0x20003dee  x0=0x00000000
        1795000	        80	80000132	00003797	auipc	x15,0x3	 x15=0x80003132
        1805000	        81	80000136	68a78793	addi	x15,x15,1674	 x15:0x80003132 x15=0x800037bc
        1815000	        82	8000013a	6f39	c.lui	x30,0xe	 x30=0x0000e000
        1825000	        83	8000013c	664f0f13	addi	x30,x30,1636	 x30:0x0000e000 x30=0x0000e664
        1835000	        84	80000140	97fa	c.add	x15,x30	 x15:0x800037bc x30:0x0000e664 x15=0x80011e20
        1845000	        85	80000142	8389	c.srli	x15,0x2	 x15:0x80011e20 x15=0x20004788
        1855000	        86	80000144	3b679073	csrrw	x0,pmpaddr6,x15	 x15:0x20004788  x0=0x00000000
        1885000	        89	80000148	00003797	auipc	x15,0x3	 x15=0x80003148
        1895000	        90	8000014c	67478793	addi	x15,x15,1652	 x15:0x80003148 x15=0x800037bc
        1905000	        91	80000150	6f45	c.lui	x30,0x11	 x30=0x00011000
        1915000	        92	80000152	ccaf0f13	addi	x30,x30,-822	 x30:0x00011000 x30=0x00010cca
        1925000	        93	80000156	97fa	c.add	x15,x30	 x15:0x800037bc x30:0x00010cca x15=0x80014486
        1935000	        94	80000158	8389	c.srli	x15,0x2	 x15:0x80014486 x15=0x20005121
        1945000	        95	8000015a	3b779073	csrrw	x0,pmpaddr7,x15	 x15:0x20005121  x0=0x00000000
        1975000	        98	8000015e	0f0f17b7	lui	x15,0xf0f1	 x15=0x0f0f1000
        1985000	        99	80000162	f0f78793	addi	x15,x15,-241	 x15:0x0f0f1000 x15=0x0f0f0f0f
        1995000	       100	80000166	3a179073	csrrw	x0,pmpcfg1,x15	 x15:0x0f0f0f0f  x0=0x00000000
        2025000	       103	8000016a	00003797	auipc	x15,0x3	 x15=0x8000316a
        2035000	       104	8000016e	65278793	addi	x15,x15,1618	 x15:0x8000316a x15=0x800037bc
        2045000	       105	80000172	6f4d	c.lui	x30,0x13	 x30=0x00013000
        2055000	       106	80000174	330f0f13	addi	x30,x30,816	 x30:0x00013000 x30=0x00013330
        2065000	       107	80000178	97fa	c.add	x15,x30	 x15:0x800037bc x30:0x00013330 x15=0x80016aec
        2075000	       108	8000017a	8389	c.srli	x15,0x2	 x15:0x80016aec x15=0x20005abb
        2085000	       109	8000017c	3b879073	csrrw	x0,pmpaddr8,x15	 x15:0x20005abb  x0=0x00000000
        2115000	       112	80000180	00003797	auipc	x15,0x3	 x15=0x80003180
        2125000	       113	80000184	63c78793	addi	x15,x15,1596	 x15:0x80003180 x15=0x800037bc
        2135000	       114	80000188	6f59	c.lui	x30,0x16	 x30=0x00016000
        2145000	       115	8000018a	996f0f13	addi	x30,x30,-1642	 x30:0x00016000 x30=0x00015996
        2155000	       116	8000018e	97fa	c.add	x15,x30	 x15:0x800037bc x30:0x00015996 x15=0x80019152
        2165000	       117	80000190	8389	c.srli	x15,0x2	 x15:0x80019152 x15=0x20006454
        2175000	       118	80000192	3b979073	csrrw	x0,pmpaddr9,x15	 x15:0x20006454  x0=0x00000000
        2205000	       121	80000196	00003797	auipc	x15,0x3	 x15=0x80003196
        2215000	       122	8000019a	62678793	addi	x15,x15,1574	 x15:0x80003196 x15=0x800037bc
        2225000	       123	8000019e	6f61	c.lui	x30,0x18	 x30=0x00018000
        2235000	       124	800001a0	1f71	c.addi	x30,-4	 x30:0x00018000 x30=0x00017ffc
        2245000	       125	800001a2	97fa	c.add	x15,x30	 x15:0x800037bc x30:0x00017ffc x15=0x8001b7b8
        2255000	       126	800001a4	8389	c.srli	x15,0x2	 x15:0x8001b7b8 x15=0x20006dee
        2265000	       127	800001a6	3ba79073	csrrw	x0,pmpaddr10,x15	 x15:0x20006dee  x0=0x00000000
        2295000	       130	800001aa	00003797	auipc	x15,0x3	 x15=0x800031aa
        2305000	       131	800001ae	61278793	addi	x15,x15,1554	 x15:0x800031aa x15=0x800037bc
        2315000	       132	800001b2	6f69	c.lui	x30,0x1a	 x30=0x0001a000
        2325000	       133	800001b4	662f0f13	addi	x30,x30,1634	 x30:0x0001a000 x30=0x0001a662
        2335000	       134	800001b8	97fa	c.add	x15,x30	 x15:0x800037bc x30:0x0001a662 x15=0x8001de1e
        2345000	       135	800001ba	8389	c.srli	x15,0x2	 x15:0x8001de1e x15=0x20007787
        2355000	       136	800001bc	3bb79073	csrrw	x0,pmpaddr11,x15	 x15:0x20007787  x0=0x00000000
        2385000	       139	800001c0	0f0f17b7	lui	x15,0xf0f1	 x15=0x0f0f1000
        2395000	       140	800001c4	f0f78793	addi	x15,x15,-241	 x15:0x0f0f1000 x15=0x0f0f0f0f
        2405000	       141	800001c8	3a279073	csrrw	x0,pmpcfg2,x15	 x15:0x0f0f0f0f  x0=0x00000000
        2435000	       144	800001cc	00003797	auipc	x15,0x3	 x15=0x800031cc
        2445000	       145	800001d0	5f078793	addi	x15,x15,1520	 x15:0x800031cc x15=0x800037bc
        2455000	       146	800001d4	6f75	c.lui	x30,0x1d	 x30=0x0001d000
        2465000	       147	800001d6	cc8f0f13	addi	x30,x30,-824	 x30:0x0001d000 x30=0x0001ccc8
        2475000	       148	800001da	97fa	c.add	x15,x30	 x15:0x800037bc x30:0x0001ccc8 x15=0x80020484
        2485000	       149	800001dc	8389	c.srli	x15,0x2	 x15:0x80020484 x15=0x20008121
        2495000	       150	800001de	3bc79073	csrrw	x0,pmpaddr12,x15	 x15:0x20008121  x0=0x00000000
        2525000	       153	800001e2	00003797	auipc	x15,0x3	 x15=0x800031e2
        2535000	       154	800001e6	5da78793	addi	x15,x15,1498	 x15:0x800031e2 x15=0x800037bc
        2545000	       155	800001ea	6f7d	c.lui	x30,0x1f	 x30=0x0001f000
        2555000	       156	800001ec	32ef0f13	addi	x30,x30,814	 x30:0x0001f000 x30=0x0001f32e
        2565000	       157	800001f0	97fa	c.add	x15,x30	 x15:0x800037bc x30:0x0001f32e x15=0x80022aea
        2575000	       158	800001f2	8389	c.srli	x15,0x2	 x15:0x80022aea x15=0x20008aba
        2585000	       159	800001f4	3bd79073	csrrw	x0,pmpaddr13,x15	 x15:0x20008aba  x0=0x00000000
        2615000	       162	800001f8	00003797	auipc	x15,0x3	 x15=0x800031f8
        2625000	       163	800001fc	5c478793	addi	x15,x15,1476	 x15:0x800031f8 x15=0x800037bc
        2635000	       164	80000200	00022f37	lui	x30,0x22	 x30=0x00022000
        2645000	       165	80000204	994f0f13	addi	x30,x30,-1644	 x30:0x00022000 x30=0x00021994
        2655000	       166	80000208	97fa	c.add	x15,x30	 x15:0x800037bc x30:0x00021994 x15=0x80025150
        2665000	       167	8000020a	8389	c.srli	x15,0x2	 x15:0x80025150 x15=0x20009454
        2675000	       168	8000020c	3be79073	csrrw	x0,pmpaddr14,x15	 x15:0x20009454  x0=0x00000000
        2705000	       171	80000210	00003797	auipc	x15,0x3	 x15=0x80003210
        2715000	       172	80000214	5ac78793	addi	x15,x15,1452	 x15:0x80003210 x15=0x800037bc
        2725000	       173	80000218	00024f37	lui	x30,0x24	 x30=0x00024000
        2735000	       174	8000021c	1f69	c.addi	x30,-6	 x30:0x00024000 x30=0x00023ffa
        2745000	       175	8000021e	97fa	c.add	x15,x30	 x15:0x800037bc x30:0x00023ffa x15=0x800277b6
        2755000	       176	80000220	8389	c.srli	x15,0x2	 x15:0x800277b6 x15=0x20009ded
        2765000	       177	80000222	3bf79073	csrrw	x0,pmpaddr15,x15	 x15:0x20009ded  x0=0x00000000
        2795000	       180	80000226	0f0f17b7	lui	x15,0xf0f1	 x15=0x0f0f1000
        2805000	       181	8000022a	f0f78793	addi	x15,x15,-241	 x15:0x0f0f1000 x15=0x0f0f0f0f
        2815000	       182	8000022e	3a379073	csrrw	x0,pmpcfg3,x15	 x15:0x0f0f0f0f  x0=0x00000000
        2845000	       185	80000232	74705073	csrrwi	x0,0x747,0	  x0=0x00000000
        2875000	       188	80000236	6daf87b7	lui	x15,0x6daf8	 x15=0x6daf8000
        2885000	       189	8000023a	6a678793	addi	x15,x15,1702	 x15:0x6daf8000 x15=0x6daf86a6
        2895000	       190	8000023e	00003917	auipc	x18,0x3	 x18=0x8000323e
        2905000	       191	80000242	57e90913	addi	x18,x18,1406	 x18:0x8000323e x18=0x800037bc
        2915000	       192	80000246	97ca	c.add	x15,x18	 x15:0x6daf86a6 x18:0x800037bc x15=0xedafbe62
        2925000	       193	80000248	3b0797f3	csrrw	x15,pmpaddr0,x15	 x15:0xedafbe62 x15=0x20000def
        2955000	       196	8000024c	3b0797f3	csrrw	x15,pmpaddr0,x15	 x15:0x20000def x15=0xedafbe62
        2985000	       199	80000250	5b5047b7	lui	x15,0x5b504	 x15=0x5b504000
        2995000	       200	80000254	70f78793	addi	x15,x15,1807	 x15:0x5b504000 x15=0x5b50470f
        3005000	       201	80000258	3a0797f3	csrrw	x15,pmpcfg0,x15	 x15:0x5b50470f x15=0x0f0f0f0f
        3035000	       204	8000025c	3a0797f3	csrrw	x15,pmpcfg0,x15	 x15:0x0f0f0f0f x15=0x1b10070f
        3065000	       207	80000260	4b3f07b7	lui	x15,0x4b3f0	 x15=0x4b3f0000
        3075000	       208	80000264	65878793	addi	x15,x15,1624	 x15:0x4b3f0000 x15=0x4b3f0658
        3085000	       209	80000268	00003917	auipc	x18,0x3	 x18=0x80003268
        3095000	       210	8000026c	55490913	addi	x18,x18,1364	 x18:0x80003268 x18=0x800037bc
        3105000	       211	80000270	97ca	c.add	x15,x18	 x15:0x4b3f0658 x18:0x800037bc x15=0xcb3f3e14
        3115000	       212	80000272	3b1797f3	csrrw	x15,pmpaddr1,x15	 x15:0xcb3f3e14 x15=0x20001788
        3145000	       215	80000276	3b1797f3	csrrw	x15,pmpaddr1,x15	 x15:0x20001788 x15=0xcb3f3e14
        3175000	       218	8000027a	344d37b7	lui	x15,0x344d3	 x15=0x344d3000
        3185000	       219	8000027e	90f78793	addi	x15,x15,-1777	 x15:0x344d3000 x15=0x344d290f
        3195000	       220	80000282	3a0797f3	csrrw	x15,pmpcfg0,x15	 x15:0x344d290f x15=0x0f0f0f0f
        3225000	       223	80000286	3a0797f3	csrrw	x15,pmpcfg0,x15	 x15:0x0f0f0f0f x15=0x140d090f
        3255000	       226	8000028a	021c57b7	lui	x15,0x21c5	 x15=0x021c5000
        3265000	       227	8000028e	48178793	addi	x15,x15,1153	 x15:0x021c5000 x15=0x021c5481
        3275000	       228	80000292	00003917	auipc	x18,0x3	 x18=0x80003292
        3285000	       229	80000296	52a90913	addi	x18,x18,1322	 x18:0x80003292 x18=0x800037bc
        3295000	       230	8000029a	97ca	c.add	x15,x18	 x15:0x021c5481 x18:0x800037bc x15=0x821c8c3d
        3305000	       231	8000029c	3b2797f3	csrrw	x15,pmpaddr2,x15	 x15:0x821c8c3d x15=0x20002122
        3335000	       234	800002a0	3b2797f3	csrrw	x15,pmpaddr2,x15	 x15:0x20002122 x15=0x821c8c3d
        3365000	       237	800002a4	1b6837b7	lui	x15,0x1b683	 x15=0x1b683000
        3375000	       238	800002a8	c0f78793	addi	x15,x15,-1009	 x15:0x1b683000 x15=0x1b682c0f
        3385000	       239	800002ac	3a0797f3	csrrw	x15,pmpcfg0,x15	 x15:0x1b682c0f x15=0x0f0f0f0f
        3415000	       242	800002b0	3a0797f3	csrrw	x15,pmpcfg0,x15	 x15:0x0f0f0f0f x15=0x1b080c0f
        3445000	       245	800002b4	0473e7b7	lui	x15,0x473e	 x15=0x0473e000
        3455000	       246	800002b8	99978793	addi	x15,x15,-1639	 x15:0x0473e000 x15=0x0473d999
        3465000	       247	800002bc	00003917	auipc	x18,0x3	 x18=0x800032bc
        3475000	       248	800002c0	50090913	addi	x18,x18,1280	 x18:0x800032bc x18=0x800037bc
        3485000	       249	800002c4	97ca	c.add	x15,x18	 x15:0x0473d999 x18:0x800037bc x15=0x84741155
        3495000	       250	800002c6	3b3797f3	csrrw	x15,pmpaddr3,x15	 x15:0x84741155 x15=0x20002abb
        3525000	       253	800002ca	3b3797f3	csrrw	x15,pmpaddr3,x15	 x15:0x20002abb x15=0x84741155
        3555000	       256	800002ce	137037b7	lui	x15,0x13703	 x15=0x13703000
        3565000	       257	800002d2	07bd	c.addi	x15,15	 x15:0x13703000 x15=0x1370300f
        3575000	       258	800002d4	3a0797f3	csrrw	x15,pmpcfg0,x15	 x15:0x1370300f x15=0x0f0f0f0f
        3605000	       261	800002d8	3a0797f3	csrrw	x15,pmpcfg0,x15	 x15:0x0f0f0f0f x15=0x1310100f
        3635000	       264	800002dc	2289e7b7	lui	x15,0x2289e	 x15=0x2289e000
        3645000	       265	800002e0	77778793	addi	x15,x15,1911	 x15:0x2289e000 x15=0x2289e777
        3655000	       266	800002e4	00003917	auipc	x18,0x3	 x18=0x800032e4
        3665000	       267	800002e8	4d890913	addi	x18,x18,1240	 x18:0x800032e4 x18=0x800037bc
        3675000	       268	800002ec	97ca	c.add	x15,x18	 x15:0x2289e777 x18:0x800037bc x15=0xa28a1f33
        3685000	       269	800002ee	3b4797f3	csrrw	x15,pmpaddr4,x15	 x15:0xa28a1f33 x15=0x20003455
        3715000	       272	800002f2	3b4797f3	csrrw	x15,pmpaddr4,x15	 x15:0x20003455 x15=0xa28a1f33
        3745000	       275	800002f6	372b57b7	lui	x15,0x372b5	 x15=0x372b5000
        3755000	       276	800002fa	87578793	addi	x15,x15,-1931	 x15:0x372b5000 x15=0x372b4875
        3765000	       277	800002fe	3a1797f3	csrrw	x15,pmpcfg1,x15	 x15:0x372b4875 x15=0x0f0f0f0f
        3795000	       280	80000302	3a1797f3	csrrw	x15,pmpcfg1,x15	 x15:0x0f0f0f0f x15=0x170b0815
        3825000	       283	80000306	58bb87b7	lui	x15,0x58bb8	 x15=0x58bb8000
        3835000	       284	8000030a	81b78793	addi	x15,x15,-2021	 x15:0x58bb8000 x15=0x58bb781b
        3845000	       285	8000030e	00003917	auipc	x18,0x3	 x18=0x8000330e
        3855000	       286	80000312	4ae90913	addi	x18,x18,1198	 x18:0x8000330e x18=0x800037bc
        3865000	       287	80000316	97ca	c.add	x15,x18	 x15:0x58bb781b x18:0x800037bc x15=0xd8bbafd7
        3875000	       288	80000318	3b5797f3	csrrw	x15,pmpaddr5,x15	 x15:0xd8bbafd7 x15=0x20003dee
        3905000	       291	8000031c	3b5797f3	csrrw	x15,pmpaddr5,x15	 x15:0x20003dee x15=0xd8bbafd7
        3935000	       294	80000320	5b4747b7	lui	x15,0x5b474	 x15=0x5b474000
        3945000	       295	80000324	f5578793	addi	x15,x15,-171	 x15:0x5b474000 x15=0x5b473f55
        3955000	       296	80000328	3a1797f3	csrrw	x15,pmpcfg1,x15	 x15:0x5b473f55 x15=0x0f0f0f0f
        3985000	       299	8000032c	3a1797f3	csrrw	x15,pmpcfg1,x15	 x15:0x0f0f0f0f x15=0x1b071f15
        4015000	       302	80000330	333597b7	lui	x15,0x33359	 x15=0x33359000
        4025000	       303	80000334	74078793	addi	x15,x15,1856	 x15:0x33359000 x15=0x33359740
        4035000	       304	80000338	00003917	auipc	x18,0x3	 x18=0x80003338
        4045000	       305	8000033c	48490913	addi	x18,x18,1156	 x18:0x80003338 x18=0x800037bc
        4055000	       306	80000340	97ca	c.add	x15,x18	 x15:0x33359740 x18:0x800037bc x15=0xb335cefc
        4065000	       307	80000342	3b6797f3	csrrw	x15,pmpaddr6,x15	 x15:0xb335cefc x15=0x20004788
        4095000	       310	80000346	3b6797f3	csrrw	x15,pmpaddr6,x15	 x15:0x20004788 x15=0xb335cefc
        4125000	       313	8000034a	5f4387b7	lui	x15,0x5f438	 x15=0x5f438000
        4135000	       314	8000034e	85b78793	addi	x15,x15,-1957	 x15:0x5f438000 x15=0x5f43785b
        4145000	       315	80000352	3a1797f3	csrrw	x15,pmpcfg1,x15	 x15:0x5f43785b x15=0x0f0f0f0f
        4175000	       318	80000356	3a1797f3	csrrw	x15,pmpcfg1,x15	 x15:0x0f0f0f0f x15=0x1f03181b
        4205000	       321	8000035a	037407b7	lui	x15,0x3740	 x15=0x03740000
        4215000	       322	8000035e	29f78793	addi	x15,x15,671	 x15:0x03740000 x15=0x0374029f
        4225000	       323	80000362	00003917	auipc	x18,0x3	 x18=0x80003362
        4235000	       324	80000366	45a90913	addi	x18,x18,1114	 x18:0x80003362 x18=0x800037bc
        4245000	       325	8000036a	97ca	c.add	x15,x18	 x15:0x0374029f x18:0x800037bc x15=0x83743a5b
        4255000	       326	8000036c	3b7797f3	csrrw	x15,pmpaddr7,x15	 x15:0x83743a5b x15=0x20005121
        4285000	       329	80000370	3b7797f3	csrrw	x15,pmpaddr7,x15	 x15:0x20005121 x15=0x83743a5b
        4315000	       332	80000374	475917b7	lui	x15,0x47591	 x15=0x47591000
        4325000	       333	80000378	b5978793	addi	x15,x15,-1191	 x15:0x47591000 x15=0x47590b59
        4335000	       334	8000037c	3a1797f3	csrrw	x15,pmpcfg1,x15	 x15:0x47590b59 x15=0x0f0f0f0f
        4365000	       337	80000380	3a1797f3	csrrw	x15,pmpcfg1,x15	 x15:0x0f0f0f0f x15=0x07190b19
        4395000	       340	80000384	637b57b7	lui	x15,0x637b5	 x15=0x637b5000
        4405000	       341	80000388	d0278793	addi	x15,x15,-766	 x15:0x637b5000 x15=0x637b4d02
        4415000	       342	8000038c	00003917	auipc	x18,0x3	 x18=0x8000338c
        4425000	       343	80000390	43090913	addi	x18,x18,1072	 x18:0x8000338c x18=0x800037bc
        4435000	       344	80000394	97ca	c.add	x15,x18	 x15:0x637b4d02 x18:0x800037bc x15=0xe37b84be
        4445000	       345	80000396	3b8797f3	csrrw	x15,pmpaddr8,x15	 x15:0xe37b84be x15=0x20005abb
        4475000	       348	8000039a	3b8797f3	csrrw	x15,pmpaddr8,x15	 x15:0x20005abb x15=0xe37b84be
        4505000	       351	8000039e	032067b7	lui	x15,0x3206	 x15=0x03206000
        4515000	       352	800003a2	f4b78793	addi	x15,x15,-181	 x15:0x03206000 x15=0x03205f4b
        4525000	       353	800003a6	3a2797f3	csrrw	x15,pmpcfg2,x15	 x15:0x03205f4b x15=0x0f0f0f0f
        4555000	       356	800003aa	3a2797f3	csrrw	x15,pmpcfg2,x15	 x15:0x0f0f0f0f x15=0x03001f0b
        4585000	       359	800003ae	42d797b7	lui	x15,0x42d79	 x15=0x42d79000
        4595000	       360	800003b2	07b9	c.addi	x15,14	 x15:0x42d79000 x15=0x42d7900e
        4605000	       361	800003b4	00003917	auipc	x18,0x3	 x18=0x800033b4
        4615000	       362	800003b8	40890913	addi	x18,x18,1032	 x18:0x800033b4 x18=0x800037bc
        4625000	       363	800003bc	97ca	c.add	x15,x18	 x15:0x42d7900e x18:0x800037bc x15=0xc2d7c7ca
        4635000	       364	800003be	3b9797f3	csrrw	x15,pmpaddr9,x15	 x15:0xc2d7c7ca x15=0x20006454
        4665000	       367	800003c2	3b9797f3	csrrw	x15,pmpaddr9,x15	 x15:0x20006454 x15=0xc2d7c7ca
        4695000	       370	800003c6	2f7c27b7	lui	x15,0x2f7c2	 x15=0x2f7c2000
        4705000	       371	800003ca	45b78793	addi	x15,x15,1115	 x15:0x2f7c2000 x15=0x2f7c245b
        4715000	       372	800003ce	3a2797f3	csrrw	x15,pmpcfg2,x15	 x15:0x2f7c245b x15=0x0f0f0f0f
        4745000	       375	800003d2	3a2797f3	csrrw	x15,pmpcfg2,x15	 x15:0x0f0f0f0f x15=0x0f1c041b
        4775000	       378	800003d6	795287b7	lui	x15,0x79528	 x15=0x79528000
        4785000	       379	800003da	8ce78793	addi	x15,x15,-1842	 x15:0x79528000 x15=0x795278ce
        4795000	       380	800003de	00003917	auipc	x18,0x3	 x18=0x800033de
        4805000	       381	800003e2	3de90913	addi	x18,x18,990	 x18:0x800033de x18=0x800037bc
        4815000	       382	800003e6	97ca	c.add	x15,x18	 x15:0x795278ce x18:0x800037bc x15=0xf952b08a
        4825000	       383	800003e8	3ba797f3	csrrw	x15,pmpaddr10,x15	 x15:0xf952b08a x15=0x20006dee
        4855000	       386	800003ec	3ba797f3	csrrw	x15,pmpaddr10,x15	 x15:0x20006dee x15=0xf952b08a
        4885000	       389	800003f0	042127b7	lui	x15,0x4212	 x15=0x04212000
        4895000	       390	800003f4	92c78793	addi	x15,x15,-1748	 x15:0x04212000 x15=0x0421192c
        4905000	       391	800003f8	3a2797f3	csrrw	x15,pmpcfg2,x15	 x15:0x0421192c x15=0x0f0f0f0f
        4935000	       394	800003fc	3a2797f3	csrrw	x15,pmpcfg2,x15	 x15:0x0f0f0f0f x15=0x0401190c
        4965000	       397	80000400	1b7847b7	lui	x15,0x1b784	 x15=0x1b784000
        4975000	       398	80000404	b0178793	addi	x15,x15,-1279	 x15:0x1b784000 x15=0x1b783b01
        4985000	       399	80000408	00003917	auipc	x18,0x3	 x18=0x80003408
        4995000	       400	8000040c	3b490913	addi	x18,x18,948	 x18:0x80003408 x18=0x800037bc
        5005000	       401	80000410	97ca	c.add	x15,x18	 x15:0x1b783b01 x18:0x800037bc x15=0x9b7872bd
        5015000	       402	80000412	3bb797f3	csrrw	x15,pmpaddr11,x15	 x15:0x9b7872bd x15=0x20007787
        5045000	       405	80000416	3bb797f3	csrrw	x15,pmpaddr11,x15	 x15:0x20007787 x15=0x9b7872bd
        5075000	       408	8000041a	015457b7	lui	x15,0x1545	 x15=0x01545000
        5085000	       409	8000041e	83078793	addi	x15,x15,-2000	 x15:0x01545000 x15=0x01544830
        5095000	       410	80000422	3a2797f3	csrrw	x15,pmpcfg2,x15	 x15:0x01544830 x15=0x0f0f0f0f
        5125000	       413	80000426	3a2797f3	csrrw	x15,pmpcfg2,x15	 x15:0x0f0f0f0f x15=0x01140810
        5155000	       416	8000042a	0ccdb7b7	lui	x15,0xccdb	 x15=0x0ccdb000
        5165000	       417	8000042e	72378793	addi	x15,x15,1827	 x15:0x0ccdb000 x15=0x0ccdb723
        5175000	       418	80000432	00003917	auipc	x18,0x3	 x18=0x80003432
        5185000	       419	80000436	38a90913	addi	x18,x18,906	 x18:0x80003432 x18=0x800037bc
        5195000	       420	8000043a	97ca	c.add	x15,x18	 x15:0x0ccdb723 x18:0x800037bc x15=0x8ccdeedf
        5205000	       421	8000043c	3bc797f3	csrrw	x15,pmpaddr12,x15	 x15:0x8ccdeedf x15=0x20008121
        5235000	       424	80000440	3bc797f3	csrrw	x15,pmpaddr12,x15	 x15:0x20008121 x15=0x8ccdeedf
        5265000	       427	80000444	713d17b7	lui	x15,0x713d1	 x15=0x713d1000
        5275000	       428	80000448	c1f78793	addi	x15,x15,-993	 x15:0x713d1000 x15=0x713d0c1f
        5285000	       429	8000044c	3a3797f3	csrrw	x15,pmpcfg3,x15	 x15:0x713d0c1f x15=0x0f0f0f0f
        5315000	       432	80000450	3a3797f3	csrrw	x15,pmpcfg3,x15	 x15:0x0f0f0f0f x15=0x111d0c1f
        5345000	       435	80000454	0bc9e7b7	lui	x15,0xbc9e	 x15=0x0bc9e000
        5355000	       436	80000458	f3b78793	addi	x15,x15,-197	 x15:0x0bc9e000 x15=0x0bc9df3b
        5365000	       437	8000045c	00003917	auipc	x18,0x3	 x18=0x8000345c
        5375000	       438	80000460	36090913	addi	x18,x18,864	 x18:0x8000345c x18=0x800037bc
        5385000	       439	80000464	97ca	c.add	x15,x18	 x15:0x0bc9df3b x18:0x800037bc x15=0x8bca16f7
        5395000	       440	80000466	3bd797f3	csrrw	x15,pmpaddr13,x15	 x15:0x8bca16f7 x15=0x20008aba
        5425000	       443	8000046a	3bd797f3	csrrw	x15,pmpaddr13,x15	 x15:0x20008aba x15=0x8bca16f7
        5455000	       446	8000046e	2f5327b7	lui	x15,0x2f532	 x15=0x2f532000
        5465000	       447	80000472	f5d78793	addi	x15,x15,-163	 x15:0x2f532000 x15=0x2f531f5d
        5475000	       448	80000476	3a3797f3	csrrw	x15,pmpcfg3,x15	 x15:0x2f531f5d x15=0x0f0f0f0f
        5505000	       451	8000047a	3a3797f3	csrrw	x15,pmpcfg3,x15	 x15:0x0f0f0f0f x15=0x0f131f1d
        5535000	       454	8000047e	339a27b7	lui	x15,0x339a2	 x15=0x339a2000
        5545000	       455	80000482	66878793	addi	x15,x15,1640	 x15:0x339a2000 x15=0x339a2668
        5555000	       456	80000486	00003917	auipc	x18,0x3	 x18=0x80003486
        5565000	       457	8000048a	33690913	addi	x18,x18,822	 x18:0x80003486 x18=0x800037bc
        5575000	       458	8000048e	97ca	c.add	x15,x18	 x15:0x339a2668 x18:0x800037bc x15=0xb39a5e24
        5585000	       459	80000490	3be797f3	csrrw	x15,pmpaddr14,x15	 x15:0xb39a5e24 x15=0x20009454
        5615000	       462	80000494	3be797f3	csrrw	x15,pmpaddr14,x15	 x15:0x20009454 x15=0xb39a5e24
        5645000	       465	80000498	384007b7	lui	x15,0x38400	 x15=0x38400000
        5655000	       466	8000049c	34978793	addi	x15,x15,841	 x15:0x38400000 x15=0x38400349
        5665000	       467	800004a0	3a3797f3	csrrw	x15,pmpcfg3,x15	 x15:0x38400349 x15=0x0f0f0f0f
        5695000	       470	800004a4	3a3797f3	csrrw	x15,pmpcfg3,x15	 x15:0x0f0f0f0f x15=0x18000309
        5725000	       473	800004a8	2f9787b7	lui	x15,0x2f978	 x15=0x2f978000
        5735000	       474	800004ac	72b78793	addi	x15,x15,1835	 x15:0x2f978000 x15=0x2f97872b
        5745000	       475	800004b0	00003917	auipc	x18,0x3	 x18=0x800034b0
        5755000	       476	800004b4	30c90913	addi	x18,x18,780	 x18:0x800034b0 x18=0x800037bc
        5765000	       477	800004b8	97ca	c.add	x15,x18	 x15:0x2f97872b x18:0x800037bc x15=0xaf97bee7
        5775000	       478	800004ba	3bf797f3	csrrw	x15,pmpaddr15,x15	 x15:0xaf97bee7 x15=0x20009ded
        5805000	       481	800004be	3bf797f3	csrrw	x15,pmpaddr15,x15	 x15:0x20009ded x15=0xaf97bee7
        5835000	       484	800004c2	394b07b7	lui	x15,0x394b0	 x15=0x394b0000
        5845000	       485	800004c6	71578793	addi	x15,x15,1813	 x15:0x394b0000 x15=0x394b0715
        5855000	       486	800004ca	3a3797f3	csrrw	x15,pmpcfg3,x15	 x15:0x394b0715 x15=0x0f0f0f0f
        5885000	       489	800004ce	3a3797f3	csrrw	x15,pmpcfg3,x15	 x15:0x0f0f0f0f x15=0x190b0715
        5915000	       492	800004d2	00000f17	auipc	x30,0x0	 x30=0x800004d2
        5925000	       493	800004d6	05af0f13	addi	x30,x30,90	 x30:0x800004d2 x30=0x8000052c
        5935000	       494	800004da	341f1073	csrrw	x0,mepc,x30	 x30:0x8000052c  x0=0x00000000
        5945000	       495	800004de	7c00d073	csrrwi	x0,0x7c0,1	  x0=0x00000000
        5975000	       498	800004e2	00022f37	lui	x30,0x22	 x30=0x00022000
        5985000	       499	800004e6	800f0f13	addi	x30,x30,-2048	 x30:0x00022000 x30=0x00021800
        5995000	       500	800004ea	300f1073	csrrw	x0,mstatus,x30	 x30:0x00021800  x0=0x00000000
        6025000	       503	800004ee	4f01	c.li	x30,0	 x30=0x00000000
        6035000	       504	800004f0	304f1073	csrrw	x0,mie,x30	 x30:0x00000000  x0=0x00000000
        6065000	       507	800004f4	90000c37	lui	x24,0x90000	 x24=0x90000000
        6075000	       508	800004f8	1c71	c.addi	x24,-4	 x24:0x90000000 x24=0x8ffffffc
        6085000	       509	800004fa	30000f13	addi	x30,x0,768	  x0:0x00000000 x30=0x00000300
        6095000	       510	800004fe	0f22	c.slli	x30,0x8	 x30:0x00000300 x30=0x00030000
        6105000	       511	80000500	0f0d	c.addi	x30,3	 x30:0x00030000 x30=0x00030003
        6115000	       512	80000502	01ec2023	sw	x30,0(x24)	 x24:0x8ffffffc x30:0x00030003 PA:0x8ffffffc store:0x00030003 load:0x00000000
        6125000	       513	80000506	30002f73	csrrs	x30,mstatus,x0	  x0:0x00000000 x30=0x00021800
        6135000	       514	8000050a	01ec2023	sw	x30,0(x24)	 x24:0x8ffffffc x30:0x00021800 PA:0x8ffffffc store:0x00021800 load:0x00000000
        6145000	       515	8000050e	90000c37	lui	x24,0x90000	 x24=0x90000000
        6155000	       516	80000512	1c71	c.addi	x24,-4	 x24:0x90000000 x24=0x8ffffffc
        6165000	       517	80000514	30400f13	addi	x30,x0,772	  x0:0x00000000 x30=0x00000304
        6175000	       518	80000518	0f22	c.slli	x30,0x8	 x30:0x00000304 x30=0x00030400
        6185000	       519	8000051a	0f0d	c.addi	x30,3	 x30:0x00030400 x30=0x00030403
        6195000	       520	8000051c	01ec2023	sw	x30,0(x24)	 x24:0x8ffffffc x30:0x00030403 PA:0x8ffffffc store:0x00030403 load:0x00000000
        6205000	       521	80000520	30402f73	csrrs	x30,mie,x0	  x0:0x00000000 x30=0x00000000
        6215000	       522	80000524	01ec2023	sw	x30,0(x24)	 x24:0x8ffffffc x30:0x00000000 PA:0x8ffffffc store:0x00000000 load:0x00000000
        6225000	       523	80000528	30200073	mret	
        6255000	       526	8000052c	00000013	addi	x0,x0,0	  x0:0x00000000  x0=0x00000000
        6265000	       527	80000530	800000b7	lui	x1,0x80000	  x1=0x80000000
        6275000	       528	80000534	f5e9e137	lui	x2,0xf5e9e	  x2=0xf5e9e000
        6285000	       529	80000538	95810113	addi	x2,x2,-1704	  x2:0xf5e9e000  x2=0xf5e9d958
        6295000	       530	8000053c	4181	c.li	x3,0	  x3=0x00000000
        6305000	       531	8000053e	f9b9f237	lui	x4,0xf9b9f	  x4=0xf9b9f000
        6315000	       532	80000542	91a20213	addi	x4,x4,-1766	  x4:0xf9b9f000  x4=0xf9b9e91a
        6325000	       533	80000546	8e465337	lui	x6,0x8e465	  x6=0x8e465000
        6335000	       534	8000054a	bfa30313	addi	x6,x6,-1030	  x6:0x8e465000  x6=0x8e464bfa
        6345000	       535	8000054e	43a9	c.li	x7,10	  x7=0x0000000a
        6355000	       536	80000550	4409	c.li	x8,2	  x8=0x00000002
        6365000	       537	80000552	239524b7	lui	x9,0x23952	  x9=0x23952000
        6375000	       538	80000556	03148493	addi	x9,x9,49	  x9:0x23952000  x9=0x23952031
        6385000	       539	8000055a	4501	c.li	x10,0	 x10=0x00000000
        6395000	       540	8000055c	4581	c.li	x11,0	 x11=0x00000000
        6405000	       541	8000055e	c4849637	lui	x12,0xc4849	 x12=0xc4849000
        6415000	       542	80000562	56860613	addi	x12,x12,1384	 x12:0xc4849000 x12=0xc4849568
        6425000	       543	80000566	800006b7	lui	x13,0x80000	 x13=0x80000000
        6435000	       544	8000056a	859d2737	lui	x14,0x859d2	 x14=0x859d2000
        6445000	       545	8000056e	65070713	addi	x14,x14,1616	 x14:0x859d2000 x14=0x859d2650
        6455000	       546	80000572	4781	c.li	x15,0	 x15=0x00000000
        6465000	       547	80000574	4801	c.li	x16,0	 x16=0x00000000
        6475000	       548	80000576	5e42b8b7	lui	x17,0x5e42b	 x17=0x5e42b000
        6485000	       549	8000057a	f7b88893	addi	x17,x17,-133	 x17:0x5e42b000 x17=0x5e42af7b
        6495000	       550	8000057e	c2172937	lui	x18,0xc2172	 x18=0xc2172000
        6505000	       551	80000582	e7190913	addi	x18,x18,-399	 x18:0xc2172000 x18=0xc2171e71
        6515000	       552	80000586	98df89b7	lui	x19,0x98df8	 x19=0x98df8000
        6525000	       553	8000058a	27e98993	addi	x19,x19,638	 x19:0x98df8000 x19=0x98df827e
        6535000	       554	8000058e	4dddea37	lui	x20,0x4ddde	 x20=0x4ddde000
        6545000	       555	80000592	1c9a0a13	addi	x20,x20,457	 x20:0x4ddde000 x20=0x4ddde1c9
        6555000	       556	80000596	4ab9	c.li	x21,14	 x21=0x0000000e
        6565000	       557	80000598	4b01	c.li	x22,0	 x22=0x00000000
        6575000	       558	8000059a	7b89fc37	lui	x24,0x7b89f	 x24=0x7b89f000
        6585000	       559	8000059e	5f0c0c13	addi	x24,x24,1520	 x24:0x7b89f000 x24=0x7b89f5f0
        6595000	       560	800005a2	4c81	c.li	x25,0	 x25=0x00000000
        6605000	       561	800005a4	4d19	c.li	x26,6	 x26=0x00000006
        6615000	       562	800005a6	fe154db7	lui	x27,0xfe154	 x27=0xfe154000
        6625000	       563	800005aa	eaad8d93	addi	x27,x27,-342	 x27:0xfe154000 x27=0xfe153eaa
        6635000	       564	800005ae	80000e37	lui	x28,0x80000	 x28=0x80000000
        6645000	       565	800005b2	fda54eb7	lui	x29,0xfda54	 x29=0xfda54000
        6655000	       566	800005b6	eece8e93	addi	x29,x29,-276	 x29:0xfda54000 x29=0xfda53eec
        6665000	       567	800005ba	d4aeef37	lui	x30,0xd4aee	 x30=0xd4aee000
        6675000	       568	800005be	4d8f0f13	addi	x30,x30,1240	 x30:0xd4aee000 x30=0xd4aee4d8
        6685000	       569	800005c2	80000fb7	lui	x31,0x80000	 x31=0x80000000
        6695000	       570	800005c6	00029b97	auipc	x23,0x29	 x23=0x800295c6
        6705000	       571	800005ca	89eb8b93	addi	x23,x23,-1890	 x23:0x800295c6 x23=0x80028e64
        6715000	       572	800005ce	90000c37	lui	x24,0x90000	 x24=0x90000000
        6725000	       573	800005d2	1c71	c.addi	x24,-4	 x24:0x90000000 x24=0x8ffffffc
        6735000	       574	800005d4	4f01	c.li	x30,0	 x30=0x00000000
        6745000	       575	800005d6	0f22	c.slli	x30,0x8	 x30:0x00000000 x30=0x00000000
        6755000	       576	800005d8	000f0f13	addi	x30,x30,0	 x30:0x00000000 x30=0x00000000
        6775000	       578	800005dc	01ec2023	sw	x30,0(x24)	 x24:0x8ffffffc x30:0x00000000 PA:0x8ffffffc store:0x00000000 load:0x00000000
        6815000	       582	80002a00	0800006f	jal	x0,80002a80	  x0=0x00000000
        6835000	       584	80002a80	12f1	c.addi	x5,-4	  x5:0x8002cce4  x5=0x8002cce0
        6845000	       585	80002a82	0172a023	sw	x23,0(x5)	  x5:0x8002cce0 x23:0x80028e64 PA:0x8002cce0 store:0x80028e64 load:0x00000000
        6855000	       586	80002a86	00028bb3	add	x23,x5,x0	  x5:0x8002cce0  x0:0x00000000 x23=0x8002cce0
        6865000	       587	80002a8a	f80b8b93	addi	x23,x23,-128	 x23:0x8002cce0 x23=0x8002cc60
        6875000	       588	80002a8e	001ba223	sw	x1,4(x23)	 x23:0x8002cc60  x1:0x80000000 PA:0x8002cc64 store:0x80000000 load:0x00000000
        6885000	       589	80002a92	002ba423	sw	x2,8(x23)	 x23:0x8002cc60  x2:0xf5e9d958 PA:0x8002cc68 store:0xf5e9d958 load:0x00000000
        6895000	       590	80002a96	003ba623	sw	x3,12(x23)	 x23:0x8002cc60  x3:0x00000000 PA:0x8002cc6c store:0x00000000 load:0x00000000
        6905000	       591	80002a9a	004ba823	sw	x4,16(x23)	 x23:0x8002cc60  x4:0xf9b9e91a PA:0x8002cc70 store:0xf9b9e91a load:0x00000000
        6915000	       592	80002a9e	005baa23	sw	x5,20(x23)	 x23:0x8002cc60  x5:0x8002cce0 PA:0x8002cc74 store:0x8002cce0 load:0x00000000
        6925000	       593	80002aa2	006bac23	sw	x6,24(x23)	 x23:0x8002cc60  x6:0x8e464bfa PA:0x8002cc78 store:0x8e464bfa load:0x00000000
        6935000	       594	80002aa6	007bae23	sw	x7,28(x23)	 x23:0x8002cc60  x7:0x0000000a PA:0x8002cc7c store:0x0000000a load:0x00000000
        6945000	       595	80002aaa	028ba023	sw	x8,32(x23)	 x23:0x8002cc60  x8:0x00000002 PA:0x8002cc80 store:0x00000002 load:0x00000000
        6955000	       596	80002aae	029ba223	sw	x9,36(x23)	 x23:0x8002cc60  x9:0x23952031 PA:0x8002cc84 store:0x23952031 load:0x00000000
        6965000	       597	80002ab2	02aba423	sw	x10,40(x23)	 x23:0x8002cc60 x10:0x00000000 PA:0x8002cc88 store:0x00000000 load:0x00000000
        6975000	       598	80002ab6	02bba623	sw	x11,44(x23)	 x23:0x8002cc60 x11:0x00000000 PA:0x8002cc8c store:0x00000000 load:0x00000000
        6985000	       599	80002aba	02cba823	sw	x12,48(x23)	 x23:0x8002cc60 x12:0xc4849568 PA:0x8002cc90 store:0xc4849568 load:0x00000000
        6995000	       600	80002abe	02dbaa23	sw	x13,52(x23)	 x23:0x8002cc60 x13:0x80000000 PA:0x8002cc94 store:0x80000000 load:0x00000000
        7005000	       601	80002ac2	02ebac23	sw	x14,56(x23)	 x23:0x8002cc60 x14:0x859d2650 PA:0x8002cc98 store:0x859d2650 load:0x00000000
        7015000	       602	80002ac6	02fbae23	sw	x15,60(x23)	 x23:0x8002cc60 x15:0x00000000 PA:0x8002cc9c store:0x00000000 load:0x00000000
        7025000	       603	80002aca	050ba023	sw	x16,64(x23)	 x23:0x8002cc60 x16:0x00000000 PA:0x8002cca0 store:0x00000000 load:0x00000000
        7035000	       604	80002ace	051ba223	sw	x17,68(x23)	 x23:0x8002cc60 x17:0x5e42af7b PA:0x8002cca4 store:0x5e42af7b load:0x00000000
        7045000	       605	80002ad2	052ba423	sw	x18,72(x23)	 x23:0x8002cc60 x18:0xc2171e71 PA:0x8002cca8 store:0xc2171e71 load:0x00000000
        7055000	       606	80002ad6	053ba623	sw	x19,76(x23)	 x23:0x8002cc60 x19:0x98df827e PA:0x8002ccac store:0x98df827e load:0x00000000
        7065000	       607	80002ada	054ba823	sw	x20,80(x23)	 x23:0x8002cc60 x20:0x4ddde1c9 PA:0x8002ccb0 store:0x4ddde1c9 load:0x00000000
        7075000	       608	80002ade	055baa23	sw	x21,84(x23)	 x23:0x8002cc60 x21:0x0000000e PA:0x8002ccb4 store:0x0000000e load:0x00000000
        7085000	       609	80002ae2	056bac23	sw	x22,88(x23)	 x23:0x8002cc60 x22:0x00000000 PA:0x8002ccb8 store:0x00000000 load:0x00000000
        7095000	       610	80002ae6	057bae23	sw	x23,92(x23)	 x23:0x8002cc60 x23:0x8002cc60 PA:0x8002ccbc store:0x8002cc60 load:0x00000000
        7105000	       611	80002aea	078ba023	sw	x24,96(x23)	 x23:0x8002cc60 x24:0x8ffffffc PA:0x8002ccc0 store:0x8ffffffc load:0x00000000
        7115000	       612	80002aee	079ba223	sw	x25,100(x23)	 x23:0x8002cc60 x25:0x00000000 PA:0x8002ccc4 store:0x00000000 load:0x00000000
        7125000	       613	80002af2	07aba423	sw	x26,104(x23)	 x23:0x8002cc60 x26:0x00000006 PA:0x8002ccc8 store:0x00000006 load:0x00000000
        7135000	       614	80002af6	07bba623	sw	x27,108(x23)	 x23:0x8002cc60 x27:0xfe153eaa PA:0x8002cccc store:0xfe153eaa load:0x00000000
        7145000	       615	80002afa	07cba823	sw	x28,112(x23)	 x23:0x8002cc60 x28:0x80000000 PA:0x8002ccd0 store:0x80000000 load:0x00000000
        7155000	       616	80002afe	07dbaa23	sw	x29,116(x23)	 x23:0x8002cc60 x29:0xfda53eec PA:0x8002ccd4 store:0xfda53eec load:0x00000000
        7165000	       617	80002b02	07ebac23	sw	x30,120(x23)	 x23:0x8002cc60 x30:0x00000000 PA:0x8002ccd8 store:0x00000000 load:0x00000000
        7175000	       618	80002b06	07fbae23	sw	x31,124(x23)	 x23:0x8002cc60 x31:0x80000000 PA:0x8002ccdc store:0x80000000 load:0x00000000
        7185000	       619	80002b0a	000b82b3	add	x5,x23,x0	 x23:0x8002cc60  x0:0x00000000  x5=0x8002cc60
        7195000	       620	80002b0e	90000c37	lui	x24,0x90000	 x24=0x90000000
        7205000	       621	80002b12	1c71	c.addi	x24,-4	 x24:0x90000000 x24=0x8ffffffc
        7215000	       622	80002b14	4f21	c.li	x30,8	 x30=0x00000008
        7225000	       623	80002b16	0f22	c.slli	x30,0x8	 x30:0x00000008 x30=0x00000800
        7235000	       624	80002b18	000f0f13	addi	x30,x30,0	 x30:0x00000800 x30=0x00000800
        7245000	       625	80002b1c	01ec2023	sw	x30,0(x24)	 x24:0x8ffffffc x30:0x00000800 PA:0x8ffffffc store:0x00000800 load:0x00000000
        7255000	       626	80002b20	34102f73	csrrs	x30,mepc,x0	  x0:0x00000000 x30=0x800005dc
        7265000	       627	80002b24	34202f73	csrrs	x30,mcause,x0	  x0:0x00000000 x30=0x00000007
        7275000	       628	80002b28	4c0d	c.li	x24,3	 x24=0x00000003
        7285000	       629	80002b2a	018f1463	bne	x30,x24,80002b32	 x30:0x00000007 x24:0x00000003
        7305000	       631	80002b32	4c21	c.li	x24,8	 x24=0x00000008
        7315000	       632	80002b34	058f0d63	beq	x30,x24,80002b8e	 x30:0x00000007 x24:0x00000008
        7325000	       633	80002b38	4c25	c.li	x24,9	 x24=0x00000009
        7335000	       634	80002b3a	058f0a63	beq	x30,x24,80002b8e	 x30:0x00000007 x24:0x00000009
        7345000	       635	80002b3e	4c2d	c.li	x24,11	 x24=0x0000000b
        7355000	       636	80002b40	058f0763	beq	x30,x24,80002b8e	 x30:0x00000007 x24:0x0000000b
        7365000	       637	80002b44	4c05	c.li	x24,1	 x24=0x00000001
        7375000	       638	80002b46	358f0363	beq	x30,x24,80002e8c	 x30:0x00000007 x24:0x00000001
        7385000	       639	80002b4a	4c15	c.li	x24,5	 x24=0x00000005
        7395000	       640	80002b4c	638f0a63	beq	x30,x24,80003180	 x30:0x00000007 x24:0x00000005
        7405000	       641	80002b50	4c1d	c.li	x24,7	 x24=0x00000007
        7415000	       642	80002b52	158f0ce3	beq	x30,x24,800034aa	 x30:0x00000007 x24:0x00000007
        7445000	       645	800034aa	90000c37	lui	x24,0x90000	 x24=0x90000000
        7455000	       646	800034ae	1c71	c.addi	x24,-4	 x24:0x90000000 x24=0x8ffffffc
        7465000	       647	800034b0	4f31	c.li	x30,12	 x30=0x0000000c
        7475000	       648	800034b2	0f22	c.slli	x30,0x8	 x30:0x0000000c x30=0x00000c00
        7485000	       649	800034b4	000f0f13	addi	x30,x30,0	 x30:0x00000c00 x30=0x00000c00
        7495000	       650	800034b8	01ec2023	sw	x30,0(x24)	 x24:0x8ffffffc x30:0x00000c00 PA:0x8ffffffc store:0x00000c00 load:0x00000000
        7505000	       651	800034bc	90000c37	lui	x24,0x90000	 x24=0x90000000
        7515000	       652	800034c0	1c71	c.addi	x24,-4	 x24:0x90000000 x24=0x8ffffffc
        7525000	       653	800034c2	34200f13	addi	x30,x0,834	  x0:0x00000000 x30=0x00000342
        7535000	       654	800034c6	0f22	c.slli	x30,0x8	 x30:0x00000342 x30=0x00034200
        7545000	       655	800034c8	0f0d	c.addi	x30,3	 x30:0x00034200 x30=0x00034203
        7555000	       656	800034ca	01ec2023	sw	x30,0(x24)	 x24:0x8ffffffc x30:0x00034203 PA:0x8ffffffc store:0x00034203 load:0x00000000
        7565000	       657	800034ce	34202f73	csrrs	x30,mcause,x0	  x0:0x00000000 x30=0x00000007
        7575000	       658	800034d2	01ec2023	sw	x30,0(x24)	 x24:0x8ffffffc x30:0x00000007 PA:0x8ffffffc store:0x00000007 load:0x00000000
        7585000	       659	800034d6	4f01	c.li	x30,0	 x30=0x00000000
        7595000	       660	800034d8	8dfa	c.mv	x27,x30	  x0:0x00000000 x30:0x00000000 x27=0x00000000
        7605000	       661	800034da	4901	c.li	x18,0	 x18=0x00000000
        7615000	       662	800034dc	8f6e	c.mv	x30,x27	  x0:0x00000000 x27:0x00000000 x30=0x00000000
        7625000	       663	800034de	87fa	c.mv	x15,x30	  x0:0x00000000 x30:0x00000000 x15=0x00000000
        7635000	       664	800034e0	4781	c.li	x15,0	 x15=0x00000000
        7645000	       665	800034e2	04ff0f63	beq	x30,x15,80003540	 x30:0x00000000 x15:0x00000000
        7665000	       667	80003540	3b002c73	csrrs	x24,pmpaddr0,x0	  x0:0x00000000 x24=0x20000def
        7675000	       668	80003544	3a0028f3	csrrs	x17,pmpcfg0,x0	  x0:0x00000000 x17=0x0f0f0f0f
        7685000	       669	80003548	a861	c.j	800035e0	
        7705000	       671	800035e0	4d11	c.li	x26,4	 x26=0x00000004
        7715000	       672	800035e2	01ed9f13	slli	x30,x27,0x1e	 x27:0x00000000 x30=0x00000000
        7725000	       673	800035e6	01ef5f13	srli	x30,x30,0x1e	 x30:0x00000000 x30=0x00000000
        7735000	       674	800035ea	41ed07b3	sub	x15,x26,x30	 x26:0x00000004 x30:0x00000000 x15=0x00000004
        7745000	       675	800035ee	17fd	c.addi	x15,-1	 x15:0x00000004 x15=0x00000003
        7755000	       676	800035f0	078e	c.slli	x15,0x3	 x15:0x00000003 x15=0x00000018
        7765000	       677	800035f2	00f89d33	sll	x26,x17,x15	 x17:0x0f0f0f0f x15:0x00000018 x26=0x0f000000
        7775000	       678	800035f6	0f0e	c.slli	x30,0x3	 x30:0x00000000 x30=0x00000000
        7785000	       679	800035f8	97fa	c.add	x15,x30	 x15:0x00000018 x30:0x00000000 x15=0x00000018
        7795000	       680	800035fa	00fd5d33	srl	x26,x26,x15	 x26:0x0f000000 x15:0x00000018 x26=0x0000000f
        7805000	       681	800035fe	01bd1793	slli	x15,x26,0x1b	 x26:0x0000000f x15=0x78000000
        7815000	       682	80003602	83f9	c.srli	x15,0x1e	 x15:0x78000000 x15=0x00000001
        7825000	       683	80003604	c7a1	c.beqz	x15,8000364c	 x15:0x00000001
        7835000	       684	80003606	4f05	c.li	x30,1	 x30=0x00000001
        7845000	       685	80003608	05e78363	beq	x15,x30,8000364e	 x15:0x00000001 x30:0x00000001
        7865000	       687	8000364e	8f6e	c.mv	x30,x27	  x0:0x00000000 x27:0x00000000 x30=0x00000000
        7875000	       688	80003650	343027f3	csrrs	x15,mtval,x0	  x0:0x00000000 x15=0x8ffffffc
        7885000	       689	80003654	8389	c.srli	x15,0x2	 x15:0x8ffffffc x15=0x23ffffff
        7895000	       690	80003656	000f1563	bne	x30,x0,80003660	 x30:0x00000000  x0:0x00000000
        7905000	       691	8000365a	fc07c5e3	blt	x15,x0,80003624	 x15:0x23ffffff  x0:0x00000000
        7915000	       692	8000365e	a019	c.j	80003664	
        7935000	       694	80003664	fd87f0e3	bgeu	x15,x24,80003624	 x15:0x23ffffff x24:0x20000def
        7955000	       696	80003624	8f6e	c.mv	x30,x27	  x0:0x00000000 x27:0x00000000 x30=0x00000000
        7965000	       697	80003626	8962	c.mv	x18,x24	  x0:0x00000000 x24:0x20000def x18=0x20000def
        7975000	       698	80003628	0f05	c.addi	x30,1	 x30:0x00000000 x30=0x00000001
        7985000	       699	8000362a	8dfa	c.mv	x27,x30	  x0:0x00000000 x30:0x00000001 x27=0x00000001
        7995000	       700	8000362c	4c41	c.li	x24,16	 x24=0x00000010
        8005000	       701	8000362e	018f5363	bge	x30,x24,80003634	 x30:0x00000001 x24:0x00000010
        8015000	       702	80003632	b56d	c.j	800034dc	
        8035000	       704	800034dc	8f6e	c.mv	x30,x27	  x0:0x00000000 x27:0x00000001 x30=0x00000001
        8045000	       705	800034de	87fa	c.mv	x15,x30	  x0:0x00000000 x30:0x00000001 x15=0x00000001
        8055000	       706	800034e0	4781	c.li	x15,0	 x15=0x00000000
        8065000	       707	800034e2	04ff0f63	beq	x30,x15,80003540	 x30:0x00000001 x15:0x00000000
        8075000	       708	800034e6	4785	c.li	x15,1	 x15=0x00000001
        8085000	       709	800034e8	06ff0163	beq	x30,x15,8000354a	 x30:0x00000001 x15:0x00000001
        8115000	       712	8000354a	3b102c73	csrrs	x24,pmpaddr1,x0	  x0:0x00000000 x24=0x20001788
        8125000	       713	8000354e	3a0028f3	csrrs	x17,pmpcfg0,x0	  x0:0x00000000 x17=0x0f0f0f0f
        8135000	       714	80003552	a079	c.j	800035e0	
        8155000	       716	800035e0	4d11	c.li	x26,4	 x26=0x00000004
        8165000	       717	800035e2	01ed9f13	slli	x30,x27,0x1e	 x27:0x00000001 x30=0x40000000
        8175000	       718	800035e6	01ef5f13	srli	x30,x30,0x1e	 x30:0x40000000 x30=0x00000001
        8185000	       719	800035ea	41ed07b3	sub	x15,x26,x30	 x26:0x00000004 x30:0x00000001 x15=0x00000003
        8195000	       720	800035ee	17fd	c.addi	x15,-1	 x15:0x00000003 x15=0x00000002
        8205000	       721	800035f0	078e	c.slli	x15,0x3	 x15:0x00000002 x15=0x00000010
        8215000	       722	800035f2	00f89d33	sll	x26,x17,x15	 x17:0x0f0f0f0f x15:0x00000010 x26=0x0f0f0000
        8225000	       723	800035f6	0f0e	c.slli	x30,0x3	 x30:0x00000001 x30=0x00000008
        8235000	       724	800035f8	97fa	c.add	x15,x30	 x15:0x00000010 x30:0x00000008 x15=0x00000018
        8245000	       725	800035fa	00fd5d33	srl	x26,x26,x15	 x26:0x0f0f0000 x15:0x00000018 x26=0x0000000f
        8255000	       726	800035fe	01bd1793	slli	x15,x26,0x1b	 x26:0x0000000f x15=0x78000000
        8265000	       727	80003602	83f9	c.srli	x15,0x1e	 x15:0x78000000 x15=0x00000001
        8275000	       728	80003604	c7a1	c.beqz	x15,8000364c	 x15:0x00000001
        8285000	       729	80003606	4f05	c.li	x30,1	 x30=0x00000001
        8295000	       730	80003608	05e78363	beq	x15,x30,8000364e	 x15:0x00000001 x30:0x00000001
        8315000	       732	8000364e	8f6e	c.mv	x30,x27	  x0:0x00000000 x27:0x00000001 x30=0x00000001
        8325000	       733	80003650	343027f3	csrrs	x15,mtval,x0	  x0:0x00000000 x15=0x8ffffffc
        8335000	       734	80003654	8389	c.srli	x15,0x2	 x15:0x8ffffffc x15=0x23ffffff
        8345000	       735	80003656	000f1563	bne	x30,x0,80003660	 x30:0x00000001  x0:0x00000000
        8365000	       737	80003660	fd27e2e3	bltu	x15,x18,80003624	 x15:0x23ffffff x18:0x20000def
        8375000	       738	80003664	fd87f0e3	bgeu	x15,x24,80003624	 x15:0x23ffffff x24:0x20001788
        8395000	       740	80003624	8f6e	c.mv	x30,x27	  x0:0x00000000 x27:0x00000001 x30=0x00000001
        8405000	       741	80003626	8962	c.mv	x18,x24	  x0:0x00000000 x24:0x20001788 x18=0x20001788
        8415000	       742	80003628	0f05	c.addi	x30,1	 x30:0x00000001 x30=0x00000002
        8425000	       743	8000362a	8dfa	c.mv	x27,x30	  x0:0x00000000 x30:0x00000002 x27=0x00000002
        8435000	       744	8000362c	4c41	c.li	x24,16	 x24=0x00000010
        8445000	       745	8000362e	018f5363	bge	x30,x24,80003634	 x30:0x00000002 x24:0x00000010
        8455000	       746	80003632	b56d	c.j	800034dc	
        8475000	       748	800034dc	8f6e	c.mv	x30,x27	  x0:0x00000000 x27:0x00000002 x30=0x00000002
        8485000	       749	800034de	87fa	c.mv	x15,x30	  x0:0x00000000 x30:0x00000002 x15=0x00000002
        8495000	       750	800034e0	4781	c.li	x15,0	 x15=0x00000000
        8505000	       751	800034e2	04ff0f63	beq	x30,x15,80003540	 x30:0x00000002 x15:0x00000000
        8515000	       752	800034e6	4785	c.li	x15,1	 x15=0x00000001
        8525000	       753	800034e8	06ff0163	beq	x30,x15,8000354a	 x30:0x00000002 x15:0x00000001
        8535000	       754	800034ec	4789	c.li	x15,2	 x15=0x00000002
        8545000	       755	800034ee	06ff0363	beq	x30,x15,80003554	 x30:0x00000002 x15:0x00000002
        8565000	       757	80003554	3b202c73	csrrs	x24,pmpaddr2,x0	  x0:0x00000000 x24=0x20002122
        8575000	       758	80003558	3a0028f3	csrrs	x17,pmpcfg0,x0	  x0:0x00000000 x17=0x0f0f0f0f
        8585000	       759	8000355c	a051	c.j	800035e0	
        8605000	       761	800035e0	4d11	c.li	x26,4	 x26=0x00000004
        8615000	       762	800035e2	01ed9f13	slli	x30,x27,0x1e	 x27:0x00000002 x30=0x80000000
        8625000	       763	800035e6	01ef5f13	srli	x30,x30,0x1e	 x30:0x80000000 x30=0x00000002
        8635000	       764	800035ea	41ed07b3	sub	x15,x26,x30	 x26:0x00000004 x30:0x00000002 x15=0x00000002
        8645000	       765	800035ee	17fd	c.addi	x15,-1	 x15:0x00000002 x15=0x00000001
        8655000	       766	800035f0	078e	c.slli	x15,0x3	 x15:0x00000001 x15=0x00000008
        8665000	       767	800035f2	00f89d33	sll	x26,x17,x15	 x17:0x0f0f0f0f x15:0x00000008 x26=0x0f0f0f00
        8675000	       768	800035f6	0f0e	c.slli	x30,0x3	 x30:0x00000002 x30=0x00000010
        8685000	       769	800035f8	97fa	c.add	x15,x30	 x15:0x00000008 x30:0x00000010 x15=0x00000018
        8695000	       770	800035fa	00fd5d33	srl	x26,x26,x15	 x26:0x0f0f0f00 x15:0x00000018 x26=0x0000000f
        8705000	       771	800035fe	01bd1793	slli	x15,x26,0x1b	 x26:0x0000000f x15=0x78000000
        8715000	       772	80003602	83f9	c.srli	x15,0x1e	 x15:0x78000000 x15=0x00000001
        8725000	       773	80003604	c7a1	c.beqz	x15,8000364c	 x15:0x00000001
        8735000	       774	80003606	4f05	c.li	x30,1	 x30=0x00000001
        8745000	       775	80003608	05e78363	beq	x15,x30,8000364e	 x15:0x00000001 x30:0x00000001
        8765000	       777	8000364e	8f6e	c.mv	x30,x27	  x0:0x00000000 x27:0x00000002 x30=0x00000002
        8775000	       778	80003650	343027f3	csrrs	x15,mtval,x0	  x0:0x00000000 x15=0x8ffffffc
        8785000	       779	80003654	8389	c.srli	x15,0x2	 x15:0x8ffffffc x15=0x23ffffff
        8795000	       780	80003656	000f1563	bne	x30,x0,80003660	 x30:0x00000002  x0:0x00000000
        8815000	       782	80003660	fd27e2e3	bltu	x15,x18,80003624	 x15:0x23ffffff x18:0x20001788
        8825000	       783	80003664	fd87f0e3	bgeu	x15,x24,80003624	 x15:0x23ffffff x24:0x20002122
        8845000	       785	80003624	8f6e	c.mv	x30,x27	  x0:0x00000000 x27:0x00000002 x30=0x00000002
        8855000	       786	80003626	8962	c.mv	x18,x24	  x0:0x00000000 x24:0x20002122 x18=0x20002122
        8865000	       787	80003628	0f05	c.addi	x30,1	 x30:0x00000002 x30=0x00000003
        8875000	       788	8000362a	8dfa	c.mv	x27,x30	  x0:0x00000000 x30:0x00000003 x27=0x00000003
        8885000	       789	8000362c	4c41	c.li	x24,16	 x24=0x00000010
        8895000	       790	8000362e	018f5363	bge	x30,x24,80003634	 x30:0x00000003 x24:0x00000010
        8905000	       791	80003632	b56d	c.j	800034dc	
        8925000	       793	800034dc	8f6e	c.mv	x30,x27	  x0:0x00000000 x27:0x00000003 x30=0x00000003
        8935000	       794	800034de	87fa	c.mv	x15,x30	  x0:0x00000000 x30:0x00000003 x15=0x00000003
        8945000	       795	800034e0	4781	c.li	x15,0	 x15=0x00000000
        8955000	       796	800034e2	04ff0f63	beq	x30,x15,80003540	 x30:0x00000003 x15:0x00000000
        8965000	       797	800034e6	4785	c.li	x15,1	 x15=0x00000001
        8975000	       798	800034e8	06ff0163	beq	x30,x15,8000354a	 x30:0x00000003 x15:0x00000001
        8985000	       799	800034ec	4789	c.li	x15,2	 x15=0x00000002
        8995000	       800	800034ee	06ff0363	beq	x30,x15,80003554	 x30:0x00000003 x15:0x00000002
        9005000	       801	800034f2	478d	c.li	x15,3	 x15=0x00000003
        9015000	       802	800034f4	06ff0563	beq	x30,x15,8000355e	 x30:0x00000003 x15:0x00000003
        9045000	       805	8000355e	3b302c73	csrrs	x24,pmpaddr3,x0	  x0:0x00000000 x24=0x20002abb
        9055000	       806	80003562	3a0028f3	csrrs	x17,pmpcfg0,x0	  x0:0x00000000 x17=0x0f0f0f0f
        9065000	       807	80003566	a8ad	c.j	800035e0	
        9085000	       809	800035e0	4d11	c.li	x26,4	 x26=0x00000004
        9095000	       810	800035e2	01ed9f13	slli	x30,x27,0x1e	 x27:0x00000003 x30=0xc0000000
        9105000	       811	800035e6	01ef5f13	srli	x30,x30,0x1e	 x30:0xc0000000 x30=0x00000003
        9115000	       812	800035ea	41ed07b3	sub	x15,x26,x30	 x26:0x00000004 x30:0x00000003 x15=0x00000001
        9125000	       813	800035ee	17fd	c.addi	x15,-1	 x15:0x00000001 x15=0x00000000
        9135000	       814	800035f0	078e	c.slli	x15,0x3	 x15:0x00000000 x15=0x00000000
        9145000	       815	800035f2	00f89d33	sll	x26,x17,x15	 x17:0x0f0f0f0f x15:0x00000000 x26=0x0f0f0f0f
        9155000	       816	800035f6	0f0e	c.slli	x30,0x3	 x30:0x00000003 x30=0x00000018
        9165000	       817	800035f8	97fa	c.add	x15,x30	 x15:0x00000000 x30:0x00000018 x15=0x00000018
        9175000	       818	800035fa	00fd5d33	srl	x26,x26,x15	 x26:0x0f0f0f0f x15:0x00000018 x26=0x0000000f
        9185000	       819	800035fe	01bd1793	slli	x15,x26,0x1b	 x26:0x0000000f x15=0x78000000
        9195000	       820	80003602	83f9	c.srli	x15,0x1e	 x15:0x78000000 x15=0x00000001
        9205000	       821	80003604	c7a1	c.beqz	x15,8000364c	 x15:0x00000001
        9215000	       822	80003606	4f05	c.li	x30,1	 x30=0x00000001
        9225000	       823	80003608	05e78363	beq	x15,x30,8000364e	 x15:0x00000001 x30:0x00000001
        9245000	       825	8000364e	8f6e	c.mv	x30,x27	  x0:0x00000000 x27:0x00000003 x30=0x00000003
        9255000	       826	80003650	343027f3	csrrs	x15,mtval,x0	  x0:0x00000000 x15=0x8ffffffc
        9265000	       827	80003654	8389	c.srli	x15,0x2	 x15:0x8ffffffc x15=0x23ffffff
        9275000	       828	80003656	000f1563	bne	x30,x0,80003660	 x30:0x00000003  x0:0x00000000
        9295000	       830	80003660	fd27e2e3	bltu	x15,x18,80003624	 x15:0x23ffffff x18:0x20002122
        9305000	       831	80003664	fd87f0e3	bgeu	x15,x24,80003624	 x15:0x23ffffff x24:0x20002abb
        9325000	       833	80003624	8f6e	c.mv	x30,x27	  x0:0x00000000 x27:0x00000003 x30=0x00000003
        9335000	       834	80003626	8962	c.mv	x18,x24	  x0:0x00000000 x24:0x20002abb x18=0x20002abb
        9345000	       835	80003628	0f05	c.addi	x30,1	 x30:0x00000003 x30=0x00000004
        9355000	       836	8000362a	8dfa	c.mv	x27,x30	  x0:0x00000000 x30:0x00000004 x27=0x00000004
        9365000	       837	8000362c	4c41	c.li	x24,16	 x24=0x00000010
        9375000	       838	8000362e	018f5363	bge	x30,x24,80003634	 x30:0x00000004 x24:0x00000010
        9385000	       839	80003632	b56d	c.j	800034dc	
        9405000	       841	800034dc	8f6e	c.mv	x30,x27	  x0:0x00000000 x27:0x00000004 x30=0x00000004
        9415000	       842	800034de	87fa	c.mv	x15,x30	  x0:0x00000000 x30:0x00000004 x15=0x00000004
        9425000	       843	800034e0	4781	c.li	x15,0	 x15=0x00000000
        9435000	       844	800034e2	04ff0f63	beq	x30,x15,80003540	 x30:0x00000004 x15:0x00000000
        9445000	       845	800034e6	4785	c.li	x15,1	 x15=0x00000001
        9455000	       846	800034e8	06ff0163	beq	x30,x15,8000354a	 x30:0x00000004 x15:0x00000001
        9465000	       847	800034ec	4789	c.li	x15,2	 x15=0x00000002
        9475000	       848	800034ee	06ff0363	beq	x30,x15,80003554	 x30:0x00000004 x15:0x00000002
        9485000	       849	800034f2	478d	c.li	x15,3	 x15=0x00000003
        9495000	       850	800034f4	06ff0563	beq	x30,x15,8000355e	 x30:0x00000004 x15:0x00000003
        9505000	       851	800034f8	4791	c.li	x15,4	 x15=0x00000004
        9515000	       852	800034fa	06ff0763	beq	x30,x15,80003568	 x30:0x00000004 x15:0x00000004
        9535000	       854	80003568	3b402c73	csrrs	x24,pmpaddr4,x0	  x0:0x00000000 x24=0x20003455
        9545000	       855	8000356c	3a1028f3	csrrs	x17,pmpcfg1,x0	  x0:0x00000000 x17=0x0f0f0f0f
        9555000	       856	80003570	a885	c.j	800035e0	
        9575000	       858	800035e0	4d11	c.li	x26,4	 x26=0x00000004
        9585000	       859	800035e2	01ed9f13	slli	x30,x27,0x1e	 x27:0x00000004 x30=0x00000000
        9595000	       860	800035e6	01ef5f13	srli	x30,x30,0x1e	 x30:0x00000000 x30=0x00000000
        9605000	       861	800035ea	41ed07b3	sub	x15,x26,x30	 x26:0x00000004 x30:0x00000000 x15=0x00000004
        9615000	       862	800035ee	17fd	c.addi	x15,-1	 x15:0x00000004 x15=0x00000003
        9625000	       863	800035f0	078e	c.slli	x15,0x3	 x15:0x00000003 x15=0x00000018
        9635000	       864	800035f2	00f89d33	sll	x26,x17,x15	 x17:0x0f0f0f0f x15:0x00000018 x26=0x0f000000
        9645000	       865	800035f6	0f0e	c.slli	x30,0x3	 x30:0x00000000 x30=0x00000000
        9655000	       866	800035f8	97fa	c.add	x15,x30	 x15:0x00000018 x30:0x00000000 x15=0x00000018
        9665000	       867	800035fa	00fd5d33	srl	x26,x26,x15	 x26:0x0f000000 x15:0x00000018 x26=0x0000000f
        9675000	       868	800035fe	01bd1793	slli	x15,x26,0x1b	 x26:0x0000000f x15=0x78000000
        9685000	       869	80003602	83f9	c.srli	x15,0x1e	 x15:0x78000000 x15=0x00000001
        9695000	       870	80003604	c7a1	c.beqz	x15,8000364c	 x15:0x00000001
        9705000	       871	80003606	4f05	c.li	x30,1	 x30=0x00000001
        9715000	       872	80003608	05e78363	beq	x15,x30,8000364e	 x15:0x00000001 x30:0x00000001
        9735000	       874	8000364e	8f6e	c.mv	x30,x27	  x0:0x00000000 x27:0x00000004 x30=0x00000004
        9745000	       875	80003650	343027f3	csrrs	x15,mtval,x0	  x0:0x00000000 x15=0x8ffffffc
        9755000	       876	80003654	8389	c.srli	x15,0x2	 x15:0x8ffffffc x15=0x23ffffff
        9765000	       877	80003656	000f1563	bne	x30,x0,80003660	 x30:0x00000004  x0:0x00000000
        9785000	       879	80003660	fd27e2e3	bltu	x15,x18,80003624	 x15:0x23ffffff x18:0x20002abb
        9795000	       880	80003664	fd87f0e3	bgeu	x15,x24,80003624	 x15:0x23ffffff x24:0x20003455
        9815000	       882	80003624	8f6e	c.mv	x30,x27	  x0:0x00000000 x27:0x00000004 x30=0x00000004
        9825000	       883	80003626	8962	c.mv	x18,x24	  x0:0x00000000 x24:0x20003455 x18=0x20003455
        9835000	       884	80003628	0f05	c.addi	x30,1	 x30:0x00000004 x30=0x00000005
        9845000	       885	8000362a	8dfa	c.mv	x27,x30	  x0:0x00000000 x30:0x00000005 x27=0x00000005
        9855000	       886	8000362c	4c41	c.li	x24,16	 x24=0x00000010
        9865000	       887	8000362e	018f5363	bge	x30,x24,80003634	 x30:0x00000005 x24:0x00000010
        9875000	       888	80003632	b56d	c.j	800034dc	
        9895000	       890	800034dc	8f6e	c.mv	x30,x27	  x0:0x00000000 x27:0x00000005 x30=0x00000005
        9905000	       891	800034de	87fa	c.mv	x15,x30	  x0:0x00000000 x30:0x00000005 x15=0x00000005
        9915000	       892	800034e0	4781	c.li	x15,0	 x15=0x00000000
        9925000	       893	800034e2	04ff0f63	beq	x30,x15,80003540	 x30:0x00000005 x15:0x00000000
        9935000	       894	800034e6	4785	c.li	x15,1	 x15=0x00000001
        9945000	       895	800034e8	06ff0163	beq	x30,x15,8000354a	 x30:0x00000005 x15:0x00000001
        9955000	       896	800034ec	4789	c.li	x15,2	 x15=0x00000002
        9965000	       897	800034ee	06ff0363	beq	x30,x15,80003554	 x30:0x00000005 x15:0x00000002
        9975000	       898	800034f2	478d	c.li	x15,3	 x15=0x00000003
        9985000	       899	800034f4	06ff0563	beq	x30,x15,8000355e	 x30:0x00000005 x15:0x00000003
        9995000	       900	800034f8	4791	c.li	x15,4	 x15=0x00000004
       10005000	       901	800034fa	06ff0763	beq	x30,x15,80003568	 x30:0x00000005 x15:0x00000004
       10015000	       902	800034fe	4795	c.li	x15,5	 x15=0x00000005
       10025000	       903	80003500	06ff0963	beq	x30,x15,80003572	 x30:0x00000005 x15:0x00000005
       10055000	       906	80003572	3b502c73	csrrs	x24,pmpaddr5,x0	  x0:0x00000000 x24=0x20003dee
       10065000	       907	80003576	3a1028f3	csrrs	x17,pmpcfg1,x0	  x0:0x00000000 x17=0x0f0f0f0f
       10075000	       908	8000357a	a09d	c.j	800035e0	
       10095000	       910	800035e0	4d11	c.li	x26,4	 x26=0x00000004
       10105000	       911	800035e2	01ed9f13	slli	x30,x27,0x1e	 x27:0x00000005 x30=0x40000000
       10115000	       912	800035e6	01ef5f13	srli	x30,x30,0x1e	 x30:0x40000000 x30=0x00000001
       10125000	       913	800035ea	41ed07b3	sub	x15,x26,x30	 x26:0x00000004 x30:0x00000001 x15=0x00000003
       10135000	       914	800035ee	17fd	c.addi	x15,-1	 x15:0x00000003 x15=0x00000002
       10145000	       915	800035f0	078e	c.slli	x15,0x3	 x15:0x00000002 x15=0x00000010
       10155000	       916	800035f2	00f89d33	sll	x26,x17,x15	 x17:0x0f0f0f0f x15:0x00000010 x26=0x0f0f0000
       10165000	       917	800035f6	0f0e	c.slli	x30,0x3	 x30:0x00000001 x30=0x00000008
       10175000	       918	800035f8	97fa	c.add	x15,x30	 x15:0x00000010 x30:0x00000008 x15=0x00000018
       10185000	       919	800035fa	00fd5d33	srl	x26,x26,x15	 x26:0x0f0f0000 x15:0x00000018 x26=0x0000000f
       10195000	       920	800035fe	01bd1793	slli	x15,x26,0x1b	 x26:0x0000000f x15=0x78000000
       10205000	       921	80003602	83f9	c.srli	x15,0x1e	 x15:0x78000000 x15=0x00000001
       10215000	       922	80003604	c7a1	c.beqz	x15,8000364c	 x15:0x00000001
       10225000	       923	80003606	4f05	c.li	x30,1	 x30=0x00000001
       10235000	       924	80003608	05e78363	beq	x15,x30,8000364e	 x15:0x00000001 x30:0x00000001
       10255000	       926	8000364e	8f6e	c.mv	x30,x27	  x0:0x00000000 x27:0x00000005 x30=0x00000005
       10265000	       927	80003650	343027f3	csrrs	x15,mtval,x0	  x0:0x00000000 x15=0x8ffffffc
       10275000	       928	80003654	8389	c.srli	x15,0x2	 x15:0x8ffffffc x15=0x23ffffff
       10285000	       929	80003656	000f1563	bne	x30,x0,80003660	 x30:0x00000005  x0:0x00000000
       10305000	       931	80003660	fd27e2e3	bltu	x15,x18,80003624	 x15:0x23ffffff x18:0x20003455
       10315000	       932	80003664	fd87f0e3	bgeu	x15,x24,80003624	 x15:0x23ffffff x24:0x20003dee
       10335000	       934	80003624	8f6e	c.mv	x30,x27	  x0:0x00000000 x27:0x00000005 x30=0x00000005
       10345000	       935	80003626	8962	c.mv	x18,x24	  x0:0x00000000 x24:0x20003dee x18=0x20003dee
       10355000	       936	80003628	0f05	c.addi	x30,1	 x30:0x00000005 x30=0x00000006
       10365000	       937	8000362a	8dfa	c.mv	x27,x30	  x0:0x00000000 x30:0x00000006 x27=0x00000006
       10375000	       938	8000362c	4c41	c.li	x24,16	 x24=0x00000010
       10385000	       939	8000362e	018f5363	bge	x30,x24,80003634	 x30:0x00000006 x24:0x00000010
       10395000	       940	80003632	b56d	c.j	800034dc	
       10415000	       942	800034dc	8f6e	c.mv	x30,x27	  x0:0x00000000 x27:0x00000006 x30=0x00000006
       10425000	       943	800034de	87fa	c.mv	x15,x30	  x0:0x00000000 x30:0x00000006 x15=0x00000006
       10435000	       944	800034e0	4781	c.li	x15,0	 x15=0x00000000
       10445000	       945	800034e2	04ff0f63	beq	x30,x15,80003540	 x30:0x00000006 x15:0x00000000
       10455000	       946	800034e6	4785	c.li	x15,1	 x15=0x00000001
       10465000	       947	800034e8	06ff0163	beq	x30,x15,8000354a	 x30:0x00000006 x15:0x00000001
       10475000	       948	800034ec	4789	c.li	x15,2	 x15=0x00000002
       10485000	       949	800034ee	06ff0363	beq	x30,x15,80003554	 x30:0x00000006 x15:0x00000002
       10495000	       950	800034f2	478d	c.li	x15,3	 x15=0x00000003
       10505000	       951	800034f4	06ff0563	beq	x30,x15,8000355e	 x30:0x00000006 x15:0x00000003
       10515000	       952	800034f8	4791	c.li	x15,4	 x15=0x00000004
       10525000	       953	800034fa	06ff0763	beq	x30,x15,80003568	 x30:0x00000006 x15:0x00000004
       10535000	       954	800034fe	4795	c.li	x15,5	 x15=0x00000005
       10545000	       955	80003500	06ff0963	beq	x30,x15,80003572	 x30:0x00000006 x15:0x00000005
       10555000	       956	80003504	4799	c.li	x15,6	 x15=0x00000006
       10565000	       957	80003506	06ff0b63	beq	x30,x15,8000357c	 x30:0x00000006 x15:0x00000006
       10585000	       959	8000357c	3b602c73	csrrs	x24,pmpaddr6,x0	  x0:0x00000000 x24=0x20004788
       10595000	       960	80003580	3a1028f3	csrrs	x17,pmpcfg1,x0	  x0:0x00000000 x17=0x0f0f0f0f
       10605000	       961	80003584	a8b1	c.j	800035e0	
       10625000	       963	800035e0	4d11	c.li	x26,4	 x26=0x00000004
       10635000	       964	800035e2	01ed9f13	slli	x30,x27,0x1e	 x27:0x00000006 x30=0x80000000
       10645000	       965	800035e6	01ef5f13	srli	x30,x30,0x1e	 x30:0x80000000 x30=0x00000002
       10655000	       966	800035ea	41ed07b3	sub	x15,x26,x30	 x26:0x00000004 x30:0x00000002 x15=0x00000002
       10665000	       967	800035ee	17fd	c.addi	x15,-1	 x15:0x00000002 x15=0x00000001
       10675000	       968	800035f0	078e	c.slli	x15,0x3	 x15:0x00000001 x15=0x00000008
       10685000	       969	800035f2	00f89d33	sll	x26,x17,x15	 x17:0x0f0f0f0f x15:0x00000008 x26=0x0f0f0f00
       10695000	       970	800035f6	0f0e	c.slli	x30,0x3	 x30:0x00000002 x30=0x00000010
       10705000	       971	800035f8	97fa	c.add	x15,x30	 x15:0x00000008 x30:0x00000010 x15=0x00000018
       10715000	       972	800035fa	00fd5d33	srl	x26,x26,x15	 x26:0x0f0f0f00 x15:0x00000018 x26=0x0000000f
       10725000	       973	800035fe	01bd1793	slli	x15,x26,0x1b	 x26:0x0000000f x15=0x78000000
       10735000	       974	80003602	83f9	c.srli	x15,0x1e	 x15:0x78000000 x15=0x00000001
       10745000	       975	80003604	c7a1	c.beqz	x15,8000364c	 x15:0x00000001
       10755000	       976	80003606	4f05	c.li	x30,1	 x30=0x00000001
       10765000	       977	80003608	05e78363	beq	x15,x30,8000364e	 x15:0x00000001 x30:0x00000001
       10785000	       979	8000364e	8f6e	c.mv	x30,x27	  x0:0x00000000 x27:0x00000006 x30=0x00000006
       10795000	       980	80003650	343027f3	csrrs	x15,mtval,x0	  x0:0x00000000 x15=0x8ffffffc
       10805000	       981	80003654	8389	c.srli	x15,0x2	 x15:0x8ffffffc x15=0x23ffffff
       10815000	       982	80003656	000f1563	bne	x30,x0,80003660	 x30:0x00000006  x0:0x00000000
       10835000	       984	80003660	fd27e2e3	bltu	x15,x18,80003624	 x15:0x23ffffff x18:0x20003dee
       10845000	       985	80003664	fd87f0e3	bgeu	x15,x24,80003624	 x15:0x23ffffff x24:0x20004788
       10865000	       987	80003624	8f6e	c.mv	x30,x27	  x0:0x00000000 x27:0x00000006 x30=0x00000006
       10875000	       988	80003626	8962	c.mv	x18,x24	  x0:0x00000000 x24:0x20004788 x18=0x20004788
       10885000	       989	80003628	0f05	c.addi	x30,1	 x30:0x00000006 x30=0x00000007
       10895000	       990	8000362a	8dfa	c.mv	x27,x30	  x0:0x00000000 x30:0x00000007 x27=0x00000007
       10905000	       991	8000362c	4c41	c.li	x24,16	 x24=0x00000010
       10915000	       992	8000362e	018f5363	bge	x30,x24,80003634	 x30:0x00000007 x24:0x00000010
       10925000	       993	80003632	b56d	c.j	800034dc	
       10945000	       995	800034dc	8f6e	c.mv	x30,x27	  x0:0x00000000 x27:0x00000007 x30=0x00000007
       10955000	       996	800034de	87fa	c.mv	x15,x30	  x0:0x00000000 x30:0x00000007 x15=0x00000007
       10965000	       997	800034e0	4781	c.li	x15,0	 x15=0x00000000
       10975000	       998	800034e2	04ff0f63	beq	x30,x15,80003540	 x30:0x00000007 x15:0x00000000
       10985000	       999	800034e6	4785	c.li	x15,1	 x15=0x00000001
       10995000	      1000	800034e8	06ff0163	beq	x30,x15,8000354a	 x30:0x00000007 x15:0x00000001
       11005000	      1001	800034ec	4789	c.li	x15,2	 x15=0x00000002
       11015000	      1002	800034ee	06ff0363	beq	x30,x15,80003554	 x30:0x00000007 x15:0x00000002
       11025000	      1003	800034f2	478d	c.li	x15,3	 x15=0x00000003
       11035000	      1004	800034f4	06ff0563	beq	x30,x15,8000355e	 x30:0x00000007 x15:0x00000003
       11045000	      1005	800034f8	4791	c.li	x15,4	 x15=0x00000004
       11055000	      1006	800034fa	06ff0763	beq	x30,x15,80003568	 x30:0x00000007 x15:0x00000004
       11065000	      1007	800034fe	4795	c.li	x15,5	 x15=0x00000005
       11075000	      1008	80003500	06ff0963	beq	x30,x15,80003572	 x30:0x00000007 x15:0x00000005
       11085000	      1009	80003504	4799	c.li	x15,6	 x15=0x00000006
       11095000	      1010	80003506	06ff0b63	beq	x30,x15,8000357c	 x30:0x00000007 x15:0x00000006
       11105000	      1011	8000350a	479d	c.li	x15,7	 x15=0x00000007
       11115000	      1012	8000350c	06ff0d63	beq	x30,x15,80003586	 x30:0x00000007 x15:0x00000007
       11145000	      1015	80003586	3b702c73	csrrs	x24,pmpaddr7,x0	  x0:0x00000000 x24=0x20005121
       11155000	      1016	8000358a	3a1028f3	csrrs	x17,pmpcfg1,x0	  x0:0x00000000 x17=0x0f0f0f0f
       11165000	      1017	8000358e	a889	c.j	800035e0	
       11185000	      1019	800035e0	4d11	c.li	x26,4	 x26=0x00000004
       11195000	      1020	800035e2	01ed9f13	slli	x30,x27,0x1e	 x27:0x00000007 x30=0xc0000000
       11205000	      1021	800035e6	01ef5f13	srli	x30,x30,0x1e	 x30:0xc0000000 x30=0x00000003
       11215000	      1022	800035ea	41ed07b3	sub	x15,x26,x30	 x26:0x00000004 x30:0x00000003 x15=0x00000001
       11225000	      1023	800035ee	17fd	c.addi	x15,-1	 x15:0x00000001 x15=0x00000000
       11235000	      1024	800035f0	078e	c.slli	x15,0x3	 x15:0x00000000 x15=0x00000000
       11245000	      1025	800035f2	00f89d33	sll	x26,x17,x15	 x17:0x0f0f0f0f x15:0x00000000 x26=0x0f0f0f0f
       11255000	      1026	800035f6	0f0e	c.slli	x30,0x3	 x30:0x00000003 x30=0x00000018
       11265000	      1027	800035f8	97fa	c.add	x15,x30	 x15:0x00000000 x30:0x00000018 x15=0x00000018
       11275000	      1028	800035fa	00fd5d33	srl	x26,x26,x15	 x26:0x0f0f0f0f x15:0x00000018 x26=0x0000000f
       11285000	      1029	800035fe	01bd1793	slli	x15,x26,0x1b	 x26:0x0000000f x15=0x78000000
       11295000	      1030	80003602	83f9	c.srli	x15,0x1e	 x15:0x78000000 x15=0x00000001
       11305000	      1031	80003604	c7a1	c.beqz	x15,8000364c	 x15:0x00000001
       11315000	      1032	80003606	4f05	c.li	x30,1	 x30=0x00000001
       11325000	      1033	80003608	05e78363	beq	x15,x30,8000364e	 x15:0x00000001 x30:0x00000001
       11345000	      1035	8000364e	8f6e	c.mv	x30,x27	  x0:0x00000000 x27:0x00000007 x30=0x00000007
       11355000	      1036	80003650	343027f3	csrrs	x15,mtval,x0	  x0:0x00000000 x15=0x8ffffffc
       11365000	      1037	80003654	8389	c.srli	x15,0x2	 x15:0x8ffffffc x15=0x23ffffff
       11375000	      1038	80003656	000f1563	bne	x30,x0,80003660	 x30:0x00000007  x0:0x00000000
       11395000	      1040	80003660	fd27e2e3	bltu	x15,x18,80003624	 x15:0x23ffffff x18:0x20004788
       11405000	      1041	80003664	fd87f0e3	bgeu	x15,x24,80003624	 x15:0x23ffffff x24:0x20005121
       11425000	      1043	80003624	8f6e	c.mv	x30,x27	  x0:0x00000000 x27:0x00000007 x30=0x00000007
       11435000	      1044	80003626	8962	c.mv	x18,x24	  x0:0x00000000 x24:0x20005121 x18=0x20005121
       11445000	      1045	80003628	0f05	c.addi	x30,1	 x30:0x00000007 x30=0x00000008
       11455000	      1046	8000362a	8dfa	c.mv	x27,x30	  x0:0x00000000 x30:0x00000008 x27=0x00000008
       11465000	      1047	8000362c	4c41	c.li	x24,16	 x24=0x00000010
       11475000	      1048	8000362e	018f5363	bge	x30,x24,80003634	 x30:0x00000008 x24:0x00000010
       11485000	      1049	80003632	b56d	c.j	800034dc	
       11505000	      1051	800034dc	8f6e	c.mv	x30,x27	  x0:0x00000000 x27:0x00000008 x30=0x00000008
       11515000	      1052	800034de	87fa	c.mv	x15,x30	  x0:0x00000000 x30:0x00000008 x15=0x00000008
       11525000	      1053	800034e0	4781	c.li	x15,0	 x15=0x00000000
       11535000	      1054	800034e2	04ff0f63	beq	x30,x15,80003540	 x30:0x00000008 x15:0x00000000
       11545000	      1055	800034e6	4785	c.li	x15,1	 x15=0x00000001
       11555000	      1056	800034e8	06ff0163	beq	x30,x15,8000354a	 x30:0x00000008 x15:0x00000001
       11565000	      1057	800034ec	4789	c.li	x15,2	 x15=0x00000002
       11575000	      1058	800034ee	06ff0363	beq	x30,x15,80003554	 x30:0x00000008 x15:0x00000002
       11585000	      1059	800034f2	478d	c.li	x15,3	 x15=0x00000003
       11595000	      1060	800034f4	06ff0563	beq	x30,x15,8000355e	 x30:0x00000008 x15:0x00000003
       11605000	      1061	800034f8	4791	c.li	x15,4	 x15=0x00000004
       11615000	      1062	800034fa	06ff0763	beq	x30,x15,80003568	 x30:0x00000008 x15:0x00000004
       11625000	      1063	800034fe	4795	c.li	x15,5	 x15=0x00000005
       11635000	      1064	80003500	06ff0963	beq	x30,x15,80003572	 x30:0x00000008 x15:0x00000005
       11645000	      1065	80003504	4799	c.li	x15,6	 x15=0x00000006
       11655000	      1066	80003506	06ff0b63	beq	x30,x15,8000357c	 x30:0x00000008 x15:0x00000006
       11665000	      1067	8000350a	479d	c.li	x15,7	 x15=0x00000007
       11675000	      1068	8000350c	06ff0d63	beq	x30,x15,80003586	 x30:0x00000008 x15:0x00000007
       11685000	      1069	80003510	47a1	c.li	x15,8	 x15=0x00000008
       11695000	      1070	80003512	06ff0f63	beq	x30,x15,80003590	 x30:0x00000008 x15:0x00000008
       11715000	      1072	80003590	3b802c73	csrrs	x24,pmpaddr8,x0	  x0:0x00000000 x24=0x20005abb
       11725000	      1073	80003594	3a2028f3	csrrs	x17,pmpcfg2,x0	  x0:0x00000000 x17=0x0f0f0f0f
       11735000	      1074	80003598	a0a1	c.j	800035e0	
       11755000	      1076	800035e0	4d11	c.li	x26,4	 x26=0x00000004
       11765000	      1077	800035e2	01ed9f13	slli	x30,x27,0x1e	 x27:0x00000008 x30=0x00000000
       11775000	      1078	800035e6	01ef5f13	srli	x30,x30,0x1e	 x30:0x00000000 x30=0x00000000
       11785000	      1079	800035ea	41ed07b3	sub	x15,x26,x30	 x26:0x00000004 x30:0x00000000 x15=0x00000004
       11795000	      1080	800035ee	17fd	c.addi	x15,-1	 x15:0x00000004 x15=0x00000003
       11805000	      1081	800035f0	078e	c.slli	x15,0x3	 x15:0x00000003 x15=0x00000018
       11815000	      1082	800035f2	00f89d33	sll	x26,x17,x15	 x17:0x0f0f0f0f x15:0x00000018 x26=0x0f000000
       11825000	      1083	800035f6	0f0e	c.slli	x30,0x3	 x30:0x00000000 x30=0x00000000
       11835000	      1084	800035f8	97fa	c.add	x15,x30	 x15:0x00000018 x30:0x00000000 x15=0x00000018
       11845000	      1085	800035fa	00fd5d33	srl	x26,x26,x15	 x26:0x0f000000 x15:0x00000018 x26=0x0000000f
       11855000	      1086	800035fe	01bd1793	slli	x15,x26,0x1b	 x26:0x0000000f x15=0x78000000
       11865000	      1087	80003602	83f9	c.srli	x15,0x1e	 x15:0x78000000 x15=0x00000001
       11875000	      1088	80003604	c7a1	c.beqz	x15,8000364c	 x15:0x00000001
       11885000	      1089	80003606	4f05	c.li	x30,1	 x30=0x00000001
       11895000	      1090	80003608	05e78363	beq	x15,x30,8000364e	 x15:0x00000001 x30:0x00000001
       11915000	      1092	8000364e	8f6e	c.mv	x30,x27	  x0:0x00000000 x27:0x00000008 x30=0x00000008
       11925000	      1093	80003650	343027f3	csrrs	x15,mtval,x0	  x0:0x00000000 x15=0x8ffffffc
       11935000	      1094	80003654	8389	c.srli	x15,0x2	 x15:0x8ffffffc x15=0x23ffffff
       11945000	      1095	80003656	000f1563	bne	x30,x0,80003660	 x30:0x00000008  x0:0x00000000
       11965000	      1097	80003660	fd27e2e3	bltu	x15,x18,80003624	 x15:0x23ffffff x18:0x20005121
       11975000	      1098	80003664	fd87f0e3	bgeu	x15,x24,80003624	 x15:0x23ffffff x24:0x20005abb
       11995000	      1100	80003624	8f6e	c.mv	x30,x27	  x0:0x00000000 x27:0x00000008 x30=0x00000008
       12005000	      1101	80003626	8962	c.mv	x18,x24	  x0:0x00000000 x24:0x20005abb x18=0x20005abb
       12015000	      1102	80003628	0f05	c.addi	x30,1	 x30:0x00000008 x30=0x00000009
       12025000	      1103	8000362a	8dfa	c.mv	x27,x30	  x0:0x00000000 x30:0x00000009 x27=0x00000009
       12035000	      1104	8000362c	4c41	c.li	x24,16	 x24=0x00000010
       12045000	      1105	8000362e	018f5363	bge	x30,x24,80003634	 x30:0x00000009 x24:0x00000010
       12055000	      1106	80003632	b56d	c.j	800034dc	
       12075000	      1108	800034dc	8f6e	c.mv	x30,x27	  x0:0x00000000 x27:0x00000009 x30=0x00000009
       12085000	      1109	800034de	87fa	c.mv	x15,x30	  x0:0x00000000 x30:0x00000009 x15=0x00000009
       12095000	      1110	800034e0	4781	c.li	x15,0	 x15=0x00000000
       12105000	      1111	800034e2	04ff0f63	beq	x30,x15,80003540	 x30:0x00000009 x15:0x00000000
       12115000	      1112	800034e6	4785	c.li	x15,1	 x15=0x00000001
       12125000	      1113	800034e8	06ff0163	beq	x30,x15,8000354a	 x30:0x00000009 x15:0x00000001
       12135000	      1114	800034ec	4789	c.li	x15,2	 x15=0x00000002
       12145000	      1115	800034ee	06ff0363	beq	x30,x15,80003554	 x30:0x00000009 x15:0x00000002
       12155000	      1116	800034f2	478d	c.li	x15,3	 x15=0x00000003
       12165000	      1117	800034f4	06ff0563	beq	x30,x15,8000355e	 x30:0x00000009 x15:0x00000003
       12175000	      1118	800034f8	4791	c.li	x15,4	 x15=0x00000004
       12185000	      1119	800034fa	06ff0763	beq	x30,x15,80003568	 x30:0x00000009 x15:0x00000004
       12195000	      1120	800034fe	4795	c.li	x15,5	 x15=0x00000005
       12205000	      1121	80003500	06ff0963	beq	x30,x15,80003572	 x30:0x00000009 x15:0x00000005
       12215000	      1122	80003504	4799	c.li	x15,6	 x15=0x00000006
       12225000	      1123	80003506	06ff0b63	beq	x30,x15,8000357c	 x30:0x00000009 x15:0x00000006
       12235000	      1124	8000350a	479d	c.li	x15,7	 x15=0x00000007
       12245000	      1125	8000350c	06ff0d63	beq	x30,x15,80003586	 x30:0x00000009 x15:0x00000007
       12255000	      1126	80003510	47a1	c.li	x15,8	 x15=0x00000008
       12265000	      1127	80003512	06ff0f63	beq	x30,x15,80003590	 x30:0x00000009 x15:0x00000008
       12275000	      1128	80003516	47a5	c.li	x15,9	 x15=0x00000009
       12285000	      1129	80003518	08ff0163	beq	x30,x15,8000359a	 x30:0x00000009 x15:0x00000009
       12315000	      1132	8000359a	3b902c73	csrrs	x24,pmpaddr9,x0	  x0:0x00000000 x24=0x20006454
       12325000	      1133	8000359e	3a2028f3	csrrs	x17,pmpcfg2,x0	  x0:0x00000000 x17=0x0f0f0f0f
       12335000	      1134	800035a2	a83d	c.j	800035e0	
       12355000	      1136	800035e0	4d11	c.li	x26,4	 x26=0x00000004
       12365000	      1137	800035e2	01ed9f13	slli	x30,x27,0x1e	 x27:0x00000009 x30=0x40000000
       12375000	      1138	800035e6	01ef5f13	srli	x30,x30,0x1e	 x30:0x40000000 x30=0x00000001
       12385000	      1139	800035ea	41ed07b3	sub	x15,x26,x30	 x26:0x00000004 x30:0x00000001 x15=0x00000003
       12395000	      1140	800035ee	17fd	c.addi	x15,-1	 x15:0x00000003 x15=0x00000002
       12405000	      1141	800035f0	078e	c.slli	x15,0x3	 x15:0x00000002 x15=0x00000010
       12415000	      1142	800035f2	00f89d33	sll	x26,x17,x15	 x17:0x0f0f0f0f x15:0x00000010 x26=0x0f0f0000
       12425000	      1143	800035f6	0f0e	c.slli	x30,0x3	 x30:0x00000001 x30=0x00000008
       12435000	      1144	800035f8	97fa	c.add	x15,x30	 x15:0x00000010 x30:0x00000008 x15=0x00000018
       12445000	      1145	800035fa	00fd5d33	srl	x26,x26,x15	 x26:0x0f0f0000 x15:0x00000018 x26=0x0000000f
       12455000	      1146	800035fe	01bd1793	slli	x15,x26,0x1b	 x26:0x0000000f x15=0x78000000
       12465000	      1147	80003602	83f9	c.srli	x15,0x1e	 x15:0x78000000 x15=0x00000001
       12475000	      1148	80003604	c7a1	c.beqz	x15,8000364c	 x15:0x00000001
       12485000	      1149	80003606	4f05	c.li	x30,1	 x30=0x00000001
       12495000	      1150	80003608	05e78363	beq	x15,x30,8000364e	 x15:0x00000001 x30:0x00000001
       12515000	      1152	8000364e	8f6e	c.mv	x30,x27	  x0:0x00000000 x27:0x00000009 x30=0x00000009
       12525000	      1153	80003650	343027f3	csrrs	x15,mtval,x0	  x0:0x00000000 x15=0x8ffffffc
       12535000	      1154	80003654	8389	c.srli	x15,0x2	 x15:0x8ffffffc x15=0x23ffffff
       12545000	      1155	80003656	000f1563	bne	x30,x0,80003660	 x30:0x00000009  x0:0x00000000
       12565000	      1157	80003660	fd27e2e3	bltu	x15,x18,80003624	 x15:0x23ffffff x18:0x20005abb
       12575000	      1158	80003664	fd87f0e3	bgeu	x15,x24,80003624	 x15:0x23ffffff x24:0x20006454
       12595000	      1160	80003624	8f6e	c.mv	x30,x27	  x0:0x00000000 x27:0x00000009 x30=0x00000009
       12605000	      1161	80003626	8962	c.mv	x18,x24	  x0:0x00000000 x24:0x20006454 x18=0x20006454
       12615000	      1162	80003628	0f05	c.addi	x30,1	 x30:0x00000009 x30=0x0000000a
       12625000	      1163	8000362a	8dfa	c.mv	x27,x30	  x0:0x00000000 x30:0x0000000a x27=0x0000000a
       12635000	      1164	8000362c	4c41	c.li	x24,16	 x24=0x00000010
       12645000	      1165	8000362e	018f5363	bge	x30,x24,80003634	 x30:0x0000000a x24:0x00000010
       12655000	      1166	80003632	b56d	c.j	800034dc	
       12675000	      1168	800034dc	8f6e	c.mv	x30,x27	  x0:0x00000000 x27:0x0000000a x30=0x0000000a
       12685000	      1169	800034de	87fa	c.mv	x15,x30	  x0:0x00000000 x30:0x0000000a x15=0x0000000a
       12695000	      1170	800034e0	4781	c.li	x15,0	 x15=0x00000000
       12705000	      1171	800034e2	04ff0f63	beq	x30,x15,80003540	 x30:0x0000000a x15:0x00000000
       12715000	      1172	800034e6	4785	c.li	x15,1	 x15=0x00000001
       12725000	      1173	800034e8	06ff0163	beq	x30,x15,8000354a	 x30:0x0000000a x15:0x00000001
       12735000	      1174	800034ec	4789	c.li	x15,2	 x15=0x00000002
       12745000	      1175	800034ee	06ff0363	beq	x30,x15,80003554	 x30:0x0000000a x15:0x00000002
       12755000	      1176	800034f2	478d	c.li	x15,3	 x15=0x00000003
       12765000	      1177	800034f4	06ff0563	beq	x30,x15,8000355e	 x30:0x0000000a x15:0x00000003
       12775000	      1178	800034f8	4791	c.li	x15,4	 x15=0x00000004
       12785000	      1179	800034fa	06ff0763	beq	x30,x15,80003568	 x30:0x0000000a x15:0x00000004
       12795000	      1180	800034fe	4795	c.li	x15,5	 x15=0x00000005
       12805000	      1181	80003500	06ff0963	beq	x30,x15,80003572	 x30:0x0000000a x15:0x00000005
       12815000	      1182	80003504	4799	c.li	x15,6	 x15=0x00000006
       12825000	      1183	80003506	06ff0b63	beq	x30,x15,8000357c	 x30:0x0000000a x15:0x00000006
       12835000	      1184	8000350a	479d	c.li	x15,7	 x15=0x00000007
       12845000	      1185	8000350c	06ff0d63	beq	x30,x15,80003586	 x30:0x0000000a x15:0x00000007
       12855000	      1186	80003510	47a1	c.li	x15,8	 x15=0x00000008
       12865000	      1187	80003512	06ff0f63	beq	x30,x15,80003590	 x30:0x0000000a x15:0x00000008
       12875000	      1188	80003516	47a5	c.li	x15,9	 x15=0x00000009
       12885000	      1189	80003518	08ff0163	beq	x30,x15,8000359a	 x30:0x0000000a x15:0x00000009
       12895000	      1190	8000351c	47a9	c.li	x15,10	 x15=0x0000000a
       12905000	      1191	8000351e	08ff0363	beq	x30,x15,800035a4	 x30:0x0000000a x15:0x0000000a
       12925000	      1193	800035a4	3ba02c73	csrrs	x24,pmpaddr10,x0	  x0:0x00000000 x24=0x20006dee
       12935000	      1194	800035a8	3a2028f3	csrrs	x17,pmpcfg2,x0	  x0:0x00000000 x17=0x0f0f0f0f
       12945000	      1195	800035ac	a815	c.j	800035e0	
       12965000	      1197	800035e0	4d11	c.li	x26,4	 x26=0x00000004
       12975000	      1198	800035e2	01ed9f13	slli	x30,x27,0x1e	 x27:0x0000000a x30=0x80000000
       12985000	      1199	800035e6	01ef5f13	srli	x30,x30,0x1e	 x30:0x80000000 x30=0x00000002
       12995000	      1200	800035ea	41ed07b3	sub	x15,x26,x30	 x26:0x00000004 x30:0x00000002 x15=0x00000002
       13005000	      1201	800035ee	17fd	c.addi	x15,-1	 x15:0x00000002 x15=0x00000001
       13015000	      1202	800035f0	078e	c.slli	x15,0x3	 x15:0x00000001 x15=0x00000008
       13025000	      1203	800035f2	00f89d33	sll	x26,x17,x15	 x17:0x0f0f0f0f x15:0x00000008 x26=0x0f0f0f00
       13035000	      1204	800035f6	0f0e	c.slli	x30,0x3	 x30:0x00000002 x30=0x00000010
       13045000	      1205	800035f8	97fa	c.add	x15,x30	 x15:0x00000008 x30:0x00000010 x15=0x00000018
       13055000	      1206	800035fa	00fd5d33	srl	x26,x26,x15	 x26:0x0f0f0f00 x15:0x00000018 x26=0x0000000f
       13065000	      1207	800035fe	01bd1793	slli	x15,x26,0x1b	 x26:0x0000000f x15=0x78000000
       13075000	      1208	80003602	83f9	c.srli	x15,0x1e	 x15:0x78000000 x15=0x00000001
       13085000	      1209	80003604	c7a1	c.beqz	x15,8000364c	 x15:0x00000001
       13095000	      1210	80003606	4f05	c.li	x30,1	 x30=0x00000001
       13105000	      1211	80003608	05e78363	beq	x15,x30,8000364e	 x15:0x00000001 x30:0x00000001
       13125000	      1213	8000364e	8f6e	c.mv	x30,x27	  x0:0x00000000 x27:0x0000000a x30=0x0000000a
       13135000	      1214	80003650	343027f3	csrrs	x15,mtval,x0	  x0:0x00000000 x15=0x8ffffffc
       13145000	      1215	80003654	8389	c.srli	x15,0x2	 x15:0x8ffffffc x15=0x23ffffff
       13155000	      1216	80003656	000f1563	bne	x30,x0,80003660	 x30:0x0000000a  x0:0x00000000
       13175000	      1218	80003660	fd27e2e3	bltu	x15,x18,80003624	 x15:0x23ffffff x18:0x20006454
       13185000	      1219	80003664	fd87f0e3	bgeu	x15,x24,80003624	 x15:0x23ffffff x24:0x20006dee
       13205000	      1221	80003624	8f6e	c.mv	x30,x27	  x0:0x00000000 x27:0x0000000a x30=0x0000000a
       13215000	      1222	80003626	8962	c.mv	x18,x24	  x0:0x00000000 x24:0x20006dee x18=0x20006dee
       13225000	      1223	80003628	0f05	c.addi	x30,1	 x30:0x0000000a x30=0x0000000b
       13235000	      1224	8000362a	8dfa	c.mv	x27,x30	  x0:0x00000000 x30:0x0000000b x27=0x0000000b
       13245000	      1225	8000362c	4c41	c.li	x24,16	 x24=0x00000010
       13255000	      1226	8000362e	018f5363	bge	x30,x24,80003634	 x30:0x0000000b x24:0x00000010
       13265000	      1227	80003632	b56d	c.j	800034dc	
       13285000	      1229	800034dc	8f6e	c.mv	x30,x27	  x0:0x00000000 x27:0x0000000b x30=0x0000000b
       13295000	      1230	800034de	87fa	c.mv	x15,x30	  x0:0x00000000 x30:0x0000000b x15=0x0000000b
       13305000	      1231	800034e0	4781	c.li	x15,0	 x15=0x00000000
       13315000	      1232	800034e2	04ff0f63	beq	x30,x15,80003540	 x30:0x0000000b x15:0x00000000
       13325000	      1233	800034e6	4785	c.li	x15,1	 x15=0x00000001
       13335000	      1234	800034e8	06ff0163	beq	x30,x15,8000354a	 x30:0x0000000b x15:0x00000001
       13345000	      1235	800034ec	4789	c.li	x15,2	 x15=0x00000002
       13355000	      1236	800034ee	06ff0363	beq	x30,x15,80003554	 x30:0x0000000b x15:0x00000002
       13365000	      1237	800034f2	478d	c.li	x15,3	 x15=0x00000003
       13375000	      1238	800034f4	06ff0563	beq	x30,x15,8000355e	 x30:0x0000000b x15:0x00000003
       13385000	      1239	800034f8	4791	c.li	x15,4	 x15=0x00000004
       13395000	      1240	800034fa	06ff0763	beq	x30,x15,80003568	 x30:0x0000000b x15:0x00000004
       13405000	      1241	800034fe	4795	c.li	x15,5	 x15=0x00000005
       13415000	      1242	80003500	06ff0963	beq	x30,x15,80003572	 x30:0x0000000b x15:0x00000005
       13425000	      1243	80003504	4799	c.li	x15,6	 x15=0x00000006
       13435000	      1244	80003506	06ff0b63	beq	x30,x15,8000357c	 x30:0x0000000b x15:0x00000006
       13445000	      1245	8000350a	479d	c.li	x15,7	 x15=0x00000007
       13455000	      1246	8000350c	06ff0d63	beq	x30,x15,80003586	 x30:0x0000000b x15:0x00000007
       13465000	      1247	80003510	47a1	c.li	x15,8	 x15=0x00000008
       13475000	      1248	80003512	06ff0f63	beq	x30,x15,80003590	 x30:0x0000000b x15:0x00000008
       13485000	      1249	80003516	47a5	c.li	x15,9	 x15=0x00000009
       13495000	      1250	80003518	08ff0163	beq	x30,x15,8000359a	 x30:0x0000000b x15:0x00000009
       13505000	      1251	8000351c	47a9	c.li	x15,10	 x15=0x0000000a
       13515000	      1252	8000351e	08ff0363	beq	x30,x15,800035a4	 x30:0x0000000b x15:0x0000000a
       13525000	      1253	80003522	47ad	c.li	x15,11	 x15=0x0000000b
       13535000	      1254	80003524	08ff0563	beq	x30,x15,800035ae	 x30:0x0000000b x15:0x0000000b
       13565000	      1257	800035ae	3bb02c73	csrrs	x24,pmpaddr11,x0	  x0:0x00000000 x24=0x20007787
       13575000	      1258	800035b2	3a2028f3	csrrs	x17,pmpcfg2,x0	  x0:0x00000000 x17=0x0f0f0f0f
       13585000	      1259	800035b6	a02d	c.j	800035e0	
       13605000	      1261	800035e0	4d11	c.li	x26,4	 x26=0x00000004
       13615000	      1262	800035e2	01ed9f13	slli	x30,x27,0x1e	 x27:0x0000000b x30=0xc0000000
       13625000	      1263	800035e6	01ef5f13	srli	x30,x30,0x1e	 x30:0xc0000000 x30=0x00000003
       13635000	      1264	800035ea	41ed07b3	sub	x15,x26,x30	 x26:0x00000004 x30:0x00000003 x15=0x00000001
       13645000	      1265	800035ee	17fd	c.addi	x15,-1	 x15:0x00000001 x15=0x00000000
       13655000	      1266	800035f0	078e	c.slli	x15,0x3	 x15:0x00000000 x15=0x00000000
       13665000	      1267	800035f2	00f89d33	sll	x26,x17,x15	 x17:0x0f0f0f0f x15:0x00000000 x26=0x0f0f0f0f
       13675000	      1268	800035f6	0f0e	c.slli	x30,0x3	 x30:0x00000003 x30=0x00000018
       13685000	      1269	800035f8	97fa	c.add	x15,x30	 x15:0x00000000 x30:0x00000018 x15=0x00000018
       13695000	      1270	800035fa	00fd5d33	srl	x26,x26,x15	 x26:0x0f0f0f0f x15:0x00000018 x26=0x0000000f
       13705000	      1271	800035fe	01bd1793	slli	x15,x26,0x1b	 x26:0x0000000f x15=0x78000000
       13715000	      1272	80003602	83f9	c.srli	x15,0x1e	 x15:0x78000000 x15=0x00000001
       13725000	      1273	80003604	c7a1	c.beqz	x15,8000364c	 x15:0x00000001
       13735000	      1274	80003606	4f05	c.li	x30,1	 x30=0x00000001
       13745000	      1275	80003608	05e78363	beq	x15,x30,8000364e	 x15:0x00000001 x30:0x00000001
       13765000	      1277	8000364e	8f6e	c.mv	x30,x27	  x0:0x00000000 x27:0x0000000b x30=0x0000000b
       13775000	      1278	80003650	343027f3	csrrs	x15,mtval,x0	  x0:0x00000000 x15=0x8ffffffc
       13785000	      1279	80003654	8389	c.srli	x15,0x2	 x15:0x8ffffffc x15=0x23ffffff
       13795000	      1280	80003656	000f1563	bne	x30,x0,80003660	 x30:0x0000000b  x0:0x00000000
       13815000	      1282	80003660	fd27e2e3	bltu	x15,x18,80003624	 x15:0x23ffffff x18:0x20006dee
       13825000	      1283	80003664	fd87f0e3	bgeu	x15,x24,80003624	 x15:0x23ffffff x24:0x20007787
       13845000	      1285	80003624	8f6e	c.mv	x30,x27	  x0:0x00000000 x27:0x0000000b x30=0x0000000b
       13855000	      1286	80003626	8962	c.mv	x18,x24	  x0:0x00000000 x24:0x20007787 x18=0x20007787
       13865000	      1287	80003628	0f05	c.addi	x30,1	 x30:0x0000000b x30=0x0000000c
       13875000	      1288	8000362a	8dfa	c.mv	x27,x30	  x0:0x00000000 x30:0x0000000c x27=0x0000000c
       13885000	      1289	8000362c	4c41	c.li	x24,16	 x24=0x00000010
       13895000	      1290	8000362e	018f5363	bge	x30,x24,80003634	 x30:0x0000000c x24:0x00000010
       13905000	      1291	80003632	b56d	c.j	800034dc	
       13925000	      1293	800034dc	8f6e	c.mv	x30,x27	  x0:0x00000000 x27:0x0000000c x30=0x0000000c
       13935000	      1294	800034de	87fa	c.mv	x15,x30	  x0:0x00000000 x30:0x0000000c x15=0x0000000c
       13945000	      1295	800034e0	4781	c.li	x15,0	 x15=0x00000000
       13955000	      1296	800034e2	04ff0f63	beq	x30,x15,80003540	 x30:0x0000000c x15:0x00000000
       13965000	      1297	800034e6	4785	c.li	x15,1	 x15=0x00000001
       13975000	      1298	800034e8	06ff0163	beq	x30,x15,8000354a	 x30:0x0000000c x15:0x00000001
       13985000	      1299	800034ec	4789	c.li	x15,2	 x15=0x00000002
       13995000	      1300	800034ee	06ff0363	beq	x30,x15,80003554	 x30:0x0000000c x15:0x00000002
       14005000	      1301	800034f2	478d	c.li	x15,3	 x15=0x00000003
       14015000	      1302	800034f4	06ff0563	beq	x30,x15,8000355e	 x30:0x0000000c x15:0x00000003
       14025000	      1303	800034f8	4791	c.li	x15,4	 x15=0x00000004
       14035000	      1304	800034fa	06ff0763	beq	x30,x15,80003568	 x30:0x0000000c x15:0x00000004
       14045000	      1305	800034fe	4795	c.li	x15,5	 x15=0x00000005
       14055000	      1306	80003500	06ff0963	beq	x30,x15,80003572	 x30:0x0000000c x15:0x00000005
       14065000	      1307	80003504	4799	c.li	x15,6	 x15=0x00000006
       14075000	      1308	80003506	06ff0b63	beq	x30,x15,8000357c	 x30:0x0000000c x15:0x00000006
       14085000	      1309	8000350a	479d	c.li	x15,7	 x15=0x00000007
       14095000	      1310	8000350c	06ff0d63	beq	x30,x15,80003586	 x30:0x0000000c x15:0x00000007
       14105000	      1311	80003510	47a1	c.li	x15,8	 x15=0x00000008
       14115000	      1312	80003512	06ff0f63	beq	x30,x15,80003590	 x30:0x0000000c x15:0x00000008
       14125000	      1313	80003516	47a5	c.li	x15,9	 x15=0x00000009
       14135000	      1314	80003518	08ff0163	beq	x30,x15,8000359a	 x30:0x0000000c x15:0x00000009
       14145000	      1315	8000351c	47a9	c.li	x15,10	 x15=0x0000000a
       14155000	      1316	8000351e	08ff0363	beq	x30,x15,800035a4	 x30:0x0000000c x15:0x0000000a
       14165000	      1317	80003522	47ad	c.li	x15,11	 x15=0x0000000b
       14175000	      1318	80003524	08ff0563	beq	x30,x15,800035ae	 x30:0x0000000c x15:0x0000000b
       14185000	      1319	80003528	47b1	c.li	x15,12	 x15=0x0000000c
       14195000	      1320	8000352a	08ff0763	beq	x30,x15,800035b8	 x30:0x0000000c x15:0x0000000c
       14215000	      1322	800035b8	3bc02c73	csrrs	x24,pmpaddr12,x0	  x0:0x00000000 x24=0x20008121
       14225000	      1323	800035bc	3a3028f3	csrrs	x17,pmpcfg3,x0	  x0:0x00000000 x17=0x0f0f0f0f
       14235000	      1324	800035c0	a005	c.j	800035e0	
       14255000	      1326	800035e0	4d11	c.li	x26,4	 x26=0x00000004
       14265000	      1327	800035e2	01ed9f13	slli	x30,x27,0x1e	 x27:0x0000000c x30=0x00000000
       14275000	      1328	800035e6	01ef5f13	srli	x30,x30,0x1e	 x30:0x00000000 x30=0x00000000
       14285000	      1329	800035ea	41ed07b3	sub	x15,x26,x30	 x26:0x00000004 x30:0x00000000 x15=0x00000004
       14295000	      1330	800035ee	17fd	c.addi	x15,-1	 x15:0x00000004 x15=0x00000003
       14305000	      1331	800035f0	078e	c.slli	x15,0x3	 x15:0x00000003 x15=0x00000018
       14315000	      1332	800035f2	00f89d33	sll	x26,x17,x15	 x17:0x0f0f0f0f x15:0x00000018 x26=0x0f000000
       14325000	      1333	800035f6	0f0e	c.slli	x30,0x3	 x30:0x00000000 x30=0x00000000
       14335000	      1334	800035f8	97fa	c.add	x15,x30	 x15:0x00000018 x30:0x00000000 x15=0x00000018
       14345000	      1335	800035fa	00fd5d33	srl	x26,x26,x15	 x26:0x0f000000 x15:0x00000018 x26=0x0000000f
       14355000	      1336	800035fe	01bd1793	slli	x15,x26,0x1b	 x26:0x0000000f x15=0x78000000
       14365000	      1337	80003602	83f9	c.srli	x15,0x1e	 x15:0x78000000 x15=0x00000001
       14375000	      1338	80003604	c7a1	c.beqz	x15,8000364c	 x15:0x00000001
       14385000	      1339	80003606	4f05	c.li	x30,1	 x30=0x00000001
       14395000	      1340	80003608	05e78363	beq	x15,x30,8000364e	 x15:0x00000001 x30:0x00000001
       14415000	      1342	8000364e	8f6e	c.mv	x30,x27	  x0:0x00000000 x27:0x0000000c x30=0x0000000c
       14425000	      1343	80003650	343027f3	csrrs	x15,mtval,x0	  x0:0x00000000 x15=0x8ffffffc
       14435000	      1344	80003654	8389	c.srli	x15,0x2	 x15:0x8ffffffc x15=0x23ffffff
       14445000	      1345	80003656	000f1563	bne	x30,x0,80003660	 x30:0x0000000c  x0:0x00000000
       14465000	      1347	80003660	fd27e2e3	bltu	x15,x18,80003624	 x15:0x23ffffff x18:0x20007787
       14475000	      1348	80003664	fd87f0e3	bgeu	x15,x24,80003624	 x15:0x23ffffff x24:0x20008121
       14495000	      1350	80003624	8f6e	c.mv	x30,x27	  x0:0x00000000 x27:0x0000000c x30=0x0000000c
       14505000	      1351	80003626	8962	c.mv	x18,x24	  x0:0x00000000 x24:0x20008121 x18=0x20008121
       14515000	      1352	80003628	0f05	c.addi	x30,1	 x30:0x0000000c x30=0x0000000d
       14525000	      1353	8000362a	8dfa	c.mv	x27,x30	  x0:0x00000000 x30:0x0000000d x27=0x0000000d
       14535000	      1354	8000362c	4c41	c.li	x24,16	 x24=0x00000010
       14545000	      1355	8000362e	018f5363	bge	x30,x24,80003634	 x30:0x0000000d x24:0x00000010
       14555000	      1356	80003632	b56d	c.j	800034dc	
       14575000	      1358	800034dc	8f6e	c.mv	x30,x27	  x0:0x00000000 x27:0x0000000d x30=0x0000000d
       14585000	      1359	800034de	87fa	c.mv	x15,x30	  x0:0x00000000 x30:0x0000000d x15=0x0000000d
       14595000	      1360	800034e0	4781	c.li	x15,0	 x15=0x00000000
       14605000	      1361	800034e2	04ff0f63	beq	x30,x15,80003540	 x30:0x0000000d x15:0x00000000
       14615000	      1362	800034e6	4785	c.li	x15,1	 x15=0x00000001
       14625000	      1363	800034e8	06ff0163	beq	x30,x15,8000354a	 x30:0x0000000d x15:0x00000001
       14635000	      1364	800034ec	4789	c.li	x15,2	 x15=0x00000002
       14645000	      1365	800034ee	06ff0363	beq	x30,x15,80003554	 x30:0x0000000d x15:0x00000002
       14655000	      1366	800034f2	478d	c.li	x15,3	 x15=0x00000003
       14665000	      1367	800034f4	06ff0563	beq	x30,x15,8000355e	 x30:0x0000000d x15:0x00000003
       14675000	      1368	800034f8	4791	c.li	x15,4	 x15=0x00000004
       14685000	      1369	800034fa	06ff0763	beq	x30,x15,80003568	 x30:0x0000000d x15:0x00000004
       14695000	      1370	800034fe	4795	c.li	x15,5	 x15=0x00000005
       14705000	      1371	80003500	06ff0963	beq	x30,x15,80003572	 x30:0x0000000d x15:0x00000005
       14715000	      1372	80003504	4799	c.li	x15,6	 x15=0x00000006
       14725000	      1373	80003506	06ff0b63	beq	x30,x15,8000357c	 x30:0x0000000d x15:0x00000006
       14735000	      1374	8000350a	479d	c.li	x15,7	 x15=0x00000007
       14745000	      1375	8000350c	06ff0d63	beq	x30,x15,80003586	 x30:0x0000000d x15:0x00000007
       14755000	      1376	80003510	47a1	c.li	x15,8	 x15=0x00000008
       14765000	      1377	80003512	06ff0f63	beq	x30,x15,80003590	 x30:0x0000000d x15:0x00000008
       14775000	      1378	80003516	47a5	c.li	x15,9	 x15=0x00000009
       14785000	      1379	80003518	08ff0163	beq	x30,x15,8000359a	 x30:0x0000000d x15:0x00000009
       14795000	      1380	8000351c	47a9	c.li	x15,10	 x15=0x0000000a
       14805000	      1381	8000351e	08ff0363	beq	x30,x15,800035a4	 x30:0x0000000d x15:0x0000000a
       14815000	      1382	80003522	47ad	c.li	x15,11	 x15=0x0000000b
       14825000	      1383	80003524	08ff0563	beq	x30,x15,800035ae	 x30:0x0000000d x15:0x0000000b
       14835000	      1384	80003528	47b1	c.li	x15,12	 x15=0x0000000c
       14845000	      1385	8000352a	08ff0763	beq	x30,x15,800035b8	 x30:0x0000000d x15:0x0000000c
       14855000	      1386	8000352e	47b5	c.li	x15,13	 x15=0x0000000d
       14865000	      1387	80003530	08ff0963	beq	x30,x15,800035c2	 x30:0x0000000d x15:0x0000000d
       14895000	      1390	800035c2	3bd02c73	csrrs	x24,pmpaddr13,x0	  x0:0x00000000 x24=0x20008aba
       14905000	      1391	800035c6	3a3028f3	csrrs	x17,pmpcfg3,x0	  x0:0x00000000 x17=0x0f0f0f0f
       14915000	      1392	800035ca	a819	c.j	800035e0	
       14935000	      1394	800035e0	4d11	c.li	x26,4	 x26=0x00000004
       14945000	      1395	800035e2	01ed9f13	slli	x30,x27,0x1e	 x27:0x0000000d x30=0x40000000
       14955000	      1396	800035e6	01ef5f13	srli	x30,x30,0x1e	 x30:0x40000000 x30=0x00000001
       14965000	      1397	800035ea	41ed07b3	sub	x15,x26,x30	 x26:0x00000004 x30:0x00000001 x15=0x00000003
       14975000	      1398	800035ee	17fd	c.addi	x15,-1	 x15:0x00000003 x15=0x00000002
       14985000	      1399	800035f0	078e	c.slli	x15,0x3	 x15:0x00000002 x15=0x00000010
       14995000	      1400	800035f2	00f89d33	sll	x26,x17,x15	 x17:0x0f0f0f0f x15:0x00000010 x26=0x0f0f0000
       15005000	      1401	800035f6	0f0e	c.slli	x30,0x3	 x30:0x00000001 x30=0x00000008
       15015000	      1402	800035f8	97fa	c.add	x15,x30	 x15:0x00000010 x30:0x00000008 x15=0x00000018
       15025000	      1403	800035fa	00fd5d33	srl	x26,x26,x15	 x26:0x0f0f0000 x15:0x00000018 x26=0x0000000f
       15035000	      1404	800035fe	01bd1793	slli	x15,x26,0x1b	 x26:0x0000000f x15=0x78000000
       15045000	      1405	80003602	83f9	c.srli	x15,0x1e	 x15:0x78000000 x15=0x00000001
       15055000	      1406	80003604	c7a1	c.beqz	x15,8000364c	 x15:0x00000001
       15065000	      1407	80003606	4f05	c.li	x30,1	 x30=0x00000001
       15075000	      1408	80003608	05e78363	beq	x15,x30,8000364e	 x15:0x00000001 x30:0x00000001
       15095000	      1410	8000364e	8f6e	c.mv	x30,x27	  x0:0x00000000 x27:0x0000000d x30=0x0000000d
       15105000	      1411	80003650	343027f3	csrrs	x15,mtval,x0	  x0:0x00000000 x15=0x8ffffffc
       15115000	      1412	80003654	8389	c.srli	x15,0x2	 x15:0x8ffffffc x15=0x23ffffff
       15125000	      1413	80003656	000f1563	bne	x30,x0,80003660	 x30:0x0000000d  x0:0x00000000
       15145000	      1415	80003660	fd27e2e3	bltu	x15,x18,80003624	 x15:0x23ffffff x18:0x20008121
       15155000	      1416	80003664	fd87f0e3	bgeu	x15,x24,80003624	 x15:0x23ffffff x24:0x20008aba
       15175000	      1418	80003624	8f6e	c.mv	x30,x27	  x0:0x00000000 x27:0x0000000d x30=0x0000000d
       15185000	      1419	80003626	8962	c.mv	x18,x24	  x0:0x00000000 x24:0x20008aba x18=0x20008aba
       15195000	      1420	80003628	0f05	c.addi	x30,1	 x30:0x0000000d x30=0x0000000e
       15205000	      1421	8000362a	8dfa	c.mv	x27,x30	  x0:0x00000000 x30:0x0000000e x27=0x0000000e
       15215000	      1422	8000362c	4c41	c.li	x24,16	 x24=0x00000010
       15225000	      1423	8000362e	018f5363	bge	x30,x24,80003634	 x30:0x0000000e x24:0x00000010
       15235000	      1424	80003632	b56d	c.j	800034dc	
       15255000	      1426	800034dc	8f6e	c.mv	x30,x27	  x0:0x00000000 x27:0x0000000e x30=0x0000000e
       15265000	      1427	800034de	87fa	c.mv	x15,x30	  x0:0x00000000 x30:0x0000000e x15=0x0000000e
       15275000	      1428	800034e0	4781	c.li	x15,0	 x15=0x00000000
       15285000	      1429	800034e2	04ff0f63	beq	x30,x15,80003540	 x30:0x0000000e x15:0x00000000
       15295000	      1430	800034e6	4785	c.li	x15,1	 x15=0x00000001
       15305000	      1431	800034e8	06ff0163	beq	x30,x15,8000354a	 x30:0x0000000e x15:0x00000001
       15315000	      1432	800034ec	4789	c.li	x15,2	 x15=0x00000002
       15325000	      1433	800034ee	06ff0363	beq	x30,x15,80003554	 x30:0x0000000e x15:0x00000002
       15335000	      1434	800034f2	478d	c.li	x15,3	 x15=0x00000003
       15345000	      1435	800034f4	06ff0563	beq	x30,x15,8000355e	 x30:0x0000000e x15:0x00000003
       15355000	      1436	800034f8	4791	c.li	x15,4	 x15=0x00000004
       15365000	      1437	800034fa	06ff0763	beq	x30,x15,80003568	 x30:0x0000000e x15:0x00000004
       15375000	      1438	800034fe	4795	c.li	x15,5	 x15=0x00000005
       15385000	      1439	80003500	06ff0963	beq	x30,x15,80003572	 x30:0x0000000e x15:0x00000005
       15395000	      1440	80003504	4799	c.li	x15,6	 x15=0x00000006
       15405000	      1441	80003506	06ff0b63	beq	x30,x15,8000357c	 x30:0x0000000e x15:0x00000006
       15415000	      1442	8000350a	479d	c.li	x15,7	 x15=0x00000007
       15425000	      1443	8000350c	06ff0d63	beq	x30,x15,80003586	 x30:0x0000000e x15:0x00000007
       15435000	      1444	80003510	47a1	c.li	x15,8	 x15=0x00000008
       15445000	      1445	80003512	06ff0f63	beq	x30,x15,80003590	 x30:0x0000000e x15:0x00000008
       15455000	      1446	80003516	47a5	c.li	x15,9	 x15=0x00000009
       15465000	      1447	80003518	08ff0163	beq	x30,x15,8000359a	 x30:0x0000000e x15:0x00000009
       15475000	      1448	8000351c	47a9	c.li	x15,10	 x15=0x0000000a
       15485000	      1449	8000351e	08ff0363	beq	x30,x15,800035a4	 x30:0x0000000e x15:0x0000000a
       15495000	      1450	80003522	47ad	c.li	x15,11	 x15=0x0000000b
       15505000	      1451	80003524	08ff0563	beq	x30,x15,800035ae	 x30:0x0000000e x15:0x0000000b
       15515000	      1452	80003528	47b1	c.li	x15,12	 x15=0x0000000c
       15525000	      1453	8000352a	08ff0763	beq	x30,x15,800035b8	 x30:0x0000000e x15:0x0000000c
       15535000	      1454	8000352e	47b5	c.li	x15,13	 x15=0x0000000d
       15545000	      1455	80003530	08ff0963	beq	x30,x15,800035c2	 x30:0x0000000e x15:0x0000000d
       15555000	      1456	80003534	47b9	c.li	x15,14	 x15=0x0000000e
       15565000	      1457	80003536	08ff0b63	beq	x30,x15,800035cc	 x30:0x0000000e x15:0x0000000e
       15585000	      1459	800035cc	3be02c73	csrrs	x24,pmpaddr14,x0	  x0:0x00000000 x24=0x20009454
       15595000	      1460	800035d0	3a3028f3	csrrs	x17,pmpcfg3,x0	  x0:0x00000000 x17=0x0f0f0f0f
       15605000	      1461	800035d4	a031	c.j	800035e0	
       15625000	      1463	800035e0	4d11	c.li	x26,4	 x26=0x00000004
       15635000	      1464	800035e2	01ed9f13	slli	x30,x27,0x1e	 x27:0x0000000e x30=0x80000000
       15645000	      1465	800035e6	01ef5f13	srli	x30,x30,0x1e	 x30:0x80000000 x30=0x00000002
       15655000	      1466	800035ea	41ed07b3	sub	x15,x26,x30	 x26:0x00000004 x30:0x00000002 x15=0x00000002
       15665000	      1467	800035ee	17fd	c.addi	x15,-1	 x15:0x00000002 x15=0x00000001
       15675000	      1468	800035f0	078e	c.slli	x15,0x3	 x15:0x00000001 x15=0x00000008
       15685000	      1469	800035f2	00f89d33	sll	x26,x17,x15	 x17:0x0f0f0f0f x15:0x00000008 x26=0x0f0f0f00
       15695000	      1470	800035f6	0f0e	c.slli	x30,0x3	 x30:0x00000002 x30=0x00000010
       15705000	      1471	800035f8	97fa	c.add	x15,x30	 x15:0x00000008 x30:0x00000010 x15=0x00000018
       15715000	      1472	800035fa	00fd5d33	srl	x26,x26,x15	 x26:0x0f0f0f00 x15:0x00000018 x26=0x0000000f
       15725000	      1473	800035fe	01bd1793	slli	x15,x26,0x1b	 x26:0x0000000f x15=0x78000000
       15735000	      1474	80003602	83f9	c.srli	x15,0x1e	 x15:0x78000000 x15=0x00000001
       15745000	      1475	80003604	c7a1	c.beqz	x15,8000364c	 x15:0x00000001
       15755000	      1476	80003606	4f05	c.li	x30,1	 x30=0x00000001
       15765000	      1477	80003608	05e78363	beq	x15,x30,8000364e	 x15:0x00000001 x30:0x00000001
       15785000	      1479	8000364e	8f6e	c.mv	x30,x27	  x0:0x00000000 x27:0x0000000e x30=0x0000000e
       15795000	      1480	80003650	343027f3	csrrs	x15,mtval,x0	  x0:0x00000000 x15=0x8ffffffc
       15805000	      1481	80003654	8389	c.srli	x15,0x2	 x15:0x8ffffffc x15=0x23ffffff
       15815000	      1482	80003656	000f1563	bne	x30,x0,80003660	 x30:0x0000000e  x0:0x00000000
       15835000	      1484	80003660	fd27e2e3	bltu	x15,x18,80003624	 x15:0x23ffffff x18:0x20008aba
       15845000	      1485	80003664	fd87f0e3	bgeu	x15,x24,80003624	 x15:0x23ffffff x24:0x20009454
       15865000	      1487	80003624	8f6e	c.mv	x30,x27	  x0:0x00000000 x27:0x0000000e x30=0x0000000e
       15875000	      1488	80003626	8962	c.mv	x18,x24	  x0:0x00000000 x24:0x20009454 x18=0x20009454
       15885000	      1489	80003628	0f05	c.addi	x30,1	 x30:0x0000000e x30=0x0000000f
       15895000	      1490	8000362a	8dfa	c.mv	x27,x30	  x0:0x00000000 x30:0x0000000f x27=0x0000000f
       15905000	      1491	8000362c	4c41	c.li	x24,16	 x24=0x00000010
       15915000	      1492	8000362e	018f5363	bge	x30,x24,80003634	 x30:0x0000000f x24:0x00000010
       15925000	      1493	80003632	b56d	c.j	800034dc	
       15945000	      1495	800034dc	8f6e	c.mv	x30,x27	  x0:0x00000000 x27:0x0000000f x30=0x0000000f
       15955000	      1496	800034de	87fa	c.mv	x15,x30	  x0:0x00000000 x30:0x0000000f x15=0x0000000f
       15965000	      1497	800034e0	4781	c.li	x15,0	 x15=0x00000000
       15975000	      1498	800034e2	04ff0f63	beq	x30,x15,80003540	 x30:0x0000000f x15:0x00000000
       15985000	      1499	800034e6	4785	c.li	x15,1	 x15=0x00000001
       15995000	      1500	800034e8	06ff0163	beq	x30,x15,8000354a	 x30:0x0000000f x15:0x00000001
       16005000	      1501	800034ec	4789	c.li	x15,2	 x15=0x00000002
       16015000	      1502	800034ee	06ff0363	beq	x30,x15,80003554	 x30:0x0000000f x15:0x00000002
       16025000	      1503	800034f2	478d	c.li	x15,3	 x15=0x00000003
       16035000	      1504	800034f4	06ff0563	beq	x30,x15,8000355e	 x30:0x0000000f x15:0x00000003
       16045000	      1505	800034f8	4791	c.li	x15,4	 x15=0x00000004
       16055000	      1506	800034fa	06ff0763	beq	x30,x15,80003568	 x30:0x0000000f x15:0x00000004
       16065000	      1507	800034fe	4795	c.li	x15,5	 x15=0x00000005
       16075000	      1508	80003500	06ff0963	beq	x30,x15,80003572	 x30:0x0000000f x15:0x00000005
       16085000	      1509	80003504	4799	c.li	x15,6	 x15=0x00000006
       16095000	      1510	80003506	06ff0b63	beq	x30,x15,8000357c	 x30:0x0000000f x15:0x00000006
       16105000	      1511	8000350a	479d	c.li	x15,7	 x15=0x00000007
       16115000	      1512	8000350c	06ff0d63	beq	x30,x15,80003586	 x30:0x0000000f x15:0x00000007
       16125000	      1513	80003510	47a1	c.li	x15,8	 x15=0x00000008
       16135000	      1514	80003512	06ff0f63	beq	x30,x15,80003590	 x30:0x0000000f x15:0x00000008
       16145000	      1515	80003516	47a5	c.li	x15,9	 x15=0x00000009
       16155000	      1516	80003518	08ff0163	beq	x30,x15,8000359a	 x30:0x0000000f x15:0x00000009
       16165000	      1517	8000351c	47a9	c.li	x15,10	 x15=0x0000000a
       16175000	      1518	8000351e	08ff0363	beq	x30,x15,800035a4	 x30:0x0000000f x15:0x0000000a
       16185000	      1519	80003522	47ad	c.li	x15,11	 x15=0x0000000b
       16195000	      1520	80003524	08ff0563	beq	x30,x15,800035ae	 x30:0x0000000f x15:0x0000000b
       16205000	      1521	80003528	47b1	c.li	x15,12	 x15=0x0000000c
       16215000	      1522	8000352a	08ff0763	beq	x30,x15,800035b8	 x30:0x0000000f x15:0x0000000c
       16225000	      1523	8000352e	47b5	c.li	x15,13	 x15=0x0000000d
       16235000	      1524	80003530	08ff0963	beq	x30,x15,800035c2	 x30:0x0000000f x15:0x0000000d
       16245000	      1525	80003534	47b9	c.li	x15,14	 x15=0x0000000e
       16255000	      1526	80003536	08ff0b63	beq	x30,x15,800035cc	 x30:0x0000000f x15:0x0000000e
       16265000	      1527	8000353a	47bd	c.li	x15,15	 x15=0x0000000f
       16275000	      1528	8000353c	08ff0d63	beq	x30,x15,800035d6	 x30:0x0000000f x15:0x0000000f
       16305000	      1531	800035d6	3bf02c73	csrrs	x24,pmpaddr15,x0	  x0:0x00000000 x24=0x20009ded
       16315000	      1532	800035da	3a3028f3	csrrs	x17,pmpcfg3,x0	  x0:0x00000000 x17=0x0f0f0f0f
       16325000	      1533	800035de	a009	c.j	800035e0	
       16345000	      1535	800035e0	4d11	c.li	x26,4	 x26=0x00000004
       16355000	      1536	800035e2	01ed9f13	slli	x30,x27,0x1e	 x27:0x0000000f x30=0xc0000000
       16365000	      1537	800035e6	01ef5f13	srli	x30,x30,0x1e	 x30:0xc0000000 x30=0x00000003
       16375000	      1538	800035ea	41ed07b3	sub	x15,x26,x30	 x26:0x00000004 x30:0x00000003 x15=0x00000001
       16385000	      1539	800035ee	17fd	c.addi	x15,-1	 x15:0x00000001 x15=0x00000000
       16395000	      1540	800035f0	078e	c.slli	x15,0x3	 x15:0x00000000 x15=0x00000000
       16405000	      1541	800035f2	00f89d33	sll	x26,x17,x15	 x17:0x0f0f0f0f x15:0x00000000 x26=0x0f0f0f0f
       16415000	      1542	800035f6	0f0e	c.slli	x30,0x3	 x30:0x00000003 x30=0x00000018
       16425000	      1543	800035f8	97fa	c.add	x15,x30	 x15:0x00000000 x30:0x00000018 x15=0x00000018
       16435000	      1544	800035fa	00fd5d33	srl	x26,x26,x15	 x26:0x0f0f0f0f x15:0x00000018 x26=0x0000000f
       16445000	      1545	800035fe	01bd1793	slli	x15,x26,0x1b	 x26:0x0000000f x15=0x78000000
       16455000	      1546	80003602	83f9	c.srli	x15,0x1e	 x15:0x78000000 x15=0x00000001
       16465000	      1547	80003604	c7a1	c.beqz	x15,8000364c	 x15:0x00000001
       16475000	      1548	80003606	4f05	c.li	x30,1	 x30=0x00000001
       16485000	      1549	80003608	05e78363	beq	x15,x30,8000364e	 x15:0x00000001 x30:0x00000001
       16505000	      1551	8000364e	8f6e	c.mv	x30,x27	  x0:0x00000000 x27:0x0000000f x30=0x0000000f
       16515000	      1552	80003650	343027f3	csrrs	x15,mtval,x0	  x0:0x00000000 x15=0x8ffffffc
       16525000	      1553	80003654	8389	c.srli	x15,0x2	 x15:0x8ffffffc x15=0x23ffffff
       16535000	      1554	80003656	000f1563	bne	x30,x0,80003660	 x30:0x0000000f  x0:0x00000000
       16555000	      1556	80003660	fd27e2e3	bltu	x15,x18,80003624	 x15:0x23ffffff x18:0x20009454
       16565000	      1557	80003664	fd87f0e3	bgeu	x15,x24,80003624	 x15:0x23ffffff x24:0x20009ded
       16585000	      1559	80003624	8f6e	c.mv	x30,x27	  x0:0x00000000 x27:0x0000000f x30=0x0000000f
       16595000	      1560	80003626	8962	c.mv	x18,x24	  x0:0x00000000 x24:0x20009ded x18=0x20009ded
       16605000	      1561	80003628	0f05	c.addi	x30,1	 x30:0x0000000f x30=0x00000010
       16615000	      1562	8000362a	8dfa	c.mv	x27,x30	  x0:0x00000000 x30:0x00000010 x27=0x00000010
       16625000	      1563	8000362c	4c41	c.li	x24,16	 x24=0x00000010
       16635000	      1564	8000362e	018f5363	bge	x30,x24,80003634	 x30:0x00000010 x24:0x00000010
       16655000	      1566	80003634	74702f73	csrrs	x30,0x747,x0	  x0:0x00000000 x30=0x00000000
       16665000	      1567	80003638	002f7f13	andi	x30,x30,2	 x30:0x00000000 x30=0x00000000
       16675000	      1568	8000363c	060f1b63	bne	x30,x0,800036b2	 x30:0x00000000  x0:0x00000000
       16685000	      1569	80003640	ffffdf17	auipc	x30,0xffffd	 x30=0x80000640
       16695000	      1570	80003644	fa4f0f13	addi	x30,x30,-92	 x30:0x80000640 x30=0x800005e4
       16705000	      1571	80003648	000f0067	jalr	x0,0(x30)	 x30:0x800005e4  x0=0x00000000
       16725000	      1573	800005e4	90000c37	lui	x24,0x90000	 x24=0x90000000
       16735000	      1574	800005e8	1c61	c.addi	x24,-8	 x24:0x90000000 x24=0x8ffffff8
       16745000	      1575	800005ea	4f01	c.li	x30,0	 x30=0x00000000
       16755000	      1576	800005ec	0f22	c.slli	x30,0x8	 x30:0x00000000 x30=0x00000000
       16765000	      1577	800005ee	0f05	c.addi	x30,1	 x30:0x00000000 x30=0x00000001
       16775000	      1578	800005f0	01ec2023	sw	x30,0(x24)	 x24:0x8ffffff8 x30:0x00000001 PA:0x8ffffff8 store:0x00000001 load:0x00000000
       16785000	      1579	800005f4	00000073	ecall	
       16815000	      1582	80002a00	0800006f	jal	x0,80002a80	  x0=0x00000000
       16835000	      1584	80002a80	12f1	c.addi	x5,-4	  x5:0x8002cc60  x5=0x8002cc5c
       16845000	      1585	80002a82	0172a023	sw	x23,0(x5)	  x5:0x8002cc5c x23:0x8002cc60 PA:0x8002cc5c store:0x8002cc60 load:0x00000000
