Time	Cycle	PC	Insn	Decoded instruction	Register and memory contents
        2202000	         8	80000080	40001f37	lui	x30,0x40001	 x30=0x40001000
        2362000	        16	80000084	106f0f13	addi	x30,x30,262	 x30:0x40001000 x30=0x40001106
        2642000	        30	80000088	301f1073	csrrw	x0,misa,x30	 x30:0x40001106  x0=0x00000000
        2702000	        33	8000008c	0002d297	auipc	x5,0x2d	  x5=0x8002d08c
        2862000	        41	80000090	c5828293	addi	x5,x5,-936	  x5:0x8002d08c  x5=0x8002cce4
        2882000	        42	80000094	00003f17	auipc	x30,0x3	 x30=0x80003094
        2902000	        43	80000098	96cf0f13	addi	x30,x30,-1684	 x30:0x80003094 x30=0x80002a00
        3142000	        55	8000009c	001f6f13	ori	x30,x30,1	 x30:0x80002a00 x30=0x80002a01
        3402000	        68	800000a0	305f1073	csrrw	x0,mtvec,x30	 x30:0x80002a01  x0=0x00000000
        3462000	        71	800000a4	74725073	csrrwi	x0,0x747,4	  x0=0x00000000
        3522000	        74	800000a8	00003797	auipc	x15,0x3	 x15=0x800030a8
        3542000	        75	800000ac	71478793	addi	x15,x15,1812	 x15:0x800030a8 x15=0x800037bc
        3562000	        76	800000b0	4f01	c.li	x30,0	 x30=0x00000000
        3582000	        77	800000b2	97fa	c.add	x15,x30	 x15:0x800037bc x30:0x00000000 x15=0x800037bc
        3862000	        91	800000b4	8389	c.srli	x15,0x2	 x15:0x800037bc x15=0x20000def
        3882000	        92	800000b6	3b079073	csrrw	x0,pmpaddr0,x15	 x15:0x20000def  x0=0x00000000
        4302000	       113	800000ba	00003797	auipc	x15,0x3	 x15=0x800030ba
        4362000	       116	800000be	70278793	addi	x15,x15,1794	 x15:0x800030ba x15=0x800037bc
        4382000	       117	800000c2	6f09	c.lui	x30,0x2	 x30=0x00002000
        4402000	       118	800000c4	666f0f13	addi	x30,x30,1638	 x30:0x00002000 x30=0x00002666
        4462000	       121	800000c8	97fa	c.add	x15,x30	 x15:0x800037bc x30:0x00002666 x15=0x80005e22
        4482000	       122	800000ca	8389	c.srli	x15,0x2	 x15:0x80005e22 x15=0x20001788
        4742000	       135	800000cc	3b179073	csrrw	x0,pmpaddr1,x15	 x15:0x20001788  x0=0x00000000
        4802000	       138	800000d0	00003797	auipc	x15,0x3	 x15=0x800030d0
        4922000	       144	800000d4	6ec78793	addi	x15,x15,1772	 x15:0x800030d0 x15=0x800037bc
        4942000	       145	800000d8	6f15	c.lui	x30,0x5	 x30=0x00005000
        4962000	       146	800000da	cccf0f13	addi	x30,x30,-820	 x30:0x00005000 x30=0x00004ccc
        4982000	       147	800000de	97fa	c.add	x15,x30	 x15:0x800037bc x30:0x00004ccc x15=0x80008488
        5002000	       148	800000e0	8389	c.srli	x15,0x2	 x15:0x80008488 x15=0x20002122
        5082000	       152	800000e2	3b279073	csrrw	x0,pmpaddr2,x15	 x15:0x20002122  x0=0x00000000
        5242000	       160	800000e6	00003797	auipc	x15,0x3	 x15=0x800030e6
        5262000	       161	800000ea	6d678793	addi	x15,x15,1750	 x15:0x800030e6 x15=0x800037bc
        5282000	       162	800000ee	6f1d	c.lui	x30,0x7	 x30=0x00007000
        5302000	       163	800000f0	332f0f13	addi	x30,x30,818	 x30:0x00007000 x30=0x00007332
        5322000	       164	800000f4	97fa	c.add	x15,x30	 x15:0x800037bc x30:0x00007332 x15=0x8000aaee
        5342000	       165	800000f6	8389	c.srli	x15,0x2	 x15:0x8000aaee x15=0x20002abb
        5362000	       166	800000f8	3b379073	csrrw	x0,pmpaddr3,x15	 x15:0x20002abb  x0=0x00000000
        5502000	       173	800000fc	0f0f17b7	lui	x15,0xf0f1	 x15=0x0f0f1000
        5542000	       175	80000100	f0f78793	addi	x15,x15,-241	 x15:0x0f0f1000 x15=0x0f0f0f0f
        5562000	       176	80000104	3a079073	csrrw	x0,pmpcfg0,x15	 x15:0x0f0f0f0f  x0=0x00000000
        5622000	       179	80000108	00003797	auipc	x15,0x3	 x15=0x80003108
        5642000	       180	8000010c	6b478793	addi	x15,x15,1716	 x15:0x80003108 x15=0x800037bc
        5722000	       184	80000110	6f29	c.lui	x30,0xa	 x30=0x0000a000
        5742000	       185	80000112	998f0f13	addi	x30,x30,-1640	 x30:0x0000a000 x30=0x00009998
        5762000	       186	80000116	97fa	c.add	x15,x30	 x15:0x800037bc x30:0x00009998 x15=0x8000d154
        6162000	       206	80000118	8389	c.srli	x15,0x2	 x15:0x8000d154 x15=0x20003455
        6202000	       208	8000011a	3b479073	csrrw	x0,pmpaddr4,x15	 x15:0x20003455  x0=0x00000000
        6262000	       211	8000011e	00003797	auipc	x15,0x3	 x15=0x8000311e
        6282000	       212	80000122	69e78793	addi	x15,x15,1694	 x15:0x8000311e x15=0x800037bc
        6302000	       213	80000126	6f31	c.lui	x30,0xc	 x30=0x0000c000
        6662000	       231	80000128	1f79	c.addi	x30,-2	 x30:0x0000c000 x30=0x0000bffe
        6682000	       232	8000012a	97fa	c.add	x15,x30	 x15:0x800037bc x30:0x0000bffe x15=0x8000f7ba
        6702000	       233	8000012c	8389	c.srli	x15,0x2	 x15:0x8000f7ba x15=0x20003dee
        7102000	       253	8000012e	3b579073	csrrw	x0,pmpaddr5,x15	 x15:0x20003dee  x0=0x00000000
        7162000	       256	80000132	00003797	auipc	x15,0x3	 x15=0x80003132
        7242000	       260	80000136	68a78793	addi	x15,x15,1674	 x15:0x80003132 x15=0x800037bc
        7262000	       261	8000013a	6f39	c.lui	x30,0xe	 x30=0x0000e000
        7402000	       268	8000013c	664f0f13	addi	x30,x30,1636	 x30:0x0000e000 x30=0x0000e664
        7422000	       269	80000140	97fa	c.add	x15,x30	 x15:0x800037bc x30:0x0000e664 x15=0x80011e20
        7442000	       270	80000142	8389	c.srli	x15,0x2	 x15:0x80011e20 x15=0x20004788
        7462000	       271	80000144	3b679073	csrrw	x0,pmpaddr6,x15	 x15:0x20004788  x0=0x00000000
        7522000	       274	80000148	00003797	auipc	x15,0x3	 x15=0x80003148
        7742000	       285	8000014c	67478793	addi	x15,x15,1652	 x15:0x80003148 x15=0x800037bc
        7942000	       295	80000150	6f45	c.lui	x30,0x11	 x30=0x00011000
        8362000	       316	80000152	ccaf0f13	addi	x30,x30,-822	 x30:0x00011000 x30=0x00010cca
        8382000	       317	80000156	97fa	c.add	x15,x30	 x15:0x800037bc x30:0x00010cca x15=0x80014486
        8402000	       318	80000158	8389	c.srli	x15,0x2	 x15:0x80014486 x15=0x20005121
        8642000	       330	8000015a	3b779073	csrrw	x0,pmpaddr7,x15	 x15:0x20005121  x0=0x00000000
        8922000	       344	8000015e	0f0f17b7	lui	x15,0xf0f1	 x15=0x0f0f1000
        8942000	       345	80000162	f0f78793	addi	x15,x15,-241	 x15:0x0f0f1000 x15=0x0f0f0f0f
        8982000	       347	80000166	3a179073	csrrw	x0,pmpcfg1,x15	 x15:0x0f0f0f0f  x0=0x00000000
        9042000	       350	8000016a	00003797	auipc	x15,0x3	 x15=0x8000316a
        9142000	       355	8000016e	65278793	addi	x15,x15,1618	 x15:0x8000316a x15=0x800037bc
        9162000	       356	80000172	6f4d	c.lui	x30,0x13	 x30=0x00013000
        9302000	       363	80000174	330f0f13	addi	x30,x30,816	 x30:0x00013000 x30=0x00013330
        9442000	       370	80000178	97fa	c.add	x15,x30	 x15:0x800037bc x30:0x00013330 x15=0x80016aec
        9462000	       371	8000017a	8389	c.srli	x15,0x2	 x15:0x80016aec x15=0x20005abb
        9562000	       376	8000017c	3b879073	csrrw	x0,pmpaddr8,x15	 x15:0x20005abb  x0=0x00000000
        9622000	       379	80000180	00003797	auipc	x15,0x3	 x15=0x80003180
        9642000	       380	80000184	63c78793	addi	x15,x15,1596	 x15:0x80003180 x15=0x800037bc
        9962000	       396	80000188	6f59	c.lui	x30,0x16	 x30=0x00016000
        9982000	       397	8000018a	996f0f13	addi	x30,x30,-1642	 x30:0x00016000 x30=0x00015996
       10002000	       398	8000018e	97fa	c.add	x15,x30	 x15:0x800037bc x30:0x00015996 x15=0x80019152
       10022000	       399	80000190	8389	c.srli	x15,0x2	 x15:0x80019152 x15=0x20006454
       10422000	       419	80000192	3b979073	csrrw	x0,pmpaddr9,x15	 x15:0x20006454  x0=0x00000000
       10802000	       438	80000196	00003797	auipc	x15,0x3	 x15=0x80003196
       10822000	       439	8000019a	62678793	addi	x15,x15,1574	 x15:0x80003196 x15=0x800037bc
       10842000	       440	8000019e	6f61	c.lui	x30,0x18	 x30=0x00018000
       10862000	       441	800001a0	1f71	c.addi	x30,-4	 x30:0x00018000 x30=0x00017ffc
       10882000	       442	800001a2	97fa	c.add	x15,x30	 x15:0x800037bc x30:0x00017ffc x15=0x8001b7b8
       10902000	       443	800001a4	8389	c.srli	x15,0x2	 x15:0x8001b7b8 x15=0x20006dee
       10922000	       444	800001a6	3ba79073	csrrw	x0,pmpaddr10,x15	 x15:0x20006dee  x0=0x00000000
       10982000	       447	800001aa	00003797	auipc	x15,0x3	 x15=0x800031aa
       11002000	       448	800001ae	61278793	addi	x15,x15,1554	 x15:0x800031aa x15=0x800037bc
       11022000	       449	800001b2	6f69	c.lui	x30,0x1a	 x30=0x0001a000
       11202000	       458	800001b4	662f0f13	addi	x30,x30,1634	 x30:0x0001a000 x30=0x0001a662
       11302000	       463	800001b8	97fa	c.add	x15,x30	 x15:0x800037bc x30:0x0001a662 x15=0x8001de1e
       11322000	       464	800001ba	8389	c.srli	x15,0x2	 x15:0x8001de1e x15=0x20007787
       11542000	       475	800001bc	3bb79073	csrrw	x0,pmpaddr11,x15	 x15:0x20007787  x0=0x00000000
       11602000	       478	800001c0	0f0f17b7	lui	x15,0xf0f1	 x15=0x0f0f1000
       11742000	       485	800001c4	f0f78793	addi	x15,x15,-241	 x15:0x0f0f1000 x15=0x0f0f0f0f
       11882000	       492	800001c8	3a279073	csrrw	x0,pmpcfg2,x15	 x15:0x0f0f0f0f  x0=0x00000000
       11942000	       495	800001cc	00003797	auipc	x15,0x3	 x15=0x800031cc
       11962000	       496	800001d0	5f078793	addi	x15,x15,1520	 x15:0x800031cc x15=0x800037bc
       12082000	       502	800001d4	6f75	c.lui	x30,0x1d	 x30=0x0001d000
       12382000	       517	800001d6	cc8f0f13	addi	x30,x30,-824	 x30:0x0001d000 x30=0x0001ccc8
       12402000	       518	800001da	97fa	c.add	x15,x30	 x15:0x800037bc x30:0x0001ccc8 x15=0x80020484
       12622000	       529	800001dc	8389	c.srli	x15,0x2	 x15:0x80020484 x15=0x20008121
       12642000	       530	800001de	3bc79073	csrrw	x0,pmpaddr12,x15	 x15:0x20008121  x0=0x00000000
       12762000	       536	800001e2	00003797	auipc	x15,0x3	 x15=0x800031e2
       12862000	       541	800001e6	5da78793	addi	x15,x15,1498	 x15:0x800031e2 x15=0x800037bc
       12882000	       542	800001ea	6f7d	c.lui	x30,0x1f	 x30=0x0001f000
       12902000	       543	800001ec	32ef0f13	addi	x30,x30,814	 x30:0x0001f000 x30=0x0001f32e
       13162000	       556	800001f0	97fa	c.add	x15,x30	 x15:0x800037bc x30:0x0001f32e x15=0x80022aea
       13182000	       557	800001f2	8389	c.srli	x15,0x2	 x15:0x80022aea x15=0x20008aba
       13582000	       577	800001f4	3bd79073	csrrw	x0,pmpaddr13,x15	 x15:0x20008aba  x0=0x00000000
       13642000	       580	800001f8	00003797	auipc	x15,0x3	 x15=0x800031f8
       13762000	       586	800001fc	5c478793	addi	x15,x15,1476	 x15:0x800031f8 x15=0x800037bc
       13902000	       593	80000200	00022f37	lui	x30,0x22	 x30=0x00022000
       13922000	       594	80000204	994f0f13	addi	x30,x30,-1644	 x30:0x00022000 x30=0x00021994
       14102000	       603	80000208	97fa	c.add	x15,x30	 x15:0x800037bc x30:0x00021994 x15=0x80025150
       14122000	       604	8000020a	8389	c.srli	x15,0x2	 x15:0x80025150 x15=0x20009454
       14142000	       605	8000020c	3be79073	csrrw	x0,pmpaddr14,x15	 x15:0x20009454  x0=0x00000000
       14202000	       608	80000210	00003797	auipc	x15,0x3	 x15=0x80003210
       14222000	       609	80000214	5ac78793	addi	x15,x15,1452	 x15:0x80003210 x15=0x800037bc
       14242000	       610	80000218	00024f37	lui	x30,0x24	 x30=0x00024000
       14262000	       611	8000021c	1f69	c.addi	x30,-6	 x30:0x00024000 x30=0x00023ffa
       14282000	       612	8000021e	97fa	c.add	x15,x30	 x15:0x800037bc x30:0x00023ffa x15=0x800277b6
       14422000	       619	80000220	8389	c.srli	x15,0x2	 x15:0x800277b6 x15=0x20009ded
       14502000	       623	80000222	3bf79073	csrrw	x0,pmpaddr15,x15	 x15:0x20009ded  x0=0x00000000
       14582000	       627	80000226	0f0f17b7	lui	x15,0xf0f1	 x15=0x0f0f1000
       14622000	       629	8000022a	f0f78793	addi	x15,x15,-241	 x15:0x0f0f1000 x15=0x0f0f0f0f
       14942000	       645	8000022e	3a379073	csrrw	x0,pmpcfg3,x15	 x15:0x0f0f0f0f  x0=0x00000000
       15362000	       666	80000232	74705073	csrrwi	x0,0x747,0	  x0=0x00000000
       15422000	       669	80000236	6daf87b7	lui	x15,0x6daf8	 x15=0x6daf8000
       15582000	       677	8000023a	6a678793	addi	x15,x15,1702	 x15:0x6daf8000 x15=0x6daf86a6
       15622000	       679	8000023e	00003917	auipc	x18,0x3	 x18=0x8000323e
       15642000	       680	80000242	57e90913	addi	x18,x18,1406	 x18:0x8000323e x18=0x800037bc
       15662000	       681	80000246	97ca	c.add	x15,x18	 x15:0x6daf86a6 x18:0x800037bc x15=0xedafbe62
       15682000	       682	80000248	3b0797f3	csrrw	x15,pmpaddr0,x15	 x15:0xedafbe62 x15=0x20000def
       15742000	       685	8000024c	3b0797f3	csrrw	x15,pmpaddr0,x15	 x15:0x20000def x15=0xedafbe62
       16122000	       704	80000250	5b5047b7	lui	x15,0x5b504	 x15=0x5b504000
       16142000	       705	80000254	70f78793	addi	x15,x15,1807	 x15:0x5b504000 x15=0x5b50470f
       16162000	       706	80000258	3a0797f3	csrrw	x15,pmpcfg0,x15	 x15:0x5b50470f x15=0x0f0f0f0f
       16222000	       709	8000025c	3a0797f3	csrrw	x15,pmpcfg0,x15	 x15:0x0f0f0f0f x15=0x1b10070f
       16542000	       725	80000260	4b3f07b7	lui	x15,0x4b3f0	 x15=0x4b3f0000
       16602000	       728	80000264	65878793	addi	x15,x15,1624	 x15:0x4b3f0000 x15=0x4b3f0658
       16982000	       747	80000268	00003917	auipc	x18,0x3	 x18=0x80003268
       17362000	       766	8000026c	55490913	addi	x18,x18,1364	 x18:0x80003268 x18=0x800037bc
       17382000	       767	80000270	97ca	c.add	x15,x18	 x15:0x4b3f0658 x18:0x800037bc x15=0xcb3f3e14
       17802000	       788	80000272	3b1797f3	csrrw	x15,pmpaddr1,x15	 x15:0xcb3f3e14 x15=0x20001788
       17862000	       791	80000276	3b1797f3	csrrw	x15,pmpaddr1,x15	 x15:0x20001788 x15=0xcb3f3e14
       17922000	       794	8000027a	344d37b7	lui	x15,0x344d3	 x15=0x344d3000
       18262000	       811	8000027e	90f78793	addi	x15,x15,-1777	 x15:0x344d3000 x15=0x344d290f
       18282000	       812	80000282	3a0797f3	csrrw	x15,pmpcfg0,x15	 x15:0x344d290f x15=0x0f0f0f0f
       18482000	       822	80000286	3a0797f3	csrrw	x15,pmpcfg0,x15	 x15:0x0f0f0f0f x15=0x140d090f
       18782000	       837	8000028a	021c57b7	lui	x15,0x21c5	 x15=0x021c5000
       18802000	       838	8000028e	48178793	addi	x15,x15,1153	 x15:0x021c5000 x15=0x021c5481
       18822000	       839	80000292	00003917	auipc	x18,0x3	 x18=0x80003292
       19002000	       848	80000296	52a90913	addi	x18,x18,1322	 x18:0x80003292 x18=0x800037bc
       19022000	       849	8000029a	97ca	c.add	x15,x18	 x15:0x021c5481 x18:0x800037bc x15=0x821c8c3d
       19182000	       857	8000029c	3b2797f3	csrrw	x15,pmpaddr2,x15	 x15:0x821c8c3d x15=0x20002122
       19242000	       860	800002a0	3b2797f3	csrrw	x15,pmpaddr2,x15	 x15:0x20002122 x15=0x821c8c3d
       19362000	       866	800002a4	1b6837b7	lui	x15,0x1b683	 x15=0x1b683000
       19602000	       878	800002a8	c0f78793	addi	x15,x15,-1009	 x15:0x1b683000 x15=0x1b682c0f
       19622000	       879	800002ac	3a0797f3	csrrw	x15,pmpcfg0,x15	 x15:0x1b682c0f x15=0x0f0f0f0f
       20042000	       900	800002b0	3a0797f3	csrrw	x15,pmpcfg0,x15	 x15:0x0f0f0f0f x15=0x1b080c0f
       20182000	       907	800002b4	0473e7b7	lui	x15,0x473e	 x15=0x0473e000
       20342000	       915	800002b8	99978793	addi	x15,x15,-1639	 x15:0x0473e000 x15=0x0473d999
       20362000	       916	800002bc	00003917	auipc	x18,0x3	 x18=0x800032bc
       20562000	       926	800002c0	50090913	addi	x18,x18,1280	 x18:0x800032bc x18=0x800037bc
       20982000	       947	800002c4	97ca	c.add	x15,x18	 x15:0x0473d999 x18:0x800037bc x15=0x84741155
       21182000	       957	800002c6	3b3797f3	csrrw	x15,pmpaddr3,x15	 x15:0x84741155 x15=0x20002abb
       21382000	       967	800002ca	3b3797f3	csrrw	x15,pmpaddr3,x15	 x15:0x20002abb x15=0x84741155
       21442000	       970	800002ce	137037b7	lui	x15,0x13703	 x15=0x13703000
       21462000	       971	800002d2	07bd	c.addi	x15,15	 x15:0x13703000 x15=0x1370300f
       21482000	       972	800002d4	3a0797f3	csrrw	x15,pmpcfg0,x15	 x15:0x1370300f x15=0x0f0f0f0f
       21542000	       975	800002d8	3a0797f3	csrrw	x15,pmpcfg0,x15	 x15:0x0f0f0f0f x15=0x1310100f
       21762000	       986	800002dc	2289e7b7	lui	x15,0x2289e	 x15=0x2289e000
       21782000	       987	800002e0	77778793	addi	x15,x15,1911	 x15:0x2289e000 x15=0x2289e777
       21802000	       988	800002e4	00003917	auipc	x18,0x3	 x18=0x800032e4
       21822000	       989	800002e8	4d890913	addi	x18,x18,1240	 x18:0x800032e4 x18=0x800037bc
       21842000	       990	800002ec	97ca	c.add	x15,x18	 x15:0x2289e777 x18:0x800037bc x15=0xa28a1f33
       22042000	      1000	800002ee	3b4797f3	csrrw	x15,pmpaddr4,x15	 x15:0xa28a1f33 x15=0x20003455
       22102000	      1003	800002f2	3b4797f3	csrrw	x15,pmpaddr4,x15	 x15:0x20003455 x15=0xa28a1f33
       22162000	      1006	800002f6	372b57b7	lui	x15,0x372b5	 x15=0x372b5000
       22262000	      1011	800002fa	87578793	addi	x15,x15,-1931	 x15:0x372b5000 x15=0x372b4875
       22282000	      1012	800002fe	3a1797f3	csrrw	x15,pmpcfg1,x15	 x15:0x372b4875 x15=0x0f0f0f0f
       22342000	      1015	80000302	3a1797f3	csrrw	x15,pmpcfg1,x15	 x15:0x0f0f0f0f x15=0x170b0815
       22542000	      1025	80000306	58bb87b7	lui	x15,0x58bb8	 x15=0x58bb8000
       22562000	      1026	8000030a	81b78793	addi	x15,x15,-2021	 x15:0x58bb8000 x15=0x58bb781b
       22702000	      1033	8000030e	00003917	auipc	x18,0x3	 x18=0x8000330e
       22722000	      1034	80000312	4ae90913	addi	x18,x18,1198	 x18:0x8000330e x18=0x800037bc
       22742000	      1035	80000316	97ca	c.add	x15,x18	 x15:0x58bb781b x18:0x800037bc x15=0xd8bbafd7
       22842000	      1040	80000318	3b5797f3	csrrw	x15,pmpaddr5,x15	 x15:0xd8bbafd7 x15=0x20003dee
       23042000	      1050	8000031c	3b5797f3	csrrw	x15,pmpaddr5,x15	 x15:0x20003dee x15=0xd8bbafd7
       23102000	      1053	80000320	5b4747b7	lui	x15,0x5b474	 x15=0x5b474000
       23282000	      1062	80000324	f5578793	addi	x15,x15,-171	 x15:0x5b474000 x15=0x5b473f55
       23402000	      1068	80000328	3a1797f3	csrrw	x15,pmpcfg1,x15	 x15:0x5b473f55 x15=0x0f0f0f0f
       23602000	      1078	8000032c	3a1797f3	csrrw	x15,pmpcfg1,x15	 x15:0x0f0f0f0f x15=0x1b071f15
       23762000	      1086	80000330	333597b7	lui	x15,0x33359	 x15=0x33359000
       23902000	      1093	80000334	74078793	addi	x15,x15,1856	 x15:0x33359000 x15=0x33359740
       24302000	      1113	80000338	00003917	auipc	x18,0x3	 x18=0x80003338
       24722000	      1134	8000033c	48490913	addi	x18,x18,1156	 x18:0x80003338 x18=0x800037bc
       24742000	      1135	80000340	97ca	c.add	x15,x18	 x15:0x33359740 x18:0x800037bc x15=0xb335cefc
       24762000	      1136	80000342	3b6797f3	csrrw	x15,pmpaddr6,x15	 x15:0xb335cefc x15=0x20004788
       25182000	      1157	80000346	3b6797f3	csrrw	x15,pmpaddr6,x15	 x15:0x20004788 x15=0xb335cefc
       25602000	      1178	8000034a	5f4387b7	lui	x15,0x5f438	 x15=0x5f438000
       25862000	      1191	8000034e	85b78793	addi	x15,x15,-1957	 x15:0x5f438000 x15=0x5f43785b
       25882000	      1192	80000352	3a1797f3	csrrw	x15,pmpcfg1,x15	 x15:0x5f43785b x15=0x0f0f0f0f
       25942000	      1195	80000356	3a1797f3	csrrw	x15,pmpcfg1,x15	 x15:0x0f0f0f0f x15=0x1f03181b
       26022000	      1199	8000035a	037407b7	lui	x15,0x3740	 x15=0x03740000
       26142000	      1205	8000035e	29f78793	addi	x15,x15,671	 x15:0x03740000 x15=0x0374029f
       26162000	      1206	80000362	00003917	auipc	x18,0x3	 x18=0x80003362
       26342000	      1215	80000366	45a90913	addi	x18,x18,1114	 x18:0x80003362 x18=0x800037bc
       26362000	      1216	8000036a	97ca	c.add	x15,x18	 x15:0x0374029f x18:0x800037bc x15=0x83743a5b
       26762000	      1236	8000036c	3b7797f3	csrrw	x15,pmpaddr7,x15	 x15:0x83743a5b x15=0x20005121
       27182000	      1257	80000370	3b7797f3	csrrw	x15,pmpaddr7,x15	 x15:0x20005121 x15=0x83743a5b
       27362000	      1266	80000374	475917b7	lui	x15,0x47591	 x15=0x47591000
       27482000	      1272	80000378	b5978793	addi	x15,x15,-1191	 x15:0x47591000 x15=0x47590b59
       27662000	      1281	8000037c	3a1797f3	csrrw	x15,pmpcfg1,x15	 x15:0x47590b59 x15=0x0f0f0f0f
       27842000	      1290	80000380	3a1797f3	csrrw	x15,pmpcfg1,x15	 x15:0x0f0f0f0f x15=0x07190b19
       27902000	      1293	80000384	637b57b7	lui	x15,0x637b5	 x15=0x637b5000
       28022000	      1299	80000388	d0278793	addi	x15,x15,-766	 x15:0x637b5000 x15=0x637b4d02
       28202000	      1308	8000038c	00003917	auipc	x18,0x3	 x18=0x8000338c
       28222000	      1309	80000390	43090913	addi	x18,x18,1072	 x18:0x8000338c x18=0x800037bc
       28242000	      1310	80000394	97ca	c.add	x15,x18	 x15:0x637b4d02 x18:0x800037bc x15=0xe37b84be
       28662000	      1331	80000396	3b8797f3	csrrw	x15,pmpaddr8,x15	 x15:0xe37b84be x15=0x20005abb
       28822000	      1339	8000039a	3b8797f3	csrrw	x15,pmpaddr8,x15	 x15:0x20005abb x15=0xe37b84be
       28882000	      1342	8000039e	032067b7	lui	x15,0x3206	 x15=0x03206000
       28902000	      1343	800003a2	f4b78793	addi	x15,x15,-181	 x15:0x03206000 x15=0x03205f4b
       28922000	      1344	800003a6	3a2797f3	csrrw	x15,pmpcfg2,x15	 x15:0x03205f4b x15=0x0f0f0f0f
       28982000	      1347	800003aa	3a2797f3	csrrw	x15,pmpcfg2,x15	 x15:0x0f0f0f0f x15=0x03001f0b
       29042000	      1350	800003ae	42d797b7	lui	x15,0x42d79	 x15=0x42d79000
       29062000	      1351	800003b2	07b9	c.addi	x15,14	 x15:0x42d79000 x15=0x42d7900e
       29342000	      1365	800003b4	00003917	auipc	x18,0x3	 x18=0x800033b4
       29362000	      1366	800003b8	40890913	addi	x18,x18,1032	 x18:0x800033b4 x18=0x800037bc
       29562000	      1376	800003bc	97ca	c.add	x15,x18	 x15:0x42d7900e x18:0x800037bc x15=0xc2d7c7ca
       29582000	      1377	800003be	3b9797f3	csrrw	x15,pmpaddr9,x15	 x15:0xc2d7c7ca x15=0x20006454
       30002000	      1398	800003c2	3b9797f3	csrrw	x15,pmpaddr9,x15	 x15:0x20006454 x15=0xc2d7c7ca
       30062000	      1401	800003c6	2f7c27b7	lui	x15,0x2f7c2	 x15=0x2f7c2000
       30082000	      1402	800003ca	45b78793	addi	x15,x15,1115	 x15:0x2f7c2000 x15=0x2f7c245b
       30102000	      1403	800003ce	3a2797f3	csrrw	x15,pmpcfg2,x15	 x15:0x2f7c245b x15=0x0f0f0f0f
       30182000	      1407	800003d2	3a2797f3	csrrw	x15,pmpcfg2,x15	 x15:0x0f0f0f0f x15=0x0f1c041b
       30322000	      1414	800003d6	795287b7	lui	x15,0x79528	 x15=0x79528000
       30342000	      1415	800003da	8ce78793	addi	x15,x15,-1842	 x15:0x79528000 x15=0x795278ce
       30362000	      1416	800003de	00003917	auipc	x18,0x3	 x18=0x800033de
       30382000	      1417	800003e2	3de90913	addi	x18,x18,990	 x18:0x800033de x18=0x800037bc
       30402000	      1418	800003e6	97ca	c.add	x15,x18	 x15:0x795278ce x18:0x800037bc x15=0xf952b08a
       30422000	      1419	800003e8	3ba797f3	csrrw	x15,pmpaddr10,x15	 x15:0xf952b08a x15=0x20006dee
       30482000	      1422	800003ec	3ba797f3	csrrw	x15,pmpaddr10,x15	 x15:0x20006dee x15=0xf952b08a
       30562000	      1426	800003f0	042127b7	lui	x15,0x4212	 x15=0x04212000
       31022000	      1449	800003f4	92c78793	addi	x15,x15,-1748	 x15:0x04212000 x15=0x0421192c
       31162000	      1456	800003f8	3a2797f3	csrrw	x15,pmpcfg2,x15	 x15:0x0421192c x15=0x0f0f0f0f
       31222000	      1459	800003fc	3a2797f3	csrrw	x15,pmpcfg2,x15	 x15:0x0f0f0f0f x15=0x0401190c
       31282000	      1462	80000400	1b7847b7	lui	x15,0x1b784	 x15=0x1b784000
       31302000	      1463	80000404	b0178793	addi	x15,x15,-1279	 x15:0x1b784000 x15=0x1b783b01
       31322000	      1464	80000408	00003917	auipc	x18,0x3	 x18=0x80003408
       31342000	      1465	8000040c	3b490913	addi	x18,x18,948	 x18:0x80003408 x18=0x800037bc
       31362000	      1466	80000410	97ca	c.add	x15,x18	 x15:0x1b783b01 x18:0x800037bc x15=0x9b7872bd
       31762000	      1486	80000412	3bb797f3	csrrw	x15,pmpaddr11,x15	 x15:0x9b7872bd x15=0x20007787
       31902000	      1493	80000416	3bb797f3	csrrw	x15,pmpaddr11,x15	 x15:0x20007787 x15=0x9b7872bd
       31962000	      1496	8000041a	015457b7	lui	x15,0x1545	 x15=0x01545000
       32202000	      1508	8000041e	83078793	addi	x15,x15,-2000	 x15:0x01545000 x15=0x01544830
       32382000	      1517	80000422	3a2797f3	csrrw	x15,pmpcfg2,x15	 x15:0x01544830 x15=0x0f0f0f0f
       32442000	      1520	80000426	3a2797f3	csrrw	x15,pmpcfg2,x15	 x15:0x0f0f0f0f x15=0x01140810
       32502000	      1523	8000042a	0ccdb7b7	lui	x15,0xccdb	 x15=0x0ccdb000
       32882000	      1542	8000042e	72378793	addi	x15,x15,1827	 x15:0x0ccdb000 x15=0x0ccdb723
       33162000	      1556	80000432	00003917	auipc	x18,0x3	 x18=0x80003432
       33182000	      1557	80000436	38a90913	addi	x18,x18,906	 x18:0x80003432 x18=0x800037bc
       33202000	      1558	8000043a	97ca	c.add	x15,x18	 x15:0x0ccdb723 x18:0x800037bc x15=0x8ccdeedf
       33582000	      1577	8000043c	3bc797f3	csrrw	x15,pmpaddr12,x15	 x15:0x8ccdeedf x15=0x20008121
       33862000	      1591	80000440	3bc797f3	csrrw	x15,pmpaddr12,x15	 x15:0x20008121 x15=0x8ccdeedf
       34182000	      1607	80000444	713d17b7	lui	x15,0x713d1	 x15=0x713d1000
       34202000	      1608	80000448	c1f78793	addi	x15,x15,-993	 x15:0x713d1000 x15=0x713d0c1f
       34262000	      1611	8000044c	3a3797f3	csrrw	x15,pmpcfg3,x15	 x15:0x713d0c1f x15=0x0f0f0f0f
       34322000	      1614	80000450	3a3797f3	csrrw	x15,pmpcfg3,x15	 x15:0x0f0f0f0f x15=0x111d0c1f
       34382000	      1617	80000454	0bc9e7b7	lui	x15,0xbc9e	 x15=0x0bc9e000
       34722000	      1634	80000458	f3b78793	addi	x15,x15,-197	 x15:0x0bc9e000 x15=0x0bc9df3b
       34882000	      1642	8000045c	00003917	auipc	x18,0x3	 x18=0x8000345c
       35302000	      1663	80000460	36090913	addi	x18,x18,864	 x18:0x8000345c x18=0x800037bc
       35322000	      1664	80000464	97ca	c.add	x15,x18	 x15:0x0bc9df3b x18:0x800037bc x15=0x8bca16f7
       35742000	      1685	80000466	3bd797f3	csrrw	x15,pmpaddr13,x15	 x15:0x8bca16f7 x15=0x20008aba
       35802000	      1688	8000046a	3bd797f3	csrrw	x15,pmpaddr13,x15	 x15:0x20008aba x15=0x8bca16f7
       35862000	      1691	8000046e	2f5327b7	lui	x15,0x2f532	 x15=0x2f532000
       35882000	      1692	80000472	f5d78793	addi	x15,x15,-163	 x15:0x2f532000 x15=0x2f531f5d
       35902000	      1693	80000476	3a3797f3	csrrw	x15,pmpcfg3,x15	 x15:0x2f531f5d x15=0x0f0f0f0f
       35962000	      1696	8000047a	3a3797f3	csrrw	x15,pmpcfg3,x15	 x15:0x0f0f0f0f x15=0x0f131f1d
       36102000	      1703	8000047e	339a27b7	lui	x15,0x339a2	 x15=0x339a2000
       36522000	      1724	80000482	66878793	addi	x15,x15,1640	 x15:0x339a2000 x15=0x339a2668
       36542000	      1725	80000486	00003917	auipc	x18,0x3	 x18=0x80003486
       36562000	      1726	8000048a	33690913	addi	x18,x18,822	 x18:0x80003486 x18=0x800037bc
       36582000	      1727	8000048e	97ca	c.add	x15,x18	 x15:0x339a2668 x18:0x800037bc x15=0xb39a5e24
       36602000	      1728	80000490	3be797f3	csrrw	x15,pmpaddr14,x15	 x15:0xb39a5e24 x15=0x20009454
       36702000	      1733	80000494	3be797f3	csrrw	x15,pmpaddr14,x15	 x15:0x20009454 x15=0xb39a5e24
       36762000	      1736	80000498	384007b7	lui	x15,0x38400	 x15=0x38400000
       36782000	      1737	8000049c	34978793	addi	x15,x15,841	 x15:0x38400000 x15=0x38400349
       37022000	      1749	800004a0	3a3797f3	csrrw	x15,pmpcfg3,x15	 x15:0x38400349 x15=0x0f0f0f0f
       37202000	      1758	800004a4	3a3797f3	csrrw	x15,pmpcfg3,x15	 x15:0x0f0f0f0f x15=0x18000309
       37262000	      1761	800004a8	2f9787b7	lui	x15,0x2f978	 x15=0x2f978000
       37602000	      1778	800004ac	72b78793	addi	x15,x15,1835	 x15:0x2f978000 x15=0x2f97872b
       37742000	      1785	800004b0	00003917	auipc	x18,0x3	 x18=0x800034b0
       37902000	      1793	800004b4	30c90913	addi	x18,x18,780	 x18:0x800034b0 x18=0x800037bc
       37922000	      1794	800004b8	97ca	c.add	x15,x18	 x15:0x2f97872b x18:0x800037bc x15=0xaf97bee7
       37942000	      1795	800004ba	3bf797f3	csrrw	x15,pmpaddr15,x15	 x15:0xaf97bee7 x15=0x20009ded
       38342000	      1815	800004be	3bf797f3	csrrw	x15,pmpaddr15,x15	 x15:0x20009ded x15=0xaf97bee7
       38762000	      1836	800004c2	394b07b7	lui	x15,0x394b0	 x15=0x394b0000
       38782000	      1837	800004c6	71578793	addi	x15,x15,1813	 x15:0x394b0000 x15=0x394b0715
       38802000	      1838	800004ca	3a3797f3	csrrw	x15,pmpcfg3,x15	 x15:0x394b0715 x15=0x0f0f0f0f
       38902000	      1843	800004ce	3a3797f3	csrrw	x15,pmpcfg3,x15	 x15:0x0f0f0f0f x15=0x190b0715
       38962000	      1846	800004d2	00000f17	auipc	x30,0x0	 x30=0x800004d2
       39062000	      1851	800004d6	05af0f13	addi	x30,x30,90	 x30:0x800004d2 x30=0x8000052c
       47822000	      2289	800004da	341f1073	csrrw	x0,mepc,x30	 x30:0x8000052c  x0=0x00000000
       47842000	      2290	800004de	7c00d073	csrrwi	x0,0x7c0,1	  x0=0x00000000
       47902000	      2293	800004e2	00022f37	lui	x30,0x22	 x30=0x00022000
       47922000	      2294	800004e6	800f0f13	addi	x30,x30,-2048	 x30:0x00022000 x30=0x00021800
       47942000	      2295	800004ea	300f1073	csrrw	x0,mstatus,x30	 x30:0x00021800  x0=0x00000000
       48002000	      2298	800004ee	4f01	c.li	x30,0	 x30=0x00000000
       48022000	      2299	800004f0	304f1073	csrrw	x0,mie,x30	 x30:0x00000000  x0=0x00000000
       48342000	      2315	800004f4	90000c37	lui	x24,0x90000	 x24=0x90000000
       48382000	      2317	800004f8	1c71	c.addi	x24,-4	 x24:0x90000000 x24=0x8ffffffc
       48622000	      2329	800004fa	30000f13	addi	x30,x0,768	  x0:0x00000000 x30=0x00000300
       48642000	      2330	800004fe	0f22	c.slli	x30,0x8	 x30:0x00000300 x30=0x00030000
       49042000	      2350	80000500	0f0d	c.addi	x30,3	 x30:0x00030000 x30=0x00030003
       49502000	      2373	80000502	01ec2023	sw	x30,0(x24)	 x24:0x8ffffffc x30:0x00030003 PA:0x8ffffffc store:0x00030003 load:0xffffffff
       49522000	      2374	80000506	30002f73	csrrs	x30,mstatus,x0	  x0:0x00000000 x30=0x00021800
       50142000	      2405	8000050a	01ec2023	sw	x30,0(x24)	 x24:0x8ffffffc x30:0x00021800 PA:0x8ffffffc store:0x00021800 load:0xffffffff
       50162000	      2406	8000050e	90000c37	lui	x24,0x90000	 x24=0x90000000
       50182000	      2407	80000512	1c71	c.addi	x24,-4	 x24:0x90000000 x24=0x8ffffffc
       50202000	      2408	80000514	30400f13	addi	x30,x0,772	  x0:0x00000000 x30=0x00000304
       50222000	      2409	80000518	0f22	c.slli	x30,0x8	 x30:0x00000304 x30=0x00030400
       50242000	      2410	8000051a	0f0d	c.addi	x30,3	 x30:0x00030400 x30=0x00030403
       50402000	      2418	8000051c	01ec2023	sw	x30,0(x24)	 x24:0x8ffffffc x30:0x00030403 PA:0x8ffffffc store:0x00030403 load:0xffffffff
       50422000	      2419	80000520	30402f73	csrrs	x30,mie,x0	  x0:0x00000000 x30=0x00000000
       50882000	      2442	80000524	01ec2023	sw	x30,0(x24)	 x24:0x8ffffffc x30:0x00000000 PA:0x8ffffffc store:0x00000000 load:0xffffffff
       50902000	      2443	80000528	30200073	mret	
       50962000	      2446	8000052c	00000013	addi	x0,x0,0	  x0:0x00000000  x0=0x00000000
       51702000	      2483	80000530	800000b7	lui	x1,0x80000	  x1=0x80000000
       51742000	      2485	80000534	f5e9e137	lui	x2,0xf5e9e	  x2=0xf5e9e000
       52162000	      2506	80000538	95810113	addi	x2,x2,-1704	  x2:0xf5e9e000  x2=0xf5e9d958
       52382000	      2517	8000053c	4181	c.li	x3,0	  x3=0x00000000
       52762000	      2536	8000053e	f9b9f237	lui	x4,0xf9b9f	  x4=0xf9b9f000
       52782000	      2537	80000542	91a20213	addi	x4,x4,-1766	  x4:0xf9b9f000  x4=0xf9b9e91a
       52982000	      2547	80000546	8e465337	lui	x6,0x8e465	  x6=0x8e465000
       53002000	      2548	8000054a	bfa30313	addi	x6,x6,-1030	  x6:0x8e465000  x6=0x8e464bfa
       53022000	      2549	8000054e	43a9	c.li	x7,10	  x7=0x0000000a
       53042000	      2550	80000550	4409	c.li	x8,2	  x8=0x00000002
       53062000	      2551	80000552	239524b7	lui	x9,0x23952	  x9=0x23952000
       53462000	      2571	80000556	03148493	addi	x9,x9,49	  x9:0x23952000  x9=0x23952031
       53482000	      2572	8000055a	4501	c.li	x10,0	 x10=0x00000000
       53502000	      2573	8000055c	4581	c.li	x11,0	 x11=0x00000000
       53522000	      2574	8000055e	c4849637	lui	x12,0xc4849	 x12=0xc4849000
       53542000	      2575	80000562	56860613	addi	x12,x12,1384	 x12:0xc4849000 x12=0xc4849568
       53562000	      2576	80000566	800006b7	lui	x13,0x80000	 x13=0x80000000
       53742000	      2585	8000056a	859d2737	lui	x14,0x859d2	 x14=0x859d2000
       54162000	      2606	8000056e	65070713	addi	x14,x14,1616	 x14:0x859d2000 x14=0x859d2650
       54182000	      2607	80000572	4781	c.li	x15,0	 x15=0x00000000
       54222000	      2609	80000574	4801	c.li	x16,0	 x16=0x00000000
       54282000	      2612	80000576	5e42b8b7	lui	x17,0x5e42b	 x17=0x5e42b000
       54502000	      2623	8000057a	f7b88893	addi	x17,x17,-133	 x17:0x5e42b000 x17=0x5e42af7b
       54702000	      2633	8000057e	c2172937	lui	x18,0xc2172	 x18=0xc2172000
       54902000	      2643	80000582	e7190913	addi	x18,x18,-399	 x18:0xc2172000 x18=0xc2171e71
       54922000	      2644	80000586	98df89b7	lui	x19,0x98df8	 x19=0x98df8000
       55002000	      2648	8000058a	27e98993	addi	x19,x19,638	 x19:0x98df8000 x19=0x98df827e
       55182000	      2657	8000058e	4dddea37	lui	x20,0x4ddde	 x20=0x4ddde000
       55422000	      2669	80000592	1c9a0a13	addi	x20,x20,457	 x20:0x4ddde000 x20=0x4ddde1c9
       55442000	      2670	80000596	4ab9	c.li	x21,14	 x21=0x0000000e
       55782000	      2687	80000598	4b01	c.li	x22,0	 x22=0x00000000
       55802000	      2688	8000059a	7b89fc37	lui	x24,0x7b89f	 x24=0x7b89f000
       55822000	      2689	8000059e	5f0c0c13	addi	x24,x24,1520	 x24:0x7b89f000 x24=0x7b89f5f0
       55842000	      2690	800005a2	4c81	c.li	x25,0	 x25=0x00000000
       56102000	      2703	800005a4	4d19	c.li	x26,6	 x26=0x00000006
       56122000	      2704	800005a6	fe154db7	lui	x27,0xfe154	 x27=0xfe154000
       56542000	      2725	800005aa	eaad8d93	addi	x27,x27,-342	 x27:0xfe154000 x27=0xfe153eaa
       56702000	      2733	800005ae	80000e37	lui	x28,0x80000	 x28=0x80000000
       56722000	      2734	800005b2	fda54eb7	lui	x29,0xfda54	 x29=0xfda54000
       56742000	      2735	800005b6	eece8e93	addi	x29,x29,-276	 x29:0xfda54000 x29=0xfda53eec
       56762000	      2736	800005ba	d4aeef37	lui	x30,0xd4aee	 x30=0xd4aee000
       57182000	      2757	800005be	4d8f0f13	addi	x30,x30,1240	 x30:0xd4aee000 x30=0xd4aee4d8
       57342000	      2765	800005c2	80000fb7	lui	x31,0x80000	 x31=0x80000000
       57362000	      2766	800005c6	00029b97	auipc	x23,0x29	 x23=0x800295c6
       57762000	      2786	800005ca	89eb8b93	addi	x23,x23,-1890	 x23:0x800295c6 x23=0x80028e64
       58182000	      2807	800005ce	90000c37	lui	x24,0x90000	 x24=0x90000000
       58202000	      2808	800005d2	1c71	c.addi	x24,-4	 x24:0x90000000 x24=0x8ffffffc
       58262000	      2811	800005d4	4f01	c.li	x30,0	 x30=0x00000000
       58282000	      2812	800005d6	0f22	c.slli	x30,0x8	 x30:0x00000000 x30=0x00000000
       58442000	      2820	800005d8	000f0f13	addi	x30,x30,0	 x30:0x00000000 x30=0x00000000
       58642000	      2830	800005dc	01ec2023	sw	x30,0(x24)	 x24:0x8ffffffc x30:0x00000000 PA:0x8ffffffc store:0x00000000 load:0xxxxxxxxx
       59402000	      2868	80002a00	0800006f	jal	x0,80002a80	  x0=0x00000000
       60262000	      2911	80002a80	12f1	c.addi	x5,-4	  x5:0x8002cce4  x5=0x8002cce0
       60482000	      2922	80002a82	0172a023	sw	x23,0(x5)	  x5:0x8002cce0 x23:0x80028e64 PA:0x8002cce0 store:0x80028e64 load:0xffffffff
       60502000	      2923	80002a86	00028bb3	add	x23,x5,x0	  x5:0x8002cce0  x0:0x00000000 x23=0x8002cce0
       60522000	      2924	80002a8a	f80b8b93	addi	x23,x23,-128	 x23:0x8002cce0 x23=0x8002cc60
       60882000	      2942	80002a8e	001ba223	sw	x1,4(x23)	 x23:0x8002cc60  x1:0x80000000 PA:0x8002cc64 store:0x80000000 load:0xffffffff
       60942000	      2945	80002a92	002ba423	sw	x2,8(x23)	 x23:0x8002cc60  x2:0xf5e9d958 PA:0x8002cc68 store:0xf5e9d958 load:0xffffffff
       61002000	      2948	80002a96	003ba623	sw	x3,12(x23)	 x23:0x8002cc60  x3:0x00000000 PA:0x8002cc6c store:0x00000000 load:0xffffffff
       61342000	      2965	80002a9a	004ba823	sw	x4,16(x23)	 x23:0x8002cc60  x4:0xf9b9e91a PA:0x8002cc70 store:0xf9b9e91a load:0xffffffff
       61442000	      2970	80002a9e	005baa23	sw	x5,20(x23)	 x23:0x8002cc60  x5:0x8002cce0 PA:0x8002cc74 store:0x8002cce0 load:0xffffffff
       61502000	      2973	80002aa2	006bac23	sw	x6,24(x23)	 x23:0x8002cc60  x6:0x8e464bfa PA:0x8002cc78 store:0x8e464bfa load:0xffffffff
       61542000	      2975	80002aa6	007bae23	sw	x7,28(x23)	 x23:0x8002cc60  x7:0x0000000a PA:0x8002cc7c store:0x0000000a load:0xffffffff
       61562000	      2976	80002aaa	028ba023	sw	x8,32(x23)	 x23:0x8002cc60  x8:0x00000002 PA:0x8002cc80 store:0x00000002 load:0xffffffff
       62182000	      3007	80002aae	029ba223	sw	x9,36(x23)	 x23:0x8002cc60  x9:0x23952031 PA:0x8002cc84 store:0x23952031 load:0xffffffff
       62262000	      3011	80002ab2	02aba423	sw	x10,40(x23)	 x23:0x8002cc60 x10:0x00000000 PA:0x8002cc88 store:0x00000000 load:0xffffffff
       62322000	      3014	80002ab6	02bba623	sw	x11,44(x23)	 x23:0x8002cc60 x11:0x00000000 PA:0x8002cc8c store:0x00000000 load:0xffffffff
       62342000	      3015	80002aba	02cba823	sw	x12,48(x23)	 x23:0x8002cc60 x12:0xc4849568 PA:0x8002cc90 store:0xc4849568 load:0xffffffff
       62362000	      3016	80002abe	02dbaa23	sw	x13,52(x23)	 x23:0x8002cc60 x13:0x80000000 PA:0x8002cc94 store:0x80000000 load:0xffffffff
       62562000	      3026	80002ac2	02ebac23	sw	x14,56(x23)	 x23:0x8002cc60 x14:0x859d2650 PA:0x8002cc98 store:0x859d2650 load:0xffffffff
       62622000	      3029	80002ac6	02fbae23	sw	x15,60(x23)	 x23:0x8002cc60 x15:0x00000000 PA:0x8002cc9c store:0x00000000 load:0xffffffff
       62642000	      3030	80002aca	050ba023	sw	x16,64(x23)	 x23:0x8002cc60 x16:0x00000000 PA:0x8002cca0 store:0x00000000 load:0xffffffff
       63062000	      3051	80002ace	051ba223	sw	x17,68(x23)	 x23:0x8002cc60 x17:0x5e42af7b PA:0x8002cca4 store:0x5e42af7b load:0xffffffff
       63122000	      3054	80002ad2	052ba423	sw	x18,72(x23)	 x23:0x8002cc60 x18:0xc2171e71 PA:0x8002cca8 store:0xc2171e71 load:0xffffffff
       63742000	      3085	80002ad6	053ba623	sw	x19,76(x23)	 x23:0x8002cc60 x19:0x98df827e PA:0x8002ccac store:0x98df827e load:0xffffffff
       64202000	      3108	80002ada	054ba823	sw	x20,80(x23)	 x23:0x8002cc60 x20:0x4ddde1c9 PA:0x8002ccb0 store:0x4ddde1c9 load:0xffffffff
       64662000	      3131	80002ade	055baa23	sw	x21,84(x23)	 x23:0x8002cc60 x21:0x0000000e PA:0x8002ccb4 store:0x0000000e load:0xffffffff
       64722000	      3134	80002ae2	056bac23	sw	x22,88(x23)	 x23:0x8002cc60 x22:0x00000000 PA:0x8002ccb8 store:0x00000000 load:0xffffffff
       64902000	      3143	80002ae6	057bae23	sw	x23,92(x23)	 x23:0x8002cc60 x23:0x8002cc60 PA:0x8002ccbc store:0x8002cc60 load:0xffffffff
       64982000	      3147	80002aea	078ba023	sw	x24,96(x23)	 x23:0x8002cc60 x24:0x8ffffffc PA:0x8002ccc0 store:0x8ffffffc load:0xffffffff
       65002000	      3148	80002aee	079ba223	sw	x25,100(x23)	 x23:0x8002cc60 x25:0x00000000 PA:0x8002ccc4 store:0x00000000 load:0xffffffff
       65022000	      3149	80002af2	07aba423	sw	x26,104(x23)	 x23:0x8002cc60 x26:0x00000006 PA:0x8002ccc8 store:0x00000006 load:0xffffffff
       65242000	      3160	80002af6	07bba623	sw	x27,108(x23)	 x23:0x8002cc60 x27:0xfe153eaa PA:0x8002cccc store:0xfe153eaa load:0xffffffff
       65382000	      3167	80002afa	07cba823	sw	x28,112(x23)	 x23:0x8002cc60 x28:0x80000000 PA:0x8002ccd0 store:0x80000000 load:0xffffffff
       65442000	      3170	80002afe	07dbaa23	sw	x29,116(x23)	 x23:0x8002cc60 x29:0xfda53eec PA:0x8002ccd4 store:0xfda53eec load:0xffffffff
       65582000	      3177	80002b02	07ebac23	sw	x30,120(x23)	 x23:0x8002cc60 x30:0x00000000 PA:0x8002ccd8 store:0x00000000 load:0xffffffff
       65662000	      3181	80002b06	07fbae23	sw	x31,124(x23)	 x23:0x8002cc60 x31:0x80000000 PA:0x8002ccdc store:0x80000000 load:0xffffffff
       65962000	      3196	80002b0a	000b82b3	add	x5,x23,x0	 x23:0x8002cc60  x0:0x00000000  x5=0x8002cc60
       65982000	      3197	80002b0e	90000c37	lui	x24,0x90000	 x24=0x90000000
       66002000	      3198	80002b12	1c71	c.addi	x24,-4	 x24:0x90000000 x24=0x8ffffffc
       66202000	      3208	80002b14	4f21	c.li	x30,8	 x30=0x00000008
       66222000	      3209	80002b16	0f22	c.slli	x30,0x8	 x30:0x00000008 x30=0x00000800
       66242000	      3210	80002b18	000f0f13	addi	x30,x30,0	 x30:0x00000800 x30=0x00000800
       66482000	      3222	80002b1c	01ec2023	sw	x30,0(x24)	 x24:0x8ffffffc x30:0x00000800 PA:0x8ffffffc store:0x00000800 load:0xffffffff
       66502000	      3223	80002b20	34102f73	csrrs	x30,mepc,x0	  x0:0x00000000 x30=0x800005dc
       66522000	      3224	80002b24	34202f73	csrrs	x30,mcause,x0	  x0:0x00000000 x30=0x00000007
       66722000	      3234	80002b28	4c0d	c.li	x24,3	 x24=0x00000003
       66882000	      3242	80002b2a	018f1463	bne	x30,x24,80002b32	 x30:0x00000007 x24:0x00000003
       67562000	      3276	80002b32	4c21	c.li	x24,8	 x24=0x00000008
       67582000	      3277	80002b34	058f0d63	beq	x30,x24,80002b8e	 x30:0x00000007 x24:0x00000008
       68002000	      3298	80002b38	4c25	c.li	x24,9	 x24=0x00000009
       68022000	      3299	80002b3a	058f0a63	beq	x30,x24,80002b8e	 x30:0x00000007 x24:0x00000009
       68042000	      3300	80002b3e	4c2d	c.li	x24,11	 x24=0x0000000b
       68382000	      3317	80002b40	058f0763	beq	x30,x24,80002b8e	 x30:0x00000007 x24:0x0000000b
       68402000	      3318	80002b44	4c05	c.li	x24,1	 x24=0x00000001
       68802000	      3338	80002b46	358f0363	beq	x30,x24,80002e8c	 x30:0x00000007 x24:0x00000001
       68822000	      3339	80002b4a	4c15	c.li	x24,5	 x24=0x00000005
       68882000	      3342	80002b4c	638f0a63	beq	x30,x24,80003180	 x30:0x00000007 x24:0x00000005
       68902000	      3343	80002b50	4c1d	c.li	x24,7	 x24=0x00000007
       69162000	      3356	80002b52	158f0ce3	beq	x30,x24,800034aa	 x30:0x00000007 x24:0x00000007
       69822000	      3389	800034aa	90000c37	lui	x24,0x90000	 x24=0x90000000
       69842000	      3390	800034ae	1c71	c.addi	x24,-4	 x24:0x90000000 x24=0x8ffffffc
       69862000	      3391	800034b0	4f31	c.li	x30,12	 x30=0x0000000c
       69882000	      3392	800034b2	0f22	c.slli	x30,0x8	 x30:0x0000000c x30=0x00000c00
       70122000	      3404	800034b4	000f0f13	addi	x30,x30,0	 x30:0x00000c00 x30=0x00000c00
       70302000	      3413	800034b8	01ec2023	sw	x30,0(x24)	 x24:0x8ffffffc x30:0x00000c00 PA:0x8ffffffc store:0x00000c00 load:0xffffffff
       70322000	      3414	800034bc	90000c37	lui	x24,0x90000	 x24=0x90000000
       70702000	      3433	800034c0	1c71	c.addi	x24,-4	 x24:0x90000000 x24=0x8ffffffc
       70862000	      3441	800034c2	34200f13	addi	x30,x0,834	  x0:0x00000000 x30=0x00000342
       70882000	      3442	800034c6	0f22	c.slli	x30,0x8	 x30:0x00000342 x30=0x00034200
       70902000	      3443	800034c8	0f0d	c.addi	x30,3	 x30:0x00034200 x30=0x00034203
       71402000	      3468	800034ca	01ec2023	sw	x30,0(x24)	 x24:0x8ffffffc x30:0x00034203 PA:0x8ffffffc store:0x00034203 load:0xffffffff
       71422000	      3469	800034ce	34202f73	csrrs	x30,mcause,x0	  x0:0x00000000 x30=0x00000007
       71642000	      3480	800034d2	01ec2023	sw	x30,0(x24)	 x24:0x8ffffffc x30:0x00000007 PA:0x8ffffffc store:0x00000007 load:0xffffffff
       71662000	      3481	800034d6	4f01	c.li	x30,0	 x30=0x00000000
       71682000	      3482	800034d8	8dfa	c.mv	x27,x30	  x0:0x00000000 x30:0x00000000 x27=0x00000000
       71702000	      3483	800034da	4901	c.li	x18,0	 x18=0x00000000
       71722000	      3484	800034dc	8f6e	c.mv	x30,x27	  x0:0x00000000 x27:0x00000000 x30=0x00000000
       71742000	      3485	800034de	87fa	c.mv	x15,x30	  x0:0x00000000 x30:0x00000000 x15=0x00000000
       71762000	      3486	800034e0	4781	c.li	x15,0	 x15=0x00000000
       71782000	      3487	800034e2	04ff0f63	beq	x30,x15,80003540	 x30:0x00000000 x15:0x00000000
       72262000	      3511	80003540	3b002c73	csrrs	x24,pmpaddr0,x0	  x0:0x00000000 x24=0x20000def
       72642000	      3530	80003544	3a0028f3	csrrs	x17,pmpcfg0,x0	  x0:0x00000000 x17=0x0f0f0f0f
       72662000	      3531	80003548	a861	c.j	800035e0	
       72962000	      3546	800035e0	4d11	c.li	x26,4	 x26=0x00000004
       73222000	      3559	800035e2	01ed9f13	slli	x30,x27,0x1e	 x27:0x00000000 x30=0x00000000
       73402000	      3568	800035e6	01ef5f13	srli	x30,x30,0x1e	 x30:0x00000000 x30=0x00000000
       73422000	      3569	800035ea	41ed07b3	sub	x15,x26,x30	 x26:0x00000004 x30:0x00000000 x15=0x00000004
       73442000	      3570	800035ee	17fd	c.addi	x15,-1	 x15:0x00000004 x15=0x00000003
       73462000	      3571	800035f0	078e	c.slli	x15,0x3	 x15:0x00000003 x15=0x00000018
       73502000	      3573	800035f2	00f89d33	sll	x26,x17,x15	 x17:0x0f0f0f0f x15:0x00000018 x26=0x0f000000
       73522000	      3574	800035f6	0f0e	c.slli	x30,0x3	 x30:0x00000000 x30=0x00000000
       73542000	      3575	800035f8	97fa	c.add	x15,x30	 x15:0x00000018 x30:0x00000000 x15=0x00000018
       73722000	      3584	800035fa	00fd5d33	srl	x26,x26,x15	 x26:0x0f000000 x15:0x00000018 x26=0x0000000f
       73882000	      3592	800035fe	01bd1793	slli	x15,x26,0x1b	 x26:0x0000000f x15=0x78000000
       73902000	      3593	80003602	83f9	c.srli	x15,0x1e	 x15:0x78000000 x15=0x00000001
       73922000	      3594	80003604	c7a1	c.beqz	x15,8000364c	 x15:0x00000001
       73942000	      3595	80003606	4f05	c.li	x30,1	 x30=0x00000001
       74122000	      3604	80003608	05e78363	beq	x15,x30,8000364e	 x15:0x00000001 x30:0x00000001
       74462000	      3621	8000364e	8f6e	c.mv	x30,x27	  x0:0x00000000 x27:0x00000000 x30=0x00000000
       74902000	      3643	80003650	343027f3	csrrs	x15,mtval,x0	  x0:0x00000000 x15=0x8ffffffc
       74922000	      3644	80003654	8389	c.srli	x15,0x2	 x15:0x8ffffffc x15=0x23ffffff
       74982000	      3647	80003656	000f1563	bne	x30,x0,80003660	 x30:0x00000000  x0:0x00000000
       75122000	      3654	8000365a	fc07c5e3	blt	x15,x0,80003624	 x15:0x23ffffff  x0:0x00000000
       75142000	      3655	8000365e	a019	c.j	80003664	
       75462000	      3671	80003664	fd87f0e3	bgeu	x15,x24,80003624	 x15:0x23ffffff x24:0x20000def
       75782000	      3687	80003624	8f6e	c.mv	x30,x27	  x0:0x00000000 x27:0x00000000 x30=0x00000000
       75802000	      3688	80003626	8962	c.mv	x18,x24	  x0:0x00000000 x24:0x20000def x18=0x20000def
       76022000	      3699	80003628	0f05	c.addi	x30,1	 x30:0x00000000 x30=0x00000001
       76042000	      3700	8000362a	8dfa	c.mv	x27,x30	  x0:0x00000000 x30:0x00000001 x27=0x00000001
       76062000	      3701	8000362c	4c41	c.li	x24,16	 x24=0x00000010
       76082000	      3702	8000362e	018f5363	bge	x30,x24,80003634	 x30:0x00000001 x24:0x00000010
       76102000	      3703	80003632	b56d	c.j	800034dc	
       76142000	      3705	800034dc	8f6e	c.mv	x30,x27	  x0:0x00000000 x27:0x00000001 x30=0x00000001
       76162000	      3706	800034de	87fa	c.mv	x15,x30	  x0:0x00000000 x30:0x00000001 x15=0x00000001
       76202000	      3708	800034e0	4781	c.li	x15,0	 x15=0x00000000
       76222000	      3709	800034e2	04ff0f63	beq	x30,x15,80003540	 x30:0x00000001 x15:0x00000000
       76242000	      3710	800034e6	4785	c.li	x15,1	 x15=0x00000001
       76282000	      3712	800034e8	06ff0163	beq	x30,x15,8000354a	 x30:0x00000001 x15:0x00000001
       76362000	      3716	8000354a	3b102c73	csrrs	x24,pmpaddr1,x0	  x0:0x00000000 x24=0x20001788
       76422000	      3719	8000354e	3a0028f3	csrrs	x17,pmpcfg0,x0	  x0:0x00000000 x17=0x0f0f0f0f
       76442000	      3720	80003552	a079	c.j	800035e0	
       76502000	      3723	800035e0	4d11	c.li	x26,4	 x26=0x00000004
       76522000	      3724	800035e2	01ed9f13	slli	x30,x27,0x1e	 x27:0x00000001 x30=0x40000000
       76582000	      3727	800035e6	01ef5f13	srli	x30,x30,0x1e	 x30:0x40000000 x30=0x00000001
       76602000	      3728	800035ea	41ed07b3	sub	x15,x26,x30	 x26:0x00000004 x30:0x00000001 x15=0x00000003
       76622000	      3729	800035ee	17fd	c.addi	x15,-1	 x15:0x00000003 x15=0x00000002
       76662000	      3731	800035f0	078e	c.slli	x15,0x3	 x15:0x00000002 x15=0x00000010
       76682000	      3732	800035f2	00f89d33	sll	x26,x17,x15	 x17:0x0f0f0f0f x15:0x00000010 x26=0x0f0f0000
       76702000	      3733	800035f6	0f0e	c.slli	x30,0x3	 x30:0x00000001 x30=0x00000008
       76742000	      3735	800035f8	97fa	c.add	x15,x30	 x15:0x00000010 x30:0x00000008 x15=0x00000018
       76762000	      3736	800035fa	00fd5d33	srl	x26,x26,x15	 x26:0x0f0f0000 x15:0x00000018 x26=0x0000000f
       76802000	      3738	800035fe	01bd1793	slli	x15,x26,0x1b	 x26:0x0000000f x15=0x78000000
       76822000	      3739	80003602	83f9	c.srli	x15,0x1e	 x15:0x78000000 x15=0x00000001
       76842000	      3740	80003604	c7a1	c.beqz	x15,8000364c	 x15:0x00000001
       76862000	      3741	80003606	4f05	c.li	x30,1	 x30=0x00000001
       76882000	      3742	80003608	05e78363	beq	x15,x30,8000364e	 x15:0x00000001 x30:0x00000001
       76942000	      3745	8000364e	8f6e	c.mv	x30,x27	  x0:0x00000000 x27:0x00000001 x30=0x00000001
       76962000	      3746	80003650	343027f3	csrrs	x15,mtval,x0	  x0:0x00000000 x15=0x8ffffffc
       76982000	      3747	80003654	8389	c.srli	x15,0x2	 x15:0x8ffffffc x15=0x23ffffff
       77002000	      3748	80003656	000f1563	bne	x30,x0,80003660	 x30:0x00000001  x0:0x00000000
       77042000	      3750	80003660	fd27e2e3	bltu	x15,x18,80003624	 x15:0x23ffffff x18:0x20000def
       77062000	      3751	80003664	fd87f0e3	bgeu	x15,x24,80003624	 x15:0x23ffffff x24:0x20001788
       77122000	      3754	80003624	8f6e	c.mv	x30,x27	  x0:0x00000000 x27:0x00000001 x30=0x00000001
       77142000	      3755	80003626	8962	c.mv	x18,x24	  x0:0x00000000 x24:0x20001788 x18=0x20001788
       77182000	      3757	80003628	0f05	c.addi	x30,1	 x30:0x00000001 x30=0x00000002
       77202000	      3758	8000362a	8dfa	c.mv	x27,x30	  x0:0x00000000 x30:0x00000002 x27=0x00000002
       77222000	      3759	8000362c	4c41	c.li	x24,16	 x24=0x00000010
       77242000	      3760	8000362e	018f5363	bge	x30,x24,80003634	 x30:0x00000002 x24:0x00000010
       77262000	      3761	80003632	b56d	c.j	800034dc	
       77322000	      3764	800034dc	8f6e	c.mv	x30,x27	  x0:0x00000000 x27:0x00000002 x30=0x00000002
       77342000	      3765	800034de	87fa	c.mv	x15,x30	  x0:0x00000000 x30:0x00000002 x15=0x00000002
       77362000	      3766	800034e0	4781	c.li	x15,0	 x15=0x00000000
       77382000	      3767	800034e2	04ff0f63	beq	x30,x15,80003540	 x30:0x00000002 x15:0x00000000
       77402000	      3768	800034e6	4785	c.li	x15,1	 x15=0x00000001
       77422000	      3769	800034e8	06ff0163	beq	x30,x15,8000354a	 x30:0x00000002 x15:0x00000001
       77442000	      3770	800034ec	4789	c.li	x15,2	 x15=0x00000002
       77462000	      3771	800034ee	06ff0363	beq	x30,x15,80003554	 x30:0x00000002 x15:0x00000002
       77502000	      3773	80003554	3b202c73	csrrs	x24,pmpaddr2,x0	  x0:0x00000000 x24=0x20002122
       78142000	      3805	80003558	3a0028f3	csrrs	x17,pmpcfg0,x0	  x0:0x00000000 x17=0x0f0f0f0f
       78302000	      3813	8000355c	a051	c.j	800035e0	
       78342000	      3815	800035e0	4d11	c.li	x26,4	 x26=0x00000004
       78362000	      3816	800035e2	01ed9f13	slli	x30,x27,0x1e	 x27:0x00000002 x30=0x80000000
       78402000	      3818	800035e6	01ef5f13	srli	x30,x30,0x1e	 x30:0x80000000 x30=0x00000002
       78422000	      3819	800035ea	41ed07b3	sub	x15,x26,x30	 x26:0x00000004 x30:0x00000002 x15=0x00000002
       78442000	      3820	800035ee	17fd	c.addi	x15,-1	 x15:0x00000002 x15=0x00000001
       78462000	      3821	800035f0	078e	c.slli	x15,0x3	 x15:0x00000001 x15=0x00000008
       78482000	      3822	800035f2	00f89d33	sll	x26,x17,x15	 x17:0x0f0f0f0f x15:0x00000008 x26=0x0f0f0f00
       78502000	      3823	800035f6	0f0e	c.slli	x30,0x3	 x30:0x00000002 x30=0x00000010
       78522000	      3824	800035f8	97fa	c.add	x15,x30	 x15:0x00000008 x30:0x00000010 x15=0x00000018
       78542000	      3825	800035fa	00fd5d33	srl	x26,x26,x15	 x26:0x0f0f0f00 x15:0x00000018 x26=0x0000000f
       78562000	      3826	800035fe	01bd1793	slli	x15,x26,0x1b	 x26:0x0000000f x15=0x78000000
       78582000	      3827	80003602	83f9	c.srli	x15,0x1e	 x15:0x78000000 x15=0x00000001
       78602000	      3828	80003604	c7a1	c.beqz	x15,8000364c	 x15:0x00000001
       78622000	      3829	80003606	4f05	c.li	x30,1	 x30=0x00000001
       78642000	      3830	80003608	05e78363	beq	x15,x30,8000364e	 x15:0x00000001 x30:0x00000001
       78702000	      3833	8000364e	8f6e	c.mv	x30,x27	  x0:0x00000000 x27:0x00000002 x30=0x00000002
       78722000	      3834	80003650	343027f3	csrrs	x15,mtval,x0	  x0:0x00000000 x15=0x8ffffffc
       78742000	      3835	80003654	8389	c.srli	x15,0x2	 x15:0x8ffffffc x15=0x23ffffff
       78762000	      3836	80003656	000f1563	bne	x30,x0,80003660	 x30:0x00000002  x0:0x00000000
       78802000	      3838	80003660	fd27e2e3	bltu	x15,x18,80003624	 x15:0x23ffffff x18:0x20001788
       78822000	      3839	80003664	fd87f0e3	bgeu	x15,x24,80003624	 x15:0x23ffffff x24:0x20002122
       78882000	      3842	80003624	8f6e	c.mv	x30,x27	  x0:0x00000000 x27:0x00000002 x30=0x00000002
       78902000	      3843	80003626	8962	c.mv	x18,x24	  x0:0x00000000 x24:0x20002122 x18=0x20002122
       78922000	      3844	80003628	0f05	c.addi	x30,1	 x30:0x00000002 x30=0x00000003
       78942000	      3845	8000362a	8dfa	c.mv	x27,x30	  x0:0x00000000 x30:0x00000003 x27=0x00000003
       78962000	      3846	8000362c	4c41	c.li	x24,16	 x24=0x00000010
       78982000	      3847	8000362e	018f5363	bge	x30,x24,80003634	 x30:0x00000003 x24:0x00000010
       79002000	      3848	80003632	b56d	c.j	800034dc	
       79062000	      3851	800034dc	8f6e	c.mv	x30,x27	  x0:0x00000000 x27:0x00000003 x30=0x00000003
       79082000	      3852	800034de	87fa	c.mv	x15,x30	  x0:0x00000000 x30:0x00000003 x15=0x00000003
       79102000	      3853	800034e0	4781	c.li	x15,0	 x15=0x00000000
       79122000	      3854	800034e2	04ff0f63	beq	x30,x15,80003540	 x30:0x00000003 x15:0x00000000
       79142000	      3855	800034e6	4785	c.li	x15,1	 x15=0x00000001
       79162000	      3856	800034e8	06ff0163	beq	x30,x15,8000354a	 x30:0x00000003 x15:0x00000001
       79182000	      3857	800034ec	4789	c.li	x15,2	 x15=0x00000002
       79202000	      3858	800034ee	06ff0363	beq	x30,x15,80003554	 x30:0x00000003 x15:0x00000002
       79222000	      3859	800034f2	478d	c.li	x15,3	 x15=0x00000003
       79242000	      3860	800034f4	06ff0563	beq	x30,x15,8000355e	 x30:0x00000003 x15:0x00000003
       79362000	      3866	8000355e	3b302c73	csrrs	x24,pmpaddr3,x0	  x0:0x00000000 x24=0x20002abb
       79382000	      3867	80003562	3a0028f3	csrrs	x17,pmpcfg0,x0	  x0:0x00000000 x17=0x0f0f0f0f
       79402000	      3868	80003566	a8ad	c.j	800035e0	
       79442000	      3870	800035e0	4d11	c.li	x26,4	 x26=0x00000004
       79462000	      3871	800035e2	01ed9f13	slli	x30,x27,0x1e	 x27:0x00000003 x30=0xc0000000
       79502000	      3873	800035e6	01ef5f13	srli	x30,x30,0x1e	 x30:0xc0000000 x30=0x00000003
       79522000	      3874	800035ea	41ed07b3	sub	x15,x26,x30	 x26:0x00000004 x30:0x00000003 x15=0x00000001
       79542000	      3875	800035ee	17fd	c.addi	x15,-1	 x15:0x00000001 x15=0x00000000
       79562000	      3876	800035f0	078e	c.slli	x15,0x3	 x15:0x00000000 x15=0x00000000
       79582000	      3877	800035f2	00f89d33	sll	x26,x17,x15	 x17:0x0f0f0f0f x15:0x00000000 x26=0x0f0f0f0f
       79602000	      3878	800035f6	0f0e	c.slli	x30,0x3	 x30:0x00000003 x30=0x00000018
       79622000	      3879	800035f8	97fa	c.add	x15,x30	 x15:0x00000000 x30:0x00000018 x15=0x00000018
       79642000	      3880	800035fa	00fd5d33	srl	x26,x26,x15	 x26:0x0f0f0f0f x15:0x00000018 x26=0x0000000f
       79662000	      3881	800035fe	01bd1793	slli	x15,x26,0x1b	 x26:0x0000000f x15=0x78000000
       79682000	      3882	80003602	83f9	c.srli	x15,0x1e	 x15:0x78000000 x15=0x00000001
       79702000	      3883	80003604	c7a1	c.beqz	x15,8000364c	 x15:0x00000001
       79722000	      3884	80003606	4f05	c.li	x30,1	 x30=0x00000001
       79742000	      3885	80003608	05e78363	beq	x15,x30,8000364e	 x15:0x00000001 x30:0x00000001
       79802000	      3888	8000364e	8f6e	c.mv	x30,x27	  x0:0x00000000 x27:0x00000003 x30=0x00000003
       79822000	      3889	80003650	343027f3	csrrs	x15,mtval,x0	  x0:0x00000000 x15=0x8ffffffc
       79842000	      3890	80003654	8389	c.srli	x15,0x2	 x15:0x8ffffffc x15=0x23ffffff
       79862000	      3891	80003656	000f1563	bne	x30,x0,80003660	 x30:0x00000003  x0:0x00000000
       79902000	      3893	80003660	fd27e2e3	bltu	x15,x18,80003624	 x15:0x23ffffff x18:0x20002122
       79922000	      3894	80003664	fd87f0e3	bgeu	x15,x24,80003624	 x15:0x23ffffff x24:0x20002abb
       79982000	      3897	80003624	8f6e	c.mv	x30,x27	  x0:0x00000000 x27:0x00000003 x30=0x00000003
       80002000	      3898	80003626	8962	c.mv	x18,x24	  x0:0x00000000 x24:0x20002abb x18=0x20002abb
       80022000	      3899	80003628	0f05	c.addi	x30,1	 x30:0x00000003 x30=0x00000004
       80042000	      3900	8000362a	8dfa	c.mv	x27,x30	  x0:0x00000000 x30:0x00000004 x27=0x00000004
       80062000	      3901	8000362c	4c41	c.li	x24,16	 x24=0x00000010
       80082000	      3902	8000362e	018f5363	bge	x30,x24,80003634	 x30:0x00000004 x24:0x00000010
       80102000	      3903	80003632	b56d	c.j	800034dc	
       80162000	      3906	800034dc	8f6e	c.mv	x30,x27	  x0:0x00000000 x27:0x00000004 x30=0x00000004
       80182000	      3907	800034de	87fa	c.mv	x15,x30	  x0:0x00000000 x30:0x00000004 x15=0x00000004
       80202000	      3908	800034e0	4781	c.li	x15,0	 x15=0x00000000
       80222000	      3909	800034e2	04ff0f63	beq	x30,x15,80003540	 x30:0x00000004 x15:0x00000000
       80242000	      3910	800034e6	4785	c.li	x15,1	 x15=0x00000001
       80262000	      3911	800034e8	06ff0163	beq	x30,x15,8000354a	 x30:0x00000004 x15:0x00000001
       80282000	      3912	800034ec	4789	c.li	x15,2	 x15=0x00000002
       80302000	      3913	800034ee	06ff0363	beq	x30,x15,80003554	 x30:0x00000004 x15:0x00000002
       80322000	      3914	800034f2	478d	c.li	x15,3	 x15=0x00000003
       80342000	      3915	800034f4	06ff0563	beq	x30,x15,8000355e	 x30:0x00000004 x15:0x00000003
       80362000	      3916	800034f8	4791	c.li	x15,4	 x15=0x00000004
       80382000	      3917	800034fa	06ff0763	beq	x30,x15,80003568	 x30:0x00000004 x15:0x00000004
       80422000	      3919	80003568	3b402c73	csrrs	x24,pmpaddr4,x0	  x0:0x00000000 x24=0x20003455
       80442000	      3920	8000356c	3a1028f3	csrrs	x17,pmpcfg1,x0	  x0:0x00000000 x17=0x0f0f0f0f
       80642000	      3930	80003570	a885	c.j	800035e0	
       80682000	      3932	800035e0	4d11	c.li	x26,4	 x26=0x00000004
       80702000	      3933	800035e2	01ed9f13	slli	x30,x27,0x1e	 x27:0x00000004 x30=0x00000000
       80742000	      3935	800035e6	01ef5f13	srli	x30,x30,0x1e	 x30:0x00000000 x30=0x00000000
       80762000	      3936	800035ea	41ed07b3	sub	x15,x26,x30	 x26:0x00000004 x30:0x00000000 x15=0x00000004
       80782000	      3937	800035ee	17fd	c.addi	x15,-1	 x15:0x00000004 x15=0x00000003
       80802000	      3938	800035f0	078e	c.slli	x15,0x3	 x15:0x00000003 x15=0x00000018
       80822000	      3939	800035f2	00f89d33	sll	x26,x17,x15	 x17:0x0f0f0f0f x15:0x00000018 x26=0x0f000000
       80842000	      3940	800035f6	0f0e	c.slli	x30,0x3	 x30:0x00000000 x30=0x00000000
       80862000	      3941	800035f8	97fa	c.add	x15,x30	 x15:0x00000018 x30:0x00000000 x15=0x00000018
       80882000	      3942	800035fa	00fd5d33	srl	x26,x26,x15	 x26:0x0f000000 x15:0x00000018 x26=0x0000000f
       80902000	      3943	800035fe	01bd1793	slli	x15,x26,0x1b	 x26:0x0000000f x15=0x78000000
       80922000	      3944	80003602	83f9	c.srli	x15,0x1e	 x15:0x78000000 x15=0x00000001
       80942000	      3945	80003604	c7a1	c.beqz	x15,8000364c	 x15:0x00000001
       80962000	      3946	80003606	4f05	c.li	x30,1	 x30=0x00000001
       80982000	      3947	80003608	05e78363	beq	x15,x30,8000364e	 x15:0x00000001 x30:0x00000001
       81042000	      3950	8000364e	8f6e	c.mv	x30,x27	  x0:0x00000000 x27:0x00000004 x30=0x00000004
       81062000	      3951	80003650	343027f3	csrrs	x15,mtval,x0	  x0:0x00000000 x15=0x8ffffffc
       81082000	      3952	80003654	8389	c.srli	x15,0x2	 x15:0x8ffffffc x15=0x23ffffff
       81102000	      3953	80003656	000f1563	bne	x30,x0,80003660	 x30:0x00000004  x0:0x00000000
       81142000	      3955	80003660	fd27e2e3	bltu	x15,x18,80003624	 x15:0x23ffffff x18:0x20002abb
       81162000	      3956	80003664	fd87f0e3	bgeu	x15,x24,80003624	 x15:0x23ffffff x24:0x20003455
       81222000	      3959	80003624	8f6e	c.mv	x30,x27	  x0:0x00000000 x27:0x00000004 x30=0x00000004
       81242000	      3960	80003626	8962	c.mv	x18,x24	  x0:0x00000000 x24:0x20003455 x18=0x20003455
       81282000	      3962	80003628	0f05	c.addi	x30,1	 x30:0x00000004 x30=0x00000005
       81302000	      3963	8000362a	8dfa	c.mv	x27,x30	  x0:0x00000000 x30:0x00000005 x27=0x00000005
       81322000	      3964	8000362c	4c41	c.li	x24,16	 x24=0x00000010
       81342000	      3965	8000362e	018f5363	bge	x30,x24,80003634	 x30:0x00000005 x24:0x00000010
       81362000	      3966	80003632	b56d	c.j	800034dc	
       81422000	      3969	800034dc	8f6e	c.mv	x30,x27	  x0:0x00000000 x27:0x00000005 x30=0x00000005
       81442000	      3970	800034de	87fa	c.mv	x15,x30	  x0:0x00000000 x30:0x00000005 x15=0x00000005
       81462000	      3971	800034e0	4781	c.li	x15,0	 x15=0x00000000
       81482000	      3972	800034e2	04ff0f63	beq	x30,x15,80003540	 x30:0x00000005 x15:0x00000000
       81502000	      3973	800034e6	4785	c.li	x15,1	 x15=0x00000001
       81522000	      3974	800034e8	06ff0163	beq	x30,x15,8000354a	 x30:0x00000005 x15:0x00000001
       81542000	      3975	800034ec	4789	c.li	x15,2	 x15=0x00000002
       81562000	      3976	800034ee	06ff0363	beq	x30,x15,80003554	 x30:0x00000005 x15:0x00000002
       81582000	      3977	800034f2	478d	c.li	x15,3	 x15=0x00000003
       81602000	      3978	800034f4	06ff0563	beq	x30,x15,8000355e	 x30:0x00000005 x15:0x00000003
       81622000	      3979	800034f8	4791	c.li	x15,4	 x15=0x00000004
       81642000	      3980	800034fa	06ff0763	beq	x30,x15,80003568	 x30:0x00000005 x15:0x00000004
       81662000	      3981	800034fe	4795	c.li	x15,5	 x15=0x00000005
       81682000	      3982	80003500	06ff0963	beq	x30,x15,80003572	 x30:0x00000005 x15:0x00000005
       81742000	      3985	80003572	3b502c73	csrrs	x24,pmpaddr5,x0	  x0:0x00000000 x24=0x20003dee
       81762000	      3986	80003576	3a1028f3	csrrs	x17,pmpcfg1,x0	  x0:0x00000000 x17=0x0f0f0f0f
       81782000	      3987	8000357a	a09d	c.j	800035e0	
       81842000	      3990	800035e0	4d11	c.li	x26,4	 x26=0x00000004
       81862000	      3991	800035e2	01ed9f13	slli	x30,x27,0x1e	 x27:0x00000005 x30=0x40000000
       81882000	      3992	800035e6	01ef5f13	srli	x30,x30,0x1e	 x30:0x40000000 x30=0x00000001
       81902000	      3993	800035ea	41ed07b3	sub	x15,x26,x30	 x26:0x00000004 x30:0x00000001 x15=0x00000003
       81922000	      3994	800035ee	17fd	c.addi	x15,-1	 x15:0x00000003 x15=0x00000002
       81942000	      3995	800035f0	078e	c.slli	x15,0x3	 x15:0x00000002 x15=0x00000010
       81962000	      3996	800035f2	00f89d33	sll	x26,x17,x15	 x17:0x0f0f0f0f x15:0x00000010 x26=0x0f0f0000
       81982000	      3997	800035f6	0f0e	c.slli	x30,0x3	 x30:0x00000001 x30=0x00000008
       82002000	      3998	800035f8	97fa	c.add	x15,x30	 x15:0x00000010 x30:0x00000008 x15=0x00000018
       82022000	      3999	800035fa	00fd5d33	srl	x26,x26,x15	 x26:0x0f0f0000 x15:0x00000018 x26=0x0000000f
       82042000	      4000	800035fe	01bd1793	slli	x15,x26,0x1b	 x26:0x0000000f x15=0x78000000
       82062000	      4001	80003602	83f9	c.srli	x15,0x1e	 x15:0x78000000 x15=0x00000001
       82082000	      4002	80003604	c7a1	c.beqz	x15,8000364c	 x15:0x00000001
       82102000	      4003	80003606	4f05	c.li	x30,1	 x30=0x00000001
       82122000	      4004	80003608	05e78363	beq	x15,x30,8000364e	 x15:0x00000001 x30:0x00000001
       82182000	      4007	8000364e	8f6e	c.mv	x30,x27	  x0:0x00000000 x27:0x00000005 x30=0x00000005
       82202000	      4008	80003650	343027f3	csrrs	x15,mtval,x0	  x0:0x00000000 x15=0x8ffffffc
       82222000	      4009	80003654	8389	c.srli	x15,0x2	 x15:0x8ffffffc x15=0x23ffffff
       82242000	      4010	80003656	000f1563	bne	x30,x0,80003660	 x30:0x00000005  x0:0x00000000
       82282000	      4012	80003660	fd27e2e3	bltu	x15,x18,80003624	 x15:0x23ffffff x18:0x20003455
       82302000	      4013	80003664	fd87f0e3	bgeu	x15,x24,80003624	 x15:0x23ffffff x24:0x20003dee
       82342000	      4015	80003624	8f6e	c.mv	x30,x27	  x0:0x00000000 x27:0x00000005 x30=0x00000005
       82362000	      4016	80003626	8962	c.mv	x18,x24	  x0:0x00000000 x24:0x20003dee x18=0x20003dee
       82382000	      4017	80003628	0f05	c.addi	x30,1	 x30:0x00000005 x30=0x00000006
       82402000	      4018	8000362a	8dfa	c.mv	x27,x30	  x0:0x00000000 x30:0x00000006 x27=0x00000006
       82422000	      4019	8000362c	4c41	c.li	x24,16	 x24=0x00000010
       82442000	      4020	8000362e	018f5363	bge	x30,x24,80003634	 x30:0x00000006 x24:0x00000010
       82462000	      4021	80003632	b56d	c.j	800034dc	
       82502000	      4023	800034dc	8f6e	c.mv	x30,x27	  x0:0x00000000 x27:0x00000006 x30=0x00000006
       82522000	      4024	800034de	87fa	c.mv	x15,x30	  x0:0x00000000 x30:0x00000006 x15=0x00000006
       82542000	      4025	800034e0	4781	c.li	x15,0	 x15=0x00000000
       82562000	      4026	800034e2	04ff0f63	beq	x30,x15,80003540	 x30:0x00000006 x15:0x00000000
       82582000	      4027	800034e6	4785	c.li	x15,1	 x15=0x00000001
       82602000	      4028	800034e8	06ff0163	beq	x30,x15,8000354a	 x30:0x00000006 x15:0x00000001
       82622000	      4029	800034ec	4789	c.li	x15,2	 x15=0x00000002
       82642000	      4030	800034ee	06ff0363	beq	x30,x15,80003554	 x30:0x00000006 x15:0x00000002
       82662000	      4031	800034f2	478d	c.li	x15,3	 x15=0x00000003
       82682000	      4032	800034f4	06ff0563	beq	x30,x15,8000355e	 x30:0x00000006 x15:0x00000003
       82702000	      4033	800034f8	4791	c.li	x15,4	 x15=0x00000004
       82722000	      4034	800034fa	06ff0763	beq	x30,x15,80003568	 x30:0x00000006 x15:0x00000004
       82742000	      4035	800034fe	4795	c.li	x15,5	 x15=0x00000005
       82762000	      4036	80003500	06ff0963	beq	x30,x15,80003572	 x30:0x00000006 x15:0x00000005
       82782000	      4037	80003504	4799	c.li	x15,6	 x15=0x00000006
       82802000	      4038	80003506	06ff0b63	beq	x30,x15,8000357c	 x30:0x00000006 x15:0x00000006
       82842000	      4040	8000357c	3b602c73	csrrs	x24,pmpaddr6,x0	  x0:0x00000000 x24=0x20004788
       82862000	      4041	80003580	3a1028f3	csrrs	x17,pmpcfg1,x0	  x0:0x00000000 x17=0x0f0f0f0f
       82882000	      4042	80003584	a8b1	c.j	800035e0	
       82922000	      4044	800035e0	4d11	c.li	x26,4	 x26=0x00000004
       82942000	      4045	800035e2	01ed9f13	slli	x30,x27,0x1e	 x27:0x00000006 x30=0x80000000
       82962000	      4046	800035e6	01ef5f13	srli	x30,x30,0x1e	 x30:0x80000000 x30=0x00000002
       82982000	      4047	800035ea	41ed07b3	sub	x15,x26,x30	 x26:0x00000004 x30:0x00000002 x15=0x00000002
       83002000	      4048	800035ee	17fd	c.addi	x15,-1	 x15:0x00000002 x15=0x00000001
       83022000	      4049	800035f0	078e	c.slli	x15,0x3	 x15:0x00000001 x15=0x00000008
       83042000	      4050	800035f2	00f89d33	sll	x26,x17,x15	 x17:0x0f0f0f0f x15:0x00000008 x26=0x0f0f0f00
       83062000	      4051	800035f6	0f0e	c.slli	x30,0x3	 x30:0x00000002 x30=0x00000010
       83082000	      4052	800035f8	97fa	c.add	x15,x30	 x15:0x00000008 x30:0x00000010 x15=0x00000018
       83102000	      4053	800035fa	00fd5d33	srl	x26,x26,x15	 x26:0x0f0f0f00 x15:0x00000018 x26=0x0000000f
       83122000	      4054	800035fe	01bd1793	slli	x15,x26,0x1b	 x26:0x0000000f x15=0x78000000
       83142000	      4055	80003602	83f9	c.srli	x15,0x1e	 x15:0x78000000 x15=0x00000001
       83162000	      4056	80003604	c7a1	c.beqz	x15,8000364c	 x15:0x00000001
       83182000	      4057	80003606	4f05	c.li	x30,1	 x30=0x00000001
       83202000	      4058	80003608	05e78363	beq	x15,x30,8000364e	 x15:0x00000001 x30:0x00000001
       83242000	      4060	8000364e	8f6e	c.mv	x30,x27	  x0:0x00000000 x27:0x00000006 x30=0x00000006
       83262000	      4061	80003650	343027f3	csrrs	x15,mtval,x0	  x0:0x00000000 x15=0x8ffffffc
       83282000	      4062	80003654	8389	c.srli	x15,0x2	 x15:0x8ffffffc x15=0x23ffffff
       83302000	      4063	80003656	000f1563	bne	x30,x0,80003660	 x30:0x00000006  x0:0x00000000
       83342000	      4065	80003660	fd27e2e3	bltu	x15,x18,80003624	 x15:0x23ffffff x18:0x20003dee
       83362000	      4066	80003664	fd87f0e3	bgeu	x15,x24,80003624	 x15:0x23ffffff x24:0x20004788
       83402000	      4068	80003624	8f6e	c.mv	x30,x27	  x0:0x00000000 x27:0x00000006 x30=0x00000006
       83422000	      4069	80003626	8962	c.mv	x18,x24	  x0:0x00000000 x24:0x20004788 x18=0x20004788
       83442000	      4070	80003628	0f05	c.addi	x30,1	 x30:0x00000006 x30=0x00000007
       83462000	      4071	8000362a	8dfa	c.mv	x27,x30	  x0:0x00000000 x30:0x00000007 x27=0x00000007
       83482000	      4072	8000362c	4c41	c.li	x24,16	 x24=0x00000010
       83502000	      4073	8000362e	018f5363	bge	x30,x24,80003634	 x30:0x00000007 x24:0x00000010
       83522000	      4074	80003632	b56d	c.j	800034dc	
       83562000	      4076	800034dc	8f6e	c.mv	x30,x27	  x0:0x00000000 x27:0x00000007 x30=0x00000007
       83582000	      4077	800034de	87fa	c.mv	x15,x30	  x0:0x00000000 x30:0x00000007 x15=0x00000007
       83602000	      4078	800034e0	4781	c.li	x15,0	 x15=0x00000000
       83622000	      4079	800034e2	04ff0f63	beq	x30,x15,80003540	 x30:0x00000007 x15:0x00000000
       83642000	      4080	800034e6	4785	c.li	x15,1	 x15=0x00000001
       83662000	      4081	800034e8	06ff0163	beq	x30,x15,8000354a	 x30:0x00000007 x15:0x00000001
       83682000	      4082	800034ec	4789	c.li	x15,2	 x15=0x00000002
       83702000	      4083	800034ee	06ff0363	beq	x30,x15,80003554	 x30:0x00000007 x15:0x00000002
       83722000	      4084	800034f2	478d	c.li	x15,3	 x15=0x00000003
       83742000	      4085	800034f4	06ff0563	beq	x30,x15,8000355e	 x30:0x00000007 x15:0x00000003
       83762000	      4086	800034f8	4791	c.li	x15,4	 x15=0x00000004
       83782000	      4087	800034fa	06ff0763	beq	x30,x15,80003568	 x30:0x00000007 x15:0x00000004
       83802000	      4088	800034fe	4795	c.li	x15,5	 x15=0x00000005
       83822000	      4089	80003500	06ff0963	beq	x30,x15,80003572	 x30:0x00000007 x15:0x00000005
       83842000	      4090	80003504	4799	c.li	x15,6	 x15=0x00000006
       83862000	      4091	80003506	06ff0b63	beq	x30,x15,8000357c	 x30:0x00000007 x15:0x00000006
       83882000	      4092	8000350a	479d	c.li	x15,7	 x15=0x00000007
       83902000	      4093	8000350c	06ff0d63	beq	x30,x15,80003586	 x30:0x00000007 x15:0x00000007
       83962000	      4096	80003586	3b702c73	csrrs	x24,pmpaddr7,x0	  x0:0x00000000 x24=0x20005121
       83982000	      4097	8000358a	3a1028f3	csrrs	x17,pmpcfg1,x0	  x0:0x00000000 x17=0x0f0f0f0f
       84002000	      4098	8000358e	a889	c.j	800035e0	
       84042000	      4100	800035e0	4d11	c.li	x26,4	 x26=0x00000004
       84062000	      4101	800035e2	01ed9f13	slli	x30,x27,0x1e	 x27:0x00000007 x30=0xc0000000
       84122000	      4104	800035e6	01ef5f13	srli	x30,x30,0x1e	 x30:0xc0000000 x30=0x00000003
       84142000	      4105	800035ea	41ed07b3	sub	x15,x26,x30	 x26:0x00000004 x30:0x00000003 x15=0x00000001
       84162000	      4106	800035ee	17fd	c.addi	x15,-1	 x15:0x00000001 x15=0x00000000
       84202000	      4108	800035f0	078e	c.slli	x15,0x3	 x15:0x00000000 x15=0x00000000
       84222000	      4109	800035f2	00f89d33	sll	x26,x17,x15	 x17:0x0f0f0f0f x15:0x00000000 x26=0x0f0f0f0f
       84242000	      4110	800035f6	0f0e	c.slli	x30,0x3	 x30:0x00000003 x30=0x00000018
       84282000	      4112	800035f8	97fa	c.add	x15,x30	 x15:0x00000000 x30:0x00000018 x15=0x00000018
       84302000	      4113	800035fa	00fd5d33	srl	x26,x26,x15	 x26:0x0f0f0f0f x15:0x00000018 x26=0x0000000f
       84362000	      4116	800035fe	01bd1793	slli	x15,x26,0x1b	 x26:0x0000000f x15=0x78000000
       84382000	      4117	80003602	83f9	c.srli	x15,0x1e	 x15:0x78000000 x15=0x00000001
       84402000	      4118	80003604	c7a1	c.beqz	x15,8000364c	 x15:0x00000001
       84422000	      4119	80003606	4f05	c.li	x30,1	 x30=0x00000001
       84462000	      4121	80003608	05e78363	beq	x15,x30,8000364e	 x15:0x00000001 x30:0x00000001
       84522000	      4124	8000364e	8f6e	c.mv	x30,x27	  x0:0x00000000 x27:0x00000007 x30=0x00000007
       84542000	      4125	80003650	343027f3	csrrs	x15,mtval,x0	  x0:0x00000000 x15=0x8ffffffc
       84562000	      4126	80003654	8389	c.srli	x15,0x2	 x15:0x8ffffffc x15=0x23ffffff
       84582000	      4127	80003656	000f1563	bne	x30,x0,80003660	 x30:0x00000007  x0:0x00000000
       84622000	      4129	80003660	fd27e2e3	bltu	x15,x18,80003624	 x15:0x23ffffff x18:0x20004788
       84642000	      4130	80003664	fd87f0e3	bgeu	x15,x24,80003624	 x15:0x23ffffff x24:0x20005121
       84702000	      4133	80003624	8f6e	c.mv	x30,x27	  x0:0x00000000 x27:0x00000007 x30=0x00000007
       84722000	      4134	80003626	8962	c.mv	x18,x24	  x0:0x00000000 x24:0x20005121 x18=0x20005121
       84742000	      4135	80003628	0f05	c.addi	x30,1	 x30:0x00000007 x30=0x00000008
       84762000	      4136	8000362a	8dfa	c.mv	x27,x30	  x0:0x00000000 x30:0x00000008 x27=0x00000008
       84782000	      4137	8000362c	4c41	c.li	x24,16	 x24=0x00000010
       84802000	      4138	8000362e	018f5363	bge	x30,x24,80003634	 x30:0x00000008 x24:0x00000010
       84822000	      4139	80003632	b56d	c.j	800034dc	
       84882000	      4142	800034dc	8f6e	c.mv	x30,x27	  x0:0x00000000 x27:0x00000008 x30=0x00000008
       84902000	      4143	800034de	87fa	c.mv	x15,x30	  x0:0x00000000 x30:0x00000008 x15=0x00000008
       84922000	      4144	800034e0	4781	c.li	x15,0	 x15=0x00000000
       84942000	      4145	800034e2	04ff0f63	beq	x30,x15,80003540	 x30:0x00000008 x15:0x00000000
      105722000	      5184	800034e6	4785	c.li	x15,1	 x15=0x00000001
      105742000	      5185	800034e8	06ff0163	beq	x30,x15,8000354a	 x30:0x00000008 x15:0x00000001
      105762000	      5186	800034ec	4789	c.li	x15,2	 x15=0x00000002
      105782000	      5187	800034ee	06ff0363	beq	x30,x15,80003554	 x30:0x00000008 x15:0x00000002
      105802000	      5188	800034f2	478d	c.li	x15,3	 x15=0x00000003
      105822000	      5189	800034f4	06ff0563	beq	x30,x15,8000355e	 x30:0x00000008 x15:0x00000003
      105842000	      5190	800034f8	4791	c.li	x15,4	 x15=0x00000004
      105862000	      5191	800034fa	06ff0763	beq	x30,x15,80003568	 x30:0x00000008 x15:0x00000004
      105882000	      5192	800034fe	4795	c.li	x15,5	 x15=0x00000005
      105902000	      5193	80003500	06ff0963	beq	x30,x15,80003572	 x30:0x00000008 x15:0x00000005
      105922000	      5194	80003504	4799	c.li	x15,6	 x15=0x00000006
      105942000	      5195	80003506	06ff0b63	beq	x30,x15,8000357c	 x30:0x00000008 x15:0x00000006
      105962000	      5196	8000350a	479d	c.li	x15,7	 x15=0x00000007
      105982000	      5197	8000350c	06ff0d63	beq	x30,x15,80003586	 x30:0x00000008 x15:0x00000007
      106002000	      5198	80003510	47a1	c.li	x15,8	 x15=0x00000008
      106022000	      5199	80003512	06ff0f63	beq	x30,x15,80003590	 x30:0x00000008 x15:0x00000008
      106062000	      5201	80003590	3b802c73	csrrs	x24,pmpaddr8,x0	  x0:0x00000000 x24=0x20005abb
      106082000	      5202	80003594	3a2028f3	csrrs	x17,pmpcfg2,x0	  x0:0x00000000 x17=0x0f0f0f0f
      106102000	      5203	80003598	a0a1	c.j	800035e0	
      106142000	      5205	800035e0	4d11	c.li	x26,4	 x26=0x00000004
      106162000	      5206	800035e2	01ed9f13	slli	x30,x27,0x1e	 x27:0x00000008 x30=0x00000000
      106182000	      5207	800035e6	01ef5f13	srli	x30,x30,0x1e	 x30:0x00000000 x30=0x00000000
      106202000	      5208	800035ea	41ed07b3	sub	x15,x26,x30	 x26:0x00000004 x30:0x00000000 x15=0x00000004
      106222000	      5209	800035ee	17fd	c.addi	x15,-1	 x15:0x00000004 x15=0x00000003
      106242000	      5210	800035f0	078e	c.slli	x15,0x3	 x15:0x00000003 x15=0x00000018
      106262000	      5211	800035f2	00f89d33	sll	x26,x17,x15	 x17:0x0f0f0f0f x15:0x00000018 x26=0x0f000000
      106282000	      5212	800035f6	0f0e	c.slli	x30,0x3	 x30:0x00000000 x30=0x00000000
      106302000	      5213	800035f8	97fa	c.add	x15,x30	 x15:0x00000018 x30:0x00000000 x15=0x00000018
      106322000	      5214	800035fa	00fd5d33	srl	x26,x26,x15	 x26:0x0f000000 x15:0x00000018 x26=0x0000000f
      106342000	      5215	800035fe	01bd1793	slli	x15,x26,0x1b	 x26:0x0000000f x15=0x78000000
      106362000	      5216	80003602	83f9	c.srli	x15,0x1e	 x15:0x78000000 x15=0x00000001
      106382000	      5217	80003604	c7a1	c.beqz	x15,8000364c	 x15:0x00000001
      106402000	      5218	80003606	4f05	c.li	x30,1	 x30=0x00000001
      106422000	      5219	80003608	05e78363	beq	x15,x30,8000364e	 x15:0x00000001 x30:0x00000001
      106482000	      5222	8000364e	8f6e	c.mv	x30,x27	  x0:0x00000000 x27:0x00000008 x30=0x00000008
      106502000	      5223	80003650	343027f3	csrrs	x15,mtval,x0	  x0:0x00000000 x15=0x8ffffffc
      106522000	      5224	80003654	8389	c.srli	x15,0x2	 x15:0x8ffffffc x15=0x23ffffff
      106542000	      5225	80003656	000f1563	bne	x30,x0,80003660	 x30:0x00000008  x0:0x00000000
      106582000	      5227	80003660	fd27e2e3	bltu	x15,x18,80003624	 x15:0x23ffffff x18:0x20005121
      106602000	      5228	80003664	fd87f0e3	bgeu	x15,x24,80003624	 x15:0x23ffffff x24:0x20005abb
      106662000	      5231	80003624	8f6e	c.mv	x30,x27	  x0:0x00000000 x27:0x00000008 x30=0x00000008
      106682000	      5232	80003626	8962	c.mv	x18,x24	  x0:0x00000000 x24:0x20005abb x18=0x20005abb
      106702000	      5233	80003628	0f05	c.addi	x30,1	 x30:0x00000008 x30=0x00000009
      106722000	      5234	8000362a	8dfa	c.mv	x27,x30	  x0:0x00000000 x30:0x00000009 x27=0x00000009
      106742000	      5235	8000362c	4c41	c.li	x24,16	 x24=0x00000010
      106762000	      5236	8000362e	018f5363	bge	x30,x24,80003634	 x30:0x00000009 x24:0x00000010
      106782000	      5237	80003632	b56d	c.j	800034dc	
      106842000	      5240	800034dc	8f6e	c.mv	x30,x27	  x0:0x00000000 x27:0x00000009 x30=0x00000009
      106862000	      5241	800034de	87fa	c.mv	x15,x30	  x0:0x00000000 x30:0x00000009 x15=0x00000009
      106882000	      5242	800034e0	4781	c.li	x15,0	 x15=0x00000000
      106902000	      5243	800034e2	04ff0f63	beq	x30,x15,80003540	 x30:0x00000009 x15:0x00000000
      106922000	      5244	800034e6	4785	c.li	x15,1	 x15=0x00000001
      106942000	      5245	800034e8	06ff0163	beq	x30,x15,8000354a	 x30:0x00000009 x15:0x00000001
      106962000	      5246	800034ec	4789	c.li	x15,2	 x15=0x00000002
      106982000	      5247	800034ee	06ff0363	beq	x30,x15,80003554	 x30:0x00000009 x15:0x00000002
      107002000	      5248	800034f2	478d	c.li	x15,3	 x15=0x00000003
      107022000	      5249	800034f4	06ff0563	beq	x30,x15,8000355e	 x30:0x00000009 x15:0x00000003
      107042000	      5250	800034f8	4791	c.li	x15,4	 x15=0x00000004
      107062000	      5251	800034fa	06ff0763	beq	x30,x15,80003568	 x30:0x00000009 x15:0x00000004
      107082000	      5252	800034fe	4795	c.li	x15,5	 x15=0x00000005
      107102000	      5253	80003500	06ff0963	beq	x30,x15,80003572	 x30:0x00000009 x15:0x00000005
      107122000	      5254	80003504	4799	c.li	x15,6	 x15=0x00000006
      107142000	      5255	80003506	06ff0b63	beq	x30,x15,8000357c	 x30:0x00000009 x15:0x00000006
      107162000	      5256	8000350a	479d	c.li	x15,7	 x15=0x00000007
      107182000	      5257	8000350c	06ff0d63	beq	x30,x15,80003586	 x30:0x00000009 x15:0x00000007
      107202000	      5258	80003510	47a1	c.li	x15,8	 x15=0x00000008
      107222000	      5259	80003512	06ff0f63	beq	x30,x15,80003590	 x30:0x00000009 x15:0x00000008
      107242000	      5260	80003516	47a5	c.li	x15,9	 x15=0x00000009
      107262000	      5261	80003518	08ff0163	beq	x30,x15,8000359a	 x30:0x00000009 x15:0x00000009
      107322000	      5264	8000359a	3b902c73	csrrs	x24,pmpaddr9,x0	  x0:0x00000000 x24=0x20006454
      107342000	      5265	8000359e	3a2028f3	csrrs	x17,pmpcfg2,x0	  x0:0x00000000 x17=0x0f0f0f0f
      107362000	      5266	800035a2	a83d	c.j	800035e0	
      107422000	      5269	800035e0	4d11	c.li	x26,4	 x26=0x00000004
      107442000	      5270	800035e2	01ed9f13	slli	x30,x27,0x1e	 x27:0x00000009 x30=0x40000000
      107502000	      5273	800035e6	01ef5f13	srli	x30,x30,0x1e	 x30:0x40000000 x30=0x00000001
      107522000	      5274	800035ea	41ed07b3	sub	x15,x26,x30	 x26:0x00000004 x30:0x00000001 x15=0x00000003
      107542000	      5275	800035ee	17fd	c.addi	x15,-1	 x15:0x00000003 x15=0x00000002
      107562000	      5276	800035f0	078e	c.slli	x15,0x3	 x15:0x00000002 x15=0x00000010
      107582000	      5277	800035f2	00f89d33	sll	x26,x17,x15	 x17:0x0f0f0f0f x15:0x00000010 x26=0x0f0f0000
      107602000	      5278	800035f6	0f0e	c.slli	x30,0x3	 x30:0x00000001 x30=0x00000008
      107622000	      5279	800035f8	97fa	c.add	x15,x30	 x15:0x00000010 x30:0x00000008 x15=0x00000018
      107642000	      5280	800035fa	00fd5d33	srl	x26,x26,x15	 x26:0x0f0f0000 x15:0x00000018 x26=0x0000000f
      107662000	      5281	800035fe	01bd1793	slli	x15,x26,0x1b	 x26:0x0000000f x15=0x78000000
      107682000	      5282	80003602	83f9	c.srli	x15,0x1e	 x15:0x78000000 x15=0x00000001
      107702000	      5283	80003604	c7a1	c.beqz	x15,8000364c	 x15:0x00000001
      107722000	      5284	80003606	4f05	c.li	x30,1	 x30=0x00000001
      107742000	      5285	80003608	05e78363	beq	x15,x30,8000364e	 x15:0x00000001 x30:0x00000001
      107802000	      5288	8000364e	8f6e	c.mv	x30,x27	  x0:0x00000000 x27:0x00000009 x30=0x00000009
      107822000	      5289	80003650	343027f3	csrrs	x15,mtval,x0	  x0:0x00000000 x15=0x8ffffffc
      107842000	      5290	80003654	8389	c.srli	x15,0x2	 x15:0x8ffffffc x15=0x23ffffff
      107862000	      5291	80003656	000f1563	bne	x30,x0,80003660	 x30:0x00000009  x0:0x00000000
      107902000	      5293	80003660	fd27e2e3	bltu	x15,x18,80003624	 x15:0x23ffffff x18:0x20005abb
      107922000	      5294	80003664	fd87f0e3	bgeu	x15,x24,80003624	 x15:0x23ffffff x24:0x20006454
      107962000	      5296	80003624	8f6e	c.mv	x30,x27	  x0:0x00000000 x27:0x00000009 x30=0x00000009
      107982000	      5297	80003626	8962	c.mv	x18,x24	  x0:0x00000000 x24:0x20006454 x18=0x20006454
      108002000	      5298	80003628	0f05	c.addi	x30,1	 x30:0x00000009 x30=0x0000000a
      108022000	      5299	8000362a	8dfa	c.mv	x27,x30	  x0:0x00000000 x30:0x0000000a x27=0x0000000a
      108042000	      5300	8000362c	4c41	c.li	x24,16	 x24=0x00000010
      108062000	      5301	8000362e	018f5363	bge	x30,x24,80003634	 x30:0x0000000a x24:0x00000010
      108082000	      5302	80003632	b56d	c.j	800034dc	
      108142000	      5305	800034dc	8f6e	c.mv	x30,x27	  x0:0x00000000 x27:0x0000000a x30=0x0000000a
      108162000	      5306	800034de	87fa	c.mv	x15,x30	  x0:0x00000000 x30:0x0000000a x15=0x0000000a
      108182000	      5307	800034e0	4781	c.li	x15,0	 x15=0x00000000
      108202000	      5308	800034e2	04ff0f63	beq	x30,x15,80003540	 x30:0x0000000a x15:0x00000000
      108222000	      5309	800034e6	4785	c.li	x15,1	 x15=0x00000001
      108242000	      5310	800034e8	06ff0163	beq	x30,x15,8000354a	 x30:0x0000000a x15:0x00000001
      108262000	      5311	800034ec	4789	c.li	x15,2	 x15=0x00000002
      108282000	      5312	800034ee	06ff0363	beq	x30,x15,80003554	 x30:0x0000000a x15:0x00000002
      108302000	      5313	800034f2	478d	c.li	x15,3	 x15=0x00000003
      108322000	      5314	800034f4	06ff0563	beq	x30,x15,8000355e	 x30:0x0000000a x15:0x00000003
      108342000	      5315	800034f8	4791	c.li	x15,4	 x15=0x00000004
      108362000	      5316	800034fa	06ff0763	beq	x30,x15,80003568	 x30:0x0000000a x15:0x00000004
      108382000	      5317	800034fe	4795	c.li	x15,5	 x15=0x00000005
      108402000	      5318	80003500	06ff0963	beq	x30,x15,80003572	 x30:0x0000000a x15:0x00000005
      108422000	      5319	80003504	4799	c.li	x15,6	 x15=0x00000006
      108442000	      5320	80003506	06ff0b63	beq	x30,x15,8000357c	 x30:0x0000000a x15:0x00000006
      108462000	      5321	8000350a	479d	c.li	x15,7	 x15=0x00000007
      108482000	      5322	8000350c	06ff0d63	beq	x30,x15,80003586	 x30:0x0000000a x15:0x00000007
      108502000	      5323	80003510	47a1	c.li	x15,8	 x15=0x00000008
      108522000	      5324	80003512	06ff0f63	beq	x30,x15,80003590	 x30:0x0000000a x15:0x00000008
      108542000	      5325	80003516	47a5	c.li	x15,9	 x15=0x00000009
      108562000	      5326	80003518	08ff0163	beq	x30,x15,8000359a	 x30:0x0000000a x15:0x00000009
      108582000	      5327	8000351c	47a9	c.li	x15,10	 x15=0x0000000a
      108602000	      5328	8000351e	08ff0363	beq	x30,x15,800035a4	 x30:0x0000000a x15:0x0000000a
      108642000	      5330	800035a4	3ba02c73	csrrs	x24,pmpaddr10,x0	  x0:0x00000000 x24=0x20006dee
      108662000	      5331	800035a8	3a2028f3	csrrs	x17,pmpcfg2,x0	  x0:0x00000000 x17=0x0f0f0f0f
      108682000	      5332	800035ac	a815	c.j	800035e0	
      108722000	      5334	800035e0	4d11	c.li	x26,4	 x26=0x00000004
      108742000	      5335	800035e2	01ed9f13	slli	x30,x27,0x1e	 x27:0x0000000a x30=0x80000000
      108762000	      5336	800035e6	01ef5f13	srli	x30,x30,0x1e	 x30:0x80000000 x30=0x00000002
      108782000	      5337	800035ea	41ed07b3	sub	x15,x26,x30	 x26:0x00000004 x30:0x00000002 x15=0x00000002
      108802000	      5338	800035ee	17fd	c.addi	x15,-1	 x15:0x00000002 x15=0x00000001
      108822000	      5339	800035f0	078e	c.slli	x15,0x3	 x15:0x00000001 x15=0x00000008
      108842000	      5340	800035f2	00f89d33	sll	x26,x17,x15	 x17:0x0f0f0f0f x15:0x00000008 x26=0x0f0f0f00
      108862000	      5341	800035f6	0f0e	c.slli	x30,0x3	 x30:0x00000002 x30=0x00000010
      108882000	      5342	800035f8	97fa	c.add	x15,x30	 x15:0x00000008 x30:0x00000010 x15=0x00000018
      108902000	      5343	800035fa	00fd5d33	srl	x26,x26,x15	 x26:0x0f0f0f00 x15:0x00000018 x26=0x0000000f
      108922000	      5344	800035fe	01bd1793	slli	x15,x26,0x1b	 x26:0x0000000f x15=0x78000000
      108942000	      5345	80003602	83f9	c.srli	x15,0x1e	 x15:0x78000000 x15=0x00000001
      108962000	      5346	80003604	c7a1	c.beqz	x15,8000364c	 x15:0x00000001
      108982000	      5347	80003606	4f05	c.li	x30,1	 x30=0x00000001
      109002000	      5348	80003608	05e78363	beq	x15,x30,8000364e	 x15:0x00000001 x30:0x00000001
      109042000	      5350	8000364e	8f6e	c.mv	x30,x27	  x0:0x00000000 x27:0x0000000a x30=0x0000000a
      109062000	      5351	80003650	343027f3	csrrs	x15,mtval,x0	  x0:0x00000000 x15=0x8ffffffc
      109082000	      5352	80003654	8389	c.srli	x15,0x2	 x15:0x8ffffffc x15=0x23ffffff
      109102000	      5353	80003656	000f1563	bne	x30,x0,80003660	 x30:0x0000000a  x0:0x00000000
      109142000	      5355	80003660	fd27e2e3	bltu	x15,x18,80003624	 x15:0x23ffffff x18:0x20006454
      109162000	      5356	80003664	fd87f0e3	bgeu	x15,x24,80003624	 x15:0x23ffffff x24:0x20006dee
      109202000	      5358	80003624	8f6e	c.mv	x30,x27	  x0:0x00000000 x27:0x0000000a x30=0x0000000a
      109222000	      5359	80003626	8962	c.mv	x18,x24	  x0:0x00000000 x24:0x20006dee x18=0x20006dee
      109242000	      5360	80003628	0f05	c.addi	x30,1	 x30:0x0000000a x30=0x0000000b
      109262000	      5361	8000362a	8dfa	c.mv	x27,x30	  x0:0x00000000 x30:0x0000000b x27=0x0000000b
      109282000	      5362	8000362c	4c41	c.li	x24,16	 x24=0x00000010
      109302000	      5363	8000362e	018f5363	bge	x30,x24,80003634	 x30:0x0000000b x24:0x00000010
      109322000	      5364	80003632	b56d	c.j	800034dc	
      109382000	      5367	800034dc	8f6e	c.mv	x30,x27	  x0:0x00000000 x27:0x0000000b x30=0x0000000b
      109402000	      5368	800034de	87fa	c.mv	x15,x30	  x0:0x00000000 x30:0x0000000b x15=0x0000000b
      109422000	      5369	800034e0	4781	c.li	x15,0	 x15=0x00000000
      109442000	      5370	800034e2	04ff0f63	beq	x30,x15,80003540	 x30:0x0000000b x15:0x00000000
      109462000	      5371	800034e6	4785	c.li	x15,1	 x15=0x00000001
      109482000	      5372	800034e8	06ff0163	beq	x30,x15,8000354a	 x30:0x0000000b x15:0x00000001
      109502000	      5373	800034ec	4789	c.li	x15,2	 x15=0x00000002
      109522000	      5374	800034ee	06ff0363	beq	x30,x15,80003554	 x30:0x0000000b x15:0x00000002
      109542000	      5375	800034f2	478d	c.li	x15,3	 x15=0x00000003
      109562000	      5376	800034f4	06ff0563	beq	x30,x15,8000355e	 x30:0x0000000b x15:0x00000003
      109582000	      5377	800034f8	4791	c.li	x15,4	 x15=0x00000004
      109602000	      5378	800034fa	06ff0763	beq	x30,x15,80003568	 x30:0x0000000b x15:0x00000004
      109622000	      5379	800034fe	4795	c.li	x15,5	 x15=0x00000005
      109642000	      5380	80003500	06ff0963	beq	x30,x15,80003572	 x30:0x0000000b x15:0x00000005
      109662000	      5381	80003504	4799	c.li	x15,6	 x15=0x00000006
      109682000	      5382	80003506	06ff0b63	beq	x30,x15,8000357c	 x30:0x0000000b x15:0x00000006
      109702000	      5383	8000350a	479d	c.li	x15,7	 x15=0x00000007
      109722000	      5384	8000350c	06ff0d63	beq	x30,x15,80003586	 x30:0x0000000b x15:0x00000007
      109742000	      5385	80003510	47a1	c.li	x15,8	 x15=0x00000008
      109762000	      5386	80003512	06ff0f63	beq	x30,x15,80003590	 x30:0x0000000b x15:0x00000008
      109782000	      5387	80003516	47a5	c.li	x15,9	 x15=0x00000009
      109802000	      5388	80003518	08ff0163	beq	x30,x15,8000359a	 x30:0x0000000b x15:0x00000009
      109822000	      5389	8000351c	47a9	c.li	x15,10	 x15=0x0000000a
      109842000	      5390	8000351e	08ff0363	beq	x30,x15,800035a4	 x30:0x0000000b x15:0x0000000a
      109862000	      5391	80003522	47ad	c.li	x15,11	 x15=0x0000000b
      109882000	      5392	80003524	08ff0563	beq	x30,x15,800035ae	 x30:0x0000000b x15:0x0000000b
      109942000	      5395	800035ae	3bb02c73	csrrs	x24,pmpaddr11,x0	  x0:0x00000000 x24=0x20007787
      109962000	      5396	800035b2	3a2028f3	csrrs	x17,pmpcfg2,x0	  x0:0x00000000 x17=0x0f0f0f0f
      109982000	      5397	800035b6	a02d	c.j	800035e0	
      110022000	      5399	800035e0	4d11	c.li	x26,4	 x26=0x00000004
      110042000	      5400	800035e2	01ed9f13	slli	x30,x27,0x1e	 x27:0x0000000b x30=0xc0000000
      110062000	      5401	800035e6	01ef5f13	srli	x30,x30,0x1e	 x30:0xc0000000 x30=0x00000003
      110082000	      5402	800035ea	41ed07b3	sub	x15,x26,x30	 x26:0x00000004 x30:0x00000003 x15=0x00000001
      110102000	      5403	800035ee	17fd	c.addi	x15,-1	 x15:0x00000001 x15=0x00000000
      110122000	      5404	800035f0	078e	c.slli	x15,0x3	 x15:0x00000000 x15=0x00000000
      110142000	      5405	800035f2	00f89d33	sll	x26,x17,x15	 x17:0x0f0f0f0f x15:0x00000000 x26=0x0f0f0f0f
      110162000	      5406	800035f6	0f0e	c.slli	x30,0x3	 x30:0x00000003 x30=0x00000018
      110182000	      5407	800035f8	97fa	c.add	x15,x30	 x15:0x00000000 x30:0x00000018 x15=0x00000018
      110202000	      5408	800035fa	00fd5d33	srl	x26,x26,x15	 x26:0x0f0f0f0f x15:0x00000018 x26=0x0000000f
      110222000	      5409	800035fe	01bd1793	slli	x15,x26,0x1b	 x26:0x0000000f x15=0x78000000
      110242000	      5410	80003602	83f9	c.srli	x15,0x1e	 x15:0x78000000 x15=0x00000001
      110262000	      5411	80003604	c7a1	c.beqz	x15,8000364c	 x15:0x00000001
      110282000	      5412	80003606	4f05	c.li	x30,1	 x30=0x00000001
      110302000	      5413	80003608	05e78363	beq	x15,x30,8000364e	 x15:0x00000001 x30:0x00000001
      110342000	      5415	8000364e	8f6e	c.mv	x30,x27	  x0:0x00000000 x27:0x0000000b x30=0x0000000b
      110362000	      5416	80003650	343027f3	csrrs	x15,mtval,x0	  x0:0x00000000 x15=0x8ffffffc
      110382000	      5417	80003654	8389	c.srli	x15,0x2	 x15:0x8ffffffc x15=0x23ffffff
      110402000	      5418	80003656	000f1563	bne	x30,x0,80003660	 x30:0x0000000b  x0:0x00000000
      110442000	      5420	80003660	fd27e2e3	bltu	x15,x18,80003624	 x15:0x23ffffff x18:0x20006dee
      110462000	      5421	80003664	fd87f0e3	bgeu	x15,x24,80003624	 x15:0x23ffffff x24:0x20007787
      110522000	      5424	80003624	8f6e	c.mv	x30,x27	  x0:0x00000000 x27:0x0000000b x30=0x0000000b
      110542000	      5425	80003626	8962	c.mv	x18,x24	  x0:0x00000000 x24:0x20007787 x18=0x20007787
      110562000	      5426	80003628	0f05	c.addi	x30,1	 x30:0x0000000b x30=0x0000000c
      110582000	      5427	8000362a	8dfa	c.mv	x27,x30	  x0:0x00000000 x30:0x0000000c x27=0x0000000c
      110602000	      5428	8000362c	4c41	c.li	x24,16	 x24=0x00000010
      110622000	      5429	8000362e	018f5363	bge	x30,x24,80003634	 x30:0x0000000c x24:0x00000010
      110642000	      5430	80003632	b56d	c.j	800034dc	
      110702000	      5433	800034dc	8f6e	c.mv	x30,x27	  x0:0x00000000 x27:0x0000000c x30=0x0000000c
      110722000	      5434	800034de	87fa	c.mv	x15,x30	  x0:0x00000000 x30:0x0000000c x15=0x0000000c
      110742000	      5435	800034e0	4781	c.li	x15,0	 x15=0x00000000
      110762000	      5436	800034e2	04ff0f63	beq	x30,x15,80003540	 x30:0x0000000c x15:0x00000000
      110782000	      5437	800034e6	4785	c.li	x15,1	 x15=0x00000001
      110802000	      5438	800034e8	06ff0163	beq	x30,x15,8000354a	 x30:0x0000000c x15:0x00000001
      110822000	      5439	800034ec	4789	c.li	x15,2	 x15=0x00000002
      110842000	      5440	800034ee	06ff0363	beq	x30,x15,80003554	 x30:0x0000000c x15:0x00000002
      110862000	      5441	800034f2	478d	c.li	x15,3	 x15=0x00000003
      110882000	      5442	800034f4	06ff0563	beq	x30,x15,8000355e	 x30:0x0000000c x15:0x00000003
      110902000	      5443	800034f8	4791	c.li	x15,4	 x15=0x00000004
      110922000	      5444	800034fa	06ff0763	beq	x30,x15,80003568	 x30:0x0000000c x15:0x00000004
      110942000	      5445	800034fe	4795	c.li	x15,5	 x15=0x00000005
      110962000	      5446	80003500	06ff0963	beq	x30,x15,80003572	 x30:0x0000000c x15:0x00000005
      110982000	      5447	80003504	4799	c.li	x15,6	 x15=0x00000006
      111002000	      5448	80003506	06ff0b63	beq	x30,x15,8000357c	 x30:0x0000000c x15:0x00000006
      111022000	      5449	8000350a	479d	c.li	x15,7	 x15=0x00000007
      111042000	      5450	8000350c	06ff0d63	beq	x30,x15,80003586	 x30:0x0000000c x15:0x00000007
      111062000	      5451	80003510	47a1	c.li	x15,8	 x15=0x00000008
      111082000	      5452	80003512	06ff0f63	beq	x30,x15,80003590	 x30:0x0000000c x15:0x00000008
      111102000	      5453	80003516	47a5	c.li	x15,9	 x15=0x00000009
      111122000	      5454	80003518	08ff0163	beq	x30,x15,8000359a	 x30:0x0000000c x15:0x00000009
      111142000	      5455	8000351c	47a9	c.li	x15,10	 x15=0x0000000a
      111162000	      5456	8000351e	08ff0363	beq	x30,x15,800035a4	 x30:0x0000000c x15:0x0000000a
      111182000	      5457	80003522	47ad	c.li	x15,11	 x15=0x0000000b
      111202000	      5458	80003524	08ff0563	beq	x30,x15,800035ae	 x30:0x0000000c x15:0x0000000b
      111222000	      5459	80003528	47b1	c.li	x15,12	 x15=0x0000000c
      111242000	      5460	8000352a	08ff0763	beq	x30,x15,800035b8	 x30:0x0000000c x15:0x0000000c
      111282000	      5462	800035b8	3bc02c73	csrrs	x24,pmpaddr12,x0	  x0:0x00000000 x24=0x20008121
      111302000	      5463	800035bc	3a3028f3	csrrs	x17,pmpcfg3,x0	  x0:0x00000000 x17=0x0f0f0f0f
      111322000	      5464	800035c0	a005	c.j	800035e0	
      111362000	      5466	800035e0	4d11	c.li	x26,4	 x26=0x00000004
      111382000	      5467	800035e2	01ed9f13	slli	x30,x27,0x1e	 x27:0x0000000c x30=0x00000000
      111402000	      5468	800035e6	01ef5f13	srli	x30,x30,0x1e	 x30:0x00000000 x30=0x00000000
      111422000	      5469	800035ea	41ed07b3	sub	x15,x26,x30	 x26:0x00000004 x30:0x00000000 x15=0x00000004
      111442000	      5470	800035ee	17fd	c.addi	x15,-1	 x15:0x00000004 x15=0x00000003
      111462000	      5471	800035f0	078e	c.slli	x15,0x3	 x15:0x00000003 x15=0x00000018
      111482000	      5472	800035f2	00f89d33	sll	x26,x17,x15	 x17:0x0f0f0f0f x15:0x00000018 x26=0x0f000000
      111502000	      5473	800035f6	0f0e	c.slli	x30,0x3	 x30:0x00000000 x30=0x00000000
      111522000	      5474	800035f8	97fa	c.add	x15,x30	 x15:0x00000018 x30:0x00000000 x15=0x00000018
      111542000	      5475	800035fa	00fd5d33	srl	x26,x26,x15	 x26:0x0f000000 x15:0x00000018 x26=0x0000000f
      111562000	      5476	800035fe	01bd1793	slli	x15,x26,0x1b	 x26:0x0000000f x15=0x78000000
      111582000	      5477	80003602	83f9	c.srli	x15,0x1e	 x15:0x78000000 x15=0x00000001
      111602000	      5478	80003604	c7a1	c.beqz	x15,8000364c	 x15:0x00000001
      111622000	      5479	80003606	4f05	c.li	x30,1	 x30=0x00000001
      111642000	      5480	80003608	05e78363	beq	x15,x30,8000364e	 x15:0x00000001 x30:0x00000001
      111702000	      5483	8000364e	8f6e	c.mv	x30,x27	  x0:0x00000000 x27:0x0000000c x30=0x0000000c
      111722000	      5484	80003650	343027f3	csrrs	x15,mtval,x0	  x0:0x00000000 x15=0x8ffffffc
      111742000	      5485	80003654	8389	c.srli	x15,0x2	 x15:0x8ffffffc x15=0x23ffffff
      111762000	      5486	80003656	000f1563	bne	x30,x0,80003660	 x30:0x0000000c  x0:0x00000000
      111802000	      5488	80003660	fd27e2e3	bltu	x15,x18,80003624	 x15:0x23ffffff x18:0x20007787
      111822000	      5489	80003664	fd87f0e3	bgeu	x15,x24,80003624	 x15:0x23ffffff x24:0x20008121
      111882000	      5492	80003624	8f6e	c.mv	x30,x27	  x0:0x00000000 x27:0x0000000c x30=0x0000000c
      111902000	      5493	80003626	8962	c.mv	x18,x24	  x0:0x00000000 x24:0x20008121 x18=0x20008121
      111922000	      5494	80003628	0f05	c.addi	x30,1	 x30:0x0000000c x30=0x0000000d
      111942000	      5495	8000362a	8dfa	c.mv	x27,x30	  x0:0x00000000 x30:0x0000000d x27=0x0000000d
      111962000	      5496	8000362c	4c41	c.li	x24,16	 x24=0x00000010
      111982000	      5497	8000362e	018f5363	bge	x30,x24,80003634	 x30:0x0000000d x24:0x00000010
      112002000	      5498	80003632	b56d	c.j	800034dc	
      112062000	      5501	800034dc	8f6e	c.mv	x30,x27	  x0:0x00000000 x27:0x0000000d x30=0x0000000d
      112082000	      5502	800034de	87fa	c.mv	x15,x30	  x0:0x00000000 x30:0x0000000d x15=0x0000000d
      112102000	      5503	800034e0	4781	c.li	x15,0	 x15=0x00000000
      112122000	      5504	800034e2	04ff0f63	beq	x30,x15,80003540	 x30:0x0000000d x15:0x00000000
      112142000	      5505	800034e6	4785	c.li	x15,1	 x15=0x00000001
      112162000	      5506	800034e8	06ff0163	beq	x30,x15,8000354a	 x30:0x0000000d x15:0x00000001
      112182000	      5507	800034ec	4789	c.li	x15,2	 x15=0x00000002
      112202000	      5508	800034ee	06ff0363	beq	x30,x15,80003554	 x30:0x0000000d x15:0x00000002
      112222000	      5509	800034f2	478d	c.li	x15,3	 x15=0x00000003
      112242000	      5510	800034f4	06ff0563	beq	x30,x15,8000355e	 x30:0x0000000d x15:0x00000003
      112262000	      5511	800034f8	4791	c.li	x15,4	 x15=0x00000004
      112282000	      5512	800034fa	06ff0763	beq	x30,x15,80003568	 x30:0x0000000d x15:0x00000004
      112302000	      5513	800034fe	4795	c.li	x15,5	 x15=0x00000005
      112322000	      5514	80003500	06ff0963	beq	x30,x15,80003572	 x30:0x0000000d x15:0x00000005
      112342000	      5515	80003504	4799	c.li	x15,6	 x15=0x00000006
      112362000	      5516	80003506	06ff0b63	beq	x30,x15,8000357c	 x30:0x0000000d x15:0x00000006
      112382000	      5517	8000350a	479d	c.li	x15,7	 x15=0x00000007
      112402000	      5518	8000350c	06ff0d63	beq	x30,x15,80003586	 x30:0x0000000d x15:0x00000007
      112422000	      5519	80003510	47a1	c.li	x15,8	 x15=0x00000008
      112442000	      5520	80003512	06ff0f63	beq	x30,x15,80003590	 x30:0x0000000d x15:0x00000008
      112462000	      5521	80003516	47a5	c.li	x15,9	 x15=0x00000009
      112482000	      5522	80003518	08ff0163	beq	x30,x15,8000359a	 x30:0x0000000d x15:0x00000009
      112502000	      5523	8000351c	47a9	c.li	x15,10	 x15=0x0000000a
      112522000	      5524	8000351e	08ff0363	beq	x30,x15,800035a4	 x30:0x0000000d x15:0x0000000a
      112542000	      5525	80003522	47ad	c.li	x15,11	 x15=0x0000000b
      112562000	      5526	80003524	08ff0563	beq	x30,x15,800035ae	 x30:0x0000000d x15:0x0000000b
      112582000	      5527	80003528	47b1	c.li	x15,12	 x15=0x0000000c
      112602000	      5528	8000352a	08ff0763	beq	x30,x15,800035b8	 x30:0x0000000d x15:0x0000000c
      112622000	      5529	8000352e	47b5	c.li	x15,13	 x15=0x0000000d
      112642000	      5530	80003530	08ff0963	beq	x30,x15,800035c2	 x30:0x0000000d x15:0x0000000d
      112702000	      5533	800035c2	3bd02c73	csrrs	x24,pmpaddr13,x0	  x0:0x00000000 x24=0x20008aba
      112722000	      5534	800035c6	3a3028f3	csrrs	x17,pmpcfg3,x0	  x0:0x00000000 x17=0x0f0f0f0f
      112742000	      5535	800035ca	a819	c.j	800035e0	
      112782000	      5537	800035e0	4d11	c.li	x26,4	 x26=0x00000004
      112802000	      5538	800035e2	01ed9f13	slli	x30,x27,0x1e	 x27:0x0000000d x30=0x40000000
      112822000	      5539	800035e6	01ef5f13	srli	x30,x30,0x1e	 x30:0x40000000 x30=0x00000001
      112842000	      5540	800035ea	41ed07b3	sub	x15,x26,x30	 x26:0x00000004 x30:0x00000001 x15=0x00000003
      112862000	      5541	800035ee	17fd	c.addi	x15,-1	 x15:0x00000003 x15=0x00000002
      112882000	      5542	800035f0	078e	c.slli	x15,0x3	 x15:0x00000002 x15=0x00000010
      112902000	      5543	800035f2	00f89d33	sll	x26,x17,x15	 x17:0x0f0f0f0f x15:0x00000010 x26=0x0f0f0000
      112922000	      5544	800035f6	0f0e	c.slli	x30,0x3	 x30:0x00000001 x30=0x00000008
      112942000	      5545	800035f8	97fa	c.add	x15,x30	 x15:0x00000010 x30:0x00000008 x15=0x00000018
      112962000	      5546	800035fa	00fd5d33	srl	x26,x26,x15	 x26:0x0f0f0000 x15:0x00000018 x26=0x0000000f
      112982000	      5547	800035fe	01bd1793	slli	x15,x26,0x1b	 x26:0x0000000f x15=0x78000000
      113002000	      5548	80003602	83f9	c.srli	x15,0x1e	 x15:0x78000000 x15=0x00000001
      113022000	      5549	80003604	c7a1	c.beqz	x15,8000364c	 x15:0x00000001
      113042000	      5550	80003606	4f05	c.li	x30,1	 x30=0x00000001
      113062000	      5551	80003608	05e78363	beq	x15,x30,8000364e	 x15:0x00000001 x30:0x00000001
      113102000	      5553	8000364e	8f6e	c.mv	x30,x27	  x0:0x00000000 x27:0x0000000d x30=0x0000000d
      113122000	      5554	80003650	343027f3	csrrs	x15,mtval,x0	  x0:0x00000000 x15=0x8ffffffc
      113142000	      5555	80003654	8389	c.srli	x15,0x2	 x15:0x8ffffffc x15=0x23ffffff
      113162000	      5556	80003656	000f1563	bne	x30,x0,80003660	 x30:0x0000000d  x0:0x00000000
      113202000	      5558	80003660	fd27e2e3	bltu	x15,x18,80003624	 x15:0x23ffffff x18:0x20008121
      113222000	      5559	80003664	fd87f0e3	bgeu	x15,x24,80003624	 x15:0x23ffffff x24:0x20008aba
      113282000	      5562	80003624	8f6e	c.mv	x30,x27	  x0:0x00000000 x27:0x0000000d x30=0x0000000d
      113302000	      5563	80003626	8962	c.mv	x18,x24	  x0:0x00000000 x24:0x20008aba x18=0x20008aba
      113322000	      5564	80003628	0f05	c.addi	x30,1	 x30:0x0000000d x30=0x0000000e
      113342000	      5565	8000362a	8dfa	c.mv	x27,x30	  x0:0x00000000 x30:0x0000000e x27=0x0000000e
      113362000	      5566	8000362c	4c41	c.li	x24,16	 x24=0x00000010
      113382000	      5567	8000362e	018f5363	bge	x30,x24,80003634	 x30:0x0000000e x24:0x00000010
      113402000	      5568	80003632	b56d	c.j	800034dc	
      113462000	      5571	800034dc	8f6e	c.mv	x30,x27	  x0:0x00000000 x27:0x0000000e x30=0x0000000e
      113482000	      5572	800034de	87fa	c.mv	x15,x30	  x0:0x00000000 x30:0x0000000e x15=0x0000000e
      113502000	      5573	800034e0	4781	c.li	x15,0	 x15=0x00000000
      113522000	      5574	800034e2	04ff0f63	beq	x30,x15,80003540	 x30:0x0000000e x15:0x00000000
      113542000	      5575	800034e6	4785	c.li	x15,1	 x15=0x00000001
      113562000	      5576	800034e8	06ff0163	beq	x30,x15,8000354a	 x30:0x0000000e x15:0x00000001
      113582000	      5577	800034ec	4789	c.li	x15,2	 x15=0x00000002
      113602000	      5578	800034ee	06ff0363	beq	x30,x15,80003554	 x30:0x0000000e x15:0x00000002
      113622000	      5579	800034f2	478d	c.li	x15,3	 x15=0x00000003
      113642000	      5580	800034f4	06ff0563	beq	x30,x15,8000355e	 x30:0x0000000e x15:0x00000003
      113662000	      5581	800034f8	4791	c.li	x15,4	 x15=0x00000004
      113682000	      5582	800034fa	06ff0763	beq	x30,x15,80003568	 x30:0x0000000e x15:0x00000004
      113702000	      5583	800034fe	4795	c.li	x15,5	 x15=0x00000005
      113722000	      5584	80003500	06ff0963	beq	x30,x15,80003572	 x30:0x0000000e x15:0x00000005
      113742000	      5585	80003504	4799	c.li	x15,6	 x15=0x00000006
      113762000	      5586	80003506	06ff0b63	beq	x30,x15,8000357c	 x30:0x0000000e x15:0x00000006
      113782000	      5587	8000350a	479d	c.li	x15,7	 x15=0x00000007
      113802000	      5588	8000350c	06ff0d63	beq	x30,x15,80003586	 x30:0x0000000e x15:0x00000007
      113822000	      5589	80003510	47a1	c.li	x15,8	 x15=0x00000008
      113842000	      5590	80003512	06ff0f63	beq	x30,x15,80003590	 x30:0x0000000e x15:0x00000008
      113862000	      5591	80003516	47a5	c.li	x15,9	 x15=0x00000009
      113882000	      5592	80003518	08ff0163	beq	x30,x15,8000359a	 x30:0x0000000e x15:0x00000009
      113902000	      5593	8000351c	47a9	c.li	x15,10	 x15=0x0000000a
      113922000	      5594	8000351e	08ff0363	beq	x30,x15,800035a4	 x30:0x0000000e x15:0x0000000a
      113942000	      5595	80003522	47ad	c.li	x15,11	 x15=0x0000000b
      113962000	      5596	80003524	08ff0563	beq	x30,x15,800035ae	 x30:0x0000000e x15:0x0000000b
      113982000	      5597	80003528	47b1	c.li	x15,12	 x15=0x0000000c
      114002000	      5598	8000352a	08ff0763	beq	x30,x15,800035b8	 x30:0x0000000e x15:0x0000000c
      114022000	      5599	8000352e	47b5	c.li	x15,13	 x15=0x0000000d
      114042000	      5600	80003530	08ff0963	beq	x30,x15,800035c2	 x30:0x0000000e x15:0x0000000d
      114062000	      5601	80003534	47b9	c.li	x15,14	 x15=0x0000000e
      114082000	      5602	80003536	08ff0b63	beq	x30,x15,800035cc	 x30:0x0000000e x15:0x0000000e
      114122000	      5604	800035cc	3be02c73	csrrs	x24,pmpaddr14,x0	  x0:0x00000000 x24=0x20009454
      114142000	      5605	800035d0	3a3028f3	csrrs	x17,pmpcfg3,x0	  x0:0x00000000 x17=0x0f0f0f0f
      114162000	      5606	800035d4	a031	c.j	800035e0	
      114202000	      5608	800035e0	4d11	c.li	x26,4	 x26=0x00000004
      114222000	      5609	800035e2	01ed9f13	slli	x30,x27,0x1e	 x27:0x0000000e x30=0x80000000
      114242000	      5610	800035e6	01ef5f13	srli	x30,x30,0x1e	 x30:0x80000000 x30=0x00000002
      114262000	      5611	800035ea	41ed07b3	sub	x15,x26,x30	 x26:0x00000004 x30:0x00000002 x15=0x00000002
      114282000	      5612	800035ee	17fd	c.addi	x15,-1	 x15:0x00000002 x15=0x00000001
      114302000	      5613	800035f0	078e	c.slli	x15,0x3	 x15:0x00000001 x15=0x00000008
      114322000	      5614	800035f2	00f89d33	sll	x26,x17,x15	 x17:0x0f0f0f0f x15:0x00000008 x26=0x0f0f0f00
      114342000	      5615	800035f6	0f0e	c.slli	x30,0x3	 x30:0x00000002 x30=0x00000010
      114362000	      5616	800035f8	97fa	c.add	x15,x30	 x15:0x00000008 x30:0x00000010 x15=0x00000018
      114382000	      5617	800035fa	00fd5d33	srl	x26,x26,x15	 x26:0x0f0f0f00 x15:0x00000018 x26=0x0000000f
      114402000	      5618	800035fe	01bd1793	slli	x15,x26,0x1b	 x26:0x0000000f x15=0x78000000
      114422000	      5619	80003602	83f9	c.srli	x15,0x1e	 x15:0x78000000 x15=0x00000001
      114442000	      5620	80003604	c7a1	c.beqz	x15,8000364c	 x15:0x00000001
      114462000	      5621	80003606	4f05	c.li	x30,1	 x30=0x00000001
      114482000	      5622	80003608	05e78363	beq	x15,x30,8000364e	 x15:0x00000001 x30:0x00000001
      114542000	      5625	8000364e	8f6e	c.mv	x30,x27	  x0:0x00000000 x27:0x0000000e x30=0x0000000e
      114562000	      5626	80003650	343027f3	csrrs	x15,mtval,x0	  x0:0x00000000 x15=0x8ffffffc
      114582000	      5627	80003654	8389	c.srli	x15,0x2	 x15:0x8ffffffc x15=0x23ffffff
      114602000	      5628	80003656	000f1563	bne	x30,x0,80003660	 x30:0x0000000e  x0:0x00000000
      114642000	      5630	80003660	fd27e2e3	bltu	x15,x18,80003624	 x15:0x23ffffff x18:0x20008aba
      114662000	      5631	80003664	fd87f0e3	bgeu	x15,x24,80003624	 x15:0x23ffffff x24:0x20009454
      114722000	      5634	80003624	8f6e	c.mv	x30,x27	  x0:0x00000000 x27:0x0000000e x30=0x0000000e
      114742000	      5635	80003626	8962	c.mv	x18,x24	  x0:0x00000000 x24:0x20009454 x18=0x20009454
      114762000	      5636	80003628	0f05	c.addi	x30,1	 x30:0x0000000e x30=0x0000000f
      114782000	      5637	8000362a	8dfa	c.mv	x27,x30	  x0:0x00000000 x30:0x0000000f x27=0x0000000f
      114802000	      5638	8000362c	4c41	c.li	x24,16	 x24=0x00000010
      114822000	      5639	8000362e	018f5363	bge	x30,x24,80003634	 x30:0x0000000f x24:0x00000010
      114842000	      5640	80003632	b56d	c.j	800034dc	
      114902000	      5643	800034dc	8f6e	c.mv	x30,x27	  x0:0x00000000 x27:0x0000000f x30=0x0000000f
      114922000	      5644	800034de	87fa	c.mv	x15,x30	  x0:0x00000000 x30:0x0000000f x15=0x0000000f
      114942000	      5645	800034e0	4781	c.li	x15,0	 x15=0x00000000
      114962000	      5646	800034e2	04ff0f63	beq	x30,x15,80003540	 x30:0x0000000f x15:0x00000000
      114982000	      5647	800034e6	4785	c.li	x15,1	 x15=0x00000001
      115002000	      5648	800034e8	06ff0163	beq	x30,x15,8000354a	 x30:0x0000000f x15:0x00000001
      115022000	      5649	800034ec	4789	c.li	x15,2	 x15=0x00000002
      115042000	      5650	800034ee	06ff0363	beq	x30,x15,80003554	 x30:0x0000000f x15:0x00000002
      115062000	      5651	800034f2	478d	c.li	x15,3	 x15=0x00000003
      115082000	      5652	800034f4	06ff0563	beq	x30,x15,8000355e	 x30:0x0000000f x15:0x00000003
      115102000	      5653	800034f8	4791	c.li	x15,4	 x15=0x00000004
      115122000	      5654	800034fa	06ff0763	beq	x30,x15,80003568	 x30:0x0000000f x15:0x00000004
      115142000	      5655	800034fe	4795	c.li	x15,5	 x15=0x00000005
      115162000	      5656	80003500	06ff0963	beq	x30,x15,80003572	 x30:0x0000000f x15:0x00000005
      115182000	      5657	80003504	4799	c.li	x15,6	 x15=0x00000006
      115202000	      5658	80003506	06ff0b63	beq	x30,x15,8000357c	 x30:0x0000000f x15:0x00000006
      115222000	      5659	8000350a	479d	c.li	x15,7	 x15=0x00000007
      115242000	      5660	8000350c	06ff0d63	beq	x30,x15,80003586	 x30:0x0000000f x15:0x00000007
      115262000	      5661	80003510	47a1	c.li	x15,8	 x15=0x00000008
      115282000	      5662	80003512	06ff0f63	beq	x30,x15,80003590	 x30:0x0000000f x15:0x00000008
      115302000	      5663	80003516	47a5	c.li	x15,9	 x15=0x00000009
      115322000	      5664	80003518	08ff0163	beq	x30,x15,8000359a	 x30:0x0000000f x15:0x00000009
      115342000	      5665	8000351c	47a9	c.li	x15,10	 x15=0x0000000a
      115362000	      5666	8000351e	08ff0363	beq	x30,x15,800035a4	 x30:0x0000000f x15:0x0000000a
      115382000	      5667	80003522	47ad	c.li	x15,11	 x15=0x0000000b
      115402000	      5668	80003524	08ff0563	beq	x30,x15,800035ae	 x30:0x0000000f x15:0x0000000b
      115422000	      5669	80003528	47b1	c.li	x15,12	 x15=0x0000000c
      115442000	      5670	8000352a	08ff0763	beq	x30,x15,800035b8	 x30:0x0000000f x15:0x0000000c
      115462000	      5671	8000352e	47b5	c.li	x15,13	 x15=0x0000000d
      115482000	      5672	80003530	08ff0963	beq	x30,x15,800035c2	 x30:0x0000000f x15:0x0000000d
      115502000	      5673	80003534	47b9	c.li	x15,14	 x15=0x0000000e
      115522000	      5674	80003536	08ff0b63	beq	x30,x15,800035cc	 x30:0x0000000f x15:0x0000000e
      115542000	      5675	8000353a	47bd	c.li	x15,15	 x15=0x0000000f
      115562000	      5676	8000353c	08ff0d63	beq	x30,x15,800035d6	 x30:0x0000000f x15:0x0000000f
      115622000	      5679	800035d6	3bf02c73	csrrs	x24,pmpaddr15,x0	  x0:0x00000000 x24=0x20009ded
      115642000	      5680	800035da	3a3028f3	csrrs	x17,pmpcfg3,x0	  x0:0x00000000 x17=0x0f0f0f0f
      115662000	      5681	800035de	a009	c.j	800035e0	
      115702000	      5683	800035e0	4d11	c.li	x26,4	 x26=0x00000004
      115722000	      5684	800035e2	01ed9f13	slli	x30,x27,0x1e	 x27:0x0000000f x30=0xc0000000
      115742000	      5685	800035e6	01ef5f13	srli	x30,x30,0x1e	 x30:0xc0000000 x30=0x00000003
      115762000	      5686	800035ea	41ed07b3	sub	x15,x26,x30	 x26:0x00000004 x30:0x00000003 x15=0x00000001
      115782000	      5687	800035ee	17fd	c.addi	x15,-1	 x15:0x00000001 x15=0x00000000
      115802000	      5688	800035f0	078e	c.slli	x15,0x3	 x15:0x00000000 x15=0x00000000
      115822000	      5689	800035f2	00f89d33	sll	x26,x17,x15	 x17:0x0f0f0f0f x15:0x00000000 x26=0x0f0f0f0f
      115842000	      5690	800035f6	0f0e	c.slli	x30,0x3	 x30:0x00000003 x30=0x00000018
      115862000	      5691	800035f8	97fa	c.add	x15,x30	 x15:0x00000000 x30:0x00000018 x15=0x00000018
      115882000	      5692	800035fa	00fd5d33	srl	x26,x26,x15	 x26:0x0f0f0f0f x15:0x00000018 x26=0x0000000f
      115902000	      5693	800035fe	01bd1793	slli	x15,x26,0x1b	 x26:0x0000000f x15=0x78000000
      115922000	      5694	80003602	83f9	c.srli	x15,0x1e	 x15:0x78000000 x15=0x00000001
      115942000	      5695	80003604	c7a1	c.beqz	x15,8000364c	 x15:0x00000001
      115962000	      5696	80003606	4f05	c.li	x30,1	 x30=0x00000001
      115982000	      5697	80003608	05e78363	beq	x15,x30,8000364e	 x15:0x00000001 x30:0x00000001
      116022000	      5699	8000364e	8f6e	c.mv	x30,x27	  x0:0x00000000 x27:0x0000000f x30=0x0000000f
      116042000	      5700	80003650	343027f3	csrrs	x15,mtval,x0	  x0:0x00000000 x15=0x8ffffffc
      116062000	      5701	80003654	8389	c.srli	x15,0x2	 x15:0x8ffffffc x15=0x23ffffff
      116082000	      5702	80003656	000f1563	bne	x30,x0,80003660	 x30:0x0000000f  x0:0x00000000
      116122000	      5704	80003660	fd27e2e3	bltu	x15,x18,80003624	 x15:0x23ffffff x18:0x20009454
      116142000	      5705	80003664	fd87f0e3	bgeu	x15,x24,80003624	 x15:0x23ffffff x24:0x20009ded
      116182000	      5707	80003624	8f6e	c.mv	x30,x27	  x0:0x00000000 x27:0x0000000f x30=0x0000000f
      116202000	      5708	80003626	8962	c.mv	x18,x24	  x0:0x00000000 x24:0x20009ded x18=0x20009ded
      116222000	      5709	80003628	0f05	c.addi	x30,1	 x30:0x0000000f x30=0x00000010
      116242000	      5710	8000362a	8dfa	c.mv	x27,x30	  x0:0x00000000 x30:0x00000010 x27=0x00000010
      116262000	      5711	8000362c	4c41	c.li	x24,16	 x24=0x00000010
      116282000	      5712	8000362e	018f5363	bge	x30,x24,80003634	 x30:0x00000010 x24:0x00000010
      116322000	      5714	80003634	74702f73	csrrs	x30,0x747,x0	  x0:0x00000000 x30=0x00000000
      116342000	      5715	80003638	002f7f13	andi	x30,x30,2	 x30:0x00000000 x30=0x00000000
      116362000	      5716	8000363c	060f1b63	bne	x30,x0,800036b2	 x30:0x00000000  x0:0x00000000
      116382000	      5717	80003640	ffffdf17	auipc	x30,0xffffd	 x30=0x80000640
      116402000	      5718	80003644	fa4f0f13	addi	x30,x30,-92	 x30:0x80000640 x30=0x800005e4
      116422000	      5719	80003648	000f0067	jalr	x0,0(x30)	 x30:0x800005e4  x0=0x00000000
      116462000	      5721	800005e4	90000c37	lui	x24,0x90000	 x24=0x90000000
      116482000	      5722	800005e8	1c61	c.addi	x24,-8	 x24:0x90000000 x24=0x8ffffff8
      116502000	      5723	800005ea	4f01	c.li	x30,0	 x30=0x00000000
      116522000	      5724	800005ec	0f22	c.slli	x30,0x8	 x30:0x00000000 x30=0x00000000
      116542000	      5725	800005ee	0f05	c.addi	x30,1	 x30:0x00000000 x30=0x00000001
      117262000	      5761	800005f0	01ec2023	sw	x30,0(x24)	 x24:0x8ffffff8 x30:0x00000001 PA:0x8ffffff8 store:0x00000001 load:0xffffffff
      117282000	      5762	800005f4	00000073	ecall	
      117342000	      5765	80002a00	0800006f	jal	x0,80002a80	  x0=0x00000000
      117382000	      5767	80002a80	12f1	c.addi	x5,-4	  x5:0x8002cc60  x5=0x8002cc5c
      117542000	      5775	80002a82	0172a023	sw	x23,0(x5)	  x5:0x8002cc5c x23:0x8002cc60 PA:0x8002cc5c store:0x8002cc60 load:0xffffffff
      117562000	      5776	80002a86	00028bb3	add	x23,x5,x0	  x5:0x8002cc5c  x0:0x00000000 x23=0x8002cc5c
      142942000	      7045	80002a8a	f80b8b93	addi	x23,x23,-128	 x23:0x8002cc5c x23=0x8002cbdc
      143262000	      7061	80002a8e	001ba223	sw	x1,4(x23)	 x23:0x8002cbdc  x1:0x80000000 PA:0x8002cbe0 store:0x80000000 load:0xffffffff
      143422000	      7069	80002a92	002ba423	sw	x2,8(x23)	 x23:0x8002cbdc  x2:0xf5e9d958 PA:0x8002cbe4 store:0xf5e9d958 load:0xffffffff
      143482000	      7072	80002a96	003ba623	sw	x3,12(x23)	 x23:0x8002cbdc  x3:0x00000000 PA:0x8002cbe8 store:0x00000000 load:0xffffffff
      143722000	      7084	80002a9a	004ba823	sw	x4,16(x23)	 x23:0x8002cbdc  x4:0xf9b9e91a PA:0x8002cbec store:0xf9b9e91a load:0xffffffff
      143802000	      7088	80002a9e	005baa23	sw	x5,20(x23)	 x23:0x8002cbdc  x5:0x8002cc5c PA:0x8002cbf0 store:0x8002cc5c load:0xffffffff
      143822000	      7089	80002aa2	006bac23	sw	x6,24(x23)	 x23:0x8002cbdc  x6:0x8e464bfa PA:0x8002cbf4 store:0x8e464bfa load:0xffffffff
      143862000	      7091	80002aa6	007bae23	sw	x7,28(x23)	 x23:0x8002cbdc  x7:0x0000000a PA:0x8002cbf8 store:0x0000000a load:0xffffffff
      143882000	      7092	80002aaa	028ba023	sw	x8,32(x23)	 x23:0x8002cbdc  x8:0x00000002 PA:0x8002cbfc store:0x00000002 load:0xffffffff
      144102000	      7103	80002aae	029ba223	sw	x9,36(x23)	 x23:0x8002cbdc  x9:0x23952031 PA:0x8002cc00 store:0x23952031 load:0xffffffff
      144122000	      7104	80002ab2	02aba423	sw	x10,40(x23)	 x23:0x8002cbdc x10:0x00000000 PA:0x8002cc04 store:0x00000000 load:0xffffffff
      144142000	      7105	80002ab6	02bba623	sw	x11,44(x23)	 x23:0x8002cbdc x11:0x00000000 PA:0x8002cc08 store:0x00000000 load:0xffffffff
      144222000	      7109	80002aba	02cba823	sw	x12,48(x23)	 x23:0x8002cbdc x12:0xc4849568 PA:0x8002cc0c store:0xc4849568 load:0xffffffff
      144282000	      7112	80002abe	02dbaa23	sw	x13,52(x23)	 x23:0x8002cbdc x13:0x80000000 PA:0x8002cc10 store:0x80000000 load:0xffffffff
      144702000	      7133	80002ac2	02ebac23	sw	x14,56(x23)	 x23:0x8002cbdc x14:0x859d2650 PA:0x8002cc14 store:0x859d2650 load:0xffffffff
      144762000	      7136	80002ac6	02fbae23	sw	x15,60(x23)	 x23:0x8002cbdc x15:0x23ffffff PA:0x8002cc18 store:0x23ffffff load:0xffffffff
      144782000	      7137	80002aca	050ba023	sw	x16,64(x23)	 x23:0x8002cbdc x16:0x00000000 PA:0x8002cc1c store:0x00000000 load:0xffffffff
      144802000	      7138	80002ace	051ba223	sw	x17,68(x23)	 x23:0x8002cbdc x17:0x0f0f0f0f PA:0x8002cc20 store:0x0f0f0f0f load:0xffffffff
      145022000	      7149	80002ad2	052ba423	sw	x18,72(x23)	 x23:0x8002cbdc x18:0x20009ded PA:0x8002cc24 store:0x20009ded load:0xffffffff
      145042000	      7150	80002ad6	053ba623	sw	x19,76(x23)	 x23:0x8002cbdc x19:0x98df827e PA:0x8002cc28 store:0x98df827e load:0xffffffff
      145462000	      7171	80002ada	054ba823	sw	x20,80(x23)	 x23:0x8002cbdc x20:0x4ddde1c9 PA:0x8002cc2c store:0x4ddde1c9 load:0xffffffff
      145702000	      7183	80002ade	055baa23	sw	x21,84(x23)	 x23:0x8002cbdc x21:0x0000000e PA:0x8002cc30 store:0x0000000e load:0xffffffff
      145722000	      7184	80002ae2	056bac23	sw	x22,88(x23)	 x23:0x8002cbdc x22:0x00000000 PA:0x8002cc34 store:0x00000000 load:0xffffffff
      145742000	      7185	80002ae6	057bae23	sw	x23,92(x23)	 x23:0x8002cbdc x23:0x8002cbdc PA:0x8002cc38 store:0x8002cbdc load:0xffffffff
      145762000	      7186	80002aea	078ba023	sw	x24,96(x23)	 x23:0x8002cbdc x24:0x8ffffff8 PA:0x8002cc3c store:0x8ffffff8 load:0xffffffff
      145782000	      7187	80002aee	079ba223	sw	x25,100(x23)	 x23:0x8002cbdc x25:0x00000000 PA:0x8002cc40 store:0x00000000 load:0xffffffff
      145802000	      7188	80002af2	07aba423	sw	x26,104(x23)	 x23:0x8002cbdc x26:0x0000000f PA:0x8002cc44 store:0x0000000f load:0xffffffff
      145822000	      7189	80002af6	07bba623	sw	x27,108(x23)	 x23:0x8002cbdc x27:0x00000010 PA:0x8002cc48 store:0x00000010 load:0xffffffff
      146042000	      7200	80002afa	07cba823	sw	x28,112(x23)	 x23:0x8002cbdc x28:0x80000000 PA:0x8002cc4c store:0x80000000 load:0xffffffff
      146222000	      7209	80002afe	07dbaa23	sw	x29,116(x23)	 x23:0x8002cbdc x29:0xfda53eec PA:0x8002cc50 store:0xfda53eec load:0xffffffff
      146462000	      7221	80002b02	07ebac23	sw	x30,120(x23)	 x23:0x8002cbdc x30:0x00000001 PA:0x8002cc54 store:0x00000001 load:0xffffffff
      146502000	      7223	80002b06	07fbae23	sw	x31,124(x23)	 x23:0x8002cbdc x31:0x80000000 PA:0x8002cc58 store:0x80000000 load:0xffffffff
      146522000	      7224	80002b0a	000b82b3	add	x5,x23,x0	 x23:0x8002cbdc  x0:0x00000000  x5=0x8002cbdc
      146542000	      7225	80002b0e	90000c37	lui	x24,0x90000	 x24=0x90000000
      146562000	      7226	80002b12	1c71	c.addi	x24,-4	 x24:0x90000000 x24=0x8ffffffc
      146582000	      7227	80002b14	4f21	c.li	x30,8	 x30=0x00000008
      146602000	      7228	80002b16	0f22	c.slli	x30,0x8	 x30:0x00000008 x30=0x00000800
      146622000	      7229	80002b18	000f0f13	addi	x30,x30,0	 x30:0x00000800 x30=0x00000800
      147082000	      7252	80002b1c	01ec2023	sw	x30,0(x24)	 x24:0x8ffffffc x30:0x00000800 PA:0x8ffffffc store:0x00000800 load:0xffffffff
      147102000	      7253	80002b20	34102f73	csrrs	x30,mepc,x0	  x0:0x00000000 x30=0x800005f4
      147122000	      7254	80002b24	34202f73	csrrs	x30,mcause,x0	  x0:0x00000000 x30=0x0000000b
      147142000	      7255	80002b28	4c0d	c.li	x24,3	 x24=0x00000003
      147162000	      7256	80002b2a	018f1463	bne	x30,x24,80002b32	 x30:0x0000000b x24:0x00000003
      147202000	      7258	80002b32	4c21	c.li	x24,8	 x24=0x00000008
      147222000	      7259	80002b34	058f0d63	beq	x30,x24,80002b8e	 x30:0x0000000b x24:0x00000008
      147242000	      7260	80002b38	4c25	c.li	x24,9	 x24=0x00000009
      147262000	      7261	80002b3a	058f0a63	beq	x30,x24,80002b8e	 x30:0x0000000b x24:0x00000009
      147282000	      7262	80002b3e	4c2d	c.li	x24,11	 x24=0x0000000b
      147302000	      7263	80002b40	058f0763	beq	x30,x24,80002b8e	 x30:0x0000000b x24:0x0000000b
      148062000	      7301	80002b8e	90000c37	lui	x24,0x90000	 x24=0x90000000
      148082000	      7302	80002b92	1c71	c.addi	x24,-4	 x24:0x90000000 x24=0x8ffffffc
      148102000	      7303	80002b94	6f05	c.lui	x30,0x1	 x30=0x00001000
      148122000	      7304	80002b96	b00f0f13	addi	x30,x30,-1280	 x30:0x00001000 x30=0x00000b00
      148142000	      7305	80002b9a	0f22	c.slli	x30,0x8	 x30:0x00000b00 x30=0x000b0000
      148382000	      7317	80002b9c	0f0d	c.addi	x30,3	 x30:0x000b0000 x30=0x000b0003
      148442000	      7320	80002b9e	01ec2023	sw	x30,0(x24)	 x24:0x8ffffffc x30:0x000b0003 PA:0x8ffffffc store:0x000b0003 load:0xffffffff
      148602000	      7328	80002ba2	b0002f73	csrrs	x30,mcycle,x0	  x0:0x00000000 x30=0x00001c9d
      149322000	      7364	80002ba6	01ec2023	sw	x30,0(x24)	 x24:0x8ffffffc x30:0x00001c9d PA:0x8ffffffc store:0x00001c9d load:0xffffffff
      149342000	      7365	80002baa	90000c37	lui	x24,0x90000	 x24=0x90000000
      149362000	      7366	80002bae	1c71	c.addi	x24,-4	 x24:0x90000000 x24=0x8ffffffc
      149462000	      7371	80002bb0	6f05	c.lui	x30,0x1	 x30=0x00001000
      149482000	      7372	80002bb2	b80f0f13	addi	x30,x30,-1152	 x30:0x00001000 x30=0x00000b80
      149502000	      7373	80002bb6	0f22	c.slli	x30,0x8	 x30:0x00000b80 x30=0x000b8000
      149902000	      7393	80002bb8	0f0d	c.addi	x30,3	 x30:0x000b8000 x30=0x000b8003
      149962000	      7396	80002bba	01ec2023	sw	x30,0(x24)	 x24:0x8ffffffc x30:0x000b8003 PA:0x8ffffffc store:0x000b8003 load:0xffffffff
      149982000	      7397	80002bbe	b8002f73	csrrs	x30,mcycleh,x0	  x0:0x00000000 x30=0x00000000
      150262000	      7411	80002bc2	01ec2023	sw	x30,0(x24)	 x24:0x8ffffffc x30:0x00000000 PA:0x8ffffffc store:0x00000000 load:0xffffffff
      150282000	      7412	80002bc6	90000c37	lui	x24,0x90000	 x24=0x90000000
      150302000	      7413	80002bca	1c71	c.addi	x24,-4	 x24:0x90000000 x24=0x8ffffffc
      150542000	      7425	80002bcc	6f05	c.lui	x30,0x1	 x30=0x00001000
      150562000	      7426	80002bce	b03f0f13	addi	x30,x30,-1277	 x30:0x00001000 x30=0x00000b03
      150582000	      7427	80002bd2	0f22	c.slli	x30,0x8	 x30:0x00000b03 x30=0x000b0300
      150982000	      7447	80002bd4	0f0d	c.addi	x30,3	 x30:0x000b0300 x30=0x000b0303
      151242000	      7460	80002bd6	01ec2023	sw	x30,0(x24)	 x24:0x8ffffffc x30:0x000b0303 PA:0x8ffffffc store:0x000b0303 load:0xffffffff
      151262000	      7461	80002bda	b0302f73	csrrs	x30,mhpmcounter3,x0	  x0:0x00000000 x30=0x00000144
      151282000	      7462	80002bde	01ec2023	sw	x30,0(x24)	 x24:0x8ffffffc x30:0x00000144 PA:0x8ffffffc store:0x00000144 load:0xffffffff
      151302000	      7463	80002be2	90000c37	lui	x24,0x90000	 x24=0x90000000
      151322000	      7464	80002be6	1c71	c.addi	x24,-4	 x24:0x90000000 x24=0x8ffffffc
      151342000	      7465	80002be8	6f05	c.lui	x30,0x1	 x30=0x00001000
      151382000	      7467	80002bea	b83f0f13	addi	x30,x30,-1149	 x30:0x00001000 x30=0x00000b83
      151402000	      7468	80002bee	0f22	c.slli	x30,0x8	 x30:0x00000b83 x30=0x000b8300
      151422000	      7469	80002bf0	0f0d	c.addi	x30,3	 x30:0x000b8300 x30=0x000b8303
      152022000	      7499	80002bf2	01ec2023	sw	x30,0(x24)	 x24:0x8ffffffc x30:0x000b8303 PA:0x8ffffffc store:0x000b8303 load:0xffffffff
      152042000	      7500	80002bf6	b8302f73	csrrs	x30,mhpmcounter3h,x0	  x0:0x00000000 x30=0x00000000
      152322000	      7514	80002bfa	01ec2023	sw	x30,0(x24)	 x24:0x8ffffffc x30:0x00000000 PA:0x8ffffffc store:0x00000000 load:0xffffffff
      152342000	      7515	80002bfe	90000c37	lui	x24,0x90000	 x24=0x90000000
      152362000	      7516	80002c02	1c71	c.addi	x24,-4	 x24:0x90000000 x24=0x8ffffffc
      152382000	      7517	80002c04	6f05	c.lui	x30,0x1	 x30=0x00001000
      152402000	      7518	80002c06	b04f0f13	addi	x30,x30,-1276	 x30:0x00001000 x30=0x00000b04
      152422000	      7519	80002c0a	0f22	c.slli	x30,0x8	 x30:0x00000b04 x30=0x000b0400
      152442000	      7520	80002c0c	0f0d	c.addi	x30,3	 x30:0x000b0400 x30=0x000b0403
      152502000	      7523	80002c0e	01ec2023	sw	x30,0(x24)	 x24:0x8ffffffc x30:0x000b0403 PA:0x8ffffffc store:0x000b0403 load:0xffffffff
      152562000	      7526	80002c12	b0402f73	csrrs	x30,mhpmcounter4,x0	  x0:0x00000000 x30=0x00000aa7
      152842000	      7540	80002c16	01ec2023	sw	x30,0(x24)	 x24:0x8ffffffc x30:0x00000aa7 PA:0x8ffffffc store:0x00000aa7 load:0xffffffff
      152862000	      7541	80002c1a	90000c37	lui	x24,0x90000	 x24=0x90000000
      152882000	      7542	80002c1e	1c71	c.addi	x24,-4	 x24:0x90000000 x24=0x8ffffffc
      152902000	      7543	80002c20	6f05	c.lui	x30,0x1	 x30=0x00001000
      152922000	      7544	80002c22	b84f0f13	addi	x30,x30,-1148	 x30:0x00001000 x30=0x00000b84
      152942000	      7545	80002c26	0f22	c.slli	x30,0x8	 x30:0x00000b84 x30=0x000b8400
      153082000	      7552	80002c28	0f0d	c.addi	x30,3	 x30:0x000b8400 x30=0x000b8403
      153222000	      7559	80002c2a	01ec2023	sw	x30,0(x24)	 x24:0x8ffffffc x30:0x000b8403 PA:0x8ffffffc store:0x000b8403 load:0xffffffff
      153242000	      7560	80002c2e	b8402f73	csrrs	x30,mhpmcounter4h,x0	  x0:0x00000000 x30=0x00000000
      153302000	      7563	80002c32	01ec2023	sw	x30,0(x24)	 x24:0x8ffffffc x30:0x00000000 PA:0x8ffffffc store:0x00000000 load:0xffffffff
      153582000	      7577	80002c36	90000c37	lui	x24,0x90000	 x24=0x90000000
      153602000	      7578	80002c3a	1c71	c.addi	x24,-4	 x24:0x90000000 x24=0x8ffffffc
      153642000	      7580	80002c3c	6f05	c.lui	x30,0x1	 x30=0x00001000
      153982000	      7597	80002c3e	b05f0f13	addi	x30,x30,-1275	 x30:0x00001000 x30=0x00000b05
      154002000	      7598	80002c42	0f22	c.slli	x30,0x8	 x30:0x00000b05 x30=0x000b0500
      154022000	      7599	80002c44	0f0d	c.addi	x30,3	 x30:0x000b0500 x30=0x000b0503
      154302000	      7613	80002c46	01ec2023	sw	x30,0(x24)	 x24:0x8ffffffc x30:0x000b0503 PA:0x8ffffffc store:0x000b0503 load:0xffffffff
      154322000	      7614	80002c4a	b0502f73	csrrs	x30,mhpmcounter5,x0	  x0:0x00000000 x30=0x00000000
      154562000	      7626	80002c4e	01ec2023	sw	x30,0(x24)	 x24:0x8ffffffc x30:0x00000000 PA:0x8ffffffc store:0x00000000 load:0xffffffff
      154582000	      7627	80002c52	90000c37	lui	x24,0x90000	 x24=0x90000000
      154602000	      7628	80002c56	1c71	c.addi	x24,-4	 x24:0x90000000 x24=0x8ffffffc
      154622000	      7629	80002c58	6f05	c.lui	x30,0x1	 x30=0x00001000
      154642000	      7630	80002c5a	b85f0f13	addi	x30,x30,-1147	 x30:0x00001000 x30=0x00000b85
      154662000	      7631	80002c5e	0f22	c.slli	x30,0x8	 x30:0x00000b85 x30=0x000b8500
      154762000	      7636	80002c60	0f0d	c.addi	x30,3	 x30:0x000b8500 x30=0x000b8503
      154962000	      7646	80002c62	01ec2023	sw	x30,0(x24)	 x24:0x8ffffffc x30:0x000b8503 PA:0x8ffffffc store:0x000b8503 load:0xffffffff
      154982000	      7647	80002c66	b8502f73	csrrs	x30,mhpmcounter5h,x0	  x0:0x00000000 x30=0x00000000
      155582000	      7677	80002c6a	01ec2023	sw	x30,0(x24)	 x24:0x8ffffffc x30:0x00000000 PA:0x8ffffffc store:0x00000000 load:0xffffffff
      155602000	      7678	80002c6e	90000c37	lui	x24,0x90000	 x24=0x90000000
      155622000	      7679	80002c72	1c71	c.addi	x24,-4	 x24:0x90000000 x24=0x8ffffffc
      155762000	      7686	80002c74	6f05	c.lui	x30,0x1	 x30=0x00001000
      155842000	      7690	80002c76	b06f0f13	addi	x30,x30,-1274	 x30:0x00001000 x30=0x00000b06
      155862000	      7691	80002c7a	0f22	c.slli	x30,0x8	 x30:0x00000b06 x30=0x000b0600
      155882000	      7692	80002c7c	0f0d	c.addi	x30,3	 x30:0x000b0600 x30=0x000b0603
      156102000	      7703	80002c7e	01ec2023	sw	x30,0(x24)	 x24:0x8ffffffc x30:0x000b0603 PA:0x8ffffffc store:0x000b0603 load:0xffffffff
      156202000	      7708	80002c82	b0602f73	csrrs	x30,mhpmcounter6,x0	  x0:0x00000000 x30=0x0000005c
      156742000	      7735	80002c86	01ec2023	sw	x30,0(x24)	 x24:0x8ffffffc x30:0x0000005c PA:0x8ffffffc store:0x0000005c load:0xffffffff
      156762000	      7736	80002c8a	90000c37	lui	x24,0x90000	 x24=0x90000000
      156782000	      7737	80002c8e	1c71	c.addi	x24,-4	 x24:0x90000000 x24=0x8ffffffc
      156802000	      7738	80002c90	6f05	c.lui	x30,0x1	 x30=0x00001000
      156822000	      7739	80002c92	b86f0f13	addi	x30,x30,-1146	 x30:0x00001000 x30=0x00000b86
      156842000	      7740	80002c96	0f22	c.slli	x30,0x8	 x30:0x00000b86 x30=0x000b8600
      156862000	      7741	80002c98	0f0d	c.addi	x30,3	 x30:0x000b8600 x30=0x000b8603
      156922000	      7744	80002c9a	01ec2023	sw	x30,0(x24)	 x24:0x8ffffffc x30:0x000b8603 PA:0x8ffffffc store:0x000b8603 load:0xffffffff
      156942000	      7745	80002c9e	b8602f73	csrrs	x30,mhpmcounter6h,x0	  x0:0x00000000 x30=0x00000000
      157362000	      7766	80002ca2	01ec2023	sw	x30,0(x24)	 x24:0x8ffffffc x30:0x00000000 PA:0x8ffffffc store:0x00000000 load:0xffffffff
      157382000	      7767	80002ca6	90000c37	lui	x24,0x90000	 x24=0x90000000
      157402000	      7768	80002caa	1c71	c.addi	x24,-4	 x24:0x90000000 x24=0x8ffffffc
      157422000	      7769	80002cac	6f05	c.lui	x30,0x1	 x30=0x00001000
      157442000	      7770	80002cae	b07f0f13	addi	x30,x30,-1273	 x30:0x00001000 x30=0x00000b07
      157462000	      7771	80002cb2	0f22	c.slli	x30,0x8	 x30:0x00000b07 x30=0x000b0700
      157482000	      7772	80002cb4	0f0d	c.addi	x30,3	 x30:0x000b0700 x30=0x000b0703
      157542000	      7775	80002cb6	01ec2023	sw	x30,0(x24)	 x24:0x8ffffffc x30:0x000b0703 PA:0x8ffffffc store:0x000b0703 load:0xffffffff
      157562000	      7776	80002cba	b0702f73	csrrs	x30,mhpmcounter7,x0	  x0:0x00000000 x30=0x00000024
      157802000	      7788	80002cbe	01ec2023	sw	x30,0(x24)	 x24:0x8ffffffc x30:0x00000024 PA:0x8ffffffc store:0x00000024 load:0xffffffff
      157822000	      7789	80002cc2	90000c37	lui	x24,0x90000	 x24=0x90000000
      157842000	      7790	80002cc6	1c71	c.addi	x24,-4	 x24:0x90000000 x24=0x8ffffffc
      157862000	      7791	80002cc8	6f05	c.lui	x30,0x1	 x30=0x00001000
      157882000	      7792	80002cca	b87f0f13	addi	x30,x30,-1145	 x30:0x00001000 x30=0x00000b87
      157902000	      7793	80002cce	0f22	c.slli	x30,0x8	 x30:0x00000b87 x30=0x000b8700
      157922000	      7794	80002cd0	0f0d	c.addi	x30,3	 x30:0x000b8700 x30=0x000b8703
      158122000	      7804	80002cd2	01ec2023	sw	x30,0(x24)	 x24:0x8ffffffc x30:0x000b8703 PA:0x8ffffffc store:0x000b8703 load:0xffffffff
      158162000	      7806	80002cd6	b8702f73	csrrs	x30,mhpmcounter7h,x0	  x0:0x00000000 x30=0x00000000
      158222000	      7809	80002cda	01ec2023	sw	x30,0(x24)	 x24:0x8ffffffc x30:0x00000000 PA:0x8ffffffc store:0x00000000 load:0xffffffff
      158242000	      7810	80002cde	90000c37	lui	x24,0x90000	 x24=0x90000000
      158262000	      7811	80002ce2	1c71	c.addi	x24,-4	 x24:0x90000000 x24=0x8ffffffc
      158282000	      7812	80002ce4	6f05	c.lui	x30,0x1	 x30=0x00001000
      158302000	      7813	80002ce6	b08f0f13	addi	x30,x30,-1272	 x30:0x00001000 x30=0x00000b08
      158322000	      7814	80002cea	0f22	c.slli	x30,0x8	 x30:0x00000b08 x30=0x000b0800
      158382000	      7817	80002cec	0f0d	c.addi	x30,3	 x30:0x000b0800 x30=0x000b0803
      158482000	      7822	80002cee	01ec2023	sw	x30,0(x24)	 x24:0x8ffffffc x30:0x000b0803 PA:0x8ffffffc store:0x000b0803 load:0xffffffff
      158822000	      7839	80002cf2	b0802f73	csrrs	x30,mhpmcounter8,x0	  x0:0x00000000 x30=0x000000f4
      159402000	      7868	80002cf6	01ec2023	sw	x30,0(x24)	 x24:0x8ffffffc x30:0x000000f4 PA:0x8ffffffc store:0x000000f4 load:0xffffffff
      159422000	      7869	80002cfa	90000c37	lui	x24,0x90000	 x24=0x90000000
      159442000	      7870	80002cfe	1c71	c.addi	x24,-4	 x24:0x90000000 x24=0x8ffffffc
      159462000	      7871	80002d00	6f05	c.lui	x30,0x1	 x30=0x00001000
      159482000	      7872	80002d02	b88f0f13	addi	x30,x30,-1144	 x30:0x00001000 x30=0x00000b88
      159502000	      7873	80002d06	0f22	c.slli	x30,0x8	 x30:0x00000b88 x30=0x000b8800
      159522000	      7874	80002d08	0f0d	c.addi	x30,3	 x30:0x000b8800 x30=0x000b8803
      159622000	      7879	80002d0a	01ec2023	sw	x30,0(x24)	 x24:0x8ffffffc x30:0x000b8803 PA:0x8ffffffc store:0x000b8803 load:0xffffffff
      159642000	      7880	80002d0e	b8802f73	csrrs	x30,mhpmcounter8h,x0	  x0:0x00000000 x30=0x00000000
      160102000	      7903	80002d12	01ec2023	sw	x30,0(x24)	 x24:0x8ffffffc x30:0x00000000 PA:0x8ffffffc store:0x00000000 load:0xffffffff
      160122000	      7904	80002d16	90000c37	lui	x24,0x90000	 x24=0x90000000
      160142000	      7905	80002d1a	1c71	c.addi	x24,-4	 x24:0x90000000 x24=0x8ffffffc
      160162000	      7906	80002d1c	6f05	c.lui	x30,0x1	 x30=0x00001000
      160182000	      7907	80002d1e	b09f0f13	addi	x30,x30,-1271	 x30:0x00001000 x30=0x00000b09
      160202000	      7908	80002d22	0f22	c.slli	x30,0x8	 x30:0x00000b09 x30=0x000b0900
      160222000	      7909	80002d24	0f0d	c.addi	x30,3	 x30:0x000b0900 x30=0x000b0903
      160682000	      7932	80002d26	01ec2023	sw	x30,0(x24)	 x24:0x8ffffffc x30:0x000b0903 PA:0x8ffffffc store:0x000b0903 load:0xffffffff
      160702000	      7933	80002d2a	b0902f73	csrrs	x30,mhpmcounter9,x0	  x0:0x00000000 x30=0x00000044
      160942000	      7945	80002d2e	01ec2023	sw	x30,0(x24)	 x24:0x8ffffffc x30:0x00000044 PA:0x8ffffffc store:0x00000044 load:0xffffffff
      160962000	      7946	80002d32	90000c37	lui	x24,0x90000	 x24=0x90000000
      160982000	      7947	80002d36	1c71	c.addi	x24,-4	 x24:0x90000000 x24=0x8ffffffc
      161002000	      7948	80002d38	6f05	c.lui	x30,0x1	 x30=0x00001000
      161022000	      7949	80002d3a	b89f0f13	addi	x30,x30,-1143	 x30:0x00001000 x30=0x00000b89
      161042000	      7950	80002d3e	0f22	c.slli	x30,0x8	 x30:0x00000b89 x30=0x000b8900
      161062000	      7951	80002d40	0f0d	c.addi	x30,3	 x30:0x000b8900 x30=0x000b8903
      161502000	      7973	80002d42	01ec2023	sw	x30,0(x24)	 x24:0x8ffffffc x30:0x000b8903 PA:0x8ffffffc store:0x000b8903 load:0xffffffff
      161522000	      7974	80002d46	b8902f73	csrrs	x30,mhpmcounter9h,x0	  x0:0x00000000 x30=0x00000000
      161622000	      7979	80002d4a	01ec2023	sw	x30,0(x24)	 x24:0x8ffffffc x30:0x00000000 PA:0x8ffffffc store:0x00000000 load:0xffffffff
      161642000	      7980	80002d4e	90000c37	lui	x24,0x90000	 x24=0x90000000
      161662000	      7981	80002d52	1c71	c.addi	x24,-4	 x24:0x90000000 x24=0x8ffffffc
      161682000	      7982	80002d54	6f05	c.lui	x30,0x1	 x30=0x00001000
      161702000	      7983	80002d56	b0af0f13	addi	x30,x30,-1270	 x30:0x00001000 x30=0x00000b0a
      161722000	      7984	80002d5a	0f22	c.slli	x30,0x8	 x30:0x00000b0a x30=0x000b0a00
      161782000	      7987	80002d5c	0f0d	c.addi	x30,3	 x30:0x000b0a00 x30=0x000b0a03
      162242000	      8010	80002d5e	01ec2023	sw	x30,0(x24)	 x24:0x8ffffffc x30:0x000b0a03 PA:0x8ffffffc store:0x000b0a03 load:0xffffffff
      162302000	      8013	80002d62	b0a02f73	csrrs	x30,mhpmcounter10,x0	  x0:0x00000000 x30=0x00000274
      162922000	      8044	80002d66	01ec2023	sw	x30,0(x24)	 x24:0x8ffffffc x30:0x00000274 PA:0x8ffffffc store:0x00000274 load:0xffffffff
      162942000	      8045	80002d6a	90000c37	lui	x24,0x90000	 x24=0x90000000
      162962000	      8046	80002d6e	1c71	c.addi	x24,-4	 x24:0x90000000 x24=0x8ffffffc
      162982000	      8047	80002d70	6f05	c.lui	x30,0x1	 x30=0x00001000
      163002000	      8048	80002d72	b8af0f13	addi	x30,x30,-1142	 x30:0x00001000 x30=0x00000b8a
      163022000	      8049	80002d76	0f22	c.slli	x30,0x8	 x30:0x00000b8a x30=0x000b8a00
      163042000	      8050	80002d78	0f0d	c.addi	x30,3	 x30:0x000b8a00 x30=0x000b8a03
      163382000	      8067	80002d7a	01ec2023	sw	x30,0(x24)	 x24:0x8ffffffc x30:0x000b8a03 PA:0x8ffffffc store:0x000b8a03 load:0xffffffff
      163402000	      8068	80002d7e	b8a02f73	csrrs	x30,mhpmcounter10h,x0	  x0:0x00000000 x30=0x00000000
      163722000	      8084	80002d82	01ec2023	sw	x30,0(x24)	 x24:0x8ffffffc x30:0x00000000 PA:0x8ffffffc store:0x00000000 load:0xffffffff
      163742000	      8085	80002d86	90000c37	lui	x24,0x90000	 x24=0x90000000
      163762000	      8086	80002d8a	1c71	c.addi	x24,-4	 x24:0x90000000 x24=0x8ffffffc
      163882000	      8092	80002d8c	6f05	c.lui	x30,0x1	 x30=0x00001000
      164302000	      8113	80002d8e	b0bf0f13	addi	x30,x30,-1269	 x30:0x00001000 x30=0x00000b0b
      164322000	      8114	80002d92	0f22	c.slli	x30,0x8	 x30:0x00000b0b x30=0x000b0b00
      164342000	      8115	80002d94	0f0d	c.addi	x30,3	 x30:0x000b0b00 x30=0x000b0b03
      164402000	      8118	80002d96	01ec2023	sw	x30,0(x24)	 x24:0x8ffffffc x30:0x000b0b03 PA:0x8ffffffc store:0x000b0b03 load:0xffffffff
      164422000	      8119	80002d9a	b0b02f73	csrrs	x30,mhpmcounter11,x0	  x0:0x00000000 x30=0x00000000
      164862000	      8141	80002d9e	01ec2023	sw	x30,0(x24)	 x24:0x8ffffffc x30:0x00000000 PA:0x8ffffffc store:0x00000000 load:0xffffffff
      164882000	      8142	80002da2	90000c37	lui	x24,0x90000	 x24=0x90000000
      164902000	      8143	80002da6	1c71	c.addi	x24,-4	 x24:0x90000000 x24=0x8ffffffc
      164922000	      8144	80002da8	6f05	c.lui	x30,0x1	 x30=0x00001000
      164982000	      8147	80002daa	b8bf0f13	addi	x30,x30,-1141	 x30:0x00001000 x30=0x00000b8b
      165002000	      8148	80002dae	0f22	c.slli	x30,0x8	 x30:0x00000b8b x30=0x000b8b00
      165402000	      8168	80002db0	0f0d	c.addi	x30,3	 x30:0x000b8b00 x30=0x000b8b03
      165742000	      8185	80002db2	01ec2023	sw	x30,0(x24)	 x24:0x8ffffffc x30:0x000b8b03 PA:0x8ffffffc store:0x000b8b03 load:0xffffffff
      165762000	      8186	80002db6	b8b02f73	csrrs	x30,mhpmcounter11h,x0	  x0:0x00000000 x30=0x00000000
      165902000	      8193	80002dba	01ec2023	sw	x30,0(x24)	 x24:0x8ffffffc x30:0x00000000 PA:0x8ffffffc store:0x00000000 load:0xffffffff
      165922000	      8194	80002dbe	90000c37	lui	x24,0x90000	 x24=0x90000000
      165942000	      8195	80002dc2	1c71	c.addi	x24,-4	 x24:0x90000000 x24=0x8ffffffc
      165962000	      8196	80002dc4	6f05	c.lui	x30,0x1	 x30=0x00001000
      165982000	      8197	80002dc6	b0cf0f13	addi	x30,x30,-1268	 x30:0x00001000 x30=0x00000b0c
      166002000	      8198	80002dca	0f22	c.slli	x30,0x8	 x30:0x00000b0c x30=0x000b0c00
      166082000	      8202	80002dcc	0f0d	c.addi	x30,3	 x30:0x000b0c00 x30=0x000b0c03
      166522000	      8224	80002dce	01ec2023	sw	x30,0(x24)	 x24:0x8ffffffc x30:0x000b0c03 PA:0x8ffffffc store:0x000b0c03 load:0xffffffff
      166542000	      8225	80002dd2	b0c02f73	csrrs	x30,mhpmcounter12,x0	  x0:0x00000000 x30=0x00000000
      166602000	      8228	80002dd6	01ec2023	sw	x30,0(x24)	 x24:0x8ffffffc x30:0x00000000 PA:0x8ffffffc store:0x00000000 load:0xffffffff
      166622000	      8229	80002dda	90000c37	lui	x24,0x90000	 x24=0x90000000
      166642000	      8230	80002dde	1c71	c.addi	x24,-4	 x24:0x90000000 x24=0x8ffffffc
      166662000	      8231	80002de0	6f05	c.lui	x30,0x1	 x30=0x00001000
      166682000	      8232	80002de2	b8cf0f13	addi	x30,x30,-1140	 x30:0x00001000 x30=0x00000b8c
      166702000	      8233	80002de6	0f22	c.slli	x30,0x8	 x30:0x00000b8c x30=0x000b8c00
      166742000	      8235	80002de8	0f0d	c.addi	x30,3	 x30:0x000b8c00 x30=0x000b8c03
      166962000	      8246	80002dea	01ec2023	sw	x30,0(x24)	 x24:0x8ffffffc x30:0x000b8c03 PA:0x8ffffffc store:0x000b8c03 load:0xffffffff
      166982000	      8247	80002dee	b8c02f73	csrrs	x30,mhpmcounter12h,x0	  x0:0x00000000 x30=0x00000000
      167402000	      8268	80002df2	01ec2023	sw	x30,0(x24)	 x24:0x8ffffffc x30:0x00000000 PA:0x8ffffffc store:0x00000000 load:0xffffffff
      167422000	      8269	80002df6	ffffdf17	auipc	x30,0xffffd	 x30=0x7ffffdf6
      167442000	      8270	80002dfa	28af0f13	addi	x30,x30,650	 x30:0x7ffffdf6 x30=0x80000080
      167662000	      8281	80002dfe	000f2023	sw	x0,0(x30)	 x30:0x80000080  x0:0x00000000 PA:0x80000080 store:0x00000000 load:0xffffffff
      168082000	      8302	80002e02	001f2223	sw	x1,4(x30)	 x30:0x80000080  x1:0x80000000 PA:0x80000084 store:0x80000000 load:0xffffffff
      168162000	      8306	80002e06	002f2423	sw	x2,8(x30)	 x30:0x80000080  x2:0xf5e9d958 PA:0x80000088 store:0xf5e9d958 load:0xffffffff
      168562000	      8326	80002e0a	003f2623	sw	x3,12(x30)	 x30:0x80000080  x3:0x00000000 PA:0x8000008c store:0x00000000 load:0xffffffff
      168702000	      8333	80002e0e	004f2823	sw	x4,16(x30)	 x30:0x80000080  x4:0xf9b9e91a PA:0x80000090 store:0xf9b9e91a load:0xffffffff
      169062000	      8351	80002e12	005f2a23	sw	x5,20(x30)	 x30:0x80000080  x5:0x8002cbdc PA:0x80000094 store:0x8002cbdc load:0xffffffff
      169162000	      8356	80002e16	006f2c23	sw	x6,24(x30)	 x30:0x80000080  x6:0x8e464bfa PA:0x80000098 store:0x8e464bfa load:0xffffffff
      169222000	      8359	80002e1a	007f2e23	sw	x7,28(x30)	 x30:0x80000080  x7:0x0000000a PA:0x8000009c store:0x0000000a load:0xffffffff
      169422000	      8369	80002e1e	028f2023	sw	x8,32(x30)	 x30:0x80000080  x8:0x00000002 PA:0x800000a0 store:0x00000002 load:0xffffffff
      169522000	      8374	80002e22	029f2223	sw	x9,36(x30)	 x30:0x80000080  x9:0x23952031 PA:0x800000a4 store:0x23952031 load:0xffffffff
      170082000	      8402	80002e26	02af2423	sw	x10,40(x30)	 x30:0x80000080 x10:0x00000000 PA:0x800000a8 store:0x00000000 load:0xffffffff
      170142000	      8405	80002e2a	02bf2623	sw	x11,44(x30)	 x30:0x80000080 x11:0x00000000 PA:0x800000ac store:0x00000000 load:0xffffffff
      170262000	      8411	80002e2e	02cf2823	sw	x12,48(x30)	 x30:0x80000080 x12:0xc4849568 PA:0x800000b0 store:0xc4849568 load:0xffffffff
      170322000	      8414	80002e32	02df2a23	sw	x13,52(x30)	 x30:0x80000080 x13:0x80000000 PA:0x800000b4 store:0x80000000 load:0xffffffff
      170342000	      8415	80002e36	02ef2c23	sw	x14,56(x30)	 x30:0x80000080 x14:0x859d2650 PA:0x800000b8 store:0x859d2650 load:0xffffffff
      170482000	      8422	80002e3a	02ff2e23	sw	x15,60(x30)	 x30:0x80000080 x15:0x23ffffff PA:0x800000bc store:0x23ffffff load:0xffffffff
      170902000	      8443	80002e3e	050f2023	sw	x16,64(x30)	 x30:0x80000080 x16:0x00000000 PA:0x800000c0 store:0x00000000 load:0xffffffff
      170962000	      8446	80002e42	051f2223	sw	x17,68(x30)	 x30:0x80000080 x17:0x0f0f0f0f PA:0x800000c4 store:0x0f0f0f0f load:0xffffffff
      175422000	      8669	80002e46	052f2423	sw	x18,72(x30)	 x30:0x80000080 x18:0x20009ded PA:0x800000c8 store:0x20009ded load:0xffffffff
      175442000	      8670	80002e4a	053f2623	sw	x19,76(x30)	 x30:0x80000080 x19:0x98df827e PA:0x800000cc store:0x98df827e load:0xffffffff
      175482000	      8672	80002e4e	054f2823	sw	x20,80(x30)	 x30:0x80000080 x20:0x4ddde1c9 PA:0x800000d0 store:0x4ddde1c9 load:0xffffffff
      175502000	      8673	80002e52	055f2a23	sw	x21,84(x30)	 x30:0x80000080 x21:0x0000000e PA:0x800000d4 store:0x0000000e load:0xffffffff
      175902000	      8693	80002e56	056f2c23	sw	x22,88(x30)	 x30:0x80000080 x22:0x00000000 PA:0x800000d8 store:0x00000000 load:0xffffffff
      175962000	      8696	80002e5a	057f2e23	sw	x23,92(x30)	 x30:0x80000080 x23:0x8002cbdc PA:0x800000dc store:0x8002cbdc load:0xffffffff
      175982000	      8697	80002e5e	078f2023	sw	x24,96(x30)	 x30:0x80000080 x24:0x8ffffffc PA:0x800000e0 store:0x8ffffffc load:0xffffffff
      176002000	      8698	80002e62	079f2223	sw	x25,100(x30)	 x30:0x80000080 x25:0x00000000 PA:0x800000e4 store:0x00000000 load:0xffffffff
      176442000	      8720	80002e66	07af2423	sw	x26,104(x30)	 x30:0x80000080 x26:0x0000000f PA:0x800000e8 store:0x0000000f load:0xffffffff
      176782000	      8737	80002e6a	07bf2623	sw	x27,108(x30)	 x30:0x80000080 x27:0x00000010 PA:0x800000ec store:0x00000010 load:0xffffffff
      177142000	      8755	80002e6e	07cf2823	sw	x28,112(x30)	 x30:0x80000080 x28:0x80000000 PA:0x800000f0 store:0x80000000 load:0xffffffff
      177362000	      8766	80002e72	07df2a23	sw	x29,116(x30)	 x30:0x80000080 x29:0xfda53eec PA:0x800000f4 store:0xfda53eec load:0xffffffff
      177382000	      8767	80002e76	07ef2c23	sw	x30,120(x30)	 x30:0x80000080 x30:0x80000080 PA:0x800000f8 store:0x80000080 load:0xffffffff
      177402000	      8768	80002e7a	07ff2e23	sw	x31,124(x30)	 x30:0x80000080 x31:0x80000000 PA:0x800000fc store:0x80000000 load:0xffffffff
      177422000	      8769	80002e7e	34102f73	csrrs	x30,mepc,x0	  x0:0x00000000 x30=0x800005f4
      177442000	      8770	80002e82	0f11	c.addi	x30,4	 x30:0x800005f4 x30=0x800005f8
      177462000	      8771	80002e84	341f1073	csrrw	x0,mepc,x30	 x30:0x800005f8  x0=0x00000000
      177502000	      8773	80002e88	30200073	mret	
      177562000	      8776	800005f8	90000c37	lui	x24,0x90000	 x24=0x90000000
      177582000	      8777	800005fc	1c61	c.addi	x24,-8	 x24:0x90000000 x24=0x8ffffff8
      177602000	      8778	800005fe	4f05	c.li	x30,1	 x30=0x00000001
      178182000	      8807	80000600	0f22	c.slli	x30,0x8	 x30:0x00000001 x30=0x00000100
      178202000	      8808	80000602	0f05	c.addi	x30,1	 x30:0x00000100 x30=0x00000101
      178262000	      8811	80000604	01ec2023	sw	x30,0(x24)	 x24:0x8ffffff8 x30:0x00000101 PA:0x8ffffff8 store:0x00000101 load:0xxxxxxxxx
      178342000	      8815	80002a00	0800006f	jal	x0,80002a80	  x0=0x00000000
      178402000	      8818	80002a80	12f1	c.addi	x5,-4	  x5:0x8002cbdc  x5=0x8002cbd8
