Time	Cycle	PC	Insn	Decoded instruction	Register and memory contents
        1055000	         6	80000080	40001cb7	lui	x25,0x40001	 x25=0x40001000
        1065000	         7	80000084	106c8c93	addi	x25,x25,262	 x25:0x40001000 x25=0x40001106
        1075000	         8	80000088	301c9073	csrrw	x0,misa,x25	 x25:0x40001106  x0=0x00000000
        1105000	        11	8000008c	0004d797	auipc	x15,0x4d	 x15=0x8004d08c
        1115000	        12	80000090	c5878793	addi	x15,x15,-936	 x15:0x8004d08c x15=0x8004cce4
        1125000	        13	80000094	00002c97	auipc	x25,0x2	 x25=0x80002094
        1135000	        14	80000098	f6cc8c93	addi	x25,x25,-148	 x25:0x80002094 x25=0x80002000
        1145000	        15	8000009c	001cec93	ori	x25,x25,1	 x25:0x80002000 x25=0x80002001
        1155000	        16	800000a0	305c9073	csrrw	x0,mtvec,x25	 x25:0x80002001  x0=0x00000000
        1185000	        19	800000a4	74725073	csrrwi	x0,0x747,4	  x0=0x00000000
        1215000	        22	800000a8	00003a97	auipc	x21,0x3	 x21=0x800030a8
        1225000	        23	800000ac	c44a8a93	addi	x21,x21,-956	 x21:0x800030a8 x21=0x80002cec
        1235000	        24	800000b0	4c81	c.li	x25,0	 x25=0x00000000
        1245000	        25	800000b2	9ae6	c.add	x21,x25	 x21:0x80002cec x25:0x00000000 x21=0x80002cec
        1255000	        26	800000b4	002ada93	srli	x21,x21,0x2	 x21:0x80002cec x21=0x20000b3b
        1265000	        27	800000b8	3b0a9073	csrrw	x0,pmpaddr0,x21	 x21:0x20000b3b  x0=0x00000000
        1295000	        30	800000bc	00003a97	auipc	x21,0x3	 x21=0x800030bc
        1305000	        31	800000c0	c30a8a93	addi	x21,x21,-976	 x21:0x800030bc x21=0x80002cec
        1315000	        32	800000c4	11111cb7	lui	x25,0x11111	 x25=0x11111000
        1325000	        33	800000c8	111c8c93	addi	x25,x25,273	 x25:0x11111000 x25=0x11111111
        1335000	        34	800000cc	9ae6	c.add	x21,x25	 x21:0x80002cec x25:0x11111111 x21=0x91113dfd
        1345000	        35	800000ce	002ada93	srli	x21,x21,0x2	 x21:0x91113dfd x21=0x24444f7f
        1355000	        36	800000d2	3b1a9073	csrrw	x0,pmpaddr1,x21	 x21:0x24444f7f  x0=0x00000000
        1385000	        39	800000d6	00003a97	auipc	x21,0x3	 x21=0x800030d6
        1395000	        40	800000da	c16a8a93	addi	x21,x21,-1002	 x21:0x800030d6 x21=0x80002cec
        1405000	        41	800000de	22222cb7	lui	x25,0x22222	 x25=0x22222000
        1415000	        42	800000e2	222c8c93	addi	x25,x25,546	 x25:0x22222000 x25=0x22222222
        1425000	        43	800000e6	9ae6	c.add	x21,x25	 x21:0x80002cec x25:0x22222222 x21=0xa2224f0e
        1435000	        44	800000e8	002ada93	srli	x21,x21,0x2	 x21:0xa2224f0e x21=0x288893c3
        1445000	        45	800000ec	3b2a9073	csrrw	x0,pmpaddr2,x21	 x21:0x288893c3  x0=0x00000000
        1475000	        48	800000f0	00003a97	auipc	x21,0x3	 x21=0x800030f0
        1485000	        49	800000f4	bfca8a93	addi	x21,x21,-1028	 x21:0x800030f0 x21=0x80002cec
        1495000	        50	800000f8	33333cb7	lui	x25,0x33333	 x25=0x33333000
        1505000	        51	800000fc	333c8c93	addi	x25,x25,819	 x25:0x33333000 x25=0x33333333
        1515000	        52	80000100	9ae6	c.add	x21,x25	 x21:0x80002cec x25:0x33333333 x21=0xb333601f
        1525000	        53	80000102	002ada93	srli	x21,x21,0x2	 x21:0xb333601f x21=0x2cccd807
        1535000	        54	80000106	3b3a9073	csrrw	x0,pmpaddr3,x21	 x21:0x2cccd807  x0=0x00000000
        1565000	        57	8000010a	0f0f1ab7	lui	x21,0xf0f1	 x21=0x0f0f1000
        1575000	        58	8000010e	f0fa8a93	addi	x21,x21,-241	 x21:0x0f0f1000 x21=0x0f0f0f0f
        1585000	        59	80000112	3a0a9073	csrrw	x0,pmpcfg0,x21	 x21:0x0f0f0f0f  x0=0x00000000
        1615000	        62	80000116	00003a97	auipc	x21,0x3	 x21=0x80003116
        1625000	        63	8000011a	bd6a8a93	addi	x21,x21,-1066	 x21:0x80003116 x21=0x80002cec
        1635000	        64	8000011e	44444cb7	lui	x25,0x44444	 x25=0x44444000
        1645000	        65	80000122	444c8c93	addi	x25,x25,1092	 x25:0x44444000 x25=0x44444444
        1655000	        66	80000126	9ae6	c.add	x21,x25	 x21:0x80002cec x25:0x44444444 x21=0xc4447130
        1665000	        67	80000128	002ada93	srli	x21,x21,0x2	 x21:0xc4447130 x21=0x31111c4c
        1675000	        68	8000012c	3b4a9073	csrrw	x0,pmpaddr4,x21	 x21:0x31111c4c  x0=0x00000000
        1705000	        71	80000130	00003a97	auipc	x21,0x3	 x21=0x80003130
        1715000	        72	80000134	bbca8a93	addi	x21,x21,-1092	 x21:0x80003130 x21=0x80002cec
        1725000	        73	80000138	55555cb7	lui	x25,0x55555	 x25=0x55555000
        1735000	        74	8000013c	555c8c93	addi	x25,x25,1365	 x25:0x55555000 x25=0x55555555
        1745000	        75	80000140	9ae6	c.add	x21,x25	 x21:0x80002cec x25:0x55555555 x21=0xd5558241
        1755000	        76	80000142	002ada93	srli	x21,x21,0x2	 x21:0xd5558241 x21=0x35556090
        1765000	        77	80000146	3b5a9073	csrrw	x0,pmpaddr5,x21	 x21:0x35556090  x0=0x00000000
        1795000	        80	8000014a	00003a97	auipc	x21,0x3	 x21=0x8000314a
        1805000	        81	8000014e	ba2a8a93	addi	x21,x21,-1118	 x21:0x8000314a x21=0x80002cec
        1815000	        82	80000152	66666cb7	lui	x25,0x66666	 x25=0x66666000
        1825000	        83	80000156	666c8c93	addi	x25,x25,1638	 x25:0x66666000 x25=0x66666666
        1835000	        84	8000015a	9ae6	c.add	x21,x25	 x21:0x80002cec x25:0x66666666 x21=0xe6669352
        1845000	        85	8000015c	002ada93	srli	x21,x21,0x2	 x21:0xe6669352 x21=0x3999a4d4
        1855000	        86	80000160	3b6a9073	csrrw	x0,pmpaddr6,x21	 x21:0x3999a4d4  x0=0x00000000
        1885000	        89	80000164	00003a97	auipc	x21,0x3	 x21=0x80003164
        1895000	        90	80000168	b88a8a93	addi	x21,x21,-1144	 x21:0x80003164 x21=0x80002cec
        1905000	        91	8000016c	77777cb7	lui	x25,0x77777	 x25=0x77777000
        1915000	        92	80000170	777c8c93	addi	x25,x25,1911	 x25:0x77777000 x25=0x77777777
        1925000	        93	80000174	9ae6	c.add	x21,x25	 x21:0x80002cec x25:0x77777777 x21=0xf777a463
        1935000	        94	80000176	002ada93	srli	x21,x21,0x2	 x21:0xf777a463 x21=0x3ddde918
        1945000	        95	8000017a	3b7a9073	csrrw	x0,pmpaddr7,x21	 x21:0x3ddde918  x0=0x00000000
        1975000	        98	8000017e	0f0f1ab7	lui	x21,0xf0f1	 x21=0x0f0f1000
        1985000	        99	80000182	f0fa8a93	addi	x21,x21,-241	 x21:0x0f0f1000 x21=0x0f0f0f0f
        1995000	       100	80000186	3a1a9073	csrrw	x0,pmpcfg1,x21	 x21:0x0f0f0f0f  x0=0x00000000
        2025000	       103	8000018a	00003a97	auipc	x21,0x3	 x21=0x8000318a
        2035000	       104	8000018e	b62a8a93	addi	x21,x21,-1182	 x21:0x8000318a x21=0x80002cec
        2045000	       105	80000192	88889cb7	lui	x25,0x88889	 x25=0x88889000
        2055000	       106	80000196	888c8c93	addi	x25,x25,-1912	 x25:0x88889000 x25=0x88888888
        2065000	       107	8000019a	9ae6	c.add	x21,x25	 x21:0x80002cec x25:0x88888888 x21=0x0888b574
        2075000	       108	8000019c	002ada93	srli	x21,x21,0x2	 x21:0x0888b574 x21=0x02222d5d
        2085000	       109	800001a0	3b8a9073	csrrw	x0,pmpaddr8,x21	 x21:0x02222d5d  x0=0x00000000
        2115000	       112	800001a4	00003a97	auipc	x21,0x3	 x21=0x800031a4
        2125000	       113	800001a8	b48a8a93	addi	x21,x21,-1208	 x21:0x800031a4 x21=0x80002cec
        2135000	       114	800001ac	9999acb7	lui	x25,0x9999a	 x25=0x9999a000
        2145000	       115	800001b0	999c8c93	addi	x25,x25,-1639	 x25:0x9999a000 x25=0x99999999
        2155000	       116	800001b4	9ae6	c.add	x21,x25	 x21:0x80002cec x25:0x99999999 x21=0x1999c685
        2165000	       117	800001b6	002ada93	srli	x21,x21,0x2	 x21:0x1999c685 x21=0x066671a1
        2175000	       118	800001ba	3b9a9073	csrrw	x0,pmpaddr9,x21	 x21:0x066671a1  x0=0x00000000
        2205000	       121	800001be	00003a97	auipc	x21,0x3	 x21=0x800031be
        2215000	       122	800001c2	b2ea8a93	addi	x21,x21,-1234	 x21:0x800031be x21=0x80002cec
        2225000	       123	800001c6	aaaabcb7	lui	x25,0xaaaab	 x25=0xaaaab000
        2235000	       124	800001ca	aaac8c93	addi	x25,x25,-1366	 x25:0xaaaab000 x25=0xaaaaaaaa
        2245000	       125	800001ce	9ae6	c.add	x21,x25	 x21:0x80002cec x25:0xaaaaaaaa x21=0x2aaad796
        2255000	       126	800001d0	002ada93	srli	x21,x21,0x2	 x21:0x2aaad796 x21=0x0aaab5e5
        2265000	       127	800001d4	3baa9073	csrrw	x0,pmpaddr10,x21	 x21:0x0aaab5e5  x0=0x00000000
        2295000	       130	800001d8	00003a97	auipc	x21,0x3	 x21=0x800031d8
        2305000	       131	800001dc	b14a8a93	addi	x21,x21,-1260	 x21:0x800031d8 x21=0x80002cec
        2315000	       132	800001e0	bbbbccb7	lui	x25,0xbbbbc	 x25=0xbbbbc000
        2325000	       133	800001e4	bbbc8c93	addi	x25,x25,-1093	 x25:0xbbbbc000 x25=0xbbbbbbbb
        2335000	       134	800001e8	9ae6	c.add	x21,x25	 x21:0x80002cec x25:0xbbbbbbbb x21=0x3bbbe8a7
        2345000	       135	800001ea	002ada93	srli	x21,x21,0x2	 x21:0x3bbbe8a7 x21=0x0eeefa29
        2355000	       136	800001ee	3bba9073	csrrw	x0,pmpaddr11,x21	 x21:0x0eeefa29  x0=0x00000000
        2385000	       139	800001f2	0f0f1ab7	lui	x21,0xf0f1	 x21=0x0f0f1000
        2395000	       140	800001f6	f0fa8a93	addi	x21,x21,-241	 x21:0x0f0f1000 x21=0x0f0f0f0f
        2405000	       141	800001fa	3a2a9073	csrrw	x0,pmpcfg2,x21	 x21:0x0f0f0f0f  x0=0x00000000
        2435000	       144	800001fe	00003a97	auipc	x21,0x3	 x21=0x800031fe
        2445000	       145	80000202	aeea8a93	addi	x21,x21,-1298	 x21:0x800031fe x21=0x80002cec
        2455000	       146	80000206	ccccdcb7	lui	x25,0xccccd	 x25=0xccccd000
        2465000	       147	8000020a	cccc8c93	addi	x25,x25,-820	 x25:0xccccd000 x25=0xcccccccc
        2475000	       148	8000020e	9ae6	c.add	x21,x25	 x21:0x80002cec x25:0xcccccccc x21=0x4cccf9b8
        2485000	       149	80000210	002ada93	srli	x21,x21,0x2	 x21:0x4cccf9b8 x21=0x13333e6e
        2495000	       150	80000214	3bca9073	csrrw	x0,pmpaddr12,x21	 x21:0x13333e6e  x0=0x00000000
        2525000	       153	80000218	00003a97	auipc	x21,0x3	 x21=0x80003218
        2535000	       154	8000021c	ad4a8a93	addi	x21,x21,-1324	 x21:0x80003218 x21=0x80002cec
        2545000	       155	80000220	ddddecb7	lui	x25,0xdddde	 x25=0xdddde000
        2555000	       156	80000224	dddc8c93	addi	x25,x25,-547	 x25:0xdddde000 x25=0xdddddddd
        2565000	       157	80000228	9ae6	c.add	x21,x25	 x21:0x80002cec x25:0xdddddddd x21=0x5dde0ac9
        2575000	       158	8000022a	002ada93	srli	x21,x21,0x2	 x21:0x5dde0ac9 x21=0x177782b2
        2585000	       159	8000022e	3bda9073	csrrw	x0,pmpaddr13,x21	 x21:0x177782b2  x0=0x00000000
        2615000	       162	80000232	00003a97	auipc	x21,0x3	 x21=0x80003232
        2625000	       163	80000236	abaa8a93	addi	x21,x21,-1350	 x21:0x80003232 x21=0x80002cec
        2635000	       164	8000023a	eeeefcb7	lui	x25,0xeeeef	 x25=0xeeeef000
        2645000	       165	8000023e	eeec8c93	addi	x25,x25,-274	 x25:0xeeeef000 x25=0xeeeeeeee
        2655000	       166	80000242	9ae6	c.add	x21,x25	 x21:0x80002cec x25:0xeeeeeeee x21=0x6eef1bda
        2665000	       167	80000244	002ada93	srli	x21,x21,0x2	 x21:0x6eef1bda x21=0x1bbbc6f6
        2675000	       168	80000248	3bea9073	csrrw	x0,pmpaddr14,x21	 x21:0x1bbbc6f6  x0=0x00000000
        2705000	       171	8000024c	00003a97	auipc	x21,0x3	 x21=0x8000324c
        2715000	       172	80000250	aa0a8a93	addi	x21,x21,-1376	 x21:0x8000324c x21=0x80002cec
        2725000	       173	80000254	fff00c93	addi	x25,x0,-1	  x0:0x00000000 x25=0xffffffff
        2735000	       174	80000258	9ae6	c.add	x21,x25	 x21:0x80002cec x25:0xffffffff x21=0x80002ceb
        2745000	       175	8000025a	002ada93	srli	x21,x21,0x2	 x21:0x80002ceb x21=0x20000b3a
        2755000	       176	8000025e	3bfa9073	csrrw	x0,pmpaddr15,x21	 x21:0x20000b3a  x0=0x00000000
        2785000	       179	80000262	0f0f1ab7	lui	x21,0xf0f1	 x21=0x0f0f1000
        2795000	       180	80000266	f0fa8a93	addi	x21,x21,-241	 x21:0x0f0f1000 x21=0x0f0f0f0f
        2805000	       181	8000026a	3a3a9073	csrrw	x0,pmpcfg3,x21	 x21:0x0f0f0f0f  x0=0x00000000
        2835000	       184	8000026e	00000c97	auipc	x25,0x0	 x25=0x8000026e
        2845000	       185	80000272	060c8c93	addi	x25,x25,96	 x25:0x8000026e x25=0x800002ce
        2855000	       186	80000276	341c9073	csrrw	x0,mepc,x25	 x25:0x800002ce  x0=0x00000000
        2865000	       187	8000027a	7c00d073	csrrwi	x0,0x7c0,1	  x0=0x00000000
        2895000	       190	8000027e	4c81	c.li	x25,0	 x25=0x00000000
        2905000	       191	80000280	300c9073	csrrw	x0,mstatus,x25	 x25:0x00000000  x0=0x00000000
        2935000	       194	80000284	4c81	c.li	x25,0	 x25=0x00000000
        2945000	       195	80000286	304c9073	csrrw	x0,mie,x25	 x25:0x00000000  x0=0x00000000
        2975000	       198	8000028a	90000537	lui	x10,0x90000	 x10=0x90000000
        2985000	       199	8000028e	1571	c.addi	x10,-4	 x10:0x90000000 x10=0x8ffffffc
        2995000	       200	80000290	90000537	lui	x10,0x90000	 x10=0x90000000
        3005000	       201	80000294	1571	c.addi	x10,-4	 x10:0x90000000 x10=0x8ffffffc
        3015000	       202	80000296	90000537	lui	x10,0x90000	 x10=0x90000000
        3025000	       203	8000029a	1571	c.addi	x10,-4	 x10:0x90000000 x10=0x8ffffffc
        3035000	       204	8000029c	30000c93	addi	x25,x0,768	  x0:0x00000000 x25=0x00000300
        3045000	       205	800002a0	0ca2	c.slli	x25,0x8	 x25:0x00000300 x25=0x00030000
        3055000	       206	800002a2	0c8d	c.addi	x25,3	 x25:0x00030000 x25=0x00030003
        3065000	       207	800002a4	01952023	sw	x25,0(x10)	 x10:0x8ffffffc x25:0x00030003 PA:0x8ffffffc store:0x00030003 load:0x00000000
        3075000	       208	800002a8	30002cf3	csrrs	x25,mstatus,x0	  x0:0x00000000 x25=0x00000000
        3085000	       209	800002ac	01952023	sw	x25,0(x10)	 x10:0x8ffffffc x25:0x00000000 PA:0x8ffffffc store:0x00000000 load:0x00000000
        3095000	       210	800002b0	90000537	lui	x10,0x90000	 x10=0x90000000
        3105000	       211	800002b4	1571	c.addi	x10,-4	 x10:0x90000000 x10=0x8ffffffc
        3115000	       212	800002b6	30400c93	addi	x25,x0,772	  x0:0x00000000 x25=0x00000304
        3125000	       213	800002ba	0ca2	c.slli	x25,0x8	 x25:0x00000304 x25=0x00030400
        3135000	       214	800002bc	0c8d	c.addi	x25,3	 x25:0x00030400 x25=0x00030403
        3145000	       215	800002be	01952023	sw	x25,0(x10)	 x10:0x8ffffffc x25:0x00030403 PA:0x8ffffffc store:0x00030403 load:0x00000000
        3155000	       216	800002c2	30402cf3	csrrs	x25,mie,x0	  x0:0x00000000 x25=0x00000000
        3165000	       217	800002c6	01952023	sw	x25,0(x10)	 x10:0x8ffffffc x25:0x00000000 PA:0x8ffffffc store:0x00000000 load:0x00000000
        3175000	       218	800002ca	30200073	mret	
        3215000	       222	800002ce	00000013	addi	x0,x0,0	  x0:0x00000000  x0=0x00000000
        3225000	       223	800002d2	92efa0b7	lui	x1,0x92efa	  x1=0x92efa000
        3235000	       224	800002d6	ac408093	addi	x1,x1,-1340	  x1:0x92efa000  x1=0x92ef9ac4
        3245000	       225	800002da	800001b7	lui	x3,0x80000	  x3=0x80000000
        3255000	       226	800002de	80000237	lui	x4,0x80000	  x4=0x80000000
        3265000	       227	800002e2	42b9	c.li	x5,14	  x5=0x0000000e
        3275000	       228	800002e4	f1b2a337	lui	x6,0xf1b2a	  x6=0xf1b2a000
        3285000	       229	800002e8	f3f30313	addi	x6,x6,-193	  x6:0xf1b2a000  x6=0xf1b29f3f
        3295000	       230	800002ec	4381	c.li	x7,0	  x7=0x00000000
        3305000	       231	800002ee	4a55b437	lui	x8,0x4a55b	  x8=0x4a55b000
        3315000	       232	800002f2	a2240413	addi	x8,x8,-1502	  x8:0x4a55b000  x8=0x4a55aa22
        3325000	       233	800002f6	800004b7	lui	x9,0x80000	  x9=0x80000000
        3335000	       234	800002fa	4535	c.li	x10,13	 x10=0x0000000d
        3345000	       235	800002fc	f1f2f5b7	lui	x11,0xf1f2f	 x11=0xf1f2f000
        3355000	       236	80000300	2c958593	addi	x11,x11,713	 x11:0xf1f2f000 x11=0xf1f2f2c9
        3365000	       237	80000304	f4560637	lui	x12,0xf4560	 x12=0xf4560000
        3375000	       238	80000308	fdc60613	addi	x12,x12,-36	 x12:0xf4560000 x12=0xf455ffdc
        3385000	       239	8000030c	f82256b7	lui	x13,0xf8225	 x13=0xf8225000
        3395000	       240	80000310	26468693	addi	x13,x13,612	 x13:0xf8225000 x13=0xf8225264
        3405000	       241	80000314	fe5f1737	lui	x14,0xfe5f1	 x14=0xfe5f1000
        3415000	       242	80000318	95370713	addi	x14,x14,-1709	 x14:0xfe5f1000 x14=0xfe5f0953
        3425000	       243	8000031c	66a5e837	lui	x16,0x66a5e	 x16=0x66a5e000
        3435000	       244	80000320	aa780813	addi	x16,x16,-1369	 x16:0x66a5e000 x16=0x66a5daa7
        3445000	       245	80000324	f9d1c8b7	lui	x17,0xf9d1c	 x17=0xf9d1c000
        3455000	       246	80000328	75888893	addi	x17,x17,1880	 x17:0xf9d1c000 x17=0xf9d1c758
        3465000	       247	8000032c	4901	c.li	x18,0	 x18=0x00000000
        3475000	       248	8000032e	910059b7	lui	x19,0x91005	 x19=0x91005000
        3485000	       249	80000332	efb98993	addi	x19,x19,-261	 x19:0x91005000 x19=0x91004efb
        3495000	       250	80000336	4a01	c.li	x20,0	 x20=0x00000000
        3505000	       251	80000338	4aa5	c.li	x21,9	 x21=0x00000009
        3515000	       252	8000033a	91795b37	lui	x22,0x91795	 x22=0x91795000
        3525000	       253	8000033e	1b29	c.addi	x22,-22	 x22:0x91795000 x22=0x91794fea
        3535000	       254	80000340	80000bb7	lui	x23,0x80000	 x23=0x80000000
        3545000	       255	80000344	db26ec37	lui	x24,0xdb26e	 x24=0xdb26e000
        3555000	       256	80000348	39fc0c13	addi	x24,x24,927	 x24:0xdb26e000 x24=0xdb26e39f
        3565000	       257	8000034c	4cb1	c.li	x25,12	 x25=0x0000000c
        3575000	       258	8000034e	bde66d37	lui	x26,0xbde66	 x26=0xbde66000
        3585000	       259	80000352	303d0d13	addi	x26,x26,771	 x26:0xbde66000 x26=0xbde66303
        3595000	       260	80000356	f6359db7	lui	x27,0xf6359	 x27=0xf6359000
        3605000	       261	8000035a	b8bd8d93	addi	x27,x27,-1141	 x27:0xf6359000 x27=0xf6358b8b
        3615000	       262	8000035e	4e01	c.li	x28,0	 x28=0x00000000
        3625000	       263	80000360	47c42eb7	lui	x29,0x47c42	 x29=0x47c42000
        3635000	       264	80000364	4cae8e93	addi	x29,x29,1226	 x29:0x47c42000 x29=0x47c424ca
        3645000	       265	80000368	c20d3f37	lui	x30,0xc20d3	 x30=0xc20d3000
        3655000	       266	8000036c	73df0f13	addi	x30,x30,1853	 x30:0xc20d3000 x30=0xc20d373d
        3665000	       267	80000370	4f81	c.li	x31,0	 x31=0x00000000
        3675000	       268	80000372	00049117	auipc	x2,0x49	  x2=0x80049372
        3685000	       269	80000376	af210113	addi	x2,x2,-1294	  x2:0x80049372  x2=0x80048e64
        3695000	       270	8000037a	90000537	lui	x10,0x90000	 x10=0x90000000
        3705000	       271	8000037e	1571	c.addi	x10,-4	 x10:0x90000000 x10=0x8ffffffc
        3715000	       272	80000380	4c81	c.li	x25,0	 x25=0x00000000
        3725000	       273	80000382	0ca2	c.slli	x25,0x8	 x25:0x00000000 x25=0x00000000
        3735000	       274	80000384	000c8c93	addi	x25,x25,0	 x25:0x00000000 x25=0x00000000
        3745000	       275	80000388	01952023	sw	x25,0(x10)	 x10:0x8ffffffc x25:0x00000000 PA:0x8ffffffc store:0x00000000 load:0x00000000
        3755000	       276	8000038c	1610206f	jal	x0,80002cec	  x0=0x00000000
        3775000	       278	80002cec	c5e31317	auipc	x6,0xc5e31	  x6=0x45e33cec
        3785000	       279	80002cf0	8d81	c.sub	x11,x8	 x11:0xf1f2f2c9  x8:0x4a55aa22 x11=0xa79d48a7
        3795000	       280	80002cf2	00006533	or	x10,x0,x0	  x0:0x00000000  x0:0x00000000 x10=0x00000000
        3805000	       281	80002cf6	0000ec97	auipc	x25,0xe	 x25=0x80010cf6
        3815000	       282	80002cfa	170c8c93	addi	x25,x25,368	 x25:0x80010cf6 x25=0x80010e66
        3825000	       283	80002cfe	f67d6b13	ori	x22,x26,-153	 x26:0xbde66303 x22=0xffffff67
        3835000	       284	80002d02	27fc8c93	addi	x25,x25,639	 x25:0x80010e66 x25=0x800110e5
        3855000	       286	80002d06	0276c0b3	div	x1,x13,x7	 x13:0xf8225264  x7:0x00000000  x1=0xffffffff
        3865000	       287	80002d0a	0001	c.addi	x0,0	  x0:0x00000000  x0=0x00000000
        3875000	       288	80002d0c	007af763	bgeu	x21,x7,80002d1a	 x21:0x00000009  x7:0x00000000
        3905000	       291	80002d1a	d81c8267	jalr	x4,-639(x25)	 x25:0x800110e5  x4=0x80002d1e
        3935000	       294	80010e66	00938cb3	add	x25,x7,x9	  x7:0x00000000  x9:0x80000000 x25=0x80000000
        3945000	       295	80010e6a	02ce	c.slli	x5,0x13	  x5:0x0000000e  x5=0x00700000
        3955000	       296	80010e6c	01c048b3	xor	x17,x0,x28	  x0:0x00000000 x28:0x00000000 x17=0x00000000
        3965000	       297	80010e70	00831263	bne	x6,x8,80010e74	  x6:0x45e33cec  x8:0x4a55aa22
        3985000	       299	80010e74	fcc10113	addi	x2,x2,-52	  x2:0x80048e64  x2=0x80048e30
        3995000	       300	80010e78	ef296b93	ori	x23,x18,-270	 x18:0x00000000 x23=0xfffffef2
        4365000	       337	80010e7c	03da7c33	remu	x24,x20,x29	 x20:0x00000000 x29:0x47c424ca x24=0x00000000
        4735000	       374	80010e80	023dc4b3	div	x9,x27,x3	 x27:0xf6358b8b  x3:0x80000000  x9=0x00000000
        4745000	       375	80010e84	5fa8c593	xori	x11,x17,1530	 x17:0x00000000 x11=0x000005fa
        4755000	       376	80010e88	0996	c.slli	x19,0x5	 x19:0x91004efb x19=0x2009df60
        4765000	       377	80010e8a	c212	c.swsp	x4,4(x2)	  x2:0x80048e30  x4:0x80002d1e PA:0x80048e34 store:0x80002d1e load:0x00000000
        4775000	       378	80010e8c	01b0d333	srl	x6,x1,x27	  x1:0xffffffff x27:0xf6358b8b  x6=0x001fffff
        4805000	       381	80010e90	02738333	mul	x6,x7,x7	  x7:0x00000000  x7:0x00000000  x6=0x00000000
        4815000	       382	80010e94	00028317	auipc	x6,0x28	  x6=0x80038e94
        4825000	       383	80010e98	a0f30313	addi	x6,x6,-1521	  x6:0x80038e94  x6=0x800388a3
        4835000	       384	80010e9c	fcd35c03	lhu	x24,-51(x6)	  x6:0x800388a3 x24=0x00004a49 PA:0x80038870 load:0x00004a49
        4845000	       385	80010ea0	fc6316a3	sh	x6,-51(x6)	  x6:0x800388a3  x6:0x800388a3 PA:0x80038870 store:0x800388a3 load:0x00000000
        4855000	       386	80010ea4	ff034583	lbu	x11,-16(x6)	  x6:0x800388a3 x11=0x000000dc PA:0x80038893 load:0x000000dc
        4865000	       387	80010ea8	65d69597	auipc	x11,0x65d69	 x11=0xe5d79ea8
        4875000	       388	80010eac	ff030603	lb	x12,-16(x6)	  x6:0x800388a3 x12=0xffffffdc PA:0x80038893 load:0xffffffdc
        4885000	       389	80010eb0	ff034003	lbu	x0,-16(x6)	  x6:0x800388a3  x0=0x00000000 PA:0x80038893 load:0x000000dc
        4895000	       390	80010eb4	ff034483	lbu	x9,-16(x6)	  x6:0x800388a3  x9=0x000000dc PA:0x80038893 load:0x000000dc
        4905000	       391	80010eb8	ff034903	lbu	x18,-16(x6)	  x6:0x800388a3 x18=0x000000dc PA:0x80038893 load:0x000000dc
        4915000	       392	80010ebc	fff316a3	sh	x31,-19(x6)	  x6:0x800388a3 x31:0x00000000 PA:0x80038890 store:0x00000000 load:0x00000000
        4925000	       393	80010ec0	fed35f03	lhu	x30,-19(x6)	  x6:0x800388a3 x30=0x00000000 PA:0x80038890 load:0x00000000
        4935000	       394	80010ec4	01132203	lw	x4,17(x6)	  x6:0x800388a3  x4=0x58ad3e8b PA:0x800388b4 load:0x58ad3e8b
        4945000	       395	80010ec8	01134503	lbu	x10,17(x6)	  x6:0x800388a3 x10=0x0000008b PA:0x800388b4 load:0x0000008b
        4955000	       396	80010ecc	00a34903	lbu	x18,10(x6)	  x6:0x800388a3 x18=0x000000d4 PA:0x800388ad load:0x000000d4
        4965000	       397	80010ed0	fcf328a3	sw	x15,-47(x6)	  x6:0x800388a3 x15:0x8004cce4 PA:0x80038874 store:0x8004cce4 load:0x00000000
        4975000	       398	80010ed4	ffd30d03	lb	x26,-3(x6)	  x6:0x800388a3 x26=0x0000003b PA:0x800388a0 load:0x0000003b
        4985000	       399	80010ed8	ff631ea3	sh	x22,-3(x6)	  x6:0x800388a3 x22:0xffffff67 PA:0x800388a0 store:0xffffff67 load:0x00000000
        4995000	       400	80010edc	ffd35903	lhu	x18,-3(x6)	  x6:0x800388a3 x18=0x0000ff67 PA:0x800388a0 load:0x0000ff67
        5005000	       401	80010ee0	00026517	auipc	x10,0x26	 x10=0x80036ee0
        5015000	       402	80010ee4	48f50513	addi	x10,x10,1167	 x10:0x80036ee0 x10=0x8003736f
        5025000	       403	80010ee8	00023097	auipc	x1,0x23	  x1=0x80033ee8
        5035000	       404	80010eec	bb608093	addi	x1,x1,-1098	  x1:0x80033ee8  x1=0x80033a9e
        5045000	       405	80010ef0	0ab081a3	sb	x11,163(x1)	  x1:0x80033a9e x11:0xe5d79ea8 PA:0x80033b41 store:0xe5d79ea8 load:0x00000000
        5055000	       406	80010ef4	fd850283	lb	x5,-40(x10)	 x10:0x8003736f  x5=0xfffffff8 PA:0x80037347 load:0xfffffff8
        5065000	       407	80010ef8	f1209d83	lh	x27,-238(x1)	  x1:0x80033a9e x27=0x0000329a PA:0x800339b0 load:0x0000329a
        5075000	       408	80010efc	ffe50683	lb	x13,-2(x10)	 x10:0x8003736f x13=0x0000005b PA:0x8003736d load:0x0000005b
        5085000	       409	80010f00	06a09e03	lh	x28,106(x1)	  x1:0x80033a9e x28=0xffffba5e PA:0x80033b08 load:0xffffba5e
        5095000	       410	80010f04	00750203	lb	x4,7(x10)	 x10:0x8003736f  x4=0xffffffba PA:0x80037376 load:0xffffffba
        5105000	       411	80010f08	fe350e23	sb	x3,-4(x10)	 x10:0x8003736f  x3:0x80000000 PA:0x8003736b store:0x80000000 load:0x00000000
        5115000	       412	80010f0c	f83085a3	sb	x3,-117(x1)	  x1:0x80033a9e  x3:0x80000000 PA:0x80033a29 store:0x80000000 load:0x00000000
        5125000	       413	80010f10	fde54403	lbu	x8,-34(x10)	 x10:0x8003736f  x8=0x0000004d PA:0x8003734d load:0x0000004d
        5135000	       414	80010f14	f050c603	lbu	x12,-251(x1)	  x1:0x80033a9e x12=0x0000001b PA:0x800339a3 load:0x0000001b
        5145000	       415	80010f18	07a08ba3	sb	x26,119(x1)	  x1:0x80033a9e x26:0x0000003b PA:0x80033b15 store:0x0000003b load:0x00000000
        5155000	       416	80010f1c	07308ea3	sb	x19,125(x1)	  x1:0x80033a9e x19:0x2009df60 PA:0x80033b1b store:0x2009df60 load:0x00000000
        5165000	       417	80010f20	0770ce03	lbu	x28,119(x1)	  x1:0x80033a9e x28=0x0000003b PA:0x80033b15 load:0x0000003b
        5175000	       418	80010f24	00023197	auipc	x3,0x23	  x3=0x80033f24
        5185000	       419	80010f28	12418193	addi	x3,x3,292	  x3:0x80033f24  x3=0x80034048
        5195000	       420	80010f2c	1e970537	lui	x10,0x1e970	 x10=0x1e970000
        5205000	       421	80010f30	91aa	c.add	x3,x10	  x3:0x80034048 x10:0x1e970000  x3=0x9e9a4048
        5215000	       422	80010f32	be0189a3	sb	x0,-1037(x3)	  x3:0x9e9a4048  x0:0x00000000 PA:0x9e9a3c3b store:0x00000000 load:0x00000000
        5225000	       423	80010f36	d8118d23	sb	x1,-614(x3)	  x3:0x9e9a4048  x1:0x80033a9e PA:0x9e9a3de2 store:0x80033a9e load:0x00000000
        5235000	       424	80010f3a	602187a3	sb	x2,1551(x3)	  x3:0x9e9a4048  x2:0x80048e30 PA:0x9e9a4657 store:0x80048e30 load:0x00000000
        5245000	       425	80010f3e	1a318ba3	sb	x3,439(x3)	  x3:0x9e9a4048  x3:0x9e9a4048 PA:0x9e9a41ff store:0x9e9a4048 load:0x00000000
        5255000	       426	80010f42	00645833	srl	x16,x8,x6	  x8:0x0000004d  x6:0x800388a3 x16=0x00000009
        5265000	       427	80010f46	bf31c883	lbu	x17,-1037(x3)	  x3:0x9e9a4048 x17=0x00000000 PA:0x9e9a3c3b load:0x00000000
        5275000	       428	80010f4a	d9a1c983	lbu	x19,-614(x3)	  x3:0x9e9a4048 x19=0x0000009e PA:0x9e9a3de2 load:0x0000009e
        5285000	       429	80010f4e	01bcafb3	slt	x31,x25,x27	 x25:0x80000000 x27:0x0000329a x31=0x00000001
        5295000	       430	80010f52	003ffe33	and	x28,x31,x3	 x31:0x00000001  x3:0x9e9a4048 x28=0x00000000
        5305000	       431	80010f56	0ff0000f	fence	iorw,iorw	
        5315000	       432	80010f5a	942e	c.add	x8,x11	  x8:0x0000004d x11:0xe5d79ea8  x8=0xe5d79ef5
        5355000	       436	80010f5c	03472db3	mulhsu	x27,x14,x20	 x14:0xfe5f0953 x20:0x00000000 x27=0x00000000
        5365000	       437	80010f60	015253b3	srl	x7,x4,x21	  x4:0xffffffba x21:0x00000009  x7=0x007fffff
        5375000	       438	80010f64	60f1cf03	lbu	x30,1551(x3)	  x3:0x9e9a4048 x30=0x00000030 PA:0x9e9a4657 load:0x00000030
        5385000	       439	80010f68	7304d017	auipc	x0,0x7304d	  x0=0x00000000
        5395000	       440	80010f6c	1b71cc03	lbu	x24,439(x3)	  x3:0x9e9a4048 x24=0x00000048 PA:0x9e9a41ff load:0x00000048
        5405000	       441	80010f70	f1018fa3	sb	x16,-225(x3)	  x3:0x9e9a4048 x16:0x00000009 PA:0x9e9a3f67 store:0x00000009 load:0x00000000
        5415000	       442	80010f74	00022597	auipc	x11,0x22	 x11=0x80032f74
        5425000	       443	80010f78	7df58593	addi	x11,x11,2015	 x11:0x80032f74 x11=0x80033753
        5435000	       444	80010f7c	00102b33	slt	x22,x0,x1	  x0:0x00000000  x1:0x80033a9e x22=0x00000000
        5455000	       446	80010f80	034cc033	div	x0,x25,x20	 x25:0x80000000 x20:0x00000000  x0=0x00000000
        5475000	       448	80010f84	03c2c4b3	div	x9,x5,x28	  x5:0xfffffff8 x28:0x00000000  x9=0xffffffff
        5485000	       449	80010f88	f5058703	lb	x14,-176(x11)	 x11:0x80033753 x14=0x0000001d PA:0x800336a3 load:0x0000001d
        5495000	       450	80010f8c	8ead	c.xor	x13,x11	 x13:0x0000005b x11:0x80033753 x13=0x80033708
        5865000	       487	80010f8e	03da43b3	div	x7,x20,x29	 x20:0x00000000 x29:0x47c424ca  x7=0x00000000
        5875000	       488	80010f92	0cfa	c.slli	x25,0x1e	 x25:0x80000000 x25=0x00000000
        5885000	       489	80010f94	faf58d03	lb	x26,-81(x11)	 x11:0x80033753 x26=0x00000024 PA:0x80033702 load:0x00000024
        6255000	       526	80010f98	024074b3	remu	x9,x0,x4	  x0:0x00000000  x4:0xffffffba  x9=0x00000000
        6265000	       527	80010f9c	8f79	c.and	x14,x14	 x14:0x0000001d x14:0x0000001d x14=0x0000001d
        6275000	       528	80010f9e	00be50b3	srl	x1,x28,x11	 x28:0x00000000 x11:0x80033753  x1=0x00000000
        6285000	       529	80010fa2	8e91	c.sub	x13,x12	 x13:0x80033708 x12:0x0000001b x13=0x800336ed
        6295000	       530	80010fa4	f50598a3	sh	x16,-175(x11)	 x11:0x80033753 x16:0x00000009 PA:0x800336a4 store:0x00000009 load:0x00000000
        6305000	       531	80010fa8	8175	c.srli	x10,0x1d	 x10:0x1e970000 x10=0x00000000
        6315000	       532	80010faa	f515d983	lhu	x19,-175(x11)	 x11:0x80033753 x19=0x00000009 PA:0x800336a4 load:0x00000009
        6325000	       533	80010fae	8f8e	c.mv	x31,x3	  x0:0x00000000  x3:0x9e9a4048 x31=0x9e9a4048
        6335000	       534	80010fb0	f7f59d03	lh	x26,-129(x11)	 x11:0x80033753 x26=0xffffd3ed PA:0x800336d2 load:0xffffd3ed
        6375000	       538	80010fb4	0366a033	mulhsu	x0,x13,x22	 x13:0x800336ed x22:0x00000000  x0=0x00000000
        6385000	       539	80010fb8	06e58f83	lb	x31,110(x11)	 x11:0x80033753 x31=0x00000042 PA:0x800337c1 load:0x00000042
        6395000	       540	80010fbc	0ff0000f	fence	iorw,iorw	
        6405000	       541	80010fc0	0cd58b23	sb	x13,214(x11)	 x11:0x80033753 x13:0x800336ed PA:0x80033829 store:0x800336ed load:0x00000000
        6415000	       542	80010fc4	40ba08b3	sub	x17,x20,x11	 x20:0x00000000 x11:0x80033753 x17=0x7ffcc8ad
        6425000	       543	80010fc8	00e6a2b3	slt	x5,x13,x14	 x13:0x800336ed x14:0x0000001d  x5=0x00000001
        6795000	       580	80010fcc	02dedc33	divu	x24,x29,x13	 x29:0x47c424ca x13:0x800336ed x24=0x00000000
        7165000	       617	80010fd0	02b2e833	rem	x16,x5,x11	  x5:0x00000001 x11:0x80033753 x16=0x00000001
        7175000	       618	80010fd4	ff75de83	lhu	x29,-9(x11)	 x11:0x80033753 x29=0x0000ade0 PA:0x8003374a load:0x0000ade0
        7205000	       621	80010fd8	02638033	mul	x0,x7,x6	  x7:0x00000000  x6:0x800388a3  x0=0x00000000
        7215000	       622	80010fdc	089587a3	sb	x9,143(x11)	 x11:0x80033753  x9:0x00000000 PA:0x800337e2 store:0x00000000 load:0x00000000
        7225000	       623	80010fe0	f925c883	lbu	x17,-110(x11)	 x11:0x80033753 x17=0x00000070 PA:0x800336e5 load:0x00000070
        7235000	       624	80010fe4	0000100f	fence.i	
        7255000	       626	80010fe8	fb359803	lh	x16,-77(x11)	 x11:0x80033753 x16=0x00000228 PA:0x80033706 load:0x00000228
        7265000	       627	80010fec	f2a5c183	lbu	x3,-214(x11)	 x11:0x80033753  x3=0x000000ea PA:0x8003367d load:0x000000ea
        7275000	       628	80010ff0	8232	c.mv	x4,x12	  x0:0x00000000 x12:0x0000001b  x4=0x0000001b
        7285000	       629	80010ff2	00f59da3	sh	x15,27(x11)	 x11:0x80033753 x15:0x8004cce4 PA:0x8003376e store:0x8004cce4 load:0x00000000
        7295000	       630	80010ff6	00f5d083	lhu	x1,15(x11)	 x11:0x80033753  x1=0x0000b07e PA:0x80033762 load:0x0000b07e
        7305000	       631	80010ffa	ff25c203	lbu	x4,-14(x11)	 x11:0x80033753  x4=0x00000021 PA:0x80033745 load:0x00000021
        7315000	       632	80010ffe	f6159203	lh	x4,-159(x11)	 x11:0x80033753  x4=0xffff8094 PA:0x800336b4 load:0xffff8094
        7325000	       633	80011002	0001	c.addi	x0,0	  x0:0x00000000  x0=0x00000000
        7355000	       636	80011004	02728833	mul	x16,x5,x7	  x5:0x00000001  x7:0x00000000 x16=0x00000000
        7365000	       637	80011008	f61581a3	sb	x1,-157(x11)	 x11:0x80033753  x1:0x0000b07e PA:0x800336b6 store:0x0000b07e load:0x00000000
        7375000	       638	8001100c	f1b5a6a3	sw	x27,-243(x11)	 x11:0x80033753 x27:0x00000000 PA:0x80033660 store:0x00000000 load:0x00000000
        7385000	       639	80011010	413908b3	sub	x17,x18,x19	 x18:0x0000ff67 x19:0x00000009 x17=0x0000ff5e
        7395000	       640	80011014	00e79c33	sll	x24,x15,x14	 x15:0x8004cce4 x14:0x0000001d x24=0x80000000
        7405000	       641	80011018	0e6595a3	sh	x6,235(x11)	 x11:0x80033753  x6:0x800388a3 PA:0x8003383e store:0x800388a3 load:0x00000000
        7415000	       642	8001101c	f185c983	lbu	x19,-232(x11)	 x11:0x80033753 x19=0x00000008 PA:0x8003366b load:0x00000008
        7425000	       643	80011020	00029297	auipc	x5,0x29	  x5=0x8003a020
        7435000	       644	80011024	e8628293	addi	x5,x5,-378	  x5:0x8003a020  x5=0x80039ea6
        7445000	       645	80011028	fd2288a3	sb	x18,-47(x5)	  x5:0x80039ea6 x18:0x0000ff67 PA:0x80039e77 store:0x0000ff67 load:0x00000000
        7455000	       646	8001102c	798ee493	ori	x9,x29,1944	 x29:0x0000ade0  x9=0x0000aff8
        7465000	       647	80011030	fd929f23	sh	x25,-34(x5)	  x5:0x80039ea6 x25:0x00000000 PA:0x80039e84 store:0x00000000 load:0x00000000
        7475000	       648	80011034	0001	c.addi	x0,0	  x0:0x00000000  x0=0x00000000
        7485000	       649	80011036	fee28003	lb	x0,-18(x5)	  x5:0x80039ea6  x0=0x00000000 PA:0x80039e94 load:0x00000040
        7495000	       650	8001103a	7aa33db7	lui	x27,0x7aa33	 x27=0x7aa33000
        7505000	       651	8001103e	0de6	c.slli	x27,0x19	 x27:0x7aa33000 x27=0x00000000
        7515000	       652	80011040	0282d983	lhu	x19,40(x5)	  x5:0x80039ea6 x19=0x0000a9f3 PA:0x80039ece load:0x0000a9f3
        7525000	       653	80011044	419cd593	srai	x11,x25,0x19	 x25:0x00000000 x11=0x00000000
        7535000	       654	80011048	ff32c183	lbu	x3,-13(x5)	  x5:0x80039ea6  x3=0x00000017 PA:0x80039e99 load:0x00000017
        7545000	       655	8001104c	4cc5	c.li	x25,17	 x25=0x00000011
        7555000	       656	8001104e	fce29603	lh	x12,-50(x5)	  x5:0x80039ea6 x12=0x00007b8b PA:0x80039e74 load:0x00007b8b
        7565000	       657	80011052	0001	c.addi	x0,0	  x0:0x00000000  x0=0x00000000
        7575000	       658	80011054	fdf28b03	lb	x22,-33(x5)	  x5:0x80039ea6 x22=0x00000000 PA:0x80039e85 load:0x00000000
        7585000	       659	80011058	04029023	sh	x0,64(x5)	  x5:0x80039ea6  x0:0x00000000 PA:0x80039ee6 store:0x00000000 load:0x00000000
        7595000	       660	8001105c	860a	c.mv	x12,x2	  x0:0x00000000  x2:0x80048e30 x12=0x80048e30
        7605000	       661	8001105e	6c3c4e93	xori	x29,x24,1731	 x24:0x80000000 x29=0x800006c3
        7615000	       662	80011062	43a1	c.li	x7,8	  x7=0x00000008
        7625000	       663	80011064	04029583	lh	x11,64(x5)	  x5:0x80039ea6 x11=0x00000000 PA:0x80039ee6 load:0x00000000
        7635000	       664	80011068	2f14d497	auipc	x9,0x2f14d	  x9=0xaf15e068
        7645000	       665	8001106c	01128083	lb	x1,17(x5)	  x5:0x80039ea6  x1=0x0000006b PA:0x80039eb7 load:0x0000006b
        7655000	       666	80011070	1cfd	c.addi	x25,-1	 x25:0x00000011 x25=0x00000010
        7665000	       667	80011072	ff128523	sb	x17,-22(x5)	  x5:0x80039ea6 x17:0x0000ff5e PA:0x80039e90 store:0x0000ff5e load:0x00000000
        7675000	       668	80011076	ff6288a3	sb	x22,-15(x5)	  x5:0x80039ea6 x22:0x00000000 PA:0x80039e97 store:0x00000000 load:0x00000000
        7685000	       669	8001107a	ff12cf83	lbu	x31,-15(x5)	  x5:0x80039ea6 x31=0x00000000 PA:0x80039e97 load:0x00000000
        7695000	       670	8001107e	fd02d403	lhu	x8,-48(x5)	  x5:0x80039ea6  x8=0x0000674c PA:0x80039e76 load:0x0000674c
        7705000	       671	80011082	31b0e613	ori	x12,x1,795	  x1:0x0000006b x12=0x0000037b
        7715000	       672	80011086	01e28c23	sb	x30,24(x5)	  x5:0x80039ea6 x30:0x00000030 PA:0x80039ebe store:0x00000030 load:0x00000000
        7725000	       673	8001108a	00022d17	auipc	x26,0x22	 x26=0x8003308a
        7735000	       674	8001108e	fbed0d13	addi	x26,x26,-66	 x26:0x8003308a x26=0x80033048
        7745000	       675	80011092	180f5e37	lui	x28,0x180f5	 x28=0x180f5000
        7755000	       676	80011096	9d72	c.add	x26,x28	 x26:0x80033048 x28:0x180f5000 x26=0x98128048
        7765000	       677	80011098	c61d0223	sb	x1,-924(x26)	 x26:0x98128048  x1:0x0000006b PA:0x98127cac store:0x0000006b load:0x00000000
        7775000	       678	8001109c	522d00a3	sb	x2,1313(x26)	 x26:0x98128048  x2:0x80048e30 PA:0x98128569 store:0x80048e30 load:0x00000000
        7785000	       679	800110a0	ea3d1323	sh	x3,-346(x26)	 x26:0x98128048  x3:0x00000017 PA:0x98127eee store:0x00000017 load:0x00000000
        7795000	       680	800110a4	5e4d1923	sh	x4,1522(x26)	 x26:0x98128048  x4:0xffff8094 PA:0x9812863a store:0xffff8094 load:0x00000000
        7805000	       681	800110a8	f65d0ba3	sb	x5,-137(x26)	 x26:0x98128048  x5:0x80039ea6 PA:0x98127fbf store:0x80039ea6 load:0x00000000
        7815000	       682	800110ac	e67d03a3	sb	x7,-409(x26)	 x26:0x98128048  x7:0x00000008 PA:0x98127eaf store:0x00000008 load:0x00000000
        7825000	       683	800110b0	8a0d00a3	sb	x0,-1887(x26)	 x26:0x98128048  x0:0x00000000 PA:0x981278e9 store:0x00000000 load:0x00000000
        7845000	       685	800110b4	036c6233	rem	x4,x24,x22	 x24:0x80000000 x22:0x00000000  x4=0x80000000
        7855000	       686	800110b8	c64d4e03	lbu	x28,-924(x26)	 x26:0x98128048 x28=0x0000006b PA:0x98127cac load:0x0000006b
        7865000	       687	800110bc	521d4c03	lbu	x24,1313(x26)	 x26:0x98128048 x24=0x00000030 PA:0x98128569 load:0x00000030
        7875000	       688	800110c0	ea6d5b83	lhu	x23,-346(x26)	 x26:0x98128048 x23=0x00000017 PA:0x98127eee load:0x00000017
        7885000	       689	800110c4	00c124b3	slt	x9,x2,x12	  x2:0x80048e30 x12:0x0000037b  x9=0x00000001
        8255000	       726	800110c8	02ee6fb3	rem	x31,x28,x14	 x28:0x0000006b x14:0x0000001d x31=0x00000014
        8265000	       727	800110cc	86ed	c.srai	x13,0x1b	 x13:0x800336ed x13=0xfffffff0
        8275000	       728	800110ce	5f2d1f83	lh	x31,1522(x26)	 x26:0x98128048 x31=0xffff8094 PA:0x9812863a load:0xffff8094
        8285000	       729	800110d2	8761	c.srai	x14,0x18	 x14:0x0000001d x14=0x00000000
        8295000	       730	800110d4	440c2213	slti	x4,x24,1088	 x24:0x00000030  x4=0x00000001
        8305000	       731	800110d8	95b6	c.add	x11,x13	 x11:0x00000000 x13:0xfffffff0 x11=0xfffffff0
        8315000	       732	800110da	f77d0903	lb	x18,-137(x26)	 x26:0x98128048 x18=0xffffffa6 PA:0x98127fbf load:0xffffffa6
        8325000	       733	800110de	76cd1223	sh	x12,1892(x26)	 x26:0x98128048 x12:0x0000037b PA:0x981287ac store:0x0000037b load:0x00000000
        8335000	       734	800110e2	e67d0303	lb	x6,-409(x26)	 x26:0x98128048  x6=0x00000008 PA:0x98127eaf load:0x00000008
        8345000	       735	800110e6	00023597	auipc	x11,0x23	 x11=0x800340e6
        8355000	       736	800110ea	c3958593	addi	x11,x11,-967	 x11:0x800340e6 x11=0x80033d1f
        8365000	       737	800110ee	0002a317	auipc	x6,0x2a	  x6=0x8003b0ee
        8375000	       738	800110f2	6f430313	addi	x6,x6,1780	  x6:0x8003b0ee  x6=0x8003b7e2
        8385000	       739	800110f6	fff5de83	lhu	x29,-1(x11)	 x11:0x80033d1f x29=0x00003489 PA:0x80033d1e load:0x00003489
        8395000	       740	800110fa	ff35c883	lbu	x17,-13(x11)	 x11:0x80033d1f x17=0x00000027 PA:0x80033d12 load:0x00000027
        8405000	       741	800110fe	52634883	lbu	x17,1318(x6)	  x6:0x8003b7e2 x17=0x000000af PA:0x8003bd08 load:0x000000af
        8415000	       742	80011102	00e58223	sb	x14,4(x11)	 x11:0x80033d1f x14:0x00000000 PA:0x80033d23 store:0x00000000 load:0x00000000
        8425000	       743	80011106	e5430923	sb	x20,-430(x6)	  x6:0x8003b7e2 x20:0x00000000 PA:0x8003b634 store:0x00000000 load:0x00000000
        8435000	       744	8001110a	69530ea3	sb	x21,1693(x6)	  x6:0x8003b7e2 x21:0x00000009 PA:0x8003be7f store:0x00000009 load:0x00000000
        8445000	       745	8001110e	015593a3	sh	x21,7(x11)	 x11:0x80033d1f x21:0x00000009 PA:0x80033d26 store:0x00000009 load:0x00000000
        8455000	       746	80011112	f5730f03	lb	x30,-169(x6)	  x6:0x8003b7e2 x30=0xfffffff9 PA:0x8003b739 load:0xfffffff9
        8465000	       747	80011116	00258383	lb	x7,2(x11)	 x11:0x80033d1f  x7=0x0000005a PA:0x80033d21 load:0x0000005a
        8475000	       748	8001111a	ffd59383	lh	x7,-3(x11)	 x11:0x80033d1f  x7=0xfffff3b2 PA:0x80033d1c load:0xfffff3b2
        8485000	       749	8001111e	c6531d23	sh	x5,-902(x6)	  x6:0x8003b7e2  x5:0x80039ea6 PA:0x8003b45c store:0x80039ea6 load:0x00000000
        8495000	       750	80011122	3fa30ea3	sb	x26,1021(x6)	  x6:0x8003b7e2 x26:0x98128048 PA:0x8003bbdf store:0x98128048 load:0x00000000
        8505000	       751	80011126	0005c803	lbu	x16,0(x11)	 x11:0x80033d1f x16=0x00000034 PA:0x80033d1f load:0x00000034
        8515000	       752	8001112a	0065ca03	lbu	x20,6(x11)	 x11:0x80033d1f x20=0x000000b1 PA:0x80033d25 load:0x000000b1
        8525000	       753	8001112e	382302a3	sb	x2,901(x6)	  x6:0x8003b7e2  x2:0x80048e30 PA:0x8003bb67 store:0x80048e30 load:0x00000000
        8535000	       754	80011132	001594a3	sh	x1,9(x11)	 x11:0x80033d1f  x1:0x0000006b PA:0x80033d28 store:0x0000006b load:0x00000000
        8545000	       755	80011136	09e35503	lhu	x10,158(x6)	  x6:0x8003b7e2 x10=0x00008ccc PA:0x8003b880 load:0x00008ccc
        8555000	       756	8001113a	00023f97	auipc	x31,0x23	 x31=0x8003413a
        8565000	       757	8001113e	aedf8f93	addi	x31,x31,-1299	 x31:0x8003413a x31=0x80033c27
        8575000	       758	80011142	00afce83	lbu	x29,10(x31)	 x31:0x80033c27 x29=0x00000003 PA:0x80033c31 load:0x00000003
        8585000	       759	80011146	00af8083	lb	x1,10(x31)	 x31:0x80033c27  x1=0x00000003 PA:0x80033c31 load:0x00000003
        8595000	       760	8001114a	00afce03	lbu	x28,10(x31)	 x31:0x80033c27 x28=0x00000003 PA:0x80033c31 load:0x00000003
        8605000	       761	8001114e	00afc603	lbu	x12,10(x31)	 x31:0x80033c27 x12=0x00000003 PA:0x80033c31 load:0x00000003
        8615000	       762	80011152	0b26	c.slli	x22,0x9	 x22:0x00000000 x22=0x00000000
        8625000	       763	80011154	00afca03	lbu	x20,10(x31)	 x31:0x80033c27 x20=0x00000003 PA:0x80033c31 load:0x00000003
        8635000	       764	80011158	00afc683	lbu	x13,10(x31)	 x31:0x80033c27 x13=0x00000003 PA:0x80033c31 load:0x00000003
        8645000	       765	8001115c	00af8483	lb	x9,10(x31)	 x31:0x80033c27  x9=0x00000003 PA:0x80033c31 load:0x00000003
        8655000	       766	80011160	00ac0db3	add	x27,x24,x10	 x24:0x00000030 x10:0x00008ccc x27=0x00008cfc
        8665000	       767	80011164	8ebd	c.xor	x13,x15	 x13:0x00000003 x15:0x8004cce4 x13=0x8004cce7
        8675000	       768	80011166	00af8c83	lb	x25,10(x31)	 x31:0x80033c27 x25=0x00000003 PA:0x80033c31 load:0x00000003
        8685000	       769	8001116a	00afcd03	lbu	x26,10(x31)	 x31:0x80033c27 x26=0x00000003 PA:0x80033c31 load:0x00000003
        8695000	       770	8001116e	ffef8c83	lb	x25,-2(x31)	 x31:0x80033c27 x25=0x0000003d PA:0x80033c25 load:0x0000003d
        8715000	       772	80011172	0cce	c.slli	x25,0x13	 x25:0x0000003d x25=0x01e80000
        8725000	       773	80011174	ffefc983	lbu	x19,-2(x31)	 x31:0x80033c27 x19=0x0000003d PA:0x80033c25 load:0x0000003d
        8735000	       774	80011178	ffefc303	lbu	x6,-2(x31)	 x31:0x80033c27  x6=0x0000003d PA:0x80033c25 load:0x0000003d
        8745000	       775	8001117c	feaf8f23	sb	x10,-2(x31)	 x31:0x80033c27 x10:0x00008ccc PA:0x80033c25 store:0x00008ccc load:0x00000000
        8755000	       776	80011180	ffefc003	lbu	x0,-2(x31)	 x31:0x80033c27  x0=0x00000000 PA:0x80033c25 load:0x000000cc
        8765000	       777	80011184	77e1f8b7	lui	x17,0x77e1f	 x17=0x77e1f000
        8775000	       778	80011188	44417397	auipc	x7,0x44417	  x7=0xc4428188
        8785000	       779	8001118c	1cc78937	lui	x18,0x1cc78	 x18=0x1cc78000
        8795000	       780	80011190	0ff0000f	fence	iorw,iorw	
        8805000	       781	80011194	9d6a	c.add	x26,x26	 x26:0x00000003 x26:0x00000003 x26=0x00000006
        8815000	       782	80011196	b40f0c13	addi	x24,x30,-1216	 x30:0xfffffff9 x24=0xfffffb39
        8825000	       783	8001119a	897d	c.andi	x10,31	 x10:0x00008ccc x10=0x0000000c
        8835000	       784	8001119c	01ac7d63	bgeu	x24,x26,800111b6	 x24:0xfffffb39 x26:0x00000006
        8865000	       787	800111b6	0253c263	blt	x7,x5,800111da	  x7:0xc4428188  x5:0x80039ea6
        8875000	       788	800111ba	80cd	c.srli	x9,0x13	  x9:0x00000003  x9=0x00000000
        8885000	       789	800111bc	e295	c.bnez	x13,800111e0	 x13:0x8004cce7
        8905000	       791	800111e0	01a3c1b3	xor	x3,x7,x26	  x7:0xc4428188 x26:0x00000006  x3=0xc442818e
        8915000	       792	800111e4	00209663	bne	x1,x2,800111f0	  x1:0x00000003  x2:0x80048e30
        8935000	       794	800111f0	00fe29b3	slt	x19,x28,x15	 x28:0x00000003 x15:0x8004cce4 x19=0x00000000
        8945000	       795	800111f4	9684e213	ori	x4,x9,-1688	  x9:0x00000000  x4=0xfffff968
        8955000	       796	800111f8	137d	c.addi	x6,-1	  x6:0x0000003d  x6=0x0000003c
        8965000	       797	800111fa	419500b3	sub	x1,x10,x25	 x10:0x0000000c x25:0x01e80000  x1=0xfe18000c
        9335000	       834	800111fe	0269d2b3	divu	x5,x19,x6	 x19:0x00000000  x6:0x0000003c  x5=0x00000000
        9345000	       835	80011202	0047ac33	slt	x24,x15,x4	 x15:0x8004cce4  x4:0xfffff968 x24=0x00000001
        9355000	       836	80011206	000c61b3	or	x3,x24,x0	 x24:0x00000001  x0:0x00000000  x3=0x00000001
        9365000	       837	8001120a	8ea1	c.xor	x13,x8	 x13:0x8004cce7  x8:0x0000674c x13=0x8004abab
        9375000	       838	8001120c	f48d4737	lui	x14,0xf48d4	 x14=0xf48d4000
        9385000	       839	80011210	020e5363	bge	x28,x0,80011236	 x28:0x00000003  x0:0x00000000
        9435000	       844	80011236	03bf05b3	mul	x11,x30,x27	 x30:0xfffffff9 x27:0x00008cfc x11=0xfffc251c
        9445000	       845	8001123a	e185	c.bnez	x11,8001125a	 x11:0xfffc251c
        9475000	       848	8001125a	0000100f	fence.i	
        9495000	       850	8001125e	4212	c.lwsp	x4,4(x2)	  x2:0x80048e30  x4=0x80002d1e PA:0x80048e34 load:0x80002d1e
        9535000	       854	80011260	028028b3	mulhsu	x17,x0,x8	  x0:0x00000000  x8:0x0000674c x17=0x00000000
        9545000	       855	80011264	506efe93	andi	x29,x29,1286	 x29:0x00000003 x29=0x00000002
        9585000	       859	80011268	021bb333	mulhu	x6,x23,x1	 x23:0x00000017  x1:0xfe18000c  x6=0x00000016
        9595000	       860	8001126c	05f6	c.slli	x11,0x1d	 x11:0xfffc251c x11=0x80000000
        9605000	       861	8001126e	03410113	addi	x2,x2,52	  x2:0x80048e30  x2=0x80048e64
        9645000	       865	80011272	026919b3	mulh	x19,x18,x6	 x18:0x1cc78000  x6:0x00000016 x19=0x00000002
        9655000	       866	80011276	00b535b3	sltu	x11,x10,x11	 x10:0x0000000c x11:0x80000000 x11=0x00000001
        9665000	       867	8001127a	88c9	c.andi	x9,18	  x9:0x00000000  x9=0x00000000
        9675000	       868	8001127c	9b3a	c.add	x22,x14	 x22:0x00000000 x14:0xf48d4000 x22=0xf48d4000
        9685000	       869	8001127e	41c90633	sub	x12,x18,x28	 x18:0x1cc78000 x28:0x00000003 x12=0x1cc77ffd
        9695000	       870	80011282	00020b13	addi	x22,x4,0	  x4:0x80002d1e x22=0x80002d1e
        9705000	       871	80011286	000b0b67	jalr	x22,0(x22)	 x22:0x80002d1e x22=0x8001128a
        9735000	       874	80002d1e	0000ed17	auipc	x26,0xe	 x26=0x80010d1e
        9745000	       875	80002d22	56cd0d13	addi	x26,x26,1388	 x26:0x80010d1e x26=0x8001128a
        9755000	       876	80002d26	8ef9	c.and	x13,x14	 x13:0x8004abab x14:0xf48d4000 x13=0x80040000
        9765000	       877	80002d28	01418633	add	x12,x3,x20	  x3:0x00000001 x20:0x00000003 x12=0x00000004
        9775000	       878	80002d2c	7ff12693	slti	x13,x2,2047	  x2:0x80048e64 x13=0x00000001
        9785000	       879	80002d30	52fd	c.li	x5,-1	  x5=0xffffffff
        9795000	       880	80002d32	8f11	c.sub	x14,x12	 x14:0xf48d4000 x12:0x00000004 x14=0xf48d3ffc
        9805000	       881	80002d34	306d0d13	addi	x26,x26,774	 x26:0x8001128a x26=0x80011590
        9815000	       882	80002d38	4aebe593	ori	x11,x23,1198	 x23:0x00000017 x11=0x000004bf
        9825000	       883	80002d3c	cfbd0267	jalr	x4,-773(x26)	 x26:0x80011590  x4=0x80002d40
        9855000	       886	8001128a	409a5393	srai	x7,x20,0x9	 x20:0x00000003  x7=0x00000000
        9865000	       887	8001128e	0078d833	srl	x16,x17,x7	 x17:0x00000000  x7:0x00000000 x16=0x00000000
        9875000	       888	80011292	1131	c.addi	x2,-20	  x2:0x80048e64  x2=0x80048e50
        9885000	       889	80011294	6391	c.lui	x7,0x4	  x7=0x00004000
        9895000	       890	80011296	c212	c.swsp	x4,4(x2)	  x2:0x80048e50  x4:0x80002d40 PA:0x80048e54 store:0x80002d40 load:0x00000000
        9905000	       891	80011298	ea6be913	ori	x18,x23,-346	 x23:0x00000017 x18=0xfffffeb7
        9915000	       892	8001129c	01ba6b33	or	x22,x20,x27	 x20:0x00000003 x27:0x00008cfc x22=0x00008cff
       10285000	       929	800112a0	0360da33	divu	x20,x1,x22	  x1:0xfe18000c x22:0x00008cff x20=0x0001cd58
       10295000	       930	800112a4	8d01	c.sub	x10,x8	 x10:0x0000000c  x8:0x0000674c x10=0xffff98c0
       10305000	       931	800112a6	00031417	auipc	x8,0x31	  x8=0x800422a6
       10315000	       932	800112aa	bdb40413	addi	x8,x8,-1061	  x8:0x800422a6  x8=0x80041e81
       10325000	       933	800112ae	809d	c.srli	x9,0x7	  x9:0x00000000  x9=0x00000000
       10335000	       934	800112b0	cf3d2017	auipc	x0,0xcf3d2	  x0=0x00000000
       10345000	       935	800112b4	ffb45083	lhu	x1,-5(x8)	  x8:0x80041e81  x1=0x0000a6dd PA:0x80041e7c load:0x0000a6dd
       10355000	       936	800112b8	dbb76f93	ori	x31,x14,-581	 x14:0xf48d3ffc x31=0xffffffff
       10365000	       937	800112bc	ff040e03	lb	x28,-16(x8)	  x8:0x80041e81 x28=0xffffff9f PA:0x80041e71 load:0xffffff9f
       10375000	       938	800112c0	00e44b83	lbu	x23,14(x8)	  x8:0x80041e81 x23=0x00000006 PA:0x80041e8f load:0x00000006
       10415000	       942	800112c4	03171033	mulh	x0,x14,x17	 x14:0xf48d3ffc x17:0x00000000  x0=0x00000000
       10425000	       943	800112c8	00635693	srli	x13,x6,0x6	  x6:0x00000016 x13=0x00000000
       10445000	       945	800112cc	029c6a33	rem	x20,x24,x9	 x24:0x00000001  x9:0x00000000 x20=0x00000001
       10455000	       946	800112d0	0ff0000f	fence	iorw,iorw	
       10465000	       947	800112d4	00d44683	lbu	x13,13(x8)	  x8:0x80041e81 x13=0x00000062 PA:0x80041e8e load:0x00000062
       10475000	       948	800112d8	ff341b03	lh	x22,-13(x8)	  x8:0x80041e81 x22=0x0000460e PA:0x80041e74 load:0x0000460e
       10485000	       949	800112dc	00744b83	lbu	x23,7(x8)	  x8:0x80041e81 x23=0x00000069 PA:0x80041e88 load:0x00000069
       10525000	       953	800112e0	03462233	mulhsu	x4,x12,x20	 x12:0x00000004 x20:0x00000001  x4=0x00000000
       10535000	       954	800112e4	00c5e9b3	or	x19,x11,x12	 x11:0x000004bf x12:0x00000004 x19=0x000004bf
       10545000	       955	800112e8	00640703	lb	x14,6(x8)	  x8:0x80041e81 x14=0xffffffb3 PA:0x80041e87 load:0xffffffb3
       10555000	       956	800112ec	011401a3	sb	x17,3(x8)	  x8:0x80041e81 x17:0x00000000 PA:0x80041e84 store:0x00000000 load:0x00000000
       10565000	       957	800112f0	9b32	c.add	x22,x12	 x22:0x0000460e x12:0x00000004 x22=0x00004612
       10575000	       958	800112f2	fee408a3	sb	x14,-15(x8)	  x8:0x80041e81 x14:0xffffffb3 PA:0x80041e72 store:0xffffffb3 load:0x00000000
       10585000	       959	800112f6	90496893	ori	x17,x18,-1788	 x18:0xfffffeb7 x17=0xffffffb7
       10595000	       960	800112fa	0068b0b3	sltu	x1,x17,x6	 x17:0xffffffb7  x6:0x00000016  x1=0x00000000
       10605000	       961	800112fe	00140003	lb	x0,1(x8)	  x8:0x80041e81  x0=0x00000000 PA:0x80041e82 load:0xfffffff6
       10615000	       962	80011302	34b13613	sltiu	x12,x2,843	  x2:0x80048e50 x12=0x00000000
       10625000	       963	80011306	308f9237	lui	x4,0x308f9	  x4=0x308f9000
       10635000	       964	8001130a	00499e13	slli	x28,x19,0x4	 x19:0x000004bf x28=0x00004bf0
       10645000	       965	8001130e	0188e233	or	x4,x17,x24	 x17:0xffffffb7 x24:0x00000001  x4=0xffffffb7
       10655000	       966	80011312	00a236b3	sltu	x13,x4,x10	  x4:0xffffffb7 x10:0xffff98c0 x13=0x00000000
       11025000	      1003	80011316	036b46b3	div	x13,x22,x22	 x22:0x00004612 x22:0x00004612 x13=0x00000001
       11035000	      1004	8001131a	8289	c.srli	x13,0x2	 x13:0x00000001 x13=0x00000000
       11045000	      1005	8001131c	01e402a3	sb	x30,5(x8)	  x8:0x80041e81 x30:0xfffffff9 PA:0x80041e86 store:0xfffffff9 load:0x00000000
       11055000	      1006	80011320	007415a3	sh	x7,11(x8)	  x8:0x80041e81  x7:0x00004000 PA:0x80041e8c store:0x00004000 load:0x00000000
       11065000	      1007	80011324	8c38de97	auipc	x29,0x8c38d	 x29=0x0c39e324
       11075000	      1008	80011328	00640123	sb	x6,2(x8)	  x8:0x80041e81  x6:0x00000016 PA:0x80041e83 store:0x00000016 load:0x00000000
       11085000	      1009	8001132c	4b99	c.li	x23,6	 x23=0x00000006
       11095000	      1010	8001132e	0096b733	sltu	x14,x13,x9	 x13:0x00000000  x9:0x00000000 x14=0x00000000
       11115000	      1012	80011332	0203ca33	div	x20,x7,x0	  x7:0x00004000  x0:0x00000000 x20=0xffffffff
       11125000	      1013	80011336	00741f03	lh	x30,7(x8)	  x8:0x80041e81 x30=0x00000a69 PA:0x80041e88 load:0x00000a69
       11495000	      1050	8001133a	03b07033	remu	x0,x0,x27	  x0:0x00000000 x27:0x00008cfc  x0=0x00000000
       11505000	      1051	8001133e	ff740823	sb	x23,-16(x8)	  x8:0x80041e81 x23:0x00000006 PA:0x80041e71 store:0x00000006 load:0x00000000
       11515000	      1052	80011342	00022897	auipc	x17,0x22	 x17=0x80033342
       11525000	      1053	80011346	05388893	addi	x17,x17,83	 x17:0x80033342 x17=0x80033395
       11535000	      1054	8001134a	ad7ab693	sltiu	x13,x21,-1321	 x21:0x00000009 x13=0x00000001
       11545000	      1055	8001134e	fdc88303	lb	x6,-36(x17)	 x17:0x80033395  x6=0x00000057 PA:0x80033371 load:0x00000057
       11555000	      1056	80011352	000d1093	slli	x1,x26,0x0	 x26:0x80011590  x1=0x80011590
       11565000	      1057	80011356	02e892a3	sh	x14,37(x17)	 x17:0x80033395 x14:0x00000000 PA:0x800333ba store:0x00000000 load:0x00000000
       11575000	      1058	8001135a	02589603	lh	x12,37(x17)	 x17:0x80033395 x12=0x00000000 PA:0x800333ba load:0x00000000
       11585000	      1059	8001135e	023888a3	sb	x3,49(x17)	 x17:0x80033395  x3:0x00000001 PA:0x800333c6 store:0x00000001 load:0x00000000
       11595000	      1060	80011362	0178aa03	lw	x20,23(x17)	 x17:0x80033395 x20=0x421be39d PA:0x800333ac load:0x421be39d
       11605000	      1061	80011366	fe588703	lb	x14,-27(x17)	 x17:0x80033395 x14=0xffffffd5 PA:0x8003337a load:0xffffffd5
       11615000	      1062	8001136a	ff288c23	sb	x18,-8(x17)	 x17:0x80033395 x18:0xfffffeb7 PA:0x8003338d store:0xfffffeb7 load:0x00000000
       11625000	      1063	8001136e	ff688983	lb	x19,-10(x17)	 x17:0x80033395 x19=0xffffff80 PA:0x8003338b load:0xffffff80
       11635000	      1064	80011372	ff68cf83	lbu	x31,-10(x17)	 x17:0x80033395 x31=0x00000080 PA:0x8003338b load:0x00000080
       11645000	      1065	80011376	fe88cd83	lbu	x27,-24(x17)	 x17:0x80033395 x27=0x000000b7 PA:0x8003337d load:0x000000b7
       11655000	      1066	8001137a	01c37533	and	x10,x6,x28	  x6:0x00000057 x28:0x00004bf0 x10=0x00000050
       11665000	      1067	8001137e	00488c83	lb	x25,4(x17)	 x17:0x80033395 x25=0xffffffcb PA:0x80033399 load:0xffffffcb
       11675000	      1068	80011382	fff89f83	lh	x31,-1(x17)	 x17:0x80033395 x31=0xffffc926 PA:0x80033394 load:0xffffc926
       11685000	      1069	80011386	fd688723	sb	x22,-50(x17)	 x17:0x80033395 x22:0x00004612 PA:0x80033363 store:0x00004612 load:0x00000000
       11695000	      1070	8001138a	fd8892a3	sh	x24,-59(x17)	 x17:0x80033395 x24:0x00000001 PA:0x8003335a store:0x00000001 load:0x00000000
       11705000	      1071	8001138e	ff288303	lb	x6,-14(x17)	 x17:0x80033395  x6=0xfffffffe PA:0x80033387 load:0xfffffffe
       11715000	      1072	80011392	fc88c803	lbu	x16,-56(x17)	 x17:0x80033395 x16=0x00000023 PA:0x8003335d load:0x00000023
       11725000	      1073	80011396	01b88a23	sb	x27,20(x17)	 x17:0x80033395 x27:0x000000b7 PA:0x800333a9 store:0x000000b7 load:0x00000000
       11735000	      1074	8001139a	0002e617	auipc	x12,0x2e	 x12=0x8003f39a
       11745000	      1075	8001139e	30f60613	addi	x12,x12,783	 x12:0x8003f39a x12=0x8003f6a9
       11755000	      1076	800113a2	01bb24b3	slt	x9,x22,x27	 x22:0x00004612 x27:0x000000b7  x9=0x00000000
       11765000	      1077	800113a6	72f60d03	lb	x26,1839(x12)	 x12:0x8003f6a9 x26=0x0000003e PA:0x8003fdd8 load:0x0000003e
       11775000	      1078	800113aa	00b2cb33	xor	x22,x5,x11	  x5:0xffffffff x11:0x000004bf x22=0xfffffb40
       11785000	      1079	800113ae	0001	c.addi	x0,0	  x0:0x00000000  x0=0x00000000
       11795000	      1080	800113b0	eaf66093	ori	x1,x12,-337	 x12:0x8003f6a9  x1=0xfffffeaf
       11805000	      1081	800113b4	72f60283	lb	x5,1839(x12)	 x12:0x8003f6a9  x5=0x0000003e PA:0x8003fdd8 load:0x0000003e
       11815000	      1082	800113b8	72f65b03	lhu	x22,1839(x12)	 x12:0x8003f6a9 x22=0x0000f83e PA:0x8003fdd8 load:0x0000f83e
       11825000	      1083	800113bc	e1c602a3	sb	x28,-507(x12)	 x12:0x8003f6a9 x28:0x00004bf0 PA:0x8003f4ae store:0x00004bf0 load:0x00000000
       11835000	      1084	800113c0	e0560303	lb	x6,-507(x12)	 x12:0x8003f6a9  x6=0xfffffff0 PA:0x8003f4ae load:0xfffffff0
       11845000	      1085	800113c4	e0561c03	lh	x24,-507(x12)	 x12:0x8003f6a9 x24=0x00004af0 PA:0x8003f4ae load:0x00004af0
       11855000	      1086	800113c8	e0560e03	lb	x28,-507(x12)	 x12:0x8003f6a9 x28=0xfffffff0 PA:0x8003f4ae load:0xfffffff0
       11865000	      1087	800113cc	94d60a23	sb	x13,-1708(x12)	 x12:0x8003f6a9 x13:0x00000001 PA:0x8003effd store:0x00000001 load:0x00000000
       11875000	      1088	800113d0	4d660d83	lb	x27,1238(x12)	 x12:0x8003f6a9 x27=0x0000007d PA:0x8003fb7f load:0x0000007d
       11885000	      1089	800113d4	965618a3	sh	x5,-1679(x12)	 x12:0x8003f6a9  x5:0x0000003e PA:0x8003f01a store:0x0000003e load:0x00000000
       11895000	      1090	800113d8	97165d03	lhu	x26,-1679(x12)	 x12:0x8003f6a9 x26=0x0000003e PA:0x8003f01a load:0x0000003e
       11905000	      1091	800113dc	97165f83	lhu	x31,-1679(x12)	 x12:0x8003f6a9 x31=0x0000003e PA:0x8003f01a load:0x0000003e
       11915000	      1092	800113e0	97160003	lb	x0,-1679(x12)	 x12:0x8003f6a9  x0=0x00000000 PA:0x8003f01a load:0x0000003e
       11925000	      1093	800113e4	d0064203	lbu	x4,-768(x12)	 x12:0x8003f6a9  x4=0x000000ab PA:0x8003f3a9 load:0x000000ab
       11935000	      1094	800113e8	d0060183	lb	x3,-768(x12)	 x12:0x8003f6a9  x3=0xffffffab PA:0x8003f3a9 load:0xffffffab
       11945000	      1095	800113ec	d0064883	lbu	x17,-768(x12)	 x12:0x8003f6a9 x17=0x000000ab PA:0x8003f3a9 load:0x000000ab
       11955000	      1096	800113f0	d0064d03	lbu	x26,-768(x12)	 x12:0x8003f6a9 x26=0x000000ab PA:0x8003f3a9 load:0x000000ab
       11985000	      1099	800113f4	02be8a33	mul	x20,x29,x11	 x29:0x0c39e324 x11:0x000004bf x20=0x06bd07dc
       11995000	      1100	800113f8	d0060c03	lb	x24,-768(x12)	 x12:0x8003f6a9 x24=0xffffffab PA:0x8003f3a9 load:0xffffffab
       12005000	      1101	800113fc	00023917	auipc	x18,0x23	 x18=0x800343fc
       12015000	      1102	80011400	c4c90913	addi	x18,x18,-948	 x18:0x800343fc x18=0x80034048
       12025000	      1103	80011404	307c9e37	lui	x28,0x307c9	 x28=0x307c9000
       12035000	      1104	80011408	9972	c.add	x18,x28	 x18:0x80034048 x28:0x307c9000 x18=0xb07fd048
       12045000	      1105	8001140a	fc190ea3	sb	x1,-35(x18)	 x18:0xb07fd048  x1:0xfffffeaf PA:0xb07fd025 store:0xfffffeaf load:0x00000000
       12055000	      1106	8001140e	16490ba3	sb	x4,375(x18)	 x18:0xb07fd048  x4:0x000000ab PA:0xb07fd1bf store:0x000000ab load:0x00000000
       12065000	      1107	80011412	d4590ba3	sb	x5,-681(x18)	 x18:0xb07fd048  x5:0x0000003e PA:0xb07fcd9f store:0x0000003e load:0x00000000
       12075000	      1108	80011416	1df91a23	sh	x31,468(x18)	 x18:0xb07fd048 x31:0x0000003e PA:0xb07fd21c store:0x0000003e load:0x00000000
       12085000	      1109	8001141a	fdd94383	lbu	x7,-35(x18)	 x18:0xb07fd048  x7=0x000000af PA:0xb07fd025 load:0x000000af
       12095000	      1110	8001141e	6999	c.lui	x19,0x6	 x19=0x00006000
       12105000	      1111	80011420	01ca9eb3	sll	x29,x21,x28	 x21:0x00000009 x28:0x307c9000 x29=0x00000009
       12125000	      1113	80011424	02916533	rem	x10,x2,x9	  x2:0x80048e50  x9:0x00000000 x10=0x80048e50
       12135000	      1114	80011428	41b05f93	srai	x31,x0,0x1b	  x0:0x00000000 x31=0x00000000
       12145000	      1115	8001142c	c3091123	sh	x16,-990(x18)	 x18:0xb07fd048 x16:0x00000023 PA:0xb07fcc6a store:0x00000023 load:0x00000000
       12155000	      1116	80011430	ebf90623	sb	x31,-340(x18)	 x18:0xb07fd048 x31:0x00000000 PA:0xb07fcef4 store:0x00000000 load:0x00000000
       12165000	      1117	80011434	8e2a	c.mv	x28,x10	  x0:0x00000000 x10:0x80048e50 x28=0x80048e50
       12175000	      1118	80011436	0001	c.addi	x0,0	  x0:0x00000000  x0=0x00000000
       12185000	      1119	80011438	17794303	lbu	x6,375(x18)	 x18:0xb07fd048  x6=0x000000ab PA:0xb07fd1bf load:0x000000ab
       12195000	      1120	8001143c	03c6	c.slli	x7,0x11	  x7:0x000000af  x7=0x015e0000
       12205000	      1121	8001143e	d5790003	lb	x0,-681(x18)	 x18:0xb07fd048  x0=0x00000000 PA:0xb07fcd9f load:0x0000003e
       12215000	      1122	80011442	01aacd33	xor	x26,x21,x26	 x21:0x00000009 x26:0x000000ab x26=0x000000a2
       12225000	      1123	80011446	3a5908a3	sb	x5,945(x18)	 x18:0xb07fd048  x5:0x0000003e PA:0xb07fd3f9 store:0x0000003e load:0x00000000
       12235000	      1124	8001144a	94e90aa3	sb	x14,-1707(x18)	 x18:0xb07fd048 x14:0xffffffd5 PA:0xb07fc99d store:0xffffffd5 load:0x00000000
       12245000	      1125	8001144e	d358c993	xori	x19,x17,-715	 x17:0x000000ab x19=0xfffffd9e
       12255000	      1126	80011452	f5392a23	sw	x19,-172(x18)	 x18:0xb07fd048 x19:0xfffffd9e PA:0xb07fcf9c store:0xfffffd9e load:0x00000000
       12265000	      1127	80011456	00023297	auipc	x5,0x23	  x5=0x80034456
       12275000	      1128	8001145a	bf228293	addi	x5,x5,-1038	  x5:0x80034456  x5=0x80034048
       12285000	      1129	8001145e	43233a37	lui	x20,0x43233	 x20=0x43233000
       12295000	      1130	80011462	92d2	c.add	x5,x20	  x5:0x80034048 x20:0x43233000  x5=0xc3267048
       12305000	      1131	80011464	ce128623	sb	x1,-788(x5)	  x5:0xc3267048  x1:0xfffffeaf PA:0xc3266d34 store:0xfffffeaf load:0x00000000
       12315000	      1132	80011468	683282a3	sb	x3,1669(x5)	  x5:0xc3267048  x3:0xffffffab PA:0xc32676cd store:0xffffffab load:0x00000000
       12325000	      1133	8001146c	7a528c23	sb	x5,1976(x5)	  x5:0xc3267048  x5:0xc3267048 PA:0xc3267800 store:0xc3267048 load:0x00000000
       12335000	      1134	80011470	0000100f	fence.i	
       12355000	      1136	80011474	41ebd3b3	sra	x7,x23,x30	 x23:0x00000006 x30:0x00000a69  x7=0x00000000
       12365000	      1137	80011478	0000100f	fence.i	
       12385000	      1139	8001147c	85528ba3	sb	x21,-1961(x5)	  x5:0xc3267048 x21:0x00000009 PA:0xc326689f store:0x00000009 load:0x00000000
       12395000	      1140	80011480	011f9b33	sll	x22,x31,x17	 x31:0x00000000 x17:0x000000ab x22=0x00000000
       12405000	      1141	80011484	cec28703	lb	x14,-788(x5)	  x5:0xc3267048 x14=0xffffffaf PA:0xc3266d34 load:0xffffffaf
       12415000	      1142	80011488	1cd7e993	ori	x19,x15,461	 x15:0x8004cce4 x19=0x8004cded
       12425000	      1143	8001148c	aaa29123	sh	x10,-1374(x5)	  x5:0xc3267048 x10:0x80048e50 PA:0xc3266aea store:0x80048e50 load:0x00000000
       12435000	      1144	80011490	68528983	lb	x19,1669(x5)	  x5:0xc3267048 x19=0xffffffab PA:0xc32676cd load:0xffffffab
       12445000	      1145	80011494	01bf8833	add	x16,x31,x27	 x31:0x00000000 x27:0x0000007d x16=0x0000007d
       12455000	      1146	80011498	d3b280a3	sb	x27,-735(x5)	  x5:0xc3267048 x27:0x0000007d PA:0xc3266d69 store:0x0000007d load:0x00000000
       12465000	      1147	8001149c	7b82ce83	lbu	x29,1976(x5)	  x5:0xc3267048 x29=0x00000048 PA:0xc3267800 load:0x00000048
       12475000	      1148	800114a0	00022697	auipc	x13,0x22	 x13=0x800334a0
       12485000	      1149	800114a4	5c768693	addi	x13,x13,1479	 x13:0x800334a0 x13=0x80033a67
       12495000	      1150	800114a8	03d6a2a3	sw	x29,37(x13)	 x13:0x80033a67 x29:0x00000048 PA:0x80033a8c store:0x00000048 load:0x00000000
       12505000	      1151	800114ac	0256ab83	lw	x23,37(x13)	 x13:0x80033a67 x23=0x00000048 PA:0x80033a8c load:0x00000048
       12515000	      1152	800114b0	8f39	c.xor	x14,x14	 x14:0xffffffaf x14:0xffffffaf x14=0x00000000
       12525000	      1153	800114b2	00636b33	or	x22,x6,x6	  x6:0x000000ab  x6:0x000000ab x22=0x000000ab
       12535000	      1154	800114b6	02b692a3	sh	x11,37(x13)	 x13:0x80033a67 x11:0x000004bf PA:0x80033a8c store:0x000004bf load:0x00000000
       12545000	      1155	800114ba	02568183	lb	x3,37(x13)	 x13:0x80033a67  x3=0xffffffbf PA:0x80033a8c load:0xffffffbf
       12555000	      1156	800114be	02d6a2a3	sw	x13,37(x13)	 x13:0x80033a67 x13:0x80033a67 PA:0x80033a8c store:0x80033a67 load:0x00000000
       12565000	      1157	800114c2	02568b03	lb	x22,37(x13)	 x13:0x80033a67 x22=0x00000067 PA:0x80033a8c load:0x00000067
       12575000	      1158	800114c6	0256d803	lhu	x16,37(x13)	 x13:0x80033a67 x16=0x00003a67 PA:0x80033a8c load:0x00003a67
       12585000	      1159	800114ca	8c55	c.or	x8,x13	  x8:0x80041e81 x13:0x80033a67  x8=0x80073ee7
       12595000	      1160	800114cc	015469b3	or	x19,x8,x21	  x8:0x80073ee7 x21:0x00000009 x19=0x80073eef
       12605000	      1161	800114d0	fdf69183	lh	x3,-33(x13)	 x13:0x80033a67  x3=0xffffac25 PA:0x80033a46 load:0xffffac25
       12615000	      1162	800114d4	fdf6c303	lbu	x6,-33(x13)	 x13:0x80033a67  x6=0x00000025 PA:0x80033a46 load:0x00000025
       12625000	      1163	800114d8	f1b69e03	lh	x28,-229(x13)	 x13:0x80033a67 x28=0xfffffd06 PA:0x80033982 load:0xfffffd06
       12635000	      1164	800114dc	8d25	c.xor	x10,x9	 x10:0x80048e50  x9:0x00000000 x10=0x80048e50
       12645000	      1165	800114de	f0d68da3	sb	x13,-229(x13)	 x13:0x80033a67 x13:0x80033a67 PA:0x80033982 store:0x80033a67 load:0x00000000
       12655000	      1166	800114e2	f1b69083	lh	x1,-229(x13)	 x13:0x80033a67  x1=0xfffffd67 PA:0x80033982 load:0xfffffd67
       12665000	      1167	800114e6	f1b69483	lh	x9,-229(x13)	 x13:0x80033a67  x9=0xfffffd67 PA:0x80033982 load:0xfffffd67
       12675000	      1168	800114ea	f0468da3	sb	x4,-229(x13)	 x13:0x80033a67  x4:0x000000ab PA:0x80033982 store:0x000000ab load:0x00000000
       12685000	      1169	800114ee	f0569da3	sh	x5,-229(x13)	 x13:0x80033a67  x5:0xc3267048 PA:0x80033982 store:0xc3267048 load:0x00000000
       12695000	      1170	800114f2	00022197	auipc	x3,0x22	  x3=0x800334f2
       12705000	      1171	800114f6	0ee18193	addi	x3,x3,238	  x3:0x800334f2  x3=0x800335e0
       12715000	      1172	800114fa	fc21d283	lhu	x5,-62(x3)	  x3:0x800335e0  x5=0x00007db6 PA:0x800335a2 load:0x00007db6
       12725000	      1173	800114fe	0231c903	lbu	x18,35(x3)	  x3:0x800335e0 x18=0x000000b6 PA:0x80033603 load:0x000000b6
       12735000	      1174	80011502	16fd	c.addi	x13,-1	 x13:0x80033a67 x13=0x80033a66
       12745000	      1175	80011504	c7a77593	andi	x11,x14,-902	 x14:0x00000000 x11=0x00000000
       12755000	      1176	80011508	00d18383	lb	x7,13(x3)	  x3:0x800335e0  x7=0xffffffa7 PA:0x800335ed load:0xffffffa7
       12765000	      1177	8001150c	ff81cc83	lbu	x25,-8(x3)	  x3:0x800335e0 x25=0x0000007b PA:0x800335d8 load:0x0000007b
       12775000	      1178	80011510	01118f23	sb	x17,30(x3)	  x3:0x800335e0 x17:0x000000ab PA:0x800335fe store:0x000000ab load:0x00000000
       12785000	      1179	80011514	024186a3	sb	x4,45(x3)	  x3:0x800335e0  x4:0x000000ab PA:0x8003360d store:0x000000ab load:0x00000000
       12795000	      1180	80011518	0001	c.addi	x0,0	  x0:0x00000000  x0=0x00000000
       12805000	      1181	8001151a	064e	c.slli	x12,0x13	 x12:0x8003f6a9 x12=0xb5480000
       12815000	      1182	8001151c	01257eb3	and	x29,x10,x18	 x10:0x80048e50 x18:0x000000b6 x29=0x00000010
       12825000	      1183	80011520	fc619483	lh	x9,-58(x3)	  x3:0x800335e0  x9=0xfffffad5 PA:0x800335a6 load:0xfffffad5
       12835000	      1184	80011524	ffb1cd03	lbu	x26,-5(x3)	  x3:0x800335e0 x26=0x0000003e PA:0x800335db load:0x0000003e
       12845000	      1185	80011528	0251c583	lbu	x11,37(x3)	  x3:0x800335e0 x11=0x000000f7 PA:0x80033605 load:0x000000f7
       12855000	      1186	8001152c	0ff0000f	fence	iorw,iorw	
       12865000	      1187	80011530	0000100f	fence.i	
       12885000	      1189	80011534	026186a3	sb	x6,45(x3)	  x3:0x800335e0  x6:0x00000025 PA:0x8003360d store:0x00000025 load:0x00000000
       12895000	      1190	80011538	007186a3	sb	x7,13(x3)	  x3:0x800335e0  x7:0xffffffa7 PA:0x800335ed store:0xffffffa7 load:0x00000000
       12905000	      1191	8001153c	ff518003	lb	x0,-11(x3)	  x3:0x800335e0  x0=0x00000000 PA:0x800335d5 load:0x00000040
       12915000	      1192	80011540	fe61d683	lhu	x13,-26(x3)	  x3:0x800335e0 x13=0x0000cd6e PA:0x800335c6 load:0x0000cd6e
       12925000	      1193	80011544	014f09b3	add	x19,x30,x20	 x30:0x00000a69 x20:0x43233000 x19=0x43233a69
       13295000	      1230	80011548	03ab45b3	div	x11,x22,x26	 x22:0x00000067 x26:0x0000003e x11=0x00000001
       13305000	      1231	8001154c	01819c83	lh	x25,24(x3)	  x3:0x800335e0 x25=0x00005e9d PA:0x800335f8 load:0x00005e9d
       13315000	      1232	80011550	0081a583	lw	x11,8(x3)	  x3:0x800335e0 x11=0xfaef3db2 PA:0x800335e8 load:0xfaef3db2
       13325000	      1233	80011554	c5764413	xori	x8,x12,-937	 x12:0xb5480000  x8=0x4ab7fc57
       13335000	      1234	80011558	01c1af03	lw	x30,28(x3)	  x3:0x800335e0 x30=0x2eabb455 PA:0x800335fc load:0x2eabb455
       13345000	      1235	8001155c	006e0cb3	add	x25,x28,x6	 x28:0xfffffd06  x6:0x00000025 x25=0xfffffd2b
       13375000	      1238	80011560	03108533	mul	x10,x1,x17	  x1:0xfffffd67 x17:0x000000ab x10=0xfffe43cd
       13385000	      1239	80011564	03f6	c.slli	x7,0x1d	  x7:0xffffffa7  x7=0xe0000000
       13395000	      1240	80011566	41885e13	srai	x28,x16,0x18	 x16:0x00003a67 x28=0x00000000
       13405000	      1241	8001156a	8e2d	c.xor	x12,x11	 x12:0xb5480000 x11:0xfaef3db2 x12=0x4fa73db2
       13415000	      1242	8001156c	00b18903	lb	x18,11(x3)	  x3:0x800335e0 x18=0xfffffffa PA:0x800335eb load:0xfffffffa
       13425000	      1243	80011570	02e19283	lh	x5,46(x3)	  x3:0x800335e0  x5=0x00006f80 PA:0x8003360e load:0x00006f80
       13435000	      1244	80011574	00649633	sll	x12,x9,x6	  x9:0xfffffad5  x6:0x00000025 x12=0xffff5aa0
       13805000	      1281	80011578	027a6433	rem	x8,x20,x7	 x20:0x43233000  x7:0xe0000000  x8=0x03233000
       13815000	      1282	8001157c	c6b07213	andi	x4,x0,-917	  x0:0x00000000  x4=0x00000000
       13825000	      1283	80011580	fdf1c703	lbu	x14,-33(x3)	  x3:0x800335e0 x14=0x00000000 PA:0x800335bf load:0x00000000
       13835000	      1284	80011584	fe218523	sb	x2,-22(x3)	  x3:0x800335e0  x2:0x80048e50 PA:0x800335ca store:0x80048e50 load:0x00000000
       13845000	      1285	80011588	fd61c903	lbu	x18,-42(x3)	  x3:0x800335e0 x18=0x000000b4 PA:0x800335b6 load:0x000000b4
       13855000	      1286	8001158c	03d182a3	sb	x29,37(x3)	  x3:0x800335e0 x29:0x00000010 PA:0x80033605 store:0x00000010 load:0x00000000
       13895000	      1290	80011590	0281b933	mulhu	x18,x3,x8	  x3:0x800335e0  x8:0x03233000 x18=0x0191a212
       13905000	      1291	80011594	03118403	lb	x8,49(x3)	  x3:0x800335e0  x8=0xffffffa2 PA:0x80033611 load:0xffffffa2
       13915000	      1292	80011598	0b164293	xori	x5,x12,177	 x12:0xffff5aa0  x5=0xffff5a11
       13925000	      1293	8001159c	0361c903	lbu	x18,54(x3)	  x3:0x800335e0 x18=0x000000b1 PA:0x80033616 load:0x000000b1
       13935000	      1294	800115a0	00511933	sll	x18,x2,x5	  x2:0x80048e50  x5:0xffff5a11 x18=0x1ca00000
       13945000	      1295	800115a4	00c6da13	srli	x20,x13,0xc	 x13:0x0000cd6e x20=0x0000000c
       13955000	      1296	800115a8	03118583	lb	x11,49(x3)	  x3:0x800335e0 x11=0xffffffa2 PA:0x80033611 load:0xffffffa2
       13965000	      1297	800115ac	ffc18a03	lb	x20,-4(x3)	  x3:0x800335e0 x20=0xffffffb8 PA:0x800335dc load:0xffffffb8
       13975000	      1298	800115b0	fde1c203	lbu	x4,-34(x3)	  x3:0x800335e0  x4=0x000000b4 PA:0x800335be load:0x000000b4
       13985000	      1299	800115b4	fc21d703	lhu	x14,-62(x3)	  x3:0x800335e0 x14=0x00007db6 PA:0x800335a2 load:0x00007db6
       13995000	      1300	800115b8	ff518e83	lb	x29,-11(x3)	  x3:0x800335e0 x29=0x00000040 PA:0x800335d5 load:0x00000040
       14005000	      1301	800115bc	00022317	auipc	x6,0x22	  x6=0x800335bc
       14015000	      1302	800115c0	a8c30313	addi	x6,x6,-1396	  x6:0x800335bc  x6=0x80033048
       14025000	      1303	800115c4	0c6eacb7	lui	x25,0xc6ea	 x25=0x0c6ea000
       14035000	      1304	800115c8	9366	c.add	x6,x25	  x6:0x80033048 x25:0x0c6ea000  x6=0x8c71d048
       14045000	      1305	800115ca	ee031023	sh	x0,-288(x6)	  x6:0x8c71d048  x0:0x00000000 PA:0x8c71cf28 store:0x00000000 load:0x00000000
       14055000	      1306	800115ce	841300a3	sb	x1,-1983(x6)	  x6:0x8c71d048  x1:0xfffffd67 PA:0x8c71c889 store:0xfffffd67 load:0x00000000
       14065000	      1307	800115d2	0a230323	sb	x2,166(x6)	  x6:0x8c71d048  x2:0x80048e50 PA:0x8c71d0ee store:0x80048e50 load:0x00000000
       14075000	      1308	800115d6	fe431523	sh	x4,-22(x6)	  x6:0x8c71d048  x4:0x000000b4 PA:0x8c71d032 store:0x000000b4 load:0x00000000
       14085000	      1309	800115da	4a631e23	sh	x6,1212(x6)	  x6:0x8c71d048  x6:0x8c71d048 PA:0x8c71d504 store:0x8c71d048 load:0x00000000
       14095000	      1310	800115de	ee031683	lh	x13,-288(x6)	  x6:0x8c71d048 x13=0x00000000 PA:0x8c71cf28 load:0x00000000
       14105000	      1311	800115e2	84130983	lb	x19,-1983(x6)	  x6:0x8c71d048 x19=0x00000067 PA:0x8c71c889 load:0x00000067
       14115000	      1312	800115e6	0107d293	srli	x5,x15,0x10	 x15:0x8004cce4  x5=0x00008004
       14125000	      1313	800115ea	04ea	c.slli	x9,0x1a	  x9:0xfffffad5  x9=0x54000000
       14135000	      1314	800115ec	01745393	srli	x7,x8,0x17	  x8:0xffffffa2  x7=0x000001ff
       14145000	      1315	800115f0	8d35	c.xor	x10,x13	 x10:0xfffe43cd x13:0x00000000 x10=0xfffe43cd
       14155000	      1316	800115f2	0a630f83	lb	x31,166(x6)	  x6:0x8c71d048 x31=0x00000050 PA:0x8c71d0ee load:0x00000050
       14165000	      1317	800115f6	d9130f23	sb	x17,-610(x6)	  x6:0x8c71d048 x17:0x000000ab PA:0x8c71cde6 store:0x000000ab load:0x00000000
       14175000	      1318	800115fa	4139e293	ori	x5,x19,1043	 x19:0x00000067  x5=0x00000477
       14195000	      1320	800115fe	0206cb33	div	x22,x13,x0	 x13:0x00000000  x0:0x00000000 x22=0xffffffff
       14205000	      1321	80011602	0186bfb3	sltu	x31,x13,x24	 x13:0x00000000 x24:0xffffffab x31=0x00000001
       14215000	      1322	80011606	fea31803	lh	x16,-22(x6)	  x6:0x8c71d048 x16=0x000000b4 PA:0x8c71d032 load:0x000000b4
       14225000	      1323	8001160a	ae732c23	sw	x7,-1288(x6)	  x6:0x8c71d048  x7:0x000001ff PA:0x8c71cb40 store:0x000001ff load:0x00000000
       14235000	      1324	8001160e	4bc31a03	lh	x20,1212(x6)	  x6:0x8c71d048 x20=0xffffd048 PA:0x8c71d504 load:0xffffd048
       14245000	      1325	80011612	41b30da3	sb	x27,1051(x6)	  x6:0x8c71d048 x27:0x0000007d PA:0x8c71d463 store:0x0000007d load:0x00000000
       14255000	      1326	80011616	0002fa17	auipc	x20,0x2f	 x20=0x80040616
       14265000	      1327	8001161a	c2ca0a13	addi	x20,x20,-980	 x20:0x80040616 x20=0x80040242
       14275000	      1328	8001161e	bc704293	xori	x5,x0,-1081	  x0:0x00000000  x5=0xfffffbc7
       14285000	      1329	80011622	f5ea0203	lb	x4,-162(x20)	 x20:0x80040242  x4=0x0000003f PA:0x800401a0 load:0x0000003f
       14295000	      1330	80011626	f3ba4603	lbu	x12,-197(x20)	 x20:0x80040242 x12=0x00000067 PA:0x8004017d load:0x00000067
       14305000	      1331	8001162a	0cfa4e83	lbu	x29,207(x20)	 x20:0x80040242 x29=0x000000cf PA:0x80040311 load:0x000000cf
       14315000	      1332	8001162e	c64635b7	lui	x11,0xc6463	 x11=0xc6463000
       14325000	      1333	80011632	fa1a0da3	sb	x1,-69(x20)	 x20:0x80040242  x1:0xfffffd67 PA:0x800401fd store:0xfffffd67 load:0x00000000
       14335000	      1334	80011636	65c9	c.lui	x11,0x12	 x11=0x00012000
       14345000	      1335	80011638	fa2a5983	lhu	x19,-94(x20)	 x20:0x80040242 x19=0x00007fdc PA:0x800401e4 load:0x00007fdc
       14355000	      1336	8001163c	8f5d	c.or	x14,x15	 x14:0x00007db6 x15:0x8004cce4 x14=0x8004fdf6
       14365000	      1337	8001163e	0646	c.slli	x12,0x11	 x12:0x00000067 x12=0x00ce0000
       14375000	      1338	80011640	0001	c.addi	x0,0	  x0:0x00000000  x0=0x00000000
       14385000	      1339	80011642	8f09	c.sub	x14,x10	 x14:0x8004fdf6 x10:0xfffe43cd x14=0x8006ba29
       14395000	      1340	80011644	f2ca0423	sb	x12,-216(x20)	 x20:0x80040242 x12:0x00ce0000 PA:0x8004016a store:0x00ce0000 load:0x00000000
       14405000	      1341	80011648	0ff0000f	fence	iorw,iorw	
       14415000	      1342	8001164c	6f0d	c.lui	x30,0x3	 x30=0x00003000
       14425000	      1343	8001164e	090a1f83	lh	x31,144(x20)	 x20:0x80040242 x31=0x0000118c PA:0x800402d2 load:0x0000118c
       14465000	      1347	80011652	039b39b3	mulhu	x19,x22,x25	 x22:0xffffffff x25:0x0c6ea000 x19=0x0c6e9fff
       14505000	      1351	80011656	035436b3	mulhu	x13,x8,x21	  x8:0xffffffa2 x21:0x00000009 x13=0x00000008
       14875000	      1388	8001165a	02b0dfb3	divu	x31,x1,x11	  x1:0xfffffd67 x11:0x00012000 x31=0x0000e38e
       14885000	      1389	8001165e	fc6a2703	lw	x14,-58(x20)	 x20:0x80040242 x14=0x477670fa PA:0x80040208 load:0x477670fa
       14895000	      1390	80011662	a8ae2213	slti	x4,x28,-1398	 x28:0x00000000  x4=0x00000000
       14905000	      1391	80011666	0001	c.addi	x0,0	  x0:0x00000000  x0=0x00000000
       14915000	      1392	80011668	0cea2003	lw	x0,206(x20)	 x20:0x80040242  x0=0x00000000 PA:0x80040310 load:0xb0b5cfb4
       14925000	      1393	8001166c	91b66093	ori	x1,x12,-1765	 x12:0x00ce0000  x1=0xfffff91b
       14935000	      1394	80011670	54903893	sltiu	x17,x0,1353	  x0:0x00000000 x17=0x00000001
       14945000	      1395	80011674	0b36	c.slli	x22,0xd	 x22:0xffffffff x22=0xffffe000
       14955000	      1396	80011676	0c1a0ea3	sb	x1,221(x20)	 x20:0x80040242  x1:0xfffff91b PA:0x8004031f store:0xfffff91b load:0x00000000
       14965000	      1397	8001167a	fa4a4d03	lbu	x26,-92(x20)	 x20:0x80040242 x26=0x000000f1 PA:0x800401e6 load:0x000000f1
       15335000	      1434	8001167e	02dbf8b3	remu	x17,x23,x13	 x23:0x00000048 x13:0x00000008 x17=0x00000000
       15345000	      1435	80011682	40395233	sra	x4,x18,x3	 x18:0x1ca00000  x3:0x800335e0  x4=0x1ca00000
       15355000	      1436	80011686	00a59393	slli	x7,x11,0xa	 x11:0x00012000  x7=0x04800000
       15365000	      1437	8001168a	8c25	c.xor	x8,x9	  x8:0xffffffa2  x9:0x54000000  x8=0xabffffa2
       15375000	      1438	8001168c	f45a0083	lb	x1,-187(x20)	 x20:0x80040242  x1=0x00000041 PA:0x80040187 load:0x00000041
       15385000	      1439	80011690	f35a4903	lbu	x18,-203(x20)	 x20:0x80040242 x18=0x0000009f PA:0x80040177 load:0x0000009f
       15395000	      1440	80011694	f4aa0ca3	sb	x10,-167(x20)	 x20:0x80040242 x10:0xfffe43cd PA:0x8004019b store:0xfffe43cd load:0x00000000
       15405000	      1441	80011698	00022e97	auipc	x29,0x22	 x29=0x80033698
       15415000	      1442	8001169c	569e8e93	addi	x29,x29,1385	 x29:0x80033698 x29=0x80033c01
       15425000	      1443	800116a0	0002cf97	auipc	x31,0x2c	 x31=0x8003d6a0
       15435000	      1444	800116a4	408f8f93	addi	x31,x31,1032	 x31:0x8003d6a0 x31=0x8003daa8
       15445000	      1445	800116a8	fefe8ea3	sb	x15,-3(x29)	 x29:0x80033c01 x15:0x8004cce4 PA:0x80033bfe store:0x8004cce4 load:0x00000000
       15455000	      1446	800116ac	fd8fa023	sw	x24,-64(x31)	 x31:0x8003daa8 x24:0xffffffab PA:0x8003da68 store:0xffffffab load:0x00000000
       15465000	      1447	800116b0	ff2e8c03	lb	x24,-14(x29)	 x29:0x80033c01 x24=0xffffffc7 PA:0x80033bf3 load:0xffffffc7
       15475000	      1448	800116b4	016f9503	lh	x10,22(x31)	 x31:0x8003daa8 x10=0x00001764 PA:0x8003dabe load:0x00001764
       15485000	      1449	800116b8	fe5f8903	lb	x18,-27(x31)	 x31:0x8003daa8 x18=0xfffffff1 PA:0x8003da8d load:0xfffffff1
       15495000	      1450	800116bc	ff2ecc03	lbu	x24,-14(x29)	 x29:0x80033c01 x24=0x000000c7 PA:0x80033bf3 load:0x000000c7
       15505000	      1451	800116c0	002e8883	lb	x17,2(x29)	 x29:0x80033c01 x17=0xffffff8f PA:0x80033c03 load:0xffffff8f
       15515000	      1452	800116c4	ffef85a3	sb	x30,-21(x31)	 x31:0x8003daa8 x30:0x00003000 PA:0x8003da93 store:0x00003000 load:0x00000000
       15525000	      1453	800116c8	fdbf8d83	lb	x27,-37(x31)	 x31:0x8003daa8 x27=0x00000011 PA:0x8003da83 load:0x00000011
       15535000	      1454	800116cc	015e8423	sb	x21,8(x29)	 x29:0x80033c01 x21:0x00000009 PA:0x80033c09 store:0x00000009 load:0x00000000
       15545000	      1455	800116d0	fe6f8ba3	sb	x6,-9(x31)	 x31:0x8003daa8  x6:0x8c71d048 PA:0x8003da9f store:0x8c71d048 load:0x00000000
       15555000	      1456	800116d4	012e82a3	sb	x18,5(x29)	 x29:0x80033c01 x18:0xfffffff1 PA:0x80033c06 store:0xfffffff1 load:0x00000000
       15565000	      1457	800116d8	fe9fcc83	lbu	x25,-23(x31)	 x31:0x8003daa8 x25=0x00000032 PA:0x8003da91 load:0x00000032
       15575000	      1458	800116dc	ff8e8923	sb	x24,-14(x29)	 x29:0x80033c01 x24:0x000000c7 PA:0x80033bf3 store:0x000000c7 load:0x00000000
       15585000	      1459	800116e0	006e8723	sb	x6,14(x29)	 x29:0x80033c01  x6:0x8c71d048 PA:0x80033c0f store:0x8c71d048 load:0x00000000
       15595000	      1460	800116e4	ffde8ca3	sb	x29,-7(x29)	 x29:0x80033c01 x29:0x80033c01 PA:0x80033bfa store:0x80033c01 load:0x00000000
       15605000	      1461	800116e8	fc8f8683	lb	x13,-56(x31)	 x31:0x8003daa8 x13=0x00000014 PA:0x8003da70 load:0x00000014
       15615000	      1462	800116ec	ff8e8da3	sb	x24,-5(x29)	 x29:0x80033c01 x24:0x000000c7 PA:0x80033bfc store:0x000000c7 load:0x00000000
       15625000	      1463	800116f0	00032897	auipc	x17,0x32	 x17=0x800436f0
       15635000	      1464	800116f4	9ef88893	addi	x17,x17,-1553	 x17:0x800436f0 x17=0x800430df
       15645000	      1465	800116f8	00022e97	auipc	x29,0x22	 x29=0x800336f8
       15655000	      1466	800116fc	2c9e8e93	addi	x29,x29,713	 x29:0x800336f8 x29=0x800339c1
       15665000	      1467	80011700	2c7ea683	lw	x13,711(x29)	 x29:0x800339c1 x13=0x7ea8d4ff PA:0x80033c88 load:0x7ea8d4ff
       15675000	      1468	80011704	fe788923	sb	x7,-14(x17)	 x17:0x800430df  x7:0x04800000 PA:0x800430d1 store:0x04800000 load:0x00000000
       15685000	      1469	80011708	c7ce8083	lb	x1,-900(x29)	 x29:0x800339c1  x1=0x00000019 PA:0x8003363d load:0x00000019
       15695000	      1470	8001170c	572e8503	lb	x10,1394(x29)	 x29:0x800339c1 x10=0xffffffa8 PA:0x80033f33 load:0xffffffa8
       15705000	      1471	80011710	00188323	sb	x1,6(x17)	 x17:0x800430df  x1:0x00000019 PA:0x800430e5 store:0x00000019 load:0x00000000
       15715000	      1472	80011714	2d1ed403	lhu	x8,721(x29)	 x29:0x800339c1  x8=0x000069b8 PA:0x80033c92 load:0x000069b8
       15725000	      1473	80011718	f94ec903	lbu	x18,-108(x29)	 x29:0x800339c1 x18=0x000000d9 PA:0x80033955 load:0x000000d9
       15735000	      1474	8001171c	937e80a3	sb	x23,-1759(x29)	 x29:0x800339c1 x23:0x00000048 PA:0x800332e2 store:0x00000048 load:0x00000000
       15745000	      1475	80011720	114e8d03	lb	x26,276(x29)	 x29:0x800339c1 x26=0x00000054 PA:0x80033ad5 load:0x00000054
       15755000	      1476	80011724	ff988a23	sb	x25,-12(x17)	 x17:0x800430df x25:0x00000032 PA:0x800430d3 store:0x00000032 load:0x00000000
       15765000	      1477	80011728	3c7e9fa3	sh	x7,991(x29)	 x29:0x800339c1  x7:0x04800000 PA:0x80033da0 store:0x04800000 load:0x00000000
       15775000	      1478	8001172c	fe188fa3	sb	x1,-1(x17)	 x17:0x800430df  x1:0x00000019 PA:0x800430de store:0x00000019 load:0x00000000
       15785000	      1479	80011730	00e890a3	sh	x14,1(x17)	 x17:0x800430df x14:0x477670fa PA:0x800430e0 store:0x477670fa load:0x00000000
       15795000	      1480	80011734	00027c97	auipc	x25,0x27	 x25=0x80038734
       15805000	      1481	80011738	972c8c93	addi	x25,x25,-1678	 x25:0x80038734 x25=0x800380a6
       15815000	      1482	8001173c	0d3cc483	lbu	x9,211(x25)	 x25:0x800380a6  x9=0x0000001c PA:0x80038179 load:0x0000001c
       15825000	      1483	80011740	00022597	auipc	x11,0x22	 x11=0x80033740
       15835000	      1484	80011744	aad58593	addi	x11,x11,-1363	 x11:0x80033740 x11=0x800331ed
       15845000	      1485	80011748	f92c83a3	sb	x18,-121(x25)	 x25:0x800380a6 x18:0x000000d9 PA:0x8003802d store:0x000000d9 load:0x00000000
       15855000	      1486	8001174c	07359503	lh	x10,115(x11)	 x11:0x800331ed x10=0xfffff7d2 PA:0x80033260 load:0xfffff7d2
       15865000	      1487	80011750	0fcc9303	lh	x6,252(x25)	 x25:0x800380a6  x6=0x000034b7 PA:0x800381a2 load:0x000034b7
       15875000	      1488	80011754	0a858b23	sb	x8,182(x11)	 x11:0x800331ed  x8:0x000069b8 PA:0x800332a3 store:0x000069b8 load:0x00000000
       15885000	      1489	80011758	010cd303	lhu	x6,16(x25)	 x25:0x800380a6  x6=0x00002ee0 PA:0x800380b6 load:0x00002ee0
       15895000	      1490	8001175c	f0058e03	lb	x28,-256(x11)	 x11:0x800331ed x28=0xffffffd1 PA:0x800330ed load:0xffffffd1
       15905000	      1491	80011760	f40c8483	lb	x9,-192(x25)	 x25:0x800380a6  x9=0xffffffb8 PA:0x80037fe6 load:0xffffffb8
       15915000	      1492	80011764	fd258ea3	sb	x18,-35(x11)	 x11:0x800331ed x18:0x000000d9 PA:0x800331ca store:0x000000d9 load:0x00000000
       15925000	      1493	80011768	ff65ca03	lbu	x20,-10(x11)	 x11:0x800331ed x20=0x000000af PA:0x800331e3 load:0x000000af
       15935000	      1494	8001176c	07fc89a3	sb	x31,115(x25)	 x25:0x800380a6 x31:0x8003daa8 PA:0x80038119 store:0x8003daa8 load:0x00000000
       15945000	      1495	80011770	098c8c23	sb	x24,152(x25)	 x25:0x800380a6 x24:0x000000c7 PA:0x8003813e store:0x000000c7 load:0x00000000
       15955000	      1496	80011774	f305c883	lbu	x17,-208(x11)	 x11:0x800331ed x17=0x0000009e PA:0x8003311d load:0x0000009e
       15965000	      1497	80011778	00022497	auipc	x9,0x22	  x9=0x80033778
       15975000	      1498	8001177c	03248493	addi	x9,x9,50	  x9:0x80033778  x9=0x800337aa
       15985000	      1499	80011780	92c9f593	andi	x11,x19,-1748	 x19:0x0c6e9fff x11=0x0c6e992c
       15995000	      1500	80011784	03b1	c.addi	x7,12	  x7:0x04800000  x7=0x0480000c
       16005000	      1501	80011786	00e6b0b3	sltu	x1,x13,x14	 x13:0x7ea8d4ff x14:0x477670fa  x1=0x00000000
       16015000	      1502	8001178a	962cf593	andi	x11,x25,-1694	 x25:0x800380a6 x11=0x80038022
       16025000	      1503	8001178e	5e7d	c.li	x28,-1	 x28=0xffffffff
       16035000	      1504	80011790	0c049723	sh	x0,206(x9)	  x9:0x800337aa  x0:0x00000000 PA:0x80033878 store:0x00000000 load:0x00000000
       16045000	      1505	80011794	0000100f	fence.i	
       16065000	      1507	80011798	fcb4c903	lbu	x18,-53(x9)	  x9:0x800337aa x18=0x00000071 PA:0x80033775 load:0x00000071
       16075000	      1508	8001179c	0024af23	sw	x2,30(x9)	  x9:0x800337aa  x2:0x80048e50 PA:0x800337c8 store:0x80048e50 load:0x00000000
       16085000	      1509	800117a0	f604d003	lhu	x0,-160(x9)	  x9:0x800337aa  x0=0x00000000 PA:0x8003370a load:0x0000fad2
       16095000	      1510	800117a4	0001	c.addi	x0,0	  x0:0x00000000  x0=0x00000000
       16105000	      1511	800117a6	f2348ea3	sb	x3,-195(x9)	  x9:0x800337aa  x3:0x800335e0 PA:0x800336e7 store:0x800335e0 load:0x00000000
       16115000	      1512	800117aa	fa5487a3	sb	x5,-81(x9)	  x9:0x800337aa  x5:0xfffffbc7 PA:0x80033759 store:0xfffffbc7 load:0x00000000
       16125000	      1513	800117ae	02349823	sh	x3,48(x9)	  x9:0x800337aa  x3:0x800335e0 PA:0x800337da store:0x800335e0 load:0x00000000
       16495000	      1550	800117b2	0371f0b3	remu	x1,x3,x23	  x3:0x800335e0 x23:0x00000048  x1=0x00000000
       16505000	      1551	800117b6	fbc4d203	lhu	x4,-68(x9)	  x9:0x800337aa  x4=0x00008dfe PA:0x80033766 load:0x00008dfe
       16515000	      1552	800117ba	00a56833	or	x16,x10,x10	 x10:0xfffff7d2 x10:0xfffff7d2 x16=0xfffff7d2
       16525000	      1553	800117be	02849d23	sh	x8,58(x9)	  x9:0x800337aa  x8:0x000069b8 PA:0x800337e4 store:0x000069b8 load:0x00000000
       16535000	      1554	800117c2	01a4d633	srl	x12,x9,x26	  x9:0x800337aa x26:0x00000054 x12=0x00000800
       16545000	      1555	800117c6	feac7e13	andi	x28,x24,-22	 x24:0x000000c7 x28=0x000000c2
       16555000	      1556	800117ca	007f4db3	xor	x27,x30,x7	 x30:0x00003000  x7:0x0480000c x27=0x0480300c
       16565000	      1557	800117ce	08a48ca3	sb	x10,153(x9)	  x9:0x800337aa x10:0xfffff7d2 PA:0x80033843 store:0xfffff7d2 load:0x00000000
       16575000	      1558	800117d2	f9649c23	sh	x22,-104(x9)	  x9:0x800337aa x22:0xffffe000 PA:0x80033742 store:0xffffe000 load:0x00000000
       16585000	      1559	800117d6	f3548403	lb	x8,-203(x9)	  x9:0x800337aa  x8=0xffffffe0 PA:0x800336df load:0xffffffe0
       16595000	      1560	800117da	0a84cc03	lbu	x24,168(x9)	  x9:0x800337aa x24=0x00000061 PA:0x80033852 load:0x00000061
       16605000	      1561	800117de	0074be33	sltu	x28,x9,x7	  x9:0x800337aa  x7:0x0480000c x28=0x00000000
       16615000	      1562	800117e2	f354c083	lbu	x1,-203(x9)	  x9:0x800337aa  x1=0x000000e0 PA:0x800336df load:0x000000e0
       16625000	      1563	800117e6	03f48683	lb	x13,63(x9)	  x9:0x800337aa x13=0xffffffac PA:0x800337e9 load:0xffffffac
       16635000	      1564	800117ea	fe54c083	lbu	x1,-27(x9)	  x9:0x800337aa  x1=0x00000053 PA:0x8003378f load:0x00000053
       16645000	      1565	800117ee	57604513	xori	x10,x0,1398	  x0:0x00000000 x10=0x00000576
       16655000	      1566	800117f2	03948303	lb	x6,57(x9)	  x9:0x800337aa  x6=0xffffffc3 PA:0x800337e3 load:0xffffffc3
       16665000	      1567	800117f6	00ee1833	sll	x16,x28,x14	 x28:0x00000000 x14:0x477670fa x16=0x00000000
       16675000	      1568	800117fa	05f48923	sb	x31,82(x9)	  x9:0x800337aa x31:0x8003daa8 PA:0x800337fc store:0x8003daa8 load:0x00000000
       16685000	      1569	800117fe	00022597	auipc	x11,0x22	 x11=0x800337fe
       16695000	      1570	80011802	6ee58593	addi	x11,x11,1774	 x11:0x800337fe x11=0x80033eec
       16705000	      1571	80011806	ff658a03	lb	x20,-10(x11)	 x11:0x80033eec x20=0xffffffff PA:0x80033ee2 load:0xffffffff
       16715000	      1572	8001180a	fec589a3	sb	x12,-13(x11)	 x11:0x80033eec x12:0x00000800 PA:0x80033edf store:0x00000800 load:0x00000000
       16725000	      1573	8001180e	ff35c683	lbu	x13,-13(x11)	 x11:0x80033eec x13=0x00000000 PA:0x80033edf load:0x00000000
       16735000	      1574	80011812	ff35c303	lbu	x6,-13(x11)	 x11:0x80033eec  x6=0x00000000 PA:0x80033edf load:0x00000000
       16745000	      1575	80011816	ffe589a3	sb	x30,-13(x11)	 x11:0x80033eec x30:0x00003000 PA:0x80033edf store:0x00003000 load:0x00000000
       16755000	      1576	8001181a	ff3589a3	sb	x19,-13(x11)	 x11:0x80033eec x19:0x0c6e9fff PA:0x80033edf store:0x0c6e9fff load:0x00000000
       16765000	      1577	8001181e	ff358b03	lb	x22,-13(x11)	 x11:0x80033eec x22=0xffffffff PA:0x80033edf load:0xffffffff
       16775000	      1578	80011822	01a51993	slli	x19,x10,0x1a	 x10:0x00000576 x19=0xd8000000
       16785000	      1579	80011826	fe3589a3	sb	x3,-13(x11)	 x11:0x80033eec  x3:0x800335e0 PA:0x80033edf store:0x800335e0 load:0x00000000
       16795000	      1580	8001182a	ff35cc03	lbu	x24,-13(x11)	 x11:0x80033eec x24=0x000000e0 PA:0x80033edf load:0x000000e0
       16805000	      1581	8001182e	0ff0000f	fence	iorw,iorw	
       16815000	      1582	80011832	21694e17	auipc	x28,0x21694	 x28=0xa16a5832
       16825000	      1583	80011836	ff358903	lb	x18,-13(x11)	 x11:0x80033eec x18=0xffffffe0 PA:0x80033edf load:0xffffffe0
       16835000	      1584	8001183a	01a582a3	sb	x26,5(x11)	 x11:0x80033eec x26:0x00000054 PA:0x80033ef1 store:0x00000054 load:0x00000000
       16845000	      1585	8001183e	00022217	auipc	x4,0x22	  x4=0x8003383e
       16855000	      1586	80011842	80a20213	addi	x4,x4,-2038	  x4:0x8003383e  x4=0x80033048
       16865000	      1587	80011846	5da51537	lui	x10,0x5da51	 x10=0x5da51000
       16875000	      1588	8001184a	922a	c.add	x4,x10	  x4:0x80033048 x10:0x5da51000  x4=0xdda84048
       16885000	      1589	8001184c	96020d23	sb	x0,-1670(x4)	  x4:0xdda84048  x0:0x00000000 PA:0xdda839c2 store:0x00000000 load:0x00000000
       16895000	      1590	80011850	aa220ca3	sb	x2,-1351(x4)	  x4:0xdda84048  x2:0x80048e50 PA:0xdda83b01 store:0x80048e50 load:0x00000000
       16905000	      1591	80011854	b2320ba3	sb	x3,-1225(x4)	  x4:0xdda84048  x3:0x800335e0 PA:0xdda83b7f store:0x800335e0 load:0x00000000
       16915000	      1592	80011858	2c6209a3	sb	x6,723(x4)	  x4:0xdda84048  x6:0x00000000 PA:0xdda8431b store:0x00000000 load:0x00000000
       16925000	      1593	8001185c	d2721b23	sh	x7,-714(x4)	  x4:0xdda84048  x7:0x0480000c PA:0xdda83d7e store:0x0480000c load:0x00000000
       16935000	      1594	80011860	8455	c.srai	x8,0x15	  x8:0xffffffe0  x8=0xffffffff
       16945000	      1595	80011862	97a24403	lbu	x8,-1670(x4)	  x4:0xdda84048  x8=0x00000000 PA:0xdda839c2 load:0x00000000
       16955000	      1596	80011866	caf20ca3	sb	x15,-839(x4)	  x4:0xdda84048 x15:0x8004cce4 PA:0xdda83d01 store:0x8004cce4 load:0x00000000
       16965000	      1597	8001186a	ab924083	lbu	x1,-1351(x4)	  x4:0xdda84048  x1=0x00000050 PA:0xdda83b01 load:0x00000050
       16975000	      1598	8001186e	b3724283	lbu	x5,-1225(x4)	  x4:0xdda84048  x5=0x000000e0 PA:0xdda83b7f load:0x000000e0
       17345000	      1635	80011872	0338cfb3	div	x31,x17,x19	 x17:0x0000009e x19:0xd8000000 x31=0x00000000
       17355000	      1636	80011876	85bd	c.srai	x11,0xf	 x11:0x80033eec x11=0xffff0006
       17365000	      1637	80011878	52220ea3	sb	x2,1341(x4)	  x4:0xdda84048  x2:0x80048e50 PA:0xdda84585 store:0x80048e50 load:0x00000000
       17375000	      1638	8001187c	8c69	c.and	x8,x10	  x8:0x00000000 x10:0x5da51000  x8=0x00000000
       17745000	      1675	8001187e	02795633	divu	x12,x18,x7	 x18:0xffffffe0  x7:0x0480000c x12=0x00000038
       17755000	      1676	80011882	01284a33	xor	x20,x16,x18	 x16:0x00000000 x18:0xffffffe0 x20=0xffffffe0
       18125000	      1713	80011886	025cd933	divu	x18,x25,x5	 x25:0x800380a6  x5:0x000000e0 x18=0x00924d25
       18135000	      1714	8001188a	877a3b37	lui	x22,0x877a3	 x22=0x877a3000
       18175000	      1718	8001188e	030f21b3	mulhsu	x3,x30,x16	 x30:0x00003000 x16:0x00000000  x3=0x00000000
       18215000	      1722	80011892	030721b3	mulhsu	x3,x14,x16	 x14:0x477670fa x16:0x00000000  x3=0x00000000
       18225000	      1723	80011896	44b21023	sh	x11,1088(x4)	  x4:0xdda84048 x11:0xffff0006 PA:0xdda84488 store:0xffff0006 load:0x00000000
       18235000	      1724	8001189a	2d320603	lb	x12,723(x4)	  x4:0xdda84048 x12=0x00000000 PA:0xdda8431b load:0x00000000
       18245000	      1725	8001189e	d3621b03	lh	x22,-714(x4)	  x4:0xdda84048 x22=0x0000000c PA:0xdda83d7e load:0x0000000c
       18255000	      1726	800118a2	6a821223	sh	x8,1700(x4)	  x4:0xdda84048  x8:0x00000000 PA:0xdda846ec store:0x00000000 load:0x00000000
       18265000	      1727	800118a6	00022817	auipc	x16,0x22	 x16=0x800338a6
       18275000	      1728	800118aa	82a80813	addi	x16,x16,-2006	 x16:0x800338a6 x16=0x800330d0
       18285000	      1729	800118ae	01636433	or	x8,x6,x22	  x6:0x00000000 x22:0x0000000c  x8=0x0000000c
       18295000	      1730	800118b2	7bc82823	sw	x28,1968(x16)	 x16:0x800330d0 x28:0xa16a5832 PA:0x80033880 store:0xa16a5832 load:0x00000000
       18305000	      1731	800118b6	32881f03	lh	x30,808(x16)	 x16:0x800330d0 x30=0x00001956 PA:0x800333f8 load:0x00001956
       18315000	      1732	800118ba	32881703	lh	x14,808(x16)	 x16:0x800330d0 x14=0x00001956 PA:0x800333f8 load:0x00001956
       18325000	      1733	800118be	8f203513	sltiu	x10,x0,-1806	  x0:0x00000000 x10=0x00000001
       18335000	      1734	800118c2	33680423	sb	x22,808(x16)	 x16:0x800330d0 x22:0x0000000c PA:0x800333f8 store:0x0000000c load:0x00000000
       18345000	      1735	800118c6	32082423	sw	x0,808(x16)	 x16:0x800330d0  x0:0x00000000 PA:0x800333f8 store:0x00000000 load:0x00000000
       18355000	      1736	800118ca	7af80903	lb	x18,1967(x16)	 x16:0x800330d0 x18=0xffffffa9 PA:0x8003387f load:0xffffffa9
       18365000	      1737	800118ce	8cc2	c.mv	x25,x16	  x0:0x00000000 x16:0x800330d0 x25=0x800330d0
       18375000	      1738	800118d0	7a4807a3	sb	x4,1967(x16)	 x16:0x800330d0  x4:0xdda84048 PA:0x8003387f store:0xdda84048 load:0x00000000
       18385000	      1739	800118d4	7b680123	sb	x22,1954(x16)	 x16:0x800330d0 x22:0x0000000c PA:0x80033872 store:0x0000000c load:0x00000000
       18395000	      1740	800118d8	1b680883	lb	x17,438(x16)	 x16:0x800330d0 x17=0x0000000f PA:0x80033286 load:0x0000000f
       18405000	      1741	800118dc	1b681203	lh	x4,438(x16)	 x16:0x800330d0  x4=0xffff920f PA:0x80033286 load:0xffff920f
       18415000	      1742	800118e0	f9984703	lbu	x14,-103(x16)	 x16:0x800330d0 x14=0x0000007b PA:0x80033069 load:0x0000007b
       18425000	      1743	800118e4	f9980683	lb	x13,-103(x16)	 x16:0x800330d0 x13=0x0000007b PA:0x80033069 load:0x0000007b
       18435000	      1744	800118e8	00022e17	auipc	x28,0x22	 x28=0x800338e8
       18445000	      1745	800118ec	269e0e13	addi	x28,x28,617	 x28:0x800338e8 x28=0x80033b51
       18455000	      1746	800118f0	30be1b83	lh	x23,779(x28)	 x28:0x80033b51 x23=0xffffedf7 PA:0x80033e5c load:0xffffedf7
       18465000	      1747	800118f4	00028597	auipc	x11,0x28	 x11=0x800398f4
       18475000	      1748	800118f8	a0958593	addi	x11,x11,-1527	 x11:0x800398f4 x11=0x800392fd
       18485000	      1749	800118fc	c23e2383	lw	x7,-989(x28)	 x28:0x80033b51  x7=0x7a47718f PA:0x80033774 load:0x7a47718f
       18495000	      1750	80011900	01058423	sb	x16,8(x11)	 x11:0x800392fd x16:0x800330d0 PA:0x80039305 store:0x800330d0 load:0x00000000
       18505000	      1751	80011904	970e0d83	lb	x27,-1680(x28)	 x28:0x80033b51 x27=0x00000027 PA:0x800334c1 load:0x00000027
       18515000	      1752	80011908	327e5383	lhu	x7,807(x28)	 x28:0x80033b51  x7=0x0000f0eb PA:0x80033e78 load:0x0000f0eb
       18525000	      1753	8001190c	01958823	sb	x25,16(x11)	 x11:0x800392fd x25:0x800330d0 PA:0x8003930d store:0x800330d0 load:0x00000000
       18535000	      1754	80011910	01158623	sb	x17,12(x11)	 x11:0x800392fd x17:0x0000000f PA:0x80039309 store:0x0000000f load:0x00000000
       18545000	      1755	80011914	feb58ea3	sb	x11,-3(x11)	 x11:0x800392fd x11:0x800392fd PA:0x800392fa store:0x800392fd load:0x00000000
       18555000	      1756	80011918	b08e0603	lb	x12,-1272(x28)	 x28:0x80033b51 x12=0xffffff89 PA:0x80033659 load:0xffffff89
       18565000	      1757	8001191c	9dae0083	lb	x1,-1574(x28)	 x28:0x80033b51  x1=0xffffff8f PA:0x8003352b load:0xffffff8f
       18575000	      1758	80011920	00c5c003	lbu	x0,12(x11)	 x11:0x800392fd  x0=0x00000000 PA:0x80039309 load:0x0000000f
       18585000	      1759	80011924	0035c903	lbu	x18,3(x11)	 x11:0x800392fd x18=0x000000b8 PA:0x80039300 load:0x000000b8
       18595000	      1760	80011928	0002c597	auipc	x11,0x2c	 x11=0x8003d928
       18605000	      1761	8001192c	75e58593	addi	x11,x11,1886	 x11:0x8003d928 x11=0x8003e086
       18615000	      1762	80011930	00022097	auipc	x1,0x22	  x1=0x80033930
       18625000	      1763	80011934	d9b08093	addi	x1,x1,-613	  x1:0x80033930  x1=0x800336cb
       18635000	      1764	80011938	cbe5c883	lbu	x17,-834(x11)	 x11:0x8003e086 x17=0x000000d9 PA:0x8003dd44 load:0x000000d9
       18645000	      1765	8001193c	f13090a3	sh	x19,-255(x1)	  x1:0x800336cb x19:0xd8000000 PA:0x800335cc store:0xd8000000 load:0x00000000
       18655000	      1766	80011940	fb30cb83	lbu	x23,-77(x1)	  x1:0x800336cb x23=0x00000028 PA:0x8003367e load:0x00000028
       18665000	      1767	80011944	d0c5da03	lhu	x20,-756(x11)	 x11:0x8003e086 x20=0x0000c7b3 PA:0x8003dd92 load:0x0000c7b3
       18675000	      1768	80011948	f5b09903	lh	x18,-165(x1)	  x1:0x800336cb x18=0x00003d07 PA:0x80033626 load:0x00003d07
       18685000	      1769	8001194c	7655c983	lbu	x19,1893(x11)	 x11:0x8003e086 x19=0x00000065 PA:0x8003e7eb load:0x00000065
       18695000	      1770	80011950	f270a6a3	sw	x7,-211(x1)	  x1:0x800336cb  x7:0x0000f0eb PA:0x800335f8 store:0x0000f0eb load:0x00000000
       18705000	      1771	80011954	1075af23	sw	x7,286(x11)	 x11:0x8003e086  x7:0x0000f0eb PA:0x8003e1a4 store:0x0000f0eb load:0x00000000
       18715000	      1772	80011958	8565d703	lhu	x14,-1962(x11)	 x11:0x8003e086 x14=0x00005083 PA:0x8003d8dc load:0x00005083
       18725000	      1773	8001195c	a475c383	lbu	x7,-1465(x11)	 x11:0x8003e086  x7=0x000000e8 PA:0x8003dacd load:0x000000e8
       18735000	      1774	80011960	fa608b03	lb	x22,-90(x1)	  x1:0x800336cb x22=0xffffffbd PA:0x80033671 load:0xffffffbd
       18745000	      1775	80011964	05208723	sb	x18,78(x1)	  x1:0x800336cb x18:0x00003d07 PA:0x80033719 store:0x00003d07 load:0x00000000
       18755000	      1776	80011968	08008903	lb	x18,128(x1)	  x1:0x800336cb x18=0xffffffad PA:0x8003374b load:0xffffffad
       18765000	      1777	8001196c	58c5d603	lhu	x12,1420(x11)	 x11:0x8003e086 x12=0x0000d791 PA:0x8003e612 load:0x0000d791
       18775000	      1778	80011970	0c108aa3	sb	x1,213(x1)	  x1:0x800336cb  x1:0x800336cb PA:0x800337a0 store:0x800336cb load:0x00000000
       18785000	      1779	80011974	09d0af83	lw	x31,157(x1)	  x1:0x800336cb x31=0x69de0ea1 PA:0x80033768 load:0x69de0ea1
       18795000	      1780	80011978	00022317	auipc	x6,0x22	  x6=0x80033978
       18805000	      1781	8001197c	6d030313	addi	x6,x6,1744	  x6:0x80033978  x6=0x80034048
       18815000	      1782	80011980	5a3bbcb7	lui	x25,0x5a3bb	 x25=0x5a3bb000
       18825000	      1783	80011984	9366	c.add	x6,x25	  x6:0x80034048 x25:0x5a3bb000  x6=0xda3ef048
       18835000	      1784	80011986	12030a23	sb	x0,308(x6)	  x6:0xda3ef048  x0:0x00000000 PA:0xda3ef17c store:0x00000000 load:0x00000000
       18845000	      1785	8001198a	38332223	sw	x3,900(x6)	  x6:0xda3ef048  x3:0x00000000 PA:0xda3ef3cc store:0x00000000 load:0x00000000
       18855000	      1786	8001198e	30430e23	sb	x4,796(x6)	  x6:0xda3ef048  x4:0xffff920f PA:0xda3ef364 store:0xffff920f load:0x00000000
       18865000	      1787	80011992	426308a3	sb	x6,1073(x6)	  x6:0xda3ef048  x6:0xda3ef048 PA:0xda3ef479 store:0xda3ef048 load:0x00000000
       18875000	      1788	80011996	c07308a3	sb	x7,-1007(x6)	  x6:0xda3ef048  x7:0x000000e8 PA:0xda3eec59 store:0x000000e8 load:0x00000000
       18885000	      1789	8001199a	0001	c.addi	x0,0	  x0:0x00000000  x0=0x00000000
       18895000	      1790	8001199c	13430f03	lb	x30,308(x6)	  x6:0xda3ef048 x30=0x00000000 PA:0xda3ef17c load:0x00000000
       18905000	      1791	800119a0	34e7b813	sltiu	x16,x15,846	 x15:0x8004cce4 x16=0x00000000
       18915000	      1792	800119a4	3aa74813	xori	x16,x14,938	 x14:0x00005083 x16=0x00005329
       18925000	      1793	800119a8	22531123	sh	x5,546(x6)	  x6:0xda3ef048  x5:0x000000e0 PA:0xda3ef26a store:0x000000e0 load:0x00000000
       18935000	      1794	800119ac	8fc2	c.mv	x31,x16	  x0:0x00000000 x16:0x00005329 x31=0x00005329
       18945000	      1795	800119ae	77331023	sh	x19,1888(x6)	  x6:0xda3ef048 x19:0x00000065 PA:0xda3ef7a8 store:0x00000065 load:0x00000000
       18955000	      1796	800119b2	38432e83	lw	x29,900(x6)	  x6:0xda3ef048 x29=0x00000000 PA:0xda3ef3cc load:0x00000000
       18965000	      1797	800119b6	f9d82c93	slti	x25,x16,-99	 x16:0x00005329 x25=0x00000000
       18975000	      1798	800119ba	31c30703	lb	x14,796(x6)	  x6:0xda3ef048 x14=0x0000000f PA:0xda3ef364 load:0x0000000f
       18985000	      1799	800119be	86a30023	sb	x10,-1952(x6)	  x6:0xda3ef048 x10:0x00000001 PA:0xda3ee8a8 store:0x00000001 load:0x00000000
       18995000	      1800	800119c2	43130483	lb	x9,1073(x6)	  x6:0xda3ef048  x9=0x00000048 PA:0xda3ef479 load:0x00000048
       19015000	      1802	800119c6	90a6	c.add	x1,x9	  x1:0x800336cb  x9:0x00000048  x1=0x80033713
       19025000	      1803	800119c8	8d61	c.and	x10,x8	 x10:0x00000001  x8:0x0000000c x10=0x00000000
       19035000	      1804	800119ca	0001	c.addi	x0,0	  x0:0x00000000  x0=0x00000000
       19045000	      1805	800119cc	0180ef33	or	x30,x1,x24	  x1:0x80033713 x24:0x000000e0 x30=0x800337f3
       19085000	      1809	800119d0	0285acb3	mulhsu	x25,x11,x8	 x11:0x8003e086  x8:0x0000000c x25=0xfffffffa
       19095000	      1810	800119d4	c1130403	lb	x8,-1007(x6)	  x6:0xda3ef048  x8=0xffffffe8 PA:0xda3eec59 load:0xffffffe8
       19105000	      1811	800119d8	00021e17	auipc	x28,0x21	 x28=0x800329d8
       19115000	      1812	800119dc	670e0e13	addi	x28,x28,1648	 x28:0x800329d8 x28=0x80033048
       19125000	      1813	800119e0	0e1a5cb7	lui	x25,0xe1a5	 x25=0x0e1a5000
       19135000	      1814	800119e4	9e66	c.add	x28,x25	 x28:0x80033048 x25:0x0e1a5000 x28=0x8e1d8048
       19145000	      1815	800119e6	de0e0323	sb	x0,-538(x28)	 x28:0x8e1d8048  x0:0x00000000 PA:0x8e1d7e2e store:0x00000000 load:0x00000000
       19155000	      1816	800119ea	161e0c23	sb	x1,376(x28)	 x28:0x8e1d8048  x1:0x80033713 PA:0x8e1d81c0 store:0x80033713 load:0x00000000
       19165000	      1817	800119ee	7c2e2623	sw	x2,1996(x28)	 x28:0x8e1d8048  x2:0x80048e50 PA:0x8e1d8814 store:0x80048e50 load:0x00000000
       19175000	      1818	800119f2	01a19f13	slli	x30,x3,0x1a	  x3:0x00000000 x30=0x00000000
       19185000	      1819	800119f6	de6e0503	lb	x10,-538(x28)	 x28:0x8e1d8048 x10=0x00000000 PA:0x8e1d7e2e load:0x00000000
       19195000	      1820	800119fa	178e4b03	lbu	x22,376(x28)	 x28:0x8e1d8048 x22=0x00000013 PA:0x8e1d81c0 load:0x00000013
       19205000	      1821	800119fe	7cce2003	lw	x0,1996(x28)	 x28:0x8e1d8048  x0=0x00000000 PA:0x8e1d8814 load:0x80048e50
       19215000	      1822	80011a02	a92e1a23	sh	x18,-1388(x28)	 x28:0x8e1d8048 x18:0xffffffad PA:0x8e1d7adc store:0xffffffad load:0x00000000
       19225000	      1823	80011a06	0316	c.slli	x6,0x5	  x6:0xda3ef048  x6=0x47de0900
       19235000	      1824	80011a08	0000100f	fence.i	
       19255000	      1826	80011a0c	140e0123	sb	x0,322(x28)	 x28:0x8e1d8048  x0:0x00000000 PA:0x8e1d818a store:0x00000000 load:0x00000000
       19265000	      1827	80011a10	01fa1513	slli	x10,x20,0x1f	 x20:0x0000c7b3 x10=0x80000000
       19275000	      1828	80011a14	012df533	and	x10,x27,x18	 x27:0x00000027 x18:0xffffffad x10=0x00000025
       19285000	      1829	80011a18	c88e07a3	sb	x8,-881(x28)	 x28:0x8e1d8048  x8:0xffffffe8 PA:0x8e1d7cd7 store:0xffffffe8 load:0x00000000
       19295000	      1830	80011a1c	00021b97	auipc	x23,0x21	 x23=0x80032a1c
       19305000	      1831	80011a20	62cb8b93	addi	x23,x23,1580	 x23:0x80032a1c x23=0x80033048
       19315000	      1832	80011a24	6f90e537	lui	x10,0x6f90e	 x10=0x6f90e000
       19325000	      1833	80011a28	9baa	c.add	x23,x10	 x23:0x80033048 x10:0x6f90e000 x23=0xef941048
       19335000	      1834	80011a2a	141b86a3	sb	x1,333(x23)	 x23:0xef941048  x1:0x80033713 PA:0xef941195 store:0x80033713 load:0x00000000
       19345000	      1835	80011a2e	762b8d23	sb	x2,1914(x23)	 x23:0xef941048  x2:0x80048e50 PA:0xef9417c2 store:0x80048e50 load:0x00000000
       19355000	      1836	80011a32	005b86a3	sb	x5,13(x23)	 x23:0xef941048  x5:0x000000e0 PA:0xef941055 store:0x000000e0 load:0x00000000
       19365000	      1837	80011a36	a17b8923	sb	x23,-1518(x23)	 x23:0xef941048 x23:0xef941048 PA:0xef940a5a store:0xef941048 load:0x00000000
       19395000	      1840	80011a3a	02358a33	mul	x20,x11,x3	 x11:0x8003e086  x3:0x00000000 x20=0x00000000
       19405000	      1841	80011a3e	0ff0000f	fence	iorw,iorw	
       19415000	      1842	80011a42	14dbc403	lbu	x8,333(x23)	 x23:0xef941048  x8=0x00000013 PA:0xef941195 load:0x00000013
       19445000	      1845	80011a46	029202b3	mul	x5,x4,x9	  x4:0xffff920f  x9:0x00000048  x5=0xffe11438
       19455000	      1846	80011a4a	77abcf83	lbu	x31,1914(x23)	 x23:0xef941048 x31=0x00000050 PA:0xef9417c2 load:0x00000050
       19465000	      1847	80011a4e	e7922393	slti	x7,x4,-391	  x4:0xffff920f  x7=0x00000001
       19475000	      1848	80011a52	1fd06293	ori	x5,x0,509	  x0:0x00000000  x5=0x000001fd
       19485000	      1849	80011a56	31db9b23	sh	x29,790(x23)	 x23:0xef941048 x29:0x00000000 PA:0xef94135e store:0x00000000 load:0x00000000
       19495000	      1850	80011a5a	a5fb8da3	sb	x31,-1445(x23)	 x23:0xef941048 x31:0x00000050 PA:0xef940aa3 store:0x00000050 load:0x00000000
       19505000	      1851	80011a5e	8de9	c.and	x11,x10	 x11:0x8003e086 x10:0x6f90e000 x11=0x0000e000
       19515000	      1852	80011a60	8c0d	c.sub	x8,x11	  x8:0x00000013 x11:0x0000e000  x8=0xffff2013
       19525000	      1853	80011a62	00dbc403	lbu	x8,13(x23)	 x23:0xef941048  x8=0x000000e0 PA:0xef941055 load:0x000000e0
       19535000	      1854	80011a66	46db83a3	sb	x13,1127(x23)	 x23:0xef941048 x13:0x0000007b PA:0xef9414af store:0x0000007b load:0x00000000
       19545000	      1855	80011a6a	00030597	auipc	x11,0x30	 x11=0x80041a6a
       19555000	      1856	80011a6e	37e58593	addi	x11,x11,894	 x11:0x80041a6a x11=0x80041de8
       19565000	      1857	80011a72	ff558403	lb	x8,-11(x11)	 x11:0x80041de8  x8=0xffffff95 PA:0x80041ddd load:0xffffff95
       19575000	      1858	80011a76	ff55c603	lbu	x12,-11(x11)	 x11:0x80041de8 x12=0x00000095 PA:0x80041ddd load:0x00000095
       19585000	      1859	80011a7a	03958f03	lb	x30,57(x11)	 x11:0x80041de8 x30=0xffffffbb PA:0x80041e21 load:0xffffffbb
       19595000	      1860	80011a7e	03958803	lb	x16,57(x11)	 x11:0x80041de8 x16=0xffffffbb PA:0x80041e21 load:0xffffffbb
       19605000	      1861	80011a82	0395c803	lbu	x16,57(x11)	 x11:0x80041de8 x16=0x000000bb PA:0x80041e21 load:0x000000bb
       19615000	      1862	80011a86	01158703	lb	x14,17(x11)	 x11:0x80041de8 x14=0xfffffffc PA:0x80041df9 load:0xfffffffc
       19625000	      1863	80011a8a	011588a3	sb	x17,17(x11)	 x11:0x80041de8 x17:0x000000d9 PA:0x80041df9 store:0x000000d9 load:0x00000000
       19635000	      1864	80011a8e	0195c603	lbu	x12,25(x11)	 x11:0x80041de8 x12=0x00000041 PA:0x80041e01 load:0x00000041
       19645000	      1865	80011a92	00858ca3	sb	x8,25(x11)	 x11:0x80041de8  x8:0xffffff95 PA:0x80041e01 store:0xffffff95 load:0x00000000
       19655000	      1866	80011a96	01c58ca3	sb	x28,25(x11)	 x11:0x80041de8 x28:0x8e1d8048 PA:0x80041e01 store:0x8e1d8048 load:0x00000000
       19665000	      1867	80011a9a	fdd58183	lb	x3,-35(x11)	 x11:0x80041de8  x3=0xffffffbb PA:0x80041dc5 load:0xffffffbb
       19675000	      1868	80011a9e	01b5cd03	lbu	x26,27(x11)	 x11:0x80041de8 x26=0x00000049 PA:0x80041e03 load:0x00000049
       19685000	      1869	80011aa2	fec59b03	lh	x22,-20(x11)	 x11:0x80041de8 x22=0x00005077 PA:0x80041dd4 load:0x00005077
       19695000	      1870	80011aa6	00458503	lb	x10,4(x11)	 x11:0x80041de8 x10=0x0000001b PA:0x80041dec load:0x0000001b
       19705000	      1871	80011aaa	40d60eb3	sub	x29,x12,x13	 x12:0x00000041 x13:0x0000007b x29=0xffffffc6
       19715000	      1872	80011aae	0245da03	lhu	x20,36(x11)	 x11:0x80041de8 x20=0x0000fbf5 PA:0x80041e0c load:0x0000fbf5
       19725000	      1873	80011ab2	00032c17	auipc	x24,0x32	 x24=0x80043ab2
       19735000	      1874	80011ab6	ef4c0c13	addi	x24,x24,-268	 x24:0x80043ab2 x24=0x800439a6
       19745000	      1875	80011aba	00851d13	slli	x26,x10,0x8	 x10:0x0000001b x26=0x00001b00
       19755000	      1876	80011abe	fc0c5283	lhu	x5,-64(x24)	 x24:0x800439a6  x5=0x0000405a PA:0x80043966 load:0x0000405a
       19765000	      1877	80011ac2	fcdc0f23	sb	x13,-34(x24)	 x24:0x800439a6 x13:0x0000007b PA:0x80043984 store:0x0000007b load:0x00000000
       19775000	      1878	80011ac6	fdec1383	lh	x7,-34(x24)	 x24:0x800439a6  x7=0xffffca7b PA:0x80043984 load:0xffffca7b
       19785000	      1879	80011aca	feac0883	lb	x17,-22(x24)	 x24:0x800439a6 x17=0x00000055 PA:0x80043990 load:0x00000055
       19795000	      1880	80011ace	0ff0000f	fence	iorw,iorw	
       19805000	      1881	80011ad2	ffbc0903	lb	x18,-5(x24)	 x24:0x800439a6 x18=0xffffffa6 PA:0x800439a1 load:0xffffffa6
       19815000	      1882	80011ad6	fe2c0823	sb	x2,-16(x24)	 x24:0x800439a6  x2:0x80048e50 PA:0x80043996 store:0x80048e50 load:0x00000000
       19825000	      1883	80011ada	020c4e83	lbu	x29,32(x24)	 x24:0x800439a6 x29=0x00000087 PA:0x800439c6 load:0x00000087
       19835000	      1884	80011ade	033c2723	sw	x19,46(x24)	 x24:0x800439a6 x19:0x00000065 PA:0x800439d4 store:0x00000065 load:0x00000000
       19845000	      1885	80011ae2	020c4e83	lbu	x29,32(x24)	 x24:0x800439a6 x29=0x00000087 PA:0x800439c6 load:0x00000087
       19855000	      1886	80011ae6	006c1803	lh	x16,6(x24)	 x24:0x800439a6 x16=0xffff950c PA:0x800439ac load:0xffff950c
       19865000	      1887	80011aea	3c902413	slti	x8,x0,969	  x0:0x00000000  x8=0x00000001
       19875000	      1888	80011aee	031c0e03	lb	x28,49(x24)	 x24:0x800439a6 x28=0x00000000 PA:0x800439d7 load:0x00000000
       19885000	      1889	80011af2	fe9c0b83	lb	x23,-23(x24)	 x24:0x800439a6 x23=0xffffffcd PA:0x8004398f load:0xffffffcd
       19895000	      1890	80011af6	31db6c93	ori	x25,x22,797	 x22:0x00005077 x25=0x0000537f
       19905000	      1891	80011afa	033c0f83	lb	x31,51(x24)	 x24:0x800439a6 x31=0xffffff9c PA:0x800439d9 load:0xffffff9c
       19915000	      1892	80011afe	fd5c0da3	sb	x21,-37(x24)	 x24:0x800439a6 x21:0x00000009 PA:0x80043981 store:0x00000009 load:0x00000000
       19925000	      1893	80011b02	fdac0403	lb	x8,-38(x24)	 x24:0x800439a6  x8=0x00000064 PA:0x80043980 load:0x00000064
       19945000	      1895	80011b06	8c71	c.and	x8,x12	  x8:0x00000064 x12:0x00000041  x8=0x00000040
       19955000	      1896	80011b08	ff0c0e23	sb	x16,-4(x24)	 x24:0x800439a6 x16:0xffff950c PA:0x800439a2 store:0xffff950c load:0x00000000
       19965000	      1897	80011b0c	00027f97	auipc	x31,0x27	 x31=0x80038b0c
       19975000	      1898	80011b10	c3bf8f93	addi	x31,x31,-965	 x31:0x80038b0c x31=0x80038747
       19985000	      1899	80011b14	002f8623	sb	x2,12(x31)	 x31:0x80038747  x2:0x80048e50 PA:0x80038753 store:0x80048e50 load:0x00000000
       19995000	      1900	80011b18	006f8223	sb	x6,4(x31)	 x31:0x80038747  x6:0x47de0900 PA:0x8003874b store:0x47de0900 load:0x00000000
       20005000	      1901	80011b1c	003f8d83	lb	x27,3(x31)	 x31:0x80038747 x27=0x00000010 PA:0x8003874a load:0x00000010
       20015000	      1902	80011b20	ffaf8b23	sb	x26,-10(x31)	 x31:0x80038747 x26:0x00001b00 PA:0x8003873d store:0x00001b00 load:0x00000000
       20025000	      1903	80011b24	ff8fc283	lbu	x5,-8(x31)	 x31:0x80038747  x5=0x000000e3 PA:0x8003873f load:0x000000e3
       20035000	      1904	80011b28	ffbf9383	lh	x7,-5(x31)	 x31:0x80038747  x7=0x00004023 PA:0x80038742 load:0x00004023
       20075000	      1908	80011b2c	02d5a9b3	mulhsu	x19,x11,x13	 x11:0x80041de8 x13:0x0000007b x19=0xffffffc2
       20085000	      1909	80011b30	54c78597	auipc	x11,0x54c78	 x11=0xd4c89b30
       20095000	      1910	80011b34	010f97a3	sh	x16,15(x31)	 x31:0x80038747 x16:0xffff950c PA:0x80038756 store:0xffff950c load:0x00000000
       20105000	      1911	80011b38	8a51	c.andi	x12,20	 x12:0x00000041 x12=0x00000000
       20115000	      1912	80011b3a	009fd983	lhu	x19,9(x31)	 x31:0x80038747 x19=0x000006aa PA:0x80038750 load:0x000006aa
       20125000	      1913	80011b3e	9cca	c.add	x25,x18	 x25:0x0000537f x18:0xffffffa6 x25=0x00005325
       20135000	      1914	80011b40	006fcb83	lbu	x23,6(x31)	 x31:0x80038747 x23=0x0000006f PA:0x8003874d load:0x0000006f
       20145000	      1915	80011b44	006fc303	lbu	x6,6(x31)	 x31:0x80038747  x6=0x0000006f PA:0x8003874d load:0x0000006f
       20155000	      1916	80011b48	ff9fd183	lhu	x3,-7(x31)	 x31:0x80038747  x3=0x00002d20 PA:0x80038740 load:0x00002d20
       20165000	      1917	80011b4c	ffbf9203	lh	x4,-5(x31)	 x31:0x80038747  x4=0x00004023 PA:0x80038742 load:0x00004023
       20175000	      1918	80011b50	ffbfd903	lhu	x18,-5(x31)	 x31:0x80038747 x18=0x00004023 PA:0x80038742 load:0x00004023
       20185000	      1919	80011b54	003fc983	lbu	x19,3(x31)	 x31:0x80038747 x19=0x00000010 PA:0x8003874a load:0x00000010
       20195000	      1920	80011b58	ffcfc503	lbu	x10,-4(x31)	 x31:0x80038747 x10=0x00000040 PA:0x80038743 load:0x00000040
       20205000	      1921	80011b5c	ff3faaa3	sw	x19,-11(x31)	 x31:0x80038747 x19:0x00000010 PA:0x8003873c store:0x00000010 load:0x00000000
       20215000	      1922	80011b60	ffef8b83	lb	x23,-2(x31)	 x31:0x80038747 x23=0xfffffff0 PA:0x80038745 load:0xfffffff0
       20225000	      1923	80011b64	000f8c83	lb	x25,0(x31)	 x31:0x80038747 x25=0x0000005c PA:0x80038747 load:0x0000005c
       20235000	      1924	80011b68	00ef8023	sb	x14,0(x31)	 x31:0x80038747 x14:0xfffffffc PA:0x80038747 store:0xfffffffc load:0x00000000
       20245000	      1925	80011b6c	008f8d03	lb	x26,8(x31)	 x31:0x80038747 x26=0x0000004d PA:0x8003874f load:0x0000004d
       20255000	      1926	80011b70	00022617	auipc	x12,0x22	 x12=0x80033b70
       20265000	      1927	80011b74	36360613	addi	x12,x12,867	 x12:0x80033b70 x12=0x80033ed3
       20275000	      1928	80011b78	0ff0000f	fence	iorw,iorw	
       20285000	      1929	80011b7c	fea60ea3	sb	x10,-3(x12)	 x12:0x80033ed3 x10:0x00000040 PA:0x80033ed0 store:0x00000040 load:0x00000000
       20295000	      1930	80011b80	ffd60e03	lb	x28,-3(x12)	 x12:0x80033ed3 x28=0x00000040 PA:0x80033ed0 load:0x00000040
       20305000	      1931	80011b84	fe461ea3	sh	x4,-3(x12)	 x12:0x80033ed3  x4:0x00004023 PA:0x80033ed0 store:0x00004023 load:0x00000000
       20315000	      1932	80011b88	ffd61d03	lh	x26,-3(x12)	 x12:0x80033ed3 x26=0x00004023 PA:0x80033ed0 load:0x00004023
       20325000	      1933	80011b8c	ffd64683	lbu	x13,-3(x12)	 x12:0x80033ed3 x13=0x00000023 PA:0x80033ed0 load:0x00000023
       20695000	      1970	80011b90	029a5933	divu	x18,x20,x9	 x20:0x0000fbf5  x9:0x00000048 x18=0x0000037f
       20705000	      1971	80011b94	ff162ea3	sw	x17,-3(x12)	 x12:0x80033ed3 x17:0x00000055 PA:0x80033ed0 store:0x00000055 load:0x00000000
       20715000	      1972	80011b98	ffd64c03	lbu	x24,-3(x12)	 x12:0x80033ed3 x24=0x00000055 PA:0x80033ed0 load:0x00000055
       20725000	      1973	80011b9c	00e60583	lb	x11,14(x12)	 x12:0x80033ed3 x11=0xffffffe8 PA:0x80033ee1 load:0xffffffe8
       20735000	      1974	80011ba0	00e64503	lbu	x10,14(x12)	 x12:0x80033ed3 x10=0x000000e8 PA:0x80033ee1 load:0x000000e8
       20745000	      1975	80011ba4	00460723	sb	x4,14(x12)	 x12:0x80033ed3  x4:0x00004023 PA:0x80033ee1 store:0x00004023 load:0x00000000
       20755000	      1976	80011ba8	00e64003	lbu	x0,14(x12)	 x12:0x80033ed3  x0=0x00000000 PA:0x80033ee1 load:0x00000023
       20765000	      1977	80011bac	00022997	auipc	x19,0x22	 x19=0x80033bac
       20775000	      1978	80011bb0	df298993	addi	x19,x19,-526	 x19:0x80033bac x19=0x8003399e
       20785000	      1979	80011bb4	0000100f	fence.i	
       20835000	      1984	80011bb8	03363d33	mulhu	x26,x12,x19	 x12:0x80033ed3 x19:0x8003399e x26=0x40033c42
       20865000	      1987	80011bbc	026f88b3	mul	x17,x31,x6	 x31:0x80038747  x6:0x0000006f x17=0x8187a7c9
       20875000	      1988	80011bc0	ffa99c83	lh	x25,-6(x19)	 x19:0x8003399e x25=0x00004d50 PA:0x80033998 load:0x00004d50
       20885000	      1989	80011bc4	ff698ea3	sb	x22,-3(x19)	 x19:0x8003399e x22:0x00005077 PA:0x8003399b store:0x00005077 load:0x00000000
       20895000	      1990	80011bc8	830e	c.mv	x6,x3	  x0:0x00000000  x3:0x00002d20  x6=0x00002d20
       20905000	      1991	80011bca	5d2ba513	slti	x10,x23,1490	 x23:0xfffffff0 x10=0x00000001
       20915000	      1992	80011bce	00b98183	lb	x3,11(x19)	 x19:0x8003399e  x3=0x0000006e PA:0x800339a9 load:0x0000006e
       20925000	      1993	80011bd2	009702b3	add	x5,x14,x9	 x14:0xfffffffc  x9:0x00000048  x5=0x00000044
       20935000	      1994	80011bd6	0d15	c.addi	x26,5	 x26:0x40033c42 x26=0x40033c47
       20945000	      1995	80011bd8	8e99	c.sub	x13,x14	 x13:0x00000023 x14:0xfffffffc x13=0x00000027
       20955000	      1996	80011bda	415b8a33	sub	x20,x23,x21	 x23:0xfffffff0 x21:0x00000009 x20=0xffffffe7
       20965000	      1997	80011bde	ff499683	lh	x13,-12(x19)	 x19:0x8003399e x13=0xffffcb57 PA:0x80033992 load:0xffffcb57
       20975000	      1998	80011be2	fba8a617	auipc	x12,0xfba8a	 x12=0x7ba9bbe2
       20985000	      1999	80011be6	9b6dab97	auipc	x23,0x9b6da	 x23=0x1b6ebbe6
       20995000	      2000	80011bea	ff99c903	lbu	x18,-7(x19)	 x19:0x8003399e x18=0x00000081 PA:0x80033997 load:0x00000081
       21005000	      2001	80011bee	00961d33	sll	x26,x12,x9	 x12:0x7ba9bbe2  x9:0x00000048 x26=0xa9bbe200
       21015000	      2002	80011bf2	8ce9	c.and	x9,x10	  x9:0x00000048 x10:0x00000001  x9=0x00000000
       21025000	      2003	80011bf4	0dfa	c.slli	x27,0x1e	 x27:0x00000010 x27=0x00000000
       21035000	      2004	80011bf6	070e	c.slli	x14,0x3	 x14:0xfffffffc x14=0xffffffe0
       21045000	      2005	80011bf8	00998703	lb	x14,9(x19)	 x19:0x8003399e x14=0xffffffe3 PA:0x800339a7 load:0xffffffe3
       21055000	      2006	80011bfc	0009d503	lhu	x10,0(x19)	 x19:0x8003399e x10=0x00003285 PA:0x8003399e load:0x00003285
       21065000	      2007	80011c00	ffb98d83	lb	x27,-5(x19)	 x19:0x8003399e x27=0x0000004d PA:0x80033999 load:0x0000004d
       21075000	      2008	80011c04	00299523	sh	x2,10(x19)	 x19:0x8003399e  x2:0x80048e50 PA:0x800339a8 store:0x80048e50 load:0x00000000
       21085000	      2009	80011c08	0039c383	lbu	x7,3(x19)	 x19:0x8003399e  x7=0x000000d0 PA:0x800339a1 load:0x000000d0
       21095000	      2010	80011c0c	8c26	c.mv	x24,x9	  x0:0x00000000  x9:0x00000000 x24=0x00000000
       21105000	      2011	80011c0e	01e012b3	sll	x5,x0,x30	  x0:0x00000000 x30:0xffffffbb  x5=0x00000000
       21115000	      2012	80011c12	ff59cf83	lbu	x31,-11(x19)	 x19:0x8003399e x31=0x000000cb PA:0x80033993 load:0x000000cb
       21125000	      2013	80011c16	8e35	c.xor	x12,x13	 x12:0x7ba9bbe2 x13:0xffffcb57 x12=0x845670b5
       21135000	      2014	80011c18	014fde93	srli	x29,x31,0x14	 x31:0x000000cb x29=0x00000000
       21145000	      2015	80011c1c	e701e913	ori	x18,x3,-400	  x3:0x0000006e x18=0xfffffe7e
       21155000	      2016	80011c20	0cce	c.slli	x25,0x13	 x25:0x00004d50 x25=0x6a800000
       21165000	      2017	80011c22	00f98723	sb	x15,14(x19)	 x19:0x8003399e x15:0x8004cce4 PA:0x800339ac store:0x8004cce4 load:0x00000000
       21175000	      2018	80011c26	00998e03	lb	x28,9(x19)	 x19:0x8003399e x28=0xffffffe3 PA:0x800339a7 load:0xffffffe3
       21185000	      2019	80011c2a	00abe633	or	x12,x23,x10	 x23:0x1b6ebbe6 x10:0x00003285 x12=0x1b6ebbe7
       21195000	      2020	80011c2e	846d	c.srai	x8,0x1b	  x8:0x00000040  x8=0x00000000
       21205000	      2021	80011c30	ff499b83	lh	x23,-12(x19)	 x19:0x8003399e x23=0xffffcb57 PA:0x80033992 load:0xffffcb57
       21215000	      2022	80011c34	01039313	slli	x6,x7,0x10	  x7:0x000000d0  x6=0x00d00000
       21225000	      2023	80011c38	8025	c.srli	x8,0x9	  x8:0x00000000  x8=0x00000000
       21235000	      2024	80011c3a	0c5d	c.addi	x24,23	 x24:0x00000000 x24=0x00000017
       21245000	      2025	80011c3c	00f98203	lb	x4,15(x19)	 x19:0x8003399e  x4=0x0000007f PA:0x800339ad load:0x0000007f
       21255000	      2026	80011c40	00022097	auipc	x1,0x22	  x1=0x80033c40
       21265000	      2027	80011c44	04c08093	addi	x1,x1,76	  x1:0x80033c40  x1=0x80033c8c
       21275000	      2028	80011c48	90a08f03	lb	x30,-1782(x1)	  x1:0x80033c8c x30=0x00000039 PA:0x80033596 load:0x00000039
       21285000	      2029	80011c4c	90a09b03	lh	x22,-1782(x1)	  x1:0x80033c8c x22=0xffff8439 PA:0x80033596 load:0xffff8439
       21295000	      2030	80011c50	cd208883	lb	x17,-814(x1)	  x1:0x80033c8c x17=0x00000063 PA:0x8003395e load:0x00000063
       21305000	      2031	80011c54	95608aa3	sb	x22,-1707(x1)	  x1:0x80033c8c x22:0xffff8439 PA:0x800335e1 store:0xffff8439 load:0x00000000
       21315000	      2032	80011c58	9550ca03	lbu	x20,-1707(x1)	  x1:0x80033c8c x20=0x00000039 PA:0x800335e1 load:0x00000039
       21325000	      2033	80011c5c	9550cd03	lbu	x26,-1707(x1)	  x1:0x80033c8c x26=0x00000039 PA:0x800335e1 load:0x00000039
       21335000	      2034	80011c60	94708aa3	sb	x7,-1707(x1)	  x1:0x80033c8c  x7:0x000000d0 PA:0x800335e1 store:0x000000d0 load:0x00000000
       21345000	      2035	80011c64	95508583	lb	x11,-1707(x1)	  x1:0x80033c8c x11=0xffffffd0 PA:0x800335e1 load:0xffffffd0
       21355000	      2036	80011c68	95508d83	lb	x27,-1707(x1)	  x1:0x80033c8c x27=0xffffffd0 PA:0x800335e1 load:0xffffffd0
       21365000	      2037	80011c6c	daf088a3	sb	x15,-591(x1)	  x1:0x80033c8c x15:0x8004cce4 PA:0x80033a3d store:0x8004cce4 load:0x00000000
       21375000	      2038	80011c70	99009823	sh	x16,-1648(x1)	  x1:0x80033c8c x16:0xffff950c PA:0x8003361c store:0xffff950c load:0x00000000
       21385000	      2039	80011c74	f2708f03	lb	x30,-217(x1)	  x1:0x80033c8c x30=0xffffffe9 PA:0x80033bb3 load:0xffffffe9
       21425000	      2043	80011c78	02a99533	mulh	x10,x19,x10	 x19:0x8003399e x10:0x00003285 x10=0xffffe6be
       21435000	      2044	80011c7c	f3f083a3	sb	x31,-217(x1)	  x1:0x80033c8c x31:0x000000cb PA:0x80033bb3 store:0x000000cb load:0x00000000
       21445000	      2045	80011c80	41683593	sltiu	x11,x16,1046	 x16:0xffff950c x11=0x00000000
       21455000	      2046	80011c84	f270c183	lbu	x3,-217(x1)	  x1:0x80033c8c  x3=0x000000cb PA:0x80033bb3 load:0x000000cb
       21465000	      2047	80011c88	f2a083a3	sb	x10,-217(x1)	  x1:0x80033c8c x10:0xffffe6be PA:0x80033bb3 store:0xffffe6be load:0x00000000
       21475000	      2048	80011c8c	f270c303	lbu	x6,-217(x1)	  x1:0x80033c8c  x6=0x000000be PA:0x80033bb3 load:0x000000be
       21485000	      2049	80011c90	f270c003	lbu	x0,-217(x1)	  x1:0x80033c8c  x0=0x00000000 PA:0x80033bb3 load:0x000000be
       21495000	      2050	80011c94	25d0ae23	sw	x29,604(x1)	  x1:0x80033c8c x29:0x00000000 PA:0x80033ee8 store:0x00000000 load:0x00000000
       21505000	      2051	80011c98	25c08903	lb	x18,604(x1)	  x1:0x80033c8c x18=0x00000000 PA:0x80033ee8 load:0x00000000
       21515000	      2052	80011c9c	0002a217	auipc	x4,0x2a	  x4=0x8003bc9c
       21525000	      2053	80011ca0	47420213	addi	x4,x4,1140	  x4:0x8003bc9c  x4=0x8003c110
       21535000	      2054	80011ca4	8a324c83	lbu	x25,-1885(x4)	  x4:0x8003c110 x25=0x000000ff PA:0x8003b9b3 load:0x000000ff
       21545000	      2055	80011ca8	00022c17	auipc	x24,0x22	 x24=0x80033ca8
       21555000	      2056	80011cac	ea8c0c13	addi	x24,x24,-344	 x24:0x80033ca8 x24=0x80033b50
       21565000	      2057	80011cb0	01cc4883	lbu	x17,28(x24)	 x24:0x80033b50 x17=0x000000aa PA:0x80033b6c load:0x000000aa
       21575000	      2058	80011cb4	1e720483	lb	x9,487(x4)	  x4:0x8003c110  x9=0xfffffff5 PA:0x8003c2f7 load:0xfffffff5
       21585000	      2059	80011cb8	fd2c1f03	lh	x30,-46(x24)	 x24:0x80033b50 x30=0x00004c05 PA:0x80033b22 load:0x00004c05
       21595000	      2060	80011cbc	80d20d23	sb	x13,-2022(x4)	  x4:0x8003c110 x13:0xffffcb57 PA:0x8003b92a store:0xffffcb57 load:0x00000000
       21605000	      2061	80011cc0	d2021d83	lh	x27,-736(x4)	  x4:0x8003c110 x27=0x00005fa7 PA:0x8003be30 load:0x00005fa7
       21615000	      2062	80011cc4	df720403	lb	x8,-521(x4)	  x4:0x8003c110  x8=0x0000007f PA:0x8003bf07 load:0x0000007f
       21625000	      2063	80011cc8	fe8c1e03	lh	x28,-24(x24)	 x24:0x80033b50 x28=0x000008eb PA:0x80033b38 load:0x000008eb
       21635000	      2064	80011ccc	d8e21b03	lh	x22,-626(x4)	  x4:0x8003c110 x22=0x00006412 PA:0x8003be9e load:0x00006412
       21645000	      2065	80011cd0	014c5583	lhu	x11,20(x24)	 x24:0x80033b50 x11=0x0000299f PA:0x80033b64 load:0x0000299f
       21655000	      2066	80011cd4	feac0023	sb	x10,-32(x24)	 x24:0x80033b50 x10:0xffffe6be PA:0x80033b30 store:0xffffe6be load:0x00000000
       21665000	      2067	80011cd8	040c1983	lh	x19,64(x24)	 x24:0x80033b50 x19=0xffffef10 PA:0x80033b90 load:0xffffef10
       21675000	      2068	80011cdc	00022697	auipc	x13,0x22	 x13=0x80033cdc
       21685000	      2069	80011ce0	81e68693	addi	x13,x13,-2018	 x13:0x80033cdc x13=0x800334fa
       21695000	      2070	80011ce4	00568203	lb	x4,5(x13)	 x13:0x800334fa  x4=0xffffffd7 PA:0x800334ff load:0xffffffd7
       21705000	      2071	80011ce8	417f5213	srai	x4,x30,0x17	 x30:0x00004c05  x4=0x00000000
       22075000	      2108	80011cec	02f6cd33	div	x26,x13,x15	 x13:0x800334fa x15:0x8004cce4 x26=0x00000001
       22085000	      2109	80011cf0	cb052593	slti	x11,x10,-848	 x10:0xffffe6be x11=0x00000001
       22095000	      2110	80011cf4	8da1	c.xor	x11,x8	 x11:0x00000001  x8:0x0000007f x11=0x0000007e
       22105000	      2111	80011cf6	01c71533	sll	x10,x14,x28	 x14:0xffffffe3 x28:0x000008eb x10=0xffff1800
       22115000	      2112	80011cfa	ff368f23	sb	x19,-2(x13)	 x13:0x800334fa x19:0xffffef10 PA:0x800334f8 store:0xffffef10 load:0x00000000
       22125000	      2113	80011cfe	0000100f	fence.i	
       22145000	      2115	80011d02	0001	c.addi	x0,0	  x0:0x00000000  x0=0x00000000
       22155000	      2116	80011d04	df0c2e93	slti	x29,x24,-528	 x24:0x80033b50 x29=0x00000001
       22165000	      2117	80011d08	0056cc83	lbu	x25,5(x13)	 x13:0x800334fa x25=0x000000d7 PA:0x800334ff load:0x000000d7
       22185000	      2119	80011d0c	0203de33	divu	x28,x7,x0	  x7:0x000000d0  x0:0x00000000 x28=0xffffffff
       22195000	      2120	80011d10	00469003	lh	x0,4(x13)	 x13:0x800334fa  x0=0x00000000 PA:0x800334fe load:0xffffd74c
       22205000	      2121	80011d14	ff76ce03	lbu	x28,-9(x13)	 x13:0x800334fa x28=0x000000c4 PA:0x800334f1 load:0x000000c4
       22215000	      2122	80011d18	0001	c.addi	x0,0	  x0:0x00000000  x0=0x00000000
       22225000	      2123	80011d1a	00d6c283	lbu	x5,13(x13)	 x13:0x800334fa  x5=0x0000000a PA:0x80033507 load:0x0000000a
       22235000	      2124	80011d1e	ff86ad23	sw	x24,-6(x13)	 x13:0x800334fa x24:0x80033b50 PA:0x800334f4 store:0x80033b50 load:0x00000000
       22245000	      2125	80011d22	710f9fb7	lui	x31,0x710f9	 x31=0x710f9000
       22255000	      2126	80011d26	33b53c93	sltiu	x25,x10,827	 x10:0xffff1800 x25=0x00000000
       22265000	      2127	80011d2a	00e686a3	sb	x14,13(x13)	 x13:0x800334fa x14:0xffffffe3 PA:0x80033507 store:0xffffffe3 load:0x00000000
       22275000	      2128	80011d2e	0036c583	lbu	x11,3(x13)	 x13:0x800334fa x11=0x0000004b PA:0x800334fd load:0x0000004b
       22285000	      2129	80011d32	fe668ca3	sb	x6,-7(x13)	 x13:0x800334fa  x6:0x000000be PA:0x800334f3 store:0x000000be load:0x00000000
       22295000	      2130	80011d36	015684a3	sb	x21,9(x13)	 x13:0x800334fa x21:0x00000009 PA:0x80033503 store:0x00000009 load:0x00000000
       22305000	      2131	80011d3a	00022f97	auipc	x31,0x22	 x31=0x80033d3a
       22315000	      2132	80011d3e	dacf8f93	addi	x31,x31,-596	 x31:0x80033d3a x31=0x80033ae6
       22325000	      2133	80011d42	d9af8303	lb	x6,-614(x31)	 x31:0x80033ae6  x6=0x00000032 PA:0x80033880 load:0x00000032
       22335000	      2134	80011d46	52efa283	lw	x5,1326(x31)	 x31:0x80033ae6  x5=0x32665f67 PA:0x80034014 load:0x32665f67
       22345000	      2135	80011d4a	fc7f8c83	lb	x25,-57(x31)	 x31:0x80033ae6 x25=0x00000001 PA:0x80033aad load:0x00000001
       22355000	      2136	80011d4e	fc7fce03	lbu	x28,-57(x31)	 x31:0x80033ae6 x28=0x00000001 PA:0x80033aad load:0x00000001
       22365000	      2137	80011d52	1b5f8583	lb	x11,437(x31)	 x31:0x80033ae6 x11=0xffffffe3 PA:0x80033c9b load:0xffffffe3
       22375000	      2138	80011d56	1a6f8aa3	sb	x6,437(x31)	 x31:0x80033ae6  x6:0x00000032 PA:0x80033c9b store:0x00000032 load:0x00000000
       22385000	      2139	80011d5a	1b5f8383	lb	x7,437(x31)	 x31:0x80033ae6  x7=0x00000032 PA:0x80033c9b load:0x00000032
       22395000	      2140	80011d5e	1faf9923	sh	x26,498(x31)	 x31:0x80033ae6 x26:0x00000001 PA:0x80033cd8 store:0x00000001 load:0x00000000
       22405000	      2141	80011d62	1f2f9503	lh	x10,498(x31)	 x31:0x80033ae6 x10=0x00000001 PA:0x80033cd8 load:0x00000001
       22415000	      2142	80011d66	073f8383	lb	x7,115(x31)	 x31:0x80033ae6  x7=0x00000007 PA:0x80033b59 load:0x00000007
       22425000	      2143	80011d6a	79ee8a13	addi	x20,x29,1950	 x29:0x00000001 x20=0x0000079f
       22435000	      2144	80011d6e	073fc383	lbu	x7,115(x31)	 x31:0x80033ae6  x7=0x00000007 PA:0x80033b59 load:0x00000007
       22445000	      2145	80011d72	a450b093	sltiu	x1,x1,-1467	  x1:0x80033c8c  x1=0x00000001
       22455000	      2146	80011d76	1f7f8ba3	sb	x23,503(x31)	 x31:0x80033ae6 x23:0xffffcb57 PA:0x80033cdd store:0xffffcb57 load:0x00000000
       22465000	      2147	80011d7a	3c7f89a3	sb	x7,979(x31)	 x31:0x80033ae6  x7:0x00000007 PA:0x80033eb9 store:0x00000007 load:0x00000000
       22475000	      2148	80011d7e	3cff89a3	sb	x15,979(x31)	 x31:0x80033ae6 x15:0x8004cce4 PA:0x80033eb9 store:0x8004cce4 load:0x00000000
       22485000	      2149	80011d82	f25f8403	lb	x8,-219(x31)	 x31:0x80033ae6  x8=0xffffffd7 PA:0x80033a0b load:0xffffffd7
       22495000	      2150	80011d86	e36f9983	lh	x19,-458(x31)	 x31:0x80033ae6 x19=0xffffd698 PA:0x8003391c load:0xffffd698
       22505000	      2151	80011d8a	00030897	auipc	x17,0x30	 x17=0x80041d8a
       22515000	      2152	80011d8e	3c188893	addi	x17,x17,961	 x17:0x80041d8a x17=0x8004214b
       22525000	      2153	80011d92	f0e88323	sb	x14,-250(x17)	 x17:0x8004214b x14:0xffffffe3 PA:0x80042051 store:0xffffffe3 load:0x00000000
       22535000	      2154	80011d96	00022c17	auipc	x24,0x22	 x24=0x80033d96
       22545000	      2155	80011d9a	c24c0c13	addi	x24,x24,-988	 x24:0x80033d96 x24=0x800339ba
       22555000	      2156	80011d9e	ffdc0083	lb	x1,-3(x24)	 x24:0x800339ba  x1=0xfffffff4 PA:0x800339b7 load:0xfffffff4
       22565000	      2157	80011da2	ff7c0f03	lb	x30,-9(x24)	 x24:0x800339ba x30=0x00000032 PA:0x800339b1 load:0x00000032
       22575000	      2158	80011da6	0028c083	lbu	x1,2(x17)	 x17:0x8004214b  x1=0x0000002c PA:0x8004214d load:0x0000002c
       22585000	      2159	80011daa	004c0623	sb	x4,12(x24)	 x24:0x800339ba  x4:0x00000000 PA:0x800339c6 store:0x00000000 load:0x00000000
       22595000	      2160	80011dae	006c1b83	lh	x23,6(x24)	 x24:0x800339ba x23=0x00001a63 PA:0x800339c0 load:0x00001a63
       22615000	      2162	80011db2	fd789da3	sh	x23,-37(x17)	 x17:0x8004214b x23:0x00001a63 PA:0x80042126 store:0x00001a63 load:0x00000000
       22625000	      2163	80011db6	0e98aca3	sw	x9,249(x17)	 x17:0x8004214b  x9:0xfffffff5 PA:0x80042244 store:0xfffffff5 load:0x00000000
       22635000	      2164	80011dba	09e8c803	lbu	x16,158(x17)	 x17:0x8004214b x16=0x00000080 PA:0x800421e9 load:0x00000080
       22645000	      2165	80011dbe	00fc4d83	lbu	x27,15(x24)	 x24:0x800339ba x27=0x00000013 PA:0x800339c9 load:0x00000013
       22655000	      2166	80011dc2	f9088c23	sb	x16,-104(x17)	 x17:0x8004214b x16:0x00000080 PA:0x800420e3 store:0x00000080 load:0x00000000
       22665000	      2167	80011dc6	006c1f83	lh	x31,6(x24)	 x24:0x800339ba x31=0x00001a63 PA:0x800339c0 load:0x00001a63
       22675000	      2168	80011dca	003c01a3	sb	x3,3(x24)	 x24:0x800339ba  x3:0x000000cb PA:0x800339bd store:0x000000cb load:0x00000000
       22685000	      2169	80011dce	f7988e83	lb	x29,-135(x17)	 x17:0x8004214b x29=0x00000021 PA:0x800420c4 load:0x00000021
       22695000	      2170	80011dd2	00031617	auipc	x12,0x31	 x12=0x80042dd2
       22705000	      2171	80011dd6	f7b60613	addi	x12,x12,-133	 x12:0x80042dd2 x12=0x80042d4d
       22715000	      2172	80011dda	00022217	auipc	x4,0x22	  x4=0x80033dda
       22725000	      2173	80011dde	d6d20213	addi	x4,x4,-659	  x4:0x80033dda  x4=0x80033b47
       22735000	      2174	80011de2	ff060e03	lb	x28,-16(x12)	 x12:0x80042d4d x28=0x00000032 PA:0x80042d3d load:0x00000032
       22745000	      2175	80011de6	009214a3	sh	x9,9(x4)	  x4:0x80033b47  x9:0xfffffff5 PA:0x80033b50 store:0xfffffff5 load:0x00000000
       22755000	      2176	80011dea	ff260983	lb	x19,-14(x12)	 x12:0x80042d4d x19=0xffffffb5 PA:0x80042d3f load:0xffffffb5
       22765000	      2177	80011dee	ffb65d03	lhu	x26,-5(x12)	 x12:0x80042d4d x26=0x000076f1 PA:0x80042d48 load:0x000076f1
       22775000	      2178	80011df2	fd921003	lh	x0,-39(x4)	  x4:0x80033b47  x0=0x00000000 PA:0x80033b20 load:0xffffdf83
       22785000	      2179	80011df6	00a64283	lbu	x5,10(x12)	 x12:0x80042d4d  x5=0x00000046 PA:0x80042d57 load:0x00000046
       22795000	      2180	80011dfa	ff624983	lbu	x19,-10(x4)	  x4:0x80033b47 x19=0x000000d3 PA:0x80033b3d load:0x000000d3
       22805000	      2181	80011dfe	ffa61fa3	sh	x26,-1(x12)	 x12:0x80042d4d x26:0x000076f1 PA:0x80042d4c store:0x000076f1 load:0x00000000
       22815000	      2182	80011e02	ff560e83	lb	x29,-11(x12)	 x12:0x80042d4d x29=0xffffff8a PA:0x80042d42 load:0xffffff8a
       22825000	      2183	80011e06	01a602a3	sb	x26,5(x12)	 x12:0x80042d4d x26:0x000076f1 PA:0x80042d52 store:0x000076f1 load:0x00000000
       22835000	      2184	80011e0a	fe960d23	sb	x9,-6(x12)	 x12:0x80042d4d  x9:0xfffffff5 PA:0x80042d47 store:0xfffffff5 load:0x00000000
       22845000	      2185	80011e0e	01721b03	lh	x22,23(x4)	  x4:0x80033b47 x22=0xffff8d06 PA:0x80033b5e load:0xffff8d06
       22855000	      2186	80011e12	00460d83	lb	x27,4(x12)	 x12:0x80042d4d x27=0x00000045 PA:0x80042d51 load:0x00000045
       22865000	      2187	80011e16	00f64883	lbu	x17,15(x12)	 x12:0x80042d4d x17=0x0000000a PA:0x80042d5c load:0x0000000a
       22885000	      2189	80011e1a	ff120da3	sb	x17,-5(x4)	  x4:0x80033b47 x17:0x0000000a PA:0x80033b42 store:0x0000000a load:0x00000000
       22895000	      2190	80011e1e	00021e97	auipc	x29,0x21	 x29=0x80032e1e
       22905000	      2191	80011e22	5fbe8e93	addi	x29,x29,1531	 x29:0x80032e1e x29=0x80033419
       22915000	      2192	80011e26	1f1e9403	lh	x8,497(x29)	 x29:0x80033419  x8=0xffffbb58 PA:0x8003360a load:0xffffbb58
       22925000	      2193	80011e2a	1f1e8f03	lb	x30,497(x29)	 x29:0x80033419 x30=0x00000058 PA:0x8003360a load:0x00000058
       22935000	      2194	80011e2e	fbaeca03	lbu	x20,-70(x29)	 x29:0x80033419 x20=0x00000051 PA:0x800333d3 load:0x00000051
       22945000	      2195	80011e32	fbee8d23	sb	x30,-70(x29)	 x29:0x80033419 x30:0x00000058 PA:0x800333d3 store:0x00000058 load:0x00000000
       22955000	      2196	80011e36	fb5e8d23	sb	x21,-70(x29)	 x29:0x80033419 x21:0x00000009 PA:0x800333d3 store:0x00000009 load:0x00000000
       22965000	      2197	80011e3a	5b6ec503	lbu	x10,1462(x29)	 x29:0x80033419 x10=0x00000079 PA:0x800339cf load:0x00000079
       22975000	      2198	80011e3e	8f79	c.and	x14,x14	 x14:0xffffffe3 x14:0xffffffe3 x14=0xffffffe3
       22985000	      2199	80011e40	5b6e8d03	lb	x26,1462(x29)	 x29:0x80033419 x26=0x00000079 PA:0x800339cf load:0x00000079
       22995000	      2200	80011e44	112e8003	lb	x0,274(x29)	 x29:0x80033419  x0=0x00000000 PA:0x8003352b load:0xffffff8f
       23005000	      2201	80011e48	7a8ecf03	lbu	x30,1960(x29)	 x29:0x80033419 x30=0x000000b2 PA:0x80033bc1 load:0x000000b2
       23015000	      2202	80011e4c	7a8e8483	lb	x9,1960(x29)	 x29:0x80033419  x9=0xffffffb2 PA:0x80033bc1 load:0xffffffb2
       23025000	      2203	80011e50	c42ecb03	lbu	x22,-958(x29)	 x29:0x80033419 x22=0x0000004b PA:0x8003305b load:0x0000004b
       23035000	      2204	80011e54	c42ec203	lbu	x4,-958(x29)	 x29:0x80033419  x4=0x0000004b PA:0x8003305b load:0x0000004b
       23045000	      2205	80011e58	ce8e8d23	sb	x8,-774(x29)	 x29:0x80033419  x8:0xffffbb58 PA:0x80033113 store:0xffffbb58 load:0x00000000
       23055000	      2206	80011e5c	00022497	auipc	x9,0x22	  x9=0x80033e5c
       23065000	      2207	80011e60	1ec48493	addi	x9,x9,492	  x9:0x80033e5c  x9=0x80034048
       23075000	      2208	80011e64	457c9cb7	lui	x25,0x457c9	 x25=0x457c9000
       23085000	      2209	80011e68	94e6	c.add	x9,x25	  x9:0x80034048 x25:0x457c9000  x9=0xc57fd048
       23095000	      2210	80011e6a	9e048623	sb	x0,-1556(x9)	  x9:0xc57fd048  x0:0x00000000 PA:0xc57fca34 store:0x00000000 load:0x00000000
       23105000	      2211	80011e6e	901481a3	sb	x1,-1789(x9)	  x9:0xc57fd048  x1:0x0000002c PA:0xc57fc94b store:0x0000002c load:0x00000000
       23115000	      2212	80011e72	c2248223	sb	x2,-988(x9)	  x9:0xc57fd048  x2:0x80048e50 PA:0xc57fcc6c store:0x80048e50 load:0x00000000
       23125000	      2213	80011e76	36348623	sb	x3,876(x9)	  x9:0xc57fd048  x3:0x000000cb PA:0xc57fd3b4 store:0x000000cb load:0x00000000
       23135000	      2214	80011e7a	b66483a3	sb	x6,-1177(x9)	  x9:0xc57fd048  x6:0x00000032 PA:0xc57fcbaf store:0x00000032 load:0x00000000
       23145000	      2215	80011e7e	8a25	c.andi	x12,9	 x12:0x80042d4d x12=0x00000009
       23155000	      2216	80011e80	4a36a293	slti	x5,x13,1187	 x13:0x800334fa  x5=0x00000001
       23165000	      2217	80011e84	9ec4cf83	lbu	x31,-1556(x9)	  x9:0xc57fd048 x31=0x00000000 PA:0xc57fca34 load:0x00000000
       23175000	      2218	80011e88	9034c503	lbu	x10,-1789(x9)	  x9:0xc57fd048 x10=0x0000002c PA:0xc57fc94b load:0x0000002c
       23185000	      2219	80011e8c	01549f33	sll	x30,x9,x21	  x9:0xc57fd048 x21:0x00000009 x30=0xffa09000
       23195000	      2220	80011e90	832d	c.srli	x14,0xb	 x14:0xffffffe3 x14=0x001fffff
       23205000	      2221	80011e92	c2448583	lb	x11,-988(x9)	  x9:0xc57fd048 x11=0x00000050 PA:0xc57fcc6c load:0x00000050
       23215000	      2222	80011e96	36c48383	lb	x7,876(x9)	  x9:0xc57fd048  x7=0xffffffcb PA:0xc57fd3b4 load:0xffffffcb
       23225000	      2223	80011e9a	d964aa23	sw	x22,-620(x9)	  x9:0xc57fd048 x22:0x0000004b PA:0xc57fcddc store:0x0000004b load:0x00000000
       23235000	      2224	80011e9e	b6b481a3	sb	x11,-1181(x9)	  x9:0xc57fd048 x11:0x00000050 PA:0xc57fcbab store:0x00000050 load:0x00000000
       23245000	      2225	80011ea2	81bd	c.srli	x11,0xf	 x11:0x00000050 x11=0x00000000
       23255000	      2226	80011ea4	8551	c.srai	x10,0x14	 x10:0x0000002c x10=0x00000000
       23265000	      2227	80011ea6	b674c003	lbu	x0,-1177(x9)	  x9:0xc57fd048  x0=0x00000000 PA:0xc57fcbaf load:0x00000032
       23275000	      2228	80011eaa	8709	c.srai	x14,0x2	 x14:0x001fffff x14=0x0007ffff
       23285000	      2229	80011eac	30c49b23	sh	x12,790(x9)	  x9:0xc57fd048 x12:0x00000009 PA:0xc57fd35e store:0x00000009 load:0x00000000
       23295000	      2230	80011eb0	00028297	auipc	x5,0x28	  x5=0x80039eb0
       23305000	      2231	80011eb4	40e28293	addi	x5,x5,1038	  x5:0x80039eb0  x5=0x8003a2be
       23315000	      2232	80011eb8	00022f97	auipc	x31,0x22	 x31=0x80033eb8
       23325000	      2233	80011ebc	dd7f8f93	addi	x31,x31,-553	 x31:0x80033eb8 x31=0x80033c8f
       23335000	      2234	80011ec0	ff928403	lb	x8,-7(x5)	  x5:0x8003a2be  x8=0x00000000 PA:0x8003a2b7 load:0x00000000
       23345000	      2235	80011ec4	00bfd203	lhu	x4,11(x31)	 x31:0x80033c8f  x4=0x000032b2 PA:0x80033c9a load:0x000032b2
       23355000	      2236	80011ec8	fe6f8ea3	sb	x6,-3(x31)	 x31:0x80033c8f  x6:0x00000032 PA:0x80033c8c store:0x00000032 load:0x00000000
       23365000	      2237	80011ecc	ff02cc83	lbu	x25,-16(x5)	  x5:0x8003a2be x25=0x00000043 PA:0x8003a2ae load:0x00000043
       23375000	      2238	80011ed0	ffafc083	lbu	x1,-6(x31)	 x31:0x80033c8f  x1=0x000000d4 PA:0x80033c89 load:0x000000d4
       23385000	      2239	80011ed4	00128883	lb	x17,1(x5)	  x5:0x8003a2be x17=0xffffffff PA:0x8003a2bf load:0xffffffff
       23395000	      2240	80011ed8	ffafc003	lbu	x0,-6(x31)	 x31:0x80033c8f  x0=0x00000000 PA:0x80033c89 load:0x000000d4
       23405000	      2241	80011edc	00829803	lh	x16,8(x5)	  x5:0x8003a2be x16=0xffffcc59 PA:0x8003a2c6 load:0xffffcc59
       23415000	      2242	80011ee0	000f8023	sb	x0,0(x31)	 x31:0x80033c8f  x0:0x00000000 PA:0x80033c8f store:0x00000000 load:0x00000000
       23425000	      2243	80011ee4	01a283a3	sb	x26,7(x5)	  x5:0x8003a2be x26:0x00000079 PA:0x8003a2c5 store:0x00000079 load:0x00000000
       23435000	      2244	80011ee8	ffbf88a3	sb	x27,-15(x31)	 x31:0x80033c8f x27:0x00000045 PA:0x80033c80 store:0x00000045 load:0x00000000
       23445000	      2245	80011eec	ffc28a23	sb	x28,-12(x5)	  x5:0x8003a2be x28:0x00000032 PA:0x8003a2b2 store:0x00000032 load:0x00000000
       23455000	      2246	80011ef0	006f8723	sb	x6,14(x31)	 x31:0x80033c8f  x6:0x00000032 PA:0x80033c9d store:0x00000032 load:0x00000000
       23465000	      2247	80011ef4	0022d403	lhu	x8,2(x5)	  x5:0x8003a2be  x8=0x00005d59 PA:0x8003a2c0 load:0x00005d59
       23475000	      2248	80011ef8	004fc703	lbu	x14,4(x31)	 x31:0x80033c8f x14=0x00000069 PA:0x80033c93 load:0x00000069
       23485000	      2249	80011efc	00a29023	sh	x10,0(x5)	  x5:0x8003a2be x10:0x00000000 PA:0x8003a2be store:0x00000000 load:0x00000000
       23495000	      2250	80011f00	00022f17	auipc	x30,0x22	 x30=0x80033f00
       23505000	      2251	80011f04	148f0f13	addi	x30,x30,328	 x30:0x80033f00 x30=0x80034048
       23515000	      2252	80011f08	4f36fe37	lui	x28,0x4f36f	 x28=0x4f36f000
       23525000	      2253	80011f0c	9f72	c.add	x30,x28	 x30:0x80034048 x28:0x4f36f000 x30=0xcf3a3048
       23535000	      2254	80011f0e	002f0ca3	sb	x2,25(x30)	 x30:0xcf3a3048  x2:0x80048e50 PA:0xcf3a3061 store:0x80048e50 load:0x00000000
       23545000	      2255	80011f12	0e3f0da3	sb	x3,251(x30)	 x30:0xcf3a3048  x3:0x000000cb PA:0xcf3a3143 store:0x000000cb load:0x00000000
       23555000	      2256	80011f16	504f0da3	sb	x4,1307(x30)	 x30:0xcf3a3048  x4:0x000032b2 PA:0xcf3a3563 store:0x000032b2 load:0x00000000
       23565000	      2257	80011f1a	3c5f2a23	sw	x5,980(x30)	 x30:0xcf3a3048  x5:0x8003a2be PA:0xcf3a341c store:0x8003a2be load:0x00000000
       23575000	      2258	80011f1e	a47f01a3	sb	x7,-1469(x30)	 x30:0xcf3a3048  x7:0xffffffcb PA:0xcf3a2a8b store:0xffffffcb load:0x00000000
       23945000	      2295	80011f22	031944b3	div	x9,x18,x17	 x18:0x00000000 x17:0xffffffff  x9=0x00000000
       23955000	      2296	80011f26	935f2023	sw	x21,-1760(x30)	 x30:0xcf3a3048 x21:0x00000009 PA:0xcf3a2968 store:0x00000009 load:0x00000000
       23965000	      2297	80011f2a	a8cf2423	sw	x12,-1400(x30)	 x30:0xcf3a3048 x12:0x00000009 PA:0xcf3a2ad0 store:0x00000009 load:0x00000000
       23975000	      2298	80011f2e	019f4603	lbu	x12,25(x30)	 x30:0xcf3a3048 x12=0x00000050 PA:0xcf3a3061 load:0x00000050
       24345000	      2335	80011f32	03426d33	rem	x26,x4,x20	  x4:0x000032b2 x20:0x00000051 x26=0x00000012
       24355000	      2336	80011f36	62c9	c.lui	x5,0x12	  x5=0x00012000
       24365000	      2337	80011f38	1040e593	ori	x11,x1,260	  x1:0x000000d4 x11=0x000001d4
       24375000	      2338	80011f3c	0fbf0003	lb	x0,251(x30)	 x30:0xcf3a3048  x0=0x00000000 PA:0xcf3a3143 load:0xffffffcb
       24385000	      2339	80011f40	51bf0803	lb	x16,1307(x30)	 x30:0xcf3a3048 x16=0xffffffb2 PA:0xcf3a3563 load:0xffffffb2
       24395000	      2340	80011f44	3d4f2183	lw	x3,980(x30)	 x30:0xcf3a3048  x3=0x8003a2be PA:0xcf3a341c load:0x8003a2be
       24405000	      2341	80011f48	8d55	c.or	x10,x13	 x10:0x00000000 x13:0x800334fa x10=0x800334fa
       24415000	      2342	80011f4a	1cb04693	xori	x13,x0,459	  x0:0x00000000 x13=0x000001cb
       24425000	      2343	80011f4e	f42f0123	sb	x2,-190(x30)	 x30:0xcf3a3048  x2:0x80048e50 PA:0xcf3a2f8a store:0x80048e50 load:0x00000000
       24435000	      2344	80011f52	a43f4d83	lbu	x27,-1469(x30)	 x30:0xcf3a3048 x27=0x000000cb PA:0xcf3a2a8b load:0x000000cb
       24445000	      2345	80011f56	00022597	auipc	x11,0x22	 x11=0x80033f56
       24455000	      2346	80011f5a	fae58593	addi	x11,x11,-82	 x11:0x80033f56 x11=0x80033f04
       24465000	      2347	80011f5e	ff358f83	lb	x31,-13(x11)	 x11:0x80033f04 x31=0x00000015 PA:0x80033ef7 load:0x00000015
       24475000	      2348	80011f62	0002df17	auipc	x30,0x2d	 x30=0x8003ef62
       24485000	      2349	80011f66	fbaf0f13	addi	x30,x30,-70	 x30:0x8003ef62 x30=0x8003ef1c
       24495000	      2350	80011f6a	012f1503	lh	x10,18(x30)	 x30:0x8003ef1c x10=0xffff8ebc PA:0x8003ef2e load:0xffff8ebc
       24505000	      2351	80011f6e	fe259883	lh	x17,-30(x11)	 x11:0x80033f04 x17=0x00002e64 PA:0x80033ee6 load:0x00002e64
       24515000	      2352	80011f72	00858283	lb	x5,8(x11)	 x11:0x80033f04  x5=0x0000006b PA:0x80033f0c load:0x0000006b
       24525000	      2353	80011f76	2adf0c83	lb	x25,685(x30)	 x30:0x8003ef1c x25=0xffffff89 PA:0x8003f1c9 load:0xffffff89
       24535000	      2354	80011f7a	01f58ba3	sb	x31,23(x11)	 x11:0x80033f04 x31:0x00000015 PA:0x80033f1b store:0x00000015 load:0x00000000
       24545000	      2355	80011f7e	e62f5503	lhu	x10,-414(x30)	 x30:0x8003ef1c x10=0x00005fed PA:0x8003ed7e load:0x00005fed
       24555000	      2356	80011f82	ffe58403	lb	x8,-2(x11)	 x11:0x80033f04  x8=0xffffffe3 PA:0x80033f02 load:0xffffffe3
       24565000	      2357	80011f86	60ff02a3	sb	x15,1541(x30)	 x30:0x8003ef1c x15:0x8004cce4 PA:0x8003f521 store:0x8004cce4 load:0x00000000
       24575000	      2358	80011f8a	ffe59b03	lh	x22,-2(x11)	 x11:0x80033f04 x22=0xffffc3e3 PA:0x80033f02 load:0xffffc3e3
       24585000	      2359	80011f8e	02f5cf83	lbu	x31,47(x11)	 x11:0x80033f04 x31=0x000000a8 PA:0x80033f33 load:0x000000a8
       24595000	      2360	80011f92	fe058003	lb	x0,-32(x11)	 x11:0x80033f04  x0=0x00000000 PA:0x80033ee4 load:0xffffffcb
       24605000	      2361	80011f96	e37f0f83	lb	x31,-457(x30)	 x30:0x8003ef1c x31=0x00000001 PA:0x8003ed53 load:0x00000001
       24615000	      2362	80011f9a	35ff4683	lbu	x13,863(x30)	 x30:0x8003ef1c x13=0x00000060 PA:0x8003f27b load:0x00000060
       24625000	      2363	80011f9e	0002de97	auipc	x29,0x2d	 x29=0x8003ef9e
       24635000	      2364	80011fa2	827e8e93	addi	x29,x29,-2009	 x29:0x8003ef9e x29=0x8003e7c5
       24675000	      2368	80011fa6	02ec13b3	mulh	x7,x24,x14	 x24:0x800339ba x14:0x00000069  x7=0xffffffcb
       24685000	      2369	80011faa	feaec683	lbu	x13,-22(x29)	 x29:0x8003e7c5 x13=0x000000ae PA:0x8003e7af load:0x000000ae
       24695000	      2370	80011fae	fc1e9483	lh	x9,-63(x29)	 x29:0x8003e7c5  x9=0x0000747c PA:0x8003e786 load:0x0000747c
       24705000	      2371	80011fb2	fd5e80a3	sb	x21,-63(x29)	 x29:0x8003e7c5 x21:0x00000009 PA:0x8003e786 store:0x00000009 load:0x00000000
       24715000	      2372	80011fb6	fcbe90a3	sh	x11,-63(x29)	 x29:0x8003e7c5 x11:0x80033f04 PA:0x8003e786 store:0x80033f04 load:0x00000000
       24725000	      2373	80011fba	fc1ecc83	lbu	x25,-63(x29)	 x29:0x8003e7c5 x25=0x00000004 PA:0x8003e786 load:0x00000004
       24735000	      2374	80011fbe	fc9e90a3	sh	x9,-63(x29)	 x29:0x8003e7c5  x9:0x0000747c PA:0x8003e786 store:0x0000747c load:0x00000000
       24745000	      2375	80011fc2	fc1ec803	lbu	x16,-63(x29)	 x29:0x8003e7c5 x16=0x0000007c PA:0x8003e786 load:0x0000007c
       24755000	      2376	80011fc6	fc1e9183	lh	x3,-63(x29)	 x29:0x8003e7c5  x3=0x0000747c PA:0x8003e786 load:0x0000747c
       24765000	      2377	80011fca	f42ec303	lbu	x6,-190(x29)	 x29:0x8003e7c5  x6=0x00000068 PA:0x8003e707 load:0x00000068
       24775000	      2378	80011fce	a62e2e13	slti	x28,x28,-1438	 x28:0x4f36f000 x28=0x00000000
       24785000	      2379	80011fd2	033e8903	lb	x18,51(x29)	 x29:0x8003e7c5 x18=0x0000003d PA:0x8003e7f8 load:0x0000003d
       24795000	      2380	80011fd6	02dea9a3	sw	x13,51(x29)	 x29:0x8003e7c5 x13:0x000000ae PA:0x8003e7f8 store:0x000000ae load:0x00000000
       24805000	      2381	80011fda	03fe89a3	sb	x31,51(x29)	 x29:0x8003e7c5 x31:0x00000001 PA:0x8003e7f8 store:0x00000001 load:0x00000000
       24815000	      2382	80011fde	033ecd03	lbu	x26,51(x29)	 x29:0x8003e7c5 x26=0x00000001 PA:0x8003e7f8 load:0x00000001
       24825000	      2383	80011fe2	0a4e8a23	sb	x4,180(x29)	 x29:0x8003e7c5  x4:0x000032b2 PA:0x8003e879 store:0x000032b2 load:0x00000000
       24835000	      2384	80011fe6	00025f97	auipc	x31,0x25	 x31=0x80036fe6
       24845000	      2385	80011fea	c4cf8f93	addi	x31,x31,-948	 x31:0x80036fe6 x31=0x80036c32
       24855000	      2386	80011fee	013f85a3	sb	x19,11(x31)	 x31:0x80036c32 x19:0x000000d3 PA:0x80036c3d store:0x000000d3 load:0x00000000
       24865000	      2387	80011ff2	00bfcd03	lbu	x26,11(x31)	 x31:0x80036c32 x26=0x000000d3 PA:0x80036c3d load:0x000000d3
       24875000	      2388	80011ff6	00bfcc03	lbu	x24,11(x31)	 x31:0x80036c32 x24=0x000000d3 PA:0x80036c3d load:0x000000d3
       24885000	      2389	80011ffa	00bf8203	lb	x4,11(x31)	 x31:0x80036c32  x4=0xffffffd3 PA:0x80036c3d load:0xffffffd3
       24895000	      2390	80011ffe	001f85a3	sb	x1,11(x31)	 x31:0x80036c32  x1:0x000000d4 PA:0x80036c3d store:0x000000d4 load:0x00000000
       24905000	      2391	80012002	00bf8b03	lb	x22,11(x31)	 x31:0x80036c32 x22=0xffffffd4 PA:0x80036c3d load:0xffffffd4
       24915000	      2392	80012006	00bf8383	lb	x7,11(x31)	 x31:0x80036c32  x7=0xffffffd4 PA:0x80036c3d load:0xffffffd4
       24925000	      2393	8001200a	ffff8c03	lb	x24,-1(x31)	 x31:0x80036c32 x24=0xffffffab PA:0x80036c31 load:0xffffffab
       24935000	      2394	8001200e	ffff8183	lb	x3,-1(x31)	 x31:0x80036c32  x3=0xffffffab PA:0x80036c31 load:0xffffffab
       24945000	      2395	80012012	00ff8283	lb	x5,15(x31)	 x31:0x80036c32  x5=0x0000003e PA:0x80036c41 load:0x0000003e
       24955000	      2396	80012016	00ff8403	lb	x8,15(x31)	 x31:0x80036c32  x8=0x0000003e PA:0x80036c41 load:0x0000003e
       24965000	      2397	8001201a	00ffc203	lbu	x4,15(x31)	 x31:0x80036c32  x4=0x0000003e PA:0x80036c41 load:0x0000003e
       24975000	      2398	8001201e	385e2413	slti	x8,x28,901	 x28:0x00000000  x8=0x00000001
       24985000	      2399	80012022	019f87a3	sb	x25,15(x31)	 x31:0x80036c32 x25:0x00000004 PA:0x80036c41 store:0x00000004 load:0x00000000
       24995000	      2400	80012026	00ff8b03	lb	x22,15(x31)	 x31:0x80036c32 x22=0x00000004 PA:0x80036c41 load:0x00000004
       25005000	      2401	8001202a	014f87a3	sb	x20,15(x31)	 x31:0x80036c32 x20:0x00000051 PA:0x80036c41 store:0x00000051 load:0x00000000
       25015000	      2402	8001202e	00022417	auipc	x8,0x22	  x8=0x8003402e
       25025000	      2403	80012032	84240413	addi	x8,x8,-1982	  x8:0x8003402e  x8=0x80033870
       25035000	      2404	80012036	8f59	c.or	x14,x14	 x14:0x00000069 x14:0x00000069 x14=0x00000069
       25045000	      2405	80012038	672b7c13	andi	x24,x22,1650	 x22:0x00000004 x24=0x00000000
       25055000	      2406	8001203c	8a445283	lhu	x5,-1884(x8)	  x8:0x80033870  x5=0x00000f84 PA:0x80033114 load:0x00000f84
       25065000	      2407	80012040	bd542023	sw	x21,-1088(x8)	  x8:0x80033870 x21:0x00000009 PA:0x80033430 store:0x00000009 load:0x00000000
       25075000	      2408	80012044	7cbc3093	sltiu	x1,x24,1995	 x24:0x00000000  x1=0x00000001
       25085000	      2409	80012048	8e71	c.and	x12,x12	 x12:0x00000050 x12:0x00000050 x12=0x00000050
       25095000	      2410	8001204a	4088deb3	sra	x29,x17,x8	 x17:0x00002e64  x8:0x80033870 x29=0x00000000
       25105000	      2411	8001204e	9a06	c.add	x20,x1	 x20:0x00000051  x1:0x00000001 x20=0x00000052
       25115000	      2412	80012050	410c5013	srai	x0,x24,0x10	 x24:0x00000000  x0=0x00000000
       25125000	      2413	80012054	1d82cd37	lui	x26,0x1d82c	 x26=0x1d82c000
       25135000	      2414	80012058	4c24	c.lw	x9,88(x8)	  x8:0x80033870  x9=0x5842b999 PA:0x800338c8 load:0x5842b999
       25145000	      2415	8001205a	01efc333	xor	x6,x31,x30	 x31:0x80036c32 x30:0x8003ef1c  x6=0x0000832e
       25155000	      2416	8001205e	5e744503	lbu	x10,1511(x8)	  x8:0x80033870 x10=0x0000000f PA:0x80033e57 load:0x0000000f
       25165000	      2417	80012062	8676	c.mv	x12,x29	  x0:0x00000000 x29:0x00000000 x12=0x00000000
       25175000	      2418	80012064	47544b83	lbu	x23,1141(x8)	  x8:0x80033870 x23=0x000000d4 PA:0x80033ce5 load:0x000000d4
       25185000	      2419	80012068	69744d03	lbu	x26,1687(x8)	  x8:0x80033870 x26=0x00000064 PA:0x80033f07 load:0x00000064
       25195000	      2420	8001206c	9f2a	c.add	x30,x10	 x30:0x8003ef1c x10:0x0000000f x30=0x8003ef2b
       25225000	      2423	8001206e	03ca88b3	mul	x17,x21,x28	 x21:0x00000009 x28:0x00000000 x17=0x00000000
       25235000	      2424	80012072	84d40e03	lb	x28,-1971(x8)	  x8:0x80033870 x28=0xffffffe8 PA:0x800330bd load:0xffffffe8
       25245000	      2425	80012076	75341923	sh	x19,1874(x8)	  x8:0x80033870 x19:0x000000d3 PA:0x80033fc2 store:0x000000d3 load:0x00000000
       25255000	      2426	8001207a	5b441e03	lh	x28,1460(x8)	  x8:0x80033870 x28=0xffffd67c PA:0x80033e24 load:0xffffd67c
       25265000	      2427	8001207e	d8b10737	lui	x14,0xd8b10	 x14=0xd8b10000
       25275000	      2428	80012082	973e	c.add	x14,x15	 x14:0xd8b10000 x15:0x8004cce4 x14=0x58b5cce4
       25285000	      2429	80012084	02240ba3	sb	x2,55(x8)	  x8:0x80033870  x2:0x80048e50 PA:0x800338a7 store:0x80048e50 load:0x00000000
       25295000	      2430	80012088	01ee6933	or	x18,x28,x30	 x28:0xffffd67c x30:0x8003ef2b x18=0xffffff7f
       25305000	      2431	8001208c	8a42	c.mv	x20,x16	  x0:0x00000000 x16:0x0000007c x20=0x0000007c
       25315000	      2432	8001208e	de240083	lb	x1,-542(x8)	  x8:0x80033870  x1=0xffffffb3 PA:0x80033652 load:0xffffffb3
       25325000	      2433	80012092	1dd10917	auipc	x18,0x1dd10	 x18=0x9dd22092
       25335000	      2434	80012096	cc5c	c.sw	x15,28(x8)	  x8:0x80033870 x15:0x8004cce4 PA:0x8003388c store:0x8004cce4 load:0x00000000
       25345000	      2435	80012098	d3c41283	lh	x5,-708(x8)	  x8:0x80033870  x5=0x00005780 PA:0x800335ac load:0x00005780
       25385000	      2439	8001209c	02aaaf33	mulhsu	x30,x21,x10	 x21:0x00000009 x10:0x0000000f x30=0x00000000
       25395000	      2440	800120a0	36b40e23	sb	x11,892(x8)	  x8:0x80033870 x11:0x80033f04 PA:0x80033bec store:0x80033f04 load:0x00000000
       25405000	      2441	800120a4	00031997	auipc	x19,0x31	 x19=0x800430a4
       25415000	      2442	800120a8	fb898993	addi	x19,x19,-72	 x19:0x800430a4 x19=0x8004305c
       25425000	      2443	800120ac	02f982a3	sb	x15,37(x19)	 x19:0x8004305c x15:0x8004cce4 PA:0x80043081 store:0x8004cce4 load:0x00000000
       25465000	      2447	800120b0	03b1b933	mulhu	x18,x3,x27	  x3:0xffffffab x27:0x000000cb x18=0x000000ca
       25475000	      2448	800120b4	fed9c703	lbu	x14,-19(x19)	 x19:0x8004305c x14=0x000000da PA:0x80043049 load:0x000000da
       25485000	      2449	800120b8	fff9a423	sw	x31,-24(x19)	 x19:0x8004305c x31:0x80036c32 PA:0x80043044 store:0x80036c32 load:0x00000000
       25495000	      2450	800120bc	0049a823	sw	x4,16(x19)	 x19:0x8004305c  x4:0x0000003e PA:0x8004306c store:0x0000003e load:0x00000000
       25505000	      2451	800120c0	0319c403	lbu	x8,49(x19)	 x19:0x8004305c  x8=0x000000b1 PA:0x8004308d load:0x000000b1
       25515000	      2452	800120c4	fed9c403	lbu	x8,-19(x19)	 x19:0x8004305c  x8=0x000000da PA:0x80043049 load:0x000000da
       25525000	      2453	800120c8	ff09c303	lbu	x6,-16(x19)	 x19:0x8004305c  x6=0x0000003b PA:0x8004304c load:0x0000003b
       25535000	      2454	800120cc	01a160b3	or	x1,x2,x26	  x2:0x80048e50 x26:0x00000064  x1=0x80048e74
       25545000	      2455	800120d0	0369d703	lhu	x14,54(x19)	 x19:0x8004305c x14=0x0000893b PA:0x80043092 load:0x0000893b
       25555000	      2456	800120d4	fc798803	lb	x16,-57(x19)	 x19:0x8004305c x16=0x00000030 PA:0x80043023 load:0x00000030
       25565000	      2457	800120d8	0369c283	lbu	x5,54(x19)	 x19:0x8004305c  x5=0x0000003b PA:0x80043092 load:0x0000003b
       25575000	      2458	800120dc	01d03533	sltu	x10,x0,x29	  x0:0x00000000 x29:0x00000000 x10=0x00000000
       25945000	      2495	800120e0	033adfb3	divu	x31,x21,x19	 x21:0x00000009 x19:0x8004305c x31=0x00000000
       25955000	      2496	800120e4	fe198583	lb	x11,-31(x19)	 x19:0x8004305c x11=0x00000001 PA:0x8004303d load:0x00000001
       25965000	      2497	800120e8	00d98e03	lb	x28,13(x19)	 x19:0x8004305c x28=0xffffffd1 PA:0x80043069 load:0xffffffd1
       25975000	      2498	800120ec	03d9c003	lbu	x0,61(x19)	 x19:0x8004305c  x0=0x00000000 PA:0x80043099 load:0x00000028
       25985000	      2499	800120f0	8e75	c.and	x12,x13	 x12:0x00000000 x13:0x000000ae x12=0x00000000
       25995000	      2500	800120f2	02b98203	lb	x4,43(x19)	 x19:0x8004305c  x4=0xffffffff PA:0x80043087 load:0xffffffff
       26005000	      2501	800120f6	fc798903	lb	x18,-57(x19)	 x19:0x8004305c x18=0x00000030 PA:0x80043023 load:0x00000030
       26015000	      2502	800120fa	9121bd13	sltiu	x26,x3,-1774	  x3:0xffffffab x26=0x00000000
       26025000	      2503	800120fe	ff598303	lb	x6,-11(x19)	 x19:0x8004305c  x6=0xffffff89 PA:0x80043051 load:0xffffff89
       26035000	      2504	80012102	01b98e23	sb	x27,28(x19)	 x19:0x8004305c x27:0x000000cb PA:0x80043078 store:0x000000cb load:0x00000000
       26045000	      2505	80012106	e6c98e93	addi	x29,x19,-404	 x19:0x8004305c x29=0x80042ec8
       26055000	      2506	8001210a	fef98b03	lb	x22,-17(x19)	 x19:0x8004305c x22=0x00000067 PA:0x8004304b load:0x00000067
       26065000	      2507	8001210e	ff3982a3	sb	x19,-27(x19)	 x19:0x8004305c x19:0x8004305c PA:0x80043041 store:0x8004305c load:0x00000000
       26075000	      2508	80012112	0349a403	lw	x8,52(x19)	 x19:0x8004305c  x8=0x893bf61b PA:0x80043090 load:0x893bf61b
       26085000	      2509	80012116	016b3bb3	sltu	x23,x22,x22	 x22:0x00000067 x22:0x00000067 x23=0x00000000
       26095000	      2510	8001211a	fce9c683	lbu	x13,-50(x19)	 x19:0x8004305c x13=0x000000c1 PA:0x8004302a load:0x000000c1
       26105000	      2511	8001211e	fc798623	sb	x7,-52(x19)	 x19:0x8004305c  x7:0xffffffd4 PA:0x80043028 store:0xffffffd4 load:0x00000000
       26135000	      2514	80012122	02ef0033	mul	x0,x30,x14	 x30:0x00000000 x14:0x0000893b  x0=0x00000000
       26145000	      2515	80012126	01f4fe33	and	x28,x9,x31	  x9:0x5842b999 x31:0x00000000 x28=0x00000000
       26155000	      2516	8001212a	02e986a3	sb	x14,45(x19)	 x19:0x8004305c x14:0x0000893b PA:0x80043089 store:0x0000893b load:0x00000000
       26165000	      2517	8001212e	0229d303	lhu	x6,34(x19)	 x19:0x8004305c  x6=0x000029e3 PA:0x8004307e load:0x000029e3
       26205000	      2521	80012132	02f51a33	mulh	x20,x10,x15	 x10:0x00000000 x15:0x8004cce4 x20=0x00000000
       26215000	      2522	80012136	3834a0b7	lui	x1,0x3834a	  x1=0x3834a000
       26225000	      2523	8001213a	00299683	lh	x13,2(x19)	 x19:0x8004305c x13=0x000053f7 PA:0x8004305e load:0x000053f7
       26235000	      2524	8001213e	0329d083	lhu	x1,50(x19)	 x19:0x8004305c  x1=0x000085b9 PA:0x8004308e load:0x000085b9
       26245000	      2525	80012142	fd598da3	sb	x21,-37(x19)	 x19:0x8004305c x21:0x00000009 PA:0x80043037 store:0x00000009 load:0x00000000
       26255000	      2526	80012146	fc299a03	lh	x20,-62(x19)	 x19:0x8004305c x20=0xffff9574 PA:0x8004301e load:0xffff9574
       26265000	      2527	8001214a	fe698e83	lb	x29,-26(x19)	 x19:0x8004305c x29=0xffffff8e PA:0x80043042 load:0xffffff8e
       26275000	      2528	8001214e	0002f197	auipc	x3,0x2f	  x3=0x8004114e
       26285000	      2529	80012152	9fa18193	addi	x3,x3,-1542	  x3:0x8004114e  x3=0x80040b48
       26295000	      2530	80012156	89ce	c.mv	x19,x19	  x0:0x00000000 x19:0x8004305c x19=0x8004305c
       26305000	      2531	80012158	f9b18ca3	sb	x27,-103(x3)	  x3:0x80040b48 x27:0x000000cb PA:0x80040ae1 store:0x000000cb load:0x00000000
       26315000	      2532	8001215c	0d91c603	lbu	x12,217(x3)	  x3:0x80040b48 x12=0x00000002 PA:0x80040c21 load:0x00000002
       26325000	      2533	80012160	01e19283	lh	x5,30(x3)	  x3:0x80040b48  x5=0xffffd2d0 PA:0x80040b66 load:0xffffd2d0
       26335000	      2534	80012164	f6518003	lb	x0,-155(x3)	  x3:0x80040b48  x0=0x00000000 PA:0x80040aad load:0x00000033
       26345000	      2535	80012168	09a1d003	lhu	x0,154(x3)	  x3:0x80040b48  x0=0x00000000 PA:0x80040be2 load:0x000061ec
       26355000	      2536	8001216c	f5b18ea3	sb	x27,-163(x3)	  x3:0x80040b48 x27:0x000000cb PA:0x80040aa5 store:0x000000cb load:0x00000000
       26365000	      2537	80012170	0d6181a3	sb	x22,195(x3)	  x3:0x80040b48 x22:0x00000067 PA:0x80040c0b store:0x00000067 load:0x00000000
       26375000	      2538	80012174	0ef1c203	lbu	x4,239(x3)	  x3:0x80040b48  x4=0x0000006b PA:0x80040c37 load:0x0000006b
       26385000	      2539	80012178	f10187a3	sb	x16,-241(x3)	  x3:0x80040b48 x16:0x00000030 PA:0x80040a57 store:0x00000030 load:0x00000000
       26395000	      2540	8001217c	40828d33	sub	x26,x5,x8	  x5:0xffffd2d0  x8:0x893bf61b x26=0x76c3dcb5
       26405000	      2541	80012180	f2518383	lb	x7,-219(x3)	  x3:0x80040b48  x7=0xffffffb2 PA:0x80040a6d load:0xffffffb2
       26415000	      2542	80012184	01a608b3	add	x17,x12,x26	 x12:0x00000002 x26:0x76c3dcb5 x17=0x76c3dcb7
       26425000	      2543	80012188	12fd	c.addi	x5,-1	  x5:0xffffd2d0  x5=0xffffd2cf
       26435000	      2544	8001218a	167d	c.addi	x12,-1	 x12:0x00000002 x12=0x00000001
       26445000	      2545	8001218c	f0618d03	lb	x26,-250(x3)	  x3:0x80040b48 x26=0xffffffd6 PA:0x80040a4e load:0xffffffd6
       26455000	      2546	80012190	f4e18403	lb	x8,-178(x3)	  x3:0x80040b48  x8=0xffffffbb PA:0x80040a96 load:0xffffffbb
       26465000	      2547	80012194	f5e18e83	lb	x29,-162(x3)	  x3:0x80040b48 x29=0x00000005 PA:0x80040aa6 load:0x00000005
       26475000	      2548	80012198	05218583	lb	x11,82(x3)	  x3:0x80040b48 x11=0x00000070 PA:0x80040b9a load:0x00000070
       26485000	      2549	8001219c	f1d19423	sh	x29,-248(x3)	  x3:0x80040b48 x29:0x00000005 PA:0x80040a50 store:0x00000005 load:0x00000000
       26495000	      2550	800121a0	0001	c.addi	x0,0	  x0:0x00000000  x0=0x00000000
       26505000	      2551	800121a2	fd919123	sh	x25,-62(x3)	  x3:0x80040b48 x25:0x00000004 PA:0x80040b0a store:0x00000004 load:0x00000000
       26515000	      2552	800121a6	06118503	lb	x10,97(x3)	  x3:0x80040b48 x10=0x0000003b PA:0x80040ba9 load:0x0000003b
       26555000	      2556	800121aa	0250be33	mulhu	x28,x1,x5	  x1:0x000085b9  x5:0xffffd2cf x28=0x000085b8
       26575000	      2558	800121ae	03e86db3	rem	x27,x16,x30	 x16:0x00000030 x30:0x00000000 x27=0x00000030
       26585000	      2559	800121b2	0cb18483	lb	x9,203(x3)	  x3:0x80040b48  x9=0x00000060 PA:0x80040c13 load:0x00000060
       26595000	      2560	800121b6	f0c1c583	lbu	x11,-244(x3)	  x3:0x80040b48 x11=0x0000005d PA:0x80040a54 load:0x0000005d
       26605000	      2561	800121ba	2fa6a313	slti	x6,x13,762	 x13:0x000053f7  x6=0x00000000
       26615000	      2562	800121be	09318203	lb	x4,147(x3)	  x3:0x80040b48  x4=0xfffffff9 PA:0x80040bdb load:0xfffffff9
       26625000	      2563	800121c2	f29185a3	sb	x9,-213(x3)	  x3:0x80040b48  x9:0x00000060 PA:0x80040a73 store:0x00000060 load:0x00000000
       26635000	      2564	800121c6	0832	c.slli	x16,0xc	 x16:0x00000030 x16=0x00030000
       26645000	      2565	800121c8	f3918c83	lb	x25,-199(x3)	  x3:0x80040b48 x25=0x0000005e PA:0x80040a81 load:0x0000005e
       26655000	      2566	800121cc	8edd	c.or	x13,x15	 x13:0x000053f7 x15:0x8004cce4 x13=0x8004dff7
       26665000	      2567	800121ce	fa618f83	lb	x31,-90(x3)	  x3:0x80040b48 x31=0xffffffc0 PA:0x80040aee load:0xffffffc0
       26675000	      2568	800121d2	f7718d03	lb	x26,-137(x3)	  x3:0x80040b48 x26=0xffffff99 PA:0x80040abf load:0xffffff99
       26685000	      2569	800121d6	f1819123	sh	x24,-254(x3)	  x3:0x80040b48 x24:0x00000000 PA:0x80040a4a store:0x00000000 load:0x00000000
       26695000	      2570	800121da	01318703	lb	x14,19(x3)	  x3:0x80040b48 x14=0xffffff94 PA:0x80040b5b load:0xffffff94
       26705000	      2571	800121de	00025697	auipc	x13,0x25	 x13=0x800371de
       26715000	      2572	800121e2	0b168693	addi	x13,x13,177	 x13:0x800371de x13=0x8003728f
       26725000	      2573	800121e6	f43698a3	sh	x3,-175(x13)	 x13:0x8003728f  x3:0x80040b48 PA:0x800371e0 store:0x80040b48 load:0x00000000
       26735000	      2574	800121ea	56bf0813	addi	x16,x30,1387	 x30:0x00000000 x16=0x0000056b
       26745000	      2575	800121ee	855d	c.srai	x10,0x17	 x10:0x0000003b x10=0x00000000
       26755000	      2576	800121f0	f5169703	lh	x14,-175(x13)	 x13:0x8003728f x14=0x00000b48 PA:0x800371e0 load:0x00000b48
       26765000	      2577	800121f4	f5168303	lb	x6,-175(x13)	 x13:0x8003728f  x6=0x00000048 PA:0x800371e0 load:0x00000048
       26775000	      2578	800121f8	6889	c.lui	x17,0x2	 x17=0x00002000
       26785000	      2579	800121fa	f5168403	lb	x8,-175(x13)	 x13:0x8003728f  x8=0x00000048 PA:0x800371e0 load:0x00000048
       26795000	      2580	800121fe	f5168c83	lb	x25,-175(x13)	 x13:0x8003728f x25=0x00000048 PA:0x800371e0 load:0x00000048
       26805000	      2581	80012202	f43698a3	sh	x3,-175(x13)	 x13:0x8003728f  x3:0x80040b48 PA:0x800371e0 store:0x80040b48 load:0x00000000
       26815000	      2582	80012206	1bfd	c.addi	x23,-1	 x23:0x00000000 x23=0xffffffff
       26825000	      2583	80012208	16dac913	xori	x18,x21,365	 x21:0x00000009 x18=0x00000164
       26835000	      2584	8001220c	f5168203	lb	x4,-175(x13)	 x13:0x8003728f  x4=0x00000048 PA:0x800371e0 load:0x00000048
       26845000	      2585	80012210	0b268003	lb	x0,178(x13)	 x13:0x8003728f  x0=0x00000000 PA:0x80037341 load:0xffffffe0
       26855000	      2586	80012214	0b268283	lb	x5,178(x13)	 x13:0x8003728f  x5=0xffffffe0 PA:0x80037341 load:0xffffffe0
       26865000	      2587	80012218	01058933	add	x18,x11,x16	 x11:0x0000005d x16:0x0000056b x18=0x000005c8
       26875000	      2588	8001221c	0b26c403	lbu	x8,178(x13)	 x13:0x8003728f  x8=0x000000e0 PA:0x80037341 load:0x000000e0
       26885000	      2589	80012220	0b268383	lb	x7,178(x13)	 x13:0x8003728f  x7=0xffffffe0 PA:0x80037341 load:0xffffffe0
       26895000	      2590	80012224	0b268483	lb	x9,178(x13)	 x13:0x8003728f  x9=0xffffffe0 PA:0x80037341 load:0xffffffe0
       26905000	      2591	80012228	03768703	lb	x14,55(x13)	 x13:0x8003728f x14=0xfffffffa PA:0x800372c6 load:0xfffffffa
       26915000	      2592	8001222c	00021417	auipc	x8,0x21	  x8=0x8003322c
       26925000	      2593	80012230	e1c40413	addi	x8,x8,-484	  x8:0x8003322c  x8=0x80033048
       26935000	      2594	80012234	5ed40cb7	lui	x25,0x5ed40	 x25=0x5ed40000
       26945000	      2595	80012238	9466	c.add	x8,x25	  x8:0x80033048 x25:0x5ed40000  x8=0xded73048
       26955000	      2596	8001223a	fe041023	sh	x0,-32(x8)	  x8:0xded73048  x0:0x00000000 PA:0xded73028 store:0x00000000 load:0x00000000
       26965000	      2597	8001223e	6e341023	sh	x3,1760(x8)	  x8:0xded73048  x3:0x80040b48 PA:0xded73728 store:0x80040b48 load:0x00000000
       26975000	      2598	80012242	2c4405a3	sb	x4,715(x8)	  x8:0xded73048  x4:0x00000048 PA:0xded73313 store:0x00000048 load:0x00000000
       26985000	      2599	80012246	a65404a3	sb	x5,-1431(x8)	  x8:0xded73048  x5:0xffffffe0 PA:0xded72ab1 store:0xffffffe0 load:0x00000000
       26995000	      2600	8001224a	d06403a3	sb	x6,-761(x8)	  x8:0xded73048  x6:0x00000048 PA:0xded72d4f store:0x00000048 load:0x00000000
       27005000	      2601	8001224e	fe041283	lh	x5,-32(x8)	  x8:0xded73048  x5=0x00000000 PA:0xded73028 load:0x00000000
       27015000	      2602	80012252	8f65	c.and	x14,x9	 x14:0xfffffffa  x9:0xffffffe0 x14=0xffffffe0
       27025000	      2603	80012254	9c8a	c.add	x25,x2	 x25:0x5ed40000  x2:0x80048e50 x25=0xded88e50
       27035000	      2604	80012256	7b7404a3	sb	x23,1961(x8)	  x8:0xded73048 x23:0xffffffff PA:0xded737f1 store:0xffffffff load:0x00000000
       27045000	      2605	8001225a	6f4d	c.lui	x30,0x13	 x30=0x00013000
       27055000	      2606	8001225c	0000100f	fence.i	
       27075000	      2608	80012260	2447b193	sltiu	x3,x15,580	 x15:0x8004cce4  x3=0x00000000
       27085000	      2609	80012264	3a140093	addi	x1,x8,929	  x8:0xded73048  x1=0xded733e9
       27095000	      2610	80012268	ee040b23	sb	x0,-266(x8)	  x8:0xded73048  x0:0x00000000 PA:0xded72f3e store:0x00000000 load:0x00000000
       27105000	      2611	8001226c	6e045b03	lhu	x22,1760(x8)	  x8:0xded73048 x22=0x00000b48 PA:0xded73728 load:0x00000b48
       27115000	      2612	80012270	6e15	c.lui	x28,0x5	 x28=0x00005000
       27125000	      2613	80012272	1a86b497	auipc	x9,0x1a86b	  x9=0x9a87d272
       27135000	      2614	80012276	8c91	c.sub	x9,x12	  x9:0x9a87d272 x12:0x00000001  x9=0x9a87d271
       27145000	      2615	80012278	2cb40e03	lb	x28,715(x8)	  x8:0xded73048 x28=0x00000048 PA:0xded73313 load:0x00000048
       27155000	      2616	8001227c	a6944683	lbu	x13,-1431(x8)	  x8:0xded73048 x13=0x000000e0 PA:0xded72ab1 load:0x000000e0
       27195000	      2620	80012280	0394b2b3	mulhu	x5,x9,x25	  x9:0x9a87d271 x25:0xded88e50  x5=0x868480ff
       27205000	      2621	80012284	d0744003	lbu	x0,-761(x8)	  x8:0xded73048  x0=0x00000000 PA:0xded72d4f load:0x00000048
       27215000	      2622	80012288	00021d97	auipc	x27,0x21	 x27=0x80033288
       27225000	      2623	8001228c	dc0d8d93	addi	x27,x27,-576	 x27:0x80033288 x27=0x80033048
       27235000	      2624	80012290	3940be37	lui	x28,0x3940b	 x28=0x3940b000
       27245000	      2625	80012294	9df2	c.add	x27,x28	 x27:0x80033048 x28:0x3940b000 x27=0xb943e048
       27255000	      2626	80012296	f61d82a3	sb	x1,-155(x27)	 x27:0xb943e048  x1:0xded733e9 PA:0xb943dfad store:0xded733e9 load:0x00000000
       27265000	      2627	8001229a	762d9223	sh	x2,1892(x27)	 x27:0xb943e048  x2:0x80048e50 PA:0xb943e7ac store:0x80048e50 load:0x00000000
       27275000	      2628	8001229e	c24d80a3	sb	x4,-991(x27)	 x27:0xb943e048  x4:0x00000048 PA:0xb943dc69 store:0x00000048 load:0x00000000
       27285000	      2629	800122a2	91ce	c.add	x3,x19	  x3:0x00000000 x19:0x8004305c  x3=0x8004305c
       27295000	      2630	800122a4	0e99f213	andi	x4,x19,233	 x19:0x8004305c  x4=0x00000048
       27305000	      2631	800122a8	0ff0000f	fence	iorw,iorw	
       27315000	      2632	800122ac	2bdd80a3	sb	x29,673(x27)	 x27:0xb943e048 x29:0x00000005 PA:0xb943e2e9 store:0x00000005 load:0x00000000
       27325000	      2633	800122b0	f65d8983	lb	x19,-155(x27)	 x27:0xb943e048 x19=0xffffffe9 PA:0xb943dfad load:0xffffffe9
       27335000	      2634	800122b4	00a208b3	add	x17,x4,x10	  x4:0x00000048 x10:0x00000000 x17=0x00000048
       27345000	      2635	800122b8	764ddc03	lhu	x24,1892(x27)	 x27:0xb943e048 x24=0x00008e50 PA:0xb943e7ac load:0x00008e50
       27355000	      2636	800122bc	6abd9d23	sh	x11,1722(x27)	 x27:0xb943e048 x11:0x0000005d PA:0xb943e702 store:0x0000005d load:0x00000000
       27365000	      2637	800122c0	c21dc003	lbu	x0,-991(x27)	 x27:0xb943e048  x0=0x00000000 PA:0xb943dc69 load:0x00000048
       27375000	      2638	800122c4	41065213	srai	x4,x12,0x10	 x12:0x00000001  x4=0x00000000
       27385000	      2639	800122c8	299d84a3	sb	x25,649(x27)	 x27:0xb943e048 x25:0xded88e50 PA:0xb943e2d1 store:0xded88e50 load:0x00000000
       27395000	      2640	800122cc	e3bd81a3	sb	x27,-477(x27)	 x27:0xb943e048 x27:0xb943e048 PA:0xb943de6b store:0xb943e048 load:0x00000000
       27405000	      2641	800122d0	00022d17	auipc	x26,0x22	 x26=0x800342d0
       27415000	      2642	800122d4	d78d0d13	addi	x26,x26,-648	 x26:0x800342d0 x26=0x80034048
       27425000	      2643	800122d8	6fa51cb7	lui	x25,0x6fa51	 x25=0x6fa51000
       27435000	      2644	800122dc	9d66	c.add	x26,x25	 x26:0x80034048 x25:0x6fa51000 x26=0xefa85048
       27445000	      2645	800122de	b41d1323	sh	x1,-1210(x26)	 x26:0xefa85048  x1:0xded733e9 PA:0xefa84b8e store:0xded733e9 load:0x00000000
       27455000	      2646	800122e2	622d1f23	sh	x2,1598(x26)	 x26:0xefa85048  x2:0x80048e50 PA:0xefa85686 store:0x80048e50 load:0x00000000
       27465000	      2647	800122e6	923d0da3	sb	x3,-1733(x26)	 x26:0xefa85048  x3:0x8004305c PA:0xefa84983 store:0x8004305c load:0x00000000
       27475000	      2648	800122ea	044d06a3	sb	x4,77(x26)	 x26:0xefa85048  x4:0x00000000 PA:0xefa85095 store:0x00000000 load:0x00000000
       27485000	      2649	800122ee	485d06a3	sb	x5,1165(x26)	 x26:0xefa85048  x5:0x868480ff PA:0xefa854d5 store:0x868480ff load:0x00000000
       27495000	      2650	800122f2	c26d01a3	sb	x6,-989(x26)	 x26:0xefa85048  x6:0x00000048 PA:0xefa84c6b store:0x00000048 load:0x00000000
       27505000	      2651	800122f6	067d2c23	sw	x7,120(x26)	 x26:0xefa85048  x7:0xffffffe0 PA:0xefa850c0 store:0xffffffe0 load:0x00000000
       27515000	      2652	800122fa	566d0da3	sb	x6,1403(x26)	 x26:0xefa85048  x6:0x00000048 PA:0xefa855c3 store:0x00000048 load:0x00000000
       27525000	      2653	800122fe	b46d5403	lhu	x8,-1210(x26)	 x26:0xefa85048  x8=0x000033e9 PA:0xefa84b8e load:0x000033e9
       27545000	      2655	80012302	0247f6b3	remu	x13,x15,x4	 x15:0x8004cce4  x4:0x00000000 x13=0x8004cce4
       27575000	      2658	80012306	033502b3	mul	x5,x10,x19	 x10:0x00000000 x19:0xffffffe9  x5=0x00000000
       27585000	      2659	8001230a	63ed1083	lh	x1,1598(x26)	 x26:0xefa85048  x1=0xffff8e50 PA:0xefa85686 load:0xffff8e50
       27595000	      2660	8001230e	93bd0203	lb	x4,-1733(x26)	 x26:0xefa85048  x4=0x0000005c PA:0xefa84983 load:0x0000005c
       27605000	      2661	80012312	01dc03b3	add	x7,x24,x29	 x24:0x00008e50 x29:0x00000005  x7=0x00008e55
       27615000	      2662	80012316	5c132013	slti	x0,x6,1473	  x6:0x00000048  x0=0x00000000
       27625000	      2663	8001231a	04dd0f83	lb	x31,77(x26)	 x26:0xefa85048 x31=0x00000000 PA:0xefa85095 load:0x00000000
       27635000	      2664	8001231e	84e9	c.srai	x9,0x1a	  x9:0x9a87d271  x9=0xffffffe6
       27645000	      2665	80012320	48dd4683	lbu	x13,1165(x26)	 x26:0xefa85048 x13=0x000000ff PA:0xefa854d5 load:0x000000ff
       27665000	      2667	80012324	8edd	c.or	x13,x15	 x13:0x000000ff x15:0x8004cce4 x13=0x8004ccff
       27675000	      2668	80012326	c23d0803	lb	x16,-989(x26)	 x26:0xefa85048 x16=0x00000048 PA:0xefa84c6b load:0x00000048
       27685000	      2669	8001232a	c931e713	ori	x14,x3,-877	  x3:0x8004305c x14=0xfffffcdf
       27695000	      2670	8001232e	9e098513	addi	x10,x19,-1568	 x19:0xffffffe9 x10=0xfffff9c9
       27705000	      2671	80012332	078d2c83	lw	x25,120(x26)	 x26:0xefa85048 x25=0xffffffe0 PA:0xefa850c0 load:0xffffffe0
       27715000	      2672	80012336	00022097	auipc	x1,0x22	  x1=0x80034336
       27725000	      2673	8001233a	d1208093	addi	x1,x1,-750	  x1:0x80034336  x1=0x80034048
       27735000	      2674	8001233e	3c2e0537	lui	x10,0x3c2e0	 x10=0x3c2e0000
       27745000	      2675	80012342	90aa	c.add	x1,x10	  x1:0x80034048 x10:0x3c2e0000  x1=0xbc314048
       27755000	      2676	80012344	160086a3	sb	x0,365(x1)	  x1:0xbc314048  x0:0x00000000 PA:0xbc3141b5 store:0x00000000 load:0x00000000
       27765000	      2677	80012348	04108723	sb	x1,78(x1)	  x1:0xbc314048  x1:0xbc314048 PA:0xbc314096 store:0xbc314048 load:0x00000000
       27775000	      2678	8001234c	1a508023	sb	x5,416(x1)	  x1:0xbc314048  x5:0x00000000 PA:0xbc3141e8 store:0x00000000 load:0x00000000
       27785000	      2679	80012350	006085a3	sb	x6,11(x1)	  x1:0xbc314048  x6:0x00000048 PA:0xbc314053 store:0x00000048 load:0x00000000
       27795000	      2680	80012354	16d08803	lb	x16,365(x1)	  x1:0xbc314048 x16=0x00000000 PA:0xbc3141b5 load:0x00000000
       27805000	      2681	80012358	0167df13	srli	x30,x15,0x16	 x15:0x8004cce4 x30=0x00000200
       27815000	      2682	8001235c	41c8d633	sra	x12,x17,x28	 x17:0x00000048 x28:0x3940b000 x12=0x00000048
       27825000	      2683	80012360	04e0cc03	lbu	x24,78(x1)	  x1:0xbc314048 x24=0x00000048 PA:0xbc314096 load:0x00000048
       27835000	      2684	80012364	66209b23	sh	x2,1654(x1)	  x1:0xbc314048  x2:0x80048e50 PA:0xbc3146be store:0x80048e50 load:0x00000000
       27845000	      2685	80012368	43208923	sb	x18,1074(x1)	  x1:0xbc314048 x18:0x000005c8 PA:0xbc31447a store:0x000005c8 load:0x00000000
       27855000	      2686	8001236c	ee009f23	sh	x0,-258(x1)	  x1:0xbc314048  x0:0x00000000 PA:0xbc313f46 store:0x00000000 load:0x00000000
       28225000	      2723	80012370	026c6cb3	rem	x25,x24,x6	 x24:0x00000048  x6:0x00000048 x25=0x00000000
       28235000	      2724	80012374	1a00cb03	lbu	x22,416(x1)	  x1:0xbc314048 x22=0x00000000 PA:0xbc3141e8 load:0x00000000
       28245000	      2725	80012378	ad2e3613	sltiu	x12,x28,-1326	 x28:0x3940b000 x12=0x00000001
       28255000	      2726	8001237c	8cd1	c.or	x9,x12	  x9:0xffffffe6 x12:0x00000001  x9=0xffffffe7
       28265000	      2727	8001237e	00b0cd83	lbu	x27,11(x1)	  x1:0xbc314048 x27=0x00000048 PA:0xbc314053 load:0x00000048
       28275000	      2728	80012382	00021097	auipc	x1,0x21	  x1=0x80033382
       28285000	      2729	80012386	39c08093	addi	x1,x1,924	  x1:0x80033382  x1=0x8003371e
       28295000	      2730	8001238a	ff408883	lb	x17,-12(x1)	  x1:0x8003371e x17=0xffffff86 PA:0x80033712 load:0xffffff86
       28305000	      2731	8001238e	00022a17	auipc	x20,0x22	 x20=0x8003438e
       28315000	      2732	80012392	70ca0a13	addi	x20,x20,1804	 x20:0x8003438e x20=0x80034a9a
       28325000	      2733	80012396	01008c83	lb	x25,16(x1)	  x1:0x8003371e x25=0xffffffe1 PA:0x8003372e load:0xffffffe1
       28335000	      2734	8001239a	00a09223	sh	x10,4(x1)	  x1:0x8003371e x10:0x3c2e0000 PA:0x80033722 store:0x3c2e0000 load:0x00000000
       28345000	      2735	8001239e	cdaa2b03	lw	x22,-806(x20)	 x20:0x80034a9a x22=0x0e21ab00 PA:0x80034774 load:0x0e21ab00
       28355000	      2736	800123a2	01d080a3	sb	x29,1(x1)	  x1:0x8003371e x29:0x00000005 PA:0x8003371f store:0x00000005 load:0x00000000
       28365000	      2737	800123a6	230a4283	lbu	x5,560(x20)	 x20:0x80034a9a  x5=0x000000ae PA:0x80034cca load:0x000000ae
       28375000	      2738	800123aa	00f08e83	lb	x29,15(x1)	  x1:0x8003371e x29=0xfffffffc PA:0x8003372d load:0xfffffffc
       28385000	      2739	800123ae	bf0a4803	lbu	x16,-1040(x20)	 x20:0x80034a9a x16=0x00000006 PA:0x8003468a load:0x00000006
       28395000	      2740	800123b2	0020a183	lw	x3,2(x1)	  x1:0x8003371e  x3=0x00002796 PA:0x80033720 load:0x00002796
       28405000	      2741	800123b6	3b2a1e03	lh	x28,946(x20)	 x20:0x80034a9a x28=0x00003a47 PA:0x80034e4c load:0x00003a47
       28415000	      2742	800123ba	01209423	sh	x18,8(x1)	  x1:0x8003371e x18:0x000005c8 PA:0x80033726 store:0x000005c8 load:0x00000000
       28425000	      2743	800123be	0100dd03	lhu	x26,16(x1)	  x1:0x8003371e x26=0x000043e1 PA:0x8003372e load:0x000043e1
       28435000	      2744	800123c2	ffd0cd83	lbu	x27,-3(x1)	  x1:0x8003371e x27=0x000000ca PA:0x8003371b load:0x000000ca
       28445000	      2745	800123c6	088a0403	lb	x8,136(x20)	 x20:0x80034a9a  x8=0xffffffe3 PA:0x80034b22 load:0xffffffe3
       28455000	      2746	800123ca	918a5403	lhu	x8,-1768(x20)	 x20:0x80034a9a  x8=0x0000fd3b PA:0x800343b2 load:0x0000fd3b
       28465000	      2747	800123ce	00021f97	auipc	x31,0x21	 x31=0x800333ce
       28475000	      2748	800123d2	c7af8f93	addi	x31,x31,-902	 x31:0x800333ce x31=0x80033048
       28485000	      2749	800123d6	4cba9a37	lui	x20,0x4cba9	 x20=0x4cba9000
       28495000	      2750	800123da	9fd2	c.add	x31,x20	 x31:0x80033048 x20:0x4cba9000 x31=0xccbdc048
       28505000	      2751	800123dc	4a1f87a3	sb	x1,1199(x31)	 x31:0xccbdc048  x1:0x8003371e PA:0xccbdc4f7 store:0x8003371e load:0x00000000
       28515000	      2752	800123e0	b43f8f23	sb	x3,-1186(x31)	 x31:0xccbdc048  x3:0x00002796 PA:0xccbdbba6 store:0x00002796 load:0x00000000
       28525000	      2753	800123e4	c45f8ba3	sb	x5,-937(x31)	 x31:0xccbdc048  x5:0x000000ae PA:0xccbdbc9f store:0x000000ae load:0x00000000
       28535000	      2754	800123e8	547f9823	sh	x7,1360(x31)	 x31:0xccbdc048  x7:0x00008e55 PA:0xccbdc598 store:0x00008e55 load:0x00000000
       28545000	      2755	800123ec	148f8aa3	sb	x8,341(x31)	 x31:0xccbdc048  x8:0x0000fd3b PA:0xccbdc19d store:0x0000fd3b load:0x00000000
       28555000	      2756	800123f0	36ff8aa3	sb	x15,885(x31)	 x31:0xccbdc048 x15:0x8004cce4 PA:0xccbdc3bd store:0x8004cce4 load:0x00000000
       28565000	      2757	800123f4	bf2b7393	andi	x7,x22,-1038	 x22:0x0e21ab00  x7=0x0e21ab00
       28605000	      2761	800123f8	03891e33	mulh	x28,x18,x24	 x18:0x000005c8 x24:0x00000048 x28=0x00000000
       28615000	      2762	800123fc	4affc403	lbu	x8,1199(x31)	 x31:0xccbdc048  x8=0x0000001e PA:0xccbdc4f7 load:0x0000001e
       28625000	      2763	80012400	615fa423	sw	x21,1544(x31)	 x31:0xccbdc048 x21:0x00000009 PA:0xccbdc650 store:0x00000009 load:0x00000000
       28635000	      2764	80012404	b5ef8683	lb	x13,-1186(x31)	 x31:0xccbdc048 x13=0xffffff96 PA:0xccbdbba6 load:0xffffff96
       28645000	      2765	80012408	be1f84a3	sb	x1,-1047(x31)	 x31:0xccbdc048  x1:0x8003371e PA:0xccbdbc31 store:0x8003371e load:0x00000000
       28655000	      2766	8001240c	c57fcd83	lbu	x27,-937(x31)	 x31:0xccbdc048 x27=0x000000ae PA:0xccbdbc9f load:0x000000ae
       28665000	      2767	80012410	a21fa223	sw	x1,-1500(x31)	 x31:0xccbdc048  x1:0x8003371e PA:0xccbdba6c store:0x8003371e load:0x00000000
       28675000	      2768	80012414	68c1	c.lui	x17,0x10	 x17=0x00010000
       28685000	      2769	80012416	4c4b8393	addi	x7,x23,1220	 x23:0xffffffff  x7=0x000004c3
       28695000	      2770	8001241a	8719	c.srai	x14,0x6	 x14:0xfffffcdf x14=0xfffffff3
       28705000	      2771	8001241c	550f9283	lh	x5,1360(x31)	 x31:0xccbdc048  x5=0xffff8e55 PA:0xccbdc598 load:0xffff8e55
       28715000	      2772	80012420	155fce03	lbu	x28,341(x31)	 x31:0xccbdc048 x28=0x0000003b PA:0xccbdc19d load:0x0000003b
       28725000	      2773	80012424	00021097	auipc	x1,0x21	  x1=0x80033424
       28735000	      2774	80012428	5b908093	addi	x1,x1,1465	  x1:0x80033424  x1=0x800339dd
       28745000	      2775	8001242c	8d60cf03	lbu	x30,-1834(x1)	  x1:0x800339dd x30=0x000000eb PA:0x800332b3 load:0x000000eb
       28755000	      2776	80012430	8c108b23	sb	x1,-1834(x1)	  x1:0x800339dd  x1:0x800339dd PA:0x800332b3 store:0x800339dd load:0x00000000
       28765000	      2777	80012434	8d608c03	lb	x24,-1834(x1)	  x1:0x800339dd x24=0xffffffdd PA:0x800332b3 load:0xffffffdd
       28775000	      2778	80012438	8d508b23	sb	x21,-1834(x1)	  x1:0x800339dd x21:0x00000009 PA:0x800332b3 store:0x00000009 load:0x00000000
       28785000	      2779	8001243c	8d60c583	lbu	x11,-1834(x1)	  x1:0x800339dd x11=0x00000009 PA:0x800332b3 load:0x00000009
       28795000	      2780	80012440	8d608583	lb	x11,-1834(x1)	  x1:0x800339dd x11=0x00000009 PA:0x800332b3 load:0x00000009
       28805000	      2781	80012444	8d60c903	lbu	x18,-1834(x1)	  x1:0x800339dd x18=0x00000009 PA:0x800332b3 load:0x00000009
       28815000	      2782	80012448	01de5193	srli	x3,x28,0x1d	 x28:0x0000003b  x3=0x00000000
       29185000	      2819	8001244c	03f85b33	divu	x22,x16,x31	 x16:0x00000006 x31:0xccbdc048 x22=0x00000000
       29195000	      2820	80012450	8dd08b23	sb	x29,-1834(x1)	  x1:0x800339dd x29:0xfffffffc PA:0x800332b3 store:0xfffffffc load:0x00000000
       29205000	      2821	80012454	8d60cd03	lbu	x26,-1834(x1)	  x1:0x800339dd x26=0x000000fc PA:0x800332b3 load:0x000000fc
       29215000	      2822	80012458	8c608b23	sb	x6,-1834(x1)	  x1:0x800339dd  x6:0x00000048 PA:0x800332b3 store:0x00000048 load:0x00000000
       29225000	      2823	8001245c	8de08b23	sb	x30,-1834(x1)	  x1:0x800339dd x30:0x000000eb PA:0x800332b3 store:0x000000eb load:0x00000000
       29235000	      2824	80012460	41635193	srai	x3,x6,0x16	  x6:0x00000048  x3=0x00000000
       29245000	      2825	80012464	8d608283	lb	x5,-1834(x1)	  x1:0x800339dd  x5=0xffffffeb PA:0x800332b3 load:0xffffffeb
       29255000	      2826	80012468	8d608503	lb	x10,-1834(x1)	  x1:0x800339dd x10=0xffffffeb PA:0x800332b3 load:0xffffffeb
       29265000	      2827	8001246c	8d608c83	lb	x25,-1834(x1)	  x1:0x800339dd x25=0xffffffeb PA:0x800332b3 load:0xffffffeb
       29275000	      2828	80012470	8d608483	lb	x9,-1834(x1)	  x1:0x800339dd  x9=0xffffffeb PA:0x800332b3 load:0xffffffeb
       29285000	      2829	80012474	8d608983	lb	x19,-1834(x1)	  x1:0x800339dd x19=0xffffffeb PA:0x800332b3 load:0xffffffeb
       29295000	      2830	80012478	99fd	c.andi	x11,-1	 x11:0x00000009 x11=0x00000009
       29305000	      2831	8001247a	87cfe637	lui	x12,0x87cfe	 x12=0x87cfe000
       29315000	      2832	8001247e	8d60cf03	lbu	x30,-1834(x1)	  x1:0x800339dd x30=0x000000eb PA:0x800332b3 load:0x000000eb
       29325000	      2833	80012482	19ea6f17	auipc	x30,0x19ea6	 x30=0x99eb8482
       29335000	      2834	80012486	8d60c883	lbu	x17,-1834(x1)	  x1:0x800339dd x17=0x000000eb PA:0x800332b3 load:0x000000eb
       29345000	      2835	8001248a	00025d97	auipc	x27,0x25	 x27=0x8003748a
       29355000	      2836	8001248e	15dd8d93	addi	x27,x27,349	 x27:0x8003748a x27=0x800375e7
       29365000	      2837	80012492	092d9ca3	sh	x18,153(x27)	 x27:0x800375e7 x18:0x00000009 PA:0x80037680 store:0x00000009 load:0x00000000
       29375000	      2838	80012496	099d8003	lb	x0,153(x27)	 x27:0x800375e7  x0=0x00000000 PA:0x80037680 load:0x00000009
       29385000	      2839	8001249a	f08dcc03	lbu	x24,-248(x27)	 x27:0x800375e7 x24=0x000000d3 PA:0x800374ef load:0x000000d3
       29395000	      2840	8001249e	f65d8983	lb	x19,-155(x27)	 x27:0x800375e7 x19=0xffffffcc PA:0x8003754c load:0xffffffcc
       29405000	      2841	800124a2	f87d9203	lh	x4,-121(x27)	 x27:0x800375e7  x4=0xffffca46 PA:0x8003756e load:0xffffca46
       29415000	      2842	800124a6	0eedc083	lbu	x1,238(x27)	 x27:0x800375e7  x1=0x000000e3 PA:0x800376d5 load:0x000000e3
       29425000	      2843	800124aa	ff0dc083	lbu	x1,-16(x27)	 x27:0x800375e7  x1=0x000000a7 PA:0x800375d7 load:0x000000a7
       29435000	      2844	800124ae	ff0d8383	lb	x7,-16(x27)	 x27:0x800375e7  x7=0xffffffa7 PA:0x800375d7 load:0xffffffa7
       29445000	      2845	800124b2	ff2dce83	lbu	x29,-14(x27)	 x27:0x800375e7 x29=0x000000ea PA:0x800375d9 load:0x000000ea
       29455000	      2846	800124b6	f88d8a03	lb	x20,-120(x27)	 x27:0x800375e7 x20=0xffffffca PA:0x8003756f load:0xffffffca
       29465000	      2847	800124ba	01ad99a3	sh	x26,19(x27)	 x27:0x800375e7 x26:0x000000fc PA:0x800375fa store:0x000000fc load:0x00000000
       29475000	      2848	800124be	008d89a3	sb	x8,19(x27)	 x27:0x800375e7  x8:0x0000001e PA:0x800375fa store:0x0000001e load:0x00000000
       29485000	      2849	800124c2	009bd313	srli	x6,x23,0x9	 x23:0xffffffff  x6=0x007fffff
       29495000	      2850	800124c6	f65d8c03	lb	x24,-155(x27)	 x27:0x800375e7 x24=0xffffffcc PA:0x8003754c load:0xffffffcc
       29505000	      2851	800124ca	0e2d8623	sb	x2,236(x27)	 x27:0x800375e7  x2:0x80048e50 PA:0x800376d3 store:0x80048e50 load:0x00000000
       29515000	      2852	800124ce	0f4d8623	sb	x20,236(x27)	 x27:0x800375e7 x20:0xffffffca PA:0x800376d3 store:0xffffffca load:0x00000000
       29525000	      2853	800124d2	5ecac513	xori	x10,x21,1516	 x21:0x00000009 x10=0x000005e5
       29535000	      2854	800124d6	42c5	c.li	x5,17	  x5=0x00000011
       29545000	      2855	800124d8	ffbdd703	lhu	x14,-5(x27)	 x27:0x800375e7 x14=0x0000daaf PA:0x800375e2 load:0x0000daaf
       29555000	      2856	800124dc	08ed8c03	lb	x24,142(x27)	 x27:0x800375e7 x24=0x0000006b PA:0x80037675 load:0x0000006b
       29565000	      2857	800124e0	6569	c.lui	x10,0x1a	 x10=0x0001a000
       29575000	      2858	800124e2	f0fd8a03	lb	x20,-241(x27)	 x27:0x800375e7 x20=0x0000005c PA:0x800374f6 load:0x0000005c
       29585000	      2859	800124e6	00022f97	auipc	x31,0x22	 x31=0x800344e6
       29595000	      2860	800124ea	a62f8f93	addi	x31,x31,-1438	 x31:0x800344e6 x31=0x80033f48
       29605000	      2861	800124ee	fd2f8183	lb	x3,-46(x31)	 x31:0x80033f48  x3=0x00000037 PA:0x80033f1a load:0x00000037
       29615000	      2862	800124f2	fd4f9923	sh	x20,-46(x31)	 x31:0x80033f48 x20:0x0000005c PA:0x80033f1a store:0x0000005c load:0x00000000
       29625000	      2863	800124f6	007ad693	srli	x13,x21,0x7	 x21:0x00000009 x13=0x00000000
       29635000	      2864	800124fa	fd2fc403	lbu	x8,-46(x31)	 x31:0x80033f48  x8=0x0000005c PA:0x80033f1a load:0x0000005c
       29645000	      2865	800124fe	018b86b3	add	x13,x23,x24	 x23:0xffffffff x24:0x0000006b x13=0x0000006a
       29655000	      2866	80012502	fd2f9d03	lh	x26,-46(x31)	 x31:0x80033f48 x26=0x0000005c PA:0x80033f1a load:0x0000005c
       29665000	      2867	80012506	fd2f9e03	lh	x28,-46(x31)	 x31:0x80033f48 x28=0x0000005c PA:0x80033f1a load:0x0000005c
       29675000	      2868	8001250a	fd2f8383	lb	x7,-46(x31)	 x31:0x80033f48  x7=0x0000005c PA:0x80033f1a load:0x0000005c
       29685000	      2869	8001250e	fd2f8303	lb	x6,-46(x31)	 x31:0x80033f48  x6=0x0000005c PA:0x80033f1a load:0x0000005c
       29695000	      2870	80012512	8f22	c.mv	x30,x8	  x0:0x00000000  x8:0x0000005c x30=0x0000005c
       29705000	      2871	80012514	fd2f9283	lh	x5,-46(x31)	 x31:0x80033f48  x5=0x0000005c PA:0x80033f1a load:0x0000005c
       29715000	      2872	80012518	fd2fde03	lhu	x28,-46(x31)	 x31:0x80033f48 x28=0x0000005c PA:0x80033f1a load:0x0000005c
       29725000	      2873	8001251c	fd2f9f03	lh	x30,-46(x31)	 x31:0x80033f48 x30=0x0000005c PA:0x80033f1a load:0x0000005c
       29735000	      2874	80012520	fd5f8923	sb	x21,-46(x31)	 x31:0x80033f48 x21:0x00000009 PA:0x80033f1a store:0x00000009 load:0x00000000
       29745000	      2875	80012524	fd2fc483	lbu	x9,-46(x31)	 x31:0x80033f48  x9=0x00000009 PA:0x80033f1a load:0x00000009
       29755000	      2876	80012528	fd2f9c03	lh	x24,-46(x31)	 x31:0x80033f48 x24=0x00000009 PA:0x80033f1a load:0x00000009
       29765000	      2877	8001252c	fd2f8903	lb	x18,-46(x31)	 x31:0x80033f48 x18=0x00000009 PA:0x80033f1a load:0x00000009
       29775000	      2878	80012530	00021d97	auipc	x27,0x21	 x27=0x80033530
       29785000	      2879	80012534	f40d8d93	addi	x27,x27,-192	 x27:0x80033530 x27=0x80033470
       29795000	      2880	80012538	0000100f	fence.i	
       29815000	      2882	8001253c	cbddc303	lbu	x6,-835(x27)	 x27:0x80033470  x6=0x000000b0 PA:0x8003312d load:0x000000b0
       29825000	      2883	80012540	cb3d8ea3	sb	x19,-835(x27)	 x27:0x80033470 x19:0xffffffcc PA:0x8003312d store:0xffffffcc load:0x00000000
       29835000	      2884	80012544	cbdd8e83	lb	x29,-835(x27)	 x27:0x80033470 x29=0xffffffcc PA:0x8003312d load:0xffffffcc
       29845000	      2885	80012548	cbddc903	lbu	x18,-835(x27)	 x27:0x80033470 x18=0x000000cc PA:0x8003312d load:0x000000cc
       29855000	      2886	8001254c	cbdd8303	lb	x6,-835(x27)	 x27:0x80033470  x6=0xffffffcc PA:0x8003312d load:0xffffffcc
       29865000	      2887	80012550	cb3d8ea3	sb	x19,-835(x27)	 x27:0x80033470 x19:0xffffffcc PA:0x8003312d store:0xffffffcc load:0x00000000
       29875000	      2888	80012554	cbcd8ea3	sb	x28,-835(x27)	 x27:0x80033470 x28:0x0000005c PA:0x8003312d store:0x0000005c load:0x00000000
       29885000	      2889	80012558	cbddc883	lbu	x17,-835(x27)	 x27:0x80033470 x17=0x0000005c PA:0x8003312d load:0x0000005c
       29895000	      2890	8001255c	cbcd8ea3	sb	x28,-835(x27)	 x27:0x80033470 x28:0x0000005c PA:0x8003312d store:0x0000005c load:0x00000000
       29905000	      2891	80012560	cbdd8683	lb	x13,-835(x27)	 x27:0x80033470 x13=0x0000005c PA:0x8003312d load:0x0000005c
       29915000	      2892	80012564	cbdd8c83	lb	x25,-835(x27)	 x27:0x80033470 x25=0x0000005c PA:0x8003312d load:0x0000005c
       29925000	      2893	80012568	cbdd8183	lb	x3,-835(x27)	 x27:0x80033470  x3=0x0000005c PA:0x8003312d load:0x0000005c
       29935000	      2894	8001256c	cbdd8903	lb	x18,-835(x27)	 x27:0x80033470 x18=0x0000005c PA:0x8003312d load:0x0000005c
       29945000	      2895	80012570	cbdd8883	lb	x17,-835(x27)	 x27:0x80033470 x17=0x0000005c PA:0x8003312d load:0x0000005c
       29955000	      2896	80012574	cbddc003	lbu	x0,-835(x27)	 x27:0x80033470  x0=0x00000000 PA:0x8003312d load:0x0000005c
       29965000	      2897	80012578	cbdd8e03	lb	x28,-835(x27)	 x27:0x80033470 x28=0x0000005c PA:0x8003312d load:0x0000005c
       29975000	      2898	8001257c	cbddc983	lbu	x19,-835(x27)	 x27:0x80033470 x19=0x0000005c PA:0x8003312d load:0x0000005c
       29985000	      2899	80012580	cbddcd03	lbu	x26,-835(x27)	 x27:0x80033470 x26=0x0000005c PA:0x8003312d load:0x0000005c
       29995000	      2900	80012584	cbdd8983	lb	x19,-835(x27)	 x27:0x80033470 x19=0x0000005c PA:0x8003312d load:0x0000005c
       30005000	      2901	80012588	00021917	auipc	x18,0x21	 x18=0x80033588
       30015000	      2902	8001258c	21390913	addi	x18,x18,531	 x18:0x80033588 x18=0x8003379b
       30025000	      2903	80012590	0c894b83	lbu	x23,200(x18)	 x18:0x8003379b x23=0x00000043 PA:0x80033863 load:0x00000043
       30035000	      2904	80012594	f4294883	lbu	x17,-190(x18)	 x18:0x8003379b x17=0x000000cc PA:0x800336dd load:0x000000cc
       30045000	      2905	80012598	fa990623	sb	x9,-84(x18)	 x18:0x8003379b  x9:0x00000009 PA:0x80033747 store:0x00000009 load:0x00000000
       30055000	      2906	8001259c	02090383	lb	x7,32(x18)	 x18:0x8003379b  x7=0xfffffff6 PA:0x800337bb load:0xfffffff6
       30065000	      2907	800125a0	f3890683	lb	x13,-200(x18)	 x18:0x8003379b x13=0xffffffd3 PA:0x800336d3 load:0xffffffd3
       30075000	      2908	800125a4	fc690c83	lb	x25,-58(x18)	 x18:0x8003379b x25=0x00000040 PA:0x80033761 load:0x00000040
       30085000	      2909	800125a8	faa94583	lbu	x11,-86(x18)	 x18:0x8003379b x11=0x00000021 PA:0x80033745 load:0x00000021
       30095000	      2910	800125ac	faa90203	lb	x4,-86(x18)	 x18:0x8003379b  x4=0x00000021 PA:0x80033745 load:0x00000021
       30135000	      2914	800125b0	02cd9eb3	mulh	x29,x27,x12	 x27:0x80033470 x12:0x87cfe000 x29=0x3c168ed1
       30145000	      2915	800125b4	f5c92ea3	sw	x28,-163(x18)	 x18:0x8003379b x28:0x0000005c PA:0x800336f8 store:0x0000005c load:0x00000000
       30155000	      2916	800125b8	f8190823	sb	x1,-112(x18)	 x18:0x8003379b  x1:0x000000a7 PA:0x8003372b store:0x000000a7 load:0x00000000
       30165000	      2917	800125bc	fac90603	lb	x12,-84(x18)	 x18:0x8003379b x12=0x00000009 PA:0x80033747 load:0x00000009
       30175000	      2918	800125c0	07390683	lb	x13,115(x18)	 x18:0x8003379b x13=0x00000005 PA:0x8003380e load:0x00000005
       30185000	      2919	800125c4	07391003	lh	x0,115(x18)	 x18:0x8003379b  x0=0x00000000 PA:0x8003380e load:0x00002205
       30195000	      2920	800125c8	06e909a3	sb	x14,115(x18)	 x18:0x8003379b x14:0x0000daaf PA:0x8003380e store:0x0000daaf load:0x00000000
       30205000	      2921	800125cc	06d919a3	sh	x13,115(x18)	 x18:0x8003379b x13:0x00000005 PA:0x8003380e store:0x00000005 load:0x00000000
       30215000	      2922	800125d0	07390d83	lb	x27,115(x18)	 x18:0x8003379b x27=0x00000005 PA:0x8003380e load:0x00000005
       30225000	      2923	800125d4	01890e03	lb	x28,24(x18)	 x18:0x8003379b x28=0x0000005f PA:0x800337b3 load:0x0000005f
       30235000	      2924	800125d8	0ef91f83	lh	x31,239(x18)	 x18:0x8003379b x31=0xffff83c2 PA:0x8003388a load:0xffff83c2
       30245000	      2925	800125dc	0002fe97	auipc	x29,0x2f	 x29=0x800415dc
       30255000	      2926	800125e0	3a9e8e93	addi	x29,x29,937	 x29:0x800415dc x29=0x80041985
       30625000	      2963	800125e4	03ab5b33	divu	x22,x22,x26	 x22:0x00000000 x26:0x0000005c x22=0x00000000
       30665000	      2967	800125e8	02fca333	mulhsu	x6,x25,x15	 x25:0x00000040 x15:0x8004cce4  x6=0x00000020
       30675000	      2968	800125ec	85fd	c.srai	x11,0x1f	 x11:0x00000021 x11=0x00000000
       30685000	      2969	800125ee	acce9aa3	sh	x12,-1323(x29)	 x29:0x80041985 x12:0x00000009 PA:0x8004145a store:0x00000009 load:0x00000000
       30695000	      2970	800125f2	6d4ec083	lbu	x1,1748(x29)	 x29:0x80041985  x1=0x00000080 PA:0x80042059 load:0x00000080
       30705000	      2971	800125f6	8599	c.srai	x11,0x6	 x11:0x00000000 x11=0x00000000
       30715000	      2972	800125f8	518e90a3	sh	x24,1281(x29)	 x29:0x80041985 x24:0x00000009 PA:0x80041e86 store:0x00000009 load:0x00000000
       30755000	      2976	800125fc	03f4b8b3	mulhu	x17,x9,x31	  x9:0x00000009 x31:0xffff83c2 x17=0x00000008
       30765000	      2977	80012600	1f49bb17	auipc	x22,0x1f49b	 x22=0x9f4ad600
       30775000	      2978	80012604	268ec003	lbu	x0,616(x29)	 x29:0x80041985  x0=0x00000000 PA:0x80041bed load:0x000000df
       30785000	      2979	80012608	ffbe9803	lh	x16,-5(x29)	 x29:0x80041985 x16=0x000014bc PA:0x80041980 load:0x000014bc
       30795000	      2980	8001260c	718ec703	lbu	x14,1816(x29)	 x29:0x80041985 x14=0x00000005 PA:0x8004209d load:0x00000005
       30805000	      2981	80012610	7a9e8203	lb	x4,1961(x29)	 x29:0x80041985  x4=0xfffffff4 PA:0x8004212e load:0xfffffff4
       30815000	      2982	80012614	03de9b83	lh	x23,61(x29)	 x29:0x80041985 x23=0x00006674 PA:0x800419c2 load:0x00006674
       30825000	      2983	80012618	0001	c.addi	x0,0	  x0:0x00000000  x0=0x00000000
       30835000	      2984	8001261a	8e35	c.xor	x12,x13	 x12:0x00000009 x13:0x00000005 x12=0x0000000c
       30845000	      2985	8001261c	b40e94a3	sh	x0,-1207(x29)	 x29:0x80041985  x0:0x00000000 PA:0x800414ce store:0x00000000 load:0x00000000
       30855000	      2986	80012620	adeece03	lbu	x28,-1314(x29)	 x29:0x80041985 x28=0x0000001c PA:0x80041463 load:0x0000001c
       30865000	      2987	80012624	f89e87a3	sb	x9,-113(x29)	 x29:0x80041985  x9:0x00000009 PA:0x80041914 store:0x00000009 load:0x00000000
       31235000	      3024	80012628	021352b3	divu	x5,x6,x1	  x6:0x00000020  x1:0x00000080  x5=0x00000000
       31245000	      3025	8001262c	004c98b3	sll	x17,x25,x4	 x25:0x00000040  x4:0xfffffff4 x17=0x04000000
       31255000	      3026	80012630	b4cec903	lbu	x18,-1204(x29)	 x29:0x80041985 x18=0x0000002f PA:0x800414d1 load:0x0000002f
       31265000	      3027	80012634	547d	c.li	x8,-1	  x8=0xffffffff
       31275000	      3028	80012636	21cec203	lbu	x4,540(x29)	 x29:0x80041985  x4=0x00000057 PA:0x80041ba1 load:0x00000057
       31285000	      3029	8001263a	6661	c.lui	x12,0x18	 x12=0x00018000
       31325000	      3033	8001263c	03de3433	mulhu	x8,x28,x29	 x28:0x0000001c x29:0x80041985  x8=0x0000000e
       31335000	      3034	80012640	dfa4e5b7	lui	x11,0xdfa4e	 x11=0xdfa4e000
       31345000	      3035	80012644	8f49	c.or	x14,x10	 x14:0x00000005 x10:0x0001a000 x14=0x0001a005
       31355000	      3036	80012646	b0ce8303	lb	x6,-1268(x29)	 x29:0x80041985  x6=0x00000047 PA:0x80041491 load:0x00000047
       31365000	      3037	8001264a	5f6e8f23	sb	x22,1534(x29)	 x29:0x80041985 x22:0x9f4ad600 PA:0x80041f83 store:0x9f4ad600 load:0x00000000
       31375000	      3038	8001264e	4e5ec983	lbu	x19,1253(x29)	 x29:0x80041985 x19=0x00000087 PA:0x80041e6a load:0x00000087
       31385000	      3039	80012652	3a87e6b7	lui	x13,0x3a87e	 x13=0x3a87e000
       31395000	      3040	80012656	9a7ec583	lbu	x11,-1625(x29)	 x29:0x80041985 x11=0x00000057 PA:0x8004132c load:0x00000057
       31405000	      3041	8001265a	4c4e8a03	lb	x20,1220(x29)	 x29:0x80041985 x20=0x00000052 PA:0x80041e49 load:0x00000052
       31415000	      3042	8001265e	c6fec583	lbu	x11,-913(x29)	 x29:0x80041985 x11=0x00000038 PA:0x800415f4 load:0x00000038
       31425000	      3043	80012662	96ee8323	sb	x14,-1690(x29)	 x29:0x80041985 x14:0x0001a005 PA:0x800412eb store:0x0001a005 load:0x00000000
       31435000	      3044	80012666	f2eec183	lbu	x3,-210(x29)	 x29:0x80041985  x3=0x000000e1 PA:0x800418b3 load:0x000000e1
       31445000	      3045	8001266a	e4ae8123	sb	x10,-446(x29)	 x29:0x80041985 x10:0x0001a000 PA:0x800417c7 store:0x0001a000 load:0x00000000
       31455000	      3046	8001266e	c8eecd83	lbu	x27,-882(x29)	 x29:0x80041985 x27=0x000000ad PA:0x80041613 load:0x000000ad
       31465000	      3047	80012672	fa6e8223	sb	x6,-92(x29)	 x29:0x80041985  x6:0x00000047 PA:0x80041929 store:0x00000047 load:0x00000000
       31475000	      3048	80012676	f9fed703	lhu	x14,-97(x29)	 x29:0x80041985 x14=0x00000261 PA:0x80041924 load:0x00000261
       31485000	      3049	8001267a	8139	c.srli	x10,0xe	 x10:0x0001a000 x10=0x00000006
       31495000	      3050	8001267c	3259efb7	lui	x31,0x3259e	 x31=0x3259e000
       31505000	      3051	80012680	df1ed803	lhu	x16,-527(x29)	 x29:0x80041985 x16=0x00008938 PA:0x80041776 load:0x00008938
       31515000	      3052	80012684	765e8423	sb	x5,1896(x29)	 x29:0x80041985  x5:0x00000000 PA:0x800420ed store:0x00000000 load:0x00000000
       31525000	      3053	80012688	844ecf83	lbu	x31,-1980(x29)	 x29:0x80041985 x31=0x000000b3 PA:0x800411c9 load:0x000000b3
       31535000	      3054	8001268c	c5633413	sltiu	x8,x6,-938	  x6:0x00000047  x8=0x00000001
       31545000	      3055	80012690	01570d33	add	x26,x14,x21	 x14:0x00000261 x21:0x00000009 x26=0x0000026a
       31555000	      3056	80012694	985e8c23	sb	x5,-1640(x29)	 x29:0x80041985  x5:0x00000000 PA:0x8004131d store:0x00000000 load:0x00000000
       31565000	      3057	80012698	8291	c.srli	x13,0x4	 x13:0x3a87e000 x13=0x03a87e00
       31575000	      3058	8001269a	4b0e9aa3	sh	x16,1205(x29)	 x29:0x80041985 x16:0x00008938 PA:0x80041e3a store:0x00008938 load:0x00000000
       31585000	      3059	8001269e	00021097	auipc	x1,0x21	  x1=0x8003369e
       31595000	      3060	800126a2	61008093	addi	x1,x1,1552	  x1:0x8003369e  x1=0x80033cae
       31605000	      3061	800126a6	ffe0d903	lhu	x18,-2(x1)	  x1:0x80033cae x18=0x00001602 PA:0x80033cac load:0x00001602
       31615000	      3062	800126aa	00023a17	auipc	x20,0x23	 x20=0x800356aa
       31625000	      3063	800126ae	8aaa0a13	addi	x20,x20,-1878	 x20:0x800356aa x20=0x80034f54
       31635000	      3064	800126b2	ffd0c503	lbu	x10,-3(x1)	  x1:0x80033cae x10=0x000000b6 PA:0x80033cab load:0x000000b6
       31645000	      3065	800126b6	f58a4683	lbu	x13,-168(x20)	 x20:0x80034f54 x13=0x0000005e PA:0x80034eac load:0x0000005e
       31655000	      3066	800126ba	f3ba4283	lbu	x5,-197(x20)	 x20:0x80034f54  x5=0x000000a3 PA:0x80034e8f load:0x000000a3
       31665000	      3067	800126be	0050c383	lbu	x7,5(x1)	  x1:0x80033cae  x7=0x00000004 PA:0x80033cb3 load:0x00000004
       31675000	      3068	800126c2	f06a4583	lbu	x11,-250(x20)	 x20:0x80034f54 x11=0x00000067 PA:0x80034e5a load:0x00000067
       31685000	      3069	800126c6	0090c683	lbu	x13,9(x1)	  x1:0x80033cae x13=0x000000cc PA:0x80033cb7 load:0x000000cc
       31695000	      3070	800126ca	fe6088a3	sb	x6,-15(x1)	  x1:0x80033cae  x6:0x00000047 PA:0x80033c9f store:0x00000047 load:0x00000000
       31705000	      3071	800126ce	076a0ea3	sb	x22,125(x20)	 x20:0x80034f54 x22:0x9f4ad600 PA:0x80034fd1 store:0x9f4ad600 load:0x00000000
       31715000	      3072	800126d2	0f8a0323	sb	x24,230(x20)	 x20:0x80034f54 x24:0x00000009 PA:0x8003503a store:0x00000009 load:0x00000000
       31725000	      3073	800126d6	fe6a0283	lb	x5,-26(x20)	 x20:0x80034f54  x5=0x0000007c PA:0x80034f3a load:0x0000007c
       31735000	      3074	800126da	ff409203	lh	x4,-12(x1)	  x1:0x80033cae  x4=0x00004928 PA:0x80033ca2 load:0x00004928
       31745000	      3075	800126de	f62a0b83	lb	x23,-158(x20)	 x20:0x80034f54 x23=0x0000003e PA:0x80034eb6 load:0x0000003e
       31755000	      3076	800126e2	0002a217	auipc	x4,0x2a	  x4=0x8003c6e2
       31765000	      3077	800126e6	52420213	addi	x4,x4,1316	  x4:0x8003c6e2  x4=0x8003cc06
       31775000	      3078	800126ea	012205a3	sb	x18,11(x4)	  x4:0x8003cc06 x18:0x00001602 PA:0x8003cc11 store:0x00001602 load:0x00000000
       31785000	      3079	800126ee	00420a03	lb	x20,4(x4)	  x4:0x8003cc06 x20=0xffffffca PA:0x8003cc0a load:0xffffffca
       31795000	      3080	800126f2	01ae82b3	add	x5,x29,x26	 x29:0x80041985 x26:0x0000026a  x5=0x80041bef
       31805000	      3081	800126f6	8cdd	c.or	x9,x15	  x9:0x00000009 x15:0x8004cce4  x9=0x8004cced
       31815000	      3082	800126f8	0001	c.addi	x0,0	  x0:0x00000000  x0=0x00000000
       31825000	      3083	800126fa	41005613	srai	x12,x0,0x10	  x0:0x00000000 x12=0x00000000
       31835000	      3084	800126fe	0000100f	fence.i	
       31855000	      3086	80012702	0001	c.addi	x0,0	  x0:0x00000000  x0=0x00000000
       31865000	      3087	80012704	8d79	c.and	x10,x14	 x10:0x000000b6 x14:0x00000261 x10=0x00000020
       32235000	      3124	80012706	03c7dfb3	divu	x31,x15,x28	 x15:0x8004cce4 x28:0x0000001c x31=0x04927508
       32245000	      3125	8001270a	00f20983	lb	x19,15(x4)	  x4:0x8003cc06 x19=0xfffffffd PA:0x8003cc15 load:0xfffffffd
       32255000	      3126	8001270e	8c91	c.sub	x9,x12	  x9:0x8004cced x12:0x00000000  x9=0x8004cced
       32265000	      3127	80012710	ffc24403	lbu	x8,-4(x4)	  x4:0x8003cc06  x8=0x000000c5 PA:0x8003cc02 load:0x000000c5
       32275000	      3128	80012714	ff124b83	lbu	x23,-15(x4)	  x4:0x8003cc06 x23=0x00000008 PA:0x8003cbf7 load:0x00000008
       32285000	      3129	80012718	8ef9	c.and	x13,x14	 x13:0x000000cc x14:0x00000261 x13=0x00000040
       32295000	      3130	8001271a	8405	c.srai	x8,0x1	  x8:0x000000c5  x8=0x00000062
       32665000	      3167	8001271c	0333d0b3	divu	x1,x7,x19	  x7:0x00000004 x19:0xfffffffd  x1=0x00000000
       32675000	      3168	80012720	00c20f03	lb	x30,12(x4)	  x4:0x8003cc06 x30=0xffffffb6 PA:0x8003cc12 load:0xffffffb6
       32685000	      3169	80012724	86e5	c.srai	x13,0x19	 x13:0x00000040 x13=0x00000000
       32695000	      3170	80012726	41775c33	sra	x24,x14,x23	 x14:0x00000261 x23:0x00000008 x24=0x00000002
       32705000	      3171	8001272a	ff124003	lbu	x0,-15(x4)	  x4:0x8003cc06  x0=0x00000000 PA:0x8003cbf7 load:0x00000008
       32715000	      3172	8001272e	41d75e33	sra	x28,x14,x29	 x14:0x00000261 x29:0x80041985 x28=0x00000013
       32725000	      3173	80012732	7159ad37	lui	x26,0x7159a	 x26=0x7159a000
       32755000	      3176	80012736	033d8a33	mul	x20,x27,x19	 x27:0x000000ad x19:0xfffffffd x20=0xfffffdf9
       32765000	      3177	8001273a	4054dd93	srai	x27,x9,0x5	  x9:0x8004cced x27=0xfc002667
       32775000	      3178	8001273e	00720403	lb	x8,7(x4)	  x4:0x8003cc06  x8=0xffffffbc PA:0x8003cc0d load:0xffffffbc
       32785000	      3179	80012742	01021f03	lh	x30,16(x4)	  x4:0x8003cc06 x30=0x00006405 PA:0x8003cc16 load:0x00006405
       32795000	      3180	80012746	014a4733	xor	x14,x20,x20	 x20:0xfffffdf9 x20:0xfffffdf9 x14=0x00000000
       32805000	      3181	8001274a	0001	c.addi	x0,0	  x0:0x00000000  x0=0x00000000
       32815000	      3182	8001274c	ff425983	lhu	x19,-12(x4)	  x4:0x8003cc06 x19=0x0000be93 PA:0x8003cbfa load:0x0000be93
       32825000	      3183	80012750	00920303	lb	x6,9(x4)	  x4:0x8003cc06  x6=0x0000003f PA:0x8003cc0f load:0x0000003f
       32835000	      3184	80012754	00f20803	lb	x16,15(x4)	  x4:0x8003cc06 x16=0xfffffffd PA:0x8003cc15 load:0xfffffffd
       32845000	      3185	80012758	002c0b33	add	x22,x24,x2	 x24:0x00000002  x2:0x80048e50 x22=0x80048e52
       32855000	      3186	8001275c	006f8833	add	x16,x31,x6	 x31:0x04927508  x6:0x0000003f x16=0x04927547
       32865000	      3187	80012760	f3762e93	slti	x29,x12,-201	 x12:0x00000000 x29=0x00000000
       32875000	      3188	80012764	8c9a	c.mv	x25,x6	  x0:0x00000000  x6:0x0000003f x25=0x0000003f
       32885000	      3189	80012766	8e29	c.xor	x12,x10	 x12:0x00000000 x10:0x00000020 x12=0x00000020
       33255000	      3226	80012768	023aefb3	rem	x31,x21,x3	 x21:0x00000009  x3:0x000000e1 x31=0x00000009
       33265000	      3227	8001276c	00424483	lbu	x9,4(x4)	  x4:0x8003cc06  x9=0x000000ca PA:0x8003cc0a load:0x000000ca
       33275000	      3228	80012770	00021b17	auipc	x22,0x21	 x22=0x80033770
       33285000	      3229	80012774	8d8b0b13	addi	x22,x22,-1832	 x22:0x80033770 x22=0x80033048
       33295000	      3230	80012778	0eed5a37	lui	x20,0xeed5	 x20=0x0eed5000
       33305000	      3231	8001277c	9b52	c.add	x22,x20	 x22:0x80033048 x20:0x0eed5000 x22=0x8ef08048
       33315000	      3232	8001277e	3e1b03a3	sb	x1,999(x22)	 x22:0x8ef08048  x1:0x00000000 PA:0x8ef0842f store:0x00000000 load:0x00000000
       33325000	      3233	80012782	082b1b23	sh	x2,150(x22)	 x22:0x8ef08048  x2:0x80048e50 PA:0x8ef080de store:0x80048e50 load:0x00000000
       33335000	      3234	80012786	aa3b05a3	sb	x3,-1365(x22)	 x22:0x8ef08048  x3:0x000000e1 PA:0x8ef07af3 store:0x000000e1 load:0x00000000
       33345000	      3235	8001278a	0c4b1f23	sh	x4,222(x22)	 x22:0x8ef08048  x4:0x8003cc06 PA:0x8ef08126 store:0x8003cc06 load:0x00000000
       33355000	      3236	8001278e	466b00a3	sb	x6,1121(x22)	 x22:0x8ef08048  x6:0x0000003f PA:0x8ef084a9 store:0x0000003f load:0x00000000
       33365000	      3237	80012792	4e8b1223	sh	x8,1252(x22)	 x22:0x8ef08048  x8:0xffffffbc PA:0x8ef0852c store:0xffffffbc load:0x00000000
       33375000	      3238	80012796	84668b93	addi	x23,x13,-1978	 x13:0x00000000 x23=0xfffff846
       33385000	      3239	8001279a	ce8b01a3	sb	x8,-797(x22)	 x22:0x8ef08048  x8:0xffffffbc PA:0x8ef07d2b store:0xffffffbc load:0x00000000
       33395000	      3240	8001279e	8cd44e93	xori	x29,x8,-1843	  x8:0xffffffbc x29=0x00000771
       33405000	      3241	800127a2	3e7b4503	lbu	x10,999(x22)	 x22:0x8ef08048 x10=0x00000000 PA:0x8ef0842f load:0x00000000
       33415000	      3242	800127a6	096b1503	lh	x10,150(x22)	 x22:0x8ef08048 x10=0xffff8e50 PA:0x8ef080de load:0xffff8e50
       33425000	      3243	800127aa	aabb0d83	lb	x27,-1365(x22)	 x22:0x8ef08048 x27=0xffffffe1 PA:0x8ef07af3 load:0xffffffe1
       33445000	      3245	800127ae	021f60b3	rem	x1,x30,x1	 x30:0x00006405  x1:0x00000000  x1=0x00006405
       33455000	      3246	800127b2	023e	c.slli	x4,0xf	  x4:0x8003cc06  x4=0xe6030000
       33465000	      3247	800127b4	41ebde93	srai	x29,x23,0x1e	 x23:0xfffff846 x29=0xffffffff
       33475000	      3248	800127b8	ac850437	lui	x8,0xac850	  x8=0xac850000
       33485000	      3249	800127bc	0deb5583	lhu	x11,222(x22)	 x22:0x8ef08048 x11=0x0000cc06 PA:0x8ef08126 load:0x0000cc06
       33495000	      3250	800127c0	f07b1423	sh	x7,-248(x22)	 x22:0x8ef08048  x7:0x00000004 PA:0x8ef07f50 store:0x00000004 load:0x00000000
       33505000	      3251	800127c4	461b0f03	lb	x30,1121(x22)	 x22:0x8ef08048 x30=0x0000003f PA:0x8ef084a9 load:0x0000003f
       33515000	      3252	800127c8	01439433	sll	x8,x7,x20	  x7:0x00000004 x20:0x0eed5000  x8=0x00000004
       33525000	      3253	800127cc	00c1f2b3	and	x5,x3,x12	  x3:0x000000e1 x12:0x00000020  x5=0x00000020
       33535000	      3254	800127d0	77bb05a3	sb	x27,1899(x22)	 x22:0x8ef08048 x27:0xffffffe1 PA:0x8ef087b3 store:0xffffffe1 load:0x00000000
       33545000	      3255	800127d4	82e1	c.srli	x13,0x18	 x13:0x00000000 x13=0x00000000
       33555000	      3256	800127d6	4e4b1503	lh	x10,1252(x22)	 x22:0x8ef08048 x10=0xffffffbc PA:0x8ef0852c load:0xffffffbc
       33925000	      3293	800127da	034b4833	div	x16,x22,x20	 x22:0x8ef08048 x20:0x0eed5000 x16=0xfffffff9
       33935000	      3294	800127de	ccfb0c23	sb	x15,-808(x22)	 x22:0x8ef08048 x15:0x8004cce4 PA:0x8ef07d20 store:0x8004cce4 load:0x00000000
       33945000	      3295	800127e2	00025297	auipc	x5,0x25	  x5=0x800377e2
       33955000	      3296	800127e6	a2d28293	addi	x5,x5,-1491	  x5:0x800377e2  x5=0x8003720f
       33965000	      3297	800127ea	00021b17	auipc	x22,0x21	 x22=0x800337ea
       33975000	      3298	800127ee	dabb0b13	addi	x22,x22,-597	 x22:0x800337ea x22=0x80033595
       33985000	      3299	800127f2	cbab4603	lbu	x12,-838(x22)	 x22:0x80033595 x12=0x000000c0 PA:0x8003324f load:0x000000c0
       33995000	      3300	800127f6	b40b0823	sb	x0,-1200(x22)	 x22:0x80033595  x0:0x00000000 PA:0x800330e5 store:0x00000000 load:0x00000000
       34005000	      3301	800127fa	f3f2c803	lbu	x16,-193(x5)	  x5:0x8003720f x16=0x000000e9 PA:0x8003714e load:0x000000e9
       34015000	      3302	800127fe	112b0203	lb	x4,274(x22)	 x22:0x80033595  x4=0x0000006c PA:0x800336a7 load:0x0000006c
       34025000	      3303	80012802	f3d28f03	lb	x30,-195(x5)	  x5:0x8003720f x30=0x0000000e PA:0x8003714c load:0x0000000e
       34035000	      3304	80012806	591b23a3	sw	x17,1415(x22)	 x22:0x80033595 x17:0x04000000 PA:0x80033b1c store:0x04000000 load:0x00000000
       34045000	      3305	8001280a	fb1284a3	sb	x17,-87(x5)	  x5:0x8003720f x17:0x04000000 PA:0x800371b8 store:0x04000000 load:0x00000000
       34055000	      3306	8001280e	0b1298a3	sh	x17,177(x5)	  x5:0x8003720f x17:0x04000000 PA:0x800372c0 store:0x04000000 load:0x00000000
       34065000	      3307	80012812	05628023	sb	x22,64(x5)	  x5:0x8003720f x22:0x80033595 PA:0x8003724f store:0x80033595 load:0x00000000
       34075000	      3308	80012816	06028723	sb	x0,110(x5)	  x5:0x8003720f  x0:0x00000000 PA:0x8003727d store:0x00000000 load:0x00000000
       34085000	      3309	8001281a	f8c28303	lb	x6,-116(x5)	  x5:0x8003720f  x6=0x0000003b PA:0x8003719b load:0x0000003b
       34095000	      3310	8001281e	489b1883	lh	x17,1161(x22)	 x22:0x80033595 x17=0x00006e22 PA:0x80033a1e load:0x00006e22
       34105000	      3311	80012822	d7eb23a3	sw	x30,-665(x22)	 x22:0x80033595 x30:0x0000000e PA:0x800332fc store:0x0000000e load:0x00000000
       34115000	      3312	80012826	00021697	auipc	x13,0x21	 x13=0x80033826
       34125000	      3313	8001282a	9dd68693	addi	x13,x13,-1571	 x13:0x80033826 x13=0x80033203
       34135000	      3314	8001282e	00023c17	auipc	x24,0x23	 x24=0x8003582e
       34145000	      3315	80012832	1dfc0c13	addi	x24,x24,479	 x24:0x8003582e x24=0x80035a0d
       34155000	      3316	80012836	40cc0083	lb	x1,1036(x24)	 x24:0x80035a0d  x1=0x00000077 PA:0x80035e19 load:0x00000077
       34165000	      3317	8001283a	fca6cd83	lbu	x27,-54(x13)	 x13:0x80033203 x27=0x00000081 PA:0x800331cd load:0x00000081
       34175000	      3318	8001283e	58ac0183	lb	x3,1418(x24)	 x24:0x80035a0d  x3=0xffffff83 PA:0x80035f97 load:0xffffff83
       34185000	      3319	80012842	fd668303	lb	x6,-42(x13)	 x13:0x80033203  x6=0x00000064 PA:0x800331d9 load:0x00000064
       34195000	      3320	80012846	03169b83	lh	x23,49(x13)	 x13:0x80033203 x23=0x000018c4 PA:0x80033234 load:0x000018c4
       34205000	      3321	8001284a	e67c1d83	lh	x27,-409(x24)	 x24:0x80035a0d x27=0xffff807f PA:0x80035874 load:0xffff807f
       34215000	      3322	8001284e	fe26cb83	lbu	x23,-30(x13)	 x13:0x80033203 x23=0x00000005 PA:0x800331e5 load:0x00000005
       34225000	      3323	80012852	51bc2b03	lw	x22,1307(x24)	 x24:0x80035a0d x22=0xcf6e957c PA:0x80035f28 load:0xcf6e957c
       34235000	      3324	80012856	244c0923	sb	x4,594(x24)	 x24:0x80035a0d  x4:0x0000006c PA:0x80035c5f store:0x0000006c load:0x00000000
       34245000	      3325	8001285a	03a68d83	lb	x27,58(x13)	 x13:0x80033203 x27=0xffffffe5 PA:0x8003323d load:0xffffffe5
       34255000	      3326	8001285e	3eec4383	lbu	x7,1006(x24)	 x24:0x80035a0d  x7=0x000000ba PA:0x80035dfb load:0x000000ba
       34265000	      3327	80012862	aafc0a23	sb	x15,-1356(x24)	 x24:0x80035a0d x15:0x8004cce4 PA:0x800354c1 store:0x8004cce4 load:0x00000000
       34275000	      3328	80012866	03168f23	sb	x17,62(x13)	 x13:0x80033203 x17:0x00006e22 PA:0x80033241 store:0x00006e22 load:0x00000000
       34285000	      3329	8001286a	6c3c5583	lhu	x11,1731(x24)	 x24:0x80035a0d x11=0x0000214b PA:0x800360d0 load:0x0000214b
       34295000	      3330	8001286e	ff76c983	lbu	x19,-9(x13)	 x13:0x80033203 x19=0x00000009 PA:0x800331fa load:0x00000009
       34305000	      3331	80012872	00021497	auipc	x9,0x21	  x9=0x80033872
       34315000	      3332	80012876	bb348493	addi	x9,x9,-1101	  x9:0x80033872  x9=0x80033425
       34325000	      3333	8001287a	00024397	auipc	x7,0x24	  x7=0x8003687a
       34335000	      3334	8001287e	06938393	addi	x7,x7,105	  x7:0x8003687a  x7=0x800368e3
       34345000	      3335	80012882	ffb38823	sb	x27,-16(x7)	  x7:0x800368e3 x27:0xffffffe5 PA:0x800368d3 store:0xffffffe5 load:0x00000000
       34355000	      3336	80012886	21948a23	sb	x25,532(x9)	  x9:0x80033425 x25:0x0000003f PA:0x80033639 store:0x0000003f load:0x00000000
       34365000	      3337	8001288a	fd138e83	lb	x29,-47(x7)	  x7:0x800368e3 x29=0x0000002b PA:0x800368b4 load:0x0000002b
       34375000	      3338	8001288e	ff638223	sb	x22,-28(x7)	  x7:0x800368e3 x22:0xcf6e957c PA:0x800368c7 store:0xcf6e957c load:0x00000000
       34385000	      3339	80012892	02b39083	lh	x1,43(x7)	  x7:0x800368e3  x1=0x000056f6 PA:0x8003690e load:0x000056f6
       34395000	      3340	80012896	0283c883	lbu	x17,40(x7)	  x7:0x800368e3 x17=0x000000d6 PA:0x8003690b load:0x000000d6
       34405000	      3341	8001289a	f6f483a3	sb	x15,-153(x9)	  x9:0x80033425 x15:0x8004cce4 PA:0x8003338c store:0x8004cce4 load:0x00000000
       34415000	      3342	8001289e	d2a48583	lb	x11,-726(x9)	  x9:0x80033425 x11=0x00000042 PA:0x8003314f load:0x00000042
       34425000	      3343	800128a2	fcf38903	lb	x18,-49(x7)	  x7:0x800368e3 x18=0xffffffdc PA:0x800368b2 load:0xffffffdc
       34445000	      3345	800128a6	fd238723	sb	x18,-50(x7)	  x7:0x800368e3 x18:0xffffffdc PA:0x800368b1 store:0xffffffdc load:0x00000000
       34455000	      3346	800128aa	00c3cc83	lbu	x25,12(x7)	  x7:0x800368e3 x25=0x00000026 PA:0x800368ef load:0x00000026
       34465000	      3347	800128ae	34f48c03	lb	x24,847(x9)	  x9:0x80033425 x24=0xffffff8f PA:0x80033774 load:0xffffff8f
       34475000	      3348	800128b2	33e48b03	lb	x22,830(x9)	  x9:0x80033425 x22=0xffffffb0 PA:0x80033763 load:0xffffffb0
       34485000	      3349	800128b6	25f490a3	sh	x31,577(x9)	  x9:0x80033425 x31:0x00000009 PA:0x80033666 store:0x00000009 load:0x00000000
       34495000	      3350	800128ba	00025b17	auipc	x22,0x25	 x22=0x800378ba
       34505000	      3351	800128be	ff3b0b13	addi	x22,x22,-13	 x22:0x800378ba x22=0x800378ad
       34515000	      3352	800128c2	008b69b3	or	x19,x22,x8	 x22:0x800378ad  x8:0x00000004 x19=0x800378ad
       34525000	      3353	800128c6	00db0303	lb	x6,13(x22)	 x22:0x800378ad  x6=0x00000042 PA:0x800378ba load:0x00000042
       34535000	      3354	800128ca	015b06a3	sb	x21,13(x22)	 x22:0x800378ad x21:0x00000009 PA:0x800378ba store:0x00000009 load:0x00000000
       34545000	      3355	800128ce	006b0023	sb	x6,0(x22)	 x22:0x800378ad  x6:0x00000042 PA:0x800378ad store:0x00000042 load:0x00000000
       34555000	      3356	800128d2	000b4183	lbu	x3,0(x22)	 x22:0x800378ad  x3=0x00000042 PA:0x800378ad load:0x00000042
       34565000	      3357	800128d6	005b5e03	lhu	x28,5(x22)	 x22:0x800378ad x28=0x0000576b PA:0x800378b2 load:0x0000576b
       34575000	      3358	800128da	005b4503	lbu	x10,5(x22)	 x22:0x800378ad x10=0x0000006b PA:0x800378b2 load:0x0000006b
       34585000	      3359	800128de	002b0423	sb	x2,8(x22)	 x22:0x800378ad  x2:0x80048e50 PA:0x800378b5 store:0x80048e50 load:0x00000000
       34595000	      3360	800128e2	008b4d03	lbu	x26,8(x22)	 x22:0x800378ad x26=0x00000050 PA:0x800378b5 load:0x00000050
       34605000	      3361	800128e6	008b4883	lbu	x17,8(x22)	 x22:0x800378ad x17=0x00000050 PA:0x800378b5 load:0x00000050
       34615000	      3362	800128ea	ff6b4903	lbu	x18,-10(x22)	 x22:0x800378ad x18=0x00000049 PA:0x800378a3 load:0x00000049
       34625000	      3363	800128ee	0002f397	auipc	x7,0x2f	  x7=0x800418ee
       34635000	      3364	800128f2	20438393	addi	x7,x7,516	  x7:0x800418ee  x7=0x80041af2
       34645000	      3365	800128f6	0cf380a3	sb	x15,193(x7)	  x7:0x80041af2 x15:0x8004cce4 PA:0x80041bb3 store:0x8004cce4 load:0x00000000
       34655000	      3366	800128fa	0db380a3	sb	x27,193(x7)	  x7:0x80041af2 x27:0xffffffe5 PA:0x80041bb3 store:0xffffffe5 load:0x00000000
       34665000	      3367	800128fe	0c13ca03	lbu	x20,193(x7)	  x7:0x80041af2 x20=0x000000e5 PA:0x80041bb3 load:0x000000e5
       34675000	      3368	80012902	0c13c803	lbu	x16,193(x7)	  x7:0x80041af2 x16=0x000000e5 PA:0x80041bb3 load:0x000000e5
       34685000	      3369	80012906	0d3380a3	sb	x19,193(x7)	  x7:0x80041af2 x19:0x800378ad PA:0x80041bb3 store:0x800378ad load:0x00000000
       34695000	      3370	8001290a	fe739e23	sh	x7,-4(x7)	  x7:0x80041af2  x7:0x80041af2 PA:0x80041aee store:0x80041af2 load:0x00000000
       34705000	      3371	8001290e	ffc39903	lh	x18,-4(x7)	  x7:0x80041af2 x18=0x00001af2 PA:0x80041aee load:0x00001af2
       34715000	      3372	80012912	ff038e23	sb	x16,-4(x7)	  x7:0x80041af2 x16:0x000000e5 PA:0x80041aee store:0x000000e5 load:0x00000000
       34725000	      3373	80012916	ffc38d83	lb	x27,-4(x7)	  x7:0x80041af2 x27=0xffffffe5 PA:0x80041aee load:0xffffffe5
       34735000	      3374	8001291a	00c1d493	srli	x9,x3,0xc	  x3:0x00000042  x9=0x00000000
       34745000	      3375	8001291e	ffc3d703	lhu	x14,-4(x7)	  x7:0x80041af2 x14=0x00001ae5 PA:0x80041aee load:0x00001ae5
       34765000	      3377	80012922	fee38423	sb	x14,-24(x7)	  x7:0x80041af2 x14:0x00001ae5 PA:0x80041ada store:0x00001ae5 load:0x00000000
       34775000	      3378	80012926	01238fa3	sb	x18,31(x7)	  x7:0x80041af2 x18:0x00001af2 PA:0x80041b11 store:0x00001af2 load:0x00000000
       34785000	      3379	8001292a	01f38283	lb	x5,31(x7)	  x7:0x80041af2  x5=0xfffffff2 PA:0x80041b11 load:0xfffffff2
       34795000	      3380	8001292e	01f38203	lb	x4,31(x7)	  x7:0x80041af2  x4=0xfffffff2 PA:0x80041b11 load:0xfffffff2
       34805000	      3381	80012932	01f3cc83	lbu	x25,31(x7)	  x7:0x80041af2 x25=0x000000f2 PA:0x80041b11 load:0x000000f2
       34815000	      3382	80012936	01f3c903	lbu	x18,31(x7)	  x7:0x80041af2 x18=0x000000f2 PA:0x80041b11 load:0x000000f2
       34825000	      3383	8001293a	01138fa3	sb	x17,31(x7)	  x7:0x80041af2 x17:0x00000050 PA:0x80041b11 store:0x00000050 load:0x00000000
       34835000	      3384	8001293e	00021617	auipc	x12,0x21	 x12=0x8003393e
       34845000	      3385	80012942	24b60613	addi	x12,x12,587	 x12:0x8003393e x12=0x80033b89
       34855000	      3386	80012946	ff961003	lh	x0,-7(x12)	 x12:0x80033b89  x0=0x00000000 PA:0x80033b82 load:0x00000045
       34865000	      3387	8001294a	0002bc17	auipc	x24,0x2b	 x24=0x8003d94a
       34875000	      3388	8001294e	3c4c0c13	addi	x24,x24,964	 x24:0x8003d94a x24=0x8003dd0e
       34885000	      3389	80012952	2b3c4083	lbu	x1,691(x24)	 x24:0x8003dd0e  x1=0x00000087 PA:0x8003dfc1 load:0x00000087
       34895000	      3390	80012956	64ec0283	lb	x5,1614(x24)	 x24:0x8003dd0e  x5=0xffffffd0 PA:0x8003e35c load:0xffffffd0
       34905000	      3391	8001295a	00060703	lb	x14,0(x12)	 x12:0x80033b89 x14=0xffffff97 PA:0x80033b89 load:0xffffff97
       34915000	      3392	8001295e	00060003	lb	x0,0(x12)	 x12:0x80033b89  x0=0x00000000 PA:0x80033b89 load:0xffffff97
       34925000	      3393	80012962	017616a3	sh	x23,13(x12)	 x12:0x80033b89 x23:0x00000005 PA:0x80033b96 store:0x00000005 load:0x00000000
       34935000	      3394	80012966	dc0c5483	lhu	x9,-576(x24)	 x24:0x8003dd0e  x9=0x0000e024 PA:0x8003dace load:0x0000e024
       34945000	      3395	8001296a	01d60723	sb	x29,14(x12)	 x12:0x80033b89 x29:0x0000002b PA:0x80033b97 store:0x0000002b load:0x00000000
       34955000	      3396	8001296e	cbac0703	lb	x14,-838(x24)	 x24:0x8003dd0e x14=0x00000047 PA:0x8003d9c8 load:0x00000047
       34965000	      3397	80012972	ffc60703	lb	x14,-4(x12)	 x12:0x80033b89 x14=0xffffffb1 PA:0x80033b85 load:0xffffffb1
       34975000	      3398	80012976	c13c4803	lbu	x16,-1005(x24)	 x24:0x8003dd0e x16=0x000000c9 PA:0x8003d921 load:0x000000c9
       34985000	      3399	8001297a	00064183	lbu	x3,0(x12)	 x12:0x80033b89  x3=0x00000097 PA:0x80033b89 load:0x00000097
       34995000	      3400	8001297e	00021917	auipc	x18,0x21	 x18=0x8003397e
       35005000	      3401	80012982	69890913	addi	x18,x18,1688	 x18:0x8003397e x18=0x80034016
       35015000	      3402	80012986	01390b03	lb	x22,19(x18)	 x18:0x80034016 x22=0xffffffe6 PA:0x80034029 load:0xffffffe6
       35025000	      3403	8001298a	ff594c83	lbu	x25,-11(x18)	 x18:0x80034016 x25=0x00000021 PA:0x8003400b load:0x00000021
       35035000	      3404	8001298e	ffb94c03	lbu	x24,-5(x18)	 x18:0x80034016 x24=0x000000be PA:0x80034011 load:0x000000be
       35045000	      3405	80012992	03190d83	lb	x27,49(x18)	 x18:0x80034016 x27=0xfffffffd PA:0x80034047 load:0xfffffffd
       35055000	      3406	80012996	fdb94583	lbu	x11,-37(x18)	 x18:0x80034016 x11=0x00000029 PA:0x80033ff1 load:0x00000029
       35065000	      3407	8001299a	054e	c.slli	x10,0x13	 x10:0x0000006b x10=0x03580000
       35075000	      3408	8001299c	0ff0000f	fence	iorw,iorw	
       35085000	      3409	800129a0	62e9	c.lui	x5,0x1a	  x5=0x0001a000
       35095000	      3410	800129a2	fe291f23	sh	x2,-2(x18)	 x18:0x80034016  x2:0x80048e50 PA:0x80034014 store:0x80048e50 load:0x00000000
       35105000	      3411	800129a6	8db1	c.xor	x11,x12	 x11:0x00000029 x12:0x80033b89 x11=0x80033ba0
       35115000	      3412	800129a8	ffb90703	lb	x14,-5(x18)	 x18:0x80034016 x14=0xffffffbe PA:0x80034011 load:0xffffffbe
       35125000	      3413	800129ac	0cc6	c.slli	x25,0x11	 x25:0x00000021 x25=0x00420000
       35135000	      3414	800129ae	fcc90aa3	sb	x12,-43(x18)	 x18:0x80034016 x12:0x80033b89 PA:0x80033feb store:0x80033b89 load:0x00000000
       35145000	      3415	800129b2	b21e8f37	lui	x30,0xb21e8	 x30=0xb21e8000
       35155000	      3416	800129b6	01d94e83	lbu	x29,29(x18)	 x18:0x80034016 x29=0x000000aa PA:0x80034033 load:0x000000aa
       35165000	      3417	800129ba	8e55	c.or	x12,x13	 x12:0x80033b89 x13:0x80033203 x12=0x80033b8b
       35175000	      3418	800129bc	0016beb3	sltu	x29,x13,x1	 x13:0x80033203  x1:0x00000087 x29=0x00000000
       35185000	      3419	800129c0	ff0903a3	sb	x16,-25(x18)	 x18:0x80034016 x16:0x000000c9 PA:0x80033ffd store:0x000000c9 load:0x00000000
       35195000	      3420	800129c4	1cfd	c.addi	x25,-1	 x25:0x00420000 x25=0x0041ffff
       35205000	      3421	800129c6	02691523	sh	x6,42(x18)	 x18:0x80034016  x6:0x00000042 PA:0x80034040 store:0x00000042 load:0x00000000
       35215000	      3422	800129ca	8d81	c.sub	x11,x8	 x11:0x80033ba0  x8:0x00000004 x11=0x80033b9c
       35225000	      3423	800129cc	fd095983	lhu	x19,-48(x18)	 x18:0x80034016 x19=0x0000bc0f PA:0x80033fe6 load:0x0000bc0f
       35235000	      3424	800129d0	03191023	sh	x17,32(x18)	 x18:0x80034016 x17:0x00000050 PA:0x80034036 store:0x00000050 load:0x00000000
       35245000	      3425	800129d4	ff690683	lb	x13,-10(x18)	 x18:0x80034016 x13=0x00000027 PA:0x8003400c load:0x00000027
       35255000	      3426	800129d8	fd0908a3	sb	x16,-47(x18)	 x18:0x80034016 x16:0x000000c9 PA:0x80033fe7 store:0x000000c9 load:0x00000000
       35265000	      3427	800129dc	00190003	lb	x0,1(x18)	 x18:0x80034016  x0=0x00000000 PA:0x80034017 load:0x00000032
       35275000	      3428	800129e0	01490f83	lb	x31,20(x18)	 x18:0x80034016 x31=0xffffffd1 PA:0x8003402a load:0xffffffd1
       35285000	      3429	800129e4	0002df17	auipc	x30,0x2d	 x30=0x8003f9e4
       35295000	      3430	800129e8	364f0f13	addi	x30,x30,868	 x30:0x8003f9e4 x30=0x8003fd48
       35305000	      3431	800129ec	f9ef1923	sh	x30,-110(x30)	 x30:0x8003fd48 x30:0x8003fd48 PA:0x8003fcda store:0x8003fd48 load:0x00000000
       35315000	      3432	800129f0	fc7f0f83	lb	x31,-57(x30)	 x30:0x8003fd48 x31=0x00000033 PA:0x8003fd0f load:0x00000033
       35325000	      3433	800129f4	0060f333	and	x6,x1,x6	  x1:0x00000087  x6:0x00000042  x6=0x00000002
       35335000	      3434	800129f8	8642	c.mv	x12,x16	  x0:0x00000000 x16:0x000000c9 x12=0x000000c9
       35345000	      3435	800129fa	86a9	c.srai	x13,0xa	 x13:0x00000027 x13=0x00000000
       35355000	      3436	800129fc	0087e6b3	or	x13,x15,x8	 x15:0x8004cce4  x8:0x00000004 x13=0x8004cce4
       35365000	      3437	80012a00	8c99	c.sub	x9,x14	  x9:0x0000e024 x14:0xffffffbe  x9=0x0000e066
       35375000	      3438	80012a02	f2bf4c03	lbu	x24,-213(x30)	 x30:0x8003fd48 x24=0x000000ad PA:0x8003fc73 load:0x000000ad
       35385000	      3439	80012a06	fb2f01a3	sb	x18,-93(x30)	 x30:0x8003fd48 x18:0x80034016 PA:0x8003fceb store:0x80034016 load:0x00000000
       35395000	      3440	80012a0a	fd2f5e83	lhu	x29,-46(x30)	 x30:0x8003fd48 x29=0x0000cf1a PA:0x8003fd1a load:0x0000cf1a
       35405000	      3441	80012a0e	050f1e83	lh	x29,80(x30)	 x30:0x8003fd48 x29=0x00004f2c PA:0x8003fd98 load:0x00004f2c
       35415000	      3442	80012a12	f16f0ba3	sb	x22,-233(x30)	 x30:0x8003fd48 x22:0xffffffe6 PA:0x8003fc5f store:0xffffffe6 load:0x00000000
       35425000	      3443	80012a16	055f4483	lbu	x9,85(x30)	 x30:0x8003fd48  x9=0x000000cd PA:0x8003fd9d load:0x000000cd
       35435000	      3444	80012a1a	fe3f0003	lb	x0,-29(x30)	 x30:0x8003fd48  x0=0x00000000 PA:0x8003fd2b load:0xffffffaf
       35445000	      3445	80012a1e	049f06a3	sb	x9,77(x30)	 x30:0x8003fd48  x9:0x000000cd PA:0x8003fd95 store:0x000000cd load:0x00000000
       35455000	      3446	80012a22	40f95833	sra	x16,x18,x15	 x18:0x80034016 x15:0x8004cce4 x16=0xf8003401
       35465000	      3447	80012a26	f60f4a03	lbu	x20,-160(x30)	 x30:0x8003fd48 x20=0x000000ad PA:0x8003fca8 load:0x000000ad
       35475000	      3448	80012a2a	0001	c.addi	x0,0	  x0:0x00000000  x0=0x00000000
       35485000	      3449	80012a2c	0000100f	fence.i	
       35505000	      3451	80012a30	01e07cb3	and	x25,x0,x30	  x0:0x00000000 x30:0x8003fd48 x25=0x00000000
       35875000	      3488	80012a34	03f178b3	remu	x17,x2,x31	  x2:0x80048e50 x31:0x00000033 x17=0x00000030
       35885000	      3489	80012a38	137d	c.addi	x6,-1	  x6:0x00000002  x6=0x00000001
       35895000	      3490	80012a3a	f90f2603	lw	x12,-112(x30)	 x30:0x8003fd48 x12=0xfd489488 PA:0x8003fcd8 load:0xfd489488
       35905000	      3491	80012a3e	fb3f0b83	lb	x23,-77(x30)	 x30:0x8003fd48 x23=0xffffffc0 PA:0x8003fcfb load:0xffffffc0
       35915000	      3492	80012a42	f9ef09a3	sb	x30,-109(x30)	 x30:0x8003fd48 x30:0x8003fd48 PA:0x8003fcdb store:0x8003fd48 load:0x00000000
       35925000	      3493	80012a46	40680a33	sub	x20,x16,x6	 x16:0xf8003401  x6:0x00000001 x20=0xf8003400
       35935000	      3494	80012a4a	1cfd	c.addi	x25,-1	 x25:0x00000000 x25=0xffffffff
       35945000	      3495	80012a4c	f38f1323	sh	x24,-218(x30)	 x30:0x8003fd48 x24:0x000000ad PA:0x8003fc6e store:0x000000ad load:0x00000000
       35955000	      3496	80012a50	01ed2bb3	slt	x23,x26,x30	 x26:0x00000050 x30:0x8003fd48 x23=0x00000000
       35965000	      3497	80012a54	f0bf09a3	sb	x11,-237(x30)	 x30:0x8003fd48 x11:0x80033b9c PA:0x8003fc5b store:0x80033b9c load:0x00000000
       35975000	      3498	80012a58	011f0323	sb	x17,6(x30)	 x30:0x8003fd48 x17:0x00000030 PA:0x8003fd4e store:0x00000030 load:0x00000000
       35985000	      3499	80012a5c	009f2a23	sw	x9,20(x30)	 x30:0x8003fd48  x9:0x000000cd PA:0x8003fd5c store:0x000000cd load:0x00000000
       35995000	      3500	80012a60	05ef2423	sw	x30,72(x30)	 x30:0x8003fd48 x30:0x8003fd48 PA:0x8003fd90 store:0x8003fd48 load:0x00000000
       36005000	      3501	80012a64	06bf0423	sb	x11,104(x30)	 x30:0x8003fd48 x11:0x80033b9c PA:0x8003fdb0 store:0x80033b9c load:0x00000000
       36015000	      3502	80012a68	1d7d	c.addi	x26,-1	 x26:0x00000050 x26=0x0000004f
       36025000	      3503	80012a6a	fc0f5c83	lhu	x25,-64(x30)	 x30:0x8003fd48 x25=0x00003560 PA:0x8003fd08 load:0x00003560
       36035000	      3504	80012a6e	0a2f4503	lbu	x10,162(x30)	 x30:0x8003fd48 x10=0x00000056 PA:0x8003fdea load:0x00000056
       36045000	      3505	80012a72	0000100f	fence.i	
       36075000	      3508	80012a76	ff8f5483	lhu	x9,-8(x30)	 x30:0x8003fd48  x9=0x000092d6 PA:0x8003fd40 load:0x000092d6
       36085000	      3509	80012a7a	062f1703	lh	x14,98(x30)	 x30:0x8003fd48 x14=0x00005b51 PA:0x8003fdaa load:0x00005b51
       36105000	      3511	80012a7e	00873a33	sltu	x20,x14,x8	 x14:0x00005b51  x8:0x00000004 x20=0x00000000
       36115000	      3512	80012a82	084f0d23	sb	x4,154(x30)	 x30:0x8003fd48  x4:0xfffffff2 PA:0x8003fde2 store:0xfffffff2 load:0x00000000
       36125000	      3513	80012a86	01f2cbb3	xor	x23,x5,x31	  x5:0x0001a000 x31:0x00000033 x23=0x0001a033
       36135000	      3514	80012a8a	fa5f0983	lb	x19,-91(x30)	 x30:0x8003fd48 x19=0xffffffaa PA:0x8003fced load:0xffffffaa
       36145000	      3515	80012a8e	f11f4983	lbu	x19,-239(x30)	 x30:0x8003fd48 x19=0x000000a4 PA:0x8003fc59 load:0x000000a4
       36155000	      3516	80012a92	f16f0d83	lb	x27,-234(x30)	 x30:0x8003fd48 x27=0x0000007b PA:0x8003fc5e load:0x0000007b
       36165000	      3517	80012a96	0e8f1503	lh	x10,232(x30)	 x30:0x8003fd48 x10=0xffff9538 PA:0x8003fe30 load:0xffff9538
       36175000	      3518	80012a9a	00020417	auipc	x8,0x20	  x8=0x80032a9a
       36185000	      3519	80012a9e	5ae40413	addi	x8,x8,1454	  x8:0x80032a9a  x8=0x80033048
       36195000	      3520	80012aa2	6a328e37	lui	x28,0x6a328	 x28=0x6a328000
       36205000	      3521	80012aa6	9472	c.add	x8,x28	  x8:0x80033048 x28:0x6a328000  x8=0xea35b048
       36215000	      3522	80012aa8	6a041d23	sh	x0,1722(x8)	  x8:0xea35b048  x0:0x00000000 PA:0xea35b702 store:0x00000000 load:0x00000000
       36225000	      3523	80012aac	961403a3	sb	x1,-1689(x8)	  x8:0xea35b048  x1:0x00000087 PA:0xea35a9af store:0x00000087 load:0x00000000
       36235000	      3524	80012ab0	462405a3	sb	x2,1131(x8)	  x8:0xea35b048  x2:0x80048e50 PA:0xea35b4b3 store:0x80048e50 load:0x00000000
       36245000	      3525	80012ab4	e23407a3	sb	x3,-465(x8)	  x8:0xea35b048  x3:0x00000097 PA:0xea35ae77 store:0x00000097 load:0x00000000
       36255000	      3526	80012ab8	f44404a3	sb	x4,-183(x8)	  x8:0xea35b048  x4:0xfffffff2 PA:0xea35af91 store:0xfffffff2 load:0x00000000
       36265000	      3527	80012abc	019c7b33	and	x22,x24,x25	 x24:0x000000ad x25:0x00003560 x22=0x00000020
       36275000	      3528	80012ac0	00853a33	sltu	x20,x10,x8	 x10:0xffff9538  x8:0xea35b048 x20=0x00000000
       36285000	      3529	80012ac4	00a05a33	srl	x20,x0,x10	  x0:0x00000000 x10:0xffff9538 x20=0x00000000
       36295000	      3530	80012ac8	85c5	c.srai	x11,0x11	 x11:0x80033b9c x11=0xffffc001
       36305000	      3531	80012aca	6ba41883	lh	x17,1722(x8)	  x8:0xea35b048 x17=0x00000000 PA:0xea35b702 load:0x00000000
       36315000	      3532	80012ace	0130d833	srl	x16,x1,x19	  x1:0x00000087 x19:0x000000a4 x16=0x00000008
       36325000	      3533	80012ad2	4625b813	sltiu	x16,x11,1122	 x11:0xffffc001 x16=0x00000000
       36335000	      3534	80012ad6	96740f83	lb	x31,-1689(x8)	  x8:0xea35b048 x31=0xffffff87 PA:0xea35a9af load:0xffffff87
       36345000	      3535	80012ada	46b44903	lbu	x18,1131(x8)	  x8:0xea35b048 x18=0x00000050 PA:0xea35b4b3 load:0x00000050
       36355000	      3536	80012ade	e2f44d83	lbu	x27,-465(x8)	  x8:0xea35b048 x27=0x00000097 PA:0xea35ae77 load:0x00000097
       36365000	      3537	80012ae2	0065df33	srl	x30,x11,x6	 x11:0xffffc001  x6:0x00000001 x30=0x7fffe000
       36375000	      3538	80012ae6	01889513	slli	x10,x17,0x18	 x17:0x00000000 x10=0x00000000
       36385000	      3539	80012aea	01045693	srli	x13,x8,0x10	  x8:0xea35b048 x13=0x0000ea35
       36405000	      3541	80012aee	020ce5b3	rem	x11,x25,x0	 x25:0x00003560  x0:0x00000000 x11=0x00003560
       36415000	      3542	80012af2	f4940e03	lb	x28,-183(x8)	  x8:0xea35b048 x28=0xfffffff2 PA:0xea35af91 load:0xfffffff2
       36425000	      3543	80012af6	d0a407a3	sb	x10,-753(x8)	  x8:0xea35b048 x10:0x00000000 PA:0xea35ad57 store:0x00000000 load:0x00000000
       36435000	      3544	80012afa	838408a3	sb	x24,-1999(x8)	  x8:0xea35b048 x24:0x000000ad PA:0xea35a879 store:0x000000ad load:0x00000000
       36445000	      3545	80012afe	00021997	auipc	x19,0x21	 x19=0x80033afe
       36455000	      3546	80012b02	0ca98993	addi	x19,x19,202	 x19:0x80033afe x19=0x80033bc8
       36465000	      3547	80012b06	2fc9ad03	lw	x26,764(x19)	 x19:0x80033bc8 x26=0x37684a90 PA:0x80033ec4 load:0x37684a90
       36475000	      3548	80012b0a	2fe9ae23	sw	x30,764(x19)	 x19:0x80033bc8 x30:0x7fffe000 PA:0x80033ec4 store:0x7fffe000 load:0x00000000
       36485000	      3549	80012b0e	2fc99503	lh	x10,764(x19)	 x19:0x80033bc8 x10=0xffffe000 PA:0x80033ec4 load:0xffffe000
       36495000	      3550	80012b12	2da988a3	sb	x26,721(x19)	 x19:0x80033bc8 x26:0x37684a90 PA:0x80033e99 store:0x37684a90 load:0x00000000
       36505000	      3551	80012b16	cdc99a23	sh	x28,-812(x19)	 x19:0x80033bc8 x28:0xfffffff2 PA:0x8003389c store:0xfffffff2 load:0x00000000
       36515000	      3552	80012b1a	8a05	c.andi	x12,1	 x12:0xfd489488 x12=0x00000000
       36525000	      3553	80012b1c	87398683	lb	x13,-1933(x19)	 x19:0x80033bc8 x13=0xffffffac PA:0x8003343b load:0xffffffac
       36535000	      3554	80012b20	87f9c203	lbu	x4,-1921(x19)	 x19:0x80033bc8  x4=0x0000001a PA:0x80033447 load:0x0000001a
       36545000	      3555	80012b24	87f9ca03	lbu	x20,-1921(x19)	 x19:0x80033bc8 x20=0x0000001a PA:0x80033447 load:0x0000001a
       36555000	      3556	80012b28	b3998a23	sb	x25,-1228(x19)	 x19:0x80033bc8 x25:0x00003560 PA:0x800336fc store:0x00003560 load:0x00000000
       36565000	      3557	80012b2c	92e98823	sb	x14,-1744(x19)	 x19:0x80033bc8 x14:0x00005b51 PA:0x800334f8 store:0x00005b51 load:0x00000000
       36575000	      3558	80012b30	cea9df03	lhu	x30,-790(x19)	 x19:0x80033bc8 x30=0x0000ba31 PA:0x800338b2 load:0x0000ba31
       36585000	      3559	80012b34	2b59a823	sw	x21,688(x19)	 x19:0x80033bc8 x21:0x00000009 PA:0x80033e78 store:0x00000009 load:0x00000000
       36595000	      3560	80012b38	2ae98823	sb	x14,688(x19)	 x19:0x80033bc8 x14:0x00005b51 PA:0x80033e78 store:0x00005b51 load:0x00000000
       36605000	      3561	80012b3c	0ac43813	sltiu	x16,x8,172	  x8:0xea35b048 x16=0x00000000
       36615000	      3562	80012b40	a9999b23	sh	x25,-1386(x19)	 x19:0x80033bc8 x25:0x00003560 PA:0x8003365e store:0x00003560 load:0x00000000
       36625000	      3563	80012b44	a4a9db83	lhu	x23,-1462(x19)	 x19:0x80033bc8 x23=0x0000c613 PA:0x80033612 load:0x0000c613
       36635000	      3564	80012b48	c7d99623	sh	x29,-916(x19)	 x19:0x80033bc8 x29:0x00004f2c PA:0x80033834 store:0x00004f2c load:0x00000000
       36645000	      3565	80012b4c	1b498ca3	sb	x20,441(x19)	 x19:0x80033bc8 x20:0x0000001a PA:0x80033d81 store:0x0000001a load:0x00000000
       36655000	      3566	80012b50	00020217	auipc	x4,0x20	  x4=0x80032b50
       36665000	      3567	80012b54	59620213	addi	x4,x4,1430	  x4:0x80032b50  x4=0x800330e6
       36675000	      3568	80012b58	94e25a37	lui	x20,0x94e25	 x20=0x94e25000
       36685000	      3569	80012b5c	00124003	lbu	x0,1(x4)	  x4:0x800330e6  x0=0x00000000 PA:0x800330e7 load:0x00000097
       36695000	      3570	80012b60	01624183	lbu	x3,22(x4)	  x4:0x800330e6  x3=0x0000005b PA:0x800330fc load:0x0000005b
       36705000	      3571	80012b64	03225283	lhu	x5,50(x4)	  x4:0x800330e6  x5=0x0000b887 PA:0x80033118 load:0x0000b887
       36715000	      3572	80012b68	01772eb3	slt	x29,x14,x23	 x14:0x00005b51 x23:0x0000c613 x29=0x00000001
       36725000	      3573	80012b6c	5780b193	sltiu	x3,x1,1400	  x1:0x00000087  x3=0x00000001
       36735000	      3574	80012b70	03a21923	sh	x26,50(x4)	  x4:0x800330e6 x26:0x37684a90 PA:0x80033118 store:0x37684a90 load:0x00000000
       36745000	      3575	80012b74	8c41	c.or	x8,x8	  x8:0xea35b048  x8:0xea35b048  x8=0xea35b048
       36755000	      3576	80012b76	03722923	sw	x23,50(x4)	  x4:0x800330e6 x23:0x0000c613 PA:0x80033118 store:0x0000c613 load:0x00000000
       36765000	      3577	80012b7a	8619	c.srai	x12,0x6	 x12:0x00000000 x12=0x00000000
       36775000	      3578	80012b7c	013a16b3	sll	x13,x20,x19	 x20:0x94e25000 x19:0x80033bc8 x13=0xe2500000
       36785000	      3579	80012b80	02425583	lhu	x11,36(x4)	  x4:0x800330e6 x11=0x0000d0c9 PA:0x8003310a load:0x0000d0c9
       36795000	      3580	80012b84	02c20223	sb	x12,36(x4)	  x4:0x800330e6 x12:0x00000000 PA:0x8003310a store:0x00000000 load:0x00000000
       36805000	      3581	80012b88	02e21223	sh	x14,36(x4)	  x4:0x800330e6 x14:0x00005b51 PA:0x8003310a store:0x00005b51 load:0x00000000
       36815000	      3582	80012b8c	8c31	c.xor	x8,x12	  x8:0xea35b048 x12:0x00000000  x8=0xea35b048
       36825000	      3583	80012b8e	02021223	sh	x0,36(x4)	  x4:0x800330e6  x0:0x00000000 PA:0x8003310a store:0x00000000 load:0x00000000
       36835000	      3584	80012b92	ff420623	sb	x20,-20(x4)	  x4:0x800330e6 x20:0x94e25000 PA:0x800330d2 store:0x94e25000 load:0x00000000
       36845000	      3585	80012b96	fec24803	lbu	x16,-20(x4)	  x4:0x800330e6 x16=0x00000000 PA:0x800330d2 load:0x00000000
       36855000	      3586	80012b9a	fe824f03	lbu	x30,-24(x4)	  x4:0x800330e6 x30=0x0000008f PA:0x800330ce load:0x0000008f
       36865000	      3587	80012b9e	fe820603	lb	x12,-24(x4)	  x4:0x800330e6 x12=0xffffff8f PA:0x800330ce load:0xffffff8f
       36875000	      3588	80012ba2	fe825483	lhu	x9,-24(x4)	  x4:0x800330e6  x9=0x0000e58f PA:0x800330ce load:0x0000e58f
       36885000	      3589	80012ba6	fe421423	sh	x4,-24(x4)	  x4:0x800330e6  x4:0x800330e6 PA:0x800330ce store:0x800330e6 load:0x00000000
       36895000	      3590	80012baa	fe824003	lbu	x0,-24(x4)	  x4:0x800330e6  x0=0x00000000 PA:0x800330ce load:0x000000e6
       36905000	      3591	80012bae	fe825583	lhu	x11,-24(x4)	  x4:0x800330e6 x11=0x000030e6 PA:0x800330ce load:0x000030e6
       36915000	      3592	80012bb2	fef20423	sb	x15,-24(x4)	  x4:0x800330e6 x15:0x8004cce4 PA:0x800330ce store:0x8004cce4 load:0x00000000
       36925000	      3593	80012bb6	00025517	auipc	x10,0x25	 x10=0x80037bb6
       36935000	      3594	80012bba	76250513	addi	x10,x10,1890	 x10:0x80037bb6 x10=0x80038318
       36945000	      3595	80012bbe	fa150ba3	sb	x1,-73(x10)	 x10:0x80038318  x1:0x00000087 PA:0x800382cf store:0x00000087 load:0x00000000
       36955000	      3596	80012bc2	8325	c.srli	x14,0x9	 x14:0x00005b51 x14=0x0000002d
       36965000	      3597	80012bc4	8f35	c.xor	x14,x13	 x14:0x0000002d x13:0xe2500000 x14=0xe250002d
       36975000	      3598	80012bc6	0eee	c.slli	x29,0x1b	 x29:0x00000001 x29=0x08000000
       36985000	      3599	80012bc8	f3c50883	lb	x17,-196(x10)	 x10:0x80038318 x17=0xffffffd2 PA:0x80038254 load:0xffffffd2
       36995000	      3600	80012bcc	fed54b83	lbu	x23,-19(x10)	 x10:0x80038318 x23=0x0000002a PA:0x80038305 load:0x0000002a
       37005000	      3601	80012bd0	63dd	c.lui	x7,0x17	  x7=0x00017000
       37015000	      3602	80012bd2	0d055d83	lhu	x27,208(x10)	 x10:0x80038318 x27=0x0000d9ae PA:0x800383e8 load:0x0000d9ae
       37025000	      3603	80012bd6	f4a50aa3	sb	x10,-171(x10)	 x10:0x80038318 x10:0x80038318 PA:0x8003826d store:0x80038318 load:0x00000000
       37035000	      3604	80012bda	0fd509a3	sb	x29,243(x10)	 x10:0x80038318 x29:0x08000000 PA:0x8003840b store:0x08000000 load:0x00000000
       37045000	      3605	80012bde	f4c50aa3	sb	x12,-171(x10)	 x10:0x80038318 x12:0xffffff8f PA:0x8003826d store:0xffffff8f load:0x00000000
       37055000	      3606	80012be2	f2246013	ori	x0,x8,-222	  x8:0xea35b048  x0=0x00000000
       37065000	      3607	80012be6	02052a23	sw	x0,52(x10)	 x10:0x80038318  x0:0x00000000 PA:0x8003834c store:0x00000000 load:0x00000000
       37105000	      3611	80012bea	02a2bf33	mulhu	x30,x5,x10	  x5:0x0000b887 x10:0x80038318 x30=0x00005c46
       37115000	      3612	80012bee	0d254b83	lbu	x23,210(x10)	 x10:0x80038318 x23=0x00000068 PA:0x800383ea load:0x00000068
       37125000	      3613	80012bf2	8c61	c.and	x8,x8	  x8:0xea35b048  x8:0xea35b048  x8=0xea35b048
       37135000	      3614	80012bf4	fe451203	lh	x4,-28(x10)	 x10:0x80038318  x4=0xffffdf26 PA:0x800382fc load:0xffffdf26
       37145000	      3615	80012bf8	fdb50aa3	sb	x27,-43(x10)	 x10:0x80038318 x27:0x0000d9ae PA:0x800382ed store:0x0000d9ae load:0x00000000
       37155000	      3616	80012bfc	08751723	sh	x7,142(x10)	 x10:0x80038318  x7:0x00017000 PA:0x800383a6 store:0x00017000 load:0x00000000
       37195000	      3620	80012c00	027e12b3	mulh	x5,x28,x7	 x28:0xfffffff2  x7:0x00017000  x5=0xffffffff
       37205000	      3621	80012c04	06455b83	lhu	x23,100(x10)	 x10:0x80038318 x23=0x00008e2c PA:0x8003837c load:0x00008e2c
       37215000	      3622	80012c08	ffb50323	sb	x27,-26(x10)	 x10:0x80038318 x27:0x0000d9ae PA:0x800382fe store:0x0000d9ae load:0x00000000
       37225000	      3623	80012c0c	0de50823	sb	x30,208(x10)	 x10:0x80038318 x30:0x00005c46 PA:0x800383e8 store:0x00005c46 load:0x00000000
       37235000	      3624	80012c10	8e75	c.and	x12,x13	 x12:0xffffff8f x13:0xe2500000 x12=0xe2500000
       37245000	      3625	80012c12	01a88cb3	add	x25,x17,x26	 x17:0xffffffd2 x26:0x37684a90 x25=0x37684a62
       37255000	      3626	80012c16	fb950523	sb	x25,-86(x10)	 x10:0x80038318 x25:0x37684a62 PA:0x800382c2 store:0x37684a62 load:0x00000000
       37265000	      3627	80012c1a	f5851483	lh	x9,-168(x10)	 x10:0x80038318  x9=0x00006d0c PA:0x80038270 load:0x00006d0c
       37275000	      3628	80012c1e	00021a17	auipc	x20,0x21	 x20=0x80033c1e
       37285000	      3629	80012c22	42aa0a13	addi	x20,x20,1066	 x20:0x80033c1e x20=0x80034048
       37295000	      3630	80012c26	0dde2cb7	lui	x25,0xdde2	 x25=0x0dde2000
       37305000	      3631	80012c2a	9a66	c.add	x20,x25	 x20:0x80034048 x25:0x0dde2000 x20=0x8de16048
       37315000	      3632	80012c2c	cc0a02a3	sb	x0,-827(x20)	 x20:0x8de16048  x0:0x00000000 PA:0x8de15d0d store:0x00000000 load:0x00000000
       37325000	      3633	80012c30	121a0fa3	sb	x1,319(x20)	 x20:0x8de16048  x1:0x00000087 PA:0x8de16187 store:0x00000087 load:0x00000000
       37335000	      3634	80012c34	c83a0aa3	sb	x3,-875(x20)	 x20:0x8de16048  x3:0x00000001 PA:0x8de15cdd store:0x00000001 load:0x00000000
       37345000	      3635	80012c38	be4a0823	sb	x4,-1040(x20)	 x20:0x8de16048  x4:0xffffdf26 PA:0x8de15c38 store:0xffffdf26 load:0x00000000
       37355000	      3636	80012c3c	19fd	c.addi	x19,-1	 x19:0x80033bc8 x19=0x80033bc7
       37365000	      3637	80012c3e	001dd293	srli	x5,x27,0x1	 x27:0x0000d9ae  x5=0x00006cd7
       37375000	      3638	80012c42	cc5a4503	lbu	x10,-827(x20)	 x20:0x8de16048 x10=0x00000000 PA:0x8de15d0d load:0x00000000
       37385000	      3639	80012c46	8512c913	xori	x18,x5,-1967	  x5:0x00006cd7 x18=0xffff9486
       37395000	      3640	80012c4a	13fa0383	lb	x7,319(x20)	 x20:0x8de16048  x7=0xffffff87 PA:0x8de16187 load:0xffffff87
       37405000	      3641	80012c4e	00015693	srli	x13,x2,0x0	  x2:0x80048e50 x13=0x80048e50
       37415000	      3642	80012c52	40d25993	srai	x19,x4,0xd	  x4:0xffffdf26 x19=0xfffffffe
       37425000	      3643	80012c56	1f7d	c.addi	x30,-1	 x30:0x00005c46 x30=0x00005c45
       37435000	      3644	80012c58	9b7d	c.andi	x14,-1	 x14:0xe250002d x14=0xe250002d
       37445000	      3645	80012c5a	41b48433	sub	x8,x9,x27	  x9:0x00006d0c x27:0x0000d9ae  x8=0xffff935e
       37455000	      3646	80012c5e	79ea1823	sh	x30,1936(x20)	 x20:0x8de16048 x30:0x00005c45 PA:0x8de167d8 store:0x00005c45 load:0x00000000
       37465000	      3647	80012c62	8351	c.srli	x14,0x14	 x14:0xe250002d x14=0x00000e25
       37475000	      3648	80012c64	c95a4303	lbu	x6,-875(x20)	 x20:0x8de16048  x6=0x00000001 PA:0x8de15cdd load:0x00000001
       37485000	      3649	80012c68	bf0a0c03	lb	x24,-1040(x20)	 x20:0x8de16048 x24=0x00000026 PA:0x8de15c38 load:0x00000026
       37495000	      3650	80012c6c	c35a09a3	sb	x21,-973(x20)	 x20:0x8de16048 x21:0x00000009 PA:0x8de15c7b store:0x00000009 load:0x00000000
       37505000	      3651	80012c70	00021e97	auipc	x29,0x21	 x29=0x80033c70
       37515000	      3652	80012c74	3d8e8e93	addi	x29,x29,984	 x29:0x80033c70 x29=0x80034048
       37525000	      3653	80012c78	67575537	lui	x10,0x67575	 x10=0x67575000
       37535000	      3654	80012c7c	9eaa	c.add	x29,x10	 x29:0x80034048 x10:0x67575000 x29=0xe75a9048
       37545000	      3655	80012c7e	3a1e8b23	sb	x1,950(x29)	 x29:0xe75a9048  x1:0x00000087 PA:0xe75a93fe store:0x00000087 load:0x00000000
       37555000	      3656	80012c82	862e8ea3	sb	x2,-1923(x29)	 x29:0xe75a9048  x2:0x80048e50 PA:0xe75a88c5 store:0x80048e50 load:0x00000000
       37565000	      3657	80012c86	5e4e9e23	sh	x4,1532(x29)	 x29:0xe75a9048  x4:0xffffdf26 PA:0xe75a9644 store:0xffffdf26 load:0x00000000
       37575000	      3658	80012c8a	266e83a3	sb	x6,615(x29)	 x29:0xe75a9048  x6:0x00000001 PA:0xe75a92af store:0x00000001 load:0x00000000
       37585000	      3659	80012c8e	3e7e9723	sh	x7,1006(x29)	 x29:0xe75a9048  x7:0xffffff87 PA:0xe75a9436 store:0xffffff87 load:0x00000000
       37595000	      3660	80012c92	a88e9f23	sh	x8,-1378(x29)	 x29:0xe75a9048  x8:0xffff935e PA:0xe75a8ae6 store:0xffff935e load:0x00000000
       37605000	      3661	80012c96	a49e8b23	sb	x9,-1450(x29)	 x29:0xe75a9048  x9:0x00006d0c PA:0xe75a8a9e store:0x00006d0c load:0x00000000
       37615000	      3662	80012c9a	0001	c.addi	x0,0	  x0:0x00000000  x0=0x00000000
       37985000	      3699	80012c9c	022fc6b3	div	x13,x31,x2	 x31:0xffffff87  x2:0x80048e50 x13=0x00000000
       38025000	      3703	80012ca0	031e9233	mulh	x4,x29,x17	 x29:0xe75a9048 x17:0xffffffd2  x4=0x00000004
       38035000	      3704	80012ca4	197e9923	sh	x23,402(x29)	 x29:0xe75a9048 x23:0x00008e2c PA:0xe75a91da store:0x00008e2c load:0x00000000
       38065000	      3707	80012ca8	03290833	mul	x16,x18,x18	 x18:0xffff9486 x18:0xffff9486 x16=0x2d1f3624
       38075000	      3708	80012cac	3b6ec503	lbu	x10,950(x29)	 x29:0xe75a9048 x10=0x00000087 PA:0xe75a93fe load:0x00000087
       38085000	      3709	80012cb0	87decd83	lbu	x27,-1923(x29)	 x29:0xe75a9048 x27=0x00000050 PA:0xe75a88c5 load:0x00000050
       38095000	      3710	80012cb4	1cae80a3	sb	x10,449(x29)	 x29:0xe75a9048 x10:0x00000087 PA:0xe75a9209 store:0x00000087 load:0x00000000
       38105000	      3711	80012cb8	5fcedd83	lhu	x27,1532(x29)	 x29:0xe75a9048 x27=0x0000df26 PA:0xe75a9644 load:0x0000df26
       38475000	      3748	80012cbc	03015033	divu	x0,x2,x16	  x2:0x80048e50 x16:0x2d1f3624  x0=0x00000000
       38485000	      3749	80012cc0	63bea423	sw	x27,1576(x29)	 x29:0xe75a9048 x27:0x0000df26 PA:0xe75a9670 store:0x0000df26 load:0x00000000
       38495000	      3750	80012cc4	267ecf83	lbu	x31,615(x29)	 x29:0xe75a9048 x31=0x00000001 PA:0xe75a92af load:0x00000001
       38505000	      3751	80012cc8	2dc3f893	andi	x17,x7,732	  x7:0xffffff87 x17=0x00000284
       38515000	      3752	80012ccc	3eeed703	lhu	x14,1006(x29)	 x29:0xe75a9048 x14=0x0000ff87 PA:0xe75a9436 load:0x0000ff87
       38525000	      3753	80012cd0	a9eedb83	lhu	x23,-1378(x29)	 x29:0xe75a9048 x23=0x0000935e PA:0xe75a8ae6 load:0x0000935e
       38535000	      3754	80012cd4	f5906913	ori	x18,x0,-167	  x0:0x00000000 x18=0xffffff59
       38545000	      3755	80012cd8	8765	c.srai	x14,0x19	 x14:0x0000ff87 x14=0x00000000
       38555000	      3756	80012cda	a56e8383	lb	x7,-1450(x29)	 x29:0xe75a9048  x7=0x0000000c PA:0xe75a8a9e load:0x0000000c
       38565000	      3757	80012cde	00021d97	auipc	x27,0x21	 x27=0x80033cde
       38575000	      3758	80012ce2	5d7d8d93	addi	x27,x27,1495	 x27:0x80033cde x27=0x800342b5
       38585000	      3759	80012ce6	88c6	c.mv	x17,x17	  x0:0x00000000 x17:0x00000284 x17=0x00000284
       38595000	      3760	80012ce8	012c71b3	and	x3,x24,x18	 x24:0x00000026 x18:0xffffff59  x3=0x00000000
       38965000	      3797	80012cec	03336233	rem	x4,x6,x19	  x6:0x00000001 x19:0xfffffffe  x4=0x00000001
       38975000	      3798	80012cf0	026dcb83	lbu	x23,38(x27)	 x27:0x800342b5 x23=0x000000f3 PA:0x800342db load:0x000000f3
       39015000	      3802	80012cf4	02a6a633	mulhsu	x12,x13,x10	 x13:0x00000000 x10:0x00000087 x12=0x00000000
       39025000	      3803	80012cf8	00ed99a3	sh	x14,19(x27)	 x27:0x800342b5 x14:0x00000000 PA:0x800342c8 store:0x00000000 load:0x00000000
       39035000	      3804	80012cfc	fc2d8a03	lb	x20,-62(x27)	 x27:0x800342b5 x20=0x00000037 PA:0x80034277 load:0x00000037
       39045000	      3805	80012d00	01d1df93	srli	x31,x3,0x1d	  x3:0x00000000 x31=0x00000000
       39055000	      3806	80012d04	fd4da1a3	sw	x20,-61(x27)	 x27:0x800342b5 x20:0x00000037 PA:0x80034278 store:0x00000037 load:0x00000000
       39065000	      3807	80012d08	02cdc583	lbu	x11,44(x27)	 x27:0x800342b5 x11=0x000000ef PA:0x800342e1 load:0x000000ef
       39075000	      3808	80012d0c	abc35717	auipc	x14,0xabc35	 x14=0x2bc47d0c
       39085000	      3809	80012d10	03bd8723	sb	x27,46(x27)	 x27:0x800342b5 x27:0x800342b5 PA:0x800342e3 store:0x800342b5 load:0x00000000
       39125000	      3813	80012d14	03742433	mulhsu	x8,x8,x23	  x8:0xffff935e x23:0x000000f3  x8=0xffffffff
       39135000	      3814	80012d18	fc0dc203	lbu	x4,-64(x27)	 x27:0x800342b5  x4=0x000000f1 PA:0x80034275 load:0x000000f1
       39145000	      3815	80012d1c	007c24b3	slt	x9,x24,x7	 x24:0x00000026  x7:0x0000000c  x9=0x00000000
       39155000	      3816	80012d20	0000100f	fence.i	
       39175000	      3818	80012d24	8c49	c.or	x8,x10	  x8:0xffffffff x10:0x00000087  x8=0xffffffff
       39185000	      3819	80012d26	fc0dc983	lbu	x19,-64(x27)	 x27:0x800342b5 x19=0x000000f1 PA:0x80034275 load:0x000000f1
       39195000	      3820	80012d2a	ffadc883	lbu	x17,-6(x27)	 x27:0x800342b5 x17=0x0000002e PA:0x800342af load:0x0000002e
       39205000	      3821	80012d2e	b3076617	auipc	x12,0xb3076	 x12=0x33088d2e
       39215000	      3822	80012d32	8ebd	c.xor	x13,x15	 x13:0x00000000 x15:0x8004cce4 x13=0x8004cce4
       39225000	      3823	80012d34	fddd8003	lb	x0,-35(x27)	 x27:0x800342b5  x0=0x00000000 PA:0x80034292 load:0xffffff89
       39235000	      3824	80012d38	ff0d8d23	sb	x16,-6(x27)	 x27:0x800342b5 x16:0x2d1f3624 PA:0x800342af store:0x2d1f3624 load:0x00000000
       39245000	      3825	80012d3c	02ad8223	sb	x10,36(x27)	 x27:0x800342b5 x10:0x00000087 PA:0x800342d9 store:0x00000087 load:0x00000000
       39255000	      3826	80012d40	feed8c83	lb	x25,-18(x27)	 x27:0x800342b5 x25=0x00000036 PA:0x800342a3 load:0x00000036
       39275000	      3828	80012d44	039da3a3	sw	x25,39(x27)	 x27:0x800342b5 x25:0x00000036 PA:0x800342dc store:0x00000036 load:0x00000000
       39285000	      3829	80012d48	41d45713	srai	x14,x8,0x1d	  x8:0xffffffff x14=0xffffffff
       39295000	      3830	80012d4c	8e41	c.or	x12,x8	 x12:0x33088d2e  x8:0xffffffff x12=0xffffffff
       39305000	      3831	80012d4e	8e51	c.or	x12,x12	 x12:0xffffffff x12:0xffffffff x12=0xffffffff
       39315000	      3832	80012d50	ff4d8883	lb	x17,-12(x27)	 x27:0x800342b5 x17=0xffffffbc PA:0x800342a9 load:0xffffffbc
       39325000	      3833	80012d54	005b1033	sll	x0,x22,x5	 x22:0x00000020  x5:0x00006cd7  x0=0x00000000
       39335000	      3834	80012d58	fecd8623	sb	x12,-20(x27)	 x27:0x800342b5 x12:0xffffffff PA:0x800342a1 store:0xffffffff load:0x00000000
       39705000	      3871	80012d5c	0219f233	remu	x4,x19,x1	 x19:0x000000f1  x1:0x00000087  x4=0x0000006a
       39715000	      3872	80012d60	00cd8603	lb	x12,12(x27)	 x27:0x800342b5 x12=0xffffffec PA:0x800342c1 load:0xffffffec
       39725000	      3873	80012d64	00021c17	auipc	x24,0x21	 x24=0x80033d64
       39735000	      3874	80012d68	8d2c0c13	addi	x24,x24,-1838	 x24:0x80033d64 x24=0x80033636
       39745000	      3875	80012d6c	9b7d	c.andi	x14,-1	 x14:0xffffffff x14=0xffffffff
       39755000	      3876	80012d6e	fb0c1603	lh	x12,-80(x24)	 x24:0x80033636 x12=0x00001ed4 PA:0x800335e6 load:0x00001ed4
       39765000	      3877	80012d72	f89c0483	lb	x9,-119(x24)	 x24:0x80033636  x9=0x00000000 PA:0x800335bf load:0x00000000
       39775000	      3878	80012d76	0b7c0383	lb	x7,183(x24)	 x24:0x80033636  x7=0x00000015 PA:0x800336ed load:0x00000015
       39785000	      3879	80012d7a	93e97213	andi	x4,x18,-1730	 x18:0xffffff59  x4=0xfffff918
       39795000	      3880	80012d7e	9115c613	xori	x12,x11,-1775	 x11:0x000000ef x12=0xfffff9fe
       39805000	      3881	80012d82	090c5283	lhu	x5,144(x24)	 x24:0x80033636  x5=0x00003503 PA:0x800336c6 load:0x00003503
       39815000	      3882	80012d86	fddc0983	lb	x19,-35(x24)	 x24:0x80033636 x19=0xffffffc6 PA:0x80033613 load:0xffffffc6
       39825000	      3883	80012d8a	fb9c4f03	lbu	x30,-71(x24)	 x24:0x80033636 x30=0x000000c1 PA:0x800335ef load:0x000000c1
       39835000	      3884	80012d8e	fb9c4583	lbu	x11,-71(x24)	 x24:0x80033636 x11=0x000000c1 PA:0x800335ef load:0x000000c1
       39845000	      3885	80012d92	fb9c4f83	lbu	x31,-71(x24)	 x24:0x80033636 x31=0x000000c1 PA:0x800335ef load:0x000000c1
       39855000	      3886	80012d96	fbbc0ca3	sb	x27,-71(x24)	 x24:0x80033636 x27:0x800342b5 PA:0x800335ef store:0x800342b5 load:0x00000000
       39865000	      3887	80012d9a	f2dc2323	sw	x13,-218(x24)	 x24:0x80033636 x13:0x8004cce4 PA:0x8003355c store:0x8004cce4 load:0x00000000
       39875000	      3888	80012d9e	ff3c0803	lb	x16,-13(x24)	 x24:0x80033636 x16=0xffffff84 PA:0x80033629 load:0xffffff84
       39885000	      3889	80012da2	f8cc1223	sh	x12,-124(x24)	 x24:0x80033636 x12:0xfffff9fe PA:0x800335ba store:0xfffff9fe load:0x00000000
       39895000	      3890	80012da6	f97c1223	sh	x23,-124(x24)	 x24:0x80033636 x23:0x000000f3 PA:0x800335ba store:0x000000f3 load:0x00000000
       39905000	      3891	80012daa	41dfdeb3	sra	x29,x31,x29	 x31:0x000000c1 x29:0xe75a9048 x29=0x00000000
       39915000	      3892	80012dae	f10c4d83	lbu	x27,-240(x24)	 x24:0x80033636 x27=0x00000056 PA:0x80033546 load:0x00000056
       39925000	      3893	80012db2	031c4803	lbu	x16,49(x24)	 x24:0x80033636 x16=0x00000000 PA:0x80033667 load:0x00000000
       39935000	      3894	80012db6	00020917	auipc	x18,0x20	 x18=0x80032db6
       39945000	      3895	80012dba	50a90913	addi	x18,x18,1290	 x18:0x80032db6 x18=0x800332c0
       39955000	      3896	80012dbe	00390c03	lb	x24,3(x18)	 x18:0x800332c0 x24=0xffffffc9 PA:0x800332c3 load:0xffffffc9
       39995000	      3900	80012dc2	03ca3eb3	mulhu	x29,x20,x28	 x20:0x00000037 x28:0xfffffff2 x29=0x00000036
       40005000	      3901	80012dc6	00390b03	lb	x22,3(x18)	 x18:0x800332c0 x22=0xffffffc9 PA:0x800332c3 load:0xffffffc9
       40015000	      3902	80012dca	00f94703	lbu	x14,15(x18)	 x18:0x800332c0 x14=0x000000e1 PA:0x800332cf load:0x000000e1
       40025000	      3903	80012dce	00590203	lb	x4,5(x18)	 x18:0x800332c0  x4=0xffffffcb PA:0x800332c5 load:0xffffffcb
       40035000	      3904	80012dd2	01a903a3	sb	x26,7(x18)	 x18:0x800332c0 x26:0x37684a90 PA:0x800332c7 store:0x37684a90 load:0x00000000
       40045000	      3905	80012dd6	ff294a03	lbu	x20,-14(x18)	 x18:0x800332c0 x20=0x000000bc PA:0x800332b2 load:0x000000bc
       40055000	      3906	80012dda	012903a3	sb	x18,7(x18)	 x18:0x800332c0 x18:0x800332c0 PA:0x800332c7 store:0x800332c0 load:0x00000000
       40065000	      3907	80012dde	01c4cdb3	xor	x27,x9,x28	  x9:0x00000000 x28:0xfffffff2 x27=0xfffffff2
       40075000	      3908	80012de2	0001	c.addi	x0,0	  x0:0x00000000  x0=0x00000000
       40085000	      3909	80012de4	45ed	c.li	x11,27	 x11=0x0000001b
       40095000	      3910	80012de6	00594d03	lbu	x26,5(x18)	 x18:0x800332c0 x26=0x000000cb PA:0x800332c5 load:0x000000cb
       40105000	      3911	80012dea	00e3ee33	or	x28,x7,x14	  x7:0x00000015 x14:0x000000e1 x28=0x000000f5
       40115000	      3912	80012dee	b407ca13	xori	x20,x15,-1216	 x15:0x8004cce4 x20=0x7ffb37a4
       40125000	      3913	80012df2	00892e83	lw	x29,8(x18)	 x18:0x800332c0 x29=0x76c111d8 PA:0x800332c8 load:0x76c111d8
       40135000	      3914	80012df6	8aa1	c.andi	x13,8	 x13:0x8004cce4 x13=0x00000000
       40145000	      3915	80012df8	00094583	lbu	x11,0(x18)	 x18:0x800332c0 x11=0x0000004a PA:0x800332c0 load:0x0000004a
       40155000	      3916	80012dfc	4184da33	sra	x20,x9,x24	  x9:0x00000000 x24:0xffffffc9 x20=0x00000000
       40165000	      3917	80012e00	411a5393	srai	x7,x20,0x11	 x20:0x00000000  x7=0x00000000
       40175000	      3918	80012e04	ff990ca3	sb	x25,-7(x18)	 x18:0x800332c0 x25:0x00000036 PA:0x800332b9 store:0x00000036 load:0x00000000
       40185000	      3919	80012e08	0143d013	srli	x0,x7,0x14	  x7:0x00000000  x0=0x00000000
       40195000	      3920	80012e0c	01e907a3	sb	x30,15(x18)	 x18:0x800332c0 x30:0x000000c1 PA:0x800332cf store:0x000000c1 load:0x00000000
       40205000	      3921	80012e10	fef908a3	sb	x15,-15(x18)	 x18:0x800332c0 x15:0x8004cce4 PA:0x800332b1 store:0x8004cce4 load:0x00000000
       40215000	      3922	80012e14	016092b3	sll	x5,x1,x22	  x1:0x00000087 x22:0xffffffc9  x5=0x00010e00
       40225000	      3923	80012e18	0a974713	xori	x14,x14,169	 x14:0x000000e1 x14=0x00000048
       40235000	      3924	80012e1c	8ef9	c.and	x13,x14	 x13:0x00000000 x14:0x00000048 x13=0x00000000
       40245000	      3925	80012e1e	fff94b83	lbu	x23,-1(x18)	 x18:0x800332c0 x23=0x000000d0 PA:0x800332bf load:0x000000d0
       40285000	      3929	80012e22	0334a333	mulhsu	x6,x9,x19	  x9:0x00000000 x19:0xffffffc6  x6=0x00000000
       40295000	      3930	80012e26	00095683	lhu	x13,0(x18)	 x18:0x800332c0 x13=0x00002f4a PA:0x800332c0 load:0x00002f4a
       40305000	      3931	80012e2a	ff695703	lhu	x14,-10(x18)	 x18:0x800332c0 x14=0x0000b86f PA:0x800332b6 load:0x0000b86f
       40315000	      3932	80012e2e	00694d83	lbu	x27,6(x18)	 x18:0x800332c0 x27=0x000000d1 PA:0x800332c6 load:0x000000d1
       40325000	      3933	80012e32	00f90403	lb	x8,15(x18)	 x18:0x800332c0  x8=0xffffffc1 PA:0x800332cf load:0xffffffc1
       40335000	      3934	80012e36	fff90403	lb	x8,-1(x18)	 x18:0x800332c0  x8=0xffffffd0 PA:0x800332bf load:0xffffffd0
       40345000	      3935	80012e3a	00021e97	auipc	x29,0x21	 x29=0x80033e3a
       40355000	      3936	80012e3e	20ee8e93	addi	x29,x29,526	 x29:0x80033e3a x29=0x80034048
       40365000	      3937	80012e42	2f5a8537	lui	x10,0x2f5a8	 x10=0x2f5a8000
       40375000	      3938	80012e46	9eaa	c.add	x29,x10	 x29:0x80034048 x10:0x2f5a8000 x29=0xaf5dc048
       40385000	      3939	80012e48	320e8123	sb	x0,802(x29)	 x29:0xaf5dc048  x0:0x00000000 PA:0xaf5dc36a store:0x00000000 load:0x00000000
       40395000	      3940	80012e4c	801e9323	sh	x1,-2042(x29)	 x29:0xaf5dc048  x1:0x00000087 PA:0xaf5db84e store:0x00000087 load:0x00000000
       40405000	      3941	80012e50	d23e80a3	sb	x3,-735(x29)	 x29:0xaf5dc048  x3:0x00000000 PA:0xaf5dbd69 store:0x00000000 load:0x00000000
       40415000	      3942	80012e54	744e82a3	sb	x4,1861(x29)	 x29:0xaf5dc048  x4:0xffffffcb PA:0xaf5dc78d store:0xffffffcb load:0x00000000
       40425000	      3943	80012e58	f67e87a3	sb	x7,-145(x29)	 x29:0xaf5dc048  x7:0x00000000 PA:0xaf5dbfb7 store:0x00000000 load:0x00000000
       40435000	      3944	80012e5c	322ecc03	lbu	x24,802(x29)	 x29:0xaf5dc048 x24=0x00000000 PA:0xaf5dc36a load:0x00000000
       40445000	      3945	80012e60	806ed083	lhu	x1,-2042(x29)	 x29:0xaf5dc048  x1=0x00000087 PA:0xaf5db84e load:0x00000087
       40465000	      3947	80012e64	90f2	c.add	x1,x28	  x1:0x00000087 x28:0x000000f5  x1=0x0000017c
       40475000	      3948	80012e66	9a6e80a3	sb	x6,-1631(x29)	 x29:0xaf5dc048  x6:0x00000000 PA:0xaf5db9e9 store:0x00000000 load:0x00000000
       40485000	      3949	80012e6a	41735633	sra	x12,x6,x23	  x6:0x00000000 x23:0x000000d0 x12=0x00000000
       40495000	      3950	80012e6e	d21e8f83	lb	x31,-735(x29)	 x29:0xaf5dc048 x31=0x00000000 PA:0xaf5dbd69 load:0x00000000
       40505000	      3951	80012e72	8e49	c.or	x12,x10	 x12:0x00000000 x10:0x2f5a8000 x12=0x2f5a8000
       40515000	      3952	80012e74	dde9a993	slti	x19,x19,-546	 x19:0xffffffc6 x19=0x00000000
       40525000	      3953	80012e78	8e65	c.and	x12,x9	 x12:0x2f5a8000  x9:0x00000000 x12=0x00000000
       40535000	      3954	80012e7a	745e8b83	lb	x23,1861(x29)	 x29:0xaf5dc048 x23=0xffffffcb PA:0xaf5dc78d load:0xffffffcb
       40545000	      3955	80012e7e	900e8523	sb	x0,-1782(x29)	 x29:0xaf5dc048  x0:0x00000000 PA:0xaf5db952 store:0x00000000 load:0x00000000
       40555000	      3956	80012e82	de2e89a3	sb	x2,-525(x29)	 x29:0xaf5dc048  x2:0x80048e50 PA:0xaf5dbe3b store:0x80048e50 load:0x00000000
       40565000	      3957	80012e86	f6fe8f83	lb	x31,-145(x29)	 x29:0xaf5dc048 x31=0x00000000 PA:0xaf5dbfb7 load:0x00000000
       40575000	      3958	80012e8a	5b7d	c.li	x22,-1	 x22=0xffffffff
       40585000	      3959	80012e8c	b9fe8ca3	sb	x31,-1127(x29)	 x29:0xaf5dc048 x31:0x00000000 PA:0xaf5dbbe1 store:0x00000000 load:0x00000000
       40595000	      3960	80012e90	00020417	auipc	x8,0x20	  x8=0x80032e90
       40605000	      3961	80012e94	1b840413	addi	x8,x8,440	  x8:0x80032e90  x8=0x80033048
       40615000	      3962	80012e98	5c098a37	lui	x20,0x5c098	 x20=0x5c098000
       40625000	      3963	80012e9c	9452	c.add	x8,x20	  x8:0x80033048 x20:0x5c098000  x8=0xdc0cb048
       40635000	      3964	80012e9e	3c041923	sh	x0,978(x8)	  x8:0xdc0cb048  x0:0x00000000 PA:0xdc0cb41a store:0x00000000 load:0x00000000
       40645000	      3965	80012ea2	08240da3	sb	x2,155(x8)	  x8:0xdc0cb048  x2:0x80048e50 PA:0xdc0cb0e3 store:0x80048e50 load:0x00000000
       40655000	      3966	80012ea6	2a340ba3	sb	x3,695(x8)	  x8:0xdc0cb048  x3:0x00000000 PA:0xdc0cb2ff store:0x00000000 load:0x00000000
       40665000	      3967	80012eaa	58441e23	sh	x4,1436(x8)	  x8:0xdc0cb048  x4:0xffffffcb PA:0xdc0cb5e4 store:0xffffffcb load:0x00000000
       40675000	      3968	80012eae	3d241383	lh	x7,978(x8)	  x8:0xdc0cb048  x7=0x00000000 PA:0xdc0cb41a load:0x00000000
       40685000	      3969	80012eb2	31240ba3	sb	x18,791(x8)	  x8:0xdc0cb048 x18:0x800332c0 PA:0xdc0cb35f store:0x800332c0 load:0x00000000
       40695000	      3970	80012eb6	48a86d93	ori	x27,x16,1162	 x16:0x00000000 x27=0x0000048a
       40705000	      3971	80012eba	4031d013	srai	x0,x3,0x3	  x3:0x00000000  x0=0x00000000
       40715000	      3972	80012ebe	0099dd93	srli	x27,x19,0x9	 x19:0x00000000 x27=0x00000000
       40725000	      3973	80012ec2	88b1	c.andi	x9,12	  x9:0x00000000  x9=0x00000000
       40735000	      3974	80012ec4	cba54d93	xori	x27,x10,-838	 x10:0x2f5a8000 x27=0xd0a57cba
       40775000	      3978	80012ec8	025018b3	mulh	x17,x0,x5	  x0:0x00000000  x5:0x00010e00 x17=0x00000000
       40785000	      3979	80012ecc	09b40183	lb	x3,155(x8)	  x8:0xdc0cb048  x3=0x00000050 PA:0xdc0cb0e3 load:0x00000050
       40795000	      3980	80012ed0	2b744903	lbu	x18,695(x8)	  x8:0xdc0cb048 x18=0x00000000 PA:0xdc0cb2ff load:0x00000000
       40805000	      3981	80012ed4	2bfa7713	andi	x14,x20,703	 x20:0x5c098000 x14=0x00000000
       40815000	      3982	80012ed8	59c45703	lhu	x14,1436(x8)	  x8:0xdc0cb048 x14=0x0000ffcb PA:0xdc0cb5e4 load:0x0000ffcb
       40825000	      3983	80012edc	00025d97	auipc	x27,0x25	 x27=0x80037edc
       40835000	      3984	80012ee0	a6bd8d93	addi	x27,x27,-1429	 x27:0x80037edc x27=0x80037947
       40845000	      3985	80012ee4	01e64813	xori	x16,x12,30	 x12:0x00000000 x16=0x0000001e
       40855000	      3986	80012ee8	406b8cb3	sub	x25,x23,x6	 x23:0xffffffcb  x6:0x00000000 x25=0xffffffcb
       40865000	      3987	80012eec	0120c433	xor	x8,x1,x18	  x1:0x0000017c x18:0x00000000  x8=0x0000017c
       40875000	      3988	80012ef0	8e89	c.sub	x13,x10	 x13:0x00002f4a x10:0x2f5a8000 x13=0xd0a5af4a
       40885000	      3989	80012ef2	f79d9fa3	sh	x25,-129(x27)	 x27:0x80037947 x25:0xffffffcb PA:0x800378c6 store:0xffffffcb load:0x00000000
       40895000	      3990	80012ef6	197d	c.addi	x18,-1	 x18:0x00000000 x18=0xffffffff
       41265000	      4027	80012ef8	021d4033	div	x0,x26,x1	 x26:0x000000cb  x1:0x0000017c  x0=0x00000000
       41275000	      4028	80012efc	0e6d8823	sb	x6,240(x27)	 x27:0x80037947  x6:0x00000000 PA:0x80037a37 store:0x00000000 load:0x00000000
       41285000	      4029	80012f00	0001	c.addi	x0,0	  x0:0x00000000  x0=0x00000000
       41295000	      4030	80012f02	5c2eac93	slti	x25,x29,1474	 x29:0xaf5dc048 x25=0x00000001
       41305000	      4031	80012f06	0eed8f23	sb	x14,254(x27)	 x27:0x80037947 x14:0x0000ffcb PA:0x80037a45 store:0x0000ffcb load:0x00000000
       41325000	      4033	80012f0a	0261d6b3	divu	x13,x3,x6	  x3:0x00000050  x6:0x00000000 x13=0xffffffff
       41335000	      4034	80012f0e	412abc93	sltiu	x25,x21,1042	 x21:0x00000009 x25=0x00000001
       41345000	      4035	80012f12	f18d8d03	lb	x26,-232(x27)	 x27:0x80037947 x26=0x00000051 PA:0x8003785f load:0x00000051
       41355000	      4036	80012f16	ff0dcd03	lbu	x26,-16(x27)	 x27:0x80037947 x26=0x000000ad PA:0x80037937 load:0x000000ad
       41375000	      4038	80012f1a	02634533	div	x10,x6,x6	  x6:0x00000000  x6:0x00000000 x10=0xffffffff
       41385000	      4039	80012f1e	0fbd97a3	sh	x27,239(x27)	 x27:0x80037947 x27:0x80037947 PA:0x80037a36 store:0x80037947 load:0x00000000
       41395000	      4040	80012f22	f7ad8b23	sb	x26,-138(x27)	 x27:0x80037947 x26:0x000000ad PA:0x800378bd store:0x000000ad load:0x00000000
       41405000	      4041	80012f26	0000100f	fence.i	
       41435000	      4044	80012f2a	0e0d8583	lb	x11,224(x27)	 x27:0x80037947 x11=0x00000013 PA:0x80037a27 load:0x00000013
       41445000	      4045	80012f2e	f0ad90a3	sh	x10,-255(x27)	 x27:0x80037947 x10:0xffffffff PA:0x80037848 store:0xffffffff load:0x00000000
       41455000	      4046	80012f32	0f8d8003	lb	x0,248(x27)	 x27:0x80037947  x0=0x00000000 PA:0x80037a3f load:0x0000002f
       41465000	      4047	80012f36	08bd97a3	sh	x11,143(x27)	 x27:0x80037947 x11:0x00000013 PA:0x800379d6 store:0x00000013 load:0x00000000
       41475000	      4048	80012f3a	0ff0000f	fence	iorw,iorw	
       41485000	      4049	80012f3e	0e3dca03	lbu	x20,227(x27)	 x27:0x80037947 x20=0x0000009e PA:0x80037a2a load:0x0000009e
       41495000	      4050	80012f42	0000100f	fence.i	
       41525000	      4053	80012f46	0179f8b3	and	x17,x19,x23	 x19:0x00000000 x23:0xffffffcb x17=0x00000000
       41535000	      4054	80012f4a	01c75e93	srli	x29,x14,0x1c	 x14:0x0000ffcb x29=0x00000000
       41545000	      4055	80012f4e	8f7d	c.and	x14,x15	 x14:0x0000ffcb x15:0x8004cce4 x14=0x0000ccc0
       41555000	      4056	80012f50	f68d8723	sb	x8,-146(x27)	 x27:0x80037947  x8:0x0000017c PA:0x800378b5 store:0x0000017c load:0x00000000
       41565000	      4057	80012f54	fafd8523	sb	x15,-86(x27)	 x27:0x80037947 x15:0x8004cce4 PA:0x800378f1 store:0x8004cce4 load:0x00000000
       41575000	      4058	80012f58	056d8323	sb	x22,70(x27)	 x27:0x80037947 x22:0xffffffff PA:0x8003798d store:0xffffffff load:0x00000000
       41585000	      4059	80012f5c	00021097	auipc	x1,0x21	  x1=0x80033f5c
       41595000	      4060	80012f60	0ec08093	addi	x1,x1,236	  x1:0x80033f5c  x1=0x80034048
       41605000	      4061	80012f64	0a670a37	lui	x20,0xa670	 x20=0x0a670000
       41615000	      4062	80012f68	90d2	c.add	x1,x20	  x1:0x80034048 x20:0x0a670000  x1=0x8a6a4048
       41625000	      4063	80012f6a	b01085a3	sb	x1,-1269(x1)	  x1:0x8a6a4048  x1:0x8a6a4048 PA:0x8a6a3b53 store:0x8a6a4048 load:0x00000000
       41635000	      4064	80012f6e	18208523	sb	x2,394(x1)	  x1:0x8a6a4048  x2:0x80048e50 PA:0x8a6a41d2 store:0x80048e50 load:0x00000000
       41645000	      4065	80012f72	363088a3	sb	x3,881(x1)	  x1:0x8a6a4048  x3:0x00000050 PA:0x8a6a43b9 store:0x00000050 load:0x00000000
       41655000	      4066	80012f76	204081a3	sb	x4,515(x1)	  x1:0x8a6a4048  x4:0xffffffcb PA:0x8a6a424b store:0xffffffcb load:0x00000000
       41665000	      4067	80012f7a	7a5085a3	sb	x5,1963(x1)	  x1:0x8a6a4048  x5:0x00010e00 PA:0x8a6a47f3 store:0x00010e00 load:0x00000000
       41675000	      4068	80012f7e	b8c08da3	sb	x12,-1125(x1)	  x1:0x8a6a4048 x12:0x00000000 PA:0x8a6a3be3 store:0x00000000 load:0x00000000
       41685000	      4069	80012f82	b0b08c03	lb	x24,-1269(x1)	  x1:0x8a6a4048 x24=0x00000048 PA:0x8a6a3b53 load:0x00000048
       41695000	      4070	80012f86	0001	c.addi	x0,0	  x0:0x00000000  x0=0x00000000
       42065000	      4107	80012f88	02335b33	divu	x22,x6,x3	  x6:0x00000000  x3:0x00000050 x22=0x00000000
       42075000	      4108	80012f8c	3ac2fb93	andi	x23,x5,940	  x5:0x00010e00 x23=0x00000200
       42085000	      4109	80012f90	38fcc713	xori	x14,x25,911	 x25:0x00000001 x14=0x0000038e
       42095000	      4110	80012f94	18a0c183	lbu	x3,394(x1)	  x1:0x8a6a4048  x3=0x00000050 PA:0x8a6a41d2 load:0x00000050
       42135000	      4114	80012f98	02e5a5b3	mulhsu	x11,x11,x14	 x11:0x00000013 x14:0x0000038e x11=0x00000000
       42145000	      4115	80012f9c	85aa	c.mv	x11,x10	  x0:0x00000000 x10:0xffffffff x11=0xffffffff
       42155000	      4116	80012f9e	37108b03	lb	x22,881(x1)	  x1:0x8a6a4048 x22=0x00000050 PA:0x8a6a43b9 load:0x00000050
       42165000	      4117	80012fa2	20308d83	lb	x27,515(x1)	  x1:0x8a6a4048 x27=0xffffffcb PA:0x8a6a424b load:0xffffffcb
       42175000	      4118	80012fa6	0001	c.addi	x0,0	  x0:0x00000000  x0=0x00000000
       42185000	      4119	80012fa8	7ab0c683	lbu	x13,1963(x1)	  x1:0x8a6a4048 x13=0x00000000 PA:0x8a6a47f3 load:0x00000000
       42195000	      4120	80012fac	00021497	auipc	x9,0x21	  x9=0x80033fac
       42205000	      4121	80012fb0	09c48493	addi	x9,x9,156	  x9:0x80033fac  x9=0x80034048
       42215000	      4122	80012fb4	5f39acb7	lui	x25,0x5f39a	 x25=0x5f39a000
       42225000	      4123	80012fb8	94e6	c.add	x9,x25	  x9:0x80034048 x25:0x5f39a000  x9=0xdf3ce048
       42235000	      4124	80012fba	500487a3	sb	x0,1295(x9)	  x9:0xdf3ce048  x0:0x00000000 PA:0xdf3ce557 store:0x00000000 load:0x00000000
       42245000	      4125	80012fbe	c8248ea3	sb	x2,-867(x9)	  x9:0xdf3ce048  x2:0x80048e50 PA:0xdf3cdce5 store:0x80048e50 load:0x00000000
       42255000	      4126	80012fc2	de448ea3	sb	x4,-515(x9)	  x9:0xdf3ce048  x4:0xffffffcb PA:0xdf3cde45 store:0xffffffcb load:0x00000000
       42265000	      4127	80012fc6	8a5484a3	sb	x5,-1879(x9)	  x9:0xdf3ce048  x5:0x00010e00 PA:0xdf3cd8f1 store:0x00010e00 load:0x00000000
       42275000	      4128	80012fca	8f6a	c.mv	x30,x26	  x0:0x00000000 x26:0x000000ad x30=0x000000ad
       42285000	      4129	80012fcc	50f48303	lb	x6,1295(x9)	  x9:0xdf3ce048  x6=0x00000000 PA:0xdf3ce557 load:0x00000000
       42295000	      4130	80012fd0	67f48b23	sb	x31,1654(x9)	  x9:0xdf3ce048 x31:0x00000000 PA:0xdf3ce6be store:0x00000000 load:0x00000000
       42305000	      4131	80012fd4	89e6	c.mv	x19,x25	  x0:0x00000000 x25:0x5f39a000 x19=0x5f39a000
       42315000	      4132	80012fd6	c9d4c583	lbu	x11,-867(x9)	  x9:0xdf3ce048 x11=0x00000050 PA:0xdf3cdce5 load:0x00000050
       42335000	      4134	80012fda	00bf3933	sltu	x18,x30,x11	 x30:0x000000ad x11:0x00000050 x18=0x00000000
       42345000	      4135	80012fde	a67480a3	sb	x7,-1439(x9)	  x9:0xdf3ce048  x7:0x00000000 PA:0xdf3cdaa9 store:0x00000000 load:0x00000000
       42355000	      4136	80012fe2	9c4a	c.add	x24,x18	 x24:0x00000048 x18:0x00000000 x24=0x00000048
       42365000	      4137	80012fe4	8e85	c.sub	x13,x9	 x13:0x00000000  x9:0xdf3ce048 x13=0x20c31fb8
       42375000	      4138	80012fe6	dfd48c03	lb	x24,-515(x9)	  x9:0xdf3ce048 x24=0xffffffcb PA:0xdf3cde45 load:0xffffffcb
       42385000	      4139	80012fea	dd84f613	andi	x12,x9,-552	  x9:0xdf3ce048 x12=0xdf3ce048
       42395000	      4140	80012fee	8a94c383	lbu	x7,-1879(x9)	  x9:0xdf3ce048  x7=0x00000000 PA:0xdf3cd8f1 load:0x00000000
       42405000	      4141	80012ff2	10148723	sb	x1,270(x9)	  x9:0xdf3ce048  x1:0x8a6a4048 PA:0xdf3ce156 store:0x8a6a4048 load:0x00000000
       42415000	      4142	80012ff6	00021c97	auipc	x25,0x21	 x25=0x80033ff6
       42425000	      4143	80012ffa	99ac8c93	addi	x25,x25,-1638	 x25:0x80033ff6 x25=0x80033990
       42435000	      4144	80012ffe	0002bb97	auipc	x23,0x2b	 x23=0x8003dffe
       42445000	      4145	80013002	953b8b93	addi	x23,x23,-1709	 x23:0x8003dffe x23=0x8003d951
       42455000	      4146	80013006	006cc303	lbu	x6,6(x25)	 x25:0x80033990  x6=0x00000048 PA:0x80033996 load:0x00000048
       42465000	      4147	8001300a	0a1bd983	lhu	x19,161(x23)	 x23:0x8003d951 x19=0x0000d4e5 PA:0x8003d9f2 load:0x0000d4e5
       42475000	      4148	8001300e	f3cb8f23	sb	x28,-194(x23)	 x23:0x8003d951 x28:0x000000f5 PA:0x8003d88f store:0x000000f5 load:0x00000000
       42485000	      4149	80013012	006c9e03	lh	x28,6(x25)	 x25:0x80033990 x28=0xffff8148 PA:0x80033996 load:0xffff8148
       42495000	      4150	80013016	f14bcb03	lbu	x22,-236(x23)	 x23:0x8003d951 x22=0x00000055 PA:0x8003d865 load:0x00000055
       42505000	      4151	8001301a	000c8c03	lb	x24,0(x25)	 x25:0x80033990 x24=0x0000000f PA:0x80033990 load:0x0000000f
       42515000	      4152	8001301e	005cc983	lbu	x19,5(x25)	 x25:0x80033990 x19=0x00000042 PA:0x80033995 load:0x00000042
       42525000	      4153	80013022	007c8283	lb	x5,7(x25)	 x25:0x80033990  x5=0xffffff81 PA:0x80033997 load:0xffffff81
       42535000	      4154	80013026	f12b8f83	lb	x31,-238(x23)	 x23:0x8003d951 x31=0x0000006d PA:0x8003d863 load:0x0000006d
       42545000	      4155	8001302a	0e6b8e23	sb	x6,252(x23)	 x23:0x8003d951  x6:0x00000048 PA:0x8003da4d store:0x00000048 load:0x00000000
       42555000	      4156	8001302e	fcfba7a3	sw	x15,-49(x23)	 x23:0x8003d951 x15:0x8004cce4 PA:0x8003d920 store:0x8004cce4 load:0x00000000
       42565000	      4157	80013032	fe1b9583	lh	x11,-31(x23)	 x23:0x8003d951 x11=0xffff93a3 PA:0x8003d932 load:0xffff93a3
       42575000	      4158	80013036	ff6ccd83	lbu	x27,-10(x25)	 x25:0x80033990 x27=0x0000008b PA:0x80033986 load:0x0000008b
       42585000	      4159	8001303a	0f2bc403	lbu	x8,242(x23)	 x23:0x8003d951  x8=0x0000001e PA:0x8003da43 load:0x0000001e
       42595000	      4160	8001303e	009c8583	lb	x11,9(x25)	 x25:0x80033990 x11=0x0000004d PA:0x80033999 load:0x0000004d
       42605000	      4161	80013042	00ec85a3	sb	x14,11(x25)	 x25:0x80033990 x14:0x0000038e PA:0x8003399b store:0x0000038e load:0x00000000
       42615000	      4162	80013046	0d8b8303	lb	x6,216(x23)	 x23:0x8003d951  x6=0xffffffe7 PA:0x8003da29 load:0xffffffe7
       42625000	      4163	8001304a	00020717	auipc	x14,0x20	 x14=0x8003304a
       42635000	      4164	8001304e	ffe70713	addi	x14,x14,-2	 x14:0x8003304a x14=0x80033048
       42645000	      4165	80013052	0e794cb7	lui	x25,0xe794	 x25=0x0e794000
       42655000	      4166	80013056	9766	c.add	x14,x25	 x14:0x80033048 x25:0x0e794000 x14=0x8e7c7048
       42665000	      4167	80013058	76071f23	sh	x0,1918(x14)	 x14:0x8e7c7048  x0:0x00000000 PA:0x8e7c77c6 store:0x00000000 load:0x00000000
       42675000	      4168	8001305c	801700a3	sb	x1,-2047(x14)	 x14:0x8e7c7048  x1:0x8a6a4048 PA:0x8e7c6849 store:0x8a6a4048 load:0x00000000
       42685000	      4169	80013060	2e270723	sb	x2,750(x14)	 x14:0x8e7c7048  x2:0x80048e50 PA:0x8e7c7336 store:0x80048e50 load:0x00000000
       42695000	      4170	80013064	b8370d23	sb	x3,-1126(x14)	 x14:0x8e7c7048  x3:0x00000050 PA:0x8e7c6be2 store:0x00000050 load:0x00000000
       42705000	      4171	80013068	b6470ea3	sb	x4,-1155(x14)	 x14:0x8e7c7048  x4:0xffffffcb PA:0x8e7c6bc5 store:0xffffffcb load:0x00000000
       42715000	      4172	8001306c	54571d23	sh	x5,1370(x14)	 x14:0x8e7c7048  x5:0xffffff81 PA:0x8e7c75a2 store:0xffffff81 load:0x00000000
       42725000	      4173	80013070	2e670aa3	sb	x6,757(x14)	 x14:0x8e7c7048  x6:0xffffffe7 PA:0x8e7c733d store:0xffffffe7 load:0x00000000
       42735000	      4174	80013074	77e75603	lhu	x12,1918(x14)	 x14:0x8e7c7048 x12=0x00000000 PA:0x8e7c77c6 load:0x00000000
       42745000	      4175	80013078	80170503	lb	x10,-2047(x14)	 x14:0x8e7c7048 x10=0x00000048 PA:0x8e7c6849 load:0x00000048
       42755000	      4176	8001307c	2ee74083	lbu	x1,750(x14)	 x14:0x8e7c7048  x1=0x00000050 PA:0x8e7c7336 load:0x00000050
       42765000	      4177	80013080	acecc413	xori	x8,x25,-1330	 x25:0x0e794000  x8=0xf186bace
       42775000	      4178	80013084	51264b37	lui	x22,0x51264	 x22=0x51264000
       42785000	      4179	80013088	b9a70c83	lb	x25,-1126(x14)	 x14:0x8e7c7048 x25=0x00000050 PA:0x8e7c6be2 load:0x00000050
       42825000	      4183	8001308c	037a3fb3	mulhu	x31,x20,x23	 x20:0x0a670000 x23:0x8003d951 x31=0x0533a809
       42835000	      4184	80013090	8c69	c.and	x8,x10	  x8:0xf186bace x10:0x00000048  x8=0x00000048
       42845000	      4185	80013092	b7d74603	lbu	x12,-1155(x14)	 x14:0x8e7c7048 x12=0x000000cb PA:0x8e7c6bc5 load:0x000000cb
       42885000	      4189	80013096	035abc33	mulhu	x24,x21,x21	 x21:0x00000009 x21:0x00000009 x24=0x00000000
       42895000	      4190	8001309a	94da	c.add	x9,x22	  x9:0xdf3ce048 x22:0x51264000  x9=0x30632048
       42905000	      4191	8001309c	010d4833	xor	x16,x26,x16	 x26:0x000000ad x16:0x0000001e x16=0x000000b3
       42915000	      4192	800130a0	8e45	c.or	x12,x9	 x12:0x000000cb  x9:0x30632048 x12=0x306320cb
       42925000	      4193	800130a2	55a75003	lhu	x0,1370(x14)	 x14:0x8e7c7048  x0=0x00000000 PA:0x8e7c75a2 load:0x0000ff81
       42935000	      4194	800130a6	2f574203	lbu	x4,757(x14)	 x14:0x8e7c7048  x4=0x000000e7 PA:0x8e7c733d load:0x000000e7
       42945000	      4195	800130aa	dba70823	sb	x26,-592(x14)	 x14:0x8e7c7048 x26:0x000000ad PA:0x8e7c6df8 store:0x000000ad load:0x00000000
       42955000	      4196	800130ae	d740	c.sw	x8,44(x14)	 x14:0x8e7c7048  x8:0x00000048 PA:0x8e7c7074 store:0x00000048 load:0x00000000
       42965000	      4197	800130b0	00025c17	auipc	x24,0x25	 x24=0x800380b0
       42975000	      4198	800130b4	208c0c13	addi	x24,x24,520	 x24:0x800380b0 x24=0x800382b8
       42985000	      4199	800130b8	feec5683	lhu	x13,-18(x24)	 x24:0x800382b8 x13=0x0000f47d PA:0x800382a6 load:0x0000f47d
       42995000	      4200	800130bc	ff7c4703	lbu	x14,-9(x24)	 x24:0x800382b8 x14=0x0000001b PA:0x800382af load:0x0000001b
       43005000	      4201	800130c0	ff7c0d83	lb	x27,-9(x24)	 x24:0x800382b8 x27=0x0000001b PA:0x800382af load:0x0000001b
       43015000	      4202	800130c4	ff7c0903	lb	x18,-9(x24)	 x24:0x800382b8 x18=0x0000001b PA:0x800382af load:0x0000001b
       43025000	      4203	800130c8	ff9c0ba3	sb	x25,-9(x24)	 x24:0x800382b8 x25:0x00000050 PA:0x800382af store:0x00000050 load:0x00000000
       43035000	      4204	800130cc	41045913	srai	x18,x8,0x10	  x8:0x00000048 x18=0x00000000
       43045000	      4205	800130d0	41960fb3	sub	x31,x12,x25	 x12:0x306320cb x25:0x00000050 x31=0x3063207b
       43055000	      4206	800130d4	fc2c0d03	lb	x26,-62(x24)	 x24:0x800382b8 x26=0x00000056 PA:0x8003827a load:0x00000056
       43065000	      4207	800130d8	0007ab33	slt	x22,x15,x0	 x15:0x8004cce4  x0:0x00000000 x22=0x00000001
       43075000	      4208	800130dc	fc2c4803	lbu	x16,-62(x24)	 x24:0x800382b8 x16=0x00000056 PA:0x8003827a load:0x00000056
       43085000	      4209	800130e0	4de18c93	addi	x25,x3,1246	  x3:0x00000050 x25=0x0000052e
       43095000	      4210	800130e4	fc2c0d03	lb	x26,-62(x24)	 x24:0x800382b8 x26=0x00000056 PA:0x8003827a load:0x00000056
       43105000	      4211	800130e8	fd4c2703	lw	x14,-44(x24)	 x24:0x800382b8 x14=0x7b338aef PA:0x8003828c load:0x7b338aef
       43135000	      4214	800130ec	03d40d33	mul	x26,x8,x29	  x8:0x00000048 x29:0x00000000 x26=0x00000000
       43145000	      4215	800130f0	fcdc2a23	sw	x13,-44(x24)	 x24:0x800382b8 x13:0x0000f47d PA:0x8003828c store:0x0000f47d load:0x00000000
       43155000	      4216	800130f4	fd4c4303	lbu	x6,-44(x24)	 x24:0x800382b8  x6=0x0000007d PA:0x8003828c load:0x0000007d
       43165000	      4217	800130f8	fd6c1683	lh	x13,-42(x24)	 x24:0x800382b8 x13=0x00000000 PA:0x8003828e load:0x00000000
       43175000	      4218	800130fc	72dd8493	addi	x9,x27,1837	 x27:0x0000001b  x9=0x00000748
       43185000	      4219	80013100	fdcc1b23	sh	x28,-42(x24)	 x24:0x800382b8 x28:0xffff8148 PA:0x8003828e store:0xffff8148 load:0x00000000
       43195000	      4220	80013104	9d3e	c.add	x26,x15	 x26:0x00000000 x15:0x8004cce4 x26=0x8004cce4
       43205000	      4221	80013106	fccc1503	lh	x10,-52(x24)	 x24:0x800382b8 x10=0x0000356e PA:0x80038284 load:0x0000356e
       43215000	      4222	8001310a	fd6c2623	sw	x22,-52(x24)	 x24:0x800382b8 x22:0x00000001 PA:0x80038284 store:0x00000001 load:0x00000000
       43225000	      4223	8001310e	00020897	auipc	x17,0x20	 x17=0x8003310e
       43235000	      4224	80013112	49b88893	addi	x17,x17,1179	 x17:0x8003310e x17=0x800335a9
       43245000	      4225	80013116	036897a3	sh	x22,47(x17)	 x17:0x800335a9 x22:0x00000001 PA:0x800335d8 store:0x00000001 load:0x00000000
       43255000	      4226	8001311a	00453c33	sltu	x24,x10,x4	 x10:0x0000356e  x4:0x000000e7 x24=0x00000000
       43265000	      4227	8001311e	03f88423	sb	x31,40(x17)	 x17:0x800335a9 x31:0x3063207b PA:0x800335d1 store:0x3063207b load:0x00000000
       43275000	      4228	80013122	00839d13	slli	x26,x7,0x8	  x7:0x00000000 x26=0x00000000
       43285000	      4229	80013126	0348c203	lbu	x4,52(x17)	 x17:0x800335a9  x4=0x00000089 PA:0x800335dd load:0x00000089
       43295000	      4230	8001312a	fe38a1a3	sw	x3,-29(x17)	 x17:0x800335a9  x3:0x00000050 PA:0x8003358c store:0x00000050 load:0x00000000
       43305000	      4231	8001312e	0150d033	srl	x0,x1,x21	  x1:0x00000050 x21:0x00000009  x0=0x00000000
       43315000	      4232	80013132	fc788723	sb	x7,-50(x17)	 x17:0x800335a9  x7:0x00000000 PA:0x80033577 store:0x00000000 load:0x00000000
       43325000	      4233	80013136	fc288283	lb	x5,-62(x17)	 x17:0x800335a9  x5=0x00000057 PA:0x8003356b load:0x00000057
       43335000	      4234	8001313a	411edd33	sra	x26,x29,x17	 x29:0x00000000 x17:0x800335a9 x26=0x00000000
       43345000	      4235	8001313e	1bfd	c.addi	x23,-1	 x23:0x8003d951 x23=0x8003d950
       43375000	      4238	80013140	02b086b3	mul	x13,x1,x11	  x1:0x00000050 x11:0x0000004d x13=0x00001810
       43385000	      4239	80013144	01b88d83	lb	x27,27(x17)	 x17:0x800335a9 x27=0xffffff82 PA:0x800335c4 load:0xffffff82
       43395000	      4240	80013148	052a	c.slli	x10,0xa	 x10:0x0000356e x10=0x00d5b800
       43405000	      4241	8001314a	00288a23	sb	x2,20(x17)	 x17:0x800335a9  x2:0x80048e50 PA:0x800335bd store:0x80048e50 load:0x00000000
       43415000	      4242	8001314e	fe588a23	sb	x5,-12(x17)	 x17:0x800335a9  x5:0x00000057 PA:0x8003359d store:0x00000057 load:0x00000000
       43425000	      4243	80013152	fdc89aa3	sh	x28,-43(x17)	 x17:0x800335a9 x28:0xffff8148 PA:0x8003357e store:0xffff8148 load:0x00000000
       43435000	      4244	80013156	00e88f03	lb	x30,14(x17)	 x17:0x800335a9 x30=0x00000020 PA:0x800335b7 load:0x00000020
       43445000	      4245	8001315a	fed895a3	sh	x13,-21(x17)	 x17:0x800335a9 x13:0x00001810 PA:0x80033594 store:0x00001810 load:0x00000000
       43455000	      4246	8001315e	019971b3	and	x3,x18,x25	 x18:0x00000000 x25:0x0000052e  x3=0x00000000
       43465000	      4247	80013162	8be6c413	xori	x8,x13,-1858	 x13:0x00001810  x8=0xffffe0ae
       43475000	      4248	80013166	fdc89ca3	sh	x28,-39(x17)	 x17:0x800335a9 x28:0xffff8148 PA:0x80033582 store:0xffff8148 load:0x00000000
       43845000	      4285	8001316a	02e6d0b3	divu	x1,x13,x14	 x13:0x00001810 x14:0x7b338aef  x1=0x00000000
       43855000	      4286	8001316e	fdb880a3	sb	x27,-63(x17)	 x17:0x800335a9 x27:0xffffff82 PA:0x8003356a store:0xffffff82 load:0x00000000
       43865000	      4287	80013172	fca88203	lb	x4,-54(x17)	 x17:0x800335a9  x4=0x0000007f PA:0x80033573 load:0x0000007f
       43875000	      4288	80013176	59fd	c.li	x19,-1	 x19=0xffffffff
       43885000	      4289	80013178	ffb8c203	lbu	x4,-5(x17)	 x17:0x800335a9  x4=0x000000b5 PA:0x800335a4 load:0x000000b5
       43895000	      4290	8001317c	03a8c083	lbu	x1,58(x17)	 x17:0x800335a9  x1=0x000000fc PA:0x800335e3 load:0x000000fc
       43915000	      4292	80013180	0120ae33	slt	x28,x1,x18	  x1:0x000000fc x18:0x00000000 x28=0x00000000
       43925000	      4293	80013184	fc888503	lb	x10,-56(x17)	 x17:0x800335a9 x10=0x00000040 PA:0x80033571 load:0x00000040
       43935000	      4294	80013188	ff388703	lb	x14,-13(x17)	 x17:0x800335a9 x14=0xffffffd7 PA:0x8003359c load:0xffffffd7
       43945000	      4295	8001318c	8661	c.srai	x12,0x18	 x12:0x306320cb x12=0x00000030
       43955000	      4296	8001318e	ffb8cc83	lbu	x25,-5(x17)	 x17:0x800335a9 x25=0x000000b5 PA:0x800335a4 load:0x000000b5
       43965000	      4297	80013192	03088383	lb	x7,48(x17)	 x17:0x800335a9  x7=0x00000000 PA:0x800335d9 load:0x00000000
       43975000	      4298	80013196	8cf9	c.and	x9,x14	  x9:0x00000748 x14:0xffffffd7  x9=0x00000740
       43985000	      4299	80013198	fe989583	lh	x11,-23(x17)	 x17:0x800335a9 x11=0xffff99cc PA:0x80033592 load:0xffff99cc
       43995000	      4300	8001319c	40ab5293	srai	x5,x22,0xa	 x22:0x00000001  x5=0x00000000
       44005000	      4301	800131a0	fe38cd03	lbu	x26,-29(x17)	 x17:0x800335a9 x26=0x00000050 PA:0x8003358c load:0x00000050
       44015000	      4302	800131a4	00d88223	sb	x13,4(x17)	 x17:0x800335a9 x13:0x00001810 PA:0x800335ad store:0x00001810 load:0x00000000
       44025000	      4303	800131a8	00025d17	auipc	x26,0x25	 x26=0x800381a8
       44035000	      4304	800131ac	44fd0d13	addi	x26,x26,1103	 x26:0x800381a8 x26=0x800385f7
       44045000	      4305	800131b0	004d0583	lb	x11,4(x26)	 x26:0x800385f7 x11=0xffffff99 PA:0x800385fb load:0xffffff99
       44055000	      4306	800131b4	00021b97	auipc	x23,0x21	 x23=0x800341b4
       44065000	      4307	800131b8	85cb8b93	addi	x23,x23,-1956	 x23:0x800341b4 x23=0x80033a10
       44075000	      4308	800131bc	002d4583	lbu	x11,2(x26)	 x26:0x800385f7 x11=0x00000019 PA:0x800385f9 load:0x00000019
       44085000	      4309	800131c0	00cba003	lw	x0,12(x23)	 x23:0x80033a10  x0=0x00000000 PA:0x80033a1c load:0x6e22d696
       44095000	      4310	800131c4	ff2d4483	lbu	x9,-14(x26)	 x26:0x800385f7  x9=0x00000088 PA:0x800385e9 load:0x00000088
       44105000	      4311	800131c8	012b8523	sb	x18,10(x23)	 x23:0x80033a10 x18:0x00000000 PA:0x80033a1a store:0x00000000 load:0x00000000
       44115000	      4312	800131cc	014b8323	sb	x20,6(x23)	 x23:0x80033a10 x20:0x0a670000 PA:0x80033a16 store:0x0a670000 load:0x00000000
       44125000	      4313	800131d0	ffdbc383	lbu	x7,-3(x23)	 x23:0x80033a10  x7=0x00000037 PA:0x80033a0d load:0x00000037
       44135000	      4314	800131d4	ff2d0683	lb	x13,-14(x26)	 x26:0x800385f7 x13=0xffffff88 PA:0x800385e9 load:0xffffff88
       44145000	      4315	800131d8	001b8e03	lb	x28,1(x23)	 x23:0x80033a10 x28=0x0000006d PA:0x80033a11 load:0x0000006d
       44155000	      4316	800131dc	004d4c03	lbu	x24,4(x26)	 x26:0x800385f7 x24=0x00000099 PA:0x800385fb load:0x00000099
       44165000	      4317	800131e0	ffabd983	lhu	x19,-6(x23)	 x23:0x80033a10 x19=0x0000d75e PA:0x80033a0a load:0x0000d75e
       44175000	      4318	800131e4	ffbb8ba3	sb	x27,-9(x23)	 x23:0x80033a10 x27:0xffffff82 PA:0x80033a07 store:0xffffff82 load:0x00000000
       44185000	      4319	800131e8	009d0083	lb	x1,9(x26)	 x26:0x800385f7  x1=0xffffffbc PA:0x80038600 load:0xffffffbc
       44195000	      4320	800131ec	006bd003	lhu	x0,6(x23)	 x23:0x80033a10  x0=0x00000000 PA:0x80033a16 load:0x00000700
       44205000	      4321	800131f0	005d2c03	lw	x24,5(x26)	 x26:0x800385f7 x24=0xc7cf0b7f PA:0x800385fc load:0xc7cf0b7f
       44215000	      4322	800131f4	00021297	auipc	x5,0x21	  x5=0x800341f4
       44225000	      4323	800131f8	dd728293	addi	x5,x5,-553	  x5:0x800341f4  x5=0x80033fcb
       44235000	      4324	800131fc	0002cc03	lbu	x24,0(x5)	  x5:0x80033fcb x24=0x000000fd PA:0x80033fcb load:0x000000fd
       44245000	      4325	80013200	79108313	addi	x6,x1,1937	  x1:0xffffffbc  x6=0x0000074d
       44615000	      4362	80013204	02955633	divu	x12,x10,x9	 x10:0x00000040  x9:0x00000088 x12=0x00000000
       44625000	      4363	80013208	012292a3	sh	x18,5(x5)	  x5:0x80033fcb x18:0x00000000 PA:0x80033fd0 store:0x00000000 load:0x00000000
       44635000	      4364	8001320c	9d4a	c.add	x26,x18	 x26:0x800385f7 x18:0x00000000 x26=0x800385f7
       44645000	      4365	8001320e	00529883	lh	x17,5(x5)	  x5:0x80033fcb x17=0x00000000 PA:0x80033fd0 load:0x00000000
       44655000	      4366	80013212	ff429ca3	sh	x20,-7(x5)	  x5:0x80033fcb x20:0x0a670000 PA:0x80033fc4 store:0x0a670000 load:0x00000000
       44685000	      4369	80013216	03f38333	mul	x6,x7,x31	  x7:0x00000037 x31:0x3063207b  x6=0x654bfa6d
       44695000	      4370	8001321a	ff528ca3	sb	x21,-7(x5)	  x5:0x80033fcb x21:0x00000009 PA:0x80033fc4 store:0x00000009 load:0x00000000
       44705000	      4371	8001321e	00f031b3	sltu	x3,x0,x15	  x0:0x00000000 x15:0x8004cce4  x3=0x00000001
       44715000	      4372	80013222	fee2aca3	sw	x14,-7(x5)	  x5:0x80033fcb x14:0xffffffd7 PA:0x80033fc4 store:0xffffffd7 load:0x00000000
       44725000	      4373	80013226	005281a3	sb	x5,3(x5)	  x5:0x80033fcb  x5:0x80033fcb PA:0x80033fce store:0x80033fcb load:0x00000000
       44735000	      4374	8001322a	ff12c803	lbu	x16,-15(x5)	  x5:0x80033fcb x16=0x000000b0 PA:0x80033fbc load:0x000000b0
       44745000	      4375	8001322e	01b292a3	sh	x27,5(x5)	  x5:0x80033fcb x27:0xffffff82 PA:0x80033fd0 store:0xffffff82 load:0x00000000
       44755000	      4376	80013232	00b19e93	slli	x29,x3,0xb	  x3:0x00000001 x29=0x00000800
       44765000	      4377	80013236	00c01233	sll	x4,x0,x12	  x0:0x00000000 x12:0x00000000  x4=0x00000000
       44775000	      4378	8001323a	013281a3	sb	x19,3(x5)	  x5:0x80033fcb x19:0x0000d75e PA:0x80033fce store:0x0000d75e load:0x00000000
       44785000	      4379	8001323e	00020497	auipc	x9,0x20	  x9=0x8003323e
       44795000	      4380	80013242	77f48493	addi	x9,x9,1919	  x9:0x8003323e  x9=0x800339bd
       44805000	      4381	80013246	fe448ba3	sb	x4,-9(x9)	  x9:0x800339bd  x4:0x00000000 PA:0x800339b4 store:0x00000000 load:0x00000000
       44815000	      4382	8001324a	0054c603	lbu	x12,5(x9)	  x9:0x800339bd x12=0x0000000b PA:0x800339c2 load:0x0000000b
       44825000	      4383	8001324e	ff149903	lh	x18,-15(x9)	  x9:0x800339bd x18=0x0000107b PA:0x800339ae load:0x0000107b
       44835000	      4384	80013252	0084cd83	lbu	x27,8(x9)	  x9:0x800339bd x27=0x0000000d PA:0x800339c5 load:0x0000000d
       44845000	      4385	80013256	ff24c203	lbu	x4,-14(x9)	  x9:0x800339bd  x4=0x00000010 PA:0x800339af load:0x00000010
       44855000	      4386	8001325a	ff64c083	lbu	x1,-10(x9)	  x9:0x800339bd  x1=0x000000c4 PA:0x800339b3 load:0x000000c4
       44865000	      4387	8001325e	01048b03	lb	x22,16(x9)	  x9:0x800339bd x22=0xffffff82 PA:0x800339cd load:0xffffff82
       44895000	      4390	80013262	039682b3	mul	x5,x13,x25	 x13:0xffffff88 x25:0x000000b5  x5=0xffffab28
       44905000	      4391	80013266	01848623	sb	x24,12(x9)	  x9:0x800339bd x24:0x000000fd PA:0x800339c9 store:0x000000fd load:0x00000000
       44915000	      4392	8001326a	ff248983	lb	x19,-14(x9)	  x9:0x800339bd x19=0x00000010 PA:0x800339af load:0x00000010
       44925000	      4393	8001326e	01f491a3	sh	x31,3(x9)	  x9:0x800339bd x31:0x3063207b PA:0x800339c0 store:0x3063207b load:0x00000000
       44935000	      4394	80013272	0104c003	lbu	x0,16(x9)	  x9:0x800339bd  x0=0x00000000 PA:0x800339cd load:0x00000082
       44945000	      4395	80013276	ff249fa3	sh	x18,-1(x9)	  x9:0x800339bd x18:0x0000107b PA:0x800339bc store:0x0000107b load:0x00000000
       44955000	      4396	8001327a	2a1b1937	lui	x18,0x2a1b1	 x18=0x2a1b1000
       44965000	      4397	8001327e	00d4cc03	lbu	x24,13(x9)	  x9:0x800339bd x24=0x000000ff PA:0x800339ca load:0x000000ff
       44975000	      4398	80013282	fff4a983	lw	x19,-1(x9)	  x9:0x800339bd x19=0x8a81107b PA:0x800339bc load:0x8a81107b
       45345000	      4435	80013286	0302c2b3	div	x5,x5,x16	  x5:0xffffab28 x16:0x000000b0  x5=0xffffff85
       45355000	      4436	8001328a	00aec333	xor	x6,x29,x10	 x29:0x00000800 x10:0x00000040  x6=0x00000840
       45365000	      4437	8001328e	00b4c283	lbu	x5,11(x9)	  x9:0x800339bd  x5=0x0000008b PA:0x800339c8 load:0x0000008b
       45375000	      4438	80013292	ffe49aa3	sh	x30,-11(x9)	  x9:0x800339bd x30:0x00000020 PA:0x800339b2 store:0x00000020 load:0x00000000
       45385000	      4439	80013296	197d	c.addi	x18,-1	 x18:0x2a1b1000 x18=0x2a1b0fff
       45395000	      4440	80013298	fe04a9a3	sw	x0,-13(x9)	  x9:0x800339bd  x0:0x00000000 PA:0x800339b0 store:0x00000000 load:0x00000000
       45405000	      4441	8001329c	0034ac03	lw	x24,3(x9)	  x9:0x800339bd x24=0x9f0b207b PA:0x800339c0 load:0x9f0b207b
       45415000	      4442	800132a0	015e0433	add	x8,x28,x21	 x28:0x0000006d x21:0x00000009  x8=0x00000076
       45425000	      4443	800132a4	ff34ab03	lw	x22,-13(x9)	  x9:0x800339bd x22=0x00000000 PA:0x800339b0 load:0x00000000
       45435000	      4444	800132a8	ffe48983	lb	x19,-2(x9)	  x9:0x800339bd x19=0xffffffd6 PA:0x800339bb load:0xffffffd6
       45445000	      4445	800132ac	8c71	c.and	x8,x12	  x8:0x00000076 x12:0x0000000b  x8=0x00000002
       45455000	      4446	800132ae	ff44cf03	lbu	x30,-12(x9)	  x9:0x800339bd x30=0x00000000 PA:0x800339b1 load:0x00000000
       45465000	      4447	800132b2	0024c203	lbu	x4,2(x9)	  x9:0x800339bd  x4=0x0000008a PA:0x800339bf load:0x0000008a
       45475000	      4448	800132b6	ff74db03	lhu	x22,-9(x9)	  x9:0x800339bd x22=0x00005700 PA:0x800339b4 load:0x00005700
       45485000	      4449	800132ba	0ff0000f	fence	iorw,iorw	
       45495000	      4450	800132be	01b41693	slli	x13,x8,0x1b	  x8:0x00000002 x13=0x10000000
       45505000	      4451	800132c2	012d18b3	sll	x17,x26,x18	 x26:0x800385f7 x18:0x2a1b0fff x17=0x80000000
       45515000	      4452	800132c6	00155293	srli	x5,x10,0x1	 x10:0x00000040  x5=0x00000020
       45525000	      4453	800132ca	ff44c703	lbu	x14,-12(x9)	  x9:0x800339bd x14=0x00000000 PA:0x800339b1 load:0x00000000
       45535000	      4454	800132ce	d6816013	ori	x0,x2,-664	  x2:0x80048e50  x0=0x00000000
       45545000	      4455	800132d2	00c4c883	lbu	x17,12(x9)	  x9:0x800339bd x17=0x000000fd PA:0x800339c9 load:0x000000fd
       45555000	      4456	800132d6	00348723	sb	x3,14(x9)	  x9:0x800339bd  x3:0x00000001 PA:0x800339cb store:0x00000001 load:0x00000000
       45565000	      4457	800132da	ff54d303	lhu	x6,-11(x9)	  x9:0x800339bd  x6=0x00000000 PA:0x800339b2 load:0x00000000
       45575000	      4458	800132de	00020e97	auipc	x29,0x20	 x29=0x800332de
       45585000	      4459	800132e2	d6ae8e93	addi	x29,x29,-662	 x29:0x800332de x29=0x80033048
       45595000	      4460	800132e6	05717537	lui	x10,0x5717	 x10=0x05717000
       45605000	      4461	800132ea	9eaa	c.add	x29,x10	 x29:0x80033048 x10:0x05717000 x29=0x8574a048
       45615000	      4462	800132ec	680ea423	sw	x0,1672(x29)	 x29:0x8574a048  x0:0x00000000 PA:0x8574a6d0 store:0x00000000 load:0x00000000
       45625000	      4463	800132f0	9e2e8ca3	sb	x2,-1543(x29)	 x29:0x8574a048  x2:0x80048e50 PA:0x85749a41 store:0x80048e50 load:0x00000000
       45635000	      4464	800132f4	545ea823	sw	x5,1360(x29)	 x29:0x8574a048  x5:0x00000020 PA:0x8574a598 store:0x00000020 load:0x00000000
       45645000	      4465	800132f8	688ea303	lw	x6,1672(x29)	 x29:0x8574a048  x6=0x00000000 PA:0x8574a6d0 load:0x00000000
       46015000	      4502	800132fc	0355d2b3	divu	x5,x11,x21	 x11:0x00000019 x21:0x00000009  x5=0x00000002
       46025000	      4503	80013300	89d6	c.mv	x19,x21	  x0:0x00000000 x21:0x00000009 x19=0x00000009
       46035000	      4504	80013302	ec1e8aa3	sb	x1,-299(x29)	 x29:0x8574a048  x1:0x000000c4 PA:0x85749f1d store:0x000000c4 load:0x00000000
       46045000	      4505	80013306	41b85893	srai	x17,x16,0x1b	 x16:0x000000b0 x17=0x00000000
       46055000	      4506	8001330a	9f9e8a03	lb	x20,-1543(x29)	 x29:0x8574a048 x20=0x00000050 PA:0x85749a41 load:0x00000050
       46065000	      4507	8001330e	4f31	c.li	x30,12	 x30=0x0000000c
       46105000	      4511	80013310	02c9b8b3	mulhu	x17,x19,x12	 x19:0x00000009 x12:0x0000000b x17=0x00000000
       46115000	      4512	80013314	8e05	c.sub	x12,x9	 x12:0x0000000b  x9:0x800339bd x12=0x7ffcc64e
       46125000	      4513	80013316	52fd	c.li	x5,-1	  x5=0xffffffff
       46135000	      4514	80013318	e5ee9f23	sh	x30,-418(x29)	 x29:0x8574a048 x30:0x0000000c PA:0x85749ea6 store:0x0000000c load:0x00000000
       46145000	      4515	8001331c	beee8da3	sb	x14,-1029(x29)	 x29:0x8574a048 x14:0x00000000 PA:0x85749c43 store:0x00000000 load:0x00000000
       46155000	      4516	80013320	550ea583	lw	x11,1360(x29)	 x29:0x8574a048 x11=0x00000020 PA:0x8574a598 load:0x00000020
       46165000	      4517	80013324	0002b217	auipc	x4,0x2b	  x4=0x8003e324
       46175000	      4518	80013328	b4620213	addi	x4,x4,-1210	  x4:0x8003e324  x4=0x8003de6a
       46185000	      4519	8001332c	ffc20e03	lb	x28,-4(x4)	  x4:0x8003de6a x28=0xffffffe9 PA:0x8003de66 load:0xffffffe9
       46555000	      4556	80013330	02126633	rem	x12,x4,x1	  x4:0x8003de6a  x1:0x000000c4 x12=0xffffff86
       46565000	      4557	80013334	00821503	lh	x10,8(x4)	  x4:0x8003de6a x10=0x00004bba PA:0x8003de72 load:0x00004bba
       46575000	      4558	80013338	00c21383	lh	x7,12(x4)	  x4:0x8003de6a  x7=0x000014b6 PA:0x8003de76 load:0x000014b6
       46585000	      4559	8001333c	ffb20583	lb	x11,-5(x4)	  x4:0x8003de6a x11=0xffffffe8 PA:0x8003de65 load:0xffffffe8
       46955000	      4596	80013340	03f9cc33	div	x24,x19,x31	 x19:0x00000009 x31:0x3063207b x24=0x00000000
       46965000	      4597	80013344	ff120ea3	sb	x17,-3(x4)	  x4:0x8003de6a x17:0x00000000 PA:0x8003de67 store:0x00000000 load:0x00000000
       46975000	      4598	80013348	fe920a23	sb	x9,-12(x4)	  x4:0x8003de6a  x9:0x800339bd PA:0x8003de5e store:0x800339bd load:0x00000000
       46985000	      4599	8001334c	8261	c.srli	x12,0x18	 x12:0xffffff86 x12=0x000000ff
       46995000	      4600	8001334e	0000100f	fence.i	
       47015000	      4602	80013352	0001	c.addi	x0,0	  x0:0x00000000  x0=0x00000000
       47025000	      4603	80013354	e311be37	lui	x28,0xe311b	 x28=0xe311b000
       47035000	      4604	80013358	01a9d3b3	srl	x7,x19,x26	 x19:0x00000009 x26:0x800385f7  x7=0x00000000
       47045000	      4605	8001335c	00357733	and	x14,x10,x3	 x10:0x00004bba  x3:0x00000001 x14=0x00000000
       47055000	      4606	80013360	8a69	c.andi	x12,26	 x12:0x000000ff x12=0x0000001a
       47065000	      4607	80013362	011405b3	add	x11,x8,x17	  x8:0x00000002 x17:0x00000000 x11=0x00000002
       47075000	      4608	80013366	01f900b3	add	x1,x18,x31	 x18:0x2a1b0fff x31:0x3063207b  x1=0x5a7e307a
       47085000	      4609	8001336a	0001	c.addi	x0,0	  x0:0x00000000  x0=0x00000000
       47095000	      4610	8001336c	ffb20083	lb	x1,-5(x4)	  x4:0x8003de6a  x1=0xffffffe8 PA:0x8003de65 load:0xffffffe8
       47105000	      4611	80013370	0ff0000f	fence	iorw,iorw	
       47115000	      4612	80013374	8689	c.srai	x13,0x2	 x13:0x10000000 x13=0x04000000
       47125000	      4613	80013376	23ae8a37	lui	x20,0x23ae8	 x20=0x23ae8000
       47135000	      4614	8001337a	00124c03	lbu	x24,1(x4)	  x4:0x8003de6a x24=0x000000ea PA:0x8003de6b load:0x000000ea
       47145000	      4615	8001337e	c5ce6613	ori	x12,x28,-932	 x28:0xe311b000 x12=0xfffffc5c
       47155000	      4616	80013382	0001	c.addi	x0,0	  x0:0x00000000  x0=0x00000000
       47165000	      4617	80013384	404a8933	sub	x18,x21,x4	 x21:0x00000009  x4:0x8003de6a x18=0x7ffc219f
       47175000	      4618	80013388	00324e03	lbu	x28,3(x4)	  x4:0x8003de6a x28=0x00000046 PA:0x8003de6d load:0x00000046
       47195000	      4620	8001338c	02e86333	rem	x6,x16,x14	 x16:0x000000b0 x14:0x00000000  x6=0x000000b0
       47205000	      4621	80013390	413c5eb3	sra	x29,x24,x19	 x24:0x000000ea x19:0x00000009 x29=0x00000000
       47215000	      4622	80013394	8a21	c.andi	x12,8	 x12:0xfffffc5c x12=0x00000008
       47225000	      4623	80013396	88f9	c.andi	x9,30	  x9:0x800339bd  x9=0x0000001c
       47235000	      4624	80013398	6db1	c.lui	x27,0xc	 x27=0x0000c000
       47245000	      4625	8001339a	01e74cb3	xor	x25,x14,x30	 x14:0x00000000 x30:0x0000000c x25=0x0000000c
       47255000	      4626	8001339e	00f20e03	lb	x28,15(x4)	  x4:0x8003de6a x28=0x00000065 PA:0x8003de79 load:0x00000065
       47265000	      4627	800133a2	00020697	auipc	x13,0x20	 x13=0x800333a2
       47275000	      4628	800133a6	ca668693	addi	x13,x13,-858	 x13:0x800333a2 x13=0x80033048
       47285000	      4629	800133aa	5acd4e37	lui	x28,0x5acd4	 x28=0x5acd4000
       47295000	      4630	800133ae	96f2	c.add	x13,x28	 x13:0x80033048 x28:0x5acd4000 x13=0xdad07048
       47305000	      4631	800133b0	3a068aa3	sb	x0,949(x13)	 x13:0xdad07048  x0:0x00000000 PA:0xdad073fd store:0x00000000 load:0x00000000
       47315000	      4632	800133b4	68468fa3	sb	x4,1695(x13)	 x13:0xdad07048  x4:0x8003de6a PA:0xdad076e7 store:0x8003de6a load:0x00000000
       47325000	      4633	800133b8	3b56cb03	lbu	x22,949(x13)	 x13:0xdad07048 x22=0x00000000 PA:0xdad073fd load:0x00000000
       47335000	      4634	800133bc	4b8685a3	sb	x24,1195(x13)	 x13:0xdad07048 x24:0x000000ea PA:0xdad074f3 store:0x000000ea load:0x00000000
       47345000	      4635	800133c0	0001	c.addi	x0,0	  x0:0x00000000  x0=0x00000000
       47355000	      4636	800133c2	0001	c.addi	x0,0	  x0:0x00000000  x0=0x00000000
       47365000	      4637	800133c4	9a56	c.add	x20,x21	 x20:0x23ae8000 x21:0x00000009 x20=0x23ae8009
       47375000	      4638	800133c6	9316ac23	sw	x17,-1736(x13)	 x13:0xdad07048 x17:0x00000000 PA:0xdad06980 store:0x00000000 load:0x00000000
       47385000	      4639	800133ca	02f5	c.addi	x5,29	  x5:0xffffffff  x5=0x0000001c
       47395000	      4640	800133cc	ac3687a3	sb	x3,-1329(x13)	 x13:0xdad07048  x3:0x00000001 PA:0xdad06b17 store:0x00000001 load:0x00000000
       47405000	      4641	800133d0	69f6c483	lbu	x9,1695(x13)	 x13:0xdad07048  x9=0x0000006a PA:0xdad076e7 load:0x0000006a
       47415000	      4642	800133d4	019aa9b3	slt	x19,x21,x25	 x21:0x00000009 x25:0x0000000c x19=0x00000001
       47785000	      4679	800133d8	0334c2b3	div	x5,x9,x19	  x9:0x0000006a x19:0x00000001  x5=0x0000006a
       48155000	      4716	800133dc	03e87fb3	remu	x31,x16,x30	 x16:0x000000b0 x30:0x0000000c x31=0x00000008
       48165000	      4717	800133e0	0946a023	sw	x20,128(x13)	 x13:0xdad07048 x20:0x23ae8009 PA:0xdad070c8 store:0x23ae8009 load:0x00000000
       48175000	      4718	800133e4	00020217	auipc	x4,0x20	  x4=0x800333e4
       48185000	      4719	800133e8	49020213	addi	x4,x4,1168	  x4:0x800333e4  x4=0x80033874
       48195000	      4720	800133ec	0133c6b3	xor	x13,x7,x19	  x7:0x00000000 x19:0x00000001 x13=0x00000001
       48205000	      4721	800133f0	8731	c.srai	x14,0xc	 x14:0x00000000 x14=0x00000000
       48215000	      4722	800133f2	70e21683	lh	x13,1806(x4)	  x4:0x80033874 x13=0x00004605 PA:0x80033f82 load:0x00004605
       48225000	      4723	800133f6	6af20483	lb	x9,1711(x4)	  x4:0x80033874  x9=0x0000000a PA:0x80033f23 load:0x0000000a
       48245000	      4725	800133fa	ec921423	sh	x9,-312(x4)	  x4:0x80033874  x9:0x0000000a PA:0x8003373c store:0x0000000a load:0x00000000
       48255000	      4726	800133fe	99fd	c.andi	x11,-1	 x11:0x00000002 x11=0x00000002
       48265000	      4727	80013400	0001	c.addi	x0,0	  x0:0x00000000  x0=0x00000000
       48275000	      4728	80013402	50322423	sw	x3,1288(x4)	  x4:0x80033874  x3:0x00000001 PA:0x80033d7c store:0x00000001 load:0x00000000
       48285000	      4729	80013406	2dddea13	ori	x20,x27,733	 x27:0x0000c000 x20=0x0000c2dd
       48295000	      4730	8001340a	3dc24703	lbu	x14,988(x4)	  x4:0x80033874 x14=0x00000022 PA:0x80033c50 load:0x00000022
       48305000	      4731	8001340e	0133f1b3	and	x3,x7,x19	  x7:0x00000000 x19:0x00000001  x3=0x00000000
       48315000	      4732	80013412	8565	c.srai	x10,0x19	 x10:0x00004bba x10=0x00000000
       48325000	      4733	80013414	19822823	sw	x24,400(x4)	  x4:0x80033874 x24:0x000000ea PA:0x80033a04 store:0x000000ea load:0x00000000
       48365000	      4737	80013418	025e9cb3	mulh	x25,x29,x5	 x29:0x00000000  x5:0x0000006a x25=0x00000000
       48405000	      4741	8001341c	02959b33	mulh	x22,x11,x9	 x11:0x00000002  x9:0x0000000a x22=0x00000000
       48415000	      4742	80013420	8d75	c.and	x10,x13	 x10:0x00000000 x13:0x00004605 x10=0x00000000
       48425000	      4743	80013422	f3920303	lb	x6,-199(x4)	  x4:0x80033874  x6=0xffffff8b PA:0x800337ad load:0xffffff8b
       48435000	      4744	80013426	01a3be33	sltu	x28,x7,x26	  x7:0x00000000 x26:0x800385f7 x28=0x00000001
       48445000	      4745	8001342a	5d524583	lbu	x11,1493(x4)	  x4:0x80033874 x11=0x00000027 PA:0x80033e49 load:0x00000027
       48815000	      4782	8001342e	03fd48b3	div	x17,x26,x31	 x26:0x800385f7 x31:0x00000008 x17=0xf00070bf
       48825000	      4783	80013432	61e21a03	lh	x20,1566(x4)	  x4:0x80033874 x20=0x0000423e PA:0x80033e92 load:0x0000423e
       49195000	      4820	80013436	03eac633	div	x12,x21,x30	 x21:0x00000009 x30:0x0000000c x12=0x00000000
       49205000	      4821	8001343a	40e3d6b3	sra	x13,x7,x14	  x7:0x00000000 x14:0x00000022 x13=0x00000000
       49215000	      4822	8001343e	0001	c.addi	x0,0	  x0:0x00000000  x0=0x00000000
       49225000	      4823	80013440	401fd4b3	sra	x9,x31,x1	 x31:0x00000008  x1:0xffffffe8  x9=0x00000000
       49235000	      4824	80013444	d7722a23	sw	x23,-652(x4)	  x4:0x80033874 x23:0x80033a10 PA:0x800335e8 store:0x80033a10 load:0x00000000
       49245000	      4825	80013448	8cd1	c.or	x9,x12	  x9:0x00000000 x12:0x00000000  x9=0x00000000
       49255000	      4826	8001344a	3910aa13	slti	x20,x1,913	  x1:0xffffffe8 x20=0x00000001
       49265000	      4827	8001344e	0168c933	xor	x18,x17,x22	 x17:0xf00070bf x22:0x00000000 x18=0xf00070bf
       49275000	      4828	80013452	3b022e23	sw	x16,956(x4)	  x4:0x80033874 x16:0x000000b0 PA:0x80033c30 store:0x000000b0 load:0x00000000
       49285000	      4829	80013456	008c9033	sll	x0,x25,x8	 x25:0x00000000  x8:0x00000002  x0=0x00000000
       49295000	      4830	8001345a	8285	c.srli	x13,0x1	 x13:0x00000000 x13=0x00000000
       49305000	      4831	8001345c	81dd	c.srli	x11,0x17	 x11:0x00000027 x11=0x00000000
       49315000	      4832	8001345e	ad720f03	lb	x30,-1321(x4)	  x4:0x80033874 x30=0x00000022 PA:0x8003334b load:0x00000022
       49325000	      4833	80013462	00d4e733	or	x14,x9,x13	  x9:0x00000000 x13:0x00000000 x14=0x00000000
       49335000	      4834	80013466	01b21e23	sh	x27,28(x4)	  x4:0x80033874 x27:0x0000c000 PA:0x80033890 store:0x0000c000 load:0x00000000
       49345000	      4835	8001346a	0001	c.addi	x0,0	  x0:0x00000000  x0=0x00000000
       49355000	      4836	8001346c	6089	c.lui	x1,0x2	  x1=0x00002000
       49375000	      4838	8001346e	02365333	divu	x6,x12,x3	 x12:0x00000000  x3:0x00000000  x6=0xffffffff
       49385000	      4839	80013472	f9b20183	lb	x3,-101(x4)	  x4:0x80033874  x3=0x00000000 PA:0x8003380f load:0x00000000
       49395000	      4840	80013476	00021917	auipc	x18,0x21	 x18=0x80034476
       49405000	      4841	8001347a	81090913	addi	x18,x18,-2032	 x18:0x80034476 x18=0x80033c86
       49415000	      4842	8001347e	00021597	auipc	x11,0x21	 x11=0x8003447e
       49425000	      4843	80013482	75158593	addi	x11,x11,1873	 x11:0x8003447e x11=0x80034bcf
       49435000	      4844	80013486	f6891683	lh	x13,-152(x18)	 x18:0x80033c86 x13=0x00005715 PA:0x80033bee load:0x00005715
       49445000	      4845	8001348a	0075cc03	lbu	x24,7(x11)	 x11:0x80034bcf x24=0x00000094 PA:0x80034bd6 load:0x00000094
       49455000	      4846	8001348e	0c394083	lbu	x1,195(x18)	 x18:0x80033c86  x1=0x000000b6 PA:0x80033d49 load:0x000000b6
       49465000	      4847	80013492	f3892f23	sw	x24,-194(x18)	 x18:0x80033c86 x24:0x00000094 PA:0x80033bc4 store:0x00000094 load:0x00000000
       49475000	      4848	80013496	f0690ea3	sb	x6,-227(x18)	 x18:0x80033c86  x6:0xffffffff PA:0x80033ba3 store:0xffffffff load:0x00000000
       49485000	      4849	8001349a	01a58603	lb	x12,26(x11)	 x11:0x80034bcf x12=0x0000003e PA:0x80034be9 load:0x0000003e
       49495000	      4850	8001349e	f1194003	lbu	x0,-239(x18)	 x18:0x80033c86  x0=0x00000000 PA:0x80033b97 load:0x0000002b
       49505000	      4851	800134a2	05891303	lh	x6,88(x18)	 x18:0x80033c86  x6=0xffffb41d PA:0x80033cde load:0xffffb41d
       49515000	      4852	800134a6	fdc5c503	lbu	x10,-36(x11)	 x11:0x80034bcf x10=0x000000c8 PA:0x80034bab load:0x000000c8
       49525000	      4853	800134aa	0195a083	lw	x1,25(x11)	 x11:0x80034bcf  x1=0x8f693e03 PA:0x80034be8 load:0x8f693e03
       49535000	      4854	800134ae	04291b83	lh	x23,66(x18)	 x18:0x80033c86 x23=0x00003f84 PA:0x80033cc8 load:0x00003f84
       49545000	      4855	800134b2	05c91b03	lh	x22,92(x18)	 x18:0x80033c86 x22=0xffffbdbb PA:0x80033ce2 load:0xffffbdbb
       49555000	      4856	800134b6	03458283	lb	x5,52(x11)	 x11:0x80034bcf  x5=0x00000026 PA:0x80034c03 load:0x00000026
       49565000	      4857	800134ba	00021097	auipc	x1,0x21	  x1=0x800344ba
       49575000	      4858	800134be	31e08093	addi	x1,x1,798	  x1:0x800344ba  x1=0x800347d8
       49585000	      4859	800134c2	00f0c303	lbu	x6,15(x1)	  x1:0x800347d8  x6=0x000000ee PA:0x800347e7 load:0x000000ee
       49595000	      4860	800134c6	00f08283	lb	x5,15(x1)	  x1:0x800347d8  x5=0xffffffee PA:0x800347e7 load:0xffffffee
       49605000	      4861	800134ca	00f0cd83	lbu	x27,15(x1)	  x1:0x800347d8 x27=0x000000ee PA:0x800347e7 load:0x000000ee
       49615000	      4862	800134ce	00f0ce03	lbu	x28,15(x1)	  x1:0x800347d8 x28=0x000000ee PA:0x800347e7 load:0x000000ee
       49625000	      4863	800134d2	01a087a3	sb	x26,15(x1)	  x1:0x800347d8 x26:0x800385f7 PA:0x800347e7 store:0x800385f7 load:0x00000000
       49635000	      4864	800134d6	004087a3	sb	x4,15(x1)	  x1:0x800347d8  x4:0x80033874 PA:0x800347e7 store:0x80033874 load:0x00000000
       49645000	      4865	800134da	011087a3	sb	x17,15(x1)	  x1:0x800347d8 x17:0xf00070bf PA:0x800347e7 store:0xf00070bf load:0x00000000
       49655000	      4866	800134de	00f0c683	lbu	x13,15(x1)	  x1:0x800347d8 x13=0x000000bf PA:0x800347e7 load:0x000000bf
       49665000	      4867	800134e2	017087a3	sb	x23,15(x1)	  x1:0x800347d8 x23:0x00003f84 PA:0x800347e7 store:0x00003f84 load:0x00000000
       49675000	      4868	800134e6	00f08803	lb	x16,15(x1)	  x1:0x800347d8 x16=0xffffff84 PA:0x800347e7 load:0xffffff84
       49685000	      4869	800134ea	00f08003	lb	x0,15(x1)	  x1:0x800347d8  x0=0x00000000 PA:0x800347e7 load:0xffffff84
       49695000	      4870	800134ee	00f08d83	lb	x27,15(x1)	  x1:0x800347d8 x27=0xffffff84 PA:0x800347e7 load:0xffffff84
       49705000	      4871	800134f2	00144433	xor	x8,x8,x1	  x8:0x00000002  x1:0x800347d8  x8=0x800347da
       49715000	      4872	800134f6	00f08c83	lb	x25,15(x1)	  x1:0x800347d8 x25=0xffffff84 PA:0x800347e7 load:0xffffff84
       49725000	      4873	800134fa	016087a3	sb	x22,15(x1)	  x1:0x800347d8 x22:0xffffbdbb PA:0x800347e7 store:0xffffbdbb load:0x00000000
       49735000	      4874	800134fe	00020717	auipc	x14,0x20	 x14=0x800334fe
       49745000	      4875	80013502	b4a70713	addi	x14,x14,-1206	 x14:0x800334fe x14=0x80033048
       49755000	      4876	80013506	37f49cb7	lui	x25,0x37f49	 x25=0x37f49000
       49765000	      4877	8001350a	9766	c.add	x14,x25	 x14:0x80033048 x25:0x37f49000 x14=0xb7f7c048
       49775000	      4878	8001350c	fc0705a3	sb	x0,-53(x14)	 x14:0xb7f7c048  x0:0x00000000 PA:0xb7f7c013 store:0x00000000 load:0x00000000
       49785000	      4879	80013510	f21706a3	sb	x1,-211(x14)	 x14:0xb7f7c048  x1:0x800347d8 PA:0xb7f7bf75 store:0x800347d8 load:0x00000000
       49795000	      4880	80013514	d8271e23	sh	x2,-612(x14)	 x14:0xb7f7c048  x2:0x80048e50 PA:0xb7f7bde4 store:0x80048e50 load:0x00000000
       49805000	      4881	80013518	f8372823	sw	x3,-112(x14)	 x14:0xb7f7c048  x3:0x00000000 PA:0xb7f7bfd8 store:0x00000000 load:0x00000000
       49815000	      4882	8001351c	8a4700a3	sb	x4,-1887(x14)	 x14:0xb7f7c048  x4:0x80033874 PA:0xb7f7b8e9 store:0x80033874 load:0x00000000
       49825000	      4883	80013520	8da5	c.xor	x11,x9	 x11:0x80034bcf  x9:0x00000000 x11=0x80034bcf
       49835000	      4884	80013522	41068db3	sub	x27,x13,x16	 x13:0x000000bf x16:0xffffff84 x27=0x0000013b
       49845000	      4885	80013526	a3155eb7	lui	x29,0xa3155	 x29=0xa3155000
       49855000	      4886	8001352a	fcb74883	lbu	x17,-53(x14)	 x14:0xb7f7c048 x17=0x00000000 PA:0xb7f7c013 load:0x00000000
       49865000	      4887	8001352e	f2d74003	lbu	x0,-211(x14)	 x14:0xb7f7c048  x0=0x00000000 PA:0xb7f7bf75 load:0x000000d8
       49875000	      4888	80013532	d5ee7d37	lui	x26,0xd5ee7	 x26=0xd5ee7000
       49885000	      4889	80013536	d9c71483	lh	x9,-612(x14)	 x14:0xb7f7c048  x9=0xffff8e50 PA:0xb7f7bde4 load:0xffff8e50
       49895000	      4890	8001353a	f9072303	lw	x6,-112(x14)	 x14:0xb7f7c048  x6=0x00000000 PA:0xb7f7bfd8 load:0x00000000
       49905000	      4891	8001353e	0001	c.addi	x0,0	  x0:0x00000000  x0=0x00000000
       49915000	      4892	80013540	8c29	c.xor	x8,x10	  x8:0x800347da x10:0x000000c8  x8=0x80034712
       49925000	      4893	80013542	017f08b3	add	x17,x30,x23	 x30:0x00000022 x23:0x00003f84 x17=0x00003fa6
       50295000	      4930	80013546	03eaf5b3	remu	x11,x21,x30	 x21:0x00000009 x30:0x00000022 x11=0x00000009
       50305000	      4931	8001354a	8a170683	lb	x13,-1887(x14)	 x14:0xb7f7c048 x13=0x00000074 PA:0xb7f7b8e9 load:0x00000074
       50315000	      4932	8001354e	bab700a3	sb	x11,-1119(x14)	 x14:0xb7f7c048 x11:0x00000009 PA:0xb7f7bbe9 store:0x00000009 load:0x00000000
       50325000	      4933	80013552	00020617	auipc	x12,0x20	 x12=0x80033552
       50335000	      4934	80013556	af660613	addi	x12,x12,-1290	 x12:0x80033552 x12=0x80033048
       50345000	      4935	8001355a	04f2be37	lui	x28,0x4f2b	 x28=0x04f2b000
       50355000	      4936	8001355e	9672	c.add	x12,x28	 x12:0x80033048 x28:0x04f2b000 x12=0x84f5e048
       50365000	      4937	80013560	92060523	sb	x0,-1750(x12)	 x12:0x84f5e048  x0:0x00000000 PA:0x84f5d972 store:0x00000000 load:0x00000000
       50375000	      4938	80013564	8a160523	sb	x1,-1878(x12)	 x12:0x84f5e048  x1:0x800347d8 PA:0x84f5d8f2 store:0x800347d8 load:0x00000000
       50385000	      4939	80013568	54360c23	sb	x3,1368(x12)	 x12:0x84f5e048  x3:0x00000000 PA:0x84f5e5a0 store:0x00000000 load:0x00000000
       50395000	      4940	8001356c	ce4600a3	sb	x4,-799(x12)	 x12:0x84f5e048  x4:0x80033874 PA:0x84f5dd29 store:0x80033874 load:0x00000000
       50405000	      4941	80013570	84560423	sb	x5,-1976(x12)	 x12:0x84f5e048  x5:0xffffffee PA:0x84f5d890 store:0xffffffee load:0x00000000
       50415000	      4942	80013574	e67d3f13	sltiu	x30,x26,-409	 x26:0xd5ee7000 x30=0x00000001
       50425000	      4943	80013578	0001	c.addi	x0,0	  x0:0x00000000  x0=0x00000000
       50435000	      4944	8001357a	92a64d03	lbu	x26,-1750(x12)	 x12:0x84f5e048 x26=0x00000000 PA:0x84f5d972 load:0x00000000
       50445000	      4945	8001357e	0018dd13	srli	x26,x17,0x1	 x17:0x00003fa6 x26=0x00001fd3
       50455000	      4946	80013582	41038333	sub	x6,x7,x16	  x7:0x00000000 x16:0xffffff84  x6=0x0000007c
       50465000	      4947	80013586	8aa64883	lbu	x17,-1878(x12)	 x12:0x84f5e048 x17=0x000000d8 PA:0x84f5d8f2 load:0x000000d8
       50475000	      4948	8001358a	a7960723	sb	x25,-1426(x12)	 x12:0x84f5e048 x25:0x37f49000 PA:0x84f5dab6 store:0x37f49000 load:0x00000000
       50515000	      4952	8001358e	03f71db3	mulh	x27,x14,x31	 x14:0xb7f7c048 x31:0x00000008 x27=0xfffffffd
       50525000	      4953	80013592	0001	c.addi	x0,0	  x0:0x00000000  x0=0x00000000
       50535000	      4954	80013594	8ed1	c.or	x13,x12	 x13:0x00000074 x12:0x84f5e048 x13=0x84f5e07c
       50545000	      4955	80013596	00c014b3	sll	x9,x0,x12	  x0:0x00000000 x12:0x84f5e048  x9=0x00000000
       50555000	      4956	8001359a	55864c03	lbu	x24,1368(x12)	 x12:0x84f5e048 x24=0x00000000 PA:0x84f5e5a0 load:0x00000000
       50565000	      4957	8001359e	ce164803	lbu	x16,-799(x12)	 x12:0x84f5e048 x16=0x00000074 PA:0x84f5dd29 load:0x00000074
       50575000	      4958	800135a2	84860e03	lb	x28,-1976(x12)	 x12:0x84f5e048 x28=0xffffffee PA:0x84f5d890 load:0xffffffee
       50585000	      4959	800135a6	00023197	auipc	x3,0x23	  x3=0x800365a6
       50595000	      4960	800135aa	6aa18193	addi	x3,x3,1706	  x3:0x800365a6  x3=0x80036c50
       50605000	      4961	800135ae	4b219123	sh	x18,1186(x3)	  x3:0x80036c50 x18:0x80033c86 PA:0x800370f2 store:0x80033c86 load:0x00000000
       50615000	      4962	800135b2	00020b97	auipc	x23,0x20	 x23=0x800335b2
       50625000	      4963	800135b6	e55b8b93	addi	x23,x23,-427	 x23:0x800335b2 x23=0x80033407
       50635000	      4964	800135ba	02fb8723	sb	x15,46(x23)	 x23:0x80033407 x15:0x8004cce4 PA:0x80033435 store:0x8004cce4 load:0x00000000
       50645000	      4965	800135be	aa4185a3	sb	x4,-1365(x3)	  x3:0x80036c50  x4:0x80033874 PA:0x800366fb store:0x80033874 load:0x00000000
       50655000	      4966	800135c2	e161ca03	lbu	x20,-490(x3)	  x3:0x80036c50 x20=0x000000d5 PA:0x80036a66 load:0x000000d5
       50665000	      4967	800135c6	57218d03	lb	x26,1394(x3)	  x3:0x80036c50 x26=0x00000025 PA:0x800371c2 load:0x00000025
       50685000	      4969	800135ca	0bab94a3	sh	x26,169(x23)	 x23:0x80033407 x26:0x00000025 PA:0x800334b0 store:0x00000025 load:0x00000000
       50695000	      4970	800135ce	f18b8583	lb	x11,-232(x23)	 x23:0x80033407 x11=0x00000005 PA:0x8003331f load:0x00000005
       50705000	      4971	800135d2	21e19c03	lh	x24,542(x3)	  x3:0x80036c50 x24=0x000020d1 PA:0x80036e6e load:0x000020d1
       50715000	      4972	800135d6	e92186a3	sb	x18,-371(x3)	  x3:0x80036c50 x18:0x80033c86 PA:0x80036add store:0x80033c86 load:0x00000000
       50725000	      4973	800135da	fcdb90a3	sh	x13,-63(x23)	 x23:0x80033407 x13:0x84f5e07c PA:0x800333c8 store:0x84f5e07c load:0x00000000
       50735000	      4974	800135de	bed19323	sh	x13,-1050(x3)	  x3:0x80036c50 x13:0x84f5e07c PA:0x80036836 store:0x84f5e07c load:0x00000000
       50745000	      4975	800135e2	0dcbcb03	lbu	x22,220(x23)	 x23:0x80033407 x22=0x000000a1 PA:0x800334e3 load:0x000000a1
       50755000	      4976	800135e6	031bc903	lbu	x18,49(x23)	 x23:0x80033407 x18=0x000000d4 PA:0x80033438 load:0x000000d4
       50765000	      4977	800135ea	14118083	lb	x1,321(x3)	  x3:0x80036c50  x1=0x0000000d PA:0x80036d91 load:0x0000000d
       50775000	      4978	800135ee	070b8303	lb	x6,112(x23)	 x23:0x80033407  x6=0xffffffb7 PA:0x80033477 load:0xffffffb7
       50785000	      4979	800135f2	5b819003	lh	x0,1464(x3)	  x3:0x80036c50  x0=0x00000000 PA:0x80037208 load:0xffffef2b
       50795000	      4980	800135f6	002bcc03	lbu	x24,2(x23)	 x23:0x80033407 x24=0x000000b5 PA:0x80033409 load:0x000000b5
       50805000	      4981	800135fa	1a61d403	lhu	x8,422(x3)	  x3:0x80036c50  x8=0x0000b66d PA:0x80036df6 load:0x0000b66d
       50815000	      4982	800135fe	00029b17	auipc	x22,0x29	 x22=0x8003c5fe
       50825000	      4983	80013602	bb9b0b13	addi	x22,x22,-1095	 x22:0x8003c5fe x22=0x8003c1b7
       51195000	      5020	80013606	0282f9b3	remu	x19,x5,x8	  x5:0xffffffee  x8:0x0000b66d x19=0x0000401b
       51205000	      5021	8001360a	81ed	c.srli	x11,0x1b	 x11:0x00000005 x11=0x00000000
       51215000	      5022	8001360c	fe2b0383	lb	x7,-30(x22)	 x22:0x8003c1b7  x7=0xfffffffa PA:0x8003c199 load:0xfffffffa
       51255000	      5026	80013610	039e95b3	mulh	x11,x29,x25	 x29:0xa3155000 x25:0x37f49000 x11=0xebb0d03c
       51265000	      5027	80013614	87c03f93	sltiu	x31,x0,-1924	  x0:0x00000000 x31=0x00000001
       51275000	      5028	80013618	fc1b0923	sb	x1,-46(x22)	 x22:0x8003c1b7  x1:0x0000000d PA:0x8003c189 store:0x0000000d load:0x00000000
       51285000	      5029	8001361c	2c5e3197	auipc	x3,0x2c5e3	  x3=0xac5f661c
       51295000	      5030	80013620	014b4c03	lbu	x24,20(x22)	 x22:0x8003c1b7 x24=0x0000008e PA:0x8003c1cb load:0x0000008e
       51305000	      5031	80013624	03db00a3	sb	x29,33(x22)	 x22:0x8003c1b7 x29:0xa3155000 PA:0x8003c1d8 store:0xa3155000 load:0x00000000
       51315000	      5032	80013628	018b0323	sb	x24,6(x22)	 x22:0x8003c1b7 x24:0x0000008e PA:0x8003c1bd store:0x0000008e load:0x00000000
       51325000	      5033	8001362c	8c09	c.sub	x8,x10	  x8:0x0000b66d x10:0x000000c8  x8=0x0000b5a5
       51335000	      5034	8001362e	002b0f83	lb	x31,2(x22)	 x22:0x8003c1b7 x31=0x00000046 PA:0x8003c1b9 load:0x00000046
       51345000	      5035	80013632	01ab4383	lbu	x7,26(x22)	 x22:0x8003c1b7  x7=0x00000080 PA:0x8003c1d1 load:0x00000080
       51355000	      5036	80013636	03ab4203	lbu	x4,58(x22)	 x22:0x8003c1b7  x4=0x000000ae PA:0x8003c1f1 load:0x000000ae
       51365000	      5037	8001363a	ffab0d03	lb	x26,-6(x22)	 x22:0x8003c1b7 x26=0x00000024 PA:0x8003c1b1 load:0x00000024
       51375000	      5038	8001363e	fefb0523	sb	x15,-22(x22)	 x22:0x8003c1b7 x15:0x8004cce4 PA:0x8003c1a1 store:0x8004cce4 load:0x00000000
       51385000	      5039	80013642	8e75	c.and	x12,x13	 x12:0x84f5e048 x13:0x84f5e07c x12=0x84f5e048
       51395000	      5040	80013644	8632	c.mv	x12,x12	  x0:0x00000000 x12:0x84f5e048 x12=0x84f5e048
       51405000	      5041	80013646	802d	c.srli	x8,0xb	  x8:0x0000b5a5  x8=0x00000016
       51435000	      5044	80013648	031d00b3	mul	x1,x26,x17	 x26:0x00000024 x17:0x000000d8  x1=0x00001e60
       51445000	      5045	8001364c	fc6b05a3	sb	x6,-53(x22)	 x22:0x8003c1b7  x6:0xffffffb7 PA:0x8003c182 store:0xffffffb7 load:0x00000000
       51455000	      5046	80013650	fd2b4e83	lbu	x29,-46(x22)	 x22:0x8003c1b7 x29=0x0000000d PA:0x8003c189 load:0x0000000d
       51465000	      5047	80013654	0061e933	or	x18,x3,x6	  x3:0xac5f661c  x6:0xffffffb7 x18=0xffffffbf
       51475000	      5048	80013658	41a7d633	sra	x12,x15,x26	 x15:0x8004cce4 x26:0x00000024 x12=0xf8004cce
       51485000	      5049	8001365c	021b1da3	sh	x1,59(x22)	 x22:0x8003c1b7  x1:0x00001e60 PA:0x8003c1f2 store:0x00001e60 load:0x00000000
       51495000	      5050	80013660	9cf10013	addi	x0,x2,-1585	  x2:0x80048e50  x0=0x00000000
       51865000	      5087	80013664	036efbb3	remu	x23,x29,x22	 x29:0x0000000d x22:0x8003c1b7 x23=0x0000000d
       51875000	      5088	80013668	1f7d	c.addi	x30,-1	 x30:0x00000001 x30=0x00000000
       51885000	      5089	8001366a	0089edb3	or	x27,x19,x8	 x19:0x0000401b  x8:0x00000016 x27=0x0000401f
       51895000	      5090	8001366e	feab0203	lb	x4,-22(x22)	 x22:0x8003c1b7  x4=0xffffffe4 PA:0x8003c1a1 load:0xffffffe4
       51905000	      5091	80013672	010e0433	add	x8,x28,x16	 x28:0xffffffee x16:0x00000074  x8=0x00000062
       51915000	      5092	80013676	036a	c.slli	x6,0x1a	  x6:0xffffffb7  x6=0xdc000000
       51925000	      5093	80013678	039b03a3	sb	x25,39(x22)	 x22:0x8003c1b7 x25:0x37f49000 PA:0x8003c1de store:0x37f49000 load:0x00000000
       51935000	      5094	8001367c	5f7d	c.li	x30,-1	 x30=0xffffffff
       51945000	      5095	8001367e	01b2c0b3	xor	x1,x5,x27	  x5:0xffffffee x27:0x0000401f  x1=0xffffbff1
       51955000	      5096	80013682	0001	c.addi	x0,0	  x0:0x00000000  x0=0x00000000
       51965000	      5097	80013684	020b4283	lbu	x5,32(x22)	 x22:0x8003c1b7  x5=0x0000007b PA:0x8003c1d7 load:0x0000007b
       51975000	      5098	80013688	fe3b0323	sb	x3,-26(x22)	 x22:0x8003c1b7  x3:0xac5f661c PA:0x8003c19d store:0xac5f661c load:0x00000000
       51985000	      5099	8001368c	192ba393	slti	x7,x23,402	 x23:0x0000000d  x7=0x00000001
       51995000	      5100	80013690	8d59	c.or	x10,x14	 x10:0x000000c8 x14:0xb7f7c048 x10=0xb7f7c0c8
       52005000	      5101	80013692	8d5d	c.or	x10,x15	 x10:0xb7f7c0c8 x15:0x8004cce4 x10=0xb7f7ccec
       52015000	      5102	80013694	fc6b0683	lb	x13,-58(x22)	 x22:0x8003c1b7 x13=0x00000021 PA:0x8003c17d load:0x00000021
       52025000	      5103	80013698	9f837593	andi	x11,x6,-1544	  x6:0xdc000000 x11=0xdc000000
       52035000	      5104	8001369c	0188de93	srli	x29,x17,0x18	 x17:0x000000d8 x29=0x00000000
       52045000	      5105	800136a0	41f95013	srai	x0,x18,0x1f	 x18:0xffffffbf  x0=0x00000000
       52055000	      5106	800136a4	0ff0000f	fence	iorw,iorw	
       52065000	      5107	800136a8	03ab4e83	lbu	x29,58(x22)	 x22:0x8003c1b7 x29=0x000000ae PA:0x8003c1f1 load:0x000000ae
       52075000	      5108	800136ac	034b0383	lb	x7,52(x22)	 x22:0x8003c1b7  x7=0x00000040 PA:0x8003c1eb load:0x00000040
       52085000	      5109	800136b0	010b24a3	sw	x16,9(x22)	 x22:0x8003c1b7 x16:0x00000074 PA:0x8003c1c0 store:0x00000074 load:0x00000000
       52095000	      5110	800136b4	00024d97	auipc	x27,0x24	 x27=0x800376b4
       52105000	      5111	800136b8	6acd8d93	addi	x27,x27,1708	 x27:0x800376b4 x27=0x80037d60
       52115000	      5112	800136bc	fedda423	sw	x13,-24(x27)	 x27:0x80037d60 x13:0x00000021 PA:0x80037d48 store:0x00000021 load:0x00000000
       52125000	      5113	800136c0	023d8ca3	sb	x3,57(x27)	 x27:0x80037d60  x3:0xac5f661c PA:0x80037d99 store:0xac5f661c load:0x00000000
       52135000	      5114	800136c4	fe4dd283	lhu	x5,-28(x27)	 x27:0x80037d60  x5=0x00003696 PA:0x80037d44 load:0x00003696
       52145000	      5115	800136c8	8cc1	c.or	x9,x8	  x9:0x00000000  x8:0x00000062  x9=0x00000062
       52185000	      5119	800136ca	024ea3b3	mulhsu	x7,x29,x4	 x29:0x000000ae  x4:0xffffffe4  x7=0x000000ad
       52195000	      5120	800136ce	608e6a37	lui	x20,0x608e6	 x20=0x608e6000
       52205000	      5121	800136d2	01ddc683	lbu	x13,29(x27)	 x27:0x80037d60 x13=0x000000b7 PA:0x80037d7d load:0x000000b7
       52215000	      5122	800136d6	fdbd8ca3	sb	x27,-39(x27)	 x27:0x80037d60 x27:0x80037d60 PA:0x80037d39 store:0x80037d60 load:0x00000000
       52225000	      5123	800136da	dd533913	sltiu	x18,x6,-555	  x6:0xdc000000 x18=0x00000001
       52235000	      5124	800136de	944a	c.add	x8,x18	  x8:0x00000062 x18:0x00000001  x8=0x00000063
       52605000	      5161	800136e0	037ff433	remu	x8,x31,x23	 x31:0x00000046 x23:0x0000000d  x8=0x00000005
       52975000	      5198	800136e4	03a36033	rem	x0,x6,x26	  x6:0xdc000000 x26:0x00000024  x0=0x00000000
       52985000	      5199	800136e8	fd2dc703	lbu	x14,-46(x27)	 x27:0x80037d60 x14=0x00000011 PA:0x80037d32 load:0x00000011
       52995000	      5200	800136ec	fd2dd203	lhu	x4,-46(x27)	 x27:0x80037d60  x4=0x00005011 PA:0x80037d32 load:0x00005011
       53005000	      5201	800136f0	005769b3	or	x19,x14,x5	 x14:0x00000011  x5:0x00003696 x19=0x00003697
       53015000	      5202	800136f4	05cd8023	sb	x28,64(x27)	 x27:0x80037d60 x28:0xffffffee PA:0x80037da0 store:0xffffffee load:0x00000000
       53025000	      5203	800136f8	fecda083	lw	x1,-20(x27)	 x27:0x80037d60  x1=0xf493fe48 PA:0x80037d4c load:0xf493fe48
       53035000	      5204	800136fc	012d82a3	sb	x18,5(x27)	 x27:0x80037d60 x18:0x00000001 PA:0x80037d65 store:0x00000001 load:0x00000000
       53045000	      5205	80013700	41dbcd13	xori	x26,x23,1053	 x23:0x0000000d x26=0x00000410
       53055000	      5206	80013704	001d8d03	lb	x26,1(x27)	 x27:0x80037d60 x26=0xfffffff1 PA:0x80037d61 load:0xfffffff1
       53065000	      5207	80013708	033dc483	lbu	x9,51(x27)	 x27:0x80037d60  x9=0x0000001b PA:0x80037d93 load:0x0000001b
       53075000	      5208	8001370c	fe7d8ea3	sb	x7,-3(x27)	 x27:0x80037d60  x7:0x000000ad PA:0x80037d5d store:0x000000ad load:0x00000000
       53085000	      5209	80013710	fc7dcc83	lbu	x25,-57(x27)	 x27:0x80037d60 x25=0x00000042 PA:0x80037d27 load:0x00000042
       53105000	      5211	80013714	00fce6b3	or	x13,x25,x15	 x25:0x00000042 x15:0x8004cce4 x13=0x8004cce6
       53115000	      5212	80013718	fccdc503	lbu	x10,-52(x27)	 x27:0x80037d60 x10=0x00000063 PA:0x80037d2c load:0x00000063
       53125000	      5213	8001371c	fd9d8683	lb	x13,-39(x27)	 x27:0x80037d60 x13=0x00000060 PA:0x80037d39 load:0x00000060
       53135000	      5214	80013720	0000100f	fence.i	
       53155000	      5216	80013724	0d1a	c.slli	x26,0x6	 x26:0xfffffff1 x26=0xfffffc40
       53525000	      5253	80013726	026b42b3	div	x5,x22,x6	 x22:0x8003c1b7  x6:0xdc000000  x5=0x00000003
       53535000	      5254	8001372a	ff3d8703	lb	x14,-13(x27)	 x27:0x80037d60 x14=0xffffffcd PA:0x80037d53 load:0xffffffcd
       53545000	      5255	8001372e	ff3dc503	lbu	x10,-13(x27)	 x27:0x80037d60 x10=0x000000cd PA:0x80037d53 load:0x000000cd
       53555000	      5256	80013732	00020e17	auipc	x28,0x20	 x28=0x80033732
       53565000	      5257	80013736	c34e0e13	addi	x28,x28,-972	 x28:0x80033732 x28=0x80033366
       53575000	      5258	8001373a	727e0c83	lb	x25,1831(x28)	 x28:0x80033366 x25=0x0000003a PA:0x80033a8d load:0x0000003a
       53585000	      5259	8001373e	68ee1e83	lh	x29,1678(x28)	 x28:0x80033366 x29=0x0000004f PA:0x800339f4 load:0x0000004f
       53595000	      5260	80013742	69be0723	sb	x27,1678(x28)	 x28:0x80033366 x27:0x80037d60 PA:0x800339f4 store:0x80037d60 load:0x00000000
       53605000	      5261	80013746	68ee1203	lh	x4,1678(x28)	 x28:0x80033366  x4=0x00000060 PA:0x800339f4 load:0x00000060
       53615000	      5262	8001374a	68ee4683	lbu	x13,1678(x28)	 x28:0x80033366 x13=0x00000060 PA:0x800339f4 load:0x00000060
       53625000	      5263	8001374e	68ee5503	lhu	x10,1678(x28)	 x28:0x80033366 x10=0x00000060 PA:0x800339f4 load:0x00000060
       53635000	      5264	80013752	431e0003	lb	x0,1073(x28)	 x28:0x80033366  x0=0x00000000 PA:0x80033797 load:0xffffffa3
       53645000	      5265	80013756	417289b3	sub	x19,x5,x23	  x5:0x00000003 x23:0x0000000d x19=0xfffffff6
       53655000	      5266	8001375a	14ee1603	lh	x12,334(x28)	 x28:0x80033366 x12=0x0000614d PA:0x800334b4 load:0x0000614d
       53665000	      5267	8001375e	66ae03a3	sb	x10,1639(x28)	 x28:0x80033366 x10:0x00000060 PA:0x800339cd store:0x00000060 load:0x00000000
       53675000	      5268	80013762	f3ce0223	sb	x28,-220(x28)	 x28:0x80033366 x28:0x80033366 PA:0x8003328a store:0x80033366 load:0x00000000
       53685000	      5269	80013766	f24e5903	lhu	x18,-220(x28)	 x28:0x80033366 x18=0x00002966 PA:0x8003328a load:0x00002966
       53695000	      5270	8001376a	f24e1083	lh	x1,-220(x28)	 x28:0x80033366  x1=0x00002966 PA:0x8003328a load:0x00002966
       53705000	      5271	8001376e	602e05a3	sb	x2,1547(x28)	 x28:0x80033366  x2:0x80048e50 PA:0x80033971 store:0x80048e50 load:0x00000000
       53715000	      5272	80013772	60be4703	lbu	x14,1547(x28)	 x28:0x80033366 x14=0x00000050 PA:0x80033971 load:0x00000050
       53725000	      5273	80013776	60be0c83	lb	x25,1547(x28)	 x28:0x80033366 x25=0x00000050 PA:0x80033971 load:0x00000050
       53735000	      5274	8001377a	0cae5a03	lhu	x20,202(x28)	 x28:0x80033366 x20=0x00000009 PA:0x80033430 load:0x00000009
       53745000	      5275	8001377e	462e2303	lw	x6,1122(x28)	 x28:0x80033366  x6=0x80048e50 PA:0x800337c8 load:0x80048e50
       53755000	      5276	80013782	462e4d03	lbu	x26,1122(x28)	 x28:0x80033366 x26=0x00000050 PA:0x800337c8 load:0x00000050
       53765000	      5277	80013786	462e4c03	lbu	x24,1122(x28)	 x28:0x80033366 x24=0x00000050 PA:0x800337c8 load:0x00000050
       53775000	      5278	8001378a	00021f17	auipc	x30,0x21	 x30=0x8003478a
       53785000	      5279	8001378e	8bef0f13	addi	x30,x30,-1858	 x30:0x8003478a x30=0x80034048
       53795000	      5280	80013792	73692a37	lui	x20,0x73692	 x20=0x73692000
       53805000	      5281	80013796	9f52	c.add	x30,x20	 x30:0x80034048 x20:0x73692000 x30=0xf36c6048
       53815000	      5282	80013798	f60f1923	sh	x0,-142(x30)	 x30:0xf36c6048  x0:0x00000000 PA:0xf36c5fba store:0x00000000 load:0x00000000
       53825000	      5283	8001379c	702f0fa3	sb	x2,1823(x30)	 x30:0xf36c6048  x2:0x80048e50 PA:0xf36c6767 store:0x80048e50 load:0x00000000
       53835000	      5284	800137a0	6a3f01a3	sb	x3,1699(x30)	 x30:0xf36c6048  x3:0xac5f661c PA:0xf36c66eb store:0xac5f661c load:0x00000000
       53845000	      5285	800137a4	344f0123	sb	x4,834(x30)	 x30:0xf36c6048  x4:0x00000060 PA:0xf36c638a store:0x00000060 load:0x00000000
       53855000	      5286	800137a8	545f00a3	sb	x5,1345(x30)	 x30:0xf36c6048  x5:0x00000003 PA:0xf36c6589 store:0x00000003 load:0x00000000
       53865000	      5287	800137ac	be6f0423	sb	x6,-1048(x30)	 x30:0xf36c6048  x6:0x80048e50 PA:0xf36c5c30 store:0x80048e50 load:0x00000000
       53875000	      5288	800137b0	fe7f1c23	sh	x7,-8(x30)	 x30:0xf36c6048  x7:0x000000ad PA:0xf36c6040 store:0x000000ad load:0x00000000
       53885000	      5289	800137b4	a28f00a3	sb	x8,-1503(x30)	 x30:0xf36c6048  x8:0x00000005 PA:0xf36c5a69 store:0x00000005 load:0x00000000
       53895000	      5290	800137b8	0001	c.addi	x0,0	  x0:0x00000000  x0=0x00000000
       53905000	      5291	800137ba	1efd	c.addi	x29,-1	 x29:0x0000004f x29=0x0000004e
       53915000	      5292	800137bc	f72f5683	lhu	x13,-142(x30)	 x30:0xf36c6048 x13=0x00000000 PA:0xf36c5fba load:0x00000000
       53925000	      5293	800137c0	68bf2023	sw	x11,1664(x30)	 x30:0xf36c6048 x11:0xdc000000 PA:0xf36c66c8 store:0xdc000000 load:0x00000000
       53955000	      5296	800137c4	02dd0c33	mul	x24,x26,x13	 x26:0x00000050 x13:0x00000000 x24=0x00000000
       53965000	      5297	800137c8	01911493	slli	x9,x2,0x19	  x2:0x80048e50  x9=0xa0000000
       53975000	      5298	800137cc	71ff4403	lbu	x8,1823(x30)	 x30:0xf36c6048  x8=0x00000050 PA:0xf36c6767 load:0x00000050
       53985000	      5299	800137d0	6a3f4e03	lbu	x28,1699(x30)	 x30:0xf36c6048 x28=0x0000001c PA:0xf36c66eb load:0x0000001c
       53995000	      5300	800137d4	1069c393	xori	x7,x19,262	 x19:0xfffffff6  x7=0xfffffef0
       54005000	      5301	800137d8	342f0683	lb	x13,834(x30)	 x30:0xf36c6048 x13=0x00000060 PA:0xf36c638a load:0x00000060
       54015000	      5302	800137dc	541f4903	lbu	x18,1345(x30)	 x30:0xf36c6048 x18=0x00000003 PA:0xf36c6589 load:0x00000003
       54025000	      5303	800137e0	be8f4583	lbu	x11,-1048(x30)	 x30:0xf36c6048 x11=0x00000050 PA:0xf36c5c30 load:0x00000050
       54035000	      5304	800137e4	ff8f1883	lh	x17,-8(x30)	 x30:0xf36c6048 x17=0x000000ad PA:0xf36c6040 load:0x000000ad
       54045000	      5305	800137e8	faa44a37	lui	x20,0xfaa44	 x20=0xfaa44000
       54055000	      5306	800137ec	410a5293	srai	x5,x20,0x10	 x20:0xfaa44000  x5=0xfffffaa4
       54065000	      5307	800137f0	00ba8733	add	x14,x21,x11	 x21:0x00000009 x11:0x00000050 x14=0x00000059
       54075000	      5308	800137f4	0b8a	c.slli	x23,0x2	 x23:0x0000000d x23=0x00000034
       54085000	      5309	800137f6	a21f0b83	lb	x23,-1503(x30)	 x30:0xf36c6048 x23=0x00000005 PA:0xf36c5a69 load:0x00000005
       54095000	      5310	800137fa	00021517	auipc	x10,0x21	 x10=0x800347fa
       54105000	      5311	800137fe	84e50513	addi	x10,x10,-1970	 x10:0x800347fa x10=0x80034048
       54115000	      5312	80013802	75070cb7	lui	x25,0x75070	 x25=0x75070000
       54125000	      5313	80013806	9566	c.add	x10,x25	 x10:0x80034048 x25:0x75070000 x10=0xf50a4048
       54135000	      5314	80013808	48050323	sb	x0,1158(x10)	 x10:0xf50a4048  x0:0x00000000 PA:0xf50a44ce store:0x00000000 load:0x00000000
       54145000	      5315	8001380c	be151723	sh	x1,-1042(x10)	 x10:0xf50a4048  x1:0x00002966 PA:0xf50a3c36 store:0x00002966 load:0x00000000
       54155000	      5316	80013810	ac2501a3	sb	x2,-1341(x10)	 x10:0xf50a4048  x2:0x80048e50 PA:0xf50a3b0b store:0x80048e50 load:0x00000000
       54165000	      5317	80013814	16351e23	sh	x3,380(x10)	 x10:0xf50a4048  x3:0xac5f661c PA:0xf50a41c4 store:0xac5f661c load:0x00000000
       54175000	      5318	80013818	a24503a3	sb	x4,-1497(x10)	 x10:0xf50a4048  x4:0x00000060 PA:0xf50a3a6f store:0x00000060 load:0x00000000
       54185000	      5319	8001381c	02550523	sb	x5,42(x10)	 x10:0xf50a4048  x5:0xfffffaa4 PA:0xf50a4072 store:0xfffffaa4 load:0x00000000
       54195000	      5320	80013820	cc750da3	sb	x7,-805(x10)	 x10:0xf50a4048  x7:0xfffffef0 PA:0xf50a3d23 store:0xfffffef0 load:0x00000000
       54205000	      5321	80013824	00850aa3	sb	x8,21(x10)	 x10:0xf50a4048  x8:0x00000050 PA:0xf50a405d store:0x00000050 load:0x00000000
       54215000	      5322	80013828	48650203	lb	x4,1158(x10)	 x10:0xf50a4048  x4=0x00000000 PA:0xf50a44ce load:0x00000000
       54225000	      5323	8001382c	bee55383	lhu	x7,-1042(x10)	 x10:0xf50a4048  x7=0x00002966 PA:0xf50a3c36 load:0x00002966
       54235000	      5324	80013830	0ff0000f	fence	iorw,iorw	
       54275000	      5328	80013834	039f2633	mulhsu	x12,x30,x25	 x30:0xf36c6048 x25:0x75070000 x12=0xfa402ff7
       54285000	      5329	80013838	00749893	slli	x17,x9,0x7	  x9:0xa0000000 x17=0x00000000
       54295000	      5330	8001383c	41b60833	sub	x16,x12,x27	 x12:0xfa402ff7 x27:0x80037d60 x16=0x7a3cb297
       54305000	      5331	80013840	00aafd33	and	x26,x21,x10	 x21:0x00000009 x10:0xf50a4048 x26=0x00000008
       54315000	      5332	80013844	c934ac93	slti	x25,x9,-877	  x9:0xa0000000 x25=0x00000001
       54325000	      5333	80013848	ac354203	lbu	x4,-1341(x10)	 x10:0xf50a4048  x4=0x00000050 PA:0xf50a3b0b load:0x00000050
       54335000	      5334	8001384c	4057d893	srai	x17,x15,0x5	 x15:0x8004cce4 x17=0xfc002667
       54345000	      5335	80013850	99fd	c.andi	x11,-1	 x11:0x00000050 x11=0x00000050
       54355000	      5336	80013852	17c51e03	lh	x28,380(x10)	 x10:0xf50a4048 x28=0x0000661c PA:0xf50a41c4 load:0x0000661c
       54365000	      5337	80013856	a2750883	lb	x17,-1497(x10)	 x10:0xf50a4048 x17=0x00000060 PA:0xf50a3a6f load:0x00000060
       54375000	      5338	8001385a	02a54e83	lbu	x29,42(x10)	 x10:0xf50a4048 x29=0x000000a4 PA:0xf50a4072 load:0x000000a4
       54385000	      5339	8001385e	587d	c.li	x16,-1	 x16=0xffffffff
       54395000	      5340	80013860	f2b50ea3	sb	x11,-195(x10)	 x10:0xf50a4048 x11:0x00000050 PA:0xf50a3f85 store:0x00000050 load:0x00000000
       54405000	      5341	80013864	cdb54d03	lbu	x26,-805(x10)	 x10:0xf50a4048 x26=0x000000f0 PA:0xf50a3d23 load:0x000000f0
       54415000	      5342	80013868	9afd	c.andi	x13,-1	 x13:0x00000060 x13=0x00000060
       54425000	      5343	8001386a	01550f83	lb	x31,21(x10)	 x10:0xf50a4048 x31=0x00000050 PA:0xf50a405d load:0x00000050
       54435000	      5344	8001386e	00020517	auipc	x10,0x20	 x10=0x8003386e
       54445000	      5345	80013872	7da50513	addi	x10,x10,2010	 x10:0x8003386e x10=0x80034048
       54455000	      5346	80013876	69b24e37	lui	x28,0x69b24	 x28=0x69b24000
       54465000	      5347	8001387a	9572	c.add	x10,x28	 x10:0x80034048 x28:0x69b24000 x10=0xe9b58048
       54475000	      5348	8001387c	12050da3	sb	x0,315(x10)	 x10:0xe9b58048  x0:0x00000000 PA:0xe9b58183 store:0x00000000 load:0x00000000
       54485000	      5349	80013880	c41504a3	sb	x1,-951(x10)	 x10:0xe9b58048  x1:0x00002966 PA:0xe9b57c91 store:0x00002966 load:0x00000000
       54495000	      5350	80013884	1c250da3	sb	x2,475(x10)	 x10:0xe9b58048  x2:0x80048e50 PA:0xe9b58223 store:0x80048e50 load:0x00000000
       54505000	      5351	80013888	76450fa3	sb	x4,1919(x10)	 x10:0xe9b58048  x4:0x00000050 PA:0xe9b587c7 store:0x00000050 load:0x00000000
       54515000	      5352	8001388c	14550623	sb	x5,332(x10)	 x10:0xe9b58048  x5:0xfffffaa4 PA:0xe9b58194 store:0xfffffaa4 load:0x00000000
       54525000	      5353	80013890	ae650023	sb	x6,-1312(x10)	 x10:0xe9b58048  x6:0x80048e50 PA:0xe9b57b28 store:0x80048e50 load:0x00000000
       54535000	      5354	80013894	13b50483	lb	x9,315(x10)	 x10:0xe9b58048  x9=0x00000000 PA:0xe9b58183 load:0x00000000
       54545000	      5355	80013898	c4954903	lbu	x18,-951(x10)	 x10:0xe9b58048 x18=0x00000066 PA:0xe9b57c91 load:0x00000066
       54555000	      5356	8001389c	0001	c.addi	x0,0	  x0:0x00000000  x0=0x00000000
       54565000	      5357	8001389e	1db50d03	lb	x26,475(x10)	 x10:0xe9b58048 x26=0x00000050 PA:0xe9b58223 load:0x00000050
       54575000	      5358	800138a2	015eeeb3	or	x29,x29,x21	 x29:0x000000a4 x21:0x00000009 x29=0x000000ad
       54585000	      5359	800138a6	112503a3	sb	x18,263(x10)	 x10:0xe9b58048 x18:0x00000066 PA:0xe9b5814f store:0x00000066 load:0x00000000
       54595000	      5360	800138aa	0056fe33	and	x28,x13,x5	 x13:0x00000060  x5:0xfffffaa4 x28=0x00000020
       54605000	      5361	800138ae	0e52	c.slli	x28,0x14	 x28:0x00000020 x28=0x02000000
       54615000	      5362	800138b0	77f50803	lb	x16,1919(x10)	 x10:0xe9b58048 x16=0x00000050 PA:0xe9b587c7 load:0x00000050
       54625000	      5363	800138b4	27963f93	sltiu	x31,x12,633	 x12:0xfa402ff7 x31=0x00000000
       54635000	      5364	800138b8	14c50f03	lb	x30,332(x10)	 x10:0xe9b58048 x30=0xffffffa4 PA:0xe9b58194 load:0xffffffa4
       54645000	      5365	800138bc	0362	c.slli	x6,0x18	  x6:0x80048e50  x6=0x50000000
       54655000	      5366	800138be	ae054e83	lbu	x29,-1312(x10)	 x10:0xe9b58048 x29=0x00000050 PA:0xe9b57b28 load:0x00000050
       54665000	      5367	800138c2	00020d17	auipc	x26,0x20	 x26=0x800338c2
       54675000	      5368	800138c6	2a4d0d13	addi	x26,x26,676	 x26:0x800338c2 x26=0x80033b66
       54685000	      5369	800138ca	8d35	c.xor	x10,x13	 x10:0xe9b58048 x13:0x00000060 x10=0xe9b58028
       54695000	      5370	800138cc	051d0c03	lb	x24,81(x26)	 x26:0x80033b66 x24=0x0000007f PA:0x80033bb7 load:0x0000007f
       54705000	      5371	800138d0	fc8d1683	lh	x13,-56(x26)	 x26:0x80033b66 x13=0x00000202 PA:0x80033b2e load:0x00000202
       54715000	      5372	800138d4	f13d0603	lb	x12,-237(x26)	 x26:0x80033b66 x12=0xffffffc6 PA:0x80033a79 load:0xffffffc6
       54725000	      5373	800138d8	8d65	c.and	x10,x9	 x10:0xe9b58028  x9:0x00000000 x10=0x00000000
       54735000	      5374	800138da	fb0d0ca3	sb	x16,-71(x26)	 x26:0x80033b66 x16:0x00000050 PA:0x80033b1f store:0x00000050 load:0x00000000
       54745000	      5375	800138de	fbbd0e03	lb	x28,-69(x26)	 x26:0x80033b66 x28=0xffffffdf PA:0x80033b21 load:0xffffffdf
       54755000	      5376	800138e2	025d0803	lb	x16,37(x26)	 x26:0x80033b66 x16=0xfffffff8 PA:0x80033b8b load:0xfffffff8
       54765000	      5377	800138e6	f20d5983	lhu	x19,-224(x26)	 x26:0x80033b66 x19=0x00003314 PA:0x80033a86 load:0x00003314
       54775000	      5378	800138ea	01424533	xor	x10,x4,x20	  x4:0x00000050 x20:0xfaa44000 x10=0xfaa44050
       54785000	      5379	800138ee	078d06a3	sb	x24,109(x26)	 x26:0x80033b66 x24:0x0000007f PA:0x80033bd3 store:0x0000007f load:0x00000000
       54795000	      5380	800138f2	01eb0233	add	x4,x22,x30	 x22:0x8003c1b7 x30:0xffffffa4  x4=0x8003c15b
       54805000	      5381	800138f6	fe3d1c23	sh	x3,-8(x26)	 x26:0x80033b66  x3:0xac5f661c PA:0x80033b5e store:0xac5f661c load:0x00000000
       54815000	      5382	800138fa	fb6d06a3	sb	x22,-83(x26)	 x26:0x80033b66 x22:0x8003c1b7 PA:0x80033b13 store:0x8003c1b7 load:0x00000000
       54825000	      5383	800138fe	046d0d83	lb	x27,70(x26)	 x26:0x80033b66 x27=0xffffffa9 PA:0x80033bac load:0xffffffa9
       54835000	      5384	80013902	fc7d2d23	sw	x7,-38(x26)	 x26:0x80033b66  x7:0x00002966 PA:0x80033b40 store:0x00002966 load:0x00000000
       54845000	      5385	80013906	0b2d0b83	lb	x23,178(x26)	 x26:0x80033b66 x23=0x0000006b PA:0x80033c18 load:0x0000006b
       54855000	      5386	8001390a	f33d4583	lbu	x11,-205(x26)	 x26:0x80033b66 x11=0x00000075 PA:0x80033a99 load:0x00000075
       54875000	      5388	8001390e	8e2d	c.xor	x12,x11	 x12:0xffffffc6 x11:0x00000075 x12=0xffffffb3
       54885000	      5389	80013910	ff2d1403	lh	x8,-14(x26)	 x26:0x80033b66  x8=0x0000077d PA:0x80033b58 load:0x0000077d
       54895000	      5390	80013914	f3cd0ea3	sb	x28,-195(x26)	 x26:0x80033b66 x28:0xffffffdf PA:0x80033aa3 store:0xffffffdf load:0x00000000
       54905000	      5391	80013918	f2fd0f03	lb	x30,-209(x26)	 x26:0x80033b66 x30=0xffffff94 PA:0x80033a95 load:0xffffff94
       54915000	      5392	8001391c	06ed2923	sw	x14,114(x26)	 x26:0x80033b66 x14:0x00000059 PA:0x80033bd8 store:0x00000059 load:0x00000000
       54925000	      5393	80013920	f14d4203	lbu	x4,-236(x26)	 x26:0x80033b66  x4=0x0000008a PA:0x80033a7a load:0x0000008a
       54935000	      5394	80013924	fffd0403	lb	x8,-1(x26)	 x26:0x80033b66  x8=0x00000029 PA:0x80033b65 load:0x00000029
       54945000	      5395	80013928	00f2f6b3	and	x13,x5,x15	  x5:0xfffffaa4 x15:0x8004cce4 x13=0x8004c8a4
       54955000	      5396	8001392c	01155933	srl	x18,x10,x17	 x10:0xfaa44050 x17:0x00000060 x18=0xfaa44050
       54965000	      5397	80013930	08dc8c93	addi	x25,x25,141	 x25:0x00000001 x25=0x0000008e
       54975000	      5398	80013934	0b2d2923	sw	x18,178(x26)	 x26:0x80033b66 x18:0xfaa44050 PA:0x80033c18 store:0xfaa44050 load:0x00000000
       54985000	      5399	80013938	f24d0023	sb	x4,-224(x26)	 x26:0x80033b66  x4:0x0000008a PA:0x80033a86 store:0x0000008a load:0x00000000
       54995000	      5400	8001393c	fa8d0a23	sb	x8,-76(x26)	 x26:0x80033b66  x8:0x00000029 PA:0x80033b1a store:0x00000029 load:0x00000000
       55005000	      5401	80013940	034d5883	lhu	x17,52(x26)	 x26:0x80033b66 x17=0x0000415d PA:0x80033b9a load:0x0000415d
       55015000	      5402	80013944	f8ed5d83	lhu	x27,-114(x26)	 x26:0x80033b66 x27=0x000054d6 PA:0x80033af4 load:0x000054d6
       55025000	      5403	80013948	fdfd0383	lb	x7,-33(x26)	 x26:0x80033b66  x7=0xffffffab PA:0x80033b45 load:0xffffffab
       55055000	      5406	8001394c	024189b3	mul	x19,x3,x4	  x3:0xac5f661c  x4:0x0000008a x19=0xeb6d0b18
       55065000	      5407	80013950	0a8d1203	lh	x4,168(x26)	 x26:0x80033b66  x4=0x0000484d PA:0x80033c0e load:0x0000484d
       55075000	      5408	80013954	fe1eb093	sltiu	x1,x29,-31	 x29:0x00000050  x1=0x00000001
       55085000	      5409	80013958	0cbd0183	lb	x3,203(x26)	 x26:0x80033b66  x3=0x00000000 PA:0x80033c31 load:0x00000000
       55095000	      5410	8001395c	060d1403	lh	x8,96(x26)	 x26:0x80033b66  x8=0x00000000 PA:0x80033bc6 load:0x00000000
       55105000	      5411	80013960	00030517	auipc	x10,0x30	 x10=0x80043960
       55115000	      5412	80013964	fe150513	addi	x10,x10,-31	 x10:0x80043960 x10=0x80043941
       55125000	      5413	80013968	01794633	xor	x12,x18,x23	 x18:0xfaa44050 x23:0x0000006b x12=0xfaa4403b
       55135000	      5414	8001396c	367f0d93	addi	x27,x30,871	 x30:0xffffff94 x27=0x000002fb
       55145000	      5415	80013970	5b0511a3	sh	x16,1443(x10)	 x10:0x80043941 x16:0xfffffff8 PA:0x80043ee4 store:0xfffffff8 load:0x00000000
       55155000	      5416	80013974	c4754283	lbu	x5,-953(x10)	 x10:0x80043941  x5=0x00000075 PA:0x80043588 load:0x00000075
       55165000	      5417	80013978	28854c83	lbu	x25,648(x10)	 x10:0x80043941 x25=0x0000002c PA:0x80043bc9 load:0x0000002c
       55175000	      5418	8001397c	baa510a3	sh	x10,-1119(x10)	 x10:0x80043941 x10:0x80043941 PA:0x800434e2 store:0x80043941 load:0x00000000
       55185000	      5419	80013980	e4555283	lhu	x5,-443(x10)	 x10:0x80043941  x5=0x0000c5b0 PA:0x80043786 load:0x0000c5b0
       55195000	      5420	80013984	d7750423	sb	x23,-664(x10)	 x10:0x80043941 x23:0x0000006b PA:0x800436a9 store:0x0000006b load:0x00000000
       55205000	      5421	80013988	8bdc6c13	ori	x24,x24,-1859	 x24:0x0000007f x24=0xfffff8ff
       55215000	      5422	8001398c	00861193	slli	x3,x12,0x8	 x12:0xfaa4403b  x3=0xa4403b00
       55225000	      5423	80013990	0d454d03	lbu	x26,212(x10)	 x10:0x80043941 x26=0x000000ab PA:0x80043a15 load:0x000000ab
       55235000	      5424	80013994	8c551803	lh	x16,-1851(x10)	 x10:0x80043941 x16=0x000073cb PA:0x80043206 load:0x000073cb
       55245000	      5425	80013998	b8754d83	lbu	x27,-1145(x10)	 x10:0x80043941 x27=0x00000074 PA:0x800434c8 load:0x00000074
       55255000	      5426	8001399c	69a84713	xori	x14,x16,1690	 x16:0x000073cb x14=0x00007551
       55265000	      5427	800139a0	0e66	c.slli	x28,0x19	 x28:0xffffffdf x28=0xbe000000
       55275000	      5428	800139a2	0151c9b3	xor	x19,x3,x21	  x3:0xa4403b00 x21:0x00000009 x19=0xa4403b09
       55285000	      5429	800139a6	12551303	lh	x6,293(x10)	 x10:0x80043941  x6=0xffff867c PA:0x80043a66 load:0xffff867c
       55295000	      5430	800139aa	98fd	c.andi	x9,-1	  x9:0x00000000  x9=0x00000000
       55305000	      5431	800139ac	31c50483	lb	x9,796(x10)	 x10:0x80043941  x9=0xffffffdd PA:0x80043c5d load:0xffffffdd
       55315000	      5432	800139b0	85e54203	lbu	x4,-1954(x10)	 x10:0x80043941  x4=0x00000082 PA:0x8004319f load:0x00000082
       55325000	      5433	800139b4	278523a3	sw	x24,615(x10)	 x10:0x80043941 x24:0xfffff8ff PA:0x80043ba8 store:0xfffff8ff load:0x00000000
       55335000	      5434	800139b8	49755d03	lhu	x26,1175(x10)	 x10:0x80043941 x26=0x00000eaf PA:0x80043dd8 load:0x00000eaf
       55345000	      5435	800139bc	b5254c83	lbu	x25,-1198(x10)	 x10:0x80043941 x25=0x000000fb PA:0x80043493 load:0x000000fb
       55355000	      5436	800139c0	01a6bc33	sltu	x24,x13,x26	 x13:0x8004c8a4 x26:0x00000eaf x24=0x00000000
       55395000	      5440	800139c4	02b0aa33	mulhsu	x20,x1,x11	  x1:0x00000001 x11:0x00000075 x20=0x00000000
       55405000	      5441	800139c8	b8596713	ori	x14,x18,-1147	 x18:0xfaa44050 x14=0xfffffbd5
       55415000	      5442	800139cc	f5c50d03	lb	x26,-164(x10)	 x10:0x80043941 x26=0x0000006f PA:0x8004389d load:0x0000006f
       55425000	      5443	800139d0	33c51da3	sh	x28,827(x10)	 x10:0x80043941 x28:0xbe000000 PA:0x80043c7c store:0xbe000000 load:0x00000000
       55435000	      5444	800139d4	63854e03	lbu	x28,1592(x10)	 x10:0x80043941 x28=0x000000c8 PA:0x80043f79 load:0x000000c8
       55445000	      5445	800139d8	50fd	c.li	x1,-1	  x1=0xffffffff
       55455000	      5446	800139da	fd350b23	sb	x19,-42(x10)	 x10:0x80043941 x19:0xa4403b09 PA:0x80043917 store:0xa4403b09 load:0x00000000
       55465000	      5447	800139de	4a450f83	lb	x31,1188(x10)	 x10:0x80043941 x31=0xffffffe2 PA:0x80043de5 load:0xffffffe2
       55475000	      5448	800139e2	2fc50c83	lb	x25,764(x10)	 x10:0x80043941 x25=0x0000001e PA:0x80043c3d load:0x0000001e
       55485000	      5449	800139e6	43d54f03	lbu	x30,1085(x10)	 x10:0x80043941 x30=0x00000028 PA:0x80043d7e load:0x00000028
       55495000	      5450	800139ea	f2054303	lbu	x6,-224(x10)	 x10:0x80043941  x6=0x00000068 PA:0x80043861 load:0x00000068
       55505000	      5451	800139ee	5df51b03	lh	x22,1503(x10)	 x10:0x80043941 x22=0x00006cb6 PA:0x80043f20 load:0x00006cb6
       55515000	      5452	800139f2	0ed50b83	lb	x23,237(x10)	 x10:0x80043941 x23=0x00000058 PA:0x80043a2e load:0x00000058
       55525000	      5453	800139f6	8d254283	lbu	x5,-1838(x10)	 x10:0x80043941  x5=0x000000aa PA:0x80043213 load:0x000000aa
       55535000	      5454	800139fa	8a250d23	sb	x2,-1862(x10)	 x10:0x80043941  x2:0x80048e50 PA:0x800431fb store:0x80048e50 load:0x00000000
       55545000	      5455	800139fe	a63529a3	sw	x3,-1421(x10)	 x10:0x80043941  x3:0xa4403b00 PA:0x800433b4 store:0xa4403b00 load:0x00000000
       55555000	      5456	80013a02	5d355583	lhu	x11,1491(x10)	 x10:0x80043941 x11=0x0000db30 PA:0x80043f14 load:0x0000db30
       55565000	      5457	80013a06	00020697	auipc	x13,0x20	 x13=0x80033a06
       55575000	      5458	80013a0a	50f68693	addi	x13,x13,1295	 x13:0x80033a06 x13=0x80033f15
       55585000	      5459	80013a0e	5bf45d17	auipc	x26,0x5bf45	 x26=0xdbf58a0e
       55955000	      5496	80013a12	026172b3	remu	x5,x2,x6	  x2:0x80048e50  x6:0x00000068  x5=0x00000010
       55965000	      5497	80013a16	034687a3	sb	x20,47(x13)	 x13:0x80033f15 x20:0x00000000 PA:0x80033f44 store:0x00000000 load:0x00000000
       55995000	      5500	80013a1a	03c10e33	mul	x28,x2,x28	  x2:0x80048e50 x28:0x000000c8 x28=0x038f2e80
       56005000	      5501	80013a1e	0c56d983	lhu	x19,197(x13)	 x13:0x80033f15 x19=0x000079b8 PA:0x80033fda load:0x000079b8
       56015000	      5502	80013a22	0001	c.addi	x0,0	  x0:0x00000000  x0=0x00000000
       56025000	      5503	80013a24	f6a68983	lb	x19,-150(x13)	 x13:0x80033f15 x19=0x00000071 PA:0x80033e7f load:0x00000071
       56035000	      5504	80013a28	f2668f23	sb	x6,-194(x13)	 x13:0x80033f15  x6:0x00000068 PA:0x80033e53 store:0x00000068 load:0x00000000
       56405000	      5541	80013a2c	031de533	rem	x10,x27,x17	 x27:0x00000074 x17:0x0000415d x10=0x00000074
       56415000	      5542	80013a30	f326cc03	lbu	x24,-206(x13)	 x13:0x80033f15 x24=0x000000cc PA:0x80033e47 load:0x000000cc
       56425000	      5543	80013a34	f046c583	lbu	x11,-252(x13)	 x13:0x80033f15 x11=0x0000006c PA:0x80033e19 load:0x0000006c
       56435000	      5544	80013a38	9636	c.add	x12,x13	 x12:0xfaa4403b x13:0x80033f15 x12=0x7aa77f50
       56445000	      5545	80013a3a	0e068c03	lb	x24,224(x13)	 x13:0x80033f15 x24=0x00000046 PA:0x80033ff5 load:0x00000046
       56455000	      5546	80013a3e	ebff1437	lui	x8,0xebff1	  x8=0xebff1000
       56465000	      5547	80013a42	8cdd	c.or	x9,x15	  x9:0xffffffdd x15:0x8004cce4  x9=0xfffffffd
       56475000	      5548	80013a44	0c26c203	lbu	x4,194(x13)	 x13:0x80033f15  x4=0x0000002a PA:0x80033fd7 load:0x0000002a
       56485000	      5549	80013a48	01bac3b3	xor	x7,x21,x27	 x21:0x00000009 x27:0x00000074  x7=0x0000007d
       56495000	      5550	80013a4c	84b5	c.srai	x9,0xd	  x9:0xfffffffd  x9=0xffffffff
       56505000	      5551	80013a4e	390b6413	ori	x8,x22,912	 x22:0x00006cb6  x8=0x00006fb6
       56515000	      5552	80013a52	bb4dca13	xori	x20,x27,-1100	 x27:0x00000074 x20=0xfffffbc0
       56525000	      5553	80013a56	f556d303	lhu	x6,-171(x13)	 x13:0x80033f15  x6=0x0000508e PA:0x80033e6a load:0x0000508e
       56535000	      5554	80013a5a	9addcd13	xori	x26,x27,-1619	 x27:0x00000074 x26=0xfffff9d9
       56545000	      5555	80013a5e	0c86cb83	lbu	x23,200(x13)	 x13:0x80033f15 x23=0x00000018 PA:0x80033fdd load:0x00000018
       56555000	      5556	80013a62	01cd2e33	slt	x28,x26,x28	 x26:0xfffff9d9 x28:0x038f2e80 x28=0x00000001
       56565000	      5557	80013a66	f3068e03	lb	x28,-208(x13)	 x13:0x80033f15 x28=0x0000000b PA:0x80033e45 load:0x0000000b
       56575000	      5558	80013a6a	f7568283	lb	x5,-139(x13)	 x13:0x80033f15  x5=0x0000003a PA:0x80033e8a load:0x0000003a
       56585000	      5559	80013a6e	0c968ca3	sb	x9,217(x13)	 x13:0x80033f15  x9:0xffffffff PA:0x80033fee store:0xffffffff load:0x00000000
       56595000	      5560	80013a72	0002e517	auipc	x10,0x2e	 x10=0x80041a72
       56605000	      5561	80013a76	74b50513	addi	x10,x10,1867	 x10:0x80041a72 x10=0x800421bd
       56615000	      5562	80013a7a	00020497	auipc	x9,0x20	  x9=0x80033a7a
       56625000	      5563	80013a7e	1e948493	addi	x9,x9,489	  x9:0x80033a7a  x9=0x80033c63
       56635000	      5564	80013a82	fee54603	lbu	x12,-18(x10)	 x10:0x800421bd x12=0x0000008e PA:0x800421ab load:0x0000008e
       56645000	      5565	80013a86	bd248023	sb	x18,-1088(x9)	  x9:0x80033c63 x18:0xfaa44050 PA:0x80033823 store:0xfaa44050 load:0x00000000
       56655000	      5566	80013a8a	1684aea3	sw	x8,381(x9)	  x9:0x80033c63  x8:0x00006fb6 PA:0x80033de0 store:0x00006fb6 load:0x00000000
       56665000	      5567	80013a8e	ffc54e83	lbu	x29,-4(x10)	 x10:0x800421bd x29=0x000000a6 PA:0x800421b9 load:0x000000a6
       56675000	      5568	80013a92	3dd4c803	lbu	x16,989(x9)	  x9:0x80033c63 x16=0x00000042 PA:0x80034040 load:0x00000042
       56685000	      5569	80013a96	02950b03	lb	x22,41(x10)	 x10:0x800421bd x22=0x00000045 PA:0x800421e6 load:0x00000045
       56695000	      5570	80013a9a	e9749083	lh	x1,-361(x9)	  x9:0x80033c63  x1=0xffffefe3 PA:0x80033afa load:0xffffefe3
       56705000	      5571	80013a9e	02a525a3	sw	x10,43(x10)	 x10:0x800421bd x10:0x800421bd PA:0x800421e8 store:0x800421bd load:0x00000000
       56715000	      5572	80013aa2	92048f03	lb	x30,-1760(x9)	  x9:0x80033c63 x30=0xffffff81 PA:0x80033583 load:0xffffff81
       56725000	      5573	80013aa6	020484a3	sb	x0,41(x9)	  x9:0x80033c63  x0:0x00000000 PA:0x80033c8c store:0x00000000 load:0x00000000
       56735000	      5574	80013aaa	fed55003	lhu	x0,-19(x10)	 x10:0x800421bd  x0=0x00000000 PA:0x800421aa load:0x00008e7b
       56745000	      5575	80013aae	fd3521a3	sw	x19,-61(x10)	 x10:0x800421bd x19:0x00000071 PA:0x80042180 store:0x00000071 load:0x00000000
       56755000	      5576	80013ab2	01150a03	lb	x20,17(x10)	 x10:0x800421bd x20=0xffffffc0 PA:0x800421ce load:0xffffffc0
       56765000	      5577	80013ab6	1e248623	sb	x2,492(x9)	  x9:0x80033c63  x2:0x80048e50 PA:0x80033e4f store:0x80048e50 load:0x00000000
       56775000	      5578	80013aba	00029517	auipc	x10,0x29	 x10=0x8003caba
       56785000	      5579	80013abe	97d50513	addi	x10,x10,-1667	 x10:0x8003caba x10=0x8003c437
       56795000	      5580	80013ac2	00020d97	auipc	x27,0x20	 x27=0x80033ac2
       56805000	      5581	80013ac6	d46d8d93	addi	x27,x27,-698	 x27:0x80033ac2 x27=0x80033808
       56815000	      5582	80013aca	f6cdd403	lhu	x8,-148(x27)	 x27:0x80033808  x8=0x0000718f PA:0x80033774 load:0x0000718f
       56825000	      5583	80013ace	ff5d84a3	sb	x21,-23(x27)	 x27:0x80033808 x21:0x00000009 PA:0x800337f1 store:0x00000009 load:0x00000000
       56835000	      5584	80013ad2	8e3500a3	sb	x3,-1823(x10)	 x10:0x8003c437  x3:0xa4403b00 PA:0x8003bd18 store:0xa4403b00 load:0x00000000
       56845000	      5585	80013ad6	6d654583	lbu	x11,1750(x10)	 x10:0x8003c437 x11=0x00000008 PA:0x8003cb0d load:0x00000008
       56855000	      5586	80013ada	41650d03	lb	x26,1046(x10)	 x10:0x8003c437 x26=0x00000014 PA:0x8003c84d load:0x00000014
       56865000	      5587	80013ade	95f50323	sb	x31,-1722(x10)	 x10:0x8003c437 x31:0xffffffe2 PA:0x8003bd7d store:0xffffffe2 load:0x00000000
       56875000	      5588	80013ae2	f3cdca03	lbu	x20,-196(x27)	 x27:0x80033808 x20=0x00000061 PA:0x80033744 load:0x00000061
       56885000	      5589	80013ae6	fc9d8183	lb	x3,-55(x27)	 x27:0x80033808  x3=0xfffffff0 PA:0x800337d1 load:0xfffffff0
       56895000	      5590	80013aea	fc650523	sb	x6,-54(x10)	 x10:0x8003c437  x6:0x0000508e PA:0x8003c401 store:0x0000508e load:0x00000000
       56905000	      5591	80013aee	06bdc603	lbu	x12,107(x27)	 x27:0x80033808 x12=0x0000003b PA:0x80033873 load:0x0000003b
       56915000	      5592	80013af2	0b6dc183	lbu	x3,182(x27)	 x27:0x80033808  x3=0x000000c6 PA:0x800338be load:0x000000c6
       56925000	      5593	80013af6	a0754e03	lbu	x28,-1529(x10)	 x10:0x8003c437 x28=0x000000d0 PA:0x8003be3e load:0x000000d0
       56935000	      5594	80013afa	092dd683	lhu	x13,146(x27)	 x27:0x80033808 x13=0x00007b80 PA:0x8003389a load:0x00007b80
       56945000	      5595	80013afe	e6250403	lb	x8,-414(x10)	 x10:0x8003c437  x8=0xffffffa3 PA:0x8003c299 load:0xffffffa3
       56955000	      5596	80013b02	0a4d9003	lh	x0,164(x27)	 x27:0x80033808  x0=0x00000000 PA:0x800338ac load:0xffffadbc
       56965000	      5597	80013b06	0002d717	auipc	x14,0x2d	 x14=0x80040b06
       56975000	      5598	80013b0a	37770713	addi	x14,x14,887	 x14:0x80040b06 x14=0x80040e7d
       56985000	      5599	80013b0e	00020f17	auipc	x30,0x20	 x30=0x80033b0e
       56995000	      5600	80013b12	e00f0f13	addi	x30,x30,-512	 x30:0x80033b0e x30=0x8003390e
       57005000	      5601	80013b16	06bf0b03	lb	x22,107(x30)	 x30:0x8003390e x22=0xffffffb4 PA:0x80033979 load:0xffffffb4
       57015000	      5602	80013b1a	f65f0b83	lb	x23,-155(x30)	 x30:0x8003390e x23=0x0000003b PA:0x80033873 load:0x0000003b
       57025000	      5603	80013b1e	f8d74f83	lbu	x31,-115(x14)	 x14:0x80040e7d x31=0x00000087 PA:0x80040e0a load:0x00000087
       57035000	      5604	80013b22	fae70c03	lb	x24,-82(x14)	 x14:0x80040e7d x24=0x00000043 PA:0x80040e2b load:0x00000043
       57045000	      5605	80013b26	f8670483	lb	x9,-122(x14)	 x14:0x80040e7d  x9=0xffffffb2 PA:0x80040e03 load:0xffffffb2
       57055000	      5606	80013b2a	0b6f5883	lhu	x17,182(x30)	 x30:0x8003390e x17=0x00000d1a PA:0x800339c4 load:0x00000d1a
       57065000	      5607	80013b2e	fad70a23	sb	x13,-76(x14)	 x14:0x80040e7d x13:0x00007b80 PA:0x80040e31 store:0x00007b80 load:0x00000000
       57075000	      5608	80013b32	0c8f05a3	sb	x8,203(x30)	 x30:0x8003390e  x8:0xffffffa3 PA:0x800339d9 store:0xffffffa3 load:0x00000000
       57085000	      5609	80013b36	f1770383	lb	x7,-233(x14)	 x14:0x80040e7d  x7=0xfffffffe PA:0x80040d94 load:0xfffffffe
       57095000	      5610	80013b3a	ff2f01a3	sb	x18,-29(x30)	 x30:0x8003390e x18:0xfaa44050 PA:0x800338f1 store:0xfaa44050 load:0x00000000
       57105000	      5611	80013b3e	f8c74803	lbu	x16,-116(x14)	 x14:0x80040e7d x16=0x00000050 PA:0x80040e09 load:0x00000050
       57115000	      5612	80013b42	f1375d83	lhu	x27,-237(x14)	 x14:0x80040e7d x27=0x0000d309 PA:0x80040d90 load:0x0000d309
       57125000	      5613	80013b46	00bf1223	sh	x11,4(x30)	 x30:0x8003390e x11:0x00000008 PA:0x80033912 store:0x00000008 load:0x00000000
       57135000	      5614	80013b4a	00020c17	auipc	x24,0x20	 x24=0x80033b4a
       57145000	      5615	80013b4e	9dac0c13	addi	x24,x24,-1574	 x24:0x80033b4a x24=0x80033524
       57155000	      5616	80013b52	fffc0b03	lb	x22,-1(x24)	 x24:0x80033524 x22=0x0000004f PA:0x80033523 load:0x0000004f
       57165000	      5617	80013b56	00932eb3	slt	x29,x6,x9	  x6:0x0000508e  x9:0xffffffb2 x29=0x00000000
       57175000	      5618	80013b5a	ff9c0fa3	sb	x25,-1(x24)	 x24:0x80033524 x25:0x0000001e PA:0x80033523 store:0x0000001e load:0x00000000
       57185000	      5619	80013b5e	00534b33	xor	x22,x6,x5	  x6:0x0000508e  x5:0x0000003a x22=0x000050b4
       57195000	      5620	80013b62	fe8c0da3	sb	x8,-5(x24)	 x24:0x80033524  x8:0xffffffa3 PA:0x8003351f store:0xffffffa3 load:0x00000000
       57205000	      5621	80013b66	ff6c1923	sh	x22,-14(x24)	 x24:0x80033524 x22:0x000050b4 PA:0x80033516 store:0x000050b4 load:0x00000000
       57215000	      5622	80013b6a	0efe	c.slli	x29,0x1f	 x29:0x00000000 x29=0x00000000
       57225000	      5623	80013b6c	016c1123	sh	x22,2(x24)	 x24:0x80033524 x22:0x000050b4 PA:0x80033526 store:0x000050b4 load:0x00000000
       57235000	      5624	80013b70	01dd5f33	srl	x30,x26,x29	 x26:0x00000014 x29:0x00000000 x30=0x00000014
       57275000	      5628	80013b74	026422b3	mulhsu	x5,x8,x6	  x8:0xffffffa3  x6:0x0000508e  x5=0xffffffff
       57285000	      5629	80013b78	015c1723	sh	x21,14(x24)	 x24:0x80033524 x21:0x00000009 PA:0x80033532 store:0x00000009 load:0x00000000
       57295000	      5630	80013b7c	00ec5b03	lhu	x22,14(x24)	 x24:0x80033524 x22=0x00000009 PA:0x80033532 load:0x00000009
       57305000	      5631	80013b80	fecc08a3	sb	x12,-15(x24)	 x24:0x80033524 x12:0x0000003b PA:0x80033515 store:0x0000003b load:0x00000000
       57315000	      5632	80013b84	0ff0000f	fence	iorw,iorw	
       57325000	      5633	80013b88	ff1c0e83	lb	x29,-15(x24)	 x24:0x80033524 x29=0x0000003b PA:0x80033515 load:0x0000003b
       57335000	      5634	80013b8c	feec0da3	sb	x14,-5(x24)	 x24:0x80033524 x14:0x80040e7d PA:0x8003351f store:0x80040e7d load:0x00000000
       57345000	      5635	80013b90	01ac0123	sb	x26,2(x24)	 x24:0x80033524 x26:0x00000014 PA:0x80033526 store:0x00000014 load:0x00000000
       57355000	      5636	80013b94	001c0123	sb	x1,2(x24)	 x24:0x80033524  x1:0xffffefe3 PA:0x80033526 store:0xffffefe3 load:0x00000000
       57365000	      5637	80013b98	002c0583	lb	x11,2(x24)	 x24:0x80033524 x11=0xffffffe3 PA:0x80033526 load:0xffffffe3
       57375000	      5638	80013b9c	004c2983	lw	x19,4(x24)	 x24:0x80033524 x19=0x8fb8a9c3 PA:0x80033528 load:0x8fb8a9c3
       57385000	      5639	80013ba0	ff8c2f83	lw	x31,-8(x24)	 x24:0x80033524 x31=0x7de0ba7d PA:0x8003351c load:0x7de0ba7d
       57395000	      5640	80013ba4	002c0303	lb	x6,2(x24)	 x24:0x80033524  x6=0xffffffe3 PA:0x80033526 load:0xffffffe3
       57405000	      5641	80013ba8	01ac1623	sh	x26,12(x24)	 x24:0x80033524 x26:0x00000014 PA:0x80033530 store:0x00000014 load:0x00000000
       57415000	      5642	80013bac	ff7c1823	sh	x23,-16(x24)	 x24:0x80033524 x23:0x0000003b PA:0x80033514 store:0x0000003b load:0x00000000
       57425000	      5643	80013bb0	fe6c2823	sw	x6,-16(x24)	 x24:0x80033524  x6:0xffffffe3 PA:0x80033514 store:0xffffffe3 load:0x00000000
       57435000	      5644	80013bb4	ff0c1a03	lh	x20,-16(x24)	 x24:0x80033524 x20=0xffffffe3 PA:0x80033514 load:0xffffffe3
       57445000	      5645	80013bb8	00020597	auipc	x11,0x20	 x11=0x80033bb8
       57455000	      5646	80013bbc	eec58593	addi	x11,x11,-276	 x11:0x80033bb8 x11=0x80033aa4
       57465000	      5647	80013bc0	54958623	sb	x9,1356(x11)	 x11:0x80033aa4  x9:0xffffffb2 PA:0x80033ff0 store:0xffffffb2 load:0x00000000
       57475000	      5648	80013bc4	a585cb03	lbu	x22,-1448(x11)	 x11:0x80033aa4 x22=0x0000005d PA:0x800334fc load:0x0000005d
       57485000	      5649	80013bc8	92b5c983	lbu	x19,-1749(x11)	 x11:0x80033aa4 x19=0x000000e6 PA:0x800333cf load:0x000000e6
       57495000	      5650	80013bcc	25559223	sh	x21,580(x11)	 x11:0x80033aa4 x21:0x00000009 PA:0x80033ce8 store:0x00000009 load:0x00000000
       57525000	      5653	80013bd0	02d98433	mul	x8,x19,x13	 x19:0x000000e6 x13:0x00007b80  x8=0x006ef500
       57535000	      5654	80013bd4	8c59	c.or	x8,x14	  x8:0x006ef500 x14:0x80040e7d  x8=0x806eff7d
       57545000	      5655	80013bd6	43358b83	lb	x23,1075(x11)	 x11:0x80033aa4 x23=0xffffffd6 PA:0x80033ed7 load:0xffffffd6
       57555000	      5656	80013bda	eb259883	lh	x17,-334(x11)	 x11:0x80033aa4 x17=0xfffff769 PA:0x80033956 load:0xfffff769
       57565000	      5657	80013bde	0722	c.slli	x14,0x8	 x14:0x80040e7d x14=0x040e7d00
       57575000	      5658	80013be0	96e580a3	sb	x14,-1695(x11)	 x11:0x80033aa4 x14:0x040e7d00 PA:0x80033405 store:0x040e7d00 load:0x00000000
       57585000	      5659	80013be4	cf358483	lb	x9,-781(x11)	 x11:0x80033aa4  x9=0xffffffa3 PA:0x80033797 load:0xffffffa3
       57595000	      5660	80013be8	8c8589a3	sb	x8,-1837(x11)	 x11:0x80033aa4  x8:0x806eff7d PA:0x80033377 store:0x806eff7d load:0x00000000
       57965000	      5697	80013bec	025cf4b3	remu	x9,x25,x5	 x25:0x0000001e  x5:0xffffffff  x9=0x0000001e
       57975000	      5698	80013bf0	dc952613	slti	x12,x10,-567	 x10:0x8003c437 x12=0x00000001
       57985000	      5699	80013bf4	40738533	sub	x10,x7,x7	  x7:0xfffffffe  x7:0xfffffffe x10=0x00000000
       57995000	      5700	80013bf8	8f388313	addi	x6,x17,-1805	 x17:0xfffff769  x6=0xfffff05c
       58005000	      5701	80013bfc	d195c983	lbu	x19,-743(x11)	 x11:0x80033aa4 x19=0x00000043 PA:0x800337bd load:0x00000043
       58015000	      5702	80013c00	0ff0000f	fence	iorw,iorw	
       58025000	      5703	80013c04	8b3b5937	lui	x18,0x8b3b5	 x18=0x8b3b5000
       58035000	      5704	80013c08	0184a733	slt	x14,x9,x24	  x9:0x0000001e x24:0x80033524 x14=0x00000000
       58045000	      5705	80013c0c	a4f581a3	sb	x15,-1469(x11)	 x11:0x80033aa4 x15:0x8004cce4 PA:0x800334e7 store:0x8004cce4 load:0x00000000
       58055000	      5706	80013c10	073e	c.slli	x14,0xf	 x14:0x00000000 x14=0x00000000
       58065000	      5707	80013c12	88358403	lb	x8,-1917(x11)	 x11:0x80033aa4  x8=0x0000007f PA:0x80033327 load:0x0000007f
       58075000	      5708	80013c16	41e58d03	lb	x26,1054(x11)	 x11:0x80033aa4 x26=0xffffff8f PA:0x80033ec2 load:0xffffff8f
       58085000	      5709	80013c1a	e225ac23	sw	x2,-456(x11)	 x11:0x80033aa4  x2:0x80048e50 PA:0x800338dc store:0x80048e50 load:0x00000000
       58095000	      5710	80013c1e	8dc58e23	sb	x28,-1828(x11)	 x11:0x80033aa4 x28:0x000000d0 PA:0x80033380 store:0x000000d0 load:0x00000000
       58465000	      5747	80013c22	036a7fb3	remu	x31,x20,x22	 x20:0xffffffe3 x22:0x0000005d x31=0x00000044
       58475000	      5748	80013c26	8d2d	c.xor	x10,x11	 x10:0x00000000 x11:0x80033aa4 x10=0x80033aa4
       58485000	      5749	80013c28	845d	c.srai	x8,0x17	  x8:0x0000007f  x8=0x00000000
       58495000	      5750	80013c2a	8645	c.srai	x12,0x11	 x12:0x00000001 x12=0x00000000
       58505000	      5751	80013c2c	1dfd	c.addi	x27,-1	 x27:0x0000d309 x27=0x0000d308
       58515000	      5752	80013c2e	80058603	lb	x12,-2048(x11)	 x11:0x80033aa4 x12=0x0000000d PA:0x800332a4 load:0x0000000d
       58525000	      5753	80013c32	0189e0b3	or	x1,x19,x24	 x19:0x00000043 x24:0x80033524  x1=0x80033567
       58535000	      5754	80013c36	41fcdfb3	sra	x31,x25,x31	 x25:0x0000001e x31:0x00000044 x31=0x00000001
       58545000	      5755	80013c3a	0e15ae23	sw	x1,252(x11)	 x11:0x80033aa4  x1:0x80033567 PA:0x80033ba0 store:0x80033567 load:0x00000000
       58555000	      5756	80013c3e	e6e58283	lb	x5,-402(x11)	 x11:0x80033aa4  x5=0x00000008 PA:0x80033912 load:0x00000008
       58565000	      5757	80013c42	00ddd613	srli	x12,x27,0xd	 x27:0x0000d308 x12=0x00000006
       58575000	      5758	80013c46	8c55c083	lbu	x1,-1851(x11)	 x11:0x80033aa4  x1=0x00000051 PA:0x80033369 load:0x00000051
       58585000	      5759	80013c4a	bcf58fa3	sb	x15,-1057(x11)	 x11:0x80033aa4 x15:0x8004cce4 PA:0x80033683 store:0x8004cce4 load:0x00000000
       58595000	      5760	80013c4e	8662	c.mv	x12,x24	  x0:0x00000000 x24:0x80033524 x12=0x80033524
       58605000	      5761	80013c50	007acdb3	xor	x27,x21,x7	 x21:0x00000009  x7:0xfffffffe x27=0xfffffff7
       58615000	      5762	80013c54	4689	c.li	x13,2	 x13=0x00000002
       58625000	      5763	80013c56	cf558703	lb	x14,-779(x11)	 x11:0x80033aa4 x14=0x0000000c PA:0x80033799 load:0x0000000c
       58635000	      5764	80013c5a	1305c183	lbu	x3,304(x11)	 x11:0x80033aa4  x3=0x0000001f PA:0x80033bd4 load:0x0000001f
       58645000	      5765	80013c5e	c0358d83	lb	x27,-1021(x11)	 x11:0x80033aa4 x27=0x0000006c PA:0x800336a7 load:0x0000006c
       58655000	      5766	80013c62	df758983	lb	x19,-521(x11)	 x11:0x80033aa4 x19=0x0000007b PA:0x8003389b load:0x0000007b
       58665000	      5767	80013c66	0001f897	auipc	x17,0x1f	 x17=0x80032c66
       58675000	      5768	80013c6a	3e288893	addi	x17,x17,994	 x17:0x80032c66 x17=0x80033048
       58685000	      5769	80013c6e	28a35537	lui	x10,0x28a35	 x10=0x28a35000
       58695000	      5770	80013c72	98aa	c.add	x17,x10	 x17:0x80033048 x10:0x28a35000 x17=0xa8a68048
       58705000	      5771	80013c74	e20881a3	sb	x0,-477(x17)	 x17:0xa8a68048  x0:0x00000000 PA:0xa8a67e6b store:0x00000000 load:0x00000000
       58715000	      5772	80013c78	a818ae23	sw	x1,-1380(x17)	 x17:0xa8a68048  x1:0x00000051 PA:0xa8a67ae4 store:0x00000051 load:0x00000000
       58725000	      5773	80013c7c	362880a3	sb	x2,865(x17)	 x17:0xa8a68048  x2:0x80048e50 PA:0xa8a683a9 store:0x80048e50 load:0x00000000
       58735000	      5774	80013c80	8e29	c.xor	x12,x10	 x12:0x80033524 x10:0x28a35000 x12=0xa8a06524
       58745000	      5775	80013c82	e2388803	lb	x16,-477(x17)	 x17:0xa8a68048 x16=0x00000000 PA:0xa8a67e6b load:0x00000000
       58755000	      5776	80013c86	41e68cb3	sub	x25,x13,x30	 x13:0x00000002 x30:0x00000014 x25=0xffffffee
       58765000	      5777	80013c8a	a9c8a903	lw	x18,-1380(x17)	 x17:0xa8a68048 x18=0x00000051 PA:0xa8a67ae4 load:0x00000051
       58775000	      5778	80013c8e	8dd5	c.or	x11,x13	 x11:0x80033aa4 x13:0x00000002 x11=0x80033aa6
       58785000	      5779	80013c90	4069dd33	sra	x26,x19,x6	 x19:0x0000007b  x6:0xfffff05c x26=0x00000000
       58795000	      5780	80013c94	3618cb83	lbu	x23,865(x17)	 x17:0xa8a68048 x23=0x00000050 PA:0xa8a683a9 load:0x00000050
       58805000	      5781	80013c98	87353b93	sltiu	x23,x10,-1933	 x10:0x28a35000 x23=0x00000001
       58845000	      5785	80013c9c	038d36b3	mulhu	x13,x26,x24	 x26:0x00000000 x24:0x80033524 x13=0x00000000
       58855000	      5786	80013ca0	1f788323	sb	x23,486(x17)	 x17:0xa8a68048 x23:0x00000001 PA:0xa8a6822e store:0x00000001 load:0x00000000
       58865000	      5787	80013ca4	fe588ea3	sb	x5,-3(x17)	 x17:0xa8a68048  x5:0x00000008 PA:0xa8a68045 store:0x00000008 load:0x00000000
       58875000	      5788	80013ca8	091e	c.slli	x18,0x7	 x18:0x00000051 x18=0x00002880
       59245000	      5825	80013caa	034066b3	rem	x13,x0,x20	  x0:0x00000000 x20:0xffffffe3 x13=0x00000000
       59255000	      5826	80013cae	3a688fa3	sb	x6,959(x17)	 x17:0xa8a68048  x6:0xfffff05c PA:0xa8a68407 store:0xfffff05c load:0x00000000
       59265000	      5827	80013cb2	00020717	auipc	x14,0x20	 x14=0x80033cb2
       59275000	      5828	80013cb6	a1870713	addi	x14,x14,-1512	 x14:0x80033cb2 x14=0x800336ca
       59285000	      5829	80013cba	9d875383	lhu	x7,-1576(x14)	 x14:0x800336ca  x7=0x0000b0e1 PA:0x800330a2 load:0x0000b0e1
       59295000	      5830	80013cbe	01970303	lb	x6,25(x14)	 x14:0x800336ca  x6=0x00000008 PA:0x800336e3 load:0x00000008
       59305000	      5831	80013cc2	0002d417	auipc	x8,0x2d	  x8=0x80040cc2
       59315000	      5832	80013cc6	09b40413	addi	x8,x8,155	  x8:0x80040cc2  x8=0x80040d5d
       59325000	      5833	80013cca	f4340803	lb	x16,-189(x8)	  x8:0x80040d5d x16=0xffffffeb PA:0x80040ca0 load:0xffffffeb
       59335000	      5834	80013cce	01341983	lh	x19,19(x8)	  x8:0x80040d5d x19=0x00005548 PA:0x80040d70 load:0x00005548
       59345000	      5835	80013cd2	eab70ca3	sb	x11,-327(x14)	 x14:0x800336ca x11:0x80033aa6 PA:0x80033583 store:0x80033aa6 load:0x00000000
       59355000	      5836	80013cd6	09240723	sb	x18,142(x8)	  x8:0x80040d5d x18:0x00002880 PA:0x80040deb store:0x00002880 load:0x00000000
       59365000	      5837	80013cda	0b875f83	lhu	x31,184(x14)	 x14:0x800336ca x31=0x0000ba86 PA:0x80033782 load:0x0000ba86
       59375000	      5838	80013cde	f3740803	lb	x16,-201(x8)	  x8:0x80040d5d x16=0x00000039 PA:0x80040c94 load:0x00000039
       59385000	      5839	80013ce2	0a870383	lb	x7,168(x14)	 x14:0x800336ca  x7=0xffffffa8 PA:0x80033772 load:0xffffffa8
       59395000	      5840	80013ce6	0e3400a3	sb	x3,225(x8)	  x8:0x80040d5d  x3:0x0000001f PA:0x80040e3e store:0x0000001f load:0x00000000
       59405000	      5841	80013cea	f0a40023	sb	x10,-256(x8)	  x8:0x80040d5d x10:0x28a35000 PA:0x80040c5d store:0x28a35000 load:0x00000000
       59415000	      5842	80013cee	e5672b03	lw	x22,-426(x14)	 x14:0x800336ca x22=0x1e32ecc0 PA:0x80033520 load:0x1e32ecc0
       59425000	      5843	80013cf2	f8d41ba3	sh	x13,-105(x8)	  x8:0x80040d5d x13:0x00000000 PA:0x80040cf4 store:0x00000000 load:0x00000000
       59435000	      5844	80013cf6	9f074c83	lbu	x25,-1552(x14)	 x14:0x800336ca x25=0x00000015 PA:0x800330ba load:0x00000015
       59445000	      5845	80013cfa	4f675e83	lhu	x29,1270(x14)	 x14:0x800336ca x29=0x0000b2f6 PA:0x80033bc0 load:0x0000b2f6
       59455000	      5846	80013cfe	01745883	lhu	x17,23(x8)	  x8:0x80040d5d x17=0x0000516e PA:0x80040d74 load:0x0000516e
       59465000	      5847	80013d02	f4d421a3	sw	x13,-189(x8)	  x8:0x80040d5d x13:0x00000000 PA:0x80040ca0 store:0x00000000 load:0x00000000
       59475000	      5848	80013d06	0a340fa3	sb	x3,191(x8)	  x8:0x80040d5d  x3:0x0000001f PA:0x80040e1c store:0x0000001f load:0x00000000
       59485000	      5849	80013d0a	00020217	auipc	x4,0x20	  x4=0x80033d0a
       59495000	      5850	80013d0e	c4c20213	addi	x4,x4,-948	  x4:0x80033d0a  x4=0x80033956
       59505000	      5851	80013d12	0002e097	auipc	x1,0x2e	  x1=0x80041d12
       59515000	      5852	80013d16	2ef08093	addi	x1,x1,751	  x1:0x80041d12  x1=0x80042001
       59525000	      5853	80013d1a	fed08c23	sb	x13,-8(x1)	  x1:0x80042001 x13:0x00000000 PA:0x80041ff9 store:0x00000000 load:0x00000000
       59535000	      5854	80013d1e	ffa08583	lb	x11,-6(x1)	  x1:0x80042001 x11=0xffffffab PA:0x80041ffb load:0xffffffab
       59545000	      5855	80013d22	ffa0c703	lbu	x14,-6(x1)	  x1:0x80042001 x14=0x000000ab PA:0x80041ffb load:0x000000ab
       59555000	      5856	80013d26	c7420f83	lb	x31,-908(x4)	  x4:0x80033956 x31=0x00000050 PA:0x800335ca load:0x00000050
       59565000	      5857	80013d2a	ad924683	lbu	x13,-1319(x4)	  x4:0x80033956 x13=0x000000ec PA:0x8003342f load:0x000000ec
       59575000	      5858	80013d2e	20721e23	sh	x7,540(x4)	  x4:0x80033956  x7:0xffffffa8 PA:0x80033b72 store:0xffffffa8 load:0x00000000
       59585000	      5859	80013d32	00d0d003	lhu	x0,13(x1)	  x1:0x80042001  x0=0x00000000 PA:0x8004200e load:0x0000ef77
       59595000	      5860	80013d36	fe921f23	sh	x9,-2(x4)	  x4:0x80033956  x9:0x0000001e PA:0x80033954 store:0x0000001e load:0x00000000
       59605000	      5861	80013d3a	16d24883	lbu	x17,365(x4)	  x4:0x80033956 x17=0x00000035 PA:0x80033ac3 load:0x00000035
       59615000	      5862	80013d3e	ff909383	lh	x7,-7(x1)	  x1:0x80042001  x7=0xffffab4c PA:0x80041ffa load:0xffffab4c
       59625000	      5863	80013d42	24620da3	sb	x6,603(x4)	  x4:0x80033956  x6:0x00000008 PA:0x80033bb1 store:0x00000008 load:0x00000000
       59635000	      5864	80013d46	00908023	sb	x9,0(x1)	  x1:0x80042001  x9:0x0000001e PA:0x80042001 store:0x0000001e load:0x00000000
       59645000	      5865	80013d4a	eaf24b83	lbu	x23,-337(x4)	  x4:0x80033956 x23=0x000000a4 PA:0x80033805 load:0x000000a4
       59655000	      5866	80013d4e	00709883	lh	x17,7(x1)	  x1:0x80042001 x17=0xffffc006 PA:0x80042008 load:0xffffc006
       59665000	      5867	80013d52	ee320c83	lb	x25,-285(x4)	  x4:0x80033956 x25=0x00000055 PA:0x80033839 load:0x00000055
       59675000	      5868	80013d56	ffe089a3	sb	x30,-13(x1)	  x1:0x80042001 x30:0x00000014 PA:0x80041ff4 store:0x00000014 load:0x00000000
       59685000	      5869	80013d5a	0050c703	lbu	x14,5(x1)	  x1:0x80042001 x14=0x0000008f PA:0x80042006 load:0x0000008f
       59695000	      5870	80013d5e	00026817	auipc	x16,0x26	 x16=0x80039d5e
       59705000	      5871	80013d62	94f80813	addi	x16,x16,-1713	 x16:0x80039d5e x16=0x800396ad
       59715000	      5872	80013d66	00020217	auipc	x4,0x20	  x4=0x80033d66
       59725000	      5873	80013d6a	09a20213	addi	x4,x4,154	  x4:0x80033d66  x4=0x80033e00
       59735000	      5874	80013d6e	03985003	lhu	x0,57(x16)	 x16:0x800396ad  x0=0x00000000 PA:0x800396e6 load:0x0000d1cd
       59745000	      5875	80013d72	f3a84e03	lbu	x28,-198(x16)	 x16:0x800396ad x28=0x00000072 PA:0x800395e7 load:0x00000072
       59755000	      5876	80013d76	ff520303	lb	x6,-11(x4)	  x4:0x80033e00  x6=0x0000006f PA:0x80033df5 load:0x0000006f
       59765000	      5877	80013d7a	fff80b23	sb	x31,-10(x16)	 x16:0x800396ad x31:0x00000050 PA:0x800396a3 store:0x00000050 load:0x00000000
       59775000	      5878	80013d7e	06d85403	lhu	x8,109(x16)	 x16:0x800396ad  x8=0x000087ba PA:0x8003971a load:0x000087ba
       59785000	      5879	80013d82	08585003	lhu	x0,133(x16)	 x16:0x800396ad  x0=0x00000000 PA:0x80039732 load:0x000040a8
       59795000	      5880	80013d86	fec21a03	lh	x20,-20(x4)	  x4:0x80033e00 x20=0x00005846 PA:0x80033dec load:0x00005846
       59805000	      5881	80013d8a	fb081da3	sh	x16,-69(x16)	 x16:0x800396ad x16:0x800396ad PA:0x80039668 store:0x800396ad load:0x00000000
       59815000	      5882	80013d8e	01e21623	sh	x30,12(x4)	  x4:0x80033e00 x30:0x00000014 PA:0x80033e0c store:0x00000014 load:0x00000000
       59825000	      5883	80013d92	03820ea3	sb	x24,61(x4)	  x4:0x80033e00 x24:0x80033524 PA:0x80033e3d store:0x80033524 load:0x00000000
       59835000	      5884	80013d96	076807a3	sb	x22,111(x16)	 x16:0x800396ad x22:0x1e32ecc0 PA:0x8003971c store:0x1e32ecc0 load:0x00000000
       59845000	      5885	80013d9a	02824403	lbu	x8,40(x4)	  x4:0x80033e00  x8=0x0000006e PA:0x80033e28 load:0x0000006e
       59855000	      5886	80013d9e	f7781583	lh	x11,-137(x16)	 x16:0x800396ad x11=0xffffaabe PA:0x80039624 load:0xffffaabe
       59865000	      5887	80013da2	fdb84283	lbu	x5,-37(x16)	 x16:0x800396ad  x5=0x00000090 PA:0x80039688 load:0x00000090
       59875000	      5888	80013da6	fc520703	lb	x14,-59(x4)	  x4:0x80033e00 x14=0x00000078 PA:0x80033dc5 load:0x00000078
       59885000	      5889	80013daa	0001fc17	auipc	x24,0x1f	 x24=0x80032daa
       59895000	      5890	80013dae	4e3c0c13	addi	x24,x24,1251	 x24:0x80032daa x24=0x8003328d
       59905000	      5891	80013db2	004c4303	lbu	x6,4(x24)	 x24:0x8003328d  x6=0x00000016 PA:0x80033291 load:0x00000016
       59915000	      5892	80013db6	ff6c0183	lb	x3,-10(x24)	 x24:0x8003328d  x3=0x0000001b PA:0x80033283 load:0x0000001b
       59925000	      5893	80013dba	ff6c0c83	lb	x25,-10(x24)	 x24:0x8003328d x25=0x0000001b PA:0x80033283 load:0x0000001b
       59935000	      5894	80013dbe	ff6c4403	lbu	x8,-10(x24)	 x24:0x8003328d  x8=0x0000001b PA:0x80033283 load:0x0000001b
       59945000	      5895	80013dc2	00ec4283	lbu	x5,14(x24)	 x24:0x8003328d  x5=0x00000080 PA:0x8003329b load:0x00000080
       59955000	      5896	80013dc6	00dc5583	lhu	x11,13(x24)	 x24:0x8003328d x11=0x000080d6 PA:0x8003329a load:0x000080d6
       59965000	      5897	80013dca	00dc0803	lb	x16,13(x24)	 x24:0x8003328d x16=0xffffffd6 PA:0x8003329a load:0xffffffd6
       59975000	      5898	80013dce	40ff81b3	sub	x3,x31,x15	 x31:0x00000050 x15:0x8004cce4  x3=0x7ffb336c
       60005000	      5901	80013dd2	02618433	mul	x8,x3,x6	  x3:0x7ffb336c  x6:0x00000016  x8=0xff966b48
       60015000	      5902	80013dd6	01ec06a3	sb	x30,13(x24)	 x24:0x8003328d x30:0x00000014 PA:0x8003329a store:0x00000014 load:0x00000000
       60025000	      5903	80013dda	b3de7b37	lui	x22,0xb3de7	 x22=0xb3de7000
       60395000	      5940	80013dde	03ecfeb3	remu	x29,x25,x30	 x25:0x0000001b x30:0x00000014 x29=0x00000007
       60435000	      5944	80013de2	02b294b3	mulh	x9,x5,x11	  x5:0x00000080 x11:0x000080d6  x9=0x00000000
       60445000	      5945	80013de6	01ec06a3	sb	x30,13(x24)	 x24:0x8003328d x30:0x00000014 PA:0x8003329a store:0x00000014 load:0x00000000
       60455000	      5946	80013dea	00dc0603	lb	x12,13(x24)	 x24:0x8003328d x12=0x00000014 PA:0x8003329a load:0x00000014
       60465000	      5947	80013dee	8242	c.mv	x4,x16	  x0:0x00000000 x16:0xffffffd6  x4=0xffffffd6
       60475000	      5948	80013df0	014c06a3	sb	x20,13(x24)	 x24:0x8003328d x20:0x00005846 PA:0x8003329a store:0x00005846 load:0x00000000
       60485000	      5949	80013df4	00dc4e83	lbu	x29,13(x24)	 x24:0x8003328d x29=0x00000046 PA:0x8003329a load:0x00000046
       60495000	      5950	80013df8	000c06a3	sb	x0,13(x24)	 x24:0x8003328d  x0:0x00000000 PA:0x8003329a store:0x00000000 load:0x00000000
       60505000	      5951	80013dfc	00dc1503	lh	x10,13(x24)	 x24:0x8003328d x10=0xffff8000 PA:0x8003329a load:0xffff8000
       60515000	      5952	80013e00	00020c97	auipc	x25,0x20	 x25=0x80033e00
       60525000	      5953	80013e04	ba2c8c93	addi	x25,x25,-1118	 x25:0x80033e00 x25=0x800339a2
       60535000	      5954	80013e08	53f22313	slti	x6,x4,1343	  x4:0xffffffd6  x6=0x00000001
       60545000	      5955	80013e0c	fe7cc983	lbu	x19,-25(x25)	 x25:0x800339a2 x19=0x0000002c PA:0x80033989 load:0x0000002c
       60555000	      5956	80013e10	fe7c8c03	lb	x24,-25(x25)	 x25:0x800339a2 x24=0x0000002c PA:0x80033989 load:0x0000002c
       60565000	      5957	80013e14	fe7c8083	lb	x1,-25(x25)	 x25:0x800339a2  x1=0x0000002c PA:0x80033989 load:0x0000002c
       60575000	      5958	80013e18	0000100f	fence.i	
       60625000	      5963	80013e1c	034cb9b3	mulhu	x19,x25,x20	 x25:0x800339a2 x20:0x00005846 x19=0x00002c24
       60635000	      5964	80013e20	00b358b3	srl	x17,x6,x11	  x6:0x00000001 x11:0x000080d6 x17=0x00000000
       60645000	      5965	80013e24	fe7cc583	lbu	x11,-25(x25)	 x25:0x800339a2 x11=0x0000002c PA:0x80033989 load:0x0000002c
       60655000	      5966	80013e28	00cc8383	lb	x7,12(x25)	 x25:0x800339a2  x7=0x0000007b PA:0x800339ae load:0x0000007b
       60665000	      5967	80013e2c	00cc8203	lb	x4,12(x25)	 x25:0x800339a2  x4=0x0000007b PA:0x800339ae load:0x0000007b
       60685000	      5969	80013e30	004c9623	sh	x4,12(x25)	 x25:0x800339a2  x4:0x0000007b PA:0x800339ae store:0x0000007b load:0x00000000
       60695000	      5970	80013e34	00ccc183	lbu	x3,12(x25)	 x25:0x800339a2  x3=0x0000007b PA:0x800339ae load:0x0000007b
       60705000	      5971	80013e38	00cc9d83	lh	x27,12(x25)	 x25:0x800339a2 x27=0x0000007b PA:0x800339ae load:0x0000007b
       60715000	      5972	80013e3c	013c8623	sb	x19,12(x25)	 x25:0x800339a2 x19:0x00002c24 PA:0x800339ae store:0x00002c24 load:0x00000000
       60725000	      5973	80013e40	00cccf03	lbu	x30,12(x25)	 x25:0x800339a2 x30=0x00000024 PA:0x800339ae load:0x00000024
       60735000	      5974	80013e44	1c14c913	xori	x18,x9,449	  x9:0x00000000 x18=0x000001c1
       60745000	      5975	80013e48	00ccdb83	lhu	x23,12(x25)	 x25:0x800339a2 x23=0x00000024 PA:0x800339ae load:0x00000024
       60755000	      5976	80013e4c	012c9623	sh	x18,12(x25)	 x25:0x800339a2 x18:0x000001c1 PA:0x800339ae store:0x000001c1 load:0x00000000
       60765000	      5977	80013e50	0001fb97	auipc	x23,0x1f	 x23=0x80032e50
       60775000	      5978	80013e54	248b8b93	addi	x23,x23,584	 x23:0x80032e50 x23=0x80033098
       60785000	      5979	80013e58	415f83b3	sub	x7,x31,x21	 x31:0x00000050 x21:0x00000009  x7=0x00000047
       61155000	      6016	80013e5c	02184eb3	div	x29,x16,x1	 x16:0xffffffd6  x1:0x0000002c x29=0x00000000
       61165000	      6017	80013e60	362bbc93	sltiu	x25,x23,866	 x23:0x80033098 x25=0x00000000
       61175000	      6018	80013e64	0e4b8e03	lb	x28,228(x23)	 x23:0x80033098 x28=0xffffffb1 PA:0x8003317c load:0xffffffb1
       61185000	      6019	80013e68	0e4bd703	lhu	x14,228(x23)	 x23:0x80033098 x14=0x000005b1 PA:0x8003317c load:0x000005b1
       61195000	      6020	80013e6c	0fbb8223	sb	x27,228(x23)	 x23:0x80033098 x27:0x0000007b PA:0x8003317c store:0x0000007b load:0x00000000
       61205000	      6021	80013e70	8429	c.srai	x8,0xa	  x8:0xff966b48  x8=0xffffe59a
       61215000	      6022	80013e72	0e7ba223	sw	x7,228(x23)	 x23:0x80033098  x7:0x00000047 PA:0x8003317c store:0x00000047 load:0x00000000
       61225000	      6023	80013e76	2bdb8e83	lb	x29,701(x23)	 x23:0x80033098 x29=0x00000068 PA:0x80033355 load:0x00000068
       61235000	      6024	80013e7a	2b7b8ea3	sb	x23,701(x23)	 x23:0x80033098 x23:0x80033098 PA:0x80033355 store:0x80033098 load:0x00000000
       61245000	      6025	80013e7e	2bdb8983	lb	x19,701(x23)	 x23:0x80033098 x19=0xffffff98 PA:0x80033355 load:0xffffff98
       61255000	      6026	80013e82	18f63193	sltiu	x3,x12,399	 x12:0x00000014  x3=0x00000001
       61265000	      6027	80013e86	2bdb8503	lb	x10,701(x23)	 x23:0x80033098 x10=0xffffff98 PA:0x80033355 load:0xffffff98
       61275000	      6028	80013e8a	1ebb8f23	sb	x11,510(x23)	 x23:0x80033098 x11:0x0000002c PA:0x80033296 store:0x0000002c load:0x00000000
       61285000	      6029	80013e8e	1ebb8f23	sb	x11,510(x23)	 x23:0x80033098 x11:0x0000002c PA:0x80033296 store:0x0000002c load:0x00000000
       61295000	      6030	80013e92	1febd883	lhu	x17,510(x23)	 x23:0x80033098 x17=0x0000ff2c PA:0x80033296 load:0x0000ff2c
       61305000	      6031	80013e96	1f0b9f23	sh	x16,510(x23)	 x23:0x80033098 x16:0xffffffd6 PA:0x80033296 store:0xffffffd6 load:0x00000000
       61315000	      6032	80013e9a	1feb8703	lb	x14,510(x23)	 x23:0x80033098 x14=0xffffffd6 PA:0x80033296 load:0xffffffd6
       61325000	      6033	80013e9e	41bb80a3	sb	x27,1025(x23)	 x23:0x80033098 x27:0x0000007b PA:0x80033499 store:0x0000007b load:0x00000000
       61335000	      6034	80013ea2	401bcc03	lbu	x24,1025(x23)	 x23:0x80033098 x24=0x0000007b PA:0x80033499 load:0x0000007b
       61345000	      6035	80013ea6	409b80a3	sb	x9,1025(x23)	 x23:0x80033098  x9:0x00000000 PA:0x80033499 store:0x00000000 load:0x00000000
       61355000	      6036	80013eaa	0001f517	auipc	x10,0x1f	 x10=0x80032eaa
       61365000	      6037	80013eae	19e50513	addi	x10,x10,414	 x10:0x80032eaa x10=0x80033048
       61375000	      6038	80013eb2	2eb13e37	lui	x28,0x2eb13	 x28=0x2eb13000
       61385000	      6039	80013eb6	9572	c.add	x10,x28	 x10:0x80033048 x28:0x2eb13000 x10=0xaeb46048
       61395000	      6040	80013eb8	020502a3	sb	x0,37(x10)	 x10:0xaeb46048  x0:0x00000000 PA:0xaeb4606d store:0x00000000 load:0x00000000
       61405000	      6041	80013ebc	a0350ea3	sb	x3,-1507(x10)	 x10:0xaeb46048  x3:0x00000001 PA:0xaeb45a65 store:0x00000001 load:0x00000000
       61415000	      6042	80013ec0	0c450323	sb	x4,198(x10)	 x10:0xaeb46048  x4:0x0000007b PA:0xaeb4610e store:0x0000007b load:0x00000000
       61425000	      6043	80013ec4	1c5505a3	sb	x5,459(x10)	 x10:0xaeb46048  x5:0x00000080 PA:0xaeb46213 store:0x00000080 load:0x00000000
       61435000	      6044	80013ec8	d2650523	sb	x6,-726(x10)	 x10:0xaeb46048  x6:0x00000001 PA:0xaeb45d72 store:0x00000001 load:0x00000000
       61445000	      6045	80013ecc	7c951523	sh	x9,1994(x10)	 x10:0xaeb46048  x9:0x00000000 PA:0xaeb46812 store:0x00000000 load:0x00000000
       61455000	      6046	80013ed0	02554683	lbu	x13,37(x10)	 x10:0xaeb46048 x13=0x00000000 PA:0xaeb4606d load:0x00000000
       61465000	      6047	80013ed4	81250f23	sb	x18,-2018(x10)	 x10:0xaeb46048 x18:0x000001c1 PA:0xaeb45866 store:0x000001c1 load:0x00000000
       61475000	      6048	80013ed8	bc251123	sh	x2,-1086(x10)	 x10:0xaeb46048  x2:0x80048e50 PA:0xaeb45c0a store:0x80048e50 load:0x00000000
       61485000	      6049	80013edc	9216	c.add	x4,x5	  x4:0x0000007b  x5:0x00000080  x4=0x000000fb
       61495000	      6050	80013ede	a1d50383	lb	x7,-1507(x10)	 x10:0xaeb46048  x7=0x00000001 PA:0xaeb45a65 load:0x00000001
       61505000	      6051	80013ee2	3652e813	ori	x16,x5,869	  x5:0x00000080 x16=0x000003e5
       61515000	      6052	80013ee6	cf857f13	andi	x30,x10,-776	 x10:0xaeb46048 x30=0xaeb46048
       61525000	      6053	80013eea	8cf1	c.and	x9,x12	  x9:0x00000000 x12:0x00000014  x9=0x00000000
       61535000	      6054	80013eec	8a89	c.andi	x13,2	 x13:0x00000000 x13=0x00000000
       61545000	      6055	80013eee	00b14b33	xor	x22,x2,x11	  x2:0x80048e50 x11:0x0000002c x22=0x80048e7c
       61555000	      6056	80013ef2	0001	c.addi	x0,0	  x0:0x00000000  x0=0x00000000
       61565000	      6057	80013ef4	0c650b03	lb	x22,198(x10)	 x10:0xaeb46048 x22=0x0000007b PA:0xaeb4610e load:0x0000007b
       61575000	      6058	80013ef8	00ae9233	sll	x4,x29,x10	 x29:0x00000068 x10:0xaeb46048  x4=0x00006800
       61585000	      6059	80013efc	0040b033	sltu	x0,x1,x4	  x1:0x0000002c  x4:0x00006800  x0=0x00000000
       61595000	      6060	80013f00	1cb54c83	lbu	x25,459(x10)	 x10:0xaeb46048 x25=0x00000080 PA:0xaeb46213 load:0x00000080
       61605000	      6061	80013f04	d2a50a03	lb	x20,-726(x10)	 x10:0xaeb46048 x20=0x00000001 PA:0xaeb45d72 load:0x00000001
       61615000	      6062	80013f08	8dc50823	sb	x28,-1840(x10)	 x10:0xaeb46048 x28:0x2eb13000 PA:0xaeb45918 store:0x2eb13000 load:0x00000000
       61625000	      6063	80013f0c	0000100f	fence.i	
       61645000	      6065	80013f10	39050d23	sb	x16,922(x10)	 x10:0xaeb46048 x16:0x000003e5 PA:0xaeb463e2 store:0x000003e5 load:0x00000000
       61655000	      6066	80013f14	7ca55383	lhu	x7,1994(x10)	 x10:0xaeb46048  x7=0x00000000 PA:0xaeb46812 load:0x00000000
       61665000	      6067	80013f18	0001fc17	auipc	x24,0x1f	 x24=0x80032f18
       61675000	      6068	80013f1c	193c0c13	addi	x24,x24,403	 x24:0x80032f18 x24=0x800330ab
       61685000	      6069	80013f20	99ce	c.add	x19,x19	 x19:0xffffff98 x19:0xffffff98 x19=0xffffff30
       61695000	      6070	80013f22	9d86	c.add	x27,x1	 x27:0x0000007b  x1:0x0000002c x27=0x000000a7
       61705000	      6071	80013f24	1ffd	c.addi	x31,-1	 x31:0x00000050 x31=0x0000004f
       61715000	      6072	80013f26	073c5303	lhu	x6,115(x24)	 x24:0x800330ab  x6=0x00003b0b PA:0x8003311e load:0x00003b0b
       61725000	      6073	80013f2a	0a3c1aa3	sh	x3,181(x24)	 x24:0x800330ab  x3:0x00000001 PA:0x80033160 store:0x00000001 load:0x00000000
       61735000	      6074	80013f2e	003eea33	or	x20,x29,x3	 x29:0x00000068  x3:0x00000001 x20=0x00000069
       61745000	      6075	80013f32	0f0a	c.slli	x30,0x2	 x30:0xaeb46048 x30=0xbad18120
       61755000	      6076	80013f34	41b084b3	sub	x9,x1,x27	  x1:0x0000002c x27:0x000000a7  x9=0xffffff85
       61765000	      6077	80013f38	fcdc1583	lh	x11,-51(x24)	 x24:0x800330ab x11=0xffffff66 PA:0x80033078 load:0xffffff66
       61775000	      6078	80013f3c	006edd13	srli	x26,x29,0x6	 x29:0x00000068 x26=0x00000001
       61785000	      6079	80013f40	0ebc17a3	sh	x11,239(x24)	 x24:0x800330ab x11:0xffffff66 PA:0x8003319a store:0xffffff66 load:0x00000000
       61795000	      6080	80013f44	0001	c.addi	x0,0	  x0:0x00000000  x0=0x00000000
       61805000	      6081	80013f46	62c1	c.lui	x5,0x10	  x5=0x00010000
       61815000	      6082	80013f48	0a4c0523	sb	x4,170(x24)	 x24:0x800330ab  x4:0x00006800 PA:0x80033155 store:0x00006800 load:0x00000000
       61825000	      6083	80013f4c	006c1ba3	sh	x6,23(x24)	 x24:0x800330ab  x6:0x00003b0b PA:0x800330c2 store:0x00003b0b load:0x00000000
       61835000	      6084	80013f50	8ea9	c.xor	x13,x10	 x13:0x00000000 x10:0xaeb46048 x13=0xaeb46048
       62205000	      6121	80013f52	03ef4e33	div	x28,x30,x30	 x30:0xbad18120 x30:0xbad18120 x28=0x00000001
       62215000	      6122	80013f56	0fec20a3	sw	x30,225(x24)	 x24:0x800330ab x30:0xbad18120 PA:0x8003318c store:0xbad18120 load:0x00000000
       62245000	      6125	80013f5a	02b68d33	mul	x26,x13,x11	 x13:0xaeb46048 x11:0xffffff66 x26=0xe77e14b0
       62255000	      6126	80013f5e	8486	c.mv	x9,x1	  x0:0x00000000  x1:0x0000002c  x9=0x0000002c
       62265000	      6127	80013f60	049c1e03	lh	x28,73(x24)	 x24:0x800330ab x28=0x00000000 PA:0x800330f4 load:0x00000000
       62275000	      6128	80013f64	079c5f83	lhu	x31,121(x24)	 x24:0x800330ab x31=0x00009a1b PA:0x80033124 load:0x00009a1b
       62285000	      6129	80013f68	0cbc5303	lhu	x6,203(x24)	 x24:0x800330ab  x6=0x000023f5 PA:0x80033176 load:0x000023f5
       62295000	      6130	80013f6c	0001	c.addi	x0,0	  x0:0x00000000  x0=0x00000000
       62335000	      6134	80013f6e	024dba33	mulhu	x20,x27,x4	 x27:0x000000a7  x4:0x00006800 x20=0x00000000
       62345000	      6135	80013f72	0ff0000f	fence	iorw,iorw	
       62355000	      6136	80013f76	0dcc4703	lbu	x14,220(x24)	 x24:0x800330ab x14=0x000000d5 PA:0x80033187 load:0x000000d5
       62365000	      6137	80013f7a	0000100f	fence.i	
       62395000	      6140	80013f7e	0b5c1303	lh	x6,181(x24)	 x24:0x800330ab  x6=0x00000001 PA:0x80033160 load:0x00000001
       62405000	      6141	80013f82	fbac15a3	sh	x26,-85(x24)	 x24:0x800330ab x26:0xe77e14b0 PA:0x80033056 store:0xe77e14b0 load:0x00000000
       62415000	      6142	80013f86	24140497	auipc	x9,0x24140	  x9=0xa4153f86
       62425000	      6143	80013f8a	78f00713	addi	x14,x0,1935	  x0:0x00000000 x14=0x0000078f
       62435000	      6144	80013f8e	035c4683	lbu	x13,53(x24)	 x24:0x800330ab x13=0x000000f5 PA:0x800330e0 load:0x000000f5
       62445000	      6145	80013f92	34888813	addi	x16,x17,840	 x17:0x0000ff2c x16=0x00010274
       62455000	      6146	80013f96	056c4d03	lbu	x26,86(x24)	 x24:0x800330ab x26=0x00000018 PA:0x80033101 load:0x00000018
       62465000	      6147	80013f9a	063c4a03	lbu	x20,99(x24)	 x24:0x800330ab x20=0x0000007e PA:0x8003310e load:0x0000007e
       62475000	      6148	80013f9e	fc4c12a3	sh	x4,-59(x24)	 x24:0x800330ab  x4:0x00006800 PA:0x80033070 store:0x00006800 load:0x00000000
       62485000	      6149	80013fa2	031c4803	lbu	x16,49(x24)	 x24:0x800330ab x16=0x0000001b PA:0x800330dc load:0x0000001b
       62495000	      6150	80013fa6	fa7c5283	lhu	x5,-89(x24)	 x24:0x800330ab  x5=0x0000422a PA:0x80033052 load:0x0000422a
       62505000	      6151	80013faa	16fd	c.addi	x13,-1	 x13:0x000000f5 x13=0x000000f4
       62515000	      6152	80013fac	0ebc20a3	sw	x11,225(x24)	 x24:0x800330ab x11:0xffffff66 PA:0x8003318c store:0xffffff66 load:0x00000000
       62525000	      6153	80013fb0	00020697	auipc	x13,0x20	 x13=0x80033fb0
       62535000	      6154	80013fb4	a1b68693	addi	x13,x13,-1509	 x13:0x80033fb0 x13=0x800339cb
       62545000	      6155	80013fb8	ff369b03	lh	x22,-13(x13)	 x13:0x800339cb x22=0xffff8a81 PA:0x800339be load:0xffff8a81
       62555000	      6156	80013fbc	03a68003	lb	x0,58(x13)	 x13:0x800339cb  x0=0x00000000 PA:0x80033a05 load:0x00000000
       62565000	      6157	80013fc0	01268303	lb	x6,18(x13)	 x13:0x800339cb  x6=0xffffffb5 PA:0x800339dd load:0xffffffb5
       62575000	      6158	80013fc4	0001	c.addi	x0,0	  x0:0x00000000  x0=0x00000000
       62585000	      6159	80013fc6	ff068983	lb	x19,-16(x13)	 x13:0x800339cb x19=0xffffffd6 PA:0x800339bb load:0xffffffd6
       62965000	      6197	80013fca	0389f2b3	remu	x5,x19,x24	 x19:0xffffffd6 x24:0x800330ab  x5=0x7ffccf2b
       63005000	      6201	80013fce	020d13b3	mulh	x7,x26,x0	 x26:0x00000018  x0:0x00000000  x7=0x00000000
       63015000	      6202	80013fd2	017681a3	sb	x23,3(x13)	 x13:0x800339cb x23:0x80033098 PA:0x800339ce store:0x80033098 load:0x00000000
       63025000	      6203	80013fd6	038680a3	sb	x24,33(x13)	 x13:0x800339cb x24:0x800330ab PA:0x800339ec store:0x800330ab load:0x00000000
       63045000	      6205	80013fda	03c06333	rem	x6,x0,x28	  x0:0x00000000 x28:0x00000000  x6=0x00000000
       63415000	      6242	80013fde	03924533	div	x10,x4,x25	  x4:0x00006800 x25:0x00000080 x10=0x000000d0
       63425000	      6243	80013fe2	0001	c.addi	x0,0	  x0:0x00000000  x0=0x00000000
       63435000	      6244	80013fe4	fd66c183	lbu	x3,-42(x13)	 x13:0x800339cb  x3=0x000000d0 PA:0x800339a1 load:0x000000d0
       63445000	      6245	80013fe8	00c9dcb3	srl	x25,x19,x12	 x19:0xffffffd6 x12:0x00000014 x25=0x00000fff
       63455000	      6246	80013fec	63ed	c.lui	x7,0x1b	  x7=0x0001b000
       63465000	      6247	80013fee	01668433	add	x8,x13,x22	 x13:0x800339cb x22:0xffff8a81  x8=0x8002c44c
       63475000	      6248	80013ff2	014bd8b3	srl	x17,x23,x20	 x23:0x80033098 x20:0x0000007e x17=0x00000002
       63485000	      6249	80013ff6	527d	c.li	x4,-1	  x4=0xffffffff
       63495000	      6250	80013ff8	fc468583	lb	x11,-60(x13)	 x13:0x800339cb x11=0x00000017 PA:0x8003398f load:0x00000017
       63505000	      6251	80013ffc	ffa68c23	sb	x26,-8(x13)	 x13:0x800339cb x26:0x00000018 PA:0x800339c3 store:0x00000018 load:0x00000000
       63515000	      6252	80014000	fd96aa03	lw	x20,-39(x13)	 x13:0x800339cb x20=0xe3b0db35 PA:0x800339a4 load:0xe3b0db35
       63525000	      6253	80014004	fd6693a3	sh	x22,-57(x13)	 x13:0x800339cb x22:0xffff8a81 PA:0x80033992 store:0xffff8a81 load:0x00000000
       63535000	      6254	80014008	55b46f13	ori	x30,x8,1371	  x8:0x8002c44c x30=0x8002c55f
       63545000	      6255	8001400c	0326c403	lbu	x8,50(x13)	 x13:0x800339cb  x8=0x00000038 PA:0x800339fd load:0x00000038
       63555000	      6256	80014010	05f5	c.addi	x11,29	 x11:0x00000017 x11=0x00000034
       63565000	      6257	80014012	d877bc37	lui	x24,0xd877b	 x24=0xd877b000
       63575000	      6258	80014016	01368f83	lb	x31,19(x13)	 x13:0x800339cb x31=0x0000001a PA:0x800339de load:0x0000001a
       63585000	      6259	8001401a	ffe6c303	lbu	x6,-2(x13)	 x13:0x800339cb  x6=0x000000fd PA:0x800339c9 load:0x000000fd
       63595000	      6260	8001401e	0006cc83	lbu	x25,0(x13)	 x13:0x800339cb x25=0x00000001 PA:0x800339cb load:0x00000001
       63605000	      6261	80014022	0016c903	lbu	x18,1(x13)	 x13:0x800339cb x18=0x000000f6 PA:0x800339cc load:0x000000f6
       63645000	      6265	80014026	03469a33	mulh	x20,x13,x20	 x13:0x800339cb x20:0xe3b0db35 x20=0x0e273713
       63655000	      6266	8001402a	fc56cb03	lbu	x22,-59(x13)	 x13:0x800339cb x22=0x0000000f PA:0x80033990 load:0x0000000f
       63665000	      6267	8001402e	fec6cc83	lbu	x25,-20(x13)	 x13:0x800339cb x25=0x000000f4 PA:0x800339b7 load:0x000000f4
       63675000	      6268	80014032	0000100f	fence.i	
       63695000	      6270	80014036	84a6	c.mv	x9,x9	  x0:0x00000000  x9:0xa4153f86  x9=0xa4153f86
       63705000	      6271	80014038	01f74db3	xor	x27,x14,x31	 x14:0x0000078f x31:0x0000001a x27=0x00000795
       63715000	      6272	8001403c	fd0aa613	slti	x12,x21,-48	 x21:0x00000009 x12=0x00000000
       63725000	      6273	80014040	0126c283	lbu	x5,18(x13)	 x13:0x800339cb  x5=0x000000b5 PA:0x800339dd load:0x000000b5
       63735000	      6274	80014044	fcd6ac03	lw	x24,-51(x13)	 x13:0x800339cb x24=0x8e454d50 PA:0x80033998 load:0x8e454d50
       63745000	      6275	80014048	03568423	sb	x21,40(x13)	 x13:0x800339cb x21:0x00000009 PA:0x800339f3 store:0x00000009 load:0x00000000
       63755000	      6276	8001404c	0117ac33	slt	x24,x15,x17	 x15:0x8004cce4 x17:0x00000002 x24=0x00000001
       63765000	      6277	80014050	fd268c83	lb	x25,-46(x13)	 x13:0x800339cb x25=0x00000000 PA:0x8003399d load:0x00000000
       63775000	      6278	80014054	0836	c.slli	x16,0xd	 x16:0x0000001b x16=0x00036000
       63785000	      6279	80014056	0276dc83	lhu	x25,39(x13)	 x13:0x800339cb x25=0x000009d6 PA:0x800339f2 load:0x000009d6
       63795000	      6280	8001405a	038686a3	sb	x24,45(x13)	 x13:0x800339cb x24:0x00000001 PA:0x800339f8 store:0x00000001 load:0x00000000
       63805000	      6281	8001405e	fe76c283	lbu	x5,-25(x13)	 x13:0x800339cb  x5=0x00000000 PA:0x800339b2 load:0x00000000
       63815000	      6282	80014062	0009ba33	sltu	x20,x19,x0	 x19:0xffffffd6  x0:0x00000000 x20=0x00000000
       63825000	      6283	80014066	00569c83	lh	x25,5(x13)	 x13:0x800339cb x25=0xffffdea5 PA:0x800339d0 load:0xffffdea5
       63835000	      6284	8001406a	ff468c83	lb	x25,-12(x13)	 x13:0x800339cb x25=0xffffff8a PA:0x800339bf load:0xffffff8a
       63845000	      6285	8001406e	01d69f03	lh	x30,29(x13)	 x13:0x800339cb x30=0xffffda75 PA:0x800339e8 load:0xffffda75
       63855000	      6286	80014072	fc768823	sb	x7,-48(x13)	 x13:0x800339cb  x7:0x0001b000 PA:0x8003399b store:0x0001b000 load:0x00000000
       63865000	      6287	80014076	ab7b8293	addi	x5,x23,-1353	 x23:0x80033098  x5=0x80032b4f
       63875000	      6288	8001407a	fd26c983	lbu	x19,-46(x13)	 x13:0x800339cb x19=0x00000000 PA:0x8003399d load:0x00000000
       63885000	      6289	8001407e	00020717	auipc	x14,0x20	 x14=0x8003407e
       63895000	      6290	80014082	9ce70713	addi	x14,x14,-1586	 x14:0x8003407e x14=0x80033a4c
       63905000	      6291	80014086	00811093	slli	x1,x2,0x8	  x2:0x80048e50  x1=0x048e5000
       63915000	      6292	8001408a	00770303	lb	x6,7(x14)	 x14:0x80033a4c  x6=0x00000046 PA:0x80033a53 load:0x00000046
       64285000	      6329	8001408e	028f66b3	rem	x13,x30,x8	 x30:0xffffda75  x8:0x00000038 x13=0xffffffdd
       64325000	      6333	80014092	02d4a2b3	mulhsu	x5,x9,x13	  x9:0xa4153f86 x13:0xffffffdd  x5=0xa4153f92
       64335000	      6334	80014096	8209	c.srli	x12,0x2	 x12:0x00000000 x12=0x00000000
       64345000	      6335	80014098	ffb70ca3	sb	x27,-7(x14)	 x14:0x80033a4c x27:0x00000795 PA:0x80033a45 store:0x00000795 load:0x00000000
       64355000	      6336	8001409c	e2d76d93	ori	x27,x14,-467	 x14:0x80033a4c x27=0xfffffe6d
       64365000	      6337	800140a0	fe570aa3	sb	x5,-11(x14)	 x14:0x80033a4c  x5:0xa4153f92 PA:0x80033a41 store:0xa4153f92 load:0x00000000
       64375000	      6338	800140a4	00165933	srl	x18,x12,x1	 x12:0x00000000  x1:0x048e5000 x18=0x00000000
       64385000	      6339	800140a8	80ed	c.srli	x9,0x1b	  x9:0xa4153f86  x9=0x00000014
       64395000	      6340	800140aa	00370903	lb	x18,3(x14)	 x14:0x80033a4c x18=0x0000006d PA:0x80033a4f load:0x0000006d
       64405000	      6341	800140ae	00f74e03	lbu	x28,15(x14)	 x14:0x80033a4c x28=0x000000b6 PA:0x80033a5b load:0x000000b6
       64415000	      6342	800140b2	8dbd	c.xor	x11,x15	 x11:0x00000034 x15:0x8004cce4 x11=0x8004ccd0
       64425000	      6343	800140b4	8ce1	c.and	x9,x8	  x9:0x00000014  x8:0x00000038  x9=0x00000010
       64435000	      6344	800140b6	00275303	lhu	x6,2(x14)	 x14:0x80033a4c  x6=0x00006d57 PA:0x80033a4e load:0x00006d57
       64445000	      6345	800140ba	0dfe	c.slli	x27,0x1f	 x27:0xfffffe6d x27=0x80000000
       64455000	      6346	800140bc	0ff0000f	fence	iorw,iorw	
       64465000	      6347	800140c0	8469	c.srai	x8,0x1a	  x8:0x00000038  x8=0x00000000
       64475000	      6348	800140c2	003436b3	sltu	x13,x8,x3	  x8:0x00000000  x3:0x000000d0 x13=0x00000001
       64485000	      6349	800140c6	00374403	lbu	x8,3(x14)	 x14:0x80033a4c  x8=0x0000006d PA:0x80033a4f load:0x0000006d
       64495000	      6350	800140ca	412786b3	sub	x13,x15,x18	 x15:0x8004cce4 x18:0x0000006d x13=0x8004cc77
       64505000	      6351	800140ce	0001	c.addi	x0,0	  x0:0x00000000  x0=0x00000000
       64515000	      6352	800140d0	01e70223	sb	x30,4(x14)	 x14:0x80033a4c x30:0xffffda75 PA:0x80033a50 store:0xffffda75 load:0x00000000
       64525000	      6353	800140d4	46d475b7	lui	x11,0x46d47	 x11=0x46d47000
       64535000	      6354	800140d8	8e7d	c.and	x12,x15	 x12:0x00000000 x15:0x8004cce4 x12=0x00000000
       64545000	      6355	800140da	4925	c.li	x18,9	 x18=0x00000009
       64555000	      6356	800140dc	01c706a3	sb	x28,13(x14)	 x14:0x80033a4c x28:0x000000b6 PA:0x80033a59 store:0x000000b6 load:0x00000000
       64565000	      6357	800140e0	1ee06813	ori	x16,x0,494	  x0:0x00000000 x16=0x000001ee
       64575000	      6358	800140e4	65cf6513	ori	x10,x30,1628	 x30:0xffffda75 x10=0xffffde7d
       64585000	      6359	800140e8	004c55b3	srl	x11,x24,x4	 x24:0x00000001  x4:0xffffffff x11=0x00000000
       64595000	      6360	800140ec	ff471203	lh	x4,-12(x14)	 x14:0x80033a4c  x4=0xffff9276 PA:0x80033a40 load:0xffff9276
       64605000	      6361	800140f0	80b9	c.srli	x9,0xe	  x9:0x00000010  x9=0x00000000
       64615000	      6362	800140f2	8985	c.andi	x11,1	 x11:0x00000000 x11=0x00000000
       64625000	      6363	800140f4	ffb72c23	sw	x27,-8(x14)	 x14:0x80033a4c x27:0x80000000 PA:0x80033a44 store:0x80000000 load:0x00000000
       64635000	      6364	800140f8	dddbc193	xori	x3,x23,-547	 x23:0x80033098  x3=0x7ffccd45
       64645000	      6365	800140fc	0001	c.addi	x0,0	  x0:0x00000000  x0=0x00000000
       64655000	      6366	800140fe	01305fb3	srl	x31,x0,x19	  x0:0x00000000 x19:0x00000000 x31=0x00000000
       64665000	      6367	80014102	00475883	lhu	x17,4(x14)	 x14:0x80033a4c x17=0x00004775 PA:0x80033a50 load:0x00004775
       64675000	      6368	80014106	0001f717	auipc	x14,0x1f	 x14=0x80033106
       64685000	      6369	8001410a	30170713	addi	x14,x14,769	 x14:0x80033106 x14=0x80033407
       64695000	      6370	8001410e	dab70283	lb	x5,-597(x14)	 x14:0x80033407  x5=0xfffffffb PA:0x800331b2 load:0xfffffffb
       64705000	      6371	80014112	60d70403	lb	x8,1549(x14)	 x14:0x80033407  x8=0xffffffc9 PA:0x80033a14 load:0xffffffc9
       64715000	      6372	80014116	7e2719a3	sh	x2,2035(x14)	 x14:0x80033407  x2:0x80048e50 PA:0x80033bfa store:0x80048e50 load:0x00000000
       64725000	      6373	8001411a	7f370b83	lb	x23,2035(x14)	 x14:0x80033407 x23=0x00000050 PA:0x80033bfa load:0x00000050
       64735000	      6374	8001411e	77d70123	sb	x29,1890(x14)	 x14:0x80033407 x29:0x00000068 PA:0x80033b69 store:0x00000068 load:0x00000000
       64745000	      6375	80014122	76274b83	lbu	x23,1890(x14)	 x14:0x80033407 x23=0x00000068 PA:0x80033b69 load:0x00000068
       64755000	      6376	80014126	76270603	lb	x12,1890(x14)	 x14:0x80033407 x12=0x00000068 PA:0x80033b69 load:0x00000068
       64765000	      6377	8001412a	76270983	lb	x19,1890(x14)	 x14:0x80033407 x19=0x00000068 PA:0x80033b69 load:0x00000068
       64775000	      6378	8001412e	0ff0000f	fence	iorw,iorw	
       64785000	      6379	80014132	76274d03	lbu	x26,1890(x14)	 x14:0x80033407 x26=0x00000068 PA:0x80033b69 load:0x00000068
       64795000	      6380	80014136	76670123	sb	x6,1890(x14)	 x14:0x80033407  x6:0x00006d57 PA:0x80033b69 store:0x00006d57 load:0x00000000
       64805000	      6381	8001413a	76274b83	lbu	x23,1890(x14)	 x14:0x80033407 x23=0x00000057 PA:0x80033b69 load:0x00000057
       64815000	      6382	8001413e	0002fb17	auipc	x22,0x2f	 x22=0x8004313e
       64825000	      6383	80014142	a2fb0b13	addi	x22,x22,-1489	 x22:0x8004313e x22=0x80042b6d
       64865000	      6387	80014146	022a39b3	mulhu	x19,x20,x2	 x20:0x00000000  x2:0x80048e50 x19=0x00000000
       64875000	      6388	8001414a	8bfa	c.mv	x23,x30	  x0:0x00000000 x30:0xffffda75 x23=0xffffda75
       64885000	      6389	8001414c	01d39813	slli	x16,x7,0x1d	  x7:0x0001b000 x16=0x00000000
       64895000	      6390	80014150	0000100f	fence.i	
       64915000	      6392	80014154	1f7d	c.addi	x30,-1	 x30:0xffffda75 x30=0xffffda74
       64925000	      6393	80014156	013b5503	lhu	x10,19(x22)	 x22:0x80042b6d x10=0x0000510b PA:0x80042b80 load:0x0000510b
       64935000	      6394	8001415a	f32b0c23	sb	x18,-200(x22)	 x22:0x80042b6d x18:0x00000009 PA:0x80042aa5 store:0x00000009 load:0x00000000
       64945000	      6395	8001415e	084b13a3	sh	x4,135(x22)	 x22:0x80042b6d  x4:0xffff9276 PA:0x80042bf4 store:0xffff9276 load:0x00000000
       64955000	      6396	80014162	013b1d03	lh	x26,19(x22)	 x22:0x80042b6d x26=0x0000510b PA:0x80042b80 load:0x0000510b
       64965000	      6397	80014166	f64b0183	lb	x3,-156(x22)	 x22:0x80042b6d  x3=0x00000045 PA:0x80042ad1 load:0x00000045
       65005000	      6401	8001416a	03a41533	mulh	x10,x8,x26	  x8:0xffffffc9 x26:0x0000510b x10=0xffffffff
       65015000	      6402	8001416e	0001	c.addi	x0,0	  x0:0x00000000  x0=0x00000000
       65025000	      6403	80014170	8a76	c.mv	x20,x29	  x0:0x00000000 x29:0x00000068 x20=0x00000068
       65035000	      6404	80014172	f74b0c83	lb	x25,-140(x22)	 x22:0x80042b6d x25=0xffffff99 PA:0x80042ae1 load:0xffffff99
       65075000	      6408	80014176	02ed3eb3	mulhu	x29,x26,x14	 x26:0x0000510b x14:0x80033407 x29=0x00002886
       65085000	      6409	8001417a	00ebd933	srl	x18,x23,x14	 x23:0xffffda75 x14:0x80033407 x18=0x01ffffb4
       65095000	      6410	8001417e	fa2b0d03	lb	x26,-94(x22)	 x22:0x80042b6d x26=0x00000072 PA:0x80042b0f load:0x00000072
       65105000	      6411	80014182	8e9d	c.sub	x13,x15	 x13:0x8004cc77 x15:0x8004cce4 x13=0xffffff93
       65115000	      6412	80014184	f7db0fa3	sb	x29,-129(x22)	 x22:0x80042b6d x29:0x00002886 PA:0x80042aec store:0x00002886 load:0x00000000
       65125000	      6413	80014188	029b5e03	lhu	x28,41(x22)	 x22:0x80042b6d x28=0x000062db PA:0x80042b96 load:0x000062db
       65135000	      6414	8001418c	0e5b5f03	lhu	x30,229(x22)	 x22:0x80042b6d x30=0x0000f674 PA:0x80042c52 load:0x0000f674
       65145000	      6415	80014190	f6ab1ca3	sh	x10,-135(x22)	 x22:0x80042b6d x10:0xffffffff PA:0x80042ae6 store:0xffffffff load:0x00000000
       65155000	      6416	80014194	8a7d	c.andi	x12,31	 x12:0x00000068 x12=0x00000008
       65165000	      6417	80014196	f18b0703	lb	x14,-232(x22)	 x22:0x80042b6d x14=0x00000047 PA:0x80042a85 load:0x00000047
       65175000	      6418	8001419a	ffeb0903	lb	x18,-2(x22)	 x22:0x80042b6d x18=0x00000034 PA:0x80042b6b load:0x00000034
       65185000	      6419	8001419e	bc632f93	slti	x31,x6,-1082	  x6:0x00006d57 x31=0x00000000
       65195000	      6420	800141a2	f91b1083	lh	x1,-111(x22)	 x22:0x80042b6d  x1=0xfffffafa PA:0x80042afe load:0xfffffafa
       65235000	      6424	800141a6	03fa3c33	mulhu	x24,x20,x31	 x20:0x00000068 x31:0x00000000 x24=0x00000000
       65605000	      6461	800141aa	0398ebb3	rem	x23,x17,x25	 x17:0x00004775 x25:0xffffff99 x23=0x0000003e
       65645000	      6465	800141ae	02c0b933	mulhu	x18,x1,x12	  x1:0xfffffafa x12:0x00000008 x18=0x00000007
       65655000	      6466	800141b2	000a2fb3	slt	x31,x20,x0	 x20:0x00000068  x0:0x00000000 x31=0x00000000
       65665000	      6467	800141b6	0dfb1a03	lh	x20,223(x22)	 x22:0x80042b6d x20=0x00007d3d PA:0x80042c4c load:0x00007d3d
       65675000	      6468	800141ba	0002bf17	auipc	x30,0x2b	 x30=0x8003f1ba
       65685000	      6469	800141be	67af0f13	addi	x30,x30,1658	 x30:0x8003f1ba x30=0x8003f834
       65695000	      6470	800141c2	027f4403	lbu	x8,39(x30)	 x30:0x8003f834  x8=0x00000033 PA:0x8003f85b load:0x00000033
       65705000	      6471	800141c6	fd9f0983	lb	x19,-39(x30)	 x30:0x8003f834 x19=0x00000050 PA:0x8003f80d load:0x00000050
       65715000	      6472	800141ca	fe4f0f23	sb	x4,-2(x30)	 x30:0x8003f834  x4:0xffff9276 PA:0x8003f832 store:0xffff9276 load:0x00000000
       65725000	      6473	800141ce	0001	c.addi	x0,0	  x0:0x00000000  x0=0x00000000
       65735000	      6474	800141d0	86fa	c.mv	x13,x30	  x0:0x00000000 x30:0x8003f834 x13=0x8003f834
       65745000	      6475	800141d2	fd4f2903	lw	x18,-44(x30)	 x30:0x8003f834 x18=0x22882a77 PA:0x8003f808 load:0x22882a77
       65755000	      6476	800141d6	029f0203	lb	x4,41(x30)	 x30:0x8003f834  x4=0x0000000b PA:0x8003f85d load:0x0000000b
       65795000	      6480	800141da	02e7b5b3	mulhu	x11,x15,x14	 x15:0x8004cce4 x14:0x00000047 x11=0x00000023
       65805000	      6481	800141de	00ff0d83	lb	x27,15(x30)	 x30:0x8003f834 x27=0x00000002 PA:0x8003f843 load:0x00000002
       65815000	      6482	800141e2	8449	c.srai	x8,0x12	  x8:0x00000033  x8=0x00000000
       65825000	      6483	800141e4	019e32b3	sltu	x5,x28,x25	 x28:0x000062db x25:0xffffff99  x5=0x00000001
       65835000	      6484	800141e8	fc2f0183	lb	x3,-62(x30)	 x30:0x8003f834  x3=0xfffffff8 PA:0x8003f7f6 load:0xfffffff8
       65845000	      6485	800141ec	01df09a3	sb	x29,19(x30)	 x30:0x8003f834 x29:0x00002886 PA:0x8003f847 store:0x00002886 load:0x00000000
       65855000	      6486	800141f0	1b06a493	slti	x9,x13,432	 x13:0x8003f834  x9=0x00000001
       65865000	      6487	800141f4	fcff4b03	lbu	x22,-49(x30)	 x30:0x8003f834 x22=0x00000002 PA:0x8003f803 load:0x00000002
       65875000	      6488	800141f8	003f4183	lbu	x3,3(x30)	 x30:0x8003f834  x3=0x000000e3 PA:0x8003f837 load:0x000000e3
       65885000	      6489	800141fc	033f1123	sh	x19,34(x30)	 x30:0x8003f834 x19:0x00000050 PA:0x8003f856 store:0x00000050 load:0x00000000
       65895000	      6490	80014200	01fe1933	sll	x18,x28,x31	 x28:0x000062db x31:0x00000000 x18=0x000062db
       65905000	      6491	80014204	416e5313	srai	x6,x28,0x16	 x28:0x000062db  x6=0x00000000
       65915000	      6492	80014208	a67ff5b7	lui	x11,0xa67ff	 x11=0xa67ff000
       65925000	      6493	8001420c	40e903b3	sub	x7,x18,x14	 x18:0x000062db x14:0x00000047  x7=0x00006294
       65935000	      6494	80014210	dd4e2213	slti	x4,x28,-556	 x28:0x000062db  x4=0x00000000
       65945000	      6495	80014214	8221	c.srli	x12,0x8	 x12:0x00000008 x12=0x00000000
       65955000	      6496	80014216	fc1f4d03	lbu	x26,-63(x30)	 x30:0x8003f834 x26=0x0000001a PA:0x8003f7f5 load:0x0000001a
       65965000	      6497	8001421a	001f4583	lbu	x11,1(x30)	 x30:0x8003f834 x11=0x00000016 PA:0x8003f835 load:0x00000016
       65975000	      6498	8001421e	fd8f1723	sh	x24,-50(x30)	 x30:0x8003f834 x24:0x00000000 PA:0x8003f802 store:0x00000000 load:0x00000000
       65985000	      6499	80014222	ffff0583	lb	x11,-1(x30)	 x30:0x8003f834 x11=0xffffffaf PA:0x8003f833 load:0xffffffaf
       65995000	      6500	80014226	01df0383	lb	x7,29(x30)	 x30:0x8003f834  x7=0xffffffca PA:0x8003f851 load:0xffffffca
       66005000	      6501	8001422a	01df4183	lbu	x3,29(x30)	 x30:0x8003f834  x3=0x000000ca PA:0x8003f851 load:0x000000ca
       66015000	      6502	8001422e	39c64e13	xori	x28,x12,924	 x12:0x00000000 x28=0x0000039c
       66025000	      6503	80014232	932a	c.add	x6,x10	  x6:0x00000000 x10:0xffffffff  x6=0xffffffff
       66035000	      6504	80014234	002f0ea3	sb	x2,29(x30)	 x30:0x8003f834  x2:0x80048e50 PA:0x8003f851 store:0x80048e50 load:0x00000000
       66045000	      6505	80014238	02cf0603	lb	x12,44(x30)	 x30:0x8003f834 x12=0xfffffff2 PA:0x8003f860 load:0xfffffff2
       66055000	      6506	8001423c	fcdf0283	lb	x5,-51(x30)	 x30:0x8003f834  x5=0x00000077 PA:0x8003f801 load:0x00000077
       66065000	      6507	80014240	8c402b13	slti	x22,x0,-1852	  x0:0x00000000 x22=0x00000000
       66075000	      6508	80014244	fedf4303	lbu	x6,-19(x30)	 x30:0x8003f834  x6=0x000000ae PA:0x8003f821 load:0x000000ae
       66085000	      6509	80014248	00c245b3	xor	x11,x4,x12	  x4:0x00000000 x12:0xfffffff2 x11=0xfffffff2
       66095000	      6510	8001424c	ff4f2c83	lw	x25,-12(x30)	 x30:0x8003f834 x25=0x2622cc36 PA:0x8003f828 load:0x2622cc36
       66105000	      6511	80014250	0001	c.addi	x0,0	  x0:0x00000000  x0=0x00000000
       66115000	      6512	80014252	00adaeb3	slt	x29,x27,x10	 x27:0x00000002 x10:0xffffffff x29=0x00000000
       66125000	      6513	80014256	0079ebb3	or	x23,x19,x7	 x19:0x00000050  x7:0xffffffca x23=0xffffffda
       66495000	      6550	8001425a	02ac43b3	div	x7,x24,x10	 x24:0x00000000 x10:0xffffffff  x7=0x00000000
       66505000	      6551	8001425e	fc9f0683	lb	x13,-55(x30)	 x30:0x8003f834 x13=0x00000066 PA:0x8003f7fd load:0x00000066
       66515000	      6552	80014262	00df4283	lbu	x5,13(x30)	 x30:0x8003f834  x5=0x00000097 PA:0x8003f841 load:0x00000097
       66525000	      6553	80014266	03df0ca3	sb	x29,57(x30)	 x30:0x8003f834 x29:0x00000000 PA:0x8003f86d store:0x00000000 load:0x00000000
       66535000	      6554	8001426a	00024f17	auipc	x30,0x24	 x30=0x8003826a
       66545000	      6555	8001426e	01ef0f13	addi	x30,x30,30	 x30:0x8003826a x30=0x80038288
       66555000	      6556	80014272	0001fb17	auipc	x22,0x1f	 x22=0x80033272
       66565000	      6557	80014276	fc0b0b13	addi	x22,x22,-64	 x22:0x80033272 x22=0x80033232
       66575000	      6558	8001427a	fddf4903	lbu	x18,-35(x30)	 x30:0x80038288 x18=0x000000d2 PA:0x80038265 load:0x000000d2
       66585000	      6559	8001427e	f89f4d03	lbu	x26,-119(x30)	 x30:0x80038288 x26=0x000000b9 PA:0x80038211 load:0x000000b9
       66595000	      6560	80014282	ff1b1b23	sh	x17,-10(x22)	 x22:0x80033232 x17:0x00004775 PA:0x80033228 store:0x00004775 load:0x00000000
       66605000	      6561	80014286	f12f1d23	sh	x18,-230(x30)	 x30:0x80038288 x18:0x000000d2 PA:0x800381a2 store:0x000000d2 load:0x00000000
       66615000	      6562	8001428a	07cf2023	sw	x28,96(x30)	 x30:0x80038288 x28:0x0000039c PA:0x800382e8 store:0x0000039c load:0x00000000
       66625000	      6563	8001428e	00db4403	lbu	x8,13(x22)	 x22:0x80033232  x8=0x000000ac PA:0x8003323f load:0x000000ac
       66635000	      6564	80014292	083f0a23	sb	x3,148(x30)	 x30:0x80038288  x3:0x000000ca PA:0x8003831c store:0x000000ca load:0x00000000
       66645000	      6565	80014296	ff1b0503	lb	x10,-15(x22)	 x22:0x80033232 x10=0x00000019 PA:0x80033223 load:0x00000019
       66655000	      6566	8001429a	016f4303	lbu	x6,22(x30)	 x30:0x80038288  x6=0x000000bd PA:0x8003829e load:0x000000bd
       66665000	      6567	8001429e	ff2b4303	lbu	x6,-14(x22)	 x22:0x80033232  x6=0x000000db PA:0x80033224 load:0x000000db
       66675000	      6568	800142a2	01ab2323	sw	x26,6(x22)	 x22:0x80033232 x26:0x000000b9 PA:0x80033238 store:0x000000b9 load:0x00000000
       66685000	      6569	800142a6	f20f0023	sb	x0,-224(x30)	 x30:0x80038288  x0:0x00000000 PA:0x800381a8 store:0x00000000 load:0x00000000
       66695000	      6570	800142aa	ff6b0b23	sb	x22,-10(x22)	 x22:0x80033232 x22:0x80033232 PA:0x80033228 store:0x80033232 load:0x00000000
       66705000	      6571	800142ae	02df4f83	lbu	x31,45(x30)	 x30:0x80038288 x31=0x000000e1 PA:0x800382b5 load:0x000000e1
       66715000	      6572	800142b2	fbff4683	lbu	x13,-65(x30)	 x30:0x80038288 x13=0x000000fb PA:0x80038247 load:0x000000fb
       66725000	      6573	800142b6	ffab5883	lhu	x17,-6(x22)	 x22:0x80033232 x17=0x00005a70 PA:0x8003322c load:0x00005a70
       66735000	      6574	800142ba	f8df4c03	lbu	x24,-115(x30)	 x30:0x80038288 x24=0x00000007 PA:0x80038215 load:0x00000007
       66745000	      6575	800142be	01eb07a3	sb	x30,15(x22)	 x22:0x80033232 x30:0x80038288 PA:0x80033241 store:0x80038288 load:0x00000000
       66755000	      6576	800142c2	009b4303	lbu	x6,9(x22)	 x22:0x80033232  x6=0x00000000 PA:0x8003323b load:0x00000000
       66765000	      6577	800142c6	000b5083	lhu	x1,0(x22)	 x22:0x80033232  x1=0x000018b5 PA:0x80033232 load:0x000018b5
       66775000	      6578	800142ca	00020897	auipc	x17,0x20	 x17=0x800342ca
       66785000	      6579	800142ce	a6e88893	addi	x17,x17,-1426	 x17:0x800342ca x17=0x80033d38
       66795000	      6580	800142d2	fd18c503	lbu	x10,-47(x17)	 x17:0x80033d38 x10=0x00000035 PA:0x80033d09 load:0x00000035
       66805000	      6581	800142d6	0408a383	lw	x7,64(x17)	 x17:0x80033d38  x7=0x4b151d98 PA:0x80033d78 load:0x4b151d98
       66815000	      6582	800142da	01c89f83	lh	x31,28(x17)	 x17:0x80033d38 x31=0xffff90a3 PA:0x80033d54 load:0xffff90a3
       66825000	      6583	800142de	fcc8a583	lw	x11,-52(x17)	 x17:0x80033d38 x11=0x6c5c5d9b PA:0x80033d04 load:0x6c5c5d9b
       66835000	      6584	800142e2	ff7881a3	sb	x23,-29(x17)	 x17:0x80033d38 x23:0xffffffda PA:0x80033d1b store:0xffffffda load:0x00000000
       66845000	      6585	800142e6	4057d733	sra	x14,x15,x5	 x15:0x8004cce4  x5:0x00000097 x14=0xffffff00
       66855000	      6586	800142ea	e1802813	slti	x16,x0,-488	  x0:0x00000000 x16=0x00000000
       66865000	      6587	800142ee	fe388b83	lb	x23,-29(x17)	 x17:0x80033d38 x23=0xffffffda PA:0x80033d1b load:0xffffffda
       66875000	      6588	800142f2	fc189b23	sh	x1,-42(x17)	 x17:0x80033d38  x1:0x000018b5 PA:0x80033d0e store:0x000018b5 load:0x00000000
       66885000	      6589	800142f6	00d88ea3	sb	x13,29(x17)	 x17:0x80033d38 x13:0x000000fb PA:0x80033d55 store:0x000000fb load:0x00000000
       66895000	      6590	800142fa	fe18c803	lbu	x16,-31(x17)	 x17:0x80033d38 x16=0x000000dc PA:0x80033d19 load:0x000000dc
       66905000	      6591	800142fe	fd2888a3	sb	x18,-47(x17)	 x17:0x80033d38 x18:0x000000d2 PA:0x80033d09 store:0x000000d2 load:0x00000000
       66915000	      6592	80014302	03c8aa23	sw	x28,52(x17)	 x17:0x80033d38 x28:0x0000039c PA:0x80033d6c store:0x0000039c load:0x00000000
       66925000	      6593	80014306	ffc889a3	sb	x28,-13(x17)	 x17:0x80033d38 x28:0x0000039c PA:0x80033d2b store:0x0000039c load:0x00000000
       66935000	      6594	8001430a	fee889a3	sb	x14,-13(x17)	 x17:0x80033d38 x14:0xffffff00 PA:0x80033d2b store:0xffffff00 load:0x00000000
       66945000	      6595	8001430e	fd689d03	lh	x26,-42(x17)	 x17:0x80033d38 x26=0x000018b5 PA:0x80033d0e load:0x000018b5
       66955000	      6596	80014312	01f88483	lb	x9,31(x17)	 x17:0x80033d38  x9=0x00000044 PA:0x80033d57 load:0x00000044
       66965000	      6597	80014316	fee8cc03	lbu	x24,-18(x17)	 x17:0x80033d38 x24=0x00000009 PA:0x80033d26 load:0x00000009
       66975000	      6598	8001431a	00788c03	lb	x24,7(x17)	 x17:0x80033d38 x24=0xffffffaa PA:0x80033d3f load:0xffffffaa
       66985000	      6599	8001431e	0001fe17	auipc	x28,0x1f	 x28=0x8003331e
       66995000	      6600	80014322	d2ae0e13	addi	x28,x28,-726	 x28:0x8003331e x28=0x80033048
       67005000	      6601	80014326	6b578cb7	lui	x25,0x6b578	 x25=0x6b578000
       67015000	      6602	8001432a	9e66	c.add	x28,x25	 x28:0x80033048 x25:0x6b578000 x28=0xeb5ab048
       67025000	      6603	8001432c	fa0e1623	sh	x0,-84(x28)	 x28:0xeb5ab048  x0:0x00000000 PA:0xeb5aaff4 store:0x00000000 load:0x00000000
       67035000	      6604	80014330	e42e02a3	sb	x2,-443(x28)	 x28:0xeb5ab048  x2:0x80048e50 PA:0xeb5aae8d store:0x80048e50 load:0x00000000
       67045000	      6605	80014334	d84e0aa3	sb	x4,-619(x28)	 x28:0xeb5ab048  x4:0x00000000 PA:0xeb5aaddd store:0x00000000 load:0x00000000
       67055000	      6606	80014338	665e0323	sb	x5,1638(x28)	 x28:0xeb5ab048  x5:0x00000097 PA:0xeb5ab6ae store:0x00000097 load:0x00000000
       67065000	      6607	8001433c	864e	c.mv	x12,x19	  x0:0x00000000 x19:0x00000050 x12=0x00000050
       67095000	      6610	8001433e	02250433	mul	x8,x10,x2	 x10:0x00000035  x2:0x80048e50  x8=0x80f17690
       67105000	      6611	80014342	8c99	c.sub	x9,x14	  x9:0x00000044 x14:0xffffff00  x9=0x00000144
       67115000	      6612	80014344	face5083	lhu	x1,-84(x28)	 x28:0xeb5ab048  x1=0x00000000 PA:0xeb5aaff4 load:0x00000000
       67125000	      6613	80014348	7c3e0023	sb	x3,1984(x28)	 x28:0xeb5ab048  x3:0x000000ca PA:0xeb5ab808 store:0x000000ca load:0x00000000
       67135000	      6614	8001434c	0001	c.addi	x0,0	  x0:0x00000000  x0=0x00000000
       67145000	      6615	8001434e	e45e0683	lb	x13,-443(x28)	 x28:0xeb5ab048 x13=0x00000050 PA:0xeb5aae8d load:0x00000050
       67155000	      6616	80014352	dd3e0523	sb	x19,-566(x28)	 x28:0xeb5ab048 x19:0x00000050 PA:0xeb5aae12 store:0x00000050 load:0x00000000
       67165000	      6617	80014356	d95e4d83	lbu	x27,-619(x28)	 x28:0xeb5ab048 x27=0x00000000 PA:0xeb5aaddd load:0x00000000
       67175000	      6618	8001435a	80456913	ori	x18,x10,-2044	 x10:0x00000035 x18=0xfffff835
       67185000	      6619	8001435e	0ff0000f	fence	iorw,iorw	
       67195000	      6620	80014362	666e4403	lbu	x8,1638(x28)	 x28:0xeb5ab048  x8=0x00000097 PA:0xeb5ab6ae load:0x00000097
       67205000	      6621	80014366	0002e917	auipc	x18,0x2e	 x18=0x80042366
       67215000	      6622	8001436a	0b790913	addi	x18,x18,183	 x18:0x80042366 x18=0x8004241d
       67225000	      6623	8001436e	cdf95d03	lhu	x26,-801(x18)	 x18:0x8004241d x26=0x00008bd9 PA:0x800420fc load:0x00008bd9
       67235000	      6624	80014372	08894483	lbu	x9,136(x18)	 x18:0x8004241d  x9=0x000000c9 PA:0x800424a5 load:0x000000c9
       67245000	      6625	80014376	0001f617	auipc	x12,0x1f	 x12=0x80033376
       67255000	      6626	8001437a	41660613	addi	x12,x12,1046	 x12:0x80033376 x12=0x8003378c
       67265000	      6627	8001437e	fe2602a3	sb	x2,-27(x12)	 x12:0x8003378c  x2:0x80048e50 PA:0x80033771 store:0x80048e50 load:0x00000000
       67275000	      6628	80014382	fd494483	lbu	x9,-44(x18)	 x18:0x8004241d  x9=0x00000058 PA:0x800423f1 load:0x00000058
       67285000	      6629	80014386	fe761e23	sh	x7,-4(x12)	 x12:0x8003378c  x7:0x4b151d98 PA:0x80033788 store:0x4b151d98 load:0x00000000
       67295000	      6630	8001438a	d9d95003	lhu	x0,-611(x18)	 x18:0x8004241d  x0=0x00000000 PA:0x800421ba load:0x0000cdbf
       67305000	      6631	8001438e	eea94a03	lbu	x20,-278(x18)	 x18:0x8004241d x20=0x00000044 PA:0x80042307 load:0x00000044
       67315000	      6632	80014392	85094203	lbu	x4,-1968(x18)	 x18:0x8004241d  x4=0x00000050 PA:0x80041c6d load:0x00000050
       67325000	      6633	80014396	fc760523	sb	x7,-54(x12)	 x12:0x8003378c  x7:0x4b151d98 PA:0x80033756 store:0x4b151d98 load:0x00000000
       67335000	      6634	8001439a	012609a3	sb	x18,19(x12)	 x12:0x8003378c x18:0x8004241d PA:0x8003379f store:0x8004241d load:0x00000000
       67345000	      6635	8001439e	e1090d83	lb	x27,-496(x18)	 x18:0x8004241d x27=0x0000004e PA:0x8004222d load:0x0000004e
       67355000	      6636	800143a2	a5390923	sb	x19,-1454(x18)	 x18:0x8004241d x19:0x00000050 PA:0x80041e6f store:0x00000050 load:0x00000000
       67365000	      6637	800143a6	7a0908a3	sb	x0,1969(x18)	 x18:0x8004241d  x0:0x00000000 PA:0x80042bce store:0x00000000 load:0x00000000
       67375000	      6638	800143aa	fcc61883	lh	x17,-52(x12)	 x12:0x8003378c x17=0xffffc7a6 PA:0x80033758 load:0xffffc7a6
       67385000	      6639	800143ae	0001fc17	auipc	x24,0x1f	 x24=0x800333ae
       67395000	      6640	800143b2	33bc0c13	addi	x24,x24,827	 x24:0x800333ae x24=0x800336e9
       67405000	      6641	800143b6	407c0683	lb	x13,1031(x24)	 x24:0x800336e9 x13=0x0000006b PA:0x80033af0 load:0x0000006b
       67415000	      6642	800143ba	9716	c.add	x14,x5	 x14:0xffffff00  x5:0x00000097 x14=0xffffff97
       67425000	      6643	800143bc	755c0c23	sb	x21,1880(x24)	 x24:0x800336e9 x21:0x00000009 PA:0x80033e41 store:0x00000009 load:0x00000000
       67435000	      6644	800143c0	dd1c0fa3	sb	x17,-545(x24)	 x24:0x800336e9 x17:0xffffc7a6 PA:0x800334c8 store:0xffffc7a6 load:0x00000000
       67445000	      6645	800143c4	363c1e03	lh	x28,867(x24)	 x24:0x800336e9 x28=0xffffd8d0 PA:0x80033a4c load:0xffffd8d0
       67455000	      6646	800143c8	1f3c4903	lbu	x18,499(x24)	 x24:0x800336e9 x18=0x00000050 PA:0x800338dc load:0x00000050
       67465000	      6647	800143cc	591c5703	lhu	x14,1425(x24)	 x24:0x800336e9 x14=0x0000afb7 PA:0x80033c7a load:0x0000afb7
       67835000	      6684	800143d0	0399f633	remu	x12,x19,x25	 x19:0x00000050 x25:0x6b578000 x12=0x00000050
       67845000	      6685	800143d4	6d0c4f03	lbu	x30,1744(x24)	 x24:0x800336e9 x30=0x00000001 PA:0x80033db9 load:0x00000001
       67855000	      6686	800143d8	8f5d	c.or	x14,x15	 x14:0x0000afb7 x15:0x8004cce4 x14=0x8004eff7
       67875000	      6688	800143da	026d69b3	rem	x19,x26,x6	 x26:0x00008bd9  x6:0x00000000 x19=0x00008bd9
       67885000	      6689	800143de	781c04a3	sb	x1,1929(x24)	 x24:0x800336e9  x1:0x00000000 PA:0x80033e72 store:0x00000000 load:0x00000000
       67895000	      6690	800143e2	8331	c.srli	x14,0xc	 x14:0x8004eff7 x14=0x0008004e
       67905000	      6691	800143e4	d4cc0ca3	sb	x12,-679(x24)	 x24:0x800336e9 x12:0x00000050 PA:0x80033442 store:0x00000050 load:0x00000000
       67915000	      6692	800143e8	fc7c1da3	sh	x7,-37(x24)	 x24:0x800336e9  x7:0x4b151d98 PA:0x800336c4 store:0x4b151d98 load:0x00000000
       67925000	      6693	800143ec	864e	c.mv	x12,x19	  x0:0x00000000 x19:0x00008bd9 x12=0x00008bd9
       67935000	      6694	800143ee	035c17a3	sh	x21,47(x24)	 x24:0x800336e9 x21:0x00000009 PA:0x80033718 store:0x00000009 load:0x00000000
       67945000	      6695	800143f2	004863b3	or	x7,x16,x4	 x16:0x000000dc  x4:0x00000050  x7=0x000000dc
       67955000	      6696	800143f6	cf4c0aa3	sb	x20,-779(x24)	 x24:0x800336e9 x20:0x00000044 PA:0x800333de store:0x00000044 load:0x00000000
       67965000	      6697	800143fa	13cc0523	sb	x28,298(x24)	 x24:0x800336e9 x28:0xffffd8d0 PA:0x80033813 store:0xffffd8d0 load:0x00000000
       67975000	      6698	800143fe	0086d393	srli	x7,x13,0x8	 x13:0x0000006b  x7=0x00000000
       68015000	      6702	80014402	0335bfb3	mulhu	x31,x11,x19	 x11:0x6c5c5d9b x19:0x00008bd9 x31=0x00003b32
       68025000	      6703	80014406	0d9c1603	lh	x12,217(x24)	 x24:0x800336e9 x12=0xffff84f3 PA:0x800337c2 load:0xffff84f3
       68035000	      6704	8001440a	8c6d	c.and	x8,x11	  x8:0x00000097 x11:0x6c5c5d9b  x8=0x00000093
       68045000	      6705	8001440c	f9cc4903	lbu	x18,-100(x24)	 x24:0x800336e9 x18=0x00000020 PA:0x80033685 load:0x00000020
       68055000	      6706	80014410	bd5562b7	lui	x5,0xbd556	  x5=0xbd556000
       68095000	      6710	80014414	02fe2233	mulhsu	x4,x28,x15	 x28:0xffffd8d0 x15:0x8004cce4  x4=0xffffec67
       68105000	      6711	80014418	8df46c93	ori	x25,x8,-1825	  x8:0x00000093 x25=0xfffff8df
       68115000	      6712	8001441c	00b0b733	sltu	x14,x1,x11	  x1:0x00000000 x11:0x6c5c5d9b x14=0x00000001
       68125000	      6713	80014420	97bc08a3	sb	x27,-1679(x24)	 x24:0x800336e9 x27:0x0000004e PA:0x8003305a store:0x0000004e load:0x00000000
       68135000	      6714	80014424	f4ac4a03	lbu	x20,-182(x24)	 x24:0x800336e9 x20=0x00000082 PA:0x80033633 load:0x00000082
       68145000	      6715	80014428	bc4c4503	lbu	x10,-1084(x24)	 x24:0x800336e9 x10=0x00000031 PA:0x800332ad load:0x00000031
       68155000	      6716	8001442c	016d38b3	sltu	x17,x26,x22	 x26:0x00008bd9 x22:0x80033232 x17=0x00000001
       68165000	      6717	80014430	bb6c0e23	sb	x22,-1092(x24)	 x24:0x800336e9 x22:0x80033232 PA:0x800332a5 store:0x80033232 load:0x00000000
       68175000	      6718	80014434	c03c1aa3	sh	x3,-1003(x24)	 x24:0x800336e9  x3:0x000000ca PA:0x800332fe store:0x000000ca load:0x00000000
       68185000	      6719	80014438	00022497	auipc	x9,0x22	  x9=0x80036438
       68195000	      6720	8001443c	ca948493	addi	x9,x9,-855	  x9:0x80036438  x9=0x800360e1
       68205000	      6721	80014440	0001ff17	auipc	x30,0x1f	 x30=0x80033440
       68215000	      6722	80014444	c7af0f13	addi	x30,x30,-902	 x30:0x80033440 x30=0x800330ba
       68225000	      6723	80014448	0e24c903	lbu	x18,226(x9)	  x9:0x800360e1 x18=0x0000003a PA:0x800361c3 load:0x0000003a
       68235000	      6724	8001444c	fc2f4183	lbu	x3,-62(x30)	 x30:0x800330ba  x3=0x00000091 PA:0x8003307c load:0x00000091
       68245000	      6725	80014450	013f0083	lb	x1,19(x30)	 x30:0x800330ba  x1=0x00000059 PA:0x800330cd load:0x00000059
       68255000	      6726	80014454	ff4f4d03	lbu	x26,-12(x30)	 x30:0x800330ba x26=0x000000f2 PA:0x800330ae load:0x000000f2
       68265000	      6727	80014458	f0b49083	lh	x1,-245(x9)	  x9:0x800360e1  x1=0xffffa7b2 PA:0x80035fec load:0xffffa7b2
       68275000	      6728	8001445c	04048a03	lb	x20,64(x9)	  x9:0x800360e1 x20=0x0000004c PA:0x80036121 load:0x0000004c
       68285000	      6729	80014460	f8e48623	sb	x14,-116(x9)	  x9:0x800360e1 x14:0x00000001 PA:0x8003606d store:0x00000001 load:0x00000000
       68295000	      6730	80014464	fe9484a3	sb	x9,-23(x9)	  x9:0x800360e1  x9:0x800360e1 PA:0x800360ca store:0x800360e1 load:0x00000000
       68305000	      6731	80014468	fe3f0b83	lb	x23,-29(x30)	 x30:0x800330ba x23=0xffffffe0 PA:0x8003309d load:0xffffffe0
       68315000	      6732	8001446c	0f848983	lb	x19,248(x9)	  x9:0x800360e1 x19=0xffffffb4 PA:0x800361d9 load:0xffffffb4
       68325000	      6733	80014470	feef5503	lhu	x10,-18(x30)	 x30:0x800330ba x10=0x0000d0a0 PA:0x800330a8 load:0x0000d0a0
       68335000	      6734	80014474	0dd48923	sb	x29,210(x9)	  x9:0x800360e1 x29:0x00000000 PA:0x800361b3 store:0x00000000 load:0x00000000
       68345000	      6735	80014478	02f4de03	lhu	x28,47(x9)	  x9:0x800360e1 x28=0x000064b8 PA:0x80036110 load:0x000064b8
       68355000	      6736	8001447c	0002d097	auipc	x1,0x2d	  x1=0x8004147c
       68365000	      6737	80014480	51308093	addi	x1,x1,1299	  x1:0x8004147c  x1=0x8004198f
       68375000	      6738	80014484	b6d088a3	sb	x13,-1167(x1)	  x1:0x8004198f x13:0x0000006b PA:0x80041500 store:0x0000006b load:0x00000000
       68385000	      6739	80014488	8262	c.mv	x4,x24	  x0:0x00000000 x24:0x800336e9  x4=0x800336e9
       68395000	      6740	8001448a	8d61	c.and	x10,x8	 x10:0x0000d0a0  x8:0x00000093 x10=0x00000080
       68405000	      6741	8001448c	c2d09ca3	sh	x13,-967(x1)	  x1:0x8004198f x13:0x0000006b PA:0x800415c8 store:0x0000006b load:0x00000000
       68415000	      6742	80014490	8f0d	c.sub	x14,x11	 x14:0x00000001 x11:0x6c5c5d9b x14=0x93a3a266
       68425000	      6743	80014492	0000100f	fence.i	
       68455000	      6746	80014496	c5eb2813	slti	x16,x22,-930	 x22:0x80033232 x16=0x00000001
       68465000	      6747	8001449a	4090d313	srai	x6,x1,0x9	  x1:0x8004198f  x6=0xffc0020c
       68475000	      6748	8001449e	d1a091a3	sh	x26,-765(x1)	  x1:0x8004198f x26:0x000000f2 PA:0x80041692 store:0x000000f2 load:0x00000000
       68485000	      6749	800144a2	2360cd83	lbu	x27,566(x1)	  x1:0x8004198f x27=0x00000026 PA:0x80041bc5 load:0x00000026
       68495000	      6750	800144a6	e0808d23	sb	x8,-486(x1)	  x1:0x8004198f  x8:0x00000093 PA:0x800417a9 store:0x00000093 load:0x00000000
       68505000	      6751	800144aa	00c91bb3	sll	x23,x18,x12	 x18:0x0000003a x12:0xffff84f3 x23=0x01d00000
       68515000	      6752	800144ae	a5184713	xori	x14,x16,-1455	 x16:0x00000001 x14=0xfffffa50
       68885000	      6789	800144b2	0386eeb3	rem	x29,x13,x24	 x13:0x0000006b x24:0x800336e9 x29=0x0000006b
       68895000	      6790	800144b6	4a7d	c.li	x20,31	 x20=0x0000001f
       68905000	      6791	800144b8	63608483	lb	x9,1590(x1)	  x1:0x8004198f  x9=0x00000010 PA:0x80041fc5 load:0x00000010
       68945000	      6795	800144bc	03f03d33	mulhu	x26,x0,x31	  x0:0x00000000 x31:0x00003b32 x26=0x00000000
       68955000	      6796	800144c0	0001	c.addi	x0,0	  x0:0x00000000  x0=0x00000000
       68965000	      6797	800144c2	42909fa3	sh	x9,1087(x1)	  x1:0x8004198f  x9:0x00000010 PA:0x80041dce store:0x00000010 load:0x00000000
       69005000	      6801	800144c6	026c25b3	mulhsu	x11,x24,x6	 x24:0x800336e9  x6:0xffc0020c x11=0x80233515
       69015000	      6802	800144ca	07cc4293	xori	x5,x24,124	 x24:0x800336e9  x5=0x80033695
       69025000	      6803	800144ce	40730233	sub	x4,x6,x7	  x6:0xffc0020c  x7:0x00000000  x4=0xffc0020c
       69035000	      6804	800144d2	9ba2	c.add	x23,x8	 x23:0x01d00000  x8:0x00000093 x23=0x01d00093
       69045000	      6805	800144d4	0001	c.addi	x0,0	  x0:0x00000000  x0=0x00000000
       69055000	      6806	800144d6	2730d603	lhu	x12,627(x1)	  x1:0x8004198f x12=0x0000d63d PA:0x80041c02 load:0x0000d63d
       69065000	      6807	800144da	e7708c23	sb	x23,-392(x1)	  x1:0x8004198f x23:0x01d00093 PA:0x80041807 store:0x01d00093 load:0x00000000
       69075000	      6808	800144de	e7708523	sb	x23,-406(x1)	  x1:0x8004198f x23:0x01d00093 PA:0x800417f9 store:0x01d00093 load:0x00000000
       69085000	      6809	800144e2	9c4a	c.add	x24,x18	 x24:0x800336e9 x18:0x0000003a x24=0x80033723
       69095000	      6810	800144e4	cc208223	sb	x2,-828(x1)	  x1:0x8004198f  x2:0x80048e50 PA:0x80041653 store:0x80048e50 load:0x00000000
       69105000	      6811	800144e8	adb08f23	sb	x27,-1314(x1)	  x1:0x8004198f x27:0x00000026 PA:0x8004146d store:0x00000026 load:0x00000000
       69115000	      6812	800144ec	885d	c.andi	x8,23	  x8:0x00000093  x8=0x00000013
       69125000	      6813	800144ee	f5008983	lb	x19,-176(x1)	  x1:0x8004198f x19=0xffffffb1 PA:0x800418df load:0xffffffb1
       69135000	      6814	800144f2	01c771b3	and	x3,x14,x28	 x14:0xfffffa50 x28:0x000064b8  x3=0x00006010
       69505000	      6851	800144f6	028f4333	div	x6,x30,x8	 x30:0x800330ba  x8:0x00000013  x6=0xf943894e
       69515000	      6852	800144fa	0001	c.addi	x0,0	  x0:0x00000000  x0=0x00000000
       69885000	      6889	800144fc	023a6f33	rem	x30,x20,x3	 x20:0x0000001f  x3:0x00006010 x30=0x0000001f
       70255000	      6926	80014500	024a4a33	div	x20,x20,x4	 x20:0x0000001f  x4:0xffc0020c x20=0x00000000
       70265000	      6927	80014504	e77a7d93	andi	x27,x20,-393	 x20:0x00000000 x27=0x00000000
       70275000	      6928	80014508	1ef09003	lh	x0,495(x1)	  x1:0x8004198f  x0=0x00000000 PA:0x80041b7e load:0x00005415
       70285000	      6929	8001450c	0ff0000f	fence	iorw,iorw	
       70295000	      6930	80014510	806d	c.srli	x8,0x1b	  x8:0x00000013  x8=0x00000000
       70305000	      6931	80014512	00134db3	xor	x27,x6,x1	  x6:0xf943894e  x1:0x8004198f x27=0x794790c1
       70315000	      6932	80014516	01c01813	slli	x16,x0,0x1c	  x0:0x00000000 x16=0x00000000
       70325000	      6933	8001451a	4f614313	xori	x6,x2,1270	  x2:0x80048e50  x6=0x80048aa6
       70335000	      6934	8001451e	ad808803	lb	x16,-1320(x1)	  x1:0x8004198f x16=0x0000006a PA:0x80041467 load:0x0000006a
       70345000	      6935	80014522	0001f617	auipc	x12,0x1f	 x12=0x80033522
       70355000	      6936	80014526	1dc60613	addi	x12,x12,476	 x12:0x80033522 x12=0x800336fe
       70365000	      6937	8001452a	8fea	c.mv	x31,x26	  x0:0x00000000 x26:0x00000000 x31=0x00000000
       70375000	      6938	8001452c	0001	c.addi	x0,0	  x0:0x00000000  x0=0x00000000
       70385000	      6939	8001452e	3f662d83	lw	x27,1014(x12)	 x12:0x800336fe x27=0xd03454d6 PA:0x80033af4 load:0xd03454d6
       70395000	      6940	80014532	01920bb3	add	x23,x4,x25	  x4:0xffc0020c x25:0xfffff8df x23=0xffbffaeb
       70405000	      6941	80014536	ead60c03	lb	x24,-339(x12)	 x12:0x800336fe x24=0x0000007b PA:0x800335ab load:0x0000007b
       70415000	      6942	8001453a	82ca	c.mv	x5,x18	  x0:0x00000000 x18:0x0000003a  x5=0x0000003a
       70425000	      6943	8001453c	9e764703	lbu	x14,-1561(x12)	 x12:0x800336fe x14=0x00000000 PA:0x800330e5 load:0x00000000
       70435000	      6944	80014540	01164f03	lbu	x30,17(x12)	 x12:0x800336fe x30=0x00000070 PA:0x8003370f load:0x00000070
       70445000	      6945	80014544	f1661403	lh	x8,-234(x12)	 x12:0x800336fe  x8=0x00004f75 PA:0x80033614 load:0x00004f75
       70455000	      6946	80014548	f1665283	lhu	x5,-234(x12)	 x12:0x800336fe  x5=0x00004f75 PA:0x80033614 load:0x00004f75
       70465000	      6947	8001454c	f2f601a3	sb	x15,-221(x12)	 x12:0x800336fe x15:0x8004cce4 PA:0x80033621 store:0x8004cce4 load:0x00000000
       70475000	      6948	80014550	eb160203	lb	x4,-335(x12)	 x12:0x800336fe  x4=0x00000071 PA:0x800335af load:0x00000071
       70485000	      6949	80014554	00752d33	slt	x26,x10,x7	 x10:0x00000080  x7:0x00000000 x26=0x00000000
       70495000	      6950	80014558	e9061283	lh	x5,-368(x12)	 x12:0x800336fe  x5=0x00000000 PA:0x8003358e load:0x00000000
       70505000	      6951	8001455c	01a50eb3	add	x29,x10,x26	 x10:0x00000080 x26:0x00000000 x29=0x00000080
       70515000	      6952	80014560	008dc9b3	xor	x19,x27,x8	 x27:0xd03454d6  x8:0x00004f75 x19=0xd0341ba3
       70525000	      6953	80014564	e9060403	lb	x8,-368(x12)	 x12:0x800336fe  x8=0x00000000 PA:0x8003358e load:0x00000000
       70535000	      6954	80014568	e8460823	sb	x4,-368(x12)	 x12:0x800336fe  x4:0x00000071 PA:0x8003358e store:0x00000071 load:0x00000000
       70545000	      6955	8001456c	e9064b03	lbu	x22,-368(x12)	 x12:0x800336fe x22=0x00000071 PA:0x8003358e load:0x00000071
       70555000	      6956	80014570	64d62723	sw	x13,1614(x12)	 x12:0x800336fe x13:0x0000006b PA:0x80033d4c store:0x0000006b load:0x00000000
       70565000	      6957	80014574	6f8609a3	sb	x24,1779(x12)	 x12:0x800336fe x24:0x0000007b PA:0x80033df1 store:0x0000007b load:0x00000000
       70575000	      6958	80014578	00020497	auipc	x9,0x20	  x9=0x80034578
       70585000	      6959	8001457c	ac048493	addi	x9,x9,-1344	  x9:0x80034578  x9=0x80034038
       70595000	      6960	80014580	88c14193	xori	x3,x2,-1908	  x2:0x80048e50  x3=0x7ffb76dc
       70605000	      6961	80014584	fc848883	lb	x17,-56(x9)	  x9:0x80034038 x17=0x0000006b PA:0x80034000 load:0x0000006b
       70615000	      6962	80014588	fc24a423	sw	x2,-56(x9)	  x9:0x80034038  x2:0x80048e50 PA:0x80034000 store:0x80048e50 load:0x00000000
       70625000	      6963	8001458c	405c03b3	sub	x7,x24,x5	 x24:0x0000007b  x5:0x00000000  x7=0x0000007b
       70635000	      6964	80014590	fc849083	lh	x1,-56(x9)	  x9:0x80034038  x1=0xffff8e50 PA:0x80034000 load:0xffff8e50
       70645000	      6965	80014594	fcb48423	sb	x11,-56(x9)	  x9:0x80034038 x11:0x80233515 PA:0x80034000 store:0x80233515 load:0x00000000
       70655000	      6966	80014598	fc84c603	lbu	x12,-56(x9)	  x9:0x80034038 x12=0x00000015 PA:0x80034000 load:0x00000015
       70665000	      6967	8001459c	ff74c403	lbu	x8,-9(x9)	  x9:0x80034038  x8=0x00000068 PA:0x8003402f load:0x00000068
       70675000	      6968	800145a0	0000100f	fence.i	
       70695000	      6970	800145a4	0001	c.addi	x0,0	  x0:0x00000000  x0=0x00000000
       70705000	      6971	800145a6	62431db7	lui	x27,0x62431	 x27=0x62431000
       70715000	      6972	800145aa	0000100f	fence.i	
       70745000	      6975	800145ae	ff748883	lb	x17,-9(x9)	  x9:0x80034038 x17=0x00000068 PA:0x8003402f load:0x00000068
       70755000	      6976	800145b2	ff748f03	lb	x30,-9(x9)	  x9:0x80034038 x30=0x00000068 PA:0x8003402f load:0x00000068
       70765000	      6977	800145b6	9a42	c.add	x20,x16	 x20:0x00000000 x16:0x0000006a x20=0x0000006a
       70775000	      6978	800145b8	ff748d83	lb	x27,-9(x9)	  x9:0x80034038 x27=0x00000068 PA:0x8003402f load:0x00000068
       70785000	      6979	800145bc	fd8481a3	sb	x24,-61(x9)	  x9:0x80034038 x24:0x0000007b PA:0x80033ffb store:0x0000007b load:0x00000000
       70795000	      6980	800145c0	fc348183	lb	x3,-61(x9)	  x9:0x80034038  x3=0x0000007b PA:0x80033ffb load:0x0000007b
       70805000	      6981	800145c4	fc348f03	lb	x30,-61(x9)	  x9:0x80034038 x30=0x0000007b PA:0x80033ffb load:0x0000007b
       70815000	      6982	800145c8	0002ea17	auipc	x20,0x2e	 x20=0x800425c8
       70825000	      6983	800145cc	fd9a0a13	addi	x20,x20,-39	 x20:0x800425c8 x20=0x800425a1
       70835000	      6984	800145d0	005a5083	lhu	x1,5(x20)	 x20:0x800425a1  x1=0x00008d11 PA:0x800425a6 load:0x00008d11
       70845000	      6985	800145d4	f96c9537	lui	x10,0xf96c9	 x10=0xf96c9000
       70855000	      6986	800145d8	005a1303	lh	x6,5(x20)	 x20:0x800425a1  x6=0xffff8d11 PA:0x800425a6 load:0xffff8d11
       70875000	      6988	800145dc	00b358b3	srl	x17,x6,x11	  x6:0xffff8d11 x11:0x80233515 x17=0x000007ff
       70885000	      6989	800145e0	005a5e03	lhu	x28,5(x20)	 x20:0x800425a1 x28=0x00008d11 PA:0x800425a6 load:0x00008d11
       70895000	      6990	800145e4	01aa02a3	sb	x26,5(x20)	 x20:0x800425a1 x26:0x00000000 PA:0x800425a6 store:0x00000000 load:0x00000000
       70905000	      6991	800145e8	004a12a3	sh	x4,5(x20)	 x20:0x800425a1  x4:0x00000071 PA:0x800425a6 store:0x00000071 load:0x00000000
       70915000	      6992	800145ec	005a1e83	lh	x29,5(x20)	 x20:0x800425a1 x29=0x00000071 PA:0x800425a6 load:0x00000071
       70925000	      6993	800145f0	005a4503	lbu	x10,5(x20)	 x20:0x800425a1 x10=0x00000071 PA:0x800425a6 load:0x00000071
       70935000	      6994	800145f4	005a4e03	lbu	x28,5(x20)	 x20:0x800425a1 x28=0x00000071 PA:0x800425a6 load:0x00000071
       70945000	      6995	800145f8	00bc14b3	sll	x9,x24,x11	 x24:0x0000007b x11:0x80233515  x9=0x0f600000
       70955000	      6996	800145fc	005a5883	lhu	x17,5(x20)	 x20:0x800425a1 x17=0x00000071 PA:0x800425a6 load:0x00000071
       70965000	      6997	80014600	005a1003	lh	x0,5(x20)	 x20:0x800425a1  x0=0x00000000 PA:0x800425a6 load:0x00000071
       70975000	      6998	80014604	00da02a3	sb	x13,5(x20)	 x20:0x800425a1 x13:0x0000006b PA:0x800425a6 store:0x0000006b load:0x00000000
       70985000	      6999	80014608	005a1f83	lh	x31,5(x20)	 x20:0x800425a1 x31=0x0000006b PA:0x800425a6 load:0x0000006b
       70995000	      7000	8001460c	0001f897	auipc	x17,0x1f	 x17=0x8003360c
       71005000	      7001	80014610	a3c88893	addi	x17,x17,-1476	 x17:0x8003360c x17=0x80033048
       71015000	      7002	80014614	1421ba37	lui	x20,0x1421b	 x20=0x1421b000
       71025000	      7003	80014618	98d2	c.add	x17,x20	 x17:0x80033048 x20:0x1421b000 x17=0x9424e048
       71035000	      7004	8001461a	a4089d23	sh	x0,-1446(x17)	 x17:0x9424e048  x0:0x00000000 PA:0x9424daa2 store:0x00000000 load:0x00000000
       71045000	      7005	8001461e	6c489123	sh	x4,1730(x17)	 x17:0x9424e048  x4:0x00000071 PA:0x9424e70a store:0x00000071 load:0x00000000
       71055000	      7006	80014622	b45883a3	sb	x5,-1209(x17)	 x17:0x9424e048  x5:0x00000000 PA:0x9424db8f store:0x00000000 load:0x00000000
       71065000	      7007	80014626	16788da3	sb	x7,379(x17)	 x17:0x9424e048  x7:0x0000007b PA:0x9424e1c3 store:0x0000007b load:0x00000000
       71075000	      7008	8001462a	a5a8d303	lhu	x6,-1446(x17)	 x17:0x9424e048  x6=0x00000000 PA:0x9424daa2 load:0x00000000
       71085000	      7009	8001462e	a7589723	sh	x21,-1426(x17)	 x17:0x9424e048 x21:0x00000009 PA:0x9424dab6 store:0x00000009 load:0x00000000
       71095000	      7010	80014632	00cfb333	sltu	x6,x31,x12	 x31:0x0000006b x12:0x00000015  x6=0x00000000
       71465000	      7047	80014636	0319f733	remu	x14,x19,x17	 x19:0xd0341ba3 x17:0x9424e048 x14=0x3c0f3b5b
       71475000	      7048	8001463a	8ec8ac23	sw	x12,-1800(x17)	 x17:0x9424e048 x12:0x00000015 PA:0x9424d940 store:0x00000015 load:0x00000000
       71485000	      7049	8001463e	f15885a3	sb	x21,-245(x17)	 x17:0x9424e048 x21:0x00000009 PA:0x9424df53 store:0x00000009 load:0x00000000
       71495000	      7050	80014642	5ed57e93	andi	x29,x10,1517	 x10:0x00000071 x29=0x00000061
       71505000	      7051	80014646	6c28dd83	lhu	x27,1730(x17)	 x17:0x9424e048 x27=0x00000071 PA:0x9424e70a load:0x00000071
       71515000	      7052	8001464a	b4788b83	lb	x23,-1209(x17)	 x17:0x9424e048 x23=0x00000000 PA:0x9424db8f load:0x00000000
       71555000	      7056	8001464e	0215b0b3	mulhu	x1,x11,x1	 x11:0x80233515  x1:0x00008d11  x1=0x0000469b
       71565000	      7057	80014652	a0488fa3	sb	x4,-1505(x17)	 x17:0x9424e048  x4:0x00000071 PA:0x9424da67 store:0x00000071 load:0x00000000
       71575000	      7058	80014656	01a6f733	and	x14,x13,x26	 x13:0x0000006b x26:0x00000000 x14=0x00000000
       71585000	      7059	8001465a	17b8cf03	lbu	x30,379(x17)	 x17:0x9424e048 x30=0x0000007b PA:0x9424e1c3 load:0x0000007b
       71595000	      7060	8001465e	00023a17	auipc	x20,0x23	 x20=0x8003765e
       71605000	      7061	80014662	ae8a0a13	addi	x20,x20,-1304	 x20:0x8003765e x20=0x80037146
       71615000	      7062	80014666	004a2723	sw	x4,14(x20)	 x20:0x80037146  x4:0x00000071 PA:0x80037154 store:0x00000071 load:0x00000000
       71625000	      7063	8001466a	007a0083	lb	x1,7(x20)	 x20:0x80037146  x1=0xffffff9d PA:0x8003714d load:0xffffff9d
       71635000	      7064	8001466e	823d	c.srli	x12,0xf	 x12:0x00000015 x12=0x00000000
       71645000	      7065	80014670	0001	c.addi	x0,0	  x0:0x00000000  x0=0x00000000
       71655000	      7066	80014672	00da1323	sh	x13,6(x20)	 x20:0x80037146 x13:0x0000006b PA:0x8003714c store:0x0000006b load:0x00000000
       71665000	      7067	80014676	016a0823	sb	x22,16(x20)	 x20:0x80037146 x22:0x00000071 PA:0x80037156 store:0x00000071 load:0x00000000
       71695000	      7070	8001467a	03ca0bb3	mul	x23,x20,x28	 x20:0x80037146 x28:0x00000071 x23=0x8184ffe6
       72065000	      7107	8001467e	03217f33	remu	x30,x2,x18	  x2:0x80048e50 x18:0x0000003a x30=0x00000000
       72075000	      7108	80014682	ff7a4803	lbu	x16,-9(x20)	 x20:0x80037146 x16=0x000000d6 PA:0x8003713d load:0x000000d6
       72115000	      7112	80014686	02c31233	mulh	x4,x6,x12	  x6:0x00000000 x12:0x00000000  x4=0x00000000
       72125000	      7113	8001468a	002a05a3	sb	x2,11(x20)	 x20:0x80037146  x2:0x80048e50 PA:0x80037151 store:0x80048e50 load:0x00000000
       72135000	      7114	8001468e	01eab1b3	sltu	x3,x21,x30	 x21:0x00000009 x30:0x00000000  x3=0x00000000
       72145000	      7115	80014692	005a4483	lbu	x9,5(x20)	 x20:0x80037146  x9=0x000000b9 PA:0x8003714b load:0x000000b9
       72155000	      7116	80014696	010a0523	sb	x16,10(x20)	 x20:0x80037146 x16:0x000000d6 PA:0x80037150 store:0x000000d6 load:0x00000000
       72165000	      7117	8001469a	418f0433	sub	x8,x30,x24	 x30:0x00000000 x24:0x0000007b  x8=0xffffff85
       72175000	      7118	8001469e	feba2923	sw	x11,-14(x20)	 x20:0x80037146 x11:0x80233515 PA:0x80037138 store:0x80233515 load:0x00000000
       72185000	      7119	800146a2	007a4e83	lbu	x29,7(x20)	 x20:0x80037146 x29=0x00000000 PA:0x8003714d load:0x00000000
       72195000	      7120	800146a6	00ba0823	sb	x11,16(x20)	 x20:0x80037146 x11:0x80233515 PA:0x80037156 store:0x80233515 load:0x00000000
       72205000	      7121	800146aa	000a4083	lbu	x1,0(x20)	 x20:0x80037146  x1=0x0000006d PA:0x80037146 load:0x0000006d
       72215000	      7122	800146ae	ff9a0c83	lb	x25,-7(x20)	 x20:0x80037146 x25=0xffffffd7 PA:0x8003713f load:0xffffffd7
       72225000	      7123	800146b2	004a1623	sh	x4,12(x20)	 x20:0x80037146  x4:0x00000000 PA:0x80037152 store:0x00000000 load:0x00000000
       72235000	      7124	800146b6	ff6a5003	lhu	x0,-10(x20)	 x20:0x80037146  x0=0x00000000 PA:0x8003713c load:0x0000d616
       72245000	      7125	800146ba	8cdd	c.or	x9,x15	  x9:0x000000b9 x15:0x8004cce4  x9=0x8004ccfd
       72255000	      7126	800146bc	013a2323	sw	x19,6(x20)	 x20:0x80037146 x19:0xd0341ba3 PA:0x8003714c store:0xd0341ba3 load:0x00000000
       72265000	      7127	800146c0	013dffb3	and	x31,x27,x19	 x27:0x00000071 x19:0xd0341ba3 x31=0x00000021
       72275000	      7128	800146c4	5c7d	c.li	x24,-1	 x24=0xffffffff
       72285000	      7129	800146c6	009f9d13	slli	x26,x31,0x9	 x31:0x00000021 x26=0x00004200
       72655000	      7166	800146ca	0372ceb3	div	x29,x5,x23	  x5:0x00000000 x23:0x8184ffe6 x29=0x00000000
       72665000	      7167	800146ce	012a02a3	sb	x18,5(x20)	 x20:0x80037146 x18:0x0000003a PA:0x8003714b store:0x0000003a load:0x00000000
       72675000	      7168	800146d2	feaa2d23	sw	x10,-6(x20)	 x20:0x80037146 x10:0x00000071 PA:0x80037140 store:0x00000071 load:0x00000000
       72685000	      7169	800146d6	0002d097	auipc	x1,0x2d	  x1=0x800416d6
       72695000	      7170	800146da	b7d08093	addi	x1,x1,-1155	  x1:0x800416d6  x1=0x80041253
       72705000	      7171	800146de	e1c084a3	sb	x28,-503(x1)	  x1:0x80041253 x28:0x00000071 PA:0x8004105c store:0x00000071 load:0x00000000
       72715000	      7172	800146e2	0001f897	auipc	x17,0x1f	 x17=0x800336e2
       72725000	      7173	800146e6	3d388893	addi	x17,x17,979	 x17:0x800336e2 x17=0x80033ab5
       72735000	      7174	800146ea	cff88a23	sb	x31,-780(x17)	 x17:0x80033ab5 x31:0x00000021 PA:0x800337a9 store:0x00000021 load:0x00000000
       72745000	      7175	800146ee	3c488983	lb	x19,964(x17)	 x17:0x80033ab5 x19=0x00000000 PA:0x80033e79 load:0x00000000
       72755000	      7176	800146f2	92e0cf83	lbu	x31,-1746(x1)	  x1:0x80041253 x31=0x00000056 PA:0x80040b81 load:0x00000056
       72765000	      7177	800146f6	25988223	sb	x25,580(x17)	 x17:0x80033ab5 x25:0xffffffd7 PA:0x80033cf9 store:0xffffffd7 load:0x00000000
       72775000	      7178	800146fa	0ef0df83	lhu	x31,239(x1)	  x1:0x80041253 x31=0x0000bdc5 PA:0x80041342 load:0x0000bdc5
       72785000	      7179	800146fe	edd88b23	sb	x29,-298(x17)	 x17:0x80033ab5 x29:0x00000000 PA:0x8003398b store:0x00000000 load:0x00000000
       72795000	      7180	80014702	be608aa3	sb	x6,-1035(x1)	  x1:0x80041253  x6:0x00000000 PA:0x80040e48 store:0x00000000 load:0x00000000
       72805000	      7181	80014706	d8e885a3	sb	x14,-629(x17)	 x17:0x80033ab5 x14:0x00000000 PA:0x80033840 store:0x00000000 load:0x00000000
       72815000	      7182	8001470a	2338d583	lhu	x11,563(x17)	 x17:0x80033ab5 x11=0x00000009 PA:0x80033ce8 load:0x00000009
       72825000	      7183	8001470e	83f08403	lb	x8,-1985(x1)	  x1:0x80041253  x8=0x0000004d PA:0x80040a92 load:0x0000004d
       72835000	      7184	80014712	b8908683	lb	x13,-1143(x1)	  x1:0x80041253 x13=0xffffff99 PA:0x80040ddc load:0xffffff99
       72845000	      7185	80014716	e8a09fa3	sh	x10,-353(x1)	  x1:0x80041253 x10:0x00000071 PA:0x800410f2 store:0x00000071 load:0x00000000
       72855000	      7186	8001471a	9a78d503	lhu	x10,-1625(x17)	 x17:0x80033ab5 x10=0x0000ae7e PA:0x8003345c load:0x0000ae7e
       72865000	      7187	8001471e	03509303	lh	x6,53(x1)	  x1:0x80041253  x6=0x00000ab8 PA:0x80041288 load:0x00000ab8
       72875000	      7188	80014722	a0988303	lb	x6,-1527(x17)	 x17:0x80033ab5  x6=0xffffffb9 PA:0x800334be load:0xffffffb9
       72885000	      7189	80014726	d470c303	lbu	x6,-697(x1)	  x1:0x80041253  x6=0x000000e2 PA:0x80040f9a load:0x000000e2
       72895000	      7190	8001472a	9f588483	lb	x9,-1547(x17)	 x17:0x80033ab5  x9=0x00000072 PA:0x800334aa load:0x00000072
       72905000	      7191	8001472e	1a389583	lh	x11,419(x17)	 x17:0x80033ab5 x11=0x000063eb PA:0x80033c58 load:0x000063eb
       72915000	      7192	80014732	11a08e23	sb	x26,284(x1)	  x1:0x80041253 x26:0x00004200 PA:0x8004136f store:0x00004200 load:0x00000000
       72925000	      7193	80014736	00020f17	auipc	x30,0x20	 x30=0x80034736
       72935000	      7194	8001473a	7fbf0f13	addi	x30,x30,2043	 x30:0x80034736 x30=0x80034f31
       72945000	      7195	8001473e	e34cbf93	sltiu	x31,x25,-460	 x25:0xffffffd7 x31=0x00000000
       72955000	      7196	80014742	6615	c.lui	x12,0x5	 x12=0x00005000
       72965000	      7197	80014744	002b6633	or	x12,x22,x2	 x22:0x00000071  x2:0x80048e50 x12=0x80048e71
       72975000	      7198	80014748	0143b8b3	sltu	x17,x7,x20	  x7:0x0000007b x20:0x80037146 x17=0x00000001
       72985000	      7199	8001474c	0001	c.addi	x0,0	  x0:0x00000000  x0=0x00000000
       73005000	      7201	8001474e	0236ecb3	rem	x25,x13,x3	 x13:0xffffff99  x3:0x00000000 x25=0xffffff99
       73015000	      7202	80014752	82d5b013	sltiu	x0,x11,-2003	 x11:0x000063eb  x0=0x00000000
       73025000	      7203	80014756	001f0403	lb	x8,1(x30)	 x30:0x80034f31  x8=0xffffffe7 PA:0x80034f32 load:0xffffffe7
       73035000	      7204	8001475a	010f4083	lbu	x1,16(x30)	 x30:0x80034f31  x1=0x00000056 PA:0x80034f41 load:0x00000056
       73045000	      7205	8001475e	9c32	c.add	x24,x12	 x24:0xffffffff x12:0x80048e71 x24=0x80048e70
       73055000	      7206	80014760	41b35613	srai	x12,x6,0x1b	  x6:0x000000e2 x12=0x00000000
       73065000	      7207	80014764	010f0f83	lb	x31,16(x30)	 x30:0x80034f31 x31=0x00000056 PA:0x80034f41 load:0x00000056
       73075000	      7208	80014768	0001	c.addi	x0,0	  x0:0x00000000  x0=0x00000000
       73085000	      7209	8001476a	00df5183	lhu	x3,13(x30)	 x30:0x80034f31  x3=0x00008b33 PA:0x80034f3e load:0x00008b33
       73095000	      7210	8001476e	ff1f0823	sb	x17,-16(x30)	 x30:0x80034f31 x17:0x00000001 PA:0x80034f21 store:0x00000001 load:0x00000000
       73105000	      7211	80014772	1a7d	c.addi	x20,-1	 x20:0x80037146 x20=0x80037145
       73115000	      7212	80014774	ffdf5e03	lhu	x28,-3(x30)	 x30:0x80034f31 x28=0x0000bca5 PA:0x80034f2e load:0x0000bca5
       73125000	      7213	80014778	011f13a3	sh	x17,7(x30)	 x30:0x80034f31 x17:0x00000001 PA:0x80034f38 store:0x00000001 load:0x00000000
       73135000	      7214	8001477c	ff4f4203	lbu	x4,-12(x30)	 x30:0x80034f31  x4=0x00000074 PA:0x80034f25 load:0x00000074
       73145000	      7215	80014780	0ca6	c.slli	x25,0x9	 x25:0xffffff99 x25=0xffff3200
       73155000	      7216	80014782	00cf0803	lb	x16,12(x30)	 x30:0x80034f31 x16=0xffffff99 PA:0x80034f3d load:0xffffff99
       73165000	      7217	80014786	002f0023	sb	x2,0(x30)	 x30:0x80034f31  x2:0x80048e50 PA:0x80034f31 store:0x80048e50 load:0x00000000
       73175000	      7218	8001478a	00020097	auipc	x1,0x20	  x1=0x8003478a
       73185000	      7219	8001478e	86608093	addi	x1,x1,-1946	  x1:0x8003478a  x1=0x80033ff0
       73195000	      7220	80014792	8d55	c.or	x10,x13	 x10:0x0000ae7e x13:0xffffff99 x10=0xffffffff
       73205000	      7221	80014794	96a30913	addi	x18,x6,-1686	  x6:0x000000e2 x18=0xfffffa4c
       73245000	      7225	80014798	02ee3733	mulhu	x14,x28,x14	 x28:0x0000bca5 x14:0x00000000 x14=0x00000000
       73255000	      7226	8001479c	00708983	lb	x19,7(x1)	  x1:0x80033ff0 x19=0x0000005e PA:0x80033ff7 load:0x0000005e
       73265000	      7227	800147a0	fff0c583	lbu	x11,-1(x1)	  x1:0x80033ff0 x11=0x00000026 PA:0x80033fef load:0x00000026
       73275000	      7228	800147a4	41495a33	sra	x20,x18,x20	 x18:0xfffffa4c x20:0x80037145 x20=0xffffffd2
       73285000	      7229	800147a8	fff0cb03	lbu	x22,-1(x1)	  x1:0x80033ff0 x22=0x00000026 PA:0x80033fef load:0x00000026
       73325000	      7233	800147ac	0268afb3	mulhsu	x31,x17,x6	 x17:0x00000001  x6:0x000000e2 x31=0x00000000
       73335000	      7234	800147b0	ffd08f03	lb	x30,-3(x1)	  x1:0x80033ff0 x30=0xffffffe4 PA:0x80033fed load:0xffffffe4
       73345000	      7235	800147b4	0001	c.addi	x0,0	  x0:0x00000000  x0=0x00000000
       73355000	      7236	800147b6	ff708b83	lb	x23,-9(x1)	  x1:0x80033ff0 x23=0xffffffc9 PA:0x80033fe7 load:0xffffffc9
       73365000	      7237	800147ba	009b26b3	slt	x13,x22,x9	 x22:0x00000026  x9:0x00000072 x13=0x00000001
       73375000	      7238	800147be	ff308ba3	sb	x19,-9(x1)	  x1:0x80033ff0 x19:0x0000005e PA:0x80033fe7 store:0x0000005e load:0x00000000
       73385000	      7239	800147c2	cec1fc13	andi	x24,x3,-788	  x3:0x00008b33 x24=0x00008820
       73395000	      7240	800147c6	01bba3b3	slt	x7,x23,x27	 x23:0xffffffc9 x27:0x00000071  x7=0x00000001
       73405000	      7241	800147ca	00e21c93	slli	x25,x4,0xe	  x4:0x00000074 x25=0x001d0000
       73445000	      7245	800147ce	0383a233	mulhsu	x4,x7,x24	  x7:0x00000001 x24:0x00008820  x4=0x00000000
       73455000	      7246	800147d2	00a0d603	lhu	x12,10(x1)	  x1:0x80033ff0 x12=0x00007bb3 PA:0x80033ffa load:0x00007bb3
       73465000	      7247	800147d6	9f9e	c.add	x31,x7	 x31:0x00000000  x7:0x00000001 x31=0x00000001
       73475000	      7248	800147d8	0040a803	lw	x16,4(x1)	  x1:0x80033ff0 x16=0x5e694649 PA:0x80033ff4 load:0x5e694649
       73485000	      7249	800147dc	00e087a3	sb	x14,15(x1)	  x1:0x80033ff0 x14:0x00000000 PA:0x80033fff store:0x00000000 load:0x00000000
       73495000	      7250	800147e0	ff508903	lb	x18,-11(x1)	  x1:0x80033ff0 x18=0x0000004d PA:0x80033fe5 load:0x0000004d
       73505000	      7251	800147e4	01c6d233	srl	x4,x13,x28	 x13:0x00000001 x28:0x0000bca5  x4=0x00000000
       73515000	      7252	800147e8	8821	c.andi	x8,8	  x8:0xffffffe7  x8=0x00000000
       73525000	      7253	800147ea	fed088a3	sb	x13,-15(x1)	  x1:0x80033ff0 x13:0x00000001 PA:0x80033fe1 store:0x00000001 load:0x00000000
       73535000	      7254	800147ee	83be	c.mv	x7,x15	  x0:0x00000000 x15:0x8004cce4  x7=0x8004cce4
       73545000	      7255	800147f0	6539	c.lui	x10,0xe	 x10=0x0000e000
       73555000	      7256	800147f2	0001	c.addi	x0,0	  x0:0x00000000  x0=0x00000000
       73565000	      7257	800147f4	84983893	sltiu	x17,x16,-1975	 x16:0x5e694649 x17=0x00000001
       73575000	      7258	800147f8	6711	c.lui	x14,0x4	 x14=0x00004000
       73585000	      7259	800147fa	8ea1	c.xor	x13,x8	 x13:0x00000001  x8:0x00000000 x13=0x00000001
       73595000	      7260	800147fc	ff00d003	lhu	x0,-16(x1)	  x1:0x80033ff0  x0=0x00000000 PA:0x80033fe0 load:0x00000192
       73605000	      7261	80014800	9b713e13	sltiu	x28,x2,-1609	  x2:0x80048e50 x28=0x00000001
       73615000	      7262	80014804	ff308703	lb	x14,-13(x1)	  x1:0x80033ff0 x14=0x0000005f PA:0x80033fe3 load:0x0000005f
       73625000	      7263	80014808	0001f517	auipc	x10,0x1f	 x10=0x80033808
       73635000	      7264	8001480c	84050513	addi	x10,x10,-1984	 x10:0x80033808 x10=0x80033048
       73645000	      7265	80014810	03811e37	lui	x28,0x3811	 x28=0x03811000
       73655000	      7266	80014814	9572	c.add	x10,x28	 x10:0x80033048 x28:0x03811000 x10=0x83844048
       73665000	      7267	80014816	c8051523	sh	x0,-886(x10)	 x10:0x83844048  x0:0x00000000 PA:0x83843cd2 store:0x00000000 load:0x00000000
       73675000	      7268	8001481a	0a351323	sh	x3,166(x10)	 x10:0x83844048  x3:0x00008b33 PA:0x838440ee store:0x00008b33 load:0x00000000
       73685000	      7269	8001481e	084503a3	sb	x4,135(x10)	 x10:0x83844048  x4:0x00000000 PA:0x838440cf store:0x00000000 load:0x00000000
       73695000	      7270	80014822	02551023	sh	x5,32(x10)	 x10:0x83844048  x5:0x00000000 PA:0x83844068 store:0x00000000 load:0x00000000
       73705000	      7271	80014826	b4650e23	sb	x6,-1188(x10)	 x10:0x83844048  x6:0x000000e2 PA:0x83843ba4 store:0x000000e2 load:0x00000000
       73715000	      7272	8001482a	7a7509a3	sb	x7,1971(x10)	 x10:0x83844048  x7:0x8004cce4 PA:0x838447fb store:0x8004cce4 load:0x00000000
       73725000	      7273	8001482e	0c850c23	sb	x8,216(x10)	 x10:0x83844048  x8:0x00000000 PA:0x83844120 store:0x00000000 load:0x00000000
       73735000	      7274	80014832	5c9500a3	sb	x9,1473(x10)	 x10:0x83844048  x9:0x00000072 PA:0x83844609 store:0x00000072 load:0x00000000
       73745000	      7275	80014836	c8a51d83	lh	x27,-886(x10)	 x10:0x83844048 x27=0x00000000 PA:0x83843cd2 load:0x00000000
       73755000	      7276	8001483a	c0f50d23	sb	x15,-998(x10)	 x10:0x83844048 x15:0x8004cce4 PA:0x83843c62 store:0x8004cce4 load:0x00000000
       73795000	      7280	8001483e	030f95b3	mulh	x11,x31,x16	 x31:0x00000001 x16:0x5e694649 x11=0x00000000
       73805000	      7281	80014842	0001	c.addi	x0,0	  x0:0x00000000  x0=0x00000000
       73815000	      7282	80014844	59b505a3	sb	x27,1419(x10)	 x10:0x83844048 x27:0x00000000 PA:0x838445d3 store:0x00000000 load:0x00000000
       73825000	      7283	80014848	0a651f83	lh	x31,166(x10)	 x10:0x83844048 x31=0xffff8b33 PA:0x838440ee load:0xffff8b33
       73835000	      7284	8001484c	08754383	lbu	x7,135(x10)	 x10:0x83844048  x7=0x00000000 PA:0x838440cf load:0x00000000
       73845000	      7285	80014850	02055683	lhu	x13,32(x10)	 x10:0x83844048 x13=0x00000000 PA:0x83844068 load:0x00000000
       74215000	      7322	80014854	0372cbb3	div	x23,x5,x23	  x5:0x00000000 x23:0xffffffc9 x23=0x00000000
       74245000	      7325	80014858	03fc0d33	mul	x26,x24,x31	 x24:0x00008820 x31:0xffff8b33 x26=0xc1e47e60
       74255000	      7326	8001485c	b5c54683	lbu	x13,-1188(x10)	 x10:0x83844048 x13=0x000000e2 PA:0x83843ba4 load:0x000000e2
       74265000	      7327	80014860	7b350f83	lb	x31,1971(x10)	 x10:0x83844048 x31=0xffffffe4 PA:0x838447fb load:0xffffffe4
       74275000	      7328	80014864	0d850a03	lb	x20,216(x10)	 x10:0x83844048 x20=0x00000000 PA:0x83844120 load:0x00000000
       74315000	      7332	80014868	026d9d33	mulh	x26,x27,x6	 x27:0x00000000  x6:0x000000e2 x26=0x00000000
       74325000	      7333	8001486c	5c154b03	lbu	x22,1473(x10)	 x10:0x83844048 x22=0x00000072 PA:0x83844609 load:0x00000072
       74335000	      7334	80014870	0001f597	auipc	x11,0x1f	 x11=0x80033870
       74345000	      7335	80014874	1ca58593	addi	x11,x11,458	 x11:0x80033870 x11=0x80033a3a
       74355000	      7336	80014878	0002bb97	auipc	x23,0x2b	 x23=0x8003f878
       74365000	      7337	8001487c	8e5b8b93	addi	x23,x23,-1819	 x23:0x8003f878 x23=0x8003f15d
       74375000	      7338	80014880	c9f58e83	lb	x29,-865(x11)	 x11:0x80033a3a x29=0x00000069 PA:0x800336d9 load:0x00000069
       74385000	      7339	80014884	ff6bcd83	lbu	x27,-10(x23)	 x23:0x8003f15d x27=0x00000082 PA:0x8003f153 load:0x00000082
       74395000	      7340	80014888	015b8123	sb	x21,2(x23)	 x23:0x8003f15d x21:0x00000009 PA:0x8003f15f store:0x00000009 load:0x00000000
       74405000	      7341	8001488c	000b8a03	lb	x20,0(x23)	 x23:0x8003f15d x20=0x0000006e PA:0x8003f15d load:0x0000006e
       74415000	      7342	80014890	ffeb8e83	lb	x29,-2(x23)	 x23:0x8003f15d x29=0x00000069 PA:0x8003f15b load:0x00000069
       74425000	      7343	80014894	2b95a723	sw	x25,686(x11)	 x11:0x80033a3a x25:0x001d0000 PA:0x80033ce8 store:0x001d0000 load:0x00000000
       74435000	      7344	80014898	ffcb8c03	lb	x24,-4(x23)	 x23:0x8003f15d x24=0x0000007c PA:0x8003f159 load:0x0000007c
       74445000	      7345	8001489c	012b8023	sb	x18,0(x23)	 x23:0x8003f15d x18:0x0000004d PA:0x8003f15d store:0x0000004d load:0x00000000
       74455000	      7346	800148a0	a6158903	lb	x18,-1439(x11)	 x11:0x80033a3a x18=0x00000014 PA:0x8003349b load:0x00000014
       74465000	      7347	800148a4	e385c383	lbu	x7,-456(x11)	 x11:0x80033a3a  x7=0x0000000c PA:0x80033872 load:0x0000000c
       74475000	      7348	800148a8	1fc59003	lh	x0,508(x11)	 x11:0x80033a3a  x0=0x00000000 PA:0x80033c36 load:0xffffaf89
       74485000	      7349	800148ac	ff1b8683	lb	x13,-15(x23)	 x23:0x8003f15d x13=0xfffffffc PA:0x8003f14e load:0xfffffffc
       74495000	      7350	800148b0	8a858ea3	sb	x8,-1859(x11)	 x11:0x80033a3a  x8:0x00000000 PA:0x800332f7 store:0x00000000 load:0x00000000
       74505000	      7351	800148b4	ff7bc983	lbu	x19,-9(x23)	 x23:0x8003f15d x19=0x0000001b PA:0x8003f154 load:0x0000001b
       74515000	      7352	800148b8	ba3580a3	sb	x3,-1119(x11)	 x11:0x80033a3a  x3:0x00008b33 PA:0x800335db store:0x00008b33 load:0x00000000
       74525000	      7353	800148bc	ff8bcd03	lbu	x26,-8(x23)	 x23:0x8003f15d x26=0x0000009d PA:0x8003f155 load:0x0000009d
       74535000	      7354	800148c0	0001ee97	auipc	x29,0x1e	 x29=0x800328c0
       74545000	      7355	800148c4	788e8e93	addi	x29,x29,1928	 x29:0x800328c0 x29=0x80033048
       74555000	      7356	800148c8	21688cb7	lui	x25,0x21688	 x25=0x21688000
       74565000	      7357	800148cc	9ee6	c.add	x29,x25	 x29:0x80033048 x25:0x21688000 x29=0xa16bb048
       74575000	      7358	800148ce	120e9a23	sh	x0,308(x29)	 x29:0xa16bb048  x0:0x00000000 PA:0xa16bb17c store:0x00000000 load:0x00000000
       74585000	      7359	800148d2	1e1e8d23	sb	x1,506(x29)	 x29:0xa16bb048  x1:0x80033ff0 PA:0xa16bb242 store:0x80033ff0 load:0x00000000
       74595000	      7360	800148d6	703e8e23	sb	x3,1820(x29)	 x29:0xa16bb048  x3:0x00008b33 PA:0xa16bb764 store:0x00008b33 load:0x00000000
       74605000	      7361	800148da	224e8ba3	sb	x4,567(x29)	 x29:0xa16bb048  x4:0x00000000 PA:0xa16bb27f store:0x00000000 load:0x00000000
       74615000	      7362	800148de	71b73413	sltiu	x8,x14,1819	 x14:0x0000005f  x8=0x00000001
       74625000	      7363	800148e2	134e9803	lh	x16,308(x29)	 x29:0xa16bb048 x16=0x00000000 PA:0xa16bb17c load:0x00000000
       74665000	      7367	800148e6	033f3733	mulhu	x14,x30,x19	 x30:0xffffffe4 x19:0x0000001b x14=0x0000001a
       74675000	      7368	800148ea	016768b3	or	x17,x14,x22	 x14:0x0000001a x22:0x00000072 x17=0x0000007a
       74685000	      7369	800148ee	00091b13	slli	x22,x18,0x0	 x18:0x00000014 x22=0x00000014
       74695000	      7370	800148f2	01b92d33	slt	x26,x18,x27	 x18:0x00000014 x27:0x00000082 x26=0x00000001
       74705000	      7371	800148f6	1fae8603	lb	x12,506(x29)	 x29:0xa16bb048 x12=0xfffffff0 PA:0xa16bb242 load:0xfffffff0
       74715000	      7372	800148fa	b76e84a3	sb	x22,-1175(x29)	 x29:0xa16bb048 x22:0x00000014 PA:0xa16babb1 store:0x00000014 load:0x00000000
       74725000	      7373	800148fe	71ce8a03	lb	x20,1820(x29)	 x29:0xa16bb048 x20=0x00000033 PA:0xa16bb764 load:0x00000033
       74735000	      7374	80014902	41d450b3	sra	x1,x8,x29	  x8:0x00000001 x29:0xa16bb048  x1=0x00000000
       74745000	      7375	80014906	40f052b3	sra	x5,x0,x15	  x0:0x00000000 x15:0x8004cce4  x5=0x00000000
       74755000	      7376	8001490a	237ec203	lbu	x4,567(x29)	 x29:0xa16bb048  x4=0x00000000 PA:0xa16bb27f load:0x00000000
       74765000	      7377	8001490e	0001f717	auipc	x14,0x1f	 x14=0x8003390e
       74775000	      7378	80014912	0a670713	addi	x14,x14,166	 x14:0x8003390e x14=0x800339b4
       74785000	      7379	80014916	0001	c.addi	x0,0	  x0:0x00000000  x0=0x00000000
       74795000	      7380	80014918	00dd5093	srli	x1,x26,0xd	 x26:0x00000001  x1=0x00000000
       74805000	      7381	8001491c	f52701a3	sb	x18,-189(x14)	 x14:0x800339b4 x18:0x00000014 PA:0x800338f7 store:0x00000014 load:0x00000000
       74815000	      7382	80014920	0031d433	srl	x8,x3,x3	  x3:0x00008b33  x3:0x00008b33  x8=0x00000000
       74825000	      7383	80014924	f7b74683	lbu	x13,-133(x14)	 x14:0x800339b4 x13=0x00000042 PA:0x8003392f load:0x00000042
       74835000	      7384	80014928	f0c74b03	lbu	x22,-244(x14)	 x14:0x800339b4 x22=0x00000062 PA:0x800338c0 load:0x00000062
       74845000	      7385	8001492c	7c184b93	xori	x23,x16,1985	 x16:0x00000000 x23=0x000007c1
       74855000	      7386	80014930	00b74203	lbu	x4,11(x14)	 x14:0x800339b4  x4=0x0000008a PA:0x800339bf load:0x0000008a
       74865000	      7387	80014934	00b74e03	lbu	x28,11(x14)	 x14:0x800339b4 x28=0x0000008a PA:0x800339bf load:0x0000008a
       74875000	      7388	80014938	014705a3	sb	x20,11(x14)	 x14:0x800339b4 x20:0x00000033 PA:0x800339bf store:0x00000033 load:0x00000000
       74885000	      7389	8001493c	007f5b13	srli	x22,x30,0x7	 x30:0xffffffe4 x22=0x01ffffff
       74895000	      7390	80014940	00b705a3	sb	x11,11(x14)	 x14:0x800339b4 x11:0x80033a3a PA:0x800339bf store:0x80033a3a load:0x00000000
       74905000	      7391	80014944	05a75483	lhu	x9,90(x14)	 x14:0x800339b4  x9=0x00009549 PA:0x80033a0e load:0x00009549
       74915000	      7392	80014948	08870ba3	sb	x8,151(x14)	 x14:0x800339b4  x8:0x00000000 PA:0x80033a4b store:0x00000000 load:0x00000000
       74925000	      7393	8001494c	fc275b83	lhu	x23,-62(x14)	 x14:0x800339b4 x23=0x00006de2 PA:0x80033976 load:0x00006de2
       74935000	      7394	80014950	010ae6b3	or	x13,x21,x16	 x21:0x00000009 x16:0x00000000 x13=0x00000009
       74945000	      7395	80014954	08674803	lbu	x16,134(x14)	 x14:0x800339b4 x16=0x0000007a PA:0x80033a3a load:0x0000007a
       74955000	      7396	80014958	0a270a03	lb	x20,162(x14)	 x14:0x800339b4 x20=0x00000018 PA:0x80033a56 load:0x00000018
       74965000	      7397	8001495c	0c374b03	lbu	x22,195(x14)	 x14:0x800339b4 x22=0x0000006e PA:0x80033a77 load:0x0000006e
       74975000	      7398	80014960	f8170903	lb	x18,-127(x14)	 x14:0x800339b4 x18=0x00000005 PA:0x80033935 load:0x00000005
       74985000	      7399	80014964	fb275e03	lhu	x28,-78(x14)	 x14:0x800339b4 x28=0x00000ab4 PA:0x80033966 load:0x00000ab4
       74995000	      7400	80014968	fb771923	sh	x23,-78(x14)	 x14:0x800339b4 x23:0x00006de2 PA:0x80033966 store:0x00006de2 load:0x00000000
       75005000	      7401	8001496c	fab70923	sb	x11,-78(x14)	 x14:0x800339b4 x11:0x80033a3a PA:0x80033966 store:0x80033a3a load:0x00000000
       75015000	      7402	80014970	0d774283	lbu	x5,215(x14)	 x14:0x800339b4  x5=0x00000021 PA:0x80033a8b load:0x00000021
       75025000	      7403	80014974	5334	c.lw	x13,96(x14)	 x14:0x800339b4 x13=0x070015c9 PA:0x80033a14 load:0x070015c9
       75035000	      7404	80014976	00021617	auipc	x12,0x21	 x12=0x80035976
       75045000	      7405	8001497a	18260613	addi	x12,x12,386	 x12:0x80035976 x12=0x80035af8
       75055000	      7406	8001497e	01c61123	sh	x28,2(x12)	 x12:0x80035af8 x28:0x00000ab4 PA:0x80035afa store:0x00000ab4 load:0x00000000
       75095000	      7410	80014982	03a4bcb3	mulhu	x25,x9,x26	  x9:0x00009549 x26:0x00000001 x25=0x00000000
       75105000	      7411	80014986	00265403	lhu	x8,2(x12)	 x12:0x80035af8  x8=0x00000ab4 PA:0x80035afa load:0x00000ab4
       75115000	      7412	8001498a	01860123	sb	x24,2(x12)	 x12:0x80035af8 x24:0x0000007c PA:0x80035afa store:0x0000007c load:0x00000000
       75125000	      7413	8001498e	16fd	c.addi	x13,-1	 x13:0x070015c9 x13=0x070015c8
       75135000	      7414	80014990	01b8d893	srli	x17,x17,0x1b	 x17:0x0000007a x17=0x00000000
       75145000	      7415	80014994	0b7e	c.slli	x22,0x1f	 x22:0x0000006e x22=0x00000000
       75155000	      7416	80014996	01960123	sb	x25,2(x12)	 x12:0x80035af8 x25:0x00000000 PA:0x80035afa store:0x00000000 load:0x00000000
       75165000	      7417	8001499a	00261503	lh	x10,2(x12)	 x12:0x80035af8 x10=0x00000a00 PA:0x80035afa load:0x00000a00
       75175000	      7418	8001499e	00264583	lbu	x11,2(x12)	 x12:0x80035af8 x11=0x00000000 PA:0x80035afa load:0x00000000
       75185000	      7419	800149a2	01561123	sh	x21,2(x12)	 x12:0x80035af8 x21:0x00000009 PA:0x80035afa store:0x00000009 load:0x00000000
       75195000	      7420	800149a6	00260483	lb	x9,2(x12)	 x12:0x80035af8  x9=0x00000009 PA:0x80035afa load:0x00000009
       75205000	      7421	800149aa	00264f03	lbu	x30,2(x12)	 x12:0x80035af8 x30=0x00000009 PA:0x80035afa load:0x00000009
       75215000	      7422	800149ae	c1976d93	ori	x27,x14,-999	 x14:0x800339b4 x27=0xfffffdbd
       75225000	      7423	800149b2	8f59	c.or	x14,x14	 x14:0x800339b4 x14:0x800339b4 x14=0x800339b4
       75235000	      7424	800149b4	00265203	lhu	x4,2(x12)	 x12:0x80035af8  x4=0x00000009 PA:0x80035afa load:0x00000009
       75245000	      7425	800149b8	00260883	lb	x17,2(x12)	 x12:0x80035af8 x17=0x00000009 PA:0x80035afa load:0x00000009
       75255000	      7426	800149bc	00261903	lh	x18,2(x12)	 x12:0x80035af8 x18=0x00000009 PA:0x80035afa load:0x00000009
       75265000	      7427	800149c0	0002ad97	auipc	x27,0x2a	 x27=0x8003e9c0
       75275000	      7428	800149c4	967d8d93	addi	x27,x27,-1689	 x27:0x8003e9c0 x27=0x8003e327
       75285000	      7429	800149c8	41cd83b3	sub	x7,x27,x28	 x27:0x8003e327 x28:0x00000ab4  x7=0x8003d873
       75295000	      7430	800149cc	004f91b3	sll	x3,x31,x4	 x31:0xffffffe4  x4:0x00000009  x3=0xffffc800
       75305000	      7431	800149d0	7b8dc503	lbu	x10,1976(x27)	 x27:0x8003e327 x10=0x00000000 PA:0x8003eadf load:0x00000000
       75315000	      7432	800149d4	7b8d8903	lb	x18,1976(x27)	 x27:0x8003e327 x18=0x00000000 PA:0x8003eadf load:0x00000000
       75325000	      7433	800149d8	7b8dc403	lbu	x8,1976(x27)	 x27:0x8003e327  x8=0x00000000 PA:0x8003eadf load:0x00000000
       75335000	      7434	800149dc	7b8d8703	lb	x14,1976(x27)	 x27:0x8003e327 x14=0x00000000 PA:0x8003eadf load:0x00000000
       75345000	      7435	800149e0	7b8dcb83	lbu	x23,1976(x27)	 x27:0x8003e327 x23=0x00000000 PA:0x8003eadf load:0x00000000
       75365000	      7437	800149e4	0218c6b3	div	x13,x17,x1	 x17:0x00000009  x1:0x00000000 x13=0xffffffff
       75375000	      7438	800149e8	7b8d8303	lb	x6,1976(x27)	 x27:0x8003e327  x6=0x00000000 PA:0x8003eadf load:0x00000000
       75385000	      7439	800149ec	7b8dca03	lbu	x20,1976(x27)	 x27:0x8003e327 x20=0x00000000 PA:0x8003eadf load:0x00000000
       75395000	      7440	800149f0	e7081017	auipc	x0,0xe7081	  x0=0x00000000
       75405000	      7441	800149f4	50fd	c.li	x1,-1	  x1=0xffffffff
       75415000	      7442	800149f6	7b8dc383	lbu	x7,1976(x27)	 x27:0x8003e327  x7=0x00000000 PA:0x8003eadf load:0x00000000
       75425000	      7443	800149fa	7bfd8c23	sb	x31,1976(x27)	 x27:0x8003e327 x31:0xffffffe4 PA:0x8003eadf store:0xffffffe4 load:0x00000000
       75435000	      7444	800149fe	028d8923	sb	x8,50(x27)	 x27:0x8003e327  x8:0x00000000 PA:0x8003e359 store:0x00000000 load:0x00000000
       75445000	      7445	80014a02	0001e617	auipc	x12,0x1e	 x12=0x80032a02
       75455000	      7446	80014a06	64660613	addi	x12,x12,1606	 x12:0x80032a02 x12=0x80033048
       75465000	      7447	80014a0a	45f97a37	lui	x20,0x45f97	 x20=0x45f97000
       75475000	      7448	80014a0e	9652	c.add	x12,x20	 x12:0x80033048 x20:0x45f97000 x12=0xc5fca048
       75485000	      7449	80014a10	f0260323	sb	x2,-250(x12)	 x12:0xc5fca048  x2:0x80048e50 PA:0xc5fc9f4e store:0x80048e50 load:0x00000000
       75495000	      7450	80014a14	58461023	sh	x4,1408(x12)	 x12:0xc5fca048  x4:0x00000009 PA:0xc5fca5c8 store:0x00000009 load:0x00000000
       75505000	      7451	80014a18	02560023	sb	x5,32(x12)	 x12:0xc5fca048  x5:0x00000021 PA:0xc5fca068 store:0x00000021 load:0x00000000
       75515000	      7452	80014a1c	428601a3	sb	x8,1059(x12)	 x12:0xc5fca048  x8:0x00000000 PA:0xc5fca46b store:0x00000000 load:0x00000000
       75525000	      7453	80014a20	f8962023	sw	x9,-128(x12)	 x12:0xc5fca048  x9:0x00000009 PA:0xc5fc9fc8 store:0x00000009 load:0x00000000
       75535000	      7454	80014a24	2e861923	sh	x8,754(x12)	 x12:0xc5fca048  x8:0x00000000 PA:0xc5fca33a store:0x00000000 load:0x00000000
       75545000	      7455	80014a28	f6f60f23	sb	x15,-130(x12)	 x12:0xc5fca048 x15:0x8004cce4 PA:0xc5fc9fc6 store:0x8004cce4 load:0x00000000
       75555000	      7456	80014a2c	82f1	c.srli	x13,0x1c	 x13:0xffffffff x13=0x0000000f
       75565000	      7457	80014a2e	f0664383	lbu	x7,-250(x12)	 x12:0xc5fca048  x7=0x00000050 PA:0xc5fc9f4e load:0x00000050
       75575000	      7458	80014a32	01f1d433	srl	x8,x3,x31	  x3:0xffffc800 x31:0xffffffe4  x8=0x0ffffc80
       75585000	      7459	80014a36	56b61223	sh	x11,1380(x12)	 x12:0xc5fca048 x11:0x00000000 PA:0xc5fca5ac store:0x00000000 load:0x00000000
       75625000	      7463	80014a3a	03e29233	mulh	x4,x5,x30	  x5:0x00000021 x30:0x00000009  x4=0x00000000
       75665000	      7467	80014a3e	03d219b3	mulh	x19,x4,x29	  x4:0x00000000 x29:0xa16bb048 x19=0x00000000
       75675000	      7468	80014a42	89a1	c.andi	x11,8	 x11:0x00000000 x11=0x00000000
       75685000	      7469	80014a44	89a9	c.andi	x11,10	 x11:0x00000000 x11=0x00000000
       75695000	      7470	80014a46	40b7d333	sra	x6,x15,x11	 x15:0x8004cce4 x11:0x00000000  x6=0x8004cce4
       75705000	      7471	80014a4a	58061403	lh	x8,1408(x12)	 x12:0xc5fca048  x8=0x00000009 PA:0xc5fca5c8 load:0x00000009
       75715000	      7472	80014a4e	02060f03	lb	x30,32(x12)	 x12:0xc5fca048 x30=0x00000021 PA:0xc5fca068 load:0x00000021
       75725000	      7473	80014a52	41c90533	sub	x10,x18,x28	 x18:0x00000000 x28:0x00000ab4 x10=0xfffff54c
       75735000	      7474	80014a56	8441	c.srai	x8,0x10	  x8:0x00000009  x8=0x00000000
       75745000	      7475	80014a58	33660aa3	sb	x22,821(x12)	 x12:0xc5fca048 x22:0x00000000 PA:0xc5fca37d store:0x00000000 load:0x00000000
       75755000	      7476	80014a5c	40138eb3	sub	x29,x7,x1	  x7:0x00000050  x1:0xffffffff x29=0x00000051
       75765000	      7477	80014a60	76c60fa3	sb	x12,1919(x12)	 x12:0xc5fca048 x12:0xc5fca048 PA:0xc5fca7c7 store:0xc5fca048 load:0x00000000
       75775000	      7478	80014a64	42360303	lb	x6,1059(x12)	 x12:0xc5fca048  x6=0x00000000 PA:0xc5fca46b load:0x00000000
       75785000	      7479	80014a68	f8062e03	lw	x28,-128(x12)	 x12:0xc5fca048 x28=0x00000009 PA:0xc5fc9fc8 load:0x00000009
       75795000	      7480	80014a6c	0001e817	auipc	x16,0x1e	 x16=0x80032a6c
       75805000	      7481	80014a70	5dc80813	addi	x16,x16,1500	 x16:0x80032a6c x16=0x80033048
       75815000	      7482	80014a74	57b47537	lui	x10,0x57b47	 x10=0x57b47000
       75825000	      7483	80014a78	982a	c.add	x16,x10	 x16:0x80033048 x10:0x57b47000 x16=0xd7b7a048
       75835000	      7484	80014a7a	7e080223	sb	x0,2020(x16)	 x16:0xd7b7a048  x0:0x00000000 PA:0xd7b7a82c store:0x00000000 load:0x00000000
       75845000	      7485	80014a7e	0c1804a3	sb	x1,201(x16)	 x16:0xd7b7a048  x1:0xffffffff PA:0xd7b7a111 store:0xffffffff load:0x00000000
       75855000	      7486	80014a82	6c280f23	sb	x2,1758(x16)	 x16:0xd7b7a048  x2:0x80048e50 PA:0xd7b7a726 store:0x80048e50 load:0x00000000
       75865000	      7487	80014a86	ec381123	sh	x3,-318(x16)	 x16:0xd7b7a048  x3:0xffffc800 PA:0xd7b79f0a store:0xffffc800 load:0x00000000
       75875000	      7488	80014a8a	1c481d23	sh	x4,474(x16)	 x16:0xd7b7a048  x4:0x00000000 PA:0xd7b7a222 store:0x00000000 load:0x00000000
       75885000	      7489	80014a8e	30582c23	sw	x5,792(x16)	 x16:0xd7b7a048  x5:0x00000021 PA:0xd7b7a360 store:0x00000021 load:0x00000000
       75895000	      7490	80014a92	42680da3	sb	x6,1083(x16)	 x16:0xd7b7a048  x6:0x00000000 PA:0xd7b7a483 store:0x00000000 load:0x00000000
       75905000	      7491	80014a96	4a882a23	sw	x8,1204(x16)	 x16:0xd7b7a048  x8:0x00000000 PA:0xd7b7a4fc store:0x00000000 load:0x00000000
       75915000	      7492	80014a9a	402edbb3	sra	x23,x29,x2	 x29:0x00000051  x2:0x80048e50 x23=0x00000000
       75925000	      7493	80014a9e	7e480383	lb	x7,2020(x16)	 x16:0xd7b7a048  x7=0x00000000 PA:0xd7b7a82c load:0x00000000
       75935000	      7494	80014aa2	10d38f37	lui	x30,0x10d38	 x30=0x10d38000
       75945000	      7495	80014aa6	0c984d83	lbu	x27,201(x16)	 x16:0xd7b7a048 x27=0x000000ff PA:0xd7b7a111 load:0x000000ff
       75955000	      7496	80014aaa	6de84403	lbu	x8,1758(x16)	 x16:0xd7b7a048  x8=0x00000050 PA:0xd7b7a726 load:0x00000050
       75965000	      7497	80014aae	8ea5	c.xor	x13,x9	 x13:0x0000000f  x9:0x00000009 x13=0x00000006
       75975000	      7498	80014ab0	ec285f83	lhu	x31,-318(x16)	 x16:0xd7b7a048 x31=0x0000c800 PA:0xd7b79f0a load:0x0000c800
       75985000	      7499	80014ab4	02495f97	auipc	x31,0x2495	 x31=0x824a9ab4
       76005000	      7501	80014ab8	02eacd33	div	x26,x21,x14	 x21:0x00000009 x14:0x00000000 x26=0xffffffff
       76015000	      7502	80014abc	1da85f83	lhu	x31,474(x16)	 x16:0xd7b7a048 x31=0x00000000 PA:0xd7b7a222 load:0x00000000
       76025000	      7503	80014ac0	1fc04693	xori	x13,x0,508	  x0:0x00000000 x13=0x000001fc
       76035000	      7504	80014ac4	31882a03	lw	x20,792(x16)	 x16:0xd7b7a048 x20=0x00000021 PA:0xd7b7a360 load:0x00000021
       76045000	      7505	80014ac8	43b84583	lbu	x11,1083(x16)	 x16:0xd7b7a048 x11=0x00000000 PA:0xd7b7a483 load:0x00000000
       76055000	      7506	80014acc	013970b3	and	x1,x18,x19	 x18:0x00000000 x19:0x00000000  x1=0x00000000
       76065000	      7507	80014ad0	0c6805a3	sb	x6,203(x16)	 x16:0xd7b7a048  x6:0x00000000 PA:0xd7b7a113 store:0x00000000 load:0x00000000
       76085000	      7509	80014ad4	03717733	remu	x14,x2,x23	  x2:0x80048e50 x23:0x00000000 x14=0x80048e50
       76095000	      7510	80014ad8	4b482183	lw	x3,1204(x16)	 x16:0xd7b7a048  x3=0x00000000 PA:0xd7b7a4fc load:0x00000000
       76105000	      7511	80014adc	0001f097	auipc	x1,0x1f	  x1=0x80033adc
       76115000	      7512	80014ae0	56c08093	addi	x1,x1,1388	  x1:0x80033adc  x1=0x80034048
       76125000	      7513	80014ae4	4db94e37	lui	x28,0x4db94	 x28=0x4db94000
       76135000	      7514	80014ae8	90f2	c.add	x1,x28	  x1:0x80034048 x28:0x4db94000  x1=0xcdbc8048
       76145000	      7515	80014aea	06108b23	sb	x1,118(x1)	  x1:0xcdbc8048  x1:0xcdbc8048 PA:0xcdbc80be store:0xcdbc8048 load:0x00000000
       76155000	      7516	80014aee	36208f23	sb	x2,894(x1)	  x1:0xcdbc8048  x2:0x80048e50 PA:0xcdbc83c6 store:0x80048e50 load:0x00000000
       76165000	      7517	80014af2	de3080a3	sb	x3,-543(x1)	  x1:0xcdbc8048  x3:0x00000000 PA:0xcdbc7e29 store:0x00000000 load:0x00000000
       76175000	      7518	80014af6	02e08ca3	sb	x14,57(x1)	  x1:0xcdbc8048 x14:0x80048e50 PA:0xcdbc8081 store:0x80048e50 load:0x00000000
       76185000	      7519	80014afa	01a60833	add	x16,x12,x26	 x12:0xc5fca048 x26:0xffffffff x16=0xc5fca047
       76195000	      7520	80014afe	418b5b93	srai	x23,x22,0x18	 x22:0x00000000 x23=0x00000000
       76205000	      7521	80014b02	82b76193	ori	x3,x14,-2005	 x14:0x80048e50  x3=0xfffffe7b
       76215000	      7522	80014b06	00564b33	xor	x22,x12,x5	 x12:0xc5fca048  x5:0x00000021 x22=0xc5fca069
       76225000	      7523	80014b0a	07608503	lb	x10,118(x1)	  x1:0xcdbc8048 x10=0x00000048 PA:0xcdbc80be load:0x00000048
       76235000	      7524	80014b0e	6f89	c.lui	x31,0x2	 x31=0x00002000
       76245000	      7525	80014b10	37e0c203	lbu	x4,894(x1)	  x1:0xcdbc8048  x4=0x00000050 PA:0xcdbc83c6 load:0x00000050
       76255000	      7526	80014b14	8f59	c.or	x14,x14	 x14:0x80048e50 x14:0x80048e50 x14=0x80048e50
       76265000	      7527	80014b16	00a15493	srli	x9,x2,0xa	  x2:0x80048e50  x9=0x00200123
       76275000	      7528	80014b1a	de10cc03	lbu	x24,-543(x1)	  x1:0xcdbc8048 x24=0x00000000 PA:0xcdbc7e29 load:0x00000000
       76285000	      7529	80014b1e	45608923	sb	x22,1106(x1)	  x1:0xcdbc8048 x22:0xc5fca069 PA:0xcdbc849a store:0xc5fca069 load:0x00000000
       76295000	      7530	80014b22	0001f217	auipc	x4,0x1f	  x4=0x80033b22
       76305000	      7531	80014b26	cfd20213	addi	x4,x4,-771	  x4:0x80033b22  x4=0x8003381f
       76315000	      7532	80014b2a	7f524d03	lbu	x26,2037(x4)	  x4:0x8003381f x26=0x00000050 PA:0x80034014 load:0x00000050
       76325000	      7533	80014b2e	0001	c.addi	x0,0	  x0:0x00000000  x0=0x00000000
       76335000	      7534	80014b30	40755f93	srai	x31,x10,0x7	 x10:0x00000048 x31=0x00000000
       76345000	      7535	80014b34	73cdcb93	xori	x23,x27,1852	 x27:0x000000ff x23=0x000007c3
       76355000	      7536	80014b38	1fe24883	lbu	x17,510(x4)	  x4:0x8003381f x17=0x000000d6 PA:0x80033a1d load:0x000000d6
       76365000	      7537	80014b3c	1fe20083	lb	x1,510(x4)	  x4:0x8003381f  x1=0xffffffd6 PA:0x80033a1d load:0xffffffd6
       76375000	      7538	80014b40	1fe20c03	lb	x24,510(x4)	  x4:0x8003381f x24=0xffffffd6 PA:0x80033a1d load:0xffffffd6
       76385000	      7539	80014b44	0000100f	fence.i	
       76405000	      7541	80014b48	404adc13	srai	x24,x21,0x4	 x21:0x00000009 x24=0x00000000
       76415000	      7542	80014b4c	be520c23	sb	x5,-1032(x4)	  x4:0x8003381f  x5:0x00000021 PA:0x80033417 store:0x00000021 load:0x00000000
       76425000	      7543	80014b50	1f720503	lb	x10,503(x4)	  x4:0x8003381f x10=0x00000000 PA:0x80033a16 load:0x00000000
       76795000	      7580	80014b54	03a9f333	remu	x6,x19,x26	 x19:0x00000000 x26:0x00000050  x6=0x00000000
       76805000	      7581	80014b58	1f724b83	lbu	x23,503(x4)	  x4:0x8003381f x23=0x00000000 PA:0x80033a16 load:0x00000000
       76815000	      7582	80014b5c	1f721983	lh	x19,503(x4)	  x4:0x8003381f x19=0x00000700 PA:0x80033a16 load:0x00000700
       76825000	      7583	80014b60	8ef9	c.and	x13,x14	 x13:0x000001fc x14:0x80048e50 x13=0x00000050
       76835000	      7584	80014b62	1f720f83	lb	x31,503(x4)	  x4:0x8003381f x31=0x00000000 PA:0x80033a16 load:0x00000000
       76845000	      7585	80014b66	1f420c83	lb	x25,500(x4)	  x4:0x8003381f x25=0x00000058 PA:0x80033a13 load:0x00000058
       76855000	      7586	80014b6a	0001e697	auipc	x13,0x1e	 x13=0x80032b6a
       76865000	      7587	80014b6e	55368693	addi	x13,x13,1363	 x13:0x80032b6a x13=0x800330bd
       76875000	      7588	80014b72	03068423	sb	x16,40(x13)	 x13:0x800330bd x16:0xc5fca047 PA:0x800330e5 store:0xc5fca047 load:0x00000000
       76885000	      7589	80014b76	0e06cd03	lbu	x26,224(x13)	 x13:0x800330bd x26=0x00000007 PA:0x8003319d load:0x00000007
       76895000	      7590	80014b7a	8d05	c.sub	x10,x9	 x10:0x00000000  x9:0x00200123 x10=0xffdffedd
       76905000	      7591	80014b7c	8d71	c.and	x10,x12	 x10:0xffdffedd x12:0xc5fca048 x10=0xc5dca048
       76915000	      7592	80014b7e	05f68b23	sb	x31,86(x13)	 x13:0x800330bd x31:0x00000000 PA:0x80033113 store:0x00000000 load:0x00000000
       76925000	      7593	80014b82	ff068f83	lb	x31,-16(x13)	 x13:0x800330bd x31=0xffffffdd PA:0x800330ad load:0xffffffdd
       76935000	      7594	80014b86	0466c803	lbu	x16,70(x13)	 x13:0x800330bd x16=0x000000bf PA:0x80033103 load:0x000000bf
       76945000	      7595	80014b8a	f9568da3	sb	x21,-101(x13)	 x13:0x800330bd x21:0x00000009 PA:0x80033058 store:0x00000009 load:0x00000000
       76955000	      7596	80014b8e	0ab6c883	lbu	x17,171(x13)	 x13:0x800330bd x17=0x0000006d PA:0x80033168 load:0x0000006d
       76965000	      7597	80014b92	4935	c.li	x18,13	 x18=0x0000000d
       76975000	      7598	80014b94	fd668e83	lb	x29,-42(x13)	 x13:0x800330bd x29=0x00000013 PA:0x80033093 load:0x00000013
       76985000	      7599	80014b98	0dd69283	lh	x5,221(x13)	 x13:0x800330bd  x5=0xffffff66 PA:0x8003319a load:0xffffff66
       76995000	      7600	80014b9c	09b68c03	lb	x24,155(x13)	 x13:0x800330bd x24=0xffffff83 PA:0x80033158 load:0xffffff83
       77005000	      7601	80014ba0	08c6ada3	sw	x12,155(x13)	 x13:0x800330bd x12:0xc5fca048 PA:0x80033158 store:0xc5fca048 load:0x00000000
       77015000	      7602	80014ba4	0001f617	auipc	x12,0x1f	 x12=0x80033ba4
       77025000	      7603	80014ba8	48860613	addi	x12,x12,1160	 x12:0x80033ba4 x12=0x8003402c
       77035000	      7604	80014bac	cad60d23	sb	x13,-838(x12)	 x12:0x8003402c x13:0x800330bd PA:0x80033ce6 store:0x800330bd load:0x00000000
       77045000	      7605	80014bb0	caa61d23	sh	x10,-838(x12)	 x12:0x8003402c x10:0xc5dca048 PA:0x80033ce6 store:0xc5dca048 load:0x00000000
       77055000	      7606	80014bb4	cba64c03	lbu	x24,-838(x12)	 x12:0x8003402c x24=0x00000048 PA:0x80033ce6 load:0x00000048
       77065000	      7607	80014bb8	cba60e83	lb	x29,-838(x12)	 x12:0x8003402c x29=0x00000048 PA:0x80033ce6 load:0x00000048
       77085000	      7609	80014bbc	027a5c33	divu	x24,x20,x7	 x20:0x00000021  x7:0x00000000 x24=0xffffffff
       77095000	      7610	80014bc0	ef460483	lb	x9,-268(x12)	 x12:0x8003402c  x9=0x00000070 PA:0x80033f20 load:0x00000070
       77105000	      7611	80014bc4	ef464003	lbu	x0,-268(x12)	 x12:0x8003402c  x0=0x00000000 PA:0x80033f20 load:0x00000070
       77115000	      7612	80014bc8	ef460a03	lb	x20,-268(x12)	 x12:0x8003402c x20=0x00000070 PA:0x80033f20 load:0x00000070
       77125000	      7613	80014bcc	ef465003	lhu	x0,-268(x12)	 x12:0x8003402c  x0=0x00000000 PA:0x80033f20 load:0x00009670
       77135000	      7614	80014bd0	ef465c03	lhu	x24,-268(x12)	 x12:0x8003402c x24=0x00009670 PA:0x80033f20 load:0x00009670
       77145000	      7615	80014bd4	01ae88b3	add	x17,x29,x26	 x29:0x00000048 x26:0x00000007 x17=0x0000004f
       77155000	      7616	80014bd8	008a9833	sll	x16,x21,x8	 x21:0x00000009  x8:0x00000050 x16=0x00090000
       77165000	      7617	80014bdc	137d	c.addi	x6,-1	  x6:0x00000000  x6=0xffffffff
       77175000	      7618	80014bde	e1e65883	lhu	x17,-482(x12)	 x12:0x8003402c x17=0x00009a85 PA:0x80033e4a load:0x00009a85
       77185000	      7619	80014be2	e1e64d03	lbu	x26,-482(x12)	 x12:0x8003402c x26=0x00000085 PA:0x80033e4a load:0x00000085
       77195000	      7620	80014be6	0002e617	auipc	x12,0x2e	 x12=0x80042be6
       77205000	      7621	80014bea	08960613	addi	x12,x12,137	 x12:0x80042be6 x12=0x80042c6f
       77215000	      7622	80014bee	fff60b83	lb	x23,-1(x12)	 x12:0x80042c6f x23=0xffffffc5 PA:0x80042c6e load:0xffffffc5
       77225000	      7623	80014bf2	fff60703	lb	x14,-1(x12)	 x12:0x80042c6f x14=0xffffffc5 PA:0x80042c6e load:0xffffffc5
       77235000	      7624	80014bf6	fe360ca3	sb	x3,-7(x12)	 x12:0x80042c6f  x3:0xfffffe7b PA:0x80042c68 store:0xfffffe7b load:0x00000000
       77245000	      7625	80014bfa	00060083	lb	x1,0(x12)	 x12:0x80042c6f  x1=0x00000032 PA:0x80042c6f load:0x00000032
       77255000	      7626	80014bfe	00f601a3	sb	x15,3(x12)	 x12:0x80042c6f x15:0x8004cce4 PA:0x80042c72 store:0x8004cce4 load:0x00000000
       77625000	      7663	80014c02	029741b3	div	x3,x14,x9	 x14:0xffffffc5  x9:0x00000070  x3=0x00000000
       77635000	      7664	80014c06	00361003	lh	x0,3(x12)	 x12:0x80042c6f  x0=0x00000000 PA:0x80042c72 load:0xffffe3e4
       77645000	      7665	80014c0a	0ff0000f	fence	iorw,iorw	
       77655000	      7666	80014c0e	019601a3	sb	x25,3(x12)	 x12:0x80042c6f x25:0x00000058 PA:0x80042c72 store:0x00000058 load:0x00000000
       77665000	      7667	80014c12	00f65283	lhu	x5,15(x12)	 x12:0x80042c6f  x5=0x00000e07 PA:0x80042c7e load:0x00000e07
       77675000	      7668	80014c16	ff961aa3	sh	x25,-11(x12)	 x12:0x80042c6f x25:0x00000058 PA:0x80042c64 store:0x00000058 load:0x00000000
       77685000	      7669	80014c1a	ff260f83	lb	x31,-14(x12)	 x12:0x80042c6f x31=0xfffffff2 PA:0x80042c61 load:0xfffffff2
       77695000	      7670	80014c1e	ff264683	lbu	x13,-14(x12)	 x12:0x80042c6f x13=0x000000f2 PA:0x80042c61 load:0x000000f2
       77705000	      7671	80014c22	ff764d03	lbu	x26,-9(x12)	 x12:0x80042c6f x26=0x000000a7 PA:0x80042c66 load:0x000000a7
       77715000	      7672	80014c26	0942	c.slli	x18,0x10	 x18:0x0000000d x18=0x000d0000
       77725000	      7673	80014c28	41cc8cb3	sub	x25,x25,x28	 x25:0x00000058 x28:0x4db94000 x25=0xb246c058
       77735000	      7674	80014c2c	fec60aa3	sb	x12,-11(x12)	 x12:0x80042c6f x12:0x80042c6f PA:0x80042c64 store:0x80042c6f load:0x00000000
       77745000	      7675	80014c30	00660203	lb	x4,6(x12)	 x12:0x80042c6f  x4=0xffffffb8 PA:0x80042c75 load:0xffffffb8
       77755000	      7676	80014c34	00660703	lb	x14,6(x12)	 x12:0x80042c6f x14=0xffffffb8 PA:0x80042c75 load:0xffffffb8
       77765000	      7677	80014c38	0001f497	auipc	x9,0x1f	  x9=0x80033c38
       77775000	      7678	80014c3c	e9848493	addi	x9,x9,-360	  x9:0x80033c38  x9=0x80033ad0
       77785000	      7679	80014c40	08e48a23	sb	x14,148(x9)	  x9:0x80033ad0 x14:0xffffffb8 PA:0x80033b64 store:0xffffffb8 load:0x00000000
       77795000	      7680	80014c44	09e4aa23	sw	x30,148(x9)	  x9:0x80033ad0 x30:0x10d38000 PA:0x80033b64 store:0x10d38000 load:0x00000000
       77805000	      7681	80014c48	09d48a23	sb	x29,148(x9)	  x9:0x80033ad0 x29:0x00000048 PA:0x80033b64 store:0x00000048 load:0x00000000
       77815000	      7682	80014c4c	09348a23	sb	x19,148(x9)	  x9:0x80033ad0 x19:0x00000700 PA:0x80033b64 store:0x00000700 load:0x00000000
       77825000	      7683	80014c50	0944c603	lbu	x12,148(x9)	  x9:0x80033ad0 x12=0x00000000 PA:0x80033b64 load:0x00000000
       77835000	      7684	80014c54	0944c683	lbu	x13,148(x9)	  x9:0x80033ad0 x13=0x00000000 PA:0x80033b64 load:0x00000000
       77845000	      7685	80014c58	0944ca03	lbu	x20,148(x9)	  x9:0x80033ad0 x20=0x00000000 PA:0x80033b64 load:0x00000000
       77855000	      7686	80014c5c	09448c03	lb	x24,148(x9)	  x9:0x80033ad0 x24=0x00000000 PA:0x80033b64 load:0x00000000
       77865000	      7687	80014c60	f2d48683	lb	x13,-211(x9)	  x9:0x80033ad0 x13=0x00000038 PA:0x800339fd load:0x00000038
       77875000	      7688	80014c64	f2d48303	lb	x6,-211(x9)	  x9:0x80033ad0  x6=0x00000038 PA:0x800339fd load:0x00000038
       77885000	      7689	80014c68	f4448083	lb	x1,-188(x9)	  x9:0x80033ad0  x1=0xffffffc9 PA:0x80033a14 load:0xffffffc9
       77895000	      7690	80014c6c	f4c4a223	sw	x12,-188(x9)	  x9:0x80033ad0 x12:0x00000000 PA:0x80033a14 store:0x00000000 load:0x00000000
       77905000	      7691	80014c70	f444c003	lbu	x0,-188(x9)	  x9:0x80033ad0  x0=0x00000000 PA:0x80033a14 load:0x00000000
       77915000	      7692	80014c74	8715	c.srai	x14,0x5	 x14:0xffffffb8 x14=0xfffffffd
       77925000	      7693	80014c76	f444cb03	lbu	x22,-188(x9)	  x9:0x80033ad0 x22=0x00000000 PA:0x80033a14 load:0x00000000
       77935000	      7694	80014c7a	f5149223	sh	x17,-188(x9)	  x9:0x80033ad0 x17:0x00009a85 PA:0x80033a14 store:0x00009a85 load:0x00000000
       77945000	      7695	80014c7e	af17cb37	lui	x22,0xaf17c	 x22=0xaf17c000
       77955000	      7696	80014c82	01949323	sh	x25,6(x9)	  x9:0x80033ad0 x25:0xb246c058 PA:0x80033ad6 store:0xb246c058 load:0x00000000
       77965000	      7697	80014c86	0039c8b3	xor	x17,x19,x3	 x19:0x00000700  x3:0x00000000 x17=0x00000700
       77975000	      7698	80014c8a	0064c083	lbu	x1,6(x9)	  x9:0x80033ad0  x1=0x00000058 PA:0x80033ad6 load:0x00000058
       77985000	      7699	80014c8e	0001f597	auipc	x11,0x1f	 x11=0x80033c8e
       77995000	      7700	80014c92	1ad58593	addi	x11,x11,429	 x11:0x80033c8e x11=0x80033e3b
       78005000	      7701	80014c96	ff058403	lb	x8,-16(x11)	 x11:0x80033e3b  x8=0xffffffbb PA:0x80033e2b load:0xffffffbb
       78015000	      7702	80014c9a	00021f97	auipc	x31,0x21	 x31=0x80035c9a
       78025000	      7703	80014c9e	7a4f8f93	addi	x31,x31,1956	 x31:0x80035c9a x31=0x8003643e
       78035000	      7704	80014ca2	ff05cb03	lbu	x22,-16(x11)	 x11:0x80033e3b x22=0x000000bb PA:0x80033e2b load:0x000000bb
       78045000	      7705	80014ca6	ffaf8083	lb	x1,-6(x31)	 x31:0x8003643e  x1=0xffffffc9 PA:0x80036438 load:0xffffffc9
       78055000	      7706	80014caa	fe7fcd83	lbu	x27,-25(x31)	 x31:0x8003643e x27=0x000000b4 PA:0x80036425 load:0x000000b4
       78065000	      7707	80014cae	00e5cd83	lbu	x27,14(x11)	 x11:0x80033e3b x27=0x00000027 PA:0x80033e49 load:0x00000027
       78075000	      7708	80014cb2	01d58723	sb	x29,14(x11)	 x11:0x80033e3b x29:0x00000048 PA:0x80033e49 store:0x00000048 load:0x00000000
       78085000	      7709	80014cb6	007f8b03	lb	x22,7(x31)	 x31:0x8003643e x22=0xffffffad PA:0x80036445 load:0xffffffad
       78095000	      7710	80014cba	03dfc083	lbu	x1,61(x31)	 x31:0x8003643e  x1=0x0000004e PA:0x8003647b load:0x0000004e
       78105000	      7711	80014cbe	ffe5c303	lbu	x6,-2(x11)	 x11:0x80033e3b  x6=0x000000eb PA:0x80033e39 load:0x000000eb
       78115000	      7712	80014cc2	ffb5de03	lhu	x28,-5(x11)	 x11:0x80033e3b x28=0x0000aa6c PA:0x80033e36 load:0x0000aa6c
       78125000	      7713	80014cc6	ff1fcc83	lbu	x25,-15(x31)	 x31:0x8003643e x25=0x000000de PA:0x8003642f load:0x000000de
       78135000	      7714	80014cca	00022297	auipc	x5,0x22	  x5=0x80036cca
       78145000	      7715	80014cce	25e28293	addi	x5,x5,606	  x5:0x80036cca  x5=0x80036f28
       78155000	      7716	80014cd2	00e28123	sb	x14,2(x5)	  x5:0x80036f28 x14:0xfffffffd PA:0x80036f2a store:0xfffffffd load:0x00000000
       78165000	      7717	80014cd6	00429123	sh	x4,2(x5)	  x5:0x80036f28  x4:0xffffffb8 PA:0x80036f2a store:0xffffffb8 load:0x00000000
       78175000	      7718	80014cda	0022d903	lhu	x18,2(x5)	  x5:0x80036f28 x18=0x0000ffb8 PA:0x80036f2a load:0x0000ffb8
       78185000	      7719	80014cde	00228703	lb	x14,2(x5)	  x5:0x80036f28 x14=0xffffffb8 PA:0x80036f2a load:0xffffffb8
       78205000	      7721	80014ce2	01074d33	xor	x26,x14,x16	 x14:0xffffffb8 x16:0x00090000 x26=0xfff6ffb8
       78215000	      7722	80014ce6	01a28123	sb	x26,2(x5)	  x5:0x80036f28 x26:0xfff6ffb8 PA:0x80036f2a store:0xfff6ffb8 load:0x00000000
       78225000	      7723	80014cea	01c28123	sb	x28,2(x5)	  x5:0x80036f28 x28:0x0000aa6c PA:0x80036f2a store:0x0000aa6c load:0x00000000
       78235000	      7724	80014cee	00228803	lb	x16,2(x5)	  x5:0x80036f28 x16=0x0000006c PA:0x80036f2a load:0x0000006c
       78275000	      7728	80014cf2	02cbbcb3	mulhu	x25,x23,x12	 x23:0xffffffc5 x12:0x00000000 x25=0x00000000
       78285000	      7729	80014cf6	0022c883	lbu	x17,2(x5)	  x5:0x80036f28 x17=0x0000006c PA:0x80036f2a load:0x0000006c
       78295000	      7730	80014cfa	0022d883	lhu	x17,2(x5)	  x5:0x80036f28 x17=0x0000ff6c PA:0x80036f2a load:0x0000ff6c
       78305000	      7731	80014cfe	0022dd83	lhu	x27,2(x5)	  x5:0x80036f28 x27=0x0000ff6c PA:0x80036f2a load:0x0000ff6c
       78315000	      7732	80014d02	8e0d	c.sub	x12,x11	 x12:0x00000000 x11:0x80033e3b x12=0x7ffcc1c5
       78325000	      7733	80014d04	01d29123	sh	x29,2(x5)	  x5:0x80036f28 x29:0x00000048 PA:0x80036f2a store:0x00000048 load:0x00000000
       78335000	      7734	80014d08	f263ce13	xori	x28,x7,-218	  x7:0x00000000 x28=0xffffff26
       78345000	      7735	80014d0c	00928223	sb	x9,4(x5)	  x5:0x80036f28  x9:0x80033ad0 PA:0x80036f2c store:0x80033ad0 load:0x00000000
       78355000	      7736	80014d10	00429983	lh	x19,4(x5)	  x5:0x80036f28 x19=0xfffff1d0 PA:0x80036f2c load:0xfffff1d0
       78365000	      7737	80014d14	0042d903	lhu	x18,4(x5)	  x5:0x80036f28 x18=0x0000f1d0 PA:0x80036f2c load:0x0000f1d0
       78375000	      7738	80014d18	00328303	lb	x6,3(x5)	  x5:0x80036f28  x6=0x00000000 PA:0x80036f2b load:0x00000000
       78385000	      7739	80014d1c	0032c303	lbu	x6,3(x5)	  x5:0x80036f28  x6=0x00000000 PA:0x80036f2b load:0x00000000
       78395000	      7740	80014d20	0001fd17	auipc	x26,0x1f	 x26=0x80033d20
       78405000	      7741	80014d24	328d0d13	addi	x26,x26,808	 x26:0x80033d20 x26=0x80034048
       78415000	      7742	80014d28	66fe8a37	lui	x20,0x66fe8	 x20=0x66fe8000
       78425000	      7743	80014d2c	9d52	c.add	x26,x20	 x26:0x80034048 x20:0x66fe8000 x26=0xe701c048
       78435000	      7744	80014d2e	fc0d0aa3	sb	x0,-43(x26)	 x26:0xe701c048  x0:0x00000000 PA:0xe701c01d store:0x00000000 load:0x00000000
       78445000	      7745	80014d32	541d1323	sh	x1,1350(x26)	 x26:0xe701c048  x1:0x0000004e PA:0xe701c58e store:0x0000004e load:0x00000000
       78455000	      7746	80014d36	8c2d04a3	sb	x2,-1847(x26)	 x26:0xe701c048  x2:0x80048e50 PA:0xe701b911 store:0x80048e50 load:0x00000000
       78465000	      7747	80014d3a	6a3d08a3	sb	x3,1713(x26)	 x26:0xe701c048  x3:0x00000000 PA:0xe701c6f9 store:0x00000000 load:0x00000000
       78475000	      7748	80014d3e	6a4d0523	sb	x4,1706(x26)	 x26:0xe701c048  x4:0xffffffb8 PA:0xe701c6f2 store:0xffffffb8 load:0x00000000
       78485000	      7749	80014d42	fd5d0b03	lb	x22,-43(x26)	 x26:0xe701c048 x22=0x00000000 PA:0xe701c01d load:0x00000000
       78495000	      7750	80014d46	9c0a	c.add	x24,x2	 x24:0x00000000  x2:0x80048e50 x24=0x80048e50
       78505000	      7751	80014d48	00c3beb3	sltu	x29,x7,x12	  x7:0x00000000 x12:0x7ffcc1c5 x29=0x00000001
       78515000	      7752	80014d4c	546d1b83	lh	x23,1350(x26)	 x26:0xe701c048 x23=0x0000004e PA:0xe701c58e load:0x0000004e
       78525000	      7753	80014d50	8c9d0283	lb	x5,-1847(x26)	 x26:0xe701c048  x5=0x00000050 PA:0xe701b911 load:0x00000050
       78535000	      7754	80014d54	8e9e	c.mv	x29,x7	  x0:0x00000000  x7:0x00000000 x29=0x00000000
       78545000	      7755	80014d56	526efe13	andi	x28,x29,1318	 x29:0x00000000 x28=0x00000000
       78555000	      7756	80014d5a	0003d613	srli	x12,x7,0x0	  x7:0x00000000 x12=0x00000000
       78565000	      7757	80014d5e	6b1d4903	lbu	x18,1713(x26)	 x26:0xe701c048 x18=0x00000000 PA:0xe701c6f9 load:0x00000000
       78575000	      7758	80014d62	0175adb3	slt	x27,x11,x23	 x11:0x80033e3b x23:0x0000004e x27=0x00000001
       78615000	      7762	80014d66	0298be33	mulhu	x28,x17,x9	 x17:0x0000ff6c  x9:0x80033ad0 x28=0x00007fb9
       78625000	      7763	80014d6a	fe7ed817	auipc	x16,0xfe7ed	 x16=0x7e801d6a
       78635000	      7764	80014d6e	6aad4603	lbu	x12,1706(x26)	 x26:0xe701c048 x12=0x000000b8 PA:0xe701c6f2 load:0x000000b8
       78645000	      7765	80014d72	0001ec17	auipc	x24,0x1e	 x24=0x80032d72
       78655000	      7766	80014d76	2d6c0c13	addi	x24,x24,726	 x24:0x80032d72 x24=0x80033048
       78665000	      7767	80014d7a	606d0e37	lui	x28,0x606d0	 x28=0x606d0000
       78675000	      7768	80014d7e	9c72	c.add	x24,x28	 x24:0x80033048 x28:0x606d0000 x24=0xe0703048
       78685000	      7769	80014d80	560c1923	sh	x0,1394(x24)	 x24:0xe0703048  x0:0x00000000 PA:0xe07035ba store:0x00000000 load:0x00000000
       78695000	      7770	80014d84	681c1923	sh	x1,1682(x24)	 x24:0xe0703048  x1:0x0000004e PA:0xe07036da store:0x0000004e load:0x00000000
       78705000	      7771	80014d88	143c04a3	sb	x3,329(x24)	 x24:0xe0703048  x3:0x00000000 PA:0xe0703191 store:0x00000000 load:0x00000000
       78715000	      7772	80014d8c	e05c0723	sb	x5,-498(x24)	 x24:0xe0703048  x5:0x00000050 PA:0xe0702e56 store:0x00000050 load:0x00000000
       78725000	      7773	80014d90	706c1f23	sh	x6,1822(x24)	 x24:0xe0703048  x6:0x00000000 PA:0xe0703766 store:0x00000000 load:0x00000000
       78735000	      7774	80014d94	4b75	c.li	x22,29	 x22=0x0000001d
       78745000	      7775	80014d96	572c5983	lhu	x19,1394(x24)	 x24:0xe0703048 x19=0x00000000 PA:0xe07035ba load:0x00000000
       78755000	      7776	80014d9a	692c1303	lh	x6,1682(x24)	 x24:0xe0703048  x6=0x0000004e PA:0xe07036da load:0x0000004e
       78765000	      7777	80014d9e	8e29	c.xor	x12,x10	 x12:0x000000b8 x10:0xc5dca048 x12=0xc5dca0f0
       78775000	      7778	80014da0	dc7c0123	sb	x7,-574(x24)	 x24:0xe0703048  x7:0x00000000 PA:0xe0702e0a store:0x00000000 load:0x00000000
       78785000	      7779	80014da4	e35b6e93	ori	x29,x22,-459	 x22:0x0000001d x29=0xfffffe3d
       78795000	      7780	80014da8	149c0c83	lb	x25,329(x24)	 x24:0xe0703048 x25=0x00000000 PA:0xe0703191 load:0x00000000
       78805000	      7781	80014dac	0000100f	fence.i	
       78825000	      7783	80014db0	12dc1c23	sh	x13,312(x24)	 x24:0xe0703048 x13:0x00000038 PA:0xe0703180 store:0x00000038 load:0x00000000
       78835000	      7784	80014db4	e0ec0183	lb	x3,-498(x24)	 x24:0xe0703048  x3=0x00000050 PA:0xe0702e56 load:0x00000050
       78845000	      7785	80014db8	71ec1d83	lh	x27,1822(x24)	 x24:0xe0703048 x27=0x00000000 PA:0xe0703766 load:0x00000000
       78855000	      7786	80014dbc	004e22b3	slt	x5,x28,x4	 x28:0x606d0000  x4:0xffffffb8  x5=0x00000000
       78865000	      7787	80014dc0	0000100f	fence.i	
       78885000	      7789	80014dc4	1fac1023	sh	x26,480(x24)	 x24:0xe0703048 x26:0xe701c048 PA:0xe0703228 store:0xe701c048 load:0x00000000
       78895000	      7790	80014dc8	0001e717	auipc	x14,0x1e	 x14=0x80032dc8
       78905000	      7791	80014dcc	28070713	addi	x14,x14,640	 x14:0x80032dc8 x14=0x80033048
       78915000	      7792	80014dd0	19a1e537	lui	x10,0x19a1e	 x10=0x19a1e000
       78925000	      7793	80014dd4	972a	c.add	x14,x10	 x14:0x80033048 x10:0x19a1e000 x14=0x99a51048
       78935000	      7794	80014dd6	2e070ba3	sb	x0,759(x14)	 x14:0x99a51048  x0:0x00000000 PA:0x99a5133f store:0x00000000 load:0x00000000
       78945000	      7795	80014dda	66471e23	sh	x4,1660(x14)	 x14:0x99a51048  x4:0xffffffb8 PA:0x99a516c4 store:0xffffffb8 load:0x00000000
       78955000	      7796	80014dde	86570323	sb	x5,-1946(x14)	 x14:0x99a51048  x5:0x00000000 PA:0x99a508ae store:0x00000000 load:0x00000000
       78965000	      7797	80014de2	958a	c.add	x11,x2	 x11:0x80033e3b  x2:0x80048e50 x11=0x0007cc8b
       78975000	      7798	80014de4	09e1	c.addi	x19,24	 x19:0x00000000 x19=0x00000018
       78985000	      7799	80014de6	8cc1	c.or	x9,x8	  x9:0x80033ad0  x8:0xffffffbb  x9=0xfffffffb
       79005000	      7801	80014de8	025dc5b3	div	x11,x27,x5	 x27:0x00000000  x5:0x00000000 x11=0xffffffff
       79015000	      7802	80014dec	dfdefd93	andi	x27,x29,-515	 x29:0xfffffe3d x27=0xfffffc3d
       79025000	      7803	80014df0	2f774303	lbu	x6,759(x14)	 x14:0x99a51048  x6=0x00000000 PA:0x99a5133f load:0x00000000
       79035000	      7804	80014df4	950e	c.add	x10,x3	 x10:0x19a1e000  x3:0x00000050 x10=0x19a1e050
       79045000	      7805	80014df6	df270ca3	sb	x18,-519(x14)	 x14:0x99a51048 x18:0x00000000 PA:0x99a50e41 store:0x00000000 load:0x00000000
       79055000	      7806	80014dfa	bc970323	sb	x9,-1082(x14)	 x14:0x99a51048  x9:0xfffffffb PA:0x99a50c0e store:0xfffffffb load:0x00000000
       79065000	      7807	80014dfe	57670ca3	sb	x22,1401(x14)	 x14:0x99a51048 x22:0x0000001d PA:0x99a515c1 store:0x0000001d load:0x00000000
       79075000	      7808	80014e02	67c71f83	lh	x31,1660(x14)	 x14:0x99a51048 x31=0xffffffb8 PA:0x99a516c4 load:0xffffffb8
       79085000	      7809	80014e06	86670583	lb	x11,-1946(x14)	 x14:0x99a51048 x11=0x00000000 PA:0x99a508ae load:0x00000000
       79095000	      7810	80014e0a	0001e717	auipc	x14,0x1e	 x14=0x80032e0a
       79105000	      7811	80014e0e	23e70713	addi	x14,x14,574	 x14:0x80032e0a x14=0x80033048
       79115000	      7812	80014e12	3e7bda37	lui	x20,0x3e7bd	 x20=0x3e7bd000
       79125000	      7813	80014e16	9752	c.add	x14,x20	 x14:0x80033048 x20:0x3e7bd000 x14=0xbe7f0048
       79135000	      7814	80014e18	ba071a23	sh	x0,-1100(x14)	 x14:0xbe7f0048  x0:0x00000000 PA:0xbe7efbfc store:0x00000000 load:0x00000000
       79145000	      7815	80014e1c	b01704a3	sb	x1,-1271(x14)	 x14:0xbe7f0048  x1:0x0000004e PA:0xbe7efb51 store:0x0000004e load:0x00000000
       79155000	      7816	80014e20	a6371923	sh	x3,-1422(x14)	 x14:0xbe7f0048  x3:0x00000050 PA:0xbe7efaba store:0x00000050 load:0x00000000
       79165000	      7817	80014e24	e6670f23	sb	x6,-386(x14)	 x14:0xbe7f0048  x6:0x00000000 PA:0xbe7efec6 store:0x00000000 load:0x00000000
       79175000	      7818	80014e28	16770723	sb	x7,366(x14)	 x14:0xbe7f0048  x7:0x00000000 PA:0xbe7f01b6 store:0x00000000 load:0x00000000
       79185000	      7819	80014e2c	bb471803	lh	x16,-1100(x14)	 x14:0xbe7f0048 x16=0x00000000 PA:0xbe7efbfc load:0x00000000
       79195000	      7820	80014e30	b0974683	lbu	x13,-1271(x14)	 x14:0xbe7f0048 x13=0x0000004e PA:0xbe7efb51 load:0x0000004e
       79205000	      7821	80014e34	a97703a3	sb	x23,-1401(x14)	 x14:0xbe7f0048 x23:0x0000004e PA:0xbe7efacf store:0x0000004e load:0x00000000
       79215000	      7822	80014e38	a7275503	lhu	x10,-1422(x14)	 x14:0xbe7f0048 x10=0x00000050 PA:0xbe7efaba load:0x00000050
       79225000	      7823	80014e3c	2f071e23	sh	x16,764(x14)	 x14:0xbe7f0048 x16:0x00000000 PA:0xbe7f0344 store:0x00000000 load:0x00000000
       79235000	      7824	80014e40	0000100f	fence.i	
       79255000	      7826	80014e44	9a756e97	auipc	x29,0x9a756	 x29=0x1a76ae44
       79265000	      7827	80014e48	8e91	c.sub	x13,x12	 x13:0x0000004e x12:0xc5dca0f0 x13=0x3a235f5e
       79275000	      7828	80014e4a	409c5d33	sra	x26,x24,x9	 x24:0xe0703048  x9:0xfffffffb x26=0xfffffffc
       79285000	      7829	80014e4e	003e59b3	srl	x19,x28,x3	 x28:0x606d0000  x3:0x00000050 x19=0x0000606d
       79295000	      7830	80014e52	ffa71523	sh	x26,-22(x14)	 x14:0xbe7f0048 x26:0xfffffffc PA:0xbe7f0032 store:0xfffffffc load:0x00000000
       79305000	      7831	80014e56	0001	c.addi	x0,0	  x0:0x00000000  x0=0x00000000
       79315000	      7832	80014e58	e7e74f83	lbu	x31,-386(x14)	 x14:0xbe7f0048 x31=0x00000000 PA:0xbe7efec6 load:0x00000000
       79325000	      7833	80014e5c	014b5fb3	srl	x31,x22,x20	 x22:0x0000001d x20:0x3e7bd000 x31=0x0000001d
       79335000	      7834	80014e60	82d1	c.srli	x13,0x14	 x13:0x3a235f5e x13=0x000003a2
       79345000	      7835	80014e62	4585	c.li	x11,1	 x11=0x00000001
       79355000	      7836	80014e64	16e70383	lb	x7,366(x14)	 x14:0xbe7f0048  x7=0x00000000 PA:0xbe7f01b6 load:0x00000000
       79365000	      7837	80014e68	885709a3	sb	x5,-1901(x14)	 x14:0xbe7f0048  x5:0x00000000 PA:0xbe7ef8db store:0x00000000 load:0x00000000
       79375000	      7838	80014e6c	0002c717	auipc	x14,0x2c	 x14=0x80040e6c
       79385000	      7839	80014e70	93770713	addi	x14,x14,-1737	 x14:0x80040e6c x14=0x800407a3
       79425000	      7843	80014e74	03a892b3	mulh	x5,x17,x26	 x17:0x0000ff6c x26:0xfffffffc  x5=0xffffffff
       79435000	      7844	80014e78	143bd217	auipc	x4,0x143bd	  x4=0x943d1e78
       79445000	      7845	80014e7c	ffc70983	lb	x19,-4(x14)	 x14:0x800407a3 x19=0xffffffcc PA:0x8004079f load:0xffffffcc
       79455000	      7846	80014e80	00374903	lbu	x18,3(x14)	 x14:0x800407a3 x18=0x000000c9 PA:0x800407a6 load:0x000000c9
       79475000	      7848	80014e84	027bd333	divu	x6,x23,x7	 x23:0x0000004e  x7:0x00000000  x6=0xffffffff
       79485000	      7849	80014e88	00370483	lb	x9,3(x14)	 x14:0x800407a3  x9=0xffffffc9 PA:0x800407a6 load:0xffffffc9
       79525000	      7853	80014e8c	03cb16b3	mulh	x13,x22,x28	 x22:0x0000001d x28:0x606d0000 x13=0x0000000a
       79535000	      7854	80014e90	01870323	sb	x24,6(x14)	 x14:0x800407a3 x24:0xe0703048 PA:0x800407a9 store:0xe0703048 load:0x00000000
       79545000	      7855	80014e94	000a8db3	add	x27,x21,x0	 x21:0x00000009  x0:0x00000000 x27=0x00000009
       79555000	      7856	80014e98	00d71b03	lh	x22,13(x14)	 x14:0x800407a3 x22=0x00001f66 PA:0x800407b0 load:0x00001f66
       79565000	      7857	80014e9c	89def693	andi	x13,x29,-1891	 x29:0x1a76ae44 x13=0x1a76a804
       79575000	      7858	80014ea0	00c70383	lb	x7,12(x14)	 x14:0x800407a3  x7=0xffffffa5 PA:0x800407af load:0xffffffa5
       79585000	      7859	80014ea4	00559093	slli	x1,x11,0x5	 x11:0x00000001  x1=0x00000020
       79595000	      7860	80014ea8	40e503b3	sub	x7,x10,x14	 x10:0x00000050 x14:0x800407a3  x7=0x7ffbf8ad
       79605000	      7861	80014eac	ff171b83	lh	x23,-15(x14)	 x14:0x800407a3 x23=0x0000792f PA:0x80040794 load:0x0000792f
       79615000	      7862	80014eb0	0f56	c.slli	x30,0x15	 x30:0x10d38000 x30=0x00000000
       79625000	      7863	80014eb2	8c09	c.sub	x8,x10	  x8:0xffffffbb x10:0x00000050  x8=0xffffff6b
       79635000	      7864	80014eb4	ff970c23	sb	x25,-8(x14)	 x14:0x800407a3 x25:0x00000000 PA:0x8004079b store:0x00000000 load:0x00000000
       79645000	      7865	80014eb8	ff575b03	lhu	x22,-11(x14)	 x14:0x800407a3 x22=0x0000521e PA:0x80040798 load:0x0000521e
       79655000	      7866	80014ebc	648d	c.lui	x9,0x3	  x9=0x00003000
       79665000	      7867	80014ebe	fff72aa3	sw	x31,-11(x14)	 x14:0x800407a3 x31:0x0000001d PA:0x80040798 store:0x0000001d load:0x00000000
       79675000	      7868	80014ec2	ff670a23	sb	x22,-12(x14)	 x14:0x800407a3 x22:0x0000521e PA:0x80040797 store:0x0000521e load:0x00000000
       80045000	      7905	80014ec6	03ae46b3	div	x13,x28,x26	 x28:0x606d0000 x26:0xfffffffc x13=0xe7e4c000
       80055000	      7906	80014eca	ffb70b03	lb	x22,-5(x14)	 x14:0x800407a3 x22=0xffffffba PA:0x8004079e load:0xffffffba
       80065000	      7907	80014ece	0001f217	auipc	x4,0x1f	  x4=0x80033ece
       80075000	      7908	80014ed2	fff20213	addi	x4,x4,-1	  x4:0x80033ece  x4=0x80033ecd
       80085000	      7909	80014ed6	5c46f993	andi	x19,x13,1476	 x13:0xe7e4c000 x19=0x00000000
       80095000	      7910	80014eda	0001	c.addi	x0,0	  x0:0x00000000  x0=0x00000000
       80105000	      7911	80014edc	008db3b3	sltu	x7,x27,x8	 x27:0x00000009  x8:0xffffff6b  x7=0x00000001
       80475000	      7948	80014ee0	023f7db3	remu	x27,x30,x3	 x30:0x00000000  x3:0x00000050 x27=0x00000000
       80485000	      7949	80014ee4	0e920923	sb	x9,242(x4)	  x4:0x80033ecd  x9:0x00003000 PA:0x80033fbf store:0x00003000 load:0x00000000
       80515000	      7952	80014ee8	036500b3	mul	x1,x10,x22	 x10:0x00000050 x22:0xffffffba  x1=0xffffea20
       80525000	      7953	80014eec	01924483	lbu	x9,25(x4)	  x4:0x80033ecd  x9=0x00000064 PA:0x80033ee6 load:0x00000064
       80535000	      7954	80014ef0	07c20683	lb	x13,124(x4)	  x4:0x80033ecd x13=0x00000048 PA:0x80033f49 load:0x00000048
       80545000	      7955	80014ef4	0e920e83	lb	x29,233(x4)	  x4:0x80033ecd x29=0x00000075 PA:0x80033fb6 load:0x00000075
       80915000	      7992	80014ef8	03284bb3	div	x23,x16,x18	 x16:0x00000000 x18:0x000000c9 x23=0x00000000
       80925000	      7993	80014efc	0a020b03	lb	x22,160(x4)	  x4:0x80033ecd x22=0xffffffbf PA:0x80033f6d load:0xffffffbf
       80935000	      7994	80014f00	60762637	lui	x12,0x60762	 x12=0x60762000
       80945000	      7995	80014f04	fd320803	lb	x16,-45(x4)	  x4:0x80033ecd x16=0xffffffe9 PA:0x80033ea0 load:0xffffffe9
       81315000	      8032	80014f08	03d7d933	divu	x18,x15,x29	 x15:0x8004cce4 x29:0x00000075 x18=0x01181c01
       81325000	      8033	80014f0c	0e125983	lhu	x19,225(x4)	  x4:0x80033ecd x19=0x00009e9c PA:0x80033fae load:0x00009e9c
       81335000	      8034	80014f10	8321	c.srli	x14,0x8	 x14:0x800407a3 x14=0x00800407
       81345000	      8035	80014f12	f4f20923	sb	x15,-174(x4)	  x4:0x80033ecd x15:0x8004cce4 PA:0x80033e1f store:0x8004cce4 load:0x00000000
       81355000	      8036	80014f16	0c725b83	lhu	x23,199(x4)	  x4:0x80033ecd x23=0x00007c83 PA:0x80033f94 load:0x00007c83
       81725000	      8073	80014f1a	03adc4b3	div	x9,x27,x26	 x27:0x00000000 x26:0xfffffffc  x9=0x00000000
       81735000	      8074	80014f1e	4e6e2497	auipc	x9,0x4e6e2	  x9=0xce6f6f1e
       81745000	      8075	80014f22	05424d83	lbu	x27,84(x4)	  x4:0x80033ecd x27=0x00000096 PA:0x80033f21 load:0x00000096
       81755000	      8076	80014f26	010f6833	or	x16,x30,x16	 x30:0x00000000 x16:0xffffffe9 x16=0xffffffe9
       81765000	      8077	80014f2a	00320823	sb	x3,16(x4)	  x4:0x80033ecd  x3:0x00000050 PA:0x80033edd store:0x00000050 load:0x00000000
       82135000	      8114	80014f2e	036ac2b3	div	x5,x21,x22	 x21:0x00000009 x22:0xffffffbf  x5=0x00000000
       82145000	      8115	80014f32	fa020583	lb	x11,-96(x4)	  x4:0x80033ecd x11=0x00000079 PA:0x80033e6d load:0x00000079
       82155000	      8116	80014f36	1bfd	c.addi	x23,-1	 x23:0x00007c83 x23=0x00007c82
       82525000	      8153	80014f38	02304733	div	x14,x0,x3	  x0:0x00000000  x3:0x00000050 x14=0x00000000
       82535000	      8154	80014f3c	0a720d23	sb	x7,186(x4)	  x4:0x80033ecd  x7:0x00000001 PA:0x80033f87 store:0x00000001 load:0x00000000
       82545000	      8155	80014f40	2aa1a017	auipc	x0,0x2aa1a	  x0=0x00000000
       82555000	      8156	80014f44	f982bf93	sltiu	x31,x5,-104	  x5:0x00000000 x31=0x00000001
       82565000	      8157	80014f48	4051d993	srai	x19,x3,0x5	  x3:0x00000050 x19=0x00000002
       82605000	      8161	80014f4c	0243a633	mulhsu	x12,x7,x4	  x7:0x00000001  x4:0x80033ecd x12=0x00000000
       82615000	      8162	80014f50	01dd7c33	and	x24,x26,x29	 x26:0xfffffffc x29:0x00000075 x24=0x00000074
       82625000	      8163	80014f54	00d25f83	lhu	x31,13(x4)	  x4:0x80033ecd x31=0x00005b87 PA:0x80033eda load:0x00005b87
       82635000	      8164	80014f58	8cf9	c.and	x9,x14	  x9:0xce6f6f1e x14:0x00000000  x9=0x00000000
       82645000	      8165	80014f5a	0107fc33	and	x24,x15,x16	 x15:0x8004cce4 x16:0xffffffe9 x24=0x8004cce0
       82655000	      8166	80014f5e	087217a3	sh	x7,143(x4)	  x4:0x80033ecd  x7:0x00000001 PA:0x80033f5c store:0x00000001 load:0x00000000
       82665000	      8167	80014f62	fc724683	lbu	x13,-57(x4)	  x4:0x80033ecd x13=0x0000005e PA:0x80033e94 load:0x0000005e
       82675000	      8168	80014f66	dbbc0013	addi	x0,x24,-581	 x24:0x8004cce0  x0=0x00000000
       82685000	      8169	80014f6a	07e20423	sb	x30,104(x4)	  x4:0x80033ecd x30:0x00000000 PA:0x80033f35 store:0x00000000 load:0x00000000
       82695000	      8170	80014f6e	fc721503	lh	x10,-57(x4)	  x4:0x80033ecd x10=0xffffba5e PA:0x80033e94 load:0xffffba5e
       82705000	      8171	80014f72	f0321c83	lh	x25,-253(x4)	  x4:0x80033ecd x25=0xfffff996 PA:0x80033dd0 load:0xfffff996
       82715000	      8172	80014f76	fe020303	lb	x6,-32(x4)	  x4:0x80033ecd  x6=0xffffffea PA:0x80033ead load:0xffffffea
       82725000	      8173	80014f7a	f5620b83	lb	x23,-170(x4)	  x4:0x80033ecd x23=0x00000012 PA:0x80033e23 load:0x00000012
       82735000	      8174	80014f7e	fd121c83	lh	x25,-47(x4)	  x4:0x80033ecd x25=0x0000097f PA:0x80033e9e load:0x0000097f
       82745000	      8175	80014f82	0001e897	auipc	x17,0x1e	 x17=0x80032f82
       82755000	      8176	80014f86	2a288893	addi	x17,x17,674	 x17:0x80032f82 x17=0x80033224
       82785000	      8179	80014f8a	03838b33	mul	x22,x7,x24	  x7:0x00000001 x24:0x8004cce0 x22=0x8004cce0
       82795000	      8180	80014f8e	fdb88323	sb	x27,-58(x17)	 x17:0x80033224 x27:0x00000096 PA:0x800331ea store:0x00000096 load:0x00000000
       82805000	      8181	80014f92	0088a423	sw	x8,8(x17)	 x17:0x80033224  x8:0xffffff6b PA:0x8003322c store:0xffffff6b load:0x00000000
       82815000	      8182	80014f96	6ddd	c.lui	x27,0x17	 x27=0x00017000
       82825000	      8183	80014f98	02388aa3	sb	x3,53(x17)	 x17:0x80033224  x3:0x00000050 PA:0x80033259 store:0x00000050 load:0x00000000
       82835000	      8184	80014f9c	019a65b3	or	x11,x20,x25	 x20:0x3e7bd000 x25:0x0000097f x11=0x3e7bd97f
       82845000	      8185	80014fa0	00c783b3	add	x7,x15,x12	 x15:0x8004cce4 x12:0x00000000  x7=0x8004cce4
       82855000	      8186	80014fa4	fca88423	sb	x10,-56(x17)	 x17:0x80033224 x10:0xffffba5e PA:0x800331ec store:0xffffba5e load:0x00000000
       82865000	      8187	80014fa8	02e882a3	sb	x14,37(x17)	 x17:0x80033224 x14:0x00000000 PA:0x80033249 store:0x00000000 load:0x00000000
       82875000	      8188	80014fac	fe18cb83	lbu	x23,-31(x17)	 x17:0x80033224 x23=0x000000dd PA:0x80033205 load:0x000000dd
       82885000	      8189	80014fb0	fc388b83	lb	x23,-61(x17)	 x17:0x80033224 x23=0xffffff85 PA:0x800331e7 load:0xffffff85
       82895000	      8190	80014fb4	008880a3	sb	x8,1(x17)	 x17:0x80033224  x8:0xffffff6b PA:0x80033225 store:0xffffff6b load:0x00000000
       82905000	      8191	80014fb8	3da15697	auipc	x13,0x3da15	 x13=0xbda29fb8
       82915000	      8192	80014fbc	fdf88283	lb	x5,-33(x17)	 x17:0x80033224  x5=0xffffff90 PA:0x80033203 load:0xffffff90
       82925000	      8193	80014fc0	4120d493	srai	x9,x1,0x12	  x1:0xffffea20  x9=0xffffffff
       82935000	      8194	80014fc4	0028dd03	lhu	x26,2(x17)	 x17:0x80033224 x26=0x0000f4cc PA:0x80033226 load:0x0000f4cc
       82945000	      8195	80014fc8	824e	c.mv	x4,x19	  x0:0x00000000 x19:0x00000002  x4=0x00000002
       82955000	      8196	80014fca	00ae9493	slli	x9,x29,0xa	 x29:0x00000075  x9=0x0001d400
       82965000	      8197	80014fce	0001	c.addi	x0,0	  x0:0x00000000  x0=0x00000000
       82975000	      8198	80014fd0	fcb88b83	lb	x23,-53(x17)	 x17:0x80033224 x23=0x00000072 PA:0x800331ef load:0x00000072
       82985000	      8199	80014fd4	00c8c983	lbu	x19,12(x17)	 x17:0x80033224 x19=0x000000d9 PA:0x80033230 load:0x000000d9
       82995000	      8200	80014fd8	fd08a803	lw	x16,-48(x17)	 x17:0x80033224 x16=0xedda24d7 PA:0x800331f4 load:0xedda24d7
       83005000	      8201	80014fdc	fde89323	sh	x30,-58(x17)	 x17:0x80033224 x30:0x00000000 PA:0x800331ea store:0x00000000 load:0x00000000
       83015000	      8202	80014fe0	ffa89123	sh	x26,-30(x17)	 x17:0x80033224 x26:0x0000f4cc PA:0x80033206 store:0x0000f4cc load:0x00000000
       83025000	      8203	80014fe4	03b8c403	lbu	x8,59(x17)	 x17:0x80033224  x8=0x000000df PA:0x8003325f load:0x000000df
       83035000	      8204	80014fe8	feb88fa3	sb	x11,-1(x17)	 x17:0x80033224 x11:0x3e7bd97f PA:0x80033223 store:0x3e7bd97f load:0x00000000
       83045000	      8205	80014fec	01489803	lh	x16,20(x17)	 x17:0x80033224 x16=0x000000b9 PA:0x80033238 load:0x000000b9
       83055000	      8206	80014ff0	011f1733	sll	x14,x30,x17	 x30:0x00000000 x17:0x80033224 x14=0x00000000
       83065000	      8207	80014ff4	01388003	lb	x0,19(x17)	 x17:0x80033224  x0=0x00000000 PA:0x80033237 load:0x0000000b
       83075000	      8208	80014ff8	00022e97	auipc	x29,0x22	 x29=0x80036ff8
       83085000	      8209	80014ffc	142e8e93	addi	x29,x29,322	 x29:0x80036ff8 x29=0x8003713a
       83095000	      8210	80015000	0001e697	auipc	x13,0x1e	 x13=0x80033000
       83105000	      8211	80015004	05668693	addi	x13,x13,86	 x13:0x80033000 x13=0x80033056
       83115000	      8212	80015008	affe8423	sb	x31,-1304(x29)	 x29:0x8003713a x31:0x00005b87 PA:0x80036c22 store:0x00005b87 load:0x00000000
       83125000	      8213	8001500c	3d769a23	sh	x23,980(x13)	 x13:0x80033056 x23:0x00000072 PA:0x8003342a store:0x00000072 load:0x00000000
       83135000	      8214	80015010	932ec383	lbu	x7,-1742(x29)	 x29:0x8003713a  x7=0x00000016 PA:0x80036a6c load:0x00000016
       83145000	      8215	80015014	2ed69a23	sh	x13,756(x13)	 x13:0x80033056 x13:0x80033056 PA:0x8003334a store:0x80033056 load:0x00000000
       83155000	      8216	80015018	9cfe8923	sb	x15,-1582(x29)	 x29:0x8003713a x15:0x8004cce4 PA:0x80036b0c store:0x8004cce4 load:0x00000000
       83165000	      8217	8001501c	0a8e9b23	sh	x8,182(x29)	 x29:0x8003713a  x8:0x000000df PA:0x800371f0 store:0x000000df load:0x00000000
       83175000	      8218	80015020	00168f83	lb	x31,1(x13)	 x13:0x80033056 x31=0x00000014 PA:0x80033057 load:0x00000014
       83185000	      8219	80015024	3dde8383	lb	x7,989(x29)	 x29:0x8003713a  x7=0x00000018 PA:0x80037517 load:0x00000018
       83195000	      8220	80015028	35e6c903	lbu	x18,862(x13)	 x13:0x80033056 x18=0x00000072 PA:0x800333b4 load:0x00000072
       83205000	      8221	8001502c	caee8303	lb	x6,-850(x29)	 x29:0x8003713a  x6=0x0000005d PA:0x80036de8 load:0x0000005d
       83215000	      8222	80015030	5ad684a3	sb	x13,1449(x13)	 x13:0x80033056 x13:0x80033056 PA:0x800335ff store:0x80033056 load:0x00000000
       83225000	      8223	80015034	24069603	lh	x12,576(x13)	 x13:0x80033056 x12=0xffffffd6 PA:0x80033296 load:0xffffffd6
       83235000	      8224	80015038	123e8f83	lb	x31,291(x29)	 x29:0x8003713a x31=0x0000000e PA:0x8003725d load:0x0000000e
       83245000	      8225	8001503c	19b6cc03	lbu	x24,411(x13)	 x13:0x80033056 x24=0x00000076 PA:0x800331f1 load:0x00000076
       83255000	      8226	80015040	00029397	auipc	x7,0x29	  x7=0x8003e040
       83265000	      8227	80015044	1ac38393	addi	x7,x7,428	  x7:0x8003e040  x7=0x8003e1ec
       83275000	      8228	80015048	61438fa3	sb	x20,1567(x7)	  x7:0x8003e1ec x20:0x3e7bd000 PA:0x8003e80b store:0x3e7bd000 load:0x00000000
       83285000	      8229	8001504c	39732c13	slti	x24,x6,919	  x6:0x0000005d x24=0x00000001
       83295000	      8230	80015050	6e3d	c.lui	x28,0xf	 x28=0x0000f000
       83305000	      8231	80015052	0001	c.addi	x0,0	  x0:0x00000000  x0=0x00000000
       83315000	      8232	80015054	01eb65b3	or	x11,x22,x30	 x22:0x8004cce0 x30:0x00000000 x11=0x8004cce0
       83325000	      8233	80015058	0853c903	lbu	x18,133(x7)	  x7:0x8003e1ec x18=0x0000003d PA:0x8003e271 load:0x0000003d
       83335000	      8234	8001505c	01a75eb3	srl	x29,x14,x26	 x14:0x00000000 x26:0x0000f4cc x29=0x00000000
       83345000	      8235	80015060	9584f093	andi	x1,x9,-1704	  x9:0x0001d400  x1=0x0001d000
       83355000	      8236	80015064	00a45d93	srli	x27,x8,0xa	  x8:0x000000df x27=0x00000000
       83365000	      8237	80015068	00b55fb3	srl	x31,x10,x11	 x10:0xffffba5e x11:0x8004cce0 x31=0xffffba5e
       83375000	      8238	8001506c	0000100f	fence.i	
       83395000	      8240	80015070	3188a013	slti	x0,x17,792	 x17:0x80033224  x0=0x00000000
       83405000	      8241	80015074	476d	c.li	x14,27	 x14=0x0000001b
       83415000	      8242	80015076	0096bb33	sltu	x22,x13,x9	 x13:0x80033056  x9:0x0001d400 x22=0x00000000
       83425000	      8243	8001507a	01d3ce03	lbu	x28,29(x7)	  x7:0x8003e1ec x28=0x000000c5 PA:0x8003e209 load:0x000000c5
       83435000	      8244	8001507e	41abd593	srai	x11,x23,0x1a	 x23:0x00000072 x11=0x00000000
       83445000	      8245	80015082	47c3cd83	lbu	x27,1148(x7)	  x7:0x8003e1ec x27=0x000000a9 PA:0x8003e668 load:0x000000a9
       83455000	      8246	80015086	847d	c.srai	x8,0x1f	  x8:0x000000df  x8=0x00000000
       83465000	      8247	80015088	3d5389a3	sb	x21,979(x7)	  x7:0x8003e1ec x21:0x00000009 PA:0x8003e5bf store:0x00000009 load:0x00000000
       83475000	      8248	8001508c	8dd00513	addi	x10,x0,-1827	  x0:0x00000000 x10=0xfffff8dd
       83485000	      8249	80015090	0a76	c.slli	x20,0x1d	 x20:0x3e7bd000 x20=0x00000000
       83495000	      8250	80015092	4643de03	lhu	x28,1124(x7)	  x7:0x8003e1ec x28=0x0000ff78 PA:0x8003e650 load:0x0000ff78
       83505000	      8251	80015096	028a	c.slli	x5,0x2	  x5:0xffffff90  x5=0xfffffe40
       83515000	      8252	80015098	a353cf83	lbu	x31,-1483(x7)	  x7:0x8003e1ec x31=0x0000006a PA:0x8003dc21 load:0x0000006a
       83535000	      8254	8001509c	005ff233	and	x4,x31,x5	 x31:0x0000006a  x5:0xfffffe40  x4=0x00000040
       83545000	      8255	800150a0	82fd	c.srli	x13,0x1f	 x13:0x80033056 x13=0x00000001
       83555000	      8256	800150a2	86a5	c.srai	x13,0x9	 x13:0x00000001 x13=0x00000000
       83565000	      8257	800150a4	9cbfe913	ori	x18,x31,-1589	 x31:0x0000006a x18=0xfffff9eb
       83575000	      8258	800150a8	01023db3	sltu	x27,x4,x16	  x4:0x00000040 x16:0x000000b9 x27=0x00000001
       83585000	      8259	800150ac	8e49	c.or	x12,x10	 x12:0xffffffd6 x10:0xfffff8dd x12=0xffffffdf
       83625000	      8263	800150ae	03f39c33	mulh	x24,x7,x31	  x7:0x8003e1ec x31:0x0000006a x24=0xffffffcb
       83995000	      8300	800150b2	03035d33	divu	x26,x6,x16	  x6:0x0000005d x16:0x000000b9 x26=0x00000000
       84005000	      8301	800150b6	f61392b7	lui	x5,0xf6139	  x5=0xf6139000
       84015000	      8302	800150ba	1fc2a713	slti	x14,x5,508	  x5:0xf6139000 x14=0x00000001
       84025000	      8303	800150be	2c039f03	lh	x30,704(x7)	  x7:0x8003e1ec x30=0x00003482 PA:0x8003e4ac load:0x00003482
       84395000	      8340	800150c2	03964e33	div	x28,x12,x25	 x12:0xffffffdf x25:0x0000097f x28=0x00000000
       84405000	      8341	800150c6	0ff0000f	fence	iorw,iorw	
       84775000	      8378	800150ca	03f44433	div	x8,x8,x31	  x8:0x00000000 x31:0x0000006a  x8=0x00000000
       84785000	      8379	800150ce	e103de83	lhu	x29,-496(x7)	  x7:0x8003e1ec x29=0x00004cae PA:0x8003dffc load:0x00004cae
       84795000	      8380	800150d2	f3638523	sb	x22,-214(x7)	  x7:0x8003e1ec x22:0x00000000 PA:0x8003e116 store:0x00000000 load:0x00000000
       84805000	      8381	800150d6	e8538b83	lb	x23,-379(x7)	  x7:0x8003e1ec x23=0x00000073 PA:0x8003e071 load:0x00000073
       84815000	      8382	800150da	0001e897	auipc	x17,0x1e	 x17=0x800330da
       84825000	      8383	800150de	f6e88893	addi	x17,x17,-146	 x17:0x800330da x17=0x80033048
       84835000	      8384	800150e2	75f1fcb7	lui	x25,0x75f1f	 x25=0x75f1f000
       84845000	      8385	800150e6	98e6	c.add	x17,x25	 x17:0x80033048 x25:0x75f1f000 x17=0xf5f52048
       84855000	      8386	800150e8	3c4889a3	sb	x4,979(x17)	 x17:0xf5f52048  x4:0x00000040 PA:0xf5f5241b store:0x00000040 load:0x00000000
       84865000	      8387	800150ec	08588ea3	sb	x5,157(x17)	 x17:0xf5f52048  x5:0xf6139000 PA:0xf5f520e5 store:0xf6139000 load:0x00000000
       84875000	      8388	800150f0	1c689323	sh	x6,454(x17)	 x17:0xf5f52048  x6:0x0000005d PA:0xf5f5220e store:0x0000005d load:0x00000000
       84885000	      8389	800150f4	f8c89e23	sh	x12,-100(x17)	 x17:0xf5f52048 x12:0xffffffdf PA:0xf5f51fe4 store:0xffffffdf load:0x00000000
       84895000	      8390	800150f8	8919	c.andi	x10,6	 x10:0xfffff8dd x10=0x00000004
       84905000	      8391	800150fa	cfd882a3	sb	x29,-795(x17)	 x17:0xf5f52048 x29:0x00004cae PA:0xf5f51d2d store:0x00004cae load:0x00000000
       84915000	      8392	800150fe	8f15	c.sub	x14,x13	 x14:0x00000001 x13:0x00000000 x14=0x00000001
       84925000	      8393	80015100	2be3b093	sltiu	x1,x7,702	  x7:0x8003e1ec  x1=0x00000000
       84935000	      8394	80015104	00aa	c.slli	x1,0xa	  x1:0x00000000  x1=0x00000000
       84945000	      8395	80015106	f68887a3	sb	x8,-145(x17)	 x17:0xf5f52048  x8:0x00000000 PA:0xf5f51fb7 store:0x00000000 load:0x00000000
       84955000	      8396	8001510a	1f8cc317	auipc	x6,0x1f8cc	  x6=0x9f8e110a
       84965000	      8397	8001510e	01689623	sh	x22,12(x17)	 x17:0xf5f52048 x22:0x00000000 PA:0xf5f52054 store:0x00000000 load:0x00000000
       85335000	      8434	80015112	0303d6b3	divu	x13,x7,x16	  x7:0x8003e1ec x16:0x000000b9 x13=0x00b12533
       85375000	      8438	80015116	0253a533	mulhsu	x10,x7,x5	  x7:0x8003e1ec  x5:0xf6139000 x10=0x84f9f364
       85385000	      8439	8001511a	3d38cc83	lbu	x25,979(x17)	 x17:0xf5f52048 x25=0x00000040 PA:0xf5f5241b load:0x00000040
       85395000	      8440	8001511e	0137beb3	sltu	x29,x15,x19	 x15:0x8004cce4 x19:0x000000d9 x29=0x00000000
       85405000	      8441	80015122	8f29	c.xor	x14,x10	 x14:0x00000001 x10:0x84f9f364 x14=0x84f9f365
       85415000	      8442	80015124	09d88b03	lb	x22,157(x17)	 x17:0xf5f52048 x22=0x00000000 PA:0xf5f520e5 load:0x00000000
       85425000	      8443	80015128	1c689003	lh	x0,454(x17)	 x17:0xf5f52048  x0=0x00000000 PA:0xf5f5220e load:0x0000005d
       85435000	      8444	8001512c	0001e697	auipc	x13,0x1e	 x13=0x8003312c
       85445000	      8445	80015130	f1c68693	addi	x13,x13,-228	 x13:0x8003312c x13=0x80033048
       85455000	      8446	80015134	7cb84e37	lui	x28,0x7cb84	 x28=0x7cb84000
       85465000	      8447	80015138	96f2	c.add	x13,x28	 x13:0x80033048 x28:0x7cb84000 x13=0xfcbb7048
       85485000	      8449	8001513a	b8068c23	sb	x0,-1128(x13)	 x13:0xfcbb7048  x0:0x00000000 PA:0xfcbb6be0 store:0x00000000 load:0x00000000
       85525000	      8453	80002000	0800006f	jal	x0,80002080	  x0=0x00000000
       85545000	      8455	80002080	17f1	c.addi	x15,-4	 x15:0x8004cce4 x15=0x8004cce0
       85555000	      8456	80002082	0027a023	sw	x2,0(x15)	 x15:0x8004cce0  x2:0x80048e50 PA:0x8004cce0 store:0x80048e50 load:0x00000000
       85565000	      8457	80002086	00078133	add	x2,x15,x0	 x15:0x8004cce0  x0:0x00000000  x2=0x8004cce0
       85575000	      8458	8000208a	7119	c.addi16sp	x2,-128	  x2:0x8004cce0  x2=0x8004cc60
       85585000	      8459	8000208c	c206	c.swsp	x1,4(x2)	  x2:0x8004cc60  x1:0x00000000 PA:0x8004cc64 store:0x00000000 load:0x00000000
       85595000	      8460	8000208e	c40a	c.swsp	x2,8(x2)	  x2:0x8004cc60  x2:0x8004cc60 PA:0x8004cc68 store:0x8004cc60 load:0x00000000
       85605000	      8461	80002090	c60e	c.swsp	x3,12(x2)	  x2:0x8004cc60  x3:0x00000050 PA:0x8004cc6c store:0x00000050 load:0x00000000
       85615000	      8462	80002092	c812	c.swsp	x4,16(x2)	  x2:0x8004cc60  x4:0x00000040 PA:0x8004cc70 store:0x00000040 load:0x00000000
       85625000	      8463	80002094	ca16	c.swsp	x5,20(x2)	  x2:0x8004cc60  x5:0xf6139000 PA:0x8004cc74 store:0xf6139000 load:0x00000000
       85635000	      8464	80002096	cc1a	c.swsp	x6,24(x2)	  x2:0x8004cc60  x6:0x9f8e110a PA:0x8004cc78 store:0x9f8e110a load:0x00000000
       85645000	      8465	80002098	ce1e	c.swsp	x7,28(x2)	  x2:0x8004cc60  x7:0x8003e1ec PA:0x8004cc7c store:0x8003e1ec load:0x00000000
       85655000	      8466	8000209a	d022	c.swsp	x8,32(x2)	  x2:0x8004cc60  x8:0x00000000 PA:0x8004cc80 store:0x00000000 load:0x00000000
       85665000	      8467	8000209c	d226	c.swsp	x9,36(x2)	  x2:0x8004cc60  x9:0x0001d400 PA:0x8004cc84 store:0x0001d400 load:0x00000000
       85675000	      8468	8000209e	d42a	c.swsp	x10,40(x2)	  x2:0x8004cc60 x10:0x84f9f364 PA:0x8004cc88 store:0x84f9f364 load:0x00000000
       85685000	      8469	800020a0	d62e	c.swsp	x11,44(x2)	  x2:0x8004cc60 x11:0x00000000 PA:0x8004cc8c store:0x00000000 load:0x00000000
       85695000	      8470	800020a2	d832	c.swsp	x12,48(x2)	  x2:0x8004cc60 x12:0xffffffdf PA:0x8004cc90 store:0xffffffdf load:0x00000000
       85705000	      8471	800020a4	da36	c.swsp	x13,52(x2)	  x2:0x8004cc60 x13:0xfcbb7048 PA:0x8004cc94 store:0xfcbb7048 load:0x00000000
       85715000	      8472	800020a6	dc3a	c.swsp	x14,56(x2)	  x2:0x8004cc60 x14:0x84f9f365 PA:0x8004cc98 store:0x84f9f365 load:0x00000000
       85725000	      8473	800020a8	de3e	c.swsp	x15,60(x2)	  x2:0x8004cc60 x15:0x8004cce0 PA:0x8004cc9c store:0x8004cce0 load:0x00000000
       85735000	      8474	800020aa	c0c2	c.swsp	x16,64(x2)	  x2:0x8004cc60 x16:0x000000b9 PA:0x8004cca0 store:0x000000b9 load:0x00000000
       85745000	      8475	800020ac	c2c6	c.swsp	x17,68(x2)	  x2:0x8004cc60 x17:0xf5f52048 PA:0x8004cca4 store:0xf5f52048 load:0x00000000
       85755000	      8476	800020ae	c4ca	c.swsp	x18,72(x2)	  x2:0x8004cc60 x18:0xfffff9eb PA:0x8004cca8 store:0xfffff9eb load:0x00000000
       85765000	      8477	800020b0	c6ce	c.swsp	x19,76(x2)	  x2:0x8004cc60 x19:0x000000d9 PA:0x8004ccac store:0x000000d9 load:0x00000000
       85775000	      8478	800020b2	c8d2	c.swsp	x20,80(x2)	  x2:0x8004cc60 x20:0x00000000 PA:0x8004ccb0 store:0x00000000 load:0x00000000
       85785000	      8479	800020b4	cad6	c.swsp	x21,84(x2)	  x2:0x8004cc60 x21:0x00000009 PA:0x8004ccb4 store:0x00000009 load:0x00000000
       85795000	      8480	800020b6	ccda	c.swsp	x22,88(x2)	  x2:0x8004cc60 x22:0x00000000 PA:0x8004ccb8 store:0x00000000 load:0x00000000
       85805000	      8481	800020b8	cede	c.swsp	x23,92(x2)	  x2:0x8004cc60 x23:0x00000073 PA:0x8004ccbc store:0x00000073 load:0x00000000
       85815000	      8482	800020ba	d0e2	c.swsp	x24,96(x2)	  x2:0x8004cc60 x24:0xffffffcb PA:0x8004ccc0 store:0xffffffcb load:0x00000000
       85825000	      8483	800020bc	d2e6	c.swsp	x25,100(x2)	  x2:0x8004cc60 x25:0x00000040 PA:0x8004ccc4 store:0x00000040 load:0x00000000
       85835000	      8484	800020be	d4ea	c.swsp	x26,104(x2)	  x2:0x8004cc60 x26:0x00000000 PA:0x8004ccc8 store:0x00000000 load:0x00000000
       85845000	      8485	800020c0	d6ee	c.swsp	x27,108(x2)	  x2:0x8004cc60 x27:0x00000001 PA:0x8004cccc store:0x00000001 load:0x00000000
       85855000	      8486	800020c2	d8f2	c.swsp	x28,112(x2)	  x2:0x8004cc60 x28:0x7cb84000 PA:0x8004ccd0 store:0x7cb84000 load:0x00000000
       85865000	      8487	800020c4	daf6	c.swsp	x29,116(x2)	  x2:0x8004cc60 x29:0x00000000 PA:0x8004ccd4 store:0x00000000 load:0x00000000
       85875000	      8488	800020c6	dcfa	c.swsp	x30,120(x2)	  x2:0x8004cc60 x30:0x00003482 PA:0x8004ccd8 store:0x00003482 load:0x00000000
       85885000	      8489	800020c8	defe	c.swsp	x31,124(x2)	  x2:0x8004cc60 x31:0x0000006a PA:0x8004ccdc store:0x0000006a load:0x00000000
       85895000	      8490	800020ca	000107b3	add	x15,x2,x0	  x2:0x8004cc60  x0:0x00000000 x15=0x8004cc60
       85905000	      8491	800020ce	90000537	lui	x10,0x90000	 x10=0x90000000
       85915000	      8492	800020d2	1571	c.addi	x10,-4	 x10:0x90000000 x10=0x8ffffffc
       85925000	      8493	800020d4	4ca1	c.li	x25,8	 x25=0x00000008
       85935000	      8494	800020d6	0ca2	c.slli	x25,0x8	 x25:0x00000008 x25=0x00000800
       85945000	      8495	800020d8	000c8c93	addi	x25,x25,0	 x25:0x00000800 x25=0x00000800
       85955000	      8496	800020dc	01952023	sw	x25,0(x10)	 x10:0x8ffffffc x25:0x00000800 PA:0x8ffffffc store:0x00000800 load:0x00000000
       85965000	      8497	800020e0	34102cf3	csrrs	x25,mepc,x0	  x0:0x00000000 x25=0x8001513a
       85975000	      8498	800020e4	34202cf3	csrrs	x25,mcause,x0	  x0:0x00000000 x25=0x00000007
       85985000	      8499	800020e8	450d	c.li	x10,3	 x10=0x00000003
       85995000	      8500	800020ea	00ac9463	bne	x25,x10,800020f2	 x25:0x00000007 x10:0x00000003
       86015000	      8502	800020f2	4521	c.li	x10,8	 x10=0x00000008
       86025000	      8503	800020f4	04ac8d63	beq	x25,x10,8000214e	 x25:0x00000007 x10:0x00000008
       86035000	      8504	800020f8	4525	c.li	x10,9	 x10=0x00000009
       86045000	      8505	800020fa	04ac8a63	beq	x25,x10,8000214e	 x25:0x00000007 x10:0x00000009
       86055000	      8506	800020fe	452d	c.li	x10,11	 x10=0x0000000b
       86065000	      8507	80002100	04ac8763	beq	x25,x10,8000214e	 x25:0x00000007 x10:0x0000000b
       86075000	      8508	80002104	4505	c.li	x10,1	 x10=0x00000001
       86085000	      8509	80002106	34ac8363	beq	x25,x10,8000244c	 x25:0x00000007 x10:0x00000001
       86095000	      8510	8000210a	4515	c.li	x10,5	 x10=0x00000005
       86105000	      8511	8000210c	60ac8263	beq	x25,x10,80002710	 x25:0x00000007 x10:0x00000005
       86115000	      8512	80002110	451d	c.li	x10,7	 x10=0x00000007
       86125000	      8513	80002112	0eac8ce3	beq	x25,x10,80002a0a	 x25:0x00000007 x10:0x00000007
       86155000	      8516	80002a0a	90000537	lui	x10,0x90000	 x10=0x90000000
       86165000	      8517	80002a0e	1571	c.addi	x10,-4	 x10:0x90000000 x10=0x8ffffffc
       86175000	      8518	80002a10	4cb1	c.li	x25,12	 x25=0x0000000c
       86185000	      8519	80002a12	0ca2	c.slli	x25,0x8	 x25:0x0000000c x25=0x00000c00
       86195000	      8520	80002a14	000c8c93	addi	x25,x25,0	 x25:0x00000c00 x25=0x00000c00
       86205000	      8521	80002a18	01952023	sw	x25,0(x10)	 x10:0x8ffffffc x25:0x00000c00 PA:0x8ffffffc store:0x00000c00 load:0x00000000
       86215000	      8522	80002a1c	90000537	lui	x10,0x90000	 x10=0x90000000
       86225000	      8523	80002a20	1571	c.addi	x10,-4	 x10:0x90000000 x10=0x8ffffffc
       86235000	      8524	80002a22	34200c93	addi	x25,x0,834	  x0:0x00000000 x25=0x00000342
       86245000	      8525	80002a26	0ca2	c.slli	x25,0x8	 x25:0x00000342 x25=0x00034200
       86255000	      8526	80002a28	0c8d	c.addi	x25,3	 x25:0x00034200 x25=0x00034203
       86265000	      8527	80002a2a	01952023	sw	x25,0(x10)	 x10:0x8ffffffc x25:0x00034203 PA:0x8ffffffc store:0x00034203 load:0x00000000
       86275000	      8528	80002a2e	34202cf3	csrrs	x25,mcause,x0	  x0:0x00000000 x25=0x00000007
       86285000	      8529	80002a32	01952023	sw	x25,0(x10)	 x10:0x8ffffffc x25:0x00000007 PA:0x8ffffffc store:0x00000007 load:0x00000000
       86295000	      8530	80002a36	4c81	c.li	x25,0	 x25=0x00000000
       86305000	      8531	80002a38	8b66	c.mv	x22,x25	  x0:0x00000000 x25:0x00000000 x22=0x00000000
       86315000	      8532	80002a3a	4481	c.li	x9,0	  x9=0x00000000
       86325000	      8533	80002a3c	8cda	c.mv	x25,x22	  x0:0x00000000 x22:0x00000000 x25=0x00000000
       86335000	      8534	80002a3e	8ae6	c.mv	x21,x25	  x0:0x00000000 x25:0x00000000 x21=0x00000000
       86345000	      8535	80002a40	4a81	c.li	x21,0	 x21=0x00000000
       86355000	      8536	80002a42	055c8f63	beq	x25,x21,80002aa0	 x25:0x00000000 x21:0x00000000
       86375000	      8538	80002aa0	3b002573	csrrs	x10,pmpaddr0,x0	  x0:0x00000000 x10=0x20000b3b
       86385000	      8539	80002aa4	3a002a73	csrrs	x20,pmpcfg0,x0	  x0:0x00000000 x20=0x0f0f0f0f
       86395000	      8540	80002aa8	a861	c.j	80002b40	
       86415000	      8542	80002b40	4e11	c.li	x28,4	 x28=0x00000004
       86425000	      8543	80002b42	01eb1c93	slli	x25,x22,0x1e	 x22:0x00000000 x25=0x00000000
       86435000	      8544	80002b46	01ecdc93	srli	x25,x25,0x1e	 x25:0x00000000 x25=0x00000000
       86445000	      8545	80002b4a	419e0ab3	sub	x21,x28,x25	 x28:0x00000004 x25:0x00000000 x21=0x00000004
       86455000	      8546	80002b4e	1afd	c.addi	x21,-1	 x21:0x00000004 x21=0x00000003
       86465000	      8547	80002b50	0a8e	c.slli	x21,0x3	 x21:0x00000003 x21=0x00000018
       86475000	      8548	80002b52	015a1e33	sll	x28,x20,x21	 x20:0x0f0f0f0f x21:0x00000018 x28=0x0f000000
       86485000	      8549	80002b56	0c8e	c.slli	x25,0x3	 x25:0x00000000 x25=0x00000000
       86495000	      8550	80002b58	9ae6	c.add	x21,x25	 x21:0x00000018 x25:0x00000000 x21=0x00000018
       86505000	      8551	80002b5a	015e5e33	srl	x28,x28,x21	 x28:0x0f000000 x21:0x00000018 x28=0x0000000f
       86515000	      8552	80002b5e	01be1a93	slli	x21,x28,0x1b	 x28:0x0000000f x21=0x78000000
       86525000	      8553	80002b62	01eada93	srli	x21,x21,0x1e	 x21:0x78000000 x21=0x00000001
       86535000	      8554	80002b66	040a8563	beq	x21,x0,80002bb0	 x21:0x00000001  x0:0x00000000
       86545000	      8555	80002b6a	4c85	c.li	x25,1	 x25=0x00000001
       86555000	      8556	80002b6c	059a8363	beq	x21,x25,80002bb2	 x21:0x00000001 x25:0x00000001
       86575000	      8558	80002bb2	8cda	c.mv	x25,x22	  x0:0x00000000 x22:0x00000000 x25=0x00000000
       86585000	      8559	80002bb4	34302af3	csrrs	x21,mtval,x0	  x0:0x00000000 x21=0xfcbb6be0
       86595000	      8560	80002bb8	002ada93	srli	x21,x21,0x2	 x21:0xfcbb6be0 x21=0x3f2edaf8
       86605000	      8561	80002bbc	000c9563	bne	x25,x0,80002bc6	 x25:0x00000000  x0:0x00000000
       86615000	      8562	80002bc0	fc0ac4e3	blt	x21,x0,80002b88	 x21:0x3f2edaf8  x0:0x00000000
       86625000	      8563	80002bc4	a019	c.j	80002bca	
       86655000	      8566	80002bca	faaaffe3	bgeu	x21,x10,80002b88	 x21:0x3f2edaf8 x10:0x20000b3b
       86675000	      8568	80002b88	8cda	c.mv	x25,x22	  x0:0x00000000 x22:0x00000000 x25=0x00000000
       86685000	      8569	80002b8a	84aa	c.mv	x9,x10	  x0:0x00000000 x10:0x20000b3b  x9=0x20000b3b
       86695000	      8570	80002b8c	0c85	c.addi	x25,1	 x25:0x00000000 x25=0x00000001
       86705000	      8571	80002b8e	8b66	c.mv	x22,x25	  x0:0x00000000 x25:0x00000001 x22=0x00000001
       86715000	      8572	80002b90	4541	c.li	x10,16	 x10=0x00000010
       86725000	      8573	80002b92	00acd363	bge	x25,x10,80002b98	 x25:0x00000001 x10:0x00000010
       86735000	      8574	80002b96	b55d	c.j	80002a3c	
       86755000	      8576	80002a3c	8cda	c.mv	x25,x22	  x0:0x00000000 x22:0x00000001 x25=0x00000001
       86765000	      8577	80002a3e	8ae6	c.mv	x21,x25	  x0:0x00000000 x25:0x00000001 x21=0x00000001
       86775000	      8578	80002a40	4a81	c.li	x21,0	 x21=0x00000000
       86785000	      8579	80002a42	055c8f63	beq	x25,x21,80002aa0	 x25:0x00000001 x21:0x00000000
       86795000	      8580	80002a46	4a85	c.li	x21,1	 x21=0x00000001
       86805000	      8581	80002a48	075c8163	beq	x25,x21,80002aaa	 x25:0x00000001 x21:0x00000001
       86835000	      8584	80002aaa	3b102573	csrrs	x10,pmpaddr1,x0	  x0:0x00000000 x10=0x24444f7f
       86845000	      8585	80002aae	3a002a73	csrrs	x20,pmpcfg0,x0	  x0:0x00000000 x20=0x0f0f0f0f
       86855000	      8586	80002ab2	a079	c.j	80002b40	
       86875000	      8588	80002b40	4e11	c.li	x28,4	 x28=0x00000004
       86885000	      8589	80002b42	01eb1c93	slli	x25,x22,0x1e	 x22:0x00000001 x25=0x40000000
       86895000	      8590	80002b46	01ecdc93	srli	x25,x25,0x1e	 x25:0x40000000 x25=0x00000001
       86905000	      8591	80002b4a	419e0ab3	sub	x21,x28,x25	 x28:0x00000004 x25:0x00000001 x21=0x00000003
       86915000	      8592	80002b4e	1afd	c.addi	x21,-1	 x21:0x00000003 x21=0x00000002
       86925000	      8593	80002b50	0a8e	c.slli	x21,0x3	 x21:0x00000002 x21=0x00000010
       86935000	      8594	80002b52	015a1e33	sll	x28,x20,x21	 x20:0x0f0f0f0f x21:0x00000010 x28=0x0f0f0000
       86945000	      8595	80002b56	0c8e	c.slli	x25,0x3	 x25:0x00000001 x25=0x00000008
       86955000	      8596	80002b58	9ae6	c.add	x21,x25	 x21:0x00000010 x25:0x00000008 x21=0x00000018
       86965000	      8597	80002b5a	015e5e33	srl	x28,x28,x21	 x28:0x0f0f0000 x21:0x00000018 x28=0x0000000f
       86975000	      8598	80002b5e	01be1a93	slli	x21,x28,0x1b	 x28:0x0000000f x21=0x78000000
       86985000	      8599	80002b62	01eada93	srli	x21,x21,0x1e	 x21:0x78000000 x21=0x00000001
       86995000	      8600	80002b66	040a8563	beq	x21,x0,80002bb0	 x21:0x00000001  x0:0x00000000
       87005000	      8601	80002b6a	4c85	c.li	x25,1	 x25=0x00000001
       87015000	      8602	80002b6c	059a8363	beq	x21,x25,80002bb2	 x21:0x00000001 x25:0x00000001
       87035000	      8604	80002bb2	8cda	c.mv	x25,x22	  x0:0x00000000 x22:0x00000001 x25=0x00000001
       87045000	      8605	80002bb4	34302af3	csrrs	x21,mtval,x0	  x0:0x00000000 x21=0xfcbb6be0
       87055000	      8606	80002bb8	002ada93	srli	x21,x21,0x2	 x21:0xfcbb6be0 x21=0x3f2edaf8
       87065000	      8607	80002bbc	000c9563	bne	x25,x0,80002bc6	 x25:0x00000001  x0:0x00000000
       87095000	      8610	80002bc6	fc9ae1e3	bltu	x21,x9,80002b88	 x21:0x3f2edaf8  x9:0x20000b3b
       87105000	      8611	80002bca	faaaffe3	bgeu	x21,x10,80002b88	 x21:0x3f2edaf8 x10:0x24444f7f
       87125000	      8613	80002b88	8cda	c.mv	x25,x22	  x0:0x00000000 x22:0x00000001 x25=0x00000001
       87135000	      8614	80002b8a	84aa	c.mv	x9,x10	  x0:0x00000000 x10:0x24444f7f  x9=0x24444f7f
       87145000	      8615	80002b8c	0c85	c.addi	x25,1	 x25:0x00000001 x25=0x00000002
       87155000	      8616	80002b8e	8b66	c.mv	x22,x25	  x0:0x00000000 x25:0x00000002 x22=0x00000002
       87165000	      8617	80002b90	4541	c.li	x10,16	 x10=0x00000010
       87175000	      8618	80002b92	00acd363	bge	x25,x10,80002b98	 x25:0x00000002 x10:0x00000010
       87185000	      8619	80002b96	b55d	c.j	80002a3c	
       87205000	      8621	80002a3c	8cda	c.mv	x25,x22	  x0:0x00000000 x22:0x00000002 x25=0x00000002
       87215000	      8622	80002a3e	8ae6	c.mv	x21,x25	  x0:0x00000000 x25:0x00000002 x21=0x00000002
       87225000	      8623	80002a40	4a81	c.li	x21,0	 x21=0x00000000
       87235000	      8624	80002a42	055c8f63	beq	x25,x21,80002aa0	 x25:0x00000002 x21:0x00000000
       87245000	      8625	80002a46	4a85	c.li	x21,1	 x21=0x00000001
       87255000	      8626	80002a48	075c8163	beq	x25,x21,80002aaa	 x25:0x00000002 x21:0x00000001
       87265000	      8627	80002a4c	4a89	c.li	x21,2	 x21=0x00000002
       87275000	      8628	80002a4e	075c8363	beq	x25,x21,80002ab4	 x25:0x00000002 x21:0x00000002
       87295000	      8630	80002ab4	3b202573	csrrs	x10,pmpaddr2,x0	  x0:0x00000000 x10=0x288893c3
       87305000	      8631	80002ab8	3a002a73	csrrs	x20,pmpcfg0,x0	  x0:0x00000000 x20=0x0f0f0f0f
       87315000	      8632	80002abc	a051	c.j	80002b40	
       87335000	      8634	80002b40	4e11	c.li	x28,4	 x28=0x00000004
       87345000	      8635	80002b42	01eb1c93	slli	x25,x22,0x1e	 x22:0x00000002 x25=0x80000000
       87355000	      8636	80002b46	01ecdc93	srli	x25,x25,0x1e	 x25:0x80000000 x25=0x00000002
       87365000	      8637	80002b4a	419e0ab3	sub	x21,x28,x25	 x28:0x00000004 x25:0x00000002 x21=0x00000002
       87375000	      8638	80002b4e	1afd	c.addi	x21,-1	 x21:0x00000002 x21=0x00000001
       87385000	      8639	80002b50	0a8e	c.slli	x21,0x3	 x21:0x00000001 x21=0x00000008
       87395000	      8640	80002b52	015a1e33	sll	x28,x20,x21	 x20:0x0f0f0f0f x21:0x00000008 x28=0x0f0f0f00
       87405000	      8641	80002b56	0c8e	c.slli	x25,0x3	 x25:0x00000002 x25=0x00000010
       87415000	      8642	80002b58	9ae6	c.add	x21,x25	 x21:0x00000008 x25:0x00000010 x21=0x00000018
       87425000	      8643	80002b5a	015e5e33	srl	x28,x28,x21	 x28:0x0f0f0f00 x21:0x00000018 x28=0x0000000f
       87435000	      8644	80002b5e	01be1a93	slli	x21,x28,0x1b	 x28:0x0000000f x21=0x78000000
       87445000	      8645	80002b62	01eada93	srli	x21,x21,0x1e	 x21:0x78000000 x21=0x00000001
       87455000	      8646	80002b66	040a8563	beq	x21,x0,80002bb0	 x21:0x00000001  x0:0x00000000
       87465000	      8647	80002b6a	4c85	c.li	x25,1	 x25=0x00000001
       87475000	      8648	80002b6c	059a8363	beq	x21,x25,80002bb2	 x21:0x00000001 x25:0x00000001
       87495000	      8650	80002bb2	8cda	c.mv	x25,x22	  x0:0x00000000 x22:0x00000002 x25=0x00000002
       87505000	      8651	80002bb4	34302af3	csrrs	x21,mtval,x0	  x0:0x00000000 x21=0xfcbb6be0
       87515000	      8652	80002bb8	002ada93	srli	x21,x21,0x2	 x21:0xfcbb6be0 x21=0x3f2edaf8
       87525000	      8653	80002bbc	000c9563	bne	x25,x0,80002bc6	 x25:0x00000002  x0:0x00000000
       87555000	      8656	80002bc6	fc9ae1e3	bltu	x21,x9,80002b88	 x21:0x3f2edaf8  x9:0x24444f7f
       87565000	      8657	80002bca	faaaffe3	bgeu	x21,x10,80002b88	 x21:0x3f2edaf8 x10:0x288893c3
       87585000	      8659	80002b88	8cda	c.mv	x25,x22	  x0:0x00000000 x22:0x00000002 x25=0x00000002
       87595000	      8660	80002b8a	84aa	c.mv	x9,x10	  x0:0x00000000 x10:0x288893c3  x9=0x288893c3
       87605000	      8661	80002b8c	0c85	c.addi	x25,1	 x25:0x00000002 x25=0x00000003
       87615000	      8662	80002b8e	8b66	c.mv	x22,x25	  x0:0x00000000 x25:0x00000003 x22=0x00000003
       87625000	      8663	80002b90	4541	c.li	x10,16	 x10=0x00000010
       87635000	      8664	80002b92	00acd363	bge	x25,x10,80002b98	 x25:0x00000003 x10:0x00000010
       87645000	      8665	80002b96	b55d	c.j	80002a3c	
       87665000	      8667	80002a3c	8cda	c.mv	x25,x22	  x0:0x00000000 x22:0x00000003 x25=0x00000003
       87675000	      8668	80002a3e	8ae6	c.mv	x21,x25	  x0:0x00000000 x25:0x00000003 x21=0x00000003
       87685000	      8669	80002a40	4a81	c.li	x21,0	 x21=0x00000000
       87695000	      8670	80002a42	055c8f63	beq	x25,x21,80002aa0	 x25:0x00000003 x21:0x00000000
       87705000	      8671	80002a46	4a85	c.li	x21,1	 x21=0x00000001
       87715000	      8672	80002a48	075c8163	beq	x25,x21,80002aaa	 x25:0x00000003 x21:0x00000001
       87725000	      8673	80002a4c	4a89	c.li	x21,2	 x21=0x00000002
       87735000	      8674	80002a4e	075c8363	beq	x25,x21,80002ab4	 x25:0x00000003 x21:0x00000002
       87745000	      8675	80002a52	4a8d	c.li	x21,3	 x21=0x00000003
       87755000	      8676	80002a54	075c8563	beq	x25,x21,80002abe	 x25:0x00000003 x21:0x00000003
       87785000	      8679	80002abe	3b302573	csrrs	x10,pmpaddr3,x0	  x0:0x00000000 x10=0x2cccd807
       87795000	      8680	80002ac2	3a002a73	csrrs	x20,pmpcfg0,x0	  x0:0x00000000 x20=0x0f0f0f0f
       87805000	      8681	80002ac6	a8ad	c.j	80002b40	
       87825000	      8683	80002b40	4e11	c.li	x28,4	 x28=0x00000004
       87835000	      8684	80002b42	01eb1c93	slli	x25,x22,0x1e	 x22:0x00000003 x25=0xc0000000
       87845000	      8685	80002b46	01ecdc93	srli	x25,x25,0x1e	 x25:0xc0000000 x25=0x00000003
       87855000	      8686	80002b4a	419e0ab3	sub	x21,x28,x25	 x28:0x00000004 x25:0x00000003 x21=0x00000001
       87865000	      8687	80002b4e	1afd	c.addi	x21,-1	 x21:0x00000001 x21=0x00000000
       87875000	      8688	80002b50	0a8e	c.slli	x21,0x3	 x21:0x00000000 x21=0x00000000
       87885000	      8689	80002b52	015a1e33	sll	x28,x20,x21	 x20:0x0f0f0f0f x21:0x00000000 x28=0x0f0f0f0f
       87895000	      8690	80002b56	0c8e	c.slli	x25,0x3	 x25:0x00000003 x25=0x00000018
       87905000	      8691	80002b58	9ae6	c.add	x21,x25	 x21:0x00000000 x25:0x00000018 x21=0x00000018
       87915000	      8692	80002b5a	015e5e33	srl	x28,x28,x21	 x28:0x0f0f0f0f x21:0x00000018 x28=0x0000000f
       87925000	      8693	80002b5e	01be1a93	slli	x21,x28,0x1b	 x28:0x0000000f x21=0x78000000
       87935000	      8694	80002b62	01eada93	srli	x21,x21,0x1e	 x21:0x78000000 x21=0x00000001
       87945000	      8695	80002b66	040a8563	beq	x21,x0,80002bb0	 x21:0x00000001  x0:0x00000000
       87955000	      8696	80002b6a	4c85	c.li	x25,1	 x25=0x00000001
       87965000	      8697	80002b6c	059a8363	beq	x21,x25,80002bb2	 x21:0x00000001 x25:0x00000001
       87985000	      8699	80002bb2	8cda	c.mv	x25,x22	  x0:0x00000000 x22:0x00000003 x25=0x00000003
       87995000	      8700	80002bb4	34302af3	csrrs	x21,mtval,x0	  x0:0x00000000 x21=0xfcbb6be0
       88005000	      8701	80002bb8	002ada93	srli	x21,x21,0x2	 x21:0xfcbb6be0 x21=0x3f2edaf8
       88015000	      8702	80002bbc	000c9563	bne	x25,x0,80002bc6	 x25:0x00000003  x0:0x00000000
       88045000	      8705	80002bc6	fc9ae1e3	bltu	x21,x9,80002b88	 x21:0x3f2edaf8  x9:0x288893c3
       88055000	      8706	80002bca	faaaffe3	bgeu	x21,x10,80002b88	 x21:0x3f2edaf8 x10:0x2cccd807
       88075000	      8708	80002b88	8cda	c.mv	x25,x22	  x0:0x00000000 x22:0x00000003 x25=0x00000003
       88085000	      8709	80002b8a	84aa	c.mv	x9,x10	  x0:0x00000000 x10:0x2cccd807  x9=0x2cccd807
       88095000	      8710	80002b8c	0c85	c.addi	x25,1	 x25:0x00000003 x25=0x00000004
       88105000	      8711	80002b8e	8b66	c.mv	x22,x25	  x0:0x00000000 x25:0x00000004 x22=0x00000004
       88115000	      8712	80002b90	4541	c.li	x10,16	 x10=0x00000010
       88125000	      8713	80002b92	00acd363	bge	x25,x10,80002b98	 x25:0x00000004 x10:0x00000010
       88135000	      8714	80002b96	b55d	c.j	80002a3c	
       88155000	      8716	80002a3c	8cda	c.mv	x25,x22	  x0:0x00000000 x22:0x00000004 x25=0x00000004
       88165000	      8717	80002a3e	8ae6	c.mv	x21,x25	  x0:0x00000000 x25:0x00000004 x21=0x00000004
       88175000	      8718	80002a40	4a81	c.li	x21,0	 x21=0x00000000
       88185000	      8719	80002a42	055c8f63	beq	x25,x21,80002aa0	 x25:0x00000004 x21:0x00000000
       88195000	      8720	80002a46	4a85	c.li	x21,1	 x21=0x00000001
       88205000	      8721	80002a48	075c8163	beq	x25,x21,80002aaa	 x25:0x00000004 x21:0x00000001
       88215000	      8722	80002a4c	4a89	c.li	x21,2	 x21=0x00000002
       88225000	      8723	80002a4e	075c8363	beq	x25,x21,80002ab4	 x25:0x00000004 x21:0x00000002
       88235000	      8724	80002a52	4a8d	c.li	x21,3	 x21=0x00000003
       88245000	      8725	80002a54	075c8563	beq	x25,x21,80002abe	 x25:0x00000004 x21:0x00000003
       88255000	      8726	80002a58	4a91	c.li	x21,4	 x21=0x00000004
       88265000	      8727	80002a5a	075c8763	beq	x25,x21,80002ac8	 x25:0x00000004 x21:0x00000004
       88285000	      8729	80002ac8	3b402573	csrrs	x10,pmpaddr4,x0	  x0:0x00000000 x10=0x31111c4c
       88295000	      8730	80002acc	3a102a73	csrrs	x20,pmpcfg1,x0	  x0:0x00000000 x20=0x0f0f0f0f
       88305000	      8731	80002ad0	a885	c.j	80002b40	
       88325000	      8733	80002b40	4e11	c.li	x28,4	 x28=0x00000004
       88335000	      8734	80002b42	01eb1c93	slli	x25,x22,0x1e	 x22:0x00000004 x25=0x00000000
       88345000	      8735	80002b46	01ecdc93	srli	x25,x25,0x1e	 x25:0x00000000 x25=0x00000000
       88355000	      8736	80002b4a	419e0ab3	sub	x21,x28,x25	 x28:0x00000004 x25:0x00000000 x21=0x00000004
       88365000	      8737	80002b4e	1afd	c.addi	x21,-1	 x21:0x00000004 x21=0x00000003
       88375000	      8738	80002b50	0a8e	c.slli	x21,0x3	 x21:0x00000003 x21=0x00000018
       88385000	      8739	80002b52	015a1e33	sll	x28,x20,x21	 x20:0x0f0f0f0f x21:0x00000018 x28=0x0f000000
       88395000	      8740	80002b56	0c8e	c.slli	x25,0x3	 x25:0x00000000 x25=0x00000000
       88405000	      8741	80002b58	9ae6	c.add	x21,x25	 x21:0x00000018 x25:0x00000000 x21=0x00000018
       88415000	      8742	80002b5a	015e5e33	srl	x28,x28,x21	 x28:0x0f000000 x21:0x00000018 x28=0x0000000f
       88425000	      8743	80002b5e	01be1a93	slli	x21,x28,0x1b	 x28:0x0000000f x21=0x78000000
       88435000	      8744	80002b62	01eada93	srli	x21,x21,0x1e	 x21:0x78000000 x21=0x00000001
       88445000	      8745	80002b66	040a8563	beq	x21,x0,80002bb0	 x21:0x00000001  x0:0x00000000
       88455000	      8746	80002b6a	4c85	c.li	x25,1	 x25=0x00000001
       88465000	      8747	80002b6c	059a8363	beq	x21,x25,80002bb2	 x21:0x00000001 x25:0x00000001
       88485000	      8749	80002bb2	8cda	c.mv	x25,x22	  x0:0x00000000 x22:0x00000004 x25=0x00000004
       88495000	      8750	80002bb4	34302af3	csrrs	x21,mtval,x0	  x0:0x00000000 x21=0xfcbb6be0
       88505000	      8751	80002bb8	002ada93	srli	x21,x21,0x2	 x21:0xfcbb6be0 x21=0x3f2edaf8
       88515000	      8752	80002bbc	000c9563	bne	x25,x0,80002bc6	 x25:0x00000004  x0:0x00000000
       88545000	      8755	80002bc6	fc9ae1e3	bltu	x21,x9,80002b88	 x21:0x3f2edaf8  x9:0x2cccd807
       88555000	      8756	80002bca	faaaffe3	bgeu	x21,x10,80002b88	 x21:0x3f2edaf8 x10:0x31111c4c
       88575000	      8758	80002b88	8cda	c.mv	x25,x22	  x0:0x00000000 x22:0x00000004 x25=0x00000004
       88585000	      8759	80002b8a	84aa	c.mv	x9,x10	  x0:0x00000000 x10:0x31111c4c  x9=0x31111c4c
       88595000	      8760	80002b8c	0c85	c.addi	x25,1	 x25:0x00000004 x25=0x00000005
       88605000	      8761	80002b8e	8b66	c.mv	x22,x25	  x0:0x00000000 x25:0x00000005 x22=0x00000005
       88615000	      8762	80002b90	4541	c.li	x10,16	 x10=0x00000010
       88625000	      8763	80002b92	00acd363	bge	x25,x10,80002b98	 x25:0x00000005 x10:0x00000010
       88635000	      8764	80002b96	b55d	c.j	80002a3c	
       88655000	      8766	80002a3c	8cda	c.mv	x25,x22	  x0:0x00000000 x22:0x00000005 x25=0x00000005
       88665000	      8767	80002a3e	8ae6	c.mv	x21,x25	  x0:0x00000000 x25:0x00000005 x21=0x00000005
       88675000	      8768	80002a40	4a81	c.li	x21,0	 x21=0x00000000
       88685000	      8769	80002a42	055c8f63	beq	x25,x21,80002aa0	 x25:0x00000005 x21:0x00000000
       88695000	      8770	80002a46	4a85	c.li	x21,1	 x21=0x00000001
       88705000	      8771	80002a48	075c8163	beq	x25,x21,80002aaa	 x25:0x00000005 x21:0x00000001
       88715000	      8772	80002a4c	4a89	c.li	x21,2	 x21=0x00000002
       88725000	      8773	80002a4e	075c8363	beq	x25,x21,80002ab4	 x25:0x00000005 x21:0x00000002
       88735000	      8774	80002a52	4a8d	c.li	x21,3	 x21=0x00000003
       88745000	      8775	80002a54	075c8563	beq	x25,x21,80002abe	 x25:0x00000005 x21:0x00000003
       88755000	      8776	80002a58	4a91	c.li	x21,4	 x21=0x00000004
       88765000	      8777	80002a5a	075c8763	beq	x25,x21,80002ac8	 x25:0x00000005 x21:0x00000004
       88775000	      8778	80002a5e	4a95	c.li	x21,5	 x21=0x00000005
       88785000	      8779	80002a60	075c8963	beq	x25,x21,80002ad2	 x25:0x00000005 x21:0x00000005
       88815000	      8782	80002ad2	3b502573	csrrs	x10,pmpaddr5,x0	  x0:0x00000000 x10=0x35556090
       88825000	      8783	80002ad6	3a102a73	csrrs	x20,pmpcfg1,x0	  x0:0x00000000 x20=0x0f0f0f0f
       88835000	      8784	80002ada	a09d	c.j	80002b40	
       88855000	      8786	80002b40	4e11	c.li	x28,4	 x28=0x00000004
       88865000	      8787	80002b42	01eb1c93	slli	x25,x22,0x1e	 x22:0x00000005 x25=0x40000000
       88875000	      8788	80002b46	01ecdc93	srli	x25,x25,0x1e	 x25:0x40000000 x25=0x00000001
       88885000	      8789	80002b4a	419e0ab3	sub	x21,x28,x25	 x28:0x00000004 x25:0x00000001 x21=0x00000003
       88895000	      8790	80002b4e	1afd	c.addi	x21,-1	 x21:0x00000003 x21=0x00000002
       88905000	      8791	80002b50	0a8e	c.slli	x21,0x3	 x21:0x00000002 x21=0x00000010
       88915000	      8792	80002b52	015a1e33	sll	x28,x20,x21	 x20:0x0f0f0f0f x21:0x00000010 x28=0x0f0f0000
       88925000	      8793	80002b56	0c8e	c.slli	x25,0x3	 x25:0x00000001 x25=0x00000008
       88935000	      8794	80002b58	9ae6	c.add	x21,x25	 x21:0x00000010 x25:0x00000008 x21=0x00000018
       88945000	      8795	80002b5a	015e5e33	srl	x28,x28,x21	 x28:0x0f0f0000 x21:0x00000018 x28=0x0000000f
       88955000	      8796	80002b5e	01be1a93	slli	x21,x28,0x1b	 x28:0x0000000f x21=0x78000000
       88965000	      8797	80002b62	01eada93	srli	x21,x21,0x1e	 x21:0x78000000 x21=0x00000001
       88975000	      8798	80002b66	040a8563	beq	x21,x0,80002bb0	 x21:0x00000001  x0:0x00000000
       88985000	      8799	80002b6a	4c85	c.li	x25,1	 x25=0x00000001
       88995000	      8800	80002b6c	059a8363	beq	x21,x25,80002bb2	 x21:0x00000001 x25:0x00000001
       89015000	      8802	80002bb2	8cda	c.mv	x25,x22	  x0:0x00000000 x22:0x00000005 x25=0x00000005
       89025000	      8803	80002bb4	34302af3	csrrs	x21,mtval,x0	  x0:0x00000000 x21=0xfcbb6be0
       89035000	      8804	80002bb8	002ada93	srli	x21,x21,0x2	 x21:0xfcbb6be0 x21=0x3f2edaf8
       89045000	      8805	80002bbc	000c9563	bne	x25,x0,80002bc6	 x25:0x00000005  x0:0x00000000
       89075000	      8808	80002bc6	fc9ae1e3	bltu	x21,x9,80002b88	 x21:0x3f2edaf8  x9:0x31111c4c
       89085000	      8809	80002bca	faaaffe3	bgeu	x21,x10,80002b88	 x21:0x3f2edaf8 x10:0x35556090
       89105000	      8811	80002b88	8cda	c.mv	x25,x22	  x0:0x00000000 x22:0x00000005 x25=0x00000005
       89115000	      8812	80002b8a	84aa	c.mv	x9,x10	  x0:0x00000000 x10:0x35556090  x9=0x35556090
       89125000	      8813	80002b8c	0c85	c.addi	x25,1	 x25:0x00000005 x25=0x00000006
       89135000	      8814	80002b8e	8b66	c.mv	x22,x25	  x0:0x00000000 x25:0x00000006 x22=0x00000006
       89145000	      8815	80002b90	4541	c.li	x10,16	 x10=0x00000010
       89155000	      8816	80002b92	00acd363	bge	x25,x10,80002b98	 x25:0x00000006 x10:0x00000010
       89165000	      8817	80002b96	b55d	c.j	80002a3c	
       89185000	      8819	80002a3c	8cda	c.mv	x25,x22	  x0:0x00000000 x22:0x00000006 x25=0x00000006
       89195000	      8820	80002a3e	8ae6	c.mv	x21,x25	  x0:0x00000000 x25:0x00000006 x21=0x00000006
       89205000	      8821	80002a40	4a81	c.li	x21,0	 x21=0x00000000
       89215000	      8822	80002a42	055c8f63	beq	x25,x21,80002aa0	 x25:0x00000006 x21:0x00000000
       89225000	      8823	80002a46	4a85	c.li	x21,1	 x21=0x00000001
       89235000	      8824	80002a48	075c8163	beq	x25,x21,80002aaa	 x25:0x00000006 x21:0x00000001
       89245000	      8825	80002a4c	4a89	c.li	x21,2	 x21=0x00000002
       89255000	      8826	80002a4e	075c8363	beq	x25,x21,80002ab4	 x25:0x00000006 x21:0x00000002
       89265000	      8827	80002a52	4a8d	c.li	x21,3	 x21=0x00000003
       89275000	      8828	80002a54	075c8563	beq	x25,x21,80002abe	 x25:0x00000006 x21:0x00000003
       89285000	      8829	80002a58	4a91	c.li	x21,4	 x21=0x00000004
       89295000	      8830	80002a5a	075c8763	beq	x25,x21,80002ac8	 x25:0x00000006 x21:0x00000004
       89305000	      8831	80002a5e	4a95	c.li	x21,5	 x21=0x00000005
       89315000	      8832	80002a60	075c8963	beq	x25,x21,80002ad2	 x25:0x00000006 x21:0x00000005
       89325000	      8833	80002a64	4a99	c.li	x21,6	 x21=0x00000006
       89335000	      8834	80002a66	075c8b63	beq	x25,x21,80002adc	 x25:0x00000006 x21:0x00000006
       89355000	      8836	80002adc	3b602573	csrrs	x10,pmpaddr6,x0	  x0:0x00000000 x10=0x3999a4d4
       89365000	      8837	80002ae0	3a102a73	csrrs	x20,pmpcfg1,x0	  x0:0x00000000 x20=0x0f0f0f0f
       89375000	      8838	80002ae4	a8b1	c.j	80002b40	
       89395000	      8840	80002b40	4e11	c.li	x28,4	 x28=0x00000004
       89405000	      8841	80002b42	01eb1c93	slli	x25,x22,0x1e	 x22:0x00000006 x25=0x80000000
       89415000	      8842	80002b46	01ecdc93	srli	x25,x25,0x1e	 x25:0x80000000 x25=0x00000002
       89425000	      8843	80002b4a	419e0ab3	sub	x21,x28,x25	 x28:0x00000004 x25:0x00000002 x21=0x00000002
       89435000	      8844	80002b4e	1afd	c.addi	x21,-1	 x21:0x00000002 x21=0x00000001
       89445000	      8845	80002b50	0a8e	c.slli	x21,0x3	 x21:0x00000001 x21=0x00000008
       89455000	      8846	80002b52	015a1e33	sll	x28,x20,x21	 x20:0x0f0f0f0f x21:0x00000008 x28=0x0f0f0f00
       89465000	      8847	80002b56	0c8e	c.slli	x25,0x3	 x25:0x00000002 x25=0x00000010
       89475000	      8848	80002b58	9ae6	c.add	x21,x25	 x21:0x00000008 x25:0x00000010 x21=0x00000018
       89485000	      8849	80002b5a	015e5e33	srl	x28,x28,x21	 x28:0x0f0f0f00 x21:0x00000018 x28=0x0000000f
       89495000	      8850	80002b5e	01be1a93	slli	x21,x28,0x1b	 x28:0x0000000f x21=0x78000000
       89505000	      8851	80002b62	01eada93	srli	x21,x21,0x1e	 x21:0x78000000 x21=0x00000001
       89515000	      8852	80002b66	040a8563	beq	x21,x0,80002bb0	 x21:0x00000001  x0:0x00000000
       89525000	      8853	80002b6a	4c85	c.li	x25,1	 x25=0x00000001
       89535000	      8854	80002b6c	059a8363	beq	x21,x25,80002bb2	 x21:0x00000001 x25:0x00000001
       89555000	      8856	80002bb2	8cda	c.mv	x25,x22	  x0:0x00000000 x22:0x00000006 x25=0x00000006
       89565000	      8857	80002bb4	34302af3	csrrs	x21,mtval,x0	  x0:0x00000000 x21=0xfcbb6be0
       89575000	      8858	80002bb8	002ada93	srli	x21,x21,0x2	 x21:0xfcbb6be0 x21=0x3f2edaf8
       89585000	      8859	80002bbc	000c9563	bne	x25,x0,80002bc6	 x25:0x00000006  x0:0x00000000
       89615000	      8862	80002bc6	fc9ae1e3	bltu	x21,x9,80002b88	 x21:0x3f2edaf8  x9:0x35556090
       89625000	      8863	80002bca	faaaffe3	bgeu	x21,x10,80002b88	 x21:0x3f2edaf8 x10:0x3999a4d4
       89645000	      8865	80002b88	8cda	c.mv	x25,x22	  x0:0x00000000 x22:0x00000006 x25=0x00000006
       89655000	      8866	80002b8a	84aa	c.mv	x9,x10	  x0:0x00000000 x10:0x3999a4d4  x9=0x3999a4d4
       89665000	      8867	80002b8c	0c85	c.addi	x25,1	 x25:0x00000006 x25=0x00000007
       89675000	      8868	80002b8e	8b66	c.mv	x22,x25	  x0:0x00000000 x25:0x00000007 x22=0x00000007
       89685000	      8869	80002b90	4541	c.li	x10,16	 x10=0x00000010
       89695000	      8870	80002b92	00acd363	bge	x25,x10,80002b98	 x25:0x00000007 x10:0x00000010
       89705000	      8871	80002b96	b55d	c.j	80002a3c	
       89725000	      8873	80002a3c	8cda	c.mv	x25,x22	  x0:0x00000000 x22:0x00000007 x25=0x00000007
       89735000	      8874	80002a3e	8ae6	c.mv	x21,x25	  x0:0x00000000 x25:0x00000007 x21=0x00000007
       89745000	      8875	80002a40	4a81	c.li	x21,0	 x21=0x00000000
       89755000	      8876	80002a42	055c8f63	beq	x25,x21,80002aa0	 x25:0x00000007 x21:0x00000000
       89765000	      8877	80002a46	4a85	c.li	x21,1	 x21=0x00000001
       89775000	      8878	80002a48	075c8163	beq	x25,x21,80002aaa	 x25:0x00000007 x21:0x00000001
       89785000	      8879	80002a4c	4a89	c.li	x21,2	 x21=0x00000002
       89795000	      8880	80002a4e	075c8363	beq	x25,x21,80002ab4	 x25:0x00000007 x21:0x00000002
       89805000	      8881	80002a52	4a8d	c.li	x21,3	 x21=0x00000003
       89815000	      8882	80002a54	075c8563	beq	x25,x21,80002abe	 x25:0x00000007 x21:0x00000003
       89825000	      8883	80002a58	4a91	c.li	x21,4	 x21=0x00000004
       89835000	      8884	80002a5a	075c8763	beq	x25,x21,80002ac8	 x25:0x00000007 x21:0x00000004
       89845000	      8885	80002a5e	4a95	c.li	x21,5	 x21=0x00000005
       89855000	      8886	80002a60	075c8963	beq	x25,x21,80002ad2	 x25:0x00000007 x21:0x00000005
       89865000	      8887	80002a64	4a99	c.li	x21,6	 x21=0x00000006
       89875000	      8888	80002a66	075c8b63	beq	x25,x21,80002adc	 x25:0x00000007 x21:0x00000006
       89885000	      8889	80002a6a	4a9d	c.li	x21,7	 x21=0x00000007
       89895000	      8890	80002a6c	075c8d63	beq	x25,x21,80002ae6	 x25:0x00000007 x21:0x00000007
       89925000	      8893	80002ae6	3b702573	csrrs	x10,pmpaddr7,x0	  x0:0x00000000 x10=0x3ddde918
       89935000	      8894	80002aea	3a102a73	csrrs	x20,pmpcfg1,x0	  x0:0x00000000 x20=0x0f0f0f0f
       89945000	      8895	80002aee	a889	c.j	80002b40	
       89965000	      8897	80002b40	4e11	c.li	x28,4	 x28=0x00000004
       89975000	      8898	80002b42	01eb1c93	slli	x25,x22,0x1e	 x22:0x00000007 x25=0xc0000000
       89985000	      8899	80002b46	01ecdc93	srli	x25,x25,0x1e	 x25:0xc0000000 x25=0x00000003
       89995000	      8900	80002b4a	419e0ab3	sub	x21,x28,x25	 x28:0x00000004 x25:0x00000003 x21=0x00000001
       90005000	      8901	80002b4e	1afd	c.addi	x21,-1	 x21:0x00000001 x21=0x00000000
       90015000	      8902	80002b50	0a8e	c.slli	x21,0x3	 x21:0x00000000 x21=0x00000000
       90025000	      8903	80002b52	015a1e33	sll	x28,x20,x21	 x20:0x0f0f0f0f x21:0x00000000 x28=0x0f0f0f0f
       90035000	      8904	80002b56	0c8e	c.slli	x25,0x3	 x25:0x00000003 x25=0x00000018
       90045000	      8905	80002b58	9ae6	c.add	x21,x25	 x21:0x00000000 x25:0x00000018 x21=0x00000018
       90055000	      8906	80002b5a	015e5e33	srl	x28,x28,x21	 x28:0x0f0f0f0f x21:0x00000018 x28=0x0000000f
       90065000	      8907	80002b5e	01be1a93	slli	x21,x28,0x1b	 x28:0x0000000f x21=0x78000000
       90075000	      8908	80002b62	01eada93	srli	x21,x21,0x1e	 x21:0x78000000 x21=0x00000001
       90085000	      8909	80002b66	040a8563	beq	x21,x0,80002bb0	 x21:0x00000001  x0:0x00000000
       90095000	      8910	80002b6a	4c85	c.li	x25,1	 x25=0x00000001
       90105000	      8911	80002b6c	059a8363	beq	x21,x25,80002bb2	 x21:0x00000001 x25:0x00000001
       90125000	      8913	80002bb2	8cda	c.mv	x25,x22	  x0:0x00000000 x22:0x00000007 x25=0x00000007
       90135000	      8914	80002bb4	34302af3	csrrs	x21,mtval,x0	  x0:0x00000000 x21=0xfcbb6be0
       90145000	      8915	80002bb8	002ada93	srli	x21,x21,0x2	 x21:0xfcbb6be0 x21=0x3f2edaf8
       90155000	      8916	80002bbc	000c9563	bne	x25,x0,80002bc6	 x25:0x00000007  x0:0x00000000
       90185000	      8919	80002bc6	fc9ae1e3	bltu	x21,x9,80002b88	 x21:0x3f2edaf8  x9:0x3999a4d4
       90195000	      8920	80002bca	faaaffe3	bgeu	x21,x10,80002b88	 x21:0x3f2edaf8 x10:0x3ddde918
       90215000	      8922	80002b88	8cda	c.mv	x25,x22	  x0:0x00000000 x22:0x00000007 x25=0x00000007
       90225000	      8923	80002b8a	84aa	c.mv	x9,x10	  x0:0x00000000 x10:0x3ddde918  x9=0x3ddde918
       90235000	      8924	80002b8c	0c85	c.addi	x25,1	 x25:0x00000007 x25=0x00000008
       90245000	      8925	80002b8e	8b66	c.mv	x22,x25	  x0:0x00000000 x25:0x00000008 x22=0x00000008
       90255000	      8926	80002b90	4541	c.li	x10,16	 x10=0x00000010
       90265000	      8927	80002b92	00acd363	bge	x25,x10,80002b98	 x25:0x00000008 x10:0x00000010
       90275000	      8928	80002b96	b55d	c.j	80002a3c	
       90295000	      8930	80002a3c	8cda	c.mv	x25,x22	  x0:0x00000000 x22:0x00000008 x25=0x00000008
       90305000	      8931	80002a3e	8ae6	c.mv	x21,x25	  x0:0x00000000 x25:0x00000008 x21=0x00000008
       90315000	      8932	80002a40	4a81	c.li	x21,0	 x21=0x00000000
       90325000	      8933	80002a42	055c8f63	beq	x25,x21,80002aa0	 x25:0x00000008 x21:0x00000000
       90335000	      8934	80002a46	4a85	c.li	x21,1	 x21=0x00000001
       90345000	      8935	80002a48	075c8163	beq	x25,x21,80002aaa	 x25:0x00000008 x21:0x00000001
       90355000	      8936	80002a4c	4a89	c.li	x21,2	 x21=0x00000002
       90365000	      8937	80002a4e	075c8363	beq	x25,x21,80002ab4	 x25:0x00000008 x21:0x00000002
       90375000	      8938	80002a52	4a8d	c.li	x21,3	 x21=0x00000003
       90385000	      8939	80002a54	075c8563	beq	x25,x21,80002abe	 x25:0x00000008 x21:0x00000003
       90395000	      8940	80002a58	4a91	c.li	x21,4	 x21=0x00000004
       90405000	      8941	80002a5a	075c8763	beq	x25,x21,80002ac8	 x25:0x00000008 x21:0x00000004
       90415000	      8942	80002a5e	4a95	c.li	x21,5	 x21=0x00000005
       90425000	      8943	80002a60	075c8963	beq	x25,x21,80002ad2	 x25:0x00000008 x21:0x00000005
       90435000	      8944	80002a64	4a99	c.li	x21,6	 x21=0x00000006
       90445000	      8945	80002a66	075c8b63	beq	x25,x21,80002adc	 x25:0x00000008 x21:0x00000006
       90455000	      8946	80002a6a	4a9d	c.li	x21,7	 x21=0x00000007
       90465000	      8947	80002a6c	075c8d63	beq	x25,x21,80002ae6	 x25:0x00000008 x21:0x00000007
       90475000	      8948	80002a70	4aa1	c.li	x21,8	 x21=0x00000008
       90485000	      8949	80002a72	075c8f63	beq	x25,x21,80002af0	 x25:0x00000008 x21:0x00000008
       90505000	      8951	80002af0	3b802573	csrrs	x10,pmpaddr8,x0	  x0:0x00000000 x10=0x02222d5d
       90515000	      8952	80002af4	3a202a73	csrrs	x20,pmpcfg2,x0	  x0:0x00000000 x20=0x0f0f0f0f
       90525000	      8953	80002af8	a0a1	c.j	80002b40	
       90545000	      8955	80002b40	4e11	c.li	x28,4	 x28=0x00000004
       90555000	      8956	80002b42	01eb1c93	slli	x25,x22,0x1e	 x22:0x00000008 x25=0x00000000
       90565000	      8957	80002b46	01ecdc93	srli	x25,x25,0x1e	 x25:0x00000000 x25=0x00000000
       90575000	      8958	80002b4a	419e0ab3	sub	x21,x28,x25	 x28:0x00000004 x25:0x00000000 x21=0x00000004
       90585000	      8959	80002b4e	1afd	c.addi	x21,-1	 x21:0x00000004 x21=0x00000003
       90595000	      8960	80002b50	0a8e	c.slli	x21,0x3	 x21:0x00000003 x21=0x00000018
       90605000	      8961	80002b52	015a1e33	sll	x28,x20,x21	 x20:0x0f0f0f0f x21:0x00000018 x28=0x0f000000
       90615000	      8962	80002b56	0c8e	c.slli	x25,0x3	 x25:0x00000000 x25=0x00000000
       90625000	      8963	80002b58	9ae6	c.add	x21,x25	 x21:0x00000018 x25:0x00000000 x21=0x00000018
       90635000	      8964	80002b5a	015e5e33	srl	x28,x28,x21	 x28:0x0f000000 x21:0x00000018 x28=0x0000000f
       90645000	      8965	80002b5e	01be1a93	slli	x21,x28,0x1b	 x28:0x0000000f x21=0x78000000
       90655000	      8966	80002b62	01eada93	srli	x21,x21,0x1e	 x21:0x78000000 x21=0x00000001
       90665000	      8967	80002b66	040a8563	beq	x21,x0,80002bb0	 x21:0x00000001  x0:0x00000000
       90675000	      8968	80002b6a	4c85	c.li	x25,1	 x25=0x00000001
       90685000	      8969	80002b6c	059a8363	beq	x21,x25,80002bb2	 x21:0x00000001 x25:0x00000001
       90705000	      8971	80002bb2	8cda	c.mv	x25,x22	  x0:0x00000000 x22:0x00000008 x25=0x00000008
       90715000	      8972	80002bb4	34302af3	csrrs	x21,mtval,x0	  x0:0x00000000 x21=0xfcbb6be0
       90725000	      8973	80002bb8	002ada93	srli	x21,x21,0x2	 x21:0xfcbb6be0 x21=0x3f2edaf8
       90735000	      8974	80002bbc	000c9563	bne	x25,x0,80002bc6	 x25:0x00000008  x0:0x00000000
       90765000	      8977	80002bc6	fc9ae1e3	bltu	x21,x9,80002b88	 x21:0x3f2edaf8  x9:0x3ddde918
       90775000	      8978	80002bca	faaaffe3	bgeu	x21,x10,80002b88	 x21:0x3f2edaf8 x10:0x02222d5d
       90795000	      8980	80002b88	8cda	c.mv	x25,x22	  x0:0x00000000 x22:0x00000008 x25=0x00000008
       90805000	      8981	80002b8a	84aa	c.mv	x9,x10	  x0:0x00000000 x10:0x02222d5d  x9=0x02222d5d
       90815000	      8982	80002b8c	0c85	c.addi	x25,1	 x25:0x00000008 x25=0x00000009
       90825000	      8983	80002b8e	8b66	c.mv	x22,x25	  x0:0x00000000 x25:0x00000009 x22=0x00000009
       90835000	      8984	80002b90	4541	c.li	x10,16	 x10=0x00000010
       90845000	      8985	80002b92	00acd363	bge	x25,x10,80002b98	 x25:0x00000009 x10:0x00000010
       90855000	      8986	80002b96	b55d	c.j	80002a3c	
       90875000	      8988	80002a3c	8cda	c.mv	x25,x22	  x0:0x00000000 x22:0x00000009 x25=0x00000009
       90885000	      8989	80002a3e	8ae6	c.mv	x21,x25	  x0:0x00000000 x25:0x00000009 x21=0x00000009
       90895000	      8990	80002a40	4a81	c.li	x21,0	 x21=0x00000000
       90905000	      8991	80002a42	055c8f63	beq	x25,x21,80002aa0	 x25:0x00000009 x21:0x00000000
       90915000	      8992	80002a46	4a85	c.li	x21,1	 x21=0x00000001
       90925000	      8993	80002a48	075c8163	beq	x25,x21,80002aaa	 x25:0x00000009 x21:0x00000001
       90935000	      8994	80002a4c	4a89	c.li	x21,2	 x21=0x00000002
       90945000	      8995	80002a4e	075c8363	beq	x25,x21,80002ab4	 x25:0x00000009 x21:0x00000002
       90955000	      8996	80002a52	4a8d	c.li	x21,3	 x21=0x00000003
       90965000	      8997	80002a54	075c8563	beq	x25,x21,80002abe	 x25:0x00000009 x21:0x00000003
       90975000	      8998	80002a58	4a91	c.li	x21,4	 x21=0x00000004
       90985000	      8999	80002a5a	075c8763	beq	x25,x21,80002ac8	 x25:0x00000009 x21:0x00000004
       90995000	      9000	80002a5e	4a95	c.li	x21,5	 x21=0x00000005
       91005000	      9001	80002a60	075c8963	beq	x25,x21,80002ad2	 x25:0x00000009 x21:0x00000005
       91015000	      9002	80002a64	4a99	c.li	x21,6	 x21=0x00000006
       91025000	      9003	80002a66	075c8b63	beq	x25,x21,80002adc	 x25:0x00000009 x21:0x00000006
       91035000	      9004	80002a6a	4a9d	c.li	x21,7	 x21=0x00000007
       91045000	      9005	80002a6c	075c8d63	beq	x25,x21,80002ae6	 x25:0x00000009 x21:0x00000007
       91055000	      9006	80002a70	4aa1	c.li	x21,8	 x21=0x00000008
       91065000	      9007	80002a72	075c8f63	beq	x25,x21,80002af0	 x25:0x00000009 x21:0x00000008
       91075000	      9008	80002a76	4aa5	c.li	x21,9	 x21=0x00000009
       91085000	      9009	80002a78	095c8163	beq	x25,x21,80002afa	 x25:0x00000009 x21:0x00000009
       91115000	      9012	80002afa	3b902573	csrrs	x10,pmpaddr9,x0	  x0:0x00000000 x10=0x066671a1
       91125000	      9013	80002afe	3a202a73	csrrs	x20,pmpcfg2,x0	  x0:0x00000000 x20=0x0f0f0f0f
       91135000	      9014	80002b02	a83d	c.j	80002b40	
       91155000	      9016	80002b40	4e11	c.li	x28,4	 x28=0x00000004
       91165000	      9017	80002b42	01eb1c93	slli	x25,x22,0x1e	 x22:0x00000009 x25=0x40000000
       91175000	      9018	80002b46	01ecdc93	srli	x25,x25,0x1e	 x25:0x40000000 x25=0x00000001
       91185000	      9019	80002b4a	419e0ab3	sub	x21,x28,x25	 x28:0x00000004 x25:0x00000001 x21=0x00000003
       91195000	      9020	80002b4e	1afd	c.addi	x21,-1	 x21:0x00000003 x21=0x00000002
       91205000	      9021	80002b50	0a8e	c.slli	x21,0x3	 x21:0x00000002 x21=0x00000010
       91215000	      9022	80002b52	015a1e33	sll	x28,x20,x21	 x20:0x0f0f0f0f x21:0x00000010 x28=0x0f0f0000
       91225000	      9023	80002b56	0c8e	c.slli	x25,0x3	 x25:0x00000001 x25=0x00000008
       91235000	      9024	80002b58	9ae6	c.add	x21,x25	 x21:0x00000010 x25:0x00000008 x21=0x00000018
       91245000	      9025	80002b5a	015e5e33	srl	x28,x28,x21	 x28:0x0f0f0000 x21:0x00000018 x28=0x0000000f
       91255000	      9026	80002b5e	01be1a93	slli	x21,x28,0x1b	 x28:0x0000000f x21=0x78000000
       91265000	      9027	80002b62	01eada93	srli	x21,x21,0x1e	 x21:0x78000000 x21=0x00000001
       91275000	      9028	80002b66	040a8563	beq	x21,x0,80002bb0	 x21:0x00000001  x0:0x00000000
       91285000	      9029	80002b6a	4c85	c.li	x25,1	 x25=0x00000001
       91295000	      9030	80002b6c	059a8363	beq	x21,x25,80002bb2	 x21:0x00000001 x25:0x00000001
       91315000	      9032	80002bb2	8cda	c.mv	x25,x22	  x0:0x00000000 x22:0x00000009 x25=0x00000009
       91325000	      9033	80002bb4	34302af3	csrrs	x21,mtval,x0	  x0:0x00000000 x21=0xfcbb6be0
       91335000	      9034	80002bb8	002ada93	srli	x21,x21,0x2	 x21:0xfcbb6be0 x21=0x3f2edaf8
       91345000	      9035	80002bbc	000c9563	bne	x25,x0,80002bc6	 x25:0x00000009  x0:0x00000000
       91375000	      9038	80002bc6	fc9ae1e3	bltu	x21,x9,80002b88	 x21:0x3f2edaf8  x9:0x02222d5d
       91385000	      9039	80002bca	faaaffe3	bgeu	x21,x10,80002b88	 x21:0x3f2edaf8 x10:0x066671a1
       91405000	      9041	80002b88	8cda	c.mv	x25,x22	  x0:0x00000000 x22:0x00000009 x25=0x00000009
       91415000	      9042	80002b8a	84aa	c.mv	x9,x10	  x0:0x00000000 x10:0x066671a1  x9=0x066671a1
       91425000	      9043	80002b8c	0c85	c.addi	x25,1	 x25:0x00000009 x25=0x0000000a
       91435000	      9044	80002b8e	8b66	c.mv	x22,x25	  x0:0x00000000 x25:0x0000000a x22=0x0000000a
       91445000	      9045	80002b90	4541	c.li	x10,16	 x10=0x00000010
       91455000	      9046	80002b92	00acd363	bge	x25,x10,80002b98	 x25:0x0000000a x10:0x00000010
       91465000	      9047	80002b96	b55d	c.j	80002a3c	
       91485000	      9049	80002a3c	8cda	c.mv	x25,x22	  x0:0x00000000 x22:0x0000000a x25=0x0000000a
       91495000	      9050	80002a3e	8ae6	c.mv	x21,x25	  x0:0x00000000 x25:0x0000000a x21=0x0000000a
       91505000	      9051	80002a40	4a81	c.li	x21,0	 x21=0x00000000
       91515000	      9052	80002a42	055c8f63	beq	x25,x21,80002aa0	 x25:0x0000000a x21:0x00000000
       91525000	      9053	80002a46	4a85	c.li	x21,1	 x21=0x00000001
       91535000	      9054	80002a48	075c8163	beq	x25,x21,80002aaa	 x25:0x0000000a x21:0x00000001
       91545000	      9055	80002a4c	4a89	c.li	x21,2	 x21=0x00000002
       91555000	      9056	80002a4e	075c8363	beq	x25,x21,80002ab4	 x25:0x0000000a x21:0x00000002
       91565000	      9057	80002a52	4a8d	c.li	x21,3	 x21=0x00000003
       91575000	      9058	80002a54	075c8563	beq	x25,x21,80002abe	 x25:0x0000000a x21:0x00000003
       91585000	      9059	80002a58	4a91	c.li	x21,4	 x21=0x00000004
       91595000	      9060	80002a5a	075c8763	beq	x25,x21,80002ac8	 x25:0x0000000a x21:0x00000004
       91605000	      9061	80002a5e	4a95	c.li	x21,5	 x21=0x00000005
       91615000	      9062	80002a60	075c8963	beq	x25,x21,80002ad2	 x25:0x0000000a x21:0x00000005
       91625000	      9063	80002a64	4a99	c.li	x21,6	 x21=0x00000006
       91635000	      9064	80002a66	075c8b63	beq	x25,x21,80002adc	 x25:0x0000000a x21:0x00000006
       91645000	      9065	80002a6a	4a9d	c.li	x21,7	 x21=0x00000007
       91655000	      9066	80002a6c	075c8d63	beq	x25,x21,80002ae6	 x25:0x0000000a x21:0x00000007
       91665000	      9067	80002a70	4aa1	c.li	x21,8	 x21=0x00000008
       91675000	      9068	80002a72	075c8f63	beq	x25,x21,80002af0	 x25:0x0000000a x21:0x00000008
       91685000	      9069	80002a76	4aa5	c.li	x21,9	 x21=0x00000009
       91695000	      9070	80002a78	095c8163	beq	x25,x21,80002afa	 x25:0x0000000a x21:0x00000009
       91705000	      9071	80002a7c	4aa9	c.li	x21,10	 x21=0x0000000a
       91715000	      9072	80002a7e	095c8363	beq	x25,x21,80002b04	 x25:0x0000000a x21:0x0000000a
       91735000	      9074	80002b04	3ba02573	csrrs	x10,pmpaddr10,x0	  x0:0x00000000 x10=0x0aaab5e5
       91745000	      9075	80002b08	3a202a73	csrrs	x20,pmpcfg2,x0	  x0:0x00000000 x20=0x0f0f0f0f
       91755000	      9076	80002b0c	a815	c.j	80002b40	
       91775000	      9078	80002b40	4e11	c.li	x28,4	 x28=0x00000004
       91785000	      9079	80002b42	01eb1c93	slli	x25,x22,0x1e	 x22:0x0000000a x25=0x80000000
       91795000	      9080	80002b46	01ecdc93	srli	x25,x25,0x1e	 x25:0x80000000 x25=0x00000002
       91805000	      9081	80002b4a	419e0ab3	sub	x21,x28,x25	 x28:0x00000004 x25:0x00000002 x21=0x00000002
       91815000	      9082	80002b4e	1afd	c.addi	x21,-1	 x21:0x00000002 x21=0x00000001
       91825000	      9083	80002b50	0a8e	c.slli	x21,0x3	 x21:0x00000001 x21=0x00000008
       91835000	      9084	80002b52	015a1e33	sll	x28,x20,x21	 x20:0x0f0f0f0f x21:0x00000008 x28=0x0f0f0f00
       91845000	      9085	80002b56	0c8e	c.slli	x25,0x3	 x25:0x00000002 x25=0x00000010
       91855000	      9086	80002b58	9ae6	c.add	x21,x25	 x21:0x00000008 x25:0x00000010 x21=0x00000018
       91865000	      9087	80002b5a	015e5e33	srl	x28,x28,x21	 x28:0x0f0f0f00 x21:0x00000018 x28=0x0000000f
       91875000	      9088	80002b5e	01be1a93	slli	x21,x28,0x1b	 x28:0x0000000f x21=0x78000000
       91885000	      9089	80002b62	01eada93	srli	x21,x21,0x1e	 x21:0x78000000 x21=0x00000001
       91895000	      9090	80002b66	040a8563	beq	x21,x0,80002bb0	 x21:0x00000001  x0:0x00000000
       91905000	      9091	80002b6a	4c85	c.li	x25,1	 x25=0x00000001
       91915000	      9092	80002b6c	059a8363	beq	x21,x25,80002bb2	 x21:0x00000001 x25:0x00000001
       91935000	      9094	80002bb2	8cda	c.mv	x25,x22	  x0:0x00000000 x22:0x0000000a x25=0x0000000a
       91945000	      9095	80002bb4	34302af3	csrrs	x21,mtval,x0	  x0:0x00000000 x21=0xfcbb6be0
       91955000	      9096	80002bb8	002ada93	srli	x21,x21,0x2	 x21:0xfcbb6be0 x21=0x3f2edaf8
       91965000	      9097	80002bbc	000c9563	bne	x25,x0,80002bc6	 x25:0x0000000a  x0:0x00000000
       91995000	      9100	80002bc6	fc9ae1e3	bltu	x21,x9,80002b88	 x21:0x3f2edaf8  x9:0x066671a1
       92005000	      9101	80002bca	faaaffe3	bgeu	x21,x10,80002b88	 x21:0x3f2edaf8 x10:0x0aaab5e5
       92025000	      9103	80002b88	8cda	c.mv	x25,x22	  x0:0x00000000 x22:0x0000000a x25=0x0000000a
       92035000	      9104	80002b8a	84aa	c.mv	x9,x10	  x0:0x00000000 x10:0x0aaab5e5  x9=0x0aaab5e5
       92045000	      9105	80002b8c	0c85	c.addi	x25,1	 x25:0x0000000a x25=0x0000000b
       92055000	      9106	80002b8e	8b66	c.mv	x22,x25	  x0:0x00000000 x25:0x0000000b x22=0x0000000b
       92065000	      9107	80002b90	4541	c.li	x10,16	 x10=0x00000010
       92075000	      9108	80002b92	00acd363	bge	x25,x10,80002b98	 x25:0x0000000b x10:0x00000010
       92085000	      9109	80002b96	b55d	c.j	80002a3c	
       92105000	      9111	80002a3c	8cda	c.mv	x25,x22	  x0:0x00000000 x22:0x0000000b x25=0x0000000b
       92115000	      9112	80002a3e	8ae6	c.mv	x21,x25	  x0:0x00000000 x25:0x0000000b x21=0x0000000b
       92125000	      9113	80002a40	4a81	c.li	x21,0	 x21=0x00000000
       92135000	      9114	80002a42	055c8f63	beq	x25,x21,80002aa0	 x25:0x0000000b x21:0x00000000
       92145000	      9115	80002a46	4a85	c.li	x21,1	 x21=0x00000001
       92155000	      9116	80002a48	075c8163	beq	x25,x21,80002aaa	 x25:0x0000000b x21:0x00000001
       92165000	      9117	80002a4c	4a89	c.li	x21,2	 x21=0x00000002
       92175000	      9118	80002a4e	075c8363	beq	x25,x21,80002ab4	 x25:0x0000000b x21:0x00000002
       92185000	      9119	80002a52	4a8d	c.li	x21,3	 x21=0x00000003
       92195000	      9120	80002a54	075c8563	beq	x25,x21,80002abe	 x25:0x0000000b x21:0x00000003
       92205000	      9121	80002a58	4a91	c.li	x21,4	 x21=0x00000004
       92215000	      9122	80002a5a	075c8763	beq	x25,x21,80002ac8	 x25:0x0000000b x21:0x00000004
       92225000	      9123	80002a5e	4a95	c.li	x21,5	 x21=0x00000005
       92235000	      9124	80002a60	075c8963	beq	x25,x21,80002ad2	 x25:0x0000000b x21:0x00000005
       92245000	      9125	80002a64	4a99	c.li	x21,6	 x21=0x00000006
       92255000	      9126	80002a66	075c8b63	beq	x25,x21,80002adc	 x25:0x0000000b x21:0x00000006
       92265000	      9127	80002a6a	4a9d	c.li	x21,7	 x21=0x00000007
       92275000	      9128	80002a6c	075c8d63	beq	x25,x21,80002ae6	 x25:0x0000000b x21:0x00000007
       92285000	      9129	80002a70	4aa1	c.li	x21,8	 x21=0x00000008
       92295000	      9130	80002a72	075c8f63	beq	x25,x21,80002af0	 x25:0x0000000b x21:0x00000008
       92305000	      9131	80002a76	4aa5	c.li	x21,9	 x21=0x00000009
       92315000	      9132	80002a78	095c8163	beq	x25,x21,80002afa	 x25:0x0000000b x21:0x00000009
       92325000	      9133	80002a7c	4aa9	c.li	x21,10	 x21=0x0000000a
       92335000	      9134	80002a7e	095c8363	beq	x25,x21,80002b04	 x25:0x0000000b x21:0x0000000a
       92345000	      9135	80002a82	4aad	c.li	x21,11	 x21=0x0000000b
       92355000	      9136	80002a84	095c8563	beq	x25,x21,80002b0e	 x25:0x0000000b x21:0x0000000b
       92385000	      9139	80002b0e	3bb02573	csrrs	x10,pmpaddr11,x0	  x0:0x00000000 x10=0x0eeefa29
       92395000	      9140	80002b12	3a202a73	csrrs	x20,pmpcfg2,x0	  x0:0x00000000 x20=0x0f0f0f0f
       92405000	      9141	80002b16	a02d	c.j	80002b40	
       92425000	      9143	80002b40	4e11	c.li	x28,4	 x28=0x00000004
       92435000	      9144	80002b42	01eb1c93	slli	x25,x22,0x1e	 x22:0x0000000b x25=0xc0000000
       92445000	      9145	80002b46	01ecdc93	srli	x25,x25,0x1e	 x25:0xc0000000 x25=0x00000003
       92455000	      9146	80002b4a	419e0ab3	sub	x21,x28,x25	 x28:0x00000004 x25:0x00000003 x21=0x00000001
       92465000	      9147	80002b4e	1afd	c.addi	x21,-1	 x21:0x00000001 x21=0x00000000
       92475000	      9148	80002b50	0a8e	c.slli	x21,0x3	 x21:0x00000000 x21=0x00000000
       92485000	      9149	80002b52	015a1e33	sll	x28,x20,x21	 x20:0x0f0f0f0f x21:0x00000000 x28=0x0f0f0f0f
       92495000	      9150	80002b56	0c8e	c.slli	x25,0x3	 x25:0x00000003 x25=0x00000018
       92505000	      9151	80002b58	9ae6	c.add	x21,x25	 x21:0x00000000 x25:0x00000018 x21=0x00000018
       92515000	      9152	80002b5a	015e5e33	srl	x28,x28,x21	 x28:0x0f0f0f0f x21:0x00000018 x28=0x0000000f
       92525000	      9153	80002b5e	01be1a93	slli	x21,x28,0x1b	 x28:0x0000000f x21=0x78000000
       92535000	      9154	80002b62	01eada93	srli	x21,x21,0x1e	 x21:0x78000000 x21=0x00000001
       92545000	      9155	80002b66	040a8563	beq	x21,x0,80002bb0	 x21:0x00000001  x0:0x00000000
       92555000	      9156	80002b6a	4c85	c.li	x25,1	 x25=0x00000001
       92565000	      9157	80002b6c	059a8363	beq	x21,x25,80002bb2	 x21:0x00000001 x25:0x00000001
       92585000	      9159	80002bb2	8cda	c.mv	x25,x22	  x0:0x00000000 x22:0x0000000b x25=0x0000000b
       92595000	      9160	80002bb4	34302af3	csrrs	x21,mtval,x0	  x0:0x00000000 x21=0xfcbb6be0
       92605000	      9161	80002bb8	002ada93	srli	x21,x21,0x2	 x21:0xfcbb6be0 x21=0x3f2edaf8
       92615000	      9162	80002bbc	000c9563	bne	x25,x0,80002bc6	 x25:0x0000000b  x0:0x00000000
       92645000	      9165	80002bc6	fc9ae1e3	bltu	x21,x9,80002b88	 x21:0x3f2edaf8  x9:0x0aaab5e5
       92655000	      9166	80002bca	faaaffe3	bgeu	x21,x10,80002b88	 x21:0x3f2edaf8 x10:0x0eeefa29
       92675000	      9168	80002b88	8cda	c.mv	x25,x22	  x0:0x00000000 x22:0x0000000b x25=0x0000000b
       92685000	      9169	80002b8a	84aa	c.mv	x9,x10	  x0:0x00000000 x10:0x0eeefa29  x9=0x0eeefa29
       92695000	      9170	80002b8c	0c85	c.addi	x25,1	 x25:0x0000000b x25=0x0000000c
       92705000	      9171	80002b8e	8b66	c.mv	x22,x25	  x0:0x00000000 x25:0x0000000c x22=0x0000000c
       92715000	      9172	80002b90	4541	c.li	x10,16	 x10=0x00000010
       92725000	      9173	80002b92	00acd363	bge	x25,x10,80002b98	 x25:0x0000000c x10:0x00000010
       92735000	      9174	80002b96	b55d	c.j	80002a3c	
       92755000	      9176	80002a3c	8cda	c.mv	x25,x22	  x0:0x00000000 x22:0x0000000c x25=0x0000000c
       92765000	      9177	80002a3e	8ae6	c.mv	x21,x25	  x0:0x00000000 x25:0x0000000c x21=0x0000000c
       92775000	      9178	80002a40	4a81	c.li	x21,0	 x21=0x00000000
       92785000	      9179	80002a42	055c8f63	beq	x25,x21,80002aa0	 x25:0x0000000c x21:0x00000000
       92795000	      9180	80002a46	4a85	c.li	x21,1	 x21=0x00000001
       92805000	      9181	80002a48	075c8163	beq	x25,x21,80002aaa	 x25:0x0000000c x21:0x00000001
       92815000	      9182	80002a4c	4a89	c.li	x21,2	 x21=0x00000002
       92825000	      9183	80002a4e	075c8363	beq	x25,x21,80002ab4	 x25:0x0000000c x21:0x00000002
       92835000	      9184	80002a52	4a8d	c.li	x21,3	 x21=0x00000003
       92845000	      9185	80002a54	075c8563	beq	x25,x21,80002abe	 x25:0x0000000c x21:0x00000003
       92855000	      9186	80002a58	4a91	c.li	x21,4	 x21=0x00000004
       92865000	      9187	80002a5a	075c8763	beq	x25,x21,80002ac8	 x25:0x0000000c x21:0x00000004
       92875000	      9188	80002a5e	4a95	c.li	x21,5	 x21=0x00000005
       92885000	      9189	80002a60	075c8963	beq	x25,x21,80002ad2	 x25:0x0000000c x21:0x00000005
       92895000	      9190	80002a64	4a99	c.li	x21,6	 x21=0x00000006
       92905000	      9191	80002a66	075c8b63	beq	x25,x21,80002adc	 x25:0x0000000c x21:0x00000006
       92915000	      9192	80002a6a	4a9d	c.li	x21,7	 x21=0x00000007
       92925000	      9193	80002a6c	075c8d63	beq	x25,x21,80002ae6	 x25:0x0000000c x21:0x00000007
       92935000	      9194	80002a70	4aa1	c.li	x21,8	 x21=0x00000008
       92945000	      9195	80002a72	075c8f63	beq	x25,x21,80002af0	 x25:0x0000000c x21:0x00000008
       92955000	      9196	80002a76	4aa5	c.li	x21,9	 x21=0x00000009
       92965000	      9197	80002a78	095c8163	beq	x25,x21,80002afa	 x25:0x0000000c x21:0x00000009
       92975000	      9198	80002a7c	4aa9	c.li	x21,10	 x21=0x0000000a
       92985000	      9199	80002a7e	095c8363	beq	x25,x21,80002b04	 x25:0x0000000c x21:0x0000000a
       92995000	      9200	80002a82	4aad	c.li	x21,11	 x21=0x0000000b
       93005000	      9201	80002a84	095c8563	beq	x25,x21,80002b0e	 x25:0x0000000c x21:0x0000000b
       93015000	      9202	80002a88	4ab1	c.li	x21,12	 x21=0x0000000c
       93025000	      9203	80002a8a	095c8763	beq	x25,x21,80002b18	 x25:0x0000000c x21:0x0000000c
       93045000	      9205	80002b18	3bc02573	csrrs	x10,pmpaddr12,x0	  x0:0x00000000 x10=0x13333e6e
       93055000	      9206	80002b1c	3a302a73	csrrs	x20,pmpcfg3,x0	  x0:0x00000000 x20=0x0f0f0f0f
       93065000	      9207	80002b20	a005	c.j	80002b40	
       93085000	      9209	80002b40	4e11	c.li	x28,4	 x28=0x00000004
       93095000	      9210	80002b42	01eb1c93	slli	x25,x22,0x1e	 x22:0x0000000c x25=0x00000000
       93105000	      9211	80002b46	01ecdc93	srli	x25,x25,0x1e	 x25:0x00000000 x25=0x00000000
       93115000	      9212	80002b4a	419e0ab3	sub	x21,x28,x25	 x28:0x00000004 x25:0x00000000 x21=0x00000004
       93125000	      9213	80002b4e	1afd	c.addi	x21,-1	 x21:0x00000004 x21=0x00000003
       93135000	      9214	80002b50	0a8e	c.slli	x21,0x3	 x21:0x00000003 x21=0x00000018
       93145000	      9215	80002b52	015a1e33	sll	x28,x20,x21	 x20:0x0f0f0f0f x21:0x00000018 x28=0x0f000000
       93155000	      9216	80002b56	0c8e	c.slli	x25,0x3	 x25:0x00000000 x25=0x00000000
       93165000	      9217	80002b58	9ae6	c.add	x21,x25	 x21:0x00000018 x25:0x00000000 x21=0x00000018
       93175000	      9218	80002b5a	015e5e33	srl	x28,x28,x21	 x28:0x0f000000 x21:0x00000018 x28=0x0000000f
       93185000	      9219	80002b5e	01be1a93	slli	x21,x28,0x1b	 x28:0x0000000f x21=0x78000000
       93195000	      9220	80002b62	01eada93	srli	x21,x21,0x1e	 x21:0x78000000 x21=0x00000001
       93205000	      9221	80002b66	040a8563	beq	x21,x0,80002bb0	 x21:0x00000001  x0:0x00000000
       93215000	      9222	80002b6a	4c85	c.li	x25,1	 x25=0x00000001
       93225000	      9223	80002b6c	059a8363	beq	x21,x25,80002bb2	 x21:0x00000001 x25:0x00000001
       93245000	      9225	80002bb2	8cda	c.mv	x25,x22	  x0:0x00000000 x22:0x0000000c x25=0x0000000c
       93255000	      9226	80002bb4	34302af3	csrrs	x21,mtval,x0	  x0:0x00000000 x21=0xfcbb6be0
       93265000	      9227	80002bb8	002ada93	srli	x21,x21,0x2	 x21:0xfcbb6be0 x21=0x3f2edaf8
       93275000	      9228	80002bbc	000c9563	bne	x25,x0,80002bc6	 x25:0x0000000c  x0:0x00000000
       93305000	      9231	80002bc6	fc9ae1e3	bltu	x21,x9,80002b88	 x21:0x3f2edaf8  x9:0x0eeefa29
       93315000	      9232	80002bca	faaaffe3	bgeu	x21,x10,80002b88	 x21:0x3f2edaf8 x10:0x13333e6e
       93335000	      9234	80002b88	8cda	c.mv	x25,x22	  x0:0x00000000 x22:0x0000000c x25=0x0000000c
       93345000	      9235	80002b8a	84aa	c.mv	x9,x10	  x0:0x00000000 x10:0x13333e6e  x9=0x13333e6e
       93355000	      9236	80002b8c	0c85	c.addi	x25,1	 x25:0x0000000c x25=0x0000000d
       93365000	      9237	80002b8e	8b66	c.mv	x22,x25	  x0:0x00000000 x25:0x0000000d x22=0x0000000d
       93375000	      9238	80002b90	4541	c.li	x10,16	 x10=0x00000010
       93385000	      9239	80002b92	00acd363	bge	x25,x10,80002b98	 x25:0x0000000d x10:0x00000010
       93395000	      9240	80002b96	b55d	c.j	80002a3c	
       93415000	      9242	80002a3c	8cda	c.mv	x25,x22	  x0:0x00000000 x22:0x0000000d x25=0x0000000d
       93425000	      9243	80002a3e	8ae6	c.mv	x21,x25	  x0:0x00000000 x25:0x0000000d x21=0x0000000d
       93435000	      9244	80002a40	4a81	c.li	x21,0	 x21=0x00000000
       93445000	      9245	80002a42	055c8f63	beq	x25,x21,80002aa0	 x25:0x0000000d x21:0x00000000
       93455000	      9246	80002a46	4a85	c.li	x21,1	 x21=0x00000001
       93465000	      9247	80002a48	075c8163	beq	x25,x21,80002aaa	 x25:0x0000000d x21:0x00000001
       93475000	      9248	80002a4c	4a89	c.li	x21,2	 x21=0x00000002
       93485000	      9249	80002a4e	075c8363	beq	x25,x21,80002ab4	 x25:0x0000000d x21:0x00000002
       93495000	      9250	80002a52	4a8d	c.li	x21,3	 x21=0x00000003
       93505000	      9251	80002a54	075c8563	beq	x25,x21,80002abe	 x25:0x0000000d x21:0x00000003
       93515000	      9252	80002a58	4a91	c.li	x21,4	 x21=0x00000004
       93525000	      9253	80002a5a	075c8763	beq	x25,x21,80002ac8	 x25:0x0000000d x21:0x00000004
       93535000	      9254	80002a5e	4a95	c.li	x21,5	 x21=0x00000005
       93545000	      9255	80002a60	075c8963	beq	x25,x21,80002ad2	 x25:0x0000000d x21:0x00000005
       93555000	      9256	80002a64	4a99	c.li	x21,6	 x21=0x00000006
       93565000	      9257	80002a66	075c8b63	beq	x25,x21,80002adc	 x25:0x0000000d x21:0x00000006
       93575000	      9258	80002a6a	4a9d	c.li	x21,7	 x21=0x00000007
       93585000	      9259	80002a6c	075c8d63	beq	x25,x21,80002ae6	 x25:0x0000000d x21:0x00000007
       93595000	      9260	80002a70	4aa1	c.li	x21,8	 x21=0x00000008
       93605000	      9261	80002a72	075c8f63	beq	x25,x21,80002af0	 x25:0x0000000d x21:0x00000008
       93615000	      9262	80002a76	4aa5	c.li	x21,9	 x21=0x00000009
       93625000	      9263	80002a78	095c8163	beq	x25,x21,80002afa	 x25:0x0000000d x21:0x00000009
       93635000	      9264	80002a7c	4aa9	c.li	x21,10	 x21=0x0000000a
       93645000	      9265	80002a7e	095c8363	beq	x25,x21,80002b04	 x25:0x0000000d x21:0x0000000a
       93655000	      9266	80002a82	4aad	c.li	x21,11	 x21=0x0000000b
       93665000	      9267	80002a84	095c8563	beq	x25,x21,80002b0e	 x25:0x0000000d x21:0x0000000b
       93675000	      9268	80002a88	4ab1	c.li	x21,12	 x21=0x0000000c
       93685000	      9269	80002a8a	095c8763	beq	x25,x21,80002b18	 x25:0x0000000d x21:0x0000000c
       93695000	      9270	80002a8e	4ab5	c.li	x21,13	 x21=0x0000000d
       93705000	      9271	80002a90	095c8963	beq	x25,x21,80002b22	 x25:0x0000000d x21:0x0000000d
       93735000	      9274	80002b22	3bd02573	csrrs	x10,pmpaddr13,x0	  x0:0x00000000 x10=0x177782b2
       93745000	      9275	80002b26	3a302a73	csrrs	x20,pmpcfg3,x0	  x0:0x00000000 x20=0x0f0f0f0f
       93755000	      9276	80002b2a	a819	c.j	80002b40	
       93775000	      9278	80002b40	4e11	c.li	x28,4	 x28=0x00000004
       93785000	      9279	80002b42	01eb1c93	slli	x25,x22,0x1e	 x22:0x0000000d x25=0x40000000
       93795000	      9280	80002b46	01ecdc93	srli	x25,x25,0x1e	 x25:0x40000000 x25=0x00000001
       93805000	      9281	80002b4a	419e0ab3	sub	x21,x28,x25	 x28:0x00000004 x25:0x00000001 x21=0x00000003
       93815000	      9282	80002b4e	1afd	c.addi	x21,-1	 x21:0x00000003 x21=0x00000002
       93825000	      9283	80002b50	0a8e	c.slli	x21,0x3	 x21:0x00000002 x21=0x00000010
       93835000	      9284	80002b52	015a1e33	sll	x28,x20,x21	 x20:0x0f0f0f0f x21:0x00000010 x28=0x0f0f0000
       93845000	      9285	80002b56	0c8e	c.slli	x25,0x3	 x25:0x00000001 x25=0x00000008
       93855000	      9286	80002b58	9ae6	c.add	x21,x25	 x21:0x00000010 x25:0x00000008 x21=0x00000018
       93865000	      9287	80002b5a	015e5e33	srl	x28,x28,x21	 x28:0x0f0f0000 x21:0x00000018 x28=0x0000000f
       93875000	      9288	80002b5e	01be1a93	slli	x21,x28,0x1b	 x28:0x0000000f x21=0x78000000
       93885000	      9289	80002b62	01eada93	srli	x21,x21,0x1e	 x21:0x78000000 x21=0x00000001
       93895000	      9290	80002b66	040a8563	beq	x21,x0,80002bb0	 x21:0x00000001  x0:0x00000000
       93905000	      9291	80002b6a	4c85	c.li	x25,1	 x25=0x00000001
       93915000	      9292	80002b6c	059a8363	beq	x21,x25,80002bb2	 x21:0x00000001 x25:0x00000001
       93935000	      9294	80002bb2	8cda	c.mv	x25,x22	  x0:0x00000000 x22:0x0000000d x25=0x0000000d
       93945000	      9295	80002bb4	34302af3	csrrs	x21,mtval,x0	  x0:0x00000000 x21=0xfcbb6be0
       93955000	      9296	80002bb8	002ada93	srli	x21,x21,0x2	 x21:0xfcbb6be0 x21=0x3f2edaf8
       93965000	      9297	80002bbc	000c9563	bne	x25,x0,80002bc6	 x25:0x0000000d  x0:0x00000000
       93995000	      9300	80002bc6	fc9ae1e3	bltu	x21,x9,80002b88	 x21:0x3f2edaf8  x9:0x13333e6e
       94005000	      9301	80002bca	faaaffe3	bgeu	x21,x10,80002b88	 x21:0x3f2edaf8 x10:0x177782b2
       94025000	      9303	80002b88	8cda	c.mv	x25,x22	  x0:0x00000000 x22:0x0000000d x25=0x0000000d
       94035000	      9304	80002b8a	84aa	c.mv	x9,x10	  x0:0x00000000 x10:0x177782b2  x9=0x177782b2
       94045000	      9305	80002b8c	0c85	c.addi	x25,1	 x25:0x0000000d x25=0x0000000e
       94055000	      9306	80002b8e	8b66	c.mv	x22,x25	  x0:0x00000000 x25:0x0000000e x22=0x0000000e
       94065000	      9307	80002b90	4541	c.li	x10,16	 x10=0x00000010
       94075000	      9308	80002b92	00acd363	bge	x25,x10,80002b98	 x25:0x0000000e x10:0x00000010
       94085000	      9309	80002b96	b55d	c.j	80002a3c	
       94105000	      9311	80002a3c	8cda	c.mv	x25,x22	  x0:0x00000000 x22:0x0000000e x25=0x0000000e
       94115000	      9312	80002a3e	8ae6	c.mv	x21,x25	  x0:0x00000000 x25:0x0000000e x21=0x0000000e
       94125000	      9313	80002a40	4a81	c.li	x21,0	 x21=0x00000000
       94135000	      9314	80002a42	055c8f63	beq	x25,x21,80002aa0	 x25:0x0000000e x21:0x00000000
       94145000	      9315	80002a46	4a85	c.li	x21,1	 x21=0x00000001
       94155000	      9316	80002a48	075c8163	beq	x25,x21,80002aaa	 x25:0x0000000e x21:0x00000001
       94165000	      9317	80002a4c	4a89	c.li	x21,2	 x21=0x00000002
       94175000	      9318	80002a4e	075c8363	beq	x25,x21,80002ab4	 x25:0x0000000e x21:0x00000002
       94185000	      9319	80002a52	4a8d	c.li	x21,3	 x21=0x00000003
       94195000	      9320	80002a54	075c8563	beq	x25,x21,80002abe	 x25:0x0000000e x21:0x00000003
       94205000	      9321	80002a58	4a91	c.li	x21,4	 x21=0x00000004
       94215000	      9322	80002a5a	075c8763	beq	x25,x21,80002ac8	 x25:0x0000000e x21:0x00000004
       94225000	      9323	80002a5e	4a95	c.li	x21,5	 x21=0x00000005
       94235000	      9324	80002a60	075c8963	beq	x25,x21,80002ad2	 x25:0x0000000e x21:0x00000005
       94245000	      9325	80002a64	4a99	c.li	x21,6	 x21=0x00000006
       94255000	      9326	80002a66	075c8b63	beq	x25,x21,80002adc	 x25:0x0000000e x21:0x00000006
       94265000	      9327	80002a6a	4a9d	c.li	x21,7	 x21=0x00000007
       94275000	      9328	80002a6c	075c8d63	beq	x25,x21,80002ae6	 x25:0x0000000e x21:0x00000007
       94285000	      9329	80002a70	4aa1	c.li	x21,8	 x21=0x00000008
       94295000	      9330	80002a72	075c8f63	beq	x25,x21,80002af0	 x25:0x0000000e x21:0x00000008
       94305000	      9331	80002a76	4aa5	c.li	x21,9	 x21=0x00000009
       94315000	      9332	80002a78	095c8163	beq	x25,x21,80002afa	 x25:0x0000000e x21:0x00000009
       94325000	      9333	80002a7c	4aa9	c.li	x21,10	 x21=0x0000000a
       94335000	      9334	80002a7e	095c8363	beq	x25,x21,80002b04	 x25:0x0000000e x21:0x0000000a
       94345000	      9335	80002a82	4aad	c.li	x21,11	 x21=0x0000000b
       94355000	      9336	80002a84	095c8563	beq	x25,x21,80002b0e	 x25:0x0000000e x21:0x0000000b
       94365000	      9337	80002a88	4ab1	c.li	x21,12	 x21=0x0000000c
       94375000	      9338	80002a8a	095c8763	beq	x25,x21,80002b18	 x25:0x0000000e x21:0x0000000c
       94385000	      9339	80002a8e	4ab5	c.li	x21,13	 x21=0x0000000d
       94395000	      9340	80002a90	095c8963	beq	x25,x21,80002b22	 x25:0x0000000e x21:0x0000000d
       94405000	      9341	80002a94	4ab9	c.li	x21,14	 x21=0x0000000e
       94415000	      9342	80002a96	095c8b63	beq	x25,x21,80002b2c	 x25:0x0000000e x21:0x0000000e
       94435000	      9344	80002b2c	3be02573	csrrs	x10,pmpaddr14,x0	  x0:0x00000000 x10=0x1bbbc6f6
       94445000	      9345	80002b30	3a302a73	csrrs	x20,pmpcfg3,x0	  x0:0x00000000 x20=0x0f0f0f0f
       94455000	      9346	80002b34	a031	c.j	80002b40	
       94475000	      9348	80002b40	4e11	c.li	x28,4	 x28=0x00000004
       94485000	      9349	80002b42	01eb1c93	slli	x25,x22,0x1e	 x22:0x0000000e x25=0x80000000
       94495000	      9350	80002b46	01ecdc93	srli	x25,x25,0x1e	 x25:0x80000000 x25=0x00000002
       94505000	      9351	80002b4a	419e0ab3	sub	x21,x28,x25	 x28:0x00000004 x25:0x00000002 x21=0x00000002
       94515000	      9352	80002b4e	1afd	c.addi	x21,-1	 x21:0x00000002 x21=0x00000001
       94525000	      9353	80002b50	0a8e	c.slli	x21,0x3	 x21:0x00000001 x21=0x00000008
       94535000	      9354	80002b52	015a1e33	sll	x28,x20,x21	 x20:0x0f0f0f0f x21:0x00000008 x28=0x0f0f0f00
       94545000	      9355	80002b56	0c8e	c.slli	x25,0x3	 x25:0x00000002 x25=0x00000010
       94555000	      9356	80002b58	9ae6	c.add	x21,x25	 x21:0x00000008 x25:0x00000010 x21=0x00000018
       94565000	      9357	80002b5a	015e5e33	srl	x28,x28,x21	 x28:0x0f0f0f00 x21:0x00000018 x28=0x0000000f
       94575000	      9358	80002b5e	01be1a93	slli	x21,x28,0x1b	 x28:0x0000000f x21=0x78000000
       94585000	      9359	80002b62	01eada93	srli	x21,x21,0x1e	 x21:0x78000000 x21=0x00000001
       94595000	      9360	80002b66	040a8563	beq	x21,x0,80002bb0	 x21:0x00000001  x0:0x00000000
       94605000	      9361	80002b6a	4c85	c.li	x25,1	 x25=0x00000001
       94615000	      9362	80002b6c	059a8363	beq	x21,x25,80002bb2	 x21:0x00000001 x25:0x00000001
       94635000	      9364	80002bb2	8cda	c.mv	x25,x22	  x0:0x00000000 x22:0x0000000e x25=0x0000000e
       94645000	      9365	80002bb4	34302af3	csrrs	x21,mtval,x0	  x0:0x00000000 x21=0xfcbb6be0
       94655000	      9366	80002bb8	002ada93	srli	x21,x21,0x2	 x21:0xfcbb6be0 x21=0x3f2edaf8
       94665000	      9367	80002bbc	000c9563	bne	x25,x0,80002bc6	 x25:0x0000000e  x0:0x00000000
       94695000	      9370	80002bc6	fc9ae1e3	bltu	x21,x9,80002b88	 x21:0x3f2edaf8  x9:0x177782b2
       94705000	      9371	80002bca	faaaffe3	bgeu	x21,x10,80002b88	 x21:0x3f2edaf8 x10:0x1bbbc6f6
       94725000	      9373	80002b88	8cda	c.mv	x25,x22	  x0:0x00000000 x22:0x0000000e x25=0x0000000e
       94735000	      9374	80002b8a	84aa	c.mv	x9,x10	  x0:0x00000000 x10:0x1bbbc6f6  x9=0x1bbbc6f6
       94745000	      9375	80002b8c	0c85	c.addi	x25,1	 x25:0x0000000e x25=0x0000000f
       94755000	      9376	80002b8e	8b66	c.mv	x22,x25	  x0:0x00000000 x25:0x0000000f x22=0x0000000f
       94765000	      9377	80002b90	4541	c.li	x10,16	 x10=0x00000010
       94775000	      9378	80002b92	00acd363	bge	x25,x10,80002b98	 x25:0x0000000f x10:0x00000010
       94785000	      9379	80002b96	b55d	c.j	80002a3c	
       94805000	      9381	80002a3c	8cda	c.mv	x25,x22	  x0:0x00000000 x22:0x0000000f x25=0x0000000f
       94815000	      9382	80002a3e	8ae6	c.mv	x21,x25	  x0:0x00000000 x25:0x0000000f x21=0x0000000f
       94825000	      9383	80002a40	4a81	c.li	x21,0	 x21=0x00000000
       94835000	      9384	80002a42	055c8f63	beq	x25,x21,80002aa0	 x25:0x0000000f x21:0x00000000
       94845000	      9385	80002a46	4a85	c.li	x21,1	 x21=0x00000001
       94855000	      9386	80002a48	075c8163	beq	x25,x21,80002aaa	 x25:0x0000000f x21:0x00000001
       94865000	      9387	80002a4c	4a89	c.li	x21,2	 x21=0x00000002
       94875000	      9388	80002a4e	075c8363	beq	x25,x21,80002ab4	 x25:0x0000000f x21:0x00000002
       94885000	      9389	80002a52	4a8d	c.li	x21,3	 x21=0x00000003
       94895000	      9390	80002a54	075c8563	beq	x25,x21,80002abe	 x25:0x0000000f x21:0x00000003
       94905000	      9391	80002a58	4a91	c.li	x21,4	 x21=0x00000004
       94915000	      9392	80002a5a	075c8763	beq	x25,x21,80002ac8	 x25:0x0000000f x21:0x00000004
       94925000	      9393	80002a5e	4a95	c.li	x21,5	 x21=0x00000005
       94935000	      9394	80002a60	075c8963	beq	x25,x21,80002ad2	 x25:0x0000000f x21:0x00000005
       94945000	      9395	80002a64	4a99	c.li	x21,6	 x21=0x00000006
       94955000	      9396	80002a66	075c8b63	beq	x25,x21,80002adc	 x25:0x0000000f x21:0x00000006
       94965000	      9397	80002a6a	4a9d	c.li	x21,7	 x21=0x00000007
       94975000	      9398	80002a6c	075c8d63	beq	x25,x21,80002ae6	 x25:0x0000000f x21:0x00000007
       94985000	      9399	80002a70	4aa1	c.li	x21,8	 x21=0x00000008
       94995000	      9400	80002a72	075c8f63	beq	x25,x21,80002af0	 x25:0x0000000f x21:0x00000008
       95005000	      9401	80002a76	4aa5	c.li	x21,9	 x21=0x00000009
       95015000	      9402	80002a78	095c8163	beq	x25,x21,80002afa	 x25:0x0000000f x21:0x00000009
       95025000	      9403	80002a7c	4aa9	c.li	x21,10	 x21=0x0000000a
       95035000	      9404	80002a7e	095c8363	beq	x25,x21,80002b04	 x25:0x0000000f x21:0x0000000a
       95045000	      9405	80002a82	4aad	c.li	x21,11	 x21=0x0000000b
       95055000	      9406	80002a84	095c8563	beq	x25,x21,80002b0e	 x25:0x0000000f x21:0x0000000b
       95065000	      9407	80002a88	4ab1	c.li	x21,12	 x21=0x0000000c
       95075000	      9408	80002a8a	095c8763	beq	x25,x21,80002b18	 x25:0x0000000f x21:0x0000000c
       95085000	      9409	80002a8e	4ab5	c.li	x21,13	 x21=0x0000000d
       95095000	      9410	80002a90	095c8963	beq	x25,x21,80002b22	 x25:0x0000000f x21:0x0000000d
       95105000	      9411	80002a94	4ab9	c.li	x21,14	 x21=0x0000000e
       95115000	      9412	80002a96	095c8b63	beq	x25,x21,80002b2c	 x25:0x0000000f x21:0x0000000e
       95125000	      9413	80002a9a	4abd	c.li	x21,15	 x21=0x0000000f
       95135000	      9414	80002a9c	095c8d63	beq	x25,x21,80002b36	 x25:0x0000000f x21:0x0000000f
       95165000	      9417	80002b36	3bf02573	csrrs	x10,pmpaddr15,x0	  x0:0x00000000 x10=0x20000b3a
       95175000	      9418	80002b3a	3a302a73	csrrs	x20,pmpcfg3,x0	  x0:0x00000000 x20=0x0f0f0f0f
       95185000	      9419	80002b3e	a009	c.j	80002b40	
       95205000	      9421	80002b40	4e11	c.li	x28,4	 x28=0x00000004
       95215000	      9422	80002b42	01eb1c93	slli	x25,x22,0x1e	 x22:0x0000000f x25=0xc0000000
       95225000	      9423	80002b46	01ecdc93	srli	x25,x25,0x1e	 x25:0xc0000000 x25=0x00000003
       95235000	      9424	80002b4a	419e0ab3	sub	x21,x28,x25	 x28:0x00000004 x25:0x00000003 x21=0x00000001
       95245000	      9425	80002b4e	1afd	c.addi	x21,-1	 x21:0x00000001 x21=0x00000000
       95255000	      9426	80002b50	0a8e	c.slli	x21,0x3	 x21:0x00000000 x21=0x00000000
       95265000	      9427	80002b52	015a1e33	sll	x28,x20,x21	 x20:0x0f0f0f0f x21:0x00000000 x28=0x0f0f0f0f
       95275000	      9428	80002b56	0c8e	c.slli	x25,0x3	 x25:0x00000003 x25=0x00000018
       95285000	      9429	80002b58	9ae6	c.add	x21,x25	 x21:0x00000000 x25:0x00000018 x21=0x00000018
       95295000	      9430	80002b5a	015e5e33	srl	x28,x28,x21	 x28:0x0f0f0f0f x21:0x00000018 x28=0x0000000f
       95305000	      9431	80002b5e	01be1a93	slli	x21,x28,0x1b	 x28:0x0000000f x21=0x78000000
       95315000	      9432	80002b62	01eada93	srli	x21,x21,0x1e	 x21:0x78000000 x21=0x00000001
       95325000	      9433	80002b66	040a8563	beq	x21,x0,80002bb0	 x21:0x00000001  x0:0x00000000
       95335000	      9434	80002b6a	4c85	c.li	x25,1	 x25=0x00000001
       95345000	      9435	80002b6c	059a8363	beq	x21,x25,80002bb2	 x21:0x00000001 x25:0x00000001
       95365000	      9437	80002bb2	8cda	c.mv	x25,x22	  x0:0x00000000 x22:0x0000000f x25=0x0000000f
       95375000	      9438	80002bb4	34302af3	csrrs	x21,mtval,x0	  x0:0x00000000 x21=0xfcbb6be0
       95385000	      9439	80002bb8	002ada93	srli	x21,x21,0x2	 x21:0xfcbb6be0 x21=0x3f2edaf8
       95395000	      9440	80002bbc	000c9563	bne	x25,x0,80002bc6	 x25:0x0000000f  x0:0x00000000
       95425000	      9443	80002bc6	fc9ae1e3	bltu	x21,x9,80002b88	 x21:0x3f2edaf8  x9:0x1bbbc6f6
       95435000	      9444	80002bca	faaaffe3	bgeu	x21,x10,80002b88	 x21:0x3f2edaf8 x10:0x20000b3a
       95455000	      9446	80002b88	8cda	c.mv	x25,x22	  x0:0x00000000 x22:0x0000000f x25=0x0000000f
       95465000	      9447	80002b8a	84aa	c.mv	x9,x10	  x0:0x00000000 x10:0x20000b3a  x9=0x20000b3a
       95475000	      9448	80002b8c	0c85	c.addi	x25,1	 x25:0x0000000f x25=0x00000010
       95485000	      9449	80002b8e	8b66	c.mv	x22,x25	  x0:0x00000000 x25:0x00000010 x22=0x00000010
       95495000	      9450	80002b90	4541	c.li	x10,16	 x10=0x00000010
       95505000	      9451	80002b92	00acd363	bge	x25,x10,80002b98	 x25:0x00000010 x10:0x00000010
       95525000	      9453	80002b98	74702cf3	csrrs	x25,0x747,x0	  x0:0x00000000 x25=0x00000004
       95535000	      9454	80002b9c	002cfc93	andi	x25,x25,2	 x25:0x00000004 x25=0x00000000
       95545000	      9455	80002ba0	080c9163	bne	x25,x0,80002c22	 x25:0x00000000  x0:0x00000000
       95555000	      9456	80002ba4	ffffdc97	auipc	x25,0xffffd	 x25=0x7ffffba4
       95565000	      9457	80002ba8	7ecc8c93	addi	x25,x25,2028	 x25:0x7ffffba4 x25=0x80000390
       95575000	      9458	80002bac	000c8067	jalr	x0,0(x25)	 x25:0x80000390  x0=0x00000000
       95595000	      9460	80000390	90000537	lui	x10,0x90000	 x10=0x90000000
       95605000	      9461	80000394	1561	c.addi	x10,-8	 x10:0x90000000 x10=0x8ffffff8
       95615000	      9462	80000396	4c81	c.li	x25,0	 x25=0x00000000
       95625000	      9463	80000398	0ca2	c.slli	x25,0x8	 x25:0x00000000 x25=0x00000000
       95635000	      9464	8000039a	0c85	c.addi	x25,1	 x25:0x00000000 x25=0x00000001
       95645000	      9465	8000039c	01952023	sw	x25,0(x10)	 x10:0x8ffffff8 x25:0x00000001 PA:0x8ffffff8 store:0x00000001 load:0x00000000
       95655000	      9466	800003a0	00000073	ecall	
       95685000	      9469	80002000	0800006f	jal	x0,80002080	  x0=0x00000000
       95705000	      9471	80002080	17f1	c.addi	x15,-4	 x15:0x8004cc60 x15=0x8004cc5c
       95715000	      9472	80002082	0027a023	sw	x2,0(x15)	 x15:0x8004cc5c  x2:0x8004cc60 PA:0x8004cc5c store:0x8004cc60 load:0x00000000
