Time	Cycle	PC	Insn	Decoded instruction	Register and memory contents
        1055000	         6	80000080	40001db7	lui	x27,0x40001	 x27=0x40001000
        1065000	         7	80000084	106d8d93	addi	x27,x27,262	 x27:0x40001000 x27=0x40001106
        1075000	         8	80000088	301d9073	csrrw	x0,misa,x27	 x27:0x40001106  x0=0x00000000
        1105000	        11	8000008c	0002d697	auipc	x13,0x2d	 x13=0x8002d08c
        1115000	        12	80000090	c5868693	addi	x13,x13,-936	 x13:0x8002d08c x13=0x8002cce4
        1125000	        13	80000094	00002d97	auipc	x27,0x2	 x27=0x80002094
        1135000	        14	80000098	66cd8d93	addi	x27,x27,1644	 x27:0x80002094 x27=0x80002700
        1145000	        15	8000009c	001ded93	ori	x27,x27,1	 x27:0x80002700 x27=0x80002701
        1155000	        16	800000a0	305d9073	csrrw	x0,mtvec,x27	 x27:0x80002701  x0=0x00000000
        1185000	        19	800000a4	74725073	csrrwi	x0,0x747,4	  x0=0x00000000
        1215000	        22	800000a8	00003597	auipc	x11,0x3	 x11=0x800030a8
        1225000	        23	800000ac	41458593	addi	x11,x11,1044	 x11:0x800030a8 x11=0x800034bc
        1235000	        24	800000b0	4d81	c.li	x27,0	 x27=0x00000000
        1245000	        25	800000b2	95ee	c.add	x11,x27	 x11:0x800034bc x27:0x00000000 x11=0x800034bc
        1255000	        26	800000b4	8189	c.srli	x11,0x2	 x11:0x800034bc x11=0x20000d2f
        1265000	        27	800000b6	3b059073	csrrw	x0,pmpaddr0,x11	 x11:0x20000d2f  x0=0x00000000
        1295000	        30	800000ba	00003597	auipc	x11,0x3	 x11=0x800030ba
        1305000	        31	800000be	40258593	addi	x11,x11,1026	 x11:0x800030ba x11=0x800034bc
        1315000	        32	800000c2	11111db7	lui	x27,0x11111	 x27=0x11111000
        1325000	        33	800000c6	111d8d93	addi	x27,x27,273	 x27:0x11111000 x27=0x11111111
        1335000	        34	800000ca	95ee	c.add	x11,x27	 x11:0x800034bc x27:0x11111111 x11=0x911145cd
        1345000	        35	800000cc	8189	c.srli	x11,0x2	 x11:0x911145cd x11=0x24445173
        1355000	        36	800000ce	3b159073	csrrw	x0,pmpaddr1,x11	 x11:0x24445173  x0=0x00000000
        1385000	        39	800000d2	00003597	auipc	x11,0x3	 x11=0x800030d2
        1395000	        40	800000d6	3ea58593	addi	x11,x11,1002	 x11:0x800030d2 x11=0x800034bc
        1405000	        41	800000da	22222db7	lui	x27,0x22222	 x27=0x22222000
        1415000	        42	800000de	222d8d93	addi	x27,x27,546	 x27:0x22222000 x27=0x22222222
        1425000	        43	800000e2	95ee	c.add	x11,x27	 x11:0x800034bc x27:0x22222222 x11=0xa22256de
        1435000	        44	800000e4	8189	c.srli	x11,0x2	 x11:0xa22256de x11=0x288895b7
        1445000	        45	800000e6	3b259073	csrrw	x0,pmpaddr2,x11	 x11:0x288895b7  x0=0x00000000
        1475000	        48	800000ea	00003597	auipc	x11,0x3	 x11=0x800030ea
        1485000	        49	800000ee	3d258593	addi	x11,x11,978	 x11:0x800030ea x11=0x800034bc
        1495000	        50	800000f2	33333db7	lui	x27,0x33333	 x27=0x33333000
        1505000	        51	800000f6	333d8d93	addi	x27,x27,819	 x27:0x33333000 x27=0x33333333
        1515000	        52	800000fa	95ee	c.add	x11,x27	 x11:0x800034bc x27:0x33333333 x11=0xb33367ef
        1525000	        53	800000fc	8189	c.srli	x11,0x2	 x11:0xb33367ef x11=0x2cccd9fb
        1535000	        54	800000fe	3b359073	csrrw	x0,pmpaddr3,x11	 x11:0x2cccd9fb  x0=0x00000000
        1565000	        57	80000102	0f0f15b7	lui	x11,0xf0f1	 x11=0x0f0f1000
        1575000	        58	80000106	f0f58593	addi	x11,x11,-241	 x11:0x0f0f1000 x11=0x0f0f0f0f
        1585000	        59	8000010a	3a059073	csrrw	x0,pmpcfg0,x11	 x11:0x0f0f0f0f  x0=0x00000000
        1615000	        62	8000010e	00003597	auipc	x11,0x3	 x11=0x8000310e
        1625000	        63	80000112	3ae58593	addi	x11,x11,942	 x11:0x8000310e x11=0x800034bc
        1635000	        64	80000116	44444db7	lui	x27,0x44444	 x27=0x44444000
        1645000	        65	8000011a	444d8d93	addi	x27,x27,1092	 x27:0x44444000 x27=0x44444444
        1655000	        66	8000011e	95ee	c.add	x11,x27	 x11:0x800034bc x27:0x44444444 x11=0xc4447900
        1665000	        67	80000120	8189	c.srli	x11,0x2	 x11:0xc4447900 x11=0x31111e40
        1675000	        68	80000122	3b459073	csrrw	x0,pmpaddr4,x11	 x11:0x31111e40  x0=0x00000000
        1705000	        71	80000126	00003597	auipc	x11,0x3	 x11=0x80003126
        1715000	        72	8000012a	39658593	addi	x11,x11,918	 x11:0x80003126 x11=0x800034bc
        1725000	        73	8000012e	55555db7	lui	x27,0x55555	 x27=0x55555000
        1735000	        74	80000132	555d8d93	addi	x27,x27,1365	 x27:0x55555000 x27=0x55555555
        1745000	        75	80000136	95ee	c.add	x11,x27	 x11:0x800034bc x27:0x55555555 x11=0xd5558a11
        1755000	        76	80000138	8189	c.srli	x11,0x2	 x11:0xd5558a11 x11=0x35556284
        1765000	        77	8000013a	3b559073	csrrw	x0,pmpaddr5,x11	 x11:0x35556284  x0=0x00000000
        1795000	        80	8000013e	00003597	auipc	x11,0x3	 x11=0x8000313e
        1805000	        81	80000142	37e58593	addi	x11,x11,894	 x11:0x8000313e x11=0x800034bc
        1815000	        82	80000146	66666db7	lui	x27,0x66666	 x27=0x66666000
        1825000	        83	8000014a	666d8d93	addi	x27,x27,1638	 x27:0x66666000 x27=0x66666666
        1835000	        84	8000014e	95ee	c.add	x11,x27	 x11:0x800034bc x27:0x66666666 x11=0xe6669b22
        1845000	        85	80000150	8189	c.srli	x11,0x2	 x11:0xe6669b22 x11=0x3999a6c8
        1855000	        86	80000152	3b659073	csrrw	x0,pmpaddr6,x11	 x11:0x3999a6c8  x0=0x00000000
        1885000	        89	80000156	00003597	auipc	x11,0x3	 x11=0x80003156
        1895000	        90	8000015a	36658593	addi	x11,x11,870	 x11:0x80003156 x11=0x800034bc
        1905000	        91	8000015e	77777db7	lui	x27,0x77777	 x27=0x77777000
        1915000	        92	80000162	777d8d93	addi	x27,x27,1911	 x27:0x77777000 x27=0x77777777
        1925000	        93	80000166	95ee	c.add	x11,x27	 x11:0x800034bc x27:0x77777777 x11=0xf777ac33
        1935000	        94	80000168	8189	c.srli	x11,0x2	 x11:0xf777ac33 x11=0x3dddeb0c
        1945000	        95	8000016a	3b759073	csrrw	x0,pmpaddr7,x11	 x11:0x3dddeb0c  x0=0x00000000
        1975000	        98	8000016e	0f0f15b7	lui	x11,0xf0f1	 x11=0x0f0f1000
        1985000	        99	80000172	f0f58593	addi	x11,x11,-241	 x11:0x0f0f1000 x11=0x0f0f0f0f
        1995000	       100	80000176	3a159073	csrrw	x0,pmpcfg1,x11	 x11:0x0f0f0f0f  x0=0x00000000
        2025000	       103	8000017a	00003597	auipc	x11,0x3	 x11=0x8000317a
        2035000	       104	8000017e	34258593	addi	x11,x11,834	 x11:0x8000317a x11=0x800034bc
        2045000	       105	80000182	88889db7	lui	x27,0x88889	 x27=0x88889000
        2055000	       106	80000186	888d8d93	addi	x27,x27,-1912	 x27:0x88889000 x27=0x88888888
        2065000	       107	8000018a	95ee	c.add	x11,x27	 x11:0x800034bc x27:0x88888888 x11=0x0888bd44
        2075000	       108	8000018c	8189	c.srli	x11,0x2	 x11:0x0888bd44 x11=0x02222f51
        2085000	       109	8000018e	3b859073	csrrw	x0,pmpaddr8,x11	 x11:0x02222f51  x0=0x00000000
        2115000	       112	80000192	00003597	auipc	x11,0x3	 x11=0x80003192
        2125000	       113	80000196	32a58593	addi	x11,x11,810	 x11:0x80003192 x11=0x800034bc
        2135000	       114	8000019a	9999adb7	lui	x27,0x9999a	 x27=0x9999a000
        2145000	       115	8000019e	999d8d93	addi	x27,x27,-1639	 x27:0x9999a000 x27=0x99999999
        2155000	       116	800001a2	95ee	c.add	x11,x27	 x11:0x800034bc x27:0x99999999 x11=0x1999ce55
        2165000	       117	800001a4	8189	c.srli	x11,0x2	 x11:0x1999ce55 x11=0x06667395
        2175000	       118	800001a6	3b959073	csrrw	x0,pmpaddr9,x11	 x11:0x06667395  x0=0x00000000
        2205000	       121	800001aa	00003597	auipc	x11,0x3	 x11=0x800031aa
        2215000	       122	800001ae	31258593	addi	x11,x11,786	 x11:0x800031aa x11=0x800034bc
        2225000	       123	800001b2	aaaabdb7	lui	x27,0xaaaab	 x27=0xaaaab000
        2235000	       124	800001b6	aaad8d93	addi	x27,x27,-1366	 x27:0xaaaab000 x27=0xaaaaaaaa
        2245000	       125	800001ba	95ee	c.add	x11,x27	 x11:0x800034bc x27:0xaaaaaaaa x11=0x2aaadf66
        2255000	       126	800001bc	8189	c.srli	x11,0x2	 x11:0x2aaadf66 x11=0x0aaab7d9
        2265000	       127	800001be	3ba59073	csrrw	x0,pmpaddr10,x11	 x11:0x0aaab7d9  x0=0x00000000
        2295000	       130	800001c2	00003597	auipc	x11,0x3	 x11=0x800031c2
        2305000	       131	800001c6	2fa58593	addi	x11,x11,762	 x11:0x800031c2 x11=0x800034bc
        2315000	       132	800001ca	bbbbcdb7	lui	x27,0xbbbbc	 x27=0xbbbbc000
        2325000	       133	800001ce	bbbd8d93	addi	x27,x27,-1093	 x27:0xbbbbc000 x27=0xbbbbbbbb
        2335000	       134	800001d2	95ee	c.add	x11,x27	 x11:0x800034bc x27:0xbbbbbbbb x11=0x3bbbf077
        2345000	       135	800001d4	8189	c.srli	x11,0x2	 x11:0x3bbbf077 x11=0x0eeefc1d
        2355000	       136	800001d6	3bb59073	csrrw	x0,pmpaddr11,x11	 x11:0x0eeefc1d  x0=0x00000000
        2385000	       139	800001da	0f0f15b7	lui	x11,0xf0f1	 x11=0x0f0f1000
        2395000	       140	800001de	f0f58593	addi	x11,x11,-241	 x11:0x0f0f1000 x11=0x0f0f0f0f
        2405000	       141	800001e2	3a259073	csrrw	x0,pmpcfg2,x11	 x11:0x0f0f0f0f  x0=0x00000000
        2435000	       144	800001e6	00003597	auipc	x11,0x3	 x11=0x800031e6
        2445000	       145	800001ea	2d658593	addi	x11,x11,726	 x11:0x800031e6 x11=0x800034bc
        2455000	       146	800001ee	ccccddb7	lui	x27,0xccccd	 x27=0xccccd000
        2465000	       147	800001f2	cccd8d93	addi	x27,x27,-820	 x27:0xccccd000 x27=0xcccccccc
        2475000	       148	800001f6	95ee	c.add	x11,x27	 x11:0x800034bc x27:0xcccccccc x11=0x4ccd0188
        2485000	       149	800001f8	8189	c.srli	x11,0x2	 x11:0x4ccd0188 x11=0x13334062
        2495000	       150	800001fa	3bc59073	csrrw	x0,pmpaddr12,x11	 x11:0x13334062  x0=0x00000000
        2525000	       153	800001fe	00003597	auipc	x11,0x3	 x11=0x800031fe
        2535000	       154	80000202	2be58593	addi	x11,x11,702	 x11:0x800031fe x11=0x800034bc
        2545000	       155	80000206	ddddedb7	lui	x27,0xdddde	 x27=0xdddde000
        2555000	       156	8000020a	dddd8d93	addi	x27,x27,-547	 x27:0xdddde000 x27=0xdddddddd
        2565000	       157	8000020e	95ee	c.add	x11,x27	 x11:0x800034bc x27:0xdddddddd x11=0x5dde1299
        2575000	       158	80000210	8189	c.srli	x11,0x2	 x11:0x5dde1299 x11=0x177784a6
        2585000	       159	80000212	3bd59073	csrrw	x0,pmpaddr13,x11	 x11:0x177784a6  x0=0x00000000
        2615000	       162	80000216	00003597	auipc	x11,0x3	 x11=0x80003216
        2625000	       163	8000021a	2a658593	addi	x11,x11,678	 x11:0x80003216 x11=0x800034bc
        2635000	       164	8000021e	eeeefdb7	lui	x27,0xeeeef	 x27=0xeeeef000
        2645000	       165	80000222	eeed8d93	addi	x27,x27,-274	 x27:0xeeeef000 x27=0xeeeeeeee
        2655000	       166	80000226	95ee	c.add	x11,x27	 x11:0x800034bc x27:0xeeeeeeee x11=0x6eef23aa
        2665000	       167	80000228	8189	c.srli	x11,0x2	 x11:0x6eef23aa x11=0x1bbbc8ea
        2675000	       168	8000022a	3be59073	csrrw	x0,pmpaddr14,x11	 x11:0x1bbbc8ea  x0=0x00000000
        2705000	       171	8000022e	00003597	auipc	x11,0x3	 x11=0x8000322e
        2715000	       172	80000232	28e58593	addi	x11,x11,654	 x11:0x8000322e x11=0x800034bc
        2725000	       173	80000236	fff00d93	addi	x27,x0,-1	  x0:0x00000000 x27=0xffffffff
        2735000	       174	8000023a	95ee	c.add	x11,x27	 x11:0x800034bc x27:0xffffffff x11=0x800034bb
        2745000	       175	8000023c	8189	c.srli	x11,0x2	 x11:0x800034bb x11=0x20000d2e
        2755000	       176	8000023e	3bf59073	csrrw	x0,pmpaddr15,x11	 x11:0x20000d2e  x0=0x00000000
        2785000	       179	80000242	0f0f15b7	lui	x11,0xf0f1	 x11=0x0f0f1000
        2795000	       180	80000246	f0f58593	addi	x11,x11,-241	 x11:0x0f0f1000 x11=0x0f0f0f0f
        2805000	       181	8000024a	3a359073	csrrw	x0,pmpcfg3,x11	 x11:0x0f0f0f0f  x0=0x00000000
        2835000	       184	8000024e	00000d97	auipc	x27,0x0	 x27=0x8000024e
        2845000	       185	80000252	06ad8d93	addi	x27,x27,106	 x27:0x8000024e x27=0x800002b8
        2855000	       186	80000256	341d9073	csrrw	x0,mepc,x27	 x27:0x800002b8  x0=0x00000000
        2865000	       187	8000025a	7c00d073	csrrwi	x0,0x7c0,1	  x0=0x00000000
        2895000	       190	8000025e	6ac00db7	lui	x27,0x6ac00	 x27=0x6ac00000
        2905000	       191	80000262	0b6d8d93	addi	x27,x27,182	 x27:0x6ac00000 x27=0x6ac000b6
        2915000	       192	80000266	300d9073	csrrw	x0,mstatus,x27	 x27:0x6ac000b6  x0=0x00000000
        2945000	       195	8000026a	80369db7	lui	x27,0x80369	 x27=0x80369000
        2955000	       196	8000026e	1dfd	c.addi	x27,-1	 x27:0x80369000 x27=0x80368fff
        2965000	       197	80000270	304d9073	csrrw	x0,mie,x27	 x27:0x80368fff  x0=0x00000000
        2995000	       200	80000274	90000d37	lui	x26,0x90000	 x26=0x90000000
        3005000	       201	80000278	1d71	c.addi	x26,-4	 x26:0x90000000 x26=0x8ffffffc
        3015000	       202	8000027a	90000d37	lui	x26,0x90000	 x26=0x90000000
        3025000	       203	8000027e	1d71	c.addi	x26,-4	 x26:0x90000000 x26=0x8ffffffc
        3035000	       204	80000280	90000d37	lui	x26,0x90000	 x26=0x90000000
        3045000	       205	80000284	1d71	c.addi	x26,-4	 x26:0x90000000 x26=0x8ffffffc
        3055000	       206	80000286	30000d93	addi	x27,x0,768	  x0:0x00000000 x27=0x00000300
        3065000	       207	8000028a	0da2	c.slli	x27,0x8	 x27:0x00000300 x27=0x00030000
        3075000	       208	8000028c	0d8d	c.addi	x27,3	 x27:0x00030000 x27=0x00030003
        3085000	       209	8000028e	01bd2023	sw	x27,0(x26)	 x26:0x8ffffffc x27:0x00030003 PA:0x8ffffffc store:0x00030003 load:0x00000000
        3095000	       210	80000292	30002df3	csrrs	x27,mstatus,x0	  x0:0x00000000 x27=0x00000080
        3105000	       211	80000296	01bd2023	sw	x27,0(x26)	 x26:0x8ffffffc x27:0x00000080 PA:0x8ffffffc store:0x00000080 load:0x00000000
        3115000	       212	8000029a	90000d37	lui	x26,0x90000	 x26=0x90000000
        3125000	       213	8000029e	1d71	c.addi	x26,-4	 x26:0x90000000 x26=0x8ffffffc
        3135000	       214	800002a0	30400d93	addi	x27,x0,772	  x0:0x00000000 x27=0x00000304
        3145000	       215	800002a4	0da2	c.slli	x27,0x8	 x27:0x00000304 x27=0x00030400
        3155000	       216	800002a6	0d8d	c.addi	x27,3	 x27:0x00030400 x27=0x00030403
        3165000	       217	800002a8	01bd2023	sw	x27,0(x26)	 x26:0x8ffffffc x27:0x00030403 PA:0x8ffffffc store:0x00030403 load:0x00000000
        3175000	       218	800002ac	30402df3	csrrs	x27,mie,x0	  x0:0x00000000 x27=0x00360888
        3185000	       219	800002b0	01bd2023	sw	x27,0(x26)	 x26:0x8ffffffc x27:0x00360888 PA:0x8ffffffc store:0x00360888 load:0x00000000
        3195000	       220	800002b4	30200073	mret	
        3225000	       223	800002b8	00100013	addi	x0,x0,1	  x0:0x00000000  x0=0x00000000
        3235000	       224	800002bc	49ecc0b7	lui	x1,0x49ecc	  x1=0x49ecc000
        3245000	       225	800002c0	08708093	addi	x1,x1,135	  x1:0x49ecc000  x1=0x49ecc087
        3255000	       226	800002c4	4101	c.li	x2,0	  x2=0x00000000
        3265000	       227	800002c6	800001b7	lui	x3,0x80000	  x3=0x80000000
        3275000	       228	800002ca	80000237	lui	x4,0x80000	  x4=0x80000000
        3285000	       229	800002ce	4281	c.li	x5,0	  x5=0x00000000
        3295000	       230	800002d0	80000337	lui	x6,0x80000	  x6=0x80000000
        3305000	       231	800002d4	800003b7	lui	x7,0x80000	  x7=0x80000000
        3315000	       232	800002d8	4435	c.li	x8,13	  x8=0x0000000d
        3325000	       233	800002da	f3c464b7	lui	x9,0xf3c46	  x9=0xf3c46000
        3335000	       234	800002de	49248493	addi	x9,x9,1170	  x9:0xf3c46000  x9=0xf3c46492
        3345000	       235	800002e2	7db24537	lui	x10,0x7db24	 x10=0x7db24000
        3355000	       236	800002e6	02d50513	addi	x10,x10,45	 x10:0x7db24000 x10=0x7db2402d
        3365000	       237	800002ea	f1e8b5b7	lui	x11,0xf1e8b	 x11=0xf1e8b000
        3375000	       238	800002ee	1fd58593	addi	x11,x11,509	 x11:0xf1e8b000 x11=0xf1e8b1fd
        3385000	       239	800002f2	ea41f637	lui	x12,0xea41f	 x12=0xea41f000
        3395000	       240	800002f6	80f60613	addi	x12,x12,-2033	 x12:0xea41f000 x12=0xea41e80f
        3405000	       241	800002fa	4715	c.li	x14,5	 x14=0x00000005
        3415000	       242	800002fc	4781	c.li	x15,0	 x15=0x00000000
        3425000	       243	800002fe	80000837	lui	x16,0x80000	 x16=0x80000000
        3435000	       244	80000302	800008b7	lui	x17,0x80000	 x17=0x80000000
        3445000	       245	80000306	80000937	lui	x18,0x80000	 x18=0x80000000
        3455000	       246	8000030a	247fa9b7	lui	x19,0x247fa	 x19=0x247fa000
        3465000	       247	8000030e	13498993	addi	x19,x19,308	 x19:0x247fa000 x19=0x247fa134
        3475000	       248	80000312	80000a37	lui	x20,0x80000	 x20=0x80000000
        3485000	       249	80000316	3377aab7	lui	x21,0x3377a	 x21=0x3377a000
        3495000	       250	8000031a	6b3a8a93	addi	x21,x21,1715	 x21:0x3377a000 x21=0x3377a6b3
        3505000	       251	8000031e	4b39	c.li	x22,14	 x22=0x0000000e
        3515000	       252	80000320	80000c37	lui	x24,0x80000	 x24=0x80000000
        3525000	       253	80000324	e4118cb7	lui	x25,0xe4118	 x25=0xe4118000
        3535000	       254	80000328	4b0c8c93	addi	x25,x25,1200	 x25:0xe4118000 x25=0xe41184b0
        3545000	       255	8000032c	ff8e3d37	lui	x26,0xff8e3	 x26=0xff8e3000
        3555000	       256	80000330	42dd0d13	addi	x26,x26,1069	 x26:0xff8e3000 x26=0xff8e342d
        3565000	       257	80000334	4d81	c.li	x27,0	 x27=0x00000000
        3575000	       258	80000336	f756ee37	lui	x28,0xf756e	 x28=0xf756e000
        3585000	       259	8000033a	58be0e13	addi	x28,x28,1419	 x28:0xf756e000 x28=0xf756e58b
        3595000	       260	8000033e	b0c56eb7	lui	x29,0xb0c56	 x29=0xb0c56000
        3605000	       261	80000342	673e8e93	addi	x29,x29,1651	 x29:0xb0c56000 x29=0xb0c56673
        3615000	       262	80000346	f208df37	lui	x30,0xf208d	 x30=0xf208d000
        3625000	       263	8000034a	d6cf0f13	addi	x30,x30,-660	 x30:0xf208d000 x30=0xf208cd6c
        3635000	       264	8000034e	09249fb7	lui	x31,0x9249	 x31=0x09249000
        3645000	       265	80000352	2b6f8f93	addi	x31,x31,694	 x31:0x09249000 x31=0x092492b6
        3655000	       266	80000356	00029b97	auipc	x23,0x29	 x23=0x80029356
        3665000	       267	8000035a	b0eb8b93	addi	x23,x23,-1266	 x23:0x80029356 x23=0x80028e64
        3675000	       268	8000035e	90000d37	lui	x26,0x90000	 x26=0x90000000
        3685000	       269	80000362	1d71	c.addi	x26,-4	 x26:0x90000000 x26=0x8ffffffc
        3695000	       270	80000364	4d81	c.li	x27,0	 x27=0x00000000
        3705000	       271	80000366	0da2	c.slli	x27,0x8	 x27:0x00000000 x27=0x00000000
        3715000	       272	80000368	000d8d93	addi	x27,x27,0	 x27:0x00000000 x27=0x00000000
        3725000	       273	8000036c	01bd2023	sw	x27,0(x26)	 x26:0x8ffffffc x27:0x00000000 PA:0x8ffffffc store:0x00000000 load:0x00000000
        3735000	       274	80000370	14c0306f	jal	x0,800034bc	  x0=0x00000000
        3755000	       276	800034bc	00010297	auipc	x5,0x10	  x5=0x800134bc
        3765000	       277	800034c0	52728293	addi	x5,x5,1319	  x5:0x800134bc  x5=0x800139e3
        3775000	       278	800034c4	008a1433	sll	x8,x20,x8	 x20:0x80000000  x8:0x0000000d  x8=0x00000000
        3785000	       279	800034c8	0a92aa03	lw	x20,169(x5)	  x5:0x800139e3 x20=0x51210c8a PA:0x80013a8c load:0x51210c8a
        3795000	       280	800034cc	0a92d883	lhu	x17,169(x5)	  x5:0x800139e3 x17=0x00000c8a PA:0x80013a8c load:0x00000c8a
        3805000	       281	800034d0	0a32a4a3	sw	x3,169(x5)	  x5:0x800139e3  x3:0x80000000 PA:0x80013a8c store:0x80000000 load:0x00000000
        3815000	       282	800034d4	0a92a103	lw	x2,169(x5)	  x5:0x800139e3  x2=0x80000000 PA:0x80013a8c load:0x80000000
        3825000	       283	800034d8	0a92aa03	lw	x20,169(x5)	  x5:0x800139e3 x20=0x80000000 PA:0x80013a8c load:0x80000000
        3835000	       284	800034dc	0b3284a3	sb	x19,169(x5)	  x5:0x800139e3 x19:0x247fa134 PA:0x80013a8c store:0x247fa134 load:0x00000000
        3845000	       285	800034e0	0a92d783	lhu	x15,169(x5)	  x5:0x800139e3 x15=0x00000034 PA:0x80013a8c load:0x00000034
        3855000	       286	800034e4	0001	c.addi	x0,0	  x0:0x00000000  x0=0x00000000
        3865000	       287	800034e6	57fd	c.li	x15,-1	 x15=0xffffffff
        3875000	       288	800034e8	0a929c83	lh	x25,169(x5)	  x5:0x800139e3 x25=0x00000034 PA:0x80013a8c load:0x00000034
        3885000	       289	800034ec	015f0533	add	x10,x30,x21	 x30:0xf208cd6c x21:0x3377a6b3 x10=0x2580741f
        3895000	       290	800034f0	0be294a3	sh	x30,169(x5)	  x5:0x800139e3 x30:0xf208cd6c PA:0x80013a8c store:0xf208cd6c load:0x00000000
        3905000	       291	800034f4	6439	c.lui	x8,0xe	  x8=0x0000e000
        3915000	       292	800034f6	f372dd03	lhu	x26,-201(x5)	  x5:0x800139e3 x26=0x0000bab0 PA:0x8001391a load:0x0000bab0
        3925000	       293	800034fa	f3729383	lh	x7,-201(x5)	  x5:0x800139e3  x7=0xffffbab0 PA:0x8001391a load:0xffffbab0
        3935000	       294	800034fe	0000100f	fence.i	
        3965000	       297	80003502	f3c29ba3	sh	x28,-201(x5)	  x5:0x800139e3 x28:0xf756e58b PA:0x8001391a store:0xf756e58b load:0x00000000
        3975000	       298	80003506	f2d29ba3	sh	x13,-201(x5)	  x5:0x800139e3 x13:0x8002cce4 PA:0x8001391a store:0x8002cce4 load:0x00000000
        3985000	       299	8000350a	0c1292a3	sh	x1,197(x5)	  x5:0x800139e3  x1:0x49ecc087 PA:0x80013aa8 store:0x49ecc087 load:0x00000000
        3995000	       300	8000350e	0d5282a3	sb	x21,197(x5)	  x5:0x800139e3 x21:0x3377a6b3 PA:0x80013aa8 store:0x3377a6b3 load:0x00000000
        4005000	       301	80003512	0c528e03	lb	x28,197(x5)	  x5:0x800139e3 x28=0xffffffb3 PA:0x80013aa8 load:0xffffffb3
        4015000	       302	80003516	0da292a3	sh	x26,197(x5)	  x5:0x800139e3 x26:0x0000bab0 PA:0x80013aa8 store:0x0000bab0 load:0x00000000
        4025000	       303	8000351a	00010117	auipc	x2,0x10	  x2=0x8001351a
        4035000	       304	8000351e	0ab10113	addi	x2,x2,171	  x2:0x8001351a  x2=0x800135c5
        4045000	       305	80003522	1303a393	slti	x7,x7,304	  x7:0xffffbab0  x7=0x00000001
        4055000	       306	80003526	997d	c.andi	x10,-1	 x10:0x2580741f x10=0x2580741f
        4065000	       307	80003528	01614503	lbu	x10,22(x2)	  x2:0x800135c5 x10=0x00000029 PA:0x800135db load:0x00000029
        4075000	       308	8000352c	24a241b7	lui	x3,0x24a24	  x3=0x24a24000
        4085000	       309	80003530	00191193	slli	x3,x18,0x1	 x18:0x80000000  x3=0x00000000
        4095000	       310	80003534	01010383	lb	x7,16(x2)	  x2:0x800135c5  x7=0xffffffa8 PA:0x800135d5 load:0xffffffa8
        4105000	       311	80003538	00a1d733	srl	x14,x3,x10	  x3:0x00000000 x10:0x00000029 x14=0x00000000
        4115000	       312	8000353c	02f14703	lbu	x14,47(x2)	  x2:0x800135c5 x14=0x0000006f PA:0x800135f4 load:0x0000006f
        4125000	       313	80003540	00e89913	slli	x18,x17,0xe	 x17:0x00000c8a x18=0x03228000
        4135000	       314	80003544	01110923	sb	x17,18(x2)	  x2:0x800135c5 x17:0x00000c8a PA:0x800135d7 store:0x00000c8a load:0x00000000
        4145000	       315	80003548	8769	c.srai	x14,0x1a	 x14:0x0000006f x14=0x00000000
        4155000	       316	8000354a	0ff0000f	fence	iorw,iorw	
        4165000	       317	8000354e	18fd	c.addi	x17,-1	 x17:0x00000c8a x17=0x00000c89
        4175000	       318	80003550	ff211ea3	sh	x18,-3(x2)	  x2:0x800135c5 x18:0x03228000 PA:0x800135c2 store:0x03228000 load:0x00000000
        4185000	       319	80003554	df257537	lui	x10,0xdf257	 x10=0xdf257000
        4195000	       320	80003558	fed11883	lh	x17,-19(x2)	  x2:0x800135c5 x17=0x00004ee2 PA:0x800135b2 load:0x00004ee2
        4205000	       321	8000355c	fc111883	lh	x17,-63(x2)	  x2:0x800135c5 x17=0x000075a6 PA:0x80013586 load:0x000075a6
        4215000	       322	80003560	01210023	sb	x18,0(x2)	  x2:0x800135c5 x18:0x03228000 PA:0x800135c5 store:0x03228000 load:0x00000000
        4225000	       323	80003564	8779	c.srai	x14,0x1e	 x14:0x00000000 x14=0x00000000
        4235000	       324	80003566	01014183	lbu	x3,16(x2)	  x2:0x800135c5  x3=0x000000a8 PA:0x800135d5 load:0x000000a8
        4245000	       325	8000356a	834d	c.srli	x14,0x13	 x14:0x00000000 x14=0x00000000
        4255000	       326	8000356c	d0bc6517	auipc	x10,0xd0bc6	 x10=0x50bc956c
        4265000	       327	80003570	03210523	sb	x18,42(x2)	  x2:0x800135c5 x18:0x03228000 PA:0x800135ef store:0x03228000 load:0x00000000
        4275000	       328	80003574	8d09	c.sub	x10,x10	 x10:0x50bc956c x10:0x50bc956c x10=0x00000000
        4285000	       329	80003576	40a95533	sra	x10,x18,x10	 x18:0x03228000 x10:0x00000000 x10=0x03228000
        4295000	       330	8000357a	fee10623	sb	x14,-20(x2)	  x2:0x800135c5 x14:0x00000000 PA:0x800135b1 store:0x00000000 load:0x00000000
        4305000	       331	8000357e	871d	c.srai	x14,0x7	 x14:0x00000000 x14=0x00000000
        4315000	       332	80003580	0073a8b3	slt	x17,x7,x7	  x7:0xffffffa8  x7:0xffffffa8 x17=0x00000000
        4325000	       333	80003584	01e14383	lbu	x7,30(x2)	  x2:0x800135c5  x7=0x000000bd PA:0x800135e3 load:0x000000bd
        4335000	       334	80003588	01190733	add	x14,x18,x17	 x18:0x03228000 x17:0x00000000 x14=0x03228000
        4345000	       335	8000358c	a7d1e513	ori	x10,x3,-1411	  x3:0x000000a8 x10=0xfffffafd
        4355000	       336	80003590	0000100f	fence.i	
        4375000	       338	80003594	68d5	c.lui	x17,0x15	 x17=0x00015000
        4385000	       339	80003596	01914383	lbu	x7,25(x2)	  x2:0x800135c5  x7=0x000000c6 PA:0x800135de load:0x000000c6
        4755000	       376	8000359a	02374533	div	x10,x14,x3	 x14:0x03228000  x3:0x000000a8 x10=0x0004c6db
        4765000	       377	8000359e	fd1104a3	sb	x17,-55(x2)	  x2:0x800135c5 x17:0x00015000 PA:0x8001358e store:0x00015000 load:0x00000000
        4775000	       378	800035a2	fd114503	lbu	x10,-47(x2)	  x2:0x800135c5 x10=0x00000097 PA:0x80013596 load:0x00000097
        4785000	       379	800035a6	8b55	c.andi	x14,21	 x14:0x03228000 x14=0x00000000
        4795000	       380	800035a8	b4d56917	auipc	x18,0xb4d56	 x18=0x34d595a8
        4805000	       381	800035ac	01d5	c.addi	x3,21	  x3:0x000000a8  x3=0x000000bd
        4815000	       382	800035ae	40a95533	sra	x10,x18,x10	 x18:0x34d595a8 x10:0x00000097 x10=0x00000069
        5185000	       419	800035b2	02a3e8b3	rem	x17,x7,x10	  x7:0x000000c6 x10:0x00000069 x17=0x0000005d
        5195000	       420	800035b6	003123a3	sw	x3,7(x2)	  x2:0x800135c5  x3:0x000000bd PA:0x800135cc store:0x000000bd load:0x00000000
        5205000	       421	800035ba	42a1	c.li	x5,8	  x5=0x00000008
        5225000	       423	800035bc	020d7333	remu	x6,x26,x0	 x26:0x0000bab0  x0:0x00000000  x6=0x0000bab0
        5235000	       424	800035c0	0001	c.addi	x0,0	  x0:0x00000000  x0=0x00000000
        5245000	       425	800035c2	0680	c.addi4spn	x8,x2,832	  x8=0x80013905
        5255000	       426	800035c4	01ec17b3	sll	x15,x24,x30	 x24:0x80000000 x30:0xf208cd6c x15=0x00000000
        5265000	       427	800035c8	01eddc93	srli	x25,x27,0x1e	 x27:0x00000000 x25=0x00000000
        5275000	       428	800035cc	0012b1b3	sltu	x3,x5,x1	  x5:0x00000008  x1:0x49ecc087  x3=0x00000001
        5285000	       429	800035d0	e2638493	addi	x9,x7,-474	  x7:0x000000c6  x9=0xfffffeec
        5295000	       430	800035d4	997d	c.andi	x10,-1	 x10:0x00000069 x10=0x00000069
        5305000	       431	800035d6	4c5c0e13	addi	x28,x24,1221	 x24:0x80000000 x28=0x800004c5
        5315000	       432	800035da	0096a833	slt	x16,x13,x9	 x13:0x8002cce4  x9:0xfffffeec x16=0x00000001
        5325000	       433	800035de	409d	c.li	x1,7	  x1=0x00000007
        5335000	       434	800035e0	00e277b3	and	x15,x4,x14	  x4:0x80000000 x14:0x00000000 x15=0x00000000
        5345000	       435	800035e4	010a1893	slli	x17,x20,0x10	 x20:0x80000000 x17=0x00000000
        5355000	       436	800035e8	0a25	c.addi	x20,9	 x20:0x80000000 x20=0x80000009
        5365000	       437	800035ea	729df493	andi	x9,x27,1833	 x27:0x00000000  x9=0x00000000
        5375000	       438	800035ee	12ed	c.addi	x5,-5	  x5:0x00000008  x5=0x00000003
        5385000	       439	800035f0	fe1bc413	xori	x8,x23,-31	 x23:0x80028e64  x8=0x7ffd7185
        5395000	       440	800035f4	9c177f13	andi	x30,x14,-1599	 x14:0x00000000 x30=0x00000000
        5405000	       441	800035f8	416d0433	sub	x8,x26,x22	 x26:0x0000bab0 x22:0x0000000e  x8=0x0000baa2
        5415000	       442	800035fc	fe12f6e3	bgeu	x5,x1,800035e8	  x5:0x00000003  x1:0x00000007
        5425000	       443	80003600	00b41893	slli	x17,x8,0xb	  x8:0x0000baa2 x17=0x05d51000
        5435000	       444	80003604	01c000ef	jal	x1,80003620	  x1=0x80003608
        5455000	       446	80003620	ff1ff36f	jal	x6,80003610	  x6=0x80003624
        5475000	       448	80003610	a00d	c.j	80003632	
        5495000	       450	80003632	bff5	c.j	8000362e	
        5515000	       452	8000362e	b7f5	c.j	8000361a	
        5545000	       455	8000361a	ff9ff8ef	jal	x17,80003612	 x17=0x8000361e
        5565000	       457	80003612	3fdd	c.jal	80003608	  x1=0x80003614
        5585000	       459	80003608	02c000ef	jal	x1,80003634	  x1=0x8000360c
        5605000	       461	80003634	fe1ff0ef	jal	x1,80003614	  x1=0x80003638
        5625000	       463	80003614	2811	c.jal	80003628	  x1=0x80003616
        5645000	       465	80003628	2811	c.jal	8000363c	  x1=0x8000362a
        5665000	       467	8000363c	fdbff0ef	jal	x1,80003616	  x1=0x80003640
        5695000	       470	80003616	008004ef	jal	x9,8000361e	  x9=0x8000361a
        5715000	       472	8000361e	a031	c.j	8000362a	
        5745000	       475	8000362a	006007ef	jal	x15,80003630	 x15=0x8000362e
        5765000	       477	80003630	a029	c.j	8000363a	
        5785000	       479	8000363a	bffd	c.j	80003638	
        5805000	       481	80003638	37f5	c.jal	80003624	  x1=0x8000363a
        5825000	       483	80003624	fe9ff36f	jal	x6,8000360c	  x6=0x80003628
        5845000	       485	8000360c	0340036f	jal	x6,80003640	  x6=0x80003610
        5865000	       487	80003640	f63e5197	auipc	x3,0xf63e5	  x3=0x763e8640
        5875000	       488	80003644	00018d17	auipc	x26,0x18	 x26=0x8001b644
        5885000	       489	80003648	be5d0d13	addi	x26,x26,-1051	 x26:0x8001b644 x26=0x8001b229
        5895000	       490	8000364c	f62d4c83	lbu	x25,-158(x26)	 x26:0x8001b229 x25=0x00000088 PA:0x8001b18b load:0x00000088
        5905000	       491	80003650	8e59	c.or	x12,x14	 x12:0xea41e80f x14:0x00000000 x12=0xea41e80f
        5915000	       492	80003652	207c4f93	xori	x31,x24,519	 x24:0x80000000 x31=0x80000207
        5925000	       493	80003656	64b9	c.lui	x9,0xe	  x9=0x0000e000
        5935000	       494	80003658	fa7d0da3	sb	x7,-69(x26)	 x26:0x8001b229  x7:0x000000c6 PA:0x8001b1e4 store:0x000000c6 load:0x00000000
        5945000	       495	8000365c	0001	c.addi	x0,0	  x0:0x00000000  x0=0x00000000
        5955000	       496	8000365e	01e18b33	add	x22,x3,x30	  x3:0x763e8640 x30:0x00000000 x22=0x763e8640
        6325000	       533	80003662	03c9e3b3	rem	x7,x19,x28	 x19:0x247fa134 x28:0x800004c5  x7=0x247fa134
        6365000	       537	8000272c	fd8fe06f	jal	x0,80000f04	  x0=0x00000000
        6385000	       539	80000f04	16f1	c.addi	x13,-4	 x13:0x8002cce4 x13=0x8002cce0
        6395000	       540	80000f06	0176a023	sw	x23,0(x13)	 x13:0x8002cce0 x23:0x80028e64 PA:0x8002cce0 store:0x80028e64 load:0x00000000
        6405000	       541	80000f0a	00068bb3	add	x23,x13,x0	 x13:0x8002cce0  x0:0x00000000 x23=0x8002cce0
        6415000	       542	80000f0e	f80b8b93	addi	x23,x23,-128	 x23:0x8002cce0 x23=0x8002cc60
        6425000	       543	80000f12	001ba223	sw	x1,4(x23)	 x23:0x8002cc60  x1:0x8000363a PA:0x8002cc64 store:0x8000363a load:0x00000000
        6435000	       544	80000f16	002ba423	sw	x2,8(x23)	 x23:0x8002cc60  x2:0x800135c5 PA:0x8002cc68 store:0x800135c5 load:0x00000000
        6445000	       545	80000f1a	003ba623	sw	x3,12(x23)	 x23:0x8002cc60  x3:0x763e8640 PA:0x8002cc6c store:0x763e8640 load:0x00000000
        6455000	       546	80000f1e	004ba823	sw	x4,16(x23)	 x23:0x8002cc60  x4:0x80000000 PA:0x8002cc70 store:0x80000000 load:0x00000000
        6465000	       547	80000f22	005baa23	sw	x5,20(x23)	 x23:0x8002cc60  x5:0x00000003 PA:0x8002cc74 store:0x00000003 load:0x00000000
        6475000	       548	80000f26	006bac23	sw	x6,24(x23)	 x23:0x8002cc60  x6:0x80003610 PA:0x8002cc78 store:0x80003610 load:0x00000000
        6485000	       549	80000f2a	007bae23	sw	x7,28(x23)	 x23:0x8002cc60  x7:0x247fa134 PA:0x8002cc7c store:0x247fa134 load:0x00000000
        6495000	       550	80000f2e	028ba023	sw	x8,32(x23)	 x23:0x8002cc60  x8:0x0000baa2 PA:0x8002cc80 store:0x0000baa2 load:0x00000000
        6505000	       551	80000f32	029ba223	sw	x9,36(x23)	 x23:0x8002cc60  x9:0x0000e000 PA:0x8002cc84 store:0x0000e000 load:0x00000000
        6515000	       552	80000f36	02aba423	sw	x10,40(x23)	 x23:0x8002cc60 x10:0x00000069 PA:0x8002cc88 store:0x00000069 load:0x00000000
        6525000	       553	80000f3a	02bba623	sw	x11,44(x23)	 x23:0x8002cc60 x11:0xf1e8b1fd PA:0x8002cc8c store:0xf1e8b1fd load:0x00000000
        6535000	       554	80000f3e	02cba823	sw	x12,48(x23)	 x23:0x8002cc60 x12:0xea41e80f PA:0x8002cc90 store:0xea41e80f load:0x00000000
        6545000	       555	80000f42	02dbaa23	sw	x13,52(x23)	 x23:0x8002cc60 x13:0x8002cce0 PA:0x8002cc94 store:0x8002cce0 load:0x00000000
        6555000	       556	80000f46	02ebac23	sw	x14,56(x23)	 x23:0x8002cc60 x14:0x00000000 PA:0x8002cc98 store:0x00000000 load:0x00000000
        6565000	       557	80000f4a	02fbae23	sw	x15,60(x23)	 x23:0x8002cc60 x15:0x8000362e PA:0x8002cc9c store:0x8000362e load:0x00000000
        6575000	       558	80000f4e	050ba023	sw	x16,64(x23)	 x23:0x8002cc60 x16:0x00000001 PA:0x8002cca0 store:0x00000001 load:0x00000000
        6585000	       559	80000f52	051ba223	sw	x17,68(x23)	 x23:0x8002cc60 x17:0x8000361e PA:0x8002cca4 store:0x8000361e load:0x00000000
        6595000	       560	80000f56	052ba423	sw	x18,72(x23)	 x23:0x8002cc60 x18:0x34d595a8 PA:0x8002cca8 store:0x34d595a8 load:0x00000000
        6605000	       561	80000f5a	053ba623	sw	x19,76(x23)	 x23:0x8002cc60 x19:0x247fa134 PA:0x8002ccac store:0x247fa134 load:0x00000000
        6615000	       562	80000f5e	054ba823	sw	x20,80(x23)	 x23:0x8002cc60 x20:0x80000009 PA:0x8002ccb0 store:0x80000009 load:0x00000000
        6625000	       563	80000f62	055baa23	sw	x21,84(x23)	 x23:0x8002cc60 x21:0x3377a6b3 PA:0x8002ccb4 store:0x3377a6b3 load:0x00000000
        6635000	       564	80000f66	056bac23	sw	x22,88(x23)	 x23:0x8002cc60 x22:0x763e8640 PA:0x8002ccb8 store:0x763e8640 load:0x00000000
        6645000	       565	80000f6a	057bae23	sw	x23,92(x23)	 x23:0x8002cc60 x23:0x8002cc60 PA:0x8002ccbc store:0x8002cc60 load:0x00000000
        6655000	       566	80000f6e	078ba023	sw	x24,96(x23)	 x23:0x8002cc60 x24:0x80000000 PA:0x8002ccc0 store:0x80000000 load:0x00000000
        6665000	       567	80000f72	079ba223	sw	x25,100(x23)	 x23:0x8002cc60 x25:0x00000088 PA:0x8002ccc4 store:0x00000088 load:0x00000000
        6675000	       568	80000f76	07aba423	sw	x26,104(x23)	 x23:0x8002cc60 x26:0x8001b229 PA:0x8002ccc8 store:0x8001b229 load:0x00000000
        6685000	       569	80000f7a	07bba623	sw	x27,108(x23)	 x23:0x8002cc60 x27:0x00000000 PA:0x8002cccc store:0x00000000 load:0x00000000
        6695000	       570	80000f7e	07cba823	sw	x28,112(x23)	 x23:0x8002cc60 x28:0x800004c5 PA:0x8002ccd0 store:0x800004c5 load:0x00000000
        6705000	       571	80000f82	07dbaa23	sw	x29,116(x23)	 x23:0x8002cc60 x29:0xb0c56673 PA:0x8002ccd4 store:0xb0c56673 load:0x00000000
        6715000	       572	80000f86	07ebac23	sw	x30,120(x23)	 x23:0x8002cc60 x30:0x00000000 PA:0x8002ccd8 store:0x00000000 load:0x00000000
        6725000	       573	80000f8a	07fbae23	sw	x31,124(x23)	 x23:0x8002cc60 x31:0x80000207 PA:0x8002ccdc store:0x80000207 load:0x00000000
        6735000	       574	80000f8e	000b86b3	add	x13,x23,x0	 x23:0x8002cc60  x0:0x00000000 x13=0x8002cc60
        6745000	       575	80000f92	90000d37	lui	x26,0x90000	 x26=0x90000000
        6755000	       576	80000f96	1d71	c.addi	x26,-4	 x26:0x90000000 x26=0x8ffffffc
        6765000	       577	80000f98	4d99	c.li	x27,6	 x27=0x00000006
        6775000	       578	80000f9a	0da2	c.slli	x27,0x8	 x27:0x00000006 x27=0x00000600
        6785000	       579	80000f9c	000d8d93	addi	x27,x27,0	 x27:0x00000600 x27=0x00000600
        6795000	       580	80000fa0	01bd2023	sw	x27,0(x26)	 x26:0x8ffffffc x27:0x00000600 PA:0x8ffffffc store:0x00000600 load:0x00000000
        6805000	       581	80000fa4	34202df3	csrrs	x27,mcause,x0	  x0:0x00000000 x27=0x8000000b
        6815000	       582	80000fa8	01fddd93	srli	x27,x27,0x1f	 x27:0x8000000b x27=0x00000001
        6825000	       583	80000fac	060d8863	beq	x27,x0,8000101c	 x27:0x00000001  x0:0x00000000
        6835000	       584	80000fb0	90000d37	lui	x26,0x90000	 x26=0x90000000
        6845000	       585	80000fb4	1d71	c.addi	x26,-4	 x26:0x90000000 x26=0x8ffffffc
        6855000	       586	80000fb6	30000d93	addi	x27,x0,768	  x0:0x00000000 x27=0x00000300
        6865000	       587	80000fba	0da2	c.slli	x27,0x8	 x27:0x00000300 x27=0x00030000
        6875000	       588	80000fbc	0d8d	c.addi	x27,3	 x27:0x00030000 x27=0x00030003
        6885000	       589	80000fbe	01bd2023	sw	x27,0(x26)	 x26:0x8ffffffc x27:0x00030003 PA:0x8ffffffc store:0x00030003 load:0x00000000
        6895000	       590	80000fc2	30002df3	csrrs	x27,mstatus,x0	  x0:0x00000000 x27=0x00000080
        6905000	       591	80000fc6	01bd2023	sw	x27,0(x26)	 x26:0x8ffffffc x27:0x00000080 PA:0x8ffffffc store:0x00000080 load:0x00000000
        6915000	       592	80000fca	90000d37	lui	x26,0x90000	 x26=0x90000000
        6925000	       593	80000fce	1d71	c.addi	x26,-4	 x26:0x90000000 x26=0x8ffffffc
        6935000	       594	80000fd0	34200d93	addi	x27,x0,834	  x0:0x00000000 x27=0x00000342
        6945000	       595	80000fd4	0da2	c.slli	x27,0x8	 x27:0x00000342 x27=0x00034200
        6955000	       596	80000fd6	0d8d	c.addi	x27,3	 x27:0x00034200 x27=0x00034203
        6965000	       597	80000fd8	01bd2023	sw	x27,0(x26)	 x26:0x8ffffffc x27:0x00034203 PA:0x8ffffffc store:0x00034203 load:0x00000000
        6975000	       598	80000fdc	34202df3	csrrs	x27,mcause,x0	  x0:0x00000000 x27=0x8000000b
        6985000	       599	80000fe0	01bd2023	sw	x27,0(x26)	 x26:0x8ffffffc x27:0x8000000b PA:0x8ffffffc store:0x8000000b load:0x00000000
        6995000	       600	80000fe4	90000d37	lui	x26,0x90000	 x26=0x90000000
        7005000	       601	80000fe8	1d71	c.addi	x26,-4	 x26:0x90000000 x26=0x8ffffffc
        7015000	       602	80000fea	30400d93	addi	x27,x0,772	  x0:0x00000000 x27=0x00000304
        7025000	       603	80000fee	0da2	c.slli	x27,0x8	 x27:0x00000304 x27=0x00030400
        7035000	       604	80000ff0	0d8d	c.addi	x27,3	 x27:0x00030400 x27=0x00030403
        7045000	       605	80000ff2	01bd2023	sw	x27,0(x26)	 x26:0x8ffffffc x27:0x00030403 PA:0x8ffffffc store:0x00030403 load:0x00000000
        7055000	       606	80000ff6	30402df3	csrrs	x27,mie,x0	  x0:0x00000000 x27=0x00360888
        7065000	       607	80000ffa	01bd2023	sw	x27,0(x26)	 x26:0x8ffffffc x27:0x00360888 PA:0x8ffffffc store:0x00360888 load:0x00000000
        7075000	       608	80000ffe	90000d37	lui	x26,0x90000	 x26=0x90000000
        7085000	       609	80001002	1d71	c.addi	x26,-4	 x26:0x90000000 x26=0x8ffffffc
        7095000	       610	80001004	34400d93	addi	x27,x0,836	  x0:0x00000000 x27=0x00000344
        7105000	       611	80001008	0da2	c.slli	x27,0x8	 x27:0x00000344 x27=0x00034400
        7115000	       612	8000100a	0d8d	c.addi	x27,3	 x27:0x00034400 x27=0x00034403
        7125000	       613	8000100c	01bd2023	sw	x27,0(x26)	 x26:0x8ffffffc x27:0x00034403 PA:0x8ffffffc store:0x00034403 load:0x00000000
        7135000	       614	80001010	34402df3	csrrs	x27,mip,x0	  x0:0x00000000 x27=0x00000000
        7145000	       615	80001014	01bd2023	sw	x27,0(x26)	 x26:0x8ffffffc x27:0x00000000 PA:0x8ffffffc store:0x00000000 load:0x00000000
        7155000	       616	80001018	2b41106f	jal	x0,800122cc	  x0=0x00000000
        7175000	       618	800122cc	34002df3	csrrs	x27,mscratch,x0	  x0:0x00000000 x27=0x00000000
        7185000	       619	800122d0	01b04663	blt	x0,x27,800122dc	  x0:0x00000000 x27:0x00000000
        7195000	       620	800122d4	3400d073	csrrwi	x0,mscratch,1	  x0=0x00000000
        7205000	       621	800122d8	30046073	csrrsi	x0,mstatus,8	  x0=0x00000000
        7235000	       624	800122dc	34005073	csrrwi	x0,mscratch,0	  x0=0x00000000
        7245000	       625	800122e0	30002df3	csrrs	x27,mstatus,x0	  x0:0x00000000 x27=0x00000088
        7255000	       626	800122e4	30402df3	csrrs	x27,mie,x0	  x0:0x00000000 x27=0x00360888
        7265000	       627	800122e8	34402df3	csrrs	x27,mip,x0	  x0:0x00000000 x27=0x00000000
        7275000	       628	800122ec	344dbdf3	csrrc	x27,mip,x27	 x27:0x00000000 x27=0x00000000
        7305000	       631	800122f0	90000d37	lui	x26,0x90000	 x26=0x90000000
        7315000	       632	800122f4	1d71	c.addi	x26,-4	 x26:0x90000000 x26=0x8ffffffc
        7325000	       633	800122f6	4d9d	c.li	x27,7	 x27=0x00000007
        7335000	       634	800122f8	0da2	c.slli	x27,0x8	 x27:0x00000007 x27=0x00000700
        7345000	       635	800122fa	000d8d93	addi	x27,x27,0	 x27:0x00000700 x27=0x00000700
        7355000	       636	800122fe	01bd2023	sw	x27,0(x26)	 x26:0x8ffffffc x27:0x00000700 PA:0x8ffffffc store:0x00000700 load:0x00000000
        7365000	       637	80012302	00068bb3	add	x23,x13,x0	 x13:0x8002cc60  x0:0x00000000 x23=0x8002cc60
        7375000	       638	80012306	004ba083	lw	x1,4(x23)	 x23:0x8002cc60  x1=0x8000363a PA:0x8002cc64 load:0x8000363a
        7385000	       639	8001230a	008ba103	lw	x2,8(x23)	 x23:0x8002cc60  x2=0x800135c5 PA:0x8002cc68 load:0x800135c5
        7395000	       640	8001230e	00cba183	lw	x3,12(x23)	 x23:0x8002cc60  x3=0x763e8640 PA:0x8002cc6c load:0x763e8640
        7405000	       641	80012312	010ba203	lw	x4,16(x23)	 x23:0x8002cc60  x4=0x80000000 PA:0x8002cc70 load:0x80000000
        7415000	       642	80012316	014ba283	lw	x5,20(x23)	 x23:0x8002cc60  x5=0x00000003 PA:0x8002cc74 load:0x00000003
        7425000	       643	8001231a	018ba303	lw	x6,24(x23)	 x23:0x8002cc60  x6=0x80003610 PA:0x8002cc78 load:0x80003610
        7435000	       644	8001231e	01cba383	lw	x7,28(x23)	 x23:0x8002cc60  x7=0x247fa134 PA:0x8002cc7c load:0x247fa134
        7445000	       645	80012322	020ba403	lw	x8,32(x23)	 x23:0x8002cc60  x8=0x0000baa2 PA:0x8002cc80 load:0x0000baa2
        7455000	       646	80012326	024ba483	lw	x9,36(x23)	 x23:0x8002cc60  x9=0x0000e000 PA:0x8002cc84 load:0x0000e000
        7465000	       647	8001232a	028ba503	lw	x10,40(x23)	 x23:0x8002cc60 x10=0x00000069 PA:0x8002cc88 load:0x00000069
        7475000	       648	8001232e	02cba583	lw	x11,44(x23)	 x23:0x8002cc60 x11=0xf1e8b1fd PA:0x8002cc8c load:0xf1e8b1fd
        7485000	       649	80012332	030ba603	lw	x12,48(x23)	 x23:0x8002cc60 x12=0xea41e80f PA:0x8002cc90 load:0xea41e80f
        7495000	       650	80012336	034ba683	lw	x13,52(x23)	 x23:0x8002cc60 x13=0x8002cce0 PA:0x8002cc94 load:0x8002cce0
        7505000	       651	8001233a	038ba703	lw	x14,56(x23)	 x23:0x8002cc60 x14=0x00000000 PA:0x8002cc98 load:0x00000000
        7515000	       652	8001233e	03cba783	lw	x15,60(x23)	 x23:0x8002cc60 x15=0x8000362e PA:0x8002cc9c load:0x8000362e
        7525000	       653	80012342	040ba803	lw	x16,64(x23)	 x23:0x8002cc60 x16=0x00000001 PA:0x8002cca0 load:0x00000001
        7535000	       654	80012346	044ba883	lw	x17,68(x23)	 x23:0x8002cc60 x17=0x8000361e PA:0x8002cca4 load:0x8000361e
        7545000	       655	8001234a	048ba903	lw	x18,72(x23)	 x23:0x8002cc60 x18=0x34d595a8 PA:0x8002cca8 load:0x34d595a8
        7555000	       656	8001234e	04cba983	lw	x19,76(x23)	 x23:0x8002cc60 x19=0x247fa134 PA:0x8002ccac load:0x247fa134
        7565000	       657	80012352	050baa03	lw	x20,80(x23)	 x23:0x8002cc60 x20=0x80000009 PA:0x8002ccb0 load:0x80000009
        7575000	       658	80012356	054baa83	lw	x21,84(x23)	 x23:0x8002cc60 x21=0x3377a6b3 PA:0x8002ccb4 load:0x3377a6b3
        7585000	       659	8001235a	058bab03	lw	x22,88(x23)	 x23:0x8002cc60 x22=0x763e8640 PA:0x8002ccb8 load:0x763e8640
        7595000	       660	8001235e	05cbab83	lw	x23,92(x23)	 x23:0x8002cc60 x23=0x8002cc60 PA:0x8002ccbc load:0x8002cc60
        7615000	       662	80012362	060bac03	lw	x24,96(x23)	 x23:0x8002cc60 x24=0x80000000 PA:0x8002ccc0 load:0x80000000
        7625000	       663	80012366	064bac83	lw	x25,100(x23)	 x23:0x8002cc60 x25=0x00000088 PA:0x8002ccc4 load:0x00000088
        7635000	       664	8001236a	068bad03	lw	x26,104(x23)	 x23:0x8002cc60 x26=0x8001b229 PA:0x8002ccc8 load:0x8001b229
        7645000	       665	8001236e	06cbad83	lw	x27,108(x23)	 x23:0x8002cc60 x27=0x00000000 PA:0x8002cccc load:0x00000000
        7655000	       666	80012372	070bae03	lw	x28,112(x23)	 x23:0x8002cc60 x28=0x800004c5 PA:0x8002ccd0 load:0x800004c5
        7665000	       667	80012376	074bae83	lw	x29,116(x23)	 x23:0x8002cc60 x29=0xb0c56673 PA:0x8002ccd4 load:0xb0c56673
        7675000	       668	8001237a	078baf03	lw	x30,120(x23)	 x23:0x8002cc60 x30=0x00000000 PA:0x8002ccd8 load:0x00000000
        7685000	       669	8001237e	07cbaf83	lw	x31,124(x23)	 x23:0x8002cc60 x31=0x80000207 PA:0x8002ccdc load:0x80000207
        7695000	       670	80012382	080b8b93	addi	x23,x23,128	 x23:0x8002cc60 x23=0x8002cce0
        7705000	       671	80012386	000b86b3	add	x13,x23,x0	 x23:0x8002cce0  x0:0x00000000 x13=0x8002cce0
        7715000	       672	8001238a	0006ab83	lw	x23,0(x13)	 x13:0x8002cce0 x23=0x80028e64 PA:0x8002cce0 load:0x80028e64
        7725000	       673	8001238e	0691	c.addi	x13,4	 x13:0x8002cce0 x13=0x8002cce4
        7735000	       674	80012390	30200073	mret	
        7775000	       678	80003666	0d6d0b03	lb	x22,214(x26)	 x26:0x8001b229 x22=0x00000035 PA:0x8001b2ff load:0x00000035
        7785000	       679	8000366a	717d	c.addi16sp	x2,-16	  x2:0x800135c5  x2=0x800135b5
        7795000	       680	8000366c	010d0f83	lb	x31,16(x26)	 x26:0x8001b229 x31=0xffffffec PA:0x8001b239 load:0xffffffec
        7805000	       681	80003670	50cf6a93	ori	x21,x30,1292	 x30:0x00000000 x21=0x0000050c
        7815000	       682	80003674	83d9	c.srli	x15,0x16	 x15:0x8000362e x15=0x00000200
        7825000	       683	80003676	0001	c.addi	x0,0	  x0:0x00000000  x0=0x00000000
        7835000	       684	80003678	87fd	c.srai	x15,0x1f	 x15:0x00000200 x15=0x00000000
        7845000	       685	8000367a	fa3d0023	sb	x3,-96(x26)	 x26:0x8001b229  x3:0x763e8640 PA:0x8001b1c9 store:0x763e8640 load:0x00000000
        7855000	       686	8000367e	1db02013	slti	x0,x0,475	  x0:0x00000000  x0=0x00000000
        7865000	       687	80003682	002ed413	srli	x8,x29,0x2	 x29:0xb0c56673  x8=0x2c31599c
        7875000	       688	80003686	0002bf33	sltu	x30,x5,x0	  x5:0x00000003  x0:0x00000000 x30=0x00000000
        7885000	       689	8000368a	19fd	c.addi	x19,-1	 x19:0x247fa134 x19=0x247fa133
        7895000	       690	8000368c	8956	c.mv	x18,x21	  x0:0x00000000 x21:0x0000050c x18=0x0000050c
        7905000	       691	8000368e	f54d4f03	lbu	x30,-172(x26)	 x26:0x8001b229 x30=0x000000de PA:0x8001b17d load:0x000000de
        7915000	       692	80003692	87d9	c.srai	x15,0x16	 x15:0x00000000 x15=0x00000000
        7925000	       693	80003694	01351833	sll	x16,x10,x19	 x10:0x00000069 x19:0x247fa133 x16=0x03480000
        7935000	       694	80003698	0d10	c.addi4spn	x12,x2,656	 x12=0x80013845
        7945000	       695	8000369a	98b2ec13	ori	x24,x5,-1653	  x5:0x00000003 x24=0xfffff98b
        7955000	       696	8000369e	023d0ca3	sb	x3,57(x26)	 x26:0x8001b229  x3:0x763e8640 PA:0x8001b262 store:0x763e8640 load:0x00000000
        7965000	       697	800036a2	0f8d0203	lb	x4,248(x26)	 x26:0x8001b229  x4=0x00000012 PA:0x8001b321 load:0x00000012
        7975000	       698	800036a6	1d852093	slti	x1,x10,472	 x10:0x00000069  x1=0x00000001
        7985000	       699	800036aa	fa6d11a3	sh	x6,-93(x26)	 x26:0x8001b229  x6:0x80003610 PA:0x8001b1cc store:0x80003610 load:0x00000000
        7995000	       700	800036ae	06ed0283	lb	x5,110(x26)	 x26:0x8001b229  x5=0xffffffbe PA:0x8001b297 load:0xffffffbe
        8005000	       701	800036b2	0ff0000f	fence	iorw,iorw	
        8015000	       702	800036b6	f72d4003	lbu	x0,-142(x26)	 x26:0x8001b229  x0=0x00000000 PA:0x8001b19b load:0x000000d0
        8025000	       703	800036ba	08ad4703	lbu	x14,138(x26)	 x26:0x8001b229 x14=0x0000001c PA:0x8001b2b3 load:0x0000001c
        8035000	       704	800036be	ffcd0b23	sb	x28,-10(x26)	 x26:0x8001b229 x28:0x800004c5 PA:0x8001b21f store:0x800004c5 load:0x00000000
        8045000	       705	800036c2	8e45	c.or	x12,x9	 x12:0x80013845  x9:0x0000e000 x12=0x8001f845
        8055000	       706	800036c4	4062dfb3	sra	x31,x5,x6	  x5:0xffffffbe  x6:0x80003610 x31=0xffffffff
        8065000	       707	800036c8	0918	c.addi4spn	x14,x2,144	 x14=0x80013645
        8075000	       708	800036ca	01704733	xor	x14,x0,x23	  x0:0x00000000 x23:0x80028e64 x14=0x80028e64
        8085000	       709	800036ce	0fed0303	lb	x6,254(x26)	 x26:0x8001b229  x6=0xffffff94 PA:0x8001b327 load:0xffffff94
        8095000	       710	800036d2	0105a033	slt	x0,x11,x16	 x11:0xf1e8b1fd x16:0x03480000  x0=0x00000000
        8105000	       711	800036d6	f30d0323	sb	x16,-218(x26)	 x26:0x8001b229 x16:0x03480000 PA:0x8001b14f store:0x03480000 load:0x00000000
        8115000	       712	800036da	01cd0a23	sb	x28,20(x26)	 x26:0x8001b229 x28:0x800004c5 PA:0x8001b23d store:0x800004c5 load:0x00000000
        8125000	       713	800036de	03ad0a83	lb	x21,58(x26)	 x26:0x8001b229 x21=0xffffffe0 PA:0x8001b263 load:0xffffffe0
        8135000	       714	800036e2	0001	c.addi	x0,0	  x0:0x00000000  x0=0x00000000
        8145000	       715	800036e4	a2256017	auipc	x0,0xa2256	  x0=0x00000000
        8155000	       716	800036e8	f8ad0803	lb	x16,-118(x26)	 x26:0x8001b229 x16=0x00000034 PA:0x8001b1b3 load:0x00000034
        8165000	       717	800036ec	0001df17	auipc	x30,0x1d	 x30=0x800206ec
        8175000	       718	800036f0	e21f0f13	addi	x30,x30,-479	 x30:0x800206ec x30=0x8002050d
        8185000	       719	800036f4	00010617	auipc	x12,0x10	 x12=0x800136f4
        8195000	       720	800036f8	e4d60613	addi	x12,x12,-435	 x12:0x800136f4 x12=0x80013541
        8205000	       721	800036fc	774f27a3	sw	x20,1903(x30)	 x30:0x8002050d x20:0x80000009 PA:0x80020c7c store:0x80000009 load:0x00000000
        8215000	       722	80003700	02c64003	lbu	x0,44(x12)	 x12:0x80013541  x0=0x00000000 PA:0x8001356d load:0x00000090
        8225000	       723	80003704	6b1f0a23	sb	x17,1716(x30)	 x30:0x8002050d x17:0x8000361e PA:0x80020bc1 store:0x8000361e load:0x00000000
        8235000	       724	80003708	820f2ba3	sw	x0,-1993(x30)	 x30:0x8002050d  x0:0x00000000 PA:0x8001fd44 store:0x00000000 load:0x00000000
        8245000	       725	8000370c	01564303	lbu	x6,21(x12)	 x12:0x80013541  x6=0x000000f1 PA:0x80013556 load:0x000000f1
        8255000	       726	80003710	17cf0903	lb	x18,380(x30)	 x30:0x8002050d x18=0x0000003f PA:0x80020689 load:0x0000003f
        8265000	       727	80003714	fe761883	lh	x17,-25(x12)	 x12:0x80013541 x17=0xffffb5e9 PA:0x80013528 load:0xffffb5e9
        8275000	       728	80003718	746f10a3	sh	x6,1857(x30)	 x30:0x8002050d  x6:0x000000f1 PA:0x80020c4e store:0x000000f1 load:0x00000000
        8285000	       729	8000371c	03e60403	lb	x8,62(x12)	 x12:0x80013541  x8=0xffffffb6 PA:0x8001357f load:0xffffffb6
        8295000	       730	80003720	fca60423	sb	x10,-56(x12)	 x12:0x80013541 x10:0x00000069 PA:0x80013509 store:0x00000069 load:0x00000000
        8305000	       731	80003724	61cf0e83	lb	x29,1564(x30)	 x30:0x8002050d x29=0xffffffdf PA:0x80020b29 load:0xffffffdf
        8315000	       732	80003728	ccef18a3	sh	x14,-815(x30)	 x30:0x8002050d x14:0x80028e64 PA:0x800201de store:0x80028e64 load:0x00000000
        8325000	       733	8000372c	fdb64b03	lbu	x22,-37(x12)	 x12:0x80013541 x22=0x00000012 PA:0x8001351c load:0x00000012
        8335000	       734	80003730	ab7f0023	sb	x23,-1376(x30)	 x30:0x8002050d x23:0x80028e64 PA:0x8001ffad store:0x80028e64 load:0x00000000
        8345000	       735	80003734	fd761ca3	sh	x23,-39(x12)	 x12:0x80013541 x23:0x80028e64 PA:0x8001351a store:0x80028e64 load:0x00000000
        8355000	       736	80003738	0241	c.addi	x4,16	  x4:0x00000012  x4=0x00000022
        8365000	       737	8000373a	510c71b7	lui	x3,0x510c7	  x3=0x510c7000
        8735000	       774	8000373e	03824833	div	x16,x4,x24	  x4:0x00000022 x24:0xfffff98b x16=0x00000000
        8745000	       775	80003742	4815	c.li	x16,5	 x16=0x00000005
        8755000	       776	80003744	01710733	add	x14,x2,x23	  x2:0x800135b5 x23:0x80028e64 x14=0x0003c419
        8765000	       777	80003748	012a5e13	srli	x28,x20,0x12	 x20:0x80000009 x28=0x00002000
        8775000	       778	8000374c	9b0e	c.add	x22,x3	 x22:0x00000012  x3:0x510c7000 x22=0x510c7012
        8785000	       779	8000374e	03f40a63	beq	x8,x31,80003782	  x8:0xffffffb6 x31:0xffffffff
        8825000	       783	80003752	021a1333	mulh	x6,x20,x1	 x20:0x80000009  x1:0x00000001  x6=0xffffffff
        9195000	       820	80003756	0396c2b3	div	x5,x13,x25	 x13:0x8002cce4 x25:0x00000088  x5=0xff0f1455
        9205000	       821	8000375a	0013ea33	or	x20,x7,x1	  x7:0x247fa134  x1:0x00000001 x20=0x247fa135
        9215000	       822	8000375e	8f75	c.and	x14,x13	 x14:0x0003c419 x13:0x8002cce4 x14=0x0002c400
        9225000	       823	80003760	023e	c.slli	x4,0xf	  x4:0x00000022  x4=0x00110000
        9235000	       824	80003762	9ee16313	ori	x6,x2,-1554	  x2:0x800135b5  x6=0xfffffdff
        9245000	       825	80003766	537d	c.li	x6,-1	  x6=0xffffffff
        9255000	       826	80003768	009631b3	sltu	x3,x12,x9	 x12:0x80013541  x9:0x0000e000  x3=0x00000000
        9275000	       828	8000376c	020ad1b3	divu	x3,x21,x0	 x21:0xffffffe0  x0:0x00000000  x3=0xffffffff
        9285000	       829	80003770	1f7d	c.addi	x30,-1	 x30:0x8002050d x30=0x8002050c
        9295000	       830	80003772	8e09	c.sub	x12,x10	 x12:0x80013541 x10:0x00000069 x12=0x800134d8
        9305000	       831	80003774	00484cb3	xor	x25,x16,x4	 x16:0x00000005  x4:0x00110000 x25=0x00110005
        9315000	       832	80003778	191c	c.addi4spn	x15,x2,176	 x15=0x80013665
        9325000	       833	8000377a	c915	c.beqz	x10,800037ae	 x10:0x00000069
        9335000	       834	8000377c	02815263	bge	x2,x8,800037a0	  x2:0x800135b5  x8:0xffffffb6
        9345000	       835	80003780	8469	c.srai	x8,0x1a	  x8:0xffffffb6  x8=0xffffffff
        9355000	       836	80003782	80c1	c.srli	x9,0x10	  x9:0x0000e000  x9=0x00000000
        9365000	       837	80003784	4089df13	srai	x30,x19,0x8	 x19:0x247fa133 x30=0x00247fa1
        9375000	       838	80003788	21138497	auipc	x9,0x21138	  x9=0xa113b788
        9385000	       839	8000378c	8349	c.srli	x14,0x12	 x14:0x0002c400 x14=0x00000000
        9395000	       840	8000378e	88c0e713	ori	x14,x1,-1908	  x1:0x00000001 x14=0xfffff88d
        9435000	       844	8000272c	fd8fe06f	jal	x0,80000f04	  x0=0x00000000
        9455000	       846	80000f04	16f1	c.addi	x13,-4	 x13:0x8002cce4 x13=0x8002cce0
        9465000	       847	80000f06	0176a023	sw	x23,0(x13)	 x13:0x8002cce0 x23:0x80028e64 PA:0x8002cce0 store:0x80028e64 load:0x00000000
        9475000	       848	80000f0a	00068bb3	add	x23,x13,x0	 x13:0x8002cce0  x0:0x00000000 x23=0x8002cce0
        9485000	       849	80000f0e	f80b8b93	addi	x23,x23,-128	 x23:0x8002cce0 x23=0x8002cc60
        9495000	       850	80000f12	001ba223	sw	x1,4(x23)	 x23:0x8002cc60  x1:0x00000001 PA:0x8002cc64 store:0x00000001 load:0x00000000
        9505000	       851	80000f16	002ba423	sw	x2,8(x23)	 x23:0x8002cc60  x2:0x800135b5 PA:0x8002cc68 store:0x800135b5 load:0x00000000
        9515000	       852	80000f1a	003ba623	sw	x3,12(x23)	 x23:0x8002cc60  x3:0xffffffff PA:0x8002cc6c store:0xffffffff load:0x00000000
        9525000	       853	80000f1e	004ba823	sw	x4,16(x23)	 x23:0x8002cc60  x4:0x00110000 PA:0x8002cc70 store:0x00110000 load:0x00000000
        9535000	       854	80000f22	005baa23	sw	x5,20(x23)	 x23:0x8002cc60  x5:0xff0f1455 PA:0x8002cc74 store:0xff0f1455 load:0x00000000
        9545000	       855	80000f26	006bac23	sw	x6,24(x23)	 x23:0x8002cc60  x6:0xffffffff PA:0x8002cc78 store:0xffffffff load:0x00000000
        9555000	       856	80000f2a	007bae23	sw	x7,28(x23)	 x23:0x8002cc60  x7:0x247fa134 PA:0x8002cc7c store:0x247fa134 load:0x00000000
        9565000	       857	80000f2e	028ba023	sw	x8,32(x23)	 x23:0x8002cc60  x8:0xffffffff PA:0x8002cc80 store:0xffffffff load:0x00000000
        9575000	       858	80000f32	029ba223	sw	x9,36(x23)	 x23:0x8002cc60  x9:0xa113b788 PA:0x8002cc84 store:0xa113b788 load:0x00000000
        9585000	       859	80000f36	02aba423	sw	x10,40(x23)	 x23:0x8002cc60 x10:0x00000069 PA:0x8002cc88 store:0x00000069 load:0x00000000
        9595000	       860	80000f3a	02bba623	sw	x11,44(x23)	 x23:0x8002cc60 x11:0xf1e8b1fd PA:0x8002cc8c store:0xf1e8b1fd load:0x00000000
        9605000	       861	80000f3e	02cba823	sw	x12,48(x23)	 x23:0x8002cc60 x12:0x800134d8 PA:0x8002cc90 store:0x800134d8 load:0x00000000
        9615000	       862	80000f42	02dbaa23	sw	x13,52(x23)	 x23:0x8002cc60 x13:0x8002cce0 PA:0x8002cc94 store:0x8002cce0 load:0x00000000
        9625000	       863	80000f46	02ebac23	sw	x14,56(x23)	 x23:0x8002cc60 x14:0xfffff88d PA:0x8002cc98 store:0xfffff88d load:0x00000000
        9635000	       864	80000f4a	02fbae23	sw	x15,60(x23)	 x23:0x8002cc60 x15:0x80013665 PA:0x8002cc9c store:0x80013665 load:0x00000000
        9645000	       865	80000f4e	050ba023	sw	x16,64(x23)	 x23:0x8002cc60 x16:0x00000005 PA:0x8002cca0 store:0x00000005 load:0x00000000
        9655000	       866	80000f52	051ba223	sw	x17,68(x23)	 x23:0x8002cc60 x17:0xffffb5e9 PA:0x8002cca4 store:0xffffb5e9 load:0x00000000
        9665000	       867	80000f56	052ba423	sw	x18,72(x23)	 x23:0x8002cc60 x18:0x0000003f PA:0x8002cca8 store:0x0000003f load:0x00000000
        9675000	       868	80000f5a	053ba623	sw	x19,76(x23)	 x23:0x8002cc60 x19:0x247fa133 PA:0x8002ccac store:0x247fa133 load:0x00000000
        9685000	       869	80000f5e	054ba823	sw	x20,80(x23)	 x23:0x8002cc60 x20:0x247fa135 PA:0x8002ccb0 store:0x247fa135 load:0x00000000
        9695000	       870	80000f62	055baa23	sw	x21,84(x23)	 x23:0x8002cc60 x21:0xffffffe0 PA:0x8002ccb4 store:0xffffffe0 load:0x00000000
        9705000	       871	80000f66	056bac23	sw	x22,88(x23)	 x23:0x8002cc60 x22:0x510c7012 PA:0x8002ccb8 store:0x510c7012 load:0x00000000
        9715000	       872	80000f6a	057bae23	sw	x23,92(x23)	 x23:0x8002cc60 x23:0x8002cc60 PA:0x8002ccbc store:0x8002cc60 load:0x00000000
        9725000	       873	80000f6e	078ba023	sw	x24,96(x23)	 x23:0x8002cc60 x24:0xfffff98b PA:0x8002ccc0 store:0xfffff98b load:0x00000000
        9735000	       874	80000f72	079ba223	sw	x25,100(x23)	 x23:0x8002cc60 x25:0x00110005 PA:0x8002ccc4 store:0x00110005 load:0x00000000
        9745000	       875	80000f76	07aba423	sw	x26,104(x23)	 x23:0x8002cc60 x26:0x8001b229 PA:0x8002ccc8 store:0x8001b229 load:0x00000000
        9755000	       876	80000f7a	07bba623	sw	x27,108(x23)	 x23:0x8002cc60 x27:0x00000000 PA:0x8002cccc store:0x00000000 load:0x00000000
        9765000	       877	80000f7e	07cba823	sw	x28,112(x23)	 x23:0x8002cc60 x28:0x00002000 PA:0x8002ccd0 store:0x00002000 load:0x00000000
        9775000	       878	80000f82	07dbaa23	sw	x29,116(x23)	 x23:0x8002cc60 x29:0xffffffdf PA:0x8002ccd4 store:0xffffffdf load:0x00000000
        9785000	       879	80000f86	07ebac23	sw	x30,120(x23)	 x23:0x8002cc60 x30:0x00247fa1 PA:0x8002ccd8 store:0x00247fa1 load:0x00000000
        9795000	       880	80000f8a	07fbae23	sw	x31,124(x23)	 x23:0x8002cc60 x31:0xffffffff PA:0x8002ccdc store:0xffffffff load:0x00000000
        9805000	       881	80000f8e	000b86b3	add	x13,x23,x0	 x23:0x8002cc60  x0:0x00000000 x13=0x8002cc60
        9815000	       882	80000f92	90000d37	lui	x26,0x90000	 x26=0x90000000
        9825000	       883	80000f96	1d71	c.addi	x26,-4	 x26:0x90000000 x26=0x8ffffffc
        9835000	       884	80000f98	4d99	c.li	x27,6	 x27=0x00000006
        9845000	       885	80000f9a	0da2	c.slli	x27,0x8	 x27:0x00000006 x27=0x00000600
        9855000	       886	80000f9c	000d8d93	addi	x27,x27,0	 x27:0x00000600 x27=0x00000600
        9865000	       887	80000fa0	01bd2023	sw	x27,0(x26)	 x26:0x8ffffffc x27:0x00000600 PA:0x8ffffffc store:0x00000600 load:0x00000000
        9875000	       888	80000fa4	34202df3	csrrs	x27,mcause,x0	  x0:0x00000000 x27=0x8000000b
        9885000	       889	80000fa8	01fddd93	srli	x27,x27,0x1f	 x27:0x8000000b x27=0x00000001
        9895000	       890	80000fac	060d8863	beq	x27,x0,8000101c	 x27:0x00000001  x0:0x00000000
        9905000	       891	80000fb0	90000d37	lui	x26,0x90000	 x26=0x90000000
        9915000	       892	80000fb4	1d71	c.addi	x26,-4	 x26:0x90000000 x26=0x8ffffffc
        9925000	       893	80000fb6	30000d93	addi	x27,x0,768	  x0:0x00000000 x27=0x00000300
        9935000	       894	80000fba	0da2	c.slli	x27,0x8	 x27:0x00000300 x27=0x00030000
        9945000	       895	80000fbc	0d8d	c.addi	x27,3	 x27:0x00030000 x27=0x00030003
        9955000	       896	80000fbe	01bd2023	sw	x27,0(x26)	 x26:0x8ffffffc x27:0x00030003 PA:0x8ffffffc store:0x00030003 load:0x00000000
        9965000	       897	80000fc2	30002df3	csrrs	x27,mstatus,x0	  x0:0x00000000 x27=0x00000080
        9975000	       898	80000fc6	01bd2023	sw	x27,0(x26)	 x26:0x8ffffffc x27:0x00000080 PA:0x8ffffffc store:0x00000080 load:0x00000000
        9985000	       899	80000fca	90000d37	lui	x26,0x90000	 x26=0x90000000
        9995000	       900	80000fce	1d71	c.addi	x26,-4	 x26:0x90000000 x26=0x8ffffffc
       10005000	       901	80000fd0	34200d93	addi	x27,x0,834	  x0:0x00000000 x27=0x00000342
       10015000	       902	80000fd4	0da2	c.slli	x27,0x8	 x27:0x00000342 x27=0x00034200
       10025000	       903	80000fd6	0d8d	c.addi	x27,3	 x27:0x00034200 x27=0x00034203
       10035000	       904	80000fd8	01bd2023	sw	x27,0(x26)	 x26:0x8ffffffc x27:0x00034203 PA:0x8ffffffc store:0x00034203 load:0x00000000
       10045000	       905	80000fdc	34202df3	csrrs	x27,mcause,x0	  x0:0x00000000 x27=0x8000000b
       10055000	       906	80000fe0	01bd2023	sw	x27,0(x26)	 x26:0x8ffffffc x27:0x8000000b PA:0x8ffffffc store:0x8000000b load:0x00000000
       10065000	       907	80000fe4	90000d37	lui	x26,0x90000	 x26=0x90000000
       10075000	       908	80000fe8	1d71	c.addi	x26,-4	 x26:0x90000000 x26=0x8ffffffc
       10085000	       909	80000fea	30400d93	addi	x27,x0,772	  x0:0x00000000 x27=0x00000304
       10095000	       910	80000fee	0da2	c.slli	x27,0x8	 x27:0x00000304 x27=0x00030400
       10105000	       911	80000ff0	0d8d	c.addi	x27,3	 x27:0x00030400 x27=0x00030403
       10115000	       912	80000ff2	01bd2023	sw	x27,0(x26)	 x26:0x8ffffffc x27:0x00030403 PA:0x8ffffffc store:0x00030403 load:0x00000000
       10125000	       913	80000ff6	30402df3	csrrs	x27,mie,x0	  x0:0x00000000 x27=0x00360888
       10135000	       914	80000ffa	01bd2023	sw	x27,0(x26)	 x26:0x8ffffffc x27:0x00360888 PA:0x8ffffffc store:0x00360888 load:0x00000000
       10145000	       915	80000ffe	90000d37	lui	x26,0x90000	 x26=0x90000000
       10155000	       916	80001002	1d71	c.addi	x26,-4	 x26:0x90000000 x26=0x8ffffffc
       10165000	       917	80001004	34400d93	addi	x27,x0,836	  x0:0x00000000 x27=0x00000344
       10175000	       918	80001008	0da2	c.slli	x27,0x8	 x27:0x00000344 x27=0x00034400
       10185000	       919	8000100a	0d8d	c.addi	x27,3	 x27:0x00034400 x27=0x00034403
       10195000	       920	8000100c	01bd2023	sw	x27,0(x26)	 x26:0x8ffffffc x27:0x00034403 PA:0x8ffffffc store:0x00034403 load:0x00000000
       10205000	       921	80001010	34402df3	csrrs	x27,mip,x0	  x0:0x00000000 x27=0x00000000
       10215000	       922	80001014	01bd2023	sw	x27,0(x26)	 x26:0x8ffffffc x27:0x00000000 PA:0x8ffffffc store:0x00000000 load:0x00000000
       10225000	       923	80001018	2b41106f	jal	x0,800122cc	  x0=0x00000000
       10245000	       925	800122cc	34002df3	csrrs	x27,mscratch,x0	  x0:0x00000000 x27=0x00000000
       10255000	       926	800122d0	01b04663	blt	x0,x27,800122dc	  x0:0x00000000 x27:0x00000000
       10265000	       927	800122d4	3400d073	csrrwi	x0,mscratch,1	  x0=0x00000000
       10275000	       928	800122d8	30046073	csrrsi	x0,mstatus,8	  x0=0x00000000
       10305000	       931	800122dc	34005073	csrrwi	x0,mscratch,0	  x0=0x00000000
       10315000	       932	800122e0	30002df3	csrrs	x27,mstatus,x0	  x0:0x00000000 x27=0x00000088
       10325000	       933	800122e4	30402df3	csrrs	x27,mie,x0	  x0:0x00000000 x27=0x00360888
       10335000	       934	800122e8	34402df3	csrrs	x27,mip,x0	  x0:0x00000000 x27=0x00000000
       10345000	       935	800122ec	344dbdf3	csrrc	x27,mip,x27	 x27:0x00000000 x27=0x00000000
       10375000	       938	800122f0	90000d37	lui	x26,0x90000	 x26=0x90000000
       10385000	       939	800122f4	1d71	c.addi	x26,-4	 x26:0x90000000 x26=0x8ffffffc
       10395000	       940	800122f6	4d9d	c.li	x27,7	 x27=0x00000007
       10405000	       941	800122f8	0da2	c.slli	x27,0x8	 x27:0x00000007 x27=0x00000700
       10415000	       942	800122fa	000d8d93	addi	x27,x27,0	 x27:0x00000700 x27=0x00000700
       10425000	       943	800122fe	01bd2023	sw	x27,0(x26)	 x26:0x8ffffffc x27:0x00000700 PA:0x8ffffffc store:0x00000700 load:0x00000000
       10435000	       944	80012302	00068bb3	add	x23,x13,x0	 x13:0x8002cc60  x0:0x00000000 x23=0x8002cc60
       10445000	       945	80012306	004ba083	lw	x1,4(x23)	 x23:0x8002cc60  x1=0x00000001 PA:0x8002cc64 load:0x00000001
       10455000	       946	8001230a	008ba103	lw	x2,8(x23)	 x23:0x8002cc60  x2=0x800135b5 PA:0x8002cc68 load:0x800135b5
       10465000	       947	8001230e	00cba183	lw	x3,12(x23)	 x23:0x8002cc60  x3=0xffffffff PA:0x8002cc6c load:0xffffffff
       10475000	       948	80012312	010ba203	lw	x4,16(x23)	 x23:0x8002cc60  x4=0x00110000 PA:0x8002cc70 load:0x00110000
       10485000	       949	80012316	014ba283	lw	x5,20(x23)	 x23:0x8002cc60  x5=0xff0f1455 PA:0x8002cc74 load:0xff0f1455
       10495000	       950	8001231a	018ba303	lw	x6,24(x23)	 x23:0x8002cc60  x6=0xffffffff PA:0x8002cc78 load:0xffffffff
       10505000	       951	8001231e	01cba383	lw	x7,28(x23)	 x23:0x8002cc60  x7=0x247fa134 PA:0x8002cc7c load:0x247fa134
       10515000	       952	80012322	020ba403	lw	x8,32(x23)	 x23:0x8002cc60  x8=0xffffffff PA:0x8002cc80 load:0xffffffff
       10525000	       953	80012326	024ba483	lw	x9,36(x23)	 x23:0x8002cc60  x9=0xa113b788 PA:0x8002cc84 load:0xa113b788
       10535000	       954	8001232a	028ba503	lw	x10,40(x23)	 x23:0x8002cc60 x10=0x00000069 PA:0x8002cc88 load:0x00000069
       10545000	       955	8001232e	02cba583	lw	x11,44(x23)	 x23:0x8002cc60 x11=0xf1e8b1fd PA:0x8002cc8c load:0xf1e8b1fd
       10555000	       956	80012332	030ba603	lw	x12,48(x23)	 x23:0x8002cc60 x12=0x800134d8 PA:0x8002cc90 load:0x800134d8
       10565000	       957	80012336	034ba683	lw	x13,52(x23)	 x23:0x8002cc60 x13=0x8002cce0 PA:0x8002cc94 load:0x8002cce0
       10575000	       958	8001233a	038ba703	lw	x14,56(x23)	 x23:0x8002cc60 x14=0xfffff88d PA:0x8002cc98 load:0xfffff88d
       10585000	       959	8001233e	03cba783	lw	x15,60(x23)	 x23:0x8002cc60 x15=0x80013665 PA:0x8002cc9c load:0x80013665
       10595000	       960	80012342	040ba803	lw	x16,64(x23)	 x23:0x8002cc60 x16=0x00000005 PA:0x8002cca0 load:0x00000005
       10605000	       961	80012346	044ba883	lw	x17,68(x23)	 x23:0x8002cc60 x17=0xffffb5e9 PA:0x8002cca4 load:0xffffb5e9
       10615000	       962	8001234a	048ba903	lw	x18,72(x23)	 x23:0x8002cc60 x18=0x0000003f PA:0x8002cca8 load:0x0000003f
       10625000	       963	8001234e	04cba983	lw	x19,76(x23)	 x23:0x8002cc60 x19=0x247fa133 PA:0x8002ccac load:0x247fa133
       10635000	       964	80012352	050baa03	lw	x20,80(x23)	 x23:0x8002cc60 x20=0x247fa135 PA:0x8002ccb0 load:0x247fa135
       10645000	       965	80012356	054baa83	lw	x21,84(x23)	 x23:0x8002cc60 x21=0xffffffe0 PA:0x8002ccb4 load:0xffffffe0
       10655000	       966	8001235a	058bab03	lw	x22,88(x23)	 x23:0x8002cc60 x22=0x510c7012 PA:0x8002ccb8 load:0x510c7012
       10665000	       967	8001235e	05cbab83	lw	x23,92(x23)	 x23:0x8002cc60 x23=0x8002cc60 PA:0x8002ccbc load:0x8002cc60
       10685000	       969	80012362	060bac03	lw	x24,96(x23)	 x23:0x8002cc60 x24=0xfffff98b PA:0x8002ccc0 load:0xfffff98b
       10695000	       970	80012366	064bac83	lw	x25,100(x23)	 x23:0x8002cc60 x25=0x00110005 PA:0x8002ccc4 load:0x00110005
       10705000	       971	8001236a	068bad03	lw	x26,104(x23)	 x23:0x8002cc60 x26=0x8001b229 PA:0x8002ccc8 load:0x8001b229
       10715000	       972	8001236e	06cbad83	lw	x27,108(x23)	 x23:0x8002cc60 x27=0x00000000 PA:0x8002cccc load:0x00000000
       10725000	       973	80012372	070bae03	lw	x28,112(x23)	 x23:0x8002cc60 x28=0x00002000 PA:0x8002ccd0 load:0x00002000
       10735000	       974	80012376	074bae83	lw	x29,116(x23)	 x23:0x8002cc60 x29=0xffffffdf PA:0x8002ccd4 load:0xffffffdf
       10745000	       975	8001237a	078baf03	lw	x30,120(x23)	 x23:0x8002cc60 x30=0x00247fa1 PA:0x8002ccd8 load:0x00247fa1
       10755000	       976	8001237e	07cbaf83	lw	x31,124(x23)	 x23:0x8002cc60 x31=0xffffffff PA:0x8002ccdc load:0xffffffff
       10765000	       977	80012382	080b8b93	addi	x23,x23,128	 x23:0x8002cc60 x23=0x8002cce0
       10775000	       978	80012386	000b86b3	add	x13,x23,x0	 x23:0x8002cce0  x0:0x00000000 x13=0x8002cce0
       10785000	       979	8001238a	0006ab83	lw	x23,0(x13)	 x13:0x8002cce0 x23=0x80028e64 PA:0x8002cce0 load:0x80028e64
       10795000	       980	8001238e	0691	c.addi	x13,4	 x13:0x8002cce0 x13=0x8002cce4
       10805000	       981	80012390	30200073	mret	
       10835000	       984	80003792	0109	c.addi	x2,2	  x2:0x800135b5  x2=0x800135b7
       10845000	       985	80003794	f2946937	lui	x18,0xf2946	 x18=0xf2946000
       10855000	       986	80003798	00b36033	or	x0,x6,x11	  x6:0xffffffff x11:0xf1e8b1fd  x0=0x00000000
       10865000	       987	8000379c	01555f63	bge	x10,x21,800037ba	 x10:0x00000069 x21:0xffffffe0
       10885000	       989	800037ba	84f9	c.srai	x9,0x1e	  x9:0xa113b788  x9=0xfffffffe
       10895000	       990	800037bc	411a5813	srai	x16,x20,0x11	 x20:0x247fa135 x16=0x0000123f
       10905000	       991	800037c0	00f2	c.slli	x1,0x1c	  x1:0x00000001  x1=0x10000000
       10915000	       992	800037c2	003cbe33	sltu	x28,x25,x3	 x25:0x00110005  x3:0xffffffff x28=0x00000001
       10925000	       993	800037c6	8cf5	c.and	x9,x13	  x9:0xfffffffe x13:0x8002cce4  x9=0x8002cce4
       10935000	       994	800037c8	850a	c.mv	x10,x2	  x0:0x00000000  x2:0x800135b7 x10=0x800135b7
       11305000	      1031	800037ca	029751b3	divu	x3,x14,x9	 x14:0xfffff88d  x9:0x8002cce4  x3=0x00000001
       11315000	      1032	800037ce	01de1c33	sll	x24,x28,x29	 x28:0x00000001 x29:0xffffffdf x24=0x80000000
       11325000	      1033	800037d2	03d8d263	bge	x17,x29,800037f6	 x17:0xffffb5e9 x29:0xffffffdf
       11335000	      1034	800037d6	01411413	slli	x8,x2,0x14	  x2:0x800135b7  x8=0x5b700000
       11345000	      1035	800037da	1bac2437	lui	x8,0x1bac2	  x8=0x1bac2000
       11355000	      1036	800037de	01220663	beq	x4,x18,800037ea	  x4:0x00110000 x18:0xf2946000
       11725000	      1073	800037e2	03daf733	remu	x14,x21,x29	 x21:0xffffffe0 x29:0xffffffdf x14=0x00000001
       11735000	      1074	800037e6	8a1d	c.andi	x12,7	 x12:0x800134d8 x12=0x00000000
       11745000	      1075	800037e8	81ca	c.mv	x3,x18	  x0:0x00000000 x18:0xf2946000  x3=0xf2946000
       11755000	      1076	800037ea	faf932b7	lui	x5,0xfaf93	  x5=0xfaf93000
       11765000	      1077	800037ee	013d7eb3	and	x29,x26,x19	 x26:0x8001b229 x19:0x247fa133 x29=0x0001a021
       11805000	      1081	800037f2	03bfbfb3	mulhu	x31,x31,x27	 x31:0xffffffff x27:0x00000000 x31=0x00000000
       11845000	      1085	800037f6	03f72233	mulhsu	x4,x14,x31	 x14:0x00000001 x31:0x00000000  x4=0x00000000
       11855000	      1086	800037fa	01f4e2b3	or	x5,x9,x31	  x9:0x8002cce4 x31:0x00000000  x5=0x8002cce4
       11865000	      1087	800037fe	9792	c.add	x15,x4	 x15:0x80013665  x4:0x00000000 x15=0x80013665
       11875000	      1088	80003800	cd09	c.beqz	x10,8000381a	 x10:0x800135b7
       11885000	      1089	80003802	0efa4e13	xori	x28,x20,239	 x20:0x247fa135 x28=0x247fa1da
       11895000	      1090	80003806	01dcd4b3	srl	x9,x25,x29	 x25:0x00110005 x29:0x0001a021  x9=0x00088002
       11905000	      1091	8000380a	40348fb3	sub	x31,x9,x3	  x9:0x00088002  x3:0xf2946000 x31=0x0d742002
       11915000	      1092	8000380e	9cfb4613	xori	x12,x22,-1585	 x22:0x510c7012 x12=0xaef389dd
       11925000	      1093	80003812	4109de33	sra	x28,x19,x16	 x19:0x247fa133 x16:0x0000123f x28=0x00000000
       11935000	      1094	80003816	41eddeb3	sra	x29,x27,x30	 x27:0x00000000 x30:0x00247fa1 x29=0x00000000
       11945000	      1095	8000381a	0a84	c.addi4spn	x9,x2,336	  x9=0x80013707
       11955000	      1096	8000381c	019fba33	sltu	x20,x31,x25	 x31:0x0d742002 x25:0x00110005 x20=0x00000000
       12325000	      1133	80003820	0238deb3	divu	x29,x17,x3	 x17:0xffffb5e9  x3:0xf2946000 x29=0x00000001
       12335000	      1134	80003824	8f6d	c.and	x14,x11	 x14:0x00000001 x11:0xf1e8b1fd x14=0x00000001
       12345000	      1135	80003826	01889213	slli	x4,x17,0x18	 x17:0xffffb5e9  x4=0xe9000000
       12355000	      1136	8000382a	1608	c.addi4spn	x10,x2,800	 x10=0x800138d7
       12725000	      1173	8000382c	0295f0b3	remu	x1,x11,x9	 x11:0xf1e8b1fd  x9:0x80013707  x1=0x71e77af6
       12765000	      1177	8000272c	fd8fe06f	jal	x0,80000f04	  x0=0x00000000
       12785000	      1179	80000f04	16f1	c.addi	x13,-4	 x13:0x8002cce4 x13=0x8002cce0
       12795000	      1180	80000f06	0176a023	sw	x23,0(x13)	 x13:0x8002cce0 x23:0x80028e64 PA:0x8002cce0 store:0x80028e64 load:0x00000000
       12805000	      1181	80000f0a	00068bb3	add	x23,x13,x0	 x13:0x8002cce0  x0:0x00000000 x23=0x8002cce0
       12815000	      1182	80000f0e	f80b8b93	addi	x23,x23,-128	 x23:0x8002cce0 x23=0x8002cc60
       12825000	      1183	80000f12	001ba223	sw	x1,4(x23)	 x23:0x8002cc60  x1:0x71e77af6 PA:0x8002cc64 store:0x71e77af6 load:0x00000000
       12835000	      1184	80000f16	002ba423	sw	x2,8(x23)	 x23:0x8002cc60  x2:0x800135b7 PA:0x8002cc68 store:0x800135b7 load:0x00000000
       12845000	      1185	80000f1a	003ba623	sw	x3,12(x23)	 x23:0x8002cc60  x3:0xf2946000 PA:0x8002cc6c store:0xf2946000 load:0x00000000
       12855000	      1186	80000f1e	004ba823	sw	x4,16(x23)	 x23:0x8002cc60  x4:0xe9000000 PA:0x8002cc70 store:0xe9000000 load:0x00000000
       12865000	      1187	80000f22	005baa23	sw	x5,20(x23)	 x23:0x8002cc60  x5:0x8002cce4 PA:0x8002cc74 store:0x8002cce4 load:0x00000000
       12875000	      1188	80000f26	006bac23	sw	x6,24(x23)	 x23:0x8002cc60  x6:0xffffffff PA:0x8002cc78 store:0xffffffff load:0x00000000
       12885000	      1189	80000f2a	007bae23	sw	x7,28(x23)	 x23:0x8002cc60  x7:0x247fa134 PA:0x8002cc7c store:0x247fa134 load:0x00000000
       12895000	      1190	80000f2e	028ba023	sw	x8,32(x23)	 x23:0x8002cc60  x8:0x1bac2000 PA:0x8002cc80 store:0x1bac2000 load:0x00000000
       12905000	      1191	80000f32	029ba223	sw	x9,36(x23)	 x23:0x8002cc60  x9:0x80013707 PA:0x8002cc84 store:0x80013707 load:0x00000000
       12915000	      1192	80000f36	02aba423	sw	x10,40(x23)	 x23:0x8002cc60 x10:0x800138d7 PA:0x8002cc88 store:0x800138d7 load:0x00000000
       12925000	      1193	80000f3a	02bba623	sw	x11,44(x23)	 x23:0x8002cc60 x11:0xf1e8b1fd PA:0x8002cc8c store:0xf1e8b1fd load:0x00000000
       12935000	      1194	80000f3e	02cba823	sw	x12,48(x23)	 x23:0x8002cc60 x12:0xaef389dd PA:0x8002cc90 store:0xaef389dd load:0x00000000
       12945000	      1195	80000f42	02dbaa23	sw	x13,52(x23)	 x23:0x8002cc60 x13:0x8002cce0 PA:0x8002cc94 store:0x8002cce0 load:0x00000000
       12955000	      1196	80000f46	02ebac23	sw	x14,56(x23)	 x23:0x8002cc60 x14:0x00000001 PA:0x8002cc98 store:0x00000001 load:0x00000000
       12965000	      1197	80000f4a	02fbae23	sw	x15,60(x23)	 x23:0x8002cc60 x15:0x80013665 PA:0x8002cc9c store:0x80013665 load:0x00000000
       12975000	      1198	80000f4e	050ba023	sw	x16,64(x23)	 x23:0x8002cc60 x16:0x0000123f PA:0x8002cca0 store:0x0000123f load:0x00000000
       12985000	      1199	80000f52	051ba223	sw	x17,68(x23)	 x23:0x8002cc60 x17:0xffffb5e9 PA:0x8002cca4 store:0xffffb5e9 load:0x00000000
       12995000	      1200	80000f56	052ba423	sw	x18,72(x23)	 x23:0x8002cc60 x18:0xf2946000 PA:0x8002cca8 store:0xf2946000 load:0x00000000
       13005000	      1201	80000f5a	053ba623	sw	x19,76(x23)	 x23:0x8002cc60 x19:0x247fa133 PA:0x8002ccac store:0x247fa133 load:0x00000000
       13015000	      1202	80000f5e	054ba823	sw	x20,80(x23)	 x23:0x8002cc60 x20:0x00000000 PA:0x8002ccb0 store:0x00000000 load:0x00000000
       13025000	      1203	80000f62	055baa23	sw	x21,84(x23)	 x23:0x8002cc60 x21:0xffffffe0 PA:0x8002ccb4 store:0xffffffe0 load:0x00000000
       13035000	      1204	80000f66	056bac23	sw	x22,88(x23)	 x23:0x8002cc60 x22:0x510c7012 PA:0x8002ccb8 store:0x510c7012 load:0x00000000
       13045000	      1205	80000f6a	057bae23	sw	x23,92(x23)	 x23:0x8002cc60 x23:0x8002cc60 PA:0x8002ccbc store:0x8002cc60 load:0x00000000
       13055000	      1206	80000f6e	078ba023	sw	x24,96(x23)	 x23:0x8002cc60 x24:0x80000000 PA:0x8002ccc0 store:0x80000000 load:0x00000000
       13065000	      1207	80000f72	079ba223	sw	x25,100(x23)	 x23:0x8002cc60 x25:0x00110005 PA:0x8002ccc4 store:0x00110005 load:0x00000000
       13075000	      1208	80000f76	07aba423	sw	x26,104(x23)	 x23:0x8002cc60 x26:0x8001b229 PA:0x8002ccc8 store:0x8001b229 load:0x00000000
       13085000	      1209	80000f7a	07bba623	sw	x27,108(x23)	 x23:0x8002cc60 x27:0x00000000 PA:0x8002cccc store:0x00000000 load:0x00000000
       13095000	      1210	80000f7e	07cba823	sw	x28,112(x23)	 x23:0x8002cc60 x28:0x00000000 PA:0x8002ccd0 store:0x00000000 load:0x00000000
       13105000	      1211	80000f82	07dbaa23	sw	x29,116(x23)	 x23:0x8002cc60 x29:0x00000001 PA:0x8002ccd4 store:0x00000001 load:0x00000000
       13115000	      1212	80000f86	07ebac23	sw	x30,120(x23)	 x23:0x8002cc60 x30:0x00247fa1 PA:0x8002ccd8 store:0x00247fa1 load:0x00000000
       13125000	      1213	80000f8a	07fbae23	sw	x31,124(x23)	 x23:0x8002cc60 x31:0x0d742002 PA:0x8002ccdc store:0x0d742002 load:0x00000000
       13135000	      1214	80000f8e	000b86b3	add	x13,x23,x0	 x23:0x8002cc60  x0:0x00000000 x13=0x8002cc60
       13145000	      1215	80000f92	90000d37	lui	x26,0x90000	 x26=0x90000000
       13155000	      1216	80000f96	1d71	c.addi	x26,-4	 x26:0x90000000 x26=0x8ffffffc
       13165000	      1217	80000f98	4d99	c.li	x27,6	 x27=0x00000006
       13175000	      1218	80000f9a	0da2	c.slli	x27,0x8	 x27:0x00000006 x27=0x00000600
       13185000	      1219	80000f9c	000d8d93	addi	x27,x27,0	 x27:0x00000600 x27=0x00000600
       13195000	      1220	80000fa0	01bd2023	sw	x27,0(x26)	 x26:0x8ffffffc x27:0x00000600 PA:0x8ffffffc store:0x00000600 load:0x00000000
       13205000	      1221	80000fa4	34202df3	csrrs	x27,mcause,x0	  x0:0x00000000 x27=0x8000000b
       13215000	      1222	80000fa8	01fddd93	srli	x27,x27,0x1f	 x27:0x8000000b x27=0x00000001
       13225000	      1223	80000fac	060d8863	beq	x27,x0,8000101c	 x27:0x00000001  x0:0x00000000
       13235000	      1224	80000fb0	90000d37	lui	x26,0x90000	 x26=0x90000000
       13245000	      1225	80000fb4	1d71	c.addi	x26,-4	 x26:0x90000000 x26=0x8ffffffc
       13255000	      1226	80000fb6	30000d93	addi	x27,x0,768	  x0:0x00000000 x27=0x00000300
       13265000	      1227	80000fba	0da2	c.slli	x27,0x8	 x27:0x00000300 x27=0x00030000
       13275000	      1228	80000fbc	0d8d	c.addi	x27,3	 x27:0x00030000 x27=0x00030003
       13285000	      1229	80000fbe	01bd2023	sw	x27,0(x26)	 x26:0x8ffffffc x27:0x00030003 PA:0x8ffffffc store:0x00030003 load:0x00000000
       13295000	      1230	80000fc2	30002df3	csrrs	x27,mstatus,x0	  x0:0x00000000 x27=0x00000080
       13305000	      1231	80000fc6	01bd2023	sw	x27,0(x26)	 x26:0x8ffffffc x27:0x00000080 PA:0x8ffffffc store:0x00000080 load:0x00000000
       13315000	      1232	80000fca	90000d37	lui	x26,0x90000	 x26=0x90000000
       13325000	      1233	80000fce	1d71	c.addi	x26,-4	 x26:0x90000000 x26=0x8ffffffc
       13335000	      1234	80000fd0	34200d93	addi	x27,x0,834	  x0:0x00000000 x27=0x00000342
       13345000	      1235	80000fd4	0da2	c.slli	x27,0x8	 x27:0x00000342 x27=0x00034200
       13355000	      1236	80000fd6	0d8d	c.addi	x27,3	 x27:0x00034200 x27=0x00034203
       13365000	      1237	80000fd8	01bd2023	sw	x27,0(x26)	 x26:0x8ffffffc x27:0x00034203 PA:0x8ffffffc store:0x00034203 load:0x00000000
       13375000	      1238	80000fdc	34202df3	csrrs	x27,mcause,x0	  x0:0x00000000 x27=0x8000000b
       13385000	      1239	80000fe0	01bd2023	sw	x27,0(x26)	 x26:0x8ffffffc x27:0x8000000b PA:0x8ffffffc store:0x8000000b load:0x00000000
       13395000	      1240	80000fe4	90000d37	lui	x26,0x90000	 x26=0x90000000
       13405000	      1241	80000fe8	1d71	c.addi	x26,-4	 x26:0x90000000 x26=0x8ffffffc
       13415000	      1242	80000fea	30400d93	addi	x27,x0,772	  x0:0x00000000 x27=0x00000304
       13425000	      1243	80000fee	0da2	c.slli	x27,0x8	 x27:0x00000304 x27=0x00030400
       13435000	      1244	80000ff0	0d8d	c.addi	x27,3	 x27:0x00030400 x27=0x00030403
       13445000	      1245	80000ff2	01bd2023	sw	x27,0(x26)	 x26:0x8ffffffc x27:0x00030403 PA:0x8ffffffc store:0x00030403 load:0x00000000
       13455000	      1246	80000ff6	30402df3	csrrs	x27,mie,x0	  x0:0x00000000 x27=0x00360888
       13465000	      1247	80000ffa	01bd2023	sw	x27,0(x26)	 x26:0x8ffffffc x27:0x00360888 PA:0x8ffffffc store:0x00360888 load:0x00000000
       13475000	      1248	80000ffe	90000d37	lui	x26,0x90000	 x26=0x90000000
       13485000	      1249	80001002	1d71	c.addi	x26,-4	 x26:0x90000000 x26=0x8ffffffc
       13495000	      1250	80001004	34400d93	addi	x27,x0,836	  x0:0x00000000 x27=0x00000344
       13505000	      1251	80001008	0da2	c.slli	x27,0x8	 x27:0x00000344 x27=0x00034400
       13515000	      1252	8000100a	0d8d	c.addi	x27,3	 x27:0x00034400 x27=0x00034403
       13525000	      1253	8000100c	01bd2023	sw	x27,0(x26)	 x26:0x8ffffffc x27:0x00034403 PA:0x8ffffffc store:0x00034403 load:0x00000000
       13535000	      1254	80001010	34402df3	csrrs	x27,mip,x0	  x0:0x00000000 x27=0x00000000
       13545000	      1255	80001014	01bd2023	sw	x27,0(x26)	 x26:0x8ffffffc x27:0x00000000 PA:0x8ffffffc store:0x00000000 load:0x00000000
       13555000	      1256	80001018	2b41106f	jal	x0,800122cc	  x0=0x00000000
       13575000	      1258	800122cc	34002df3	csrrs	x27,mscratch,x0	  x0:0x00000000 x27=0x00000000
       13585000	      1259	800122d0	01b04663	blt	x0,x27,800122dc	  x0:0x00000000 x27:0x00000000
       13595000	      1260	800122d4	3400d073	csrrwi	x0,mscratch,1	  x0=0x00000000
       13605000	      1261	800122d8	30046073	csrrsi	x0,mstatus,8	  x0=0x00000000
       13635000	      1264	800122dc	34005073	csrrwi	x0,mscratch,0	  x0=0x00000000
       13645000	      1265	800122e0	30002df3	csrrs	x27,mstatus,x0	  x0:0x00000000 x27=0x00000088
       13655000	      1266	800122e4	30402df3	csrrs	x27,mie,x0	  x0:0x00000000 x27=0x00360888
       13665000	      1267	800122e8	34402df3	csrrs	x27,mip,x0	  x0:0x00000000 x27=0x00000000
       13675000	      1268	800122ec	344dbdf3	csrrc	x27,mip,x27	 x27:0x00000000 x27=0x00000000
       13705000	      1271	800122f0	90000d37	lui	x26,0x90000	 x26=0x90000000
       13715000	      1272	800122f4	1d71	c.addi	x26,-4	 x26:0x90000000 x26=0x8ffffffc
       13725000	      1273	800122f6	4d9d	c.li	x27,7	 x27=0x00000007
       13735000	      1274	800122f8	0da2	c.slli	x27,0x8	 x27:0x00000007 x27=0x00000700
       13745000	      1275	800122fa	000d8d93	addi	x27,x27,0	 x27:0x00000700 x27=0x00000700
       13755000	      1276	800122fe	01bd2023	sw	x27,0(x26)	 x26:0x8ffffffc x27:0x00000700 PA:0x8ffffffc store:0x00000700 load:0x00000000
       13765000	      1277	80012302	00068bb3	add	x23,x13,x0	 x13:0x8002cc60  x0:0x00000000 x23=0x8002cc60
       13775000	      1278	80012306	004ba083	lw	x1,4(x23)	 x23:0x8002cc60  x1=0x71e77af6 PA:0x8002cc64 load:0x71e77af6
       13785000	      1279	8001230a	008ba103	lw	x2,8(x23)	 x23:0x8002cc60  x2=0x800135b7 PA:0x8002cc68 load:0x800135b7
       13795000	      1280	8001230e	00cba183	lw	x3,12(x23)	 x23:0x8002cc60  x3=0xf2946000 PA:0x8002cc6c load:0xf2946000
       13805000	      1281	80012312	010ba203	lw	x4,16(x23)	 x23:0x8002cc60  x4=0xe9000000 PA:0x8002cc70 load:0xe9000000
       13815000	      1282	80012316	014ba283	lw	x5,20(x23)	 x23:0x8002cc60  x5=0x8002cce4 PA:0x8002cc74 load:0x8002cce4
       13825000	      1283	8001231a	018ba303	lw	x6,24(x23)	 x23:0x8002cc60  x6=0xffffffff PA:0x8002cc78 load:0xffffffff
       13835000	      1284	8001231e	01cba383	lw	x7,28(x23)	 x23:0x8002cc60  x7=0x247fa134 PA:0x8002cc7c load:0x247fa134
       13845000	      1285	80012322	020ba403	lw	x8,32(x23)	 x23:0x8002cc60  x8=0x1bac2000 PA:0x8002cc80 load:0x1bac2000
       13855000	      1286	80012326	024ba483	lw	x9,36(x23)	 x23:0x8002cc60  x9=0x80013707 PA:0x8002cc84 load:0x80013707
       13865000	      1287	8001232a	028ba503	lw	x10,40(x23)	 x23:0x8002cc60 x10=0x800138d7 PA:0x8002cc88 load:0x800138d7
       13875000	      1288	8001232e	02cba583	lw	x11,44(x23)	 x23:0x8002cc60 x11=0xf1e8b1fd PA:0x8002cc8c load:0xf1e8b1fd
       13885000	      1289	80012332	030ba603	lw	x12,48(x23)	 x23:0x8002cc60 x12=0xaef389dd PA:0x8002cc90 load:0xaef389dd
       13895000	      1290	80012336	034ba683	lw	x13,52(x23)	 x23:0x8002cc60 x13=0x8002cce0 PA:0x8002cc94 load:0x8002cce0
       13905000	      1291	8001233a	038ba703	lw	x14,56(x23)	 x23:0x8002cc60 x14=0x00000001 PA:0x8002cc98 load:0x00000001
       13915000	      1292	8001233e	03cba783	lw	x15,60(x23)	 x23:0x8002cc60 x15=0x80013665 PA:0x8002cc9c load:0x80013665
       13925000	      1293	80012342	040ba803	lw	x16,64(x23)	 x23:0x8002cc60 x16=0x0000123f PA:0x8002cca0 load:0x0000123f
       13935000	      1294	80012346	044ba883	lw	x17,68(x23)	 x23:0x8002cc60 x17=0xffffb5e9 PA:0x8002cca4 load:0xffffb5e9
       13945000	      1295	8001234a	048ba903	lw	x18,72(x23)	 x23:0x8002cc60 x18=0xf2946000 PA:0x8002cca8 load:0xf2946000
       13955000	      1296	8001234e	04cba983	lw	x19,76(x23)	 x23:0x8002cc60 x19=0x247fa133 PA:0x8002ccac load:0x247fa133
       13965000	      1297	80012352	050baa03	lw	x20,80(x23)	 x23:0x8002cc60 x20=0x00000000 PA:0x8002ccb0 load:0x00000000
       13975000	      1298	80012356	054baa83	lw	x21,84(x23)	 x23:0x8002cc60 x21=0xffffffe0 PA:0x8002ccb4 load:0xffffffe0
       13985000	      1299	8001235a	058bab03	lw	x22,88(x23)	 x23:0x8002cc60 x22=0x510c7012 PA:0x8002ccb8 load:0x510c7012
       13995000	      1300	8001235e	05cbab83	lw	x23,92(x23)	 x23:0x8002cc60 x23=0x8002cc60 PA:0x8002ccbc load:0x8002cc60
       14015000	      1302	80012362	060bac03	lw	x24,96(x23)	 x23:0x8002cc60 x24=0x80000000 PA:0x8002ccc0 load:0x80000000
       14025000	      1303	80012366	064bac83	lw	x25,100(x23)	 x23:0x8002cc60 x25=0x00110005 PA:0x8002ccc4 load:0x00110005
       14035000	      1304	8001236a	068bad03	lw	x26,104(x23)	 x23:0x8002cc60 x26=0x8001b229 PA:0x8002ccc8 load:0x8001b229
       14045000	      1305	8001236e	06cbad83	lw	x27,108(x23)	 x23:0x8002cc60 x27=0x00000000 PA:0x8002cccc load:0x00000000
       14055000	      1306	80012372	070bae03	lw	x28,112(x23)	 x23:0x8002cc60 x28=0x00000000 PA:0x8002ccd0 load:0x00000000
       14065000	      1307	80012376	074bae83	lw	x29,116(x23)	 x23:0x8002cc60 x29=0x00000001 PA:0x8002ccd4 load:0x00000001
       14075000	      1308	8001237a	078baf03	lw	x30,120(x23)	 x23:0x8002cc60 x30=0x00247fa1 PA:0x8002ccd8 load:0x00247fa1
       14085000	      1309	8001237e	07cbaf83	lw	x31,124(x23)	 x23:0x8002cc60 x31=0x0d742002 PA:0x8002ccdc load:0x0d742002
       14095000	      1310	80012382	080b8b93	addi	x23,x23,128	 x23:0x8002cc60 x23=0x8002cce0
       14105000	      1311	80012386	000b86b3	add	x13,x23,x0	 x23:0x8002cce0  x0:0x00000000 x13=0x8002cce0
       14115000	      1312	8001238a	0006ab83	lw	x23,0(x13)	 x13:0x8002cce0 x23=0x80028e64 PA:0x8002cce0 load:0x80028e64
       14125000	      1313	8001238e	0691	c.addi	x13,4	 x13:0x8002cce0 x13=0x8002cce4
       14135000	      1314	80012390	30200073	mret	
       14525000	      1353	80003830	03a56033	rem	x0,x10,x26	 x10:0x800138d7 x26:0x8001b229  x0=0x00000000
       14535000	      1354	80003834	fd850113	addi	x2,x10,-40	 x10:0x800138d7  x2=0x800138af
       14545000	      1355	80003838	005f34b3	sltu	x9,x30,x5	 x30:0x00247fa1  x5:0x8002cce4  x9=0x00000001
       14555000	      1356	8000383c	07319a63	bne	x3,x19,800038b0	  x3:0xf2946000 x19:0x247fa133
       14575000	      1358	800038b0	005a1a93	slli	x21,x20,0x5	 x20:0x00000000 x21=0x00000000
       14585000	      1359	800038b4	8f75	c.and	x14,x13	 x14:0x00000001 x13:0x8002cce4 x14=0x00000000
       14595000	      1360	800038b6	58282e13	slti	x28,x16,1410	 x16:0x0000123f x28=0x00000000
       14605000	      1361	800038ba	01c8bf33	sltu	x30,x17,x28	 x17:0xffffb5e9 x28:0x00000000 x30=0x00000000
       14615000	      1362	800038be	c831f513	andi	x10,x3,-893	  x3:0xf2946000 x10=0xf2946000
       14625000	      1363	800038c2	827d	c.srli	x12,0x1f	 x12:0xaef389dd x12=0x00000001
       14635000	      1364	800038c4	617d	c.addi16sp	x2,496	  x2:0x800138af  x2=0x80013a9f
       14645000	      1365	800038c6	020d6463	bltu	x26,x0,800038ee	 x26:0x8001b229  x0:0x00000000
       14655000	      1366	800038ca	40095133	sra	x2,x18,x0	 x18:0xf2946000  x0:0x00000000  x2=0xf2946000
       14665000	      1367	800038ce	0177f1b3	and	x3,x15,x23	 x15:0x80013665 x23:0x80028e64  x3=0x80000664
       14675000	      1368	800038d2	e795	c.bnez	x15,800038fe	 x15:0x80013665
       14735000	      1374	800038fe	02da9d33	mulh	x26,x21,x13	 x21:0x00000000 x13:0x8002cce4 x26=0x00000000
       14745000	      1375	80003902	01eb9933	sll	x18,x23,x30	 x23:0x80028e64 x30:0x00000000 x18=0x80028e64
       14755000	      1376	80003906	00012997	auipc	x19,0x12	 x19=0x80015906
       14765000	      1377	8000390a	dd498993	addi	x19,x19,-556	 x19:0x80015906 x19=0x800156da
       14775000	      1378	8000390e	0001a897	auipc	x17,0x1a	 x17=0x8001d90e
       14785000	      1379	80003912	b4e88893	addi	x17,x17,-1202	 x17:0x8001d90e x17=0x8001d45c
       14795000	      1380	80003916	00988003	lb	x0,9(x17)	 x17:0x8001d45c  x0=0x00000000 PA:0x8001d465 load:0xffffffb7
       14805000	      1381	8000391a	fc48cf83	lbu	x31,-60(x17)	 x17:0x8001d45c x31=0x00000045 PA:0x8001d420 load:0x00000045
       14815000	      1382	8000391e	ff29de83	lhu	x29,-14(x19)	 x19:0x800156da x29=0x00007a76 PA:0x800156cc load:0x00007a76
       14825000	      1383	80003922	ff88db03	lhu	x22,-8(x17)	 x17:0x8001d45c x22=0x00003a12 PA:0x8001d454 load:0x00003a12
       14835000	      1384	80003926	ff0880a3	sb	x16,-31(x17)	 x17:0x8001d45c x16:0x0000123f PA:0x8001d43d store:0x0000123f load:0x00000000
       14845000	      1385	8000392a	0188d303	lhu	x6,24(x17)	 x17:0x8001d45c  x6=0x00006059 PA:0x8001d474 load:0x00006059
       14855000	      1386	8000392e	0069ad83	lw	x27,6(x19)	 x19:0x800156da x27=0x64edbf80 PA:0x800156e0 load:0x64edbf80
       14865000	      1387	80003932	03e89083	lh	x1,62(x17)	 x17:0x8001d45c  x1=0xffff8308 PA:0x8001d49a load:0xffff8308
       14875000	      1388	80003936	00898003	lb	x0,8(x19)	 x19:0x800156da  x0=0x00000000 PA:0x800156e2 load:0xffffffed
       14885000	      1389	8000393a	0049c303	lbu	x6,4(x19)	 x19:0x800156da  x6=0x00000038 PA:0x800156de load:0x00000038
       14895000	      1390	8000393e	0398c303	lbu	x6,57(x17)	 x17:0x8001d45c  x6=0x0000001c PA:0x8001d495 load:0x0000001c
       14905000	      1391	80003942	fed8c183	lbu	x3,-19(x17)	 x17:0x8001d45c  x3=0x00000001 PA:0x8001d449 load:0x00000001
       14915000	      1392	80003946	fed89523	sh	x13,-22(x17)	 x17:0x8001d45c x13:0x8002cce4 PA:0x8001d446 store:0x8002cce4 load:0x00000000
       14925000	      1393	8000394a	ffa9dc03	lhu	x24,-6(x19)	 x19:0x800156da x24=0x00005de8 PA:0x800156d4 load:0x00005de8
       14935000	      1394	8000394e	ff498f03	lb	x30,-12(x19)	 x19:0x800156da x30=0xffffffeb PA:0x800156ce load:0xffffffeb
       14945000	      1395	80003952	03f89e23	sh	x31,60(x17)	 x17:0x8001d45c x31:0x00000045 PA:0x8001d498 store:0x00000045 load:0x00000000
       14955000	      1396	80003956	0ff0000f	fence	iorw,iorw	
       14965000	      1397	8000395a	ffffd597	auipc	x11,0xffffd	 x11=0x8000095a
       14975000	      1398	8000395e	a1a58593	addi	x11,x11,-1510	 x11:0x8000095a x11=0x80000374
       14985000	      1399	80003962	00058067	jalr	x0,0(x11)	 x11:0x80000374  x0=0x00000000
       15005000	      1401	80000374	90000d37	lui	x26,0x90000	 x26=0x90000000
       15015000	      1402	80000378	1d61	c.addi	x26,-8	 x26:0x90000000 x26=0x8ffffff8
       15025000	      1403	8000037a	4d81	c.li	x27,0	 x27=0x00000000
       15035000	      1404	8000037c	0da2	c.slli	x27,0x8	 x27:0x00000000 x27=0x00000000
       15045000	      1405	8000037e	0d85	c.addi	x27,1	 x27:0x00000000 x27=0x00000001
       15055000	      1406	80000380	01bd2023	sw	x27,0(x26)	 x26:0x8ffffff8 x27:0x00000001 PA:0x8ffffff8 store:0x00000001 load:0x00000000
       15065000	      1407	80000384	00000073	ecall	
       15095000	      1410	80002700	0800006f	jal	x0,80002780	  x0=0x00000000
       15115000	      1412	80002780	16f1	c.addi	x13,-4	 x13:0x8002cce4 x13=0x8002cce0
       15125000	      1413	80002782	0176a023	sw	x23,0(x13)	 x13:0x8002cce0 x23:0x80028e64 PA:0x8002cce0 store:0x80028e64 load:0x00000000
