core   0: 0x80000080 (0x40001637) lui     a2, 0x40001
core   0: 3 0x80000080 (0x40001637) x12 0x40001000
core   0: 0x80000084 (0x10660613) addi    a2, a2, 262
core   0: 3 0x80000084 (0x10660613) x12 0x40001106
core   0: 0x80000088 (0x30161073) csrw    misa, a2
core   0: 3 0x80000088 (0x30161073) c769_misa 0x40901104
core   0: 0x8000008c (0x00026f17) auipc   t5, 0x26
core   0: 3 0x8000008c (0x00026f17) x30 0x8002608c
core   0: 0x80000090 (0xc58f0f13) addi    t5, t5, -936
core   0: 3 0x80000090 (0xc58f0f13) x30 0x80025ce4
core   0: 0x80000094 (0x00002617) auipc   a2, 0x2
core   0: 3 0x80000094 (0x00002617) x12 0x80002094
core   0: 0x80000098 (0x46c60613) addi    a2, a2, 1132
core   0: 3 0x80000098 (0x46c60613) x12 0x80002500
core   0: 0x8000009c (0x00166613) ori     a2, a2, 1
core   0: 3 0x8000009c (0x00166613) x12 0x80002501
core   0: 0x800000a0 (0x30561073) csrw    mtvec, a2
core   0: 3 0x800000a0 (0x30561073) c773_mtvec 0x80002501
core   0: 0x800000a4 (0x74725073) csrwi   mseccfg, 4
core   0: 3 0x800000a4 (0x74725073) c1863_mseccfg 0x00000004
core   0: 0x800000a8 (0x00003597) auipc   a1, 0x3
core   0: 3 0x800000a8 (0x00003597) x11 0x800030a8
core   0: 0x800000ac (0x18c58593) addi    a1, a1, 396
core   0: 3 0x800000ac (0x18c58593) x11 0x80003234
core   0: 0x800000b0 (0x00004601) c.li    a2, 0
core   0: 3 0x800000b0 (0x4601) x12 0x00000000
core   0: 0x800000b2 (0x000095b2) c.add   a1, a2
core   0: 3 0x800000b2 (0x95b2) x11 0x80003234
core   0: 0x800000b4 (0x00008189) c.srli  a1, 2
core   0: 3 0x800000b4 (0x8189) x11 0x20000c8d
core   0: 0x800000b6 (0x3b059073) csrw    pmpaddr0, a1
core   0: 3 0x800000b6 (0x3b059073) c944_pmpaddr0 0x20000c8d
core   0: 0x800000ba (0x00003597) auipc   a1, 0x3
core   0: 3 0x800000ba (0x00003597) x11 0x800030ba
core   0: 0x800000be (0x17a58593) addi    a1, a1, 378
core   0: 3 0x800000be (0x17a58593) x11 0x80003234
core   0: 0x800000c2 (0x11111637) lui     a2, 0x11111
core   0: 3 0x800000c2 (0x11111637) x12 0x11111000
core   0: 0x800000c6 (0x11160613) addi    a2, a2, 273
core   0: 3 0x800000c6 (0x11160613) x12 0x11111111
core   0: 0x800000ca (0x000095b2) c.add   a1, a2
core   0: 3 0x800000ca (0x95b2) x11 0x91114345
core   0: 0x800000cc (0x00008189) c.srli  a1, 2
core   0: 3 0x800000cc (0x8189) x11 0x244450d1
core   0: 0x800000ce (0x3b159073) csrw    pmpaddr1, a1
core   0: 3 0x800000ce (0x3b159073) c945_pmpaddr1 0x244450d1
core   0: 0x800000d2 (0x00003597) auipc   a1, 0x3
core   0: 3 0x800000d2 (0x00003597) x11 0x800030d2
core   0: 0x800000d6 (0x16258593) addi    a1, a1, 354
core   0: 3 0x800000d6 (0x16258593) x11 0x80003234
core   0: 0x800000da (0x22222637) lui     a2, 0x22222
core   0: 3 0x800000da (0x22222637) x12 0x22222000
core   0: 0x800000de (0x22260613) addi    a2, a2, 546
core   0: 3 0x800000de (0x22260613) x12 0x22222222
core   0: 0x800000e2 (0x000095b2) c.add   a1, a2
core   0: 3 0x800000e2 (0x95b2) x11 0xa2225456
core   0: 0x800000e4 (0x00008189) c.srli  a1, 2
core   0: 3 0x800000e4 (0x8189) x11 0x28889515
core   0: 0x800000e6 (0x3b259073) csrw    pmpaddr2, a1
core   0: 3 0x800000e6 (0x3b259073) c946_pmpaddr2 0x28889515
core   0: 0x800000ea (0x00003597) auipc   a1, 0x3
core   0: 3 0x800000ea (0x00003597) x11 0x800030ea
core   0: 0x800000ee (0x14a58593) addi    a1, a1, 330
core   0: 3 0x800000ee (0x14a58593) x11 0x80003234
core   0: 0x800000f2 (0x33333637) lui     a2, 0x33333
core   0: 3 0x800000f2 (0x33333637) x12 0x33333000
core   0: 0x800000f6 (0x33360613) addi    a2, a2, 819
core   0: 3 0x800000f6 (0x33360613) x12 0x33333333
core   0: 0x800000fa (0x000095b2) c.add   a1, a2
core   0: 3 0x800000fa (0x95b2) x11 0xb3336567
core   0: 0x800000fc (0x00008189) c.srli  a1, 2
core   0: 3 0x800000fc (0x8189) x11 0x2cccd959
core   0: 0x800000fe (0x3b359073) csrw    pmpaddr3, a1
core   0: 3 0x800000fe (0x3b359073) c947_pmpaddr3 0x2cccd959
core   0: 0x80000102 (0x0f0f15b7) lui     a1, 0xf0f1
core   0: 3 0x80000102 (0x0f0f15b7) x11 0x0f0f1000
core   0: 0x80000106 (0xf0f58593) addi    a1, a1, -241
core   0: 3 0x80000106 (0xf0f58593) x11 0x0f0f0f0f
core   0: 0x8000010a (0x3a059073) csrw    pmpcfg0, a1
core   0: 3 0x8000010a (0x3a059073) c928_pmpcfg0 0x0f0f0f0f
core   0: 0x8000010e (0x00003597) auipc   a1, 0x3
core   0: 3 0x8000010e (0x00003597) x11 0x8000310e
core   0: 0x80000112 (0x12658593) addi    a1, a1, 294
core   0: 3 0x80000112 (0x12658593) x11 0x80003234
core   0: 0x80000116 (0x44444637) lui     a2, 0x44444
core   0: 3 0x80000116 (0x44444637) x12 0x44444000
core   0: 0x8000011a (0x44460613) addi    a2, a2, 1092
core   0: 3 0x8000011a (0x44460613) x12 0x44444444
core   0: 0x8000011e (0x000095b2) c.add   a1, a2
core   0: 3 0x8000011e (0x95b2) x11 0xc4447678
core   0: 0x80000120 (0x00008189) c.srli  a1, 2
core   0: 3 0x80000120 (0x8189) x11 0x31111d9e
core   0: 0x80000122 (0x3b459073) csrw    pmpaddr4, a1
core   0: 3 0x80000122 (0x3b459073) c948_pmpaddr4 0x31111d9e
core   0: 0x80000126 (0x00003597) auipc   a1, 0x3
core   0: 3 0x80000126 (0x00003597) x11 0x80003126
core   0: 0x8000012a (0x10e58593) addi    a1, a1, 270
core   0: 3 0x8000012a (0x10e58593) x11 0x80003234
core   0: 0x8000012e (0x55555637) lui     a2, 0x55555
core   0: 3 0x8000012e (0x55555637) x12 0x55555000
core   0: 0x80000132 (0x55560613) addi    a2, a2, 1365
core   0: 3 0x80000132 (0x55560613) x12 0x55555555
core   0: 0x80000136 (0x000095b2) c.add   a1, a2
core   0: 3 0x80000136 (0x95b2) x11 0xd5558789
core   0: 0x80000138 (0x00008189) c.srli  a1, 2
core   0: 3 0x80000138 (0x8189) x11 0x355561e2
core   0: 0x8000013a (0x3b559073) csrw    pmpaddr5, a1
core   0: 3 0x8000013a (0x3b559073) c949_pmpaddr5 0x355561e2
core   0: 0x8000013e (0x00003597) auipc   a1, 0x3
core   0: 3 0x8000013e (0x00003597) x11 0x8000313e
core   0: 0x80000142 (0x0f658593) addi    a1, a1, 246
core   0: 3 0x80000142 (0x0f658593) x11 0x80003234
core   0: 0x80000146 (0x66666637) lui     a2, 0x66666
core   0: 3 0x80000146 (0x66666637) x12 0x66666000
core   0: 0x8000014a (0x66660613) addi    a2, a2, 1638
core   0: 3 0x8000014a (0x66660613) x12 0x66666666
core   0: 0x8000014e (0x000095b2) c.add   a1, a2
core   0: 3 0x8000014e (0x95b2) x11 0xe666989a
core   0: 0x80000150 (0x00008189) c.srli  a1, 2
core   0: 3 0x80000150 (0x8189) x11 0x3999a626
core   0: 0x80000152 (0x3b659073) csrw    pmpaddr6, a1
core   0: 3 0x80000152 (0x3b659073) c950_pmpaddr6 0x3999a626
core   0: 0x80000156 (0x00003597) auipc   a1, 0x3
core   0: 3 0x80000156 (0x00003597) x11 0x80003156
core   0: 0x8000015a (0x0de58593) addi    a1, a1, 222
core   0: 3 0x8000015a (0x0de58593) x11 0x80003234
core   0: 0x8000015e (0x77777637) lui     a2, 0x77777
core   0: 3 0x8000015e (0x77777637) x12 0x77777000
core   0: 0x80000162 (0x77760613) addi    a2, a2, 1911
core   0: 3 0x80000162 (0x77760613) x12 0x77777777
core   0: 0x80000166 (0x000095b2) c.add   a1, a2
core   0: 3 0x80000166 (0x95b2) x11 0xf777a9ab
core   0: 0x80000168 (0x00008189) c.srli  a1, 2
core   0: 3 0x80000168 (0x8189) x11 0x3dddea6a
core   0: 0x8000016a (0x3b759073) csrw    pmpaddr7, a1
core   0: 3 0x8000016a (0x3b759073) c951_pmpaddr7 0x3dddea6a
core   0: 0x8000016e (0x0f0f15b7) lui     a1, 0xf0f1
core   0: 3 0x8000016e (0x0f0f15b7) x11 0x0f0f1000
core   0: 0x80000172 (0xf0f58593) addi    a1, a1, -241
core   0: 3 0x80000172 (0xf0f58593) x11 0x0f0f0f0f
core   0: 0x80000176 (0x3a159073) csrw    pmpcfg1, a1
core   0: 3 0x80000176 (0x3a159073) c929_pmpcfg1 0x0f0f0f0f
core   0: 0x8000017a (0x00003597) auipc   a1, 0x3
core   0: 3 0x8000017a (0x00003597) x11 0x8000317a
core   0: 0x8000017e (0x0ba58593) addi    a1, a1, 186
core   0: 3 0x8000017e (0x0ba58593) x11 0x80003234
core   0: 0x80000182 (0x88889637) lui     a2, 0x88889
core   0: 3 0x80000182 (0x88889637) x12 0x88889000
core   0: 0x80000186 (0x88860613) addi    a2, a2, -1912
core   0: 3 0x80000186 (0x88860613) x12 0x88888888
core   0: 0x8000018a (0x000095b2) c.add   a1, a2
core   0: 3 0x8000018a (0x95b2) x11 0x0888babc
core   0: 0x8000018c (0x00008189) c.srli  a1, 2
core   0: 3 0x8000018c (0x8189) x11 0x02222eaf
core   0: 0x8000018e (0x3b859073) csrw    pmpaddr8, a1
core   0: 3 0x8000018e (0x3b859073) c952_pmpaddr8 0x02222eaf
core   0: 0x80000192 (0x00003597) auipc   a1, 0x3
core   0: 3 0x80000192 (0x00003597) x11 0x80003192
core   0: 0x80000196 (0x0a258593) addi    a1, a1, 162
core   0: 3 0x80000196 (0x0a258593) x11 0x80003234
core   0: 0x8000019a (0x9999a637) lui     a2, 0x9999a
core   0: 3 0x8000019a (0x9999a637) x12 0x9999a000
core   0: 0x8000019e (0x99960613) addi    a2, a2, -1639
core   0: 3 0x8000019e (0x99960613) x12 0x99999999
core   0: 0x800001a2 (0x000095b2) c.add   a1, a2
core   0: 3 0x800001a2 (0x95b2) x11 0x1999cbcd
core   0: 0x800001a4 (0x00008189) c.srli  a1, 2
core   0: 3 0x800001a4 (0x8189) x11 0x066672f3
core   0: 0x800001a6 (0x3b959073) csrw    pmpaddr9, a1
core   0: 3 0x800001a6 (0x3b959073) c953_pmpaddr9 0x066672f3
core   0: 0x800001aa (0x00003597) auipc   a1, 0x3
core   0: 3 0x800001aa (0x00003597) x11 0x800031aa
core   0: 0x800001ae (0x08a58593) addi    a1, a1, 138
core   0: 3 0x800001ae (0x08a58593) x11 0x80003234
core   0: 0x800001b2 (0xaaaab637) lui     a2, 0xaaaab
core   0: 3 0x800001b2 (0xaaaab637) x12 0xaaaab000
core   0: 0x800001b6 (0xaaa60613) addi    a2, a2, -1366
core   0: 3 0x800001b6 (0xaaa60613) x12 0xaaaaaaaa
core   0: 0x800001ba (0x000095b2) c.add   a1, a2
core   0: 3 0x800001ba (0x95b2) x11 0x2aaadcde
core   0: 0x800001bc (0x00008189) c.srli  a1, 2
core   0: 3 0x800001bc (0x8189) x11 0x0aaab737
core   0: 0x800001be (0x3ba59073) csrw    pmpaddr10, a1
core   0: 3 0x800001be (0x3ba59073) c954_pmpaddr10 0x0aaab737
core   0: 0x800001c2 (0x00003597) auipc   a1, 0x3
core   0: 3 0x800001c2 (0x00003597) x11 0x800031c2
core   0: 0x800001c6 (0x07258593) addi    a1, a1, 114
core   0: 3 0x800001c6 (0x07258593) x11 0x80003234
core   0: 0x800001ca (0xbbbbc637) lui     a2, 0xbbbbc
core   0: 3 0x800001ca (0xbbbbc637) x12 0xbbbbc000
core   0: 0x800001ce (0xbbb60613) addi    a2, a2, -1093
core   0: 3 0x800001ce (0xbbb60613) x12 0xbbbbbbbb
core   0: 0x800001d2 (0x000095b2) c.add   a1, a2
core   0: 3 0x800001d2 (0x95b2) x11 0x3bbbedef
core   0: 0x800001d4 (0x00008189) c.srli  a1, 2
core   0: 3 0x800001d4 (0x8189) x11 0x0eeefb7b
core   0: 0x800001d6 (0x3bb59073) csrw    pmpaddr11, a1
core   0: 3 0x800001d6 (0x3bb59073) c955_pmpaddr11 0x0eeefb7b
core   0: 0x800001da (0x0f0f15b7) lui     a1, 0xf0f1
core   0: 3 0x800001da (0x0f0f15b7) x11 0x0f0f1000
core   0: 0x800001de (0xf0f58593) addi    a1, a1, -241
core   0: 3 0x800001de (0xf0f58593) x11 0x0f0f0f0f
core   0: 0x800001e2 (0x3a259073) csrw    pmpcfg2, a1
core   0: 3 0x800001e2 (0x3a259073) c930_pmpcfg2 0x0f0f0f0f
core   0: 0x800001e6 (0x00003597) auipc   a1, 0x3
core   0: 3 0x800001e6 (0x00003597) x11 0x800031e6
core   0: 0x800001ea (0x04e58593) addi    a1, a1, 78
core   0: 3 0x800001ea (0x04e58593) x11 0x80003234
core   0: 0x800001ee (0xccccd637) lui     a2, 0xccccd
core   0: 3 0x800001ee (0xccccd637) x12 0xccccd000
core   0: 0x800001f2 (0xccc60613) addi    a2, a2, -820
core   0: 3 0x800001f2 (0xccc60613) x12 0xcccccccc
core   0: 0x800001f6 (0x000095b2) c.add   a1, a2
core   0: 3 0x800001f6 (0x95b2) x11 0x4cccff00
core   0: 0x800001f8 (0x00008189) c.srli  a1, 2
core   0: 3 0x800001f8 (0x8189) x11 0x13333fc0
core   0: 0x800001fa (0x3bc59073) csrw    pmpaddr12, a1
core   0: 3 0x800001fa (0x3bc59073) c956_pmpaddr12 0x13333fc0
core   0: 0x800001fe (0x00003597) auipc   a1, 0x3
core   0: 3 0x800001fe (0x00003597) x11 0x800031fe
core   0: 0x80000202 (0x03658593) addi    a1, a1, 54
core   0: 3 0x80000202 (0x03658593) x11 0x80003234
core   0: 0x80000206 (0xdddde637) lui     a2, 0xdddde
core   0: 3 0x80000206 (0xdddde637) x12 0xdddde000
core   0: 0x8000020a (0xddd60613) addi    a2, a2, -547
core   0: 3 0x8000020a (0xddd60613) x12 0xdddddddd
core   0: 0x8000020e (0x000095b2) c.add   a1, a2
core   0: 3 0x8000020e (0x95b2) x11 0x5dde1011
core   0: 0x80000210 (0x00008189) c.srli  a1, 2
core   0: 3 0x80000210 (0x8189) x11 0x17778404
core   0: 0x80000212 (0x3bd59073) csrw    pmpaddr13, a1
core   0: 3 0x80000212 (0x3bd59073) c957_pmpaddr13 0x17778404
core   0: 0x80000216 (0x00003597) auipc   a1, 0x3
core   0: 3 0x80000216 (0x00003597) x11 0x80003216
core   0: 0x8000021a (0x01e58593) addi    a1, a1, 30
core   0: 3 0x8000021a (0x01e58593) x11 0x80003234
core   0: 0x8000021e (0xeeeef637) lui     a2, 0xeeeef
core   0: 3 0x8000021e (0xeeeef637) x12 0xeeeef000
core   0: 0x80000222 (0xeee60613) addi    a2, a2, -274
core   0: 3 0x80000222 (0xeee60613) x12 0xeeeeeeee
core   0: 0x80000226 (0x000095b2) c.add   a1, a2
core   0: 3 0x80000226 (0x95b2) x11 0x6eef2122
core   0: 0x80000228 (0x00008189) c.srli  a1, 2
core   0: 3 0x80000228 (0x8189) x11 0x1bbbc848
core   0: 0x8000022a (0x3be59073) csrw    pmpaddr14, a1
core   0: 3 0x8000022a (0x3be59073) c958_pmpaddr14 0x1bbbc848
core   0: 0x8000022e (0x00003597) auipc   a1, 0x3
core   0: 3 0x8000022e (0x00003597) x11 0x8000322e
core   0: 0x80000232 (0x00658593) addi    a1, a1, 6
core   0: 3 0x80000232 (0x00658593) x11 0x80003234
core   0: 0x80000236 (0xfff00613) li      a2, -1
core   0: 3 0x80000236 (0xfff00613) x12 0xffffffff
core   0: 0x8000023a (0x000095b2) c.add   a1, a2
core   0: 3 0x8000023a (0x95b2) x11 0x80003233
core   0: 0x8000023c (0x00008189) c.srli  a1, 2
core   0: 3 0x8000023c (0x8189) x11 0x20000c8c
core   0: 0x8000023e (0x3bf59073) csrw    pmpaddr15, a1
core   0: 3 0x8000023e (0x3bf59073) c959_pmpaddr15 0x20000c8c
core   0: 0x80000242 (0x0f0f15b7) lui     a1, 0xf0f1
core   0: 3 0x80000242 (0x0f0f15b7) x11 0x0f0f1000
core   0: 0x80000246 (0xf0f58593) addi    a1, a1, -241
core   0: 3 0x80000246 (0xf0f58593) x11 0x0f0f0f0f
core   0: 0x8000024a (0x3a359073) csrw    pmpcfg3, a1
core   0: 3 0x8000024a (0x3a359073) c931_pmpcfg3 0x0f0f0f0f
core   0: 0x8000024e (0x00000617) auipc   a2, 0x0
core   0: 3 0x8000024e (0x00000617) x12 0x8000024e
core   0: 0x80000252 (0x06060613) addi    a2, a2, 96
core   0: 3 0x80000252 (0x06060613) x12 0x800002ae
core   0: 0x80000256 (0x34161073) csrw    mepc, a2
core   0: 3 0x80000256 (0x34161073) c833_mepc 0x800002ae
core   0: 0x8000025a (0x7c00d073) csrwi   cpuctrlsts, 1
core   0: 3 0x8000025a (0x7c00d073) c1984_cpuctrlsts 0x00000101
core   0: 0x8000025e (0x00004601) c.li    a2, 0
core   0: 3 0x8000025e (0x4601) x12 0x00000000
core   0: 0x80000260 (0x30061073) csrw    mstatus, a2
core   0: 3 0x80000260 (0x30061073) c768_mstatus 0x00000000
core   0: 0x80000264 (0x00004601) c.li    a2, 0
core   0: 3 0x80000264 (0x4601) x12 0x00000000
core   0: 0x80000266 (0x30461073) csrw    mie, a2
core   0: 3 0x80000266 (0x30461073) c772_mie 0x00000000
core   0: 0x8000026a (0x90000d37) lui     s10, 0x90000
core   0: 3 0x8000026a (0x90000d37) x26 0x90000000
core   0: 0x8000026e (0x00001d71) c.addi  s10, -4
core   0: 3 0x8000026e (0x1d71) x26 0x8ffffffc
core   0: 0x80000270 (0x90000d37) lui     s10, 0x90000
core   0: 3 0x80000270 (0x90000d37) x26 0x90000000
core   0: 0x80000274 (0x00001d71) c.addi  s10, -4
core   0: 3 0x80000274 (0x1d71) x26 0x8ffffffc
core   0: 0x80000276 (0x90000d37) lui     s10, 0x90000
core   0: 3 0x80000276 (0x90000d37) x26 0x90000000
core   0: 0x8000027a (0x00001d71) c.addi  s10, -4
core   0: 3 0x8000027a (0x1d71) x26 0x8ffffffc
core   0: 0x8000027c (0x30000613) li      a2, 768
core   0: 3 0x8000027c (0x30000613) x12 0x00000300
core   0: 0x80000280 (0x00000622) c.slli  a2, 8
core   0: 3 0x80000280 (0x0622) x12 0x00030000
core   0: 0x80000282 (0x0000060d) c.addi  a2, 3
core   0: 3 0x80000282 (0x060d) x12 0x00030003
core   0: 0x80000284 (0x00cd2023) sw      a2, 0(s10)
core   0: 3 0x80000284 (0x00cd2023) mem 0x8ffffffc 0x00030003
core   0: 0x80000288 (0x30002673) csrr    a2, mstatus
core   0: 3 0x80000288 (0x30002673) x12 0x00000000
core   0: 0x8000028c (0x00cd2023) sw      a2, 0(s10)
core   0: 3 0x8000028c (0x00cd2023) mem 0x8ffffffc 0x00000000
core   0: 0x80000290 (0x90000d37) lui     s10, 0x90000
core   0: 3 0x80000290 (0x90000d37) x26 0x90000000
core   0: 0x80000294 (0x00001d71) c.addi  s10, -4
core   0: 3 0x80000294 (0x1d71) x26 0x8ffffffc
core   0: 0x80000296 (0x30400613) li      a2, 772
core   0: 3 0x80000296 (0x30400613) x12 0x00000304
core   0: 0x8000029a (0x00000622) c.slli  a2, 8
core   0: 3 0x8000029a (0x0622) x12 0x00030400
core   0: 0x8000029c (0x0000060d) c.addi  a2, 3
core   0: 3 0x8000029c (0x060d) x12 0x00030403
core   0: 0x8000029e (0x00cd2023) sw      a2, 0(s10)
core   0: 3 0x8000029e (0x00cd2023) mem 0x8ffffffc 0x00030403
core   0: 0x800002a2 (0x30402673) csrr    a2, mie
core   0: 3 0x800002a2 (0x30402673) x12 0x00000000
core   0: 0x800002a6 (0x00cd2023) sw      a2, 0(s10)
core   0: 3 0x800002a6 (0x00cd2023) mem 0x8ffffffc 0x00000000
core   0: 0x800002aa (0x30200073) mret
core   0: 3 0x800002aa (0x30200073) c768_mstatus 0x00000080
core   0: 0x800002ae (0x00300013) li      zero, 3
core   0: 0 0x800002ae (0x00300013)
core   0: 0x800002b2 (0x00004099) c.li    ra, 6
core   0: 0 0x800002b2 (0x4099) x1  0x00000006
core   0: 0x800002b4 (0xcf4b5137) lui     sp, 0xcf4b5
core   0: 0 0x800002b4 (0xcf4b5137) x2  0xcf4b5000
core   0: 0x800002b8 (0xe8e10113) addi    sp, sp, -370
core   0: 0 0x800002b8 (0xe8e10113) x2  0xcf4b4e8e
core   0: 0x800002bc (0x00004181) c.li    gp, 0
core   0: 0 0x800002bc (0x4181) x3  0x00000000
core   0: 0x800002be (0xed36d237) lui     tp, 0xed36d
core   0: 0 0x800002be (0xed36d237) x4  0xed36d000
core   0: 0x800002c2 (0x41220213) addi    tp, tp, 1042
core   0: 0 0x800002c2 (0x41220213) x4  0xed36d412
core   0: 0x800002c6 (0x1b5082b7) lui     t0, 0x1b508
core   0: 0 0x800002c6 (0x1b5082b7) x5  0x1b508000
core   0: 0x800002ca (0x9c028293) addi    t0, t0, -1600
core   0: 0 0x800002ca (0x9c028293) x5  0x1b5079c0
core   0: 0x800002ce (0xff61d337) lui     t1, 0xff61d
core   0: 0 0x800002ce (0xff61d337) x6  0xff61d000
core   0: 0x800002d2 (0xcf830313) addi    t1, t1, -776
core   0: 0 0x800002d2 (0xcf830313) x6  0xff61ccf8
core   0: 0x800002d6 (0x800003b7) lui     t2, 0x80000
core   0: 0 0x800002d6 (0x800003b7) x7  0x80000000
core   0: 0x800002da (0xf7434437) lui     s0, 0xf7434
core   0: 0 0x800002da (0xf7434437) x8  0xf7434000
core   0: 0x800002de (0xbf540413) addi    s0, s0, -1035
core   0: 0 0x800002de (0xbf540413) x8  0xf7433bf5
core   0: 0x800002e2 (0x80000537) lui     a0, 0x80000
core   0: 0 0x800002e2 (0x80000537) x10 0x80000000
core   0: 0x800002e6 (0x894eb5b7) lui     a1, 0x894eb
core   0: 0 0x800002e6 (0x894eb5b7) x11 0x894eb000
core   0: 0x800002ea (0xcb458593) addi    a1, a1, -844
core   0: 0 0x800002ea (0xcb458593) x11 0x894eacb4
core   0: 0x800002ee (0x00004615) c.li    a2, 5
core   0: 0 0x800002ee (0x4615) x12 0x00000005
core   0: 0x800002f0 (0xc8c3c6b7) lui     a3, 0xc8c3c
core   0: 0 0x800002f0 (0xc8c3c6b7) x13 0xc8c3c000
core   0: 0x800002f4 (0x5f768693) addi    a3, a3, 1527
core   0: 0 0x800002f4 (0x5f768693) x13 0xc8c3c5f7
core   0: 0x800002f8 (0x00004739) c.li    a4, 14
core   0: 0 0x800002f8 (0x4739) x14 0x0000000e
core   0: 0x800002fa (0x00004795) c.li    a5, 5
core   0: 0 0x800002fa (0x4795) x15 0x00000005
core   0: 0x800002fc (0x00004829) c.li    a6, 10
core   0: 0 0x800002fc (0x4829) x16 0x0000000a
core   0: 0x800002fe (0xf777f8b7) lui     a7, 0xf777f
core   0: 0 0x800002fe (0xf777f8b7) x17 0xf777f000
core   0: 0x80000302 (0x63d88893) addi    a7, a7, 1597
core   0: 0 0x80000302 (0x63d88893) x17 0xf777f63d
core   0: 0x80000306 (0x00004901) c.li    s2, 0
core   0: 0 0x80000306 (0x4901) x18 0x00000000
core   0: 0x80000308 (0xf7f7a9b7) lui     s3, 0xf7f7a
core   0: 0 0x80000308 (0xf7f7a9b7) x19 0xf7f7a000
core   0: 0x8000030c (0x0e598993) addi    s3, s3, 229
core   0: 0 0x8000030c (0x0e598993) x19 0xf7f7a0e5
core   0: 0x80000310 (0xf264ca37) lui     s4, 0xf264c
core   0: 0 0x80000310 (0xf264ca37) x20 0xf264c000
core   0: 0x80000314 (0xecda0a13) addi    s4, s4, -307
core   0: 0 0x80000314 (0xecda0a13) x20 0xf264becd
core   0: 0x80000318 (0x00004a81) c.li    s5, 0
core   0: 0 0x80000318 (0x4a81) x21 0x00000000
core   0: 0x8000031a (0xfc680b37) lui     s6, 0xfc680
core   0: 0 0x8000031a (0xfc680b37) x22 0xfc680000
core   0: 0x8000031e (0x801b0b13) addi    s6, s6, -2047
core   0: 0 0x8000031e (0x801b0b13) x22 0xfc67f801
core   0: 0x80000322 (0x00004b81) c.li    s7, 0
core   0: 0 0x80000322 (0x4b81) x23 0x00000000
core   0: 0x80000324 (0x00004c09) c.li    s8, 2
core   0: 0 0x80000324 (0x4c09) x24 0x00000002
core   0: 0x80000326 (0x81b7fcb7) lui     s9, 0x81b7f
core   0: 0 0x80000326 (0x81b7fcb7) x25 0x81b7f000
core   0: 0x8000032a (0x6bdc8c93) addi    s9, s9, 1725
core   0: 0 0x8000032a (0x6bdc8c93) x25 0x81b7f6bd
core   0: 0x8000032e (0x80000d37) lui     s10, 0x80000
core   0: 0 0x8000032e (0x80000d37) x26 0x80000000
core   0: 0x80000332 (0x00004da5) c.li    s11, 9
core   0: 0 0x80000332 (0x4da5) x27 0x00000009
core   0: 0x80000334 (0x00004e01) c.li    t3, 0
core   0: 0 0x80000334 (0x4e01) x28 0x00000000
core   0: 0x80000336 (0x00004ea9) c.li    t4, 10
core   0: 0 0x80000336 (0x4ea9) x29 0x0000000a
core   0: 0x80000338 (0xfe7effb7) lui     t6, 0xfe7ef
core   0: 0 0x80000338 (0xfe7effb7) x31 0xfe7ef000
core   0: 0x8000033c (0x8c7f8f93) addi    t6, t6, -1849
core   0: 0 0x8000033c (0x8c7f8f93) x31 0xfe7ee8c7
core   0: 0x80000340 (0x00022497) auipc   s1, 0x22
core   0: 0 0x80000340 (0x00022497) x9  0x80022340
core   0: 0x80000344 (0xb2448493) addi    s1, s1, -1244
core   0: 0 0x80000344 (0xb2448493) x9  0x80021e64
core   0: 0x80000348 (0x90000d37) lui     s10, 0x90000
core   0: 0 0x80000348 (0x90000d37) x26 0x90000000
core   0: 0x8000034c (0x00001d71) c.addi  s10, -4
core   0: 0 0x8000034c (0x1d71) x26 0x8ffffffc
core   0: 0x8000034e (0x00004601) c.li    a2, 0
core   0: 0 0x8000034e (0x4601) x12 0x00000000
core   0: 0x80000350 (0x00000622) c.slli  a2, 8
core   0: 0 0x80000350 (0x0622) x12 0x00000000
core   0: 0x80000352 (0x00060613) mv      a2, a2
core   0: 0 0x80000352 (0x00060613) x12 0x00000000
core   0: 0x80000356 (0x00cd2023) sw      a2, 0(s10)
core   0: 0 0x80000356 (0x00cd2023) mem 0x8ffffffc 0x00000000
core   0: 0x8000035a (0x6db0206f) j       pc + 0x2eda
core   0: 0 0x8000035a (0x6db0206f)
core   0: 0x80003234 (0x000086f9) c.srai  a3, 30
core   0: 0 0x80003234 (0x86f9) x13 0xffffffff
core   0: 0x80003236 (0x030f5733) divu    a4, t5, a6
core   0: 0 0x80003236 (0x030f5733) x14 0x0ccd094a
core   0: 0x8000323a (0x45114013) xori    zero, sp, 1105
core   0: 0 0x8000323a (0x45114013)
core   0: 0x8000323e (0x02caa1b3) mulhsu  gp, s5, a2
core   0: 0 0x8000323e (0x02caa1b3) x3  0x00000000
core   0: 0x80003242 (0x031d1263) bne     s10, a7, pc + 36
core   0: 0 0x80003242 (0x031d1263)
core   0: 0x80003266 (0x1fde0e13) addi    t3, t3, 509
core   0: 0 0x80003266 (0x1fde0e13) x28 0x000001fd
core   0: 0x8000326a (0x1c16eb93) ori     s7, a3, 449
core   0: 0 0x8000326a (0x1c16eb93) x23 0xffffffff
core   0: 0x8000326e (0xa47d2e93) slti    t4, s10, -1465
core   0: 0 0x8000326e (0xa47d2e93) x29 0x00000001
core   0: 0x80003272 (0x05525263) bge     tp, s5, pc + 68
core   0: 0 0x80003272 (0x05525263)
core   0: 0x80003276 (0x039d9fb3) mulh    t6, s11, s9
core   0: 0 0x80003276 (0x039d9fb3) x31 0xfffffffb
core   0: 0x8000327a (0x00008ff5) c.and   a5, a3
core   0: 0 0x8000327a (0x8ff5) x15 0x00000005
core   0: 0x8000327c (0x009fb033) sltu    zero, t6, s1
core   0: 0 0x8000327c (0x009fb033)
core   0: 0x80003280 (0x02e7d163) bge     a5, a4, pc + 34
core   0: 0 0x80003280 (0x02e7d163)
core   0: 0x80003284 (0x033e3e33) mulhu   t3, t3, s3
core   0: 0 0x80003284 (0x033e3e33) x28 0x000001ed
core   0: 0x80003288 (0x008bd393) srli    t2, s7, 8
core   0: 0 0x80003288 (0x008bd393) x7  0x00ffffff
core   0: 0x8000328c (0x00818d63) beq     gp, s0, pc + 26
core   0: 0 0x8000328c (0x00818d63)
core   0: 0x80003290 (0x0343d433) divu    s0, t2, s4
core   0: 0 0x80003290 (0x0343d433) x8  0x00000000
core   0: 0x80003294 (0x55826917) auipc   s2, 0x55826
core   0: 0 0x80003294 (0x55826917) x18 0xd5829294
core   0: 0x80003298 (0x004f4eb3) xor     t4, t5, tp
core   0: 0 0x80003298 (0x004f4eb3) x29 0x6d3488f6
core   0: 0x8000329c (0x00008bd9) c.andi  a5, 22
core   0: 0 0x8000329c (0x8bd9) x15 0x00000004
core   0: 0x8000329e (0x02fdf633) remu    a2, s11, a5
core   0: 0 0x8000329e (0x02fdf633) x12 0x00000001
core   0: 0x800032a2 (0x03dc9463) bne     s9, t4, pc + 40
core   0: 0 0x800032a2 (0x03dc9463)
core   0: 0x800032ca (0x01ae6563) bltu    t3, s10, pc + 10
core   0: 0 0x800032ca (0x01ae6563)
core   0: 0x800032d4 (0x01d7c1b3) xor     gp, a5, t4
core   0: 0 0x800032d4 (0x01d7c1b3) x3  0x6d3488f2
core   0: 0x800032d8 (0x00009406) c.add   s0, ra
core   0: 0 0x800032d8 (0x9406) x8  0x00000006
core   0: 0x800032da (0x00000db1) c.addi  s11, 12
core   0: 0 0x800032da (0x0db1) x27 0x00000015
core   0: 0x800032dc (0x03d16ab3) rem     s5, sp, t4
core   0: 0 0x800032dc (0x03d16ab3) x21 0xcf4b4e8e
core   0: 0x800032e0 (0x0000963e) c.add   a2, a5
core   0: 0 0x800032e0 (0x963e) x12 0x00000005
core   0: 0x800032e2 (0x0365ce33) div     t3, a1, s6
core   0: 0 0x800032e2 (0x0365ce33) x28 0x00000021
core   0: 0x800032e6 (0x02b6fd63) bgeu    a3, a1, pc + 58
core   0: 0 0x800032e6 (0x02b6fd63)
core   0: 0x80003320 (0x1119c393) xori    t2, s3, 273
core   0: 0 0x80003320 (0x1119c393) x7  0xf7f7a1f4
core   0: 0x80003324 (0x0000853d) c.srai  a0, 15
core   0: 0 0x80003324 (0x853d) x10 0xffff0000
core   0: 0x80003326 (0x0000717d) c.addi16sp sp, -16
core   0: 0 0x80003326 (0x717d) x2  0xcf4b4e7e
core   0: 0x80003328 (0x40f08fb3) sub     t6, ra, a5
core   0: 0 0x80003328 (0x40f08fb3) x31 0x00000002
core   0: 0x8000332c (0x0000985e) c.add   a6, s7
core   0: 0 0x8000332c (0x985e) x16 0x00000009
core   0: 0x8000332e (0x03768d33) mul     s10, a3, s7
core   0: 0 0x8000332e (0x03768d33) x26 0x00000001
core   0: 0x80003332 (0x00006aa1) c.lui   s5, 0x8
core   0: 0 0x80003332 (0x6aa1) x21 0x00008000
core   0: 0x80003334 (0x4c398813) addi    a6, s3, 1219
core   0: 0 0x80003334 (0x4c398813) x16 0xf7f7a5a8
core   0: 0x80003338 (0xd1cbb613) sltiu   a2, s7, -740
core   0: 0 0x80003338 (0xd1cbb613) x12 0x00000000
core   0: 0x8000333c (0x00000001) c.nop
core   0: 0 0x8000333c (0x0001)
core   0: 0x8000333e (0x01224c33) xor     s8, tp, s2
core   0: 0 0x8000333e (0x01224c33) x24 0x38b44686
core   0: 0x80003342 (0x00006569) c.lui   a0, 0x1a
core   0: 0 0x80003342 (0x6569) x10 0x0001a000
core   0: 0x80003344 (0x00a2ca63) blt     t0, a0, pc + 20
core   0: 0 0x80003344 (0x00a2ca63)
core   0: 0x80003348 (0xe6b5de17) auipc   t3, 0xe6b5d
core   0: 0 0x80003348 (0xe6b5de17) x28 0x66b60348
core   0: 0x8000334c (0xefe46d13) ori     s10, s0, -258
core   0: 0 0x8000334c (0xefe46d13) x26 0xfffffefe
core   0: 0x80003350 (0x006b7b63) bgeu    s6, t1, pc + 22
core   0: 0 0x80003350 (0x006b7b63)
core   0: 0x80003354 (0x2537ee13) ori     t3, a5, 595
core   0: 0 0x80003354 (0x2537ee13) x28 0x00000257
core   0: 0x80003358 (0x0358b033) mulhu   zero, a7, s5
core   0: 0 0x80003358 (0x0358b033)
core   0: 0x8000335c (0x008f9763) bne     t6, s0, pc + 14
core   0: 0 0x8000335c (0x008f9763)
core   0: 0x8000336a (0x02477163) bgeu    a4, tp, pc + 34
core   0: 0 0x8000336a (0x02477163)
core   0: 0x8000336e (0x019257b3) srl     a5, tp, s9
core   0: 0 0x8000336e (0x019257b3) x15 0x00000007
core   0: 0x80003372 (0x00000001) c.nop
core   0: 0 0x80003372 (0x0001)
core   0: 0x80003374 (0x498bfa93) andi    s5, s7, 1176
core   0: 0 0x80003374 (0x498bfa93) x21 0x00000498
core   0: 0x80003378 (0x413e0933) sub     s2, t3, s3
core   0: 0 0x80003378 (0x413e0933) x18 0x08086172
core   0: 0x8000337c (0x00008aa1) c.andi  a3, 8
core   0: 0 0x8000337c (0x8aa1) x13 0x00000008
core   0: 0x8000337e (0x035f67b3) rem     a5, t5, s5
core   0: 0 0x8000337e (0x035f67b3) x15 0xfffffc0c
core   0: 0x80003382 (0x40ead933) sra     s2, s5, a4
core   0: 0 0x80003382 (0x40ead933) x18 0x00000001
core   0: 0x80003386 (0x01b1c333) xor     t1, gp, s11
core   0: 0 0x80003386 (0x01b1c333) x6  0x6d3488e7
core   0: 0x8000338a (0x000057fd) c.li    a5, -1
core   0: 0 0x8000338a (0x57fd) x15 0xffffffff
core   0: 0x8000338c (0x027f3533) mulhu   a0, t5, t2
core   0: 0 0x8000338c (0x027f3533) x10 0x7bfe1ae3
core   0: 0x80003390 (0x00008ae9) c.andi  a3, 26
core   0: 0 0x80003390 (0x8ae9) x13 0x00000008
core   0: 0x80003392 (0x03248f63) beq     s1, s2, pc + 62
core   0: 0 0x80003392 (0x03248f63)
core   0: 0x80003396 (0x00009baa) c.add   s7, a0
core   0: 0 0x80003396 (0x9baa) x23 0x7bfe1ae2
core   0: 0x80003398 (0x402456b3) sra     a3, s0, sp
core   0: 0 0x80003398 (0x402456b3) x13 0x00000000
core   0: 0x8000339c (0x007aed33) or      s10, s5, t2
core   0: 0 0x8000339c (0x007aed33) x26 0xf7f7a5fc
core   0: 0x800033a0 (0x005a7e33) and     t3, s4, t0
core   0: 0 0x800033a0 (0x005a7e33) x28 0x124038c0
core   0: 0x800033a4 (0x00b36a33) or      s4, t1, a1
core   0: 0 0x800033a4 (0x00b36a33) x20 0xed7eacf7
core   0: 0x800033a8 (0x03cf02b3) mul     t0, t5, t3
core   0: 0 0x800033a8 (0x03cf02b3) x5  0xc7178b00
core   0: 0x800033ac (0x0080d613) srli    a2, ra, 8
core   0: 0 0x800033ac (0x0080d613) x12 0x00000000
core   0: 0x800033b0 (0x0000100f) fence.i
core   0: 0 0x800033b0 (0x0000100f)
core   0: 0x800033b4 (0x00001500) c.addi4spn s0, sp, 672
core   0: 0 0x800033b4 (0x1500) x8  0xcf4b511e
core   0: 0x800033b6 (0x03ab8a33) mul     s4, s7, s10
core   0: 0 0x800033b6 (0x03ab8a33) x20 0xd3842078
core   0: 0x800033ba (0x0ff0000f) fence   iorw,iorw
core   0: 0 0x800033ba (0x0ff0000f)
core   0: 0x800033be (0x403dd933) sra     s2, s11, gp
core   0: 0 0x800033be (0x403dd933) x18 0x00000000
core   0: 0x800033c2 (0xb8db8e13) addi    t3, s7, -1139
core   0: 0 0x800033c2 (0xb8db8e13) x28 0x7bfe166f
core   0: 0x800033c6 (0x40398fb3) sub     t6, s3, gp
core   0: 0 0x800033c6 (0x40398fb3) x31 0x8ac317f3
core   0: 0x800033ca (0x00008f81) c.sub   a5, s0
core   0: 0 0x800033ca (0x8f81) x15 0x30b4aee1
core   0: 0x800033cc (0x002089b3) add     s3, ra, sp
core   0: 0 0x800033cc (0x002089b3) x19 0xcf4b4e84
core   0: 0x800033d0 (0x02aaf463) bgeu    s5, a0, pc + 40
core   0: 0 0x800033d0 (0x02aaf463)
core   0: 0x800033d4 (0x02d49433) mulh    s0, s1, a3
core   0: 0 0x800033d4 (0x02d49433) x8  0x00000000
core   0: 0x800033d8 (0x02975633) divu    a2, a4, s1
core   0: 0 0x800033d8 (0x02975633) x12 0x00000000
core   0: 0x800033dc (0x0161e463) bltu    gp, s6, pc + 8
core   0: 0 0x800033dc (0x0161e463)
core   0: 0x800033e4 (0x7b332193) slti    gp, t1, 1971
core   0: 0 0x800033e4 (0x7b332193) x3  0x00000000
core   0: 0x800033e8 (0x00009a7d) c.andi  a2, -1
core   0: 0 0x800033e8 (0x9a7d) x12 0x00000000
core   0: 0x800033ea (0x01b1da13) srli    s4, gp, 27
core   0: 0 0x800033ea (0x01b1da13) x20 0x00000000
core   0: 0x800033ee (0x0000950e) c.add   a0, gp
core   0: 0 0x800033ee (0x950e) x10 0x7bfe1ae3
core   0: 0x800033f0 (0x04831463) bne     t1, s0, pc + 72
core   0: 0 0x800033f0 (0x04831463)
core   0: 0x80003438 (0x030c7163) bgeu    s8, a6, pc + 34
core   0: 0 0x80003438 (0x030c7163)
core   0: 0x8000343c (0x026df2b3) remu    t0, s11, t1
core   0: 0 0x8000343c (0x026df2b3) x5  0x00000015
core   0: 0x80003440 (0x91836393) ori     t2, t1, -1768
core   0: 0 0x80003440 (0x91836393) x7  0xfffff9ff
core   0: 0x80003444 (0x03116e63) bltu    sp, a7, pc + 60
core   0: 0 0x80003444 (0x03116e63)
core   0: 0x80003480 (0x00008d35) c.xor   a0, a3
core   0: 0 0x80003480 (0x8d35) x10 0x7bfe1ae3
core   0: 0x80003482 (0x7dbbe713) ori     a4, s7, 2011
core   0: 0 0x80003482 (0x7dbbe713) x14 0x7bfe1ffb
core   0: 0x80003486 (0x40665333) sra     t1, a2, t1
core   0: 0 0x80003486 (0x40665333) x6  0x00000000
core   0: 0x8000348a (0x4144d233) sra     tp, s1, s4
core   0: 0 0x8000348a (0x4144d233) x4  0x80021e64
core   0: 0x8000348e (0x02aa9733) mulh    a4, s5, a0
core   0: 0 0x8000348e (0x02aa9733) x14 0x00000239
core   0: 0x80003492 (0x1a984093) xori    ra, a6, 425
core   0: 0 0x80003492 (0x1a984093) x1  0xf7f7a401
core   0: 0x80003496 (0x002f0633) add     a2, t5, sp
core   0: 0 0x80003496 (0x002f0633) x12 0x4f4dab62
core   0: 0x8000349a (0x00008f89) c.sub   a5, a0
core   0: 0 0x8000349a (0x8f89) x15 0xb4b693fe
core   0: 0x8000349c (0x00000700) c.addi4spn s0, sp, 896
core   0: 0 0x8000349c (0x0700) x8  0xcf4b51fe
core   0: 0x8000349e (0x000081c6) c.mv    gp, a7
core   0: 0 0x8000349e (0x81c6) x3  0xf777f63d
core   0: 0x800034a0 (0x00008e49) c.or    a2, a0
core   0: 0 0x800034a0 (0x8e49) x12 0x7fffbbe3
core   0: 0x800034a2 (0x00184363) blt     a6, ra, pc + 6
core   0: 0 0x800034a2 (0x00184363)
core   0: 0x800034a6 (0x00008e35) c.xor   a2, a3
core   0: 0 0x800034a6 (0x8e35) x12 0x7fffbbe3
core   0: 0x800034a8 (0x47475897) auipc   a7, 0x47475
core   0: 0 0x800034a8 (0x47475897) x17 0xc74784a8
core   0: 0x800034ac (0x007e6863) bltu    t3, t2, pc + 16
core   0: 0 0x800034ac (0x007e6863)
core   0: 0x800034bc (0x033a7db3) remu    s11, s4, s3
core   0: 0 0x800034bc (0x033a7db3) x27 0x00000000
core   0: 0x800034c0 (0x03a09a63) bne     ra, s10, pc + 52
core   0: 0 0x800034c0 (0x03a09a63)
core   0: 0x800034f4 (0x41f0d513) srai    a0, ra, 31
core   0: 0 0x800034f4 (0x41f0d513) x10 0xffffffff
core   0: 0x800034f8 (0x00001afd) c.addi  s5, -1
core   0: 0 0x800034f8 (0x1afd) x21 0x00000497
core   0: 0x800034fa (0x00000001) c.nop
core   0: 0 0x800034fa (0x0001)
core   0: 0x800034fc (0xd697bc93) sltiu   s9, a5, -663
core   0: 0 0x800034fc (0xd697bc93) x25 0x00000001
core   0: 0x80003500 (0x03949e33) mulh    t3, s1, s9
core   0: 0 0x80003500 (0x03949e33) x28 0xffffffff
core   0: 0x80003504 (0x011433b3) sltu    t2, s0, a7
core   0: 0 0x80003504 (0x011433b3) x7  0x00000000
core   0: 0x80003508 (0x01e86e33) or      t3, a6, t5
core   0: 0 0x80003508 (0x01e86e33) x28 0xf7f7fdec
core   0: 0x8000350c (0x029dc033) div     zero, s11, s1
core   0: 0 0x8000350c (0x029dc033)
core   0: 0x80003510 (0x0ff0000f) fence   iorw,iorw
core   0: 0 0x80003510 (0x0ff0000f)
core   0: 0x80003514 (0x0208d933) divu    s2, a7, zero
core   0: 0 0x80003514 (0x0208d933) x18 0xffffffff
core   0: 0x80003518 (0x00008d4d) c.or    a0, a1
core   0: 0 0x80003518 (0x8d4d) x10 0xffffffff
core   0: 0x8000351a (0x60293393) sltiu   t2, s2, 1538
core   0: 0 0x8000351a (0x60293393) x7  0x00000000
core   0: 0x8000351e (0x0000100f) fence.i
core   0: 0 0x8000351e (0x0000100f)
core   0: 0x80003522 (0x0000e39d) c.bnez  a5, pc + 38
core   0: 0 0x80003522 (0xe39d)
core   0: 0x80003548 (0x03a86ab3) rem     s5, a6, s10
core   0: 0 0x80003548 (0x03a86ab3) x21 0xffffffac
core   0: 0x8000354c (0x00000742) c.slli  a4, 16
core   0: 0 0x8000354c (0x0742) x14 0x02390000
core   0: 0x8000354e (0x0334eab3) rem     s5, s1, s3
core   0: 0 0x8000354e (0x0334eab3) x21 0xe16b815c
core   0: 0x80003552 (0x0248fa33) remu    s4, a7, tp
core   0: 0 0x80003552 (0x0248fa33) x20 0x47456644
core   0: 0x80003556 (0x00009d4e) c.add   s10, s3
core   0: 0 0x80003556 (0x9d4e) x26 0xc742f480
core   0: 0x80003558 (0x023ede63) bge     t4, gp, pc + 60
core   0: 0 0x80003558 (0x023ede63)
core   0: 0x80003594 (0x00cdd913) srli    s2, s11, 12
core   0: 0 0x80003594 (0x00cdd913) x18 0x00000000
core   0: 0x80003598 (0x02984633) div     a2, a6, s1
core   0: 0 0x80003598 (0x02984633) x12 0x00000000
core   0: 0x8000359c (0x02d85e63) bge     a6, a3, pc + 60
core   0: 0 0x8000359c (0x02d85e63)
core   0: 0x800035a0 (0x02934db3) div     s11, t1, s1
core   0: 0 0x800035a0 (0x02934db3) x27 0x00000000
core   0: 0x800035a4 (0x00008c2d) c.xor   s0, a1
core   0: 0 0x800035a4 (0x8c2d) x8  0x4605fd4a
core   0: 0x800035a6 (0x000067c9) c.lui   a5, 0x12
core   0: 0 0x800035a6 (0x67c9) x15 0x00012000
core   0: 0x800035a8 (0x41288533) sub     a0, a7, s2
core   0: 0 0x800035a8 (0x41288533) x10 0xc74784a8
core   0: 0x800035ac (0x027ef863) bgeu    t4, t2, pc + 48
core   0: 0 0x800035ac (0x027ef863)
core   0: 0x800035dc (0x0277ed63) bltu    a5, t2, pc + 58
core   0: 0 0x800035dc (0x0277ed63)
core   0: 0x800035e0 (0xc710ce17) auipc   t3, 0xc710c
core   0: 0 0x800035e0 (0xc710ce17) x28 0x4710f5e0
core   0: 0x800035e4 (0x03a40cb3) mul     s9, s0, s10
core   0: 0 0x800035e4 (0x03a40cb3) x25 0x8b7d2d00
core   0: 0x800035e8 (0x00004931) c.li    s2, 12
core   0: 0 0x800035e8 (0x4931) x18 0x0000000c
core   0: 0x800035ea (0x00008d49) c.or    a0, a0
core   0: 0 0x800035ea (0x8d49) x10 0xc74784a8
core   0: 0x800035ec (0x03776563) bltu    a4, s7, pc + 42
core   0: 0 0x800035ec (0x03776563)
core   0: 0x80003616 (0x02ad68b3) rem     a7, s10, a0
core   0: 0 0x80003616 (0x02ad68b3) x17 0xfffb6fd8
core   0: 0x8000361a (0x00000001) c.nop
core   0: 0 0x8000361a (0x0001)
core   0: 0x8000361c (0x036bc033) div     zero, s7, s6
core   0: 0 0x8000361c (0x036bc033)
core   0: 0x80003620 (0x41ec5533) sra     a0, s8, t5
core   0: 0 0x80003620 (0x41ec5533) x10 0x038b4468
core   0: 0x80003624 (0x00008d5d) c.or    a0, a5
core   0: 0 0x80003624 (0x8d5d) x10 0x038b6468
core   0: 0x80003626 (0xf3da8113) addi    sp, s5, -195
core   0: 0 0x80003626 (0xf3da8113) x2  0xe16b8099
core   0: 0x8000362a (0x03338b33) mul     s6, t2, s3
core   0: 0 0x8000362a (0x03338b33) x22 0x00000000
core   0: 0x8000362e (0x00008d01) c.sub   a0, s0
core   0: 0 0x8000362e (0x8d01) x10 0xbd85671e
core   0: 0x80003630 (0xc5c98d13) addi    s10, s3, -932
core   0: 0 0x80003630 (0xc5c98d13) x26 0xcf4b4ae0
core   0: 0x80003634 (0x0000197d) c.addi  s2, -1
core   0: 0 0x80003634 (0x197d) x18 0x0000000b
core   0: 0x80003636 (0x407f5113) srai    sp, t5, 7
core   0: 0 0x80003636 (0x407f5113) x2  0xff0004b9
core   0: 0x8000363a (0x03ab8b63) beq     s7, s10, pc + 54
core   0: 0 0x8000363a (0x03ab8b63)
core   0: 0x8000363e (0x70e8f293) andi    t0, a7, 1806
core   0: 0 0x8000363e (0x70e8f293) x5  0x00000708
core   0: 0x80003642 (0x038a6d33) rem     s10, s4, s8
core   0: 0 0x80003642 (0x038a6d33) x26 0x0e911fbe
core   0: 0x80003646 (0x004a42b3) xor     t0, s4, tp
core   0: 0 0x80003646 (0x004a42b3) x5  0xc7477820
core   0: 0x8000364a (0x017ebab3) sltu    s5, t4, s7
core   0: 0 0x8000364a (0x017ebab3) x21 0x00000001
core   0: 0x8000364e (0x000098b6) c.add   a7, a3
core   0: 0 0x8000364e (0x98b6) x17 0xfffb6fd8
core   0: 0x80003650 (0x02674c63) blt     a4, t1, pc + 56
core   0: 0 0x80003650 (0x02674c63)
core   0: 0x80003654 (0x40505533) sra     a0, zero, t0
core   0: 0 0x80003654 (0x40505533) x10 0x00000000
core   0: 0x80003658 (0x00008f89) c.sub   a5, a0
core   0: 0 0x80003658 (0x8f89) x15 0x00012000
core   0: 0x8000365a (0x023c72b3) remu    t0, s8, gp
core   0: 0 0x8000365a (0x023c72b3) x5  0x38b44686
core   0: 0x8000365e (0x005c1013) slli    zero, s8, 5
core   0: 0 0x8000365e (0x005c1013)
core   0: 0x80003662 (0x11e4b413) sltiu   s0, s1, 286
core   0: 0 0x80003662 (0x11e4b413) x8  0x00000000
core   0: 0x80003666 (0x00008f29) c.xor   a4, a0
core   0: 0 0x80003666 (0x8f29) x14 0x02390000
core   0: 0x80003668 (0x08d86393) ori     t2, a6, 141
core   0: 0 0x80003668 (0x08d86393) x7  0xf7f7a5ad
core   0: 0x8000366c (0x035b18b3) mulh    a7, s6, s5
core   0: 0 0x8000366c (0x035b18b3) x17 0x00000000
core   0: 0x80003670 (0x011ef263) bgeu    t4, a7, pc + 4
core   0: 0 0x80003670 (0x011ef263)
core   0: 0x80003674 (0xe939a213) slti    tp, s3, -365
core   0: 0 0x80003674 (0xe939a213) x4  0x00000001
core   0: 0x80003678 (0x00008e31) c.xor   a2, a2
core   0: 0 0x80003678 (0x8e31) x12 0x00000000
core   0: 0x8000367a (0x00c57933) and     s2, a0, a2
core   0: 0 0x8000367a (0x00c57933) x18 0x00000000
core   0: 0x8000367e (0x02b339b3) mulhu   s3, t1, a1
core   0: 0 0x8000367e (0x02b339b3) x19 0x00000000
core   0: 0x80003682 (0x000042b1) c.li    t0, 12
core   0: 0 0x80003682 (0x42b1) x5  0x0000000c
core   0: 0x80003684 (0x00004989) c.li    s3, 2
core   0: 0 0x80003684 (0x4989) x19 0x00000002
core   0: 0x80003686 (0x00008e35) c.xor   a2, a3
core   0: 0 0x80003686 (0x8e35) x12 0x00000000
core   0: 0x80003688 (0x02983a33) mulhu   s4, a6, s1
core   0: 0 0x80003688 (0x02983a33) x20 0x7bfde033
core   0: 0x8000368c (0x03dfc9b3) div     s3, t6, t4
core   0: 0 0x8000368c (0x03dfc9b3) x19 0xffffffff
core   0: 0x80003690 (0x01bd9863) bne     s11, s11, pc + 16
core   0: 0 0x80003690 (0x01bd9863)
core   0: 0x80003694 (0x0000100f) fence.i
core   0: 0 0x80003694 (0x0000100f)
core   0: 0x80003698 (0x00d03633) snez    a2, a3
core   0: 0 0x80003698 (0x00d03633) x12 0x00000000
core   0: 0x8000369c (0x011a58b3) srl     a7, s4, a7
core   0: 0 0x8000369c (0x011a58b3) x17 0x7bfde033
core   0: 0x800036a0 (0x037ed133) divu    sp, t4, s7
core   0: 0 0x800036a0 (0x037ed133) x2  0x00000000
core   0: 0x800036a4 (0x01544c63) blt     s0, s5, pc + 24
core   0: 0 0x800036a4 (0x01544c63)
core   0: 0x800036bc (0xe1deee93) ori     t4, t4, -483
core   0: 0 0x800036bc (0xe1deee93) x29 0xfffffeff
core   0: 0x800036c0 (0x0000100f) fence.i
core   0: 0 0x800036c0 (0x0000100f)
core   0: 0x800036c4 (0x0000e721) c.bnez  a4, pc + 72
core   0: 0 0x800036c4 (0xe721)
core   0: 0x8000370c (0x0000617d) c.addi16sp sp, 496
core   0: 0 0x8000370c (0x617d) x2  0x000001f0
core   0: 0x8000370e (0x00000001) c.nop
core   0: 0 0x8000370e (0x0001)
core   0: 0x80003710 (0x00e16b33) or      s6, sp, a4
core   0: 0 0x80003710 (0x00e16b33) x22 0x023901f0
core   0: 0x80003714 (0x01638db3) add     s11, t2, s6
core   0: 0 0x80003714 (0x01638db3) x27 0xfa30a79d
core   0: 0x80003718 (0x581ffe97) auipc   t4, 0x581ff
core   0: 0 0x80003718 (0x581ffe97) x29 0xd8202718
core   0: 0x8000371c (0x03d98c33) mul     s8, s3, t4
core   0: 0 0x8000371c (0x03d98c33) x24 0x27dfd8e8
core   0: 0x80003720 (0x2ffbdc97) auipc   s9, 0x2ffbd
core   0: 0 0x80003720 (0x2ffbdc97) x25 0xaffc0720
core   0: 0x80003724 (0x00f96563) bltu    s2, a5, pc + 10
core   0: 0 0x80003724 (0x00f96563)
core   0: 0x8000372e (0x02f836b3) mulhu   a3, a6, a5
core   0: 0 0x8000372e (0x02f836b3) x13 0x000116f6
core   0: 0x80003732 (0x0ff0000f) fence   iorw,iorw
core   0: 0 0x80003732 (0x0ff0000f)
core   0: 0x80003736 (0x01d96663) bltu    s2, t4, pc + 12
core   0: 0 0x80003736 (0x01d96663)
core   0: 0x80003742 (0x41cd89b3) sub     s3, s11, t3
core   0: 0 0x80003742 (0x41cd89b3) x19 0xb31fb1bd
core   0: 0x80003746 (0x002797b3) sll     a5, a5, sp
core   0: 0 0x80003746 (0x002797b3) x15 0x20000000
core   0: 0x8000374a (0x003e1d93) slli    s11, t3, 3
core   0: 0 0x8000374a (0x003e1d93) x27 0x3887af00
core   0: 0x8000374e (0x01bbc363) blt     s7, s11, pc + 6
core   0: 0 0x8000374e (0x01bbc363)
core   0: 0x80003752 (0x0000717d) c.addi16sp sp, -16
core   0: 0 0x80003752 (0x717d) x2  0x000001e0
core   0: 0x80003754 (0x38aec693) xori    a3, t4, 906
core   0: 0 0x80003754 (0x38aec693) x13 0xd8202492
core   0: 0x80003758 (0x0115a633) slt     a2, a1, a7
core   0: 0 0x80003758 (0x0115a633) x12 0x00000001
core   0: 0x8000375c (0x00006879) c.lui   a6, 0x1e
core   0: 0 0x8000375c (0x6879) x16 0x0001e000
core   0: 0x8000375e (0x037aeeb3) rem     t4, s5, s7
core   0: 0 0x8000375e (0x037aeeb3) x29 0x00000001
core   0: 0x80003762 (0x8df2a293) slti    t0, t0, -1825
core   0: 0 0x80003762 (0x8df2a293) x5  0x00000000
core   0: 0x80003766 (0x00008f99) c.sub   a5, a4
core   0: 0 0x80003766 (0x8f99) x15 0x1dc70000
core   0: 0x80003768 (0x028c0763) beq     s8, s0, pc + 46
core   0: 0 0x80003768 (0x028c0763)
core   0: 0x8000376c (0x00000b00) c.addi4spn s0, sp, 400
core   0: 0 0x8000376c (0x0b00) x8  0x00000370
core   0: 0x8000376e (0x0000517d) c.li    sp, -1
core   0: 0 0x8000376e (0x517d) x2  0xffffffff
core   0: 0x80003770 (0x00daad33) slt     s10, s5, a3
core   0: 0 0x80003770 (0x00daad33) x26 0x00000000
core   0: 0x80003774 (0x00009e9a) c.add   t4, t1
core   0: 0 0x80003774 (0x9e9a) x29 0x00000001
core   0: 0x80003776 (0x4180d2b3) sra     t0, ra, s8
core   0: 0 0x80003776 (0x4180d2b3) x5  0xfff7f7a4
core   0: 0x8000377a (0x03047d63) bgeu    s0, a6, pc + 58
core   0: 0 0x8000377a (0x03047d63)
core   0: 0x8000377e (0x032dc533) div     a0, s11, s2
core   0: 0 0x8000377e (0x032dc533) x10 0xffffffff
core   0: 0x80003782 (0x00414b93) xori    s7, sp, 4
core   0: 0 0x80003782 (0x00414b93) x23 0xfffffffb
core   0: 0x80003786 (0x58d40513) addi    a0, s0, 1421
core   0: 0 0x80003786 (0x58d40513) x10 0x000008fd
core   0: 0x8000378a (0x0000870d) c.srai  a4, 3
core   0: 0 0x8000378a (0x870d) x14 0x00472000
core   0: 0x8000378c (0x000082c5) c.srli  a3, 17
core   0: 0 0x8000378c (0x82c5) x13 0x00006c10
core   0: 0x8000378e (0x0000826d) c.srli  a2, 27
core   0: 0 0x8000378e (0x826d) x12 0x00000000
core   0: 0x80003790 (0x00000001) c.nop
core   0: 0 0x80003790 (0x0001)
core   0: 0x80003792 (0x02e4a333) mulhsu  t1, s1, a4
core   0: 0 0x80003792 (0x02e4a333) x6  0xffdc7096
core   0: 0x80003796 (0x00cbb3b3) sltu    t2, s7, a2
core   0: 0 0x80003796 (0x00cbb3b3) x7  0x00000000
core   0: 0x8000379a (0x6d170f93) addi    t6, a4, 1745
core   0: 0 0x8000379a (0x6d170f93) x31 0x004726d1
core   0: 0x8000379e (0x0255c8b3) div     a7, a1, t0
core   0: 0 0x8000379e (0x0255c8b3) x17 0x00000ec6
core   0: 0x800037a2 (0x007b5233) srl     tp, s6, t2
core   0: 0 0x800037a2 (0x007b5233) x4  0x023901f0
core   0: 0x800037a6 (0x00008f35) c.xor   a4, a3
core   0: 0 0x800037a6 (0x8f35) x14 0x00474c10
core   0: 0x800037a8 (0x00d4fd33) and     s10, s1, a3
core   0: 0 0x800037a8 (0x00d4fd33) x26 0x00000c00
core   0: 0x800037ac (0xccc13c93) sltiu   s9, sp, -820
core   0: 0 0x800037ac (0xccc13c93) x25 0x00000000
core   0: 0x800037b0 (0x66f04d13) xori    s10, zero, 1647
core   0: 0 0x800037b0 (0x66f04d13) x26 0x0000066f
core   0: 0x800037b4 (0x00000001) c.nop
core   0: 0 0x800037b4 (0x0001)
core   0: 0x800037b6 (0x0ff0000f) fence   iorw,iorw
core   0: 0 0x800037b6 (0x0ff0000f)
core   0: 0x800037ba (0x00df6a33) or      s4, t5, a3
core   0: 0 0x800037ba (0x00df6a33) x20 0x80027cf4
core   0: 0x800037be (0x00c65e63) bge     a2, a2, pc + 28
core   0: 0 0x800037be (0x00c65e63)
core   0: 0x800037da (0x006ab633) sltu    a2, s5, t1
core   0: 0 0x800037da (0x006ab633) x12 0x00000001
core   0: 0x800037de (0x01ea8863) beq     s5, t5, pc + 16
core   0: 0 0x800037de (0x01ea8863)
core   0: 0x800037e2 (0x025d4933) div     s2, s10, t0
core   0: 0 0x800037e2 (0x025d4933) x18 0x00000000
core   0: 0x800037e6 (0x037c8ab3) mul     s5, s9, s7
core   0: 0 0x800037e6 (0x037c8ab3) x21 0x00000000
core   0: 0x800037ea (0x03b99c33) mulh    s8, s3, s11
core   0: 0 0x800037ea (0x03b99c33) x24 0xef06300a
core   0: 0x800037ee (0x05741163) bne     s0, s7, pc + 66
core   0: 0 0x800037ee (0x05741163)
core   0: 0x80003830 (0x0188f8b3) and     a7, a7, s8
core   0: 0 0x80003830 (0x0188f8b3) x17 0x00000002
core   0: 0x80003834 (0x0060efb3) or      t6, ra, t1
core   0: 0 0x80003834 (0x0060efb3) x31 0xfffff497
core   0: 0x80003838 (0x005ae733) or      a4, s5, t0
core   0: 0 0x80003838 (0x005ae733) x14 0xfff7f7a4
core   0: 0x8000383c (0x00916033) or      zero, sp, s1
core   0: 0 0x8000383c (0x00916033)
core   0: 0x80003840 (0x00008ead) c.xor   a3, a1
core   0: 0 0x80003840 (0x8ead) x13 0x894ec0a4
core   0: 0x80003842 (0x00008c75) c.and   s0, a3
core   0: 0 0x80003842 (0x8c75) x8  0x00000020
core   0: 0x80003844 (0x40eb8433) sub     s0, s7, a4
core   0: 0 0x80003844 (0x40eb8433) x8  0x00080857
core   0: 0x80003848 (0x037af533) remu    a0, s5, s7
core   0: 0 0x80003848 (0x037af533) x10 0x00000000
core   0: 0x8000384c (0x00000001) c.nop
core   0: 0 0x8000384c (0x0001)
core   0: 0x8000384e (0x03a15033) divu    zero, sp, s10
core   0: 0 0x8000384e (0x03a15033)
core   0: 0x80003852 (0x025eecb3) rem     s9, t4, t0
core   0: 0 0x80003852 (0x025eecb3) x25 0x00000001
core   0: 0x80003856 (0x000087e1) c.srai  a5, 24
core   0: 0 0x80003856 (0x87e1) x15 0x0000001d
core   0: 0x80003858 (0x03be56b3) divu    a3, t3, s11
core   0: 0 0x80003858 (0x03be56b3) x13 0x00000001
core   0: 0x8000385c (0x00008ff5) c.and   a5, a3
core   0: 0 0x8000385c (0x8ff5) x15 0x00000001
core   0: 0x8000385e (0x000060cd) c.lui   ra, 0x13
core   0: 0 0x8000385e (0x60cd) x1  0x00013000
core   0: 0x80003860 (0x011eb433) sltu    s0, t4, a7
core   0: 0 0x80003860 (0x011eb433) x8  0x00000001
core   0: 0x80003864 (0x018fe6b3) or      a3, t6, s8
core   0: 0 0x80003864 (0x018fe6b3) x13 0xfffff49f
core   0: 0x80003868 (0x00004315) c.li    t1, 5
core   0: 0 0x80003868 (0x4315) x6  0x00000005
core   0: 0x8000386a (0x00008e35) c.xor   a2, a3
core   0: 0 0x8000386a (0x8e35) x12 0xfffff49e
core   0: 0x8000386c (0x03b253b3) divu    t2, tp, s11
core   0: 0 0x8000386c (0x03b253b3) x7  0x00000000
core   0: 0x80003870 (0x15014c13) xori    s8, sp, 336
core   0: 0 0x80003870 (0x15014c13) x24 0xfffffeaf
core   0: 0x80003874 (0x00109133) sll     sp, ra, ra
core   0: 0 0x80003874 (0x00109133) x2  0x00013000
core   0: 0x80003878 (0x02eeefb3) rem     t6, t4, a4
core   0: 0 0x80003878 (0x02eeefb3) x31 0x00000001
core   0: 0x8000387c (0x008d9863) bne     s11, s0, pc + 16
core   0: 0 0x8000387c (0x008d9863)
core   0: 0x8000388c (0x01d87863) bgeu    a6, t4, pc + 16
core   0: 0 0x8000388c (0x01d87863)
core   0: 0x8000389c (0x019bdd33) srl     s10, s7, s9
core   0: 0 0x8000389c (0x019bdd33) x26 0x7ffffffd
core   0: 0x800038a0 (0x0224dcb3) divu    s9, s1, sp
core   0: 0 0x800038a0 (0x0224dcb3) x25 0x00006bcb
core   0: 0x800038a4 (0x0000c20d) c.beqz  a2, pc + 34
core   0: 0 0x800038a4 (0xc20d)
core   0: 0x800038a6 (0x0000100f) fence.i
core   0: 0 0x800038a6 (0x0000100f)
core   0: 0x800038aa (0x0000c533) xor     a0, ra, zero
core   0: 0 0x800038aa (0x0000c533) x10 0x00013000
core   0: 0x800038ae (0x000067d1) c.lui   a5, 0x14
core   0: 0 0x800038ae (0x67d1) x15 0x00014000
core   0: 0x800038b0 (0x01c61d13) slli    s10, a2, 28
core   0: 0 0x800038b0 (0x01c61d13) x26 0xe0000000
core   0: 0x800038b4 (0x0163da63) bge     t2, s6, pc + 20
core   0: 0 0x800038b4 (0x0163da63)
core   0: 0x800038b8 (0x01d7c563) blt     a5, t4, pc + 10
core   0: 0 0x800038b8 (0x01d7c563)
core   0: 0x800038bc (0x00008fa5) c.xor   a5, s1
core   0: 0 0x800038bc (0x8fa5) x15 0x80035e64
core   0: 0x800038be (0x00dc53b3) srl     t2, s8, a3
core   0: 0 0x800038be (0x00dc53b3) x7  0x00000001
core   0: 0x800038c2 (0x0ff0000f) fence   iorw,iorw
core   0: 0 0x800038c2 (0x0ff0000f)
core   0: 0x800038c6 (0x00008d35) c.xor   a0, a3
core   0: 0 0x800038c6 (0x8d35) x10 0xfffec49f
core   0: 0x800038c8 (0x8beb4f93) xori    t6, s6, -1858
core   0: 0 0x800038c8 (0x8beb4f93) x31 0xfdc6f94e
core   0: 0x800038cc (0x01eb1413) slli    s0, s6, 30
core   0: 0 0x800038cc (0x01eb1413) x8  0x00000000
core   0: 0x800038d0 (0x03f66063) bltu    a2, t6, pc + 32
core   0: 0 0x800038d0 (0x03f66063)
core   0: 0x800038d4 (0x4fc3e393) ori     t2, t2, 1276
core   0: 0 0x800038d4 (0x4fc3e393) x7  0x000004fd
core   0: 0x800038d8 (0x03478c33) mul     s8, a5, s4
core   0: 0 0x800038d8 (0x03478c33) x24 0x61b66750
core   0: 0x800038dc (0x00006135) c.addi16sp sp, 352
core   0: 0 0x800038dc (0x6135) x2  0x00013160
core   0: 0x800038de (0x41c0da93) srai    s5, ra, 28
core   0: 0 0x800038de (0x41c0da93) x21 0x00000000
core   0: 0x800038e2 (0xad3e0b93) addi    s7, t3, -1325
core   0: 0 0x800038e2 (0xad3e0b93) x23 0x4710f0b3
core   0: 0x800038e6 (0x000e5e33) srl     t3, t3, zero
core   0: 0 0x800038e6 (0x000e5e33) x28 0x4710f5e0
core   0: 0x800038ea (0xfbe0be17) auipc   t3, 0xfbe0b
core   0: 0 0x800038ea (0xfbe0be17) x28 0x7be0e8ea
core   0: 0x800038ee (0x00008419) c.srai  s0, 6
core   0: 0 0x800038ee (0x8419) x8  0x00000000
core   0: 0x800038f0 (0x00899113) slli    sp, s3, 8
core   0: 0 0x800038f0 (0x00899113) x2  0x1fb1bd00
core   0: 0x800038f4 (0x0026cdb3) xor     s11, a3, sp
core   0: 0 0x800038f4 (0x0026cdb3) x27 0xe04e499f
core   0: 0x800038f8 (0x0164fd63) bgeu    s1, s6, pc + 26
core   0: 0 0x800038f8 (0x0164fd63)
core   0: 0x80003912 (0xd9aa7893) andi    a7, s4, -614
core   0: 0 0x80003912 (0xd9aa7893) x17 0x80027c90
core   0: 0x80003916 (0x01e59d33) sll     s10, a1, t5
core   0: 0 0x80003916 (0x01e59d33) x26 0x94eacb40
core   0: 0x8000391a (0x0000e409) c.bnez  s0, pc + 10
core   0: 0 0x8000391a (0xe409)
core   0: 0x8000391c (0x01cee033) or      zero, t4, t3
core   0: 0 0x8000391c (0x01cee033)
core   0: 0x80003920 (0x03c25463) bge     tp, t3, pc + 40
core   0: 0 0x80003920 (0x03c25463)
core   0: 0x80003924 (0x00000656) c.slli  a2, 21
core   0: 0 0x80003924 (0x0656) x12 0x93c00000
core   0: 0x80003926 (0x03aaf3b3) remu    t2, s5, s10
core   0: 0 0x80003926 (0x03aaf3b3) x7  0x00000000
core   0: 0x8000392a (0x03970b63) beq     a4, s9, pc + 54
core   0: 0 0x8000392a (0x03970b63)
core   0: 0x8000392e (0x00008d21) c.xor   a0, s0
core   0: 0 0x8000392e (0x8d21) x10 0xfffec49f
core   0: 0x80003930 (0x02e30eb3) mul     t4, t1, a4
core   0: 0 0x80003930 (0x02e30eb3) x29 0xffd7d634
core   0: 0x80003934 (0x00000b86) c.slli  s7, 1
core   0: 0 0x80003934 (0x0b86) x23 0x8e21e166
core   0: 0x80003936 (0x034c1363) bne     s8, s4, pc + 38
core   0: 0 0x80003936 (0x034c1363)
core   0: 0x8000395c (0x03287e63) bgeu    a6, s2, pc + 60
core   0: 0 0x8000395c (0x03287e63)
core   0: 0x80003998 (0x0278f563) bgeu    a7, t2, pc + 42
core   0: 0 0x80003998 (0x0278f563)
core   0: 0x800039c2 (0x00f51cb3) sll     s9, a0, a5
core   0: 0 0x800039c2 (0x00f51cb3) x25 0xffec49f0
core   0: 0x800039c6 (0x00000001) c.nop
core   0: 0 0x800039c6 (0x0001)
core   0: 0x800039c8 (0x00009ca2) c.add   s9, s0
core   0: 0 0x800039c8 (0x9ca2) x25 0xffec49f0
core   0: 0x800039ca (0x035746b3) div     a3, a4, s5
core   0: 0 0x800039ca (0x035746b3) x13 0xffffffff
core   0: 0x800039ce (0x033363b3) rem     t2, t1, s3
core   0: 0 0x800039ce (0x033363b3) x7  0x00000005
core   0: 0x800039d2 (0x0294c2b3) div     t0, s1, s1
core   0: 0 0x800039d2 (0x0294c2b3) x5  0x00000001
core   0: 0x800039d6 (0x03a19633) mulh    a2, gp, s10
core   0: 0 0x800039d6 (0x03a19633) x12 0x039190ff
core   0: 0x800039da (0x02ba7a63) bgeu    s4, a1, pc + 52
core   0: 0 0x800039da (0x02ba7a63)
core   0: 0x800039de (0x04486063) bltu    a6, tp, pc + 64
core   0: 0 0x800039de (0x04486063)
core   0: 0x80003a1e (0x03d068b3) rem     a7, zero, t4
core   0: 0 0x80003a1e (0x03d068b3) x17 0x00000000
core   0: 0x80003a22 (0x037b98b3) mulh    a7, s7, s7
core   0: 0 0x80003a22 (0x037b98b3) x17 0x32a5d7bd
core   0: 0x80003a26 (0x0066e0b3) or      ra, a3, t1
core   0: 0 0x80003a26 (0x0066e0b3) x1  0xffffffff
core   0: 0x80003a2a (0x00009a7d) c.andi  a2, -1
core   0: 0 0x80003a2a (0x9a7d) x12 0x039190ff
core   0: 0x80003a2c (0x000040a5) c.li    ra, 9
core   0: 0 0x80003a2c (0x40a5) x1  0x00000009
core   0: 0x80003a2e (0x00000b80) c.addi4spn s0, sp, 464
core   0: 0 0x80003a2e (0x0b80) x8  0x1fb1bed0
core   0: 0x80003a30 (0x00008c09) c.sub   s0, a0
core   0: 0 0x80003a30 (0x8c09) x8  0x1fb2fa31
core   0: 0x80003a32 (0x02f1fa63) bgeu    gp, a5, pc + 52
core   0: 0 0x80003a32 (0x02f1fa63)
core   0: 0x80003a66 (0x012ad093) srli    ra, s5, 18
core   0: 0 0x80003a66 (0x012ad093) x1  0x00000000
core   0: 0x80003a6a (0x00000001) c.nop
core   0: 0 0x80003a6a (0x0001)
core   0: 0x80003a6c (0x00008e29) c.xor   a2, a0
core   0: 0 0x80003a6c (0x8e29) x12 0xfc6f5460
core   0: 0x80003a6e (0x0ff0000f) fence   iorw,iorw
core   0: 0 0x80003a6e (0x0ff0000f)
core   0: 0x80003a72 (0x00ef76b3) and     a3, t5, a4
core   0: 0 0x80003a72 (0x00ef76b3) x13 0x800254a4
core   0: 0x80003a76 (0x00008a61) c.andi  a2, 24
core   0: 0 0x80003a76 (0x8a61) x12 0x00000000
core   0: 0x80003a78 (0x03cad363) bge     s5, t3, pc + 38
core   0: 0 0x80003a78 (0x03cad363)
core   0: 0x80003a7c (0x0036d113) srli    sp, a3, 3
core   0: 0 0x80003a7c (0x0036d113) x2  0x10004a94
core   0: 0x80003a80 (0x9425a393) slti    t2, a1, -1726
core   0: 0 0x80003a80 (0x9425a393) x7  0x00000001
core   0: 0x80003a84 (0x00008c3d) c.xor   s0, a5
core   0: 0 0x80003a84 (0x8c3d) x8  0x9fb1a455
core   0: 0x80003a86 (0x0000ef01) c.bnez  a4, pc + 24
core   0: 0 0x80003a86 (0xef01)
core   0: 0x80003a9e (0x413c8233) sub     tp, s9, s3
core   0: 0 0x80003a9e (0x413c8233) x4  0x4ccc9833
core   0: 0x80003aa2 (0x0000100f) fence.i
core   0: 0 0x80003aa2 (0x0000100f)
core   0: 0x80003aa6 (0x01e25263) bge     tp, t5, pc + 4
core   0: 0 0x80003aa6 (0x01e25263)
core   0: 0x80003aaa (0x02d05a33) divu    s4, zero, a3
core   0: 0 0x80003aaa (0x02d05a33) x20 0x00000000
core   0: 0x80003aae (0x7a1e0813) addi    a6, t3, 1953
core   0: 0 0x80003aae (0x7a1e0813) x16 0x7be0f08b
core   0: 0x80003ab2 (0x000009ee) c.slli  s3, 27
core   0: 0 0x80003ab2 (0x09ee) x19 0xe8000000
core   0: 0x80003ab4 (0x025ff0b3) remu    ra, t6, t0
core   0: 0 0x80003ab4 (0x025ff0b3) x1  0x00000000
core   0: 0x80003ab8 (0x00008799) c.srai  a5, 6
core   0: 0 0x80003ab8 (0x8799) x15 0xfe000d79
core   0: 0x80003aba (0x0000ef8d) c.bnez  a5, pc + 58
core   0: 0 0x80003aba (0xef8d)
core   0: 0x80003af4 (0x03161e63) bne     a2, a7, pc + 60
core   0: 0 0x80003af4 (0x03161e63)
core   0: 0x80003b30 (0x02f61ab3) mulh    s5, a2, a5
core   0: 0 0x80003b30 (0x02f61ab3) x21 0x00000000
core   0: 0x80003b34 (0x850f1297) auipc   t0, 0x850f1
core   0: 0 0x80003b34 (0x850f1297) x5  0x050f4b34
core   0: 0x80003b38 (0x02b260b3) rem     ra, tp, a1
core   0: 0 0x80003b38 (0x02b260b3) x1  0x4ccc9833
core   0: 0x80003b3c (0x40705193) srai    gp, zero, 7
core   0: 0 0x80003b3c (0x40705193) x3  0x00000000
core   0: 0x80003b40 (0x00f4c0b3) xor     ra, s1, a5
core   0: 0 0x80003b40 (0x00f4c0b3) x1  0x7e02131d
core   0: 0x80003b44 (0x037a9d33) mulh    s10, s5, s7
core   0: 0 0x80003b44 (0x037a9d33) x26 0x00000000
core   0: 0x80003b48 (0x021c5eb3) divu    t4, s8, ra
core   0: 0 0x80003b48 (0x021c5eb3) x29 0x00000000
core   0: 0x80003b4c (0x01191433) sll     s0, s2, a7
core   0: 0 0x80003b4c (0x01191433) x8  0x00000000
core   0: 0x80003b50 (0x03797e33) remu    t3, s2, s7
core   0: 0 0x80003b50 (0x03797e33) x28 0x00000000
core   0: 0x80003b54 (0x00004d35) c.li    s10, 13
core   0: 0 0x80003b54 (0x4d35) x26 0x0000000d
core   0: 0x80003b56 (0x000ca833) slt     a6, s9, zero
core   0: 0 0x80003b56 (0x000ca833) x16 0x00000001
core   0: 0x80003b5a (0x00008fe2) c.mv    t6, s8
core   0: 0 0x80003b5a (0x8fe2) x31 0x61b66750
core   0: 0x80003b5c (0x037c2733) mulhsu  a4, s8, s7
core   0: 0 0x80003b5c (0x037c2733) x14 0x36401bd9
core   0: 0x80003b60 (0x00008d0a) c.mv    s10, sp
core   0: 0 0x80003b60 (0x8d0a) x26 0x10004a94
core   0: 0x80003b62 (0x00009bfd) c.andi  a5, -1
core   0: 0 0x80003b62 (0x9bfd) x15 0xfe000d79
core   0: 0x80003b64 (0x0000e399) c.bnez  a5, pc + 6
core   0: 0 0x80003b64 (0xe399)
core   0: 0x80003b6a (0x03977163) bgeu    a4, s9, pc + 34
core   0: 0 0x80003b6a (0x03977163)
core   0: 0x80003b6e (0x00000001) c.nop
core   0: 0 0x80003b6e (0x0001)
core   0: 0x80003b70 (0x017f4233) xor     tp, t5, s7
core   0: 0 0x80003b70 (0x017f4233) x4  0x0e23bd82
core   0: 0x80003b74 (0x0094b433) sltu    s0, s1, s1
core   0: 0 0x80003b74 (0x0094b433) x8  0x00000000
core   0: 0x80003b78 (0x0000100f) fence.i
core   0: 0 0x80003b78 (0x0000100f)
core   0: 0x80003b7c (0x0354b733) mulhu   a4, s1, s5
core   0: 0 0x80003b7c (0x0354b733) x14 0x00000000
core   0: 0x80003b80 (0x57dcab93) slti    s7, s9, 1405
core   0: 0 0x80003b80 (0x57dcab93) x23 0x00000001
core   0: 0x80003b84 (0x0000717d) c.addi16sp sp, -16
core   0: 0 0x80003b84 (0x717d) x2  0x10004a84
core   0: 0x80003b86 (0x00008ebd) c.xor   a3, a5
core   0: 0 0x80003b86 (0x8ebd) x13 0x7e0259dd
core   0: 0x80003b88 (0x004c22b3) slt     t0, s8, tp
core   0: 0 0x80003b88 (0x004c22b3) x5  0x00000000
core   0: 0x80003b8c (0xd564fe13) andi    t3, s1, -682
core   0: 0 0x80003b8c (0xd564fe13) x28 0x80021c44
core   0: 0x80003b90 (0x0000046a) c.slli  s0, 26
core   0: 0 0x80003b90 (0x046a) x8  0x00000000
core   0: 0x80003b92 (0x0000877d) c.srai  a4, 31
core   0: 0 0x80003b92 (0x877d) x14 0x00000000
core   0: 0x80003b94 (0x03b60a63) beq     a2, s11, pc + 52
core   0: 0 0x80003b94 (0x03b60a63)
core   0: 0x80003b98 (0x017fd463) bge     t6, s7, pc + 8
core   0: 0 0x80003b98 (0x017fd463)
core   0: 0x80003ba0 (0x0000ec09) c.bnez  s0, pc + 26
core   0: 0 0x80003ba0 (0xec09)
core   0: 0x80003ba2 (0x03615263) bge     sp, s6, pc + 36
core   0: 0 0x80003ba2 (0x03615263)
core   0: 0x80003bc6 (0x00006c15) c.lui   s8, 0x5
core   0: 0 0x80003bc6 (0x6c15) x24 0x00005000
core   0: 0x80003bc8 (0x016a4963) blt     s4, s6, pc + 18
core   0: 0 0x80003bc8 (0x016a4963)
core   0: 0x80003bda (0x4cdd3b13) sltiu   s6, s10, 1229
core   0: 0 0x80003bda (0x4cdd3b13) x22 0x00000000
core   0: 0x80003bde (0x00b7dc63) bge     a5, a1, pc + 24
core   0: 0 0x80003bde (0x00b7dc63)
core   0: 0x80003bf6 (0x002f1213) slli    tp, t5, 2
core   0: 0 0x80003bf6 (0x002f1213) x4  0x00097390
core   0: 0x80003bfa (0xaefe3e97) auipc   t4, 0xaefe3
core   0: 0 0x80003bfa (0xaefe3e97) x29 0x2efe6bfa
core   0: 0x80003bfe (0x00000951) c.addi  s2, 20
core   0: 0 0x80003bfe (0x0951) x18 0x00000014
core   0: 0x80003c00 (0x00a82133) slt     sp, a6, a0
core   0: 0 0x80003c00 (0x00a82133) x2  0x00000000
core   0: 0x80003c04 (0x000086e5) c.srai  a3, 25
core   0: 0 0x80003c04 (0x86e5) x13 0x0000003f
core   0: 0x80003c06 (0x023bb133) mulhu   sp, s7, gp
core   0: 0 0x80003c06 (0x023bb133) x2  0x00000000
core   0: 0x80003c0a (0xd83dcd97) auipc   s11, 0xd83dc
core   0: 0 0x80003c0a (0xd83dcd97) x27 0x583dfc0a
core   0: 0x80003c0e (0x00008fc5) c.or    a5, s1
core   0: 0 0x80003c0e (0x8fc5) x15 0xfe021f7d
core   0: 0x80003c10 (0x01f35413) srli    s0, t1, 31
core   0: 0 0x80003c10 (0x01f35413) x8  0x00000000
core   0: 0x80003c14 (0x02e11eb3) mulh    t4, sp, a4
core   0: 0 0x80003c14 (0x02e11eb3) x29 0x00000000
core   0: 0x80003c18 (0x06ee2713) slti    a4, t3, 110
core   0: 0 0x80003c18 (0x06ee2713) x14 0x00000001
core   0: 0x80003c1c (0x40400b33) sub     s6, zero, tp
core   0: 0 0x80003c1c (0x40400b33) x22 0xfff68c70
core   0: 0x80003c20 (0x00008d2d) c.xor   a0, a1
core   0: 0 0x80003c20 (0x8d2d) x10 0x76b0682b
core   0: 0x80003c22 (0x04fa0063) beq     s4, a5, pc + 64
core   0: 0 0x80003c22 (0x04fa0063)
core   0: 0x80003c26 (0x41260e33) sub     t3, a2, s2
core   0: 0 0x80003c26 (0x41260e33) x28 0xffffffec
core   0: 0x80003c2a (0x0000cf99) c.beqz  a5, pc + 30
core   0: 0 0x80003c2a (0xcf99)
core   0: 0x80003c2c (0x00001ffd) c.addi  t6, -1
core   0: 0 0x80003c2c (0x1ffd) x31 0x61b6674f
core   0: 0x80003c2e (0x01627f63) bgeu    tp, s6, pc + 30
core   0: 0 0x80003c2e (0x01627f63)
core   0: 0x80003c32 (0x0000616d) c.addi16sp sp, 240
core   0: 0 0x80003c32 (0x616d) x2  0x000000f0
core   0: 0x80003c34 (0x49c6c013) xori    zero, a3, 1180
core   0: 0 0x80003c34 (0x49c6c013)
core   0: 0x80003c38 (0x0000e519) c.bnez  a0, pc + 14
core   0: 0 0x80003c38 (0xe519)
core   0: 0x80003c46 (0x00008c21) c.xor   s0, s0
core   0: 0 0x80003c46 (0x8c21) x8  0x00000000
core   0: 0x80003c48 (0x01e60133) add     sp, a2, t5
core   0: 0 0x80003c48 (0x01e60133) x2  0x80025ce4
core   0: 0x80003c4c (0x034c02b3) mul     t0, s8, s4
core   0: 0 0x80003c4c (0x034c02b3) x5  0x00000000
core   0: 0x80003c50 (0x41f78833) sub     a6, a5, t6
core   0: 0 0x80003c50 (0x41f78833) x16 0x9c4bb82e
core   0: 0x80003c54 (0x00006339) c.lui   t1, 0xe
core   0: 0 0x80003c54 (0x6339) x6  0x0000e000
core   0: 0x80003c56 (0x3fa54797) auipc   a5, 0x3fa54
core   0: 0 0x80003c56 (0x3fa54797) x15 0xbfa57c56
core   0: 0x80003c5a (0x00457c33) and     s8, a0, tp
core   0: 0 0x80003c5a (0x00457c33) x24 0x00006000
core   0: 0x80003c5e (0x01e139b3) sltu    s3, sp, t5
core   0: 0 0x80003c5e (0x01e139b3) x19 0x00000000
core   0: 0x80003c62 (0x0000717d) c.addi16sp sp, -16
core   0: 0 0x80003c62 (0x717d) x2  0x80025cd4
core   0: 0x80003c64 (0x006b66b3) or      a3, s6, t1
core   0: 0 0x80003c64 (0x006b66b3) x13 0xfff6ec70
core   0: 0x80003c68 (0x000003c9) c.addi  t2, 18
core   0: 0 0x80003c68 (0x03c9) x7  0x00000013
core   0: 0x80003c6a (0xd9664993) xori    s3, a2, -618
core   0: 0 0x80003c6a (0xd9664993) x19 0xfffffd96
core   0: 0x80003c6e (0x038607b3) mul     a5, a2, s8
core   0: 0 0x80003c6e (0x038607b3) x15 0x00000000
core   0: 0x80003c72 (0x000092c2) c.add   t0, a6
core   0: 0 0x80003c72 (0x92c2) x5  0x9c4bb82e
core   0: 0x80003c74 (0x02ba6463) bltu    s4, a1, pc + 40
core   0: 0 0x80003c74 (0x02ba6463)
core   0: 0x80003c9c (0x0369ccb3) div     s9, s3, s6
core   0: 0 0x80003c9c (0x0369ccb3) x25 0x00000000
core   0: 0x80003ca0 (0x03935e63) bge     t1, s9, pc + 60
core   0: 0 0x80003ca0 (0x03935e63)
core   0: 0x80003cdc (0x00000a22) c.slli  s4, 8
core   0: 0 0x80003cdc (0x0a22) x20 0x00000000
core   0: 0x80003cde (0x038e7363) bgeu    t3, s8, pc + 38
core   0: 0 0x80003cde (0x038e7363)
core   0: 0x80003d04 (0x026ebfb3) mulhu   t6, t4, t1
core   0: 0 0x80003d04 (0x026ebfb3) x31 0x00000000
core   0: 0x80003d08 (0x0000c385) c.beqz  a5, pc + 32
core   0: 0 0x80003d08 (0xc385)
core   0: 0x80003d28 (0x010150b3) srl     ra, sp, a6
core   0: 0 0x80003d28 (0x010150b3) x1  0x00020009
core   0: 0x80003d2c (0x1d2d7813) andi    a6, s10, 466
core   0: 0 0x80003d2c (0x1d2d7813) x16 0x00000090
core   0: 0x80003d30 (0x013c0663) beq     s8, s3, pc + 12
core   0: 0 0x80003d30 (0x013c0663)
core   0: 0x80003d34 (0x00008c6d) c.and   s0, a1
core   0: 0 0x80003d34 (0x8c6d) x8  0x00000000
core   0: 0x80003d36 (0x00008f0d) c.sub   a4, a1
core   0: 0 0x80003d36 (0x8f0d) x14 0x76b1534d
core   0: 0x80003d38 (0x41710e33) sub     t3, sp, s7
core   0: 0 0x80003d38 (0x41710e33) x28 0x80025cd3
core   0: 0x80003d3c (0x021c3eb3) mulhu   t4, s8, ra
core   0: 0 0x80003d3c (0x021c3eb3) x29 0x00000000
core   0: 0x80003d40 (0xe1e6c213) xori    tp, a3, -482
core   0: 0 0x80003d40 (0xe1e6c213) x4  0x0009126e
core   0: 0x80003d44 (0x008e8863) beq     t4, s0, pc + 16
core   0: 0 0x80003d44 (0x008e8863)
core   0: 0x80003d54 (0x03601563) bne     zero, s6, pc + 42
core   0: 0 0x80003d54 (0x03601563)
core   0: 0x80003d7e (0x01e99793) slli    a5, s3, 30
core   0: 0 0x80003d7e (0x01e99793) x15 0x80000000
core   0: 0x80003d82 (0xe0c6f517) auipc   a0, 0xe0c6f
core   0: 0 0x80003d82 (0xe0c6f517) x10 0x60c72d82
core   0: 0x80003d86 (0x02374863) blt     a4, gp, pc + 48
core   0: 0 0x80003d86 (0x02374863)
core   0: 0x80003d8a (0x00006789) c.lui   a5, 0x2
core   0: 0 0x80003d8a (0x6789) x15 0x00002000
core   0: 0x80003d8c (0x00008841) c.andi  s0, 16
core   0: 0 0x80003d8c (0x8841) x8  0x00000000
core   0: 0x80003d8e (0x41355313) srai    t1, a0, 19
core   0: 0 0x80003d8e (0x41355313) x6  0x00000c18
core   0: 0x80003d92 (0x000087c1) c.srai  a5, 16
core   0: 0 0x80003d92 (0x87c1) x15 0x00000000
core   0: 0x80003d94 (0x011ac633) xor     a2, s5, a7
core   0: 0 0x80003d94 (0x011ac633) x12 0x32a5d7bd
core   0: 0x80003d98 (0x0ff0000f) fence   iorw,iorw
core   0: 0 0x80003d98 (0x0ff0000f)
core   0: 0x80003d9c (0x03a0dbb3) divu    s7, ra, s10
core   0: 0 0x80003d9c (0x03a0dbb3) x23 0x00000000
core   0: 0x80003da0 (0x3bf60a13) addi    s4, a2, 959
core   0: 0 0x80003da0 (0x3bf60a13) x20 0x32a5db7c
core   0: 0x80003da4 (0x0000637d) c.lui   t1, 0x1f
core   0: 0 0x80003da4 (0x637d) x6  0x0001f000
core   0: 0x80003da6 (0x00000001) c.nop
core   0: 0 0x80003da6 (0x0001)
core   0: 0x80003da8 (0x0000ca0d) c.beqz  a2, pc + 50
core   0: 0 0x80003da8 (0xca0d)
core   0: 0x80003daa (0x002cf263) bgeu    s9, sp, pc + 4
core   0: 0 0x80003daa (0x002cf263)
core   0: 0x80003dae (0x03a73e33) mulhu   t3, a4, s10
core   0: 0 0x80003dae (0x03a73e33) x28 0x076b37c8
core   0: 0x80003db2 (0x01f1da93) srli    s5, gp, 31
core   0: 0 0x80003db2 (0x01f1da93) x21 0x00000000
core   0: 0x80003db6 (0x00018563) beqz    gp, pc + 10
core   0: 0 0x80003db6 (0x00018563)
core   0: 0x80003dc0 (0xc1d9b913) sltiu   s2, s3, -995
core   0: 0 0x80003dc0 (0xc1d9b913) x18 0x00000000
core   0: 0x80003dc4 (0x0000717d) c.addi16sp sp, -16
core   0: 0 0x80003dc4 (0x717d) x2  0x80025cc4
core   0: 0x80003dc6 (0x022a8533) mul     a0, s5, sp
core   0: 0 0x80003dc6 (0x022a8533) x10 0x00000000
core   0: 0x80003dca (0x0000117d) c.addi  sp, -1
core   0: 0 0x80003dca (0x117d) x2  0x80025cc3
core   0: 0x80003dcc (0x000061b5) c.lui   gp, 0xd
core   0: 0 0x80003dcc (0x61b5) x3  0x0000d000
core   0: 0x80003dce (0xa4c88c93) addi    s9, a7, -1460
core   0: 0 0x80003dce (0xa4c88c93) x25 0x32a5d209
core   0: 0x80003dd2 (0x037d50b3) divu    ra, s10, s7
core   0: 0 0x80003dd2 (0x037d50b3) x1  0xffffffff
core   0: 0x80003dd6 (0x03d36963) bltu    t1, t4, pc + 50
core   0: 0 0x80003dd6 (0x03d36963)
core   0: 0x80003dda (0x01eed513) srli    a0, t4, 30
core   0: 0 0x80003dda (0x01eed513) x10 0x00000000
core   0: 0x80003dde (0x00008f4d) c.or    a4, a1
core   0: 0 0x80003dde (0x8f4d) x14 0xfffffffd
core   0: 0x80003de0 (0x0248d063) bge     a7, tp, pc + 32
core   0: 0 0x80003de0 (0x0248d063)
core   0: 0x80003e00 (0x01963433) sltu    s0, a2, s9
core   0: 0 0x80003e00 (0x01963433) x8  0x00000000
core   0: 0x80003e04 (0x0290ab33) mulhsu  s6, ra, s1
core   0: 0 0x80003e04 (0x0290ab33) x22 0xffffffff
core   0: 0x80003e08 (0x04bf8363) beq     t6, a1, pc + 70
core   0: 0 0x80003e08 (0x04bf8363)
core   0: 0x80003e0c (0x00008f85) c.sub   a5, s1
core   0: 0 0x80003e0c (0x8f85) x15 0x7ffde19c
core   0: 0x80003e0e (0x039c2db3) mulhsu  s11, s8, s9
core   0: 0 0x80003e0e (0x039c2db3) x27 0x000012fe
core   0: 0x80003e12 (0x01537db3) and     s11, t1, s5
core   0: 0 0x80003e12 (0x01537db3) x27 0x00000000
core   0: 0x80003e16 (0x00008d21) c.xor   a0, s0
core   0: 0 0x80003e16 (0x8d21) x10 0x00000000
core   0: 0x80003e18 (0x031e4e63) blt     t3, a7, pc + 60
core   0: 0 0x80003e18 (0x031e4e63)
core   0: 0x80003e54 (0x00c58e63) beq     a1, a2, pc + 28
core   0: 0 0x80003e54 (0x00c58e63)
core   0: 0x80003e58 (0x00000001) c.nop
core   0: 0 0x80003e58 (0x0001)
core   0: 0x80003e5a (0x00008c19) c.sub   s0, a4
core   0: 0 0x80003e5a (0x8c19) x8  0x00000003
core   0: 0x80003e5c (0x03874233) div     tp, a4, s8
core   0: 0 0x80003e5c (0x03874233) x4  0x00000000
core   0: 0x80003e60 (0x027ef6b3) remu    a3, t4, t2
core   0: 0 0x80003e60 (0x027ef6b3) x13 0x00000000
core   0: 0x80003e64 (0x01621863) bne     tp, s6, pc + 16
core   0: 0 0x80003e64 (0x01621863)
core   0: 0x80003e74 (0x003ce663) bltu    s9, gp, pc + 12
core   0: 0 0x80003e74 (0x003ce663)
core   0: 0x80003e78 (0x24cf6213) ori     tp, t5, 588
core   0: 0 0x80003e78 (0x24cf6213) x4  0x80025eec
core   0: 0x80003e7c (0x03a6e933) rem     s2, a3, s10
core   0: 0 0x80003e7c (0x03a6e933) x18 0x00000000
core   0: 0x80003e80 (0x0298cd33) div     s10, a7, s1
core   0: 0 0x80003e80 (0x0298cd33) x26 0x00000000
core   0: 0x80003e84 (0x0000ca81) c.beqz  a3, pc + 16
core   0: 0 0x80003e84 (0xca81)
core   0: 0x80003e94 (0x023a90b3) mulh    ra, s5, gp
core   0: 0 0x80003e94 (0x023a90b3) x1  0x00000000
core   0: 0x80003e98 (0x0ff0000f) fence   iorw,iorw
core   0: 0 0x80003e98 (0x0ff0000f)
core   0: 0x80003e9c (0x00be5933) srl     s2, t3, a1
core   0: 0 0x80003e9c (0x00be5933) x18 0x00000076
core   0: 0x80003ea0 (0x00004785) c.li    a5, 1
core   0: 0 0x80003ea0 (0x4785) x15 0x00000001
core   0: 0x80003ea2 (0x4107da13) srai    s4, a5, 16
core   0: 0 0x80003ea2 (0x4107da13) x20 0x00000000
core   0: 0x80003ea6 (0x411783b3) sub     t2, a5, a7
core   0: 0 0x80003ea6 (0x411783b3) x7  0xcd5a2844
core   0: 0x80003eaa (0x000041c1) c.li    gp, 16
core   0: 0 0x80003eaa (0x41c1) x3  0x00000010
core   0: 0x80003eac (0x00008841) c.andi  s0, 16
core   0: 0 0x80003eac (0x8841) x8  0x00000000
core   0: 0x80003eae (0x00006131) c.addi16sp sp, 320
core   0: 0 0x80003eae (0x6131) x2  0x80025e03
core   0: 0x80003eb0 (0x000086b5) c.srai  a3, 13
core   0: 0 0x80003eb0 (0x86b5) x13 0x00000000
core   0: 0x80003eb2 (0x02288e33) mul     t3, a7, sp
core   0: 0 0x80003eb2 (0x02288e33) x28 0xaca2ed37
core   0: 0x80003eb6 (0xae6a0a93) addi    s5, s4, -1306
core   0: 0 0x80003eb6 (0xae6a0a93) x21 0xfffffae6
core   0: 0x80003eba (0x005d2cb3) slt     s9, s10, t0
core   0: 0 0x80003eba (0x005d2cb3) x25 0x00000000
core   0: 0x80003ebe (0x0000717d) c.addi16sp sp, -16
core   0: 0 0x80003ebe (0x717d) x2  0x80025df3
core   0: 0x80003ec0 (0x4043de93) srai    t4, t2, 4
core   0: 0 0x80003ec0 (0x4043de93) x29 0xfcd5a284
core   0: 0x80003ec4 (0x00686b33) or      s6, a6, t1
core   0: 0 0x80003ec4 (0x00686b33) x22 0x0001f090
core   0: 0x80003ec8 (0x025bbcb3) mulhu   s9, s7, t0
core   0: 0 0x80003ec8 (0x025bbcb3) x25 0x00000000
core   0: 0x80003ecc (0x0000821a) c.mv    tp, t1
core   0: 0 0x80003ecc (0x821a) x4  0x0001f000
core   0: 0x80003ece (0x00642433) slt     s0, s0, t1
core   0: 0 0x80003ece (0x00642433) x8  0x00000001
core   0: 0x80003ed2 (0x6e9b3e93) sltiu   t4, s6, 1769
core   0: 0 0x80003ed2 (0x6e9b3e93) x29 0x00000000
core   0: 0x80003ed6 (0x01595413) srli    s0, s2, 21
core   0: 0 0x80003ed6 (0x01595413) x8  0x00000000
core   0: 0x80003eda (0x05f0c063) blt     ra, t6, pc + 64
core   0: 0 0x80003eda (0x05f0c063)
core   0: 0x80003ede (0x03d1a133) mulhsu  sp, gp, t4
core   0: 0 0x80003ede (0x03d1a133) x2  0x00000000
core   0: 0x80003ee2 (0x00008ecd) c.or    a3, a1
core   0: 0 0x80003ee2 (0x8ecd) x13 0x894eacb4
core   0: 0x80003ee4 (0x40add7b3) sra     a5, s11, a0
core   0: 0 0x80003ee4 (0x40add7b3) x15 0x00000000
core   0: 0x80003ee8 (0x0db9ae97) auipc   t4, 0xdb9a
core   0: 0 0x80003ee8 (0x0db9ae97) x29 0x8db9dee8
core   0: 0x80003eec (0x00306263) bltu    zero, gp, pc + 4
core   0: 0 0x80003eec (0x00306263)
core   0: 0x80003ef0 (0xa20c4193) xori    gp, s8, -1504
core   0: 0 0x80003ef0 (0xa20c4193) x3  0xffff9a20
core   0: 0x80003ef4 (0x018b3433) sltu    s0, s6, s8
core   0: 0 0x80003ef4 (0x018b3433) x8  0x00000000
core   0: 0x80003ef8 (0x00008c35) c.xor   s0, a3
core   0: 0 0x80003ef8 (0x8c35) x8  0x894eacb4
core   0: 0x80003efa (0x009279b3) and     s3, tp, s1
core   0: 0 0x80003efa (0x009279b3) x19 0x00001000
core   0: 0x80003efe (0x3f144993) xori    s3, s0, 1009
core   0: 0 0x80003efe (0x3f144993) x19 0x894eaf45
core   0: 0x80003f02 (0x03c02633) mulhsu  a2, zero, t3
core   0: 0 0x80003f02 (0x03c02633) x12 0x00000000
core   0: 0x80003f06 (0x00006141) c.addi16sp sp, 16
core   0: 0 0x80003f06 (0x6141) x2  0x00000010
core   0: 0x80003f08 (0x0000987d) c.andi  s0, -1
core   0: 0 0x80003f08 (0x987d) x8  0x894eacb4
core   0: 0x80003f0a (0x0105ffb3) and     t6, a1, a6
core   0: 0 0x80003f0a (0x0105ffb3) x31 0x00000090
core   0: 0x80003f0e (0x28147013) andi    zero, s0, 641
core   0: 0 0x80003f0e (0x28147013)
core   0: 0x80003f12 (0x00006165) c.addi16sp sp, 112
core   0: 0 0x80003f12 (0x6165) x2  0x00000080
core   0: 0x80003f14 (0x4076d6b3) sra     a3, a3, t2
core   0: 0 0x80003f14 (0x4076d6b3) x13 0xf894eacb
core   0: 0x80003f18 (0x00004cf5) c.li    s9, 29
core   0: 0 0x80003f18 (0x4cf5) x25 0x0000001d
core   0: 0x80003f1a (0x02229a63) bne     t0, sp, pc + 52
core   0: 0 0x80003f1a (0x02229a63)
core   0: 0x80003f4e (0x00000001) c.nop
core   0: 0 0x80003f4e (0x0001)
core   0: 0x80003f50 (0x018f5db3) srl     s11, t5, s8
core   0: 0 0x80003f50 (0x018f5db3) x27 0x80025ce4
core   0: 0x80003f54 (0x0ff0000f) fence   iorw,iorw
core   0: 0 0x80003f54 (0x0ff0000f)
core   0: 0x80003f58 (0x00001d18) c.addi4spn a4, sp, 688
core   0: 0 0x80003f58 (0x1d18) x14 0x00000330
core   0: 0x80003f5a (0x00890ab3) add     s5, s2, s0
core   0: 0 0x80003f5a (0x00890ab3) x21 0x894ead2a
core   0: 0x80003f5e (0x0000191c) c.addi4spn a5, sp, 176
core   0: 0 0x80003f5e (0x191c) x15 0x00000130
core   0: 0x80003f60 (0x02290133) mul     sp, s2, sp
core   0: 0 0x80003f60 (0x02290133) x2  0x00003b00
core   0: 0x80003f64 (0x4fff3a13) sltiu   s4, t5, 1279
core   0: 0 0x80003f64 (0x4fff3a13) x20 0x00000000
core   0: 0x80003f68 (0x012a8c33) add     s8, s5, s2
core   0: 0 0x80003f68 (0x012a8c33) x24 0x894eada0
core   0: 0x80003f6c (0x00000d98) c.addi4spn a4, sp, 720
core   0: 0 0x80003f6c (0x0d98) x14 0x00003dd0
core   0: 0x80003f6e (0x02025bb3) divu    s7, tp, zero
core   0: 0 0x80003f6e (0x02025bb3) x23 0xffffffff
core   0: 0x80003f72 (0x03142433) mulhsu  s0, s0, a7
core   0: 0 0x80003f72 (0x03142433) x8  0xe8847969
core   0: 0x80003f76 (0x00008c21) c.xor   s0, s0
core   0: 0 0x80003f76 (0x8c21) x8  0x00000000
core   0: 0x80003f78 (0xe8871b17) auipc   s6, 0xe8871
core   0: 0 0x80003f78 (0xe8871b17) x22 0x68874f78
core   0: 0x80003f7c (0x00ba4433) xor     s0, s4, a1
core   0: 0 0x80003f7c (0x00ba4433) x8  0x894eacb4
core   0: 0x80003f80 (0x00000e98) c.addi4spn a4, sp, 848
core   0: 0 0x80003f80 (0x0e98) x14 0x00003e50
core   0: 0x80003f82 (0x0182e3b3) or      t2, t0, s8
core   0: 0 0x80003f82 (0x0182e3b3) x7  0x9d4fbdae
core   0: 0x80003f86 (0x000051fd) c.li    gp, -1
core   0: 0 0x80003f86 (0x51fd) x3  0xffffffff
core   0: 0x80003f88 (0x03ab4163) blt     s6, s10, pc + 34
core   0: 0 0x80003f88 (0x03ab4163)
core   0: 0x80003f8c (0x0000100f) fence.i
core   0: 0 0x80003f8c (0x0000100f)
core   0: 0x80003f90 (0x00006cf1) c.lui   s9, 0x1c
core   0: 0 0x80003f90 (0x6cf1) x25 0x0001c000
core   0: 0x80003f92 (0x00000001) c.nop
core   0: 0 0x80003f92 (0x0001)
core   0: 0x80003f94 (0x4039d993) srai    s3, s3, 3
core   0: 0 0x80003f94 (0x4039d993) x19 0xf129d5e8
core   0: 0x80003f98 (0x0000ea99) c.bnez  a3, pc + 22
core   0: 0 0x80003f98 (0xea99)
core   0: 0x80003fae (0x00ff7e63) bgeu    t5, a5, pc + 28
core   0: 0 0x80003fae (0x00ff7e63)
core   0: 0x80003fca (0x0ff0000f) fence   iorw,iorw
core   0: 0 0x80003fca (0x0ff0000f)
core   0: 0x80003fce (0x0000871a) c.mv    a4, t1
core   0: 0 0x80003fce (0x871a) x14 0x0001f000
core   0: 0x80003fd0 (0x03e4f263) bgeu    s1, t5, pc + 36
core   0: 0 0x80003fd0 (0x03e4f263)
core   0: 0x80003fd4 (0xd2747c93) andi    s9, s0, -729
core   0: 0 0x80003fd4 (0xd2747c93) x25 0x894eac24
core   0: 0x80003fd8 (0x03711463) bne     sp, s7, pc + 40
core   0: 0 0x80003fd8 (0x03711463)
core   0: 0x80004000 (0x00e15413) srli    s0, sp, 14
core   0: 0 0x80004000 (0x00e15413) x8  0x00000000
core   0: 0x80004004 (0x01653d33) sltu    s10, a0, s6
core   0: 0 0x80004004 (0x01653d33) x26 0x00000001
core   0: 0x80004008 (0xa3360b37) lui     s6, 0xa3360
core   0: 0 0x80004008 (0xa3360b37) x22 0xa3360000
core   0: 0x8000400c (0x0000100f) fence.i
core   0: 0 0x8000400c (0x0000100f)
core   0: 0x80004010 (0x0000c031) c.beqz  s0, pc + 68
core   0: 0 0x80004010 (0xc031)
core   0: 0x80004054 (0x0000100f) fence.i
core   0: 0 0x80004054 (0x0000100f)
core   0: 0x80004058 (0x00000001) c.nop
core   0: 0 0x80004058 (0x0001)
core   0: 0x8000405a (0x41248fb3) sub     t6, s1, s2
core   0: 0 0x8000405a (0x41248fb3) x31 0x80021dee
core   0: 0x8000405e (0x0302e263) bltu    t0, a6, pc + 36
core   0: 0 0x8000405e (0x0302e263)
core   0: 0x80004062 (0x2b825317) auipc   t1, 0x2b825
core   0: 0 0x80004062 (0x2b825317) x6  0xab829062
core   0: 0x80004066 (0x000086e9) c.srai  a3, 26
core   0: 0 0x80004066 (0x86e9) x13 0xfffffffe
core   0: 0x80004068 (0x00000490) c.addi4spn a2, sp, 576
core   0: 0 0x80004068 (0x0490) x12 0x00003d40
core   0: 0x8000406a (0xb9224293) xori    t0, tp, -1134
core   0: 0 0x8000406a (0xb9224293) x5  0xfffe0b92
core   0: 0x8000406e (0x00000594) c.addi4spn a3, sp, 704
core   0: 0 0x8000406e (0x0594) x13 0x00003dc0
core   0: 0x80004070 (0x03300533) mul     a0, zero, s3
core   0: 0 0x80004070 (0x03300533) x10 0x00000000
core   0: 0x80004074 (0x00008d65) c.and   a0, s1
core   0: 0 0x80004074 (0x8d65) x10 0x00000000
core   0: 0x80004076 (0x01808463) beq     ra, s8, pc + 8
core   0: 0 0x80004076 (0x01808463)
core   0: 0x8000407a (0x00001f94) c.addi4spn a3, sp, 1008
core   0: 0 0x8000407a (0x1f94) x13 0x00003ef0
core   0: 0x8000407c (0x0000826d) c.srli  a2, 27
core   0: 0 0x8000407c (0x826d) x12 0x00000000
core   0: 0x8000407e (0x11f4fb13) andi    s6, s1, 287
core   0: 0 0x8000407e (0x11f4fb13) x22 0x00000004
core   0: 0x80004082 (0x02784a33) div     s4, a6, t2
core   0: 0 0x80004082 (0x02784a33) x20 0x00000000
core   0: 0x80004086 (0x000050fd) c.li    ra, -1
core   0: 0 0x80004086 (0x50fd) x1  0xffffffff
core   0: 0x80004088 (0x4e08bb13) sltiu   s6, a7, 1248
core   0: 0 0x80004088 (0x4e08bb13) x22 0x00000000
core   0: 0x8000408c (0x41eb0533) sub     a0, s6, t5
core   0: 0 0x8000408c (0x41eb0533) x10 0x7ffda31c
core   0: 0x80004090 (0x03a25563) bge     tp, s10, pc + 42
core   0: 0 0x80004090 (0x03a25563)
core   0: 0x800040ba (0x00000001) c.nop
core   0: 0 0x800040ba (0x0001)
core   0: 0x800040bc (0x000086b9) c.srai  a3, 14
core   0: 0 0x800040bc (0x86b9) x13 0x00000000
core   0: 0x800040be (0x01bc6733) or      a4, s8, s11
core   0: 0 0x800040be (0x01bc6733) x14 0x894efde4
core   0: 0x800040c2 (0x6d8e2393) slti    t2, t3, 1752
core   0: 0 0x800040c2 (0x6d8e2393) x7  0x00000001
core   0: 0x800040c6 (0x00904f63) blt     zero, s1, pc + 30
core   0: 0 0x800040c6 (0x00904f63)
core   0: 0x800040ca (0x00008fa1) c.xor   a5, s0
core   0: 0 0x800040ca (0x8fa1) x15 0x00000130
core   0: 0x800040cc (0x034621b3) mulhsu  gp, a2, s4
core   0: 0 0x800040cc (0x034621b3) x3  0x00000000
core   0: 0x800040d0 (0x035831b3) mulhu   gp, a6, s5
core   0: 0 0x800040d0 (0x035831b3) x3  0x0000004d
core   0: 0x800040d4 (0x02778ab3) mul     s5, a5, t2
core   0: 0 0x800040d4 (0x02778ab3) x21 0x00000130
core   0: 0x800040d8 (0x73760e13) addi    t3, a2, 1847
core   0: 0 0x800040d8 (0x73760e13) x28 0x00000737
core   0: 0x800040dc (0x0000587d) c.li    a6, -1
core   0: 0 0x800040dc (0x587d) x16 0xffffffff
core   0: 0x800040de (0x0000613d) c.addi16sp sp, 480
core   0: 0 0x800040de (0x613d) x2  0x00003ce0
core   0: 0x800040e0 (0xa83b6993) ori     s3, s6, -1405
core   0: 0 0x800040e0 (0xa83b6993) x19 0xfffffa83
core   0: 0x800040e4 (0x40a1d893) srai    a7, gp, 10
core   0: 0 0x800040e4 (0x40a1d893) x17 0x00000000
core   0: 0x800040e8 (0x000be763) bltu    s7, zero, pc + 14
core   0: 0 0x800040e8 (0x000be763)
core   0: 0x800040ec (0x00ee4663) blt     t3, a4, pc + 12
core   0: 0 0x800040ec (0x00ee4663)
core   0: 0x800040f0 (0x0c348e93) addi    t4, s1, 195
core   0: 0 0x800040f0 (0x0c348e93) x29 0x80021f27
core   0: 0x800040f4 (0x00006151) c.addi16sp sp, 272
core   0: 0 0x800040f4 (0x6151) x2  0x00003df0
core   0: 0x800040f6 (0x0000c691) c.beqz  a3, pc + 12
core   0: 0 0x800040f6 (0xc691)
core   0: 0x80004102 (0x020b5633) divu    a2, s6, zero
core   0: 0 0x80004102 (0x020b5633) x12 0xffffffff
core   0: 0x80004106 (0x00008551) c.srai  a0, 20
core   0: 0 0x80004106 (0x8551) x10 0x000007ff
core   0: 0x80004108 (0x0eb5b193) sltiu   gp, a1, 235
core   0: 0 0x80004108 (0x0eb5b193) x3  0x00000000
core   0: 0x8000410c (0x010b5093) srli    ra, s6, 16
core   0: 0 0x8000410c (0x010b5093) x1  0x00000000
core   0: 0x80004110 (0x00008c01) c.sub   s0, s0
core   0: 0 0x80004110 (0x8c01) x8  0x00000000
core   0: 0x80004112 (0x0ff0000f) fence   iorw,iorw
core   0: 0 0x80004112 (0x0ff0000f)
core   0: 0x80004116 (0x03d56b63) bltu    a0, t4, pc + 54
core   0: 0 0x80004116 (0x03d56b63)
core   0: 0x8000414c (0x0270d2b3) divu    t0, ra, t2
core   0: 0 0x8000414c (0x0270d2b3) x5  0x00000000
core   0: 0x80004150 (0x411a5eb3) sra     t4, s4, a7
core   0: 0 0x80004150 (0x411a5eb3) x29 0x00000000
core   0: 0x80004154 (0x0000717d) c.addi16sp sp, -16
core   0: 0 0x80004154 (0x717d) x2  0x00003de0
core   0: 0x80004156 (0x017de933) or      s2, s11, s7
core   0: 0 0x80004156 (0x017de933) x18 0xffffffff
core   0: 0x8000415a (0x03aa3bb3) mulhu   s7, s4, s10
core   0: 0 0x8000415a (0x03aa3bb3) x23 0x00000000
core   0: 0x8000415e (0x000066b9) c.lui   a3, 0xe
core   0: 0 0x8000415e (0x66b9) x13 0x0000e000
core   0: 0x80004160 (0x03baf733) remu    a4, s5, s11
core   0: 0 0x80004160 (0x03baf733) x14 0x00000130
core   0: 0x80004164 (0x0116dd63) bge     a3, a7, pc + 26
core   0: 0 0x80004164 (0x0116dd63)
core   0: 0x8000417e (0x00000a56) c.slli  s4, 21
core   0: 0 0x8000417e (0x0a56) x20 0x00000000
core   0: 0x80004180 (0x02965733) divu    a4, a2, s1
core   0: 0 0x80004180 (0x02965733) x14 0x00000001
core   0: 0x80004184 (0x03780263) beq     a6, s7, pc + 36
core   0: 0 0x80004184 (0x03780263)
core   0: 0x80004188 (0x6bf55b17) auipc   s6, 0x6bf55
core   0: 0 0x80004188 (0x6bf55b17) x22 0xebf59188
core   0: 0x8000418c (0x0000862a) c.mv    a2, a0
core   0: 0 0x8000418c (0x862a) x12 0x000007ff
core   0: 0x8000418e (0x22dd3293) sltiu   t0, s10, 557
core   0: 0 0x8000418e (0x22dd3293) x5  0x00000001
core   0: 0x80004192 (0x00000001) c.nop
core   0: 0 0x80004192 (0x0001)
core   0: 0x80004194 (0x0ff0000f) fence   iorw,iorw
core   0: 0 0x80004194 (0x0ff0000f)
core   0: 0x80004198 (0x03e1de63) bge     gp, t5, pc + 60
core   0: 0 0x80004198 (0x03e1de63)
core   0: 0x800041d4 (0x00196813) ori     a6, s2, 1
core   0: 0 0x800041d4 (0x00196813) x16 0xffffffff
core   0: 0x800041d8 (0x00008f99) c.sub   a5, a4
core   0: 0 0x800041d8 (0x8f99) x15 0x0000012f
core   0: 0x800041da (0x01ab6463) bltu    s6, s10, pc + 8
core   0: 0 0x800041da (0x01ab6463)
core   0: 0x800041de (0x01466eb3) or      t4, a2, s4
core   0: 0 0x800041de (0x01466eb3) x29 0x000007ff
core   0: 0x800041e2 (0x02e44563) blt     s0, a4, pc + 42
core   0: 0 0x800041e2 (0x02e44563)
core   0: 0x8000420c (0x26de3b13) sltiu   s6, t3, 621
core   0: 0 0x8000420c (0x26de3b13) x22 0x00000000
core   0: 0x80004210 (0x000067d5) c.lui   a5, 0x15
core   0: 0 0x80004210 (0x67d5) x15 0x00015000
core   0: 0x80004212 (0x00008ed5) c.or    a3, a3
core   0: 0 0x80004212 (0x8ed5) x13 0x0000e000
core   0: 0x80004214 (0x000092e2) c.add   t0, s8
core   0: 0 0x80004214 (0x92e2) x5  0x894eada1
core   0: 0x80004216 (0x0000eb09) c.bnez  a4, pc + 18
core   0: 0 0x80004216 (0xeb09)
core   0: 0x80004228 (0x00cae863) bltu    s5, a2, pc + 16
core   0: 0 0x80004228 (0x00cae863)
core   0: 0x80004238 (0x026ba533) mulhsu  a0, s7, t1
core   0: 0 0x80004238 (0x026ba533) x10 0x00000000
core   0: 0x8000423c (0x000e6333) or      t1, t3, zero
core   0: 0 0x8000423c (0x000e6333) x6  0x00000737
core   0: 0x80004240 (0x03ef9b63) bne     t6, t5, pc + 54
core   0: 0 0x80004240 (0x03ef9b63)
core   0: 0x80004276 (0x03a5d533) divu    a0, a1, s10
core   0: 0 0x80004276 (0x03a5d533) x10 0x894eacb4
core   0: 0x8000427a (0x00005dfd) c.li    s11, -1
core   0: 0 0x8000427a (0x5dfd) x27 0xffffffff
core   0: 0x8000427c (0x00a62733) slt     a4, a2, a0
core   0: 0 0x8000427c (0x00a62733) x14 0x00000000
core   0: 0x80004280 (0x4112d393) srai    t2, t0, 17
core   0: 0 0x80004280 (0x4112d393) x7  0xffffc4a7
core   0: 0x80004284 (0x021e2a33) mulhsu  s4, t3, ra
core   0: 0 0x80004284 (0x021e2a33) x20 0x00000000
core   0: 0x80004288 (0x0000157d) c.addi  a0, -1
core   0: 0 0x80004288 (0x157d) x10 0x894eacb3
core   0: 0x8000428a (0x00008d69) c.and   a0, a0
core   0: 0 0x8000428a (0x8d69) x10 0x894eacb3
core   0: 0x8000428c (0x03dd12b3) mulh    t0, s10, t4
core   0: 0 0x8000428c (0x03dd12b3) x5  0x00000000
core   0: 0x80004290 (0x0038cdb3) xor     s11, a7, gp
core   0: 0 0x80004290 (0x0038cdb3) x27 0x00000000
core   0: 0x80004294 (0x008c4ab3) xor     s5, s8, s0
core   0: 0 0x80004294 (0x008c4ab3) x21 0x894eada0
core   0: 0x80004298 (0x06fb7213) andi    tp, s6, 111
core   0: 0 0x80004298 (0x06fb7213) x4  0x00000000
core   0: 0x8000429c (0x02d9f563) bgeu    s3, a3, pc + 42
core   0: 0 0x8000429c (0x02d9f563)
core   0: 0x800042c6 (0x022b9963) bne     s7, sp, pc + 50
core   0: 0 0x800042c6 (0x022b9963)
core   0: 0x800042f8 (0x00006169) c.addi16sp sp, 208
core   0: 0 0x800042f8 (0x6169) x2  0x00003eb0
core   0: 0x800042fa (0x00008365) c.srli  a4, 25
core   0: 0 0x800042fa (0x8365) x14 0x00000000
core   0: 0x800042fc (0x00008fed) c.and   a5, a1
core   0: 0 0x800042fc (0x8fed) x15 0x00000000
core   0: 0x800042fe (0x004ca533) slt     a0, s9, tp
core   0: 0 0x800042fe (0x004ca533) x10 0x00000001
core   0: 0x80004302 (0x2a9b9237) lui     tp, 0x2a9b9
core   0: 0 0x80004302 (0x2a9b9237) x4  0x2a9b9000
core   0: 0x80004306 (0xf3ef3e97) auipc   t4, 0xf3ef3
core   0: 0 0x80004306 (0xf3ef3e97) x29 0x73ef7306
core   0: 0x8000430a (0x00008e55) c.or    a2, a3
core   0: 0 0x8000430a (0x8e55) x12 0x0000e7ff
core   0: 0x8000430c (0x01a75833) srl     a6, a4, s10
core   0: 0 0x8000430c (0x01a75833) x16 0x00000000
core   0: 0x80004310 (0x00008d75) c.and   a0, a3
core   0: 0 0x80004310 (0x8d75) x10 0x00000000
core   0: 0x80004312 (0x02877733) remu    a4, a4, s0
core   0: 0 0x80004312 (0x02877733) x14 0x00000000
core   0: 0x80004316 (0x00371033) sll     zero, a4, gp
core   0: 0 0x80004316 (0x00371033)
core   0: 0x8000431a (0x00000001) c.nop
core   0: 0 0x8000431a (0x0001)
core   0: 0x8000431c (0x01533fb3) sltu    t6, t1, s5
core   0: 0 0x8000431c (0x01533fb3) x31 0x00000001
core   0: 0x80004320 (0x02cd1bb3) mulh    s7, s10, a2
core   0: 0 0x80004320 (0x02cd1bb3) x23 0x00000000
core   0: 0x80004324 (0x00004c95) c.li    s9, 5
core   0: 0 0x80004324 (0x4c95) x25 0x00000005
core   0: 0x80004326 (0x02aeffb3) remu    t6, t4, a0
core   0: 0 0x80004326 (0x02aeffb3) x31 0x73ef7306
core   0: 0x8000432a (0x05b79063) bne     a5, s11, pc + 64
core   0: 0 0x8000432a (0x05b79063)
core   0: 0x8000432e (0x0ff0000f) fence   iorw,iorw
core   0: 0 0x8000432e (0x0ff0000f)
core   0: 0x80004332 (0x00391d93) slli    s11, s2, 3
core   0: 0 0x80004332 (0x00391d93) x27 0xfffffff8
core   0: 0x80004336 (0xccbe2893) slti    a7, t3, -821
core   0: 0 0x80004336 (0xccbe2893) x17 0x00000000
core   0: 0x8000433a (0x03995733) divu    a4, s2, s9
core   0: 0 0x8000433a (0x03995733) x14 0x33333333
core   0: 0x8000433e (0x02e11233) mulh    tp, sp, a4
core   0: 0 0x8000433e (0x02e11233) x4  0x00000c89
core   0: 0x80004342 (0x001ad863) bge     s5, ra, pc + 16
core   0: 0 0x80004342 (0x001ad863)
core   0: 0x80004346 (0x03075333) divu    t1, a4, a6
core   0: 0 0x80004346 (0x03075333) x6  0xffffffff
core   0: 0x8000434a (0x01f87db3) and     s11, a6, t6
core   0: 0 0x8000434a (0x01f87db3) x27 0x00000000
core   0: 0x8000434e (0x03a6bb33) mulhu   s6, a3, s10
core   0: 0 0x8000434e (0x03a6bb33) x22 0x00000000
core   0: 0x80004352 (0x037ad9b3) divu    s3, s5, s7
core   0: 0 0x80004352 (0x037ad9b3) x19 0xffffffff
core   0: 0x80004356 (0x03c85f63) bge     a6, t3, pc + 62
core   0: 0 0x80004356 (0x03c85f63)
core   0: 0x8000435a (0x000091fa) c.add   gp, t5
core   0: 0 0x8000435a (0x91fa) x3  0x80025ce4
core   0: 0x8000435c (0x00f116b3) sll     a3, sp, a5
core   0: 0 0x8000435c (0x00f116b3) x13 0x00003eb0
core   0: 0x80004360 (0xbac1c413) xori    s0, gp, -1108
core   0: 0 0x80004360 (0xbac1c413) x8  0x7ffda748
core   0: 0x80004364 (0x85d2f713) andi    a4, t0, -1955
core   0: 0 0x80004364 (0x85d2f713) x14 0x00000000
core   0: 0x80004368 (0x0000117d) c.addi  sp, -1
core   0: 0 0x80004368 (0x117d) x2  0x00003eaf
core   0: 0x8000436a (0x4d0bc893) xori    a7, s7, 1232
core   0: 0 0x8000436a (0x4d0bc893) x17 0x000004d0
core   0: 0x8000436e (0x03950c63) beq     a0, s9, pc + 56
core   0: 0 0x8000436e (0x03950c63)
core   0: 0x80004372 (0x0000100f) fence.i
core   0: 0 0x80004372 (0x0000100f)
core   0: 0x80004376 (0x00000b98) c.addi4spn a4, sp, 464
core   0: 0 0x80004376 (0x0b98) x14 0x0000407f
core   0: 0x80004378 (0x028b6533) rem     a0, s6, s0
core   0: 0 0x80004378 (0x028b6533) x10 0x00000000
core   0: 0x8000437c (0x41acd313) srai    t1, s9, 26
core   0: 0 0x8000437c (0x41acd313) x6  0x00000000
core   0: 0x80004380 (0x03d17633) remu    a2, sp, t4
core   0: 0 0x80004380 (0x03d17633) x12 0x00003eaf
core   0: 0x80004384 (0x00008ea9) c.xor   a3, a0
core   0: 0 0x80004384 (0x8ea9) x13 0x00003eb0
core   0: 0x80004386 (0x00000001) c.nop
core   0: 0 0x80004386 (0x0001)
core   0: 0x80004388 (0x0000e309) c.bnez  a4, pc + 2
core   0: 0 0x80004388 (0xe309)
core   0: 0x8000438a (0x00008d11) c.sub   a0, a2
core   0: 0 0x8000438a (0x8d11) x10 0xffffc151
core   0: 0x8000438c (0x00009996) c.add   s3, t0
core   0: 0 0x8000438c (0x9996) x19 0xffffffff
core   0: 0x8000438e (0x012fde93) srli    t4, t6, 18
core   0: 0 0x8000438e (0x012fde93) x29 0x00001cfb
core   0: 0x80004392 (0x0000717d) c.addi16sp sp, -16
core   0: 0 0x80004392 (0x717d) x2  0x00003e9f
core   0: 0x80004394 (0x02a80d33) mul     s10, a6, a0
core   0: 0 0x80004394 (0x02a80d33) x26 0x00000000
core   0: 0x80004398 (0x00008ee5) c.and   a3, s1
core   0: 0 0x80004398 (0x8ee5) x13 0x00001e20
core   0: 0x8000439a (0x000052fd) c.li    t0, -1
core   0: 0 0x8000439a (0x52fd) x5  0xffffffff
core   0: 0x8000439c (0x000086f5) c.srai  a3, 29
core   0: 0 0x8000439c (0x86f5) x13 0x00000000
core   0: 0x8000439e (0x00c3bc33) sltu    s8, t2, a2
core   0: 0 0x8000439e (0x00c3bc33) x24 0x00000000
core   0: 0x800043a2 (0x00e2ef63) bltu    t0, a4, pc + 30
core   0: 0 0x800043a2 (0x00e2ef63)
core   0: 0x800043a6 (0x00754f63) blt     a0, t2, pc + 30
core   0: 0 0x800043a6 (0x00754f63)
core   0: 0x800043c4 (0x4119dcb3) sra     s9, s3, a7
core   0: 0 0x800043c4 (0x4119dcb3) x25 0xffffffff
core   0: 0x800043c8 (0x5adcad97) auipc   s11, 0x5adca
core   0: 0 0x800043c8 (0x5adcad97) x27 0xdadce3c8
core   0: 0x800043cc (0xfabb8893) addi    a7, s7, -85
core   0: 0 0x800043cc (0xfabb8893) x17 0xffffffab
core   0: 0x800043d0 (0x401cd693) srai    a3, s9, 1
core   0: 0 0x800043d0 (0x401cd693) x13 0xffffffff
core   0: 0x800043d4 (0x03549963) bne     s1, s5, pc + 50
core   0: 0 0x800043d4 (0x03549963)
core   0: 0x80004406 (0x0000717d) c.addi16sp sp, -16
core   0: 0 0x80004406 (0x717d) x2  0x00003e8f
core   0: 0x80004408 (0xde9d8413) addi    s0, s11, -535
core   0: 0 0x80004408 (0xde9d8413) x8  0xdadce1b1
core   0: 0x8000440c (0x41fd8c33) sub     s8, s11, t6
core   0: 0 0x8000440c (0x41fd8c33) x24 0x66ed70c2
core   0: 0x80004410 (0x0000e411) c.bnez  s0, pc + 12
core   0: 0 0x80004410 (0xe411)
core   0: 0x8000441c (0x006fe863) bltu    t6, t1, pc + 16
core   0: 0 0x8000441c (0x006fe863)
core   0: 0x80004420 (0x00009ef6) c.add   t4, t4
core   0: 0 0x80004420 (0x9ef6) x29 0x000039f6
core   0: 0x80004422 (0x0000e60d) c.bnez  a2, pc + 42
core   0: 0 0x80004422 (0xe60d)
core   0: 0x8000444c (0x00008fcd) c.or    a5, a1
core   0: 0 0x8000444c (0x8fcd) x15 0x894eacb4
core   0: 0x8000444e (0xfcbb8a13) addi    s4, s7, -53
core   0: 0 0x8000444e (0xfcbb8a13) x20 0xffffffcb
core   0: 0x80004452 (0x022b80b3) mul     ra, s7, sp
core   0: 0 0x80004452 (0x022b80b3) x1  0x00000000
core   0: 0x80004456 (0x00006151) c.addi16sp sp, 272
core   0: 0 0x80004456 (0x6151) x2  0x00003f9f
core   0: 0x80004458 (0x00000222) c.slli  tp, 8
core   0: 0 0x80004458 (0x0222) x4  0x000c8900
core   0: 0x8000445a (0x00baf033) and     zero, s5, a1
core   0: 0 0x8000445a (0x00baf033)
core   0: 0x8000445e (0x00001bfd) c.addi  s7, -1
core   0: 0 0x8000445e (0x1bfd) x23 0xffffffff
core   0: 0x80004460 (0x017fed63) bltu    t6, s7, pc + 26
core   0: 0 0x80004460 (0x017fed63)
core   0: 0x8000447a (0x54ddf713) andi    a4, s11, 1357
core   0: 0 0x8000447a (0x54ddf713) x14 0x00000148
core   0: 0x8000447e (0x0000611d) c.addi16sp sp, 416
core   0: 0 0x8000447e (0x611d) x2  0x0000413f
core   0: 0x80004480 (0x034fce33) div     t3, t6, s4
core   0: 0 0x80004480 (0x034fce33) x28 0xfdd002a9
core   0: 0x80004484 (0x03805097) auipc   ra, 0x3805
core   0: 0 0x80004484 (0x03805097) x1  0x83809484
core   0: 0x80004488 (0x03cd1933) mulh    s2, s10, t3
core   0: 0 0x80004488 (0x03cd1933) x18 0x00000000
core   0: 0x8000448c (0x406b58b3) sra     a7, s6, t1
core   0: 0 0x8000448c (0x406b58b3) x17 0x00000000
core   0: 0x80004490 (0x64296c93) ori     s9, s2, 1602
core   0: 0 0x80004490 (0x64296c93) x25 0x00000642
core   0: 0x80004494 (0x00e96663) bltu    s2, a4, pc + 12
core   0: 0 0x80004494 (0x00e96663)
core   0: 0x800044a0 (0x9da698b7) lui     a7, 0x9da69
core   0: 0 0x800044a0 (0x9da698b7) x17 0x9da69000
core   0: 0x800044a4 (0x0126a6b3) slt     a3, a3, s2
core   0: 0 0x800044a4 (0x0126a6b3) x13 0x00000001
core   0: 0x800044a8 (0x01aa37b3) sltu    a5, s4, s10
core   0: 0 0x800044a8 (0x01aa37b3) x15 0x00000000
core   0: 0x800044ac (0x00008e51) c.or    a2, a2
core   0: 0 0x800044ac (0x8e51) x12 0x00003eaf
core   0: 0x800044ae (0x0440e313) ori     t1, ra, 68
core   0: 0 0x800044ae (0x0440e313) x6  0x838094c4
core   0: 0x800044b2 (0x0000100f) fence.i
core   0: 0 0x800044b2 (0x0000100f)
core   0: 0x800044b6 (0x00008fa1) c.xor   a5, s0
core   0: 0 0x800044b6 (0x8fa1) x15 0xdadce1b1
core   0: 0x800044b8 (0x0ff0000f) fence   iorw,iorw
core   0: 0 0x800044b8 (0x0ff0000f)
core   0: 0x800044bc (0x028dd863) bge     s11, s0, pc + 48
core   0: 0 0x800044bc (0x028dd863)
core   0: 0x800044ec (0x0000717d) c.addi16sp sp, -16
core   0: 0 0x800044ec (0x717d) x2  0x0000412f
core   0: 0x800044ee (0x027f3d33) mulhu   s10, t5, t2
core   0: 0 0x800044ee (0x027f3d33) x26 0x80023f36
core   0: 0x800044f2 (0x00000001) c.nop
core   0: 0 0x800044f2 (0x0001)
core   0: 0x800044f4 (0x01caccb3) xor     s9, s5, t3
core   0: 0 0x800044f4 (0x01caccb3) x25 0x749eaf09
core   0: 0x800044f8 (0x00008575) c.srai  a0, 29
core   0: 0 0x800044f8 (0x8575) x10 0xffffffff
core   0: 0x800044fa (0x00f8e9b3) or      s3, a7, a5
core   0: 0 0x800044fa (0x00f8e9b3) x19 0xdffef1b1
core   0: 0x800044fe (0x008d7133) and     sp, s10, s0
core   0: 0 0x800044fe (0x008d7133) x2  0x80002130
core   0: 0x80004502 (0x00006d31) c.lui   s10, 0xc
core   0: 0 0x80004502 (0x6d31) x26 0x0000c000
core   0: 0x80004504 (0x00008ecd) c.or    a3, a1
core   0: 0 0x80004504 (0x8ecd) x13 0x894eacb5
core   0: 0x80004506 (0x0000c609) c.beqz  a2, pc + 10
core   0: 0 0x80004506 (0xc609)
core   0: 0x80004508 (0x0ff0000f) fence   iorw,iorw
core   0: 0 0x80004508 (0x0ff0000f)
core   0: 0x8000450c (0x00918c33) add     s8, gp, s1
core   0: 0 0x8000450c (0x00918c33) x24 0x00047b48
core   0: 0x80004510 (0x00008cd2) c.mv    s9, s4
core   0: 0 0x80004510 (0x8cd2) x25 0xffffffcb
core   0: 0x80004512 (0x02075663) bgez    a4, pc + 44
core   0: 0 0x80004512 (0x02075663)
core   0: 0x8000453e (0x009820b3) slt     ra, a6, s1
core   0: 0 0x8000453e (0x009820b3) x1  0x00000000
core   0: 0x80004542 (0xa69d4713) xori    a4, s10, -1431
core   0: 0 0x80004542 (0xa69d4713) x14 0xffff3a69
core   0: 0x80004546 (0x02a04933) div     s2, zero, a0
core   0: 0 0x80004546 (0x02a04933) x18 0x00000000
core   0: 0x8000454a (0x01c3dc33) srl     s8, t2, t3
core   0: 0 0x8000454a (0x01c3dc33) x24 0x007fffe2
core   0: 0x8000454e (0x01bb0eb3) add     t4, s6, s11
core   0: 0 0x8000454e (0x01bb0eb3) x29 0xdadce3c8
core   0: 0x80004552 (0x8a700b93) li      s7, -1881
core   0: 0 0x80004552 (0x8a700b93) x23 0xfffff8a7
core   0: 0x80004556 (0x0067cbb3) xor     s7, a5, t1
core   0: 0 0x80004556 (0x0067cbb3) x23 0x595c7575
core   0: 0x8000455a (0x0386bfb3) mulhu   t6, a3, s8
core   0: 0 0x8000455a (0x0386bfb3) x31 0x0044a746
core   0: 0x8000455e (0x004cfab3) and     s5, s9, tp
core   0: 0 0x8000455e (0x004cfab3) x21 0x000c8900
core   0: 0x80004562 (0x0000068e) c.slli  a3, 3
core   0: 0 0x80004562 (0x068e) x13 0x4a7565a8
core   0: 0x80004564 (0xd5b7d217) auipc   tp, 0xd5b7d
core   0: 0 0x80004564 (0xd5b7d217) x4  0x55b81564
core   0: 0x80004568 (0x73c80e13) addi    t3, a6, 1852
core   0: 0 0x80004568 (0x73c80e13) x28 0x0000073c
core   0: 0x8000456c (0x162e6713) ori     a4, t3, 354
core   0: 0 0x8000456c (0x162e6713) x14 0x0000077e
core   0: 0x80004570 (0x00006161) c.addi16sp sp, 80
core   0: 0 0x80004570 (0x6161) x2  0x80002180
core   0: 0x80004572 (0x0000100f) fence.i
core   0: 0 0x80004572 (0x0000100f)
core   0: 0x80004576 (0x0383bcb3) mulhu   s9, t2, s8
core   0: 0 0x80004576 (0x0383bcb3) x25 0x007fffc4
core   0: 0x8000457a (0x00807cb3) and     s9, zero, s0
core   0: 0 0x8000457a (0x00807cb3) x25 0x00000000
core   0: 0x8000457e (0x004b4db3) xor     s11, s6, tp
core   0: 0 0x8000457e (0x004b4db3) x27 0x55b81564
core   0: 0x80004582 (0x404c5393) srai    t2, s8, 4
core   0: 0 0x80004582 (0x404c5393) x7  0x0007fffe
core   0: 0x80004586 (0x0000987d) c.andi  s0, -1
core   0: 0 0x80004586 (0x987d) x8  0xdadce1b1
core   0: 0x80004588 (0x01b398b3) sll     a7, t2, s11
core   0: 0 0x80004588 (0x01b398b3) x17 0x007fffe0
core   0: 0x8000458c (0x01c51e33) sll     t3, a0, t3
core   0: 0 0x8000458c (0x01c51e33) x28 0xf0000000
core   0: 0x80004590 (0x00b300b3) add     ra, t1, a1
core   0: 0 0x80004590 (0x00b300b3) x1  0x0ccf4178
core   0: 0x80004594 (0x4036d813) srai    a6, a3, 3
core   0: 0 0x80004594 (0x4036d813) x16 0x094eacb5
core   0: 0x80004598 (0x039cc063) blt     s9, s9, pc + 32
core   0: 0 0x80004598 (0x039cc063)
core   0: 0x8000459c (0x02d37863) bgeu    t1, a3, pc + 48
core   0: 0 0x8000459c (0x02d37863)
core   0: 0x800045cc (0x03980563) beq     a6, s9, pc + 42
core   0: 0 0x800045cc (0x03980563)
core   0: 0x800045d0 (0x02f3d8b3) divu    a7, t2, a5
core   0: 0 0x800045d0 (0x02f3d8b3) x17 0x00000000
core   0: 0x800045d4 (0x006201b3) add     gp, tp, t1
core   0: 0 0x800045d4 (0x006201b3) x3  0xd938aa28
core   0: 0x800045d8 (0x00126533) or      a0, tp, ra
core   0: 0 0x800045d8 (0x00126533) x10 0x5dff557c
core   0: 0x800045dc (0x0000c519) c.beqz  a0, pc + 14
core   0: 0 0x800045dc (0xc519)
core   0: 0x800045de (0x03799eb3) mulh    t4, s3, s7
core   0: 0 0x800045de (0x03799eb3) x29 0xf4d412f6
core   0: 0x800045e2 (0x03354db3) div     s11, a0, s3
core   0: 0 0x800045e2 (0x03354db3) x27 0xfffffffe
core   0: 0x800045e6 (0x02b390b3) mulh    ra, t2, a1
core   0: 0 0x800045e6 (0x02b390b3) x1  0xfffc4a76
core   0: 0x800045ea (0x4177dd33) sra     s10, a5, s7
core   0: 0 0x800045ea (0x4177dd33) x26 0xfffffed6
core   0: 0x800045ee (0x00008175) c.srli  a0, 29
core   0: 0 0x800045ee (0x8175) x10 0x00000002
core   0: 0x800045f0 (0x00008f5d) c.or    a4, a5
core   0: 0 0x800045f0 (0x8f5d) x14 0xdadce7ff
core   0: 0x800045f2 (0x01875563) bge     a4, s8, pc + 10
core   0: 0 0x800045f2 (0x01875563)
core   0: 0x800045f6 (0xeaac2293) slti    t0, s8, -342
core   0: 0 0x800045f6 (0xeaac2293) x5  0x00000000
core   0: 0x800045fa (0x0000ec01) c.bnez  s0, pc + 24
core   0: 0 0x800045fa (0xec01)
core   0: 0x80004612 (0x003c0933) add     s2, s8, gp
core   0: 0 0x80004612 (0x003c0933) x18 0xd9b8aa0a
core   0: 0x80004616 (0x410f8633) sub     a2, t6, a6
core   0: 0 0x80004616 (0x410f8633) x12 0xf6f5fa91
core   0: 0x8000461a (0x00008ef1) c.and   a3, a2
core   0: 0 0x8000461a (0x8ef1) x13 0x42756080
core   0: 0x8000461c (0x00000001) c.nop
core   0: 0 0x8000461c (0x0001)
core   0: 0x8000461e (0x00f05293) srli    t0, zero, 15
core   0: 0 0x8000461e (0x00f05293) x5  0x00000000
core   0: 0x80004622 (0x02eea7b3) mulhsu  a5, t4, a4
core   0: 0 0x80004622 (0x02eea7b3) x15 0xf672f446
core   0: 0x80004626 (0x0000811a) c.mv    sp, t1
core   0: 0 0x80004626 (0x811a) x2  0x838094c4
core   0: 0x80004628 (0x0000613d) c.addi16sp sp, 480
core   0: 0 0x80004628 (0x613d) x2  0x838096a4
core   0: 0x8000462a (0x00008f91) c.sub   a5, a2
core   0: 0 0x8000462a (0x8f91) x15 0xff7cf9b5
core   0: 0x8000462c (0x2289aa93) slti    s5, s3, 552
core   0: 0 0x8000462c (0x2289aa93) x21 0x00000001
core   0: 0x80004630 (0x00000001) c.nop
core   0: 0 0x80004630 (0x0001)
core   0: 0x80004632 (0x000060f1) c.lui   ra, 0x1c
core   0: 0 0x80004632 (0x60f1) x1  0x0001c000
core   0: 0x80004634 (0x02439333) mulh    t1, t2, tp
core   0: 0 0x80004634 (0x02439333) x6  0x0002adbf
core   0: 0x80004638 (0x0000984a) c.add   a6, s2
core   0: 0 0x80004638 (0x984a) x16 0xe30756bf
core   0: 0x8000463a (0x0113eeb3) or      t4, t2, a7
core   0: 0 0x8000463a (0x0113eeb3) x29 0x0007fffe
core   0: 0x8000463e (0x043c0063) beq     s8, gp, pc + 64
core   0: 0 0x8000463e (0x043c0063)
core   0: 0x80004642 (0x00008ead) c.xor   a3, a1
core   0: 0 0x80004642 (0x8ead) x13 0xcb3bcc34
core   0: 0x80004644 (0x00008e01) c.sub   a2, s0
core   0: 0 0x80004644 (0x8e01) x12 0x1c1918e0
core   0: 0x80004646 (0x021ef033) remu    zero, t4, ra
core   0: 0 0x80004646 (0x021ef033)
core   0: 0x8000464a (0x4034d713) srai    a4, s1, 3
core   0: 0 0x8000464a (0x4034d713) x14 0xf00043cc
core   0: 0x8000464e (0x00008f19) c.sub   a4, a4
core   0: 0 0x8000464e (0x8f19) x14 0x00000000
core   0: 0x80004650 (0x00001614) c.addi4spn a3, sp, 800
core   0: 0 0x80004650 (0x1614) x13 0x838099c4
core   0: 0x80004652 (0x0083b1b3) sltu    gp, t2, s0
core   0: 0 0x80004652 (0x0083b1b3) x3  0x00000001
core   0: 0x80004656 (0x029ed163) bge     t4, s1, pc + 34
core   0: 0 0x80004656 (0x029ed163)
core   0: 0x80004678 (0x00008116) c.mv    sp, t0
core   0: 0 0x80004678 (0x8116) x2  0x00000000
core   0: 0x8000467a (0x01d970b3) and     ra, s2, t4
core   0: 0 0x8000467a (0x01d970b3) x1  0x0000aa0a
core   0: 0x8000467e (0x00001bfd) c.addi  s7, -1
core   0: 0 0x8000467e (0x1bfd) x23 0x595c7574
core   0: 0x80004680 (0x1c946117) auipc   sp, 0x1c946
core   0: 0 0x80004680 (0x1c946117) x2  0x9c94a680
core   0: 0x80004684 (0x03438bb3) mul     s7, t2, s4
core   0: 0 0x80004684 (0x03438bb3) x23 0xfe58006a
core   0: 0x80004688 (0x00008862) c.mv    a6, s8
core   0: 0 0x80004688 (0x8862) x16 0x007fffe2
core   0: 0x8000468a (0x0200ccb3) div     s9, ra, zero
core   0: 0 0x8000468a (0x0200ccb3) x25 0xffffffff
core   0: 0x8000468e (0x0000717d) c.addi16sp sp, -16
core   0: 0 0x8000468e (0x717d) x2  0x9c94a670
core   0: 0x80004690 (0x0000717d) c.addi16sp sp, -16
core   0: 0 0x80004690 (0x717d) x2  0x9c94a660
core   0: 0x80004692 (0x00008779) c.srai  a4, 30
core   0: 0 0x80004692 (0x8779) x14 0x00000000
core   0: 0x80004694 (0x000089ca) c.mv    s3, s2
core   0: 0 0x80004694 (0x89ca) x19 0xd9b8aa0a
core   0: 0x80004696 (0x000099c2) c.add   s3, a6
core   0: 0 0x80004696 (0x99c2) x19 0xda38a9ec
core   0: 0x80004698 (0x010ade63) bge     s5, a6, pc + 28
core   0: 0 0x80004698 (0x010ade63)
core   0: 0x8000469c (0x03f46e33) rem     t3, s0, t6
core   0: 0 0x8000469c (0x03f46e33) x28 0xffdf0d6d
core   0: 0x800046a0 (0x888ff013) andi    zero, t6, -1912
core   0: 0 0x800046a0 (0x888ff013)
core   0: 0x800046a4 (0x00008145) c.srli  a0, 17
core   0: 0 0x800046a4 (0x8145) x10 0x00000000
core   0: 0x800046a6 (0x0000cd05) c.beqz  a0, pc + 56
core   0: 0 0x800046a6 (0xcd05)
core   0: 0x800046de (0x00004445) c.li    s0, 17
core   0: 0 0x800046de (0x4445) x8  0x00000011
core   0: 0x800046e0 (0x00000001) c.nop
core   0: 0 0x800046e0 (0x0001)
core   0: 0x800046e2 (0x00869193) slli    gp, a3, 8
core   0: 0 0x800046e2 (0x00869193) x3  0x8099c400
core   0: 0x800046e6 (0x029d89b3) mul     s3, s11, s1
core   0: 0 0x800046e6 (0x029d89b3) x19 0xfffbc338
core   0: 0x800046ea (0x00000c19) c.addi  s8, 6
core   0: 0 0x800046ea (0x0c19) x24 0x007fffe8
core   0: 0x800046ec (0x0127fab3) and     s5, a5, s2
core   0: 0 0x800046ec (0x0127fab3) x21 0xd938a800
core   0: 0x800046f0 (0x00008d0e) c.mv    s10, gp
core   0: 0 0x800046f0 (0x8d0e) x26 0x8099c400
core   0: 0x800046f2 (0x00008159) c.srli  a0, 22
core   0: 0 0x800046f2 (0x8159) x10 0x00000000
core   0: 0x800046f4 (0x003f5863) bge     t5, gp, pc + 16
core   0: 0 0x800046f4 (0x003f5863)
core   0: 0x800046f8 (0x8380c913) xori    s2, ra, -1992
core   0: 0 0x800046f8 (0x8380c913) x18 0xffff5232
core   0: 0x800046fc (0x003c1b13) slli    s6, s8, 3
core   0: 0 0x800046fc (0x003c1b13) x22 0x03ffff40
core   0: 0x80004700 (0x02fc6e33) rem     t3, s8, a5
core   0: 0 0x80004700 (0x02fc6e33) x28 0x007fffe8
core   0: 0x80004704 (0x03c1db63) bge     gp, t3, pc + 54
core   0: 0 0x80004704 (0x03c1db63)
core   0: 0x80004708 (0x00008f41) c.or    a4, s0
core   0: 0 0x80004708 (0x8f41) x14 0x00000011
core   0: 0x8000470a (0x001e9a93) slli    s5, t4, 1
core   0: 0 0x8000470a (0x001e9a93) x21 0x000ffffc
core   0: 0x8000470e (0x0051b233) sltu    tp, gp, t0
core   0: 0 0x8000470e (0x0051b233) x4  0x00000000
core   0: 0x80004712 (0x00000949) c.addi  s2, 18
core   0: 0 0x80004712 (0x0949) x18 0xffff5244
core   0: 0x80004714 (0x41db59b3) sra     s3, s6, t4
core   0: 0 0x80004714 (0x41db59b3) x19 0x00000000
core   0: 0x80004718 (0x013c82b3) add     t0, s9, s3
core   0: 0 0x80004718 (0x013c82b3) x5  0xffffffff
core   0: 0x8000471c (0x00008955) c.andi  a0, 21
core   0: 0 0x8000471c (0x8955) x10 0x00000000
core   0: 0x8000471e (0x7fa84793) xori    a5, a6, 2042
core   0: 0 0x8000471e (0x7fa84793) x15 0x007ff818
core   0: 0x80004722 (0x01b0c013) xori    zero, ra, 27
core   0: 0 0x80004722 (0x01b0c013)
core   0: 0x80004726 (0x02ea9fb3) mulh    t6, s5, a4
core   0: 0 0x80004726 (0x02ea9fb3) x31 0x00000000
core   0: 0x8000472a (0x0192fe33) and     t3, t0, s9
core   0: 0 0x8000472a (0x0192fe33) x28 0xffffffff
core   0: 0x8000472e (0x03bb7863) bgeu    s6, s11, pc + 48
core   0: 0 0x8000472e (0x03bb7863)
core   0: 0x80004732 (0x40af8ab3) sub     s5, t6, a0
core   0: 0 0x80004732 (0x40af8ab3) x21 0x00000000
core   0: 0x80004736 (0x01fbfcb3) and     s9, s7, t6
core   0: 0 0x80004736 (0x01fbfcb3) x25 0x00000000
core   0: 0x8000473a (0x000050fd) c.li    ra, -1
core   0: 0 0x8000473a (0x50fd) x1  0xffffffff
core   0: 0x8000473c (0x0000717d) c.addi16sp sp, -16
core   0: 0 0x8000473c (0x717d) x2  0x9c94a650
core   0: 0x8000473e (0x000083e5) c.srli  a5, 25
core   0: 0 0x8000473e (0x83e5) x15 0x00000000
core   0: 0x80004740 (0x02008663) beqz    ra, pc + 44
core   0: 0 0x80004740 (0x02008663)
core   0: 0x80004744 (0x00e83ab3) sltu    s5, a6, a4
core   0: 0 0x80004744 (0x00e83ab3) x21 0x00000000
core   0: 0x80004748 (0xc8acb917) auipc   s2, 0xc8acb
core   0: 0 0x80004748 (0xc8acb917) x18 0x48acf748
core   0: 0x8000474c (0x02e75c63) bge     a4, a4, pc + 56
core   0: 0 0x8000474c (0x02e75c63)
core   0: 0x80004784 (0xf5b14e93) xori    t4, sp, -165
core   0: 0 0x80004784 (0xf5b14e93) x29 0x636b590b
core   0: 0x80004788 (0x00000001) c.nop
core   0: 0 0x80004788 (0x0001)
core   0: 0x8000478a (0x00000001) c.nop
core   0: 0 0x8000478a (0x0001)
core   0: 0x8000478c (0xb7222893) slti    a7, tp, -1166
core   0: 0 0x8000478c (0xb7222893) x17 0x00000000
core   0: 0x80004790 (0x030307b3) mul     a5, t1, a6
core   0: 0 0x80004790 (0x030307b3) x15 0xdf2fa39e
core   0: 0x80004794 (0x1c908e93) addi    t4, ra, 457
core   0: 0 0x80004794 (0x1c908e93) x29 0x000001c8
core   0: 0x80004798 (0xf443a513) slti    a0, t2, -188
core   0: 0 0x80004798 (0xf443a513) x10 0x00000000
core   0: 0x8000479c (0x00006bb9) c.lui   s7, 0xe
core   0: 0 0x8000479c (0x6bb9) x23 0x0000e000
core   0: 0x8000479e (0x7d342a13) slti    s4, s0, 2003
core   0: 0 0x8000479e (0x7d342a13) x20 0x00000001
core   0: 0x800047a2 (0x81ac7613) andi    a2, s8, -2022
core   0: 0 0x800047a2 (0x81ac7613) x12 0x007ff808
core   0: 0x800047a6 (0x0ff0000f) fence   iorw,iorw
core   0: 0 0x800047a6 (0x0ff0000f)
core   0: 0x800047aa (0x0000ef91) c.bnez  a5, pc + 28
core   0: 0 0x800047aa (0xef91)
core   0: 0x800047c6 (0x0000e685) c.bnez  a3, pc + 40
core   0: 0 0x800047c6 (0xe685)
core   0: 0x800047ee (0x0125d6b3) srl     a3, a1, s2
core   0: 0 0x800047ee (0x0125d6b3) x13 0x00894eac
core   0: 0x800047f2 (0xa904c6b7) lui     a3, 0xa904c
core   0: 0 0x800047f2 (0xa904c6b7) x13 0xa904c000
core   0: 0x800047f6 (0x00001dfd) c.addi  s11, -1
core   0: 0 0x800047f6 (0x1dfd) x27 0xfffffffd
core   0: 0x800047f8 (0x0c3c8813) addi    a6, s9, 195
core   0: 0 0x800047f8 (0x0c3c8813) x16 0x000000c3
core   0: 0x800047fc (0x00a7ecb3) or      s9, a5, a0
core   0: 0 0x800047fc (0x00a7ecb3) x25 0xdf2fa39e
core   0: 0x80004800 (0x016769b3) or      s3, a4, s6
core   0: 0 0x80004800 (0x016769b3) x19 0x03ffff51
core   0: 0x80004804 (0x007b7ab3) and     s5, s6, t2
core   0: 0 0x80004804 (0x007b7ab3) x21 0x0007ff40
core   0: 0x80004808 (0x00006125) c.addi16sp sp, 96
core   0: 0 0x80004808 (0x6125) x2  0x9c94a6b0
core   0: 0x8000480a (0x00df0a33) add     s4, t5, a3
core   0: 0 0x8000480a (0x00df0a33) x20 0x29071ce4
core   0: 0x8000480e (0x034f1333) mulh    t1, t5, s4
core   0: 0 0x8000480e (0x034f1333) x6  0xeb7cd27f
core   0: 0x80004812 (0x00008aa5) c.andi  a3, 9
core   0: 0 0x80004812 (0x8aa5) x13 0x00000000
core   0: 0x80004814 (0x00008e92) c.mv    t4, tp
core   0: 0 0x80004814 (0x8e92) x29 0x00000000
core   0: 0x80004816 (0x02dda1b3) mulhsu  gp, s11, a3
core   0: 0 0x80004816 (0x02dda1b3) x3  0x00000000
core   0: 0x8000481a (0x0220bcb3) mulhu   s9, ra, sp
core   0: 0 0x8000481a (0x0220bcb3) x25 0x9c94a6af
core   0: 0x8000481e (0x00008e45) c.or    a2, s1
core   0: 0 0x8000481e (0x8e45) x12 0x807ffe6c
core   0: 0x80004820 (0x02995333) divu    t1, s2, s1
core   0: 0 0x80004820 (0x02995333) x6  0x00000000
core   0: 0x80004824 (0x00006159) c.addi16sp sp, 400
core   0: 0 0x80004824 (0x6159) x2  0x9c94a840
core   0: 0x80004826 (0x000087d1) c.srai  a5, 20
core   0: 0 0x80004826 (0x87d1) x15 0xfffffdf2
core   0: 0x80004828 (0x41fddc33) sra     s8, s11, t6
core   0: 0 0x80004828 (0x41fddc33) x24 0xfffffffd
core   0: 0x8000482c (0xfb666793) ori     a5, a2, -74
core   0: 0 0x8000482c (0xfb666793) x15 0xfffffffe
core   0: 0x80004830 (0x016bb333) sltu    t1, s7, s6
core   0: 0 0x80004830 (0x016bb333) x6  0x00000001
core   0: 0x80004834 (0x038f1763) bne     t5, s8, pc + 46
core   0: 0 0x80004834 (0x038f1763)
core   0: 0x80004862 (0x0000ca99) c.beqz  a3, pc + 22
core   0: 0 0x80004862 (0xca99)
core   0: 0x80004878 (0x0000ef19) c.bnez  a4, pc + 30
core   0: 0 0x80004878 (0xef19)
core   0: 0x80004896 (0x00649e93) slli    t4, s1, 6
core   0: 0 0x80004896 (0x00649e93) x29 0x00879900
core   0: 0x8000489a (0xc6e1a217) auipc   tp, 0xc6e1a
core   0: 0 0x8000489a (0xc6e1a217) x4  0x46e1e89a
core   0: 0x8000489e (0x021f7d63) bgeu    t5, ra, pc + 58
core   0: 0 0x8000489e (0x021f7d63)
core   0: 0x800048a2 (0x00d30eb3) add     t4, t1, a3
core   0: 0 0x800048a2 (0x00d30eb3) x29 0x00000001
core   0: 0x800048a6 (0x67e6ec93) ori     s9, a3, 1662
core   0: 0 0x800048a6 (0x67e6ec93) x25 0x0000067e
core   0: 0x800048aa (0x8916f613) andi    a2, a3, -1903
core   0: 0 0x800048aa (0x8916f613) x12 0x00000000
core   0: 0x800048ae (0x018f8663) beq     t6, s8, pc + 12
core   0: 0 0x800048ae (0x018f8663)
core   0: 0x800048b2 (0x00008121) c.srli  a0, 8
core   0: 0 0x800048b2 (0x8121) x10 0x00000000
core   0: 0x800048b4 (0x02219863) bne     gp, sp, pc + 48
core   0: 0 0x800048b4 (0x02219863)
core   0: 0x800048e4 (0x02dfcc33) div     s8, t6, a3
core   0: 0 0x800048e4 (0x02dfcc33) x24 0xffffffff
core   0: 0x800048e8 (0x00008e5d) c.or    a2, a5
core   0: 0 0x800048e8 (0x8e5d) x12 0xfffffffe
core   0: 0x800048ea (0x400cda13) srai    s4, s9, 0
core   0: 0 0x800048ea (0x400cda13) x20 0x0000067e
core   0: 0x800048ee (0x0036aab3) slt     s5, a3, gp
core   0: 0 0x800048ee (0x0036aab3) x21 0x00000000
core   0: 0x800048f2 (0x00001914) c.addi4spn a3, sp, 176
core   0: 0 0x800048f2 (0x1914) x13 0x9c94a8f0
core   0: 0x800048f4 (0x000048b9) c.li    a7, 14
core   0: 0 0x800048f4 (0x48b9) x17 0x0000000e
core   0: 0x800048f6 (0x000046dd) c.li    a3, 23
core   0: 0 0x800048f6 (0x46dd) x13 0x00000017
core   0: 0x800048f8 (0x006cbab3) sltu    s5, s9, t1
core   0: 0 0x800048f8 (0x006cbab3) x21 0x00000000
core   0: 0x800048fc (0xed9b6d93) ori     s11, s6, -295
core   0: 0 0x800048fc (0xed9b6d93) x27 0xffffffd9
core   0: 0x80004900 (0x0000717d) c.addi16sp sp, -16
core   0: 0 0x80004900 (0x717d) x2  0x9c94a830
core   0: 0x80004902 (0x0000137d) c.addi  t1, -1
core   0: 0 0x80004902 (0x137d) x6  0x00000000
core   0: 0x80004904 (0x00008fc9) c.or    a5, a0
core   0: 0 0x80004904 (0x8fc9) x15 0xfffffffe
core   0: 0x80004906 (0x00008f79) c.and   a4, a4
core   0: 0 0x80004906 (0x8f79) x14 0x00000011
core   0: 0x80004908 (0x001d8733) add     a4, s11, ra
core   0: 0 0x80004908 (0x001d8733) x14 0xffffffd8
core   0: 0x8000490c (0x00008f61) c.and   a4, s0
core   0: 0 0x8000490c (0x8f61) x14 0x00000010
core   0: 0x8000490e (0x0054f733) and     a4, s1, t0
core   0: 0 0x8000490e (0x0054f733) x14 0x80021e64
core   0: 0x80004912 (0x00008e99) c.sub   a3, a4
core   0: 0 0x80004912 (0x8e99) x13 0x7ffde1b3
core   0: 0x80004914 (0x00008309) c.srli  a4, 2
core   0: 0 0x80004914 (0x8309) x14 0x20008799
core   0: 0x80004916 (0x02d8d063) bge     a7, a3, pc + 32
core   0: 0 0x80004916 (0x02d8d063)
core   0: 0x8000491a (0x0162c333) xor     t1, t0, s6
core   0: 0 0x8000491a (0x0162c333) x6  0xfc0000bf
core   0: 0x8000491e (0x00008d25) c.xor   a0, s1
core   0: 0 0x8000491e (0x8d25) x10 0x80021e64
core   0: 0x80004920 (0x01d61893) slli    a7, a2, 29
core   0: 0 0x80004920 (0x01d61893) x17 0xc0000000
core   0: 0x80004924 (0x013dd1b3) srl     gp, s11, s3
core   0: 0 0x80004924 (0x013dd1b3) x3  0x00007fff
core   0: 0x80004928 (0xeffd2d13) slti    s10, s10, -257
core   0: 0 0x80004928 (0xeffd2d13) x26 0x00000001
core   0: 0x8000492c (0x03e21533) mulh    a0, tp, t5
core   0: 0 0x8000492c (0x03e21533) x10 0xdc8fb32f
core   0: 0x80004930 (0xb4ff4413) xori    s0, t5, -1201
core   0: 0 0x80004930 (0xb4ff4413) x8  0x7ffda7ab
core   0: 0x80004934 (0x00008c55) c.or    s0, a3
core   0: 0 0x80004934 (0x8c55) x8  0x7ffde7bb
core   0: 0x80004936 (0x00008e92) c.mv    t4, tp
core   0: 0 0x80004936 (0x8e92) x29 0x46e1e89a
core   0: 0x80004938 (0x00269893) slli    a7, a3, 2
core   0: 0 0x80004938 (0x00269893) x17 0xfff786cc
core   0: 0x8000493c (0x40b75233) sra     tp, a4, a1
core   0: 0 0x8000493c (0x40b75233) x4  0x00000200
core   0: 0x80004940 (0x0000988e) c.add   a7, gp
core   0: 0 0x80004940 (0x988e) x17 0xfff806cb
core   0: 0x80004942 (0x3c10b7b7) lui     a5, 0x3c10b
core   0: 0 0x80004942 (0x3c10b7b7) x15 0x3c10b000
core   0: 0x80004946 (0x00008e35) c.xor   a2, a3
core   0: 0 0x80004946 (0x8e35) x12 0x80021e4d
core   0: 0x80004948 (0x0009dfb3) srl     t6, s3, zero
core   0: 0 0x80004948 (0x0009dfb3) x31 0x03ffff51
core   0: 0x8000494c (0x00008c25) c.xor   s0, s1
core   0: 0 0x8000494c (0x8c25) x8  0xfffff9df
core   0: 0x8000494e (0x02e003b3) mul     t2, zero, a4
core   0: 0 0x8000494e (0x02e003b3) x7  0x00000000
core   0: 0x80004952 (0x00009b16) c.add   s6, t0
core   0: 0 0x80004952 (0x9b16) x22 0x03ffff3f
core   0: 0x80004954 (0x03fcc863) blt     s9, t6, pc + 48
core   0: 0 0x80004954 (0x03fcc863)
core   0: 0x80004984 (0x00000772) c.slli  a4, 28
core   0: 0 0x80004984 (0x0772) x14 0x90000000
core   0: 0x80004986 (0x40c7d893) srai    a7, a5, 12
core   0: 0 0x80004986 (0x40c7d893) x17 0x0003c10b
core   0: 0x8000498a (0x00008e26) c.mv    t3, s1
core   0: 0 0x8000498a (0x8e26) x28 0x80021e64
core   0: 0x8000498c (0x0075d863) bge     a1, t2, pc + 16
core   0: 0 0x8000498c (0x0075d863)
core   0: 0x80004990 (0x008c9663) bne     s9, s0, pc + 12
core   0: 0 0x80004990 (0x008c9663)
core   0: 0x8000499c (0x02f91d63) bne     s2, a5, pc + 58
core   0: 0 0x8000499c (0x02f91d63)
core   0: 0x800049d6 (0xc05d4293) xori    t0, s10, -1019
core   0: 0 0x800049d6 (0xc05d4293) x5  0xfffffc04
core   0: 0x800049da (0x035b11b3) mulh    gp, s6, s5
core   0: 0 0x800049da (0x035b11b3) x3  0x00000000
core   0: 0x800049de (0x0000892a) c.mv    s2, a0
core   0: 0 0x800049de (0x892a) x18 0xdc8fb32f
core   0: 0x800049e0 (0x00006ae5) c.lui   s5, 0x19
core   0: 0 0x800049e0 (0x6ae5) x21 0x00019000
core   0: 0x800049e2 (0x01b27863) bgeu    tp, s11, pc + 16
core   0: 0 0x800049e2 (0x01b27863)
core   0: 0x800049e6 (0x000091a2) c.add   gp, s0
core   0: 0 0x800049e6 (0x91a2) x3  0xfffff9df
core   0: 0x800049e8 (0x00006e05) c.lui   t3, 0x1
core   0: 0 0x800049e8 (0x6e05) x28 0x00001000
core   0: 0x800049ea (0x03c50563) beq     a0, t3, pc + 42
core   0: 0 0x800049ea (0x03c50563)
core   0: 0x800049ee (0x006ac863) blt     s5, t1, pc + 16
core   0: 0 0x800049ee (0x006ac863)
core   0: 0x800049f2 (0x036fc563) blt     t6, s6, pc + 42
core   0: 0 0x800049f2 (0x036fc563)
core   0: 0x800049f6 (0x02897563) bgeu    s2, s0, pc + 42
core   0: 0 0x800049f6 (0x02897563)
core   0: 0x800049fa (0x03ec18b3) mulh    a7, s8, t5
core   0: 0 0x800049fa (0x03ec18b3) x17 0x00000000
core   0: 0x800049fe (0x03a21db3) mulh    s11, tp, s10
core   0: 0 0x800049fe (0x03a21db3) x27 0x00000000
core   0: 0x80004a02 (0x000083b5) c.srli  a5, 13
core   0: 0 0x80004a02 (0x83b5) x15 0x0001e085
core   0: 0x80004a04 (0x00008d7d) c.and   a0, a5
core   0: 0 0x80004a04 (0x8d7d) x10 0x0001a005
core   0: 0x80004a06 (0x034c9163) bne     s9, s4, pc + 34
core   0: 0 0x80004a06 (0x034c9163)
core   0: 0x80004a0a (0xc3c44e13) xori    t3, s0, -964
core   0: 0 0x80004a0a (0xc3c44e13) x28 0x000005e3
core   0: 0x80004a0e (0x00000001) c.nop
core   0: 0 0x80004a0e (0x0001)
core   0: 0x80004a10 (0x01c81c63) bne     a6, t3, pc + 24
core   0: 0 0x80004a10 (0x01c81c63)
core   0: 0x80004a28 (0x01fe8cb3) add     s9, t4, t6
core   0: 0 0x80004a28 (0x01fe8cb3) x25 0x4ae1e7eb
core   0: 0x80004a2c (0x55c67137) lui     sp, 0x55c67
core   0: 0 0x80004a2c (0x55c67137) x2  0x55c67000
core   0: 0x80004a30 (0x0216c163) blt     a3, ra, pc + 34
core   0: 0 0x80004a30 (0x0216c163)
core   0: 0x80004a34 (0x00009b7d) c.andi  a4, -1
core   0: 0 0x80004a34 (0x9b7d) x14 0x90000000
core   0: 0x80004a36 (0x03d89763) bne     a7, t4, pc + 46
core   0: 0 0x80004a36 (0x03d89763)
core   0: 0x80004a64 (0x02555a33) divu    s4, a0, t0
core   0: 0 0x80004a64 (0x02555a33) x20 0x00000000
core   0: 0x80004a68 (0x00b1e3b3) or      t2, gp, a1
core   0: 0 0x80004a68 (0x00b1e3b3) x7  0xfffffdff
core   0: 0x80004a6c (0x02e750b3) divu    ra, a4, a4
core   0: 0 0x80004a6c (0x02e750b3) x1  0x00000001
core   0: 0x80004a70 (0x0265c733) div     a4, a1, t1
core   0: 0 0x80004a70 (0x0265c733) x14 0x0000001d
core   0: 0x80004a74 (0x5d77c513) xori    a0, a5, 1495
core   0: 0 0x80004a74 (0x5d77c513) x10 0x0001e552
core   0: 0x80004a78 (0x00ed7cb3) and     s9, s10, a4
core   0: 0 0x80004a78 (0x00ed7cb3) x25 0x00000001
core   0: 0x80004a7c (0x015361b3) or      gp, t1, s5
core   0: 0 0x80004a7c (0x015361b3) x3  0xfc0190bf
core   0: 0x80004a80 (0x00009ffe) c.add   t6, t6
core   0: 0 0x80004a80 (0x9ffe) x31 0x07fffea2
core   0: 0x80004a82 (0x03d743b3) div     t2, a4, t4
core   0: 0 0x80004a82 (0x03d743b3) x7  0x00000000
core   0: 0x80004a86 (0x00008275) c.srli  a2, 29
core   0: 0 0x80004a86 (0x8275) x12 0x00000004
core   0: 0x80004a88 (0x00008541) c.srai  a0, 16
core   0: 0 0x80004a88 (0x8541) x10 0x00000001
core   0: 0x80004a8a (0x015d6463) bltu    s10, s5, pc + 8
core   0: 0 0x80004a8a (0x015d6463)
core   0: 0x80004a92 (0x03f35533) divu    a0, t1, t6
core   0: 0 0x80004a92 (0x03f35533) x10 0x0000001f
core   0: 0x80004a96 (0x000061ad) c.lui   gp, 0xb
core   0: 0 0x80004a96 (0x61ad) x3  0x0000b000
core   0: 0x80004a98 (0x00000816) c.slli  a6, 5
core   0: 0 0x80004a98 (0x0816) x16 0x00001860
core   0: 0x80004a9a (0x0256c0b3) div     ra, a3, t0
core   0: 0 0x80004a9a (0x0256c0b3) x1  0xffdfe068
core   0: 0x80004a9e (0x00008a7d) c.andi  a2, 31
core   0: 0 0x80004a9e (0x8a7d) x12 0x00000004
core   0: 0x80004aa0 (0x0090cc33) xor     s8, ra, s1
core   0: 0 0x80004aa0 (0x0090cc33) x24 0x7fddfe0c
core   0: 0x80004aa4 (0x0000e51d) c.bnez  a0, pc + 46
core   0: 0 0x80004aa4 (0xe51d)
core   0: 0x80004ad2 (0x0000117d) c.addi  sp, -1
core   0: 0 0x80004ad2 (0x117d) x2  0x55c66fff
core   0: 0x80004ad4 (0x0110aab3) slt     s5, ra, a7
core   0: 0 0x80004ad4 (0x0110aab3) x21 0x00000001
core   0: 0x80004ad8 (0x00001efd) c.addi  t4, -1
core   0: 0 0x80004ad8 (0x1efd) x29 0x46e1e899
core   0: 0x80004ada (0x035b0833) mul     a6, s6, s5
core   0: 0 0x80004ada (0x035b0833) x16 0x03ffff3f
core   0: 0x80004ade (0x0000717d) c.addi16sp sp, -16
core   0: 0 0x80004ade (0x717d) x2  0x55c66fef
core   0: 0x80004ae0 (0x0145f963) bgeu    a1, s4, pc + 18
core   0: 0 0x80004ae0 (0x0145f963)
core   0: 0x80004af2 (0x0000717d) c.addi16sp sp, -16
core   0: 0 0x80004af2 (0x717d) x2  0x55c66fdf
core   0: 0x80004af4 (0x00008f45) c.or    a4, s1
core   0: 0 0x80004af4 (0x8f45) x14 0x80021e7d
core   0: 0x80004af6 (0x00008c31) c.xor   s0, a2
core   0: 0 0x80004af6 (0x8c31) x8  0xfffff9db
core   0: 0x80004af8 (0x00b81f93) slli    t6, a6, 11
core   0: 0 0x80004af8 (0x00b81f93) x31 0xfff9f800
core   0: 0x80004afc (0x00001514) c.addi4spn a3, sp, 672
core   0: 0 0x80004afc (0x1514) x13 0x55c6727f
core   0: 0x80004afe (0x00008269) c.srli  a2, 26
core   0: 0 0x80004afe (0x8269) x12 0x00000000
core   0: 0x80004b00 (0x02c4d963) bge     s1, a2, pc + 50
core   0: 0 0x80004b00 (0x02c4d963)
core   0: 0x80004b04 (0x00008649) c.srai  a2, 18
core   0: 0 0x80004b04 (0x8649) x12 0x00000000
core   0: 0x80004b06 (0xda23fb17) auipc   s6, 0xda23f
core   0: 0 0x80004b06 (0xda23fb17) x22 0x5a243b06
core   0: 0x80004b0a (0xc29d7893) andi    a7, s10, -983
core   0: 0 0x80004b0a (0xc29d7893) x17 0x00000001
core   0: 0x80004b0e (0x028d3833) mulhu   a6, s10, s0
core   0: 0 0x80004b0e (0x028d3833) x16 0x00000000
core   0: 0x80004b12 (0x0379a7b3) mulhsu  a5, s3, s7
core   0: 0 0x80004b12 (0x0379a7b3) x15 0x0000037f
core   0: 0x80004b16 (0x00f24cb3) xor     s9, tp, a5
core   0: 0 0x80004b16 (0x00f24cb3) x25 0x0000017f
core   0: 0x80004b1a (0xb9862893) slti    a7, a2, -1128
core   0: 0 0x80004b1a (0xb9862893) x17 0x00000000
core   0: 0x80004b1e (0x02217663) bgeu    sp, sp, pc + 44
core   0: 0 0x80004b1e (0x02217663)
core   0: 0x80004b4a (0x00135463) bge     t1, ra, pc + 8
core   0: 0 0x80004b4a (0x00135463)
core   0: 0x80004b4e (0x01fb6b33) or      s6, s6, t6
core   0: 0 0x80004b4e (0x01fb6b33) x22 0xfffdfb06
core   0: 0x80004b52 (0x00000001) c.nop
core   0: 0 0x80004b52 (0x0001)
core   0: 0x80004b54 (0x00fdd013) srli    zero, s11, 15
core   0: 0 0x80004b54 (0x00fdd013)
core   0: 0x80004b58 (0x00000001) c.nop
core   0: 0 0x80004b58 (0x0001)
core   0: 0x80004b5a (0x007ab0b3) sltu    ra, s5, t2
core   0: 0 0x80004b5a (0x007ab0b3) x1  0x00000000
core   0: 0x80004b5e (0x00000752) c.slli  a4, 20
core   0: 0 0x80004b5e (0x0752) x14 0xe7d00000
core   0: 0x80004b60 (0xd39a9317) auipc   t1, 0xd39a9
core   0: 0 0x80004b60 (0xd39a9317) x6  0x539adb60
core   0: 0x80004b64 (0x00000001) c.nop
core   0: 0 0x80004b64 (0x0001)
core   0: 0x80004b66 (0xef56c613) xori    a2, a3, -267
core   0: 0 0x80004b66 (0xef56c613) x12 0xaa398c8a
core   0: 0x80004b6a (0x0000987d) c.andi  s0, -1
core   0: 0 0x80004b6a (0x987d) x8  0xfffff9db
core   0: 0x80004b6c (0x00dc9913) slli    s2, s9, 13
core   0: 0 0x80004b6c (0x00dc9913) x18 0x002fe000
core   0: 0x80004b70 (0x03695333) divu    t1, s2, s6
core   0: 0 0x80004b70 (0x03695333) x6  0x00000000
core   0: 0x80004b74 (0x00008671) c.srai  a2, 28
core   0: 0 0x80004b74 (0x8671) x12 0xfffffffa
core   0: 0x80004b76 (0x00008221) c.srli  a2, 8
core   0: 0 0x80004b76 (0x8221) x12 0x00ffffff
core   0: 0x80004b78 (0x0298a6b3) mulhsu  a3, a7, s1
core   0: 0 0x80004b78 (0x0298a6b3) x13 0x00000000
core   0: 0x80004b7c (0x00875833) srl     a6, a4, s0
core   0: 0 0x80004b7c (0x00875833) x16 0x0000001c
core   0: 0x80004b80 (0x00008ec1) c.or    a3, s0
core   0: 0 0x80004b80 (0x8ec1) x13 0xfffff9db
core   0: 0x80004b82 (0x0000ea91) c.bnez  a3, pc + 20
core   0: 0 0x80004b82 (0xea91)
core   0: 0x80004b96 (0x001a27b3) slt     a5, s4, ra
core   0: 0 0x80004b96 (0x001a27b3) x15 0x00000000
core   0: 0x80004b9a (0x0000e78d) c.bnez  a5, pc + 42
core   0: 0 0x80004b9a (0xe78d)
core   0: 0x80004b9c (0x036000b3) mul     ra, zero, s6
core   0: 0 0x80004b9c (0x036000b3) x1  0x00000000
core   0: 0x80004ba0 (0x00192bb3) slt     s7, s2, ra
core   0: 0 0x80004ba0 (0x00192bb3) x23 0x00000000
core   0: 0x80004ba4 (0xc59d2b13) slti    s6, s10, -935
core   0: 0 0x80004ba4 (0xc59d2b13) x22 0x00000000
core   0: 0x80004ba8 (0x4010d813) srai    a6, ra, 1
core   0: 0 0x80004ba8 (0x4010d813) x16 0x00000000
core   0: 0x80004bac (0x00006159) c.addi16sp sp, 400
core   0: 0 0x80004bac (0x6159) x2  0x55c6716f
core   0: 0x80004bae (0x00172bb3) slt     s7, a4, ra
core   0: 0 0x80004bae (0x00172bb3) x23 0x00000001
core   0: 0x80004bb2 (0x03c54a63) blt     a0, t3, pc + 52
core   0: 0 0x80004bb2 (0x03c54a63)
core   0: 0x80004be6 (0x00000c66) c.slli  s8, 25
core   0: 0 0x80004be6 (0x0c66) x24 0x18000000
core   0: 0x80004be8 (0x5759fb93) andi    s7, s3, 1397
core   0: 0 0x80004be8 (0x5759fb93) x23 0x00000551
core   0: 0x80004bec (0x73c7fd37) lui     s10, 0x73c7f
core   0: 0 0x80004bec (0x73c7fd37) x26 0x73c7f000
core   0: 0x80004bf0 (0x00000e25) c.addi  t3, 9
core   0: 0 0x80004bf0 (0x0e25) x28 0x000005ec
core   0: 0x80004bf2 (0x00008e85) c.sub   a3, s1
core   0: 0 0x80004bf2 (0x8e85) x13 0x7ffddb77
core   0: 0x80004bf4 (0x3d8153b7) lui     t2, 0x3d815
core   0: 0 0x80004bf4 (0x3d8153b7) x7  0x3d815000
core   0: 0x80004bf8 (0x02a24ab3) div     s5, tp, a0
core   0: 0 0x80004bf8 (0x02a24ab3) x21 0x00000010
core   0: 0x80004bfc (0x000090be) c.add   ra, a5
core   0: 0 0x80004bfc (0x90be) x1  0x00000000
core   0: 0x80004bfe (0x02b63833) mulhu   a6, a2, a1
core   0: 0 0x80004bfe (0x02b63833) x16 0x00894eac
core   0: 0x80004c02 (0x0142d663) bge     t0, s4, pc + 12
core   0: 0 0x80004c02 (0x0142d663)
core   0: 0x80004c06 (0x00009636) c.add   a2, a3
core   0: 0 0x80004c06 (0x9636) x12 0x80fddb76
core   0: 0x80004c08 (0x00008a65) c.andi  a2, 25
core   0: 0 0x80004c08 (0x8a65) x12 0x00000010
core   0: 0x80004c0a (0x3890a293) slti    t0, ra, 905
core   0: 0 0x80004c0a (0x3890a293) x5  0x00000001
core   0: 0x80004c0e (0x0000951a) c.add   a0, t1
core   0: 0 0x80004c0e (0x951a) x10 0x0000001f
core   0: 0x80004c10 (0x03c27b63) bgeu    tp, t3, pc + 54
core   0: 0 0x80004c10 (0x03c27b63)
core   0: 0x80004c14 (0x412d0933) sub     s2, s10, s2
core   0: 0 0x80004c14 (0x412d0933) x18 0x73981000
core   0: 0x80004c18 (0xc89d0193) addi    gp, s10, -887
core   0: 0 0x80004c18 (0xc89d0193) x3  0x73c7ec89
core   0: 0x80004c1c (0xbac76113) ori     sp, a4, -1108
core   0: 0 0x80004c1c (0xbac76113) x2  0xfffffbac
core   0: 0x80004c20 (0x020a0cb3) mul     s9, s4, zero
core   0: 0 0x80004c20 (0x020a0cb3) x25 0x00000000
core   0: 0x80004c24 (0x02e37e63) bgeu    t1, a4, pc + 60
core   0: 0 0x80004c24 (0x02e37e63)
core   0: 0x80004c28 (0x15f66993) ori     s3, a2, 351
core   0: 0 0x80004c28 (0x15f66993) x19 0x0000015f
core   0: 0x80004c2c (0x00000001) c.nop
core   0: 0 0x80004c2c (0x0001)
core   0: 0x80004c2e (0x0ff0000f) fence   iorw,iorw
core   0: 0 0x80004c2e (0x0ff0000f)
core   0: 0x80004c32 (0x03b59f63) bne     a1, s11, pc + 62
core   0: 0 0x80004c32 (0x03b59f63)
core   0: 0x80004c70 (0x57b54d13) xori    s10, a0, 1403
core   0: 0 0x80004c70 (0x57b54d13) x26 0x00000564
core   0: 0x80004c74 (0x01d72fb3) slt     t6, a4, t4
core   0: 0 0x80004c74 (0x01d72fb3) x31 0x00000001
core   0: 0x80004c78 (0x45af2cb7) lui     s9, 0x45af2
core   0: 0 0x80004c78 (0x45af2cb7) x25 0x45af2000
core   0: 0x80004c7c (0x0000717d) c.addi16sp sp, -16
core   0: 0 0x80004c7c (0x717d) x2  0xfffffb9c
core   0: 0x80004c7e (0x011ce763) bltu    s9, a7, pc + 14
core   0: 0 0x80004c7e (0x011ce763)
core   0: 0x80004c82 (0x55062d93) slti    s11, a2, 1360
core   0: 0 0x80004c82 (0x55062d93) x27 0x00000001
core   0: 0x80004c86 (0x025f4363) blt     t5, t0, pc + 38
core   0: 0 0x80004c86 (0x025f4363)
core   0: 0x80004cac (0x00001588) c.addi4spn a0, sp, 736
core   0: 0 0x80004cac (0x1588) x10 0xfffffe7c
core   0: 0x80004cae (0x00001480) c.addi4spn s0, sp, 608
core   0: 0 0x80004cae (0x1480) x8  0xfffffdfc
core   0: 0x80004cb0 (0x0000053d) c.addi  a0, 15
core   0: 0 0x80004cb0 (0x053d) x10 0xfffffe8b
core   0: 0x80004cb2 (0x5f347713) andi    a4, s0, 1523
core   0: 0 0x80004cb2 (0x5f347713) x14 0x000005f0
core   0: 0x80004cb6 (0x00009772) c.add   a4, t3
core   0: 0 0x80004cb6 (0x9772) x14 0x00000bdc
core   0: 0x80004cb8 (0x0000c3b1) c.beqz  a5, pc + 68
core   0: 0 0x80004cb8 (0xc3b1)
core   0: 0x80004cfc (0x03490633) mul     a2, s2, s4
core   0: 0 0x80004cfc (0x03490633) x12 0x00000000
core   0: 0x80004d00 (0x00008c6d) c.and   s0, a1
core   0: 0 0x80004d00 (0x8c6d) x8  0x894eacb4
core   0: 0x80004d02 (0x00ae6263) bltu    t3, a0, pc + 4
core   0: 0 0x80004d02 (0x00ae6263)
core   0: 0x80004d06 (0x00000001) c.nop
core   0: 0 0x80004d06 (0x0001)
core   0: 0x80004d08 (0xc0dcbe93) sltiu   t4, s9, -1011
core   0: 0 0x80004d08 (0xc0dcbe93) x29 0x00000001
core   0: 0x80004d0c (0x005e7cb3) and     s9, t3, t0
core   0: 0 0x80004d0c (0x005e7cb3) x25 0x00000000
core   0: 0x80004d10 (0x0000100f) fence.i
core   0: 0 0x80004d10 (0x0000100f)
core   0: 0x80004d14 (0x5d4c82b7) lui     t0, 0x5d4c8
core   0: 0 0x80004d14 (0x5d4c82b7) x5  0x5d4c8000
core   0: 0x80004d18 (0x02b7a333) mulhsu  t1, a5, a1
core   0: 0 0x80004d18 (0x02b7a333) x6  0x00000000
core   0: 0x80004d1c (0x0000856e) c.mv    a0, s11
core   0: 0 0x80004d1c (0x856e) x10 0x00000001
core   0: 0x80004d1e (0x00008f61) c.and   a4, s0
core   0: 0 0x80004d1e (0x8f61) x14 0x00000894
core   0: 0x80004d20 (0xbdeef093) andi    ra, t4, -1058
core   0: 0 0x80004d20 (0xbdeef093) x1  0x00000000
core   0: 0x80004d24 (0x019af693) andi    a3, s5, 25
core   0: 0 0x80004d24 (0x019af693) x13 0x00000010
core   0: 0x80004d28 (0x00000001) c.nop
core   0: 0 0x80004d28 (0x0001)
core   0: 0x80004d2a (0x0134c663) blt     s1, s3, pc + 12
core   0: 0 0x80004d2a (0x0134c663)
core   0: 0x80004d36 (0x033f1133) mulh    sp, t5, s3
core   0: 0 0x80004d36 (0x033f1133) x2  0xffffff50
core   0: 0x80004d3a (0x0000ce81) c.beqz  a3, pc + 24
core   0: 0 0x80004d3a (0xce81)
core   0: 0x80004d3c (0x2fb32813) slti    a6, t1, 763
core   0: 0 0x80004d3c (0x2fb32813) x16 0x00000001
core   0: 0x80004d40 (0x02053733) mulhu   a4, a0, zero
core   0: 0 0x80004d40 (0x02053733) x14 0x00000000
core   0: 0x80004d44 (0x0000717d) c.addi16sp sp, -16
core   0: 0 0x80004d44 (0x717d) x2  0xffffff40
core   0: 0x80004d46 (0x00a0d833) srl     a6, ra, a0
core   0: 0 0x80004d46 (0x00a0d833) x16 0x00000000
core   0: 0x80004d4a (0x00000f10) c.addi4spn a2, sp, 912
core   0: 0 0x80004d4a (0x0f10) x12 0x000002d0
core   0: 0x80004d4c (0x0000c515) c.beqz  a0, pc + 44
core   0: 0 0x80004d4c (0xc515)
core   0: 0x80004d4e (0x005fe563) bltu    t6, t0, pc + 10
core   0: 0 0x80004d4e (0x005fe563)
core   0: 0x80004d58 (0x01561f93) slli    t6, a2, 21
core   0: 0 0x80004d58 (0x01561f93) x31 0x5a000000
core   0: 0x80004d5c (0x00008d3d) c.xor   a0, a5
core   0: 0 0x80004d5c (0x8d3d) x10 0x00000001
core   0: 0x80004d5e (0x00001e98) c.addi4spn a4, sp, 880
core   0: 0 0x80004d5e (0x1e98) x14 0x000002b0
core   0: 0x80004d60 (0x7a0c0b13) addi    s6, s8, 1952
core   0: 0 0x80004d60 (0x7a0c0b13) x22 0x180007a0
core   0: 0x80004d64 (0x0000805d) c.srli  s0, 23
core   0: 0 0x80004d64 (0x805d) x8  0x00000112
core   0: 0x80004d66 (0x4050d113) srai    sp, ra, 5
core   0: 0 0x80004d66 (0x4050d113) x2  0x00000000
core   0: 0x80004d6a (0x0215ad33) mulhsu  s10, a1, ra
core   0: 0 0x80004d6a (0x0215ad33) x26 0x00000000
core   0: 0x80004d6e (0x0000c311) c.beqz  a4, pc + 4
core   0: 0 0x80004d6e (0xc311)
core   0: 0x80004d70 (0x00008edd) c.or    a3, a5
core   0: 0 0x80004d70 (0x8edd) x13 0x00000010
core   0: 0x80004d72 (0x0000c705) c.beqz  a4, pc + 40
core   0: 0 0x80004d72 (0xc705)
core   0: 0x80004d74 (0x05ef1263) bne     t5, t5, pc + 68
core   0: 0 0x80004d74 (0x05ef1263)
core   0: 0x80004d78 (0x0000e50d) c.bnez  a0, pc + 42
core   0: 0 0x80004d78 (0xe50d)
core   0: 0x80004da2 (0x0000987d) c.andi  s0, -1
core   0: 0 0x80004da2 (0x987d) x8  0x00000112
core   0: 0x80004da4 (0xdc4b8193) addi    gp, s7, -572
core   0: 0 0x80004da4 (0xdc4b8193) x3  0x00000315
core   0: 0x80004da8 (0x034cb433) mulhu   s0, s9, s4
core   0: 0 0x80004da8 (0x034cb433) x8  0x00000000
core   0: 0x80004dac (0x00d38633) add     a2, t2, a3
core   0: 0 0x80004dac (0x00d38633) x12 0x3d815010
core   0: 0x80004db0 (0x033a4bb3) div     s7, s4, s3
core   0: 0 0x80004db0 (0x033a4bb3) x23 0x00000000
core   0: 0x80004db4 (0x002fe2b3) or      t0, t6, sp
core   0: 0 0x80004db4 (0x002fe2b3) x5  0x5a000000
core   0: 0x80004db8 (0x0000100f) fence.i
core   0: 0 0x80004db8 (0x0000100f)
core   0: 0x80004dbc (0x00ebe533) or      a0, s7, a4
core   0: 0 0x80004dbc (0x00ebe533) x10 0x000002b0
core   0: 0x80004dc0 (0x00008eb1) c.xor   a3, a2
core   0: 0 0x80004dc0 (0x8eb1) x13 0x3d815000
core   0: 0x80004dc2 (0x03a8d533) divu    a0, a7, s10
core   0: 0 0x80004dc2 (0x03a8d533) x10 0xffffffff
core   0: 0x80004dc6 (0x01d0a0b3) slt     ra, ra, t4
core   0: 0 0x80004dc6 (0x01d0a0b3) x1  0x00000001
core   0: 0x80004dca (0x05fe6f63) bltu    t3, t6, pc + 94
core   0: 0 0x80004dca (0x05fe6f63)
core   0: 0x80004e28 (0x031568b3) rem     a7, a0, a7
core   0: 0 0x80004e28 (0x031568b3) x17 0xffffffff
core   0: 0x80004e2c (0x00000572) c.slli  a0, 28
core   0: 0 0x80004e2c (0x0572) x10 0xf0000000
core   0: 0x80004e2e (0x017edc63) bge     t4, s7, pc + 24
core   0: 0 0x80004e2e (0x017edc63)
core   0: 0x80004e46 (0x69693e37) lui     t3, 0x69693
core   0: 0 0x80004e46 (0x69693e37) x28 0x69693000
core   0: 0x80004e4a (0x00008e01) c.sub   a2, s0
core   0: 0 0x80004e4a (0x8e01) x12 0x3d815010
core   0: 0x80004e4c (0x00006975) c.lui   s2, 0x1d
core   0: 0 0x80004e4c (0x6975) x18 0x0001d000
core   0: 0x80004e4e (0x000086cd) c.srai  a3, 19
core   0: 0 0x80004e4e (0x86cd) x13 0x000007b0
core   0: 0x80004e50 (0x0000100f) fence.i
core   0: 0 0x80004e50 (0x0000100f)
core   0: 0x80004e54 (0x0398c0b3) div     ra, a7, s9
core   0: 0 0x80004e54 (0x0398c0b3) x1  0xffffffff
core   0: 0x80004e58 (0x00fc32b3) sltu    t0, s8, a5
core   0: 0 0x80004e58 (0x00fc32b3) x5  0x00000000
core   0: 0x80004e5c (0x000086a5) c.srai  a3, 9
core   0: 0 0x80004e5c (0x86a5) x13 0x00000003
core   0: 0x80004e5e (0x0000100f) fence.i
core   0: 0 0x80004e5e (0x0000100f)
core   0: 0x80004e62 (0x416c8213) addi    tp, s9, 1046
core   0: 0 0x80004e62 (0x416c8213) x4  0x00000416
core   0: 0x80004e66 (0x0000187d) c.addi  a6, -1
core   0: 0 0x80004e66 (0x187d) x16 0xffffffff
core   0: 0x80004e68 (0x57764913) xori    s2, a2, 1399
core   0: 0 0x80004e68 (0x57764913) x18 0x3d815567
core   0: 0x80004e6c (0x0000197d) c.addi  s2, -1
core   0: 0 0x80004e6c (0x197d) x18 0x3d815566
core   0: 0x80004e6e (0x03379bb3) mulh    s7, a5, s3
core   0: 0 0x80004e6e (0x03379bb3) x23 0x00000000
core   0: 0x80004e72 (0x003df033) and     zero, s11, gp
core   0: 0 0x80004e72 (0x003df033)
core   0: 0x80004e76 (0x8b84c293) xori    t0, s1, -1864
core   0: 0 0x80004e76 (0x8b84c293) x5  0x7ffde6dc
core   0: 0x80004e7a (0x027c8c63) beq     s9, t2, pc + 56
core   0: 0 0x80004e7a (0x027c8c63)
core   0: 0x80004e7e (0x000086a9) c.srai  a3, 10
core   0: 0 0x80004e7e (0x86a9) x13 0x00000000
core   0: 0x80004e80 (0x73b0b117) auipc   sp, 0x73b0b
core   0: 0 0x80004e80 (0x73b0b117) x2  0xf3b0fe80
core   0: 0x80004e84 (0xc167c613) xori    a2, a5, -1002
core   0: 0 0x80004e84 (0xc167c613) x12 0xfffffc16
core   0: 0x80004e88 (0x03760563) beq     a2, s7, pc + 42
core   0: 0 0x80004e88 (0x03760563)
core   0: 0x80004e8c (0x03942933) mulhsu  s2, s0, s9
core   0: 0 0x80004e8c (0x03942933) x18 0x00000000
core   0: 0x80004e90 (0x004dd713) srli    a4, s11, 4
core   0: 0 0x80004e90 (0x004dd713) x14 0x00000000
core   0: 0x80004e94 (0x00006d11) c.lui   s10, 0x4
core   0: 0 0x80004e94 (0x6d11) x26 0x00004000
core   0: 0x80004e96 (0x0000717d) c.addi16sp sp, -16
core   0: 0 0x80004e96 (0x717d) x2  0xf3b0fe70
core   0: 0x80004e98 (0x07d34463) blt     t1, t4, pc + 104
core   0: 0 0x80004e98 (0x07d34463)
core   0: 0x80004f00 (0x00006ca1) c.lui   s9, 0x8
core   0: 0 0x80004f00 (0x6ca1) x25 0x00008000
core   0: 0x80004f02 (0x71263013) sltiu   zero, a2, 1810
core   0: 0 0x80004f02 (0x71263013)
core   0: 0x80004f06 (0x88330c13) addi    s8, t1, -1917
core   0: 0 0x80004f06 (0x88330c13) x24 0xfffff883
core   0: 0x80004f0a (0x036607b3) mul     a5, a2, s6
core   0: 0 0x80004f0a (0x036607b3) x15 0x0fe227c0
core   0: 0x80004f0e (0x00008fbd) c.xor   a5, a5
core   0: 0 0x80004f0e (0x8fbd) x15 0x00000000
core   0: 0x80004f10 (0x01273ab3) sltu    s5, a4, s2
core   0: 0 0x80004f10 (0x01273ab3) x21 0x00000000
core   0: 0x80004f14 (0x00008fd9) c.or    a5, a4
core   0: 0 0x80004f14 (0x8fd9) x15 0x00000000
core   0: 0x80004f16 (0x009059b3) srl     s3, zero, s1
core   0: 0 0x80004f16 (0x009059b3) x19 0x00000000
core   0: 0x80004f1a (0x000087f1) c.srai  a5, 28
core   0: 0 0x80004f1a (0x87f1) x15 0x00000000
core   0: 0x80004f1c (0x00000ce2) c.slli  s9, 24
core   0: 0 0x80004f1c (0x0ce2) x25 0x00000000
core   0: 0x80004f1e (0x000086c5) c.srai  a3, 17
core   0: 0 0x80004f1e (0x86c5) x13 0x00000000
core   0: 0x80004f20 (0xd0db3c93) sltiu   s9, s6, -755
core   0: 0 0x80004f20 (0xd0db3c93) x25 0x00000001
core   0: 0x80004f24 (0x014b5e63) bge     s6, s4, pc + 28
core   0: 0 0x80004f24 (0x014b5e63)
core   0: 0x80004f40 (0x0000611d) c.addi16sp sp, 416
core   0: 0 0x80004f40 (0x611d) x2  0xf3b10010
core   0: 0x80004f42 (0x011fcf63) blt     t6, a7, pc + 30
core   0: 0 0x80004f42 (0x011fcf63)
core   0: 0x80004f46 (0x0294fd33) remu    s10, s1, s1
core   0: 0 0x80004f46 (0x0294fd33) x26 0x00000000
core   0: 0x80004f4a (0x00001a94) c.addi4spn a3, sp, 368
core   0: 0 0x80004f4a (0x1a94) x13 0xf3b10180
core   0: 0x80004f4c (0x00000001) c.nop
core   0: 0 0x80004f4c (0x0001)
core   0: 0x80004f4e (0x00008fc1) c.or    a5, s0
core   0: 0 0x80004f4e (0x8fc1) x15 0x00000000
core   0: 0x80004f50 (0x00008eed) c.and   a3, a1
core   0: 0 0x80004f50 (0x8eed) x13 0x81000080
core   0: 0x80004f52 (0x01bc19b3) sll     s3, s8, s11
core   0: 0 0x80004f52 (0x01bc19b3) x19 0xfffff106
core   0: 0x80004f56 (0x0243a6b3) mulhsu  a3, t2, tp
core   0: 0 0x80004f56 (0x0243a6b3) x13 0x000000fb
core   0: 0x80004f5a (0x00a43cb3) sltu    s9, s0, a0
core   0: 0 0x80004f5a (0x00a43cb3) x25 0x00000001
core   0: 0x80004f5e (0x000068d1) c.lui   a7, 0x14
core   0: 0 0x80004f5e (0x68d1) x17 0x00014000
core   0: 0x80004f60 (0xa0bea613) slti    a2, t4, -1525
core   0: 0 0x80004f60 (0xa0bea613) x12 0x00000000
core   0: 0x80004f64 (0x00000994) c.addi4spn a3, sp, 208
core   0: 0 0x80004f64 (0x0994) x13 0xf3b100e0
core   0: 0x80004f66 (0x2225b093) sltiu   ra, a1, 546
core   0: 0 0x80004f66 (0x2225b093) x1  0x00000000
core   0: 0x80004f6a (0x00000001) c.nop
core   0: 0 0x80004f6a (0x0001)
core   0: 0x80004f6c (0x000062b5) c.lui   t0, 0xd
core   0: 0 0x80004f6c (0x62b5) x5  0x0000d000
core   0: 0x80004f6e (0x0142d963) bge     t0, s4, pc + 18
core   0: 0 0x80004f6e (0x0142d963)
core   0: 0x80004f80 (0x0000ec11) c.bnez  s0, pc + 28
core   0: 0 0x80004f80 (0xec11)
core   0: 0x80004f82 (0x011a8433) add     s0, s5, a7
core   0: 0 0x80004f82 (0x011a8433) x8  0x00014000
core   0: 0x80004f86 (0x4cd1b913) sltiu   s2, gp, 1229
core   0: 0 0x80004f86 (0x4cd1b913) x18 0x00000001
core   0: 0x80004f8a (0x02f5e963) bltu    a1, a5, pc + 50
core   0: 0 0x80004f8a (0x02f5e963)
core   0: 0x80004f8e (0x40a20833) sub     a6, tp, a0
core   0: 0 0x80004f8e (0x40a20833) x16 0x10000416
core   0: 0x80004f92 (0x66a17e13) andi    t3, sp, 1642
core   0: 0 0x80004f92 (0x66a17e13) x28 0x00000000
core   0: 0x80004f96 (0x00000839) c.addi  a6, 14
core   0: 0 0x80004f96 (0x0839) x16 0x10000424
core   0: 0x80004f98 (0x00001310) c.addi4spn a2, sp, 416
core   0: 0 0x80004f98 (0x1310) x12 0xf3b101b0
core   0: 0x80004f9a (0x0000eb19) c.bnez  a4, pc + 22
core   0: 0 0x80004f9a (0xeb19)
core   0: 0x80004f9c (0x01f75793) srli    a5, a4, 31
core   0: 0 0x80004f9c (0x01f75793) x15 0x00000000
core   0: 0x80004fa0 (0x021e41b3) div     gp, t3, ra
core   0: 0 0x80004fa0 (0x021e41b3) x3  0xffffffff
core   0: 0x80004fa4 (0x00001190) c.addi4spn a2, sp, 224
core   0: 0 0x80004fa4 (0x1190) x12 0xf3b100f0
core   0: 0x80004fa6 (0x00008ea1) c.xor   a3, s0
core   0: 0 0x80004fa6 (0x8ea1) x13 0xf3b040e0
core   0: 0x80004fa8 (0x0000e785) c.bnez  a5, pc + 40
core   0: 0 0x80004fa8 (0xe785)
core   0: 0x80004faa (0x0000870a) c.mv    a4, sp
core   0: 0 0x80004faa (0x870a) x14 0xf3b10010
core   0: 0x80004fac (0x02046963) bltu    s0, zero, pc + 50
core   0: 0 0x80004fac (0x02046963)
core   0: 0x80004fb0 (0x08603b13) sltiu   s6, zero, 134
core   0: 0 0x80004fb0 (0x08603b13) x22 0x00000001
core   0: 0x80004fb4 (0x00000462) c.slli  s0, 24
core   0: 0 0x80004fb4 (0x0462) x8  0x00000000
core   0: 0x80004fb6 (0x00009bfd) c.andi  a5, -1
core   0: 0 0x80004fb6 (0x9bfd) x15 0x00000000
core   0: 0x80004fb8 (0x01f57863) bgeu    a0, t6, pc + 16
core   0: 0 0x80004fb8 (0x01f57863)
core   0: 0x80004fc8 (0x01abeb63) bltu    s7, s10, pc + 22
core   0: 0 0x80004fc8 (0x01abeb63)
core   0: 0x80004fcc (0xe41f9697) auipc   a3, 0xe41f9
core   0: 0 0x80004fcc (0xe41f9697) x13 0x641fdfcc
core   0: 0x80004fd0 (0x416cd893) srai    a7, s9, 22
core   0: 0 0x80004fd0 (0x416cd893) x17 0x00000000
core   0: 0x80004fd4 (0x016b6fb3) or      t6, s6, s6
core   0: 0 0x80004fd4 (0x016b6fb3) x31 0x00000001
core   0: 0x80004fd8 (0x00000001) c.nop
core   0: 0 0x80004fd8 (0x0001)
core   0: 0x80004fda (0x01d81e93) slli    t4, a6, 29
core   0: 0 0x80004fda (0x01d81e93) x29 0x80000000
core   0: 0x80004fde (0x00008e31) c.xor   a2, a2
core   0: 0 0x80004fde (0x8e31) x12 0x00000000
core   0: 0x80004fe0 (0x0000100f) fence.i
core   0: 0 0x80004fe0 (0x0000100f)
core   0: 0x80004fe4 (0x00e09233) sll     tp, ra, a4
core   0: 0 0x80004fe4 (0x00e09233) x4  0x00000000
core   0: 0x80004fe8 (0xaf10c213) xori    tp, ra, -1295
core   0: 0 0x80004fe8 (0xaf10c213) x4  0xfffffaf1
core   0: 0x80004fec (0x00006779) c.lui   a4, 0x1e
core   0: 0 0x80004fec (0x6779) x14 0x0001e000
core   0: 0x80004fee (0x016eebb3) or      s7, t4, s6
core   0: 0 0x80004fee (0x016eebb3) x23 0x80000001
core   0: 0x80004ff2 (0x0107fdb3) and     s11, a5, a6
core   0: 0 0x80004ff2 (0x0107fdb3) x27 0x00000000
core   0: 0x80004ff6 (0x00000001) c.nop
core   0: 0 0x80004ff6 (0x0001)
core   0: 0x80004ff8 (0x007d4d33) xor     s10, s10, t2
core   0: 0 0x80004ff8 (0x007d4d33) x26 0x3d815000
core   0: 0x80004ffc (0x04500563) beq     zero, t0, pc + 74
core   0: 0 0x80004ffc (0x04500563)
core   0: 0x80005000 (0x02e4ef63) bltu    s1, a4, pc + 62
core   0: 0 0x80005000 (0x02e4ef63)
core   0: 0x80005004 (0x0170cfb3) xor     t6, ra, s7
core   0: 0 0x80005004 (0x0170cfb3) x31 0x80000001
core   0: 0x80005008 (0x00000001) c.nop
core   0: 0 0x80005008 (0x0001)
core   0: 0x8000500a (0xc443ff93) andi    t6, t2, -956
core   0: 0 0x8000500a (0xc443ff93) x31 0x3d815000
core   0: 0x8000500e (0x5131ea93) ori     s5, gp, 1299
core   0: 0 0x8000500e (0x5131ea93) x21 0xffffffff
core   0: 0x80005012 (0x0000ed11) c.bnez  a0, pc + 28
core   0: 0 0x80005012 (0xed11)
core   0: 0x8000502e (0x019afa63) bgeu    s5, s9, pc + 20
core   0: 0 0x8000502e (0x019afa63)
core   0: 0x80005042 (0x4028d013) srai    zero, a7, 2
core   0: 0 0x80005042 (0x4028d013)
core   0: 0x80005046 (0x9c178d13) addi    s10, a5, -1599
core   0: 0 0x80005046 (0x9c178d13) x26 0xfffff9c1
core   0: 0x8000504a (0x00006141) c.addi16sp sp, 16
core   0: 0 0x8000504a (0x6141) x2  0xf3b10020
core   0: 0x8000504c (0x035aeb63) bltu    s5, s5, pc + 54
core   0: 0 0x8000504c (0x035aeb63)
core   0: 0x80005050 (0xb51cee13) ori     t3, s9, -1199
core   0: 0 0x80005050 (0xb51cee13) x28 0xfffffb51
core   0: 0x80005054 (0x022869b3) rem     s3, a6, sp
core   0: 0 0x80005054 (0x022869b3) x19 0x03b10444
core   0: 0x80005058 (0x3fd5ac93) slti    s9, a1, 1021
core   0: 0 0x80005058 (0x3fd5ac93) x25 0x00000001
core   0: 0x8000505c (0x0000015d) c.addi  sp, 23
core   0: 0 0x8000505c (0x015d) x2  0xf3b10037
core   0: 0x8000505e (0x000010fd) c.addi  ra, -1
core   0: 0 0x8000505e (0x10fd) x1  0xffffffff
core   0: 0x80005060 (0x38b23393) sltiu   t2, tp, 907
core   0: 0 0x80005060 (0x38b23393) x7  0x00000000
core   0: 0x80005064 (0x410f5233) sra     tp, t5, a6
core   0: 0 0x80005064 (0x410f5233) x4  0xf80025ce
core   0: 0x80005068 (0x9b9f7e93) andi    t4, t5, -1607
core   0: 0 0x80005068 (0x9b9f7e93) x29 0x800258a0
core   0: 0x8000506c (0x6f7f6093) ori     ra, t5, 1783
core   0: 0 0x8000506c (0x6f7f6093) x1  0x80025ef7
core   0: 0x80005070 (0x0ff0000f) fence   iorw,iorw
core   0: 0 0x80005070 (0x0ff0000f)
core   0: 0x80005074 (0x039ee633) rem     a2, t4, s9
core   0: 0 0x80005074 (0x039ee633) x12 0x00000000
core   0: 0x80005078 (0x012c5213) srli    tp, s8, 18
core   0: 0 0x80005078 (0x012c5213) x4  0x00003fff
core   0: 0x8000507c (0x00008a95) c.andi  a3, 5
core   0: 0 0x8000507c (0x8a95) x13 0x00000004
core   0: 0x8000507e (0x415ed513) srai    a0, t4, 21
core   0: 0 0x8000507e (0x415ed513) x10 0xfffffc00
core   0: 0x80005082 (0x000050fd) c.li    ra, -1
core   0: 0 0x80005082 (0x50fd) x1  0xffffffff
core   0: 0x80005084 (0x026d08b3) mul     a7, s10, t1
core   0: 0 0x80005084 (0x026d08b3) x17 0x00000000
core   0: 0x80005088 (0x40820333) sub     t1, tp, s0
core   0: 0 0x80005088 (0x40820333) x6  0x00003fff
core   0: 0x8000508c (0x015391b3) sll     gp, t2, s5
core   0: 0 0x8000508c (0x015391b3) x3  0x00000000
core   0: 0x80005090 (0x411d0eb3) sub     t4, s10, a7
core   0: 0 0x80005090 (0x411d0eb3) x29 0xfffff9c1
core   0: 0x80005094 (0x00008616) c.mv    a2, t0
core   0: 0 0x80005094 (0x8616) x12 0x0000d000
core   0: 0x80005096 (0x01961033) sll     zero, a2, s9
core   0: 0 0x80005096 (0x01961033)
core   0: 0x8000509a (0xa91dfe13) andi    t3, s11, -1391
core   0: 0 0x8000509a (0xa91dfe13) x28 0x00000000
core   0: 0x8000509e (0x00008015) c.srli  s0, 5
core   0: 0 0x8000509e (0x8015) x8  0x00000000
core   0: 0x800050a0 (0x03b31863) bne     t1, s11, pc + 48
core   0: 0 0x800050a0 (0x03b31863)
core   0: 0x800050d0 (0x00009236) c.add   tp, a3
core   0: 0 0x800050d0 (0x9236) x4  0x00004003
core   0: 0x800050d2 (0x0359e163) bltu    s3, s5, pc + 34
core   0: 0 0x800050d2 (0x0359e163)
core   0: 0x800050f4 (0x00008fa1) c.xor   a5, s0
core   0: 0 0x800050f4 (0x8fa1) x15 0x00000000
core   0: 0x800050f6 (0x00181f63) bne     a6, ra, pc + 30
core   0: 0 0x800050f6 (0x00181f63)
core   0: 0x80005114 (0x017d1433) sll     s0, s10, s7
core   0: 0 0x80005114 (0x017d1433) x8  0xfffff382
core   0: 0x80005118 (0x0000c29d) c.beqz  a3, pc + 38
core   0: 0 0x80005118 (0xc29d)
core   0: 0x8000511a (0x403ad893) srai    a7, s5, 3
core   0: 0 0x8000511a (0x403ad893) x17 0xffffffff
core   0: 0x8000511e (0x029fdc33) divu    s8, t6, s1
core   0: 0 0x8000511e (0x029fdc33) x24 0x00000000
core   0: 0x80005122 (0x0000e81d) c.bnez  s0, pc + 54
core   0: 0 0x80005122 (0xe81d)
core   0: 0x80005158 (0x00006315) c.lui   t1, 0x5
core   0: 0 0x80005158 (0x6315) x6  0x00005000
core   0: 0x8000515a (0x005646b3) xor     a3, a2, t0
core   0: 0 0x8000515a (0x005646b3) x13 0x00000000
core   0: 0x8000515e (0x0000c231) c.beqz  a2, pc + 68
core   0: 0 0x8000515e (0xc231)
core   0: 0x80005160 (0x00008d45) c.or    a0, s1
core   0: 0 0x80005160 (0x8d45) x10 0xfffffe64
core   0: 0x80005162 (0x00005ffd) c.li    t6, -1
core   0: 0 0x80005162 (0x5ffd) x31 0xffffffff
core   0: 0x80005164 (0x026d6fb3) rem     t6, s10, t1
core   0: 0 0x80005164 (0x026d6fb3) x31 0xfffff9c1
core   0: 0x80005168 (0x03a1b133) mulhu   sp, gp, s10
core   0: 0 0x80005168 (0x03a1b133) x2  0x00000000
core   0: 0x8000516c (0x000083bd) c.srli  a5, 15
core   0: 0 0x8000516c (0x83bd) x15 0x00000000
core   0: 0x8000516e (0x0000613d) c.addi16sp sp, 480
core   0: 0 0x8000516e (0x613d) x2  0x000001e0
core   0: 0x80005170 (0x001d9213) slli    tp, s11, 1
core   0: 0 0x80005170 (0x001d9213) x4  0x00000000
core   0: 0x80005174 (0x01f64863) blt     a2, t6, pc + 16
core   0: 0 0x80005174 (0x01f64863)
core   0: 0x80005178 (0xea7e2693) slti    a3, t3, -345
core   0: 0 0x80005178 (0xea7e2693) x13 0x00000000
core   0: 0x8000517c (0x0ff0000f) fence   iorw,iorw
core   0: 0 0x8000517c (0x0ff0000f)
core   0: 0x80005180 (0x02340d63) beq     s0, gp, pc + 58
core   0: 0 0x80005180 (0x02340d63)
core   0: 0x80005184 (0x03b9c1b3) div     gp, s3, s11
core   0: 0 0x80005184 (0x03b9c1b3) x3  0xffffffff
core   0: 0x80005188 (0x40cf5833) sra     a6, t5, a2
core   0: 0 0x80005188 (0x40cf5833) x16 0x80025ce4
core   0: 0x8000518c (0x01ea83b3) add     t2, s5, t5
core   0: 0 0x8000518c (0x01ea83b3) x7  0x80025ce3
core   0: 0x80005190 (0x00000001) c.nop
core   0: 0 0x80005190 (0x0001)
core   0: 0x80005192 (0x0240d933) divu    s2, ra, tp
core   0: 0 0x80005192 (0x0240d933) x18 0xffffffff
core   0: 0x80005196 (0x02819a63) bne     gp, s0, pc + 52
core   0: 0 0x80005196 (0x02819a63)
core   0: 0x800051ca (0x02722733) mulhsu  a4, tp, t2
core   0: 0 0x800051ca (0x02722733) x14 0x00000000
core   0: 0x800051ce (0x00788a33) add     s4, a7, t2
core   0: 0 0x800051ce (0x00788a33) x20 0x80025ce2
core   0: 0x800051d2 (0xc22bea13) ori     s4, s7, -990
core   0: 0 0x800051d2 (0xc22bea13) x20 0xfffffc23
core   0: 0x800051d6 (0x00008e59) c.or    a2, a4
core   0: 0 0x800051d6 (0x8e59) x12 0x0000d000
core   0: 0x800051d8 (0x02bf3a33) mulhu   s4, t5, a1
core   0: 0 0x800051d8 (0x02bf3a33) x20 0x44a89ac9
core   0: 0x800051dc (0x00815633) srl     a2, sp, s0
core   0: 0 0x800051dc (0x00815633) x12 0x00000078
core   0: 0x800051e0 (0x0000086e) c.slli  a6, 27
core   0: 0 0x800051e0 (0x086e) x16 0x20000000
core   0: 0x800051e2 (0x02212033) mulhsu  zero, sp, sp
core   0: 0 0x800051e2 (0x02212033)
core   0: 0x800051e6 (0xdbe7b613) sltiu   a2, a5, -578
core   0: 0 0x800051e6 (0xdbe7b613) x12 0x00000001
core   0: 0x800051ea (0x02e28233) mul     tp, t0, a4
core   0: 0 0x800051ea (0x02e28233) x4  0x00000000
core   0: 0x800051ee (0x02fad9b3) divu    s3, s5, a5
core   0: 0 0x800051ee (0x02fad9b3) x19 0xffffffff
core   0: 0x800051f2 (0x0000412d) c.li    sp, 11
core   0: 0 0x800051f2 (0x412d) x2  0x0000000b
core   0: 0x800051f4 (0x00039913) slli    s2, t2, 0
core   0: 0 0x800051f4 (0x00039913) x18 0x80025ce3
core   0: 0x800051f8 (0x01457733) and     a4, a0, s4
core   0: 0 0x800051f8 (0x01457733) x14 0x44a89a40
core   0: 0x800051fc (0x00000386) c.slli  t2, 1
core   0: 0 0x800051fc (0x0386) x7  0x0004b9c6
core   0: 0x800051fe (0x00dd4333) xor     t1, s10, a3
core   0: 0 0x800051fe (0x00dd4333) x6  0xfffff9c1
core   0: 0x80005202 (0x0331e963) bltu    gp, s3, pc + 50
core   0: 0 0x80005202 (0x0331e963)
core   0: 0x80005206 (0x01f51e33) sll     t3, a0, t6
core   0: 0 0x80005206 (0x01f51e33) x28 0xfffffcc8
core   0: 0x8000520a (0x00008569) c.srai  a0, 26
core   0: 0 0x8000520a (0x8569) x10 0xffffffff
core   0: 0x8000520c (0x00000001) c.nop
core   0: 0 0x8000520c (0x0001)
core   0: 0x8000520e (0x00006d31) c.lui   s10, 0xc
core   0: 0 0x8000520e (0x6d31) x26 0x0000c000
core   0: 0x80005210 (0x00008c4e) c.mv    s8, s3
core   0: 0 0x80005210 (0x8c4e) x24 0xffffffff
core   0: 0x80005212 (0x00000755) c.addi  a4, 21
core   0: 0 0x80005212 (0x0755) x14 0x44a89a55
core   0: 0x80005214 (0x0000014a) c.slli  sp, 18
core   0: 0 0x80005214 (0x014a) x2  0x002c0000
core   0: 0x80005216 (0x00008f55) c.or    a4, a3
core   0: 0 0x80005216 (0x8f55) x14 0x44a89a55
core   0: 0x80005218 (0x020f9263) bnez    t6, pc + 36
core   0: 0 0x80005218 (0x020f9263)
core   0: 0x8000523c (0x01b1e563) bltu    gp, s11, pc + 10
core   0: 0 0x8000523c (0x01b1e563)
core   0: 0x80005240 (0xeb20bc93) sltiu   s9, ra, -334
core   0: 0 0x80005240 (0xeb20bc93) x25 0x00000000
core   0: 0x80005244 (0x00006b09) c.lui   s6, 0x2
core   0: 0 0x80005244 (0x6b09) x22 0x00002000
core   0: 0x80005246 (0x032ca3b3) mulhsu  t2, s9, s2
core   0: 0 0x80005246 (0x032ca3b3) x7  0x00000000
core   0: 0x8000524a (0x018dc033) xor     zero, s11, s8
core   0: 0 0x8000524a (0x018dc033)
core   0: 0x8000524e (0x01d96533) or      a0, s2, t4
core   0: 0 0x8000524e (0x01d96533) x10 0xfffffde3
core   0: 0x80005252 (0x1d69e893) ori     a7, s3, 470
core   0: 0 0x80005252 (0x1d69e893) x17 0xffffffff
core   0: 0x80005256 (0x00a206b3) add     a3, tp, a0
core   0: 0 0x80005256 (0x00a206b3) x13 0xfffffde3
core   0: 0x8000525a (0x711aed13) ori     s10, s5, 1809
core   0: 0 0x8000525a (0x711aed13) x26 0xffffffff
core   0: 0x8000525e (0x40d883b3) sub     t2, a7, a3
core   0: 0 0x8000525e (0x40d883b3) x7  0x0000021c
core   0: 0x80005262 (0x039db833) mulhu   a6, s11, s9
core   0: 0 0x80005262 (0x039db833) x16 0x00000000
core   0: 0x80005266 (0x40a5dd93) srai    s11, a1, 10
core   0: 0 0x80005266 (0x40a5dd93) x27 0xffe253ab
core   0: 0x8000526a (0x4544e613) ori     a2, s1, 1108
core   0: 0 0x8000526a (0x4544e613) x12 0x80021e74
core   0: 0x8000526e (0x00008122) c.mv    sp, s0
core   0: 0 0x8000526e (0x8122) x2  0xfffff382
core   0: 0x80005270 (0x95dc0f93) addi    t6, s8, -1699
core   0: 0 0x80005270 (0x95dc0f93) x31 0xfffff95c
core   0: 0x80005274 (0x41c3dbb3) sra     s7, t2, t3
core   0: 0 0x80005274 (0x41c3dbb3) x23 0x00000002
core   0: 0x80005278 (0x00ba72b3) and     t0, s4, a1
core   0: 0 0x80005278 (0x00ba72b3) x5  0x00088880
core   0: 0x8000527c (0x02516fb3) rem     t6, sp, t0
core   0: 0 0x8000527c (0x02516fb3) x31 0xfffff382
core   0: 0x80005280 (0xba1aba93) sltiu   s5, s5, -1119
core   0: 0 0x80005280 (0xba1aba93) x21 0x00000000
core   0: 0x80005284 (0x00000cb2) c.slli  s9, 12
core   0: 0 0x80005284 (0x0cb2) x25 0x00000000
core   0: 0x80005286 (0x02c43033) mulhu   zero, s0, a2
core   0: 0 0x80005286 (0x02c43033)
core   0: 0x8000528a (0x03d742b3) div     t0, a4, t4
core   0: 0 0x8000528a (0x03d742b3) x5  0xfff501fd
core   0: 0x8000528e (0xdaeb2337) lui     t1, 0xdaeb2
core   0: 0 0x8000528e (0xdaeb2337) x6  0xdaeb2000
core   0: 0x80005292 (0x8a3c0f93) addi    t6, s8, -1885
core   0: 0 0x80005292 (0x8a3c0f93) x31 0xfffff8a2
core   0: 0x80005296 (0x02223cb3) mulhu   s9, tp, sp
core   0: 0 0x80005296 (0x02223cb3) x25 0x00000000
core   0: 0x8000529a (0x9b3b7cb7) lui     s9, 0x9b3b7
core   0: 0 0x8000529a (0x9b3b7cb7) x25 0x9b3b7000
core   0: 0x8000529e (0xed483413) sltiu   s0, a6, -300
core   0: 0 0x8000529e (0xed483413) x8  0x00000001
core   0: 0x800052a2 (0x00000001) c.nop
core   0: 0 0x800052a2 (0x0001)
core   0: 0x800052a4 (0x00008f1d) c.sub   a4, a5
core   0: 0 0x800052a4 (0x8f1d) x14 0x44a89a55
core   0: 0x800052a6 (0x0ff0000f) fence   iorw,iorw
core   0: 0 0x800052a6 (0x0ff0000f)
core   0: 0x800052aa (0x02c68db3) mul     s11, a3, a2
core   0: 0 0x800052aa (0x02c68db3) x27 0x7b85a4dc
core   0: 0x800052ae (0x00008c4d) c.or    s0, a1
core   0: 0 0x800052ae (0x8c4d) x8  0x894eacb5
core   0: 0x800052b0 (0x00008c61) c.and   s0, s0
core   0: 0 0x800052b0 (0x8c61) x8  0x894eacb5
core   0: 0x800052b2 (0x0312c733) div     a4, t0, a7
core   0: 0 0x800052b2 (0x0312c733) x14 0x000afe03
core   0: 0x800052b6 (0x01bd7c33) and     s8, s10, s11
core   0: 0 0x800052b6 (0x01bd7c33) x24 0x7b85a4dc
core   0: 0x800052ba (0x0094ec33) or      s8, s1, s1
core   0: 0 0x800052ba (0x0094ec33) x24 0x80021e64
core   0: 0x800052be (0x00d7fcb3) and     s9, a5, a3
core   0: 0 0x800052be (0x00d7fcb3) x25 0x00000000
core   0: 0x800052c2 (0x3d9fd417) auipc   s0, 0x3d9fd
core   0: 0 0x800052c2 (0x3d9fd417) x8  0xbda022c2
core   0: 0x800052c6 (0x40bd86b3) sub     a3, s11, a1
core   0: 0 0x800052c6 (0x40bd86b3) x13 0xf236f828
core   0: 0x800052ca (0x00008e81) c.sub   a3, s0
core   0: 0 0x800052ca (0x8e81) x13 0x3496d566
core   0: 0x800052cc (0x0372fc33) remu    s8, t0, s7
core   0: 0 0x800052cc (0x0372fc33) x24 0x00000001
core   0: 0x800052d0 (0x0000c215) c.beqz  a2, pc + 36
core   0: 0 0x800052d0 (0xc215)
core   0: 0x800052d2 (0x00d43133) sltu    sp, s0, a3
core   0: 0 0x800052d2 (0x00d43133) x2  0x00000000
core   0: 0x800052d6 (0x004f5693) srli    a3, t5, 4
core   0: 0 0x800052d6 (0x004f5693) x13 0x080025ce
core   0: 0x800052da (0x5b088113) addi    sp, a7, 1456
core   0: 0 0x800052da (0x5b088113) x2  0x000005af
core   0: 0x800052de (0x006e5993) srli    s3, t3, 6
core   0: 0 0x800052de (0x006e5993) x19 0x03fffff3
core   0: 0x800052e2 (0x0ff0000f) fence   iorw,iorw
core   0: 0 0x800052e2 (0x0ff0000f)
core   0: 0x800052e6 (0x00001408) c.addi4spn a0, sp, 544
core   0: 0 0x800052e6 (0x1408) x10 0x000007cf
core   0: 0x800052e8 (0x2019bb13) sltiu   s6, s3, 513
core   0: 0 0x800052e8 (0x2019bb13) x22 0x00000000
core   0: 0x800052ec (0x40f05833) sra     a6, zero, a5
core   0: 0 0x800052ec (0x40f05833) x16 0x00000000
core   0: 0x800052f0 (0x038b0733) mul     a4, s6, s8
core   0: 0 0x800052f0 (0x038b0733) x14 0x00000000
core   0: 0x800052f4 (0x032d6ab3) rem     s5, s10, s2
core   0: 0 0x800052f4 (0x032d6ab3) x21 0xffffffff
core   0: 0x800052f8 (0x96c40d93) addi    s11, s0, -1684
core   0: 0 0x800052f8 (0x96c40d93) x27 0xbda01c2e
core   0: 0x800052fc (0x00a67963) bgeu    a2, a0, pc + 18
core   0: 0 0x800052fc (0x00a67963)
core   0: 0x8000530e (0x5ca87013) andi    zero, a6, 1482
core   0: 0 0x8000530e (0x5ca87013)
core   0: 0x80005312 (0x0000100f) fence.i
core   0: 0 0x80005312 (0x0000100f)
core   0: 0x80005316 (0x2e014093) xori    ra, sp, 736
core   0: 0 0x80005316 (0x2e014093) x1  0x0000074f
core   0: 0x8000531a (0x02367e33) remu    t3, a2, gp
core   0: 0 0x8000531a (0x02367e33) x28 0x80021e74
core   0: 0x8000531e (0x00008f21) c.xor   a4, s0
core   0: 0 0x8000531e (0x8f21) x14 0xbda022c2
core   0: 0x80005320 (0x01777833) and     a6, a4, s7
core   0: 0 0x80005320 (0x01777833) x16 0x00000002
core   0: 0x80005324 (0x00257663) bgeu    a0, sp, pc + 12
core   0: 0 0x80005324 (0x00257663)
core   0: 0x80005330 (0x00006179) c.addi16sp sp, 464
core   0: 0 0x80005330 (0x6179) x2  0x0000077f
core   0: 0x80005332 (0x00c11db3) sll     s11, sp, a2
core   0: 0 0x80005332 (0x00c11db3) x27 0x77f00000
core   0: 0x80005336 (0x7db1ac17) auipc   s8, 0x7db1a
core   0: 0 0x80005336 (0x7db1ac17) x24 0xfdb1f336
core   0: 0x8000533a (0x015a5b93) srli    s7, s4, 21
core   0: 0 0x8000533a (0x015a5b93) x23 0x00000225
core   0: 0x8000533e (0x02ad3333) mulhu   t1, s10, a0
core   0: 0 0x8000533e (0x02ad3333) x6  0x000007ce
core   0: 0x80005342 (0x0e30ef93) ori     t6, ra, 227
core   0: 0 0x80005342 (0x0e30ef93) x31 0x000007ef
core   0: 0x80005346 (0x00008ba2) c.mv    s7, s0
core   0: 0 0x80005346 (0x8ba2) x23 0xbda022c2
core   0: 0x80005348 (0x533a4193) xori    gp, s4, 1331
core   0: 0 0x80005348 (0x533a4193) x3  0x44a89ffa
core   0: 0x8000534c (0x0367ecb3) rem     s9, a5, s6
core   0: 0 0x8000534c (0x0367ecb3) x25 0x00000000
core   0: 0x80005350 (0x00845e93) srli    t4, s0, 8
core   0: 0 0x80005350 (0x00845e93) x29 0x00bda022
core   0: 0x80005354 (0x03119b63) bne     gp, a7, pc + 54
core   0: 0 0x80005354 (0x03119b63)
core   0: 0x8000538a (0x00ad5b63) bge     s10, a0, pc + 22
core   0: 0 0x8000538a (0x00ad5b63)
core   0: 0x8000538e (0x03440963) beq     s0, s4, pc + 50
core   0: 0 0x8000538e (0x03440963)
core   0: 0x80005392 (0x00006641) c.lui   a2, 0x10
core   0: 0 0x80005392 (0x6641) x12 0x00010000
core   0: 0x80005394 (0x022b0633) mul     a2, s6, sp
core   0: 0 0x80005394 (0x022b0633) x12 0x00000000
core   0: 0x80005398 (0x00de09b3) add     s3, t3, a3
core   0: 0 0x80005398 (0x00de09b3) x19 0x88024442
core   0: 0x8000539c (0x013203b3) add     t2, tp, s3
core   0: 0 0x8000539c (0x013203b3) x7  0x88024442
core   0: 0x800053a0 (0x0000717d) c.addi16sp sp, -16
core   0: 0 0x800053a0 (0x717d) x2  0x0000076f
core   0: 0x800053a2 (0x00e900b3) add     ra, s2, a4
core   0: 0 0x800053a2 (0x00e900b3) x1  0x3da27fa5
core   0: 0x800053a6 (0x00008f19) c.sub   a4, a4
core   0: 0 0x800053a6 (0x8f19) x14 0x00000000
core   0: 0x800053a8 (0x03146963) bltu    s0, a7, pc + 50
core   0: 0 0x800053a8 (0x03146963)
core   0: 0x800053da (0x00009b7d) c.andi  a4, -1
core   0: 0 0x800053da (0x9b7d) x14 0x00000000
core   0: 0x800053dc (0x44738413) addi    s0, t2, 1095
core   0: 0 0x800053dc (0x44738413) x8  0x88024889
core   0: 0x800053e0 (0x00008e89) c.sub   a3, a0
core   0: 0 0x800053e0 (0x8e89) x13 0x08001dff
core   0: 0x800053e2 (0x00554bb3) xor     s7, a0, t0
core   0: 0 0x800053e2 (0x00554bb3) x23 0xfff50632
core   0: 0x800053e6 (0x00008eb9) c.xor   a3, a4
core   0: 0 0x800053e6 (0x8eb9) x13 0x08001dff
core   0: 0x800053e8 (0x00006171) c.addi16sp sp, 336
core   0: 0 0x800053e8 (0x6171) x2  0x000008bf
core   0: 0x800053ea (0x03986963) bltu    a6, s9, pc + 50
core   0: 0 0x800053ea (0x03986963)
core   0: 0x800053ee (0x00000001) c.nop
core   0: 0 0x800053ee (0x0001)
core   0: 0x800053f0 (0x00008f99) c.sub   a5, a4
core   0: 0 0x800053f0 (0x8f99) x15 0x00000000
core   0: 0x800053f2 (0x000098fe) c.add   a7, t6
core   0: 0 0x800053f2 (0x98fe) x17 0x000007ee
core   0: 0x800053f4 (0xb349f313) andi    t1, s3, -1228
core   0: 0 0x800053f4 (0xb349f313) x6  0x88024000
core   0: 0x800053f8 (0xd3c36813) ori     a6, t1, -708
core   0: 0 0x800053f8 (0xd3c36813) x16 0xfffffd3c
core   0: 0x800053fc (0xb9282713) slti    a4, a6, -1134
core   0: 0 0x800053fc (0xb9282713) x14 0x00000000
core   0: 0x80005400 (0x00005b7d) c.li    s6, -1
core   0: 0 0x80005400 (0x5b7d) x22 0xffffffff
core   0: 0x80005402 (0x00008039) c.srli  s0, 14
core   0: 0 0x80005402 (0x8039) x8  0x00022009
core   0: 0x80005404 (0x00001b9c) c.addi4spn a5, sp, 496
core   0: 0 0x80005404 (0x1b9c) x15 0x00000aaf
core   0: 0x80005406 (0x402308b3) sub     a7, t1, sp
core   0: 0 0x80005406 (0x402308b3) x17 0x88023741
core   0: 0x8000540a (0x05cee163) bltu    t4, t3, pc + 66
core   0: 0 0x8000540a (0x05cee163)
core   0: 0x8000544c (0x019b5d33) srl     s10, s6, s9
core   0: 0 0x8000544c (0x019b5d33) x26 0xffffffff
core   0: 0x80005450 (0xd27c8b13) addi    s6, s9, -729
core   0: 0 0x80005450 (0xd27c8b13) x22 0xfffffd27
core   0: 0x80005454 (0x0000e709) c.bnez  a4, pc + 10
core   0: 0 0x80005454 (0xe709)
core   0: 0x80005456 (0x00008e4d) c.or    a2, a1
core   0: 0 0x80005456 (0x8e4d) x12 0x894eacb4
core   0: 0x80005458 (0x03828063) beq     t0, s8, pc + 32
core   0: 0 0x80005458 (0x03828063)
core   0: 0x8000545c (0x00006bcd) c.lui   s7, 0x13
core   0: 0 0x8000545c (0x6bcd) x23 0x00013000
core   0: 0x8000545e (0x000042b9) c.li    t0, 14
core   0: 0 0x8000545e (0x42b9) x5  0x0000000e
core   0: 0x80005460 (0x0216fb33) remu    s6, a3, ra
core   0: 0 0x80005460 (0x0216fb33) x22 0x08001dff
core   0: 0x80005464 (0x0000c30d) c.beqz  a4, pc + 34
core   0: 0 0x80005464 (0xc30d)
core   0: 0x80005486 (0x02efb2b3) mulhu   t0, t6, a4
core   0: 0 0x80005486 (0x02efb2b3) x5  0x00000000
core   0: 0x8000548a (0x02a67263) bgeu    a2, a0, pc + 36
core   0: 0 0x8000548a (0x02a67263)
core   0: 0x800054ae (0x026afa63) bgeu    s5, t1, pc + 52
core   0: 0 0x800054ae (0x026afa63)
core   0: 0x800054e2 (0x01816f63) bltu    sp, s8, pc + 30
core   0: 0 0x800054e2 (0x01816f63)
core   0: 0x80005500 (0x00008e1d) c.sub   a2, a5
core   0: 0 0x80005500 (0x8e1d) x12 0x894ea205
core   0: 0x80005502 (0x7f4db013) sltiu   zero, s11, 2036
core   0: 0 0x80005502 (0x7f4db013)
core   0: 0x80005506 (0x00000296) c.slli  t0, 5
core   0: 0 0x80005506 (0x0296) x5  0x00000000
core   0: 0x80005508 (0xa6576413) ori     s0, a4, -1435
core   0: 0 0x80005508 (0xa6576413) x8  0xfffffa65
core   0: 0x8000550c (0x00008f31) c.xor   a4, a2
core   0: 0 0x8000550c (0x8f31) x14 0x894ea205
core   0: 0x8000550e (0x00008f09) c.sub   a4, a0
core   0: 0 0x8000550e (0x8f09) x14 0x894e9a36
core   0: 0x80005510 (0x40900833) sub     a6, zero, s1
core   0: 0 0x80005510 (0x40900833) x16 0x7ffde19c
core   0: 0x80005514 (0x0263c933) div     s2, t2, t1
core   0: 0 0x80005514 (0x0263c933) x18 0x00000000
core   0: 0x80005518 (0x02fe1963) bne     t3, a5, pc + 50
core   0: 0 0x80005518 (0x02fe1963)
core   0: 0x8000554a (0x02008863) beqz    ra, pc + 48
core   0: 0 0x8000554a (0x02008863)
core   0: 0x8000554e (0x0094d663) bge     s1, s1, pc + 12
core   0: 0 0x8000554e (0x0094d663)
core   0: 0x8000555a (0x017fd713) srli    a4, t6, 23
core   0: 0 0x8000555a (0x017fd713) x14 0x00000000
core   0: 0x8000555e (0x03aef733) remu    a4, t4, s10
core   0: 0 0x8000555e (0x03aef733) x14 0x00bda022
core   0: 0x80005562 (0x40395513) srai    a0, s2, 3
core   0: 0 0x80005562 (0x40395513) x10 0x00000000
core   0: 0x80005566 (0x0000567d) c.li    a2, -1
core   0: 0 0x80005566 (0x567d) x12 0xffffffff
core   0: 0x80005568 (0x0000691d) c.lui   s2, 0x7
core   0: 0 0x80005568 (0x691d) x18 0x00007000
core   0: 0x8000556a (0x00ef4e63) blt     t5, a4, pc + 28
core   0: 0 0x8000556a (0x00ef4e63)
core   0: 0x80005586 (0x0000c399) c.beqz  a5, pc + 6
core   0: 0 0x80005586 (0xc399)
core   0: 0x80005588 (0xd566b313) sltiu   t1, a3, -682
core   0: 0 0x80005588 (0xd566b313) x6  0x00000001
core   0: 0x8000558c (0x02cc6363) bltu    s8, a2, pc + 38
core   0: 0 0x8000558c (0x02cc6363)
core   0: 0x800055b2 (0x01dcc533) xor     a0, s9, t4
core   0: 0 0x800055b2 (0x01dcc533) x10 0x00bda022
core   0: 0x800055b6 (0x03de0a63) beq     t3, t4, pc + 52
core   0: 0 0x800055b6 (0x03de0a63)
core   0: 0x800055ba (0x00000001) c.nop
core   0: 0 0x800055ba (0x0001)
core   0: 0x800055bc (0xe771b093) sltiu   ra, gp, -393
core   0: 0 0x800055bc (0xe771b093) x1  0x00000001
core   0: 0x800055c0 (0x00000b90) c.addi4spn a2, sp, 464
core   0: 0 0x800055c0 (0x0b90) x12 0x00000a8f
core   0: 0x800055c2 (0x0000100f) fence.i
core   0: 0 0x800055c2 (0x0000100f)
core   0: 0x800055c6 (0x00000e9c) c.addi4spn a5, sp, 848
core   0: 0 0x800055c6 (0x0e9c) x15 0x00000c0f
core   0: 0x800055c8 (0x029bd6b3) divu    a3, s7, s1
core   0: 0 0x800055c8 (0x029bd6b3) x13 0x00000000
core   0: 0x800055cc (0x00595d13) srli    s10, s2, 5
core   0: 0 0x800055cc (0x00595d13) x26 0x00000380
core   0: 0x800055d0 (0x01cfd633) srl     a2, t6, t3
core   0: 0 0x800055d0 (0x01cfd633) x12 0x00000000
core   0: 0x800055d4 (0x01803db3) snez    s11, s8
core   0: 0 0x800055d4 (0x01803db3) x27 0x00000001
core   0: 0x800055d8 (0x036f36b7) lui     a3, 0x36f3
core   0: 0 0x800055d8 (0x036f36b7) x13 0x036f3000
core   0: 0x800055dc (0x0000987d) c.andi  s0, -1
core   0: 0 0x800055dc (0x987d) x8  0xfffffa65
core   0: 0x800055de (0x005a8263) beq     s5, t0, pc + 4
core   0: 0 0x800055de (0x005a8263)
core   0: 0x800055e2 (0x01c8ddb3) srl     s11, a7, t3
core   0: 0 0x800055e2 (0x01c8ddb3) x27 0x00000880
core   0: 0x800055e6 (0x01739b13) slli    s6, t2, 23
core   0: 0 0x800055e6 (0x01739b13) x22 0x21000000
core   0: 0x800055ea (0x00008049) c.srli  s0, 18
core   0: 0 0x800055ea (0x8049) x8  0x00003fff
core   0: 0x800055ec (0x0000031c) c.addi4spn a5, sp, 384
core   0: 0 0x800055ec (0x031c) x15 0x00000a3f
core   0: 0x800055ee (0x00008f3d) c.xor   a4, a5
core   0: 0 0x800055ee (0x8f3d) x14 0x00bdaa1d
core   0: 0x800055f0 (0x0000ce19) c.beqz  a2, pc + 30
core   0: 0 0x800055f0 (0xce19)
core   0: 0x8000560e (0x01f490b3) sll     ra, s1, t6
core   0: 0 0x8000560e (0x01f490b3) x1  0x0f320000
core   0: 0x80005612 (0x01c730b3) sltu    ra, a4, t3
core   0: 0 0x80005612 (0x01c730b3) x1  0x00000001
core   0: 0x80005616 (0x000013fd) c.addi  t2, -1
core   0: 0 0x80005616 (0x13fd) x7  0x88024441
core   0: 0x80005618 (0x11bec993) xori    s3, t4, 283
core   0: 0 0x80005618 (0x11bec993) x19 0x00bda139
core   0: 0x8000561c (0x01e02733) slt     a4, zero, t5
core   0: 0 0x8000561c (0x01e02733) x14 0x00000000
core   0: 0x80005620 (0x0203d563) bgez    t2, pc + 42
core   0: 0 0x80005620 (0x0203d563)
core   0: 0x80005624 (0xf3d4b793) sltiu   a5, s1, -195
core   0: 0 0x80005624 (0xf3d4b793) x15 0x00000001
core   0: 0x80005628 (0x00006165) c.addi16sp sp, 112
core   0: 0 0x80005628 (0x6165) x2  0x0000092f
core   0: 0x8000562a (0x0000100f) fence.i
core   0: 0 0x8000562a (0x0000100f)
core   0: 0x8000562e (0x000087ed) c.srai  a5, 27
core   0: 0 0x8000562e (0x87ed) x15 0x00000000
core   0: 0x80005630 (0x012bc233) xor     tp, s7, s2
core   0: 0 0x80005630 (0x012bc233) x4  0x00014000
core   0: 0x80005634 (0x038b3d33) mulhu   s10, s6, s8
core   0: 0 0x80005634 (0x038b3d33) x26 0x20b3f059
core   0: 0x80005638 (0x000010fd) c.addi  ra, -1
core   0: 0 0x80005638 (0x10fd) x1  0x00000000
core   0: 0x8000563a (0x980b8793) addi    a5, s7, -1664
core   0: 0 0x8000563a (0x980b8793) x15 0x00012980
core   0: 0x8000563e (0x01c91d13) slli    s10, s2, 28
core   0: 0 0x8000563e (0x01c91d13) x26 0x00000000
core   0: 0x80005642 (0x00224533) xor     a0, tp, sp
core   0: 0 0x80005642 (0x00224533) x10 0x0001492f
core   0: 0x80005646 (0x001fc563) blt     t6, ra, pc + 10
core   0: 0 0x80005646 (0x001fc563)
core   0: 0x8000564a (0xa889ae93) slti    t4, s3, -1400
core   0: 0 0x8000564a (0xa889ae93) x29 0x00000000
core   0: 0x8000564e (0x00008d29) c.xor   a0, a0
core   0: 0 0x8000564e (0x8d29) x10 0x00000000
core   0: 0x80005650 (0x058e6363) bltu    t3, s8, pc + 70
core   0: 0 0x80005650 (0x058e6363)
core   0: 0x80005696 (0x01566db3) or      s11, a2, s5
core   0: 0 0x80005696 (0x01566db3) x27 0xffffffff
core   0: 0x8000569a (0x1ea20893) addi    a7, tp, 490
core   0: 0 0x8000569a (0x1ea20893) x17 0x000141ea
core   0: 0x8000569e (0x0d992d93) slti    s11, s2, 217
core   0: 0 0x8000569e (0x0d992d93) x27 0x00000000
core   0: 0x800056a2 (0x000001be) c.slli  gp, 15
core   0: 0 0x800056a2 (0x01be) x3  0x4ffd0000
core   0: 0x800056a4 (0x000f23b3) slt     t2, t5, zero
core   0: 0 0x800056a4 (0x000f23b3) x7  0x00000001
core   0: 0x800056a8 (0x03fdc533) div     a0, s11, t6
core   0: 0 0x800056a8 (0x03fdc533) x10 0x00000000
core   0: 0x800056ac (0x000016fd) c.addi  a3, -1
core   0: 0 0x800056ac (0x16fd) x13 0x036f2fff
core   0: 0x800056ae (0x008bd113) srli    sp, s7, 8
core   0: 0 0x800056ae (0x008bd113) x2  0x00000130
core   0: 0x800056b2 (0x00ac1a13) slli    s4, s8, 10
core   0: 0 0x800056b2 (0x00ac1a13) x20 0xc7ccd800
core   0: 0x800056b6 (0x01df1b63) bne     t5, t4, pc + 22
core   0: 0 0x800056b6 (0x01df1b63)
core   0: 0x800056cc (0x00004a5d) c.li    s4, 23
core   0: 0 0x800056cc (0x4a5d) x20 0x00000017
core   0: 0x800056ce (0xc40008b7) lui     a7, 0xc4000
core   0: 0 0x800056ce (0xc40008b7) x17 0xc4000000
core   0: 0x800056d2 (0x676cae13) slti    t3, s9, 1654
core   0: 0 0x800056d2 (0x676cae13) x28 0x00000001
core   0: 0x800056d6 (0x01e49033) sll     zero, s1, t5
core   0: 0 0x800056d6 (0x01e49033)
core   0: 0x800056da (0x00009416) c.add   s0, t0
core   0: 0 0x800056da (0x9416) x8  0x00003fff
core   0: 0x800056dc (0x00bd4b63) blt     s10, a1, pc + 22
core   0: 0 0x800056dc (0x00bd4b63)
core   0: 0x800056e0 (0x16d57e13) andi    t3, a0, 365
core   0: 0 0x800056e0 (0x16d57e13) x28 0x00000000
core   0: 0x800056e4 (0x00008e5d) c.or    a2, a5
core   0: 0 0x800056e4 (0x8e5d) x12 0x00012980
core   0: 0x800056e6 (0x01399a13) slli    s4, s3, 19
core   0: 0 0x800056e6 (0x01399a13) x20 0x09c80000
core   0: 0x800056ea (0x0188e763) bltu    a7, s8, pc + 14
core   0: 0 0x800056ea (0x0188e763)
core   0: 0x800056f8 (0x02562333) mulhsu  t1, a2, t0
core   0: 0 0x800056f8 (0x02562333) x6  0x00000000
core   0: 0x800056fc (0x00008785) c.srai  a5, 1
core   0: 0 0x800056fc (0x8785) x15 0x000094c0
core   0: 0x800056fe (0x03381363) bne     a6, s3, pc + 38
core   0: 0 0x800056fe (0x03381363)
core   0: 0x80005724 (0x0168d513) srli    a0, a7, 22
core   0: 0 0x80005724 (0x0168d513) x10 0x00000310
core   0: 0x80005728 (0x0000cf11) c.beqz  a4, pc + 28
core   0: 0 0x80005728 (0xcf11)
core   0: 0x80005744 (0x000083c5) c.srli  a5, 17
core   0: 0 0x80005744 (0x83c5) x15 0x00000000
core   0: 0x80005746 (0x0354a033) mulhsu  zero, s1, s5
core   0: 0 0x80005746 (0x0354a033)
core   0: 0x8000574a (0x03264b33) div     s6, a2, s2
core   0: 0 0x8000574a (0x03264b33) x22 0x00000002
core   0: 0x8000574e (0x411b83b3) sub     t2, s7, a7
core   0: 0 0x8000574e (0x411b83b3) x7  0x3c013000
core   0: 0x80005752 (0x000056fd) c.li    a3, -1
core   0: 0 0x80005752 (0x56fd) x13 0xffffffff
core   0: 0x80005754 (0x02c3c8b3) div     a7, t2, a2
core   0: 0 0x80005754 (0x02c3c8b3) x17 0x000033a2
core   0: 0x80005758 (0x4064d8b3) sra     a7, s1, t1
core   0: 0 0x80005758 (0x4064d8b3) x17 0x80021e64
core   0: 0x8000575c (0x7a158e93) addi    t4, a1, 1953
core   0: 0 0x8000575c (0x7a158e93) x29 0x894eb455
core   0: 0x80005760 (0x020d41b3) div     gp, s10, zero
core   0: 0 0x80005760 (0x020d41b3) x3  0xffffffff
core   0: 0x80005764 (0x40dcde93) srai    t4, s9, 13
core   0: 0 0x80005764 (0x40dcde93) x29 0x00000000
core   0: 0x80005768 (0x0082fdb3) and     s11, t0, s0
core   0: 0 0x80005768 (0x0082fdb3) x27 0x00000000
core   0: 0x8000576c (0x01695913) srli    s2, s2, 22
core   0: 0 0x8000576c (0x01695913) x18 0x00000000
core   0: 0x80005770 (0x00008d3d) c.xor   a0, a5
core   0: 0 0x80005770 (0x8d3d) x10 0x00000310
core   0: 0x80005772 (0x02197a63) bgeu    s2, ra, pc + 52
core   0: 0 0x80005772 (0x02197a63)
core   0: 0x800057a6 (0x402fdab3) sra     s5, t6, sp
core   0: 0 0x800057a6 (0x402fdab3) x21 0x00000000
core   0: 0x800057aa (0x00009c86) c.add   s9, ra
core   0: 0 0x800057aa (0x9c86) x25 0x00000000
core   0: 0x800057ac (0x00001c88) c.addi4spn a0, sp, 624
core   0: 0 0x800057ac (0x1c88) x10 0x000003a0
core   0: 0x800057ae (0x0000100f) fence.i
core   0: 0 0x800057ae (0x0000100f)
core   0: 0x800057b2 (0x025126b3) mulhsu  a3, sp, t0
core   0: 0 0x800057b2 (0x025126b3) x13 0x00000000
core   0: 0x800057b6 (0x00b59b93) slli    s7, a1, 11
core   0: 0 0x800057b6 (0x00b59b93) x23 0x7565a000
core   0: 0x800057ba (0x0196c633) xor     a2, a3, s9
core   0: 0 0x800057ba (0x0196c633) x12 0x00000000
core   0: 0x800057be (0x0000e295) c.bnez  a3, pc + 36
core   0: 0 0x800057be (0xe295)
core   0: 0x800057c0 (0x038f8633) mul     a2, t6, s8
core   0: 0 0x800057c0 (0x038f8633) x12 0xb6c8896a
core   0: 0x800057c4 (0x0000100f) fence.i
core   0: 0 0x800057c4 (0x0000100f)
core   0: 0x800057c8 (0x00c8f033) and     zero, a7, a2
core   0: 0 0x800057c8 (0x00c8f033)
core   0: 0x800057cc (0x00ce7733) and     a4, t3, a2
core   0: 0 0x800057cc (0x00ce7733) x14 0x00000000
core   0: 0x800057d0 (0x0000100f) fence.i
core   0: 0 0x800057d0 (0x0000100f)
core   0: 0x800057d4 (0x00000001) c.nop
core   0: 0 0x800057d4 (0x0001)
core   0: 0x800057d6 (0xb68ee393) ori     t2, t4, -1176
core   0: 0 0x800057d6 (0xb68ee393) x7  0xfffffb68
core   0: 0x800057da (0x002b6fb3) or      t6, s6, sp
core   0: 0 0x800057da (0x002b6fb3) x31 0x00000132
core   0: 0x800057de (0x0326eb63) bltu    a3, s2, pc + 54
core   0: 0 0x800057de (0x0326eb63)
core   0: 0x800057e2 (0x02166933) rem     s2, a2, ra
core   0: 0 0x800057e2 (0x02166933) x18 0xb6c8896a
core   0: 0x800057e6 (0x4078df93) srai    t6, a7, 7
core   0: 0 0x800057e6 (0x4078df93) x31 0xff00043c
core   0: 0x800057ea (0xa81fbf93) sltiu   t6, t6, -1407
core   0: 0 0x800057ea (0xa81fbf93) x31 0x00000001
core   0: 0x800057ee (0x000067a9) c.lui   a5, 0xa
core   0: 0 0x800057ee (0x67a9) x15 0x0000a000
core   0: 0x800057f0 (0x00038db3) add     s11, t2, zero
core   0: 0 0x800057f0 (0x00038db3) x27 0xfffffb68
core   0: 0x800057f4 (0x00009a7d) c.andi  a2, -1
core   0: 0 0x800057f4 (0x9a7d) x12 0xb6c8896a
core   0: 0x800057f6 (0x0334b7b3) mulhu   a5, s1, s3
core   0: 0 0x800057f6 (0x0334b7b3) x15 0x005ed22e
core   0: 0x800057fa (0x02cd4733) div     a4, s10, a2
core   0: 0 0x800057fa (0x02cd4733) x14 0x00000000
core   0: 0x800057fe (0x401207b3) sub     a5, tp, ra
core   0: 0 0x800057fe (0x401207b3) x15 0x00014000
core   0: 0x80005802 (0x0130eab3) or      s5, ra, s3
core   0: 0 0x80005802 (0x0130eab3) x21 0x00bda139
core   0: 0x80005806 (0x02158bb3) mul     s7, a1, ra
core   0: 0 0x80005806 (0x02158bb3) x23 0x00000000
core   0: 0x8000580a (0x02122033) mulhsu  zero, tp, ra
core   0: 0 0x8000580a (0x02122033)
core   0: 0x8000580e (0x00006209) c.lui   tp, 0x2
core   0: 0 0x8000580e (0x6209) x4  0x00002000
core   0: 0x80005810 (0x02869133) mulh    sp, a3, s0
core   0: 0 0x80005810 (0x02869133) x2  0x00000000
core   0: 0x80005814 (0x021f7363) bgeu    t5, ra, pc + 38
core   0: 0 0x80005814 (0x021f7363)
core   0: 0x8000583a (0x00b6d413) srli    s0, a3, 11
core   0: 0 0x8000583a (0x00b6d413) x8  0x00000000
core   0: 0x8000583e (0x009c78b3) and     a7, s8, s1
core   0: 0 0x8000583e (0x009c78b3) x17 0x80001224
core   0: 0x80005842 (0x84aa8c37) lui     s8, 0x84aa8
core   0: 0 0x80005842 (0x84aa8c37) x24 0x84aa8000
core   0: 0x80005846 (0x00008ffd) c.and   a5, a5
core   0: 0 0x80005846 (0x8ffd) x15 0x00014000
core   0: 0x80005848 (0x00008e51) c.or    a2, a2
core   0: 0 0x80005848 (0x8e51) x12 0xb6c8896a
core   0: 0x8000584a (0x01ad1eb3) sll     t4, s10, s10
core   0: 0 0x8000584a (0x01ad1eb3) x29 0x00000000
core   0: 0x8000584e (0x000011fd) c.addi  gp, -1
core   0: 0 0x8000584e (0x11fd) x3  0xfffffffe
core   0: 0x80005850 (0x00000001) c.nop
core   0: 0 0x80005850 (0x0001)
core   0: 0x80005852 (0x00000001) c.nop
core   0: 0 0x80005852 (0x0001)
core   0: 0x80005854 (0x0dbfb213) sltiu   tp, t6, 219
core   0: 0 0x80005854 (0x0dbfb213) x4  0x00000001
core   0: 0x80005858 (0x0f30e713) ori     a4, ra, 243
core   0: 0 0x80005858 (0x0f30e713) x14 0x000000f3
core   0: 0x8000585c (0x02120233) mul     tp, tp, ra
core   0: 0 0x8000585c (0x02120233) x4  0x00000000
core   0: 0x80005860 (0x0000ca01) c.beqz  a2, pc + 16
core   0: 0 0x80005860 (0xca01)
core   0: 0x80005862 (0x0d26b913) sltiu   s2, a3, 210
core   0: 0 0x80005862 (0x0d26b913) x18 0x00000001
core   0: 0x80005866 (0x000087c5) c.srai  a5, 17
core   0: 0 0x80005866 (0x87c5) x15 0x00000000
core   0: 0x80005868 (0xb6bf6413) ori     s0, t5, -1173
core   0: 0 0x80005868 (0xb6bf6413) x8  0xffffffef
core   0: 0x8000586c (0x027fc633) div     a2, t6, t2
core   0: 0 0x8000586c (0x027fc633) x12 0x00000000
core   0: 0x80005870 (0x0000100f) fence.i
core   0: 0 0x80005870 (0x0000100f)
core   0: 0x80005874 (0x00004289) c.li    t0, 2
core   0: 0 0x80005874 (0x4289) x5  0x00000002
core   0: 0x80005876 (0xe4d7c193) xori    gp, a5, -435
core   0: 0 0x80005876 (0xe4d7c193) x3  0xfffffe4d
core   0: 0x8000587a (0x00ec08b3) add     a7, s8, a4
core   0: 0 0x8000587a (0x00ec08b3) x17 0x84aa80f3
core   0: 0x8000587e (0x0329f433) remu    s0, s3, s2
core   0: 0 0x8000587e (0x0329f433) x8  0x00000000
core   0: 0x80005882 (0x00000001) c.nop
core   0: 0 0x80005882 (0x0001)
core   0: 0x80005884 (0x61358613) addi    a2, a1, 1555
core   0: 0 0x80005884 (0x61358613) x12 0x894eb2c7
core   0: 0x80005888 (0x04147363) bgeu    s0, ra, pc + 70
core   0: 0 0x80005888 (0x04147363)
core   0: 0x800058ce (0x02ff9033) mulh    zero, t6, a5
core   0: 0 0x800058ce (0x02ff9033)
core   0: 0x800058d2 (0x00008c29) c.xor   s0, a0
core   0: 0 0x800058d2 (0x8c29) x8  0x000003a0
core   0: 0x800058d4 (0x0231e963) bltu    gp, gp, pc + 50
core   0: 0 0x800058d4 (0x0231e963)
core   0: 0x800058d8 (0x0000e409) c.bnez  s0, pc + 10
core   0: 0 0x800058d8 (0xe409)
core   0: 0x800058e2 (0x0000ef01) c.bnez  a4, pc + 24
core   0: 0 0x800058e2 (0xef01)
core   0: 0x800058fa (0x039888b3) mul     a7, a7, s9
core   0: 0 0x800058fa (0x039888b3) x17 0x00000000
core   0: 0x800058fe (0x01321c93) slli    s9, tp, 19
core   0: 0 0x800058fe (0x01321c93) x25 0x00000000
core   0: 0x80005902 (0x00006165) c.addi16sp sp, 112
core   0: 0 0x80005902 (0x6165) x2  0x00000070
core   0: 0x80005904 (0x0000854a) c.mv    a0, s2
core   0: 0 0x80005904 (0x854a) x10 0x00000001
core   0: 0x80005906 (0x41298533) sub     a0, s3, s2
core   0: 0 0x80005906 (0x41298533) x10 0x00bda138
core   0: 0x8000590a (0x00001f10) c.addi4spn a2, sp, 944
core   0: 0 0x8000590a (0x1f10) x12 0x00000420
core   0: 0x8000590c (0x00008fad) c.xor   a5, a1
core   0: 0 0x8000590c (0x8fad) x15 0x894eacb4
core   0: 0x8000590e (0x032ed7b3) divu    a5, t4, s2
core   0: 0 0x8000590e (0x032ed7b3) x15 0x00000000
core   0: 0x80005912 (0x00009afd) c.andi  a3, -1
core   0: 0 0x80005912 (0x9afd) x13 0x00000000
core   0: 0x80005914 (0x02b5f133) remu    sp, a1, a1
core   0: 0 0x80005914 (0x02b5f133) x2  0x00000000
core   0: 0x80005918 (0x00001118) c.addi4spn a4, sp, 160
core   0: 0 0x80005918 (0x1118) x14 0x000000a0
core   0: 0x8000591a (0x00008e61) c.and   a2, s0
core   0: 0 0x8000591a (0x8e61) x12 0x00000020
core   0: 0x8000591c (0xf0406c13) ori     s8, zero, -252
core   0: 0 0x8000591c (0xf0406c13) x24 0xffffff04
core   0: 0x80005920 (0x000010fd) c.addi  ra, -1
core   0: 0 0x80005920 (0x10fd) x1  0xffffffff
core   0: 0x80005922 (0x402a0433) sub     s0, s4, sp
core   0: 0 0x80005922 (0x402a0433) x8  0x09c80000
core   0: 0x80005926 (0x0000ef85) c.bnez  a5, pc + 56
core   0: 0 0x80005926 (0xef85)
core   0: 0x80005928 (0x00006209) c.lui   tp, 0x2
core   0: 0 0x80005928 (0x6209) x4  0x00002000
core   0: 0x8000592a (0x0000c00d) c.beqz  s0, pc + 34
core   0: 0 0x8000592a (0xc00d)
core   0: 0x8000592c (0x0073ca33) xor     s4, t2, t2
core   0: 0 0x8000592c (0x0073ca33) x20 0x00000000
core   0: 0x80005930 (0x00008c41) c.or    s0, s0
core   0: 0 0x80005930 (0x8c41) x8  0x09c80000
core   0: 0x80005932 (0x0045c233) xor     tp, a1, tp
core   0: 0 0x80005932 (0x0045c233) x4  0x894e8cb4
core   0: 0x80005936 (0x018dcd33) xor     s10, s11, s8
core   0: 0 0x80005936 (0x018dcd33) x26 0x0000046c
core   0: 0x8000593a (0x02304db3) div     s11, zero, gp
core   0: 0 0x8000593a (0x02304db3) x27 0x00000000
core   0: 0x8000593e (0x01555ab3) srl     s5, a0, s5
core   0: 0 0x8000593e (0x01555ab3) x21 0x00000000
core   0: 0x80005942 (0x0000e509) c.bnez  a0, pc + 10
core   0: 0 0x80005942 (0xe509)
core   0: 0x8000594c (0x8eb94713) xori    a4, s2, -1813
core   0: 0 0x8000594c (0x8eb94713) x14 0xfffff8ea
core   0: 0x80005950 (0x34177313) andi    t1, a4, 833
core   0: 0 0x80005950 (0x34177313) x6  0x00000040
core   0: 0x80005954 (0x00ab5a33) srl     s4, s6, a0
core   0: 0 0x80005954 (0x00ab5a33) x20 0x00000000
core   0: 0x80005958 (0xcc8d2b37) lui     s6, 0xcc8d2
core   0: 0 0x80005958 (0xcc8d2b37) x22 0xcc8d2000
core   0: 0x8000595c (0x0000e781) c.bnez  a5, pc + 8
core   0: 0 0x8000595c (0xe781)
core   0: 0x8000595e (0xb9678137) lui     sp, 0xb9678
core   0: 0 0x8000595e (0xb9678137) x2  0xb9678000
core   0: 0x80005962 (0x000087f5) c.srai  a5, 29
core   0: 0 0x80005962 (0x87f5) x15 0x00000000
core   0: 0x80005964 (0x01bef7b3) and     a5, t4, s11
core   0: 0 0x80005964 (0x01bef7b3) x15 0x00000000
core   0: 0x80005968 (0x593f2117) auipc   sp, 0x593f2
core   0: 0 0x80005968 (0x593f2117) x2  0xd93f7968
core   0: 0x8000596c (0x00000001) c.nop
core   0: 0 0x8000596c (0x0001)
core   0: 0x8000596e (0x01829a63) bne     t0, s8, pc + 20
core   0: 0 0x8000596e (0x01829a63)
core   0: 0x80005982 (0xb7ad8513) addi    a0, s11, -1158
core   0: 0 0x80005982 (0xb7ad8513) x10 0xfffffb7a
core   0: 0x80005986 (0x00008e71) c.and   a2, a2
core   0: 0 0x80005986 (0x8e71) x12 0x00000020
core   0: 0x80005988 (0x0000717d) c.addi16sp sp, -16
core   0: 0 0x80005988 (0x717d) x2  0xd93f7958
core   0: 0x8000598a (0x00008d19) c.sub   a0, a4
core   0: 0 0x8000598a (0x8d19) x10 0x00000290
core   0: 0x8000598c (0x411b0db3) sub     s11, s6, a7
core   0: 0 0x8000598c (0x411b0db3) x27 0xcc8d2000
core   0: 0x80005990 (0x0000c385) c.beqz  a5, pc + 32
core   0: 0 0x80005990 (0xc385)
core   0: 0x800059b0 (0x02151433) mulh    s0, a0, ra
core   0: 0 0x800059b0 (0x02151433) x8  0xffffffff
core   0: 0x800059b4 (0x025acc63) blt     s5, t0, pc + 56
core   0: 0 0x800059b4 (0x025acc63)
core   0: 0x800059ec (0x47b3a193) slti    gp, t2, 1147
core   0: 0 0x800059ec (0x47b3a193) x3  0x00000001
core   0: 0x800059f0 (0x6b60a837) lui     a6, 0x6b60a
core   0: 0 0x800059f0 (0x6b60a837) x16 0x6b60a000
core   0: 0x800059f4 (0x03f133b3) mulhu   t2, sp, t6
core   0: 0 0x800059f4 (0x03f133b3) x7  0x00000000
core   0: 0x800059f8 (0x00ef4533) xor     a0, t5, a4
core   0: 0 0x800059f8 (0x00ef4533) x10 0x7ffda40e
core   0: 0x800059fc (0x037d3733) mulhu   a4, s10, s7
core   0: 0 0x800059fc (0x037d3733) x14 0x00000000
core   0: 0x80005a00 (0x00000311) c.addi  t1, 4
core   0: 0 0x80005a00 (0x0311) x6  0x00000044
core   0: 0x80005a02 (0x01e45663) bge     s0, t5, pc + 12
core   0: 0 0x80005a02 (0x01e45663)
core   0: 0x80005a0e (0xc7d43c93) sltiu   s9, s0, -899
core   0: 0 0x80005a0e (0xc7d43c93) x25 0x00000000
core   0: 0x80005a12 (0x00000001) c.nop
core   0: 0 0x80005a12 (0x0001)
core   0: 0x80005a14 (0x0000614d) c.addi16sp sp, 176
core   0: 0 0x80005a14 (0x614d) x2  0xd93f7a08
core   0: 0x80005a16 (0x00000001) c.nop
core   0: 0 0x80005a16 (0x0001)
core   0: 0x80005a18 (0x00000001) c.nop
core   0: 0 0x80005a18 (0x0001)
core   0: 0x80005a1a (0x01a65433) srl     s0, a2, s10
core   0: 0 0x80005a1a (0x01a65433) x8  0x00000000
core   0: 0x80005a1e (0x00006175) c.addi16sp sp, 368
core   0: 0 0x80005a1e (0x6175) x2  0xd93f7b78
core   0: 0x80005a20 (0x00009b7d) c.andi  a4, -1
core   0: 0 0x80005a20 (0x9b7d) x14 0x00000000
core   0: 0x80005a22 (0x750d0613) addi    a2, s10, 1872
core   0: 0 0x80005a22 (0x750d0613) x12 0x00000bbc
core   0: 0x80005a26 (0x00335e33) srl     t3, t1, gp
core   0: 0 0x80005a26 (0x00335e33) x28 0x00000022
core   0: 0x80005a2a (0x0000117d) c.addi  sp, -1
core   0: 0 0x80005a2a (0x117d) x2  0xd93f7b77
core   0: 0x80005a2c (0x00000001) c.nop
core   0: 0 0x80005a2c (0x0001)
core   0: 0x80005a2e (0x01372333) slt     t1, a4, s3
core   0: 0 0x80005a2e (0x01372333) x6  0x00000001
core   0: 0x80005a32 (0x012b5c33) srl     s8, s6, s2
core   0: 0 0x80005a32 (0x012b5c33) x24 0x66469000
core   0: 0x80005a36 (0x03e8e863) bltu    a7, t5, pc + 48
core   0: 0 0x80005a36 (0x03e8e863)
core   0: 0x80005a66 (0x41455213) srai    tp, a0, 20
core   0: 0 0x80005a66 (0x41455213) x4  0x000007ff
core   0: 0x80005a6a (0x41840433) sub     s0, s0, s8
core   0: 0 0x80005a6a (0x41840433) x8  0x99b97000
core   0: 0x80005a6e (0x00008e29) c.xor   a2, a0
core   0: 0 0x80005a6e (0x8e29) x12 0x7ffdafb2
core   0: 0x80005a70 (0x00618863) beq     gp, t1, pc + 16
core   0: 0 0x80005a70 (0x00618863)
core   0: 0x80005a80 (0x0216feb3) remu    t4, a3, ra
core   0: 0 0x80005a80 (0x0216feb3) x29 0x00000000
core   0: 0x80005a84 (0x026b7463) bgeu    s6, t1, pc + 40
core   0: 0 0x80005a84 (0x026b7463)
core   0: 0x80005aac (0x0000567d) c.li    a2, -1
core   0: 0 0x80005aac (0x567d) x12 0xffffffff
core   0: 0x80005aae (0x00000329) c.addi  t1, 10
core   0: 0 0x80005aae (0x0329) x6  0x0000000b
core   0: 0x80005ab0 (0x00008c3d) c.xor   s0, a5
core   0: 0 0x80005ab0 (0x8c3d) x8  0x99b97000
core   0: 0x80005ab2 (0x03f2c063) blt     t0, t6, pc + 32
core   0: 0 0x80005ab2 (0x03f2c063)
core   0: 0x80005ab6 (0x534ae297) auipc   t0, 0x534ae
core   0: 0 0x80005ab6 (0x534ae297) x5  0xd34b3ab6
core   0: 0x80005aba (0x01c2c333) xor     t1, t0, t3
core   0: 0 0x80005aba (0x01c2c333) x6  0xd34b3a94
core   0: 0x80005abe (0x007fc033) xor     zero, t6, t2
core   0: 0 0x80005abe (0x007fc033)
core   0: 0x80005ac2 (0x00ac7833) and     a6, s8, a0
core   0: 0 0x80005ac2 (0x00ac7833) x16 0x66448000
core   0: 0x80005ac6 (0x00000001) c.nop
core   0: 0 0x80005ac6 (0x0001)
core   0: 0x80005ac8 (0x03f91163) bne     s2, t6, pc + 34
core   0: 0 0x80005ac8 (0x03f91163)
core   0: 0x80005acc (0x00000001) c.nop
core   0: 0 0x80005acc (0x0001)
core   0: 0x80005ace (0x00001988) c.addi4spn a0, sp, 240
core   0: 0 0x80005ace (0x1988) x10 0xd93f7c67
core   0: 0x80005ad0 (0x0000587d) c.li    a6, -1
core   0: 0 0x80005ad0 (0x587d) x16 0xffffffff
core   0: 0x80005ad2 (0x03527963) bgeu    tp, s5, pc + 50
core   0: 0 0x80005ad2 (0x03527963)
core   0: 0x80005b04 (0x00009aba) c.add   s5, a4
core   0: 0 0x80005b04 (0x9aba) x21 0x00000000
core   0: 0x80005b06 (0x44109737) lui     a4, 0x44109
core   0: 0 0x80005b06 (0x44109737) x14 0x44109000
core   0: 0x80005b0a (0x0000043d) c.addi  s0, 15
core   0: 0 0x80005b0a (0x043d) x8  0x99b9700f
core   0: 0x80005b0c (0x410d83b3) sub     t2, s11, a6
core   0: 0 0x80005b0c (0x410d83b3) x7  0xcc8d2001
core   0: 0x80005b10 (0x01cfdab3) srl     s5, t6, t3
core   0: 0 0x80005b10 (0x01cfdab3) x21 0x00000000
core   0: 0x80005b14 (0x0000987d) c.andi  s0, -1
core   0: 0 0x80005b14 (0x987d) x8  0x99b9700f
core   0: 0x80005b16 (0x400b5393) srai    t2, s6, 0
core   0: 0 0x80005b16 (0x400b5393) x7  0xcc8d2000
core   0: 0x80005b1a (0x00ba1333) sll     t1, s4, a1
core   0: 0 0x80005b1a (0x00ba1333) x6  0x00000000
core   0: 0x80005b1e (0x01df7533) and     a0, t5, t4
core   0: 0 0x80005b1e (0x01df7533) x10 0x00000000
core   0: 0x80005b22 (0x0131d213) srli    tp, gp, 19
core   0: 0 0x80005b22 (0x0131d213) x4  0x00000000
core   0: 0x80005b26 (0x000006a1) c.addi  a3, 8
core   0: 0 0x80005b26 (0x06a1) x13 0x00000008
core   0: 0x80005b28 (0x01d35233) srl     tp, t1, t4
core   0: 0 0x80005b28 (0x01d35233) x4  0x00000000
core   0: 0x80005b2c (0x0243ad33) mulhsu  s10, t2, tp
core   0: 0 0x80005b2c (0x0243ad33) x26 0x00000000
core   0: 0x80005b30 (0x00008f65) c.and   a4, s1
core   0: 0 0x80005b30 (0x8f65) x14 0x00001000
core   0: 0x80005b32 (0x00008c6d) c.and   s0, a1
core   0: 0 0x80005b32 (0x8c6d) x8  0x89082004
core   0: 0x80005b34 (0x040c9163) bnez    s9, pc + 66
core   0: 0 0x80005b34 (0x040c9163)
core   0: 0x80005b38 (0x02722033) mulhsu  zero, tp, t2
core   0: 0 0x80005b38 (0x02722033)
core   0: 0x80005b3c (0x02474b63) blt     a4, tp, pc + 54
core   0: 0 0x80005b3c (0x02474b63)
core   0: 0x80005b40 (0x00006179) c.addi16sp sp, 464
core   0: 0 0x80005b40 (0x6179) x2  0xd93f7d47
core   0: 0x80005b42 (0x0000876d) c.srai  a4, 27
core   0: 0 0x80005b42 (0x876d) x14 0x00000000
core   0: 0x80005b44 (0x03d20433) mul     s0, tp, t4
core   0: 0 0x80005b44 (0x03d20433) x8  0x00000000
core   0: 0x80005b48 (0x0000c11d) c.beqz  a0, pc + 38
core   0: 0 0x80005b48 (0xc11d)
core   0: 0x80005b6e (0x01b1d563) bge     gp, s11, pc + 10
core   0: 0 0x80005b6e (0x01b1d563)
core   0: 0x80005b78 (0x033c10b3) mulh    ra, s8, s3
core   0: 0 0x80005b78 (0x033c10b3) x1  0x004bc281
core   0: 0x80005b7c (0x0000717d) c.addi16sp sp, -16
core   0: 0 0x80005b7c (0x717d) x2  0xd93f7d37
core   0: 0x80005b7e (0x039bf8b3) remu    a7, s7, s9
core   0: 0 0x80005b7e (0x039bf8b3) x17 0x00000000
core   0: 0x80005b82 (0x00d7c963) blt     a5, a3, pc + 18
core   0: 0 0x80005b82 (0x00d7c963)
core   0: 0x80005b94 (0x00000001) c.nop
core   0: 0 0x80005b94 (0x0001)
core   0: 0x80005b96 (0x01e74463) blt     a4, t5, pc + 8
core   0: 0 0x80005b96 (0x01e74463)
core   0: 0x80005b9a (0x0000100f) fence.i
core   0: 0 0x80005b9a (0x0000100f)
core   0: 0x80005b9e (0x036f48b3) div     a7, t5, s6
core   0: 0 0x80005b9e (0x036f48b3) x17 0x00000002
core   0: 0x80005ba2 (0x0000042a) c.slli  s0, 10
core   0: 0 0x80005ba2 (0x042a) x8  0x00000000
core   0: 0x80005ba4 (0x0341cb63) blt     gp, s4, pc + 54
core   0: 0 0x80005ba4 (0x0341cb63)
core   0: 0x80005ba8 (0x007a4133) xor     sp, s4, t2
core   0: 0 0x80005ba8 (0x007a4133) x2  0xcc8d2000
core   0: 0x80005bac (0x00000001) c.nop
core   0: 0 0x80005bac (0x0001)
core   0: 0x80005bae (0x37f4cfb7) lui     t6, 0x37f4c
core   0: 0 0x80005bae (0x37f4cfb7) x31 0x37f4c000
core   0: 0x80005bb2 (0xd3cfc393) xori    t2, t6, -708
core   0: 0 0x80005bb2 (0xd3cfc393) x7  0xc80b3d3c
core   0: 0x80005bb6 (0x00008f99) c.sub   a5, a4
core   0: 0 0x80005bb6 (0x8f99) x15 0x00000000
core   0: 0x80005bb8 (0x00006151) c.addi16sp sp, 272
core   0: 0 0x80005bb8 (0x6151) x2  0xcc8d2110
core   0: 0x80005bba (0x00000001) c.nop
core   0: 0 0x80005bba (0x0001)
core   0: 0x80005bbc (0x03c19d63) bne     gp, t3, pc + 58
core   0: 0 0x80005bbc (0x03c19d63)
core   0: 0x80005bf6 (0x00008d5d) c.or    a0, a5
core   0: 0 0x80005bf6 (0x8d5d) x10 0x00000000
core   0: 0x80005bf8 (0x0020c0b3) xor     ra, ra, sp
core   0: 0 0x80005bf8 (0x0020c0b3) x1  0xccc6e391
core   0: 0x80005bfc (0x00008515) c.srai  a0, 5
core   0: 0 0x80005bfc (0x8515) x10 0x00000000
core   0: 0x80005bfe (0x00008fe9) c.and   a5, a0
core   0: 0 0x80005bfe (0x8fe9) x15 0x00000000
core   0: 0x80005c00 (0x0000038a) c.slli  t2, 2
core   0: 0 0x80005c00 (0x038a) x7  0x202cf4f0
core   0: 0x80005c02 (0xcb23e413) ori     s0, t2, -846
core   0: 0 0x80005c02 (0xcb23e413) x8  0xfffffcf2
core   0: 0x80005c06 (0x00008bf2) c.mv    s7, t3
core   0: 0 0x80005c06 (0x8bf2) x23 0x00000022
core   0: 0x80005c08 (0x0000612d) c.addi16sp sp, 224
core   0: 0 0x80005c08 (0x612d) x2  0xcc8d21f0
core   0: 0x80005c0a (0x01d85663) bge     a6, t4, pc + 12
core   0: 0 0x80005c0a (0x01d85663)
core   0: 0x80005c0e (0x00008736) c.mv    a4, a3
core   0: 0 0x80005c0e (0x8736) x14 0x00000008
core   0: 0x80005c10 (0x00008c39) c.xor   s0, a4
core   0: 0 0x80005c10 (0x8c39) x8  0xfffffcfa
core   0: 0x80005c12 (0xe7439db7) lui     s11, 0xe7439
core   0: 0 0x80005c12 (0xe7439db7) x27 0xe7439000
core   0: 0x80005c16 (0x00000001) c.nop
core   0: 0 0x80005c16 (0x0001)
core   0: 0x80005c18 (0xf2102e97) auipc   t4, 0xf2102
core   0: 0 0x80005c18 (0xf2102e97) x29 0x72107c18
core   0: 0x80005c1c (0x00008d29) c.xor   a0, a0
core   0: 0 0x80005c1c (0x8d29) x10 0x00000000
core   0: 0x80005c1e (0x00008f25) c.xor   a4, s1
core   0: 0 0x80005c1e (0x8f25) x14 0x80021e6c
core   0: 0x80005c20 (0x00000b3a) c.slli  s6, 14
core   0: 0 0x80005c20 (0x0b3a) x22 0x48000000
core   0: 0x80005c22 (0x031791b3) mulh    gp, a5, a7
core   0: 0 0x80005c22 (0x031791b3) x3  0x00000000
core   0: 0x80005c26 (0x008bb6b3) sltu    a3, s7, s0
core   0: 0 0x80005c26 (0x008bb6b3) x13 0x00000001
core   0: 0x80005c2a (0x00008b81) c.andi  a5, 0
core   0: 0 0x80005c2a (0x8b81) x15 0x00000000
core   0: 0x80005c2c (0x4035dd13) srai    s10, a1, 3
core   0: 0 0x80005c2c (0x4035dd13) x26 0xf129d596
core   0: 0x80005c30 (0x00006a29) c.lui   s4, 0xa
core   0: 0 0x80005c30 (0x6a29) x20 0x0000a000
core   0: 0x80005c32 (0x000c0f63) beqz    s8, pc + 30
core   0: 0 0x80005c32 (0x000c0f63)
core   0: 0x80005c36 (0x01b9c463) blt     s3, s11, pc + 8
core   0: 0 0x80005c36 (0x01b9c463)
core   0: 0x80005c3a (0x41f6d233) sra     tp, a3, t6
core   0: 0 0x80005c3a (0x41f6d233) x4  0x00000001
core   0: 0x80005c3e (0x03f3f933) remu    s2, t2, t6
core   0: 0 0x80005c3e (0x03f3f933) x18 0x202cf4f0
core   0: 0x80005c42 (0x00008d09) c.sub   a0, a0
core   0: 0 0x80005c42 (0x8d09) x10 0x00000000
core   0: 0x80005c44 (0x00008c15) c.sub   s0, a3
core   0: 0 0x80005c44 (0x8c15) x8  0xfffffcf9
core   0: 0x80005c46 (0x00008d2d) c.xor   a0, a1
core   0: 0 0x80005c46 (0x8d2d) x10 0x894eacb4
core   0: 0x80005c48 (0x00655cb3) srl     s9, a0, t1
core   0: 0 0x80005c48 (0x00655cb3) x25 0x894eacb4
core   0: 0x80005c4c (0x32788113) addi    sp, a7, 807
core   0: 0 0x80005c4c (0x32788113) x2  0x00000329
core   0: 0x80005c50 (0x035c2133) mulhsu  sp, s8, s5
core   0: 0 0x80005c50 (0x035c2133) x2  0x00000000
core   0: 0x80005c54 (0x0301f733) remu    a4, gp, a6
core   0: 0 0x80005c54 (0x0301f733) x14 0x00000000
core   0: 0x80005c58 (0x017c0463) beq     s8, s7, pc + 8
core   0: 0 0x80005c58 (0x017c0463)
core   0: 0x80005c5c (0x0000e205) c.bnez  a2, pc + 32
core   0: 0 0x80005c5c (0xe205)
core   0: 0x80005c7c (0x03545b33) divu    s6, s0, s5
core   0: 0 0x80005c7c (0x03545b33) x22 0xffffffff
core   0: 0x80005c80 (0x9f526213) ori     tp, tp, -1547
core   0: 0 0x80005c80 (0x9f526213) x4  0xfffff9f5
core   0: 0x80005c84 (0x41a20833) sub     a6, tp, s10
core   0: 0 0x80005c84 (0x41a20833) x16 0x0ed6245f
core   0: 0x80005c88 (0x3e9d2237) lui     tp, 0x3e9d2
core   0: 0 0x80005c88 (0x3e9d2237) x4  0x3e9d2000
core   0: 0x80005c8c (0x00008f69) c.and   a4, a0
core   0: 0 0x80005c8c (0x8f69) x14 0x00000000
core   0: 0x80005c8e (0x032d3733) mulhu   a4, s10, s2
core   0: 0 0x80005c8e (0x032d3733) x14 0x1e4f94a1
core   0: 0x80005c92 (0x03824d63) blt     tp, s8, pc + 58
core   0: 0 0x80005c92 (0x03824d63)
core   0: 0x80005ccc (0x03e701b3) mul     gp, a4, t5
core   0: 0 0x80005ccc (0x03e701b3) x3  0x418c3b64
core   0: 0x80005cd0 (0x401f5cb3) sra     s9, t5, ra
core   0: 0 0x80005cd0 (0x401f5cb3) x25 0xffffc001
core   0: 0x80005cd4 (0x0075d613) srli    a2, a1, 7
core   0: 0 0x80005cd4 (0x0075d613) x12 0x01129d59
core   0: 0x80005cd8 (0x00008f91) c.sub   a5, a2
core   0: 0 0x80005cd8 (0x8f91) x15 0xfeed62a7
core   0: 0x80005cda (0x0248d363) bge     a7, tp, pc + 38
core   0: 0 0x80005cda (0x0248d363)
core   0: 0x80005cde (0xf847e093) ori     ra, a5, -124
core   0: 0 0x80005cde (0xf847e093) x1  0xffffffa7
core   0: 0x80005ce2 (0xef426a93) ori     s5, tp, -268
core   0: 0 0x80005ce2 (0xef426a93) x21 0xfffffef4
core   0: 0x80005ce6 (0x6e36af93) slti    t6, a3, 1763
core   0: 0 0x80005ce6 (0x6e36af93) x31 0x00000001
core   0: 0x80005cea (0x00008fd1) c.or    a5, a2
core   0: 0 0x80005cea (0x8fd1) x15 0xffffffff
core   0: 0x80005cec (0x75c43693) sltiu   a3, s0, 1884
core   0: 0 0x80005cec (0x75c43693) x13 0x00000000
core   0: 0x80005cf0 (0x024d5263) bge     s10, tp, pc + 36
core   0: 0 0x80005cf0 (0x024d5263)
core   0: 0x80005cf4 (0x0201a2b3) mulhsu  t0, gp, zero
core   0: 0 0x80005cf4 (0x0201a2b3) x5  0x00000000
core   0: 0x80005cf8 (0x41e35093) srai    ra, t1, 30
core   0: 0 0x80005cf8 (0x41e35093) x1  0x00000000
core   0: 0x80005cfc (0xcc187613) andi    a2, a6, -831
core   0: 0 0x80005cfc (0xcc187613) x12 0x0ed62441
core   0: 0x80005d00 (0x000056fd) c.li    a3, -1
core   0: 0 0x80005d00 (0x56fd) x13 0xffffffff
core   0: 0x80005d02 (0x03ab3a33) mulhu   s4, s6, s10
core   0: 0 0x80005d02 (0x03ab3a33) x20 0xf129d595
core   0: 0x80005d06 (0x00e72cb3) slt     s9, a4, a4
core   0: 0 0x80005d06 (0x00e72cb3) x25 0x00000000
core   0: 0x80005d0a (0x013d76b3) and     a3, s10, s3
core   0: 0 0x80005d0a (0x013d76b3) x13 0x00298110
core   0: 0x80005d0e (0x3a067193) andi    gp, a2, 928
core   0: 0 0x80005d0e (0x3a067193) x3  0x00000000
core   0: 0x80005d12 (0x00008211) c.srli  a2, 4
core   0: 0 0x80005d12 (0x8211) x12 0x00ed6244
core   0: 0x80005d14 (0x013fd963) bge     t6, s3, pc + 18
core   0: 0 0x80005d14 (0x013fd963)
core   0: 0x80005d18 (0x00ff7ab3) and     s5, t5, a5
core   0: 0 0x80005d18 (0x00ff7ab3) x21 0x80025ce4
core   0: 0x80005d1c (0x000061c5) c.lui   gp, 0x11
core   0: 0 0x80005d1c (0x61c5) x3  0x00011000
core   0: 0x80005d1e (0x010af533) and     a0, s5, a6
core   0: 0 0x80005d1e (0x010af533) x10 0x00020444
core   0: 0x80005d22 (0x6f3bcd93) xori    s11, s7, 1779
core   0: 0 0x80005d22 (0x6f3bcd93) x27 0x000006d1
core   0: 0x80005d26 (0x000069dd) c.lui   s3, 0x17
core   0: 0 0x80005d26 (0x69dd) x19 0x00017000
core   0: 0x80005d28 (0x0000eb8d) c.bnez  a5, pc + 50
core   0: 0 0x80005d28 (0xeb8d)
core   0: 0x80005d5a (0x0018ba33) sltu    s4, a7, ra
core   0: 0 0x80005d5a (0x0018ba33) x20 0x00000000
core   0: 0x80005d5e (0x00008541) c.srai  a0, 16
core   0: 0 0x80005d5e (0x8541) x10 0x00000002
core   0: 0x80005d60 (0x01b05413) srli    s0, zero, 27
core   0: 0 0x80005d60 (0x01b05413) x8  0x00000000
core   0: 0x80005d64 (0x00000aee) c.slli  s5, 27
core   0: 0 0x80005d64 (0x0aee) x21 0x20000000
core   0: 0x80005d66 (0x00066eb3) or      t4, a2, zero
core   0: 0 0x80005d66 (0x00066eb3) x29 0x00ed6244
core   0: 0x80005d6a (0x029c1563) bne     s8, s1, pc + 42
core   0: 0 0x80005d6a (0x029c1563)
core   0: 0x80005d94 (0x010f6d33) or      s10, t5, a6
core   0: 0 0x80005d94 (0x010f6d33) x26 0x8ed67cff
core   0: 0x80005d98 (0xde858b97) auipc   s7, 0xde858
core   0: 0 0x80005d98 (0xde858b97) x23 0x5e85dd98
core   0: 0x80005d9c (0x00975a13) srli    s4, a4, 9
core   0: 0 0x80005d9c (0x00975a13) x20 0x000f27ca
core   0: 0x80005da0 (0x00000001) c.nop
core   0: 0 0x80005da0 (0x0001)
core   0: 0x80005da2 (0x03795963) bge     s2, s7, pc + 50
core   0: 0 0x80005da2 (0x03795963)
core   0: 0x80005da6 (0x40ba8cb3) sub     s9, s5, a1
core   0: 0 0x80005da6 (0x40ba8cb3) x25 0x96b1534c
core   0: 0x80005daa (0x00008ec5) c.or    a3, s1
core   0: 0 0x80005daa (0x8ec5) x13 0x802b9f74
core   0: 0x80005dac (0x00008f81) c.sub   a5, s0
core   0: 0 0x80005dac (0x8f81) x15 0xffffffff
core   0: 0x80005dae (0x0ff0000f) fence   iorw,iorw
core   0: 0 0x80005dae (0x0ff0000f)
core   0: 0x80005db2 (0x03d11a33) mulh    s4, sp, t4
core   0: 0 0x80005db2 (0x03d11a33) x20 0x00000000
core   0: 0x80005db6 (0xc9644b93) xori    s7, s0, -874
core   0: 0 0x80005db6 (0xc9644b93) x23 0xfffffc96
core   0: 0x80005dba (0x026e3eb3) mulhu   t4, t3, t1
core   0: 0 0x80005dba (0x026e3eb3) x29 0x00000000
core   0: 0x80005dbe (0x01be0d63) beq     t3, s11, pc + 26
core   0: 0 0x80005dbe (0x01be0d63)
core   0: 0x80005dc2 (0x49fa0513) addi    a0, s4, 1183
core   0: 0 0x80005dc2 (0x49fa0513) x10 0x0000049f
core   0: 0x80005dc6 (0x0000877d) c.srai  a4, 31
core   0: 0 0x80005dc6 (0x877d) x14 0x00000000
core   0: 0x80005dc8 (0x000058fd) c.li    a7, -1
core   0: 0 0x80005dc8 (0x58fd) x17 0xffffffff
core   0: 0x80005dca (0x00088d33) add     s10, a7, zero
core   0: 0 0x80005dca (0x00088d33) x26 0xffffffff
core   0: 0x80005dce (0x0324ca63) blt     s1, s2, pc + 52
core   0: 0 0x80005dce (0x0324ca63)
core   0: 0x80005e02 (0x02e14833) div     a6, sp, a4
core   0: 0 0x80005e02 (0x02e14833) x16 0xffffffff
core   0: 0x80005e06 (0x0000717d) c.addi16sp sp, -16
core   0: 0 0x80005e06 (0x717d) x2  0xfffffff0
core   0: 0x80005e08 (0x74def193) andi    gp, t4, 1869
core   0: 0 0x80005e08 (0x74def193) x3  0x00000000
core   0: 0x80005e0c (0x0000837d) c.srli  a4, 31
core   0: 0 0x80005e0c (0x837d) x14 0x00000000
core   0: 0x80005e0e (0x0168ba33) sltu    s4, a7, s6
core   0: 0 0x80005e0e (0x0168ba33) x20 0x00000000
core   0: 0x80005e12 (0x00ec9913) slli    s2, s9, 14
core   0: 0 0x80005e12 (0x00ec9913) x18 0x54d30000
core   0: 0x80005e16 (0x032f86b3) mul     a3, t6, s2
core   0: 0 0x80005e16 (0x032f86b3) x13 0x54d30000
core   0: 0x80005e1a (0x00dc0663) beq     s8, a3, pc + 12
core   0: 0 0x80005e1a (0x00dc0663)
core   0: 0x80005e1e (0x010201b3) add     gp, tp, a6
core   0: 0 0x80005e1e (0x010201b3) x3  0x3e9d1fff
core   0: 0x80005e22 (0x00567a63) bgeu    a2, t0, pc + 20
core   0: 0 0x80005e22 (0x00567a63)
core   0: 0x80005e36 (0x02e1f8b3) remu    a7, gp, a4
core   0: 0 0x80005e36 (0x02e1f8b3) x17 0x3e9d1fff
core   0: 0x80005e3a (0x5a1f2a93) slti    s5, t5, 1441
core   0: 0 0x80005e3a (0x5a1f2a93) x21 0x00000001
core   0: 0x80005e3e (0x02d3f3b3) remu    t2, t2, a3
core   0: 0 0x80005e3e (0x02d3f3b3) x7  0x202cf4f0
core   0: 0x80005e42 (0x5836ca37) lui     s4, 0x5836c
core   0: 0 0x80005e42 (0x5836ca37) x20 0x5836c000
core   0: 0x80005e46 (0x01b830b3) sltu    ra, a6, s11
core   0: 0 0x80005e46 (0x01b830b3) x1  0x00000000
core   0: 0x80005e4a (0x02917233) remu    tp, sp, s1
core   0: 0 0x80005e4a (0x02917233) x4  0x7ffde18c
core   0: 0x80005e4e (0x92d78293) addi    t0, a5, -1747
core   0: 0 0x80005e4e (0x92d78293) x5  0xfffff92c
core   0: 0x80005e52 (0x00008a19) c.andi  a2, 6
core   0: 0 0x80005e52 (0x8a19) x12 0x00000004
core   0: 0x80005e54 (0x00cd9b33) sll     s6, s11, a2
core   0: 0 0x80005e54 (0x00cd9b33) x22 0x00006d10
core   0: 0x80005e58 (0x025edd63) bge     t4, t0, pc + 58
core   0: 0 0x80005e58 (0x025edd63)
core   0: 0x80005e92 (0x0557c063) blt     a5, s5, pc + 64
core   0: 0 0x80005e92 (0x0557c063)
core   0: 0x80005ed2 (0x03e4ddb3) divu    s11, s1, t5
core   0: 0 0x80005ed2 (0x03e4ddb3) x27 0x00000000
core   0: 0x80005ed6 (0x00008675) c.srai  a2, 29
core   0: 0 0x80005ed6 (0x8675) x12 0x00000000
core   0: 0x80005ed8 (0x00a9da63) bge     s3, a0, pc + 20
core   0: 0 0x80005ed8 (0x00a9da63)
core   0: 0x80005eec (0x029a38b3) mulhu   a7, s4, s1
core   0: 0 0x80005eec (0x029a38b3) x17 0x2c1c1ae6
core   0: 0x80005ef0 (0x62883d13) sltiu   s10, a6, 1576
core   0: 0 0x80005ef0 (0x62883d13) x26 0x00000000
core   0: 0x80005ef4 (0x03984a33) div     s4, a6, s9
core   0: 0 0x80005ef4 (0x03984a33) x20 0x00000000
core   0: 0x80005ef8 (0x1bb6f893) andi    a7, a3, 443
core   0: 0 0x80005ef8 (0x1bb6f893) x17 0x00000000
core   0: 0x80005efc (0x039dd133) divu    sp, s11, s9
core   0: 0 0x80005efc (0x039dd133) x2  0x00000000
core   0: 0x80005f00 (0x0093c733) xor     a4, t2, s1
core   0: 0 0x80005f00 (0x0093c733) x14 0xa02eea94
core   0: 0x80005f04 (0x00004c8d) c.li    s9, 3
core   0: 0 0x80005f04 (0x4c8d) x25 0x00000003
core   0: 0x80005f06 (0x000051fd) c.li    gp, -1
core   0: 0 0x80005f06 (0x51fd) x3  0xffffffff
core   0: 0x80005f08 (0x0000ef05) c.bnez  a4, pc + 56
core   0: 0 0x80005f08 (0xef05)
core   0: 0x80005f40 (0x00000ac2) c.slli  s5, 16
core   0: 0 0x80005f40 (0x0ac2) x21 0x00010000
core   0: 0x80005f42 (0x15b77b37) lui     s6, 0x15b77
core   0: 0 0x80005f42 (0x15b77b37) x22 0x15b77000
core   0: 0x80005f46 (0x00008bba) c.mv    s7, a4
core   0: 0 0x80005f46 (0x8bba) x23 0xa02eea94
core   0: 0x80005f48 (0x93a40693) addi    a3, s0, -1734
core   0: 0 0x80005f48 (0x93a40693) x13 0xfffff93a
core   0: 0x80005f4c (0x000086e5) c.srai  a3, 25
core   0: 0 0x80005f4c (0x86e5) x13 0xffffffff
core   0: 0x80005f4e (0x40bf8db3) sub     s11, t6, a1
core   0: 0 0x80005f4e (0x40bf8db3) x27 0x76b1534d
core   0: 0x80005f52 (0x024d87b3) mul     a5, s11, tp
core   0: 0 0x80005f52 (0x024d87b3) x15 0x49493b1c
core   0: 0x80005f56 (0x023f8963) beq     t6, gp, pc + 50
core   0: 0 0x80005f56 (0x023f8963)
core   0: 0x80005f5a (0x41350c33) sub     s8, a0, s3
core   0: 0 0x80005f5a (0x41350c33) x24 0xfffe949f
core   0: 0x80005f5e (0x0266fc33) remu    s8, a3, t1
core   0: 0 0x80005f5e (0x0266fc33) x24 0xffffffff
core   0: 0x80005f62 (0x01b8eab3) or      s5, a7, s11
core   0: 0 0x80005f62 (0x01b8eab3) x21 0x76b1534d
core   0: 0x80005f66 (0x0000670d) c.lui   a4, 0x3
core   0: 0 0x80005f66 (0x670d) x14 0x00003000
core   0: 0x80005f68 (0x00008c29) c.xor   s0, a0
core   0: 0 0x80005f68 (0x8c29) x8  0x0000049f
core   0: 0x80005f6a (0x01721013) slli    zero, tp, 23
core   0: 0 0x80005f6a (0x01721013)
core   0: 0x80005f6e (0x00009afd) c.andi  a3, -1
core   0: 0 0x80005f6e (0x9afd) x13 0xffffffff
core   0: 0x80005f70 (0x000081ea) c.mv    gp, s10
core   0: 0 0x80005f70 (0x81ea) x3  0x00000000
core   0: 0x80005f72 (0x02931db3) mulh    s11, t1, s1
core   0: 0 0x80005f72 (0x02931db3) x27 0x00000000
core   0: 0x80005f76 (0x03b99fb3) mulh    t6, s3, s11
core   0: 0 0x80005f76 (0x03b99fb3) x31 0x00000000
core   0: 0x80005f7a (0x2dee7c13) andi    s8, t3, 734
core   0: 0 0x80005f7a (0x2dee7c13) x24 0x00000002
core   0: 0x80005f7e (0x00006d95) c.lui   s11, 0x5
core   0: 0 0x80005f7e (0x6d95) x27 0x00005000
core   0: 0x80005f80 (0x02b02833) mulhsu  a6, zero, a1
core   0: 0 0x80005f80 (0x02b02833) x16 0x00000000
core   0: 0x80005f84 (0x01b36133) or      sp, t1, s11
core   0: 0 0x80005f84 (0x01b36133) x2  0x00005000
core   0: 0x80005f88 (0x0ff0000f) fence   iorw,iorw
core   0: 0 0x80005f88 (0x0ff0000f)
core   0: 0x80005f8c (0x00004689) c.li    a3, 2
core   0: 0 0x80005f8c (0x4689) x13 0x00000002
core   0: 0x80005f8e (0x00008a22) c.mv    s4, s0
core   0: 0 0x80005f8e (0x8a22) x20 0x0000049f
core   0: 0x80005f90 (0x00001e80) c.addi4spn s0, sp, 880
core   0: 0 0x80005f90 (0x1e80) x8  0x00005370
core   0: 0x80005f92 (0x00008b29) c.andi  a4, 10
core   0: 0 0x80005f92 (0x8b29) x14 0x00000000
core   0: 0x80005f94 (0x0000997d) c.andi  a0, -1
core   0: 0 0x80005f94 (0x997d) x10 0x0000049f
core   0: 0x80005f96 (0x03685b63) bge     a6, s6, pc + 54
core   0: 0 0x80005f96 (0x03685b63)
core   0: 0x80005f9a (0x00006149) c.addi16sp sp, 144
core   0: 0 0x80005f9a (0x6149) x2  0x00005090
core   0: 0x80005f9c (0xdc4f2d13) slti    s10, t5, -572
core   0: 0 0x80005f9c (0xdc4f2d13) x26 0x00000001
core   0: 0x80005fa0 (0x00006279) c.lui   tp, 0x1e
core   0: 0 0x80005fa0 (0x6279) x4  0x0001e000
core   0: 0x80005fa2 (0x02830733) mul     a4, t1, s0
core   0: 0 0x80005fa2 (0x02830733) x14 0x00000000
core   0: 0x80005fa6 (0x000086f5) c.srai  a3, 29
core   0: 0 0x80005fa6 (0x86f5) x13 0x00000000
core   0: 0x80005fa8 (0x0ff0000f) fence   iorw,iorw
core   0: 0 0x80005fa8 (0x0ff0000f)
core   0: 0x80005fac (0x96bafc13) andi    s8, s5, -1685
core   0: 0 0x80005fac (0x96bafc13) x24 0x76b15149
core   0: 0x80005fb0 (0x000098d2) c.add   a7, s4
core   0: 0 0x80005fb0 (0x98d2) x17 0x0000049f
core   0: 0x80005fb2 (0xd5bb4217) auipc   tp, 0xd5bb4
core   0: 0 0x80005fb2 (0xd5bb4217) x4  0x55bb9fb2
core   0: 0x80005fb6 (0x00000001) c.nop
core   0: 0 0x80005fb6 (0x0001)
core   0: 0x80005fb8 (0x0000717d) c.addi16sp sp, -16
core   0: 0 0x80005fb8 (0x717d) x2  0x00005080
core   0: 0x80005fba (0x012f72b3) and     t0, t5, s2
core   0: 0 0x80005fba (0x012f72b3) x5  0x00020000
core   0: 0x80005fbe (0x037f1563) bne     t5, s7, pc + 42
core   0: 0 0x80005fbe (0x037f1563)
core   0: 0x80005fe8 (0xc1b34b13) xori    s6, t1, -997
core   0: 0 0x80005fe8 (0xc1b34b13) x22 0xfffffc1b
core   0: 0x80005fec (0x0000eb19) c.bnez  a4, pc + 22
core   0: 0 0x80005fec (0xeb19)
core   0: 0x80005fee (0x00001f9c) c.addi4spn a5, sp, 1008
core   0: 0 0x80005fee (0x1f9c) x15 0x00005470
core   0: 0x80005ff0 (0x012e43b3) xor     t2, t3, s2
core   0: 0 0x80005ff0 (0x012e43b3) x7  0x54d30022
core   0: 0x80005ff4 (0x90458113) addi    sp, a1, -1788
core   0: 0 0x80005ff4 (0x90458113) x2  0x894ea5b8
core   0: 0x80005ff8 (0x0000974e) c.add   a4, s3
core   0: 0 0x80005ff8 (0x974e) x14 0x00017000
core   0: 0x80005ffa (0x0356fb63) bgeu    a3, s5, pc + 54
core   0: 0 0x80005ffa (0x0356fb63)
core   0: 0x80005ffe (0x0013d263) bge     t2, ra, pc + 4
core   0: 0 0x80005ffe (0x0013d263)
core   0: 0x80006002 (0xca43cf93) xori    t6, t2, -860
core   0: 0 0x80006002 (0xca43cf93) x31 0xab2cfc86
core   0: 0x80006006 (0x932f10b7) lui     ra, 0x932f1
core   0: 0 0x80006006 (0x932f10b7) x1  0x932f1000
core   0: 0x8000600a (0x5be88f93) addi    t6, a7, 1470
core   0: 0 0x8000600a (0x5be88f93) x31 0x00000a5d
core   0: 0x8000600e (0x2182c013) xori    zero, t0, 536
core   0: 0 0x8000600e (0x2182c013)
core   0: 0x80006012 (0x014790b3) sll     ra, a5, s4
core   0: 0 0x80006012 (0x014790b3) x1  0x00000000
core   0: 0x80006016 (0x0171dab3) srl     s5, gp, s7
core   0: 0 0x80006016 (0x0171dab3) x21 0x00000000
core   0: 0x8000601a (0x44504c13) xori    s8, zero, 1093
core   0: 0 0x8000601a (0x44504c13) x24 0x00000445
core   0: 0x8000601e (0x1666f293) andi    t0, a3, 358
core   0: 0 0x8000601e (0x1666f293) x5  0x00000000
core   0: 0x80006022 (0x5bfe6f93) ori     t6, t3, 1471
core   0: 0 0x80006022 (0x5bfe6f93) x31 0x000005bf
core   0: 0x80006026 (0x00000186) c.slli  gp, 1
core   0: 0 0x80006026 (0x0186) x3  0x00000000
core   0: 0x80006028 (0x0000100f) fence.i
core   0: 0 0x80006028 (0x0000100f)
core   0: 0x8000602c (0x049a7563) bgeu    s4, s1, pc + 74
core   0: 0 0x8000602c (0x049a7563)
core   0: 0x80006030 (0x01a42233) slt     tp, s0, s10
core   0: 0 0x80006030 (0x01a42233) x4  0x00000000
core   0: 0x80006034 (0x03a72733) mulhsu  a4, a4, s10
core   0: 0 0x80006034 (0x03a72733) x14 0x00000000
core   0: 0x80006038 (0x03d69333) mulh    t1, a3, t4
core   0: 0 0x80006038 (0x03d69333) x6  0x00000000
core   0: 0x8000603c (0x020a87b3) mul     a5, s5, zero
core   0: 0 0x8000603c (0x020a87b3) x15 0x00000000
core   0: 0x80006040 (0x00001508) c.addi4spn a0, sp, 672
core   0: 0 0x80006040 (0x1508) x10 0x894ea858
core   0: 0x80006042 (0x010d4fb3) xor     t6, s10, a6
core   0: 0 0x80006042 (0x010d4fb3) x31 0x00000001
core   0: 0x80006046 (0x03bae033) rem     zero, s5, s11
core   0: 0 0x80006046 (0x03bae033)
core   0: 0x8000604a (0x019fb3b3) sltu    t2, t6, s9
core   0: 0 0x8000604a (0x019fb3b3) x7  0x00000001
core   0: 0x8000604e (0x017027b3) slt     a5, zero, s7
core   0: 0 0x8000604e (0x017027b3) x15 0x00000000
core   0: 0x80006052 (0x039fd263) bge     t6, s9, pc + 36
core   0: 0 0x80006052 (0x039fd263)
core   0: 0x80006056 (0xf8b9ea13) ori     s4, s3, -117
core   0: 0 0x80006056 (0xf8b9ea13) x20 0xffffff8b
core   0: 0x8000605a (0x00d222b3) slt     t0, tp, a3
core   0: 0 0x8000605a (0x00d222b3) x5  0x00000000
core   0: 0x8000605e (0x00000762) c.slli  a4, 24
core   0: 0 0x8000605e (0x0762) x14 0x00000000
core   0: 0x80006060 (0x03dbf163) bgeu    s7, t4, pc + 34
core   0: 0 0x80006060 (0x03dbf163)
core   0: 0x80006082 (0x0000100f) fence.i
core   0: 0 0x80006082 (0x0000100f)
core   0: 0x80006086 (0x03c08763) beq     ra, t3, pc + 46
core   0: 0 0x80006086 (0x03c08763)
core   0: 0x8000608a (0x00000001) c.nop
core   0: 0 0x8000608a (0x0001)
core   0: 0x8000608c (0x00008225) c.srli  a2, 9
core   0: 0 0x8000608c (0x8225) x12 0x00000000
core   0: 0x8000608e (0xe7d1cbb7) lui     s7, 0xe7d1c
core   0: 0 0x8000608e (0xe7d1cbb7) x23 0xe7d1c000
core   0: 0x80006092 (0x0334d633) divu    a2, s1, s3
core   0: 0 0x80006092 (0x0334d633) x12 0x0000590c
core   0: 0x80006096 (0x41a4d3b3) sra     t2, s1, s10
core   0: 0 0x80006096 (0x41a4d3b3) x7  0xc0010f32
core   0: 0x8000609a (0x00009412) c.add   s0, tp
core   0: 0 0x8000609a (0x9412) x8  0x00005370
core   0: 0x8000609c (0x0379e933) rem     s2, s3, s7
core   0: 0 0x8000609c (0x0379e933) x18 0x00017000
core   0: 0x800060a0 (0x03236133) rem     sp, t1, s2
core   0: 0 0x800060a0 (0x03236133) x2  0x00000000
core   0: 0x800060a4 (0x0ff0000f) fence   iorw,iorw
core   0: 0 0x800060a4 (0x0ff0000f)
core   0: 0x800060a8 (0x02cb1a33) mulh    s4, s6, a2
core   0: 0 0x800060a8 (0x02cb1a33) x20 0xffffffff
core   0: 0x800060ac (0x405c8833) sub     a6, s9, t0
core   0: 0 0x800060ac (0x405c8833) x16 0x00000003
core   0: 0x800060b0 (0x03d29b63) bne     t0, t4, pc + 54
core   0: 0 0x800060b0 (0x03d29b63)
core   0: 0x800060b4 (0x02575eb3) divu    t4, a4, t0
core   0: 0 0x800060b4 (0x02575eb3) x29 0xffffffff
core   0: 0x800060b8 (0x0ff0000f) fence   iorw,iorw
core   0: 0 0x800060b8 (0x0ff0000f)
core   0: 0x800060bc (0x00951db3) sll     s11, a0, s1
core   0: 0 0x800060bc (0x00951db3) x27 0x94ea8580
core   0: 0x800060c0 (0x01a27233) and     tp, tp, s10
core   0: 0 0x800060c0 (0x01a27233) x4  0x00000000
core   0: 0x800060c4 (0x028e6633) rem     a2, t3, s0
core   0: 0 0x800060c4 (0x028e6633) x12 0x00000022
core   0: 0x800060c8 (0x00008d61) c.and   a0, s0
core   0: 0 0x800060c8 (0x8d61) x10 0x00000050
core   0: 0x800060ca (0x3fbb0c93) addi    s9, s6, 1019
core   0: 0 0x800060ca (0x3fbb0c93) x25 0x00000016
core   0: 0x800060ce (0x0000436d) c.li    t1, 27
core   0: 0 0x800060ce (0x436d) x6  0x0000001b
core   0: 0x800060d0 (0x00006171) c.addi16sp sp, 336
core   0: 0 0x800060d0 (0x6171) x2  0x00000150
core   0: 0x800060d2 (0xa783e713) ori     a4, t2, -1416
core   0: 0 0x800060d2 (0xa783e713) x14 0xffffff7a
core   0: 0x800060d6 (0x0000100f) fence.i
core   0: 0 0x800060d6 (0x0000100f)
core   0: 0x800060da (0x01b81463) bne     a6, s11, pc + 8
core   0: 0 0x800060da (0x01b81463)
core   0: 0x800060e2 (0x208cca13) xori    s4, s9, 520
core   0: 0 0x800060e2 (0x208cca13) x20 0x0000021e
core   0: 0x800060e6 (0x00006cbd) c.lui   s9, 0xf
core   0: 0 0x800060e6 (0x6cbd) x25 0x0000f000
core   0: 0x800060e8 (0x00da41b3) xor     gp, s4, a3
core   0: 0 0x800060e8 (0x00da41b3) x3  0x0000021e
core   0: 0x800060ec (0x00006111) c.addi16sp sp, 256
core   0: 0 0x800060ec (0x6111) x2  0x00000250
core   0: 0x800060ee (0x43a2f693) andi    a3, t0, 1082
core   0: 0 0x800060ee (0x43a2f693) x13 0x00000000
core   0: 0x800060f2 (0xeecd6e93) ori     t4, s10, -276
core   0: 0 0x800060f2 (0xeecd6e93) x29 0xfffffeed
core   0: 0x800060f6 (0x0000100f) fence.i
core   0: 0 0x800060f6 (0x0000100f)
core   0: 0x800060fa (0x03caa433) mulhsu  s0, s5, t3
core   0: 0 0x800060fa (0x03caa433) x8  0x00000000
core   0: 0x800060fe (0x03b063b3) rem     t2, zero, s11
core   0: 0 0x800060fe (0x03b063b3) x7  0x00000000
core   0: 0x80006102 (0xab373b93) sltiu   s7, a4, -1357
core   0: 0 0x80006102 (0xab373b93) x23 0x00000000
core   0: 0x80006106 (0x40e60db3) sub     s11, a2, a4
core   0: 0 0x80006106 (0x40e60db3) x27 0x000000a8
core   0: 0x8000610a (0x016b08b3) add     a7, s6, s6
core   0: 0 0x8000610a (0x016b08b3) x17 0xfffff836
core   0: 0x8000610e (0x00006135) c.addi16sp sp, 352
core   0: 0 0x8000610e (0x6135) x2  0x000003b0
core   0: 0x80006110 (0x03b6cb33) div     s6, a3, s11
core   0: 0 0x80006110 (0x03b6cb33) x22 0x00000000
core   0: 0x80006114 (0x74460213) addi    tp, a2, 1860
core   0: 0 0x80006114 (0x74460213) x4  0x00000766
core   0: 0x80006118 (0x00008e99) c.sub   a3, a4
core   0: 0 0x80006118 (0x8e99) x13 0x00000086
core   0: 0x8000611a (0x0000c799) c.beqz  a5, pc + 14
core   0: 0 0x8000611a (0xc799)
core   0: 0x80006128 (0x72a32e13) slti    t3, t1, 1834
core   0: 0 0x80006128 (0x72a32e13) x28 0x00000001
core   0: 0x8000612c (0x00008545) c.srai  a0, 17
core   0: 0 0x8000612c (0x8545) x10 0x00000000
core   0: 0x8000612e (0x03b2ddb3) divu    s11, t0, s11
core   0: 0 0x8000612e (0x03b2ddb3) x27 0x00000000
core   0: 0x80006132 (0x03cd53b3) divu    t2, s10, t3
core   0: 0 0x80006132 (0x03cd53b3) x7  0x00000001
core   0: 0x80006136 (0x000080ce) c.mv    ra, s3
core   0: 0 0x80006136 (0x80ce) x1  0x00017000
core   0: 0x80006138 (0x439e3513) sltiu   a0, t3, 1081
core   0: 0 0x80006138 (0x439e3513) x10 0x00000001
core   0: 0x8000613c (0x8b268737) lui     a4, 0x8b268
core   0: 0 0x8000613c (0x8b268737) x14 0x8b268000
core   0: 0x80006140 (0x0000c015) c.beqz  s0, pc + 36
core   0: 0 0x80006140 (0xc015)
core   0: 0x80006164 (0x000090ce) c.add   ra, s3
core   0: 0 0x80006164 (0x90ce) x1  0x0002e000
core   0: 0x80006166 (0x0079c863) blt     s3, t2, pc + 16
core   0: 0 0x80006166 (0x0079c863)
core   0: 0x8000616a (0x0000613d) c.addi16sp sp, 480
core   0: 0 0x8000616a (0x613d) x2  0x00000590
core   0: 0x8000616c (0x018f9b13) slli    s6, t6, 24
core   0: 0 0x8000616c (0x018f9b13) x22 0x01000000
core   0: 0x80006170 (0x418e02b3) sub     t0, t3, s8
core   0: 0 0x80006170 (0x418e02b3) x5  0xfffffbbc
core   0: 0x80006174 (0x00008d4d) c.or    a0, a1
core   0: 0 0x80006174 (0x8d4d) x10 0x894eacb5
core   0: 0x80006176 (0x03513eb3) mulhu   t4, sp, s5
core   0: 0 0x80006176 (0x03513eb3) x29 0x00000000
core   0: 0x8000617a (0x41cbd433) sra     s0, s7, t3
core   0: 0 0x8000617a (0x41cbd433) x8  0x00000000
core   0: 0x8000617e (0x02d18733) mul     a4, gp, a3
core   0: 0 0x8000617e (0x02d18733) x14 0x00011bb4
core   0: 0x80006182 (0x02fae6b3) rem     a3, s5, a5
core   0: 0 0x80006182 (0x02fae6b3) x13 0x00000000
core   0: 0x80006186 (0x000060f9) c.lui   ra, 0x1e
core   0: 0 0x80006186 (0x60f9) x1  0x0001e000
core   0: 0x80006188 (0x022f9f63) bne     t6, sp, pc + 62
core   0: 0 0x80006188 (0x022f9f63)
core   0: 0x800061c6 (0x00004b09) c.li    s6, 2
core   0: 0 0x800061c6 (0x4b09) x22 0x00000002
core   0: 0x800061c8 (0x0380d463) bge     ra, s8, pc + 40
core   0: 0 0x800061c8 (0x0380d463)
core   0: 0x800061f0 (0x0000100f) fence.i
core   0: 0 0x800061f0 (0x0000100f)
core   0: 0x800061f4 (0x0286ba33) mulhu   s4, a3, s0
core   0: 0 0x800061f4 (0x0286ba33) x20 0x00000000
core   0: 0x800061f8 (0x4269f713) andi    a4, s3, 1062
core   0: 0 0x800061f8 (0x4269f713) x14 0x00000000
core   0: 0x800061fc (0x94def193) andi    gp, t4, -1715
core   0: 0 0x800061fc (0x94def193) x3  0x00000000
core   0: 0x80006200 (0x41090ab3) sub     s5, s2, a6
core   0: 0 0x80006200 (0x41090ab3) x21 0x00016ffd
core   0: 0x80006204 (0x0000e515) c.bnez  a0, pc + 44
core   0: 0 0x80006204 (0xe515)
core   0: 0x80006230 (0xc6eff893) andi    a7, t6, -914
core   0: 0 0x80006230 (0xc6eff893) x17 0x00000000
core   0: 0x80006234 (0x03f20733) mul     a4, tp, t6
core   0: 0 0x80006234 (0x03f20733) x14 0x00000766
core   0: 0x80006238 (0x0ff0000f) fence   iorw,iorw
core   0: 0 0x80006238 (0x0ff0000f)
core   0: 0x8000623c (0x69564d13) xori    s10, a2, 1685
core   0: 0 0x8000623c (0x69564d13) x26 0x000006b7
core   0: 0x80006240 (0x005c8eb3) add     t4, s9, t0
core   0: 0 0x80006240 (0x005c8eb3) x29 0x0000ebbc
core   0: 0x80006244 (0x02da2533) mulhsu  a0, s4, a3
core   0: 0 0x80006244 (0x02da2533) x10 0x00000000
core   0: 0x80006248 (0x00000001) c.nop
core   0: 0 0x80006248 (0x0001)
core   0: 0x8000624a (0x01271c63) bne     a4, s2, pc + 24
core   0: 0 0x8000624a (0x01271c63)
core   0: 0x80006262 (0x39bbb513) sltiu   a0, s7, 923
core   0: 0 0x80006262 (0x39bbb513) x10 0x00000001
core   0: 0x80006266 (0x00001698) c.addi4spn a4, sp, 864
core   0: 0 0x80006266 (0x1698) x14 0x000008f0
core   0: 0x80006268 (0x00000001) c.nop
core   0: 0 0x80006268 (0x0001)
core   0: 0x8000626a (0x03d36bb3) rem     s7, t1, t4
core   0: 0 0x8000626a (0x03d36bb3) x23 0x0000001b
core   0: 0x8000626e (0xb101e513) ori     a0, gp, -1264
core   0: 0 0x8000626e (0xb101e513) x10 0xfffffb10
core   0: 0x80006272 (0x03b20763) beq     tp, s11, pc + 46
core   0: 0 0x80006272 (0x03b20763)
core   0: 0x80006276 (0x68b3c693) xori    a3, t2, 1675
core   0: 0 0x80006276 (0x68b3c693) x13 0x0000068a
core   0: 0x8000627a (0x00008689) c.srai  a3, 2
core   0: 0 0x8000627a (0x8689) x13 0x000001a2
core   0: 0x8000627c (0x00000fa9) c.addi  t6, 10
core   0: 0 0x8000627c (0x0fa9) x31 0x0000000b
core   0: 0x8000627e (0x00008422) c.mv    s0, s0
core   0: 0 0x8000627e (0x8422) x8  0x00000000
core   0: 0x80006280 (0x0000e689) c.bnez  a3, pc + 10
core   0: 0 0x80006280 (0xe689)
core   0: 0x8000628a (0x035dabb3) mulhsu  s7, s11, s5
core   0: 0 0x8000628a (0x035dabb3) x23 0x00000000
core   0: 0x8000628e (0x035fc8b3) div     a7, t6, s5
core   0: 0 0x8000628e (0x035fc8b3) x17 0x00000000
core   0: 0x80006292 (0x8646fd37) lui     s10, 0x8646f
core   0: 0 0x80006292 (0x8646fd37) x26 0x8646f000
core   0: 0x80006296 (0x00008d7d) c.and   a0, a5
core   0: 0 0x80006296 (0x8d7d) x10 0x00000000
core   0: 0x80006298 (0x00008e8d) c.sub   a3, a1
core   0: 0 0x80006298 (0x8e8d) x13 0x76b154ee
core   0: 0x8000629a (0x00000001) c.nop
core   0: 0 0x8000629a (0x0001)
core   0: 0x8000629c (0x00008f7d) c.and   a4, a5
core   0: 0 0x8000629c (0x8f7d) x14 0x00000000
core   0: 0x8000629e (0x00008009) c.srli  s0, 2
core   0: 0 0x8000629e (0x8009) x8  0x00000000
core   0: 0x800062a0 (0x4eb89a97) auipc   s5, 0x4eb89
core   0: 0 0x800062a0 (0x4eb89a97) x21 0xceb8f2a0
core   0: 0x800062a4 (0x014de863) bltu    s11, s4, pc + 16
core   0: 0 0x800062a4 (0x014de863)
core   0: 0x800062a8 (0x017e49b3) xor     s3, t3, s7
core   0: 0 0x800062a8 (0x017e49b3) x19 0x00000001
core   0: 0x800062ac (0x5570f413) andi    s0, ra, 1367
core   0: 0 0x800062ac (0x5570f413) x8  0x00000000
core   0: 0x800062b0 (0x00183133) sltu    sp, a6, ra
core   0: 0 0x800062b0 (0x00183133) x2  0x00000001
core   0: 0x800062b4 (0x01349013) slli    zero, s1, 19
core   0: 0 0x800062b4 (0x01349013)
core   0: 0x800062b8 (0x0000100f) fence.i
core   0: 0 0x800062b8 (0x0000100f)
core   0: 0x800062bc (0x00000988) c.addi4spn a0, sp, 208
core   0: 0 0x800062bc (0x0988) x10 0x000000d1
core   0: 0x800062be (0x00008eb9) c.xor   a3, a4
core   0: 0 0x800062be (0x8eb9) x13 0x76b154ee
core   0: 0x800062c0 (0x40cdd333) sra     t1, s11, a2
core   0: 0 0x800062c0 (0x40cdd333) x6  0x00000000
core   0: 0x800062c4 (0x0343d463) bge     t2, s4, pc + 40
core   0: 0 0x800062c4 (0x0343d463)
core   0: 0x800062ec (0x000083dd) c.srli  a5, 23
core   0: 0 0x800062ec (0x83dd) x15 0x00000000
core   0: 0x800062ee (0x0000c709) c.beqz  a4, pc + 10
core   0: 0 0x800062ee (0xc709)
core   0: 0x800062f8 (0x00931033) sll     zero, t1, s1
core   0: 0 0x800062f8 (0x00931033)
core   0: 0x800062fc (0x40bdd933) sra     s2, s11, a1
core   0: 0 0x800062fc (0x40bdd933) x18 0x00000000
core   0: 0x80006300 (0x00d19e93) slli    t4, gp, 13
core   0: 0 0x80006300 (0x00d19e93) x29 0x00000000
core   0: 0x80006304 (0xbf34e993) ori     s3, s1, -1037
core   0: 0 0x80006304 (0xbf34e993) x19 0xfffffff7
core   0: 0x80006308 (0x00008ee1) c.and   a3, s0
core   0: 0 0x80006308 (0x8ee1) x13 0x00000000
core   0: 0x8000630a (0x02856333) rem     t1, a0, s0
core   0: 0 0x8000630a (0x02856333) x6  0x000000d1
core   0: 0x8000630e (0x000091da) c.add   gp, s6
core   0: 0 0x8000630e (0x91da) x3  0x00000002
core   0: 0x80006310 (0x02edab33) mulhsu  s6, s11, a4
core   0: 0 0x80006310 (0x02edab33) x22 0x00000000
core   0: 0x80006314 (0xba5ddc17) auipc   s8, 0xba5dd
core   0: 0 0x80006314 (0xba5ddc17) x24 0x3a5e3314
core   0: 0x80006318 (0x00008f65) c.and   a4, s1
core   0: 0 0x80006318 (0x8f65) x14 0x00000000
core   0: 0x8000631a (0xc8f97e93) andi    t4, s2, -881
core   0: 0 0x8000631a (0xc8f97e93) x29 0x00000000
core   0: 0x8000631e (0x00c21913) slli    s2, tp, 12
core   0: 0 0x8000631e (0x00c21913) x18 0x00766000
core   0: 0x80006322 (0x0000717d) c.addi16sp sp, -16
core   0: 0 0x80006322 (0x717d) x2  0xfffffff1
core   0: 0x80006324 (0x00009ed2) c.add   t4, s4
core   0: 0 0x80006324 (0x9ed2) x29 0x00000000
core   0: 0x80006326 (0x0ff0000f) fence   iorw,iorw
core   0: 0 0x80006326 (0x0ff0000f)
core   0: 0x8000632a (0x4f063393) sltiu   t2, a2, 1264
core   0: 0 0x8000632a (0x4f063393) x7  0x00000001
core   0: 0x8000632e (0x000083cd) c.srli  a5, 19
core   0: 0 0x8000632e (0x83cd) x15 0x00000000
core   0: 0x80006330 (0x03616733) rem     a4, sp, s6
core   0: 0 0x80006330 (0x03616733) x14 0xfffffff1
core   0: 0x80006334 (0x00008f7d) c.and   a4, a5
core   0: 0 0x80006334 (0x8f7d) x14 0x00000000
core   0: 0x80006336 (0x019d5663) bge     s10, s9, pc + 12
core   0: 0 0x80006336 (0x019d5663)
core   0: 0x8000633a (0x02aa7063) bgeu    s4, a0, pc + 32
core   0: 0 0x8000633a (0x02aa7063)
core   0: 0x8000633e (0x6ccde237) lui     tp, 0x6ccde
core   0: 0 0x8000633e (0x6ccde237) x4  0x6ccde000
core   0: 0x80006342 (0x00cd5413) srli    s0, s10, 12
core   0: 0 0x80006342 (0x00cd5413) x8  0x0008646f
core   0: 0x80006346 (0x010f06b3) add     a3, t5, a6
core   0: 0 0x80006346 (0x010f06b3) x13 0x80025ce7
core   0: 0x8000634a (0x02410563) beq     sp, tp, pc + 42
core   0: 0 0x8000634a (0x02410563)
core   0: 0x8000634e (0x00000001) c.nop
core   0: 0 0x8000634e (0x0001)
core   0: 0x80006350 (0x0000cb8d) c.beqz  a5, pc + 50
core   0: 0 0x80006350 (0xcb8d)
core   0: 0x80006382 (0x01797833) and     a6, s2, s7
core   0: 0 0x80006382 (0x01797833) x16 0x00000000
core   0: 0x80006386 (0x000083c1) c.srli  a5, 16
core   0: 0 0x80006386 (0x83c1) x15 0x00000000
core   0: 0x80006388 (0xfd35ab13) slti    s6, a1, -45
core   0: 0 0x80006388 (0xfd35ab13) x22 0x00000001
core   0: 0x8000638c (0xc6e7feb7) lui     t4, 0xc6e7f
core   0: 0 0x8000638c (0xc6e7feb7) x29 0xc6e7f000
core   0: 0x80006390 (0x034b7b33) remu    s6, s6, s4
core   0: 0 0x80006390 (0x034b7b33) x22 0x00000001
core   0: 0x80006394 (0xaa19be93) sltiu   t4, s3, -1375
core   0: 0 0x80006394 (0xaa19be93) x29 0x00000000
core   0: 0x80006398 (0x0000127d) c.addi  tp, -1
core   0: 0 0x80006398 (0x127d) x4  0x6ccddfff
core   0: 0x8000639a (0x0000100f) fence.i
core   0: 0 0x8000639a (0x0000100f)
core   0: 0x8000639e (0x01ec2ab3) slt     s5, s8, t5
core   0: 0 0x8000639e (0x01ec2ab3) x21 0x00000000
core   0: 0x800063a2 (0x0000100f) fence.i
core   0: 0 0x800063a2 (0x0000100f)
core   0: 0x800063a6 (0x1c4ed317) auipc   t1, 0x1c4ed
core   0: 0 0x800063a6 (0x1c4ed317) x6  0x9c4f33a6
core   0: 0x800063aa (0x03427833) remu    a6, tp, s4
core   0: 0 0x800063aa (0x03427833) x16 0x6ccddfff
core   0: 0x800063ae (0xb9dc2893) slti    a7, s8, -1123
core   0: 0 0x800063ae (0xb9dc2893) x17 0x00000000
core   0: 0x800063b2 (0x603b4c93) xori    s9, s6, 1539
core   0: 0 0x800063b2 (0x603b4c93) x25 0x00000602
core   0: 0x800063b6 (0x00008d21) c.xor   a0, s0
core   0: 0 0x800063b6 (0x8d21) x10 0x000864be
core   0: 0x800063b8 (0x0000c109) c.beqz  a0, pc + 2
core   0: 0 0x800063b8 (0xc109)
core   0: 0x800063ba (0x26ec7d93) andi    s11, s8, 622
core   0: 0 0x800063ba (0x26ec7d93) x27 0x00000204
core   0: 0x800063be (0x0314e1b3) rem     gp, s1, a7
core   0: 0 0x800063be (0x0314e1b3) x3  0x80021e64
core   0: 0x800063c2 (0x0000100f) fence.i
core   0: 0 0x800063c2 (0x0000100f)
core   0: 0x800063c6 (0x03431c33) mulh    s8, t1, s4
core   0: 0 0x800063c6 (0x03431c33) x24 0x00000000
core   0: 0x800063ca (0x02aa0263) beq     s4, a0, pc + 36
core   0: 0 0x800063ca (0x02aa0263)
core   0: 0x800063ce (0x0000c909) c.beqz  a0, pc + 18
core   0: 0 0x800063ce (0xc909)
core   0: 0x800063d0 (0x76fca993) slti    s3, s9, 1903
core   0: 0 0x800063d0 (0x76fca993) x19 0x00000001
core   0: 0x800063d4 (0x9ae32a93) slti    s5, t1, -1618
core   0: 0 0x800063d4 (0x9ae32a93) x21 0x00000001
core   0: 0x800063d8 (0x40850e33) sub     t3, a0, s0
core   0: 0 0x800063d8 (0x40850e33) x28 0x0000004f
core   0: 0x800063dc (0xfa5ec913) xori    s2, t4, -91
core   0: 0 0x800063dc (0xfa5ec913) x18 0xffffffa5
core   0: 0x800063e0 (0x0ff0000f) fence   iorw,iorw
core   0: 0 0x800063e0 (0x0ff0000f)
core   0: 0x800063e4 (0x00008431) c.srai  s0, 12
core   0: 0 0x800063e4 (0x8431) x8  0x00000086
core   0: 0x800063e6 (0x01d43633) sltu    a2, s0, t4
core   0: 0 0x800063e6 (0x01d43633) x12 0x00000000
core   0: 0x800063ea (0xb0f17f93) andi    t6, sp, -1265
core   0: 0 0x800063ea (0xb0f17f93) x31 0xfffffb01
core   0: 0x800063ee (0x00000001) c.nop
core   0: 0 0x800063ee (0x0001)
core   0: 0x800063f0 (0x00000535) c.addi  a0, 13
core   0: 0 0x800063f0 (0x0535) x10 0x000864cb
core   0: 0x800063f2 (0x0000854d) c.srai  a0, 19
core   0: 0 0x800063f2 (0x854d) x10 0x00000001
core   0: 0x800063f4 (0x418fd433) sra     s0, t6, s8
core   0: 0 0x800063f4 (0x418fd433) x8  0xfffffb01
core   0: 0x800063f8 (0x02a4f763) bgeu    s1, a0, pc + 46
core   0: 0 0x800063f8 (0x02a4f763)
core   0: 0x80006426 (0x03550bb3) mul     s7, a0, s5
core   0: 0 0x80006426 (0x03550bb3) x23 0x00000001
core   0: 0x8000642a (0x00008bce) c.mv    s7, s3
core   0: 0 0x8000642a (0x8bce) x23 0x00000001
core   0: 0x8000642c (0x01859733) sll     a4, a1, s8
core   0: 0 0x8000642c (0x01859733) x14 0x894eacb4
core   0: 0x80006430 (0x0000100f) fence.i
core   0: 0 0x80006430 (0x0000100f)
core   0: 0x80006434 (0x00000001) c.nop
core   0: 0 0x80006434 (0x0001)
core   0: 0x80006436 (0xc924eb93) ori     s7, s1, -878
core   0: 0 0x80006436 (0xc924eb93) x23 0xfffffef6
core   0: 0x8000643a (0x00000756) c.slli  a4, 21
core   0: 0 0x8000643a (0x0756) x14 0x96800000
core   0: 0x8000643c (0x403c5d13) srai    s10, s8, 3
core   0: 0 0x8000643c (0x403c5d13) x26 0x00000000
core   0: 0x80006440 (0x0ff0000f) fence   iorw,iorw
core   0: 0 0x80006440 (0x0ff0000f)
core   0: 0x80006444 (0x00008eda) c.mv    t4, s6
core   0: 0 0x80006444 (0x8eda) x29 0x00000001
core   0: 0x80006446 (0x0255f563) bgeu    a1, t0, pc + 42
core   0: 0 0x80006446 (0x0255f563)
core   0: 0x8000644a (0x0000100f) fence.i
core   0: 0 0x8000644a (0x0000100f)
core   0: 0x8000644e (0x00008d52) c.mv    s10, s4
core   0: 0 0x8000644e (0x8d52) x26 0x00000000
core   0: 0x80006450 (0x027b3733) mulhu   a4, s6, t2
core   0: 0 0x80006450 (0x027b3733) x14 0x00000000
core   0: 0x80006454 (0x004e1763) bne     t3, tp, pc + 14
core   0: 0 0x80006454 (0x004e1763)
core   0: 0x80006462 (0x000068b5) c.lui   a7, 0xd
core   0: 0 0x80006462 (0x68b5) x17 0x0000d000
core   0: 0x80006464 (0x03871bb3) mulh    s7, a4, s8
core   0: 0 0x80006464 (0x03871bb3) x23 0x00000000
core   0: 0x80006468 (0x0281f933) remu    s2, gp, s0
core   0: 0 0x80006468 (0x0281f933) x18 0x80021e64
core   0: 0x8000646c (0x99af6093) ori     ra, t5, -1638
core   0: 0 0x8000646c (0x99af6093) x1  0xfffffdfe
core   0: 0x80006470 (0x0128cb63) blt     a7, s2, pc + 22
core   0: 0 0x80006470 (0x0128cb63)
core   0: 0x80006474 (0x0000717d) c.addi16sp sp, -16
core   0: 0 0x80006474 (0x717d) x2  0xffffffe1
core   0: 0x80006476 (0x02d14eb3) div     t4, sp, a3
core   0: 0 0x80006476 (0x02d14eb3) x29 0x00000000
core   0: 0x8000647a (0x032c9a33) mulh    s4, s9, s2
core   0: 0 0x8000647a (0x032c9a33) x20 0xfffffcff
core   0: 0x8000647e (0x00009a2e) c.add   s4, a1
core   0: 0 0x8000647e (0x9a2e) x20 0x894ea9b3
core   0: 0x80006480 (0x00008c66) c.mv    s8, s9
core   0: 0 0x80006480 (0x8c66) x24 0x00000602
core   0: 0x80006482 (0x00c39813) slli    a6, t2, 12
core   0: 0 0x80006482 (0x00c39813) x16 0x00001000
core   0: 0x80006486 (0x0000cb1d) c.beqz  a4, pc + 54
core   0: 0 0x80006486 (0xcb1d)
core   0: 0x800064bc (0x00000001) c.nop
core   0: 0 0x800064bc (0x0001)
core   0: 0x800064be (0x0154d763) bge     s1, s5, pc + 14
core   0: 0 0x800064be (0x0154d763)
core   0: 0x800064c2 (0x0006b433) sltu    s0, a3, zero
core   0: 0 0x800064c2 (0x0006b433) x8  0x00000000
core   0: 0x800064c6 (0x00965533) srl     a0, a2, s1
core   0: 0 0x800064c6 (0x00965533) x10 0x00000000
core   0: 0x800064ca (0x00006e11) c.lui   t3, 0x4
core   0: 0 0x800064ca (0x6e11) x28 0x00004000
core   0: 0x800064cc (0x03fe5db3) divu    s11, t3, t6
core   0: 0 0x800064cc (0x03fe5db3) x27 0x00000000
core   0: 0x800064d0 (0x0000ea0d) c.bnez  a2, pc + 50
core   0: 0 0x800064d0 (0xea0d)
core   0: 0x800064d2 (0x00008c79) c.and   s0, a4
core   0: 0 0x800064d2 (0x8c79) x8  0x00000000
core   0: 0x800064d4 (0x00a2fc33) and     s8, t0, a0
core   0: 0 0x800064d4 (0x00a2fc33) x24 0x00000000
core   0: 0x800064d8 (0x1898d697) auipc   a3, 0x1898d
core   0: 0 0x800064d8 (0x1898d697) x13 0x989934d8
core   0: 0x800064dc (0x5e920817) auipc   a6, 0x5e920
core   0: 0 0x800064dc (0x5e920817) x16 0xde9264dc
core   0: 0x800064e0 (0x02da2233) mulhsu  tp, s4, a3
core   0: 0 0x800064e0 (0x02da2233) x4  0xb93fac45
core   0: 0x800064e4 (0x03b04a33) div     s4, zero, s11
core   0: 0 0x800064e4 (0x03b04a33) x20 0xffffffff
core   0: 0x800064e8 (0xbd014a13) xori    s4, sp, -1072
core   0: 0 0x800064e8 (0xbd014a13) x20 0x00000431
core   0: 0x800064ec (0x00008d4d) c.or    a0, a1
core   0: 0 0x800064ec (0x8d4d) x10 0x894eacb4
core   0: 0x800064ee (0x8d59b913) sltiu   s2, s3, -1835
core   0: 0 0x800064ee (0x8d59b913) x18 0x00000001
core   0: 0x800064f2 (0x00008d21) c.xor   a0, s0
core   0: 0 0x800064f2 (0x8d21) x10 0x894eacb4
core   0: 0x800064f4 (0x031d7733) remu    a4, s10, a7
core   0: 0 0x800064f4 (0x031d7733) x14 0x00000000
core   0: 0x800064f8 (0x00008515) c.srai  a0, 5
core   0: 0 0x800064f8 (0x8515) x10 0xfc4a7565
core   0: 0x800064fa (0x00d38333) add     t1, t2, a3
core   0: 0 0x800064fa (0x00d38333) x6  0x989934d9
core   0: 0x800064fe (0x03bc5063) bge     s8, s11, pc + 32
core   0: 0 0x800064fe (0x03bc5063)
core   0: 0x8000651e (0x02a33eb3) mulhu   t4, t1, a0
core   0: 0 0x8000651e (0x02a33eb3) x29 0x96633249
core   0: 0x80006522 (0x0000939a) c.add   t2, t1
core   0: 0 0x80006522 (0x939a) x7  0x989934da
core   0: 0x80006524 (0x03475263) bge     a4, s4, pc + 36
core   0: 0 0x80006524 (0x03475263)
core   0: 0x80006528 (0x00008d59) c.or    a0, a4
core   0: 0 0x80006528 (0x8d59) x10 0xfc4a7565
core   0: 0x8000652a (0x04ec0063) beq     s8, a4, pc + 64
core   0: 0 0x8000652a (0x04ec0063)
core   0: 0x8000656a (0x007da633) slt     a2, s11, t2
core   0: 0 0x8000656a (0x007da633) x12 0x00000000
core   0: 0x8000656e (0x48ccf093) andi    ra, s9, 1164
core   0: 0 0x8000656e (0x48ccf093) x1  0x00000400
core   0: 0x80006572 (0x031aba33) mulhu   s4, s5, a7
core   0: 0 0x80006572 (0x031aba33) x20 0x00000000
core   0: 0x80006576 (0x02247833) remu    a6, s0, sp
core   0: 0 0x80006576 (0x02247833) x16 0x00000000
core   0: 0x8000657a (0x0013b933) sltu    s2, t2, ra
core   0: 0 0x8000657a (0x0013b933) x18 0x00000000
core   0: 0x8000657e (0x00005b7d) c.li    s6, -1
core   0: 0 0x8000657e (0x5b7d) x22 0xffffffff
core   0: 0x80006580 (0x41c45093) srai    ra, s0, 28
core   0: 0 0x80006580 (0x41c45093) x1  0x00000000
core   0: 0x80006584 (0x00008f91) c.sub   a5, a2
core   0: 0 0x80006584 (0x8f91) x15 0x00000000
core   0: 0x80006586 (0x029a2d33) mulhsu  s10, s4, s1
core   0: 0 0x80006586 (0x029a2d33) x26 0x00000000
core   0: 0x8000658a (0xbee4f613) andi    a2, s1, -1042
core   0: 0 0x8000658a (0xbee4f613) x12 0x80021a64
core   0: 0x8000658e (0x00f8e2b3) or      t0, a7, a5
core   0: 0 0x8000658e (0x00f8e2b3) x5  0x0000d000
core   0: 0x80006592 (0x024859b3) divu    s3, a6, tp
core   0: 0 0x80006592 (0x024859b3) x19 0x00000000
core   0: 0x80006596 (0x00000611) c.addi  a2, 4
core   0: 0 0x80006596 (0x0611) x12 0x80021a68
core   0: 0x80006598 (0x020f59b3) divu    s3, t5, zero
core   0: 0 0x80006598 (0x020f59b3) x19 0xffffffff
core   0: 0x8000659c (0x00006afd) c.lui   s5, 0x1f
core   0: 0 0x8000659c (0x6afd) x21 0x0001f000
core   0: 0x8000659e (0x03660a63) beq     a2, s6, pc + 52
core   0: 0 0x8000659e (0x03660a63)
core   0: 0x800065a2 (0x97ce8613) addi    a2, t4, -1668
core   0: 0 0x800065a2 (0x97ce8613) x12 0x96632bc5
core   0: 0x800065a6 (0x03917fb3) remu    t6, sp, s9
core   0: 0 0x800065a6 (0x03917fb3) x31 0x000002f5
core   0: 0x800065aa (0x0036db33) srl     s6, a3, gp
core   0: 0 0x800065aa (0x0036db33) x22 0x0989934d
core   0: 0x800065ae (0xd3051c17) auipc   s8, 0xd3051
core   0: 0 0x800065ae (0xd3051c17) x24 0x530575ae
core   0: 0x800065b2 (0x00006521) c.lui   a0, 0x8
core   0: 0 0x800065b2 (0x6521) x10 0x00008000
core   0: 0x800065b4 (0x8fbda793) slti    a5, s11, -1797
core   0: 0 0x800065b4 (0x8fbda793) x15 0x00000000
core   0: 0x800065b8 (0x0032bc33) sltu    s8, t0, gp
core   0: 0 0x800065b8 (0x0032bc33) x24 0x00000001
core   0: 0x800065bc (0x000093da) c.add   t2, s6
core   0: 0 0x800065bc (0x93da) x7  0xa222c827
core   0: 0x800065be (0x00008fc5) c.or    a5, s1
core   0: 0 0x800065be (0x8fc5) x15 0x80021e64
core   0: 0x800065c0 (0x009e5d93) srli    s11, t3, 9
core   0: 0 0x800065c0 (0x009e5d93) x27 0x00000020
core   0: 0x800065c4 (0x03961db3) mulh    s11, a2, s9
core   0: 0 0x800065c4 (0x03961db3) x27 0xfffffd85
core   0: 0x800065c8 (0x006d4a63) blt     s10, t1, pc + 20
core   0: 0 0x800065c8 (0x006d4a63)
core   0: 0x800065cc (0x0000c005) c.beqz  s0, pc + 32
core   0: 0 0x800065cc (0xc005)
core   0: 0x800065ec (0x00009c26) c.add   s8, s1
core   0: 0 0x800065ec (0x9c26) x24 0x80021e65
core   0: 0x800065ee (0x000087e9) c.srai  a5, 26
core   0: 0 0x800065ee (0x87e9) x15 0xffffffe0
core   0: 0x800065f0 (0x01546663) bltu    s0, s5, pc + 12
core   0: 0 0x800065f0 (0x01546663)
core   0: 0x800065fc (0x0000881d) c.andi  s0, 7
core   0: 0 0x800065fc (0x881d) x8  0x00000000
core   0: 0x800065fe (0x037d6163) bltu    s10, s7, pc + 34
core   0: 0 0x800065fe (0x037d6163)
core   0: 0x80006602 (0x02934733) div     a4, t1, s1
core   0: 0 0x80006602 (0x02934733) x14 0x00000000
core   0: 0x80006606 (0x7cc3da17) auipc   s4, 0x7cc3d
core   0: 0 0x80006606 (0x7cc3da17) x20 0xfcc43606
core   0: 0x8000660a (0x01b65fb3) srl     t6, a2, s11
core   0: 0 0x8000660a (0x01b65fb3) x31 0x04b3195e
core   0: 0x8000660e (0x00000001) c.nop
core   0: 0 0x8000660e (0x0001)
core   0: 0x80006610 (0x0000c41d) c.beqz  s0, pc + 46
core   0: 0 0x80006610 (0xc41d)
core   0: 0x8000663e (0x0ff0000f) fence   iorw,iorw
core   0: 0 0x8000663e (0x0ff0000f)
core   0: 0x80006642 (0x00006bd1) c.lui   s7, 0x14
core   0: 0 0x80006642 (0x6bd1) x23 0x00014000
core   0: 0x80006644 (0x8153c737) lui     a4, 0x8153c
core   0: 0 0x80006644 (0x8153c737) x14 0x8153c000
core   0: 0x80006648 (0xd0f02117) auipc   sp, 0xd0f02
core   0: 0 0x80006648 (0xd0f02117) x2  0x50f08648
core   0: 0x8000664c (0x0d7c8d17) auipc   s10, 0xd7c8
core   0: 0 0x8000664c (0x0d7c8d17) x26 0x8d7ce64c
core   0: 0x80006650 (0x02bb0d33) mul     s10, s6, a1
core   0: 0 0x80006650 (0x02bb0d33) x26 0x3a294e24
core   0: 0x80006654 (0x00000c6a) c.slli  s8, 26
core   0: 0 0x80006654 (0x0c6a) x24 0x94000000
core   0: 0x80006656 (0x01d25663) bge     tp, t4, pc + 12
core   0: 0 0x80006656 (0x01d25663)
core   0: 0x80006662 (0x013bd3b3) srl     t2, s7, s3
core   0: 0 0x80006662 (0x013bd3b3) x7  0x00000000
core   0: 0x80006666 (0x00001810) c.addi4spn a2, sp, 48
core   0: 0 0x80006666 (0x1810) x12 0x50f08678
core   0: 0x80006668 (0x016bb7b7) lui     a5, 0x16bb
core   0: 0 0x80006668 (0x016bb7b7) x15 0x016bb000
core   0: 0x8000666c (0x0000e785) c.bnez  a5, pc + 40
core   0: 0 0x8000666c (0xe785)
core   0: 0x80006694 (0x02507833) remu    a6, zero, t0
core   0: 0 0x80006694 (0x02507833) x16 0x00000000
core   0: 0x80006698 (0x0000cb01) c.beqz  a4, pc + 16
core   0: 0 0x80006698 (0xcb01)
core   0: 0x8000669a (0x79c2e417) auipc   s0, 0x79c2e
core   0: 0 0x8000669a (0x79c2e417) x8  0xf9c3469a
core   0: 0x8000669e (0x02c44eb3) div     t4, s0, a2
core   0: 0 0x8000669e (0x02c44eb3) x29 0x00000000
core   0: 0x800066a2 (0x03cabe33) mulhu   t3, s5, t3
core   0: 0 0x800066a2 (0x03cabe33) x28 0x00000000
core   0: 0x800066a6 (0x00008d71) c.and   a0, a2
core   0: 0 0x800066a6 (0x8d71) x10 0x00008000
core   0: 0x800066a8 (0xfc8fab13) slti    s6, t6, -56
core   0: 0 0x800066a8 (0xfc8fab13) x22 0x00000000
core   0: 0x800066ac (0x0000100f) fence.i
core   0: 0 0x800066ac (0x0000100f)
core   0: 0x800066b0 (0x0125ebb3) or      s7, a1, s2
core   0: 0 0x800066b0 (0x0125ebb3) x23 0x894eacb4
core   0: 0x800066b4 (0x0000ee09) c.bnez  a2, pc + 26
core   0: 0 0x800066b4 (0xee09)
core   0: 0x800066ce (0x00006cd1) c.lui   s9, 0x14
core   0: 0 0x800066ce (0x6cd1) x25 0x00014000
core   0: 0x800066d0 (0x0000c915) c.beqz  a0, pc + 52
core   0: 0 0x800066d0 (0xc915)
core   0: 0x800066d2 (0x030d92b3) mulh    t0, s11, a6
core   0: 0 0x800066d2 (0x030d92b3) x5  0x00000000
core   0: 0x800066d6 (0x00005efd) c.li    t4, -1
core   0: 0 0x800066d6 (0x5efd) x29 0xffffffff
core   0: 0x800066d8 (0x00006129) c.addi16sp sp, 192
core   0: 0 0x800066d8 (0x6129) x2  0x50f08708
core   0: 0x800066da (0x2825e913) ori     s2, a1, 642
core   0: 0 0x800066da (0x2825e913) x18 0x894eaeb6
core   0: 0x800066de (0x4dee2313) slti    t1, t3, 1246
core   0: 0 0x800066de (0x4dee2313) x6  0x00000001
core   0: 0x800066e2 (0x5aec4b13) xori    s6, s8, 1454
core   0: 0 0x800066e2 (0x5aec4b13) x22 0x940005ae
core   0: 0x800066e6 (0x0381bab3) mulhu   s5, gp, s8
core   0: 0 0x800066e6 (0x0381bab3) x21 0x4a013991
core   0: 0x800066ea (0x0000717d) c.addi16sp sp, -16
core   0: 0 0x800066ea (0x717d) x2  0x50f086f8
core   0: 0x800066ec (0x018919b3) sll     s3, s2, s8
core   0: 0 0x800066ec (0x018919b3) x19 0x894eaeb6
core   0: 0x800066f0 (0x00008bc9) c.andi  a5, 18
core   0: 0 0x800066f0 (0x8bc9) x15 0x00000000
core   0: 0x800066f2 (0x00008c3d) c.xor   s0, a5
core   0: 0 0x800066f2 (0x8c3d) x8  0xf9c3469a
core   0: 0x800066f4 (0x03cfdbb3) divu    s7, t6, t3
core   0: 0 0x800066f4 (0x03cfdbb3) x23 0xffffffff
core   0: 0x800066f8 (0x00008e29) c.xor   a2, a0
core   0: 0 0x800066f8 (0x8e29) x12 0x50f00678
core   0: 0x800066fa (0x012ff563) bgeu    t6, s2, pc + 10
core   0: 0 0x800066fa (0x012ff563)
core   0: 0x800066fe (0x00008d31) c.xor   a0, a2
core   0: 0 0x800066fe (0x8d31) x10 0x50f08678
core   0: 0x80006700 (0x03f71f63) bne     a4, t6, pc + 62
core   0: 0 0x80006700 (0x03f71f63)
core   0: 0x8000673e (0xbb13b213) sltiu   tp, t2, -1103
core   0: 0 0x8000673e (0xbb13b213) x4  0x00000001
core   0: 0x80006742 (0x030201b3) mul     gp, tp, a6
core   0: 0 0x80006742 (0x030201b3) x3  0x00000000
core   0: 0x80006746 (0x03b2b133) mulhu   sp, t0, s11
core   0: 0 0x80006746 (0x03b2b133) x2  0x00000000
core   0: 0x8000674a (0x00d69863) bne     a3, a3, pc + 16
core   0: 0 0x8000674a (0x00d69863)
core   0: 0x8000674e (0x01e3d393) srli    t2, t2, 30
core   0: 0 0x8000674e (0x01e3d393) x7  0x00000000
core   0: 0x80006752 (0x02fcd763) bge     s9, a5, pc + 46
core   0: 0 0x80006752 (0x02fcd763)
core   0: 0x80006780 (0x0082d913) srli    s2, t0, 8
core   0: 0 0x80006780 (0x0082d913) x18 0x00000000
core   0: 0x80006784 (0x0234cb63) blt     s1, gp, pc + 54
core   0: 0 0x80006784 (0x0234cb63)
core   0: 0x800067ba (0x0000086e) c.slli  a6, 27
core   0: 0 0x800067ba (0x086e) x16 0x00000000
core   0: 0x800067bc (0x7a096917) auipc   s2, 0x7a096
core   0: 0 0x800067bc (0x7a096917) x18 0xfa09c7bc
core   0: 0x800067c0 (0x016782b3) add     t0, a5, s6
core   0: 0 0x800067c0 (0x016782b3) x5  0x940005ae
core   0: 0x800067c4 (0x400fd233) sra     tp, t6, zero
core   0: 0 0x800067c4 (0x400fd233) x4  0x04b3195e
core   0: 0x800067c8 (0x0000821d) c.srli  a2, 7
core   0: 0 0x800067c8 (0x821d) x12 0x00a1e00c
core   0: 0x800067ca (0x00c70933) add     s2, a4, a2
core   0: 0 0x800067ca (0x00c70933) x18 0x81f5a00c
core   0: 0x800067ce (0x000092ea) c.add   t0, s10
core   0: 0 0x800067ce (0x92ea) x5  0xce2953d2
core   0: 0x800067d0 (0x00005e7d) c.li    t3, -1
core   0: 0 0x800067d0 (0x5e7d) x28 0xffffffff
core   0: 0x800067d2 (0x00008c2d) c.xor   s0, a1
core   0: 0 0x800067d2 (0x8c2d) x8  0x708dea2e
core   0: 0x800067d4 (0x02c6d263) bge     a3, a2, pc + 36
core   0: 0 0x800067d4 (0x02c6d263)
core   0: 0x800067d8 (0x01402333) slt     t1, zero, s4
core   0: 0 0x800067d8 (0x01402333) x6  0x00000000
core   0: 0x800067dc (0x00c05563) bge     zero, a2, pc + 10
core   0: 0 0x800067dc (0x00c05563)
core   0: 0x800067e0 (0x006f67b3) or      a5, t5, t1
core   0: 0 0x800067e0 (0x006f67b3) x15 0x80025ce4
core   0: 0x800067e4 (0x000087da) c.mv    a5, s6
core   0: 0 0x800067e4 (0x87da) x15 0x940005ae
core   0: 0x800067e6 (0x4082d193) srai    gp, t0, 8
core   0: 0 0x800067e6 (0x4082d193) x3  0xffce2953
core   0: 0x800067ea (0x01759d63) bne     a1, s7, pc + 26
core   0: 0 0x800067ea (0x01759d63)
core   0: 0x80006804 (0x0000047a) c.slli  s0, 30
core   0: 0 0x80006804 (0x047a) x8  0x80000000
core   0: 0x80006806 (0x00008799) c.srai  a5, 6
core   0: 0 0x80006806 (0x8799) x15 0xfe500016
core   0: 0x80006808 (0x026b9263) bne     s7, t1, pc + 36
core   0: 0 0x80006808 (0x026b9263)
core   0: 0x8000682c (0x030da333) mulhsu  t1, s11, a6
core   0: 0 0x8000682c (0x030da333) x6  0x00000000
core   0: 0x80006830 (0x000086f2) c.mv    a3, t3
core   0: 0 0x80006830 (0x86f2) x13 0xffffffff
core   0: 0x80006832 (0x00d0ecb3) or      s9, ra, a3
core   0: 0 0x80006832 (0x00d0ecb3) x25 0xffffffff
core   0: 0x80006836 (0x0000e285) c.bnez  a3, pc + 32
core   0: 0 0x80006836 (0xe285)
core   0: 0x80006856 (0x00008d35) c.xor   a0, a3
core   0: 0 0x80006856 (0x8d35) x10 0xaf0f7987
core   0: 0x80006858 (0x0024ba33) sltu    s4, s1, sp
core   0: 0 0x80006858 (0x0024ba33) x20 0x00000000
core   0: 0x8000685c (0xd5cb2c93) slti    s9, s6, -676
core   0: 0 0x8000685c (0xd5cb2c93) x25 0x00000001
core   0: 0x80006860 (0xbe8e2d93) slti    s11, t3, -1048
core   0: 0 0x80006860 (0xbe8e2d93) x27 0x00000000
core   0: 0x80006864 (0x0000717d) c.addi16sp sp, -16
core   0: 0 0x80006864 (0x717d) x2  0xfffffff0
core   0: 0x80006866 (0x019ea9b3) slt     s3, t4, s9
core   0: 0 0x80006866 (0x019ea9b3) x19 0x00000001
core   0: 0x8000686a (0x01c5dc13) srli    s8, a1, 28
core   0: 0 0x8000686a (0x01c5dc13) x24 0x00000008
core   0: 0x8000686e (0x00c2b3b3) sltu    t2, t0, a2
core   0: 0 0x8000686e (0x00c2b3b3) x7  0x00000000
core   0: 0x80006872 (0x0000e291) c.bnez  a3, pc + 4
core   0: 0 0x80006872 (0xe291)
core   0: 0x80006876 (0x0000ce05) c.beqz  a2, pc + 56
core   0: 0 0x80006876 (0xce05)
core   0: 0x80006878 (0x00009763) bnez    ra, pc + 14
core   0: 0 0x80006878 (0x00009763)
core   0: 0x8000687c (0x000061e9) c.lui   gp, 0x1a
core   0: 0 0x8000687c (0x61e9) x3  0x0001a000
core   0: 0x8000687e (0x02644663) blt     s0, t1, pc + 44
core   0: 0 0x8000687e (0x02644663)
core   0: 0x800068aa (0x0000640d) c.lui   s0, 0x3
core   0: 0 0x800068aa (0x640d) x8  0x00003000
core   0: 0x800068ac (0x0000cc05) c.beqz  s0, pc + 56
core   0: 0 0x800068ac (0xcc05)
core   0: 0x800068ae (0x00008fe9) c.and   a5, a0
core   0: 0 0x800068ae (0x8fe9) x15 0xae000006
core   0: 0x800068b0 (0x40718533) sub     a0, gp, t2
core   0: 0 0x800068b0 (0x40718533) x10 0x0001a000
core   0: 0x800068b4 (0x00008b91) c.andi  a5, 4
core   0: 0 0x800068b4 (0x8b91) x15 0x00000004
core   0: 0x800068b6 (0x4a303013) sltiu   zero, zero, 1187
core   0: 0 0x800068b6 (0x4a303013)
core   0: 0x800068ba (0x002bc663) blt     s7, sp, pc + 12
core   0: 0 0x800068ba (0x002bc663)
core   0: 0x800068be (0x0028f633) and     a2, a7, sp
core   0: 0 0x800068be (0x0028f633) x12 0x0000d000
core   0: 0x800068c2 (0x00008e7d) c.and   a2, a5
core   0: 0 0x800068c2 (0x8e7d) x12 0x00000000
core   0: 0x800068c4 (0x00000986) c.slli  s3, 1
core   0: 0 0x800068c4 (0x0986) x19 0x00000002
core   0: 0x800068c6 (0x018d5293) srli    t0, s10, 24
core   0: 0 0x800068c6 (0x018d5293) x5  0x0000003a
core   0: 0x800068ca (0x00d92cb3) slt     s9, s2, a3
core   0: 0 0x800068ca (0x00d92cb3) x25 0x00000001
core   0: 0x800068ce (0x0000100f) fence.i
core   0: 0 0x800068ce (0x0000100f)
core   0: 0x800068d2 (0x47d8f613) andi    a2, a7, 1149
core   0: 0 0x800068d2 (0x47d8f613) x12 0x00000000
core   0: 0x800068d6 (0x00000001) c.nop
core   0: 0 0x800068d6 (0x0001)
core   0: 0x800068d8 (0x40d25133) sra     sp, tp, a3
core   0: 0 0x800068d8 (0x40d25133) x2  0x00000000
core   0: 0x800068dc (0x01b65ab3) srl     s5, a2, s11
core   0: 0 0x800068dc (0x01b65ab3) x21 0x00000000
core   0: 0x800068e0 (0x03652933) mulhsu  s2, a0, s6
core   0: 0 0x800068e0 (0x03652933) x18 0x0000f080
core   0: 0x800068e4 (0x0000100f) fence.i
core   0: 0 0x800068e4 (0x0000100f)
core   0: 0x800068e8 (0x000086e5) c.srai  a3, 25
core   0: 0 0x800068e8 (0x86e5) x13 0xffffffff
core   0: 0x800068ea (0x00dd5e33) srl     t3, s10, a3
core   0: 0 0x800068ea (0x00dd5e33) x28 0x00000000
core   0: 0x800068ee (0x00456eb3) or      t4, a0, tp
core   0: 0 0x800068ee (0x00456eb3) x29 0x04b3b95e
core   0: 0x800068f2 (0x23052193) slti    gp, a0, 560
core   0: 0 0x800068f2 (0x23052193) x3  0x00000000
core   0: 0x800068f6 (0x0077be33) sltu    t3, a5, t2
core   0: 0 0x800068f6 (0x0077be33) x28 0x00000000
core   0: 0x800068fa (0x00008f85) c.sub   a5, s1
core   0: 0 0x800068fa (0x8f85) x15 0x7ffde1a0
core   0: 0x800068fc (0x0ff0000f) fence   iorw,iorw
core   0: 0 0x800068fc (0x0ff0000f)
core   0: 0x80006900 (0x40be5a93) srai    s5, t3, 11
core   0: 0 0x80006900 (0x40be5a93) x21 0x00000000
core   0: 0x80006904 (0x000087d9) c.srai  a5, 22
core   0: 0 0x80006904 (0x87d9) x15 0x000001ff
core   0: 0x80006906 (0x0000197d) c.addi  s2, -1
core   0: 0 0x80006906 (0x197d) x18 0x0000f07f
core   0: 0x80006908 (0x02ac8133) mul     sp, s9, a0
core   0: 0 0x80006908 (0x02ac8133) x2  0x0001a000
core   0: 0x8000690c (0x000067b9) c.lui   a5, 0xe
core   0: 0 0x8000690c (0x67b9) x15 0x0000e000
core   0: 0x8000690e (0xbdc94093) xori    ra, s2, -1060
core   0: 0 0x8000690e (0xbdc94093) x1  0xffff0ba3
core   0: 0x80006912 (0x0000c315) c.beqz  a4, pc + 36
core   0: 0 0x80006912 (0xc315)
core   0: 0x80006914 (0x00729c93) slli    s9, t0, 7
core   0: 0 0x80006914 (0x00729c93) x25 0x00001d00
core   0: 0x80006918 (0x00006d79) c.lui   s10, 0x1e
core   0: 0 0x80006918 (0x6d79) x26 0x0001e000
core   0: 0x8000691a (0x0321bcb3) mulhu   s9, gp, s2
core   0: 0 0x8000691a (0x0321bcb3) x25 0x00000000
core   0: 0x8000691e (0x020bf193) andi    gp, s7, 32
core   0: 0 0x8000691e (0x020bf193) x3  0x00000020
core   0: 0x80006922 (0x03ff2c33) mulhsu  s8, t5, t6
core   0: 0 0x80006922 (0x03ff2c33) x24 0xfda67e6b
core   0: 0x80006926 (0x00008235) c.srli  a2, 13
core   0: 0 0x80006926 (0x8235) x12 0x00000000
core   0: 0x80006928 (0x00000001) c.nop
core   0: 0 0x80006928 (0x0001)
core   0: 0x8000692a (0x01629a33) sll     s4, t0, s6
core   0: 0 0x8000692a (0x01629a33) x20 0x000e8000
core   0: 0x8000692e (0x0000e28d) c.bnez  a3, pc + 34
core   0: 0 0x8000692e (0xe28d)
core   0: 0x80006950 (0x000000ea) c.slli  ra, 26
core   0: 0 0x80006950 (0x00ea) x1  0x8c000000
core   0: 0x80006952 (0x015de763) bltu    s11, s5, pc + 14
core   0: 0 0x80006952 (0x015de763)
core   0: 0x80006956 (0x00000f91) c.addi  t6, 4
core   0: 0 0x80006956 (0x0f91) x31 0x04b31962
core   0: 0x80006958 (0x41175033) sra     zero, a4, a7
core   0: 0 0x80006958 (0x41175033)
core   0: 0x8000695c (0xba5ba093) slti    ra, s7, -1115
core   0: 0 0x8000695c (0xba5ba093) x1  0x00000000
core   0: 0x80006960 (0x00e9a7b3) slt     a5, s3, a4
core   0: 0 0x80006960 (0x00e9a7b3) x15 0x00000000
core   0: 0x80006964 (0x007cee63) bltu    s9, t2, pc + 28
core   0: 0 0x80006964 (0x007cee63)
core   0: 0x80006968 (0x00f94e33) xor     t3, s2, a5
core   0: 0 0x80006968 (0x00f94e33) x28 0x0000f07f
core   0: 0x8000696c (0x02f91b63) bne     s2, a5, pc + 54
core   0: 0 0x8000696c (0x02f91b63)
core   0: 0x800069a2 (0x033c6eb3) rem     t4, s8, s3
core   0: 0 0x800069a2 (0x033c6eb3) x29 0xffffffff
core   0: 0x800069a6 (0x00008c31) c.xor   s0, a2
core   0: 0 0x800069a6 (0x8c31) x8  0x00003000
core   0: 0x800069a8 (0x00008e2d) c.xor   a2, a1
core   0: 0 0x800069a8 (0x8e2d) x12 0x894eacb4
core   0: 0x800069aa (0x012280b3) add     ra, t0, s2
core   0: 0 0x800069aa (0x012280b3) x1  0x0000f0b9
core   0: 0x800069ae (0x41dfdc33) sra     s8, t6, t4
core   0: 0 0x800069ae (0x41dfdc33) x24 0x00000000
core   0: 0x800069b2 (0x00008391) c.srli  a5, 4
core   0: 0 0x800069b2 (0x8391) x15 0x00000000
core   0: 0x800069b4 (0x00006b9d) c.lui   s7, 0x7
core   0: 0 0x800069b4 (0x6b9d) x23 0x00007000
core   0: 0x800069b6 (0x03cc4063) blt     s8, t3, pc + 32
core   0: 0 0x800069b6 (0x03cc4063)
core   0: 0x800069d6 (0x01260f63) beq     a2, s2, pc + 30
core   0: 0 0x800069d6 (0x01260f63)
core   0: 0x800069da (0x011f1513) slli    a0, t5, 17
core   0: 0 0x800069da (0x011f1513) x10 0xb9c80000
core   0: 0x800069de (0x00a6fc63) bgeu    a3, a0, pc + 24
core   0: 0 0x800069de (0x00a6fc63)
core   0: 0x800069f6 (0x01a69013) slli    zero, a3, 26
core   0: 0 0x800069f6 (0x01a69013)
core   0: 0x800069fa (0x00008e62) c.mv    t3, s8
core   0: 0 0x800069fa (0x8e62) x28 0x00000000
core   0: 0x800069fc (0x00000001) c.nop
core   0: 0 0x800069fc (0x0001)
core   0: 0x800069fe (0x3dd1db37) lui     s6, 0x3dd1d
core   0: 0 0x800069fe (0x3dd1db37) x22 0x3dd1d000
core   0: 0x80006a02 (0x00c430b3) sltu    ra, s0, a2
core   0: 0 0x80006a02 (0x00c430b3) x1  0x00000001
core   0: 0x80006a06 (0x00009666) c.add   a2, s9
core   0: 0 0x80006a06 (0x9666) x12 0x894eacb4
core   0: 0x80006a08 (0x000000a6) c.slli  ra, 9
core   0: 0 0x80006a08 (0x00a6) x1  0x00000200
core   0: 0x80006a0a (0x0000100f) fence.i
core   0: 0 0x80006a0a (0x0000100f)
core   0: 0x80006a0e (0x013e6e33) or      t3, t3, s3
core   0: 0 0x80006a0e (0x013e6e33) x28 0x00000002
core   0: 0x80006a12 (0x00008ed9) c.or    a3, a4
core   0: 0 0x80006a12 (0x8ed9) x13 0xffffffff
core   0: 0x80006a14 (0x0000100f) fence.i
core   0: 0 0x80006a14 (0x0000100f)
core   0: 0x80006a18 (0x00006899) c.lui   a7, 0x6
core   0: 0 0x80006a18 (0x6899) x17 0x00006000
core   0: 0x80006a1a (0x40498633) sub     a2, s3, tp
core   0: 0 0x80006a1a (0x40498633) x12 0xfb4ce6a4
core   0: 0x80006a1e (0x0000ca09) c.beqz  a2, pc + 18
core   0: 0 0x80006a1e (0xca09)
core   0: 0x80006a20 (0x00008355) c.srli  a4, 21
core   0: 0 0x80006a20 (0x8355) x14 0x0000040a
core   0: 0x80006a22 (0x6c4af793) andi    a5, s5, 1732
core   0: 0 0x80006a22 (0x6c4af793) x15 0x00000000
core   0: 0x80006a26 (0x023a7db3) remu    s11, s4, gp
core   0: 0 0x80006a26 (0x023a7db3) x27 0x00000000
core   0: 0x80006a2a (0x00008e59) c.or    a2, a4
core   0: 0 0x80006a2a (0x8e59) x12 0xfb4ce6ae
core   0: 0x80006a2c (0x00775413) srli    s0, a4, 7
core   0: 0 0x80006a2c (0x00775413) x8  0x00000008
core   0: 0x80006a30 (0xd739cc93) xori    s9, s3, -653
core   0: 0 0x80006a30 (0xd739cc93) x25 0xfffffd71
core   0: 0x80006a34 (0x00008269) c.srli  a2, 26
core   0: 0 0x80006a34 (0x8269) x12 0x0000003e
core   0: 0x80006a36 (0x035d5833) divu    a6, s10, s5
core   0: 0 0x80006a36 (0x035d5833) x16 0xffffffff
core   0: 0x80006a3a (0xda5e8693) addi    a3, t4, -603
core   0: 0 0x80006a3a (0xda5e8693) x13 0xfffffda4
core   0: 0x80006a3e (0x00008d9a) c.mv    s11, t1
core   0: 0 0x80006a3e (0x8d9a) x27 0x00000000
core   0: 0x80006a40 (0x039a9863) bne     s5, s9, pc + 48
core   0: 0 0x80006a40 (0x039a9863)
core   0: 0x80006a70 (0x40bd5213) srai    tp, s10, 11
core   0: 0 0x80006a70 (0x40bd5213) x4  0x0000003c
core   0: 0x80006a74 (0x00f28bb3) add     s7, t0, a5
core   0: 0 0x80006a74 (0x00f28bb3) x23 0x0000003a
core   0: 0x80006a78 (0x00befa33) and     s4, t4, a1
core   0: 0 0x80006a78 (0x00befa33) x20 0x894eacb4
core   0: 0x80006a7c (0x6e84ad13) slti    s10, s1, 1768
core   0: 0 0x80006a7c (0x6e84ad13) x26 0x00000001
core   0: 0x80006a80 (0x01b5fab3) and     s5, a1, s11
core   0: 0 0x80006a80 (0x01b5fab3) x21 0x00000000
core   0: 0x80006a84 (0x0219ccb3) div     s9, s3, ra
core   0: 0 0x80006a84 (0x0219ccb3) x25 0x00000000
core   0: 0x80006a88 (0x035bc6b3) div     a3, s7, s5
core   0: 0 0x80006a88 (0x035bc6b3) x13 0xffffffff
core   0: 0x80006a8c (0x000093d6) c.add   t2, s5
core   0: 0 0x80006a8c (0x93d6) x7  0x00000000
core   0: 0x80006a8e (0x000000e6) c.slli  ra, 25
core   0: 0 0x80006a8e (0x00e6) x1  0x00000000
core   0: 0x80006a90 (0x00000b12) c.slli  s6, 4
core   0: 0 0x80006a90 (0x0b12) x22 0xdd1d0000
core   0: 0x80006a92 (0x0ff0000f) fence   iorw,iorw
core   0: 0 0x80006a92 (0x0ff0000f)
core   0: 0x80006a96 (0x0005b2b3) sltu    t0, a1, zero
core   0: 0 0x80006a96 (0x0005b2b3) x5  0x00000000
core   0: 0x80006a9a (0x0219a8b3) mulhsu  a7, s3, ra
core   0: 0 0x80006a9a (0x0219a8b3) x17 0x00000000
core   0: 0x80006a9e (0x019078b3) and     a7, zero, s9
core   0: 0 0x80006a9e (0x019078b3) x17 0x00000000
core   0: 0x80006aa2 (0x00035d13) srli    s10, t1, 0
core   0: 0 0x80006aa2 (0x00035d13) x26 0x00000000
core   0: 0x80006aa6 (0x00006515) c.lui   a0, 0x5
core   0: 0 0x80006aa6 (0x6515) x10 0x00005000
core   0: 0x80006aa8 (0x03764663) blt     a2, s7, pc + 44
core   0: 0 0x80006aa8 (0x03764663)
core   0: 0x80006aac (0x0251d1b3) divu    gp, gp, t0
core   0: 0 0x80006aac (0x0251d1b3) x3  0xffffffff
core   0: 0x80006ab0 (0x01d567b3) or      a5, a0, t4
core   0: 0 0x80006ab0 (0x01d567b3) x15 0xffffffff
core   0: 0x80006ab4 (0x013f5793) srli    a5, t5, 19
core   0: 0 0x80006ab4 (0x013f5793) x15 0x00001000
core   0: 0x80006ab8 (0x40275eb3) sra     t4, a4, sp
core   0: 0 0x80006ab8 (0x40275eb3) x29 0x0000040a
core   0: 0x80006abc (0x000083c9) c.srli  a5, 18
core   0: 0 0x80006abc (0x83c9) x15 0x00000000
core   0: 0x80006abe (0x0000717d) c.addi16sp sp, -16
core   0: 0 0x80006abe (0x717d) x2  0x00019ff0
core   0: 0x80006ac0 (0x430ef093) andi    ra, t4, 1072
core   0: 0 0x80006ac0 (0x430ef093) x1  0x00000400
core   0: 0x80006ac4 (0x01a54263) blt     a0, s10, pc + 4
core   0: 0 0x80006ac4 (0x01a54263)
core   0: 0x80006ac8 (0x0062ee33) or      t3, t0, t1
core   0: 0 0x80006ac8 (0x0062ee33) x28 0x00000000
core   0: 0x80006acc (0x00001e7d) c.addi  t3, -1
core   0: 0 0x80006acc (0x1e7d) x28 0xffffffff
core   0: 0x80006ace (0x00008fb5) c.xor   a5, a3
core   0: 0 0x80006ace (0x8fb5) x15 0xffffffff
core   0: 0x80006ad0 (0x001518b3) sll     a7, a0, ra
core   0: 0 0x80006ad0 (0x001518b3) x17 0x00005000
core   0: 0x80006ad4 (0x01af9fb3) sll     t6, t6, s10
core   0: 0 0x80006ad4 (0x01af9fb3) x31 0x04b31962
core   0: 0x80006ad8 (0x02a5d2b3) divu    t0, a1, a0
core   0: 0 0x80006ad8 (0x02a5d2b3) x5  0x0001b762
core   0: 0x80006adc (0x00e76eb3) or      t4, a4, a4
core   0: 0 0x80006adc (0x00e76eb3) x29 0x0000040a
core   0: 0x80006ae0 (0x00000001) c.nop
core   0: 0 0x80006ae0 (0x0001)
core   0: 0x80006ae2 (0x02185363) bge     a6, ra, pc + 38
core   0: 0 0x80006ae2 (0x02185363)
core   0: 0x80006ae6 (0x00abaa33) slt     s4, s7, a0
core   0: 0 0x80006ae6 (0x00abaa33) x20 0x00000001
core   0: 0x80006aea (0x00000d80) c.addi4spn s0, sp, 720
core   0: 0 0x80006aea (0x0d80) x8  0x0001a2c0
core   0: 0x80006aec (0x007060b3) or      ra, zero, t2
core   0: 0 0x80006aec (0x007060b3) x1  0x00000000
core   0: 0x80006af0 (0x031c3ab3) mulhu   s5, s8, a7
core   0: 0 0x80006af0 (0x031c3ab3) x21 0x00000000
core   0: 0x80006af4 (0x00008e8d) c.sub   a3, a1
core   0: 0 0x80006af4 (0x8e8d) x13 0x76b1534b
core   0: 0x80006af6 (0xec08c813) xori    a6, a7, -320
core   0: 0 0x80006af6 (0xec08c813) x16 0xffffaec0
core   0: 0x80006afa (0x00004611) c.li    a2, 4
core   0: 0 0x80006afa (0x4611) x12 0x00000004
core   0: 0x80006afc (0x00008ed5) c.or    a3, a3
core   0: 0 0x80006afc (0x8ed5) x13 0x76b1534b
core   0: 0x80006afe (0x02d9d1b3) divu    gp, s3, a3
core   0: 0 0x80006afe (0x02d9d1b3) x3  0x00000000
core   0: 0x80006b02 (0x00008fed) c.and   a5, a1
core   0: 0 0x80006b02 (0x8fed) x15 0x894eacb4
core   0: 0x80006b04 (0x02ad83b3) mul     t2, s11, a0
core   0: 0 0x80006b04 (0x02ad83b3) x7  0x00000000
core   0: 0x80006b08 (0x0000059c) c.addi4spn a5, sp, 704
core   0: 0 0x80006b08 (0x059c) x15 0x0001a2b0
core   0: 0x80006b0a (0xaa2e3697) auipc   a3, 0xaa2e3
core   0: 0 0x80006b0a (0xaa2e3697) x13 0x2a2e9b0a
core   0: 0x80006b0e (0x00008c35) c.xor   s0, a3
core   0: 0 0x80006b0e (0x8c35) x8  0x2a2f39ca
core   0: 0x80006b10 (0x02abee63) bltu    s7, a0, pc + 60
core   0: 0 0x80006b10 (0x02abee63)
core   0: 0x80006b4c (0x03d06833) rem     a6, zero, t4
core   0: 0 0x80006b4c (0x03d06833) x16 0x00000000
core   0: 0x80006b50 (0x00006c99) c.lui   s9, 0x6
core   0: 0 0x80006b50 (0x6c99) x25 0x00006000
core   0: 0x80006b52 (0x0040d863) bge     ra, tp, pc + 16
core   0: 0 0x80006b52 (0x0040d863)
core   0: 0x80006b56 (0xbe4fcf93) xori    t6, t6, -1052
core   0: 0 0x80006b56 (0xbe4fcf93) x31 0xfb4ce286
core   0: 0x80006b5a (0x01d31e93) slli    t4, t1, 29
core   0: 0 0x80006b5a (0x01d31e93) x29 0x00000000
core   0: 0x80006b5e (0x0091b9b3) sltu    s3, gp, s1
core   0: 0 0x80006b5e (0x0091b9b3) x19 0x00000001
core   0: 0x80006b62 (0x00009836) c.add   a6, a3
core   0: 0 0x80006b62 (0x9836) x16 0x2a2e9b0a
core   0: 0x80006b64 (0x00006119) c.addi16sp sp, 384
core   0: 0 0x80006b64 (0x6119) x2  0x0001a170
core   0: 0x80006b66 (0x22562513) slti    a0, a2, 549
core   0: 0 0x80006b66 (0x22562513) x10 0x00000001
core   0: 0x80006b6a (0xaf393013) sltiu   zero, s2, -1293
core   0: 0 0x80006b6a (0xaf393013)
core   0: 0x80006b6e (0x03a02fb3) mulhsu  t6, zero, s10
core   0: 0 0x80006b6e (0x03a02fb3) x31 0x00000000
core   0: 0x80006b72 (0x00008c0d) c.sub   s0, a1
core   0: 0 0x80006b72 (0x8c0d) x8  0xa0e08d16
core   0: 0x80006b74 (0x030cd633) divu    a2, s9, a6
core   0: 0 0x80006b74 (0x030cd633) x12 0x00000000
core   0: 0x80006b78 (0x3d9f3913) sltiu   s2, t5, 985
core   0: 0 0x80006b78 (0x3d9f3913) x18 0x00000000
core   0: 0x80006b7c (0x023b7363) bgeu    s6, gp, pc + 38
core   0: 0 0x80006b7c (0x023b7363)
core   0: 0x80006ba2 (0x00009e12) c.add   t3, tp
core   0: 0 0x80006ba2 (0x9e12) x28 0x0000003b
core   0: 0x80006ba4 (0x0000717d) c.addi16sp sp, -16
core   0: 0 0x80006ba4 (0x717d) x2  0x0001a160
core   0: 0x80006ba6 (0x4040d333) sra     t1, ra, tp
core   0: 0 0x80006ba6 (0x4040d333) x6  0x00000000
core   0: 0x80006baa (0x008180b3) add     ra, gp, s0
core   0: 0 0x80006baa (0x008180b3) x1  0xa0e08d16
core   0: 0x80006bae (0x0000844d) c.srai  s0, 19
core   0: 0 0x80006bae (0x844d) x8  0xfffff41c
core   0: 0x80006bb0 (0x0000527d) c.li    tp, -1
core   0: 0 0x80006bb0 (0x527d) x4  0xffffffff
core   0: 0x80006bb2 (0x00000842) c.slli  a6, 16
core   0: 0 0x80006bb2 (0x0842) x16 0x9b0a0000
core   0: 0x80006bb4 (0x01f1ee33) or      t3, gp, t6
core   0: 0 0x80006bb4 (0x01f1ee33) x28 0x00000000
core   0: 0x80006bb8 (0x016eab33) slt     s6, t4, s6
core   0: 0 0x80006bb8 (0x016eab33) x22 0x00000000
core   0: 0x80006bbc (0x0000100f) fence.i
core   0: 0 0x80006bbc (0x0000100f)
core   0: 0x80006bc0 (0x40390eb3) sub     t4, s2, gp
core   0: 0 0x80006bc0 (0x40390eb3) x29 0x00000000
core   0: 0x80006bc4 (0x566eb113) sltiu   sp, t4, 1382
core   0: 0 0x80006bc4 (0x566eb113) x2  0x00000001
core   0: 0x80006bc8 (0x00000001) c.nop
core   0: 0 0x80006bc8 (0x0001)
core   0: 0x80006bca (0x01ee7833) and     a6, t3, t5
core   0: 0 0x80006bca (0x01ee7833) x16 0x00000000
core   0: 0x80006bce (0x019c1e13) slli    t3, s8, 25
core   0: 0 0x80006bce (0x019c1e13) x28 0x00000000
core   0: 0x80006bd2 (0x00008e99) c.sub   a3, a4
core   0: 0 0x80006bd2 (0x8e99) x13 0x2a2e9700
core   0: 0x80006bd4 (0x00008c06) c.mv    s8, ra
core   0: 0 0x80006bd4 (0x8c06) x24 0xa0e08d16
core   0: 0x80006bd6 (0x00008e15) c.sub   a2, a3
core   0: 0 0x80006bd6 (0x8e15) x12 0xd5d16900
core   0: 0x80006bd8 (0x0109e133) or      sp, s3, a6
core   0: 0 0x80006bd8 (0x0109e133) x2  0x00000001
core   0: 0x80006bdc (0x00000001) c.nop
core   0: 0 0x80006bdc (0x0001)
core   0: 0x80006bde (0xf1883393) sltiu   t2, a6, -232
core   0: 0 0x80006bde (0xf1883393) x7  0x00000001
core   0: 0x80006be2 (0x0ff0000f) fence   iorw,iorw
core   0: 0 0x80006be2 (0x0ff0000f)
core   0: 0x80006be6 (0x419a0c33) sub     s8, s4, s9
core   0: 0 0x80006be6 (0x419a0c33) x24 0xffffa001
core   0: 0x80006bea (0x01ad86b3) add     a3, s11, s10
core   0: 0 0x80006bea (0x01ad86b3) x13 0x00000000
core   0: 0x80006bee (0x0255cc63) blt     a1, t0, pc + 56
core   0: 0 0x80006bee (0x0255cc63)
core   0: 0x80006c26 (0x0000ef9d) c.bnez  a5, pc + 62
core   0: 0 0x80006c26 (0xef9d)
core   0: 0x80006c64 (0x00005efd) c.li    t4, -1
core   0: 0 0x80006c64 (0x5efd) x29 0xffffffff
core   0: 0x80006c66 (0x0000e911) c.bnez  a0, pc + 20
core   0: 0 0x80006c66 (0xe911)
core   0: 0x80006c7a (0x00240db3) add     s11, s0, sp
core   0: 0 0x80006c7a (0x00240db3) x27 0xfffff41d
core   0: 0x80006c7e (0x00000e91) c.addi  t4, 4
core   0: 0 0x80006c7e (0x0e91) x29 0x00000003
core   0: 0x80006c80 (0x0000717d) c.addi16sp sp, -16
core   0: 0 0x80006c80 (0x717d) x2  0xfffffff1
core   0: 0x80006c82 (0x00008e01) c.sub   a2, s0
core   0: 0 0x80006c82 (0x8e01) x12 0xd5d174e4
core   0: 0x80006c84 (0x0000100f) fence.i
core   0: 0 0x80006c84 (0x0000100f)
core   0: 0x80006c88 (0x40635233) sra     tp, t1, t1
core   0: 0 0x80006c88 (0x40635233) x4  0x00000000
core   0: 0x80006c8c (0x00008d65) c.and   a0, s1
core   0: 0 0x80006c8c (0x8d65) x10 0x00000000
core   0: 0x80006c8e (0x0000997d) c.andi  a0, -1
core   0: 0 0x80006c8e (0x997d) x10 0x00000000
core   0: 0x80006c90 (0x0109ba33) sltu    s4, s3, a6
core   0: 0 0x80006c90 (0x0109ba33) x20 0x00000000
core   0: 0x80006c94 (0x000086a9) c.srai  a3, 10
core   0: 0 0x80006c94 (0x86a9) x13 0x00000000
core   0: 0x80006c96 (0x0081dd63) bge     gp, s0, pc + 26
core   0: 0 0x80006c96 (0x0081dd63)
core   0: 0x80006cb0 (0x64d6cb13) xori    s6, a3, 1613
core   0: 0 0x80006cb0 (0x64d6cb13) x22 0x0000064d
core   0: 0x80006cb4 (0x00000001) c.nop
core   0: 0 0x80006cb4 (0x0001)
core   0: 0x80006cb6 (0x413508b3) sub     a7, a0, s3
core   0: 0 0x80006cb6 (0x413508b3) x17 0xffffffff
core   0: 0x80006cba (0x00006995) c.lui   s3, 0x5
core   0: 0 0x80006cba (0x6995) x19 0x00005000
core   0: 0x80006cbc (0x416a5293) srai    t0, s4, 22
core   0: 0 0x80006cbc (0x416a5293) x5  0x00000000
core   0: 0x80006cc0 (0x02220333) mul     t1, tp, sp
core   0: 0 0x80006cc0 (0x02220333) x6  0x00000000
core   0: 0x80006cc4 (0x00001c94) c.addi4spn a3, sp, 624
core   0: 0 0x80006cc4 (0x1c94) x13 0x00000261
core   0: 0x80006cc6 (0x0000010e) c.slli  sp, 3
core   0: 0 0x80006cc6 (0x010e) x2  0xffffff88
core   0: 0x80006cc8 (0x0ff0000f) fence   iorw,iorw
core   0: 0 0x80006cc8 (0x0ff0000f)
core   0: 0x80006ccc (0x01531663) bne     t1, s5, pc + 12
core   0: 0 0x80006ccc (0x01531663)
core   0: 0x80006cd0 (0x40dd5933) sra     s2, s10, a3
core   0: 0 0x80006cd0 (0x40dd5933) x18 0x00000000
core   0: 0x80006cd4 (0x00005ffd) c.li    t6, -1
core   0: 0 0x80006cd4 (0x5ffd) x31 0xffffffff
core   0: 0x80006cd6 (0x00009d1a) c.add   s10, t1
core   0: 0 0x80006cd6 (0x9d1a) x26 0x00000000
core   0: 0x80006cd8 (0x0262de33) divu    t3, t0, t1
core   0: 0 0x80006cd8 (0x0262de33) x28 0xffffffff
core   0: 0x80006cdc (0x41388133) sub     sp, a7, s3
core   0: 0 0x80006cdc (0x41388133) x2  0xffffafff
core   0: 0x80006ce0 (0x036c4d63) blt     s8, s6, pc + 58
core   0: 0 0x80006ce0 (0x036c4d63)
core   0: 0x80006d1a (0xee2d7013) andi    zero, s10, -286
core   0: 0 0x80006d1a (0xee2d7013)
core   0: 0x80006d1e (0x01b08e33) add     t3, ra, s11
core   0: 0 0x80006d1e (0x01b08e33) x28 0xa0e08133
core   0: 0x80006d22 (0x03570333) mul     t1, a4, s5
core   0: 0 0x80006d22 (0x03570333) x6  0x00000000
core   0: 0x80006d26 (0x00008f41) c.or    a4, s0
core   0: 0 0x80006d26 (0x8f41) x14 0xfffff41e
core   0: 0x80006d28 (0x00008959) c.andi  a0, 22
core   0: 0 0x80006d28 (0x8959) x10 0x00000000
core   0: 0x80006d2a (0x00009a7d) c.andi  a2, -1
core   0: 0 0x80006d2a (0x9a7d) x12 0xd5d174e4
core   0: 0x80006d2c (0x0000c799) c.beqz  a5, pc + 14
core   0: 0 0x80006d2c (0xc799)
core   0: 0x80006d2e (0x0000717d) c.addi16sp sp, -16
core   0: 0 0x80006d2e (0x717d) x2  0xffffafef
core   0: 0x80006d30 (0x409d5f93) srai    t6, s10, 9
core   0: 0 0x80006d30 (0x409d5f93) x31 0x00000000
core   0: 0x80006d34 (0x03f28663) beq     t0, t6, pc + 44
core   0: 0 0x80006d34 (0x03f28663)
core   0: 0x80006d60 (0xa4d3e713) ori     a4, t2, -1459
core   0: 0 0x80006d60 (0xa4d3e713) x14 0xfffffa4d
core   0: 0x80006d64 (0x0226d2b3) divu    t0, a3, sp
core   0: 0 0x80006d64 (0x0226d2b3) x5  0x00000000
core   0: 0x80006d68 (0x030cd863) bge     s9, a6, pc + 48
core   0: 0 0x80006d68 (0x030cd863)
core   0: 0x80006d98 (0x00008c55) c.or    s0, a3
core   0: 0 0x80006d98 (0x8c55) x8  0xfffff67d
core   0: 0x80006d9a (0x00000294) c.addi4spn a3, sp, 320
core   0: 0 0x80006d9a (0x0294) x13 0xffffb12f
core   0: 0x80006d9c (0x0000187d) c.addi  a6, -1
core   0: 0 0x80006d9c (0x187d) x16 0xffffffff
core   0: 0x80006d9e (0x036d79b3) remu    s3, s10, s6
core   0: 0 0x80006d9e (0x036d79b3) x19 0x00000000
core   0: 0x80006da2 (0x00008959) c.andi  a0, 22
core   0: 0 0x80006da2 (0x8959) x10 0x00000000
core   0: 0x80006da4 (0x013f5563) bge     t5, s3, pc + 10
core   0: 0 0x80006da4 (0x013f5563)
core   0: 0x80006da8 (0x00008886) c.mv    a7, ra
core   0: 0 0x80006da8 (0x8886) x17 0xa0e08d16
core   0: 0x80006daa (0x014d1bb3) sll     s7, s10, s4
core   0: 0 0x80006daa (0x014d1bb3) x23 0x00000000
core   0: 0x80006dae (0x0ff0000f) fence   iorw,iorw
core   0: 0 0x80006dae (0x0ff0000f)
core   0: 0x80006db2 (0x4190da33) sra     s4, ra, s9
core   0: 0 0x80006db2 (0x4190da33) x20 0xa0e08d16
core   0: 0x80006db6 (0x00008ecd) c.or    a3, a1
core   0: 0 0x80006db6 (0x8ecd) x13 0xffffbdbf
core   0: 0x80006db8 (0x01caceb3) xor     t4, s5, t3
core   0: 0 0x80006db8 (0x01caceb3) x29 0xa0e08133
core   0: 0x80006dbc (0x00e14cb3) xor     s9, sp, a4
core   0: 0 0x80006dbc (0x00e14cb3) x25 0x000055a2
core   0: 0x80006dc0 (0x02707233) remu    tp, zero, t2
core   0: 0 0x80006dc0 (0x02707233) x4  0x00000000
core   0: 0x80006dc4 (0x0000e515) c.bnez  a0, pc + 44
core   0: 0 0x80006dc4 (0xe515)
core   0: 0x80006dc6 (0x0ff0000f) fence   iorw,iorw
core   0: 0 0x80006dc6 (0x0ff0000f)
core   0: 0x80006dca (0x0000616d) c.addi16sp sp, 240
core   0: 0 0x80006dca (0x616d) x2  0xffffb0df
core   0: 0x80006dcc (0x00008079) c.srli  s0, 30
core   0: 0 0x80006dcc (0x8079) x8  0x00000003
core   0: 0x80006dce (0x00008e95) c.sub   a3, a3
core   0: 0 0x80006dce (0x8e95) x13 0x00000000
core   0: 0x80006dd0 (0x0093dbb3) srl     s7, t2, s1
core   0: 0 0x80006dd0 (0x0093dbb3) x23 0x00000000
core   0: 0x80006dd4 (0x01a11d13) slli    s10, sp, 26
core   0: 0 0x80006dd4 (0x01a11d13) x26 0x7c000000
core   0: 0x80006dd8 (0x03c67833) remu    a6, a2, t3
core   0: 0 0x80006dd8 (0x03c67833) x16 0x34f0f3b1
core   0: 0x80006ddc (0xbd8a7b93) andi    s7, s4, -1064
core   0: 0 0x80006ddc (0xbd8a7b93) x23 0xa0e08910
core   0: 0x80006de0 (0x0000995e) c.add   s2, s7
core   0: 0 0x80006de0 (0x995e) x18 0xa0e08910
core   0: 0x80006de2 (0x0025c433) xor     s0, a1, sp
core   0: 0 0x80006de2 (0x0025c433) x8  0x76b11c6b
core   0: 0x80006de6 (0x00114fb3) xor     t6, sp, ra
core   0: 0 0x80006de6 (0x00114fb3) x31 0x5f1f3dc9
core   0: 0x80006dea (0x40e80833) sub     a6, a6, a4
core   0: 0 0x80006dea (0x40e80833) x16 0x34f0f964
core   0: 0x80006dee (0x00000001) c.nop
core   0: 0 0x80006dee (0x0001)
core   0: 0x80006df0 (0x02858b63) beq     a1, s0, pc + 54
core   0: 0 0x80006df0 (0x02858b63)
core   0: 0x80006df4 (0x00000001) c.nop
core   0: 0 0x80006df4 (0x0001)
core   0: 0x80006df6 (0x40275813) srai    a6, a4, 2
core   0: 0 0x80006df6 (0x40275813) x16 0xfffffe93
core   0: 0x80006dfa (0x00009b46) c.add   s6, a7
core   0: 0 0x80006dfa (0x9b46) x22 0xa0e09363
core   0: 0x80006dfc (0x65633997) auipc   s3, 0x65633
core   0: 0 0x80006dfc (0x65633997) x19 0xe5639dfc
core   0: 0x80006e00 (0x2aa58637) lui     a2, 0x2aa58
core   0: 0 0x80006e00 (0x2aa58637) x12 0x2aa58000
core   0: 0x80006e04 (0x3cc8a237) lui     tp, 0x3cc8a
core   0: 0 0x80006e04 (0x3cc8a237) x4  0x3cc8a000
core   0: 0x80006e08 (0x00008511) c.srai  a0, 4
core   0: 0 0x80006e08 (0x8511) x10 0x00000000
core   0: 0x80006e0a (0x0194fc63) bgeu    s1, s9, pc + 24
core   0: 0 0x80006e0a (0x0194fc63)
core   0: 0x80006e22 (0x03dff563) bgeu    t6, t4, pc + 42
core   0: 0 0x80006e22 (0x03dff563)
core   0: 0x80006e26 (0x00000a96) c.slli  s5, 5
core   0: 0 0x80006e26 (0x0a96) x21 0x00000000
core   0: 0x80006e28 (0x00c90533) add     a0, s2, a2
core   0: 0 0x80006e28 (0x00c90533) x10 0xcb860910
core   0: 0x80006e2c (0x00008fd9) c.or    a5, a4
core   0: 0 0x80006e2c (0x8fd9) x15 0xfffffafd
core   0: 0x80006e2e (0x0540f463) bgeu    ra, s4, pc + 72
core   0: 0 0x80006e2e (0x0540f463)
core   0: 0x80006e76 (0x01430c33) add     s8, t1, s4
core   0: 0 0x80006e76 (0x01430c33) x24 0xa0e08d16
core   0: 0x80006e7a (0xfa0456b7) lui     a3, 0xfa045
core   0: 0 0x80006e7a (0xfa0456b7) x13 0xfa045000
core   0: 0x80006e7e (0x40eb81b3) sub     gp, s7, a4
core   0: 0 0x80006e7e (0x40eb81b3) x3  0xa0e08ec3
core   0: 0x80006e82 (0x00000001) c.nop
core   0: 0 0x80006e82 (0x0001)
core   0: 0x80006e84 (0x41915093) srai    ra, sp, 25
core   0: 0 0x80006e84 (0x41915093) x1  0xffffffff
core   0: 0x80006e88 (0x01071763) bne     a4, a6, pc + 14
core   0: 0 0x80006e88 (0x01071763)
core   0: 0x80006e96 (0x00000001) c.nop
core   0: 0 0x80006e96 (0x0001)
core   0: 0x80006e98 (0x000082ca) c.mv    t0, s2
core   0: 0 0x80006e98 (0x82ca) x5  0xa0e08910
core   0: 0x80006e9a (0x00000292) c.slli  t0, 4
core   0: 0 0x80006e9a (0x0292) x5  0x0e089100
core   0: 0x80006e9c (0x0ff0000f) fence   iorw,iorw
core   0: 0 0x80006e9c (0x0ff0000f)
core   0: 0x80006ea0 (0x03e700b3) mul     ra, a4, t5
core   0: 0 0x80006ea0 (0x03e700b3) x1  0x72889894
core   0: 0x80006ea4 (0x00000001) c.nop
core   0: 0 0x80006ea4 (0x0001)
core   0: 0x80006ea6 (0x00511e93) slli    t4, sp, 5
core   0: 0 0x80006ea6 (0x00511e93) x29 0xfff61be0
core   0: 0x80006eaa (0x00000001) c.nop
core   0: 0 0x80006eaa (0x0001)
core   0: 0x80006eac (0x00008831) c.andi  s0, 12
core   0: 0 0x80006eac (0x8831) x8  0x00000008
core   0: 0x80006eae (0x03fc8833) mul     a6, s9, t6
core   0: 0 0x80006eae (0x03fc8833) x16 0x9148d632
core   0: 0x80006eb2 (0x0ff0000f) fence   iorw,iorw
core   0: 0 0x80006eb2 (0x0ff0000f)
core   0: 0x80006eb6 (0x00008ee1) c.and   a3, s0
core   0: 0 0x80006eb6 (0x8ee1) x13 0x00000000
core   0: 0x80006eb8 (0x0000c401) c.beqz  s0, pc + 8
core   0: 0 0x80006eb8 (0xc401)
core   0: 0x80006eba (0x00000001) c.nop
core   0: 0 0x80006eba (0x0001)
core   0: 0x80006ebc (0x0000100f) fence.i
core   0: 0 0x80006ebc (0x0000100f)
core   0: 0x80006ec0 (0x0744c693) xori    a3, s1, 116
core   0: 0 0x80006ec0 (0x0744c693) x13 0x80021e10
core   0: 0x80006ec4 (0x00009fb6) c.add   t6, a3
core   0: 0 0x80006ec4 (0x9fb6) x31 0xdf215bd9
core   0: 0x80006ec6 (0x00dce763) bltu    s9, a3, pc + 14
core   0: 0 0x80006ec6 (0x00dce763)
core   0: 0x80006ed4 (0x0144a133) slt     sp, s1, s4
core   0: 0 0x80006ed4 (0x0144a133) x2  0x00000001
core   0: 0x80006ed8 (0x02326363) bltu    tp, gp, pc + 38
core   0: 0 0x80006ed8 (0x02326363)
core   0: 0x80006efe (0x02c9c063) blt     s3, a2, pc + 32
core   0: 0 0x80006efe (0x02c9c063)
core   0: 0x80006f1e (0x68aead13) slti    s10, t4, 1674
core   0: 0 0x80006f1e (0x68aead13) x26 0x00000001
core   0: 0x80006f22 (0x00008e45) c.or    a2, s1
core   0: 0 0x80006f22 (0x8e45) x12 0xaaa79e64
core   0: 0x80006f24 (0x00008c66) c.mv    s8, s9
core   0: 0 0x80006f24 (0x8c66) x24 0x000055a2
core   0: 0x80006f26 (0x00008911) c.andi  a0, 4
core   0: 0 0x80006f26 (0x8911) x10 0x00000000
core   0: 0x80006f28 (0x0316dbb3) divu    s7, a3, a7
core   0: 0 0x80006f28 (0x0316dbb3) x23 0x00000000
core   0: 0x80006f2c (0x000087a1) c.srai  a5, 8
core   0: 0 0x80006f2c (0x87a1) x15 0xfffffffa
core   0: 0x80006f2e (0x03706933) rem     s2, zero, s7
core   0: 0 0x80006f2e (0x03706933) x18 0x00000000
core   0: 0x80006f32 (0x03180433) mul     s0, a6, a7
core   0: 0 0x80006f32 (0x03180433) x8  0x45fbf24c
core   0: 0x80006f36 (0x00000114) c.addi4spn a3, sp, 128
core   0: 0 0x80006f36 (0x0114) x13 0x00000081
core   0: 0x80006f38 (0x55dba293) slti    t0, s7, 1373
core   0: 0 0x80006f38 (0x55dba293) x5  0x00000001
core   0: 0x80006f3c (0x52e32513) slti    a0, t1, 1326
core   0: 0 0x80006f3c (0x52e32513) x10 0x00000001
core   0: 0x80006f40 (0x00006ff9) c.lui   t6, 0x1e
core   0: 0 0x80006f40 (0x6ff9) x31 0x0001e000
core   0: 0x80006f42 (0x40c60d33) sub     s10, a2, a2
core   0: 0 0x80006f42 (0x40c60d33) x26 0x00000000
core   0: 0x80006f46 (0x02e11eb3) mulh    t4, sp, a4
core   0: 0 0x80006f46 (0x02e11eb3) x29 0xffffffff
core   0: 0x80006f4a (0x0030cd63) blt     ra, gp, pc + 26
core   0: 0 0x80006f4a (0x0030cd63)
core   0: 0x80006f4e (0x00451933) sll     s2, a0, tp
core   0: 0 0x80006f4e (0x00451933) x18 0x00000001
core   0: 0x80006f52 (0x015be533) or      a0, s7, s5
core   0: 0 0x80006f52 (0x015be533) x10 0x00000000
core   0: 0x80006f56 (0x02ef7a33) remu    s4, t5, a4
core   0: 0 0x80006f56 (0x02ef7a33) x20 0x80025ce4
core   0: 0x80006f5a (0x02de0663) beq     t3, a3, pc + 44
core   0: 0 0x80006f5a (0x02de0663)
core   0: 0x80006f5e (0x41a150b3) sra     ra, sp, s10
core   0: 0 0x80006f5e (0x41a150b3) x1  0x00000001
core   0: 0x80006f62 (0x00000001) c.nop
core   0: 0 0x80006f62 (0x0001)
core   0: 0x80006f64 (0x00001ffd) c.addi  t6, -1
core   0: 0 0x80006f64 (0x1ffd) x31 0x0001dfff
core   0: 0x80006f66 (0x01c1b6b3) sltu    a3, gp, t3
core   0: 0 0x80006f66 (0x01c1b6b3) x13 0x00000000
core   0: 0x80006f6a (0x0332fa63) bgeu    t0, s3, pc + 52
core   0: 0 0x80006f6a (0x0332fa63)
core   0: 0x80006f6e (0x00008efd) c.and   a3, a5
core   0: 0 0x80006f6e (0x8efd) x13 0x00000000
core   0: 0x80006f70 (0x000083c1) c.srli  a5, 16
core   0: 0 0x80006f70 (0x83c1) x15 0x0000ffff
core   0: 0x80006f72 (0x00b0de13) srli    t3, ra, 11
core   0: 0 0x80006f72 (0x00b0de13) x28 0x00000000
core   0: 0x80006f76 (0x00008ebd) c.xor   a3, a5
core   0: 0 0x80006f76 (0x8ebd) x13 0x0000ffff
core   0: 0x80006f78 (0x00006171) c.addi16sp sp, 336
core   0: 0 0x80006f78 (0x6171) x2  0x00000151
core   0: 0x80006f7a (0x498dea93) ori     s5, s11, 1176
core   0: 0 0x80006f7a (0x498dea93) x21 0xfffff49d
core   0: 0x80006f7e (0x00b67333) and     t1, a2, a1
core   0: 0 0x80006f7e (0x00b67333) x6  0x88068c24
core   0: 0x80006f82 (0x02c40833) mul     a6, s0, a2
core   0: 0 0x80006f82 (0x02c40833) x16 0x5d898db0
core   0: 0x80006f86 (0x037eee33) rem     t3, t4, s7
core   0: 0 0x80006f86 (0x037eee33) x28 0xffffffff
core   0: 0x80006f8a (0x03f1b533) mulhu   a0, gp, t6
core   0: 0 0x80006f8a (0x03f1b533) x10 0x00012da4
core   0: 0x80006f8e (0x00008bb1) c.andi  a5, 12
core   0: 0 0x80006f8e (0x8bb1) x15 0x0000000c
core   0: 0x80006f90 (0x00008175) c.srli  a0, 29
core   0: 0 0x80006f90 (0x8175) x10 0x00000000
core   0: 0x80006f92 (0x00008e55) c.or    a2, a3
core   0: 0 0x80006f92 (0x8e55) x12 0xaaa7ffff
core   0: 0x80006f94 (0x03321b63) bne     tp, s3, pc + 54
core   0: 0 0x80006f94 (0x03321b63)
core   0: 0x80006fca (0x00001c7d) c.addi  s8, -1
core   0: 0 0x80006fca (0x1c7d) x24 0x000055a1
core   0: 0x80006fcc (0x4048d113) srai    sp, a7, 4
core   0: 0 0x80006fcc (0x4048d113) x2  0xfa0e08d1
core   0: 0x80006fd0 (0x004cdbb3) srl     s7, s9, tp
core   0: 0 0x80006fd0 (0x004cdbb3) x23 0x000055a2
core   0: 0x80006fd4 (0x00005afd) c.li    s5, -1
core   0: 0 0x80006fd4 (0x5afd) x21 0xffffffff
core   0: 0x80006fd6 (0x01ebf3b3) and     t2, s7, t5
core   0: 0 0x80006fd6 (0x01ebf3b3) x7  0x000054a0
core   0: 0x80006fda (0x00000001) c.nop
core   0: 0 0x80006fda (0x0001)
core   0: 0x80006fdc (0x00004089) c.li    ra, 2
core   0: 0 0x80006fdc (0x4089) x1  0x00000002
core   0: 0x80006fde (0x03c40eb3) mul     t4, s0, t3
core   0: 0 0x80006fde (0x03c40eb3) x29 0xba040db4
core   0: 0x80006fe2 (0x00d4c0b3) xor     ra, s1, a3
core   0: 0 0x80006fe2 (0x00d4c0b3) x1  0x8002e19b
core   0: 0x80006fe6 (0x0000717d) c.addi16sp sp, -16
core   0: 0 0x80006fe6 (0x717d) x2  0xfa0e08c1
core   0: 0x80006fe8 (0x0000031c) c.addi4spn a5, sp, 384
core   0: 0 0x80006fe8 (0x031c) x15 0xfa0e0a41
core   0: 0x80006fea (0x03efa833) mulhsu  a6, t6, t5
core   0: 0 0x80006fea (0x03efa833) x16 0x0000f003
core   0: 0x80006fee (0x00b19e33) sll     t3, gp, a1
core   0: 0 0x80006fee (0x00b19e33) x28 0xec300000
core   0: 0x80006ff2 (0x0ff0000f) fence   iorw,iorw
core   0: 0 0x80006ff2 (0x0ff0000f)
core   0: 0x80006ff6 (0x0000c209) c.beqz  a2, pc + 2
core   0: 0 0x80006ff6 (0xc209)
core   0: 0x80006ff8 (0x0ff0000f) fence   iorw,iorw
core   0: 0 0x80006ff8 (0x0ff0000f)
core   0: 0x80006ffc (0x00008699) c.srai  a3, 6
core   0: 0 0x80006ffc (0x8699) x13 0x000003ff
core   0: 0x80006ffe (0xdd18ea93) ori     s5, a7, -559
core   0: 0 0x80006ffe (0xdd18ea93) x21 0xfffffdd7
core   0: 0x80007002 (0x6a2de437) lui     s0, 0x6a2de
core   0: 0 0x80007002 (0x6a2de437) x8  0x6a2de000
core   0: 0x80007006 (0x00dd97b3) sll     a5, s11, a3
core   0: 0 0x80007006 (0x00dd97b3) x15 0x80000000
core   0: 0x8000700a (0x41a95713) srai    a4, s2, 26
core   0: 0 0x8000700a (0x41a95713) x14 0x00000000
core   0: 0x8000700e (0x0000e405) c.bnez  s0, pc + 40
core   0: 0 0x8000700e (0xe405)
core   0: 0x80007036 (0x84d20b13) addi    s6, tp, -1971
core   0: 0 0x80007036 (0x84d20b13) x22 0x3cc8984d
core   0: 0x8000703a (0x404a8533) sub     a0, s5, tp
core   0: 0 0x8000703a (0x404a8533) x10 0xc3375dd7
core   0: 0x8000703e (0x009dcfb3) xor     t6, s11, s1
core   0: 0 0x8000703e (0x009dcfb3) x31 0x7ffdea79
core   0: 0x80007042 (0x00000001) c.nop
core   0: 0 0x80007042 (0x0001)
core   0: 0x80007044 (0x00000331) c.addi  t1, 12
core   0: 0 0x80007044 (0x0331) x6  0x88068c30
core   0: 0x80007046 (0x015d2733) slt     a4, s10, s5
core   0: 0 0x80007046 (0x015d2733) x14 0x00000000
core   0: 0x8000704a (0xc179c293) xori    t0, s3, -1001
core   0: 0 0x8000704a (0xc179c293) x5  0x1a9c61eb
core   0: 0x8000704e (0x032cce33) div     t3, s9, s2
core   0: 0 0x8000704e (0x032cce33) x28 0x000055a2
core   0: 0x80007052 (0x00009fda) c.add   t6, s6
core   0: 0 0x80007052 (0x9fda) x31 0xbcc682c6
core   0: 0x80007054 (0x0000c919) c.beqz  a0, pc + 22
core   0: 0 0x80007054 (0xc919)
core   0: 0x80007056 (0x0353c633) div     a2, t2, s5
core   0: 0 0x80007056 (0x0353c633) x12 0xffffffd9
core   0: 0x8000705a (0x013a68b3) or      a7, s4, s3
core   0: 0 0x8000705a (0x013a68b3) x17 0xe563ddfc
core   0: 0x8000705e (0x02e9c833) div     a6, s3, a4
core   0: 0 0x8000705e (0x02e9c833) x16 0xffffffff
core   0: 0x80007062 (0x00411793) slli    a5, sp, 4
core   0: 0 0x80007062 (0x00411793) x15 0xa0e08c10
core   0: 0x80007066 (0x006e5863) bge     t3, t1, pc + 16
core   0: 0 0x80007066 (0x006e5863)
core   0: 0x80007076 (0x005533b3) sltu    t2, a0, t0
core   0: 0 0x80007076 (0x005533b3) x7  0x00000000
core   0: 0x8000707a (0x00008ee5) c.and   a3, s1
core   0: 0 0x8000707a (0x8ee5) x13 0x00000264
core   0: 0x8000707c (0x024e4563) blt     t3, tp, pc + 42
core   0: 0 0x8000707c (0x024e4563)
core   0: 0x800070a6 (0x00008c4d) c.or    s0, a1
core   0: 0 0x800070a6 (0x8c4d) x8  0xeb6fecb4
core   0: 0x800070a8 (0x002a2ab3) slt     s5, s4, sp
core   0: 0 0x800070a8 (0x002a2ab3) x21 0x00000001
core   0: 0x800070ac (0x01ce5cb3) srl     s9, t3, t3
core   0: 0 0x800070ac (0x01ce5cb3) x25 0x00001568
core   0: 0x800070b0 (0x03806b63) bltu    zero, s8, pc + 54
core   0: 0 0x800070b0 (0x03806b63)
core   0: 0x800070e6 (0x00d67763) bgeu    a2, a3, pc + 14
core   0: 0 0x800070e6 (0x00d67763)
core   0: 0x800070f4 (0x00008569) c.srai  a0, 26
core   0: 0 0x800070f4 (0x8569) x10 0xfffffff0
core   0: 0x800070f6 (0x0203c163) bltz    t2, pc + 34
core   0: 0 0x800070f6 (0x0203c163)
core   0: 0x800070fa (0x920ead93) slti    s11, t4, -1760
core   0: 0 0x800070fa (0x920ead93) x27 0x00000001
core   0: 0x800070fe (0x01dab833) sltu    a6, s5, t4
core   0: 0 0x800070fe (0x01dab833) x16 0x00000001
core   0: 0x80007102 (0x00008216) c.mv    tp, t0
core   0: 0 0x80007102 (0x8216) x4  0x1a9c61eb
core   0: 0x80007104 (0x000016fd) c.addi  a3, -1
core   0: 0 0x80007104 (0x16fd) x13 0x00000263
core   0: 0x80007106 (0xe065a013) slti    zero, a1, -506
core   0: 0 0x80007106 (0xe065a013)
core   0: 0x8000710a (0x00006415) c.lui   s0, 0x5
core   0: 0 0x8000710a (0x6415) x8  0x00005000
core   0: 0x8000710c (0x0ff0000f) fence   iorw,iorw
core   0: 0 0x8000710c (0x0ff0000f)
core   0: 0x80007110 (0x02d17933) remu    s2, sp, a3
core   0: 0 0x80007110 (0x02d17933) x18 0x00000254
core   0: 0x80007114 (0x02fffcb3) remu    s9, t6, a5
core   0: 0 0x80007114 (0x02fffcb3) x25 0x1be5f6b6
core   0: 0x80007118 (0x00000acd) c.addi  s5, 19
core   0: 0 0x80007118 (0x0acd) x21 0x00000014
core   0: 0x8000711a (0x00008f49) c.or    a4, a0
core   0: 0 0x8000711a (0x8f49) x14 0xfffffff0
core   0: 0x8000711c (0x0000e291) c.bnez  a3, pc + 4
core   0: 0 0x8000711c (0xe291)
core   0: 0x80007120 (0x03b04ab3) div     s5, zero, s11
core   0: 0 0x80007120 (0x03b04ab3) x21 0x00000000
core   0: 0x80007124 (0xb58c8d93) addi    s11, s9, -1192
core   0: 0 0x80007124 (0xb58c8d93) x27 0x1be5f20e
core   0: 0x80007128 (0x03e0d063) bge     ra, t5, pc + 32
core   0: 0 0x80007128 (0x03e0d063)
core   0: 0x80007148 (0x003c3bb3) sltu    s7, s8, gp
core   0: 0 0x80007148 (0x003c3bb3) x23 0x00000001
core   0: 0x8000714c (0x009703b3) add     t2, a4, s1
core   0: 0 0x8000714c (0x009703b3) x7  0x80021e54
core   0: 0x80007150 (0x021c1ab3) mulh    s5, s8, ra
core   0: 0 0x80007150 (0x021c1ab3) x21 0xffffd530
core   0: 0x80007154 (0x000009ba) c.slli  s3, 14
core   0: 0 0x80007154 (0x09ba) x19 0xe77f0000
core   0: 0x80007156 (0x41f7de13) srai    t3, a5, 31
core   0: 0 0x80007156 (0x41f7de13) x28 0xffffffff
core   0: 0x8000715a (0x023860b3) rem     ra, a6, gp
core   0: 0 0x8000715a (0x023860b3) x1  0x00000001
core   0: 0x8000715e (0xc0884d13) xori    s10, a6, -1016
core   0: 0 0x8000715e (0xc0884d13) x26 0xfffffc09
core   0: 0x80007162 (0x02601963) bne     zero, t1, pc + 50
core   0: 0 0x80007162 (0x02601963)
core   0: 0x80007194 (0x02ae7433) remu    s0, t3, a0
core   0: 0 0x80007194 (0x02ae7433) x8  0x0000000f
core   0: 0x80007198 (0x02887c63) bgeu    a6, s0, pc + 56
core   0: 0 0x80007198 (0x02887c63)
core   0: 0x8000719c (0x00000a19) c.addi  s4, 6
core   0: 0 0x8000719c (0x0a19) x20 0x80025cea
core   0: 0x8000719e (0x0279e1b3) rem     gp, s3, t2
core   0: 0 0x8000719e (0x0279e1b3) x3  0xe77f0000
core   0: 0x800071a2 (0x00008a45) c.andi  a2, 17
core   0: 0 0x800071a2 (0x8a45) x12 0x00000011
core   0: 0x800071a4 (0x00000001) c.nop
core   0: 0 0x800071a4 (0x0001)
core   0: 0x800071a6 (0x00008fe5) c.and   a5, s1
core   0: 0 0x800071a6 (0x8fe5) x15 0x80000c00
core   0: 0x800071a8 (0x0000100f) fence.i
core   0: 0 0x800071a8 (0x0000100f)
core   0: 0x800071ac (0x01e423b3) slt     t2, s0, t5
core   0: 0 0x800071ac (0x01e423b3) x7  0x00000000
core   0: 0x800071b0 (0x0284f363) bgeu    s1, s0, pc + 38
core   0: 0 0x800071b0 (0x0284f363)
core   0: 0x800071d6 (0x01f91763) bne     s2, t6, pc + 14
core   0: 0 0x800071d6 (0x01f91763)
core   0: 0x800071e4 (0x006b62b3) or      t0, s6, t1
core   0: 0 0x800071e4 (0x006b62b3) x5  0xbcce9c7d
core   0: 0x800071e8 (0x41f5d093) srai    ra, a1, 31
core   0: 0 0x800071e8 (0x41f5d093) x1  0xffffffff
core   0: 0x800071ec (0x0000e009) c.bnez  s0, pc + 2
core   0: 0 0x800071ec (0xe009)
core   0: 0x800071ee (0xd3698d17) auipc   s10, 0xd3698
core   0: 0 0x800071ee (0xd3698d17) x26 0x5369f1ee
core   0: 0x800071f2 (0x00000001) c.nop
core   0: 0 0x800071f2 (0x0001)
core   0: 0x800071f4 (0x02be6eb3) rem     t4, t3, a1
core   0: 0 0x800071f4 (0x02be6eb3) x29 0xffffffff
core   0: 0x800071f8 (0x03f4b733) mulhu   a4, s1, t6
core   0: 0 0x800071f8 (0x03f4b733) x14 0x5e64d159
core   0: 0x800071fc (0x0085ca33) xor     s4, a1, s0
core   0: 0 0x800071fc (0x0085ca33) x20 0x894eacbb
core   0: 0x80007200 (0x00000001) c.nop
core   0: 0 0x80007200 (0x0001)
core   0: 0x80007202 (0x000098f2) c.add   a7, t3
core   0: 0 0x80007202 (0x98f2) x17 0xe563ddfb
core   0: 0x80007204 (0x414a5b33) sra     s6, s4, s4
core   0: 0 0x80007204 (0x414a5b33) x22 0xfffffff1
core   0: 0x80007208 (0x00008ea6) c.mv    t4, s1
core   0: 0 0x80007208 (0x8ea6) x29 0x80021e64
core   0: 0x8000720a (0x00008fe9) c.and   a5, a0
core   0: 0 0x8000720a (0x8fe9) x15 0x80000c00
core   0: 0x8000720c (0x02785233) divu    tp, a6, t2
core   0: 0 0x8000720c (0x02785233) x4  0xffffffff
core   0: 0x80007210 (0x00008c71) c.and   s0, a2
core   0: 0 0x80007210 (0x8c71) x8  0x00000001
core   0: 0x80007212 (0xfc853c13) sltiu   s8, a0, -56
core   0: 0 0x80007212 (0xfc853c13) x24 0x00000000
core   0: 0x80007216 (0x06827013) andi    zero, tp, 104
core   0: 0 0x80007216 (0x06827013)
core   0: 0x8000721a (0x904af713) andi    a4, s5, -1788
core   0: 0 0x8000721a (0x904af713) x14 0xffffd100
core   0: 0x8000721e (0x00402bb3) slt     s7, zero, tp
core   0: 0 0x8000721e (0x00402bb3) x23 0x00000000
core   0: 0x80007222 (0x00006905) c.lui   s2, 0x1
core   0: 0 0x80007222 (0x6905) x18 0x00001000
core   0: 0x80007224 (0x00008ee5) c.and   a3, s1
core   0: 0 0x80007224 (0x8ee5) x13 0x00000260
core   0: 0x80007226 (0x024d10b3) mulh    ra, s10, tp
core   0: 0 0x80007226 (0x024d10b3) x1  0xffffffff
core   0: 0x8000722a (0x93754c13) xori    s8, a0, -1737
core   0: 0 0x8000722a (0x93754c13) x24 0x000006c7
core   0: 0x8000722e (0x5bf5cc93) xori    s9, a1, 1471
core   0: 0 0x8000722e (0x5bf5cc93) x25 0x894ea90b
core   0: 0x80007232 (0x00008a89) c.andi  a3, 2
core   0: 0 0x80007232 (0x8a89) x13 0x00000000
core   0: 0x80007234 (0x01cd1333) sll     t1, s10, t3
core   0: 0 0x80007234 (0x01cd1333) x6  0x00000000
core   0: 0x80007238 (0xd8157993) andi    s3, a0, -639
core   0: 0 0x80007238 (0xd8157993) x19 0xfffffd80
core   0: 0x8000723c (0x00008c09) c.sub   s0, a0
core   0: 0 0x8000723c (0x8c09) x8  0x00000011
core   0: 0x8000723e (0x00008e71) c.and   a2, a2
core   0: 0 0x8000723e (0x8e71) x12 0x00000011
core   0: 0x80007240 (0x018939b3) sltu    s3, s2, s8
core   0: 0 0x80007240 (0x018939b3) x19 0x00000000
core   0: 0x80007244 (0x00008d7d) c.and   a0, a5
core   0: 0 0x80007244 (0x8d7d) x10 0x80000c00
core   0: 0x80007246 (0x93b8e813) ori     a6, a7, -1733
core   0: 0 0x80007246 (0x93b8e813) x16 0xfffffdfb
core   0: 0x8000724a (0x00008c55) c.or    s0, a3
core   0: 0 0x8000724a (0x8c55) x8  0x00000011
core   0: 0x8000724c (0x022bc363) blt     s7, sp, pc + 38
core   0: 0 0x8000724c (0x022bc363)
core   0: 0x80007250 (0x4118db33) sra     s6, a7, a7
core   0: 0 0x80007250 (0x4118db33) x22 0xfffffffc
core   0: 0x80007254 (0x0000717d) c.addi16sp sp, -16
core   0: 0 0x80007254 (0x717d) x2  0xfa0e08b1
core   0: 0x80007256 (0x0000cb95) c.beqz  a5, pc + 52
core   0: 0 0x80007256 (0xcb95)
core   0: 0x80007258 (0xb2e42293) slti    t0, s0, -1234
core   0: 0 0x80007258 (0xb2e42293) x5  0x00000000
core   0: 0x8000725c (0x037aba33) mulhu   s4, s5, s7
core   0: 0 0x8000725c (0x037aba33) x20 0x00000000
core   0: 0x80007260 (0x00008c59) c.or    s0, a4
core   0: 0 0x80007260 (0x8c59) x8  0xffffd111
core   0: 0x80007262 (0x0ff0000f) fence   iorw,iorw
core   0: 0 0x80007262 (0x0ff0000f)
core   0: 0x80007266 (0x000013fd) c.addi  t2, -1
core   0: 0 0x80007266 (0x13fd) x7  0xffffffff
core   0: 0x80007268 (0x00001f80) c.addi4spn s0, sp, 1008
core   0: 0 0x80007268 (0x1f80) x8  0xfa0e0ca1
core   0: 0x8000726a (0x0253f513) andi    a0, t2, 37
core   0: 0 0x8000726a (0x0253f513) x10 0x00000025
core   0: 0x8000726e (0x00000109) c.addi  sp, 2
core   0: 0 0x8000726e (0x0109) x2  0xfa0e08b3
core   0: 0x80007270 (0x000060b9) c.lui   ra, 0xe
core   0: 0 0x80007270 (0x60b9) x1  0x0000e000
core   0: 0x80007272 (0x00c16563) bltu    sp, a2, pc + 10
core   0: 0 0x80007272 (0x00c16563)
core   0: 0x80007276 (0x0000022e) c.slli  tp, 11
core   0: 0 0x80007276 (0x022e) x4  0xfffff800
core   0: 0x80007278 (0x0195d533) srl     a0, a1, s9
core   0: 0 0x80007278 (0x0195d533) x10 0x001129d5
core   0: 0x8000727c (0x00008c7d) c.and   s0, a5
core   0: 0 0x8000727c (0x8c7d) x8  0x80000c00
core   0: 0x8000727e (0x001a3133) sltu    sp, s4, ra
core   0: 0 0x8000727e (0x001a3133) x2  0x00000001
core   0: 0x80007282 (0x03199163) bne     s3, a7, pc + 34
core   0: 0 0x80007282 (0x03199163)
core   0: 0x800072a4 (0x01f95813) srli    a6, s2, 31
core   0: 0 0x800072a4 (0x01f95813) x16 0x00000000
core   0: 0x800072a8 (0x01c8eb63) bltu    a7, t3, pc + 22
core   0: 0 0x800072a8 (0x01c8eb63)
core   0: 0x800072be (0x00379eb3) sll     t4, a5, gp
core   0: 0 0x800072be (0x00379eb3) x29 0x80000c00
core   0: 0x800072c2 (0x0000100f) fence.i
core   0: 0 0x800072c2 (0x0000100f)
core   0: 0x800072c6 (0x00aaad33) slt     s10, s5, a0
core   0: 0 0x800072c6 (0x00aaad33) x26 0x00000001
core   0: 0x800072ca (0x028eac33) mulhsu  s8, t4, s0
core   0: 0 0x800072ca (0x028eac33) x24 0xc0000000
core   0: 0x800072ce (0x00008ab1) c.andi  a3, 12
core   0: 0 0x800072ce (0x8ab1) x13 0x00000000
core   0: 0x800072d0 (0x01fa1db3) sll     s11, s4, t6
core   0: 0 0x800072d0 (0x01fa1db3) x27 0x00000000
core   0: 0x800072d4 (0x0ff0000f) fence   iorw,iorw
core   0: 0 0x800072d4 (0x0ff0000f)
core   0: 0x800072d8 (0x01f86433) or      s0, a6, t6
core   0: 0 0x800072d8 (0x01f86433) x8  0xbcc682c6
core   0: 0x800072dc (0x2dde6913) ori     s2, t3, 733
core   0: 0 0x800072dc (0x2dde6913) x18 0xffffffff
core   0: 0x800072e0 (0x019b7b33) and     s6, s6, s9
core   0: 0 0x800072e0 (0x019b7b33) x22 0x894ea908
core   0: 0x800072e4 (0x00008841) c.andi  s0, 16
core   0: 0 0x800072e4 (0x8841) x8  0x00000000
core   0: 0x800072e6 (0x005a66b3) or      a3, s4, t0
core   0: 0 0x800072e6 (0x005a66b3) x13 0x00000000
core   0: 0x800072ea (0xb4fa7d37) lui     s10, 0xb4fa7
core   0: 0 0x800072ea (0xb4fa7d37) x26 0xb4fa7000
core   0: 0x800072ee (0x2d7c0813) addi    a6, s8, 727
core   0: 0 0x800072ee (0x2d7c0813) x16 0xc00002d7
core   0: 0x800072f2 (0x0334e1b3) rem     gp, s1, s3
core   0: 0 0x800072f2 (0x0334e1b3) x3  0x80021e64
core   0: 0x800072f6 (0x0362fb33) remu    s6, t0, s6
core   0: 0 0x800072f6 (0x0362fb33) x22 0x00000000
core   0: 0x800072fa (0x00000001) c.nop
core   0: 0 0x800072fa (0x0001)
core   0: 0x800072fc (0xf015fa13) andi    s4, a1, -255
core   0: 0 0x800072fc (0xf015fa13) x20 0x894eac00
core   0: 0x80007300 (0x00008789) c.srai  a5, 2
core   0: 0 0x80007300 (0x8789) x15 0xe0000300
core   0: 0x80007302 (0x00004ac1) c.li    s5, 16
core   0: 0 0x80007302 (0x4ac1) x21 0x00000010
core   0: 0x80007304 (0x0299eab3) rem     s5, s3, s1
core   0: 0 0x80007304 (0x0299eab3) x21 0x00000000
core   0: 0x80007308 (0x03fe7d33) remu    s10, t3, t6
core   0: 0 0x80007308 (0x03fe7d33) x26 0x43397d39
core   0: 0x8000730c (0x05a48193) addi    gp, s1, 90
core   0: 0 0x8000730c (0x05a48193) x3  0x80021ebe
core   0: 0x80007310 (0x0005c663) bltz    a1, pc + 12
core   0: 0 0x80007310 (0x0005c663)
core   0: 0x8000731c (0x030969b3) rem     s3, s2, a6
core   0: 0 0x8000731c (0x030969b3) x19 0xffffffff
core   0: 0x80007320 (0x00008341) c.srli  a4, 16
core   0: 0 0x80007320 (0x8341) x14 0x0000ffff
core   0: 0x80007322 (0x0ff0000f) fence   iorw,iorw
core   0: 0 0x80007322 (0x0ff0000f)
core   0: 0x80007326 (0x00008d55) c.or    a0, a3
core   0: 0 0x80007326 (0x8d55) x10 0x001129d5
core   0: 0x80007328 (0x0ff0000f) fence   iorw,iorw
core   0: 0 0x80007328 (0x0ff0000f)
core   0: 0x8000732c (0x32e0c917) auipc   s2, 0x32e0c
core   0: 0 0x8000732c (0x32e0c917) x18 0xb2e1332c
core   0: 0x80007330 (0x01440e33) add     t3, s0, s4
core   0: 0 0x80007330 (0x01440e33) x28 0x894eac00
core   0: 0x80007334 (0x00000652) c.slli  a2, 20
core   0: 0 0x80007334 (0x0652) x12 0x01100000
core   0: 0x80007336 (0x00000001) c.nop
core   0: 0 0x80007336 (0x0001)
core   0: 0x80007338 (0x0ff0000f) fence   iorw,iorw
core   0: 0 0x80007338 (0x0ff0000f)
core   0: 0x8000733c (0xb5a90393) addi    t2, s2, -1190
core   0: 0 0x8000733c (0xb5a90393) x7  0xb2e12e86
core   0: 0x80007340 (0x0000c919) c.beqz  a0, pc + 22
core   0: 0 0x80007340 (0xc919)
core   0: 0x80007342 (0x02ee11b3) mulh    gp, t3, a4
core   0: 0 0x80007342 (0x02ee11b3) x3  0xffff894f
core   0: 0x80007346 (0x02887a63) bgeu    a6, s0, pc + 52
core   0: 0 0x80007346 (0x02887a63)
core   0: 0x8000737a (0x00008f09) c.sub   a4, a0
core   0: 0 0x8000737a (0x8f09) x14 0xffefd62a
core   0: 0x8000737c (0x01e8ee33) or      t3, a7, t5
core   0: 0 0x8000737c (0x01e8ee33) x28 0xe563ddff
core   0: 0x80007380 (0x000082ad) c.srli  a3, 11
core   0: 0 0x80007380 (0x82ad) x13 0x00000000
core   0: 0x80007382 (0x0000046e) c.slli  s0, 27
core   0: 0 0x80007382 (0x046e) x8  0x00000000
core   0: 0x80007384 (0x014b4f63) blt     s6, s4, pc + 30
core   0: 0 0x80007384 (0x014b4f63)
core   0: 0x80007388 (0x402b8cb3) sub     s9, s7, sp
core   0: 0 0x80007388 (0x402b8cb3) x25 0xffffffff
core   0: 0x8000738c (0x61892893) slti    a7, s2, 1560
core   0: 0 0x8000738c (0x61892893) x17 0x00000001
core   0: 0x80007390 (0x03795563) bge     s2, s7, pc + 42
core   0: 0 0x80007390 (0x03795563)
core   0: 0x80007394 (0x00009476) c.add   s0, t4
core   0: 0 0x80007394 (0x9476) x8  0x80000c00
core   0: 0x80007396 (0x02fcaeb3) mulhsu  t4, s9, a5
core   0: 0 0x80007396 (0x02fcaeb3) x29 0xffffffff
core   0: 0x8000739a (0x22767c93) andi    s9, a2, 551
core   0: 0 0x8000739a (0x22767c93) x25 0x00000000
core   0: 0x8000739e (0x00cf8433) add     s0, t6, a2
core   0: 0 0x8000739e (0x00cf8433) x8  0xbdd682c6
core   0: 0x800073a2 (0xaeaf0b93) addi    s7, t5, -1302
core   0: 0 0x800073a2 (0xaeaf0b93) x23 0x800257ce
core   0: 0x800073a6 (0xc3d74513) xori    a0, a4, -963
core   0: 0 0x800073a6 (0xc3d74513) x10 0x00102a17
core   0: 0x800073aa (0x0000100f) fence.i
core   0: 0 0x800073aa (0x0000100f)
core   0: 0x800073ae (0x00008d5e) c.mv    s10, s7
core   0: 0 0x800073ae (0x8d5e) x26 0x800257ce
core   0: 0x800073b0 (0x03a198b3) mulh    a7, gp, s10
core   0: 0 0x800073b0 (0x03a198b3) x17 0x00003b57
core   0: 0x800073b4 (0x03f4fe33) remu    t3, s1, t6
core   0: 0 0x800073b4 (0x03f4fe33) x28 0x80021e64
core   0: 0x800073b8 (0x0000cc0d) c.beqz  s0, pc + 58
core   0: 0 0x800073b8 (0xcc0d)
core   0: 0x800073ba (0xab400317) auipc   t1, 0xab400
core   0: 0 0x800073ba (0xab400317) x6  0x2b4073ba
core   0: 0x800073be (0x0000100f) fence.i
core   0: 0 0x800073be (0x0000100f)
core   0: 0x800073c2 (0x000087dd) c.srai  a5, 23
core   0: 0 0x800073c2 (0x87dd) x15 0xffffffc0
core   0: 0x800073c4 (0x00009013) slli    zero, ra, 0
core   0: 0 0x800073c4 (0x00009013)
core   0: 0x800073c8 (0x00009cf2) c.add   s9, t3
core   0: 0 0x800073c8 (0x9cf2) x25 0x80021e64
core   0: 0x800073ca (0x0000c419) c.beqz  s0, pc + 14
core   0: 0 0x800073ca (0xc419)
core   0: 0x800073cc (0x48404c93) xori    s9, zero, 1156
core   0: 0 0x800073cc (0x48404c93) x25 0x00000484
core   0: 0x800073d0 (0x019246b3) xor     a3, tp, s9
core   0: 0 0x800073d0 (0x019246b3) x13 0xfffffc84
core   0: 0x800073d4 (0xc44af113) andi    sp, s5, -956
core   0: 0 0x800073d4 (0xc44af113) x2  0x00000000
core   0: 0x800073d8 (0x008187b3) add     a5, gp, s0
core   0: 0 0x800073d8 (0x008187b3) x15 0xbdd60c15
core   0: 0x800073dc (0x0177c533) xor     a0, a5, s7
core   0: 0 0x800073dc (0x0177c533) x10 0x3dd45bdb
core   0: 0x800073e0 (0x01c2bcb3) sltu    s9, t0, t3
core   0: 0 0x800073e0 (0x01c2bcb3) x25 0x00000001
core   0: 0x800073e4 (0x415f5eb3) sra     t4, t5, s5
core   0: 0 0x800073e4 (0x415f5eb3) x29 0x80025ce4
core   0: 0x800073e8 (0x0271b7b3) mulhu   a5, gp, t2
core   0: 0 0x800073e8 (0x0271b7b3) x15 0xb2e0db96
core   0: 0x800073ec (0x032a46b3) div     a3, s4, s2
core   0: 0 0x800073ec (0x032a46b3) x13 0x00000001
core   0: 0x800073f0 (0x00008f09) c.sub   a4, a0
core   0: 0 0x800073f0 (0x8f09) x14 0xc21b7a4f
core   0: 0x800073f2 (0x00008149) c.srli  a0, 18
core   0: 0 0x800073f2 (0x8149) x10 0x00000f75
core   0: 0x800073f4 (0x00000001) c.nop
core   0: 0 0x800073f4 (0x0001)
core   0: 0x800073f6 (0x00457eb3) and     t4, a0, tp
core   0: 0 0x800073f6 (0x00457eb3) x29 0x00000800
core   0: 0x800073fa (0x02b5f863) bgeu    a1, a1, pc + 48
core   0: 0 0x800073fa (0x02b5f863)
core   0: 0x8000742a (0x00008731) c.srai  a4, 12
core   0: 0 0x8000742a (0x8731) x14 0xfffc21b7
core   0: 0x8000742c (0x00000226) c.slli  tp, 9
core   0: 0 0x8000742c (0x0226) x4  0xfff00000
core   0: 0x8000742e (0x000056fd) c.li    a3, -1
core   0: 0 0x8000742e (0x56fd) x13 0xffffffff
core   0: 0x80007430 (0x4fc80e13) addi    t3, a6, 1276
core   0: 0 0x80007430 (0x4fc80e13) x28 0xc00007d3
core   0: 0x80007434 (0x000002de) c.slli  t0, 23
core   0: 0 0x80007434 (0x02de) x5  0x00000000
core   0: 0x80007436 (0x02f43933) mulhu   s2, s0, a5
core   0: 0 0x80007436 (0x02f43933) x18 0x84a5e575
core   0: 0x8000743a (0x000087d1) c.srai  a5, 20
core   0: 0 0x8000743a (0x87d1) x15 0xfffffb2e
core   0: 0x8000743c (0x42cc0e17) auipc   t3, 0x42cc0
core   0: 0 0x8000743c (0x42cc0e17) x28 0xc2cc743c
core   0: 0x80007440 (0x0117d193) srli    gp, a5, 17
core   0: 0 0x80007440 (0x0117d193) x3  0x00007fff
core   0: 0x80007444 (0x02a9bab3) mulhu   s5, s3, a0
core   0: 0 0x80007444 (0x02a9bab3) x21 0x00000f74
core   0: 0x80007448 (0x00008335) c.srli  a4, 13
core   0: 0 0x80007448 (0x8335) x14 0x0007ffe1
core   0: 0x8000744a (0x40265193) srai    gp, a2, 2
core   0: 0 0x8000744a (0x40265193) x3  0x00440000
core   0: 0x8000744e (0x411a02b3) sub     t0, s4, a7
core   0: 0 0x8000744e (0x411a02b3) x5  0x894e70a9
core   0: 0x80007452 (0x002a9993) slli    s3, s5, 2
core   0: 0 0x80007452 (0x002a9993) x19 0x00003dd0
core   0: 0x80007456 (0x017c8a33) add     s4, s9, s7
core   0: 0 0x80007456 (0x017c8a33) x20 0x800257cf
core   0: 0x8000745a (0x00008459) c.srai  s0, 22
core   0: 0 0x8000745a (0x8459) x8  0xfffffef7
core   0: 0x8000745c (0xe26ab213) sltiu   tp, s5, -474
core   0: 0 0x8000745c (0xe26ab213) x4  0x00000001
core   0: 0x80007460 (0x024e1433) mulh    s0, t3, tp
core   0: 0 0x80007460 (0x024e1433) x8  0xffffffff
core   0: 0x80007464 (0x0000100f) fence.i
core   0: 0 0x80007464 (0x0000100f)
core   0: 0x80007468 (0x00009e9a) c.add   t4, t1
core   0: 0 0x80007468 (0x9e9a) x29 0x2b407bba
core   0: 0x8000746a (0x00000106) c.slli  sp, 1
core   0: 0 0x8000746a (0x0106) x2  0x00000000
core   0: 0x8000746c (0xf2fc2113) slti    sp, s8, -209
core   0: 0 0x8000746c (0xf2fc2113) x2  0x00000001
core   0: 0x80007470 (0x00008c79) c.and   s0, a4
core   0: 0 0x80007470 (0x8c79) x8  0x0007ffe1
core   0: 0x80007472 (0x02f10eb3) mul     t4, sp, a5
core   0: 0 0x80007472 (0x02f10eb3) x29 0xfffffb2e
core   0: 0x80007476 (0x00008c09) c.sub   s0, a0
core   0: 0 0x80007476 (0x8c09) x8  0x0007f06c
core   0: 0x80007478 (0x02f602b3) mul     t0, a2, a5
core   0: 0 0x80007478 (0x02f602b3) x5  0xe0e00000
core   0: 0x8000747c (0xedb729b7) lui     s3, 0xedb72
core   0: 0 0x8000747c (0xedb729b7) x19 0xedb72000
core   0: 0x80007480 (0x201d0a13) addi    s4, s10, 513
core   0: 0 0x80007480 (0x201d0a13) x20 0x800259cf
core   0: 0x80007484 (0x02dda233) mulhsu  tp, s11, a3
core   0: 0 0x80007484 (0x02dda233) x4  0x00000000
core   0: 0x80007488 (0x0000800d) c.srli  s0, 3
core   0: 0 0x80007488 (0x800d) x8  0x0000fe0d
core   0: 0x8000748a (0x00000001) c.nop
core   0: 0 0x8000748a (0x0001)
core   0: 0x8000748c (0x0173ee63) bltu    t2, s7, pc + 28
core   0: 0 0x8000748c (0x0173ee63)
core   0: 0x80007490 (0x000093e6) c.add   t2, s9
core   0: 0 0x80007490 (0x93e6) x7  0xb2e12e87
core   0: 0x80007492 (0x039f5863) bge     t5, s9, pc + 48
core   0: 0 0x80007492 (0x039f5863)
core   0: 0x80007496 (0x04516263) bltu    sp, t0, pc + 68
core   0: 0 0x80007496 (0x04516263)
core   0: 0x800074da (0x02fe5763) bge     t3, a5, pc + 46
core   0: 0 0x800074da (0x02fe5763)
core   0: 0x800074de (0x00000dee) c.slli  s11, 27
core   0: 0 0x800074de (0x0dee) x27 0x00000000
core   0: 0x800074e0 (0x024e1b63) bne     t3, tp, pc + 54
core   0: 0 0x800074e0 (0x024e1b63)
core   0: 0x80007516 (0x0000cc01) c.beqz  s0, pc + 24
core   0: 0 0x80007516 (0xcc01)
core   0: 0x80007518 (0x403202b3) sub     t0, tp, gp
core   0: 0 0x80007518 (0x403202b3) x5  0xffbc0000
core   0: 0x8000751c (0x00197fb3) and     t6, s2, ra
core   0: 0 0x8000751c (0x00197fb3) x31 0x0000e000
core   0: 0x80007520 (0x03145e33) divu    t3, s0, a7
core   0: 0 0x80007520 (0x03145e33) x28 0x00000004
core   0: 0x80007524 (0xd141f913) andi    s2, gp, -748
core   0: 0 0x80007524 (0xd141f913) x18 0x00440000
core   0: 0x80007528 (0x00008e71) c.and   a2, a2
core   0: 0 0x80007528 (0x8e71) x12 0x01100000
core   0: 0x8000752a (0x00a3de33) srl     t3, t2, a0
core   0: 0 0x8000752a (0x00a3de33) x28 0x00000597
core   0: 0x8000752e (0x02a82db3) mulhsu  s11, a6, a0
core   0: 0 0x8000752e (0x02a82db3) x27 0xfffffc22
core   0: 0x80007532 (0x03d29b63) bne     t0, t4, pc + 54
core   0: 0 0x80007532 (0x03d29b63)
core   0: 0x80007568 (0xcd256213) ori     tp, a0, -814
core   0: 0 0x80007568 (0xcd256213) x4  0xfffffff7
core   0: 0x8000756c (0x000082b5) c.srli  a3, 13
core   0: 0 0x8000756c (0x82b5) x13 0x0007ffff
core   0: 0x8000756e (0xaa923e93) sltiu   t4, tp, -1367
core   0: 0 0x8000756e (0xaa923e93) x29 0x00000000
core   0: 0x80007572 (0x0000100f) fence.i
core   0: 0 0x80007572 (0x0000100f)
core   0: 0x80007576 (0x02f9e363) bltu    s3, a5, pc + 38
core   0: 0 0x80007576 (0x02f9e363)
core   0: 0x8000759c (0x00008c09) c.sub   s0, a0
core   0: 0 0x8000759c (0x8c09) x8  0x0000ee98
core   0: 0x8000759e (0x00006545) c.lui   a0, 0x11
core   0: 0 0x8000759e (0x6545) x10 0x00011000
core   0: 0x800075a0 (0x011a7663) bgeu    s4, a7, pc + 12
core   0: 0 0x800075a0 (0x011a7663)
core   0: 0x800075ac (0x031b1863) bne     s6, a7, pc + 48
core   0: 0 0x800075ac (0x031b1863)
core   0: 0x800075dc (0x002169b3) or      s3, sp, sp
core   0: 0 0x800075dc (0x002169b3) x19 0x00000001
core   0: 0x800075e0 (0x0ff0000f) fence   iorw,iorw
core   0: 0 0x800075e0 (0x0ff0000f)
core   0: 0x800075e4 (0x00006125) c.addi16sp sp, 96
core   0: 0 0x800075e4 (0x6125) x2  0x00000061
core   0: 0x800075e6 (0x0000e40d) c.bnez  s0, pc + 42
core   0: 0 0x800075e6 (0xe40d)
core   0: 0x80007610 (0xe800eb17) auipc   s6, 0xe800e
core   0: 0 0x80007610 (0xe800eb17) x22 0x68015610
core   0: 0x80007614 (0x00000001) c.nop
core   0: 0 0x80007614 (0x0001)
core   0: 0x80007616 (0x0189f233) and     tp, s3, s8
core   0: 0 0x80007616 (0x0189f233) x4  0x00000000
core   0: 0x8000761a (0x00000c36) c.slli  s8, 13
core   0: 0 0x8000761a (0x0c36) x24 0x00000000
core   0: 0x8000761c (0x0ff0000f) fence   iorw,iorw
core   0: 0 0x8000761c (0x0ff0000f)
core   0: 0x80007620 (0x034d6c33) rem     s8, s10, s4
core   0: 0 0x80007620 (0x034d6c33) x24 0xfffffdff
core   0: 0x80007624 (0x03173cb3) mulhu   s9, a4, a7
core   0: 0 0x80007624 (0x03173cb3) x25 0x00000001
core   0: 0x80007628 (0x41cb83b3) sub     t2, s7, t3
core   0: 0 0x80007628 (0x41cb83b3) x7  0x80025237
core   0: 0x8000762c (0x03eb0563) beq     s6, t5, pc + 42
core   0: 0 0x8000762c (0x03eb0563)
core   0: 0x80007630 (0x0048db13) srli    s6, a7, 4
core   0: 0 0x80007630 (0x0048db13) x22 0x000003b5
core   0: 0x80007634 (0x00c3b233) sltu    tp, t2, a2
core   0: 0 0x80007634 (0x00c3b233) x4  0x00000000
core   0: 0x80007638 (0x0164f933) and     s2, s1, s6
core   0: 0 0x80007638 (0x0164f933) x18 0x00000224
core   0: 0x8000763c (0x00008a1d) c.andi  a2, 7
core   0: 0 0x8000763c (0x8a1d) x12 0x00000000
core   0: 0x8000763e (0x0101f463) bgeu    gp, a6, pc + 8
core   0: 0 0x8000763e (0x0101f463)
core   0: 0x80007642 (0x0000c681) c.beqz  a3, pc + 8
core   0: 0 0x80007642 (0xc681)
core   0: 0x80007644 (0x0000635d) c.lui   t1, 0x17
core   0: 0 0x80007644 (0x635d) x6  0x00017000
core   0: 0x80007646 (0x00458a33) add     s4, a1, tp
core   0: 0 0x80007646 (0x00458a33) x20 0x894eacb4
core   0: 0x8000764a (0x03406963) bltu    zero, s4, pc + 50
core   0: 0 0x8000764a (0x03406963)
core   0: 0x8000767c (0x0000935e) c.add   t1, s7
core   0: 0 0x8000767c (0x935e) x6  0x8003c7ce
core   0: 0x8000767e (0x016ffcb3) and     s9, t6, s6
core   0: 0 0x8000767e (0x016ffcb3) x25 0x00000000
core   0: 0x80007682 (0x4d3ba093) slti    ra, s7, 1235
core   0: 0 0x80007682 (0x4d3ba093) x1  0x00000001
core   0: 0x80007686 (0x00008ac2) c.mv    s5, a6
core   0: 0 0x80007686 (0x8ac2) x21 0xc00002d7
core   0: 0x80007688 (0x008b89b3) add     s3, s7, s0
core   0: 0 0x80007688 (0x008b89b3) x19 0x80034666
core   0: 0x8000768c (0x25fea893) slti    a7, t4, 607
core   0: 0 0x8000768c (0x25fea893) x17 0x00000001
core   0: 0x80007690 (0xa5a9a293) slti    t0, s3, -1446
core   0: 0 0x80007690 (0xa5a9a293) x5  0x00000001
core   0: 0x80007694 (0x000f9193) slli    gp, t6, 0
core   0: 0 0x80007694 (0x000f9193) x3  0x0000e000
core   0: 0x80007698 (0x01039833) sll     a6, t2, a6
core   0: 0 0x80007698 (0x01039833) x16 0x1b800000
core   0: 0x8000769c (0x0000100f) fence.i
core   0: 0 0x8000769c (0x0000100f)
core   0: 0x800076a0 (0x01545e63) bge     s0, s5, pc + 28
core   0: 0 0x800076a0 (0x01545e63)
core   0: 0x800076bc (0x00000001) c.nop
core   0: 0 0x800076bc (0x0001)
core   0: 0x800076be (0x1c168613) addi    a2, a3, 449
core   0: 0 0x800076be (0x1c168613) x12 0x000801c0
core   0: 0x800076c2 (0x00000bc1) c.addi  s7, 16
core   0: 0 0x800076c2 (0x0bc1) x23 0x800257de
core   0: 0x800076c4 (0x00000ea6) c.slli  t4, 9
core   0: 0 0x800076c4 (0x0ea6) x29 0x00000000
core   0: 0x800076c6 (0x00008efe) c.mv    t4, t6
core   0: 0 0x800076c6 (0x8efe) x29 0x0000e000
core   0: 0x800076c8 (0x00008d59) c.or    a0, a4
core   0: 0 0x800076c8 (0x8d59) x10 0x0007ffe1
core   0: 0x800076ca (0x0146c1b3) xor     gp, a3, s4
core   0: 0 0x800076ca (0x0146c1b3) x3  0x8949534b
core   0: 0x800076ce (0x039b1833) mulh    a6, s6, s9
core   0: 0 0x800076ce (0x039b1833) x16 0x00000000
core   0: 0x800076d2 (0x0000055a) c.slli  a0, 22
core   0: 0 0x800076d2 (0x055a) x10 0xf8400000
core   0: 0x800076d4 (0x0000e60d) c.bnez  a2, pc + 42
core   0: 0 0x800076d4 (0xe60d)
core   0: 0x800076fe (0x8ae5b517) auipc   a0, 0x8ae5b
core   0: 0 0x800076fe (0x8ae5b517) x10 0x0ae626fe
core   0: 0x80007702 (0x013733b3) sltu    t2, a4, s3
core   0: 0 0x80007702 (0x013733b3) x7  0x00000001
core   0: 0x80007706 (0xa2720637) lui     a2, 0xa2720
core   0: 0 0x80007706 (0xa2720637) x12 0xa2720000
core   0: 0x8000770a (0x6c73e893) ori     a7, t2, 1735
core   0: 0 0x8000770a (0x6c73e893) x17 0x000006c7
core   0: 0x8000770e (0x027307b3) mul     a5, t1, t2
core   0: 0 0x8000770e (0x027307b3) x15 0x8003c7ce
core   0: 0x80007712 (0x03ccdf63) bge     s9, t3, pc + 62
core   0: 0 0x80007712 (0x03ccdf63)
core   0: 0x80007716 (0x00000001) c.nop
core   0: 0 0x80007716 (0x0001)
core   0: 0x80007718 (0x00d9d433) srl     s0, s3, a3
core   0: 0 0x80007718 (0x00d9d433) x8  0x00000001
core   0: 0x8000771c (0x0000694d) c.lui   s2, 0x13
core   0: 0 0x8000771c (0x694d) x18 0x00013000
core   0: 0x8000771e (0x00008761) c.srai  a4, 24
core   0: 0 0x8000771e (0x8761) x14 0x00000000
core   0: 0x80007720 (0x0000100f) fence.i
core   0: 0 0x80007720 (0x0000100f)
core   0: 0x80007724 (0x00000336) c.slli  t1, 13
core   0: 0 0x80007724 (0x0336) x6  0x78f9c000
core   0: 0x80007726 (0x00470c33) add     s8, a4, tp
core   0: 0 0x80007726 (0x00470c33) x24 0x00000000
core   0: 0x8000772a (0x417b5d13) srai    s10, s6, 23
core   0: 0 0x8000772a (0x417b5d13) x26 0x00000000
core   0: 0x8000772e (0x00008b09) c.andi  a4, 2
core   0: 0 0x8000772e (0x8b09) x14 0x00000000
core   0: 0x80007730 (0x0000100f) fence.i
core   0: 0 0x80007730 (0x0000100f)
core   0: 0x80007734 (0x2ade7317) auipc   t1, 0x2ade7
core   0: 0 0x80007734 (0x2ade7317) x6  0xaadee734
core   0: 0x80007738 (0x00008f89) c.sub   a5, a0
core   0: 0 0x80007738 (0x8f89) x15 0x751da0d0
core   0: 0x8000773a (0x007c5c33) srl     s8, s8, t2
core   0: 0 0x8000773a (0x007c5c33) x24 0x00000000
core   0: 0x8000773e (0x00008259) c.srli  a2, 22
core   0: 0 0x8000773e (0x8259) x12 0x00000289
core   0: 0x80007740 (0xa277ea97) auipc   s5, 0xa277e
core   0: 0 0x80007740 (0xa277ea97) x21 0x22785740
core   0: 0x80007744 (0x0170ec63) bltu    ra, s7, pc + 24
core   0: 0 0x80007744 (0x0170ec63)
core   0: 0x8000775c (0x014b2cb3) slt     s9, s6, s4
core   0: 0 0x8000775c (0x014b2cb3) x25 0x00000000
core   0: 0x80007760 (0x01b91863) bne     s2, s11, pc + 16
core   0: 0 0x80007760 (0x01b91863)
core   0: 0x80007770 (0x00008fa9) c.xor   a5, a0
core   0: 0 0x80007770 (0x8fa9) x15 0x7ffb862e
core   0: 0x80007772 (0x01520e33) add     t3, tp, s5
core   0: 0 0x80007772 (0x01520e33) x28 0x22785740
core   0: 0x80007776 (0x00008e99) c.sub   a3, a4
core   0: 0 0x80007776 (0x8e99) x13 0x0007ffff
core   0: 0x80007778 (0x00feefb3) or      t6, t4, a5
core   0: 0 0x80007778 (0x00feefb3) x31 0x7ffbe62e
core   0: 0x8000777c (0x0000e909) c.bnez  a0, pc + 18
core   0: 0 0x8000777c (0xe909)
core   0: 0x8000778e (0x00008c75) c.and   s0, a3
core   0: 0 0x8000778e (0x8c75) x8  0x00000001
core   0: 0x80007790 (0x03f922b3) mulhsu  t0, s2, t6
core   0: 0 0x80007790 (0x03f922b3) x5  0x000097fb
core   0: 0x80007794 (0x00008d05) c.sub   a0, s1
core   0: 0 0x80007794 (0x8d05) x10 0x8ae4089a
core   0: 0x80007796 (0x03016ab3) rem     s5, sp, a6
core   0: 0 0x80007796 (0x03016ab3) x21 0x00000061
core   0: 0x8000779a (0x00000e9c) c.addi4spn a5, sp, 848
core   0: 0 0x8000779a (0x0e9c) x15 0x000003b1
core   0: 0x8000779c (0xba064993) xori    s3, a2, -1120
core   0: 0 0x8000779c (0xba064993) x19 0xfffff929
core   0: 0x800077a0 (0x00992533) slt     a0, s2, s1
core   0: 0 0x800077a0 (0x00992533) x10 0x00000000
core   0: 0x800077a4 (0x00008d0d) c.sub   a0, a1
core   0: 0 0x800077a4 (0x8d0d) x10 0x76b1534c
core   0: 0x800077a6 (0x00008d31) c.xor   a0, a2
core   0: 0 0x800077a6 (0x8d31) x10 0x76b151c5
core   0: 0x800077a8 (0x00008471) c.srai  s0, 28
core   0: 0 0x800077a8 (0x8471) x8  0x00000000
core   0: 0x800077aa (0x03444cb3) div     s9, s0, s4
core   0: 0 0x800077aa (0x03444cb3) x25 0x00000000
core   0: 0x800077ae (0x032eeb63) bltu    t4, s2, pc + 54
core   0: 0 0x800077ae (0x032eeb63)
core   0: 0x800077e4 (0x01765b13) srli    s6, a2, 23
core   0: 0 0x800077e4 (0x01765b13) x22 0x00000000
core   0: 0x800077e8 (0x02c4da33) divu    s4, s1, a2
core   0: 0 0x800077e8 (0x02c4da33) x20 0x00327e45
core   0: 0x800077ec (0x00008179) c.srli  a0, 30
core   0: 0 0x800077ec (0x8179) x10 0x00000001
core   0: 0x800077ee (0x00935133) srl     sp, t1, s1
core   0: 0 0x800077ee (0x00935133) x2  0x0aadee73
core   0: 0x800077f2 (0x0355ce33) div     t3, a1, s5
core   0: 0 0x800077f2 (0x0355ce33) x28 0xfec6bfce
core   0: 0x800077f6 (0x023dc033) div     zero, s11, gp
core   0: 0 0x800077f6 (0x023dc033)
core   0: 0x800077fa (0x0185a0b3) slt     ra, a1, s8
core   0: 0 0x800077fa (0x0185a0b3) x1  0x00000001
core   0: 0x800077fe (0x0109b933) sltu    s2, s3, a6
core   0: 0 0x800077fe (0x0109b933) x18 0x00000000
core   0: 0x80007802 (0x02816e33) rem     t3, sp, s0
core   0: 0 0x80007802 (0x02816e33) x28 0x0aadee73
core   0: 0x80007806 (0x00004235) c.li    tp, 13
core   0: 0 0x80007806 (0x4235) x4  0x0000000d
core   0: 0x80007808 (0x00df4e33) xor     t3, t5, a3
core   0: 0 0x80007808 (0x00df4e33) x28 0x8005a31b
core   0: 0x8000780c (0x010d6663) bltu    s10, a6, pc + 12
core   0: 0 0x8000780c (0x010d6663)
core   0: 0x80007810 (0x40065893) srai    a7, a2, 0
core   0: 0 0x80007810 (0x40065893) x17 0x00000289
core   0: 0x80007814 (0x00008605) c.srai  a2, 1
core   0: 0 0x80007814 (0x8605) x12 0x00000144
core   0: 0x80007816 (0x00000001) c.nop
core   0: 0 0x80007816 (0x0001)
core   0: 0x80007818 (0x0000997d) c.andi  a0, -1
core   0: 0 0x80007818 (0x997d) x10 0x00000001
core   0: 0x8000781a (0x03d218b3) mulh    a7, tp, t4
core   0: 0 0x8000781a (0x03d218b3) x17 0x00000000
core   0: 0x8000781e (0x03cf8d63) beq     t6, t3, pc + 58
core   0: 0 0x8000781e (0x03cf8d63)
core   0: 0x80007822 (0x35566213) ori     tp, a2, 853
core   0: 0 0x80007822 (0x35566213) x4  0x00000355
core   0: 0x80007826 (0x0000895d) c.andi  a0, 23
core   0: 0 0x80007826 (0x895d) x10 0x00000001
core   0: 0x80007828 (0x0001f833) and     a6, gp, zero
core   0: 0 0x80007828 (0x0001f833) x16 0x00000000
core   0: 0x8000782c (0xccd45cb7) lui     s9, 0xccd45
core   0: 0 0x8000782c (0xccd45cb7) x25 0xccd45000
core   0: 0x80007830 (0x00008bd9) c.andi  a5, 22
core   0: 0 0x80007830 (0x8bd9) x15 0x00000010
core   0: 0x80007832 (0xa09a2d93) slti    s11, s4, -1527
core   0: 0 0x80007832 (0xa09a2d93) x27 0x00000000
core   0: 0x80007836 (0x0271b033) mulhu   zero, gp, t2
core   0: 0 0x80007836 (0x0271b033)
core   0: 0x8000783a (0x03f79833) mulh    a6, a5, t6
core   0: 0 0x8000783a (0x03f79833) x16 0x00000007
core   0: 0x8000783e (0x00889a33) sll     s4, a7, s0
core   0: 0 0x8000783e (0x00889a33) x20 0x00000000
core   0: 0x80007842 (0x02d6fe33) remu    t3, a3, a3
core   0: 0 0x80007842 (0x02d6fe33) x28 0x00000000
core   0: 0x80007846 (0xa005a337) lui     t1, 0xa005a
core   0: 0 0x80007846 (0xa005a337) x6  0xa005a000
core   0: 0x8000784a (0x0000cc0d) c.beqz  s0, pc + 58
core   0: 0 0x8000784a (0xcc0d)
core   0: 0x80007884 (0x03701163) bne     zero, s7, pc + 34
core   0: 0 0x80007884 (0x03701163)
core   0: 0x800078a6 (0x00000001) c.nop
core   0: 0 0x800078a6 (0x0001)
core   0: 0x800078a8 (0x0000e21d) c.bnez  a2, pc + 38
core   0: 0 0x800078a8 (0xe21d)
core   0: 0x800078ce (0x02764d63) blt     a2, t2, pc + 58
core   0: 0 0x800078ce (0x02764d63)
core   0: 0x800078d2 (0x01f3c7b3) xor     a5, t2, t6
core   0: 0 0x800078d2 (0x01f3c7b3) x15 0x7ffbe62f
core   0: 0x800078d6 (0x00c49433) sll     s0, s1, a2
core   0: 0 0x800078d6 (0x00c49433) x8  0x0021e640
core   0: 0x800078da (0x00000c1c) c.addi4spn a5, sp, 528
core   0: 0 0x800078da (0x0c1c) x15 0x0aadf083
core   0: 0x800078dc (0x023e78b3) remu    a7, t3, gp
core   0: 0 0x800078dc (0x023e78b3) x17 0x00000000
core   0: 0x800078e0 (0x03d0db33) divu    s6, ra, t4
core   0: 0 0x800078e0 (0x03d0db33) x22 0x00000000
core   0: 0x800078e4 (0x00006221) c.lui   tp, 0x8
core   0: 0 0x800078e4 (0x6221) x4  0x00008000
core   0: 0x800078e6 (0x00006161) c.addi16sp sp, 80
core   0: 0 0x800078e6 (0x6161) x2  0x0aadeec3
core   0: 0x800078e8 (0xd6bbe713) ori     a4, s7, -661
core   0: 0 0x800078e8 (0xd6bbe713) x14 0xffffffff
core   0: 0x800078ec (0x0098eb63) bltu    a7, s1, pc + 22
core   0: 0 0x800078ec (0x0098eb63)
core   0: 0x80007902 (0x00008e35) c.xor   a2, a3
core   0: 0 0x80007902 (0x8e35) x12 0x0007febb
core   0: 0x80007904 (0x016ef3b3) and     t2, t4, s6
core   0: 0 0x80007904 (0x016ef3b3) x7  0x00000000
core   0: 0x80007908 (0x03f4b6b3) mulhu   a3, s1, t6
core   0: 0 0x80007908 (0x03f4b6b3) x13 0x3fff0240
core   0: 0x8000790c (0x0000587d) c.li    a6, -1
core   0: 0 0x8000790c (0x587d) x16 0xffffffff
core   0: 0x8000790e (0x00008fc6) c.mv    t6, a7
core   0: 0 0x8000790e (0x8fc6) x31 0x00000000
core   0: 0x80007910 (0x000082bd) c.srli  a3, 15
core   0: 0 0x80007910 (0x82bd) x13 0x00007ffe
core   0: 0x80007912 (0x00008261) c.srli  a2, 24
core   0: 0 0x80007912 (0x8261) x12 0x00000000
core   0: 0x80007914 (0x00309533) sll     a0, ra, gp
core   0: 0 0x80007914 (0x00309533) x10 0x00000800
core   0: 0x80007918 (0x563a6c93) ori     s9, s4, 1379
core   0: 0 0x80007918 (0x563a6c93) x25 0x00000563
core   0: 0x8000791c (0xe0b30f93) addi    t6, t1, -501
core   0: 0 0x8000791c (0xe0b30f93) x31 0xa0059e0b
core   0: 0x80007920 (0x01f63ab3) sltu    s5, a2, t6
core   0: 0 0x80007920 (0x01f63ab3) x21 0x00000001
core   0: 0x80007924 (0xeb3bb993) sltiu   s3, s7, -333
core   0: 0 0x80007924 (0xeb3bb993) x19 0x00000001
core   0: 0x80007928 (0xc657f213) andi    tp, a5, -923
core   0: 0 0x80007928 (0xc657f213) x4  0x0aadf001
core   0: 0x8000792c (0xb919c793) xori    a5, s3, -1135
core   0: 0 0x8000792c (0xb919c793) x15 0xfffffb90
core   0: 0x80007930 (0x02f5dc33) divu    s8, a1, a5
core   0: 0 0x80007930 (0x02f5dc33) x24 0x00000000
core   0: 0x80007934 (0x00008fe9) c.and   a5, a0
core   0: 0 0x80007934 (0x8fe9) x15 0x00000800
core   0: 0x80007936 (0x41555813) srai    a6, a0, 21
core   0: 0 0x80007936 (0x41555813) x16 0x00000000
core   0: 0x8000793a (0x408783b3) sub     t2, a5, s0
core   0: 0 0x8000793a (0x408783b3) x7  0xffde21c0
core   0: 0x8000793e (0x00008f95) c.sub   a5, a3
core   0: 0 0x8000793e (0x8f95) x15 0xffff8802
core   0: 0x80007940 (0x01394233) xor     tp, s2, s3
core   0: 0 0x80007940 (0x01394233) x4  0x00000001
core   0: 0x80007944 (0x006b0663) beq     s6, t1, pc + 12
core   0: 0 0x80007944 (0x006b0663)
core   0: 0x80007948 (0xe3464613) xori    a2, a2, -460
core   0: 0 0x80007948 (0xe3464613) x12 0xfffffe34
core   0: 0x8000794c (0x41bb0233) sub     tp, s6, s11
core   0: 0 0x8000794c (0x41bb0233) x4  0x00000000
core   0: 0x80007950 (0x00008ada) c.mv    s5, s6
core   0: 0 0x80007950 (0x8ada) x21 0x00000000
core   0: 0x80007952 (0x472dad13) slti    s10, s11, 1138
core   0: 0 0x80007952 (0x472dad13) x26 0x00000001
core   0: 0x80007956 (0xcde5e893) ori     a7, a1, -802
core   0: 0 0x80007956 (0xcde5e893) x17 0xfffffcfe
core   0: 0x8000795a (0x03928863) beq     t0, s9, pc + 48
core   0: 0 0x8000795a (0x03928863)
core   0: 0x8000795e (0x031c5cb3) divu    s9, s8, a7
core   0: 0 0x8000795e (0x031c5cb3) x25 0x00000000
core   0: 0x80007962 (0x000048d5) c.li    a7, 21
core   0: 0 0x80007962 (0x48d5) x17 0x00000015
core   0: 0x80007964 (0x0276a333) mulhsu  t1, a3, t2
core   0: 0 0x80007964 (0x0276a333) x6  0x00007fed
core   0: 0x80007968 (0x00008341) c.srli  a4, 16
core   0: 0 0x80007968 (0x8341) x14 0x0000ffff
core   0: 0x8000796a (0xc0c38193) addi    gp, t2, -1012
core   0: 0 0x8000796a (0xc0c38193) x3  0xffde1dcc
core   0: 0x8000796e (0x0021d133) srl     sp, gp, sp
core   0: 0 0x8000796e (0x0021d133) x2  0x1ffbc3b9
core   0: 0x80007972 (0x01959263) bne     a1, s9, pc + 4
core   0: 0 0x80007972 (0x01959263)
core   0: 0x80007976 (0x00008f19) c.sub   a4, a4
core   0: 0 0x80007976 (0x8f19) x14 0x00000000
core   0: 0x80007978 (0x0188e733) or      a4, a7, s8
core   0: 0 0x80007978 (0x0188e733) x14 0x00000015
core   0: 0x8000797c (0x000087a9) c.srai  a5, 10
core   0: 0 0x8000797c (0x87a9) x15 0xffffffe2
core   0: 0x8000797e (0x0000100f) fence.i
core   0: 0 0x8000797e (0x0000100f)
core   0: 0x80007982 (0x000093f6) c.add   t2, t4
core   0: 0 0x80007982 (0x93f6) x7  0xffdf01c0
core   0: 0x80007984 (0x00009a7d) c.andi  a2, -1
core   0: 0 0x80007984 (0x9a7d) x12 0xfffffe34
core   0: 0x80007986 (0x001e99b3) sll     s3, t4, ra
core   0: 0 0x80007986 (0x001e99b3) x19 0x0001c000
core   0: 0x8000798a (0x0000987d) c.andi  s0, -1
core   0: 0 0x8000798a (0x987d) x8  0x0021e640
core   0: 0x8000798c (0x00008f79) c.and   a4, a4
core   0: 0 0x8000798c (0x8f79) x14 0x00000015
core   0: 0x8000798e (0x01c6e533) or      a0, a3, t3
core   0: 0 0x8000798e (0x01c6e533) x10 0x00007ffe
core   0: 0x80007992 (0xe48e0d93) addi    s11, t3, -440
core   0: 0 0x80007992 (0xe48e0d93) x27 0xfffffe48
core   0: 0x80007996 (0x0000821a) c.mv    tp, t1
core   0: 0 0x80007996 (0x821a) x4  0x00007fed
core   0: 0x80007998 (0x01cd2a33) slt     s4, s10, t3
core   0: 0 0x80007998 (0x01cd2a33) x20 0x00000000
core   0: 0x8000799c (0x015f80b3) add     ra, t6, s5
core   0: 0 0x8000799c (0x015f80b3) x1  0xa0059e0b
core   0: 0x800079a0 (0x00006131) c.addi16sp sp, 320
core   0: 0 0x800079a0 (0x6131) x2  0x1ffbc4f9
core   0: 0x800079a2 (0x0ff0000f) fence   iorw,iorw
core   0: 0 0x800079a2 (0x0ff0000f)
core   0: 0x800079a6 (0x000003de) c.slli  t2, 23
core   0: 0 0x800079a6 (0x03de) x7  0xe0000000
core   0: 0x800079a8 (0x02a7cbb3) div     s7, a5, a0
core   0: 0 0x800079a8 (0x02a7cbb3) x23 0x00000000
core   0: 0x800079ac (0x00000808) c.addi4spn a0, sp, 16
core   0: 0 0x800079ac (0x0808) x10 0x1ffbc509
core   0: 0x800079ae (0x03c1c333) div     t1, gp, t3
core   0: 0 0x800079ae (0x03c1c333) x6  0xffffffff
core   0: 0x800079b2 (0x016b2cb3) slt     s9, s6, s6
core   0: 0 0x800079b2 (0x016b2cb3) x25 0x00000000
core   0: 0x800079b6 (0x01e2b033) sltu    zero, t0, t5
core   0: 0 0x800079b6 (0x01e2b033)
core   0: 0x800079ba (0x0000022e) c.slli  tp, 11
core   0: 0 0x800079ba (0x022e) x4  0x03ff6800
core   0: 0x800079bc (0x01a7e933) or      s2, a5, s10
core   0: 0 0x800079bc (0x01a7e933) x18 0xffffffe3
core   0: 0x800079c0 (0xe0dd3693) sltiu   a3, s10, -499
core   0: 0 0x800079c0 (0xe0dd3693) x13 0x00000001
core   0: 0x800079c4 (0x00a55b93) srli    s7, a0, 10
core   0: 0 0x800079c4 (0x00a55b93) x23 0x0007fef1
core   0: 0x800079c8 (0x76ea6d93) ori     s11, s4, 1902
core   0: 0 0x800079c8 (0x76ea6d93) x27 0x0000076e
core   0: 0x800079cc (0x02907063) bgeu    zero, s1, pc + 32
core   0: 0 0x800079cc (0x02907063)
core   0: 0x800079d0 (0x00000d5e) c.slli  s10, 23
core   0: 0 0x800079d0 (0x0d5e) x26 0x00800000
core   0: 0x800079d2 (0x49edf013) andi    zero, s11, 1182
core   0: 0 0x800079d2 (0x49edf013)
core   0: 0x800079d6 (0x00499d13) slli    s10, s3, 4
core   0: 0 0x800079d6 (0x00499d13) x26 0x001c0000
core   0: 0x800079da (0x0285e233) rem     tp, a1, s0
core   0: 0 0x800079da (0x0285e233) x4  0xfff48cb4
core   0: 0x800079de (0x02cba133) mulhsu  sp, s7, a2
core   0: 0 0x800079de (0x02cba133) x2  0x0007fef0
core   0: 0x800079e2 (0x9fdb3c93) sltiu   s9, s6, -1539
core   0: 0 0x800079e2 (0x9fdb3c93) x25 0x00000001
core   0: 0x800079e6 (0x0134c133) xor     sp, s1, s3
core   0: 0 0x800079e6 (0x0134c133) x2  0x8003de64
core   0: 0x800079ea (0x00008b29) c.andi  a4, 10
core   0: 0 0x800079ea (0x8b29) x14 0x00000000
core   0: 0x800079ec (0x0000853d) c.srai  a0, 15
core   0: 0 0x800079ec (0x853d) x10 0x00003ff7
core   0: 0x800079ee (0x00000001) c.nop
core   0: 0 0x800079ee (0x0001)
core   0: 0x800079f0 (0x0186e8b3) or      a7, a3, s8
core   0: 0 0x800079f0 (0x0186e8b3) x17 0x00000001
core   0: 0x800079f4 (0x41485a13) srai    s4, a6, 20
core   0: 0 0x800079f4 (0x41485a13) x20 0x00000000
core   0: 0x800079f8 (0x01285a93) srli    s5, a6, 18
core   0: 0 0x800079f8 (0x01285a93) x21 0x00000000
core   0: 0x800079fc (0x0ff0000f) fence   iorw,iorw
core   0: 0 0x800079fc (0x0ff0000f)
core   0: 0x80007a00 (0x0036bb33) sltu    s6, a3, gp
core   0: 0 0x80007a00 (0x0036bb33) x22 0x00000001
core   0: 0x80007a04 (0x00001f08) c.addi4spn a0, sp, 944
core   0: 0 0x80007a04 (0x1f08) x10 0x8003e214
core   0: 0x80007a06 (0x03ba1d63) bne     s4, s11, pc + 58
core   0: 0 0x80007a06 (0x03ba1d63)
core   0: 0x80007a40 (0x00008651) c.srai  a2, 20
core   0: 0 0x80007a40 (0x8651) x12 0xffffffff
core   0: 0x80007a42 (0x00f1d433) srl     s0, gp, a5
core   0: 0 0x80007a42 (0x00f1d433) x8  0x3ff78773
core   0: 0x80007a46 (0x0000e319) c.bnez  a4, pc + 6
core   0: 0 0x80007a46 (0xe319)
core   0: 0x80007a48 (0x03e89863) bne     a7, t5, pc + 48
core   0: 0 0x80007a48 (0x03e89863)
core   0: 0x80007a78 (0x03d638b3) mulhu   a7, a2, t4
core   0: 0 0x80007a78 (0x03d638b3) x17 0x0000dfff
core   0: 0x80007a7c (0x7fba4c13) xori    s8, s4, 2043
core   0: 0 0x80007a7c (0x7fba4c13) x24 0x000007fb
core   0: 0x80007a80 (0xfc807f93) andi    t6, zero, -56
core   0: 0 0x80007a80 (0xfc807f93) x31 0x00000000
core   0: 0x80007a84 (0x034a6263) bltu    s4, s4, pc + 36
core   0: 0 0x80007a84 (0x034a6263)
core   0: 0x80007a88 (0x01e03133) snez    sp, t5
core   0: 0 0x80007a88 (0x01e03133) x2  0x00000001
core   0: 0x80007a8c (0x0000815d) c.srli  a0, 23
core   0: 0 0x80007a8c (0x815d) x10 0x00000100
core   0: 0x80007a8e (0x5974f693) andi    a3, s1, 1431
core   0: 0 0x80007a8e (0x5974f693) x13 0x00000404
core   0: 0x80007a92 (0x0000100f) fence.i
core   0: 0 0x80007a92 (0x0000100f)
core   0: 0x80007a96 (0x03ac4163) blt     s8, s10, pc + 34
core   0: 0 0x80007a96 (0x03ac4163)
core   0: 0x80007ab8 (0x00008d21) c.xor   a0, s0
core   0: 0 0x80007ab8 (0x8d21) x10 0x3ff78673
core   0: 0x80007aba (0x0000100f) fence.i
core   0: 0 0x80007aba (0x0000100f)
core   0: 0x80007abe (0x03e14a33) div     s4, sp, t5
core   0: 0 0x80007abe (0x03e14a33) x20 0x00000000
core   0: 0x80007ac2 (0x0000100f) fence.i
core   0: 0 0x80007ac2 (0x0000100f)
core   0: 0x80007ac6 (0x0000100f) fence.i
core   0: 0 0x80007ac6 (0x0000100f)
core   0: 0x80007aca (0x983e7513) andi    a0, t3, -1661
core   0: 0 0x80007aca (0x983e7513) x10 0x00000000
core   0: 0x80007ace (0x01a51993) slli    s3, a0, 26
core   0: 0 0x80007ace (0x01a51993) x19 0x00000000
core   0: 0x80007ad2 (0x003ffc33) and     s8, t6, gp
core   0: 0 0x80007ad2 (0x003ffc33) x24 0x00000000
core   0: 0x80007ad6 (0x00008d65) c.and   a0, s1
core   0: 0 0x80007ad6 (0x8d65) x10 0x00000000
core   0: 0x80007ad8 (0x0ff0000f) fence   iorw,iorw
core   0: 0 0x80007ad8 (0x0ff0000f)
core   0: 0x80007adc (0x0000c61d) c.beqz  a2, pc + 46
core   0: 0 0x80007adc (0xc61d)
core   0: 0x80007ade (0x0000987d) c.andi  s0, -1
core   0: 0 0x80007ade (0x987d) x8  0x3ff78773
core   0: 0x80007ae0 (0x0027c3b3) xor     t2, a5, sp
core   0: 0 0x80007ae0 (0x0027c3b3) x7  0xffffffe3
core   0: 0x80007ae4 (0x0000836d) c.srli  a4, 27
core   0: 0 0x80007ae4 (0x836d) x14 0x00000000
core   0: 0x80007ae6 (0x0000ef05) c.bnez  a4, pc + 56
core   0: 0 0x80007ae6 (0xef05)
core   0: 0x80007ae8 (0x032832b3) mulhu   t0, a6, s2
core   0: 0 0x80007ae8 (0x032832b3) x5  0x00000000
core   0: 0x80007aec (0x00000dfe) c.slli  s11, 31
core   0: 0 0x80007aec (0x0dfe) x27 0x00000000
core   0: 0x80007aee (0x034426b3) mulhsu  a3, s0, s4
core   0: 0 0x80007aee (0x034426b3) x13 0x00000000
core   0: 0x80007af2 (0x40bbd313) srai    t1, s7, 11
core   0: 0 0x80007af2 (0x40bbd313) x6  0x000000ff
core   0: 0x80007af6 (0x54a64513) xori    a0, a2, 1354
core   0: 0 0x80007af6 (0x54a64513) x10 0xfffffab5
core   0: 0x80007afa (0x013d1363) bne     s10, s3, pc + 6
core   0: 0 0x80007afa (0x013d1363)
core   0: 0x80007b00 (0x027f0733) mul     a4, t5, t2
core   0: 0 0x80007b00 (0x027f0733) x14 0x7fbb7a2c
core   0: 0x80007b04 (0x0101d8b3) srl     a7, gp, a6
core   0: 0 0x80007b04 (0x0101d8b3) x17 0xffde1dcc
core   0: 0x80007b08 (0x00005afd) c.li    s5, -1
core   0: 0 0x80007b08 (0x5afd) x21 0xffffffff
core   0: 0x80007b0a (0x03983a33) mulhu   s4, a6, s9
core   0: 0 0x80007b0a (0x03983a33) x20 0x00000000
core   0: 0x80007b0e (0x0000100f) fence.i
core   0: 0 0x80007b0e (0x0000100f)
core   0: 0x80007b12 (0x40a18db3) sub     s11, gp, a0
core   0: 0 0x80007b12 (0x40a18db3) x27 0xffde2317
core   0: 0x80007b16 (0x00008e31) c.xor   a2, a2
core   0: 0 0x80007b16 (0x8e31) x12 0x00000000
core   0: 0x80007b18 (0x00006415) c.lui   s0, 0x5
core   0: 0 0x80007b18 (0x6415) x8  0x00005000
core   0: 0x80007b1a (0x41938833) sub     a6, t2, s9
core   0: 0 0x80007b1a (0x41938833) x16 0xffffffe2
core   0: 0x80007b1e (0x01b05713) srli    a4, zero, 27
core   0: 0 0x80007b1e (0x01b05713) x14 0x00000000
core   0: 0x80007b22 (0x0293b533) mulhu   a0, t2, s1
core   0: 0 0x80007b22 (0x0293b533) x10 0x80021e55
core   0: 0x80007b26 (0x02699433) mulh    s0, s3, t1
core   0: 0 0x80007b26 (0x02699433) x8  0x00000000
core   0: 0x80007b2a (0x0002f1b3) and     gp, t0, zero
core   0: 0 0x80007b2a (0x0002f1b3) x3  0x00000000
core   0: 0x80007b2e (0x053ccc13) xori    s8, s9, 83
core   0: 0 0x80007b2e (0x053ccc13) x24 0x00000052
core   0: 0x80007b32 (0x40315e33) sra     t3, sp, gp
core   0: 0 0x80007b32 (0x40315e33) x28 0x00000001
core   0: 0x80007b36 (0x00008695) c.srai  a3, 5
core   0: 0 0x80007b36 (0x8695) x13 0x00000000
core   0: 0x80007b38 (0x0067f9b3) and     s3, a5, t1
core   0: 0 0x80007b38 (0x0067f9b3) x19 0x000000e2
core   0: 0x80007b3c (0x000040ed) c.li    ra, 27
core   0: 0 0x80007b3c (0x40ed) x1  0x0000001b
core   0: 0x80007b3e (0x01e13033) sltu    zero, sp, t5
core   0: 0 0x80007b3e (0x01e13033)
core   0: 0x80007b42 (0x03c742b3) div     t0, a4, t3
core   0: 0 0x80007b42 (0x03c742b3) x5  0x00000000
core   0: 0x80007b46 (0x02dac663) blt     s5, a3, pc + 44
core   0: 0 0x80007b46 (0x02dac663)
core   0: 0x80007b72 (0x00008846) c.mv    a6, a7
core   0: 0 0x80007b72 (0x8846) x16 0xffde1dcc
core   0: 0x80007b74 (0x0000cb95) c.beqz  a5, pc + 52
core   0: 0 0x80007b74 (0xcb95)
core   0: 0x80007b76 (0x41e809b3) sub     s3, a6, t5
core   0: 0 0x80007b76 (0x41e809b3) x19 0x7fdbc0e8
core   0: 0x80007b7a (0x019f8863) beq     t6, s9, pc + 16
core   0: 0 0x80007b7a (0x019f8863)
core   0: 0x80007b7e (0x0085d033) srl     zero, a1, s0
core   0: 0 0x80007b7e (0x0085d033)
core   0: 0x80007b82 (0x001bc433) xor     s0, s7, ra
core   0: 0 0x80007b82 (0x001bc433) x8  0x0007feea
core   0: 0x80007b86 (0x01bdcb33) xor     s6, s11, s11
core   0: 0 0x80007b86 (0x01bdcb33) x22 0x00000000
core   0: 0x80007b8a (0x00001f10) c.addi4spn a2, sp, 944
core   0: 0 0x80007b8a (0x1f10) x12 0x000003b1
core   0: 0x80007b8c (0x0000617d) c.addi16sp sp, 496
core   0: 0 0x80007b8c (0x617d) x2  0x000001f1
core   0: 0x80007b8e (0x02565763) bge     a2, t0, pc + 46
core   0: 0 0x80007b8e (0x02565763)
core   0: 0x80007bbc (0x003d9793) slli    a5, s11, 3
core   0: 0 0x80007bbc (0x003d9793) x15 0xfef118b8
core   0: 0x80007bc0 (0xfaacb437) lui     s0, 0xfaacb
core   0: 0 0x80007bc0 (0xfaacb437) x8  0xfaacb000
core   0: 0x80007bc4 (0x00000001) c.nop
core   0: 0 0x80007bc4 (0x0001)
core   0: 0x80007bc6 (0x417559b3) sra     s3, a0, s7
core   0: 0 0x80007bc6 (0x417559b3) x19 0xffffc001
core   0: 0x80007bca (0x00008791) c.srai  a5, 4
core   0: 0 0x80007bca (0x8791) x15 0xffef118b
core   0: 0x80007bcc (0x020317b3) mulh    a5, t1, zero
core   0: 0 0x80007bcc (0x020317b3) x15 0x00000000
core   0: 0x80007bd0 (0xfbe2a0b7) lui     ra, 0xfbe2a
core   0: 0 0x80007bd0 (0xfbe2a0b7) x1  0xfbe2a000
core   0: 0x80007bd4 (0x72440a13) addi    s4, s0, 1828
core   0: 0 0x80007bd4 (0x72440a13) x20 0xfaacb724
core   0: 0x80007bd8 (0x00008d29) c.xor   a0, a0
core   0: 0 0x80007bd8 (0x8d29) x10 0x00000000
core   0: 0x80007bda (0x000b6763) bltu    s6, zero, pc + 14
core   0: 0 0x80007bda (0x000b6763)
core   0: 0x80007bde (0x00008751) c.srai  a4, 20
core   0: 0 0x80007bde (0x8751) x14 0x00000000
core   0: 0x80007be0 (0x017d5d13) srli    s10, s10, 23
core   0: 0 0x80007be0 (0x017d5d13) x26 0x00000000
core   0: 0x80007be4 (0x00635793) srli    a5, t1, 6
core   0: 0 0x80007be4 (0x00635793) x15 0x00000003
core   0: 0x80007be8 (0x00008252) c.mv    tp, s4
core   0: 0 0x80007be8 (0x8252) x4  0xfaacb724
core   0: 0x80007bea (0xccc33e93) sltiu   t4, t1, -820
core   0: 0 0x80007bea (0xccc33e93) x29 0x00000001
core   0: 0x80007bee (0x013b0db3) add     s11, s6, s3
core   0: 0 0x80007bee (0x013b0db3) x27 0xffffc001
core   0: 0x80007bf2 (0x024bafb3) mulhsu  t6, s7, tp
core   0: 0 0x80007bf2 (0x024bafb3) x31 0x0007d45c
core   0: 0x80007bf6 (0x02316c63) bltu    sp, gp, pc + 56
core   0: 0 0x80007bf6 (0x02316c63)
core   0: 0x80007bfa (0x035aefb3) rem     t6, s5, s5
core   0: 0 0x80007bfa (0x035aefb3) x31 0x00000000
core   0: 0x80007bfe (0x00000001) c.nop
core   0: 0 0x80007bfe (0x0001)
core   0: 0x80007c00 (0x00984833) xor     a6, a6, s1
core   0: 0 0x80007c00 (0x00984833) x16 0x7fdc03a8
core   0: 0x80007c04 (0x0151a633) slt     a2, gp, s5
core   0: 0 0x80007c04 (0x0151a633) x12 0x00000000
core   0: 0x80007c08 (0x0764c563) blt     s1, s6, pc + 106
core   0: 0 0x80007c08 (0x0764c563)
core   0: 0x80007c72 (0x00000d46) c.slli  s10, 17
core   0: 0 0x80007c72 (0x0d46) x26 0x00000000
core   0: 0x80007c74 (0xb286a913) slti    s2, a3, -1240
core   0: 0 0x80007c74 (0xb286a913) x18 0x00000000
core   0: 0x80007c78 (0x00008946) c.mv    s2, a7
core   0: 0 0x80007c78 (0x8946) x18 0xffde1dcc
core   0: 0x80007c7a (0x00008d15) c.sub   a0, a3
core   0: 0 0x80007c7a (0x8d15) x10 0x00000000
core   0: 0x80007c7c (0x0000100f) fence.i
core   0: 0 0x80007c7c (0x0000100f)
core   0: 0x80007c80 (0x6cf3af93) slti    t6, t2, 1743
core   0: 0 0x80007c80 (0x6cf3af93) x31 0x00000001
core   0: 0x80007c84 (0x000060f5) c.lui   ra, 0x1d
core   0: 0 0x80007c84 (0x60f5) x1  0x0001d000
core   0: 0x80007c86 (0x010d4ab3) xor     s5, s10, a6
core   0: 0 0x80007c86 (0x010d4ab3) x21 0x7fdc03a8
core   0: 0x80007c8a (0x014eb7b3) sltu    a5, t4, s4
core   0: 0 0x80007c8a (0x014eb7b3) x15 0x00000001
core   0: 0x80007c8e (0x0000844a) c.mv    s0, s2
core   0: 0 0x80007c8e (0x844a) x8  0xffde1dcc
core   0: 0x80007c90 (0x00d51913) slli    s2, a0, 13
core   0: 0 0x80007c90 (0x00d51913) x18 0x00000000
core   0: 0x80007c94 (0x02de72b3) remu    t0, t3, a3
core   0: 0 0x80007c94 (0x02de72b3) x5  0x00000001
core   0: 0x80007c98 (0xf5a0d197) auipc   gp, 0xf5a0d
core   0: 0 0x80007c98 (0xf5a0d197) x3  0x75a14c98
core   0: 0x80007c9c (0x00008e4d) c.or    a2, a1
core   0: 0 0x80007c9c (0x8e4d) x12 0x894eacb4
core   0: 0x80007c9e (0x03b28163) beq     t0, s11, pc + 34
core   0: 0 0x80007c9e (0x03b28163)
core   0: 0x80007ca2 (0xfa957c13) andi    s8, a0, -87
core   0: 0 0x80007ca2 (0xfa957c13) x24 0x00000000
core   0: 0x80007ca6 (0x0221b133) mulhu   sp, gp, sp
core   0: 0 0x80007ca6 (0x0221b133) x2  0x000000e4
core   0: 0x80007caa (0x0ff0000f) fence   iorw,iorw
core   0: 0 0x80007caa (0x0ff0000f)
core   0: 0x80007cae (0x0358eeb3) rem     t4, a7, s5
core   0: 0 0x80007cae (0x0358eeb3) x29 0xffde1dcc
core   0: 0x80007cb2 (0x00008ec5) c.or    a3, s1
core   0: 0 0x80007cb2 (0x8ec5) x13 0x80021e64
core   0: 0x80007cb4 (0x598f6e93) ori     t4, t5, 1432
core   0: 0 0x80007cb4 (0x598f6e93) x29 0x80025dfc
core   0: 0x80007cb8 (0x008c43b3) xor     t2, s8, s0
core   0: 0 0x80007cb8 (0x008c43b3) x7  0xffde1dcc
core   0: 0x80007cbc (0x037d1163) bne     s10, s7, pc + 34
core   0: 0 0x80007cbc (0x037d1163)
core   0: 0x80007cde (0x00278cb3) add     s9, a5, sp
core   0: 0 0x80007cde (0x00278cb3) x25 0x000000e5
core   0: 0x80007ce2 (0x00641f63) bne     s0, t1, pc + 30
core   0: 0 0x80007ce2 (0x00641f63)
core   0: 0x80007d00 (0x419d59b3) sra     s3, s10, s9
core   0: 0 0x80007d00 (0x419d59b3) x19 0x00000000
core   0: 0x80007d04 (0x868ba513) slti    a0, s7, -1944
core   0: 0 0x80007d04 (0x868ba513) x10 0x00000000
core   0: 0x80007d08 (0x018f6263) bltu    t5, s8, pc + 4
core   0: 0 0x80007d08 (0x018f6263)
core   0: 0x80007d0c (0x0002efb3) or      t6, t0, zero
core   0: 0 0x80007d0c (0x0002efb3) x31 0x00000001
core   0: 0x80007d10 (0x009f7db3) and     s11, t5, s1
core   0: 0 0x80007d10 (0x009f7db3) x27 0x80021c64
core   0: 0x80007d14 (0x00008bfd) c.andi  a5, 31
core   0: 0 0x80007d14 (0x8bfd) x15 0x00000001
core   0: 0x80007d16 (0x0079c6b3) xor     a3, s3, t2
core   0: 0 0x80007d16 (0x0079c6b3) x13 0xffde1dcc
core   0: 0x80007d1a (0x005869b3) or      s3, a6, t0
core   0: 0 0x80007d1a (0x005869b3) x19 0x7fdc03a9
core   0: 0x80007d1e (0x0ff0000f) fence   iorw,iorw
core   0: 0 0x80007d1e (0x0ff0000f)
core   0: 0x80007d22 (0x02ff0133) mul     sp, t5, a5
core   0: 0 0x80007d22 (0x02ff0133) x2  0x80025ce4
core   0: 0x80007d26 (0x00006c79) c.lui   s8, 0x1e
core   0: 0 0x80007d26 (0x6c79) x24 0x0001e000
core   0: 0x80007d28 (0x00004c3d) c.li    s8, 15
core   0: 0 0x80007d28 (0x4c3d) x24 0x0000000f
core   0: 0x80007d2a (0x02251b33) mulh    s6, a0, sp
core   0: 0 0x80007d2a (0x02251b33) x22 0x00000000
core   0: 0x80007d2e (0x00008f59) c.or    a4, a4
core   0: 0 0x80007d2e (0x8f59) x14 0x00000000
core   0: 0x80007d30 (0x00008639) c.srai  a2, 14
core   0: 0 0x80007d30 (0x8639) x12 0xfffe253a
core   0: 0x80007d32 (0x0000020e) c.slli  tp, 3
core   0: 0 0x80007d32 (0x020e) x4  0xd565b920
core   0: 0x80007d34 (0x02dae333) rem     t1, s5, a3
core   0: 0 0x80007d34 (0x02dae333) x6  0x00007370
core   0: 0x80007d38 (0x3b042337) lui     t1, 0x3b042
core   0: 0 0x80007d38 (0x3b042337) x6  0x3b042000
core   0: 0x80007d3c (0x00009dea) c.add   s11, s10
core   0: 0 0x80007d3c (0x9dea) x27 0x80021c64
core   0: 0x80007d3e (0x51342213) slti    tp, s0, 1299
core   0: 0 0x80007d3e (0x51342213) x4  0x00000001
core   0: 0x80007d42 (0x0000824d) c.srli  a2, 19
core   0: 0 0x80007d42 (0x824d) x12 0x00001fff
core   0: 0x80007d44 (0x40b88933) sub     s2, a7, a1
core   0: 0 0x80007d44 (0x40b88933) x18 0x768f7118
core   0: 0x80007d48 (0x00009b3a) c.add   s6, a4
core   0: 0 0x80007d48 (0x9b3a) x22 0x00000000
core   0: 0x80007d4a (0xc7b1f713) andi    a4, gp, -901
core   0: 0 0x80007d4a (0xc7b1f713) x14 0x75a14c18
core   0: 0x80007d4e (0x00008fdd) c.or    a5, a5
core   0: 0 0x80007d4e (0x8fdd) x15 0x00000001
core   0: 0x80007d50 (0x0000c709) c.beqz  a4, pc + 10
core   0: 0 0x80007d50 (0xc709)
core   0: 0x80007d52 (0x00008121) c.srli  a0, 8
core   0: 0 0x80007d52 (0x8121) x10 0x00000000
core   0: 0x80007d54 (0x0000ee15) c.bnez  a2, pc + 60
core   0: 0 0x80007d54 (0xee15)
core   0: 0x80007d90 (0x79de6737) lui     a4, 0x79de6
core   0: 0 0x80007d90 (0x79de6737) x14 0x79de6000
core   0: 0x80007d94 (0x001a7f63) bgeu    s4, ra, pc + 30
core   0: 0 0x80007d94 (0x001a7f63)
core   0: 0x80007db2 (0x024d8d33) mul     s10, s11, tp
core   0: 0 0x80007db2 (0x024d8d33) x26 0x80021c64
core   0: 0x80007db6 (0x00008c6d) c.and   s0, a1
core   0: 0 0x80007db6 (0x8c6d) x8  0x894e0c84
core   0: 0x80007db8 (0x4106d533) sra     a0, a3, a6
core   0: 0 0x80007db8 (0x4106d533) x10 0xffffde1d
core   0: 0x80007dbc (0x02eb8733) mul     a4, s7, a4
core   0: 0 0x80007dbc (0x02eb8733) x14 0xfd986000
core   0: 0x80007dc0 (0x000086f6) c.mv    a3, t4
core   0: 0 0x80007dc0 (0x86f6) x13 0x80025dfc
core   0: 0x80007dc2 (0x01143633) sltu    a2, s0, a7
core   0: 0 0x80007dc2 (0x01143633) x12 0x00000001
core   0: 0x80007dc6 (0xeb48ee93) ori     t4, a7, -332
core   0: 0 0x80007dc6 (0xeb48ee93) x29 0xfffffffc
core   0: 0x80007dca (0x00000001) c.nop
core   0: 0 0x80007dca (0x0001)
core   0: 0x80007dcc (0x00715963) bge     sp, t2, pc + 18
core   0: 0 0x80007dcc (0x00715963)
core   0: 0x80007dd0 (0x39923893) sltiu   a7, tp, 921
core   0: 0 0x80007dd0 (0x39923893) x17 0x00000001
core   0: 0x80007dd4 (0x0000e391) c.bnez  a5, pc + 4
core   0: 0 0x80007dd4 (0xe391)
core   0: 0x80007dd8 (0x02c121b3) mulhsu  gp, sp, a2
core   0: 0 0x80007dd8 (0x02c121b3) x3  0xffffffff
core   0: 0x80007ddc (0x00008f2d) c.xor   a4, a1
core   0: 0 0x80007ddc (0x8f2d) x14 0x74d6ccb4
core   0: 0x80007dde (0x02903d33) mulhu   s10, zero, s1
core   0: 0 0x80007dde (0x02903d33) x26 0x00000000
core   0: 0x80007de2 (0x00008f99) c.sub   a5, a4
core   0: 0 0x80007de2 (0x8f99) x15 0x8b29334d
core   0: 0x80007de4 (0x00749633) sll     a2, s1, t2
core   0: 0 0x80007de4 (0x00749633) x12 0x21e64000
core   0: 0x80007de8 (0x00001c17) auipc   s8, 0x1
core   0: 0 0x80007de8 (0x00001c17) x24 0x80008de8
core   0: 0x80007dec (0xb7ec0c13) addi    s8, s8, -1154
core   0: 0 0x80007dec (0xb7ec0c13) x24 0x80008966
core   0: 0x80007df0 (0x00761013) slli    zero, a2, 7
core   0: 0 0x80007df0 (0x00761013)
core   0: 0x80007df4 (0x7c362093) slti    ra, a2, 1987
core   0: 0 0x80007df4 (0x7c362093) x1  0x00000000
core   0: 0x80007df8 (0x002f7433) and     s0, t5, sp
core   0: 0 0x80007df8 (0x002f7433) x8  0x80025ce4
core   0: 0x80007dfc (0x0080a0b3) slt     ra, ra, s0
core   0: 0 0x80007dfc (0x0080a0b3) x1  0x00000000
core   0: 0x80007e00 (0x02b3f1b3) remu    gp, t2, a1
core   0: 0 0x80007e00 (0x02b3f1b3) x3  0x768f7118
core   0: 0x80007e04 (0x1c8c0c13) addi    s8, s8, 456
core   0: 0 0x80007e04 (0x1c8c0c13) x24 0x80008b2e
core   0: 0x80007e08 (0x00108233) add     tp, ra, ra
core   0: 0 0x80007e08 (0x00108233) x4  0x00000000
core   0: 0x80007e0c (0x03ad7333) remu    t1, s10, s10
core   0: 0 0x80007e0c (0x03ad7333) x6  0x00000000
core   0: 0x80007e10 (0x0000171c) c.addi4spn a5, sp, 928
core   0: 0 0x80007e10 (0x171c) x15 0x80026084
core   0: 0x80007e12 (0x01e40533) add     a0, s0, t5
core   0: 0 0x80007e12 (0x01e40533) x10 0x0004b9c8
core   0: 0x80007e16 (0xe39c0767) jalr    a4, s8, -455
core   0: 0 0x80007e16 (0xe39c0767) x14 0x80007e1a
core   0: 0x80008966 (0x000014a1) c.addi  s1, -24
core   0: 0 0x80008966 (0x14a1) x9  0x80021e4c
core   0: 0x80008968 (0x028aa833) mulhsu  a6, s5, s0
core   0: 0 0x80008968 (0x028aa833) x16 0x3fef2ff0
core   0: 0x8000896c (0x000086ad) c.srai  a3, 11
core   0: 0 0x8000896c (0x86ad) x13 0xfff0004b
core   0: 0x8000896e (0x02943b33) mulhu   s6, s0, s1
core   0: 0 0x8000896e (0x02943b33) x22 0x40023d9d
core   0: 0x80008972 (0x0000c0d8) c.sw    a4, 4(s1)
core   0: 0 0x80008972 (0xc0d8) mem 0x80021e50 0x80007e1a
core   0: 0x80008974 (0x00006f99) c.lui   t6, 0x6
core   0: 0 0x80008974 (0x6f99) x31 0x00006000
core   0: 0x80008976 (0x00008e75) c.and   a2, a3
core   0: 0 0x80008976 (0x8e75) x12 0x21e00000
core   0: 0x80008978 (0x412a8933) sub     s2, s5, s2
core   0: 0 0x80008978 (0x412a8933) x18 0x094c9290
core   0: 0x8000897c (0x00008c39) c.xor   s0, a4
core   0: 0 0x8000897c (0x8c39) x8  0x000222fe
core   0: 0x8000897e (0x1eb85d97) auipc   s11, 0x1eb85
core   0: 0 0x8000897e (0x1eb85d97) x27 0x9eb8d97e
core   0: 0x80008982 (0x00001f08) c.addi4spn a0, sp, 944
core   0: 0 0x80008982 (0x1f08) x10 0x80026094
core   0: 0x80008984 (0x0000973e) c.add   a4, a5
core   0: 0 0x80008984 (0x973e) x14 0x0002de9e
core   0: 0x80008986 (0x036bd8b3) divu    a7, s7, s6
core   0: 0 0x80008986 (0x036bd8b3) x17 0x00000000
core   0: 0x8000898a (0x00e69463) bne     a3, a4, pc + 8
core   0: 0 0x8000898a (0x00e69463)
core   0: 0x80008992 (0x02a446b3) div     a3, s0, a0
core   0: 0 0x80008992 (0x02a446b3) x13 0x00000000
core   0: 0x80008996 (0x0000ca01) c.beqz  a2, pc + 16
core   0: 0 0x80008996 (0xca01)
core   0: 0x80008998 (0x00000001) c.nop
core   0: 0 0x80008998 (0x0001)
core   0: 0x8000899a (0x03846963) bltu    s0, s8, pc + 50
core   0: 0 0x8000899a (0x03846963)
core   0: 0x800089cc (0x00859ab3) sll     s5, a1, s0
core   0: 0 0x800089cc (0x00859ab3) x21 0x00000000
core   0: 0x800089d0 (0x02bf2e33) mulhsu  t3, t5, a1
core   0: 0 0x800089d0 (0x02bf2e33) x28 0xbb59ee15
core   0: 0x800089d4 (0x0215b8b3) mulhu   a7, a1, ra
core   0: 0 0x800089d4 (0x0215b8b3) x17 0x00000000
core   0: 0x800089d8 (0x6dddec97) auipc   s9, 0x6ddde
core   0: 0 0x800089d8 (0x6dddec97) x25 0xedde69d8
core   0: 0x800089dc (0x00000e36) c.slli  t3, 13
core   0: 0 0x800089dc (0x0e36) x28 0x3dc2a000
core   0: 0x800089de (0x02a36b33) rem     s6, t1, a0
core   0: 0 0x800089de (0x02a36b33) x22 0x00000000
core   0: 0x800089e2 (0x01185513) srli    a0, a6, 17
core   0: 0 0x800089e2 (0x01185513) x10 0x00001ff7
core   0: 0x800089e6 (0x01373cb3) sltu    s9, a4, s3
core   0: 0 0x800089e6 (0x01373cb3) x25 0x00000001
core   0: 0x800089ea (0x00ca2ab3) slt     s5, s4, a2
core   0: 0 0x800089ea (0x00ca2ab3) x21 0x00000001
core   0: 0x800089ee (0x00008e89) c.sub   a3, a0
core   0: 0 0x800089ee (0x8e89) x13 0xffffe009
core   0: 0x800089f0 (0x01616e63) bltu    sp, s6, pc + 28
core   0: 0 0x800089f0 (0x01616e63)
core   0: 0x800089f4 (0x01f70633) add     a2, a4, t6
core   0: 0 0x800089f4 (0x01f70633) x12 0x00033e9e
core   0: 0x800089f8 (0x56e77e97) auipc   t4, 0x56e77
core   0: 0 0x800089f8 (0x56e77e97) x29 0xd6e7f9f8
core   0: 0x800089fc (0x00000508) c.addi4spn a0, sp, 640
core   0: 0 0x800089fc (0x0508) x10 0x80025f64
core   0: 0x800089fe (0x44ac2413) slti    s0, s8, 1098
core   0: 0 0x800089fe (0x44ac2413) x8  0x00000001
core   0: 0x80008a02 (0x000050fd) c.li    ra, -1
core   0: 0 0x80008a02 (0x50fd) x1  0xffffffff
core   0: 0x80008a04 (0x00de6bb3) or      s7, t3, a3
core   0: 0 0x80008a04 (0x00de6bb3) x23 0xffffe009
core   0: 0x80008a08 (0x99a44513) xori    a0, s0, -1638
core   0: 0 0x80008a08 (0x99a44513) x10 0xfffff99b
core   0: 0x80008a0c (0x01c412b3) sll     t0, s0, t3
core   0: 0 0x80008a0c (0x01c412b3) x5  0x00000001
core   0: 0x80008a10 (0x0000012e) c.slli  sp, 11
core   0: 0 0x80008a10 (0x012e) x2  0x12e72000
core   0: 0x80008a12 (0x033b5663) bge     s6, s3, pc + 44
core   0: 0 0x80008a12 (0x033b5663)
core   0: 0x80008a16 (0x000040f5) c.li    ra, 29
core   0: 0 0x80008a16 (0x40f5) x1  0x0000001d
core   0: 0x80008a18 (0x005120b3) slt     ra, sp, t0
core   0: 0 0x80008a18 (0x005120b3) x1  0x00000000
core   0: 0x80008a1c (0x02f4a733) mulhsu  a4, s1, a5
core   0: 0 0x80008a1c (0x02f4a733) x14 0xbfffdee9
core   0: 0x80008a20 (0x00001e10) c.addi4spn a2, sp, 816
core   0: 0 0x80008a20 (0x1e10) x12 0x12e72330
core   0: 0x80008a22 (0x00000310) c.addi4spn a2, sp, 384
core   0: 0 0x80008a22 (0x0310) x12 0x12e72180
core   0: 0x80008a24 (0x0319d833) divu    a6, s3, a7
core   0: 0 0x80008a24 (0x0319d833) x16 0xffffffff
core   0: 0x80008a28 (0x023c5bb3) divu    s7, s8, gp
core   0: 0 0x80008a28 (0x023c5bb3) x23 0x00000001
core   0: 0x80008a2c (0x0361e433) rem     s0, gp, s6
core   0: 0 0x80008a2c (0x0361e433) x8  0x768f7118
core   0: 0x80008a30 (0x00000001) c.nop
core   0: 0 0x80008a30 (0x0001)
core   0: 0x80008a32 (0x0069fe33) and     t3, s3, t1
core   0: 0 0x80008a32 (0x0069fe33) x28 0x00000000
core   0: 0x80008a36 (0x01d40db3) add     s11, s0, t4
core   0: 0 0x80008a36 (0x01d40db3) x27 0x4d776b10
core   0: 0x80008a3a (0x0000cb99) c.beqz  a5, pc + 22
core   0: 0 0x80008a3a (0xcb99)
core   0: 0x80008a3c (0x00001ffd) c.addi  t6, -1
core   0: 0 0x80008a3c (0x1ffd) x31 0x00005fff
core   0: 0x80008a3e (0x0000100f) fence.i
core   0: 0 0x80008a3e (0x0000100f)
core   0: 0x80008a42 (0x036b7233) remu    tp, s6, s6
core   0: 0 0x80008a42 (0x036b7233) x4  0x00000000
core   0: 0x80008a46 (0x003db7b3) sltu    a5, s11, gp
core   0: 0 0x80008a46 (0x003db7b3) x15 0x00000001
core   0: 0x80008a4a (0x00c5db63) bge     a1, a2, pc + 22
core   0: 0 0x80008a4a (0x00c5db63)
core   0: 0x80008a4e (0x00006aa9) c.lui   s5, 0xa
core   0: 0 0x80008a4e (0x6aa9) x21 0x0000a000
core   0: 0x80008a50 (0x6fd08c97) auipc   s9, 0x6fd08
core   0: 0 0x80008a50 (0x6fd08c97) x25 0xefd10a50
core   0: 0x80008a54 (0x003d70b3) and     ra, s10, gp
core   0: 0 0x80008a54 (0x003d70b3) x1  0x00000000
core   0: 0x80008a58 (0x4125d213) srai    tp, a1, 18
core   0: 0 0x80008a58 (0x4125d213) x4  0xffffe253
core   0: 0x80008a5c (0x00a00d63) beq     zero, a0, pc + 26
core   0: 0 0x80008a5c (0x00a00d63)
core   0: 0x80008a60 (0x03cc08b3) mul     a7, s8, t3
core   0: 0 0x80008a60 (0x03cc08b3) x17 0x00000000
core   0: 0x80008a64 (0x03195e63) bge     s2, a7, pc + 60
core   0: 0 0x80008a64 (0x03195e63)
core   0: 0x80008aa0 (0x5dac7d93) andi    s11, s8, 1498
core   0: 0 0x80008aa0 (0x5dac7d93) x27 0x0000010a
core   0: 0x80008aa4 (0x00000cf2) c.slli  s9, 28
core   0: 0 0x80008aa4 (0x0cf2) x25 0x00000000
core   0: 0x80008aa6 (0x000b7333) and     t1, s6, zero
core   0: 0 0x80008aa6 (0x000b7333) x6  0x00000000
core   0: 0x80008aaa (0x00000001) c.nop
core   0: 0 0x80008aaa (0x0001)
core   0: 0x80008aac (0x01871093) slli    ra, a4, 24
core   0: 0 0x80008aac (0x01871093) x1  0xe9000000
core   0: 0x80008ab0 (0x03d9ec63) bltu    s3, t4, pc + 56
core   0: 0 0x80008ab0 (0x03d9ec63)
core   0: 0x80008ae8 (0x0000e719) c.bnez  a4, pc + 14
core   0: 0 0x80008ae8 (0xe719)
core   0: 0x80008af6 (0x00008fad) c.xor   a5, a1
core   0: 0 0x80008af6 (0x8fad) x15 0x894eacb5
core   0: 0x80008af8 (0x00009a7d) c.andi  a2, -1
core   0: 0 0x80008af8 (0x9a7d) x12 0x12e72180
core   0: 0x80008afa (0x0000c239) c.beqz  a2, pc + 70
core   0: 0 0x80008afa (0xc239)
core   0: 0x80008afc (0x0358ca33) div     s4, a7, s5
core   0: 0 0x80008afc (0x0358ca33) x20 0x00000000
core   0: 0x80008b00 (0x35708517) auipc   a0, 0x35708
core   0: 0 0x80008b00 (0x35708517) x10 0xb5710b00
core   0: 0x80008b04 (0x00008442) c.mv    s0, a6
core   0: 0 0x80008b04 (0x8442) x8  0xffffffff
core   0: 0x80008b06 (0x418b5033) sra     zero, s6, s8
core   0: 0 0x80008b06 (0x418b5033)
core   0: 0x80008b0a (0x00455b63) bge     a0, tp, pc + 22
core   0: 0 0x80008b0a (0x00455b63)
core   0: 0x80008b0e (0x00008c4d) c.or    s0, a1
core   0: 0 0x80008b0e (0x8c4d) x8  0xffffffff
core   0: 0x80008b10 (0x00000001) c.nop
core   0: 0 0x80008b10 (0x0001)
core   0: 0x80008b12 (0x0000717d) c.addi16sp sp, -16
core   0: 0 0x80008b12 (0x717d) x2  0x12e71ff0
core   0: 0x80008b14 (0x0ea52713) slti    a4, a0, 234
core   0: 0 0x80008b14 (0x0ea52713) x14 0x00000001
core   0: 0x80008b18 (0x025b02b3) mul     t0, s6, t0
core   0: 0 0x80008b18 (0x025b02b3) x5  0x00000000
core   0: 0x80008b1c (0x4194dc93) srai    s9, s1, 25
core   0: 0 0x80008b1c (0x4194dc93) x25 0xffffffc0
core   0: 0x80008b20 (0x01ead8b3) srl     a7, s5, t5
core   0: 0 0x80008b20 (0x01ead8b3) x17 0x00000a00
core   0: 0x80008b24 (0x03692db3) mulhsu  s11, s2, s6
core   0: 0 0x80008b24 (0x03692db3) x27 0x00000000
core   0: 0x80008b28 (0x003168b3) or      a7, sp, gp
core   0: 0 0x80008b28 (0x003168b3) x17 0x76ef7ff8
core   0: 0x80008b2c (0x00d408b3) add     a7, s0, a3
core   0: 0 0x80008b2c (0x00d408b3) x17 0xffffe008
core   0: 0x80008b30 (0x03a73133) mulhu   sp, a4, s10
core   0: 0 0x80008b30 (0x03a73133) x2  0x00000000
core   0: 0x80008b34 (0x01e650b3) srl     ra, a2, t5
core   0: 0 0x80008b34 (0x01e650b3) x1  0x012e7218
core   0: 0x80008b38 (0x41e407b3) sub     a5, s0, t5
core   0: 0 0x80008b38 (0x41e407b3) x15 0x7ffda31b
core   0: 0x80008b3c (0x03797cb3) remu    s9, s2, s7
core   0: 0 0x80008b3c (0x03797cb3) x25 0x00000000
core   0: 0x80008b40 (0x03cf71b3) remu    gp, t5, t3
core   0: 0 0x80008b40 (0x03cf71b3) x3  0x80025ce4
core   0: 0x80008b44 (0x0000717d) c.addi16sp sp, -16
core   0: 0 0x80008b44 (0x717d) x2  0xfffffff0
core   0: 0x80008b46 (0x00008539) c.srai  a0, 14
core   0: 0 0x80008b46 (0x8539) x10 0xfffed5c4
core   0: 0x80008b48 (0x01eb77b3) and     a5, s6, t5
core   0: 0 0x80008b48 (0x01eb77b3) x15 0x00000000
core   0: 0x80008b4c (0x0319f7b3) remu    a5, s3, a7
core   0: 0 0x80008b4c (0x0319f7b3) x15 0x7fdc03a9
core   0: 0x80008b50 (0x00008d75) c.and   a0, a3
core   0: 0 0x80008b50 (0x8d75) x10 0xfffec000
core   0: 0x80008b52 (0x00006115) c.addi16sp sp, 288
core   0: 0 0x80008b52 (0x6115) x2  0x00000110
core   0: 0x80008b54 (0x40a90733) sub     a4, s2, a0
core   0: 0 0x80008b54 (0x40a90733) x14 0x094dd290
core   0: 0x80008b58 (0x0169d463) bge     s3, s6, pc + 8
core   0: 0 0x80008b58 (0x0169d463)
core   0: 0x80008b60 (0x005d41b3) xor     gp, s10, t0
core   0: 0 0x80008b60 (0x005d41b3) x3  0x00000000
core   0: 0x80008b64 (0x0000017a) c.slli  sp, 30
core   0: 0 0x80008b64 (0x017a) x2  0x00000000
core   0: 0x80008b66 (0x00008e71) c.and   a2, a2
core   0: 0 0x80008b66 (0x8e71) x12 0x12e72180
core   0: 0x80008b68 (0x02da4333) div     t1, s4, a3
core   0: 0 0x80008b68 (0x02da4333) x6  0x00000000
core   0: 0x80008b6c (0x02ef0333) mul     t1, t5, a4
core   0: 0 0x80008b6c (0x02ef0333) x6  0xe61b4840
core   0: 0x80008b70 (0x02ce8a63) beq     t4, a2, pc + 52
core   0: 0 0x80008b70 (0x02ce8a63)
core   0: 0x80008b74 (0x4067d513) srai    a0, a5, 6
core   0: 0 0x80008b74 (0x4067d513) x10 0x01ff700e
core   0: 0x80008b78 (0xd3606393) ori     t2, zero, -714
core   0: 0 0x80008b78 (0xd3606393) x7  0xfffffd36
core   0: 0x80008b7c (0x0000ea0d) c.bnez  a2, pc + 50
core   0: 0 0x80008b7c (0xea0d)
core   0: 0x80008bae (0x00008fa1) c.xor   a5, s0
core   0: 0 0x80008bae (0x8fa1) x15 0x8023fc56
core   0: 0x80008bb0 (0x03850133) mul     sp, a0, s8
core   0: 0 0x80008bb0 (0x03850133) x2  0x0dbdbc84
core   0: 0x80008bb4 (0xfbdbef93) ori     t6, s7, -67
core   0: 0 0x80008bb4 (0xfbdbef93) x31 0xffffffbd
core   0: 0x80008bb8 (0x0000876a) c.mv    a4, s10
core   0: 0 0x80008bb8 (0x876a) x14 0x00000000
core   0: 0x80008bba (0x0000eb19) c.bnez  a4, pc + 22
core   0: 0 0x80008bba (0xeb19)
core   0: 0x80008bbc (0x015f8c63) beq     t6, s5, pc + 24
core   0: 0 0x80008bbc (0x015f8c63)
core   0: 0x80008bc0 (0x41f75d33) sra     s10, a4, t6
core   0: 0 0x80008bc0 (0x41f75d33) x26 0x00000000
core   0: 0x80008bc4 (0x0079e733) or      a4, s3, t2
core   0: 0 0x80008bc4 (0x0079e733) x14 0xffffffbf
core   0: 0x80008bc8 (0x41d152b3) sra     t0, sp, t4
core   0: 0 0x80008bc8 (0x41d152b3) x5  0x0000000d
core   0: 0x80008bcc (0x010e6cb3) or      s9, t3, a6
core   0: 0 0x80008bcc (0x010e6cb3) x25 0xffffffff
core   0: 0x80008bd0 (0x40ae5ab3) sra     s5, t3, a0
core   0: 0 0x80008bd0 (0x40ae5ab3) x21 0x00000000
core   0: 0x80008bd4 (0xb9cca913) slti    s2, s9, -1124
core   0: 0 0x80008bd4 (0xb9cca913) x18 0x00000000
core   0: 0x80008bd8 (0xb9abc893) xori    a7, s7, -1126
core   0: 0 0x80008bd8 (0xb9abc893) x17 0xfffffb9b
core   0: 0x80008bdc (0x03a75e63) bge     a4, s10, pc + 60
core   0: 0 0x80008bdc (0x03a75e63)
core   0: 0x80008be0 (0x00000a4a) c.slli  s4, 18
core   0: 0 0x80008be0 (0x0a4a) x20 0x00000000
core   0: 0x80008be2 (0x000003a5) c.addi  t2, 9
core   0: 0 0x80008be2 (0x03a5) x7  0xfffffd3f
core   0: 0x80008be4 (0x0013d793) srli    a5, t2, 1
core   0: 0 0x80008be4 (0x0013d793) x15 0x7ffffe9f
core   0: 0x80008be8 (0x031d7163) bgeu    s10, a7, pc + 34
core   0: 0 0x80008be8 (0x031d7163)
core   0: 0x80008bec (0x00008d15) c.sub   a0, a3
core   0: 0 0x80008bec (0x8d15) x10 0x01ff9005
core   0: 0x80008bee (0x950eb513) sltiu   a0, t4, -1712
core   0: 0 0x80008bee (0x950eb513) x10 0x00000001
core   0: 0x80008bf2 (0xde15eab7) lui     s5, 0xde15e
core   0: 0 0x80008bf2 (0xde15eab7) x21 0xde15e000
core   0: 0x80008bf6 (0x03bfb033) mulhu   zero, t6, s11
core   0: 0 0x80008bf6 (0x03bfb033)
core   0: 0x80008bfa (0xd7d82093) slti    ra, a6, -643
core   0: 0 0x80008bfa (0xd7d82093) x1  0x00000000
core   0: 0x80008bfe (0x00cbe2b3) or      t0, s7, a2
core   0: 0 0x80008bfe (0x00cbe2b3) x5  0x12e72181
core   0: 0x80008c02 (0x00000001) c.nop
core   0: 0 0x80008c02 (0x0001)
core   0: 0x80008c04 (0x00009572) c.add   a0, t3
core   0: 0 0x80008c04 (0x9572) x10 0x00000001
core   0: 0x80008c06 (0x0000ef1d) c.bnez  a4, pc + 62
core   0: 0 0x80008c06 (0xef1d)
core   0: 0x80008c44 (0x00008ffd) c.and   a5, a5
core   0: 0 0x80008c44 (0x8ffd) x15 0x7ffffe9f
core   0: 0x80008c46 (0xb8c86393) ori     t2, a6, -1140
core   0: 0 0x80008c46 (0xb8c86393) x7  0xffffffff
core   0: 0x80008c4a (0x0103b013) sltiu   zero, t2, 16
core   0: 0 0x80008c4a (0x0103b013)
core   0: 0x80008c4e (0x00008eb5) c.xor   a3, a3
core   0: 0 0x80008c4e (0x8eb5) x13 0x00000000
core   0: 0x80008c50 (0x8577b513) sltiu   a0, a5, -1961
core   0: 0 0x80008c50 (0x8577b513) x10 0x00000001
core   0: 0x80008c54 (0x00000001) c.nop
core   0: 0 0x80008c54 (0x0001)
core   0: 0x80008c56 (0x00009efe) c.add   t4, t6
core   0: 0 0x80008c56 (0x9efe) x29 0xd6e7f9b5
core   0: 0x80008c58 (0x00000001) c.nop
core   0: 0 0x80008c58 (0x0001)
core   0: 0x80008c5a (0x00008c1d) c.sub   s0, a5
core   0: 0 0x80008c5a (0x8c1d) x8  0x80000160
core   0: 0x80008c5c (0x344acd13) xori    s10, s5, 836
core   0: 0 0x80008c5c (0x344acd13) x26 0xde15e344
core   0: 0x80008c60 (0x00000a5e) c.slli  s4, 23
core   0: 0 0x80008c60 (0x0a5e) x20 0x00000000
core   0: 0x80008c62 (0x3ea36213) ori     tp, t1, 1002
core   0: 0 0x80008c62 (0x3ea36213) x4  0xe61b4bea
core   0: 0x80008c66 (0x00001200) c.addi4spn s0, sp, 288
core   0: 0 0x80008c66 (0x1200) x8  0x0dbdbda4
core   0: 0x80008c68 (0x41e25393) srai    t2, tp, 30
core   0: 0 0x80008c68 (0x41e25393) x7  0xffffffff
core   0: 0x80008c6c (0x03105bb3) divu    s7, zero, a7
core   0: 0 0x80008c6c (0x03105bb3) x23 0x00000000
core   0: 0x80008c70 (0x03faaa33) mulhsu  s4, s5, t6
core   0: 0 0x80008c70 (0x03faaa33) x20 0xde15e008
core   0: 0x80008c74 (0x000040d8) c.lw    a4, 4(s1)
core   0: 0 0x80008c74 (0x40d8) x14 0x80007e1a mem 0x80021e50
core   0: 0x80008c76 (0x016c5d33) srl     s10, s8, s6
core   0: 0 0x80008c76 (0x016c5d33) x26 0x80008b2e
core   0: 0x80008c7a (0x000083b5) c.srli  a5, 13
core   0: 0 0x80008c7a (0x83b5) x15 0x0003ffff
core   0: 0x80008c7c (0x00006c71) c.lui   s8, 0x1c
core   0: 0 0x80008c7c (0x6c71) x24 0x0001c000
core   0: 0x80008c7e (0x0ff0000f) fence   iorw,iorw
core   0: 0 0x80008c7e (0x0ff0000f)
core   0: 0x80008c82 (0x000004e1) c.addi  s1, 24
core   0: 0 0x80008c82 (0x04e1) x9  0x80021e64
core   0: 0x80008c84 (0x000093de) c.add   t2, s7
core   0: 0 0x80008c84 (0x93de) x7  0xffffffff
core   0: 0x80008c86 (0x00008c51) c.or    s0, a2
core   0: 0 0x80008c86 (0x8c51) x8  0x1fffbda4
core   0: 0x80008c88 (0x00170293) addi    t0, a4, 1
core   0: 0 0x80008c88 (0x00170293) x5  0x80007e1b
core   0: 0x80008c8c (0x000282e7) jalr    t0, t0, 0
core   0: 0 0x80008c8c (0x000282e7) x5  0x80008c90
core   0: 0x80007e1a (0x00001f14) c.addi4spn a3, sp, 944
core   0: 0 0x80007e1a (0x1f14) x13 0x0dbdc034
core   0: 0x80007e1c (0x10de3293) sltiu   t0, t3, 269
core   0: 0 0x80007e1c (0x10de3293) x5  0x00000001
core   0: 0x80007e20 (0x00000001) c.nop
core   0: 0 0x80007e20 (0x0001)
core   0: 0x80007e22 (0xd95bc437) lui     s0, 0xd95bc
core   0: 0 0x80007e22 (0xd95bc437) x8  0xd95bc000
core   0: 0x80007e26 (0x0ff0000f) fence   iorw,iorw
core   0: 0 0x80007e26 (0x0ff0000f)
core   0: 0x80007e2a (0x0000c799) c.beqz  a5, pc + 14
core   0: 0 0x80007e2a (0xc799)
core   0: 0x80007e2c (0x415c5d33) sra     s10, s8, s5
core   0: 0 0x80007e2c (0x415c5d33) x26 0x0001c000
core   0: 0x80007e30 (0x01324ab3) xor     s5, tp, s3
core   0: 0 0x80007e30 (0x01324ab3) x21 0x99c74843
core   0: 0x80007e34 (0x0000100f) fence.i
core   0: 0 0x80007e34 (0x0000100f)
core   0: 0x80007e38 (0x8ab1c093) xori    ra, gp, -1877
core   0: 0 0x80007e38 (0x8ab1c093) x1  0xfffff8ab
core   0: 0x80007e3c (0x02579433) mulh    s0, a5, t0
core   0: 0 0x80007e3c (0x02579433) x8  0x00000000
core   0: 0x80007e40 (0x00c61113) slli    sp, a2, 12
core   0: 0 0x80007e40 (0x00c61113) x2  0x72180000
core   0: 0x80007e44 (0x01881bb3) sll     s7, a6, s8
core   0: 0 0x80007e44 (0x01881bb3) x23 0xffffffff
core   0: 0x80007e48 (0x0062b6b3) sltu    a3, t0, t1
core   0: 0 0x80007e48 (0x0062b6b3) x13 0x00000001
core   0: 0x80007e4c (0x0000857a) c.mv    a0, t5
core   0: 0 0x80007e4c (0x857a) x10 0x80025ce4
core   0: 0x80007e4e (0x00008e41) c.or    a2, s0
core   0: 0 0x80007e4e (0x8e41) x12 0x12e72180
core   0: 0x80007e50 (0x00009422) c.add   s0, s0
core   0: 0 0x80007e50 (0x9422) x8  0x00000000
core   0: 0x80007e52 (0x0000cd15) c.beqz  a0, pc + 60
core   0: 0 0x80007e52 (0xcd15)
core   0: 0x80007e54 (0x00006cf1) c.lui   s9, 0x1c
core   0: 0 0x80007e54 (0x6cf1) x25 0x0001c000
core   0: 0x80007e56 (0x02402db3) mulhsu  s11, zero, tp
core   0: 0 0x80007e56 (0x02402db3) x27 0x00000000
core   0: 0x80007e5a (0x00008ef5) c.and   a3, a3
core   0: 0 0x80007e5a (0x8ef5) x13 0x00000001
core   0: 0x80007e5c (0x00662933) slt     s2, a2, t1
core   0: 0 0x80007e5c (0x00662933) x18 0x00000000
core   0: 0x80007e60 (0x00000001) c.nop
core   0: 0 0x80007e60 (0x0001)
core   0: 0x80007e62 (0x03c3e7b3) rem     a5, t2, t3
core   0: 0 0x80007e62 (0x03c3e7b3) x15 0xffffffff
core   0: 0x80007e66 (0x411687b3) sub     a5, a3, a7
core   0: 0 0x80007e66 (0x411687b3) x15 0x00000466
core   0: 0x80007e6a (0x0c504d13) xori    s10, zero, 197
core   0: 0 0x80007e6a (0x0c504d13) x26 0x000000c5
core   0: 0x80007e6e (0x0000cb15) c.beqz  a4, pc + 52
core   0: 0 0x80007e6e (0xcb15)
core   0: 0x80007e70 (0x00000001) c.nop
core   0: 0 0x80007e70 (0x0001)
core   0: 0x80007e72 (0x0055f9b3) and     s3, a1, t0
core   0: 0 0x80007e72 (0x0055f9b3) x19 0x00000000
core   0: 0x80007e76 (0x00d51433) sll     s0, a0, a3
core   0: 0 0x80007e76 (0x00d51433) x8  0x0004b9c8
core   0: 0x80007e7a (0x0000c681) c.beqz  a3, pc + 8
core   0: 0 0x80007e7a (0xc681)
core   0: 0x80007e7c (0x00005afd) c.li    s5, -1
core   0: 0 0x80007e7c (0x5afd) x21 0xffffffff
core   0: 0x80007e7e (0x00adcf63) blt     s11, a0, pc + 30
core   0: 0 0x80007e7e (0x00adcf63)
core   0: 0x80007e82 (0x00008ae1) c.andi  a3, 24
core   0: 0 0x80007e82 (0x8ae1) x13 0x00000000
core   0: 0x80007e84 (0x00006f9d) c.lui   t6, 0x7
core   0: 0 0x80007e84 (0x6f9d) x31 0x00007000
core   0: 0x80007e86 (0x010b3633) sltu    a2, s6, a6
core   0: 0 0x80007e86 (0x010b3633) x12 0x00000001
core   0: 0x80007e8a (0x03771b63) bne     a4, s7, pc + 54
core   0: 0 0x80007e8a (0x03771b63)
core   0: 0x80007ec0 (0x02a66d63) bltu    a2, a0, pc + 58
core   0: 0 0x80007ec0 (0x02a66d63)
core   0: 0x80007efa (0x012ca333) slt     t1, s9, s2
core   0: 0 0x80007efa (0x012ca333) x6  0x00000000
core   0: 0x80007efe (0x0000e29d) c.bnez  a3, pc + 38
core   0: 0 0x80007efe (0xe29d)
core   0: 0x80007f00 (0x0024d413) srli    s0, s1, 2
core   0: 0 0x80007f00 (0x0024d413) x8  0x20008799
core   0: 0x80007f04 (0x01d683b3) add     t2, a3, t4
core   0: 0 0x80007f04 (0x01d683b3) x7  0xd6e7f9b5
core   0: 0x80007f08 (0x0002d993) srli    s3, t0, 0
core   0: 0 0x80007f08 (0x0002d993) x19 0x00000001
core   0: 0x80007f0c (0x003a8cb3) add     s9, s5, gp
core   0: 0 0x80007f0c (0x003a8cb3) x25 0xffffffff
core   0: 0x80007f10 (0x33577613) andi    a2, a4, 821
core   0: 0 0x80007f10 (0x33577613) x12 0x00000210
core   0: 0x80007f14 (0x003af833) and     a6, s5, gp
core   0: 0 0x80007f14 (0x003af833) x16 0x00000000
core   0: 0x80007f18 (0x37317b13) andi    s6, sp, 883
core   0: 0 0x80007f18 (0x37317b13) x22 0x00000000
core   0: 0x80007f1c (0x418f0db3) sub     s11, t5, s8
core   0: 0 0x80007f1c (0x418f0db3) x27 0x80009ce4
core   0: 0x80007f20 (0x0ff0000f) fence   iorw,iorw
core   0: 0 0x80007f20 (0x0ff0000f)
core   0: 0x80007f24 (0x022ae063) bltu    s5, sp, pc + 32
core   0: 0 0x80007f24 (0x022ae063)
core   0: 0x80007f28 (0x00356ab3) or      s5, a0, gp
core   0: 0 0x80007f28 (0x00356ab3) x21 0x80025ce4
core   0: 0x80007f2c (0x0000e689) c.bnez  a3, pc + 10
core   0: 0 0x80007f2c (0xe689)
core   0: 0x80007f2e (0x00008a69) c.andi  a2, 26
core   0: 0 0x80007f2e (0x8a69) x12 0x00000010
core   0: 0x80007f30 (0x40ba8bb3) sub     s7, s5, a1
core   0: 0 0x80007f30 (0x40ba8bb3) x23 0xf6b3b030
core   0: 0x80007f34 (0x00008d35) c.xor   a0, a3
core   0: 0 0x80007f34 (0x8d35) x10 0x80025ce4
core   0: 0x80007f36 (0x0000919a) c.add   gp, t1
core   0: 0 0x80007f36 (0x919a) x3  0x00000000
core   0: 0x80007f38 (0x001c29b3) slt     s3, s8, ra
core   0: 0 0x80007f38 (0x001c29b3) x19 0x00000000
core   0: 0x80007f3c (0x3a91b837) lui     a6, 0x3a91b
core   0: 0 0x80007f3c (0x3a91b837) x16 0x3a91b000
core   0: 0x80007f40 (0xbd6a7113) andi    sp, s4, -1066
core   0: 0 0x80007f40 (0xbd6a7113) x2  0xde15e000
core   0: 0x80007f44 (0x00008a12) c.mv    s4, tp
core   0: 0 0x80007f44 (0x8a12) x20 0xe61b4bea
core   0: 0x80007f46 (0x0000587d) c.li    a6, -1
core   0: 0 0x80007f46 (0x587d) x16 0xffffffff
core   0: 0x80007f48 (0x00445693) srli    a3, s0, 4
core   0: 0 0x80007f48 (0x00445693) x13 0x02000879
core   0: 0x80007f4c (0x0000100f) fence.i
core   0: 0 0x80007f4c (0x0000100f)
core   0: 0x80007f50 (0x02ac9e33) mulh    t3, s9, a0
core   0: 0 0x80007f50 (0x02ac9e33) x28 0x00000000
core   0: 0x80007f54 (0x0129b7b3) sltu    a5, s3, s2
core   0: 0 0x80007f54 (0x0129b7b3) x15 0x00000000
core   0: 0x80007f58 (0x00009fb2) c.add   t6, a2
core   0: 0 0x80007f58 (0x9fb2) x31 0x00007010
core   0: 0x80007f5a (0x9a4c2cb7) lui     s9, 0x9a4c2
core   0: 0 0x80007f5a (0x9a4c2cb7) x25 0x9a4c2000
core   0: 0x80007f5e (0x00008fa9) c.xor   a5, a0
core   0: 0 0x80007f5e (0x8fa9) x15 0x80025ce4
core   0: 0x80007f60 (0x002937b3) sltu    a5, s2, sp
core   0: 0 0x80007f60 (0x002937b3) x15 0x00000001
core   0: 0x80007f64 (0x17daa313) slti    t1, s5, 381
core   0: 0 0x80007f64 (0x17daa313) x6  0x00000001
core   0: 0x80007f68 (0x009e8533) add     a0, t4, s1
core   0: 0 0x80007f68 (0x009e8533) x10 0x56ea1819
core   0: 0x80007f6c (0x024e3c33) mulhu   s8, t3, tp
core   0: 0 0x80007f6c (0x024e3c33) x24 0x00000000
core   0: 0x80007f70 (0x00000001) c.nop
core   0: 0 0x80007f70 (0x0001)
core   0: 0x80007f72 (0x00b297b3) sll     a5, t0, a1
core   0: 0 0x80007f72 (0x00b297b3) x15 0x00100000
core   0: 0x80007f76 (0x01e28d33) add     s10, t0, t5
core   0: 0 0x80007f76 (0x01e28d33) x26 0x80025ce5
core   0: 0x80007f7a (0xb71112b7) lui     t0, 0xb7111
core   0: 0 0x80007f7a (0xb71112b7) x5  0xb7111000
core   0: 0x80007f7e (0x5d1c9a97) auipc   s5, 0x5d1c9
core   0: 0 0x80007f7e (0x5d1c9a97) x21 0xdd1d0f7e
core   0: 0x80007f82 (0x02997863) bgeu    s2, s1, pc + 48
core   0: 0 0x80007f82 (0x02997863)
core   0: 0x80007f86 (0x0363cb33) div     s6, t2, s6
core   0: 0 0x80007f86 (0x0363cb33) x22 0xffffffff
core   0: 0x80007f8a (0x02d3d9b3) divu    s3, t2, a3
core   0: 0 0x80007f8a (0x02d3d9b3) x19 0x0000006b
core   0: 0x80007f8e (0x99bf2213) slti    tp, t5, -1637
core   0: 0 0x80007f8e (0x99bf2213) x4  0x00000001
core   0: 0x80007f92 (0x000017fd) c.addi  a5, -1
core   0: 0 0x80007f92 (0x17fd) x15 0x000fffff
core   0: 0x80007f94 (0x0ff0000f) fence   iorw,iorw
core   0: 0 0x80007f94 (0x0ff0000f)
core   0: 0x80007f98 (0xa5a42c97) auipc   s9, 0xa5a42
core   0: 0 0x80007f98 (0xa5a42c97) x25 0x25a49f98
core   0: 0x80007f9c (0x0000717d) c.addi16sp sp, -16
core   0: 0 0x80007f9c (0x717d) x2  0xde15dff0
core   0: 0x80007f9e (0x1d910713) addi    a4, sp, 473
core   0: 0 0x80007f9e (0x1d910713) x14 0xde15e1c9
core   0: 0x80007fa2 (0x02b70263) beq     a4, a1, pc + 36
core   0: 0 0x80007fa2 (0x02b70263)
core   0: 0x80007fa6 (0x0ff0000f) fence   iorw,iorw
core   0: 0 0x80007fa6 (0x0ff0000f)
core   0: 0x80007faa (0x0000100f) fence.i
core   0: 0 0x80007faa (0x0000100f)
core   0: 0x80007fae (0x03e0b933) mulhu   s2, ra, t5
core   0: 0 0x80007fae (0x03e0b933) x18 0x80025939
core   0: 0x80007fb2 (0x19290613) addi    a2, s2, 402
core   0: 0 0x80007fb2 (0x19290613) x12 0x80025acb
core   0: 0x80007fb6 (0x025d6433) rem     s0, s10, t0
core   0: 0 0x80007fb6 (0x025d6433) x8  0xc8f14ce5
core   0: 0x80007fba (0x0219f7b3) remu    a5, s3, ra
core   0: 0 0x80007fba (0x0219f7b3) x15 0x0000006b
core   0: 0x80007fbe (0x0000cb9d) c.beqz  a5, pc + 54
core   0: 0 0x80007fbe (0xcb9d)
core   0: 0x80007fc0 (0x00720863) beq     tp, t2, pc + 16
core   0: 0 0x80007fc0 (0x00720863)
core   0: 0x80007fc4 (0x00000001) c.nop
core   0: 0 0x80007fc4 (0x0001)
core   0: 0x80007fc6 (0x0ff0000f) fence   iorw,iorw
core   0: 0 0x80007fc6 (0x0ff0000f)
core   0: 0x80007fca (0x012deab3) or      s5, s11, s2
core   0: 0 0x80007fca (0x012deab3) x21 0x8002ddfd
core   0: 0x80007fce (0x000002c6) c.slli  t0, 17
core   0: 0 0x80007fce (0x02c6) x5  0x20000000
core   0: 0x80007fd0 (0x000091a2) c.add   gp, s0
core   0: 0 0x80007fd0 (0x91a2) x3  0xc8f14ce5
core   0: 0x80007fd2 (0x0000100f) fence.i
core   0: 0 0x80007fd2 (0x0000100f)
core   0: 0x80007fd6 (0x00611233) sll     tp, sp, t1
core   0: 0 0x80007fd6 (0x00611233) x4  0xbc2bbfe0
core   0: 0x80007fda (0x00000e08) c.addi4spn a0, sp, 784
core   0: 0 0x80007fda (0x0e08) x10 0xde15e300
core   0: 0x80007fdc (0x00000001) c.nop
core   0: 0 0x80007fdc (0x0001)
core   0: 0x80007fde (0x40b0d733) sra     a4, ra, a1
core   0: 0 0x80007fde (0x40b0d733) x14 0xffffffff
core   0: 0x80007fe2 (0x00866ab3) or      s5, a2, s0
core   0: 0 0x80007fe2 (0x00866ab3) x21 0xc8f35eef
core   0: 0x80007fe6 (0x01dcd263) bge     s9, t4, pc + 4
core   0: 0 0x80007fe6 (0x01dcd263)
core   0: 0x80007fea (0x0ff0000f) fence   iorw,iorw
core   0: 0 0x80007fea (0x0ff0000f)
core   0: 0x80007fee (0x00000001) c.nop
core   0: 0 0x80007fee (0x0001)
core   0: 0x80007ff0 (0x036b0cb3) mul     s9, s6, s6
core   0: 0 0x80007ff0 (0x036b0cb3) x25 0x00000001
core   0: 0x80007ff4 (0x020f7db3) remu    s11, t5, zero
core   0: 0 0x80007ff4 (0x020f7db3) x27 0x80025ce4
core   0: 0x80007ff8 (0x018a8fb3) add     t6, s5, s8
core   0: 0 0x80007ff8 (0x018a8fb3) x31 0xc8f35eef
core   0: 0x80007ffc (0x00001190) c.addi4spn a2, sp, 224
core   0: 0 0x80007ffc (0x1190) x12 0xde15e0d0
core   0: 0x80007ffe (0x00c393b3) sll     t2, t2, a2
core   0: 0 0x80007ffe (0x00c393b3) x7  0xf9b50000
core   0: 0x80008002 (0x03aea3b3) mulhsu  t2, t4, s10
core   0: 0 0x80008002 (0x03aea3b3) x7  0xeb739bc1
core   0: 0x80008006 (0x03689e33) mulh    t3, a7, s6
core   0: 0 0x80008006 (0x03689e33) x28 0x00000000
core   0: 0x8000800a (0x00d62db3) slt     s11, a2, a3
core   0: 0 0x8000800a (0x00d62db3) x27 0x00000001
core   0: 0x8000800e (0xef143a17) auipc   s4, 0xef143
core   0: 0 0x8000800e (0xef143a17) x20 0x6f14b00e
core   0: 0x80008012 (0x021aa333) mulhsu  t1, s5, ra
core   0: 0 0x80008012 (0x021aa333) x6  0xc8f36082
core   0: 0x80008016 (0x0149f233) and     tp, s3, s4
core   0: 0 0x80008016 (0x0149f233) x4  0x0000000a
core   0: 0x8000801a (0x02c14733) div     a4, sp, a2
core   0: 0 0x8000801a (0x02c14733) x14 0x00000001
core   0: 0x8000801e (0x03e67933) remu    s2, a2, t5
core   0: 0 0x8000801e (0x03e67933) x18 0x5e1383ec
core   0: 0x80008022 (0x411f5cb3) sra     s9, t5, a7
core   0: 0 0x80008022 (0x411f5cb3) x25 0xfffffff0
core   0: 0x80008026 (0x00000001) c.nop
core   0: 0 0x80008026 (0x0001)
core   0: 0x80008028 (0xae842613) slti    a2, s0, -1304
core   0: 0 0x80008028 (0xae842613) x12 0x00000001
core   0: 0x8000802c (0x00000001) c.nop
core   0: 0 0x8000802c (0x0001)
core   0: 0x8000802e (0x00001598) c.addi4spn a4, sp, 736
core   0: 0 0x8000802e (0x1598) x14 0xde15e2d0
core   0: 0x80008030 (0xfd37f193) andi    gp, a5, -45
core   0: 0 0x80008030 (0xfd37f193) x3  0x00000043
core   0: 0x80008034 (0x002dd3b3) srl     t2, s11, sp
core   0: 0 0x80008034 (0x002dd3b3) x7  0x00000000
core   0: 0x80008038 (0xcd328b93) addi    s7, t0, -813
core   0: 0 0x80008038 (0xcd328b93) x23 0x1ffffcd3
core   0: 0x8000803c (0xfe477313) andi    t1, a4, -28
core   0: 0 0x8000803c (0xfe477313) x6  0xde15e2c0
core   0: 0x80008040 (0x000002be) c.slli  t0, 15
core   0: 0 0x80008040 (0x02be) x5  0x00000000
core   0: 0x80008042 (0x027bee63) bltu    s7, t2, pc + 60
core   0: 0 0x80008042 (0x027bee63)
core   0: 0x80008046 (0x00008ea9) c.xor   a3, a0
core   0: 0 0x80008046 (0x8ea9) x13 0xdc15eb79
core   0: 0x80008048 (0x0083aab3) slt     s5, t2, s0
core   0: 0 0x80008048 (0x0083aab3) x21 0x00000000
core   0: 0x8000804c (0x01cc33b3) sltu    t2, s8, t3
core   0: 0 0x8000804c (0x01cc33b3) x7  0x00000000
core   0: 0x80008050 (0x00929793) slli    a5, t0, 9
core   0: 0 0x80008050 (0x00929793) x15 0x00000000
core   0: 0x80008054 (0x0136ec33) or      s8, a3, s3
core   0: 0 0x80008054 (0x0136ec33) x24 0xdc15eb7b
core   0: 0x80008058 (0x40838433) sub     s0, t2, s0
core   0: 0 0x80008058 (0x40838433) x8  0x370eb31b
core   0: 0x8000805c (0xc325b413) sltiu   s0, a1, -974
core   0: 0 0x8000805c (0xc325b413) x8  0x00000001
core   0: 0x80008060 (0x00e75e63) bge     a4, a4, pc + 28
core   0: 0 0x80008060 (0x00e75e63)
core   0: 0x8000807c (0x0000717d) c.addi16sp sp, -16
core   0: 0 0x8000807c (0x717d) x2  0xde15dfe0
core   0: 0x8000807e (0x037e1a33) mulh    s4, t3, s7
core   0: 0 0x8000807e (0x037e1a33) x20 0x00000000
core   0: 0x80008082 (0x008cc8b3) xor     a7, s9, s0
core   0: 0 0x80008082 (0x008cc8b3) x17 0xfffffff1
core   0: 0x80008086 (0x00008722) c.mv    a4, s0
core   0: 0 0x80008086 (0x8722) x14 0x00000001
core   0: 0x80008088 (0x00008a99) c.andi  a3, 6
core   0: 0 0x80008088 (0x8a99) x13 0x00000000
core   0: 0x8000808a (0xbe357e93) andi    t4, a0, -1053
core   0: 0 0x8000808a (0xbe357e93) x29 0xde15e300
core   0: 0x8000808e (0x04d50063) beq     a0, a3, pc + 64
core   0: 0 0x8000808e (0x04d50063)
core   0: 0x80008092 (0xedb46b93) ori     s7, s0, -293
core   0: 0 0x80008092 (0xedb46b93) x23 0xfffffedb
core   0: 0x80008096 (0x03e302b3) mul     t0, t1, t5
core   0: 0 0x80008096 (0x03e302b3) x5  0x6e7af300
core   0: 0x8000809a (0x00e11663) bne     sp, a4, pc + 12
core   0: 0 0x8000809a (0x00e11663)
core   0: 0x800080a6 (0xa570f413) andi    s0, ra, -1449
core   0: 0 0x800080a6 (0xa570f413) x8  0xfffff803
core   0: 0x800080aa (0x010bca33) xor     s4, s7, a6
core   0: 0 0x800080aa (0x010bca33) x20 0x00000124
core   0: 0x800080ae (0x00587333) and     t1, a6, t0
core   0: 0 0x800080ae (0x00587333) x6  0x6e7af300
core   0: 0x800080b2 (0x00001afd) c.addi  s5, -1
core   0: 0 0x800080b2 (0x1afd) x21 0xffffffff
core   0: 0x800080b4 (0x019c9433) sll     s0, s9, s9
core   0: 0 0x800080b4 (0x019c9433) x8  0xfff00000
core   0: 0x800080b8 (0x419a5e33) sra     t3, s4, s9
core   0: 0 0x800080b8 (0x419a5e33) x28 0x00000000
core   0: 0x800080bc (0x007a4fb3) xor     t6, s4, t2
core   0: 0 0x800080bc (0x007a4fb3) x31 0x00000124
core   0: 0x800080c0 (0x00009bfd) c.andi  a5, -1
core   0: 0 0x800080c0 (0x9bfd) x15 0x00000000
core   0: 0x800080c2 (0x41ceddb3) sra     s11, t4, t3
core   0: 0 0x800080c2 (0x41ceddb3) x27 0xde15e300
core   0: 0x800080c6 (0x00b08333) add     t1, ra, a1
core   0: 0 0x800080c6 (0x00b08333) x6  0x894ea55f
core   0: 0x800080ca (0x8bd54b17) auipc   s6, 0x8bd54
core   0: 0 0x800080ca (0x8bd54b17) x22 0x0bd5c0ca
core   0: 0x800080ce (0x0297dd33) divu    s10, a5, s1
core   0: 0 0x800080ce (0x0297dd33) x26 0x00000000
core   0: 0x800080d2 (0x021b6733) rem     a4, s6, ra
core   0: 0 0x800080d2 (0x021b6733) x14 0x00000532
core   0: 0x800080d6 (0x3890e7b7) lui     a5, 0x3890e
core   0: 0 0x800080d6 (0x3890e7b7) x15 0x3890e000
core   0: 0x800080da (0x5c9e8793) addi    a5, t4, 1481
core   0: 0 0x800080da (0x5c9e8793) x15 0xde15e8c9
core   0: 0x800080de (0x00008e31) c.xor   a2, a2
core   0: 0 0x800080de (0x8e31) x12 0x00000000
core   0: 0x800080e0 (0x00008c7d) c.and   s0, a5
core   0: 0 0x800080e0 (0x8c7d) x8  0xde100000
core   0: 0x800080e2 (0x0093e0b3) or      ra, t2, s1
core   0: 0 0x800080e2 (0x0093e0b3) x1  0x80021e64
core   0: 0x800080e6 (0x016259b3) srl     s3, tp, s6
core   0: 0 0x800080e6 (0x016259b3) x19 0x00000000
core   0: 0x800080ea (0x011e7663) bgeu    t3, a7, pc + 12
core   0: 0 0x800080ea (0x011e7663)
core   0: 0x800080ee (0x00008219) c.srli  a2, 6
core   0: 0 0x800080ee (0x8219) x12 0x00000000
core   0: 0x800080f0 (0x00000001) c.nop
core   0: 0 0x800080f0 (0x0001)
core   0: 0x800080f2 (0x00004a15) c.li    s4, 5
core   0: 0 0x800080f2 (0x4a15) x20 0x00000005
core   0: 0x800080f4 (0x00000df9) c.addi  s11, 30
core   0: 0 0x800080f4 (0x0df9) x27 0xde15e31e
core   0: 0x800080f6 (0x0173b7b3) sltu    a5, t2, s7
core   0: 0 0x800080f6 (0x0173b7b3) x15 0x00000001
core   0: 0x800080fa (0x02b9e333) rem     t1, s3, a1
core   0: 0 0x800080fa (0x02b9e333) x6  0x00000000
core   0: 0x800080fe (0x00001d18) c.addi4spn a4, sp, 688
core   0: 0 0x800080fe (0x1d18) x14 0xde15e290
core   0: 0x80008100 (0x00008fbd) c.xor   a5, a5
core   0: 0 0x80008100 (0x8fbd) x15 0x00000000
core   0: 0x80008102 (0x035e8563) beq     t4, s5, pc + 42
core   0: 0 0x80008102 (0x035e8563)
core   0: 0x80008106 (0x00008c46) c.mv    s8, a7
core   0: 0 0x80008106 (0x8c46) x24 0xfffffff1
core   0: 0x80008108 (0x0000c205) c.beqz  a2, pc + 32
core   0: 0 0x80008108 (0xc205)
core   0: 0x80008128 (0x406d8633) sub     a2, s11, t1
core   0: 0 0x80008128 (0x406d8633) x12 0xde15e31e
core   0: 0x8000812c (0x002ee563) bltu    t4, sp, pc + 10
core   0: 0 0x8000812c (0x002ee563)
core   0: 0x80008130 (0x2d4d8317) auipc   t1, 0x2d4d8
core   0: 0 0x80008130 (0x2d4d8317) x6  0xad4e0130
core   0: 0x80008134 (0x00008eb9) c.xor   a3, a4
core   0: 0 0x80008134 (0x8eb9) x13 0xde15e290
core   0: 0x80008136 (0x0311d863) bge     gp, a7, pc + 48
core   0: 0 0x80008136 (0x0311d863)
core   0: 0x80008166 (0x01c2cab3) xor     s5, t0, t3
core   0: 0 0x80008166 (0x01c2cab3) x21 0x6e7af300
core   0: 0x8000816a (0x0228eeb3) rem     t4, a7, sp
core   0: 0 0x8000816a (0x0228eeb3) x29 0xfffffff1
core   0: 0x8000816e (0x00009566) c.add   a0, s9
core   0: 0 0x8000816e (0x9566) x10 0xde15e2f0
core   0: 0x80008170 (0x01fa99b3) sll     s3, s5, t6
core   0: 0 0x80008170 (0x01fa99b3) x19 0xe7af3000
core   0: 0x80008174 (0xfaa86717) auipc   a4, 0xfaa86
core   0: 0 0x80008174 (0xfaa86717) x14 0x7aa8e174
core   0: 0x80008178 (0x0000717d) c.addi16sp sp, -16
core   0: 0 0x80008178 (0x717d) x2  0xde15dfd0
core   0: 0x8000817a (0x00006ead) c.lui   t4, 0xb
core   0: 0 0x8000817a (0x6ead) x29 0x0000b000
core   0: 0x8000817c (0xcc8fb993) sltiu   s3, t6, -824
core   0: 0 0x8000817c (0xcc8fb993) x19 0x00000001
core   0: 0x80008180 (0x41f70733) sub     a4, a4, t6
core   0: 0 0x80008180 (0x41f70733) x14 0x7aa8e050
core   0: 0x80008184 (0x0000717d) c.addi16sp sp, -16
core   0: 0 0x80008184 (0x717d) x2  0xde15dfc0
core   0: 0x80008186 (0x00ab8733) add     a4, s7, a0
core   0: 0 0x80008186 (0x00ab8733) x14 0xde15e1cb
core   0: 0x8000818a (0x00001b7d) c.addi  s6, -1
core   0: 0 0x8000818a (0x1b7d) x22 0x0bd5c0c9
core   0: 0x8000818c (0xc0345517) auipc   a0, 0xc0345
core   0: 0 0x8000818c (0xc0345517) x10 0x4034d18c
core   0: 0x80008190 (0x415ade33) sra     t3, s5, s5
core   0: 0 0x80008190 (0x415ade33) x28 0x6e7af300
core   0: 0x80008194 (0x00000001) c.nop
core   0: 0 0x80008194 (0x0001)
core   0: 0x80008196 (0x02d40263) beq     s0, a3, pc + 36
core   0: 0 0x80008196 (0x02d40263)
core   0: 0x8000819a (0x00c61193) slli    gp, a2, 12
core   0: 0 0x8000819a (0x00c61193) x3  0x5e31e000
core   0: 0x8000819e (0x0000100f) fence.i
core   0: 0 0x8000819e (0x0000100f)
core   0: 0x800081a2 (0x00008f69) c.and   a4, a0
core   0: 0 0x800081a2 (0x8f69) x14 0x4014c188
core   0: 0x800081a4 (0x0000cf09) c.beqz  a4, pc + 26
core   0: 0 0x800081a4 (0xcf09)
core   0: 0x800081a6 (0x0072a7b3) slt     a5, t0, t2
core   0: 0 0x800081a6 (0x0072a7b3) x15 0x00000000
core   0: 0x800081aa (0x00c1e3b3) or      t2, gp, a2
core   0: 0 0x800081aa (0x00c1e3b3) x7  0xde35e31e
core   0: 0x800081ae (0x2a4f7713) andi    a4, t5, 676
core   0: 0 0x800081ae (0x2a4f7713) x14 0x000000a4
core   0: 0x800081b2 (0x028c0063) beq     s8, s0, pc + 32
core   0: 0 0x800081b2 (0x028c0063)
core   0: 0x800081b6 (0x02a741b3) div     gp, a4, a0
core   0: 0 0x800081b6 (0x02a741b3) x3  0x00000000
core   0: 0x800081ba (0x0051de13) srli    t3, gp, 5
core   0: 0 0x800081ba (0x0051de13) x28 0x00000000
core   0: 0x800081be (0x00709813) slli    a6, ra, 7
core   0: 0 0x800081be (0x00709813) x16 0x010f3200
core   0: 0x800081c2 (0x00008d7d) c.and   a0, a5
core   0: 0 0x800081c2 (0x8d7d) x10 0x00000000
core   0: 0x800081c4 (0x0000527d) c.li    tp, -1
core   0: 0 0x800081c4 (0x527d) x4  0xffffffff
core   0: 0x800081c6 (0x1ed1a693) slti    a3, gp, 493
core   0: 0 0x800081c6 (0x1ed1a693) x13 0x00000001
core   0: 0x800081ca (0x00009bfd) c.andi  a5, -1
core   0: 0 0x800081ca (0x9bfd) x15 0x00000000
core   0: 0x800081cc (0x00006695) c.lui   a3, 0x5
core   0: 0 0x800081cc (0x6695) x13 0x00005000
core   0: 0x800081ce (0x036a2eb3) mulhsu  t4, s4, s6
core   0: 0 0x800081ce (0x036a2eb3) x29 0x00000000
core   0: 0x800081d2 (0x00005bfd) c.li    s7, -1
core   0: 0 0x800081d2 (0x5bfd) x23 0xffffffff
core   0: 0x800081d4 (0x038277b3) remu    a5, tp, s8
core   0: 0 0x800081d4 (0x038277b3) x15 0x0000000e
core   0: 0x800081d8 (0x0240fb33) remu    s6, ra, tp
core   0: 0 0x800081d8 (0x0240fb33) x22 0x80021e64
core   0: 0x800081dc (0x01e09813) slli    a6, ra, 30
core   0: 0 0x800081dc (0x01e09813) x16 0x00000000
core   0: 0x800081e0 (0x3a083a93) sltiu   s5, a6, 928
core   0: 0 0x800081e0 (0x3a083a93) x21 0x00000001
core   0: 0x800081e4 (0x00009dba) c.add   s11, a4
core   0: 0 0x800081e4 (0x9dba) x27 0xde15e3c2
core   0: 0x800081e6 (0x03539933) mulh    s2, t2, s5
core   0: 0 0x800081e6 (0x03539933) x18 0xffffffff
core   0: 0x800081ea (0x0076ed63) bltu    a3, t2, pc + 26
core   0: 0 0x800081ea (0x0076ed63)
core   0: 0x80008204 (0x00006525) c.lui   a0, 0x9
core   0: 0 0x80008204 (0x6525) x10 0x00009000
core   0: 0x80008206 (0x0000e10d) c.bnez  a0, pc + 34
core   0: 0 0x80008206 (0xe10d)
core   0: 0x80008228 (0x00006129) c.addi16sp sp, 192
core   0: 0 0x80008228 (0x6129) x2  0xde15e080
core   0: 0x8000822a (0x00005cfd) c.li    s9, -1
core   0: 0 0x8000822a (0x5cfd) x25 0xffffffff
core   0: 0x8000822c (0x014249b3) xor     s3, tp, s4
core   0: 0 0x8000822c (0x014249b3) x19 0xfffffffa
core   0: 0x80008230 (0x0120de93) srli    t4, ra, 18
core   0: 0 0x80008230 (0x0120de93) x29 0x00002000
core   0: 0x80008234 (0x00618013) addi    zero, gp, 6
core   0: 0 0x80008234 (0x00618013)
core   0: 0x80008238 (0x73bad3b7) lui     t2, 0x73bad
core   0: 0 0x80008238 (0x73bad3b7) x7  0x73bad000
core   0: 0x8000823c (0x40d05313) srai    t1, zero, 13
core   0: 0 0x8000823c (0x40d05313) x6  0x00000000
core   0: 0x80008240 (0x0388c1b3) div     gp, a7, s8
core   0: 0 0x80008240 (0x0388c1b3) x3  0x00000001
core   0: 0x80008244 (0xdc606b13) ori     s6, zero, -570
core   0: 0 0x80008244 (0xdc606b13) x22 0xfffffdc6
core   0: 0x80008248 (0x0000ea81) c.bnez  a3, pc + 16
core   0: 0 0x80008248 (0xea81)
core   0: 0x80008258 (0x8a403697) auipc   a3, 0x8a403
core   0: 0 0x80008258 (0x8a403697) x13 0x0a40b258
core   0: 0x8000825c (0x03057633) remu    a2, a0, a6
core   0: 0 0x8000825c (0x03057633) x12 0x00009000
core   0: 0x80008260 (0x03854263) blt     a0, s8, pc + 36
core   0: 0 0x80008260 (0x03854263)
core   0: 0x80008264 (0x020640b3) div     ra, a2, zero
core   0: 0 0x80008264 (0x020640b3) x1  0xffffffff
core   0: 0x80008268 (0x0000652d) c.lui   a0, 0xb
core   0: 0 0x80008268 (0x652d) x10 0x0000b000
core   0: 0x8000826a (0x00008a91) c.andi  a3, 4
core   0: 0 0x8000826a (0x8a91) x13 0x00000000
core   0: 0x8000826c (0xe0b84693) xori    a3, a6, -501
core   0: 0 0x8000826c (0xe0b84693) x13 0xfffffe0b
core   0: 0x80008270 (0x03496463) bltu    s2, s4, pc + 40
core   0: 0 0x80008270 (0x03496463)
core   0: 0x80008274 (0x000082d1) c.srli  a3, 20
core   0: 0 0x80008274 (0x82d1) x13 0x00000fff
core   0: 0x80008276 (0x00000aca) c.slli  s5, 18
core   0: 0 0x80008276 (0x0aca) x21 0x00040000
core   0: 0x80008278 (0x00009c4a) c.add   s8, s2
core   0: 0 0x80008278 (0x9c4a) x24 0xfffffff0
core   0: 0x8000827a (0x00d57db3) and     s11, a0, a3
core   0: 0 0x8000827a (0x00d57db3) x27 0x00000000
core   0: 0x8000827e (0x0000419d) c.li    gp, 7
core   0: 0 0x8000827e (0x419d) x3  0x00000007
core   0: 0x80008280 (0x0352c063) blt     t0, s5, pc + 32
core   0: 0 0x80008280 (0x0352c063)
core   0: 0x80008284 (0x03241233) mulh    tp, s0, s2
core   0: 0 0x80008284 (0x03241233) x4  0x00000000
core   0: 0x80008288 (0x00008d19) c.sub   a0, a4
core   0: 0 0x80008288 (0x8d19) x10 0x0000af5c
core   0: 0x8000828a (0x012b86b3) add     a3, s7, s2
core   0: 0 0x8000828a (0x012b86b3) x13 0xfffffffe
core   0: 0x8000828e (0x000007ee) c.slli  a5, 27
core   0: 0 0x8000828e (0x07ee) x15 0x70000000
core   0: 0x80008290 (0x05c88263) beq     a7, t3, pc + 68
core   0: 0 0x80008290 (0x05c88263)
core   0: 0x80008294 (0x00e06db3) or      s11, zero, a4
core   0: 0 0x80008294 (0x00e06db3) x27 0x000000a4
core   0: 0x80008298 (0x0ff0000f) fence   iorw,iorw
core   0: 0 0x80008298 (0x0ff0000f)
core   0: 0x8000829c (0x0000100f) fence.i
core   0: 0 0x8000829c (0x0000100f)
core   0: 0x800082a0 (0x8fd22213) slti    tp, tp, -1795
core   0: 0 0x800082a0 (0x8fd22213) x4  0x00000000
core   0: 0x800082a4 (0x00008d55) c.or    a0, a3
core   0: 0 0x800082a4 (0x8d55) x10 0xfffffffe
core   0: 0x800082a6 (0x0ff0000f) fence   iorw,iorw
core   0: 0 0x800082a6 (0x0ff0000f)
core   0: 0x800082aa (0x018c6633) or      a2, s8, s8
core   0: 0 0x800082aa (0x018c6633) x12 0xfffffff0
core   0: 0x800082ae (0x00235913) srli    s2, t1, 2
core   0: 0 0x800082ae (0x00235913) x18 0x00000000
core   0: 0x800082b2 (0x0242ceb3) div     t4, t0, tp
core   0: 0 0x800082b2 (0x0242ceb3) x29 0xffffffff
core   0: 0x800082b6 (0x00009916) c.add   s2, t0
core   0: 0 0x800082b6 (0x9916) x18 0x6e7af300
core   0: 0x800082b8 (0x00000ba1) c.addi  s7, 8
core   0: 0 0x800082b8 (0x0ba1) x23 0x00000007
core   0: 0x800082ba (0x0000c319) c.beqz  a4, pc + 6
core   0: 0 0x800082ba (0xc319)
core   0: 0x800082bc (0x32f1a693) slti    a3, gp, 815
core   0: 0 0x800082bc (0x32f1a693) x13 0x00000001
core   0: 0x800082c0 (0x0000e733) or      a4, ra, zero
core   0: 0 0x800082c0 (0x0000e733) x14 0xffffffff
core   0: 0x800082c4 (0x00ba7933) and     s2, s4, a1
core   0: 0 0x800082c4 (0x00ba7933) x18 0x00000004
core   0: 0x800082c8 (0x02047fb3) remu    t6, s0, zero
core   0: 0 0x800082c8 (0x02047fb3) x31 0xde100000
core   0: 0x800082cc (0xb1a5e517) auipc   a0, 0xb1a5e
core   0: 0 0x800082cc (0xb1a5e517) x10 0x31a662cc
core   0: 0x800082d0 (0x020ae763) bltu    s5, zero, pc + 46
core   0: 0 0x800082d0 (0x020ae763)
core   0: 0x800082d4 (0x02b20c63) beq     tp, a1, pc + 56
core   0: 0 0x800082d4 (0x02b20c63)
core   0: 0x800082d8 (0x0000825d) c.srli  a2, 23
core   0: 0 0x800082d8 (0x825d) x12 0x000001ff
core   0: 0x800082da (0x02a2e033) rem     zero, t0, a0
core   0: 0 0x800082da (0x02a2e033)
core   0: 0x800082de (0x0000036a) c.slli  t1, 26
core   0: 0 0x800082de (0x036a) x6  0x00000000
core   0: 0x800082e0 (0x4ca9b513) sltiu   a0, s3, 1226
core   0: 0 0x800082e0 (0x4ca9b513) x10 0x00000000
core   0: 0x800082e4 (0x0000717d) c.addi16sp sp, -16
core   0: 0 0x800082e4 (0x717d) x2  0xde15e070
core   0: 0x800082e6 (0x0000100f) fence.i
core   0: 0 0x800082e6 (0x0000100f)
core   0: 0x800082ea (0x0009bb33) sltu    s6, s3, zero
core   0: 0 0x800082ea (0x0009bb33) x22 0x00000000
core   0: 0x800082ee (0x03be1533) mulh    a0, t3, s11
core   0: 0 0x800082ee (0x03be1533) x10 0x00000000
core   0: 0x800082f2 (0x030f8463) beq     t6, a6, pc + 40
core   0: 0 0x800082f2 (0x030f8463)
core   0: 0x800082f6 (0x0000022e) c.slli  tp, 11
core   0: 0 0x800082f6 (0x022e) x4  0x00000000
core   0: 0x800082f8 (0x03e9ddb3) divu    s11, s3, t5
core   0: 0 0x800082f8 (0x03e9ddb3) x27 0x00000001
core   0: 0x800082fc (0x0000620d) c.lui   tp, 0x3
core   0: 0 0x800082fc (0x620d) x4  0x00003000
core   0: 0x800082fe (0x03582db3) mulhsu  s11, a6, s5
core   0: 0 0x800082fe (0x03582db3) x27 0x00000000
core   0: 0x80008302 (0x00000001) c.nop
core   0: 0 0x80008302 (0x0001)
core   0: 0x80008304 (0x017dd733) srl     a4, s11, s7
core   0: 0 0x80008304 (0x017dd733) x14 0x00000000
core   0: 0x80008308 (0x00565393) srli    t2, a2, 5
core   0: 0 0x80008308 (0x00565393) x7  0x0000000f
core   0: 0x8000830c (0x02d2fe63) bgeu    t0, a3, pc + 60
core   0: 0 0x8000830c (0x02d2fe63)
core   0: 0x80008348 (0x00008fd5) c.or    a5, a3
core   0: 0 0x80008348 (0x8fd5) x15 0x70000001
core   0: 0x8000834a (0x00000a15) c.addi  s4, 5
core   0: 0 0x8000834a (0x0a15) x20 0x0000000a
core   0: 0x8000834c (0x028f6933) rem     s2, t5, s0
core   0: 0 0x8000834c (0x028f6933) x18 0xe5d25ce4
core   0: 0x80008350 (0x012bd763) bge     s7, s2, pc + 14
core   0: 0 0x80008350 (0x012bd763)
core   0: 0x8000835e (0x659a2393) slti    t2, s4, 1625
core   0: 0 0x8000835e (0x659a2393) x7  0x00000001
core   0: 0x80008362 (0x00000001) c.nop
core   0: 0 0x80008362 (0x0001)
core   0: 0x80008364 (0x0209d3b3) divu    t2, s3, zero
core   0: 0 0x80008364 (0x0209d3b3) x7  0xffffffff
core   0: 0x80008368 (0x00000eaa) c.slli  t4, 10
core   0: 0 0x80008368 (0x0eaa) x29 0xfffffc00
core   0: 0x8000836a (0x01b3dcb3) srl     s9, t2, s11
core   0: 0 0x8000836a (0x01b3dcb3) x25 0xffffffff
core   0: 0x8000836e (0x036fd833) divu    a6, t6, s6
core   0: 0 0x8000836e (0x036fd833) x16 0xffffffff
core   0: 0x80008372 (0x00000001) c.nop
core   0: 0 0x80008372 (0x0001)
core   0: 0x80008374 (0xd338fb13) andi    s6, a7, -717
core   0: 0 0x80008374 (0xd338fb13) x22 0xfffffd31
core   0: 0x80008378 (0x00001dfd) c.addi  s11, -1
core   0: 0 0x80008378 (0x1dfd) x27 0xffffffff
core   0: 0x8000837a (0x0000ec39) c.bnez  s0, pc + 94
core   0: 0 0x8000837a (0xec39)
core   0: 0x800083d8 (0x000083dd) c.srli  a5, 23
core   0: 0 0x800083d8 (0x83dd) x15 0x000000e0
core   0: 0x800083da (0x008edc33) srl     s8, t4, s0
core   0: 0 0x800083da (0x008edc33) x24 0xfffffc00
core   0: 0x800083de (0x00750fb3) add     t6, a0, t2
core   0: 0 0x800083de (0x00750fb3) x31 0xffffffff
core   0: 0x800083e2 (0x0000cf8d) c.beqz  a5, pc + 58
core   0: 0 0x800083e2 (0xcf8d)
core   0: 0x800083e4 (0x02c680b3) mul     ra, a3, a2
core   0: 0 0x800083e4 (0x02c680b3) x1  0x000001ff
core   0: 0x800083e8 (0x00000001) c.nop
core   0: 0 0x800083e8 (0x0001)
core   0: 0x800083ea (0x02bf5163) bge     t5, a1, pc + 34
core   0: 0 0x800083ea (0x02bf5163)
core   0: 0x800083ee (0x000fedb3) or      s11, t6, zero
core   0: 0 0x800083ee (0x000fedb3) x27 0xffffffff
core   0: 0x800083f2 (0x0000e511) c.bnez  a0, pc + 12
core   0: 0 0x800083f2 (0xe511)
core   0: 0x800083f4 (0x00c30e33) add     t3, t1, a2
core   0: 0 0x800083f4 (0x00c30e33) x28 0x000001ff
core   0: 0x800083f8 (0x02dcc433) div     s0, s9, a3
core   0: 0 0x800083f8 (0x02dcc433) x8  0xffffffff
core   0: 0x800083fc (0x0000c781) c.beqz  a5, pc + 8
core   0: 0 0x800083fc (0xc781)
core   0: 0x800083fe (0x7b47ba93) sltiu   s5, a5, 1972
core   0: 0 0x800083fe (0x7b47ba93) x21 0x00000001
core   0: 0x80008402 (0x00000eda) c.slli  t4, 22
core   0: 0 0x80008402 (0x0eda) x29 0x00000000
core   0: 0x80008404 (0x0ff0000f) fence   iorw,iorw
core   0: 0 0x80008404 (0x0ff0000f)
core   0: 0x80008408 (0x0175b833) sltu    a6, a1, s7
core   0: 0 0x80008408 (0x0175b833) x16 0x00000000
core   0: 0x8000840c (0x0000100f) fence.i
core   0: 0 0x8000840c (0x0000100f)
core   0: 0x80008410 (0x03cd6063) bltu    s10, t3, pc + 32
core   0: 0 0x80008410 (0x03cd6063)
core   0: 0x80008430 (0x00000001) c.nop
core   0: 0 0x80008430 (0x0001)
core   0: 0x80008432 (0x0000856d) c.srai  a0, 27
core   0: 0 0x80008432 (0x856d) x10 0x00000000
core   0: 0x80008434 (0x0308aa33) mulhsu  s4, a7, a6
core   0: 0 0x80008434 (0x0308aa33) x20 0x00000000
core   0: 0x80008438 (0x0068df63) bge     a7, t1, pc + 30
core   0: 0 0x80008438 (0x0068df63)
core   0: 0x8000843c (0x001cb333) sltu    t1, s9, ra
core   0: 0 0x8000843c (0x001cb333) x6  0x00000000
core   0: 0x80008440 (0x02ea1b33) mulh    s6, s4, a4
core   0: 0 0x80008440 (0x02ea1b33) x22 0x00000000
core   0: 0x80008444 (0x40305693) srai    a3, zero, 3
core   0: 0 0x80008444 (0x40305693) x13 0x00000000
core   0: 0x80008448 (0x03136e33) rem     t3, t1, a7
core   0: 0 0x80008448 (0x03136e33) x28 0x00000000
core   0: 0x8000844c (0x00008e41) c.or    a2, s0
core   0: 0 0x8000844c (0x8e41) x12 0xffffffff
core   0: 0x8000844e (0x03720e33) mul     t3, tp, s7
core   0: 0 0x8000844e (0x03720e33) x28 0x00015000
core   0: 0x80008452 (0x4158dcb3) sra     s9, a7, s5
core   0: 0 0x80008452 (0x4158dcb3) x25 0xfffffff8
core   0: 0x80008456 (0x00008e61) c.and   a2, s0
core   0: 0 0x80008456 (0x8e61) x12 0xffffffff
core   0: 0x80008458 (0x000083cd) c.srli  a5, 19
core   0: 0 0x80008458 (0x83cd) x15 0x00000000
core   0: 0x8000845a (0xe2ffaa13) slti    s4, t6, -465
core   0: 0 0x8000845a (0xe2ffaa13) x20 0x00000000
core   0: 0x8000845e (0x00000001) c.nop
core   0: 0 0x8000845e (0x0001)
core   0: 0x80008460 (0x03f0c433) div     s0, ra, t6
core   0: 0 0x80008460 (0x03f0c433) x8  0xfffffe01
core   0: 0x80008464 (0xdfa87613) andi    a2, a6, -518
core   0: 0 0x80008464 (0xdfa87613) x12 0x00000000
core   0: 0x80008468 (0x00009a06) c.add   s4, ra
core   0: 0 0x80008468 (0x9a06) x20 0x000001ff
core   0: 0x8000846a (0x025bdfb3) divu    t6, s7, t0
core   0: 0 0x8000846a (0x025bdfb3) x31 0x00000000
core   0: 0x8000846e (0x00000001) c.nop
core   0: 0 0x8000846e (0x0001)
core   0: 0x80008470 (0x0192e1b3) or      gp, t0, s9
core   0: 0 0x80008470 (0x0192e1b3) x3  0xfffffff8
core   0: 0x80008474 (0x03c191b3) mulh    gp, gp, t3
core   0: 0 0x80008474 (0x03c191b3) x3  0xffffffff
core   0: 0x80008478 (0x4079de33) sra     t3, s3, t2
core   0: 0 0x80008478 (0x4079de33) x28 0xffffffff
core   0: 0x8000847c (0x00177c63) bgeu    a4, ra, pc + 24
core   0: 0 0x8000847c (0x00177c63)
core   0: 0x80008480 (0x033f1963) bne     t5, s3, pc + 50
core   0: 0 0x80008480 (0x033f1963)
core   0: 0x800084b2 (0x000dcd33) xor     s10, s11, zero
core   0: 0 0x800084b2 (0x000dcd33) x26 0xffffffff
core   0: 0x800084b6 (0x1f477193) andi    gp, a4, 500
core   0: 0 0x800084b6 (0x1f477193) x3  0x00000000
core   0: 0x800084ba (0x000b7633) and     a2, s6, zero
core   0: 0 0x800084ba (0x000b7633) x12 0x00000000
core   0: 0x800084be (0x00008312) c.mv    t1, tp
core   0: 0 0x800084be (0x8312) x6  0x00003000
core   0: 0x800084c0 (0x000090be) c.add   ra, a5
core   0: 0 0x800084c0 (0x90be) x1  0x000001ff
core   0: 0x800084c2 (0x0051ec33) or      s8, gp, t0
core   0: 0 0x800084c2 (0x0051ec33) x24 0x6e7af300
core   0: 0x800084c6 (0x00005cfd) c.li    s9, -1
core   0: 0 0x800084c6 (0x5cfd) x25 0xffffffff
core   0: 0x800084c8 (0x9fdfe737) lui     a4, 0x9fdfe
core   0: 0 0x800084c8 (0x9fdfe737) x14 0x9fdfe000
core   0: 0x800084cc (0x00000a18) c.addi4spn a4, sp, 272
core   0: 0 0x800084cc (0x0a18) x14 0xde15e180
core   0: 0x800084ce (0x00008f09) c.sub   a4, a0
core   0: 0 0x800084ce (0x8f09) x14 0xde15e180
core   0: 0x800084d0 (0xa3d64613) xori    a2, a2, -1475
core   0: 0 0x800084d0 (0xa3d64613) x12 0xfffffa3d
core   0: 0x800084d4 (0x00ac1993) slli    s3, s8, 10
core   0: 0 0x800084d4 (0x00ac1993) x19 0xebcc0000
core   0: 0x800084d8 (0x00000001) c.nop
core   0: 0 0x800084d8 (0x0001)
core   0: 0x800084da (0x0136dc33) srl     s8, a3, s3
core   0: 0 0x800084da (0x0136dc33) x24 0x00000000
core   0: 0x800084de (0x011bd093) srli    ra, s7, 17
core   0: 0 0x800084de (0x011bd093) x1  0x00000000
core   0: 0x800084e2 (0x00008c49) c.or    s0, a0
core   0: 0 0x800084e2 (0x8c49) x8  0xfffffe01
core   0: 0x800084e4 (0x002f9b33) sll     s6, t6, sp
core   0: 0 0x800084e4 (0x002f9b33) x22 0x00000000
core   0: 0x800084e8 (0x00004b49) c.li    s6, 18
core   0: 0 0x800084e8 (0x4b49) x22 0x00000012
core   0: 0x800084ea (0x0000e209) c.bnez  a2, pc + 2
core   0: 0 0x800084ea (0xe209)
core   0: 0x800084ec (0x0000167d) c.addi  a2, -1
core   0: 0 0x800084ec (0x167d) x12 0xfffffa3c
core   0: 0x800084ee (0x0354cd33) div     s10, s1, s5
core   0: 0 0x800084ee (0x0354cd33) x26 0x80021e64
core   0: 0x800084f2 (0x0095e033) or      zero, a1, s1
core   0: 0 0x800084f2 (0x0095e033)
core   0: 0x800084f6 (0x00001efd) c.addi  t4, -1
core   0: 0 0x800084f6 (0x1efd) x29 0xffffffff
core   0: 0x800084f8 (0x00008e05) c.sub   a2, s1
core   0: 0 0x800084f8 (0x8e05) x12 0x7ffddbd8
core   0: 0x800084fa (0x02fa1163) bne     s4, a5, pc + 34
core   0: 0 0x800084fa (0x02fa1163)
core   0: 0x8000851c (0x00008329) c.srli  a4, 10
core   0: 0 0x8000851c (0x8329) x14 0x00378578
core   0: 0x8000851e (0x000097a2) c.add   a5, s0
core   0: 0 0x8000851e (0x97a2) x15 0xfffffe01
core   0: 0x80008520 (0x0000830d) c.srli  a4, 3
core   0: 0 0x80008520 (0x830d) x14 0x0006f0af
core   0: 0x80008522 (0xad384713) xori    a4, a6, -1325
core   0: 0 0x80008522 (0xad384713) x14 0xfffffad3
core   0: 0x80008526 (0x0000c291) c.beqz  a3, pc + 4
core   0: 0 0x80008526 (0xc291)
core   0: 0x8000852a (0x02ffa833) mulhsu  a6, t6, a5
core   0: 0 0x8000852a (0x02ffa833) x16 0x00000000
core   0: 0x8000852e (0x03154133) div     sp, a0, a7
core   0: 0 0x8000852e (0x03154133) x2  0x00000000
core   0: 0x80008532 (0x0000613d) c.addi16sp sp, 480
core   0: 0 0x80008532 (0x613d) x2  0x000001e0
core   0: 0x80008534 (0x00132033) slt     zero, t1, ra
core   0: 0 0x80008534 (0x00132033)
core   0: 0x80008538 (0x03340c33) mul     s8, s0, s3
core   0: 0 0x80008538 (0x03340c33) x24 0x53cc0000
core   0: 0x8000853c (0x024d7e63) bgeu    s10, tp, pc + 60
core   0: 0 0x8000853c (0x024d7e63)
core   0: 0x80008578 (0x98408717) auipc   a4, 0x98408
core   0: 0 0x80008578 (0x98408717) x14 0x18410578
core   0: 0x8000857c (0x00a7cbb3) xor     s7, a5, a0
core   0: 0 0x8000857c (0x00a7cbb3) x23 0xfffffe01
core   0: 0x80008580 (0xd687bc13) sltiu   s8, a5, -664
core   0: 0 0x80008580 (0xd687bc13) x24 0x00000000
core   0: 0x80008584 (0x01ace463) bltu    s9, s10, pc + 8
core   0: 0 0x80008584 (0x01ace463)
core   0: 0x80008588 (0x01d85263) bge     a6, t4, pc + 4
core   0: 0 0x80008588 (0x01d85263)
core   0: 0x8000858c (0x034c0b33) mul     s6, s8, s4
core   0: 0 0x8000858c (0x034c0b33) x22 0x00000000
core   0: 0x80008590 (0xffff8597) auipc   a1, 0xffff8
core   0: 0 0x80008590 (0xffff8597) x11 0x80000590
core   0: 0x80008594 (0xdce58593) addi    a1, a1, -562
core   0: 0 0x80008594 (0xdce58593) x11 0x8000035e
core   0: 0x80008598 (0x00058067) jr      a1
core   0: 0 0x80008598 (0x00058067)
core   0: 0x8000035e (0x90000d37) lui     s10, 0x90000
core   0: 0 0x8000035e (0x90000d37) x26 0x90000000
core   0: 0x80000362 (0x00001d61) c.addi  s10, -8
core   0: 0 0x80000362 (0x1d61) x26 0x8ffffff8
core   0: 0x80000364 (0x00004601) c.li    a2, 0
core   0: 0 0x80000364 (0x4601) x12 0x00000000
core   0: 0x80000366 (0x00000622) c.slli  a2, 8
core   0: 0 0x80000366 (0x0622) x12 0x00000000
core   0: 0x80000368 (0x00000605) c.addi  a2, 1
core   0: 0 0x80000368 (0x0605) x12 0x00000001
core   0: 0x8000036a (0x00cd2023) sw      a2, 0(s10)
core   0: 0 0x8000036a (0x00cd2023) mem 0x8ffffff8 0x00000001
core   0: 0x8000036e (0x00000073) ecall
core   0: exception trap_user_ecall, epc 0x8000036e
core   0: 0x80002500 (0x0800006f) j       pc + 0x80
core   0: 3 0x80002500 (0x0800006f)
core   0: 0x80002580 (0x00001f71) c.addi  t5, -4
core   0: 3 0x80002580 (0x1f71) x30 0x80025ce0
core   0: 0x80002582 (0x009f2023) sw      s1, 0(t5)
core   0: 3 0x80002582 (0x009f2023) mem 0x80025ce0 0x80021e64
core   0: 0x80002586 (0x000f04b3) add     s1, t5, zero
core   0: 3 0x80002586 (0x000f04b3) x9  0x80025ce0
core   0: 0x8000258a (0xf8048493) addi    s1, s1, -128
core   0: 3 0x8000258a (0xf8048493) x9  0x80025c60
core   0: 0x8000258e (0x0014a223) sw      ra, 4(s1)
core   0: 3 0x8000258e (0x0014a223) mem 0x80025c64 0x00000000
core   0: 0x80002592 (0x0024a423) sw      sp, 8(s1)
core   0: 3 0x80002592 (0x0024a423) mem 0x80025c68 0x000001e0
core   0: 0x80002596 (0x0034a623) sw      gp, 12(s1)
core   0: 3 0x80002596 (0x0034a623) mem 0x80025c6c 0x00000000
core   0: 0x8000259a (0x0044a823) sw      tp, 16(s1)
core   0: 3 0x8000259a (0x0044a823) mem 0x80025c70 0x00003000
core   0: 0x8000259e (0x0054aa23) sw      t0, 20(s1)
core   0: 3 0x8000259e (0x0054aa23) mem 0x80025c74 0x6e7af300
core   0: 0x800025a2 (0x0064ac23) sw      t1, 24(s1)
core   0: 3 0x800025a2 (0x0064ac23) mem 0x80025c78 0x00003000
core   0: 0x800025a6 (0x0074ae23) sw      t2, 28(s1)
core   0: 3 0x800025a6 (0x0074ae23) mem 0x80025c7c 0xffffffff
core   0: 0x800025aa (0x0000d080) c.sw    s0, 32(s1)
core   0: 3 0x800025aa (0xd080) mem 0x80025c80 0xfffffe01
core   0: 0x800025ac (0x0000d0c4) c.sw    s1, 36(s1)
core   0: 3 0x800025ac (0xd0c4) mem 0x80025c84 0x80025c60
core   0: 0x800025ae (0x0000d488) c.sw    a0, 40(s1)
core   0: 3 0x800025ae (0xd488) mem 0x80025c88 0x00000000
core   0: 0x800025b0 (0x0000d4cc) c.sw    a1, 44(s1)
core   0: 3 0x800025b0 (0xd4cc) mem 0x80025c8c 0x8000035e
core   0: 0x800025b2 (0x0000d890) c.sw    a2, 48(s1)
core   0: 3 0x800025b2 (0xd890) mem 0x80025c90 0x00000001
core   0: 0x800025b4 (0x0000d8d4) c.sw    a3, 52(s1)
core   0: 3 0x800025b4 (0xd8d4) mem 0x80025c94 0x00000000
core   0: 0x800025b6 (0x0000dc98) c.sw    a4, 56(s1)
core   0: 3 0x800025b6 (0xdc98) mem 0x80025c98 0x18410578
core   0: 0x800025b8 (0x0000dcdc) c.sw    a5, 60(s1)
core   0: 3 0x800025b8 (0xdcdc) mem 0x80025c9c 0xfffffe01
core   0: 0x800025ba (0x0504a023) sw      a6, 64(s1)
core   0: 3 0x800025ba (0x0504a023) mem 0x80025ca0 0x00000000
core   0: 0x800025be (0x0514a223) sw      a7, 68(s1)
core   0: 3 0x800025be (0x0514a223) mem 0x80025ca4 0xfffffff1
core   0: 0x800025c2 (0x0524a423) sw      s2, 72(s1)
core   0: 3 0x800025c2 (0x0524a423) mem 0x80025ca8 0xe5d25ce4
core   0: 0x800025c6 (0x0534a623) sw      s3, 76(s1)
core   0: 3 0x800025c6 (0x0534a623) mem 0x80025cac 0xebcc0000
core   0: 0x800025ca (0x0544a823) sw      s4, 80(s1)
core   0: 3 0x800025ca (0x0544a823) mem 0x80025cb0 0x000001ff
core   0: 0x800025ce (0x0554aa23) sw      s5, 84(s1)
core   0: 3 0x800025ce (0x0554aa23) mem 0x80025cb4 0x00000001
core   0: 0x800025d2 (0x0564ac23) sw      s6, 88(s1)
core   0: 3 0x800025d2 (0x0564ac23) mem 0x80025cb8 0x00000000
core   0: 0x800025d6 (0x0574ae23) sw      s7, 92(s1)
core   0: 3 0x800025d6 (0x0574ae23) mem 0x80025cbc 0xfffffe01
core   0: 0x800025da (0x0784a023) sw      s8, 96(s1)
core   0: 3 0x800025da (0x0784a023) mem 0x80025cc0 0x00000000
core   0: 0x800025de (0x0794a223) sw      s9, 100(s1)
core   0: 3 0x800025de (0x0794a223) mem 0x80025cc4 0xffffffff
core   0: 0x800025e2 (0x07a4a423) sw      s10, 104(s1)
core   0: 3 0x800025e2 (0x07a4a423) mem 0x80025cc8 0x8ffffff8
core   0: 0x800025e6 (0x07b4a623) sw      s11, 108(s1)
core   0: 3 0x800025e6 (0x07b4a623) mem 0x80025ccc 0xffffffff
core   0: 0x800025ea (0x07c4a823) sw      t3, 112(s1)
core   0: 3 0x800025ea (0x07c4a823) mem 0x80025cd0 0xffffffff
core   0: 0x800025ee (0x07d4aa23) sw      t4, 116(s1)
core   0: 3 0x800025ee (0x07d4aa23) mem 0x80025cd4 0xffffffff
core   0: 0x800025f2 (0x07e4ac23) sw      t5, 120(s1)
core   0: 3 0x800025f2 (0x07e4ac23) mem 0x80025cd8 0x80025ce0
core   0: 0x800025f6 (0x07f4ae23) sw      t6, 124(s1)
core   0: 3 0x800025f6 (0x07f4ae23) mem 0x80025cdc 0x00000000
core   0: 0x800025fa (0x00048f33) add     t5, s1, zero
core   0: 3 0x800025fa (0x00048f33) x30 0x80025c60
core   0: 0x800025fe (0x90000d37) lui     s10, 0x90000
core   0: 3 0x800025fe (0x90000d37) x26 0x90000000
core   0: 0x80002602 (0x00001d71) c.addi  s10, -4
core   0: 3 0x80002602 (0x1d71) x26 0x8ffffffc
core   0: 0x80002604 (0x00004621) c.li    a2, 8
core   0: 3 0x80002604 (0x4621) x12 0x00000008
core   0: 0x80002606 (0x00000622) c.slli  a2, 8
core   0: 3 0x80002606 (0x0622) x12 0x00000800
core   0: 0x80002608 (0x00060613) mv      a2, a2
core   0: 3 0x80002608 (0x00060613) x12 0x00000800
core   0: 0x8000260c (0x00cd2023) sw      a2, 0(s10)
core   0: 3 0x8000260c (0x00cd2023) mem 0x8ffffffc 0x00000800
core   0: 0x80002610 (0x34102673) csrr    a2, mepc
core   0: 3 0x80002610 (0x34102673) x12 0x8000036e
core   0: 0x80002614 (0x34202673) csrr    a2, mcause
core   0: 3 0x80002614 (0x34202673) x12 0x00000008
core   0: 0x80002618 (0x00004d0d) c.li    s10, 3
core   0: 3 0x80002618 (0x4d0d) x26 0x00000003
core   0: 0x8000261a (0x01a61463) bne     a2, s10, pc + 8
core   0: 3 0x8000261a (0x01a61463)
core   0: 0x80002622 (0x00004d21) c.li    s10, 8
core   0: 3 0x80002622 (0x4d21) x26 0x00000008
core   0: 0x80002624 (0x05a60d63) beq     a2, s10, pc + 90
core   0: 3 0x80002624 (0x05a60d63)
core   0: 0x8000267e (0x90000d37) lui     s10, 0x90000
core   0: 3 0x8000267e (0x90000d37) x26 0x90000000
core   0: 0x80002682 (0x00001d71) c.addi  s10, -4
core   0: 3 0x80002682 (0x1d71) x26 0x8ffffffc
core   0: 0x80002684 (0x00006605) c.lui   a2, 0x1
core   0: 3 0x80002684 (0x6605) x12 0x00001000
core   0: 0x80002686 (0xb0060613) addi    a2, a2, -1280
core   0: 3 0x80002686 (0xb0060613) x12 0x00000b00
core   0: 0x8000268a (0x00000622) c.slli  a2, 8
core   0: 3 0x8000268a (0x0622) x12 0x000b0000
core   0: 0x8000268c (0x0000060d) c.addi  a2, 3
core   0: 3 0x8000268c (0x060d) x12 0x000b0003
core   0: 0x8000268e (0x00cd2023) sw      a2, 0(s10)
core   0: 3 0x8000268e (0x00cd2023) mem 0x8ffffffc 0x000b0003
core   0: 0x80002692 (0xb0002673) csrr    a2, mcycle
core   0: 3 0x80002692 (0xb0002673) x12 0x0000b9a2
core   0: 0x80002696 (0x00cd2023) sw      a2, 0(s10)
core   0: 3 0x80002696 (0x00cd2023) mem 0x8ffffffc 0x0000b9a2
core   0: 0x8000269a (0x90000d37) lui     s10, 0x90000
core   0: 3 0x8000269a (0x90000d37) x26 0x90000000
core   0: 0x8000269e (0x00001d71) c.addi  s10, -4
core   0: 3 0x8000269e (0x1d71) x26 0x8ffffffc
core   0: 0x800026a0 (0x00006605) c.lui   a2, 0x1
core   0: 3 0x800026a0 (0x6605) x12 0x00001000
core   0: 0x800026a2 (0xb8060613) addi    a2, a2, -1152
core   0: 3 0x800026a2 (0xb8060613) x12 0x00000b80
core   0: 0x800026a6 (0x00000622) c.slli  a2, 8
core   0: 3 0x800026a6 (0x0622) x12 0x000b8000
core   0: 0x800026a8 (0x0000060d) c.addi  a2, 3
core   0: 3 0x800026a8 (0x060d) x12 0x000b8003
core   0: 0x800026aa (0x00cd2023) sw      a2, 0(s10)
core   0: 3 0x800026aa (0x00cd2023) mem 0x8ffffffc 0x000b8003
core   0: 0x800026ae (0xb8002673) csrr    a2, mcycleh
core   0: 3 0x800026ae (0xb8002673) x12 0x00000000
core   0: 0x800026b2 (0x00cd2023) sw      a2, 0(s10)
core   0: 3 0x800026b2 (0x00cd2023) mem 0x8ffffffc 0x00000000
core   0: 0x800026b6 (0x90000d37) lui     s10, 0x90000
core   0: 3 0x800026b6 (0x90000d37) x26 0x90000000
core   0: 0x800026ba (0x00001d71) c.addi  s10, -4
core   0: 3 0x800026ba (0x1d71) x26 0x8ffffffc
core   0: 0x800026bc (0x00006605) c.lui   a2, 0x1
core   0: 3 0x800026bc (0x6605) x12 0x00001000
core   0: 0x800026be (0xb0360613) addi    a2, a2, -1277
core   0: 3 0x800026be (0xb0360613) x12 0x00000b03
core   0: 0x800026c2 (0x00000622) c.slli  a2, 8
core   0: 3 0x800026c2 (0x0622) x12 0x000b0300
core   0: 0x800026c4 (0x0000060d) c.addi  a2, 3
core   0: 3 0x800026c4 (0x060d) x12 0x000b0303
core   0: 0x800026c6 (0x00cd2023) sw      a2, 0(s10)
core   0: 3 0x800026c6 (0x00cd2023) mem 0x8ffffffc 0x000b0303
core   0: 0x800026ca (0xb0302673) csrr    a2, mhpmcounter3
core   0: 3 0x800026ca (0xb0302673) x12 0x000000c6
core   0: 0x800026ce (0x00cd2023) sw      a2, 0(s10)
core   0: 3 0x800026ce (0x00cd2023) mem 0x8ffffffc 0x000000c6
core   0: 0x800026d2 (0x90000d37) lui     s10, 0x90000
core   0: 3 0x800026d2 (0x90000d37) x26 0x90000000
core   0: 0x800026d6 (0x00001d71) c.addi  s10, -4
core   0: 3 0x800026d6 (0x1d71) x26 0x8ffffffc
core   0: 0x800026d8 (0x00006605) c.lui   a2, 0x1
core   0: 3 0x800026d8 (0x6605) x12 0x00001000
core   0: 0x800026da (0xb8360613) addi    a2, a2, -1149
core   0: 3 0x800026da (0xb8360613) x12 0x00000b83
core   0: 0x800026de (0x00000622) c.slli  a2, 8
core   0: 3 0x800026de (0x0622) x12 0x000b8300
core   0: 0x800026e0 (0x0000060d) c.addi  a2, 3
core   0: 3 0x800026e0 (0x060d) x12 0x000b8303
core   0: 0x800026e2 (0x00cd2023) sw      a2, 0(s10)
core   0: 3 0x800026e2 (0x00cd2023) mem 0x8ffffffc 0x000b8303
core   0: 0x800026e6 (0xb8302673) csrr    a2, mhpmcounter3h
core   0: 3 0x800026e6 (0xb8302673) x12 0x00000000
core   0: 0x800026ea (0x00cd2023) sw      a2, 0(s10)
core   0: 3 0x800026ea (0x00cd2023) mem 0x8ffffffc 0x00000000
core   0: 0x800026ee (0x90000d37) lui     s10, 0x90000
core   0: 3 0x800026ee (0x90000d37) x26 0x90000000
core   0: 0x800026f2 (0x00001d71) c.addi  s10, -4
core   0: 3 0x800026f2 (0x1d71) x26 0x8ffffffc
core   0: 0x800026f4 (0x00006605) c.lui   a2, 0x1
core   0: 3 0x800026f4 (0x6605) x12 0x00001000
core   0: 0x800026f6 (0xb0460613) addi    a2, a2, -1276
core   0: 3 0x800026f6 (0xb0460613) x12 0x00000b04
core   0: 0x800026fa (0x00000622) c.slli  a2, 8
core   0: 3 0x800026fa (0x0622) x12 0x000b0400
core   0: 0x800026fc (0x0000060d) c.addi  a2, 3
core   0: 3 0x800026fc (0x060d) x12 0x000b0403
core   0: 0x800026fe (0x00cd2023) sw      a2, 0(s10)
core   0: 3 0x800026fe (0x00cd2023) mem 0x8ffffffc 0x000b0403
core   0: 0x80002702 (0xb0402673) csrr    a2, mhpmcounter4
core   0: 3 0x80002702 (0xb0402673) x12 0x00005680
core   0: 0x80002706 (0x00cd2023) sw      a2, 0(s10)
core   0: 3 0x80002706 (0x00cd2023) mem 0x8ffffffc 0x00005680
core   0: 0x8000270a (0x90000d37) lui     s10, 0x90000
core   0: 3 0x8000270a (0x90000d37) x26 0x90000000
core   0: 0x8000270e (0x00001d71) c.addi  s10, -4
core   0: 3 0x8000270e (0x1d71) x26 0x8ffffffc
core   0: 0x80002710 (0x00006605) c.lui   a2, 0x1
core   0: 3 0x80002710 (0x6605) x12 0x00001000
core   0: 0x80002712 (0xb8460613) addi    a2, a2, -1148
core   0: 3 0x80002712 (0xb8460613) x12 0x00000b84
core   0: 0x80002716 (0x00000622) c.slli  a2, 8
core   0: 3 0x80002716 (0x0622) x12 0x000b8400
core   0: 0x80002718 (0x0000060d) c.addi  a2, 3
core   0: 3 0x80002718 (0x060d) x12 0x000b8403
core   0: 0x8000271a (0x00cd2023) sw      a2, 0(s10)
core   0: 3 0x8000271a (0x00cd2023) mem 0x8ffffffc 0x000b8403
core   0: 0x8000271e (0xb8402673) csrr    a2, mhpmcounter4h
core   0: 3 0x8000271e (0xb8402673) x12 0x00000000
core   0: 0x80002722 (0x00cd2023) sw      a2, 0(s10)
core   0: 3 0x80002722 (0x00cd2023) mem 0x8ffffffc 0x00000000
core   0: 0x80002726 (0x90000d37) lui     s10, 0x90000
core   0: 3 0x80002726 (0x90000d37) x26 0x90000000
core   0: 0x8000272a (0x00001d71) c.addi  s10, -4
core   0: 3 0x8000272a (0x1d71) x26 0x8ffffffc
core   0: 0x8000272c (0x00006605) c.lui   a2, 0x1
core   0: 3 0x8000272c (0x6605) x12 0x00001000
core   0: 0x8000272e (0xb0560613) addi    a2, a2, -1275
core   0: 3 0x8000272e (0xb0560613) x12 0x00000b05
core   0: 0x80002732 (0x00000622) c.slli  a2, 8
core   0: 3 0x80002732 (0x0622) x12 0x000b0500
core   0: 0x80002734 (0x0000060d) c.addi  a2, 3
core   0: 3 0x80002734 (0x060d) x12 0x000b0503
core   0: 0x80002736 (0x00cd2023) sw      a2, 0(s10)
core   0: 3 0x80002736 (0x00cd2023) mem 0x8ffffffc 0x000b0503
core   0: 0x8000273a (0xb0502673) csrr    a2, mhpmcounter5
core   0: 3 0x8000273a (0xb0502673) x12 0x00000001
core   0: 0x8000273e (0x00cd2023) sw      a2, 0(s10)
core   0: 3 0x8000273e (0x00cd2023) mem 0x8ffffffc 0x00000001
core   0: 0x80002742 (0x90000d37) lui     s10, 0x90000
core   0: 3 0x80002742 (0x90000d37) x26 0x90000000
core   0: 0x80002746 (0x00001d71) c.addi  s10, -4
core   0: 3 0x80002746 (0x1d71) x26 0x8ffffffc
core   0: 0x80002748 (0x00006605) c.lui   a2, 0x1
core   0: 3 0x80002748 (0x6605) x12 0x00001000
core   0: 0x8000274a (0xb8560613) addi    a2, a2, -1147
core   0: 3 0x8000274a (0xb8560613) x12 0x00000b85
core   0: 0x8000274e (0x00000622) c.slli  a2, 8
core   0: 3 0x8000274e (0x0622) x12 0x000b8500
core   0: 0x80002750 (0x0000060d) c.addi  a2, 3
core   0: 3 0x80002750 (0x060d) x12 0x000b8503
core   0: 0x80002752 (0x00cd2023) sw      a2, 0(s10)
core   0: 3 0x80002752 (0x00cd2023) mem 0x8ffffffc 0x000b8503
core   0: 0x80002756 (0xb8502673) csrr    a2, mhpmcounter5h
core   0: 3 0x80002756 (0xb8502673) x12 0x00000000
core   0: 0x8000275a (0x00cd2023) sw      a2, 0(s10)
core   0: 3 0x8000275a (0x00cd2023) mem 0x8ffffffc 0x00000000
core   0: 0x8000275e (0x90000d37) lui     s10, 0x90000
core   0: 3 0x8000275e (0x90000d37) x26 0x90000000
core   0: 0x80002762 (0x00001d71) c.addi  s10, -4
core   0: 3 0x80002762 (0x1d71) x26 0x8ffffffc
core   0: 0x80002764 (0x00006605) c.lui   a2, 0x1
core   0: 3 0x80002764 (0x6605) x12 0x00001000
core   0: 0x80002766 (0xb0660613) addi    a2, a2, -1274
core   0: 3 0x80002766 (0xb0660613) x12 0x00000b06
core   0: 0x8000276a (0x00000622) c.slli  a2, 8
core   0: 3 0x8000276a (0x0622) x12 0x000b0600
core   0: 0x8000276c (0x0000060d) c.addi  a2, 3
core   0: 3 0x8000276c (0x060d) x12 0x000b0603
core   0: 0x8000276e (0x00cd2023) sw      a2, 0(s10)
core   0: 3 0x8000276e (0x00cd2023) mem 0x8ffffffc 0x000b0603
core   0: 0x80002772 (0xb0602673) csrr    a2, mhpmcounter6
core   0: 3 0x80002772 (0xb0602673) x12 0x00000039
core   0: 0x80002776 (0x00cd2023) sw      a2, 0(s10)
core   0: 3 0x80002776 (0x00cd2023) mem 0x8ffffffc 0x00000039
core   0: 0x8000277a (0x90000d37) lui     s10, 0x90000
core   0: 3 0x8000277a (0x90000d37) x26 0x90000000
core   0: 0x8000277e (0x00001d71) c.addi  s10, -4
core   0: 3 0x8000277e (0x1d71) x26 0x8ffffffc
core   0: 0x80002780 (0x00006605) c.lui   a2, 0x1
core   0: 3 0x80002780 (0x6605) x12 0x00001000
core   0: 0x80002782 (0xb8660613) addi    a2, a2, -1146
core   0: 3 0x80002782 (0xb8660613) x12 0x00000b86
core   0: 0x80002786 (0x00000622) c.slli  a2, 8
core   0: 3 0x80002786 (0x0622) x12 0x000b8600
core   0: 0x80002788 (0x0000060d) c.addi  a2, 3
core   0: 3 0x80002788 (0x060d) x12 0x000b8603
core   0: 0x8000278a (0x00cd2023) sw      a2, 0(s10)
core   0: 3 0x8000278a (0x00cd2023) mem 0x8ffffffc 0x000b8603
core   0: 0x8000278e (0xb8602673) csrr    a2, mhpmcounter6h
core   0: 3 0x8000278e (0xb8602673) x12 0x00000000
core   0: 0x80002792 (0x00cd2023) sw      a2, 0(s10)
core   0: 3 0x80002792 (0x00cd2023) mem 0x8ffffffc 0x00000000
core   0: 0x80002796 (0x90000d37) lui     s10, 0x90000
core   0: 3 0x80002796 (0x90000d37) x26 0x90000000
core   0: 0x8000279a (0x00001d71) c.addi  s10, -4
core   0: 3 0x8000279a (0x1d71) x26 0x8ffffffc
core   0: 0x8000279c (0x00006605) c.lui   a2, 0x1
core   0: 3 0x8000279c (0x6605) x12 0x00001000
core   0: 0x8000279e (0xb0760613) addi    a2, a2, -1273
core   0: 3 0x8000279e (0xb0760613) x12 0x00000b07
core   0: 0x800027a2 (0x00000622) c.slli  a2, 8
core   0: 3 0x800027a2 (0x0622) x12 0x000b0700
core   0: 0x800027a4 (0x0000060d) c.addi  a2, 3
core   0: 3 0x800027a4 (0x060d) x12 0x000b0703
core   0: 0x800027a6 (0x00cd2023) sw      a2, 0(s10)
core   0: 3 0x800027a6 (0x00cd2023) mem 0x8ffffffc 0x000b0703
core   0: 0x800027aa (0xb0702673) csrr    a2, mhpmcounter7
core   0: 3 0x800027aa (0xb0702673) x12 0x0000004b
core   0: 0x800027ae (0x00cd2023) sw      a2, 0(s10)
core   0: 3 0x800027ae (0x00cd2023) mem 0x8ffffffc 0x0000004b
core   0: 0x800027b2 (0x90000d37) lui     s10, 0x90000
core   0: 3 0x800027b2 (0x90000d37) x26 0x90000000
core   0: 0x800027b6 (0x00001d71) c.addi  s10, -4
core   0: 3 0x800027b6 (0x1d71) x26 0x8ffffffc
core   0: 0x800027b8 (0x00006605) c.lui   a2, 0x1
core   0: 3 0x800027b8 (0x6605) x12 0x00001000
core   0: 0x800027ba (0xb8760613) addi    a2, a2, -1145
core   0: 3 0x800027ba (0xb8760613) x12 0x00000b87
core   0: 0x800027be (0x00000622) c.slli  a2, 8
core   0: 3 0x800027be (0x0622) x12 0x000b8700
core   0: 0x800027c0 (0x0000060d) c.addi  a2, 3
core   0: 3 0x800027c0 (0x060d) x12 0x000b8703
core   0: 0x800027c2 (0x00cd2023) sw      a2, 0(s10)
core   0: 3 0x800027c2 (0x00cd2023) mem 0x8ffffffc 0x000b8703
core   0: 0x800027c6 (0xb8702673) csrr    a2, mhpmcounter7h
core   0: 3 0x800027c6 (0xb8702673) x12 0x00000000
core   0: 0x800027ca (0x00cd2023) sw      a2, 0(s10)
core   0: 3 0x800027ca (0x00cd2023) mem 0x8ffffffc 0x00000000
core   0: 0x800027ce (0x90000d37) lui     s10, 0x90000
core   0: 3 0x800027ce (0x90000d37) x26 0x90000000
core   0: 0x800027d2 (0x00001d71) c.addi  s10, -4
core   0: 3 0x800027d2 (0x1d71) x26 0x8ffffffc
core   0: 0x800027d4 (0x00006605) c.lui   a2, 0x1
core   0: 3 0x800027d4 (0x6605) x12 0x00001000
core   0: 0x800027d6 (0xb0860613) addi    a2, a2, -1272
core   0: 3 0x800027d6 (0xb0860613) x12 0x00000b08
core   0: 0x800027da (0x00000622) c.slli  a2, 8
core   0: 3 0x800027da (0x0622) x12 0x000b0800
core   0: 0x800027dc (0x0000060d) c.addi  a2, 3
core   0: 3 0x800027dc (0x060d) x12 0x000b0803
core   0: 0x800027de (0x00cd2023) sw      a2, 0(s10)
core   0: 3 0x800027de (0x00cd2023) mem 0x8ffffffc 0x000b0803
core   0: 0x800027e2 (0xb0802673) csrr    a2, mhpmcounter8
core   0: 3 0x800027e2 (0xb0802673) x12 0x00000247
core   0: 0x800027e6 (0x00cd2023) sw      a2, 0(s10)
core   0: 3 0x800027e6 (0x00cd2023) mem 0x8ffffffc 0x00000247
core   0: 0x800027ea (0x90000d37) lui     s10, 0x90000
core   0: 3 0x800027ea (0x90000d37) x26 0x90000000
core   0: 0x800027ee (0x00001d71) c.addi  s10, -4
core   0: 3 0x800027ee (0x1d71) x26 0x8ffffffc
core   0: 0x800027f0 (0x00006605) c.lui   a2, 0x1
core   0: 3 0x800027f0 (0x6605) x12 0x00001000
core   0: 0x800027f2 (0xb8860613) addi    a2, a2, -1144
core   0: 3 0x800027f2 (0xb8860613) x12 0x00000b88
core   0: 0x800027f6 (0x00000622) c.slli  a2, 8
core   0: 3 0x800027f6 (0x0622) x12 0x000b8800
core   0: 0x800027f8 (0x0000060d) c.addi  a2, 3
core   0: 3 0x800027f8 (0x060d) x12 0x000b8803
core   0: 0x800027fa (0x00cd2023) sw      a2, 0(s10)
core   0: 3 0x800027fa (0x00cd2023) mem 0x8ffffffc 0x000b8803
core   0: 0x800027fe (0xb8802673) csrr    a2, mhpmcounter8h
core   0: 3 0x800027fe (0xb8802673) x12 0x00000000
core   0: 0x80002802 (0x00cd2023) sw      a2, 0(s10)
core   0: 3 0x80002802 (0x00cd2023) mem 0x8ffffffc 0x00000000
core   0: 0x80002806 (0x90000d37) lui     s10, 0x90000
core   0: 3 0x80002806 (0x90000d37) x26 0x90000000
core   0: 0x8000280a (0x00001d71) c.addi  s10, -4
core   0: 3 0x8000280a (0x1d71) x26 0x8ffffffc
core   0: 0x8000280c (0x00006605) c.lui   a2, 0x1
core   0: 3 0x8000280c (0x6605) x12 0x00001000
core   0: 0x8000280e (0xb0960613) addi    a2, a2, -1271
core   0: 3 0x8000280e (0xb0960613) x12 0x00000b09
core   0: 0x80002812 (0x00000622) c.slli  a2, 8
core   0: 3 0x80002812 (0x0622) x12 0x000b0900
core   0: 0x80002814 (0x0000060d) c.addi  a2, 3
core   0: 3 0x80002814 (0x060d) x12 0x000b0903
core   0: 0x80002816 (0x00cd2023) sw      a2, 0(s10)
core   0: 3 0x80002816 (0x00cd2023) mem 0x8ffffffc 0x000b0903
core   0: 0x8000281a (0xb0902673) csrr    a2, mhpmcounter9
core   0: 3 0x8000281a (0xb0902673) x12 0x00000129
core   0: 0x8000281e (0x00cd2023) sw      a2, 0(s10)
core   0: 3 0x8000281e (0x00cd2023) mem 0x8ffffffc 0x00000129
core   0: 0x80002822 (0x90000d37) lui     s10, 0x90000
core   0: 3 0x80002822 (0x90000d37) x26 0x90000000
core   0: 0x80002826 (0x00001d71) c.addi  s10, -4
core   0: 3 0x80002826 (0x1d71) x26 0x8ffffffc
core   0: 0x80002828 (0x00006605) c.lui   a2, 0x1
core   0: 3 0x80002828 (0x6605) x12 0x00001000
core   0: 0x8000282a (0xb8960613) addi    a2, a2, -1143
core   0: 3 0x8000282a (0xb8960613) x12 0x00000b89
core   0: 0x8000282e (0x00000622) c.slli  a2, 8
core   0: 3 0x8000282e (0x0622) x12 0x000b8900
core   0: 0x80002830 (0x0000060d) c.addi  a2, 3
core   0: 3 0x80002830 (0x060d) x12 0x000b8903
core   0: 0x80002832 (0x00cd2023) sw      a2, 0(s10)
core   0: 3 0x80002832 (0x00cd2023) mem 0x8ffffffc 0x000b8903
core   0: 0x80002836 (0xb8902673) csrr    a2, mhpmcounter9h
core   0: 3 0x80002836 (0xb8902673) x12 0x00000000
core   0: 0x8000283a (0x00cd2023) sw      a2, 0(s10)
core   0: 3 0x8000283a (0x00cd2023) mem 0x8ffffffc 0x00000000
core   0: 0x8000283e (0x90000d37) lui     s10, 0x90000
core   0: 3 0x8000283e (0x90000d37) x26 0x90000000
core   0: 0x80002842 (0x00001d71) c.addi  s10, -4
core   0: 3 0x80002842 (0x1d71) x26 0x8ffffffc
core   0: 0x80002844 (0x00006605) c.lui   a2, 0x1
core   0: 3 0x80002844 (0x6605) x12 0x00001000
core   0: 0x80002846 (0xb0a60613) addi    a2, a2, -1270
core   0: 3 0x80002846 (0xb0a60613) x12 0x00000b0a
core   0: 0x8000284a (0x00000622) c.slli  a2, 8
core   0: 3 0x8000284a (0x0622) x12 0x000b0a00
core   0: 0x8000284c (0x0000060d) c.addi  a2, 3
core   0: 3 0x8000284c (0x060d) x12 0x000b0a03
core   0: 0x8000284e (0x00cd2023) sw      a2, 0(s10)
core   0: 3 0x8000284e (0x00cd2023) mem 0x8ffffffc 0x000b0a03
core   0: 0x80002852 (0xb0a02673) csrr    a2, mhpmcounter10
core   0: 3 0x80002852 (0xb0a02673) x12 0x0000059f
core   0: 0x80002856 (0x00cd2023) sw      a2, 0(s10)
core   0: 3 0x80002856 (0x00cd2023) mem 0x8ffffffc 0x0000059f
core   0: 0x8000285a (0x90000d37) lui     s10, 0x90000
core   0: 3 0x8000285a (0x90000d37) x26 0x90000000
core   0: 0x8000285e (0x00001d71) c.addi  s10, -4
core   0: 3 0x8000285e (0x1d71) x26 0x8ffffffc
core   0: 0x80002860 (0x00006605) c.lui   a2, 0x1
core   0: 3 0x80002860 (0x6605) x12 0x00001000
core   0: 0x80002862 (0xb8a60613) addi    a2, a2, -1142
core   0: 3 0x80002862 (0xb8a60613) x12 0x00000b8a
core   0: 0x80002866 (0x00000622) c.slli  a2, 8
core   0: 3 0x80002866 (0x0622) x12 0x000b8a00
core   0: 0x80002868 (0x0000060d) c.addi  a2, 3
core   0: 3 0x80002868 (0x060d) x12 0x000b8a03
core   0: 0x8000286a (0x00cd2023) sw      a2, 0(s10)
core   0: 3 0x8000286a (0x00cd2023) mem 0x8ffffffc 0x000b8a03
core   0: 0x8000286e (0xb8a02673) csrr    a2, mhpmcounter10h
core   0: 3 0x8000286e (0xb8a02673) x12 0x00000000
core   0: 0x80002872 (0x00cd2023) sw      a2, 0(s10)
core   0: 3 0x80002872 (0x00cd2023) mem 0x8ffffffc 0x00000000
core   0: 0x80002876 (0x90000d37) lui     s10, 0x90000
core   0: 3 0x80002876 (0x90000d37) x26 0x90000000
core   0: 0x8000287a (0x00001d71) c.addi  s10, -4
core   0: 3 0x8000287a (0x1d71) x26 0x8ffffffc
core   0: 0x8000287c (0x00006605) c.lui   a2, 0x1
core   0: 3 0x8000287c (0x6605) x12 0x00001000
core   0: 0x8000287e (0xb0b60613) addi    a2, a2, -1269
core   0: 3 0x8000287e (0xb0b60613) x12 0x00000b0b
core   0: 0x80002882 (0x00000622) c.slli  a2, 8
core   0: 3 0x80002882 (0x0622) x12 0x000b0b00
core   0: 0x80002884 (0x0000060d) c.addi  a2, 3
core   0: 3 0x80002884 (0x060d) x12 0x000b0b03
core   0: 0x80002886 (0x00cd2023) sw      a2, 0(s10)
core   0: 3 0x80002886 (0x00cd2023) mem 0x8ffffffc 0x000b0b03
core   0: 0x8000288a (0xb0b02673) csrr    a2, mhpmcounter11
core   0: 3 0x8000288a (0xb0b02673) x12 0x000000c6
core   0: 0x8000288e (0x00cd2023) sw      a2, 0(s10)
core   0: 3 0x8000288e (0x00cd2023) mem 0x8ffffffc 0x000000c6
core   0: 0x80002892 (0x90000d37) lui     s10, 0x90000
core   0: 3 0x80002892 (0x90000d37) x26 0x90000000
core   0: 0x80002896 (0x00001d71) c.addi  s10, -4
core   0: 3 0x80002896 (0x1d71) x26 0x8ffffffc
core   0: 0x80002898 (0x00006605) c.lui   a2, 0x1
core   0: 3 0x80002898 (0x6605) x12 0x00001000
core   0: 0x8000289a (0xb8b60613) addi    a2, a2, -1141
core   0: 3 0x8000289a (0xb8b60613) x12 0x00000b8b
core   0: 0x8000289e (0x00000622) c.slli  a2, 8
core   0: 3 0x8000289e (0x0622) x12 0x000b8b00
core   0: 0x800028a0 (0x0000060d) c.addi  a2, 3
core   0: 3 0x800028a0 (0x060d) x12 0x000b8b03
core   0: 0x800028a2 (0x00cd2023) sw      a2, 0(s10)
core   0: 3 0x800028a2 (0x00cd2023) mem 0x8ffffffc 0x000b8b03
core   0: 0x800028a6 (0xb8b02673) csrr    a2, mhpmcounter11h
core   0: 3 0x800028a6 (0xb8b02673) x12 0x00000000
core   0: 0x800028aa (0x00cd2023) sw      a2, 0(s10)
core   0: 3 0x800028aa (0x00cd2023) mem 0x8ffffffc 0x00000000
core   0: 0x800028ae (0x90000d37) lui     s10, 0x90000
core   0: 3 0x800028ae (0x90000d37) x26 0x90000000
core   0: 0x800028b2 (0x00001d71) c.addi  s10, -4
core   0: 3 0x800028b2 (0x1d71) x26 0x8ffffffc
core   0: 0x800028b4 (0x00006605) c.lui   a2, 0x1
core   0: 3 0x800028b4 (0x6605) x12 0x00001000
core   0: 0x800028b6 (0xb0c60613) addi    a2, a2, -1268
core   0: 3 0x800028b6 (0xb0c60613) x12 0x00000b0c
core   0: 0x800028ba (0x00000622) c.slli  a2, 8
core   0: 3 0x800028ba (0x0622) x12 0x000b0c00
core   0: 0x800028bc (0x0000060d) c.addi  a2, 3
core   0: 3 0x800028bc (0x060d) x12 0x000b0c03
core   0: 0x800028be (0x00cd2023) sw      a2, 0(s10)
core   0: 3 0x800028be (0x00cd2023) mem 0x8ffffffc 0x000b0c03
core   0: 0x800028c2 (0xb0c02673) csrr    a2, mhpmcounter12
core   0: 3 0x800028c2 (0xb0c02673) x12 0x00001ccc
core   0: 0x800028c6 (0x00cd2023) sw      a2, 0(s10)
core   0: 3 0x800028c6 (0x00cd2023) mem 0x8ffffffc 0x00001ccc
core   0: 0x800028ca (0x90000d37) lui     s10, 0x90000
core   0: 3 0x800028ca (0x90000d37) x26 0x90000000
core   0: 0x800028ce (0x00001d71) c.addi  s10, -4
core   0: 3 0x800028ce (0x1d71) x26 0x8ffffffc
core   0: 0x800028d0 (0x00006605) c.lui   a2, 0x1
core   0: 3 0x800028d0 (0x6605) x12 0x00001000
core   0: 0x800028d2 (0xb8c60613) addi    a2, a2, -1140
core   0: 3 0x800028d2 (0xb8c60613) x12 0x00000b8c
core   0: 0x800028d6 (0x00000622) c.slli  a2, 8
core   0: 3 0x800028d6 (0x0622) x12 0x000b8c00
core   0: 0x800028d8 (0x0000060d) c.addi  a2, 3
core   0: 3 0x800028d8 (0x060d) x12 0x000b8c03
core   0: 0x800028da (0x00cd2023) sw      a2, 0(s10)
core   0: 3 0x800028da (0x00cd2023) mem 0x8ffffffc 0x000b8c03
core   0: 0x800028de (0xb8c02673) csrr    a2, mhpmcounter12h
core   0: 3 0x800028de (0xb8c02673) x12 0x00000000
core   0: 0x800028e2 (0x00cd2023) sw      a2, 0(s10)
core   0: 3 0x800028e2 (0x00cd2023) mem 0x8ffffffc 0x00000000
core   0: 0x800028e6 (0xffffd617) auipc   a2, 0xffffd
core   0: 3 0x800028e6 (0xffffd617) x12 0x7ffff8e6
core   0: 0x800028ea (0x79a60613) addi    a2, a2, 1946
core   0: 3 0x800028ea (0x79a60613) x12 0x80000080
core   0: 0x800028ee (0x00062023) sw      zero, 0(a2)
core   0: 3 0x800028ee (0x00062023) mem 0x80000080 0x00000000
core   0: 0x800028f2 (0x00162223) sw      ra, 4(a2)
core   0: 3 0x800028f2 (0x00162223) mem 0x80000084 0x00000000
core   0: 0x800028f6 (0x00262423) sw      sp, 8(a2)
core   0: 3 0x800028f6 (0x00262423) mem 0x80000088 0x000001e0
core   0: 0x800028fa (0x00362623) sw      gp, 12(a2)
core   0: 3 0x800028fa (0x00362623) mem 0x8000008c 0x00000000
core   0: 0x800028fe (0x00462823) sw      tp, 16(a2)
core   0: 3 0x800028fe (0x00462823) mem 0x80000090 0x00003000
core   0: 0x80002902 (0x00562a23) sw      t0, 20(a2)
core   0: 3 0x80002902 (0x00562a23) mem 0x80000094 0x6e7af300
core   0: 0x80002906 (0x00662c23) sw      t1, 24(a2)
core   0: 3 0x80002906 (0x00662c23) mem 0x80000098 0x00003000
core   0: 0x8000290a (0x00762e23) sw      t2, 28(a2)
core   0: 3 0x8000290a (0x00762e23) mem 0x8000009c 0xffffffff
core   0: 0x8000290e (0x0000d200) c.sw    s0, 32(a2)
core   0: 3 0x8000290e (0xd200) mem 0x800000a0 0xfffffe01
core   0: 0x80002910 (0x0000d244) c.sw    s1, 36(a2)
core   0: 3 0x80002910 (0xd244) mem 0x800000a4 0x80025c60
core   0: 0x80002912 (0x0000d608) c.sw    a0, 40(a2)
core   0: 3 0x80002912 (0xd608) mem 0x800000a8 0x00000000
core   0: 0x80002914 (0x0000d64c) c.sw    a1, 44(a2)
core   0: 3 0x80002914 (0xd64c) mem 0x800000ac 0x8000035e
core   0: 0x80002916 (0x0000da10) c.sw    a2, 48(a2)
core   0: 3 0x80002916 (0xda10) mem 0x800000b0 0x80000080
core   0: 0x80002918 (0x0000da54) c.sw    a3, 52(a2)
core   0: 3 0x80002918 (0xda54) mem 0x800000b4 0x00000000
core   0: 0x8000291a (0x0000de18) c.sw    a4, 56(a2)
core   0: 3 0x8000291a (0xde18) mem 0x800000b8 0x18410578
core   0: 0x8000291c (0x0000de5c) c.sw    a5, 60(a2)
core   0: 3 0x8000291c (0xde5c) mem 0x800000bc 0xfffffe01
core   0: 0x8000291e (0x05062023) sw      a6, 64(a2)
core   0: 3 0x8000291e (0x05062023) mem 0x800000c0 0x00000000
core   0: 0x80002922 (0x05162223) sw      a7, 68(a2)
core   0: 3 0x80002922 (0x05162223) mem 0x800000c4 0xfffffff1
core   0: 0x80002926 (0x05262423) sw      s2, 72(a2)
core   0: 3 0x80002926 (0x05262423) mem 0x800000c8 0xe5d25ce4
core   0: 0x8000292a (0x05362623) sw      s3, 76(a2)
core   0: 3 0x8000292a (0x05362623) mem 0x800000cc 0xebcc0000
core   0: 0x8000292e (0x05462823) sw      s4, 80(a2)
core   0: 3 0x8000292e (0x05462823) mem 0x800000d0 0x000001ff
core   0: 0x80002932 (0x05562a23) sw      s5, 84(a2)
core   0: 3 0x80002932 (0x05562a23) mem 0x800000d4 0x00000001
core   0: 0x80002936 (0x05662c23) sw      s6, 88(a2)
core   0: 3 0x80002936 (0x05662c23) mem 0x800000d8 0x00000000
core   0: 0x8000293a (0x05762e23) sw      s7, 92(a2)
core   0: 3 0x8000293a (0x05762e23) mem 0x800000dc 0xfffffe01
core   0: 0x8000293e (0x07862023) sw      s8, 96(a2)
core   0: 3 0x8000293e (0x07862023) mem 0x800000e0 0x00000000
core   0: 0x80002942 (0x07962223) sw      s9, 100(a2)
core   0: 3 0x80002942 (0x07962223) mem 0x800000e4 0xffffffff
core   0: 0x80002946 (0x07a62423) sw      s10, 104(a2)
core   0: 3 0x80002946 (0x07a62423) mem 0x800000e8 0x8ffffffc
core   0: 0x8000294a (0x07b62623) sw      s11, 108(a2)
core   0: 3 0x8000294a (0x07b62623) mem 0x800000ec 0xffffffff
core   0: 0x8000294e (0x07c62823) sw      t3, 112(a2)
core   0: 3 0x8000294e (0x07c62823) mem 0x800000f0 0xffffffff
core   0: 0x80002952 (0x07d62a23) sw      t4, 116(a2)
core   0: 3 0x80002952 (0x07d62a23) mem 0x800000f4 0xffffffff
core   0: 0x80002956 (0x07e62c23) sw      t5, 120(a2)
core   0: 3 0x80002956 (0x07e62c23) mem 0x800000f8 0x80025c60
core   0: 0x8000295a (0x07f62e23) sw      t6, 124(a2)
core   0: 3 0x8000295a (0x07f62e23) mem 0x800000fc 0x00000000
core   0: 0x8000295e (0x34102673) csrr    a2, mepc
core   0: 3 0x8000295e (0x34102673) x12 0x8000036e
core   0: 0x80002962 (0x00000611) c.addi  a2, 4
core   0: 3 0x80002962 (0x0611) x12 0x80000372
core   0: 0x80002964 (0x34161073) csrw    mepc, a2
core   0: 3 0x80002964 (0x34161073) c833_mepc 0x80000372
core   0: 0x80002968 (0x30200073) mret
core   0: 3 0x80002968 (0x30200073) c768_mstatus 0x00000080
core   0: 0x80000372 (0x90000d37) lui     s10, 0x90000
core   0: 0 0x80000372 (0x90000d37) x26 0x90000000
core   0: 0x80000376 (0x00001d61) c.addi  s10, -8
core   0: 0 0x80000376 (0x1d61) x26 0x8ffffff8
core   0: 0x80000378 (0x00004605) c.li    a2, 1
core   0: 0 0x80000378 (0x4605) x12 0x00000001
core   0: 0x8000037a (0x00000622) c.slli  a2, 8
core   0: 0 0x8000037a (0x0622) x12 0x00000100
core   0: 0x8000037c (0x00000605) c.addi  a2, 1
core   0: 0 0x8000037c (0x0605) x12 0x00000101
core   0: 0x8000037e (0x00cd2023) sw      a2, 0(s10)
core   0: 0 0x8000037e (0x00cd2023) mem 0x8ffffff8 0x00000101
core   0: 0x80000382 (0x00000073) ecall
core   0: exception trap_user_ecall, epc 0x80000382
core   0: 0x80002500 (0x0800006f) j       pc + 0x80
core   0: 3 0x80002500 (0x0800006f)
core   0: 0x80002580 (0x00001f71) c.addi  t5, -4
core   0: 3 0x80002580 (0x1f71) x30 0x80025c5c
core   0: 0x80002582 (0x009f2023) sw      s1, 0(t5)
core   0: 3 0x80002582 (0x009f2023) mem 0x80025c5c 0x80025c60
core   0: 0x80002586 (0x000f04b3) add     s1, t5, zero
core   0: 3 0x80002586 (0x000f04b3) x9  0x80025c5c
core   0: 0x8000258a (0xf8048493) addi    s1, s1, -128
core   0: 3 0x8000258a (0xf8048493) x9  0x80025bdc
core   0: 0x8000258e (0x0014a223) sw      ra, 4(s1)
core   0: 3 0x8000258e (0x0014a223) mem 0x80025be0 0x00000000
core   0: 0x80002592 (0x0024a423) sw      sp, 8(s1)
core   0: 3 0x80002592 (0x0024a423) mem 0x80025be4 0x000001e0
core   0: 0x80002596 (0x0034a623) sw      gp, 12(s1)
core   0: 3 0x80002596 (0x0034a623) mem 0x80025be8 0x00000000
core   0: 0x8000259a (0x0044a823) sw      tp, 16(s1)
core   0: 3 0x8000259a (0x0044a823) mem 0x80025bec 0x00003000
core   0: 0x8000259e (0x0054aa23) sw      t0, 20(s1)
core   0: 3 0x8000259e (0x0054aa23) mem 0x80025bf0 0x6e7af300
core   0: 0x800025a2 (0x0064ac23) sw      t1, 24(s1)
core   0: 3 0x800025a2 (0x0064ac23) mem 0x80025bf4 0x00003000
core   0: 0x800025a6 (0x0074ae23) sw      t2, 28(s1)
core   0: 3 0x800025a6 (0x0074ae23) mem 0x80025bf8 0xffffffff
core   0: 0x800025aa (0x0000d080) c.sw    s0, 32(s1)
core   0: 3 0x800025aa (0xd080) mem 0x80025bfc 0xfffffe01
core   0: 0x800025ac (0x0000d0c4) c.sw    s1, 36(s1)
core   0: 3 0x800025ac (0xd0c4) mem 0x80025c00 0x80025bdc
core   0: 0x800025ae (0x0000d488) c.sw    a0, 40(s1)
core   0: 3 0x800025ae (0xd488) mem 0x80025c04 0x00000000
core   0: 0x800025b0 (0x0000d4cc) c.sw    a1, 44(s1)
core   0: 3 0x800025b0 (0xd4cc) mem 0x80025c08 0x8000035e
core   0: 0x800025b2 (0x0000d890) c.sw    a2, 48(s1)
core   0: 3 0x800025b2 (0xd890) mem 0x80025c0c 0x00000101
core   0: 0x800025b4 (0x0000d8d4) c.sw    a3, 52(s1)
core   0: 3 0x800025b4 (0xd8d4) mem 0x80025c10 0x00000000
core   0: 0x800025b6 (0x0000dc98) c.sw    a4, 56(s1)
core   0: 3 0x800025b6 (0xdc98) mem 0x80025c14 0x18410578
core   0: 0x800025b8 (0x0000dcdc) c.sw    a5, 60(s1)
core   0: 3 0x800025b8 (0xdcdc) mem 0x80025c18 0xfffffe01
core   0: 0x800025ba (0x0504a023) sw      a6, 64(s1)
core   0: 3 0x800025ba (0x0504a023) mem 0x80025c1c 0x00000000
core   0: 0x800025be (0x0514a223) sw      a7, 68(s1)
core   0: 3 0x800025be (0x0514a223) mem 0x80025c20 0xfffffff1
core   0: 0x800025c2 (0x0524a423) sw      s2, 72(s1)
core   0: 3 0x800025c2 (0x0524a423) mem 0x80025c24 0xe5d25ce4
core   0: 0x800025c6 (0x0534a623) sw      s3, 76(s1)
core   0: 3 0x800025c6 (0x0534a623) mem 0x80025c28 0xebcc0000
core   0: 0x800025ca (0x0544a823) sw      s4, 80(s1)
core   0: 3 0x800025ca (0x0544a823) mem 0x80025c2c 0x000001ff
core   0: 0x800025ce (0x0554aa23) sw      s5, 84(s1)
core   0: 3 0x800025ce (0x0554aa23) mem 0x80025c30 0x00000001
core   0: 0x800025d2 (0x0564ac23) sw      s6, 88(s1)
core   0: 3 0x800025d2 (0x0564ac23) mem 0x80025c34 0x00000000
core   0: 0x800025d6 (0x0574ae23) sw      s7, 92(s1)
core   0: 3 0x800025d6 (0x0574ae23) mem 0x80025c38 0xfffffe01
