Time	Cycle	PC	Insn	Decoded instruction	Register and memory contents
        2299000	        13	80000080	40001637	lui	x12,0x40001	 x12=0x40001000
        2319000	        14	80000084	10660613	addi	x12,x12,262	 x12:0x40001000 x12=0x40001106
        2759000	        36	80000088	30161073	csrrw	x0,misa,x12	 x12:0x40001106  x0=0x00000000
        2819000	        39	8000008c	00026f17	auipc	x30,0x26	 x30=0x8002608c
        3139000	        55	80000090	c58f0f13	addi	x30,x30,-936	 x30:0x8002608c x30=0x80025ce4
        3159000	        56	80000094	00002617	auipc	x12,0x2	 x12=0x80002094
        3179000	        57	80000098	46c60613	addi	x12,x12,1132	 x12:0x80002094 x12=0x80002500
        3199000	        58	8000009c	00166613	ori	x12,x12,1	 x12:0x80002500 x12=0x80002501
        3379000	        67	800000a0	30561073	csrrw	x0,mtvec,x12	 x12:0x80002501  x0=0x00000000
        3559000	        76	800000a4	74725073	csrrwi	x0,0x747,4	  x0=0x00000000
        3719000	        84	800000a8	00003597	auipc	x11,0x3	 x11=0x800030a8
        4139000	       105	800000ac	18c58593	addi	x11,x11,396	 x11:0x800030a8 x11=0x80003234
        4419000	       119	800000b0	4601	c.li	x12,0	 x12=0x00000000
        4439000	       120	800000b2	95b2	c.add	x11,x12	 x11:0x80003234 x12:0x00000000 x11=0x80003234
        4459000	       121	800000b4	8189	c.srli	x11,0x2	 x11:0x80003234 x11=0x20000c8d
        4479000	       122	800000b6	3b059073	csrrw	x0,pmpaddr0,x11	 x11:0x20000c8d  x0=0x00000000
        4539000	       125	800000ba	00003597	auipc	x11,0x3	 x11=0x800030ba
        4559000	       126	800000be	17a58593	addi	x11,x11,378	 x11:0x800030ba x11=0x80003234
        4819000	       139	800000c2	11111637	lui	x12,0x11111	 x12=0x11111000
        5239000	       160	800000c6	11160613	addi	x12,x12,273	 x12:0x11111000 x12=0x11111111
        5259000	       161	800000ca	95b2	c.add	x11,x12	 x11:0x80003234 x12:0x11111111 x11=0x91114345
        5659000	       181	800000cc	8189	c.srli	x11,0x2	 x11:0x91114345 x11=0x244450d1
        5679000	       182	800000ce	3b159073	csrrw	x0,pmpaddr1,x11	 x11:0x244450d1  x0=0x00000000
        5799000	       188	800000d2	00003597	auipc	x11,0x3	 x11=0x800030d2
        5819000	       189	800000d6	16258593	addi	x11,x11,354	 x11:0x800030d2 x11=0x80003234
        5839000	       190	800000da	22222637	lui	x12,0x22222	 x12=0x22222000
        5879000	       192	800000de	22260613	addi	x12,x12,546	 x12:0x22222000 x12=0x22222222
        5899000	       193	800000e2	95b2	c.add	x11,x12	 x11:0x80003234 x12:0x22222222 x11=0xa2225456
        6079000	       202	800000e4	8189	c.srli	x11,0x2	 x11:0xa2225456 x11=0x28889515
        6119000	       204	800000e6	3b259073	csrrw	x0,pmpaddr2,x11	 x11:0x28889515  x0=0x00000000
        6179000	       207	800000ea	00003597	auipc	x11,0x3	 x11=0x800030ea
        6199000	       208	800000ee	14a58593	addi	x11,x11,330	 x11:0x800030ea x11=0x80003234
        6359000	       216	800000f2	33333637	lui	x12,0x33333	 x12=0x33333000
        6779000	       237	800000f6	33360613	addi	x12,x12,819	 x12:0x33333000 x12=0x33333333
        6799000	       238	800000fa	95b2	c.add	x11,x12	 x11:0x80003234 x12:0x33333333 x11=0xb3336567
        6819000	       239	800000fc	8189	c.srli	x11,0x2	 x11:0xb3336567 x11=0x2cccd959
        6839000	       240	800000fe	3b359073	csrrw	x0,pmpaddr3,x11	 x11:0x2cccd959  x0=0x00000000
        6899000	       243	80000102	0f0f15b7	lui	x11,0xf0f1	 x11=0x0f0f1000
        6919000	       244	80000106	f0f58593	addi	x11,x11,-241	 x11:0x0f0f1000 x11=0x0f0f0f0f
        7039000	       250	8000010a	3a059073	csrrw	x0,pmpcfg0,x11	 x11:0x0f0f0f0f  x0=0x00000000
        7159000	       256	8000010e	00003597	auipc	x11,0x3	 x11=0x8000310e
        7579000	       277	80000112	12658593	addi	x11,x11,294	 x11:0x8000310e x11=0x80003234
        7679000	       282	80000116	44444637	lui	x12,0x44444	 x12=0x44444000
        7699000	       283	8000011a	44460613	addi	x12,x12,1092	 x12:0x44444000 x12=0x44444444
        7719000	       284	8000011e	95b2	c.add	x11,x12	 x11:0x80003234 x12:0x44444444 x11=0xc4447678
        8079000	       302	80000120	8189	c.srli	x11,0x2	 x11:0xc4447678 x11=0x31111d9e
        8279000	       312	80000122	3b459073	csrrw	x0,pmpaddr4,x11	 x11:0x31111d9e  x0=0x00000000
        8699000	       333	80000126	00003597	auipc	x11,0x3	 x11=0x80003126
        8719000	       334	8000012a	10e58593	addi	x11,x11,270	 x11:0x80003126 x11=0x80003234
        9139000	       355	8000012e	55555637	lui	x12,0x55555	 x12=0x55555000
        9159000	       356	80000132	55560613	addi	x12,x12,1365	 x12:0x55555000 x12=0x55555555
        9179000	       357	80000136	95b2	c.add	x11,x12	 x11:0x80003234 x12:0x55555555 x11=0xd5558789
        9199000	       358	80000138	8189	c.srli	x11,0x2	 x11:0xd5558789 x11=0x355561e2
        9359000	       366	8000013a	3b559073	csrrw	x0,pmpaddr5,x11	 x11:0x355561e2  x0=0x00000000
        9419000	       369	8000013e	00003597	auipc	x11,0x3	 x11=0x8000313e
        9439000	       370	80000142	0f658593	addi	x11,x11,246	 x11:0x8000313e x11=0x80003234
        9539000	       375	80000146	66666637	lui	x12,0x66666	 x12=0x66666000
        9959000	       396	8000014a	66660613	addi	x12,x12,1638	 x12:0x66666000 x12=0x66666666
        9979000	       397	8000014e	95b2	c.add	x11,x12	 x11:0x80003234 x12:0x66666666 x11=0xe666989a
        9999000	       398	80000150	8189	c.srli	x11,0x2	 x11:0xe666989a x11=0x3999a626
       10039000	       400	80000152	3b659073	csrrw	x0,pmpaddr6,x11	 x11:0x3999a626  x0=0x00000000
       10419000	       419	80000156	00003597	auipc	x11,0x3	 x11=0x80003156
       10819000	       439	8000015a	0de58593	addi	x11,x11,222	 x11:0x80003156 x11=0x80003234
       10919000	       444	8000015e	77777637	lui	x12,0x77777	 x12=0x77777000
       11339000	       465	80000162	77760613	addi	x12,x12,1911	 x12:0x77777000 x12=0x77777777
       11359000	       466	80000166	95b2	c.add	x11,x12	 x11:0x80003234 x12:0x77777777 x11=0xf777a9ab
       11379000	       467	80000168	8189	c.srli	x11,0x2	 x11:0xf777a9ab x11=0x3dddea6a
       11399000	       468	8000016a	3b759073	csrrw	x0,pmpaddr7,x11	 x11:0x3dddea6a  x0=0x00000000
       11819000	       489	8000016e	0f0f15b7	lui	x11,0xf0f1	 x11=0x0f0f1000
       11839000	       490	80000172	f0f58593	addi	x11,x11,-241	 x11:0x0f0f1000 x11=0x0f0f0f0f
       11859000	       491	80000176	3a159073	csrrw	x0,pmpcfg1,x11	 x11:0x0f0f0f0f  x0=0x00000000
       11919000	       494	8000017a	00003597	auipc	x11,0x3	 x11=0x8000317a
       11939000	       495	8000017e	0ba58593	addi	x11,x11,186	 x11:0x8000317a x11=0x80003234
       12319000	       514	80000182	88889637	lui	x12,0x88889	 x12=0x88889000
       12419000	       519	80000186	88860613	addi	x12,x12,-1912	 x12:0x88889000 x12=0x88888888
       12439000	       520	8000018a	95b2	c.add	x11,x12	 x11:0x80003234 x12:0x88888888 x11=0x0888babc
       12459000	       521	8000018c	8189	c.srli	x11,0x2	 x11:0x0888babc x11=0x02222eaf
       12559000	       526	8000018e	3b859073	csrrw	x0,pmpaddr8,x11	 x11:0x02222eaf  x0=0x00000000
       12979000	       547	80000192	00003597	auipc	x11,0x3	 x11=0x80003192
       12999000	       548	80000196	0a258593	addi	x11,x11,162	 x11:0x80003192 x11=0x80003234
       13019000	       549	8000019a	9999a637	lui	x12,0x9999a	 x12=0x9999a000
       13119000	       554	8000019e	99960613	addi	x12,x12,-1639	 x12:0x9999a000 x12=0x99999999
       13139000	       555	800001a2	95b2	c.add	x11,x12	 x11:0x80003234 x12:0x99999999 x11=0x1999cbcd
       13159000	       556	800001a4	8189	c.srli	x11,0x2	 x11:0x1999cbcd x11=0x066672f3
       13579000	       577	800001a6	3b959073	csrrw	x0,pmpaddr9,x11	 x11:0x066672f3  x0=0x00000000
       13639000	       580	800001aa	00003597	auipc	x11,0x3	 x11=0x800031aa
       13659000	       581	800001ae	08a58593	addi	x11,x11,138	 x11:0x800031aa x11=0x80003234
       13899000	       593	800001b2	aaaab637	lui	x12,0xaaaab	 x12=0xaaaab000
       13919000	       594	800001b6	aaa60613	addi	x12,x12,-1366	 x12:0xaaaab000 x12=0xaaaaaaaa
       13939000	       595	800001ba	95b2	c.add	x11,x12	 x11:0x80003234 x12:0xaaaaaaaa x11=0x2aaadcde
       13959000	       596	800001bc	8189	c.srli	x11,0x2	 x11:0x2aaadcde x11=0x0aaab737
       13979000	       597	800001be	3ba59073	csrrw	x0,pmpaddr10,x11	 x11:0x0aaab737  x0=0x00000000
       14039000	       600	800001c2	00003597	auipc	x11,0x3	 x11=0x800031c2
       14179000	       607	800001c6	07258593	addi	x11,x11,114	 x11:0x800031c2 x11=0x80003234
       14359000	       616	800001ca	bbbbc637	lui	x12,0xbbbbc	 x12=0xbbbbc000
       14539000	       625	800001ce	bbb60613	addi	x12,x12,-1093	 x12:0xbbbbc000 x12=0xbbbbbbbb
       14559000	       626	800001d2	95b2	c.add	x11,x12	 x11:0x80003234 x12:0xbbbbbbbb x11=0x3bbbedef
       14599000	       628	800001d4	8189	c.srli	x11,0x2	 x11:0x3bbbedef x11=0x0eeefb7b
       14679000	       632	800001d6	3bb59073	csrrw	x0,pmpaddr11,x11	 x11:0x0eeefb7b  x0=0x00000000
       14779000	       637	800001da	0f0f15b7	lui	x11,0xf0f1	 x11=0x0f0f1000
       15079000	       652	800001de	f0f58593	addi	x11,x11,-241	 x11:0x0f0f1000 x11=0x0f0f0f0f
       15319000	       664	800001e2	3a259073	csrrw	x0,pmpcfg2,x11	 x11:0x0f0f0f0f  x0=0x00000000
       15379000	       667	800001e6	00003597	auipc	x11,0x3	 x11=0x800031e6
       15399000	       668	800001ea	04e58593	addi	x11,x11,78	 x11:0x800031e6 x11=0x80003234
       15419000	       669	800001ee	ccccd637	lui	x12,0xccccd	 x12=0xccccd000
       15439000	       670	800001f2	ccc60613	addi	x12,x12,-820	 x12:0xccccd000 x12=0xcccccccc
       15459000	       671	800001f6	95b2	c.add	x11,x12	 x11:0x80003234 x12:0xcccccccc x11=0x4cccff00
       15559000	       676	800001f8	8189	c.srli	x11,0x2	 x11:0x4cccff00 x11=0x13333fc0
       15679000	       682	800001fa	3bc59073	csrrw	x0,pmpaddr12,x11	 x11:0x13333fc0  x0=0x00000000
       15759000	       686	800001fe	00003597	auipc	x11,0x3	 x11=0x800031fe
       15779000	       687	80000202	03658593	addi	x11,x11,54	 x11:0x800031fe x11=0x80003234
       15959000	       696	80000206	dddde637	lui	x12,0xdddde	 x12=0xdddde000
       16019000	       699	8000020a	ddd60613	addi	x12,x12,-547	 x12:0xdddde000 x12=0xdddddddd
       16039000	       700	8000020e	95b2	c.add	x11,x12	 x11:0x80003234 x12:0xdddddddd x11=0x5dde1011
       16059000	       701	80000210	8189	c.srli	x11,0x2	 x11:0x5dde1011 x11=0x17778404
       16079000	       702	80000212	3bd59073	csrrw	x0,pmpaddr13,x11	 x11:0x17778404  x0=0x00000000
       16479000	       722	80000216	00003597	auipc	x11,0x3	 x11=0x80003216
       16619000	       729	8000021a	01e58593	addi	x11,x11,30	 x11:0x80003216 x11=0x80003234
       16979000	       747	8000021e	eeeef637	lui	x12,0xeeeef	 x12=0xeeeef000
       17099000	       753	80000222	eee60613	addi	x12,x12,-274	 x12:0xeeeef000 x12=0xeeeeeeee
       17119000	       754	80000226	95b2	c.add	x11,x12	 x11:0x80003234 x12:0xeeeeeeee x11=0x6eef2122
       17519000	       774	80000228	8189	c.srli	x11,0x2	 x11:0x6eef2122 x11=0x1bbbc848
       17539000	       775	8000022a	3be59073	csrrw	x0,pmpaddr14,x11	 x11:0x1bbbc848  x0=0x00000000
       17899000	       793	8000022e	00003597	auipc	x11,0x3	 x11=0x8000322e
       17919000	       794	80000232	00658593	addi	x11,x11,6	 x11:0x8000322e x11=0x80003234
       18039000	       800	80000236	fff00613	addi	x12,x0,-1	  x0:0x00000000 x12=0xffffffff
       18059000	       801	8000023a	95b2	c.add	x11,x12	 x11:0x80003234 x12:0xffffffff x11=0x80003233
       18079000	       802	8000023c	8189	c.srli	x11,0x2	 x11:0x80003233 x11=0x20000c8c
       18099000	       803	8000023e	3bf59073	csrrw	x0,pmpaddr15,x11	 x11:0x20000c8c  x0=0x00000000
       18159000	       806	80000242	0f0f15b7	lui	x11,0xf0f1	 x11=0x0f0f1000
       18179000	       807	80000246	f0f58593	addi	x11,x11,-241	 x11:0x0f0f1000 x11=0x0f0f0f0f
       18319000	       814	8000024a	3a359073	csrrw	x0,pmpcfg3,x11	 x11:0x0f0f0f0f  x0=0x00000000
       18419000	       819	8000024e	00000617	auipc	x12,0x0	 x12=0x8000024e
       18439000	       820	80000252	06060613	addi	x12,x12,96	 x12:0x8000024e x12=0x800002ae
       18459000	       821	80000256	34161073	csrrw	x0,mepc,x12	 x12:0x800002ae  x0=0x00000000
       18759000	       836	8000025a	7c00d073	csrrwi	x0,0x7c0,1	  x0=0x00000000
       18819000	       839	8000025e	4601	c.li	x12,0	 x12=0x00000000
       19179000	       857	80000260	30061073	csrrw	x0,mstatus,x12	 x12:0x00000000  x0=0x00000000
       19239000	       860	80000264	4601	c.li	x12,0	 x12=0x00000000
       19259000	       861	80000266	30461073	csrrw	x0,mie,x12	 x12:0x00000000  x0=0x00000000
       19319000	       864	8000026a	90000d37	lui	x26,0x90000	 x26=0x90000000
       19339000	       865	8000026e	1d71	c.addi	x26,-4	 x26:0x90000000 x26=0x8ffffffc
       19359000	       866	80000270	90000d37	lui	x26,0x90000	 x26=0x90000000
       19379000	       867	80000274	1d71	c.addi	x26,-4	 x26:0x90000000 x26=0x8ffffffc
       19399000	       868	80000276	90000d37	lui	x26,0x90000	 x26=0x90000000
       19419000	       869	8000027a	1d71	c.addi	x26,-4	 x26:0x90000000 x26=0x8ffffffc
       19499000	       873	8000027c	30000613	addi	x12,x0,768	  x0:0x00000000 x12=0x00000300
       19679000	       882	80000280	0622	c.slli	x12,0x8	 x12:0x00000300 x12=0x00030000
       19699000	       883	80000282	060d	c.addi	x12,3	 x12:0x00030000 x12=0x00030003
       19759000	       886	80000284	00cd2023	sw	x12,0(x26)	 x26:0x8ffffffc x12:0x00030003 PA:0x8ffffffc store:0x00030003 load:0xffffffff
       19779000	       887	80000288	30002673	csrrs	x12,mstatus,x0	  x0:0x00000000 x12=0x00000000
       20159000	       906	8000028c	00cd2023	sw	x12,0(x26)	 x26:0x8ffffffc x12:0x00000000 PA:0x8ffffffc store:0x00000000 load:0xffffffff
       20299000	       913	80000290	90000d37	lui	x26,0x90000	 x26=0x90000000
       20319000	       914	80000294	1d71	c.addi	x26,-4	 x26:0x90000000 x26=0x8ffffffc
       20339000	       915	80000296	30400613	addi	x12,x0,772	  x0:0x00000000 x12=0x00000304
       20359000	       916	8000029a	0622	c.slli	x12,0x8	 x12:0x00000304 x12=0x00030400
       20379000	       917	8000029c	060d	c.addi	x12,3	 x12:0x00030400 x12=0x00030403
       20879000	       942	8000029e	00cd2023	sw	x12,0(x26)	 x26:0x8ffffffc x12:0x00030403 PA:0x8ffffffc store:0x00030403 load:0xffffffff
       20899000	       943	800002a2	30402673	csrrs	x12,mie,x0	  x0:0x00000000 x12=0x00000000
       21099000	       953	800002a6	00cd2023	sw	x12,0(x26)	 x26:0x8ffffffc x12:0x00000000 PA:0x8ffffffc store:0x00000000 load:0xffffffff
       21119000	       954	800002aa	30200073	mret	
       21199000	       958	800002ae	00300013	addi	x0,x0,3	  x0:0x00000000  x0=0x00000000
       21219000	       959	800002b2	4099	c.li	x1,6	  x1=0x00000006
       21239000	       960	800002b4	cf4b5137	lui	x2,0xcf4b5	  x2=0xcf4b5000
       21279000	       962	800002b8	e8e10113	addi	x2,x2,-370	  x2:0xcf4b5000  x2=0xcf4b4e8e
       21299000	       963	800002bc	4181	c.li	x3,0	  x3=0x00000000
       22039000	      1000	800002be	ed36d237	lui	x4,0xed36d	  x4=0xed36d000
       22459000	      1021	800002c2	41220213	addi	x4,x4,1042	  x4:0xed36d000  x4=0xed36d412
       22479000	      1022	800002c6	1b5082b7	lui	x5,0x1b508	  x5=0x1b508000
       22539000	      1025	800002ca	9c028293	addi	x5,x5,-1600	  x5:0x1b508000  x5=0x1b5079c0
       22599000	      1028	800002ce	ff61d337	lui	x6,0xff61d	  x6=0xff61d000
       22619000	      1029	800002d2	cf830313	addi	x6,x6,-776	  x6:0xff61d000  x6=0xff61ccf8
       22679000	      1032	800002d6	800003b7	lui	x7,0x80000	  x7=0x80000000
       22959000	      1046	800002da	f7434437	lui	x8,0xf7434	  x8=0xf7434000
       23099000	      1053	800002de	bf540413	addi	x8,x8,-1035	  x8:0xf7434000  x8=0xf7433bf5
       23419000	      1069	800002e2	80000537	lui	x10,0x80000	 x10=0x80000000
       23439000	      1070	800002e6	894eb5b7	lui	x11,0x894eb	 x11=0x894eb000
       23739000	      1085	800002ea	cb458593	addi	x11,x11,-844	 x11:0x894eb000 x11=0x894eacb4
       23759000	      1086	800002ee	4615	c.li	x12,5	 x12=0x00000005
       23779000	      1087	800002f0	c8c3c6b7	lui	x13,0xc8c3c	 x13=0xc8c3c000
       23819000	      1089	800002f4	5f768693	addi	x13,x13,1527	 x13:0xc8c3c000 x13=0xc8c3c5f7
       31339000	      1465	800002f8	4739	c.li	x14,14	 x14=0x0000000e
       31359000	      1466	800002fa	4795	c.li	x15,5	 x15=0x00000005
       31379000	      1467	800002fc	4829	c.li	x16,10	 x16=0x0000000a
       31399000	      1468	800002fe	f777f8b7	lui	x17,0xf777f	 x17=0xf777f000
       31419000	      1469	80000302	63d88893	addi	x17,x17,1597	 x17:0xf777f000 x17=0xf777f63d
       31439000	      1470	80000306	4901	c.li	x18,0	 x18=0x00000000
       31459000	      1471	80000308	f7f7a9b7	lui	x19,0xf7f7a	 x19=0xf7f7a000
       31699000	      1483	8000030c	0e598993	addi	x19,x19,229	 x19:0xf7f7a000 x19=0xf7f7a0e5
       31819000	      1489	80000310	f264ca37	lui	x20,0xf264c	 x20=0xf264c000
       31939000	      1495	80000314	ecda0a13	addi	x20,x20,-307	 x20:0xf264c000 x20=0xf264becd
       32039000	      1500	80000318	4a81	c.li	x21,0	 x21=0x00000000
       32059000	      1501	8000031a	fc680b37	lui	x22,0xfc680	 x22=0xfc680000
       32479000	      1522	8000031e	801b0b13	addi	x22,x22,-2047	 x22:0xfc680000 x22=0xfc67f801
       32499000	      1523	80000322	4b81	c.li	x23,0	 x23=0x00000000
       32519000	      1524	80000324	4c09	c.li	x24,2	 x24=0x00000002
       32659000	      1531	80000326	81b7fcb7	lui	x25,0x81b7f	 x25=0x81b7f000
       32799000	      1538	8000032a	6bdc8c93	addi	x25,x25,1725	 x25:0x81b7f000 x25=0x81b7f6bd
       32979000	      1547	8000032e	80000d37	lui	x26,0x80000	 x26=0x80000000
       32999000	      1548	80000332	4da5	c.li	x27,9	 x27=0x00000009
       33019000	      1549	80000334	4e01	c.li	x28,0	 x28=0x00000000
       33039000	      1550	80000336	4ea9	c.li	x29,10	 x29=0x0000000a
       33419000	      1569	80000338	fe7effb7	lui	x31,0xfe7ef	 x31=0xfe7ef000
       33459000	      1571	8000033c	8c7f8f93	addi	x31,x31,-1849	 x31:0xfe7ef000 x31=0xfe7ee8c7
       33719000	      1584	80000340	00022497	auipc	x9,0x22	  x9=0x80022340
       34139000	      1605	80000344	b2448493	addi	x9,x9,-1244	  x9:0x80022340  x9=0x80021e64
       34159000	      1606	80000348	90000d37	lui	x26,0x90000	 x26=0x90000000
       34179000	      1607	8000034c	1d71	c.addi	x26,-4	 x26:0x90000000 x26=0x8ffffffc
       34199000	      1608	8000034e	4601	c.li	x12,0	 x12=0x00000000
       34299000	      1613	80000350	0622	c.slli	x12,0x8	 x12:0x00000000 x12=0x00000000
       34639000	      1630	80000352	00060613	addi	x12,x12,0	 x12:0x00000000 x12=0x00000000
       34899000	      1643	80000356	00cd2023	sw	x12,0(x26)	 x26:0x8ffffffc x12:0x00000000 PA:0x8ffffffc store:0x00000000 load:0xffffffff
       34939000	      1645	8000035a	6db0206f	jal	x0,80003234	  x0=0x00000000
       36239000	      1710	80003234	86f9	c.srai	x13,0x1e	 x13:0xc8c3c5f7 x13=0xffffffff
       37179000	      1757	80003236	030f5733	divu	x14,x30,x16	 x30:0x80025ce4 x16:0x0000000a x14=0x0ccd094a
       37199000	      1758	8000323a	45114013	xori	x0,x2,1105	  x2:0xcf4b4e8e  x0=0x00000000
       37239000	      1760	8000323e	02caa1b3	mulhsu	x3,x21,x12	 x21:0x00000000 x12:0x00000000  x3=0x00000000
       37259000	      1761	80003242	031d1263	bne	x26,x17,80003266	 x26:0x8ffffffc x17:0xf777f63d
       37619000	      1779	80003266	1fde0e13	addi	x28,x28,509	 x28:0x00000000 x28=0x000001fd
       37639000	      1780	8000326a	1c16eb93	ori	x23,x13,449	 x13:0xffffffff x23=0xffffffff
       37659000	      1781	8000326e	a47d2e93	slti	x29,x26,-1465	 x26:0x8ffffffc x29=0x00000001
       37679000	      1782	80003272	05525263	bge	x4,x21,800032b6	  x4:0xed36d412 x21:0x00000000
       37719000	      1784	80003276	039d9fb3	mulh	x31,x27,x25	 x27:0x00000009 x25:0x81b7f6bd x31=0xfffffffb
       37739000	      1785	8000327a	8ff5	c.and	x15,x13	 x15:0x00000005 x13:0xffffffff x15=0x00000005
       38119000	      1804	8000327c	009fb033	sltu	x0,x31,x9	 x31:0xfffffffb  x9:0x80021e64  x0=0x00000000
       38539000	      1825	80003280	02e7d163	bge	x15,x14,800032a2	 x15:0x00000005 x14:0x0ccd094a
       38899000	      1843	80003284	033e3e33	mulhu	x28,x28,x19	 x28:0x000001fd x19:0xf7f7a0e5 x28=0x000001ed
       38919000	      1844	80003288	008bd393	srli	x7,x23,0x8	 x23:0xffffffff  x7=0x00ffffff
       38939000	      1845	8000328c	00818d63	beq	x3,x8,800032a6	  x3:0x00000000  x8:0xf7433bf5
       39859000	      1891	80003290	0343d433	divu	x8,x7,x20	  x7:0x00ffffff x20:0xf264becd  x8=0x00000000
       39879000	      1892	80003294	55826917	auipc	x18,0x55826	 x18=0xd5829294
       39899000	      1893	80003298	004f4eb3	xor	x29,x30,x4	 x30:0x80025ce4  x4:0xed36d412 x29=0x6d3488f6
       39919000	      1894	8000329c	8bd9	c.andi	x15,22	 x15:0x00000005 x15=0x00000004
       40659000	      1931	8000329e	02fdf633	remu	x12,x27,x15	 x27:0x00000009 x15:0x00000004 x12=0x00000001
       40679000	      1932	800032a2	03dc9463	bne	x25,x29,800032ca	 x25:0x81b7f6bd x29:0x6d3488f6
       41179000	      1957	800032ca	01ae6563	bltu	x28,x26,800032d4	 x28:0x000001ed x26:0x8ffffffc
       41439000	      1970	800032d4	01d7c1b3	xor	x3,x15,x29	 x15:0x00000004 x29:0x6d3488f6  x3=0x6d3488f2
       41579000	      1977	800032d8	9406	c.add	x8,x1	  x8:0x00000000  x1:0x00000006  x8=0x00000006
       41599000	      1978	800032da	0db1	c.addi	x27,12	 x27:0x00000009 x27=0x00000015
       42339000	      2015	800032dc	03d16ab3	rem	x21,x2,x29	  x2:0xcf4b4e8e x29:0x6d3488f6 x21=0xcf4b4e8e
       42359000	      2016	800032e0	963e	c.add	x12,x15	 x12:0x00000001 x15:0x00000004 x12=0x00000005
       43099000	      2053	800032e2	0365ce33	div	x28,x11,x22	 x11:0x894eacb4 x22:0xfc67f801 x28=0x00000021
       43119000	      2054	800032e6	02b6fd63	bgeu	x13,x11,80003320	 x13:0xffffffff x11:0x894eacb4
       43519000	      2074	80003320	1119c393	xori	x7,x19,273	 x19:0xf7f7a0e5  x7=0xf7f7a1f4
       43539000	      2075	80003324	853d	c.srai	x10,0xf	 x10:0x80000000 x10=0xffff0000
       43559000	      2076	80003326	717d	c.addi16sp	x2,-16	  x2:0xcf4b4e8e  x2=0xcf4b4e7e
       43959000	      2096	80003328	40f08fb3	sub	x31,x1,x15	  x1:0x00000006 x15:0x00000004 x31=0x00000002
       43979000	      2097	8000332c	985e	c.add	x16,x23	 x16:0x0000000a x23:0xffffffff x16=0x00000009
       44019000	      2099	8000332e	03768d33	mul	x26,x13,x23	 x13:0xffffffff x23:0xffffffff x26=0x00000001
       44039000	      2100	80003332	6aa1	c.lui	x21,0x8	 x21=0x00008000
       44179000	      2107	80003334	4c398813	addi	x16,x19,1219	 x19:0xf7f7a0e5 x16=0xf7f7a5a8
       44199000	      2108	80003338	d1cbb613	sltiu	x12,x23,-740	 x23:0xffffffff x12=0x00000000
       44539000	      2125	8000333c	0001	c.addi	x0,0	  x0:0x00000000  x0=0x00000000
       44559000	      2126	8000333e	01224c33	xor	x24,x4,x18	  x4:0xed36d412 x18:0xd5829294 x24=0x38b44686
       44579000	      2127	80003342	6569	c.lui	x10,0x1a	 x10=0x0001a000
       44839000	      2140	80003344	00a2ca63	blt	x5,x10,80003358	  x5:0x1b5079c0 x10:0x0001a000
       45019000	      2149	80003348	e6b5de17	auipc	x28,0xe6b5d	 x28=0x66b60348
       45039000	      2150	8000334c	efe46d13	ori	x26,x8,-258	  x8:0x00000006 x26=0xfffffefe
       45059000	      2151	80003350	006b7b63	bgeu	x22,x6,80003366	 x22:0xfc67f801  x6:0xff61ccf8
       45079000	      2152	80003354	2537ee13	ori	x28,x15,595	 x15:0x00000004 x28=0x00000257
       45119000	      2154	80003358	0358b033	mulhu	x0,x17,x21	 x17:0xf777f63d x21:0x00008000  x0=0x00000000
       45259000	      2161	8000335c	008f9763	bne	x31,x8,8000336a	 x31:0x00000002  x8:0x00000006
       46099000	      2203	8000336a	02477163	bgeu	x14,x4,8000338c	 x14:0x0ccd094a  x4:0xed36d412
       46119000	      2204	8000336e	019257b3	srl	x15,x4,x25	  x4:0xed36d412 x25:0x81b7f6bd x15=0x00000007
       46139000	      2205	80003372	0001	c.addi	x0,0	  x0:0x00000000  x0=0x00000000
       46159000	      2206	80003374	498bfa93	andi	x21,x23,1176	 x23:0xffffffff x21=0x00000498
       46259000	      2211	80003378	413e0933	sub	x18,x28,x19	 x28:0x00000257 x19:0xf7f7a0e5 x18=0x08086172
       46679000	      2232	8000337c	8aa1	c.andi	x13,8	 x13:0xffffffff x13=0x00000008
       47599000	      2278	8000337e	035f67b3	rem	x15,x30,x21	 x30:0x80025ce4 x21:0x00000498 x15=0xfffffc0c
       47619000	      2279	80003382	40ead933	sra	x18,x21,x14	 x21:0x00000498 x14:0x0ccd094a x18=0x00000001
       47639000	      2280	80003386	01b1c333	xor	x6,x3,x27	  x3:0x6d3488f2 x27:0x00000015  x6=0x6d3488e7
       47659000	      2281	8000338a	57fd	c.li	x15,-1	 x15=0xffffffff
       47699000	      2283	8000338c	027f3533	mulhu	x10,x30,x7	 x30:0x80025ce4  x7:0xf7f7a1f4 x10=0x7bfe1ae3
       47719000	      2284	80003390	8ae9	c.andi	x13,26	 x13:0x00000008 x13=0x00000008
       47739000	      2285	80003392	03248f63	beq	x9,x18,800033d0	  x9:0x80021e64 x18:0x00000001
       47759000	      2286	80003396	9baa	c.add	x23,x10	 x23:0xffffffff x10:0x7bfe1ae3 x23=0x7bfe1ae2
       47779000	      2287	80003398	402456b3	sra	x13,x8,x2	  x8:0x00000006  x2:0xcf4b4e7e x13=0x00000000
       47899000	      2293	8000339c	007aed33	or	x26,x21,x7	 x21:0x00000498  x7:0xf7f7a1f4 x26=0xf7f7a5fc
       48079000	      2302	800033a0	005a7e33	and	x28,x20,x5	 x20:0xf264becd  x5:0x1b5079c0 x28=0x124038c0
       48479000	      2322	800033a4	00b36a33	or	x20,x6,x11	  x6:0x6d3488e7 x11:0x894eacb4 x20=0xed7eacf7
       48659000	      2331	800033a8	03cf02b3	mul	x5,x30,x28	 x30:0x80025ce4 x28:0x124038c0  x5=0xc7178b00
       48679000	      2332	800033ac	0080d613	srli	x12,x1,0x8	  x1:0x00000006 x12=0x00000000
       48699000	      2333	800033b0	0000100f	fence.i	
       49139000	      2355	800033b4	1500	c.addi4spn	x8,x2,672	  x8=0xcf4b511e
       49299000	      2363	800033b6	03ab8a33	mul	x20,x23,x26	 x23:0x7bfe1ae2 x26:0xf7f7a5fc x20=0xd3842078
       49319000	      2364	800033ba	0ff0000f	fence	iorw,iorw	
       49339000	      2365	800033be	403dd933	sra	x18,x27,x3	 x27:0x00000015  x3:0x6d3488f2 x18=0x00000000
       49359000	      2366	800033c2	b8db8e13	addi	x28,x23,-1139	 x23:0x7bfe1ae2 x28=0x7bfe166f
       49539000	      2375	800033c6	40398fb3	sub	x31,x19,x3	 x19:0xf7f7a0e5  x3:0x6d3488f2 x31=0x8ac317f3
       49559000	      2376	800033ca	8f81	c.sub	x15,x8	 x15:0xffffffff  x8:0xcf4b511e x15=0x30b4aee1
       49579000	      2377	800033cc	002089b3	add	x19,x1,x2	  x1:0x00000006  x2:0xcf4b4e7e x19=0xcf4b4e84
       49599000	      2378	800033d0	02aaf463	bgeu	x21,x10,800033f8	 x21:0x00000498 x10:0x7bfe1ae3
       50179000	      2407	800033d4	02d49433	mulh	x8,x9,x13	  x9:0x80021e64 x13:0x00000000  x8=0x00000000
       50919000	      2444	800033d8	02975633	divu	x12,x14,x9	 x14:0x0ccd094a  x9:0x80021e64 x12=0x00000000
       50939000	      2445	800033dc	0161e463	bltu	x3,x22,800033e4	  x3:0x6d3488f2 x22:0xfc67f801
       51219000	      2459	800033e4	7b332193	slti	x3,x6,1971	  x6:0x6d3488e7  x3=0x00000000
       51319000	      2464	800033e8	9a7d	c.andi	x12,-1	 x12:0x00000000 x12=0x00000000
       51339000	      2465	800033ea	01b1da13	srli	x20,x3,0x1b	  x3:0x00000000 x20=0x00000000
       51359000	      2466	800033ee	950e	c.add	x10,x3	 x10:0x7bfe1ae3  x3:0x00000000 x10=0x7bfe1ae3
       51539000	      2475	800033f0	04831463	bne	x6,x8,80003438	  x6:0x6d3488e7  x8:0x00000000
       52399000	      2518	80003438	030c7163	bgeu	x24,x16,8000345a	 x24:0x38b44686 x16:0xf7f7a5a8
       53179000	      2557	8000343c	026df2b3	remu	x5,x27,x6	 x27:0x00000015  x6:0x6d3488e7  x5=0x00000015
       53199000	      2558	80003440	91836393	ori	x7,x6,-1768	  x6:0x6d3488e7  x7=0xfffff9ff
       53219000	      2559	80003444	03116e63	bltu	x2,x17,80003480	  x2:0xcf4b4e7e x17:0xf777f63d
       53439000	      2570	80003480	8d35	c.xor	x10,x13	 x10:0x7bfe1ae3 x13:0x00000000 x10=0x7bfe1ae3
       53519000	      2574	80003482	7dbbe713	ori	x14,x23,2011	 x23:0x7bfe1ae2 x14=0x7bfe1ffb
       53679000	      2582	80003486	40665333	sra	x6,x12,x6	 x12:0x00000000  x6:0x6d3488e7  x6=0x00000000
       53699000	      2583	8000348a	4144d233	sra	x4,x9,x20	  x9:0x80021e64 x20:0x00000000  x4=0x80021e64
       53739000	      2585	8000348e	02aa9733	mulh	x14,x21,x10	 x21:0x00000498 x10:0x7bfe1ae3 x14=0x00000239
       53779000	      2587	80003492	1a984093	xori	x1,x16,425	 x16:0xf7f7a5a8  x1=0xf7f7a401
       53799000	      2588	80003496	002f0633	add	x12,x30,x2	 x30:0x80025ce4  x2:0xcf4b4e7e x12=0x4f4dab62
       53819000	      2589	8000349a	8f89	c.sub	x15,x10	 x15:0x30b4aee1 x10:0x7bfe1ae3 x15=0xb4b693fe
       53839000	      2590	8000349c	0700	c.addi4spn	x8,x2,896	  x8=0xcf4b51fe
       53859000	      2591	8000349e	81c6	c.mv	x3,x17	  x0:0x00000000 x17:0xf777f63d  x3=0xf777f63d
       54039000	      2600	800034a0	8e49	c.or	x12,x10	 x12:0x4f4dab62 x10:0x7bfe1ae3 x12=0x7fffbbe3
       54239000	      2610	800034a2	00184363	blt	x16,x1,800034a8	 x16:0xf7f7a5a8  x1:0xf7f7a401
       54259000	      2611	800034a6	8e35	c.xor	x12,x13	 x12:0x7fffbbe3 x13:0x00000000 x12=0x7fffbbe3
       54279000	      2612	800034a8	47475897	auipc	x17,0x47475	 x17=0xc74784a8
       54639000	      2630	800034ac	007e6863	bltu	x28,x7,800034bc	 x28:0x7bfe166f  x7:0xfffff9ff
       56399000	      2718	800034bc	033a7db3	remu	x27,x20,x19	 x20:0x00000000 x19:0xcf4b4e84 x27=0x00000000
       56419000	      2719	800034c0	03a09a63	bne	x1,x26,800034f4	  x1:0xf7f7a401 x26:0xf7f7a5fc
       56499000	      2723	800034f4	41f0d513	srai	x10,x1,0x1f	  x1:0xf7f7a401 x10=0xffffffff
       56619000	      2729	800034f8	1afd	c.addi	x21,-1	 x21:0x00000498 x21=0x00000497
       56639000	      2730	800034fa	0001	c.addi	x0,0	  x0:0x00000000  x0=0x00000000
       56659000	      2731	800034fc	d697bc93	sltiu	x25,x15,-663	 x15:0xb4b693fe x25=0x00000001
       56719000	      2734	80003500	03949e33	mulh	x28,x9,x25	  x9:0x80021e64 x25:0x00000001 x28=0xffffffff
       56739000	      2735	80003504	011433b3	sltu	x7,x8,x17	  x8:0xcf4b51fe x17:0xc74784a8  x7=0x00000000
       56779000	      2737	80003508	01e86e33	or	x28,x16,x30	 x16:0xf7f7a5a8 x30:0x80025ce4 x28=0xf7f7fdec
       57519000	      2774	8000350c	029dc033	div	x0,x27,x9	 x27:0x00000000  x9:0x80021e64  x0=0x00000000
       57539000	      2775	80003510	0ff0000f	fence	iorw,iorw	
       57579000	      2777	80003514	0208d933	divu	x18,x17,x0	 x17:0xc74784a8  x0:0x00000000 x18=0xffffffff
       57599000	      2778	80003518	8d4d	c.or	x10,x11	 x10:0xffffffff x11:0x894eacb4 x10=0xffffffff
       57719000	      2784	8000351a	60293393	sltiu	x7,x18,1538	 x18:0xffffffff  x7=0x00000000
       57779000	      2787	8000351e	0000100f	fence.i	
       57959000	      2796	80003522	e39d	c.bnez	x15,80003548	 x15:0xb4b693fe
       59379000	      2867	80003548	03a86ab3	rem	x21,x16,x26	 x16:0xf7f7a5a8 x26:0xf7f7a5fc x21=0xffffffac
       66599000	      3228	8000354c	0742	c.slli	x14,0x10	 x14:0x00000239 x14=0x02390000
       67339000	      3265	8000354e	0334eab3	rem	x21,x9,x19	  x9:0x80021e64 x19:0xcf4b4e84 x21=0xe16b815c
       68079000	      3302	80003552	0248fa33	remu	x20,x17,x4	 x17:0xc74784a8  x4:0x80021e64 x20=0x47456644
       68099000	      3303	80003556	9d4e	c.add	x26,x19	 x26:0xf7f7a5fc x19:0xcf4b4e84 x26=0xc742f480
       68119000	      3304	80003558	023ede63	bge	x29,x3,80003594	 x29:0x6d3488f6  x3:0xf777f63d
       68199000	      3308	80003594	00cdd913	srli	x18,x27,0xc	 x27:0x00000000 x18=0x00000000
       69099000	      3353	80003598	02984633	div	x12,x16,x9	 x16:0xf7f7a5a8  x9:0x80021e64 x12=0x00000000
       69119000	      3354	8000359c	02d85e63	bge	x16,x13,800035d8	 x16:0xf7f7a5a8 x13:0x00000000
       69859000	      3391	800035a0	02934db3	div	x27,x6,x9	  x6:0x00000000  x9:0x80021e64 x27=0x00000000
       69879000	      3392	800035a4	8c2d	c.xor	x8,x11	  x8:0xcf4b51fe x11:0x894eacb4  x8=0x4605fd4a
       69899000	      3393	800035a6	67c9	c.lui	x15,0x12	 x15=0x00012000
       69919000	      3394	800035a8	41288533	sub	x10,x17,x18	 x17:0xc74784a8 x18:0x00000000 x10=0xc74784a8
       69939000	      3395	800035ac	027ef863	bgeu	x29,x7,800035dc	 x29:0x6d3488f6  x7:0x00000000
       70579000	      3427	800035dc	0277ed63	bltu	x15,x7,80003616	 x15:0x00012000  x7:0x00000000
       70619000	      3429	800035e0	c710ce17	auipc	x28,0xc710c	 x28=0x4710f5e0
       70919000	      3444	800035e4	03a40cb3	mul	x25,x8,x26	  x8:0x4605fd4a x26:0xc742f480 x25=0x8b7d2d00
       70939000	      3445	800035e8	4931	c.li	x18,12	 x18=0x0000000c
       70959000	      3446	800035ea	8d49	c.or	x10,x10	 x10:0xc74784a8 x10:0xc74784a8 x10=0xc74784a8
       70979000	      3447	800035ec	03776563	bltu	x14,x23,80003616	 x14:0x02390000 x23:0x7bfe1ae2
       72779000	      3537	80003616	02ad68b3	rem	x17,x26,x10	 x26:0xc742f480 x10:0xc74784a8 x17=0xfffb6fd8
       72799000	      3538	8000361a	0001	c.addi	x0,0	  x0:0x00000000  x0=0x00000000
       73539000	      3575	8000361c	036bc033	div	x0,x23,x22	 x23:0x7bfe1ae2 x22:0xfc67f801  x0=0x00000000
       73559000	      3576	80003620	41ec5533	sra	x10,x24,x30	 x24:0x38b44686 x30:0x80025ce4 x10=0x038b4468
       73579000	      3577	80003624	8d5d	c.or	x10,x15	 x10:0x038b4468 x15:0x00012000 x10=0x038b6468
       73599000	      3578	80003626	f3da8113	addi	x2,x21,-195	 x21:0xe16b815c  x2=0xe16b8099
       73619000	      3579	8000362a	03338b33	mul	x22,x7,x19	  x7:0x00000000 x19:0xcf4b4e84 x22=0x00000000
       73639000	      3580	8000362e	8d01	c.sub	x10,x8	 x10:0x038b6468  x8:0x4605fd4a x10=0xbd85671e
       73659000	      3581	80003630	c5c98d13	addi	x26,x19,-932	 x19:0xcf4b4e84 x26=0xcf4b4ae0
       73679000	      3582	80003634	197d	c.addi	x18,-1	 x18:0x0000000c x18=0x0000000b
       73799000	      3588	80003636	407f5113	srai	x2,x30,0x7	 x30:0x80025ce4  x2=0xff0004b9
       74219000	      3609	8000363a	03ab8b63	beq	x23,x26,80003670	 x23:0x7bfe1ae2 x26:0xcf4b4ae0
       74239000	      3610	8000363e	70e8f293	andi	x5,x17,1806	 x17:0xfffb6fd8  x5=0x00000708
       74999000	      3648	80003642	038a6d33	rem	x26,x20,x24	 x20:0x47456644 x24:0x38b44686 x26=0x0e911fbe
       75019000	      3649	80003646	004a42b3	xor	x5,x20,x4	 x20:0x47456644  x4:0x80021e64  x5=0xc7477820
       75039000	      3650	8000364a	017ebab3	sltu	x21,x29,x23	 x29:0x6d3488f6 x23:0x7bfe1ae2 x21=0x00000001
       75059000	      3651	8000364e	98b6	c.add	x17,x13	 x17:0xfffb6fd8 x13:0x00000000 x17=0xfffb6fd8
       75079000	      3652	80003650	02674c63	blt	x14,x6,80003688	 x14:0x02390000  x6:0x00000000
       75099000	      3653	80003654	40505533	sra	x10,x0,x5	  x0:0x00000000  x5:0xc7477820 x10=0x00000000
       75119000	      3654	80003658	8f89	c.sub	x15,x10	 x15:0x00012000 x10:0x00000000 x15=0x00012000
       75859000	      3691	8000365a	023c72b3	remu	x5,x24,x3	 x24:0x38b44686  x3:0xf777f63d  x5=0x38b44686
       75879000	      3692	8000365e	005c1013	slli	x0,x24,0x5	 x24:0x38b44686  x0=0x00000000
       75899000	      3693	80003662	11e4b413	sltiu	x8,x9,286	  x9:0x80021e64  x8=0x00000000
       75919000	      3694	80003666	8f29	c.xor	x14,x10	 x14:0x02390000 x10:0x00000000 x14=0x02390000
       75939000	      3695	80003668	08d86393	ori	x7,x16,141	 x16:0xf7f7a5a8  x7=0xf7f7a5ad
       75979000	      3697	8000366c	035b18b3	mulh	x17,x22,x21	 x22:0x00000000 x21:0x00000001 x17=0x00000000
       75999000	      3698	80003670	011ef263	bgeu	x29,x17,80003674	 x29:0x6d3488f6 x17:0x00000000
       76039000	      3700	80003674	e939a213	slti	x4,x19,-365	 x19:0xcf4b4e84  x4=0x00000001
       76939000	      3745	80003678	8e31	c.xor	x12,x12	 x12:0x00000000 x12:0x00000000 x12=0x00000000
       76959000	      3746	8000367a	00c57933	and	x18,x10,x12	 x10:0x00000000 x12:0x00000000 x18=0x00000000
       76999000	      3748	8000367e	02b339b3	mulhu	x19,x6,x11	  x6:0x00000000 x11:0x894eacb4 x19=0x00000000
       77019000	      3749	80003682	42b1	c.li	x5,12	  x5=0x0000000c
       77079000	      3752	80003684	4989	c.li	x19,2	 x19=0x00000002
       77099000	      3753	80003686	8e35	c.xor	x12,x13	 x12:0x00000000 x13:0x00000000 x12=0x00000000
       77139000	      3755	80003688	02983a33	mulhu	x20,x16,x9	 x16:0xf7f7a5a8  x9:0x80021e64 x20=0x7bfde033
       77979000	      3797	8000368c	03dfc9b3	div	x19,x31,x29	 x31:0x8ac317f3 x29:0x6d3488f6 x19=0xffffffff
       77999000	      3798	80003690	01bd9863	bne	x27,x27,800036a0	 x27:0x00000000 x27:0x00000000
       78019000	      3799	80003694	0000100f	fence.i	
       78439000	      3820	80003698	00d03633	sltu	x12,x0,x13	  x0:0x00000000 x13:0x00000000 x12=0x00000000
       78499000	      3823	8000369c	011a58b3	srl	x17,x20,x17	 x20:0x7bfde033 x17:0x00000000 x17=0x7bfde033
       79239000	      3860	800036a0	037ed133	divu	x2,x29,x23	 x29:0x6d3488f6 x23:0x7bfe1ae2  x2=0x00000000
       79259000	      3861	800036a4	01544c63	blt	x8,x21,800036bc	  x8:0x00000000 x21:0x00000001
       79339000	      3865	800036bc	e1deee93	ori	x29,x29,-483	 x29:0x6d3488f6 x29=0xfffffeff
       79779000	      3887	800036c0	0000100f	fence.i	
       80819000	      3939	800036c4	e721	c.bnez	x14,8000370c	 x14:0x02390000
       81679000	      3982	8000370c	617d	c.addi16sp	x2,496	  x2:0x00000000  x2=0x000001f0
       81699000	      3983	8000370e	0001	c.addi	x0,0	  x0:0x00000000  x0=0x00000000
       81819000	      3989	80003710	00e16b33	or	x22,x2,x14	  x2:0x000001f0 x14:0x02390000 x22=0x023901f0
       81839000	      3990	80003714	01638db3	add	x27,x7,x22	  x7:0xf7f7a5ad x22:0x023901f0 x27=0xfa30a79d
       81859000	      3991	80003718	581ffe97	auipc	x29,0x581ff	 x29=0xd8202718
       82179000	      4007	8000371c	03d98c33	mul	x24,x19,x29	 x19:0xffffffff x29:0xd8202718 x24=0x27dfd8e8
       82199000	      4008	80003720	2ffbdc97	auipc	x25,0x2ffbd	 x25=0xaffc0720
       82219000	      4009	80003724	00f96563	bltu	x18,x15,8000372e	 x18:0x00000000 x15:0x00012000
       82559000	      4026	8000372e	02f836b3	mulhu	x13,x16,x15	 x16:0xf7f7a5a8 x15:0x00012000 x13=0x000116f6
       82579000	      4027	80003732	0ff0000f	fence	iorw,iorw	
       82739000	      4035	80003736	01d96663	bltu	x18,x29,80003742	 x18:0x00000000 x29:0xd8202718
       83259000	      4061	80003742	41cd89b3	sub	x19,x27,x28	 x27:0xfa30a79d x28:0x4710f5e0 x19=0xb31fb1bd
       83279000	      4062	80003746	002797b3	sll	x15,x15,x2	 x15:0x00012000  x2:0x000001f0 x15=0x20000000
       83299000	      4063	8000374a	003e1d93	slli	x27,x28,0x3	 x28:0x4710f5e0 x27=0x3887af00
       83319000	      4064	8000374e	01bbc363	blt	x23,x27,80003754	 x23:0x7bfe1ae2 x27:0x3887af00
       83339000	      4065	80003752	717d	c.addi16sp	x2,-16	  x2:0x000001f0  x2=0x000001e0
       83359000	      4066	80003754	38aec693	xori	x13,x29,906	 x29:0xd8202718 x13=0xd8202492
       83379000	      4067	80003758	0115a633	slt	x12,x11,x17	 x11:0x894eacb4 x17:0x7bfde033 x12=0x00000001
       83399000	      4068	8000375c	6879	c.lui	x16,0x1e	 x16=0x0001e000
       84539000	      4125	8000375e	037aeeb3	rem	x29,x21,x23	 x21:0x00000001 x23:0x7bfe1ae2 x29=0x00000001
       84559000	      4126	80003762	8df2a293	slti	x5,x5,-1825	  x5:0x0000000c  x5=0x00000000
       84579000	      4127	80003766	8f99	c.sub	x15,x14	 x15:0x20000000 x14:0x02390000 x15=0x1dc70000
       84599000	      4128	80003768	028c0763	beq	x24,x8,80003796	 x24:0x27dfd8e8  x8:0x00000000
       84619000	      4129	8000376c	0b00	c.addi4spn	x8,x2,400	  x8=0x00000370
       84639000	      4130	8000376e	517d	c.li	x2,-1	  x2=0xffffffff
       84659000	      4131	80003770	00daad33	slt	x26,x21,x13	 x21:0x00000001 x13:0xd8202492 x26=0x00000000
       84679000	      4132	80003774	9e9a	c.add	x29,x6	 x29:0x00000001  x6:0x00000000 x29=0x00000001
       84879000	      4142	80003776	4180d2b3	sra	x5,x1,x24	  x1:0xf7f7a401 x24:0x27dfd8e8  x5=0xfff7f7a4
       84899000	      4143	8000377a	03047d63	bgeu	x8,x16,800037b4	  x8:0x00000370 x16:0x0001e000
       84939000	      4145	8000377e	032dc533	div	x10,x27,x18	 x27:0x3887af00 x18:0x00000000 x10=0xffffffff
       84959000	      4146	80003782	00414b93	xori	x23,x2,4	  x2:0xffffffff x23=0xfffffffb
       84979000	      4147	80003786	58d40513	addi	x10,x8,1421	  x8:0x00000370 x10=0x000008fd
       84999000	      4148	8000378a	870d	c.srai	x14,0x3	 x14:0x02390000 x14=0x00472000
       85019000	      4149	8000378c	82c5	c.srli	x13,0x11	 x13:0xd8202492 x13=0x00006c10
       85039000	      4150	8000378e	826d	c.srli	x12,0x1b	 x12:0x00000001 x12=0x00000000
       85059000	      4151	80003790	0001	c.addi	x0,0	  x0:0x00000000  x0=0x00000000
       85099000	      4153	80003792	02e4a333	mulhsu	x6,x9,x14	  x9:0x80021e64 x14:0x00472000  x6=0xffdc7096
       85119000	      4154	80003796	00cbb3b3	sltu	x7,x23,x12	 x23:0xfffffffb x12:0x00000000  x7=0x00000000
       85239000	      4160	8000379a	6d170f93	addi	x31,x14,1745	 x14:0x00472000 x31=0x004726d1
       85979000	      4197	8000379e	0255c8b3	div	x17,x11,x5	 x11:0x894eacb4  x5:0xfff7f7a4 x17=0x00000ec6
       85999000	      4198	800037a2	007b5233	srl	x4,x22,x7	 x22:0x023901f0  x7:0x00000000  x4=0x023901f0
       86019000	      4199	800037a6	8f35	c.xor	x14,x13	 x14:0x00472000 x13:0x00006c10 x14=0x00474c10
       86039000	      4200	800037a8	00d4fd33	and	x26,x9,x13	  x9:0x80021e64 x13:0x00006c10 x26=0x00000c00
       86059000	      4201	800037ac	ccc13c93	sltiu	x25,x2,-820	  x2:0xffffffff x25=0x00000000
       86079000	      4202	800037b0	66f04d13	xori	x26,x0,1647	  x0:0x00000000 x26=0x0000066f
       86099000	      4203	800037b4	0001	c.addi	x0,0	  x0:0x00000000  x0=0x00000000
       86119000	      4204	800037b6	0ff0000f	fence	iorw,iorw	
       86139000	      4205	800037ba	00df6a33	or	x20,x30,x13	 x30:0x80025ce4 x13:0x00006c10 x20=0x80027cf4
       86219000	      4209	800037be	00c65e63	bge	x12,x12,800037da	 x12:0x00000000 x12:0x00000000
       87179000	      4257	800037da	006ab633	sltu	x12,x21,x6	 x21:0x00000001  x6:0xffdc7096 x12=0x00000001
       87339000	      4265	800037de	01ea8863	beq	x21,x30,800037ee	 x21:0x00000001 x30:0x80025ce4
       88479000	      4322	800037e2	025d4933	div	x18,x26,x5	 x26:0x0000066f  x5:0xfff7f7a4 x18=0x00000000
       88499000	      4323	800037e6	037c8ab3	mul	x21,x25,x23	 x25:0x00000000 x23:0xfffffffb x21=0x00000000
       88539000	      4325	800037ea	03b99c33	mulh	x24,x19,x27	 x19:0xb31fb1bd x27:0x3887af00 x24=0xef06300a
       88559000	      4326	800037ee	05741163	bne	x8,x23,80003830	  x8:0x00000370 x23:0xfffffffb
       89159000	      4356	80003830	0188f8b3	and	x17,x17,x24	 x17:0x00000ec6 x24:0xef06300a x17=0x00000002
       89179000	      4357	80003834	0060efb3	or	x31,x1,x6	  x1:0xf7f7a401  x6:0xffdc7096 x31=0xfffff497
       89279000	      4362	80003838	005ae733	or	x14,x21,x5	 x21:0x00000000  x5:0xfff7f7a4 x14=0xfff7f7a4
       89619000	      4379	8000383c	00916033	or	x0,x2,x9	  x2:0xffffffff  x9:0x80021e64  x0=0x00000000
       89739000	      4385	80003840	8ead	c.xor	x13,x11	 x13:0x00006c10 x11:0x894eacb4 x13=0x894ec0a4
       89759000	      4386	80003842	8c75	c.and	x8,x13	  x8:0x00000370 x13:0x894ec0a4  x8=0x00000020
       89939000	      4395	80003844	40eb8433	sub	x8,x23,x14	 x23:0xfffffffb x14:0xfff7f7a4  x8=0x00080857
       90719000	      4434	80003848	037af533	remu	x10,x21,x23	 x21:0x00000000 x23:0xfffffffb x10=0x00000000
       90739000	      4435	8000384c	0001	c.addi	x0,0	  x0:0x00000000  x0=0x00000000
       91479000	      4472	8000384e	03a15033	divu	x0,x2,x26	  x2:0xffffffff x26:0x0000066f  x0=0x00000000
       92219000	      4509	80003852	025eecb3	rem	x25,x29,x5	 x29:0x00000001  x5:0xfff7f7a4 x25=0x00000001
       92239000	      4510	80003856	87e1	c.srai	x15,0x18	 x15:0x1dc70000 x15=0x0000001d
       92979000	      4547	80003858	03be56b3	divu	x13,x28,x27	 x28:0x4710f5e0 x27:0x3887af00 x13=0x00000001
       92999000	      4548	8000385c	8ff5	c.and	x15,x13	 x15:0x0000001d x13:0x00000001 x15=0x00000001
       93019000	      4549	8000385e	60cd	c.lui	x1,0x13	  x1=0x00013000
       93039000	      4550	80003860	011eb433	sltu	x8,x29,x17	 x29:0x00000001 x17:0x00000002  x8=0x00000001
       93059000	      4551	80003864	018fe6b3	or	x13,x31,x24	 x31:0xfffff497 x24:0xef06300a x13=0xfffff49f
       93079000	      4552	80003868	4315	c.li	x6,5	  x6=0x00000005
       93099000	      4553	8000386a	8e35	c.xor	x12,x13	 x12:0x00000001 x13:0xfffff49f x12=0xfffff49e
       93839000	      4590	8000386c	03b253b3	divu	x7,x4,x27	  x4:0x023901f0 x27:0x3887af00  x7=0x00000000
       93859000	      4591	80003870	15014c13	xori	x24,x2,336	  x2:0xffffffff x24=0xfffffeaf
       93879000	      4592	80003874	00109133	sll	x2,x1,x1	  x1:0x00013000  x1:0x00013000  x2=0x00013000
       94619000	      4629	80003878	02eeefb3	rem	x31,x29,x14	 x29:0x00000001 x14:0xfff7f7a4 x31=0x00000001
       94639000	      4630	8000387c	008d9863	bne	x27,x8,8000388c	 x27:0x3887af00  x8:0x00000001
       94679000	      4632	8000388c	01d87863	bgeu	x16,x29,8000389c	 x16:0x0001e000 x29:0x00000001
       95279000	      4662	8000389c	019bdd33	srl	x26,x23,x25	 x23:0xfffffffb x25:0x00000001 x26=0x7ffffffd
       96039000	      4700	800038a0	0224dcb3	divu	x25,x9,x2	  x9:0x80021e64  x2:0x00013000 x25=0x00006bcb
       96059000	      4701	800038a4	c20d	c.beqz	x12,800038c6	 x12:0xfffff49e
       96079000	      4702	800038a6	0000100f	fence.i	
       96539000	      4725	800038aa	0000c533	xor	x10,x1,x0	  x1:0x00013000  x0:0x00000000 x10=0x00013000
       96559000	      4726	800038ae	67d1	c.lui	x15,0x14	 x15=0x00014000
       96579000	      4727	800038b0	01c61d13	slli	x26,x12,0x1c	 x12:0xfffff49e x26=0xe0000000
       96599000	      4728	800038b4	0163da63	bge	x7,x22,800038c8	  x7:0x00000000 x22:0x023901f0
       96799000	      4738	800038b8	01d7c563	blt	x15,x29,800038c2	 x15:0x00014000 x29:0x00000001
       97219000	      4759	800038bc	8fa5	c.xor	x15,x9	 x15:0x00014000  x9:0x80021e64 x15=0x80035e64
       97239000	      4760	800038be	00dc53b3	srl	x7,x24,x13	 x24:0xfffffeaf x13:0xfffff49f  x7=0x00000001
       97439000	      4770	800038c2	0ff0000f	fence	iorw,iorw	
       97459000	      4771	800038c6	8d35	c.xor	x10,x13	 x10:0x00013000 x13:0xfffff49f x10=0xfffec49f
       97479000	      4772	800038c8	8beb4f93	xori	x31,x22,-1858	 x22:0x023901f0 x31=0xfdc6f94e
       97499000	      4773	800038cc	01eb1413	slli	x8,x22,0x1e	 x22:0x023901f0  x8=0x00000000
       97519000	      4774	800038d0	03f66063	bltu	x12,x31,800038f0	 x12:0xfffff49e x31:0xfdc6f94e
       97539000	      4775	800038d4	4fc3e393	ori	x7,x7,1276	  x7:0x00000001  x7=0x000004fd
       97639000	      4780	800038d8	03478c33	mul	x24,x15,x20	 x15:0x80035e64 x20:0x80027cf4 x24=0x61b66750
       97679000	      4782	800038dc	6135	c.addi16sp	x2,352	  x2:0x00013000  x2=0x00013160
       97699000	      4783	800038de	41c0da93	srai	x21,x1,0x1c	  x1:0x00013000 x21=0x00000000
       97779000	      4787	800038e2	ad3e0b93	addi	x23,x28,-1325	 x28:0x4710f5e0 x23=0x4710f0b3
       97799000	      4788	800038e6	000e5e33	srl	x28,x28,x0	 x28:0x4710f5e0  x0:0x00000000 x28=0x4710f5e0
       97819000	      4789	800038ea	fbe0be17	auipc	x28,0xfbe0b	 x28=0x7be0e8ea
       97839000	      4790	800038ee	8419	c.srai	x8,0x6	  x8:0x00000000  x8=0x00000000
       97859000	      4791	800038f0	00899113	slli	x2,x19,0x8	 x19:0xb31fb1bd  x2=0x1fb1bd00
       97939000	      4795	800038f4	0026cdb3	xor	x27,x13,x2	 x13:0xfffff49f  x2:0x1fb1bd00 x27=0xe04e499f
       98359000	      4816	800038f8	0164fd63	bgeu	x9,x22,80003912	  x9:0x80021e64 x22:0x023901f0
       98759000	      4836	80003912	d9aa7893	andi	x17,x20,-614	 x20:0x80027cf4 x17=0x80027c90
       98799000	      4838	80003916	01e59d33	sll	x26,x11,x30	 x11:0x894eacb4 x30:0x80025ce4 x26=0x94eacb40
       98819000	      4839	8000391a	e409	c.bnez	x8,80003924	  x8:0x00000000
       98999000	      4848	8000391c	01cee033	or	x0,x29,x28	 x29:0x00000001 x28:0x7be0e8ea  x0=0x00000000
       99019000	      4849	80003920	03c25463	bge	x4,x28,80003948	  x4:0x023901f0 x28:0x7be0e8ea
       99199000	      4858	80003924	0656	c.slli	x12,0x15	 x12:0xfffff49e x12=0x93c00000
      100099000	      4903	80003926	03aaf3b3	remu	x7,x21,x26	 x21:0x00000000 x26:0x94eacb40  x7=0x00000000
      100119000	      4904	8000392a	03970b63	beq	x14,x25,80003960	 x14:0xfff7f7a4 x25:0x00006bcb
      100139000	      4905	8000392e	8d21	c.xor	x10,x8	 x10:0xfffec49f  x8:0x00000000 x10=0xfffec49f
      100159000	      4906	80003930	02e30eb3	mul	x29,x6,x14	  x6:0x00000005 x14:0xfff7f7a4 x29=0xffd7d634
      100179000	      4907	80003934	0b86	c.slli	x23,0x1	 x23:0x4710f0b3 x23=0x8e21e166
      100199000	      4908	80003936	034c1363	bne	x24,x20,8000395c	 x24:0x61b66750 x20:0x80027cf4
      100739000	      4935	8000395c	03287e63	bgeu	x16,x18,80003998	 x16:0x0001e000 x18:0x00000000
      101139000	      4955	80003998	0278f563	bgeu	x17,x7,800039c2	 x17:0x80027c90  x7:0x00000000
      101999000	      4998	800039c2	00f51cb3	sll	x25,x10,x15	 x10:0xfffec49f x15:0x80035e64 x25=0xffec49f0
      102019000	      4999	800039c6	0001	c.addi	x0,0	  x0:0x00000000  x0=0x00000000
      102179000	      5007	800039c8	9ca2	c.add	x25,x8	 x25:0xffec49f0  x8:0x00000000 x25=0xffec49f0
      102219000	      5009	800039ca	035746b3	div	x13,x14,x21	 x14:0xfff7f7a4 x21:0x00000000 x13=0xffffffff
      103119000	      5054	800039ce	033363b3	rem	x7,x6,x19	  x6:0x00000005 x19:0xb31fb1bd  x7=0x00000005
      103859000	      5091	800039d2	0294c2b3	div	x5,x9,x9	  x9:0x80021e64  x9:0x80021e64  x5=0x00000001
      103899000	      5093	800039d6	03a19633	mulh	x12,x3,x26	  x3:0xf777f63d x26:0x94eacb40 x12=0x039190ff
      103919000	      5094	800039da	02ba7a63	bgeu	x20,x11,80003a0e	 x20:0x80027cf4 x11:0x894eacb4
      103939000	      5095	800039de	04486063	bltu	x16,x4,80003a1e	 x16:0x0001e000  x4:0x023901f0
      107819000	      5289	80003a1e	03d068b3	rem	x17,x0,x29	  x0:0x00000000 x29:0xffd7d634 x17=0x00000000
      107859000	      5291	80003a22	037b98b3	mulh	x17,x23,x23	 x23:0x8e21e166 x23:0x8e21e166 x17=0x32a5d7bd
      107879000	      5292	80003a26	0066e0b3	or	x1,x13,x6	 x13:0xffffffff  x6:0x00000005  x1=0xffffffff
      107899000	      5293	80003a2a	9a7d	c.andi	x12,-1	 x12:0x039190ff x12=0x039190ff
      107919000	      5294	80003a2c	40a5	c.li	x1,9	  x1=0x00000009
      107939000	      5295	80003a2e	0b80	c.addi4spn	x8,x2,464	  x8=0x1fb1bed0
      107959000	      5296	80003a30	8c09	c.sub	x8,x10	  x8:0x1fb1bed0 x10:0xfffec49f  x8=0x1fb2fa31
      107979000	      5297	80003a32	02f1fa63	bgeu	x3,x15,80003a66	  x3:0xf777f63d x15:0x80035e64
      109859000	      5391	80003a66	012ad093	srli	x1,x21,0x12	 x21:0x00000000  x1=0x00000000
      109879000	      5392	80003a6a	0001	c.addi	x0,0	  x0:0x00000000  x0=0x00000000
      110119000	      5404	80003a6c	8e29	c.xor	x12,x10	 x12:0x039190ff x10:0xfffec49f x12=0xfc6f5460
      110219000	      5409	80003a6e	0ff0000f	fence	iorw,iorw	
      110239000	      5410	80003a72	00ef76b3	and	x13,x30,x14	 x30:0x80025ce4 x14:0xfff7f7a4 x13=0x800254a4
      110259000	      5411	80003a76	8a61	c.andi	x12,24	 x12:0xfc6f5460 x12=0x00000000
      110659000	      5431	80003a78	03cad363	bge	x21,x28,80003a9e	 x21:0x00000000 x28:0x7be0e8ea
      110679000	      5432	80003a7c	0036d113	srli	x2,x13,0x3	 x13:0x800254a4  x2=0x10004a94
      110699000	      5433	80003a80	9425a393	slti	x7,x11,-1726	 x11:0x894eacb4  x7=0x00000001
      110719000	      5434	80003a84	8c3d	c.xor	x8,x15	  x8:0x1fb2fa31 x15:0x80035e64  x8=0x9fb1a455
      110739000	      5435	80003a86	ef01	c.bnez	x14,80003a9e	 x14:0xfff7f7a4
      111259000	      5461	80003a9e	413c8233	sub	x4,x25,x19	 x25:0xffec49f0 x19:0xb31fb1bd  x4=0x4ccc9833
      111399000	      5468	80003aa2	0000100f	fence.i	
      112179000	      5507	80003aa6	01e25263	bge	x4,x30,80003aaa	  x4:0x4ccc9833 x30:0x80025ce4
      113359000	      5566	80003aaa	02d05a33	divu	x20,x0,x13	  x0:0x00000000 x13:0x800254a4 x20=0x00000000
      113379000	      5567	80003aae	7a1e0813	addi	x16,x28,1953	 x28:0x7be0e8ea x16=0x7be0f08b
      113399000	      5568	80003ab2	09ee	c.slli	x19,0x1b	 x19:0xb31fb1bd x19=0xe8000000
      114139000	      5605	80003ab4	025ff0b3	remu	x1,x31,x5	 x31:0xfdc6f94e  x5:0x00000001  x1=0x00000000
      114159000	      5606	80003ab8	8799	c.srai	x15,0x6	 x15:0x80035e64 x15=0xfe000d79
      114179000	      5607	80003aba	ef8d	c.bnez	x15,80003af4	 x15:0xfe000d79
      114859000	      5641	80003af4	03161e63	bne	x12,x17,80003b30	 x12:0x00000000 x17:0x32a5d7bd
      115879000	      5692	80003b30	02f61ab3	mulh	x21,x12,x15	 x12:0x00000000 x15:0xfe000d79 x21=0x00000000
      115959000	      5696	80003b34	850f1297	auipc	x5,0x850f1	  x5=0x050f4b34
      117099000	      5753	80003b38	02b260b3	rem	x1,x4,x11	  x4:0x4ccc9833 x11:0x894eacb4  x1=0x4ccc9833
      117119000	      5754	80003b3c	40705193	srai	x3,x0,0x7	  x0:0x00000000  x3=0x00000000
      117139000	      5755	80003b40	00f4c0b3	xor	x1,x9,x15	  x9:0x80021e64 x15:0xfe000d79  x1=0x7e02131d
      117179000	      5757	80003b44	037a9d33	mulh	x26,x21,x23	 x21:0x00000000 x23:0x8e21e166 x26=0x00000000
      117919000	      5794	80003b48	021c5eb3	divu	x29,x24,x1	 x24:0x61b66750  x1:0x7e02131d x29=0x00000000
      117939000	      5795	80003b4c	01191433	sll	x8,x18,x17	 x18:0x00000000 x17:0x32a5d7bd  x8=0x00000000
      118679000	      5832	80003b50	03797e33	remu	x28,x18,x23	 x18:0x00000000 x23:0x8e21e166 x28=0x00000000
      118699000	      5833	80003b54	4d35	c.li	x26,13	 x26=0x0000000d
      118719000	      5834	80003b56	000ca833	slt	x16,x25,x0	 x25:0xffec49f0  x0:0x00000000 x16=0x00000001
      118739000	      5835	80003b5a	8fe2	c.mv	x31,x24	  x0:0x00000000 x24:0x61b66750 x31=0x61b66750
      118779000	      5837	80003b5c	037c2733	mulhsu	x14,x24,x23	 x24:0x61b66750 x23:0x8e21e166 x14=0x36401bd9
      118799000	      5838	80003b60	8d0a	c.mv	x26,x2	  x0:0x00000000  x2:0x10004a94 x26=0x10004a94
      118819000	      5839	80003b62	9bfd	c.andi	x15,-1	 x15:0xfe000d79 x15=0xfe000d79
      118839000	      5840	80003b64	e399	c.bnez	x15,80003b6a	 x15:0xfe000d79
      119419000	      5869	80003b6a	03977163	bgeu	x14,x25,80003b8c	 x14:0x36401bd9 x25:0xffec49f0
      119439000	      5870	80003b6e	0001	c.addi	x0,0	  x0:0x00000000  x0=0x00000000
      119839000	      5890	80003b70	017f4233	xor	x4,x30,x23	 x30:0x80025ce4 x23:0x8e21e166  x4=0x0e23bd82
      119859000	      5891	80003b74	0094b433	sltu	x8,x9,x9	  x9:0x80021e64  x9:0x80021e64  x8=0x00000000
      120019000	      5899	80003b78	0000100f	fence.i	
      120499000	      5923	80003b7c	0354b733	mulhu	x14,x9,x21	  x9:0x80021e64 x21:0x00000000 x14=0x00000000
      120519000	      5924	80003b80	57dcab93	slti	x23,x25,1405	 x25:0xffec49f0 x23=0x00000001
      120579000	      5927	80003b84	717d	c.addi16sp	x2,-16	  x2:0x10004a94  x2=0x10004a84
      120599000	      5928	80003b86	8ebd	c.xor	x13,x15	 x13:0x800254a4 x15:0xfe000d79 x13=0x7e0259dd
      120699000	      5933	80003b88	004c22b3	slt	x5,x24,x4	 x24:0x61b66750  x4:0x0e23bd82  x5=0x00000000
      120899000	      5943	80003b8c	d564fe13	andi	x28,x9,-682	  x9:0x80021e64 x28=0x80021c44
      120919000	      5944	80003b90	046a	c.slli	x8,0x1a	  x8:0x00000000  x8=0x00000000
      120939000	      5945	80003b92	877d	c.srai	x14,0x1f	 x14:0x00000000 x14=0x00000000
      120959000	      5946	80003b94	03b60a63	beq	x12,x27,80003bc8	 x12:0x00000000 x27:0xe04e499f
      121099000	      5953	80003b98	017fd463	bge	x31,x23,80003ba0	 x31:0x61b66750 x23:0x00000001
      122239000	      6010	80003ba0	ec09	c.bnez	x8,80003bba	  x8:0x00000000
      122379000	      6017	80003ba2	03615263	bge	x2,x22,80003bc6	  x2:0x10004a84 x22:0x023901f0
      123079000	      6052	80003bc6	6c15	c.lui	x24,0x5	 x24=0x00005000
      123119000	      6054	80003bc8	016a4963	blt	x20,x22,80003bda	 x20:0x00000000 x22:0x023901f0
      123919000	      6094	80003bda	4cdd3b13	sltiu	x22,x26,1229	 x26:0x10004a94 x22=0x00000000
      124059000	      6101	80003bde	00b7dc63	bge	x15,x11,80003bf6	 x15:0xfe000d79 x11:0x894eacb4
      124799000	      6138	80003bf6	002f1213	slli	x4,x30,0x2	 x30:0x80025ce4  x4=0x00097390
      124819000	      6139	80003bfa	aefe3e97	auipc	x29,0xaefe3	 x29=0x2efe6bfa
      124839000	      6140	80003bfe	0951	c.addi	x18,20	 x18:0x00000000 x18=0x00000014
      124999000	      6148	80003c00	00a82133	slt	x2,x16,x10	 x16:0x00000001 x10:0xfffec49f  x2=0x00000000
      125019000	      6149	80003c04	86e5	c.srai	x13,0x19	 x13:0x7e0259dd x13=0x0000003f
      125099000	      6153	80003c06	023bb133	mulhu	x2,x23,x3	 x23:0x00000001  x3:0x00000000  x2=0x00000000
      125459000	      6171	80003c0a	d83dcd97	auipc	x27,0xd83dc	 x27=0x583dfc0a
      125479000	      6172	80003c0e	8fc5	c.or	x15,x9	 x15:0xfe000d79  x9:0x80021e64 x15=0xfe021f7d
      125499000	      6173	80003c10	01f35413	srli	x8,x6,0x1f	  x6:0x00000005  x8=0x00000000
      125539000	      6175	80003c14	02e11eb3	mulh	x29,x2,x14	  x2:0x00000000 x14:0x00000000 x29=0x00000000
      125919000	      6194	80003c18	06ee2713	slti	x14,x28,110	 x28:0x80021c44 x14=0x00000001
      126099000	      6203	80003c1c	40400b33	sub	x22,x0,x4	  x0:0x00000000  x4:0x00097390 x22=0xfff68c70
      126119000	      6204	80003c20	8d2d	c.xor	x10,x11	 x10:0xfffec49f x11:0x894eacb4 x10=0x76b0682b
      126139000	      6205	80003c22	04fa0063	beq	x20,x15,80003c62	 x20:0x00000000 x15:0xfe021f7d
      126159000	      6206	80003c26	41260e33	sub	x28,x12,x18	 x12:0x00000000 x18:0x00000014 x28=0xffffffec
      126179000	      6207	80003c2a	cf99	c.beqz	x15,80003c48	 x15:0xfe021f7d
      126579000	      6227	80003c2c	1ffd	c.addi	x31,-1	 x31:0x61b66750 x31=0x61b6674f
      126639000	      6230	80003c2e	01627f63	bgeu	x4,x22,80003c4c	  x4:0x00097390 x22:0xfff68c70
      126659000	      6231	80003c32	616d	c.addi16sp	x2,240	  x2:0x00000000  x2=0x000000f0
      126679000	      6232	80003c34	49c6c013	xori	x0,x13,1180	 x13:0x0000003f  x0=0x00000000
      126699000	      6233	80003c38	e519	c.bnez	x10,80003c46	 x10:0x76b0682b
      126759000	      6236	80003c46	8c21	c.xor	x8,x8	  x8:0x00000000  x8:0x00000000  x8=0x00000000
      126959000	      6246	80003c48	01e60133	add	x2,x12,x30	 x12:0x00000000 x30:0x80025ce4  x2=0x80025ce4
      127379000	      6267	80003c4c	034c02b3	mul	x5,x24,x20	 x24:0x00005000 x20:0x00000000  x5=0x00000000
      127399000	      6268	80003c50	41f78833	sub	x16,x15,x31	 x15:0xfe021f7d x31:0x61b6674f x16=0x9c4bb82e
      127719000	      6284	80003c54	6339	c.lui	x6,0xe	  x6=0x0000e000
      128019000	      6299	80003c56	3fa54797	auipc	x15,0x3fa54	 x15=0xbfa57c56
      128219000	      6309	80003c5a	00457c33	and	x24,x10,x4	 x10:0x76b0682b  x4:0x00097390 x24=0x00006000
      128239000	      6310	80003c5e	01e139b3	sltu	x19,x2,x30	  x2:0x80025ce4 x30:0x80025ce4 x19=0x00000000
      128259000	      6311	80003c62	717d	c.addi16sp	x2,-16	  x2:0x80025ce4  x2=0x80025cd4
      128339000	      6315	80003c64	006b66b3	or	x13,x22,x6	 x22:0xfff68c70  x6:0x0000e000 x13=0xfff6ec70
      128359000	      6316	80003c68	03c9	c.addi	x7,18	  x7:0x00000001  x7=0x00000013
      128379000	      6317	80003c6a	d9664993	xori	x19,x12,-618	 x12:0x00000000 x19=0xfffffd96
      128399000	      6318	80003c6e	038607b3	mul	x15,x12,x24	 x12:0x00000000 x24:0x00006000 x15=0x00000000
      128419000	      6319	80003c72	92c2	c.add	x5,x16	  x5:0x00000000 x16:0x9c4bb82e  x5=0x9c4bb82e
      128759000	      6336	80003c74	02ba6463	bltu	x20,x11,80003c9c	 x20:0x00000000 x11:0x894eacb4
      130279000	      6412	80003c9c	0369ccb3	div	x25,x19,x22	 x19:0xfffffd96 x22:0xfff68c70 x25=0x00000000
      130299000	      6413	80003ca0	03935e63	bge	x6,x25,80003cdc	  x6:0x0000e000 x25:0x00000000
      130659000	      6431	80003cdc	0a22	c.slli	x20,0x8	 x20:0x00000000 x20=0x00000000
      130719000	      6434	80003cde	038e7363	bgeu	x28,x24,80003d04	 x28:0xffffffec x24:0x00006000
      131119000	      6454	80003d04	026ebfb3	mulhu	x31,x29,x6	 x29:0x00000000  x6:0x0000e000 x31=0x00000000
      131199000	      6458	80003d08	c385	c.beqz	x15,80003d28	 x15:0x00000000
      132119000	      6504	80003d28	010150b3	srl	x1,x2,x16	  x2:0x80025cd4 x16:0x9c4bb82e  x1=0x00020009
      132219000	      6509	80003d2c	1d2d7813	andi	x16,x26,466	 x26:0x10004a94 x16=0x00000090
      132239000	      6510	80003d30	013c0663	beq	x24,x19,80003d3c	 x24:0x00006000 x19:0xfffffd96
      132339000	      6515	80003d34	8c6d	c.and	x8,x11	  x8:0x00000000 x11:0x894eacb4  x8=0x00000000
      132359000	      6516	80003d36	8f0d	c.sub	x14,x11	 x14:0x00000001 x11:0x894eacb4 x14=0x76b1534d
      132459000	      6521	80003d38	41710e33	sub	x28,x2,x23	  x2:0x80025cd4 x23:0x00000001 x28=0x80025cd3
      132619000	      6529	80003d3c	021c3eb3	mulhu	x29,x24,x1	 x24:0x00006000  x1:0x00020009 x29=0x00000000
      132639000	      6530	80003d40	e1e6c213	xori	x4,x13,-482	 x13:0xfff6ec70  x4=0x0009126e
      132659000	      6531	80003d44	008e8863	beq	x29,x8,80003d54	 x29:0x00000000  x8:0x00000000
      132799000	      6538	80003d54	03601563	bne	x0,x22,80003d7e	  x0:0x00000000 x22:0xfff68c70
      133319000	      6564	80003d7e	01e99793	slli	x15,x19,0x1e	 x19:0xfffffd96 x15=0x80000000
      133439000	      6570	80003d82	e0c6f517	auipc	x10,0xe0c6f	 x10=0x60c72d82
      133559000	      6576	80003d86	02374863	blt	x14,x3,80003db6	 x14:0x76b1534d  x3:0x00000000
      133579000	      6577	80003d8a	6789	c.lui	x15,0x2	 x15=0x00002000
      133779000	      6587	80003d8c	8841	c.andi	x8,16	  x8:0x00000000  x8=0x00000000
      133799000	      6588	80003d8e	41355313	srai	x6,x10,0x13	 x10:0x60c72d82  x6=0x00000c18
      133819000	      6589	80003d92	87c1	c.srai	x15,0x10	 x15:0x00002000 x15=0x00000000
      133879000	      6592	80003d94	011ac633	xor	x12,x21,x17	 x21:0x00000000 x17:0x32a5d7bd x12=0x32a5d7bd
      133899000	      6593	80003d98	0ff0000f	fence	iorw,iorw	
      134739000	      6635	80003d9c	03a0dbb3	divu	x23,x1,x26	  x1:0x00020009 x26:0x10004a94 x23=0x00000000
      134759000	      6636	80003da0	3bf60a13	addi	x20,x12,959	 x12:0x32a5d7bd x20=0x32a5db7c
      134779000	      6637	80003da4	637d	c.lui	x6,0x1f	  x6=0x0001f000
      134799000	      6638	80003da6	0001	c.addi	x0,0	  x0:0x00000000  x0=0x00000000
      134819000	      6639	80003da8	ca0d	c.beqz	x12,80003dda	 x12:0x32a5d7bd
      134839000	      6640	80003daa	002cf263	bgeu	x25,x2,80003dae	 x25:0x00000000  x2:0x80025cd4
      134879000	      6642	80003dae	03a73e33	mulhu	x28,x14,x26	 x14:0x76b1534d x26:0x10004a94 x28=0x076b37c8
      134899000	      6643	80003db2	01f1da93	srli	x21,x3,0x1f	  x3:0x00000000 x21=0x00000000
      134939000	      6645	80003db6	00018563	beq	x3,x0,80003dc0	  x3:0x00000000  x0:0x00000000
      136119000	      6704	80003dc0	c1d9b913	sltiu	x18,x19,-995	 x19:0xfffffd96 x18=0x00000000
      136139000	      6705	80003dc4	717d	c.addi16sp	x2,-16	  x2:0x80025cd4  x2=0x80025cc4
      136299000	      6713	80003dc6	022a8533	mul	x10,x21,x2	 x21:0x00000000  x2:0x80025cc4 x10=0x00000000
      136319000	      6714	80003dca	117d	c.addi	x2,-1	  x2:0x80025cc4  x2=0x80025cc3
      136719000	      6734	80003dcc	61b5	c.lui	x3,0xd	  x3=0x0000d000
      136799000	      6738	80003dce	a4c88c93	addi	x25,x17,-1460	 x17:0x32a5d7bd x25=0x32a5d209
      136839000	      6740	80003dd2	037d50b3	divu	x1,x26,x23	 x26:0x10004a94 x23:0x00000000  x1=0xffffffff
      137239000	      6760	80003dd6	03d36963	bltu	x6,x29,80003e08	  x6:0x0001f000 x29:0x00000000
      137259000	      6761	80003dda	01eed513	srli	x10,x29,0x1e	 x29:0x00000000 x10=0x00000000
      137279000	      6762	80003dde	8f4d	c.or	x14,x11	 x14:0x76b1534d x11:0x894eacb4 x14=0xfffffffd
      137559000	      6776	80003de0	0248d063	bge	x17,x4,80003e00	 x17:0x32a5d7bd  x4:0x0009126e
      138079000	      6802	80003e00	01963433	sltu	x8,x12,x25	 x12:0x32a5d7bd x25:0x32a5d209  x8=0x00000000
      138119000	      6804	80003e04	0290ab33	mulhsu	x22,x1,x9	  x1:0xffffffff  x9:0x80021e64 x22=0xffffffff
      138319000	      6814	80003e08	04bf8363	beq	x31,x11,80003e4e	 x31:0x00000000 x11:0x894eacb4
      138479000	      6822	80003e0c	8f85	c.sub	x15,x9	 x15:0x00000000  x9:0x80021e64 x15=0x7ffde19c
      138739000	      6835	80003e0e	039c2db3	mulhsu	x27,x24,x25	 x24:0x00006000 x25:0x32a5d209 x27=0x000012fe
      138759000	      6836	80003e12	01537db3	and	x27,x6,x21	  x6:0x0001f000 x21:0x00000000 x27=0x00000000
      138779000	      6837	80003e16	8d21	c.xor	x10,x8	 x10:0x00000000  x8:0x00000000 x10=0x00000000
      138899000	      6843	80003e18	031e4e63	blt	x28,x17,80003e54	 x28:0x076b37c8 x17:0x32a5d7bd
      139559000	      6876	80003e54	00c58e63	beq	x11,x12,80003e70	 x11:0x894eacb4 x12:0x32a5d7bd
      139739000	      6885	80003e58	0001	c.addi	x0,0	  x0:0x00000000  x0=0x00000000
      139759000	      6886	80003e5a	8c19	c.sub	x8,x14	  x8:0x00000000 x14:0xfffffffd  x8=0x00000003
      140499000	      6923	80003e5c	03874233	div	x4,x14,x24	 x14:0xfffffffd x24:0x00006000  x4=0x00000000
      141239000	      6960	80003e60	027ef6b3	remu	x13,x29,x7	 x29:0x00000000  x7:0x00000013 x13=0x00000000
      141259000	      6961	80003e64	01621863	bne	x4,x22,80003e74	  x4:0x00000000 x22:0xffffffff
      141299000	      6963	80003e74	003ce663	bltu	x25,x3,80003e80	 x25:0x32a5d209  x3:0x0000d000
      141519000	      6974	80003e78	24cf6213	ori	x4,x30,588	 x30:0x80025ce4  x4=0x80025eec
      142299000	      7013	80003e7c	03a6e933	rem	x18,x13,x26	 x13:0x00000000 x26:0x10004a94 x18=0x00000000
      143039000	      7050	80003e80	0298cd33	div	x26,x17,x9	 x17:0x32a5d7bd  x9:0x80021e64 x26=0x00000000
      143059000	      7051	80003e84	ca81	c.beqz	x13,80003e94	 x13:0x00000000
      143119000	      7054	80003e94	023a90b3	mulh	x1,x21,x3	 x21:0x00000000  x3:0x0000d000  x1=0x00000000
      143159000	      7056	80003e98	0ff0000f	fence	iorw,iorw	
      143179000	      7057	80003e9c	00be5933	srl	x18,x28,x11	 x28:0x076b37c8 x11:0x894eacb4 x18=0x00000076
      143199000	      7058	80003ea0	4785	c.li	x15,1	 x15=0x00000001
      143219000	      7059	80003ea2	4107da13	srai	x20,x15,0x10	 x15:0x00000001 x20=0x00000000
      143239000	      7060	80003ea6	411783b3	sub	x7,x15,x17	 x15:0x00000001 x17:0x32a5d7bd  x7=0xcd5a2844
      143259000	      7061	80003eaa	41c1	c.li	x3,16	  x3=0x00000010
      143279000	      7062	80003eac	8841	c.andi	x8,16	  x8:0x00000003  x8=0x00000000
      143299000	      7063	80003eae	6131	c.addi16sp	x2,320	  x2:0x80025cc3  x2=0x80025e03
      143679000	      7082	80003eb0	86b5	c.srai	x13,0xd	 x13:0x00000000 x13=0x00000000
      143699000	      7083	80003eb2	02288e33	mul	x28,x17,x2	 x17:0x32a5d7bd  x2:0x80025e03 x28=0xaca2ed37
      143719000	      7084	80003eb6	ae6a0a93	addi	x21,x20,-1306	 x20:0x00000000 x21=0xfffffae6
      144099000	      7103	80003eba	005d2cb3	slt	x25,x26,x5	 x26:0x00000000  x5:0x9c4bb82e x25=0x00000000
      144119000	      7104	80003ebe	717d	c.addi16sp	x2,-16	  x2:0x80025e03  x2=0x80025df3
      144159000	      7106	80003ec0	4043de93	srai	x29,x7,0x4	  x7:0xcd5a2844 x29=0xfcd5a284
      144239000	      7110	80003ec4	00686b33	or	x22,x16,x6	 x16:0x00000090  x6:0x0001f000 x22=0x0001f090
      144679000	      7132	80003ec8	025bbcb3	mulhu	x25,x23,x5	 x23:0x00000000  x5:0x9c4bb82e x25=0x00000000
      144899000	      7143	80003ecc	821a	c.mv	x4,x6	  x0:0x00000000  x6:0x0001f000  x4=0x0001f000
      144959000	      7146	80003ece	00642433	slt	x8,x8,x6	  x8:0x00000000  x6:0x0001f000  x8=0x00000001
      145019000	      7149	80003ed2	6e9b3e93	sltiu	x29,x22,1769	 x22:0x0001f090 x29=0x00000000
      148059000	      7301	80003ed6	01595413	srli	x8,x18,0x15	 x18:0x00000076  x8=0x00000000
      148079000	      7302	80003eda	05f0c063	blt	x1,x31,80003f1a	  x1:0x00000000 x31:0x00000000
      148119000	      7304	80003ede	03d1a133	mulhsu	x2,x3,x29	  x3:0x00000010 x29:0x00000000  x2=0x00000000
      148139000	      7305	80003ee2	8ecd	c.or	x13,x11	 x13:0x00000000 x11:0x894eacb4 x13=0x894eacb4
      148159000	      7306	80003ee4	40add7b3	sra	x15,x27,x10	 x27:0x00000000 x10:0x00000000 x15=0x00000000
      148179000	      7307	80003ee8	0db9ae97	auipc	x29,0xdb9a	 x29=0x8db9dee8
      148199000	      7308	80003eec	00306263	bltu	x0,x3,80003ef0	  x0:0x00000000  x3:0x00000010
      149819000	      7389	80003ef0	a20c4193	xori	x3,x24,-1504	 x24:0x00006000  x3=0xffff9a20
      149999000	      7398	80003ef4	018b3433	sltu	x8,x22,x24	 x22:0x0001f090 x24:0x00006000  x8=0x00000000
      150019000	      7399	80003ef8	8c35	c.xor	x8,x13	  x8:0x00000000 x13:0x894eacb4  x8=0x894eacb4
      150439000	      7420	80003efa	009279b3	and	x19,x4,x9	  x4:0x0001f000  x9:0x80021e64 x19=0x00001000
      150459000	      7421	80003efe	3f144993	xori	x19,x8,1009	  x8:0x894eacb4 x19=0x894eaf45
      150859000	      7441	80003f02	03c02633	mulhsu	x12,x0,x28	  x0:0x00000000 x28:0xaca2ed37 x12=0x00000000
      150879000	      7442	80003f06	6141	c.addi16sp	x2,16	  x2:0x00000000  x2=0x00000010
      151099000	      7453	80003f08	987d	c.andi	x8,-1	  x8:0x894eacb4  x8=0x894eacb4
      151119000	      7454	80003f0a	0105ffb3	and	x31,x11,x16	 x11:0x894eacb4 x16:0x00000090 x31=0x00000090
      151139000	      7455	80003f0e	28147013	andi	x0,x8,641	  x8:0x894eacb4  x0=0x00000000
      151159000	      7456	80003f12	6165	c.addi16sp	x2,112	  x2:0x00000010  x2=0x00000080
      151219000	      7459	80003f14	4076d6b3	sra	x13,x13,x7	 x13:0x894eacb4  x7:0xcd5a2844 x13=0xf894eacb
      151419000	      7469	80003f18	4cf5	c.li	x25,29	 x25=0x0000001d
      151599000	      7478	80003f1a	02229a63	bne	x5,x2,80003f4e	  x5:0x9c4bb82e  x2:0x00000080
      151759000	      7486	80003f4e	0001	c.addi	x0,0	  x0:0x00000000  x0=0x00000000
      152259000	      7511	80003f50	018f5db3	srl	x27,x30,x24	 x30:0x80025ce4 x24:0x00006000 x27=0x80025ce4
      152279000	      7512	80003f54	0ff0000f	fence	iorw,iorw	
      152399000	      7518	80003f58	1d18	c.addi4spn	x14,x2,688	 x14=0x00000330
      152679000	      7532	80003f5a	00890ab3	add	x21,x18,x8	 x18:0x00000076  x8:0x894eacb4 x21=0x894ead2a
      152699000	      7533	80003f5e	191c	c.addi4spn	x15,x2,176	 x15=0x00000130
      152879000	      7542	80003f60	02290133	mul	x2,x18,x2	 x18:0x00000076  x2:0x00000080  x2=0x00003b00
      152999000	      7548	80003f64	4fff3a13	sltiu	x20,x30,1279	 x30:0x80025ce4 x20=0x00000000
      153139000	      7555	80003f68	012a8c33	add	x24,x21,x18	 x21:0x894ead2a x18:0x00000076 x24=0x894eada0
      153159000	      7556	80003f6c	0d98	c.addi4spn	x14,x2,720	 x14=0x00003dd0
      153199000	      7558	80003f6e	02025bb3	divu	x23,x4,x0	  x4:0x0001f000  x0:0x00000000 x23=0xffffffff
      153239000	      7560	80003f72	03142433	mulhsu	x8,x8,x17	  x8:0x894eacb4 x17:0x32a5d7bd  x8=0xe8847969
      153259000	      7561	80003f76	8c21	c.xor	x8,x8	  x8:0xe8847969  x8:0xe8847969  x8=0x00000000
      153359000	      7566	80003f78	e8871b17	auipc	x22,0xe8871	 x22=0x68874f78
      153379000	      7567	80003f7c	00ba4433	xor	x8,x20,x11	 x20:0x00000000 x11:0x894eacb4  x8=0x894eacb4
      153399000	      7568	80003f80	0e98	c.addi4spn	x14,x2,848	 x14=0x00003e50
      153539000	      7575	80003f82	0182e3b3	or	x7,x5,x24	  x5:0x9c4bb82e x24:0x894eada0  x7=0x9d4fbdae
      153559000	      7576	80003f86	51fd	c.li	x3,-1	  x3=0xffffffff
      153779000	      7587	80003f88	03ab4163	blt	x22,x26,80003faa	 x22:0x68874f78 x26:0x00000000
      153799000	      7588	80003f8c	0000100f	fence.i	
      154679000	      7632	80003f90	6cf1	c.lui	x25,0x1c	 x25=0x0001c000
      154699000	      7633	80003f92	0001	c.addi	x0,0	  x0:0x00000000  x0=0x00000000
      154719000	      7634	80003f94	4039d993	srai	x19,x19,0x3	 x19:0x894eaf45 x19=0xf129d5e8
      154739000	      7635	80003f98	ea99	c.bnez	x13,80003fae	 x13:0xf894eacb
      155839000	      7690	80003fae	00ff7e63	bgeu	x30,x15,80003fca	 x30:0x80025ce4 x15:0x00000130
      156399000	      7718	80003fca	0ff0000f	fence	iorw,iorw	
      156419000	      7719	80003fce	871a	c.mv	x14,x6	  x0:0x00000000  x6:0x0001f000 x14=0x0001f000
      156819000	      7739	80003fd0	03e4f263	bgeu	x9,x30,80003ff4	  x9:0x80021e64 x30:0x80025ce4
      157019000	      7749	80003fd4	d2747c93	andi	x25,x8,-729	  x8:0x894eacb4 x25=0x894eac24
      157039000	      7750	80003fd8	03711463	bne	x2,x23,80004000	  x2:0x00003b00 x23:0xffffffff
      157859000	      7791	80004000	00e15413	srli	x8,x2,0xe	  x2:0x00003b00  x8=0x00000000
      157959000	      7796	80004004	01653d33	sltu	x26,x10,x22	 x10:0x00000000 x22:0x68874f78 x26=0x00000001
      157979000	      7797	80004008	a3360b37	lui	x22,0xa3360	 x22=0xa3360000
      158319000	      7814	8000400c	0000100f	fence.i	
      159079000	      7852	80004010	c031	c.beqz	x8,80004054	  x8:0x00000000
      159719000	      7884	80004054	0000100f	fence.i	
      159899000	      7893	80004058	0001	c.addi	x0,0	  x0:0x00000000  x0=0x00000000
      159919000	      7894	8000405a	41248fb3	sub	x31,x9,x18	  x9:0x80021e64 x18:0x00000076 x31=0x80021dee
      160039000	      7900	8000405e	0302e263	bltu	x5,x16,80004082	  x5:0x9c4bb82e x16:0x00000090
      160059000	      7901	80004062	2b825317	auipc	x6,0x2b825	  x6=0xab829062
      160079000	      7902	80004066	86e9	c.srai	x13,0x1a	 x13:0xf894eacb x13=0xfffffffe
      160119000	      7904	80004068	0490	c.addi4spn	x12,x2,576	 x12=0x00003d40
      160539000	      7925	8000406a	b9224293	xori	x5,x4,-1134	  x4:0x0001f000  x5=0xfffe0b92
      160559000	      7926	8000406e	0594	c.addi4spn	x13,x2,704	 x13=0x00003dc0
      160679000	      7932	80004070	03300533	mul	x10,x0,x19	  x0:0x00000000 x19:0xf129d5e8 x10=0x00000000
      161079000	      7952	80004074	8d65	c.and	x10,x9	 x10:0x00000000  x9:0x80021e64 x10=0x00000000
      161499000	      7973	80004076	01808463	beq	x1,x24,8000407e	  x1:0x00000000 x24:0x894eada0
      161519000	      7974	8000407a	1f94	c.addi4spn	x13,x2,1008	 x13=0x00003ef0
      161619000	      7979	8000407c	826d	c.srli	x12,0x1b	 x12:0x00003d40 x12=0x00000000
      161639000	      7980	8000407e	11f4fb13	andi	x22,x9,287	  x9:0x80021e64 x22=0x00000004
      162559000	      8026	80004082	02784a33	div	x20,x16,x7	 x16:0x00000090  x7:0x9d4fbdae x20=0x00000000
      162579000	      8027	80004086	50fd	c.li	x1,-1	  x1=0xffffffff
      162599000	      8028	80004088	4e08bb13	sltiu	x22,x17,1248	 x17:0x32a5d7bd x22=0x00000000
      162619000	      8029	8000408c	41eb0533	sub	x10,x22,x30	 x22:0x00000000 x30:0x80025ce4 x10=0x7ffda31c
      162639000	      8030	80004090	03a25563	bge	x4,x26,800040ba	  x4:0x0001f000 x26:0x00000001
      162719000	      8034	800040ba	0001	c.addi	x0,0	  x0:0x00000000  x0=0x00000000
      163139000	      8055	800040bc	86b9	c.srai	x13,0xe	 x13:0x00003ef0 x13=0x00000000
      163159000	      8056	800040be	01bc6733	or	x14,x24,x27	 x24:0x894eada0 x27:0x80025ce4 x14=0x894efde4
      163179000	      8057	800040c2	6d8e2393	slti	x7,x28,1752	 x28:0xaca2ed37  x7=0x00000001
      163359000	      8066	800040c6	00904f63	blt	x0,x9,800040e4	  x0:0x00000000  x9:0x80021e64
      163379000	      8067	800040ca	8fa1	c.xor	x15,x8	 x15:0x00000130  x8:0x00000000 x15=0x00000130
      163419000	      8069	800040cc	034621b3	mulhsu	x3,x12,x20	 x12:0x00000000 x20:0x00000000  x3=0x00000000
      163459000	      8071	800040d0	035831b3	mulhu	x3,x16,x21	 x16:0x00000090 x21:0x894ead2a  x3=0x0000004d
      163819000	      8089	800040d4	02778ab3	mul	x21,x15,x7	 x15:0x00000130  x7:0x00000001 x21=0x00000130
      164239000	      8110	800040d8	73760e13	addi	x28,x12,1847	 x12:0x00000000 x28=0x00000737
      164259000	      8111	800040dc	587d	c.li	x16,-1	 x16=0xffffffff
      164279000	      8112	800040de	613d	c.addi16sp	x2,480	  x2:0x00003b00  x2=0x00003ce0
      164339000	      8115	800040e0	a83b6993	ori	x19,x22,-1405	 x22:0x00000000 x19=0xfffffa83
      164759000	      8136	800040e4	40a1d893	srai	x17,x3,0xa	  x3:0x0000004d x17=0x00000000
      164839000	      8140	800040e8	000be763	bltu	x23,x0,800040f6	 x23:0xffffffff  x0:0x00000000
      164859000	      8141	800040ec	00ee4663	blt	x28,x14,800040f8	 x28:0x00000737 x14:0x894efde4
      165099000	      8153	800040f0	0c348e93	addi	x29,x9,195	  x9:0x80021e64 x29=0x80021f27
      165299000	      8163	800040f4	6151	c.addi16sp	x2,272	  x2:0x00003ce0  x2=0x00003df0
      165319000	      8164	800040f6	c691	c.beqz	x13,80004102	 x13:0x00000000
      165699000	      8183	80004102	020b5633	divu	x12,x22,x0	 x22:0x00000000  x0:0x00000000 x12=0xffffffff
      165719000	      8184	80004106	8551	c.srai	x10,0x14	 x10:0x7ffda31c x10=0x000007ff
      165759000	      8186	80004108	0eb5b193	sltiu	x3,x11,235	 x11:0x894eacb4  x3=0x00000000
      165979000	      8197	8000410c	010b5093	srli	x1,x22,0x10	 x22:0x00000000  x1=0x00000000
      166039000	      8200	80004110	8c01	c.sub	x8,x8	  x8:0x00000000  x8:0x00000000  x8=0x00000000
      166219000	      8209	80004112	0ff0000f	fence	iorw,iorw	
      166319000	      8214	80004116	03d56b63	bltu	x10,x29,8000414c	 x10:0x000007ff x29:0x80021f27
      167719000	      8284	8000414c	0270d2b3	divu	x5,x1,x7	  x1:0x00000000  x7:0x00000001  x5=0x00000000
      167739000	      8285	80004150	411a5eb3	sra	x29,x20,x17	 x20:0x00000000 x17:0x00000000 x29=0x00000000
      167759000	      8286	80004154	717d	c.addi16sp	x2,-16	  x2:0x00003df0  x2=0x00003de0
      167779000	      8287	80004156	017de933	or	x18,x27,x23	 x27:0x80025ce4 x23:0xffffffff x18=0xffffffff
      167819000	      8289	8000415a	03aa3bb3	mulhu	x23,x20,x26	 x20:0x00000000 x26:0x00000001 x23=0x00000000
      167839000	      8290	8000415e	66b9	c.lui	x13,0xe	 x13=0x0000e000
      168579000	      8327	80004160	03baf733	remu	x14,x21,x27	 x21:0x00000130 x27:0x80025ce4 x14=0x00000130
      168599000	      8328	80004164	0116dd63	bge	x13,x17,8000417e	 x13:0x0000e000 x17:0x00000000
      169459000	      8371	8000417e	0a56	c.slli	x20,0x15	 x20:0x00000000 x20=0x00000000
      170219000	      8409	80004180	02965733	divu	x14,x12,x9	 x12:0xffffffff  x9:0x80021e64 x14=0x00000001
      170239000	      8410	80004184	03780263	beq	x16,x23,800041a8	 x16:0xffffffff x23:0x00000000
      170259000	      8411	80004188	6bf55b17	auipc	x22,0x6bf55	 x22=0xebf59188
      170279000	      8412	8000418c	862a	c.mv	x12,x10	  x0:0x00000000 x10:0x000007ff x12=0x000007ff
      170299000	      8413	8000418e	22dd3293	sltiu	x5,x26,557	 x26:0x00000001  x5=0x00000001
      170319000	      8414	80004192	0001	c.addi	x0,0	  x0:0x00000000  x0=0x00000000
      170339000	      8415	80004194	0ff0000f	fence	iorw,iorw	
      170559000	      8426	80004198	03e1de63	bge	x3,x30,800041d4	  x3:0x00000000 x30:0x80025ce4
      171319000	      8464	800041d4	00196813	ori	x16,x18,1	 x18:0xffffffff x16=0xffffffff
      171359000	      8466	800041d8	8f99	c.sub	x15,x14	 x15:0x00000130 x14:0x00000001 x15=0x0000012f
      171379000	      8467	800041da	01ab6463	bltu	x22,x26,800041e2	 x22:0xebf59188 x26:0x00000001
      171399000	      8468	800041de	01466eb3	or	x29,x12,x20	 x12:0x000007ff x20:0x00000000 x29=0x000007ff
      171479000	      8472	800041e2	02e44563	blt	x8,x14,8000420c	  x8:0x00000000 x14:0x00000001
      171599000	      8478	8000420c	26de3b13	sltiu	x22,x28,621	 x28:0x00000737 x22=0x00000000
      171639000	      8480	80004210	67d5	c.lui	x15,0x15	 x15=0x00015000
      171659000	      8481	80004212	8ed5	c.or	x13,x13	 x13:0x0000e000 x13:0x0000e000 x13=0x0000e000
      171719000	      8484	80004214	92e2	c.add	x5,x24	  x5:0x00000001 x24:0x894eada0  x5=0x894eada1
      171739000	      8485	80004216	eb09	c.bnez	x14,80004228	 x14:0x00000001
      172039000	      8500	80004228	00cae863	bltu	x21,x12,80004238	 x21:0x00000130 x12:0x000007ff
      172659000	      8531	80004238	026ba533	mulhsu	x10,x23,x6	 x23:0x00000000  x6:0xab829062 x10=0x00000000
      172719000	      8534	8000423c	000e6333	or	x6,x28,x0	 x28:0x00000737  x0:0x00000000  x6=0x00000737
      172919000	      8544	80004240	03ef9b63	bne	x31,x30,80004276	 x31:0x80021dee x30:0x80025ce4
      174339000	      8615	80004276	03a5d533	divu	x10,x11,x26	 x11:0x894eacb4 x26:0x00000001 x10=0x894eacb4
      174359000	      8616	8000427a	5dfd	c.li	x27,-1	 x27=0xffffffff
      174379000	      8617	8000427c	00a62733	slt	x14,x12,x10	 x12:0x000007ff x10:0x894eacb4 x14=0x00000000
      174399000	      8618	80004280	4112d393	srai	x7,x5,0x11	  x5:0x894eada1  x7=0xffffc4a7
      174439000	      8620	80004284	021e2a33	mulhsu	x20,x28,x1	 x28:0x00000737  x1:0x00000000 x20=0x00000000
      174459000	      8621	80004288	157d	c.addi	x10,-1	 x10:0x894eacb4 x10=0x894eacb3
      174479000	      8622	8000428a	8d69	c.and	x10,x10	 x10:0x894eacb3 x10:0x894eacb3 x10=0x894eacb3
      174519000	      8624	8000428c	03dd12b3	mulh	x5,x26,x29	 x26:0x00000001 x29:0x000007ff  x5=0x00000000
      174779000	      8637	80004290	0038cdb3	xor	x27,x17,x3	 x17:0x00000000  x3:0x00000000 x27=0x00000000
      175059000	      8651	80004294	008c4ab3	xor	x21,x24,x8	 x24:0x894eada0  x8:0x00000000 x21=0x894eada0
      175079000	      8652	80004298	06fb7213	andi	x4,x22,111	 x22:0x00000000  x4=0x00000000
      175259000	      8661	8000429c	02d9f563	bgeu	x19,x13,800042c6	 x19:0xfffffa83 x13:0x0000e000
      176459000	      8721	800042c6	022b9963	bne	x23,x2,800042f8	 x23:0x00000000  x2:0x00003de0
      177479000	      8772	800042f8	6169	c.addi16sp	x2,208	  x2:0x00003de0  x2=0x00003eb0
      177499000	      8773	800042fa	8365	c.srli	x14,0x19	 x14:0x00000000 x14=0x00000000
      177519000	      8774	800042fc	8fed	c.and	x15,x11	 x15:0x00015000 x11:0x894eacb4 x15=0x00000000
      177539000	      8775	800042fe	004ca533	slt	x10,x25,x4	 x25:0x894eac24  x4:0x00000000 x10=0x00000001
      177559000	      8776	80004302	2a9b9237	lui	x4,0x2a9b9	  x4=0x2a9b9000
      177739000	      8785	80004306	f3ef3e97	auipc	x29,0xf3ef3	 x29=0x73ef7306
      177759000	      8786	8000430a	8e55	c.or	x12,x13	 x12:0x000007ff x13:0x0000e000 x12=0x0000e7ff
      177779000	      8787	8000430c	01a75833	srl	x16,x14,x26	 x14:0x00000000 x26:0x00000001 x16=0x00000000
      177799000	      8788	80004310	8d75	c.and	x10,x13	 x10:0x00000001 x13:0x0000e000 x10=0x00000000
      177959000	      8796	80004312	02877733	remu	x14,x14,x8	 x14:0x00000000  x8:0x00000000 x14=0x00000000
      178019000	      8799	80004316	00371033	sll	x0,x14,x3	 x14:0x00000000  x3:0x00000000  x0=0x00000000
      178039000	      8800	8000431a	0001	c.addi	x0,0	  x0:0x00000000  x0=0x00000000
      178439000	      8820	8000431c	01533fb3	sltu	x31,x6,x21	  x6:0x00000737 x21:0x894eada0 x31=0x00000001
      178479000	      8822	80004320	02cd1bb3	mulh	x23,x26,x12	 x26:0x00000001 x12:0x0000e7ff x23=0x00000000
      178499000	      8823	80004324	4c95	c.li	x25,5	 x25=0x00000005
      178539000	      8825	80004326	02aeffb3	remu	x31,x29,x10	 x29:0x73ef7306 x10:0x00000000 x31=0x73ef7306
      178559000	      8826	8000432a	05b79063	bne	x15,x27,8000436a	 x15:0x00000000 x27:0x00000000
      178579000	      8827	8000432e	0ff0000f	fence	iorw,iorw	
      178999000	      8848	80004332	00391d93	slli	x27,x18,0x3	 x18:0xffffffff x27=0xfffffff8
      179019000	      8849	80004336	ccbe2893	slti	x17,x28,-821	 x28:0x00000737 x17=0x00000000
      179759000	      8886	8000433a	03995733	divu	x14,x18,x25	 x18:0xffffffff x25:0x00000005 x14=0x33333333
      179799000	      8888	8000433e	02e11233	mulh	x4,x2,x14	  x2:0x00003eb0 x14:0x33333333  x4=0x00000c89
      192339000	      9515	80004342	001ad863	bge	x21,x1,80004352	 x21:0x894eada0  x1:0x00000000
      192379000	      9517	80004346	03075333	divu	x6,x14,x16	 x14:0x33333333 x16:0x00000000  x6=0xffffffff
      192399000	      9518	8000434a	01f87db3	and	x27,x16,x31	 x16:0x00000000 x31:0x73ef7306 x27=0x00000000
      192439000	      9520	8000434e	03a6bb33	mulhu	x22,x13,x26	 x13:0x0000e000 x26:0x00000001 x22=0x00000000
      192479000	      9522	80004352	037ad9b3	divu	x19,x21,x23	 x21:0x894eada0 x23:0x00000000 x19=0xffffffff
      192579000	      9527	80004356	03c85f63	bge	x16,x28,80004394	 x16:0x00000000 x28:0x00000737
      192599000	      9528	8000435a	91fa	c.add	x3,x30	  x3:0x00000000 x30:0x80025ce4  x3=0x80025ce4
      192779000	      9537	8000435c	00f116b3	sll	x13,x2,x15	  x2:0x00003eb0 x15:0x00000000 x13=0x00003eb0
      192799000	      9538	80004360	bac1c413	xori	x8,x3,-1108	  x3:0x80025ce4  x8=0x7ffda748
      192999000	      9548	80004364	85d2f713	andi	x14,x5,-1955	  x5:0x00000000 x14=0x00000000
      193019000	      9549	80004368	117d	c.addi	x2,-1	  x2:0x00003eb0  x2=0x00003eaf
      193039000	      9550	8000436a	4d0bc893	xori	x17,x23,1232	 x23:0x00000000 x17=0x000004d0
      193199000	      9558	8000436e	03950c63	beq	x10,x25,800043a6	 x10:0x00000000 x25:0x00000005
      193579000	      9577	80004372	0000100f	fence.i	
      193779000	      9587	80004376	0b98	c.addi4spn	x14,x2,464	 x14=0x0000407f
      194519000	      9624	80004378	028b6533	rem	x10,x22,x8	 x22:0x00000000  x8:0x7ffda748 x10=0x00000000
      194539000	      9625	8000437c	41acd313	srai	x6,x25,0x1a	 x25:0x00000005  x6=0x00000000
      195279000	      9662	80004380	03d17633	remu	x12,x2,x29	  x2:0x00003eaf x29:0x73ef7306 x12=0x00003eaf
      195299000	      9663	80004384	8ea9	c.xor	x13,x10	 x13:0x00003eb0 x10:0x00000000 x13=0x00003eb0
      195319000	      9664	80004386	0001	c.addi	x0,0	  x0:0x00000000  x0=0x00000000
      195339000	      9665	80004388	e309	c.bnez	x14,8000438a	 x14:0x0000407f
      195559000	      9676	8000438a	8d11	c.sub	x10,x12	 x10:0x00000000 x12:0x00003eaf x10=0xffffc151
      195779000	      9687	8000438c	9996	c.add	x19,x5	 x19:0xffffffff  x5:0x00000000 x19=0xffffffff
      195979000	      9697	8000438e	012fde93	srli	x29,x31,0x12	 x31:0x73ef7306 x29=0x00001cfb
      195999000	      9698	80004392	717d	c.addi16sp	x2,-16	  x2:0x00003eaf  x2=0x00003e9f
      196019000	      9699	80004394	02a80d33	mul	x26,x16,x10	 x16:0x00000000 x10:0xffffc151 x26=0x00000000
      196179000	      9707	80004398	8ee5	c.and	x13,x9	 x13:0x00003eb0  x9:0x80021e64 x13=0x00001e20
      196199000	      9708	8000439a	52fd	c.li	x5,-1	  x5=0xffffffff
      196499000	      9723	8000439c	86f5	c.srai	x13,0x1d	 x13:0x00001e20 x13=0x00000000
      196519000	      9724	8000439e	00c3bc33	sltu	x24,x7,x12	  x7:0xffffc4a7 x12:0x00003eaf x24=0x00000000
      196639000	      9730	800043a2	00e2ef63	bltu	x5,x14,800043c0	  x5:0xffffffff x14:0x0000407f
      196659000	      9731	800043a6	00754f63	blt	x10,x7,800043c4	 x10:0xffffc151  x7:0xffffc4a7
      197379000	      9767	800043c4	4119dcb3	sra	x25,x19,x17	 x19:0xffffffff x17:0x000004d0 x25=0xffffffff
      197659000	      9781	800043c8	5adcad97	auipc	x27,0x5adca	 x27=0xdadce3c8
      198079000	      9802	800043cc	fabb8893	addi	x17,x23,-85	 x23:0x00000000 x17=0xffffffab
      198199000	      9808	800043d0	401cd693	srai	x13,x25,0x1	 x25:0xffffffff x13=0xffffffff
      198559000	      9826	800043d4	03549963	bne	x9,x21,80004406	  x9:0x80021e64 x21:0x894eada0
      198919000	      9844	80004406	717d	c.addi16sp	x2,-16	  x2:0x00003e9f  x2=0x00003e8f
      198939000	      9845	80004408	de9d8413	addi	x8,x27,-535	 x27:0xdadce3c8  x8=0xdadce1b1
      199099000	      9853	8000440c	41fd8c33	sub	x24,x27,x31	 x27:0xdadce3c8 x31:0x73ef7306 x24=0x66ed70c2
      199119000	      9854	80004410	e411	c.bnez	x8,8000441c	  x8:0xdadce1b1
      199999000	      9898	8000441c	006fe863	bltu	x31,x6,8000442c	 x31:0x73ef7306  x6:0x00000000
      200039000	      9900	80004420	9ef6	c.add	x29,x29	 x29:0x00001cfb x29:0x00001cfb x29=0x000039f6
      200059000	      9901	80004422	e60d	c.bnez	x12,8000444c	 x12:0x00003eaf
      201319000	      9964	8000444c	8fcd	c.or	x15,x11	 x15:0x00000000 x11:0x894eacb4 x15=0x894eacb4
      201359000	      9966	8000444e	fcbb8a13	addi	x20,x23,-53	 x23:0x00000000 x20=0xffffffcb
      201439000	      9970	80004452	022b80b3	mul	x1,x23,x2	 x23:0x00000000  x2:0x00003e8f  x1=0x00000000
      201459000	      9971	80004456	6151	c.addi16sp	x2,272	  x2:0x00003e8f  x2=0x00003f9f
      201479000	      9972	80004458	0222	c.slli	x4,0x8	  x4:0x00000c89  x4=0x000c8900
      201659000	      9981	8000445a	00baf033	and	x0,x21,x11	 x21:0x894eada0 x11:0x894eacb4  x0=0x00000000
      201679000	      9982	8000445e	1bfd	c.addi	x23,-1	 x23:0x00000000 x23=0xffffffff
      201699000	      9983	80004460	017fed63	bltu	x31,x23,8000447a	 x31:0x73ef7306 x23:0xffffffff
      202479000	     10022	8000447a	54ddf713	andi	x14,x27,1357	 x27:0xdadce3c8 x14=0x00000148
      202499000	     10023	8000447e	611d	c.addi16sp	x2,416	  x2:0x00003f9f  x2=0x0000413f
      203239000	     10060	80004480	034fce33	div	x28,x31,x20	 x31:0x73ef7306 x20:0xffffffcb x28=0xfdd002a9
      203259000	     10061	80004484	03805097	auipc	x1,0x3805	  x1=0x83809484
      203299000	     10063	80004488	03cd1933	mulh	x18,x26,x28	 x26:0x00000000 x28:0xfdd002a9 x18=0x00000000
      203319000	     10064	8000448c	406b58b3	sra	x17,x22,x6	 x22:0x00000000  x6:0x00000000 x17=0x00000000
      203339000	     10065	80004490	64296c93	ori	x25,x18,1602	 x18:0x00000000 x25=0x00000642
      203359000	     10066	80004494	00e96663	bltu	x18,x14,800044a0	 x18:0x00000000 x14:0x00000148
      204579000	     10127	800044a0	9da698b7	lui	x17,0x9da69	 x17=0x9da69000
      204599000	     10128	800044a4	0126a6b3	slt	x13,x13,x18	 x13:0xffffffff x18:0x00000000 x13=0x00000001
      204619000	     10129	800044a8	01aa37b3	sltu	x15,x20,x26	 x20:0xffffffcb x26:0x00000000 x15=0x00000000
      204679000	     10132	800044ac	8e51	c.or	x12,x12	 x12:0x00003eaf x12:0x00003eaf x12=0x00003eaf
      204719000	     10134	800044ae	0440e313	ori	x6,x1,68	  x1:0x83809484  x6=0x838094c4
      204739000	     10135	800044b2	0000100f	fence.i	
      205099000	     10153	800044b6	8fa1	c.xor	x15,x8	 x15:0x00000000  x8:0xdadce1b1 x15=0xdadce1b1
      205319000	     10164	800044b8	0ff0000f	fence	iorw,iorw	
      205339000	     10165	800044bc	028dd863	bge	x27,x8,800044ec	 x27:0xdadce3c8  x8:0xdadce1b1
      205619000	     10179	800044ec	717d	c.addi16sp	x2,-16	  x2:0x0000413f  x2=0x0000412f
      205659000	     10181	800044ee	027f3d33	mulhu	x26,x30,x7	 x30:0x80025ce4  x7:0xffffc4a7 x26=0x80023f36
      205679000	     10182	800044f2	0001	c.addi	x0,0	  x0:0x00000000  x0=0x00000000
      206259000	     10211	800044f4	01caccb3	xor	x25,x21,x28	 x21:0x894eada0 x28:0xfdd002a9 x25=0x749eaf09
      206399000	     10218	800044f8	8575	c.srai	x10,0x1d	 x10:0xffffc151 x10=0xffffffff
      206419000	     10219	800044fa	00f8e9b3	or	x19,x17,x15	 x17:0x9da69000 x15:0xdadce1b1 x19=0xdffef1b1
      206439000	     10220	800044fe	008d7133	and	x2,x26,x8	 x26:0x80023f36  x8:0xdadce1b1  x2=0x80002130
      206459000	     10221	80004502	6d31	c.lui	x26,0xc	 x26=0x0000c000
      206479000	     10222	80004504	8ecd	c.or	x13,x11	 x13:0x00000001 x11:0x894eacb4 x13=0x894eacb5
      206499000	     10223	80004506	c609	c.beqz	x12,80004510	 x12:0x00003eaf
      206519000	     10224	80004508	0ff0000f	fence	iorw,iorw	
      206719000	     10234	8000450c	00918c33	add	x24,x3,x9	  x3:0x80025ce4  x9:0x80021e64 x24=0x00047b48
      206739000	     10235	80004510	8cd2	c.mv	x25,x20	  x0:0x00000000 x20:0xffffffcb x25=0xffffffcb
      206919000	     10244	80004512	02075663	bge	x14,x0,8000453e	 x14:0x00000148  x0:0x00000000
      207879000	     10292	8000453e	009820b3	slt	x1,x16,x9	 x16:0x00000000  x9:0x80021e64  x1=0x00000000
      207899000	     10293	80004542	a69d4713	xori	x14,x26,-1431	 x26:0x0000c000 x14=0xffff3a69
      208639000	     10330	80004546	02a04933	div	x18,x0,x10	  x0:0x00000000 x10:0xffffffff x18=0x00000000
      208659000	     10331	8000454a	01c3dc33	srl	x24,x7,x28	  x7:0xffffc4a7 x28:0xfdd002a9 x24=0x007fffe2
      208679000	     10332	8000454e	01bb0eb3	add	x29,x22,x27	 x22:0x00000000 x27:0xdadce3c8 x29=0xdadce3c8
      208939000	     10345	80004552	8a700b93	addi	x23,x0,-1881	  x0:0x00000000 x23=0xfffff8a7
      209219000	     10359	80004556	0067cbb3	xor	x23,x15,x6	 x15:0xdadce1b1  x6:0x838094c4 x23=0x595c7575
      209299000	     10363	8000455a	0386bfb3	mulhu	x31,x13,x24	 x13:0x894eacb5 x24:0x007fffe2 x31=0x0044a746
      209399000	     10368	8000455e	004cfab3	and	x21,x25,x4	 x25:0xffffffcb  x4:0x000c8900 x21=0x000c8900
      209419000	     10369	80004562	068e	c.slli	x13,0x3	 x13:0x894eacb5 x13=0x4a7565a8
      209439000	     10370	80004564	d5b7d217	auipc	x4,0xd5b7d	  x4=0x55b81564
      209459000	     10371	80004568	73c80e13	addi	x28,x16,1852	 x16:0x00000000 x28=0x0000073c
      209559000	     10376	8000456c	162e6713	ori	x14,x28,354	 x28:0x0000073c x14=0x0000077e
      209659000	     10381	80004570	6161	c.addi16sp	x2,80	  x2:0x80002130  x2=0x80002180
      209679000	     10382	80004572	0000100f	fence.i	
      210379000	     10417	80004576	0383bcb3	mulhu	x25,x7,x24	  x7:0xffffc4a7 x24:0x007fffe2 x25=0x007fffc4
      210399000	     10418	8000457a	00807cb3	and	x25,x0,x8	  x0:0x00000000  x8:0xdadce1b1 x25=0x00000000
      210579000	     10427	8000457e	004b4db3	xor	x27,x22,x4	 x22:0x00000000  x4:0x55b81564 x27=0x55b81564
      210879000	     10442	80004582	404c5393	srai	x7,x24,0x4	 x24:0x007fffe2  x7=0x0007fffe
      210899000	     10443	80004586	987d	c.andi	x8,-1	  x8:0xdadce1b1  x8=0xdadce1b1
      210919000	     10444	80004588	01b398b3	sll	x17,x7,x27	  x7:0x0007fffe x27:0x55b81564 x17=0x007fffe0
      211319000	     10464	8000458c	01c51e33	sll	x28,x10,x28	 x10:0xffffffff x28:0x0000073c x28=0xf0000000
      211339000	     10465	80004590	00b300b3	add	x1,x6,x11	  x6:0x838094c4 x11:0x894eacb4  x1=0x0ccf4178
      211579000	     10477	80004594	4036d813	srai	x16,x13,0x3	 x13:0x4a7565a8 x16=0x094eacb5
      211759000	     10486	80004598	039cc063	blt	x25,x25,800045b8	 x25:0x00000000 x25:0x00000000
      212059000	     10501	8000459c	02d37863	bgeu	x6,x13,800045cc	  x6:0x838094c4 x13:0x4a7565a8
      212379000	     10517	800045cc	03980563	beq	x16,x25,800045f6	 x16:0x094eacb5 x25:0x00000000
      213119000	     10554	800045d0	02f3d8b3	divu	x17,x7,x15	  x7:0x0007fffe x15:0xdadce1b1 x17=0x00000000
      213139000	     10555	800045d4	006201b3	add	x3,x4,x6	  x4:0x55b81564  x6:0x838094c4  x3=0xd938aa28
      213159000	     10556	800045d8	00126533	or	x10,x4,x1	  x4:0x55b81564  x1:0x0ccf4178 x10=0x5dff557c
      213179000	     10557	800045dc	c519	c.beqz	x10,800045ea	 x10:0x5dff557c
      213219000	     10559	800045de	03799eb3	mulh	x29,x19,x23	 x19:0xdffef1b1 x23:0x595c7575 x29=0xf4d412f6
      213959000	     10596	800045e2	03354db3	div	x27,x10,x19	 x10:0x5dff557c x19:0xdffef1b1 x27=0xfffffffe
      213999000	     10598	800045e6	02b390b3	mulh	x1,x7,x11	  x7:0x0007fffe x11:0x894eacb4  x1=0xfffc4a76
      214019000	     10599	800045ea	4177dd33	sra	x26,x15,x23	 x15:0xdadce1b1 x23:0x595c7575 x26=0xfffffed6
      214039000	     10600	800045ee	8175	c.srli	x10,0x1d	 x10:0x5dff557c x10=0x00000002
      214059000	     10601	800045f0	8f5d	c.or	x14,x15	 x14:0x0000077e x15:0xdadce1b1 x14=0xdadce7ff
      214079000	     10602	800045f2	01875563	bge	x14,x24,800045fc	 x14:0xdadce7ff x24:0x007fffe2
      214099000	     10603	800045f6	eaac2293	slti	x5,x24,-342	 x24:0x007fffe2  x5=0x00000000
      214119000	     10604	800045fa	ec01	c.bnez	x8,80004612	  x8:0xdadce1b1
      214579000	     10627	80004612	003c0933	add	x18,x24,x3	 x24:0x007fffe2  x3:0xd938aa28 x18=0xd9b8aa0a
      214599000	     10628	80004616	410f8633	sub	x12,x31,x16	 x31:0x0044a746 x16:0x094eacb5 x12=0xf6f5fa91
      214619000	     10629	8000461a	8ef1	c.and	x13,x12	 x13:0x4a7565a8 x12:0xf6f5fa91 x13=0x42756080
      214719000	     10634	8000461c	0001	c.addi	x0,0	  x0:0x00000000  x0=0x00000000
      214739000	     10635	8000461e	00f05293	srli	x5,x0,0xf	  x0:0x00000000  x5=0x00000000
      215179000	     10657	80004622	02eea7b3	mulhsu	x15,x29,x14	 x29:0xf4d412f6 x14:0xdadce7ff x15=0xf672f446
      215199000	     10658	80004626	811a	c.mv	x2,x6	  x0:0x00000000  x6:0x838094c4  x2=0x838094c4
      215559000	     10676	80004628	613d	c.addi16sp	x2,480	  x2:0x838094c4  x2=0x838096a4
      215579000	     10677	8000462a	8f91	c.sub	x15,x12	 x15:0xf672f446 x12:0xf6f5fa91 x15=0xff7cf9b5
      215759000	     10686	8000462c	2289aa93	slti	x21,x19,552	 x19:0xdffef1b1 x21=0x00000001
      215859000	     10691	80004630	0001	c.addi	x0,0	  x0:0x00000000  x0=0x00000000
      215879000	     10692	80004632	60f1	c.lui	x1,0x1c	  x1=0x0001c000
      215919000	     10694	80004634	02439333	mulh	x6,x7,x4	  x7:0x0007fffe  x4:0x55b81564  x6=0x0002adbf
      215959000	     10696	80004638	984a	c.add	x16,x18	 x16:0x094eacb5 x18:0xd9b8aa0a x16=0xe30756bf
      216119000	     10704	8000463a	0113eeb3	or	x29,x7,x17	  x7:0x0007fffe x17:0x00000000 x29=0x0007fffe
      216139000	     10705	8000463e	043c0063	beq	x24,x3,8000467e	 x24:0x007fffe2  x3:0xd938aa28
      216159000	     10706	80004642	8ead	c.xor	x13,x11	 x13:0x42756080 x11:0x894eacb4 x13=0xcb3bcc34
      216279000	     10712	80004644	8e01	c.sub	x12,x8	 x12:0xf6f5fa91  x8:0xdadce1b1 x12=0x1c1918e0
      217139000	     10755	80004646	021ef033	remu	x0,x29,x1	 x29:0x0007fffe  x1:0x0001c000  x0=0x00000000
      217159000	     10756	8000464a	4034d713	srai	x14,x9,0x3	  x9:0x80021e64 x14=0xf00043cc
      217179000	     10757	8000464e	8f19	c.sub	x14,x14	 x14:0xf00043cc x14:0xf00043cc x14=0x00000000
      217199000	     10758	80004650	1614	c.addi4spn	x13,x2,800	 x13=0x838099c4
      217219000	     10759	80004652	0083b1b3	sltu	x3,x7,x8	  x7:0x0007fffe  x8:0xdadce1b1  x3=0x00000001
      217239000	     10760	80004656	029ed163	bge	x29,x9,80004678	 x29:0x0007fffe  x9:0x80021e64
      217619000	     10779	80004678	8116	c.mv	x2,x5	  x0:0x00000000  x5:0x00000000  x2=0x00000000
      217639000	     10780	8000467a	01d970b3	and	x1,x18,x29	 x18:0xd9b8aa0a x29:0x0007fffe  x1=0x0000aa0a
      217659000	     10781	8000467e	1bfd	c.addi	x23,-1	 x23:0x595c7575 x23=0x595c7574
      218019000	     10799	80004680	1c946117	auipc	x2,0x1c946	  x2=0x9c94a680
      218039000	     10800	80004684	03438bb3	mul	x23,x7,x20	  x7:0x0007fffe x20:0xffffffcb x23=0xfe58006a
      218419000	     10819	80004688	8862	c.mv	x16,x24	  x0:0x00000000 x24:0x007fffe2 x16=0x007fffe2
      218619000	     10829	8000468a	0200ccb3	div	x25,x1,x0	  x1:0x0000aa0a  x0:0x00000000 x25=0xffffffff
      218639000	     10830	8000468e	717d	c.addi16sp	x2,-16	  x2:0x9c94a680  x2=0x9c94a670
      218699000	     10833	80004690	717d	c.addi16sp	x2,-16	  x2:0x9c94a670  x2=0x9c94a660
      218719000	     10834	80004692	8779	c.srai	x14,0x1e	 x14:0x00000000 x14=0x00000000
      219119000	     10854	80004694	89ca	c.mv	x19,x18	  x0:0x00000000 x18:0xd9b8aa0a x19=0xd9b8aa0a
      219139000	     10855	80004696	99c2	c.add	x19,x16	 x19:0xd9b8aa0a x16:0x007fffe2 x19=0xda38a9ec
      219219000	     10859	80004698	010ade63	bge	x21,x16,800046b4	 x21:0x00000001 x16:0x007fffe2
      219959000	     10896	8000469c	03f46e33	rem	x28,x8,x31	  x8:0xdadce1b1 x31:0x0044a746 x28=0xffdf0d6d
      219979000	     10897	800046a0	888ff013	andi	x0,x31,-1912	 x31:0x0044a746  x0=0x00000000
      219999000	     10898	800046a4	8145	c.srli	x10,0x11	 x10:0x00000002 x10=0x00000000
      220019000	     10899	800046a6	cd05	c.beqz	x10,800046de	 x10:0x00000000
      220159000	     10906	800046de	4445	c.li	x8,17	  x8=0x00000011
      220379000	     10917	800046e0	0001	c.addi	x0,0	  x0:0x00000000  x0=0x00000000
      220399000	     10918	800046e2	00869193	slli	x3,x13,0x8	 x13:0x838099c4  x3=0x8099c400
      220419000	     10919	800046e6	029d89b3	mul	x19,x27,x9	 x27:0xfffffffe  x9:0x80021e64 x19=0xfffbc338
      220439000	     10920	800046ea	0c19	c.addi	x24,6	 x24:0x007fffe2 x24=0x007fffe8
      220539000	     10925	800046ec	0127fab3	and	x21,x15,x18	 x15:0xff7cf9b5 x18:0xd9b8aa0a x21=0xd938a800
      220559000	     10926	800046f0	8d0e	c.mv	x26,x3	  x0:0x00000000  x3:0x8099c400 x26=0x8099c400
      220579000	     10927	800046f2	8159	c.srli	x10,0x16	 x10:0x00000000 x10=0x00000000
      220599000	     10928	800046f4	003f5863	bge	x30,x3,80004704	 x30:0x80025ce4  x3:0x8099c400
      220619000	     10929	800046f8	8380c913	xori	x18,x1,-1992	  x1:0x0000aa0a x18=0xffff5232
      220639000	     10930	800046fc	003c1b13	slli	x22,x24,0x3	 x24:0x007fffe8 x22=0x03ffff40
      221579000	     10977	80004700	02fc6e33	rem	x28,x24,x15	 x24:0x007fffe8 x15:0xff7cf9b5 x28=0x007fffe8
      221599000	     10978	80004704	03c1db63	bge	x3,x28,8000473a	  x3:0x8099c400 x28:0x007fffe8
      221619000	     10979	80004708	8f41	c.or	x14,x8	 x14:0x00000000  x8:0x00000011 x14=0x00000011
      221779000	     10987	8000470a	001e9a93	slli	x21,x29,0x1	 x29:0x0007fffe x21=0x000ffffc
      221799000	     10988	8000470e	0051b233	sltu	x4,x3,x5	  x3:0x8099c400  x5:0x00000000  x4=0x00000000
      221819000	     10989	80004712	0949	c.addi	x18,18	 x18:0xffff5232 x18=0xffff5244
      221939000	     10995	80004714	41db59b3	sra	x19,x22,x29	 x22:0x03ffff40 x29:0x0007fffe x19=0x00000000
      221959000	     10996	80004718	013c82b3	add	x5,x25,x19	 x25:0xffffffff x19:0x00000000  x5=0xffffffff
      222059000	     11001	8000471c	8955	c.andi	x10,21	 x10:0x00000000 x10=0x00000000
      222199000	     11008	8000471e	7fa84793	xori	x15,x16,2042	 x16:0x007fffe2 x15=0x007ff818
      222579000	     11027	80004722	01b0c013	xori	x0,x1,27	  x1:0x0000aa0a  x0=0x00000000
      223019000	     11049	80004726	02ea9fb3	mulh	x31,x21,x14	 x21:0x000ffffc x14:0x00000011 x31=0x00000000
      223039000	     11050	8000472a	0192fe33	and	x28,x5,x25	  x5:0xffffffff x25:0xffffffff x28=0xffffffff
      223059000	     11051	8000472e	03bb7863	bgeu	x22,x27,8000475e	 x22:0x03ffff40 x27:0xfffffffe
      223159000	     11056	80004732	40af8ab3	sub	x21,x31,x10	 x31:0x00000000 x10:0x00000000 x21=0x00000000
      223179000	     11057	80004736	01fbfcb3	and	x25,x23,x31	 x23:0xfe58006a x31:0x00000000 x25=0x00000000
      223199000	     11058	8000473a	50fd	c.li	x1,-1	  x1=0xffffffff
      223519000	     11074	8000473c	717d	c.addi16sp	x2,-16	  x2:0x9c94a660  x2=0x9c94a650
      223539000	     11075	8000473e	83e5	c.srli	x15,0x19	 x15:0x007ff818 x15=0x00000000
      223559000	     11076	80004740	02008663	beq	x1,x0,8000476c	  x1:0xffffffff  x0:0x00000000
      223579000	     11077	80004744	00e83ab3	sltu	x21,x16,x14	 x16:0x007fffe2 x14:0x00000011 x21=0x00000000
      223699000	     11083	80004748	c8acb917	auipc	x18,0xc8acb	 x18=0x48acf748
      223719000	     11084	8000474c	02e75c63	bge	x14,x14,80004784	 x14:0x00000011 x14:0x00000011
      224359000	     11116	80004784	f5b14e93	xori	x29,x2,-165	  x2:0x9c94a650 x29=0x636b590b
      224599000	     11128	80004788	0001	c.addi	x0,0	  x0:0x00000000  x0=0x00000000
      224619000	     11129	8000478a	0001	c.addi	x0,0	  x0:0x00000000  x0=0x00000000
      224639000	     11130	8000478c	b7222893	slti	x17,x4,-1166	  x4:0x00000000 x17=0x00000000
      224659000	     11131	80004790	030307b3	mul	x15,x6,x16	  x6:0x0002adbf x16:0x007fffe2 x15=0xdf2fa39e
      224679000	     11132	80004794	1c908e93	addi	x29,x1,457	  x1:0xffffffff x29=0x000001c8
      224719000	     11134	80004798	f443a513	slti	x10,x7,-188	  x7:0x0007fffe x10=0x00000000
      224879000	     11142	8000479c	6bb9	c.lui	x23,0xe	 x23=0x0000e000
      224899000	     11143	8000479e	7d342a13	slti	x20,x8,2003	  x8:0x00000011 x20=0x00000001
      224919000	     11144	800047a2	81ac7613	andi	x12,x24,-2022	 x24:0x007fffe8 x12=0x007ff808
      224979000	     11147	800047a6	0ff0000f	fence	iorw,iorw	
      224999000	     11148	800047aa	ef91	c.bnez	x15,800047c6	 x15:0xdf2fa39e
      225959000	     11196	800047c6	e685	c.bnez	x13,800047ee	 x13:0x838099c4
      226459000	     11221	800047ee	0125d6b3	srl	x13,x11,x18	 x11:0x894eacb4 x18:0x48acf748 x13=0x00894eac
      226479000	     11222	800047f2	a904c6b7	lui	x13,0xa904c	 x13=0xa904c000
      226499000	     11223	800047f6	1dfd	c.addi	x27,-1	 x27:0xfffffffe x27=0xfffffffd
      226899000	     11243	800047f8	0c3c8813	addi	x16,x25,195	 x25:0x00000000 x16=0x000000c3
      227119000	     11254	800047fc	00a7ecb3	or	x25,x15,x10	 x15:0xdf2fa39e x10:0x00000000 x25=0xdf2fa39e
      227339000	     11265	80004800	016769b3	or	x19,x14,x22	 x14:0x00000011 x22:0x03ffff40 x19=0x03ffff51
      227359000	     11266	80004804	007b7ab3	and	x21,x22,x7	 x22:0x03ffff40  x7:0x0007fffe x21=0x0007ff40
      227779000	     11287	80004808	6125	c.addi16sp	x2,96	  x2:0x9c94a650  x2=0x9c94a6b0
      227799000	     11288	8000480a	00df0a33	add	x20,x30,x13	 x30:0x80025ce4 x13:0xa904c000 x20=0x29071ce4
      227979000	     11297	8000480e	034f1333	mulh	x6,x30,x20	 x30:0x80025ce4 x20:0x29071ce4  x6=0xeb7cd27f
      227999000	     11298	80004812	8aa5	c.andi	x13,9	 x13:0xa904c000 x13=0x00000000
      228039000	     11300	80004814	8e92	c.mv	x29,x4	  x0:0x00000000  x4:0x00000000 x29=0x00000000
      228379000	     11317	80004816	02dda1b3	mulhsu	x3,x27,x13	 x27:0xfffffffd x13:0x00000000  x3=0x00000000
      228419000	     11319	8000481a	0220bcb3	mulhu	x25,x1,x2	  x1:0xffffffff  x2:0x9c94a6b0 x25=0x9c94a6af
      228439000	     11320	8000481e	8e45	c.or	x12,x9	 x12:0x007ff808  x9:0x80021e64 x12=0x807ffe6c
      229519000	     11374	80004820	02995333	divu	x6,x18,x9	 x18:0x48acf748  x9:0x80021e64  x6=0x00000000
      229539000	     11375	80004824	6159	c.addi16sp	x2,400	  x2:0x9c94a6b0  x2=0x9c94a840
      229559000	     11376	80004826	87d1	c.srai	x15,0x14	 x15:0xdf2fa39e x15=0xfffffdf2
      229579000	     11377	80004828	41fddc33	sra	x24,x27,x31	 x27:0xfffffffd x31:0x00000000 x24=0xfffffffd
      229599000	     11378	8000482c	fb666793	ori	x15,x12,-74	 x12:0x807ffe6c x15=0xfffffffe
      229619000	     11379	80004830	016bb333	sltu	x6,x23,x22	 x23:0x0000e000 x22:0x03ffff40  x6=0x00000001
      229639000	     11380	80004834	038f1763	bne	x30,x24,80004862	 x30:0x80025ce4 x24:0xfffffffd
      229999000	     11398	80004862	ca99	c.beqz	x13,80004878	 x13:0x00000000
      230519000	     11424	80004878	ef19	c.bnez	x14,80004896	 x14:0x00000011
      230999000	     11448	80004896	00649e93	slli	x29,x9,0x6	  x9:0x80021e64 x29=0x00879900
      231019000	     11449	8000489a	c6e1a217	auipc	x4,0xc6e1a	  x4=0x46e1e89a
      231039000	     11450	8000489e	021f7d63	bgeu	x30,x1,800048d8	 x30:0x80025ce4  x1:0xffffffff
      231059000	     11451	800048a2	00d30eb3	add	x29,x6,x13	  x6:0x00000001 x13:0x00000000 x29=0x00000001
      231119000	     11454	800048a6	67e6ec93	ori	x25,x13,1662	 x13:0x00000000 x25=0x0000067e
      231139000	     11455	800048aa	8916f613	andi	x12,x13,-1903	 x13:0x00000000 x12=0x00000000
      231159000	     11456	800048ae	018f8663	beq	x31,x24,800048ba	 x31:0x00000000 x24:0xfffffffd
      231179000	     11457	800048b2	8121	c.srli	x10,0x8	 x10:0x00000000 x10=0x00000000
      231199000	     11458	800048b4	02219863	bne	x3,x2,800048e4	  x3:0x00000000  x2:0x9c94a840
      235919000	     11694	800048e4	02dfcc33	div	x24,x31,x13	 x31:0x00000000 x13:0x00000000 x24=0xffffffff
      235939000	     11695	800048e8	8e5d	c.or	x12,x15	 x12:0x00000000 x15:0xfffffffe x12=0xfffffffe
      235959000	     11696	800048ea	400cda13	srai	x20,x25,0x0	 x25:0x0000067e x20=0x0000067e
      235979000	     11697	800048ee	0036aab3	slt	x21,x13,x3	 x13:0x00000000  x3:0x00000000 x21=0x00000000
      235999000	     11698	800048f2	1914	c.addi4spn	x13,x2,176	 x13=0x9c94a8f0
      236019000	     11699	800048f4	48b9	c.li	x17,14	 x17=0x0000000e
      236039000	     11700	800048f6	46dd	c.li	x13,23	 x13=0x00000017
      236199000	     11708	800048f8	006cbab3	sltu	x21,x25,x6	 x25:0x0000067e  x6:0x00000001 x21=0x00000000
      236219000	     11709	800048fc	ed9b6d93	ori	x27,x22,-295	 x22:0x03ffff40 x27=0xffffffd9
      236239000	     11710	80004900	717d	c.addi16sp	x2,-16	  x2:0x9c94a840  x2=0x9c94a830
      236259000	     11711	80004902	137d	c.addi	x6,-1	  x6:0x00000001  x6=0x00000000
      236279000	     11712	80004904	8fc9	c.or	x15,x10	 x15:0xfffffffe x10:0x00000000 x15=0xfffffffe
      236299000	     11713	80004906	8f79	c.and	x14,x14	 x14:0x00000011 x14:0x00000011 x14=0x00000011
      236679000	     11732	80004908	001d8733	add	x14,x27,x1	 x27:0xffffffd9  x1:0xffffffff x14=0xffffffd8
      236719000	     11734	8000490c	8f61	c.and	x14,x8	 x14:0xffffffd8  x8:0x00000011 x14=0x00000010
      236739000	     11735	8000490e	0054f733	and	x14,x9,x5	  x9:0x80021e64  x5:0xffffffff x14=0x80021e64
      236759000	     11736	80004912	8e99	c.sub	x13,x14	 x13:0x00000017 x14:0x80021e64 x13=0x7ffde1b3
      237159000	     11756	80004914	8309	c.srli	x14,0x2	 x14:0x80021e64 x14=0x20008799
      237179000	     11757	80004916	02d8d063	bge	x17,x13,80004936	 x17:0x0000000e x13:0x7ffde1b3
      237199000	     11758	8000491a	0162c333	xor	x6,x5,x22	  x5:0xffffffff x22:0x03ffff40  x6=0xfc0000bf
      237219000	     11759	8000491e	8d25	c.xor	x10,x9	 x10:0x00000000  x9:0x80021e64 x10=0x80021e64
      237239000	     11760	80004920	01d61893	slli	x17,x12,0x1d	 x12:0xfffffffe x17=0xc0000000
      237259000	     11761	80004924	013dd1b3	srl	x3,x27,x19	 x27:0xffffffd9 x19:0x03ffff51  x3=0x00007fff
      237299000	     11763	80004928	effd2d13	slti	x26,x26,-257	 x26:0x8099c400 x26=0x00000001
      237519000	     11774	8000492c	03e21533	mulh	x10,x4,x30	  x4:0x46e1e89a x30:0x80025ce4 x10=0xdc8fb32f
      237579000	     11777	80004930	b4ff4413	xori	x8,x30,-1201	 x30:0x80025ce4  x8=0x7ffda7ab
      237719000	     11784	80004934	8c55	c.or	x8,x13	  x8:0x7ffda7ab x13:0x7ffde1b3  x8=0x7ffde7bb
      237739000	     11785	80004936	8e92	c.mv	x29,x4	  x0:0x00000000  x4:0x46e1e89a x29=0x46e1e89a
      238139000	     11805	80004938	00269893	slli	x17,x13,0x2	 x13:0x7ffde1b3 x17=0xfff786cc
      238159000	     11806	8000493c	40b75233	sra	x4,x14,x11	 x14:0x20008799 x11:0x894eacb4  x4=0x00000200
      238179000	     11807	80004940	988e	c.add	x17,x3	 x17:0xfff786cc  x3:0x00007fff x17=0xfff806cb
      238259000	     11811	80004942	3c10b7b7	lui	x15,0x3c10b	 x15=0x3c10b000
      238279000	     11812	80004946	8e35	c.xor	x12,x13	 x12:0xfffffffe x13:0x7ffde1b3 x12=0x80021e4d
      238679000	     11832	80004948	0009dfb3	srl	x31,x19,x0	 x19:0x03ffff51  x0:0x00000000 x31=0x03ffff51
      238699000	     11833	8000494c	8c25	c.xor	x8,x9	  x8:0x7ffde7bb  x9:0x80021e64  x8=0xfffff9df
      238719000	     11834	8000494e	02e003b3	mul	x7,x0,x14	  x0:0x00000000 x14:0x20008799  x7=0x00000000
      238739000	     11835	80004952	9b16	c.add	x22,x5	 x22:0x03ffff40  x5:0xffffffff x22=0x03ffff3f
      238759000	     11836	80004954	03fcc863	blt	x25,x31,80004984	 x25:0x0000067e x31:0x03ffff51
      239419000	     11869	80004984	0772	c.slli	x14,0x1c	 x14:0x20008799 x14=0x90000000
      240059000	     11901	80004986	40c7d893	srai	x17,x15,0xc	 x15:0x3c10b000 x17=0x0003c10b
      240079000	     11902	8000498a	8e26	c.mv	x28,x9	  x0:0x00000000  x9:0x80021e64 x28=0x80021e64
      240479000	     11922	8000498c	0075d863	bge	x11,x7,8000499c	 x11:0x894eacb4  x7:0x00000000
      240619000	     11929	80004990	008c9663	bne	x25,x8,8000499c	 x25:0x0000067e  x8:0xfffff9df
      241219000	     11959	8000499c	02f91d63	bne	x18,x15,800049d6	 x18:0x48acf748 x15:0x3c10b000
      242239000	     12010	800049d6	c05d4293	xori	x5,x26,-1019	 x26:0x00000001  x5=0xfffffc04
      242319000	     12014	800049da	035b11b3	mulh	x3,x22,x21	 x22:0x03ffff3f x21:0x00000000  x3=0x00000000
      242339000	     12015	800049de	892a	c.mv	x18,x10	  x0:0x00000000 x10:0xdc8fb32f x18=0xdc8fb32f
      242359000	     12016	800049e0	6ae5	c.lui	x21,0x19	 x21=0x00019000
      242379000	     12017	800049e2	01b27863	bgeu	x4,x27,800049f2	  x4:0x00000200 x27:0xffffffd9
      242399000	     12018	800049e6	91a2	c.add	x3,x8	  x3:0x00000000  x8:0xfffff9df  x3=0xfffff9df
      242419000	     12019	800049e8	6e05	c.lui	x28,0x1	 x28=0x00001000
      242899000	     12043	800049ea	03c50563	beq	x10,x28,80004a14	 x10:0xdc8fb32f x28:0x00001000
      242919000	     12044	800049ee	006ac863	blt	x21,x6,800049fe	 x21:0x00019000  x6:0xfc0000bf
      242939000	     12045	800049f2	036fc563	blt	x31,x22,80004a1c	 x31:0x03ffff51 x22:0x03ffff3f
      243239000	     12060	800049f6	02897563	bgeu	x18,x8,80004a20	 x18:0xdc8fb32f  x8:0xfffff9df
      243279000	     12062	800049fa	03ec18b3	mulh	x17,x24,x30	 x24:0xffffffff x30:0x80025ce4 x17=0x00000000
      243699000	     12083	800049fe	03a21db3	mulh	x27,x4,x26	  x4:0x00000200 x26:0x00000001 x27=0x00000000
      243719000	     12084	80004a02	83b5	c.srli	x15,0xd	 x15:0x3c10b000 x15=0x0001e085
      243819000	     12089	80004a04	8d7d	c.and	x10,x15	 x10:0xdc8fb32f x15:0x0001e085 x10=0x0001a005
      244239000	     12110	80004a06	034c9163	bne	x25,x20,80004a28	 x25:0x0000067e x20:0x0000067e
      244599000	     12128	80004a0a	c3c44e13	xori	x28,x8,-964	  x8:0xfffff9df x28=0x000005e3
      244619000	     12129	80004a0e	0001	c.addi	x0,0	  x0:0x00000000  x0=0x00000000
      244759000	     12136	80004a10	01c81c63	bne	x16,x28,80004a28	 x16:0x000000c3 x28:0x000005e3
      245419000	     12169	80004a28	01fe8cb3	add	x25,x29,x31	 x29:0x46e1e89a x31:0x03ffff51 x25=0x4ae1e7eb
      245479000	     12172	80004a2c	55c67137	lui	x2,0x55c67	  x2=0x55c67000
      245499000	     12173	80004a30	0216c163	blt	x13,x1,80004a52	 x13:0x7ffde1b3  x1:0xffffffff
      245519000	     12174	80004a34	9b7d	c.andi	x14,-1	 x14:0x90000000 x14=0x90000000
      245599000	     12178	80004a36	03d89763	bne	x17,x29,80004a64	 x17:0x00000000 x29:0x46e1e89a
      246539000	     12225	80004a64	02555a33	divu	x20,x10,x5	 x10:0x0001a005  x5:0xfffffc04 x20=0x00000000
      246559000	     12226	80004a68	00b1e3b3	or	x7,x3,x11	  x3:0xfffff9df x11:0x894eacb4  x7=0xfffffdff
      247299000	     12263	80004a6c	02e750b3	divu	x1,x14,x14	 x14:0x90000000 x14:0x90000000  x1=0x00000001
      248039000	     12300	80004a70	0265c733	div	x14,x11,x6	 x11:0x894eacb4  x6:0xfc0000bf x14=0x0000001d
      248059000	     12301	80004a74	5d77c513	xori	x10,x15,1495	 x15:0x0001e085 x10=0x0001e552
      248079000	     12302	80004a78	00ed7cb3	and	x25,x26,x14	 x26:0x00000001 x14:0x0000001d x25=0x00000001
      248099000	     12303	80004a7c	015361b3	or	x3,x6,x21	  x6:0xfc0000bf x21:0x00019000  x3=0xfc0190bf
      248119000	     12304	80004a80	9ffe	c.add	x31,x31	 x31:0x03ffff51 x31:0x03ffff51 x31=0x07fffea2
      248859000	     12341	80004a82	03d743b3	div	x7,x14,x29	 x14:0x0000001d x29:0x46e1e89a  x7=0x00000000
      248879000	     12342	80004a86	8275	c.srli	x12,0x1d	 x12:0x80021e4d x12=0x00000004
      248899000	     12343	80004a88	8541	c.srai	x10,0x10	 x10:0x0001e552 x10=0x00000001
      248919000	     12344	80004a8a	015d6463	bltu	x26,x21,80004a92	 x26:0x00000001 x21:0x00019000
      249699000	     12383	80004a92	03f35533	divu	x10,x6,x31	  x6:0xfc0000bf x31:0x07fffea2 x10=0x0000001f
      249719000	     12384	80004a96	61ad	c.lui	x3,0xb	  x3=0x0000b000
      249739000	     12385	80004a98	0816	c.slli	x16,0x5	 x16:0x000000c3 x16=0x00001860
      250479000	     12422	80004a9a	0256c0b3	div	x1,x13,x5	 x13:0x7ffde1b3  x5:0xfffffc04  x1=0xffdfe068
      250499000	     12423	80004a9e	8a7d	c.andi	x12,31	 x12:0x00000004 x12=0x00000004
      250519000	     12424	80004aa0	0090cc33	xor	x24,x1,x9	  x1:0xffdfe068  x9:0x80021e64 x24=0x7fddfe0c
      250539000	     12425	80004aa4	e51d	c.bnez	x10,80004ad2	 x10:0x0000001f
      250939000	     12445	80004ad2	117d	c.addi	x2,-1	  x2:0x55c67000  x2=0x55c66fff
      250959000	     12446	80004ad4	0110aab3	slt	x21,x1,x17	  x1:0xffdfe068 x17:0x00000000 x21=0x00000001
      251379000	     12467	80004ad8	1efd	c.addi	x29,-1	 x29:0x46e1e89a x29=0x46e1e899
      251399000	     12468	80004ada	035b0833	mul	x16,x22,x21	 x22:0x03ffff3f x21:0x00000001 x16=0x03ffff3f
      251419000	     12469	80004ade	717d	c.addi16sp	x2,-16	  x2:0x55c66fff  x2=0x55c66fef
      251499000	     12473	80004ae0	0145f963	bgeu	x11,x20,80004af2	 x11:0x894eacb4 x20:0x00000000
      252539000	     12525	80004af2	717d	c.addi16sp	x2,-16	  x2:0x55c66fef  x2=0x55c66fdf
      252559000	     12526	80004af4	8f45	c.or	x14,x9	 x14:0x0000001d  x9:0x80021e64 x14=0x80021e7d
      252579000	     12527	80004af6	8c31	c.xor	x8,x12	  x8:0xfffff9df x12:0x00000004  x8=0xfffff9db
      252639000	     12530	80004af8	00b81f93	slli	x31,x16,0xb	 x16:0x03ffff3f x31=0xfff9f800
      252719000	     12534	80004afc	1514	c.addi4spn	x13,x2,672	 x13=0x55c6727f
      252739000	     12535	80004afe	8269	c.srli	x12,0x1a	 x12:0x00000004 x12=0x00000000
      252759000	     12536	80004b00	02c4d963	bge	x9,x12,80004b32	  x9:0x80021e64 x12:0x00000000
      252779000	     12537	80004b04	8649	c.srai	x12,0x12	 x12:0x00000000 x12=0x00000000
      252799000	     12538	80004b06	da23fb17	auipc	x22,0xda23f	 x22=0x5a243b06
      252819000	     12539	80004b0a	c29d7893	andi	x17,x26,-983	 x26:0x00000001 x17=0x00000001
      252979000	     12547	80004b0e	028d3833	mulhu	x16,x26,x8	 x26:0x00000001  x8:0xfffff9db x16=0x00000000
      253019000	     12549	80004b12	0379a7b3	mulhsu	x15,x19,x23	 x19:0x03ffff51 x23:0x0000e000 x15=0x0000037f
      253039000	     12550	80004b16	00f24cb3	xor	x25,x4,x15	  x4:0x00000200 x15:0x0000037f x25=0x0000017f
      253059000	     12551	80004b1a	b9862893	slti	x17,x12,-1128	 x12:0x00000000 x17=0x00000000
      253079000	     12552	80004b1e	02217663	bgeu	x2,x2,80004b4a	  x2:0x55c66fdf  x2:0x55c66fdf
      253499000	     12573	80004b4a	00135463	bge	x6,x1,80004b52	  x6:0xfc0000bf  x1:0xffdfe068
      253519000	     12574	80004b4e	01fb6b33	or	x22,x22,x31	 x22:0x5a243b06 x31:0xfff9f800 x22=0xfffdfb06
      253539000	     12575	80004b52	0001	c.addi	x0,0	  x0:0x00000000  x0=0x00000000
      253939000	     12595	80004b54	00fdd013	srli	x0,x27,0xf	 x27:0x00000000  x0=0x00000000
      253999000	     12598	80004b58	0001	c.addi	x0,0	  x0:0x00000000  x0=0x00000000
      254019000	     12599	80004b5a	007ab0b3	sltu	x1,x21,x7	 x21:0x00000001  x7:0x00000000  x1=0x00000000
      254039000	     12600	80004b5e	0752	c.slli	x14,0x14	 x14:0x80021e7d x14=0xe7d00000
      254079000	     12602	80004b60	d39a9317	auipc	x6,0xd39a9	  x6=0x539adb60
      254099000	     12603	80004b64	0001	c.addi	x0,0	  x0:0x00000000  x0=0x00000000
      254199000	     12608	80004b66	ef56c613	xori	x12,x13,-267	 x13:0x55c6727f x12=0xaa398c8a
      254219000	     12609	80004b6a	987d	c.andi	x8,-1	  x8:0xfffff9db  x8=0xfffff9db
      254239000	     12610	80004b6c	00dc9913	slli	x18,x25,0xd	 x25:0x0000017f x18=0x002fe000
      254979000	     12647	80004b70	03695333	divu	x6,x18,x22	 x18:0x002fe000 x22:0xfffdfb06  x6=0x00000000
      254999000	     12648	80004b74	8671	c.srai	x12,0x1c	 x12:0xaa398c8a x12=0xfffffffa
      255019000	     12649	80004b76	8221	c.srli	x12,0x8	 x12:0xfffffffa x12=0x00ffffff
      255059000	     12651	80004b78	0298a6b3	mulhsu	x13,x17,x9	 x17:0x00000000  x9:0x80021e64 x13=0x00000000
      255079000	     12652	80004b7c	00875833	srl	x16,x14,x8	 x14:0xe7d00000  x8:0xfffff9db x16=0x0000001c
      255099000	     12653	80004b80	8ec1	c.or	x13,x8	 x13:0x00000000  x8:0xfffff9db x13=0xfffff9db
      255119000	     12654	80004b82	ea91	c.bnez	x13,80004b96	 x13:0xfffff9db
      255839000	     12690	80004b96	001a27b3	slt	x15,x20,x1	 x20:0x00000000  x1:0x00000000 x15=0x00000000
      255859000	     12691	80004b9a	e78d	c.bnez	x15,80004bc4	 x15:0x00000000
      255879000	     12692	80004b9c	036000b3	mul	x1,x0,x22	  x0:0x00000000 x22:0xfffdfb06  x1=0x00000000
      255899000	     12693	80004ba0	00192bb3	slt	x23,x18,x1	 x18:0x002fe000  x1:0x00000000 x23=0x00000000
      255919000	     12694	80004ba4	c59d2b13	slti	x22,x26,-935	 x26:0x00000001 x22=0x00000000
      256039000	     12700	80004ba8	4010d813	srai	x16,x1,0x1	  x1:0x00000000 x16=0x00000000
      256059000	     12701	80004bac	6159	c.addi16sp	x2,400	  x2:0x55c66fdf  x2=0x55c6716f
      256079000	     12702	80004bae	00172bb3	slt	x23,x14,x1	 x14:0xe7d00000  x1:0x00000000 x23=0x00000001
      256219000	     12709	80004bb2	03c54a63	blt	x10,x28,80004be6	 x10:0x0000001f x28:0x000005e3
      256859000	     12741	80004be6	0c66	c.slli	x24,0x19	 x24:0x7fddfe0c x24=0x18000000
      257299000	     12763	80004be8	5759fb93	andi	x23,x19,1397	 x19:0x03ffff51 x23=0x00000551
      257599000	     12778	80004bec	73c7fd37	lui	x26,0x73c7f	 x26=0x73c7f000
      257759000	     12786	80004bf0	0e25	c.addi	x28,9	 x28:0x000005e3 x28=0x000005ec
      257779000	     12787	80004bf2	8e85	c.sub	x13,x9	 x13:0xfffff9db  x9:0x80021e64 x13=0x7ffddb77
      257959000	     12796	80004bf4	3d8153b7	lui	x7,0x3d815	  x7=0x3d815000
      258759000	     12836	80004bf8	02a24ab3	div	x21,x4,x10	  x4:0x00000200 x10:0x0000001f x21=0x00000010
      258779000	     12837	80004bfc	90be	c.add	x1,x15	  x1:0x00000000 x15:0x00000000  x1=0x00000000
      258819000	     12839	80004bfe	02b63833	mulhu	x16,x12,x11	 x12:0x00ffffff x11:0x894eacb4 x16=0x00894eac
      258839000	     12840	80004c02	0142d663	bge	x5,x20,80004c0e	  x5:0xfffffc04 x20:0x00000000
      258859000	     12841	80004c06	9636	c.add	x12,x13	 x12:0x00ffffff x13:0x7ffddb77 x12=0x80fddb76
      258879000	     12842	80004c08	8a65	c.andi	x12,25	 x12:0x80fddb76 x12=0x00000010
      258899000	     12843	80004c0a	3890a293	slti	x5,x1,905	  x1:0x00000000  x5=0x00000001
      258919000	     12844	80004c0e	951a	c.add	x10,x6	 x10:0x0000001f  x6:0x00000000 x10=0x0000001f
      258939000	     12845	80004c10	03c27b63	bgeu	x4,x28,80004c46	  x4:0x00000200 x28:0x000005ec
      258959000	     12846	80004c14	412d0933	sub	x18,x26,x18	 x26:0x73c7f000 x18:0x002fe000 x18=0x73981000
      258979000	     12847	80004c18	c89d0193	addi	x3,x26,-887	 x26:0x73c7f000  x3=0x73c7ec89
      258999000	     12848	80004c1c	bac76113	ori	x2,x14,-1108	 x14:0xe7d00000  x2=0xfffffbac
      259279000	     12862	80004c20	020a0cb3	mul	x25,x20,x0	 x20:0x00000000  x0:0x00000000 x25=0x00000000
      259299000	     12863	80004c24	02e37e63	bgeu	x6,x14,80004c60	  x6:0x00000000 x14:0xe7d00000
      259319000	     12864	80004c28	15f66993	ori	x19,x12,351	 x12:0x00000010 x19=0x0000015f
      259639000	     12880	80004c2c	0001	c.addi	x0,0	  x0:0x00000000  x0=0x00000000
      259659000	     12881	80004c2e	0ff0000f	fence	iorw,iorw	
      259679000	     12882	80004c32	03b59f63	bne	x11,x27,80004c70	 x11:0x894eacb4 x27:0x00000000
      259879000	     12892	80004c70	57b54d13	xori	x26,x10,1403	 x10:0x0000001f x26=0x00000564
      260119000	     12904	80004c74	01d72fb3	slt	x31,x14,x29	 x14:0xe7d00000 x29:0x46e1e899 x31=0x00000001
      260199000	     12908	80004c78	45af2cb7	lui	x25,0x45af2	 x25=0x45af2000
      260219000	     12909	80004c7c	717d	c.addi16sp	x2,-16	  x2:0xfffffbac  x2=0xfffffb9c
      260239000	     12910	80004c7e	011ce763	bltu	x25,x17,80004c8c	 x25:0x45af2000 x17:0x00000000
      260319000	     12914	80004c82	55062d93	slti	x27,x12,1360	 x12:0x00000010 x27=0x00000001
      260479000	     12922	80004c86	025f4363	blt	x30,x5,80004cac	 x30:0x80025ce4  x5:0x00000001
      261199000	     12958	80004cac	1588	c.addi4spn	x10,x2,736	 x10=0xfffffe7c
      261219000	     12959	80004cae	1480	c.addi4spn	x8,x2,608	  x8=0xfffffdfc
      261239000	     12960	80004cb0	053d	c.addi	x10,15	 x10:0xfffffe7c x10=0xfffffe8b
      261259000	     12961	80004cb2	5f347713	andi	x14,x8,1523	  x8:0xfffffdfc x14=0x000005f0
      261279000	     12962	80004cb6	9772	c.add	x14,x28	 x14:0x000005f0 x28:0x000005ec x14=0x00000bdc
      261299000	     12963	80004cb8	c3b1	c.beqz	x15,80004cfc	 x15:0x00000000
      261939000	     12995	80004cfc	03490633	mul	x12,x18,x20	 x18:0x73981000 x20:0x00000000 x12=0x00000000
      262379000	     13017	80004d00	8c6d	c.and	x8,x11	  x8:0xfffffdfc x11:0x894eacb4  x8=0x894eacb4
      262479000	     13022	80004d02	00ae6263	bltu	x28,x10,80004d06	 x28:0x000005ec x10:0xfffffe8b
      263019000	     13049	80004d06	0001	c.addi	x0,0	  x0:0x00000000  x0=0x00000000
      263039000	     13050	80004d08	c0dcbe93	sltiu	x29,x25,-1011	 x25:0x45af2000 x29=0x00000001
      263059000	     13051	80004d0c	005e7cb3	and	x25,x28,x5	 x28:0x000005ec  x5:0x00000001 x25=0x00000000
      263419000	     13069	80004d10	0000100f	fence.i	
      263779000	     13087	80004d14	5d4c82b7	lui	x5,0x5d4c8	  x5=0x5d4c8000
      263899000	     13093	80004d18	02b7a333	mulhsu	x6,x15,x11	 x15:0x00000000 x11:0x894eacb4  x6=0x00000000
      263919000	     13094	80004d1c	856e	c.mv	x10,x27	  x0:0x00000000 x27:0x00000001 x10=0x00000001
      263939000	     13095	80004d1e	8f61	c.and	x14,x8	 x14:0x00000bdc  x8:0x894eacb4 x14=0x00000894
      263959000	     13096	80004d20	bdeef093	andi	x1,x29,-1058	 x29:0x00000001  x1=0x00000000
      264219000	     13109	80004d24	019af693	andi	x13,x21,25	 x21:0x00000010 x13=0x00000010
      264239000	     13110	80004d28	0001	c.addi	x0,0	  x0:0x00000000  x0=0x00000000
      264259000	     13111	80004d2a	0134c663	blt	x9,x19,80004d36	  x9:0x80021e64 x19:0x0000015f
      265139000	     13155	80004d36	033f1133	mulh	x2,x30,x19	 x30:0x80025ce4 x19:0x0000015f  x2=0xffffff50
      265159000	     13156	80004d3a	ce81	c.beqz	x13,80004d52	 x13:0x00000010
      265179000	     13157	80004d3c	2fb32813	slti	x16,x6,763	  x6:0x00000000 x16=0x00000001
      265219000	     13159	80004d40	02053733	mulhu	x14,x10,x0	 x10:0x00000001  x0:0x00000000 x14=0x00000000
      265239000	     13160	80004d44	717d	c.addi16sp	x2,-16	  x2:0xffffff50  x2=0xffffff40
      265259000	     13161	80004d46	00a0d833	srl	x16,x1,x10	  x1:0x00000000 x10:0x00000001 x16=0x00000000
      265279000	     13162	80004d4a	0f10	c.addi4spn	x12,x2,912	 x12=0x000002d0
      265399000	     13168	80004d4c	c515	c.beqz	x10,80004d78	 x10:0x00000001
      265479000	     13172	80004d4e	005fe563	bltu	x31,x5,80004d58	 x31:0x00000001  x5:0x5d4c8000
      265979000	     13197	80004d58	01561f93	slli	x31,x12,0x15	 x12:0x000002d0 x31=0x5a000000
      266399000	     13218	80004d5c	8d3d	c.xor	x10,x15	 x10:0x00000001 x15:0x00000000 x10=0x00000001
      266419000	     13219	80004d5e	1e98	c.addi4spn	x14,x2,880	 x14=0x000002b0
      266439000	     13220	80004d60	7a0c0b13	addi	x22,x24,1952	 x24:0x18000000 x22=0x180007a0
      266459000	     13221	80004d64	805d	c.srli	x8,0x17	  x8:0x894eacb4  x8=0x00000112
      266719000	     13234	80004d66	4050d113	srai	x2,x1,0x5	  x1:0x00000000  x2=0x00000000
      266859000	     13241	80004d6a	0215ad33	mulhsu	x26,x11,x1	 x11:0x894eacb4  x1:0x00000000 x26=0x00000000
      266879000	     13242	80004d6e	c311	c.beqz	x14,80004d72	 x14:0x000002b0
      266899000	     13243	80004d70	8edd	c.or	x13,x15	 x13:0x00000010 x15:0x00000000 x13=0x00000010
      266919000	     13244	80004d72	c705	c.beqz	x14,80004d9a	 x14:0x000002b0
      266999000	     13248	80004d74	05ef1263	bne	x30,x30,80004db8	 x30:0x80025ce4 x30:0x80025ce4
      267199000	     13258	80004d78	e50d	c.bnez	x10,80004da2	 x10:0x00000001
      267359000	     13266	80004da2	987d	c.andi	x8,-1	  x8:0x00000112  x8=0x00000112
      267499000	     13273	80004da4	dc4b8193	addi	x3,x23,-572	 x23:0x00000551  x3=0x00000315
      267539000	     13275	80004da8	034cb433	mulhu	x8,x25,x20	 x25:0x00000000 x20:0x00000000  x8=0x00000000
      267559000	     13276	80004dac	00d38633	add	x12,x7,x13	  x7:0x3d815000 x13:0x00000010 x12=0x3d815010
      268299000	     13313	80004db0	033a4bb3	div	x23,x20,x19	 x20:0x00000000 x19:0x0000015f x23=0x00000000
      268319000	     13314	80004db4	002fe2b3	or	x5,x31,x2	 x31:0x5a000000  x2:0x00000000  x5=0x5a000000
      268339000	     13315	80004db8	0000100f	fence.i	
      268419000	     13319	80004dbc	00ebe533	or	x10,x23,x14	 x23:0x00000000 x14:0x000002b0 x10=0x000002b0
      268439000	     13320	80004dc0	8eb1	c.xor	x13,x12	 x13:0x00000010 x12:0x3d815010 x13=0x3d815000
      268479000	     13322	80004dc2	03a8d533	divu	x10,x17,x26	 x17:0x00000000 x26:0x00000000 x10=0xffffffff
      268559000	     13326	80004dc6	01d0a0b3	slt	x1,x1,x29	  x1:0x00000000 x29:0x00000001  x1=0x00000001
      268659000	     13331	80004dca	05fe6f63	bltu	x28,x31,80004e28	 x28:0x000005ec x31:0x5a000000
      269299000	     13363	80004e28	031568b3	rem	x17,x10,x17	 x10:0xffffffff x17:0x00000000 x17=0xffffffff
      269439000	     13370	80004e2c	0572	c.slli	x10,0x1c	 x10:0xffffffff x10=0xf0000000
      269459000	     13371	80004e2e	017edc63	bge	x29,x23,80004e46	 x29:0x00000001 x23:0x00000000
      269739000	     13385	80004e46	69693e37	lui	x28,0x69693	 x28=0x69693000
      269759000	     13386	80004e4a	8e01	c.sub	x12,x8	 x12:0x3d815010  x8:0x00000000 x12=0x3d815010
      269779000	     13387	80004e4c	6975	c.lui	x18,0x1d	 x18=0x0001d000
      269799000	     13388	80004e4e	86cd	c.srai	x13,0x13	 x13:0x3d815000 x13=0x000007b0
      269819000	     13389	80004e50	0000100f	fence.i	
      270059000	     13401	80004e54	0398c0b3	div	x1,x17,x25	 x17:0xffffffff x25:0x00000000  x1=0xffffffff
      270099000	     13403	80004e58	00fc32b3	sltu	x5,x24,x15	 x24:0x18000000 x15:0x00000000  x5=0x00000000
      270119000	     13404	80004e5c	86a5	c.srai	x13,0x9	 x13:0x000007b0 x13=0x00000003
      270139000	     13405	80004e5e	0000100f	fence.i	
      270659000	     13431	80004e62	416c8213	addi	x4,x25,1046	 x25:0x00000000  x4=0x00000416
      270679000	     13432	80004e66	187d	c.addi	x16,-1	 x16:0x00000000 x16=0xffffffff
      270739000	     13435	80004e68	57764913	xori	x18,x12,1399	 x12:0x3d815010 x18=0x3d815567
      270999000	     13448	80004e6c	197d	c.addi	x18,-1	 x18:0x3d815567 x18=0x3d815566
      271039000	     13450	80004e6e	03379bb3	mulh	x23,x15,x19	 x15:0x00000000 x19:0x0000015f x23=0x00000000
      271059000	     13451	80004e72	003df033	and	x0,x27,x3	 x27:0x00000001  x3:0x00000315  x0=0x00000000
      271079000	     13452	80004e76	8b84c293	xori	x5,x9,-1864	  x9:0x80021e64  x5=0x7ffde6dc
      271159000	     13456	80004e7a	027c8c63	beq	x25,x7,80004eb2	 x25:0x00000000  x7:0x3d815000
      271179000	     13457	80004e7e	86a9	c.srai	x13,0xa	 x13:0x00000003 x13=0x00000000
      271199000	     13458	80004e80	73b0b117	auipc	x2,0x73b0b	  x2=0xf3b0fe80
      271219000	     13459	80004e84	c167c613	xori	x12,x15,-1002	 x15:0x00000000 x12=0xfffffc16
      271439000	     13470	80004e88	03760563	beq	x12,x23,80004eb2	 x12:0xfffffc16 x23:0x00000000
      271659000	     13481	80004e8c	03942933	mulhsu	x18,x8,x25	  x8:0x00000000 x25:0x00000000 x18=0x00000000
      271679000	     13482	80004e90	004dd713	srli	x14,x27,0x4	 x27:0x00000001 x14=0x00000000
      271819000	     13489	80004e94	6d11	c.lui	x26,0x4	 x26=0x00004000
      271839000	     13490	80004e96	717d	c.addi16sp	x2,-16	  x2:0xf3b0fe80  x2=0xf3b0fe70
      272239000	     13510	80004e98	07d34463	blt	x6,x29,80004f00	  x6:0x00000000 x29:0x00000001
      273739000	     13585	80004f00	6ca1	c.lui	x25,0x8	 x25=0x00008000
      273799000	     13588	80004f02	71263013	sltiu	x0,x12,1810	 x12:0xfffffc16  x0=0x00000000
      274039000	     13600	80004f06	88330c13	addi	x24,x6,-1917	  x6:0x00000000 x24=0xfffff883
      274119000	     13604	80004f0a	036607b3	mul	x15,x12,x22	 x12:0xfffffc16 x22:0x180007a0 x15=0x0fe227c0
      274139000	     13605	80004f0e	8fbd	c.xor	x15,x15	 x15:0x0fe227c0 x15:0x0fe227c0 x15=0x00000000
      274159000	     13606	80004f10	01273ab3	sltu	x21,x14,x18	 x14:0x00000000 x18:0x00000000 x21=0x00000000
      274319000	     13614	80004f14	8fd9	c.or	x15,x14	 x15:0x00000000 x14:0x00000000 x15=0x00000000
      274339000	     13615	80004f16	009059b3	srl	x19,x0,x9	  x0:0x00000000  x9:0x80021e64 x19=0x00000000
      274359000	     13616	80004f1a	87f1	c.srai	x15,0x1c	 x15:0x00000000 x15=0x00000000
      274479000	     13622	80004f1c	0ce2	c.slli	x25,0x18	 x25:0x00008000 x25=0x00000000
      274499000	     13623	80004f1e	86c5	c.srai	x13,0x11	 x13:0x00000000 x13=0x00000000
      274819000	     13639	80004f20	d0db3c93	sltiu	x25,x22,-755	 x22:0x180007a0 x25=0x00000001
      278039000	     13800	80004f24	014b5e63	bge	x22,x20,80004f40	 x22:0x180007a0 x20:0x00000000
      278119000	     13804	80004f40	611d	c.addi16sp	x2,416	  x2:0xf3b0fe70  x2=0xf3b10010
      278539000	     13825	80004f42	011fcf63	blt	x31,x17,80004f60	 x31:0x5a000000 x17:0xffffffff
      279439000	     13870	80004f46	0294fd33	remu	x26,x9,x9	  x9:0x80021e64  x9:0x80021e64 x26=0x00000000
      279459000	     13871	80004f4a	1a94	c.addi4spn	x13,x2,368	 x13=0xf3b10180
      279479000	     13872	80004f4c	0001	c.addi	x0,0	  x0:0x00000000  x0=0x00000000
      279499000	     13873	80004f4e	8fc1	c.or	x15,x8	 x15:0x00000000  x8:0x00000000 x15=0x00000000
      279519000	     13874	80004f50	8eed	c.and	x13,x11	 x13:0xf3b10180 x11:0x894eacb4 x13=0x81000080
      279539000	     13875	80004f52	01bc19b3	sll	x19,x24,x27	 x24:0xfffff883 x27:0x00000001 x19=0xfffff106
      279579000	     13877	80004f56	0243a6b3	mulhsu	x13,x7,x4	  x7:0x3d815000  x4:0x00000416 x13=0x000000fb
      279599000	     13878	80004f5a	00a43cb3	sltu	x25,x8,x10	  x8:0x00000000 x10:0xf0000000 x25=0x00000001
      279619000	     13879	80004f5e	68d1	c.lui	x17,0x14	 x17=0x00014000
      280019000	     13899	80004f60	a0bea613	slti	x12,x29,-1525	 x29:0x00000001 x12=0x00000000
      280039000	     13900	80004f64	0994	c.addi4spn	x13,x2,208	 x13=0xf3b100e0
      280059000	     13901	80004f66	2225b093	sltiu	x1,x11,546	 x11:0x894eacb4  x1=0x00000000
      280079000	     13902	80004f6a	0001	c.addi	x0,0	  x0:0x00000000  x0=0x00000000
      280099000	     13903	80004f6c	62b5	c.lui	x5,0xd	  x5=0x0000d000
      280519000	     13924	80004f6e	0142d963	bge	x5,x20,80004f80	  x5:0x0000d000 x20:0x00000000
      281239000	     13960	80004f80	ec11	c.bnez	x8,80004f9c	  x8:0x00000000
      281659000	     13981	80004f82	011a8433	add	x8,x21,x17	 x21:0x00000000 x17:0x00014000  x8=0x00014000
      281759000	     13986	80004f86	4cd1b913	sltiu	x18,x3,1229	  x3:0x00000315 x18=0x00000001
      281779000	     13987	80004f8a	02f5e963	bltu	x11,x15,80004fbc	 x11:0x894eacb4 x15:0x00000000
      281799000	     13988	80004f8e	40a20833	sub	x16,x4,x10	  x4:0x00000416 x10:0xf0000000 x16=0x10000416
      282219000	     14009	80004f92	66a17e13	andi	x28,x2,1642	  x2:0xf3b10010 x28=0x00000000
      282239000	     14010	80004f96	0839	c.addi	x16,14	 x16:0x10000416 x16=0x10000424
      282259000	     14011	80004f98	1310	c.addi4spn	x12,x2,416	 x12=0xf3b101b0
      282279000	     14012	80004f9a	eb19	c.bnez	x14,80004fb0	 x14:0x00000000
      282599000	     14028	80004f9c	01f75793	srli	x15,x14,0x1f	 x14:0x00000000 x15=0x00000000
      282639000	     14030	80004fa0	021e41b3	div	x3,x28,x1	 x28:0x00000000  x1:0x00000000  x3=0xffffffff
      282659000	     14031	80004fa4	1190	c.addi4spn	x12,x2,224	 x12=0xf3b100f0
      282679000	     14032	80004fa6	8ea1	c.xor	x13,x8	 x13:0xf3b100e0  x8:0x00014000 x13=0xf3b040e0
      282839000	     14040	80004fa8	e785	c.bnez	x15,80004fd0	 x15:0x00000000
      282859000	     14041	80004faa	870a	c.mv	x14,x2	  x0:0x00000000  x2:0xf3b10010 x14=0xf3b10010
      282979000	     14047	80004fac	02046963	bltu	x8,x0,80004fde	  x8:0x00014000  x0:0x00000000
      283059000	     14051	80004fb0	08603b13	sltiu	x22,x0,134	  x0:0x00000000 x22=0x00000001
      283199000	     14058	80004fb4	0462	c.slli	x8,0x18	  x8:0x00014000  x8=0x00000000
      283219000	     14059	80004fb6	9bfd	c.andi	x15,-1	 x15:0x00000000 x15=0x00000000
      283239000	     14060	80004fb8	01f57863	bgeu	x10,x31,80004fc8	 x10:0xf0000000 x31:0x5a000000
      284059000	     14101	80004fc8	01abeb63	bltu	x23,x26,80004fde	 x23:0x00000000 x26:0x00000000
      284479000	     14122	80004fcc	e41f9697	auipc	x13,0xe41f9	 x13=0x641fdfcc
      284499000	     14123	80004fd0	416cd893	srai	x17,x25,0x16	 x25:0x00000001 x17=0x00000000
      284519000	     14124	80004fd4	016b6fb3	or	x31,x22,x22	 x22:0x00000001 x22:0x00000001 x31=0x00000001
      284539000	     14125	80004fd8	0001	c.addi	x0,0	  x0:0x00000000  x0=0x00000000
      284559000	     14126	80004fda	01d81e93	slli	x29,x16,0x1d	 x16:0x10000424 x29=0x80000000
      284579000	     14127	80004fde	8e31	c.xor	x12,x12	 x12:0xf3b100f0 x12:0xf3b100f0 x12=0x00000000
      284819000	     14139	80004fe0	0000100f	fence.i	
      285919000	     14194	80004fe4	00e09233	sll	x4,x1,x14	  x1:0x00000000 x14:0xf3b10010  x4=0x00000000
      285939000	     14195	80004fe8	af10c213	xori	x4,x1,-1295	  x1:0x00000000  x4=0xfffffaf1
      285999000	     14198	80004fec	6779	c.lui	x14,0x1e	 x14=0x0001e000
      286019000	     14199	80004fee	016eebb3	or	x23,x29,x22	 x29:0x80000000 x22:0x00000001 x23=0x80000001
      286039000	     14200	80004ff2	0107fdb3	and	x27,x15,x16	 x15:0x00000000 x16:0x10000424 x27=0x00000000
      286059000	     14201	80004ff6	0001	c.addi	x0,0	  x0:0x00000000  x0=0x00000000
      286139000	     14205	80004ff8	007d4d33	xor	x26,x26,x7	 x26:0x00000000  x7:0x3d815000 x26=0x3d815000
      286259000	     14211	80004ffc	04500563	beq	x0,x5,80005046	  x0:0x00000000  x5:0x0000d000
      286599000	     14228	80005000	02e4ef63	bltu	x9,x14,8000503e	  x9:0x80021e64 x14:0x0001e000
      286719000	     14234	80005004	0170cfb3	xor	x31,x1,x23	  x1:0x00000000 x23:0x80000001 x31=0x80000001
      286819000	     14239	80005008	0001	c.addi	x0,0	  x0:0x00000000  x0=0x00000000
      286839000	     14240	8000500a	c443ff93	andi	x31,x7,-956	  x7:0x3d815000 x31=0x3d815000
      286859000	     14241	8000500e	5131ea93	ori	x21,x3,1299	  x3:0xffffffff x21=0xffffffff
      286879000	     14242	80005012	ed11	c.bnez	x10,8000502e	 x10:0xf0000000
      287199000	     14258	8000502e	019afa63	bgeu	x21,x25,80005042	 x21:0xffffffff x25:0x00000001
      288419000	     14319	80005042	4028d013	srai	x0,x17,0x2	 x17:0x00000000  x0=0x00000000
      288439000	     14320	80005046	9c178d13	addi	x26,x15,-1599	 x15:0x00000000 x26=0xfffff9c1
      288459000	     14321	8000504a	6141	c.addi16sp	x2,16	  x2:0xf3b10010  x2=0xf3b10020
      288479000	     14322	8000504c	035aeb63	bltu	x21,x21,80005082	 x21:0xffffffff x21:0xffffffff
      288499000	     14323	80005050	b51cee13	ori	x28,x25,-1199	 x25:0x00000001 x28=0xfffffb51
      289579000	     14377	80005054	022869b3	rem	x19,x16,x2	 x16:0x10000424  x2:0xf3b10020 x19=0x03b10444
      289599000	     14378	80005058	3fd5ac93	slti	x25,x11,1021	 x11:0x894eacb4 x25=0x00000001
      289619000	     14379	8000505c	015d	c.addi	x2,23	  x2:0xf3b10020  x2=0xf3b10037
      289639000	     14380	8000505e	10fd	c.addi	x1,-1	  x1:0x00000000  x1=0xffffffff
      289659000	     14381	80005060	38b23393	sltiu	x7,x4,907	  x4:0xfffffaf1  x7=0x00000000
      289679000	     14382	80005064	410f5233	sra	x4,x30,x16	 x30:0x80025ce4 x16:0x10000424  x4=0xf80025ce
      289699000	     14383	80005068	9b9f7e93	andi	x29,x30,-1607	 x30:0x80025ce4 x29=0x800258a0
      289779000	     14387	8000506c	6f7f6093	ori	x1,x30,1783	 x30:0x80025ce4  x1=0x80025ef7
      289919000	     14394	80005070	0ff0000f	fence	iorw,iorw	
      290659000	     14431	80005074	039ee633	rem	x12,x29,x25	 x29:0x800258a0 x25:0x00000001 x12=0x00000000
      290679000	     14432	80005078	012c5213	srli	x4,x24,0x12	 x24:0xfffff883  x4=0x00003fff
      290699000	     14433	8000507c	8a95	c.andi	x13,5	 x13:0x641fdfcc x13=0x00000004
      290719000	     14434	8000507e	415ed513	srai	x10,x29,0x15	 x29:0x800258a0 x10=0xfffffc00
      290739000	     14435	80005082	50fd	c.li	x1,-1	  x1=0xffffffff
      290759000	     14436	80005084	026d08b3	mul	x17,x26,x6	 x26:0xfffff9c1  x6:0x00000000 x17=0x00000000
      290779000	     14437	80005088	40820333	sub	x6,x4,x8	  x4:0x00003fff  x8:0x00000000  x6=0x00003fff
      290799000	     14438	8000508c	015391b3	sll	x3,x7,x21	  x7:0x00000000 x21:0xffffffff  x3=0x00000000
      290839000	     14440	80005090	411d0eb3	sub	x29,x26,x17	 x26:0xfffff9c1 x17:0x00000000 x29=0xfffff9c1
      290999000	     14448	80005094	8616	c.mv	x12,x5	  x0:0x00000000  x5:0x0000d000 x12=0x0000d000
      291179000	     14457	80005096	01961033	sll	x0,x12,x25	 x12:0x0000d000 x25:0x00000001  x0=0x00000000
      291339000	     14465	8000509a	a91dfe13	andi	x28,x27,-1391	 x27:0x00000000 x28=0x00000000
      291359000	     14466	8000509e	8015	c.srli	x8,0x5	  x8:0x00000000  x8=0x00000000
      291379000	     14467	800050a0	03b31863	bne	x6,x27,800050d0	  x6:0x00003fff x27:0x00000000
      291919000	     14494	800050d0	9236	c.add	x4,x13	  x4:0x00003fff x13:0x00000004  x4=0x00004003
      291939000	     14495	800050d2	0359e163	bltu	x19,x21,800050f4	 x19:0x03b10444 x21:0xffffffff
      292419000	     14519	800050f4	8fa1	c.xor	x15,x8	 x15:0x00000000  x8:0x00000000 x15=0x00000000
      292459000	     14521	800050f6	00181f63	bne	x16,x1,80005114	 x16:0x10000424  x1:0xffffffff
      293039000	     14550	80005114	017d1433	sll	x8,x26,x23	 x26:0xfffff9c1 x23:0x80000001  x8=0xfffff382
      293479000	     14572	80005118	c29d	c.beqz	x13,8000513e	 x13:0x00000004
      293659000	     14581	8000511a	403ad893	srai	x17,x21,0x3	 x21:0xffffffff x17=0xffffffff
      294399000	     14618	8000511e	029fdc33	divu	x24,x31,x9	 x31:0x3d815000  x9:0x80021e64 x24=0x00000000
      294419000	     14619	80005122	e81d	c.bnez	x8,80005158	  x8:0xfffff382
      294559000	     14626	80005158	6315	c.lui	x6,0x5	  x6=0x00005000
      294979000	     14647	8000515a	005646b3	xor	x13,x12,x5	 x12:0x0000d000  x5:0x0000d000 x13=0x00000000
      294999000	     14648	8000515e	c231	c.beqz	x12,800051a2	 x12:0x0000d000
      295019000	     14649	80005160	8d45	c.or	x10,x9	 x10:0xfffffc00  x9:0x80021e64 x10=0xfffffe64
      295039000	     14650	80005162	5ffd	c.li	x31,-1	 x31=0xffffffff
      295779000	     14687	80005164	026d6fb3	rem	x31,x26,x6	 x26:0xfffff9c1  x6:0x00005000 x31=0xfffff9c1
      295819000	     14689	80005168	03a1b133	mulhu	x2,x3,x26	  x3:0x00000000 x26:0xfffff9c1  x2=0x00000000
      295839000	     14690	8000516c	83bd	c.srli	x15,0xf	 x15:0x00000000 x15=0x00000000
      295859000	     14691	8000516e	613d	c.addi16sp	x2,480	  x2:0x00000000  x2=0x000001e0
      295879000	     14692	80005170	001d9213	slli	x4,x27,0x1	 x27:0x00000000  x4=0x00000000
      295899000	     14693	80005174	01f64863	blt	x12,x31,80005184	 x12:0x0000d000 x31:0xfffff9c1
      295919000	     14694	80005178	ea7e2693	slti	x13,x28,-345	 x28:0x00000000 x13=0x00000000
      295939000	     14695	8000517c	0ff0000f	fence	iorw,iorw	
      295959000	     14696	80005180	02340d63	beq	x8,x3,800051ba	  x8:0xfffff382  x3:0x00000000
      295999000	     14698	80005184	03b9c1b3	div	x3,x19,x27	 x19:0x03b10444 x27:0x00000000  x3=0xffffffff
      296159000	     14706	80005188	40cf5833	sra	x16,x30,x12	 x30:0x80025ce4 x12:0x0000d000 x16=0x80025ce4
      296339000	     14715	8000518c	01ea83b3	add	x7,x21,x30	 x21:0xffffffff x30:0x80025ce4  x7=0x80025ce3
      296539000	     14725	80005190	0001	c.addi	x0,0	  x0:0x00000000  x0=0x00000000
      296579000	     14727	80005192	0240d933	divu	x18,x1,x4	  x1:0xffffffff  x4:0x00000000 x18=0xffffffff
      296759000	     14736	80005196	02819a63	bne	x3,x8,800051ca	  x3:0xffffffff  x8:0xfffff382
      297279000	     14762	800051ca	02722733	mulhsu	x14,x4,x7	  x4:0x00000000  x7:0x80025ce3 x14=0x00000000
      297539000	     14775	800051ce	00788a33	add	x20,x17,x7	 x17:0xffffffff  x7:0x80025ce3 x20=0x80025ce2
      297739000	     14785	800051d2	c22bea13	ori	x20,x23,-990	 x23:0x80000001 x20=0xfffffc23
      297759000	     14786	800051d6	8e59	c.or	x12,x14	 x12:0x0000d000 x14:0x00000000 x12=0x0000d000
      297959000	     14796	800051d8	02bf3a33	mulhu	x20,x30,x11	 x30:0x80025ce4 x11:0x894eacb4 x20=0x44a89ac9
      297979000	     14797	800051dc	00815633	srl	x12,x2,x8	  x2:0x000001e0  x8:0xfffff382 x12=0x00000078
      298239000	     14810	800051e0	086e	c.slli	x16,0x1b	 x16:0x80025ce4 x16=0x20000000
      298439000	     14820	800051e2	02212033	mulhsu	x0,x2,x2	  x2:0x000001e0  x2:0x000001e0  x0=0x00000000
      298519000	     14824	800051e6	dbe7b613	sltiu	x12,x15,-578	 x15:0x00000000 x12=0x00000001
      298539000	     14825	800051ea	02e28233	mul	x4,x5,x14	  x5:0x0000d000 x14:0x00000000  x4=0x00000000
      298679000	     14832	800051ee	02fad9b3	divu	x19,x21,x15	 x21:0xffffffff x15:0x00000000 x19=0xffffffff
      298699000	     14833	800051f2	412d	c.li	x2,11	  x2=0x0000000b
      298719000	     14834	800051f4	00039913	slli	x18,x7,0x0	  x7:0x80025ce3 x18=0x80025ce3
      298739000	     14835	800051f8	01457733	and	x14,x10,x20	 x10:0xfffffe64 x20:0x44a89ac9 x14=0x44a89a40
      298759000	     14836	800051fc	0386	c.slli	x7,0x1	  x7:0x80025ce3  x7=0x0004b9c6
      298879000	     14842	800051fe	00dd4333	xor	x6,x26,x13	 x26:0xfffff9c1 x13:0x00000000  x6=0xfffff9c1
      299079000	     14852	80005202	0331e963	bltu	x3,x19,80005234	  x3:0xffffffff x19:0xffffffff
      299499000	     14873	80005206	01f51e33	sll	x28,x10,x31	 x10:0xfffffe64 x31:0xfffff9c1 x28=0xfffffcc8
      299519000	     14874	8000520a	8569	c.srai	x10,0x1a	 x10:0xfffffe64 x10=0xffffffff
      299579000	     14877	8000520c	0001	c.addi	x0,0	  x0:0x00000000  x0=0x00000000
      299599000	     14878	8000520e	6d31	c.lui	x26,0xc	 x26=0x0000c000
      299619000	     14879	80005210	8c4e	c.mv	x24,x19	  x0:0x00000000 x19:0xffffffff x24=0xffffffff
      299639000	     14880	80005212	0755	c.addi	x14,21	 x14:0x44a89a40 x14=0x44a89a55
      299719000	     14884	80005214	014a	c.slli	x2,0x12	  x2:0x0000000b  x2=0x002c0000
      299739000	     14885	80005216	8f55	c.or	x14,x13	 x14:0x44a89a55 x13:0x00000000 x14=0x44a89a55
      300079000	     14902	80005218	020f9263	bne	x31,x0,8000523c	 x31:0xfffff9c1  x0:0x00000000
      300419000	     14919	8000523c	01b1e563	bltu	x3,x27,80005246	  x3:0xffffffff x27:0x00000000
      300799000	     14938	80005240	eb20bc93	sltiu	x25,x1,-334	  x1:0xffffffff x25=0x00000000
      300819000	     14939	80005244	6b09	c.lui	x22,0x2	 x22=0x00002000
      300919000	     14944	80005246	032ca3b3	mulhsu	x7,x25,x18	 x25:0x00000000 x18:0x80025ce3  x7=0x00000000
      300979000	     14947	8000524a	018dc033	xor	x0,x27,x24	 x27:0x00000000 x24:0xffffffff  x0=0x00000000
      301099000	     14953	8000524e	01d96533	or	x10,x18,x29	 x18:0x80025ce3 x29:0xfffff9c1 x10=0xfffffde3
      301119000	     14954	80005252	1d69e893	ori	x17,x19,470	 x19:0xffffffff x17=0xffffffff
      301359000	     14966	80005256	00a206b3	add	x13,x4,x10	  x4:0x00000000 x10:0xfffffde3 x13=0xfffffde3
      301379000	     14967	8000525a	711aed13	ori	x26,x21,1809	 x21:0xffffffff x26=0xffffffff
      301399000	     14968	8000525e	40d883b3	sub	x7,x17,x13	 x17:0xffffffff x13:0xfffffde3  x7=0x0000021c
      301599000	     14978	80005262	039db833	mulhu	x16,x27,x25	 x27:0x00000000 x25:0x00000000 x16=0x00000000
      301619000	     14979	80005266	40a5dd93	srai	x27,x11,0xa	 x11:0x894eacb4 x27=0xffe253ab
      301999000	     14998	8000526a	4544e613	ori	x12,x9,1108	  x9:0x80021e64 x12=0x80021e74
      302019000	     14999	8000526e	8122	c.mv	x2,x8	  x0:0x00000000  x8:0xfffff382  x2=0xfffff382
      302039000	     15000	80005270	95dc0f93	addi	x31,x24,-1699	 x24:0xffffffff x31=0xfffff95c
      302059000	     15001	80005274	41c3dbb3	sra	x23,x7,x28	  x7:0x0000021c x28:0xfffffcc8 x23=0x00000002
      302319000	     15014	80005278	00ba72b3	and	x5,x20,x11	 x20:0x44a89ac9 x11:0x894eacb4  x5=0x00088880
      303059000	     15051	8000527c	02516fb3	rem	x31,x2,x5	  x2:0xfffff382  x5:0x00088880 x31=0xfffff382
      303079000	     15052	80005280	ba1aba93	sltiu	x21,x21,-1119	 x21:0xffffffff x21=0x00000000
      303099000	     15053	80005284	0cb2	c.slli	x25,0xc	 x25:0x00000000 x25=0x00000000
      303139000	     15055	80005286	02c43033	mulhu	x0,x8,x12	  x8:0xfffff382 x12:0x80021e74  x0=0x00000000
      303879000	     15092	8000528a	03d742b3	div	x5,x14,x29	 x14:0x44a89a55 x29:0xfffff9c1  x5=0xfff501fd
      303899000	     15093	8000528e	daeb2337	lui	x6,0xdaeb2	  x6=0xdaeb2000
      303919000	     15094	80005292	8a3c0f93	addi	x31,x24,-1885	 x24:0xffffffff x31=0xfffff8a2
      303959000	     15096	80005296	02223cb3	mulhu	x25,x4,x2	  x4:0x00000000  x2:0xfffff382 x25=0x00000000
      303979000	     15097	8000529a	9b3b7cb7	lui	x25,0x9b3b7	 x25=0x9b3b7000
      303999000	     15098	8000529e	ed483413	sltiu	x8,x16,-300	 x16:0x00000000  x8=0x00000001
      304019000	     15099	800052a2	0001	c.addi	x0,0	  x0:0x00000000  x0=0x00000000
      304039000	     15100	800052a4	8f1d	c.sub	x14,x15	 x14:0x44a89a55 x15:0x00000000 x14=0x44a89a55
      304059000	     15101	800052a6	0ff0000f	fence	iorw,iorw	
      304079000	     15102	800052aa	02c68db3	mul	x27,x13,x12	 x13:0xfffffde3 x12:0x80021e74 x27=0x7b85a4dc
      304099000	     15103	800052ae	8c4d	c.or	x8,x11	  x8:0x00000001 x11:0x894eacb4  x8=0x894eacb5
      304279000	     15112	800052b0	8c61	c.and	x8,x8	  x8:0x894eacb5  x8:0x894eacb5  x8=0x894eacb5
      305019000	     15149	800052b2	0312c733	div	x14,x5,x17	  x5:0xfff501fd x17:0xffffffff x14=0x000afe03
      305039000	     15150	800052b6	01bd7c33	and	x24,x26,x27	 x26:0xffffffff x27:0x7b85a4dc x24=0x7b85a4dc
      305059000	     15151	800052ba	0094ec33	or	x24,x9,x9	  x9:0x80021e64  x9:0x80021e64 x24=0x80021e64
      305079000	     15152	800052be	00d7fcb3	and	x25,x15,x13	 x15:0x00000000 x13:0xfffffde3 x25=0x00000000
      305099000	     15153	800052c2	3d9fd417	auipc	x8,0x3d9fd	  x8=0xbda022c2
      305119000	     15154	800052c6	40bd86b3	sub	x13,x27,x11	 x27:0x7b85a4dc x11:0x894eacb4 x13=0xf236f828
      305139000	     15155	800052ca	8e81	c.sub	x13,x8	 x13:0xf236f828  x8:0xbda022c2 x13=0x3496d566
      305899000	     15193	800052cc	0372fc33	remu	x24,x5,x23	  x5:0xfff501fd x23:0x00000002 x24=0x00000001
      305919000	     15194	800052d0	c215	c.beqz	x12,800052f4	 x12:0x80021e74
      306019000	     15199	800052d2	00d43133	sltu	x2,x8,x13	  x8:0xbda022c2 x13:0x3496d566  x2=0x00000000
      306159000	     15206	800052d6	004f5693	srli	x13,x30,0x4	 x30:0x80025ce4 x13=0x080025ce
      306579000	     15227	800052da	5b088113	addi	x2,x17,1456	 x17:0xffffffff  x2=0x000005af
      306659000	     15231	800052de	006e5993	srli	x19,x28,0x6	 x28:0xfffffcc8 x19=0x03fffff3
      306879000	     15242	800052e2	0ff0000f	fence	iorw,iorw	
      306899000	     15243	800052e6	1408	c.addi4spn	x10,x2,544	 x10=0x000007cf
      306919000	     15244	800052e8	2019bb13	sltiu	x22,x19,513	 x19:0x03fffff3 x22=0x00000000
      307319000	     15264	800052ec	40f05833	sra	x16,x0,x15	  x0:0x00000000 x15:0x00000000 x16=0x00000000
      307739000	     15285	800052f0	038b0733	mul	x14,x22,x24	 x22:0x00000000 x24:0x00000001 x14=0x00000000
      308879000	     15342	800052f4	032d6ab3	rem	x21,x26,x18	 x26:0xffffffff x18:0x80025ce3 x21=0xffffffff
      308899000	     15343	800052f8	96c40d93	addi	x27,x8,-1684	  x8:0xbda022c2 x27=0xbda01c2e
      308919000	     15344	800052fc	00a67963	bgeu	x12,x10,8000530e	 x12:0x80021e74 x10:0x000007cf
      309619000	     15379	8000530e	5ca87013	andi	x0,x16,1482	 x16:0x00000000  x0=0x00000000
      309799000	     15388	80005312	0000100f	fence.i	
      310399000	     15418	80005316	2e014093	xori	x1,x2,736	  x2:0x000005af  x1=0x0000074f
      311259000	     15461	8000531a	02367e33	remu	x28,x12,x3	 x12:0x80021e74  x3:0xffffffff x28=0x80021e74
      311279000	     15462	8000531e	8f21	c.xor	x14,x8	 x14:0x00000000  x8:0xbda022c2 x14=0xbda022c2
      311299000	     15463	80005320	01777833	and	x16,x14,x23	 x14:0xbda022c2 x23:0x00000002 x16=0x00000002
      311319000	     15464	80005324	00257663	bgeu	x10,x2,80005330	 x10:0x000007cf  x2:0x000005af
      311839000	     15490	80005330	6179	c.addi16sp	x2,464	  x2:0x000005af  x2=0x0000077f
      312259000	     15511	80005332	00c11db3	sll	x27,x2,x12	  x2:0x0000077f x12:0x80021e74 x27=0x77f00000
      312279000	     15512	80005336	7db1ac17	auipc	x24,0x7db1a	 x24=0xfdb1f336
      312399000	     15518	8000533a	015a5b93	srli	x23,x20,0x15	 x20:0x44a89ac9 x23=0x00000225
      312439000	     15520	8000533e	02ad3333	mulhu	x6,x26,x10	 x26:0xffffffff x10:0x000007cf  x6=0x000007ce
      312739000	     15535	80005342	0e30ef93	ori	x31,x1,227	  x1:0x0000074f x31=0x000007ef
      312759000	     15536	80005346	8ba2	c.mv	x23,x8	  x0:0x00000000  x8:0xbda022c2 x23=0xbda022c2
      312899000	     15543	80005348	533a4193	xori	x3,x20,1331	 x20:0x44a89ac9  x3=0x44a89ffa
      312939000	     15545	8000534c	0367ecb3	rem	x25,x15,x22	 x15:0x00000000 x22:0x00000000 x25=0x00000000
      313339000	     15565	80005350	00845e93	srli	x29,x8,0x8	  x8:0xbda022c2 x29=0x00bda022
      313359000	     15566	80005354	03119b63	bne	x3,x17,8000538a	  x3:0x44a89ffa x17:0xffffffff
      313839000	     15590	8000538a	00ad5b63	bge	x26,x10,800053a0	 x26:0xffffffff x10:0x000007cf
      313859000	     15591	8000538e	03440963	beq	x8,x20,800053c0	  x8:0xbda022c2 x20:0x44a89ac9
      313879000	     15592	80005392	6641	c.lui	x12,0x10	 x12=0x00010000
      313979000	     15597	80005394	022b0633	mul	x12,x22,x2	 x22:0x00000000  x2:0x0000077f x12=0x00000000
      314239000	     15610	80005398	00de09b3	add	x19,x28,x13	 x28:0x80021e74 x13:0x080025ce x19=0x88024442
      321779000	     15987	8000539c	013203b3	add	x7,x4,x19	  x4:0x00000000 x19:0x88024442  x7=0x88024442
      321799000	     15988	800053a0	717d	c.addi16sp	x2,-16	  x2:0x0000077f  x2=0x0000076f
      321819000	     15989	800053a2	00e900b3	add	x1,x18,x14	 x18:0x80025ce3 x14:0xbda022c2  x1=0x3da27fa5
      321839000	     15990	800053a6	8f19	c.sub	x14,x14	 x14:0xbda022c2 x14:0xbda022c2 x14=0x00000000
      321859000	     15991	800053a8	03146963	bltu	x8,x17,800053da	  x8:0xbda022c2 x17:0xffffffff
      322719000	     16034	800053da	9b7d	c.andi	x14,-1	 x14:0x00000000 x14=0x00000000
      322739000	     16035	800053dc	44738413	addi	x8,x7,1095	  x7:0x88024442  x8=0x88024889
      323139000	     16055	800053e0	8e89	c.sub	x13,x10	 x13:0x080025ce x10:0x000007cf x13=0x08001dff
      323339000	     16065	800053e2	00554bb3	xor	x23,x10,x5	 x10:0x000007cf  x5:0xfff501fd x23=0xfff50632
      323359000	     16066	800053e6	8eb9	c.xor	x13,x14	 x13:0x08001dff x14:0x00000000 x13=0x08001dff
      323459000	     16071	800053e8	6171	c.addi16sp	x2,336	  x2:0x0000076f  x2=0x000008bf
      323479000	     16072	800053ea	03986963	bltu	x16,x25,8000541c	 x16:0x00000002 x25:0x00000000
      323499000	     16073	800053ee	0001	c.addi	x0,0	  x0:0x00000000  x0=0x00000000
      323519000	     16074	800053f0	8f99	c.sub	x15,x14	 x15:0x00000000 x14:0x00000000 x15=0x00000000
      323539000	     16075	800053f2	98fe	c.add	x17,x31	 x17:0xffffffff x31:0x000007ef x17=0x000007ee
      323579000	     16077	800053f4	b349f313	andi	x6,x19,-1228	 x19:0x88024442  x6=0x88024000
      323879000	     16092	800053f8	d3c36813	ori	x16,x6,-708	  x6:0x88024000 x16=0xfffffd3c
      324139000	     16105	800053fc	b9282713	slti	x14,x16,-1134	 x16:0xfffffd3c x14=0x00000000
      324159000	     16106	80005400	5b7d	c.li	x22,-1	 x22=0xffffffff
      324179000	     16107	80005402	8039	c.srli	x8,0xe	  x8:0x88024889  x8=0x00022009
      324579000	     16127	80005404	1b9c	c.addi4spn	x15,x2,496	 x15=0x00000aaf
      324599000	     16128	80005406	402308b3	sub	x17,x6,x2	  x6:0x88024000  x2:0x000008bf x17=0x88023741
      324619000	     16129	8000540a	05cee163	bltu	x29,x28,8000544c	 x29:0x00bda022 x28:0x80021e74
      324839000	     16140	8000544c	019b5d33	srl	x26,x22,x25	 x22:0xffffffff x25:0x00000000 x26=0xffffffff
      325819000	     16189	80005450	d27c8b13	addi	x22,x25,-729	 x25:0x00000000 x22=0xfffffd27
      325999000	     16198	80005454	e709	c.bnez	x14,8000545e	 x14:0x00000000
      326019000	     16199	80005456	8e4d	c.or	x12,x11	 x12:0x00000000 x11:0x894eacb4 x12=0x894eacb4
      326039000	     16200	80005458	03828063	beq	x5,x24,80005478	  x5:0xfff501fd x24:0xfdb1f336
      326059000	     16201	8000545c	6bcd	c.lui	x23,0x13	 x23=0x00013000
      326079000	     16202	8000545e	42b9	c.li	x5,14	  x5=0x0000000e
      326819000	     16239	80005460	0216fb33	remu	x22,x13,x1	 x13:0x08001dff  x1:0x3da27fa5 x22=0x08001dff
      326839000	     16240	80005464	c30d	c.beqz	x14,80005486	 x14:0x00000000
      327779000	     16287	80005486	02efb2b3	mulhu	x5,x31,x14	 x31:0x000007ef x14:0x00000000  x5=0x00000000
      328179000	     16307	8000548a	02a67263	bgeu	x12,x10,800054ae	 x12:0x894eacb4 x10:0x000007cf
      328739000	     16335	800054ae	026afa63	bgeu	x21,x6,800054e2	 x21:0xffffffff  x6:0x88024000
      328839000	     16340	800054e2	01816f63	bltu	x2,x24,80005500	  x2:0x000008bf x24:0xfdb1f336
      329139000	     16355	80005500	8e1d	c.sub	x12,x15	 x12:0x894eacb4 x15:0x00000aaf x12=0x894ea205
      329159000	     16356	80005502	7f4db013	sltiu	x0,x27,2036	 x27:0x77f00000  x0=0x00000000
      329179000	     16357	80005506	0296	c.slli	x5,0x5	  x5:0x00000000  x5=0x00000000
      329599000	     16378	80005508	a6576413	ori	x8,x14,-1435	 x14:0x00000000  x8=0xfffffa65
      329739000	     16385	8000550c	8f31	c.xor	x14,x12	 x14:0x00000000 x12:0x894ea205 x14=0x894ea205
      329759000	     16386	8000550e	8f09	c.sub	x14,x10	 x14:0x894ea205 x10:0x000007cf x14=0x894e9a36
      329779000	     16387	80005510	40900833	sub	x16,x0,x9	  x0:0x00000000  x9:0x80021e64 x16=0x7ffde19c
      330679000	     16432	80005514	0263c933	div	x18,x7,x6	  x7:0x88024442  x6:0x88024000 x18=0x00000000
      330699000	     16433	80005518	02fe1963	bne	x28,x15,8000554a	 x28:0x80021e74 x15:0x00000aaf
      331399000	     16468	8000554a	02008863	beq	x1,x0,8000557a	  x1:0x3da27fa5  x0:0x00000000
      331639000	     16480	8000554e	0094d663	bge	x9,x9,8000555a	  x9:0x80021e64  x9:0x80021e64
      332319000	     16514	8000555a	017fd713	srli	x14,x31,0x17	 x31:0x000007ef x14=0x00000000
      333139000	     16555	8000555e	03aef733	remu	x14,x29,x26	 x29:0x00bda022 x26:0xffffffff x14=0x00bda022
      333159000	     16556	80005562	40395513	srai	x10,x18,0x3	 x18:0x00000000 x10=0x00000000
      333179000	     16557	80005566	567d	c.li	x12,-1	 x12=0xffffffff
      333199000	     16558	80005568	691d	c.lui	x18,0x7	 x18=0x00007000
      333219000	     16559	8000556a	00ef4e63	blt	x30,x14,80005586	 x30:0x80025ce4 x14:0x00bda022
      333319000	     16564	80005586	c399	c.beqz	x15,8000558c	 x15:0x00000aaf
      334099000	     16603	80005588	d566b313	sltiu	x6,x13,-682	 x13:0x08001dff  x6=0x00000001
      334119000	     16604	8000558c	02cc6363	bltu	x24,x12,800055b2	 x24:0xfdb1f336 x12:0xffffffff
      335359000	     16666	800055b2	01dcc533	xor	x10,x25,x29	 x25:0x00000000 x29:0x00bda022 x10=0x00bda022
      335659000	     16681	800055b6	03de0a63	beq	x28,x29,800055ea	 x28:0x80021e74 x29:0x00bda022
      335679000	     16682	800055ba	0001	c.addi	x0,0	  x0:0x00000000  x0=0x00000000
      335739000	     16685	800055bc	e771b093	sltiu	x1,x3,-393	  x3:0x44a89ffa  x1=0x00000001
      335859000	     16691	800055c0	0b90	c.addi4spn	x12,x2,464	 x12=0x00000a8f
      335899000	     16693	800055c2	0000100f	fence.i	
      336219000	     16709	800055c6	0e9c	c.addi4spn	x15,x2,848	 x15=0x00000c0f
      337119000	     16754	800055c8	029bd6b3	divu	x13,x23,x9	 x23:0x00013000  x9:0x80021e64 x13=0x00000000
      337139000	     16755	800055cc	00595d13	srli	x26,x18,0x5	 x18:0x00007000 x26=0x00000380
      337159000	     16756	800055d0	01cfd633	srl	x12,x31,x28	 x31:0x000007ef x28:0x80021e74 x12=0x00000000
      337179000	     16757	800055d4	01803db3	sltu	x27,x0,x24	  x0:0x00000000 x24:0xfdb1f336 x27=0x00000001
      337199000	     16758	800055d8	036f36b7	lui	x13,0x36f3	 x13=0x036f3000
      337399000	     16768	800055dc	987d	c.andi	x8,-1	  x8:0xfffffa65  x8=0xfffffa65
      337419000	     16769	800055de	005a8263	beq	x21,x5,800055e2	 x21:0xffffffff  x5:0x00000000
      337619000	     16779	800055e2	01c8ddb3	srl	x27,x17,x28	 x17:0x88023741 x28:0x80021e74 x27=0x00000880
      337699000	     16783	800055e6	01739b13	slli	x22,x7,0x17	  x7:0x88024442 x22=0x21000000
      337719000	     16784	800055ea	8049	c.srli	x8,0x12	  x8:0xfffffa65  x8=0x00003fff
      337739000	     16785	800055ec	031c	c.addi4spn	x15,x2,384	 x15=0x00000a3f
      337759000	     16786	800055ee	8f3d	c.xor	x14,x15	 x14:0x00bda022 x15:0x00000a3f x14=0x00bdaa1d
      337779000	     16787	800055f0	ce19	c.beqz	x12,8000560e	 x12:0x00000000
      338559000	     16826	8000560e	01f490b3	sll	x1,x9,x31	  x9:0x80021e64 x31:0x000007ef  x1=0x0f320000
      338739000	     16835	80005612	01c730b3	sltu	x1,x14,x28	 x14:0x00bdaa1d x28:0x80021e74  x1=0x00000001
      338759000	     16836	80005616	13fd	c.addi	x7,-1	  x7:0x88024442  x7=0x88024441
      338779000	     16837	80005618	11bec993	xori	x19,x29,283	 x29:0x00bda022 x19=0x00bda139
      338799000	     16838	8000561c	01e02733	slt	x14,x0,x30	  x0:0x00000000 x30:0x80025ce4 x14=0x00000000
      339219000	     16859	80005620	0203d563	bge	x7,x0,8000564a	  x7:0x88024441  x0:0x00000000
      339259000	     16861	80005624	f3d4b793	sltiu	x15,x9,-195	  x9:0x80021e64 x15=0x00000001
      339579000	     16877	80005628	6165	c.addi16sp	x2,112	  x2:0x000008bf  x2=0x0000092f
      339779000	     16887	8000562a	0000100f	fence.i	
      340519000	     16924	8000562e	87ed	c.srai	x15,0x1b	 x15:0x00000001 x15=0x00000000
      340559000	     16926	80005630	012bc233	xor	x4,x23,x18	 x23:0x00013000 x18:0x00007000  x4=0x00014000
      340599000	     16928	80005634	038b3d33	mulhu	x26,x22,x24	 x22:0x21000000 x24:0xfdb1f336 x26=0x20b3f059
      340739000	     16935	80005638	10fd	c.addi	x1,-1	  x1:0x00000001  x1=0x00000000
      341119000	     16954	8000563a	980b8793	addi	x15,x23,-1664	 x23:0x00013000 x15=0x00012980
      341319000	     16964	8000563e	01c91d13	slli	x26,x18,0x1c	 x18:0x00007000 x26=0x00000000
      341339000	     16965	80005642	00224533	xor	x10,x4,x2	  x4:0x00014000  x2:0x0000092f x10=0x0001492f
      341499000	     16973	80005646	001fc563	blt	x31,x1,80005650	 x31:0x000007ef  x1:0x00000000
      341519000	     16974	8000564a	a889ae93	slti	x29,x19,-1400	 x19:0x00bda139 x29=0x00000000
      341539000	     16975	8000564e	8d29	c.xor	x10,x10	 x10:0x0001492f x10:0x0001492f x10=0x00000000
      341559000	     16976	80005650	058e6363	bltu	x28,x24,80005696	 x28:0x80021e74 x24:0xfdb1f336
      341799000	     16988	80005696	01566db3	or	x27,x12,x21	 x12:0x00000000 x21:0xffffffff x27=0xffffffff
      342259000	     17011	8000569a	1ea20893	addi	x17,x4,490	  x4:0x00014000 x17=0x000141ea
      342399000	     17018	8000569e	0d992d93	slti	x27,x18,217	 x18:0x00007000 x27=0x00000000
      342419000	     17019	800056a2	01be	c.slli	x3,0xf	  x3:0x44a89ffa  x3=0x4ffd0000
      342659000	     17031	800056a4	000f23b3	slt	x7,x30,x0	 x30:0x80025ce4  x0:0x00000000  x7=0x00000001
      343399000	     17068	800056a8	03fdc533	div	x10,x27,x31	 x27:0x00000000 x31:0x000007ef x10=0x00000000
      343419000	     17069	800056ac	16fd	c.addi	x13,-1	 x13:0x036f3000 x13=0x036f2fff
      343439000	     17070	800056ae	008bd113	srli	x2,x23,0x8	 x23:0x00013000  x2=0x00000130
      343459000	     17071	800056b2	00ac1a13	slli	x20,x24,0xa	 x24:0xfdb1f336 x20=0xc7ccd800
      343479000	     17072	800056b6	01df1b63	bne	x30,x29,800056cc	 x30:0x80025ce4 x29:0x00000000
      343959000	     17096	800056cc	4a5d	c.li	x20,23	 x20=0x00000017
      343999000	     17098	800056ce	c40008b7	lui	x17,0xc4000	 x17=0xc4000000
      344059000	     17101	800056d2	676cae13	slti	x28,x25,1654	 x25:0x00000000 x28=0x00000001
      344139000	     17105	800056d6	01e49033	sll	x0,x9,x30	  x9:0x80021e64 x30:0x80025ce4  x0=0x00000000
      344159000	     17106	800056da	9416	c.add	x8,x5	  x8:0x00003fff  x5:0x00000000  x8=0x00003fff
      344179000	     17107	800056dc	00bd4b63	blt	x26,x11,800056f2	 x26:0x00000000 x11:0x894eacb4
      344379000	     17117	800056e0	16d57e13	andi	x28,x10,365	 x10:0x00000000 x28=0x00000000
      344399000	     17118	800056e4	8e5d	c.or	x12,x15	 x12:0x00000000 x15:0x00012980 x12=0x00012980
      344819000	     17139	800056e6	01399a13	slli	x20,x19,0x13	 x19:0x00bda139 x20=0x09c80000
      344859000	     17141	800056ea	0188e763	bltu	x17,x24,800056f8	 x17:0xc4000000 x24:0xfdb1f336
      345399000	     17168	800056f8	02562333	mulhsu	x6,x12,x5	 x12:0x00012980  x5:0x00000000  x6=0x00000000
      345419000	     17169	800056fc	8785	c.srai	x15,0x1	 x15:0x00012980 x15=0x000094c0
      345479000	     17172	800056fe	03381363	bne	x16,x19,80005724	 x16:0x7ffde19c x19:0x00bda139
      346059000	     17201	80005724	0168d513	srli	x10,x17,0x16	 x17:0xc4000000 x10=0x00000310
      346259000	     17211	80005728	cf11	c.beqz	x14,80005744	 x14:0x00000000
      346879000	     17242	80005744	83c5	c.srli	x15,0x11	 x15:0x000094c0 x15=0x00000000
      347379000	     17267	80005746	0354a033	mulhsu	x0,x9,x21	  x9:0x80021e64 x21:0xffffffff  x0=0x00000000
      348119000	     17304	8000574a	03264b33	div	x22,x12,x18	 x12:0x00012980 x18:0x00007000 x22=0x00000002
      348139000	     17305	8000574e	411b83b3	sub	x7,x23,x17	 x23:0x00013000 x17:0xc4000000  x7=0x3c013000
      348159000	     17306	80005752	56fd	c.li	x13,-1	 x13=0xffffffff
      348899000	     17343	80005754	02c3c8b3	div	x17,x7,x12	  x7:0x3c013000 x12:0x00012980 x17=0x000033a2
      348919000	     17344	80005758	4064d8b3	sra	x17,x9,x6	  x9:0x80021e64  x6:0x00000000 x17=0x80021e64
      348939000	     17345	8000575c	7a158e93	addi	x29,x11,1953	 x11:0x894eacb4 x29=0x894eb455
      348979000	     17347	80005760	020d41b3	div	x3,x26,x0	 x26:0x00000000  x0:0x00000000  x3=0xffffffff
      348999000	     17348	80005764	40dcde93	srai	x29,x25,0xd	 x25:0x00000000 x29=0x00000000
      349019000	     17349	80005768	0082fdb3	and	x27,x5,x8	  x5:0x00000000  x8:0x00003fff x27=0x00000000
      349039000	     17350	8000576c	01695913	srli	x18,x18,0x16	 x18:0x00007000 x18=0x00000000
      349139000	     17355	80005770	8d3d	c.xor	x10,x15	 x10:0x00000310 x15:0x00000000 x10=0x00000310
      349279000	     17362	80005772	02197a63	bgeu	x18,x1,800057a6	 x18:0x00000000  x1:0x00000000
      350079000	     17402	800057a6	402fdab3	sra	x21,x31,x2	 x31:0x000007ef  x2:0x00000130 x21=0x00000000
      350099000	     17403	800057aa	9c86	c.add	x25,x1	 x25:0x00000000  x1:0x00000000 x25=0x00000000
      350119000	     17404	800057ac	1c88	c.addi4spn	x10,x2,624	 x10=0x000003a0
      350239000	     17410	800057ae	0000100f	fence.i	
      350999000	     17448	800057b2	025126b3	mulhsu	x13,x2,x5	  x2:0x00000130  x5:0x00000000 x13=0x00000000
      351299000	     17463	800057b6	00b59b93	slli	x23,x11,0xb	 x11:0x894eacb4 x23=0x7565a000
      351319000	     17464	800057ba	0196c633	xor	x12,x13,x25	 x13:0x00000000 x25:0x00000000 x12=0x00000000
      351339000	     17465	800057be	e295	c.bnez	x13,800057e2	 x13:0x00000000
      351459000	     17471	800057c0	038f8633	mul	x12,x31,x24	 x31:0x000007ef x24:0xfdb1f336 x12=0xb6c8896a
      351539000	     17475	800057c4	0000100f	fence.i	
      352259000	     17511	800057c8	00c8f033	and	x0,x17,x12	 x17:0x80021e64 x12:0xb6c8896a  x0=0x00000000
      352339000	     17515	800057cc	00ce7733	and	x14,x28,x12	 x28:0x00000000 x12:0xb6c8896a x14=0x00000000
      352359000	     17516	800057d0	0000100f	fence.i	
      353299000	     17563	800057d4	0001	c.addi	x0,0	  x0:0x00000000  x0=0x00000000
      353339000	     17565	800057d6	b68ee393	ori	x7,x29,-1176	 x29:0x00000000  x7=0xfffffb68
      353479000	     17572	800057da	002b6fb3	or	x31,x22,x2	 x22:0x00000002  x2:0x00000130 x31=0x00000132
      353579000	     17577	800057de	0326eb63	bltu	x13,x18,80005814	 x13:0x00000000 x18:0x00000000
      353619000	     17579	800057e2	02166933	rem	x18,x12,x1	 x12:0xb6c8896a  x1:0x00000000 x18=0xb6c8896a
      353799000	     17588	800057e6	4078df93	srai	x31,x17,0x7	 x17:0x80021e64 x31=0xff00043c
      353919000	     17594	800057ea	a81fbf93	sltiu	x31,x31,-1407	 x31:0xff00043c x31=0x00000001
      353939000	     17595	800057ee	67a9	c.lui	x15,0xa	 x15=0x0000a000
      354299000	     17613	800057f0	00038db3	add	x27,x7,x0	  x7:0xfffffb68  x0:0x00000000 x27=0xfffffb68
      354499000	     17623	800057f4	9a7d	c.andi	x12,-1	 x12:0xb6c8896a x12=0xb6c8896a
      354639000	     17630	800057f6	0334b7b3	mulhu	x15,x9,x19	  x9:0x80021e64 x19:0x00bda139 x15=0x005ed22e
      355739000	     17685	800057fa	02cd4733	div	x14,x26,x12	 x26:0x00000000 x12:0xb6c8896a x14=0x00000000
      355759000	     17686	800057fe	401207b3	sub	x15,x4,x1	  x4:0x00014000  x1:0x00000000 x15=0x00014000
      355779000	     17687	80005802	0130eab3	or	x21,x1,x19	  x1:0x00000000 x19:0x00bda139 x21=0x00bda139
      355799000	     17688	80005806	02158bb3	mul	x23,x11,x1	 x11:0x894eacb4  x1:0x00000000 x23=0x00000000
      355839000	     17690	8000580a	02122033	mulhsu	x0,x4,x1	  x4:0x00014000  x1:0x00000000  x0=0x00000000
      355859000	     17691	8000580e	6209	c.lui	x4,0x2	  x4=0x00002000
      355899000	     17693	80005810	02869133	mulh	x2,x13,x8	 x13:0x00000000  x8:0x00003fff  x2=0x00000000
      355919000	     17694	80005814	021f7363	bgeu	x30,x1,8000583a	 x30:0x80025ce4  x1:0x00000000
      356379000	     17717	8000583a	00b6d413	srli	x8,x13,0xb	 x13:0x00000000  x8=0x00000000
      356399000	     17718	8000583e	009c78b3	and	x17,x24,x9	 x24:0xfdb1f336  x9:0x80021e64 x17=0x80001224
      356819000	     17739	80005842	84aa8c37	lui	x24,0x84aa8	 x24=0x84aa8000
      356839000	     17740	80005846	8ffd	c.and	x15,x15	 x15:0x00014000 x15:0x00014000 x15=0x00014000
      356859000	     17741	80005848	8e51	c.or	x12,x12	 x12:0xb6c8896a x12:0xb6c8896a x12=0xb6c8896a
      356879000	     17742	8000584a	01ad1eb3	sll	x29,x26,x26	 x26:0x00000000 x26:0x00000000 x29=0x00000000
      356899000	     17743	8000584e	11fd	c.addi	x3,-1	  x3:0xffffffff  x3=0xfffffffe
      356919000	     17744	80005850	0001	c.addi	x0,0	  x0:0x00000000  x0=0x00000000
      356939000	     17745	80005852	0001	c.addi	x0,0	  x0:0x00000000  x0=0x00000000
      356959000	     17746	80005854	0dbfb213	sltiu	x4,x31,219	 x31:0x00000001  x4=0x00000001
      357319000	     17764	80005858	0f30e713	ori	x14,x1,243	  x1:0x00000000 x14=0x000000f3
      357359000	     17766	8000585c	02120233	mul	x4,x4,x1	  x4:0x00000001  x1:0x00000000  x4=0x00000000
      357379000	     17767	80005860	ca01	c.beqz	x12,80005870	 x12:0xb6c8896a
      357399000	     17768	80005862	0d26b913	sltiu	x18,x13,210	 x13:0x00000000 x18=0x00000001
      357419000	     17769	80005866	87c5	c.srai	x15,0x11	 x15:0x00014000 x15=0x00000000
      357779000	     17787	80005868	b6bf6413	ori	x8,x30,-1173	 x30:0x80025ce4  x8=0xffffffef
      358519000	     17824	8000586c	027fc633	div	x12,x31,x7	 x31:0x00000001  x7:0xfffffb68 x12=0x00000000
      358539000	     17825	80005870	0000100f	fence.i	
      358619000	     17829	80005874	4289	c.li	x5,2	  x5=0x00000002
      359039000	     17850	80005876	e4d7c193	xori	x3,x15,-435	 x15:0x00000000  x3=0xfffffe4d
      359119000	     17854	8000587a	00ec08b3	add	x17,x24,x14	 x24:0x84aa8000 x14:0x000000f3 x17=0x84aa80f3
      359859000	     17891	8000587e	0329f433	remu	x8,x19,x18	 x19:0x00bda139 x18:0x00000001  x8=0x00000000
      359879000	     17892	80005882	0001	c.addi	x0,0	  x0:0x00000000  x0=0x00000000
      359899000	     17893	80005884	61358613	addi	x12,x11,1555	 x11:0x894eacb4 x12=0x894eb2c7
      359919000	     17894	80005888	04147363	bgeu	x8,x1,800058ce	  x8:0x00000000  x1:0x00000000
      360039000	     17900	800058ce	02ff9033	mulh	x0,x31,x15	 x31:0x00000001 x15:0x00000000  x0=0x00000000
      360059000	     17901	800058d2	8c29	c.xor	x8,x10	  x8:0x00000000 x10:0x000003a0  x8=0x000003a0
      360079000	     17902	800058d4	0231e963	bltu	x3,x3,80005906	  x3:0xfffffe4d  x3:0xfffffe4d
      360299000	     17913	800058d8	e409	c.bnez	x8,800058e2	  x8:0x000003a0
      364779000	     18137	800058e2	ef01	c.bnez	x14,800058fa	 x14:0x000000f3
      365319000	     18164	800058fa	039888b3	mul	x17,x17,x25	 x17:0x84aa80f3 x25:0x00000000 x17=0x00000000
      365599000	     18178	800058fe	01321c93	slli	x25,x4,0x13	  x4:0x00000000 x25=0x00000000
      365619000	     18179	80005902	6165	c.addi16sp	x2,112	  x2:0x00000000  x2=0x00000070
      365639000	     18180	80005904	854a	c.mv	x10,x18	  x0:0x00000000 x18:0x00000001 x10=0x00000001
      365659000	     18181	80005906	41298533	sub	x10,x19,x18	 x19:0x00bda139 x18:0x00000001 x10=0x00bda138
      365679000	     18182	8000590a	1f10	c.addi4spn	x12,x2,944	 x12=0x00000420
      365839000	     18190	8000590c	8fad	c.xor	x15,x11	 x15:0x00000000 x11:0x894eacb4 x15=0x894eacb4
      366979000	     18247	8000590e	032ed7b3	divu	x15,x29,x18	 x29:0x00000000 x18:0x00000001 x15=0x00000000
      366999000	     18248	80005912	9afd	c.andi	x13,-1	 x13:0x00000000 x13=0x00000000
      367739000	     18285	80005914	02b5f133	remu	x2,x11,x11	 x11:0x894eacb4 x11:0x894eacb4  x2=0x00000000
      367759000	     18286	80005918	1118	c.addi4spn	x14,x2,160	 x14=0x000000a0
      367779000	     18287	8000591a	8e61	c.and	x12,x8	 x12:0x00000420  x8:0x000003a0 x12=0x00000020
      367799000	     18288	8000591c	f0406c13	ori	x24,x0,-252	  x0:0x00000000 x24=0xffffff04
      367819000	     18289	80005920	10fd	c.addi	x1,-1	  x1:0x00000000  x1=0xffffffff
      367839000	     18290	80005922	402a0433	sub	x8,x20,x2	 x20:0x09c80000  x2:0x00000000  x8=0x09c80000
      367859000	     18291	80005926	ef85	c.bnez	x15,8000595e	 x15:0x00000000
      367879000	     18292	80005928	6209	c.lui	x4,0x2	  x4=0x00002000
      367899000	     18293	8000592a	c00d	c.beqz	x8,8000594c	  x8:0x09c80000
      367919000	     18294	8000592c	0073ca33	xor	x20,x7,x7	  x7:0xfffffb68  x7:0xfffffb68 x20=0x00000000
      368099000	     18303	80005930	8c41	c.or	x8,x8	  x8:0x09c80000  x8:0x09c80000  x8=0x09c80000
      368119000	     18304	80005932	0045c233	xor	x4,x11,x4	 x11:0x894eacb4  x4:0x00002000  x4=0x894e8cb4
      368179000	     18307	80005936	018dcd33	xor	x26,x27,x24	 x27:0xfffffb68 x24:0xffffff04 x26=0x0000046c
      368959000	     18346	8000593a	02304db3	div	x27,x0,x3	  x0:0x00000000  x3:0xfffffe4d x27=0x00000000
      368979000	     18347	8000593e	01555ab3	srl	x21,x10,x21	 x10:0x00bda138 x21:0x00bda139 x21=0x00000000
      368999000	     18348	80005942	e509	c.bnez	x10,8000594c	 x10:0x00bda138
      369199000	     18358	8000594c	8eb94713	xori	x14,x18,-1813	 x18:0x00000001 x14=0xfffff8ea
      369319000	     18364	80005950	34177313	andi	x6,x14,833	 x14:0xfffff8ea  x6=0x00000040
      369339000	     18365	80005954	00ab5a33	srl	x20,x22,x10	 x22:0x00000002 x10:0x00bda138 x20=0x00000000
      369619000	     18379	80005958	cc8d2b37	lui	x22,0xcc8d2	 x22=0xcc8d2000
      369639000	     18380	8000595c	e781	c.bnez	x15,80005964	 x15:0x00000000
      369839000	     18390	8000595e	b9678137	lui	x2,0xb9678	  x2=0xb9678000
      369859000	     18391	80005962	87f5	c.srai	x15,0x1d	 x15:0x00000000 x15=0x00000000
      369999000	     18398	80005964	01bef7b3	and	x15,x29,x27	 x29:0x00000000 x27:0x00000000 x15=0x00000000
      370019000	     18399	80005968	593f2117	auipc	x2,0x593f2	  x2=0xd93f7968
      370079000	     18402	8000596c	0001	c.addi	x0,0	  x0:0x00000000  x0=0x00000000
      370099000	     18403	8000596e	01829a63	bne	x5,x24,80005982	  x5:0x00000002 x24:0xffffff04
      370779000	     18437	80005982	b7ad8513	addi	x10,x27,-1158	 x27:0x00000000 x10=0xfffffb7a
      370799000	     18438	80005986	8e71	c.and	x12,x12	 x12:0x00000020 x12:0x00000020 x12=0x00000020
      370819000	     18439	80005988	717d	c.addi16sp	x2,-16	  x2:0xd93f7968  x2=0xd93f7958
      370839000	     18440	8000598a	8d19	c.sub	x10,x14	 x10:0xfffffb7a x14:0xfffff8ea x10=0x00000290
      370859000	     18441	8000598c	411b0db3	sub	x27,x22,x17	 x22:0xcc8d2000 x17:0x00000000 x27=0xcc8d2000
      370959000	     18446	80005990	c385	c.beqz	x15,800059b0	 x15:0x00000000
      371659000	     18481	800059b0	02151433	mulh	x8,x10,x1	 x10:0x00000290  x1:0xffffffff  x8=0xffffffff
      371759000	     18486	800059b4	025acc63	blt	x21,x5,800059ec	 x21:0x00000000  x5:0x00000002
      372059000	     18501	800059ec	47b3a193	slti	x3,x7,1147	  x7:0xfffffb68  x3=0x00000001
      372379000	     18517	800059f0	6b60a837	lui	x16,0x6b60a	 x16=0x6b60a000
      372599000	     18528	800059f4	03f133b3	mulhu	x7,x2,x31	  x2:0xd93f7958 x31:0x00000001  x7=0x00000000
      372619000	     18529	800059f8	00ef4533	xor	x10,x30,x14	 x30:0x80025ce4 x14:0xfffff8ea x10=0x7ffda40e
      372659000	     18531	800059fc	037d3733	mulhu	x14,x26,x23	 x26:0x0000046c x23:0x00000000 x14=0x00000000
      372679000	     18532	80005a00	0311	c.addi	x6,4	  x6:0x00000040  x6=0x00000044
      372699000	     18533	80005a02	01e45663	bge	x8,x30,80005a0e	  x8:0xffffffff x30:0x80025ce4
      373119000	     18554	80005a0e	c7d43c93	sltiu	x25,x8,-899	  x8:0xffffffff x25=0x00000000
      373139000	     18555	80005a12	0001	c.addi	x0,0	  x0:0x00000000  x0=0x00000000
      373159000	     18556	80005a14	614d	c.addi16sp	x2,176	  x2:0xd93f7958  x2=0xd93f7a08
      373179000	     18557	80005a16	0001	c.addi	x0,0	  x0:0x00000000  x0=0x00000000
      373299000	     18563	80005a18	0001	c.addi	x0,0	  x0:0x00000000  x0=0x00000000
      373459000	     18571	80005a1a	01a65433	srl	x8,x12,x26	 x12:0x00000020 x26:0x0000046c  x8=0x00000000
      373479000	     18572	80005a1e	6175	c.addi16sp	x2,368	  x2:0xd93f7a08  x2=0xd93f7b78
      373699000	     18583	80005a20	9b7d	c.andi	x14,-1	 x14:0x00000000 x14=0x00000000
      374059000	     18601	80005a22	750d0613	addi	x12,x26,1872	 x26:0x0000046c x12=0x00000bbc
      374479000	     18622	80005a26	00335e33	srl	x28,x6,x3	  x6:0x00000044  x3:0x00000001 x28=0x00000022
      374499000	     18623	80005a2a	117d	c.addi	x2,-1	  x2:0xd93f7b78  x2=0xd93f7b77
      374519000	     18624	80005a2c	0001	c.addi	x0,0	  x0:0x00000000  x0=0x00000000
      374559000	     18626	80005a2e	01372333	slt	x6,x14,x19	 x14:0x00000000 x19:0x00bda139  x6=0x00000001
      374579000	     18627	80005a32	012b5c33	srl	x24,x22,x18	 x22:0xcc8d2000 x18:0x00000001 x24=0x66469000
      374999000	     18648	80005a36	03e8e863	bltu	x17,x30,80005a66	 x17:0x00000000 x30:0x80025ce4
      376459000	     18721	80005a66	41455213	srai	x4,x10,0x14	 x10:0x7ffda40e  x4=0x000007ff
      376479000	     18722	80005a6a	41840433	sub	x8,x8,x24	  x8:0x00000000 x24:0x66469000  x8=0x99b97000
      376499000	     18723	80005a6e	8e29	c.xor	x12,x10	 x12:0x00000bbc x10:0x7ffda40e x12=0x7ffdafb2
      376519000	     18724	80005a70	00618863	beq	x3,x6,80005a80	  x3:0x00000001  x6:0x00000001
      377299000	     18763	80005a80	0216feb3	remu	x29,x13,x1	 x13:0x00000000  x1:0xffffffff x29=0x00000000
      377319000	     18764	80005a84	026b7463	bgeu	x22,x6,80005aac	 x22:0xcc8d2000  x6:0x00000001
      377399000	     18768	80005aac	567d	c.li	x12,-1	 x12=0xffffffff
      377419000	     18769	80005aae	0329	c.addi	x6,10	  x6:0x00000001  x6=0x0000000b
      378199000	     18808	80005ab0	8c3d	c.xor	x8,x15	  x8:0x99b97000 x15:0x00000000  x8=0x99b97000
      378219000	     18809	80005ab2	03f2c063	blt	x5,x31,80005ad2	  x5:0x00000002 x31:0x00000001
      378239000	     18810	80005ab6	534ae297	auipc	x5,0x534ae	  x5=0xd34b3ab6
      378259000	     18811	80005aba	01c2c333	xor	x6,x5,x28	  x5:0xd34b3ab6 x28:0x00000022  x6=0xd34b3a94
      378679000	     18832	80005abe	007fc033	xor	x0,x31,x7	 x31:0x00000001  x7:0x00000000  x0=0x00000000
      378699000	     18833	80005ac2	00ac7833	and	x16,x24,x10	 x24:0x66469000 x10:0x7ffda40e x16=0x66448000
      378719000	     18834	80005ac6	0001	c.addi	x0,0	  x0:0x00000000  x0=0x00000000
      378739000	     18835	80005ac8	03f91163	bne	x18,x31,80005aea	 x18:0x00000001 x31:0x00000001
      378759000	     18836	80005acc	0001	c.addi	x0,0	  x0:0x00000000  x0=0x00000000
      378779000	     18837	80005ace	1988	c.addi4spn	x10,x2,240	 x10=0xd93f7c67
      378899000	     18843	80005ad0	587d	c.li	x16,-1	 x16=0xffffffff
      379139000	     18855	80005ad2	03527963	bgeu	x4,x21,80005b04	  x4:0x000007ff x21:0x00000000
      379539000	     18875	80005b04	9aba	c.add	x21,x14	 x21:0x00000000 x14:0x00000000 x21=0x00000000
      379739000	     18885	80005b06	44109737	lui	x14,0x44109	 x14=0x44109000
      379759000	     18886	80005b0a	043d	c.addi	x8,15	  x8:0x99b97000  x8=0x99b9700f
      379779000	     18887	80005b0c	410d83b3	sub	x7,x27,x16	 x27:0xcc8d2000 x16:0xffffffff  x7=0xcc8d2001
      379839000	     18890	80005b10	01cfdab3	srl	x21,x31,x28	 x31:0x00000001 x28:0x00000022 x21=0x00000000
      379859000	     18891	80005b14	987d	c.andi	x8,-1	  x8:0x99b9700f  x8=0x99b9700f
      379879000	     18892	80005b16	400b5393	srai	x7,x22,0x0	 x22:0xcc8d2000  x7=0xcc8d2000
      379899000	     18893	80005b1a	00ba1333	sll	x6,x20,x11	 x20:0x00000000 x11:0x894eacb4  x6=0x00000000
      379919000	     18894	80005b1e	01df7533	and	x10,x30,x29	 x30:0x80025ce4 x29:0x00000000 x10=0x00000000
      379939000	     18895	80005b22	0131d213	srli	x4,x3,0x13	  x3:0x00000001  x4=0x00000000
      379959000	     18896	80005b26	06a1	c.addi	x13,8	 x13:0x00000000 x13=0x00000008
      379979000	     18897	80005b28	01d35233	srl	x4,x6,x29	  x6:0x00000000 x29:0x00000000  x4=0x00000000
      380379000	     18917	80005b2c	0243ad33	mulhsu	x26,x7,x4	  x7:0xcc8d2000  x4:0x00000000 x26=0x00000000
      380399000	     18918	80005b30	8f65	c.and	x14,x9	 x14:0x44109000  x9:0x80021e64 x14=0x00001000
      380419000	     18919	80005b32	8c6d	c.and	x8,x11	  x8:0x99b9700f x11:0x894eacb4  x8=0x89082004
      380439000	     18920	80005b34	040c9163	bne	x25,x0,80005b76	 x25:0x00000000  x0:0x00000000
      380719000	     18934	80005b38	02722033	mulhsu	x0,x4,x7	  x4:0x00000000  x7:0xcc8d2000  x0=0x00000000
      380939000	     18945	80005b3c	02474b63	blt	x14,x4,80005b72	 x14:0x00001000  x4:0x00000000
      381159000	     18956	80005b40	6179	c.addi16sp	x2,464	  x2:0xd93f7b77  x2=0xd93f7d47
      381179000	     18957	80005b42	876d	c.srai	x14,0x1b	 x14:0x00001000 x14=0x00000000
      381199000	     18958	80005b44	03d20433	mul	x8,x4,x29	  x4:0x00000000 x29:0x00000000  x8=0x00000000
      381279000	     18962	80005b48	c11d	c.beqz	x10,80005b6e	 x10:0x00000000
      381679000	     18982	80005b6e	01b1d563	bge	x3,x27,80005b78	  x3:0x00000001 x27:0xcc8d2000
      382859000	     19041	80005b78	033c10b3	mulh	x1,x24,x19	 x24:0x66469000 x19:0x00bda139  x1=0x004bc281
      383039000	     19050	80005b7c	717d	c.addi16sp	x2,-16	  x2:0xd93f7d47  x2=0xd93f7d37
      383479000	     19072	80005b7e	039bf8b3	remu	x17,x23,x25	 x23:0x00000000 x25:0x00000000 x17=0x00000000
      383799000	     19088	80005b82	00d7c963	blt	x15,x13,80005b94	 x15:0x00000000 x13:0x00000008
      384379000	     19117	80005b94	0001	c.addi	x0,0	  x0:0x00000000  x0=0x00000000
      384959000	     19146	80005b96	01e74463	blt	x14,x30,80005b9e	 x14:0x00000000 x30:0x80025ce4
      384979000	     19147	80005b9a	0000100f	fence.i	
      386539000	     19225	80005b9e	036f48b3	div	x17,x30,x22	 x30:0x80025ce4 x22:0xcc8d2000 x17=0x00000002
      386559000	     19226	80005ba2	042a	c.slli	x8,0xa	  x8:0x00000000  x8=0x00000000
      386579000	     19227	80005ba4	0341cb63	blt	x3,x20,80005bda	  x3:0x00000001 x20:0x00000000
      386599000	     19228	80005ba8	007a4133	xor	x2,x20,x7	 x20:0x00000000  x7:0xcc8d2000  x2=0xcc8d2000
      386619000	     19229	80005bac	0001	c.addi	x0,0	  x0:0x00000000  x0=0x00000000
      386639000	     19230	80005bae	37f4cfb7	lui	x31,0x37f4c	 x31=0x37f4c000
      386659000	     19231	80005bb2	d3cfc393	xori	x7,x31,-708	 x31:0x37f4c000  x7=0xc80b3d3c
      386679000	     19232	80005bb6	8f99	c.sub	x15,x14	 x15:0x00000000 x14:0x00000000 x15=0x00000000
      386699000	     19233	80005bb8	6151	c.addi16sp	x2,272	  x2:0xcc8d2000  x2=0xcc8d2110
      386719000	     19234	80005bba	0001	c.addi	x0,0	  x0:0x00000000  x0=0x00000000
      386979000	     19247	80005bbc	03c19d63	bne	x3,x28,80005bf6	  x3:0x00000001 x28:0x00000022
      391839000	     19490	80005bf6	8d5d	c.or	x10,x15	 x10:0x00000000 x15:0x00000000 x10=0x00000000
      391919000	     19494	80005bf8	0020c0b3	xor	x1,x1,x2	  x1:0x004bc281  x2:0xcc8d2110  x1=0xccc6e391
      391959000	     19496	80005bfc	8515	c.srai	x10,0x5	 x10:0x00000000 x10=0x00000000
      391979000	     19497	80005bfe	8fe9	c.and	x15,x10	 x15:0x00000000 x10:0x00000000 x15=0x00000000
      391999000	     19498	80005c00	038a	c.slli	x7,0x2	  x7:0xc80b3d3c  x7=0x202cf4f0
      392019000	     19499	80005c02	cb23e413	ori	x8,x7,-846	  x7:0x202cf4f0  x8=0xfffffcf2
      392039000	     19500	80005c06	8bf2	c.mv	x23,x28	  x0:0x00000000 x28:0x00000022 x23=0x00000022
      392059000	     19501	80005c08	612d	c.addi16sp	x2,224	  x2:0xcc8d2110  x2=0xcc8d21f0
      392179000	     19507	80005c0a	01d85663	bge	x16,x29,80005c16	 x16:0xffffffff x29:0x00000000
      392199000	     19508	80005c0e	8736	c.mv	x14,x13	  x0:0x00000000 x13:0x00000008 x14=0x00000008
      392219000	     19509	80005c10	8c39	c.xor	x8,x14	  x8:0xfffffcf2 x14:0x00000008  x8=0xfffffcfa
      392339000	     19515	80005c12	e7439db7	lui	x27,0xe7439	 x27=0xe7439000
      392359000	     19516	80005c16	0001	c.addi	x0,0	  x0:0x00000000  x0=0x00000000
      392379000	     19517	80005c18	f2102e97	auipc	x29,0xf2102	 x29=0x72107c18
      392399000	     19518	80005c1c	8d29	c.xor	x10,x10	 x10:0x00000000 x10:0x00000000 x10=0x00000000
      392419000	     19519	80005c1e	8f25	c.xor	x14,x9	 x14:0x00000008  x9:0x80021e64 x14=0x80021e6c
      392519000	     19524	80005c20	0b3a	c.slli	x22,0xe	 x22:0xcc8d2000 x22=0x48000000
      392559000	     19526	80005c22	031791b3	mulh	x3,x15,x17	 x15:0x00000000 x17:0x00000002  x3=0x00000000
      392679000	     19532	80005c26	008bb6b3	sltu	x13,x23,x8	 x23:0x00000022  x8:0xfffffcfa x13=0x00000001
      392699000	     19533	80005c2a	8b81	c.andi	x15,0	 x15:0x00000000 x15=0x00000000
      392719000	     19534	80005c2c	4035dd13	srai	x26,x11,0x3	 x11:0x894eacb4 x26=0xf129d596
      392739000	     19535	80005c30	6a29	c.lui	x20,0xa	 x20=0x0000a000
      393159000	     19556	80005c32	000c0f63	beq	x24,x0,80005c50	 x24:0x66469000  x0:0x00000000
      393279000	     19562	80005c36	01b9c463	blt	x19,x27,80005c3e	 x19:0x00bda139 x27:0xe7439000
      393299000	     19563	80005c3a	41f6d233	sra	x4,x13,x31	 x13:0x00000001 x31:0x37f4c000  x4=0x00000001
      394039000	     19600	80005c3e	03f3f933	remu	x18,x7,x31	  x7:0x202cf4f0 x31:0x37f4c000 x18=0x202cf4f0
      394059000	     19601	80005c42	8d09	c.sub	x10,x10	 x10:0x00000000 x10:0x00000000 x10=0x00000000
      394079000	     19602	80005c44	8c15	c.sub	x8,x13	  x8:0xfffffcfa x13:0x00000001  x8=0xfffffcf9
      394099000	     19603	80005c46	8d2d	c.xor	x10,x11	 x10:0x00000000 x11:0x894eacb4 x10=0x894eacb4
      394119000	     19604	80005c48	00655cb3	srl	x25,x10,x6	 x10:0x894eacb4  x6:0x00000000 x25=0x894eacb4
      394139000	     19605	80005c4c	32788113	addi	x2,x17,807	 x17:0x00000002  x2=0x00000329
      394179000	     19607	80005c50	035c2133	mulhsu	x2,x24,x21	 x24:0x66469000 x21:0x00000000  x2=0x00000000
      394919000	     19644	80005c54	0301f733	remu	x14,x3,x16	  x3:0x00000000 x16:0xffffffff x14=0x00000000
      394939000	     19645	80005c58	017c0463	beq	x24,x23,80005c60	 x24:0x66469000 x23:0x00000022
      394959000	     19646	80005c5c	e205	c.bnez	x12,80005c7c	 x12:0xffffffff
      395059000	     19651	80005c7c	03545b33	divu	x22,x8,x21	  x8:0xfffffcf9 x21:0x00000000 x22=0xffffffff
      395159000	     19656	80005c80	9f526213	ori	x4,x4,-1547	  x4:0x00000001  x4=0xfffff9f5
      395259000	     19661	80005c84	41a20833	sub	x16,x4,x26	  x4:0xfffff9f5 x26:0xf129d596 x16=0x0ed6245f
      395459000	     19671	80005c88	3e9d2237	lui	x4,0x3e9d2	  x4=0x3e9d2000
      395579000	     19677	80005c8c	8f69	c.and	x14,x10	 x14:0x00000000 x10:0x894eacb4 x14=0x00000000
      395899000	     19693	80005c8e	032d3733	mulhu	x14,x26,x18	 x26:0xf129d596 x18:0x202cf4f0 x14=0x1e4f94a1
      395919000	     19694	80005c92	03824d63	blt	x4,x24,80005ccc	  x4:0x3e9d2000 x24:0x66469000
      396579000	     19727	80005ccc	03e701b3	mul	x3,x14,x30	 x14:0x1e4f94a1 x30:0x80025ce4  x3=0x418c3b64
      396739000	     19735	80005cd0	401f5cb3	sra	x25,x30,x1	 x30:0x80025ce4  x1:0xccc6e391 x25=0xffffc001
      396859000	     19741	80005cd4	0075d613	srli	x12,x11,0x7	 x11:0x894eacb4 x12=0x01129d59
      396879000	     19742	80005cd8	8f91	c.sub	x15,x12	 x15:0x00000000 x12:0x01129d59 x15=0xfeed62a7
      396899000	     19743	80005cda	0248d363	bge	x17,x4,80005d00	 x17:0x00000002  x4:0x3e9d2000
      396919000	     19744	80005cde	f847e093	ori	x1,x15,-124	 x15:0xfeed62a7  x1=0xffffffa7
      396939000	     19745	80005ce2	ef426a93	ori	x21,x4,-268	  x4:0x3e9d2000 x21=0xfffffef4
      396999000	     19748	80005ce6	6e36af93	slti	x31,x13,1763	 x13:0x00000001 x31=0x00000001
      397019000	     19749	80005cea	8fd1	c.or	x15,x12	 x15:0xfeed62a7 x12:0x01129d59 x15=0xffffffff
      397079000	     19752	80005cec	75c43693	sltiu	x13,x8,1884	  x8:0xfffffcf9 x13=0x00000000
      397099000	     19753	80005cf0	024d5263	bge	x26,x4,80005d14	 x26:0xf129d596  x4:0x3e9d2000
      397339000	     19765	80005cf4	0201a2b3	mulhsu	x5,x3,x0	  x3:0x418c3b64  x0:0x00000000  x5=0x00000000
      397359000	     19766	80005cf8	41e35093	srai	x1,x6,0x1e	  x6:0x00000000  x1=0x00000000
      397759000	     19786	80005cfc	cc187613	andi	x12,x16,-831	 x16:0x0ed6245f x12=0x0ed62441
      398039000	     19800	80005d00	56fd	c.li	x13,-1	 x13=0xffffffff
      398479000	     19822	80005d02	03ab3a33	mulhu	x20,x22,x26	 x22:0xffffffff x26:0xf129d596 x20=0xf129d595
      398499000	     19823	80005d06	00e72cb3	slt	x25,x14,x14	 x14:0x1e4f94a1 x14:0x1e4f94a1 x25=0x00000000
      398899000	     19843	80005d0a	013d76b3	and	x13,x26,x19	 x26:0xf129d596 x19:0x00bda139 x13=0x00298110
      399319000	     19864	80005d0e	3a067193	andi	x3,x12,928	 x12:0x0ed62441  x3=0x00000000
      399339000	     19865	80005d12	8211	c.srli	x12,0x4	 x12:0x0ed62441 x12=0x00ed6244
      399459000	     19871	80005d14	013fd963	bge	x31,x19,80005d26	 x31:0x00000001 x19:0x00bda139
      399779000	     19887	80005d18	00ff7ab3	and	x21,x30,x15	 x30:0x80025ce4 x15:0xffffffff x21=0x80025ce4
      399799000	     19888	80005d1c	61c5	c.lui	x3,0x11	  x3=0x00011000
      399959000	     19896	80005d1e	010af533	and	x10,x21,x16	 x21:0x80025ce4 x16:0x0ed6245f x10=0x00020444
      399979000	     19897	80005d22	6f3bcd93	xori	x27,x23,1779	 x23:0x00000022 x27=0x000006d1
      399999000	     19898	80005d26	69dd	c.lui	x19,0x17	 x19=0x00017000
      400019000	     19899	80005d28	eb8d	c.bnez	x15,80005d5a	 x15:0xffffffff
      401159000	     19956	80005d5a	0018ba33	sltu	x20,x17,x1	 x17:0x00000002  x1:0x00000000 x20=0x00000000
      401179000	     19957	80005d5e	8541	c.srai	x10,0x10	 x10:0x00020444 x10=0x00000002
      401579000	     19977	80005d60	01b05413	srli	x8,x0,0x1b	  x0:0x00000000  x8=0x00000000
      401759000	     19986	80005d64	0aee	c.slli	x21,0x1b	 x21:0x80025ce4 x21=0x20000000
      401899000	     19993	80005d66	00066eb3	or	x29,x12,x0	 x12:0x00ed6244  x0:0x00000000 x29=0x00ed6244
      402319000	     20014	80005d6a	029c1563	bne	x24,x9,80005d94	 x24:0x66469000  x9:0x80021e64
      402599000	     20028	80005d94	010f6d33	or	x26,x30,x16	 x30:0x80025ce4 x16:0x0ed6245f x26=0x8ed67cff
      402819000	     20039	80005d98	de858b97	auipc	x23,0xde858	 x23=0x5e85dd98
      402839000	     20040	80005d9c	00975a13	srli	x20,x14,0x9	 x14:0x1e4f94a1 x20=0x000f27ca
      402919000	     20044	80005da0	0001	c.addi	x0,0	  x0:0x00000000  x0=0x00000000
      403339000	     20065	80005da2	03795963	bge	x18,x23,80005dd4	 x18:0x202cf4f0 x23:0x5e85dd98
      403359000	     20066	80005da6	40ba8cb3	sub	x25,x21,x11	 x21:0x20000000 x11:0x894eacb4 x25=0x96b1534c
      403379000	     20067	80005daa	8ec5	c.or	x13,x9	 x13:0x00298110  x9:0x80021e64 x13=0x802b9f74
      403539000	     20075	80005dac	8f81	c.sub	x15,x8	 x15:0xffffffff  x8:0x00000000 x15=0xffffffff
      403859000	     20091	80005dae	0ff0000f	fence	iorw,iorw	
      404059000	     20101	80005db2	03d11a33	mulh	x20,x2,x29	  x2:0x00000000 x29:0x00ed6244 x20=0x00000000
      404439000	     20120	80005db6	c9644b93	xori	x23,x8,-874	  x8:0x00000000 x23=0xfffffc96
      404499000	     20123	80005dba	026e3eb3	mulhu	x29,x28,x6	 x28:0x00000022  x6:0x00000000 x29=0x00000000
      404519000	     20124	80005dbe	01be0d63	beq	x28,x27,80005dd8	 x28:0x00000022 x27:0x000006d1
      404559000	     20126	80005dc2	49fa0513	addi	x10,x20,1183	 x20:0x00000000 x10=0x0000049f
      404579000	     20127	80005dc6	877d	c.srai	x14,0x1f	 x14:0x1e4f94a1 x14=0x00000000
      404759000	     20136	80005dc8	58fd	c.li	x17,-1	 x17=0xffffffff
      404779000	     20137	80005dca	00088d33	add	x26,x17,x0	 x17:0xffffffff  x0:0x00000000 x26=0xffffffff
      404919000	     20144	80005dce	0324ca63	blt	x9,x18,80005e02	  x9:0x80021e64 x18:0x202cf4f0
      405859000	     20191	80005e02	02e14833	div	x16,x2,x14	  x2:0x00000000 x14:0x00000000 x16=0xffffffff
      405879000	     20192	80005e06	717d	c.addi16sp	x2,-16	  x2:0x00000000  x2=0xfffffff0
      405899000	     20193	80005e08	74def193	andi	x3,x29,1869	 x29:0x00000000  x3=0x00000000
      406079000	     20202	80005e0c	837d	c.srli	x14,0x1f	 x14:0x00000000 x14=0x00000000
      406199000	     20208	80005e0e	0168ba33	sltu	x20,x17,x22	 x17:0xffffffff x22:0xffffffff x20=0x00000000
      406319000	     20214	80005e12	00ec9913	slli	x18,x25,0xe	 x25:0x96b1534c x18=0x54d30000
      406599000	     20228	80005e16	032f86b3	mul	x13,x31,x18	 x31:0x00000001 x18:0x54d30000 x13=0x54d30000
      406739000	     20235	80005e1a	00dc0663	beq	x24,x13,80005e26	 x24:0x66469000 x13:0x54d30000
      406759000	     20236	80005e1e	010201b3	add	x3,x4,x16	  x4:0x3e9d2000 x16:0xffffffff  x3=0x3e9d1fff
      406779000	     20237	80005e22	00567a63	bgeu	x12,x5,80005e36	 x12:0x00ed6244  x5:0x00000000
      407819000	     20289	80005e36	02e1f8b3	remu	x17,x3,x14	  x3:0x3e9d1fff x14:0x00000000 x17=0x3e9d1fff
      407839000	     20290	80005e3a	5a1f2a93	slti	x21,x30,1441	 x30:0x80025ce4 x21=0x00000001
      408919000	     20344	80005e3e	02d3f3b3	remu	x7,x7,x13	  x7:0x202cf4f0 x13:0x54d30000  x7=0x202cf4f0
      408939000	     20345	80005e42	5836ca37	lui	x20,0x5836c	 x20=0x5836c000
      408959000	     20346	80005e46	01b830b3	sltu	x1,x16,x27	 x16:0xffffffff x27:0x000006d1  x1=0x00000000
      409699000	     20383	80005e4a	02917233	remu	x4,x2,x9	  x2:0xfffffff0  x9:0x80021e64  x4=0x7ffde18c
      409719000	     20384	80005e4e	92d78293	addi	x5,x15,-1747	 x15:0xffffffff  x5=0xfffff92c
      409739000	     20385	80005e52	8a19	c.andi	x12,6	 x12:0x00ed6244 x12=0x00000004
      409759000	     20386	80005e54	00cd9b33	sll	x22,x27,x12	 x27:0x000006d1 x12:0x00000004 x22=0x00006d10
      409779000	     20387	80005e58	025edd63	bge	x29,x5,80005e92	 x29:0x00000000  x5:0xfffff92c
      409999000	     20398	80005e92	0557c063	blt	x15,x21,80005ed2	 x15:0xffffffff x21:0x00000001
      411399000	     20468	80005ed2	03e4ddb3	divu	x27,x9,x30	  x9:0x80021e64 x30:0x80025ce4 x27=0x00000000
      411419000	     20469	80005ed6	8675	c.srai	x12,0x1d	 x12:0x00000004 x12=0x00000000
      411439000	     20470	80005ed8	00a9da63	bge	x19,x10,80005eec	 x19:0x00017000 x10:0x0000049f
      411499000	     20473	80005eec	029a38b3	mulhu	x17,x20,x9	 x20:0x5836c000  x9:0x80021e64 x17=0x2c1c1ae6
      411759000	     20486	80005ef0	62883d13	sltiu	x26,x16,1576	 x16:0xffffffff x26=0x00000000
      412639000	     20530	80005ef4	03984a33	div	x20,x16,x25	 x16:0xffffffff x25:0x96b1534c x20=0x00000000
      412659000	     20531	80005ef8	1bb6f893	andi	x17,x13,443	 x13:0x54d30000 x17=0x00000000
      413399000	     20568	80005efc	039dd133	divu	x2,x27,x25	 x27:0x00000000 x25:0x96b1534c  x2=0x00000000
      413419000	     20569	80005f00	0093c733	xor	x14,x7,x9	  x7:0x202cf4f0  x9:0x80021e64 x14=0xa02eea94
      413439000	     20570	80005f04	4c8d	c.li	x25,3	 x25=0x00000003
      413459000	     20571	80005f06	51fd	c.li	x3,-1	  x3=0xffffffff
      413479000	     20572	80005f08	ef05	c.bnez	x14,80005f40	 x14:0xa02eea94
      414119000	     20604	80005f40	0ac2	c.slli	x21,0x10	 x21:0x00000001 x21=0x00010000
      414339000	     20615	80005f42	15b77b37	lui	x22,0x15b77	 x22=0x15b77000
      414359000	     20616	80005f46	8bba	c.mv	x23,x14	  x0:0x00000000 x14:0xa02eea94 x23=0xa02eea94
      414379000	     20617	80005f48	93a40693	addi	x13,x8,-1734	  x8:0x00000000 x13=0xfffff93a
      414399000	     20618	80005f4c	86e5	c.srai	x13,0x19	 x13:0xfffff93a x13=0xffffffff
      414539000	     20625	80005f4e	40bf8db3	sub	x27,x31,x11	 x31:0x00000001 x11:0x894eacb4 x27=0x76b1534d
      414559000	     20626	80005f52	024d87b3	mul	x15,x27,x4	 x27:0x76b1534d  x4:0x7ffde18c x15=0x49493b1c
      414979000	     20647	80005f56	023f8963	beq	x31,x3,80005f88	 x31:0x00000001  x3:0xffffffff
      414999000	     20648	80005f5a	41350c33	sub	x24,x10,x19	 x10:0x0000049f x19:0x00017000 x24=0xfffe949f
      415039000	     20650	80005f5e	0266fc33	remu	x24,x13,x6	 x13:0xffffffff  x6:0x00000000 x24=0xffffffff
      415059000	     20651	80005f62	01b8eab3	or	x21,x17,x27	 x17:0x00000000 x27:0x76b1534d x21=0x76b1534d
      415079000	     20652	80005f66	670d	c.lui	x14,0x3	 x14=0x00003000
      415359000	     20666	80005f68	8c29	c.xor	x8,x10	  x8:0x00000000 x10:0x0000049f  x8=0x0000049f
      415779000	     20687	80005f6a	01721013	slli	x0,x4,0x17	  x4:0x7ffde18c  x0=0x00000000
      415799000	     20688	80005f6e	9afd	c.andi	x13,-1	 x13:0xffffffff x13=0xffffffff
      415819000	     20689	80005f70	81ea	c.mv	x3,x26	  x0:0x00000000 x26:0x00000000  x3=0x00000000
      415859000	     20691	80005f72	02931db3	mulh	x27,x6,x9	  x6:0x00000000  x9:0x80021e64 x27=0x00000000
      415979000	     20697	80005f76	03b99fb3	mulh	x31,x19,x27	 x19:0x00017000 x27:0x00000000 x31=0x00000000
      416379000	     20717	80005f7a	2dee7c13	andi	x24,x28,734	 x28:0x00000022 x24=0x00000002
      416399000	     20718	80005f7e	6d95	c.lui	x27,0x5	 x27=0x00005000
      416499000	     20723	80005f80	02b02833	mulhsu	x16,x0,x11	  x0:0x00000000 x11:0x894eacb4 x16=0x00000000
      416639000	     20730	80005f84	01b36133	or	x2,x6,x27	  x6:0x00000000 x27:0x00005000  x2=0x00005000
      416919000	     20744	80005f88	0ff0000f	fence	iorw,iorw	
      417279000	     20762	80005f8c	4689	c.li	x13,2	 x13=0x00000002
      417299000	     20763	80005f8e	8a22	c.mv	x20,x8	  x0:0x00000000  x8:0x0000049f x20=0x0000049f
      417319000	     20764	80005f90	1e80	c.addi4spn	x8,x2,880	  x8=0x00005370
      417339000	     20765	80005f92	8b29	c.andi	x14,10	 x14:0x00003000 x14=0x00000000
      417499000	     20773	80005f94	997d	c.andi	x10,-1	 x10:0x0000049f x10=0x0000049f
      417519000	     20774	80005f96	03685b63	bge	x16,x22,80005fcc	 x16:0x00000000 x22:0x15b77000
      417539000	     20775	80005f9a	6149	c.addi16sp	x2,144	  x2:0x00005000  x2=0x00005090
      417559000	     20776	80005f9c	dc4f2d13	slti	x26,x30,-572	 x30:0x80025ce4 x26=0x00000001
      417579000	     20777	80005fa0	6279	c.lui	x4,0x1e	  x4=0x0001e000
      417599000	     20778	80005fa2	02830733	mul	x14,x6,x8	  x6:0x00000000  x8:0x00005370 x14=0x00000000
      417619000	     20779	80005fa6	86f5	c.srai	x13,0x1d	 x13:0x00000002 x13=0x00000000
      417639000	     20780	80005fa8	0ff0000f	fence	iorw,iorw	
      417659000	     20781	80005fac	96bafc13	andi	x24,x21,-1685	 x21:0x76b1534d x24=0x76b15149
      417959000	     20796	80005fb0	98d2	c.add	x17,x20	 x17:0x00000000 x20:0x0000049f x17=0x0000049f
      418079000	     20802	80005fb2	d5bb4217	auipc	x4,0xd5bb4	  x4=0x55bb9fb2
      418099000	     20803	80005fb6	0001	c.addi	x0,0	  x0:0x00000000  x0=0x00000000
      418319000	     20814	80005fb8	717d	c.addi16sp	x2,-16	  x2:0x00005090  x2=0x00005080
      418439000	     20820	80005fba	012f72b3	and	x5,x30,x18	 x30:0x80025ce4 x18:0x54d30000  x5=0x00020000
      418459000	     20821	80005fbe	037f1563	bne	x30,x23,80005fe8	 x30:0x80025ce4 x23:0xa02eea94
      418919000	     20844	80005fe8	c1b34b13	xori	x22,x6,-997	  x6:0x00000000 x22=0xfffffc1b
      418939000	     20845	80005fec	eb19	c.bnez	x14,80006002	 x14:0x00000000
      418959000	     20846	80005fee	1f9c	c.addi4spn	x15,x2,1008	 x15=0x00005470
      418979000	     20847	80005ff0	012e43b3	xor	x7,x28,x18	 x28:0x00000022 x18:0x54d30000  x7=0x54d30022
      419019000	     20849	80005ff4	90458113	addi	x2,x11,-1788	 x11:0x894eacb4  x2=0x894ea5b8
      419039000	     20850	80005ff8	974e	c.add	x14,x19	 x14:0x00000000 x19:0x00017000 x14=0x00017000
      419059000	     20851	80005ffa	0356fb63	bgeu	x13,x21,80006030	 x13:0x00000000 x21:0x76b1534d
      419199000	     20858	80005ffe	0013d263	bge	x7,x1,80006002	  x7:0x54d30022  x1:0x00000000
      419619000	     20879	80006002	ca43cf93	xori	x31,x7,-860	  x7:0x54d30022 x31=0xab2cfc86
      419859000	     20891	80006006	932f10b7	lui	x1,0x932f1	  x1=0x932f1000
      419939000	     20895	8000600a	5be88f93	addi	x31,x17,1470	 x17:0x0000049f x31=0x00000a5d
      420239000	     20910	8000600e	2182c013	xori	x0,x5,536	  x5:0x00020000  x0=0x00000000
      420619000	     20929	80006012	014790b3	sll	x1,x15,x20	 x15:0x00005470 x20:0x0000049f  x1=0x00000000
      420639000	     20930	80006016	0171dab3	srl	x21,x3,x23	  x3:0x00000000 x23:0xa02eea94 x21=0x00000000
      420719000	     20934	8000601a	44504c13	xori	x24,x0,1093	  x0:0x00000000 x24=0x00000445
      420759000	     20936	8000601e	1666f293	andi	x5,x13,358	 x13:0x00000000  x5=0x00000000
      421119000	     20954	80006022	5bfe6f93	ori	x31,x28,1471	 x28:0x00000022 x31=0x000005bf
      421139000	     20955	80006026	0186	c.slli	x3,0x1	  x3:0x00000000  x3=0x00000000
      421159000	     20956	80006028	0000100f	fence.i	
      421779000	     20987	8000602c	049a7563	bgeu	x20,x9,80006076	 x20:0x0000049f  x9:0x80021e64
      421799000	     20988	80006030	01a42233	slt	x4,x8,x26	  x8:0x00005370 x26:0x00000001  x4=0x00000000
      421839000	     20990	80006034	03a72733	mulhsu	x14,x14,x26	 x14:0x00017000 x26:0x00000001 x14=0x00000000
      422259000	     21011	80006038	03d69333	mulh	x6,x13,x29	 x13:0x00000000 x29:0x00000000  x6=0x00000000
      422279000	     21012	8000603c	020a87b3	mul	x15,x21,x0	 x21:0x00000000  x0:0x00000000 x15=0x00000000
      422299000	     21013	80006040	1508	c.addi4spn	x10,x2,672	 x10=0x894ea858
      422539000	     21025	80006042	010d4fb3	xor	x31,x26,x16	 x26:0x00000001 x16:0x00000000 x31=0x00000001
      423339000	     21065	80006046	03bae033	rem	x0,x21,x27	 x21:0x00000000 x27:0x00005000  x0=0x00000000
      423359000	     21066	8000604a	019fb3b3	sltu	x7,x31,x25	 x31:0x00000001 x25:0x00000003  x7=0x00000001
      423379000	     21067	8000604e	017027b3	slt	x15,x0,x23	  x0:0x00000000 x23:0xa02eea94 x15=0x00000000
      423399000	     21068	80006052	039fd263	bge	x31,x25,80006076	 x31:0x00000001 x25:0x00000003
      423419000	     21069	80006056	f8b9ea13	ori	x20,x19,-117	 x19:0x00017000 x20=0xffffff8b
      423439000	     21070	8000605a	00d222b3	slt	x5,x4,x13	  x4:0x00000000 x13:0x00000000  x5=0x00000000
      423459000	     21071	8000605e	0762	c.slli	x14,0x18	 x14:0x00000000 x14=0x00000000
      423579000	     21077	80006060	03dbf163	bgeu	x23,x29,80006082	 x23:0xa02eea94 x29:0x00000000
      424379000	     21117	80006082	0000100f	fence.i	
      425019000	     21149	80006086	03c08763	beq	x1,x28,800060b4	  x1:0x00000000 x28:0x00000022
      425039000	     21150	8000608a	0001	c.addi	x0,0	  x0:0x00000000  x0=0x00000000
      425059000	     21151	8000608c	8225	c.srli	x12,0x9	 x12:0x00000000 x12=0x00000000
      425079000	     21152	8000608e	e7d1cbb7	lui	x23,0xe7d1c	 x23=0xe7d1c000
      425939000	     21195	80006092	0334d633	divu	x12,x9,x19	  x9:0x80021e64 x19:0x00017000 x12=0x0000590c
      425959000	     21196	80006096	41a4d3b3	sra	x7,x9,x26	  x9:0x80021e64 x26:0x00000001  x7=0xc0010f32
      425979000	     21197	8000609a	9412	c.add	x8,x4	  x8:0x00005370  x4:0x00000000  x8=0x00005370
      426719000	     21234	8000609c	0379e933	rem	x18,x19,x23	 x19:0x00017000 x23:0xe7d1c000 x18=0x00017000
      427459000	     21271	800060a0	03236133	rem	x2,x6,x18	  x6:0x00000000 x18:0x00017000  x2=0x00000000
      427479000	     21272	800060a4	0ff0000f	fence	iorw,iorw	
      427519000	     21274	800060a8	02cb1a33	mulh	x20,x22,x12	 x22:0xfffffc1b x12:0x0000590c x20=0xffffffff
      427539000	     21275	800060ac	405c8833	sub	x16,x25,x5	 x25:0x00000003  x5:0x00000000 x16=0x00000003
      427559000	     21276	800060b0	03d29b63	bne	x5,x29,800060e6	  x5:0x00000000 x29:0x00000000
      427599000	     21278	800060b4	02575eb3	divu	x29,x14,x5	 x14:0x00000000  x5:0x00000000 x29=0xffffffff
      427619000	     21279	800060b8	0ff0000f	fence	iorw,iorw	
      428159000	     21306	800060bc	00951db3	sll	x27,x10,x9	 x10:0x894ea858  x9:0x80021e64 x27=0x94ea8580
      428179000	     21307	800060c0	01a27233	and	x4,x4,x26	  x4:0x00000000 x26:0x00000001  x4=0x00000000
      428919000	     21344	800060c4	028e6633	rem	x12,x28,x8	 x28:0x00000022  x8:0x00005370 x12=0x00000022
      428939000	     21345	800060c8	8d61	c.and	x10,x8	 x10:0x894ea858  x8:0x00005370 x10=0x00000050
      428959000	     21346	800060ca	3fbb0c93	addi	x25,x22,1019	 x22:0xfffffc1b x25=0x00000016
      428979000	     21347	800060ce	436d	c.li	x6,27	  x6=0x0000001b
      428999000	     21348	800060d0	6171	c.addi16sp	x2,336	  x2:0x00000000  x2=0x00000150
      429019000	     21349	800060d2	a783e713	ori	x14,x7,-1416	  x7:0xc0010f32 x14=0xffffff7a
      429219000	     21359	800060d6	0000100f	fence.i	
      438439000	     21820	800060da	01b81463	bne	x16,x27,800060e2	 x16:0x00000003 x27:0x94ea8580
      438739000	     21835	800060e2	208cca13	xori	x20,x25,520	 x25:0x00000016 x20=0x0000021e
      438759000	     21836	800060e6	6cbd	c.lui	x25,0xf	 x25=0x0000f000
      438779000	     21837	800060e8	00da41b3	xor	x3,x20,x13	 x20:0x0000021e x13:0x00000000  x3=0x0000021e
      438799000	     21838	800060ec	6111	c.addi16sp	x2,256	  x2:0x00000150  x2=0x00000250
      438999000	     21848	800060ee	43a2f693	andi	x13,x5,1082	  x5:0x00000000 x13=0x00000000
      439299000	     21863	800060f2	eecd6e93	ori	x29,x26,-276	 x26:0x00000001 x29=0xfffffeed
      439359000	     21866	800060f6	0000100f	fence.i	
      440219000	     21909	800060fa	03caa433	mulhsu	x8,x21,x28	 x21:0x00000000 x28:0x00000022  x8=0x00000000
      441299000	     21963	800060fe	03b063b3	rem	x7,x0,x27	  x0:0x00000000 x27:0x94ea8580  x7=0x00000000
      441319000	     21964	80006102	ab373b93	sltiu	x23,x14,-1357	 x14:0xffffff7a x23=0x00000000
      441339000	     21965	80006106	40e60db3	sub	x27,x12,x14	 x12:0x00000022 x14:0xffffff7a x27=0x000000a8
      441359000	     21966	8000610a	016b08b3	add	x17,x22,x22	 x22:0xfffffc1b x22:0xfffffc1b x17=0xfffff836
      441379000	     21967	8000610e	6135	c.addi16sp	x2,352	  x2:0x00000250  x2=0x000003b0
      442119000	     22004	80006110	03b6cb33	div	x22,x13,x27	 x13:0x00000000 x27:0x000000a8 x22=0x00000000
      442139000	     22005	80006114	74460213	addi	x4,x12,1860	 x12:0x00000022  x4=0x00000766
      442159000	     22006	80006118	8e99	c.sub	x13,x14	 x13:0x00000000 x14:0xffffff7a x13=0x00000086
      442179000	     22007	8000611a	c799	c.beqz	x15,80006128	 x15:0x00000000
      442499000	     22023	80006128	72a32e13	slti	x28,x6,1834	  x6:0x0000001b x28=0x00000001
      442519000	     22024	8000612c	8545	c.srai	x10,0x11	 x10:0x00000050 x10=0x00000000
      443259000	     22061	8000612e	03b2ddb3	divu	x27,x5,x27	  x5:0x00000000 x27:0x000000a8 x27=0x00000000
      443999000	     22098	80006132	03cd53b3	divu	x7,x26,x28	 x26:0x00000001 x28:0x00000001  x7=0x00000001
      444019000	     22099	80006136	80ce	c.mv	x1,x19	  x0:0x00000000 x19:0x00017000  x1=0x00017000
      444039000	     22100	80006138	439e3513	sltiu	x10,x28,1081	 x28:0x00000001 x10=0x00000001
      444059000	     22101	8000613c	8b268737	lui	x14,0x8b268	 x14=0x8b268000
      444079000	     22102	80006140	c015	c.beqz	x8,80006164	  x8:0x00000000
      444499000	     22123	80006164	90ce	c.add	x1,x19	  x1:0x00017000 x19:0x00017000  x1=0x0002e000
      444599000	     22128	80006166	0079c863	blt	x19,x7,80006176	 x19:0x00017000  x7:0x00000001
      444619000	     22129	8000616a	613d	c.addi16sp	x2,480	  x2:0x000003b0  x2=0x00000590
      444639000	     22130	8000616c	018f9b13	slli	x22,x31,0x18	 x31:0x00000001 x22=0x01000000
      444659000	     22131	80006170	418e02b3	sub	x5,x28,x24	 x28:0x00000001 x24:0x00000445  x5=0xfffffbbc
      444679000	     22132	80006174	8d4d	c.or	x10,x11	 x10:0x00000001 x11:0x894eacb4 x10=0x894eacb5
      444719000	     22134	80006176	03513eb3	mulhu	x29,x2,x21	  x2:0x00000590 x21:0x00000000 x29=0x00000000
      444739000	     22135	8000617a	41cbd433	sra	x8,x23,x28	 x23:0x00000000 x28:0x00000001  x8=0x00000000
      444759000	     22136	8000617e	02d18733	mul	x14,x3,x13	  x3:0x0000021e x13:0x00000086 x14=0x00011bb4
      445059000	     22151	80006182	02fae6b3	rem	x13,x21,x15	 x21:0x00000000 x15:0x00000000 x13=0x00000000
      445079000	     22152	80006186	60f9	c.lui	x1,0x1e	  x1=0x0001e000
      445099000	     22153	80006188	022f9f63	bne	x31,x2,800061c6	 x31:0x00000001  x2:0x00000590
      445799000	     22188	800061c6	4b09	c.li	x22,2	 x22=0x00000002
      445839000	     22190	800061c8	0380d463	bge	x1,x24,800061f0	  x1:0x0001e000 x24:0x00000445
      446719000	     22234	800061f0	0000100f	fence.i	
      446899000	     22243	800061f4	0286ba33	mulhu	x20,x13,x8	 x13:0x00000000  x8:0x00000000 x20=0x00000000
      446959000	     22246	800061f8	4269f713	andi	x14,x19,1062	 x19:0x00017000 x14=0x00000000
      446979000	     22247	800061fc	94def193	andi	x3,x29,-1715	 x29:0x00000000  x3=0x00000000
      447099000	     22253	80006200	41090ab3	sub	x21,x18,x16	 x18:0x00017000 x16:0x00000003 x21=0x00016ffd
      447559000	     22276	80006204	e515	c.bnez	x10,80006230	 x10:0x894eacb5
      448059000	     22301	80006230	c6eff893	andi	x17,x31,-914	 x31:0x00000001 x17=0x00000000
      448079000	     22302	80006234	03f20733	mul	x14,x4,x31	  x4:0x00000766 x31:0x00000001 x14=0x00000766
      448159000	     22306	80006238	0ff0000f	fence	iorw,iorw	
      448179000	     22307	8000623c	69564d13	xori	x26,x12,1685	 x12:0x00000022 x26=0x000006b7
      448199000	     22308	80006240	005c8eb3	add	x29,x25,x5	 x25:0x0000f000  x5:0xfffffbbc x29=0x0000ebbc
      448519000	     22324	80006244	02da2533	mulhsu	x10,x20,x13	 x20:0x00000000 x13:0x00000000 x10=0x00000000
      448539000	     22325	80006248	0001	c.addi	x0,0	  x0:0x00000000  x0=0x00000000
      448559000	     22326	8000624a	01271c63	bne	x14,x18,80006262	 x14:0x00000766 x18:0x00017000
      449219000	     22359	80006262	39bbb513	sltiu	x10,x23,923	 x23:0x00000000 x10=0x00000001
      449239000	     22360	80006266	1698	c.addi4spn	x14,x2,864	 x14=0x000008f0
      449259000	     22361	80006268	0001	c.addi	x0,0	  x0:0x00000000  x0=0x00000000
      449999000	     22398	8000626a	03d36bb3	rem	x23,x6,x29	  x6:0x0000001b x29:0x0000ebbc x23=0x0000001b
      450019000	     22399	8000626e	b101e513	ori	x10,x3,-1264	  x3:0x00000000 x10=0xfffffb10
      450039000	     22400	80006272	03b20763	beq	x4,x27,800062a0	  x4:0x00000766 x27:0x00000000
      450059000	     22401	80006276	68b3c693	xori	x13,x7,1675	  x7:0x00000001 x13=0x0000068a
      450079000	     22402	8000627a	8689	c.srai	x13,0x2	 x13:0x0000068a x13=0x000001a2
      450099000	     22403	8000627c	0fa9	c.addi	x31,10	 x31:0x00000001 x31=0x0000000b
      450119000	     22404	8000627e	8422	c.mv	x8,x8	  x0:0x00000000  x8:0x00000000  x8=0x00000000
      450139000	     22405	80006280	e689	c.bnez	x13,8000628a	 x13:0x000001a2
      450739000	     22435	8000628a	035dabb3	mulhsu	x23,x27,x21	 x27:0x00000000 x21:0x00016ffd x23=0x00000000
      451479000	     22472	8000628e	035fc8b3	div	x17,x31,x21	 x31:0x0000000b x21:0x00016ffd x17=0x00000000
      451499000	     22473	80006292	8646fd37	lui	x26,0x8646f	 x26=0x8646f000
      451519000	     22474	80006296	8d7d	c.and	x10,x15	 x10:0xfffffb10 x15:0x00000000 x10=0x00000000
      451539000	     22475	80006298	8e8d	c.sub	x13,x11	 x13:0x000001a2 x11:0x894eacb4 x13=0x76b154ee
      451559000	     22476	8000629a	0001	c.addi	x0,0	  x0:0x00000000  x0=0x00000000
      451579000	     22477	8000629c	8f7d	c.and	x14,x15	 x14:0x000008f0 x15:0x00000000 x14=0x00000000
      451599000	     22478	8000629e	8009	c.srli	x8,0x2	  x8:0x00000000  x8=0x00000000
      451619000	     22479	800062a0	4eb89a97	auipc	x21,0x4eb89	 x21=0xceb8f2a0
      451639000	     22480	800062a4	014de863	bltu	x27,x20,800062b4	 x27:0x00000000 x20:0x00000000
      451659000	     22481	800062a8	017e49b3	xor	x19,x28,x23	 x28:0x00000001 x23:0x00000000 x19=0x00000001
      451979000	     22497	800062ac	5570f413	andi	x8,x1,1367	  x1:0x0001e000  x8=0x00000000
      452299000	     22513	800062b0	00183133	sltu	x2,x16,x1	 x16:0x00000003  x1:0x0001e000  x2=0x00000001
      452319000	     22514	800062b4	01349013	slli	x0,x9,0x13	  x9:0x80021e64  x0=0x00000000
      452339000	     22515	800062b8	0000100f	fence.i	
      452879000	     22542	800062bc	0988	c.addi4spn	x10,x2,208	 x10=0x000000d1
      452899000	     22543	800062be	8eb9	c.xor	x13,x14	 x13:0x76b154ee x14:0x00000000 x13=0x76b154ee
      452919000	     22544	800062c0	40cdd333	sra	x6,x27,x12	 x27:0x00000000 x12:0x00000022  x6=0x00000000
      453319000	     22564	800062c4	0343d463	bge	x7,x20,800062ec	  x7:0x00000001 x20:0x00000000
      453659000	     22581	800062ec	83dd	c.srli	x15,0x17	 x15:0x00000000 x15=0x00000000
      453679000	     22582	800062ee	c709	c.beqz	x14,800062f8	 x14:0x00000000
      454439000	     22620	800062f8	00931033	sll	x0,x6,x9	  x6:0x00000000  x9:0x80021e64  x0=0x00000000
      454679000	     22632	800062fc	40bdd933	sra	x18,x27,x11	 x27:0x00000000 x11:0x894eacb4 x18=0x00000000
      454699000	     22633	80006300	00d19e93	slli	x29,x3,0xd	  x3:0x00000000 x29=0x00000000
      454839000	     22640	80006304	bf34e993	ori	x19,x9,-1037	  x9:0x80021e64 x19=0xfffffff7
      454959000	     22646	80006308	8ee1	c.and	x13,x8	 x13:0x76b154ee  x8:0x00000000 x13=0x00000000
      454999000	     22648	8000630a	02856333	rem	x6,x10,x8	 x10:0x000000d1  x8:0x00000000  x6=0x000000d1
      455019000	     22649	8000630e	91da	c.add	x3,x22	  x3:0x00000000 x22:0x00000002  x3=0x00000002
      455059000	     22651	80006310	02edab33	mulhsu	x22,x27,x14	 x27:0x00000000 x14:0x00000000 x22=0x00000000
      455079000	     22652	80006314	ba5ddc17	auipc	x24,0xba5dd	 x24=0x3a5e3314
      455099000	     22653	80006318	8f65	c.and	x14,x9	 x14:0x00000000  x9:0x80021e64 x14=0x00000000
      455159000	     22656	8000631a	c8f97e93	andi	x29,x18,-881	 x18:0x00000000 x29=0x00000000
      455499000	     22673	8000631e	00c21913	slli	x18,x4,0xc	  x4:0x00000766 x18=0x00766000
      455519000	     22674	80006322	717d	c.addi16sp	x2,-16	  x2:0x00000001  x2=0xfffffff1
      455539000	     22675	80006324	9ed2	c.add	x29,x20	 x29:0x00000000 x20:0x00000000 x29=0x00000000
      455699000	     22683	80006326	0ff0000f	fence	iorw,iorw	
      455779000	     22687	8000632a	4f063393	sltiu	x7,x12,1264	 x12:0x00000022  x7=0x00000001
      455799000	     22688	8000632e	83cd	c.srli	x15,0x13	 x15:0x00000000 x15=0x00000000
      455839000	     22690	80006330	03616733	rem	x14,x2,x22	  x2:0xfffffff1 x22:0x00000000 x14=0xfffffff1
      455859000	     22691	80006334	8f7d	c.and	x14,x15	 x14:0xfffffff1 x15:0x00000000 x14=0x00000000
      455999000	     22698	80006336	019d5663	bge	x26,x25,80006342	 x26:0x8646f000 x25:0x0000f000
      456019000	     22699	8000633a	02aa7063	bgeu	x20,x10,8000635a	 x20:0x00000000 x10:0x000000d1
      456419000	     22719	8000633e	6ccde237	lui	x4,0x6ccde	  x4=0x6ccde000
      456439000	     22720	80006342	00cd5413	srli	x8,x26,0xc	 x26:0x8646f000  x8=0x0008646f
      456459000	     22721	80006346	010f06b3	add	x13,x30,x16	 x30:0x80025ce4 x16:0x00000003 x13=0x80025ce7
      456539000	     22725	8000634a	02410563	beq	x2,x4,80006374	  x2:0xfffffff1  x4:0x6ccde000
      456559000	     22726	8000634e	0001	c.addi	x0,0	  x0:0x00000000  x0=0x00000000
      456799000	     22738	80006350	cb8d	c.beqz	x15,80006382	 x15:0x00000000
      457259000	     22761	80006382	01797833	and	x16,x18,x23	 x18:0x00766000 x23:0x00000000 x16=0x00000000
      457279000	     22762	80006386	83c1	c.srli	x15,0x10	 x15:0x00000000 x15=0x00000000
      457299000	     22763	80006388	fd35ab13	slti	x22,x11,-45	 x11:0x894eacb4 x22=0x00000001
      457319000	     22764	8000638c	c6e7feb7	lui	x29,0xc6e7f	 x29=0xc6e7f000
      457579000	     22777	80006390	034b7b33	remu	x22,x22,x20	 x22:0x00000001 x20:0x00000000 x22=0x00000001
      457759000	     22786	80006394	aa19be93	sltiu	x29,x19,-1375	 x19:0xfffffff7 x29=0x00000000
      457779000	     22787	80006398	127d	c.addi	x4,-1	  x4:0x6ccde000  x4=0x6ccddfff
      457799000	     22788	8000639a	0000100f	fence.i	
      458239000	     22810	8000639e	01ec2ab3	slt	x21,x24,x30	 x24:0x3a5e3314 x30:0x80025ce4 x21=0x00000000
      458659000	     22831	800063a2	0000100f	fence.i	
      459019000	     22849	800063a6	1c4ed317	auipc	x6,0x1c4ed	  x6=0x9c4f33a6
      459059000	     22851	800063aa	03427833	remu	x16,x4,x20	  x4:0x6ccddfff x20:0x00000000 x16=0x6ccddfff
      459079000	     22852	800063ae	b9dc2893	slti	x17,x24,-1123	 x24:0x3a5e3314 x17=0x00000000
      459159000	     22856	800063b2	603b4c93	xori	x25,x22,1539	 x22:0x00000001 x25=0x00000602
      459179000	     22857	800063b6	8d21	c.xor	x10,x8	 x10:0x000000d1  x8:0x0008646f x10=0x000864be
      459199000	     22858	800063b8	c109	c.beqz	x10,800063ba	 x10:0x000864be
      459219000	     22859	800063ba	26ec7d93	andi	x27,x24,622	 x24:0x3a5e3314 x27=0x00000204
      459619000	     22879	800063be	0314e1b3	rem	x3,x9,x17	  x9:0x80021e64 x17:0x00000000  x3=0x80021e64
      459659000	     22881	800063c2	0000100f	fence.i	
      460879000	     22942	800063c6	03431c33	mulh	x24,x6,x20	  x6:0x9c4f33a6 x20:0x00000000 x24=0x00000000
      461019000	     22949	800063ca	02aa0263	beq	x20,x10,800063ee	 x20:0x00000000 x10:0x000864be
      461039000	     22950	800063ce	c909	c.beqz	x10,800063e0	 x10:0x000864be
      461059000	     22951	800063d0	76fca993	slti	x19,x25,1903	 x25:0x00000602 x19=0x00000001
      461379000	     22967	800063d4	9ae32a93	slti	x21,x6,-1618	  x6:0x9c4f33a6 x21=0x00000001
      461799000	     22988	800063d8	40850e33	sub	x28,x10,x8	 x10:0x000864be  x8:0x0008646f x28=0x0000004f
      461819000	     22989	800063dc	fa5ec913	xori	x18,x29,-91	 x29:0x00000000 x18=0xffffffa5
      461839000	     22990	800063e0	0ff0000f	fence	iorw,iorw	
      462259000	     23011	800063e4	8431	c.srai	x8,0xc	  x8:0x0008646f  x8=0x00000086
      462459000	     23021	800063e6	01d43633	sltu	x12,x8,x29	  x8:0x00000086 x29:0x00000000 x12=0x00000000
      462479000	     23022	800063ea	b0f17f93	andi	x31,x2,-1265	  x2:0xfffffff1 x31=0xfffffb01
      462499000	     23023	800063ee	0001	c.addi	x0,0	  x0:0x00000000  x0=0x00000000
      462599000	     23028	800063f0	0535	c.addi	x10,13	 x10:0x000864be x10=0x000864cb
      462619000	     23029	800063f2	854d	c.srai	x10,0x13	 x10:0x000864cb x10=0x00000001
      462779000	     23037	800063f4	418fd433	sra	x8,x31,x24	 x31:0xfffffb01 x24:0x00000000  x8=0xfffffb01
      462799000	     23038	800063f8	02a4f763	bgeu	x9,x10,80006426	  x9:0x80021e64 x10:0x00000001
      463799000	     23088	80006426	03550bb3	mul	x23,x10,x21	 x10:0x00000001 x21:0x00000001 x23=0x00000001
      463819000	     23089	8000642a	8bce	c.mv	x23,x19	  x0:0x00000000 x19:0x00000001 x23=0x00000001
      463839000	     23090	8000642c	01859733	sll	x14,x11,x24	 x11:0x894eacb4 x24:0x00000000 x14=0x894eacb4
      464179000	     23107	80006430	0000100f	fence.i	
      464879000	     23142	80006434	0001	c.addi	x0,0	  x0:0x00000000  x0=0x00000000
      464999000	     23148	80006436	c924eb93	ori	x23,x9,-878	  x9:0x80021e64 x23=0xfffffef6
      465019000	     23149	8000643a	0756	c.slli	x14,0x15	 x14:0x894eacb4 x14=0x96800000
      465419000	     23169	8000643c	403c5d13	srai	x26,x24,0x3	 x24:0x00000000 x26=0x00000000
      465439000	     23170	80006440	0ff0000f	fence	iorw,iorw	
      465459000	     23171	80006444	8eda	c.mv	x29,x22	  x0:0x00000000 x22:0x00000001 x29=0x00000001
      465479000	     23172	80006446	0255f563	bgeu	x11,x5,80006470	 x11:0x894eacb4  x5:0xfffffbbc
      465519000	     23174	8000644a	0000100f	fence.i	
      465759000	     23186	8000644e	8d52	c.mv	x26,x20	  x0:0x00000000 x20:0x00000000 x26=0x00000000
      465799000	     23188	80006450	027b3733	mulhu	x14,x22,x7	 x22:0x00000001  x7:0x00000001 x14=0x00000000
      465819000	     23189	80006454	004e1763	bne	x28,x4,80006462	 x28:0x0000004f  x4:0x6ccddfff
      466139000	     23205	80006462	68b5	c.lui	x17,0xd	 x17=0x0000d000
      466179000	     23207	80006464	03871bb3	mulh	x23,x14,x24	 x14:0x00000000 x24:0x00000000 x23=0x00000000
      466919000	     23244	80006468	0281f933	remu	x18,x3,x8	  x3:0x80021e64  x8:0xfffffb01 x18=0x80021e64
      466939000	     23245	8000646c	99af6093	ori	x1,x30,-1638	 x30:0x80025ce4  x1=0xfffffdfe
      466959000	     23246	80006470	0128cb63	blt	x17,x18,80006486	 x17:0x0000d000 x18:0x80021e64
      466979000	     23247	80006474	717d	c.addi16sp	x2,-16	  x2:0xfffffff1  x2=0xffffffe1
      467719000	     23284	80006476	02d14eb3	div	x29,x2,x13	  x2:0xffffffe1 x13:0x80025ce7 x29=0x00000000
      467759000	     23286	8000647a	032c9a33	mulh	x20,x25,x18	 x25:0x00000602 x18:0x80021e64 x20=0xfffffcff
      467779000	     23287	8000647e	9a2e	c.add	x20,x11	 x20:0xfffffcff x11:0x894eacb4 x20=0x894ea9b3
      467799000	     23288	80006480	8c66	c.mv	x24,x25	  x0:0x00000000 x25:0x00000602 x24=0x00000602
      467819000	     23289	80006482	00c39813	slli	x16,x7,0xc	  x7:0x00000001 x16=0x00001000
      467839000	     23290	80006486	cb1d	c.beqz	x14,800064bc	 x14:0x00000000
      467959000	     23296	800064bc	0001	c.addi	x0,0	  x0:0x00000000  x0=0x00000000
      468119000	     23304	800064be	0154d763	bge	x9,x21,800064cc	  x9:0x80021e64 x21:0x00000001
      468279000	     23312	800064c2	0006b433	sltu	x8,x13,x0	 x13:0x80025ce7  x0:0x00000000  x8=0x00000000
      468319000	     23314	800064c6	00965533	srl	x10,x12,x9	 x12:0x00000000  x9:0x80021e64 x10=0x00000000
      468339000	     23315	800064ca	6e11	c.lui	x28,0x4	 x28=0x00004000
      469079000	     23352	800064cc	03fe5db3	divu	x27,x28,x31	 x28:0x00004000 x31:0xfffffb01 x27=0x00000000
      469099000	     23353	800064d0	ea0d	c.bnez	x12,80006502	 x12:0x00000000
      469119000	     23354	800064d2	8c79	c.and	x8,x14	  x8:0x00000000 x14:0x00000000  x8=0x00000000
      469139000	     23355	800064d4	00a2fc33	and	x24,x5,x10	  x5:0xfffffbbc x10:0x00000000 x24=0x00000000
      469159000	     23356	800064d8	1898d697	auipc	x13,0x1898d	 x13=0x989934d8
      469179000	     23357	800064dc	5e920817	auipc	x16,0x5e920	 x16=0xde9264dc
      469219000	     23359	800064e0	02da2233	mulhsu	x4,x20,x13	 x20:0x894ea9b3 x13:0x989934d8  x4=0xb93fac45
      469279000	     23362	800064e4	03b04a33	div	x20,x0,x27	  x0:0x00000000 x27:0x00000000 x20=0xffffffff
      469299000	     23363	800064e8	bd014a13	xori	x20,x2,-1072	  x2:0xffffffe1 x20=0x00000431
      469319000	     23364	800064ec	8d4d	c.or	x10,x11	 x10:0x00000000 x11:0x894eacb4 x10=0x894eacb4
      469359000	     23366	800064ee	8d59b913	sltiu	x18,x19,-1835	 x19:0x00000001 x18=0x00000001
      469379000	     23367	800064f2	8d21	c.xor	x10,x8	 x10:0x894eacb4  x8:0x00000000 x10=0x894eacb4
      470119000	     23404	800064f4	031d7733	remu	x14,x26,x17	 x26:0x00000000 x17:0x0000d000 x14=0x00000000
      470139000	     23405	800064f8	8515	c.srai	x10,0x5	 x10:0x894eacb4 x10=0xfc4a7565
      470159000	     23406	800064fa	00d38333	add	x6,x7,x13	  x7:0x00000001 x13:0x989934d8  x6=0x989934d9
      470179000	     23407	800064fe	03bc5063	bge	x24,x27,8000651e	 x24:0x00000000 x27:0x00000000
      470759000	     23436	8000651e	02a33eb3	mulhu	x29,x6,x10	  x6:0x989934d9 x10:0xfc4a7565 x29=0x96633249
      470779000	     23437	80006522	939a	c.add	x7,x6	  x7:0x00000001  x6:0x989934d9  x7=0x989934da
      470799000	     23438	80006524	03475263	bge	x14,x20,80006548	 x14:0x00000000 x20:0x00000431
      470819000	     23439	80006528	8d59	c.or	x10,x14	 x10:0xfc4a7565 x14:0x00000000 x10=0xfc4a7565
      470879000	     23442	8000652a	04ec0063	beq	x24,x14,8000656a	 x24:0x00000000 x14:0x00000000
      471919000	     23494	8000656a	007da633	slt	x12,x27,x7	 x27:0x00000000  x7:0x989934da x12=0x00000000
      471939000	     23495	8000656e	48ccf093	andi	x1,x25,1164	 x25:0x00000602  x1=0x00000400
      471979000	     23497	80006572	031aba33	mulhu	x20,x21,x17	 x21:0x00000001 x17:0x0000d000 x20=0x00000000
      472799000	     23538	80006576	02247833	remu	x16,x8,x2	  x8:0x00000000  x2:0xffffffe1 x16=0x00000000
      496619000	     24729	8000657a	0013b933	sltu	x18,x7,x1	  x7:0x989934da  x1:0x00000400 x18=0x00000000
      496639000	     24730	8000657e	5b7d	c.li	x22,-1	 x22=0xffffffff
      496659000	     24731	80006580	41c45093	srai	x1,x8,0x1c	  x8:0x00000000  x1=0x00000000
      496679000	     24732	80006584	8f91	c.sub	x15,x12	 x15:0x00000000 x12:0x00000000 x15=0x00000000
      496719000	     24734	80006586	029a2d33	mulhsu	x26,x20,x9	 x20:0x00000000  x9:0x80021e64 x26=0x00000000
      496739000	     24735	8000658a	bee4f613	andi	x12,x9,-1042	  x9:0x80021e64 x12=0x80021a64
      496759000	     24736	8000658e	00f8e2b3	or	x5,x17,x15	 x17:0x0000d000 x15:0x00000000  x5=0x0000d000
      497519000	     24774	80006592	024859b3	divu	x19,x16,x4	 x16:0x00000000  x4:0xb93fac45 x19=0x00000000
      497539000	     24775	80006596	0611	c.addi	x12,4	 x12:0x80021a64 x12=0x80021a68
      497579000	     24777	80006598	020f59b3	divu	x19,x30,x0	 x30:0x80025ce4  x0:0x00000000 x19=0xffffffff
      497599000	     24778	8000659c	6afd	c.lui	x21,0x1f	 x21=0x0001f000
      497619000	     24779	8000659e	03660a63	beq	x12,x22,800065d2	 x12:0x80021a68 x22:0xffffffff
      497639000	     24780	800065a2	97ce8613	addi	x12,x29,-1668	 x29:0x96633249 x12=0x96632bc5
      498379000	     24817	800065a6	03917fb3	remu	x31,x2,x25	  x2:0xffffffe1 x25:0x00000602 x31=0x000002f5
      498399000	     24818	800065aa	0036db33	srl	x22,x13,x3	 x13:0x989934d8  x3:0x80021e64 x22=0x0989934d
      498419000	     24819	800065ae	d3051c17	auipc	x24,0xd3051	 x24=0x530575ae
      498439000	     24820	800065b2	6521	c.lui	x10,0x8	 x10=0x00008000
      498459000	     24821	800065b4	8fbda793	slti	x15,x27,-1797	 x27:0x00000000 x15=0x00000000
      498479000	     24822	800065b8	0032bc33	sltu	x24,x5,x3	  x5:0x0000d000  x3:0x80021e64 x24=0x00000001
      498499000	     24823	800065bc	93da	c.add	x7,x22	  x7:0x989934da x22:0x0989934d  x7=0xa222c827
      498519000	     24824	800065be	8fc5	c.or	x15,x9	 x15:0x00000000  x9:0x80021e64 x15=0x80021e64
      498539000	     24825	800065c0	009e5d93	srli	x27,x28,0x9	 x28:0x00004000 x27=0x00000020
      498699000	     24833	800065c4	03961db3	mulh	x27,x12,x25	 x12:0x96632bc5 x25:0x00000602 x27=0xfffffd85
      498719000	     24834	800065c8	006d4a63	blt	x26,x6,800065dc	 x26:0x00000000  x6:0x989934d9
      498919000	     24844	800065cc	c005	c.beqz	x8,800065ec	  x8:0x00000000
      499519000	     24874	800065ec	9c26	c.add	x24,x9	 x24:0x00000001  x9:0x80021e64 x24=0x80021e65
      499539000	     24875	800065ee	87e9	c.srai	x15,0x1a	 x15:0x80021e64 x15=0xffffffe0
      499639000	     24880	800065f0	01546663	bltu	x8,x21,800065fc	  x8:0x00000000 x21:0x0001f000
      500019000	     24899	800065fc	881d	c.andi	x8,7	  x8:0x00000000  x8=0x00000000
      500119000	     24904	800065fe	037d6163	bltu	x26,x23,80006620	 x26:0x00000000 x23:0x00000000
      500859000	     24941	80006602	02934733	div	x14,x6,x9	  x6:0x989934d9  x9:0x80021e64 x14=0x00000000
      500879000	     24942	80006606	7cc3da17	auipc	x20,0x7cc3d	 x20=0xfcc43606
      500999000	     24948	8000660a	01b65fb3	srl	x31,x12,x27	 x12:0x96632bc5 x27:0xfffffd85 x31=0x04b3195e
      501019000	     24949	8000660e	0001	c.addi	x0,0	  x0:0x00000000  x0=0x00000000
      501119000	     24954	80006610	c41d	c.beqz	x8,8000663e	  x8:0x00000000
      502399000	     25018	8000663e	0ff0000f	fence	iorw,iorw	
      502419000	     25019	80006642	6bd1	c.lui	x23,0x14	 x23=0x00014000
      502499000	     25023	80006644	8153c737	lui	x14,0x8153c	 x14=0x8153c000
      502599000	     25028	80006648	d0f02117	auipc	x2,0xd0f02	  x2=0x50f08648
      502759000	     25036	8000664c	0d7c8d17	auipc	x26,0xd7c8	 x26=0x8d7ce64c
      502779000	     25037	80006650	02bb0d33	mul	x26,x22,x11	 x22:0x0989934d x11:0x894eacb4 x26=0x3a294e24
      502819000	     25039	80006654	0c6a	c.slli	x24,0x1a	 x24:0x80021e65 x24=0x94000000
      502839000	     25040	80006656	01d25663	bge	x4,x29,80006662	  x4:0xb93fac45 x29:0x96633249
      503519000	     25074	80006662	013bd3b3	srl	x7,x23,x19	 x23:0x00014000 x19:0xffffffff  x7=0x00000000
      503539000	     25075	80006666	1810	c.addi4spn	x12,x2,48	 x12=0x50f08678
      503639000	     25080	80006668	016bb7b7	lui	x15,0x16bb	 x15=0x016bb000
      504059000	     25101	8000666c	e785	c.bnez	x15,80006694	 x15:0x016bb000
      505659000	     25181	80006694	02507833	remu	x16,x0,x5	  x0:0x00000000  x5:0x0000d000 x16=0x00000000
      505679000	     25182	80006698	cb01	c.beqz	x14,800066a8	 x14:0x8153c000
      505699000	     25183	8000669a	79c2e417	auipc	x8,0x79c2e	  x8=0xf9c3469a
      506679000	     25232	8000669e	02c44eb3	div	x29,x8,x12	  x8:0xf9c3469a x12:0x50f08678 x29=0x00000000
      506719000	     25234	800066a2	03cabe33	mulhu	x28,x21,x28	 x21:0x0001f000 x28:0x00004000 x28=0x00000000
      506739000	     25235	800066a6	8d71	c.and	x10,x12	 x10:0x00008000 x12:0x50f08678 x10=0x00008000
      506759000	     25236	800066a8	fc8fab13	slti	x22,x31,-56	 x31:0x04b3195e x22=0x00000000
      506779000	     25237	800066ac	0000100f	fence.i	
      506959000	     25246	800066b0	0125ebb3	or	x23,x11,x18	 x11:0x894eacb4 x18:0x00000000 x23=0x894eacb4
      506999000	     25248	800066b4	ee09	c.bnez	x12,800066ce	 x12:0x50f08678
      508259000	     25311	800066ce	6cd1	c.lui	x25,0x14	 x25=0x00014000
      508279000	     25312	800066d0	c915	c.beqz	x10,80006704	 x10:0x00008000
      508319000	     25314	800066d2	030d92b3	mulh	x5,x27,x16	 x27:0xfffffd85 x16:0x00000000  x5=0x00000000
      508339000	     25315	800066d6	5efd	c.li	x29,-1	 x29=0xffffffff
      508619000	     25329	800066d8	6129	c.addi16sp	x2,192	  x2:0x50f08648  x2=0x50f08708
      509039000	     25350	800066da	2825e913	ori	x18,x11,642	 x11:0x894eacb4 x18=0x894eaeb6
      509299000	     25363	800066de	4dee2313	slti	x6,x28,1246	 x28:0x00000000  x6=0x00000001
      509639000	     25380	800066e2	5aec4b13	xori	x22,x24,1454	 x24:0x94000000 x22=0x940005ae
      509679000	     25382	800066e6	0381bab3	mulhu	x21,x3,x24	  x3:0x80021e64 x24:0x94000000 x21=0x4a013991
      509699000	     25383	800066ea	717d	c.addi16sp	x2,-16	  x2:0x50f08708  x2=0x50f086f8
      509719000	     25384	800066ec	018919b3	sll	x19,x18,x24	 x18:0x894eaeb6 x24:0x94000000 x19=0x894eaeb6
      509739000	     25385	800066f0	8bc9	c.andi	x15,18	 x15:0x016bb000 x15=0x00000000
      509759000	     25386	800066f2	8c3d	c.xor	x8,x15	  x8:0xf9c3469a x15:0x00000000  x8=0xf9c3469a
      509799000	     25388	800066f4	03cfdbb3	divu	x23,x31,x28	 x31:0x04b3195e x28:0x00000000 x23=0xffffffff
      509819000	     25389	800066f8	8e29	c.xor	x12,x10	 x12:0x50f08678 x10:0x00008000 x12=0x50f00678
      510239000	     25410	800066fa	012ff563	bgeu	x31,x18,80006704	 x31:0x04b3195e x18:0x894eaeb6
      510259000	     25411	800066fe	8d31	c.xor	x10,x12	 x10:0x00008000 x12:0x50f00678 x10=0x50f08678
      510279000	     25412	80006700	03f71f63	bne	x14,x31,8000673e	 x14:0x8153c000 x31:0x04b3195e
      510419000	     25419	8000673e	bb13b213	sltiu	x4,x7,-1103	  x7:0x00000000  x4=0x00000001
      510759000	     25436	80006742	030201b3	mul	x3,x4,x16	  x4:0x00000001 x16:0x00000000  x3=0x00000000
      510819000	     25439	80006746	03b2b133	mulhu	x2,x5,x27	  x5:0x00000000 x27:0xfffffd85  x2=0x00000000
      510839000	     25440	8000674a	00d69863	bne	x13,x13,8000675a	 x13:0x989934d8 x13:0x989934d8
      510859000	     25441	8000674e	01e3d393	srli	x7,x7,0x1e	  x7:0x00000000  x7=0x00000000
      510879000	     25442	80006752	02fcd763	bge	x25,x15,80006780	 x25:0x00014000 x15:0x00000000
      511559000	     25476	80006780	0082d913	srli	x18,x5,0x8	  x5:0x00000000 x18=0x00000000
      511939000	     25495	80006784	0234cb63	blt	x9,x3,800067ba	  x9:0x80021e64  x3:0x00000000
      512359000	     25516	800067ba	086e	c.slli	x16,0x1b	 x16:0x00000000 x16=0x00000000
      512379000	     25517	800067bc	7a096917	auipc	x18,0x7a096	 x18=0xfa09c7bc
      512799000	     25538	800067c0	016782b3	add	x5,x15,x22	 x15:0x00000000 x22:0x940005ae  x5=0x940005ae
      512819000	     25539	800067c4	400fd233	sra	x4,x31,x0	 x31:0x04b3195e  x0:0x00000000  x4=0x04b3195e
      512999000	     25548	800067c8	821d	c.srli	x12,0x7	 x12:0x50f00678 x12=0x00a1e00c
      513259000	     25561	800067ca	00c70933	add	x18,x14,x12	 x14:0x8153c000 x12:0x00a1e00c x18=0x81f5a00c
      513279000	     25562	800067ce	92ea	c.add	x5,x26	  x5:0x940005ae x26:0x3a294e24  x5=0xce2953d2
      513539000	     25575	800067d0	5e7d	c.li	x28,-1	 x28=0xffffffff
      513559000	     25576	800067d2	8c2d	c.xor	x8,x11	  x8:0xf9c3469a x11:0x894eacb4  x8=0x708dea2e
      513759000	     25586	800067d4	02c6d263	bge	x13,x12,800067f8	 x13:0x989934d8 x12:0x00a1e00c
      513779000	     25587	800067d8	01402333	slt	x6,x0,x20	  x0:0x00000000 x20:0xfcc43606  x6=0x00000000
      513799000	     25588	800067dc	00c05563	bge	x0,x12,800067e6	  x0:0x00000000 x12:0x00a1e00c
      513879000	     25592	800067e0	006f67b3	or	x15,x30,x6	 x30:0x80025ce4  x6:0x00000000 x15=0x80025ce4
      513959000	     25596	800067e4	87da	c.mv	x15,x22	  x0:0x00000000 x22:0x940005ae x15=0x940005ae
      514099000	     25603	800067e6	4082d193	srai	x3,x5,0x8	  x5:0xce2953d2  x3=0xffce2953
      514119000	     25604	800067ea	01759d63	bne	x11,x23,80006804	 x11:0x894eacb4 x23:0xffffffff
      514639000	     25630	80006804	047a	c.slli	x8,0x1e	  x8:0x708dea2e  x8=0x80000000
      514659000	     25631	80006806	8799	c.srai	x15,0x6	 x15:0x940005ae x15=0xfe500016
      514759000	     25636	80006808	026b9263	bne	x23,x6,8000682c	 x23:0xffffffff  x6:0x00000000
      515359000	     25666	8000682c	030da333	mulhsu	x6,x27,x16	 x27:0xfffffd85 x16:0x00000000  x6=0x00000000
      515379000	     25667	80006830	86f2	c.mv	x13,x28	  x0:0x00000000 x28:0xffffffff x13=0xffffffff
      515399000	     25668	80006832	00d0ecb3	or	x25,x1,x13	  x1:0x00000000 x13:0xffffffff x25=0xffffffff
      515419000	     25669	80006836	e285	c.bnez	x13,80006856	 x13:0xffffffff
      516139000	     25705	80006856	8d35	c.xor	x10,x13	 x10:0x50f08678 x13:0xffffffff x10=0xaf0f7987
      516199000	     25708	80006858	0024ba33	sltu	x20,x9,x2	  x9:0x80021e64  x2:0x00000000 x20=0x00000000
      516339000	     25715	8000685c	d5cb2c93	slti	x25,x22,-676	 x22:0x940005ae x25=0x00000001
      516419000	     25719	80006860	be8e2d93	slti	x27,x28,-1048	 x28:0xffffffff x27=0x00000000
      516439000	     25720	80006864	717d	c.addi16sp	x2,-16	  x2:0x00000000  x2=0xfffffff0
      516619000	     25729	80006866	019ea9b3	slt	x19,x29,x25	 x29:0xffffffff x25:0x00000001 x19=0x00000001
      516899000	     25743	8000686a	01c5dc13	srli	x24,x11,0x1c	 x11:0x894eacb4 x24=0x00000008
      516919000	     25744	8000686e	00c2b3b3	sltu	x7,x5,x12	  x5:0xce2953d2 x12:0x00a1e00c  x7=0x00000000
      516939000	     25745	80006872	e291	c.bnez	x13,80006876	 x13:0xffffffff
      517619000	     25779	80006876	ce05	c.beqz	x12,800068ae	 x12:0x00a1e00c
      518059000	     25801	80006878	00009763	bne	x1,x0,80006886	  x1:0x00000000  x0:0x00000000
      518199000	     25808	8000687c	61e9	c.lui	x3,0x1a	  x3=0x0001a000
      518599000	     25828	8000687e	02644663	blt	x8,x6,800068aa	  x8:0x80000000  x6:0x00000000
      518839000	     25840	800068aa	640d	c.lui	x8,0x3	  x8=0x00003000
      518859000	     25841	800068ac	cc05	c.beqz	x8,800068e4	  x8:0x00003000
      518879000	     25842	800068ae	8fe9	c.and	x15,x10	 x15:0xfe500016 x10:0xaf0f7987 x15=0xae000006
      519279000	     25862	800068b0	40718533	sub	x10,x3,x7	  x3:0x0001a000  x7:0x00000000 x10=0x0001a000
      519299000	     25863	800068b4	8b91	c.andi	x15,4	 x15:0xae000006 x15=0x00000004
      519559000	     25876	800068b6	4a303013	sltiu	x0,x0,1187	  x0:0x00000000  x0=0x00000000
      519579000	     25877	800068ba	002bc663	blt	x23,x2,800068c6	 x23:0xffffffff  x2:0xfffffff0
      519759000	     25886	800068be	0028f633	and	x12,x17,x2	 x17:0x0000d000  x2:0xfffffff0 x12=0x0000d000
      519779000	     25887	800068c2	8e7d	c.and	x12,x15	 x12:0x0000d000 x15:0x00000004 x12=0x00000000
      519819000	     25889	800068c4	0986	c.slli	x19,0x1	 x19:0x00000001 x19=0x00000002
      519919000	     25894	800068c6	018d5293	srli	x5,x26,0x18	 x26:0x3a294e24  x5=0x0000003a
      519939000	     25895	800068ca	00d92cb3	slt	x25,x18,x13	 x18:0x81f5a00c x13:0xffffffff x25=0x00000001
      519959000	     25896	800068ce	0000100f	fence.i	
      520979000	     25947	800068d2	47d8f613	andi	x12,x17,1149	 x17:0x0000d000 x12=0x00000000
      520999000	     25948	800068d6	0001	c.addi	x0,0	  x0:0x00000000  x0=0x00000000
      521019000	     25949	800068d8	40d25133	sra	x2,x4,x13	  x4:0x04b3195e x13:0xffffffff  x2=0x00000000
      521039000	     25950	800068dc	01b65ab3	srl	x21,x12,x27	 x12:0x00000000 x27:0x00000000 x21=0x00000000
      521079000	     25952	800068e0	03652933	mulhsu	x18,x10,x22	 x10:0x0001a000 x22:0x940005ae x18=0x0000f080
      521099000	     25953	800068e4	0000100f	fence.i	
      521499000	     25973	800068e8	86e5	c.srai	x13,0x19	 x13:0xffffffff x13=0xffffffff
      521519000	     25974	800068ea	00dd5e33	srl	x28,x26,x13	 x26:0x3a294e24 x13:0xffffffff x28=0x00000000
      521939000	     25995	800068ee	00456eb3	or	x29,x10,x4	 x10:0x0001a000  x4:0x04b3195e x29=0x04b3b95e
      521959000	     25996	800068f2	23052193	slti	x3,x10,560	 x10:0x0001a000  x3=0x00000000
      521999000	     25998	800068f6	0077be33	sltu	x28,x15,x7	 x15:0x00000004  x7:0x00000000 x28=0x00000000
      522019000	     25999	800068fa	8f85	c.sub	x15,x9	 x15:0x00000004  x9:0x80021e64 x15=0x7ffde1a0
      522039000	     26000	800068fc	0ff0000f	fence	iorw,iorw	
      522059000	     26001	80006900	40be5a93	srai	x21,x28,0xb	 x28:0x00000000 x21=0x00000000
      522339000	     26015	80006904	87d9	c.srai	x15,0x16	 x15:0x7ffde1a0 x15=0x000001ff
      522359000	     26016	80006906	197d	c.addi	x18,-1	 x18:0x0000f080 x18=0x0000f07f
      522619000	     26029	80006908	02ac8133	mul	x2,x25,x10	 x25:0x00000001 x10:0x0001a000  x2=0x0001a000
      522819000	     26039	8000690c	67b9	c.lui	x15,0xe	 x15=0x0000e000
      523019000	     26049	8000690e	bdc94093	xori	x1,x18,-1060	 x18:0x0000f07f  x1=0xffff0ba3
      523039000	     26050	80006912	c315	c.beqz	x14,80006936	 x14:0x8153c000
      523159000	     26056	80006914	00729c93	slli	x25,x5,0x7	  x5:0x0000003a x25=0x00001d00
      523179000	     26057	80006918	6d79	c.lui	x26,0x1e	 x26=0x0001e000
      523359000	     26066	8000691a	0321bcb3	mulhu	x25,x3,x18	  x3:0x00000000 x18:0x0000f07f x25=0x00000000
      523379000	     26067	8000691e	020bf193	andi	x3,x23,32	 x23:0xffffffff  x3=0x00000020
      523419000	     26069	80006922	03ff2c33	mulhsu	x24,x30,x31	 x30:0x80025ce4 x31:0x04b3195e x24=0xfda67e6b
      523439000	     26070	80006926	8235	c.srli	x12,0xd	 x12:0x00000000 x12=0x00000000
      523459000	     26071	80006928	0001	c.addi	x0,0	  x0:0x00000000  x0=0x00000000
      523479000	     26072	8000692a	01629a33	sll	x20,x5,x22	  x5:0x0000003a x22:0x940005ae x20=0x000e8000
      523499000	     26073	8000692e	e28d	c.bnez	x13,80006950	 x13:0xffffffff
      536999000	     26748	80006950	00ea	c.slli	x1,0x1a	  x1:0xffff0ba3  x1=0x8c000000
      537019000	     26749	80006952	015de763	bltu	x27,x21,80006960	 x27:0x00000000 x21:0x00000000
      537039000	     26750	80006956	0f91	c.addi	x31,4	 x31:0x04b3195e x31=0x04b31962
      537059000	     26751	80006958	41175033	sra	x0,x14,x17	 x14:0x8153c000 x17:0x0000d000  x0=0x00000000
      537079000	     26752	8000695c	ba5ba093	slti	x1,x23,-1115	 x23:0xffffffff  x1=0x00000000
      537099000	     26753	80006960	00e9a7b3	slt	x15,x19,x14	 x19:0x00000002 x14:0x8153c000 x15=0x00000000
      537119000	     26754	80006964	007cee63	bltu	x25,x7,80006980	 x25:0x00000000  x7:0x00000000
      537279000	     26762	80006968	00f94e33	xor	x28,x18,x15	 x18:0x0000f07f x15:0x00000000 x28=0x0000f07f
      537299000	     26763	8000696c	02f91b63	bne	x18,x15,800069a2	 x18:0x0000f07f x15:0x00000000
      538499000	     26823	800069a2	033c6eb3	rem	x29,x24,x19	 x24:0xfda67e6b x19:0x00000002 x29=0xffffffff
      538519000	     26824	800069a6	8c31	c.xor	x8,x12	  x8:0x00003000 x12:0x00000000  x8=0x00003000
      538539000	     26825	800069a8	8e2d	c.xor	x12,x11	 x12:0x00000000 x11:0x894eacb4 x12=0x894eacb4
      538559000	     26826	800069aa	012280b3	add	x1,x5,x18	  x5:0x0000003a x18:0x0000f07f  x1=0x0000f0b9
      538579000	     26827	800069ae	41dfdc33	sra	x24,x31,x29	 x31:0x04b31962 x29:0xffffffff x24=0x00000000
      538599000	     26828	800069b2	8391	c.srli	x15,0x4	 x15:0x00000000 x15=0x00000000
      538759000	     26836	800069b4	6b9d	c.lui	x23,0x7	 x23=0x00007000
      538779000	     26837	800069b6	03cc4063	blt	x24,x28,800069d6	 x24:0x00000000 x28:0x0000f07f
      539439000	     26870	800069d6	01260f63	beq	x12,x18,800069f4	 x12:0x894eacb4 x18:0x0000f07f
      539459000	     26871	800069da	011f1513	slli	x10,x30,0x11	 x30:0x80025ce4 x10=0xb9c80000
      539479000	     26872	800069de	00a6fc63	bgeu	x13,x10,800069f6	 x13:0xffffffff x10:0xb9c80000
      540599000	     26928	800069f6	01a69013	slli	x0,x13,0x1a	 x13:0xffffffff  x0=0x00000000
      540619000	     26929	800069fa	8e62	c.mv	x28,x24	  x0:0x00000000 x24:0x00000000 x28=0x00000000
      540639000	     26930	800069fc	0001	c.addi	x0,0	  x0:0x00000000  x0=0x00000000
      540939000	     26945	800069fe	3dd1db37	lui	x22,0x3dd1d	 x22=0x3dd1d000
      541059000	     26951	80006a02	00c430b3	sltu	x1,x8,x12	  x8:0x00003000 x12:0x894eacb4  x1=0x00000001
      541079000	     26952	80006a06	9666	c.add	x12,x25	 x12:0x894eacb4 x25:0x00000000 x12=0x894eacb4
      541399000	     26968	80006a08	00a6	c.slli	x1,0x9	  x1:0x00000001  x1=0x00000200
      541679000	     26982	80006a0a	0000100f	fence.i	
      542719000	     27034	80006a0e	013e6e33	or	x28,x28,x19	 x28:0x00000000 x19:0x00000002 x28=0x00000002
      542739000	     27035	80006a12	8ed9	c.or	x13,x14	 x13:0xffffffff x14:0x8153c000 x13=0xffffffff
      542839000	     27040	80006a14	0000100f	fence.i	
      543439000	     27070	80006a18	6899	c.lui	x17,0x6	 x17=0x00006000
      543459000	     27071	80006a1a	40498633	sub	x12,x19,x4	 x19:0x00000002  x4:0x04b3195e x12=0xfb4ce6a4
      543479000	     27072	80006a1e	ca09	c.beqz	x12,80006a30	 x12:0xfb4ce6a4
      543499000	     27073	80006a20	8355	c.srli	x14,0x15	 x14:0x8153c000 x14=0x0000040a
      543599000	     27078	80006a22	6c4af793	andi	x15,x21,1732	 x21:0x00000000 x15=0x00000000
      544339000	     27115	80006a26	023a7db3	remu	x27,x20,x3	 x20:0x000e8000  x3:0x00000020 x27=0x00000000
      544359000	     27116	80006a2a	8e59	c.or	x12,x14	 x12:0xfb4ce6a4 x14:0x0000040a x12=0xfb4ce6ae
      544379000	     27117	80006a2c	00775413	srli	x8,x14,0x7	 x14:0x0000040a  x8=0x00000008
      544399000	     27118	80006a30	d739cc93	xori	x25,x19,-653	 x19:0x00000002 x25=0xfffffd71
      544419000	     27119	80006a34	8269	c.srli	x12,0x1a	 x12:0xfb4ce6ae x12=0x0000003e
      544459000	     27121	80006a36	035d5833	divu	x16,x26,x21	 x26:0x0001e000 x21:0x00000000 x16=0xffffffff
      544479000	     27122	80006a3a	da5e8693	addi	x13,x29,-603	 x29:0xffffffff x13=0xfffffda4
      544499000	     27123	80006a3e	8d9a	c.mv	x27,x6	  x0:0x00000000  x6:0x00000000 x27=0x00000000
      544519000	     27124	80006a40	039a9863	bne	x21,x25,80006a70	 x21:0x00000000 x25:0xfffffd71
      544719000	     27134	80006a70	40bd5213	srai	x4,x26,0xb	 x26:0x0001e000  x4=0x0000003c
      544899000	     27143	80006a74	00f28bb3	add	x23,x5,x15	  x5:0x0000003a x15:0x00000000 x23=0x0000003a
      544939000	     27145	80006a78	00befa33	and	x20,x29,x11	 x29:0xffffffff x11:0x894eacb4 x20=0x894eacb4
      544959000	     27146	80006a7c	6e84ad13	slti	x26,x9,1768	  x9:0x80021e64 x26=0x00000001
      545059000	     27151	80006a80	01b5fab3	and	x21,x11,x27	 x11:0x894eacb4 x27:0x00000000 x21=0x00000000
      546199000	     27208	80006a84	0219ccb3	div	x25,x19,x1	 x19:0x00000002  x1:0x00000200 x25=0x00000000
      546239000	     27210	80006a88	035bc6b3	div	x13,x23,x21	 x23:0x0000003a x21:0x00000000 x13=0xffffffff
      546259000	     27211	80006a8c	93d6	c.add	x7,x21	  x7:0x00000000 x21:0x00000000  x7=0x00000000
      546279000	     27212	80006a8e	00e6	c.slli	x1,0x19	  x1:0x00000200  x1=0x00000000
      546299000	     27213	80006a90	0b12	c.slli	x22,0x4	 x22:0x3dd1d000 x22=0xdd1d0000
      546319000	     27214	80006a92	0ff0000f	fence	iorw,iorw	
      546339000	     27215	80006a96	0005b2b3	sltu	x5,x11,x0	 x11:0x894eacb4  x0:0x00000000  x5=0x00000000
      546379000	     27217	80006a9a	0219a8b3	mulhsu	x17,x19,x1	 x19:0x00000002  x1:0x00000000 x17=0x00000000
      546779000	     27237	80006a9e	019078b3	and	x17,x0,x25	  x0:0x00000000 x25:0x00000000 x17=0x00000000
      546959000	     27246	80006aa2	00035d13	srli	x26,x6,0x0	  x6:0x00000000 x26=0x00000000
      546979000	     27247	80006aa6	6515	c.lui	x10,0x5	 x10=0x00005000
      546999000	     27248	80006aa8	03764663	blt	x12,x23,80006ad4	 x12:0x0000003e x23:0x0000003a
      547239000	     27260	80006aac	0251d1b3	divu	x3,x3,x5	  x3:0x00000020  x5:0x00000000  x3=0xffffffff
      547299000	     27263	80006ab0	01d567b3	or	x15,x10,x29	 x10:0x00005000 x29:0xffffffff x15=0xffffffff
      547719000	     27284	80006ab4	013f5793	srli	x15,x30,0x13	 x30:0x80025ce4 x15=0x00001000
      547739000	     27285	80006ab8	40275eb3	sra	x29,x14,x2	 x14:0x0000040a  x2:0x0001a000 x29=0x0000040a
      547779000	     27287	80006abc	83c9	c.srli	x15,0x12	 x15:0x00001000 x15=0x00000000
      547799000	     27288	80006abe	717d	c.addi16sp	x2,-16	  x2:0x0001a000  x2=0x00019ff0
      547819000	     27289	80006ac0	430ef093	andi	x1,x29,1072	 x29:0x0000040a  x1=0x00000400
      548159000	     27306	80006ac4	01a54263	blt	x10,x26,80006ac8	 x10:0x00005000 x26:0x00000000
      548299000	     27313	80006ac8	0062ee33	or	x28,x5,x6	  x5:0x00000000  x6:0x00000000 x28=0x00000000
      548319000	     27314	80006acc	1e7d	c.addi	x28,-1	 x28:0x00000000 x28=0xffffffff
      548339000	     27315	80006ace	8fb5	c.xor	x15,x13	 x15:0x00000000 x13:0xffffffff x15=0xffffffff
      548359000	     27316	80006ad0	001518b3	sll	x17,x10,x1	 x10:0x00005000  x1:0x00000400 x17=0x00005000
      548379000	     27317	80006ad4	01af9fb3	sll	x31,x31,x26	 x31:0x04b31962 x26:0x00000000 x31=0x04b31962
      549279000	     27362	80006ad8	02a5d2b3	divu	x5,x11,x10	 x11:0x894eacb4 x10:0x00005000  x5=0x0001b762
      549299000	     27363	80006adc	00e76eb3	or	x29,x14,x14	 x14:0x0000040a x14:0x0000040a x29=0x0000040a
      549319000	     27364	80006ae0	0001	c.addi	x0,0	  x0:0x00000000  x0=0x00000000
      549339000	     27365	80006ae2	02185363	bge	x16,x1,80006b08	 x16:0xffffffff  x1:0x00000400
      549359000	     27366	80006ae6	00abaa33	slt	x20,x23,x10	 x23:0x0000003a x10:0x00005000 x20=0x00000001
      549379000	     27367	80006aea	0d80	c.addi4spn	x8,x2,720	  x8=0x0001a2c0
      549399000	     27368	80006aec	007060b3	or	x1,x0,x7	  x0:0x00000000  x7:0x00000000  x1=0x00000000
      549439000	     27370	80006af0	031c3ab3	mulhu	x21,x24,x17	 x24:0x00000000 x17:0x00005000 x21=0x00000000
      549459000	     27371	80006af4	8e8d	c.sub	x13,x11	 x13:0xffffffff x11:0x894eacb4 x13=0x76b1534b
      549479000	     27372	80006af6	ec08c813	xori	x16,x17,-320	 x17:0x00005000 x16=0xffffaec0
      549499000	     27373	80006afa	4611	c.li	x12,4	 x12=0x00000004
      549899000	     27393	80006afc	8ed5	c.or	x13,x13	 x13:0x76b1534b x13:0x76b1534b x13=0x76b1534b
      550999000	     27448	80006afe	02d9d1b3	divu	x3,x19,x13	 x19:0x00000002 x13:0x76b1534b  x3=0x00000000
      551019000	     27449	80006b02	8fed	c.and	x15,x11	 x15:0xffffffff x11:0x894eacb4 x15=0x894eacb4
      551039000	     27450	80006b04	02ad83b3	mul	x7,x27,x10	 x27:0x00000000 x10:0x00005000  x7=0x00000000
      551059000	     27451	80006b08	059c	c.addi4spn	x15,x2,704	 x15=0x0001a2b0
      551079000	     27452	80006b0a	aa2e3697	auipc	x13,0xaa2e3	 x13=0x2a2e9b0a
      551099000	     27453	80006b0e	8c35	c.xor	x8,x13	  x8:0x0001a2c0 x13:0x2a2e9b0a  x8=0x2a2f39ca
      551119000	     27454	80006b10	02abee63	bltu	x23,x10,80006b4c	 x23:0x0000003a x10:0x00005000
      552819000	     27539	80006b4c	03d06833	rem	x16,x0,x29	  x0:0x00000000 x29:0x0000040a x16=0x00000000
      552839000	     27540	80006b50	6c99	c.lui	x25,0x6	 x25=0x00006000
      552859000	     27541	80006b52	0040d863	bge	x1,x4,80006b62	  x1:0x00000000  x4:0x0000003c
      552879000	     27542	80006b56	be4fcf93	xori	x31,x31,-1052	 x31:0x04b31962 x31=0xfb4ce286
      552899000	     27543	80006b5a	01d31e93	slli	x29,x6,0x1d	  x6:0x00000000 x29=0x00000000
      552919000	     27544	80006b5e	0091b9b3	sltu	x19,x3,x9	  x3:0x00000000  x9:0x80021e64 x19=0x00000001
      552939000	     27545	80006b62	9836	c.add	x16,x13	 x16:0x00000000 x13:0x2a2e9b0a x16=0x2a2e9b0a
      552959000	     27546	80006b64	6119	c.addi16sp	x2,384	  x2:0x00019ff0  x2=0x0001a170
      553119000	     27554	80006b66	22562513	slti	x10,x12,549	 x12:0x00000004 x10=0x00000001
      553139000	     27555	80006b6a	af393013	sltiu	x0,x18,-1293	 x18:0x0000f07f  x0=0x00000000
      553179000	     27557	80006b6e	03a02fb3	mulhsu	x31,x0,x26	  x0:0x00000000 x26:0x00000000 x31=0x00000000
      553199000	     27558	80006b72	8c0d	c.sub	x8,x11	  x8:0x2a2f39ca x11:0x894eacb4  x8=0xa0e08d16
      553939000	     27595	80006b74	030cd633	divu	x12,x25,x16	 x25:0x00006000 x16:0x2a2e9b0a x12=0x00000000
      553959000	     27596	80006b78	3d9f3913	sltiu	x18,x30,985	 x30:0x80025ce4 x18=0x00000000
      553979000	     27597	80006b7c	023b7363	bgeu	x22,x3,80006ba2	 x22:0xdd1d0000  x3:0x00000000
      554519000	     27624	80006ba2	9e12	c.add	x28,x4	 x28:0xffffffff  x4:0x0000003c x28=0x0000003b
      554939000	     27645	80006ba4	717d	c.addi16sp	x2,-16	  x2:0x0001a170  x2=0x0001a160
      554959000	     27646	80006ba6	4040d333	sra	x6,x1,x4	  x1:0x00000000  x4:0x0000003c  x6=0x00000000
      555299000	     27663	80006baa	008180b3	add	x1,x3,x8	  x3:0x00000000  x8:0xa0e08d16  x1=0xa0e08d16
      555319000	     27664	80006bae	844d	c.srai	x8,0x13	  x8:0xa0e08d16  x8=0xfffff41c
      555619000	     27679	80006bb0	527d	c.li	x4,-1	  x4=0xffffffff
      555639000	     27680	80006bb2	0842	c.slli	x16,0x10	 x16:0x2a2e9b0a x16=0x9b0a0000
      555759000	     27686	80006bb4	01f1ee33	or	x28,x3,x31	  x3:0x00000000 x31:0x00000000 x28=0x00000000
      555839000	     27690	80006bb8	016eab33	slt	x22,x29,x22	 x29:0x00000000 x22:0xdd1d0000 x22=0x00000000
      556019000	     27699	80006bbc	0000100f	fence.i	
      569219000	     28359	80006bc0	40390eb3	sub	x29,x18,x3	 x18:0x00000000  x3:0x00000000 x29=0x00000000
      569239000	     28360	80006bc4	566eb113	sltiu	x2,x29,1382	 x29:0x00000000  x2=0x00000001
      569259000	     28361	80006bc8	0001	c.addi	x0,0	  x0:0x00000000  x0=0x00000000
      569279000	     28362	80006bca	01ee7833	and	x16,x28,x30	 x28:0x00000000 x30:0x80025ce4 x16=0x00000000
      569299000	     28363	80006bce	019c1e13	slli	x28,x24,0x19	 x24:0x00000000 x28=0x00000000
      569319000	     28364	80006bd2	8e99	c.sub	x13,x14	 x13:0x2a2e9b0a x14:0x0000040a x13=0x2a2e9700
      569339000	     28365	80006bd4	8c06	c.mv	x24,x1	  x0:0x00000000  x1:0xa0e08d16 x24=0xa0e08d16
      569359000	     28366	80006bd6	8e15	c.sub	x12,x13	 x12:0x00000000 x13:0x2a2e9700 x12=0xd5d16900
      569799000	     28388	80006bd8	0109e133	or	x2,x19,x16	 x19:0x00000001 x16:0x00000000  x2=0x00000001
      569819000	     28389	80006bdc	0001	c.addi	x0,0	  x0:0x00000000  x0=0x00000000
      569979000	     28397	80006bde	f1883393	sltiu	x7,x16,-232	 x16:0x00000000  x7=0x00000001
      570119000	     28404	80006be2	0ff0000f	fence	iorw,iorw	
      570159000	     28406	80006be6	419a0c33	sub	x24,x20,x25	 x20:0x00000001 x25:0x00006000 x24=0xffffa001
      570499000	     28423	80006bea	01ad86b3	add	x13,x27,x26	 x27:0x00000000 x26:0x00000000 x13=0x00000000
      570619000	     28429	80006bee	0255cc63	blt	x11,x5,80006c26	 x11:0x894eacb4  x5:0x0001b762
      571159000	     28456	80006c26	ef9d	c.bnez	x15,80006c64	 x15:0x0001a2b0
      572139000	     28505	80006c64	5efd	c.li	x29,-1	 x29=0xffffffff
      572159000	     28506	80006c66	e911	c.bnez	x10,80006c7a	 x10:0x00000001
      573579000	     28577	80006c7a	00240db3	add	x27,x8,x2	  x8:0xfffff41c  x2:0x00000001 x27=0xfffff41d
      573599000	     28578	80006c7e	0e91	c.addi	x29,4	 x29:0xffffffff x29=0x00000003
      573699000	     28583	80006c80	717d	c.addi16sp	x2,-16	  x2:0x00000001  x2=0xfffffff1
      573719000	     28584	80006c82	8e01	c.sub	x12,x8	 x12:0xd5d16900  x8:0xfffff41c x12=0xd5d174e4
      573899000	     28593	80006c84	0000100f	fence.i	
      574039000	     28600	80006c88	40635233	sra	x4,x6,x6	  x6:0x00000000  x6:0x00000000  x4=0x00000000
      574119000	     28604	80006c8c	8d65	c.and	x10,x9	 x10:0x00000001  x9:0x80021e64 x10=0x00000000
      574139000	     28605	80006c8e	997d	c.andi	x10,-1	 x10:0x00000000 x10=0x00000000
      574159000	     28606	80006c90	0109ba33	sltu	x20,x19,x16	 x19:0x00000001 x16:0x00000000 x20=0x00000000
      574199000	     28608	80006c94	86a9	c.srai	x13,0xa	 x13:0x00000000 x13=0x00000000
      574219000	     28609	80006c96	0081dd63	bge	x3,x8,80006cb0	  x3:0x00000000  x8:0xfffff41c
      574679000	     28632	80006cb0	64d6cb13	xori	x22,x13,1613	 x13:0x00000000 x22=0x0000064d
      574839000	     28640	80006cb4	0001	c.addi	x0,0	  x0:0x00000000  x0=0x00000000
      574859000	     28641	80006cb6	413508b3	sub	x17,x10,x19	 x10:0x00000000 x19:0x00000001 x17=0xffffffff
      574879000	     28642	80006cba	6995	c.lui	x19,0x5	 x19=0x00005000
      575059000	     28651	80006cbc	416a5293	srai	x5,x20,0x16	 x20:0x00000000  x5=0x00000000
      575159000	     28656	80006cc0	02220333	mul	x6,x4,x2	  x4:0x00000000  x2:0xfffffff1  x6=0x00000000
      575179000	     28657	80006cc4	1c94	c.addi4spn	x13,x2,624	 x13=0x00000261
      575199000	     28658	80006cc6	010e	c.slli	x2,0x3	  x2:0xfffffff1  x2=0xffffff88
      575599000	     28678	80006cc8	0ff0000f	fence	iorw,iorw	
      575719000	     28684	80006ccc	01531663	bne	x6,x21,80006cd8	  x6:0x00000000 x21:0x00000000
      575739000	     28685	80006cd0	40dd5933	sra	x18,x26,x13	 x26:0x00000000 x13:0x00000261 x18=0x00000000
      575759000	     28686	80006cd4	5ffd	c.li	x31,-1	 x31=0xffffffff
      575779000	     28687	80006cd6	9d1a	c.add	x26,x6	 x26:0x00000000  x6:0x00000000 x26=0x00000000
      575819000	     28689	80006cd8	0262de33	divu	x28,x5,x6	  x5:0x00000000  x6:0x00000000 x28=0xffffffff
      575859000	     28691	80006cdc	41388133	sub	x2,x17,x19	 x17:0xffffffff x19:0x00005000  x2=0xffffafff
      576059000	     28701	80006ce0	036c4d63	blt	x24,x22,80006d1a	 x24:0xffffa001 x22:0x0000064d
      576259000	     28711	80006d1a	ee2d7013	andi	x0,x26,-286	 x26:0x00000000  x0=0x00000000
      576459000	     28721	80006d1e	01b08e33	add	x28,x1,x27	  x1:0xa0e08d16 x27:0xfffff41d x28=0xa0e08133
      576559000	     28726	80006d22	03570333	mul	x6,x14,x21	 x14:0x0000040a x21:0x00000000  x6=0x00000000
      576579000	     28727	80006d26	8f41	c.or	x14,x8	 x14:0x0000040a  x8:0xfffff41c x14=0xfffff41e
      576599000	     28728	80006d28	8959	c.andi	x10,22	 x10:0x00000000 x10=0x00000000
      576619000	     28729	80006d2a	9a7d	c.andi	x12,-1	 x12:0xd5d174e4 x12=0xd5d174e4
      576999000	     28748	80006d2c	c799	c.beqz	x15,80006d3a	 x15:0x0001a2b0
      577019000	     28749	80006d2e	717d	c.addi16sp	x2,-16	  x2:0xffffafff  x2=0xffffafef
      577039000	     28750	80006d30	409d5f93	srai	x31,x26,0x9	 x26:0x00000000 x31=0x00000000
      577439000	     28770	80006d34	03f28663	beq	x5,x31,80006d60	  x5:0x00000000 x31:0x00000000
      577599000	     28778	80006d60	a4d3e713	ori	x14,x7,-1459	  x7:0x00000001 x14=0xfffffa4d
      578739000	     28835	80006d64	0226d2b3	divu	x5,x13,x2	 x13:0x00000261  x2:0xffffafef  x5=0x00000000
      578759000	     28836	80006d68	030cd863	bge	x25,x16,80006d98	 x25:0x00006000 x16:0x00000000
      579059000	     28851	80006d98	8c55	c.or	x8,x13	  x8:0xfffff41c x13:0x00000261  x8=0xfffff67d
      579079000	     28852	80006d9a	0294	c.addi4spn	x13,x2,320	 x13=0xffffb12f
      579399000	     28868	80006d9c	187d	c.addi	x16,-1	 x16:0x00000000 x16=0xffffffff
      580139000	     28905	80006d9e	036d79b3	remu	x19,x26,x22	 x26:0x00000000 x22:0x0000064d x19=0x00000000
      580159000	     28906	80006da2	8959	c.andi	x10,22	 x10:0x00000000 x10=0x00000000
      580179000	     28907	80006da4	013f5563	bge	x30,x19,80006dae	 x30:0x80025ce4 x19:0x00000000
      580199000	     28908	80006da8	8886	c.mv	x17,x1	  x0:0x00000000  x1:0xa0e08d16 x17=0xa0e08d16
      580219000	     28909	80006daa	014d1bb3	sll	x23,x26,x20	 x26:0x00000000 x20:0x00000000 x23=0x00000000
      580239000	     28910	80006dae	0ff0000f	fence	iorw,iorw	
      580259000	     28911	80006db2	4190da33	sra	x20,x1,x25	  x1:0xa0e08d16 x25:0x00006000 x20=0xa0e08d16
      580279000	     28912	80006db6	8ecd	c.or	x13,x11	 x13:0xffffb12f x11:0x894eacb4 x13=0xffffbdbf
      580299000	     28913	80006db8	01caceb3	xor	x29,x21,x28	 x21:0x00000000 x28:0xa0e08133 x29=0xa0e08133
      580519000	     28924	80006dbc	00e14cb3	xor	x25,x2,x14	  x2:0xffffafef x14:0xfffffa4d x25=0x000055a2
      581659000	     28981	80006dc0	02707233	remu	x4,x0,x7	  x0:0x00000000  x7:0x00000001  x4=0x00000000
      581679000	     28982	80006dc4	e515	c.bnez	x10,80006df0	 x10:0x00000000
      581699000	     28983	80006dc6	0ff0000f	fence	iorw,iorw	
      581719000	     28984	80006dca	616d	c.addi16sp	x2,240	  x2:0xffffafef  x2=0xffffb0df
      581739000	     28985	80006dcc	8079	c.srli	x8,0x1e	  x8:0xfffff67d  x8=0x00000003
      581759000	     28986	80006dce	8e95	c.sub	x13,x13	 x13:0xffffbdbf x13:0xffffbdbf x13=0x00000000
      581779000	     28987	80006dd0	0093dbb3	srl	x23,x7,x9	  x7:0x00000001  x9:0x80021e64 x23=0x00000000
      581799000	     28988	80006dd4	01a11d13	slli	x26,x2,0x1a	  x2:0xffffb0df x26=0x7c000000
      582539000	     29025	80006dd8	03c67833	remu	x16,x12,x28	 x12:0xd5d174e4 x28:0xa0e08133 x16=0x34f0f3b1
      582559000	     29026	80006ddc	bd8a7b93	andi	x23,x20,-1064	 x20:0xa0e08d16 x23=0xa0e08910
      582579000	     29027	80006de0	995e	c.add	x18,x23	 x18:0x00000000 x23:0xa0e08910 x18=0xa0e08910
      582599000	     29028	80006de2	0025c433	xor	x8,x11,x2	 x11:0x894eacb4  x2:0xffffb0df  x8=0x76b11c6b
      582619000	     29029	80006de6	00114fb3	xor	x31,x2,x1	  x2:0xffffb0df  x1:0xa0e08d16 x31=0x5f1f3dc9
      582919000	     29044	80006dea	40e80833	sub	x16,x16,x14	 x16:0x34f0f3b1 x14:0xfffffa4d x16=0x34f0f964
      582939000	     29045	80006dee	0001	c.addi	x0,0	  x0:0x00000000  x0=0x00000000
      582979000	     29047	80006df0	02858b63	beq	x11,x8,80006e26	 x11:0x894eacb4  x8:0x76b11c6b
      582999000	     29048	80006df4	0001	c.addi	x0,0	  x0:0x00000000  x0=0x00000000
      583099000	     29053	80006df6	40275813	srai	x16,x14,0x2	 x14:0xfffffa4d x16=0xfffffe93
      583119000	     29054	80006dfa	9b46	c.add	x22,x17	 x22:0x0000064d x17:0xa0e08d16 x22=0xa0e09363
      583139000	     29055	80006dfc	65633997	auipc	x19,0x65633	 x19=0xe5639dfc
      583459000	     29071	80006e00	2aa58637	lui	x12,0x2aa58	 x12=0x2aa58000
      583479000	     29072	80006e04	3cc8a237	lui	x4,0x3cc8a	  x4=0x3cc8a000
      583499000	     29073	80006e08	8511	c.srai	x10,0x4	 x10:0x00000000 x10=0x00000000
      583759000	     29086	80006e0a	0194fc63	bgeu	x9,x25,80006e22	  x9:0x80021e64 x25:0x000055a2
      584459000	     29121	80006e22	03dff563	bgeu	x31,x29,80006e4c	 x31:0x5f1f3dc9 x29:0xa0e08133
      584479000	     29122	80006e26	0a96	c.slli	x21,0x5	 x21:0x00000000 x21=0x00000000
      584879000	     29142	80006e28	00c90533	add	x10,x18,x12	 x18:0xa0e08910 x12:0x2aa58000 x10=0xcb860910
      584899000	     29143	80006e2c	8fd9	c.or	x15,x14	 x15:0x0001a2b0 x14:0xfffffa4d x15=0xfffffafd
      585319000	     29164	80006e2e	0540f463	bgeu	x1,x20,80006e76	  x1:0xa0e08d16 x20:0xa0e08d16
      586119000	     29204	80006e76	01430c33	add	x24,x6,x20	  x6:0x00000000 x20:0xa0e08d16 x24=0xa0e08d16
      586239000	     29210	80006e7a	fa0456b7	lui	x13,0xfa045	 x13=0xfa045000
      586379000	     29217	80006e7e	40eb81b3	sub	x3,x23,x14	 x23:0xa0e08910 x14:0xfffffa4d  x3=0xa0e08ec3
      586399000	     29218	80006e82	0001	c.addi	x0,0	  x0:0x00000000  x0=0x00000000
      586499000	     29223	80006e84	41915093	srai	x1,x2,0x19	  x2:0xffffb0df  x1=0xffffffff
      586819000	     29239	80006e88	01071763	bne	x14,x16,80006e96	 x14:0xfffffa4d x16:0xfffffe93
      587419000	     29269	80006e96	0001	c.addi	x0,0	  x0:0x00000000  x0=0x00000000
      587459000	     29271	80006e98	82ca	c.mv	x5,x18	  x0:0x00000000 x18:0xa0e08910  x5=0xa0e08910
      587479000	     29272	80006e9a	0292	c.slli	x5,0x4	  x5:0xa0e08910  x5=0x0e089100
      587499000	     29273	80006e9c	0ff0000f	fence	iorw,iorw	
      587519000	     29274	80006ea0	03e700b3	mul	x1,x14,x30	 x14:0xfffffa4d x30:0x80025ce4  x1=0x72889894
      587539000	     29275	80006ea4	0001	c.addi	x0,0	  x0:0x00000000  x0=0x00000000
      587679000	     29282	80006ea6	00511e93	slli	x29,x2,0x5	  x2:0xffffb0df x29=0xfff61be0
      587699000	     29283	80006eaa	0001	c.addi	x0,0	  x0:0x00000000  x0=0x00000000
      587859000	     29291	80006eac	8831	c.andi	x8,12	  x8:0x76b11c6b  x8=0x00000008
      588279000	     29312	80006eae	03fc8833	mul	x16,x25,x31	 x25:0x000055a2 x31:0x5f1f3dc9 x16=0x9148d632
      588299000	     29313	80006eb2	0ff0000f	fence	iorw,iorw	
      588319000	     29314	80006eb6	8ee1	c.and	x13,x8	 x13:0xfa045000  x8:0x00000008 x13=0x00000000
      588339000	     29315	80006eb8	c401	c.beqz	x8,80006ec0	  x8:0x00000008
      588359000	     29316	80006eba	0001	c.addi	x0,0	  x0:0x00000000  x0=0x00000000
      588639000	     29330	80006ebc	0000100f	fence.i	
      588799000	     29338	80006ec0	0744c693	xori	x13,x9,116	  x9:0x80021e64 x13=0x80021e10
      588819000	     29339	80006ec4	9fb6	c.add	x31,x13	 x31:0x5f1f3dc9 x13:0x80021e10 x31=0xdf215bd9
      589039000	     29350	80006ec6	00dce763	bltu	x25,x13,80006ed4	 x25:0x000055a2 x13:0x80021e10
      634919000	     31644	80006ed4	0144a133	slt	x2,x9,x20	  x9:0x80021e64 x20:0xa0e08d16  x2=0x00000001
      634939000	     31645	80006ed8	02326363	bltu	x4,x3,80006efe	  x4:0x3cc8a000  x3:0xa0e08ec3
      635259000	     31661	80006efe	02c9c063	blt	x19,x12,80006f1e	 x19:0xe5639dfc x12:0x2aa58000
      636339000	     31715	80006f1e	68aead13	slti	x26,x29,1674	 x29:0xfff61be0 x26=0x00000001
      636359000	     31716	80006f22	8e45	c.or	x12,x9	 x12:0x2aa58000  x9:0x80021e64 x12=0xaaa79e64
      636399000	     31718	80006f24	8c66	c.mv	x24,x25	  x0:0x00000000 x25:0x000055a2 x24=0x000055a2
      636419000	     31719	80006f26	8911	c.andi	x10,4	 x10:0xcb860910 x10=0x00000000
      637159000	     31756	80006f28	0316dbb3	divu	x23,x13,x17	 x13:0x80021e10 x17:0xa0e08d16 x23=0x00000000
      637179000	     31757	80006f2c	87a1	c.srai	x15,0x8	 x15:0xfffffafd x15=0xfffffffa
      637219000	     31759	80006f2e	03706933	rem	x18,x0,x23	  x0:0x00000000 x23:0x00000000 x18=0x00000000
      637239000	     31760	80006f32	03180433	mul	x8,x16,x17	 x16:0x9148d632 x17:0xa0e08d16  x8=0x45fbf24c
      637259000	     31761	80006f36	0114	c.addi4spn	x13,x2,128	 x13=0x00000081
      637279000	     31762	80006f38	55dba293	slti	x5,x23,1373	 x23:0x00000000  x5=0x00000001
      637299000	     31763	80006f3c	52e32513	slti	x10,x6,1326	  x6:0x00000000 x10=0x00000001
      637599000	     31778	80006f40	6ff9	c.lui	x31,0x1e	 x31=0x0001e000
      638019000	     31799	80006f42	40c60d33	sub	x26,x12,x12	 x12:0xaaa79e64 x12:0xaaa79e64 x26=0x00000000
      638259000	     31811	80006f46	02e11eb3	mulh	x29,x2,x14	  x2:0x00000001 x14:0xfffffa4d x29=0xffffffff
      638659000	     31831	80006f4a	0030cd63	blt	x1,x3,80006f64	  x1:0x72889894  x3:0xa0e08ec3
      638679000	     31832	80006f4e	00451933	sll	x18,x10,x4	 x10:0x00000001  x4:0x3cc8a000 x18=0x00000001
      639099000	     31853	80006f52	015be533	or	x10,x23,x21	 x23:0x00000000 x21:0x00000000 x10=0x00000000
      640119000	     31904	80006f56	02ef7a33	remu	x20,x30,x14	 x30:0x80025ce4 x14:0xfffffa4d x20=0x80025ce4
      640139000	     31905	80006f5a	02de0663	beq	x28,x13,80006f86	 x28:0xa0e08133 x13:0x00000081
      640159000	     31906	80006f5e	41a150b3	sra	x1,x2,x26	  x2:0x00000001 x26:0x00000000  x1=0x00000001
      640179000	     31907	80006f62	0001	c.addi	x0,0	  x0:0x00000000  x0=0x00000000
      640199000	     31908	80006f64	1ffd	c.addi	x31,-1	 x31:0x0001e000 x31=0x0001dfff
      640219000	     31909	80006f66	01c1b6b3	sltu	x13,x3,x28	  x3:0xa0e08ec3 x28:0xa0e08133 x13=0x00000000
      640239000	     31910	80006f6a	0332fa63	bgeu	x5,x19,80006f9e	  x5:0x00000001 x19:0xe5639dfc
      640259000	     31911	80006f6e	8efd	c.and	x13,x15	 x13:0x00000000 x15:0xfffffffa x13=0x00000000
      640279000	     31912	80006f70	83c1	c.srli	x15,0x10	 x15:0xfffffffa x15=0x0000ffff
      640299000	     31913	80006f72	00b0de13	srli	x28,x1,0xb	  x1:0x00000001 x28=0x00000000
      640319000	     31914	80006f76	8ebd	c.xor	x13,x15	 x13:0x00000000 x15:0x0000ffff x13=0x0000ffff
      640699000	     31933	80006f78	6171	c.addi16sp	x2,336	  x2:0x00000001  x2=0x00000151
      640799000	     31938	80006f7a	498dea93	ori	x21,x27,1176	 x27:0xfffff41d x21=0xfffff49d
      640999000	     31948	80006f7e	00b67333	and	x6,x12,x11	 x12:0xaaa79e64 x11:0x894eacb4  x6=0x88068c24
      641039000	     31950	80006f82	02c40833	mul	x16,x8,x12	  x8:0x45fbf24c x12:0xaaa79e64 x16=0x5d898db0
      641259000	     31961	80006f86	037eee33	rem	x28,x29,x23	 x29:0xffffffff x23:0x00000000 x28=0xffffffff
      641439000	     31970	80006f8a	03f1b533	mulhu	x10,x3,x31	  x3:0xa0e08ec3 x31:0x0001dfff x10=0x00012da4
      641459000	     31971	80006f8e	8bb1	c.andi	x15,12	 x15:0x0000ffff x15=0x0000000c
      641779000	     31987	80006f90	8175	c.srli	x10,0x1d	 x10:0x00012da4 x10=0x00000000
      641799000	     31988	80006f92	8e55	c.or	x12,x13	 x12:0xaaa79e64 x13:0x0000ffff x12=0xaaa7ffff
      642199000	     32008	80006f94	03321b63	bne	x4,x19,80006fca	  x4:0x3cc8a000 x19:0xe5639dfc
      642539000	     32025	80006fca	1c7d	c.addi	x24,-1	 x24:0x000055a2 x24=0x000055a1
      642559000	     32026	80006fcc	4048d113	srai	x2,x17,0x4	 x17:0xa0e08d16  x2=0xfa0e08d1
      642719000	     32034	80006fd0	004cdbb3	srl	x23,x25,x4	 x25:0x000055a2  x4:0x3cc8a000 x23=0x000055a2
      642779000	     32037	80006fd4	5afd	c.li	x21,-1	 x21=0xffffffff
      642799000	     32038	80006fd6	01ebf3b3	and	x7,x23,x30	 x23:0x000055a2 x30:0x80025ce4  x7=0x000054a0
      642819000	     32039	80006fda	0001	c.addi	x0,0	  x0:0x00000000  x0=0x00000000
      642879000	     32042	80006fdc	4089	c.li	x1,2	  x1=0x00000002
      643019000	     32049	80006fde	03c40eb3	mul	x29,x8,x28	  x8:0x45fbf24c x28:0xffffffff x29=0xba040db4
      643039000	     32050	80006fe2	00d4c0b3	xor	x1,x9,x13	  x9:0x80021e64 x13:0x0000ffff  x1=0x8002e19b
      643059000	     32051	80006fe6	717d	c.addi16sp	x2,-16	  x2:0xfa0e08d1  x2=0xfa0e08c1
      643079000	     32052	80006fe8	031c	c.addi4spn	x15,x2,384	 x15=0xfa0e0a41
      643119000	     32054	80006fea	03efa833	mulhsu	x16,x31,x30	 x31:0x0001dfff x30:0x80025ce4 x16=0x0000f003
      643139000	     32055	80006fee	00b19e33	sll	x28,x3,x11	  x3:0xa0e08ec3 x11:0x894eacb4 x28=0xec300000
      643159000	     32056	80006ff2	0ff0000f	fence	iorw,iorw	
      643179000	     32057	80006ff6	c209	c.beqz	x12,80006ff8	 x12:0xaaa7ffff
      643359000	     32066	80006ff8	0ff0000f	fence	iorw,iorw	
      643379000	     32067	80006ffc	8699	c.srai	x13,0x6	 x13:0x0000ffff x13=0x000003ff
      643399000	     32068	80006ffe	dd18ea93	ori	x21,x17,-559	 x17:0xa0e08d16 x21=0xfffffdd7
      643419000	     32069	80007002	6a2de437	lui	x8,0x6a2de	  x8=0x6a2de000
      643459000	     32071	80007006	00dd97b3	sll	x15,x27,x13	 x27:0xfffff41d x13:0x000003ff x15=0x80000000
      643579000	     32077	8000700a	41a95713	srai	x14,x18,0x1a	 x18:0x00000001 x14=0x00000000
      643599000	     32078	8000700e	e405	c.bnez	x8,80007036	  x8:0x6a2de000
      644099000	     32103	80007036	84d20b13	addi	x22,x4,-1971	  x4:0x3cc8a000 x22=0x3cc8984d
      644119000	     32104	8000703a	404a8533	sub	x10,x21,x4	 x21:0xfffffdd7  x4:0x3cc8a000 x10=0xc3375dd7
      644139000	     32105	8000703e	009dcfb3	xor	x31,x27,x9	 x27:0xfffff41d  x9:0x80021e64 x31=0x7ffdea79
      644159000	     32106	80007042	0001	c.addi	x0,0	  x0:0x00000000  x0=0x00000000
      644219000	     32109	80007044	0331	c.addi	x6,12	  x6:0x88068c24  x6=0x88068c30
      644399000	     32118	80007046	015d2733	slt	x14,x26,x21	 x26:0x00000000 x21:0xfffffdd7 x14=0x00000000
      644419000	     32119	8000704a	c179c293	xori	x5,x19,-1001	 x19:0xe5639dfc  x5=0x1a9c61eb
      645559000	     32176	8000704e	032cce33	div	x28,x25,x18	 x25:0x000055a2 x18:0x00000001 x28=0x000055a2
      645579000	     32177	80007052	9fda	c.add	x31,x22	 x31:0x7ffdea79 x22:0x3cc8984d x31=0xbcc682c6
      645599000	     32178	80007054	c919	c.beqz	x10,8000706a	 x10:0xc3375dd7
      646339000	     32215	80007056	0353c633	div	x12,x7,x21	  x7:0x000054a0 x21:0xfffffdd7 x12=0xffffffd9
      646359000	     32216	8000705a	013a68b3	or	x17,x20,x19	 x20:0x80025ce4 x19:0xe5639dfc x17=0xe563ddfc
      646399000	     32218	8000705e	02e9c833	div	x16,x19,x14	 x19:0xe5639dfc x14:0x00000000 x16=0xffffffff
      646419000	     32219	80007062	00411793	slli	x15,x2,0x4	  x2:0xfa0e08c1 x15=0xa0e08c10
      646439000	     32220	80007066	006e5863	bge	x28,x6,80007076	 x28:0x000055a2  x6:0x88068c30
      647099000	     32253	80007076	005533b3	sltu	x7,x10,x5	 x10:0xc3375dd7  x5:0x1a9c61eb  x7=0x00000000
      647119000	     32254	8000707a	8ee5	c.and	x13,x9	 x13:0x000003ff  x9:0x80021e64 x13=0x00000264
      647139000	     32255	8000707c	024e4563	blt	x28,x4,800070a6	 x28:0x000055a2  x4:0x3cc8a000
      647399000	     32268	800070a6	8c4d	c.or	x8,x11	  x8:0x6a2de000 x11:0x894eacb4  x8=0xeb6fecb4
      647439000	     32270	800070a8	002a2ab3	slt	x21,x20,x2	 x20:0x80025ce4  x2:0xfa0e08c1 x21=0x00000001
      647739000	     32285	800070ac	01ce5cb3	srl	x25,x28,x28	 x28:0x000055a2 x28:0x000055a2 x25=0x00001568
      647759000	     32286	800070b0	03806b63	bltu	x0,x24,800070e6	  x0:0x00000000 x24:0x000055a1
      648079000	     32302	800070e6	00d67763	bgeu	x12,x13,800070f4	 x12:0xffffffd9 x13:0x00000264
      648579000	     32327	800070f4	8569	c.srai	x10,0x1a	 x10:0xc3375dd7 x10=0xfffffff0
      648799000	     32338	800070f6	0203c163	blt	x7,x0,80007118	  x7:0x00000000  x0:0x00000000
      648999000	     32348	800070fa	920ead93	slti	x27,x29,-1760	 x29:0xba040db4 x27=0x00000001
      649419000	     32369	800070fe	01dab833	sltu	x16,x21,x29	 x21:0x00000001 x29:0xba040db4 x16=0x00000001
      649439000	     32370	80007102	8216	c.mv	x4,x5	  x0:0x00000000  x5:0x1a9c61eb  x4=0x1a9c61eb
      649459000	     32371	80007104	16fd	c.addi	x13,-1	 x13:0x00000264 x13=0x00000263
      649579000	     32377	80007106	e065a013	slti	x0,x11,-506	 x11:0x894eacb4  x0=0x00000000
      649599000	     32378	8000710a	6415	c.lui	x8,0x5	  x8=0x00005000
      649639000	     32380	8000710c	0ff0000f	fence	iorw,iorw	
      650779000	     32437	80007110	02d17933	remu	x18,x2,x13	  x2:0xfa0e08c1 x13:0x00000263 x18=0x00000254
      651519000	     32474	80007114	02fffcb3	remu	x25,x31,x15	 x31:0xbcc682c6 x15:0xa0e08c10 x25=0x1be5f6b6
      651539000	     32475	80007118	0acd	c.addi	x21,19	 x21:0x00000001 x21=0x00000014
      651559000	     32476	8000711a	8f49	c.or	x14,x10	 x14:0x00000000 x10:0xfffffff0 x14=0xfffffff0
      651579000	     32477	8000711c	e291	c.bnez	x13,80007120	 x13:0x00000263
      652339000	     32515	80007120	03b04ab3	div	x21,x0,x27	  x0:0x00000000 x27:0x00000001 x21=0x00000000
      652359000	     32516	80007124	b58c8d93	addi	x27,x25,-1192	 x25:0x1be5f6b6 x27=0x1be5f20e
      652379000	     32517	80007128	03e0d063	bge	x1,x30,80007148	  x1:0x8002e19b x30:0x80025ce4
      652459000	     32521	80007148	003c3bb3	sltu	x23,x24,x3	 x24:0x000055a1  x3:0xa0e08ec3 x23=0x00000001
      652479000	     32522	8000714c	009703b3	add	x7,x14,x9	 x14:0xfffffff0  x9:0x80021e64  x7=0x80021e54
      652719000	     32534	80007150	021c1ab3	mulh	x21,x24,x1	 x24:0x000055a1  x1:0x8002e19b x21=0xffffd530
      653119000	     32554	80007154	09ba	c.slli	x19,0xe	 x19:0xe5639dfc x19=0xe77f0000
      653139000	     32555	80007156	41f7de13	srai	x28,x15,0x1f	 x15:0xa0e08c10 x28=0xffffffff
      653879000	     32592	8000715a	023860b3	rem	x1,x16,x3	 x16:0x00000001  x3:0xa0e08ec3  x1=0x00000001
      653899000	     32593	8000715e	c0884d13	xori	x26,x16,-1016	 x16:0x00000001 x26=0xfffffc09
      653919000	     32594	80007162	02601963	bne	x0,x6,80007194	  x0:0x00000000  x6:0x88068c30
      654719000	     32634	80007194	02ae7433	remu	x8,x28,x10	 x28:0xffffffff x10:0xfffffff0  x8=0x0000000f
      654739000	     32635	80007198	02887c63	bgeu	x16,x8,800071d0	 x16:0x00000001  x8:0x0000000f
      654759000	     32636	8000719c	0a19	c.addi	x20,6	 x20:0x80025ce4 x20=0x80025cea
      655499000	     32673	8000719e	0279e1b3	rem	x3,x19,x7	 x19:0xe77f0000  x7:0x80021e54  x3=0xe77f0000
      655519000	     32674	800071a2	8a45	c.andi	x12,17	 x12:0xffffffd9 x12=0x00000011
      655539000	     32675	800071a4	0001	c.addi	x0,0	  x0:0x00000000  x0=0x00000000
      655559000	     32676	800071a6	8fe5	c.and	x15,x9	 x15:0xa0e08c10  x9:0x80021e64 x15=0x80000c00
      655579000	     32677	800071a8	0000100f	fence.i	
      655679000	     32682	800071ac	01e423b3	slt	x7,x8,x30	  x8:0x0000000f x30:0x80025ce4  x7=0x00000000
      655899000	     32693	800071b0	0284f363	bgeu	x9,x8,800071d6	  x9:0x80021e64  x8:0x0000000f
      656079000	     32702	800071d6	01f91763	bne	x18,x31,800071e4	 x18:0x00000254 x31:0xbcc682c6
      656199000	     32708	800071e4	006b62b3	or	x5,x22,x6	 x22:0x3cc8984d  x6:0x88068c30  x5=0xbcce9c7d
      656499000	     32723	800071e8	41f5d093	srai	x1,x11,0x1f	 x11:0x894eacb4  x1=0xffffffff
      656559000	     32726	800071ec	e009	c.bnez	x8,800071ee	  x8:0x0000000f
      656799000	     32738	800071ee	d3698d17	auipc	x26,0xd3698	 x26=0x5369f1ee
      656819000	     32739	800071f2	0001	c.addi	x0,0	  x0:0x00000000  x0=0x00000000
      657599000	     32778	800071f4	02be6eb3	rem	x29,x28,x11	 x28:0xffffffff x11:0x894eacb4 x29=0xffffffff
      657639000	     32780	800071f8	03f4b733	mulhu	x14,x9,x31	  x9:0x80021e64 x31:0xbcc682c6 x14=0x5e64d159
      657659000	     32781	800071fc	0085ca33	xor	x20,x11,x8	 x11:0x894eacb4  x8:0x0000000f x20=0x894eacbb
      657679000	     32782	80007200	0001	c.addi	x0,0	  x0:0x00000000  x0=0x00000000
      657699000	     32783	80007202	98f2	c.add	x17,x28	 x17:0xe563ddfc x28:0xffffffff x17=0xe563ddfb
      657719000	     32784	80007204	414a5b33	sra	x22,x20,x20	 x20:0x894eacbb x20:0x894eacbb x22=0xfffffff1
      657739000	     32785	80007208	8ea6	c.mv	x29,x9	  x0:0x00000000  x9:0x80021e64 x29=0x80021e64
      657759000	     32786	8000720a	8fe9	c.and	x15,x10	 x15:0x80000c00 x10:0xfffffff0 x15=0x80000c00
      657799000	     32788	8000720c	02785233	divu	x4,x16,x7	 x16:0x00000001  x7:0x00000000  x4=0xffffffff
      657819000	     32789	80007210	8c71	c.and	x8,x12	  x8:0x0000000f x12:0x00000011  x8=0x00000001
      657839000	     32790	80007212	fc853c13	sltiu	x24,x10,-56	 x10:0xfffffff0 x24=0x00000000
      657859000	     32791	80007216	06827013	andi	x0,x4,104	  x4:0xffffffff  x0=0x00000000
      658139000	     32805	8000721a	904af713	andi	x14,x21,-1788	 x21:0xffffd530 x14=0xffffd100
      658159000	     32806	8000721e	00402bb3	slt	x23,x0,x4	  x0:0x00000000  x4:0xffffffff x23=0x00000000
      658179000	     32807	80007222	6905	c.lui	x18,0x1	 x18=0x00001000
      658319000	     32814	80007224	8ee5	c.and	x13,x9	 x13:0x00000263  x9:0x80021e64 x13=0x00000260
      658359000	     32816	80007226	024d10b3	mulh	x1,x26,x4	 x26:0x5369f1ee  x4:0xffffffff  x1=0xffffffff
      658379000	     32817	8000722a	93754c13	xori	x24,x10,-1737	 x10:0xfffffff0 x24=0x000006c7
      658479000	     32822	8000722e	5bf5cc93	xori	x25,x11,1471	 x11:0x894eacb4 x25=0x894ea90b
      658499000	     32823	80007232	8a89	c.andi	x13,2	 x13:0x00000260 x13=0x00000000
      658519000	     32824	80007234	01cd1333	sll	x6,x26,x28	 x26:0x5369f1ee x28:0xffffffff  x6=0x00000000
      658539000	     32825	80007238	d8157993	andi	x19,x10,-639	 x10:0xfffffff0 x19=0xfffffd80
      658579000	     32827	8000723c	8c09	c.sub	x8,x10	  x8:0x00000001 x10:0xfffffff0  x8=0x00000011
      658599000	     32828	8000723e	8e71	c.and	x12,x12	 x12:0x00000011 x12:0x00000011 x12=0x00000011
      658739000	     32835	80007240	018939b3	sltu	x19,x18,x24	 x18:0x00001000 x24:0x000006c7 x19=0x00000000
      658759000	     32836	80007244	8d7d	c.and	x10,x15	 x10:0xfffffff0 x15:0x80000c00 x10=0x80000c00
      658919000	     32844	80007246	93b8e813	ori	x16,x17,-1733	 x17:0xe563ddfb x16=0xfffffdfb
      658939000	     32845	8000724a	8c55	c.or	x8,x13	  x8:0x00000011 x13:0x00000000  x8=0x00000011
      658999000	     32848	8000724c	022bc363	blt	x23,x2,80007272	 x23:0x00000000  x2:0xfa0e08c1
      659019000	     32849	80007250	4118db33	sra	x22,x17,x17	 x17:0xe563ddfb x17:0xe563ddfb x22=0xfffffffc
      659179000	     32857	80007254	717d	c.addi16sp	x2,-16	  x2:0xfa0e08c1  x2=0xfa0e08b1
      659199000	     32858	80007256	cb95	c.beqz	x15,8000728a	 x15:0x80000c00
      659219000	     32859	80007258	b2e42293	slti	x5,x8,-1234	  x8:0x00000011  x5=0x00000000
      659259000	     32861	8000725c	037aba33	mulhu	x20,x21,x23	 x21:0xffffd530 x23:0x00000000 x20=0x00000000
      659299000	     32863	80007260	8c59	c.or	x8,x14	  x8:0x00000011 x14:0xffffd100  x8=0xffffd111
      659319000	     32864	80007262	0ff0000f	fence	iorw,iorw	
      659339000	     32865	80007266	13fd	c.addi	x7,-1	  x7:0x00000000  x7=0xffffffff
      659379000	     32867	80007268	1f80	c.addi4spn	x8,x2,1008	  x8=0xfa0e0ca1
      659399000	     32868	8000726a	0253f513	andi	x10,x7,37	  x7:0xffffffff x10=0x00000025
      659419000	     32869	8000726e	0109	c.addi	x2,2	  x2:0xfa0e08b1  x2=0xfa0e08b3
      659479000	     32872	80007270	60b9	c.lui	x1,0xe	  x1=0x0000e000
      659499000	     32873	80007272	00c16563	bltu	x2,x12,8000727c	  x2:0xfa0e08b3 x12:0x00000011
      659519000	     32874	80007276	022e	c.slli	x4,0xb	  x4:0xffffffff  x4=0xfffff800
      659939000	     32895	80007278	0195d533	srl	x10,x11,x25	 x11:0x894eacb4 x25:0x894ea90b x10=0x001129d5
      659979000	     32897	8000727c	8c7d	c.and	x8,x15	  x8:0xfa0e0ca1 x15:0x80000c00  x8=0x80000c00
      660099000	     32903	8000727e	001a3133	sltu	x2,x20,x1	 x20:0x00000000  x1:0x0000e000  x2=0x00000001
      660119000	     32904	80007282	03199163	bne	x19,x17,800072a4	 x19:0x00000000 x17:0xe563ddfb
      660999000	     32948	800072a4	01f95813	srli	x16,x18,0x1f	 x18:0x00001000 x16=0x00000000
      661419000	     32969	800072a8	01c8eb63	bltu	x17,x28,800072be	 x17:0xe563ddfb x28:0xffffffff
      662979000	     33047	800072be	00379eb3	sll	x29,x15,x3	 x15:0x80000c00  x3:0xe77f0000 x29=0x80000c00
      663259000	     33061	800072c2	0000100f	fence.i	
      663999000	     33098	800072c6	00aaad33	slt	x26,x21,x10	 x21:0xffffd530 x10:0x001129d5 x26=0x00000001
      664179000	     33107	800072ca	028eac33	mulhsu	x24,x29,x8	 x29:0x80000c00  x8:0x80000c00 x24=0xc0000000
      664199000	     33108	800072ce	8ab1	c.andi	x13,12	 x13:0x00000000 x13=0x00000000
      664219000	     33109	800072d0	01fa1db3	sll	x27,x20,x31	 x20:0x00000000 x31:0xbcc682c6 x27=0x00000000
      664239000	     33110	800072d4	0ff0000f	fence	iorw,iorw	
      664659000	     33131	800072d8	01f86433	or	x8,x16,x31	 x16:0x00000000 x31:0xbcc682c6  x8=0xbcc682c6
      664859000	     33141	800072dc	2dde6913	ori	x18,x28,733	 x28:0xffffffff x18=0xffffffff
      664879000	     33142	800072e0	019b7b33	and	x22,x22,x25	 x22:0xfffffffc x25:0x894ea90b x22=0x894ea908
      664899000	     33143	800072e4	8841	c.andi	x8,16	  x8:0xbcc682c6  x8=0x00000000
      664939000	     33145	800072e6	005a66b3	or	x13,x20,x5	 x20:0x00000000  x5:0x00000000 x13=0x00000000
      664959000	     33146	800072ea	b4fa7d37	lui	x26,0xb4fa7	 x26=0xb4fa7000
      664979000	     33147	800072ee	2d7c0813	addi	x16,x24,727	 x24:0xc0000000 x16=0xc00002d7
      665019000	     33149	800072f2	0334e1b3	rem	x3,x9,x19	  x9:0x80021e64 x19:0x00000000  x3=0x80021e64
      665759000	     33186	800072f6	0362fb33	remu	x22,x5,x22	  x5:0x00000000 x22:0x894ea908 x22=0x00000000
      665779000	     33187	800072fa	0001	c.addi	x0,0	  x0:0x00000000  x0=0x00000000
      665799000	     33188	800072fc	f015fa13	andi	x20,x11,-255	 x11:0x894eacb4 x20=0x894eac00
      665819000	     33189	80007300	8789	c.srai	x15,0x2	 x15:0x80000c00 x15=0xe0000300
      665839000	     33190	80007302	4ac1	c.li	x21,16	 x21=0x00000010
      666579000	     33227	80007304	0299eab3	rem	x21,x19,x9	 x19:0x00000000  x9:0x80021e64 x21=0x00000000
      667319000	     33264	80007308	03fe7d33	remu	x26,x28,x31	 x28:0xffffffff x31:0xbcc682c6 x26=0x43397d39
      667339000	     33265	8000730c	05a48193	addi	x3,x9,90	  x9:0x80021e64  x3=0x80021ebe
      667359000	     33266	80007310	0005c663	blt	x11,x0,8000731c	 x11:0x894eacb4  x0:0x00000000
      668219000	     33309	8000731c	030969b3	rem	x19,x18,x16	 x18:0xffffffff x16:0xc00002d7 x19=0xffffffff
      668239000	     33310	80007320	8341	c.srli	x14,0x10	 x14:0xffffd100 x14=0x0000ffff
      668259000	     33311	80007322	0ff0000f	fence	iorw,iorw	
      668279000	     33312	80007326	8d55	c.or	x10,x13	 x10:0x001129d5 x13:0x00000000 x10=0x001129d5
      668299000	     33313	80007328	0ff0000f	fence	iorw,iorw	
      668319000	     33314	8000732c	32e0c917	auipc	x18,0x32e0c	 x18=0xb2e1332c
      668339000	     33315	80007330	01440e33	add	x28,x8,x20	  x8:0x00000000 x20:0x894eac00 x28=0x894eac00
      668359000	     33316	80007334	0652	c.slli	x12,0x14	 x12:0x00000011 x12=0x01100000
      668379000	     33317	80007336	0001	c.addi	x0,0	  x0:0x00000000  x0=0x00000000
      668499000	     33323	80007338	0ff0000f	fence	iorw,iorw	
      668519000	     33324	8000733c	b5a90393	addi	x7,x18,-1190	 x18:0xb2e1332c  x7=0xb2e12e86
      670499000	     33423	80007340	c919	c.beqz	x10,80007356	 x10:0x001129d5
      670539000	     33425	80007342	02ee11b3	mulh	x3,x28,x14	 x28:0x894eac00 x14:0x0000ffff  x3=0xffff894f
      670559000	     33426	80007346	02887a63	bgeu	x16,x8,8000737a	 x16:0xc00002d7  x8:0x00000000
      671079000	     33452	8000737a	8f09	c.sub	x14,x10	 x14:0x0000ffff x10:0x001129d5 x14=0xffefd62a
      671099000	     33453	8000737c	01e8ee33	or	x28,x17,x30	 x17:0xe563ddfb x30:0x80025ce4 x28=0xe563ddff
      671519000	     33474	80007380	82ad	c.srli	x13,0xb	 x13:0x00000000 x13=0x00000000
      671539000	     33475	80007382	046e	c.slli	x8,0x1b	  x8:0x00000000  x8=0x00000000
      671559000	     33476	80007384	014b4f63	blt	x22,x20,800073a2	 x22:0x00000000 x20:0x894eac00
      671839000	     33490	80007388	402b8cb3	sub	x25,x23,x2	 x23:0x00000000  x2:0x00000001 x25=0xffffffff
      671859000	     33491	8000738c	61892893	slti	x17,x18,1560	 x18:0xb2e1332c x17=0x00000001
      671959000	     33496	80007390	03795563	bge	x18,x23,800073ba	 x18:0xb2e1332c x23:0x00000000
      671979000	     33497	80007394	9476	c.add	x8,x29	  x8:0x00000000 x29:0x80000c00  x8=0x80000c00
      672039000	     33500	80007396	02fcaeb3	mulhsu	x29,x25,x15	 x25:0xffffffff x15:0xe0000300 x29=0xffffffff
      672059000	     33501	8000739a	22767c93	andi	x25,x12,551	 x12:0x01100000 x25=0x00000000
      672079000	     33502	8000739e	00cf8433	add	x8,x31,x12	 x31:0xbcc682c6 x12:0x01100000  x8=0xbdd682c6
      672099000	     33503	800073a2	aeaf0b93	addi	x23,x30,-1302	 x30:0x80025ce4 x23=0x800257ce
      672239000	     33510	800073a6	c3d74513	xori	x10,x14,-963	 x14:0xffefd62a x10=0x00102a17
      672539000	     33525	800073aa	0000100f	fence.i	
      673499000	     33573	800073ae	8d5e	c.mv	x26,x23	  x0:0x00000000 x23:0x800257ce x26=0x800257ce
      673539000	     33575	800073b0	03a198b3	mulh	x17,x3,x26	  x3:0xffff894f x26:0x800257ce x17=0x00003b57
      674319000	     33614	800073b4	03f4fe33	remu	x28,x9,x31	  x9:0x80021e64 x31:0xbcc682c6 x28=0x80021e64
      674339000	     33615	800073b8	cc0d	c.beqz	x8,800073f2	  x8:0xbdd682c6
      674359000	     33616	800073ba	ab400317	auipc	x6,0xab400	  x6=0x2b4073ba
      674379000	     33617	800073be	0000100f	fence.i	
      674699000	     33633	800073c2	87dd	c.srai	x15,0x17	 x15:0xe0000300 x15=0xffffffc0
      674719000	     33634	800073c4	00009013	slli	x0,x1,0x0	  x1:0x0000e000  x0=0x00000000
      674779000	     33637	800073c8	9cf2	c.add	x25,x28	 x25:0x00000000 x28:0x80021e64 x25=0x80021e64
      674799000	     33638	800073ca	c419	c.beqz	x8,800073d8	  x8:0xbdd682c6
      674819000	     33639	800073cc	48404c93	xori	x25,x0,1156	  x0:0x00000000 x25=0x00000484
      674939000	     33645	800073d0	019246b3	xor	x13,x4,x25	  x4:0xfffff800 x25:0x00000484 x13=0xfffffc84
      674959000	     33646	800073d4	c44af113	andi	x2,x21,-956	 x21:0x00000000  x2=0x00000000
      675159000	     33656	800073d8	008187b3	add	x15,x3,x8	  x3:0xffff894f  x8:0xbdd682c6 x15=0xbdd60c15
      675179000	     33657	800073dc	0177c533	xor	x10,x15,x23	 x15:0xbdd60c15 x23:0x800257ce x10=0x3dd45bdb
      675199000	     33658	800073e0	01c2bcb3	sltu	x25,x5,x28	  x5:0x00000000 x28:0x80021e64 x25=0x00000001
      675259000	     33661	800073e4	415f5eb3	sra	x29,x30,x21	 x30:0x80025ce4 x21:0x00000000 x29=0x80025ce4
      675459000	     33671	800073e8	0271b7b3	mulhu	x15,x3,x7	  x3:0xffff894f  x7:0xb2e12e86 x15=0xb2e0db96
      676399000	     33718	800073ec	032a46b3	div	x13,x20,x18	 x20:0x894eac00 x18:0xb2e1332c x13=0x00000001
      676419000	     33719	800073f0	8f09	c.sub	x14,x10	 x14:0xffefd62a x10:0x3dd45bdb x14=0xc21b7a4f
      676439000	     33720	800073f2	8149	c.srli	x10,0x12	 x10:0x3dd45bdb x10=0x00000f75
      676459000	     33721	800073f4	0001	c.addi	x0,0	  x0:0x00000000  x0=0x00000000
      676479000	     33722	800073f6	00457eb3	and	x29,x10,x4	 x10:0x00000f75  x4:0xfffff800 x29=0x00000800
      676499000	     33723	800073fa	02b5f863	bgeu	x11,x11,8000742a	 x11:0x894eacb4 x11:0x894eacb4
      676619000	     33729	8000742a	8731	c.srai	x14,0xc	 x14:0xc21b7a4f x14=0xfffc21b7
      676639000	     33730	8000742c	0226	c.slli	x4,0x9	  x4:0xfffff800  x4=0xfff00000
      676659000	     33731	8000742e	56fd	c.li	x13,-1	 x13=0xffffffff
      676779000	     33737	80007430	4fc80e13	addi	x28,x16,1276	 x16:0xc00002d7 x28=0xc00007d3
      676799000	     33738	80007434	02de	c.slli	x5,0x17	  x5:0x00000000  x5=0x00000000
      676839000	     33740	80007436	02f43933	mulhu	x18,x8,x15	  x8:0xbdd682c6 x15:0xb2e0db96 x18=0x84a5e575
      676859000	     33741	8000743a	87d1	c.srai	x15,0x14	 x15:0xb2e0db96 x15=0xfffffb2e
      676879000	     33742	8000743c	42cc0e17	auipc	x28,0x42cc0	 x28=0xc2cc743c
      676899000	     33743	80007440	0117d193	srli	x3,x15,0x11	 x15:0xfffffb2e  x3=0x00007fff
      676939000	     33745	80007444	02a9bab3	mulhu	x21,x19,x10	 x19:0xffffffff x10:0x00000f75 x21=0x00000f74
      677179000	     33757	80007448	8335	c.srli	x14,0xd	 x14:0xfffc21b7 x14=0x0007ffe1
      677199000	     33758	8000744a	40265193	srai	x3,x12,0x2	 x12:0x01100000  x3=0x00440000
      677219000	     33759	8000744e	411a02b3	sub	x5,x20,x17	 x20:0x894eac00 x17:0x00003b57  x5=0x894e70a9
      677639000	     33780	80007452	002a9993	slli	x19,x21,0x2	 x21:0x00000f74 x19=0x00003dd0
      677779000	     33787	80007456	017c8a33	add	x20,x25,x23	 x25:0x00000001 x23:0x800257ce x20=0x800257cf
      677799000	     33788	8000745a	8459	c.srai	x8,0x16	  x8:0xbdd682c6  x8=0xfffffef7
      677819000	     33789	8000745c	e26ab213	sltiu	x4,x21,-474	 x21:0x00000f74  x4=0x00000001
      677859000	     33791	80007460	024e1433	mulh	x8,x28,x4	 x28:0xc2cc743c  x4:0x00000001  x8=0xffffffff
      677999000	     33798	80007464	0000100f	fence.i	
      678599000	     33828	80007468	9e9a	c.add	x29,x6	 x29:0x00000800  x6:0x2b4073ba x29=0x2b407bba
      678619000	     33829	8000746a	0106	c.slli	x2,0x1	  x2:0x00000000  x2=0x00000000
      678939000	     33845	8000746c	f2fc2113	slti	x2,x24,-209	 x24:0xc0000000  x2=0x00000001
      678959000	     33846	80007470	8c79	c.and	x8,x14	  x8:0xffffffff x14:0x0007ffe1  x8=0x0007ffe1
      679079000	     33852	80007472	02f10eb3	mul	x29,x2,x15	  x2:0x00000001 x15:0xfffffb2e x29=0xfffffb2e
      679099000	     33853	80007476	8c09	c.sub	x8,x10	  x8:0x0007ffe1 x10:0x00000f75  x8=0x0007f06c
      679279000	     33862	80007478	02f602b3	mul	x5,x12,x15	 x12:0x01100000 x15:0xfffffb2e  x5=0xe0e00000
      679299000	     33863	8000747c	edb729b7	lui	x19,0xedb72	 x19=0xedb72000
      679719000	     33884	80007480	201d0a13	addi	x20,x26,513	 x26:0x800257ce x20=0x800259cf
      679759000	     33886	80007484	02dda233	mulhsu	x4,x27,x13	 x27:0x00000000 x13:0xffffffff  x4=0x00000000
      679779000	     33887	80007488	800d	c.srli	x8,0x3	  x8:0x0007f06c  x8=0x0000fe0d
      679799000	     33888	8000748a	0001	c.addi	x0,0	  x0:0x00000000  x0=0x00000000
      680059000	     33901	8000748c	0173ee63	bltu	x7,x23,800074a8	  x7:0xb2e12e86 x23:0x800257ce
      680079000	     33902	80007490	93e6	c.add	x7,x25	  x7:0xb2e12e86 x25:0x00000001  x7=0xb2e12e87
      680159000	     33906	80007492	039f5863	bge	x30,x25,800074c2	 x30:0x80025ce4 x25:0x00000001
      680319000	     33914	80007496	04516263	bltu	x2,x5,800074da	  x2:0x00000001  x5:0xe0e00000
      681539000	     33975	800074da	02fe5763	bge	x28,x15,80007508	 x28:0xc2cc743c x15:0xfffffb2e
      681559000	     33976	800074de	0dee	c.slli	x27,0x1b	 x27:0x00000000 x27=0x00000000
      681579000	     33977	800074e0	024e1b63	bne	x28,x4,80007516	 x28:0xc2cc743c  x4:0x00000000
      681779000	     33987	80007516	cc01	c.beqz	x8,8000752e	  x8:0x0000fe0d
      681799000	     33988	80007518	403202b3	sub	x5,x4,x3	  x4:0x00000000  x3:0x00440000  x5=0xffbc0000
      681959000	     33996	8000751c	00197fb3	and	x31,x18,x1	 x18:0x84a5e575  x1:0x0000e000 x31=0x0000e000
      682699000	     34033	80007520	03145e33	divu	x28,x8,x17	  x8:0x0000fe0d x17:0x00003b57 x28=0x00000004
      682719000	     34034	80007524	d141f913	andi	x18,x3,-748	  x3:0x00440000 x18=0x00440000
      682739000	     34035	80007528	8e71	c.and	x12,x12	 x12:0x01100000 x12:0x01100000 x12=0x01100000
      682759000	     34036	8000752a	00a3de33	srl	x28,x7,x10	  x7:0xb2e12e87 x10:0x00000f75 x28=0x00000597
      682799000	     34038	8000752e	02a82db3	mulhsu	x27,x16,x10	 x16:0xc00002d7 x10:0x00000f75 x27=0xfffffc22
      682819000	     34039	80007532	03d29b63	bne	x5,x29,80007568	  x5:0xffbc0000 x29:0xfffffb2e
      683399000	     34068	80007568	cd256213	ori	x4,x10,-814	 x10:0x00000f75  x4=0xfffffff7
      683819000	     34089	8000756c	82b5	c.srli	x13,0xd	 x13:0xffffffff x13=0x0007ffff
      684039000	     34100	8000756e	aa923e93	sltiu	x29,x4,-1367	  x4:0xfffffff7 x29=0x00000000
      684059000	     34101	80007572	0000100f	fence.i	
      685699000	     34183	80007576	02f9e363	bltu	x19,x15,8000759c	 x19:0xedb72000 x15:0xfffffb2e
      685919000	     34194	8000759c	8c09	c.sub	x8,x10	  x8:0x0000fe0d x10:0x00000f75  x8=0x0000ee98
      685939000	     34195	8000759e	6545	c.lui	x10,0x11	 x10=0x00011000
      686339000	     34215	800075a0	011a7663	bgeu	x20,x17,800075ac	 x20:0x800259cf x17:0x00003b57
      686739000	     34235	800075ac	031b1863	bne	x22,x17,800075dc	 x22:0x00000000 x17:0x00003b57
      686959000	     34246	800075dc	002169b3	or	x19,x2,x2	  x2:0x00000001  x2:0x00000001 x19=0x00000001
      686979000	     34247	800075e0	0ff0000f	fence	iorw,iorw	
      686999000	     34248	800075e4	6125	c.addi16sp	x2,96	  x2:0x00000001  x2=0x00000061
      687019000	     34249	800075e6	e40d	c.bnez	x8,80007610	  x8:0x0000ee98
      687479000	     34272	80007610	e800eb17	auipc	x22,0xe800e	 x22=0x68015610
      687499000	     34273	80007614	0001	c.addi	x0,0	  x0:0x00000000  x0=0x00000000
      687599000	     34278	80007616	0189f233	and	x4,x19,x24	 x19:0x00000001 x24:0xc0000000  x4=0x00000000
      687619000	     34279	8000761a	0c36	c.slli	x24,0xd	 x24:0xc0000000 x24=0x00000000
      687639000	     34280	8000761c	0ff0000f	fence	iorw,iorw	
      688499000	     34323	80007620	034d6c33	rem	x24,x26,x20	 x26:0x800257ce x20:0x800259cf x24=0xfffffdff
      688539000	     34325	80007624	03173cb3	mulhu	x25,x14,x17	 x14:0x0007ffe1 x17:0x00003b57 x25=0x00000001
      688559000	     34326	80007628	41cb83b3	sub	x7,x23,x28	 x23:0x800257ce x28:0x00000597  x7=0x80025237
      688579000	     34327	8000762c	03eb0563	beq	x22,x30,80007656	 x22:0x68015610 x30:0x80025ce4
      688599000	     34328	80007630	0048db13	srli	x22,x17,0x4	 x17:0x00003b57 x22=0x000003b5
      688619000	     34329	80007634	00c3b233	sltu	x4,x7,x12	  x7:0x80025237 x12:0x01100000  x4=0x00000000
      688899000	     34343	80007638	0164f933	and	x18,x9,x22	  x9:0x80021e64 x22:0x000003b5 x18=0x00000224
      689159000	     34356	8000763c	8a1d	c.andi	x12,7	 x12:0x01100000 x12=0x00000000
      689179000	     34357	8000763e	0101f463	bgeu	x3,x16,80007646	  x3:0x00440000 x16:0xc00002d7
      689199000	     34358	80007642	c681	c.beqz	x13,8000764a	 x13:0x0007ffff
      689219000	     34359	80007644	635d	c.lui	x6,0x17	  x6=0x00017000
      689379000	     34367	80007646	00458a33	add	x20,x11,x4	 x11:0x894eacb4  x4:0x00000000 x20=0x894eacb4
      689799000	     34388	8000764a	03406963	bltu	x0,x20,8000767c	  x0:0x00000000 x20:0x894eacb4
      690319000	     34414	8000767c	935e	c.add	x6,x23	  x6:0x00017000 x23:0x800257ce  x6=0x8003c7ce
      690759000	     34436	8000767e	016ffcb3	and	x25,x31,x22	 x31:0x0000e000 x22:0x000003b5 x25=0x00000000
      691139000	     34455	80007682	4d3ba093	slti	x1,x23,1235	 x23:0x800257ce  x1=0x00000001
      691159000	     34456	80007686	8ac2	c.mv	x21,x16	  x0:0x00000000 x16:0xc00002d7 x21=0xc00002d7
      691179000	     34457	80007688	008b89b3	add	x19,x23,x8	 x23:0x800257ce  x8:0x0000ee98 x19=0x80034666
      691199000	     34458	8000768c	25fea893	slti	x17,x29,607	 x29:0x00000000 x17=0x00000001
      691239000	     34460	80007690	a5a9a293	slti	x5,x19,-1446	 x19:0x80034666  x5=0x00000001
      691259000	     34461	80007694	000f9193	slli	x3,x31,0x0	 x31:0x0000e000  x3=0x0000e000
      691839000	     34490	80007698	01039833	sll	x16,x7,x16	  x7:0x80025237 x16:0xc00002d7 x16=0x1b800000
      691859000	     34491	8000769c	0000100f	fence.i	
      692139000	     34505	800076a0	01545e63	bge	x8,x21,800076bc	  x8:0x0000ee98 x21:0xc00002d7
      692759000	     34536	800076bc	0001	c.addi	x0,0	  x0:0x00000000  x0=0x00000000
      693159000	     34556	800076be	1c168613	addi	x12,x13,449	 x13:0x0007ffff x12=0x000801c0
      693179000	     34557	800076c2	0bc1	c.addi	x23,16	 x23:0x800257ce x23=0x800257de
      693199000	     34558	800076c4	0ea6	c.slli	x29,0x9	 x29:0x00000000 x29=0x00000000
      693219000	     34559	800076c6	8efe	c.mv	x29,x31	  x0:0x00000000 x31:0x0000e000 x29=0x0000e000
      693359000	     34566	800076c8	8d59	c.or	x10,x14	 x10:0x00011000 x14:0x0007ffe1 x10=0x0007ffe1
      693539000	     34575	800076ca	0146c1b3	xor	x3,x13,x20	 x13:0x0007ffff x20:0x894eacb4  x3=0x8949534b
      693579000	     34577	800076ce	039b1833	mulh	x16,x22,x25	 x22:0x000003b5 x25:0x00000000 x16=0x00000000
      693599000	     34578	800076d2	055a	c.slli	x10,0x16	 x10:0x0007ffe1 x10=0xf8400000
      693619000	     34579	800076d4	e60d	c.bnez	x12,800076fe	 x12:0x000801c0
      693919000	     34594	800076fe	8ae5b517	auipc	x10,0x8ae5b	 x10=0x0ae626fe
      694019000	     34599	80007702	013733b3	sltu	x7,x14,x19	 x14:0x0007ffe1 x19:0x80034666  x7=0x00000001
      694119000	     34604	80007706	a2720637	lui	x12,0xa2720	 x12=0xa2720000
      694139000	     34605	8000770a	6c73e893	ori	x17,x7,1735	  x7:0x00000001 x17=0x000006c7
      694159000	     34606	8000770e	027307b3	mul	x15,x6,x7	  x6:0x8003c7ce  x7:0x00000001 x15=0x8003c7ce
      694299000	     34613	80007712	03ccdf63	bge	x25,x28,80007750	 x25:0x00000000 x28:0x00000597
      694319000	     34614	80007716	0001	c.addi	x0,0	  x0:0x00000000  x0=0x00000000
      694339000	     34615	80007718	00d9d433	srl	x8,x19,x13	 x19:0x80034666 x13:0x0007ffff  x8=0x00000001
      694359000	     34616	8000771c	694d	c.lui	x18,0x13	 x18=0x00013000
      694379000	     34617	8000771e	8761	c.srai	x14,0x18	 x14:0x0007ffe1 x14=0x00000000
      694479000	     34622	80007720	0000100f	fence.i	
      694719000	     34634	80007724	0336	c.slli	x6,0xd	  x6:0x8003c7ce  x6=0x78f9c000
      694739000	     34635	80007726	00470c33	add	x24,x14,x4	 x14:0x00000000  x4:0x00000000 x24=0x00000000
      694759000	     34636	8000772a	417b5d13	srai	x26,x22,0x17	 x22:0x000003b5 x26=0x00000000
      694779000	     34637	8000772e	8b09	c.andi	x14,2	 x14:0x00000000 x14=0x00000000
      695219000	     34659	80007730	0000100f	fence.i	
      695979000	     34697	80007734	2ade7317	auipc	x6,0x2ade7	  x6=0xaadee734
      696139000	     34705	80007738	8f89	c.sub	x15,x10	 x15:0x8003c7ce x10:0x0ae626fe x15=0x751da0d0
      696279000	     34712	8000773a	007c5c33	srl	x24,x24,x7	 x24:0x00000000  x7:0x00000001 x24=0x00000000
      696299000	     34713	8000773e	8259	c.srli	x12,0x16	 x12:0xa2720000 x12=0x00000289
      696479000	     34722	80007740	a277ea97	auipc	x21,0xa277e	 x21=0x22785740
      696499000	     34723	80007744	0170ec63	bltu	x1,x23,8000775c	  x1:0x00000001 x23:0x800257de
      696739000	     34735	8000775c	014b2cb3	slt	x25,x22,x20	 x22:0x000003b5 x20:0x894eacb4 x25=0x00000000
      696799000	     34738	80007760	01b91863	bne	x18,x27,80007770	 x18:0x00013000 x27:0xfffffc22
      696839000	     34740	80007770	8fa9	c.xor	x15,x10	 x15:0x751da0d0 x10:0x0ae626fe x15=0x7ffb862e
      696859000	     34741	80007772	01520e33	add	x28,x4,x21	  x4:0x00000000 x21:0x22785740 x28=0x22785740
      696879000	     34742	80007776	8e99	c.sub	x13,x14	 x13:0x0007ffff x14:0x00000000 x13=0x0007ffff
      697179000	     34757	80007778	00feefb3	or	x31,x29,x15	 x29:0x0000e000 x15:0x7ffb862e x31=0x7ffbe62e
      697199000	     34758	8000777c	e909	c.bnez	x10,8000778e	 x10:0x0ae626fe
      697459000	     34771	8000778e	8c75	c.and	x8,x13	  x8:0x00000001 x13:0x0007ffff  x8=0x00000001
      697499000	     34773	80007790	03f922b3	mulhsu	x5,x18,x31	 x18:0x00013000 x31:0x7ffbe62e  x5=0x000097fb
      697639000	     34780	80007794	8d05	c.sub	x10,x9	 x10:0x0ae626fe  x9:0x80021e64 x10=0x8ae4089a
      697679000	     34782	80007796	03016ab3	rem	x21,x2,x16	  x2:0x00000061 x16:0x00000000 x21=0x00000061
      697699000	     34783	8000779a	0e9c	c.addi4spn	x15,x2,848	 x15=0x000003b1
      697719000	     34784	8000779c	ba064993	xori	x19,x12,-1120	 x12:0x00000289 x19=0xfffff929
      697739000	     34785	800077a0	00992533	slt	x10,x18,x9	 x18:0x00013000  x9:0x80021e64 x10=0x00000000
      697759000	     34786	800077a4	8d0d	c.sub	x10,x11	 x10:0x00000000 x11:0x894eacb4 x10=0x76b1534c
      697779000	     34787	800077a6	8d31	c.xor	x10,x12	 x10:0x76b1534c x12:0x00000289 x10=0x76b151c5
      697839000	     34790	800077a8	8471	c.srai	x8,0x1c	  x8:0x00000001  x8=0x00000000
      698579000	     34827	800077aa	03444cb3	div	x25,x8,x20	  x8:0x00000000 x20:0x894eacb4 x25=0x00000000
      698599000	     34828	800077ae	032eeb63	bltu	x29,x18,800077e4	 x29:0x0000e000 x18:0x00013000
      698899000	     34843	800077e4	01765b13	srli	x22,x12,0x17	 x12:0x00000289 x22=0x00000000
      699719000	     34884	800077e8	02c4da33	divu	x20,x9,x12	  x9:0x80021e64 x12:0x00000289 x20=0x00327e45
      699739000	     34885	800077ec	8179	c.srli	x10,0x1e	 x10:0x76b151c5 x10=0x00000001
      699839000	     34890	800077ee	00935133	srl	x2,x6,x9	  x6:0xaadee734  x9:0x80021e64  x2=0x0aadee73
      700579000	     34927	800077f2	0355ce33	div	x28,x11,x21	 x11:0x894eacb4 x21:0x00000061 x28=0xfec6bfce
      701319000	     34964	800077f6	023dc033	div	x0,x27,x3	 x27:0xfffffc22  x3:0x8949534b  x0=0x00000000
      701339000	     34965	800077fa	0185a0b3	slt	x1,x11,x24	 x11:0x894eacb4 x24:0x00000000  x1=0x00000001
      701359000	     34966	800077fe	0109b933	sltu	x18,x19,x16	 x19:0xfffff929 x16:0x00000000 x18=0x00000000
      701399000	     34968	80007802	02816e33	rem	x28,x2,x8	  x2:0x0aadee73  x8:0x00000000 x28=0x0aadee73
      701419000	     34969	80007806	4235	c.li	x4,13	  x4=0x0000000d
      701439000	     34970	80007808	00df4e33	xor	x28,x30,x13	 x30:0x80025ce4 x13:0x0007ffff x28=0x8005a31b
      701459000	     34971	8000780c	010d6663	bltu	x26,x16,80007818	 x26:0x00000000 x16:0x00000000
      701759000	     34986	80007810	40065893	srai	x17,x12,0x0	 x12:0x00000289 x17=0x00000289
      701779000	     34987	80007814	8605	c.srai	x12,0x1	 x12:0x00000289 x12=0x00000144
      701799000	     34988	80007816	0001	c.addi	x0,0	  x0:0x00000000  x0=0x00000000
      701819000	     34989	80007818	997d	c.andi	x10,-1	 x10:0x00000001 x10=0x00000001
      702019000	     34999	8000781a	03d218b3	mulh	x17,x4,x29	  x4:0x0000000d x29:0x0000e000 x17=0x00000000
      702039000	     35000	8000781e	03cf8d63	beq	x31,x28,80007858	 x31:0x7ffbe62e x28:0x8005a31b
      702159000	     35006	80007822	35566213	ori	x4,x12,853	 x12:0x00000144  x4=0x00000355
      702179000	     35007	80007826	895d	c.andi	x10,23	 x10:0x00000001 x10=0x00000001
      702199000	     35008	80007828	0001f833	and	x16,x3,x0	  x3:0x8949534b  x0:0x00000000 x16=0x00000000
      702319000	     35014	8000782c	ccd45cb7	lui	x25,0xccd45	 x25=0xccd45000
      702639000	     35030	80007830	8bd9	c.andi	x15,22	 x15:0x000003b1 x15=0x00000010
      702659000	     35031	80007832	a09a2d93	slti	x27,x20,-1527	 x20:0x00327e45 x27=0x00000000
      702699000	     35033	80007836	0271b033	mulhu	x0,x3,x7	  x3:0x8949534b  x7:0x00000001  x0=0x00000000
      702739000	     35035	8000783a	03f79833	mulh	x16,x15,x31	 x15:0x00000010 x31:0x7ffbe62e x16=0x00000007
      702759000	     35036	8000783e	00889a33	sll	x20,x17,x8	 x17:0x00000000  x8:0x00000000 x20=0x00000000
      703579000	     35077	80007842	02d6fe33	remu	x28,x13,x13	 x13:0x0007ffff x13:0x0007ffff x28=0x00000000
      718699000	     35833	80007846	a005a337	lui	x6,0xa005a	  x6=0xa005a000
      718719000	     35834	8000784a	cc0d	c.beqz	x8,80007884	  x8:0x00000000
      718799000	     35838	80007884	03701163	bne	x0,x23,800078a6	  x0:0x00000000 x23:0x800257de
      719939000	     35895	800078a6	0001	c.addi	x0,0	  x0:0x00000000  x0=0x00000000
      719979000	     35897	800078a8	e21d	c.bnez	x12,800078ce	 x12:0x00000144
      720459000	     35921	800078ce	02764d63	blt	x12,x7,80007908	 x12:0x00000144  x7:0x00000001
      720879000	     35942	800078d2	01f3c7b3	xor	x15,x7,x31	  x7:0x00000001 x31:0x7ffbe62e x15=0x7ffbe62f
      720899000	     35943	800078d6	00c49433	sll	x8,x9,x12	  x9:0x80021e64 x12:0x00000144  x8=0x0021e640
      720919000	     35944	800078da	0c1c	c.addi4spn	x15,x2,528	 x15=0x0aadf083
      721819000	     35989	800078dc	023e78b3	remu	x17,x28,x3	 x28:0x00000000  x3:0x8949534b x17=0x00000000
      722559000	     36026	800078e0	03d0db33	divu	x22,x1,x29	  x1:0x00000001 x29:0x0000e000 x22=0x00000000
      722579000	     36027	800078e4	6221	c.lui	x4,0x8	  x4=0x00008000
      722599000	     36028	800078e6	6161	c.addi16sp	x2,80	  x2:0x0aadee73  x2=0x0aadeec3
      722619000	     36029	800078e8	d6bbe713	ori	x14,x23,-661	 x23:0x800257de x14=0xffffffff
      722639000	     36030	800078ec	0098eb63	bltu	x17,x9,80007902	 x17:0x00000000  x9:0x80021e64
      723259000	     36061	80007902	8e35	c.xor	x12,x13	 x12:0x00000144 x13:0x0007ffff x12=0x0007febb
      723319000	     36064	80007904	016ef3b3	and	x7,x29,x22	 x29:0x0000e000 x22:0x00000000  x7=0x00000000
      723539000	     36075	80007908	03f4b6b3	mulhu	x13,x9,x31	  x9:0x80021e64 x31:0x7ffbe62e x13=0x3fff0240
      723559000	     36076	8000790c	587d	c.li	x16,-1	 x16=0xffffffff
      723579000	     36077	8000790e	8fc6	c.mv	x31,x17	  x0:0x00000000 x17:0x00000000 x31=0x00000000
      723599000	     36078	80007910	82bd	c.srli	x13,0xf	 x13:0x3fff0240 x13=0x00007ffe
      723619000	     36079	80007912	8261	c.srli	x12,0x18	 x12:0x0007febb x12=0x00000000
      723639000	     36080	80007914	00309533	sll	x10,x1,x3	  x1:0x00000001  x3:0x8949534b x10=0x00000800
      723999000	     36098	80007918	563a6c93	ori	x25,x20,1379	 x20:0x00000000 x25=0x00000563
      724019000	     36099	8000791c	e0b30f93	addi	x31,x6,-501	  x6:0xa005a000 x31=0xa0059e0b
      724419000	     36119	80007920	01f63ab3	sltu	x21,x12,x31	 x12:0x00000000 x31:0xa0059e0b x21=0x00000001
      724519000	     36124	80007924	eb3bb993	sltiu	x19,x23,-333	 x23:0x800257de x19=0x00000001
      724539000	     36125	80007928	c657f213	andi	x4,x15,-923	 x15:0x0aadf083  x4=0x0aadf001
      724559000	     36126	8000792c	b919c793	xori	x15,x19,-1135	 x19:0x00000001 x15=0xfffffb90
      725299000	     36163	80007930	02f5dc33	divu	x24,x11,x15	 x11:0x894eacb4 x15:0xfffffb90 x24=0x00000000
      725319000	     36164	80007934	8fe9	c.and	x15,x10	 x15:0xfffffb90 x10:0x00000800 x15=0x00000800
      725339000	     36165	80007936	41555813	srai	x16,x10,0x15	 x10:0x00000800 x16=0x00000000
      725359000	     36166	8000793a	408783b3	sub	x7,x15,x8	 x15:0x00000800  x8:0x0021e640  x7=0xffde21c0
      725379000	     36167	8000793e	8f95	c.sub	x15,x13	 x15:0x00000800 x13:0x00007ffe x15=0xffff8802
      725399000	     36168	80007940	01394233	xor	x4,x18,x19	 x18:0x00000000 x19:0x00000001  x4=0x00000001
      725419000	     36169	80007944	006b0663	beq	x22,x6,80007950	 x22:0x00000000  x6:0xa005a000
      725459000	     36171	80007948	e3464613	xori	x12,x12,-460	 x12:0x00000000 x12=0xfffffe34
      725759000	     36186	8000794c	41bb0233	sub	x4,x22,x27	 x22:0x00000000 x27:0x00000000  x4=0x00000000
      726099000	     36203	80007950	8ada	c.mv	x21,x22	  x0:0x00000000 x22:0x00000000 x21=0x00000000
      726119000	     36204	80007952	472dad13	slti	x26,x27,1138	 x27:0x00000000 x26=0x00000001
      726239000	     36210	80007956	cde5e893	ori	x17,x11,-802	 x11:0x894eacb4 x17=0xfffffcfe
      726379000	     36217	8000795a	03928863	beq	x5,x25,8000798a	  x5:0x000097fb x25:0x00000563
      727119000	     36254	8000795e	031c5cb3	divu	x25,x24,x17	 x24:0x00000000 x17:0xfffffcfe x25=0x00000000
      727139000	     36255	80007962	48d5	c.li	x17,21	 x17=0x00000015
      727179000	     36257	80007964	0276a333	mulhsu	x6,x13,x7	 x13:0x00007ffe  x7:0xffde21c0  x6=0x00007fed
      727199000	     36258	80007968	8341	c.srli	x14,0x10	 x14:0xffffffff x14=0x0000ffff
      727219000	     36259	8000796a	c0c38193	addi	x3,x7,-1012	  x7:0xffde21c0  x3=0xffde1dcc
      727239000	     36260	8000796e	0021d133	srl	x2,x3,x2	  x3:0xffde1dcc  x2:0x0aadeec3  x2=0x1ffbc3b9
      727259000	     36261	80007972	01959263	bne	x11,x25,80007976	 x11:0x894eacb4 x25:0x00000000
      727299000	     36263	80007976	8f19	c.sub	x14,x14	 x14:0x0000ffff x14:0x0000ffff x14=0x00000000
      727919000	     36294	80007978	0188e733	or	x14,x17,x24	 x17:0x00000015 x24:0x00000000 x14=0x00000015
      727939000	     36295	8000797c	87a9	c.srai	x15,0xa	 x15:0xffff8802 x15=0xffffffe2
      727959000	     36296	8000797e	0000100f	fence.i	
      728099000	     36303	80007982	93f6	c.add	x7,x29	  x7:0xffde21c0 x29:0x0000e000  x7=0xffdf01c0
      728119000	     36304	80007984	9a7d	c.andi	x12,-1	 x12:0xfffffe34 x12=0xfffffe34
      728639000	     36330	80007986	001e99b3	sll	x19,x29,x1	 x29:0x0000e000  x1:0x00000001 x19=0x0001c000
      728659000	     36331	8000798a	987d	c.andi	x8,-1	  x8:0x0021e640  x8=0x0021e640
      728679000	     36332	8000798c	8f79	c.and	x14,x14	 x14:0x00000015 x14:0x00000015 x14=0x00000015
      728859000	     36341	8000798e	01c6e533	or	x10,x13,x28	 x13:0x00007ffe x28:0x00000000 x10=0x00007ffe
      728959000	     36346	80007992	e48e0d93	addi	x27,x28,-440	 x28:0x00000000 x27=0xfffffe48
      728979000	     36347	80007996	821a	c.mv	x4,x6	  x0:0x00000000  x6:0x00007fed  x4=0x00007fed
      728999000	     36348	80007998	01cd2a33	slt	x20,x26,x28	 x26:0x00000001 x28:0x00000000 x20=0x00000000
      729019000	     36349	8000799c	015f80b3	add	x1,x31,x21	 x31:0xa0059e0b x21:0x00000000  x1=0xa0059e0b
      729199000	     36358	800079a0	6131	c.addi16sp	x2,320	  x2:0x1ffbc3b9  x2=0x1ffbc4f9
      729619000	     36379	800079a2	0ff0000f	fence	iorw,iorw	
      729639000	     36380	800079a6	03de	c.slli	x7,0x17	  x7:0xffdf01c0  x7=0xe0000000
      730379000	     36417	800079a8	02a7cbb3	div	x23,x15,x10	 x15:0xffffffe2 x10:0x00007ffe x23=0x00000000
      730399000	     36418	800079ac	0808	c.addi4spn	x10,x2,16	 x10=0x1ffbc509
      730439000	     36420	800079ae	03c1c333	div	x6,x3,x28	  x3:0xffde1dcc x28:0x00000000  x6=0xffffffff
      730459000	     36421	800079b2	016b2cb3	slt	x25,x22,x22	 x22:0x00000000 x22:0x00000000 x25=0x00000000
      730479000	     36422	800079b6	01e2b033	sltu	x0,x5,x30	  x5:0x000097fb x30:0x80025ce4  x0=0x00000000
      730499000	     36423	800079ba	022e	c.slli	x4,0xb	  x4:0x00007fed  x4=0x03ff6800
      730519000	     36424	800079bc	01a7e933	or	x18,x15,x26	 x15:0xffffffe2 x26:0x00000001 x18=0xffffffe3
      730919000	     36444	800079c0	e0dd3693	sltiu	x13,x26,-499	 x26:0x00000001 x13=0x00000001
      731079000	     36452	800079c4	00a55b93	srli	x23,x10,0xa	 x10:0x1ffbc509 x23=0x0007fef1
      731419000	     36469	800079c8	76ea6d93	ori	x27,x20,1902	 x20:0x00000000 x27=0x0000076e
      731719000	     36484	800079cc	02907063	bgeu	x0,x9,800079ec	  x0:0x00000000  x9:0x80021e64
      731739000	     36485	800079d0	0d5e	c.slli	x26,0x17	 x26:0x00000001 x26=0x00800000
      731759000	     36486	800079d2	49edf013	andi	x0,x27,1182	 x27:0x0000076e  x0=0x00000000
      732179000	     36507	800079d6	00499d13	slli	x26,x19,0x4	 x19:0x0001c000 x26=0x001c0000
      733319000	     36564	800079da	0285e233	rem	x4,x11,x8	 x11:0x894eacb4  x8:0x0021e640  x4=0xfff48cb4
      733359000	     36566	800079de	02cba133	mulhsu	x2,x23,x12	 x23:0x0007fef1 x12:0xfffffe34  x2=0x0007fef0
      733379000	     36567	800079e2	9fdb3c93	sltiu	x25,x22,-1539	 x22:0x00000000 x25=0x00000001
      733399000	     36568	800079e6	0134c133	xor	x2,x9,x19	  x9:0x80021e64 x19:0x0001c000  x2=0x8003de64
      733419000	     36569	800079ea	8b29	c.andi	x14,10	 x14:0x00000015 x14=0x00000000
      733439000	     36570	800079ec	853d	c.srai	x10,0xf	 x10:0x1ffbc509 x10=0x00003ff7
      733459000	     36571	800079ee	0001	c.addi	x0,0	  x0:0x00000000  x0=0x00000000
      733479000	     36572	800079f0	0186e8b3	or	x17,x13,x24	 x13:0x00000001 x24:0x00000000 x17=0x00000001
      733499000	     36573	800079f4	41485a13	srai	x20,x16,0x14	 x16:0x00000000 x20=0x00000000
      733659000	     36581	800079f8	01285a93	srli	x21,x16,0x12	 x16:0x00000000 x21=0x00000000
      734119000	     36604	800079fc	0ff0000f	fence	iorw,iorw	
      734199000	     36608	80007a00	0036bb33	sltu	x22,x13,x3	 x13:0x00000001  x3:0xffde1dcc x22=0x00000001
      734219000	     36609	80007a04	1f08	c.addi4spn	x10,x2,944	 x10=0x8003e214
      734639000	     36630	80007a06	03ba1d63	bne	x20,x27,80007a40	 x20:0x00000000 x27:0x0000076e
      735939000	     36695	80007a40	8651	c.srai	x12,0x14	 x12:0xfffffe34 x12=0xffffffff
      736359000	     36716	80007a42	00f1d433	srl	x8,x3,x15	  x3:0xffde1dcc x15:0xffffffe2  x8=0x3ff78773
      736379000	     36717	80007a46	e319	c.bnez	x14,80007a4c	 x14:0x00000000
      736399000	     36718	80007a48	03e89863	bne	x17,x30,80007a78	 x17:0x00000001 x30:0x80025ce4
      737119000	     36754	80007a78	03d638b3	mulhu	x17,x12,x29	 x12:0xffffffff x29:0x0000e000 x17=0x0000dfff
      737299000	     36763	80007a7c	7fba4c13	xori	x24,x20,2043	 x20:0x00000000 x24=0x000007fb
      737539000	     36775	80007a80	fc807f93	andi	x31,x0,-56	  x0:0x00000000 x31=0x00000000
      737559000	     36776	80007a84	034a6263	bltu	x20,x20,80007aa8	 x20:0x00000000 x20:0x00000000
      737739000	     36785	80007a88	01e03133	sltu	x2,x0,x30	  x0:0x00000000 x30:0x80025ce4  x2=0x00000001
      737939000	     36795	80007a8c	815d	c.srli	x10,0x17	 x10:0x8003e214 x10=0x00000100
      737979000	     36797	80007a8e	5974f693	andi	x13,x9,1431	  x9:0x80021e64 x13=0x00000404
      738139000	     36805	80007a92	0000100f	fence.i	
      739459000	     36871	80007a96	03ac4163	blt	x24,x26,80007ab8	 x24:0x000007fb x26:0x001c0000
      740719000	     36934	80007ab8	8d21	c.xor	x10,x8	 x10:0x00000100  x8:0x3ff78773 x10=0x3ff78673
      740879000	     36942	80007aba	0000100f	fence.i	
      742799000	     37038	80007abe	03e14a33	div	x20,x2,x30	  x2:0x00000001 x30:0x80025ce4 x20=0x00000000
      742819000	     37039	80007ac2	0000100f	fence.i	
      742919000	     37044	80007ac6	0000100f	fence.i	
      743099000	     37053	80007aca	983e7513	andi	x10,x28,-1661	 x28:0x00000000 x10=0x00000000
      743119000	     37054	80007ace	01a51993	slli	x19,x10,0x1a	 x10:0x00000000 x19=0x00000000
      743319000	     37064	80007ad2	003ffc33	and	x24,x31,x3	 x31:0x00000000  x3:0xffde1dcc x24=0x00000000
      743339000	     37065	80007ad6	8d65	c.and	x10,x9	 x10:0x00000000  x9:0x80021e64 x10=0x00000000
      743359000	     37066	80007ad8	0ff0000f	fence	iorw,iorw	
      743419000	     37069	80007adc	c61d	c.beqz	x12,80007b0a	 x12:0xffffffff
      743439000	     37070	80007ade	987d	c.andi	x8,-1	  x8:0x3ff78773  x8=0x3ff78773
      743479000	     37072	80007ae0	0027c3b3	xor	x7,x15,x2	 x15:0xffffffe2  x2:0x00000001  x7=0xffffffe3
      743499000	     37073	80007ae4	836d	c.srli	x14,0x1b	 x14:0x00000000 x14=0x00000000
      743519000	     37074	80007ae6	ef05	c.bnez	x14,80007b1e	 x14:0x00000000
      743559000	     37076	80007ae8	032832b3	mulhu	x5,x16,x18	 x16:0x00000000 x18:0xffffffe3  x5=0x00000000
      743579000	     37077	80007aec	0dfe	c.slli	x27,0x1f	 x27:0x0000076e x27=0x00000000
      743619000	     37079	80007aee	034426b3	mulhsu	x13,x8,x20	  x8:0x3ff78773 x20:0x00000000 x13=0x00000000
      743639000	     37080	80007af2	40bbd313	srai	x6,x23,0xb	 x23:0x0007fef1  x6=0x000000ff
      743799000	     37088	80007af6	54a64513	xori	x10,x12,1354	 x12:0xffffffff x10=0xfffffab5
      743819000	     37089	80007afa	013d1363	bne	x26,x19,80007b00	 x26:0x001c0000 x19:0x00000000
      744079000	     37102	80007b00	027f0733	mul	x14,x30,x7	 x30:0x80025ce4  x7:0xffffffe3 x14=0x7fbb7a2c
      744099000	     37103	80007b04	0101d8b3	srl	x17,x3,x16	  x3:0xffde1dcc x16:0x00000000 x17=0xffde1dcc
      744119000	     37104	80007b08	5afd	c.li	x21,-1	 x21=0xffffffff
      744559000	     37126	80007b0a	03983a33	mulhu	x20,x16,x25	 x16:0x00000000 x25:0x00000001 x20=0x00000000
      744579000	     37127	80007b0e	0000100f	fence.i	
      744679000	     37132	80007b12	40a18db3	sub	x27,x3,x10	  x3:0xffde1dcc x10:0xfffffab5 x27=0xffde2317
      744699000	     37133	80007b16	8e31	c.xor	x12,x12	 x12:0xffffffff x12:0xffffffff x12=0x00000000
      744819000	     37139	80007b18	6415	c.lui	x8,0x5	  x8=0x00005000
      744839000	     37140	80007b1a	41938833	sub	x16,x7,x25	  x7:0xffffffe3 x25:0x00000001 x16=0xffffffe2
      744959000	     37146	80007b1e	01b05713	srli	x14,x0,0x1b	  x0:0x00000000 x14=0x00000000
      744999000	     37148	80007b22	0293b533	mulhu	x10,x7,x9	  x7:0xffffffe3  x9:0x80021e64 x10=0x80021e55
      745059000	     37151	80007b26	02699433	mulh	x8,x19,x6	 x19:0x00000000  x6:0x000000ff  x8=0x00000000
      745079000	     37152	80007b2a	0002f1b3	and	x3,x5,x0	  x5:0x00000000  x0:0x00000000  x3=0x00000000
      795719000	     39684	80007b2e	053ccc13	xori	x24,x25,83	 x25:0x00000001 x24=0x00000052
      795739000	     39685	80007b32	40315e33	sra	x28,x2,x3	  x2:0x00000001  x3:0x00000000 x28=0x00000001
      795759000	     39686	80007b36	8695	c.srai	x13,0x5	 x13:0x00000000 x13=0x00000000
      795779000	     39687	80007b38	0067f9b3	and	x19,x15,x6	 x15:0xffffffe2  x6:0x000000ff x19=0x000000e2
      795799000	     39688	80007b3c	40ed	c.li	x1,27	  x1=0x0000001b
      795819000	     39689	80007b3e	01e13033	sltu	x0,x2,x30	  x2:0x00000001 x30:0x80025ce4  x0=0x00000000
      796559000	     39726	80007b42	03c742b3	div	x5,x14,x28	 x14:0x00000000 x28:0x00000001  x5=0x00000000
      796579000	     39727	80007b46	02dac663	blt	x21,x13,80007b72	 x21:0xffffffff x13:0x00000000
      796859000	     39741	80007b72	8846	c.mv	x16,x17	  x0:0x00000000 x17:0xffde1dcc x16=0xffde1dcc
      796999000	     39748	80007b74	cb95	c.beqz	x15,80007ba8	 x15:0xffffffe2
      797179000	     39757	80007b76	41e809b3	sub	x19,x16,x30	 x16:0xffde1dcc x30:0x80025ce4 x19=0x7fdbc0e8
      797279000	     39762	80007b7a	019f8863	beq	x31,x25,80007b8a	 x31:0x00000000 x25:0x00000001
      797619000	     39779	80007b7e	0085d033	srl	x0,x11,x8	 x11:0x894eacb4  x8:0x00000000  x0=0x00000000
      797639000	     39780	80007b82	001bc433	xor	x8,x23,x1	 x23:0x0007fef1  x1:0x0000001b  x8=0x0007feea
      798059000	     39801	80007b86	01bdcb33	xor	x22,x27,x27	 x27:0xffde2317 x27:0xffde2317 x22=0x00000000
      798079000	     39802	80007b8a	1f10	c.addi4spn	x12,x2,944	 x12=0x000003b1
      798279000	     39812	80007b8c	617d	c.addi16sp	x2,496	  x2:0x00000001  x2=0x000001f1
      798559000	     39826	80007b8e	02565763	bge	x12,x5,80007bbc	 x12:0x000003b1  x5:0x00000000
      799419000	     39869	80007bbc	003d9793	slli	x15,x27,0x3	 x27:0xffde2317 x15=0xfef118b8
      799779000	     39887	80007bc0	faacb437	lui	x8,0xfaacb	  x8=0xfaacb000
      799799000	     39888	80007bc4	0001	c.addi	x0,0	  x0:0x00000000  x0=0x00000000
      799819000	     39889	80007bc6	417559b3	sra	x19,x10,x23	 x10:0x80021e55 x23:0x0007fef1 x19=0xffffc001
      799839000	     39890	80007bca	8791	c.srai	x15,0x4	 x15:0xfef118b8 x15=0xffef118b
      800259000	     39911	80007bcc	020317b3	mulh	x15,x6,x0	  x6:0x000000ff  x0:0x00000000 x15=0x00000000
      800319000	     39914	80007bd0	fbe2a0b7	lui	x1,0xfbe2a	  x1=0xfbe2a000
      800519000	     39924	80007bd4	72440a13	addi	x20,x8,1828	  x8:0xfaacb000 x20=0xfaacb724
      800699000	     39933	80007bd8	8d29	c.xor	x10,x10	 x10:0x80021e55 x10:0x80021e55 x10=0x00000000
      800719000	     39934	80007bda	000b6763	bltu	x22,x0,80007be8	 x22:0x00000000  x0:0x00000000
      800739000	     39935	80007bde	8751	c.srai	x14,0x14	 x14:0x00000000 x14=0x00000000
      800759000	     39936	80007be0	017d5d13	srli	x26,x26,0x17	 x26:0x001c0000 x26=0x00000000
      800779000	     39937	80007be4	00635793	srli	x15,x6,0x6	  x6:0x000000ff x15=0x00000003
      800799000	     39938	80007be8	8252	c.mv	x4,x20	  x0:0x00000000 x20:0xfaacb724  x4=0xfaacb724
      800879000	     39942	80007bea	ccc33e93	sltiu	x29,x6,-820	  x6:0x000000ff x29=0x00000001
      800979000	     39947	80007bee	013b0db3	add	x27,x22,x19	 x22:0x00000000 x19:0xffffc001 x27=0xffffc001
      801419000	     39969	80007bf2	024bafb3	mulhsu	x31,x23,x4	 x23:0x0007fef1  x4:0xfaacb724 x31=0x0007d45c
      801439000	     39970	80007bf6	02316c63	bltu	x2,x3,80007c2e	  x2:0x000001f1  x3:0x00000000
      802259000	     40011	80007bfa	035aefb3	rem	x31,x21,x21	 x21:0xffffffff x21:0xffffffff x31=0x00000000
      802279000	     40012	80007bfe	0001	c.addi	x0,0	  x0:0x00000000  x0=0x00000000
      802299000	     40013	80007c00	00984833	xor	x16,x16,x9	 x16:0xffde1dcc  x9:0x80021e64 x16=0x7fdc03a8
      802319000	     40014	80007c04	0151a633	slt	x12,x3,x21	  x3:0x00000000 x21:0xffffffff x12=0x00000000
      802339000	     40015	80007c08	0764c563	blt	x9,x22,80007c72	  x9:0x80021e64 x22:0x00000000
      802739000	     40035	80007c72	0d46	c.slli	x26,0x11	 x26:0x00000000 x26=0x00000000
      802919000	     40044	80007c74	b286a913	slti	x18,x13,-1240	 x13:0x00000000 x18=0x00000000
      803339000	     40065	80007c78	8946	c.mv	x18,x17	  x0:0x00000000 x17:0xffde1dcc x18=0xffde1dcc
      803359000	     40066	80007c7a	8d15	c.sub	x10,x13	 x10:0x00000000 x13:0x00000000 x10=0x00000000
      803379000	     40067	80007c7c	0000100f	fence.i	
      803679000	     40082	80007c80	6cf3af93	slti	x31,x7,1743	  x7:0xffffffe3 x31=0x00000001
      804099000	     40103	80007c84	60f5	c.lui	x1,0x1d	  x1=0x0001d000
      804439000	     40120	80007c86	010d4ab3	xor	x21,x26,x16	 x26:0x00000000 x16:0x7fdc03a8 x21=0x7fdc03a8
      804599000	     40128	80007c8a	014eb7b3	sltu	x15,x29,x20	 x29:0x00000001 x20:0xfaacb724 x15=0x00000001
      804619000	     40129	80007c8e	844a	c.mv	x8,x18	  x0:0x00000000 x18:0xffde1dcc  x8=0xffde1dcc
      805019000	     40149	80007c90	00d51913	slli	x18,x10,0xd	 x10:0x00000000 x18=0x00000000
      805059000	     40151	80007c94	02de72b3	remu	x5,x28,x13	 x28:0x00000001 x13:0x00000000  x5=0x00000001
      805079000	     40152	80007c98	f5a0d197	auipc	x3,0xf5a0d	  x3=0x75a14c98
      805099000	     40153	80007c9c	8e4d	c.or	x12,x11	 x12:0x00000000 x11:0x894eacb4 x12=0x894eacb4
      805499000	     40173	80007c9e	03b28163	beq	x5,x27,80007cc0	  x5:0x00000001 x27:0xffffc001
      805519000	     40174	80007ca2	fa957c13	andi	x24,x10,-87	 x10:0x00000000 x24=0x00000000
      805559000	     40176	80007ca6	0221b133	mulhu	x2,x3,x2	  x3:0x75a14c98  x2:0x000001f1  x2=0x000000e4
      805579000	     40177	80007caa	0ff0000f	fence	iorw,iorw	
      806479000	     40222	80007cae	0358eeb3	rem	x29,x17,x21	 x17:0xffde1dcc x21:0x7fdc03a8 x29=0xffde1dcc
      806499000	     40223	80007cb2	8ec5	c.or	x13,x9	 x13:0x00000000  x9:0x80021e64 x13=0x80021e64
      806519000	     40224	80007cb4	598f6e93	ori	x29,x30,1432	 x30:0x80025ce4 x29=0x80025dfc
      806539000	     40225	80007cb8	008c43b3	xor	x7,x24,x8	 x24:0x00000000  x8:0xffde1dcc  x7=0xffde1dcc
      806559000	     40226	80007cbc	037d1163	bne	x26,x23,80007cde	 x26:0x00000000 x23:0x0007fef1
      806919000	     40244	80007cde	00278cb3	add	x25,x15,x2	 x15:0x00000001  x2:0x000000e4 x25=0x000000e5
      807059000	     40251	80007ce2	00641f63	bne	x8,x6,80007d00	  x8:0xffde1dcc  x6:0x000000ff
      807639000	     40280	80007d00	419d59b3	sra	x19,x26,x25	 x26:0x00000000 x25:0x000000e5 x19=0x00000000
      807719000	     40284	80007d04	868ba513	slti	x10,x23,-1944	 x23:0x0007fef1 x10=0x00000000
      807739000	     40285	80007d08	018f6263	bltu	x30,x24,80007d0c	 x30:0x80025ce4 x24:0x00000000
      807759000	     40286	80007d0c	0002efb3	or	x31,x5,x0	  x5:0x00000001  x0:0x00000000 x31=0x00000001
      808159000	     40306	80007d10	009f7db3	and	x27,x30,x9	 x30:0x80025ce4  x9:0x80021e64 x27=0x80021c64
      808579000	     40327	80007d14	8bfd	c.andi	x15,31	 x15:0x00000001 x15=0x00000001
      808599000	     40328	80007d16	0079c6b3	xor	x13,x19,x7	 x19:0x00000000  x7:0xffde1dcc x13=0xffde1dcc
      808619000	     40329	80007d1a	005869b3	or	x19,x16,x5	 x16:0x7fdc03a8  x5:0x00000001 x19=0x7fdc03a9
      808819000	     40339	80007d1e	0ff0000f	fence	iorw,iorw	
      808839000	     40340	80007d22	02ff0133	mul	x2,x30,x15	 x30:0x80025ce4 x15:0x00000001  x2=0x80025ce4
      808859000	     40341	80007d26	6c79	c.lui	x24,0x1e	 x24=0x0001e000
      809039000	     40350	80007d28	4c3d	c.li	x24,15	 x24=0x0000000f
      809079000	     40352	80007d2a	02251b33	mulh	x22,x10,x2	 x10:0x00000000  x2:0x80025ce4 x22=0x00000000
      809099000	     40353	80007d2e	8f59	c.or	x14,x14	 x14:0x00000000 x14:0x00000000 x14=0x00000000
      809279000	     40362	80007d30	8639	c.srai	x12,0xe	 x12:0x894eacb4 x12=0xfffe253a
      809299000	     40363	80007d32	020e	c.slli	x4,0x3	  x4:0xfaacb724  x4=0xd565b920
      810039000	     40400	80007d34	02dae333	rem	x6,x21,x13	 x21:0x7fdc03a8 x13:0xffde1dcc  x6=0x00007370
      810059000	     40401	80007d38	3b042337	lui	x6,0x3b042	  x6=0x3b042000
      810079000	     40402	80007d3c	9dea	c.add	x27,x26	 x27:0x80021c64 x26:0x00000000 x27=0x80021c64
      810099000	     40403	80007d3e	51342213	slti	x4,x8,1299	  x8:0xffde1dcc  x4=0x00000001
      810119000	     40404	80007d42	824d	c.srli	x12,0x13	 x12:0xfffe253a x12=0x00001fff
      810139000	     40405	80007d44	40b88933	sub	x18,x17,x11	 x17:0xffde1dcc x11:0x894eacb4 x18=0x768f7118
      810159000	     40406	80007d48	9b3a	c.add	x22,x14	 x22:0x00000000 x14:0x00000000 x22=0x00000000
      810179000	     40407	80007d4a	c7b1f713	andi	x14,x3,-901	  x3:0x75a14c98 x14=0x75a14c18
      810199000	     40408	80007d4e	8fdd	c.or	x15,x15	 x15:0x00000001 x15:0x00000001 x15=0x00000001
      810239000	     40410	80007d50	c709	c.beqz	x14,80007d5a	 x14:0x75a14c18
      810259000	     40411	80007d52	8121	c.srli	x10,0x8	 x10:0x00000000 x10=0x00000000
      810279000	     40412	80007d54	ee15	c.bnez	x12,80007d90	 x12:0x00001fff
      810939000	     40445	80007d90	79de6737	lui	x14,0x79de6	 x14=0x79de6000
      810959000	     40446	80007d94	001a7f63	bgeu	x20,x1,80007db2	 x20:0xfaacb724  x1:0x0001d000
      811199000	     40458	80007db2	024d8d33	mul	x26,x27,x4	 x27:0x80021c64  x4:0x00000001 x26=0x80021c64
      811219000	     40459	80007db6	8c6d	c.and	x8,x11	  x8:0xffde1dcc x11:0x894eacb4  x8=0x894e0c84
      811239000	     40460	80007db8	4106d533	sra	x10,x13,x16	 x13:0xffde1dcc x16:0x7fdc03a8 x10=0xffffde1d
      811559000	     40476	80007dbc	02eb8733	mul	x14,x23,x14	 x23:0x0007fef1 x14:0x79de6000 x14=0xfd986000
      811579000	     40477	80007dc0	86f6	c.mv	x13,x29	  x0:0x00000000 x29:0x80025dfc x13=0x80025dfc
      811599000	     40478	80007dc2	01143633	sltu	x12,x8,x17	  x8:0x894e0c84 x17:0xffde1dcc x12=0x00000001
      811619000	     40479	80007dc6	eb48ee93	ori	x29,x17,-332	 x17:0xffde1dcc x29=0xfffffffc
      811639000	     40480	80007dca	0001	c.addi	x0,0	  x0:0x00000000  x0=0x00000000
      811779000	     40487	80007dcc	00715963	bge	x2,x7,80007dde	  x2:0x80025ce4  x7:0xffde1dcc
      811799000	     40488	80007dd0	39923893	sltiu	x17,x4,921	  x4:0x00000001 x17=0x00000001
      812059000	     40501	80007dd4	e391	c.bnez	x15,80007dd8	 x15:0x00000001
      812739000	     40535	80007dd8	02c121b3	mulhsu	x3,x2,x12	  x2:0x80025ce4 x12:0x00000001  x3=0xffffffff
      812819000	     40539	80007ddc	8f2d	c.xor	x14,x11	 x14:0xfd986000 x11:0x894eacb4 x14=0x74d6ccb4
      812859000	     40541	80007dde	02903d33	mulhu	x26,x0,x9	  x0:0x00000000  x9:0x80021e64 x26=0x00000000
      812879000	     40542	80007de2	8f99	c.sub	x15,x14	 x15:0x00000001 x14:0x74d6ccb4 x15=0x8b29334d
      812899000	     40543	80007de4	00749633	sll	x12,x9,x7	  x9:0x80021e64  x7:0xffde1dcc x12=0x21e64000
      812919000	     40544	80007de8	00001c17	auipc	x24,0x1	 x24=0x80008de8
      813039000	     40550	80007dec	b7ec0c13	addi	x24,x24,-1154	 x24:0x80008de8 x24=0x80008966
      813059000	     40551	80007df0	00761013	slli	x0,x12,0x7	 x12:0x21e64000  x0=0x00000000
      813079000	     40552	80007df4	7c362093	slti	x1,x12,1987	 x12:0x21e64000  x1=0x00000000
      813139000	     40555	80007df8	002f7433	and	x8,x30,x2	 x30:0x80025ce4  x2:0x80025ce4  x8=0x80025ce4
      813159000	     40556	80007dfc	0080a0b3	slt	x1,x1,x8	  x1:0x00000000  x8:0x80025ce4  x1=0x00000000
      814239000	     40610	80007e00	02b3f1b3	remu	x3,x7,x11	  x7:0xffde1dcc x11:0x894eacb4  x3=0x768f7118
      814259000	     40611	80007e04	1c8c0c13	addi	x24,x24,456	 x24:0x80008966 x24=0x80008b2e
      814279000	     40612	80007e08	00108233	add	x4,x1,x1	  x1:0x00000000  x1:0x00000000  x4=0x00000000
      814319000	     40614	80007e0c	03ad7333	remu	x6,x26,x26	 x26:0x00000000 x26:0x00000000  x6=0x00000000
      814339000	     40615	80007e10	171c	c.addi4spn	x15,x2,928	 x15=0x80026084
      814359000	     40616	80007e12	01e40533	add	x10,x8,x30	  x8:0x80025ce4 x30:0x80025ce4 x10=0x0004b9c8
      814579000	     40627	80007e16	e39c0767	jalr	x14,-455(x24)	 x24:0x80008b2e x14=0x80007e1a
      815219000	     40659	80008966	14a1	c.addi	x9,-24	  x9:0x80021e64  x9=0x80021e4c
      815419000	     40669	80008968	028aa833	mulhsu	x16,x21,x8	 x21:0x7fdc03a8  x8:0x80025ce4 x16=0x3fef2ff0
      815439000	     40670	8000896c	86ad	c.srai	x13,0xb	 x13:0x80025dfc x13=0xfff0004b
      815479000	     40672	8000896e	02943b33	mulhu	x22,x8,x9	  x8:0x80025ce4  x9:0x80021e4c x22=0x40023d9d
      815599000	     40678	80008972	c0d8	c.sw	x14,4(x9)	  x9:0x80021e4c x14:0x80007e1a PA:0x80021e50 store:0x80007e1a load:0xffffffff
      815619000	     40679	80008974	6f99	c.lui	x31,0x6	 x31=0x00006000
      815639000	     40680	80008976	8e75	c.and	x12,x13	 x12:0x21e64000 x13:0xfff0004b x12=0x21e00000
      815659000	     40681	80008978	412a8933	sub	x18,x21,x18	 x21:0x7fdc03a8 x18:0x768f7118 x18=0x094c9290
      815679000	     40682	8000897c	8c39	c.xor	x8,x14	  x8:0x80025ce4 x14:0x80007e1a  x8=0x000222fe
      815959000	     40696	8000897e	1eb85d97	auipc	x27,0x1eb85	 x27=0x9eb8d97e
      815979000	     40697	80008982	1f08	c.addi4spn	x10,x2,944	 x10=0x80026094
      815999000	     40698	80008984	973e	c.add	x14,x15	 x14:0x80007e1a x15:0x80026084 x14=0x0002de9e
      817119000	     40754	80008986	036bd8b3	divu	x17,x23,x22	 x23:0x0007fef1 x22:0x40023d9d x17=0x00000000
      817139000	     40755	8000898a	00e69463	bne	x13,x14,80008992	 x13:0xfff0004b x14:0x0002de9e
      817919000	     40794	80008992	02a446b3	div	x13,x8,x10	  x8:0x000222fe x10:0x80026094 x13=0x00000000
      817939000	     40795	80008996	ca01	c.beqz	x12,800089a6	 x12:0x21e00000
      817959000	     40796	80008998	0001	c.addi	x0,0	  x0:0x00000000  x0=0x00000000
      817979000	     40797	8000899a	03846963	bltu	x8,x24,800089cc	  x8:0x000222fe x24:0x80008b2e
      818639000	     40830	800089cc	00859ab3	sll	x21,x11,x8	 x11:0x894eacb4  x8:0x000222fe x21=0x00000000
      828499000	     41323	800089d0	02bf2e33	mulhsu	x28,x30,x11	 x30:0x80025ce4 x11:0x894eacb4 x28=0xbb59ee15
      828539000	     41325	800089d4	0215b8b3	mulhu	x17,x11,x1	 x11:0x894eacb4  x1:0x00000000 x17=0x00000000
      828559000	     41326	800089d8	6dddec97	auipc	x25,0x6ddde	 x25=0xedde69d8
      828579000	     41327	800089dc	0e36	c.slli	x28,0xd	 x28:0xbb59ee15 x28=0x3dc2a000
      829539000	     41375	800089de	02a36b33	rem	x22,x6,x10	  x6:0x00000000 x10:0x80026094 x22=0x00000000
      829559000	     41376	800089e2	01185513	srli	x10,x16,0x11	 x16:0x3fef2ff0 x10=0x00001ff7
      829579000	     41377	800089e6	01373cb3	sltu	x25,x14,x19	 x14:0x0002de9e x19:0x7fdc03a9 x25=0x00000001
      829599000	     41378	800089ea	00ca2ab3	slt	x21,x20,x12	 x20:0xfaacb724 x12:0x21e00000 x21=0x00000001
      829619000	     41379	800089ee	8e89	c.sub	x13,x10	 x13:0x00000000 x10:0x00001ff7 x13=0xffffe009
      829639000	     41380	800089f0	01616e63	bltu	x2,x22,80008a0c	  x2:0x80025ce4 x22:0x00000000
      829659000	     41381	800089f4	01f70633	add	x12,x14,x31	 x14:0x0002de9e x31:0x00006000 x12=0x00033e9e
      829679000	     41382	800089f8	56e77e97	auipc	x29,0x56e77	 x29=0xd6e7f9f8
      829919000	     41394	800089fc	0508	c.addi4spn	x10,x2,640	 x10=0x80025f64
      829939000	     41395	800089fe	44ac2413	slti	x8,x24,1098	 x24:0x80008b2e  x8=0x00000001
      829959000	     41396	80008a02	50fd	c.li	x1,-1	  x1=0xffffffff
      829979000	     41397	80008a04	00de6bb3	or	x23,x28,x13	 x28:0x3dc2a000 x13:0xffffe009 x23=0xffffe009
      830019000	     41399	80008a08	99a44513	xori	x10,x8,-1638	  x8:0x00000001 x10=0xfffff99b
      830039000	     41400	80008a0c	01c412b3	sll	x5,x8,x28	  x8:0x00000001 x28:0x3dc2a000  x5=0x00000001
      830079000	     41402	80008a10	012e	c.slli	x2,0xb	  x2:0x80025ce4  x2=0x12e72000
      830179000	     41407	80008a12	033b5663	bge	x22,x19,80008a3e	 x22:0x00000000 x19:0x7fdc03a9
      830199000	     41408	80008a16	40f5	c.li	x1,29	  x1=0x0000001d
      830379000	     41417	80008a18	005120b3	slt	x1,x2,x5	  x2:0x12e72000  x5:0x00000001  x1=0x00000000
      830579000	     41427	80008a1c	02f4a733	mulhsu	x14,x9,x15	  x9:0x80021e4c x15:0x80026084 x14=0xbfffdee9
      830599000	     41428	80008a20	1e10	c.addi4spn	x12,x2,816	 x12=0x12e72330
      830619000	     41429	80008a22	0310	c.addi4spn	x12,x2,384	 x12=0x12e72180
      830659000	     41431	80008a24	0319d833	divu	x16,x19,x17	 x19:0x7fdc03a9 x17:0x00000000 x16=0xffffffff
      831399000	     41468	80008a28	023c5bb3	divu	x23,x24,x3	 x24:0x80008b2e  x3:0x768f7118 x23=0x00000001
      831439000	     41470	80008a2c	0361e433	rem	x8,x3,x22	  x3:0x768f7118 x22:0x00000000  x8=0x768f7118
      831459000	     41471	80008a30	0001	c.addi	x0,0	  x0:0x00000000  x0=0x00000000
      831479000	     41472	80008a32	0069fe33	and	x28,x19,x6	 x19:0x7fdc03a9  x6:0x00000000 x28=0x00000000
      831499000	     41473	80008a36	01d40db3	add	x27,x8,x29	  x8:0x768f7118 x29:0xd6e7f9f8 x27=0x4d776b10
      831519000	     41474	80008a3a	cb99	c.beqz	x15,80008a50	 x15:0x80026084
      831539000	     41475	80008a3c	1ffd	c.addi	x31,-1	 x31:0x00006000 x31=0x00005fff
      831579000	     41477	80008a3e	0000100f	fence.i	
      832459000	     41521	80008a42	036b7233	remu	x4,x22,x22	 x22:0x00000000 x22:0x00000000  x4=0x00000000
      832859000	     41541	80008a46	003db7b3	sltu	x15,x27,x3	 x27:0x4d776b10  x3:0x768f7118 x15=0x00000001
      833279000	     41562	80008a4a	00c5db63	bge	x11,x12,80008a60	 x11:0x894eacb4 x12:0x12e72180
      833299000	     41563	80008a4e	6aa9	c.lui	x21,0xa	 x21=0x0000a000
      833319000	     41564	80008a50	6fd08c97	auipc	x25,0x6fd08	 x25=0xefd10a50
      833339000	     41565	80008a54	003d70b3	and	x1,x26,x3	 x26:0x00000000  x3:0x768f7118  x1=0x00000000
      833739000	     41585	80008a58	4125d213	srai	x4,x11,0x12	 x11:0x894eacb4  x4=0xffffe253
      834159000	     41606	80008a5c	00a00d63	beq	x0,x10,80008a76	  x0:0x00000000 x10:0xfffff99b
      834179000	     41607	80008a60	03cc08b3	mul	x17,x24,x28	 x24:0x80008b2e x28:0x00000000 x17=0x00000000
      834199000	     41608	80008a64	03195e63	bge	x18,x17,80008aa0	 x18:0x094c9290 x17:0x00000000
      834699000	     41633	80008aa0	5dac7d93	andi	x27,x24,1498	 x24:0x80008b2e x27=0x0000010a
      834799000	     41638	80008aa4	0cf2	c.slli	x25,0x1c	 x25:0xefd10a50 x25=0x00000000
      834819000	     41639	80008aa6	000b7333	and	x6,x22,x0	 x22:0x00000000  x0:0x00000000  x6=0x00000000
      834839000	     41640	80008aaa	0001	c.addi	x0,0	  x0:0x00000000  x0=0x00000000
      834859000	     41641	80008aac	01871093	slli	x1,x14,0x18	 x14:0xbfffdee9  x1=0xe9000000
      834979000	     41647	80008ab0	03d9ec63	bltu	x19,x29,80008ae8	 x19:0x7fdc03a9 x29:0xd6e7f9f8
      835719000	     41684	80008ae8	e719	c.bnez	x14,80008af6	 x14:0xbfffdee9
      836019000	     41699	80008af6	8fad	c.xor	x15,x11	 x15:0x00000001 x11:0x894eacb4 x15=0x894eacb5
      836139000	     41705	80008af8	9a7d	c.andi	x12,-1	 x12:0x12e72180 x12=0x12e72180
      836159000	     41706	80008afa	c239	c.beqz	x12,80008b40	 x12:0x12e72180
      836899000	     41743	80008afc	0358ca33	div	x20,x17,x21	 x17:0x00000000 x21:0x0000a000 x20=0x00000000
      836919000	     41744	80008b00	35708517	auipc	x10,0x35708	 x10=0xb5710b00
      836939000	     41745	80008b04	8442	c.mv	x8,x16	  x0:0x00000000 x16:0xffffffff  x8=0xffffffff
      836959000	     41746	80008b06	418b5033	sra	x0,x22,x24	 x22:0x00000000 x24:0x80008b2e  x0=0x00000000
      836979000	     41747	80008b0a	00455b63	bge	x10,x4,80008b20	 x10:0xb5710b00  x4:0xffffe253
      836999000	     41748	80008b0e	8c4d	c.or	x8,x11	  x8:0xffffffff x11:0x894eacb4  x8=0xffffffff
      837019000	     41749	80008b10	0001	c.addi	x0,0	  x0:0x00000000  x0=0x00000000
      837039000	     41750	80008b12	717d	c.addi16sp	x2,-16	  x2:0x12e72000  x2=0x12e71ff0
      837059000	     41751	80008b14	0ea52713	slti	x14,x10,234	 x10:0xb5710b00 x14=0x00000001
      837079000	     41752	80008b18	025b02b3	mul	x5,x22,x5	 x22:0x00000000  x5:0x00000001  x5=0x00000000
      837139000	     41755	80008b1c	4194dc93	srai	x25,x9,0x19	  x9:0x80021e4c x25=0xffffffc0
      837299000	     41763	80008b20	01ead8b3	srl	x17,x21,x30	 x21:0x0000a000 x30:0x80025ce4 x17=0x00000a00
      837339000	     41765	80008b24	03692db3	mulhsu	x27,x18,x22	 x18:0x094c9290 x22:0x00000000 x27=0x00000000
      837359000	     41766	80008b28	003168b3	or	x17,x2,x3	  x2:0x12e71ff0  x3:0x768f7118 x17=0x76ef7ff8
      837519000	     41774	80008b2c	00d408b3	add	x17,x8,x13	  x8:0xffffffff x13:0xffffe009 x17=0xffffe008
      837739000	     41785	80008b30	03a73133	mulhu	x2,x14,x26	 x14:0x00000001 x26:0x00000000  x2=0x00000000
      837759000	     41786	80008b34	01e650b3	srl	x1,x12,x30	 x12:0x12e72180 x30:0x80025ce4  x1=0x012e7218
      837779000	     41787	80008b38	41e407b3	sub	x15,x8,x30	  x8:0xffffffff x30:0x80025ce4 x15=0x7ffda31b
      838519000	     41824	80008b3c	03797cb3	remu	x25,x18,x23	 x18:0x094c9290 x23:0x00000001 x25=0x00000000
      838559000	     41826	80008b40	03cf71b3	remu	x3,x30,x28	 x30:0x80025ce4 x28:0x00000000  x3=0x80025ce4
      838579000	     41827	80008b44	717d	c.addi16sp	x2,-16	  x2:0x00000000  x2=0xfffffff0
      838599000	     41828	80008b46	8539	c.srai	x10,0xe	 x10:0xb5710b00 x10=0xfffed5c4
      838619000	     41829	80008b48	01eb77b3	and	x15,x22,x30	 x22:0x00000000 x30:0x80025ce4 x15=0x00000000
      839359000	     41866	80008b4c	0319f7b3	remu	x15,x19,x17	 x19:0x7fdc03a9 x17:0xffffe008 x15=0x7fdc03a9
      839379000	     41867	80008b50	8d75	c.and	x10,x13	 x10:0xfffed5c4 x13:0xffffe009 x10=0xfffec000
      839399000	     41868	80008b52	6115	c.addi16sp	x2,288	  x2:0xfffffff0  x2=0x00000110
      839419000	     41869	80008b54	40a90733	sub	x14,x18,x10	 x18:0x094c9290 x10:0xfffec000 x14=0x094dd290
      839439000	     41870	80008b58	0169d463	bge	x19,x22,80008b60	 x19:0x7fdc03a9 x22:0x00000000
      839479000	     41872	80008b60	005d41b3	xor	x3,x26,x5	 x26:0x00000000  x5:0x00000000  x3=0x00000000
      839499000	     41873	80008b64	017a	c.slli	x2,0x1e	  x2:0x00000110  x2=0x00000000
      839519000	     41874	80008b66	8e71	c.and	x12,x12	 x12:0x12e72180 x12:0x12e72180 x12=0x12e72180
      840279000	     41912	80008b68	02da4333	div	x6,x20,x13	 x20:0x00000000 x13:0xffffe009  x6=0x00000000
      840299000	     41913	80008b6c	02ef0333	mul	x6,x30,x14	 x30:0x80025ce4 x14:0x094dd290  x6=0xe61b4840
      840319000	     41914	80008b70	02ce8a63	beq	x29,x12,80008ba4	 x29:0xd6e7f9f8 x12:0x12e72180
      840339000	     41915	80008b74	4067d513	srai	x10,x15,0x6	 x15:0x7fdc03a9 x10=0x01ff700e
      840359000	     41916	80008b78	d3606393	ori	x7,x0,-714	  x0:0x00000000  x7=0xfffffd36
      840379000	     41917	80008b7c	ea0d	c.bnez	x12,80008bae	 x12:0x12e72180
      841479000	     41972	80008bae	8fa1	c.xor	x15,x8	 x15:0x7fdc03a9  x8:0xffffffff x15=0x8023fc56
      841699000	     41983	80008bb0	03850133	mul	x2,x10,x24	 x10:0x01ff700e x24:0x80008b2e  x2=0x0dbdbc84
      841779000	     41987	80008bb4	fbdbef93	ori	x31,x23,-67	 x23:0x00000001 x31=0xffffffbd
      841799000	     41988	80008bb8	876a	c.mv	x14,x26	  x0:0x00000000 x26:0x00000000 x14=0x00000000
      841819000	     41989	80008bba	eb19	c.bnez	x14,80008bd0	 x14:0x00000000
      841859000	     41991	80008bbc	015f8c63	beq	x31,x21,80008bd4	 x31:0xffffffbd x21:0x0000a000
      841879000	     41992	80008bc0	41f75d33	sra	x26,x14,x31	 x14:0x00000000 x31:0xffffffbd x26=0x00000000
      842159000	     42006	80008bc4	0079e733	or	x14,x19,x7	 x19:0x7fdc03a9  x7:0xfffffd36 x14=0xffffffbf
      842179000	     42007	80008bc8	41d152b3	sra	x5,x2,x29	  x2:0x0dbdbc84 x29:0xd6e7f9f8  x5=0x0000000d
      842599000	     42028	80008bcc	010e6cb3	or	x25,x28,x16	 x28:0x00000000 x16:0xffffffff x25=0xffffffff
      842619000	     42029	80008bd0	40ae5ab3	sra	x21,x28,x10	 x28:0x00000000 x10:0x01ff700e x21=0x00000000
      842799000	     42038	80008bd4	b9cca913	slti	x18,x25,-1124	 x25:0xffffffff x18=0x00000000
      842819000	     42039	80008bd8	b9abc893	xori	x17,x23,-1126	 x23:0x00000001 x17=0xfffffb9b
      842939000	     42045	80008bdc	03a75e63	bge	x14,x26,80008c18	 x14:0xffffffbf x26:0x00000000
      842959000	     42046	80008be0	0a4a	c.slli	x20,0x12	 x20:0x00000000 x20=0x00000000
      842979000	     42047	80008be2	03a5	c.addi	x7,9	  x7:0xfffffd36  x7=0xfffffd3f
      842999000	     42048	80008be4	0013d793	srli	x15,x7,0x1	  x7:0xfffffd3f x15=0x7ffffe9f
      843139000	     42055	80008be8	031d7163	bgeu	x26,x17,80008c0a	 x26:0x00000000 x17:0xfffffb9b
      843159000	     42056	80008bec	8d15	c.sub	x10,x13	 x10:0x01ff700e x13:0xffffe009 x10=0x01ff9005
      843199000	     42058	80008bee	950eb513	sltiu	x10,x29,-1712	 x29:0xd6e7f9f8 x10=0x00000001
      843459000	     42071	80008bf2	de15eab7	lui	x21,0xde15e	 x21=0xde15e000
      843899000	     42093	80008bf6	03bfb033	mulhu	x0,x31,x27	 x31:0xffffffbd x27:0x00000000  x0=0x00000000
      844299000	     42113	80008bfa	d7d82093	slti	x1,x16,-643	 x16:0xffffffff  x1=0x00000000
      844319000	     42114	80008bfe	00cbe2b3	or	x5,x23,x12	 x23:0x00000001 x12:0x12e72180  x5=0x12e72181
      844339000	     42115	80008c02	0001	c.addi	x0,0	  x0:0x00000000  x0=0x00000000
      844359000	     42116	80008c04	9572	c.add	x10,x28	 x10:0x00000001 x28:0x00000000 x10=0x00000001
      844379000	     42117	80008c06	ef1d	c.bnez	x14,80008c44	 x14:0xffffffbf
      844659000	     42131	80008c44	8ffd	c.and	x15,x15	 x15:0x7ffffe9f x15:0x7ffffe9f x15=0x7ffffe9f
      844719000	     42134	80008c46	b8c86393	ori	x7,x16,-1140	 x16:0xffffffff  x7=0xffffffff
      844739000	     42135	80008c4a	0103b013	sltiu	x0,x7,16	  x7:0xffffffff  x0=0x00000000
      844759000	     42136	80008c4e	8eb5	c.xor	x13,x13	 x13:0xffffe009 x13:0xffffe009 x13=0x00000000
      845099000	     42153	80008c50	8577b513	sltiu	x10,x15,-1961	 x15:0x7ffffe9f x10=0x00000001
      845119000	     42154	80008c54	0001	c.addi	x0,0	  x0:0x00000000  x0=0x00000000
      845139000	     42155	80008c56	9efe	c.add	x29,x31	 x29:0xd6e7f9f8 x31:0xffffffbd x29=0xd6e7f9b5
      845159000	     42156	80008c58	0001	c.addi	x0,0	  x0:0x00000000  x0=0x00000000
      845179000	     42157	80008c5a	8c1d	c.sub	x8,x15	  x8:0xffffffff x15:0x7ffffe9f  x8=0x80000160
      845199000	     42158	80008c5c	344acd13	xori	x26,x21,836	 x21:0xde15e000 x26=0xde15e344
      845219000	     42159	80008c60	0a5e	c.slli	x20,0x17	 x20:0x00000000 x20=0x00000000
      845239000	     42160	80008c62	3ea36213	ori	x4,x6,1002	  x6:0xe61b4840  x4=0xe61b4bea
      845259000	     42161	80008c66	1200	c.addi4spn	x8,x2,288	  x8=0x0dbdbda4
      845459000	     42171	80008c68	41e25393	srai	x7,x4,0x1e	  x4:0xe61b4bea  x7=0xffffffff
      846339000	     42215	80008c6c	03105bb3	divu	x23,x0,x17	  x0:0x00000000 x17:0xfffffb9b x23=0x00000000
      846379000	     42217	80008c70	03faaa33	mulhsu	x20,x21,x31	 x21:0xde15e000 x31:0xffffffbd x20=0xde15e008
      846439000	     42220	80008c74	40d8	c.lw	x14,4(x9)	  x9:0x80021e4c x14=0x80007e1a PA:0x80021e50 load:0x80007e1a
      846459000	     42221	80008c76	016c5d33	srl	x26,x24,x22	 x24:0x80008b2e x22:0x00000000 x26=0x80008b2e
      846479000	     42222	80008c7a	83b5	c.srli	x15,0xd	 x15:0x7ffffe9f x15=0x0003ffff
      846499000	     42223	80008c7c	6c71	c.lui	x24,0x1c	 x24=0x0001c000
      846519000	     42224	80008c7e	0ff0000f	fence	iorw,iorw	
      846539000	     42225	80008c82	04e1	c.addi	x9,24	  x9:0x80021e4c  x9=0x80021e64
      846559000	     42226	80008c84	93de	c.add	x7,x23	  x7:0xffffffff x23:0x00000000  x7=0xffffffff
      846579000	     42227	80008c86	8c51	c.or	x8,x12	  x8:0x0dbdbda4 x12:0x12e72180  x8=0x1fffbda4
      846599000	     42228	80008c88	00170293	addi	x5,x14,1	 x14:0x80007e1a  x5=0x80007e1b
      846619000	     42229	80008c8c	000282e7	jalr	x5,0(x5)	  x5:0x80007e1b  x5=0x80008c90
      847859000	     42291	80007e1a	1f14	c.addi4spn	x13,x2,944	 x13=0x0dbdc034
      848039000	     42300	80007e1c	10de3293	sltiu	x5,x28,269	 x28:0x00000000  x5=0x00000001
      848059000	     42301	80007e20	0001	c.addi	x0,0	  x0:0x00000000  x0=0x00000000
      848079000	     42302	80007e22	d95bc437	lui	x8,0xd95bc	  x8=0xd95bc000
      848199000	     42308	80007e26	0ff0000f	fence	iorw,iorw	
      848219000	     42309	80007e2a	c799	c.beqz	x15,80007e38	 x15:0x0003ffff
      848239000	     42310	80007e2c	415c5d33	sra	x26,x24,x21	 x24:0x0001c000 x21:0xde15e000 x26=0x0001c000
      848259000	     42311	80007e30	01324ab3	xor	x21,x4,x19	  x4:0xe61b4bea x19:0x7fdc03a9 x21=0x99c74843
      848299000	     42313	80007e34	0000100f	fence.i	
      848579000	     42327	80007e38	8ab1c093	xori	x1,x3,-1877	  x3:0x00000000  x1=0xfffff8ab
      848639000	     42330	80007e3c	02579433	mulh	x8,x15,x5	 x15:0x0003ffff  x5:0x00000001  x8=0x00000000
      848719000	     42334	80007e40	00c61113	slli	x2,x12,0xc	 x12:0x12e72180  x2=0x72180000
      848739000	     42335	80007e44	01881bb3	sll	x23,x16,x24	 x16:0xffffffff x24:0x0001c000 x23=0xffffffff
      848759000	     42336	80007e48	0062b6b3	sltu	x13,x5,x6	  x5:0x00000001  x6:0xe61b4840 x13=0x00000001
      848819000	     42339	80007e4c	857a	c.mv	x10,x30	  x0:0x00000000 x30:0x80025ce4 x10=0x80025ce4
      848839000	     42340	80007e4e	8e41	c.or	x12,x8	 x12:0x12e72180  x8:0x00000000 x12=0x12e72180
      848859000	     42341	80007e50	9422	c.add	x8,x8	  x8:0x00000000  x8:0x00000000  x8=0x00000000
      848879000	     42342	80007e52	cd15	c.beqz	x10,80007e8e	 x10:0x80025ce4
      848899000	     42343	80007e54	6cf1	c.lui	x25,0x1c	 x25=0x0001c000
      848979000	     42347	80007e56	02402db3	mulhsu	x27,x0,x4	  x0:0x00000000  x4:0xe61b4bea x27=0x00000000
      848999000	     42348	80007e5a	8ef5	c.and	x13,x13	 x13:0x00000001 x13:0x00000001 x13=0x00000001
      849019000	     42349	80007e5c	00662933	slt	x18,x12,x6	 x12:0x12e72180  x6:0xe61b4840 x18=0x00000000
      849039000	     42350	80007e60	0001	c.addi	x0,0	  x0:0x00000000  x0=0x00000000
      849179000	     42357	80007e62	03c3e7b3	rem	x15,x7,x28	  x7:0xffffffff x28:0x00000000 x15=0xffffffff
      849199000	     42358	80007e66	411687b3	sub	x15,x13,x17	 x13:0x00000001 x17:0xfffffb9b x15=0x00000466
      849599000	     42378	80007e6a	0c504d13	xori	x26,x0,197	  x0:0x00000000 x26=0x000000c5
      849619000	     42379	80007e6e	cb15	c.beqz	x14,80007ea2	 x14:0x80007e1a
      849879000	     42392	80007e70	0001	c.addi	x0,0	  x0:0x00000000  x0=0x00000000
      849899000	     42393	80007e72	0055f9b3	and	x19,x11,x5	 x11:0x894eacb4  x5:0x00000001 x19=0x00000000
      849999000	     42398	80007e76	00d51433	sll	x8,x10,x13	 x10:0x80025ce4 x13:0x00000001  x8=0x0004b9c8
      850019000	     42399	80007e7a	c681	c.beqz	x13,80007e82	 x13:0x00000001
      850079000	     42402	80007e7c	5afd	c.li	x21,-1	 x21=0xffffffff
      850279000	     42412	80007e7e	00adcf63	blt	x27,x10,80007e9c	 x27:0x00000000 x10:0x80025ce4
      850299000	     42413	80007e82	8ae1	c.andi	x13,24	 x13:0x00000001 x13=0x00000000
      850599000	     42428	80007e84	6f9d	c.lui	x31,0x7	 x31=0x00007000
      850619000	     42429	80007e86	010b3633	sltu	x12,x22,x16	 x22:0x00000000 x16:0xffffffff x12=0x00000001
      851039000	     42450	80007e8a	03771b63	bne	x14,x23,80007ec0	 x14:0x80007e1a x23:0xffffffff
      851519000	     42474	80007ec0	02a66d63	bltu	x12,x10,80007efa	 x12:0x00000001 x10:0x80025ce4
      868619000	     43329	80007efa	012ca333	slt	x6,x25,x18	 x25:0x0001c000 x18:0x00000000  x6=0x00000000
      868639000	     43330	80007efe	e29d	c.bnez	x13,80007f24	 x13:0x00000000
      868659000	     43331	80007f00	0024d413	srli	x8,x9,0x2	  x9:0x80021e64  x8=0x20008799
      868679000	     43332	80007f04	01d683b3	add	x7,x13,x29	 x13:0x00000000 x29:0xd6e7f9b5  x7=0xd6e7f9b5
      869099000	     43353	80007f08	0002d993	srli	x19,x5,0x0	  x5:0x00000001 x19=0x00000001
      869119000	     43354	80007f0c	003a8cb3	add	x25,x21,x3	 x21:0xffffffff  x3:0x00000000 x25=0xffffffff
      869139000	     43355	80007f10	33577613	andi	x12,x14,821	 x14:0x80007e1a x12=0x00000210
      869159000	     43356	80007f14	003af833	and	x16,x21,x3	 x21:0xffffffff  x3:0x00000000 x16=0x00000000
      869179000	     43357	80007f18	37317b13	andi	x22,x2,883	  x2:0x72180000 x22=0x00000000
      869199000	     43358	80007f1c	418f0db3	sub	x27,x30,x24	 x30:0x80025ce4 x24:0x0001c000 x27=0x80009ce4
      869299000	     43363	80007f20	0ff0000f	fence	iorw,iorw	
      869459000	     43371	80007f24	022ae063	bltu	x21,x2,80007f44	 x21:0xffffffff  x2:0x72180000
      869599000	     43378	80007f28	00356ab3	or	x21,x10,x3	 x10:0x80025ce4  x3:0x00000000 x21=0x80025ce4
      869619000	     43379	80007f2c	e689	c.bnez	x13,80007f36	 x13:0x00000000
      869639000	     43380	80007f2e	8a69	c.andi	x12,26	 x12:0x00000210 x12=0x00000010
      869659000	     43381	80007f30	40ba8bb3	sub	x23,x21,x11	 x21:0x80025ce4 x11:0x894eacb4 x23=0xf6b3b030
      870019000	     43399	80007f34	8d35	c.xor	x10,x13	 x10:0x80025ce4 x13:0x00000000 x10=0x80025ce4
      870039000	     43400	80007f36	919a	c.add	x3,x6	  x3:0x00000000  x6:0x00000000  x3=0x00000000
      870059000	     43401	80007f38	001c29b3	slt	x19,x24,x1	 x24:0x0001c000  x1:0xfffff8ab x19=0x00000000
      870219000	     43409	80007f3c	3a91b837	lui	x16,0x3a91b	 x16=0x3a91b000
      870239000	     43410	80007f40	bd6a7113	andi	x2,x20,-1066	 x20:0xde15e008  x2=0xde15e000
      870259000	     43411	80007f44	8a12	c.mv	x20,x4	  x0:0x00000000  x4:0xe61b4bea x20=0xe61b4bea
      870279000	     43412	80007f46	587d	c.li	x16,-1	 x16=0xffffffff
      870299000	     43413	80007f48	00445693	srli	x13,x8,0x4	  x8:0x20008799 x13=0x02000879
      870319000	     43414	80007f4c	0000100f	fence.i	
      870459000	     43421	80007f50	02ac9e33	mulh	x28,x25,x10	 x25:0xffffffff x10:0x80025ce4 x28=0x00000000
      870479000	     43422	80007f54	0129b7b3	sltu	x15,x19,x18	 x19:0x00000000 x18:0x00000000 x15=0x00000000
      870879000	     43442	80007f58	9fb2	c.add	x31,x12	 x31:0x00007000 x12:0x00000010 x31=0x00007010
      870899000	     43443	80007f5a	9a4c2cb7	lui	x25,0x9a4c2	 x25=0x9a4c2000
      870919000	     43444	80007f5e	8fa9	c.xor	x15,x10	 x15:0x00000000 x10:0x80025ce4 x15=0x80025ce4
      870979000	     43447	80007f60	002937b3	sltu	x15,x18,x2	 x18:0x00000000  x2:0xde15e000 x15=0x00000001
      870999000	     43448	80007f64	17daa313	slti	x6,x21,381	 x21:0x80025ce4  x6=0x00000001
      871019000	     43449	80007f68	009e8533	add	x10,x29,x9	 x29:0xd6e7f9b5  x9:0x80021e64 x10=0x56ea1819
      871439000	     43470	80007f6c	024e3c33	mulhu	x24,x28,x4	 x28:0x00000000  x4:0xe61b4bea x24=0x00000000
      871579000	     43477	80007f70	0001	c.addi	x0,0	  x0:0x00000000  x0=0x00000000
      871719000	     43484	80007f72	00b297b3	sll	x15,x5,x11	  x5:0x00000001 x11:0x894eacb4 x15=0x00100000
      871739000	     43485	80007f76	01e28d33	add	x26,x5,x30	  x5:0x00000001 x30:0x80025ce4 x26=0x80025ce5
      871759000	     43486	80007f7a	b71112b7	lui	x5,0xb7111	  x5=0xb7111000
      871899000	     43493	80007f7e	5d1c9a97	auipc	x21,0x5d1c9	 x21=0xdd1d0f7e
      872139000	     43505	80007f82	02997863	bgeu	x18,x9,80007fb2	 x18:0x00000000  x9:0x80021e64
      872579000	     43527	80007f86	0363cb33	div	x22,x7,x22	  x7:0xd6e7f9b5 x22:0x00000000 x22=0xffffffff
      873319000	     43564	80007f8a	02d3d9b3	divu	x19,x7,x13	  x7:0xd6e7f9b5 x13:0x02000879 x19=0x0000006b
      873339000	     43565	80007f8e	99bf2213	slti	x4,x30,-1637	 x30:0x80025ce4  x4=0x00000001
      873359000	     43566	80007f92	17fd	c.addi	x15,-1	 x15:0x00100000 x15=0x000fffff
      873379000	     43567	80007f94	0ff0000f	fence	iorw,iorw	
      873399000	     43568	80007f98	a5a42c97	auipc	x25,0xa5a42	 x25=0x25a49f98
      873419000	     43569	80007f9c	717d	c.addi16sp	x2,-16	  x2:0xde15e000  x2=0xde15dff0
      873439000	     43570	80007f9e	1d910713	addi	x14,x2,473	  x2:0xde15dff0 x14=0xde15e1c9
      873459000	     43571	80007fa2	02b70263	beq	x14,x11,80007fc6	 x14:0xde15e1c9 x11:0x894eacb4
      873899000	     43593	80007fa6	0ff0000f	fence	iorw,iorw	
      874319000	     43614	80007faa	0000100f	fence.i	
      874739000	     43635	80007fae	03e0b933	mulhu	x18,x1,x30	  x1:0xfffff8ab x30:0x80025ce4 x18=0x80025939
      874799000	     43638	80007fb2	19290613	addi	x12,x18,402	 x18:0x80025939 x12=0x80025acb
      875919000	     43694	80007fb6	025d6433	rem	x8,x26,x5	 x26:0x80025ce5  x5:0xb7111000  x8=0xc8f14ce5
      876659000	     43731	80007fba	0219f7b3	remu	x15,x19,x1	 x19:0x0000006b  x1:0xfffff8ab x15=0x0000006b
      876679000	     43732	80007fbe	cb9d	c.beqz	x15,80007ff4	 x15:0x0000006b
      876699000	     43733	80007fc0	00720863	beq	x4,x7,80007fd0	  x4:0x00000001  x7:0xd6e7f9b5
      876719000	     43734	80007fc4	0001	c.addi	x0,0	  x0:0x00000000  x0=0x00000000
      876739000	     43735	80007fc6	0ff0000f	fence	iorw,iorw	
      876759000	     43736	80007fca	012deab3	or	x21,x27,x18	 x27:0x80009ce4 x18:0x80025939 x21=0x8002ddfd
      876779000	     43737	80007fce	02c6	c.slli	x5,0x11	  x5:0xb7111000  x5=0x20000000
      876799000	     43738	80007fd0	91a2	c.add	x3,x8	  x3:0x00000000  x8:0xc8f14ce5  x3=0xc8f14ce5
      876819000	     43739	80007fd2	0000100f	fence.i	
      876899000	     43743	80007fd6	00611233	sll	x4,x2,x6	  x2:0xde15dff0  x6:0x00000001  x4=0xbc2bbfe0
      876919000	     43744	80007fda	0e08	c.addi4spn	x10,x2,784	 x10=0xde15e300
      877339000	     43765	80007fdc	0001	c.addi	x0,0	  x0:0x00000000  x0=0x00000000
      877359000	     43766	80007fde	40b0d733	sra	x14,x1,x11	  x1:0xfffff8ab x11:0x894eacb4 x14=0xffffffff
      877379000	     43767	80007fe2	00866ab3	or	x21,x12,x8	 x12:0x80025acb  x8:0xc8f14ce5 x21=0xc8f35eef
      877479000	     43772	80007fe6	01dcd263	bge	x25,x29,80007fea	 x25:0x25a49f98 x29:0xd6e7f9b5
      877699000	     43783	80007fea	0ff0000f	fence	iorw,iorw	
      877719000	     43784	80007fee	0001	c.addi	x0,0	  x0:0x00000000  x0=0x00000000
      878119000	     43804	80007ff0	036b0cb3	mul	x25,x22,x22	 x22:0xffffffff x22:0xffffffff x25=0x00000001
      878159000	     43806	80007ff4	020f7db3	remu	x27,x30,x0	 x30:0x80025ce4  x0:0x00000000 x27=0x80025ce4
      878519000	     43824	80007ff8	018a8fb3	add	x31,x21,x24	 x21:0xc8f35eef x24:0x00000000 x31=0xc8f35eef
      878539000	     43825	80007ffc	1190	c.addi4spn	x12,x2,224	 x12=0xde15e0d0
      878739000	     43835	80007ffe	00c393b3	sll	x7,x7,x12	  x7:0xd6e7f9b5 x12:0xde15e0d0  x7=0xf9b50000
      878779000	     43837	80008002	03aea3b3	mulhsu	x7,x29,x26	 x29:0xd6e7f9b5 x26:0x80025ce5  x7=0xeb739bc1
      879199000	     43858	80008006	03689e33	mulh	x28,x17,x22	 x17:0xfffffb9b x22:0xffffffff x28=0x00000000
      879419000	     43869	8000800a	00d62db3	slt	x27,x12,x13	 x12:0xde15e0d0 x13:0x02000879 x27=0x00000001
      879579000	     43877	8000800e	ef143a17	auipc	x20,0xef143	 x20=0x6f14b00e
      879639000	     43880	80008012	021aa333	mulhsu	x6,x21,x1	 x21:0xc8f35eef  x1:0xfffff8ab  x6=0xc8f36082
      879659000	     43881	80008016	0149f233	and	x4,x19,x20	 x19:0x0000006b x20:0x6f14b00e  x4=0x0000000a
      880479000	     43922	8000801a	02c14733	div	x14,x2,x12	  x2:0xde15dff0 x12:0xde15e0d0 x14=0x00000001
      881219000	     43959	8000801e	03e67933	remu	x18,x12,x30	 x12:0xde15e0d0 x30:0x80025ce4 x18=0x5e1383ec
      881239000	     43960	80008022	411f5cb3	sra	x25,x30,x17	 x30:0x80025ce4 x17:0xfffffb9b x25=0xfffffff0
      881259000	     43961	80008026	0001	c.addi	x0,0	  x0:0x00000000  x0=0x00000000
      881279000	     43962	80008028	ae842613	slti	x12,x8,-1304	  x8:0xc8f14ce5 x12=0x00000001
      881299000	     43963	8000802c	0001	c.addi	x0,0	  x0:0x00000000  x0=0x00000000
      881319000	     43964	8000802e	1598	c.addi4spn	x14,x2,736	 x14=0xde15e2d0
      881339000	     43965	80008030	fd37f193	andi	x3,x15,-45	 x15:0x0000006b  x3=0x00000043
      881359000	     43966	80008034	002dd3b3	srl	x7,x27,x2	 x27:0x00000001  x2:0xde15dff0  x7=0x00000000
      881379000	     43967	80008038	cd328b93	addi	x23,x5,-813	  x5:0x20000000 x23=0x1ffffcd3
      881459000	     43971	8000803c	fe477313	andi	x6,x14,-28	 x14:0xde15e2d0  x6=0xde15e2c0
      881619000	     43979	80008040	02be	c.slli	x5,0xf	  x5:0x20000000  x5=0x00000000
      881639000	     43980	80008042	027bee63	bltu	x23,x7,8000807e	 x23:0x1ffffcd3  x7:0x00000000
      881659000	     43981	80008046	8ea9	c.xor	x13,x10	 x13:0x02000879 x10:0xde15e300 x13=0xdc15eb79
      881679000	     43982	80008048	0083aab3	slt	x21,x7,x8	  x7:0x00000000  x8:0xc8f14ce5 x21=0x00000000
      881699000	     43983	8000804c	01cc33b3	sltu	x7,x24,x28	 x24:0x00000000 x28:0x00000000  x7=0x00000000
      881899000	     43993	80008050	00929793	slli	x15,x5,0x9	  x5:0x00000000 x15=0x00000000
      882319000	     44014	80008054	0136ec33	or	x24,x13,x19	 x13:0xdc15eb79 x19:0x0000006b x24=0xdc15eb7b
      882339000	     44015	80008058	40838433	sub	x8,x7,x8	  x7:0x00000000  x8:0xc8f14ce5  x8=0x370eb31b
      882359000	     44016	8000805c	c325b413	sltiu	x8,x11,-974	 x11:0x894eacb4  x8=0x00000001
      882719000	     44034	80008060	00e75e63	bge	x14,x14,8000807c	 x14:0xde15e2d0 x14:0xde15e2d0
      883539000	     44075	8000807c	717d	c.addi16sp	x2,-16	  x2:0xde15dff0  x2=0xde15dfe0
      883599000	     44078	8000807e	037e1a33	mulh	x20,x28,x23	 x28:0x00000000 x23:0x1ffffcd3 x20=0x00000000
      883999000	     44098	80008082	008cc8b3	xor	x17,x25,x8	 x25:0xfffffff0  x8:0x00000001 x17=0xfffffff1
      884019000	     44099	80008086	8722	c.mv	x14,x8	  x0:0x00000000  x8:0x00000001 x14=0x00000001
      884039000	     44100	80008088	8a99	c.andi	x13,6	 x13:0xdc15eb79 x13=0x00000000
      884399000	     44118	8000808a	be357e93	andi	x29,x10,-1053	 x10:0xde15e300 x29=0xde15e300
      884419000	     44119	8000808e	04d50063	beq	x10,x13,800080ce	 x10:0xde15e300 x13:0x00000000
      884439000	     44120	80008092	edb46b93	ori	x23,x8,-293	  x8:0x00000001 x23=0xfffffedb
      884459000	     44121	80008096	03e302b3	mul	x5,x6,x30	  x6:0xde15e2c0 x30:0x80025ce4  x5=0x6e7af300
      884839000	     44140	8000809a	00e11663	bne	x2,x14,800080a6	  x2:0xde15dfe0 x14:0x00000001
      886259000	     44211	800080a6	a570f413	andi	x8,x1,-1449	  x1:0xfffff8ab  x8=0xfffff803
      886359000	     44216	800080aa	010bca33	xor	x20,x23,x16	 x23:0xfffffedb x16:0xffffffff x20=0x00000124
      886379000	     44217	800080ae	00587333	and	x6,x16,x5	 x16:0xffffffff  x5:0x6e7af300  x6=0x6e7af300
      886399000	     44218	800080b2	1afd	c.addi	x21,-1	 x21:0x00000000 x21=0xffffffff
      886419000	     44219	800080b4	019c9433	sll	x8,x25,x25	 x25:0xfffffff0 x25:0xfffffff0  x8=0xfff00000
      886519000	     44224	800080b8	419a5e33	sra	x28,x20,x25	 x20:0x00000124 x25:0xfffffff0 x28=0x00000000
      886559000	     44226	800080bc	007a4fb3	xor	x31,x20,x7	 x20:0x00000124  x7:0x00000000 x31=0x00000124
      886579000	     44227	800080c0	9bfd	c.andi	x15,-1	 x15:0x00000000 x15=0x00000000
      886719000	     44234	800080c2	41ceddb3	sra	x27,x29,x28	 x29:0xde15e300 x28:0x00000000 x27=0xde15e300
      886859000	     44241	800080c6	00b08333	add	x6,x1,x11	  x1:0xfffff8ab x11:0x894eacb4  x6=0x894ea55f
      887279000	     44262	800080ca	8bd54b17	auipc	x22,0x8bd54	 x22=0x0bd5c0ca
      888019000	     44299	800080ce	0297dd33	divu	x26,x15,x9	 x15:0x00000000  x9:0x80021e64 x26=0x00000000
      888759000	     44336	800080d2	021b6733	rem	x14,x22,x1	 x22:0x0bd5c0ca  x1:0xfffff8ab x14=0x00000532
      888779000	     44337	800080d6	3890e7b7	lui	x15,0x3890e	 x15=0x3890e000
      888799000	     44338	800080da	5c9e8793	addi	x15,x29,1481	 x29:0xde15e300 x15=0xde15e8c9
      888819000	     44339	800080de	8e31	c.xor	x12,x12	 x12:0x00000001 x12:0x00000001 x12=0x00000000
      888839000	     44340	800080e0	8c7d	c.and	x8,x15	  x8:0xfff00000 x15:0xde15e8c9  x8=0xde100000
      888859000	     44341	800080e2	0093e0b3	or	x1,x7,x9	  x7:0x00000000  x9:0x80021e64  x1=0x80021e64
      888879000	     44342	800080e6	016259b3	srl	x19,x4,x22	  x4:0x0000000a x22:0x0bd5c0ca x19=0x00000000
      888899000	     44343	800080ea	011e7663	bgeu	x28,x17,800080f6	 x28:0x00000000 x17:0xfffffff1
      888919000	     44344	800080ee	8219	c.srli	x12,0x6	 x12:0x00000000 x12=0x00000000
      888939000	     44345	800080f0	0001	c.addi	x0,0	  x0:0x00000000  x0=0x00000000
      888959000	     44346	800080f2	4a15	c.li	x20,5	 x20=0x00000005
      889339000	     44365	800080f4	0df9	c.addi	x27,30	 x27:0xde15e300 x27=0xde15e31e
      889359000	     44366	800080f6	0173b7b3	sltu	x15,x7,x23	  x7:0x00000000 x23:0xfffffedb x15=0x00000001
      890099000	     44403	800080fa	02b9e333	rem	x6,x19,x11	 x19:0x00000000 x11:0x894eacb4  x6=0x00000000
      890119000	     44404	800080fe	1d18	c.addi4spn	x14,x2,688	 x14=0xde15e290
      890139000	     44405	80008100	8fbd	c.xor	x15,x15	 x15:0x00000001 x15:0x00000001 x15=0x00000000
      890159000	     44406	80008102	035e8563	beq	x29,x21,8000812c	 x29:0xde15e300 x21:0xffffffff
      890179000	     44407	80008106	8c46	c.mv	x24,x17	  x0:0x00000000 x17:0xfffffff1 x24=0xfffffff1
      890199000	     44408	80008108	c205	c.beqz	x12,80008128	 x12:0x00000000
      890319000	     44414	80008128	406d8633	sub	x12,x27,x6	 x27:0xde15e31e  x6:0x00000000 x12=0xde15e31e
      890539000	     44425	8000812c	002ee563	bltu	x29,x2,80008136	 x29:0xde15e300  x2:0xde15dfe0
      890959000	     44446	80008130	2d4d8317	auipc	x6,0x2d4d8	  x6=0xad4e0130
      891379000	     44467	80008134	8eb9	c.xor	x13,x14	 x13:0x00000000 x14:0xde15e290 x13=0xde15e290
      891399000	     44468	80008136	0311d863	bge	x3,x17,80008166	  x3:0x00000043 x17:0xfffffff1
      892239000	     44510	80008166	01c2cab3	xor	x21,x5,x28	  x5:0x6e7af300 x28:0x00000000 x21=0x6e7af300
      893179000	     44557	8000816a	0228eeb3	rem	x29,x17,x2	 x17:0xfffffff1  x2:0xde15dfe0 x29=0xfffffff1
      893199000	     44558	8000816e	9566	c.add	x10,x25	 x10:0xde15e300 x25:0xfffffff0 x10=0xde15e2f0
      893219000	     44559	80008170	01fa99b3	sll	x19,x21,x31	 x21:0x6e7af300 x31:0x00000124 x19=0xe7af3000
      893239000	     44560	80008174	faa86717	auipc	x14,0xfaa86	 x14=0x7aa8e174
      893259000	     44561	80008178	717d	c.addi16sp	x2,-16	  x2:0xde15dfe0  x2=0xde15dfd0
      893279000	     44562	8000817a	6ead	c.lui	x29,0xb	 x29=0x0000b000
      893299000	     44563	8000817c	cc8fb993	sltiu	x19,x31,-824	 x31:0x00000124 x19=0x00000001
      893319000	     44564	80008180	41f70733	sub	x14,x14,x31	 x14:0x7aa8e174 x31:0x00000124 x14=0x7aa8e050
      893339000	     44565	80008184	717d	c.addi16sp	x2,-16	  x2:0xde15dfd0  x2=0xde15dfc0
      893459000	     44571	80008186	00ab8733	add	x14,x23,x10	 x23:0xfffffedb x10:0xde15e2f0 x14=0xde15e1cb
      893479000	     44572	8000818a	1b7d	c.addi	x22,-1	 x22:0x0bd5c0ca x22=0x0bd5c0c9
      893579000	     44577	8000818c	c0345517	auipc	x10,0xc0345	 x10=0x4034d18c
      893799000	     44588	80008190	415ade33	sra	x28,x21,x21	 x21:0x6e7af300 x21:0x6e7af300 x28=0x6e7af300
      893899000	     44593	80008194	0001	c.addi	x0,0	  x0:0x00000000  x0=0x00000000
      894319000	     44614	80008196	02d40263	beq	x8,x13,800081ba	  x8:0xde100000 x13:0xde15e290
      894339000	     44615	8000819a	00c61193	slli	x3,x12,0xc	 x12:0xde15e31e  x3=0x5e31e000
      894359000	     44616	8000819e	0000100f	fence.i	
      894899000	     44643	800081a2	8f69	c.and	x14,x10	 x14:0xde15e1cb x10:0x4034d18c x14=0x4014c188
      894919000	     44644	800081a4	cf09	c.beqz	x14,800081be	 x14:0x4014c188
      894939000	     44645	800081a6	0072a7b3	slt	x15,x5,x7	  x5:0x6e7af300  x7:0x00000000 x15=0x00000000
      894959000	     44646	800081aa	00c1e3b3	or	x7,x3,x12	  x3:0x5e31e000 x12:0xde15e31e  x7=0xde35e31e
      895139000	     44655	800081ae	2a4f7713	andi	x14,x30,676	 x30:0x80025ce4 x14=0x000000a4
      895159000	     44656	800081b2	028c0063	beq	x24,x8,800081d2	 x24:0xfffffff1  x8:0xde100000
      895959000	     44696	800081b6	02a741b3	div	x3,x14,x10	 x14:0x000000a4 x10:0x4034d18c  x3=0x00000000
      895979000	     44697	800081ba	0051de13	srli	x28,x3,0x5	  x3:0x00000000 x28=0x00000000
      895999000	     44698	800081be	00709813	slli	x16,x1,0x7	  x1:0x80021e64 x16=0x010f3200
      896019000	     44699	800081c2	8d7d	c.and	x10,x15	 x10:0x4034d18c x15:0x00000000 x10=0x00000000
      896039000	     44700	800081c4	527d	c.li	x4,-1	  x4=0xffffffff
      896059000	     44701	800081c6	1ed1a693	slti	x13,x3,493	  x3:0x00000000 x13=0x00000001
      896079000	     44702	800081ca	9bfd	c.andi	x15,-1	 x15:0x00000000 x15=0x00000000
      896099000	     44703	800081cc	6695	c.lui	x13,0x5	 x13=0x00005000
      896519000	     44724	800081ce	036a2eb3	mulhsu	x29,x20,x22	 x20:0x00000005 x22:0x0bd5c0c9 x29=0x00000000
      896539000	     44725	800081d2	5bfd	c.li	x23,-1	 x23=0xffffffff
      897479000	     44772	800081d4	038277b3	remu	x15,x4,x24	  x4:0xffffffff x24:0xfffffff1 x15=0x0000000e
      898219000	     44809	800081d8	0240fb33	remu	x22,x1,x4	  x1:0x80021e64  x4:0xffffffff x22=0x80021e64
      898239000	     44810	800081dc	01e09813	slli	x16,x1,0x1e	  x1:0x80021e64 x16=0x00000000
      898259000	     44811	800081e0	3a083a93	sltiu	x21,x16,928	 x16:0x00000000 x21=0x00000001
      898279000	     44812	800081e4	9dba	c.add	x27,x14	 x27:0xde15e31e x14:0x000000a4 x27=0xde15e3c2
      898319000	     44814	800081e6	03539933	mulh	x18,x7,x21	  x7:0xde35e31e x21:0x00000001 x18=0xffffffff
      898339000	     44815	800081ea	0076ed63	bltu	x13,x7,80008204	 x13:0x00005000  x7:0xde35e31e
      898539000	     44825	80008204	6525	c.lui	x10,0x9	 x10=0x00009000
      898559000	     44826	80008206	e10d	c.bnez	x10,80008228	 x10:0x00009000
      898859000	     44841	80008228	6129	c.addi16sp	x2,192	  x2:0xde15dfc0  x2=0xde15e080
      898879000	     44842	8000822a	5cfd	c.li	x25,-1	 x25=0xffffffff
      898899000	     44843	8000822c	014249b3	xor	x19,x4,x20	  x4:0xffffffff x20:0x00000005 x19=0xfffffffa
      898919000	     44844	80008230	0120de93	srli	x29,x1,0x12	  x1:0x80021e64 x29=0x00002000
      899319000	     44864	80008234	00618013	addi	x0,x3,6	  x3:0x00000000  x0=0x00000000
      899499000	     44873	80008238	73bad3b7	lui	x7,0x73bad	  x7=0x73bad000
      899679000	     44882	8000823c	40d05313	srai	x6,x0,0xd	  x0:0x00000000  x6=0x00000000
      900419000	     44919	80008240	0388c1b3	div	x3,x17,x24	 x17:0xfffffff1 x24:0xfffffff1  x3=0x00000001
      900439000	     44920	80008244	dc606b13	ori	x22,x0,-570	  x0:0x00000000 x22=0xfffffdc6
      900459000	     44921	80008248	ea81	c.bnez	x13,80008258	 x13:0x00005000
      900539000	     44925	80008258	8a403697	auipc	x13,0x8a403	 x13=0x0a40b258
      900579000	     44927	8000825c	03057633	remu	x12,x10,x16	 x10:0x00009000 x16:0x00000000 x12=0x00009000
      900599000	     44928	80008260	03854263	blt	x10,x24,80008284	 x10:0x00009000 x24:0xfffffff1
      900639000	     44930	80008264	020640b3	div	x1,x12,x0	 x12:0x00009000  x0:0x00000000  x1=0xffffffff
      901179000	     44957	80008268	652d	c.lui	x10,0xb	 x10=0x0000b000
      901199000	     44958	8000826a	8a91	c.andi	x13,4	 x13:0x0a40b258 x13=0x00000000
      901219000	     44959	8000826c	e0b84693	xori	x13,x16,-501	 x16:0x00000000 x13=0xfffffe0b
      901239000	     44960	80008270	03496463	bltu	x18,x20,80008298	 x18:0xffffffff x20:0x00000005
      901419000	     44969	80008274	82d1	c.srli	x13,0x14	 x13:0xfffffe0b x13=0x00000fff
      901439000	     44970	80008276	0aca	c.slli	x21,0x12	 x21:0x00000001 x21=0x00040000
      903159000	     45056	80008278	9c4a	c.add	x24,x18	 x24:0xfffffff1 x18:0xffffffff x24=0xfffffff0
      903179000	     45057	8000827a	00d57db3	and	x27,x10,x13	 x10:0x0000b000 x13:0x00000fff x27=0x00000000
      903199000	     45058	8000827e	419d	c.li	x3,7	  x3=0x00000007
      903219000	     45059	80008280	0352c063	blt	x5,x21,800082a0	  x5:0x6e7af300 x21:0x00040000
      903259000	     45061	80008284	03241233	mulh	x4,x8,x18	  x8:0xde100000 x18:0xffffffff  x4=0x00000000
      903279000	     45062	80008288	8d19	c.sub	x10,x14	 x10:0x0000b000 x14:0x000000a4 x10=0x0000af5c
      903299000	     45063	8000828a	012b86b3	add	x13,x23,x18	 x23:0xffffffff x18:0xffffffff x13=0xfffffffe
      903319000	     45064	8000828e	07ee	c.slli	x15,0x1b	 x15:0x0000000e x15=0x70000000
      903439000	     45070	80008290	05c88263	beq	x17,x28,800082d4	 x17:0xfffffff1 x28:0x00000000
      903519000	     45074	80008294	00e06db3	or	x27,x0,x14	  x0:0x00000000 x14:0x000000a4 x27=0x000000a4
      903719000	     45084	80008298	0ff0000f	fence	iorw,iorw	
      903759000	     45086	8000829c	0000100f	fence.i	
      904399000	     45118	800082a0	8fd22213	slti	x4,x4,-1795	  x4:0x00000000  x4=0x00000000
      904419000	     45119	800082a4	8d55	c.or	x10,x13	 x10:0x0000af5c x13:0xfffffffe x10=0xfffffffe
      904439000	     45120	800082a6	0ff0000f	fence	iorw,iorw	
      904459000	     45121	800082aa	018c6633	or	x12,x24,x24	 x24:0xfffffff0 x24:0xfffffff0 x12=0xfffffff0
      904479000	     45122	800082ae	00235913	srli	x18,x6,0x2	  x6:0x00000000 x18=0x00000000
      904519000	     45124	800082b2	0242ceb3	div	x29,x5,x4	  x5:0x6e7af300  x4:0x00000000 x29=0xffffffff
      904539000	     45125	800082b6	9916	c.add	x18,x5	 x18:0x00000000  x5:0x6e7af300 x18=0x6e7af300
      904939000	     45145	800082b8	0ba1	c.addi	x23,8	 x23:0xffffffff x23=0x00000007
      904959000	     45146	800082ba	c319	c.beqz	x14,800082c0	 x14:0x000000a4
      904979000	     45147	800082bc	32f1a693	slti	x13,x3,815	  x3:0x00000007 x13=0x00000001
      905379000	     45167	800082c0	0000e733	or	x14,x1,x0	  x1:0xffffffff  x0:0x00000000 x14=0xffffffff
      905399000	     45168	800082c4	00ba7933	and	x18,x20,x11	 x20:0x00000005 x11:0x894eacb4 x18=0x00000004
      905439000	     45170	800082c8	02047fb3	remu	x31,x8,x0	  x8:0xde100000  x0:0x00000000 x31=0xde100000
      905459000	     45171	800082cc	b1a5e517	auipc	x10,0xb1a5e	 x10=0x31a662cc
      905859000	     45191	800082d0	020ae763	bltu	x21,x0,800082fe	 x21:0x00040000  x0:0x00000000
      905999000	     45198	800082d4	02b20c63	beq	x4,x11,8000830c	  x4:0x00000000 x11:0x894eacb4
      906019000	     45199	800082d8	825d	c.srli	x12,0x17	 x12:0xfffffff0 x12=0x000001ff
      906759000	     45236	800082da	02a2e033	rem	x0,x5,x10	  x5:0x6e7af300 x10:0x31a662cc  x0=0x00000000
      906779000	     45237	800082de	036a	c.slli	x6,0x1a	  x6:0x00000000  x6=0x00000000
      906799000	     45238	800082e0	4ca9b513	sltiu	x10,x19,1226	 x19:0xfffffffa x10=0x00000000
      906819000	     45239	800082e4	717d	c.addi16sp	x2,-16	  x2:0xde15e080  x2=0xde15e070
      906839000	     45240	800082e6	0000100f	fence.i	
      907239000	     45260	800082ea	0009bb33	sltu	x22,x19,x0	 x19:0xfffffffa  x0:0x00000000 x22=0x00000000
      907279000	     45262	800082ee	03be1533	mulh	x10,x28,x27	 x28:0x00000000 x27:0x000000a4 x10=0x00000000
      907359000	     45266	800082f2	030f8463	beq	x31,x16,8000831a	 x31:0xde100000 x16:0x00000000
      907379000	     45267	800082f6	022e	c.slli	x4,0xb	  x4:0x00000000  x4=0x00000000
      908279000	     45312	800082f8	03e9ddb3	divu	x27,x19,x30	 x19:0xfffffffa x30:0x80025ce4 x27=0x00000001
      908299000	     45313	800082fc	620d	c.lui	x4,0x3	  x4=0x00003000
      908339000	     45315	800082fe	03582db3	mulhsu	x27,x16,x21	 x16:0x00000000 x21:0x00040000 x27=0x00000000
      908359000	     45316	80008302	0001	c.addi	x0,0	  x0:0x00000000  x0=0x00000000
      908379000	     45317	80008304	017dd733	srl	x14,x27,x23	 x27:0x00000000 x23:0x00000007 x14=0x00000000
      908399000	     45318	80008308	00565393	srli	x7,x12,0x5	 x12:0x000001ff  x7=0x0000000f
      908419000	     45319	8000830c	02d2fe63	bgeu	x5,x13,80008348	  x5:0x6e7af300 x13:0x00000001
      908459000	     45321	80008348	8fd5	c.or	x15,x13	 x15:0x70000000 x13:0x00000001 x15=0x70000001
      908479000	     45322	8000834a	0a15	c.addi	x20,5	 x20:0x00000005 x20=0x0000000a
      909519000	     45374	8000834c	028f6933	rem	x18,x30,x8	 x30:0x80025ce4  x8:0xde100000 x18=0xe5d25ce4
      909539000	     45375	80008350	012bd763	bge	x23,x18,8000835e	 x23:0x00000007 x18:0xe5d25ce4
      909779000	     45387	8000835e	659a2393	slti	x7,x20,1625	 x20:0x0000000a  x7=0x00000001
      909799000	     45388	80008362	0001	c.addi	x0,0	  x0:0x00000000  x0=0x00000000
      909839000	     45390	80008364	0209d3b3	divu	x7,x19,x0	 x19:0xfffffffa  x0:0x00000000  x7=0xffffffff
      909859000	     45391	80008368	0eaa	c.slli	x29,0xa	 x29:0xffffffff x29=0xfffffc00
      909879000	     45392	8000836a	01b3dcb3	srl	x25,x7,x27	  x7:0xffffffff x27:0x00000000 x25=0xffffffff
      909919000	     45394	8000836e	036fd833	divu	x16,x31,x22	 x31:0xde100000 x22:0x00000000 x16=0xffffffff
      909939000	     45395	80008372	0001	c.addi	x0,0	  x0:0x00000000  x0=0x00000000
      910299000	     45413	80008374	d338fb13	andi	x22,x17,-717	 x17:0xfffffff1 x22=0xfffffd31
      910319000	     45414	80008378	1dfd	c.addi	x27,-1	 x27:0x00000000 x27=0xffffffff
      910339000	     45415	8000837a	ec39	c.bnez	x8,800083d8	  x8:0xde100000
      910639000	     45430	800083d8	83dd	c.srli	x15,0x17	 x15:0x70000001 x15=0x000000e0
      910659000	     45431	800083da	008edc33	srl	x24,x29,x8	 x29:0xfffffc00  x8:0xde100000 x24=0xfffffc00
      910979000	     45447	800083de	00750fb3	add	x31,x10,x7	 x10:0x00000000  x7:0xffffffff x31=0xffffffff
      910999000	     45448	800083e2	cf8d	c.beqz	x15,8000841c	 x15:0x000000e0
      911019000	     45449	800083e4	02c680b3	mul	x1,x13,x12	 x13:0x00000001 x12:0x000001ff  x1=0x000001ff
      911159000	     45456	800083e8	0001	c.addi	x0,0	  x0:0x00000000  x0=0x00000000
      911339000	     45465	800083ea	02bf5163	bge	x30,x11,8000840c	 x30:0x80025ce4 x11:0x894eacb4
      911359000	     45466	800083ee	000fedb3	or	x27,x31,x0	 x31:0xffffffff  x0:0x00000000 x27=0xffffffff
      911379000	     45467	800083f2	e511	c.bnez	x10,800083fe	 x10:0x00000000
      911399000	     45468	800083f4	00c30e33	add	x28,x6,x12	  x6:0x00000000 x12:0x000001ff x28=0x000001ff
      912139000	     45505	800083f8	02dcc433	div	x8,x25,x13	 x25:0xffffffff x13:0x00000001  x8=0xffffffff
      912159000	     45506	800083fc	c781	c.beqz	x15,80008404	 x15:0x000000e0
      912179000	     45507	800083fe	7b47ba93	sltiu	x21,x15,1972	 x15:0x000000e0 x21=0x00000001
      912199000	     45508	80008402	0eda	c.slli	x29,0x16	 x29:0xfffffc00 x29=0x00000000
      912219000	     45509	80008404	0ff0000f	fence	iorw,iorw	
      912239000	     45510	80008408	0175b833	sltu	x16,x11,x23	 x11:0x894eacb4 x23:0x00000007 x16=0x00000000
      912259000	     45511	8000840c	0000100f	fence.i	
      912479000	     45522	80008410	03cd6063	bltu	x26,x28,80008430	 x26:0x00000000 x28:0x000001ff
      912579000	     45527	80008430	0001	c.addi	x0,0	  x0:0x00000000  x0=0x00000000
      912599000	     45528	80008432	856d	c.srai	x10,0x1b	 x10:0x00000000 x10=0x00000000
      912679000	     45532	80008434	0308aa33	mulhsu	x20,x17,x16	 x17:0xfffffff1 x16:0x00000000 x20=0x00000000
      912699000	     45533	80008438	0068df63	bge	x17,x6,80008456	 x17:0xfffffff1  x6:0x00000000
      912719000	     45534	8000843c	001cb333	sltu	x6,x25,x1	 x25:0xffffffff  x1:0x000001ff  x6=0x00000000
      912939000	     45545	80008440	02ea1b33	mulh	x22,x20,x14	 x20:0x00000000 x14:0x00000000 x22=0x00000000
      912959000	     45546	80008444	40305693	srai	x13,x0,0x3	  x0:0x00000000 x13=0x00000000
      913959000	     45596	80008448	03136e33	rem	x28,x6,x17	  x6:0x00000000 x17:0xfffffff1 x28=0x00000000
      913979000	     45597	8000844c	8e41	c.or	x12,x8	 x12:0x000001ff  x8:0xffffffff x12=0xffffffff
      913999000	     45598	8000844e	03720e33	mul	x28,x4,x23	  x4:0x00003000 x23:0x00000007 x28=0x00015000
      914019000	     45599	80008452	4158dcb3	sra	x25,x17,x21	 x17:0xfffffff1 x21:0x00000001 x25=0xfffffff8
      914039000	     45600	80008456	8e61	c.and	x12,x8	 x12:0xffffffff  x8:0xffffffff x12=0xffffffff
      914059000	     45601	80008458	83cd	c.srli	x15,0x13	 x15:0x000000e0 x15=0x00000000
      914079000	     45602	8000845a	e2ffaa13	slti	x20,x31,-465	 x31:0xffffffff x20=0x00000000
      914099000	     45603	8000845e	0001	c.addi	x0,0	  x0:0x00000000  x0=0x00000000
      914839000	     45640	80008460	03f0c433	div	x8,x1,x31	  x1:0x000001ff x31:0xffffffff  x8=0xfffffe01
      914859000	     45641	80008464	dfa87613	andi	x12,x16,-518	 x16:0x00000000 x12=0x00000000
      914879000	     45642	80008468	9a06	c.add	x20,x1	 x20:0x00000000  x1:0x000001ff x20=0x000001ff
      915619000	     45679	8000846a	025bdfb3	divu	x31,x23,x5	 x23:0x00000007  x5:0x6e7af300 x31=0x00000000
      915639000	     45680	8000846e	0001	c.addi	x0,0	  x0:0x00000000  x0=0x00000000
      915659000	     45681	80008470	0192e1b3	or	x3,x5,x25	  x5:0x6e7af300 x25:0xfffffff8  x3=0xfffffff8
      915699000	     45683	80008474	03c191b3	mulh	x3,x3,x28	  x3:0xfffffff8 x28:0x00015000  x3=0xffffffff
      915719000	     45684	80008478	4079de33	sra	x28,x19,x7	 x19:0xfffffffa  x7:0xffffffff x28=0xffffffff
      915739000	     45685	8000847c	00177c63	bgeu	x14,x1,80008494	 x14:0x00000000  x1:0x000001ff
      915759000	     45686	80008480	033f1963	bne	x30,x19,800084b2	 x30:0x80025ce4 x19:0xfffffffa
      916039000	     45700	800084b2	000dcd33	xor	x26,x27,x0	 x27:0xffffffff  x0:0x00000000 x26=0xffffffff
      916459000	     45721	800084b6	1f477193	andi	x3,x14,500	 x14:0x00000000  x3=0x00000000
      916479000	     45722	800084ba	000b7633	and	x12,x22,x0	 x22:0x00000000  x0:0x00000000 x12=0x00000000
      916499000	     45723	800084be	8312	c.mv	x6,x4	  x0:0x00000000  x4:0x00003000  x6=0x00003000
      916739000	     45735	800084c0	90be	c.add	x1,x15	  x1:0x000001ff x15:0x00000000  x1=0x000001ff
      916859000	     45741	800084c2	0051ec33	or	x24,x3,x5	  x3:0x00000000  x5:0x6e7af300 x24=0x6e7af300
      916879000	     45742	800084c6	5cfd	c.li	x25,-1	 x25=0xffffffff
      916899000	     45743	800084c8	9fdfe737	lui	x14,0x9fdfe	 x14=0x9fdfe000
      916919000	     45744	800084cc	0a18	c.addi4spn	x14,x2,272	 x14=0xde15e180
      916939000	     45745	800084ce	8f09	c.sub	x14,x10	 x14:0xde15e180 x10:0x00000000 x14=0xde15e180
      916959000	     45746	800084d0	a3d64613	xori	x12,x12,-1475	 x12:0x00000000 x12=0xfffffa3d
      916979000	     45747	800084d4	00ac1993	slli	x19,x24,0xa	 x24:0x6e7af300 x19=0xebcc0000
      917159000	     45756	800084d8	0001	c.addi	x0,0	  x0:0x00000000  x0=0x00000000
      917579000	     45777	800084da	0136dc33	srl	x24,x13,x19	 x13:0x00000000 x19:0xebcc0000 x24=0x00000000
      917599000	     45778	800084de	011bd093	srli	x1,x23,0x11	 x23:0x00000007  x1=0x00000000
      917619000	     45779	800084e2	8c49	c.or	x8,x10	  x8:0xfffffe01 x10:0x00000000  x8=0xfffffe01
      917979000	     45797	800084e4	002f9b33	sll	x22,x31,x2	 x31:0x00000000  x2:0xde15e070 x22=0x00000000
      918399000	     45818	800084e8	4b49	c.li	x22,18	 x22=0x00000012
      918419000	     45819	800084ea	e209	c.bnez	x12,800084ec	 x12:0xfffffa3d
      918919000	     45844	800084ec	167d	c.addi	x12,-1	 x12:0xfffffa3d x12=0xfffffa3c
      919679000	     45882	800084ee	0354cd33	div	x26,x9,x21	  x9:0x80021e64 x21:0x00000001 x26=0x80021e64
      919699000	     45883	800084f2	0095e033	or	x0,x11,x9	 x11:0x894eacb4  x9:0x80021e64  x0=0x00000000
      919719000	     45884	800084f6	1efd	c.addi	x29,-1	 x29:0x00000000 x29=0xffffffff
      919739000	     45885	800084f8	8e05	c.sub	x12,x9	 x12:0xfffffa3c  x9:0x80021e64 x12=0x7ffddbd8
      919759000	     45886	800084fa	02fa1163	bne	x20,x15,8000851c	 x20:0x000001ff x15:0x00000000
      920119000	     45904	8000851c	8329	c.srli	x14,0xa	 x14:0xde15e180 x14=0x00378578
      920139000	     45905	8000851e	97a2	c.add	x15,x8	 x15:0x00000000  x8:0xfffffe01 x15=0xfffffe01
      920499000	     45923	80008520	830d	c.srli	x14,0x3	 x14:0x00378578 x14=0x0006f0af
      920599000	     45928	80008522	ad384713	xori	x14,x16,-1325	 x16:0x00000000 x14=0xfffffad3
      920619000	     45929	80008526	c291	c.beqz	x13,8000852a	 x13:0x00000000
      921279000	     45962	8000852a	02ffa833	mulhsu	x16,x31,x15	 x31:0x00000000 x15:0xfffffe01 x16=0x00000000
      922019000	     45999	8000852e	03154133	div	x2,x10,x17	 x10:0x00000000 x17:0xfffffff1  x2=0x00000000
      922039000	     46000	80008532	613d	c.addi16sp	x2,480	  x2:0x00000000  x2=0x000001e0
      922059000	     46001	80008534	00132033	slt	x0,x6,x1	  x6:0x00003000  x1:0x00000000  x0=0x00000000
      922099000	     46003	80008538	03340c33	mul	x24,x8,x19	  x8:0xfffffe01 x19:0xebcc0000 x24=0x53cc0000
      922259000	     46011	8000853c	024d7e63	bgeu	x26,x4,80008578	 x26:0x80021e64  x4:0x00003000
      923439000	     46070	80008578	98408717	auipc	x14,0x98408	 x14=0x18410578
      923459000	     46071	8000857c	00a7cbb3	xor	x23,x15,x10	 x15:0xfffffe01 x10:0x00000000 x23=0xfffffe01
      923479000	     46072	80008580	d687bc13	sltiu	x24,x15,-664	 x15:0xfffffe01 x24=0x00000000
      923799000	     46088	80008584	01ace463	bltu	x25,x26,8000858c	 x25:0xffffffff x26:0x80021e64
      924059000	     46101	80008588	01d85263	bge	x16,x29,8000858c	 x16:0x00000000 x29:0xffffffff
      925119000	     46154	8000858c	034c0b33	mul	x22,x24,x20	 x24:0x00000000 x20:0x000001ff x22=0x00000000
      925259000	     46161	80008590	ffff8597	auipc	x11,0xffff8	 x11=0x80000590
      925679000	     46182	80008594	dce58593	addi	x11,x11,-562	 x11:0x80000590 x11=0x8000035e
      925939000	     46195	80008598	00058067	jalr	x0,0(x11)	 x11:0x8000035e  x0=0x00000000
      926939000	     46245	8000035e	90000d37	lui	x26,0x90000	 x26=0x90000000
      926959000	     46246	80000362	1d61	c.addi	x26,-8	 x26:0x90000000 x26=0x8ffffff8
      927059000	     46251	80000364	4601	c.li	x12,0	 x12=0x00000000
      927079000	     46252	80000366	0622	c.slli	x12,0x8	 x12:0x00000000 x12=0x00000000
      927479000	     46272	80000368	0605	c.addi	x12,1	 x12:0x00000000 x12=0x00000001
      927719000	     46284	8000036a	00cd2023	sw	x12,0(x26)	 x26:0x8ffffff8 x12:0x00000001 PA:0x8ffffff8 store:0x00000001 load:0xffffffff
      927819000	     46289	8000036e	00000073	ecall	
      942839000	     47040	80002500	0800006f	jal	x0,80002580	  x0=0x00000000
      942979000	     47047	80002580	1f71	c.addi	x30,-4	 x30:0x80025ce4 x30=0x80025ce0
      943659000	     47081	80002582	009f2023	sw	x9,0(x30)	 x30:0x80025ce0  x9:0x80021e64 PA:0x80025ce0 store:0x80021e64 load:0xffffffff
      943679000	     47082	80002586	000f04b3	add	x9,x30,x0	 x30:0x80025ce0  x0:0x00000000  x9=0x80025ce0
      943699000	     47083	8000258a	f8048493	addi	x9,x9,-128	  x9:0x80025ce0  x9=0x80025c60
      943899000	     47093	8000258e	0014a223	sw	x1,4(x9)	  x9:0x80025c60  x1:0x00000000 PA:0x80025c64 store:0x00000000 load:0xffffffff
      944099000	     47103	80002592	0024a423	sw	x2,8(x9)	  x9:0x80025c60  x2:0x000001e0 PA:0x80025c68 store:0x000001e0 load:0xffffffff
      944119000	     47104	80002596	0034a623	sw	x3,12(x9)	  x9:0x80025c60  x3:0x00000000 PA:0x80025c6c store:0x00000000 load:0xffffffff
      944399000	     47118	8000259a	0044a823	sw	x4,16(x9)	  x9:0x80025c60  x4:0x00003000 PA:0x80025c70 store:0x00003000 load:0xffffffff
      944459000	     47121	8000259e	0054aa23	sw	x5,20(x9)	  x9:0x80025c60  x5:0x6e7af300 PA:0x80025c74 store:0x6e7af300 load:0xffffffff
      945059000	     47151	800025a2	0064ac23	sw	x6,24(x9)	  x9:0x80025c60  x6:0x00003000 PA:0x80025c78 store:0x00003000 load:0xffffffff
      945519000	     47174	800025a6	0074ae23	sw	x7,28(x9)	  x9:0x80025c60  x7:0xffffffff PA:0x80025c7c store:0xffffffff load:0xffffffff
      945579000	     47177	800025aa	d080	c.sw	x8,32(x9)	  x9:0x80025c60  x8:0xfffffe01 PA:0x80025c80 store:0xfffffe01 load:0xffffffff
      945599000	     47178	800025ac	d0c4	c.sw	x9,36(x9)	  x9:0x80025c60  x9:0x80025c60 PA:0x80025c84 store:0x80025c60 load:0xffffffff
      945879000	     47192	800025ae	d488	c.sw	x10,40(x9)	  x9:0x80025c60 x10:0x00000000 PA:0x80025c88 store:0x00000000 load:0xffffffff
      946139000	     47205	800025b0	d4cc	c.sw	x11,44(x9)	  x9:0x80025c60 x11:0x8000035e PA:0x80025c8c store:0x8000035e load:0xffffffff
      946159000	     47206	800025b2	d890	c.sw	x12,48(x9)	  x9:0x80025c60 x12:0x00000001 PA:0x80025c90 store:0x00000001 load:0xffffffff
      946379000	     47217	800025b4	d8d4	c.sw	x13,52(x9)	  x9:0x80025c60 x13:0x00000000 PA:0x80025c94 store:0x00000000 load:0xffffffff
      946539000	     47225	800025b6	dc98	c.sw	x14,56(x9)	  x9:0x80025c60 x14:0x18410578 PA:0x80025c98 store:0x18410578 load:0xffffffff
      946639000	     47230	800025b8	dcdc	c.sw	x15,60(x9)	  x9:0x80025c60 x15:0xfffffe01 PA:0x80025c9c store:0xfffffe01 load:0xffffffff
      946699000	     47233	800025ba	0504a023	sw	x16,64(x9)	  x9:0x80025c60 x16:0x00000000 PA:0x80025ca0 store:0x00000000 load:0xffffffff
      946719000	     47234	800025be	0514a223	sw	x17,68(x9)	  x9:0x80025c60 x17:0xfffffff1 PA:0x80025ca4 store:0xfffffff1 load:0xffffffff
      946859000	     47241	800025c2	0524a423	sw	x18,72(x9)	  x9:0x80025c60 x18:0xe5d25ce4 PA:0x80025ca8 store:0xe5d25ce4 load:0xffffffff
      947379000	     47267	800025c6	0534a623	sw	x19,76(x9)	  x9:0x80025c60 x19:0xebcc0000 PA:0x80025cac store:0xebcc0000 load:0xffffffff
      947519000	     47274	800025ca	0544a823	sw	x20,80(x9)	  x9:0x80025c60 x20:0x000001ff PA:0x80025cb0 store:0x000001ff load:0xffffffff
      948019000	     47299	800025ce	0554aa23	sw	x21,84(x9)	  x9:0x80025c60 x21:0x00000001 PA:0x80025cb4 store:0x00000001 load:0xffffffff
      948499000	     47323	800025d2	0564ac23	sw	x22,88(x9)	  x9:0x80025c60 x22:0x00000000 PA:0x80025cb8 store:0x00000000 load:0xffffffff
      948819000	     47339	800025d6	0574ae23	sw	x23,92(x9)	  x9:0x80025c60 x23:0xfffffe01 PA:0x80025cbc store:0xfffffe01 load:0xffffffff
      948959000	     47346	800025da	0784a023	sw	x24,96(x9)	  x9:0x80025c60 x24:0x00000000 PA:0x80025cc0 store:0x00000000 load:0xffffffff
      948979000	     47347	800025de	0794a223	sw	x25,100(x9)	  x9:0x80025c60 x25:0xffffffff PA:0x80025cc4 store:0xffffffff load:0xffffffff
      948999000	     47348	800025e2	07a4a423	sw	x26,104(x9)	  x9:0x80025c60 x26:0x8ffffff8 PA:0x80025cc8 store:0x8ffffff8 load:0xffffffff
      949019000	     47349	800025e6	07b4a623	sw	x27,108(x9)	  x9:0x80025c60 x27:0xffffffff PA:0x80025ccc store:0xffffffff load:0xffffffff
      949259000	     47361	800025ea	07c4a823	sw	x28,112(x9)	  x9:0x80025c60 x28:0xffffffff PA:0x80025cd0 store:0xffffffff load:0xffffffff
      949559000	     47376	800025ee	07d4aa23	sw	x29,116(x9)	  x9:0x80025c60 x29:0xffffffff PA:0x80025cd4 store:0xffffffff load:0xffffffff
      949659000	     47381	800025f2	07e4ac23	sw	x30,120(x9)	  x9:0x80025c60 x30:0x80025ce0 PA:0x80025cd8 store:0x80025ce0 load:0xffffffff
      949799000	     47388	800025f6	07f4ae23	sw	x31,124(x9)	  x9:0x80025c60 x31:0x00000000 PA:0x80025cdc store:0x00000000 load:0xffffffff
      949819000	     47389	800025fa	00048f33	add	x30,x9,x0	  x9:0x80025c60  x0:0x00000000 x30=0x80025c60
      949839000	     47390	800025fe	90000d37	lui	x26,0x90000	 x26=0x90000000
      949859000	     47391	80002602	1d71	c.addi	x26,-4	 x26:0x90000000 x26=0x8ffffffc
      949879000	     47392	80002604	4621	c.li	x12,8	 x12=0x00000008
      949899000	     47393	80002606	0622	c.slli	x12,0x8	 x12:0x00000008 x12=0x00000800
      949919000	     47394	80002608	00060613	addi	x12,x12,0	 x12:0x00000800 x12=0x00000800
      949979000	     47397	8000260c	00cd2023	sw	x12,0(x26)	 x26:0x8ffffffc x12:0x00000800 PA:0x8ffffffc store:0x00000800 load:0xffffffff
      949999000	     47398	80002610	34102673	csrrs	x12,mepc,x0	  x0:0x00000000 x12=0x8000036e
      950039000	     47400	80002614	34202673	csrrs	x12,mcause,x0	  x0:0x00000000 x12=0x00000008
      950219000	     47409	80002618	4d0d	c.li	x26,3	 x26=0x00000003
      950319000	     47414	8000261a	01a61463	bne	x12,x26,80002622	 x12:0x00000008 x26:0x00000003
      951099000	     47453	80002622	4d21	c.li	x26,8	 x26=0x00000008
      951119000	     47454	80002624	05a60d63	beq	x12,x26,8000267e	 x12:0x00000008 x26:0x00000008
      951939000	     47495	8000267e	90000d37	lui	x26,0x90000	 x26=0x90000000
      951959000	     47496	80002682	1d71	c.addi	x26,-4	 x26:0x90000000 x26=0x8ffffffc
      952119000	     47504	80002684	6605	c.lui	x12,0x1	 x12=0x00001000
      952139000	     47505	80002686	b0060613	addi	x12,x12,-1280	 x12:0x00001000 x12=0x00000b00
      952159000	     47506	8000268a	0622	c.slli	x12,0x8	 x12:0x00000b00 x12=0x000b0000
      952279000	     47512	8000268c	060d	c.addi	x12,3	 x12:0x000b0000 x12=0x000b0003
      952519000	     47524	8000268e	00cd2023	sw	x12,0(x26)	 x26:0x8ffffffc x12:0x000b0003 PA:0x8ffffffc store:0x000b0003 load:0xffffffff
      952539000	     47525	80002692	b0002673	csrrs	x12,mcycle,x0	  x0:0x00000000 x12=0x0000b9a2
      952779000	     47537	80002696	00cd2023	sw	x12,0(x26)	 x26:0x8ffffffc x12:0x0000b9a2 PA:0x8ffffffc store:0x0000b9a2 load:0xffffffff
      952859000	     47541	8000269a	90000d37	lui	x26,0x90000	 x26=0x90000000
      952879000	     47542	8000269e	1d71	c.addi	x26,-4	 x26:0x90000000 x26=0x8ffffffc
      953279000	     47562	800026a0	6605	c.lui	x12,0x1	 x12=0x00001000
      953299000	     47563	800026a2	b8060613	addi	x12,x12,-1152	 x12:0x00001000 x12=0x00000b80
      953319000	     47564	800026a6	0622	c.slli	x12,0x8	 x12:0x00000b80 x12=0x000b8000
      953339000	     47565	800026a8	060d	c.addi	x12,3	 x12:0x000b8000 x12=0x000b8003
      953459000	     47571	800026aa	00cd2023	sw	x12,0(x26)	 x26:0x8ffffffc x12:0x000b8003 PA:0x8ffffffc store:0x000b8003 load:0xffffffff
      953479000	     47572	800026ae	b8002673	csrrs	x12,mcycleh,x0	  x0:0x00000000 x12=0x00000000
      953779000	     47587	800026b2	00cd2023	sw	x12,0(x26)	 x26:0x8ffffffc x12:0x00000000 PA:0x8ffffffc store:0x00000000 load:0xffffffff
      953799000	     47588	800026b6	90000d37	lui	x26,0x90000	 x26=0x90000000
      953819000	     47589	800026ba	1d71	c.addi	x26,-4	 x26:0x90000000 x26=0x8ffffffc
      953839000	     47590	800026bc	6605	c.lui	x12,0x1	 x12=0x00001000
      953859000	     47591	800026be	b0360613	addi	x12,x12,-1277	 x12:0x00001000 x12=0x00000b03
      953879000	     47592	800026c2	0622	c.slli	x12,0x8	 x12:0x00000b03 x12=0x000b0300
      953979000	     47597	800026c4	060d	c.addi	x12,3	 x12:0x000b0300 x12=0x000b0303
      954099000	     47603	800026c6	00cd2023	sw	x12,0(x26)	 x26:0x8ffffffc x12:0x000b0303 PA:0x8ffffffc store:0x000b0303 load:0xffffffff
      954259000	     47611	800026ca	b0302673	csrrs	x12,mhpmcounter3,x0	  x0:0x00000000 x12=0x000000c6
      954679000	     47632	800026ce	00cd2023	sw	x12,0(x26)	 x26:0x8ffffffc x12:0x000000c6 PA:0x8ffffffc store:0x000000c6 load:0xffffffff
      954699000	     47633	800026d2	90000d37	lui	x26,0x90000	 x26=0x90000000
      954719000	     47634	800026d6	1d71	c.addi	x26,-4	 x26:0x90000000 x26=0x8ffffffc
      954739000	     47635	800026d8	6605	c.lui	x12,0x1	 x12=0x00001000
      954939000	     47645	800026da	b8360613	addi	x12,x12,-1149	 x12:0x00001000 x12=0x00000b83
      954959000	     47646	800026de	0622	c.slli	x12,0x8	 x12:0x00000b83 x12=0x000b8300
      954979000	     47647	800026e0	060d	c.addi	x12,3	 x12:0x000b8300 x12=0x000b8303
      955039000	     47650	800026e2	00cd2023	sw	x12,0(x26)	 x26:0x8ffffffc x12:0x000b8303 PA:0x8ffffffc store:0x000b8303 load:0xffffffff
      955139000	     47655	800026e6	b8302673	csrrs	x12,mhpmcounter3h,x0	  x0:0x00000000 x12=0x00000000
      955439000	     47670	800026ea	00cd2023	sw	x12,0(x26)	 x26:0x8ffffffc x12:0x00000000 PA:0x8ffffffc store:0x00000000 load:0xffffffff
      955459000	     47671	800026ee	90000d37	lui	x26,0x90000	 x26=0x90000000
      955479000	     47672	800026f2	1d71	c.addi	x26,-4	 x26:0x90000000 x26=0x8ffffffc
      955499000	     47673	800026f4	6605	c.lui	x12,0x1	 x12=0x00001000
      955799000	     47688	800026f6	b0460613	addi	x12,x12,-1276	 x12:0x00001000 x12=0x00000b04
      955819000	     47689	800026fa	0622	c.slli	x12,0x8	 x12:0x00000b04 x12=0x000b0400
      955919000	     47694	800026fc	060d	c.addi	x12,3	 x12:0x000b0400 x12=0x000b0403
      956039000	     47700	800026fe	00cd2023	sw	x12,0(x26)	 x26:0x8ffffffc x12:0x000b0403 PA:0x8ffffffc store:0x000b0403 load:0xffffffff
      956299000	     47713	80002702	b0402673	csrrs	x12,mhpmcounter4,x0	  x0:0x00000000 x12=0x00005680
      956359000	     47716	80002706	00cd2023	sw	x12,0(x26)	 x26:0x8ffffffc x12:0x00005680 PA:0x8ffffffc store:0x00005680 load:0xffffffff
      956379000	     47717	8000270a	90000d37	lui	x26,0x90000	 x26=0x90000000
      956399000	     47718	8000270e	1d71	c.addi	x26,-4	 x26:0x90000000 x26=0x8ffffffc
      956419000	     47719	80002710	6605	c.lui	x12,0x1	 x12=0x00001000
      956439000	     47720	80002712	b8460613	addi	x12,x12,-1148	 x12:0x00001000 x12=0x00000b84
      956459000	     47721	80002716	0622	c.slli	x12,0x8	 x12:0x00000b84 x12=0x000b8400
      956479000	     47722	80002718	060d	c.addi	x12,3	 x12:0x000b8400 x12=0x000b8403
      956639000	     47730	8000271a	00cd2023	sw	x12,0(x26)	 x26:0x8ffffffc x12:0x000b8403 PA:0x8ffffffc store:0x000b8403 load:0xffffffff
      956659000	     47731	8000271e	b8402673	csrrs	x12,mhpmcounter4h,x0	  x0:0x00000000 x12=0x00000000
      957119000	     47754	80002722	00cd2023	sw	x12,0(x26)	 x26:0x8ffffffc x12:0x00000000 PA:0x8ffffffc store:0x00000000 load:0xffffffff
      957139000	     47755	80002726	90000d37	lui	x26,0x90000	 x26=0x90000000
      957159000	     47756	8000272a	1d71	c.addi	x26,-4	 x26:0x90000000 x26=0x8ffffffc
      957179000	     47757	8000272c	6605	c.lui	x12,0x1	 x12=0x00001000
      957199000	     47758	8000272e	b0560613	addi	x12,x12,-1275	 x12:0x00001000 x12=0x00000b05
      957219000	     47759	80002732	0622	c.slli	x12,0x8	 x12:0x00000b05 x12=0x000b0500
      957239000	     47760	80002734	060d	c.addi	x12,3	 x12:0x000b0500 x12=0x000b0503
      957299000	     47763	80002736	00cd2023	sw	x12,0(x26)	 x26:0x8ffffffc x12:0x000b0503 PA:0x8ffffffc store:0x000b0503 load:0xffffffff
      957319000	     47764	8000273a	b0502673	csrrs	x12,mhpmcounter5,x0	  x0:0x00000000 x12=0x00000001
      957339000	     47765	8000273e	00cd2023	sw	x12,0(x26)	 x26:0x8ffffffc x12:0x00000001 PA:0x8ffffffc store:0x00000001 load:0xffffffff
      957359000	     47766	80002742	90000d37	lui	x26,0x90000	 x26=0x90000000
      957379000	     47767	80002746	1d71	c.addi	x26,-4	 x26:0x90000000 x26=0x8ffffffc
      957399000	     47768	80002748	6605	c.lui	x12,0x1	 x12=0x00001000
      957799000	     47788	8000274a	b8560613	addi	x12,x12,-1147	 x12:0x00001000 x12=0x00000b85
      957819000	     47789	8000274e	0622	c.slli	x12,0x8	 x12:0x00000b85 x12=0x000b8500
      958219000	     47809	80002750	060d	c.addi	x12,3	 x12:0x000b8500 x12=0x000b8503
      958459000	     47821	80002752	00cd2023	sw	x12,0(x26)	 x26:0x8ffffffc x12:0x000b8503 PA:0x8ffffffc store:0x000b8503 load:0xffffffff
      958819000	     47839	80002756	b8502673	csrrs	x12,mhpmcounter5h,x0	  x0:0x00000000 x12=0x00000000
      958879000	     47842	8000275a	00cd2023	sw	x12,0(x26)	 x26:0x8ffffffc x12:0x00000000 PA:0x8ffffffc store:0x00000000 load:0xffffffff
      958899000	     47843	8000275e	90000d37	lui	x26,0x90000	 x26=0x90000000
      958919000	     47844	80002762	1d71	c.addi	x26,-4	 x26:0x90000000 x26=0x8ffffffc
      958939000	     47845	80002764	6605	c.lui	x12,0x1	 x12=0x00001000
      958959000	     47846	80002766	b0660613	addi	x12,x12,-1274	 x12:0x00001000 x12=0x00000b06
      958979000	     47847	8000276a	0622	c.slli	x12,0x8	 x12:0x00000b06 x12=0x000b0600
      959219000	     47859	8000276c	060d	c.addi	x12,3	 x12:0x000b0600 x12=0x000b0603
      959279000	     47862	8000276e	00cd2023	sw	x12,0(x26)	 x26:0x8ffffffc x12:0x000b0603 PA:0x8ffffffc store:0x000b0603 load:0xffffffff
      959519000	     47874	80002772	b0602673	csrrs	x12,mhpmcounter6,x0	  x0:0x00000000 x12=0x00000039
      959739000	     47885	80002776	00cd2023	sw	x12,0(x26)	 x26:0x8ffffffc x12:0x00000039 PA:0x8ffffffc store:0x00000039 load:0xffffffff
      959759000	     47886	8000277a	90000d37	lui	x26,0x90000	 x26=0x90000000
      959779000	     47887	8000277e	1d71	c.addi	x26,-4	 x26:0x90000000 x26=0x8ffffffc
      959799000	     47888	80002780	6605	c.lui	x12,0x1	 x12=0x00001000
      959819000	     47889	80002782	b8660613	addi	x12,x12,-1146	 x12:0x00001000 x12=0x00000b86
      959839000	     47890	80002786	0622	c.slli	x12,0x8	 x12:0x00000b86 x12=0x000b8600
      959919000	     47894	80002788	060d	c.addi	x12,3	 x12:0x000b8600 x12=0x000b8603
      960179000	     47907	8000278a	00cd2023	sw	x12,0(x26)	 x26:0x8ffffffc x12:0x000b8603 PA:0x8ffffffc store:0x000b8603 load:0xffffffff
      960199000	     47908	8000278e	b8602673	csrrs	x12,mhpmcounter6h,x0	  x0:0x00000000 x12=0x00000000
      960279000	     47912	80002792	00cd2023	sw	x12,0(x26)	 x26:0x8ffffffc x12:0x00000000 PA:0x8ffffffc store:0x00000000 load:0xffffffff
      960399000	     47918	80002796	90000d37	lui	x26,0x90000	 x26=0x90000000
      960419000	     47919	8000279a	1d71	c.addi	x26,-4	 x26:0x90000000 x26=0x8ffffffc
      960439000	     47920	8000279c	6605	c.lui	x12,0x1	 x12=0x00001000
      960739000	     47935	8000279e	b0760613	addi	x12,x12,-1273	 x12:0x00001000 x12=0x00000b07
      960759000	     47936	800027a2	0622	c.slli	x12,0x8	 x12:0x00000b07 x12=0x000b0700
      961159000	     47956	800027a4	060d	c.addi	x12,3	 x12:0x000b0700 x12=0x000b0703
      961339000	     47965	800027a6	00cd2023	sw	x12,0(x26)	 x26:0x8ffffffc x12:0x000b0703 PA:0x8ffffffc store:0x000b0703 load:0xffffffff
      961359000	     47966	800027aa	b0702673	csrrs	x12,mhpmcounter7,x0	  x0:0x00000000 x12=0x0000004b
      961939000	     47995	800027ae	00cd2023	sw	x12,0(x26)	 x26:0x8ffffffc x12:0x0000004b PA:0x8ffffffc store:0x0000004b load:0xffffffff
      961959000	     47996	800027b2	90000d37	lui	x26,0x90000	 x26=0x90000000
      961979000	     47997	800027b6	1d71	c.addi	x26,-4	 x26:0x90000000 x26=0x8ffffffc
      961999000	     47998	800027b8	6605	c.lui	x12,0x1	 x12=0x00001000
      962019000	     47999	800027ba	b8760613	addi	x12,x12,-1145	 x12:0x00001000 x12=0x00000b87
      962039000	     48000	800027be	0622	c.slli	x12,0x8	 x12:0x00000b87 x12=0x000b8700
      962059000	     48001	800027c0	060d	c.addi	x12,3	 x12:0x000b8700 x12=0x000b8703
      962119000	     48004	800027c2	00cd2023	sw	x12,0(x26)	 x26:0x8ffffffc x12:0x000b8703 PA:0x8ffffffc store:0x000b8703 load:0xffffffff
      962139000	     48005	800027c6	b8702673	csrrs	x12,mhpmcounter7h,x0	  x0:0x00000000 x12=0x00000000
      962459000	     48021	800027ca	00cd2023	sw	x12,0(x26)	 x26:0x8ffffffc x12:0x00000000 PA:0x8ffffffc store:0x00000000 load:0xffffffff
      962479000	     48022	800027ce	90000d37	lui	x26,0x90000	 x26=0x90000000
      962499000	     48023	800027d2	1d71	c.addi	x26,-4	 x26:0x90000000 x26=0x8ffffffc
      962519000	     48024	800027d4	6605	c.lui	x12,0x1	 x12=0x00001000
      962539000	     48025	800027d6	b0860613	addi	x12,x12,-1272	 x12:0x00001000 x12=0x00000b08
      962559000	     48026	800027da	0622	c.slli	x12,0x8	 x12:0x00000b08 x12=0x000b0800
      962579000	     48027	800027dc	060d	c.addi	x12,3	 x12:0x000b0800 x12=0x000b0803
      962919000	     48044	800027de	00cd2023	sw	x12,0(x26)	 x26:0x8ffffffc x12:0x000b0803 PA:0x8ffffffc store:0x000b0803 load:0xffffffff
      962939000	     48045	800027e2	b0802673	csrrs	x12,mhpmcounter8,x0	  x0:0x00000000 x12=0x00000247
      962999000	     48048	800027e6	00cd2023	sw	x12,0(x26)	 x26:0x8ffffffc x12:0x00000247 PA:0x8ffffffc store:0x00000247 load:0xffffffff
      963019000	     48049	800027ea	90000d37	lui	x26,0x90000	 x26=0x90000000
      963039000	     48050	800027ee	1d71	c.addi	x26,-4	 x26:0x90000000 x26=0x8ffffffc
      963059000	     48051	800027f0	6605	c.lui	x12,0x1	 x12=0x00001000
      963159000	     48056	800027f2	b8860613	addi	x12,x12,-1144	 x12:0x00001000 x12=0x00000b88
      963179000	     48057	800027f6	0622	c.slli	x12,0x8	 x12:0x00000b88 x12=0x000b8800
      963199000	     48058	800027f8	060d	c.addi	x12,3	 x12:0x000b8800 x12=0x000b8803
      963259000	     48061	800027fa	00cd2023	sw	x12,0(x26)	 x26:0x8ffffffc x12:0x000b8803 PA:0x8ffffffc store:0x000b8803 load:0xffffffff
      963279000	     48062	800027fe	b8802673	csrrs	x12,mhpmcounter8h,x0	  x0:0x00000000 x12=0x00000000
      963299000	     48063	80002802	00cd2023	sw	x12,0(x26)	 x26:0x8ffffffc x12:0x00000000 PA:0x8ffffffc store:0x00000000 load:0xffffffff
      963359000	     48066	80002806	90000d37	lui	x26,0x90000	 x26=0x90000000
      963379000	     48067	8000280a	1d71	c.addi	x26,-4	 x26:0x90000000 x26=0x8ffffffc
      963519000	     48074	8000280c	6605	c.lui	x12,0x1	 x12=0x00001000
      963539000	     48075	8000280e	b0960613	addi	x12,x12,-1271	 x12:0x00001000 x12=0x00000b09
      963559000	     48076	80002812	0622	c.slli	x12,0x8	 x12:0x00000b09 x12=0x000b0900
      963599000	     48078	80002814	060d	c.addi	x12,3	 x12:0x000b0900 x12=0x000b0903
      963779000	     48087	80002816	00cd2023	sw	x12,0(x26)	 x26:0x8ffffffc x12:0x000b0903 PA:0x8ffffffc store:0x000b0903 load:0xffffffff
      963819000	     48089	8000281a	b0902673	csrrs	x12,mhpmcounter9,x0	  x0:0x00000000 x12=0x00000129
      964079000	     48102	8000281e	00cd2023	sw	x12,0(x26)	 x26:0x8ffffffc x12:0x00000129 PA:0x8ffffffc store:0x00000129 load:0xffffffff
      964099000	     48103	80002822	90000d37	lui	x26,0x90000	 x26=0x90000000
      964119000	     48104	80002826	1d71	c.addi	x26,-4	 x26:0x90000000 x26=0x8ffffffc
      964359000	     48116	80002828	6605	c.lui	x12,0x1	 x12=0x00001000
      964519000	     48124	8000282a	b8960613	addi	x12,x12,-1143	 x12:0x00001000 x12=0x00000b89
      964539000	     48125	8000282e	0622	c.slli	x12,0x8	 x12:0x00000b89 x12=0x000b8900
      964559000	     48126	80002830	060d	c.addi	x12,3	 x12:0x000b8900 x12=0x000b8903
      964959000	     48146	80002832	00cd2023	sw	x12,0(x26)	 x26:0x8ffffffc x12:0x000b8903 PA:0x8ffffffc store:0x000b8903 load:0xffffffff
      964979000	     48147	80002836	b8902673	csrrs	x12,mhpmcounter9h,x0	  x0:0x00000000 x12=0x00000000
      965039000	     48150	8000283a	00cd2023	sw	x12,0(x26)	 x26:0x8ffffffc x12:0x00000000 PA:0x8ffffffc store:0x00000000 load:0xffffffff
      965059000	     48151	8000283e	90000d37	lui	x26,0x90000	 x26=0x90000000
      965079000	     48152	80002842	1d71	c.addi	x26,-4	 x26:0x90000000 x26=0x8ffffffc
      965099000	     48153	80002844	6605	c.lui	x12,0x1	 x12=0x00001000
      965119000	     48154	80002846	b0a60613	addi	x12,x12,-1270	 x12:0x00001000 x12=0x00000b0a
      965139000	     48155	8000284a	0622	c.slli	x12,0x8	 x12:0x00000b0a x12=0x000b0a00
      965219000	     48159	8000284c	060d	c.addi	x12,3	 x12:0x000b0a00 x12=0x000b0a03
      965519000	     48174	8000284e	00cd2023	sw	x12,0(x26)	 x26:0x8ffffffc x12:0x000b0a03 PA:0x8ffffffc store:0x000b0a03 load:0xffffffff
      965559000	     48176	80002852	b0a02673	csrrs	x12,mhpmcounter10,x0	  x0:0x00000000 x12=0x0000059f
      965619000	     48179	80002856	00cd2023	sw	x12,0(x26)	 x26:0x8ffffffc x12:0x0000059f PA:0x8ffffffc store:0x0000059f load:0xffffffff
      965639000	     48180	8000285a	90000d37	lui	x26,0x90000	 x26=0x90000000
      965659000	     48181	8000285e	1d71	c.addi	x26,-4	 x26:0x90000000 x26=0x8ffffffc
      965679000	     48182	80002860	6605	c.lui	x12,0x1	 x12=0x00001000
      965699000	     48183	80002862	b8a60613	addi	x12,x12,-1142	 x12:0x00001000 x12=0x00000b8a
      965719000	     48184	80002866	0622	c.slli	x12,0x8	 x12:0x00000b8a x12=0x000b8a00
      965859000	     48191	80002868	060d	c.addi	x12,3	 x12:0x000b8a00 x12=0x000b8a03
      965919000	     48194	8000286a	00cd2023	sw	x12,0(x26)	 x26:0x8ffffffc x12:0x000b8a03 PA:0x8ffffffc store:0x000b8a03 load:0xffffffff
      965939000	     48195	8000286e	b8a02673	csrrs	x12,mhpmcounter10h,x0	  x0:0x00000000 x12=0x00000000
      966339000	     48215	80002872	00cd2023	sw	x12,0(x26)	 x26:0x8ffffffc x12:0x00000000 PA:0x8ffffffc store:0x00000000 load:0xffffffff
      966359000	     48216	80002876	90000d37	lui	x26,0x90000	 x26=0x90000000
      966379000	     48217	8000287a	1d71	c.addi	x26,-4	 x26:0x90000000 x26=0x8ffffffc
      966399000	     48218	8000287c	6605	c.lui	x12,0x1	 x12=0x00001000
      966519000	     48224	8000287e	b0b60613	addi	x12,x12,-1269	 x12:0x00001000 x12=0x00000b0b
      966539000	     48225	80002882	0622	c.slli	x12,0x8	 x12:0x00000b0b x12=0x000b0b00
      966559000	     48226	80002884	060d	c.addi	x12,3	 x12:0x000b0b00 x12=0x000b0b03
      966659000	     48231	80002886	00cd2023	sw	x12,0(x26)	 x26:0x8ffffffc x12:0x000b0b03 PA:0x8ffffffc store:0x000b0b03 load:0xffffffff
      966799000	     48238	8000288a	b0b02673	csrrs	x12,mhpmcounter11,x0	  x0:0x00000000 x12=0x000000c6
      966859000	     48241	8000288e	00cd2023	sw	x12,0(x26)	 x26:0x8ffffffc x12:0x000000c6 PA:0x8ffffffc store:0x000000c6 load:0xffffffff
      966879000	     48242	80002892	90000d37	lui	x26,0x90000	 x26=0x90000000
      966899000	     48243	80002896	1d71	c.addi	x26,-4	 x26:0x90000000 x26=0x8ffffffc
      966919000	     48244	80002898	6605	c.lui	x12,0x1	 x12=0x00001000
      967279000	     48262	8000289a	b8b60613	addi	x12,x12,-1141	 x12:0x00001000 x12=0x00000b8b
      967299000	     48263	8000289e	0622	c.slli	x12,0x8	 x12:0x00000b8b x12=0x000b8b00
      967699000	     48283	800028a0	060d	c.addi	x12,3	 x12:0x000b8b00 x12=0x000b8b03
      967759000	     48286	800028a2	00cd2023	sw	x12,0(x26)	 x26:0x8ffffffc x12:0x000b8b03 PA:0x8ffffffc store:0x000b8b03 load:0xffffffff
      967779000	     48287	800028a6	b8b02673	csrrs	x12,mhpmcounter11h,x0	  x0:0x00000000 x12=0x00000000
      967819000	     48289	800028aa	00cd2023	sw	x12,0(x26)	 x26:0x8ffffffc x12:0x00000000 PA:0x8ffffffc store:0x00000000 load:0xffffffff
      967839000	     48290	800028ae	90000d37	lui	x26,0x90000	 x26=0x90000000
      967859000	     48291	800028b2	1d71	c.addi	x26,-4	 x26:0x90000000 x26=0x8ffffffc
      967959000	     48296	800028b4	6605	c.lui	x12,0x1	 x12=0x00001000
      967979000	     48297	800028b6	b0c60613	addi	x12,x12,-1268	 x12:0x00001000 x12=0x00000b0c
      967999000	     48298	800028ba	0622	c.slli	x12,0x8	 x12:0x00000b0c x12=0x000b0c00
      968019000	     48299	800028bc	060d	c.addi	x12,3	 x12:0x000b0c00 x12=0x000b0c03
      968299000	     48313	800028be	00cd2023	sw	x12,0(x26)	 x26:0x8ffffffc x12:0x000b0c03 PA:0x8ffffffc store:0x000b0c03 load:0xffffffff
      968319000	     48314	800028c2	b0c02673	csrrs	x12,mhpmcounter12,x0	  x0:0x00000000 x12=0x00001ccc
      968619000	     48329	800028c6	00cd2023	sw	x12,0(x26)	 x26:0x8ffffffc x12:0x00001ccc PA:0x8ffffffc store:0x00001ccc load:0xffffffff
      968639000	     48330	800028ca	90000d37	lui	x26,0x90000	 x26=0x90000000
      968659000	     48331	800028ce	1d71	c.addi	x26,-4	 x26:0x90000000 x26=0x8ffffffc
      968679000	     48332	800028d0	6605	c.lui	x12,0x1	 x12=0x00001000
      968699000	     48333	800028d2	b8c60613	addi	x12,x12,-1140	 x12:0x00001000 x12=0x00000b8c
      968719000	     48334	800028d6	0622	c.slli	x12,0x8	 x12:0x00000b8c x12=0x000b8c00
      968739000	     48335	800028d8	060d	c.addi	x12,3	 x12:0x000b8c00 x12=0x000b8c03
      968799000	     48338	800028da	00cd2023	sw	x12,0(x26)	 x26:0x8ffffffc x12:0x000b8c03 PA:0x8ffffffc store:0x000b8c03 load:0xffffffff
      968819000	     48339	800028de	b8c02673	csrrs	x12,mhpmcounter12h,x0	  x0:0x00000000 x12=0x00000000
      968839000	     48340	800028e2	00cd2023	sw	x12,0(x26)	 x26:0x8ffffffc x12:0x00000000 PA:0x8ffffffc store:0x00000000 load:0xffffffff
      969019000	     48349	800028e6	ffffd617	auipc	x12,0xffffd	 x12=0x7ffff8e6
      969299000	     48363	800028ea	79a60613	addi	x12,x12,1946	 x12:0x7ffff8e6 x12=0x80000080
      969819000	     48389	800028ee	00062023	sw	x0,0(x12)	 x12:0x80000080  x0:0x00000000 PA:0x80000080 store:0x00000000 load:0xffffffff
      969879000	     48392	800028f2	00162223	sw	x1,4(x12)	 x12:0x80000080  x1:0x00000000 PA:0x80000084 store:0x00000000 load:0xffffffff
      970099000	     48403	800028f6	00262423	sw	x2,8(x12)	 x12:0x80000080  x2:0x000001e0 PA:0x80000088 store:0x000001e0 load:0xffffffff
      970119000	     48404	800028fa	00362623	sw	x3,12(x12)	 x12:0x80000080  x3:0x00000000 PA:0x8000008c store:0x00000000 load:0xffffffff
      970259000	     48411	800028fe	00462823	sw	x4,16(x12)	 x12:0x80000080  x4:0x00003000 PA:0x80000090 store:0x00003000 load:0xffffffff
      970399000	     48418	80002902	00562a23	sw	x5,20(x12)	 x12:0x80000080  x5:0x6e7af300 PA:0x80000094 store:0x6e7af300 load:0xffffffff
      970419000	     48419	80002906	00662c23	sw	x6,24(x12)	 x12:0x80000080  x6:0x00003000 PA:0x80000098 store:0x00003000 load:0xffffffff
      970799000	     48438	8000290a	00762e23	sw	x7,28(x12)	 x12:0x80000080  x7:0xffffffff PA:0x8000009c store:0xffffffff load:0xffffffff
      970939000	     48445	8000290e	d200	c.sw	x8,32(x12)	 x12:0x80000080  x8:0xfffffe01 PA:0x800000a0 store:0xfffffe01 load:0xffffffff
      970979000	     48447	80002910	d244	c.sw	x9,36(x12)	 x12:0x80000080  x9:0x80025c60 PA:0x800000a4 store:0x80025c60 load:0xffffffff
      970999000	     48448	80002912	d608	c.sw	x10,40(x12)	 x12:0x80000080 x10:0x00000000 PA:0x800000a8 store:0x00000000 load:0xffffffff
      971419000	     48469	80002914	d64c	c.sw	x11,44(x12)	 x12:0x80000080 x11:0x8000035e PA:0x800000ac store:0x8000035e load:0xffffffff
      971639000	     48480	80002916	da10	c.sw	x12,48(x12)	 x12:0x80000080 x12:0x80000080 PA:0x800000b0 store:0x80000080 load:0xffffffff
      971719000	     48484	80002918	da54	c.sw	x13,52(x12)	 x12:0x80000080 x13:0x00000000 PA:0x800000b4 store:0x00000000 load:0xffffffff
      972039000	     48500	8000291a	de18	c.sw	x14,56(x12)	 x12:0x80000080 x14:0x18410578 PA:0x800000b8 store:0x18410578 load:0xffffffff
      972099000	     48503	8000291c	de5c	c.sw	x15,60(x12)	 x12:0x80000080 x15:0xfffffe01 PA:0x800000bc store:0xfffffe01 load:0xffffffff
      972499000	     48523	8000291e	05062023	sw	x16,64(x12)	 x12:0x80000080 x16:0x00000000 PA:0x800000c0 store:0x00000000 load:0xffffffff
      972699000	     48533	80002922	05162223	sw	x17,68(x12)	 x12:0x80000080 x17:0xfffffff1 PA:0x800000c4 store:0xfffffff1 load:0xffffffff
      973159000	     48556	80002926	05262423	sw	x18,72(x12)	 x12:0x80000080 x18:0xe5d25ce4 PA:0x800000c8 store:0xe5d25ce4 load:0xffffffff
      973219000	     48559	8000292a	05362623	sw	x19,76(x12)	 x12:0x80000080 x19:0xebcc0000 PA:0x800000cc store:0xebcc0000 load:0xffffffff
      973519000	     48574	8000292e	05462823	sw	x20,80(x12)	 x12:0x80000080 x20:0x000001ff PA:0x800000d0 store:0x000001ff load:0xffffffff
      973579000	     48577	80002932	05562a23	sw	x21,84(x12)	 x12:0x80000080 x21:0x00000001 PA:0x800000d4 store:0x00000001 load:0xffffffff
      973599000	     48578	80002936	05662c23	sw	x22,88(x12)	 x12:0x80000080 x22:0x00000000 PA:0x800000d8 store:0x00000000 load:0xffffffff
      973879000	     48592	8000293a	05762e23	sw	x23,92(x12)	 x12:0x80000080 x23:0xfffffe01 PA:0x800000dc store:0xfffffe01 load:0xffffffff
      974299000	     48613	8000293e	07862023	sw	x24,96(x12)	 x12:0x80000080 x24:0x00000000 PA:0x800000e0 store:0x00000000 load:0xffffffff
      974759000	     48636	80002942	07962223	sw	x25,100(x12)	 x12:0x80000080 x25:0xffffffff PA:0x800000e4 store:0xffffffff load:0xffffffff
      974919000	     48644	80002946	07a62423	sw	x26,104(x12)	 x12:0x80000080 x26:0x8ffffffc PA:0x800000e8 store:0x8ffffffc load:0xffffffff
      974939000	     48645	8000294a	07b62623	sw	x27,108(x12)	 x12:0x80000080 x27:0xffffffff PA:0x800000ec store:0xffffffff load:0xffffffff
      975099000	     48653	8000294e	07c62823	sw	x28,112(x12)	 x12:0x80000080 x28:0xffffffff PA:0x800000f0 store:0xffffffff load:0xffffffff
      975159000	     48656	80002952	07d62a23	sw	x29,116(x12)	 x12:0x80000080 x29:0xffffffff PA:0x800000f4 store:0xffffffff load:0xffffffff
      975179000	     48657	80002956	07e62c23	sw	x30,120(x12)	 x12:0x80000080 x30:0x80025c60 PA:0x800000f8 store:0x80025c60 load:0xffffffff
      975239000	     48660	8000295a	07f62e23	sw	x31,124(x12)	 x12:0x80000080 x31:0x00000000 PA:0x800000fc store:0x00000000 load:0xffffffff
      975259000	     48661	8000295e	34102673	csrrs	x12,mepc,x0	  x0:0x00000000 x12=0x8000036e
      975279000	     48662	80002962	0611	c.addi	x12,4	 x12:0x8000036e x12=0x80000372
      975579000	     48677	80002964	34161073	csrrw	x0,mepc,x12	 x12:0x80000372  x0=0x00000000
      975959000	     48696	80002968	30200073	mret	
      976039000	     48700	80000372	90000d37	lui	x26,0x90000	 x26=0x90000000
      976059000	     48701	80000376	1d61	c.addi	x26,-8	 x26:0x90000000 x26=0x8ffffff8
      976079000	     48702	80000378	4605	c.li	x12,1	 x12=0x00000001
      976099000	     48703	8000037a	0622	c.slli	x12,0x8	 x12:0x00000001 x12=0x00000100
      976119000	     48704	8000037c	0605	c.addi	x12,1	 x12:0x00000100 x12=0x00000101
      976219000	     48709	8000037e	00cd2023	sw	x12,0(x26)	 x26:0x8ffffff8 x12:0x00000101 PA:0x8ffffff8 store:0x00000101 load:0xffffffff
      976239000	     48710	80000382	00000073	ecall	
      976299000	     48713	80002500	0800006f	jal	x0,80002580	  x0=0x00000000
      976599000	     48728	80002580	1f71	c.addi	x30,-4	 x30:0x80025c60 x30=0x80025c5c
      976759000	     48736	80002582	009f2023	sw	x9,0(x30)	 x30:0x80025c5c  x9:0x80025c60 PA:0x80025c5c store:0x80025c60 load:0xffffffff
      976779000	     48737	80002586	000f04b3	add	x9,x30,x0	 x30:0x80025c5c  x0:0x00000000  x9=0x80025c5c
      976799000	     48738	8000258a	f8048493	addi	x9,x9,-128	  x9:0x80025c5c  x9=0x80025bdc
      976979000	     48747	8000258e	0014a223	sw	x1,4(x9)	  x9:0x80025bdc  x1:0x00000000 PA:0x80025be0 store:0x00000000 load:0xffffffff
      977119000	     48754	80002592	0024a423	sw	x2,8(x9)	  x9:0x80025bdc  x2:0x000001e0 PA:0x80025be4 store:0x000001e0 load:0xffffffff
      977359000	     48766	80002596	0034a623	sw	x3,12(x9)	  x9:0x80025bdc  x3:0x00000000 PA:0x80025be8 store:0x00000000 load:0xffffffff
      977419000	     48769	8000259a	0044a823	sw	x4,16(x9)	  x9:0x80025bdc  x4:0x00003000 PA:0x80025bec store:0x00003000 load:0xffffffff
      977839000	     48790	8000259e	0054aa23	sw	x5,20(x9)	  x9:0x80025bdc  x5:0x6e7af300 PA:0x80025bf0 store:0x6e7af300 load:0xffffffff
      978019000	     48799	800025a2	0064ac23	sw	x6,24(x9)	  x9:0x80025bdc  x6:0x00003000 PA:0x80025bf4 store:0x00003000 load:0xffffffff
      978139000	     48805	800025a6	0074ae23	sw	x7,28(x9)	  x9:0x80025bdc  x7:0xffffffff PA:0x80025bf8 store:0xffffffff load:0xffffffff
      978259000	     48811	800025aa	d080	c.sw	x8,32(x9)	  x9:0x80025bdc  x8:0xfffffe01 PA:0x80025bfc store:0xfffffe01 load:0xffffffff
      978399000	     48818	800025ac	d0c4	c.sw	x9,36(x9)	  x9:0x80025bdc  x9:0x80025bdc PA:0x80025c00 store:0x80025bdc load:0xffffffff
      978599000	     48828	800025ae	d488	c.sw	x10,40(x9)	  x9:0x80025bdc x10:0x00000000 PA:0x80025c04 store:0x00000000 load:0xffffffff
      978679000	     48832	800025b0	d4cc	c.sw	x11,44(x9)	  x9:0x80025bdc x11:0x8000035e PA:0x80025c08 store:0x8000035e load:0xffffffff
      978699000	     48833	800025b2	d890	c.sw	x12,48(x9)	  x9:0x80025bdc x12:0x00000101 PA:0x80025c0c store:0x00000101 load:0xffffffff
      978739000	     48835	800025b4	d8d4	c.sw	x13,52(x9)	  x9:0x80025bdc x13:0x00000000 PA:0x80025c10 store:0x00000000 load:0xffffffff
      978779000	     48837	800025b6	dc98	c.sw	x14,56(x9)	  x9:0x80025bdc x14:0x18410578 PA:0x80025c14 store:0x18410578 load:0xffffffff
      978939000	     48845	800025b8	dcdc	c.sw	x15,60(x9)	  x9:0x80025bdc x15:0xfffffe01 PA:0x80025c18 store:0xfffffe01 load:0xffffffff
      979159000	     48856	800025ba	0504a023	sw	x16,64(x9)	  x9:0x80025bdc x16:0x00000000 PA:0x80025c1c store:0x00000000 load:0xffffffff
      979179000	     48857	800025be	0514a223	sw	x17,68(x9)	  x9:0x80025bdc x17:0xfffffff1 PA:0x80025c20 store:0xfffffff1 load:0xffffffff
      979599000	     48878	800025c2	0524a423	sw	x18,72(x9)	  x9:0x80025bdc x18:0xe5d25ce4 PA:0x80025c24 store:0xe5d25ce4 load:0xffffffff
      979659000	     48881	800025c6	0534a623	sw	x19,76(x9)	  x9:0x80025bdc x19:0xebcc0000 PA:0x80025c28 store:0xebcc0000 load:0xffffffff
      979679000	     48882	800025ca	0544a823	sw	x20,80(x9)	  x9:0x80025bdc x20:0x000001ff PA:0x80025c2c store:0x000001ff load:0xffffffff
      979699000	     48883	800025ce	0554aa23	sw	x21,84(x9)	  x9:0x80025bdc x21:0x00000001 PA:0x80025c30 store:0x00000001 load:0xffffffff
      979819000	     48889	800025d2	0564ac23	sw	x22,88(x9)	  x9:0x80025bdc x22:0x00000000 PA:0x80025c34 store:0x00000000 load:0xffffffff
      980279000	     48912	800025d6	0574ae23	sw	x23,92(x9)	  x9:0x80025bdc x23:0xfffffe01 PA:0x80025c38 store:0xfffffe01 load:0xffffffff
