Time	Cycle	PC	Insn	Decoded instruction	Register and memory contents
          38000	        15	00100080	3bc0006f	jal	x0,10043c	  x0=0x00000000
          40000	        16	0010043c	00000093	addi	x1,x0,0	  x0:0x00000000  x1=0x00000000
          42000	        17	00100440	00008113	addi	x2,x1,0	  x1:0x00000000  x2=0x00000000
          44000	        18	00100444	00008193	addi	x3,x1,0	  x1:0x00000000  x3=0x00000000
          46000	        19	00100448	00008213	addi	x4,x1,0	  x1:0x00000000  x4=0x00000000
          48000	        20	0010044c	00008293	addi	x5,x1,0	  x1:0x00000000  x5=0x00000000
          50000	        21	00100450	00008313	addi	x6,x1,0	  x1:0x00000000  x6=0x00000000
          52000	        22	00100454	00008393	addi	x7,x1,0	  x1:0x00000000  x7=0x00000000
          54000	        23	00100458	00008413	addi	x8,x1,0	  x1:0x00000000  x8=0x00000000
          56000	        24	0010045c	00008493	addi	x9,x1,0	  x1:0x00000000  x9=0x00000000
          58000	        25	00100460	00008513	addi	x10,x1,0	  x1:0x00000000 x10=0x00000000
          60000	        26	00100464	00008593	addi	x11,x1,0	  x1:0x00000000 x11=0x00000000
          62000	        27	00100468	00008613	addi	x12,x1,0	  x1:0x00000000 x12=0x00000000
          64000	        28	0010046c	00008693	addi	x13,x1,0	  x1:0x00000000 x13=0x00000000
          66000	        29	00100470	00008713	addi	x14,x1,0	  x1:0x00000000 x14=0x00000000
          68000	        30	00100474	00008793	addi	x15,x1,0	  x1:0x00000000 x15=0x00000000
          70000	        31	00100478	00008813	addi	x16,x1,0	  x1:0x00000000 x16=0x00000000
          72000	        32	0010047c	00008893	addi	x17,x1,0	  x1:0x00000000 x17=0x00000000
          74000	        33	00100480	00008913	addi	x18,x1,0	  x1:0x00000000 x18=0x00000000
          76000	        34	00100484	00008993	addi	x19,x1,0	  x1:0x00000000 x19=0x00000000
          78000	        35	00100488	00008a13	addi	x20,x1,0	  x1:0x00000000 x20=0x00000000
          80000	        36	0010048c	00008a93	addi	x21,x1,0	  x1:0x00000000 x21=0x00000000
          82000	        37	00100490	00008b13	addi	x22,x1,0	  x1:0x00000000 x22=0x00000000
          84000	        38	00100494	00008b93	addi	x23,x1,0	  x1:0x00000000 x23=0x00000000
          86000	        39	00100498	00008c13	addi	x24,x1,0	  x1:0x00000000 x24=0x00000000
          88000	        40	0010049c	00008c93	addi	x25,x1,0	  x1:0x00000000 x25=0x00000000
          90000	        41	001004a0	00008d13	addi	x26,x1,0	  x1:0x00000000 x26=0x00000000
          92000	        42	001004a4	00008d93	addi	x27,x1,0	  x1:0x00000000 x27=0x00000000
          94000	        43	001004a8	00008e13	addi	x28,x1,0	  x1:0x00000000 x28=0x00000000
          96000	        44	001004ac	00008e93	addi	x29,x1,0	  x1:0x00000000 x29=0x00000000
          98000	        45	001004b0	00008f13	addi	x30,x1,0	  x1:0x00000000 x30=0x00000000
         100000	        46	001004b4	00008f93	addi	x31,x1,0	  x1:0x00000000 x31=0x00000000
         102000	        47	001004b8	00038117	auipc	x2,0x38	  x2=0x001384b8
         104000	        48	001004bc	b4810113	addi	x2,x2,-1208	  x2:0x001384b8  x2=0x00138000
         106000	        49	001004c0	00000d17	auipc	x26,0x0	 x26=0x001004c0
         108000	        50	001004c4	1b0d0d13	addi	x26,x26,432	 x26:0x001004c0 x26=0x00100670
         110000	        51	001004c8	00000d97	auipc	x27,0x0	 x27=0x001004c8
         112000	        52	001004cc	1b8d8d93	addi	x27,x27,440	 x27:0x001004c8 x27=0x00100680
         114000	        53	001004d0	01bd5863	bge	x26,x27,1004e0	 x26:0x00100670 x27:0x00100680
         118000	        55	001004d4	000d2023	sw	x0,0(x26)	 x26:0x00100670  x0:0x00000000 PA:0x00100670 store:0x00000000 load:0x00000000
         120000	        56	001004d8	004d0d13	addi	x26,x26,4	 x26:0x00100670 x26=0x00100674
         124000	        58	001004dc	ffaddce3	bge	x27,x26,1004d4	 x27:0x00100680 x26:0x00100674
         130000	        61	001004d4	000d2023	sw	x0,0(x26)	 x26:0x00100674  x0:0x00000000 PA:0x00100674 store:0x00000000 load:0x00000000
         132000	        62	001004d8	004d0d13	addi	x26,x26,4	 x26:0x00100674 x26=0x00100678
         136000	        64	001004dc	ffaddce3	bge	x27,x26,1004d4	 x27:0x00100680 x26:0x00100678
         142000	        67	001004d4	000d2023	sw	x0,0(x26)	 x26:0x00100678  x0:0x00000000 PA:0x00100678 store:0x00000000 load:0x00000000
         144000	        68	001004d8	004d0d13	addi	x26,x26,4	 x26:0x00100678 x26=0x0010067c
         148000	        70	001004dc	ffaddce3	bge	x27,x26,1004d4	 x27:0x00100680 x26:0x0010067c
         154000	        73	001004d4	000d2023	sw	x0,0(x26)	 x26:0x0010067c  x0:0x00000000 PA:0x0010067c store:0x00000000 load:0x00000000
         156000	        74	001004d8	004d0d13	addi	x26,x26,4	 x26:0x0010067c x26=0x00100680
         160000	        76	001004dc	ffaddce3	bge	x27,x26,1004d4	 x27:0x00100680 x26:0x00100680
         166000	        79	001004d4	000d2023	sw	x0,0(x26)	 x26:0x00100680  x0:0x00000000 PA:0x00100680 store:0x00000000 load:0x00000000
         168000	        80	001004d8	004d0d13	addi	x26,x26,4	 x26:0x00100680 x26=0x00100684
         170000	        81	001004dc	ffaddce3	bge	x27,x26,1004d4	 x27:0x00100680 x26:0x00100684
         172000	        82	001004e0	00000513	addi	x10,x0,0	  x0:0x00000000 x10=0x00000000
         174000	        83	001004e4	00000593	addi	x11,x0,0	  x0:0x00000000 x11=0x00000000
         178000	        85	001004e8	01c000ef	jal	x1,100504	  x1=0x001004ec
         180000	        86	00100504	fe010113	addi	x2,x2,-32	  x2:0x00138000  x2=0x00137fe0
         184000	        88	00100508	00812c23	sw	x8,24(x2)	  x2:0x00137fe0  x8:0x00000000 PA:0x00137ff8 store:0x00000000 load:0x00000000
         188000	        90	0010050c	00112e23	sw	x1,28(x2)	  x2:0x00137fe0  x1:0x001004ec PA:0x00137ffc store:0x001004ec load:0x00000000
         192000	        92	00100510	00912a23	sw	x9,20(x2)	  x2:0x00137fe0  x9:0x00000000 PA:0x00137ff4 store:0x00000000 load:0x00000000
         196000	        94	00100514	01212823	sw	x18,16(x2)	  x2:0x00137fe0 x18:0x00000000 PA:0x00137ff0 store:0x00000000 load:0x00000000
         200000	        96	00100518	01312623	sw	x19,12(x2)	  x2:0x00137fe0 x19:0x00000000 PA:0x00137fec store:0x00000000 load:0x00000000
         204000	        98	0010051c	01412423	sw	x20,8(x2)	  x2:0x00137fe0 x20:0x00000000 PA:0x00137fe8 store:0x00000000 load:0x00000000
         208000	       100	00100520	01512223	sw	x21,4(x2)	  x2:0x00137fe0 x21:0x00000000 PA:0x00137fe4 store:0x00000000 load:0x00000000
         210000	       101	00100524	fff00413	addi	x8,x0,-1	  x0:0x00000000  x8=0xffffffff
         212000	       102	00100528	32041073	csrrw	x0,mcountinhibit,x8	  x8:0xffffffff  x0=0x00000000
         220000	       106	0010052c	bcdff0ef	jal	x1,1000f8	  x1=0x00100530
         222000	       107	001000f8	b0201073	csrrw	x0,minstret,x0	  x0:0x00000000  x0=0x00000000
         228000	       110	001000fc	b0001073	csrrw	x0,mcycle,x0	  x0:0x00000000  x0=0x00000000
         234000	       113	00100100	b0301073	csrrw	x0,mhpmcounter3,x0	  x0:0x00000000  x0=0x00000000
         240000	       116	00100104	b0401073	csrrw	x0,mhpmcounter4,x0	  x0:0x00000000  x0=0x00000000
         246000	       119	00100108	b0501073	csrrw	x0,mhpmcounter5,x0	  x0:0x00000000  x0=0x00000000
         252000	       122	0010010c	b0601073	csrrw	x0,mhpmcounter6,x0	  x0:0x00000000  x0=0x00000000
         258000	       125	00100110	b0701073	csrrw	x0,mhpmcounter7,x0	  x0:0x00000000  x0=0x00000000
         264000	       128	00100114	b0801073	csrrw	x0,mhpmcounter8,x0	  x0:0x00000000  x0=0x00000000
         270000	       131	00100118	b0901073	csrrw	x0,mhpmcounter9,x0	  x0:0x00000000  x0=0x00000000
         276000	       134	0010011c	b0a01073	csrrw	x0,mhpmcounter10,x0	  x0:0x00000000  x0=0x00000000
         282000	       137	00100120	b0b01073	csrrw	x0,mhpmcounter11,x0	  x0:0x00000000  x0=0x00000000
         288000	       140	00100124	b0c01073	csrrw	x0,mhpmcounter12,x0	  x0:0x00000000  x0=0x00000000
         294000	       143	00100128	b0d01073	csrrw	x0,mhpmcounter13,x0	  x0:0x00000000  x0=0x00000000
         300000	       146	0010012c	b0e01073	csrrw	x0,mhpmcounter14,x0	  x0:0x00000000  x0=0x00000000
         306000	       149	00100130	b0f01073	csrrw	x0,mhpmcounter15,x0	  x0:0x00000000  x0=0x00000000
         312000	       152	00100134	b1001073	csrrw	x0,mhpmcounter16,x0	  x0:0x00000000  x0=0x00000000
         318000	       155	00100138	b1101073	csrrw	x0,mhpmcounter17,x0	  x0:0x00000000  x0=0x00000000
         324000	       158	0010013c	b1201073	csrrw	x0,mhpmcounter18,x0	  x0:0x00000000  x0=0x00000000
         330000	       161	00100140	b1301073	csrrw	x0,mhpmcounter19,x0	  x0:0x00000000  x0=0x00000000
         336000	       164	00100144	b1401073	csrrw	x0,mhpmcounter20,x0	  x0:0x00000000  x0=0x00000000
         342000	       167	00100148	b1501073	csrrw	x0,mhpmcounter21,x0	  x0:0x00000000  x0=0x00000000
         348000	       170	0010014c	b1601073	csrrw	x0,mhpmcounter22,x0	  x0:0x00000000  x0=0x00000000
         354000	       173	00100150	b1701073	csrrw	x0,mhpmcounter23,x0	  x0:0x00000000  x0=0x00000000
         360000	       176	00100154	b1801073	csrrw	x0,mhpmcounter24,x0	  x0:0x00000000  x0=0x00000000
         366000	       179	00100158	b1901073	csrrw	x0,mhpmcounter25,x0	  x0:0x00000000  x0=0x00000000
         372000	       182	0010015c	b1a01073	csrrw	x0,mhpmcounter26,x0	  x0:0x00000000  x0=0x00000000
         378000	       185	00100160	b1b01073	csrrw	x0,mhpmcounter27,x0	  x0:0x00000000  x0=0x00000000
         384000	       188	00100164	b1c01073	csrrw	x0,mhpmcounter28,x0	  x0:0x00000000  x0=0x00000000
         390000	       191	00100168	b1d01073	csrrw	x0,mhpmcounter29,x0	  x0:0x00000000  x0=0x00000000
         396000	       194	0010016c	b1e01073	csrrw	x0,mhpmcounter30,x0	  x0:0x00000000  x0=0x00000000
         402000	       197	00100170	b1f01073	csrrw	x0,mhpmcounter31,x0	  x0:0x00000000  x0=0x00000000
         408000	       200	00100174	b8201073	csrrw	x0,minstreth,x0	  x0:0x00000000  x0=0x00000000
         414000	       203	00100178	b8001073	csrrw	x0,mcycleh,x0	  x0:0x00000000  x0=0x00000000
         420000	       206	0010017c	b8301073	csrrw	x0,mhpmcounter3h,x0	  x0:0x00000000  x0=0x00000000
         426000	       209	00100180	b8401073	csrrw	x0,mhpmcounter4h,x0	  x0:0x00000000  x0=0x00000000
         432000	       212	00100184	b8501073	csrrw	x0,mhpmcounter5h,x0	  x0:0x00000000  x0=0x00000000
         438000	       215	00100188	b8601073	csrrw	x0,mhpmcounter6h,x0	  x0:0x00000000  x0=0x00000000
         444000	       218	0010018c	b8701073	csrrw	x0,mhpmcounter7h,x0	  x0:0x00000000  x0=0x00000000
         450000	       221	00100190	b8801073	csrrw	x0,mhpmcounter8h,x0	  x0:0x00000000  x0=0x00000000
         456000	       224	00100194	b8901073	csrrw	x0,mhpmcounter9h,x0	  x0:0x00000000  x0=0x00000000
         462000	       227	00100198	b8a01073	csrrw	x0,mhpmcounter10h,x0	  x0:0x00000000  x0=0x00000000
         468000	       230	0010019c	b8b01073	csrrw	x0,mhpmcounter11h,x0	  x0:0x00000000  x0=0x00000000
         474000	       233	001001a0	b8c01073	csrrw	x0,mhpmcounter12h,x0	  x0:0x00000000  x0=0x00000000
         480000	       236	001001a4	b8d01073	csrrw	x0,mhpmcounter13h,x0	  x0:0x00000000  x0=0x00000000
         486000	       239	001001a8	b8e01073	csrrw	x0,mhpmcounter14h,x0	  x0:0x00000000  x0=0x00000000
         492000	       242	001001ac	b8f01073	csrrw	x0,mhpmcounter15h,x0	  x0:0x00000000  x0=0x00000000
         498000	       245	001001b0	b9001073	csrrw	x0,mhpmcounter16h,x0	  x0:0x00000000  x0=0x00000000
         504000	       248	001001b4	b9101073	csrrw	x0,mhpmcounter17h,x0	  x0:0x00000000  x0=0x00000000
         510000	       251	001001b8	b9201073	csrrw	x0,mhpmcounter18h,x0	  x0:0x00000000  x0=0x00000000
         516000	       254	001001bc	b9301073	csrrw	x0,mhpmcounter19h,x0	  x0:0x00000000  x0=0x00000000
         522000	       257	001001c0	b9401073	csrrw	x0,mhpmcounter20h,x0	  x0:0x00000000  x0=0x00000000
         528000	       260	001001c4	b9501073	csrrw	x0,mhpmcounter21h,x0	  x0:0x00000000  x0=0x00000000
         534000	       263	001001c8	b9601073	csrrw	x0,mhpmcounter22h,x0	  x0:0x00000000  x0=0x00000000
         540000	       266	001001cc	b9701073	csrrw	x0,mhpmcounter23h,x0	  x0:0x00000000  x0=0x00000000
         546000	       269	001001d0	b9801073	csrrw	x0,mhpmcounter24h,x0	  x0:0x00000000  x0=0x00000000
         552000	       272	001001d4	b9901073	csrrw	x0,mhpmcounter25h,x0	  x0:0x00000000  x0=0x00000000
         558000	       275	001001d8	b9a01073	csrrw	x0,mhpmcounter26h,x0	  x0:0x00000000  x0=0x00000000
         564000	       278	001001dc	b9b01073	csrrw	x0,mhpmcounter27h,x0	  x0:0x00000000  x0=0x00000000
         570000	       281	001001e0	b9c01073	csrrw	x0,mhpmcounter28h,x0	  x0:0x00000000  x0=0x00000000
         576000	       284	001001e4	b9d01073	csrrw	x0,mhpmcounter29h,x0	  x0:0x00000000  x0=0x00000000
         582000	       287	001001e8	b9e01073	csrrw	x0,mhpmcounter30h,x0	  x0:0x00000000  x0=0x00000000
         588000	       290	001001ec	b9f01073	csrrw	x0,mhpmcounter31h,x0	  x0:0x00000000  x0=0x00000000
         596000	       294	001001f0	00008067	jalr	x0,0(x1)	  x1:0x00100530  x0=0x00000000
         598000	       295	00100530	00000793	addi	x15,x0,0	  x0:0x00000000 x15=0x00000000
         600000	       296	00100534	32079073	csrrw	x0,mcountinhibit,x15	 x15:0x00000000  x0=0x00000000
         606000	       299	00100538	00000517	auipc	x10,0x0	 x10=0x00100538
         608000	       300	0010053c	10c50513	addi	x10,x10,268	 x10:0x00100538 x10=0x00100644
         612000	       302	00100540	b55ff0ef	jal	x1,100094	  x1=0x00100544
         614000	       303	00100094	00020737	lui	x14,0x20	 x14=0x00020000
         618000	       305	00100098	00054783	lbu	x15,0(x10)	 x10:0x00100644 x15=0x00000048 PA:0x00100644 load:0x00000048
         622000	       307	0010009c	00079663	bne	x15,x0,1000a8	 x15:0x00000048  x0:0x00000000
         626000	       309	001000a8	00150513	addi	x10,x10,1	 x10:0x00100644 x10=0x00100645
         630000	       311	001000ac	00f72023	sw	x15,0(x14)	 x14:0x00020000 x15:0x00000048 PA:0x00020000 store:0x00000048 load:0x00000000
         634000	       313	001000b0	fe9ff06f	jal	x0,100098	  x0=0x00000000
         638000	       315	00100098	00054783	lbu	x15,0(x10)	 x10:0x00100645 x15=0x00000065 PA:0x00100645 load:0x00000065
         642000	       317	0010009c	00079663	bne	x15,x0,1000a8	 x15:0x00000065  x0:0x00000000
         646000	       319	001000a8	00150513	addi	x10,x10,1	 x10:0x00100645 x10=0x00100646
         650000	       321	001000ac	00f72023	sw	x15,0(x14)	 x14:0x00020000 x15:0x00000065 PA:0x00020000 store:0x00000065 load:0x00000000
         654000	       323	001000b0	fe9ff06f	jal	x0,100098	  x0=0x00000000
         658000	       325	00100098	00054783	lbu	x15,0(x10)	 x10:0x00100646 x15=0x0000006c PA:0x00100646 load:0x0000006c
         662000	       327	0010009c	00079663	bne	x15,x0,1000a8	 x15:0x0000006c  x0:0x00000000
         666000	       329	001000a8	00150513	addi	x10,x10,1	 x10:0x00100646 x10=0x00100647
         670000	       331	001000ac	00f72023	sw	x15,0(x14)	 x14:0x00020000 x15:0x0000006c PA:0x00020000 store:0x0000006c load:0x00000000
         674000	       333	001000b0	fe9ff06f	jal	x0,100098	  x0=0x00000000
         678000	       335	00100098	00054783	lbu	x15,0(x10)	 x10:0x00100647 x15=0x0000006c PA:0x00100647 load:0x0000006c
         682000	       337	0010009c	00079663	bne	x15,x0,1000a8	 x15:0x0000006c  x0:0x00000000
         686000	       339	001000a8	00150513	addi	x10,x10,1	 x10:0x00100647 x10=0x00100648
         690000	       341	001000ac	00f72023	sw	x15,0(x14)	 x14:0x00020000 x15:0x0000006c PA:0x00020000 store:0x0000006c load:0x00000000
         694000	       343	001000b0	fe9ff06f	jal	x0,100098	  x0=0x00000000
         698000	       345	00100098	00054783	lbu	x15,0(x10)	 x10:0x00100648 x15=0x0000006f PA:0x00100648 load:0x0000006f
         702000	       347	0010009c	00079663	bne	x15,x0,1000a8	 x15:0x0000006f  x0:0x00000000
         706000	       349	001000a8	00150513	addi	x10,x10,1	 x10:0x00100648 x10=0x00100649
         710000	       351	001000ac	00f72023	sw	x15,0(x14)	 x14:0x00020000 x15:0x0000006f PA:0x00020000 store:0x0000006f load:0x00000000
         714000	       353	001000b0	fe9ff06f	jal	x0,100098	  x0=0x00000000
         718000	       355	00100098	00054783	lbu	x15,0(x10)	 x10:0x00100649 x15=0x00000020 PA:0x00100649 load:0x00000020
         722000	       357	0010009c	00079663	bne	x15,x0,1000a8	 x15:0x00000020  x0:0x00000000
         726000	       359	001000a8	00150513	addi	x10,x10,1	 x10:0x00100649 x10=0x0010064a
         730000	       361	001000ac	00f72023	sw	x15,0(x14)	 x14:0x00020000 x15:0x00000020 PA:0x00020000 store:0x00000020 load:0x00000000
         734000	       363	001000b0	fe9ff06f	jal	x0,100098	  x0=0x00000000
         738000	       365	00100098	00054783	lbu	x15,0(x10)	 x10:0x0010064a x15=0x00000073 PA:0x0010064a load:0x00000073
         742000	       367	0010009c	00079663	bne	x15,x0,1000a8	 x15:0x00000073  x0:0x00000000
         746000	       369	001000a8	00150513	addi	x10,x10,1	 x10:0x0010064a x10=0x0010064b
         750000	       371	001000ac	00f72023	sw	x15,0(x14)	 x14:0x00020000 x15:0x00000073 PA:0x00020000 store:0x00000073 load:0x00000000
         754000	       373	001000b0	fe9ff06f	jal	x0,100098	  x0=0x00000000
         758000	       375	00100098	00054783	lbu	x15,0(x10)	 x10:0x0010064b x15=0x00000069 PA:0x0010064b load:0x00000069
         762000	       377	0010009c	00079663	bne	x15,x0,1000a8	 x15:0x00000069  x0:0x00000000
         766000	       379	001000a8	00150513	addi	x10,x10,1	 x10:0x0010064b x10=0x0010064c
         770000	       381	001000ac	00f72023	sw	x15,0(x14)	 x14:0x00020000 x15:0x00000069 PA:0x00020000 store:0x00000069 load:0x00000000
         774000	       383	001000b0	fe9ff06f	jal	x0,100098	  x0=0x00000000
         778000	       385	00100098	00054783	lbu	x15,0(x10)	 x10:0x0010064c x15=0x0000006d PA:0x0010064c load:0x0000006d
         782000	       387	0010009c	00079663	bne	x15,x0,1000a8	 x15:0x0000006d  x0:0x00000000
         786000	       389	001000a8	00150513	addi	x10,x10,1	 x10:0x0010064c x10=0x0010064d
         790000	       391	001000ac	00f72023	sw	x15,0(x14)	 x14:0x00020000 x15:0x0000006d PA:0x00020000 store:0x0000006d load:0x00000000
         794000	       393	001000b0	fe9ff06f	jal	x0,100098	  x0=0x00000000
         798000	       395	00100098	00054783	lbu	x15,0(x10)	 x10:0x0010064d x15=0x00000070 PA:0x0010064d load:0x00000070
         802000	       397	0010009c	00079663	bne	x15,x0,1000a8	 x15:0x00000070  x0:0x00000000
         806000	       399	001000a8	00150513	addi	x10,x10,1	 x10:0x0010064d x10=0x0010064e
         810000	       401	001000ac	00f72023	sw	x15,0(x14)	 x14:0x00020000 x15:0x00000070 PA:0x00020000 store:0x00000070 load:0x00000000
         814000	       403	001000b0	fe9ff06f	jal	x0,100098	  x0=0x00000000
         818000	       405	00100098	00054783	lbu	x15,0(x10)	 x10:0x0010064e x15=0x0000006c PA:0x0010064e load:0x0000006c
         822000	       407	0010009c	00079663	bne	x15,x0,1000a8	 x15:0x0000006c  x0:0x00000000
         826000	       409	001000a8	00150513	addi	x10,x10,1	 x10:0x0010064e x10=0x0010064f
         830000	       411	001000ac	00f72023	sw	x15,0(x14)	 x14:0x00020000 x15:0x0000006c PA:0x00020000 store:0x0000006c load:0x00000000
         834000	       413	001000b0	fe9ff06f	jal	x0,100098	  x0=0x00000000
         838000	       415	00100098	00054783	lbu	x15,0(x10)	 x10:0x0010064f x15=0x00000065 PA:0x0010064f load:0x00000065
         842000	       417	0010009c	00079663	bne	x15,x0,1000a8	 x15:0x00000065  x0:0x00000000
         846000	       419	001000a8	00150513	addi	x10,x10,1	 x10:0x0010064f x10=0x00100650
         850000	       421	001000ac	00f72023	sw	x15,0(x14)	 x14:0x00020000 x15:0x00000065 PA:0x00020000 store:0x00000065 load:0x00000000
         854000	       423	001000b0	fe9ff06f	jal	x0,100098	  x0=0x00000000
         858000	       425	00100098	00054783	lbu	x15,0(x10)	 x10:0x00100650 x15=0x00000020 PA:0x00100650 load:0x00000020
         862000	       427	0010009c	00079663	bne	x15,x0,1000a8	 x15:0x00000020  x0:0x00000000
         866000	       429	001000a8	00150513	addi	x10,x10,1	 x10:0x00100650 x10=0x00100651
         870000	       431	001000ac	00f72023	sw	x15,0(x14)	 x14:0x00020000 x15:0x00000020 PA:0x00020000 store:0x00000020 load:0x00000000
         874000	       433	001000b0	fe9ff06f	jal	x0,100098	  x0=0x00000000
         878000	       435	00100098	00054783	lbu	x15,0(x10)	 x10:0x00100651 x15=0x00000073 PA:0x00100651 load:0x00000073
         882000	       437	0010009c	00079663	bne	x15,x0,1000a8	 x15:0x00000073  x0:0x00000000
         886000	       439	001000a8	00150513	addi	x10,x10,1	 x10:0x00100651 x10=0x00100652
         890000	       441	001000ac	00f72023	sw	x15,0(x14)	 x14:0x00020000 x15:0x00000073 PA:0x00020000 store:0x00000073 load:0x00000000
         894000	       443	001000b0	fe9ff06f	jal	x0,100098	  x0=0x00000000
         898000	       445	00100098	00054783	lbu	x15,0(x10)	 x10:0x00100652 x15=0x00000079 PA:0x00100652 load:0x00000079
         902000	       447	0010009c	00079663	bne	x15,x0,1000a8	 x15:0x00000079  x0:0x00000000
         906000	       449	001000a8	00150513	addi	x10,x10,1	 x10:0x00100652 x10=0x00100653
         910000	       451	001000ac	00f72023	sw	x15,0(x14)	 x14:0x00020000 x15:0x00000079 PA:0x00020000 store:0x00000079 load:0x00000000
         914000	       453	001000b0	fe9ff06f	jal	x0,100098	  x0=0x00000000
         918000	       455	00100098	00054783	lbu	x15,0(x10)	 x10:0x00100653 x15=0x00000073 PA:0x00100653 load:0x00000073
         922000	       457	0010009c	00079663	bne	x15,x0,1000a8	 x15:0x00000073  x0:0x00000000
         926000	       459	001000a8	00150513	addi	x10,x10,1	 x10:0x00100653 x10=0x00100654
         930000	       461	001000ac	00f72023	sw	x15,0(x14)	 x14:0x00020000 x15:0x00000073 PA:0x00020000 store:0x00000073 load:0x00000000
         934000	       463	001000b0	fe9ff06f	jal	x0,100098	  x0=0x00000000
         938000	       465	00100098	00054783	lbu	x15,0(x10)	 x10:0x00100654 x15=0x00000074 PA:0x00100654 load:0x00000074
         942000	       467	0010009c	00079663	bne	x15,x0,1000a8	 x15:0x00000074  x0:0x00000000
         946000	       469	001000a8	00150513	addi	x10,x10,1	 x10:0x00100654 x10=0x00100655
         950000	       471	001000ac	00f72023	sw	x15,0(x14)	 x14:0x00020000 x15:0x00000074 PA:0x00020000 store:0x00000074 load:0x00000000
         954000	       473	001000b0	fe9ff06f	jal	x0,100098	  x0=0x00000000
         958000	       475	00100098	00054783	lbu	x15,0(x10)	 x10:0x00100655 x15=0x00000065 PA:0x00100655 load:0x00000065
         962000	       477	0010009c	00079663	bne	x15,x0,1000a8	 x15:0x00000065  x0:0x00000000
         966000	       479	001000a8	00150513	addi	x10,x10,1	 x10:0x00100655 x10=0x00100656
         970000	       481	001000ac	00f72023	sw	x15,0(x14)	 x14:0x00020000 x15:0x00000065 PA:0x00020000 store:0x00000065 load:0x00000000
         974000	       483	001000b0	fe9ff06f	jal	x0,100098	  x0=0x00000000
         978000	       485	00100098	00054783	lbu	x15,0(x10)	 x10:0x00100656 x15=0x0000006d PA:0x00100656 load:0x0000006d
         982000	       487	0010009c	00079663	bne	x15,x0,1000a8	 x15:0x0000006d  x0:0x00000000
         986000	       489	001000a8	00150513	addi	x10,x10,1	 x10:0x00100656 x10=0x00100657
         990000	       491	001000ac	00f72023	sw	x15,0(x14)	 x14:0x00020000 x15:0x0000006d PA:0x00020000 store:0x0000006d load:0x00000000
         994000	       493	001000b0	fe9ff06f	jal	x0,100098	  x0=0x00000000
         998000	       495	00100098	00054783	lbu	x15,0(x10)	 x10:0x00100657 x15=0x0000000a PA:0x00100657 load:0x0000000a
        1002000	       497	0010009c	00079663	bne	x15,x0,1000a8	 x15:0x0000000a  x0:0x00000000
        1006000	       499	001000a8	00150513	addi	x10,x10,1	 x10:0x00100657 x10=0x00100658
        1010000	       501	001000ac	00f72023	sw	x15,0(x14)	 x14:0x00020000 x15:0x0000000a PA:0x00020000 store:0x0000000a load:0x00000000
        1014000	       503	001000b0	fe9ff06f	jal	x0,100098	  x0=0x00000000
        1018000	       505	00100098	00054783	lbu	x15,0(x10)	 x10:0x00100658 x15=0x00000000 PA:0x00100658 load:0x00000000
        1020000	       506	0010009c	00079663	bne	x15,x0,1000a8	 x15:0x00000000  x0:0x00000000
        1022000	       507	001000a0	00000513	addi	x10,x0,0	  x0:0x00000000 x10=0x00000000
        1026000	       509	001000a4	00008067	jalr	x0,0(x1)	  x1:0x00100544  x0=0x00000000
        1028000	       510	00100544	deadc537	lui	x10,0xdeadc	 x10=0xdeadc000
        1030000	       511	00100548	eef50513	addi	x10,x10,-273	 x10:0xdeadc000 x10=0xdeadbeef
        1034000	       513	0010054c	b69ff0ef	jal	x1,1000b4	  x1=0x00100550
        1036000	       514	001000b4	00800713	addi	x14,x0,8	  x0:0x00000000 x14=0x00000008
        1038000	       515	001000b8	00900613	addi	x12,x0,9	  x0:0x00000000 x12=0x00000009
        1040000	       516	001000bc	000206b7	lui	x13,0x20	 x13=0x00020000
        1042000	       517	001000c0	01c55793	srli	x15,x10,0x1c	 x10:0xdeadbeef x15=0x0000000d
        1046000	       519	001000c4	00f66e63	bltu	x12,x15,1000e0	 x12:0x00000009 x15:0x0000000d
        1050000	       521	001000e0	03778793	addi	x15,x15,55	 x15:0x0000000d x15=0x00000044
        1054000	       523	001000e4	fe9ff06f	jal	x0,1000cc	  x0=0x00000000
        1058000	       525	001000cc	00f6a023	sw	x15,0(x13)	 x13:0x00020000 x15:0x00000044 PA:0x00020000 store:0x00000044 load:0x00000000
        1060000	       526	001000d0	fff70713	addi	x14,x14,-1	 x14:0x00000008 x14=0x00000007
        1062000	       527	001000d4	00451513	slli	x10,x10,0x4	 x10:0xdeadbeef x10=0xeadbeef0
        1066000	       529	001000d8	fe0714e3	bne	x14,x0,1000c0	 x14:0x00000007  x0:0x00000000
        1070000	       531	001000c0	01c55793	srli	x15,x10,0x1c	 x10:0xeadbeef0 x15=0x0000000e
        1074000	       533	001000c4	00f66e63	bltu	x12,x15,1000e0	 x12:0x00000009 x15:0x0000000e
        1078000	       535	001000e0	03778793	addi	x15,x15,55	 x15:0x0000000e x15=0x00000045
        1082000	       537	001000e4	fe9ff06f	jal	x0,1000cc	  x0=0x00000000
        1086000	       539	001000cc	00f6a023	sw	x15,0(x13)	 x13:0x00020000 x15:0x00000045 PA:0x00020000 store:0x00000045 load:0x00000000
        1088000	       540	001000d0	fff70713	addi	x14,x14,-1	 x14:0x00000007 x14=0x00000006
        1090000	       541	001000d4	00451513	slli	x10,x10,0x4	 x10:0xeadbeef0 x10=0xadbeef00
        1094000	       543	001000d8	fe0714e3	bne	x14,x0,1000c0	 x14:0x00000006  x0:0x00000000
        1098000	       545	001000c0	01c55793	srli	x15,x10,0x1c	 x10:0xadbeef00 x15=0x0000000a
        1102000	       547	001000c4	00f66e63	bltu	x12,x15,1000e0	 x12:0x00000009 x15:0x0000000a
        1106000	       549	001000e0	03778793	addi	x15,x15,55	 x15:0x0000000a x15=0x00000041
        1110000	       551	001000e4	fe9ff06f	jal	x0,1000cc	  x0=0x00000000
        1114000	       553	001000cc	00f6a023	sw	x15,0(x13)	 x13:0x00020000 x15:0x00000041 PA:0x00020000 store:0x00000041 load:0x00000000
        1116000	       554	001000d0	fff70713	addi	x14,x14,-1	 x14:0x00000006 x14=0x00000005
        1118000	       555	001000d4	00451513	slli	x10,x10,0x4	 x10:0xadbeef00 x10=0xdbeef000
        1122000	       557	001000d8	fe0714e3	bne	x14,x0,1000c0	 x14:0x00000005  x0:0x00000000
        1126000	       559	001000c0	01c55793	srli	x15,x10,0x1c	 x10:0xdbeef000 x15=0x0000000d
        1130000	       561	001000c4	00f66e63	bltu	x12,x15,1000e0	 x12:0x00000009 x15:0x0000000d
        1134000	       563	001000e0	03778793	addi	x15,x15,55	 x15:0x0000000d x15=0x00000044
        1138000	       565	001000e4	fe9ff06f	jal	x0,1000cc	  x0=0x00000000
        1142000	       567	001000cc	00f6a023	sw	x15,0(x13)	 x13:0x00020000 x15:0x00000044 PA:0x00020000 store:0x00000044 load:0x00000000
        1144000	       568	001000d0	fff70713	addi	x14,x14,-1	 x14:0x00000005 x14=0x00000004
        1146000	       569	001000d4	00451513	slli	x10,x10,0x4	 x10:0xdbeef000 x10=0xbeef0000
        1150000	       571	001000d8	fe0714e3	bne	x14,x0,1000c0	 x14:0x00000004  x0:0x00000000
        1154000	       573	001000c0	01c55793	srli	x15,x10,0x1c	 x10:0xbeef0000 x15=0x0000000b
        1158000	       575	001000c4	00f66e63	bltu	x12,x15,1000e0	 x12:0x00000009 x15:0x0000000b
        1162000	       577	001000e0	03778793	addi	x15,x15,55	 x15:0x0000000b x15=0x00000042
        1166000	       579	001000e4	fe9ff06f	jal	x0,1000cc	  x0=0x00000000
        1170000	       581	001000cc	00f6a023	sw	x15,0(x13)	 x13:0x00020000 x15:0x00000042 PA:0x00020000 store:0x00000042 load:0x00000000
        1172000	       582	001000d0	fff70713	addi	x14,x14,-1	 x14:0x00000004 x14=0x00000003
        1174000	       583	001000d4	00451513	slli	x10,x10,0x4	 x10:0xbeef0000 x10=0xeef00000
        1178000	       585	001000d8	fe0714e3	bne	x14,x0,1000c0	 x14:0x00000003  x0:0x00000000
        1182000	       587	001000c0	01c55793	srli	x15,x10,0x1c	 x10:0xeef00000 x15=0x0000000e
        1186000	       589	001000c4	00f66e63	bltu	x12,x15,1000e0	 x12:0x00000009 x15:0x0000000e
        1190000	       591	001000e0	03778793	addi	x15,x15,55	 x15:0x0000000e x15=0x00000045
        1194000	       593	001000e4	fe9ff06f	jal	x0,1000cc	  x0=0x00000000
        1198000	       595	001000cc	00f6a023	sw	x15,0(x13)	 x13:0x00020000 x15:0x00000045 PA:0x00020000 store:0x00000045 load:0x00000000
        1200000	       596	001000d0	fff70713	addi	x14,x14,-1	 x14:0x00000003 x14=0x00000002
        1202000	       597	001000d4	00451513	slli	x10,x10,0x4	 x10:0xeef00000 x10=0xef000000
        1206000	       599	001000d8	fe0714e3	bne	x14,x0,1000c0	 x14:0x00000002  x0:0x00000000
        1210000	       601	001000c0	01c55793	srli	x15,x10,0x1c	 x10:0xef000000 x15=0x0000000e
        1214000	       603	001000c4	00f66e63	bltu	x12,x15,1000e0	 x12:0x00000009 x15:0x0000000e
        1218000	       605	001000e0	03778793	addi	x15,x15,55	 x15:0x0000000e x15=0x00000045
        1222000	       607	001000e4	fe9ff06f	jal	x0,1000cc	  x0=0x00000000
        1226000	       609	001000cc	00f6a023	sw	x15,0(x13)	 x13:0x00020000 x15:0x00000045 PA:0x00020000 store:0x00000045 load:0x00000000
        1228000	       610	001000d0	fff70713	addi	x14,x14,-1	 x14:0x00000002 x14=0x00000001
        1230000	       611	001000d4	00451513	slli	x10,x10,0x4	 x10:0xef000000 x10=0xf0000000
        1234000	       613	001000d8	fe0714e3	bne	x14,x0,1000c0	 x14:0x00000001  x0:0x00000000
        1238000	       615	001000c0	01c55793	srli	x15,x10,0x1c	 x10:0xf0000000 x15=0x0000000f
        1242000	       617	001000c4	00f66e63	bltu	x12,x15,1000e0	 x12:0x00000009 x15:0x0000000f
        1246000	       619	001000e0	03778793	addi	x15,x15,55	 x15:0x0000000f x15=0x00000046
        1250000	       621	001000e4	fe9ff06f	jal	x0,1000cc	  x0=0x00000000
        1254000	       623	001000cc	00f6a023	sw	x15,0(x13)	 x13:0x00020000 x15:0x00000046 PA:0x00020000 store:0x00000046 load:0x00000000
        1256000	       624	001000d0	fff70713	addi	x14,x14,-1	 x14:0x00000001 x14=0x00000000
        1258000	       625	001000d4	00451513	slli	x10,x10,0x4	 x10:0xf0000000 x10=0x00000000
        1260000	       626	001000d8	fe0714e3	bne	x14,x0,1000c0	 x14:0x00000000  x0:0x00000000
        1264000	       628	001000dc	00008067	jalr	x0,0(x1)	  x1:0x00100550  x0=0x00000000
        1266000	       629	00100550	00a00513	addi	x10,x0,10	  x0:0x00000000 x10=0x0000000a
        1270000	       631	00100554	b31ff0ef	jal	x1,100084	  x1=0x00100558
        1272000	       632	00100084	0ff57793	andi	x15,x10,255	 x10:0x0000000a x15=0x0000000a
        1274000	       633	00100088	00020737	lui	x14,0x20	 x14=0x00020000
        1278000	       635	0010008c	00f72023	sw	x15,0(x14)	 x14:0x00020000 x15:0x0000000a PA:0x00020000 store:0x0000000a load:0x00000000
        1282000	       637	00100090	00008067	jalr	x0,0(x1)	  x1:0x00100558  x0=0x00000000
        1284000	       638	00100558	baadf537	lui	x10,0xbaadf	 x10=0xbaadf000
        1286000	       639	0010055c	00d50513	addi	x10,x10,13	 x10:0xbaadf000 x10=0xbaadf00d
        1290000	       641	00100560	b55ff0ef	jal	x1,1000b4	  x1=0x00100564
        1292000	       642	001000b4	00800713	addi	x14,x0,8	  x0:0x00000000 x14=0x00000008
        1294000	       643	001000b8	00900613	addi	x12,x0,9	  x0:0x00000000 x12=0x00000009
        1296000	       644	001000bc	000206b7	lui	x13,0x20	 x13=0x00020000
        1298000	       645	001000c0	01c55793	srli	x15,x10,0x1c	 x10:0xbaadf00d x15=0x0000000b
        1302000	       647	001000c4	00f66e63	bltu	x12,x15,1000e0	 x12:0x00000009 x15:0x0000000b
        1306000	       649	001000e0	03778793	addi	x15,x15,55	 x15:0x0000000b x15=0x00000042
        1310000	       651	001000e4	fe9ff06f	jal	x0,1000cc	  x0=0x00000000
        1314000	       653	001000cc	00f6a023	sw	x15,0(x13)	 x13:0x00020000 x15:0x00000042 PA:0x00020000 store:0x00000042 load:0x00000000
        1316000	       654	001000d0	fff70713	addi	x14,x14,-1	 x14:0x00000008 x14=0x00000007
        1318000	       655	001000d4	00451513	slli	x10,x10,0x4	 x10:0xbaadf00d x10=0xaadf00d0
        1322000	       657	001000d8	fe0714e3	bne	x14,x0,1000c0	 x14:0x00000007  x0:0x00000000
        1326000	       659	001000c0	01c55793	srli	x15,x10,0x1c	 x10:0xaadf00d0 x15=0x0000000a
        1330000	       661	001000c4	00f66e63	bltu	x12,x15,1000e0	 x12:0x00000009 x15:0x0000000a
        1334000	       663	001000e0	03778793	addi	x15,x15,55	 x15:0x0000000a x15=0x00000041
        1338000	       665	001000e4	fe9ff06f	jal	x0,1000cc	  x0=0x00000000
        1342000	       667	001000cc	00f6a023	sw	x15,0(x13)	 x13:0x00020000 x15:0x00000041 PA:0x00020000 store:0x00000041 load:0x00000000
        1344000	       668	001000d0	fff70713	addi	x14,x14,-1	 x14:0x00000007 x14=0x00000006
        1346000	       669	001000d4	00451513	slli	x10,x10,0x4	 x10:0xaadf00d0 x10=0xadf00d00
        1350000	       671	001000d8	fe0714e3	bne	x14,x0,1000c0	 x14:0x00000006  x0:0x00000000
        1354000	       673	001000c0	01c55793	srli	x15,x10,0x1c	 x10:0xadf00d00 x15=0x0000000a
        1358000	       675	001000c4	00f66e63	bltu	x12,x15,1000e0	 x12:0x00000009 x15:0x0000000a
        1362000	       677	001000e0	03778793	addi	x15,x15,55	 x15:0x0000000a x15=0x00000041
        1366000	       679	001000e4	fe9ff06f	jal	x0,1000cc	  x0=0x00000000
        1370000	       681	001000cc	00f6a023	sw	x15,0(x13)	 x13:0x00020000 x15:0x00000041 PA:0x00020000 store:0x00000041 load:0x00000000
        1372000	       682	001000d0	fff70713	addi	x14,x14,-1	 x14:0x00000006 x14=0x00000005
        1374000	       683	001000d4	00451513	slli	x10,x10,0x4	 x10:0xadf00d00 x10=0xdf00d000
        1378000	       685	001000d8	fe0714e3	bne	x14,x0,1000c0	 x14:0x00000005  x0:0x00000000
        1382000	       687	001000c0	01c55793	srli	x15,x10,0x1c	 x10:0xdf00d000 x15=0x0000000d
        1386000	       689	001000c4	00f66e63	bltu	x12,x15,1000e0	 x12:0x00000009 x15:0x0000000d
        1390000	       691	001000e0	03778793	addi	x15,x15,55	 x15:0x0000000d x15=0x00000044
        1394000	       693	001000e4	fe9ff06f	jal	x0,1000cc	  x0=0x00000000
        1398000	       695	001000cc	00f6a023	sw	x15,0(x13)	 x13:0x00020000 x15:0x00000044 PA:0x00020000 store:0x00000044 load:0x00000000
        1400000	       696	001000d0	fff70713	addi	x14,x14,-1	 x14:0x00000005 x14=0x00000004
        1402000	       697	001000d4	00451513	slli	x10,x10,0x4	 x10:0xdf00d000 x10=0xf00d0000
        1406000	       699	001000d8	fe0714e3	bne	x14,x0,1000c0	 x14:0x00000004  x0:0x00000000
        1410000	       701	001000c0	01c55793	srli	x15,x10,0x1c	 x10:0xf00d0000 x15=0x0000000f
        1414000	       703	001000c4	00f66e63	bltu	x12,x15,1000e0	 x12:0x00000009 x15:0x0000000f
        1418000	       705	001000e0	03778793	addi	x15,x15,55	 x15:0x0000000f x15=0x00000046
        1422000	       707	001000e4	fe9ff06f	jal	x0,1000cc	  x0=0x00000000
        1426000	       709	001000cc	00f6a023	sw	x15,0(x13)	 x13:0x00020000 x15:0x00000046 PA:0x00020000 store:0x00000046 load:0x00000000
        1428000	       710	001000d0	fff70713	addi	x14,x14,-1	 x14:0x00000004 x14=0x00000003
        1430000	       711	001000d4	00451513	slli	x10,x10,0x4	 x10:0xf00d0000 x10=0x00d00000
        1434000	       713	001000d8	fe0714e3	bne	x14,x0,1000c0	 x14:0x00000003  x0:0x00000000
        1438000	       715	001000c0	01c55793	srli	x15,x10,0x1c	 x10:0x00d00000 x15=0x00000000
        1440000	       716	001000c4	00f66e63	bltu	x12,x15,1000e0	 x12:0x00000009 x15:0x00000000
        1442000	       717	001000c8	03078793	addi	x15,x15,48	 x15:0x00000000 x15=0x00000030
        1446000	       719	001000cc	00f6a023	sw	x15,0(x13)	 x13:0x00020000 x15:0x00000030 PA:0x00020000 store:0x00000030 load:0x00000000
        1448000	       720	001000d0	fff70713	addi	x14,x14,-1	 x14:0x00000003 x14=0x00000002
        1450000	       721	001000d4	00451513	slli	x10,x10,0x4	 x10:0x00d00000 x10=0x0d000000
        1454000	       723	001000d8	fe0714e3	bne	x14,x0,1000c0	 x14:0x00000002  x0:0x00000000
        1458000	       725	001000c0	01c55793	srli	x15,x10,0x1c	 x10:0x0d000000 x15=0x00000000
        1460000	       726	001000c4	00f66e63	bltu	x12,x15,1000e0	 x12:0x00000009 x15:0x00000000
        1462000	       727	001000c8	03078793	addi	x15,x15,48	 x15:0x00000000 x15=0x00000030
        1466000	       729	001000cc	00f6a023	sw	x15,0(x13)	 x13:0x00020000 x15:0x00000030 PA:0x00020000 store:0x00000030 load:0x00000000
        1468000	       730	001000d0	fff70713	addi	x14,x14,-1	 x14:0x00000002 x14=0x00000001
        1470000	       731	001000d4	00451513	slli	x10,x10,0x4	 x10:0x0d000000 x10=0xd0000000
        1474000	       733	001000d8	fe0714e3	bne	x14,x0,1000c0	 x14:0x00000001  x0:0x00000000
        1478000	       735	001000c0	01c55793	srli	x15,x10,0x1c	 x10:0xd0000000 x15=0x0000000d
        1482000	       737	001000c4	00f66e63	bltu	x12,x15,1000e0	 x12:0x00000009 x15:0x0000000d
        1486000	       739	001000e0	03778793	addi	x15,x15,55	 x15:0x0000000d x15=0x00000044
        1490000	       741	001000e4	fe9ff06f	jal	x0,1000cc	  x0=0x00000000
        1494000	       743	001000cc	00f6a023	sw	x15,0(x13)	 x13:0x00020000 x15:0x00000044 PA:0x00020000 store:0x00000044 load:0x00000000
        1496000	       744	001000d0	fff70713	addi	x14,x14,-1	 x14:0x00000001 x14=0x00000000
        1498000	       745	001000d4	00451513	slli	x10,x10,0x4	 x10:0xd0000000 x10=0x00000000
        1500000	       746	001000d8	fe0714e3	bne	x14,x0,1000c0	 x14:0x00000000  x0:0x00000000
        1504000	       748	001000dc	00008067	jalr	x0,0(x1)	  x1:0x00100564  x0=0x00000000
        1506000	       749	00100564	00a00513	addi	x10,x0,10	  x0:0x00000000 x10=0x0000000a
        1510000	       751	00100568	b1dff0ef	jal	x1,100084	  x1=0x0010056c
        1512000	       752	00100084	0ff57793	andi	x15,x10,255	 x10:0x0000000a x15=0x0000000a
        1514000	       753	00100088	00020737	lui	x14,0x20	 x14=0x00020000
        1518000	       755	0010008c	00f72023	sw	x15,0(x14)	 x14:0x00020000 x15:0x0000000a PA:0x00020000 store:0x0000000a load:0x00000000
        1522000	       757	00100090	00008067	jalr	x0,0(x1)	  x1:0x0010056c  x0=0x00000000
        1524000	       758	0010056c	32041073	csrrw	x0,mcountinhibit,x8	  x8:0xffffffff  x0=0x00000000
        1530000	       761	00100570	7d000513	addi	x10,x0,2000	  x0:0x00000000 x10=0x000007d0
        1532000	       762	00100574	00000593	addi	x11,x0,0	  x0:0x00000000 x11=0x00000000
        1536000	       764	00100578	d45ff0ef	jal	x1,1002bc	  x1=0x0010057c
        1538000	       765	001002bc	ff010113	addi	x2,x2,-16	  x2:0x00137fe0  x2=0x00137fd0
        1542000	       767	001002c0	00112623	sw	x1,12(x2)	  x2:0x00137fd0  x1:0x0010057c PA:0x00137fdc store:0x0010057c load:0x00000000
        1546000	       769	001002c4	00812423	sw	x8,8(x2)	  x2:0x00137fd0  x8:0xffffffff PA:0x00137fd8 store:0xffffffff load:0x00000000
        1550000	       771	001002c8	00912223	sw	x9,4(x2)	  x2:0x00137fd0  x9:0x00000000 PA:0x00137fd4 store:0x00000000 load:0x00000000
        1552000	       772	001002cc	00000693	addi	x13,x0,0	  x0:0x00000000 x13=0x00000000
        1554000	       773	001002d0	00000797	auipc	x15,0x0	 x15=0x001002d0
        1556000	       774	001002d4	3a878793	addi	x15,x15,936	 x15:0x001002d0 x15=0x00100678
        1560000	       776	001002d8	00d7a023	sw	x13,0(x15)	 x15:0x00100678 x13:0x00000000 PA:0x00100678 store:0x00000000 load:0x00000000
        1562000	       777	001002dc	00000713	addi	x14,x0,0	  x0:0x00000000 x14=0x00000000
        1566000	       779	001002e0	00e7a223	sw	x14,4(x15)	 x15:0x00100678 x14:0x00000000 PA:0x0010067c store:0x00000000 load:0x00000000
        1568000	       780	001002e4	00000797	auipc	x15,0x0	 x15=0x001002e4
        1570000	       781	001002e8	38c78793	addi	x15,x15,908	 x15:0x001002e4 x15=0x00100670
        1572000	       782	001002ec	00050413	addi	x8,x10,0	 x10:0x000007d0  x8=0x000007d0
        1574000	       783	001002f0	00058493	addi	x9,x11,0	 x11:0x00000000  x9=0x00000000
        1578000	       785	001002f4	00a7a023	sw	x10,0(x15)	 x15:0x00100670 x10:0x000007d0 PA:0x00100670 store:0x000007d0 load:0x00000000
        1582000	       787	001002f8	00b7a223	sw	x11,4(x15)	 x15:0x00100670 x11:0x00000000 PA:0x00100674 store:0x00000000 load:0x00000000
        1586000	       789	001002fc	f91ff0ef	jal	x1,10028c	  x1=0x00100300
        1588000	       790	0010028c	000307b7	lui	x15,0x30	 x15=0x00030000
        1592000	       792	00100290	0047a703	lw	x14,4(x15)	 x15:0x00030000 x14=0x00000000 PA:0x00030004 load:0x00000000
        1596000	       794	00100294	0007a503	lw	x10,0(x15)	 x15:0x00030000 x10=0x00000318 PA:0x00030000 load:0x00000318
        1600000	       796	00100298	0047a583	lw	x11,4(x15)	 x15:0x00030000 x11=0x00000000 PA:0x00030004 load:0x00000000
        1602000	       797	0010029c	fee59ae3	bne	x11,x14,100290	 x11:0x00000000 x14:0x00000000
        1606000	       799	001002a0	00008067	jalr	x0,0(x1)	  x1:0x00100300  x0=0x00000000
        1608000	       800	00100300	00a40533	add	x10,x8,x10	  x8:0x000007d0 x10:0x00000318 x10=0x00000ae8
        1610000	       801	00100304	00853433	sltu	x8,x10,x8	 x10:0x00000ae8  x8:0x000007d0  x8=0x00000000
        1612000	       802	00100308	00b485b3	add	x11,x9,x11	  x9:0x00000000 x11:0x00000000 x11=0x00000000
        1614000	       803	0010030c	00b405b3	add	x11,x8,x11	  x8:0x00000000 x11:0x00000000 x11=0x00000000
        1618000	       805	00100310	f95ff0ef	jal	x1,1002a4	  x1=0x00100314
        1620000	       806	001002a4	000307b7	lui	x15,0x30	 x15=0x00030000
        1622000	       807	001002a8	fff00713	addi	x14,x0,-1	  x0:0x00000000 x14=0xffffffff
        1626000	       809	001002ac	00e7a423	sw	x14,8(x15)	 x15:0x00030000 x14:0xffffffff PA:0x00030008 store:0xffffffff load:0x00000000
        1630000	       811	001002b0	00b7a623	sw	x11,12(x15)	 x15:0x00030000 x11:0x00000000 PA:0x0003000c store:0x00000000 load:0x00000000
        1634000	       813	001002b4	00a7a423	sw	x10,8(x15)	 x15:0x00030000 x10:0x00000ae8 PA:0x00030008 store:0x00000ae8 load:0xffffffff
        1638000	       815	001002b8	00008067	jalr	x0,0(x1)	  x1:0x00100314  x0=0x00000000
        1640000	       816	00100314	08000793	addi	x15,x0,128	  x0:0x00000000 x15=0x00000080
        1642000	       817	00100318	3047a073	csrrs	x0,mie,x15	 x15:0x00000080  x0=0x00000000
        1648000	       820	0010031c	00800793	addi	x15,x0,8	  x0:0x00000000 x15=0x00000008
        1650000	       821	00100320	3007a073	csrrs	x0,mstatus,x15	 x15:0x00000008  x0=0x00000000
        1658000	       825	00100324	00c12083	lw	x1,12(x2)	  x2:0x00137fd0  x1=0x0010057c PA:0x00137fdc load:0x0010057c
        1662000	       827	00100328	00812403	lw	x8,8(x2)	  x2:0x00137fd0  x8=0xffffffff PA:0x00137fd8 load:0xffffffff
        1666000	       829	0010032c	00412483	lw	x9,4(x2)	  x2:0x00137fd0  x9=0x00000000 PA:0x00137fd4 load:0x00000000
        1668000	       830	00100330	01010113	addi	x2,x2,16	  x2:0x00137fd0  x2=0x00137fe0
        1672000	       832	00100334	00008067	jalr	x0,0(x1)	  x1:0x0010057c  x0=0x00000000
        1676000	       834	0010057c	dbdff0ef	jal	x1,100338	  x1=0x00100580
        1678000	       835	00100338	00000797	auipc	x15,0x0	 x15=0x00100338
        1680000	       836	0010033c	34078793	addi	x15,x15,832	 x15:0x00100338 x15=0x00100678
        1684000	       838	00100340	0007a503	lw	x10,0(x15)	 x15:0x00100678 x10=0x00000000 PA:0x00100678 load:0x00000000
        1688000	       840	00100344	0047a583	lw	x11,4(x15)	 x15:0x00100678 x11=0x00000000 PA:0x0010067c load:0x00000000
        1692000	       842	00100348	00008067	jalr	x0,0(x1)	  x1:0x00100580  x0=0x00000000
        1694000	       843	00100580	00050493	addi	x9,x10,0	 x10:0x00000000  x9=0x00000000
        1696000	       844	00100584	00058413	addi	x8,x11,0	 x11:0x00000000  x8=0x00000000
        1698000	       845	00100588	00400993	addi	x19,x0,4	  x0:0x00000000 x19=0x00000004
        1700000	       846	0010058c	00000a17	auipc	x20,0x0	 x20=0x0010058c
        1702000	       847	00100590	0d8a0a13	addi	x20,x20,216	 x20:0x0010058c x20=0x00100664
        1704000	       848	00100594	00000a97	auipc	x21,0x0	 x21=0x00100594
        1706000	       849	00100598	0c8a8a93	addi	x21,x21,200	 x21:0x00100594 x21=0x0010065c
        1708000	       850	0010059c	00041463	bne	x8,x0,1005a4	  x8:0x00000000  x0:0x00000000
        1712000	       852	001005a0	0299f663	bgeu	x19,x9,1005cc	 x19:0x00000004  x9:0x00000000
        1718000	       855	001005cc	d6dff0ef	jal	x1,100338	  x1=0x001005d0
        1720000	       856	00100338	00000797	auipc	x15,0x0	 x15=0x00100338
        1722000	       857	0010033c	34078793	addi	x15,x15,832	 x15:0x00100338 x15=0x00100678
        1726000	       859	00100340	0007a503	lw	x10,0(x15)	 x15:0x00100678 x10=0x00000000 PA:0x00100678 load:0x00000000
        1730000	       861	00100344	0047a583	lw	x11,4(x15)	 x15:0x00100678 x11=0x00000000 PA:0x0010067c load:0x00000000
        1734000	       863	00100348	00008067	jalr	x0,0(x1)	  x1:0x001005d0  x0=0x00000000
        1736000	       864	001005d0	00050913	addi	x18,x10,0	 x10:0x00000000 x18=0x00000000
        1738000	       865	001005d4	00058413	addi	x8,x11,0	 x11:0x00000000  x8=0x00000000
        1740000	       866	001005d8	00a49463	bne	x9,x10,1005e0	  x9:0x00000000 x10:0x00000000
        1744000	       868	001005dc	00058c63	beq	x11,x0,1005f4	 x11:0x00000000  x0:0x00000000
        1748000	       870	001005f4	10500073	wfi	
        5606000	      2799	0010001c	41c0006f	jal	x0,100438	  x0=0x00000000
        5610000	      2801	00100438	f15ff06f	jal	x0,10034c	  x0=0x00000000
        5612000	      2802	0010034c	fb010113	addi	x2,x2,-80	  x2:0x00137fe0  x2=0x00137f90
        5616000	      2804	00100350	02f12023	sw	x15,32(x2)	  x2:0x00137f90 x15:0x00100678 PA:0x00137fb0 store:0x00100678 load:0x00000000
        5618000	      2805	00100354	00000797	auipc	x15,0x0	 x15=0x00100354
        5620000	      2806	00100358	31c78793	addi	x15,x15,796	 x15:0x00100354 x15=0x00100670
        5624000	      2808	0010035c	02812e23	sw	x8,60(x2)	  x2:0x00137f90  x8:0x00000000 PA:0x00137fcc store:0x00000000 load:0x00000000
        5628000	      2810	00100360	0007a403	lw	x8,0(x15)	 x15:0x00100670  x8=0x000007d0 PA:0x00100670 load:0x000007d0
        5632000	      2812	00100364	02912c23	sw	x9,56(x2)	  x2:0x00137f90  x9:0x00000000 PA:0x00137fc8 store:0x00000000 load:0x000007d0
        5636000	      2814	00100368	0047a483	lw	x9,4(x15)	 x15:0x00100670  x9=0x00000000 PA:0x00100674 load:0x00000000
        5640000	      2816	0010036c	02c12623	sw	x12,44(x2)	  x2:0x00137f90 x12:0x00000009 PA:0x00137fbc store:0x00000009 load:0x00000000
        5644000	      2818	00100370	01012e23	sw	x16,28(x2)	  x2:0x00137f90 x16:0x00000000 PA:0x00137fac store:0x00000000 load:0x00000000
        5648000	      2820	00100374	01112c23	sw	x17,24(x2)	  x2:0x00137f90 x17:0x00000000 PA:0x00137fa8 store:0x00000000 load:0x00000000
        5652000	      2822	00100378	04112623	sw	x1,76(x2)	  x2:0x00137f90  x1:0x001005d0 PA:0x00137fdc store:0x001005d0 load:0x00000000
        5656000	      2824	0010037c	04512423	sw	x5,72(x2)	  x2:0x00137f90  x5:0x00000000 PA:0x00137fd8 store:0x00000000 load:0x00000000
        5660000	      2826	00100380	04612223	sw	x6,68(x2)	  x2:0x00137f90  x6:0x00000000 PA:0x00137fd4 store:0x00000000 load:0x00000000
        5664000	      2828	00100384	04712023	sw	x7,64(x2)	  x2:0x00137f90  x7:0x00000000 PA:0x00137fd0 store:0x00000000 load:0x00000000
        5668000	      2830	00100388	02d12423	sw	x13,40(x2)	  x2:0x00137f90 x13:0x00000000 PA:0x00137fb8 store:0x00000000 load:0x00000000
        5672000	      2832	0010038c	02e12223	sw	x14,36(x2)	  x2:0x00137f90 x14:0xffffffff PA:0x00137fb4 store:0xffffffff load:0x00000000
        5676000	      2834	00100390	01c12a23	sw	x28,20(x2)	  x2:0x00137f90 x28:0x00000000 PA:0x00137fa4 store:0x00000000 load:0x00000000
        5680000	      2836	00100394	01d12823	sw	x29,16(x2)	  x2:0x00137f90 x29:0x00000000 PA:0x00137fa0 store:0x00000000 load:0x00000000
        5684000	      2838	00100398	01e12623	sw	x30,12(x2)	  x2:0x00137f90 x30:0x00000000 PA:0x00137f9c store:0x00000000 load:0x00000000
        5688000	      2840	0010039c	01f12423	sw	x31,8(x2)	  x2:0x00137f90 x31:0x00000000 PA:0x00137f98 store:0x00000000 load:0x00000000
        5692000	      2842	001003a0	02a12a23	sw	x10,52(x2)	  x2:0x00137f90 x10:0x00000000 PA:0x00137fc4 store:0x00000000 load:0x00000000
        5696000	      2844	001003a4	02b12823	sw	x11,48(x2)	  x2:0x00137f90 x11:0x00000000 PA:0x00137fc0 store:0x00000000 load:0x00000000
        5700000	      2846	001003a8	ee5ff0ef	jal	x1,10028c	  x1=0x001003ac
        5702000	      2847	0010028c	000307b7	lui	x15,0x30	 x15=0x00030000
        5706000	      2849	00100290	0047a703	lw	x14,4(x15)	 x15:0x00030000 x14=0x00000000 PA:0x00030004 load:0x00000000
        5710000	      2851	00100294	0007a503	lw	x10,0(x15)	 x15:0x00030000 x10=0x00000b21 PA:0x00030000 load:0x00000b21
        5714000	      2853	00100298	0047a583	lw	x11,4(x15)	 x15:0x00030000 x11=0x00000000 PA:0x00030004 load:0x00000000
        5716000	      2854	0010029c	fee59ae3	bne	x11,x14,100290	 x11:0x00000000 x14:0x00000000
        5720000	      2856	001002a0	00008067	jalr	x0,0(x1)	  x1:0x001003ac  x0=0x00000000
        5722000	      2857	001003ac	00a40533	add	x10,x8,x10	  x8:0x000007d0 x10:0x00000b21 x10=0x000012f1
        5724000	      2858	001003b0	00853433	sltu	x8,x10,x8	 x10:0x000012f1  x8:0x000007d0  x8=0x00000000
        5726000	      2859	001003b4	00b485b3	add	x11,x9,x11	  x9:0x00000000 x11:0x00000000 x11=0x00000000
        5728000	      2860	001003b8	00b405b3	add	x11,x8,x11	  x8:0x00000000 x11:0x00000000 x11=0x00000000
        5732000	      2862	001003bc	ee9ff0ef	jal	x1,1002a4	  x1=0x001003c0
        5734000	      2863	001002a4	000307b7	lui	x15,0x30	 x15=0x00030000
        5736000	      2864	001002a8	fff00713	addi	x14,x0,-1	  x0:0x00000000 x14=0xffffffff
        5740000	      2866	001002ac	00e7a423	sw	x14,8(x15)	 x15:0x00030000 x14:0xffffffff PA:0x00030008 store:0xffffffff load:0x00000ae8
        5744000	      2868	001002b0	00b7a623	sw	x11,12(x15)	 x15:0x00030000 x11:0x00000000 PA:0x0003000c store:0x00000000 load:0x00000000
        5748000	      2870	001002b4	00a7a423	sw	x10,8(x15)	 x15:0x00030000 x10:0x000012f1 PA:0x00030008 store:0x000012f1 load:0xffffffff
        5752000	      2872	001002b8	00008067	jalr	x0,0(x1)	  x1:0x001003c0  x0=0x00000000
        5754000	      2873	001003c0	00000597	auipc	x11,0x0	 x11=0x001003c0
        5756000	      2874	001003c4	2b858593	addi	x11,x11,696	 x11:0x001003c0 x11=0x00100678
        5760000	      2876	001003c8	0005a803	lw	x16,0(x11)	 x11:0x00100678 x16=0x00000000 PA:0x00100678 load:0x00000000
        5764000	      2878	001003cc	0045a883	lw	x17,4(x11)	 x11:0x00100678 x17=0x00000000 PA:0x0010067c load:0x00000000
        5768000	      2880	001003d0	03c12403	lw	x8,60(x2)	  x2:0x00137f90  x8=0x00000000 PA:0x00137fcc load:0x00000000
        5770000	      2881	001003d4	00180513	addi	x10,x16,1	 x16:0x00000000 x10=0x00000001
        5772000	      2882	001003d8	01053633	sltu	x12,x10,x16	 x10:0x00000001 x16:0x00000000 x12=0x00000000
        5774000	      2883	001003dc	011607b3	add	x15,x12,x17	 x12:0x00000000 x17:0x00000000 x15=0x00000000
        5778000	      2885	001003e0	00a5a023	sw	x10,0(x11)	 x11:0x00100678 x10:0x00000001 PA:0x00100678 store:0x00000001 load:0x00000000
        5782000	      2887	001003e4	00f5a223	sw	x15,4(x11)	 x11:0x00100678 x15:0x00000000 PA:0x0010067c store:0x00000000 load:0x00000000
        5786000	      2889	001003e8	04c12083	lw	x1,76(x2)	  x2:0x00137f90  x1=0x001005d0 PA:0x00137fdc load:0x001005d0
        5790000	      2891	001003ec	04812283	lw	x5,72(x2)	  x2:0x00137f90  x5=0x00000000 PA:0x00137fd8 load:0x00000000
        5794000	      2893	001003f0	04412303	lw	x6,68(x2)	  x2:0x00137f90  x6=0x00000000 PA:0x00137fd4 load:0x00000000
        5798000	      2895	001003f4	04012383	lw	x7,64(x2)	  x2:0x00137f90  x7=0x00000000 PA:0x00137fd0 load:0x00000000
        5802000	      2897	001003f8	03812483	lw	x9,56(x2)	  x2:0x00137f90  x9=0x00000000 PA:0x00137fc8 load:0x00000000
        5806000	      2899	001003fc	03412503	lw	x10,52(x2)	  x2:0x00137f90 x10=0x00000000 PA:0x00137fc4 load:0x00000000
        5810000	      2901	00100400	03012583	lw	x11,48(x2)	  x2:0x00137f90 x11=0x00000000 PA:0x00137fc0 load:0x00000000
        5814000	      2903	00100404	02c12603	lw	x12,44(x2)	  x2:0x00137f90 x12=0x00000009 PA:0x00137fbc load:0x00000009
        5818000	      2905	00100408	02812683	lw	x13,40(x2)	  x2:0x00137f90 x13=0x00000000 PA:0x00137fb8 load:0x00000000
        5822000	      2907	0010040c	02412703	lw	x14,36(x2)	  x2:0x00137f90 x14=0xffffffff PA:0x00137fb4 load:0xffffffff
        5826000	      2909	00100410	02012783	lw	x15,32(x2)	  x2:0x00137f90 x15=0x00100678 PA:0x00137fb0 load:0x00100678
        5830000	      2911	00100414	01c12803	lw	x16,28(x2)	  x2:0x00137f90 x16=0x00000000 PA:0x00137fac load:0x00000000
        5834000	      2913	00100418	01812883	lw	x17,24(x2)	  x2:0x00137f90 x17=0x00000000 PA:0x00137fa8 load:0x00000000
        5838000	      2915	0010041c	01412e03	lw	x28,20(x2)	  x2:0x00137f90 x28=0x00000000 PA:0x00137fa4 load:0x00000000
        5842000	      2917	00100420	01012e83	lw	x29,16(x2)	  x2:0x00137f90 x29=0x00000000 PA:0x00137fa0 load:0x00000000
        5846000	      2919	00100424	00c12f03	lw	x30,12(x2)	  x2:0x00137f90 x30=0x00000000 PA:0x00137f9c load:0x00000000
        5850000	      2921	00100428	00812f83	lw	x31,8(x2)	  x2:0x00137f90 x31=0x00000000 PA:0x00137f98 load:0x00000000
        5852000	      2922	0010042c	05010113	addi	x2,x2,80	  x2:0x00137f90  x2=0x00137fe0
        5854000	      2923	00100430	30200073	mret	
        5860000	      2926	001005f8	00090493	addi	x9,x18,0	 x18:0x00000000  x9=0x00000000
        5864000	      2928	001005fc	fa1ff06f	jal	x0,10059c	  x0=0x00000000
        5866000	      2929	0010059c	00041463	bne	x8,x0,1005a4	  x8:0x00000000  x0:0x00000000
        5870000	      2931	001005a0	0299f663	bgeu	x19,x9,1005cc	 x19:0x00000004  x9:0x00000000
        5876000	      2934	001005cc	d6dff0ef	jal	x1,100338	  x1=0x001005d0
        5878000	      2935	00100338	00000797	auipc	x15,0x0	 x15=0x00100338
        5880000	      2936	0010033c	34078793	addi	x15,x15,832	 x15:0x00100338 x15=0x00100678
        5884000	      2938	00100340	0007a503	lw	x10,0(x15)	 x15:0x00100678 x10=0x00000001 PA:0x00100678 load:0x00000001
        5888000	      2940	00100344	0047a583	lw	x11,4(x15)	 x15:0x00100678 x11=0x00000000 PA:0x0010067c load:0x00000000
        5892000	      2942	00100348	00008067	jalr	x0,0(x1)	  x1:0x001005d0  x0=0x00000000
        5894000	      2943	001005d0	00050913	addi	x18,x10,0	 x10:0x00000001 x18=0x00000001
        5896000	      2944	001005d4	00058413	addi	x8,x11,0	 x11:0x00000000  x8=0x00000000
        5900000	      2946	001005d8	00a49463	bne	x9,x10,1005e0	  x9:0x00000000 x10:0x00000001
        5904000	      2948	001005e0	00197793	andi	x15,x18,1	 x18:0x00000001 x15=0x00000001
        5906000	      2949	001005e4	000a8513	addi	x10,x21,0	 x21:0x0010065c x10=0x0010065c
        5910000	      2951	001005e8	00079463	bne	x15,x0,1005f0	 x15:0x00000001  x0:0x00000000
        5916000	      2954	001005f0	aa5ff0ef	jal	x1,100094	  x1=0x001005f4
        5918000	      2955	00100094	00020737	lui	x14,0x20	 x14=0x00020000
        5922000	      2957	00100098	00054783	lbu	x15,0(x10)	 x10:0x0010065c x15=0x00000054 PA:0x0010065c load:0x00000054
        5926000	      2959	0010009c	00079663	bne	x15,x0,1000a8	 x15:0x00000054  x0:0x00000000
        5930000	      2961	001000a8	00150513	addi	x10,x10,1	 x10:0x0010065c x10=0x0010065d
        5934000	      2963	001000ac	00f72023	sw	x15,0(x14)	 x14:0x00020000 x15:0x00000054 PA:0x00020000 store:0x00000054 load:0x00000000
        5938000	      2965	001000b0	fe9ff06f	jal	x0,100098	  x0=0x00000000
        5942000	      2967	00100098	00054783	lbu	x15,0(x10)	 x10:0x0010065d x15=0x00000069 PA:0x0010065d load:0x00000069
        5946000	      2969	0010009c	00079663	bne	x15,x0,1000a8	 x15:0x00000069  x0:0x00000000
        5950000	      2971	001000a8	00150513	addi	x10,x10,1	 x10:0x0010065d x10=0x0010065e
        5954000	      2973	001000ac	00f72023	sw	x15,0(x14)	 x14:0x00020000 x15:0x00000069 PA:0x00020000 store:0x00000069 load:0x00000000
        5958000	      2975	001000b0	fe9ff06f	jal	x0,100098	  x0=0x00000000
        5962000	      2977	00100098	00054783	lbu	x15,0(x10)	 x10:0x0010065e x15=0x00000063 PA:0x0010065e load:0x00000063
        5966000	      2979	0010009c	00079663	bne	x15,x0,1000a8	 x15:0x00000063  x0:0x00000000
        5970000	      2981	001000a8	00150513	addi	x10,x10,1	 x10:0x0010065e x10=0x0010065f
        5974000	      2983	001000ac	00f72023	sw	x15,0(x14)	 x14:0x00020000 x15:0x00000063 PA:0x00020000 store:0x00000063 load:0x00000000
        5978000	      2985	001000b0	fe9ff06f	jal	x0,100098	  x0=0x00000000
        5982000	      2987	00100098	00054783	lbu	x15,0(x10)	 x10:0x0010065f x15=0x0000006b PA:0x0010065f load:0x0000006b
        5986000	      2989	0010009c	00079663	bne	x15,x0,1000a8	 x15:0x0000006b  x0:0x00000000
        5990000	      2991	001000a8	00150513	addi	x10,x10,1	 x10:0x0010065f x10=0x00100660
        5994000	      2993	001000ac	00f72023	sw	x15,0(x14)	 x14:0x00020000 x15:0x0000006b PA:0x00020000 store:0x0000006b load:0x00000000
        5998000	      2995	001000b0	fe9ff06f	jal	x0,100098	  x0=0x00000000
        6002000	      2997	00100098	00054783	lbu	x15,0(x10)	 x10:0x00100660 x15=0x00000021 PA:0x00100660 load:0x00000021
        6006000	      2999	0010009c	00079663	bne	x15,x0,1000a8	 x15:0x00000021  x0:0x00000000
        6010000	      3001	001000a8	00150513	addi	x10,x10,1	 x10:0x00100660 x10=0x00100661
        6014000	      3003	001000ac	00f72023	sw	x15,0(x14)	 x14:0x00020000 x15:0x00000021 PA:0x00020000 store:0x00000021 load:0x00000000
        6018000	      3005	001000b0	fe9ff06f	jal	x0,100098	  x0=0x00000000
        6022000	      3007	00100098	00054783	lbu	x15,0(x10)	 x10:0x00100661 x15=0x0000000a PA:0x00100661 load:0x0000000a
        6026000	      3009	0010009c	00079663	bne	x15,x0,1000a8	 x15:0x0000000a  x0:0x00000000
        6030000	      3011	001000a8	00150513	addi	x10,x10,1	 x10:0x00100661 x10=0x00100662
        6034000	      3013	001000ac	00f72023	sw	x15,0(x14)	 x14:0x00020000 x15:0x0000000a PA:0x00020000 store:0x0000000a load:0x00000000
        6038000	      3015	001000b0	fe9ff06f	jal	x0,100098	  x0=0x00000000
        6042000	      3017	00100098	00054783	lbu	x15,0(x10)	 x10:0x00100662 x15=0x00000000 PA:0x00100662 load:0x00000000
        6044000	      3018	0010009c	00079663	bne	x15,x0,1000a8	 x15:0x00000000  x0:0x00000000
        6046000	      3019	001000a0	00000513	addi	x10,x0,0	  x0:0x00000000 x10=0x00000000
        6050000	      3021	001000a4	00008067	jalr	x0,0(x1)	  x1:0x001005f4  x0=0x00000000
        6052000	      3022	001005f4	10500073	wfi	
        9720000	      4856	0010001c	41c0006f	jal	x0,100438	  x0=0x00000000
        9724000	      4858	00100438	f15ff06f	jal	x0,10034c	  x0=0x00000000
        9726000	      4859	0010034c	fb010113	addi	x2,x2,-80	  x2:0x00137fe0  x2=0x00137f90
        9730000	      4861	00100350	02f12023	sw	x15,32(x2)	  x2:0x00137f90 x15:0x00000000 PA:0x00137fb0 store:0x00000000 load:0x00000a21
        9732000	      4862	00100354	00000797	auipc	x15,0x0	 x15=0x00100354
        9734000	      4863	00100358	31c78793	addi	x15,x15,796	 x15:0x00100354 x15=0x00100670
        9738000	      4865	0010035c	02812e23	sw	x8,60(x2)	  x2:0x00137f90  x8:0x00000000 PA:0x00137fcc store:0x00000000 load:0x00000a21
        9742000	      4867	00100360	0007a403	lw	x8,0(x15)	 x15:0x00100670  x8=0x000007d0 PA:0x00100670 load:0x000007d0
        9746000	      4869	00100364	02912c23	sw	x9,56(x2)	  x2:0x00137f90  x9:0x00000000 PA:0x00137fc8 store:0x00000000 load:0x000007d0
        9750000	      4871	00100368	0047a483	lw	x9,4(x15)	 x15:0x00100670  x9=0x00000000 PA:0x00100674 load:0x00000000
        9754000	      4873	0010036c	02c12623	sw	x12,44(x2)	  x2:0x00137f90 x12:0x00000009 PA:0x00137fbc store:0x00000009 load:0x00000000
        9758000	      4875	00100370	01012e23	sw	x16,28(x2)	  x2:0x00137f90 x16:0x00000000 PA:0x00137fac store:0x00000000 load:0x00000000
        9762000	      4877	00100374	01112c23	sw	x17,24(x2)	  x2:0x00137f90 x17:0x00000000 PA:0x00137fa8 store:0x00000000 load:0x00000000
        9766000	      4879	00100378	04112623	sw	x1,76(x2)	  x2:0x00137f90  x1:0x001005f4 PA:0x00137fdc store:0x001005f4 load:0x00000000
        9770000	      4881	0010037c	04512423	sw	x5,72(x2)	  x2:0x00137f90  x5:0x00000000 PA:0x00137fd8 store:0x00000000 load:0x00000000
        9774000	      4883	00100380	04612223	sw	x6,68(x2)	  x2:0x00137f90  x6:0x00000000 PA:0x00137fd4 store:0x00000000 load:0x00000000
        9778000	      4885	00100384	04712023	sw	x7,64(x2)	  x2:0x00137f90  x7:0x00000000 PA:0x00137fd0 store:0x00000000 load:0x00000000
        9782000	      4887	00100388	02d12423	sw	x13,40(x2)	  x2:0x00137f90 x13:0x00000000 PA:0x00137fb8 store:0x00000000 load:0x00000000
        9786000	      4889	0010038c	02e12223	sw	x14,36(x2)	  x2:0x00137f90 x14:0x00020000 PA:0x00137fb4 store:0x00020000 load:0x00000000
        9790000	      4891	00100390	01c12a23	sw	x28,20(x2)	  x2:0x00137f90 x28:0x00000000 PA:0x00137fa4 store:0x00000000 load:0x00000000
        9794000	      4893	00100394	01d12823	sw	x29,16(x2)	  x2:0x00137f90 x29:0x00000000 PA:0x00137fa0 store:0x00000000 load:0x00000000
        9798000	      4895	00100398	01e12623	sw	x30,12(x2)	  x2:0x00137f90 x30:0x00000000 PA:0x00137f9c store:0x00000000 load:0x00000000
        9802000	      4897	0010039c	01f12423	sw	x31,8(x2)	  x2:0x00137f90 x31:0x00000000 PA:0x00137f98 store:0x00000000 load:0x00000000
        9806000	      4899	001003a0	02a12a23	sw	x10,52(x2)	  x2:0x00137f90 x10:0x00000000 PA:0x00137fc4 store:0x00000000 load:0x00000000
        9810000	      4901	001003a4	02b12823	sw	x11,48(x2)	  x2:0x00137f90 x11:0x00000000 PA:0x00137fc0 store:0x00000000 load:0x00000000
        9814000	      4903	001003a8	ee5ff0ef	jal	x1,10028c	  x1=0x001003ac
        9816000	      4904	0010028c	000307b7	lui	x15,0x30	 x15=0x00030000
        9820000	      4906	00100290	0047a703	lw	x14,4(x15)	 x15:0x00030000 x14=0x00000000 PA:0x00030004 load:0x00000000
        9824000	      4908	00100294	0007a503	lw	x10,0(x15)	 x15:0x00030000 x10=0x0000132a PA:0x00030000 load:0x0000132a
        9828000	      4910	00100298	0047a583	lw	x11,4(x15)	 x15:0x00030000 x11=0x00000000 PA:0x00030004 load:0x00000000
        9830000	      4911	0010029c	fee59ae3	bne	x11,x14,100290	 x11:0x00000000 x14:0x00000000
        9834000	      4913	001002a0	00008067	jalr	x0,0(x1)	  x1:0x001003ac  x0=0x00000000
        9836000	      4914	001003ac	00a40533	add	x10,x8,x10	  x8:0x000007d0 x10:0x0000132a x10=0x00001afa
        9838000	      4915	001003b0	00853433	sltu	x8,x10,x8	 x10:0x00001afa  x8:0x000007d0  x8=0x00000000
        9840000	      4916	001003b4	00b485b3	add	x11,x9,x11	  x9:0x00000000 x11:0x00000000 x11=0x00000000
        9842000	      4917	001003b8	00b405b3	add	x11,x8,x11	  x8:0x00000000 x11:0x00000000 x11=0x00000000
        9846000	      4919	001003bc	ee9ff0ef	jal	x1,1002a4	  x1=0x001003c0
        9848000	      4920	001002a4	000307b7	lui	x15,0x30	 x15=0x00030000
        9850000	      4921	001002a8	fff00713	addi	x14,x0,-1	  x0:0x00000000 x14=0xffffffff
        9854000	      4923	001002ac	00e7a423	sw	x14,8(x15)	 x15:0x00030000 x14:0xffffffff PA:0x00030008 store:0xffffffff load:0x000012f1
        9858000	      4925	001002b0	00b7a623	sw	x11,12(x15)	 x15:0x00030000 x11:0x00000000 PA:0x0003000c store:0x00000000 load:0x00000000
        9862000	      4927	001002b4	00a7a423	sw	x10,8(x15)	 x15:0x00030000 x10:0x00001afa PA:0x00030008 store:0x00001afa load:0xffffffff
        9866000	      4929	001002b8	00008067	jalr	x0,0(x1)	  x1:0x001003c0  x0=0x00000000
        9868000	      4930	001003c0	00000597	auipc	x11,0x0	 x11=0x001003c0
        9870000	      4931	001003c4	2b858593	addi	x11,x11,696	 x11:0x001003c0 x11=0x00100678
        9874000	      4933	001003c8	0005a803	lw	x16,0(x11)	 x11:0x00100678 x16=0x00000001 PA:0x00100678 load:0x00000001
        9878000	      4935	001003cc	0045a883	lw	x17,4(x11)	 x11:0x00100678 x17=0x00000000 PA:0x0010067c load:0x00000000
        9882000	      4937	001003d0	03c12403	lw	x8,60(x2)	  x2:0x00137f90  x8=0x00000000 PA:0x00137fcc load:0x00000000
        9884000	      4938	001003d4	00180513	addi	x10,x16,1	 x16:0x00000001 x10=0x00000002
        9886000	      4939	001003d8	01053633	sltu	x12,x10,x16	 x10:0x00000002 x16:0x00000001 x12=0x00000000
        9888000	      4940	001003dc	011607b3	add	x15,x12,x17	 x12:0x00000000 x17:0x00000000 x15=0x00000000
        9892000	      4942	001003e0	00a5a023	sw	x10,0(x11)	 x11:0x00100678 x10:0x00000002 PA:0x00100678 store:0x00000002 load:0x00000000
        9896000	      4944	001003e4	00f5a223	sw	x15,4(x11)	 x11:0x00100678 x15:0x00000000 PA:0x0010067c store:0x00000000 load:0x00000000
        9900000	      4946	001003e8	04c12083	lw	x1,76(x2)	  x2:0x00137f90  x1=0x001005f4 PA:0x00137fdc load:0x001005f4
        9904000	      4948	001003ec	04812283	lw	x5,72(x2)	  x2:0x00137f90  x5=0x00000000 PA:0x00137fd8 load:0x00000000
        9908000	      4950	001003f0	04412303	lw	x6,68(x2)	  x2:0x00137f90  x6=0x00000000 PA:0x00137fd4 load:0x00000000
        9912000	      4952	001003f4	04012383	lw	x7,64(x2)	  x2:0x00137f90  x7=0x00000000 PA:0x00137fd0 load:0x00000000
        9916000	      4954	001003f8	03812483	lw	x9,56(x2)	  x2:0x00137f90  x9=0x00000000 PA:0x00137fc8 load:0x00000000
        9920000	      4956	001003fc	03412503	lw	x10,52(x2)	  x2:0x00137f90 x10=0x00000000 PA:0x00137fc4 load:0x00000000
        9924000	      4958	00100400	03012583	lw	x11,48(x2)	  x2:0x00137f90 x11=0x00000000 PA:0x00137fc0 load:0x00000000
        9928000	      4960	00100404	02c12603	lw	x12,44(x2)	  x2:0x00137f90 x12=0x00000009 PA:0x00137fbc load:0x00000009
        9932000	      4962	00100408	02812683	lw	x13,40(x2)	  x2:0x00137f90 x13=0x00000000 PA:0x00137fb8 load:0x00000000
        9936000	      4964	0010040c	02412703	lw	x14,36(x2)	  x2:0x00137f90 x14=0x00020000 PA:0x00137fb4 load:0x00020000
        9940000	      4966	00100410	02012783	lw	x15,32(x2)	  x2:0x00137f90 x15=0x00000000 PA:0x00137fb0 load:0x00000000
        9944000	      4968	00100414	01c12803	lw	x16,28(x2)	  x2:0x00137f90 x16=0x00000000 PA:0x00137fac load:0x00000000
        9948000	      4970	00100418	01812883	lw	x17,24(x2)	  x2:0x00137f90 x17=0x00000000 PA:0x00137fa8 load:0x00000000
        9952000	      4972	0010041c	01412e03	lw	x28,20(x2)	  x2:0x00137f90 x28=0x00000000 PA:0x00137fa4 load:0x00000000
        9956000	      4974	00100420	01012e83	lw	x29,16(x2)	  x2:0x00137f90 x29=0x00000000 PA:0x00137fa0 load:0x00000000
        9960000	      4976	00100424	00c12f03	lw	x30,12(x2)	  x2:0x00137f90 x30=0x00000000 PA:0x00137f9c load:0x00000000
        9964000	      4978	00100428	00812f83	lw	x31,8(x2)	  x2:0x00137f90 x31=0x00000000 PA:0x00137f98 load:0x00000000
        9966000	      4979	0010042c	05010113	addi	x2,x2,80	  x2:0x00137f90  x2=0x00137fe0
        9968000	      4980	00100430	30200073	mret	
        9974000	      4983	001005f8	00090493	addi	x9,x18,0	 x18:0x00000001  x9=0x00000001
        9978000	      4985	001005fc	fa1ff06f	jal	x0,10059c	  x0=0x00000000
        9980000	      4986	0010059c	00041463	bne	x8,x0,1005a4	  x8:0x00000000  x0:0x00000000
        9984000	      4988	001005a0	0299f663	bgeu	x19,x9,1005cc	 x19:0x00000004  x9:0x00000001
        9990000	      4991	001005cc	d6dff0ef	jal	x1,100338	  x1=0x001005d0
        9992000	      4992	00100338	00000797	auipc	x15,0x0	 x15=0x00100338
        9994000	      4993	0010033c	34078793	addi	x15,x15,832	 x15:0x00100338 x15=0x00100678
        9998000	      4995	00100340	0007a503	lw	x10,0(x15)	 x15:0x00100678 x10=0x00000002 PA:0x00100678 load:0x00000002
       10002000	      4997	00100344	0047a583	lw	x11,4(x15)	 x15:0x00100678 x11=0x00000000 PA:0x0010067c load:0x00000000
       10006000	      4999	00100348	00008067	jalr	x0,0(x1)	  x1:0x001005d0  x0=0x00000000
       10008000	      5000	001005d0	00050913	addi	x18,x10,0	 x10:0x00000002 x18=0x00000002
       10010000	      5001	001005d4	00058413	addi	x8,x11,0	 x11:0x00000000  x8=0x00000000
       10014000	      5003	001005d8	00a49463	bne	x9,x10,1005e0	  x9:0x00000001 x10:0x00000002
       10018000	      5005	001005e0	00197793	andi	x15,x18,1	 x18:0x00000002 x15=0x00000000
       10020000	      5006	001005e4	000a8513	addi	x10,x21,0	 x21:0x0010065c x10=0x0010065c
       10022000	      5007	001005e8	00079463	bne	x15,x0,1005f0	 x15:0x00000000  x0:0x00000000
       10024000	      5008	001005ec	000a0513	addi	x10,x20,0	 x20:0x00100664 x10=0x00100664
       10028000	      5010	001005f0	aa5ff0ef	jal	x1,100094	  x1=0x001005f4
       10030000	      5011	00100094	00020737	lui	x14,0x20	 x14=0x00020000
       10034000	      5013	00100098	00054783	lbu	x15,0(x10)	 x10:0x00100664 x15=0x00000054 PA:0x00100664 load:0x00000054
       10038000	      5015	0010009c	00079663	bne	x15,x0,1000a8	 x15:0x00000054  x0:0x00000000
       10042000	      5017	001000a8	00150513	addi	x10,x10,1	 x10:0x00100664 x10=0x00100665
       10046000	      5019	001000ac	00f72023	sw	x15,0(x14)	 x14:0x00020000 x15:0x00000054 PA:0x00020000 store:0x00000054 load:0x00000000
       10050000	      5021	001000b0	fe9ff06f	jal	x0,100098	  x0=0x00000000
       10054000	      5023	00100098	00054783	lbu	x15,0(x10)	 x10:0x00100665 x15=0x0000006f PA:0x00100665 load:0x0000006f
       10058000	      5025	0010009c	00079663	bne	x15,x0,1000a8	 x15:0x0000006f  x0:0x00000000
       10062000	      5027	001000a8	00150513	addi	x10,x10,1	 x10:0x00100665 x10=0x00100666
       10066000	      5029	001000ac	00f72023	sw	x15,0(x14)	 x14:0x00020000 x15:0x0000006f PA:0x00020000 store:0x0000006f load:0x00000000
       10070000	      5031	001000b0	fe9ff06f	jal	x0,100098	  x0=0x00000000
       10074000	      5033	00100098	00054783	lbu	x15,0(x10)	 x10:0x00100666 x15=0x00000063 PA:0x00100666 load:0x00000063
       10078000	      5035	0010009c	00079663	bne	x15,x0,1000a8	 x15:0x00000063  x0:0x00000000
       10082000	      5037	001000a8	00150513	addi	x10,x10,1	 x10:0x00100666 x10=0x00100667
       10086000	      5039	001000ac	00f72023	sw	x15,0(x14)	 x14:0x00020000 x15:0x00000063 PA:0x00020000 store:0x00000063 load:0x00000000
       10090000	      5041	001000b0	fe9ff06f	jal	x0,100098	  x0=0x00000000
       10094000	      5043	00100098	00054783	lbu	x15,0(x10)	 x10:0x00100667 x15=0x0000006b PA:0x00100667 load:0x0000006b
       10098000	      5045	0010009c	00079663	bne	x15,x0,1000a8	 x15:0x0000006b  x0:0x00000000
       10102000	      5047	001000a8	00150513	addi	x10,x10,1	 x10:0x00100667 x10=0x00100668
       10106000	      5049	001000ac	00f72023	sw	x15,0(x14)	 x14:0x00020000 x15:0x0000006b PA:0x00020000 store:0x0000006b load:0x00000000
       10110000	      5051	001000b0	fe9ff06f	jal	x0,100098	  x0=0x00000000
       10114000	      5053	00100098	00054783	lbu	x15,0(x10)	 x10:0x00100668 x15=0x00000021 PA:0x00100668 load:0x00000021
       10118000	      5055	0010009c	00079663	bne	x15,x0,1000a8	 x15:0x00000021  x0:0x00000000
       10122000	      5057	001000a8	00150513	addi	x10,x10,1	 x10:0x00100668 x10=0x00100669
       10126000	      5059	001000ac	00f72023	sw	x15,0(x14)	 x14:0x00020000 x15:0x00000021 PA:0x00020000 store:0x00000021 load:0x00000000
       10130000	      5061	001000b0	fe9ff06f	jal	x0,100098	  x0=0x00000000
       10134000	      5063	00100098	00054783	lbu	x15,0(x10)	 x10:0x00100669 x15=0x0000000a PA:0x00100669 load:0x0000000a
       10138000	      5065	0010009c	00079663	bne	x15,x0,1000a8	 x15:0x0000000a  x0:0x00000000
       10142000	      5067	001000a8	00150513	addi	x10,x10,1	 x10:0x00100669 x10=0x0010066a
       10146000	      5069	001000ac	00f72023	sw	x15,0(x14)	 x14:0x00020000 x15:0x0000000a PA:0x00020000 store:0x0000000a load:0x00000000
       10150000	      5071	001000b0	fe9ff06f	jal	x0,100098	  x0=0x00000000
       10154000	      5073	00100098	00054783	lbu	x15,0(x10)	 x10:0x0010066a x15=0x00000000 PA:0x0010066a load:0x00000000
       10156000	      5074	0010009c	00079663	bne	x15,x0,1000a8	 x15:0x00000000  x0:0x00000000
       10158000	      5075	001000a0	00000513	addi	x10,x0,0	  x0:0x00000000 x10=0x00000000
       10162000	      5077	001000a4	00008067	jalr	x0,0(x1)	  x1:0x001005f4  x0=0x00000000
       10164000	      5078	001005f4	10500073	wfi	
       13834000	      6913	0010001c	41c0006f	jal	x0,100438	  x0=0x00000000
       13838000	      6915	00100438	f15ff06f	jal	x0,10034c	  x0=0x00000000
       13840000	      6916	0010034c	fb010113	addi	x2,x2,-80	  x2:0x00137fe0  x2=0x00137f90
       13844000	      6918	00100350	02f12023	sw	x15,32(x2)	  x2:0x00137f90 x15:0x00000000 PA:0x00137fb0 store:0x00000000 load:0x00000a21
       13846000	      6919	00100354	00000797	auipc	x15,0x0	 x15=0x00100354
       13848000	      6920	00100358	31c78793	addi	x15,x15,796	 x15:0x00100354 x15=0x00100670
       13852000	      6922	0010035c	02812e23	sw	x8,60(x2)	  x2:0x00137f90  x8:0x00000000 PA:0x00137fcc store:0x00000000 load:0x00000a21
       13856000	      6924	00100360	0007a403	lw	x8,0(x15)	 x15:0x00100670  x8=0x000007d0 PA:0x00100670 load:0x000007d0
       13860000	      6926	00100364	02912c23	sw	x9,56(x2)	  x2:0x00137f90  x9:0x00000001 PA:0x00137fc8 store:0x00000001 load:0x000007d0
       13864000	      6928	00100368	0047a483	lw	x9,4(x15)	 x15:0x00100670  x9=0x00000000 PA:0x00100674 load:0x00000000
       13868000	      6930	0010036c	02c12623	sw	x12,44(x2)	  x2:0x00137f90 x12:0x00000009 PA:0x00137fbc store:0x00000009 load:0x00000000
       13872000	      6932	00100370	01012e23	sw	x16,28(x2)	  x2:0x00137f90 x16:0x00000000 PA:0x00137fac store:0x00000000 load:0x00000000
       13876000	      6934	00100374	01112c23	sw	x17,24(x2)	  x2:0x00137f90 x17:0x00000000 PA:0x00137fa8 store:0x00000000 load:0x00000000
       13880000	      6936	00100378	04112623	sw	x1,76(x2)	  x2:0x00137f90  x1:0x001005f4 PA:0x00137fdc store:0x001005f4 load:0x00000000
       13884000	      6938	0010037c	04512423	sw	x5,72(x2)	  x2:0x00137f90  x5:0x00000000 PA:0x00137fd8 store:0x00000000 load:0x00000000
       13888000	      6940	00100380	04612223	sw	x6,68(x2)	  x2:0x00137f90  x6:0x00000000 PA:0x00137fd4 store:0x00000000 load:0x00000000
       13892000	      6942	00100384	04712023	sw	x7,64(x2)	  x2:0x00137f90  x7:0x00000000 PA:0x00137fd0 store:0x00000000 load:0x00000000
       13896000	      6944	00100388	02d12423	sw	x13,40(x2)	  x2:0x00137f90 x13:0x00000000 PA:0x00137fb8 store:0x00000000 load:0x00000000
       13900000	      6946	0010038c	02e12223	sw	x14,36(x2)	  x2:0x00137f90 x14:0x00020000 PA:0x00137fb4 store:0x00020000 load:0x00000000
       13904000	      6948	00100390	01c12a23	sw	x28,20(x2)	  x2:0x00137f90 x28:0x00000000 PA:0x00137fa4 store:0x00000000 load:0x00000000
       13908000	      6950	00100394	01d12823	sw	x29,16(x2)	  x2:0x00137f90 x29:0x00000000 PA:0x00137fa0 store:0x00000000 load:0x00000000
       13912000	      6952	00100398	01e12623	sw	x30,12(x2)	  x2:0x00137f90 x30:0x00000000 PA:0x00137f9c store:0x00000000 load:0x00000000
       13916000	      6954	0010039c	01f12423	sw	x31,8(x2)	  x2:0x00137f90 x31:0x00000000 PA:0x00137f98 store:0x00000000 load:0x00000000
       13920000	      6956	001003a0	02a12a23	sw	x10,52(x2)	  x2:0x00137f90 x10:0x00000000 PA:0x00137fc4 store:0x00000000 load:0x00000000
       13924000	      6958	001003a4	02b12823	sw	x11,48(x2)	  x2:0x00137f90 x11:0x00000000 PA:0x00137fc0 store:0x00000000 load:0x00000000
       13928000	      6960	001003a8	ee5ff0ef	jal	x1,10028c	  x1=0x001003ac
       13930000	      6961	0010028c	000307b7	lui	x15,0x30	 x15=0x00030000
       13934000	      6963	00100290	0047a703	lw	x14,4(x15)	 x15:0x00030000 x14=0x00000000 PA:0x00030004 load:0x00000000
       13938000	      6965	00100294	0007a503	lw	x10,0(x15)	 x15:0x00030000 x10=0x00001b33 PA:0x00030000 load:0x00001b33
       13942000	      6967	00100298	0047a583	lw	x11,4(x15)	 x15:0x00030000 x11=0x00000000 PA:0x00030004 load:0x00000000
       13944000	      6968	0010029c	fee59ae3	bne	x11,x14,100290	 x11:0x00000000 x14:0x00000000
       13948000	      6970	001002a0	00008067	jalr	x0,0(x1)	  x1:0x001003ac  x0=0x00000000
       13950000	      6971	001003ac	00a40533	add	x10,x8,x10	  x8:0x000007d0 x10:0x00001b33 x10=0x00002303
       13952000	      6972	001003b0	00853433	sltu	x8,x10,x8	 x10:0x00002303  x8:0x000007d0  x8=0x00000000
       13954000	      6973	001003b4	00b485b3	add	x11,x9,x11	  x9:0x00000000 x11:0x00000000 x11=0x00000000
       13956000	      6974	001003b8	00b405b3	add	x11,x8,x11	  x8:0x00000000 x11:0x00000000 x11=0x00000000
       13960000	      6976	001003bc	ee9ff0ef	jal	x1,1002a4	  x1=0x001003c0
       13962000	      6977	001002a4	000307b7	lui	x15,0x30	 x15=0x00030000
       13964000	      6978	001002a8	fff00713	addi	x14,x0,-1	  x0:0x00000000 x14=0xffffffff
       13968000	      6980	001002ac	00e7a423	sw	x14,8(x15)	 x15:0x00030000 x14:0xffffffff PA:0x00030008 store:0xffffffff load:0x00001afa
       13972000	      6982	001002b0	00b7a623	sw	x11,12(x15)	 x15:0x00030000 x11:0x00000000 PA:0x0003000c store:0x00000000 load:0x00000000
       13976000	      6984	001002b4	00a7a423	sw	x10,8(x15)	 x15:0x00030000 x10:0x00002303 PA:0x00030008 store:0x00002303 load:0xffffffff
       13980000	      6986	001002b8	00008067	jalr	x0,0(x1)	  x1:0x001003c0  x0=0x00000000
       13982000	      6987	001003c0	00000597	auipc	x11,0x0	 x11=0x001003c0
       13984000	      6988	001003c4	2b858593	addi	x11,x11,696	 x11:0x001003c0 x11=0x00100678
       13988000	      6990	001003c8	0005a803	lw	x16,0(x11)	 x11:0x00100678 x16=0x00000002 PA:0x00100678 load:0x00000002
       13992000	      6992	001003cc	0045a883	lw	x17,4(x11)	 x11:0x00100678 x17=0x00000000 PA:0x0010067c load:0x00000000
       13996000	      6994	001003d0	03c12403	lw	x8,60(x2)	  x2:0x00137f90  x8=0x00000000 PA:0x00137fcc load:0x00000000
       13998000	      6995	001003d4	00180513	addi	x10,x16,1	 x16:0x00000002 x10=0x00000003
       14000000	      6996	001003d8	01053633	sltu	x12,x10,x16	 x10:0x00000003 x16:0x00000002 x12=0x00000000
       14002000	      6997	001003dc	011607b3	add	x15,x12,x17	 x12:0x00000000 x17:0x00000000 x15=0x00000000
       14006000	      6999	001003e0	00a5a023	sw	x10,0(x11)	 x11:0x00100678 x10:0x00000003 PA:0x00100678 store:0x00000003 load:0x00000000
       14010000	      7001	001003e4	00f5a223	sw	x15,4(x11)	 x11:0x00100678 x15:0x00000000 PA:0x0010067c store:0x00000000 load:0x00000000
       14014000	      7003	001003e8	04c12083	lw	x1,76(x2)	  x2:0x00137f90  x1=0x001005f4 PA:0x00137fdc load:0x001005f4
       14018000	      7005	001003ec	04812283	lw	x5,72(x2)	  x2:0x00137f90  x5=0x00000000 PA:0x00137fd8 load:0x00000000
       14022000	      7007	001003f0	04412303	lw	x6,68(x2)	  x2:0x00137f90  x6=0x00000000 PA:0x00137fd4 load:0x00000000
       14026000	      7009	001003f4	04012383	lw	x7,64(x2)	  x2:0x00137f90  x7=0x00000000 PA:0x00137fd0 load:0x00000000
       14030000	      7011	001003f8	03812483	lw	x9,56(x2)	  x2:0x00137f90  x9=0x00000001 PA:0x00137fc8 load:0x00000001
       14034000	      7013	001003fc	03412503	lw	x10,52(x2)	  x2:0x00137f90 x10=0x00000000 PA:0x00137fc4 load:0x00000000
       14038000	      7015	00100400	03012583	lw	x11,48(x2)	  x2:0x00137f90 x11=0x00000000 PA:0x00137fc0 load:0x00000000
       14042000	      7017	00100404	02c12603	lw	x12,44(x2)	  x2:0x00137f90 x12=0x00000009 PA:0x00137fbc load:0x00000009
       14046000	      7019	00100408	02812683	lw	x13,40(x2)	  x2:0x00137f90 x13=0x00000000 PA:0x00137fb8 load:0x00000000
       14050000	      7021	0010040c	02412703	lw	x14,36(x2)	  x2:0x00137f90 x14=0x00020000 PA:0x00137fb4 load:0x00020000
       14054000	      7023	00100410	02012783	lw	x15,32(x2)	  x2:0x00137f90 x15=0x00000000 PA:0x00137fb0 load:0x00000000
       14058000	      7025	00100414	01c12803	lw	x16,28(x2)	  x2:0x00137f90 x16=0x00000000 PA:0x00137fac load:0x00000000
       14062000	      7027	00100418	01812883	lw	x17,24(x2)	  x2:0x00137f90 x17=0x00000000 PA:0x00137fa8 load:0x00000000
       14066000	      7029	0010041c	01412e03	lw	x28,20(x2)	  x2:0x00137f90 x28=0x00000000 PA:0x00137fa4 load:0x00000000
       14070000	      7031	00100420	01012e83	lw	x29,16(x2)	  x2:0x00137f90 x29=0x00000000 PA:0x00137fa0 load:0x00000000
       14074000	      7033	00100424	00c12f03	lw	x30,12(x2)	  x2:0x00137f90 x30=0x00000000 PA:0x00137f9c load:0x00000000
       14078000	      7035	00100428	00812f83	lw	x31,8(x2)	  x2:0x00137f90 x31=0x00000000 PA:0x00137f98 load:0x00000000
       14080000	      7036	0010042c	05010113	addi	x2,x2,80	  x2:0x00137f90  x2=0x00137fe0
       14082000	      7037	00100430	30200073	mret	
       14088000	      7040	001005f8	00090493	addi	x9,x18,0	 x18:0x00000002  x9=0x00000002
       14092000	      7042	001005fc	fa1ff06f	jal	x0,10059c	  x0=0x00000000
       14094000	      7043	0010059c	00041463	bne	x8,x0,1005a4	  x8:0x00000000  x0:0x00000000
       14098000	      7045	001005a0	0299f663	bgeu	x19,x9,1005cc	 x19:0x00000004  x9:0x00000002
       14104000	      7048	001005cc	d6dff0ef	jal	x1,100338	  x1=0x001005d0
       14106000	      7049	00100338	00000797	auipc	x15,0x0	 x15=0x00100338
       14108000	      7050	0010033c	34078793	addi	x15,x15,832	 x15:0x00100338 x15=0x00100678
       14112000	      7052	00100340	0007a503	lw	x10,0(x15)	 x15:0x00100678 x10=0x00000003 PA:0x00100678 load:0x00000003
       14116000	      7054	00100344	0047a583	lw	x11,4(x15)	 x15:0x00100678 x11=0x00000000 PA:0x0010067c load:0x00000000
       14120000	      7056	00100348	00008067	jalr	x0,0(x1)	  x1:0x001005d0  x0=0x00000000
       14122000	      7057	001005d0	00050913	addi	x18,x10,0	 x10:0x00000003 x18=0x00000003
       14124000	      7058	001005d4	00058413	addi	x8,x11,0	 x11:0x00000000  x8=0x00000000
       14128000	      7060	001005d8	00a49463	bne	x9,x10,1005e0	  x9:0x00000002 x10:0x00000003
       14132000	      7062	001005e0	00197793	andi	x15,x18,1	 x18:0x00000003 x15=0x00000001
       14134000	      7063	001005e4	000a8513	addi	x10,x21,0	 x21:0x0010065c x10=0x0010065c
       14138000	      7065	001005e8	00079463	bne	x15,x0,1005f0	 x15:0x00000001  x0:0x00000000
       14144000	      7068	001005f0	aa5ff0ef	jal	x1,100094	  x1=0x001005f4
       14146000	      7069	00100094	00020737	lui	x14,0x20	 x14=0x00020000
       14150000	      7071	00100098	00054783	lbu	x15,0(x10)	 x10:0x0010065c x15=0x00000054 PA:0x0010065c load:0x00000054
       14154000	      7073	0010009c	00079663	bne	x15,x0,1000a8	 x15:0x00000054  x0:0x00000000
       14158000	      7075	001000a8	00150513	addi	x10,x10,1	 x10:0x0010065c x10=0x0010065d
       14162000	      7077	001000ac	00f72023	sw	x15,0(x14)	 x14:0x00020000 x15:0x00000054 PA:0x00020000 store:0x00000054 load:0x00000000
       14166000	      7079	001000b0	fe9ff06f	jal	x0,100098	  x0=0x00000000
       14170000	      7081	00100098	00054783	lbu	x15,0(x10)	 x10:0x0010065d x15=0x00000069 PA:0x0010065d load:0x00000069
       14174000	      7083	0010009c	00079663	bne	x15,x0,1000a8	 x15:0x00000069  x0:0x00000000
       14178000	      7085	001000a8	00150513	addi	x10,x10,1	 x10:0x0010065d x10=0x0010065e
       14182000	      7087	001000ac	00f72023	sw	x15,0(x14)	 x14:0x00020000 x15:0x00000069 PA:0x00020000 store:0x00000069 load:0x00000000
       14186000	      7089	001000b0	fe9ff06f	jal	x0,100098	  x0=0x00000000
       14190000	      7091	00100098	00054783	lbu	x15,0(x10)	 x10:0x0010065e x15=0x00000063 PA:0x0010065e load:0x00000063
       14194000	      7093	0010009c	00079663	bne	x15,x0,1000a8	 x15:0x00000063  x0:0x00000000
       14198000	      7095	001000a8	00150513	addi	x10,x10,1	 x10:0x0010065e x10=0x0010065f
       14202000	      7097	001000ac	00f72023	sw	x15,0(x14)	 x14:0x00020000 x15:0x00000063 PA:0x00020000 store:0x00000063 load:0x00000000
       14206000	      7099	001000b0	fe9ff06f	jal	x0,100098	  x0=0x00000000
       14210000	      7101	00100098	00054783	lbu	x15,0(x10)	 x10:0x0010065f x15=0x0000006b PA:0x0010065f load:0x0000006b
       14214000	      7103	0010009c	00079663	bne	x15,x0,1000a8	 x15:0x0000006b  x0:0x00000000
       14218000	      7105	001000a8	00150513	addi	x10,x10,1	 x10:0x0010065f x10=0x00100660
       14222000	      7107	001000ac	00f72023	sw	x15,0(x14)	 x14:0x00020000 x15:0x0000006b PA:0x00020000 store:0x0000006b load:0x00000000
       14226000	      7109	001000b0	fe9ff06f	jal	x0,100098	  x0=0x00000000
       14230000	      7111	00100098	00054783	lbu	x15,0(x10)	 x10:0x00100660 x15=0x00000021 PA:0x00100660 load:0x00000021
       14234000	      7113	0010009c	00079663	bne	x15,x0,1000a8	 x15:0x00000021  x0:0x00000000
       14238000	      7115	001000a8	00150513	addi	x10,x10,1	 x10:0x00100660 x10=0x00100661
       14242000	      7117	001000ac	00f72023	sw	x15,0(x14)	 x14:0x00020000 x15:0x00000021 PA:0x00020000 store:0x00000021 load:0x00000000
       14246000	      7119	001000b0	fe9ff06f	jal	x0,100098	  x0=0x00000000
       14250000	      7121	00100098	00054783	lbu	x15,0(x10)	 x10:0x00100661 x15=0x0000000a PA:0x00100661 load:0x0000000a
       14254000	      7123	0010009c	00079663	bne	x15,x0,1000a8	 x15:0x0000000a  x0:0x00000000
       14258000	      7125	001000a8	00150513	addi	x10,x10,1	 x10:0x00100661 x10=0x00100662
       14262000	      7127	001000ac	00f72023	sw	x15,0(x14)	 x14:0x00020000 x15:0x0000000a PA:0x00020000 store:0x0000000a load:0x00000000
       14266000	      7129	001000b0	fe9ff06f	jal	x0,100098	  x0=0x00000000
       14270000	      7131	00100098	00054783	lbu	x15,0(x10)	 x10:0x00100662 x15=0x00000000 PA:0x00100662 load:0x00000000
       14272000	      7132	0010009c	00079663	bne	x15,x0,1000a8	 x15:0x00000000  x0:0x00000000
       14274000	      7133	001000a0	00000513	addi	x10,x0,0	  x0:0x00000000 x10=0x00000000
       14278000	      7135	001000a4	00008067	jalr	x0,0(x1)	  x1:0x001005f4  x0=0x00000000
       14280000	      7136	001005f4	10500073	wfi	
       17948000	      8970	0010001c	41c0006f	jal	x0,100438	  x0=0x00000000
       17952000	      8972	00100438	f15ff06f	jal	x0,10034c	  x0=0x00000000
       17954000	      8973	0010034c	fb010113	addi	x2,x2,-80	  x2:0x00137fe0  x2=0x00137f90
       17958000	      8975	00100350	02f12023	sw	x15,32(x2)	  x2:0x00137f90 x15:0x00000000 PA:0x00137fb0 store:0x00000000 load:0x00000a21
       17960000	      8976	00100354	00000797	auipc	x15,0x0	 x15=0x00100354
       17962000	      8977	00100358	31c78793	addi	x15,x15,796	 x15:0x00100354 x15=0x00100670
       17966000	      8979	0010035c	02812e23	sw	x8,60(x2)	  x2:0x00137f90  x8:0x00000000 PA:0x00137fcc store:0x00000000 load:0x00000a21
       17970000	      8981	00100360	0007a403	lw	x8,0(x15)	 x15:0x00100670  x8=0x000007d0 PA:0x00100670 load:0x000007d0
       17974000	      8983	00100364	02912c23	sw	x9,56(x2)	  x2:0x00137f90  x9:0x00000002 PA:0x00137fc8 store:0x00000002 load:0x000007d0
       17978000	      8985	00100368	0047a483	lw	x9,4(x15)	 x15:0x00100670  x9=0x00000000 PA:0x00100674 load:0x00000000
       17982000	      8987	0010036c	02c12623	sw	x12,44(x2)	  x2:0x00137f90 x12:0x00000009 PA:0x00137fbc store:0x00000009 load:0x00000000
       17986000	      8989	00100370	01012e23	sw	x16,28(x2)	  x2:0x00137f90 x16:0x00000000 PA:0x00137fac store:0x00000000 load:0x00000000
       17990000	      8991	00100374	01112c23	sw	x17,24(x2)	  x2:0x00137f90 x17:0x00000000 PA:0x00137fa8 store:0x00000000 load:0x00000000
       17994000	      8993	00100378	04112623	sw	x1,76(x2)	  x2:0x00137f90  x1:0x001005f4 PA:0x00137fdc store:0x001005f4 load:0x00000000
       17998000	      8995	0010037c	04512423	sw	x5,72(x2)	  x2:0x00137f90  x5:0x00000000 PA:0x00137fd8 store:0x00000000 load:0x00000000
       18002000	      8997	00100380	04612223	sw	x6,68(x2)	  x2:0x00137f90  x6:0x00000000 PA:0x00137fd4 store:0x00000000 load:0x00000000
       18006000	      8999	00100384	04712023	sw	x7,64(x2)	  x2:0x00137f90  x7:0x00000000 PA:0x00137fd0 store:0x00000000 load:0x00000000
       18010000	      9001	00100388	02d12423	sw	x13,40(x2)	  x2:0x00137f90 x13:0x00000000 PA:0x00137fb8 store:0x00000000 load:0x00000000
       18014000	      9003	0010038c	02e12223	sw	x14,36(x2)	  x2:0x00137f90 x14:0x00020000 PA:0x00137fb4 store:0x00020000 load:0x00000000
       18018000	      9005	00100390	01c12a23	sw	x28,20(x2)	  x2:0x00137f90 x28:0x00000000 PA:0x00137fa4 store:0x00000000 load:0x00000000
       18022000	      9007	00100394	01d12823	sw	x29,16(x2)	  x2:0x00137f90 x29:0x00000000 PA:0x00137fa0 store:0x00000000 load:0x00000000
       18026000	      9009	00100398	01e12623	sw	x30,12(x2)	  x2:0x00137f90 x30:0x00000000 PA:0x00137f9c store:0x00000000 load:0x00000000
       18030000	      9011	0010039c	01f12423	sw	x31,8(x2)	  x2:0x00137f90 x31:0x00000000 PA:0x00137f98 store:0x00000000 load:0x00000000
       18034000	      9013	001003a0	02a12a23	sw	x10,52(x2)	  x2:0x00137f90 x10:0x00000000 PA:0x00137fc4 store:0x00000000 load:0x00000000
       18038000	      9015	001003a4	02b12823	sw	x11,48(x2)	  x2:0x00137f90 x11:0x00000000 PA:0x00137fc0 store:0x00000000 load:0x00000000
       18042000	      9017	001003a8	ee5ff0ef	jal	x1,10028c	  x1=0x001003ac
       18044000	      9018	0010028c	000307b7	lui	x15,0x30	 x15=0x00030000
       18048000	      9020	00100290	0047a703	lw	x14,4(x15)	 x15:0x00030000 x14=0x00000000 PA:0x00030004 load:0x00000000
       18052000	      9022	00100294	0007a503	lw	x10,0(x15)	 x15:0x00030000 x10=0x0000233c PA:0x00030000 load:0x0000233c
       18056000	      9024	00100298	0047a583	lw	x11,4(x15)	 x15:0x00030000 x11=0x00000000 PA:0x00030004 load:0x00000000
       18058000	      9025	0010029c	fee59ae3	bne	x11,x14,100290	 x11:0x00000000 x14:0x00000000
       18062000	      9027	001002a0	00008067	jalr	x0,0(x1)	  x1:0x001003ac  x0=0x00000000
       18064000	      9028	001003ac	00a40533	add	x10,x8,x10	  x8:0x000007d0 x10:0x0000233c x10=0x00002b0c
       18066000	      9029	001003b0	00853433	sltu	x8,x10,x8	 x10:0x00002b0c  x8:0x000007d0  x8=0x00000000
       18068000	      9030	001003b4	00b485b3	add	x11,x9,x11	  x9:0x00000000 x11:0x00000000 x11=0x00000000
       18070000	      9031	001003b8	00b405b3	add	x11,x8,x11	  x8:0x00000000 x11:0x00000000 x11=0x00000000
       18074000	      9033	001003bc	ee9ff0ef	jal	x1,1002a4	  x1=0x001003c0
       18076000	      9034	001002a4	000307b7	lui	x15,0x30	 x15=0x00030000
       18078000	      9035	001002a8	fff00713	addi	x14,x0,-1	  x0:0x00000000 x14=0xffffffff
       18082000	      9037	001002ac	00e7a423	sw	x14,8(x15)	 x15:0x00030000 x14:0xffffffff PA:0x00030008 store:0xffffffff load:0x00002303
       18086000	      9039	001002b0	00b7a623	sw	x11,12(x15)	 x15:0x00030000 x11:0x00000000 PA:0x0003000c store:0x00000000 load:0x00000000
       18090000	      9041	001002b4	00a7a423	sw	x10,8(x15)	 x15:0x00030000 x10:0x00002b0c PA:0x00030008 store:0x00002b0c load:0xffffffff
       18094000	      9043	001002b8	00008067	jalr	x0,0(x1)	  x1:0x001003c0  x0=0x00000000
       18096000	      9044	001003c0	00000597	auipc	x11,0x0	 x11=0x001003c0
       18098000	      9045	001003c4	2b858593	addi	x11,x11,696	 x11:0x001003c0 x11=0x00100678
       18102000	      9047	001003c8	0005a803	lw	x16,0(x11)	 x11:0x00100678 x16=0x00000003 PA:0x00100678 load:0x00000003
       18106000	      9049	001003cc	0045a883	lw	x17,4(x11)	 x11:0x00100678 x17=0x00000000 PA:0x0010067c load:0x00000000
       18110000	      9051	001003d0	03c12403	lw	x8,60(x2)	  x2:0x00137f90  x8=0x00000000 PA:0x00137fcc load:0x00000000
       18112000	      9052	001003d4	00180513	addi	x10,x16,1	 x16:0x00000003 x10=0x00000004
       18114000	      9053	001003d8	01053633	sltu	x12,x10,x16	 x10:0x00000004 x16:0x00000003 x12=0x00000000
       18116000	      9054	001003dc	011607b3	add	x15,x12,x17	 x12:0x00000000 x17:0x00000000 x15=0x00000000
       18120000	      9056	001003e0	00a5a023	sw	x10,0(x11)	 x11:0x00100678 x10:0x00000004 PA:0x00100678 store:0x00000004 load:0x00000000
       18124000	      9058	001003e4	00f5a223	sw	x15,4(x11)	 x11:0x00100678 x15:0x00000000 PA:0x0010067c store:0x00000000 load:0x00000000
       18128000	      9060	001003e8	04c12083	lw	x1,76(x2)	  x2:0x00137f90  x1=0x001005f4 PA:0x00137fdc load:0x001005f4
       18132000	      9062	001003ec	04812283	lw	x5,72(x2)	  x2:0x00137f90  x5=0x00000000 PA:0x00137fd8 load:0x00000000
       18136000	      9064	001003f0	04412303	lw	x6,68(x2)	  x2:0x00137f90  x6=0x00000000 PA:0x00137fd4 load:0x00000000
       18140000	      9066	001003f4	04012383	lw	x7,64(x2)	  x2:0x00137f90  x7=0x00000000 PA:0x00137fd0 load:0x00000000
       18144000	      9068	001003f8	03812483	lw	x9,56(x2)	  x2:0x00137f90  x9=0x00000002 PA:0x00137fc8 load:0x00000002
       18148000	      9070	001003fc	03412503	lw	x10,52(x2)	  x2:0x00137f90 x10=0x00000000 PA:0x00137fc4 load:0x00000000
       18152000	      9072	00100400	03012583	lw	x11,48(x2)	  x2:0x00137f90 x11=0x00000000 PA:0x00137fc0 load:0x00000000
       18156000	      9074	00100404	02c12603	lw	x12,44(x2)	  x2:0x00137f90 x12=0x00000009 PA:0x00137fbc load:0x00000009
       18160000	      9076	00100408	02812683	lw	x13,40(x2)	  x2:0x00137f90 x13=0x00000000 PA:0x00137fb8 load:0x00000000
       18164000	      9078	0010040c	02412703	lw	x14,36(x2)	  x2:0x00137f90 x14=0x00020000 PA:0x00137fb4 load:0x00020000
       18168000	      9080	00100410	02012783	lw	x15,32(x2)	  x2:0x00137f90 x15=0x00000000 PA:0x00137fb0 load:0x00000000
       18172000	      9082	00100414	01c12803	lw	x16,28(x2)	  x2:0x00137f90 x16=0x00000000 PA:0x00137fac load:0x00000000
       18176000	      9084	00100418	01812883	lw	x17,24(x2)	  x2:0x00137f90 x17=0x00000000 PA:0x00137fa8 load:0x00000000
       18180000	      9086	0010041c	01412e03	lw	x28,20(x2)	  x2:0x00137f90 x28=0x00000000 PA:0x00137fa4 load:0x00000000
       18184000	      9088	00100420	01012e83	lw	x29,16(x2)	  x2:0x00137f90 x29=0x00000000 PA:0x00137fa0 load:0x00000000
       18188000	      9090	00100424	00c12f03	lw	x30,12(x2)	  x2:0x00137f90 x30=0x00000000 PA:0x00137f9c load:0x00000000
       18192000	      9092	00100428	00812f83	lw	x31,8(x2)	  x2:0x00137f90 x31=0x00000000 PA:0x00137f98 load:0x00000000
       18194000	      9093	0010042c	05010113	addi	x2,x2,80	  x2:0x00137f90  x2=0x00137fe0
       18196000	      9094	00100430	30200073	mret	
       18202000	      9097	001005f8	00090493	addi	x9,x18,0	 x18:0x00000003  x9=0x00000003
       18206000	      9099	001005fc	fa1ff06f	jal	x0,10059c	  x0=0x00000000
       18208000	      9100	0010059c	00041463	bne	x8,x0,1005a4	  x8:0x00000000  x0:0x00000000
       18212000	      9102	001005a0	0299f663	bgeu	x19,x9,1005cc	 x19:0x00000004  x9:0x00000003
       18218000	      9105	001005cc	d6dff0ef	jal	x1,100338	  x1=0x001005d0
       18220000	      9106	00100338	00000797	auipc	x15,0x0	 x15=0x00100338
       18222000	      9107	0010033c	34078793	addi	x15,x15,832	 x15:0x00100338 x15=0x00100678
       18226000	      9109	00100340	0007a503	lw	x10,0(x15)	 x15:0x00100678 x10=0x00000004 PA:0x00100678 load:0x00000004
       18230000	      9111	00100344	0047a583	lw	x11,4(x15)	 x15:0x00100678 x11=0x00000000 PA:0x0010067c load:0x00000000
       18234000	      9113	00100348	00008067	jalr	x0,0(x1)	  x1:0x001005d0  x0=0x00000000
       18236000	      9114	001005d0	00050913	addi	x18,x10,0	 x10:0x00000004 x18=0x00000004
       18238000	      9115	001005d4	00058413	addi	x8,x11,0	 x11:0x00000000  x8=0x00000000
       18242000	      9117	001005d8	00a49463	bne	x9,x10,1005e0	  x9:0x00000003 x10:0x00000004
       18246000	      9119	001005e0	00197793	andi	x15,x18,1	 x18:0x00000004 x15=0x00000000
       18248000	      9120	001005e4	000a8513	addi	x10,x21,0	 x21:0x0010065c x10=0x0010065c
       18250000	      9121	001005e8	00079463	bne	x15,x0,1005f0	 x15:0x00000000  x0:0x00000000
       18252000	      9122	001005ec	000a0513	addi	x10,x20,0	 x20:0x00100664 x10=0x00100664
       18256000	      9124	001005f0	aa5ff0ef	jal	x1,100094	  x1=0x001005f4
       18258000	      9125	00100094	00020737	lui	x14,0x20	 x14=0x00020000
       18262000	      9127	00100098	00054783	lbu	x15,0(x10)	 x10:0x00100664 x15=0x00000054 PA:0x00100664 load:0x00000054
       18266000	      9129	0010009c	00079663	bne	x15,x0,1000a8	 x15:0x00000054  x0:0x00000000
       18270000	      9131	001000a8	00150513	addi	x10,x10,1	 x10:0x00100664 x10=0x00100665
       18274000	      9133	001000ac	00f72023	sw	x15,0(x14)	 x14:0x00020000 x15:0x00000054 PA:0x00020000 store:0x00000054 load:0x00000000
       18278000	      9135	001000b0	fe9ff06f	jal	x0,100098	  x0=0x00000000
       18282000	      9137	00100098	00054783	lbu	x15,0(x10)	 x10:0x00100665 x15=0x0000006f PA:0x00100665 load:0x0000006f
       18286000	      9139	0010009c	00079663	bne	x15,x0,1000a8	 x15:0x0000006f  x0:0x00000000
       18290000	      9141	001000a8	00150513	addi	x10,x10,1	 x10:0x00100665 x10=0x00100666
       18294000	      9143	001000ac	00f72023	sw	x15,0(x14)	 x14:0x00020000 x15:0x0000006f PA:0x00020000 store:0x0000006f load:0x00000000
       18298000	      9145	001000b0	fe9ff06f	jal	x0,100098	  x0=0x00000000
       18302000	      9147	00100098	00054783	lbu	x15,0(x10)	 x10:0x00100666 x15=0x00000063 PA:0x00100666 load:0x00000063
       18306000	      9149	0010009c	00079663	bne	x15,x0,1000a8	 x15:0x00000063  x0:0x00000000
       18310000	      9151	001000a8	00150513	addi	x10,x10,1	 x10:0x00100666 x10=0x00100667
       18314000	      9153	001000ac	00f72023	sw	x15,0(x14)	 x14:0x00020000 x15:0x00000063 PA:0x00020000 store:0x00000063 load:0x00000000
       18318000	      9155	001000b0	fe9ff06f	jal	x0,100098	  x0=0x00000000
       18322000	      9157	00100098	00054783	lbu	x15,0(x10)	 x10:0x00100667 x15=0x0000006b PA:0x00100667 load:0x0000006b
       18326000	      9159	0010009c	00079663	bne	x15,x0,1000a8	 x15:0x0000006b  x0:0x00000000
       18330000	      9161	001000a8	00150513	addi	x10,x10,1	 x10:0x00100667 x10=0x00100668
       18334000	      9163	001000ac	00f72023	sw	x15,0(x14)	 x14:0x00020000 x15:0x0000006b PA:0x00020000 store:0x0000006b load:0x00000000
       18338000	      9165	001000b0	fe9ff06f	jal	x0,100098	  x0=0x00000000
       18342000	      9167	00100098	00054783	lbu	x15,0(x10)	 x10:0x00100668 x15=0x00000021 PA:0x00100668 load:0x00000021
       18346000	      9169	0010009c	00079663	bne	x15,x0,1000a8	 x15:0x00000021  x0:0x00000000
       18350000	      9171	001000a8	00150513	addi	x10,x10,1	 x10:0x00100668 x10=0x00100669
       18354000	      9173	001000ac	00f72023	sw	x15,0(x14)	 x14:0x00020000 x15:0x00000021 PA:0x00020000 store:0x00000021 load:0x00000000
       18358000	      9175	001000b0	fe9ff06f	jal	x0,100098	  x0=0x00000000
       18362000	      9177	00100098	00054783	lbu	x15,0(x10)	 x10:0x00100669 x15=0x0000000a PA:0x00100669 load:0x0000000a
       18366000	      9179	0010009c	00079663	bne	x15,x0,1000a8	 x15:0x0000000a  x0:0x00000000
       18370000	      9181	001000a8	00150513	addi	x10,x10,1	 x10:0x00100669 x10=0x0010066a
       18374000	      9183	001000ac	00f72023	sw	x15,0(x14)	 x14:0x00020000 x15:0x0000000a PA:0x00020000 store:0x0000000a load:0x00000000
       18378000	      9185	001000b0	fe9ff06f	jal	x0,100098	  x0=0x00000000
       18382000	      9187	00100098	00054783	lbu	x15,0(x10)	 x10:0x0010066a x15=0x00000000 PA:0x0010066a load:0x00000000
       18384000	      9188	0010009c	00079663	bne	x15,x0,1000a8	 x15:0x00000000  x0:0x00000000
       18386000	      9189	001000a0	00000513	addi	x10,x0,0	  x0:0x00000000 x10=0x00000000
       18390000	      9191	001000a4	00008067	jalr	x0,0(x1)	  x1:0x001005f4  x0=0x00000000
       18392000	      9192	001005f4	10500073	wfi	
       22062000	     11027	0010001c	41c0006f	jal	x0,100438	  x0=0x00000000
       22066000	     11029	00100438	f15ff06f	jal	x0,10034c	  x0=0x00000000
       22068000	     11030	0010034c	fb010113	addi	x2,x2,-80	  x2:0x00137fe0  x2=0x00137f90
       22072000	     11032	00100350	02f12023	sw	x15,32(x2)	  x2:0x00137f90 x15:0x00000000 PA:0x00137fb0 store:0x00000000 load:0x00000a21
       22074000	     11033	00100354	00000797	auipc	x15,0x0	 x15=0x00100354
       22076000	     11034	00100358	31c78793	addi	x15,x15,796	 x15:0x00100354 x15=0x00100670
       22080000	     11036	0010035c	02812e23	sw	x8,60(x2)	  x2:0x00137f90  x8:0x00000000 PA:0x00137fcc store:0x00000000 load:0x00000a21
       22084000	     11038	00100360	0007a403	lw	x8,0(x15)	 x15:0x00100670  x8=0x000007d0 PA:0x00100670 load:0x000007d0
       22088000	     11040	00100364	02912c23	sw	x9,56(x2)	  x2:0x00137f90  x9:0x00000003 PA:0x00137fc8 store:0x00000003 load:0x000007d0
       22092000	     11042	00100368	0047a483	lw	x9,4(x15)	 x15:0x00100670  x9=0x00000000 PA:0x00100674 load:0x00000000
       22096000	     11044	0010036c	02c12623	sw	x12,44(x2)	  x2:0x00137f90 x12:0x00000009 PA:0x00137fbc store:0x00000009 load:0x00000000
       22100000	     11046	00100370	01012e23	sw	x16,28(x2)	  x2:0x00137f90 x16:0x00000000 PA:0x00137fac store:0x00000000 load:0x00000000
       22104000	     11048	00100374	01112c23	sw	x17,24(x2)	  x2:0x00137f90 x17:0x00000000 PA:0x00137fa8 store:0x00000000 load:0x00000000
       22108000	     11050	00100378	04112623	sw	x1,76(x2)	  x2:0x00137f90  x1:0x001005f4 PA:0x00137fdc store:0x001005f4 load:0x00000000
       22112000	     11052	0010037c	04512423	sw	x5,72(x2)	  x2:0x00137f90  x5:0x00000000 PA:0x00137fd8 store:0x00000000 load:0x00000000
       22116000	     11054	00100380	04612223	sw	x6,68(x2)	  x2:0x00137f90  x6:0x00000000 PA:0x00137fd4 store:0x00000000 load:0x00000000
       22120000	     11056	00100384	04712023	sw	x7,64(x2)	  x2:0x00137f90  x7:0x00000000 PA:0x00137fd0 store:0x00000000 load:0x00000000
       22124000	     11058	00100388	02d12423	sw	x13,40(x2)	  x2:0x00137f90 x13:0x00000000 PA:0x00137fb8 store:0x00000000 load:0x00000000
       22128000	     11060	0010038c	02e12223	sw	x14,36(x2)	  x2:0x00137f90 x14:0x00020000 PA:0x00137fb4 store:0x00020000 load:0x00000000
       22132000	     11062	00100390	01c12a23	sw	x28,20(x2)	  x2:0x00137f90 x28:0x00000000 PA:0x00137fa4 store:0x00000000 load:0x00000000
       22136000	     11064	00100394	01d12823	sw	x29,16(x2)	  x2:0x00137f90 x29:0x00000000 PA:0x00137fa0 store:0x00000000 load:0x00000000
       22140000	     11066	00100398	01e12623	sw	x30,12(x2)	  x2:0x00137f90 x30:0x00000000 PA:0x00137f9c store:0x00000000 load:0x00000000
       22144000	     11068	0010039c	01f12423	sw	x31,8(x2)	  x2:0x00137f90 x31:0x00000000 PA:0x00137f98 store:0x00000000 load:0x00000000
       22148000	     11070	001003a0	02a12a23	sw	x10,52(x2)	  x2:0x00137f90 x10:0x00000000 PA:0x00137fc4 store:0x00000000 load:0x00000000
       22152000	     11072	001003a4	02b12823	sw	x11,48(x2)	  x2:0x00137f90 x11:0x00000000 PA:0x00137fc0 store:0x00000000 load:0x00000000
       22156000	     11074	001003a8	ee5ff0ef	jal	x1,10028c	  x1=0x001003ac
       22158000	     11075	0010028c	000307b7	lui	x15,0x30	 x15=0x00030000
       22162000	     11077	00100290	0047a703	lw	x14,4(x15)	 x15:0x00030000 x14=0x00000000 PA:0x00030004 load:0x00000000
       22166000	     11079	00100294	0007a503	lw	x10,0(x15)	 x15:0x00030000 x10=0x00002b45 PA:0x00030000 load:0x00002b45
       22170000	     11081	00100298	0047a583	lw	x11,4(x15)	 x15:0x00030000 x11=0x00000000 PA:0x00030004 load:0x00000000
       22172000	     11082	0010029c	fee59ae3	bne	x11,x14,100290	 x11:0x00000000 x14:0x00000000
       22176000	     11084	001002a0	00008067	jalr	x0,0(x1)	  x1:0x001003ac  x0=0x00000000
       22178000	     11085	001003ac	00a40533	add	x10,x8,x10	  x8:0x000007d0 x10:0x00002b45 x10=0x00003315
       22180000	     11086	001003b0	00853433	sltu	x8,x10,x8	 x10:0x00003315  x8:0x000007d0  x8=0x00000000
       22182000	     11087	001003b4	00b485b3	add	x11,x9,x11	  x9:0x00000000 x11:0x00000000 x11=0x00000000
       22184000	     11088	001003b8	00b405b3	add	x11,x8,x11	  x8:0x00000000 x11:0x00000000 x11=0x00000000
       22188000	     11090	001003bc	ee9ff0ef	jal	x1,1002a4	  x1=0x001003c0
       22190000	     11091	001002a4	000307b7	lui	x15,0x30	 x15=0x00030000
       22192000	     11092	001002a8	fff00713	addi	x14,x0,-1	  x0:0x00000000 x14=0xffffffff
       22196000	     11094	001002ac	00e7a423	sw	x14,8(x15)	 x15:0x00030000 x14:0xffffffff PA:0x00030008 store:0xffffffff load:0x00002b0c
       22200000	     11096	001002b0	00b7a623	sw	x11,12(x15)	 x15:0x00030000 x11:0x00000000 PA:0x0003000c store:0x00000000 load:0x00000000
       22204000	     11098	001002b4	00a7a423	sw	x10,8(x15)	 x15:0x00030000 x10:0x00003315 PA:0x00030008 store:0x00003315 load:0xffffffff
       22208000	     11100	001002b8	00008067	jalr	x0,0(x1)	  x1:0x001003c0  x0=0x00000000
       22210000	     11101	001003c0	00000597	auipc	x11,0x0	 x11=0x001003c0
       22212000	     11102	001003c4	2b858593	addi	x11,x11,696	 x11:0x001003c0 x11=0x00100678
       22216000	     11104	001003c8	0005a803	lw	x16,0(x11)	 x11:0x00100678 x16=0x00000004 PA:0x00100678 load:0x00000004
       22220000	     11106	001003cc	0045a883	lw	x17,4(x11)	 x11:0x00100678 x17=0x00000000 PA:0x0010067c load:0x00000000
       22224000	     11108	001003d0	03c12403	lw	x8,60(x2)	  x2:0x00137f90  x8=0x00000000 PA:0x00137fcc load:0x00000000
       22226000	     11109	001003d4	00180513	addi	x10,x16,1	 x16:0x00000004 x10=0x00000005
       22228000	     11110	001003d8	01053633	sltu	x12,x10,x16	 x10:0x00000005 x16:0x00000004 x12=0x00000000
       22230000	     11111	001003dc	011607b3	add	x15,x12,x17	 x12:0x00000000 x17:0x00000000 x15=0x00000000
       22234000	     11113	001003e0	00a5a023	sw	x10,0(x11)	 x11:0x00100678 x10:0x00000005 PA:0x00100678 store:0x00000005 load:0x00000000
       22238000	     11115	001003e4	00f5a223	sw	x15,4(x11)	 x11:0x00100678 x15:0x00000000 PA:0x0010067c store:0x00000000 load:0x00000000
       22242000	     11117	001003e8	04c12083	lw	x1,76(x2)	  x2:0x00137f90  x1=0x001005f4 PA:0x00137fdc load:0x001005f4
       22246000	     11119	001003ec	04812283	lw	x5,72(x2)	  x2:0x00137f90  x5=0x00000000 PA:0x00137fd8 load:0x00000000
       22250000	     11121	001003f0	04412303	lw	x6,68(x2)	  x2:0x00137f90  x6=0x00000000 PA:0x00137fd4 load:0x00000000
       22254000	     11123	001003f4	04012383	lw	x7,64(x2)	  x2:0x00137f90  x7=0x00000000 PA:0x00137fd0 load:0x00000000
       22258000	     11125	001003f8	03812483	lw	x9,56(x2)	  x2:0x00137f90  x9=0x00000003 PA:0x00137fc8 load:0x00000003
       22262000	     11127	001003fc	03412503	lw	x10,52(x2)	  x2:0x00137f90 x10=0x00000000 PA:0x00137fc4 load:0x00000000
       22266000	     11129	00100400	03012583	lw	x11,48(x2)	  x2:0x00137f90 x11=0x00000000 PA:0x00137fc0 load:0x00000000
       22270000	     11131	00100404	02c12603	lw	x12,44(x2)	  x2:0x00137f90 x12=0x00000009 PA:0x00137fbc load:0x00000009
       22274000	     11133	00100408	02812683	lw	x13,40(x2)	  x2:0x00137f90 x13=0x00000000 PA:0x00137fb8 load:0x00000000
       22278000	     11135	0010040c	02412703	lw	x14,36(x2)	  x2:0x00137f90 x14=0x00020000 PA:0x00137fb4 load:0x00020000
       22282000	     11137	00100410	02012783	lw	x15,32(x2)	  x2:0x00137f90 x15=0x00000000 PA:0x00137fb0 load:0x00000000
       22286000	     11139	00100414	01c12803	lw	x16,28(x2)	  x2:0x00137f90 x16=0x00000000 PA:0x00137fac load:0x00000000
       22290000	     11141	00100418	01812883	lw	x17,24(x2)	  x2:0x00137f90 x17=0x00000000 PA:0x00137fa8 load:0x00000000
       22294000	     11143	0010041c	01412e03	lw	x28,20(x2)	  x2:0x00137f90 x28=0x00000000 PA:0x00137fa4 load:0x00000000
       22298000	     11145	00100420	01012e83	lw	x29,16(x2)	  x2:0x00137f90 x29=0x00000000 PA:0x00137fa0 load:0x00000000
       22302000	     11147	00100424	00c12f03	lw	x30,12(x2)	  x2:0x00137f90 x30=0x00000000 PA:0x00137f9c load:0x00000000
       22306000	     11149	00100428	00812f83	lw	x31,8(x2)	  x2:0x00137f90 x31=0x00000000 PA:0x00137f98 load:0x00000000
       22308000	     11150	0010042c	05010113	addi	x2,x2,80	  x2:0x00137f90  x2=0x00137fe0
       22310000	     11151	00100430	30200073	mret	
       22316000	     11154	001005f8	00090493	addi	x9,x18,0	 x18:0x00000004  x9=0x00000004
       22320000	     11156	001005fc	fa1ff06f	jal	x0,10059c	  x0=0x00000000
       22322000	     11157	0010059c	00041463	bne	x8,x0,1005a4	  x8:0x00000000  x0:0x00000000
       22326000	     11159	001005a0	0299f663	bgeu	x19,x9,1005cc	 x19:0x00000004  x9:0x00000004
       22332000	     11162	001005cc	d6dff0ef	jal	x1,100338	  x1=0x001005d0
       22334000	     11163	00100338	00000797	auipc	x15,0x0	 x15=0x00100338
       22336000	     11164	0010033c	34078793	addi	x15,x15,832	 x15:0x00100338 x15=0x00100678
       22340000	     11166	00100340	0007a503	lw	x10,0(x15)	 x15:0x00100678 x10=0x00000005 PA:0x00100678 load:0x00000005
       22344000	     11168	00100344	0047a583	lw	x11,4(x15)	 x15:0x00100678 x11=0x00000000 PA:0x0010067c load:0x00000000
       22348000	     11170	00100348	00008067	jalr	x0,0(x1)	  x1:0x001005d0  x0=0x00000000
       22350000	     11171	001005d0	00050913	addi	x18,x10,0	 x10:0x00000005 x18=0x00000005
       22352000	     11172	001005d4	00058413	addi	x8,x11,0	 x11:0x00000000  x8=0x00000000
       22356000	     11174	001005d8	00a49463	bne	x9,x10,1005e0	  x9:0x00000004 x10:0x00000005
       22360000	     11176	001005e0	00197793	andi	x15,x18,1	 x18:0x00000005 x15=0x00000001
       22362000	     11177	001005e4	000a8513	addi	x10,x21,0	 x21:0x0010065c x10=0x0010065c
       22366000	     11179	001005e8	00079463	bne	x15,x0,1005f0	 x15:0x00000001  x0:0x00000000
       22372000	     11182	001005f0	aa5ff0ef	jal	x1,100094	  x1=0x001005f4
       22374000	     11183	00100094	00020737	lui	x14,0x20	 x14=0x00020000
       22378000	     11185	00100098	00054783	lbu	x15,0(x10)	 x10:0x0010065c x15=0x00000054 PA:0x0010065c load:0x00000054
       22382000	     11187	0010009c	00079663	bne	x15,x0,1000a8	 x15:0x00000054  x0:0x00000000
       22386000	     11189	001000a8	00150513	addi	x10,x10,1	 x10:0x0010065c x10=0x0010065d
       22390000	     11191	001000ac	00f72023	sw	x15,0(x14)	 x14:0x00020000 x15:0x00000054 PA:0x00020000 store:0x00000054 load:0x00000000
       22394000	     11193	001000b0	fe9ff06f	jal	x0,100098	  x0=0x00000000
       22398000	     11195	00100098	00054783	lbu	x15,0(x10)	 x10:0x0010065d x15=0x00000069 PA:0x0010065d load:0x00000069
       22402000	     11197	0010009c	00079663	bne	x15,x0,1000a8	 x15:0x00000069  x0:0x00000000
       22406000	     11199	001000a8	00150513	addi	x10,x10,1	 x10:0x0010065d x10=0x0010065e
       22410000	     11201	001000ac	00f72023	sw	x15,0(x14)	 x14:0x00020000 x15:0x00000069 PA:0x00020000 store:0x00000069 load:0x00000000
       22414000	     11203	001000b0	fe9ff06f	jal	x0,100098	  x0=0x00000000
       22418000	     11205	00100098	00054783	lbu	x15,0(x10)	 x10:0x0010065e x15=0x00000063 PA:0x0010065e load:0x00000063
       22422000	     11207	0010009c	00079663	bne	x15,x0,1000a8	 x15:0x00000063  x0:0x00000000
       22426000	     11209	001000a8	00150513	addi	x10,x10,1	 x10:0x0010065e x10=0x0010065f
       22430000	     11211	001000ac	00f72023	sw	x15,0(x14)	 x14:0x00020000 x15:0x00000063 PA:0x00020000 store:0x00000063 load:0x00000000
       22434000	     11213	001000b0	fe9ff06f	jal	x0,100098	  x0=0x00000000
       22438000	     11215	00100098	00054783	lbu	x15,0(x10)	 x10:0x0010065f x15=0x0000006b PA:0x0010065f load:0x0000006b
       22442000	     11217	0010009c	00079663	bne	x15,x0,1000a8	 x15:0x0000006b  x0:0x00000000
       22446000	     11219	001000a8	00150513	addi	x10,x10,1	 x10:0x0010065f x10=0x00100660
       22450000	     11221	001000ac	00f72023	sw	x15,0(x14)	 x14:0x00020000 x15:0x0000006b PA:0x00020000 store:0x0000006b load:0x00000000
       22454000	     11223	001000b0	fe9ff06f	jal	x0,100098	  x0=0x00000000
       22458000	     11225	00100098	00054783	lbu	x15,0(x10)	 x10:0x00100660 x15=0x00000021 PA:0x00100660 load:0x00000021
       22462000	     11227	0010009c	00079663	bne	x15,x0,1000a8	 x15:0x00000021  x0:0x00000000
       22466000	     11229	001000a8	00150513	addi	x10,x10,1	 x10:0x00100660 x10=0x00100661
       22470000	     11231	001000ac	00f72023	sw	x15,0(x14)	 x14:0x00020000 x15:0x00000021 PA:0x00020000 store:0x00000021 load:0x00000000
       22474000	     11233	001000b0	fe9ff06f	jal	x0,100098	  x0=0x00000000
       22478000	     11235	00100098	00054783	lbu	x15,0(x10)	 x10:0x00100661 x15=0x0000000a PA:0x00100661 load:0x0000000a
       22482000	     11237	0010009c	00079663	bne	x15,x0,1000a8	 x15:0x0000000a  x0:0x00000000
       22486000	     11239	001000a8	00150513	addi	x10,x10,1	 x10:0x00100661 x10=0x00100662
       22490000	     11241	001000ac	00f72023	sw	x15,0(x14)	 x14:0x00020000 x15:0x0000000a PA:0x00020000 store:0x0000000a load:0x00000000
       22494000	     11243	001000b0	fe9ff06f	jal	x0,100098	  x0=0x00000000
       22498000	     11245	00100098	00054783	lbu	x15,0(x10)	 x10:0x00100662 x15=0x00000000 PA:0x00100662 load:0x00000000
       22500000	     11246	0010009c	00079663	bne	x15,x0,1000a8	 x15:0x00000000  x0:0x00000000
       22502000	     11247	001000a0	00000513	addi	x10,x0,0	  x0:0x00000000 x10=0x00000000
       22506000	     11249	001000a4	00008067	jalr	x0,0(x1)	  x1:0x001005f4  x0=0x00000000
       22508000	     11250	001005f4	10500073	wfi	
       26176000	     13084	0010001c	41c0006f	jal	x0,100438	  x0=0x00000000
       26180000	     13086	00100438	f15ff06f	jal	x0,10034c	  x0=0x00000000
       26182000	     13087	0010034c	fb010113	addi	x2,x2,-80	  x2:0x00137fe0  x2=0x00137f90
       26186000	     13089	00100350	02f12023	sw	x15,32(x2)	  x2:0x00137f90 x15:0x00000000 PA:0x00137fb0 store:0x00000000 load:0x00000a21
       26188000	     13090	00100354	00000797	auipc	x15,0x0	 x15=0x00100354
       26190000	     13091	00100358	31c78793	addi	x15,x15,796	 x15:0x00100354 x15=0x00100670
       26194000	     13093	0010035c	02812e23	sw	x8,60(x2)	  x2:0x00137f90  x8:0x00000000 PA:0x00137fcc store:0x00000000 load:0x00000a21
       26198000	     13095	00100360	0007a403	lw	x8,0(x15)	 x15:0x00100670  x8=0x000007d0 PA:0x00100670 load:0x000007d0
       26202000	     13097	00100364	02912c23	sw	x9,56(x2)	  x2:0x00137f90  x9:0x00000004 PA:0x00137fc8 store:0x00000004 load:0x000007d0
       26206000	     13099	00100368	0047a483	lw	x9,4(x15)	 x15:0x00100670  x9=0x00000000 PA:0x00100674 load:0x00000000
       26210000	     13101	0010036c	02c12623	sw	x12,44(x2)	  x2:0x00137f90 x12:0x00000009 PA:0x00137fbc store:0x00000009 load:0x00000000
       26214000	     13103	00100370	01012e23	sw	x16,28(x2)	  x2:0x00137f90 x16:0x00000000 PA:0x00137fac store:0x00000000 load:0x00000000
       26218000	     13105	00100374	01112c23	sw	x17,24(x2)	  x2:0x00137f90 x17:0x00000000 PA:0x00137fa8 store:0x00000000 load:0x00000000
       26222000	     13107	00100378	04112623	sw	x1,76(x2)	  x2:0x00137f90  x1:0x001005f4 PA:0x00137fdc store:0x001005f4 load:0x00000000
       26226000	     13109	0010037c	04512423	sw	x5,72(x2)	  x2:0x00137f90  x5:0x00000000 PA:0x00137fd8 store:0x00000000 load:0x00000000
       26230000	     13111	00100380	04612223	sw	x6,68(x2)	  x2:0x00137f90  x6:0x00000000 PA:0x00137fd4 store:0x00000000 load:0x00000000
       26234000	     13113	00100384	04712023	sw	x7,64(x2)	  x2:0x00137f90  x7:0x00000000 PA:0x00137fd0 store:0x00000000 load:0x00000000
       26238000	     13115	00100388	02d12423	sw	x13,40(x2)	  x2:0x00137f90 x13:0x00000000 PA:0x00137fb8 store:0x00000000 load:0x00000000
       26242000	     13117	0010038c	02e12223	sw	x14,36(x2)	  x2:0x00137f90 x14:0x00020000 PA:0x00137fb4 store:0x00020000 load:0x00000000
       26246000	     13119	00100390	01c12a23	sw	x28,20(x2)	  x2:0x00137f90 x28:0x00000000 PA:0x00137fa4 store:0x00000000 load:0x00000000
       26250000	     13121	00100394	01d12823	sw	x29,16(x2)	  x2:0x00137f90 x29:0x00000000 PA:0x00137fa0 store:0x00000000 load:0x00000000
       26254000	     13123	00100398	01e12623	sw	x30,12(x2)	  x2:0x00137f90 x30:0x00000000 PA:0x00137f9c store:0x00000000 load:0x00000000
       26258000	     13125	0010039c	01f12423	sw	x31,8(x2)	  x2:0x00137f90 x31:0x00000000 PA:0x00137f98 store:0x00000000 load:0x00000000
       26262000	     13127	001003a0	02a12a23	sw	x10,52(x2)	  x2:0x00137f90 x10:0x00000000 PA:0x00137fc4 store:0x00000000 load:0x00000000
       26266000	     13129	001003a4	02b12823	sw	x11,48(x2)	  x2:0x00137f90 x11:0x00000000 PA:0x00137fc0 store:0x00000000 load:0x00000000
       26270000	     13131	001003a8	ee5ff0ef	jal	x1,10028c	  x1=0x001003ac
       26272000	     13132	0010028c	000307b7	lui	x15,0x30	 x15=0x00030000
       26276000	     13134	00100290	0047a703	lw	x14,4(x15)	 x15:0x00030000 x14=0x00000000 PA:0x00030004 load:0x00000000
       26280000	     13136	00100294	0007a503	lw	x10,0(x15)	 x15:0x00030000 x10=0x0000334e PA:0x00030000 load:0x0000334e
       26284000	     13138	00100298	0047a583	lw	x11,4(x15)	 x15:0x00030000 x11=0x00000000 PA:0x00030004 load:0x00000000
       26286000	     13139	0010029c	fee59ae3	bne	x11,x14,100290	 x11:0x00000000 x14:0x00000000
       26290000	     13141	001002a0	00008067	jalr	x0,0(x1)	  x1:0x001003ac  x0=0x00000000
       26292000	     13142	001003ac	00a40533	add	x10,x8,x10	  x8:0x000007d0 x10:0x0000334e x10=0x00003b1e
       26294000	     13143	001003b0	00853433	sltu	x8,x10,x8	 x10:0x00003b1e  x8:0x000007d0  x8=0x00000000
       26296000	     13144	001003b4	00b485b3	add	x11,x9,x11	  x9:0x00000000 x11:0x00000000 x11=0x00000000
       26298000	     13145	001003b8	00b405b3	add	x11,x8,x11	  x8:0x00000000 x11:0x00000000 x11=0x00000000
       26302000	     13147	001003bc	ee9ff0ef	jal	x1,1002a4	  x1=0x001003c0
       26304000	     13148	001002a4	000307b7	lui	x15,0x30	 x15=0x00030000
       26306000	     13149	001002a8	fff00713	addi	x14,x0,-1	  x0:0x00000000 x14=0xffffffff
       26310000	     13151	001002ac	00e7a423	sw	x14,8(x15)	 x15:0x00030000 x14:0xffffffff PA:0x00030008 store:0xffffffff load:0x00003315
       26314000	     13153	001002b0	00b7a623	sw	x11,12(x15)	 x15:0x00030000 x11:0x00000000 PA:0x0003000c store:0x00000000 load:0x00000000
       26318000	     13155	001002b4	00a7a423	sw	x10,8(x15)	 x15:0x00030000 x10:0x00003b1e PA:0x00030008 store:0x00003b1e load:0xffffffff
       26322000	     13157	001002b8	00008067	jalr	x0,0(x1)	  x1:0x001003c0  x0=0x00000000
       26324000	     13158	001003c0	00000597	auipc	x11,0x0	 x11=0x001003c0
       26326000	     13159	001003c4	2b858593	addi	x11,x11,696	 x11:0x001003c0 x11=0x00100678
       26330000	     13161	001003c8	0005a803	lw	x16,0(x11)	 x11:0x00100678 x16=0x00000005 PA:0x00100678 load:0x00000005
       26334000	     13163	001003cc	0045a883	lw	x17,4(x11)	 x11:0x00100678 x17=0x00000000 PA:0x0010067c load:0x00000000
       26338000	     13165	001003d0	03c12403	lw	x8,60(x2)	  x2:0x00137f90  x8=0x00000000 PA:0x00137fcc load:0x00000000
       26340000	     13166	001003d4	00180513	addi	x10,x16,1	 x16:0x00000005 x10=0x00000006
       26342000	     13167	001003d8	01053633	sltu	x12,x10,x16	 x10:0x00000006 x16:0x00000005 x12=0x00000000
       26344000	     13168	001003dc	011607b3	add	x15,x12,x17	 x12:0x00000000 x17:0x00000000 x15=0x00000000
       26348000	     13170	001003e0	00a5a023	sw	x10,0(x11)	 x11:0x00100678 x10:0x00000006 PA:0x00100678 store:0x00000006 load:0x00000000
       26352000	     13172	001003e4	00f5a223	sw	x15,4(x11)	 x11:0x00100678 x15:0x00000000 PA:0x0010067c store:0x00000000 load:0x00000000
       26356000	     13174	001003e8	04c12083	lw	x1,76(x2)	  x2:0x00137f90  x1=0x001005f4 PA:0x00137fdc load:0x001005f4
       26360000	     13176	001003ec	04812283	lw	x5,72(x2)	  x2:0x00137f90  x5=0x00000000 PA:0x00137fd8 load:0x00000000
       26364000	     13178	001003f0	04412303	lw	x6,68(x2)	  x2:0x00137f90  x6=0x00000000 PA:0x00137fd4 load:0x00000000
       26368000	     13180	001003f4	04012383	lw	x7,64(x2)	  x2:0x00137f90  x7=0x00000000 PA:0x00137fd0 load:0x00000000
       26372000	     13182	001003f8	03812483	lw	x9,56(x2)	  x2:0x00137f90  x9=0x00000004 PA:0x00137fc8 load:0x00000004
       26376000	     13184	001003fc	03412503	lw	x10,52(x2)	  x2:0x00137f90 x10=0x00000000 PA:0x00137fc4 load:0x00000000
       26380000	     13186	00100400	03012583	lw	x11,48(x2)	  x2:0x00137f90 x11=0x00000000 PA:0x00137fc0 load:0x00000000
       26384000	     13188	00100404	02c12603	lw	x12,44(x2)	  x2:0x00137f90 x12=0x00000009 PA:0x00137fbc load:0x00000009
       26388000	     13190	00100408	02812683	lw	x13,40(x2)	  x2:0x00137f90 x13=0x00000000 PA:0x00137fb8 load:0x00000000
       26392000	     13192	0010040c	02412703	lw	x14,36(x2)	  x2:0x00137f90 x14=0x00020000 PA:0x00137fb4 load:0x00020000
       26396000	     13194	00100410	02012783	lw	x15,32(x2)	  x2:0x00137f90 x15=0x00000000 PA:0x00137fb0 load:0x00000000
       26400000	     13196	00100414	01c12803	lw	x16,28(x2)	  x2:0x00137f90 x16=0x00000000 PA:0x00137fac load:0x00000000
       26404000	     13198	00100418	01812883	lw	x17,24(x2)	  x2:0x00137f90 x17=0x00000000 PA:0x00137fa8 load:0x00000000
       26408000	     13200	0010041c	01412e03	lw	x28,20(x2)	  x2:0x00137f90 x28=0x00000000 PA:0x00137fa4 load:0x00000000
       26412000	     13202	00100420	01012e83	lw	x29,16(x2)	  x2:0x00137f90 x29=0x00000000 PA:0x00137fa0 load:0x00000000
       26416000	     13204	00100424	00c12f03	lw	x30,12(x2)	  x2:0x00137f90 x30=0x00000000 PA:0x00137f9c load:0x00000000
       26420000	     13206	00100428	00812f83	lw	x31,8(x2)	  x2:0x00137f90 x31=0x00000000 PA:0x00137f98 load:0x00000000
       26422000	     13207	0010042c	05010113	addi	x2,x2,80	  x2:0x00137f90  x2=0x00137fe0
       26424000	     13208	00100430	30200073	mret	
       26430000	     13211	001005f8	00090493	addi	x9,x18,0	 x18:0x00000005  x9=0x00000005
       26434000	     13213	001005fc	fa1ff06f	jal	x0,10059c	  x0=0x00000000
       26436000	     13214	0010059c	00041463	bne	x8,x0,1005a4	  x8:0x00000000  x0:0x00000000
       26438000	     13215	001005a0	0299f663	bgeu	x19,x9,1005cc	 x19:0x00000004  x9:0x00000005
       26442000	     13217	001005a4	01c12083	lw	x1,28(x2)	  x2:0x00137fe0  x1=0x001004ec PA:0x00137ffc load:0x001004ec
       26446000	     13219	001005a8	01812403	lw	x8,24(x2)	  x2:0x00137fe0  x8=0x00000000 PA:0x00137ff8 load:0x00000000
       26450000	     13221	001005ac	01412483	lw	x9,20(x2)	  x2:0x00137fe0  x9=0x00000000 PA:0x00137ff4 load:0x00000000
       26454000	     13223	001005b0	01012903	lw	x18,16(x2)	  x2:0x00137fe0 x18=0x00000000 PA:0x00137ff0 load:0x00000000
       26458000	     13225	001005b4	00c12983	lw	x19,12(x2)	  x2:0x00137fe0 x19=0x00000000 PA:0x00137fec load:0x00000000
       26462000	     13227	001005b8	00812a03	lw	x20,8(x2)	  x2:0x00137fe0 x20=0x00000000 PA:0x00137fe8 load:0x00000000
       26466000	     13229	001005bc	00412a83	lw	x21,4(x2)	  x2:0x00137fe0 x21=0x00000000 PA:0x00137fe4 load:0x00000000
       26468000	     13230	001005c0	00000513	addi	x10,x0,0	  x0:0x00000000 x10=0x00000000
       26470000	     13231	001005c4	02010113	addi	x2,x2,32	  x2:0x00137fe0  x2=0x00138000
       26474000	     13233	001005c8	00008067	jalr	x0,0(x1)	  x1:0x001004ec  x0=0x00000000
       26476000	     13234	001004ec	000202b7	lui	x5,0x20	  x5=0x00020000
       26478000	     13235	001004f0	00828293	addi	x5,x5,8	  x5:0x00020000  x5=0x00020008
       26480000	     13236	001004f4	00100313	addi	x6,x0,1	  x0:0x00000000  x6=0x00000001
