Time	Cycle	PC	Insn	Decoded instruction	Register and memory contents
          38000	        15	00100080	00c0006f	jal	x0,10008c	  x0=0x00000000
          40000	        16	0010008c	00000093	addi	x1,x0,0	  x0:0x00000000  x1=0x00000000
          42000	        17	00100090	8106	c.mv	x2,x1	  x0:0x00000000  x1:0x00000000  x2=0x00000000
          44000	        18	00100092	8186	c.mv	x3,x1	  x0:0x00000000  x1:0x00000000  x3=0x00000000
          46000	        19	00100094	8206	c.mv	x4,x1	  x0:0x00000000  x1:0x00000000  x4=0x00000000
          48000	        20	00100096	8286	c.mv	x5,x1	  x0:0x00000000  x1:0x00000000  x5=0x00000000
          50000	        21	00100098	8306	c.mv	x6,x1	  x0:0x00000000  x1:0x00000000  x6=0x00000000
          52000	        22	0010009a	8386	c.mv	x7,x1	  x0:0x00000000  x1:0x00000000  x7=0x00000000
          54000	        23	0010009c	8406	c.mv	x8,x1	  x0:0x00000000  x1:0x00000000  x8=0x00000000
          56000	        24	0010009e	8486	c.mv	x9,x1	  x0:0x00000000  x1:0x00000000  x9=0x00000000
          58000	        25	001000a0	8506	c.mv	x10,x1	  x0:0x00000000  x1:0x00000000 x10=0x00000000
          60000	        26	001000a2	8586	c.mv	x11,x1	  x0:0x00000000  x1:0x00000000 x11=0x00000000
          62000	        27	001000a4	8606	c.mv	x12,x1	  x0:0x00000000  x1:0x00000000 x12=0x00000000
          64000	        28	001000a6	8686	c.mv	x13,x1	  x0:0x00000000  x1:0x00000000 x13=0x00000000
          66000	        29	001000a8	8706	c.mv	x14,x1	  x0:0x00000000  x1:0x00000000 x14=0x00000000
          68000	        30	001000aa	8786	c.mv	x15,x1	  x0:0x00000000  x1:0x00000000 x15=0x00000000
          70000	        31	001000ac	8806	c.mv	x16,x1	  x0:0x00000000  x1:0x00000000 x16=0x00000000
          72000	        32	001000ae	8886	c.mv	x17,x1	  x0:0x00000000  x1:0x00000000 x17=0x00000000
          74000	        33	001000b0	8906	c.mv	x18,x1	  x0:0x00000000  x1:0x00000000 x18=0x00000000
          76000	        34	001000b2	8986	c.mv	x19,x1	  x0:0x00000000  x1:0x00000000 x19=0x00000000
          78000	        35	001000b4	8a06	c.mv	x20,x1	  x0:0x00000000  x1:0x00000000 x20=0x00000000
          80000	        36	001000b6	8a86	c.mv	x21,x1	  x0:0x00000000  x1:0x00000000 x21=0x00000000
          82000	        37	001000b8	8b06	c.mv	x22,x1	  x0:0x00000000  x1:0x00000000 x22=0x00000000
          84000	        38	001000ba	8b86	c.mv	x23,x1	  x0:0x00000000  x1:0x00000000 x23=0x00000000
          86000	        39	001000bc	8c06	c.mv	x24,x1	  x0:0x00000000  x1:0x00000000 x24=0x00000000
          88000	        40	001000be	8c86	c.mv	x25,x1	  x0:0x00000000  x1:0x00000000 x25=0x00000000
          90000	        41	001000c0	8d06	c.mv	x26,x1	  x0:0x00000000  x1:0x00000000 x26=0x00000000
          92000	        42	001000c2	8d86	c.mv	x27,x1	  x0:0x00000000  x1:0x00000000 x27=0x00000000
          94000	        43	001000c4	8e06	c.mv	x28,x1	  x0:0x00000000  x1:0x00000000 x28=0x00000000
          96000	        44	001000c6	8e86	c.mv	x29,x1	  x0:0x00000000  x1:0x00000000 x29=0x00000000
          98000	        45	001000c8	8f06	c.mv	x30,x1	  x0:0x00000000  x1:0x00000000 x30=0x00000000
         100000	        46	001000ca	8f86	c.mv	x31,x1	  x0:0x00000000  x1:0x00000000 x31=0x00000000
         102000	        47	001000cc	00038117	auipc	x2,0x38	  x2=0x001380cc
         104000	        48	001000d0	f3410113	addi	x2,x2,-204	  x2:0x001380cc  x2=0x00138000
         106000	        49	001000d4	00000d17	auipc	x26,0x0	 x26=0x001000d4
         108000	        50	001000d8	49cd0d13	addi	x26,x26,1180	 x26:0x001000d4 x26=0x00100570
         110000	        51	001000dc	00000d97	auipc	x27,0x0	 x27=0x001000dc
         112000	        52	001000e0	4a4d8d93	addi	x27,x27,1188	 x27:0x001000dc x27=0x00100580
         114000	        53	001000e4	01bd5763	bge	x26,x27,1000f2	 x26:0x00100570 x27:0x00100580
         118000	        55	001000e8	000d2023	sw	x0,0(x26)	 x26:0x00100570  x0:0x00000000 PA:0x00100570 store:0x00000000 load:0x00000000
         120000	        56	001000ec	0d11	c.addi	x26,4	 x26:0x00100570 x26=0x00100574
         124000	        58	001000ee	ffaddde3	bge	x27,x26,1000e8	 x27:0x00100580 x26:0x00100574
         130000	        61	001000e8	000d2023	sw	x0,0(x26)	 x26:0x00100574  x0:0x00000000 PA:0x00100574 store:0x00000000 load:0x00000000
         132000	        62	001000ec	0d11	c.addi	x26,4	 x26:0x00100574 x26=0x00100578
         136000	        64	001000ee	ffaddde3	bge	x27,x26,1000e8	 x27:0x00100580 x26:0x00100578
         142000	        67	001000e8	000d2023	sw	x0,0(x26)	 x26:0x00100578  x0:0x00000000 PA:0x00100578 store:0x00000000 load:0x00000000
         144000	        68	001000ec	0d11	c.addi	x26,4	 x26:0x00100578 x26=0x0010057c
         148000	        70	001000ee	ffaddde3	bge	x27,x26,1000e8	 x27:0x00100580 x26:0x0010057c
         154000	        73	001000e8	000d2023	sw	x0,0(x26)	 x26:0x0010057c  x0:0x00000000 PA:0x0010057c store:0x00000000 load:0x00000000
         156000	        74	001000ec	0d11	c.addi	x26,4	 x26:0x0010057c x26=0x00100580
         160000	        76	001000ee	ffaddde3	bge	x27,x26,1000e8	 x27:0x00100580 x26:0x00100580
         166000	        79	001000e8	000d2023	sw	x0,0(x26)	 x26:0x00100580  x0:0x00000000 PA:0x00100580 store:0x00000000 load:0x00000000
         168000	        80	001000ec	0d11	c.addi	x26,4	 x26:0x00100580 x26=0x00100584
         170000	        81	001000ee	ffaddde3	bge	x27,x26,1000e8	 x27:0x00100580 x26:0x00100584
         172000	        82	001000f2	4501	c.li	x10,0	 x10=0x00000000
         174000	        83	001000f4	4581	c.li	x11,0	 x11=0x00000000
         178000	        85	001000f6	2d4000ef	jal	x1,1003ca	  x1=0x001000fa
         182000	        87	001003ca	00100537	lui	x10,0x100	 x10=0x00100000
         184000	        88	001003ce	1141	c.addi	x2,-16	  x2:0x00138000  x2=0x00137ff0
         186000	        89	001003d0	4b050513	addi	x10,x10,1200	 x10:0x00100000 x10=0x001004b0
         190000	        91	001003d4	c606	c.swsp	x1,12(x2)	  x2:0x00137ff0  x1:0x001000fa PA:0x00137ffc store:0x001000fa load:0x00000000
         194000	        93	001003d6	c422	c.swsp	x8,8(x2)	  x2:0x00137ff0  x8:0x00000000 PA:0x00137ff8 store:0x00000000 load:0x00000000
         198000	        95	001003d8	c226	c.swsp	x9,4(x2)	  x2:0x00137ff0  x9:0x00000000 PA:0x00137ff4 store:0x00000000 load:0x00000000
         202000	        97	001003da	3b3d	c.jal	100118	  x1=0x001003dc
         204000	        98	00100118	00020737	lui	x14,0x20	 x14=0x00020000
         208000	       100	0010011c	00054783	lbu	x15,0(x10)	 x10:0x001004b0 x15=0x0000003d PA:0x001004b0 load:0x0000003d
         212000	       102	00100120	e399	c.bnez	x15,100126	 x15:0x0000003d
         216000	       104	00100126	0505	c.addi	x10,1	 x10:0x001004b0 x10=0x001004b1
         220000	       106	00100128	c31c	c.sw	x15,0(x14)	 x14:0x00020000 x15:0x0000003d PA:0x00020000 store:0x0000003d load:0x00000000
         224000	       108	0010012a	bfcd	c.j	10011c	
         228000	       110	0010011c	00054783	lbu	x15,0(x10)	 x10:0x001004b1 x15=0x0000003d PA:0x001004b1 load:0x0000003d
         232000	       112	00100120	e399	c.bnez	x15,100126	 x15:0x0000003d
         236000	       114	00100126	0505	c.addi	x10,1	 x10:0x001004b1 x10=0x001004b2
         240000	       116	00100128	c31c	c.sw	x15,0(x14)	 x14:0x00020000 x15:0x0000003d PA:0x00020000 store:0x0000003d load:0x00000000
         244000	       118	0010012a	bfcd	c.j	10011c	
         248000	       120	0010011c	00054783	lbu	x15,0(x10)	 x10:0x001004b2 x15=0x0000003d PA:0x001004b2 load:0x0000003d
         252000	       122	00100120	e399	c.bnez	x15,100126	 x15:0x0000003d
         256000	       124	00100126	0505	c.addi	x10,1	 x10:0x001004b2 x10=0x001004b3
         260000	       126	00100128	c31c	c.sw	x15,0(x14)	 x14:0x00020000 x15:0x0000003d PA:0x00020000 store:0x0000003d load:0x00000000
         264000	       128	0010012a	bfcd	c.j	10011c	
         268000	       130	0010011c	00054783	lbu	x15,0(x10)	 x10:0x001004b3 x15=0x00000020 PA:0x001004b3 load:0x00000020
         272000	       132	00100120	e399	c.bnez	x15,100126	 x15:0x00000020
         276000	       134	00100126	0505	c.addi	x10,1	 x10:0x001004b3 x10=0x001004b4
         280000	       136	00100128	c31c	c.sw	x15,0(x14)	 x14:0x00020000 x15:0x00000020 PA:0x00020000 store:0x00000020 load:0x00000000
         284000	       138	0010012a	bfcd	c.j	10011c	
         288000	       140	0010011c	00054783	lbu	x15,0(x10)	 x10:0x001004b4 x15=0x00000054 PA:0x001004b4 load:0x00000054
         292000	       142	00100120	e399	c.bnez	x15,100126	 x15:0x00000054
         296000	       144	00100126	0505	c.addi	x10,1	 x10:0x001004b4 x10=0x001004b5
         300000	       146	00100128	c31c	c.sw	x15,0(x14)	 x14:0x00020000 x15:0x00000054 PA:0x00020000 store:0x00000054 load:0x00000000
         304000	       148	0010012a	bfcd	c.j	10011c	
         308000	       150	0010011c	00054783	lbu	x15,0(x10)	 x10:0x001004b5 x15=0x00000069 PA:0x001004b5 load:0x00000069
         312000	       152	00100120	e399	c.bnez	x15,100126	 x15:0x00000069
         316000	       154	00100126	0505	c.addi	x10,1	 x10:0x001004b5 x10=0x001004b6
         320000	       156	00100128	c31c	c.sw	x15,0(x14)	 x14:0x00020000 x15:0x00000069 PA:0x00020000 store:0x00000069 load:0x00000000
         324000	       158	0010012a	bfcd	c.j	10011c	
         328000	       160	0010011c	00054783	lbu	x15,0(x10)	 x10:0x001004b6 x15=0x0000006d PA:0x001004b6 load:0x0000006d
         332000	       162	00100120	e399	c.bnez	x15,100126	 x15:0x0000006d
         336000	       164	00100126	0505	c.addi	x10,1	 x10:0x001004b6 x10=0x001004b7
         340000	       166	00100128	c31c	c.sw	x15,0(x14)	 x14:0x00020000 x15:0x0000006d PA:0x00020000 store:0x0000006d load:0x00000000
         344000	       168	0010012a	bfcd	c.j	10011c	
         348000	       170	0010011c	00054783	lbu	x15,0(x10)	 x10:0x001004b7 x15=0x00000065 PA:0x001004b7 load:0x00000065
         352000	       172	00100120	e399	c.bnez	x15,100126	 x15:0x00000065
         356000	       174	00100126	0505	c.addi	x10,1	 x10:0x001004b7 x10=0x001004b8
         360000	       176	00100128	c31c	c.sw	x15,0(x14)	 x14:0x00020000 x15:0x00000065 PA:0x00020000 store:0x00000065 load:0x00000000
         364000	       178	0010012a	bfcd	c.j	10011c	
         368000	       180	0010011c	00054783	lbu	x15,0(x10)	 x10:0x001004b8 x15=0x00000072 PA:0x001004b8 load:0x00000072
         372000	       182	00100120	e399	c.bnez	x15,100126	 x15:0x00000072
         376000	       184	00100126	0505	c.addi	x10,1	 x10:0x001004b8 x10=0x001004b9
         380000	       186	00100128	c31c	c.sw	x15,0(x14)	 x14:0x00020000 x15:0x00000072 PA:0x00020000 store:0x00000072 load:0x00000000
         384000	       188	0010012a	bfcd	c.j	10011c	
         388000	       190	0010011c	00054783	lbu	x15,0(x10)	 x10:0x001004b9 x15=0x00000020 PA:0x001004b9 load:0x00000020
         392000	       192	00100120	e399	c.bnez	x15,100126	 x15:0x00000020
         396000	       194	00100126	0505	c.addi	x10,1	 x10:0x001004b9 x10=0x001004ba
         400000	       196	00100128	c31c	c.sw	x15,0(x14)	 x14:0x00020000 x15:0x00000020 PA:0x00020000 store:0x00000020 load:0x00000000
         404000	       198	0010012a	bfcd	c.j	10011c	
         408000	       200	0010011c	00054783	lbu	x15,0(x10)	 x10:0x001004ba x15=0x00000052 PA:0x001004ba load:0x00000052
         412000	       202	00100120	e399	c.bnez	x15,100126	 x15:0x00000052
         416000	       204	00100126	0505	c.addi	x10,1	 x10:0x001004ba x10=0x001004bb
         420000	       206	00100128	c31c	c.sw	x15,0(x14)	 x14:0x00020000 x15:0x00000052 PA:0x00020000 store:0x00000052 load:0x00000000
         424000	       208	0010012a	bfcd	c.j	10011c	
         428000	       210	0010011c	00054783	lbu	x15,0(x10)	 x10:0x001004bb x15=0x00000065 PA:0x001004bb load:0x00000065
         432000	       212	00100120	e399	c.bnez	x15,100126	 x15:0x00000065
         436000	       214	00100126	0505	c.addi	x10,1	 x10:0x001004bb x10=0x001004bc
         440000	       216	00100128	c31c	c.sw	x15,0(x14)	 x14:0x00020000 x15:0x00000065 PA:0x00020000 store:0x00000065 load:0x00000000
         444000	       218	0010012a	bfcd	c.j	10011c	
         448000	       220	0010011c	00054783	lbu	x15,0(x10)	 x10:0x001004bc x15=0x00000061 PA:0x001004bc load:0x00000061
         452000	       222	00100120	e399	c.bnez	x15,100126	 x15:0x00000061
         456000	       224	00100126	0505	c.addi	x10,1	 x10:0x001004bc x10=0x001004bd
         460000	       226	00100128	c31c	c.sw	x15,0(x14)	 x14:0x00020000 x15:0x00000061 PA:0x00020000 store:0x00000061 load:0x00000000
         464000	       228	0010012a	bfcd	c.j	10011c	
         468000	       230	0010011c	00054783	lbu	x15,0(x10)	 x10:0x001004bd x15=0x00000064 PA:0x001004bd load:0x00000064
         472000	       232	00100120	e399	c.bnez	x15,100126	 x15:0x00000064
         476000	       234	00100126	0505	c.addi	x10,1	 x10:0x001004bd x10=0x001004be
         480000	       236	00100128	c31c	c.sw	x15,0(x14)	 x14:0x00020000 x15:0x00000064 PA:0x00020000 store:0x00000064 load:0x00000000
         484000	       238	0010012a	bfcd	c.j	10011c	
         488000	       240	0010011c	00054783	lbu	x15,0(x10)	 x10:0x001004be x15=0x00000020 PA:0x001004be load:0x00000020
         492000	       242	00100120	e399	c.bnez	x15,100126	 x15:0x00000020
         496000	       244	00100126	0505	c.addi	x10,1	 x10:0x001004be x10=0x001004bf
         500000	       246	00100128	c31c	c.sw	x15,0(x14)	 x14:0x00020000 x15:0x00000020 PA:0x00020000 store:0x00000020 load:0x00000000
         504000	       248	0010012a	bfcd	c.j	10011c	
         508000	       250	0010011c	00054783	lbu	x15,0(x10)	 x10:0x001004bf x15=0x00000054 PA:0x001004bf load:0x00000054
         512000	       252	00100120	e399	c.bnez	x15,100126	 x15:0x00000054
         516000	       254	00100126	0505	c.addi	x10,1	 x10:0x001004bf x10=0x001004c0
         520000	       256	00100128	c31c	c.sw	x15,0(x14)	 x14:0x00020000 x15:0x00000054 PA:0x00020000 store:0x00000054 load:0x00000000
         524000	       258	0010012a	bfcd	c.j	10011c	
         528000	       260	0010011c	00054783	lbu	x15,0(x10)	 x10:0x001004c0 x15=0x00000065 PA:0x001004c0 load:0x00000065
         532000	       262	00100120	e399	c.bnez	x15,100126	 x15:0x00000065
         536000	       264	00100126	0505	c.addi	x10,1	 x10:0x001004c0 x10=0x001004c1
         540000	       266	00100128	c31c	c.sw	x15,0(x14)	 x14:0x00020000 x15:0x00000065 PA:0x00020000 store:0x00000065 load:0x00000000
         544000	       268	0010012a	bfcd	c.j	10011c	
         548000	       270	0010011c	00054783	lbu	x15,0(x10)	 x10:0x001004c1 x15=0x00000073 PA:0x001004c1 load:0x00000073
         552000	       272	00100120	e399	c.bnez	x15,100126	 x15:0x00000073
         556000	       274	00100126	0505	c.addi	x10,1	 x10:0x001004c1 x10=0x001004c2
         560000	       276	00100128	c31c	c.sw	x15,0(x14)	 x14:0x00020000 x15:0x00000073 PA:0x00020000 store:0x00000073 load:0x00000000
         564000	       278	0010012a	bfcd	c.j	10011c	
         568000	       280	0010011c	00054783	lbu	x15,0(x10)	 x10:0x001004c2 x15=0x00000074 PA:0x001004c2 load:0x00000074
         572000	       282	00100120	e399	c.bnez	x15,100126	 x15:0x00000074
         576000	       284	00100126	0505	c.addi	x10,1	 x10:0x001004c2 x10=0x001004c3
         580000	       286	00100128	c31c	c.sw	x15,0(x14)	 x14:0x00020000 x15:0x00000074 PA:0x00020000 store:0x00000074 load:0x00000000
         584000	       288	0010012a	bfcd	c.j	10011c	
         588000	       290	0010011c	00054783	lbu	x15,0(x10)	 x10:0x001004c3 x15=0x00000020 PA:0x001004c3 load:0x00000020
         592000	       292	00100120	e399	c.bnez	x15,100126	 x15:0x00000020
         596000	       294	00100126	0505	c.addi	x10,1	 x10:0x001004c3 x10=0x001004c4
         600000	       296	00100128	c31c	c.sw	x15,0(x14)	 x14:0x00020000 x15:0x00000020 PA:0x00020000 store:0x00000020 load:0x00000000
         604000	       298	0010012a	bfcd	c.j	10011c	
         608000	       300	0010011c	00054783	lbu	x15,0(x10)	 x10:0x001004c4 x15=0x0000003d PA:0x001004c4 load:0x0000003d
         612000	       302	00100120	e399	c.bnez	x15,100126	 x15:0x0000003d
         616000	       304	00100126	0505	c.addi	x10,1	 x10:0x001004c4 x10=0x001004c5
         620000	       306	00100128	c31c	c.sw	x15,0(x14)	 x14:0x00020000 x15:0x0000003d PA:0x00020000 store:0x0000003d load:0x00000000
         624000	       308	0010012a	bfcd	c.j	10011c	
         628000	       310	0010011c	00054783	lbu	x15,0(x10)	 x10:0x001004c5 x15=0x0000003d PA:0x001004c5 load:0x0000003d
         632000	       312	00100120	e399	c.bnez	x15,100126	 x15:0x0000003d
         636000	       314	00100126	0505	c.addi	x10,1	 x10:0x001004c5 x10=0x001004c6
         640000	       316	00100128	c31c	c.sw	x15,0(x14)	 x14:0x00020000 x15:0x0000003d PA:0x00020000 store:0x0000003d load:0x00000000
         644000	       318	0010012a	bfcd	c.j	10011c	
         648000	       320	0010011c	00054783	lbu	x15,0(x10)	 x10:0x001004c6 x15=0x0000003d PA:0x001004c6 load:0x0000003d
         652000	       322	00100120	e399	c.bnez	x15,100126	 x15:0x0000003d
         656000	       324	00100126	0505	c.addi	x10,1	 x10:0x001004c6 x10=0x001004c7
         660000	       326	00100128	c31c	c.sw	x15,0(x14)	 x14:0x00020000 x15:0x0000003d PA:0x00020000 store:0x0000003d load:0x00000000
         664000	       328	0010012a	bfcd	c.j	10011c	
         668000	       330	0010011c	00054783	lbu	x15,0(x10)	 x10:0x001004c7 x15=0x0000000a PA:0x001004c7 load:0x0000000a
         672000	       332	00100120	e399	c.bnez	x15,100126	 x15:0x0000000a
         676000	       334	00100126	0505	c.addi	x10,1	 x10:0x001004c7 x10=0x001004c8
         680000	       336	00100128	c31c	c.sw	x15,0(x14)	 x14:0x00020000 x15:0x0000000a PA:0x00020000 store:0x0000000a load:0x00000000
         684000	       338	0010012a	bfcd	c.j	10011c	
         688000	       340	0010011c	00054783	lbu	x15,0(x10)	 x10:0x001004c8 x15=0x00000000 PA:0x001004c8 load:0x00000000
         690000	       341	00100120	e399	c.bnez	x15,100126	 x15:0x00000000
         692000	       342	00100122	4501	c.li	x10,0	 x10=0x00000000
         696000	       344	00100124	8082	c.jr	x1	  x1:0x001003dc
         698000	       345	001003dc	00100537	lui	x10,0x100	 x10=0x00100000
         700000	       346	001003e0	4cc50513	addi	x10,x10,1228	 x10:0x00100000 x10=0x001004cc
         704000	       348	001003e4	3b15	c.jal	100118	  x1=0x001003e6
         706000	       349	00100118	00020737	lui	x14,0x20	 x14=0x00020000
         710000	       351	0010011c	00054783	lbu	x15,0(x10)	 x10:0x001004cc x15=0x00000052 PA:0x001004cc load:0x00000052
         714000	       353	00100120	e399	c.bnez	x15,100126	 x15:0x00000052
         718000	       355	00100126	0505	c.addi	x10,1	 x10:0x001004cc x10=0x001004cd
         722000	       357	00100128	c31c	c.sw	x15,0(x14)	 x14:0x00020000 x15:0x00000052 PA:0x00020000 store:0x00000052 load:0x00000000
         726000	       359	0010012a	bfcd	c.j	10011c	
         730000	       361	0010011c	00054783	lbu	x15,0(x10)	 x10:0x001004cd x15=0x00000065 PA:0x001004cd load:0x00000065
         734000	       363	00100120	e399	c.bnez	x15,100126	 x15:0x00000065
         738000	       365	00100126	0505	c.addi	x10,1	 x10:0x001004cd x10=0x001004ce
         742000	       367	00100128	c31c	c.sw	x15,0(x14)	 x14:0x00020000 x15:0x00000065 PA:0x00020000 store:0x00000065 load:0x00000000
         746000	       369	0010012a	bfcd	c.j	10011c	
         750000	       371	0010011c	00054783	lbu	x15,0(x10)	 x10:0x001004ce x15=0x00000061 PA:0x001004ce load:0x00000061
         754000	       373	00100120	e399	c.bnez	x15,100126	 x15:0x00000061
         758000	       375	00100126	0505	c.addi	x10,1	 x10:0x001004ce x10=0x001004cf
         762000	       377	00100128	c31c	c.sw	x15,0(x14)	 x14:0x00020000 x15:0x00000061 PA:0x00020000 store:0x00000061 load:0x00000000
         766000	       379	0010012a	bfcd	c.j	10011c	
         770000	       381	0010011c	00054783	lbu	x15,0(x10)	 x10:0x001004cf x15=0x00000064 PA:0x001004cf load:0x00000064
         774000	       383	00100120	e399	c.bnez	x15,100126	 x15:0x00000064
         778000	       385	00100126	0505	c.addi	x10,1	 x10:0x001004cf x10=0x001004d0
         782000	       387	00100128	c31c	c.sw	x15,0(x14)	 x14:0x00020000 x15:0x00000064 PA:0x00020000 store:0x00000064 load:0x00000000
         786000	       389	0010012a	bfcd	c.j	10011c	
         790000	       391	0010011c	00054783	lbu	x15,0(x10)	 x10:0x001004d0 x15=0x00000069 PA:0x001004d0 load:0x00000069
         794000	       393	00100120	e399	c.bnez	x15,100126	 x15:0x00000069
         798000	       395	00100126	0505	c.addi	x10,1	 x10:0x001004d0 x10=0x001004d1
         802000	       397	00100128	c31c	c.sw	x15,0(x14)	 x14:0x00020000 x15:0x00000069 PA:0x00020000 store:0x00000069 load:0x00000000
         806000	       399	0010012a	bfcd	c.j	10011c	
         810000	       401	0010011c	00054783	lbu	x15,0(x10)	 x10:0x001004d1 x15=0x0000006e PA:0x001004d1 load:0x0000006e
         814000	       403	00100120	e399	c.bnez	x15,100126	 x15:0x0000006e
         818000	       405	00100126	0505	c.addi	x10,1	 x10:0x001004d1 x10=0x001004d2
         822000	       407	00100128	c31c	c.sw	x15,0(x14)	 x14:0x00020000 x15:0x0000006e PA:0x00020000 store:0x0000006e load:0x00000000
         826000	       409	0010012a	bfcd	c.j	10011c	
         830000	       411	0010011c	00054783	lbu	x15,0(x10)	 x10:0x001004d2 x15=0x00000067 PA:0x001004d2 load:0x00000067
         834000	       413	00100120	e399	c.bnez	x15,100126	 x15:0x00000067
         838000	       415	00100126	0505	c.addi	x10,1	 x10:0x001004d2 x10=0x001004d3
         842000	       417	00100128	c31c	c.sw	x15,0(x14)	 x14:0x00020000 x15:0x00000067 PA:0x00020000 store:0x00000067 load:0x00000000
         846000	       419	0010012a	bfcd	c.j	10011c	
         850000	       421	0010011c	00054783	lbu	x15,0(x10)	 x10:0x001004d3 x15=0x00000020 PA:0x001004d3 load:0x00000020
         854000	       423	00100120	e399	c.bnez	x15,100126	 x15:0x00000020
         858000	       425	00100126	0505	c.addi	x10,1	 x10:0x001004d3 x10=0x001004d4
         862000	       427	00100128	c31c	c.sw	x15,0(x14)	 x14:0x00020000 x15:0x00000020 PA:0x00020000 store:0x00000020 load:0x00000000
         866000	       429	0010012a	bfcd	c.j	10011c	
         870000	       431	0010011c	00054783	lbu	x15,0(x10)	 x10:0x001004d4 x15=0x0000004d PA:0x001004d4 load:0x0000004d
         874000	       433	00100120	e399	c.bnez	x15,100126	 x15:0x0000004d
         878000	       435	00100126	0505	c.addi	x10,1	 x10:0x001004d4 x10=0x001004d5
         882000	       437	00100128	c31c	c.sw	x15,0(x14)	 x14:0x00020000 x15:0x0000004d PA:0x00020000 store:0x0000004d load:0x00000000
         886000	       439	0010012a	bfcd	c.j	10011c	
         890000	       441	0010011c	00054783	lbu	x15,0(x10)	 x10:0x001004d5 x15=0x00000054 PA:0x001004d5 load:0x00000054
         894000	       443	00100120	e399	c.bnez	x15,100126	 x15:0x00000054
         898000	       445	00100126	0505	c.addi	x10,1	 x10:0x001004d5 x10=0x001004d6
         902000	       447	00100128	c31c	c.sw	x15,0(x14)	 x14:0x00020000 x15:0x00000054 PA:0x00020000 store:0x00000054 load:0x00000000
         906000	       449	0010012a	bfcd	c.j	10011c	
         910000	       451	0010011c	00054783	lbu	x15,0(x10)	 x10:0x001004d6 x15=0x00000049 PA:0x001004d6 load:0x00000049
         914000	       453	00100120	e399	c.bnez	x15,100126	 x15:0x00000049
         918000	       455	00100126	0505	c.addi	x10,1	 x10:0x001004d6 x10=0x001004d7
         922000	       457	00100128	c31c	c.sw	x15,0(x14)	 x14:0x00020000 x15:0x00000049 PA:0x00020000 store:0x00000049 load:0x00000000
         926000	       459	0010012a	bfcd	c.j	10011c	
         930000	       461	0010011c	00054783	lbu	x15,0(x10)	 x10:0x001004d7 x15=0x0000004d PA:0x001004d7 load:0x0000004d
         934000	       463	00100120	e399	c.bnez	x15,100126	 x15:0x0000004d
         938000	       465	00100126	0505	c.addi	x10,1	 x10:0x001004d7 x10=0x001004d8
         942000	       467	00100128	c31c	c.sw	x15,0(x14)	 x14:0x00020000 x15:0x0000004d PA:0x00020000 store:0x0000004d load:0x00000000
         946000	       469	0010012a	bfcd	c.j	10011c	
         950000	       471	0010011c	00054783	lbu	x15,0(x10)	 x10:0x001004d8 x15=0x00000045 PA:0x001004d8 load:0x00000045
         954000	       473	00100120	e399	c.bnez	x15,100126	 x15:0x00000045
         958000	       475	00100126	0505	c.addi	x10,1	 x10:0x001004d8 x10=0x001004d9
         962000	       477	00100128	c31c	c.sw	x15,0(x14)	 x14:0x00020000 x15:0x00000045 PA:0x00020000 store:0x00000045 load:0x00000000
         966000	       479	0010012a	bfcd	c.j	10011c	
         970000	       481	0010011c	00054783	lbu	x15,0(x10)	 x10:0x001004d9 x15=0x0000002e PA:0x001004d9 load:0x0000002e
         974000	       483	00100120	e399	c.bnez	x15,100126	 x15:0x0000002e
         978000	       485	00100126	0505	c.addi	x10,1	 x10:0x001004d9 x10=0x001004da
         982000	       487	00100128	c31c	c.sw	x15,0(x14)	 x14:0x00020000 x15:0x0000002e PA:0x00020000 store:0x0000002e load:0x00000000
         986000	       489	0010012a	bfcd	c.j	10011c	
         990000	       491	0010011c	00054783	lbu	x15,0(x10)	 x10:0x001004da x15=0x0000002e PA:0x001004da load:0x0000002e
         994000	       493	00100120	e399	c.bnez	x15,100126	 x15:0x0000002e
         998000	       495	00100126	0505	c.addi	x10,1	 x10:0x001004da x10=0x001004db
        1002000	       497	00100128	c31c	c.sw	x15,0(x14)	 x14:0x00020000 x15:0x0000002e PA:0x00020000 store:0x0000002e load:0x00000000
        1006000	       499	0010012a	bfcd	c.j	10011c	
        1010000	       501	0010011c	00054783	lbu	x15,0(x10)	 x10:0x001004db x15=0x0000002e PA:0x001004db load:0x0000002e
        1014000	       503	00100120	e399	c.bnez	x15,100126	 x15:0x0000002e
        1018000	       505	00100126	0505	c.addi	x10,1	 x10:0x001004db x10=0x001004dc
        1022000	       507	00100128	c31c	c.sw	x15,0(x14)	 x14:0x00020000 x15:0x0000002e PA:0x00020000 store:0x0000002e load:0x00000000
        1026000	       509	0010012a	bfcd	c.j	10011c	
        1030000	       511	0010011c	00054783	lbu	x15,0(x10)	 x10:0x001004dc x15=0x0000000a PA:0x001004dc load:0x0000000a
        1034000	       513	00100120	e399	c.bnez	x15,100126	 x15:0x0000000a
        1038000	       515	00100126	0505	c.addi	x10,1	 x10:0x001004dc x10=0x001004dd
        1042000	       517	00100128	c31c	c.sw	x15,0(x14)	 x14:0x00020000 x15:0x0000000a PA:0x00020000 store:0x0000000a load:0x00000000
        1046000	       519	0010012a	bfcd	c.j	10011c	
        1050000	       521	0010011c	00054783	lbu	x15,0(x10)	 x10:0x001004dd x15=0x00000000 PA:0x001004dd load:0x00000000
        1052000	       522	00100120	e399	c.bnez	x15,100126	 x15:0x00000000
        1054000	       523	00100122	4501	c.li	x10,0	 x10=0x00000000
        1058000	       525	00100124	8082	c.jr	x1	  x1:0x001003e6
        1062000	       527	001003e6	00030437	lui	x8,0x30	  x8=0x00030000
        1066000	       529	001003ea	4004	c.lw	x9,0(x8)	  x8:0x00030000  x9=0x0000020f PA:0x00030000 load:0x0000020f
        1068000	       530	001003ec	00100537	lui	x10,0x100	 x10=0x00100000
        1070000	       531	001003f0	4e050513	addi	x10,x10,1248	 x10:0x00100000 x10=0x001004e0
        1074000	       533	001003f4	3315	c.jal	100118	  x1=0x001003f6
        1076000	       534	00100118	00020737	lui	x14,0x20	 x14=0x00020000
        1080000	       536	0010011c	00054783	lbu	x15,0(x10)	 x10:0x001004e0 x15=0x0000004d PA:0x001004e0 load:0x0000004d
        1084000	       538	00100120	e399	c.bnez	x15,100126	 x15:0x0000004d
        1088000	       540	00100126	0505	c.addi	x10,1	 x10:0x001004e0 x10=0x001004e1
        1092000	       542	00100128	c31c	c.sw	x15,0(x14)	 x14:0x00020000 x15:0x0000004d PA:0x00020000 store:0x0000004d load:0x00000000
        1096000	       544	0010012a	bfcd	c.j	10011c	
        1100000	       546	0010011c	00054783	lbu	x15,0(x10)	 x10:0x001004e1 x15=0x00000054 PA:0x001004e1 load:0x00000054
        1104000	       548	00100120	e399	c.bnez	x15,100126	 x15:0x00000054
        1108000	       550	00100126	0505	c.addi	x10,1	 x10:0x001004e1 x10=0x001004e2
        1112000	       552	00100128	c31c	c.sw	x15,0(x14)	 x14:0x00020000 x15:0x00000054 PA:0x00020000 store:0x00000054 load:0x00000000
        1116000	       554	0010012a	bfcd	c.j	10011c	
        1120000	       556	0010011c	00054783	lbu	x15,0(x10)	 x10:0x001004e2 x15=0x00000049 PA:0x001004e2 load:0x00000049
        1124000	       558	00100120	e399	c.bnez	x15,100126	 x15:0x00000049
        1128000	       560	00100126	0505	c.addi	x10,1	 x10:0x001004e2 x10=0x001004e3
        1132000	       562	00100128	c31c	c.sw	x15,0(x14)	 x14:0x00020000 x15:0x00000049 PA:0x00020000 store:0x00000049 load:0x00000000
        1136000	       564	0010012a	bfcd	c.j	10011c	
        1140000	       566	0010011c	00054783	lbu	x15,0(x10)	 x10:0x001004e3 x15=0x0000004d PA:0x001004e3 load:0x0000004d
        1144000	       568	00100120	e399	c.bnez	x15,100126	 x15:0x0000004d
        1148000	       570	00100126	0505	c.addi	x10,1	 x10:0x001004e3 x10=0x001004e4
        1152000	       572	00100128	c31c	c.sw	x15,0(x14)	 x14:0x00020000 x15:0x0000004d PA:0x00020000 store:0x0000004d load:0x00000000
        1156000	       574	0010012a	bfcd	c.j	10011c	
        1160000	       576	0010011c	00054783	lbu	x15,0(x10)	 x10:0x001004e4 x15=0x00000045 PA:0x001004e4 load:0x00000045
        1164000	       578	00100120	e399	c.bnez	x15,100126	 x15:0x00000045
        1168000	       580	00100126	0505	c.addi	x10,1	 x10:0x001004e4 x10=0x001004e5
        1172000	       582	00100128	c31c	c.sw	x15,0(x14)	 x14:0x00020000 x15:0x00000045 PA:0x00020000 store:0x00000045 load:0x00000000
        1176000	       584	0010012a	bfcd	c.j	10011c	
        1180000	       586	0010011c	00054783	lbu	x15,0(x10)	 x10:0x001004e5 x15=0x0000005f PA:0x001004e5 load:0x0000005f
        1184000	       588	00100120	e399	c.bnez	x15,100126	 x15:0x0000005f
        1188000	       590	00100126	0505	c.addi	x10,1	 x10:0x001004e5 x10=0x001004e6
        1192000	       592	00100128	c31c	c.sw	x15,0(x14)	 x14:0x00020000 x15:0x0000005f PA:0x00020000 store:0x0000005f load:0x00000000
        1196000	       594	0010012a	bfcd	c.j	10011c	
        1200000	       596	0010011c	00054783	lbu	x15,0(x10)	 x10:0x001004e6 x15=0x0000004c PA:0x001004e6 load:0x0000004c
        1204000	       598	00100120	e399	c.bnez	x15,100126	 x15:0x0000004c
        1208000	       600	00100126	0505	c.addi	x10,1	 x10:0x001004e6 x10=0x001004e7
        1212000	       602	00100128	c31c	c.sw	x15,0(x14)	 x14:0x00020000 x15:0x0000004c PA:0x00020000 store:0x0000004c load:0x00000000
        1216000	       604	0010012a	bfcd	c.j	10011c	
        1220000	       606	0010011c	00054783	lbu	x15,0(x10)	 x10:0x001004e7 x15=0x0000004f PA:0x001004e7 load:0x0000004f
        1224000	       608	00100120	e399	c.bnez	x15,100126	 x15:0x0000004f
        1228000	       610	00100126	0505	c.addi	x10,1	 x10:0x001004e7 x10=0x001004e8
        1232000	       612	00100128	c31c	c.sw	x15,0(x14)	 x14:0x00020000 x15:0x0000004f PA:0x00020000 store:0x0000004f load:0x00000000
        1236000	       614	0010012a	bfcd	c.j	10011c	
        1240000	       616	0010011c	00054783	lbu	x15,0(x10)	 x10:0x001004e8 x15=0x0000003a PA:0x001004e8 load:0x0000003a
        1244000	       618	00100120	e399	c.bnez	x15,100126	 x15:0x0000003a
        1248000	       620	00100126	0505	c.addi	x10,1	 x10:0x001004e8 x10=0x001004e9
        1252000	       622	00100128	c31c	c.sw	x15,0(x14)	 x14:0x00020000 x15:0x0000003a PA:0x00020000 store:0x0000003a load:0x00000000
        1256000	       624	0010012a	bfcd	c.j	10011c	
        1260000	       626	0010011c	00054783	lbu	x15,0(x10)	 x10:0x001004e9 x15=0x00000020 PA:0x001004e9 load:0x00000020
        1264000	       628	00100120	e399	c.bnez	x15,100126	 x15:0x00000020
        1268000	       630	00100126	0505	c.addi	x10,1	 x10:0x001004e9 x10=0x001004ea
        1272000	       632	00100128	c31c	c.sw	x15,0(x14)	 x14:0x00020000 x15:0x00000020 PA:0x00020000 store:0x00000020 load:0x00000000
        1276000	       634	0010012a	bfcd	c.j	10011c	
        1280000	       636	0010011c	00054783	lbu	x15,0(x10)	 x10:0x001004ea x15=0x00000030 PA:0x001004ea load:0x00000030
        1284000	       638	00100120	e399	c.bnez	x15,100126	 x15:0x00000030
        1288000	       640	00100126	0505	c.addi	x10,1	 x10:0x001004ea x10=0x001004eb
        1292000	       642	00100128	c31c	c.sw	x15,0(x14)	 x14:0x00020000 x15:0x00000030 PA:0x00020000 store:0x00000030 load:0x00000000
        1296000	       644	0010012a	bfcd	c.j	10011c	
        1300000	       646	0010011c	00054783	lbu	x15,0(x10)	 x10:0x001004eb x15=0x00000078 PA:0x001004eb load:0x00000078
        1304000	       648	00100120	e399	c.bnez	x15,100126	 x15:0x00000078
        1308000	       650	00100126	0505	c.addi	x10,1	 x10:0x001004eb x10=0x001004ec
        1312000	       652	00100128	c31c	c.sw	x15,0(x14)	 x14:0x00020000 x15:0x00000078 PA:0x00020000 store:0x00000078 load:0x00000000
        1316000	       654	0010012a	bfcd	c.j	10011c	
        1320000	       656	0010011c	00054783	lbu	x15,0(x10)	 x10:0x001004ec x15=0x00000000 PA:0x001004ec load:0x00000000
        1322000	       657	00100120	e399	c.bnez	x15,100126	 x15:0x00000000
        1324000	       658	00100122	4501	c.li	x10,0	 x10=0x00000000
        1328000	       660	00100124	8082	c.jr	x1	  x1:0x001003f6
        1330000	       661	001003f6	8526	c.mv	x10,x9	  x0:0x00000000  x9:0x0000020f x10=0x0000020f
        1334000	       663	001003f8	3b15	c.jal	10012c	  x1=0x001003fa
        1336000	       664	0010012c	4721	c.li	x14,8	 x14=0x00000008
        1338000	       665	0010012e	4625	c.li	x12,9	 x12=0x00000009
        1340000	       666	00100130	000206b7	lui	x13,0x20	 x13=0x00020000
        1342000	       667	00100134	01c55793	srli	x15,x10,0x1c	 x10:0x0000020f x15=0x00000000
        1344000	       668	00100138	00f66963	bltu	x12,x15,10014a	 x12:0x00000009 x15:0x00000000
        1346000	       669	0010013c	03078793	addi	x15,x15,48	 x15:0x00000000 x15=0x00000030
        1350000	       671	00100140	c29c	c.sw	x15,0(x13)	 x13:0x00020000 x15:0x00000030 PA:0x00020000 store:0x00000030 load:0x00000000
        1352000	       672	00100142	177d	c.addi	x14,-1	 x14:0x00000008 x14=0x00000007
        1354000	       673	00100144	0512	c.slli	x10,0x4	 x10:0x0000020f x10=0x000020f0
        1358000	       675	00100146	f77d	c.bnez	x14,100134	 x14:0x00000007
        1362000	       677	00100134	01c55793	srli	x15,x10,0x1c	 x10:0x000020f0 x15=0x00000000
        1364000	       678	00100138	00f66963	bltu	x12,x15,10014a	 x12:0x00000009 x15:0x00000000
        1366000	       679	0010013c	03078793	addi	x15,x15,48	 x15:0x00000000 x15=0x00000030
        1370000	       681	00100140	c29c	c.sw	x15,0(x13)	 x13:0x00020000 x15:0x00000030 PA:0x00020000 store:0x00000030 load:0x00000000
        1372000	       682	00100142	177d	c.addi	x14,-1	 x14:0x00000007 x14=0x00000006
        1374000	       683	00100144	0512	c.slli	x10,0x4	 x10:0x000020f0 x10=0x00020f00
        1378000	       685	00100146	f77d	c.bnez	x14,100134	 x14:0x00000006
        1382000	       687	00100134	01c55793	srli	x15,x10,0x1c	 x10:0x00020f00 x15=0x00000000
        1384000	       688	00100138	00f66963	bltu	x12,x15,10014a	 x12:0x00000009 x15:0x00000000
        1386000	       689	0010013c	03078793	addi	x15,x15,48	 x15:0x00000000 x15=0x00000030
        1390000	       691	00100140	c29c	c.sw	x15,0(x13)	 x13:0x00020000 x15:0x00000030 PA:0x00020000 store:0x00000030 load:0x00000000
        1392000	       692	00100142	177d	c.addi	x14,-1	 x14:0x00000006 x14=0x00000005
        1394000	       693	00100144	0512	c.slli	x10,0x4	 x10:0x00020f00 x10=0x0020f000
        1398000	       695	00100146	f77d	c.bnez	x14,100134	 x14:0x00000005
        1402000	       697	00100134	01c55793	srli	x15,x10,0x1c	 x10:0x0020f000 x15=0x00000000
        1404000	       698	00100138	00f66963	bltu	x12,x15,10014a	 x12:0x00000009 x15:0x00000000
        1406000	       699	0010013c	03078793	addi	x15,x15,48	 x15:0x00000000 x15=0x00000030
        1410000	       701	00100140	c29c	c.sw	x15,0(x13)	 x13:0x00020000 x15:0x00000030 PA:0x00020000 store:0x00000030 load:0x00000000
        1412000	       702	00100142	177d	c.addi	x14,-1	 x14:0x00000005 x14=0x00000004
        1414000	       703	00100144	0512	c.slli	x10,0x4	 x10:0x0020f000 x10=0x020f0000
        1418000	       705	00100146	f77d	c.bnez	x14,100134	 x14:0x00000004
        1422000	       707	00100134	01c55793	srli	x15,x10,0x1c	 x10:0x020f0000 x15=0x00000000
        1424000	       708	00100138	00f66963	bltu	x12,x15,10014a	 x12:0x00000009 x15:0x00000000
        1426000	       709	0010013c	03078793	addi	x15,x15,48	 x15:0x00000000 x15=0x00000030
        1430000	       711	00100140	c29c	c.sw	x15,0(x13)	 x13:0x00020000 x15:0x00000030 PA:0x00020000 store:0x00000030 load:0x00000000
        1432000	       712	00100142	177d	c.addi	x14,-1	 x14:0x00000004 x14=0x00000003
        1434000	       713	00100144	0512	c.slli	x10,0x4	 x10:0x020f0000 x10=0x20f00000
        1438000	       715	00100146	f77d	c.bnez	x14,100134	 x14:0x00000003
        1442000	       717	00100134	01c55793	srli	x15,x10,0x1c	 x10:0x20f00000 x15=0x00000002
        1444000	       718	00100138	00f66963	bltu	x12,x15,10014a	 x12:0x00000009 x15:0x00000002
        1446000	       719	0010013c	03078793	addi	x15,x15,48	 x15:0x00000002 x15=0x00000032
        1450000	       721	00100140	c29c	c.sw	x15,0(x13)	 x13:0x00020000 x15:0x00000032 PA:0x00020000 store:0x00000032 load:0x00000000
        1452000	       722	00100142	177d	c.addi	x14,-1	 x14:0x00000003 x14=0x00000002
        1454000	       723	00100144	0512	c.slli	x10,0x4	 x10:0x20f00000 x10=0x0f000000
        1458000	       725	00100146	f77d	c.bnez	x14,100134	 x14:0x00000002
        1462000	       727	00100134	01c55793	srli	x15,x10,0x1c	 x10:0x0f000000 x15=0x00000000
        1464000	       728	00100138	00f66963	bltu	x12,x15,10014a	 x12:0x00000009 x15:0x00000000
        1466000	       729	0010013c	03078793	addi	x15,x15,48	 x15:0x00000000 x15=0x00000030
        1470000	       731	00100140	c29c	c.sw	x15,0(x13)	 x13:0x00020000 x15:0x00000030 PA:0x00020000 store:0x00000030 load:0x00000000
        1472000	       732	00100142	177d	c.addi	x14,-1	 x14:0x00000002 x14=0x00000001
        1474000	       733	00100144	0512	c.slli	x10,0x4	 x10:0x0f000000 x10=0xf0000000
        1478000	       735	00100146	f77d	c.bnez	x14,100134	 x14:0x00000001
        1482000	       737	00100134	01c55793	srli	x15,x10,0x1c	 x10:0xf0000000 x15=0x0000000f
        1486000	       739	00100138	00f66963	bltu	x12,x15,10014a	 x12:0x00000009 x15:0x0000000f
        1492000	       742	0010014a	03778793	addi	x15,x15,55	 x15:0x0000000f x15=0x00000046
        1496000	       744	0010014e	bfcd	c.j	100140	
        1500000	       746	00100140	c29c	c.sw	x15,0(x13)	 x13:0x00020000 x15:0x00000046 PA:0x00020000 store:0x00000046 load:0x00000000
        1502000	       747	00100142	177d	c.addi	x14,-1	 x14:0x00000001 x14=0x00000000
        1504000	       748	00100144	0512	c.slli	x10,0x4	 x10:0xf0000000 x10=0x00000000
        1506000	       749	00100146	f77d	c.bnez	x14,100134	 x14:0x00000000
        1510000	       751	00100148	8082	c.jr	x1	  x1:0x001003fa
        1512000	       752	001003fa	4529	c.li	x10,10	 x10=0x0000000a
        1516000	       754	001003fc	3b01	c.jal	10010c	  x1=0x001003fe
        1518000	       755	0010010c	0ff57793	andi	x15,x10,255	 x10:0x0000000a x15=0x0000000a
        1520000	       756	00100110	00020737	lui	x14,0x20	 x14=0x00020000
        1524000	       758	00100114	c31c	c.sw	x15,0(x14)	 x14:0x00020000 x15:0x0000000a PA:0x00020000 store:0x0000000a load:0x00000000
        1528000	       760	00100116	8082	c.jr	x1	  x1:0x001003fe
        1532000	       762	001003fe	00100537	lui	x10,0x100	 x10=0x00100000
        1536000	       764	00100402	4044	c.lw	x9,4(x8)	  x8:0x00030000  x9=0x00000000 PA:0x00030004 load:0x00000000
        1538000	       765	00100404	4f050513	addi	x10,x10,1264	 x10:0x00100000 x10=0x001004f0
        1542000	       767	00100408	3b01	c.jal	100118	  x1=0x0010040a
        1544000	       768	00100118	00020737	lui	x14,0x20	 x14=0x00020000
        1548000	       770	0010011c	00054783	lbu	x15,0(x10)	 x10:0x001004f0 x15=0x0000004d PA:0x001004f0 load:0x0000004d
        1552000	       772	00100120	e399	c.bnez	x15,100126	 x15:0x0000004d
        1556000	       774	00100126	0505	c.addi	x10,1	 x10:0x001004f0 x10=0x001004f1
        1560000	       776	00100128	c31c	c.sw	x15,0(x14)	 x14:0x00020000 x15:0x0000004d PA:0x00020000 store:0x0000004d load:0x00000000
        1564000	       778	0010012a	bfcd	c.j	10011c	
        1568000	       780	0010011c	00054783	lbu	x15,0(x10)	 x10:0x001004f1 x15=0x00000054 PA:0x001004f1 load:0x00000054
        1572000	       782	00100120	e399	c.bnez	x15,100126	 x15:0x00000054
        1576000	       784	00100126	0505	c.addi	x10,1	 x10:0x001004f1 x10=0x001004f2
        1580000	       786	00100128	c31c	c.sw	x15,0(x14)	 x14:0x00020000 x15:0x00000054 PA:0x00020000 store:0x00000054 load:0x00000000
        1584000	       788	0010012a	bfcd	c.j	10011c	
        1588000	       790	0010011c	00054783	lbu	x15,0(x10)	 x10:0x001004f2 x15=0x00000049 PA:0x001004f2 load:0x00000049
        1592000	       792	00100120	e399	c.bnez	x15,100126	 x15:0x00000049
        1596000	       794	00100126	0505	c.addi	x10,1	 x10:0x001004f2 x10=0x001004f3
        1600000	       796	00100128	c31c	c.sw	x15,0(x14)	 x14:0x00020000 x15:0x00000049 PA:0x00020000 store:0x00000049 load:0x00000000
        1604000	       798	0010012a	bfcd	c.j	10011c	
        1608000	       800	0010011c	00054783	lbu	x15,0(x10)	 x10:0x001004f3 x15=0x0000004d PA:0x001004f3 load:0x0000004d
        1612000	       802	00100120	e399	c.bnez	x15,100126	 x15:0x0000004d
        1616000	       804	00100126	0505	c.addi	x10,1	 x10:0x001004f3 x10=0x001004f4
        1620000	       806	00100128	c31c	c.sw	x15,0(x14)	 x14:0x00020000 x15:0x0000004d PA:0x00020000 store:0x0000004d load:0x00000000
        1624000	       808	0010012a	bfcd	c.j	10011c	
        1628000	       810	0010011c	00054783	lbu	x15,0(x10)	 x10:0x001004f4 x15=0x00000045 PA:0x001004f4 load:0x00000045
        1632000	       812	00100120	e399	c.bnez	x15,100126	 x15:0x00000045
        1636000	       814	00100126	0505	c.addi	x10,1	 x10:0x001004f4 x10=0x001004f5
        1640000	       816	00100128	c31c	c.sw	x15,0(x14)	 x14:0x00020000 x15:0x00000045 PA:0x00020000 store:0x00000045 load:0x00000000
        1644000	       818	0010012a	bfcd	c.j	10011c	
        1648000	       820	0010011c	00054783	lbu	x15,0(x10)	 x10:0x001004f5 x15=0x0000005f PA:0x001004f5 load:0x0000005f
        1652000	       822	00100120	e399	c.bnez	x15,100126	 x15:0x0000005f
        1656000	       824	00100126	0505	c.addi	x10,1	 x10:0x001004f5 x10=0x001004f6
        1660000	       826	00100128	c31c	c.sw	x15,0(x14)	 x14:0x00020000 x15:0x0000005f PA:0x00020000 store:0x0000005f load:0x00000000
        1664000	       828	0010012a	bfcd	c.j	10011c	
        1668000	       830	0010011c	00054783	lbu	x15,0(x10)	 x10:0x001004f6 x15=0x00000048 PA:0x001004f6 load:0x00000048
        1672000	       832	00100120	e399	c.bnez	x15,100126	 x15:0x00000048
        1676000	       834	00100126	0505	c.addi	x10,1	 x10:0x001004f6 x10=0x001004f7
        1680000	       836	00100128	c31c	c.sw	x15,0(x14)	 x14:0x00020000 x15:0x00000048 PA:0x00020000 store:0x00000048 load:0x00000000
        1684000	       838	0010012a	bfcd	c.j	10011c	
        1688000	       840	0010011c	00054783	lbu	x15,0(x10)	 x10:0x001004f7 x15=0x00000049 PA:0x001004f7 load:0x00000049
        1692000	       842	00100120	e399	c.bnez	x15,100126	 x15:0x00000049
        1696000	       844	00100126	0505	c.addi	x10,1	 x10:0x001004f7 x10=0x001004f8
        1700000	       846	00100128	c31c	c.sw	x15,0(x14)	 x14:0x00020000 x15:0x00000049 PA:0x00020000 store:0x00000049 load:0x00000000
        1704000	       848	0010012a	bfcd	c.j	10011c	
        1708000	       850	0010011c	00054783	lbu	x15,0(x10)	 x10:0x001004f8 x15=0x0000003a PA:0x001004f8 load:0x0000003a
        1712000	       852	00100120	e399	c.bnez	x15,100126	 x15:0x0000003a
        1716000	       854	00100126	0505	c.addi	x10,1	 x10:0x001004f8 x10=0x001004f9
        1720000	       856	00100128	c31c	c.sw	x15,0(x14)	 x14:0x00020000 x15:0x0000003a PA:0x00020000 store:0x0000003a load:0x00000000
        1724000	       858	0010012a	bfcd	c.j	10011c	
        1728000	       860	0010011c	00054783	lbu	x15,0(x10)	 x10:0x001004f9 x15=0x00000020 PA:0x001004f9 load:0x00000020
        1732000	       862	00100120	e399	c.bnez	x15,100126	 x15:0x00000020
        1736000	       864	00100126	0505	c.addi	x10,1	 x10:0x001004f9 x10=0x001004fa
        1740000	       866	00100128	c31c	c.sw	x15,0(x14)	 x14:0x00020000 x15:0x00000020 PA:0x00020000 store:0x00000020 load:0x00000000
        1744000	       868	0010012a	bfcd	c.j	10011c	
        1748000	       870	0010011c	00054783	lbu	x15,0(x10)	 x10:0x001004fa x15=0x00000030 PA:0x001004fa load:0x00000030
        1752000	       872	00100120	e399	c.bnez	x15,100126	 x15:0x00000030
        1756000	       874	00100126	0505	c.addi	x10,1	 x10:0x001004fa x10=0x001004fb
        1760000	       876	00100128	c31c	c.sw	x15,0(x14)	 x14:0x00020000 x15:0x00000030 PA:0x00020000 store:0x00000030 load:0x00000000
        1764000	       878	0010012a	bfcd	c.j	10011c	
        1768000	       880	0010011c	00054783	lbu	x15,0(x10)	 x10:0x001004fb x15=0x00000078 PA:0x001004fb load:0x00000078
        1772000	       882	00100120	e399	c.bnez	x15,100126	 x15:0x00000078
        1776000	       884	00100126	0505	c.addi	x10,1	 x10:0x001004fb x10=0x001004fc
        1780000	       886	00100128	c31c	c.sw	x15,0(x14)	 x14:0x00020000 x15:0x00000078 PA:0x00020000 store:0x00000078 load:0x00000000
        1784000	       888	0010012a	bfcd	c.j	10011c	
        1788000	       890	0010011c	00054783	lbu	x15,0(x10)	 x10:0x001004fc x15=0x00000000 PA:0x001004fc load:0x00000000
        1790000	       891	00100120	e399	c.bnez	x15,100126	 x15:0x00000000
        1792000	       892	00100122	4501	c.li	x10,0	 x10=0x00000000
        1796000	       894	00100124	8082	c.jr	x1	  x1:0x0010040a
        1798000	       895	0010040a	8526	c.mv	x10,x9	  x0:0x00000000  x9:0x00000000 x10=0x00000000
        1802000	       897	0010040c	3305	c.jal	10012c	  x1=0x0010040e
        1804000	       898	0010012c	4721	c.li	x14,8	 x14=0x00000008
        1806000	       899	0010012e	4625	c.li	x12,9	 x12=0x00000009
        1808000	       900	00100130	000206b7	lui	x13,0x20	 x13=0x00020000
        1810000	       901	00100134	01c55793	srli	x15,x10,0x1c	 x10:0x00000000 x15=0x00000000
        1812000	       902	00100138	00f66963	bltu	x12,x15,10014a	 x12:0x00000009 x15:0x00000000
        1814000	       903	0010013c	03078793	addi	x15,x15,48	 x15:0x00000000 x15=0x00000030
        1818000	       905	00100140	c29c	c.sw	x15,0(x13)	 x13:0x00020000 x15:0x00000030 PA:0x00020000 store:0x00000030 load:0x00000000
        1820000	       906	00100142	177d	c.addi	x14,-1	 x14:0x00000008 x14=0x00000007
        1822000	       907	00100144	0512	c.slli	x10,0x4	 x10:0x00000000 x10=0x00000000
        1826000	       909	00100146	f77d	c.bnez	x14,100134	 x14:0x00000007
        1830000	       911	00100134	01c55793	srli	x15,x10,0x1c	 x10:0x00000000 x15=0x00000000
        1832000	       912	00100138	00f66963	bltu	x12,x15,10014a	 x12:0x00000009 x15:0x00000000
        1834000	       913	0010013c	03078793	addi	x15,x15,48	 x15:0x00000000 x15=0x00000030
        1838000	       915	00100140	c29c	c.sw	x15,0(x13)	 x13:0x00020000 x15:0x00000030 PA:0x00020000 store:0x00000030 load:0x00000000
        1840000	       916	00100142	177d	c.addi	x14,-1	 x14:0x00000007 x14=0x00000006
        1842000	       917	00100144	0512	c.slli	x10,0x4	 x10:0x00000000 x10=0x00000000
        1846000	       919	00100146	f77d	c.bnez	x14,100134	 x14:0x00000006
        1850000	       921	00100134	01c55793	srli	x15,x10,0x1c	 x10:0x00000000 x15=0x00000000
        1852000	       922	00100138	00f66963	bltu	x12,x15,10014a	 x12:0x00000009 x15:0x00000000
        1854000	       923	0010013c	03078793	addi	x15,x15,48	 x15:0x00000000 x15=0x00000030
        1858000	       925	00100140	c29c	c.sw	x15,0(x13)	 x13:0x00020000 x15:0x00000030 PA:0x00020000 store:0x00000030 load:0x00000000
        1860000	       926	00100142	177d	c.addi	x14,-1	 x14:0x00000006 x14=0x00000005
        1862000	       927	00100144	0512	c.slli	x10,0x4	 x10:0x00000000 x10=0x00000000
        1866000	       929	00100146	f77d	c.bnez	x14,100134	 x14:0x00000005
        1870000	       931	00100134	01c55793	srli	x15,x10,0x1c	 x10:0x00000000 x15=0x00000000
        1872000	       932	00100138	00f66963	bltu	x12,x15,10014a	 x12:0x00000009 x15:0x00000000
        1874000	       933	0010013c	03078793	addi	x15,x15,48	 x15:0x00000000 x15=0x00000030
        1878000	       935	00100140	c29c	c.sw	x15,0(x13)	 x13:0x00020000 x15:0x00000030 PA:0x00020000 store:0x00000030 load:0x00000000
        1880000	       936	00100142	177d	c.addi	x14,-1	 x14:0x00000005 x14=0x00000004
        1882000	       937	00100144	0512	c.slli	x10,0x4	 x10:0x00000000 x10=0x00000000
        1886000	       939	00100146	f77d	c.bnez	x14,100134	 x14:0x00000004
        1890000	       941	00100134	01c55793	srli	x15,x10,0x1c	 x10:0x00000000 x15=0x00000000
        1892000	       942	00100138	00f66963	bltu	x12,x15,10014a	 x12:0x00000009 x15:0x00000000
        1894000	       943	0010013c	03078793	addi	x15,x15,48	 x15:0x00000000 x15=0x00000030
        1898000	       945	00100140	c29c	c.sw	x15,0(x13)	 x13:0x00020000 x15:0x00000030 PA:0x00020000 store:0x00000030 load:0x00000000
        1900000	       946	00100142	177d	c.addi	x14,-1	 x14:0x00000004 x14=0x00000003
        1902000	       947	00100144	0512	c.slli	x10,0x4	 x10:0x00000000 x10=0x00000000
        1906000	       949	00100146	f77d	c.bnez	x14,100134	 x14:0x00000003
        1910000	       951	00100134	01c55793	srli	x15,x10,0x1c	 x10:0x00000000 x15=0x00000000
        1912000	       952	00100138	00f66963	bltu	x12,x15,10014a	 x12:0x00000009 x15:0x00000000
        1914000	       953	0010013c	03078793	addi	x15,x15,48	 x15:0x00000000 x15=0x00000030
        1918000	       955	00100140	c29c	c.sw	x15,0(x13)	 x13:0x00020000 x15:0x00000030 PA:0x00020000 store:0x00000030 load:0x00000000
        1920000	       956	00100142	177d	c.addi	x14,-1	 x14:0x00000003 x14=0x00000002
        1922000	       957	00100144	0512	c.slli	x10,0x4	 x10:0x00000000 x10=0x00000000
        1926000	       959	00100146	f77d	c.bnez	x14,100134	 x14:0x00000002
        1930000	       961	00100134	01c55793	srli	x15,x10,0x1c	 x10:0x00000000 x15=0x00000000
        1932000	       962	00100138	00f66963	bltu	x12,x15,10014a	 x12:0x00000009 x15:0x00000000
        1934000	       963	0010013c	03078793	addi	x15,x15,48	 x15:0x00000000 x15=0x00000030
        1938000	       965	00100140	c29c	c.sw	x15,0(x13)	 x13:0x00020000 x15:0x00000030 PA:0x00020000 store:0x00000030 load:0x00000000
        1940000	       966	00100142	177d	c.addi	x14,-1	 x14:0x00000002 x14=0x00000001
        1942000	       967	00100144	0512	c.slli	x10,0x4	 x10:0x00000000 x10=0x00000000
        1946000	       969	00100146	f77d	c.bnez	x14,100134	 x14:0x00000001
        1950000	       971	00100134	01c55793	srli	x15,x10,0x1c	 x10:0x00000000 x15=0x00000000
        1952000	       972	00100138	00f66963	bltu	x12,x15,10014a	 x12:0x00000009 x15:0x00000000
        1954000	       973	0010013c	03078793	addi	x15,x15,48	 x15:0x00000000 x15=0x00000030
        1958000	       975	00100140	c29c	c.sw	x15,0(x13)	 x13:0x00020000 x15:0x00000030 PA:0x00020000 store:0x00000030 load:0x00000000
        1960000	       976	00100142	177d	c.addi	x14,-1	 x14:0x00000001 x14=0x00000000
        1962000	       977	00100144	0512	c.slli	x10,0x4	 x10:0x00000000 x10=0x00000000
        1964000	       978	00100146	f77d	c.bnez	x14,100134	 x14:0x00000000
        1968000	       980	00100148	8082	c.jr	x1	  x1:0x0010040e
        1970000	       981	0010040e	4529	c.li	x10,10	 x10=0x0000000a
        1974000	       983	00100410	39f5	c.jal	10010c	  x1=0x00100412
        1976000	       984	0010010c	0ff57793	andi	x15,x10,255	 x10:0x0000000a x15=0x0000000a
        1978000	       985	00100110	00020737	lui	x14,0x20	 x14=0x00020000
        1982000	       987	00100114	c31c	c.sw	x15,0(x14)	 x14:0x00020000 x15:0x0000000a PA:0x00020000 store:0x0000000a load:0x00000000
        1986000	       989	00100116	8082	c.jr	x1	  x1:0x00100412
        1990000	       991	00100412	00100537	lui	x10,0x100	 x10=0x00100000
        1994000	       993	00100416	4004	c.lw	x9,0(x8)	  x8:0x00030000  x9=0x000003df PA:0x00030000 load:0x000003df
        1996000	       994	00100418	50050513	addi	x10,x10,1280	 x10:0x00100000 x10=0x00100500
        2000000	       996	0010041c	39f5	c.jal	100118	  x1=0x0010041e
        2002000	       997	00100118	00020737	lui	x14,0x20	 x14=0x00020000
        2006000	       999	0010011c	00054783	lbu	x15,0(x10)	 x10:0x00100500 x15=0x0000004d PA:0x00100500 load:0x0000004d
        2010000	      1001	00100120	e399	c.bnez	x15,100126	 x15:0x0000004d
        2014000	      1003	00100126	0505	c.addi	x10,1	 x10:0x00100500 x10=0x00100501
        2018000	      1005	00100128	c31c	c.sw	x15,0(x14)	 x14:0x00020000 x15:0x0000004d PA:0x00020000 store:0x0000004d load:0x00000000
        2022000	      1007	0010012a	bfcd	c.j	10011c	
        2026000	      1009	0010011c	00054783	lbu	x15,0(x10)	 x10:0x00100501 x15=0x00000054 PA:0x00100501 load:0x00000054
        2030000	      1011	00100120	e399	c.bnez	x15,100126	 x15:0x00000054
        2034000	      1013	00100126	0505	c.addi	x10,1	 x10:0x00100501 x10=0x00100502
        2038000	      1015	00100128	c31c	c.sw	x15,0(x14)	 x14:0x00020000 x15:0x00000054 PA:0x00020000 store:0x00000054 load:0x00000000
        2042000	      1017	0010012a	bfcd	c.j	10011c	
        2046000	      1019	0010011c	00054783	lbu	x15,0(x10)	 x10:0x00100502 x15=0x00000049 PA:0x00100502 load:0x00000049
        2050000	      1021	00100120	e399	c.bnez	x15,100126	 x15:0x00000049
        2054000	      1023	00100126	0505	c.addi	x10,1	 x10:0x00100502 x10=0x00100503
        2058000	      1025	00100128	c31c	c.sw	x15,0(x14)	 x14:0x00020000 x15:0x00000049 PA:0x00020000 store:0x00000049 load:0x00000000
        2062000	      1027	0010012a	bfcd	c.j	10011c	
        2066000	      1029	0010011c	00054783	lbu	x15,0(x10)	 x10:0x00100503 x15=0x0000004d PA:0x00100503 load:0x0000004d
        2070000	      1031	00100120	e399	c.bnez	x15,100126	 x15:0x0000004d
        2074000	      1033	00100126	0505	c.addi	x10,1	 x10:0x00100503 x10=0x00100504
        2078000	      1035	00100128	c31c	c.sw	x15,0(x14)	 x14:0x00020000 x15:0x0000004d PA:0x00020000 store:0x0000004d load:0x00000000
        2082000	      1037	0010012a	bfcd	c.j	10011c	
        2086000	      1039	0010011c	00054783	lbu	x15,0(x10)	 x10:0x00100504 x15=0x00000045 PA:0x00100504 load:0x00000045
        2090000	      1041	00100120	e399	c.bnez	x15,100126	 x15:0x00000045
        2094000	      1043	00100126	0505	c.addi	x10,1	 x10:0x00100504 x10=0x00100505
        2098000	      1045	00100128	c31c	c.sw	x15,0(x14)	 x14:0x00020000 x15:0x00000045 PA:0x00020000 store:0x00000045 load:0x00000000
        2102000	      1047	0010012a	bfcd	c.j	10011c	
        2106000	      1049	0010011c	00054783	lbu	x15,0(x10)	 x10:0x00100505 x15=0x0000005f PA:0x00100505 load:0x0000005f
        2110000	      1051	00100120	e399	c.bnez	x15,100126	 x15:0x0000005f
        2114000	      1053	00100126	0505	c.addi	x10,1	 x10:0x00100505 x10=0x00100506
        2118000	      1055	00100128	c31c	c.sw	x15,0(x14)	 x14:0x00020000 x15:0x0000005f PA:0x00020000 store:0x0000005f load:0x00000000
        2122000	      1057	0010012a	bfcd	c.j	10011c	
        2126000	      1059	0010011c	00054783	lbu	x15,0(x10)	 x10:0x00100506 x15=0x0000004c PA:0x00100506 load:0x0000004c
        2130000	      1061	00100120	e399	c.bnez	x15,100126	 x15:0x0000004c
        2134000	      1063	00100126	0505	c.addi	x10,1	 x10:0x00100506 x10=0x00100507
        2138000	      1065	00100128	c31c	c.sw	x15,0(x14)	 x14:0x00020000 x15:0x0000004c PA:0x00020000 store:0x0000004c load:0x00000000
        2142000	      1067	0010012a	bfcd	c.j	10011c	
        2146000	      1069	0010011c	00054783	lbu	x15,0(x10)	 x10:0x00100507 x15=0x0000004f PA:0x00100507 load:0x0000004f
        2150000	      1071	00100120	e399	c.bnez	x15,100126	 x15:0x0000004f
        2154000	      1073	00100126	0505	c.addi	x10,1	 x10:0x00100507 x10=0x00100508
        2158000	      1075	00100128	c31c	c.sw	x15,0(x14)	 x14:0x00020000 x15:0x0000004f PA:0x00020000 store:0x0000004f load:0x00000000
        2162000	      1077	0010012a	bfcd	c.j	10011c	
        2166000	      1079	0010011c	00054783	lbu	x15,0(x10)	 x10:0x00100508 x15=0x00000020 PA:0x00100508 load:0x00000020
        2170000	      1081	00100120	e399	c.bnez	x15,100126	 x15:0x00000020
        2174000	      1083	00100126	0505	c.addi	x10,1	 x10:0x00100508 x10=0x00100509
        2178000	      1085	00100128	c31c	c.sw	x15,0(x14)	 x14:0x00020000 x15:0x00000020 PA:0x00020000 store:0x00000020 load:0x00000000
        2182000	      1087	0010012a	bfcd	c.j	10011c	
        2186000	      1089	0010011c	00054783	lbu	x15,0(x10)	 x10:0x00100509 x15=0x00000028 PA:0x00100509 load:0x00000028
        2190000	      1091	00100120	e399	c.bnez	x15,100126	 x15:0x00000028
        2194000	      1093	00100126	0505	c.addi	x10,1	 x10:0x00100509 x10=0x0010050a
        2198000	      1095	00100128	c31c	c.sw	x15,0(x14)	 x14:0x00020000 x15:0x00000028 PA:0x00020000 store:0x00000028 load:0x00000000
        2202000	      1097	0010012a	bfcd	c.j	10011c	
        2206000	      1099	0010011c	00054783	lbu	x15,0(x10)	 x10:0x0010050a x15=0x00000032 PA:0x0010050a load:0x00000032
        2210000	      1101	00100120	e399	c.bnez	x15,100126	 x15:0x00000032
        2214000	      1103	00100126	0505	c.addi	x10,1	 x10:0x0010050a x10=0x0010050b
        2218000	      1105	00100128	c31c	c.sw	x15,0(x14)	 x14:0x00020000 x15:0x00000032 PA:0x00020000 store:0x00000032 load:0x00000000
        2222000	      1107	0010012a	bfcd	c.j	10011c	
        2226000	      1109	0010011c	00054783	lbu	x15,0(x10)	 x10:0x0010050b x15=0x0000006e PA:0x0010050b load:0x0000006e
        2230000	      1111	00100120	e399	c.bnez	x15,100126	 x15:0x0000006e
        2234000	      1113	00100126	0505	c.addi	x10,1	 x10:0x0010050b x10=0x0010050c
        2238000	      1115	00100128	c31c	c.sw	x15,0(x14)	 x14:0x00020000 x15:0x0000006e PA:0x00020000 store:0x0000006e load:0x00000000
        2242000	      1117	0010012a	bfcd	c.j	10011c	
        2246000	      1119	0010011c	00054783	lbu	x15,0(x10)	 x10:0x0010050c x15=0x00000064 PA:0x0010050c load:0x00000064
        2250000	      1121	00100120	e399	c.bnez	x15,100126	 x15:0x00000064
        2254000	      1123	00100126	0505	c.addi	x10,1	 x10:0x0010050c x10=0x0010050d
        2258000	      1125	00100128	c31c	c.sw	x15,0(x14)	 x14:0x00020000 x15:0x00000064 PA:0x00020000 store:0x00000064 load:0x00000000
        2262000	      1127	0010012a	bfcd	c.j	10011c	
        2266000	      1129	0010011c	00054783	lbu	x15,0(x10)	 x10:0x0010050d x15=0x00000029 PA:0x0010050d load:0x00000029
        2270000	      1131	00100120	e399	c.bnez	x15,100126	 x15:0x00000029
        2274000	      1133	00100126	0505	c.addi	x10,1	 x10:0x0010050d x10=0x0010050e
        2278000	      1135	00100128	c31c	c.sw	x15,0(x14)	 x14:0x00020000 x15:0x00000029 PA:0x00020000 store:0x00000029 load:0x00000000
        2282000	      1137	0010012a	bfcd	c.j	10011c	
        2286000	      1139	0010011c	00054783	lbu	x15,0(x10)	 x10:0x0010050e x15=0x0000003a PA:0x0010050e load:0x0000003a
        2290000	      1141	00100120	e399	c.bnez	x15,100126	 x15:0x0000003a
        2294000	      1143	00100126	0505	c.addi	x10,1	 x10:0x0010050e x10=0x0010050f
        2298000	      1145	00100128	c31c	c.sw	x15,0(x14)	 x14:0x00020000 x15:0x0000003a PA:0x00020000 store:0x0000003a load:0x00000000
        2302000	      1147	0010012a	bfcd	c.j	10011c	
        2306000	      1149	0010011c	00054783	lbu	x15,0(x10)	 x10:0x0010050f x15=0x00000020 PA:0x0010050f load:0x00000020
        2310000	      1151	00100120	e399	c.bnez	x15,100126	 x15:0x00000020
        2314000	      1153	00100126	0505	c.addi	x10,1	 x10:0x0010050f x10=0x00100510
        2318000	      1155	00100128	c31c	c.sw	x15,0(x14)	 x14:0x00020000 x15:0x00000020 PA:0x00020000 store:0x00000020 load:0x00000000
        2322000	      1157	0010012a	bfcd	c.j	10011c	
        2326000	      1159	0010011c	00054783	lbu	x15,0(x10)	 x10:0x00100510 x15=0x00000030 PA:0x00100510 load:0x00000030
        2330000	      1161	00100120	e399	c.bnez	x15,100126	 x15:0x00000030
        2334000	      1163	00100126	0505	c.addi	x10,1	 x10:0x00100510 x10=0x00100511
        2338000	      1165	00100128	c31c	c.sw	x15,0(x14)	 x14:0x00020000 x15:0x00000030 PA:0x00020000 store:0x00000030 load:0x00000000
        2342000	      1167	0010012a	bfcd	c.j	10011c	
        2346000	      1169	0010011c	00054783	lbu	x15,0(x10)	 x10:0x00100511 x15=0x00000078 PA:0x00100511 load:0x00000078
        2350000	      1171	00100120	e399	c.bnez	x15,100126	 x15:0x00000078
        2354000	      1173	00100126	0505	c.addi	x10,1	 x10:0x00100511 x10=0x00100512
        2358000	      1175	00100128	c31c	c.sw	x15,0(x14)	 x14:0x00020000 x15:0x00000078 PA:0x00020000 store:0x00000078 load:0x00000000
        2362000	      1177	0010012a	bfcd	c.j	10011c	
        2366000	      1179	0010011c	00054783	lbu	x15,0(x10)	 x10:0x00100512 x15=0x00000000 PA:0x00100512 load:0x00000000
        2368000	      1180	00100120	e399	c.bnez	x15,100126	 x15:0x00000000
        2370000	      1181	00100122	4501	c.li	x10,0	 x10=0x00000000
        2374000	      1183	00100124	8082	c.jr	x1	  x1:0x0010041e
        2376000	      1184	0010041e	8526	c.mv	x10,x9	  x0:0x00000000  x9:0x000003df x10=0x000003df
        2380000	      1186	00100420	3331	c.jal	10012c	  x1=0x00100422
        2382000	      1187	0010012c	4721	c.li	x14,8	 x14=0x00000008
        2384000	      1188	0010012e	4625	c.li	x12,9	 x12=0x00000009
        2386000	      1189	00100130	000206b7	lui	x13,0x20	 x13=0x00020000
        2388000	      1190	00100134	01c55793	srli	x15,x10,0x1c	 x10:0x000003df x15=0x00000000
        2390000	      1191	00100138	00f66963	bltu	x12,x15,10014a	 x12:0x00000009 x15:0x00000000
        2392000	      1192	0010013c	03078793	addi	x15,x15,48	 x15:0x00000000 x15=0x00000030
        2396000	      1194	00100140	c29c	c.sw	x15,0(x13)	 x13:0x00020000 x15:0x00000030 PA:0x00020000 store:0x00000030 load:0x00000000
        2398000	      1195	00100142	177d	c.addi	x14,-1	 x14:0x00000008 x14=0x00000007
        2400000	      1196	00100144	0512	c.slli	x10,0x4	 x10:0x000003df x10=0x00003df0
        2404000	      1198	00100146	f77d	c.bnez	x14,100134	 x14:0x00000007
        2408000	      1200	00100134	01c55793	srli	x15,x10,0x1c	 x10:0x00003df0 x15=0x00000000
        2410000	      1201	00100138	00f66963	bltu	x12,x15,10014a	 x12:0x00000009 x15:0x00000000
        2412000	      1202	0010013c	03078793	addi	x15,x15,48	 x15:0x00000000 x15=0x00000030
        2416000	      1204	00100140	c29c	c.sw	x15,0(x13)	 x13:0x00020000 x15:0x00000030 PA:0x00020000 store:0x00000030 load:0x00000000
        2418000	      1205	00100142	177d	c.addi	x14,-1	 x14:0x00000007 x14=0x00000006
        2420000	      1206	00100144	0512	c.slli	x10,0x4	 x10:0x00003df0 x10=0x0003df00
        2424000	      1208	00100146	f77d	c.bnez	x14,100134	 x14:0x00000006
        2428000	      1210	00100134	01c55793	srli	x15,x10,0x1c	 x10:0x0003df00 x15=0x00000000
        2430000	      1211	00100138	00f66963	bltu	x12,x15,10014a	 x12:0x00000009 x15:0x00000000
        2432000	      1212	0010013c	03078793	addi	x15,x15,48	 x15:0x00000000 x15=0x00000030
        2436000	      1214	00100140	c29c	c.sw	x15,0(x13)	 x13:0x00020000 x15:0x00000030 PA:0x00020000 store:0x00000030 load:0x00000000
        2438000	      1215	00100142	177d	c.addi	x14,-1	 x14:0x00000006 x14=0x00000005
        2440000	      1216	00100144	0512	c.slli	x10,0x4	 x10:0x0003df00 x10=0x003df000
        2444000	      1218	00100146	f77d	c.bnez	x14,100134	 x14:0x00000005
        2448000	      1220	00100134	01c55793	srli	x15,x10,0x1c	 x10:0x003df000 x15=0x00000000
        2450000	      1221	00100138	00f66963	bltu	x12,x15,10014a	 x12:0x00000009 x15:0x00000000
        2452000	      1222	0010013c	03078793	addi	x15,x15,48	 x15:0x00000000 x15=0x00000030
        2456000	      1224	00100140	c29c	c.sw	x15,0(x13)	 x13:0x00020000 x15:0x00000030 PA:0x00020000 store:0x00000030 load:0x00000000
        2458000	      1225	00100142	177d	c.addi	x14,-1	 x14:0x00000005 x14=0x00000004
        2460000	      1226	00100144	0512	c.slli	x10,0x4	 x10:0x003df000 x10=0x03df0000
        2464000	      1228	00100146	f77d	c.bnez	x14,100134	 x14:0x00000004
        2468000	      1230	00100134	01c55793	srli	x15,x10,0x1c	 x10:0x03df0000 x15=0x00000000
        2470000	      1231	00100138	00f66963	bltu	x12,x15,10014a	 x12:0x00000009 x15:0x00000000
        2472000	      1232	0010013c	03078793	addi	x15,x15,48	 x15:0x00000000 x15=0x00000030
        2476000	      1234	00100140	c29c	c.sw	x15,0(x13)	 x13:0x00020000 x15:0x00000030 PA:0x00020000 store:0x00000030 load:0x00000000
        2478000	      1235	00100142	177d	c.addi	x14,-1	 x14:0x00000004 x14=0x00000003
        2480000	      1236	00100144	0512	c.slli	x10,0x4	 x10:0x03df0000 x10=0x3df00000
        2484000	      1238	00100146	f77d	c.bnez	x14,100134	 x14:0x00000003
        2488000	      1240	00100134	01c55793	srli	x15,x10,0x1c	 x10:0x3df00000 x15=0x00000003
        2490000	      1241	00100138	00f66963	bltu	x12,x15,10014a	 x12:0x00000009 x15:0x00000003
        2492000	      1242	0010013c	03078793	addi	x15,x15,48	 x15:0x00000003 x15=0x00000033
        2496000	      1244	00100140	c29c	c.sw	x15,0(x13)	 x13:0x00020000 x15:0x00000033 PA:0x00020000 store:0x00000033 load:0x00000000
        2498000	      1245	00100142	177d	c.addi	x14,-1	 x14:0x00000003 x14=0x00000002
        2500000	      1246	00100144	0512	c.slli	x10,0x4	 x10:0x3df00000 x10=0xdf000000
        2504000	      1248	00100146	f77d	c.bnez	x14,100134	 x14:0x00000002
        2508000	      1250	00100134	01c55793	srli	x15,x10,0x1c	 x10:0xdf000000 x15=0x0000000d
        2512000	      1252	00100138	00f66963	bltu	x12,x15,10014a	 x12:0x00000009 x15:0x0000000d
        2518000	      1255	0010014a	03778793	addi	x15,x15,55	 x15:0x0000000d x15=0x00000044
        2522000	      1257	0010014e	bfcd	c.j	100140	
        2526000	      1259	00100140	c29c	c.sw	x15,0(x13)	 x13:0x00020000 x15:0x00000044 PA:0x00020000 store:0x00000044 load:0x00000000
        2528000	      1260	00100142	177d	c.addi	x14,-1	 x14:0x00000002 x14=0x00000001
        2530000	      1261	00100144	0512	c.slli	x10,0x4	 x10:0xdf000000 x10=0xf0000000
        2534000	      1263	00100146	f77d	c.bnez	x14,100134	 x14:0x00000001
        2538000	      1265	00100134	01c55793	srli	x15,x10,0x1c	 x10:0xf0000000 x15=0x0000000f
        2542000	      1267	00100138	00f66963	bltu	x12,x15,10014a	 x12:0x00000009 x15:0x0000000f
        2548000	      1270	0010014a	03778793	addi	x15,x15,55	 x15:0x0000000f x15=0x00000046
        2552000	      1272	0010014e	bfcd	c.j	100140	
        2556000	      1274	00100140	c29c	c.sw	x15,0(x13)	 x13:0x00020000 x15:0x00000046 PA:0x00020000 store:0x00000046 load:0x00000000
        2558000	      1275	00100142	177d	c.addi	x14,-1	 x14:0x00000001 x14=0x00000000
        2560000	      1276	00100144	0512	c.slli	x10,0x4	 x10:0xf0000000 x10=0x00000000
        2562000	      1277	00100146	f77d	c.bnez	x14,100134	 x14:0x00000000
        2566000	      1279	00100148	8082	c.jr	x1	  x1:0x00100422
        2568000	      1280	00100422	4529	c.li	x10,10	 x10=0x0000000a
        2572000	      1282	00100424	31e5	c.jal	10010c	  x1=0x00100426
        2574000	      1283	0010010c	0ff57793	andi	x15,x10,255	 x10:0x0000000a x15=0x0000000a
        2576000	      1284	00100110	00020737	lui	x14,0x20	 x14=0x00020000
        2580000	      1286	00100114	c31c	c.sw	x15,0(x14)	 x14:0x00020000 x15:0x0000000a PA:0x00020000 store:0x0000000a load:0x00000000
        2584000	      1288	00100116	8082	c.jr	x1	  x1:0x00100426
        2588000	      1290	00100426	00100537	lui	x10,0x100	 x10=0x00100000
        2590000	      1291	0010042a	51450513	addi	x10,x10,1300	 x10:0x00100000 x10=0x00100514
        2594000	      1293	0010042e	31ed	c.jal	100118	  x1=0x00100430
        2596000	      1294	00100118	00020737	lui	x14,0x20	 x14=0x00020000
        2600000	      1296	0010011c	00054783	lbu	x15,0(x10)	 x10:0x00100514 x15=0x00000057 PA:0x00100514 load:0x00000057
        2604000	      1298	00100120	e399	c.bnez	x15,100126	 x15:0x00000057
        2608000	      1300	00100126	0505	c.addi	x10,1	 x10:0x00100514 x10=0x00100515
        2612000	      1302	00100128	c31c	c.sw	x15,0(x14)	 x14:0x00020000 x15:0x00000057 PA:0x00020000 store:0x00000057 load:0x00000000
        2616000	      1304	0010012a	bfcd	c.j	10011c	
        2620000	      1306	0010011c	00054783	lbu	x15,0(x10)	 x10:0x00100515 x15=0x00000072 PA:0x00100515 load:0x00000072
        2624000	      1308	00100120	e399	c.bnez	x15,100126	 x15:0x00000072
        2628000	      1310	00100126	0505	c.addi	x10,1	 x10:0x00100515 x10=0x00100516
        2632000	      1312	00100128	c31c	c.sw	x15,0(x14)	 x14:0x00020000 x15:0x00000072 PA:0x00020000 store:0x00000072 load:0x00000000
        2636000	      1314	0010012a	bfcd	c.j	10011c	
        2640000	      1316	0010011c	00054783	lbu	x15,0(x10)	 x10:0x00100516 x15=0x00000069 PA:0x00100516 load:0x00000069
        2644000	      1318	00100120	e399	c.bnez	x15,100126	 x15:0x00000069
        2648000	      1320	00100126	0505	c.addi	x10,1	 x10:0x00100516 x10=0x00100517
        2652000	      1322	00100128	c31c	c.sw	x15,0(x14)	 x14:0x00020000 x15:0x00000069 PA:0x00020000 store:0x00000069 load:0x00000000
        2656000	      1324	0010012a	bfcd	c.j	10011c	
        2660000	      1326	0010011c	00054783	lbu	x15,0(x10)	 x10:0x00100517 x15=0x00000074 PA:0x00100517 load:0x00000074
        2664000	      1328	00100120	e399	c.bnez	x15,100126	 x15:0x00000074
        2668000	      1330	00100126	0505	c.addi	x10,1	 x10:0x00100517 x10=0x00100518
        2672000	      1332	00100128	c31c	c.sw	x15,0(x14)	 x14:0x00020000 x15:0x00000074 PA:0x00020000 store:0x00000074 load:0x00000000
        2676000	      1334	0010012a	bfcd	c.j	10011c	
        2680000	      1336	0010011c	00054783	lbu	x15,0(x10)	 x10:0x00100518 x15=0x00000069 PA:0x00100518 load:0x00000069
        2684000	      1338	00100120	e399	c.bnez	x15,100126	 x15:0x00000069
        2688000	      1340	00100126	0505	c.addi	x10,1	 x10:0x00100518 x10=0x00100519
        2692000	      1342	00100128	c31c	c.sw	x15,0(x14)	 x14:0x00020000 x15:0x00000069 PA:0x00020000 store:0x00000069 load:0x00000000
        2696000	      1344	0010012a	bfcd	c.j	10011c	
        2700000	      1346	0010011c	00054783	lbu	x15,0(x10)	 x10:0x00100519 x15=0x0000006e PA:0x00100519 load:0x0000006e
        2704000	      1348	00100120	e399	c.bnez	x15,100126	 x15:0x0000006e
        2708000	      1350	00100126	0505	c.addi	x10,1	 x10:0x00100519 x10=0x0010051a
        2712000	      1352	00100128	c31c	c.sw	x15,0(x14)	 x14:0x00020000 x15:0x0000006e PA:0x00020000 store:0x0000006e load:0x00000000
        2716000	      1354	0010012a	bfcd	c.j	10011c	
        2720000	      1356	0010011c	00054783	lbu	x15,0(x10)	 x10:0x0010051a x15=0x00000067 PA:0x0010051a load:0x00000067
        2724000	      1358	00100120	e399	c.bnez	x15,100126	 x15:0x00000067
        2728000	      1360	00100126	0505	c.addi	x10,1	 x10:0x0010051a x10=0x0010051b
        2732000	      1362	00100128	c31c	c.sw	x15,0(x14)	 x14:0x00020000 x15:0x00000067 PA:0x00020000 store:0x00000067 load:0x00000000
        2736000	      1364	0010012a	bfcd	c.j	10011c	
        2740000	      1366	0010011c	00054783	lbu	x15,0(x10)	 x10:0x0010051b x15=0x00000020 PA:0x0010051b load:0x00000020
        2744000	      1368	00100120	e399	c.bnez	x15,100126	 x15:0x00000020
        2748000	      1370	00100126	0505	c.addi	x10,1	 x10:0x0010051b x10=0x0010051c
        2752000	      1372	00100128	c31c	c.sw	x15,0(x14)	 x14:0x00020000 x15:0x00000020 PA:0x00020000 store:0x00000020 load:0x00000000
        2756000	      1374	0010012a	bfcd	c.j	10011c	
        2760000	      1376	0010011c	00054783	lbu	x15,0(x10)	 x10:0x0010051c x15=0x0000004d PA:0x0010051c load:0x0000004d
        2764000	      1378	00100120	e399	c.bnez	x15,100126	 x15:0x0000004d
        2768000	      1380	00100126	0505	c.addi	x10,1	 x10:0x0010051c x10=0x0010051d
        2772000	      1382	00100128	c31c	c.sw	x15,0(x14)	 x14:0x00020000 x15:0x0000004d PA:0x00020000 store:0x0000004d load:0x00000000
        2776000	      1384	0010012a	bfcd	c.j	10011c	
        2780000	      1386	0010011c	00054783	lbu	x15,0(x10)	 x10:0x0010051d x15=0x00000054 PA:0x0010051d load:0x00000054
        2784000	      1388	00100120	e399	c.bnez	x15,100126	 x15:0x00000054
        2788000	      1390	00100126	0505	c.addi	x10,1	 x10:0x0010051d x10=0x0010051e
        2792000	      1392	00100128	c31c	c.sw	x15,0(x14)	 x14:0x00020000 x15:0x00000054 PA:0x00020000 store:0x00000054 load:0x00000000
        2796000	      1394	0010012a	bfcd	c.j	10011c	
        2800000	      1396	0010011c	00054783	lbu	x15,0(x10)	 x10:0x0010051e x15=0x00000049 PA:0x0010051e load:0x00000049
        2804000	      1398	00100120	e399	c.bnez	x15,100126	 x15:0x00000049
        2808000	      1400	00100126	0505	c.addi	x10,1	 x10:0x0010051e x10=0x0010051f
        2812000	      1402	00100128	c31c	c.sw	x15,0(x14)	 x14:0x00020000 x15:0x00000049 PA:0x00020000 store:0x00000049 load:0x00000000
        2816000	      1404	0010012a	bfcd	c.j	10011c	
        2820000	      1406	0010011c	00054783	lbu	x15,0(x10)	 x10:0x0010051f x15=0x0000004d PA:0x0010051f load:0x0000004d
        2824000	      1408	00100120	e399	c.bnez	x15,100126	 x15:0x0000004d
        2828000	      1410	00100126	0505	c.addi	x10,1	 x10:0x0010051f x10=0x00100520
        2832000	      1412	00100128	c31c	c.sw	x15,0(x14)	 x14:0x00020000 x15:0x0000004d PA:0x00020000 store:0x0000004d load:0x00000000
        2836000	      1414	0010012a	bfcd	c.j	10011c	
        2840000	      1416	0010011c	00054783	lbu	x15,0(x10)	 x10:0x00100520 x15=0x00000045 PA:0x00100520 load:0x00000045
        2844000	      1418	00100120	e399	c.bnez	x15,100126	 x15:0x00000045
        2848000	      1420	00100126	0505	c.addi	x10,1	 x10:0x00100520 x10=0x00100521
        2852000	      1422	00100128	c31c	c.sw	x15,0(x14)	 x14:0x00020000 x15:0x00000045 PA:0x00020000 store:0x00000045 load:0x00000000
        2856000	      1424	0010012a	bfcd	c.j	10011c	
        2860000	      1426	0010011c	00054783	lbu	x15,0(x10)	 x10:0x00100521 x15=0x00000043 PA:0x00100521 load:0x00000043
        2864000	      1428	00100120	e399	c.bnez	x15,100126	 x15:0x00000043
        2868000	      1430	00100126	0505	c.addi	x10,1	 x10:0x00100521 x10=0x00100522
        2872000	      1432	00100128	c31c	c.sw	x15,0(x14)	 x14:0x00020000 x15:0x00000043 PA:0x00020000 store:0x00000043 load:0x00000000
        2876000	      1434	0010012a	bfcd	c.j	10011c	
        2880000	      1436	0010011c	00054783	lbu	x15,0(x10)	 x10:0x00100522 x15=0x0000004d PA:0x00100522 load:0x0000004d
        2884000	      1438	00100120	e399	c.bnez	x15,100126	 x15:0x0000004d
        2888000	      1440	00100126	0505	c.addi	x10,1	 x10:0x00100522 x10=0x00100523
        2892000	      1442	00100128	c31c	c.sw	x15,0(x14)	 x14:0x00020000 x15:0x0000004d PA:0x00020000 store:0x0000004d load:0x00000000
        2896000	      1444	0010012a	bfcd	c.j	10011c	
        2900000	      1446	0010011c	00054783	lbu	x15,0(x10)	 x10:0x00100523 x15=0x00000050 PA:0x00100523 load:0x00000050
        2904000	      1448	00100120	e399	c.bnez	x15,100126	 x15:0x00000050
        2908000	      1450	00100126	0505	c.addi	x10,1	 x10:0x00100523 x10=0x00100524
        2912000	      1452	00100128	c31c	c.sw	x15,0(x14)	 x14:0x00020000 x15:0x00000050 PA:0x00020000 store:0x00000050 load:0x00000000
        2916000	      1454	0010012a	bfcd	c.j	10011c	
        2920000	      1456	0010011c	00054783	lbu	x15,0(x10)	 x10:0x00100524 x15=0x0000002e PA:0x00100524 load:0x0000002e
        2924000	      1458	00100120	e399	c.bnez	x15,100126	 x15:0x0000002e
        2928000	      1460	00100126	0505	c.addi	x10,1	 x10:0x00100524 x10=0x00100525
        2932000	      1462	00100128	c31c	c.sw	x15,0(x14)	 x14:0x00020000 x15:0x0000002e PA:0x00020000 store:0x0000002e load:0x00000000
        2936000	      1464	0010012a	bfcd	c.j	10011c	
        2940000	      1466	0010011c	00054783	lbu	x15,0(x10)	 x10:0x00100525 x15=0x0000002e PA:0x00100525 load:0x0000002e
        2944000	      1468	00100120	e399	c.bnez	x15,100126	 x15:0x0000002e
        2948000	      1470	00100126	0505	c.addi	x10,1	 x10:0x00100525 x10=0x00100526
        2952000	      1472	00100128	c31c	c.sw	x15,0(x14)	 x14:0x00020000 x15:0x0000002e PA:0x00020000 store:0x0000002e load:0x00000000
        2956000	      1474	0010012a	bfcd	c.j	10011c	
        2960000	      1476	0010011c	00054783	lbu	x15,0(x10)	 x10:0x00100526 x15=0x0000002e PA:0x00100526 load:0x0000002e
        2964000	      1478	00100120	e399	c.bnez	x15,100126	 x15:0x0000002e
        2968000	      1480	00100126	0505	c.addi	x10,1	 x10:0x00100526 x10=0x00100527
        2972000	      1482	00100128	c31c	c.sw	x15,0(x14)	 x14:0x00020000 x15:0x0000002e PA:0x00020000 store:0x0000002e load:0x00000000
        2976000	      1484	0010012a	bfcd	c.j	10011c	
        2980000	      1486	0010011c	00054783	lbu	x15,0(x10)	 x10:0x00100527 x15=0x0000000a PA:0x00100527 load:0x0000000a
        2984000	      1488	00100120	e399	c.bnez	x15,100126	 x15:0x0000000a
        2988000	      1490	00100126	0505	c.addi	x10,1	 x10:0x00100527 x10=0x00100528
        2992000	      1492	00100128	c31c	c.sw	x15,0(x14)	 x14:0x00020000 x15:0x0000000a PA:0x00020000 store:0x0000000a load:0x00000000
        2996000	      1494	0010012a	bfcd	c.j	10011c	
        3000000	      1496	0010011c	00054783	lbu	x15,0(x10)	 x10:0x00100528 x15=0x00000000 PA:0x00100528 load:0x00000000
        3002000	      1497	00100120	e399	c.bnez	x15,100126	 x15:0x00000000
        3004000	      1498	00100122	4501	c.li	x10,0	 x10=0x00000000
        3008000	      1500	00100124	8082	c.jr	x1	  x1:0x00100430
        3010000	      1501	00100430	57fd	c.li	x15,-1	 x15=0xffffffff
        3014000	      1503	00100432	c45c	c.sw	x15,12(x8)	  x8:0x00030000 x15:0xffffffff PA:0x0003000c store:0xffffffff load:0x00000000
        3016000	      1504	00100434	00100537	lui	x10,0x100	 x10=0x00100000
        3020000	      1506	00100438	c41c	c.sw	x15,8(x8)	  x8:0x00030000 x15:0xffffffff PA:0x00030008 store:0xffffffff load:0x00000000
        3022000	      1507	0010043a	52c50513	addi	x10,x10,1324	 x10:0x00100000 x10=0x0010052c
        3026000	      1509	0010043e	39e9	c.jal	100118	  x1=0x00100440
        3028000	      1510	00100118	00020737	lui	x14,0x20	 x14=0x00020000
        3032000	      1512	0010011c	00054783	lbu	x15,0(x10)	 x10:0x0010052c x15=0x0000004d PA:0x0010052c load:0x0000004d
        3036000	      1514	00100120	e399	c.bnez	x15,100126	 x15:0x0000004d
        3040000	      1516	00100126	0505	c.addi	x10,1	 x10:0x0010052c x10=0x0010052d
        3044000	      1518	00100128	c31c	c.sw	x15,0(x14)	 x14:0x00020000 x15:0x0000004d PA:0x00020000 store:0x0000004d load:0x00000000
        3048000	      1520	0010012a	bfcd	c.j	10011c	
        3052000	      1522	0010011c	00054783	lbu	x15,0(x10)	 x10:0x0010052d x15=0x00000054 PA:0x0010052d load:0x00000054
        3056000	      1524	00100120	e399	c.bnez	x15,100126	 x15:0x00000054
        3060000	      1526	00100126	0505	c.addi	x10,1	 x10:0x0010052d x10=0x0010052e
        3064000	      1528	00100128	c31c	c.sw	x15,0(x14)	 x14:0x00020000 x15:0x00000054 PA:0x00020000 store:0x00000054 load:0x00000000
        3068000	      1530	0010012a	bfcd	c.j	10011c	
        3072000	      1532	0010011c	00054783	lbu	x15,0(x10)	 x10:0x0010052e x15=0x00000049 PA:0x0010052e load:0x00000049
        3076000	      1534	00100120	e399	c.bnez	x15,100126	 x15:0x00000049
        3080000	      1536	00100126	0505	c.addi	x10,1	 x10:0x0010052e x10=0x0010052f
        3084000	      1538	00100128	c31c	c.sw	x15,0(x14)	 x14:0x00020000 x15:0x00000049 PA:0x00020000 store:0x00000049 load:0x00000000
        3088000	      1540	0010012a	bfcd	c.j	10011c	
        3092000	      1542	0010011c	00054783	lbu	x15,0(x10)	 x10:0x0010052f x15=0x0000004d PA:0x0010052f load:0x0000004d
        3096000	      1544	00100120	e399	c.bnez	x15,100126	 x15:0x0000004d
        3100000	      1546	00100126	0505	c.addi	x10,1	 x10:0x0010052f x10=0x00100530
        3104000	      1548	00100128	c31c	c.sw	x15,0(x14)	 x14:0x00020000 x15:0x0000004d PA:0x00020000 store:0x0000004d load:0x00000000
        3108000	      1550	0010012a	bfcd	c.j	10011c	
        3112000	      1552	0010011c	00054783	lbu	x15,0(x10)	 x10:0x00100530 x15=0x00000045 PA:0x00100530 load:0x00000045
        3116000	      1554	00100120	e399	c.bnez	x15,100126	 x15:0x00000045
        3120000	      1556	00100126	0505	c.addi	x10,1	 x10:0x00100530 x10=0x00100531
        3124000	      1558	00100128	c31c	c.sw	x15,0(x14)	 x14:0x00020000 x15:0x00000045 PA:0x00020000 store:0x00000045 load:0x00000000
        3128000	      1560	0010012a	bfcd	c.j	10011c	
        3132000	      1562	0010011c	00054783	lbu	x15,0(x10)	 x10:0x00100531 x15=0x00000043 PA:0x00100531 load:0x00000043
        3136000	      1564	00100120	e399	c.bnez	x15,100126	 x15:0x00000043
        3140000	      1566	00100126	0505	c.addi	x10,1	 x10:0x00100531 x10=0x00100532
        3144000	      1568	00100128	c31c	c.sw	x15,0(x14)	 x14:0x00020000 x15:0x00000043 PA:0x00020000 store:0x00000043 load:0x00000000
        3148000	      1570	0010012a	bfcd	c.j	10011c	
        3152000	      1572	0010011c	00054783	lbu	x15,0(x10)	 x10:0x00100532 x15=0x0000004d PA:0x00100532 load:0x0000004d
        3156000	      1574	00100120	e399	c.bnez	x15,100126	 x15:0x0000004d
        3160000	      1576	00100126	0505	c.addi	x10,1	 x10:0x00100532 x10=0x00100533
        3164000	      1578	00100128	c31c	c.sw	x15,0(x14)	 x14:0x00020000 x15:0x0000004d PA:0x00020000 store:0x0000004d load:0x00000000
        3168000	      1580	0010012a	bfcd	c.j	10011c	
        3172000	      1582	0010011c	00054783	lbu	x15,0(x10)	 x10:0x00100533 x15=0x00000050 PA:0x00100533 load:0x00000050
        3176000	      1584	00100120	e399	c.bnez	x15,100126	 x15:0x00000050
        3180000	      1586	00100126	0505	c.addi	x10,1	 x10:0x00100533 x10=0x00100534
        3184000	      1588	00100128	c31c	c.sw	x15,0(x14)	 x14:0x00020000 x15:0x00000050 PA:0x00020000 store:0x00000050 load:0x00000000
        3188000	      1590	0010012a	bfcd	c.j	10011c	
        3192000	      1592	0010011c	00054783	lbu	x15,0(x10)	 x10:0x00100534 x15=0x00000020 PA:0x00100534 load:0x00000020
        3196000	      1594	00100120	e399	c.bnez	x15,100126	 x15:0x00000020
        3200000	      1596	00100126	0505	c.addi	x10,1	 x10:0x00100534 x10=0x00100535
        3204000	      1598	00100128	c31c	c.sw	x15,0(x14)	 x14:0x00020000 x15:0x00000020 PA:0x00020000 store:0x00000020 load:0x00000000
        3208000	      1600	0010012a	bfcd	c.j	10011c	
        3212000	      1602	0010011c	00054783	lbu	x15,0(x10)	 x10:0x00100535 x15=0x00000073 PA:0x00100535 load:0x00000073
        3216000	      1604	00100120	e399	c.bnez	x15,100126	 x15:0x00000073
        3220000	      1606	00100126	0505	c.addi	x10,1	 x10:0x00100535 x10=0x00100536
        3224000	      1608	00100128	c31c	c.sw	x15,0(x14)	 x14:0x00020000 x15:0x00000073 PA:0x00020000 store:0x00000073 load:0x00000000
        3228000	      1610	0010012a	bfcd	c.j	10011c	
        3232000	      1612	0010011c	00054783	lbu	x15,0(x10)	 x10:0x00100536 x15=0x00000065 PA:0x00100536 load:0x00000065
        3236000	      1614	00100120	e399	c.bnez	x15,100126	 x15:0x00000065
        3240000	      1616	00100126	0505	c.addi	x10,1	 x10:0x00100536 x10=0x00100537
        3244000	      1618	00100128	c31c	c.sw	x15,0(x14)	 x14:0x00020000 x15:0x00000065 PA:0x00020000 store:0x00000065 load:0x00000000
        3248000	      1620	0010012a	bfcd	c.j	10011c	
        3252000	      1622	0010011c	00054783	lbu	x15,0(x10)	 x10:0x00100537 x15=0x00000074 PA:0x00100537 load:0x00000074
        3256000	      1624	00100120	e399	c.bnez	x15,100126	 x15:0x00000074
        3260000	      1626	00100126	0505	c.addi	x10,1	 x10:0x00100537 x10=0x00100538
        3264000	      1628	00100128	c31c	c.sw	x15,0(x14)	 x14:0x00020000 x15:0x00000074 PA:0x00020000 store:0x00000074 load:0x00000000
        3268000	      1630	0010012a	bfcd	c.j	10011c	
        3272000	      1632	0010011c	00054783	lbu	x15,0(x10)	 x10:0x00100538 x15=0x00000020 PA:0x00100538 load:0x00000020
        3276000	      1634	00100120	e399	c.bnez	x15,100126	 x15:0x00000020
        3280000	      1636	00100126	0505	c.addi	x10,1	 x10:0x00100538 x10=0x00100539
        3284000	      1638	00100128	c31c	c.sw	x15,0(x14)	 x14:0x00020000 x15:0x00000020 PA:0x00020000 store:0x00000020 load:0x00000000
        3288000	      1640	0010012a	bfcd	c.j	10011c	
        3292000	      1642	0010011c	00054783	lbu	x15,0(x10)	 x10:0x00100539 x15=0x00000074 PA:0x00100539 load:0x00000074
        3296000	      1644	00100120	e399	c.bnez	x15,100126	 x15:0x00000074
        3300000	      1646	00100126	0505	c.addi	x10,1	 x10:0x00100539 x10=0x0010053a
        3304000	      1648	00100128	c31c	c.sw	x15,0(x14)	 x14:0x00020000 x15:0x00000074 PA:0x00020000 store:0x00000074 load:0x00000000
        3308000	      1650	0010012a	bfcd	c.j	10011c	
        3312000	      1652	0010011c	00054783	lbu	x15,0(x10)	 x10:0x0010053a x15=0x0000006f PA:0x0010053a load:0x0000006f
        3316000	      1654	00100120	e399	c.bnez	x15,100126	 x15:0x0000006f
        3320000	      1656	00100126	0505	c.addi	x10,1	 x10:0x0010053a x10=0x0010053b
        3324000	      1658	00100128	c31c	c.sw	x15,0(x14)	 x14:0x00020000 x15:0x0000006f PA:0x00020000 store:0x0000006f load:0x00000000
        3328000	      1660	0010012a	bfcd	c.j	10011c	
        3332000	      1662	0010011c	00054783	lbu	x15,0(x10)	 x10:0x0010053b x15=0x00000020 PA:0x0010053b load:0x00000020
        3336000	      1664	00100120	e399	c.bnez	x15,100126	 x15:0x00000020
        3340000	      1666	00100126	0505	c.addi	x10,1	 x10:0x0010053b x10=0x0010053c
        3344000	      1668	00100128	c31c	c.sw	x15,0(x14)	 x14:0x00020000 x15:0x00000020 PA:0x00020000 store:0x00000020 load:0x00000000
        3348000	      1670	0010012a	bfcd	c.j	10011c	
        3352000	      1672	0010011c	00054783	lbu	x15,0(x10)	 x10:0x0010053c x15=0x0000006d PA:0x0010053c load:0x0000006d
        3356000	      1674	00100120	e399	c.bnez	x15,100126	 x15:0x0000006d
        3360000	      1676	00100126	0505	c.addi	x10,1	 x10:0x0010053c x10=0x0010053d
        3364000	      1678	00100128	c31c	c.sw	x15,0(x14)	 x14:0x00020000 x15:0x0000006d PA:0x00020000 store:0x0000006d load:0x00000000
        3368000	      1680	0010012a	bfcd	c.j	10011c	
        3372000	      1682	0010011c	00054783	lbu	x15,0(x10)	 x10:0x0010053d x15=0x00000061 PA:0x0010053d load:0x00000061
        3376000	      1684	00100120	e399	c.bnez	x15,100126	 x15:0x00000061
        3380000	      1686	00100126	0505	c.addi	x10,1	 x10:0x0010053d x10=0x0010053e
        3384000	      1688	00100128	c31c	c.sw	x15,0(x14)	 x14:0x00020000 x15:0x00000061 PA:0x00020000 store:0x00000061 load:0x00000000
        3388000	      1690	0010012a	bfcd	c.j	10011c	
        3392000	      1692	0010011c	00054783	lbu	x15,0(x10)	 x10:0x0010053e x15=0x00000078 PA:0x0010053e load:0x00000078
        3396000	      1694	00100120	e399	c.bnez	x15,100126	 x15:0x00000078
        3400000	      1696	00100126	0505	c.addi	x10,1	 x10:0x0010053e x10=0x0010053f
        3404000	      1698	00100128	c31c	c.sw	x15,0(x14)	 x14:0x00020000 x15:0x00000078 PA:0x00020000 store:0x00000078 load:0x00000000
        3408000	      1700	0010012a	bfcd	c.j	10011c	
        3412000	      1702	0010011c	00054783	lbu	x15,0(x10)	 x10:0x0010053f x15=0x0000000a PA:0x0010053f load:0x0000000a
        3416000	      1704	00100120	e399	c.bnez	x15,100126	 x15:0x0000000a
        3420000	      1706	00100126	0505	c.addi	x10,1	 x10:0x0010053f x10=0x00100540
        3424000	      1708	00100128	c31c	c.sw	x15,0(x14)	 x14:0x00020000 x15:0x0000000a PA:0x00020000 store:0x0000000a load:0x00000000
        3428000	      1710	0010012a	bfcd	c.j	10011c	
        3432000	      1712	0010011c	00054783	lbu	x15,0(x10)	 x10:0x00100540 x15=0x00000000 PA:0x00100540 load:0x00000000
        3434000	      1713	00100120	e399	c.bnez	x15,100126	 x15:0x00000000
        3436000	      1714	00100122	4501	c.li	x10,0	 x10=0x00000000
        3440000	      1716	00100124	8082	c.jr	x1	  x1:0x00100440
        3442000	      1717	00100440	00100537	lui	x10,0x100	 x10=0x00100000
        3446000	      1719	00100444	4400	c.lw	x8,8(x8)	  x8:0x00030000  x8=0xffffffff PA:0x00030008 load:0xffffffff
        3448000	      1720	00100446	54450513	addi	x10,x10,1348	 x10:0x00100000 x10=0x00100544
        3452000	      1722	0010044a	31f9	c.jal	100118	  x1=0x0010044c
        3454000	      1723	00100118	00020737	lui	x14,0x20	 x14=0x00020000
        3458000	      1725	0010011c	00054783	lbu	x15,0(x10)	 x10:0x00100544 x15=0x0000004d PA:0x00100544 load:0x0000004d
        3462000	      1727	00100120	e399	c.bnez	x15,100126	 x15:0x0000004d
        3466000	      1729	00100126	0505	c.addi	x10,1	 x10:0x00100544 x10=0x00100545
        3470000	      1731	00100128	c31c	c.sw	x15,0(x14)	 x14:0x00020000 x15:0x0000004d PA:0x00020000 store:0x0000004d load:0x00000000
        3474000	      1733	0010012a	bfcd	c.j	10011c	
        3478000	      1735	0010011c	00054783	lbu	x15,0(x10)	 x10:0x00100545 x15=0x00000054 PA:0x00100545 load:0x00000054
        3482000	      1737	00100120	e399	c.bnez	x15,100126	 x15:0x00000054
        3486000	      1739	00100126	0505	c.addi	x10,1	 x10:0x00100545 x10=0x00100546
        3490000	      1741	00100128	c31c	c.sw	x15,0(x14)	 x14:0x00020000 x15:0x00000054 PA:0x00020000 store:0x00000054 load:0x00000000
        3494000	      1743	0010012a	bfcd	c.j	10011c	
        3498000	      1745	0010011c	00054783	lbu	x15,0(x10)	 x10:0x00100546 x15=0x00000049 PA:0x00100546 load:0x00000049
        3502000	      1747	00100120	e399	c.bnez	x15,100126	 x15:0x00000049
        3506000	      1749	00100126	0505	c.addi	x10,1	 x10:0x00100546 x10=0x00100547
        3510000	      1751	00100128	c31c	c.sw	x15,0(x14)	 x14:0x00020000 x15:0x00000049 PA:0x00020000 store:0x00000049 load:0x00000000
        3514000	      1753	0010012a	bfcd	c.j	10011c	
        3518000	      1755	0010011c	00054783	lbu	x15,0(x10)	 x10:0x00100547 x15=0x0000004d PA:0x00100547 load:0x0000004d
        3522000	      1757	00100120	e399	c.bnez	x15,100126	 x15:0x0000004d
        3526000	      1759	00100126	0505	c.addi	x10,1	 x10:0x00100547 x10=0x00100548
        3530000	      1761	00100128	c31c	c.sw	x15,0(x14)	 x14:0x00020000 x15:0x0000004d PA:0x00020000 store:0x0000004d load:0x00000000
        3534000	      1763	0010012a	bfcd	c.j	10011c	
        3538000	      1765	0010011c	00054783	lbu	x15,0(x10)	 x10:0x00100548 x15=0x00000045 PA:0x00100548 load:0x00000045
        3542000	      1767	00100120	e399	c.bnez	x15,100126	 x15:0x00000045
        3546000	      1769	00100126	0505	c.addi	x10,1	 x10:0x00100548 x10=0x00100549
        3550000	      1771	00100128	c31c	c.sw	x15,0(x14)	 x14:0x00020000 x15:0x00000045 PA:0x00020000 store:0x00000045 load:0x00000000
        3554000	      1773	0010012a	bfcd	c.j	10011c	
        3558000	      1775	0010011c	00054783	lbu	x15,0(x10)	 x10:0x00100549 x15=0x00000043 PA:0x00100549 load:0x00000043
        3562000	      1777	00100120	e399	c.bnez	x15,100126	 x15:0x00000043
        3566000	      1779	00100126	0505	c.addi	x10,1	 x10:0x00100549 x10=0x0010054a
        3570000	      1781	00100128	c31c	c.sw	x15,0(x14)	 x14:0x00020000 x15:0x00000043 PA:0x00020000 store:0x00000043 load:0x00000000
        3574000	      1783	0010012a	bfcd	c.j	10011c	
        3578000	      1785	0010011c	00054783	lbu	x15,0(x10)	 x10:0x0010054a x15=0x0000004d PA:0x0010054a load:0x0000004d
        3582000	      1787	00100120	e399	c.bnez	x15,100126	 x15:0x0000004d
        3586000	      1789	00100126	0505	c.addi	x10,1	 x10:0x0010054a x10=0x0010054b
        3590000	      1791	00100128	c31c	c.sw	x15,0(x14)	 x14:0x00020000 x15:0x0000004d PA:0x00020000 store:0x0000004d load:0x00000000
        3594000	      1793	0010012a	bfcd	c.j	10011c	
        3598000	      1795	0010011c	00054783	lbu	x15,0(x10)	 x10:0x0010054b x15=0x00000050 PA:0x0010054b load:0x00000050
        3602000	      1797	00100120	e399	c.bnez	x15,100126	 x15:0x00000050
        3606000	      1799	00100126	0505	c.addi	x10,1	 x10:0x0010054b x10=0x0010054c
        3610000	      1801	00100128	c31c	c.sw	x15,0(x14)	 x14:0x00020000 x15:0x00000050 PA:0x00020000 store:0x00000050 load:0x00000000
        3614000	      1803	0010012a	bfcd	c.j	10011c	
        3618000	      1805	0010011c	00054783	lbu	x15,0(x10)	 x10:0x0010054c x15=0x0000005f PA:0x0010054c load:0x0000005f
        3622000	      1807	00100120	e399	c.bnez	x15,100126	 x15:0x0000005f
        3626000	      1809	00100126	0505	c.addi	x10,1	 x10:0x0010054c x10=0x0010054d
        3630000	      1811	00100128	c31c	c.sw	x15,0(x14)	 x14:0x00020000 x15:0x0000005f PA:0x00020000 store:0x0000005f load:0x00000000
        3634000	      1813	0010012a	bfcd	c.j	10011c	
        3638000	      1815	0010011c	00054783	lbu	x15,0(x10)	 x10:0x0010054d x15=0x0000004c PA:0x0010054d load:0x0000004c
        3642000	      1817	00100120	e399	c.bnez	x15,100126	 x15:0x0000004c
        3646000	      1819	00100126	0505	c.addi	x10,1	 x10:0x0010054d x10=0x0010054e
        3650000	      1821	00100128	c31c	c.sw	x15,0(x14)	 x14:0x00020000 x15:0x0000004c PA:0x00020000 store:0x0000004c load:0x00000000
        3654000	      1823	0010012a	bfcd	c.j	10011c	
        3658000	      1825	0010011c	00054783	lbu	x15,0(x10)	 x10:0x0010054e x15=0x0000004f PA:0x0010054e load:0x0000004f
        3662000	      1827	00100120	e399	c.bnez	x15,100126	 x15:0x0000004f
        3666000	      1829	00100126	0505	c.addi	x10,1	 x10:0x0010054e x10=0x0010054f
        3670000	      1831	00100128	c31c	c.sw	x15,0(x14)	 x14:0x00020000 x15:0x0000004f PA:0x00020000 store:0x0000004f load:0x00000000
        3674000	      1833	0010012a	bfcd	c.j	10011c	
        3678000	      1835	0010011c	00054783	lbu	x15,0(x10)	 x10:0x0010054f x15=0x0000003a PA:0x0010054f load:0x0000003a
        3682000	      1837	00100120	e399	c.bnez	x15,100126	 x15:0x0000003a
        3686000	      1839	00100126	0505	c.addi	x10,1	 x10:0x0010054f x10=0x00100550
        3690000	      1841	00100128	c31c	c.sw	x15,0(x14)	 x14:0x00020000 x15:0x0000003a PA:0x00020000 store:0x0000003a load:0x00000000
        3694000	      1843	0010012a	bfcd	c.j	10011c	
        3698000	      1845	0010011c	00054783	lbu	x15,0(x10)	 x10:0x00100550 x15=0x00000020 PA:0x00100550 load:0x00000020
        3702000	      1847	00100120	e399	c.bnez	x15,100126	 x15:0x00000020
        3706000	      1849	00100126	0505	c.addi	x10,1	 x10:0x00100550 x10=0x00100551
        3710000	      1851	00100128	c31c	c.sw	x15,0(x14)	 x14:0x00020000 x15:0x00000020 PA:0x00020000 store:0x00000020 load:0x00000000
        3714000	      1853	0010012a	bfcd	c.j	10011c	
        3718000	      1855	0010011c	00054783	lbu	x15,0(x10)	 x10:0x00100551 x15=0x00000030 PA:0x00100551 load:0x00000030
        3722000	      1857	00100120	e399	c.bnez	x15,100126	 x15:0x00000030
        3726000	      1859	00100126	0505	c.addi	x10,1	 x10:0x00100551 x10=0x00100552
        3730000	      1861	00100128	c31c	c.sw	x15,0(x14)	 x14:0x00020000 x15:0x00000030 PA:0x00020000 store:0x00000030 load:0x00000000
        3734000	      1863	0010012a	bfcd	c.j	10011c	
        3738000	      1865	0010011c	00054783	lbu	x15,0(x10)	 x10:0x00100552 x15=0x00000078 PA:0x00100552 load:0x00000078
        3742000	      1867	00100120	e399	c.bnez	x15,100126	 x15:0x00000078
        3746000	      1869	00100126	0505	c.addi	x10,1	 x10:0x00100552 x10=0x00100553
        3750000	      1871	00100128	c31c	c.sw	x15,0(x14)	 x14:0x00020000 x15:0x00000078 PA:0x00020000 store:0x00000078 load:0x00000000
        3754000	      1873	0010012a	bfcd	c.j	10011c	
        3758000	      1875	0010011c	00054783	lbu	x15,0(x10)	 x10:0x00100553 x15=0x00000000 PA:0x00100553 load:0x00000000
        3760000	      1876	00100120	e399	c.bnez	x15,100126	 x15:0x00000000
        3762000	      1877	00100122	4501	c.li	x10,0	 x10=0x00000000
        3766000	      1879	00100124	8082	c.jr	x1	  x1:0x0010044c
        3768000	      1880	0010044c	8522	c.mv	x10,x8	  x0:0x00000000  x8:0xffffffff x10=0xffffffff
        3772000	      1882	0010044e	39f9	c.jal	10012c	  x1=0x00100450
        3774000	      1883	0010012c	4721	c.li	x14,8	 x14=0x00000008
        3776000	      1884	0010012e	4625	c.li	x12,9	 x12=0x00000009
        3778000	      1885	00100130	000206b7	lui	x13,0x20	 x13=0x00020000
        3780000	      1886	00100134	01c55793	srli	x15,x10,0x1c	 x10:0xffffffff x15=0x0000000f
        3784000	      1888	00100138	00f66963	bltu	x12,x15,10014a	 x12:0x00000009 x15:0x0000000f
        3790000	      1891	0010014a	03778793	addi	x15,x15,55	 x15:0x0000000f x15=0x00000046
        3794000	      1893	0010014e	bfcd	c.j	100140	
        3798000	      1895	00100140	c29c	c.sw	x15,0(x13)	 x13:0x00020000 x15:0x00000046 PA:0x00020000 store:0x00000046 load:0x00000000
        3800000	      1896	00100142	177d	c.addi	x14,-1	 x14:0x00000008 x14=0x00000007
        3802000	      1897	00100144	0512	c.slli	x10,0x4	 x10:0xffffffff x10=0xfffffff0
        3806000	      1899	00100146	f77d	c.bnez	x14,100134	 x14:0x00000007
        3810000	      1901	00100134	01c55793	srli	x15,x10,0x1c	 x10:0xfffffff0 x15=0x0000000f
        3814000	      1903	00100138	00f66963	bltu	x12,x15,10014a	 x12:0x00000009 x15:0x0000000f
        3820000	      1906	0010014a	03778793	addi	x15,x15,55	 x15:0x0000000f x15=0x00000046
        3824000	      1908	0010014e	bfcd	c.j	100140	
        3828000	      1910	00100140	c29c	c.sw	x15,0(x13)	 x13:0x00020000 x15:0x00000046 PA:0x00020000 store:0x00000046 load:0x00000000
        3830000	      1911	00100142	177d	c.addi	x14,-1	 x14:0x00000007 x14=0x00000006
        3832000	      1912	00100144	0512	c.slli	x10,0x4	 x10:0xfffffff0 x10=0xffffff00
        3836000	      1914	00100146	f77d	c.bnez	x14,100134	 x14:0x00000006
        3840000	      1916	00100134	01c55793	srli	x15,x10,0x1c	 x10:0xffffff00 x15=0x0000000f
        3844000	      1918	00100138	00f66963	bltu	x12,x15,10014a	 x12:0x00000009 x15:0x0000000f
        3850000	      1921	0010014a	03778793	addi	x15,x15,55	 x15:0x0000000f x15=0x00000046
        3854000	      1923	0010014e	bfcd	c.j	100140	
        3858000	      1925	00100140	c29c	c.sw	x15,0(x13)	 x13:0x00020000 x15:0x00000046 PA:0x00020000 store:0x00000046 load:0x00000000
        3860000	      1926	00100142	177d	c.addi	x14,-1	 x14:0x00000006 x14=0x00000005
        3862000	      1927	00100144	0512	c.slli	x10,0x4	 x10:0xffffff00 x10=0xfffff000
        3866000	      1929	00100146	f77d	c.bnez	x14,100134	 x14:0x00000005
        3870000	      1931	00100134	01c55793	srli	x15,x10,0x1c	 x10:0xfffff000 x15=0x0000000f
        3874000	      1933	00100138	00f66963	bltu	x12,x15,10014a	 x12:0x00000009 x15:0x0000000f
        3880000	      1936	0010014a	03778793	addi	x15,x15,55	 x15:0x0000000f x15=0x00000046
        3884000	      1938	0010014e	bfcd	c.j	100140	
        3888000	      1940	00100140	c29c	c.sw	x15,0(x13)	 x13:0x00020000 x15:0x00000046 PA:0x00020000 store:0x00000046 load:0x00000000
        3890000	      1941	00100142	177d	c.addi	x14,-1	 x14:0x00000005 x14=0x00000004
        3892000	      1942	00100144	0512	c.slli	x10,0x4	 x10:0xfffff000 x10=0xffff0000
        3896000	      1944	00100146	f77d	c.bnez	x14,100134	 x14:0x00000004
        3900000	      1946	00100134	01c55793	srli	x15,x10,0x1c	 x10:0xffff0000 x15=0x0000000f
        3904000	      1948	00100138	00f66963	bltu	x12,x15,10014a	 x12:0x00000009 x15:0x0000000f
        3910000	      1951	0010014a	03778793	addi	x15,x15,55	 x15:0x0000000f x15=0x00000046
        3914000	      1953	0010014e	bfcd	c.j	100140	
        3918000	      1955	00100140	c29c	c.sw	x15,0(x13)	 x13:0x00020000 x15:0x00000046 PA:0x00020000 store:0x00000046 load:0x00000000
        3920000	      1956	00100142	177d	c.addi	x14,-1	 x14:0x00000004 x14=0x00000003
        3922000	      1957	00100144	0512	c.slli	x10,0x4	 x10:0xffff0000 x10=0xfff00000
        3926000	      1959	00100146	f77d	c.bnez	x14,100134	 x14:0x00000003
        3930000	      1961	00100134	01c55793	srli	x15,x10,0x1c	 x10:0xfff00000 x15=0x0000000f
        3934000	      1963	00100138	00f66963	bltu	x12,x15,10014a	 x12:0x00000009 x15:0x0000000f
        3940000	      1966	0010014a	03778793	addi	x15,x15,55	 x15:0x0000000f x15=0x00000046
        3944000	      1968	0010014e	bfcd	c.j	100140	
        3948000	      1970	00100140	c29c	c.sw	x15,0(x13)	 x13:0x00020000 x15:0x00000046 PA:0x00020000 store:0x00000046 load:0x00000000
        3950000	      1971	00100142	177d	c.addi	x14,-1	 x14:0x00000003 x14=0x00000002
        3952000	      1972	00100144	0512	c.slli	x10,0x4	 x10:0xfff00000 x10=0xff000000
        3956000	      1974	00100146	f77d	c.bnez	x14,100134	 x14:0x00000002
        3960000	      1976	00100134	01c55793	srli	x15,x10,0x1c	 x10:0xff000000 x15=0x0000000f
        3964000	      1978	00100138	00f66963	bltu	x12,x15,10014a	 x12:0x00000009 x15:0x0000000f
        3970000	      1981	0010014a	03778793	addi	x15,x15,55	 x15:0x0000000f x15=0x00000046
        3974000	      1983	0010014e	bfcd	c.j	100140	
        3978000	      1985	00100140	c29c	c.sw	x15,0(x13)	 x13:0x00020000 x15:0x00000046 PA:0x00020000 store:0x00000046 load:0x00000000
        3980000	      1986	00100142	177d	c.addi	x14,-1	 x14:0x00000002 x14=0x00000001
        3982000	      1987	00100144	0512	c.slli	x10,0x4	 x10:0xff000000 x10=0xf0000000
        3986000	      1989	00100146	f77d	c.bnez	x14,100134	 x14:0x00000001
        3990000	      1991	00100134	01c55793	srli	x15,x10,0x1c	 x10:0xf0000000 x15=0x0000000f
        3994000	      1993	00100138	00f66963	bltu	x12,x15,10014a	 x12:0x00000009 x15:0x0000000f
        4000000	      1996	0010014a	03778793	addi	x15,x15,55	 x15:0x0000000f x15=0x00000046
        4004000	      1998	0010014e	bfcd	c.j	100140	
        4008000	      2000	00100140	c29c	c.sw	x15,0(x13)	 x13:0x00020000 x15:0x00000046 PA:0x00020000 store:0x00000046 load:0x00000000
        4010000	      2001	00100142	177d	c.addi	x14,-1	 x14:0x00000001 x14=0x00000000
        4012000	      2002	00100144	0512	c.slli	x10,0x4	 x10:0xf0000000 x10=0x00000000
        4014000	      2003	00100146	f77d	c.bnez	x14,100134	 x14:0x00000000
        4018000	      2005	00100148	8082	c.jr	x1	  x1:0x00100450
        4020000	      2006	00100450	4529	c.li	x10,10	 x10=0x0000000a
        4024000	      2008	00100452	396d	c.jal	10010c	  x1=0x00100454
        4026000	      2009	0010010c	0ff57793	andi	x15,x10,255	 x10:0x0000000a x15=0x0000000a
        4028000	      2010	00100110	00020737	lui	x14,0x20	 x14=0x00020000
        4032000	      2012	00100114	c31c	c.sw	x15,0(x14)	 x14:0x00020000 x15:0x0000000a PA:0x00020000 store:0x0000000a load:0x00000000
        4036000	      2014	00100116	8082	c.jr	x1	  x1:0x00100454
        4038000	      2015	00100454	00100537	lui	x10,0x100	 x10=0x00100000
        4040000	      2016	00100458	55450513	addi	x10,x10,1364	 x10:0x00100000 x10=0x00100554
        4044000	      2018	0010045c	3975	c.jal	100118	  x1=0x0010045e
        4046000	      2019	00100118	00020737	lui	x14,0x20	 x14=0x00020000
        4050000	      2021	0010011c	00054783	lbu	x15,0(x10)	 x10:0x00100554 x15=0x00000050 PA:0x00100554 load:0x00000050
        4054000	      2023	00100120	e399	c.bnez	x15,100126	 x15:0x00000050
        4058000	      2025	00100126	0505	c.addi	x10,1	 x10:0x00100554 x10=0x00100555
        4062000	      2027	00100128	c31c	c.sw	x15,0(x14)	 x14:0x00020000 x15:0x00000050 PA:0x00020000 store:0x00000050 load:0x00000000
        4066000	      2029	0010012a	bfcd	c.j	10011c	
        4070000	      2031	0010011c	00054783	lbu	x15,0(x10)	 x10:0x00100555 x15=0x00000041 PA:0x00100555 load:0x00000041
        4074000	      2033	00100120	e399	c.bnez	x15,100126	 x15:0x00000041
        4078000	      2035	00100126	0505	c.addi	x10,1	 x10:0x00100555 x10=0x00100556
        4082000	      2037	00100128	c31c	c.sw	x15,0(x14)	 x14:0x00020000 x15:0x00000041 PA:0x00020000 store:0x00000041 load:0x00000000
        4086000	      2039	0010012a	bfcd	c.j	10011c	
        4090000	      2041	0010011c	00054783	lbu	x15,0(x10)	 x10:0x00100556 x15=0x00000053 PA:0x00100556 load:0x00000053
        4094000	      2043	00100120	e399	c.bnez	x15,100126	 x15:0x00000053
        4098000	      2045	00100126	0505	c.addi	x10,1	 x10:0x00100556 x10=0x00100557
        4102000	      2047	00100128	c31c	c.sw	x15,0(x14)	 x14:0x00020000 x15:0x00000053 PA:0x00020000 store:0x00000053 load:0x00000000
        4106000	      2049	0010012a	bfcd	c.j	10011c	
        4110000	      2051	0010011c	00054783	lbu	x15,0(x10)	 x10:0x00100557 x15=0x00000053 PA:0x00100557 load:0x00000053
        4114000	      2053	00100120	e399	c.bnez	x15,100126	 x15:0x00000053
        4118000	      2055	00100126	0505	c.addi	x10,1	 x10:0x00100557 x10=0x00100558
        4122000	      2057	00100128	c31c	c.sw	x15,0(x14)	 x14:0x00020000 x15:0x00000053 PA:0x00020000 store:0x00000053 load:0x00000000
        4126000	      2059	0010012a	bfcd	c.j	10011c	
        4130000	      2061	0010011c	00054783	lbu	x15,0(x10)	 x10:0x00100558 x15=0x0000003a PA:0x00100558 load:0x0000003a
        4134000	      2063	00100120	e399	c.bnez	x15,100126	 x15:0x0000003a
        4138000	      2065	00100126	0505	c.addi	x10,1	 x10:0x00100558 x10=0x00100559
        4142000	      2067	00100128	c31c	c.sw	x15,0(x14)	 x14:0x00020000 x15:0x0000003a PA:0x00020000 store:0x0000003a load:0x00000000
        4146000	      2069	0010012a	bfcd	c.j	10011c	
        4150000	      2071	0010011c	00054783	lbu	x15,0(x10)	 x10:0x00100559 x15=0x00000020 PA:0x00100559 load:0x00000020
        4154000	      2073	00100120	e399	c.bnez	x15,100126	 x15:0x00000020
        4158000	      2075	00100126	0505	c.addi	x10,1	 x10:0x00100559 x10=0x0010055a
        4162000	      2077	00100128	c31c	c.sw	x15,0(x14)	 x14:0x00020000 x15:0x00000020 PA:0x00020000 store:0x00000020 load:0x00000000
        4166000	      2079	0010012a	bfcd	c.j	10011c	
        4170000	      2081	0010011c	00054783	lbu	x15,0(x10)	 x10:0x0010055a x15=0x00000054 PA:0x0010055a load:0x00000054
        4174000	      2083	00100120	e399	c.bnez	x15,100126	 x15:0x00000054
        4178000	      2085	00100126	0505	c.addi	x10,1	 x10:0x0010055a x10=0x0010055b
        4182000	      2087	00100128	c31c	c.sw	x15,0(x14)	 x14:0x00020000 x15:0x00000054 PA:0x00020000 store:0x00000054 load:0x00000000
        4186000	      2089	0010012a	bfcd	c.j	10011c	
        4190000	      2091	0010011c	00054783	lbu	x15,0(x10)	 x10:0x0010055b x15=0x00000069 PA:0x0010055b load:0x00000069
        4194000	      2093	00100120	e399	c.bnez	x15,100126	 x15:0x00000069
        4198000	      2095	00100126	0505	c.addi	x10,1	 x10:0x0010055b x10=0x0010055c
        4202000	      2097	00100128	c31c	c.sw	x15,0(x14)	 x14:0x00020000 x15:0x00000069 PA:0x00020000 store:0x00000069 load:0x00000000
        4206000	      2099	0010012a	bfcd	c.j	10011c	
        4210000	      2101	0010011c	00054783	lbu	x15,0(x10)	 x10:0x0010055c x15=0x0000006d PA:0x0010055c load:0x0000006d
        4214000	      2103	00100120	e399	c.bnez	x15,100126	 x15:0x0000006d
        4218000	      2105	00100126	0505	c.addi	x10,1	 x10:0x0010055c x10=0x0010055d
        4222000	      2107	00100128	c31c	c.sw	x15,0(x14)	 x14:0x00020000 x15:0x0000006d PA:0x00020000 store:0x0000006d load:0x00000000
        4226000	      2109	0010012a	bfcd	c.j	10011c	
        4230000	      2111	0010011c	00054783	lbu	x15,0(x10)	 x10:0x0010055d x15=0x00000065 PA:0x0010055d load:0x00000065
        4234000	      2113	00100120	e399	c.bnez	x15,100126	 x15:0x00000065
        4238000	      2115	00100126	0505	c.addi	x10,1	 x10:0x0010055d x10=0x0010055e
        4242000	      2117	00100128	c31c	c.sw	x15,0(x14)	 x14:0x00020000 x15:0x00000065 PA:0x00020000 store:0x00000065 load:0x00000000
        4246000	      2119	0010012a	bfcd	c.j	10011c	
        4250000	      2121	0010011c	00054783	lbu	x15,0(x10)	 x10:0x0010055e x15=0x00000072 PA:0x0010055e load:0x00000072
        4254000	      2123	00100120	e399	c.bnez	x15,100126	 x15:0x00000072
        4258000	      2125	00100126	0505	c.addi	x10,1	 x10:0x0010055e x10=0x0010055f
        4262000	      2127	00100128	c31c	c.sw	x15,0(x14)	 x14:0x00020000 x15:0x00000072 PA:0x00020000 store:0x00000072 load:0x00000000
        4266000	      2129	0010012a	bfcd	c.j	10011c	
        4270000	      2131	0010011c	00054783	lbu	x15,0(x10)	 x10:0x0010055f x15=0x00000020 PA:0x0010055f load:0x00000020
        4274000	      2133	00100120	e399	c.bnez	x15,100126	 x15:0x00000020
        4278000	      2135	00100126	0505	c.addi	x10,1	 x10:0x0010055f x10=0x00100560
        4282000	      2137	00100128	c31c	c.sw	x15,0(x14)	 x14:0x00020000 x15:0x00000020 PA:0x00020000 store:0x00000020 load:0x00000000
        4286000	      2139	0010012a	bfcd	c.j	10011c	
        4290000	      2141	0010011c	00054783	lbu	x15,0(x10)	 x10:0x00100560 x15=0x00000061 PA:0x00100560 load:0x00000061
        4294000	      2143	00100120	e399	c.bnez	x15,100126	 x15:0x00000061
        4298000	      2145	00100126	0505	c.addi	x10,1	 x10:0x00100560 x10=0x00100561
        4302000	      2147	00100128	c31c	c.sw	x15,0(x14)	 x14:0x00020000 x15:0x00000061 PA:0x00020000 store:0x00000061 load:0x00000000
        4306000	      2149	0010012a	bfcd	c.j	10011c	
        4310000	      2151	0010011c	00054783	lbu	x15,0(x10)	 x10:0x00100561 x15=0x00000063 PA:0x00100561 load:0x00000063
        4314000	      2153	00100120	e399	c.bnez	x15,100126	 x15:0x00000063
        4318000	      2155	00100126	0505	c.addi	x10,1	 x10:0x00100561 x10=0x00100562
        4322000	      2157	00100128	c31c	c.sw	x15,0(x14)	 x14:0x00020000 x15:0x00000063 PA:0x00020000 store:0x00000063 load:0x00000000
        4326000	      2159	0010012a	bfcd	c.j	10011c	
        4330000	      2161	0010011c	00054783	lbu	x15,0(x10)	 x10:0x00100562 x15=0x00000063 PA:0x00100562 load:0x00000063
        4334000	      2163	00100120	e399	c.bnez	x15,100126	 x15:0x00000063
        4338000	      2165	00100126	0505	c.addi	x10,1	 x10:0x00100562 x10=0x00100563
        4342000	      2167	00100128	c31c	c.sw	x15,0(x14)	 x14:0x00020000 x15:0x00000063 PA:0x00020000 store:0x00000063 load:0x00000000
        4346000	      2169	0010012a	bfcd	c.j	10011c	
        4350000	      2171	0010011c	00054783	lbu	x15,0(x10)	 x10:0x00100563 x15=0x00000065 PA:0x00100563 load:0x00000065
        4354000	      2173	00100120	e399	c.bnez	x15,100126	 x15:0x00000065
        4358000	      2175	00100126	0505	c.addi	x10,1	 x10:0x00100563 x10=0x00100564
        4362000	      2177	00100128	c31c	c.sw	x15,0(x14)	 x14:0x00020000 x15:0x00000065 PA:0x00020000 store:0x00000065 load:0x00000000
        4366000	      2179	0010012a	bfcd	c.j	10011c	
        4370000	      2181	0010011c	00054783	lbu	x15,0(x10)	 x10:0x00100564 x15=0x00000073 PA:0x00100564 load:0x00000073
        4374000	      2183	00100120	e399	c.bnez	x15,100126	 x15:0x00000073
        4378000	      2185	00100126	0505	c.addi	x10,1	 x10:0x00100564 x10=0x00100565
        4382000	      2187	00100128	c31c	c.sw	x15,0(x14)	 x14:0x00020000 x15:0x00000073 PA:0x00020000 store:0x00000073 load:0x00000000
        4386000	      2189	0010012a	bfcd	c.j	10011c	
        4390000	      2191	0010011c	00054783	lbu	x15,0(x10)	 x10:0x00100565 x15=0x00000073 PA:0x00100565 load:0x00000073
        4394000	      2193	00100120	e399	c.bnez	x15,100126	 x15:0x00000073
        4398000	      2195	00100126	0505	c.addi	x10,1	 x10:0x00100565 x10=0x00100566
        4402000	      2197	00100128	c31c	c.sw	x15,0(x14)	 x14:0x00020000 x15:0x00000073 PA:0x00020000 store:0x00000073 load:0x00000000
        4406000	      2199	0010012a	bfcd	c.j	10011c	
        4410000	      2201	0010011c	00054783	lbu	x15,0(x10)	 x10:0x00100566 x15=0x00000020 PA:0x00100566 load:0x00000020
        4414000	      2203	00100120	e399	c.bnez	x15,100126	 x15:0x00000020
        4418000	      2205	00100126	0505	c.addi	x10,1	 x10:0x00100566 x10=0x00100567
        4422000	      2207	00100128	c31c	c.sw	x15,0(x14)	 x14:0x00020000 x15:0x00000020 PA:0x00020000 store:0x00000020 load:0x00000000
        4426000	      2209	0010012a	bfcd	c.j	10011c	
        4430000	      2211	0010011c	00054783	lbu	x15,0(x10)	 x10:0x00100567 x15=0x00000077 PA:0x00100567 load:0x00000077
        4434000	      2213	00100120	e399	c.bnez	x15,100126	 x15:0x00000077
        4438000	      2215	00100126	0505	c.addi	x10,1	 x10:0x00100567 x10=0x00100568
        4442000	      2217	00100128	c31c	c.sw	x15,0(x14)	 x14:0x00020000 x15:0x00000077 PA:0x00020000 store:0x00000077 load:0x00000000
        4446000	      2219	0010012a	bfcd	c.j	10011c	
        4450000	      2221	0010011c	00054783	lbu	x15,0(x10)	 x10:0x00100568 x15=0x0000006f PA:0x00100568 load:0x0000006f
        4454000	      2223	00100120	e399	c.bnez	x15,100126	 x15:0x0000006f
        4458000	      2225	00100126	0505	c.addi	x10,1	 x10:0x00100568 x10=0x00100569
        4462000	      2227	00100128	c31c	c.sw	x15,0(x14)	 x14:0x00020000 x15:0x0000006f PA:0x00020000 store:0x0000006f load:0x00000000
        4466000	      2229	0010012a	bfcd	c.j	10011c	
        4470000	      2231	0010011c	00054783	lbu	x15,0(x10)	 x10:0x00100569 x15=0x00000072 PA:0x00100569 load:0x00000072
        4474000	      2233	00100120	e399	c.bnez	x15,100126	 x15:0x00000072
        4478000	      2235	00100126	0505	c.addi	x10,1	 x10:0x00100569 x10=0x0010056a
        4482000	      2237	00100128	c31c	c.sw	x15,0(x14)	 x14:0x00020000 x15:0x00000072 PA:0x00020000 store:0x00000072 load:0x00000000
        4486000	      2239	0010012a	bfcd	c.j	10011c	
        4490000	      2241	0010011c	00054783	lbu	x15,0(x10)	 x10:0x0010056a x15=0x0000006b PA:0x0010056a load:0x0000006b
        4494000	      2243	00100120	e399	c.bnez	x15,100126	 x15:0x0000006b
        4498000	      2245	00100126	0505	c.addi	x10,1	 x10:0x0010056a x10=0x0010056b
        4502000	      2247	00100128	c31c	c.sw	x15,0(x14)	 x14:0x00020000 x15:0x0000006b PA:0x00020000 store:0x0000006b load:0x00000000
        4506000	      2249	0010012a	bfcd	c.j	10011c	
        4510000	      2251	0010011c	00054783	lbu	x15,0(x10)	 x10:0x0010056b x15=0x00000073 PA:0x0010056b load:0x00000073
        4514000	      2253	00100120	e399	c.bnez	x15,100126	 x15:0x00000073
        4518000	      2255	00100126	0505	c.addi	x10,1	 x10:0x0010056b x10=0x0010056c
        4522000	      2257	00100128	c31c	c.sw	x15,0(x14)	 x14:0x00020000 x15:0x00000073 PA:0x00020000 store:0x00000073 load:0x00000000
        4526000	      2259	0010012a	bfcd	c.j	10011c	
        4530000	      2261	0010011c	00054783	lbu	x15,0(x10)	 x10:0x0010056c x15=0x00000021 PA:0x0010056c load:0x00000021
        4534000	      2263	00100120	e399	c.bnez	x15,100126	 x15:0x00000021
        4538000	      2265	00100126	0505	c.addi	x10,1	 x10:0x0010056c x10=0x0010056d
        4542000	      2267	00100128	c31c	c.sw	x15,0(x14)	 x14:0x00020000 x15:0x00000021 PA:0x00020000 store:0x00000021 load:0x00000000
        4546000	      2269	0010012a	bfcd	c.j	10011c	
        4550000	      2271	0010011c	00054783	lbu	x15,0(x10)	 x10:0x0010056d x15=0x0000000a PA:0x0010056d load:0x0000000a
        4554000	      2273	00100120	e399	c.bnez	x15,100126	 x15:0x0000000a
        4558000	      2275	00100126	0505	c.addi	x10,1	 x10:0x0010056d x10=0x0010056e
        4562000	      2277	00100128	c31c	c.sw	x15,0(x14)	 x14:0x00020000 x15:0x0000000a PA:0x00020000 store:0x0000000a load:0x00000000
        4566000	      2279	0010012a	bfcd	c.j	10011c	
        4570000	      2281	0010011c	00054783	lbu	x15,0(x10)	 x10:0x0010056e x15=0x00000000 PA:0x0010056e load:0x00000000
        4572000	      2282	00100120	e399	c.bnez	x15,100126	 x15:0x00000000
        4574000	      2283	00100122	4501	c.li	x10,0	 x10=0x00000000
        4578000	      2285	00100124	8082	c.jr	x1	  x1:0x0010045e
        4582000	      2287	0010045e	39cd	c.jal	100150	  x1=0x00100460
        4584000	      2288	00100150	000207b7	lui	x15,0x20	 x15=0x00020000
        4586000	      2289	00100154	4705	c.li	x14,1	 x14=0x00000001
