core   0: 0x80000080 (0x40001337) lui     t1, 0x40001
core   0: 3 0x80000080 (0x40001337) x6  0x40001000
core   0: 0x80000084 (0x10630313) addi    t1, t1, 262
core   0: 3 0x80000084 (0x10630313) x6  0x40001106
core   0: 0x80000088 (0x30131073) csrw    misa, t1
core   0: 3 0x80000088 (0x30131073) c769_misa 0x40901104
core   0: 0x8000008c (0x0004d717) auipc   a4, 0x4d
core   0: 3 0x8000008c (0x0004d717) x14 0x8004d08c
core   0: 0x80000090 (0xc5870713) addi    a4, a4, -936
core   0: 3 0x80000090 (0xc5870713) x14 0x8004cce4
core   0: 0x80000094 (0x00002317) auipc   t1, 0x2
core   0: 3 0x80000094 (0x00002317) x6  0x80002094
core   0: 0x80000098 (0x46c30313) addi    t1, t1, 1132
core   0: 3 0x80000098 (0x46c30313) x6  0x80002500
core   0: 0x8000009c (0x00136313) ori     t1, t1, 1
core   0: 3 0x8000009c (0x00136313) x6  0x80002501
core   0: 0x800000a0 (0x30531073) csrw    mtvec, t1
core   0: 3 0x800000a0 (0x30531073) c773_mtvec 0x80002501
core   0: 0x800000a4 (0x74725073) csrwi   mseccfg, 4
core   0: 3 0x800000a4 (0x74725073) c1863_mseccfg 0x00000004
core   0: 0x800000a8 (0x00003117) auipc   sp, 0x3
core   0: 3 0x800000a8 (0x00003117) x2  0x800030a8
core   0: 0x800000ac (0x1fc10113) addi    sp, sp, 508
core   0: 3 0x800000ac (0x1fc10113) x2  0x800032a4
core   0: 0x800000b0 (0x00004301) c.li    t1, 0
core   0: 3 0x800000b0 (0x4301) x6  0x00000000
core   0: 0x800000b2 (0x0000911a) c.add   sp, t1
core   0: 3 0x800000b2 (0x911a) x2  0x800032a4
core   0: 0x800000b4 (0x00215113) srli    sp, sp, 2
core   0: 3 0x800000b4 (0x00215113) x2  0x20000ca9
core   0: 0x800000b8 (0x3b011073) csrw    pmpaddr0, sp
core   0: 3 0x800000b8 (0x3b011073) c944_pmpaddr0 0x20000ca9
core   0: 0x800000bc (0x00003117) auipc   sp, 0x3
core   0: 3 0x800000bc (0x00003117) x2  0x800030bc
core   0: 0x800000c0 (0x1e810113) addi    sp, sp, 488
core   0: 3 0x800000c0 (0x1e810113) x2  0x800032a4
core   0: 0x800000c4 (0x11111337) lui     t1, 0x11111
core   0: 3 0x800000c4 (0x11111337) x6  0x11111000
core   0: 0x800000c8 (0x11130313) addi    t1, t1, 273
core   0: 3 0x800000c8 (0x11130313) x6  0x11111111
core   0: 0x800000cc (0x0000911a) c.add   sp, t1
core   0: 3 0x800000cc (0x911a) x2  0x911143b5
core   0: 0x800000ce (0x00215113) srli    sp, sp, 2
core   0: 3 0x800000ce (0x00215113) x2  0x244450ed
core   0: 0x800000d2 (0x3b111073) csrw    pmpaddr1, sp
core   0: 3 0x800000d2 (0x3b111073) c945_pmpaddr1 0x244450ed
core   0: 0x800000d6 (0x00003117) auipc   sp, 0x3
core   0: 3 0x800000d6 (0x00003117) x2  0x800030d6
core   0: 0x800000da (0x1ce10113) addi    sp, sp, 462
core   0: 3 0x800000da (0x1ce10113) x2  0x800032a4
core   0: 0x800000de (0x22222337) lui     t1, 0x22222
core   0: 3 0x800000de (0x22222337) x6  0x22222000
core   0: 0x800000e2 (0x22230313) addi    t1, t1, 546
core   0: 3 0x800000e2 (0x22230313) x6  0x22222222
core   0: 0x800000e6 (0x0000911a) c.add   sp, t1
core   0: 3 0x800000e6 (0x911a) x2  0xa22254c6
core   0: 0x800000e8 (0x00215113) srli    sp, sp, 2
core   0: 3 0x800000e8 (0x00215113) x2  0x28889531
core   0: 0x800000ec (0x3b211073) csrw    pmpaddr2, sp
core   0: 3 0x800000ec (0x3b211073) c946_pmpaddr2 0x28889531
core   0: 0x800000f0 (0x00003117) auipc   sp, 0x3
core   0: 3 0x800000f0 (0x00003117) x2  0x800030f0
core   0: 0x800000f4 (0x1b410113) addi    sp, sp, 436
core   0: 3 0x800000f4 (0x1b410113) x2  0x800032a4
core   0: 0x800000f8 (0x33333337) lui     t1, 0x33333
core   0: 3 0x800000f8 (0x33333337) x6  0x33333000
core   0: 0x800000fc (0x33330313) addi    t1, t1, 819
core   0: 3 0x800000fc (0x33330313) x6  0x33333333
core   0: 0x80000100 (0x0000911a) c.add   sp, t1
core   0: 3 0x80000100 (0x911a) x2  0xb33365d7
core   0: 0x80000102 (0x00215113) srli    sp, sp, 2
core   0: 3 0x80000102 (0x00215113) x2  0x2cccd975
core   0: 0x80000106 (0x3b311073) csrw    pmpaddr3, sp
core   0: 3 0x80000106 (0x3b311073) c947_pmpaddr3 0x2cccd975
core   0: 0x8000010a (0x0f0f1137) lui     sp, 0xf0f1
core   0: 3 0x8000010a (0x0f0f1137) x2  0x0f0f1000
core   0: 0x8000010e (0xf0f10113) addi    sp, sp, -241
core   0: 3 0x8000010e (0xf0f10113) x2  0x0f0f0f0f
core   0: 0x80000112 (0x3a011073) csrw    pmpcfg0, sp
core   0: 3 0x80000112 (0x3a011073) c928_pmpcfg0 0x0f0f0f0f
core   0: 0x80000116 (0x00003117) auipc   sp, 0x3
core   0: 3 0x80000116 (0x00003117) x2  0x80003116
core   0: 0x8000011a (0x18e10113) addi    sp, sp, 398
core   0: 3 0x8000011a (0x18e10113) x2  0x800032a4
core   0: 0x8000011e (0x44444337) lui     t1, 0x44444
core   0: 3 0x8000011e (0x44444337) x6  0x44444000
core   0: 0x80000122 (0x44430313) addi    t1, t1, 1092
core   0: 3 0x80000122 (0x44430313) x6  0x44444444
core   0: 0x80000126 (0x0000911a) c.add   sp, t1
core   0: 3 0x80000126 (0x911a) x2  0xc44476e8
core   0: 0x80000128 (0x00215113) srli    sp, sp, 2
core   0: 3 0x80000128 (0x00215113) x2  0x31111dba
core   0: 0x8000012c (0x3b411073) csrw    pmpaddr4, sp
core   0: 3 0x8000012c (0x3b411073) c948_pmpaddr4 0x31111dba
core   0: 0x80000130 (0x00003117) auipc   sp, 0x3
core   0: 3 0x80000130 (0x00003117) x2  0x80003130
core   0: 0x80000134 (0x17410113) addi    sp, sp, 372
core   0: 3 0x80000134 (0x17410113) x2  0x800032a4
core   0: 0x80000138 (0x55555337) lui     t1, 0x55555
core   0: 3 0x80000138 (0x55555337) x6  0x55555000
core   0: 0x8000013c (0x55530313) addi    t1, t1, 1365
core   0: 3 0x8000013c (0x55530313) x6  0x55555555
core   0: 0x80000140 (0x0000911a) c.add   sp, t1
core   0: 3 0x80000140 (0x911a) x2  0xd55587f9
core   0: 0x80000142 (0x00215113) srli    sp, sp, 2
core   0: 3 0x80000142 (0x00215113) x2  0x355561fe
core   0: 0x80000146 (0x3b511073) csrw    pmpaddr5, sp
core   0: 3 0x80000146 (0x3b511073) c949_pmpaddr5 0x355561fe
core   0: 0x8000014a (0x00003117) auipc   sp, 0x3
core   0: 3 0x8000014a (0x00003117) x2  0x8000314a
core   0: 0x8000014e (0x15a10113) addi    sp, sp, 346
core   0: 3 0x8000014e (0x15a10113) x2  0x800032a4
core   0: 0x80000152 (0x66666337) lui     t1, 0x66666
core   0: 3 0x80000152 (0x66666337) x6  0x66666000
core   0: 0x80000156 (0x66630313) addi    t1, t1, 1638
core   0: 3 0x80000156 (0x66630313) x6  0x66666666
core   0: 0x8000015a (0x0000911a) c.add   sp, t1
core   0: 3 0x8000015a (0x911a) x2  0xe666990a
core   0: 0x8000015c (0x00215113) srli    sp, sp, 2
core   0: 3 0x8000015c (0x00215113) x2  0x3999a642
core   0: 0x80000160 (0x3b611073) csrw    pmpaddr6, sp
core   0: 3 0x80000160 (0x3b611073) c950_pmpaddr6 0x3999a642
core   0: 0x80000164 (0x00003117) auipc   sp, 0x3
core   0: 3 0x80000164 (0x00003117) x2  0x80003164
core   0: 0x80000168 (0x14010113) addi    sp, sp, 320
core   0: 3 0x80000168 (0x14010113) x2  0x800032a4
core   0: 0x8000016c (0x77777337) lui     t1, 0x77777
core   0: 3 0x8000016c (0x77777337) x6  0x77777000
core   0: 0x80000170 (0x77730313) addi    t1, t1, 1911
core   0: 3 0x80000170 (0x77730313) x6  0x77777777
core   0: 0x80000174 (0x0000911a) c.add   sp, t1
core   0: 3 0x80000174 (0x911a) x2  0xf777aa1b
core   0: 0x80000176 (0x00215113) srli    sp, sp, 2
core   0: 3 0x80000176 (0x00215113) x2  0x3dddea86
core   0: 0x8000017a (0x3b711073) csrw    pmpaddr7, sp
core   0: 3 0x8000017a (0x3b711073) c951_pmpaddr7 0x3dddea86
core   0: 0x8000017e (0x0f0f1137) lui     sp, 0xf0f1
core   0: 3 0x8000017e (0x0f0f1137) x2  0x0f0f1000
core   0: 0x80000182 (0xf0f10113) addi    sp, sp, -241
core   0: 3 0x80000182 (0xf0f10113) x2  0x0f0f0f0f
core   0: 0x80000186 (0x3a111073) csrw    pmpcfg1, sp
core   0: 3 0x80000186 (0x3a111073) c929_pmpcfg1 0x0f0f0f0f
core   0: 0x8000018a (0x00003117) auipc   sp, 0x3
core   0: 3 0x8000018a (0x00003117) x2  0x8000318a
core   0: 0x8000018e (0x11a10113) addi    sp, sp, 282
core   0: 3 0x8000018e (0x11a10113) x2  0x800032a4
core   0: 0x80000192 (0x88889337) lui     t1, 0x88889
core   0: 3 0x80000192 (0x88889337) x6  0x88889000
core   0: 0x80000196 (0x88830313) addi    t1, t1, -1912
core   0: 3 0x80000196 (0x88830313) x6  0x88888888
core   0: 0x8000019a (0x0000911a) c.add   sp, t1
core   0: 3 0x8000019a (0x911a) x2  0x0888bb2c
core   0: 0x8000019c (0x00215113) srli    sp, sp, 2
core   0: 3 0x8000019c (0x00215113) x2  0x02222ecb
core   0: 0x800001a0 (0x3b811073) csrw    pmpaddr8, sp
core   0: 3 0x800001a0 (0x3b811073) c952_pmpaddr8 0x02222ecb
core   0: 0x800001a4 (0x00003117) auipc   sp, 0x3
core   0: 3 0x800001a4 (0x00003117) x2  0x800031a4
core   0: 0x800001a8 (0x10010113) addi    sp, sp, 256
core   0: 3 0x800001a8 (0x10010113) x2  0x800032a4
core   0: 0x800001ac (0x9999a337) lui     t1, 0x9999a
core   0: 3 0x800001ac (0x9999a337) x6  0x9999a000
core   0: 0x800001b0 (0x99930313) addi    t1, t1, -1639
core   0: 3 0x800001b0 (0x99930313) x6  0x99999999
core   0: 0x800001b4 (0x0000911a) c.add   sp, t1
core   0: 3 0x800001b4 (0x911a) x2  0x1999cc3d
core   0: 0x800001b6 (0x00215113) srli    sp, sp, 2
core   0: 3 0x800001b6 (0x00215113) x2  0x0666730f
core   0: 0x800001ba (0x3b911073) csrw    pmpaddr9, sp
core   0: 3 0x800001ba (0x3b911073) c953_pmpaddr9 0x0666730f
core   0: 0x800001be (0x00003117) auipc   sp, 0x3
core   0: 3 0x800001be (0x00003117) x2  0x800031be
core   0: 0x800001c2 (0x0e610113) addi    sp, sp, 230
core   0: 3 0x800001c2 (0x0e610113) x2  0x800032a4
core   0: 0x800001c6 (0xaaaab337) lui     t1, 0xaaaab
core   0: 3 0x800001c6 (0xaaaab337) x6  0xaaaab000
core   0: 0x800001ca (0xaaa30313) addi    t1, t1, -1366
core   0: 3 0x800001ca (0xaaa30313) x6  0xaaaaaaaa
core   0: 0x800001ce (0x0000911a) c.add   sp, t1
core   0: 3 0x800001ce (0x911a) x2  0x2aaadd4e
core   0: 0x800001d0 (0x00215113) srli    sp, sp, 2
core   0: 3 0x800001d0 (0x00215113) x2  0x0aaab753
core   0: 0x800001d4 (0x3ba11073) csrw    pmpaddr10, sp
core   0: 3 0x800001d4 (0x3ba11073) c954_pmpaddr10 0x0aaab753
core   0: 0x800001d8 (0x00003117) auipc   sp, 0x3
core   0: 3 0x800001d8 (0x00003117) x2  0x800031d8
core   0: 0x800001dc (0x0cc10113) addi    sp, sp, 204
core   0: 3 0x800001dc (0x0cc10113) x2  0x800032a4
core   0: 0x800001e0 (0xbbbbc337) lui     t1, 0xbbbbc
core   0: 3 0x800001e0 (0xbbbbc337) x6  0xbbbbc000
core   0: 0x800001e4 (0xbbb30313) addi    t1, t1, -1093
core   0: 3 0x800001e4 (0xbbb30313) x6  0xbbbbbbbb
core   0: 0x800001e8 (0x0000911a) c.add   sp, t1
core   0: 3 0x800001e8 (0x911a) x2  0x3bbbee5f
core   0: 0x800001ea (0x00215113) srli    sp, sp, 2
core   0: 3 0x800001ea (0x00215113) x2  0x0eeefb97
core   0: 0x800001ee (0x3bb11073) csrw    pmpaddr11, sp
core   0: 3 0x800001ee (0x3bb11073) c955_pmpaddr11 0x0eeefb97
core   0: 0x800001f2 (0x0f0f1137) lui     sp, 0xf0f1
core   0: 3 0x800001f2 (0x0f0f1137) x2  0x0f0f1000
core   0: 0x800001f6 (0xf0f10113) addi    sp, sp, -241
core   0: 3 0x800001f6 (0xf0f10113) x2  0x0f0f0f0f
core   0: 0x800001fa (0x3a211073) csrw    pmpcfg2, sp
core   0: 3 0x800001fa (0x3a211073) c930_pmpcfg2 0x0f0f0f0f
core   0: 0x800001fe (0x00003117) auipc   sp, 0x3
core   0: 3 0x800001fe (0x00003117) x2  0x800031fe
core   0: 0x80000202 (0x0a610113) addi    sp, sp, 166
core   0: 3 0x80000202 (0x0a610113) x2  0x800032a4
core   0: 0x80000206 (0xccccd337) lui     t1, 0xccccd
core   0: 3 0x80000206 (0xccccd337) x6  0xccccd000
core   0: 0x8000020a (0xccc30313) addi    t1, t1, -820
core   0: 3 0x8000020a (0xccc30313) x6  0xcccccccc
core   0: 0x8000020e (0x0000911a) c.add   sp, t1
core   0: 3 0x8000020e (0x911a) x2  0x4cccff70
core   0: 0x80000210 (0x00215113) srli    sp, sp, 2
core   0: 3 0x80000210 (0x00215113) x2  0x13333fdc
core   0: 0x80000214 (0x3bc11073) csrw    pmpaddr12, sp
core   0: 3 0x80000214 (0x3bc11073) c956_pmpaddr12 0x13333fdc
core   0: 0x80000218 (0x00003117) auipc   sp, 0x3
core   0: 3 0x80000218 (0x00003117) x2  0x80003218
core   0: 0x8000021c (0x08c10113) addi    sp, sp, 140
core   0: 3 0x8000021c (0x08c10113) x2  0x800032a4
core   0: 0x80000220 (0xdddde337) lui     t1, 0xdddde
core   0: 3 0x80000220 (0xdddde337) x6  0xdddde000
core   0: 0x80000224 (0xddd30313) addi    t1, t1, -547
core   0: 3 0x80000224 (0xddd30313) x6  0xdddddddd
core   0: 0x80000228 (0x0000911a) c.add   sp, t1
core   0: 3 0x80000228 (0x911a) x2  0x5dde1081
core   0: 0x8000022a (0x00215113) srli    sp, sp, 2
core   0: 3 0x8000022a (0x00215113) x2  0x17778420
core   0: 0x8000022e (0x3bd11073) csrw    pmpaddr13, sp
core   0: 3 0x8000022e (0x3bd11073) c957_pmpaddr13 0x17778420
core   0: 0x80000232 (0x00003117) auipc   sp, 0x3
core   0: 3 0x80000232 (0x00003117) x2  0x80003232
core   0: 0x80000236 (0x07210113) addi    sp, sp, 114
core   0: 3 0x80000236 (0x07210113) x2  0x800032a4
core   0: 0x8000023a (0xeeeef337) lui     t1, 0xeeeef
core   0: 3 0x8000023a (0xeeeef337) x6  0xeeeef000
core   0: 0x8000023e (0xeee30313) addi    t1, t1, -274
core   0: 3 0x8000023e (0xeee30313) x6  0xeeeeeeee
core   0: 0x80000242 (0x0000911a) c.add   sp, t1
core   0: 3 0x80000242 (0x911a) x2  0x6eef2192
core   0: 0x80000244 (0x00215113) srli    sp, sp, 2
core   0: 3 0x80000244 (0x00215113) x2  0x1bbbc864
core   0: 0x80000248 (0x3be11073) csrw    pmpaddr14, sp
core   0: 3 0x80000248 (0x3be11073) c958_pmpaddr14 0x1bbbc864
core   0: 0x8000024c (0x00003117) auipc   sp, 0x3
core   0: 3 0x8000024c (0x00003117) x2  0x8000324c
core   0: 0x80000250 (0x05810113) addi    sp, sp, 88
core   0: 3 0x80000250 (0x05810113) x2  0x800032a4
core   0: 0x80000254 (0xfff00313) li      t1, -1
core   0: 3 0x80000254 (0xfff00313) x6  0xffffffff
core   0: 0x80000258 (0x0000911a) c.add   sp, t1
core   0: 3 0x80000258 (0x911a) x2  0x800032a3
core   0: 0x8000025a (0x00215113) srli    sp, sp, 2
core   0: 3 0x8000025a (0x00215113) x2  0x20000ca8
core   0: 0x8000025e (0x3bf11073) csrw    pmpaddr15, sp
core   0: 3 0x8000025e (0x3bf11073) c959_pmpaddr15 0x20000ca8
core   0: 0x80000262 (0x0f0f1137) lui     sp, 0xf0f1
core   0: 3 0x80000262 (0x0f0f1137) x2  0x0f0f1000
core   0: 0x80000266 (0xf0f10113) addi    sp, sp, -241
core   0: 3 0x80000266 (0xf0f10113) x2  0x0f0f0f0f
core   0: 0x8000026a (0x3a311073) csrw    pmpcfg3, sp
core   0: 3 0x8000026a (0x3a311073) c931_pmpcfg3 0x0f0f0f0f
core   0: 0x8000026e (0x00000317) auipc   t1, 0x0
core   0: 3 0x8000026e (0x00000317) x6  0x8000026e
core   0: 0x80000272 (0x06030313) addi    t1, t1, 96
core   0: 3 0x80000272 (0x06030313) x6  0x800002ce
core   0: 0x80000276 (0x34131073) csrw    mepc, t1
core   0: 3 0x80000276 (0x34131073) c833_mepc 0x800002ce
core   0: 0x8000027a (0x7c00d073) csrwi   cpuctrlsts, 1
core   0: 3 0x8000027a (0x7c00d073) c1984_cpuctrlsts 0x00000101
core   0: 0x8000027e (0x00004301) c.li    t1, 0
core   0: 3 0x8000027e (0x4301) x6  0x00000000
core   0: 0x80000280 (0x30031073) csrw    mstatus, t1
core   0: 3 0x80000280 (0x30031073) c768_mstatus 0x00000000
core   0: 0x80000284 (0x00004301) c.li    t1, 0
core   0: 3 0x80000284 (0x4301) x6  0x00000000
core   0: 0x80000286 (0x30431073) csrw    mie, t1
core   0: 3 0x80000286 (0x30431073) c772_mie 0x00000000
core   0: 0x8000028a (0x90000a37) lui     s4, 0x90000
core   0: 3 0x8000028a (0x90000a37) x20 0x90000000
core   0: 0x8000028e (0x00001a71) c.addi  s4, -4
core   0: 3 0x8000028e (0x1a71) x20 0x8ffffffc
core   0: 0x80000290 (0x90000a37) lui     s4, 0x90000
core   0: 3 0x80000290 (0x90000a37) x20 0x90000000
core   0: 0x80000294 (0x00001a71) c.addi  s4, -4
core   0: 3 0x80000294 (0x1a71) x20 0x8ffffffc
core   0: 0x80000296 (0x90000a37) lui     s4, 0x90000
core   0: 3 0x80000296 (0x90000a37) x20 0x90000000
core   0: 0x8000029a (0x00001a71) c.addi  s4, -4
core   0: 3 0x8000029a (0x1a71) x20 0x8ffffffc
core   0: 0x8000029c (0x30000313) li      t1, 768
core   0: 3 0x8000029c (0x30000313) x6  0x00000300
core   0: 0x800002a0 (0x00000322) c.slli  t1, 8
core   0: 3 0x800002a0 (0x0322) x6  0x00030000
core   0: 0x800002a2 (0x0000030d) c.addi  t1, 3
core   0: 3 0x800002a2 (0x030d) x6  0x00030003
core   0: 0x800002a4 (0x006a2023) sw      t1, 0(s4)
core   0: 3 0x800002a4 (0x006a2023) mem 0x8ffffffc 0x00030003
core   0: 0x800002a8 (0x30002373) csrr    t1, mstatus
core   0: 3 0x800002a8 (0x30002373) x6  0x00000000
core   0: 0x800002ac (0x006a2023) sw      t1, 0(s4)
core   0: 3 0x800002ac (0x006a2023) mem 0x8ffffffc 0x00000000
core   0: 0x800002b0 (0x90000a37) lui     s4, 0x90000
core   0: 3 0x800002b0 (0x90000a37) x20 0x90000000
core   0: 0x800002b4 (0x00001a71) c.addi  s4, -4
core   0: 3 0x800002b4 (0x1a71) x20 0x8ffffffc
core   0: 0x800002b6 (0x30400313) li      t1, 772
core   0: 3 0x800002b6 (0x30400313) x6  0x00000304
core   0: 0x800002ba (0x00000322) c.slli  t1, 8
core   0: 3 0x800002ba (0x0322) x6  0x00030400
core   0: 0x800002bc (0x0000030d) c.addi  t1, 3
core   0: 3 0x800002bc (0x030d) x6  0x00030403
core   0: 0x800002be (0x006a2023) sw      t1, 0(s4)
core   0: 3 0x800002be (0x006a2023) mem 0x8ffffffc 0x00030403
core   0: 0x800002c2 (0x30402373) csrr    t1, mie
core   0: 3 0x800002c2 (0x30402373) x6  0x00000000
core   0: 0x800002c6 (0x006a2023) sw      t1, 0(s4)
core   0: 3 0x800002c6 (0x006a2023) mem 0x8ffffffc 0x00000000
core   0: 0x800002ca (0x30200073) mret
core   0: 3 0x800002ca (0x30200073) c768_mstatus 0x00000080
core   0: 0x800002ce (0xff8b8037) lui     zero, 0xff8b8
core   0: 0 0x800002ce (0xff8b8037)
core   0: 0x800002d2 (0x10e00013) li      zero, 270
core   0: 0 0x800002d2 (0x10e00013)
core   0: 0x800002d6 (0x7327d0b7) lui     ra, 0x7327d
core   0: 0 0x800002d6 (0x7327d0b7) x1  0x7327d000
core   0: 0x800002da (0xba008093) addi    ra, ra, -1120
core   0: 0 0x800002da (0xba008093) x1  0x7327cba0
core   0: 0x800002de (0xf5e3a137) lui     sp, 0xf5e3a
core   0: 0 0x800002de (0xf5e3a137) x2  0xf5e3a000
core   0: 0x800002e2 (0x89510113) addi    sp, sp, -1899
core   0: 0 0x800002e2 (0x89510113) x2  0xf5e39895
core   0: 0x800002e6 (0x00004181) c.li    gp, 0
core   0: 0 0x800002e6 (0x4181) x3  0x00000000
core   0: 0x800002e8 (0x6511b237) lui     tp, 0x6511b
core   0: 0 0x800002e8 (0x6511b237) x4  0x6511b000
core   0: 0x800002ec (0xbba20213) addi    tp, tp, -1094
core   0: 0 0x800002ec (0xbba20213) x4  0x6511abba
core   0: 0x800002f0 (0xe2e872b7) lui     t0, 0xe2e87
core   0: 0 0x800002f0 (0xe2e872b7) x5  0xe2e87000
core   0: 0x800002f4 (0x5c428293) addi    t0, t0, 1476
core   0: 0 0x800002f4 (0x5c428293) x5  0xe2e875c4
core   0: 0x800002f8 (0x00004301) c.li    t1, 0
core   0: 0 0x800002f8 (0x4301) x6  0x00000000
core   0: 0x800002fa (0x000043a5) c.li    t2, 9
core   0: 0 0x800002fa (0x43a5) x7  0x00000009
core   0: 0x800002fc (0x80000437) lui     s0, 0x80000
core   0: 0 0x800002fc (0x80000437) x8  0x80000000
core   0: 0x80000300 (0xf944e4b7) lui     s1, 0xf944e
core   0: 0 0x80000300 (0xf944e4b7) x9  0xf944e000
core   0: 0x80000304 (0x20f48493) addi    s1, s1, 527
core   0: 0 0x80000304 (0x20f48493) x9  0xf944e20f
core   0: 0x80000308 (0x00004501) c.li    a0, 0
core   0: 0 0x80000308 (0x4501) x10 0x00000000
core   0: 0x8000030a (0x000045a5) c.li    a1, 9
core   0: 0 0x8000030a (0x45a5) x11 0x00000009
core   0: 0x8000030c (0xf0c556b7) lui     a3, 0xf0c55
core   0: 0 0x8000030c (0xf0c556b7) x13 0xf0c55000
core   0: 0x80000310 (0xda468693) addi    a3, a3, -604
core   0: 0 0x80000310 (0xda468693) x13 0xf0c54da4
core   0: 0x80000314 (0xfd8fc7b7) lui     a5, 0xfd8fc
core   0: 0 0x80000314 (0xfd8fc7b7) x15 0xfd8fc000
core   0: 0x80000318 (0xe7e78793) addi    a5, a5, -386
core   0: 0 0x80000318 (0xe7e78793) x15 0xfd8fbe7e
core   0: 0x8000031c (0x00004801) c.li    a6, 0
core   0: 0 0x8000031c (0x4801) x16 0x00000000
core   0: 0x8000031e (0x651938b7) lui     a7, 0x65193
core   0: 0 0x8000031e (0x651938b7) x17 0x65193000
core   0: 0x80000322 (0x5eb88893) addi    a7, a7, 1515
core   0: 0 0x80000322 (0x5eb88893) x17 0x651935eb
core   0: 0x80000326 (0x00004911) c.li    s2, 4
core   0: 0 0x80000326 (0x4911) x18 0x00000004
core   0: 0x80000328 (0x800009b7) lui     s3, 0x80000
core   0: 0 0x80000328 (0x800009b7) x19 0x80000000
core   0: 0x8000032c (0x00004a29) c.li    s4, 10
core   0: 0 0x8000032c (0x4a29) x20 0x0000000a
core   0: 0x8000032e (0xff2dfab7) lui     s5, 0xff2df
core   0: 0 0x8000032e (0xff2dfab7) x21 0xff2df000
core   0: 0x80000332 (0x586a8a93) addi    s5, s5, 1414
core   0: 0 0x80000332 (0x586a8a93) x21 0xff2df586
core   0: 0x80000336 (0x80000b37) lui     s6, 0x80000
core   0: 0 0x80000336 (0x80000b37) x22 0x80000000
core   0: 0x8000033a (0xfa72bbb7) lui     s7, 0xfa72b
core   0: 0 0x8000033a (0xfa72bbb7) x23 0xfa72b000
core   0: 0x8000033e (0x098b8b93) addi    s7, s7, 152
core   0: 0 0x8000033e (0x098b8b93) x23 0xfa72b098
core   0: 0x80000342 (0x00004c09) c.li    s8, 2
core   0: 0 0x80000342 (0x4c09) x24 0x00000002
core   0: 0x80000344 (0x00004cb9) c.li    s9, 14
core   0: 0 0x80000344 (0x4cb9) x25 0x0000000e
core   0: 0x80000346 (0x00004d01) c.li    s10, 0
core   0: 0 0x80000346 (0x4d01) x26 0x00000000
core   0: 0x80000348 (0x00004d81) c.li    s11, 0
core   0: 0 0x80000348 (0x4d81) x27 0x00000000
core   0: 0x8000034a (0x00004e35) c.li    t3, 13
core   0: 0 0x8000034a (0x4e35) x28 0x0000000d
core   0: 0x8000034c (0x82ec1eb7) lui     t4, 0x82ec1
core   0: 0 0x8000034c (0x82ec1eb7) x29 0x82ec1000
core   0: 0x80000350 (0xcb0e8e93) addi    t4, t4, -848
core   0: 0 0x80000350 (0xcb0e8e93) x29 0x82ec0cb0
core   0: 0x80000354 (0xcac09f37) lui     t5, 0xcac09
core   0: 0 0x80000354 (0xcac09f37) x30 0xcac09000
core   0: 0x80000358 (0x9bdf0f13) addi    t5, t5, -1603
core   0: 0 0x80000358 (0x9bdf0f13) x30 0xcac089bd
core   0: 0x8000035c (0x80000fb7) lui     t6, 0x80000
core   0: 0 0x8000035c (0x80000fb7) x31 0x80000000
core   0: 0x80000360 (0x00049617) auipc   a2, 0x49
core   0: 0 0x80000360 (0x00049617) x12 0x80049360
core   0: 0x80000364 (0xb0460613) addi    a2, a2, -1276
core   0: 0 0x80000364 (0xb0460613) x12 0x80048e64
core   0: 0x80000368 (0x90000a37) lui     s4, 0x90000
core   0: 0 0x80000368 (0x90000a37) x20 0x90000000
core   0: 0x8000036c (0x00001a71) c.addi  s4, -4
core   0: 0 0x8000036c (0x1a71) x20 0x8ffffffc
core   0: 0x8000036e (0x00004301) c.li    t1, 0
core   0: 0 0x8000036e (0x4301) x6  0x00000000
core   0: 0x80000370 (0x00000322) c.slli  t1, 8
core   0: 0 0x80000370 (0x0322) x6  0x00000000
core   0: 0x80000372 (0x00030313) mv      t1, t1
core   0: 0 0x80000372 (0x00030313) x6  0x00000000
core   0: 0x80000376 (0x006a2023) sw      t1, 0(s4)
core   0: 0 0x80000376 (0x006a2023) mem 0x8ffffffc 0x00000000
core   0: 0x8000037a (0x72b0206f) j       pc + 0x2f2a
core   0: 0 0x8000037a (0x72b0206f)
core   0: 0x800032a4 (0x0002f397) auipc   t2, 0x2f
core   0: 0 0x800032a4 (0x0002f397) x7  0x800322a4
core   0: 0x800032a8 (0x1c238393) addi    t2, t2, 450
core   0: 0 0x800032a8 (0x1c238393) x7  0x80032466
core   0: 0x800032ac (0x4a72bb93) sltiu   s7, t0, 1191
core   0: 0 0x800032ac (0x4a72bb93) x23 0x00000000
core   0: 0x800032b0 (0x00008c09) c.sub   s0, a0
core   0: 0 0x800032b0 (0x8c09) x8  0x80000000
core   0: 0x800032b2 (0x004287b3) add     a5, t0, tp
core   0: 0 0x800032b2 (0x004287b3) x15 0x47fa217e
core   0: 0x800032b6 (0x00000001) c.nop
core   0: 0 0x800032b6 (0x0001)
core   0: 0x800032b8 (0xc2afb6b7) lui     a3, 0xc2afb
core   0: 0 0x800032b8 (0xc2afb6b7) x13 0xc2afb000
core   0: 0x800032bc (0x00008b22) c.mv    s6, s0
core   0: 0 0x800032bc (0x8b22) x22 0x80000000
core   0: 0x800032be (0xed638393) addi    t2, t2, -298
core   0: 0 0x800032be (0xed638393) x7  0x8003233c
core   0: 0x800032c2 (0x0000100f) fence.i
core   0: 0 0x800032c2 (0x0000100f)
core   0: 0x800032c6 (0x00008096) c.mv    ra, t0
core   0: 0 0x800032c6 (0x8096) x1  0xe2e875c4
core   0: 0x800032c8 (0x01120663) beq     tp, a7, pc + 12
core   0: 0 0x800032c8 (0x01120663)
core   0: 0x800032cc (0x00d99d33) sll     s10, s3, a3
core   0: 0 0x800032cc (0x00d99d33) x26 0x80000000
core   0: 0x800032d0 (0x0000100f) fence.i
core   0: 0 0x800032d0 (0x0000100f)
core   0: 0x800032d4 (0x12b380e7) jalr    ra, t2, 299
core   0: 0 0x800032d4 (0x12b380e7) x1  0x800032d8
core   0: 0x80032466 (0x00009a3a) c.add   s4, a4
core   0: 0 0x80032466 (0x9a3a) x20 0x1004cce0
core   0: 0x80032468 (0x0ff0000f) fence   iorw,iorw
core   0: 0 0x80032468 (0x0ff0000f)
core   0: 0x8003246c (0x016688b3) add     a7, a3, s6
core   0: 0 0x8003246c (0x016688b3) x17 0x42afb000
core   0: 0x80032470 (0x00001641) c.addi  a2, -16
core   0: 0 0x80032470 (0x1641) x12 0x80048e54
core   0: 0x80032472 (0x00000001) c.nop
core   0: 0 0x80032472 (0x0001)
core   0: 0x80032474 (0x00162223) sw      ra, 4(a2)
core   0: 0 0x80032474 (0x00162223) mem 0x80048e58 0x800032d8
core   0: 0x80032478 (0xcf3b8b17) auipc   s6, 0xcf3b8
core   0: 0 0x80032478 (0xcf3b8b17) x22 0x4f3ea478
core   0: 0x8003247c (0x0000810d) c.srli  a0, 3
core   0: 0 0x8003247c (0x810d) x10 0x00000000
core   0: 0x8003247e (0x0000100f) fence.i
core   0: 0 0x8003247e (0x0000100f)
core   0: 0x80032482 (0x40bdd513) srai    a0, s11, 11
core   0: 0 0x80032482 (0x40bdd513) x10 0x00000000
core   0: 0x80032486 (0x00000e4a) c.slli  t3, 18
core   0: 0 0x80032486 (0x0e4a) x28 0x00340000
core   0: 0x80032488 (0x00000001) c.nop
core   0: 0 0x80032488 (0x0001)
core   0: 0x8003248a (0x031f60b3) rem     ra, t5, a7
core   0: 0 0x8003248a (0x031f60b3) x1  0xcac089bd
core   0: 0x8003248e (0x00008cbd) c.xor   s1, a5
core   0: 0 0x8003248e (0x8cbd) x9  0xbebec371
core   0: 0x80032490 (0x39aaf217) auipc   tp, 0x39aaf
core   0: 0 0x80032490 (0x39aaf217) x4  0xb9ae1490
core   0: 0x80032494 (0x0144e833) or      a6, s1, s4
core   0: 0 0x80032494 (0x0144e833) x16 0xbebecff1
core   0: 0x80032498 (0x0000e591) c.bnez  a1, pc + 12
core   0: 0 0x80032498 (0xe591)
core   0: 0x800324a4 (0x96bfc793) xori    a5, t6, -1685
core   0: 0 0x800324a4 (0x96bfc793) x15 0x7ffff96b
core   0: 0x800324a8 (0x00000001) c.nop
core   0: 0 0x800324a8 (0x0001)
core   0: 0x800324aa (0x00462083) lw      ra, 4(a2)
core   0: 0 0x800324aa (0x00462083) x1  0x800032d8 mem 0x80048e58
core   0: 0x800324ae (0x00008d05) c.sub   a0, s1
core   0: 0 0x800324ae (0x8d05) x10 0x41413c8f
core   0: 0x800324b0 (0x037853b3) divu    t2, a6, s7
core   0: 0 0x800324b0 (0x037853b3) x7  0xffffffff
core   0: 0x800324b4 (0x410bd9b3) sra     s3, s7, a6
core   0: 0 0x800324b4 (0x410bd9b3) x19 0x00000000
core   0: 0x800324b8 (0x011c61b3) or      gp, s8, a7
core   0: 0 0x800324b8 (0x011c61b3) x3  0x42afb002
core   0: 0x800324bc (0x00000641) c.addi  a2, 16
core   0: 0 0x800324bc (0x0641) x12 0x80048e64
core   0: 0x800324be (0x03a408b3) mul     a7, s0, s10
core   0: 0 0x800324be (0x03a408b3) x17 0x00000000
core   0: 0x800324c2 (0x00008d31) c.xor   a0, a2
core   0: 0 0x800324c2 (0x8d31) x10 0xc145b2eb
core   0: 0x800324c4 (0x0043fa33) and     s4, t2, tp
core   0: 0 0x800324c4 (0x0043fa33) x20 0xb9ae1490
core   0: 0x800324c8 (0x00441313) slli    t1, s0, 4
core   0: 0 0x800324c8 (0x00441313) x6  0x00000000
core   0: 0x800324cc (0x008ac233) xor     tp, s5, s0
core   0: 0 0x800324cc (0x008ac233) x4  0x7f2df586
core   0: 0x800324d0 (0x00008213) mv      tp, ra
core   0: 0 0x800324d0 (0x00008213) x4  0x800032d8
core   0: 0x800324d4 (0x00009202) c.jalr  tp
core   0: 0 0x800324d4 (0x9202) x1  0x800324d6
core   0: 0x800032d8 (0x00002417) auipc   s0, 0x2
core   0: 0 0x800032d8 (0x00002417) x8  0x800052d8
core   0: 0x800032dc (0x2d040413) addi    s0, s0, 720
core   0: 0 0x800032dc (0x2d040413) x8  0x800055a8
core   0: 0x800032e0 (0x00d3af33) slt     t5, t2, a3
core   0: 0 0x800032e0 (0x00d3af33) x30 0x00000000
core   0: 0x800032e4 (0x0006e0b3) or      ra, a3, zero
core   0: 0 0x800032e4 (0x0006e0b3) x1  0xc2afb000
core   0: 0x800032e8 (0x012dd533) srl     a0, s11, s2
core   0: 0 0x800032e8 (0x012dd533) x10 0x00000000
core   0: 0x800032ec (0x00000001) c.nop
core   0: 0 0x800032ec (0x0001)
core   0: 0x800032ee (0x4c224e93) xori    t4, tp, 1218
core   0: 0 0x800032ee (0x4c224e93) x29 0x8000361a
core   0: 0x800032f2 (0x000069fd) c.lui   s3, 0x1f
core   0: 0 0x800032f2 (0x69fd) x19 0x0001f000
core   0: 0x800032f4 (0xf3b40413) addi    s0, s0, -197
core   0: 0 0x800032f4 (0xf3b40413) x8  0x800054e3
core   0: 0x800032f8 (0x0ff0000f) fence   iorw,iorw
core   0: 0 0x800032f8 (0x0ff0000f)
core   0: 0x800032fc (0x00009f6a) c.add   t5, s10
core   0: 0 0x800032fc (0x9f6a) x30 0x80000000
core   0: 0x800032fe (0x0c5400e7) jalr    ra, s0, 197
core   0: 0 0x800032fe (0x0c5400e7) x1  0x80003302
core   0: 0x800055a8 (0x0000e881) c.bnez  s1, pc + 16
core   0: 0 0x800055a8 (0xe881)
core   0: 0x800055b8 (0xfd460613) addi    a2, a2, -44
core   0: 0 0x800055b8 (0xfd460613) x12 0x80048e38
core   0: 0x800055bc (0x00008d69) c.and   a0, a0
core   0: 0 0x800055bc (0x8d69) x10 0x00000000
core   0: 0x800055be (0x00162223) sw      ra, 4(a2)
core   0: 0 0x800055be (0x00162223) mem 0x80048e3c 0x80003302
core   0: 0x800055c2 (0x025951b3) divu    gp, s2, t0
core   0: 0 0x800055c2 (0x025951b3) x3  0x00000000
core   0: 0x800055c6 (0x0003ca17) auipc   s4, 0x3c
core   0: 0 0x800055c6 (0x0003ca17) x20 0x800415c6
core   0: 0x800055ca (0xc26a0a13) addi    s4, s4, -986
core   0: 0 0x800055ca (0xc26a0a13) x20 0x800411ec
core   0: 0x800055ce (0xa07a4983) lbu     s3, -1529(s4)
core   0: 0 0x800055ce (0xa07a4983) x19 0x000000a8 mem 0x80040bf3
core   0: 0x800055d2 (0xe00c7b93) andi    s7, s8, -512
core   0: 0 0x800055d2 (0xe00c7b93) x23 0x00000000
core   0: 0x800055d6 (0x034d0033) mul     zero, s10, s4
core   0: 0 0x800055d6 (0x034d0033)
core   0: 0x800055da (0x873a4803) lbu     a6, -1933(s4)
core   0: 0 0x800055da (0x873a4803) x16 0x00000014 mem 0x80040a5f
core   0: 0x800055de (0xf24a3793) sltiu   a5, s4, -220
core   0: 0 0x800055de (0xf24a3793) x15 0x00000001
core   0: 0x800055e2 (0x00005bfd) c.li    s7, -1
core   0: 0 0x800055e2 (0x5bfd) x23 0xffffffff
core   0: 0x800055e4 (0x0ff0000f) fence   iorw,iorw
core   0: 0 0x800055e4 (0x0ff0000f)
core   0: 0x800055e8 (0x6a2a5383) lhu     t2, 1698(s4)
core   0: 0 0x800055e8 (0x6a2a5383) x7  0x00004445 mem 0x8004188e
core   0: 0x800055ec (0x034ba3b3) mulhsu  t2, s7, s4
core   0: 0 0x800055ec (0x034ba3b3) x7  0xffffffff
core   0: 0x800055f0 (0x01cd25b3) slt     a1, s10, t3
core   0: 0 0x800055f0 (0x01cd25b3) x11 0x00000001
core   0: 0x800055f4 (0x00000001) c.nop
core   0: 0 0x800055f4 (0x0001)
core   0: 0x800055f6 (0x534a06a3) sb      s4, 1325(s4)
core   0: 0 0x800055f6 (0x534a06a3) mem 0x80041719 0xec
core   0: 0x800055fa (0x406d0533) sub     a0, s10, t1
core   0: 0 0x800055fa (0x406d0533) x10 0x80000000
core   0: 0x800055fe (0x19ffc093) xori    ra, t6, 415
core   0: 0 0x800055fe (0x19ffc093) x1  0x8000019f
core   0: 0x80005602 (0xca3a4d83) lbu     s11, -861(s4)
core   0: 0 0x80005602 (0xca3a4d83) x27 0x00000044 mem 0x80040e8f
core   0: 0x80005606 (0xc43a4e83) lbu     t4, -957(s4)
core   0: 0 0x80005606 (0xc43a4e83) x29 0x000000e4 mem 0x80040e2f
core   0: 0x8000560a (0x6c6a1683) lh      a3, 1734(s4)
core   0: 0 0x8000560a (0x6c6a1683) x13 0x00006869 mem 0x800418b2
core   0: 0x8000560e (0x40fa4e03) lbu     t3, 1039(s4)
core   0: 0 0x8000560e (0x40fa4e03) x28 0x000000b0 mem 0x800415fb
core   0: 0x80005612 (0xea1a4803) lbu     a6, -351(s4)
core   0: 0 0x80005612 (0xea1a4803) x16 0x00000046 mem 0x8004108d
core   0: 0x80005616 (0xd15a0983) lb      s3, -747(s4)
core   0: 0 0x80005616 (0xd15a0983) x19 0xffffffba mem 0x80040f01
core   0: 0x8000561a (0x01ca1923) sh      t3, 18(s4)
core   0: 0 0x8000561a (0x01ca1923) mem 0x800411fe 0x00b0
core   0: 0x8000561e (0x00008c35) c.xor   s0, a3
core   0: 0 0x8000561e (0x8c35) x8  0x80003c8a
core   0: 0x80005620 (0x00008bb1) c.andi  a5, 12
core   0: 0 0x80005620 (0x8bb1) x15 0x00000000
core   0: 0x80005622 (0x01d83233) sltu    tp, a6, t4
core   0: 0 0x80005622 (0x01d83233) x4  0x00000001
core   0: 0x80005626 (0x479a4683) lbu     a3, 1145(s4)
core   0: 0 0x80005626 (0x479a4683) x13 0x0000001e mem 0x80041665
core   0: 0x8000562a (0x03db2f33) mulhsu  t5, s6, t4
core   0: 0 0x8000562a (0x03db2f33) x30 0x00000046
core   0: 0x8000562e (0x00008ce9) c.and   s1, a0
core   0: 0 0x8000562e (0x8ce9) x9  0x80000000
core   0: 0x80005630 (0xdc5a0ba3) sb      t0, -553(s4)
core   0: 0 0x80005630 (0xdc5a0ba3) mem 0x80040fc3 0xc4
core   0: 0x80005634 (0x8e8a0383) lb      t2, -1816(s4)
core   0: 0 0x80005634 (0x8e8a0383) x7  0xffffff8f mem 0x80040ad4
core   0: 0x80005638 (0x00008475) c.srai  s0, 29
core   0: 0 0x80005638 (0x8475) x8  0xfffffffc
core   0: 0x8000563a (0x01808f33) add     t5, ra, s8
core   0: 0 0x8000563a (0x01808f33) x30 0x800001a1
core   0: 0x8000563e (0xe0ea1823) sh      a4, -496(s4)
core   0: 0 0x8000563e (0xe0ea1823) mem 0x80040ffc 0xcce4
core   0: 0x80005642 (0x00006699) c.lui   a3, 0x6
core   0: 0 0x80005642 (0x6699) x13 0x00006000
core   0: 0x80005644 (0x000083fe) c.mv    t2, t6
core   0: 0 0x80005644 (0x83fe) x7  0x80000000
core   0: 0x80005646 (0x029b5b33) divu    s6, s6, s1
core   0: 0 0x80005646 (0x029b5b33) x22 0x00000000
core   0: 0x8000564a (0x13ea06a3) sb      t5, 301(s4)
core   0: 0 0x8000564a (0x13ea06a3) mem 0x80041319 0xa1
core   0: 0x8000564e (0xb15a4f03) lbu     t5, -1259(s4)
core   0: 0 0x8000564e (0xb15a4f03) x30 0x000000ba mem 0x80040d01
core   0: 0x80005652 (0x0000100f) fence.i
core   0: 0 0x80005652 (0x0000100f)
core   0: 0x80005656 (0x00008fe9) c.and   a5, a0
core   0: 0 0x80005656 (0x8fe9) x15 0x00000000
core   0: 0x80005658 (0xc7fa05a3) sb      t6, -917(s4)
core   0: 0 0x80005658 (0xc7fa05a3) mem 0x80040e57 0x0
core   0: 0x8000565c (0xe319a413) slti    s0, s3, -463
core   0: 0 0x8000565c (0xe319a413) x8  0x00000000
core   0: 0x80005660 (0xe4fa7537) lui     a0, 0xe4fa7
core   0: 0 0x80005660 (0xe4fa7537) x10 0xe4fa7000
core   0: 0x80005664 (0xba8a07a3) sb      s0, -1105(s4)
core   0: 0 0x80005664 (0xba8a07a3) mem 0x80040d9b 0x0
core   0: 0x80005668 (0x0002ed97) auipc   s11, 0x2e
core   0: 0 0x80005668 (0x0002ed97) x27 0x80033668
core   0: 0x8000566c (0x21cd8d93) addi    s11, s11, 540
core   0: 0 0x8000566c (0x21cd8d93) x27 0x80033884
core   0: 0x80005670 (0x023d8ba3) sb      gp, 55(s11)
core   0: 0 0x80005670 (0x023d8ba3) mem 0x800338bb 0x0
core   0: 0x80005674 (0x0253abb3) mulhsu  s7, t2, t0
core   0: 0 0x80005674 (0x0253abb3) x23 0x8e8bc51e
core   0: 0x80005678 (0x037dcb83) lbu     s7, 55(s11)
core   0: 0 0x80005678 (0x037dcb83) x23 0x00000000 mem 0x800338bb
core   0: 0x8000567c (0x037d8003) lb      zero, 55(s11)
core   0: 0 0x8000567c (0x037d8003) mem 0x800338bb
core   0: 0x80005680 (0xa2a0b293) sltiu   t0, ra, -1494
core   0: 0 0x80005680 (0xa2a0b293) x5  0x00000001
core   0: 0x80005684 (0x00499413) slli    s0, s3, 4
core   0: 0 0x80005684 (0x00499413) x8  0xfffffba0
core   0: 0x80005688 (0x37b93f13) sltiu   t5, s2, 891
core   0: 0 0x80005688 (0x37b93f13) x30 0x00000001
core   0: 0x8000568c (0x2a66a813) slti    a6, a3, 678
core   0: 0 0x8000568c (0x2a66a813) x16 0x00000000
core   0: 0x80005690 (0x037d8e03) lb      t3, 55(s11)
core   0: 0 0x80005690 (0x037d8e03) x28 0x00000000 mem 0x800338bb
core   0: 0x80005694 (0xff0daf03) lw      t5, -16(s11)
core   0: 0 0x80005694 (0xff0daf03) x30 0x2c2d2e2f mem 0x80033874
core   0: 0x80005698 (0xffdd8da3) sb      t4, -5(s11)
core   0: 0 0x80005698 (0xffdd8da3) mem 0x8003387f 0xe4
core   0: 0x8000569c (0x0111f433) and     s0, gp, a7
core   0: 0 0x8000569c (0x0111f433) x8  0x00000000
core   0: 0x800056a0 (0x032d8a03) lb      s4, 50(s11)
core   0: 0 0x800056a0 (0x032d8a03) x20 0x0000006d mem 0x800338b6
core   0: 0x800056a4 (0xffeda623) sw      t5, -20(s11)
core   0: 0 0x800056a4 (0xffeda623) mem 0x80033870 0x2c2d2e2f
core   0: 0x800056a8 (0x0d004f37) lui     t5, 0xd004
core   0: 0 0x800056a8 (0x0d004f37) x30 0x0d004000
core   0: 0x800056ac (0xfecd9623) sh      a2, -20(s11)
core   0: 0 0x800056ac (0xfecd9623) mem 0x80033870 0x8e38
core   0: 0x800056b0 (0xffada623) sw      s10, -20(s11)
core   0: 0 0x800056b0 (0xffada623) mem 0x80033870 0x80000000
core   0: 0x800056b4 (0xfecd8003) lb      zero, -20(s11)
core   0: 0 0x800056b4 (0xfecd8003) mem 0x80033870
core   0: 0x800056b8 (0xfecd8e03) lb      t3, -20(s11)
core   0: 0 0x800056b8 (0xfecd8e03) x28 0x00000000 mem 0x80033870
core   0: 0x800056bc (0x00ad8483) lb      s1, 10(s11)
core   0: 0 0x800056bc (0x00ad8483) x9  0x00000045 mem 0x8003388e
core   0: 0x800056c0 (0x022d8ea3) sb      sp, 61(s11)
core   0: 0 0x800056c0 (0x022d8ea3) mem 0x800338c1 0x95
core   0: 0x800056c4 (0x03dd8f83) lb      t6, 61(s11)
core   0: 0 0x800056c4 (0x03dd8f83) x31 0xffffff95 mem 0x800338c1
core   0: 0x800056c8 (0xfdcd8f03) lb      t5, -36(s11)
core   0: 0 0x800056c8 (0xfdcd8f03) x30 0x0000001b mem 0x80033860
core   0: 0x800056cc (0x0002e217) auipc   tp, 0x2e
core   0: 0 0x800056cc (0x0002e217) x4  0x800336cc
core   0: 0x800056d0 (0xdfd20213) addi    tp, tp, -515
core   0: 0 0x800056d0 (0xdfd20213) x4  0x800334c9
core   0: 0x800056d4 (0xd5420723) sb      s4, -690(tp)
core   0: 0 0x800056d4 (0xd5420723) mem 0x80033217 0x6d
core   0: 0x800056d8 (0x0ff0000f) fence   iorw,iorw
core   0: 0 0x800056d8 (0x0ff0000f)
core   0: 0x800056dc (0x07d20123) sb      t4, 98(tp)
core   0: 0 0x800056dc (0x07d20123) mem 0x8003352b 0xe4
core   0: 0x800056e0 (0xfbb20f03) lb      t5, -69(tp)
core   0: 0 0x800056e0 (0xfbb20f03) x30 0x0000003f mem 0x80033484
core   0: 0x800056e4 (0x00004abd) c.li    s5, 15
core   0: 0 0x800056e4 (0x4abd) x21 0x0000000f
core   0: 0x800056e6 (0x51624d03) lbu     s10, 1302(tp)
core   0: 0 0x800056e6 (0x51624d03) x26 0x00000094 mem 0x800339df
core   0: 0x800056ea (0x0350aeb3) mulhsu  t4, ra, s5
core   0: 0 0x800056ea (0x0350aeb3) x29 0xfffffff8
core   0: 0x800056ee (0xd3a24303) lbu     t1, -710(tp)
core   0: 0 0x800056ee (0xd3a24303) x6  0x000000b8 mem 0x80033203
core   0: 0x800056f2 (0x16322a03) lw      s4, 355(tp)
core   0: 0 0x800056f2 (0x16322a03) x20 0xe4e5e6e7 mem 0x8003362c
core   0: 0x800056f6 (0x130200a3) sb      a6, 289(tp)
core   0: 0 0x800056f6 (0x130200a3) mem 0x800335ea 0x0
core   0: 0x800056fa (0x00008cd9) c.or    s1, a4
core   0: 0 0x800056fa (0x8cd9) x9  0x8004cce5
core   0: 0x800056fc (0x0000645d) c.lui   s0, 0x17
core   0: 0 0x800056fc (0x645d) x8  0x00017000
core   0: 0x800056fe (0x00000001) c.nop
core   0: 0 0x800056fe (0x0001)
core   0: 0x80005700 (0x55220423) sb      s2, 1352(tp)
core   0: 0 0x80005700 (0x55220423) mem 0x80033a11 0x4
core   0: 0x80005704 (0x2ee213a3) sh      a4, 743(tp)
core   0: 0 0x80005704 (0x2ee213a3) mem 0x800337b0 0xcce4
core   0: 0x80005708 (0xf2c24983) lbu     s3, -212(tp)
core   0: 0 0x80005708 (0xf2c24983) x19 0x000000ae mem 0x800333f5
core   0: 0x8000570c (0xd02216a3) sh      sp, -755(tp)
core   0: 0 0x8000570c (0xd02216a3) mem 0x800331d6 0x9895
core   0: 0x80005710 (0x0000656d) c.lui   a0, 0x1b
core   0: 0 0x80005710 (0x656d) x10 0x0001b000
core   0: 0x80005712 (0x3ac24a03) lbu     s4, 940(tp)
core   0: 0 0x80005712 (0x3ac24a03) x20 0x0000002e mem 0x80033875
core   0: 0x80005716 (0x02420483) lb      s1, 36(tp)
core   0: 0 0x80005716 (0x02420483) x9  0xffffffa6 mem 0x800334ed
core   0: 0x8000571a (0x03791f33) mulh    t5, s2, s7
core   0: 0 0x8000571a (0x03791f33) x30 0x00000000
core   0: 0x8000571e (0x0174cfb3) xor     t6, s1, s7
core   0: 0 0x8000571e (0x0174cfb3) x31 0xffffffa6
core   0: 0x80005722 (0x00c61913) slli    s2, a2, 12
core   0: 0 0x80005722 (0x00c61913) x18 0x48e38000
core   0: 0x80005726 (0x49b20a03) lb      s4, 1179(tp)
core   0: 0 0x80005726 (0x49b20a03) x20 0x0000001f mem 0x80033964
core   0: 0x8000572a (0x00000001) c.nop
core   0: 0 0x8000572a (0x0001)
core   0: 0x8000572c (0x61024383) lbu     t2, 1552(tp)
core   0: 0 0x8000572c (0x61024383) x7  0x00000092 mem 0x80033ad9
core   0: 0x80005730 (0x4cc21ca3) sh      a2, 1241(tp)
core   0: 0 0x80005730 (0x4cc21ca3) mem 0x800339a2 0x8e38
core   0: 0x80005734 (0x34e20923) sb      a4, 850(tp)
core   0: 0 0x80005734 (0x34e20923) mem 0x8003381b 0xe4
core   0: 0x80005738 (0x00008e85) c.sub   a3, s1
core   0: 0 0x80005738 (0x8e85) x13 0x0000605a
core   0: 0x8000573a (0x00000dea) c.slli  s11, 26
core   0: 0 0x8000573a (0x0dea) x27 0x10000000
core   0: 0x8000573c (0xd8820503) lb      a0, -632(tp)
core   0: 0 0x8000573c (0xd8820503) x10 0x0000000a mem 0x80033251
core   0: 0x80005740 (0x02f1fbb3) remu    s7, gp, a5
core   0: 0 0x80005740 (0x02f1fbb3) x23 0x00000000
core   0: 0x80005744 (0x0000898a) c.mv    s3, sp
core   0: 0 0x80005744 (0x898a) x19 0xf5e39895
core   0: 0x80005746 (0x24420883) lb      a7, 580(tp)
core   0: 0 0x80005746 (0x24420883) x17 0xffffffc6 mem 0x8003370d
core   0: 0x8000574a (0xc4e20a23) sb      a4, -940(tp)
core   0: 0 0x8000574a (0xc4e20a23) mem 0x8003311d 0xe4
core   0: 0x8000574e (0x07e20a03) lb      s4, 126(tp)
core   0: 0 0x8000574e (0x07e20a03) x20 0xfffffffc mem 0x80033547
core   0: 0x80005752 (0x60e24983) lbu     s3, 1550(tp)
core   0: 0 0x80005752 (0x60e24983) x19 0x0000008c mem 0x80033ad7
core   0: 0x80005756 (0x00004d85) c.li    s11, 1
core   0: 0 0x80005756 (0x4d85) x27 0x00000001
core   0: 0x80005758 (0x73921503) lh      a0, 1849(tp)
core   0: 0 0x80005758 (0x73921503) x10 0xffffb8b9 mem 0x80033c02
core   0: 0x8000575c (0x0002fa17) auipc   s4, 0x2f
core   0: 0 0x8000575c (0x0002fa17) x20 0x8003475c
core   0: 0x80005760 (0x33ea0a13) addi    s4, s4, 830
core   0: 0 0x80005760 (0x33ea0a13) x20 0x80034a9a
core   0: 0x80005764 (0x03aa1a83) lh      s5, 58(s4)
core   0: 0 0x80005764 (0x03aa1a83) x21 0xffff8e8f mem 0x80034ad4
core   0: 0x80005768 (0x00000001) c.nop
core   0: 0 0x80005768 (0x0001)
core   0: 0x8000576a (0x00ffd493) srli    s1, t6, 15
core   0: 0 0x8000576a (0x00ffd493) x9  0x0001ffff
core   0: 0x8000576e (0xf576c813) xori    a6, a3, -169
core   0: 0 0x8000576e (0xf576c813) x16 0xffff9f0d
core   0: 0x80005772 (0x8f25a593) slti    a1, a1, -1806
core   0: 0 0x80005772 (0x8f25a593) x11 0x00000000
core   0: 0x80005776 (0x00aa0ba3) sb      a0, 23(s4)
core   0: 0 0x80005776 (0x00aa0ba3) mem 0x80034ab1 0xb9
core   0: 0x8000577a (0x03dd96b3) mulh    a3, s11, t4
core   0: 0 0x8000577a (0x03dd96b3) x13 0xffffffff
core   0: 0x8000577e (0x00008fc1) c.or    a5, s0
core   0: 0 0x8000577e (0x8fc1) x15 0x00017000
core   0: 0x80005780 (0x03f08bb3) mul     s7, ra, t6
core   0: 0 0x80005780 (0x03f08bb3) x23 0xffff6e1a
core   0: 0x80005784 (0x0000100f) fence.i
core   0: 0 0x80005784 (0x0000100f)
core   0: 0x80005788 (0xffda4f83) lbu     t6, -3(s4)
core   0: 0 0x80005788 (0xffda4f83) x31 0x0000004c mem 0x80034a97
core   0: 0x8000578c (0xfe7a2b23) sw      t2, -10(s4)
core   0: 0 0x8000578c (0xfe7a2b23) mem 0x80034a90 0x00000092
core   0: 0x80005790 (0xfc1a1e23) sh      ra, -36(s4)
core   0: 0 0x80005790 (0xfc1a1e23) mem 0x80034a76 0x019f
core   0: 0x80005794 (0x0015b433) sltu    s0, a1, ra
core   0: 0 0x80005794 (0x0015b433) x8  0x00000001
core   0: 0x80005798 (0x416b5293) srai    t0, s6, 22
core   0: 0 0x80005798 (0x416b5293) x5  0x00000000
core   0: 0x8000579c (0x03b879b3) remu    s3, a6, s11
core   0: 0 0x8000579c (0x03b879b3) x19 0x00000000
core   0: 0x800057a0 (0x000045ad) c.li    a1, 11
core   0: 0 0x800057a0 (0x45ad) x11 0x0000000b
core   0: 0x800057a2 (0xfdea0e03) lb      t3, -34(s4)
core   0: 0 0x800057a2 (0xfdea0e03) x28 0x00000033 mem 0x80034a78
core   0: 0x800057a6 (0x00008dad) c.xor   a1, a1
core   0: 0 0x800057a6 (0x8dad) x11 0x00000000
core   0: 0x800057a8 (0x01479c93) slli    s9, a5, 20
core   0: 0 0x800057a8 (0x01479c93) x25 0x00000000
core   0: 0x800057ac (0x00008fb9) c.xor   a5, a4
core   0: 0 0x800057ac (0x8fb9) x15 0x8005bce4
core   0: 0x800057ae (0x747e8e13) addi    t3, t4, 1863
core   0: 0 0x800057ae (0x747e8e13) x28 0x0000073f
core   0: 0x800057b2 (0x00961513) slli    a0, a2, 9
core   0: 0 0x800057b2 (0x00961513) x10 0x091c7000
core   0: 0x800057b6 (0x03aa5083) lhu     ra, 58(s4)
core   0: 0 0x800057b6 (0x03aa5083) x1  0x00008e8f mem 0x80034ad4
core   0: 0x800057ba (0x023a0383) lb      t2, 35(s4)
core   0: 0 0x800057ba (0x023a0383) x7  0x00000076 mem 0x80034abd
core   0: 0x800057be (0x034a6b33) rem     s6, s4, s4
core   0: 0 0x800057be (0x034a6b33) x22 0x00000000
core   0: 0x800057c2 (0x000081f1) c.srli  a1, 28
core   0: 0 0x800057c2 (0x81f1) x11 0x00000000
core   0: 0x800057c4 (0x035a4383) lbu     t2, 53(s4)
core   0: 0 0x800057c4 (0x035a4383) x7  0x00000084 mem 0x80034acf
core   0: 0x800057c8 (0xff6a0723) sb      s6, -18(s4)
core   0: 0 0x800057c8 (0xff6a0723) mem 0x80034a88 0x0
core   0: 0x800057cc (0x82687213) andi    tp, a6, -2010
core   0: 0 0x800057cc (0x82687213) x4  0xffff9804
core   0: 0x800057d0 (0x00ba0483) lb      s1, 11(s4)
core   0: 0 0x800057d0 (0x00ba0483) x9  0x0000005e mem 0x80034aa5
core   0: 0x800057d4 (0x000093b2) c.add   t2, a2
core   0: 0 0x800057d4 (0x93b2) x7  0x80048ebc
core   0: 0x800057d6 (0x00008d41) c.or    a0, s0
core   0: 0 0x800057d6 (0x8d41) x10 0x091c7001
core   0: 0x800057d8 (0x03da0483) lb      s1, 61(s4)
core   0: 0 0x800057d8 (0x03da0483) x9  0xffffff8c mem 0x80034ad7
core   0: 0x800057dc (0x01cd5693) srli    a3, s10, 28
core   0: 0 0x800057dc (0x01cd5693) x13 0x00000000
core   0: 0x800057e0 (0x025a00a3) sb      t0, 33(s4)
core   0: 0 0x800057e0 (0x025a00a3) mem 0x80034abb 0x0
core   0: 0x800057e4 (0xfe2a5783) lhu     a5, -30(s4)
core   0: 0 0x800057e4 (0xfe2a5783) x15 0x00003637 mem 0x80034a7c
core   0: 0x800057e8 (0xfc2a2483) lw      s1, -62(s4)
core   0: 0 0x800057e8 (0xfc2a2483) x9  0x14151617 mem 0x80034a5c
core   0: 0x800057ec (0x022313b3) mulh    t2, t1, sp
core   0: 0 0x800057ec (0x022313b3) x7  0xfffffff8
core   0: 0x800057f0 (0x00b3c7b3) xor     a5, t2, a1
core   0: 0 0x800057f0 (0x00b3c7b3) x15 0xfffffff8
core   0: 0x800057f4 (0x0290e9b3) rem     s3, ra, s1
core   0: 0 0x800057f4 (0x0290e9b3) x19 0x00008e8f
core   0: 0x800057f8 (0xff9a0a83) lb      s5, -7(s4)
core   0: 0 0x800057f8 (0xff9a0a83) x21 0x00000000 mem 0x80034a93
core   0: 0x800057fc (0xfcca01a3) sb      a2, -61(s4)
core   0: 0 0x800057fc (0xfcca01a3) mem 0x80034a5d 0x38
core   0: 0x80005800 (0xffda0e83) lb      t4, -3(s4)
core   0: 0 0x80005800 (0xffda0e83) x29 0x0000004c mem 0x80034a97
core   0: 0x80005804 (0x40935d93) srai    s11, t1, 9
core   0: 0 0x80005804 (0x40935d93) x27 0x00000000
core   0: 0x80005808 (0x032d04b3) mul     s1, s10, s2
core   0: 0 0x80005808 (0x032d04b3) x9  0x23860000
core   0: 0x8000580c (0xfe6a4203) lbu     tp, -26(s4)
core   0: 0 0x8000580c (0xfe6a4203) x4  0x0000003b mem 0x80034a80
core   0: 0x80005810 (0x0002fc17) auipc   s8, 0x2f
core   0: 0 0x80005810 (0x0002fc17) x24 0x80034810
core   0: 0x80005814 (0x838c0c13) addi    s8, s8, -1992
core   0: 0 0x80005814 (0x838c0c13) x24 0x80034048
core   0: 0x80005818 (0x184e79b7) lui     s3, 0x184e7
core   0: 0 0x80005818 (0x184e79b7) x19 0x184e7000
core   0: 0x8000581c (0x00009c4e) c.add   s8, s3
core   0: 0 0x8000581c (0x9c4e) x24 0x9851b048
core   0: 0x8000581e (0xac0c09a3) sb      zero, -1325(s8)
core   0: 0 0x8000581e (0xac0c09a3) mem 0x9851ab1b 0x0
core   0: 0x80005822 (0xb42c1623) sh      sp, -1204(s8)
core   0: 0 0x80005822 (0xb42c1623) mem 0x9851ab94 0x9895
core   0: 0x80005826 (0xba3c0ea3) sb      gp, -1091(s8)
core   0: 0 0x80005826 (0xba3c0ea3) mem 0x9851ac05 0x0
core   0: 0x8000582a (0x0e4c01a3) sb      tp, 227(s8)
core   0: 0 0x8000582a (0x0e4c01a3) mem 0x9851b12b 0x3b
core   0: 0x8000582e (0x9a5c0323) sb      t0, -1626(s8)
core   0: 0 0x8000582e (0x9a5c0323) mem 0x9851a9ee 0x0
core   0: 0x80005832 (0x0e6c0aa3) sb      t1, 245(s8)
core   0: 0 0x80005832 (0x0e6c0aa3) mem 0x9851b13d 0xb8
core   0: 0x80005836 (0x0113efb3) or      t6, t2, a7
core   0: 0 0x80005836 (0x0113efb3) x31 0xfffffffe
core   0: 0x8000583a (0x000084bd) c.srai  s1, 15
core   0: 0 0x8000583a (0x84bd) x9  0x0000470c
core   0: 0x8000583c (0xad3c4483) lbu     s1, -1325(s8)
core   0: 0 0x8000583c (0xad3c4483) x9  0x00000000 mem 0x9851ab1b
core   0: 0x80005840 (0xdddc08a3) sb      t4, -559(s8)
core   0: 0 0x80005840 (0xdddc08a3) mem 0x9851ae19 0x4c
core   0: 0x80005844 (0x77b5ed13) ori     s10, a1, 1915
core   0: 0 0x80005844 (0x77b5ed13) x26 0x0000077b
core   0: 0x80005848 (0xb4cc1183) lh      gp, -1204(s8)
core   0: 0 0x80005848 (0xb4cc1183) x3  0xffff9895 mem 0x9851ab94
core   0: 0x8000584c (0xbbdc4883) lbu     a7, -1091(s8)
core   0: 0 0x8000584c (0xbbdc4883) x17 0x00000000 mem 0x9851ac05
core   0: 0x80005850 (0x0e3c0283) lb      t0, 227(s8)
core   0: 0 0x80005850 (0x0e3c0283) x5  0x0000003b mem 0x9851b12b
core   0: 0x80005854 (0x038b15b3) mulh    a1, s6, s8
core   0: 0 0x80005854 (0x038b15b3) x11 0x00000000
core   0: 0x80005858 (0x9a6c4783) lbu     a5, -1626(s8)
core   0: 0 0x80005858 (0x9a6c4783) x15 0x00000000 mem 0x9851a9ee
core   0: 0x8000585c (0xaee94d13) xori    s10, s2, -1298
core   0: 0 0x8000585c (0xaee94d13) x26 0xb71c7aee
core   0: 0x80005860 (0x0f5c4f03) lbu     t5, 245(s8)
core   0: 0 0x80005860 (0x0f5c4f03) x30 0x000000b8 mem 0x9851b13d
core   0: 0x80005864 (0x0003bc97) auipc   s9, 0x3b
core   0: 0 0x80005864 (0x0003bc97) x25 0x80040864
core   0: 0x80005868 (0x539c8c93) addi    s9, s9, 1337
core   0: 0 0x80005868 (0x539c8c93) x25 0x80040d9d
core   0: 0x8000586c (0x432c8b83) lb      s7, 1074(s9)
core   0: 0 0x8000586c (0x432c8b83) x23 0xffffff84 mem 0x800411cf
core   0: 0x80005870 (0x436c8923) sb      s6, 1074(s9)
core   0: 0 0x80005870 (0x436c8923) mem 0x800411cf 0x0
core   0: 0x80005874 (0x43dc8923) sb      t4, 1074(s9)
core   0: 0 0x80005874 (0x43dc8923) mem 0x800411cf 0x4c
core   0: 0x80005878 (0x432c8883) lb      a7, 1074(s9)
core   0: 0 0x80005878 (0x432c8883) x17 0x0000004c mem 0x800411cf
core   0: 0x8000587c (0xdc0c8883) lb      a7, -576(s9)
core   0: 0 0x8000587c (0xdc0c8883) x17 0x00000016 mem 0x80040b5d
core   0: 0x80005880 (0xdc9c8023) sb      s1, -576(s9)
core   0: 0 0x80005880 (0xdc9c8023) mem 0x80040b5d 0x0
core   0: 0x80005884 (0xbc7c8e83) lb      t4, -1081(s9)
core   0: 0 0x80005884 (0xbc7c8e83) x29 0x0000001f mem 0x80040964
core   0: 0x80005888 (0x4dfcc783) lbu     a5, 1247(s9)
core   0: 0 0x80005888 (0x4dfcc783) x15 0x00000037 mem 0x8004127c
core   0: 0x8000588c (0x41185e13) srai    t3, a6, 17
core   0: 0 0x8000588c (0x41185e13) x28 0xffffffff
core   0: 0x80005890 (0x4c1c8fa3) sb      ra, 1247(s9)
core   0: 0 0x80005890 (0x4c1c8fa3) mem 0x8004127c 0x8f
core   0: 0x80005894 (0x4dfc9d03) lh      s10, 1247(s9)
core   0: 0 0x80005894 (0x4dfc9d03) x26 0x0000368f mem 0x8004127c
core   0: 0x80005898 (0x4cbc8fa3) sb      a1, 1247(s9)
core   0: 0 0x80005898 (0x4cbc8fa3) mem 0x8004127c 0x0
core   0: 0x8000589c (0x0002d317) auipc   t1, 0x2d
core   0: 0 0x8000589c (0x0002d317) x6  0x8003289c
core   0: 0x800058a0 (0x7ac30313) addi    t1, t1, 1964
core   0: 0 0x800058a0 (0x7ac30313) x6  0x80033048
core   0: 0x800058a4 (0x181413b7) lui     t2, 0x18141
core   0: 0 0x800058a4 (0x181413b7) x7  0x18141000
core   0: 0x800058a8 (0x0000931e) c.add   t1, t2
core   0: 0 0x800058a8 (0x931e) x6  0x98174048
core   0: 0x800058aa (0x52031623) sh      zero, 1324(t1)
core   0: 0 0x800058aa (0x52031623) mem 0x98174574 0x0000
core   0: 0x800058ae (0x4a231323) sh      sp, 1190(t1)
core   0: 0 0x800058ae (0x4a231323) mem 0x981744ee 0x9895
core   0: 0x800058b2 (0xfa330da3) sb      gp, -69(t1)
core   0: 0 0x800058b2 (0xfa330da3) mem 0x98174003 0x95
core   0: 0x800058b6 (0xde431423) sh      tp, -536(t1)
core   0: 0 0x800058b6 (0xde431423) mem 0x98173e30 0x003b
core   0: 0x800058ba (0x00005b7d) c.li    s6, -1
core   0: 0 0x800058ba (0x5b7d) x22 0xffffffff
core   0: 0x800058bc (0x52c31083) lh      ra, 1324(t1)
core   0: 0 0x800058bc (0x52c31083) x1  0x00000000 mem 0x98174574
core   0: 0x800058c0 (0x416dd933) sra     s2, s11, s6
core   0: 0 0x800058c0 (0x416dd933) x18 0x00000000
core   0: 0x800058c4 (0x7bbe0813) addi    a6, t3, 1979
core   0: 0 0x800058c4 (0x7bbe0813) x16 0x000007ba
core   0: 0x800058c8 (0x03f2f1b3) remu    gp, t0, t6
core   0: 0 0x800058c8 (0x03f2f1b3) x3  0x0000003b
core   0: 0x800058cc (0x03ec5f33) divu    t5, s8, t5
core   0: 0 0x800058cc (0x03ec5f33) x30 0x00d3ec16
core   0: 0x800058d0 (0x41e257b3) sra     a5, tp, t5
core   0: 0 0x800058d0 (0x41e257b3) x15 0x00000000
core   0: 0x800058d4 (0xdb1305a3) sb      a7, -597(t1)
core   0: 0 0x800058d4 (0xdb1305a3) mem 0x98173df3 0x16
core   0: 0x800058d8 (0x4a631b83) lh      s7, 1190(t1)
core   0: 0 0x800058d8 (0x4a631b83) x23 0xffff9895 mem 0x981744ee
core   0: 0x800058dc (0x02d04ab3) div     s5, zero, a3
core   0: 0 0x800058dc (0x02d04ab3) x21 0xffffffff
core   0: 0x800058e0 (0xfbb34b83) lbu     s7, -69(t1)
core   0: 0 0x800058e0 (0xfbb34b83) x23 0x00000095 mem 0x98174003
core   0: 0x800058e4 (0xde831a83) lh      s5, -536(t1)
core   0: 0 0x800058e4 (0xde831a83) x21 0x0000003b mem 0x98173e30
core   0: 0x800058e8 (0x2cd30ea3) sb      a3, 733(t1)
core   0: 0 0x800058e8 (0x2cd30ea3) mem 0x98174325 0x0
core   0: 0x800058ec (0x0128adb3) slt     s11, a7, s2
core   0: 0 0x800058ec (0x0128adb3) x27 0x00000000
core   0: 0x800058f0 (0x00894233) xor     tp, s2, s0
core   0: 0 0x800058f0 (0x00894233) x4  0x00000001
core   0: 0x800058f4 (0x038f6b33) rem     s6, t5, s8
core   0: 0 0x800058f4 (0x038f6b33) x22 0x00d3ec16
core   0: 0x800058f8 (0xcea31723) sh      a0, -786(t1)
core   0: 0 0x800058f8 (0xcea31723) mem 0x98173d36 0x7001
core   0: 0x800058fc (0x0002e897) auipc   a7, 0x2e
core   0: 0 0x800058fc (0x0002e897) x17 0x800338fc
core   0: 0x80005900 (0x13788893) addi    a7, a7, 311
core   0: 0 0x80005900 (0x13788893) x17 0x80033a33
core   0: 0x80005904 (0x0058d483) lhu     s1, 5(a7)
core   0: 0 0x80005904 (0x0058d483) x9  0x0000f2f3 mem 0x80033a38
core   0: 0x80005908 (0x0028c283) lbu     t0, 2(a7)
core   0: 0 0x80005908 (0x0028c283) x5  0x000000ee mem 0x80033a35
core   0: 0x8000590c (0x0ff0000f) fence   iorw,iorw
core   0: 0 0x8000590c (0x0ff0000f)
core   0: 0x80005910 (0x00388483) lb      s1, 3(a7)
core   0: 0 0x80005910 (0x00388483) x9  0xffffffed mem 0x80033a36
core   0: 0x80005914 (0x00a88583) lb      a1, 10(a7)
core   0: 0 0x80005914 (0x00a88583) x11 0xfffffff6 mem 0x80033a3d
core   0: 0x80005918 (0x0000100f) fence.i
core   0: 0 0x80005918 (0x0000100f)
core   0: 0x8000591c (0x009897a3) sh      s1, 15(a7)
core   0: 0 0x8000591c (0x009897a3) mem 0x80033a42 0xffed
core   0: 0x80005920 (0x03c1e0b3) rem     ra, gp, t3
core   0: 0 0x80005920 (0x03c1e0b3) x1  0x00000000
core   0: 0x80005924 (0x00088f83) lb      t6, 0(a7)
core   0: 0 0x80005924 (0x00088f83) x31 0xffffffe8 mem 0x80033a33
core   0: 0x80005928 (0x00488c03) lb      s8, 4(a7)
core   0: 0 0x80005928 (0x00488c03) x24 0xffffffec mem 0x80033a37
core   0: 0x8000592c (0xff589f83) lh      t6, -11(a7)
core   0: 0 0x8000592c (0xff589f83) x31 0xffffe2e3 mem 0x80033a28
core   0: 0x80005930 (0xff8899a3) sh      s8, -13(a7)
core   0: 0 0x80005930 (0xff8899a3) mem 0x80033a26 0xffec
core   0: 0x80005934 (0xff988e83) lb      t4, -7(a7)
core   0: 0 0x80005934 (0xff988e83) x29 0xffffffe7 mem 0x80033a2c
core   0: 0x80005938 (0x00801413) slli    s0, zero, 8
core   0: 0 0x80005938 (0x00801413) x8  0x00000000
core   0: 0x8000593c (0xff488383) lb      t2, -12(a7)
core   0: 0 0x8000593c (0xff488383) x7  0xffffffff mem 0x80033a27
core   0: 0x80005940 (0x01365e13) srli    t3, a2, 19
core   0: 0 0x80005940 (0x01365e13) x28 0x00001000
core   0: 0x80005944 (0xff288f83) lb      t6, -14(a7)
core   0: 0 0x80005944 (0xff288f83) x31 0xffffffde mem 0x80033a25
core   0: 0x80005948 (0x00008c89) c.sub   s1, a0
core   0: 0 0x80005948 (0x8c89) x9  0xf6e38fec
core   0: 0x8000594a (0xff989e83) lh      t4, -7(a7)
core   0: 0 0x8000594a (0xff989e83) x29 0xffffe6e7 mem 0x80033a2c
core   0: 0x8000594e (0x003b0bb3) add     s7, s6, gp
core   0: 0 0x8000594e (0x003b0bb3) x23 0x00d3ec51
core   0: 0x80005952 (0xfe688a23) sb      t1, -12(a7)
core   0: 0 0x80005952 (0xfe688a23) mem 0x80033a27 0x48
core   0: 0x80005956 (0x00004e95) c.li    t4, 5
core   0: 0 0x80005956 (0x4e95) x29 0x00000005
core   0: 0x80005958 (0x00000d3e) c.slli  s10, 15
core   0: 0 0x80005958 (0x0d3e) x26 0x1b478000
core   0: 0x8000595a (0x0098ab83) lw      s7, 9(a7)
core   0: 0 0x8000595a (0x0098ab83) x23 0xf4f5f6f7 mem 0x80033a3c
core   0: 0x8000595e (0x03eb7e33) remu    t3, s6, t5
core   0: 0 0x8000595e (0x03eb7e33) x28 0x00000000
core   0: 0x80005962 (0x0068cb03) lbu     s6, 6(a7)
core   0: 0 0x80005962 (0x0068cb03) x22 0x000000f2 mem 0x80033a39
core   0: 0x80005966 (0x00688503) lb      a0, 6(a7)
core   0: 0 0x80005966 (0x00688503) x10 0xfffffff2 mem 0x80033a39
core   0: 0x8000596a (0x00000916) c.slli  s2, 5
core   0: 0 0x8000596a (0x0916) x18 0x00000000
core   0: 0x8000596c (0x9eb02f13) slti    t5, zero, -1557
core   0: 0 0x8000596c (0x9eb02f13) x30 0x00000000
core   0: 0x80005970 (0xff9889a3) sb      s9, -13(a7)
core   0: 0 0x80005970 (0xff9889a3) mem 0x80033a26 0x9d
core   0: 0x80005974 (0x031426b3) mulhsu  a3, s0, a7
core   0: 0 0x80005974 (0x031426b3) x13 0x00000000
core   0: 0x80005978 (0x00a8c483) lbu     s1, 10(a7)
core   0: 0 0x80005978 (0x00a8c483) x9  0x000000f6 mem 0x80033a3d
core   0: 0x8000597c (0xff088c03) lb      s8, -16(a7)
core   0: 0 0x8000597c (0xff088c03) x24 0xffffffd8 mem 0x80033a23
core   0: 0x80005980 (0xfeb88a23) sb      a1, -12(a7)
core   0: 0 0x80005980 (0xfeb88a23) mem 0x80033a27 0xf6
core   0: 0x80005984 (0x03226c33) rem     s8, tp, s2
core   0: 0 0x80005984 (0x03226c33) x24 0x00000001
core   0: 0x80005988 (0x012886a3) sb      s2, 13(a7)
core   0: 0 0x80005988 (0x012886a3) mem 0x80033a40 0x0
core   0: 0x8000598c (0xff989d83) lh      s11, -7(a7)
core   0: 0 0x8000598c (0xff989d83) x27 0xffffe6e7 mem 0x80033a2c
core   0: 0x80005990 (0x00488c03) lb      s8, 4(a7)
core   0: 0 0x80005990 (0x00488c03) x24 0xffffffec mem 0x80033a37
core   0: 0x80005994 (0x003895a3) sh      gp, 11(a7)
core   0: 0 0x80005994 (0x003895a3) mem 0x80033a3e 0x003b
core   0: 0x80005998 (0x00038d97) auipc   s11, 0x38
core   0: 0 0x80005998 (0x00038d97) x27 0x8003d998
core   0: 0x8000599c (0x47cd8d93) addi    s11, s11, 1148
core   0: 0 0x8000599c (0x47cd8d93) x27 0x8003de14
core   0: 0x800059a0 (0xfcddc083) lbu     ra, -51(s11)
core   0: 0 0x800059a0 (0xfcddc083) x1  0x0000009a mem 0x8003dde1
core   0: 0x800059a4 (0x00818533) add     a0, gp, s0
core   0: 0 0x800059a4 (0x00818533) x10 0x0000003b
core   0: 0x800059a8 (0xfddd8203) lb      tp, -35(s11)
core   0: 0 0x800059a8 (0xfddd8203) x4  0xffffffaa mem 0x8003ddf1
core   0: 0x800059ac (0xfc4d8ea3) sb      tp, -35(s11)
core   0: 0 0x800059ac (0xfc4d8ea3) mem 0x8003ddf1 0xaa
core   0: 0x800059b0 (0xfccd8ea3) sb      a2, -35(s11)
core   0: 0 0x800059b0 (0xfccd8ea3) mem 0x8003ddf1 0x38
core   0: 0x800059b4 (0xfecd9483) lh      s1, -20(s11)
core   0: 0 0x800059b4 (0xfecd9483) x9  0xffffbabb mem 0x8003de00
core   0: 0x800059b8 (0x010d8523) sb      a6, 10(s11)
core   0: 0 0x800059b8 (0x010d8523) mem 0x8003de1e 0xba
core   0: 0x800059bc (0x00000001) c.nop
core   0: 0 0x800059bc (0x0001)
core   0: 0x800059be (0x0314bcb3) mulhu   s9, s1, a7
core   0: 0 0x800059be (0x0314bcb3) x25 0x8003178f
core   0: 0x800059c2 (0x018dcb83) lbu     s7, 24(s11)
core   0: 0 0x800059c2 (0x018dcb83) x23 0x000000e7 mem 0x8003de2c
core   0: 0x800059c6 (0x018dd303) lhu     t1, 24(s11)
core   0: 0 0x800059c6 (0x018dd303) x6  0x0000e6e7 mem 0x8003de2c
core   0: 0x800059ca (0xfe5d89a3) sb      t0, -13(s11)
core   0: 0 0x800059ca (0xfe5d89a3) mem 0x8003de07 0xee
core   0: 0x800059ce (0x02cdce03) lbu     t3, 44(s11)
core   0: 0 0x800059ce (0x02cdce03) x28 0x000000fb mem 0x8003de40
core   0: 0x800059d2 (0xfdad8323) sb      s10, -58(s11)
core   0: 0 0x800059d2 (0xfdad8323) mem 0x8003ddda 0x0
core   0: 0x800059d6 (0x00bd8b23) sb      a1, 22(s11)
core   0: 0 0x800059d6 (0x00bd8b23) mem 0x8003de2a 0xf6
core   0: 0x800059da (0x016d9983) lh      s3, 22(s11)
core   0: 0 0x800059da (0x016d9983) x19 0xffffe0f6 mem 0x8003de2a
core   0: 0x800059de (0xfe5dc003) lbu     zero, -27(s11)
core   0: 0 0x800059de (0xfe5dc003) mem 0x8003ddf9
core   0: 0x800059e2 (0xfc9d8e03) lb      t3, -55(s11)
core   0: 0 0x800059e2 (0xfc9d8e03) x28 0xffffff96 mem 0x8003dddd
core   0: 0x800059e6 (0x00035417) auipc   s0, 0x35
core   0: 0 0x800059e6 (0x00035417) x8  0x8003a9e6
core   0: 0x800059ea (0x05940413) addi    s0, s0, 89
core   0: 0 0x800059ea (0x05940413) x8  0x8003aa3f
core   0: 0x800059ee (0x01240503) lb      a0, 18(s0)
core   0: 0 0x800059ee (0x01240503) x10 0x0000000a mem 0x8003aa51
core   0: 0x800059f2 (0x0002ed17) auipc   s10, 0x2e
core   0: 0 0x800059f2 (0x0002ed17) x26 0x800339f2
core   0: 0x800059f6 (0x42ed0d13) addi    s10, s10, 1070
core   0: 0 0x800059f6 (0x42ed0d13) x26 0x80033e20
core   0: 0x800059fa (0xfd444f83) lbu     t6, -44(s0)
core   0: 0 0x800059fa (0xfd444f83) x31 0x000000c8 mem 0x8003aa13
core   0: 0x800059fe (0x00fd4a83) lbu     s5, 15(s10)
core   0: 0 0x800059fe (0x00fd4a83) x21 0x000000e4 mem 0x80033e2f
core   0: 0x80005a02 (0x004d1223) sh      tp, 4(s10)
core   0: 0 0x80005a02 (0x004d1223) mem 0x80033e24 0xffaa
core   0: 0x80005a06 (0xfc240283) lb      t0, -62(s0)
core   0: 0 0x80005a06 (0xfc240283) x5  0xffffffba mem 0x8003aa01
core   0: 0x80005a0a (0xfffd4e83) lbu     t4, -1(s10)
core   0: 0 0x80005a0a (0xfffd4e83) x29 0x000000d4 mem 0x80033e1f
core   0: 0x80005a0e (0xfc444f03) lbu     t5, -60(s0)
core   0: 0 0x80005a0e (0xfc444f03) x30 0x000000b8 mem 0x8003aa03
core   0: 0x80005a12 (0x005414a3) sh      t0, 9(s0)
core   0: 0 0x80005a12 (0x005414a3) mem 0x8003aa48 0xffba
core   0: 0x80005a16 (0xff745083) lhu     ra, -9(s0)
core   0: 0 0x80005a16 (0xff745083) x1  0x0000eced mem 0x8003aa36
core   0: 0x80005a1a (0xfe440903) lb      s2, -28(s0)
core   0: 0 0x80005a1a (0xfe440903) x18 0xffffffd8 mem 0x8003aa23
core   0: 0x80005a1e (0xfd940183) lb      gp, -39(s0)
core   0: 0 0x80005a1e (0xfd940183) x3  0xffffffd3 mem 0x8003aa18
core   0: 0x80005a22 (0x00ed0123) sb      a4, 2(s10)
core   0: 0 0x80005a22 (0x00ed0123) mem 0x80033e22 0xe4
core   0: 0x80005a26 (0xffdd0e83) lb      t4, -3(s10)
core   0: 0 0x80005a26 (0xffdd0e83) x29 0xffffffd6 mem 0x80033e1d
core   0: 0x80005a2a (0x00840a83) lb      s5, 8(s0)
core   0: 0 0x80005a2a (0x00840a83) x21 0xfffffffc mem 0x8003aa47
core   0: 0x80005a2e (0x0003ee97) auipc   t4, 0x3e
core   0: 0 0x80005a2e (0x0003ee97) x29 0x80043a2e
core   0: 0x80005a32 (0xeb4e8e93) addi    t4, t4, -332
core   0: 0 0x80005a32 (0xeb4e8e93) x29 0x800438e2
core   0: 0x80005a36 (0x00005d7d) c.li    s10, -1
core   0: 0 0x80005a36 (0x5d7d) x26 0xffffffff
core   0: 0x80005a38 (0xf8be87a3) sb      a1, -113(t4)
core   0: 0 0x80005a38 (0xf8be87a3) mem 0x80043871 0xf6
core   0: 0x80005a3c (0xf3ae8323) sb      s10, -218(t4)
core   0: 0 0x80005a3c (0xf3ae8323) mem 0x80043808 0xff
core   0: 0x80005a40 (0xfbfec083) lbu     ra, -65(t4)
core   0: 0 0x80005a40 (0xfbfec083) x1  0x0000005a mem 0x800438a1
core   0: 0x80005a44 (0x780ccb93) xori    s7, s9, 1920
core   0: 0 0x80005a44 (0x780ccb93) x23 0x8003100f
core   0: 0x80005a48 (0x00008d81) c.sub   a1, s0
core   0: 0 0x80005a48 (0x8d81) x11 0x7ffc55b7
core   0: 0x80005a4a (0xfd6ecb83) lbu     s7, -42(t4)
core   0: 0 0x80005a4a (0xfd6ecb83) x23 0x00000073 mem 0x800438b8
core   0: 0x80005a4e (0x0d5eca83) lbu     s5, 213(t4)
core   0: 0 0x80005a4e (0x0d5eca83) x21 0x0000006c mem 0x800439b7
core   0: 0x80005a52 (0x0a9e8b03) lb      s6, 169(t4)
core   0: 0 0x80005a52 (0x0a9e8b03) x22 0x00000040 mem 0x8004398b
core   0: 0x80005a56 (0xfb7e8523) sb      s7, -86(t4)
core   0: 0 0x80005a56 (0xfb7e8523) mem 0x8004388c 0x73
core   0: 0x80005a5a (0x011ecf83) lbu     t6, 17(t4)
core   0: 0 0x80005a5a (0x011ecf83) x31 0x000000a8 mem 0x800438f3
core   0: 0x80005a5e (0x5f258317) auipc   t1, 0x5f258
core   0: 0 0x80005a5e (0x5f258317) x6  0xdf25da5e
core   0: 0x80005a62 (0x929c3593) sltiu   a1, s8, -1751
core   0: 0 0x80005a62 (0x929c3593) x11 0x00000000
core   0: 0x80005a66 (0x069ecd83) lbu     s11, 105(t4)
core   0: 0 0x80005a66 (0x069ecd83) x27 0x00000000 mem 0x8004394b
core   0: 0x80005a6a (0x0f2e8803) lb      a6, 242(t4)
core   0: 0 0x80005a6a (0x0f2e8803) x16 0xffffff8f mem 0x800439d4
core   0: 0x80005a6e (0x039e97b3) mulh    a5, t4, s9
core   0: 0 0x80005a6e (0x039e97b3) x15 0x3ffc57d4
core   0: 0x80005a72 (0x00008886) c.mv    a7, ra
core   0: 0 0x80005a72 (0x8886) x17 0x0000005a
core   0: 0x80005a74 (0xf13eca83) lbu     s5, -237(t4)
core   0: 0 0x80005a74 (0xf13eca83) x21 0x000000ae mem 0x800437f5
core   0: 0x80005a78 (0xb9b63093) sltiu   ra, a2, -1125
core   0: 0 0x80005a78 (0xb9b63093) x1  0x00000001
core   0: 0x80005a7c (0x0199d413) srli    s0, s3, 25
core   0: 0 0x80005a7c (0x0199d413) x8  0x0000007f
core   0: 0x80005a80 (0x04022c13) slti    s8, tp, 64
core   0: 0 0x80005a80 (0x04022c13) x24 0x00000001
core   0: 0x80005a84 (0xf31e8d83) lb      s11, -207(t4)
core   0: 0 0x80005a84 (0xf31e8d83) x27 0xffffffc8 mem 0x80043813
core   0: 0x80005a88 (0x000062cd) c.lui   t0, 0x13
core   0: 0 0x80005a88 (0x62cd) x5  0x00013000
core   0: 0x80005a8a (0xfe9ec783) lbu     a5, -23(t4)
core   0: 0 0x80005a8a (0xfe9ec783) x15 0x00000080 mem 0x800438cb
core   0: 0x80005a8e (0x00000001) c.nop
core   0: 0 0x80005a8e (0x0001)
core   0: 0x80005a90 (0x00008efd) c.and   a3, a5
core   0: 0 0x80005a90 (0x8efd) x13 0x00000000
core   0: 0x80005a92 (0x01be89a3) sb      s11, 19(t4)
core   0: 0 0x80005a92 (0x01be89a3) mem 0x800438f5 0xc8
core   0: 0x80005a96 (0x000086b5) c.srai  a3, 13
core   0: 0 0x80005a96 (0x86b5) x13 0x00000000
core   0: 0x80005a98 (0x3f3c3b97) auipc   s7, 0x3f3c3
core   0: 0 0x80005a98 (0x3f3c3b97) x23 0xbf3c8a98
core   0: 0x80005a9c (0x6d2cfe13) andi    t3, s9, 1746
core   0: 0 0x80005a9c (0x6d2cfe13) x28 0x00000682
core   0: 0x80005aa0 (0x0a6e8aa3) sb      t1, 181(t4)
core   0: 0 0x80005aa0 (0x0a6e8aa3) mem 0x80043997 0x5e
core   0: 0x80005aa4 (0x01385813) srli    a6, a6, 19
core   0: 0 0x80005aa4 (0x01385813) x16 0x00001fff
core   0: 0x80005aa8 (0xfdccf813) andi    a6, s9, -36
core   0: 0 0x80005aa8 (0xfdccf813) x16 0x8003178c
core   0: 0x80005aac (0x093e9c23) sh      s3, 152(t4)
core   0: 0 0x80005aac (0x093e9c23) mem 0x8004397a 0xe0f6
core   0: 0x80005ab0 (0x0d4e8b03) lb      s6, 212(t4)
core   0: 0 0x80005ab0 (0x0d4e8b03) x22 0x0000006d mem 0x800439b6
core   0: 0x80005ab4 (0x00001a7d) c.addi  s4, -1
core   0: 0 0x80005ab4 (0x1a7d) x20 0x80034a99
core   0: 0x80005ab6 (0x00008d59) c.or    a0, a4
core   0: 0 0x80005ab6 (0x8d59) x10 0x8004ccee
core   0: 0x80005ab8 (0xf9fec983) lbu     s3, -97(t4)
core   0: 0 0x80005ab8 (0xf9fec983) x19 0x0000003a mem 0x80043881
core   0: 0x80005abc (0x096eaf23) sw      s6, 158(t4)
core   0: 0 0x80005abc (0x096eaf23) mem 0x80043980 0x0000006d
core   0: 0x80005ac0 (0x01fce033) or      zero, s9, t6
core   0: 0 0x80005ac0 (0x01fce033)
core   0: 0x80005ac4 (0x000007d5) c.addi  a5, 21
core   0: 0 0x80005ac4 (0x07d5) x15 0x00000095
core   0: 0x80005ac6 (0x0a4ed783) lhu     a5, 164(t4)
core   0: 0 0x80005ac6 (0x0a4ed783) x15 0x00003c3d mem 0x80043986
core   0: 0x80005aca (0xf37e8d03) lb      s10, -201(t4)
core   0: 0 0x80005aca (0xf37e8d03) x26 0xffffffd2 mem 0x80043819
core   0: 0x80005ace (0x01964233) xor     tp, a2, s9
core   0: 0 0x80005ace (0x01964233) x4  0x000799b7
core   0: 0x80005ad2 (0xf8cedc83) lhu     s9, -116(t4)
core   0: 0 0x80005ad2 (0xf8cedc83) x25 0x00002425 mem 0x8004386e
core   0: 0x80005ad6 (0x01dcdb13) srli    s6, s9, 29
core   0: 0 0x80005ad6 (0x01dcdb13) x22 0x00000000
core   0: 0x80005ada (0xff9e8c23) sb      s9, -8(t4)
core   0: 0 0x80005ada (0xff9e8c23) mem 0x800438da 0x25
core   0: 0x80005ade (0xe375bc97) auipc   s9, 0xe375b
core   0: 0 0x80005ade (0xe375bc97) x25 0x63760ade
core   0: 0x80005ae2 (0x037d3833) mulhu   a6, s10, s7
core   0: 0 0x80005ae2 (0x037d3833) x16 0xbf3c8a75
core   0: 0x80005ae6 (0x0a6eaa83) lw      s5, 166(t4)
core   0: 0 0x80005ae6 (0x0a6eaa83) x21 0x40414243 mem 0x80043988
core   0: 0x80005aea (0xf9bec783) lbu     a5, -101(t4)
core   0: 0 0x80005aea (0xf9bec783) x15 0x00000036 mem 0x8004387d
core   0: 0x80005aee (0x41a75f93) srai    t6, a4, 26
core   0: 0 0x80005aee (0x41a75f93) x31 0xffffffe0
core   0: 0x80005af2 (0x07fe8083) lb      ra, 127(t4)
core   0: 0 0x80005af2 (0x07fe8083) x1  0x0000001a mem 0x80043961
core   0: 0x80005af6 (0x00008385) c.srli  a5, 1
core   0: 0 0x80005af6 (0x8385) x15 0x0000001b
core   0: 0x80005af8 (0x00008115) c.srli  a0, 5
core   0: 0 0x80005af8 (0x8115) x10 0x04002667
core   0: 0x80005afa (0x41b1d9b3) sra     s3, gp, s11
core   0: 0 0x80005afa (0x41b1d9b3) x19 0xffffffff
core   0: 0x80005afe (0xf98e8783) lb      a5, -104(t4)
core   0: 0 0x80005afe (0xf98e8783) x15 0x00000031 mem 0x8004387a
core   0: 0x80005b02 (0x0003a997) auipc   s3, 0x3a
core   0: 0 0x80005b02 (0x0003a997) x19 0x8003fb02
core   0: 0x80005b06 (0x82b98993) addi    s3, s3, -2005
core   0: 0 0x80005b06 (0x82b98993) x19 0x8003f32d
core   0: 0x80005b0a (0x9c098b83) lb      s7, -1600(s3)
core   0: 0 0x80005b0a (0x9c098b83) x23 0xffffffa6 mem 0x8003eced
core   0: 0x80005b0e (0x9ce98023) sb      a4, -1600(s3)
core   0: 0 0x80005b0e (0x9ce98023) mem 0x8003eced 0xe4
core   0: 0x80005b12 (0x9c098b03) lb      s6, -1600(s3)
core   0: 0 0x80005b12 (0x9c098b03) x22 0xffffffe4 mem 0x8003eced
core   0: 0x80005b16 (0xb7790893) addi    a7, s2, -1161
core   0: 0 0x80005b16 (0xb7790893) x17 0xfffffb4f
core   0: 0x80005b1a (0x030ee333) rem     t1, t4, a6
core   0: 0 0x80005b1a (0x030ee333) x6  0xc0c7ae6d
core   0: 0x80005b1e (0xe9e10093) addi    ra, sp, -354
core   0: 0 0x80005b1e (0xe9e10093) x1  0xf5e39733
core   0: 0x80005b22 (0x9c098083) lb      ra, -1600(s3)
core   0: 0 0x80005b22 (0x9c098083) x1  0xffffffe4 mem 0x8003eced
core   0: 0x80005b26 (0x162994a3) sh      sp, 361(s3)
core   0: 0 0x80005b26 (0x162994a3) mem 0x8003f496 0x9895
core   0: 0x80005b2a (0x0000940a) c.add   s0, sp
core   0: 0 0x80005b2a (0x940a) x8  0xf5e39914
core   0: 0x80005b2c (0x1699d883) lhu     a7, 361(s3)
core   0: 0 0x80005b2c (0x1699d883) x17 0x00009895 mem 0x8003f496
core   0: 0x80005b30 (0x16a984a3) sb      a0, 361(s3)
core   0: 0 0x80005b30 (0x16a984a3) mem 0x8003f496 0x67
core   0: 0x80005b34 (0x16999b03) lh      s6, 361(s3)
core   0: 0 0x80005b34 (0x16999b03) x22 0xffff9867 mem 0x8003f496
core   0: 0x80005b38 (0x00008c8d) c.sub   s1, a1
core   0: 0 0x80005b38 (0x8c8d) x9  0xffffbabb
core   0: 0x80005b3a (0x0000041e) c.slli  s0, 7
core   0: 0 0x80005b3a (0x041e) x8  0xf1cc8a00
core   0: 0x80005b3c (0x037d6fb3) rem     t6, s10, s7
core   0: 0 0x80005b3c (0x037d6fb3) x31 0xffffffd2
core   0: 0x80005b40 (0xb3498283) lb      t0, -1228(s3)
core   0: 0 0x80005b40 (0xb3498283) x5  0x0000001a mem 0x8003ee61
core   0: 0x80005b44 (0x7ff9a203) lw      tp, 2047(s3)
core   0: 0 0x80005b44 (0x7ff9a203) x4  0xe4e5e6e7 mem 0x8003fb2c
core   0: 0x80005b48 (0xf4399a03) lh      s4, -189(s3)
core   0: 0 0x80005b48 (0xf4399a03) x20 0x00002a2b mem 0x8003f270
core   0: 0x80005b4c (0xf45991a3) sh      t0, -189(s3)
core   0: 0 0x80005b4c (0xf45991a3) mem 0x8003f270 0x001a
core   0: 0x80005b50 (0xf439a903) lw      s2, -189(s3)
core   0: 0 0x80005b50 (0xf439a903) x18 0x2829001a mem 0x8003f270
core   0: 0x80005b54 (0x0002ed17) auipc   s10, 0x2e
core   0: 0 0x80005b54 (0x0002ed17) x26 0x80033b54
core   0: 0x80005b58 (0x5d3d0d13) addi    s10, s10, 1491
core   0: 0 0x80005b58 (0x5d3d0d13) x26 0x80034127
core   0: 0x80005b5c (0x0002e317) auipc   t1, 0x2e
core   0: 0 0x80005b5c (0x0002e317) x6  0x80033b5c
core   0: 0x80005b60 (0xe2a30313) addi    t1, t1, -470
core   0: 0 0x80005b60 (0xe2a30313) x6  0x80033986
core   0: 0x80005b64 (0x69dd5e03) lhu     t3, 1693(s10)
core   0: 0 0x80005b64 (0x69dd5e03) x28 0x00007e7f mem 0x800347c4
core   0: 0x80005b68 (0xf0b30b03) lb      s6, -245(t1)
core   0: 0 0x80005b68 (0xf0b30b03) x22 0x0000004a mem 0x80033891
core   0: 0x80005b6c (0x599d1d83) lh      s11, 1433(s10)
core   0: 0 0x80005b6c (0x599d1d83) x27 0x00007a7b mem 0x800346c0
core   0: 0x80005b70 (0x741d5583) lhu     a1, 1857(s10)
core   0: 0 0x80005b70 (0x741d5583) x11 0x00002223 mem 0x80034868
core   0: 0x80005b74 (0x07230ea3) sb      s2, 125(t1)
core   0: 0 0x80005b74 (0x07230ea3) mem 0x80033a03 0x1a
core   0: 0x80005b78 (0x0bdd1c83) lh      s9, 189(s10)
core   0: 0 0x80005b78 (0x0bdd1c83) x25 0xffff9e9f mem 0x800341e4
core   0: 0x80005b7c (0xa1e303a3) sb      t5, -1529(t1)
core   0: 0 0x80005b7c (0xa1e303a3) mem 0x8003338d 0xb8
core   0: 0x80005b80 (0x1f9d1da3) sh      s9, 507(s10)
core   0: 0 0x80005b80 (0x1f9d1da3) mem 0x80034322 0x9e9f
core   0: 0x80005b84 (0xe6c31a23) sh      a2, -396(t1)
core   0: 0 0x80005b84 (0xe6c31a23) mem 0x800337fa 0x8e38
core   0: 0x80005b88 (0x0a4d0a83) lb      s5, 164(s10)
core   0: 0 0x80005b88 (0x0a4d0a83) x21 0xffffff80 mem 0x800341cb
core   0: 0x80005b8c (0x4d130803) lb      a6, 1233(t1)
core   0: 0 0x80005b8c (0x4d130803) x16 0x0000000c mem 0x80033e57
core   0: 0x80005b90 (0x446d4b03) lbu     s6, 1094(s10)
core   0: 0 0x80005b90 (0x446d4b03) x22 0x00000026 mem 0x8003456d
core   0: 0x80005b94 (0xac530903) lb      s2, -1339(t1)
core   0: 0 0x80005b94 (0xac530903) x18 0x00000000 mem 0x8003344b
core   0: 0x80005b98 (0x418d0b83) lb      s7, 1048(s10)
core   0: 0 0x80005b98 (0x418d0b83) x23 0xfffffff4 mem 0x8003453f
core   0: 0x80005b9c (0xf0831b83) lh      s7, -248(t1)
core   0: 0 0x80005b9c (0xf0831b83) x23 0x00004445 mem 0x8003388e
core   0: 0x80005ba0 (0xfa6d1ba3) sh      t1, -73(s10)
core   0: 0 0x80005ba0 (0xfa6d1ba3) mem 0x800340de 0x3986
core   0: 0x80005ba4 (0x1cdd5783) lhu     a5, 461(s10)
core   0: 0 0x80005ba4 (0x1cdd5783) x15 0x0000aeaf mem 0x800342f4
core   0: 0x80005ba8 (0xdab31423) sh      a1, -600(t1)
core   0: 0 0x80005ba8 (0xdab31423) mem 0x8003372e 0x2223
core   0: 0x80005bac (0x0002e697) auipc   a3, 0x2e
core   0: 0 0x80005bac (0x0002e697) x13 0x80033bac
core   0: 0x80005bb0 (0x37068693) addi    a3, a3, 880
core   0: 0 0x80005bb0 (0x37068693) x13 0x80033f1c
core   0: 0x80005bb4 (0x0246dd03) lhu     s10, 36(a3)
core   0: 0 0x80005bb4 (0x0246dd03) x26 0x0000fafb mem 0x80033f40
core   0: 0x80005bb8 (0x0003c217) auipc   tp, 0x3c
core   0: 0 0x80005bb8 (0x0003c217) x4  0x80041bb8
core   0: 0x80005bbc (0xc4720213) addi    tp, tp, -953
core   0: 0 0x80005bbc (0xc4720213) x4  0x800417ff
core   0: 0x80005bc0 (0x00620ca3) sb      t1, 25(tp)
core   0: 0 0x80005bc0 (0x00620ca3) mem 0x80041818 0x86
core   0: 0x80005bc4 (0xfd168803) lb      a6, -47(a3)
core   0: 0 0x80005bc4 (0xfd168803) x16 0xffffffa6 mem 0x80033eed
core   0: 0x80005bc8 (0xfca686a3) sb      a0, -51(a3)
core   0: 0 0x80005bc8 (0xfca686a3) mem 0x80033ee9 0x67
core   0: 0x80005bcc (0x00e211a3) sh      a4, 3(tp)
core   0: 0 0x80005bcc (0x00e211a3) mem 0x80041802 0xcce4
core   0: 0x80005bd0 (0x00125b83) lhu     s7, 1(tp)
core   0: 0 0x80005bd0 (0x00125b83) x23 0x0000babb mem 0x80041800
core   0: 0x80005bd4 (0x00020783) lb      a5, 0(tp)
core   0: 0 0x80005bd4 (0x00020783) x15 0xffffffb4 mem 0x800417ff
core   0: 0x80005bd8 (0xfc968e83) lb      t4, -55(a3)
core   0: 0 0x80005bd8 (0xfc968e83) x29 0xffffff9e mem 0x80033ee5
core   0: 0x80005bdc (0xfeb68e83) lb      t4, -21(a3)
core   0: 0 0x80005bdc (0xfeb68e83) x29 0xffffffbc mem 0x80033f07
core   0: 0x80005be0 (0x02725c03) lhu     s8, 39(tp)
core   0: 0 0x80005be0 (0x02725c03) x24 0x0000dcdd mem 0x80041826
core   0: 0x80005be4 (0x01820f23) sb      s8, 30(tp)
core   0: 0 0x80005be4 (0x01820f23) mem 0x8004181d 0xdd
core   0: 0x80005be8 (0x03b24303) lbu     t1, 59(tp)
core   0: 0 0x80005be8 (0x03b24303) x6  0x000000f1 mem 0x8004183a
core   0: 0x80005bec (0xfc020fa3) sb      zero, -33(tp)
core   0: 0 0x80005bec (0xfc020fa3) mem 0x800417de 0x0
core   0: 0x80005bf0 (0xfd16c003) lbu     zero, -47(a3)
core   0: 0 0x80005bf0 (0xfd16c003) mem 0x80033eed
core   0: 0x80005bf4 (0xfdc68a83) lb      s5, -36(a3)
core   0: 0 0x80005bf4 (0xfdc68a83) x21 0xffffffb3 mem 0x80033ef8
core   0: 0x80005bf8 (0xfed22ea3) sw      a3, -3(tp)
core   0: 0 0x80005bf8 (0xfed22ea3) mem 0x800417fc 0x80033f1c
core   0: 0x80005bfc (0x0002e997) auipc   s3, 0x2e
core   0: 0 0x80005bfc (0x0002e997) x19 0x80033bfc
core   0: 0x80005c00 (0x42398993) addi    s3, s3, 1059
core   0: 0 0x80005c00 (0x42398993) x19 0x8003401f
core   0: 0x80005c04 (0x02c55233) divu    tp, a0, a2
core   0: 0 0x80005c04 (0x02c55233) x4  0x00000000
core   0: 0x80005c08 (0x585fe6b7) lui     a3, 0x585fe
core   0: 0 0x80005c08 (0x585fe6b7) x13 0x585fe000
core   0: 0x80005c0c (0x000081e5) c.srli  a1, 25
core   0: 0 0x80005c0c (0x81e5) x11 0x00000000
core   0: 0x80005c0e (0xffd9a4a3) sw      t4, -23(s3)
core   0: 0 0x80005c0e (0xffd9a4a3) mem 0x80034008 0xffffffbc
core   0: 0x80005c12 (0x03eba433) mulhsu  s0, s7, t5
core   0: 0 0x80005c12 (0x03eba433) x8  0x00000000
core   0: 0x80005c16 (0x02098203) lb      tp, 32(s3)
core   0: 0 0x80005c16 (0x02098203) x4  0xfffffff4 mem 0x8003403f
core   0: 0x80005c1a (0x01435293) srli    t0, t1, 20
core   0: 0 0x80005c1a (0x01435293) x5  0x00000000
core   0: 0x80005c1e (0xfdf98723) sb      t6, -50(s3)
core   0: 0 0x80005c1e (0xfdf98723) mem 0x80033fed 0xd2
core   0: 0x80005c22 (0x00008555) c.srai  a0, 21
core   0: 0 0x80005c22 (0x8555) x10 0x00000020
core   0: 0x80005c24 (0x000095b2) c.add   a1, a2
core   0: 0 0x80005c24 (0x95b2) x11 0x80048e38
core   0: 0x80005c26 (0x000084cd) c.srai  s1, 19
core   0: 0 0x80005c26 (0x84cd) x9  0xffffffff
core   0: 0x80005c28 (0x77b0f313) andi    t1, ra, 1915
core   0: 0 0x80005c28 (0x77b0f313) x6  0x00000760
core   0: 0x80005c2c (0xfe79db83) lhu     s7, -25(s3)
core   0: 0 0x80005c2c (0xfe79db83) x23 0x0000bcbd mem 0x80034006
core   0: 0x80005c30 (0x02098f83) lb      t6, 32(s3)
core   0: 0 0x80005c30 (0x02098f83) x31 0xfffffff4 mem 0x8003403f
core   0: 0x80005c34 (0x011725b3) slt     a1, a4, a7
core   0: 0 0x80005c34 (0x011725b3) x11 0x00000001
core   0: 0x80005c38 (0x0099d883) lhu     a7, 9(s3)
core   0: 0 0x80005c38 (0x0099d883) x17 0x0000e2e3 mem 0x80034028
core   0: 0x80005c3c (0x02398e03) lb      t3, 35(s3)
core   0: 0 0x80005c3c (0x02398e03) x28 0xfffffff9 mem 0x80034042
core   0: 0x80005c40 (0x00098c03) lb      s8, 0(s3)
core   0: 0 0x80005c40 (0x00098c03) x24 0xffffffd4 mem 0x8003401f
core   0: 0x80005c44 (0xfc7986a3) sb      t2, -51(s3)
core   0: 0 0x80005c44 (0xfc7986a3) mem 0x80033fec 0xff
core   0: 0x80005c48 (0x0289cd03) lbu     s10, 40(s3)
core   0: 0 0x80005c48 (0x0289cd03) x26 0x000000fc mem 0x80034047
core   0: 0x80005c4c (0x0000025a) c.slli  tp, 22
core   0: 0 0x80005c4c (0x025a) x4  0xfd000000
core   0: 0x80005c4e (0x03298223) sb      s2, 36(s3)
core   0: 0 0x80005c4e (0x03298223) mem 0x80034043 0x0
core   0: 0x80005c52 (0x005240b3) xor     ra, tp, t0
core   0: 0 0x80005c52 (0x005240b3) x1  0xfd000000
core   0: 0x80005c56 (0x004617b3) sll     a5, a2, tp
core   0: 0 0x80005c56 (0x004617b3) x15 0x80048e38
core   0: 0x80005c5a (0x030252b3) divu    t0, tp, a6
core   0: 0 0x80005c5a (0x030252b3) x5  0x00000000
core   0: 0x80005c5e (0x01a998a3) sh      s10, 17(s3)
core   0: 0 0x80005c5e (0x01a998a3) mem 0x80034030 0x00fc
core   0: 0x80005c62 (0x01e98223) sb      t5, 4(s3)
core   0: 0 0x80005c62 (0x01e98223) mem 0x80034023 0xb8
core   0: 0x80005c66 (0x01321033) sll     zero, tp, s3
core   0: 0 0x80005c66 (0x01321033)
core   0: 0x80005c6a (0x037c1d33) mulh    s10, s8, s7
core   0: 0 0x80005c6a (0x037c1d33) x26 0xffffffff
core   0: 0x80005c6e (0xfcb9c183) lbu     gp, -53(s3)
core   0: 0 0x80005c6e (0xfcb9c183) x3  0x000000a1 mem 0x80033fea
core   0: 0x80005c72 (0xff99a803) lw      a6, -7(s3)
core   0: 0 0x80005c72 (0xff99a803) x16 0xd0d1d2d3 mem 0x80034018
core   0: 0x80005c76 (0x000098ae) c.add   a7, a1
core   0: 0 0x80005c76 (0x98ae) x17 0x0000e2e4
core   0: 0x80005c78 (0x0219c503) lbu     a0, 33(s3)
core   0: 0 0x80005c78 (0x0219c503) x10 0x000000fb mem 0x80034040
core   0: 0x80005c7c (0x00e9c383) lbu     t2, 14(s3)
core   0: 0 0x80005c7c (0x00e9c383) x7  0x000000e6 mem 0x8003402d
core   0: 0x80005c80 (0xfd399a03) lh      s4, -45(s3)
core   0: 0 0x80005c80 (0xfd399a03) x20 0xffffa8a9 mem 0x80033ff2
core   0: 0x80005c84 (0x00008f5e) c.mv    t5, s7
core   0: 0 0x80005c84 (0x8f5e) x30 0x0000bcbd
core   0: 0x80005c86 (0x03e49533) mulh    a0, s1, t5
core   0: 0 0x80005c86 (0x03e49533) x10 0xffffffff
core   0: 0x80005c8a (0x00008ea1) c.xor   a3, s0
core   0: 0 0x80005c8a (0x8ea1) x13 0x585fe000
core   0: 0x80005c8c (0x0202dbb3) divu    s7, t0, zero
core   0: 0 0x80005c8c (0x0202dbb3) x23 0xffffffff
core   0: 0x80005c90 (0xfdf9d183) lhu     gp, -33(s3)
core   0: 0 0x80005c90 (0xfdf9d183) x3  0x0000b4b5 mem 0x80033ffe
core   0: 0x80005c94 (0x01a99aa3) sh      s10, 21(s3)
core   0: 0 0x80005c94 (0x01a99aa3) mem 0x80034034 0xffff
core   0: 0x80005c98 (0xfcb99383) lh      t2, -53(s3)
core   0: 0 0x80005c98 (0xfcb99383) x7  0xffffa0a1 mem 0x80033fea
core   0: 0x80005c9c (0x00008529) c.srai  a0, 10
core   0: 0 0x80005c9c (0x8529) x10 0xffffffff
core   0: 0x80005c9e (0x022ddd33) divu    s10, s11, sp
core   0: 0 0x80005c9e (0x022ddd33) x26 0x00000000
core   0: 0x80005ca2 (0x0ff0000f) fence   iorw,iorw
core   0: 0 0x80005ca2 (0x0ff0000f)
core   0: 0x80005ca6 (0xfc598123) sb      t0, -62(s3)
core   0: 0 0x80005ca6 (0xfc598123) mem 0x80033fe1 0x0
core   0: 0x80005caa (0x00821793) slli    a5, tp, 8
core   0: 0 0x80005caa (0x00821793) x15 0x00000000
core   0: 0x80005cae (0x00b78233) add     tp, a5, a1
core   0: 0 0x80005cae (0x00b78233) x4  0x00000001
core   0: 0x80005cb2 (0x01c9c903) lbu     s2, 28(s3)
core   0: 0 0x80005cb2 (0x01c9c903) x18 0x000000f0 mem 0x8003403b
core   0: 0x80005cb6 (0x018a1e13) slli    t3, s4, 24
core   0: 0 0x80005cb6 (0x018a1e13) x28 0xa9000000
core   0: 0x80005cba (0xfd298083) lb      ra, -46(s3)
core   0: 0 0x80005cba (0xfd298083) x1  0xffffffaa mem 0x80033ff1
core   0: 0x80005cbe (0x0003e217) auipc   tp, 0x3e
core   0: 0 0x80005cbe (0x0003e217) x4  0x80043cbe
core   0: 0x80005cc2 (0x33f20213) addi    tp, tp, 831
core   0: 0 0x80005cc2 (0x33f20213) x4  0x80043ffd
core   0: 0x80005cc6 (0x00006efd) c.lui   t4, 0x1f
core   0: 0 0x80005cc6 (0x6efd) x29 0x0001f000
core   0: 0x80005cc8 (0x031e87b3) mul     a5, t4, a7
core   0: 0 0x80005cc8 (0x031e87b3) x15 0xb799c000
core   0: 0x80005ccc (0x0ff0000f) fence   iorw,iorw
core   0: 0 0x80005ccc (0x0ff0000f)
core   0: 0x80005cd0 (0x03420923) sb      s4, 50(tp)
core   0: 0 0x80005cd0 (0x03420923) mem 0x8004402f 0xa9
core   0: 0x80005cd4 (0xfea212a3) sh      a0, -27(tp)
core   0: 0 0x80005cd4 (0xfea212a3) mem 0x80043fe2 0xffff
core   0: 0x80005cd8 (0x00008ae1) c.andi  a3, 24
core   0: 0 0x80005cd8 (0x8ae1) x13 0x00000000
core   0: 0x80005cda (0x02624303) lbu     t1, 38(tp)
core   0: 0 0x80005cda (0x02624303) x6  0x000000d8 mem 0x80044023
core   0: 0x80005cde (0xfbc67413) andi    s0, a2, -68
core   0: 0 0x80005cde (0xfbc67413) x8  0x80048e38
core   0: 0x80005ce2 (0xff820e03) lb      t3, -8(tp)
core   0: 0 0x80005ce2 (0xff820e03) x28 0xffffffae mem 0x80043ff5
core   0: 0x80005ce6 (0x01a934b3) sltu    s1, s2, s10
core   0: 0 0x80005ce6 (0x01a934b3) x9  0x00000000
core   0: 0x80005cea (0x00e24683) lbu     a3, 14(tp)
core   0: 0 0x80005cea (0x00e24683) x13 0x000000c0 mem 0x8004400b
core   0: 0x80005cee (0x039221a3) sw      s9, 35(tp)
core   0: 0 0x80005cee (0x039221a3) mem 0x80044020 0xffff9e9f
core   0: 0x80005cf2 (0x40d85033) sra     zero, a6, a3
core   0: 0 0x80005cf2 (0x40d85033)
core   0: 0x80005cf6 (0xff620fa3) sb      s6, -1(tp)
core   0: 0 0x80005cf6 (0xff620fa3) mem 0x80043ffc 0x26
core   0: 0x80005cfa (0x00121383) lh      t2, 1(tp)
core   0: 0 0x80005cfa (0x00121383) x7  0xffffb4b5 mem 0x80043ffe
core   0: 0x80005cfe (0x0000987d) c.andi  s0, -1
core   0: 0 0x80005cfe (0x987d) x8  0x80048e38
core   0: 0x80005d00 (0x01daa0b3) slt     ra, s5, t4
core   0: 0 0x80005d00 (0x01daa0b3) x1  0x00000001
core   0: 0x80005d04 (0xfd620a23) sb      s6, -44(tp)
core   0: 0 0x80005d04 (0xfd620a23) mem 0x80043fd1 0x26
core   0: 0x80005d08 (0x01e74bb3) xor     s7, a4, t5
core   0: 0 0x80005d08 (0x01e74bb3) x23 0x80047059
core   0: 0x80005d0c (0x026ca5b3) mulhsu  a1, s9, t1
core   0: 0 0x80005d0c (0x026ca5b3) x11 0xffffffff
core   0: 0x80005d10 (0xfd9225a3) sw      s9, -53(tp)
core   0: 0 0x80005d10 (0xfd9225a3) mem 0x80043fc8 0xffff9e9f
core   0: 0x80005d14 (0x02224f03) lbu     t5, 34(tp)
core   0: 0 0x80005d14 (0x02224f03) x30 0x000000d4 mem 0x8004401f
core   0: 0x80005d18 (0x02c7bd33) mulhu   s10, a5, a2
core   0: 0 0x80005d18 (0x02c7bd33) x26 0x5bd02466
core   0: 0x80005d1c (0x016885b3) add     a1, a7, s6
core   0: 0 0x80005d1c (0x016885b3) x11 0x0000e30a
core   0: 0x80005d20 (0x404b5a93) srai    s5, s6, 4
core   0: 0 0x80005d20 (0x404b5a93) x21 0x00000002
core   0: 0x80005d24 (0xfd424183) lbu     gp, -44(tp)
core   0: 0 0x80005d24 (0xfd424183) x3  0x00000026 mem 0x80043fd1
core   0: 0x80005d28 (0x00008dad) c.xor   a1, a1
core   0: 0 0x80005d28 (0x8dad) x11 0x00000000
core   0: 0x80005d2a (0xfc6c0993) addi    s3, s8, -58
core   0: 0 0x80005d2a (0xfc6c0993) x19 0xffffff9a
core   0: 0x80005d2e (0x03624683) lbu     a3, 54(tp)
core   0: 0 0x80005d2e (0x03624683) x13 0x000000e8 mem 0x80044033
core   0: 0x80005d32 (0x01621fa3) sh      s6, 31(tp)
core   0: 0 0x80005d32 (0x01621fa3) mem 0x8004401c 0x0026
core   0: 0x80005d36 (0xffd20f23) sb      t4, -2(tp)
core   0: 0 0x80005d36 (0xffd20f23) mem 0x80043ffb 0x0
core   0: 0x80005d3a (0xfec20183) lb      gp, -20(tp)
core   0: 0 0x80005d3a (0xfec20183) x3  0xffffffa2 mem 0x80043fe9
core   0: 0x80005d3e (0x00620b83) lb      s7, 6(tp)
core   0: 0 0x80005d3e (0x00620b83) x23 0xffffffb8 mem 0x80044003
core   0: 0x80005d42 (0x02820983) lb      s3, 40(tp)
core   0: 0 0x80005d42 (0x02820983) x19 0xffffffde mem 0x80044025
core   0: 0x80005d46 (0x0128d333) srl     t1, a7, s2
core   0: 0 0x80005d46 (0x0128d333) x6  0x00000000
core   0: 0x80005d4a (0xbebcb597) auipc   a1, 0xbebcb
core   0: 0 0x80005d4a (0xbebcb597) x11 0x3ebd0d4a
core   0: 0x80005d4e (0x66e81297) auipc   t0, 0x66e81
core   0: 0 0x80005d4e (0x66e81297) x5  0xe6e86d4e
core   0: 0x80005d52 (0x001203a3) sb      ra, 7(tp)
core   0: 0 0x80005d52 (0x001203a3) mem 0x80044004 0x1
core   0: 0x80005d56 (0x00e81a13) slli    s4, a6, 14
core   0: 0 0x80005d56 (0x00e81a13) x20 0x74b4c000
core   0: 0x80005d5a (0x02024d83) lbu     s11, 32(tp)
core   0: 0 0x80005d5a (0x02024d83) x27 0x00000000 mem 0x8004401d
core   0: 0x80005d5e (0x00924c03) lbu     s8, 9(tp)
core   0: 0 0x80005d5e (0x00924c03) x24 0x000000bd mem 0x80044006
core   0: 0x80005d62 (0xfd525c03) lhu     s8, -43(tp)
core   0: 0 0x80005d62 (0xfd525c03) x24 0x00008889 mem 0x80043fd2
core   0: 0x80005d66 (0x9ee22813) slti    a6, tp, -1554
core   0: 0 0x80005d66 (0x9ee22813) x16 0x00000001
core   0: 0x80005d6a (0x00000001) c.nop
core   0: 0 0x80005d6a (0x0001)
core   0: 0x80005d6c (0x00000001) c.nop
core   0: 0 0x80005d6c (0x0001)
core   0: 0x80005d6e (0x00120da3) sb      ra, 27(tp)
core   0: 0 0x80005d6e (0x00120da3) mem 0x80044018 0x1
core   0: 0x80005d72 (0x0098e833) or      a6, a7, s1
core   0: 0 0x80005d72 (0x0098e833) x16 0x0000e2e4
core   0: 0x80005d76 (0x00024383) lbu     t2, 0(tp)
core   0: 0 0x80005d76 (0x00024383) x7  0x000000b6 mem 0x80043ffd
core   0: 0x80005d7a (0xfdf22b83) lw      s7, -33(tp)
core   0: 0 0x80005d7a (0xfdf22b83) x23 0x94959697 mem 0x80043fdc
core   0: 0x80005d7e (0x00008c91) c.sub   s1, a2
core   0: 0 0x80005d7e (0x8c91) x9  0x7ffb71c8
core   0: 0x80005d80 (0x03524f83) lbu     t6, 53(tp)
core   0: 0 0x80005d80 (0x03524f83) x31 0x000000e9 mem 0x80044032
core   0: 0x80005d84 (0xfd920a23) sb      s9, -44(tp)
core   0: 0 0x80005d84 (0xfd920a23) mem 0x80043fd1 0x9f
core   0: 0x80005d88 (0x0000100f) fence.i
core   0: 0 0x80005d88 (0x0000100f)
core   0: 0x80005d8c (0x0ff0000f) fence   iorw,iorw
core   0: 0 0x80005d8c (0x0ff0000f)
core   0: 0x80005d90 (0xff121383) lh      t2, -15(tp)
core   0: 0 0x80005d90 (0xff121383) x7  0xffffa4a5 mem 0x80043fee
core   0: 0x80005d94 (0x0002ed97) auipc   s11, 0x2e
core   0: 0 0x80005d94 (0x0002ed97) x27 0x80033d94
core   0: 0x80005d98 (0x2b4d8d93) addi    s11, s11, 692
core   0: 0 0x80005d98 (0x2b4d8d93) x27 0x80034048
core   0: 0x80005d9c (0x43a739b7) lui     s3, 0x43a73
core   0: 0 0x80005d9c (0x43a739b7) x19 0x43a73000
core   0: 0x80005da0 (0x00009dce) c.add   s11, s3
core   0: 0 0x80005da0 (0x9dce) x27 0xc3aa7048
core   0: 0x80005da2 (0x9a0d8ca3) sb      zero, -1607(s11)
core   0: 0 0x80005da2 (0x9a0d8ca3) mem 0xc3aa6a01 0x0
core   0: 0x80005da6 (0xcc1d87a3) sb      ra, -817(s11)
core   0: 0 0x80005da6 (0xcc1d87a3) mem 0xc3aa6d17 0x1
core   0: 0x80005daa (0x502da623) sw      sp, 1292(s11)
core   0: 0 0x80005daa (0x502da623) mem 0xc3aa7554 0xf5e39895
core   0: 0x80005dae (0x886d8ba3) sb      t1, -1897(s11)
core   0: 0 0x80005dae (0x886d8ba3) mem 0xc3aa68df 0x0
core   0: 0x80005db2 (0x00008d8d) c.sub   a1, a1
core   0: 0 0x80005db2 (0x8d8d) x11 0x00000000
core   0: 0x80005db4 (0x9b9dca03) lbu     s4, -1607(s11)
core   0: 0 0x80005db4 (0x9b9dca03) x20 0x00000000 mem 0xc3aa6a01
core   0: 0x80005db8 (0xccfd8383) lb      t2, -817(s11)
core   0: 0 0x80005db8 (0xccfd8383) x7  0x00000001 mem 0xc3aa6d17
core   0: 0x80005dbc (0x0000997d) c.andi  a0, -1
core   0: 0 0x80005dbc (0x997d) x10 0xffffffff
core   0: 0x80005dbe (0x50cda583) lw      a1, 1292(s11)
core   0: 0 0x80005dbe (0x50cda583) x11 0xf5e39895 mem 0xc3aa7554
core   0: 0x80005dc2 (0x6b202913) slti    s2, zero, 1714
core   0: 0 0x80005dc2 (0x6b202913) x18 0x00000001
core   0: 0x80005dc6 (0xa3134093) xori    ra, t1, -1487
core   0: 0 0x80005dc6 (0xa3134093) x1  0xfffffa31
core   0: 0x80005dca (0xaf0d87a3) sb      a6, -1297(s11)
core   0: 0 0x80005dca (0xaf0d87a3) mem 0xc3aa6b37 0xe4
core   0: 0x80005dce (0x02abab33) mulhsu  s6, s7, a0
core   0: 0 0x80005dce (0x02abab33) x22 0x94959697
core   0: 0x80005dd2 (0x5c7d85a3) sb      t2, 1483(s11)
core   0: 0 0x80005dd2 (0x5c7d85a3) mem 0xc3aa7613 0x1
core   0: 0x80005dd6 (0x00000001) c.nop
core   0: 0 0x80005dd6 (0x0001)
core   0: 0x80005dd8 (0x00000576) c.slli  a0, 29
core   0: 0 0x80005dd8 (0x0576) x10 0xe0000000
core   0: 0x80005dda (0x586d8623) sb      t1, 1420(s11)
core   0: 0 0x80005dda (0x586d8623) mem 0xc3aa75d4 0x0
core   0: 0x80005dde (0x000008e1) c.addi  a7, 24
core   0: 0 0x80005dde (0x08e1) x17 0x0000e2fc
core   0: 0x80005de0 (0x037488b3) mul     a7, s1, s7
core   0: 0 0x80005de0 (0x037488b3) x17 0xab634cf8
core   0: 0x80005de4 (0x000088fd) c.andi  s1, 31
core   0: 0 0x80005de4 (0x88fd) x9  0x00000008
core   0: 0x80005de6 (0x897d8903) lb      s2, -1897(s11)
core   0: 0 0x80005de6 (0x897d8903) x18 0x00000000 mem 0xc3aa68df
core   0: 0x80005dea (0x00036897) auipc   a7, 0x36
core   0: 0 0x80005dea (0x00036897) x17 0x8003bdea
core   0: 0x80005dee (0x7f188893) addi    a7, a7, 2033
core   0: 0 0x80005dee (0x7f188893) x17 0x8003c5db
core   0: 0x80005df2 (0x0002eb17) auipc   s6, 0x2e
core   0: 0 0x80005df2 (0x0002eb17) x22 0x80033df2
core   0: 0x80005df6 (0x949b0b13) addi    s6, s6, -1719
core   0: 0 0x80005df6 (0x949b0b13) x22 0x8003373b
core   0: 0x80005dfa (0x032b0723) sb      s2, 46(s6)
core   0: 0 0x80005dfa (0x032b0723) mem 0x80033769 0x0
core   0: 0x80005dfe (0x49489ba3) sh      s4, 1175(a7)
core   0: 0 0x80005dfe (0x49489ba3) mem 0x8003ca72 0x0000
core   0: 0x80005e02 (0xb16b0183) lb      gp, -1258(s6)
core   0: 0 0x80005e02 (0xb16b0183) x3  0x0000000a mem 0x80033251
core   0: 0x80005e06 (0x30cb0a23) sb      a2, 788(s6)
core   0: 0 0x80005e06 (0x30cb0a23) mem 0x80033a4f 0x38
core   0: 0x80005e0a (0x5ba88003) lb      zero, 1466(a7)
core   0: 0 0x80005e0a (0x5ba88003) mem 0x8003cb95
core   0: 0x80005e0e (0x247b1c03) lh      s8, 583(s6)
core   0: 0 0x80005e0e (0x247b1c03) x24 0x00003839 mem 0x80033982
core   0: 0x80005e12 (0xe6ab19a3) sh      a0, -397(s6)
core   0: 0 0x80005e12 (0xe6ab19a3) mem 0x800335ae 0x0000
core   0: 0x80005e16 (0x18fb1083) lh      ra, 399(s6)
core   0: 0 0x80005e16 (0x18fb1083) x1  0xffff8081 mem 0x800338ca
core   0: 0x80005e1a (0x4ea8aaa3) sw      a0, 1269(a7)
core   0: 0 0x80005e1a (0x4ea8aaa3) mem 0x8003cad0 0xe0000000
core   0: 0x80005e1e (0x7ff88c23) sb      t6, 2040(a7)
core   0: 0 0x80005e1e (0x7ff88c23) mem 0x8003cdd3 0xe9
core   0: 0x80005e22 (0xe24b0523) sb      tp, -470(s6)
core   0: 0 0x80005e22 (0xe24b0523) mem 0x80033565 0xfd
core   0: 0x80005e26 (0xa26b0523) sb      t1, -1494(s6)
core   0: 0 0x80005e26 (0xa26b0523) mem 0x80033165 0x0
core   0: 0x80005e2a (0xe06b11a3) sh      t1, -509(s6)
core   0: 0 0x80005e2a (0xe06b11a3) mem 0x8003353e 0x0000
core   0: 0x80005e2e (0xb4d88623) sb      a3, -1204(a7)
core   0: 0 0x80005e2e (0xb4d88623) mem 0x8003c127 0xe8
core   0: 0x80005e32 (0x14db1483) lh      s1, 333(s6)
core   0: 0 0x80005e32 (0x14db1483) x9  0x00004243 mem 0x80033888
core   0: 0x80005e36 (0x0002de97) auipc   t4, 0x2d
core   0: 0 0x80005e36 (0x0002de97) x29 0x80032e36
core   0: 0x80005e3a (0x5eee8e93) addi    t4, t4, 1518
core   0: 0 0x80005e3a (0x5eee8e93) x29 0x80033424
core   0: 0x80005e3e (0x3dd74b13) xori    s6, a4, 989
core   0: 0 0x80005e3e (0x3dd74b13) x22 0x8004cf39
core   0: 0x80005e42 (0x7d3b3793) sltiu   a5, s6, 2003
core   0: 0 0x80005e42 (0x7d3b3793) x15 0x00000000
core   0: 0x80005e46 (0xd5e03193) sltiu   gp, zero, -674
core   0: 0 0x80005e46 (0xd5e03193) x3  0x00000001
core   0: 0x80005e4a (0x34578413) addi    s0, a5, 837
core   0: 0 0x80005e4a (0x34578413) x8  0x00000345
core   0: 0x80005e4e (0x29cea483) lw      s1, 668(t4)
core   0: 0 0x80005e4e (0x29cea483) x9  0x78797a7b mem 0x800336c0
core   0: 0x80005e52 (0x691e8b03) lb      s6, 1681(t4)
core   0: 0 0x80005e52 (0x691e8b03) x22 0x0000006e mem 0x80033ab5
core   0: 0x80005e56 (0x00008cb9) c.xor   s1, a4
core   0: 0 0x80005e56 (0x8cb9) x9  0xf87db69f
core   0: 0x80005e58 (0xcb1ecf03) lbu     t5, -847(t4)
core   0: 0 0x80005e58 (0xcb1ecf03) x30 0x0000008e mem 0x800330d5
core   0: 0x80005e5c (0x038d9033) mulh    zero, s11, s8
core   0: 0 0x80005e5c (0x038d9033)
core   0: 0x80005e60 (0xc3fe9e23) sh      t6, -964(t4)
core   0: 0 0x80005e60 (0xc3fe9e23) mem 0x80033060 0x00e9
core   0: 0x80005e64 (0x543e8883) lb      a7, 1347(t4)
core   0: 0 0x80005e64 (0x543e8883) x17 0x0000001c mem 0x80033967
core   0: 0x80005e68 (0x00008a8d) c.andi  a3, 3
core   0: 0 0x80005e68 (0x8a8d) x13 0x00000000
core   0: 0x80005e6a (0x1efe9423) sh      a5, 488(t4)
core   0: 0 0x80005e6a (0x1efe9423) mem 0x8003360c 0x0000
core   0: 0x80005e6e (0x38752813) slti    a6, a0, 903
core   0: 0 0x80005e6e (0x38752813) x16 0x00000001
core   0: 0x80005e72 (0xf61e8203) lb      tp, -159(t4)
core   0: 0 0x80005e72 (0xf61e8203) x4  0x0000003e mem 0x80033385
core   0: 0x80005e76 (0x2429ca93) xori    s5, s3, 578
core   0: 0 0x80005e76 (0x2429ca93) x21 0x43a73242
core   0: 0x80005e7a (0x00000001) c.nop
core   0: 0 0x80005e7a (0x0001)
core   0: 0x80005e7c (0x1a680b37) lui     s6, 0x1a680
core   0: 0 0x80005e7c (0x1a680b37) x22 0x1a680000
core   0: 0x80005e80 (0x00001b7d) c.addi  s6, -1
core   0: 0 0x80005e80 (0x1b7d) x22 0x1a67ffff
core   0: 0x80005e82 (0x50ae8803) lb      a6, 1290(t4)
core   0: 0 0x80005e82 (0x50ae8803) x16 0xffffffe5 mem 0x8003392e
core   0: 0x80005e86 (0x00008442) c.mv    s0, a6
core   0: 0 0x80005e86 (0x8442) x8  0xffffffe5
core   0: 0x80005e88 (0x8cb44917) auipc   s2, 0x8cb44
core   0: 0 0x80005e88 (0x8cb44917) x18 0x0cb49e88
core   0: 0x80005e8c (0x78ea8213) addi    tp, s5, 1934
core   0: 0 0x80005e8c (0x78ea8213) x4  0x43a739d0
core   0: 0x80005e90 (0xfeaec283) lbu     t0, -22(t4)
core   0: 0 0x80005e90 (0xfeaec283) x5  0x000000c5 mem 0x8003340e
core   0: 0x80005e94 (0x03728433) mul     s0, t0, s7
core   0: 0 0x80005e94 (0x03728433) x8  0x571ce233
core   0: 0x80005e98 (0xf81ecd83) lbu     s11, -127(t4)
core   0: 0 0x80005e98 (0xf81ecd83) x27 0x0000005e mem 0x800333a5
core   0: 0x80005e9c (0x1085cf93) xori    t6, a1, 264
core   0: 0 0x80005e9c (0x1085cf93) x31 0xf5e3999d
core   0: 0x80005ea0 (0xe66e8b83) lb      s7, -410(t4)
core   0: 0 0x80005ea0 (0xe66e8b83) x23 0x00000041 mem 0x8003328a
core   0: 0x80005ea4 (0x01a1b533) sltu    a0, gp, s10
core   0: 0 0x80005ea4 (0x01a1b533) x10 0x00000001
core   0: 0x80005ea8 (0xd8ee9f03) lh      t5, -626(t4)
core   0: 0 0x80005ea8 (0xd8ee9f03) x30 0x00006869 mem 0x800331b2
core   0: 0x80005eac (0x08be8803) lb      a6, 139(t4)
core   0: 0 0x80005eac (0x08be8803) x16 0x00000064 mem 0x800334af
core   0: 0x80005eb0 (0xae287993) andi    s3, a6, -1310
core   0: 0 0x80005eb0 (0xae287993) x19 0x00000060
core   0: 0x80005eb4 (0x024cb533) mulhu   a0, s9, tp
core   0: 0 0x80005eb4 (0x024cb533) x10 0x43a72014
core   0: 0x80005eb8 (0x11de8383) lb      t2, 285(t4)
core   0: 0 0x80005eb8 (0x11de8383) x7  0xfffffffa mem 0x80033541
core   0: 0x80005ebc (0x00008295) c.srli  a3, 5
core   0: 0 0x80005ebc (0x8295) x13 0x00000000
core   0: 0x80005ebe (0xc6ce8683) lb      a3, -916(t4)
core   0: 0 0x80005ebe (0xc6ce8683) x13 0x0000004b mem 0x80033090
core   0: 0x80005ec2 (0x0002e397) auipc   t2, 0x2e
core   0: 0 0x80005ec2 (0x0002e397) x7  0x80033ec2
core   0: 0x80005ec6 (0x9cd38393) addi    t2, t2, -1587
core   0: 0 0x80005ec6 (0x9cd38393) x7  0x8003388f
core   0: 0x80005eca (0x008387b3) add     a5, t2, s0
core   0: 0 0x80005eca (0x008387b3) x15 0xd7201ac2
core   0: 0x80005ece (0x92746d13) ori     s10, s0, -1753
core   0: 0 0x80005ece (0x92746d13) x26 0xfffffb37
core   0: 0x80005ed2 (0x0066ef33) or      t5, a3, t1
core   0: 0 0x80005ed2 (0x0066ef33) x30 0x0000004b
core   0: 0x80005ed6 (0x000009d2) c.slli  s3, 20
core   0: 0 0x80005ed6 (0x09d2) x19 0x06000000
core   0: 0x80005ed8 (0x00e3cd83) lbu     s11, 14(t2)
core   0: 0 0x80005ed8 (0x00e3cd83) x27 0x00000056 mem 0x8003389d
core   0: 0x80005edc (0x0053a883) lw      a7, 5(t2)
core   0: 0 0x80005edc (0x0053a883) x17 0x4c4d4e4f mem 0x80033894
core   0: 0x80005ee0 (0xff238283) lb      t0, -14(t2)
core   0: 0 0x80005ee0 (0xff238283) x5  0x0000003a mem 0x80033881
core   0: 0x80005ee4 (0x0033d503) lhu     a0, 3(t2)
core   0: 0 0x80005ee4 (0x0033d503) x10 0x00004849 mem 0x80033892
core   0: 0x80005ee8 (0x00d3c783) lbu     a5, 13(t2)
core   0: 0 0x80005ee8 (0x00d3c783) x15 0x00000057 mem 0x8003389c
core   0: 0x80005eec (0xff838b03) lb      s6, -8(t2)
core   0: 0 0x80005eec (0xff838b03) x22 0x0000003c mem 0x80033887
core   0: 0x80005ef0 (0x00838d03) lb      s10, 8(t2)
core   0: 0 0x80005ef0 (0x00838d03) x26 0x0000004c mem 0x80033897
core   0: 0x80005ef4 (0x00008cf1) c.and   s1, a2
core   0: 0 0x80005ef4 (0x8cf1) x9  0x80048618
core   0: 0x80005ef6 (0x00d3d783) lhu     a5, 13(t2)
core   0: 0 0x80005ef6 (0x00d3d783) x15 0x00005657 mem 0x8003389c
core   0: 0x80005efa (0x0093ad03) lw      s10, 9(t2)
core   0: 0 0x80005efa (0x0093ad03) x26 0x50515253 mem 0x80033898
core   0: 0x80005efe (0xff039da3) sh      a6, -5(t2)
core   0: 0 0x80005efe (0xff039da3) mem 0x8003388a 0x0064
core   0: 0x80005f02 (0xfff38ba3) sb      t6, -9(t2)
core   0: 0 0x80005f02 (0xfff38ba3) mem 0x80033886 0x9d
core   0: 0x80005f06 (0xffe3c203) lbu     tp, -2(t2)
core   0: 0 0x80005f06 (0xffe3c203) x4  0x00000046 mem 0x8003388d
core   0: 0x80005f0a (0x00000001) c.nop
core   0: 0 0x80005f0a (0x0001)
core   0: 0x80005f0c (0xfc139e17) auipc   t3, 0xfc139
core   0: 0 0x80005f0c (0xfc139e17) x28 0x7c13ef0c
core   0: 0x80005f10 (0xffa3c283) lbu     t0, -6(t2)
core   0: 0 0x80005f10 (0xffa3c283) x5  0x00000042 mem 0x80033889
core   0: 0x80005f14 (0x00b39903) lh      s2, 11(t2)
core   0: 0 0x80005f14 (0x00b39903) x18 0x00005051 mem 0x8003389a
core   0: 0x80005f18 (0x3f5dc813) xori    a6, s11, 1013
core   0: 0 0x80005f18 (0x3f5dc813) x16 0x000003a3
core   0: 0x80005f1c (0x00009af2) c.add   s5, t3
core   0: 0 0x80005f1c (0x9af2) x21 0xbfbb214e
core   0: 0x80005f1e (0x00338203) lb      tp, 3(t2)
core   0: 0 0x80005f1e (0x00338203) x4  0x00000049 mem 0x80033892
core   0: 0x80005f22 (0x01038783) lb      a5, 16(t2)
core   0: 0 0x80005f22 (0x01038783) x15 0x00000054 mem 0x8003389f
core   0: 0x80005f26 (0x401d59b3) sra     s3, s10, ra
core   0: 0 0x80005f26 (0x401d59b3) x19 0x2828a929
core   0: 0x80005f2a (0xff838b23) sb      s8, -10(t2)
core   0: 0 0x80005f2a (0xff838b23) mem 0x80033885 0x39
core   0: 0x80005f2e (0x0002e517) auipc   a0, 0x2e
core   0: 0 0x80005f2e (0x0002e517) x10 0x80033f2e
core   0: 0x80005f32 (0x11a50513) addi    a0, a0, 282
core   0: 0 0x80005f32 (0x11a50513) x10 0x80034048
core   0: 0x80005f36 (0x1ea4a3b7) lui     t2, 0x1ea4a
core   0: 0 0x80005f36 (0x1ea4a3b7) x7  0x1ea4a000
core   0: 0x80005f3a (0x0000951e) c.add   a0, t2
core   0: 0 0x80005f3a (0x951e) x10 0x9ea7e048
core   0: 0x80005f3c (0x8c050b23) sb      zero, -1834(a0)
core   0: 0 0x80005f3c (0x8c050b23) mem 0x9ea7d91e 0x0
core   0: 0x80005f40 (0x881502a3) sb      ra, -1915(a0)
core   0: 0 0x80005f40 (0x881502a3) mem 0x9ea7d8cd 0x81
core   0: 0x80005f44 (0x00006ce9) c.lui   s9, 0x1a
core   0: 0 0x80005f44 (0x6ce9) x25 0x0001a000
core   0: 0x80005f46 (0x0358aa33) mulhsu  s4, a7, s5
core   0: 0 0x80005f46 (0x0358aa33) x20 0x392573d2
core   0: 0x80005f4a (0x8d654a83) lbu     s5, -1834(a0)
core   0: 0 0x80005f4a (0x8d654a83) x21 0x00000000 mem 0x9ea7d91e
core   0: 0x80005f4e (0x88550f03) lb      t5, -1915(a0)
core   0: 0 0x80005f4e (0x88550f03) x30 0xffffff81 mem 0x9ea7d8cd
core   0: 0x80005f52 (0x003c1b13) slli    s6, s8, 3
core   0: 0 0x80005f52 (0x003c1b13) x22 0x0001c1c8
core   0: 0x80005f56 (0x69a52a23) sw      s10, 1684(a0)
core   0: 0 0x80005f56 (0x69a52a23) mem 0x9ea7e6dc 0x50515253
core   0: 0x80005f5a (0x00001a7d) c.addi  s4, -1
core   0: 0 0x80005f5a (0x1a7d) x20 0x392573d1
core   0: 0x80005f5c (0x7f450723) sb      s4, 2030(a0)
core   0: 0 0x80005f5c (0x7f450723) mem 0x9ea7e836 0xd1
core   0: 0x80005f60 (0x00000001) c.nop
core   0: 0 0x80005f60 (0x0001)
core   0: 0x80005f62 (0xbac52a23) sw      a2, -1100(a0)
core   0: 0 0x80005f62 (0xbac52a23) mem 0x9ea7dbfc 0x80048e38
core   0: 0x80005f66 (0x0d150ca3) sb      a7, 217(a0)
core   0: 0 0x80005f66 (0x0d150ca3) mem 0x9ea7e121 0x4f
core   0: 0x80005f6a (0x43f51d23) sh      t6, 1082(a0)
core   0: 0 0x80005f6a (0x43f51d23) mem 0x9ea7e482 0x999d
core   0: 0x80005f6e (0x00008091) c.srli  s1, 4
core   0: 0 0x80005f6e (0x8091) x9  0x08004861
core   0: 0x80005f70 (0x0000597d) c.li    s2, -1
core   0: 0 0x80005f70 (0x597d) x18 0xffffffff
core   0: 0x80005f72 (0x136501a3) sb      s6, 291(a0)
core   0: 0 0x80005f72 (0x136501a3) mem 0x9ea7e16b 0xc8
core   0: 0x80005f76 (0x0002e417) auipc   s0, 0x2e
core   0: 0 0x80005f76 (0x0002e417) x8  0x80033f76
core   0: 0x80005f7a (0x0d240413) addi    s0, s0, 210
core   0: 0 0x80005f7a (0x0d240413) x8  0x80034048
core   0: 0x80005f7e (0x3603d337) lui     t1, 0x3603d
core   0: 0 0x80005f7e (0x3603d337) x6  0x3603d000
core   0: 0x80005f82 (0x0000941a) c.add   s0, t1
core   0: 0 0x80005f82 (0x941a) x8  0xb6071048
core   0: 0x80005f84 (0x921405a3) sb      ra, -1749(s0)
core   0: 0 0x80005f84 (0x921405a3) mem 0xb6070973 0x81
core   0: 0x80005f88 (0xf6241523) sh      sp, -150(s0)
core   0: 0 0x80005f88 (0xf6241523) mem 0xb6070fb2 0x9895
core   0: 0x80005f8c (0x00008395) c.srli  a5, 5
core   0: 0 0x80005f8c (0x8395) x15 0x00000002
core   0: 0x80005f8e (0x01118f33) add     t5, gp, a7
core   0: 0 0x80005f8e (0x01118f33) x30 0x4c4d4e50
core   0: 0x80005f92 (0x56d400a3) sb      a3, 1377(s0)
core   0: 0 0x80005f92 (0x56d400a3) mem 0xb60715a9 0x4b
core   0: 0x80005f96 (0x011e9d33) sll     s10, t4, a7
core   0: 0 0x80005f96 (0x011e9d33) x26 0x9a120000
core   0: 0x80005f9a (0x00602eb3) slt     t4, zero, t1
core   0: 0 0x80005f9a (0x00602eb3) x29 0x00000001
core   0: 0x80005f9e (0x41874493) xori    s1, a4, 1048
core   0: 0 0x80005f9e (0x41874493) x9  0x8004c8fc
core   0: 0x80005fa2 (0x92b40b03) lb      s6, -1749(s0)
core   0: 0 0x80005fa2 (0x92b40b03) x22 0xffffff81 mem 0xb6070973
core   0: 0x80005fa6 (0xf6a41283) lh      t0, -150(s0)
core   0: 0 0x80005fa6 (0xf6a41283) x5  0xffff9895 mem 0xb6070fb2
core   0: 0x80005faa (0xf54405a3) sb      s4, -181(s0)
core   0: 0 0x80005faa (0xf54405a3) mem 0xb6070f93 0xd1
core   0: 0x80005fae (0x0cc40423) sb      a2, 200(s0)
core   0: 0 0x80005fae (0x0cc40423) mem 0xb6071110 0x38
core   0: 0x80005fb2 (0x001fab33) slt     s6, t6, ra
core   0: 0 0x80005fb2 (0x001fab33) x22 0x00000001
core   0: 0x80005fb6 (0xd7752317) auipc   t1, 0xd7752
core   0: 0 0x80005fb6 (0xd7752317) x6  0x57757fb6
core   0: 0x80005fba (0x16f40aa3) sb      a5, 373(s0)
core   0: 0 0x80005fba (0x16f40aa3) mem 0xb60711bd 0x2
core   0: 0x80005fbe (0x0002eb17) auipc   s6, 0x2e
core   0: 0 0x80005fbe (0x0002eb17) x22 0x80033fbe
core   0: 0x80005fc2 (0x08ab0b13) addi    s6, s6, 138
core   0: 0 0x80005fc2 (0x08ab0b13) x22 0x80034048
core   0: 0x80005fc6 (0x4dfb9337) lui     t1, 0x4dfb9
core   0: 0 0x80005fc6 (0x4dfb9337) x6  0x4dfb9000
core   0: 0x80005fca (0x00009b1a) c.add   s6, t1
core   0: 0 0x80005fca (0x9b1a) x22 0xcdfed048
core   0: 0x80005fcc (0x4c0b07a3) sb      zero, 1231(s6)
core   0: 0 0x80005fcc (0x4c0b07a3) mem 0xcdfed517 0x0
core   0: 0x80005fd0 (0xd23b0ea3) sb      gp, -707(s6)
core   0: 0 0x80005fd0 (0xd23b0ea3) mem 0xcdfecd85 0x1
core   0: 0x80005fd4 (0xe84b1b23) sh      tp, -362(s6)
core   0: 0 0x80005fd4 (0xe84b1b23) mem 0xcdfecede 0x0049
core   0: 0x80005fd8 (0x965b0da3) sb      t0, -1669(s6)
core   0: 0 0x80005fd8 (0x965b0da3) mem 0xcdfec9c3 0x95
core   0: 0x80005fdc (0xe66b09a3) sb      t1, -397(s6)
core   0: 0 0x80005fdc (0xe66b09a3) mem 0xcdfecebb 0x0
core   0: 0x80005fe0 (0x4cfb4003) lbu     zero, 1231(s6)
core   0: 0 0x80005fe0 (0x4cfb4003) mem 0xcdfed517
core   0: 0x80005fe4 (0xcdcb1823) sh      t3, -816(s6)
core   0: 0 0x80005fe4 (0xcdcb1823) mem 0xcdfecd18 0xef0c
core   0: 0x80005fe8 (0xcc0b02a3) sb      zero, -827(s6)
core   0: 0 0x80005fe8 (0xcc0b02a3) mem 0xcdfecd0d 0x0
core   0: 0x80005fec (0x410b8233) sub     tp, s7, a6
core   0: 0 0x80005fec (0x410b8233) x4  0xfffffc9e
core   0: 0x80005ff0 (0x01899233) sll     tp, s3, s8
core   0: 0 0x80005ff0 (0x01899233) x4  0x52000000
core   0: 0x80005ff4 (0xd3db4f03) lbu     t5, -707(s6)
core   0: 0 0x80005ff4 (0xd3db4f03) x30 0x00000001 mem 0xcdfecd85
core   0: 0x80005ff8 (0xe96b1683) lh      a3, -362(s6)
core   0: 0 0x80005ff8 (0xe96b1683) x13 0x00000049 mem 0xcdfecede
core   0: 0x80005ffc (0x017f48b3) xor     a7, t5, s7
core   0: 0 0x80005ffc (0x017f48b3) x17 0x00000040
core   0: 0x80006000 (0x40ed02b3) sub     t0, s10, a4
core   0: 0 0x80006000 (0x40ed02b3) x5  0x1a0d331c
core   0: 0x80006004 (0x0000849e) c.mv    s1, t2
core   0: 0 0x80006004 (0x849e) x9  0x1ea4a000
core   0: 0x80006006 (0x97bb0c83) lb      s9, -1669(s6)
core   0: 0 0x80006006 (0x97bb0c83) x25 0xffffff95 mem 0xcdfec9c3
core   0: 0x8000600a (0x01e06833) or      a6, zero, t5
core   0: 0 0x8000600a (0x01e06833) x16 0x00000001
core   0: 0x8000600e (0x01ad70b3) and     ra, s10, s10
core   0: 0 0x8000600e (0x01ad70b3) x1  0x9a120000
core   0: 0x80006012 (0xe73b0e03) lb      t3, -397(s6)
core   0: 0 0x80006012 (0xe73b0e03) x28 0x00000000 mem 0xcdfecebb
core   0: 0x80006016 (0x186b0223) sb      t1, 388(s6)
core   0: 0 0x80006016 (0x186b0223) mem 0xcdfed1cc 0x0
core   0: 0x8000601a (0x00038217) auipc   tp, 0x38
core   0: 0 0x8000601a (0x00038217) x4  0x8003e01a
core   0: 0x8000601e (0xac420213) addi    tp, tp, -1340
core   0: 0 0x8000601e (0xac420213) x4  0x8003dade
core   0: 0x80006022 (0x0002eb97) auipc   s7, 0x2e
core   0: 0 0x80006022 (0x0002eb97) x23 0x80034022
core   0: 0x80006026 (0x8e4b8b93) addi    s7, s7, -1820
core   0: 0 0x80006026 (0x8e4b8b93) x23 0x80033906
core   0: 0x8000602a (0xff6200a3) sb      s6, -31(tp)
core   0: 0 0x8000602a (0xff6200a3) mem 0x8003dabf 0x48
core   0: 0x8000602e (0xfff24883) lbu     a7, -1(tp)
core   0: 0 0x8000602e (0xfff24883) x17 0x00000096 mem 0x8003dadd
core   0: 0x80006032 (0xadfbcf83) lbu     t6, -1313(s7)
core   0: 0 0x80006032 (0xadfbcf83) x31 0x0000009e mem 0x800333e5
core   0: 0x80006036 (0x01c24783) lbu     a5, 28(tp)
core   0: 0 0x80006036 (0x01c24783) x15 0x000000b1 mem 0x8003dafa
core   0: 0x8000603a (0xd87bc303) lbu     t1, -633(s7)
core   0: 0 0x8000603a (0xd87bc303) x6  0x00000046 mem 0x8003368d
core   0: 0x8000603e (0x9c3bcf83) lbu     t6, -1597(s7)
core   0: 0 0x8000603e (0x9c3bcf83) x31 0x00000082 mem 0x800332c9
core   0: 0x80006042 (0xfc420da3) sb      tp, -37(tp)
core   0: 0 0x80006042 (0xfc420da3) mem 0x8003dab9 0xde
core   0: 0x80006046 (0x1ffbca83) lbu     s5, 511(s7)
core   0: 0 0x80006046 (0x1ffbca83) x21 0x000000be mem 0x80033b05
core   0: 0x8000604a (0xffa24903) lbu     s2, -6(tp)
core   0: 0 0x8000604a (0xffa24903) x18 0x00000093 mem 0x8003dad8
core   0: 0x8000604e (0x4fcb8503) lb      a0, 1276(s7)
core   0: 0 0x8000604e (0x4fcb8503) x10 0xffffffb9 mem 0x80033e02
core   0: 0x80006052 (0x01622e83) lw      t4, 22(tp)
core   0: 0 0x80006052 (0x01622e83) x29 0xacadaeaf mem 0x8003daf4
core   0: 0x80006056 (0xddab8383) lb      t2, -550(s7)
core   0: 0 0x80006056 (0xddab8383) x7  0xffffff9b mem 0x800336e0
core   0: 0x8000605a (0xc82b8da3) sb      sp, -869(s7)
core   0: 0 0x8000605a (0xc82b8da3) mem 0x800335a1 0x95
core   0: 0x8000605e (0x4a5bca83) lbu     s5, 1189(s7)
core   0: 0 0x8000605e (0x4a5bca83) x21 0x00000060 mem 0x80033dab
core   0: 0x80006062 (0x0002ea17) auipc   s4, 0x2e
core   0: 0 0x80006062 (0x0002ea17) x20 0x80034062
core   0: 0x80006066 (0xfe6a0a13) addi    s4, s4, -26
core   0: 0 0x80006066 (0xfe6a0a13) x20 0x80034048
core   0: 0x8000606a (0x605cb337) lui     t1, 0x605cb
core   0: 0 0x8000606a (0x605cb337) x6  0x605cb000
core   0: 0x8000606e (0x00009a1a) c.add   s4, t1
core   0: 0 0x8000606e (0x9a1a) x20 0xe05ff048
core   0: 0x80006070 (0x980a0aa3) sb      zero, -1643(s4)
core   0: 0 0x80006070 (0x980a0aa3) mem 0xe05fe9dd 0x0
core   0: 0x80006074 (0xbe1a0ba3) sb      ra, -1033(s4)
core   0: 0 0x80006074 (0xbe1a0ba3) mem 0xe05fec3f 0x0
core   0: 0x80006078 (0x822a06a3) sb      sp, -2003(s4)
core   0: 0 0x80006078 (0x822a06a3) mem 0xe05fe875 0x95
core   0: 0x8000607c (0x243a0923) sb      gp, 594(s4)
core   0: 0 0x8000607c (0x243a0923) mem 0xe05ff29a 0x1
core   0: 0x80006080 (0x7c4a0ea3) sb      tp, 2013(s4)
core   0: 0 0x80006080 (0x7c4a0ea3) mem 0xe05ff825 0xde
core   0: 0x80006084 (0xd65a03a3) sb      t0, -665(s4)
core   0: 0 0x80006084 (0xd65a03a3) mem 0xe05fedaf 0x1c
core   0: 0x80006088 (0x0383d9b3) divu    s3, t2, s8
core   0: 0 0x80006088 (0x0383d9b3) x19 0x00048da6
core   0: 0x8000608c (0x76e94313) xori    t1, s2, 1902
core   0: 0 0x8000608c (0x76e94313) x6  0x000007fd
core   0: 0x80006090 (0x40690333) sub     t1, s2, t1
core   0: 0 0x80006090 (0x40690333) x6  0xfffff896
core   0: 0x80006094 (0x995a0f83) lb      t6, -1643(s4)
core   0: 0 0x80006094 (0x995a0f83) x31 0x00000000 mem 0xe05fe9dd
core   0: 0x80006098 (0xbf7a0c83) lb      s9, -1033(s4)
core   0: 0 0x80006098 (0xbf7a0c83) x25 0x00000000 mem 0xe05fec3f
core   0: 0x8000609c (0x82da4c83) lbu     s9, -2003(s4)
core   0: 0 0x8000609c (0x82da4c83) x25 0x00000095 mem 0xe05fe875
core   0: 0x800060a0 (0x14caa593) slti    a1, s5, 332
core   0: 0 0x800060a0 (0x14caa593) x11 0x00000001
core   0: 0x800060a4 (0x00001dfd) c.addi  s11, -1
core   0: 0 0x800060a4 (0x1dfd) x27 0x00000055
core   0: 0x800060a6 (0x252a4183) lbu     gp, 594(s4)
core   0: 0 0x800060a6 (0x252a4183) x3  0x00000001 mem 0xe05ff29a
core   0: 0x800060aa (0x7dda0e83) lb      t4, 2013(s4)
core   0: 0 0x800060aa (0x7dda0e83) x29 0xffffffde mem 0xe05ff825
core   0: 0x800060ae (0x02cdcdb3) div     s11, s11, a2
core   0: 0 0x800060ae (0x02cdcdb3) x27 0x00000000
core   0: 0x800060b2 (0xd67a4883) lbu     a7, -665(s4)
core   0: 0 0x800060b2 (0xd67a4883) x17 0x0000001c mem 0xe05fedaf
core   0: 0x800060b6 (0x030750b3) divu    ra, a4, a6
core   0: 0 0x800060b6 (0x030750b3) x1  0x8004cce4
core   0: 0x800060ba (0xc4fa05a3) sb      a5, -949(s4)
core   0: 0 0x800060ba (0xc4fa05a3) mem 0xe05fec93 0xb1
core   0: 0x800060be (0x000099fd) c.andi  a1, -1
core   0: 0 0x800060be (0x99fd) x11 0x00000001
core   0: 0x800060c0 (0xc4da0ba3) sb      a3, -937(s4)
core   0: 0 0x800060c0 (0xc4da0ba3) mem 0xe05fec9f 0x49
core   0: 0x800060c4 (0x00038317) auipc   t1, 0x38
core   0: 0 0x800060c4 (0x00038317) x6  0x8003e0c4
core   0: 0x800060c8 (0xac330313) addi    t1, t1, -1341
core   0: 0 0x800060c8 (0xac330313) x6  0x8003db87
core   0: 0x800060cc (0x00634e03) lbu     t3, 6(t1)
core   0: 0 0x800060cc (0x00634e03) x28 0x00000046 mem 0x8003db8d
core   0: 0x800060d0 (0x0002d397) auipc   t2, 0x2d
core   0: 0 0x800060d0 (0x0002d397) x7  0x800330d0
core   0: 0x800060d4 (0x0b338393) addi    t2, t2, 179
core   0: 0 0x800060d4 (0x0b338393) x7  0x80033183
core   0: 0x800060d8 (0xfad381a3) sb      a3, -93(t2)
core   0: 0 0x800060d8 (0xfad381a3) mem 0x80033126 0x49
core   0: 0x800060dc (0xff234883) lbu     a7, -14(t1)
core   0: 0 0x800060dc (0xff234883) x17 0x00000032 mem 0x8003db79
core   0: 0x800060e0 (0xf0b3d403) lhu     s0, -245(t2)
core   0: 0 0x800060e0 (0xf0b3d403) x8  0x00004445 mem 0x8003308e
core   0: 0x800060e4 (0x0223c803) lbu     a6, 34(t2)
core   0: 0 0x800060e4 (0x0223c803) x16 0x0000005e mem 0x800331a5
core   0: 0x800060e8 (0xfd438e23) sb      s4, -36(t2)
core   0: 0 0x800060e8 (0xfd438e23) mem 0x8003315f 0x48
core   0: 0x800060ec (0xff135a83) lhu     s5, -15(t1)
core   0: 0 0x800060ec (0xff135a83) x21 0x00003233 mem 0x8003db78
core   0: 0x800060f0 (0x0923cf03) lbu     t5, 146(t2)
core   0: 0 0x800060f0 (0x0923cf03) x30 0x000000ce mem 0x80033215
core   0: 0x800060f4 (0xf2539f03) lh      t5, -219(t2)
core   0: 0 0x800060f4 (0xf2539f03) x30 0x00006263 mem 0x800330a8
core   0: 0x800060f8 (0x00d32a83) lw      s5, 13(t1)
core   0: 0 0x800060f8 (0x00d32a83) x21 0x4c4d4e4f mem 0x8003db94
core   0: 0x800060fc (0xff834983) lbu     s3, -8(t1)
core   0: 0 0x800060fc (0xff834983) x19 0x00000034 mem 0x8003db7f
core   0: 0x80006100 (0x001313a3) sh      ra, 7(t1)
core   0: 0 0x80006100 (0x001313a3) mem 0x8003db8e 0xcce4
core   0: 0x80006104 (0x0002eb17) auipc   s6, 0x2e
core   0: 0 0x80006104 (0x0002eb17) x22 0x80034104
core   0: 0x80006108 (0xf44b0b13) addi    s6, s6, -188
core   0: 0 0x80006108 (0xf44b0b13) x22 0x80034048
core   0: 0x8000610c (0x762b4a37) lui     s4, 0x762b4
core   0: 0 0x8000610c (0x762b4a37) x20 0x762b4000
core   0: 0x80006110 (0x00009b52) c.add   s6, s4
core   0: 0 0x80006110 (0x9b52) x22 0xf62e8048
core   0: 0x80006112 (0x860b06a3) sb      zero, -1939(s6)
core   0: 0 0x80006112 (0x860b06a3) mem 0xf62e78b5 0x0
core   0: 0x80006116 (0x142b1623) sh      sp, 332(s6)
core   0: 0 0x80006116 (0x142b1623) mem 0xf62e8194 0x9895
core   0: 0x8000611a (0xac3b0da3) sb      gp, -1317(s6)
core   0: 0 0x8000611a (0xac3b0da3) mem 0xf62e7b23 0x1
core   0: 0x8000611e (0x365b06a3) sb      t0, 877(s6)
core   0: 0 0x8000611e (0x365b06a3) mem 0xf62e83b5 0x1c
core   0: 0x80006122 (0x0000127d) c.addi  tp, -1
core   0: 0 0x80006122 (0x127d) x4  0x8003dadd
core   0: 0x80006124 (0x0000187d) c.addi  a6, -1
core   0: 0 0x80006124 (0x187d) x16 0x0000005d
core   0: 0x80006126 (0x52b43a13) sltiu   s4, s0, 1323
core   0: 0 0x80006126 (0x52b43a13) x20 0x00000000
core   0: 0x8000612a (0x86db4883) lbu     a7, -1939(s6)
core   0: 0 0x8000612a (0x86db4883) x17 0x00000000 mem 0xf62e78b5
core   0: 0x8000612e (0x000059fd) c.li    s3, -1
core   0: 0 0x8000612e (0x59fd) x19 0xffffffff
core   0: 0x80006130 (0xa5bb0b23) sb      s11, -1450(s6)
core   0: 0 0x80006130 (0xa5bb0b23) mem 0xf62e7a9e 0x0
core   0: 0x80006134 (0x14cb5d03) lhu     s10, 332(s6)
core   0: 0 0x80006134 (0x14cb5d03) x26 0x00009895 mem 0xf62e8194
core   0: 0x80006138 (0x000087fe) c.mv    a5, t6
core   0: 0 0x80006138 (0x87fe) x15 0x00000000
core   0: 0x8000613a (0x010d9e13) slli    t3, s11, 16
core   0: 0 0x8000613a (0x010d9e13) x28 0x00000000
core   0: 0x8000613e (0x411dd1b3) sra     gp, s11, a7
core   0: 0 0x8000613e (0x411dd1b3) x3  0x00000000
core   0: 0x80006142 (0xadbb0203) lb      tp, -1317(s6)
core   0: 0 0x80006142 (0xadbb0203) x4  0x00000001 mem 0xf62e7b23
core   0: 0x80006146 (0xf6fb05a3) sb      a5, -149(s6)
core   0: 0 0x80006146 (0xf6fb05a3) mem 0xf62e7fb3 0x0
core   0: 0x8000614a (0x019d02b3) add     t0, s10, s9
core   0: 0 0x8000614a (0x019d02b3) x5  0x0000992a
core   0: 0x8000614e (0x0252dc33) divu    s8, t0, t0
core   0: 0 0x8000614e (0x0252dc33) x24 0x00000001
core   0: 0x80006152 (0x36db0f83) lb      t6, 877(s6)
core   0: 0 0x80006152 (0x36db0f83) x31 0x0000001c mem 0xf62e83b5
core   0: 0x80006156 (0x0002e897) auipc   a7, 0x2e
core   0: 0 0x80006156 (0x0002e897) x17 0x80034156
core   0: 0x8000615a (0xb4488893) addi    a7, a7, -1212
core   0: 0 0x8000615a (0xb4488893) x17 0x80033c9a
core   0: 0x8000615e (0x00008db9) c.xor   a1, a4
core   0: 0 0x8000615e (0x8db9) x11 0x8004cce5
core   0: 0x80006160 (0x030881a3) sb      a6, 35(a7)
core   0: 0 0x80006160 (0x030881a3) mem 0x80033cbd 0x5d
core   0: 0x80006164 (0x00133db3) sltu    s11, t1, ra
core   0: 0 0x80006164 (0x00133db3) x27 0x00000001
core   0: 0x80006168 (0xfd688683) lb      a3, -42(a7)
core   0: 0 0x80006168 (0xfd688683) x13 0x0000002b mem 0x80033c70
core   0: 0x8000616c (0xfdc8ce83) lbu     t4, -36(a7)
core   0: 0 0x8000616c (0xfdc8ce83) x29 0x0000002d mem 0x80033c76
core   0: 0x80006170 (0x02988003) lb      zero, 41(a7)
core   0: 0 0x80006170 (0x02988003) mem 0x80033cc3
core   0: 0x80006174 (0x00008c95) c.sub   s1, a3
core   0: 0 0x80006174 (0x8c95) x9  0x1ea49fd5
core   0: 0x80006176 (0x006a20b3) slt     ra, s4, t1
core   0: 0 0x80006176 (0x006a20b3) x1  0x00000000
core   0: 0x8000617a (0x0296d6b3) divu    a3, a3, s1
core   0: 0 0x8000617a (0x0296d6b3) x13 0x00000000
core   0: 0x8000617e (0x00004ae5) c.li    s5, 25
core   0: 0 0x8000617e (0x4ae5) x21 0x00000019
core   0: 0x80006180 (0xfc88d683) lhu     a3, -56(a7)
core   0: 0 0x80006180 (0xfc88d683) x13 0x00001819 mem 0x80033c62
core   0: 0x80006184 (0xffb88d83) lb      s11, -5(a7)
core   0: 0 0x80006184 (0xffb88d83) x27 0x0000004e mem 0x80033c95
core   0: 0x80006188 (0xfc588783) lb      a5, -59(a7)
core   0: 0 0x80006188 (0xfc588783) x15 0x00000014 mem 0x80033c5f
core   0: 0x8000618c (0xfcc88c83) lb      s9, -52(a7)
core   0: 0 0x8000618c (0xfcc88c83) x25 0x0000001d mem 0x80033c66
core   0: 0x80006190 (0x0348a123) sw      s4, 34(a7)
core   0: 0 0x80006190 (0x0348a123) mem 0x80033cbc 0x00000000
core   0: 0x80006194 (0xfd489f23) sh      s4, -34(a7)
core   0: 0 0x80006194 (0xfd489f23) mem 0x80033c78 0x0000
core   0: 0x80006198 (0x03f8c683) lbu     a3, 63(a7)
core   0: 0 0x80006198 (0x03f8c683) x13 0x00000092 mem 0x80033cd9
core   0: 0x8000619c (0x00188a03) lb      s4, 1(a7)
core   0: 0 0x8000619c (0x00188a03) x20 0x00000050 mem 0x80033c9b
core   0: 0x800061a0 (0xfe488a83) lb      s5, -28(a7)
core   0: 0 0x800061a0 (0xfe488a83) x21 0x00000035 mem 0x80033c7e
core   0: 0x800061a4 (0x0148ce03) lbu     t3, 20(a7)
core   0: 0 0x800061a4 (0x0148ce03) x28 0x00000065 mem 0x80033cae
core   0: 0x800061a8 (0x025d6833) rem     a6, s10, t0
core   0: 0 0x800061a8 (0x025d6833) x16 0x00009895
core   0: 0x800061ac (0xfdd8cd03) lbu     s10, -35(a7)
core   0: 0 0x800061ac (0xfdd8cd03) x26 0x0000002c mem 0x80033c77
core   0: 0x800061b0 (0x03601d33) mulh    s10, zero, s6
core   0: 0 0x800061b0 (0x03601d33) x26 0x00000000
core   0: 0x800061b4 (0x00b8c483) lbu     s1, 11(a7)
core   0: 0 0x800061b4 (0x00b8c483) x9  0x0000005e mem 0x80033ca5
core   0: 0x800061b8 (0x01210333) add     t1, sp, s2
core   0: 0 0x800061b8 (0x01210333) x6  0xf5e39928
core   0: 0x800061bc (0x00008d39) c.xor   a0, a4
core   0: 0 0x800061bc (0x8d39) x10 0x7ffb335d
core   0: 0x800061be (0x03c8cd03) lbu     s10, 60(a7)
core   0: 0 0x800061be (0x03c8cd03) x26 0x0000008d mem 0x80033cd6
core   0: 0x800061c2 (0xfdb8c203) lbu     tp, -37(a7)
core   0: 0 0x800061c2 (0xfdb8c203) x4  0x0000002e mem 0x80033c75
core   0: 0x800061c6 (0x00008cad) c.xor   s1, a1
core   0: 0 0x800061c6 (0x8cad) x9  0x8004ccbb
core   0: 0x800061c8 (0x00389f23) sh      gp, 30(a7)
core   0: 0 0x800061c8 (0x00389f23) mem 0x80033cb8 0x0000
core   0: 0x800061cc (0x00a882a3) sb      a0, 5(a7)
core   0: 0 0x800061cc (0x00a882a3) mem 0x80033c9f 0x5d
core   0: 0x800061d0 (0xfc388583) lb      a1, -61(a7)
core   0: 0 0x800061d0 (0xfc388583) x11 0x00000016 mem 0x80033c5d
core   0: 0x800061d4 (0x0002ef17) auipc   t5, 0x2e
core   0: 0 0x800061d4 (0x0002ef17) x30 0x800341d4
core   0: 0x800061d8 (0xe74f0f13) addi    t5, t5, -396
core   0: 0 0x800061d8 (0xe74f0f13) x30 0x80034048
core   0: 0x800061dc (0x08697337) lui     t1, 0x8697
core   0: 0 0x800061dc (0x08697337) x6  0x08697000
core   0: 0x800061e0 (0x00009f1a) c.add   t5, t1
core   0: 0 0x800061e0 (0x9f1a) x30 0x886cb048
core   0: 0x800061e2 (0x662f02a3) sb      sp, 1637(t5)
core   0: 0 0x800061e2 (0x662f02a3) mem 0x886cb6ad 0x95
core   0: 0x800061e6 (0x283f0d23) sb      gp, 666(t5)
core   0: 0 0x800061e6 (0x283f0d23) mem 0x886cb2e2 0x0
core   0: 0x800061ea (0x9a4f01a3) sb      tp, -1629(t5)
core   0: 0 0x800061ea (0x9a4f01a3) mem 0x886ca9eb 0x2e
core   0: 0x800061ee (0xfe5f08a3) sb      t0, -15(t5)
core   0: 0 0x800061ee (0xfe5f08a3) mem 0x886cb039 0x2a
core   0: 0x800061f2 (0x646f0723) sb      t1, 1614(t5)
core   0: 0 0x800061f2 (0x646f0723) mem 0x886cb696 0x0
core   0: 0x800061f6 (0x967f1b23) sh      t2, -1674(t5)
core   0: 0 0x800061f6 (0x967f1b23) mem 0x886ca9be 0x3183
core   0: 0x800061fa (0x96e4ba13) sltiu   s4, s1, -1682
core   0: 0 0x800061fa (0x96e4ba13) x20 0x00000001
core   0: 0x800061fe (0x150f0c23) sb      a6, 344(t5)
core   0: 0 0x800061fe (0x150f0c23) mem 0x886cb1a0 0x95
core   0: 0x80006202 (0xea5f08a3) sb      t0, -335(t5)
core   0: 0 0x80006202 (0xea5f08a3) mem 0x886caef9 0x2a
core   0: 0x80006206 (0x007d5433) srl     s0, s10, t2
core   0: 0 0x80006206 (0x007d5433) x8  0x00000011
core   0: 0x8000620a (0x00008d8d) c.sub   a1, a1
core   0: 0 0x8000620a (0x8d8d) x11 0x00000000
core   0: 0x8000620c (0x665f0583) lb      a1, 1637(t5)
core   0: 0 0x8000620c (0x665f0583) x11 0xffffff95 mem 0x886cb6ad
core   0: 0x80006210 (0x29af0083) lb      ra, 666(t5)
core   0: 0 0x80006210 (0x29af0083) x1  0x00000000 mem 0x886cb2e2
core   0: 0x80006214 (0x00308fb3) add     t6, ra, gp
core   0: 0 0x80006214 (0x00308fb3) x31 0x00000000
core   0: 0x80006218 (0x0000817d) c.srli  a0, 31
core   0: 0 0x80006218 (0x817d) x10 0x00000000
core   0: 0x8000621a (0x9a3f4b83) lbu     s7, -1629(t5)
core   0: 0 0x8000621a (0x9a3f4b83) x23 0x0000002e mem 0x886ca9eb
core   0: 0x8000621e (0xff1f4983) lbu     s3, -15(t5)
core   0: 0 0x8000621e (0xff1f4983) x19 0x0000002a mem 0x886cb039
core   0: 0x80006222 (0x011256b3) srl     a3, tp, a7
core   0: 0 0x80006222 (0x011256b3) x13 0x00000000
core   0: 0x80006226 (0x000063e5) c.lui   t2, 0x19
core   0: 0 0x80006226 (0x63e5) x7  0x00019000
core   0: 0x80006228 (0x0ff0000f) fence   iorw,iorw
core   0: 0 0x80006228 (0x0ff0000f)
core   0: 0x8000622c (0x64ef4c03) lbu     s8, 1614(t5)
core   0: 0 0x8000622c (0x64ef4c03) x24 0x00000000 mem 0x886cb696
core   0: 0x80006230 (0x976f5d83) lhu     s11, -1674(t5)
core   0: 0 0x80006230 (0x976f5d83) x27 0x00003183 mem 0x886ca9be
core   0: 0x80006234 (0x0002d397) auipc   t2, 0x2d
core   0: 0 0x80006234 (0x0002d397) x7  0x80033234
core   0: 0x80006238 (0xe1438393) addi    t2, t2, -492
core   0: 0 0x80006238 (0xe1438393) x7  0x80033048
core   0: 0x8000623c (0x638f69b7) lui     s3, 0x638f6
core   0: 0 0x8000623c (0x638f69b7) x19 0x638f6000
core   0: 0x80006240 (0x000093ce) c.add   t2, s3
core   0: 0 0x80006240 (0x93ce) x7  0xe3929048
core   0: 0x80006242 (0x80038da3) sb      zero, -2021(t2)
core   0: 0 0x80006242 (0x80038da3) mem 0xe3928863 0x0
core   0: 0x80006246 (0xfa239523) sh      sp, -86(t2)
core   0: 0 0x80006246 (0xfa239523) mem 0xe3928ff2 0x9895
core   0: 0x8000624a (0xc83388a3) sb      gp, -879(t2)
core   0: 0 0x8000624a (0xc83388a3) mem 0xe3928cd9 0x0
core   0: 0x8000624e (0xd0538f23) sb      t0, -738(t2)
core   0: 0 0x8000624e (0xd0538f23) mem 0xe3928d66 0x2a
core   0: 0x80006252 (0xb87384a3) sb      t2, -1143(t2)
core   0: 0 0x80006252 (0xb87384a3) mem 0xe3928bd1 0x48
core   0: 0x80006256 (0x00008041) c.srli  s0, 16
core   0: 0 0x80006256 (0x8041) x8  0x00000000
core   0: 0x80006258 (0x00008d12) c.mv    s10, tp
core   0: 0 0x80006258 (0x8d12) x26 0x0000002e
core   0: 0x8000625a (0x00008011) c.srli  s0, 4
core   0: 0 0x8000625a (0x8011) x8  0x00000000
core   0: 0x8000625c (0x00009afd) c.andi  a3, -1
core   0: 0 0x8000625c (0x9afd) x13 0x00000000
core   0: 0x8000625e (0x000018fd) c.addi  a7, -1
core   0: 0 0x8000625e (0x18fd) x17 0x80033c99
core   0: 0x80006260 (0x81b38b83) lb      s7, -2021(t2)
core   0: 0 0x80006260 (0x81b38b83) x23 0x00000000 mem 0xe3928863
core   0: 0x80006264 (0x001315b3) sll     a1, t1, ra
core   0: 0 0x80006264 (0x001315b3) x11 0x08697000
core   0: 0x80006268 (0x29a38523) sb      s10, 650(t2)
core   0: 0 0x80006268 (0x29a38523) mem 0xe39292d2 0x2e
core   0: 0x8000626c (0xfaa39e03) lh      t3, -86(t2)
core   0: 0 0x8000626c (0xfaa39e03) x28 0xffff9895 mem 0xe3928ff2
core   0: 0x80006270 (0xc9138f03) lb      t5, -879(t2)
core   0: 0 0x80006270 (0xc9138f03) x30 0x00000000 mem 0xe3928cd9
core   0: 0x80006274 (0x52f39e23) sh      a5, 1340(t2)
core   0: 0 0x80006274 (0x52f39e23) mem 0xe3929584 0x0014
core   0: 0x80006278 (0x00004465) c.li    s0, 25
core   0: 0 0x80006278 (0x4465) x8  0x00000019
core   0: 0x8000627a (0x419707b3) sub     a5, a4, s9
core   0: 0 0x8000627a (0x419707b3) x15 0x8004ccc7
core   0: 0x8000627e (0xd1e38803) lb      a6, -738(t2)
core   0: 0 0x8000627e (0xd1e38803) x16 0x0000002a mem 0xe3928d66
core   0: 0x80006282 (0xb66df413) andi    s0, s11, -1178
core   0: 0 0x80006282 (0xb66df413) x8  0x00003102
core   0: 0x80006286 (0x30d38aa3) sb      a3, 789(t2)
core   0: 0 0x80006286 (0x30d38aa3) mem 0xe392935d 0x0
core   0: 0x8000628a (0xb8938a03) lb      s4, -1143(t2)
core   0: 0 0x8000628a (0xb8938a03) x20 0x00000048 mem 0xe3928bd1
core   0: 0x8000628e (0x0003df17) auipc   t5, 0x3d
core   0: 0 0x8000628e (0x0003df17) x30 0x8004328e
core   0: 0x80006292 (0x8aff0f13) addi    t5, t5, -1873
core   0: 0 0x80006292 (0x8aff0f13) x30 0x80042b3d
core   0: 0x80006296 (0x0002d497) auipc   s1, 0x2d
core   0: 0 0x80006296 (0x0002d497) x9  0x80033296
core   0: 0x8000629a (0x51e48493) addi    s1, s1, 1310
core   0: 0 0x8000629a (0x51e48493) x9  0x800337b4
core   0: 0x8000629e (0x002f4503) lbu     a0, 2(t5)
core   0: 0 0x8000629e (0x002f4503) x10 0x000000f4 mem 0x80042b3f
core   0: 0x800062a2 (0x116481a3) sb      s6, 259(s1)
core   0: 0 0x800062a2 (0x116481a3) mem 0x800338b7 0x48
core   0: 0x800062a6 (0x31b487a3) sb      s11, 783(s1)
core   0: 0 0x800062a6 (0x31b487a3) mem 0x80033ac3 0x83
core   0: 0x800062aa (0x0cc49e23) sh      a2, 220(s1)
core   0: 0 0x800062aa (0x0cc49e23) mem 0x80033890 0x8e38
core   0: 0x800062ae (0xfd9f4f83) lbu     t6, -39(t5)
core   0: 0 0x800062ae (0xfd9f4f83) x31 0x000000cd mem 0x80042b16
core   0: 0x800062b2 (0xd6f4c503) lbu     a0, -657(s1)
core   0: 0 0x800062b2 (0xd6f4c503) x10 0x000000d8 mem 0x80033523
core   0: 0x800062b6 (0xfc0f25a3) sw      zero, -53(t5)
core   0: 0 0x800062b6 (0xfc0f25a3) mem 0x80042b08 0x00000000
core   0: 0x800062ba (0x7ad48d83) lb      s11, 1965(s1)
core   0: 0 0x800062ba (0x7ad48d83) x27 0x0000001a mem 0x80033f61
core   0: 0x800062be (0xfc3f1a83) lh      s5, -61(t5)
core   0: 0 0x800062be (0xfc3f1a83) x21 0xffffbabb mem 0x80042b00
core   0: 0x800062c2 (0xe2d482a3) sb      a3, -475(s1)
core   0: 0 0x800062c2 (0xe2d482a3) mem 0x800335d9 0x0
core   0: 0x800062c6 (0x03ef0883) lb      a7, 62(t5)
core   0: 0 0x800062c6 (0x03ef0883) x17 0x00000030 mem 0x80042b7b
core   0: 0x800062ca (0xa8c487a3) sb      a2, -1393(s1)
core   0: 0 0x800062ca (0xa8c487a3) mem 0x80033243 0x38
core   0: 0x800062ce (0x0002ed97) auipc   s11, 0x2e
core   0: 0 0x800062ce (0x0002ed97) x27 0x800342ce
core   0: 0x800062d2 (0xb32d8d93) addi    s11, s11, -1230
core   0: 0 0x800062d2 (0xb32d8d93) x27 0x80033e00
core   0: 0x800062d6 (0xfd9d8aa3) sb      s9, -43(s11)
core   0: 0 0x800062d6 (0xfd9d8aa3) mem 0x80033dd5 0x1d
core   0: 0x800062da (0xfd5d8203) lb      tp, -43(s11)
core   0: 0 0x800062da (0xfd5d8203) x4  0x0000001d mem 0x80033dd5
core   0: 0x800062de (0x00000e86) c.slli  t4, 1
core   0: 0 0x800062de (0x0e86) x29 0x0000005a
core   0: 0x800062e0 (0x022da423) sw      sp, 40(s11)
core   0: 0 0x800062e0 (0x022da423) mem 0x80033e28 0xf5e39895
core   0: 0x800062e4 (0x03fd9423) sh      t6, 40(s11)
core   0: 0 0x800062e4 (0x03fd9423) mem 0x80033e28 0x00cd
core   0: 0x800062e8 (0xffdd84a3) sb      t4, -23(s11)
core   0: 0 0x800062e8 (0xffdd84a3) mem 0x80033de9 0x5a
core   0: 0x800062ec (0xfe9dc883) lbu     a7, -23(s11)
core   0: 0 0x800062ec (0xfe9dc883) x17 0x0000005a mem 0x80033de9
core   0: 0x800062f0 (0xfe9d8503) lb      a0, -23(s11)
core   0: 0 0x800062f0 (0xfe9d8503) x10 0x0000005a mem 0x80033de9
core   0: 0x800062f4 (0x000068e1) c.lui   a7, 0x18
core   0: 0 0x800062f4 (0x68e1) x17 0x00018000
core   0: 0x800062f6 (0xff1dcc03) lbu     s8, -15(s11)
core   0: 0 0x800062f6 (0xff1dcc03) x24 0x000000aa mem 0x80033df1
core   0: 0x800062fa (0xfcfdae23) sw      a5, -36(s11)
core   0: 0 0x800062fa (0xfcfdae23) mem 0x80033ddc 0x8004ccc7
core   0: 0x800062fe (0xfd0dd583) lhu     a1, -48(s11)
core   0: 0 0x800062fe (0xfd0dd583) x11 0x00008a8b mem 0x80033dd0
core   0: 0x80006302 (0xfc3dcb83) lbu     s7, -61(s11)
core   0: 0 0x80006302 (0xfc3dcb83) x23 0x00000078 mem 0x80033dc3
core   0: 0x80006306 (0xfc3d8b03) lb      s6, -61(s11)
core   0: 0 0x80006306 (0xfc3d8b03) x22 0x00000078 mem 0x80033dc3
core   0: 0x8000630a (0x032dce03) lbu     t3, 50(s11)
core   0: 0 0x8000630a (0x032dce03) x28 0x000000e9 mem 0x80033e32
core   0: 0x8000630e (0x032d9a03) lh      s4, 50(s11)
core   0: 0 0x8000630e (0x032d9a03) x20 0xffffe8e9 mem 0x80033e32
core   0: 0x80006312 (0xfeedde03) lhu     t3, -18(s11)
core   0: 0 0x80006312 (0xfeedde03) x28 0x0000a4a5 mem 0x80033dee
core   0: 0x80006316 (0x0002dd17) auipc   s10, 0x2d
core   0: 0 0x80006316 (0x0002dd17) x26 0x80033316
core   0: 0x8000631a (0xd32d0d13) addi    s10, s10, -718
core   0: 0 0x8000631a (0xd32d0d13) x26 0x80033048
core   0: 0x8000631e (0x0d6a0337) lui     t1, 0xd6a0
core   0: 0 0x8000631e (0x0d6a0337) x6  0x0d6a0000
core   0: 0x80006322 (0x00009d1a) c.add   s10, t1
core   0: 0 0x80006322 (0x9d1a) x26 0x8d6d3048
core   0: 0x80006324 (0xa60d0123) sb      zero, -1438(s10)
core   0: 0 0x80006324 (0xa60d0123) mem 0x8d6d2aaa 0x0
core   0: 0x80006328 (0x301d1123) sh      ra, 770(s10)
core   0: 0 0x80006328 (0x301d1123) mem 0x8d6d334a 0x0000
core   0: 0x8000632c (0x402d05a3) sb      sp, 1035(s10)
core   0: 0 0x8000632c (0x402d05a3) mem 0x8d6d3453 0x95
core   0: 0x80006330 (0xe23d01a3) sb      gp, -477(s10)
core   0: 0 0x80006330 (0xe23d01a3) mem 0x8d6d2e6b 0x0
core   0: 0x80006334 (0x00000001) c.nop
core   0: 0 0x80006334 (0x0001)
core   0: 0x80006336 (0xa62d4403) lbu     s0, -1438(s10)
core   0: 0 0x80006336 (0xa62d4403) x8  0x00000000 mem 0x8d6d2aaa
core   0: 0x8000633a (0x01301593) slli    a1, zero, 19
core   0: 0 0x8000633a (0x01301593) x11 0x00000000
core   0: 0x8000633e (0x034868b3) rem     a7, a6, s4
core   0: 0 0x8000633e (0x034868b3) x17 0x0000002a
core   0: 0x80006342 (0x03673933) mulhu   s2, a4, s6
core   0: 0 0x80006342 (0x03673933) x18 0x0000003c
core   0: 0x80006346 (0x302d5483) lhu     s1, 770(s10)
core   0: 0 0x80006346 (0x302d5483) x9  0x00000000 mem 0x8d6d334a
core   0: 0x8000634a (0x40bd4503) lbu     a0, 1035(s10)
core   0: 0 0x8000634a (0x40bd4503) x10 0x00000095 mem 0x8d6d3453
core   0: 0x8000634e (0xe23d4203) lbu     tp, -477(s10)
core   0: 0 0x8000634e (0xe23d4203) x4  0x00000000 mem 0x8d6d2e6b
core   0: 0x80006352 (0x027f9933) mulh    s2, t6, t2
core   0: 0 0x80006352 (0x027f9933) x18 0xffffffe9
core   0: 0x80006356 (0x00005ffd) c.li    t6, -1
core   0: 0 0x80006356 (0x5ffd) x31 0xffffffff
core   0: 0x80006358 (0x0176ea33) or      s4, a3, s7
core   0: 0 0x80006358 (0x0176ea33) x20 0x00000078
core   0: 0x8000635c (0x491d08a3) sb      a7, 1169(s10)
core   0: 0 0x8000635c (0x491d08a3) mem 0x8d6d34d9 0x2a
core   0: 0x80006360 (0x0003c097) auipc   ra, 0x3c
core   0: 0 0x80006360 (0x0003c097) x1  0x80042360
core   0: 0x80006364 (0x6e608093) addi    ra, ra, 1766
core   0: 0 0x80006364 (0x6e608093) x1  0x80042a46
core   0: 0x80006368 (0xa260d983) lhu     s3, -1498(ra)
core   0: 0 0x80006368 (0xa260d983) x19 0x00002627 mem 0x8004246c
core   0: 0x8000636c (0x4770c803) lbu     a6, 1143(ra)
core   0: 0 0x8000636c (0x4770c803) x16 0x00000076 mem 0x80042ebd
core   0: 0x80006370 (0x0840a723) sw      tp, 142(ra)
core   0: 0 0x80006370 (0x0840a723) mem 0x80042ad4 0x00000000
core   0: 0x80006374 (0x0002d397) auipc   t2, 0x2d
core   0: 0 0x80006374 (0x0002d397) x7  0x80033374
core   0: 0x80006378 (0x70038393) addi    t2, t2, 1792
core   0: 0 0x80006378 (0x70038393) x7  0x80033a74
core   0: 0x8000637c (0x18138403) lb      s0, 385(t2)
core   0: 0 0x8000637c (0x18138403) x8  0xffffffae mem 0x80033bf5
core   0: 0x80006380 (0xce908183) lb      gp, -791(ra)
core   0: 0 0x80006380 (0xce908183) x3  0xffffffe4 mem 0x8004272f
core   0: 0x80006384 (0x0bb38323) sb      s11, 166(t2)
core   0: 0 0x80006384 (0x0bb38323) mem 0x80033b1a 0x0
core   0: 0x80006388 (0x4be3c783) lbu     a5, 1214(t2)
core   0: 0 0x80006388 (0x4be3c783) x15 0x000000e9 mem 0x80033f32
core   0: 0x8000638c (0x9420a203) lw      tp, -1726(ra)
core   0: 0 0x8000638c (0x9420a203) x4  0x40414243 mem 0x80042388
core   0: 0x80006390 (0x3320d503) lhu     a0, 818(ra)
core   0: 0 0x80006390 (0x3320d503) x10 0x00003233 mem 0x80042d78
core   0: 0x80006394 (0xa3c08e03) lb      t3, -1476(ra)
core   0: 0 0x80006394 (0xa3c08e03) x28 0x00000039 mem 0x80042482
core   0: 0x80006398 (0xfa238ea3) sb      sp, -67(t2)
core   0: 0 0x80006398 (0xfa238ea3) mem 0x80033a31 0x95
core   0: 0x8000639c (0x2b538183) lb      gp, 693(t2)
core   0: 0 0x8000639c (0x2b538183) x3  0xffffffe2 mem 0x80033d29
core   0: 0x800063a0 (0x6680da03) lhu     s4, 1640(ra)
core   0: 0 0x800063a0 (0x6680da03) x20 0x00006465 mem 0x800430ae
core   0: 0x800063a4 (0x9e408583) lb      a1, -1564(ra)
core   0: 0 0x800063a4 (0x9e408583) x11 0xffffffe1 mem 0x8004242a
core   0: 0x800063a8 (0xa3c38fa3) sb      t3, -1473(t2)
core   0: 0 0x800063a8 (0xa3c38fa3) mem 0x800334b3 0x39
core   0: 0x800063ac (0x0002ee97) auipc   t4, 0x2e
core   0: 0 0x800063ac (0x0002ee97) x29 0x800343ac
core   0: 0x800063b0 (0xc9ce8e93) addi    t4, t4, -868
core   0: 0 0x800063b0 (0xc9ce8e93) x29 0x80034048
core   0: 0x800063b4 (0x238c29b7) lui     s3, 0x238c2
core   0: 0 0x800063b4 (0x238c29b7) x19 0x238c2000
core   0: 0x800063b8 (0x00009ece) c.add   t4, s3
core   0: 0 0x800063b8 (0x9ece) x29 0xa38f6048
core   0: 0x800063ba (0x020e89a3) sb      zero, 51(t4)
core   0: 0 0x800063ba (0x020e89a3) mem 0xa38f607b 0x0
core   0: 0x800063be (0x4c1e82a3) sb      ra, 1221(t4)
core   0: 0 0x800063be (0x4c1e82a3) mem 0xa38f650d 0x46
core   0: 0x800063c2 (0xe63e83a3) sb      gp, -409(t4)
core   0: 0 0x800063c2 (0xe63e83a3) mem 0xa38f5eaf 0xe2
core   0: 0x800063c6 (0x00008d6d) c.and   a0, a1
core   0: 0 0x800063c6 (0x8d6d) x10 0x00003221
core   0: 0x800063c8 (0x00008d15) c.sub   a0, a3
core   0: 0 0x800063c8 (0x8d15) x10 0x00003221
core   0: 0x800063ca (0x033ec903) lbu     s2, 51(t4)
core   0: 0 0x800063ca (0x033ec903) x18 0x00000000 mem 0xa38f607b
core   0: 0x800063ce (0x4c5e8003) lb      zero, 1221(t4)
core   0: 0 0x800063ce (0x4c5e8003) mem 0xa38f650d
core   0: 0x800063d2 (0x01982b33) slt     s6, a6, s9
core   0: 0 0x800063d2 (0x01982b33) x22 0x00000000
core   0: 0x800063d6 (0x02ec4a33) div     s4, s8, a4
core   0: 0 0x800063d6 (0x02ec4a33) x20 0x00000000
core   0: 0x800063da (0xfe9e8a23) sb      s1, -12(t4)
core   0: 0 0x800063da (0xfe9e8a23) mem 0xa38f603c 0x0
core   0: 0x800063de (0xe67e8183) lb      gp, -409(t4)
core   0: 0 0x800063de (0xe67e8183) x3  0xffffffe2 mem 0xa38f5eaf
core   0: 0x800063e2 (0x000045a1) c.li    a1, 8
core   0: 0 0x800063e2 (0x45a1) x11 0x00000008
core   0: 0x800063e4 (0x0efe9923) sh      a5, 242(t4)
core   0: 0 0x800063e4 (0x0efe9923) mem 0xa38f613a 0x00e9
core   0: 0x800063e8 (0x0002e697) auipc   a3, 0x2e
core   0: 0 0x800063e8 (0x0002e697) x13 0x800343e8
core   0: 0x800063ec (0x9fd68693) addi    a3, a3, -1539
core   0: 0 0x800063ec (0x9fd68693) x13 0x80033de5
core   0: 0x800063f0 (0xfe568ea3) sb      t0, -3(a3)
core   0: 0 0x800063f0 (0xfe568ea3) mem 0x80033de2 0x2a
core   0: 0x800063f4 (0x00d6a3a3) sw      a3, 7(a3)
core   0: 0 0x800063f4 (0x00d6a3a3) mem 0x80033dec 0x80033de5
core   0: 0x800063f8 (0x0076af03) lw      t5, 7(a3)
core   0: 0 0x800063f8 (0x0076af03) x30 0x80033de5 mem 0x80033dec
core   0: 0x800063fc (0x0076a483) lw      s1, 7(a3)
core   0: 0 0x800063fc (0x0076a483) x9  0x80033de5 mem 0x80033dec
core   0: 0x80006400 (0xff66c583) lbu     a1, -10(a3)
core   0: 0 0x80006400 (0xff66c583) x11 0x00000090 mem 0x80033ddb
core   0: 0x80006404 (0xff66c003) lbu     zero, -10(a3)
core   0: 0 0x80006404 (0xff66c003) mem 0x80033ddb
core   0: 0x80006408 (0x00008fc5) c.or    a5, s1
core   0: 0 0x80006408 (0x8fc5) x15 0x80033ded
core   0: 0x8000640a (0xff768b23) sb      s7, -10(a3)
core   0: 0 0x8000640a (0xff768b23) mem 0x80033ddb 0x78
core   0: 0x8000640e (0xff068b23) sb      a6, -10(a3)
core   0: 0 0x8000640e (0xff068b23) mem 0x80033ddb 0x76
core   0: 0x80006412 (0xff66c003) lbu     zero, -10(a3)
core   0: 0 0x80006412 (0xff66c003) mem 0x80033ddb
core   0: 0x80006416 (0x00068283) lb      t0, 0(a3)
core   0: 0 0x80006416 (0x00068283) x5  0xffffff9e mem 0x80033de5
core   0: 0x8000641a (0x01968023) sb      s9, 0(a3)
core   0: 0 0x8000641a (0x01968023) mem 0x80033de5 0x1d
core   0: 0x8000641e (0x00068283) lb      t0, 0(a3)
core   0: 0 0x8000641e (0x00068283) x5  0x0000001d mem 0x80033de5
core   0: 0x80006422 (0xfe468aa3) sb      tp, -11(a3)
core   0: 0 0x80006422 (0xfe468aa3) mem 0x80033dda 0x43
core   0: 0x80006426 (0xff56c503) lbu     a0, -11(a3)
core   0: 0 0x80006426 (0xff56c503) x10 0x00000043 mem 0x80033dda
core   0: 0x8000642a (0x00569c83) lh      s9, 5(a3)
core   0: 0 0x8000642a (0x00569c83) x25 0xffffa0a1 mem 0x80033dea
core   0: 0x8000642e (0x00569583) lh      a1, 5(a3)
core   0: 0 0x8000642e (0x00569583) x11 0xffffa0a1 mem 0x80033dea
core   0: 0x80006432 (0x0056db03) lhu     s6, 5(a3)
core   0: 0 0x80006432 (0x0056db03) x22 0x0000a0a1 mem 0x80033dea
core   0: 0x80006436 (0x0086c903) lbu     s2, 8(a3)
core   0: 0 0x80006436 (0x0086c903) x18 0x0000003d mem 0x80033ded
core   0: 0x8000643a (0x0002e597) auipc   a1, 0x2e
core   0: 0 0x8000643a (0x0002e597) x11 0x8003443a
core   0: 0x8000643e (0xc0e58593) addi    a1, a1, -1010
core   0: 0 0x8000643e (0xc0e58593) x11 0x80034048
core   0: 0x80006442 (0x7518b337) lui     t1, 0x7518b
core   0: 0 0x80006442 (0x7518b337) x6  0x7518b000
core   0: 0x80006446 (0x0000959a) c.add   a1, t1
core   0: 0 0x80006446 (0x959a) x11 0xf51bf048
core   0: 0x80006448 (0xac15a823) sw      ra, -1328(a1)
core   0: 0 0x80006448 (0xac15a823) mem 0xf51beb18 0x80042a46
core   0: 0x8000644c (0x94258ea3) sb      sp, -1699(a1)
core   0: 0 0x8000644c (0x94258ea3) mem 0xf51be9a5 0x95
core   0: 0x80006450 (0xee4582a3) sb      tp, -283(a1)
core   0: 0 0x80006450 (0xee4582a3) mem 0xf51bef2d 0x43
core   0: 0x80006454 (0xa6658623) sb      t1, -1428(a1)
core   0: 0 0x80006454 (0xa6658623) mem 0xf51beab4 0x0
core   0: 0x80006458 (0x6a758223) sb      t2, 1700(a1)
core   0: 0 0x80006458 (0x6a758223) mem 0xf51bf6ec 0x74
core   0: 0x8000645c (0x41658523) sb      s6, 1034(a1)
core   0: 0 0x8000645c (0x41658523) mem 0xf51bf452 0xa1
core   0: 0x80006460 (0x1bd7e993) ori     s3, a5, 445
core   0: 0 0x80006460 (0x1bd7e993) x19 0x80033dfd
core   0: 0x80006464 (0xad05a303) lw      t1, -1328(a1)
core   0: 0 0x80006464 (0xad05a303) x6  0x80042a46 mem 0xf51beb18
core   0: 0x80006468 (0x00008ce1) c.and   s1, s0
core   0: 0 0x80006468 (0x8ce1) x9  0x80033da4
core   0: 0x8000646a (0x95d5cc03) lbu     s8, -1699(a1)
core   0: 0 0x8000646a (0x95d5cc03) x24 0x00000095 mem 0xf51be9a5
core   0: 0x8000646e (0x00008fa9) c.xor   a5, a0
core   0: 0 0x8000646e (0x8fa9) x15 0x80033dae
core   0: 0x80006470 (0x06d58923) sb      a3, 114(a1)
core   0: 0 0x80006470 (0x06d58923) mem 0xf51bf0ba 0xe5
core   0: 0x80006474 (0x03ee0bb3) mul     s7, t3, t5
core   0: 0 0x80006474 (0x03ee0bb3) x23 0x80b8c7fd
core   0: 0x80006478 (0x01ef30b3) sltu    ra, t5, t5
core   0: 0 0x80006478 (0x01ef30b3) x1  0x00000000
core   0: 0x8000647c (0x00dc0bb3) add     s7, s8, a3
core   0: 0 0x8000647c (0x00dc0bb3) x23 0x80033e7a
core   0: 0x80006480 (0xee558e83) lb      t4, -283(a1)
core   0: 0 0x80006480 (0xee558e83) x29 0x00000043 mem 0xf51bef2d
core   0: 0x80006484 (0x00008f81) c.sub   a5, s0
core   0: 0 0x80006484 (0x8f81) x15 0x80033e00
core   0: 0x80006486 (0xc2e582a3) sb      a4, -987(a1)
core   0: 0 0x80006486 (0xc2e582a3) mem 0xf51bec6d 0xe4
core   0: 0x8000648a (0x59ac9a37) lui     s4, 0x59ac9
core   0: 0 0x8000648a (0x59ac9a37) x20 0x59ac9000
core   0: 0x8000648e (0xa6c5c403) lbu     s0, -1428(a1)
core   0: 0 0x8000648e (0xa6c5c403) x8  0x00000000 mem 0xf51beab4
core   0: 0x80006492 (0x00008f8d) c.sub   a5, a1
core   0: 0 0x80006492 (0x8f8d) x15 0x8ae74db8
core   0: 0x80006494 (0x6a45c483) lbu     s1, 1700(a1)
core   0: 0 0x80006494 (0x6a45c483) x9  0x00000074 mem 0xf51bf6ec
core   0: 0x80006498 (0x0002d297) auipc   t0, 0x2d
core   0: 0 0x80006498 (0x0002d297) x5  0x80033498
core   0: 0x8000649c (0x3eb28293) addi    t0, t0, 1003
core   0: 0 0x8000649c (0x3eb28293) x5  0x80033883
core   0: 0x800064a0 (0x01c291a3) sh      t3, 3(t0)
core   0: 0 0x800064a0 (0x01c291a3) mem 0x80033886 0x0039
core   0: 0x800064a4 (0x00328e83) lb      t4, 3(t0)
core   0: 0 0x800064a4 (0x00328e83) x29 0x00000039 mem 0x80033886
core   0: 0x800064a8 (0x4138dfb3) sra     t6, a7, s3
core   0: 0 0x800064a8 (0x4138dfb3) x31 0x00000000
core   0: 0x800064ac (0x00e281a3) sb      a4, 3(t0)
core   0: 0 0x800064ac (0x00e281a3) mem 0x80033886 0xe4
core   0: 0x800064b0 (0x0032d903) lhu     s2, 3(t0)
core   0: 0 0x800064b0 (0x0032d903) x18 0x000000e4 mem 0x80033886
core   0: 0x800064b4 (0x01a281a3) sb      s10, 3(t0)
core   0: 0 0x800064b4 (0x01a281a3) mem 0x80033886 0x48
core   0: 0x800064b8 (0x00e28383) lb      t2, 14(t0)
core   0: 0 0x800064b8 (0x00e28383) x7  0xffffff8e mem 0x80033891
core   0: 0x800064bc (0x0012c503) lbu     a0, 1(t0)
core   0: 0 0x800064bc (0x0012c503) x10 0x0000003f mem 0x80033884
core   0: 0x800064c0 (0xff72d683) lhu     a3, -9(t0)
core   0: 0 0x800064c0 (0xff72d683) x13 0x00003031 mem 0x8003387a
core   0: 0x800064c4 (0x0042cc83) lbu     s9, 4(t0)
core   0: 0 0x800064c4 (0x0042cc83) x25 0x00000000 mem 0x80033887
core   0: 0x800064c8 (0x02b68033) mul     zero, a3, a1
core   0: 0 0x800064c8 (0x02b68033)
core   0: 0x800064cc (0x00528223) sb      t0, 4(t0)
core   0: 0 0x800064cc (0x00528223) mem 0x80033887 0x83
core   0: 0x800064d0 (0x00628b83) lb      s7, 6(t0)
core   0: 0 0x800064d0 (0x00628b83) x23 0x00000042 mem 0x80033889
core   0: 0x800064d4 (0xff028fa3) sb      a6, -1(t0)
core   0: 0 0x800064d4 (0xff028fa3) mem 0x80033882 0x76
core   0: 0x800064d8 (0x00009cbe) c.add   s9, a5
core   0: 0 0x800064d8 (0x9cbe) x25 0x8ae74db8
core   0: 0x800064da (0xeba06813) ori     a6, zero, -326
core   0: 0 0x800064da (0xeba06813) x16 0xfffffeba
core   0: 0x800064de (0xfff28c03) lb      s8, -1(t0)
core   0: 0 0x800064de (0xfff28c03) x24 0x00000076 mem 0x80033882
core   0: 0x800064e2 (0xfff29903) lh      s2, -1(t0)
core   0: 0 0x800064e2 (0xfff29903) x18 0x00003876 mem 0x80033882
core   0: 0x800064e6 (0xd8010813) addi    a6, sp, -640
core   0: 0 0x800064e6 (0xd8010813) x16 0xf5e39615
core   0: 0x800064ea (0xfff28383) lb      t2, -1(t0)
core   0: 0 0x800064ea (0xfff28383) x7  0x00000076 mem 0x80033882
core   0: 0x800064ee (0x0012af83) lw      t6, 1(t0)
core   0: 0 0x800064ee (0x0012af83) x31 0x8348393f mem 0x80033884
core   0: 0x800064f2 (0xff528083) lb      ra, -11(t0)
core   0: 0 0x800064f2 (0xff528083) x1  0x00000033 mem 0x80033878
core   0: 0x800064f6 (0xfed28aa3) sb      a3, -11(t0)
core   0: 0 0x800064f6 (0xfed28aa3) mem 0x80033878 0x31
core   0: 0x800064fa (0x0002d317) auipc   t1, 0x2d
core   0: 0 0x800064fa (0x0002d317) x6  0x800334fa
core   0: 0x800064fe (0x50a30313) addi    t1, t1, 1290
core   0: 0 0x800064fe (0x50a30313) x6  0x80033a04
core   0: 0x80006502 (0x0002f697) auipc   a3, 0x2f
core   0: 0 0x80006502 (0x0002f697) x13 0x80035502
core   0: 0x80006506 (0x4a068693) addi    a3, a3, 1184
core   0: 0 0x80006506 (0x4a068693) x13 0x800359a2
core   0: 0x8000650a (0xffc30da3) sb      t3, -5(t1)
core   0: 0 0x8000650a (0xffc30da3) mem 0x800339ff 0x39
core   0: 0x8000650e (0xff734c03) lbu     s8, -9(t1)
core   0: 0 0x8000650e (0xff734c03) x24 0x000000b0 mem 0x800339fb
core   0: 0x80006512 (0xf4f68ea3) sb      a5, -163(a3)
core   0: 0 0x80006512 (0xf4f68ea3) mem 0x800358ff 0xb8
core   0: 0x80006516 (0x00635c83) lhu     s9, 6(t1)
core   0: 0 0x80006516 (0x00635c83) x25 0x0000c0c1 mem 0x80033a0a
core   0: 0x8000651a (0x00f30083) lb      ra, 15(t1)
core   0: 0 0x8000651a (0x00f30083) x1  0xffffffc8 mem 0x80033a13
core   0: 0x8000651e (0x12c68c03) lb      s8, 300(a3)
core   0: 0 0x8000651e (0x12c68c03) x24 0xffffff85 mem 0x80035ace
core   0: 0x80006522 (0x000307a3) sb      zero, 15(t1)
core   0: 0 0x80006522 (0x000307a3) mem 0x80033a13 0x0
core   0: 0x80006526 (0xff830783) lb      a5, -8(t1)
core   0: 0 0x80006526 (0xff830783) x15 0xffffffb7 mem 0x800339fc
core   0: 0x8000652a (0xcb068ba3) sb      a6, -841(a3)
core   0: 0 0x8000652a (0xcb068ba3) mem 0x80035659 0x15
core   0: 0x8000652e (0xff031d23) sh      a6, -6(t1)
core   0: 0 0x8000652e (0xff031d23) mem 0x800339fe 0x9615
core   0: 0x80006532 (0x00534b83) lbu     s7, 5(t1)
core   0: 0 0x80006532 (0x00534b83) x23 0x000000c2 mem 0x80033a09
core   0: 0x80006536 (0xa416c783) lbu     a5, -1471(a3)
core   0: 0 0x80006536 (0xa416c783) x15 0x00000098 mem 0x800353e3
core   0: 0x8000653a (0x01930023) sb      s9, 0(t1)
core   0: 0 0x8000653a (0x01930023) mem 0x80033a04 0xc1
core   0: 0x8000653e (0x6e068b03) lb      s6, 1760(a3)
core   0: 0 0x8000653e (0x6e068b03) x22 0x00000039 mem 0x80036082
core   0: 0x80006542 (0x8b969623) sh      s9, -1876(a3)
core   0: 0 0x80006542 (0x8b969623) mem 0x8003524e 0xc0c1
core   0: 0x80006546 (0x00035c03) lhu     s8, 0(t1)
core   0: 0 0x80006546 (0x00035c03) x24 0x0000bec1 mem 0x80033a04
core   0: 0x8000654a (0x70d6cf03) lbu     t5, 1805(a3)
core   0: 0 0x8000654a (0x70d6cf03) x30 0x00000064 mem 0x800360af
core   0: 0x8000654e (0x0002da17) auipc   s4, 0x2d
core   0: 0 0x8000654e (0x0002da17) x20 0x8003354e
core   0: 0x80006552 (0xf45a0a13) addi    s4, s4, -187
core   0: 0 0x80006552 (0xf45a0a13) x20 0x80033493
core   0: 0x80006556 (0x27ba1f03) lh      t5, 635(s4)
core   0: 0 0x80006556 (0x27ba1f03) x30 0xffffc4c5 mem 0x8003370e
core   0: 0x8000655a (0x00037917) auipc   s2, 0x37
core   0: 0 0x8000655a (0x00037917) x18 0x8003d55a
core   0: 0x8000655e (0x97b90913) addi    s2, s2, -1669
core   0: 0 0x8000655e (0x97b90913) x18 0x8003ced5
core   0: 0x80006562 (0xd5ba4d83) lbu     s11, -677(s4)
core   0: 0 0x80006562 (0xd5ba4d83) x27 0x000000a5 mem 0x800331ee
core   0: 0x80006566 (0xfd591983) lh      s3, -43(s2)
core   0: 0 0x80006566 (0xfd591983) x19 0x00006061 mem 0x8003ceaa
core   0: 0x8000656a (0xfcc912a3) sh      a2, -59(s2)
core   0: 0 0x8000656a (0xfcc912a3) mem 0x8003ce9a 0x8e38
core   0: 0x8000656e (0x3f6a0e23) sb      s6, 1020(s4)
core   0: 0 0x8000656e (0x3f6a0e23) mem 0x8003388f 0x39
core   0: 0x80006572 (0xfdf905a3) sb      t6, -53(s2)
core   0: 0 0x80006572 (0xfdf905a3) mem 0x8003cea0 0x3f
core   0: 0x80006576 (0x00890723) sb      s0, 14(s2)
core   0: 0 0x80006576 (0x00890723) mem 0x8003cee3 0x0
core   0: 0x8000657a (0x41fa0823) sb      t6, 1040(s4)
core   0: 0 0x8000657a (0x41fa0823) mem 0x800338a3 0x3f
core   0: 0x8000657e (0xfc392503) lw      a0, -61(s2)
core   0: 0 0x8000657e (0xfc392503) x10 0x8e385253 mem 0x8003ce98
core   0: 0x80006582 (0x0a8a0003) lb      zero, 168(s4)
core   0: 0 0x80006582 (0x0a8a0003) mem 0x8003353b
core   0: 0x80006586 (0x02392383) lw      t2, 35(s2)
core   0: 0 0x80006586 (0x02392383) x7  0xb0b1b2b3 mem 0x8003cef8
core   0: 0x8000658a (0x01690083) lb      ra, 22(s2)
core   0: 0 0x8000658a (0x01690083) x1  0xffffffa0 mem 0x8003ceeb
core   0: 0x8000658e (0x2b8a4b03) lbu     s6, 696(s4)
core   0: 0 0x8000658e (0x2b8a4b03) x22 0x00000000 mem 0x8003374b
core   0: 0x80006592 (0x01b90803) lb      a6, 27(s2)
core   0: 0 0x80006592 (0x01b90803) x16 0xffffffab mem 0x8003cef0
core   0: 0x80006596 (0xdf2a0f83) lb      t6, -526(s4)
core   0: 0 0x80006596 (0xdf2a0f83) x31 0x0000003e mem 0x80033285
core   0: 0x8000659a (0xff590683) lb      a3, -11(s2)
core   0: 0 0x8000659a (0xff590683) x13 0xffffff81 mem 0x8003ceca
core   0: 0x8000659e (0x6b5a5b83) lhu     s7, 1717(s4)
core   0: 0 0x8000659e (0x6b5a5b83) x23 0x00000203 mem 0x80033b48
core   0: 0x800065a2 (0xf64a0303) lb      t1, -156(s4)
core   0: 0 0x800065a2 (0xf64a0303) x6  0xffffffac mem 0x800333f7
core   0: 0x800065a6 (0x0002d097) auipc   ra, 0x2d
core   0: 0 0x800065a6 (0x0002d097) x1  0x800335a6
core   0: 0x800065aa (0xf6908093) addi    ra, ra, -151
core   0: 0 0x800065aa (0xf6908093) x1  0x8003350f
core   0: 0x800065ae (0x000081e9) c.srli  a1, 26
core   0: 0 0x800065ae (0x81e9) x11 0x0000003d
core   0: 0x800065b0 (0x010d4cb3) xor     s9, s10, a6
core   0: 0 0x800065b0 (0x010d4cb3) x25 0x7292cfe3
core   0: 0x800065b4 (0xe210a403) lw      s0, -479(ra)
core   0: 0 0x800065b4 (0xe210a403) x8  0xe8e9eaeb mem 0x80033330
core   0: 0x800065b8 (0x034fa2b3) mulhsu  t0, t6, s4
core   0: 0 0x800065b8 (0x034fa2b3) x5  0x0000001f
core   0: 0x800065bc (0xc1b084a3) sb      s11, -1015(ra)
core   0: 0 0x800065bc (0xc1b084a3) mem 0x80033118 0xa5
core   0: 0x800065c0 (0x000008c6) c.slli  a7, 17
core   0: 0 0x800065c0 (0x08c6) x17 0x00540000
core   0: 0x800065c2 (0xc4508803) lb      a6, -955(ra)
core   0: 0 0x800065c2 (0xc4508803) x16 0x0000000f mem 0x80033154
core   0: 0x800065c6 (0x0ff0000f) fence   iorw,iorw
core   0: 0 0x800065c6 (0x0ff0000f)
core   0: 0x800065ca (0xbbc08203) lb      tp, -1092(ra)
core   0: 0 0x800065ca (0xbbc08203) x4  0xffffff80 mem 0x800330cb
core   0: 0x800065ce (0x4e909e83) lh      t4, 1257(ra)
core   0: 0 0x800065ce (0x4e909e83) x29 0xffffb2b3 mem 0x800339f8
core   0: 0x800065d2 (0x3b408923) sb      s4, 946(ra)
core   0: 0 0x800065d2 (0x3b408923) mem 0x800338c1 0x93
core   0: 0x800065d6 (0x00a7f833) and     a6, a5, a0
core   0: 0 0x800065d6 (0x00a7f833) x16 0x00000010
core   0: 0x800065da (0x000c41b3) xor     gp, s8, zero
core   0: 0 0x800065da (0x000c41b3) x3  0x0000bec1
core   0: 0x800065de (0x40808123) sb      s0, 1026(ra)
core   0: 0 0x800065de (0x40808123) mem 0x80033911 0xeb
core   0: 0x800065e2 (0x6f30cd83) lbu     s11, 1779(ra)
core   0: 0 0x800065e2 (0x6f30cd83) x27 0x000000b9 mem 0x80033c02
core   0: 0x800065e6 (0x416b0533) sub     a0, s6, s6
core   0: 0 0x800065e6 (0x416b0533) x10 0x00000000
core   0: 0x800065ea (0xb3b0d383) lhu     t2, -1221(ra)
core   0: 0 0x800065ea (0xb3b0d383) x7  0x00000001 mem 0x8003304a
core   0: 0x800065ee (0x0338acb3) mulhsu  s9, a7, s3
core   0: 0 0x800065ee (0x0338acb3) x25 0x0000001f
core   0: 0x800065f2 (0x0ff0000f) fence   iorw,iorw
core   0: 0 0x800065f2 (0x0ff0000f)
core   0: 0x800065f6 (0xccf08a03) lb      s4, -817(ra)
core   0: 0 0x800065f6 (0xccf08a03) x20 0xffffff95 mem 0x800331de
core   0: 0x800065fa (0xfc708723) sb      t2, -50(ra)
core   0: 0 0x800065fa (0xfc708723) mem 0x800334dd 0x1
core   0: 0x800065fe (0x3360c383) lbu     t2, 822(ra)
core   0: 0 0x800065fe (0x3360c383) x7  0x000000fe mem 0x80033845
core   0: 0x80006602 (0x000085ad) c.srai  a1, 11
core   0: 0 0x80006602 (0x85ad) x11 0x00000000
core   0: 0x80006604 (0xe936ee93) ori     t4, a3, -365
core   0: 0 0x80006604 (0xe936ee93) x29 0xffffff93
core   0: 0x80006608 (0x00000001) c.nop
core   0: 0 0x80006608 (0x0001)
core   0: 0x8000660a (0xcdd0a583) lw      a1, -803(ra)
core   0: 0 0x8000660a (0xcdd0a583) x11 0xa4a5a6a7 mem 0x800331ec
core   0: 0x8000660e (0x00009a26) c.add   s4, s1
core   0: 0 0x8000660e (0x9a26) x20 0x00000009
core   0: 0x80006610 (0x408a05b3) sub     a1, s4, s0
core   0: 0 0x80006610 (0x408a05b3) x11 0x1716151e
core   0: 0x80006614 (0x55356913) ori     s2, a0, 1363
core   0: 0 0x80006614 (0x55356913) x18 0x00000553
core   0: 0x80006618 (0x000082ad) c.srli  a3, 11
core   0: 0 0x80006618 (0x82ad) x13 0x001fffff
core   0: 0x8000661a (0x000099fd) c.andi  a1, -1
core   0: 0 0x8000661a (0x99fd) x11 0x1716151e
core   0: 0x8000661c (0x6b508c23) sb      s5, 1720(ra)
core   0: 0 0x8000661c (0x6b508c23) mem 0x80033bc7 0xbb
core   0: 0x80006620 (0x00008109) c.srli  a0, 2
core   0: 0 0x80006620 (0x8109) x10 0x00000000
core   0: 0x80006622 (0x00000ca6) c.slli  s9, 9
core   0: 0 0x80006622 (0x0ca6) x25 0x00003e00
core   0: 0x80006624 (0x59908503) lb      a0, 1433(ra)
core   0: 0 0x80006624 (0x59908503) x10 0x00000063 mem 0x80033aa8
core   0: 0x80006628 (0x08508923) sb      t0, 146(ra)
core   0: 0 0x80006628 (0x08508923) mem 0x800335a1 0x1f
core   0: 0x8000662c (0xb9c089a3) sb      t3, -1133(ra)
core   0: 0 0x8000662c (0xb9c089a3) mem 0x800330a2 0x39
core   0: 0x80006630 (0x5fc08e83) lb      t4, 1532(ra)
core   0: 0 0x80006630 (0x5fc08e83) x29 0xffffffc0 mem 0x80033b0b
core   0: 0x80006634 (0x0002da97) auipc   s5, 0x2d
core   0: 0 0x80006634 (0x0002da97) x21 0x80033634
core   0: 0x80006638 (0xa98a8a93) addi    s5, s5, -1384
core   0: 0 0x80006638 (0xa98a8a93) x21 0x800330cc
core   0: 0x8000663c (0x40a584b3) sub     s1, a1, a0
core   0: 0 0x8000663c (0x40a584b3) x9  0x171614bb
core   0: 0x80006640 (0x677a8ea3) sb      s7, 1661(s5)
core   0: 0 0x80006640 (0x677a8ea3) mem 0x80033749 0x3
core   0: 0x80006644 (0x00006685) c.lui   a3, 0x1
core   0: 0 0x80006644 (0x6685) x13 0x00001000
core   0: 0x80006646 (0x1dbacb83) lbu     s7, 475(s5)
core   0: 0 0x80006646 (0x1dbacb83) x23 0x0000005c mem 0x800332a7
core   0: 0x8000664a (0x00008c91) c.sub   s1, a2
core   0: 0 0x8000664a (0x8c91) x9  0x97118683
core   0: 0x8000664c (0x5cda8203) lb      tp, 1485(s5)
core   0: 0 0x8000664c (0x5cda8203) x4  0x00000052 mem 0x80033699
core   0: 0x80006650 (0x36cad783) lhu     a5, 876(s5)
core   0: 0 0x80006650 (0x36cad783) x15 0x0000f2f3 mem 0x80033438
core   0: 0x80006654 (0x5e7a8903) lb      s2, 1511(s5)
core   0: 0 0x80006654 (0x5e7a8903) x18 0x00000068 mem 0x800336b3
core   0: 0x80006658 (0x40aac083) lbu     ra, 1034(s5)
core   0: 0 0x80006658 (0x40aac083) x1  0x0000008d mem 0x800334d6
core   0: 0x8000665c (0x02fb5533) divu    a0, s6, a5
core   0: 0 0x8000665c (0x02fb5533) x10 0x00000000
core   0: 0x80006660 (0x679ac083) lbu     ra, 1657(s5)
core   0: 0 0x80006660 (0x679ac083) x1  0x000000fe mem 0x80033745
core   0: 0x80006664 (0x5b7a8f03) lb      t5, 1463(s5)
core   0: 0 0x80006664 (0x5b7a8f03) x30 0x00000038 mem 0x80033683
core   0: 0x80006668 (0x423acb03) lbu     s6, 1059(s5)
core   0: 0 0x80006668 (0x423acb03) x22 0x000000a4 mem 0x800334ef
core   0: 0x8000666c (0xf8da8783) lb      a5, -115(s5)
core   0: 0 0x8000666c (0xf8da8783) x15 0x00000012 mem 0x80033059
core   0: 0x80006670 (0x1e2ad283) lhu     t0, 482(s5)
core   0: 0 0x80006670 (0x1e2ad283) x5  0x00006465 mem 0x800332ae
core   0: 0x80006674 (0x250a86a3) sb      a6, 589(s5)
core   0: 0 0x80006674 (0x250a86a3) mem 0x80033319 0x10
core   0: 0x80006678 (0x26eac503) lbu     a0, 622(s5)
core   0: 0 0x80006678 (0x26eac503) x10 0x000000f1 mem 0x8003333a
core   0: 0x8000667c (0x44ea8d83) lb      s11, 1102(s5)
core   0: 0 0x8000667c (0x44ea8d83) x27 0xffffffd1 mem 0x8003351a
core   0: 0x80006680 (0x699a8523) sb      s9, 1674(s5)
core   0: 0 0x80006680 (0x699a8523) mem 0x80033756 0x0
core   0: 0x80006684 (0x2fba8983) lb      s3, 763(s5)
core   0: 0 0x80006684 (0x2fba8983) x19 0x0000007c mem 0x800333c7
core   0: 0x80006688 (0x6b7a8903) lb      s2, 1719(s5)
core   0: 0 0x80006688 (0x6b7a8903) x18 0x00000038 mem 0x80033783
core   0: 0x8000668c (0x1ad10537) lui     a0, 0x1ad10
core   0: 0 0x8000668c (0x1ad10537) x10 0x1ad10000
core   0: 0x80006690 (0x039cd233) divu    tp, s9, s9
core   0: 0 0x80006690 (0x039cd233) x4  0x00000001
core   0: 0x80006694 (0x17ea80a3) sb      t5, 353(s5)
core   0: 0 0x80006694 (0x17ea80a3) mem 0x8003322d 0x38
core   0: 0x80006698 (0x2b9a8583) lb      a1, 697(s5)
core   0: 0 0x80006698 (0x2b9a8583) x11 0x0000003e mem 0x80033385
core   0: 0x8000669c (0x164a8203) lb      tp, 356(s5)
core   0: 0 0x8000669c (0x164a8203) x4  0xffffffeb mem 0x80033230
core   0: 0x800066a0 (0x022a28b3) mulhsu  a7, s4, sp
core   0: 0 0x800066a0 (0x022a28b3) x17 0x00000008
core   0: 0x800066a4 (0x00006ce9) c.lui   s9, 0x1a
core   0: 0 0x800066a4 (0x6ce9) x25 0x0001a000
core   0: 0x800066a6 (0x00e01f13) slli    t5, zero, 14
core   0: 0 0x800066a6 (0x00e01f13) x30 0x00000000
core   0: 0x800066aa (0x705a84a3) sb      t0, 1801(s5)
core   0: 0 0x800066aa (0x705a84a3) mem 0x800337d5 0x65
core   0: 0x800066ae (0x6e6a9083) lh      ra, 1766(s5)
core   0: 0 0x800066ae (0x6e6a9083) x1  0x00006869 mem 0x800337b2
core   0: 0x800066b2 (0x00008151) c.srli  a0, 20
core   0: 0 0x800066b2 (0x8151) x10 0x000001ad
core   0: 0x800066b4 (0x000098fd) c.andi  s1, -1
core   0: 0 0x800066b4 (0x98fd) x9  0x97118683
core   0: 0x800066b6 (0xfb5a88a3) sb      s5, -79(s5)
core   0: 0 0x800066b6 (0xfb5a88a3) mem 0x8003307d 0xcc
core   0: 0x800066ba (0x13dac403) lbu     s0, 317(s5)
core   0: 0 0x800066ba (0x13dac403) x8  0x000000c2 mem 0x80033209
core   0: 0x800066be (0x047ace03) lbu     t3, 71(s5)
core   0: 0 0x800066be (0x047ace03) x28 0x000000c8 mem 0x80033113
core   0: 0x800066c2 (0x0002df97) auipc   t6, 0x2d
core   0: 0 0x800066c2 (0x0002df97) x31 0x800336c2
core   0: 0x800066c6 (0x78cf8f93) addi    t6, t6, 1932
core   0: 0 0x800066c6 (0x78cf8f93) x31 0x80033e4e
core   0: 0x800066ca (0x00fd51b3) srl     gp, s10, a5
core   0: 0 0x800066ca (0x00fd51b3) x3  0x0000235b
core   0: 0x800066ce (0x00000001) c.nop
core   0: 0 0x800066ce (0x0001)
core   0: 0x800066d0 (0x017f80a3) sb      s7, 1(t6)
core   0: 0 0x800066d0 (0x017f80a3) mem 0x80033e4f 0x5c
core   0: 0x800066d4 (0x007c5d33) srl     s10, s8, t2
core   0: 0 0x800066d4 (0x007c5d33) x26 0x00000000
core   0: 0x800066d8 (0x006fdf03) lhu     t5, 6(t6)
core   0: 0 0x800066d8 (0x006fdf03) x30 0x00000e0f mem 0x80033e54
core   0: 0x800066dc (0x00008935) c.andi  a0, 13
core   0: 0 0x800066dc (0x8935) x10 0x0000000d
core   0: 0x800066de (0x00bfca03) lbu     s4, 11(t6)
core   0: 0 0x800066de (0x00bfca03) x20 0x00000012 mem 0x80033e59
core   0: 0x800066e2 (0xff9fc583) lbu     a1, -7(t6)
core   0: 0 0x800066e2 (0xff9fc583) x11 0x000000fc mem 0x80033e47
core   0: 0x800066e6 (0xff9fc803) lbu     a6, -7(t6)
core   0: 0 0x800066e6 (0xff9fc803) x16 0x000000fc mem 0x80033e47
core   0: 0x800066ea (0x002213b3) sll     t2, tp, sp
core   0: 0 0x800066ea (0x002213b3) x7  0xfd600000
core   0: 0x800066ee (0x02c705b3) mul     a1, a4, a2
core   0: 0 0x800066ee (0x02c705b3) x11 0xde4349e0
core   0: 0x800066f2 (0xfe8f8fa3) sb      s0, -1(t6)
core   0: 0 0x800066f2 (0xfe8f8fa3) mem 0x80033e4d 0xc2
core   0: 0x800066f6 (0xff7f8b03) lb      s6, -9(t6)
core   0: 0 0x800066f6 (0xff7f8b03) x22 0xfffffffe mem 0x80033e45
core   0: 0x800066fa (0xff5f8ca3) sb      s5, -7(t6)
core   0: 0 0x800066fa (0xff5f8ca3) mem 0x80033e47 0xcc
core   0: 0x800066fe (0x00008dc1) c.or    a1, s0
core   0: 0 0x800066fe (0x8dc1) x11 0xde4349e2
core   0: 0x80006700 (0xffcf9c23) sh      t3, -8(t6)
core   0: 0 0x80006700 (0xffcf9c23) mem 0x80033e46 0x00c8
core   0: 0x80006704 (0x01560cb3) add     s9, a2, s5
core   0: 0 0x80006704 (0x01560cb3) x25 0x0007bf04
core   0: 0x80006708 (0x008f9903) lh      s2, 8(t6)
core   0: 0 0x80006708 (0x008f9903) x18 0x00000c0d mem 0x80033e56
core   0: 0x8000670c (0xff0f8ca3) sb      a6, -7(t6)
core   0: 0 0x8000670c (0xff0f8ca3) mem 0x80033e47 0xfc
core   0: 0x80006710 (0xfe7f8823) sb      t2, -16(t6)
core   0: 0 0x80006710 (0xfe7f8823) mem 0x80033e3e 0x0
core   0: 0x80006714 (0x0188a193) slti    gp, a7, 24
core   0: 0 0x80006714 (0x0188a193) x3  0x00000001
core   0: 0x80006718 (0x98bdc793) xori    a5, s11, -1653
core   0: 0 0x80006718 (0x98bdc793) x15 0x0000065a
core   0: 0x8000671c (0x00e64b33) xor     s6, a2, a4
core   0: 0 0x8000671c (0x00e64b33) x22 0x000042dc
core   0: 0x80006720 (0xff1f8383) lb      t2, -15(t6)
core   0: 0 0x80006720 (0xff1f8383) x7  0xfffffff4 mem 0x80033e3f
core   0: 0x80006724 (0x00bf85a3) sb      a1, 11(t6)
core   0: 0 0x80006724 (0x00bf85a3) mem 0x80033e59 0xe2
core   0: 0x80006728 (0xfe9f8ea3) sb      s1, -3(t6)
core   0: 0 0x80006728 (0xfe9f8ea3) mem 0x80033e4b 0x83
core   0: 0x8000672c (0x00000001) c.nop
core   0: 0 0x8000672c (0x0001)
core   0: 0x8000672e (0x1751e793) ori     a5, gp, 373
core   0: 0 0x8000672e (0x1751e793) x15 0x00000175
core   0: 0x80006732 (0x002fdd03) lhu     s10, 2(t6)
core   0: 0 0x80006732 (0x002fdd03) x26 0x00000a0b mem 0x80033e50
core   0: 0x80006736 (0xff2f8ea3) sb      s2, -3(t6)
core   0: 0 0x80006736 (0xff2f8ea3) mem 0x80033e4b 0xd
core   0: 0x8000673a (0x00008dad) c.xor   a1, a1
core   0: 0 0x8000673a (0x8dad) x11 0x00000000
core   0: 0x8000673c (0x8f9f8337) lui     t1, 0x8f9f8
core   0: 0 0x8000673c (0x8f9f8337) x6  0x8f9f8000
core   0: 0x80006740 (0x006f9823) sh      t1, 16(t6)
core   0: 0 0x80006740 (0x006f9823) mem 0x80033e5e 0x8000
core   0: 0x80006744 (0x010f8323) sb      a6, 6(t6)
core   0: 0 0x80006744 (0x010f8323) mem 0x80033e54 0xfc
core   0: 0x80006748 (0x00c393b3) sll     t2, t2, a2
core   0: 0 0x80006748 (0x00c393b3) x7  0xf4000000
core   0: 0x8000674c (0x00008d52) c.mv    s10, s4
core   0: 0 0x8000674c (0x8d52) x26 0x00000012
core   0: 0x8000674e (0x00dfc183) lbu     gp, 13(t6)
core   0: 0 0x8000674e (0x00dfc183) x3  0x00000010 mem 0x80033e5b
core   0: 0x80006752 (0x00037417) auipc   s0, 0x37
core   0: 0 0x80006752 (0x00037417) x8  0x8003d752
core   0: 0x80006756 (0x04340413) addi    s0, s0, 67
core   0: 0 0x80006756 (0x04340413) x8  0x8003d795
core   0: 0x8000675a (0x0002de97) auipc   t4, 0x2d
core   0: 0 0x8000675a (0x0002de97) x29 0x8003375a
core   0: 0x8000675e (0x640e8e93) addi    t4, t4, 1600
core   0: 0 0x8000675e (0x640e8e93) x29 0x80033d9a
core   0: 0x80006762 (0xf9b41aa3) sh      s11, -107(s0)
core   0: 0 0x80006762 (0xf9b41aa3) mem 0x8003d72a 0xffd1
core   0: 0x80006766 (0x081e8f03) lb      t5, 129(t4)
core   0: 0 0x80006766 (0x081e8f03) x30 0xffffffd0 mem 0x80033e1b
core   0: 0x8000676a (0xf2ce9303) lh      t1, -212(t4)
core   0: 0 0x8000676a (0xf2ce9303) x6  0x00007c7d mem 0x80033cc6
core   0: 0x8000676e (0x0cf402a3) sb      a5, 197(s0)
core   0: 0 0x8000676e (0x0cf402a3) mem 0x8003d85a 0x75
core   0: 0x80006772 (0x09141283) lh      t0, 145(s0)
core   0: 0 0x80006772 (0x09141283) x5  0xffffdcdd mem 0x8003d826
core   0: 0x80006776 (0x0a040423) sb      zero, 168(s0)
core   0: 0 0x80006776 (0x0a040423) mem 0x8003d83d 0x0
core   0: 0x8000677a (0xf3fecc83) lbu     s9, -193(t4)
core   0: 0 0x8000677a (0xf3fecc83) x25 0x00000092 mem 0x80033cd9
core   0: 0x8000677e (0xfcb40303) lb      t1, -53(s0)
core   0: 0 0x8000677e (0xfcb40303) x6  0x0000001b mem 0x8003d760
core   0: 0x80006782 (0xfed44883) lbu     a7, -19(s0)
core   0: 0 0x80006782 (0xfed44883) x17 0x00000039 mem 0x8003d782
core   0: 0x80006786 (0xfdde8b83) lb      s7, -35(t4)
core   0: 0 0x80006786 (0xfdde8b83) x23 0x0000002c mem 0x80033d77
core   0: 0x8000678a (0xff240883) lb      a7, -14(s0)
core   0: 0 0x8000678a (0xff240883) x17 0x0000003c mem 0x8003d787
core   0: 0x8000678e (0x0de40a83) lb      s5, 222(s0)
core   0: 0 0x8000678e (0x0de40a83) x21 0x00000028 mem 0x8003d873
core   0: 0x80006792 (0xfac40a03) lb      s4, -84(s0)
core   0: 0 0x80006792 (0xfac40a03) x20 0xfffffffa mem 0x8003d741
core   0: 0x80006796 (0x032e9483) lh      s1, 50(t4)
core   0: 0 0x80006796 (0x032e9483) x9  0xffff8687 mem 0x80033dcc
core   0: 0x8000679a (0x0002d697) auipc   a3, 0x2d
core   0: 0 0x8000679a (0x0002d697) x13 0x8003379a
core   0: 0x8000679e (0x0aa68693) addi    a3, a3, 170
core   0: 0 0x8000679e (0x0aa68693) x13 0x80033844
core   0: 0x800067a2 (0x0d768803) lb      a6, 215(a3)
core   0: 0 0x800067a2 (0x0d768803) x16 0xffffffd0 mem 0x8003391b
core   0: 0x800067a6 (0xfb768ca3) sb      s7, -71(a3)
core   0: 0 0x800067a6 (0xfb768ca3) mem 0x800337fd 0x2c
core   0: 0x800067aa (0x0003cb97) auipc   s7, 0x3c
core   0: 0 0x800067aa (0x0003cb97) x23 0x800427aa
core   0: 0x800067ae (0x222b8b93) addi    s7, s7, 546
core   0: 0 0x800067ae (0x222b8b93) x23 0x800429cc
core   0: 0x800067b2 (0x01db85a3) sb      t4, 11(s7)
core   0: 0 0x800067b2 (0x01db85a3) mem 0x800429d7 0x9a
core   0: 0x800067b6 (0xf676cb03) lbu     s6, -153(a3)
core   0: 0 0x800067b6 (0xf676cb03) x22 0x00000060 mem 0x800337ab
core   0: 0x800067ba (0x010bcf83) lbu     t6, 16(s7)
core   0: 0 0x800067ba (0x010bcf83) x31 0x00000097 mem 0x800429dc
core   0: 0x800067be (0x00cb9083) lh      ra, 12(s7)
core   0: 0 0x800067be (0x00cb9083) x1  0xffff9293 mem 0x800429d8
core   0: 0x800067c2 (0xff8b8a03) lb      s4, -8(s7)
core   0: 0 0x800067c2 (0xff8b8a03) x20 0x0000007f mem 0x800429c4
core   0: 0x800067c6 (0x002bdc03) lhu     s8, 2(s7)
core   0: 0 0x800067c6 (0x002bdc03) x24 0x00008485 mem 0x800429ce
core   0: 0x800067ca (0x09b6cc03) lbu     s8, 155(a3)
core   0: 0 0x800067ca (0x09b6cc03) x24 0x00000094 mem 0x800338df
core   0: 0x800067ce (0x008b86a3) sb      s0, 13(s7)
core   0: 0 0x800067ce (0x008b86a3) mem 0x800429d9 0x95
core   0: 0x800067d2 (0x06a68ea3) sb      a0, 125(a3)
core   0: 0 0x800067d2 (0x06a68ea3) mem 0x800338c1 0xd
core   0: 0x800067d6 (0x00ebd003) lhu     zero, 14(s7)
core   0: 0 0x800067d6 (0x00ebd003) mem 0x800429da
core   0: 0x800067da (0x0002d417) auipc   s0, 0x2d
core   0: 0 0x800067da (0x0002d417) x8  0x800337da
core   0: 0x800067de (0xec240413) addi    s0, s0, -318
core   0: 0 0x800067de (0xec240413) x8  0x8003369c
core   0: 0x800067e2 (0x01b44c03) lbu     s8, 27(s0)
core   0: 0 0x800067e2 (0x01b44c03) x24 0x0000006c mem 0x800336b7
core   0: 0x800067e6 (0x01b40383) lb      t2, 27(s0)
core   0: 0 0x800067e6 (0x01b40383) x7  0x0000006c mem 0x800336b7
core   0: 0x800067ea (0x04340783) lb      a5, 67(s0)
core   0: 0 0x800067ea (0x04340783) x15 0xffffff94 mem 0x800336df
core   0: 0x800067ee (0x04340d03) lb      s10, 67(s0)
core   0: 0 0x800067ee (0x04340d03) x26 0xffffff94 mem 0x800336df
core   0: 0x800067f2 (0x00a44783) lbu     a5, 10(s0)
core   0: 0 0x800067f2 (0x00a44783) x15 0x0000005d mem 0x800336a6
core   0: 0x800067f6 (0x0140c1b3) xor     gp, ra, s4
core   0: 0 0x800067f6 (0x0140c1b3) x3  0xffff92ec
core   0: 0x800067fa (0x0a542023) sw      t0, 160(s0)
core   0: 0 0x800067fa (0x0a542023) mem 0x8003373c 0xffffdcdd
core   0: 0x800067fe (0x08c40583) lb      a1, 140(s0)
core   0: 0 0x800067fe (0x08c40583) x11 0xffffffe3 mem 0x80033728
core   0: 0x80006802 (0x00006d0d) c.lui   s10, 0x3
core   0: 0 0x80006802 (0x6d0d) x26 0x00003000
core   0: 0x80006804 (0x0cd40683) lb      a3, 205(s0)
core   0: 0 0x80006804 (0x0cd40683) x13 0x00000000 mem 0x80033769
core   0: 0x80006808 (0x0c3406a3) sb      gp, 205(s0)
core   0: 0 0x80006808 (0x0c3406a3) mem 0x80033769 0xec
core   0: 0x8000680c (0xf2442b03) lw      s6, -220(s0)
core   0: 0 0x8000680c (0xf2442b03) x22 0x78797a7b mem 0x800335c0
core   0: 0x80006810 (0xfad44383) lbu     t2, -83(s0)
core   0: 0 0x80006810 (0xfad44383) x7  0x00000002 mem 0x80033649
core   0: 0x80006814 (0x03fc0833) mul     a6, s8, t6
core   0: 0 0x80006814 (0x03fc0833) x16 0x00003fb4
core   0: 0x80006818 (0x05341c23) sh      s3, 88(s0)
core   0: 0 0x80006818 (0x05341c23) mem 0x800336f4 0x007c
core   0: 0x8000681c (0x0002d697) auipc   a3, 0x2d
core   0: 0 0x8000681c (0x0002d697) x13 0x8003381c
core   0: 0x80006820 (0xc9a68693) addi    a3, a3, -870
core   0: 0 0x80006820 (0xc9a68693) x13 0x800334b6
core   0: 0x80006824 (0x01d68b23) sb      t4, 22(a3)
core   0: 0 0x80006824 (0x01d68b23) mem 0x800334cc 0x9a
core   0: 0x80006828 (0xfd16ca03) lbu     s4, -47(a3)
core   0: 0 0x80006828 (0xfd16ca03) x20 0x0000003c mem 0x80033487
core   0: 0x8000682c (0x01e047b3) xor     a5, zero, t5
core   0: 0 0x8000682c (0x01e047b3) x15 0xffffffd0
core   0: 0x80006830 (0x0346eab3) rem     s5, a3, s4
core   0: 0 0x80006830 (0x0346eab3) x21 0xffffffe6
core   0: 0x80006834 (0xffd68303) lb      t1, -3(a3)
core   0: 0 0x80006834 (0xffd68303) x6  0x00000039 mem 0x800334b3
core   0: 0x80006838 (0x4094dc93) srai    s9, s1, 9
core   0: 0 0x80006838 (0x4094dc93) x25 0xffffffc3
core   0: 0x8000683c (0xfdf6c483) lbu     s1, -33(a3)
core   0: 0 0x8000683c (0xfdf6c483) x9  0x0000004e mem 0x80033495
core   0: 0x80006840 (0x02368983) lb      s3, 35(a3)
core   0: 0 0x80006840 (0x02368983) x19 0xffffff92 mem 0x800334d9
core   0: 0x80006844 (0xff268c83) lb      s9, -14(a3)
core   0: 0 0x80006844 (0xff268c83) x25 0x00000063 mem 0x800334a8
core   0: 0x80006848 (0xfdb6cd03) lbu     s10, -37(a3)
core   0: 0 0x80006848 (0xfdb6cd03) x26 0x0000004a mem 0x80033491
core   0: 0x8000684c (0xfdb68c83) lb      s9, -37(a3)
core   0: 0 0x8000684c (0xfdb68c83) x25 0x0000004a mem 0x80033491
core   0: 0x80006850 (0x407b5b93) srai    s7, s6, 7
core   0: 0 0x80006850 (0x407b5b93) x23 0x00f0f2f4
core   0: 0x80006854 (0xffd68f03) lb      t5, -3(a3)
core   0: 0 0x80006854 (0xffd68f03) x30 0x00000039 mem 0x800334b3
core   0: 0x80006858 (0xfcd69023) sh      a3, -64(a3)
core   0: 0 0x80006858 (0xfcd69023) mem 0x80033476 0x34b6
core   0: 0x8000685c (0xfc068283) lb      t0, -64(a3)
core   0: 0 0x8000685c (0xfc068283) x5  0xffffffb6 mem 0x80033476
core   0: 0x80006860 (0xfda6ae83) lw      t4, -38(a3)
core   0: 0 0x80006860 (0xfda6ae83) x29 0x48494a4b mem 0x80033490
core   0: 0x80006864 (0xfdc69a03) lh      s4, -36(a3)
core   0: 0 0x80006864 (0xfdc69a03) x20 0x00004849 mem 0x80033492
core   0: 0x80006868 (0x0002d597) auipc   a1, 0x2d
core   0: 0 0x80006868 (0x0002d597) x11 0x80033868
core   0: 0x8000686c (0x7e058593) addi    a1, a1, 2016
core   0: 0 0x8000686c (0x7e058593) x11 0x80034048
core   0: 0x80006870 (0x2de6f3b7) lui     t2, 0x2de6f
core   0: 0 0x80006870 (0x2de6f3b7) x7  0x2de6f000
core   0: 0x80006874 (0x0000959e) c.add   a1, t2
core   0: 0 0x80006874 (0x959e) x11 0xadea3048
core   0: 0x80006876 (0x86158d23) sb      ra, -1926(a1)
core   0: 0 0x80006876 (0x86158d23) mem 0xadea28c2 0x93
core   0: 0x8000687a (0xcc259023) sh      sp, -832(a1)
core   0: 0 0x8000687a (0xcc259023) mem 0xadea2d08 0x9895
core   0: 0x8000687e (0x08458323) sb      tp, 134(a1)
core   0: 0 0x8000687e (0x08458323) mem 0xadea30ce 0xeb
core   0: 0x80006882 (0xab8584a3) sb      s8, -1367(a1)
core   0: 0 0x80006882 (0xab8584a3) mem 0xadea2af1 0x6c
core   0: 0x80006886 (0x87a5c883) lbu     a7, -1926(a1)
core   0: 0 0x80006886 (0x87a5c883) x17 0x00000093 mem 0xadea28c2
core   0: 0x8000688a (0xcc059c03) lh      s8, -832(a1)
core   0: 0 0x8000688a (0xcc059c03) x24 0xffff9895 mem 0xadea2d08
core   0: 0x8000688e (0x41da5e33) sra     t3, s4, t4
core   0: 0 0x8000688e (0x41da5e33) x28 0x00000009
core   0: 0x80006892 (0x6c6146b7) lui     a3, 0x6c614
core   0: 0 0x80006892 (0x6c6146b7) x13 0x6c614000
core   0: 0x80006896 (0x66e58fa3) sb      a4, 1663(a1)
core   0: 0 0x80006896 (0x66e58fa3) mem 0xadea36c7 0xe4
core   0: 0x8000689a (0x038b0cb3) mul     s9, s6, s8
core   0: 0 0x8000689a (0x038b0cb3) x25 0xc4f25197
core   0: 0x8000689e (0x4fd5b413) sltiu   s0, a1, 1277
core   0: 0 0x8000689e (0x4fd5b413) x8  0x00000000
core   0: 0x800068a2 (0x08658f03) lb      t5, 134(a1)
core   0: 0 0x800068a2 (0x08658f03) x30 0xffffffeb mem 0xadea30ce
core   0: 0x800068a6 (0x02acd9b7) lui     s3, 0x2acd
core   0: 0 0x800068a6 (0x02acd9b7) x19 0x02acd000
core   0: 0x800068aa (0x01f740b3) xor     ra, a4, t6
core   0: 0 0x800068aa (0x01f740b3) x1  0x8004cc73
core   0: 0x800068ae (0x40fe57b3) sra     a5, t3, a5
core   0: 0 0x800068ae (0x40fe57b3) x15 0x00000000
core   0: 0x800068b2 (0x03983433) mulhu   s0, a6, s9
core   0: 0 0x800068b2 (0x03983433) x8  0x00003102
core   0: 0x800068b6 (0x00008285) c.srli  a3, 1
core   0: 0 0x800068b6 (0x8285) x13 0x3630a000
core   0: 0x800068b8 (0xce05ac23) sw      zero, -776(a1)
core   0: 0 0x800068b8 (0xce05ac23) mem 0xadea2d40 0x00000000
core   0: 0x800068bc (0xa7859a23) sh      s8, -1420(a1)
core   0: 0 0x800068bc (0xa7859a23) mem 0xadea2abc 0x9895
core   0: 0x800068c0 (0x0002df17) auipc   t5, 0x2d
core   0: 0 0x800068c0 (0x0002df17) x30 0x800338c0
core   0: 0x800068c4 (0xa72f0f13) addi    t5, t5, -1422
core   0: 0 0x800068c4 (0xa72f0f13) x30 0x80033332
core   0: 0x800068c8 (0x40ecd333) sra     t1, s9, a4
core   0: 0 0x800068c8 (0x40ecd333) x6  0xfc4f2519
core   0: 0x800068cc (0x06e79a37) lui     s4, 0x6e79
core   0: 0 0x800068cc (0x06e79a37) x20 0x06e79000
core   0: 0x800068d0 (0xfdbf4803) lbu     a6, -37(t5)
core   0: 0 0x800068d0 (0xfdbf4803) x16 0x000000c6 mem 0x8003330d
core   0: 0x800068d4 (0xfdbf0203) lb      tp, -37(t5)
core   0: 0 0x800068d4 (0xfdbf0203) x4  0xffffffc6 mem 0x8003330d
core   0: 0x800068d8 (0xfdbf4183) lbu     gp, -37(t5)
core   0: 0 0x800068d8 (0xfdbf4183) x3  0x000000c6 mem 0x8003330d
core   0: 0x800068dc (0xfdbf0203) lb      tp, -37(t5)
core   0: 0 0x800068dc (0xfdbf0203) x4  0xffffffc6 mem 0x8003330d
core   0: 0x800068e0 (0xfdbf0203) lb      tp, -37(t5)
core   0: 0 0x800068e0 (0xfdbf0203) x4  0xffffffc6 mem 0x8003330d
core   0: 0x800068e4 (0xfcbf0da3) sb      a1, -37(t5)
core   0: 0 0x800068e4 (0xfcbf0da3) mem 0x8003330d 0x48
core   0: 0x800068e8 (0xfdbf0983) lb      s3, -37(t5)
core   0: 0 0x800068e8 (0xfdbf0983) x19 0x00000048 mem 0x8003330d
core   0: 0x800068ec (0xfdbf4983) lbu     s3, -37(t5)
core   0: 0 0x800068ec (0xfdbf4983) x19 0x00000048 mem 0x8003330d
core   0: 0x800068f0 (0x03facbb3) div     s7, s5, t6
core   0: 0 0x800068f0 (0x03facbb3) x23 0x00000000
core   0: 0x800068f4 (0xfdbf4803) lbu     a6, -37(t5)
core   0: 0 0x800068f4 (0xfdbf4803) x16 0x00000048 mem 0x8003330d
core   0: 0x800068f8 (0x00009d3a) c.add   s10, a4
core   0: 0 0x800068f8 (0x9d3a) x26 0x8004cd2e
core   0: 0x800068fa (0x0ff0000f) fence   iorw,iorw
core   0: 0 0x800068fa (0x0ff0000f)
core   0: 0x800068fe (0xfdbf0803) lb      a6, -37(t5)
core   0: 0 0x800068fe (0xfdbf0803) x16 0x00000048 mem 0x8003330d
core   0: 0x80006902 (0xfc9f0da3) sb      s1, -37(t5)
core   0: 0 0x80006902 (0xfc9f0da3) mem 0x8003330d 0x4e
core   0: 0x80006906 (0x0002c597) auipc   a1, 0x2c
core   0: 0 0x80006906 (0x0002c597) x11 0x80032906
core   0: 0x8000690a (0x74258593) addi    a1, a1, 1858
core   0: 0 0x8000690a (0x74258593) x11 0x80033048
core   0: 0x8000690e (0x48c3fa37) lui     s4, 0x48c3f
core   0: 0 0x8000690e (0x48c3fa37) x20 0x48c3f000
core   0: 0x80006912 (0x000095d2) c.add   a1, s4
core   0: 0 0x80006912 (0x95d2) x11 0xc8c72048
core   0: 0x80006914 (0x281587a3) sb      ra, 655(a1)
core   0: 0 0x80006914 (0x281587a3) mem 0xc8c722d7 0x73
core   0: 0x80006918 (0x422588a3) sb      sp, 1073(a1)
core   0: 0 0x80006918 (0x422588a3) mem 0xc8c72479 0x95
core   0: 0x8000691c (0x043580a3) sb      gp, 65(a1)
core   0: 0 0x8000691c (0x043580a3) mem 0xc8c72089 0xc6
core   0: 0x80006920 (0xf84588a3) sb      tp, -111(a1)
core   0: 0 0x80006920 (0xf84588a3) mem 0xc8c71fd9 0xc6
core   0: 0x80006924 (0x28558ca3) sb      t0, 665(a1)
core   0: 0 0x80006924 (0x28558ca3) mem 0xc8c722e1 0xb6
core   0: 0x80006928 (0x44658ba3) sb      t1, 1111(a1)
core   0: 0 0x80006928 (0x44658ba3) mem 0xc8c7249f 0x19
core   0: 0x8000692c (0xa0758023) sb      t2, -1536(a1)
core   0: 0 0x8000692c (0xa0758023) mem 0xc8c71a48 0x0
core   0: 0x80006930 (0x00006c69) c.lui   s8, 0x1a
core   0: 0 0x80006930 (0x6c69) x24 0x0001a000
core   0: 0x80006932 (0x02ee6913) ori     s2, t3, 46
core   0: 0 0x80006932 (0x02ee6913) x18 0x0000002f
core   0: 0x80006936 (0x410e5d93) srai    s11, t3, 16
core   0: 0 0x80006936 (0x410e5d93) x27 0x00000000
core   0: 0x8000693a (0x25d58aa3) sb      t4, 597(a1)
core   0: 0 0x8000693a (0x25d58aa3) mem 0xc8c7229d 0x4b
core   0: 0x8000693e (0x28f58d83) lb      s11, 655(a1)
core   0: 0 0x8000693e (0x28f58d83) x27 0x00000073 mem 0xc8c722d7
core   0: 0x80006942 (0x00006d15) c.lui   s10, 0x5
core   0: 0 0x80006942 (0x6d15) x26 0x00005000
core   0: 0x80006944 (0x4315ce83) lbu     t4, 1073(a1)
core   0: 0 0x80006944 (0x4315ce83) x29 0x00000095 mem 0xc8c72479
core   0: 0x80006948 (0x0415cf03) lbu     t5, 65(a1)
core   0: 0 0x80006948 (0x0415cf03) x30 0x000000c6 mem 0xc8c72089
core   0: 0x8000694c (0xf915ce83) lbu     t4, -111(a1)
core   0: 0 0x8000694c (0xf915ce83) x29 0x000000c6 mem 0xc8c71fd9
core   0: 0x80006950 (0x29958b03) lb      s6, 665(a1)
core   0: 0 0x80006950 (0x29958b03) x22 0xffffffb6 mem 0xc8c722e1
core   0: 0x80006954 (0x45758a03) lb      s4, 1111(a1)
core   0: 0 0x80006954 (0x45758a03) x20 0x00000019 mem 0xc8c7249f
core   0: 0x80006958 (0x012026b3) slt     a3, zero, s2
core   0: 0 0x80006958 (0x012026b3) x13 0x00000001
core   0: 0x8000695c (0x4009d913) srai    s2, s3, 0
core   0: 0 0x8000695c (0x4009d913) x18 0x00000048
core   0: 0x80006960 (0x00008c81) c.sub   s1, s0
core   0: 0 0x80006960 (0x8c81) x9  0xffffcf4c
core   0: 0x80006962 (0x01856333) or      t1, a0, s8
core   0: 0 0x80006962 (0x01856333) x6  0x0001a00d
core   0: 0x80006966 (0xb1548d13) addi    s10, s1, -1259
core   0: 0 0x80006966 (0xb1548d13) x26 0xffffca61
core   0: 0x8000696a (0xa005c903) lbu     s2, -1536(a1)
core   0: 0 0x8000696a (0xa005c903) x18 0x00000000 mem 0xc8c71a48
core   0: 0x8000696e (0x0002d997) auipc   s3, 0x2d
core   0: 0 0x8000696e (0x0002d997) x19 0x8003396e
core   0: 0x80006972 (0x6da98993) addi    s3, s3, 1754
core   0: 0 0x80006972 (0x6da98993) x19 0x80034048
core   0: 0x80006976 (0x1c2c2a37) lui     s4, 0x1c2c2
core   0: 0 0x80006976 (0x1c2c2a37) x20 0x1c2c2000
core   0: 0x8000697a (0x000099d2) c.add   s3, s4
core   0: 0 0x8000697a (0x99d2) x19 0x9c2f6048
core   0: 0x8000697c (0xc2199323) sh      ra, -986(s3)
core   0: 0 0x8000697c (0xc2199323) mem 0x9c2f5c6e 0xcc73
core   0: 0x80006980 (0xb42980a3) sb      sp, -1215(s3)
core   0: 0 0x80006980 (0xb42980a3) mem 0x9c2f5b89 0x95
core   0: 0x80006984 (0x243987a3) sb      gp, 591(s3)
core   0: 0 0x80006984 (0x243987a3) mem 0x9c2f6297 0xc6
core   0: 0x80006988 (0x82698c23) sb      t1, -1992(s3)
core   0: 0 0x80006988 (0x82698c23) mem 0x9c2f5880 0xd
core   0: 0x8000698c (0x1e7981a3) sb      t2, 483(s3)
core   0: 0 0x8000698c (0x1e7981a3) mem 0x9c2f622b 0x0
core   0: 0x80006990 (0xff698223) sb      s6, -28(s3)
core   0: 0 0x80006990 (0xff698223) mem 0x9c2f602c 0xb6
core   0: 0x80006994 (0xc2699403) lh      s0, -986(s3)
core   0: 0 0x80006994 (0xc2699403) x8  0xffffcc73 mem 0x9c2f5c6e
core   0: 0x80006998 (0xb4198a83) lb      s5, -1215(s3)
core   0: 0 0x80006998 (0xb4198a83) x21 0xffffff95 mem 0x9c2f5b89
core   0: 0x8000699c (0x00000001) c.nop
core   0: 0 0x8000699c (0x0001)
core   0: 0x8000699e (0x015a2e33) slt     t3, s4, s5
core   0: 0 0x8000699e (0x015a2e33) x28 0x00000000
core   0: 0x800069a2 (0x24f9c483) lbu     s1, 591(s3)
core   0: 0 0x800069a2 (0x24f9c483) x9  0x000000c6 mem 0x9c2f6297
core   0: 0x800069a6 (0x50911017) auipc   zero, 0x50911
core   0: 0 0x800069a6 (0x50911017)
core   0: 0x800069aa (0x024988b3) mul     a7, s3, tp
core   0: 0 0x800069aa (0x024988b3) x17 0x9d442fb0
core   0: 0x800069ae (0x001bd393) srli    t2, s7, 1
core   0: 0 0x800069ae (0x001bd393) x7  0x00000000
core   0: 0x800069b2 (0x37398da3) sb      s3, 891(s3)
core   0: 0 0x800069b2 (0x37398da3) mem 0x9c2f63c3 0x48
core   0: 0x800069b6 (0x7f098323) sb      a6, 2022(s3)
core   0: 0 0x800069b6 (0x7f098323) mem 0x9c2f682e 0x48
core   0: 0x800069ba (0x8389ce83) lbu     t4, -1992(s3)
core   0: 0 0x800069ba (0x8389ce83) x29 0x0000000d mem 0x9c2f5880
core   0: 0x800069be (0x1e39cb83) lbu     s7, 483(s3)
core   0: 0 0x800069be (0x1e39cb83) x23 0x00000000 mem 0x9c2f622b
core   0: 0x800069c2 (0x00031917) auipc   s2, 0x31
core   0: 0 0x800069c2 (0x00031917) x18 0x800379c2
core   0: 0x800069c6 (0xef090913) addi    s2, s2, -272
core   0: 0 0x800069c6 (0xef090913) x18 0x800378b2
core   0: 0x800069ca (0xf6494e83) lbu     t4, -156(s2)
core   0: 0 0x800069ca (0xf6494e83) x29 0x000000cd mem 0x80037816
core   0: 0x800069ce (0xf6491583) lh      a1, -156(s2)
core   0: 0 0x800069ce (0xf6491583) x11 0xffffcccd mem 0x80037816
core   0: 0x800069d2 (0x0a794c03) lbu     s8, 167(s2)
core   0: 0 0x800069d2 (0x0a794c03) x24 0x00000012 mem 0x80037959
core   0: 0x800069d6 (0x0ab90223) sb      a1, 164(s2)
core   0: 0 0x800069d6 (0x0ab90223) mem 0x80037956 0xcd
core   0: 0x800069da (0x00008db1) c.xor   a1, a2
core   0: 0 0x800069da (0x8db1) x11 0x7ffb42f5
core   0: 0x800069dc (0x0bd90223) sb      t4, 164(s2)
core   0: 0 0x800069dc (0x0bd90223) mem 0x80037956 0xcd
core   0: 0x800069e0 (0x00008491) c.srai  s1, 4
core   0: 0 0x800069e0 (0x8491) x9  0x0000000c
core   0: 0x800069e2 (0x0a491083) lh      ra, 164(s2)
core   0: 0 0x800069e2 (0x0a491083) x1  0x00000ccd mem 0x80037956
core   0: 0x800069e6 (0x0a490503) lb      a0, 164(s2)
core   0: 0 0x800069e6 (0x0a490503) x10 0xffffffcd mem 0x80037956
core   0: 0x800069ea (0xf9a94c83) lbu     s9, -102(s2)
core   0: 0 0x800069ea (0xf9a94c83) x25 0x00000007 mem 0x8003784c
core   0: 0x800069ee (0x0b890383) lb      t2, 184(s2)
core   0: 0 0x800069ee (0x0b890383) x7  0x00000021 mem 0x8003796a
core   0: 0x800069f2 (0x029b55b3) divu    a1, s6, s1
core   0: 0 0x800069f2 (0x029b55b3) x11 0x1555554f
core   0: 0x800069f6 (0x0b895f83) lhu     t6, 184(s2)
core   0: 0 0x800069f6 (0x0b895f83) x31 0x00002021 mem 0x8003796a
core   0: 0x800069fa (0x0b891303) lh      t1, 184(s2)
core   0: 0 0x800069fa (0x0b891303) x6  0x00002021 mem 0x8003796a
core   0: 0x800069fe (0xf9f90c03) lb      s8, -97(s2)
core   0: 0 0x800069fe (0xf9f90c03) x24 0x0000000a mem 0x80037851
core   0: 0x80006a02 (0x0000100f) fence.i
core   0: 0 0x80006a02 (0x0000100f)
core   0: 0x80006a06 (0x004f4b33) xor     s6, t5, tp
core   0: 0 0x80006a06 (0x004f4b33) x22 0xffffff00
core   0: 0x80006a0a (0xfe495183) lhu     gp, -28(s2)
core   0: 0 0x80006a0a (0xfe495183) x3  0x00004c4d mem 0x80037896
core   0: 0x80006a0e (0x0003b097) auipc   ra, 0x3b
core   0: 0 0x80006a0e (0x0003b097) x1  0x80041a0e
core   0: 0x80006a12 (0x88a08093) addi    ra, ra, -1910
core   0: 0 0x80006a12 (0x88a08093) x1  0x80041298
core   0: 0x80006a16 (0x00f08f03) lb      t5, 15(ra)
core   0: 0 0x80006a16 (0x00f08f03) x30 0x0000005c mem 0x800412a7
core   0: 0x80006a1a (0x00009d12) c.add   s10, tp
core   0: 0 0x80006a1a (0x9d12) x26 0xffffca27
core   0: 0x80006a1c (0x00f0c683) lbu     a3, 15(ra)
core   0: 0 0x80006a1c (0x00f0c683) x13 0x0000005c mem 0x800412a7
core   0: 0x80006a20 (0x00f08903) lb      s2, 15(ra)
core   0: 0 0x80006a20 (0x00f08903) x18 0x0000005c mem 0x800412a7
core   0: 0x80006a24 (0x00c087a3) sb      a2, 15(ra)
core   0: 0 0x80006a24 (0x00c087a3) mem 0x800412a7 0x38
core   0: 0x80006a28 (0x00f0c883) lbu     a7, 15(ra)
core   0: 0 0x80006a28 (0x00f0c883) x17 0x00000038 mem 0x800412a7
core   0: 0x80006a2c (0x01c087a3) sb      t3, 15(ra)
core   0: 0 0x80006a2c (0x01c087a3) mem 0x800412a7 0x0
core   0: 0x80006a30 (0x00f0c303) lbu     t1, 15(ra)
core   0: 0 0x80006a30 (0x00f0c303) x6  0x00000000 mem 0x800412a7
core   0: 0x80006a34 (0x00f08783) lb      a5, 15(ra)
core   0: 0 0x80006a34 (0x00f08783) x15 0x00000000 mem 0x800412a7
core   0: 0x80006a38 (0x00f0cb03) lbu     s6, 15(ra)
core   0: 0 0x80006a38 (0x00f0cb03) x22 0x00000000 mem 0x800412a7
core   0: 0x80006a3c (0x00f0c503) lbu     a0, 15(ra)
core   0: 0 0x80006a3c (0x00f0c503) x10 0x00000000 mem 0x800412a7
core   0: 0x80006a40 (0x00f0cf03) lbu     t5, 15(ra)
core   0: 0 0x80006a40 (0x00f0cf03) x30 0x00000000 mem 0x800412a7
core   0: 0x80006a44 (0x0002c797) auipc   a5, 0x2c
core   0: 0 0x80006a44 (0x0002c797) x15 0x80032a44
core   0: 0x80006a48 (0x76578793) addi    a5, a5, 1893
core   0: 0 0x80006a48 (0x76578793) x15 0x800331a9
core   0: 0x80006a4c (0xffe78003) lb      zero, -2(a5)
core   0: 0 0x80006a4c (0xffe78003) mem 0x800331a7
core   0: 0x80006a50 (0x02bb28b3) mulhsu  a7, s6, a1
core   0: 0 0x80006a50 (0x02bb28b3) x17 0x00000000
core   0: 0x80006a54 (0xff278b23) sb      s2, -10(a5)
core   0: 0 0x80006a54 (0xff278b23) mem 0x8003319f 0x5c
core   0: 0x80006a58 (0x01b98cb3) add     s9, s3, s11
core   0: 0 0x80006a58 (0x01b98cb3) x25 0x9c2f60bb
core   0: 0x80006a5c (0xff878c03) lb      s8, -8(a5)
core   0: 0 0x80006a5c (0xff878c03) x24 0x0000005a mem 0x800331a1
core   0: 0x80006a60 (0xd6ee0313) addi    t1, t3, -658
core   0: 0 0x80006a60 (0xd6ee0313) x6  0xfffffd6e
core   0: 0x80006a64 (0xff878883) lb      a7, -8(a5)
core   0: 0 0x80006a64 (0xff878883) x17 0x0000005a mem 0x800331a1
core   0: 0x80006a68 (0xff878903) lb      s2, -8(a5)
core   0: 0 0x80006a68 (0xff878903) x18 0x0000005a mem 0x800331a1
core   0: 0x80006a6c (0xff878083) lb      ra, -8(a5)
core   0: 0 0x80006a6c (0xff878083) x1  0x0000005a mem 0x800331a1
core   0: 0x80006a70 (0xff878483) lb      s1, -8(a5)
core   0: 0 0x80006a70 (0xff878483) x9  0x0000005a mem 0x800331a1
core   0: 0x80006a74 (0xff878803) lb      a6, -8(a5)
core   0: 0 0x80006a74 (0xff878803) x16 0x0000005a mem 0x800331a1
core   0: 0x80006a78 (0x01ea3ab3) sltu    s5, s4, t5
core   0: 0 0x80006a78 (0x01ea3ab3) x21 0x00000000
core   0: 0x80006a7c (0xff87c003) lbu     zero, -8(a5)
core   0: 0 0x80006a7c (0xff87c003) mem 0x800331a1
core   0: 0x80006a80 (0xff878983) lb      s3, -8(a5)
core   0: 0 0x80006a80 (0xff878983) x19 0x0000005a mem 0x800331a1
core   0: 0x80006a84 (0xff878503) lb      a0, -8(a5)
core   0: 0 0x80006a84 (0xff878503) x10 0x0000005a mem 0x800331a1
core   0: 0x80006a88 (0xff878f03) lb      t5, -8(a5)
core   0: 0 0x80006a88 (0xff878f03) x30 0x0000005a mem 0x800331a1
core   0: 0x80006a8c (0xfe3788a3) sb      gp, -15(a5)
core   0: 0 0x80006a8c (0xfe3788a3) mem 0x8003319a 0x4d
core   0: 0x80006a90 (0xff178e03) lb      t3, -15(a5)
core   0: 0 0x80006a90 (0xff178e03) x28 0x0000004d mem 0x8003319a
core   0: 0x80006a94 (0xff179c03) lh      s8, -15(a5)
core   0: 0 0x80006a94 (0xff179c03) x24 0x0000504d mem 0x8003319a
core   0: 0x80006a98 (0xff178483) lb      s1, -15(a5)
core   0: 0 0x80006a98 (0xff178483) x9  0x0000004d mem 0x8003319a
core   0: 0x80006a9c (0x00154bb3) xor     s7, a0, ra
core   0: 0 0x80006a9c (0x00154bb3) x23 0x00000000
core   0: 0x80006aa0 (0x0077c983) lbu     s3, 7(a5)
core   0: 0 0x80006aa0 (0x0077c983) x19 0x0000006b mem 0x800331b0
core   0: 0x80006aa4 (0x00006e29) c.lui   t3, 0xa
core   0: 0 0x80006aa4 (0x6e29) x28 0x0000a000
core   0: 0x80006aa6 (0x0077da03) lhu     s4, 7(a5)
core   0: 0 0x80006aa6 (0x0077da03) x20 0x00006a6b mem 0x800331b0
core   0: 0x80006aaa (0x0097d483) lhu     s1, 9(a5)
core   0: 0 0x80006aaa (0x0097d483) x9  0x00006869 mem 0x800331b2
core   0: 0x80006aae (0x00037b97) auipc   s7, 0x37
core   0: 0 0x80006aae (0x00037b97) x23 0x8003daae
core   0: 0x80006ab2 (0xf39b8b93) addi    s7, s7, -199
core   0: 0 0x80006ab2 (0xf39b8b93) x23 0x8003d9e7
core   0: 0x80006ab6 (0xffeb8c23) sb      t5, -8(s7)
core   0: 0 0x80006ab6 (0xffeb8c23) mem 0x8003d9df 0x5a
core   0: 0x80006aba (0x0002d197) auipc   gp, 0x2d
core   0: 0 0x80006aba (0x0002d197) x3  0x80033aba
core   0: 0x80006abe (0xf2e18193) addi    gp, gp, -210
core   0: 0 0x80006abe (0xf2e18193) x3  0x800339e8
core   0: 0x80006ac2 (0x006bcc83) lbu     s9, 6(s7)
core   0: 0 0x80006ac2 (0x006bcc83) x25 0x000000a6 mem 0x8003d9ed
core   0: 0x80006ac6 (0xf3518e03) lb      t3, -203(gp)
core   0: 0 0x80006ac6 (0xf3518e03) x28 0xffffffd6 mem 0x8003391d
core   0: 0x80006aca (0xff0bcb03) lbu     s6, -16(s7)
core   0: 0 0x80006aca (0xff0bcb03) x22 0x0000008c mem 0x8003d9d7
core   0: 0x80006ace (0x010b8283) lb      t0, 16(s7)
core   0: 0 0x80006ace (0x010b8283) x5  0xffffffac mem 0x8003d9f7
core   0: 0x80006ad2 (0xfea187a3) sb      a0, -17(gp)
core   0: 0 0x80006ad2 (0xfea187a3) mem 0x800339d7 0x5a
core   0: 0x80006ad6 (0xffebca83) lbu     s5, -2(s7)
core   0: 0 0x80006ad6 (0xffebca83) x21 0x0000009e mem 0x8003d9e5
core   0: 0x80006ada (0x01618ca3) sb      s6, 25(gp)
core   0: 0 0x80006ada (0x01618ca3) mem 0x80033a01 0x8c
core   0: 0x80006ade (0x00ab8403) lb      s0, 10(s7)
core   0: 0 0x80006ade (0x00ab8403) x8  0xffffffaa mem 0x8003d9f1
core   0: 0x80006ae2 (0x009ba203) lw      tp, 9(s7)
core   0: 0 0x80006ae2 (0x009ba203) x4  0xa8a9aaab mem 0x8003d9f0
core   0: 0x80006ae6 (0xfa318883) lb      a7, -93(gp)
core   0: 0 0x80006ae6 (0xfa318883) x17 0x00000040 mem 0x8003398b
core   0: 0x80006aea (0xff3bc203) lbu     tp, -13(s7)
core   0: 0 0x80006aea (0xff3bc203) x4  0x00000091 mem 0x8003d9da
core   0: 0x80006aee (0x00db8503) lb      a0, 13(s7)
core   0: 0 0x80006aee (0x00db8503) x10 0xffffffaf mem 0x8003d9f4
core   0: 0x80006af2 (0xfbf189a3) sb      t6, -77(gp)
core   0: 0 0x80006af2 (0xfbf189a3) mem 0x8003399b 0x21
core   0: 0x80006af6 (0x0002c597) auipc   a1, 0x2c
core   0: 0 0x80006af6 (0x0002c597) x11 0x80032af6
core   0: 0x80006afa (0x55258593) addi    a1, a1, 1362
core   0: 0 0x80006afa (0x55258593) x11 0x80033048
core   0: 0x80006afe (0x35682a37) lui     s4, 0x35682
core   0: 0 0x80006afe (0x35682a37) x20 0x35682000
core   0: 0x80006b02 (0x000095d2) c.add   a1, s4
core   0: 0 0x80006b02 (0x95d2) x11 0xb56b5048
core   0: 0x80006b04 (0xb40585a3) sb      zero, -1205(a1)
core   0: 0 0x80006b04 (0xb40585a3) mem 0xb56b4b93 0x0
core   0: 0x80006b08 (0xe8158f23) sb      ra, -354(a1)
core   0: 0 0x80006b08 (0xe8158f23) mem 0xb56b4ee6 0x5a
core   0: 0x80006b0c (0x2e458423) sb      tp, 744(a1)
core   0: 0 0x80006b0c (0x2e458423) mem 0xb56b5330 0x91
core   0: 0x80006b10 (0x36558d23) sb      t0, 890(a1)
core   0: 0 0x80006b10 (0x36558d23) mem 0xb56b53c2 0xac
core   0: 0x80006b14 (0xa66581a3) sb      t1, -1437(a1)
core   0: 0 0x80006b14 (0xa66581a3) mem 0xb56b4aab 0x6e
core   0: 0x80006b18 (0x00008ba9) c.andi  a5, 10
core   0: 0 0x80006b18 (0x8ba9) x15 0x00000008
core   0: 0x80006b1a (0xb4b58e03) lb      t3, -1205(a1)
core   0: 0 0x80006b1a (0xb4b58e03) x28 0x00000000 mem 0xb56b4b93
core   0: 0x80006b1e (0xe9e58983) lb      s3, -354(a1)
core   0: 0 0x80006b1e (0xe9e58983) x19 0x0000005a mem 0xb56b4ee6
core   0: 0x80006b22 (0xe8f586a3) sb      a5, -371(a1)
core   0: 0 0x80006b22 (0xe8f586a3) mem 0xb56b4ed5 0x8
core   0: 0x80006b26 (0x00008e95) c.sub   a3, a3
core   0: 0 0x80006b26 (0x8e95) x13 0x00000000
core   0: 0x80006b28 (0x00008d4d) c.or    a0, a1
core   0: 0 0x80006b28 (0x8d4d) x10 0xffffffef
core   0: 0x80006b2a (0x696582a3) sb      s6, 1669(a1)
core   0: 0 0x80006b2a (0x696582a3) mem 0xb56b56cd 0x8c
core   0: 0x80006b2e (0x2e858e83) lb      t4, 744(a1)
core   0: 0 0x80006b2e (0x2e858e83) x29 0xffffff91 mem 0xb56b5330
core   0: 0x80006b32 (0x0ff0000f) fence   iorw,iorw
core   0: 0 0x80006b32 (0x0ff0000f)
core   0: 0x80006b36 (0x000008ae) c.slli  a7, 11
core   0: 0 0x80006b36 (0x08ae) x17 0x00020000
core   0: 0x80006b38 (0x61be4a37) lui     s4, 0x61be4
core   0: 0 0x80006b38 (0x61be4a37) x20 0x61be4000
core   0: 0x80006b3c (0x37a58d03) lb      s10, 890(a1)
core   0: 0 0x80006b3c (0x37a58d03) x26 0xffffffac mem 0xb56b53c2
core   0: 0x80006b40 (0xa6358a83) lb      s5, -1437(a1)
core   0: 0 0x80006b40 (0xa6358a83) x21 0x0000006e mem 0xb56b4aab
core   0: 0x80006b44 (0x01b06f33) or      t5, zero, s11
core   0: 0 0x80006b44 (0x01b06f33) x30 0x00000073
core   0: 0x80006b48 (0x00008952) c.mv    s2, s4
core   0: 0 0x80006b48 (0x8952) x18 0x61be4000
core   0: 0x80006b4a (0x0b858f23) sb      s8, 190(a1)
core   0: 0 0x80006b4a (0x0b858f23) mem 0xb56b5106 0x4d
core   0: 0x80006b4e (0x0002dc17) auipc   s8, 0x2d
core   0: 0 0x80006b4e (0x0002dc17) x24 0x80033b4e
core   0: 0x80006b52 (0x116c0c13) addi    s8, s8, 278
core   0: 0 0x80006b52 (0x116c0c13) x24 0x80033c64
core   0: 0x80006b56 (0x0003ce17) auipc   t3, 0x3c
core   0: 0 0x80006b56 (0x0003ce17) x28 0x80042b56
core   0: 0x80006b5a (0x4aae0e13) addi    t3, t3, 1194
core   0: 0 0x80006b5a (0x4aae0e13) x28 0x80043000
core   0: 0x80006b5e (0xfe8e5b03) lhu     s6, -24(t3)
core   0: 0 0x80006b5e (0xfe8e5b03) x22 0x0000a2a3 mem 0x80042fe8
core   0: 0x80006b62 (0xff6c1523) sh      s6, -22(s8)
core   0: 0 0x80006b62 (0xff6c1523) mem 0x80033c4e 0xa2a3
core   0: 0x80006b66 (0xfd9e1d23) sh      s9, -38(t3)
core   0: 0 0x80006b66 (0xfd9e1d23) mem 0x80042fda 0x00a6
core   0: 0x80006b6a (0xfd6c5303) lhu     t1, -42(s8)
core   0: 0 0x80006b6a (0xfd6c5303) x6  0x0000f0f1 mem 0x80033c3a
core   0: 0x80006b6e (0xfeee1e83) lh      t4, -18(t3)
core   0: 0 0x80006b6e (0xfeee1e83) x29 0xffffa4a5 mem 0x80042fee
core   0: 0x80006b72 (0x02bc4683) lbu     a3, 43(s8)
core   0: 0 0x80006b72 (0x02bc4683) x13 0x00000044 mem 0x80033c8f
core   0: 0x80006b76 (0xfeae1483) lh      s1, -22(t3)
core   0: 0 0x80006b76 (0xfeae1483) x9  0xffffa0a1 mem 0x80042fea
core   0: 0x80006b7a (0xfe3e4a03) lbu     s4, -29(t3)
core   0: 0 0x80006b7a (0xfe3e4a03) x20 0x00000098 mem 0x80042fe3
core   0: 0x80006b7e (0x03be03a3) sb      s11, 39(t3)
core   0: 0 0x80006b7e (0x03be03a3) mem 0x80043027 0x73
core   0: 0x80006b82 (0xfe0c2903) lw      s2, -32(s8)
core   0: 0 0x80006b82 (0xfe0c2903) x18 0xfcfdfeff mem 0x80033c44
core   0: 0x80006b86 (0xfc4c0083) lb      ra, -60(s8)
core   0: 0 0x80006b86 (0xfc4c0083) x1  0xffffffe3 mem 0x80033c28
core   0: 0x80006b8a (0xfd8e2623) sw      s8, -52(t3)
core   0: 0 0x80006b8a (0xfd8e2623) mem 0x80042fcc 0x80033c64
core   0: 0x80006b8e (0x011c0ca3) sb      a7, 25(s8)
core   0: 0 0x80006b8e (0x011c0ca3) mem 0x80033c7d 0x0
core   0: 0x80006b92 (0x001c1d23) sh      ra, 26(s8)
core   0: 0 0x80006b92 (0x001c1d23) mem 0x80033c7e 0xffe3
core   0: 0x80006b96 (0x035e0c83) lb      s9, 53(t3)
core   0: 0 0x80006b96 (0x035e0c83) x25 0xffffffee mem 0x80043035
core   0: 0x80006b9a (0x034e05a3) sb      s4, 43(t3)
core   0: 0 0x80006b9a (0x034e05a3) mem 0x8004302b 0x98
core   0: 0x80006b9e (0x0002c217) auipc   tp, 0x2c
core   0: 0 0x80006b9e (0x0002c217) x4  0x80032b9e
core   0: 0x80006ba2 (0x4aa20213) addi    tp, tp, 1194
core   0: 0 0x80006ba2 (0x4aa20213) x4  0x80033048
core   0: 0x80006ba6 (0x6c3ed9b7) lui     s3, 0x6c3ed
core   0: 0 0x80006ba6 (0x6c3ed9b7) x19 0x6c3ed000
core   0: 0x80006baa (0x0000924e) c.add   tp, s3
core   0: 0 0x80006baa (0x924e) x4  0xec420048
core   0: 0x80006bac (0x24121223) sh      ra, 580(tp)
core   0: 0 0x80006bac (0x24121223) mem 0xec42028c 0xffe3
core   0: 0x80006bb0 (0xd0321023) sh      gp, -768(tp)
core   0: 0 0x80006bb0 (0xd0321023) mem 0xec41fd48 0x39e8
core   0: 0x80006bb4 (0x8e420da3) sb      tp, -1797(tp)
core   0: 0 0x80006bb4 (0x8e420da3) mem 0xec41f943 0x48
core   0: 0x80006bb8 (0xee5202a3) sb      t0, -283(tp)
core   0: 0 0x80006bb8 (0xee5202a3) mem 0xec41ff2d 0xac
core   0: 0x80006bbc (0x366203a3) sb      t1, 871(tp)
core   0: 0 0x80006bbc (0x366203a3) mem 0xec4203af 0xf1
core   0: 0x80006bc0 (0x7a721423) sh      t2, 1960(tp)
core   0: 0 0x80006bc0 (0x7a721423) mem 0xec4207f0 0x0021
core   0: 0x80006bc4 (0x0283e0b3) rem     ra, t2, s0
core   0: 0 0x80006bc4 (0x0283e0b3) x1  0x00000021
core   0: 0x80006bc8 (0x00008c0d) c.sub   s0, a1
core   0: 0 0x80006bc8 (0x8c0d) x8  0x4a94af62
core   0: 0x80006bca (0x0000086d) c.addi  a6, 27
core   0: 0 0x80006bca (0x086d) x16 0x00000075
core   0: 0x80006bcc (0xbc320da3) sb      gp, -1061(tp)
core   0: 0 0x80006bcc (0xbc320da3) mem 0xec41fc23 0xe8
core   0: 0x80006bd0 (0x24425583) lhu     a1, 580(tp)
core   0: 0 0x80006bd0 (0x24425583) x11 0x0000ffe3 mem 0xec42028c
core   0: 0x80006bd4 (0x844207a3) sb      tp, -1969(tp)
core   0: 0 0x80006bd4 (0x844207a3) mem 0xec41f897 0x48
core   0: 0x80006bd8 (0x031cf0b3) remu    ra, s9, a7
core   0: 0 0x80006bd8 (0x031cf0b3) x1  0x0001ffee
core   0: 0x80006bdc (0xd0025b03) lhu     s6, -768(tp)
core   0: 0 0x80006bdc (0xd0025b03) x22 0x000039e8 mem 0xec41fd48
core   0: 0x80006be0 (0x8fb24583) lbu     a1, -1797(tp)
core   0: 0 0x80006be0 (0x8fb24583) x11 0x00000048 mem 0xec41f943
core   0: 0x80006be4 (0x0318a933) mulhsu  s2, a7, a7
core   0: 0 0x80006be4 (0x0318a933) x18 0x00000004
core   0: 0x80006be8 (0x9492f393) andi    t2, t0, -1719
core   0: 0 0x80006be8 (0x9492f393) x7  0xfffff908
core   0: 0x80006bec (0x00d3afb3) slt     t6, t2, a3
core   0: 0 0x80006bec (0x00d3afb3) x31 0x00000001
core   0: 0x80006bf0 (0xee520983) lb      s3, -283(tp)
core   0: 0 0x80006bf0 (0xee520983) x19 0xffffffac mem 0xec41ff2d
core   0: 0x80006bf4 (0x36720803) lb      a6, 871(tp)
core   0: 0 0x80006bf4 (0x36720803) x16 0xfffffff1 mem 0xec4203af
core   0: 0x80006bf8 (0x7a821183) lh      gp, 1960(tp)
core   0: 0 0x80006bf8 (0x7a821183) x3  0x00000021 mem 0xec4207f0
core   0: 0x80006bfc (0x8fc32293) slti    t0, t1, -1796
core   0: 0 0x80006bfc (0x8fc32293) x5  0x00000000
core   0: 0x80006c00 (0x2c9208a3) sb      s1, 721(tp)
core   0: 0 0x80006c00 (0x2c9208a3) mem 0xec420319 0xa1
core   0: 0x80006c04 (0x00034e97) auipc   t4, 0x34
core   0: 0 0x80006c04 (0x00034e97) x29 0x8003ac04
core   0: 0x80006c08 (0xdbfe8e93) addi    t4, t4, -577
core   0: 0 0x80006c08 (0xdbfe8e93) x29 0x8003a9c3
core   0: 0x80006c0c (0x000ecd03) lbu     s10, 0(t4)
core   0: 0 0x80006c0c (0x000ecd03) x26 0x00000078 mem 0x8003a9c3
core   0: 0x80006c10 (0xff2e8b03) lb      s6, -14(t4)
core   0: 0 0x80006c10 (0xff2e8b03) x22 0x0000006e mem 0x8003a9b5
core   0: 0x80006c14 (0x007e83a3) sb      t2, 7(t4)
core   0: 0 0x80006c14 (0x007e83a3) mem 0x8003a9ca 0x8
core   0: 0x80006c18 (0x03a199b3) mulh    s3, gp, s10
core   0: 0 0x80006c18 (0x03a199b3) x19 0x00000000
core   0: 0x80006c1c (0xff3e8803) lb      a6, -13(t4)
core   0: 0 0x80006c1c (0xff3e8803) x16 0x0000006d mem 0x8003a9b6
core   0: 0x80006c20 (0x025ac5b3) div     a1, s5, t0
core   0: 0 0x80006c20 (0x025ac5b3) x11 0xffffffff
core   0: 0x80006c24 (0x003e9883) lh      a7, 3(t4)
core   0: 0 0x80006c24 (0x003e9883) x17 0x00007c7d mem 0x8003a9c6
core   0: 0x80006c28 (0x03280833) mul     a6, a6, s2
core   0: 0 0x80006c28 (0x03280833) x16 0x000001b4
core   0: 0x80006c2c (0x016e8623) sb      s6, 12(t4)
core   0: 0 0x80006c2c (0x016e8623) mem 0x8003a9cf 0x6e
core   0: 0x80006c30 (0xfffe9a03) lh      s4, -1(t4)
core   0: 0 0x80006c30 (0xfffe9a03) x20 0x00007879 mem 0x8003a9c2
core   0: 0x80006c34 (0x235fc313) xori    t1, t6, 565
core   0: 0 0x80006c34 (0x235fc313) x6  0x00000234
core   0: 0x80006c38 (0x0000100f) fence.i
core   0: 0 0x80006c38 (0x0000100f)
core   0: 0x80006c3c (0x41540933) sub     s2, s0, s5
core   0: 0 0x80006c3c (0x41540933) x18 0x4a94aef4
core   0: 0x80006c40 (0x01a07f33) and     t5, zero, s10
core   0: 0 0x80006c40 (0x01a07f33) x30 0x00000000
core   0: 0x80006c44 (0x00b303b3) add     t2, t1, a1
core   0: 0 0x80006c44 (0x00b303b3) x7  0x00000233
core   0: 0x80006c48 (0x00008ce9) c.and   s1, a0
core   0: 0 0x80006c48 (0x8ce9) x9  0xffffa0a1
core   0: 0x80006c4a (0x002e8723) sb      sp, 14(t4)
core   0: 0 0x80006c4a (0x002e8723) mem 0x8003a9d1 0x95
core   0: 0x80006c4e (0x024b7433) remu    s0, s6, tp
core   0: 0 0x80006c4e (0x024b7433) x8  0x0000006e
core   0: 0x80006c52 (0xffae8b83) lb      s7, -6(t4)
core   0: 0 0x80006c52 (0xffae8b83) x23 0x00000076 mem 0x8003a9bd
core   0: 0x80006c56 (0x000010fd) c.addi  ra, -1
core   0: 0 0x80006c56 (0x10fd) x1  0x0001ffed
core   0: 0x80006c58 (0x00303c33) snez    s8, gp
core   0: 0 0x80006c58 (0x00303c33) x24 0x00000001
core   0: 0x80006c5c (0x1c65e313) ori     t1, a1, 454
core   0: 0 0x80006c5c (0x1c65e313) x6  0xffffffff
core   0: 0x80006c60 (0x00000001) c.nop
core   0: 0 0x80006c60 (0x0001)
core   0: 0x80006c62 (0x40bedd93) srai    s11, t4, 11
core   0: 0 0x80006c62 (0x40bedd93) x27 0xfff00075
core   0: 0x80006c66 (0x00decd03) lbu     s10, 13(t4)
core   0: 0 0x80006c66 (0x00decd03) x26 0x0000008b mem 0x8003a9d0
core   0: 0x80006c6a (0xff7e8da3) sb      s7, -5(t4)
core   0: 0 0x80006c6a (0xff7e8da3) mem 0x8003a9be 0x76
core   0: 0x80006c6e (0xccb0fb93) andi    s7, ra, -821
core   0: 0 0x80006c6e (0xccb0fb93) x23 0x0001fcc9
core   0: 0x80006c72 (0x41bd5f13) srai    t5, s10, 27
core   0: 0 0x80006c72 (0x41bd5f13) x30 0x00000000
core   0: 0x80006c76 (0xff6ec083) lbu     ra, -10(t4)
core   0: 0 0x80006c76 (0xff6ec083) x1  0x00000072 mem 0x8003a9b9
core   0: 0x80006c7a (0x000099fd) c.andi  a1, -1
core   0: 0 0x80006c7a (0x99fd) x11 0xffffffff
core   0: 0x80006c7c (0x000005a2) c.slli  a1, 8
core   0: 0 0x80006c7c (0x05a2) x11 0xffffff00
core   0: 0x80006c7e (0x9ca2f493) andi    s1, t0, -1590
core   0: 0 0x80006c7e (0x9ca2f493) x9  0x00000000
core   0: 0x80006c82 (0xfece8e23) sb      a2, -4(t4)
core   0: 0 0x80006c82 (0xfece8e23) mem 0x8003a9bf 0x38
core   0: 0x80006c86 (0x00bed003) lhu     zero, 11(t4)
core   0: 0 0x80006c86 (0x00bed003) mem 0x8003a9ce
core   0: 0x80006c8a (0x010e91a3) sh      a6, 3(t4)
core   0: 0 0x80006c8a (0x010e91a3) mem 0x8003a9c6 0x01b4
core   0: 0x80006c8e (0x008e8883) lb      a7, 8(t4)
core   0: 0 0x80006c8e (0x008e8883) x17 0xffffff80 mem 0x8003a9cb
core   0: 0x80006c92 (0x010e8203) lb      tp, 16(t4)
core   0: 0 0x80006c92 (0x010e8203) x4  0xffffff88 mem 0x8003a9d3
core   0: 0x80006c96 (0x0002c817) auipc   a6, 0x2c
core   0: 0 0x80006c96 (0x0002c817) x16 0x80032c96
core   0: 0x80006c9a (0x7ff80813) addi    a6, a6, 2047
core   0: 0 0x80006c9a (0x7ff80813) x16 0x80033495
core   0: 0x80006c9e (0x0003a597) auipc   a1, 0x3a
core   0: 0 0x80006c9e (0x0003a597) x11 0x80040c9e
core   0: 0x80006ca2 (0x2ea58593) addi    a1, a1, 746
core   0: 0 0x80006ca2 (0x2ea58593) x11 0x80040f88
core   0: 0x80006ca6 (0x02480f23) sb      tp, 62(a6)
core   0: 0 0x80006ca6 (0x02480f23) mem 0x800334d3 0x88
core   0: 0x80006caa (0x03585683) lhu     a3, 53(a6)
core   0: 0 0x80006caa (0x03585683) x13 0x00008081 mem 0x800334ca
core   0: 0x80006cae (0x0045a303) lw      t1, 4(a1)
core   0: 0 0x80006cae (0x0045a303) x6  0x44454647 mem 0x80040f8c
core   0: 0x80006cb2 (0xff95ce83) lbu     t4, -7(a1)
core   0: 0 0x80006cb2 (0xff95ce83) x29 0x0000003a mem 0x80040f81
core   0: 0x80006cb6 (0x00159223) sh      ra, 4(a1)
core   0: 0 0x80006cb6 (0x00159223) mem 0x80040f8c 0x0072
core   0: 0x80006cba (0x0000c99c) c.sw    a5, 16(a1)
core   0: 0 0x80006cba (0xc99c) mem 0x80040f98 0x00000008
core   0: 0x80006cbc (0xfcb82e03) lw      t3, -53(a6)
core   0: 0 0x80006cbc (0xfcb82e03) x28 0x18191a1b mem 0x80033460
core   0: 0x80006cc0 (0xff05df03) lhu     t5, -16(a1)
core   0: 0 0x80006cc0 (0xff05df03) x30 0x00003233 mem 0x80040f78
core   0: 0x80006cc4 (0xfe480983) lb      s3, -28(a6)
core   0: 0 0x80006cc4 (0xfe480983) x19 0x00000032 mem 0x80033479
core   0: 0x80006cc8 (0xfe780e83) lb      t4, -25(a6)
core   0: 0 0x80006cc8 (0xfe780e83) x29 0x00000037 mem 0x8003347c
core   0: 0x80006ccc (0x00458883) lb      a7, 4(a1)
core   0: 0 0x80006ccc (0x00458883) x17 0x00000072 mem 0x80040f8c
core   0: 0x80006cd0 (0x00035817) auipc   a6, 0x35
core   0: 0 0x80006cd0 (0x00035817) x16 0x8003bcd0
core   0: 0x80006cd4 (0x02280813) addi    a6, a6, 34
core   0: 0 0x80006cd4 (0x02280813) x16 0x8003bcf2
core   0: 0x80006cd8 (0x43449197) auipc   gp, 0x43449
core   0: 0 0x80006cd8 (0x43449197) x3  0xc344fcd8
core   0: 0x80006cdc (0xfb384583) lbu     a1, -77(a6)
core   0: 0 0x80006cdc (0xfb384583) x11 0x0000005e mem 0x8003bca5
core   0: 0x80006ce0 (0x02727fb3) remu    t6, tp, t2
core   0: 0 0x80006ce0 (0x02727fb3) x31 0x00000044
core   0: 0x80006ce4 (0xfb380583) lb      a1, -77(a6)
core   0: 0 0x80006ce4 (0xfb380583) x11 0x0000005e mem 0x8003bca5
core   0: 0x80006ce8 (0xfb384883) lbu     a7, -77(a6)
core   0: 0 0x80006ce8 (0xfb384883) x17 0x0000005e mem 0x8003bca5
core   0: 0x80006cec (0x00008ec5) c.or    a3, s1
core   0: 0 0x80006cec (0x8ec5) x13 0x00008081
core   0: 0x80006cee (0x0d282b23) sw      s2, 214(a6)
core   0: 0 0x80006cee (0x0d282b23) mem 0x8003bdc8 0x4a94aef4
core   0: 0x80006cf2 (0xf1d80583) lb      a1, -227(a6)
core   0: 0 0x80006cf2 (0xf1d80583) x11 0xffffffc4 mem 0x8003bc0f
core   0: 0x80006cf6 (0xf1d84e83) lbu     t4, -227(a6)
core   0: 0 0x80006cf6 (0xf1d84e83) x29 0x000000c4 mem 0x8003bc0f
core   0: 0x80006cfa (0x02d43e33) mulhu   t3, s0, a3
core   0: 0 0x80006cfa (0x02d43e33) x28 0x00000000
core   0: 0x80006cfe (0xf1d80783) lb      a5, -227(a6)
core   0: 0 0x80006cfe (0xf1d80783) x15 0xffffffc4 mem 0x8003bc0f
core   0: 0x80006d02 (0x59bd4b13) xori    s6, s10, 1435
core   0: 0 0x80006d02 (0x59bd4b13) x22 0x00000510
core   0: 0x80006d06 (0x0000100f) fence.i
core   0: 0 0x80006d06 (0x0000100f)
core   0: 0x80006d0a (0xf1d80f83) lb      t6, -227(a6)
core   0: 0 0x80006d0a (0xf1d80f83) x31 0xffffffc4 mem 0x8003bc0f
core   0: 0x80006d0e (0xf6b84003) lbu     zero, -149(a6)
core   0: 0 0x80006d0e (0xf6b84003) mem 0x8003bc5d
core   0: 0x80006d12 (0xf6b80303) lb      t1, -149(a6)
core   0: 0 0x80006d12 (0xf6b80303) x6  0x00000016 mem 0x8003bc5d
core   0: 0x80006d16 (0x0002da17) auipc   s4, 0x2d
core   0: 0 0x80006d16 (0x0002da17) x20 0x80033d16
core   0: 0x80006d1a (0xcb0a0a13) addi    s4, s4, -848
core   0: 0 0x80006d1a (0xcb0a0a13) x20 0x800339c6
core   0: 0x80006d1e (0x96ca1483) lh      s1, -1684(s4)
core   0: 0 0x80006d1e (0x96ca1483) x9  0xffffe8e9 mem 0x80033332
core   0: 0x80006d22 (0x00006bdd) c.lui   s7, 0x17
core   0: 0 0x80006d22 (0x6bdd) x23 0x00017000
core   0: 0x80006d24 (0x02b47d33) remu    s10, s0, a1
core   0: 0 0x80006d24 (0x02b47d33) x26 0x0000006e
core   0: 0x80006d28 (0xb8306b13) ori     s6, zero, -1149
core   0: 0 0x80006d28 (0xb8306b13) x22 0xfffffb83
core   0: 0x80006d2c (0x961a1623) sh      ra, -1684(s4)
core   0: 0 0x80006d2c (0x961a1623) mem 0x80033332 0x0072
core   0: 0x80006d30 (0x001260b3) or      ra, tp, ra
core   0: 0 0x80006d30 (0x001260b3) x1  0xfffffffa
core   0: 0x80006d34 (0x96ca5083) lhu     ra, -1684(s4)
core   0: 0 0x80006d34 (0x96ca5083) x1  0x00000072 mem 0x80033332
core   0: 0x80006d38 (0x3cea2c83) lw      s9, 974(s4)
core   0: 0 0x80006d38 (0x3cea2c83) x25 0x4c4d4e4f mem 0x80033d94
core   0: 0x80006d3c (0x3cea5e03) lhu     t3, 974(s4)
core   0: 0 0x80006d3c (0x3cea5e03) x28 0x00004e4f mem 0x80033d94
core   0: 0x80006d40 (0xaeba03a3) sb      a1, -1305(s4)
core   0: 0 0x80006d40 (0xaeba03a3) mem 0x800334ad 0xc4
core   0: 0x80006d44 (0xaf2a03a3) sb      s2, -1305(s4)
core   0: 0 0x80006d44 (0xaf2a03a3) mem 0x800334ad 0xf4
core   0: 0x80006d48 (0x4d4a0203) lb      tp, 1236(s4)
core   0: 0 0x80006d48 (0x4d4a0203) x4  0x00000051 mem 0x80033e9a
core   0: 0x80006d4c (0x412a1223) sh      s2, 1028(s4)
core   0: 0 0x80006d4c (0x412a1223) mem 0x80033dca 0xaef4
core   0: 0x80006d50 (0x00008ebe) c.mv    t4, a5
core   0: 0 0x80006d50 (0x8ebe) x29 0xffffffc4
core   0: 0x80006d52 (0x404a5003) lhu     zero, 1028(s4)
core   0: 0 0x80006d52 (0x404a5003) mem 0x80033dca
core   0: 0x80006d56 (0xfbda4803) lbu     a6, -67(s4)
core   0: 0 0x80006d56 (0xfbda4803) x16 0x00000038 mem 0x80033983
core   0: 0x80006d5a (0x8c6a5f83) lhu     t6, -1850(s4)
core   0: 0 0x80006d5a (0x8c6a5f83) x31 0x00004647 mem 0x8003328c
core   0: 0x80006d5e (0x8c6a2b83) lw      s7, -1850(s4)
core   0: 0 0x80006d5e (0x8c6a2b83) x23 0x44454647 mem 0x8003328c
core   0: 0x80006d62 (0x0002d197) auipc   gp, 0x2d
core   0: 0 0x80006d62 (0x0002d197) x3  0x80033d62
core   0: 0x80006d66 (0xb9318193) addi    gp, gp, -1133
core   0: 0 0x80006d66 (0xb9318193) x3  0x800338f5
core   0: 0x80006d6a (0xfd918a23) sb      s9, -44(gp)
core   0: 0 0x80006d6a (0xfd918a23) mem 0x800338c9 0x4f
core   0: 0x80006d6e (0x01a18e03) lb      t3, 26(gp)
core   0: 0 0x80006d6e (0x01a18e03) x28 0xffffffc4 mem 0x8003390f
core   0: 0x80006d72 (0x00000001) c.nop
core   0: 0 0x80006d72 (0x0001)
core   0: 0x80006d74 (0x03d1a1a3) sw      t4, 35(gp)
core   0: 0 0x80006d74 (0x03d1a1a3) mem 0x80033918 0xffffffc4
core   0: 0x80006d78 (0xfcc18123) sb      a2, -62(gp)
core   0: 0 0x80006d78 (0xfcc18123) mem 0x800338b7 0x38
core   0: 0x80006d7c (0xfcf1a783) lw      a5, -49(gp)
core   0: 0 0x80006d7c (0xfcf1a783) x15 0x7c7d7e7f mem 0x800338c4
core   0: 0x80006d80 (0xff3191a3) sh      s3, -29(gp)
core   0: 0 0x80006d80 (0xff3191a3) mem 0x800338d8 0x0032
core   0: 0x80006d84 (0x4118d293) srai    t0, a7, 17
core   0: 0 0x80006d84 (0x4118d293) x5  0x00000000
core   0: 0x80006d88 (0x36fdab93) slti    s7, s11, 879
core   0: 0 0x80006d88 (0x36fdab93) x23 0x00000001
core   0: 0x80006d8c (0x01d94cb3) xor     s9, s2, t4
core   0: 0 0x80006d8c (0x01d94cb3) x25 0xb56b5130
core   0: 0x80006d90 (0x03319aa3) sh      s3, 53(gp)
core   0: 0 0x80006d90 (0x03319aa3) mem 0x8003392a 0x0032
core   0: 0x80006d94 (0xfed1cc03) lbu     s8, -19(gp)
core   0: 0 0x80006d94 (0xfed1cc03) x24 0x00000099 mem 0x800338e2
core   0: 0x80006d98 (0xfda186a3) sb      s10, -51(gp)
core   0: 0 0x80006d98 (0xfda186a3) mem 0x800338c2 0x6e
core   0: 0x80006d9c (0xfcf18283) lb      t0, -49(gp)
core   0: 0 0x80006d9c (0xfcf18283) x5  0x0000007f mem 0x800338c4
core   0: 0x80006da0 (0xfe7183a3) sb      t2, -25(gp)
core   0: 0 0x80006da0 (0xfe7183a3) mem 0x800338dc 0x33
core   0: 0x80006da4 (0x0281ca03) lbu     s4, 40(gp)
core   0: 0 0x80006da4 (0x0281ca03) x20 0x000000d6 mem 0x8003391d
core   0: 0x80006da8 (0x00008cb5) c.xor   s1, a3
core   0: 0 0x80006da8 (0x8cb5) x9  0xffff6868
core   0: 0x80006daa (0xfe918e23) sb      s1, -4(gp)
core   0: 0 0x80006daa (0xfe918e23) mem 0x800338f1 0x68
core   0: 0x80006dae (0xfdd18423) sb      t4, -56(gp)
core   0: 0 0x80006dae (0xfdd18423) mem 0x800338bd 0xc4
core   0: 0x80006db2 (0x00819ea3) sh      s0, 29(gp)
core   0: 0 0x80006db2 (0x00819ea3) mem 0x80033912 0x006e
core   0: 0x80006db6 (0x00000001) c.nop
core   0: 0 0x80006db6 (0x0001)
core   0: 0x80006db8 (0xfcd1ca83) lbu     s5, -51(gp)
core   0: 0 0x80006db8 (0xfcd1ca83) x21 0x0000006e mem 0x800338c2
core   0: 0x80006dbc (0x00008dc5) c.or    a1, s1
core   0: 0 0x80006dbc (0x8dc5) x11 0xffffffec
core   0: 0x80006dbe (0xfe41a1a3) sw      tp, -29(gp)
core   0: 0 0x80006dbe (0xfe41a1a3) mem 0x800338d8 0x00000051
core   0: 0x80006dc2 (0x02c1c003) lbu     zero, 44(gp)
core   0: 0 0x80006dc2 (0x02c1c003) mem 0x80033921
core   0: 0x80006dc6 (0x0221cb03) lbu     s6, 34(gp)
core   0: 0 0x80006dc6 (0x0221cb03) x22 0x000000cc mem 0x80033917
core   0: 0x80006dca (0x0000991a) c.add   s2, t1
core   0: 0 0x80006dca (0x991a) x18 0x4a94af0a
core   0: 0x80006dcc (0x03d1c303) lbu     t1, 61(gp)
core   0: 0 0x80006dcc (0x03d1c303) x6  0x000000e9 mem 0x80033932
core   0: 0x80006dd0 (0xfd519783) lh      a5, -43(gp)
core   0: 0 0x80006dd0 (0xfd519783) x15 0xffff8081 mem 0x800338ca
core   0: 0x80006dd4 (0x00b1a9a3) sw      a1, 19(gp)
core   0: 0 0x80006dd4 (0x00b1a9a3) mem 0x80033908 0xffffffec
core   0: 0x80006dd8 (0x8b7d3097) auipc   ra, 0x8b7d3
core   0: 0 0x80006dd8 (0x8b7d3097) x1  0x0b7d9dd8
core   0: 0x80006ddc (0x04118023) sb      ra, 64(gp)
core   0: 0 0x80006ddc (0x04118023) mem 0x80033935 0xd8
core   0: 0x80006de0 (0x00008f99) c.sub   a5, a4
core   0: 0 0x80006de0 (0x8f99) x15 0x7ffab39d
core   0: 0x80006de2 (0xffe1cc03) lbu     s8, -2(gp)
core   0: 0 0x80006de2 (0xffe1cc03) x24 0x000000a8 mem 0x800338f3
core   0: 0x80006de6 (0x02ecac33) mulhsu  s8, s9, a4
core   0: 0 0x80006de6 (0x02ecac33) x24 0xdab44294
core   0: 0x80006dea (0x03c32233) mulhsu  tp, t1, t3
core   0: 0 0x80006dea (0x03c32233) x4  0x000000e8
core   0: 0x80006dee (0xfd418a03) lb      s4, -44(gp)
core   0: 0 0x80006dee (0xfd418a03) x20 0x0000004f mem 0x800338c9
core   0: 0x80006df2 (0x00008572) c.mv    a0, t3
core   0: 0 0x80006df2 (0x8572) x10 0xffffffc4
core   0: 0x80006df4 (0xfd01afa3) sw      a6, -33(gp)
core   0: 0 0x80006df4 (0xfd01afa3) mem 0x800338d4 0x00000038
core   0: 0x80006df8 (0x2d7b4993) xori    s3, s6, 727
core   0: 0 0x80006df8 (0x2d7b4993) x19 0x0000021b
core   0: 0x80006dfc (0x00000001) c.nop
core   0: 0 0x80006dfc (0x0001)
core   0: 0x80006dfe (0xe3e58f93) addi    t6, a1, -450
core   0: 0 0x80006dfe (0xe3e58f93) x31 0xfffffe2a
core   0: 0x80006e02 (0x027519b3) mulh    s3, a0, t2
core   0: 0 0x80006e02 (0x027519b3) x19 0xffffffff
core   0: 0x80006e06 (0x00008ea1) c.xor   a3, s0
core   0: 0 0x80006e06 (0x8ea1) x13 0x000080ef
core   0: 0x80006e08 (0xfcb18aa3) sb      a1, -43(gp)
core   0: 0 0x80006e08 (0xfcb18aa3) mem 0x800338ca 0xec
core   0: 0x80006e0c (0x00034997) auipc   s3, 0x34
core   0: 0 0x80006e0c (0x00034997) x19 0x8003ae0c
core   0: 0x80006e10 (0x5e898993) addi    s3, s3, 1512
core   0: 0 0x80006e10 (0x5e898993) x19 0x8003b3f4
core   0: 0x80006e14 (0x0002c697) auipc   a3, 0x2c
core   0: 0 0x80006e14 (0x0002c697) x13 0x80032e14
core   0: 0x80006e18 (0x6d468693) addi    a3, a3, 1748
core   0: 0 0x80006e18 (0x6d468693) x13 0x800334e8
core   0: 0x80006e1c (0xfaf98083) lb      ra, -81(s3)
core   0: 0 0x80006e1c (0xfaf98083) x1  0x00000058 mem 0x8003b3a3
core   0: 0x80006e20 (0x0e19c883) lbu     a7, 225(s3)
core   0: 0 0x80006e20 (0x0e19c883) x17 0x0000008e mem 0x8003b4d5
core   0: 0x80006e24 (0xf4c68ba3) sb      a2, -169(a3)
core   0: 0 0x80006e24 (0xf4c68ba3) mem 0x8003343f 0x38
core   0: 0x80006e28 (0x3a76c283) lbu     t0, 935(a3)
core   0: 0 0x80006e28 (0x3a76c283) x5  0x00000039 mem 0x8003388f
core   0: 0x80006e2c (0x0929c083) lbu     ra, 146(s3)
core   0: 0 0x80006e2c (0x0929c083) x1  0x0000003d mem 0x8003b486
core   0: 0x80006e30 (0x09098ca3) sb      a6, 153(s3)
core   0: 0 0x80006e30 (0x09098ca3) mem 0x8003b48d 0x38
core   0: 0x80006e34 (0x31768e03) lb      t3, 791(a3)
core   0: 0 0x80006e34 (0x31768e03) x28 0xffffffb4 mem 0x800337ff
core   0: 0x80006e38 (0x0449dd83) lhu     s11, 68(s3)
core   0: 0 0x80006e38 (0x0449dd83) x27 0x0000f2f3 mem 0x8003b438
core   0: 0x80006e3c (0x0a79cf83) lbu     t6, 167(s3)
core   0: 0 0x80006e3c (0x0a79cf83) x31 0x00000050 mem 0x8003b49b
core   0: 0x80006e40 (0x6e968483) lb      s1, 1769(a3)
core   0: 0 0x80006e40 (0x6e968483) x9  0xffffff8a mem 0x80033bd1
core   0: 0x80006e44 (0x0419c883) lbu     a7, 65(s3)
core   0: 0 0x80006e44 (0x0419c883) x17 0x000000ee mem 0x8003b435
core   0: 0x80006e48 (0x0066c003) lbu     zero, 6(a3)
core   0: 0 0x80006e48 (0x0066c003) mem 0x800334ee
core   0: 0x80006e4c (0x3aa6d203) lhu     tp, 938(a3)
core   0: 0 0x80006e4c (0x3aa6d203) x4  0x00004849 mem 0x80033892
core   0: 0x80006e50 (0xfa5989a3) sb      t0, -77(s3)
core   0: 0 0x80006e50 (0xfa5989a3) mem 0x8003b3a7 0x39
core   0: 0x80006e54 (0x5746a823) sw      s4, 1392(a3)
core   0: 0 0x80006e54 (0x5746a823) mem 0x80033a58 0x0000004f
core   0: 0x80006e58 (0x0db99d23) sh      s11, 218(s3)
core   0: 0 0x80006e58 (0x0db99d23) mem 0x8003b4ce 0xf2f3
core   0: 0x80006e5c (0x00032b17) auipc   s6, 0x32
core   0: 0 0x80006e5c (0x00032b17) x22 0x80038e5c
core   0: 0x80006e60 (0x8c5b0b13) addi    s6, s6, -1851
core   0: 0 0x80006e60 (0x8c5b0b13) x22 0x80038721
core   0: 0x80006e64 (0x386b4b83) lbu     s7, 902(s6)
core   0: 0 0x80006e64 (0x386b4b83) x23 0x0000005c mem 0x80038aa7
core   0: 0x80006e68 (0x0002d817) auipc   a6, 0x2d
core   0: 0 0x80006e68 (0x0002d817) x16 0x80033e68
core   0: 0x80006e6c (0xabf80813) addi    a6, a6, -1345
core   0: 0 0x80006e6c (0xabf80813) x16 0x80033927
core   0: 0x80006e70 (0x013803a3) sb      s3, 7(a6)
core   0: 0 0x80006e70 (0x013803a3) mem 0x8003392e 0xf4
core   0: 0x80006e74 (0x9eeb0083) lb      ra, -1554(s6)
core   0: 0 0x80006e74 (0x9eeb0083) x1  0xffffffc4 mem 0x8003810f
core   0: 0x80006e78 (0x00d85003) lhu     zero, 13(a6)
core   0: 0 0x80006e78 (0x00d85003) mem 0x80033934
core   0: 0x80006e7c (0xbebb1783) lh      a5, -1045(s6)
core   0: 0 0x80006e7c (0xbebb1783) x15 0xffffc6c7 mem 0x8003830c
core   0: 0x80006e80 (0xff185c03) lhu     s8, -15(a6)
core   0: 0 0x80006e80 (0xff185c03) x24 0x0000ffc4 mem 0x80033918
core   0: 0x80006e84 (0x266b0003) lb      zero, 614(s6)
core   0: 0 0x80006e84 (0x266b0003) mem 0x80038987
core   0: 0x80006e88 (0x01a824a3) sw      s10, 9(a6)
core   0: 0 0x80006e88 (0x01a824a3) mem 0x80033930 0x0000006e
core   0: 0x80006e8c (0xffa84883) lbu     a7, -6(a6)
core   0: 0 0x80006e8c (0xffa84883) x17 0x000000da mem 0x80033921
core   0: 0x80006e90 (0x260b4b83) lbu     s7, 608(s6)
core   0: 0 0x80006e90 (0x260b4b83) x23 0x0000003a mem 0x80038981
core   0: 0x80006e94 (0x00581d83) lh      s11, 5(a6)
core   0: 0 0x80006e94 (0x00581d83) x27 0xffffe6e7 mem 0x8003392c
core   0: 0x80006e98 (0x8a6b4583) lbu     a1, -1882(s6)
core   0: 0 0x80006e98 (0x8a6b4583) x11 0x0000007c mem 0x80037fc7
core   0: 0x80006e9c (0xad2b4e03) lbu     t3, -1326(s6)
core   0: 0 0x80006e9c (0xad2b4e03) x28 0x000000a8 mem 0x800381f3
core   0: 0x80006ea0 (0x2a5b0383) lb      t2, 677(s6)
core   0: 0 0x80006ea0 (0x2a5b0383) x7  0x0000007d mem 0x800389c6
core   0: 0x80006ea4 (0x00985d83) lhu     s11, 9(a6)
core   0: 0 0x80006ea4 (0x00985d83) x27 0x0000006e mem 0x80033930
core   0: 0x80006ea8 (0x00b85b83) lhu     s7, 11(a6)
core   0: 0 0x80006ea8 (0x00b85b83) x23 0x00000000 mem 0x80033932
core   0: 0x80006eac (0x00384203) lbu     tp, 3(a6)
core   0: 0 0x80006eac (0x00384203) x4  0x00000032 mem 0x8003392a
core   0: 0x80006eb0 (0x0002d097) auipc   ra, 0x2d
core   0: 0 0x80006eb0 (0x0002d097) x1  0x80033eb0
core   0: 0x80006eb4 (0x19808093) addi    ra, ra, 408
core   0: 0 0x80006eb4 (0x19808093) x1  0x80034048
core   0: 0x80006eb8 (0x0ab9f9b7) lui     s3, 0xab9f
core   0: 0 0x80006eb8 (0x0ab9f9b7) x19 0x0ab9f000
core   0: 0x80006ebc (0x000090ce) c.add   ra, s3
core   0: 0 0x80006ebc (0x90ce) x1  0x8abd3048
core   0: 0x80006ebe (0x30008b23) sb      zero, 790(ra)
core   0: 0 0x80006ebe (0x30008b23) mem 0x8abd335e 0x0
core   0: 0x80006ec2 (0x12109d23) sh      ra, 314(ra)
core   0: 0 0x80006ec2 (0x12109d23) mem 0x8abd3182 0x3048
core   0: 0x80006ec6 (0xb4208ea3) sb      sp, -1187(ra)
core   0: 0 0x80006ec6 (0xb4208ea3) mem 0x8abd2ba5 0x95
core   0: 0x80006eca (0xc03085a3) sb      gp, -1013(ra)
core   0: 0 0x80006eca (0xc03085a3) mem 0x8abd2c53 0xf5
core   0: 0x80006ece (0x684084a3) sb      tp, 1673(ra)
core   0: 0 0x80006ece (0x684084a3) mem 0x8abd36d1 0x32
core   0: 0x80006ed2 (0x30608423) sb      t1, 776(ra)
core   0: 0 0x80006ed2 (0x30608423) mem 0x8abd3350 0xe9
core   0: 0x80006ed6 (0x7a709f23) sh      t2, 1982(ra)
core   0: 0 0x80006ed6 (0x7a709f23) mem 0x8abd3806 0x007d
core   0: 0x80006eda (0x01e7a8b3) slt     a7, a5, t5
core   0: 0 0x80006eda (0x01e7a8b3) x17 0x00000001
core   0: 0x80006ede (0x31608783) lb      a5, 790(ra)
core   0: 0 0x80006ede (0x31608783) x15 0x00000000 mem 0x8abd335e
core   0: 0x80006ee2 (0x00006a6d) c.lui   s4, 0x1b
core   0: 0 0x80006ee2 (0x6a6d) x20 0x0001b000
core   0: 0x80006ee4 (0x13a0d583) lhu     a1, 314(ra)
core   0: 0 0x80006ee4 (0x13a0d583) x11 0x00003048 mem 0x8abd3182
core   0: 0x80006ee8 (0xb5d08183) lb      gp, -1187(ra)
core   0: 0 0x80006ee8 (0xb5d08183) x3  0xffffff95 mem 0x8abd2ba5
core   0: 0x80006eec (0xc0b0cd03) lbu     s10, -1013(ra)
core   0: 0 0x80006eec (0xc0b0cd03) x26 0x000000f5 mem 0x8abd2c53
core   0: 0x80006ef0 (0x000009fa) c.slli  s3, 30
core   0: 0 0x80006ef0 (0x09fa) x19 0x00000000
core   0: 0x80006ef2 (0x40ee0f93) addi    t6, t3, 1038
core   0: 0 0x80006ef2 (0x40ee0f93) x31 0x000004b6
core   0: 0x80006ef6 (0x52e6c493) xori    s1, a3, 1326
core   0: 0 0x80006ef6 (0x52e6c493) x9  0x800331c6
core   0: 0x80006efa (0xa7848b13) addi    s6, s1, -1416
core   0: 0 0x80006efa (0xa7848b13) x22 0x80032c3e
core   0: 0x80006efe (0x6890cf03) lbu     t5, 1673(ra)
core   0: 0 0x80006efe (0x6890cf03) x30 0x00000032 mem 0x8abd36d1
core   0: 0x80006f02 (0xcdd09723) sh      t4, -818(ra)
core   0: 0 0x80006f02 (0xcdd09723) mem 0x8abd2d16 0xffc4
core   0: 0x80006f06 (0x3080cb03) lbu     s6, 776(ra)
core   0: 0 0x80006f06 (0x3080cb03) x22 0x000000e9 mem 0x8abd3350
core   0: 0x80006f0a (0x7d1feb13) ori     s6, t6, 2001
core   0: 0 0x80006f0a (0x7d1feb13) x22 0x000007f7
core   0: 0x80006f0e (0x7be09503) lh      a0, 1982(ra)
core   0: 0 0x80006f0e (0x7be09503) x10 0x0000007d mem 0x8abd3806
core   0: 0x80006f12 (0x0003ae97) auipc   t4, 0x3a
core   0: 0 0x80006f12 (0x0003ae97) x29 0x80040f12
core   0: 0x80006f16 (0xab8e8e93) addi    t4, t4, -1352
core   0: 0 0x80006f16 (0xab8e8e93) x29 0x800409ca
core   0: 0x80006f1a (0x9fae8a23) sb      s10, -1548(t4)
core   0: 0 0x80006f1a (0x9fae8a23) mem 0x800403be 0xf5
core   0: 0x80006f1e (0x5b3ecf83) lbu     t6, 1459(t4)
core   0: 0 0x80006f1e (0x5b3ecf83) x31 0x00000036 mem 0x80040f7d
core   0: 0x80006f22 (0xfa0e9783) lh      a5, -96(t4)
core   0: 0 0x80006f22 (0xfa0e9783) x15 0x00002021 mem 0x8004096a
core   0: 0x80006f26 (0xf12ed003) lhu     zero, -238(t4)
core   0: 0 0x80006f26 (0xf12ed003) mem 0x800408dc
core   0: 0x80006f2a (0xb1defc93) andi    s9, t4, -1251
core   0: 0 0x80006f2a (0xb1defc93) x25 0x80040908
core   0: 0x80006f2e (0xab3e8983) lb      s3, -1357(t4)
core   0: 0 0x80006f2e (0xab3e8983) x19 0x00000036 mem 0x8004047d
core   0: 0x80006f32 (0xab2e89a3) sb      s2, -1357(t4)
core   0: 0 0x80006f32 (0xab2e89a3) mem 0x8004047d 0xa
core   0: 0x80006f36 (0x19de8c03) lb      s8, 413(t4)
core   0: 0 0x80006f36 (0x19de8c03) x24 0x0000001c mem 0x80040b67
core   0: 0x80006f3a (0xddcedd83) lhu     s11, -548(t4)
core   0: 0 0x80006f3a (0xddcedd83) x27 0x00005c5d mem 0x800407a6
core   0: 0x80006f3e (0xa4eec783) lbu     a5, -1458(t4)
core   0: 0 0x80006f3e (0xa4eec783) x15 0x000000d3 mem 0x80040418
core   0: 0x80006f42 (0xa08ed203) lhu     tp, -1528(t4)
core   0: 0 0x80006f42 (0xa08ed203) x4  0x00008889 mem 0x800403d2
core   0: 0x80006f46 (0x40ced833) sra     a6, t4, a2
core   0: 0 0x80006f46 (0x40ced833) x16 0xffffff80
core   0: 0x80006f4a (0xa1fe9423) sh      t6, -1528(t4)
core   0: 0 0x80006f4a (0xa1fe9423) mem 0x800403d2 0x0036
core   0: 0x80006f4e (0x0000100f) fence.i
core   0: 0 0x80006f4e (0x0000100f)
core   0: 0x80006f52 (0xa64ed903) lhu     s2, -1436(t4)
core   0: 0 0x80006f52 (0xa64ed903) x18 0x0000e4e5 mem 0x8004042e
core   0: 0x80006f56 (0xa64e8503) lb      a0, -1436(t4)
core   0: 0 0x80006f56 (0xa64e8503) x10 0xffffffe5 mem 0x8004042e
core   0: 0x80006f5a (0xa64ec203) lbu     tp, -1436(t4)
core   0: 0 0x80006f5a (0xa64ec203) x4  0x000000e5 mem 0x8004042e
core   0: 0x80006f5e (0x8bcecb03) lbu     s6, -1860(t4)
core   0: 0 0x80006f5e (0x8bcecb03) x22 0x0000003d mem 0x80040286
core   0: 0x80006f62 (0xd85e88a3) sb      t0, -623(t4)
core   0: 0 0x80006f62 (0xd85e88a3) mem 0x8004075b 0x39
core   0: 0x80006f66 (0xb2bec383) lbu     t2, -1237(t4)
core   0: 0 0x80006f66 (0xb2bec383) x7  0x000000ae mem 0x800404f5
core   0: 0x80006f6a (0xb15ecd03) lbu     s10, -1259(t4)
core   0: 0 0x80006f6a (0xb15ecd03) x26 0x00000094 mem 0x800404df
core   0: 0x80006f6e (0xb03e8aa3) sb      gp, -1259(t4)
core   0: 0 0x80006f6e (0xb03e8aa3) mem 0x800404df 0x95
core   0: 0x80006f72 (0x000088a1) c.andi  s1, 8
core   0: 0 0x80006f72 (0x88a1) x9  0x00000000
core   0: 0x80006f74 (0x489e8503) lb      a0, 1161(t4)
core   0: 0 0x80006f74 (0x489e8503) x10 0x00000008 mem 0x80040e53
core   0: 0x80006f78 (0x00033997) auipc   s3, 0x33
core   0: 0 0x80006f78 (0x00033997) x19 0x80039f78
core   0: 0x80006f7c (0x67198993) addi    s3, s3, 1649
core   0: 0 0x80006f7c (0x67198993) x19 0x8003a5e9
core   0: 0x80006f80 (0xfe998623) sb      s1, -20(s3)
core   0: 0 0x80006f80 (0xfe998623) mem 0x8003a5d5 0x0
core   0: 0x80006f84 (0x029307b3) mul     a5, t1, s1
core   0: 0 0x80006f84 (0x029307b3) x15 0x00000000
core   0: 0x80006f88 (0x00008d7d) c.and   a0, a5
core   0: 0 0x80006f88 (0x8d7d) x10 0x00000000
core   0: 0x80006f8a (0x00000951) c.addi  s2, 20
core   0: 0 0x80006f8a (0x0951) x18 0x0000e4f9
core   0: 0x80006f8c (0x0b1999a3) sh      a7, 179(s3)
core   0: 0 0x80006f8c (0x0b1999a3) mem 0x8003a69c 0x0001
core   0: 0x80006f90 (0x000064fd) c.lui   s1, 0x1f
core   0: 0 0x80006f90 (0x64fd) x9  0x0001f000
core   0: 0x80006f92 (0xf0598f83) lb      t6, -251(s3)
core   0: 0 0x80006f92 (0xf0598f83) x31 0xffffffa5 mem 0x8003a4ee
core   0: 0x80006f96 (0x0b598123) sb      s5, 162(s3)
core   0: 0 0x80006f96 (0x0b598123) mem 0x8003a68b 0x6e
core   0: 0x80006f9a (0x0019ca83) lbu     s5, 1(s3)
core   0: 0 0x80006f9a (0x0019ca83) x21 0x000000a1 mem 0x8003a5ea
core   0: 0x80006f9e (0x41fd5793) srai    a5, s10, 31
core   0: 0 0x80006f9e (0x41fd5793) x15 0x00000000
core   0: 0x80006fa2 (0x07f99403) lh      s0, 127(s3)
core   0: 0 0x80006fa2 (0x07f99403) x8  0x00002223 mem 0x8003a668
core   0: 0x80006fa6 (0x024998a3) sh      tp, 49(s3)
core   0: 0 0x80006fa6 (0x024998a3) mem 0x8003a61a 0x00e5
core   0: 0x80006faa (0x40875a13) srai    s4, a4, 8
core   0: 0 0x80006faa (0x40875a13) x20 0xff8004cc
core   0: 0x80006fae (0x01c975b3) and     a1, s2, t3
core   0: 0 0x80006fae (0x01c975b3) x11 0x000000a8
core   0: 0x80006fb2 (0xf2e98f83) lb      t6, -210(s3)
core   0: 0 0x80006fb2 (0xf2e98f83) x31 0xffffffcc mem 0x8003a517
core   0: 0x80006fb6 (0x000083c1) c.srli  a5, 16
core   0: 0 0x80006fb6 (0x83c1) x15 0x00000000
core   0: 0x80006fb8 (0x009999a3) sh      s1, 19(s3)
core   0: 0 0x80006fb8 (0x009999a3) mem 0x8003a5fc 0xf000
core   0: 0x80006fbc (0xf6999503) lh      a0, -151(s3)
core   0: 0 0x80006fbc (0xf6999503) x10 0x00000809 mem 0x8003a552
core   0: 0x80006fc0 (0xadc7ed13) ori     s10, a5, -1316
core   0: 0 0x80006fc0 (0xadc7ed13) x26 0xfffffadc
core   0: 0x80006fc4 (0x0e29c483) lbu     s1, 226(s3)
core   0: 0 0x80006fc4 (0x0e29c483) x9  0x00000080 mem 0x8003a6cb
core   0: 0x80006fc8 (0x03a2af33) mulhsu  t5, t0, s10
core   0: 0 0x80006fc8 (0x03a2af33) x30 0x00000038
core   0: 0x80006fcc (0x000006fa) c.slli  a3, 30
core   0: 0 0x80006fcc (0x06fa) x13 0x00000000
core   0: 0x80006fce (0x00005afd) c.li    s5, -1
core   0: 0 0x80006fce (0x5afd) x21 0xffffffff
core   0: 0x80006fd0 (0x006720b3) slt     ra, a4, t1
core   0: 0 0x80006fd0 (0x006720b3) x1  0x00000001
core   0: 0x80006fd4 (0x01df1193) slli    gp, t5, 29
core   0: 0 0x80006fd4 (0x01df1193) x3  0x00000000
core   0: 0x80006fd8 (0x0039c0b3) xor     ra, s3, gp
core   0: 0 0x80006fd8 (0x0039c0b3) x1  0x8003a5e9
core   0: 0x80006fdc (0x00000001) c.nop
core   0: 0 0x80006fdc (0x0001)
core   0: 0x80006fde (0x03fe17b3) mulh    a5, t3, t6
core   0: 0 0x80006fde (0x03fe17b3) x15 0xffffffff
core   0: 0x80006fe2 (0xf6199883) lh      a7, -159(s3)
core   0: 0 0x80006fe2 (0xf6199883) x17 0x00000001 mem 0x8003a54a
core   0: 0x80006fe6 (0x40235333) sra     t1, t1, sp
core   0: 0 0x80006fe6 (0x40235333) x6  0x00000000
core   0: 0x80006fea (0x41f50eb3) sub     t4, a0, t6
core   0: 0 0x80006fea (0x41f50eb3) x29 0x0000083d
core   0: 0x80006fee (0xf67980a3) sb      t2, -159(s3)
core   0: 0 0x80006fee (0xf67980a3) mem 0x8003a54a 0xae
core   0: 0x80006ff2 (0x030980a3) sb      a6, 33(s3)
core   0: 0 0x80006ff2 (0x030980a3) mem 0x8003a60a 0x80
core   0: 0x80006ff6 (0x0b298183) lb      gp, 178(s3)
core   0: 0 0x80006ff6 (0x0b298183) x3  0x00000050 mem 0x8003a69b
core   0: 0x80006ffa (0x0da99ba3) sh      s10, 215(s3)
core   0: 0 0x80006ffa (0x0da99ba3) mem 0x8003a6c0 0xfadc
core   0: 0x80006ffe (0x0239ad83) lw      s11, 35(s3)
core   0: 0 0x80006ffe (0x0239ad83) x27 0xc4c5c6c7 mem 0x8003a60c
core   0: 0x80007002 (0xf8c98223) sb      a2, -124(s3)
core   0: 0 0x80007002 (0xf8c98223) mem 0x8003a56d 0x38
core   0: 0x80007006 (0x0679c803) lbu     a6, 103(s3)
core   0: 0 0x80007006 (0x0679c803) x16 0x0000000b mem 0x8003a650
core   0: 0x8000700a (0xf5698003) lb      zero, -170(s3)
core   0: 0 0x8000700a (0xf5698003) mem 0x8003a53f
core   0: 0x8000700e (0x0cd99f03) lh      t5, 205(s3)
core   0: 0 0x8000700e (0x0cd99f03) x30 0x00006c6d mem 0x8003a6b6
core   0: 0x80007012 (0x0ff0000f) fence   iorw,iorw
core   0: 0 0x80007012 (0x0ff0000f)
core   0: 0x80007016 (0x00005cfd) c.li    s9, -1
core   0: 0 0x80007016 (0x5cfd) x25 0xffffffff
core   0: 0x80007018 (0x80b5ce13) xori    t3, a1, -2037
core   0: 0 0x80007018 (0x80b5ce13) x28 0xfffff8a3
core   0: 0x8000701c (0xf5198903) lb      s2, -175(s3)
core   0: 0 0x8000701c (0xf5198903) x18 0xfffffff1 mem 0x8003a53a
core   0: 0x80007020 (0x0b498483) lb      s1, 180(s3)
core   0: 0 0x80007020 (0x0b498483) x9  0x00000000 mem 0x8003a69d
core   0: 0x80007024 (0x09399a83) lh      s5, 147(s3)
core   0: 0 0x80007024 (0x09399a83) x21 0x00003637 mem 0x8003a67c
core   0: 0x80007028 (0x01f35413) srli    s0, t1, 31
core   0: 0 0x80007028 (0x01f35413) x8  0x00000000
core   0: 0x8000702c (0x8d927093) andi    ra, tp, -1831
core   0: 0 0x8000702c (0x8d927093) x1  0x000000c1
core   0: 0x80007030 (0xeb7c2013) slti    zero, s8, -329
core   0: 0 0x80007030 (0xeb7c2013)
core   0: 0x80007034 (0xf5498f03) lb      t5, -172(s3)
core   0: 0 0x80007034 (0xf5498f03) x30 0xfffffff6 mem 0x8003a53d
core   0: 0x80007038 (0x0002f997) auipc   s3, 0x2f
core   0: 0 0x80007038 (0x0002f997) x19 0x80036038
core   0: 0x8000703c (0x46798993) addi    s3, s3, 1127
core   0: 0 0x8000703c (0x46798993) x19 0x8003649f
core   0: 0x80007040 (0x032985a3) sb      s2, 43(s3)
core   0: 0 0x80007040 (0x032985a3) mem 0x800364ca 0xf1
core   0: 0x80007044 (0x0002dd97) auipc   s11, 0x2d
core   0: 0 0x80007044 (0x0002dd97) x27 0x80034044
core   0: 0x80007048 (0xab8d8d93) addi    s11, s11, -1352
core   0: 0 0x80007048 (0xab8d8d93) x27 0x80033afc
core   0: 0x8000704c (0xfe2d8ba3) sb      sp, -9(s11)
core   0: 0 0x8000704c (0xfe2d8ba3) mem 0x80033af3 0x95
core   0: 0x80007050 (0xfda98383) lb      t2, -38(s3)
core   0: 0 0x80007050 (0xfda98383) x7  0x00000032 mem 0x80036479
core   0: 0x80007054 (0xfe3994a3) sh      gp, -23(s3)
core   0: 0 0x80007054 (0xfe3994a3) mem 0x80036488 0x0050
core   0: 0x80007058 (0x011d9323) sh      a7, 6(s11)
core   0: 0 0x80007058 (0x011d9323) mem 0x80033b02 0x0001
core   0: 0x8000705c (0x0129ca83) lbu     s5, 18(s3)
core   0: 0 0x8000705c (0x0129ca83) x21 0x0000006a mem 0x800364b1
core   0: 0x80007060 (0x0149aaa3) sw      s4, 21(s3)
core   0: 0 0x80007060 (0x0149aaa3) mem 0x800364b4 0xff8004cc
core   0: 0x80007064 (0x008d8403) lb      s0, 8(s11)
core   0: 0 0x80007064 (0x008d8403) x8  0xffffffbf mem 0x80033b04
core   0: 0x80007068 (0xffb98b03) lb      s6, -5(s3)
core   0: 0 0x80007068 (0xffb98b03) x22 0x00000051 mem 0x8003649a
core   0: 0x8000706c (0xff1d8003) lb      zero, -15(s11)
core   0: 0 0x8000706c (0xff1d8003) mem 0x80033aed
core   0: 0x80007070 (0x01198b03) lb      s6, 17(s3)
core   0: 0 0x80007070 (0x01198b03) x22 0x0000006b mem 0x800364b0
core   0: 0x80007074 (0x00ada023) sw      a0, 0(s11)
core   0: 0 0x80007074 (0x00ada023) mem 0x80033afc 0x00000809
core   0: 0x80007078 (0x02c9c283) lbu     t0, 44(s3)
core   0: 0 0x80007078 (0x02c9c283) x5  0x00000080 mem 0x800364cb
core   0: 0x8000707c (0x00edcb03) lbu     s6, 14(s11)
core   0: 0 0x8000707c (0x00edcb03) x22 0x000000c1 mem 0x80033b0a
core   0: 0x80007080 (0xff1dc303) lbu     t1, -15(s11)
core   0: 0 0x80007080 (0xff1dc303) x6  0x000000a6 mem 0x80033aed
core   0: 0x80007084 (0x0259ae03) lw      t3, 37(s3)
core   0: 0 0x80007084 (0x0259ae03) x28 0x7c7d7e7f mem 0x800364c4
core   0: 0x80007088 (0x0002c317) auipc   t1, 0x2c
core   0: 0 0x80007088 (0x0002c317) x6  0x80033088
core   0: 0x8000708c (0xfc030313) addi    t1, t1, -64
core   0: 0 0x8000708c (0xfc030313) x6  0x80033048
core   0: 0x80007090 (0x58de73b7) lui     t2, 0x58de7
core   0: 0 0x80007090 (0x58de73b7) x7  0x58de7000
core   0: 0x80007094 (0x0000931e) c.add   t1, t2
core   0: 0 0x80007094 (0x931e) x6  0xd8e1a048
core   0: 0x80007096 (0x98230623) sb      sp, -1652(t1)
core   0: 0 0x80007096 (0x98230623) mem 0xd8e199d4 0x95
core   0: 0x8000709a (0xa83309a3) sb      gp, -1389(t1)
core   0: 0 0x8000709a (0xa83309a3) mem 0xd8e19adb 0x50
core   0: 0x8000709e (0x2a530fa3) sb      t0, 703(t1)
core   0: 0 0x8000709e (0x2a530fa3) mem 0xd8e1a307 0x80
core   0: 0x800070a2 (0x3fa30023) sb      s10, 992(t1)
core   0: 0 0x800070a2 (0x3fa30023) mem 0xd8e1a428 0xdc
core   0: 0x800070a6 (0x00005c7d) c.li    s8, -1
core   0: 0 0x800070a6 (0x5c7d) x24 0xffffffff
core   0: 0x800070a8 (0xf0731d23) sh      t2, -230(t1)
core   0: 0 0x800070a8 (0xf0731d23) mem 0xd8e19f62 0x7000
core   0: 0x800070ac (0x00000001) c.nop
core   0: 0 0x800070ac (0x0001)
core   0: 0x800070ae (0x00000001) c.nop
core   0: 0 0x800070ae (0x0001)
core   0: 0x800070b0 (0x98c34e83) lbu     t4, -1652(t1)
core   0: 0 0x800070b0 (0x98c34e83) x29 0x00000095 mem 0xd8e199d4
core   0: 0x800070b4 (0xa9330d03) lb      s10, -1389(t1)
core   0: 0 0x800070b4 (0xa9330d03) x26 0x00000050 mem 0xd8e19adb
core   0: 0x800070b8 (0x0091b033) sltu    zero, gp, s1
core   0: 0 0x800070b8 (0x0091b033)
core   0: 0x800070bc (0x64a8bb97) auipc   s7, 0x64a8b
core   0: 0 0x800070bc (0x64a8bb97) x23 0xe4a920bc
core   0: 0x800070c0 (0x0084c3b3) xor     t2, s1, s0
core   0: 0 0x800070c0 (0x0084c3b3) x7  0xffffffbf
core   0: 0x800070c4 (0x6b51e013) ori     zero, gp, 1717
core   0: 0 0x800070c4 (0x6b51e013)
core   0: 0x800070c8 (0xe7132e23) sw      a7, -388(t1)
core   0: 0 0x800070c8 (0xe7132e23) mem 0xd8e19ec4 0x00000001
core   0: 0x800070cc (0x03fb75b3) remu    a1, s6, t6
core   0: 0 0x800070cc (0x03fb75b3) x11 0x000000c1
core   0: 0x800070d0 (0x02e17c33) remu    s8, sp, a4
core   0: 0 0x800070d0 (0x02e17c33) x24 0x75decbb1
core   0: 0x800070d4 (0x0168f833) and     a6, a7, s6
core   0: 0 0x800070d4 (0x0168f833) x16 0x00000001
core   0: 0x800070d8 (0x2bf30403) lb      s0, 703(t1)
core   0: 0 0x800070d8 (0x2bf30403) x8  0xffffff80 mem 0xd8e1a307
core   0: 0x800070dc (0x00035a17) auipc   s4, 0x35
core   0: 0 0x800070dc (0x00035a17) x20 0x8003c0dc
core   0: 0x800070e0 (0xba5a0a13) addi    s4, s4, -1115
core   0: 0 0x800070e0 (0xba5a0a13) x20 0x8003bc81
core   0: 0x800070e4 (0x03087d33) remu    s10, a6, a6
core   0: 0 0x800070e4 (0x03087d33) x26 0x00000000
core   0: 0x800070e8 (0x60da1503) lh      a0, 1549(s4)
core   0: 0 0x800070e8 (0x60da1503) x10 0x00004445 mem 0x8003c28e
core   0: 0x800070ec (0x00252933) slt     s2, a0, sp
core   0: 0 0x800070ec (0x00252933) x18 0x00000000
core   0: 0x800070f0 (0xaaca4983) lbu     s3, -1364(s4)
core   0: 0 0x800070f0 (0xaaca4983) x19 0x000000e6 mem 0x8003b72d
core   0: 0x800070f4 (0x0ff0000f) fence   iorw,iorw
core   0: 0 0x800070f4 (0x0ff0000f)
core   0: 0x800070f8 (0x4145d893) srai    a7, a1, 20
core   0: 0 0x800070f8 (0x4145d893) x17 0x00000000
core   0: 0x800070fc (0x943a5c03) lhu     s8, -1725(s4)
core   0: 0 0x800070fc (0x943a5c03) x24 0x00007e7f mem 0x8003b5c4
core   0: 0x80007100 (0x021a5d03) lhu     s10, 33(s4)
core   0: 0 0x80007100 (0x021a5d03) x26 0x00005859 mem 0x8003bca2
core   0: 0x80007104 (0x000084b6) c.mv    s1, a3
core   0: 0 0x80007104 (0x84b6) x9  0x00000000
core   0: 0x80007106 (0x00000001) c.nop
core   0: 0 0x80007106 (0x0001)
core   0: 0x80007108 (0x00000001) c.nop
core   0: 0 0x80007108 (0x0001)
core   0: 0x8000710a (0xdeea0c23) sb      a4, -520(s4)
core   0: 0 0x8000710a (0xdeea0c23) mem 0x8003ba79 0xe4
core   0: 0x8000710e (0x66456317) auipc   t1, 0x66456
core   0: 0 0x8000710e (0x66456317) x6  0xe645d10e
core   0: 0x80007112 (0x00008dd5) c.or    a1, a3
core   0: 0 0x80007112 (0x8dd5) x11 0x000000c1
core   0: 0x80007114 (0xadca0183) lb      gp, -1316(s4)
core   0: 0 0x80007114 (0xadca0183) x3  0x00000016 mem 0x8003b75d
core   0: 0x80007118 (0x02ee1533) mulh    a0, t3, a4
core   0: 0 0x80007118 (0x02ee1533) x10 0xc1c39659
core   0: 0x8000711c (0x529a03a3) sb      s1, 1319(s4)
core   0: 0 0x8000711c (0x529a03a3) mem 0x8003c1a8 0x0
core   0: 0x80007120 (0x00008a92) c.mv    s5, tp
core   0: 0 0x80007120 (0x8a92) x21 0x000000e5
core   0: 0x80007122 (0x83a4af13) slti    t5, s1, -1990
core   0: 0 0x80007122 (0x83a4af13) x30 0x00000000
core   0: 0x80007126 (0x01d35993) srli    s3, t1, 29
core   0: 0 0x80007126 (0x01d35993) x19 0x00000007
core   0: 0x8000712a (0x00005c7d) c.li    s8, -1
core   0: 0 0x8000712a (0x5c7d) x24 0xffffffff
core   0: 0x8000712c (0x285a0f03) lb      t5, 645(s4)
core   0: 0 0x8000712c (0x285a0f03) x30 0xffffffbd mem 0x8003bf06
core   0: 0x80007130 (0x3aaa0e83) lb      t4, 938(s4)
core   0: 0 0x80007130 (0x3aaa0e83) x29 0xffffffe0 mem 0x8003c02b
core   0: 0x80007134 (0x286a0ca3) sb      t1, 665(s4)
core   0: 0 0x80007134 (0x286a0ca3) mem 0x8003bf1a 0xe
core   0: 0x80007138 (0x916d3213) sltiu   tp, s10, -1770
core   0: 0 0x80007138 (0x916d3213) x4  0x00000001
core   0: 0x8000713c (0x0068e533) or      a0, a7, t1
core   0: 0 0x8000713c (0x0068e533) x10 0xe645d10e
core   0: 0x80007140 (0x062a4e83) lbu     t4, 98(s4)
core   0: 0 0x80007140 (0x062a4e83) x29 0x00000098 mem 0x8003bce3
core   0: 0x80007144 (0x46b8fe13) andi    t3, a7, 1131
core   0: 0 0x80007144 (0x46b8fe13) x28 0x00000000
core   0: 0x80007148 (0x2d9a5483) lhu     s1, 729(s4)
core   0: 0 0x80007148 (0x2d9a5483) x9  0x00001011 mem 0x8003bf5a
core   0: 0x8000714c (0x0002c797) auipc   a5, 0x2c
core   0: 0 0x8000714c (0x0002c797) x15 0x8003314c
core   0: 0x80007150 (0x33578793) addi    a5, a5, 821
core   0: 0 0x80007150 (0x33578793) x15 0x80033481
core   0: 0x80007154 (0x02048433) mul     s0, s1, zero
core   0: 0 0x80007154 (0x02048433) x8  0x00000000
core   0: 0x80007158 (0xfb878003) lb      zero, -72(a5)
core   0: 0 0x80007158 (0xfb878003) mem 0x80033439
core   0: 0x8000715c (0x00008ded) c.and   a1, a1
core   0: 0 0x8000715c (0x8ded) x11 0x000000c1
core   0: 0x8000715e (0x0000137d) c.addi  t1, -1
core   0: 0 0x8000715e (0x137d) x6  0xe645d10d
core   0: 0x80007160 (0x00b78883) lb      a7, 11(a5)
core   0: 0 0x80007160 (0x00b78883) x17 0x00000047 mem 0x8003348c
core   0: 0x80007164 (0xf4e7cd03) lbu     s10, -178(a5)
core   0: 0 0x80007164 (0xf4e7cd03) x26 0x00000084 mem 0x800333cf
core   0: 0x80007168 (0xf4e78883) lb      a7, -178(a5)
core   0: 0 0x80007168 (0xf4e78883) x17 0xffffff84 mem 0x800333cf
core   0: 0x8000716c (0x00d731b3) sltu    gp, a4, a3
core   0: 0 0x8000716c (0x00d731b3) x3  0x00000000
core   0: 0x80007170 (0xf33792a3) sh      s3, -219(a5)
core   0: 0 0x80007170 (0xf33792a3) mem 0x800333a6 0x0007
core   0: 0x80007174 (0xf8178823) sb      ra, -112(a5)
core   0: 0 0x80007174 (0xf8178823) mem 0x80033411 0xc1
core   0: 0x80007178 (0xc9097913) andi    s2, s2, -880
core   0: 0 0x80007178 (0xc9097913) x18 0x00000000
core   0: 0x8000717c (0x05379a83) lh      s5, 83(a5)
core   0: 0 0x8000717c (0x05379a83) x21 0xffff8e8f mem 0x800334d4
core   0: 0x80007180 (0x0b27c183) lbu     gp, 178(a5)
core   0: 0 0x80007180 (0x0b27c183) x3  0x000000e8 mem 0x80033533
core   0: 0x80007184 (0xfd178623) sb      a7, -52(a5)
core   0: 0 0x80007184 (0xfd178623) mem 0x8003344d 0x84
core   0: 0x80007188 (0xf7e7cc83) lbu     s9, -130(a5)
core   0: 0 0x80007188 (0xf7e7cc83) x25 0x000000b4 mem 0x800333ff
core   0: 0x8000718c (0x014662b3) or      t0, a2, s4
core   0: 0 0x8000718c (0x014662b3) x5  0x8007beb9
core   0: 0x80007190 (0xf277d383) lhu     t2, -217(a5)
core   0: 0 0x80007190 (0xf277d383) x7  0x00006263 mem 0x800333a8
core   0: 0x80007194 (0xf957d383) lhu     t2, -107(a5)
core   0: 0 0x80007194 (0xf957d383) x7  0x0000cccd mem 0x80033416
core   0: 0x80007198 (0xf8379aa3) sh      gp, -107(a5)
core   0: 0 0x80007198 (0xf8379aa3) mem 0x80033416 0x00e8
core   0: 0x8000719c (0xf967cd83) lbu     s11, -106(a5)
core   0: 0 0x8000719c (0xf967cd83) x27 0x00000000 mem 0x80033417
core   0: 0x800071a0 (0xf84786a3) sb      tp, -115(a5)
core   0: 0 0x800071a0 (0xf84786a3) mem 0x8003340e 0x1
core   0: 0x800071a4 (0x0a17db03) lhu     s6, 161(a5)
core   0: 0 0x800071a4 (0x0a17db03) x22 0x0000d8d9 mem 0x80033522
core   0: 0x800071a8 (0x0a9780a3) sb      s1, 161(a5)
core   0: 0 0x800071a8 (0x0a9780a3) mem 0x80033522 0x11
core   0: 0x800071ac (0x0bb790a3) sh      s11, 161(a5)
core   0: 0 0x800071ac (0x0bb790a3) mem 0x80033522 0x0000
core   0: 0x800071b0 (0x0b1780a3) sb      a7, 161(a5)
core   0: 0 0x800071b0 (0x0b1780a3) mem 0x80033522 0x84
core   0: 0x800071b4 (0x03106933) rem     s2, zero, a7
core   0: 0 0x800071b4 (0x03106933) x18 0x00000000
core   0: 0x800071b8 (0x0a17ce83) lbu     t4, 161(a5)
core   0: 0 0x800071b8 (0x0a17ce83) x29 0x00000084 mem 0x80033522
core   0: 0x800071bc (0x0002c897) auipc   a7, 0x2c
core   0: 0 0x800071bc (0x0002c897) x17 0x800331bc
core   0: 0x800071c0 (0x1e088893) addi    a7, a7, 480
core   0: 0 0x800071c0 (0x1e088893) x17 0x8003339c
core   0: 0x800071c4 (0x0698cd83) lbu     s11, 105(a7)
core   0: 0 0x800071c4 (0x0698cd83) x27 0x000000be mem 0x80033405
core   0: 0x800071c8 (0x0698c783) lbu     a5, 105(a7)
core   0: 0 0x800071c8 (0x0698c783) x15 0x000000be mem 0x80033405
core   0: 0x800071cc (0x06988583) lb      a1, 105(a7)
core   0: 0 0x800071cc (0x06988583) x11 0xffffffbe mem 0x80033405
core   0: 0x800071d0 (0x07b89523) sh      s11, 106(a7)
core   0: 0 0x800071d0 (0x07b89523) mem 0x80033406 0x00be
core   0: 0x800071d4 (0x07589523) sh      s5, 106(a7)
core   0: 0 0x800071d4 (0x07589523) mem 0x80033406 0x8e8f
core   0: 0x800071d8 (0x40c58fb3) sub     t6, a1, a2
core   0: 0 0x800071d8 (0x40c58fb3) x31 0x7ffb7186
core   0: 0x800071dc (0x0848ad83) lw      s11, 132(a7)
core   0: 0 0x800071dc (0x0848ad83) x27 0xd8d9dadb mem 0x80033420
core   0: 0x800071e0 (0x08488f03) lb      t5, 132(a7)
core   0: 0 0x800071e0 (0x08488f03) x30 0xffffffdb mem 0x80033420
core   0: 0x800071e4 (0x0828a223) sw      sp, 132(a7)
core   0: 0 0x800071e4 (0x0828a223) mem 0x80033420 0xf5e39895
core   0: 0x800071e8 (0x08489f83) lh      t6, 132(a7)
core   0: 0 0x800071e8 (0x08489f83) x31 0xffff9895 mem 0x80033420
core   0: 0x800071ec (0x09c88223) sb      t3, 132(a7)
core   0: 0 0x800071ec (0x09c88223) mem 0x80033420 0x0
core   0: 0x800071f0 (0x0b689683) lh      a3, 182(a7)
core   0: 0 0x800071f0 (0x0b689683) x13 0x00000809 mem 0x80033452
core   0: 0x800071f4 (0xf8888fa3) sb      s0, -97(a7)
core   0: 0 0x800071f4 (0xf8888fa3) mem 0x8003333b 0x0
core   0: 0x800071f8 (0x00001efd) c.addi  t4, -1
core   0: 0 0x800071f8 (0x1efd) x29 0x00000083
core   0: 0x800071fa (0xf9f8c483) lbu     s1, -97(a7)
core   0: 0 0x800071fa (0xf9f8c483) x9  0x00000000 mem 0x8003333b
core   0: 0x800071fe (0xf9f8c003) lbu     zero, -97(a7)
core   0: 0 0x800071fe (0xf9f8c003) mem 0x8003333b
core   0: 0x80007202 (0xf7588683) lb      a3, -139(a7)
core   0: 0 0x80007202 (0xf7588683) x13 0xffffffca mem 0x80033311
core   0: 0x80007206 (0x0000846e) c.mv    s0, s11
core   0: 0 0x80007206 (0x846e) x8  0xd8d9dadb
core   0: 0x80007208 (0xf7788aa3) sb      s7, -139(a7)
core   0: 0 0x80007208 (0xf7788aa3) mem 0x80033311 0xbc
core   0: 0x8000720c (0x0002cb17) auipc   s6, 0x2c
core   0: 0 0x8000720c (0x0002cb17) x22 0x8003320c
core   0: 0x80007210 (0xe3cb0b13) addi    s6, s6, -452
core   0: 0 0x80007210 (0xe3cb0b13) x22 0x80033048
core   0: 0x80007214 (0x3acbf337) lui     t1, 0x3acbf
core   0: 0 0x80007214 (0x3acbf337) x6  0x3acbf000
core   0: 0x80007218 (0x00009b1a) c.add   s6, t1
core   0: 0 0x80007218 (0x9b1a) x22 0xbacf2048
core   0: 0x8000721a (0x220b02a3) sb      zero, 549(s6)
core   0: 0 0x8000721a (0x220b02a3) mem 0xbacf226d 0x0
core   0: 0x8000721e (0xdc2b01a3) sb      sp, -573(s6)
core   0: 0 0x8000721e (0xdc2b01a3) mem 0xbacf1e0b 0x95
core   0: 0x80007222 (0xce3b02a3) sb      gp, -795(s6)
core   0: 0 0x80007222 (0xce3b02a3) mem 0xbacf1d2d 0xe8
core   0: 0x80007226 (0x704b0ca3) sb      tp, 1817(s6)
core   0: 0 0x80007226 (0x704b0ca3) mem 0xbacf2761 0x1
core   0: 0x8000722a (0x2a7b1023) sh      t2, 672(s6)
core   0: 0 0x8000722a (0x2a7b1023) mem 0xbacf22e8 0xcccd
core   0: 0x8000722e (0x225b4183) lbu     gp, 549(s6)
core   0: 0 0x8000722e (0x225b4183) x3  0x00000000 mem 0xbacf226d
core   0: 0x80007232 (0x00008d19) c.sub   a0, a4
core   0: 0 0x80007232 (0x8d19) x10 0x6641042a
core   0: 0x80007234 (0xf34b2823) sw      s4, -208(s6)
core   0: 0 0x80007234 (0xf34b2823) mem 0xbacf1f78 0x8003bc81
core   0: 0x80007238 (0xdc3b0a83) lb      s5, -573(s6)
core   0: 0 0x80007238 (0xdc3b0a83) x21 0xffffff95 mem 0xbacf1e0b
core   0: 0x8000723c (0x0ff0000f) fence   iorw,iorw
core   0: 0 0x8000723c (0x0ff0000f)
core   0: 0x80007240 (0xce5b0903) lb      s2, -795(s6)
core   0: 0 0x80007240 (0xce5b0903) x18 0xffffffe8 mem 0xbacf1d2d
core   0: 0x80007244 (0x719b4f83) lbu     t6, 1817(s6)
core   0: 0 0x80007244 (0x719b4f83) x31 0x00000001 mem 0xbacf2761
core   0: 0x80007248 (0x00be15b3) sll     a1, t3, a1
core   0: 0 0x80007248 (0x00be15b3) x11 0x00000000
core   0: 0x8000724c (0x00000001) c.nop
core   0: 0 0x8000724c (0x0001)
core   0: 0x8000724e (0x00000001) c.nop
core   0: 0 0x8000724e (0x0001)
core   0: 0x80007250 (0x023b08a3) sb      gp, 49(s6)
core   0: 0 0x80007250 (0x023b08a3) mem 0xbacf2079 0x0
core   0: 0x80007254 (0x6afb1e23) sh      a5, 1724(s6)
core   0: 0 0x80007254 (0x6afb1e23) mem 0xbacf2704 0x00be
core   0: 0x80007258 (0x2a0b1403) lh      s0, 672(s6)
core   0: 0 0x80007258 (0x2a0b1403) x8  0xffffcccd mem 0xbacf22e8
core   0: 0x8000725c (0xa22b0fa3) sb      sp, -1473(s6)
core   0: 0 0x8000725c (0xa22b0fa3) mem 0xbacf1a87 0x95
core   0: 0x80007260 (0x00005f7d) c.li    t5, -1
core   0: 0 0x80007260 (0x5f7d) x30 0xffffffff
core   0: 0x80007262 (0x00008fb5) c.xor   a5, a3
core   0: 0 0x80007262 (0x8fb5) x15 0xffffff74
core   0: 0x80007264 (0xd20b1a23) sh      zero, -716(s6)
core   0: 0 0x80007264 (0xd20b1a23) mem 0xbacf1d7c 0x0000
core   0: 0x80007268 (0x0003cd97) auipc   s11, 0x3c
core   0: 0 0x80007268 (0x0003cd97) x27 0x80043268
core   0: 0x8000726c (0x54dd8d93) addi    s11, s11, 1357
core   0: 0 0x8000726c (0x54dd8d93) x27 0x800437b5
core   0: 0x80007270 (0x5cad8823) sb      a0, 1488(s11)
core   0: 0 0x80007270 (0x5cad8823) mem 0x80043d85 0x2a
core   0: 0x80007274 (0x989dd903) lhu     s2, -1655(s11)
core   0: 0 0x80007274 (0x989dd903) x18 0x0000f4f5 mem 0x8004313e
core   0: 0x80007278 (0x989d8203) lb      tp, -1655(s11)
core   0: 0 0x80007278 (0x989d8203) x4  0xfffffff5 mem 0x8004313e
core   0: 0x8000727c (0x980d84a3) sb      zero, -1655(s11)
core   0: 0 0x8000727c (0x980d84a3) mem 0x8004313e 0x0
core   0: 0x80007280 (0x989d9083) lh      ra, -1655(s11)
core   0: 0 0x80007280 (0x989d9083) x1  0xfffff400 mem 0x8004313e
core   0: 0x80007284 (0x989dc003) lbu     zero, -1655(s11)
core   0: 0 0x80007284 (0x989dc003) mem 0x8004313e
core   0: 0x80007288 (0x00000001) c.nop
core   0: 0 0x80007288 (0x0001)
core   0: 0x8000728a (0x989dcd03) lbu     s10, -1655(s11)
core   0: 0 0x8000728a (0x989dcd03) x26 0x00000000 mem 0x8004313e
core   0: 0x8000728e (0x989d8403) lb      s0, -1655(s11)
core   0: 0 0x8000728e (0x989d8403) x8  0x00000000 mem 0x8004313e
core   0: 0x80007292 (0x993d84a3) sb      s3, -1655(s11)
core   0: 0 0x80007292 (0x993d84a3) mem 0x8004313e 0x7
core   0: 0x80007296 (0xc13d9303) lh      t1, -1005(s11)
core   0: 0 0x80007296 (0xc13d9303) x6  0xffff8283 mem 0x800433c8
core   0: 0x8000729a (0xc02d89a3) sb      sp, -1005(s11)
core   0: 0 0x8000729a (0xc02d89a3) mem 0x800433c8 0x95
core   0: 0x8000729e (0xc06d89a3) sb      t1, -1005(s11)
core   0: 0 0x8000729e (0xc06d89a3) mem 0x800433c8 0x83
core   0: 0x800072a2 (0xc13d9b83) lh      s7, -1005(s11)
core   0: 0 0x800072a2 (0xc13d9b83) x23 0xffff8283 mem 0x800433c8
core   0: 0x800072a6 (0xc1cd99a3) sh      t3, -1005(s11)
core   0: 0 0x800072a6 (0xc1cd99a3) mem 0x800433c8 0x0000
core   0: 0x800072aa (0xc13dae83) lw      t4, -1005(s11)
core   0: 0 0x800072aa (0xc13dae83) x29 0x80810000 mem 0x800433c8
core   0: 0x800072ae (0x40c95893) srai    a7, s2, 12
core   0: 0 0x800072ae (0x40c95893) x17 0x0000000f
core   0: 0x800072b2 (0xc09d99a3) sh      s1, -1005(s11)
core   0: 0 0x800072b2 (0xc09d99a3) mem 0x800433c8 0x0000
core   0: 0x800072b6 (0xc13dcf83) lbu     t6, -1005(s11)
core   0: 0 0x800072b6 (0xc13dcf83) x31 0x00000000 mem 0x800433c8
core   0: 0x800072ba (0x00032b97) auipc   s7, 0x32
core   0: 0 0x800072ba (0x00032b97) x23 0x800392ba
core   0: 0x800072be (0xdeeb8b93) addi    s7, s7, -530
core   0: 0 0x800072be (0xdeeb8b93) x23 0x800390a8
core   0: 0x800072c2 (0x85ebac23) sw      t5, -1960(s7)
core   0: 0 0x800072c2 (0x85ebac23) mem 0x80038900 0xffffffff
core   0: 0x800072c6 (0x4c41cf13) xori    t5, gp, 1220
core   0: 0 0x800072c6 (0x4c41cf13) x30 0x000004c4
core   0: 0x800072ca (0x858ba483) lw      s1, -1960(s7)
core   0: 0 0x800072ca (0x858ba483) x9  0xffffffff mem 0x80038900
core   0: 0x800072ce (0x858ba283) lw      t0, -1960(s7)
core   0: 0 0x800072ce (0x858ba283) x5  0xffffffff mem 0x80038900
core   0: 0x800072d2 (0x858bc903) lbu     s2, -1960(s7)
core   0: 0 0x800072d2 (0x858bc903) x18 0x000000ff mem 0x80038900
core   0: 0x800072d6 (0x851bac23) sw      a7, -1960(s7)
core   0: 0 0x800072d6 (0x851bac23) mem 0x80038900 0x0000000f
core   0: 0x800072da (0x858ba683) lw      a3, -1960(s7)
core   0: 0 0x800072da (0x858ba683) x13 0x0000000f mem 0x80038900
core   0: 0x800072de (0x858ba803) lw      a6, -1960(s7)
core   0: 0 0x800072de (0x858ba803) x16 0x0000000f mem 0x80038900
core   0: 0x800072e2 (0x858ba683) lw      a3, -1960(s7)
core   0: 0 0x800072e2 (0x858ba683) x13 0x0000000f mem 0x80038900
core   0: 0x800072e6 (0x854b9c23) sh      s4, -1960(s7)
core   0: 0 0x800072e6 (0x854b9c23) mem 0x80038900 0xbc81
core   0: 0x800072ea (0x848b9c23) sh      s0, -1960(s7)
core   0: 0 0x800072ea (0x848b9c23) mem 0x80038900 0x0000
core   0: 0x800072ee (0x858bc403) lbu     s0, -1960(s7)
core   0: 0 0x800072ee (0x858bc403) x8  0x00000000 mem 0x80038900
core   0: 0x800072f2 (0x84eb9c23) sh      a4, -1960(s7)
core   0: 0 0x800072f2 (0x84eb9c23) mem 0x80038900 0xcce4
core   0: 0x800072f6 (0x858bac23) sw      s8, -1960(s7)
core   0: 0 0x800072f6 (0x858bac23) mem 0x80038900 0xffffffff
core   0: 0x800072fa (0x858b9d03) lh      s10, -1960(s7)
core   0: 0 0x800072fa (0x858b9d03) x26 0xffffffff mem 0x80038900
core   0: 0x800072fe (0x845b8c23) sb      t0, -1960(s7)
core   0: 0 0x800072fe (0x845b8c23) mem 0x80038900 0xff
core   0: 0x80007302 (0x0155f333) and     t1, a1, s5
core   0: 0 0x80007302 (0x0155f333) x6  0x00000000
core   0: 0x80007306 (0x84fb8c23) sb      a5, -1960(s7)
core   0: 0 0x80007306 (0x84fb8c23) mem 0x80038900 0x74
core   0: 0x8000730a (0x858ba283) lw      t0, -1960(s7)
core   0: 0 0x8000730a (0x858ba283) x5  0xffffff74 mem 0x80038900
core   0: 0x8000730e (0x858bca83) lbu     s5, -1960(s7)
core   0: 0 0x8000730e (0x858bca83) x21 0x00000074 mem 0x80038900
core   0: 0x80007312 (0x858b9083) lh      ra, -1960(s7)
core   0: 0 0x80007312 (0x858b9083) x1  0xffffff74 mem 0x80038900
core   0: 0x80007316 (0x0002d097) auipc   ra, 0x2d
core   0: 0 0x80007316 (0x0002d097) x1  0x80034316
core   0: 0x8000731a (0xd3208093) addi    ra, ra, -718
core   0: 0 0x8000731a (0xd3208093) x1  0x80034048
core   0: 0x8000731e (0x58c2a9b7) lui     s3, 0x58c2a
core   0: 0 0x8000731e (0x58c2a9b7) x19 0x58c2a000
core   0: 0x80007322 (0x000090ce) c.add   ra, s3
core   0: 0 0x80007322 (0x90ce) x1  0xd8c5e048
core   0: 0x80007324 (0x36008023) sb      zero, 864(ra)
core   0: 0 0x80007324 (0x36008023) mem 0xd8c5e3a8 0x0
core   0: 0x80007328 (0x2a1087a3) sb      ra, 687(ra)
core   0: 0 0x80007328 (0x2a1087a3) mem 0xd8c5e2f7 0x48
core   0: 0x8000732c (0x3620ae23) sw      sp, 892(ra)
core   0: 0 0x8000732c (0x3620ae23) mem 0xd8c5e3c4 0xf5e39895
core   0: 0x80007330 (0x3e308223) sb      gp, 996(ra)
core   0: 0 0x80007330 (0x3e308223) mem 0xd8c5e42c 0x0
core   0: 0x80007334 (0xb85088a3) sb      t0, -1135(ra)
core   0: 0 0x80007334 (0xb85088a3) mem 0xd8c5dbd9 0x74
core   0: 0x80007338 (0x033e28b3) mulhsu  a7, t3, s3
core   0: 0 0x80007338 (0x033e28b3) x17 0x00000000
core   0: 0x8000733c (0x00008dc6) c.mv    s11, a7
core   0: 0 0x8000733c (0x8dc6) x27 0x00000000
core   0: 0x8000733e (0x3600cb83) lbu     s7, 864(ra)
core   0: 0 0x8000733e (0x3600cb83) x23 0x00000000 mem 0xd8c5e3a8
core   0: 0x80007342 (0x2af0cd83) lbu     s11, 687(ra)
core   0: 0 0x80007342 (0x2af0cd83) x27 0x00000048 mem 0xd8c5e2f7
core   0: 0x80007346 (0x00000001) c.nop
core   0: 0 0x80007346 (0x0001)
core   0: 0x80007348 (0x03f2f7b3) remu    a5, t0, t6
core   0: 0 0x80007348 (0x03f2f7b3) x15 0xffffff74
core   0: 0x8000734c (0x37c0af83) lw      t6, 892(ra)
core   0: 0 0x8000734c (0x37c0af83) x31 0xf5e39895 mem 0xd8c5e3c4
core   0: 0x80007350 (0x3e408303) lb      t1, 996(ra)
core   0: 0 0x80007350 (0x3e408303) x6  0x00000000 mem 0xd8c5e42c
core   0: 0x80007354 (0xd71b4e93) xori    t4, s6, -655
core   0: 0 0x80007354 (0xd71b4e93) x29 0x4530dd39
core   0: 0x80007358 (0x70108ca3) sb      ra, 1817(ra)
core   0: 0 0x80007358 (0x70108ca3) mem 0xd8c5e761 0x48
core   0: 0x8000735c (0x0000100f) fence.i
core   0: 0 0x8000735c (0x0000100f)
core   0: 0x80007360 (0x00000001) c.nop
core   0: 0 0x80007360 (0x0001)
core   0: 0x80007362 (0x00008d71) c.and   a0, a2
core   0: 0 0x80007362 (0x8d71) x10 0x00000428
core   0: 0x80007364 (0xb910c483) lbu     s1, -1135(ra)
core   0: 0 0x80007364 (0xb910c483) x9  0x00000074 mem 0xd8c5dbd9
core   0: 0x80007368 (0x00c8b333) sltu    t1, a7, a2
core   0: 0 0x80007368 (0x00c8b333) x6  0x00000001
core   0: 0x8000736c (0x01ffaf33) slt     t5, t6, t6
core   0: 0 0x8000736c (0x01ffaf33) x30 0x00000000
core   0: 0x80007370 (0xc7808723) sb      s8, -914(ra)
core   0: 0 0x80007370 (0xc7808723) mem 0xd8c5dcb6 0xff
core   0: 0x80007374 (0x0002c497) auipc   s1, 0x2c
core   0: 0 0x80007374 (0x0002c497) x9  0x80033374
core   0: 0x80007378 (0xdf748493) addi    s1, s1, -521
core   0: 0 0x80007378 (0xdf748493) x9  0x8003316b
core   0: 0x8000737c (0xfec4c803) lbu     a6, -20(s1)
core   0: 0 0x8000737c (0xfec4c803) x16 0x0000000c mem 0x80033157
core   0: 0x80007380 (0xfcd48c23) sb      a3, -40(s1)
core   0: 0 0x80007380 (0xfcd48c23) mem 0x80033143 0xf
core   0: 0x80007384 (0xfd848003) lb      zero, -40(s1)
core   0: 0 0x80007384 (0xfd848003) mem 0x80033143
core   0: 0x80007388 (0xfd848d03) lb      s10, -40(s1)
core   0: 0 0x80007388 (0xfd848d03) x26 0x0000000f mem 0x80033143
core   0: 0x8000738c (0x01648783) lb      a5, 22(s1)
core   0: 0 0x8000738c (0x01648783) x15 0x0000003a mem 0x80033181
core   0: 0x80007390 (0x01648083) lb      ra, 22(s1)
core   0: 0 0x80007390 (0x01648083) x1  0x0000003a mem 0x80033181
core   0: 0x80007394 (0x0164c983) lbu     s3, 22(s1)
core   0: 0 0x80007394 (0x0164c983) x19 0x0000003a mem 0x80033181
core   0: 0x80007398 (0xfd24c383) lbu     t2, -46(s1)
core   0: 0 0x80007398 (0xfd24c383) x7  0x000000f6 mem 0x8003313d
core   0: 0x8000739c (0x0214cc83) lbu     s9, 33(s1)
core   0: 0 0x8000739c (0x0214cc83) x25 0x00000047 mem 0x8003318c
core   0: 0x800073a0 (0xfcd489a3) sb      a3, -45(s1)
core   0: 0 0x800073a0 (0xfcd489a3) mem 0x8003313e 0xf
core   0: 0x800073a4 (0xfc548623) sb      t0, -52(s1)
core   0: 0 0x800073a4 (0xfc548623) mem 0x80033137 0x74
core   0: 0x800073a8 (0xfcc48203) lb      tp, -52(s1)
core   0: 0 0x800073a8 (0xfcc48203) x4  0x00000074 mem 0x80033137
core   0: 0x800073ac (0x00f4a6a3) sw      a5, 13(s1)
core   0: 0 0x800073ac (0x00f4a6a3) mem 0x80033178 0x0000003a
core   0: 0x800073b0 (0x00d4db83) lhu     s7, 13(s1)
core   0: 0 0x800073b0 (0x00d4db83) x23 0x0000003a mem 0x80033178
core   0: 0x800073b4 (0x00a496a3) sh      a0, 13(s1)
core   0: 0 0x800073b4 (0x00a496a3) mem 0x80033178 0x0428
core   0: 0x800073b8 (0x01349983) lh      s3, 19(s1)
core   0: 0 0x800073b8 (0x01349983) x19 0x00003435 mem 0x8003317e
core   0: 0x800073bc (0x01348203) lb      tp, 19(s1)
core   0: 0 0x800073bc (0x01348203) x4  0x00000035 mem 0x8003317e
core   0: 0x800073c0 (0x017489a3) sb      s7, 19(s1)
core   0: 0 0x800073c0 (0x017489a3) mem 0x8003317e 0x3a
core   0: 0x800073c4 (0xffa4cc83) lbu     s9, -6(s1)
core   0: 0 0x800073c4 (0xffa4cc83) x25 0x00000000 mem 0x80033165
core   0: 0x800073c8 (0x029046b3) div     a3, zero, s1
core   0: 0 0x800073c8 (0x029046b3) x13 0x00000000
core   0: 0x800073cc (0xffa48d03) lb      s10, -6(s1)
core   0: 0 0x800073cc (0xffa48d03) x26 0x00000000 mem 0x80033165
core   0: 0x800073d0 (0x0002d217) auipc   tp, 0x2d
core   0: 0 0x800073d0 (0x0002d217) x4  0x800343d0
core   0: 0x800073d4 (0x8e520213) addi    tp, tp, -1819
core   0: 0 0x800073d4 (0x8e520213) x4  0x80033cb5
core   0: 0x800073d8 (0x00d21903) lh      s2, 13(tp)
core   0: 0 0x800073d8 (0x00d21903) x18 0x00007879 mem 0x80033cc2
core   0: 0x800073dc (0x00b90333) add     t1, s2, a1
core   0: 0 0x800073dc (0x00b90333) x6  0x00007879
core   0: 0x800073e0 (0x000080f9) c.srli  s1, 30
core   0: 0 0x800073e0 (0x80f9) x9  0x00000002
core   0: 0x800073e2 (0x00322b03) lw      s6, 3(tp)
core   0: 0 0x800073e2 (0x00322b03) x22 0x70710000 mem 0x80033cb8
core   0: 0x800073e6 (0x0000100f) fence.i
core   0: 0 0x800073e6 (0x0000100f)
core   0: 0x800073ea (0x00009ca2) c.add   s9, s0
core   0: 0 0x800073ea (0x9ca2) x25 0x00000000
core   0: 0x800073ec (0x035b3333) mulhu   t1, s6, s5
core   0: 0 0x800073ec (0x035b3333) x6  0x00000032
core   0: 0x800073f0 (0x000092aa) c.add   t0, a0
core   0: 0 0x800073f0 (0x92aa) x5  0x0000039c
core   0: 0x800073f2 (0x00420c83) lb      s9, 4(tp)
core   0: 0 0x800073f2 (0x00420c83) x25 0x00000000 mem 0x80033cb9
core   0: 0x800073f6 (0xff120da3) sb      a7, -5(tp)
core   0: 0 0x800073f6 (0xff120da3) mem 0x80033cb0 0x0
core   0: 0x800073fa (0x021a7bb3) remu    s7, s4, ra
core   0: 0 0x800073fa (0x021a7bb3) x23 0x00000037
core   0: 0x800073fe (0x00009bee) c.add   s7, s11
core   0: 0 0x800073fe (0x9bee) x23 0x0000007f
core   0: 0x80007400 (0xff024283) lbu     t0, -16(tp)
core   0: 0 0x80007400 (0xff024283) x5  0x0000005e mem 0x80033ca5
core   0: 0x80007404 (0x03c28a33) mul     s4, t0, t3
core   0: 0 0x80007404 (0x03c28a33) x20 0x00000000
core   0: 0x80007408 (0x00920503) lb      a0, 9(tp)
core   0: 0 0x80007408 (0x00920503) x10 0x00000000 mem 0x80033cbe
core   0: 0x8000740c (0x00820223) sb      s0, 4(tp)
core   0: 0 0x8000740c (0x00820223) mem 0x80033cb9 0x0
core   0: 0x80007410 (0x03eccdb3) div     s11, s9, t5
core   0: 0 0x80007410 (0x03eccdb3) x27 0xffffffff
core   0: 0x80007414 (0x41438fb3) sub     t6, t2, s4
core   0: 0 0x80007414 (0x41438fb3) x31 0x000000f6
core   0: 0x80007418 (0xff020e03) lb      t3, -16(tp)
core   0: 0 0x80007418 (0xff020e03) x28 0x0000005e mem 0x80033ca5
core   0: 0x8000741c (0x4025d093) srai    ra, a1, 2
core   0: 0 0x8000741c (0x4025d093) x1  0x00000000
core   0: 0x80007420 (0x41c057b3) sra     a5, zero, t3
core   0: 0 0x80007420 (0x41c057b3) x15 0x00000000
core   0: 0x80007424 (0x00001d7d) c.addi  s10, -1
core   0: 0 0x80007424 (0x1d7d) x26 0xffffffff
core   0: 0x80007426 (0x00020d83) lb      s11, 0(tp)
core   0: 0 0x80007426 (0x00020d83) x27 0x0000006e mem 0x80033cb5
core   0: 0x8000742a (0x5519fb13) andi    s6, s3, 1361
core   0: 0 0x8000742a (0x5519fb13) x22 0x00000411
core   0: 0x8000742e (0x001b20b3) slt     ra, s6, ra
core   0: 0 0x8000742e (0x001b20b3) x1  0x00000000
core   0: 0x80007432 (0x75094793) xori    a5, s2, 1872
core   0: 0 0x80007432 (0x75094793) x15 0x00007f29
core   0: 0x80007436 (0x3a253f93) sltiu   t6, a0, 930
core   0: 0 0x80007436 (0x3a253f93) x31 0x00000001
core   0: 0x8000743a (0x0000137d) c.addi  t1, -1
core   0: 0 0x8000743a (0x137d) x6  0x00000031
core   0: 0x8000743c (0x00ebef33) or      t5, s7, a4
core   0: 0 0x8000743c (0x00ebef33) x30 0x8004ccff
core   0: 0x80007440 (0x00008d85) c.sub   a1, s1
core   0: 0 0x80007440 (0x8d85) x11 0xfffffffe
core   0: 0x80007442 (0x00008ddd) c.or    a1, a5
core   0: 0 0x80007442 (0x8ddd) x11 0xffffffff
core   0: 0x80007444 (0x02804f33) div     t5, zero, s0
core   0: 0 0x80007444 (0x02804f33) x30 0xffffffff
core   0: 0x80007448 (0x01024783) lbu     a5, 16(tp)
core   0: 0 0x80007448 (0x01024783) x15 0x0000007e mem 0x80033cc5
core   0: 0x8000744c (0x01a8b0b3) sltu    ra, a7, s10
core   0: 0 0x8000744c (0x01a8b0b3) x1  0x00000001
core   0: 0x80007450 (0x00008ffd) c.and   a5, a5
core   0: 0 0x80007450 (0x8ffd) x15 0x0000007e
core   0: 0x80007452 (0x0112c0b3) xor     ra, t0, a7
core   0: 0 0x80007452 (0x0112c0b3) x1  0x0000005e
core   0: 0x80007456 (0x00008ff9) c.and   a5, a4
core   0: 0 0x80007456 (0x8ff9) x15 0x00000064
core   0: 0x80007458 (0x0ff0000f) fence   iorw,iorw
core   0: 0 0x80007458 (0x0ff0000f)
core   0: 0x8000745c (0xfff20d23) sb      t6, -6(tp)
core   0: 0 0x8000745c (0xfff20d23) mem 0x80033caf 0x1
core   0: 0x80007460 (0x0003dd17) auipc   s10, 0x3d
core   0: 0 0x80007460 (0x0003dd17) x26 0x80044460
core   0: 0x80007464 (0xaf4d0d13) addi    s10, s10, -1292
core   0: 0 0x80007464 (0xaf4d0d13) x26 0x80043f54
core   0: 0x80007468 (0x07ed1383) lh      t2, 126(s10)
core   0: 0 0x80007468 (0x07ed1383) x7  0xffff8889 mem 0x80043fd2
core   0: 0x8000746c (0x07dd4e03) lbu     t3, 125(s10)
core   0: 0 0x8000746c (0x07dd4e03) x28 0x0000009f mem 0x80043fd1
core   0: 0x80007470 (0xff8d5003) lhu     zero, -8(s10)
core   0: 0 0x80007470 (0xff8d5003) mem 0x80043f4c
core   0: 0x80007474 (0x0223ccb3) div     s9, t2, sp
core   0: 0 0x80007474 (0x0223ccb3) x25 0x00000000
core   0: 0x80007478 (0x009df933) and     s2, s11, s1
core   0: 0 0x80007478 (0x009df933) x18 0x00000002
core   0: 0x8000747c (0x043d4583) lbu     a1, 67(s10)
core   0: 0 0x8000747c (0x043d4583) x11 0x0000004c mem 0x80043f97
core   0: 0x80007480 (0x00008ff1) c.and   a5, a2
core   0: 0 0x80007480 (0x8ff1) x15 0x00000020
core   0: 0x80007482 (0x043d0283) lb      t0, 67(s10)
core   0: 0 0x80007482 (0x043d0283) x5  0x0000004c mem 0x80043f97
core   0: 0x80007486 (0x04dd01a3) sb      a3, 67(s10)
core   0: 0 0x80007486 (0x04dd01a3) mem 0x80043f97 0x0
core   0: 0x8000748a (0xfe5d4a03) lbu     s4, -27(s10)
core   0: 0 0x8000748a (0xfe5d4a03) x20 0x000000f2 mem 0x80043f39
core   0: 0x8000748e (0xfe5d0983) lb      s3, -27(s10)
core   0: 0 0x8000748e (0xfe5d0983) x19 0xfffffff2 mem 0x80043f39
core   0: 0x80007492 (0xfffd02a3) sb      t6, -27(s10)
core   0: 0 0x80007492 (0xfffd02a3) mem 0x80043f39 0x1
core   0: 0x80007496 (0x716d9597) auipc   a1, 0x716d9
core   0: 0 0x80007496 (0x716d9597) x11 0xf16e0496
core   0: 0x8000749a (0x72553e93) sltiu   t4, a0, 1829
core   0: 0 0x8000749a (0x72553e93) x29 0x00000001
core   0: 0x8000749e (0xfe5d0203) lb      tp, -27(s10)
core   0: 0 0x8000749e (0xfe5d0203) x4  0x00000001 mem 0x80043f39
core   0: 0x800074a2 (0xfe4d0b23) sb      tp, -10(s10)
core   0: 0 0x800074a2 (0xfe4d0b23) mem 0x80043f4a 0x1
core   0: 0x800074a6 (0xf07d0883) lb      a7, -249(s10)
core   0: 0 0x800074a6 (0xf07d0883) x17 0x00000010 mem 0x80043e5b
core   0: 0x800074aa (0xf68d5903) lhu     s2, -152(s10)
core   0: 0 0x800074aa (0xf68d5903) x18 0x00007677 mem 0x80043ebc
core   0: 0x800074ae (0x000086ad) c.srai  a3, 11
core   0: 0 0x800074ae (0x86ad) x13 0x00000000
core   0: 0x800074b0 (0xf62d1423) sh      sp, -152(s10)
core   0: 0 0x800074b0 (0xf62d1423) mem 0x80043ebc 0x9895
core   0: 0x800074b4 (0xfcbd06a3) sb      a1, -51(s10)
core   0: 0 0x800074b4 (0xfcbd06a3) mem 0x80043f21 0x96
core   0: 0x800074b8 (0xf48d0da3) sb      s0, -165(s10)
core   0: 0 0x800074b8 (0xf48d0da3) mem 0x80043eaf 0x0
core   0: 0x800074bc (0xfb4d2223) sw      s4, -92(s10)
core   0: 0 0x800074bc (0xfb4d2223) mem 0x80043ef8 0x000000f2
core   0: 0x800074c0 (0x00031e17) auipc   t3, 0x31
core   0: 0 0x800074c0 (0x00031e17) x28 0x800384c0
core   0: 0x800074c4 (0xc75e0e13) addi    t3, t3, -907
core   0: 0 0x800074c4 (0xc75e0e13) x28 0x80038135
core   0: 0x800074c8 (0xfc5e4183) lbu     gp, -59(t3)
core   0: 0 0x800074c8 (0xfc5e4183) x3  0x000000b1 mem 0x800380fa
core   0: 0x800074cc (0x00005d7d) c.li    s10, -1
core   0: 0 0x800074cc (0x5d7d) x26 0xffffffff
core   0: 0x800074ce (0xfdee12a3) sh      t5, -59(t3)
core   0: 0 0x800074ce (0xfdee12a3) mem 0x800380fa 0xffff
core   0: 0x800074d2 (0x41b10eb3) sub     t4, sp, s11
core   0: 0 0x800074d2 (0x41b10eb3) x29 0xf5e39827
core   0: 0x800074d6 (0xfc5e4583) lbu     a1, -59(t3)
core   0: 0 0x800074d6 (0xfc5e4583) x11 0x000000ff mem 0x800380fa
core   0: 0x800074da (0x00ee0ea3) sb      a4, 29(t3)
core   0: 0 0x800074da (0x00ee0ea3) mem 0x80038152 0xe4
core   0: 0x800074de (0xfd9e1403) lh      s0, -39(t3)
core   0: 0 0x800074de (0xfd9e1403) x8  0xffffc4c5 mem 0x8003810e
core   0: 0x800074e2 (0xfd4e1ca3) sh      s4, -39(t3)
core   0: 0 0x800074e2 (0xfd4e1ca3) mem 0x8003810e 0x00f2
core   0: 0x800074e6 (0xfd9e4b83) lbu     s7, -39(t3)
core   0: 0 0x800074e6 (0xfd9e4b83) x23 0x000000f2 mem 0x8003810e
core   0: 0x800074ea (0x016d9793) slli    a5, s11, 22
core   0: 0 0x800074ea (0x016d9793) x15 0x1b800000
core   0: 0x800074ee (0x00fe2ba3) sw      a5, 23(t3)
core   0: 0 0x800074ee (0x00fe2ba3) mem 0x8003814c 0x1b800000
core   0: 0x800074f2 (0xffbe0aa3) sb      s11, -11(t3)
core   0: 0 0x800074f2 (0xffbe0aa3) mem 0x8003812a 0x6e
core   0: 0x800074f6 (0xff2e0d83) lb      s11, -14(t3)
core   0: 0 0x800074f6 (0xff2e0d83) x27 0xffffffdc mem 0x80038127
core   0: 0x800074fa (0xff7e0923) sb      s7, -14(t3)
core   0: 0 0x800074fa (0xff7e0923) mem 0x80038127 0xf2
core   0: 0x800074fe (0xff2e0923) sb      s2, -14(t3)
core   0: 0 0x800074fe (0xff2e0923) mem 0x80038127 0x77
core   0: 0x80007502 (0xff0e0723) sb      a6, -18(t3)
core   0: 0 0x80007502 (0xff0e0723) mem 0x80038123 0xc
core   0: 0x80007506 (0x021e5c83) lhu     s9, 33(t3)
core   0: 0 0x80007506 (0x021e5c83) x25 0x00000c0d mem 0x80038156
core   0: 0x8000750a (0x021e1f83) lh      t6, 33(t3)
core   0: 0 0x8000750a (0x021e1f83) x31 0x00000c0d mem 0x80038156
core   0: 0x8000750e (0x00035f97) auipc   t6, 0x35
core   0: 0 0x8000750e (0x00035f97) x31 0x8003c50e
core   0: 0x80007512 (0xa69f8f93) addi    t6, t6, -1431
core   0: 0 0x80007512 (0xa69f8f93) x31 0x8003bf77
core   0: 0x80007516 (0x40f5d433) sra     s0, a1, a5
core   0: 0 0x80007516 (0x40f5d433) x8  0x000000ff
core   0: 0x8000751a (0x00ed5213) srli    tp, s10, 14
core   0: 0 0x8000751a (0x00ed5213) x4  0x0003ffff
core   0: 0x8000751e (0x018781b3) add     gp, a5, s8
core   0: 0 0x8000751e (0x018781b3) x3  0x1b7fffff
core   0: 0x80007522 (0x05cf8483) lb      s1, 92(t6)
core   0: 0 0x80007522 (0x05cf8483) x9  0xffffff88 mem 0x8003bfd3
core   0: 0x80007526 (0xddaf8223) sb      s10, -572(t6)
core   0: 0 0x80007526 (0xddaf8223) mem 0x8003bd3b 0xff
core   0: 0x8000752a (0x413955b3) sra     a1, s2, s3
core   0: 0 0x8000752a (0x413955b3) x11 0x00000000
core   0: 0x8000752e (0x018e4c33) xor     s8, t3, s8
core   0: 0 0x8000752e (0x018e4c33) x24 0x7ffc7eca
core   0: 0x80007532 (0xf90f8123) sb      a6, -126(t6)
core   0: 0 0x80007532 (0xf90f8123) mem 0x8003bef9 0xc
core   0: 0x80007536 (0xcf3f82a3) sb      s3, -795(t6)
core   0: 0 0x80007536 (0xcf3f82a3) mem 0x8003bc5c 0xf2
core   0: 0x8000753a (0x8c9f8783) lb      a5, -1847(t6)
core   0: 0 0x8000753a (0x8c9f8783) x15 0xfffffffb mem 0x8003b840
core   0: 0x8000753e (0xaf6f8983) lb      s3, -1290(t6)
core   0: 0 0x8000753e (0xaf6f8983) x19 0x00000026 mem 0x8003ba6d
core   0: 0x80007542 (0x03ffbdb3) mulhu   s11, t6, t6
core   0: 0 0x80007542 (0x03ffbdb3) x27 0x4003bf85
core   0: 0x80007546 (0x0000137d) c.addi  t1, -1
core   0: 0 0x80007546 (0x137d) x6  0x00000030
core   0: 0x80007548 (0x00008291) c.srli  a3, 4
core   0: 0 0x80007548 (0x8291) x13 0x00000000
core   0: 0x8000754a (0x01799793) slli    a5, s3, 23
core   0: 0 0x8000754a (0x01799793) x15 0x13000000
core   0: 0x8000754e (0x5aef8483) lb      s1, 1454(t6)
core   0: 0 0x8000754e (0x5aef8483) x9  0xffffffde mem 0x8003c525
core   0: 0x80007552 (0x9fcfcf03) lbu     t5, -1540(t6)
core   0: 0 0x80007552 (0x9fcfcf03) x30 0x00000028 mem 0x8003b973
core   0: 0x80007556 (0xe3ff8e83) lb      t4, -449(t6)
core   0: 0 0x80007556 (0xe3ff8e83) x29 0x0000006d mem 0x8003bdb6
core   0: 0x8000755a (0x000067a9) c.lui   a5, 0xa
core   0: 0 0x8000755a (0x67a9) x15 0x0000a000
core   0: 0x8000755c (0x00000a65) c.addi  s4, 25
core   0: 0 0x8000755c (0x0a65) x20 0x0000010b
core   0: 0x8000755e (0xb23f9783) lh      a5, -1245(t6)
core   0: 0 0x8000755e (0xb23f9783) x15 0x00005051 mem 0x8003ba9a
core   0: 0x80007562 (0x153fd483) lhu     s1, 339(t6)
core   0: 0 0x80007562 (0x153fd483) x9  0x00008081 mem 0x8003c0ca
core   0: 0x80007566 (0xe7ffc413) xori    s0, t6, -385
core   0: 0 0x80007566 (0xe7ffc413) x8  0x7ffc4108
core   0: 0x8000756a (0x0ff0000f) fence   iorw,iorw
core   0: 0 0x8000756a (0x0ff0000f)
core   0: 0x8000756e (0x002025b3) slt     a1, zero, sp
core   0: 0 0x8000756e (0x002025b3) x11 0x00000000
core   0: 0x80007572 (0x8fabc793) xori    a5, s7, -1798
core   0: 0 0x80007572 (0x8fabc793) x15 0xfffff808
core   0: 0x80007576 (0x0328d4b3) divu    s1, a7, s2
core   0: 0 0x80007576 (0x0328d4b3) x9  0x00000000
core   0: 0x8000757a (0x98af8803) lb      a6, -1654(t6)
core   0: 0 0x8000757a (0x98af8803) x16 0xffffffba mem 0x8003b901
core   0: 0x8000757e (0x6662f4b7) lui     s1, 0x6662f
core   0: 0 0x8000757e (0x6662f4b7) x9  0x6662f000
core   0: 0x80007582 (0x9ecfcd03) lbu     s10, -1556(t6)
core   0: 0 0x80007582 (0x9ecfcd03) x26 0x00000018 mem 0x8003b963
core   0: 0x80007586 (0x00001cfd) c.addi  s9, -1
core   0: 0 0x80007586 (0x1cfd) x25 0x00000c0c
core   0: 0x80007588 (0x8806a7b7) lui     a5, 0x8806a
core   0: 0 0x80007588 (0x8806a7b7) x15 0x8806a000
core   0: 0x8000758c (0x00f474b3) and     s1, s0, a5
core   0: 0 0x8000758c (0x00f474b3) x9  0x08040000
core   0: 0x80007590 (0x302f8503) lb      a0, 770(t6)
core   0: 0 0x80007590 (0x302f8503) x10 0x00000032 mem 0x8003c279
core   0: 0x80007594 (0x00000001) c.nop
core   0: 0 0x80007594 (0x0001)
core   0: 0x80007596 (0x00c08f33) add     t5, ra, a2
core   0: 0 0x80007596 (0x00c08f33) x30 0x80048e96
core   0: 0x8000759a (0xdcef8e83) lb      t4, -562(t6)
core   0: 0 0x8000759a (0xdcef8e83) x29 0xfffffffe mem 0x8003bd45
core   0: 0x8000759e (0x00008795) c.srai  a5, 5
core   0: 0 0x8000759e (0x8795) x15 0xfc403500
core   0: 0x800075a0 (0x42efcc03) lbu     s8, 1070(t6)
core   0: 0 0x800075a0 (0x42efcc03) x24 0x0000005e mem 0x8003c3a5
core   0: 0x800075a4 (0x0ff0000f) fence   iorw,iorw
core   0: 0 0x800075a4 (0x0ff0000f)
core   0: 0x800075a8 (0x000081dd) c.srli  a1, 23
core   0: 0 0x800075a8 (0x81dd) x11 0x00000000
core   0: 0x800075aa (0xde8fc003) lbu     zero, -536(t6)
core   0: 0 0x800075aa (0xde8fc003) mem 0x8003bd5f
core   0: 0x800075ae (0xefcfc503) lbu     a0, -260(t6)
core   0: 0 0x800075ae (0xefcfc503) x10 0x00000028 mem 0x8003be73
core   0: 0x800075b2 (0x000089ca) c.mv    s3, s2
core   0: 0 0x800075b2 (0x89ca) x19 0x00007677
core   0: 0x800075b4 (0x0f7fc883) lbu     a7, 247(t6)
core   0: 0 0x800075b4 (0x0f7fc883) x17 0x00000025 mem 0x8003c06e
core   0: 0x800075b8 (0x4f9fa503) lw      a0, 1273(t6)
core   0: 0 0x800075b8 (0x4f9fa503) x10 0x28292a2b mem 0x8003c470
core   0: 0x800075bc (0x00008412) c.mv    s0, tp
core   0: 0 0x800075bc (0x8412) x8  0x0003ffff
core   0: 0x800075be (0x294f8d83) lb      s11, 660(t6)
core   0: 0 0x800075be (0x294f8d83) x27 0xffffffc0 mem 0x8003c20b
core   0: 0x800075c2 (0x0002cc97) auipc   s9, 0x2c
core   0: 0 0x800075c2 (0x0002cc97) x25 0x800335c2
core   0: 0x800075c6 (0xa86c8c93) addi    s9, s9, -1402
core   0: 0 0x800075c6 (0xa86c8c93) x25 0x80033048
core   0: 0x800075ca (0x69cb29b7) lui     s3, 0x69cb2
core   0: 0 0x800075ca (0x69cb29b7) x19 0x69cb2000
core   0: 0x800075ce (0x00009cce) c.add   s9, s3
core   0: 0 0x800075ce (0x9cce) x25 0xe9ce5048
core   0: 0x800075d0 (0x341c80a3) sb      ra, 833(s9)
core   0: 0 0x800075d0 (0x341c80a3) mem 0xe9ce5389 0x5e
core   0: 0x800075d4 (0x482c9523) sh      sp, 1162(s9)
core   0: 0 0x800075d4 (0x482c9523) mem 0xe9ce54d2 0x9895
core   0: 0x800075d8 (0x7c3c8723) sb      gp, 1998(s9)
core   0: 0 0x800075d8 (0x7c3c8723) mem 0xe9ce5816 0xff
core   0: 0x800075dc (0x844c83a3) sb      tp, -1977(s9)
core   0: 0 0x800075dc (0x844c83a3) mem 0xe9ce488f 0xff
core   0: 0x800075e0 (0x5a7c8ea3) sb      t2, 1469(s9)
core   0: 0 0x800075e0 (0x5a7c8ea3) mem 0xe9ce5605 0x89
core   0: 0x800075e4 (0x619c9023) sh      s9, 1536(s9)
core   0: 0 0x800075e4 (0x619c9023) mem 0xe9ce5648 0x5048
core   0: 0x800075e8 (0xf7446e13) ori     t3, s0, -140
core   0: 0 0x800075e8 (0xf7446e13) x28 0xffffffff
core   0: 0x800075ec (0x341c8b83) lb      s7, 833(s9)
core   0: 0 0x800075ec (0x341c8b83) x23 0x0000005e mem 0xe9ce5389
core   0: 0x800075f0 (0x48ac9b83) lh      s7, 1162(s9)
core   0: 0 0x800075f0 (0x48ac9b83) x23 0xffff9895 mem 0xe9ce54d2
core   0: 0x800075f4 (0x00008dd9) c.or    a1, a4
core   0: 0 0x800075f4 (0x8dd9) x11 0x8004cce4
core   0: 0x800075f6 (0x7cec8883) lb      a7, 1998(s9)
core   0: 0 0x800075f6 (0x7cec8883) x17 0xffffffff mem 0xe9ce5816
core   0: 0x800075fa (0x41805793) srai    a5, zero, 24
core   0: 0 0x800075fa (0x41805793) x15 0x00000000
core   0: 0x800075fe (0x000014fd) c.addi  s1, -1
core   0: 0 0x800075fe (0x14fd) x9  0x0803ffff
core   0: 0x80007600 (0x00009bfd) c.andi  a5, -1
core   0: 0 0x80007600 (0x9bfd) x15 0x00000000
core   0: 0x80007602 (0x000085dd) c.srai  a1, 23
core   0: 0 0x80007602 (0x85dd) x11 0xffffff00
core   0: 0x80007604 (0x847cc283) lbu     t0, -1977(s9)
core   0: 0 0x80007604 (0x847cc283) x5  0x000000ff mem 0xe9ce488f
core   0: 0x80007608 (0x9b1c9b23) sh      a7, -1610(s9)
core   0: 0 0x80007608 (0x9b1c9b23) mem 0xe9ce49fe 0xffff
core   0: 0x8000760c (0x023212b3) mulh    t0, tp, gp
core   0: 0 0x8000760c (0x023212b3) x5  0x00006dff
core   0: 0x80007610 (0xbcac8423) sb      a0, -1080(s9)
core   0: 0 0x80007610 (0xbcac8423) mem 0xe9ce4c10 0x2b
core   0: 0x80007614 (0x5bdccf03) lbu     t5, 1469(s9)
core   0: 0 0x80007614 (0x5bdccf03) x30 0x00000089 mem 0xe9ce5605
core   0: 0x80007618 (0xe2ec9123) sh      a4, -478(s9)
core   0: 0 0x80007618 (0xe2ec9123) mem 0xe9ce4e6a 0xcce4
core   0: 0x8000761c (0xc5cc80a3) sb      t3, -959(s9)
core   0: 0 0x8000761c (0xc5cc80a3) mem 0xe9ce4c89 0xff
core   0: 0x80007620 (0x0002e897) auipc   a7, 0x2e
core   0: 0 0x80007620 (0x0002e897) x17 0x80035620
core   0: 0x80007624 (0x4f088893) addi    a7, a7, 1264
core   0: 0 0x80007624 (0x4f088893) x17 0x80035b10
core   0: 0x80007628 (0x0002cb97) auipc   s7, 0x2c
core   0: 0 0x80007628 (0x0002cb97) x23 0x80033628
core   0: 0x8000762c (0x267b8b93) addi    s7, s7, 615
core   0: 0 0x8000762c (0x267b8b93) x23 0x8003388f
core   0: 0x80007630 (0xfd589b23) sh      s5, -42(a7)
core   0: 0 0x80007630 (0xfd589b23) mem 0x80035ae6 0x0074
core   0: 0x80007634 (0x02d88483) lb      s1, 45(a7)
core   0: 0 0x80007634 (0x02d88483) x9  0xfffffff6 mem 0x80035b3d
core   0: 0x80007638 (0x02188903) lb      s2, 33(a7)
core   0: 0 0x80007638 (0x02188903) x18 0xffffffea mem 0x80035b31
core   0: 0x8000763c (0x03f8cb03) lbu     s6, 63(a7)
core   0: 0 0x8000763c (0x03f8cb03) x22 0x00000004 mem 0x80035b4f
core   0: 0x80007640 (0x0e9bcf83) lbu     t6, 233(s7)
core   0: 0 0x80007640 (0x0e9bcf83) x31 0x00000033 mem 0x80033978
core   0: 0x80007644 (0x948bc683) lbu     a3, -1720(s7)
core   0: 0 0x80007644 (0x948bc683) x13 0x00000098 mem 0x800331d7
core   0: 0x80007648 (0x766b8783) lb      a5, 1894(s7)
core   0: 0 0x80007648 (0x766b8783) x15 0xffffffae mem 0x80033ff5
core   0: 0x8000764c (0xfe588fa3) sb      t0, -1(a7)
core   0: 0 0x8000764c (0xfe588fa3) mem 0x80035b0f 0xff
core   0: 0x80007650 (0xfd08ae23) sw      a6, -36(a7)
core   0: 0 0x80007650 (0xfd08ae23) mem 0x80035aec 0xffffffba
core   0: 0x80007654 (0x64bbcb03) lbu     s6, 1611(s7)
core   0: 0 0x80007654 (0x64bbcb03) x22 0x00000091 mem 0x80033eda
core   0: 0x80007658 (0xfca885a3) sb      a0, -53(a7)
core   0: 0 0x80007658 (0xfca885a3) mem 0x80035adb 0x2b
core   0: 0x8000765c (0xffe88ba3) sb      t5, -9(a7)
core   0: 0 0x8000765c (0xffe88ba3) mem 0x80035b07 0x89
core   0: 0x80007660 (0xfd68d183) lhu     gp, -42(a7)
core   0: 0 0x80007660 (0xfd68d183) x3  0x00000074 mem 0x80035ae6
core   0: 0x80007664 (0xc49bdc03) lhu     s8, -951(s7)
core   0: 0 0x80007664 (0xc49bdc03) x24 0x00009293 mem 0x800334d8
core   0: 0x80007668 (0xfda88303) lb      t1, -38(a7)
core   0: 0 0x80007668 (0xfda88303) x6  0xffffffa1 mem 0x80035aea
core   0: 0x8000766c (0x0002e497) auipc   s1, 0x2e
core   0: 0 0x8000766c (0x0002e497) x9  0x8003566c
core   0: 0x80007670 (0x3a548493) addi    s1, s1, 933
core   0: 0 0x80007670 (0x3a548493) x9  0x80035a11
core   0: 0x80007674 (0x00848d03) lb      s10, 8(s1)
core   0: 0 0x80007674 (0x00848d03) x26 0xffffffd2 mem 0x80035a19
core   0: 0x80007678 (0x7a66c313) xori    t1, a3, 1958
core   0: 0 0x80007678 (0x7a66c313) x6  0x0000073e
core   0: 0x8000767c (0xff648583) lb      a1, -10(s1)
core   0: 0 0x8000767c (0xff648583) x11 0xffffffbc mem 0x80035a07
core   0: 0x80007680 (0x002486a3) sb      sp, 13(s1)
core   0: 0 0x80007680 (0x002486a3) mem 0x80035a1e 0x95
core   0: 0x80007684 (0x00008ebd) c.xor   a3, a5
core   0: 0 0x80007684 (0x8ebd) x13 0xffffff36
core   0: 0x80007686 (0x0074a983) lw      s3, 7(s1)
core   0: 0 0x80007686 (0x0074a983) x19 0xd0d1d2d3 mem 0x80035a18
core   0: 0x8000768a (0x01f496a3) sh      t6, 13(s1)
core   0: 0 0x8000768a (0x01f496a3) mem 0x80035a1e 0x0033
core   0: 0x8000768e (0x0224f0b3) remu    ra, s1, sp
core   0: 0 0x8000768e (0x0224f0b3) x1  0x80035a11
core   0: 0x80007692 (0x00009eee) c.add   t4, s11
core   0: 0 0x80007692 (0x9eee) x29 0xffffffbe
core   0: 0x80007694 (0xff348b23) sb      s3, -10(s1)
core   0: 0 0x80007694 (0xff348b23) mem 0x80035a07 0xd3
core   0: 0x80007698 (0x0064ca83) lbu     s5, 6(s1)
core   0: 0 0x80007698 (0x0064ca83) x21 0x000000cc mem 0x80035a17
core   0: 0x8000769c (0xef40ee13) ori     t3, ra, -268
core   0: 0 0x8000769c (0xef40ee13) x28 0xfffffef5
core   0: 0x800076a0 (0xffb4cb83) lbu     s7, -5(s1)
core   0: 0 0x800076a0 (0xffb4cb83) x23 0x000000c7 mem 0x80035a0c
core   0: 0x800076a4 (0x00001c7d) c.addi  s8, -1
core   0: 0 0x800076a4 (0x1c7d) x24 0x00009292
core   0: 0x800076a6 (0x0000100f) fence.i
core   0: 0 0x800076a6 (0x0000100f)
core   0: 0x800076aa (0x00008c01) c.sub   s0, s0
core   0: 0 0x800076aa (0x8c01) x8  0x00000000
core   0: 0x800076ac (0x00001e7d) c.addi  t3, -1
core   0: 0 0x800076ac (0x1e7d) x28 0xfffffef4
core   0: 0x800076ae (0x00f48123) sb      a5, 2(s1)
core   0: 0 0x800076ae (0x00f48123) mem 0x80035a13 0xae
core   0: 0x800076b2 (0x03e05eb3) divu    t4, zero, t5
core   0: 0 0x800076b2 (0x03e05eb3) x29 0x00000000
core   0: 0x800076b6 (0x00000001) c.nop
core   0: 0 0x800076b6 (0x0001)
core   0: 0x800076b8 (0x00000001) c.nop
core   0: 0 0x800076b8 (0x0001)
core   0: 0x800076ba (0x00448523) sb      tp, 10(s1)
core   0: 0 0x800076ba (0x00448523) mem 0x80035a1b 0xff
core   0: 0x800076be (0x00448083) lb      ra, 4(s1)
core   0: 0 0x800076be (0x00448083) x1  0xffffffce mem 0x80035a15
core   0: 0x800076c2 (0xffe498a3) sh      t5, -15(s1)
core   0: 0 0x800076c2 (0xffe498a3) mem 0x80035a02 0x0089
core   0: 0x800076c6 (0x002e53b3) srl     t2, t3, sp
core   0: 0 0x800076c6 (0x002e53b3) x7  0x000007ff
core   0: 0x800076ca (0x00c4a7a3) sw      a2, 15(s1)
core   0: 0 0x800076ca (0x00c4a7a3) mem 0x80035a20 0x80048e38
core   0: 0x800076ce (0xff1498a3) sh      a7, -15(s1)
core   0: 0 0x800076ce (0xff1498a3) mem 0x80035a02 0x5b10
core   0: 0x800076d2 (0xff848a23) sb      s8, -12(s1)
core   0: 0 0x800076d2 (0xff848a23) mem 0x80035a05 0x92
core   0: 0x800076d6 (0x038bc5b3) div     a1, s7, s8
core   0: 0 0x800076d6 (0x038bc5b3) x11 0x00000000
core   0: 0x800076da (0xff74c183) lbu     gp, -9(s1)
core   0: 0 0x800076da (0xff74c183) x3  0x000000c3 mem 0x80035a08
core   0: 0x800076de (0xff848403) lb      s0, -8(s1)
core   0: 0 0x800076de (0xff848403) x8  0xffffffc2 mem 0x80035a09
core   0: 0x800076e2 (0x0054db03) lhu     s6, 5(s1)
core   0: 0 0x800076e2 (0x0054db03) x22 0x0000cccd mem 0x80035a16
core   0: 0x800076e6 (0x00b4d683) lhu     a3, 11(s1)
core   0: 0 0x800076e6 (0x00b4d683) x13 0x0000d6d7 mem 0x80035a1c
core   0: 0x800076ea (0x0000100f) fence.i
core   0: 0 0x800076ea (0x0000100f)
core   0: 0x800076ee (0x0000157d) c.addi  a0, -1
core   0: 0 0x800076ee (0x157d) x10 0x28292a2a
core   0: 0x800076f0 (0x00548383) lb      t2, 5(s1)
core   0: 0 0x800076f0 (0x00548383) x7  0xffffffcd mem 0x80035a16
core   0: 0x800076f4 (0x03dc4433) div     s0, s8, t4
core   0: 0 0x800076f4 (0x03dc4433) x8  0xffffffff
core   0: 0x800076f8 (0x0104c803) lbu     a6, 16(s1)
core   0: 0 0x800076f8 (0x0104c803) x16 0x0000008e mem 0x80035a21
core   0: 0x800076fc (0x00448823) sb      tp, 16(s1)
core   0: 0 0x800076fc (0x00448823) mem 0x80035a21 0xff
core   0: 0x80007700 (0x0044c383) lbu     t2, 4(s1)
core   0: 0 0x80007700 (0x0044c383) x7  0x000000ce mem 0x80035a15
core   0: 0x80007704 (0x00f31013) slli    zero, t1, 15
core   0: 0 0x80007704 (0x00f31013)
core   0: 0x80007708 (0x00448a03) lb      s4, 4(s1)
core   0: 0 0x80007708 (0x00448a03) x20 0xffffffce mem 0x80035a15
core   0: 0x8000770c (0x00008ee1) c.and   a3, s0
core   0: 0 0x8000770c (0x8ee1) x13 0x0000d6d7
core   0: 0x8000770e (0xff349783) lh      a5, -13(s1)
core   0: 0 0x8000770e (0xff349783) x15 0xffff92bf mem 0x80035a04
core   0: 0x80007712 (0x00000b69) c.addi  s6, 26
core   0: 0 0x80007712 (0x0b69) x22 0x0000cce7
core   0: 0x80007714 (0xffb48823) sb      s11, -16(s1)
core   0: 0 0x80007714 (0xffb48823) mem 0x80035a01 0xc0
core   0: 0x80007718 (0x0002dc97) auipc   s9, 0x2d
core   0: 0 0x80007718 (0x0002dc97) x25 0x80034718
core   0: 0x8000771c (0x930c8c93) addi    s9, s9, -1744
core   0: 0 0x8000771c (0x930c8c93) x25 0x80034048
core   0: 0x80007720 (0x1e90ca37) lui     s4, 0x1e90c
core   0: 0 0x80007720 (0x1e90ca37) x20 0x1e90c000
core   0: 0x80007724 (0x00009cd2) c.add   s9, s4
core   0: 0 0x80007724 (0x9cd2) x25 0x9e940048
core   0: 0x80007726 (0xec0c8ea3) sb      zero, -291(s9)
core   0: 0 0x80007726 (0xec0c8ea3) mem 0x9e93ff25 0x0
core   0: 0x8000772a (0x0a3ca223) sw      gp, 164(s9)
core   0: 0 0x8000772a (0x0a3ca223) mem 0x9e9400ec 0x000000c3
core   0: 0x8000772e (0x5c4c89a3) sb      tp, 1491(s9)
core   0: 0 0x8000772e (0x5c4c89a3) mem 0x9e94061b 0xff
core   0: 0x80007732 (0x8c5c8aa3) sb      t0, -1835(s9)
core   0: 0 0x80007732 (0x8c5c8aa3) mem 0x9e93f91d 0xff
core   0: 0x80007736 (0x886c83a3) sb      t1, -1913(s9)
core   0: 0 0x80007736 (0x886c83a3) mem 0x9e93f8cf 0x3e
core   0: 0x8000773a (0xd87c8ea3) sb      t2, -611(s9)
core   0: 0 0x8000773a (0xd87c8ea3) mem 0x9e93fde5 0xce
core   0: 0x8000773e (0x628c9d23) sh      s0, 1594(s9)
core   0: 0 0x8000773e (0x628c9d23) mem 0x9e940682 0xffff
core   0: 0x80007742 (0x0176d6b3) srl     a3, a3, s7
core   0: 0 0x80007742 (0x0176d6b3) x13 0x000001ad
core   0: 0x80007746 (0xeddc8203) lb      tp, -291(s9)
core   0: 0 0x80007746 (0xeddc8203) x4  0x00000000 mem 0x9e93ff25
core   0: 0x8000774a (0x8e9fb193) sltiu   gp, t6, -1815
core   0: 0 0x8000774a (0x8e9fb193) x3  0x00000001
core   0: 0x8000774e (0x7c3c8623) sb      gp, 1996(s9)
core   0: 0 0x8000774e (0x7c3c8623) mem 0x9e940814 0x1
core   0: 0x80007752 (0x320c9723) sh      zero, 814(s9)
core   0: 0 0x80007752 (0x320c9723) mem 0x9e940376 0x0000
core   0: 0x80007756 (0x00000001) c.nop
core   0: 0 0x80007756 (0x0001)
core   0: 0x80007758 (0x00008dc1) c.or    a1, s0
core   0: 0 0x80007758 (0x8dc1) x11 0xffffffff
core   0: 0x8000775a (0x021555b3) divu    a1, a0, ra
core   0: 0 0x8000775a (0x021555b3) x11 0x00000000
core   0: 0x8000775e (0x0a4caf83) lw      t6, 164(s9)
core   0: 0 0x8000775e (0x0a4caf83) x31 0x000000c3 mem 0x9e9400ec
core   0: 0x80007762 (0x5d3cc583) lbu     a1, 1491(s9)
core   0: 0 0x80007762 (0x5d3cc583) x11 0x000000ff mem 0x9e94061b
core   0: 0x80007766 (0x8d5cc683) lbu     a3, -1835(s9)
core   0: 0 0x80007766 (0x8d5cc683) x13 0x000000ff mem 0x9e93f91d
core   0: 0x8000776a (0x013cfe33) and     t3, s9, s3
core   0: 0 0x8000776a (0x013cfe33) x28 0x90900040
core   0: 0x8000776e (0x55ddcb13) xori    s6, s11, 1373
core   0: 0 0x8000776e (0x55ddcb13) x22 0xfffffa9d
core   0: 0x80007772 (0x887cc483) lbu     s1, -1913(s9)
core   0: 0 0x80007772 (0x887cc483) x9  0x0000003e mem 0x9e93f8cf
core   0: 0x80007776 (0xd9dc8003) lb      zero, -611(s9)
core   0: 0 0x80007776 (0xd9dc8003) mem 0x9e93fde5
core   0: 0x8000777a (0x40b65213) srai    tp, a2, 11
core   0: 0 0x8000777a (0x40b65213) x4  0xfff00091
core   0: 0x8000777e (0x63acd903) lhu     s2, 1594(s9)
core   0: 0 0x8000777e (0x63acd903) x18 0x0000ffff mem 0x9e940682
core   0: 0x80007782 (0x00033d17) auipc   s10, 0x33
core   0: 0 0x80007782 (0x00033d17) x26 0x8003a782
core   0: 0x80007786 (0x02cd0d13) addi    s10, s10, 44
core   0: 0 0x80007786 (0x02cd0d13) x26 0x8003a7ae
core   0: 0x8000778a (0x0a7d0583) lb      a1, 167(s10)
core   0: 0 0x8000778a (0x0a7d0583) x11 0x0000000e mem 0x8003a855
core   0: 0x8000778e (0x04dd0e83) lb      t4, 77(s10)
core   0: 0 0x8000778e (0x04dd0e83) x29 0xffffffb0 mem 0x8003a7fb
core   0: 0x80007792 (0x000087cd) c.srai  a5, 19
core   0: 0 0x80007792 (0x87cd) x15 0xffffffff
core   0: 0x80007794 (0xfeed0023) sb      a4, -32(s10)
core   0: 0 0x80007794 (0xfeed0023) mem 0x8003a78e 0xe4
core   0: 0x80007798 (0xff4d1023) sh      s4, -32(s10)
core   0: 0 0x80007798 (0xff4d1023) mem 0x8003a78e 0xc000
core   0: 0x8000779c (0xfe8d0023) sb      s0, -32(s10)
core   0: 0 0x8000779c (0xfe8d0023) mem 0x8003a78e 0xff
core   0: 0x800077a0 (0x069d0083) lb      ra, 105(s10)
core   0: 0 0x800077a0 (0x069d0083) x1  0xffffffcc mem 0x8003a817
core   0: 0x800077a4 (0x00008d8d) c.sub   a1, a1
core   0: 0 0x800077a4 (0x8d8d) x11 0x00000000
core   0: 0x800077a6 (0xf20d0e83) lb      t4, -224(s10)
core   0: 0 0x800077a6 (0xf20d0e83) x29 0xffffff85 mem 0x8003a6ce
core   0: 0x800077aa (0xf20d0e03) lb      t3, -224(s10)
core   0: 0 0x800077aa (0xf20d0e03) x28 0xffffff85 mem 0x8003a6ce
core   0: 0x800077ae (0xf3cd0023) sb      t3, -224(s10)
core   0: 0 0x800077ae (0xf3cd0023) mem 0x8003a6ce 0x85
core   0: 0x800077b2 (0xfa8d1a23) sh      s0, -76(s10)
core   0: 0 0x800077b2 (0xfa8d1a23) mem 0x8003a762 0xffff
core   0: 0x800077b6 (0xf00d06a3) sb      zero, -243(s10)
core   0: 0 0x800077b6 (0xf00d06a3) mem 0x8003a6bb 0x0
core   0: 0x800077ba (0xfc6d0083) lb      ra, -58(s10)
core   0: 0 0x800077ba (0xfc6d0083) x1  0x0000002f mem 0x8003a774
core   0: 0x800077be (0xfc6d5c83) lhu     s9, -58(s10)
core   0: 0 0x800077be (0xfc6d5c83) x25 0x00002e2f mem 0x8003a774
core   0: 0x800077c2 (0x000085c1) c.srai  a1, 16
core   0: 0 0x800077c2 (0x85c1) x11 0x00000000
core   0: 0x800077c4 (0x0dbd1323) sh      s11, 198(s10)
core   0: 0 0x800077c4 (0x0dbd1323) mem 0x8003a874 0xffc0
core   0: 0x800077c8 (0x02ed0683) lb      a3, 46(s10)
core   0: 0 0x800077c8 (0x02ed0683) x13 0xffffff97 mem 0x8003a7dc
core   0: 0x800077cc (0x0fdd4c03) lbu     s8, 253(s10)
core   0: 0 0x800077cc (0x0fdd4c03) x24 0x00000060 mem 0x8003a8ab
core   0: 0x800077d0 (0x05ed00a3) sb      t5, 65(s10)
core   0: 0 0x800077d0 (0x05ed00a3) mem 0x8003a7ef 0x89
core   0: 0x800077d4 (0x0199bab3) sltu    s5, s3, s9
core   0: 0 0x800077d4 (0x0199bab3) x21 0x00000000
core   0: 0x800077d8 (0xf48d0c83) lb      s9, -184(s10)
core   0: 0 0x800077d8 (0xf48d0c83) x25 0xffffffad mem 0x8003a6f6
core   0: 0x800077dc (0x0b7d2f23) sw      s7, 190(s10)
core   0: 0 0x800077dc (0x0b7d2f23) mem 0x8003a86c 0x000000c7
core   0: 0x800077e0 (0x0003cc17) auipc   s8, 0x3c
core   0: 0 0x800077e0 (0x0003cc17) x24 0x800437e0
core   0: 0x800077e4 (0xb1fc0c13) addi    s8, s8, -1249
core   0: 0 0x800077e4 (0xb1fc0c13) x24 0x800432ff
core   0: 0x800077e8 (0x009c9893) slli    a7, s9, 9
core   0: 0 0x800077e8 (0x009c9893) x17 0xffff5a00
core   0: 0x800077ec (0x002cbbb3) sltu    s7, s9, sp
core   0: 0 0x800077ec (0x002cbbb3) x23 0x00000000
core   0: 0x800077f0 (0x029c57b3) divu    a5, s8, s1
core   0: 0 0x800077f0 (0x029c57b3) x15 0x02109577
core   0: 0x800077f4 (0x3f6c0383) lb      t2, 1014(s8)
core   0: 0 0x800077f4 (0x3f6c0383) x7  0xffffffae mem 0x800436f5
core   0: 0x800077f8 (0x7c8ca597) auipc   a1, 0x7c8ca
core   0: 0 0x800077f8 (0x7c8ca597) x11 0xfc8d17f8
core   0: 0x800077fc (0x000081ba) c.mv    gp, a4
core   0: 0 0x800077fc (0x81ba) x3  0x8004cce4
core   0: 0x800077fe (0x0053e913) ori     s2, t2, 5
core   0: 0 0x800077fe (0x0053e913) x18 0xffffffaf
core   0: 0x80007802 (0xb94b6213) ori     tp, s6, -1132
core   0: 0 0x80007802 (0xb94b6213) x4  0xfffffb9d
core   0: 0x80007806 (0x00000aa5) c.addi  s5, 9
core   0: 0 0x80007806 (0x0aa5) x21 0x00000009
core   0: 0x80007808 (0xf6bc11a3) sh      a1, -157(s8)
core   0: 0 0x80007808 (0xf6bc11a3) mem 0x80043262 0x17f8
core   0: 0x8000780c (0x00008c99) c.sub   s1, a4
core   0: 0 0x8000780c (0x8c99) x9  0x7ffb335a
core   0: 0x8000780e (0x00008e8d) c.sub   a3, a1
core   0: 0 0x8000780e (0x8e8d) x13 0x0372e79f
core   0: 0x80007810 (0x39950513) addi    a0, a0, 921
core   0: 0 0x80007810 (0x39950513) x10 0x28292dc3
core   0: 0x80007814 (0x47bc4983) lbu     s3, 1147(s8)
core   0: 0 0x80007814 (0x47bc4983) x19 0x00000031 mem 0x8004377a
core   0: 0x80007818 (0x0000100f) fence.i
core   0: 0 0x80007818 (0x0000100f)
core   0: 0x8000781c (0x23ec4b03) lbu     s6, 574(s8)
core   0: 0 0x8000781c (0x23ec4b03) x22 0x000000f6 mem 0x8004353d
core   0: 0x80007820 (0x323c4e83) lbu     t4, 803(s8)
core   0: 0 0x80007820 (0x323c4e83) x29 0x000000d9 mem 0x80043622
core   0: 0x80007824 (0xb84c0c83) lb      s9, -1148(s8)
core   0: 0 0x80007824 (0xb84c0c83) x25 0x00000038 mem 0x80042e83
core   0: 0x80007828 (0x248c0883) lb      a7, 584(s8)
core   0: 0 0x80007828 (0x248c0883) x17 0xfffffffc mem 0x80043547
core   0: 0x8000782c (0xbd3c13a3) sh      s3, -1081(s8)
core   0: 0 0x8000782c (0xbd3c13a3) mem 0x80042ec6 0x0031
core   0: 0x80007830 (0x250c4803) lbu     a6, 592(s8)
core   0: 0 0x80007830 (0x250c4803) x16 0x00000004 mem 0x8004354f
core   0: 0x80007834 (0xe4ac0523) sb      a0, -438(s8)
core   0: 0 0x80007834 (0xe4ac0523) mem 0x80043149 0xc3
core   0: 0x80007838 (0x00008a32) c.mv    s4, a2
core   0: 0 0x80007838 (0x8a32) x20 0x80048e38
core   0: 0x8000783a (0x2e5c0683) lb      a3, 741(s8)
core   0: 0 0x8000783a (0x2e5c0683) x13 0xffffff9f mem 0x800435e4
core   0: 0x8000783e (0x029c0283) lb      t0, 41(s8)
core   0: 0 0x8000783e (0x029c0283) x5  0xffffffe3 mem 0x80043328
core   0: 0x80007842 (0x0002ca97) auipc   s5, 0x2c
core   0: 0 0x80007842 (0x0002ca97) x21 0x80033842
core   0: 0x80007846 (0x806a8a93) addi    s5, s5, -2042
core   0: 0 0x80007846 (0x806a8a93) x21 0x80033048
core   0: 0x8000784a (0x24c563b7) lui     t2, 0x24c56
core   0: 0 0x8000784a (0x24c563b7) x7  0x24c56000
core   0: 0x8000784e (0x00009a9e) c.add   s5, t2
core   0: 0 0x8000784e (0x9a9e) x21 0xa4c89048
core   0: 0x80007850 (0x8c0a83a3) sb      zero, -1849(s5)
core   0: 0 0x80007850 (0x8c0a83a3) mem 0xa4c8890f 0x0
core   0: 0x80007854 (0xb41a8923) sb      ra, -1198(s5)
core   0: 0 0x80007854 (0xb41a8923) mem 0xa4c88b9a 0x2f
core   0: 0x80007858 (0x4c2a84a3) sb      sp, 1225(s5)
core   0: 0 0x80007858 (0x4c2a84a3) mem 0xa4c89511 0x95
core   0: 0x8000785c (0x325a82a3) sb      t0, 805(s5)
core   0: 0 0x8000785c (0x325a82a3) mem 0xa4c8936d 0xe3
core   0: 0x80007860 (0x5e6a82a3) sb      t1, 1509(s5)
core   0: 0 0x80007860 (0x5e6a82a3) mem 0xa4c8962d 0x3e
core   0: 0x80007864 (0x002c8033) add     zero, s9, sp
core   0: 0 0x80007864 (0x002c8033)
core   0: 0x80007868 (0x01bfbfb3) sltu    t6, t6, s11
core   0: 0 0x80007868 (0x01bfbfb3) x31 0x00000001
core   0: 0x8000786c (0x416355b3) sra     a1, t1, s6
core   0: 0 0x8000786c (0x416355b3) x11 0x00000000
core   0: 0x80007870 (0x8c7aca03) lbu     s4, -1849(s5)
core   0: 0 0x80007870 (0x8c7aca03) x20 0x00000000 mem 0xa4c8890f
core   0: 0x80007874 (0x00000001) c.nop
core   0: 0 0x80007874 (0x0001)
core   0: 0x80007876 (0x00008cb9) c.xor   s1, a4
core   0: 0 0x80007876 (0x8cb9) x9  0xffffffbe
core   0: 0x80007878 (0x0000100f) fence.i
core   0: 0 0x80007878 (0x0000100f)
core   0: 0x8000787c (0xb52acd03) lbu     s10, -1198(s5)
core   0: 0 0x8000787c (0xb52acd03) x26 0x0000002f mem 0xa4c88b9a
core   0: 0x80007880 (0x01843fb3) sltu    t6, s0, s8
core   0: 0 0x80007880 (0x01843fb3) x31 0x00000000
core   0: 0x80007884 (0x407bda33) sra     s4, s7, t2
core   0: 0 0x80007884 (0x407bda33) x20 0x00000000
core   0: 0x80007888 (0x4c9ac203) lbu     tp, 1225(s5)
core   0: 0 0x80007888 (0x4c9ac203) x4  0x00000095 mem 0xa4c89511
core   0: 0x8000788c (0x93ba82a3) sb      s11, -1755(s5)
core   0: 0 0x8000788c (0x93ba82a3) mem 0xa4c8896d 0xc0
core   0: 0x80007890 (0x1bfa8223) sb      t6, 420(s5)
core   0: 0 0x80007890 (0x1bfa8223) mem 0xa4c891ec 0x0
core   0: 0x80007894 (0x0390bb33) mulhu   s6, ra, s9
core   0: 0 0x80007894 (0x0390bb33) x22 0x00000000
core   0: 0x80007898 (0x325a8e03) lb      t3, 805(s5)
core   0: 0 0x80007898 (0x325a8e03) x28 0xffffffe3 mem 0xa4c8936d
core   0: 0x8000789c (0x00000001) c.nop
core   0: 0 0x8000789c (0x0001)
core   0: 0x8000789e (0x5e5acb03) lbu     s6, 1509(s5)
core   0: 0 0x8000789e (0x5e5acb03) x22 0x0000003e mem 0xa4c8962d
core   0: 0x800078a2 (0x0002ce17) auipc   t3, 0x2c
core   0: 0 0x800078a2 (0x0002ce17) x28 0x800338a2
core   0: 0x800078a6 (0x7a6e0e13) addi    t3, t3, 1958
core   0: 0 0x800078a6 (0x7a6e0e13) x28 0x80034048
core   0: 0x800078aa (0x49d753b7) lui     t2, 0x49d75
core   0: 0 0x800078aa (0x49d753b7) x7  0x49d75000
core   0: 0x800078ae (0x00009e1e) c.add   t3, t2
core   0: 0 0x800078ae (0x9e1e) x28 0xc9da9048
core   0: 0x800078b0 (0x9e0e05a3) sb      zero, -1557(t3)
core   0: 0 0x800078b0 (0x9e0e05a3) mem 0xc9da8a33 0x0
core   0: 0x800078b4 (0x141e02a3) sb      ra, 325(t3)
core   0: 0 0x800078b4 (0x141e02a3) mem 0xc9da918d 0x2f
core   0: 0x800078b8 (0x823e0ba3) sb      gp, -1993(t3)
core   0: 0 0x800078b8 (0x823e0ba3) mem 0xc9da887f 0xe4
core   0: 0x800078bc (0x704e0da3) sb      tp, 1819(t3)
core   0: 0 0x800078bc (0x704e0da3) mem 0xc9da9763 0x95
core   0: 0x800078c0 (0x00008eed) c.and   a3, a1
core   0: 0 0x800078c0 (0x8eed) x13 0x00000000
core   0: 0x800078c2 (0x40140ab3) sub     s5, s0, ra
core   0: 0 0x800078c2 (0x40140ab3) x21 0xffffffd0
core   0: 0x800078c6 (0x9ebe0f03) lb      t5, -1557(t3)
core   0: 0 0x800078c6 (0x9ebe0f03) x30 0x00000000 mem 0xc9da8a33
core   0: 0x800078ca (0x0000100f) fence.i
core   0: 0 0x800078ca (0x0000100f)
core   0: 0x800078ce (0x0ff0000f) fence   iorw,iorw
core   0: 0 0x800078ce (0x0ff0000f)
core   0: 0x800078d2 (0x145e0283) lb      t0, 325(t3)
core   0: 0 0x800078d2 (0x145e0283) x5  0x0000002f mem 0xc9da918d
core   0: 0x800078d6 (0x00008ee5) c.and   a3, s1
core   0: 0 0x800078d6 (0x8ee5) x13 0x00000000
core   0: 0x800078d8 (0x000096e2) c.add   a3, s8
core   0: 0 0x800078d8 (0x96e2) x13 0x800432ff
core   0: 0x800078da (0x6f297c13) andi    s8, s2, 1778
core   0: 0 0x800078da (0x6f297c13) x24 0x000006a2
core   0: 0x800078de (0x025920b3) mulhsu  ra, s2, t0
core   0: 0 0x800078de (0x025920b3) x1  0xffffffff
core   0: 0x800078e2 (0x0195b4b3) sltu    s1, a1, s9
core   0: 0 0x800078e2 (0x0195b4b3) x9  0x00000001
core   0: 0x800078e6 (0x01079fb3) sll     t6, a5, a6
core   0: 0 0x800078e6 (0x01079fb3) x31 0x21095770
core   0: 0x800078ea (0x7dee1423) sh      t5, 1992(t3)
core   0: 0 0x800078ea (0x7dee1423) mem 0xc9da9810 0x0000
core   0: 0x800078ee (0x837e0903) lb      s2, -1993(t3)
core   0: 0 0x800078ee (0x837e0903) x18 0xffffffe4 mem 0xc9da887f
core   0: 0x800078f2 (0x71be0f03) lb      t5, 1819(t3)
core   0: 0 0x800078f2 (0x71be0f03) x30 0xffffff95 mem 0xc9da9763
core   0: 0x800078f6 (0x0002c897) auipc   a7, 0x2c
core   0: 0 0x800078f6 (0x0002c897) x17 0x800338f6
core   0: 0x800078fa (0x75288893) addi    a7, a7, 1874
core   0: 0 0x800078fa (0x75288893) x17 0x80034048
core   0: 0x800078fe (0x5ac0b3b7) lui     t2, 0x5ac0b
core   0: 0 0x800078fe (0x5ac0b3b7) x7  0x5ac0b000
core   0: 0x80007902 (0x0000989e) c.add   a7, t2
core   0: 0 0x80007902 (0x989e) x17 0xdac3f048
core   0: 0x80007904 (0xe6189623) sh      ra, -404(a7)
core   0: 0 0x80007904 (0xe6189623) mem 0xdac3eeb4 0xffff
core   0: 0x80007908 (0xcc288ea3) sb      sp, -803(a7)
core   0: 0 0x80007908 (0xcc288ea3) mem 0xdac3ed25 0x95
core   0: 0x8000790c (0xd4588ca3) sb      t0, -679(a7)
core   0: 0 0x8000790c (0xd4588ca3) mem 0xdac3eda1 0x2f
core   0: 0x80007910 (0x1e6880a3) sb      t1, 481(a7)
core   0: 0 0x80007910 (0x1e6880a3) mem 0xdac3f229 0x3e
core   0: 0x80007914 (0xc2788523) sb      t2, -982(a7)
core   0: 0 0x80007914 (0xc2788523) mem 0xdac3ec72 0x0
core   0: 0x80007918 (0x41bcda33) sra     s4, s9, s11
core   0: 0 0x80007918 (0x41bcda33) x20 0x00000038
core   0: 0x8000791c (0x7518a823) sw      a7, 1872(a7)
core   0: 0 0x8000791c (0x7518a823) mem 0xdac3f798 0xdac3f048
core   0: 0x80007920 (0xe6c8d483) lhu     s1, -404(a7)
core   0: 0 0x80007920 (0xe6c8d483) x9  0x0000ffff mem 0xdac3eeb4
core   0: 0x80007924 (0xcdd8c783) lbu     a5, -803(a7)
core   0: 0 0x80007924 (0xcdd8c783) x15 0x00000095 mem 0xdac3ed25
core   0: 0x80007928 (0xdf789123) sh      s7, -542(a7)
core   0: 0 0x80007928 (0xdf789123) mem 0xdac3ee2a 0x0000
core   0: 0x8000792c (0x13e2b413) sltiu   s0, t0, 318
core   0: 0 0x8000792c (0x13e2b413) x8  0x00000001
core   0: 0x80007930 (0x4ea88ba3) sb      a0, 1271(a7)
core   0: 0 0x80007930 (0x4ea88ba3) mem 0xdac3f53f 0xc3
core   0: 0x80007934 (0x00008e89) c.sub   a3, a0
core   0: 0 0x80007934 (0x8e89) x13 0x57db053c
core   0: 0x80007936 (0x07792793) slti    a5, s2, 119
core   0: 0 0x80007936 (0x07792793) x15 0x00000001
core   0: 0x8000793a (0x00008419) c.srai  s0, 6
core   0: 0 0x8000793a (0x8419) x8  0x00000000
core   0: 0x8000793c (0xd598c383) lbu     t2, -679(a7)
core   0: 0 0x8000793c (0xd598c383) x7  0x0000002f mem 0xdac3eda1
core   0: 0x80007940 (0x00000001) c.nop
core   0: 0 0x80007940 (0x0001)
core   0: 0x80007942 (0x1e188803) lb      a6, 481(a7)
core   0: 0 0x80007942 (0x1e188803) x16 0x0000003e mem 0xdac3f229
core   0: 0x80007946 (0x0000809a) c.mv    ra, t1
core   0: 0 0x80007946 (0x809a) x1  0x0000073e
core   0: 0x80007948 (0x0072ee33) or      t3, t0, t2
core   0: 0 0x80007948 (0x0072ee33) x28 0x0000002f
core   0: 0x8000794c (0xc2a8cb03) lbu     s6, -982(a7)
core   0: 0 0x8000794c (0xc2a8cb03) x22 0x00000000 mem 0xdac3ec72
core   0: 0x80007950 (0x0b688b23) sb      s6, 182(a7)
core   0: 0 0x80007950 (0x0b688b23) mem 0xdac3f0fe 0x0
core   0: 0x80007954 (0x0002c797) auipc   a5, 0x2c
core   0: 0 0x80007954 (0x0002c797) x15 0x80033954
core   0: 0x80007958 (0x6f478793) addi    a5, a5, 1780
core   0: 0 0x80007958 (0x6f478793) x15 0x80034048
core   0: 0x8000795c (0x21627337) lui     t1, 0x21627
core   0: 0 0x8000795c (0x21627337) x6  0x21627000
core   0: 0x80007960 (0x0000979a) c.add   a5, t1
core   0: 0 0x80007960 (0x979a) x15 0xa165b048
core   0: 0x80007962 (0x9e0781a3) sb      zero, -1565(a5)
core   0: 0 0x80007962 (0x9e0781a3) mem 0xa165aa2b 0x0
core   0: 0x80007966 (0xa8179c23) sh      ra, -1384(a5)
core   0: 0 0x80007966 (0xa8179c23) mem 0xa165aae0 0x073e
core   0: 0x8000796a (0x7c2784a3) sb      sp, 1993(a5)
core   0: 0 0x8000796a (0x7c2784a3) mem 0xa165b811 0x95
core   0: 0x8000796e (0x0647a023) sw      tp, 96(a5)
core   0: 0 0x8000796e (0x0647a023) mem 0xa165b0a8 0x00000095
core   0: 0x80007972 (0x205782a3) sb      t0, 517(a5)
core   0: 0 0x80007972 (0x205782a3) mem 0xa165b24d 0x2f
core   0: 0x80007976 (0x035339b3) mulhu   s3, t1, s5
core   0: 0 0x80007976 (0x035339b3) x19 0x21626ff9
core   0: 0x8000797a (0x9bbb7413) andi    s0, s6, -1605
core   0: 0 0x8000797a (0x9bbb7413) x8  0x00000000
core   0: 0x8000797e (0x406d51b3) sra     gp, s10, t1
core   0: 0 0x8000797e (0x406d51b3) x3  0x0000002f
core   0: 0x80007982 (0x00008412) c.mv    s0, tp
core   0: 0 0x80007982 (0x8412) x8  0x00000095
core   0: 0x80007984 (0x9e37c303) lbu     t1, -1565(a5)
core   0: 0 0x80007984 (0x9e37c303) x6  0x00000000 mem 0xa165aa2b
core   0: 0x80007988 (0xe29e8337) lui     t1, 0xe29e8
core   0: 0 0x80007988 (0xe29e8337) x6  0xe29e8000
core   0: 0x8000798c (0xa9879d83) lh      s11, -1384(a5)
core   0: 0 0x8000798c (0xa9879d83) x27 0x0000073e mem 0xa165aae0
core   0: 0x80007990 (0x7c978e03) lb      t3, 1993(a5)
core   0: 0 0x80007990 (0x7c978e03) x28 0xffffff95 mem 0xa165b811
core   0: 0x80007994 (0xe1b881b7) lui     gp, 0xe1b88
core   0: 0 0x80007994 (0xe1b881b7) x3  0xe1b88000
core   0: 0x80007998 (0x6d3787a3) sb      s3, 1743(a5)
core   0: 0 0x80007998 (0x6d3787a3) mem 0xa165b717 0xf9
core   0: 0x8000799c (0x01c974b3) and     s1, s2, t3
core   0: 0 0x8000799c (0x01c974b3) x9  0xffffff84
core   0: 0x800079a0 (0x58b6e3b7) lui     t2, 0x58b6e
core   0: 0 0x800079a0 (0x58b6e3b7) x7  0x58b6e000
core   0: 0x800079a4 (0x000053a4) c.lw    s1, 96(a5)
core   0: 0 0x800079a4 (0x53a4) x9  0x00000095 mem 0xa165b0a8
core   0: 0x800079a6 (0x003e9593) slli    a1, t4, 3
core   0: 0 0x800079a6 (0x003e9593) x11 0x000006c8
core   0: 0x800079aa (0x2057cc03) lbu     s8, 517(a5)
core   0: 0 0x800079aa (0x2057cc03) x24 0x0000002f mem 0xa165b24d
core   0: 0x800079ae (0x0003a397) auipc   t2, 0x3a
core   0: 0 0x800079ae (0x0003a397) x7  0x800419ae
core   0: 0x800079b2 (0xbde38393) addi    t2, t2, -1058
core   0: 0 0x800079b2 (0xbde38393) x7  0x8004158c
core   0: 0x800079b6 (0x82d3cc83) lbu     s9, -2003(t2)
core   0: 0 0x800079b6 (0x82d3cc83) x25 0x00000072 mem 0x80040db9
core   0: 0x800079ba (0x82d38403) lb      s0, -2003(t2)
core   0: 0 0x800079ba (0x82d38403) x8  0x00000072 mem 0x80040db9
core   0: 0x800079be (0x82d38e03) lb      t3, -2003(t2)
core   0: 0 0x800079be (0x82d38e03) x28 0x00000072 mem 0x80040db9
core   0: 0x800079c2 (0x82d3c403) lbu     s0, -2003(t2)
core   0: 0 0x800079c2 (0x82d3c403) x8  0x00000072 mem 0x80040db9
core   0: 0x800079c6 (0x82d3cb03) lbu     s6, -2003(t2)
core   0: 0 0x800079c6 (0x82d3cb03) x22 0x00000072 mem 0x80040db9
core   0: 0x800079ca (0x00d45e33) srl     t3, s0, a3
core   0: 0 0x800079ca (0x00d45e33) x28 0x00000000
core   0: 0x800079ce (0xa73d4d13) xori    s10, s10, -1421
core   0: 0 0x800079ce (0xa73d4d13) x26 0xfffffa5c
core   0: 0x800079d2 (0x82f386a3) sb      a5, -2003(t2)
core   0: 0 0x800079d2 (0x82f386a3) mem 0x80040db9 0x48
core   0: 0x800079d6 (0x01ed5213) srli    tp, s10, 30
core   0: 0 0x800079d6 (0x01ed5213) x4  0x00000003
core   0: 0x800079da (0x82d3cd03) lbu     s10, -2003(t2)
core   0: 0 0x800079da (0x82d3cd03) x26 0x00000048 mem 0x80040db9
core   0: 0x800079de (0x0000100f) fence.i
core   0: 0 0x800079de (0x0000100f)
core   0: 0x800079e2 (0x31b38923) sb      s11, 786(t2)
core   0: 0 0x800079e2 (0x31b38923) mem 0x8004189e 0x3e
core   0: 0x800079e6 (0x31238303) lb      t1, 786(t2)
core   0: 0 0x800079e6 (0x31238303) x6  0x0000003e mem 0x8004189e
core   0: 0x800079ea (0x31239083) lh      ra, 786(t2)
core   0: 0 0x800079ea (0x31239083) x1  0x0000543e mem 0x8004189e
core   0: 0x800079ee (0x2f43de83) lhu     t4, 756(t2)
core   0: 0 0x800079ee (0x2f43de83) x29 0x00003a3b mem 0x80041880
core   0: 0x800079f2 (0x2f43d503) lhu     a0, 756(t2)
core   0: 0 0x800079f2 (0x2f43d503) x10 0x00003a3b mem 0x80041880
core   0: 0x800079f6 (0x2f43d803) lhu     a6, 756(t2)
core   0: 0 0x800079f6 (0x2f43d803) x16 0x00003a3b mem 0x80041880
core   0: 0x800079fa (0x2f438983) lb      s3, 756(t2)
core   0: 0 0x800079fa (0x2f438983) x19 0x0000003b mem 0x80041880
core   0: 0x800079fe (0xc1bd4213) xori    tp, s10, -997
core   0: 0 0x800079fe (0xc1bd4213) x4  0xfffffc53
core   0: 0x80007a02 (0x21b38403) lb      s0, 539(t2)
core   0: 0 0x80007a02 (0x21b38403) x8  0x0000005c mem 0x800417a7
core   0: 0x80007a06 (0x21b3c503) lbu     a0, 539(t2)
core   0: 0 0x80007a06 (0x21b3c503) x10 0x0000005c mem 0x800417a7
core   0: 0x80007a0a (0x9cddca93) xori    s5, s11, -1587
core   0: 0 0x80007a0a (0x9cddca93) x21 0xfffffef3
core   0: 0x80007a0e (0x21b3c583) lbu     a1, 539(t2)
core   0: 0 0x80007a0e (0x21b3c583) x11 0x0000005c mem 0x800417a7
core   0: 0x80007a12 (0x63f38203) lb      tp, 1599(t2)
core   0: 0 0x80007a12 (0x63f38203) x4  0xffffff80 mem 0x80041bcb
core   0: 0x80007a16 (0x63438fa3) sb      s4, 1599(t2)
core   0: 0 0x80007a16 (0x63438fa3) mem 0x80041bcb 0x38
core   0: 0x80007a1a (0x62238fa3) sb      sp, 1599(t2)
core   0: 0 0x80007a1a (0x62238fa3) mem 0x80041bcb 0x95
core   0: 0x80007a1e (0x00030897) auipc   a7, 0x30
core   0: 0 0x80007a1e (0x00030897) x17 0x80037a1e
core   0: 0x80007a22 (0xd8e88893) addi    a7, a7, -626
core   0: 0 0x80007a22 (0xd8e88893) x17 0x800377ac
core   0: 0x80007a26 (0x00000d4e) c.slli  s10, 19
core   0: 0 0x80007a26 (0x0d4e) x26 0x02400000
core   0: 0x80007a28 (0x6cfe8993) addi    s3, t4, 1743
core   0: 0 0x80007a28 (0x6cfe8993) x19 0x0000410a
core   0: 0x80007a2c (0xff288e83) lb      t4, -14(a7)
core   0: 0 0x80007a2c (0xff288e83) x29 0x00000055 mem 0x8003779e
core   0: 0x80007a30 (0xffd8cd03) lbu     s10, -3(a7)
core   0: 0 0x80007a30 (0xffd8cd03) x26 0x00000062 mem 0x800377a9
core   0: 0x80007a34 (0xff588a03) lb      s4, -11(a7)
core   0: 0 0x80007a34 (0xff588a03) x20 0x0000005a mem 0x800377a1
core   0: 0x80007a38 (0x00489b83) lh      s7, 4(a7)
core   0: 0 0x80007a38 (0x00489b83) x23 0x00006a6b mem 0x800377b0
core   0: 0x80007a3c (0x010882a3) sb      a6, 5(a7)
core   0: 0 0x80007a3c (0x010882a3) mem 0x800377b1 0x3b
core   0: 0x80007a40 (0x03283833) mulhu   a6, a6, s2
core   0: 0 0x80007a40 (0x03283833) x16 0x00003a3a
core   0: 0x80007a44 (0xb707a393) slti    t2, a5, -1168
core   0: 0 0x80007a44 (0xb707a393) x7  0x00000001
core   0: 0x80007a48 (0xffc89f23) sh      t3, -2(a7)
core   0: 0 0x80007a48 (0xffc89f23) mem 0x800377aa 0x0000
core   0: 0x80007a4c (0xfe288ca3) sb      sp, -7(a7)
core   0: 0 0x80007a4c (0xfe288ca3) mem 0x800377a5 0x95
core   0: 0x80007a50 (0x0025efb3) or      t6, a1, sp
core   0: 0 0x80007a50 (0x0025efb3) x31 0xf5e398dd
core   0: 0x80007a54 (0x403e5bb3) sra     s7, t3, gp
core   0: 0 0x80007a54 (0x403e5bb3) x23 0x00000000
core   0: 0x80007a58 (0xff088c83) lb      s9, -16(a7)
core   0: 0 0x80007a58 (0xff088c83) x25 0x00000057 mem 0x8003779c
core   0: 0x80007a5c (0x01a8da33) srl     s4, a7, s10
core   0: 0 0x80007a5c (0x01a8da33) x20 0x2000ddeb
core   0: 0x80007a60 (0x005880a3) sb      t0, 1(a7)
core   0: 0 0x80007a60 (0x005880a3) mem 0x800377ad 0x2f
core   0: 0x80007a64 (0x03cb2e33) mulhsu  t3, s6, t3
core   0: 0 0x80007a64 (0x03cb2e33) x28 0x00000000
core   0: 0x80007a68 (0xff48c783) lbu     a5, -12(a7)
core   0: 0 0x80007a68 (0xff48c783) x15 0x0000005b mem 0x800377a0
core   0: 0x80007a6c (0x0000990a) c.add   s2, sp
core   0: 0 0x80007a6c (0x990a) x18 0xf5e39879
core   0: 0x80007a6e (0x02477333) remu    t1, a4, tp
core   0: 0 0x80007a6e (0x02477333) x6  0x8004cce4
core   0: 0x80007a72 (0xbc18ff93) andi    t6, a7, -1087
core   0: 0 0x80007a72 (0xbc18ff93) x31 0x80037380
core   0: 0x80007a76 (0xff88ac23) sw      s8, -8(a7)
core   0: 0 0x80007a76 (0xff88ac23) mem 0x800377a4 0x0000002f
core   0: 0x80007a7a (0x00e88903) lb      s2, 14(a7)
core   0: 0 0x80007a7a (0x00e88903) x18 0x00000071 mem 0x800377ba
core   0: 0x80007a7e (0x0002c597) auipc   a1, 0x2c
core   0: 0 0x80007a7e (0x0002c597) x11 0x80033a7e
core   0: 0x80007a82 (0x55258593) addi    a1, a1, 1362
core   0: 0 0x80007a82 (0x55258593) x11 0x80033fd0
core   0: 0x80007a86 (0x00036317) auipc   t1, 0x36
core   0: 0 0x80007a86 (0x00036317) x6  0x8003da86
core   0: 0x80007a8a (0xb2b30313) addi    t1, t1, -1237
core   0: 0 0x80007a8a (0xb2b30313) x6  0x8003d5b1
core   0: 0x80007a8e (0x73534683) lbu     a3, 1845(t1)
core   0: 0 0x80007a8e (0x73534683) x13 0x0000009d mem 0x8003dce6
core   0: 0x80007a92 (0xfcc581a3) sb      a2, -61(a1)
core   0: 0 0x80007a92 (0xfcc581a3) mem 0x80033f93 0x38
core   0: 0x80007a96 (0xfe659b03) lh      s6, -26(a1)
core   0: 0 0x80007a96 (0xfe659b03) x22 0x00006c6d mem 0x80033fb6
core   0: 0x80007a9a (0x0295c683) lbu     a3, 41(a1)
core   0: 0 0x80007a9a (0x0295c683) x13 0x000000b2 mem 0x80033ff9
core   0: 0x80007a9e (0xff434a03) lbu     s4, -12(t1)
core   0: 0 0x80007a9e (0xff434a03) x20 0x0000005e mem 0x8003d5a5
core   0: 0x80007aa2 (0x0135c403) lbu     s0, 19(a1)
core   0: 0 0x80007aa2 (0x0135c403) x8  0x00000098 mem 0x80033fe3
core   0: 0x80007aa6 (0x26534983) lbu     s3, 613(t1)
core   0: 0 0x80007aa6 (0x26534983) x19 0x000000cd mem 0x8003d816
core   0: 0x80007aaa (0xb2a30383) lb      t2, -1238(t1)
core   0: 0 0x80007aaa (0xb2a30383) x7  0xffffff90 mem 0x8003d0db
core   0: 0x80007aae (0x00e5c783) lbu     a5, 14(a1)
core   0: 0 0x80007aae (0x00e5c783) x15 0x00000095 mem 0x80033fde
core   0: 0x80007ab2 (0x00a58b83) lb      s7, 10(a1)
core   0: 0 0x80007ab2 (0x00a58b83) x23 0xffffff91 mem 0x80033fda
core   0: 0x80007ab6 (0xfc358c03) lb      s8, -61(a1)
core   0: 0 0x80007ab6 (0xfc358c03) x24 0x00000038 mem 0x80033f93
core   0: 0x80007aba (0xce234f03) lbu     t5, -798(t1)
core   0: 0 0x80007aba (0xce234f03) x30 0x00000048 mem 0x8003d293
core   0: 0x80007abe (0x14634003) lbu     zero, 326(t1)
core   0: 0 0x80007abe (0x14634003) mem 0x8003d6f7
core   0: 0x80007ac2 (0xff5589a3) sb      s5, -13(a1)
core   0: 0 0x80007ac2 (0xff5589a3) mem 0x80033fc3 0xf3
core   0: 0x80007ac6 (0x0002e597) auipc   a1, 0x2e
core   0: 0 0x80007ac6 (0x0002e597) x11 0x80035ac6
core   0: 0x80007aca (0x91058593) addi    a1, a1, -1776
core   0: 0 0x80007aca (0x91058593) x11 0x800353d6
core   0: 0x80007ace (0x0002b197) auipc   gp, 0x2b
core   0: 0 0x80007ace (0x0002b197) x3  0x80032ace
core   0: 0x80007ad2 (0x5d018193) addi    gp, gp, 1488
core   0: 0 0x80007ad2 (0x5d018193) x3  0x8003309e
core   0: 0x80007ad6 (0x00e58283) lb      t0, 14(a1)
core   0: 0 0x80007ad6 (0x00e58283) x5  0xffffff9f mem 0x800353e4
core   0: 0x80007ada (0x00d584a3) sb      a3, 9(a1)
core   0: 0 0x80007ada (0x00d584a3) mem 0x800353df 0xb2
core   0: 0x80007ade (0x0871c403) lbu     s0, 135(gp)
core   0: 0 0x80007ade (0x0871c403) x8  0x000000de mem 0x80033125
core   0: 0x80007ae2 (0xfe05ca83) lbu     s5, -32(a1)
core   0: 0 0x80007ae2 (0xfe05ca83) x21 0x0000006d mem 0x800353b6
core   0: 0x80007ae6 (0x00458da3) sb      tp, 27(a1)
core   0: 0 0x80007ae6 (0x00458da3) mem 0x800353f1 0x80
core   0: 0x80007aea (0x02759023) sh      t2, 32(a1)
core   0: 0 0x80007aea (0x02759023) mem 0x800353f6 0xff90
core   0: 0x80007aee (0x1ea1cb83) lbu     s7, 490(gp)
core   0: 0 0x80007aee (0x1ea1cb83) x23 0x00000043 mem 0x80033288
core   0: 0x80007af2 (0x01c58ea3) sb      t3, 29(a1)
core   0: 0 0x80007af2 (0x01c58ea3) mem 0x800353f3 0x0
core   0: 0x80007af6 (0xfcf58203) lb      tp, -49(a1)
core   0: 0 0x80007af6 (0xfcf58203) x4  0x0000005e mem 0x800353a5
core   0: 0x80007afa (0xff218ea3) sb      s2, -3(gp)
core   0: 0 0x80007afa (0xff218ea3) mem 0x8003309b 0x71
core   0: 0x80007afe (0x5581df03) lhu     t5, 1368(gp)
core   0: 0 0x80007afe (0x5581df03) x30 0x0000acad mem 0x800335f6
core   0: 0x80007b02 (0x0205c903) lbu     s2, 32(a1)
core   0: 0 0x80007b02 (0x0205c903) x18 0x00000090 mem 0x800353f6
core   0: 0x80007b06 (0x28318e23) sb      gp, 668(gp)
core   0: 0 0x80007b06 (0x28318e23) mem 0x8003333a 0x9e
core   0: 0x80007b0a (0xfe758f03) lb      t5, -25(a1)
core   0: 0 0x80007b0a (0xfe758f03) x30 0x00000076 mem 0x800353bd
core   0: 0x80007b0e (0x23518203) lb      tp, 565(gp)
core   0: 0 0x80007b0e (0x23518203) x4  0xffffff88 mem 0x800332d3
core   0: 0x80007b12 (0xfdd5c503) lbu     a0, -35(a1)
core   0: 0 0x80007b12 (0xfdd5c503) x10 0x00000068 mem 0x800353b3
core   0: 0x80007b16 (0x62d1c203) lbu     tp, 1581(gp)
core   0: 0 0x80007b16 (0x62d1c203) x4  0x00000080 mem 0x800336cb
core   0: 0x80007b1a (0x00033997) auipc   s3, 0x33
core   0: 0 0x80007b1a (0x00033997) x19 0x8003ab1a
core   0: 0x80007b1e (0xd0998993) addi    s3, s3, -759
core   0: 0 0x80007b1e (0xd0998993) x19 0x8003a823
core   0: 0x80007b22 (0x0169ca03) lbu     s4, 22(s3)
core   0: 0 0x80007b22 (0x0169ca03) x20 0x000000f2 mem 0x8003a839
core   0: 0x80007b26 (0x01698003) lb      zero, 22(s3)
core   0: 0 0x80007b26 (0x01698003) mem 0x8003a839
core   0: 0x80007b2a (0x03599503) lh      a0, 53(s3)
core   0: 0 0x80007b2a (0x03599503) x10 0x00001213 mem 0x8003a858
core   0: 0x80007b2e (0x03599f83) lh      t6, 53(s3)
core   0: 0 0x80007b2e (0x03599f83) x31 0x00001213 mem 0x8003a858
core   0: 0x80007b32 (0x03598d83) lb      s11, 53(s3)
core   0: 0 0x80007b32 (0x03598d83) x27 0x00000013 mem 0x8003a858
core   0: 0x80007b36 (0xfcd99c83) lh      s9, -51(s3)
core   0: 0 0x80007b36 (0xfcd99c83) x25 0xffffaaab mem 0x8003a7f0
core   0: 0x80007b3a (0x8bc7c213) xori    tp, a5, -1860
core   0: 0 0x80007b3a (0x8bc7c213) x4  0xfffff829
core   0: 0x80007b3e (0xfc498503) lb      a0, -60(s3)
core   0: 0 0x80007b3e (0xfc498503) x10 0xffffff9c mem 0x8003a7e7
core   0: 0x80007b42 (0x00cf62b3) or      t0, t5, a2
core   0: 0 0x80007b42 (0x00cf62b3) x5  0x80048e7e
core   0: 0x80007b46 (0xfc498e03) lb      t3, -60(s3)
core   0: 0 0x80007b46 (0xfc498e03) x28 0xffffff9c mem 0x8003a7e7
core   0: 0x80007b4a (0xfc49c383) lbu     t2, -60(s3)
core   0: 0 0x80007b4a (0xfc49c383) x7  0x0000009c mem 0x8003a7e7
core   0: 0x80007b4e (0xfc498a83) lb      s5, -60(s3)
core   0: 0 0x80007b4e (0xfc498a83) x21 0xffffff9c mem 0x8003a7e7
core   0: 0x80007b52 (0xfde98223) sb      t5, -60(s3)
core   0: 0 0x80007b52 (0xfde98223) mem 0x8003a7e7 0x76
core   0: 0x80007b56 (0xfc498903) lb      s2, -60(s3)
core   0: 0 0x80007b56 (0xfc498903) x18 0x00000076 mem 0x8003a7e7
core   0: 0x80007b5a (0xfc49c903) lbu     s2, -60(s3)
core   0: 0 0x80007b5a (0xfc49c903) x18 0x00000076 mem 0x8003a7e7
core   0: 0x80007b5e (0xfcb99d03) lh      s10, -53(s3)
core   0: 0 0x80007b5e (0xfcb99d03) x26 0xffff89a5 mem 0x8003a7ee
core   0: 0x80007b62 (0x0002cd97) auipc   s11, 0x2c
core   0: 0 0x80007b62 (0x0002cd97) x27 0x80033b62
core   0: 0x80007b66 (0xce0d8d93) addi    s11, s11, -800
core   0: 0 0x80007b66 (0xce0d8d93) x27 0x80033842
core   0: 0x80007b6a (0x00031517) auipc   a0, 0x31
core   0: 0 0x80007b6a (0x00031517) x10 0x80038b6a
core   0: 0x80007b6e (0x4e250513) addi    a0, a0, 1250
core   0: 0 0x80007b6e (0x4e250513) x10 0x8003904c
core   0: 0x80007b72 (0xfe3dcb83) lbu     s7, -29(s11)
core   0: 0 0x80007b72 (0xfe3dcb83) x23 0x000000de mem 0x80033825
core   0: 0x80007b76 (0x0000d95c) c.sw    a5, 52(a0)
core   0: 0 0x80007b76 (0xd95c) mem 0x80039080 0x00000095
core   0: 0x80007b78 (0xff550583) lb      a1, -11(a0)
core   0: 0 0x80007b78 (0xff550583) x11 0xfffffffa mem 0x80039041
core   0: 0x80007b7c (0xfe1dc483) lbu     s1, -31(s11)
core   0: 0 0x80007b7c (0xfe1dc483) x9  0x000000d8 mem 0x80033823
core   0: 0x80007b80 (0xfcddc403) lbu     s0, -51(s11)
core   0: 0 0x80007b80 (0xfcddc403) x8  0x000000c4 mem 0x8003380f
core   0: 0x80007b84 (0xfe050c83) lb      s9, -32(a0)
core   0: 0 0x80007b84 (0xfe050c83) x25 0xffffffe7 mem 0x8003902c
core   0: 0x80007b88 (0xfebd8003) lb      zero, -21(s11)
core   0: 0 0x80007b88 (0xfebd8003) mem 0x8003382d
core   0: 0x80007b8c (0x009507a3) sb      s1, 15(a0)
core   0: 0 0x80007b8c (0x009507a3) mem 0x8003905b 0xd8
core   0: 0x80007b90 (0x00854183) lbu     gp, 8(a0)
core   0: 0 0x80007b90 (0x00854183) x3  0x0000000f mem 0x80039054
core   0: 0x80007b94 (0xfed501a3) sb      a3, -29(a0)
core   0: 0 0x80007b94 (0xfed501a3) mem 0x8003902f 0xb2
core   0: 0x80007b98 (0xfc1d87a3) sb      ra, -49(s11)
core   0: 0 0x80007b98 (0xfc1d87a3) mem 0x80033811 0x3e
core   0: 0x80007b9c (0xfe8503a3) sb      s0, -25(a0)
core   0: 0 0x80007b9c (0xfe8503a3) mem 0x80039033 0xc4
core   0: 0x80007ba0 (0x0003c097) auipc   ra, 0x3c
core   0: 0 0x80007ba0 (0x0003c097) x1  0x80043ba0
core   0: 0x80007ba4 (0xd3908093) addi    ra, ra, -711
core   0: 0 0x80007ba4 (0xd3908093) x1  0x800438d9
core   0: 0x80007ba8 (0x02209da3) sh      sp, 59(ra)
core   0: 0 0x80007ba8 (0x02209da3) mem 0x80043914 0x9895
core   0: 0x80007bac (0x00009f22) c.add   t5, s0
core   0: 0 0x80007bac (0x9f22) x30 0x0000013a
core   0: 0x80007bae (0x01608583) lb      a1, 22(ra)
core   0: 0 0x80007bae (0x01608583) x11 0xffffffa4 mem 0x800438ef
core   0: 0x80007bb2 (0xfd10d003) lhu     zero, -47(ra)
core   0: 0 0x80007bb2 (0xfd10d003) mem 0x800438aa
core   0: 0x80007bb6 (0x0000956a) c.add   a0, s10
core   0: 0 0x80007bb6 (0x956a) x10 0x800319f1
core   0: 0x80007bb8 (0xff0087a3) sb      a6, -17(ra)
core   0: 0 0x80007bb8 (0xff0087a3) mem 0x800438c8 0x3a
core   0: 0x80007bbc (0xff70dd83) lhu     s11, -9(ra)
core   0: 0 0x80007bbc (0xff70dd83) x27 0x00008a8b mem 0x800438d0
core   0: 0x80007bc0 (0x00000001) c.nop
core   0: 0 0x80007bc0 (0x0001)
core   0: 0x80007bc2 (0x02f08623) sb      a5, 44(ra)
core   0: 0 0x80007bc2 (0x02f08623) mem 0x80043905 0x95
core   0: 0x80007bc6 (0x00008783) lb      a5, 0(ra)
core   0: 0 0x80007bc6 (0x00008783) x15 0xffffff92 mem 0x800438d9
core   0: 0x80007bca (0x0070cb83) lbu     s7, 7(ra)
core   0: 0 0x80007bca (0x0070cb83) x23 0x0000009b mem 0x800438e0
core   0: 0x80007bce (0xff00a7a3) sw      a6, -17(ra)
core   0: 0 0x80007bce (0xff00a7a3) mem 0x800438c8 0x00003a3a
core   0: 0x80007bd2 (0x03b08a23) sb      s11, 52(ra)
core   0: 0 0x80007bd2 (0x03b08a23) mem 0x8004390d 0x8b
core   0: 0x80007bd6 (0xfc20c203) lbu     tp, -62(ra)
core   0: 0 0x80007bd6 (0xfc20c203) x4  0x00000050 mem 0x8004389b
core   0: 0x80007bda (0xfcb08523) sb      a1, -54(ra)
core   0: 0 0x80007bda (0xfcb08523) mem 0x800438a3 0xa4
core   0: 0x80007bde (0xff109903) lh      s2, -15(ra)
core   0: 0 0x80007bde (0xff109903) x18 0x00000000 mem 0x800438ca
core   0: 0x80007be2 (0xfc10c303) lbu     t1, -63(ra)
core   0: 0 0x80007be2 (0xfc10c303) x6  0x00000051 mem 0x8004389a
core   0: 0x80007be6 (0xfcc080a3) sb      a2, -63(ra)
core   0: 0 0x80007be6 (0xfcc080a3) mem 0x8004389a 0x38
core   0: 0x80007bea (0x0e423293) sltiu   t0, tp, 228
core   0: 0 0x80007bea (0x0e423293) x5  0x00000001
core   0: 0x80007bee (0xfed0d003) lhu     zero, -19(ra)
core   0: 0 0x80007bee (0xfed0d003) mem 0x800438c6
core   0: 0x80007bf2 (0x03108b03) lb      s6, 49(ra)
core   0: 0 0x80007bf2 (0x03108b03) x22 0xffffffc1 mem 0x8004390a
core   0: 0x80007bf6 (0x0002e297) auipc   t0, 0x2e
core   0: 0 0x80007bf6 (0x0002e297) x5  0x80035bf6
core   0: 0x80007bfa (0xa2528293) addi    t0, t0, -1499
core   0: 0 0x80007bfa (0xa2528293) x5  0x8003561b
core   0: 0x80007bfe (0x00f29903) lh      s2, 15(t0)
core   0: 0 0x80007bfe (0x00f29903) x18 0xffffe0e1 mem 0x8003562a
core   0: 0x80007c02 (0xffc28683) lb      a3, -4(t0)
core   0: 0 0x80007c02 (0xffc28683) x13 0xffffffcc mem 0x80035617
core   0: 0x80007c06 (0x0002cf17) auipc   t5, 0x2c
core   0: 0 0x80007c06 (0x0002cf17) x30 0x80033c06
core   0: 0x80007c0a (0x8c5f0f13) addi    t5, t5, -1851
core   0: 0 0x80007c0a (0x8c5f0f13) x30 0x800334cb
core   0: 0x80007c0e (0xfbcf1fa3) sh      t3, -65(t5)
core   0: 0 0x80007c0e (0xfbcf1fa3) mem 0x8003348a 0xff9c
core   0: 0x80007c12 (0xffd29c83) lh      s9, -3(t0)
core   0: 0 0x80007c12 (0xffd29c83) x25 0xffffd2d3 mem 0x80035618
core   0: 0x80007c16 (0x0b0f0203) lb      tp, 176(t5)
core   0: 0 0x80007c16 (0x0b0f0203) x4  0x00000030 mem 0x8003357b
core   0: 0x80007c1a (0xffd29783) lh      a5, -3(t0)
core   0: 0 0x80007c1a (0xffd29783) x15 0xffffd2d3 mem 0x80035618
core   0: 0x80007c1e (0xfff28823) sb      t6, -16(t0)
core   0: 0 0x80007c1e (0xfff28823) mem 0x8003560b 0x13
core   0: 0x80007c22 (0xf87f0483) lb      s1, -121(t5)
core   0: 0 0x80007c22 (0xf87f0483) x9  0x00000009 mem 0x80033452
core   0: 0x80007c26 (0xf4bf5303) lhu     t1, -181(t5)
core   0: 0 0x80007c26 (0xf4bf5303) x6  0x000000e8 mem 0x80033416
core   0: 0x80007c2a (0xff92d383) lhu     t2, -7(t0)
core   0: 0 0x80007c2a (0xff92d383) x7  0x0000cecf mem 0x80035614
core   0: 0x80007c2e (0x00428b03) lb      s6, 4(t0)
core   0: 0 0x80007c2e (0x00428b03) x22 0xffffffd4 mem 0x8003561f
core   0: 0x80007c32 (0xf31f5303) lhu     t1, -207(t5)
core   0: 0 0x80007c32 (0xf31f5303) x6  0x0000b6b7 mem 0x800333fc
core   0: 0x80007c36 (0x01228823) sb      s2, 16(t0)
core   0: 0 0x80007c36 (0x01228823) mem 0x8003562b 0xe1
core   0: 0x80007c3a (0xfff28d23) sb      t6, -6(t0)
core   0: 0 0x80007c3a (0xfff28d23) mem 0x80035615 0x13
core   0: 0x80007c3e (0x027f0723) sb      t2, 46(t5)
core   0: 0 0x80007c3e (0x027f0723) mem 0x800334f9 0xcf
core   0: 0x80007c42 (0x00035e17) auipc   t3, 0x35
core   0: 0 0x80007c42 (0x00035e17) x28 0x8003cc42
core   0: 0x80007c46 (0xcc7e0e13) addi    t3, t3, -825
core   0: 0 0x80007c46 (0xcc7e0e13) x28 0x8003c909
core   0: 0x80007c4a (0x0002cd17) auipc   s10, 0x2c
core   0: 0 0x80007c4a (0x0002cd17) x26 0x80033c4a
core   0: 0x80007c4e (0xa2ad0d13) addi    s10, s10, -1494
core   0: 0 0x80007c4e (0xa2ad0d13) x26 0x80033674
core   0: 0x80007c52 (0x00de0923) sb      a3, 18(t3)
core   0: 0 0x80007c52 (0x00de0923) mem 0x8003c91b 0xcc
core   0: 0x80007c56 (0xce5d4b83) lbu     s7, -795(s10)
core   0: 0 0x80007c56 (0xce5d4b83) x23 0x00000012 mem 0x80033359
core   0: 0x80007c5a (0x7eae0623) sb      a0, 2028(t3)
core   0: 0 0x80007c5a (0x7eae0623) mem 0x8003d0f5 0xf1
core   0: 0x80007c5e (0x4ace0ca3) sb      a2, 1209(t3)
core   0: 0 0x80007c5e (0x4ace0ca3) mem 0x8003cdc2 0x38
core   0: 0x80007c62 (0x727e5c03) lhu     s8, 1831(t3)
core   0: 0 0x80007c62 (0x727e5c03) x24 0x0000eaeb mem 0x8003d030
core   0: 0x80007c66 (0xa8ae4003) lbu     zero, -1398(t3)
core   0: 0 0x80007c66 (0xa8ae4003) mem 0x8003c393
core   0: 0x80007c6a (0xf6ad5803) lhu     a6, -150(s10)
core   0: 0 0x80007c6a (0xf6ad5803) x16 0x00009495 mem 0x800335de
core   0: 0x80007c6e (0xe72d1483) lh      s1, -398(s10)
core   0: 0 0x80007c6e (0xe72d1483) x9  0xffff9c9d mem 0x800334e6
core   0: 0x80007c72 (0x024e4f83) lbu     t6, 36(t3)
core   0: 0 0x80007c72 (0x024e4f83) x31 0x000000e6 mem 0x8003c92d
core   0: 0x80007c76 (0x3b9e1c83) lh      s9, 953(t3)
core   0: 0 0x80007c76 (0x3b9e1c83) x25 0x00007879 mem 0x8003ccc2
core   0: 0x80007c7a (0xbf7d0203) lb      tp, -1033(s10)
core   0: 0 0x80007c7a (0xbf7d0203) x4  0x00000020 mem 0x8003326b
core   0: 0x80007c7e (0x6a7e0583) lb      a1, 1703(t3)
core   0: 0 0x80007c7e (0x6a7e0583) x11 0x0000006b mem 0x8003cfb0
core   0: 0x80007c82 (0xe8ae4983) lbu     s3, -374(t3)
core   0: 0 0x80007c82 (0xe8ae4983) x19 0x00000048 mem 0x8003c793
core   0: 0x80007c86 (0x66cd08a3) sb      a2, 1649(s10)
core   0: 0 0x80007c86 (0x66cd08a3) mem 0x80033ce5 0x38
core   0: 0x80007c8a (0x0002c197) auipc   gp, 0x2c
core   0: 0 0x80007c8a (0x0002c197) x3  0x80033c8a
core   0: 0x80007c8e (0xdcd18193) addi    gp, gp, -563
core   0: 0 0x80007c8e (0xdcd18193) x3  0x80033a57
core   0: 0x80007c92 (0xa5b19203) lh      tp, -1445(gp)
core   0: 0 0x80007c92 (0xa5b19203) x4  0x00003969 mem 0x800334b2
core   0: 0x80007c96 (0xd741a4a3) sw      s4, -663(gp)
core   0: 0 0x80007c96 (0xd741a4a3) mem 0x800337c0 0x000000f2
core   0: 0x80007c9a (0xd7018583) lb      a1, -656(gp)
core   0: 0 0x80007c9a (0xd7018583) x11 0x0000007c mem 0x800337c7
core   0: 0x80007c9e (0x0ab1c303) lbu     t1, 171(gp)
core   0: 0 0x80007c9e (0x0ab1c303) x6  0x00000001 mem 0x80033b02
core   0: 0x80007ca2 (0x1ee1a4a3) sw      a4, 489(gp)
core   0: 0 0x80007ca2 (0x1ee1a4a3) mem 0x80033c40 0x8004cce4
core   0: 0x80007ca6 (0x03eaaeb3) mulhsu  t4, s5, t5
core   0: 0 0x80007ca6 (0x03eaaeb3) x29 0xffffffcd
core   0: 0x80007caa (0x44018923) sb      zero, 1106(gp)
core   0: 0 0x80007caa (0x44018923) mem 0x80033ea9 0x0
core   0: 0x80007cae (0xad518aa3) sb      s5, -1323(gp)
core   0: 0 0x80007cae (0xad518aa3) mem 0x8003352c 0x9c
core   0: 0x80007cb2 (0xb361a8a3) sw      s6, -1231(gp)
core   0: 0 0x80007cb2 (0xb361a8a3) mem 0x80033588 0xffffffd4
core   0: 0x80007cb6 (0x018288b3) add     a7, t0, s8
core   0: 0 0x80007cb6 (0x018288b3) x17 0x80044106
core   0: 0x80007cba (0x23318ba3) sb      s3, 567(gp)
core   0: 0 0x80007cba (0x23318ba3) mem 0x80033c8e 0x48
core   0: 0x80007cbe (0xd34f0093) addi    ra, t5, -716
core   0: 0 0x80007cbe (0xd34f0093) x1  0x800331ff
core   0: 0x80007cc2 (0x00009986) c.add   s3, ra
core   0: 0 0x80007cc2 (0x9986) x19 0x80033247
core   0: 0x80007cc4 (0x03663bb3) mulhu   s7, a2, s6
core   0: 0 0x80007cc4 (0x03663bb3) x23 0x80048e21
core   0: 0x80007cc8 (0x3f818283) lb      t0, 1016(gp)
core   0: 0 0x80007cc8 (0x3f818283) x5  0x0000005c mem 0x80033e4f
core   0: 0x80007ccc (0x3401c983) lbu     s3, 832(gp)
core   0: 0 0x80007ccc (0x3401c983) x19 0x0000004c mem 0x80033d97
core   0: 0x80007cd0 (0xbaa18283) lb      t0, -1110(gp)
core   0: 0 0x80007cd0 (0xbaa18283) x5  0xffffffba mem 0x80033601
core   0: 0x80007cd4 (0x26d18ca3) sb      a3, 633(gp)
core   0: 0 0x80007cd4 (0x26d18ca3) mem 0x80033cd0 0xcc
core   0: 0x80007cd8 (0xa121cf03) lbu     t5, -1518(gp)
core   0: 0 0x80007cd8 (0xa121cf03) x30 0x00000022 mem 0x80033469
core   0: 0x80007cdc (0x1bd18ca3) sb      t4, 441(gp)
core   0: 0 0x80007cdc (0x1bd18ca3) mem 0x80033c10 0xcd
core   0: 0x80007ce0 (0xc35180a3) sb      s5, -991(gp)
core   0: 0 0x80007ce0 (0xc35180a3) mem 0x80033678 0x9c
core   0: 0x80007ce4 (0x48a18ea3) sb      a0, 1181(gp)
core   0: 0 0x80007ce4 (0x48a18ea3) mem 0x80033ef4 0xf1
core   0: 0x80007ce8 (0x133d2893) slti    a7, s10, 307
core   0: 0 0x80007ce8 (0x133d2893) x17 0x00000001
core   0: 0x80007cec (0x4261c003) lbu     zero, 1062(gp)
core   0: 0 0x80007cec (0x4261c003) mem 0x80033e7d
core   0: 0x80007cf0 (0x00009fe6) c.add   t6, s9
core   0: 0 0x80007cf0 (0x9fe6) x31 0x0000795f
core   0: 0x80007cf2 (0x02915333) divu    t1, sp, s1
core   0: 0 0x80007cf2 (0x02915333) x6  0x00000000
core   0: 0x80007cf6 (0x01d18523) sb      t4, 10(gp)
core   0: 0 0x80007cf6 (0x01d18523) mem 0x80033a61 0xcd
core   0: 0x80007cfa (0x00008ebd) c.xor   a3, a5
core   0: 0 0x80007cfa (0x8ebd) x13 0x00002d1f
core   0: 0x80007cfc (0x000099fd) c.andi  a1, -1
core   0: 0 0x80007cfc (0x99fd) x11 0x0000007c
core   0: 0x80007cfe (0x060182a3) sb      zero, 101(gp)
core   0: 0 0x80007cfe (0x060182a3) mem 0x80033abc 0x0
core   0: 0x80007d02 (0x0125ce33) xor     t3, a1, s2
core   0: 0 0x80007d02 (0x0125ce33) x28 0xffffe09d
core   0: 0x80007d06 (0x00008fc5) c.or    a5, s1
core   0: 0 0x80007d06 (0x8fc5) x15 0xffffdedf
core   0: 0x80007d08 (0x00008c2d) c.xor   s0, a1
core   0: 0 0x80007d08 (0x8c2d) x8  0x000000b8
core   0: 0x80007d0a (0x035cf233) remu    tp, s9, s5
core   0: 0 0x80007d0a (0x035cf233) x4  0x00007879
core   0: 0x80007d0e (0x8411c783) lbu     a5, -1983(gp)
core   0: 0 0x80007d0e (0x8411c783) x15 0x00000053 mem 0x80033298
core   0: 0x80007d12 (0xdf318f03) lb      t5, -525(gp)
core   0: 0 0x80007d12 (0xdf318f03) x30 0x00000001 mem 0x8003384a
core   0: 0x80007d16 (0x0003fbb3) and     s7, t2, zero
core   0: 0 0x80007d16 (0x0003fbb3) x23 0x00000000
core   0: 0x80007d1a (0xccf1c283) lbu     t0, -817(gp)
core   0: 0 0x80007d1a (0xccf1c283) x5  0x000000dd mem 0x80033726
core   0: 0x80007d1e (0x0951cc03) lbu     s8, 149(gp)
core   0: 0 0x80007d1e (0x0951cc03) x24 0x000000a7 mem 0x80033aec
core   0: 0x80007d22 (0xfde189a3) sb      t5, -45(gp)
core   0: 0 0x80007d22 (0xfde189a3) mem 0x80033a2a 0x1
core   0: 0x80007d26 (0xcd618a03) lb      s4, -810(gp)
core   0: 0 0x80007d26 (0xcd618a03) x20 0xffffffe6 mem 0x8003372d
core   0: 0x80007d2a (0x1c41a8a3) sw      tp, 465(gp)
core   0: 0 0x80007d2a (0x1c41a8a3) mem 0x80033c28 0x00007879
core   0: 0x80007d2e (0x03cdd6b3) divu    a3, s11, t3
core   0: 0 0x80007d2e (0x03cdd6b3) x13 0x00000000
core   0: 0x80007d32 (0xe4f19303) lh      t1, -433(gp)
core   0: 0 0x80007d32 (0xe4f19303) x6  0x00005c5d mem 0x800338a6
core   0: 0x80007d36 (0xacb18a83) lb      s5, -1333(gp)
core   0: 0 0x80007d36 (0xacb18a83) x21 0xffffff84 mem 0x80033522
core   0: 0x80007d3a (0x0075d913) srli    s2, a1, 7
core   0: 0 0x80007d3a (0x0075d913) x18 0x00000000
core   0: 0x80007d3e (0xf991a203) lw      tp, -103(gp)
core   0: 0 0x80007d3e (0xf991a203) x4  0xa8a9aaab mem 0x800339f0
core   0: 0x80007d42 (0x00035797) auipc   a5, 0x35
core   0: 0 0x80007d42 (0x00035797) x15 0x8003cd42
core   0: 0x80007d46 (0x37c78793) addi    a5, a5, 892
core   0: 0 0x80007d46 (0x37c78793) x15 0x8003d0be
core   0: 0x80007d4a (0xfde7a883) lw      a7, -34(a5)
core   0: 0 0x80007d4a (0xfde7a883) x17 0x54555657 mem 0x8003d09c
core   0: 0x80007d4e (0x00008d72) c.mv    s10, t3
core   0: 0 0x80007d4e (0x8d72) x26 0xffffe09d
core   0: 0x80007d50 (0x01178e83) lb      t4, 17(a5)
core   0: 0 0x80007d50 (0x01178e83) x29 0xffffff84 mem 0x8003d0cf
core   0: 0x80007d54 (0x03519c33) mulh    s8, gp, s5
core   0: 0 0x80007d54 (0x03519c33) x24 0x0000003d
core   0: 0x80007d58 (0xfdd78b83) lb      s7, -35(a5)
core   0: 0 0x80007d58 (0xfdd78b83) x23 0x00000050 mem 0x8003d09b
core   0: 0x80007d5c (0x03378b03) lb      s6, 51(a5)
core   0: 0 0x80007d5c (0x03378b03) x22 0xffffffaa mem 0x8003d0f1
core   0: 0x80007d60 (0xfd078883) lb      a7, -48(a5)
core   0: 0 0x80007d60 (0xfd078883) x17 0x00000045 mem 0x8003d08e
core   0: 0x80007d64 (0x030788a3) sb      a6, 49(a5)
core   0: 0 0x80007d64 (0x030788a3) mem 0x8003d0ef 0x95
core   0: 0x80007d68 (0x01f7c383) lbu     t2, 31(a5)
core   0: 0 0x80007d68 (0x01f7c383) x7  0x00000096 mem 0x8003d0dd
core   0: 0x80007d6c (0x416c5693) srai    a3, s8, 22
core   0: 0 0x80007d6c (0x416c5693) x13 0x00000000
core   0: 0x80007d70 (0xee84e293) ori     t0, s1, -280
core   0: 0 0x80007d70 (0xee84e293) x5  0xfffffefd
core   0: 0x80007d74 (0x011fb9b3) sltu    s3, t6, a7
core   0: 0 0x80007d74 (0x011fb9b3) x19 0x00000000
core   0: 0x80007d78 (0x000086dd) c.srai  a3, 23
core   0: 0 0x80007d78 (0x86dd) x13 0x00000000
core   0: 0x80007d7a (0x02d7af23) sw      a3, 62(a5)
core   0: 0 0x80007d7a (0x02d7af23) mem 0x8003d0fc 0x00000000
core   0: 0x80007d7e (0x01017bb3) and     s7, sp, a6
core   0: 0 0x80007d7e (0x01017bb3) x23 0x00009095
core   0: 0x80007d82 (0xfcc78083) lb      ra, -52(a5)
core   0: 0 0x80007d82 (0xfcc78083) x1  0x00000041 mem 0x8003d08a
core   0: 0x80007d86 (0x03cec933) div     s2, t4, t3
core   0: 0 0x80007d86 (0x03cec933) x18 0x00000000
core   0: 0x80007d8a (0x00b74fb3) xor     t6, a4, a1
core   0: 0 0x80007d8a (0x00b74fb3) x31 0x8004cc98
core   0: 0x80007d8e (0xfc07c183) lbu     gp, -64(a5)
core   0: 0 0x80007d8e (0xfc07c183) x3  0x00000035 mem 0x8003d07e
core   0: 0x80007d92 (0xff678583) lb      a1, -10(a5)
core   0: 0 0x80007d92 (0xff678583) x11 0x0000006f mem 0x8003d0b4
core   0: 0x80007d96 (0x0000100f) fence.i
core   0: 0 0x80007d96 (0x0000100f)
core   0: 0x80007d9a (0x3b027493) andi    s1, tp, 944
core   0: 0 0x80007d9a (0x3b027493) x9  0x000002a0
core   0: 0x80007d9e (0x02dccd33) div     s10, s9, a3
core   0: 0 0x80007d9e (0x02dccd33) x26 0xffffffff
core   0: 0x80007da2 (0x01b78003) lb      zero, 27(a5)
core   0: 0 0x80007da2 (0x01b78003) mem 0x8003d0d9
core   0: 0x80007da6 (0x00279903) lh      s2, 2(a5)
core   0: 0 0x80007da6 (0x00279903) x18 0x00007a7b mem 0x8003d0c0
core   0: 0x80007daa (0xfe77cb03) lbu     s6, -25(a5)
core   0: 0 0x80007daa (0xfe77cb03) x22 0x0000005e mem 0x8003d0a5
core   0: 0x80007dae (0xff278423) sb      s2, -24(a5)
core   0: 0 0x80007dae (0xff278423) mem 0x8003d0a6 0x7b
core   0: 0x80007db2 (0x01b9e933) or      s2, s3, s11
core   0: 0 0x80007db2 (0x01b9e933) x18 0x00008a8b
core   0: 0x80007db6 (0x01078823) sb      a6, 16(a5)
core   0: 0 0x80007db6 (0x01078823) mem 0x8003d0ce 0x95
core   0: 0x80007dba (0xfde78083) lb      ra, -34(a5)
core   0: 0 0x80007dba (0xfde78083) x1  0x00000057 mem 0x8003d09c
core   0: 0x80007dbe (0xac933893) sltiu   a7, t1, -1335
core   0: 0 0x80007dbe (0xac933893) x17 0x00000001
core   0: 0x80007dc2 (0x0000987d) c.andi  s0, -1
core   0: 0 0x80007dc2 (0x987d) x8  0x000000b8
core   0: 0x80007dc4 (0x0109fb33) and     s6, s3, a6
core   0: 0 0x80007dc4 (0x0109fb33) x22 0x00000000
core   0: 0x80007dc8 (0xfcc78023) sb      a2, -64(a5)
core   0: 0 0x80007dc8 (0xfcc78023) mem 0x8003d07e 0x38
core   0: 0x80007dcc (0x00d78483) lb      s1, 13(a5)
core   0: 0 0x80007dcc (0x00d78483) x9  0xffffff80 mem 0x8003d0cb
core   0: 0x80007dd0 (0x9c04b013) sltiu   zero, s1, -1600
core   0: 0 0x80007dd0 (0x9c04b013)
core   0: 0x80007dd4 (0x03e7c983) lbu     s3, 62(a5)
core   0: 0 0x80007dd4 (0x03e7c983) x19 0x00000000 mem 0x8003d0fc
core   0: 0x80007dd8 (0x01f7cf83) lbu     t6, 31(a5)
core   0: 0 0x80007dd8 (0x01f7cf83) x31 0x00000096 mem 0x8003d0dd
core   0: 0x80007ddc (0x02078b83) lb      s7, 32(a5)
core   0: 0 0x80007ddc (0x02078b83) x23 0xffffff95 mem 0x8003d0de
core   0: 0x80007de0 (0xfe67dc83) lhu     s9, -26(a5)
core   0: 0 0x80007de0 (0xfe67dc83) x25 0x00005e5f mem 0x8003d0a4
core   0: 0x80007de4 (0x02e521b3) mulhsu  gp, a0, a4
core   0: 0 0x80007de4 (0x02e521b3) x3  0xbfff2695
core   0: 0x80007de8 (0x000099fd) c.andi  a1, -1
core   0: 0 0x80007de8 (0x99fd) x11 0x0000006f
core   0: 0x80007dea (0xfe87cc03) lbu     s8, -24(a5)
core   0: 0 0x80007dea (0xfe87cc03) x24 0x0000007b mem 0x8003d0a6
core   0: 0x80007dee (0x0232fb33) remu    s6, t0, gp
core   0: 0 0x80007dee (0x0232fb33) x22 0x4000d868
core   0: 0x80007df2 (0x0051b0b3) sltu    ra, gp, t0
core   0: 0 0x80007df2 (0x0051b0b3) x1  0x00000001
core   0: 0x80007df6 (0x009e1e93) slli    t4, t3, 9
core   0: 0 0x80007df6 (0x009e1e93) x29 0xffc13a00
core   0: 0x80007dfa (0x00008de1) c.and   a1, s0
core   0: 0 0x80007dfa (0x8de1) x11 0x00000028
core   0: 0x80007dfc (0x00008c95) c.sub   s1, a3
core   0: 0 0x80007dfc (0x8c95) x9  0xffffff80
core   0: 0x80007dfe (0x024781a3) sb      tp, 35(a5)
core   0: 0 0x80007dfe (0x024781a3) mem 0x8003d0e1 0xab
core   0: 0x80007e02 (0xffe781a3) sb      t5, -29(a5)
core   0: 0 0x80007e02 (0xffe781a3) mem 0x8003d0a1 0x1
core   0: 0x80007e06 (0x01d49ab3) sll     s5, s1, t4
core   0: 0 0x80007e06 (0x01d49ab3) x21 0xffffff80
core   0: 0x80007e0a (0x002783a3) sb      sp, 7(a5)
core   0: 0 0x80007e0a (0x002783a3) mem 0x8003d0c5 0x95
core   0: 0x80007e0e (0x0067a583) lw      a1, 6(a5)
core   0: 0 0x80007e0e (0x0067a583) x11 0x7c7d957f mem 0x8003d0c4
core   0: 0x80007e12 (0x0003ba97) auipc   s5, 0x3b
core   0: 0 0x80007e12 (0x0003ba97) x21 0x80042e12
core   0: 0x80007e16 (0x8f0a8a93) addi    s5, s5, -1808
core   0: 0 0x80007e16 (0x8f0a8a93) x21 0x80042702
core   0: 0x80007e1a (0x01ba8123) sb      s11, 2(s5)
core   0: 0 0x80007e1a (0x01ba8123) mem 0x80042704 0x8b
core   0: 0x80007e1e (0x002aa503) lw      a0, 2(s5)
core   0: 0 0x80007e1e (0x002aa503) x10 0xbcbdbe8b mem 0x80042704
core   0: 0x80007e22 (0x006a9123) sh      t1, 2(s5)
core   0: 0 0x80007e22 (0x006a9123) mem 0x80042704 0x5c5d
core   0: 0x80007e26 (0x002a8403) lb      s0, 2(s5)
core   0: 0 0x80007e26 (0x002a8403) x8  0x0000005d mem 0x80042704
core   0: 0x80007e2a (0x010a8123) sb      a6, 2(s5)
core   0: 0 0x80007e2a (0x010a8123) mem 0x80042704 0x95
core   0: 0x80007e2e (0x7bbcf693) andi    a3, s9, 1979
core   0: 0 0x80007e2e (0x7bbcf693) x13 0x0000061b
core   0: 0x80007e32 (0x01da8803) lb      a6, 29(s5)
core   0: 0 0x80007e32 (0x01da8803) x16 0xffffffd4 mem 0x8004271f
core   0: 0x80007e36 (0x03aa8183) lb      gp, 58(s5)
core   0: 0 0x80007e36 (0x03aa8183) x3  0xfffffff7 mem 0x8004273c
core   0: 0x80007e3a (0x91e73db7) lui     s11, 0x91e73
core   0: 0 0x80007e3a (0x91e73db7) x27 0x91e73000
core   0: 0x80007e3e (0x00005f7d) c.li    t5, -1
core   0: 0 0x80007e3e (0x5f7d) x30 0xffffffff
core   0: 0x80007e40 (0x03aa8683) lb      a3, 58(s5)
core   0: 0 0x80007e40 (0x03aa8683) x13 0xfffffff7 mem 0x8004273c
core   0: 0x80007e44 (0x03ca8d23) sb      t3, 58(s5)
core   0: 0 0x80007e44 (0x03ca8d23) mem 0x8004273c 0x9d
core   0: 0x80007e48 (0x032a9d23) sh      s2, 58(s5)
core   0: 0 0x80007e48 (0x032a9d23) mem 0x8004273c 0x8a8b
core   0: 0x80007e4c (0x003a1b13) slli    s6, s4, 3
core   0: 0 0x80007e4c (0x003a1b13) x22 0xffffff30
core   0: 0x80007e50 (0x012a9a03) lh      s4, 18(s5)
core   0: 0 0x80007e50 (0x012a9a03) x20 0xffffcecf mem 0x80042714
core   0: 0x80007e54 (0x010ad803) lhu     a6, 16(s5)
core   0: 0 0x80007e54 (0x010ad803) x16 0x0000c8c9 mem 0x80042712
core   0: 0x80007e58 (0x01ea9823) sh      t5, 16(s5)
core   0: 0 0x80007e58 (0x01ea9823) mem 0x80042712 0xffff
core   0: 0x80007e5c (0x010a8303) lb      t1, 16(s5)
core   0: 0 0x80007e5c (0x010a8303) x6  0xffffffff mem 0x80042712
core   0: 0x80007e60 (0x0002c697) auipc   a3, 0x2c
core   0: 0 0x80007e60 (0x0002c697) x13 0x80033e60
core   0: 0x80007e64 (0x9aa68693) addi    a3, a3, -1622
core   0: 0 0x80007e64 (0x9aa68693) x13 0x8003380a
core   0: 0x80007e68 (0x0026ca83) lbu     s5, 2(a3)
core   0: 0 0x80007e68 (0x0026ca83) x21 0x000000c7 mem 0x8003380c
core   0: 0x80007e6c (0x00008cb9) c.xor   s1, a4
core   0: 0 0x80007e6c (0x8cb9) x9  0x7ffb3364
core   0: 0x80007e6e (0x41838533) sub     a0, t2, s8
core   0: 0 0x80007e6e (0x41838533) x10 0x0000001b
core   0: 0x80007e72 (0x00268803) lb      a6, 2(a3)
core   0: 0 0x80007e72 (0x00268803) x16 0xffffffc7 mem 0x8003380c
core   0: 0x80007e76 (0x00a6c083) lbu     ra, 10(a3)
core   0: 0 0x80007e76 (0x00a6c083) x1  0x000000cf mem 0x80033814
core   0: 0x80007e7a (0x00008d85) c.sub   a1, s1
core   0: 0 0x80007e7a (0x8d85) x11 0xfc82621b
core   0: 0x80007e7c (0xff56cb03) lbu     s6, -11(a3)
core   0: 0 0x80007e7c (0xff56cb03) x22 0x000000b4 mem 0x800337ff
core   0: 0x80007e80 (0xffb6c403) lbu     s0, -5(a3)
core   0: 0 0x80007e80 (0xffb6c403) x8  0x000000be mem 0x80033805
core   0: 0x80007e84 (0xffb6ca83) lbu     s5, -5(a3)
core   0: 0 0x80007e84 (0xffb6ca83) x21 0x000000be mem 0x80033805
core   0: 0x80007e88 (0xff868da3) sb      s8, -5(a3)
core   0: 0 0x80007e88 (0xff868da3) mem 0x80033805 0x7b
core   0: 0x80007e8c (0xffb68903) lb      s2, -5(a3)
core   0: 0 0x80007e8c (0xffb68903) x18 0x0000007b mem 0x80033805
core   0: 0x80007e90 (0x00e68b83) lb      s7, 14(a3)
core   0: 0 0x80007e90 (0x00e68b83) x23 0xffffffd3 mem 0x80033818
core   0: 0x80007e94 (0x00868723) sb      s0, 14(a3)
core   0: 0 0x80007e94 (0x00868723) mem 0x80033818 0xbe
core   0: 0x80007e98 (0x00e69d03) lh      s10, 14(a3)
core   0: 0 0x80007e98 (0x00e69d03) x26 0xffffd2be mem 0x80033818
core   0: 0x80007e9c (0x00e6a903) lw      s2, 14(a3)
core   0: 0 0x80007e9c (0x00e6a903) x18 0xe4d1d2be mem 0x80033818
core   0: 0x80007ea0 (0x02075e33) divu    t3, a4, zero
core   0: 0 0x80007ea0 (0x02075e33) x28 0xffffffff
core   0: 0x80007ea4 (0x00129513) slli    a0, t0, 1
core   0: 0 0x80007ea4 (0x00129513) x10 0xfffffdfa
core   0: 0x80007ea8 (0x00e69803) lh      a6, 14(a3)
core   0: 0 0x80007ea8 (0x00e69803) x16 0xffffd2be mem 0x80033818
core   0: 0x80007eac (0x00004c99) c.li    s9, 6
core   0: 0 0x80007eac (0x4c99) x25 0x00000006
core   0: 0x80007eae (0x01c69723) sh      t3, 14(a3)
core   0: 0 0x80007eae (0x01c69723) mem 0x80033818 0xffff
core   0: 0x80007eb2 (0x00368883) lb      a7, 3(a3)
core   0: 0 0x80007eb2 (0x00368883) x17 0xffffffc6 mem 0x8003380d
core   0: 0x80007eb6 (0x00b681a3) sb      a1, 3(a3)
core   0: 0 0x80007eb6 (0x00b681a3) mem 0x8003380d 0x1b
core   0: 0x80007eba (0x0002c317) auipc   t1, 0x2c
core   0: 0 0x80007eba (0x0002c317) x6  0x80033eba
core   0: 0x80007ebe (0xafe30313) addi    t1, t1, -1282
core   0: 0 0x80007ebe (0xafe30313) x6  0x800339b8
core   0: 0x80007ec2 (0x0a831683) lh      a3, 168(t1)
core   0: 0 0x80007ec2 (0x0a831683) x13 0xffffcd1b mem 0x80033a60
core   0: 0x80007ec6 (0xf6835783) lhu     a5, -152(t1)
core   0: 0 0x80007ec6 (0xf6835783) x15 0x0000dadb mem 0x80033920
core   0: 0x80007eca (0x021b7833) remu    a6, s6, ra
core   0: 0 0x80007eca (0x021b7833) x16 0x000000b4
core   0: 0x80007ece (0xfc85bf93) sltiu   t6, a1, -56
core   0: 0 0x80007ece (0xfc85bf93) x31 0x00000001
core   0: 0x80007ed2 (0xf8730e03) lb      t3, -121(t1)
core   0: 0 0x80007ed2 (0xf8730e03) x28 0xfffffff4 mem 0x8003393f
core   0: 0x80007ed6 (0x0203e1b3) rem     gp, t2, zero
core   0: 0 0x80007ed6 (0x0203e1b3) x3  0x00000096
core   0: 0x80007eda (0x0179a033) slt     zero, s3, s7
core   0: 0 0x80007eda (0x0179a033)
core   0: 0x80007ede (0x00000bba) c.slli  s7, 14
core   0: 0 0x80007ede (0x0bba) x23 0xfff4c000
core   0: 0x80007ee0 (0xfd330f23) sb      s3, -34(t1)
core   0: 0 0x80007ee0 (0xfd330f23) mem 0x80033996 0x0
core   0: 0x80007ee4 (0x6541ea93) ori     s5, gp, 1620
core   0: 0 0x80007ee4 (0x6541ea93) x21 0x000006d6
core   0: 0x80007ee8 (0x408a8533) sub     a0, s5, s0
core   0: 0 0x80007ee8 (0x408a8533) x10 0x00000618
core   0: 0x80007eec (0x00008c09) c.sub   s0, a0
core   0: 0 0x80007eec (0x8c09) x8  0xfffffaa6
core   0: 0x80007eee (0x03a8ce33) div     t3, a7, s10
core   0: 0 0x80007eee (0x03a8ce33) x28 0x00000000
core   0: 0x80007ef2 (0x0ff0000f) fence   iorw,iorw
core   0: 0 0x80007ef2 (0x0ff0000f)
core   0: 0x80007ef6 (0x014f6cb3) or      s9, t5, s4
core   0: 0 0x80007ef6 (0x014f6cb3) x25 0xffffffff
core   0: 0x80007efa (0x40fe07b3) sub     a5, t3, a5
core   0: 0 0x80007efa (0x40fe07b3) x15 0xffff2525
core   0: 0x80007efe (0xf8b30fa3) sb      a1, -97(t1)
core   0: 0 0x80007efe (0xf8b30fa3) mem 0x80033957 0x1b
core   0: 0x80007f02 (0x02c3bdb3) mulhu   s11, t2, a2
core   0: 0 0x80007f02 (0x02c3bdb3) x27 0x0000004b
core   0: 0x80007f06 (0x000cdab3) srl     s5, s9, zero
core   0: 0 0x80007f06 (0x000cdab3) x21 0xffffffff
core   0: 0x80007f0a (0x00bbeab3) or      s5, s7, a1
core   0: 0 0x80007f0a (0x00bbeab3) x21 0xfff6e21b
core   0: 0x80007f0e (0x09830aa3) sb      s8, 149(t1)
core   0: 0 0x80007f0e (0x09830aa3) mem 0x80033a4d 0x7b
core   0: 0x80007f12 (0x06334383) lbu     t2, 99(t1)
core   0: 0 0x80007f12 (0x06334383) x7  0x000000d0 mem 0x80033a1b
core   0: 0x80007f16 (0x00008ea5) c.xor   a3, s1
core   0: 0 0x80007f16 (0x8ea5) x13 0x8004fe7f
core   0: 0x80007f18 (0x85c08c93) addi    s9, ra, -1956
core   0: 0 0x80007f18 (0x85c08c93) x25 0xfffff92b
core   0: 0x80007f1c (0xf5a300a3) sb      s10, -191(t1)
core   0: 0 0x80007f1c (0xf5a300a3) mem 0x800338f9 0xbe
core   0: 0x80007f20 (0x00004c5d) c.li    s8, 23
core   0: 0 0x80007f20 (0x4c5d) x24 0x00000017
core   0: 0x80007f22 (0x00008cad) c.xor   s1, a1
core   0: 0 0x80007f22 (0x8cad) x9  0x8379517f
core   0: 0x80007f24 (0x02ff6833) rem     a6, t5, a5
core   0: 0 0x80007f24 (0x02ff6833) x16 0xffffffff
core   0: 0x80007f28 (0xf9e31983) lh      s3, -98(t1)
core   0: 0 0x80007f28 (0xf9e31983) x19 0x00001b0d mem 0x80033956
core   0: 0x80007f2c (0x0000805d) c.srli  s0, 23
core   0: 0 0x80007f2c (0x805d) x8  0x000001ff
core   0: 0x80007f2e (0x02a712b3) mulh    t0, a4, a0
core   0: 0 0x80007f2e (0x02a712b3) x5  0xfffffcf4
core   0: 0x80007f32 (0xf49309a3) sb      s1, -173(t1)
core   0: 0 0x80007f32 (0xf49309a3) mem 0x8003390b 0x7f
core   0: 0x80007f36 (0x4c85cf37) lui     t5, 0x4c85c
core   0: 0 0x80007f36 (0x4c85cf37) x30 0x4c85c000
core   0: 0x80007f3a (0x08330d03) lb      s10, 131(t1)
core   0: 0 0x80007f3a (0x08330d03) x26 0xfffffff0 mem 0x80033a3b
core   0: 0x80007f3e (0xe26d8eb7) lui     t4, 0xe26d8
core   0: 0 0x80007f3e (0xe26d8eb7) x29 0xe26d8000
core   0: 0x80007f42 (0xfef32023) sw      a5, -32(t1)
core   0: 0 0x80007f42 (0xfef32023) mem 0x80033998 0xffff2525
core   0: 0x80007f46 (0x000086a2) c.mv    a3, s0
core   0: 0 0x80007f46 (0x86a2) x13 0x000001ff
core   0: 0x80007f48 (0x00000001) c.nop
core   0: 0 0x80007f48 (0x0001)
core   0: 0x80007f4a (0x00000001) c.nop
core   0: 0 0x80007f4a (0x0001)
core   0: 0x80007f4c (0xf0531523) sh      t0, -246(t1)
core   0: 0 0x80007f4c (0xf0531523) mem 0x800338c2 0xfcf4
core   0: 0x80007f50 (0xf5530f03) lb      t5, -171(t1)
core   0: 0 0x80007f50 (0xf5530f03) x30 0xffffffc6 mem 0x8003390d
core   0: 0x80007f54 (0xf6930f03) lb      t5, -151(t1)
core   0: 0 0x80007f54 (0xf6930f03) x30 0xffffffda mem 0x80033921
core   0: 0x80007f58 (0xf1634b83) lbu     s7, -234(t1)
core   0: 0 0x80007f58 (0xf1634b83) x23 0x00000085 mem 0x800338ce
core   0: 0x80007f5c (0x016b83b3) add     t2, s7, s6
core   0: 0 0x80007f5c (0x016b83b3) x7  0x00000139
core   0: 0x80007f60 (0x0000987d) c.andi  s0, -1
core   0: 0 0x80007f60 (0x987d) x8  0x000001ff
core   0: 0x80007f62 (0xf3134803) lbu     a6, -207(t1)
core   0: 0 0x80007f62 (0xf3134803) x16 0x000000a2 mem 0x800338e9
core   0: 0x80007f66 (0x0002e997) auipc   s3, 0x2e
core   0: 0 0x80007f66 (0x0002e997) x19 0x80035f66
core   0: 0x80007f6a (0xfd498993) addi    s3, s3, -44
core   0: 0 0x80007f6a (0xfd498993) x19 0x80035f3a
core   0: 0x80007f6e (0xffe9d083) lhu     ra, -2(s3)
core   0: 0 0x80007f6e (0xffe9d083) x1  0x0000f2f3 mem 0x80035f38
core   0: 0x80007f72 (0xff19c083) lbu     ra, -15(s3)
core   0: 0 0x80007f72 (0xff19c083) x1  0x000000e0 mem 0x80035f2b
core   0: 0x80007f76 (0xff19c203) lbu     tp, -15(s3)
core   0: 0 0x80007f76 (0xff19c203) x4  0x000000e0 mem 0x80035f2b
core   0: 0x80007f7a (0xff198e83) lb      t4, -15(s3)
core   0: 0 0x80007f7a (0xff198e83) x29 0xffffffe0 mem 0x80035f2b
core   0: 0x80007f7e (0xff198c83) lb      s9, -15(s3)
core   0: 0 0x80007f7e (0xff198c83) x25 0xffffffe0 mem 0x80035f2b
core   0: 0x80007f82 (0xac1a0293) addi    t0, s4, -1343
core   0: 0 0x80007f82 (0xac1a0293) x5  0xffffc990
core   0: 0x80007f86 (0x0130e933) or      s2, ra, s3
core   0: 0 0x80007f86 (0x0130e933) x18 0x80035ffa
core   0: 0x80007f8a (0x00e9d783) lhu     a5, 14(s3)
core   0: 0 0x80007f8a (0x00e9d783) x15 0x00000203 mem 0x80035f48
core   0: 0x80007f8e (0x00599723) sh      t0, 14(s3)
core   0: 0 0x80007f8e (0x00599723) mem 0x80035f48 0xc990
core   0: 0x80007f92 (0x00f98723) sb      a5, 14(s3)
core   0: 0 0x80007f92 (0x00f98723) mem 0x80035f48 0x3
core   0: 0x80007f96 (0xfff98083) lb      ra, -1(s3)
core   0: 0 0x80007f96 (0xfff98083) x1  0xfffffff2 mem 0x80035f39
core   0: 0x80007f9a (0xfff98383) lb      t2, -1(s3)
core   0: 0 0x80007f9a (0xfff98383) x7  0xfffffff2 mem 0x80035f39
core   0: 0x80007f9e (0x00008c21) c.xor   s0, s0
core   0: 0 0x80007f9e (0x8c21) x8  0x00000000
core   0: 0x80007fa0 (0x00499a83) lh      s5, 4(s3)
core   0: 0 0x80007fa0 (0x00499a83) x21 0xfffff4f5 mem 0x80035f3e
core   0: 0x80007fa4 (0x0049c003) lbu     zero, 4(s3)
core   0: 0 0x80007fa4 (0x0049c003) mem 0x80035f3e
core   0: 0x80007fa8 (0x00998783) lb      a5, 9(s3)
core   0: 0 0x80007fa8 (0x00998783) x15 0xfffffff8 mem 0x80035f43
core   0: 0x80007fac (0x01c99023) sh      t3, 0(s3)
core   0: 0 0x80007fac (0x01c99023) mem 0x80035f3a 0x0000
core   0: 0x80007fb0 (0x00099d83) lh      s11, 0(s3)
core   0: 0 0x80007fb0 (0x00099d83) x27 0x00000000 mem 0x80035f3a
core   0: 0x80007fb4 (0x03751e33) mulh    t3, a0, s7
core   0: 0 0x80007fb4 (0x03751e33) x28 0x00000000
core   0: 0x80007fb8 (0xff59c383) lbu     t2, -11(s3)
core   0: 0 0x80007fb8 (0xff59c383) x7  0x000000e4 mem 0x80035f2f
core   0: 0x80007fbc (0x0039c203) lbu     tp, 3(s3)
core   0: 0 0x80007fbc (0x0039c203) x4  0x000000f6 mem 0x80035f3d
core   0: 0x80007fc0 (0x0039c783) lbu     a5, 3(s3)
core   0: 0 0x80007fc0 (0x0039c783) x15 0x000000f6 mem 0x80035f3d
core   0: 0x80007fc4 (0x012981a3) sb      s2, 3(s3)
core   0: 0 0x80007fc4 (0x012981a3) mem 0x80035f3d 0xfa
core   0: 0x80007fc8 (0x00d981a3) sb      a3, 3(s3)
core   0: 0 0x80007fc8 (0x00d981a3) mem 0x80035f3d 0xff
core   0: 0x80007fcc (0x0002ca97) auipc   s5, 0x2c
core   0: 0 0x80007fcc (0x0002ca97) x21 0x80033fcc
core   0: 0x80007fd0 (0xfe3a8a93) addi    s5, s5, -29
core   0: 0 0x80007fd0 (0xfe3a8a93) x21 0x80033faf
core   0: 0x80007fd4 (0x000043f1) c.li    t2, 28
core   0: 0 0x80007fd4 (0x43f1) x7  0x0000001c
core   0: 0x80007fd6 (0x065aaaa3) sw      t0, 117(s5)
core   0: 0 0x80007fd6 (0x065aaaa3) mem 0x80034024 0xffffc990
core   0: 0x80007fda (0x002a8da3) sb      sp, 27(s5)
core   0: 0 0x80007fda (0x002a8da3) mem 0x80033fca 0x95
core   0: 0x80007fde (0x049aa983) lw      s3, 73(s5)
core   0: 0 0x80007fde (0x049aa983) x19 0xb0b1b2b3 mem 0x80033ff8
core   0: 0x80007fe2 (0x028cbf33) mulhu   t5, s9, s0
core   0: 0 0x80007fe2 (0x028cbf33) x30 0x00000000
core   0: 0x80007fe6 (0x085a8183) lb      gp, 133(s5)
core   0: 0 0x80007fe6 (0x085a8183) x3  0xffffffff mem 0x80034034
core   0: 0x80007fea (0x01a69cb3) sll     s9, a3, s10
core   0: 0 0x80007fea (0x01a69cb3) x25 0x01ff0000
core   0: 0x80007fee (0x5c7d2213) slti    tp, s10, 1479
core   0: 0 0x80007fee (0x5c7d2213) x4  0x00000001
core   0: 0x80007ff2 (0x00008cf9) c.and   s1, a4
core   0: 0 0x80007ff2 (0x8cf9) x9  0x80004064
core   0: 0x80007ff4 (0x0ff0000f) fence   iorw,iorw
core   0: 0 0x80007ff4 (0x0ff0000f)
core   0: 0x80007ff8 (0xf87ac083) lbu     ra, -121(s5)
core   0: 0 0x80007ff8 (0xf87ac083) x1  0x000000ed mem 0x80033f36
core   0: 0x80007ffc (0x03a4bd33) mulhu   s10, s1, s10
core   0: 0 0x80007ffc (0x03a4bd33) x26 0x8000405b
core   0: 0x80008000 (0x055a8503) lb      a0, 85(s5)
core   0: 0 0x80008000 (0x055a8503) x10 0xffffffbf mem 0x80034004
core   0: 0x80008004 (0x0ff0000f) fence   iorw,iorw
core   0: 0 0x80008004 (0x0ff0000f)
core   0: 0x80008008 (0x00006c2d) c.lui   s8, 0xb
core   0: 0 0x80008008 (0x6c2d) x24 0x0000b000
core   0: 0x8000800a (0x00aa8483) lb      s1, 10(s5)
core   0: 0 0x8000800a (0x00aa8483) x9  0x00000072 mem 0x80033fb9
core   0: 0x8000800e (0x39984993) xori    s3, a6, 921
core   0: 0 0x8000800e (0x39984993) x19 0x0000033b
core   0: 0x80008012 (0x00006915) c.lui   s2, 0x5
core   0: 0 0x80008012 (0x6915) x18 0x00005000
core   0: 0x80008014 (0x00008c65) c.and   s0, s1
core   0: 0 0x80008014 (0x8c65) x8  0x00000000
core   0: 0x80008016 (0x000084c2) c.mv    s1, a6
core   0: 0 0x80008016 (0x84c2) x9  0x000000a2
core   0: 0x80008018 (0x0307e033) rem     zero, a5, a6
core   0: 0 0x80008018 (0x0307e033)
core   0: 0x8000801c (0xfeaaa2a3) sw      a0, -27(s5)
core   0: 0 0x8000801c (0xfeaaa2a3) mem 0x80033f94 0xffffffbf
core   0: 0x80008020 (0x050a82a3) sb      a6, 69(s5)
core   0: 0 0x80008020 (0x050a82a3) mem 0x80033ff4 0xa2
core   0: 0x80008024 (0xf26a8203) lb      tp, -218(s5)
core   0: 0 0x80008024 (0xf26a8203) x4  0xffffff8e mem 0x80033ed5
core   0: 0x80008028 (0x01715433) srl     s0, sp, s7
core   0: 0 0x80008028 (0x01715433) x8  0x07af1cc4
core   0: 0x8000802c (0x000084e9) c.srai  s1, 26
core   0: 0 0x8000802c (0x84e9) x9  0x00000000
core   0: 0x8000802e (0x012dabb3) slt     s7, s11, s2
core   0: 0 0x8000802e (0x012dabb3) x23 0x00000001
core   0: 0x80008032 (0xf2aa8c83) lb      s9, -214(s5)
core   0: 0 0x80008032 (0xf2aa8c83) x25 0xffffff92 mem 0x80033ed9
core   0: 0x80008036 (0xfbaac183) lbu     gp, -70(s5)
core   0: 0 0x80008036 (0xfbaac183) x3  0x00000022 mem 0x80033f69
core   0: 0x8000803a (0xf5baa8a3) sw      s11, -175(s5)
core   0: 0 0x8000803a (0xf5baa8a3) mem 0x80033f00 0x00000000
core   0: 0x8000803e (0x51baab93) slti    s7, s5, 1307
core   0: 0 0x8000803e (0x51baab93) x23 0x00000001
core   0: 0x80008042 (0x407487b3) sub     a5, s1, t2
core   0: 0 0x80008042 (0x407487b3) x15 0xffffffe4
core   0: 0x80008046 (0x016ac303) lbu     t1, 22(s5)
core   0: 0 0x80008046 (0x016ac303) x6  0x0000007e mem 0x80033fc5
core   0: 0x8000804a (0x0002f197) auipc   gp, 0x2f
core   0: 0 0x8000804a (0x0002f197) x3  0x8003704a
core   0: 0x8000804e (0x80c18193) addi    gp, gp, -2036
core   0: 0 0x8000804e (0x80c18193) x3  0x80036856
core   0: 0x80008052 (0x03e1ae03) lw      t3, 62(gp)
core   0: 0 0x80008052 (0x03e1ae03) x28 0x4c4d4e4f mem 0x80036894
core   0: 0x80008056 (0x40585533) sra     a0, a6, t0
core   0: 0 0x80008056 (0x40585533) x10 0x00000000
core   0: 0x8000805a (0x0041cc03) lbu     s8, 4(gp)
core   0: 0 0x8000805a (0x0041cc03) x24 0x00000011 mem 0x8003685a
core   0: 0x8000805e (0xc456cf93) xori    t6, a3, -955
core   0: 0 0x8000805e (0xc456cf93) x31 0xfffffdba
core   0: 0x80008062 (0x00cf7533) and     a0, t5, a2
core   0: 0 0x80008062 (0x00cf7533) x10 0x00000000
core   0: 0x80008066 (0x0d91c483) lbu     s1, 217(gp)
core   0: 0 0x80008066 (0x0d91c483) x9  0x000000e4 mem 0x8003692f
core   0: 0x8000806a (0xf881d683) lhu     a3, -120(gp)
core   0: 0 0x8000806a (0xf881d683) x13 0x00009495 mem 0x800367de
core   0: 0x8000806e (0x03e2bfb3) mulhu   t6, t0, t5
core   0: 0 0x8000806e (0x03e2bfb3) x31 0x00000000
core   0: 0x80008072 (0x02fc7533) remu    a0, s8, a5
core   0: 0 0x80008072 (0x02fc7533) x10 0x00000011
core   0: 0x80008076 (0x06418623) sb      tp, 108(gp)
core   0: 0 0x80008076 (0x06418623) mem 0x800368c2 0x8e
core   0: 0x8000807a (0xf0c1d903) lhu     s2, -244(gp)
core   0: 0 0x8000807a (0xf0c1d903) x18 0x00001819 mem 0x80036762
core   0: 0x8000807e (0x00008c51) c.or    s0, a2
core   0: 0 0x8000807e (0x8c51) x8  0x87af9efc
core   0: 0x80008080 (0x00311033) sll     zero, sp, gp
core   0: 0 0x80008080 (0x00311033)
core   0: 0x80008084 (0x09c182a3) sb      t3, 133(gp)
core   0: 0 0x80008084 (0x09c182a3) mem 0x800368db 0x4f
core   0: 0x80008088 (0x0a71ca83) lbu     s5, 167(gp)
core   0: 0 0x80008088 (0x0a71ca83) x21 0x000000b6 mem 0x800368fd
core   0: 0x8000808c (0x0551cf03) lbu     t5, 85(gp)
core   0: 0 0x8000808c (0x0551cf03) x30 0x00000060 mem 0x800368ab
core   0: 0x80008090 (0x00008cad) c.xor   s1, a1
core   0: 0 0x80008090 (0x8cad) x9  0xfc8262ff
core   0: 0x80008092 (0x4047d8b3) sra     a7, a5, tp
core   0: 0 0x80008092 (0x4047d8b3) x17 0xffffffff
core   0: 0x80008096 (0xfcf18803) lb      a6, -49(gp)
core   0: 0 0x80008096 (0xfcf18803) x16 0xffffffde mem 0x80036825
core   0: 0x8000809a (0x00008561) c.srai  a0, 24
core   0: 0 0x8000809a (0x8561) x10 0x00000000
core   0: 0x8000809c (0xfdf18403) lb      s0, -33(gp)
core   0: 0 0x8000809c (0xfdf18403) x8  0xffffffee mem 0x80036835
core   0: 0x800080a0 (0xf6819403) lh      s0, -152(gp)
core   0: 0 0x800080a0 (0xf6819403) x8  0x00007475 mem 0x800367be
core   0: 0x800080a4 (0xf971cc83) lbu     s9, -105(gp)
core   0: 0 0x800080a4 (0xf971cc83) x25 0x000000a6 mem 0x800367ed
core   0: 0x800080a8 (0x00008cc5) c.or    s1, s1
core   0: 0 0x800080a8 (0x8cc5) x9  0xfc8262ff
core   0: 0x800080aa (0x00c94533) xor     a0, s2, a2
core   0: 0 0x800080aa (0x00c94533) x10 0x80049621
core   0: 0x800080ae (0x000005b1) c.addi  a1, 12
core   0: 0 0x800080ae (0x05b1) x11 0xfc826227
core   0: 0x800080b0 (0x02cc4333) div     t1, s8, a2
core   0: 0 0x800080b0 (0x02cc4333) x6  0x00000000
core   0: 0x800080b4 (0x00001bfd) c.addi  s7, -1
core   0: 0 0x800080b4 (0x1bfd) x23 0x00000000
core   0: 0x800080b6 (0x00000001) c.nop
core   0: 0 0x800080b6 (0x0001)
core   0: 0x800080b8 (0xfca18583) lb      a1, -54(gp)
core   0: 0 0x800080b8 (0xfca18583) x11 0xffffffdb mem 0x80036820
core   0: 0x800080bc (0x6cfb2413) slti    s0, s6, 1743
core   0: 0 0x800080bc (0x6cfb2413) x8  0x00000001
core   0: 0x800080c0 (0xf7c18403) lb      s0, -132(gp)
core   0: 0 0x800080c0 (0xf7c18403) x8  0xffffff89 mem 0x800367d2
core   0: 0x800080c4 (0x0002d517) auipc   a0, 0x2d
core   0: 0 0x800080c4 (0x0002d517) x10 0x800350c4
core   0: 0x800080c8 (0x85c50513) addi    a0, a0, -1956
core   0: 0 0x800080c8 (0x85c50513) x10 0x80034920
core   0: 0x800080cc (0x0002cf97) auipc   t6, 0x2c
core   0: 0 0x800080cc (0x0002cf97) x31 0x800340cc
core   0: 0x800080d0 (0xa3af8f93) addi    t6, t6, -1478
core   0: 0 0x800080d0 (0xa3af8f93) x31 0x80033b06
core   0: 0x800080d4 (0x257fcc03) lbu     s8, 599(t6)
core   0: 0 0x800080d4 (0x257fcc03) x24 0x00000016 mem 0x80033d5d
core   0: 0x800080d8 (0xd05f8fa3) sb      t0, -737(t6)
core   0: 0 0x800080d8 (0xd05f8fa3) mem 0x80033825 0x90
core   0: 0x800080dc (0x00c51783) lh      a5, 12(a0)
core   0: 0 0x800080dc (0x00c51783) x15 0xffffe6e7 mem 0x8003492c
core   0: 0x800080e0 (0xea7f8e23) sb      t2, -324(t6)
core   0: 0 0x800080e0 (0xea7f8e23) mem 0x800339c2 0x1c
core   0: 0x800080e4 (0xb09fc003) lbu     zero, -1271(t6)
core   0: 0 0x800080e4 (0xb09fc003) mem 0x8003360f
core   0: 0x800080e8 (0xffe51003) lh      zero, -2(a0)
core   0: 0 0x800080e8 (0xffe51003) mem 0x8003491e
core   0: 0x800080ec (0xb81f8683) lb      a3, -1151(t6)
core   0: 0 0x800080ec (0xb81f8683) x13 0x0000003c mem 0x80033687
core   0: 0x800080f0 (0xb6af9a83) lh      s5, -1174(t6)
core   0: 0 0x800080f0 (0xb6af9a83) x21 0x00002a2b mem 0x80033670
core   0: 0x800080f4 (0xff750303) lb      t1, -9(a0)
core   0: 0 0x800080f4 (0xff750303) x6  0xffffffcc mem 0x80034917
core   0: 0x800080f8 (0xe54f8fa3) sb      s4, -417(t6)
core   0: 0 0x800080f8 (0xe54f8fa3) mem 0x80033965 0xcf
core   0: 0x800080fc (0x01651823) sh      s6, 16(a0)
core   0: 0 0x800080fc (0x01651823) mem 0x80034930 0x00b4
core   0: 0x80008100 (0xff550aa3) sb      s5, -11(a0)
core   0: 0 0x80008100 (0xff550aa3) mem 0x80034915 0x2b
core   0: 0x80008104 (0x9ebfc983) lbu     s3, -1557(t6)
core   0: 0 0x80008104 (0x9ebfc983) x19 0x000000aa mem 0x800334f1
core   0: 0x80008108 (0xffe54783) lbu     a5, -2(a0)
core   0: 0 0x80008108 (0xffe54783) x15 0x000000d5 mem 0x8003491e
core   0: 0x8000810c (0x0002bd97) auipc   s11, 0x2b
core   0: 0 0x8000810c (0x0002bd97) x27 0x8003310c
core   0: 0x80008110 (0x119d8d93) addi    s11, s11, 281
core   0: 0 0x80008110 (0x119d8d93) x27 0x80033225
core   0: 0x80008114 (0xfe5dcc83) lbu     s9, -27(s11)
core   0: 0 0x80008114 (0xfe5dcc83) x25 0x000000c1 mem 0x8003320a
core   0: 0x80008118 (0x00008d3d) c.xor   a0, a5
core   0: 0 0x80008118 (0x8d3d) x10 0x800349f5
core   0: 0x8000811a (0xfc1d8da3) sb      ra, -37(s11)
core   0: 0 0x8000811a (0xfc1d8da3) mem 0x80033200 0xed
core   0: 0x8000811e (0x00008561) c.srai  a0, 24
core   0: 0 0x8000811e (0x8561) x10 0xffffff80
core   0: 0x80008120 (0xfdbdc203) lbu     tp, -37(s11)
core   0: 0 0x80008120 (0xfdbdc203) x4  0x000000ed mem 0x80033200
core   0: 0x80008124 (0xfdbdcb03) lbu     s6, -37(s11)
core   0: 0 0x80008124 (0xfdbdcb03) x22 0x000000ed mem 0x80033200
core   0: 0x80008128 (0x007d93a3) sh      t2, 7(s11)
core   0: 0 0x80008128 (0x007d93a3) mem 0x8003322c 0x001c
core   0: 0x8000812c (0x024d8e03) lb      t3, 36(s11)
core   0: 0 0x8000812c (0x024d8e03) x28 0x00000002 mem 0x80033249
core   0: 0x80008130 (0x027d8823) sb      t2, 48(s11)
core   0: 0 0x80008130 (0x027d8823) mem 0x80033255 0x1c
core   0: 0x80008134 (0x030d8203) lb      tp, 48(s11)
core   0: 0 0x80008134 (0x030d8203) x4  0x0000001c mem 0x80033255
core   0: 0x80008138 (0xfeadc303) lbu     t1, -22(s11)
core   0: 0 0x80008138 (0xfeadc303) x6  0x000000c4 mem 0x8003320f
core   0: 0x8000813c (0xff7d9c83) lh      s9, -9(s11)
core   0: 0 0x8000813c (0xff7d9c83) x25 0xffffd6d7 mem 0x8003321c
core   0: 0x80008140 (0x03ab6bb3) rem     s7, s6, s10
core   0: 0 0x80008140 (0x03ab6bb3) x23 0x000000ed
core   0: 0x80008144 (0xfecdc683) lbu     a3, -20(s11)
core   0: 0 0x80008144 (0xfecdc683) x13 0x000000ca mem 0x80033211
core   0: 0x80008148 (0x004dcd03) lbu     s10, 4(s11)
core   0: 0 0x80008148 (0x004dcd03) x26 0x000000e2 mem 0x80033229
core   0: 0x8000814c (0x024d82a3) sb      tp, 37(s11)
core   0: 0 0x8000814c (0x024d82a3) mem 0x8003324a 0x1c
core   0: 0x80008150 (0x025ddb83) lhu     s7, 37(s11)
core   0: 0 0x80008150 (0x025ddb83) x23 0x0000001c mem 0x8003324a
core   0: 0x80008154 (0x025dc383) lbu     t2, 37(s11)
core   0: 0 0x80008154 (0x025dc383) x7  0x0000001c mem 0x8003324a
core   0: 0x80008158 (0x03ad8ba3) sb      s10, 55(s11)
core   0: 0 0x80008158 (0x03ad8ba3) mem 0x8003325c 0xe2
core   0: 0x8000815c (0x0002b997) auipc   s3, 0x2b
core   0: 0 0x8000815c (0x0002b997) x19 0x8003315c
core   0: 0x80008160 (0x07d98993) addi    s3, s3, 125
core   0: 0 0x80008160 (0x07d98993) x19 0x800331d9
core   0: 0x80008164 (0x0ff0000f) fence   iorw,iorw
core   0: 0 0x80008164 (0x0ff0000f)
core   0: 0x80008168 (0x1549c803) lbu     a6, 340(s3)
core   0: 0 0x80008168 (0x1549c803) x16 0x000000e6 mem 0x8003332d
core   0: 0x8000816c (0x00008f91) c.sub   a5, a2
core   0: 0 0x8000816c (0x8f91) x15 0x7ffb729d
core   0: 0x8000816e (0x18c98da3) sb      a2, 411(s3)
core   0: 0 0x8000816e (0x18c98da3) mem 0x80033374 0x38
core   0: 0x80008172 (0x400cd3b3) sra     t2, s9, zero
core   0: 0 0x80008172 (0x400cd3b3) x7  0xffffd6d7
core   0: 0x80008176 (0x00008c81) c.sub   s1, s0
core   0: 0 0x80008176 (0x8c81) x9  0xfc826376
core   0: 0x80008178 (0x00009bfd) c.andi  a5, -1
core   0: 0 0x80008178 (0x9bfd) x15 0x7ffb729d
core   0: 0x8000817a (0x2759c503) lbu     a0, 629(s3)
core   0: 0 0x8000817a (0x2759c503) x10 0x00000005 mem 0x8003344e
core   0: 0x8000817e (0x75598a83) lb      s5, 1877(s3)
core   0: 0 0x8000817e (0x75598a83) x21 0xfffffff4 mem 0x8003392e
core   0: 0x80008182 (0x31598683) lb      a3, 789(s3)
core   0: 0 0x80008182 (0x31598683) x13 0xffffffa5 mem 0x800334ee
core   0: 0x80008186 (0x1cc98023) sb      a2, 448(s3)
core   0: 0 0x80008186 (0x1cc98023) mem 0x80033399 0x38
core   0: 0x8000818a (0x028904b3) mul     s1, s2, s0
core   0: 0 0x8000818a (0x028904b3) x9  0xfff4cc61
core   0: 0x8000818e (0x6f5981a3) sb      s5, 1763(s3)
core   0: 0 0x8000818e (0x6f5981a3) mem 0x800338bc 0xf4
core   0: 0x80008192 (0xf5f9ae83) lw      t4, -161(s3)
core   0: 0 0x80008192 (0xf5f9ae83) x29 0xf0f1f2f3 mem 0x80033138
core   0: 0x80008196 (0x06f99803) lh      a6, 111(s3)
core   0: 0 0x80008196 (0x06f99803) x16 0x00000203 mem 0x80033248
core   0: 0x8000819a (0x74a5fe93) andi    t4, a1, 1866
core   0: 0 0x8000819a (0x74a5fe93) x29 0x0000074a
core   0: 0x8000819e (0x66b98f03) lb      t5, 1643(s3)
core   0: 0 0x8000819e (0x66b98f03) x30 0xffffffff mem 0x80033844
core   0: 0x800081a2 (0x0a89ce83) lbu     t4, 168(s3)
core   0: 0 0x800081a2 (0x0a89ce83) x29 0x0000003a mem 0x80033281
core   0: 0x800081a6 (0x1bc98b83) lb      s7, 444(s3)
core   0: 0 0x800081a6 (0x1bc98b83) x23 0x0000004e mem 0x80033395
core   0: 0x800081aa (0x0000537d) c.li    t1, -1
core   0: 0 0x800081aa (0x537d) x6  0xffffffff
core   0: 0x800081ac (0x415a0933) sub     s2, s4, s5
core   0: 0 0x800081ac (0x415a0933) x18 0xffffcedb
core   0: 0x800081b0 (0x03a250b3) divu    ra, tp, s10
core   0: 0 0x800081b0 (0x03a250b3) x1  0x00000000
core   0: 0x800081b4 (0x0ff0000f) fence   iorw,iorw
core   0: 0 0x800081b4 (0x0ff0000f)
core   0: 0x800081b8 (0x65a9c383) lbu     t2, 1626(s3)
core   0: 0 0x800081b8 (0x65a9c383) x7  0x000000e8 mem 0x80033833
core   0: 0x800081bc (0x223e0c93) addi    s9, t3, 547
core   0: 0 0x800081bc (0x223e0c93) x25 0x00000225
core   0: 0x800081c0 (0x72898283) lb      t0, 1832(s3)
core   0: 0 0x800081c0 (0x72898283) x5  0xffffffba mem 0x80033901
core   0: 0x800081c4 (0x01907eb3) and     t4, zero, s9
core   0: 0 0x800081c4 (0x01907eb3) x29 0x00000000
core   0: 0x800081c8 (0xe4ac4893) xori    a7, s8, -438
core   0: 0 0x800081c8 (0xe4ac4893) x17 0xfffffe5c
core   0: 0x800081cc (0x42098323) sb      zero, 1062(s3)
core   0: 0 0x800081cc (0x42098323) mem 0x800335ff 0x0
core   0: 0x800081d0 (0xe7998003) lb      zero, -391(s3)
core   0: 0 0x800081d0 (0xe7998003) mem 0x80033052
core   0: 0x800081d4 (0x0af9d403) lhu     s0, 175(s3)
core   0: 0 0x800081d4 (0x0af9d403) x8  0x00004243 mem 0x80033288
core   0: 0x800081d8 (0x2949cf03) lbu     t5, 660(s3)
core   0: 0 0x800081d8 (0x2949cf03) x30 0x00000026 mem 0x8003346d
core   0: 0x800081dc (0x02a87eb3) remu    t4, a6, a0
core   0: 0 0x800081dc (0x02a87eb3) x29 0x00000000
core   0: 0x800081e0 (0x2df98723) sb      t6, 718(s3)
core   0: 0 0x800081e0 (0x2df98723) mem 0x800334a7 0x6
core   0: 0x800081e4 (0x03998b03) lb      s6, 57(s3)
core   0: 0 0x800081e4 (0x03998b03) x22 0xffffffc9 mem 0x80033212
core   0: 0x800081e8 (0x02393d33) mulhu   s10, s2, gp
core   0: 0 0x800081e8 (0x02393d33) x26 0x80034fc2
core   0: 0x800081ec (0x00008f2e) c.mv    t5, a1
core   0: 0 0x800081ec (0x8f2e) x30 0xffffffdb
core   0: 0x800081ee (0xc561cc93) xori    s9, gp, -938
core   0: 0 0x800081ee (0xc561cc93) x25 0x7ffc9400
core   0: 0x800081f2 (0x00000bd9) c.addi  s7, 22
core   0: 0 0x800081f2 (0x0bd9) x23 0x00000064
core   0: 0x800081f4 (0x0000187d) c.addi  a6, -1
core   0: 0 0x800081f4 (0x187d) x16 0x00000202
core   0: 0x800081f6 (0x270ba093) slti    ra, s7, 624
core   0: 0 0x800081f6 (0x270ba093) x1  0x00000001
core   0: 0x800081fa (0x01df5513) srli    a0, t5, 29
core   0: 0 0x800081fa (0x01df5513) x10 0x00000007
core   0: 0x800081fe (0x4e498f83) lb      t6, 1252(s3)
core   0: 0 0x800081fe (0x4e498f83) x31 0x00000076 mem 0x800336bd
core   0: 0x80008202 (0xefd98e83) lb      t4, -259(s3)
core   0: 0 0x80008202 (0xefd98e83) x29 0xffffff8d mem 0x800330d6
core   0: 0x80008206 (0xfb09c583) lbu     a1, -80(s3)
core   0: 0 0x80008206 (0xfb09c583) x11 0x00000042 mem 0x80033189
core   0: 0x8000820a (0xf3698aa3) sb      s6, -203(s3)
core   0: 0 0x8000820a (0xf3698aa3) mem 0x8003310e 0xc9
core   0: 0x8000820e (0x4030d293) srai    t0, ra, 3
core   0: 0 0x8000820e (0x4030d293) x5  0x00000000
core   0: 0x80008212 (0x5b299ea3) sh      s2, 1469(s3)
core   0: 0 0x80008212 (0x5b299ea3) mem 0x80033796 0xcedb
core   0: 0x80008216 (0x7ef9d303) lhu     t1, 2031(s3)
core   0: 0 0x80008216 (0x7ef9d303) x6  0x00008283 mem 0x800339c8
core   0: 0x8000821a (0xfc0992a3) sh      zero, -59(s3)
core   0: 0 0x8000821a (0xfc0992a3) mem 0x8003319e 0x0000
core   0: 0x8000821e (0x0002bd17) auipc   s10, 0x2b
core   0: 0 0x8000821e (0x0002bd17) x26 0x8003321e
core   0: 0x80008222 (0xe2ad0d13) addi    s10, s10, -470
core   0: 0 0x80008222 (0xe2ad0d13) x26 0x80033048
core   0: 0x80008226 (0x3e9f59b7) lui     s3, 0x3e9f5
core   0: 0 0x80008226 (0x3e9f59b7) x19 0x3e9f5000
core   0: 0x8000822a (0x00009d4e) c.add   s10, s3
core   0: 0 0x8000822a (0x9d4e) x26 0xbea28048
core   0: 0x8000822c (0x040d0e23) sb      zero, 92(s10)
core   0: 0 0x8000822c (0x040d0e23) mem 0xbea280a4 0x0
core   0: 0x80008230 (0x461d0123) sb      ra, 1122(s10)
core   0: 0 0x80008230 (0x461d0123) mem 0xbea284aa 0x1
core   0: 0x80008234 (0x7a2d1423) sh      sp, 1960(s10)
core   0: 0 0x80008234 (0x7a2d1423) mem 0xbea287f0 0x9895
core   0: 0x80008238 (0x323d08a3) sb      gp, 817(s10)
core   0: 0 0x80008238 (0x323d08a3) mem 0xbea28379 0x56
core   0: 0x8000823c (0x2c4d1d23) sh      tp, 730(s10)
core   0: 0 0x8000823c (0x2c4d1d23) mem 0xbea28322 0x001c
core   0: 0x80008240 (0xf05d0da3) sb      t0, -229(s10)
core   0: 0 0x80008240 (0xf05d0da3) mem 0xbea27f63 0x0
core   0: 0x80008244 (0xf46d00a3) sb      t1, -191(s10)
core   0: 0 0x80008244 (0xf46d00a3) mem 0xbea27f89 0x83
core   0: 0x80008248 (0x0a7d09a3) sb      t2, 179(s10)
core   0: 0 0x80008248 (0x0a7d09a3) mem 0xbea280fb 0xe8
core   0: 0x8000824c (0x05cd0d83) lb      s11, 92(s10)
core   0: 0 0x8000824c (0x05cd0d83) x27 0x00000000 mem 0xbea280a4
core   0: 0x80008250 (0x462d4803) lbu     a6, 1122(s10)
core   0: 0 0x80008250 (0x462d4803) x16 0x00000001 mem 0xbea284aa
core   0: 0x80008254 (0x00008d11) c.sub   a0, a2
core   0: 0 0x80008254 (0x8d11) x10 0x7ffb71cf
core   0: 0x80008256 (0x7a8d5303) lhu     t1, 1960(s10)
core   0: 0 0x80008256 (0x7a8d5303) x6  0x00009895 mem 0xbea287f0
core   0: 0x8000825a (0x331d4783) lbu     a5, 817(s10)
core   0: 0 0x8000825a (0x331d4783) x15 0x00000056 mem 0xbea28379
core   0: 0x8000825e (0x2dad1683) lh      a3, 730(s10)
core   0: 0 0x8000825e (0x2dad1683) x13 0x0000001c mem 0xbea28322
core   0: 0x80008262 (0x006a1693) slli    a3, s4, 6
core   0: 0 0x80008262 (0x006a1693) x13 0xfff3b3c0
core   0: 0x80008266 (0x017834b3) sltu    s1, a6, s7
core   0: 0 0x80008266 (0x017834b3) x9  0x00000001
core   0: 0x8000826a (0x03466ab3) rem     s5, a2, s4
core   0: 0 0x8000826a (0x03466ab3) x21 0xfffff422
core   0: 0x8000826e (0x00000001) c.nop
core   0: 0 0x8000826e (0x0001)
core   0: 0x80008270 (0xf1bd4e83) lbu     t4, -229(s10)
core   0: 0 0x80008270 (0xf1bd4e83) x29 0x00000000 mem 0xbea27f63
core   0: 0x80008274 (0xf41d4903) lbu     s2, -191(s10)
core   0: 0 0x80008274 (0xf41d4903) x18 0x00000083 mem 0xbea27f89
core   0: 0x80008278 (0x0b3d0083) lb      ra, 179(s10)
core   0: 0 0x80008278 (0x0b3d0083) x1  0xffffffe8 mem 0xbea280fb
core   0: 0x8000827c (0x0002c917) auipc   s2, 0x2c
core   0: 0 0x8000827c (0x0002c917) x18 0x8003427c
core   0: 0x80008280 (0xdcc90913) addi    s2, s2, -564
core   0: 0 0x80008280 (0xdcc90913) x18 0x80034048
core   0: 0x80008284 (0x71aca9b7) lui     s3, 0x71aca
core   0: 0 0x80008284 (0x71aca9b7) x19 0x71aca000
core   0: 0x80008288 (0x0000994e) c.add   s2, s3
core   0: 0 0x80008288 (0x994e) x18 0xf1afe048
core   0: 0x8000828a (0xc4191e23) sh      ra, -932(s2)
core   0: 0 0x8000828a (0xc4191e23) mem 0xf1afdca4 0xffe8
core   0: 0x8000828e (0x72290da3) sb      sp, 1851(s2)
core   0: 0 0x8000828e (0x72290da3) mem 0xf1afe783 0x95
core   0: 0x80008292 (0x64490b23) sb      tp, 1622(s2)
core   0: 0 0x80008292 (0x64490b23) mem 0xf1afe69e 0x1c
core   0: 0x80008296 (0x59590923) sb      s5, 1426(s2)
core   0: 0 0x80008296 (0x59590923) mem 0xf1afe5da 0x22
core   0: 0x8000829a (0xc8fb3a93) sltiu   s5, s6, -881
core   0: 0 0x8000829a (0xc8fb3a93) x21 0x00000000
core   0: 0x8000829e (0xc5c95203) lhu     tp, -932(s2)
core   0: 0 0x8000829e (0xc5c95203) x4  0x0000ffe8 mem 0xf1afdca4
core   0: 0x800082a2 (0x00000001) c.nop
core   0: 0 0x800082a2 (0x0001)
core   0: 0x800082a4 (0xf955f293) andi    t0, a1, -107
core   0: 0 0x800082a4 (0xf955f293) x5  0x00000000
core   0: 0x800082a8 (0x73b90a83) lb      s5, 1851(s2)
core   0: 0 0x800082a8 (0x73b90a83) x21 0xffffff95 mem 0xf1afe783
core   0: 0x800082ac (0x9473f093) andi    ra, t2, -1721
core   0: 0 0x800082ac (0x9473f093) x1  0x00000040
core   0: 0x800082b0 (0xad2825b7) lui     a1, 0xad282
core   0: 0 0x800082b0 (0xad2825b7) x11 0xad282000
core   0: 0x800082b4 (0x028f2233) mulhsu  tp, t5, s0
core   0: 0 0x800082b4 (0x028f2233) x4  0xffffffff
core   0: 0x800082b8 (0x6e090923) sb      zero, 1778(s2)
core   0: 0 0x800082b8 (0x6e090923) mem 0xf1afe73a 0x0
core   0: 0x800082bc (0x3cdaf193) andi    gp, s5, 973
core   0: 0 0x800082bc (0x3cdaf193) x3  0x00000385
core   0: 0x800082c0 (0x01a292b3) sll     t0, t0, s10
core   0: 0 0x800082c0 (0x01a292b3) x5  0x00000000
core   0: 0x800082c4 (0x65694183) lbu     gp, 1622(s2)
core   0: 0 0x800082c4 (0x65694183) x3  0x0000001c mem 0xf1afe69e
core   0: 0x800082c8 (0x0002b517) auipc   a0, 0x2b
core   0: 0 0x800082c8 (0x0002b517) x10 0x800332c8
core   0: 0x800082cc (0x17b50513) addi    a0, a0, 379
core   0: 0 0x800082cc (0x17b50513) x10 0x80033443
core   0: 0x800082d0 (0x00039317) auipc   t1, 0x39
core   0: 0 0x800082d0 (0x00039317) x6  0x800412d0
core   0: 0x800082d4 (0x41530313) addi    t1, t1, 1045
core   0: 0 0x800082d4 (0x41530313) x6  0x800416e5
core   0: 0x800082d8 (0x0b850c23) sb      s8, 184(a0)
core   0: 0 0x800082d8 (0x0b850c23) mem 0x800334fb 0x16
core   0: 0x800082dc (0x73b55683) lhu     a3, 1851(a0)
core   0: 0 0x800082dc (0x73b55683) x13 0x00003435 mem 0x80033b7e
core   0: 0x800082e0 (0xff531983) lh      s3, -11(t1)
core   0: 0 0x800082e0 (0xff531983) x19 0xffff9091 mem 0x800416da
core   0: 0x800082e4 (0x001304a3) sb      ra, 9(t1)
core   0: 0 0x800082e4 (0x001304a3) mem 0x800416ee 0x40
core   0: 0x800082e8 (0x21e50a23) sb      t5, 532(a0)
core   0: 0 0x800082e8 (0x21e50a23) mem 0x80033657 0xdb
core   0: 0x800082ec (0x00732383) lw      t2, 7(t1)
core   0: 0 0x800082ec (0x00732383) x7  0xa440a6a7 mem 0x800416ec
core   0: 0x800082f0 (0x53e50983) lb      s3, 1342(a0)
core   0: 0 0x800082f0 (0x53e50983) x19 0x0000003a mem 0x80033981
core   0: 0x800082f4 (0xfd6524a3) sw      s6, -55(a0)
core   0: 0 0x800082f4 (0xfd6524a3) mem 0x8003340c 0xffffffc9
core   0: 0x800082f8 (0xed650c83) lb      s9, -298(a0)
core   0: 0 0x800082f8 (0xed650c83) x25 0x00000010 mem 0x80033319
core   0: 0x800082fc (0x6c751aa3) sh      t2, 1749(a0)
core   0: 0 0x800082fc (0x6c751aa3) mem 0x80033b18 0xa6a7
core   0: 0x80008300 (0xffa30a83) lb      s5, -6(t1)
core   0: 0 0x80008300 (0xffa30a83) x21 0xffffff94 mem 0x800416df
core   0: 0x80008304 (0x62a54003) lbu     zero, 1578(a0)
core   0: 0 0x80008304 (0x62a54003) mem 0x80033a6d
core   0: 0x80008308 (0xff934083) lbu     ra, -7(t1)
core   0: 0 0x80008308 (0xff934083) x1  0x00000095 mem 0x800416de
core   0: 0x8000830c (0x0002c897) auipc   a7, 0x2c
core   0: 0 0x8000830c (0x0002c897) x17 0x8003430c
core   0: 0x80008310 (0x9cf88893) addi    a7, a7, -1585
core   0: 0 0x80008310 (0x9cf88893) x17 0x80033cdb
core   0: 0x80008314 (0x0c388fa3) sb      gp, 223(a7)
core   0: 0 0x80008314 (0x0c388fa3) mem 0x80033dba 0x1c
core   0: 0x80008318 (0x0df89283) lh      t0, 223(a7)
core   0: 0 0x80008318 (0x0df89283) x5  0x0000701c mem 0x80033dba
core   0: 0x8000831c (0xf7988423) sb      s9, -152(a7)
core   0: 0 0x8000831c (0xf7988423) mem 0x80033c43 0x10
core   0: 0x80008320 (0xf7f88423) sb      t6, -152(a7)
core   0: 0 0x80008320 (0xf7f88423) mem 0x80033c43 0x76
core   0: 0x80008324 (0x08388823) sb      gp, 144(a7)
core   0: 0 0x80008324 (0x08388823) mem 0x80033d6b 0x1c
core   0: 0x80008328 (0x08388823) sb      gp, 144(a7)
core   0: 0 0x80008328 (0x08388823) mem 0x80033d6b 0x1c
core   0: 0x8000832c (0x00008e81) c.sub   a3, s0
core   0: 0 0x8000832c (0x8e81) x13 0xfffff1f2
core   0: 0x8000832e (0x029da9b3) mulhsu  s3, s11, s1
core   0: 0 0x8000832e (0x029da9b3) x19 0x00000000
core   0: 0x80008332 (0x0908c803) lbu     a6, 144(a7)
core   0: 0 0x80008332 (0x0908c803) x16 0x0000001c mem 0x80033d6b
core   0: 0x80008336 (0x0908c503) lbu     a0, 144(a7)
core   0: 0 0x80008336 (0x0908c503) x10 0x0000001c mem 0x80033d6b
core   0: 0x8000833a (0x08988823) sb      s1, 144(a7)
core   0: 0 0x8000833a (0x08988823) mem 0x80033d6b 0x1
core   0: 0x8000833e (0x0908c503) lbu     a0, 144(a7)
core   0: 0 0x8000833e (0x0908c503) x10 0x00000001 mem 0x80033d6b
core   0: 0x80008342 (0x08c88823) sb      a2, 144(a7)
core   0: 0 0x80008342 (0x08c88823) mem 0x80033d6b 0x38
core   0: 0x80008346 (0xf7888f03) lb      t5, -136(a7)
core   0: 0 0x80008346 (0xf7888f03) x30 0x00000008 mem 0x80033c53
core   0: 0x8000834a (0x00008d55) c.or    a0, a3
core   0: 0 0x8000834a (0x8d55) x10 0xfffff1f3
core   0: 0x8000834c (0xfb888f23) sb      s8, -66(a7)
core   0: 0 0x8000834c (0xfb888f23) mem 0x80033c99 0x16
core   0: 0x80008350 (0x03288223) sb      s2, 36(a7)
core   0: 0 0x80008350 (0x03288223) mem 0x80033cff 0x48
core   0: 0x80008354 (0x00095e13) srli    t3, s2, 0
core   0: 0 0x80008354 (0x00095e13) x28 0xf1afe048
core   0: 0x80008358 (0x009a2533) slt     a0, s4, s1
core   0: 0 0x80008358 (0x009a2533) x10 0x00000001
core   0: 0x8000835c (0x03388783) lb      a5, 51(a7)
core   0: 0 0x8000835c (0x03388783) x15 0xffffffc5 mem 0x80033d0e
core   0: 0x80008360 (0x1e9d50b7) lui     ra, 0x1e9d5
core   0: 0 0x80008360 (0x1e9d50b7) x1  0x1e9d5000
core   0: 0x80008364 (0x00b1c4b3) xor     s1, gp, a1
core   0: 0 0x80008364 (0x00b1c4b3) x9  0xad28201c
core   0: 0x80008368 (0x035899a3) sh      s5, 51(a7)
core   0: 0 0x80008368 (0x035899a3) mem 0x80033d0e 0xff94
core   0: 0x8000836c (0x0ef88823) sb      a5, 240(a7)
core   0: 0 0x8000836c (0x0ef88823) mem 0x80033dcb 0xc5
core   0: 0x80008370 (0x0002c317) auipc   t1, 0x2c
core   0: 0 0x80008370 (0x0002c317) x6  0x80034370
core   0: 0x80008374 (0xbd030313) addi    t1, t1, -1072
core   0: 0 0x80008374 (0xbd030313) x6  0x80033f40
core   0: 0x80008378 (0xa1831423) sh      s8, -1528(t1)
core   0: 0 0x80008378 (0xa1831423) mem 0x80033948 0x0016
core   0: 0x8000837c (0xbd231d03) lh      s10, -1070(t1)
core   0: 0 0x8000837c (0xbd231d03) x26 0xffffc8c9 mem 0x80033b12
core   0: 0x80008380 (0xe0630683) lb      a3, -506(t1)
core   0: 0 0x80008380 (0xe0630683) x13 0xfffffffd mem 0x80033d46
core   0: 0x80008384 (0x8f330903) lb      s2, -1805(t1)
core   0: 0 0x80008384 (0x8f330903) x18 0xffffffe8 mem 0x80033833
core   0: 0x80008388 (0x01c6c833) xor     a6, a3, t3
core   0: 0 0x80008388 (0x01c6c833) x16 0x0e501fb5
core   0: 0x8000838c (0xc0d34d83) lbu     s11, -1011(t1)
core   0: 0 0x8000838c (0xc0d34d83) x27 0x00000006 mem 0x80033b4d
core   0: 0x80008390 (0xc0d34403) lbu     s0, -1011(t1)
core   0: 0 0x80008390 (0xc0d34403) x8  0x00000006 mem 0x80033b4d
core   0: 0x80008394 (0xc0d30d03) lb      s10, -1011(t1)
core   0: 0 0x80008394 (0xc0d30d03) x26 0x00000006 mem 0x80033b4d
core   0: 0x80008398 (0xa1e31783) lh      a5, -1506(t1)
core   0: 0 0x80008398 (0xa1e31783) x15 0x00001415 mem 0x8003395e
core   0: 0x8000839c (0xdae35803) lhu     a6, -594(t1)
core   0: 0 0x8000839c (0xdae35803) x16 0x0000a4a5 mem 0x80033cee
core   0: 0x800083a0 (0xdae31a03) lh      s4, -594(t1)
core   0: 0 0x800083a0 (0xdae31a03) x20 0xffffa4a5 mem 0x80033cee
core   0: 0x800083a4 (0xfa931723) sh      s1, -82(t1)
core   0: 0 0x800083a4 (0xfa931723) mem 0x80033eee 0x201c
core   0: 0x800083a8 (0xfae31f03) lh      t5, -82(t1)
core   0: 0 0x800083a8 (0xfae31f03) x30 0x0000201c mem 0x80033eee
core   0: 0x800083ac (0xc4031183) lh      gp, -960(t1)
core   0: 0 0x800083ac (0xc4031183) x3  0x00003a3b mem 0x80033b80
core   0: 0x800083b0 (0xf9534a83) lbu     s5, -107(t1)
core   0: 0 0x800083b0 (0xf9534a83) x21 0x0000008e mem 0x80033ed5
core   0: 0x800083b4 (0x00009bfd) c.andi  a5, -1
core   0: 0 0x800083b4 (0x9bfd) x15 0x00001415
core   0: 0x800083b6 (0x00006ccd) c.lui   s9, 0x13
core   0: 0 0x800083b6 (0x6ccd) x25 0x00013000
core   0: 0x800083b8 (0xa1e35183) lhu     gp, -1506(t1)
core   0: 0 0x800083b8 (0xa1e35183) x3  0x00001415 mem 0x8003395e
core   0: 0x800083bc (0xa1e35c03) lhu     s8, -1506(t1)
core   0: 0 0x800083bc (0xa1e35c03) x24 0x00001415 mem 0x8003395e
core   0: 0x800083c0 (0xf5030923) sb      a6, -174(t1)
core   0: 0 0x800083c0 (0xf5030923) mem 0x80033e92 0xa5
core   0: 0x800083c4 (0x07c32683) lw      a3, 124(t1)
core   0: 0 0x800083c4 (0x07c32683) x13 0x74757677 mem 0x80033fbc
core   0: 0x800083c8 (0xc6a30483) lb      s1, -918(t1)
core   0: 0 0x800083c8 (0xc6a30483) x9  0x00000061 mem 0x80033baa
core   0: 0x800083cc (0xbf534383) lbu     t2, -1035(t1)
core   0: 0 0x800083cc (0xbf534383) x7  0x000000ee mem 0x80033b35
core   0: 0x800083d0 (0x0002cc97) auipc   s9, 0x2c
core   0: 0 0x800083d0 (0x0002cc97) x25 0x800343d0
core   0: 0x800083d4 (0x86fc8c93) addi    s9, s9, -1937
core   0: 0 0x800083d4 (0x86fc8c93) x25 0x80033c3f
core   0: 0x800083d8 (0x8cbc80a3) sb      a1, -1855(s9)
core   0: 0 0x800083d8 (0x8cbc80a3) mem 0x80033500 0x0
core   0: 0x800083dc (0x00038e17) auipc   t3, 0x38
core   0: 0 0x800083dc (0x00038e17) x28 0x800403dc
core   0: 0x800083e0 (0xff4e0e13) addi    t3, t3, -12
core   0: 0 0x800083e0 (0xff4e0e13) x28 0x800403d0
core   0: 0x800083e4 (0xad6c8483) lb      s1, -1322(s9)
core   0: 0 0x800083e4 (0xad6c8483) x9  0xffffffce mem 0x80033715
core   0: 0x800083e8 (0xfd3e4803) lbu     a6, -45(t3)
core   0: 0 0x800083e8 (0xfd3e4803) x16 0x00000058 mem 0x800403a3
core   0: 0x800083ec (0xfd6e5f83) lhu     t6, -42(t3)
core   0: 0 0x800083ec (0xfd6e5f83) x31 0x00005c5d mem 0x800403a6
core   0: 0x800083f0 (0x077e0a03) lb      s4, 119(t3)
core   0: 0 0x800083f0 (0x077e0a03) x20 0xfffffffc mem 0x80040447
core   0: 0x800083f4 (0x0a5e4a83) lbu     s5, 165(t3)
core   0: 0 0x800083f4 (0x0a5e4a83) x21 0x0000002e mem 0x80040475
core   0: 0x800083f8 (0xfffe4d83) lbu     s11, -1(t3)
core   0: 0 0x800083f8 (0xfffe4d83) x27 0x00000084 mem 0x800403cf
core   0: 0x800083fc (0xe68c9ba3) sh      s0, -393(s9)
core   0: 0 0x800083fc (0xe68c9ba3) mem 0x80033ab6 0x0006
core   0: 0x80008400 (0x1eac8503) lb      a0, 490(s9)
core   0: 0 0x80008400 (0x1eac8503) x10 0x00000000 mem 0x80033e29
core   0: 0x80008404 (0xa23cc203) lbu     tp, -1501(s9)
core   0: 0 0x80008404 (0xa23cc203) x4  0x00000019 mem 0x80033662
core   0: 0x80008408 (0xd58c8ea3) sb      s8, -675(s9)
core   0: 0 0x80008408 (0xd58c8ea3) mem 0x8003399c 0x15
core   0: 0x8000840c (0xf25c8fa3) sb      t0, -193(s9)
core   0: 0 0x8000840c (0xf25c8fa3) mem 0x80033b7e 0x1c
core   0: 0x80008410 (0xf87e4583) lbu     a1, -121(t3)
core   0: 0 0x80008410 (0xf87e4583) x11 0x0000000c mem 0x80040357
core   0: 0x80008414 (0xf46e0683) lb      a3, -186(t3)
core   0: 0 0x80008414 (0xf46e0683) x13 0xffffffcd mem 0x80040316
core   0: 0x80008418 (0xb29c8c23) sb      s1, -1224(s9)
core   0: 0 0x80008418 (0xb29c8c23) mem 0x80033777 0xce
core   0: 0x8000841c (0xf9be4b83) lbu     s7, -101(t3)
core   0: 0 0x8000841c (0xf9be4b83) x23 0x00000020 mem 0x8004036b
core   0: 0x80008420 (0x00036b17) auipc   s6, 0x36
core   0: 0 0x80008420 (0x00036b17) x22 0x8003e420
core   0: 0x80008424 (0x465b0b13) addi    s6, s6, 1125
core   0: 0 0x80008424 (0x465b0b13) x22 0x8003e885
core   0: 0x80008428 (0xfedb0983) lb      s3, -19(s6)
core   0: 0 0x80008428 (0xfedb0983) x19 0x00000029 mem 0x8003e872
core   0: 0x8000842c (0x0002ba97) auipc   s5, 0x2b
core   0: 0 0x8000842c (0x0002ba97) x21 0x8003342c
core   0: 0x80008430 (0xd71a8a93) addi    s5, s5, -655
core   0: 0 0x80008430 (0xd71a8a93) x21 0x8003319d
core   0: 0x80008434 (0x036b0983) lb      s3, 54(s6)
core   0: 0 0x80008434 (0x036b0983) x19 0x00000070 mem 0x8003e8bb
core   0: 0x80008438 (0x027b1983) lh      s3, 39(s6)
core   0: 0 0x80008438 (0x027b1983) x19 0x00006667 mem 0x8003e8ac
core   0: 0x8000843c (0xfd7b5683) lhu     a3, -41(s6)
core   0: 0 0x8000843c (0xfd7b5683) x13 0x00001617 mem 0x8003e85c
core   0: 0x80008440 (0x001a8c03) lb      s8, 1(s5)
core   0: 0 0x80008440 (0x001a8c03) x24 0x00000000 mem 0x8003319e
core   0: 0x80008444 (0xfe8b12a3) sh      s0, -27(s6)
core   0: 0 0x80008444 (0xfe8b12a3) mem 0x8003e86a 0x0006
core   0: 0x80008448 (0x009a8f03) lb      t5, 9(s5)
core   0: 0 0x80008448 (0x009a8f03) x30 0x0000005d mem 0x800331a6
core   0: 0x8000844c (0xfe8b0e23) sb      s0, -4(s6)
core   0: 0 0x8000844c (0xfe8b0e23) mem 0x8003e881 0x6
core   0: 0x80008450 (0x01da87a3) sb      t4, 15(s5)
core   0: 0 0x80008450 (0x01da87a3) mem 0x800331ac 0x0
core   0: 0x80008454 (0xfebb1303) lh      t1, -21(s6)
core   0: 0 0x80008454 (0xfebb1303) x6  0x00002a2b mem 0x8003e870
core   0: 0x80008458 (0xff8a8c03) lb      s8, -8(s5)
core   0: 0 0x80008458 (0xff8a8c03) x24 0x0000004e mem 0x80033195
core   0: 0x8000845c (0xfd1b1aa3) sh      a7, -43(s6)
core   0: 0 0x8000845c (0xfd1b1aa3) mem 0x8003e85a 0x3cdb
core   0: 0x80008460 (0x018b4f83) lbu     t6, 24(s6)
core   0: 0 0x80008460 (0x018b4f83) x31 0x00000056 mem 0x8003e89d
core   0: 0x80008464 (0x017a91a3) sh      s7, 3(s5)
core   0: 0 0x80008464 (0x017a91a3) mem 0x800331a0 0x0020
core   0: 0x80008468 (0x00030797) auipc   a5, 0x30
core   0: 0 0x80008468 (0x00030797) x15 0x80038468
core   0: 0x8000846c (0xaa578793) addi    a5, a5, -1371
core   0: 0 0x8000846c (0xaa578793) x15 0x80037f0d
core   0: 0x80008470 (0xff878583) lb      a1, -8(a5)
core   0: 0 0x80008470 (0xff878583) x11 0xffffffbe mem 0x80037f05
core   0: 0x80008474 (0xfe378c23) sb      gp, -8(a5)
core   0: 0 0x80008474 (0xfe378c23) mem 0x80037f05 0x15
core   0: 0x80008478 (0xff478c23) sb      s4, -8(a5)
core   0: 0 0x80008478 (0xff478c23) mem 0x80037f05 0xfc
core   0: 0x8000847c (0xff478c23) sb      s4, -8(a5)
core   0: 0 0x8000847c (0xff478c23) mem 0x80037f05 0xfc
core   0: 0x80008480 (0xff878883) lb      a7, -8(a5)
core   0: 0 0x80008480 (0xff878883) x17 0xfffffffc mem 0x80037f05
core   0: 0x80008484 (0xfeb78c23) sb      a1, -8(a5)
core   0: 0 0x80008484 (0xfeb78c23) mem 0x80037f05 0xbe
core   0: 0x80008488 (0xff87c203) lbu     tp, -8(a5)
core   0: 0 0x80008488 (0xff87c203) x4  0x000000be mem 0x80037f05
core   0: 0x8000848c (0xfe678c23) sb      t1, -8(a5)
core   0: 0 0x8000848c (0xfe678c23) mem 0x80037f05 0x2b
core   0: 0x80008490 (0xff878503) lb      a0, -8(a5)
core   0: 0 0x80008490 (0xff878503) x10 0x0000002b mem 0x80037f05
core   0: 0x80008494 (0xff878883) lb      a7, -8(a5)
core   0: 0 0x80008494 (0xff878883) x17 0x0000002b mem 0x80037f05
core   0: 0x80008498 (0xff878883) lb      a7, -8(a5)
core   0: 0 0x80008498 (0xff878883) x17 0x0000002b mem 0x80037f05
core   0: 0x8000849c (0xff878403) lb      s0, -8(a5)
core   0: 0 0x8000849c (0xff878403) x8  0x0000002b mem 0x80037f05
core   0: 0x800084a0 (0x03b1c833) div     a6, gp, s11
core   0: 0 0x800084a0 (0x03b1c833) x16 0x00000026
core   0: 0x800084a4 (0xff87c883) lbu     a7, -8(a5)
core   0: 0 0x800084a4 (0xff87c883) x17 0x0000002b mem 0x80037f05
core   0: 0x800084a8 (0xff878383) lb      t2, -8(a5)
core   0: 0 0x800084a8 (0xff878383) x7  0x0000002b mem 0x80037f05
core   0: 0x800084ac (0xff878803) lb      a6, -8(a5)
core   0: 0 0x800084ac (0xff878803) x16 0x0000002b mem 0x80037f05
core   0: 0x800084b0 (0xfc778f23) sb      t2, -34(a5)
core   0: 0 0x800084b0 (0xfc778f23) mem 0x80037eeb 0x2b
core   0: 0x800084b4 (0xfc678f23) sb      t1, -34(a5)
core   0: 0 0x800084b4 (0xfc678f23) mem 0x80037eeb 0x2b
core   0: 0x800084b8 (0xfde78e03) lb      t3, -34(a5)
core   0: 0 0x800084b8 (0xfde78e03) x28 0x0000002b mem 0x80037eeb
core   0: 0x800084bc (0x01626f33) or      t5, tp, s6
core   0: 0 0x800084bc (0x01626f33) x30 0x8003e8bf
core   0: 0x800084c0 (0x00b7c833) xor     a6, a5, a1
core   0: 0 0x800084c0 (0x00b7c833) x16 0x7ffc80b3
core   0: 0x800084c4 (0xfde78803) lb      a6, -34(a5)
core   0: 0 0x800084c4 (0xfde78803) x16 0x0000002b mem 0x80037eeb
core   0: 0x800084c8 (0x0002c297) auipc   t0, 0x2c
core   0: 0 0x800084c8 (0x0002c297) x5  0x800344c8
core   0: 0x800084cc (0xb8028293) addi    t0, t0, -1152
core   0: 0 0x800084cc (0xb8028293) x5  0x80034048
core   0: 0x800084d0 (0x7aad99b7) lui     s3, 0x7aad9
core   0: 0 0x800084d0 (0x7aad99b7) x19 0x7aad9000
core   0: 0x800084d4 (0x000092ce) c.add   t0, s3
core   0: 0 0x800084d4 (0x92ce) x5  0xfab0d048
core   0: 0x800084d6 (0x22028123) sb      zero, 546(t0)
core   0: exception trap_store_access_fault, epc 0x800084d6
core   0:           tval 0xfab0d26a
core   0: 0x80002500 (0x0800006f) j       pc + 0x80
core   0: 3 0x80002500 (0x0800006f)
core   0: 0x80002580 (0x00001771) c.addi  a4, -4
core   0: 3 0x80002580 (0x1771) x14 0x8004cce0
core   0: 0x80002582 (0x0000c310) c.sw    a2, 0(a4)
core   0: 3 0x80002582 (0xc310) mem 0x8004cce0 0x80048e38
core   0: 0x80002584 (0x00070633) add     a2, a4, zero
core   0: 3 0x80002584 (0x00070633) x12 0x8004cce0
core   0: 0x80002588 (0xf8060613) addi    a2, a2, -128
core   0: 3 0x80002588 (0xf8060613) x12 0x8004cc60
core   0: 0x8000258c (0x00162223) sw      ra, 4(a2)
core   0: 3 0x8000258c (0x00162223) mem 0x8004cc64 0x1e9d5000
core   0: 0x80002590 (0x00262423) sw      sp, 8(a2)
core   0: 3 0x80002590 (0x00262423) mem 0x8004cc68 0xf5e39895
core   0: 0x80002594 (0x00362623) sw      gp, 12(a2)
core   0: 3 0x80002594 (0x00362623) mem 0x8004cc6c 0x00001415
core   0: 0x80002598 (0x00462823) sw      tp, 16(a2)
core   0: 3 0x80002598 (0x00462823) mem 0x8004cc70 0x000000be
core   0: 0x8000259c (0x00562a23) sw      t0, 20(a2)
core   0: 3 0x8000259c (0x00562a23) mem 0x8004cc74 0xfab0d048
core   0: 0x800025a0 (0x00662c23) sw      t1, 24(a2)
core   0: 3 0x800025a0 (0x00662c23) mem 0x8004cc78 0x00002a2b
core   0: 0x800025a4 (0x00762e23) sw      t2, 28(a2)
core   0: 3 0x800025a4 (0x00762e23) mem 0x8004cc7c 0x0000002b
core   0: 0x800025a8 (0x0000d200) c.sw    s0, 32(a2)
core   0: 3 0x800025a8 (0xd200) mem 0x8004cc80 0x0000002b
core   0: 0x800025aa (0x0000d244) c.sw    s1, 36(a2)
core   0: 3 0x800025aa (0xd244) mem 0x8004cc84 0xffffffce
core   0: 0x800025ac (0x0000d608) c.sw    a0, 40(a2)
core   0: 3 0x800025ac (0xd608) mem 0x8004cc88 0x0000002b
core   0: 0x800025ae (0x0000d64c) c.sw    a1, 44(a2)
core   0: 3 0x800025ae (0xd64c) mem 0x8004cc8c 0xffffffbe
core   0: 0x800025b0 (0x0000da10) c.sw    a2, 48(a2)
core   0: 3 0x800025b0 (0xda10) mem 0x8004cc90 0x8004cc60
core   0: 0x800025b2 (0x0000da54) c.sw    a3, 52(a2)
core   0: 3 0x800025b2 (0xda54) mem 0x8004cc94 0x00001617
core   0: 0x800025b4 (0x0000de18) c.sw    a4, 56(a2)
core   0: 3 0x800025b4 (0xde18) mem 0x8004cc98 0x8004cce0
core   0: 0x800025b6 (0x0000de5c) c.sw    a5, 60(a2)
core   0: 3 0x800025b6 (0xde5c) mem 0x8004cc9c 0x80037f0d
core   0: 0x800025b8 (0x05062023) sw      a6, 64(a2)
core   0: 3 0x800025b8 (0x05062023) mem 0x8004cca0 0x0000002b
core   0: 0x800025bc (0x05162223) sw      a7, 68(a2)
core   0: 3 0x800025bc (0x05162223) mem 0x8004cca4 0x0000002b
core   0: 0x800025c0 (0x05262423) sw      s2, 72(a2)
core   0: 3 0x800025c0 (0x05262423) mem 0x8004cca8 0xffffffe8
core   0: 0x800025c4 (0x05362623) sw      s3, 76(a2)
core   0: 3 0x800025c4 (0x05362623) mem 0x8004ccac 0x7aad9000
core   0: 0x800025c8 (0x05462823) sw      s4, 80(a2)
core   0: 3 0x800025c8 (0x05462823) mem 0x8004ccb0 0xfffffffc
core   0: 0x800025cc (0x05562a23) sw      s5, 84(a2)
core   0: 3 0x800025cc (0x05562a23) mem 0x8004ccb4 0x8003319d
core   0: 0x800025d0 (0x05662c23) sw      s6, 88(a2)
core   0: 3 0x800025d0 (0x05662c23) mem 0x8004ccb8 0x8003e885
core   0: 0x800025d4 (0x05762e23) sw      s7, 92(a2)
core   0: 3 0x800025d4 (0x05762e23) mem 0x8004ccbc 0x00000020
core   0: 0x800025d8 (0x07862023) sw      s8, 96(a2)
core   0: 3 0x800025d8 (0x07862023) mem 0x8004ccc0 0x0000004e
core   0: 0x800025dc (0x07962223) sw      s9, 100(a2)
core   0: 3 0x800025dc (0x07962223) mem 0x8004ccc4 0x80033c3f
core   0: 0x800025e0 (0x07a62423) sw      s10, 104(a2)
core   0: 3 0x800025e0 (0x07a62423) mem 0x8004ccc8 0x00000006
core   0: 0x800025e4 (0x07b62623) sw      s11, 108(a2)
core   0: 3 0x800025e4 (0x07b62623) mem 0x8004cccc 0x00000084
core   0: 0x800025e8 (0x07c62823) sw      t3, 112(a2)
core   0: 3 0x800025e8 (0x07c62823) mem 0x8004ccd0 0x0000002b
core   0: 0x800025ec (0x07d62a23) sw      t4, 116(a2)
core   0: 3 0x800025ec (0x07d62a23) mem 0x8004ccd4 0x00000000
core   0: 0x800025f0 (0x07e62c23) sw      t5, 120(a2)
core   0: 3 0x800025f0 (0x07e62c23) mem 0x8004ccd8 0x8003e8bf
core   0: 0x800025f4 (0x07f62e23) sw      t6, 124(a2)
core   0: 3 0x800025f4 (0x07f62e23) mem 0x8004ccdc 0x00000056
core   0: 0x800025f8 (0x00060733) add     a4, a2, zero
core   0: 3 0x800025f8 (0x00060733) x14 0x8004cc60
core   0: 0x800025fc (0x90000a37) lui     s4, 0x90000
core   0: 3 0x800025fc (0x90000a37) x20 0x90000000
core   0: 0x80002600 (0x00001a71) c.addi  s4, -4
core   0: 3 0x80002600 (0x1a71) x20 0x8ffffffc
core   0: 0x80002602 (0x00004321) c.li    t1, 8
core   0: 3 0x80002602 (0x4321) x6  0x00000008
core   0: 0x80002604 (0x00000322) c.slli  t1, 8
core   0: 3 0x80002604 (0x0322) x6  0x00000800
core   0: 0x80002606 (0x00030313) mv      t1, t1
core   0: 3 0x80002606 (0x00030313) x6  0x00000800
core   0: 0x8000260a (0x006a2023) sw      t1, 0(s4)
core   0: 3 0x8000260a (0x006a2023) mem 0x8ffffffc 0x00000800
core   0: 0x8000260e (0x34102373) csrr    t1, mepc
core   0: 3 0x8000260e (0x34102373) x6  0x800084d6
core   0: 0x80002612 (0x34202373) csrr    t1, mcause
core   0: 3 0x80002612 (0x34202373) x6  0x00000007
core   0: 0x80002616 (0x00004a0d) c.li    s4, 3
core   0: 3 0x80002616 (0x4a0d) x20 0x00000003
core   0: 0x80002618 (0x01431463) bne     t1, s4, pc + 8
core   0: 3 0x80002618 (0x01431463)
core   0: 0x80002620 (0x00004a21) c.li    s4, 8
core   0: 3 0x80002620 (0x4a21) x20 0x00000008
core   0: 0x80002622 (0x05430d63) beq     t1, s4, pc + 90
core   0: 3 0x80002622 (0x05430d63)
core   0: 0x80002626 (0x00004a25) c.li    s4, 9
core   0: 3 0x80002626 (0x4a25) x20 0x00000009
core   0: 0x80002628 (0x05430a63) beq     t1, s4, pc + 84
core   0: 3 0x80002628 (0x05430a63)
core   0: 0x8000262c (0x00004a2d) c.li    s4, 11
core   0: 3 0x8000262c (0x4a2d) x20 0x0000000b
core   0: 0x8000262e (0x05430763) beq     t1, s4, pc + 78
core   0: 3 0x8000262e (0x05430763)
core   0: 0x80002632 (0x00004a05) c.li    s4, 1
core   0: 3 0x80002632 (0x4a05) x20 0x00000001
core   0: 0x80002634 (0x35430363) beq     t1, s4, pc + 838
core   0: 3 0x80002634 (0x35430363)
core   0: 0x80002638 (0x00004a15) c.li    s4, 5
core   0: 3 0x80002638 (0x4a15) x20 0x00000005
core   0: 0x8000263a (0x63430963) beq     t1, s4, pc + 1586
core   0: 3 0x8000263a (0x63430963)
core   0: 0x8000263e (0x00004a1d) c.li    s4, 7
core   0: 3 0x8000263e (0x4a1d) x20 0x00000007
core   0: 0x80002640 (0x15430ae3) beq     t1, s4, pc + 2388
core   0: 3 0x80002640 (0x15430ae3)
core   0: 0x80002f94 (0x90000a37) lui     s4, 0x90000
core   0: 3 0x80002f94 (0x90000a37) x20 0x90000000
core   0: 0x80002f98 (0x00001a71) c.addi  s4, -4
core   0: 3 0x80002f98 (0x1a71) x20 0x8ffffffc
core   0: 0x80002f9a (0x00004331) c.li    t1, 12
core   0: 3 0x80002f9a (0x4331) x6  0x0000000c
core   0: 0x80002f9c (0x00000322) c.slli  t1, 8
core   0: 3 0x80002f9c (0x0322) x6  0x00000c00
core   0: 0x80002f9e (0x00030313) mv      t1, t1
core   0: 3 0x80002f9e (0x00030313) x6  0x00000c00
core   0: 0x80002fa2 (0x006a2023) sw      t1, 0(s4)
core   0: 3 0x80002fa2 (0x006a2023) mem 0x8ffffffc 0x00000c00
core   0: 0x80002fa6 (0x90000a37) lui     s4, 0x90000
core   0: 3 0x80002fa6 (0x90000a37) x20 0x90000000
core   0: 0x80002faa (0x00001a71) c.addi  s4, -4
core   0: 3 0x80002faa (0x1a71) x20 0x8ffffffc
core   0: 0x80002fac (0x34200313) li      t1, 834
core   0: 3 0x80002fac (0x34200313) x6  0x00000342
core   0: 0x80002fb0 (0x00000322) c.slli  t1, 8
core   0: 3 0x80002fb0 (0x0322) x6  0x00034200
core   0: 0x80002fb2 (0x0000030d) c.addi  t1, 3
core   0: 3 0x80002fb2 (0x030d) x6  0x00034203
core   0: 0x80002fb4 (0x006a2023) sw      t1, 0(s4)
core   0: 3 0x80002fb4 (0x006a2023) mem 0x8ffffffc 0x00034203
core   0: 0x80002fb8 (0x34202373) csrr    t1, mcause
core   0: 3 0x80002fb8 (0x34202373) x6  0x00000007
core   0: 0x80002fbc (0x006a2023) sw      t1, 0(s4)
core   0: 3 0x80002fbc (0x006a2023) mem 0x8ffffffc 0x00000007
core   0: 0x80002fc0 (0x00004301) c.li    t1, 0
core   0: 3 0x80002fc0 (0x4301) x6  0x00000000
core   0: 0x80002fc2 (0x0000809a) c.mv    ra, t1
core   0: 3 0x80002fc2 (0x809a) x1  0x00000000
core   0: 0x80002fc4 (0x00004881) c.li    a7, 0
core   0: 3 0x80002fc4 (0x4881) x17 0x00000000
core   0: 0x80002fc6 (0x00008306) c.mv    t1, ra
core   0: 3 0x80002fc6 (0x8306) x6  0x00000000
core   0: 0x80002fc8 (0x0000811a) c.mv    sp, t1
core   0: 3 0x80002fc8 (0x811a) x2  0x00000000
core   0: 0x80002fca (0x00004101) c.li    sp, 0
core   0: 3 0x80002fca (0x4101) x2  0x00000000
core   0: 0x80002fcc (0x04230f63) beq     t1, sp, pc + 94
core   0: 3 0x80002fcc (0x04230f63)
core   0: 0x8000302a (0x3b002a73) csrr    s4, pmpaddr0
core   0: 3 0x8000302a (0x3b002a73) x20 0x20000ca9
core   0: 0x8000302e (0x3a0023f3) csrr    t2, pmpcfg0
core   0: 3 0x8000302e (0x3a0023f3) x7  0x0f0f0f0f
core   0: 0x80003032 (0x0000a861) c.j     pc + 152
core   0: 3 0x80003032 (0xa861)
core   0: 0x800030ca (0x00004991) c.li    s3, 4
core   0: 3 0x800030ca (0x4991) x19 0x00000004
core   0: 0x800030cc (0x01e09313) slli    t1, ra, 30
core   0: 3 0x800030cc (0x01e09313) x6  0x00000000
core   0: 0x800030d0 (0x01e35313) srli    t1, t1, 30
core   0: 3 0x800030d0 (0x01e35313) x6  0x00000000
core   0: 0x800030d4 (0x40698133) sub     sp, s3, t1
core   0: 3 0x800030d4 (0x40698133) x2  0x00000004
core   0: 0x800030d8 (0x0000117d) c.addi  sp, -1
core   0: 3 0x800030d8 (0x117d) x2  0x00000003
core   0: 0x800030da (0x0000010e) c.slli  sp, 3
core   0: 3 0x800030da (0x010e) x2  0x00000018
core   0: 0x800030dc (0x002399b3) sll     s3, t2, sp
core   0: 3 0x800030dc (0x002399b3) x19 0x0f000000
core   0: 0x800030e0 (0x0000030e) c.slli  t1, 3
core   0: 3 0x800030e0 (0x030e) x6  0x00000000
core   0: 0x800030e2 (0x0000911a) c.add   sp, t1
core   0: 3 0x800030e2 (0x911a) x2  0x00000018
core   0: 0x800030e4 (0x0029d9b3) srl     s3, s3, sp
core   0: 3 0x800030e4 (0x0029d9b3) x19 0x0000000f
core   0: 0x800030e8 (0x01b99113) slli    sp, s3, 27
core   0: 3 0x800030e8 (0x01b99113) x2  0x78000000
core   0: 0x800030ec (0x01e15113) srli    sp, sp, 30
core   0: 3 0x800030ec (0x01e15113) x2  0x00000001
core   0: 0x800030f0 (0x04010563) beqz    sp, pc + 74
core   0: 3 0x800030f0 (0x04010563)
core   0: 0x800030f4 (0x00004305) c.li    t1, 1
core   0: 3 0x800030f4 (0x4305) x6  0x00000001
core   0: 0x800030f6 (0x04610363) beq     sp, t1, pc + 70
core   0: 3 0x800030f6 (0x04610363)
core   0: 0x8000313c (0x00008306) c.mv    t1, ra
core   0: 3 0x8000313c (0x8306) x6  0x00000000
core   0: 0x8000313e (0x34302173) csrr    sp, mtval
core   0: 3 0x8000313e (0x34302173) x2  0xfab0d26a
core   0: 0x80003142 (0x00215113) srli    sp, sp, 2
core   0: 3 0x80003142 (0x00215113) x2  0x3eac349a
core   0: 0x80003146 (0x00031563) bnez    t1, pc + 10
core   0: 3 0x80003146 (0x00031563)
core   0: 0x8000314a (0xfc0144e3) bltz    sp, pc - 56
core   0: 3 0x8000314a (0xfc0144e3)
core   0: 0x8000314e (0x0000a019) c.j     pc + 6
core   0: 3 0x8000314e (0xa019)
core   0: 0x80003154 (0xfb417fe3) bgeu    sp, s4, pc - 66
core   0: 3 0x80003154 (0xfb417fe3)
core   0: 0x80003112 (0x00008306) c.mv    t1, ra
core   0: 3 0x80003112 (0x8306) x6  0x00000000
core   0: 0x80003114 (0x000088d2) c.mv    a7, s4
core   0: 3 0x80003114 (0x88d2) x17 0x20000ca9
core   0: 0x80003116 (0x00000305) c.addi  t1, 1
core   0: 3 0x80003116 (0x0305) x6  0x00000001
core   0: 0x80003118 (0x0000809a) c.mv    ra, t1
core   0: 3 0x80003118 (0x809a) x1  0x00000001
core   0: 0x8000311a (0x00004a41) c.li    s4, 16
core   0: 3 0x8000311a (0x4a41) x20 0x00000010
core   0: 0x8000311c (0x01435363) bge     t1, s4, pc + 6
core   0: 3 0x8000311c (0x01435363)
core   0: 0x80003120 (0x0000b55d) c.j     pc - 346
core   0: 3 0x80003120 (0xb55d)
core   0: 0x80002fc6 (0x00008306) c.mv    t1, ra
core   0: 3 0x80002fc6 (0x8306) x6  0x00000001
core   0: 0x80002fc8 (0x0000811a) c.mv    sp, t1
core   0: 3 0x80002fc8 (0x811a) x2  0x00000001
core   0: 0x80002fca (0x00004101) c.li    sp, 0
core   0: 3 0x80002fca (0x4101) x2  0x00000000
core   0: 0x80002fcc (0x04230f63) beq     t1, sp, pc + 94
core   0: 3 0x80002fcc (0x04230f63)
core   0: 0x80002fd0 (0x00004105) c.li    sp, 1
core   0: 3 0x80002fd0 (0x4105) x2  0x00000001
core   0: 0x80002fd2 (0x06230163) beq     t1, sp, pc + 98
core   0: 3 0x80002fd2 (0x06230163)
core   0: 0x80003034 (0x3b102a73) csrr    s4, pmpaddr1
core   0: 3 0x80003034 (0x3b102a73) x20 0x244450ed
core   0: 0x80003038 (0x3a0023f3) csrr    t2, pmpcfg0
core   0: 3 0x80003038 (0x3a0023f3) x7  0x0f0f0f0f
core   0: 0x8000303c (0x0000a079) c.j     pc + 142
core   0: 3 0x8000303c (0xa079)
core   0: 0x800030ca (0x00004991) c.li    s3, 4
core   0: 3 0x800030ca (0x4991) x19 0x00000004
core   0: 0x800030cc (0x01e09313) slli    t1, ra, 30
core   0: 3 0x800030cc (0x01e09313) x6  0x40000000
core   0: 0x800030d0 (0x01e35313) srli    t1, t1, 30
core   0: 3 0x800030d0 (0x01e35313) x6  0x00000001
core   0: 0x800030d4 (0x40698133) sub     sp, s3, t1
core   0: 3 0x800030d4 (0x40698133) x2  0x00000003
core   0: 0x800030d8 (0x0000117d) c.addi  sp, -1
core   0: 3 0x800030d8 (0x117d) x2  0x00000002
core   0: 0x800030da (0x0000010e) c.slli  sp, 3
core   0: 3 0x800030da (0x010e) x2  0x00000010
core   0: 0x800030dc (0x002399b3) sll     s3, t2, sp
core   0: 3 0x800030dc (0x002399b3) x19 0x0f0f0000
core   0: 0x800030e0 (0x0000030e) c.slli  t1, 3
core   0: 3 0x800030e0 (0x030e) x6  0x00000008
core   0: 0x800030e2 (0x0000911a) c.add   sp, t1
core   0: 3 0x800030e2 (0x911a) x2  0x00000018
core   0: 0x800030e4 (0x0029d9b3) srl     s3, s3, sp
core   0: 3 0x800030e4 (0x0029d9b3) x19 0x0000000f
core   0: 0x800030e8 (0x01b99113) slli    sp, s3, 27
core   0: 3 0x800030e8 (0x01b99113) x2  0x78000000
core   0: 0x800030ec (0x01e15113) srli    sp, sp, 30
core   0: 3 0x800030ec (0x01e15113) x2  0x00000001
core   0: 0x800030f0 (0x04010563) beqz    sp, pc + 74
core   0: 3 0x800030f0 (0x04010563)
core   0: 0x800030f4 (0x00004305) c.li    t1, 1
core   0: 3 0x800030f4 (0x4305) x6  0x00000001
core   0: 0x800030f6 (0x04610363) beq     sp, t1, pc + 70
core   0: 3 0x800030f6 (0x04610363)
core   0: 0x8000313c (0x00008306) c.mv    t1, ra
core   0: 3 0x8000313c (0x8306) x6  0x00000001
core   0: 0x8000313e (0x34302173) csrr    sp, mtval
core   0: 3 0x8000313e (0x34302173) x2  0xfab0d26a
core   0: 0x80003142 (0x00215113) srli    sp, sp, 2
core   0: 3 0x80003142 (0x00215113) x2  0x3eac349a
core   0: 0x80003146 (0x00031563) bnez    t1, pc + 10
core   0: 3 0x80003146 (0x00031563)
core   0: 0x80003150 (0xfd1161e3) bltu    sp, a7, pc - 62
core   0: 3 0x80003150 (0xfd1161e3)
core   0: 0x80003154 (0xfb417fe3) bgeu    sp, s4, pc - 66
core   0: 3 0x80003154 (0xfb417fe3)
core   0: 0x80003112 (0x00008306) c.mv    t1, ra
core   0: 3 0x80003112 (0x8306) x6  0x00000001
core   0: 0x80003114 (0x000088d2) c.mv    a7, s4
core   0: 3 0x80003114 (0x88d2) x17 0x244450ed
core   0: 0x80003116 (0x00000305) c.addi  t1, 1
core   0: 3 0x80003116 (0x0305) x6  0x00000002
core   0: 0x80003118 (0x0000809a) c.mv    ra, t1
core   0: 3 0x80003118 (0x809a) x1  0x00000002
core   0: 0x8000311a (0x00004a41) c.li    s4, 16
core   0: 3 0x8000311a (0x4a41) x20 0x00000010
core   0: 0x8000311c (0x01435363) bge     t1, s4, pc + 6
core   0: 3 0x8000311c (0x01435363)
core   0: 0x80003120 (0x0000b55d) c.j     pc - 346
core   0: 3 0x80003120 (0xb55d)
core   0: 0x80002fc6 (0x00008306) c.mv    t1, ra
core   0: 3 0x80002fc6 (0x8306) x6  0x00000002
core   0: 0x80002fc8 (0x0000811a) c.mv    sp, t1
core   0: 3 0x80002fc8 (0x811a) x2  0x00000002
core   0: 0x80002fca (0x00004101) c.li    sp, 0
core   0: 3 0x80002fca (0x4101) x2  0x00000000
core   0: 0x80002fcc (0x04230f63) beq     t1, sp, pc + 94
core   0: 3 0x80002fcc (0x04230f63)
core   0: 0x80002fd0 (0x00004105) c.li    sp, 1
core   0: 3 0x80002fd0 (0x4105) x2  0x00000001
core   0: 0x80002fd2 (0x06230163) beq     t1, sp, pc + 98
core   0: 3 0x80002fd2 (0x06230163)
core   0: 0x80002fd6 (0x00004109) c.li    sp, 2
core   0: 3 0x80002fd6 (0x4109) x2  0x00000002
core   0: 0x80002fd8 (0x06230363) beq     t1, sp, pc + 102
core   0: 3 0x80002fd8 (0x06230363)
core   0: 0x8000303e (0x3b202a73) csrr    s4, pmpaddr2
core   0: 3 0x8000303e (0x3b202a73) x20 0x28889531
core   0: 0x80003042 (0x3a0023f3) csrr    t2, pmpcfg0
core   0: 3 0x80003042 (0x3a0023f3) x7  0x0f0f0f0f
core   0: 0x80003046 (0x0000a051) c.j     pc + 132
core   0: 3 0x80003046 (0xa051)
core   0: 0x800030ca (0x00004991) c.li    s3, 4
core   0: 3 0x800030ca (0x4991) x19 0x00000004
core   0: 0x800030cc (0x01e09313) slli    t1, ra, 30
core   0: 3 0x800030cc (0x01e09313) x6  0x80000000
core   0: 0x800030d0 (0x01e35313) srli    t1, t1, 30
core   0: 3 0x800030d0 (0x01e35313) x6  0x00000002
core   0: 0x800030d4 (0x40698133) sub     sp, s3, t1
core   0: 3 0x800030d4 (0x40698133) x2  0x00000002
core   0: 0x800030d8 (0x0000117d) c.addi  sp, -1
core   0: 3 0x800030d8 (0x117d) x2  0x00000001
core   0: 0x800030da (0x0000010e) c.slli  sp, 3
core   0: 3 0x800030da (0x010e) x2  0x00000008
core   0: 0x800030dc (0x002399b3) sll     s3, t2, sp
core   0: 3 0x800030dc (0x002399b3) x19 0x0f0f0f00
core   0: 0x800030e0 (0x0000030e) c.slli  t1, 3
core   0: 3 0x800030e0 (0x030e) x6  0x00000010
core   0: 0x800030e2 (0x0000911a) c.add   sp, t1
core   0: 3 0x800030e2 (0x911a) x2  0x00000018
core   0: 0x800030e4 (0x0029d9b3) srl     s3, s3, sp
core   0: 3 0x800030e4 (0x0029d9b3) x19 0x0000000f
core   0: 0x800030e8 (0x01b99113) slli    sp, s3, 27
core   0: 3 0x800030e8 (0x01b99113) x2  0x78000000
core   0: 0x800030ec (0x01e15113) srli    sp, sp, 30
core   0: 3 0x800030ec (0x01e15113) x2  0x00000001
core   0: 0x800030f0 (0x04010563) beqz    sp, pc + 74
core   0: 3 0x800030f0 (0x04010563)
core   0: 0x800030f4 (0x00004305) c.li    t1, 1
core   0: 3 0x800030f4 (0x4305) x6  0x00000001
core   0: 0x800030f6 (0x04610363) beq     sp, t1, pc + 70
core   0: 3 0x800030f6 (0x04610363)
core   0: 0x8000313c (0x00008306) c.mv    t1, ra
core   0: 3 0x8000313c (0x8306) x6  0x00000002
core   0: 0x8000313e (0x34302173) csrr    sp, mtval
core   0: 3 0x8000313e (0x34302173) x2  0xfab0d26a
core   0: 0x80003142 (0x00215113) srli    sp, sp, 2
core   0: 3 0x80003142 (0x00215113) x2  0x3eac349a
core   0: 0x80003146 (0x00031563) bnez    t1, pc + 10
core   0: 3 0x80003146 (0x00031563)
core   0: 0x80003150 (0xfd1161e3) bltu    sp, a7, pc - 62
core   0: 3 0x80003150 (0xfd1161e3)
core   0: 0x80003154 (0xfb417fe3) bgeu    sp, s4, pc - 66
core   0: 3 0x80003154 (0xfb417fe3)
core   0: 0x80003112 (0x00008306) c.mv    t1, ra
core   0: 3 0x80003112 (0x8306) x6  0x00000002
core   0: 0x80003114 (0x000088d2) c.mv    a7, s4
core   0: 3 0x80003114 (0x88d2) x17 0x28889531
core   0: 0x80003116 (0x00000305) c.addi  t1, 1
core   0: 3 0x80003116 (0x0305) x6  0x00000003
core   0: 0x80003118 (0x0000809a) c.mv    ra, t1
core   0: 3 0x80003118 (0x809a) x1  0x00000003
core   0: 0x8000311a (0x00004a41) c.li    s4, 16
core   0: 3 0x8000311a (0x4a41) x20 0x00000010
core   0: 0x8000311c (0x01435363) bge     t1, s4, pc + 6
core   0: 3 0x8000311c (0x01435363)
core   0: 0x80003120 (0x0000b55d) c.j     pc - 346
core   0: 3 0x80003120 (0xb55d)
core   0: 0x80002fc6 (0x00008306) c.mv    t1, ra
core   0: 3 0x80002fc6 (0x8306) x6  0x00000003
core   0: 0x80002fc8 (0x0000811a) c.mv    sp, t1
core   0: 3 0x80002fc8 (0x811a) x2  0x00000003
core   0: 0x80002fca (0x00004101) c.li    sp, 0
core   0: 3 0x80002fca (0x4101) x2  0x00000000
core   0: 0x80002fcc (0x04230f63) beq     t1, sp, pc + 94
core   0: 3 0x80002fcc (0x04230f63)
core   0: 0x80002fd0 (0x00004105) c.li    sp, 1
core   0: 3 0x80002fd0 (0x4105) x2  0x00000001
core   0: 0x80002fd2 (0x06230163) beq     t1, sp, pc + 98
core   0: 3 0x80002fd2 (0x06230163)
core   0: 0x80002fd6 (0x00004109) c.li    sp, 2
core   0: 3 0x80002fd6 (0x4109) x2  0x00000002
core   0: 0x80002fd8 (0x06230363) beq     t1, sp, pc + 102
core   0: 3 0x80002fd8 (0x06230363)
core   0: 0x80002fdc (0x0000410d) c.li    sp, 3
core   0: 3 0x80002fdc (0x410d) x2  0x00000003
core   0: 0x80002fde (0x06230563) beq     t1, sp, pc + 106
core   0: 3 0x80002fde (0x06230563)
core   0: 0x80003048 (0x3b302a73) csrr    s4, pmpaddr3
core   0: 3 0x80003048 (0x3b302a73) x20 0x2cccd975
core   0: 0x8000304c (0x3a0023f3) csrr    t2, pmpcfg0
core   0: 3 0x8000304c (0x3a0023f3) x7  0x0f0f0f0f
core   0: 0x80003050 (0x0000a8ad) c.j     pc + 122
core   0: 3 0x80003050 (0xa8ad)
core   0: 0x800030ca (0x00004991) c.li    s3, 4
core   0: 3 0x800030ca (0x4991) x19 0x00000004
core   0: 0x800030cc (0x01e09313) slli    t1, ra, 30
core   0: 3 0x800030cc (0x01e09313) x6  0xc0000000
core   0: 0x800030d0 (0x01e35313) srli    t1, t1, 30
core   0: 3 0x800030d0 (0x01e35313) x6  0x00000003
core   0: 0x800030d4 (0x40698133) sub     sp, s3, t1
core   0: 3 0x800030d4 (0x40698133) x2  0x00000001
core   0: 0x800030d8 (0x0000117d) c.addi  sp, -1
core   0: 3 0x800030d8 (0x117d) x2  0x00000000
core   0: 0x800030da (0x0000010e) c.slli  sp, 3
core   0: 3 0x800030da (0x010e) x2  0x00000000
core   0: 0x800030dc (0x002399b3) sll     s3, t2, sp
core   0: 3 0x800030dc (0x002399b3) x19 0x0f0f0f0f
core   0: 0x800030e0 (0x0000030e) c.slli  t1, 3
core   0: 3 0x800030e0 (0x030e) x6  0x00000018
core   0: 0x800030e2 (0x0000911a) c.add   sp, t1
core   0: 3 0x800030e2 (0x911a) x2  0x00000018
core   0: 0x800030e4 (0x0029d9b3) srl     s3, s3, sp
core   0: 3 0x800030e4 (0x0029d9b3) x19 0x0000000f
core   0: 0x800030e8 (0x01b99113) slli    sp, s3, 27
core   0: 3 0x800030e8 (0x01b99113) x2  0x78000000
core   0: 0x800030ec (0x01e15113) srli    sp, sp, 30
core   0: 3 0x800030ec (0x01e15113) x2  0x00000001
core   0: 0x800030f0 (0x04010563) beqz    sp, pc + 74
core   0: 3 0x800030f0 (0x04010563)
core   0: 0x800030f4 (0x00004305) c.li    t1, 1
core   0: 3 0x800030f4 (0x4305) x6  0x00000001
core   0: 0x800030f6 (0x04610363) beq     sp, t1, pc + 70
core   0: 3 0x800030f6 (0x04610363)
core   0: 0x8000313c (0x00008306) c.mv    t1, ra
core   0: 3 0x8000313c (0x8306) x6  0x00000003
core   0: 0x8000313e (0x34302173) csrr    sp, mtval
core   0: 3 0x8000313e (0x34302173) x2  0xfab0d26a
core   0: 0x80003142 (0x00215113) srli    sp, sp, 2
core   0: 3 0x80003142 (0x00215113) x2  0x3eac349a
core   0: 0x80003146 (0x00031563) bnez    t1, pc + 10
core   0: 3 0x80003146 (0x00031563)
core   0: 0x80003150 (0xfd1161e3) bltu    sp, a7, pc - 62
core   0: 3 0x80003150 (0xfd1161e3)
core   0: 0x80003154 (0xfb417fe3) bgeu    sp, s4, pc - 66
core   0: 3 0x80003154 (0xfb417fe3)
core   0: 0x80003112 (0x00008306) c.mv    t1, ra
core   0: 3 0x80003112 (0x8306) x6  0x00000003
core   0: 0x80003114 (0x000088d2) c.mv    a7, s4
core   0: 3 0x80003114 (0x88d2) x17 0x2cccd975
core   0: 0x80003116 (0x00000305) c.addi  t1, 1
core   0: 3 0x80003116 (0x0305) x6  0x00000004
core   0: 0x80003118 (0x0000809a) c.mv    ra, t1
core   0: 3 0x80003118 (0x809a) x1  0x00000004
core   0: 0x8000311a (0x00004a41) c.li    s4, 16
core   0: 3 0x8000311a (0x4a41) x20 0x00000010
core   0: 0x8000311c (0x01435363) bge     t1, s4, pc + 6
core   0: 3 0x8000311c (0x01435363)
core   0: 0x80003120 (0x0000b55d) c.j     pc - 346
core   0: 3 0x80003120 (0xb55d)
core   0: 0x80002fc6 (0x00008306) c.mv    t1, ra
core   0: 3 0x80002fc6 (0x8306) x6  0x00000004
core   0: 0x80002fc8 (0x0000811a) c.mv    sp, t1
core   0: 3 0x80002fc8 (0x811a) x2  0x00000004
core   0: 0x80002fca (0x00004101) c.li    sp, 0
core   0: 3 0x80002fca (0x4101) x2  0x00000000
core   0: 0x80002fcc (0x04230f63) beq     t1, sp, pc + 94
core   0: 3 0x80002fcc (0x04230f63)
core   0: 0x80002fd0 (0x00004105) c.li    sp, 1
core   0: 3 0x80002fd0 (0x4105) x2  0x00000001
core   0: 0x80002fd2 (0x06230163) beq     t1, sp, pc + 98
core   0: 3 0x80002fd2 (0x06230163)
core   0: 0x80002fd6 (0x00004109) c.li    sp, 2
core   0: 3 0x80002fd6 (0x4109) x2  0x00000002
core   0: 0x80002fd8 (0x06230363) beq     t1, sp, pc + 102
core   0: 3 0x80002fd8 (0x06230363)
core   0: 0x80002fdc (0x0000410d) c.li    sp, 3
core   0: 3 0x80002fdc (0x410d) x2  0x00000003
core   0: 0x80002fde (0x06230563) beq     t1, sp, pc + 106
core   0: 3 0x80002fde (0x06230563)
core   0: 0x80002fe2 (0x00004111) c.li    sp, 4
core   0: 3 0x80002fe2 (0x4111) x2  0x00000004
core   0: 0x80002fe4 (0x06230763) beq     t1, sp, pc + 110
core   0: 3 0x80002fe4 (0x06230763)
core   0: 0x80003052 (0x3b402a73) csrr    s4, pmpaddr4
core   0: 3 0x80003052 (0x3b402a73) x20 0x31111dba
core   0: 0x80003056 (0x3a1023f3) csrr    t2, pmpcfg1
core   0: 3 0x80003056 (0x3a1023f3) x7  0x0f0f0f0f
core   0: 0x8000305a (0x0000a885) c.j     pc + 112
core   0: 3 0x8000305a (0xa885)
core   0: 0x800030ca (0x00004991) c.li    s3, 4
core   0: 3 0x800030ca (0x4991) x19 0x00000004
core   0: 0x800030cc (0x01e09313) slli    t1, ra, 30
core   0: 3 0x800030cc (0x01e09313) x6  0x00000000
core   0: 0x800030d0 (0x01e35313) srli    t1, t1, 30
core   0: 3 0x800030d0 (0x01e35313) x6  0x00000000
core   0: 0x800030d4 (0x40698133) sub     sp, s3, t1
core   0: 3 0x800030d4 (0x40698133) x2  0x00000004
core   0: 0x800030d8 (0x0000117d) c.addi  sp, -1
core   0: 3 0x800030d8 (0x117d) x2  0x00000003
core   0: 0x800030da (0x0000010e) c.slli  sp, 3
core   0: 3 0x800030da (0x010e) x2  0x00000018
core   0: 0x800030dc (0x002399b3) sll     s3, t2, sp
core   0: 3 0x800030dc (0x002399b3) x19 0x0f000000
core   0: 0x800030e0 (0x0000030e) c.slli  t1, 3
core   0: 3 0x800030e0 (0x030e) x6  0x00000000
core   0: 0x800030e2 (0x0000911a) c.add   sp, t1
core   0: 3 0x800030e2 (0x911a) x2  0x00000018
core   0: 0x800030e4 (0x0029d9b3) srl     s3, s3, sp
core   0: 3 0x800030e4 (0x0029d9b3) x19 0x0000000f
core   0: 0x800030e8 (0x01b99113) slli    sp, s3, 27
core   0: 3 0x800030e8 (0x01b99113) x2  0x78000000
core   0: 0x800030ec (0x01e15113) srli    sp, sp, 30
core   0: 3 0x800030ec (0x01e15113) x2  0x00000001
core   0: 0x800030f0 (0x04010563) beqz    sp, pc + 74
core   0: 3 0x800030f0 (0x04010563)
core   0: 0x800030f4 (0x00004305) c.li    t1, 1
core   0: 3 0x800030f4 (0x4305) x6  0x00000001
core   0: 0x800030f6 (0x04610363) beq     sp, t1, pc + 70
core   0: 3 0x800030f6 (0x04610363)
core   0: 0x8000313c (0x00008306) c.mv    t1, ra
core   0: 3 0x8000313c (0x8306) x6  0x00000004
core   0: 0x8000313e (0x34302173) csrr    sp, mtval
core   0: 3 0x8000313e (0x34302173) x2  0xfab0d26a
core   0: 0x80003142 (0x00215113) srli    sp, sp, 2
core   0: 3 0x80003142 (0x00215113) x2  0x3eac349a
core   0: 0x80003146 (0x00031563) bnez    t1, pc + 10
core   0: 3 0x80003146 (0x00031563)
core   0: 0x80003150 (0xfd1161e3) bltu    sp, a7, pc - 62
core   0: 3 0x80003150 (0xfd1161e3)
core   0: 0x80003154 (0xfb417fe3) bgeu    sp, s4, pc - 66
core   0: 3 0x80003154 (0xfb417fe3)
core   0: 0x80003112 (0x00008306) c.mv    t1, ra
core   0: 3 0x80003112 (0x8306) x6  0x00000004
core   0: 0x80003114 (0x000088d2) c.mv    a7, s4
core   0: 3 0x80003114 (0x88d2) x17 0x31111dba
core   0: 0x80003116 (0x00000305) c.addi  t1, 1
core   0: 3 0x80003116 (0x0305) x6  0x00000005
core   0: 0x80003118 (0x0000809a) c.mv    ra, t1
core   0: 3 0x80003118 (0x809a) x1  0x00000005
core   0: 0x8000311a (0x00004a41) c.li    s4, 16
core   0: 3 0x8000311a (0x4a41) x20 0x00000010
core   0: 0x8000311c (0x01435363) bge     t1, s4, pc + 6
core   0: 3 0x8000311c (0x01435363)
core   0: 0x80003120 (0x0000b55d) c.j     pc - 346
core   0: 3 0x80003120 (0xb55d)
core   0: 0x80002fc6 (0x00008306) c.mv    t1, ra
core   0: 3 0x80002fc6 (0x8306) x6  0x00000005
core   0: 0x80002fc8 (0x0000811a) c.mv    sp, t1
core   0: 3 0x80002fc8 (0x811a) x2  0x00000005
core   0: 0x80002fca (0x00004101) c.li    sp, 0
core   0: 3 0x80002fca (0x4101) x2  0x00000000
core   0: 0x80002fcc (0x04230f63) beq     t1, sp, pc + 94
core   0: 3 0x80002fcc (0x04230f63)
core   0: 0x80002fd0 (0x00004105) c.li    sp, 1
core   0: 3 0x80002fd0 (0x4105) x2  0x00000001
core   0: 0x80002fd2 (0x06230163) beq     t1, sp, pc + 98
core   0: 3 0x80002fd2 (0x06230163)
core   0: 0x80002fd6 (0x00004109) c.li    sp, 2
core   0: 3 0x80002fd6 (0x4109) x2  0x00000002
core   0: 0x80002fd8 (0x06230363) beq     t1, sp, pc + 102
core   0: 3 0x80002fd8 (0x06230363)
core   0: 0x80002fdc (0x0000410d) c.li    sp, 3
core   0: 3 0x80002fdc (0x410d) x2  0x00000003
core   0: 0x80002fde (0x06230563) beq     t1, sp, pc + 106
core   0: 3 0x80002fde (0x06230563)
core   0: 0x80002fe2 (0x00004111) c.li    sp, 4
core   0: 3 0x80002fe2 (0x4111) x2  0x00000004
core   0: 0x80002fe4 (0x06230763) beq     t1, sp, pc + 110
core   0: 3 0x80002fe4 (0x06230763)
core   0: 0x80002fe8 (0x00004115) c.li    sp, 5
core   0: 3 0x80002fe8 (0x4115) x2  0x00000005
core   0: 0x80002fea (0x06230963) beq     t1, sp, pc + 114
core   0: 3 0x80002fea (0x06230963)
core   0: 0x8000305c (0x3b502a73) csrr    s4, pmpaddr5
core   0: 3 0x8000305c (0x3b502a73) x20 0x355561fe
core   0: 0x80003060 (0x3a1023f3) csrr    t2, pmpcfg1
core   0: 3 0x80003060 (0x3a1023f3) x7  0x0f0f0f0f
core   0: 0x80003064 (0x0000a09d) c.j     pc + 102
core   0: 3 0x80003064 (0xa09d)
core   0: 0x800030ca (0x00004991) c.li    s3, 4
core   0: 3 0x800030ca (0x4991) x19 0x00000004
core   0: 0x800030cc (0x01e09313) slli    t1, ra, 30
core   0: 3 0x800030cc (0x01e09313) x6  0x40000000
core   0: 0x800030d0 (0x01e35313) srli    t1, t1, 30
core   0: 3 0x800030d0 (0x01e35313) x6  0x00000001
core   0: 0x800030d4 (0x40698133) sub     sp, s3, t1
core   0: 3 0x800030d4 (0x40698133) x2  0x00000003
core   0: 0x800030d8 (0x0000117d) c.addi  sp, -1
core   0: 3 0x800030d8 (0x117d) x2  0x00000002
core   0: 0x800030da (0x0000010e) c.slli  sp, 3
core   0: 3 0x800030da (0x010e) x2  0x00000010
core   0: 0x800030dc (0x002399b3) sll     s3, t2, sp
core   0: 3 0x800030dc (0x002399b3) x19 0x0f0f0000
core   0: 0x800030e0 (0x0000030e) c.slli  t1, 3
core   0: 3 0x800030e0 (0x030e) x6  0x00000008
core   0: 0x800030e2 (0x0000911a) c.add   sp, t1
core   0: 3 0x800030e2 (0x911a) x2  0x00000018
core   0: 0x800030e4 (0x0029d9b3) srl     s3, s3, sp
core   0: 3 0x800030e4 (0x0029d9b3) x19 0x0000000f
core   0: 0x800030e8 (0x01b99113) slli    sp, s3, 27
core   0: 3 0x800030e8 (0x01b99113) x2  0x78000000
core   0: 0x800030ec (0x01e15113) srli    sp, sp, 30
core   0: 3 0x800030ec (0x01e15113) x2  0x00000001
core   0: 0x800030f0 (0x04010563) beqz    sp, pc + 74
core   0: 3 0x800030f0 (0x04010563)
core   0: 0x800030f4 (0x00004305) c.li    t1, 1
core   0: 3 0x800030f4 (0x4305) x6  0x00000001
core   0: 0x800030f6 (0x04610363) beq     sp, t1, pc + 70
core   0: 3 0x800030f6 (0x04610363)
core   0: 0x8000313c (0x00008306) c.mv    t1, ra
core   0: 3 0x8000313c (0x8306) x6  0x00000005
core   0: 0x8000313e (0x34302173) csrr    sp, mtval
core   0: 3 0x8000313e (0x34302173) x2  0xfab0d26a
core   0: 0x80003142 (0x00215113) srli    sp, sp, 2
core   0: 3 0x80003142 (0x00215113) x2  0x3eac349a
core   0: 0x80003146 (0x00031563) bnez    t1, pc + 10
core   0: 3 0x80003146 (0x00031563)
core   0: 0x80003150 (0xfd1161e3) bltu    sp, a7, pc - 62
core   0: 3 0x80003150 (0xfd1161e3)
core   0: 0x80003154 (0xfb417fe3) bgeu    sp, s4, pc - 66
core   0: 3 0x80003154 (0xfb417fe3)
core   0: 0x80003112 (0x00008306) c.mv    t1, ra
core   0: 3 0x80003112 (0x8306) x6  0x00000005
core   0: 0x80003114 (0x000088d2) c.mv    a7, s4
core   0: 3 0x80003114 (0x88d2) x17 0x355561fe
core   0: 0x80003116 (0x00000305) c.addi  t1, 1
core   0: 3 0x80003116 (0x0305) x6  0x00000006
core   0: 0x80003118 (0x0000809a) c.mv    ra, t1
core   0: 3 0x80003118 (0x809a) x1  0x00000006
core   0: 0x8000311a (0x00004a41) c.li    s4, 16
core   0: 3 0x8000311a (0x4a41) x20 0x00000010
core   0: 0x8000311c (0x01435363) bge     t1, s4, pc + 6
core   0: 3 0x8000311c (0x01435363)
core   0: 0x80003120 (0x0000b55d) c.j     pc - 346
core   0: 3 0x80003120 (0xb55d)
core   0: 0x80002fc6 (0x00008306) c.mv    t1, ra
core   0: 3 0x80002fc6 (0x8306) x6  0x00000006
core   0: 0x80002fc8 (0x0000811a) c.mv    sp, t1
core   0: 3 0x80002fc8 (0x811a) x2  0x00000006
core   0: 0x80002fca (0x00004101) c.li    sp, 0
core   0: 3 0x80002fca (0x4101) x2  0x00000000
core   0: 0x80002fcc (0x04230f63) beq     t1, sp, pc + 94
core   0: 3 0x80002fcc (0x04230f63)
core   0: 0x80002fd0 (0x00004105) c.li    sp, 1
core   0: 3 0x80002fd0 (0x4105) x2  0x00000001
core   0: 0x80002fd2 (0x06230163) beq     t1, sp, pc + 98
core   0: 3 0x80002fd2 (0x06230163)
core   0: 0x80002fd6 (0x00004109) c.li    sp, 2
core   0: 3 0x80002fd6 (0x4109) x2  0x00000002
core   0: 0x80002fd8 (0x06230363) beq     t1, sp, pc + 102
core   0: 3 0x80002fd8 (0x06230363)
core   0: 0x80002fdc (0x0000410d) c.li    sp, 3
core   0: 3 0x80002fdc (0x410d) x2  0x00000003
core   0: 0x80002fde (0x06230563) beq     t1, sp, pc + 106
core   0: 3 0x80002fde (0x06230563)
core   0: 0x80002fe2 (0x00004111) c.li    sp, 4
core   0: 3 0x80002fe2 (0x4111) x2  0x00000004
core   0: 0x80002fe4 (0x06230763) beq     t1, sp, pc + 110
core   0: 3 0x80002fe4 (0x06230763)
core   0: 0x80002fe8 (0x00004115) c.li    sp, 5
core   0: 3 0x80002fe8 (0x4115) x2  0x00000005
core   0: 0x80002fea (0x06230963) beq     t1, sp, pc + 114
core   0: 3 0x80002fea (0x06230963)
core   0: 0x80002fee (0x00004119) c.li    sp, 6
core   0: 3 0x80002fee (0x4119) x2  0x00000006
core   0: 0x80002ff0 (0x06230b63) beq     t1, sp, pc + 118
core   0: 3 0x80002ff0 (0x06230b63)
core   0: 0x80003066 (0x3b602a73) csrr    s4, pmpaddr6
core   0: 3 0x80003066 (0x3b602a73) x20 0x3999a642
core   0: 0x8000306a (0x3a1023f3) csrr    t2, pmpcfg1
core   0: 3 0x8000306a (0x3a1023f3) x7  0x0f0f0f0f
core   0: 0x8000306e (0x0000a8b1) c.j     pc + 92
core   0: 3 0x8000306e (0xa8b1)
core   0: 0x800030ca (0x00004991) c.li    s3, 4
core   0: 3 0x800030ca (0x4991) x19 0x00000004
core   0: 0x800030cc (0x01e09313) slli    t1, ra, 30
core   0: 3 0x800030cc (0x01e09313) x6  0x80000000
core   0: 0x800030d0 (0x01e35313) srli    t1, t1, 30
core   0: 3 0x800030d0 (0x01e35313) x6  0x00000002
core   0: 0x800030d4 (0x40698133) sub     sp, s3, t1
core   0: 3 0x800030d4 (0x40698133) x2  0x00000002
core   0: 0x800030d8 (0x0000117d) c.addi  sp, -1
core   0: 3 0x800030d8 (0x117d) x2  0x00000001
core   0: 0x800030da (0x0000010e) c.slli  sp, 3
core   0: 3 0x800030da (0x010e) x2  0x00000008
core   0: 0x800030dc (0x002399b3) sll     s3, t2, sp
core   0: 3 0x800030dc (0x002399b3) x19 0x0f0f0f00
core   0: 0x800030e0 (0x0000030e) c.slli  t1, 3
core   0: 3 0x800030e0 (0x030e) x6  0x00000010
core   0: 0x800030e2 (0x0000911a) c.add   sp, t1
core   0: 3 0x800030e2 (0x911a) x2  0x00000018
core   0: 0x800030e4 (0x0029d9b3) srl     s3, s3, sp
core   0: 3 0x800030e4 (0x0029d9b3) x19 0x0000000f
core   0: 0x800030e8 (0x01b99113) slli    sp, s3, 27
core   0: 3 0x800030e8 (0x01b99113) x2  0x78000000
core   0: 0x800030ec (0x01e15113) srli    sp, sp, 30
core   0: 3 0x800030ec (0x01e15113) x2  0x00000001
core   0: 0x800030f0 (0x04010563) beqz    sp, pc + 74
core   0: 3 0x800030f0 (0x04010563)
core   0: 0x800030f4 (0x00004305) c.li    t1, 1
core   0: 3 0x800030f4 (0x4305) x6  0x00000001
core   0: 0x800030f6 (0x04610363) beq     sp, t1, pc + 70
core   0: 3 0x800030f6 (0x04610363)
core   0: 0x8000313c (0x00008306) c.mv    t1, ra
core   0: 3 0x8000313c (0x8306) x6  0x00000006
core   0: 0x8000313e (0x34302173) csrr    sp, mtval
core   0: 3 0x8000313e (0x34302173) x2  0xfab0d26a
core   0: 0x80003142 (0x00215113) srli    sp, sp, 2
core   0: 3 0x80003142 (0x00215113) x2  0x3eac349a
core   0: 0x80003146 (0x00031563) bnez    t1, pc + 10
core   0: 3 0x80003146 (0x00031563)
core   0: 0x80003150 (0xfd1161e3) bltu    sp, a7, pc - 62
core   0: 3 0x80003150 (0xfd1161e3)
core   0: 0x80003154 (0xfb417fe3) bgeu    sp, s4, pc - 66
core   0: 3 0x80003154 (0xfb417fe3)
core   0: 0x80003112 (0x00008306) c.mv    t1, ra
core   0: 3 0x80003112 (0x8306) x6  0x00000006
core   0: 0x80003114 (0x000088d2) c.mv    a7, s4
core   0: 3 0x80003114 (0x88d2) x17 0x3999a642
core   0: 0x80003116 (0x00000305) c.addi  t1, 1
core   0: 3 0x80003116 (0x0305) x6  0x00000007
core   0: 0x80003118 (0x0000809a) c.mv    ra, t1
core   0: 3 0x80003118 (0x809a) x1  0x00000007
core   0: 0x8000311a (0x00004a41) c.li    s4, 16
core   0: 3 0x8000311a (0x4a41) x20 0x00000010
core   0: 0x8000311c (0x01435363) bge     t1, s4, pc + 6
core   0: 3 0x8000311c (0x01435363)
core   0: 0x80003120 (0x0000b55d) c.j     pc - 346
core   0: 3 0x80003120 (0xb55d)
core   0: 0x80002fc6 (0x00008306) c.mv    t1, ra
core   0: 3 0x80002fc6 (0x8306) x6  0x00000007
core   0: 0x80002fc8 (0x0000811a) c.mv    sp, t1
core   0: 3 0x80002fc8 (0x811a) x2  0x00000007
core   0: 0x80002fca (0x00004101) c.li    sp, 0
core   0: 3 0x80002fca (0x4101) x2  0x00000000
core   0: 0x80002fcc (0x04230f63) beq     t1, sp, pc + 94
core   0: 3 0x80002fcc (0x04230f63)
core   0: 0x80002fd0 (0x00004105) c.li    sp, 1
core   0: 3 0x80002fd0 (0x4105) x2  0x00000001
core   0: 0x80002fd2 (0x06230163) beq     t1, sp, pc + 98
core   0: 3 0x80002fd2 (0x06230163)
core   0: 0x80002fd6 (0x00004109) c.li    sp, 2
core   0: 3 0x80002fd6 (0x4109) x2  0x00000002
core   0: 0x80002fd8 (0x06230363) beq     t1, sp, pc + 102
core   0: 3 0x80002fd8 (0x06230363)
core   0: 0x80002fdc (0x0000410d) c.li    sp, 3
core   0: 3 0x80002fdc (0x410d) x2  0x00000003
core   0: 0x80002fde (0x06230563) beq     t1, sp, pc + 106
core   0: 3 0x80002fde (0x06230563)
core   0: 0x80002fe2 (0x00004111) c.li    sp, 4
core   0: 3 0x80002fe2 (0x4111) x2  0x00000004
core   0: 0x80002fe4 (0x06230763) beq     t1, sp, pc + 110
core   0: 3 0x80002fe4 (0x06230763)
core   0: 0x80002fe8 (0x00004115) c.li    sp, 5
core   0: 3 0x80002fe8 (0x4115) x2  0x00000005
core   0: 0x80002fea (0x06230963) beq     t1, sp, pc + 114
core   0: 3 0x80002fea (0x06230963)
core   0: 0x80002fee (0x00004119) c.li    sp, 6
core   0: 3 0x80002fee (0x4119) x2  0x00000006
core   0: 0x80002ff0 (0x06230b63) beq     t1, sp, pc + 118
core   0: 3 0x80002ff0 (0x06230b63)
core   0: 0x80002ff4 (0x0000411d) c.li    sp, 7
core   0: 3 0x80002ff4 (0x411d) x2  0x00000007
core   0: 0x80002ff6 (0x06230d63) beq     t1, sp, pc + 122
core   0: 3 0x80002ff6 (0x06230d63)
core   0: 0x80003070 (0x3b702a73) csrr    s4, pmpaddr7
core   0: 3 0x80003070 (0x3b702a73) x20 0x3dddea86
core   0: 0x80003074 (0x3a1023f3) csrr    t2, pmpcfg1
core   0: 3 0x80003074 (0x3a1023f3) x7  0x0f0f0f0f
core   0: 0x80003078 (0x0000a889) c.j     pc + 82
core   0: 3 0x80003078 (0xa889)
core   0: 0x800030ca (0x00004991) c.li    s3, 4
core   0: 3 0x800030ca (0x4991) x19 0x00000004
core   0: 0x800030cc (0x01e09313) slli    t1, ra, 30
core   0: 3 0x800030cc (0x01e09313) x6  0xc0000000
core   0: 0x800030d0 (0x01e35313) srli    t1, t1, 30
core   0: 3 0x800030d0 (0x01e35313) x6  0x00000003
core   0: 0x800030d4 (0x40698133) sub     sp, s3, t1
core   0: 3 0x800030d4 (0x40698133) x2  0x00000001
core   0: 0x800030d8 (0x0000117d) c.addi  sp, -1
core   0: 3 0x800030d8 (0x117d) x2  0x00000000
core   0: 0x800030da (0x0000010e) c.slli  sp, 3
core   0: 3 0x800030da (0x010e) x2  0x00000000
core   0: 0x800030dc (0x002399b3) sll     s3, t2, sp
core   0: 3 0x800030dc (0x002399b3) x19 0x0f0f0f0f
core   0: 0x800030e0 (0x0000030e) c.slli  t1, 3
core   0: 3 0x800030e0 (0x030e) x6  0x00000018
core   0: 0x800030e2 (0x0000911a) c.add   sp, t1
core   0: 3 0x800030e2 (0x911a) x2  0x00000018
core   0: 0x800030e4 (0x0029d9b3) srl     s3, s3, sp
core   0: 3 0x800030e4 (0x0029d9b3) x19 0x0000000f
core   0: 0x800030e8 (0x01b99113) slli    sp, s3, 27
core   0: 3 0x800030e8 (0x01b99113) x2  0x78000000
core   0: 0x800030ec (0x01e15113) srli    sp, sp, 30
core   0: 3 0x800030ec (0x01e15113) x2  0x00000001
core   0: 0x800030f0 (0x04010563) beqz    sp, pc + 74
core   0: 3 0x800030f0 (0x04010563)
core   0: 0x800030f4 (0x00004305) c.li    t1, 1
core   0: 3 0x800030f4 (0x4305) x6  0x00000001
core   0: 0x800030f6 (0x04610363) beq     sp, t1, pc + 70
core   0: 3 0x800030f6 (0x04610363)
core   0: 0x8000313c (0x00008306) c.mv    t1, ra
core   0: 3 0x8000313c (0x8306) x6  0x00000007
core   0: 0x8000313e (0x34302173) csrr    sp, mtval
core   0: 3 0x8000313e (0x34302173) x2  0xfab0d26a
core   0: 0x80003142 (0x00215113) srli    sp, sp, 2
core   0: 3 0x80003142 (0x00215113) x2  0x3eac349a
core   0: 0x80003146 (0x00031563) bnez    t1, pc + 10
core   0: 3 0x80003146 (0x00031563)
core   0: 0x80003150 (0xfd1161e3) bltu    sp, a7, pc - 62
core   0: 3 0x80003150 (0xfd1161e3)
core   0: 0x80003154 (0xfb417fe3) bgeu    sp, s4, pc - 66
core   0: 3 0x80003154 (0xfb417fe3)
core   0: 0x80003112 (0x00008306) c.mv    t1, ra
core   0: 3 0x80003112 (0x8306) x6  0x00000007
core   0: 0x80003114 (0x000088d2) c.mv    a7, s4
core   0: 3 0x80003114 (0x88d2) x17 0x3dddea86
core   0: 0x80003116 (0x00000305) c.addi  t1, 1
core   0: 3 0x80003116 (0x0305) x6  0x00000008
core   0: 0x80003118 (0x0000809a) c.mv    ra, t1
core   0: 3 0x80003118 (0x809a) x1  0x00000008
core   0: 0x8000311a (0x00004a41) c.li    s4, 16
core   0: 3 0x8000311a (0x4a41) x20 0x00000010
core   0: 0x8000311c (0x01435363) bge     t1, s4, pc + 6
core   0: 3 0x8000311c (0x01435363)
core   0: 0x80003120 (0x0000b55d) c.j     pc - 346
core   0: 3 0x80003120 (0xb55d)
core   0: 0x80002fc6 (0x00008306) c.mv    t1, ra
core   0: 3 0x80002fc6 (0x8306) x6  0x00000008
core   0: 0x80002fc8 (0x0000811a) c.mv    sp, t1
core   0: 3 0x80002fc8 (0x811a) x2  0x00000008
core   0: 0x80002fca (0x00004101) c.li    sp, 0
core   0: 3 0x80002fca (0x4101) x2  0x00000000
core   0: 0x80002fcc (0x04230f63) beq     t1, sp, pc + 94
core   0: 3 0x80002fcc (0x04230f63)
core   0: 0x80002fd0 (0x00004105) c.li    sp, 1
core   0: 3 0x80002fd0 (0x4105) x2  0x00000001
core   0: 0x80002fd2 (0x06230163) beq     t1, sp, pc + 98
core   0: 3 0x80002fd2 (0x06230163)
core   0: 0x80002fd6 (0x00004109) c.li    sp, 2
core   0: 3 0x80002fd6 (0x4109) x2  0x00000002
core   0: 0x80002fd8 (0x06230363) beq     t1, sp, pc + 102
core   0: 3 0x80002fd8 (0x06230363)
core   0: 0x80002fdc (0x0000410d) c.li    sp, 3
core   0: 3 0x80002fdc (0x410d) x2  0x00000003
core   0: 0x80002fde (0x06230563) beq     t1, sp, pc + 106
core   0: 3 0x80002fde (0x06230563)
core   0: 0x80002fe2 (0x00004111) c.li    sp, 4
core   0: 3 0x80002fe2 (0x4111) x2  0x00000004
core   0: 0x80002fe4 (0x06230763) beq     t1, sp, pc + 110
core   0: 3 0x80002fe4 (0x06230763)
core   0: 0x80002fe8 (0x00004115) c.li    sp, 5
core   0: 3 0x80002fe8 (0x4115) x2  0x00000005
core   0: 0x80002fea (0x06230963) beq     t1, sp, pc + 114
core   0: 3 0x80002fea (0x06230963)
core   0: 0x80002fee (0x00004119) c.li    sp, 6
core   0: 3 0x80002fee (0x4119) x2  0x00000006
core   0: 0x80002ff0 (0x06230b63) beq     t1, sp, pc + 118
core   0: 3 0x80002ff0 (0x06230b63)
core   0: 0x80002ff4 (0x0000411d) c.li    sp, 7
core   0: 3 0x80002ff4 (0x411d) x2  0x00000007
core   0: 0x80002ff6 (0x06230d63) beq     t1, sp, pc + 122
core   0: 3 0x80002ff6 (0x06230d63)
core   0: 0x80002ffa (0x00004121) c.li    sp, 8
core   0: 3 0x80002ffa (0x4121) x2  0x00000008
core   0: 0x80002ffc (0x06230f63) beq     t1, sp, pc + 126
core   0: 3 0x80002ffc (0x06230f63)
core   0: 0x8000307a (0x3b802a73) csrr    s4, pmpaddr8
core   0: 3 0x8000307a (0x3b802a73) x20 0x02222ecb
core   0: 0x8000307e (0x3a2023f3) csrr    t2, pmpcfg2
core   0: 3 0x8000307e (0x3a2023f3) x7  0x0f0f0f0f
core   0: 0x80003082 (0x0000a0a1) c.j     pc + 72
core   0: 3 0x80003082 (0xa0a1)
core   0: 0x800030ca (0x00004991) c.li    s3, 4
core   0: 3 0x800030ca (0x4991) x19 0x00000004
core   0: 0x800030cc (0x01e09313) slli    t1, ra, 30
core   0: 3 0x800030cc (0x01e09313) x6  0x00000000
core   0: 0x800030d0 (0x01e35313) srli    t1, t1, 30
core   0: 3 0x800030d0 (0x01e35313) x6  0x00000000
core   0: 0x800030d4 (0x40698133) sub     sp, s3, t1
core   0: 3 0x800030d4 (0x40698133) x2  0x00000004
core   0: 0x800030d8 (0x0000117d) c.addi  sp, -1
core   0: 3 0x800030d8 (0x117d) x2  0x00000003
core   0: 0x800030da (0x0000010e) c.slli  sp, 3
core   0: 3 0x800030da (0x010e) x2  0x00000018
core   0: 0x800030dc (0x002399b3) sll     s3, t2, sp
core   0: 3 0x800030dc (0x002399b3) x19 0x0f000000
core   0: 0x800030e0 (0x0000030e) c.slli  t1, 3
core   0: 3 0x800030e0 (0x030e) x6  0x00000000
core   0: 0x800030e2 (0x0000911a) c.add   sp, t1
core   0: 3 0x800030e2 (0x911a) x2  0x00000018
core   0: 0x800030e4 (0x0029d9b3) srl     s3, s3, sp
core   0: 3 0x800030e4 (0x0029d9b3) x19 0x0000000f
core   0: 0x800030e8 (0x01b99113) slli    sp, s3, 27
core   0: 3 0x800030e8 (0x01b99113) x2  0x78000000
core   0: 0x800030ec (0x01e15113) srli    sp, sp, 30
core   0: 3 0x800030ec (0x01e15113) x2  0x00000001
core   0: 0x800030f0 (0x04010563) beqz    sp, pc + 74
core   0: 3 0x800030f0 (0x04010563)
core   0: 0x800030f4 (0x00004305) c.li    t1, 1
core   0: 3 0x800030f4 (0x4305) x6  0x00000001
core   0: 0x800030f6 (0x04610363) beq     sp, t1, pc + 70
core   0: 3 0x800030f6 (0x04610363)
core   0: 0x8000313c (0x00008306) c.mv    t1, ra
core   0: 3 0x8000313c (0x8306) x6  0x00000008
core   0: 0x8000313e (0x34302173) csrr    sp, mtval
core   0: 3 0x8000313e (0x34302173) x2  0xfab0d26a
core   0: 0x80003142 (0x00215113) srli    sp, sp, 2
core   0: 3 0x80003142 (0x00215113) x2  0x3eac349a
core   0: 0x80003146 (0x00031563) bnez    t1, pc + 10
core   0: 3 0x80003146 (0x00031563)
core   0: 0x80003150 (0xfd1161e3) bltu    sp, a7, pc - 62
core   0: 3 0x80003150 (0xfd1161e3)
core   0: 0x80003154 (0xfb417fe3) bgeu    sp, s4, pc - 66
core   0: 3 0x80003154 (0xfb417fe3)
core   0: 0x80003112 (0x00008306) c.mv    t1, ra
core   0: 3 0x80003112 (0x8306) x6  0x00000008
core   0: 0x80003114 (0x000088d2) c.mv    a7, s4
core   0: 3 0x80003114 (0x88d2) x17 0x02222ecb
core   0: 0x80003116 (0x00000305) c.addi  t1, 1
core   0: 3 0x80003116 (0x0305) x6  0x00000009
core   0: 0x80003118 (0x0000809a) c.mv    ra, t1
core   0: 3 0x80003118 (0x809a) x1  0x00000009
core   0: 0x8000311a (0x00004a41) c.li    s4, 16
core   0: 3 0x8000311a (0x4a41) x20 0x00000010
core   0: 0x8000311c (0x01435363) bge     t1, s4, pc + 6
core   0: 3 0x8000311c (0x01435363)
core   0: 0x80003120 (0x0000b55d) c.j     pc - 346
core   0: 3 0x80003120 (0xb55d)
core   0: 0x80002fc6 (0x00008306) c.mv    t1, ra
core   0: 3 0x80002fc6 (0x8306) x6  0x00000009
core   0: 0x80002fc8 (0x0000811a) c.mv    sp, t1
core   0: 3 0x80002fc8 (0x811a) x2  0x00000009
core   0: 0x80002fca (0x00004101) c.li    sp, 0
core   0: 3 0x80002fca (0x4101) x2  0x00000000
core   0: 0x80002fcc (0x04230f63) beq     t1, sp, pc + 94
core   0: 3 0x80002fcc (0x04230f63)
core   0: 0x80002fd0 (0x00004105) c.li    sp, 1
core   0: 3 0x80002fd0 (0x4105) x2  0x00000001
core   0: 0x80002fd2 (0x06230163) beq     t1, sp, pc + 98
core   0: 3 0x80002fd2 (0x06230163)
core   0: 0x80002fd6 (0x00004109) c.li    sp, 2
core   0: 3 0x80002fd6 (0x4109) x2  0x00000002
core   0: 0x80002fd8 (0x06230363) beq     t1, sp, pc + 102
core   0: 3 0x80002fd8 (0x06230363)
core   0: 0x80002fdc (0x0000410d) c.li    sp, 3
core   0: 3 0x80002fdc (0x410d) x2  0x00000003
core   0: 0x80002fde (0x06230563) beq     t1, sp, pc + 106
core   0: 3 0x80002fde (0x06230563)
core   0: 0x80002fe2 (0x00004111) c.li    sp, 4
core   0: 3 0x80002fe2 (0x4111) x2  0x00000004
core   0: 0x80002fe4 (0x06230763) beq     t1, sp, pc + 110
core   0: 3 0x80002fe4 (0x06230763)
core   0: 0x80002fe8 (0x00004115) c.li    sp, 5
core   0: 3 0x80002fe8 (0x4115) x2  0x00000005
core   0: 0x80002fea (0x06230963) beq     t1, sp, pc + 114
core   0: 3 0x80002fea (0x06230963)
core   0: 0x80002fee (0x00004119) c.li    sp, 6
core   0: 3 0x80002fee (0x4119) x2  0x00000006
core   0: 0x80002ff0 (0x06230b63) beq     t1, sp, pc + 118
core   0: 3 0x80002ff0 (0x06230b63)
core   0: 0x80002ff4 (0x0000411d) c.li    sp, 7
core   0: 3 0x80002ff4 (0x411d) x2  0x00000007
core   0: 0x80002ff6 (0x06230d63) beq     t1, sp, pc + 122
core   0: 3 0x80002ff6 (0x06230d63)
core   0: 0x80002ffa (0x00004121) c.li    sp, 8
core   0: 3 0x80002ffa (0x4121) x2  0x00000008
core   0: 0x80002ffc (0x06230f63) beq     t1, sp, pc + 126
core   0: 3 0x80002ffc (0x06230f63)
core   0: 0x80003000 (0x00004125) c.li    sp, 9
core   0: 3 0x80003000 (0x4125) x2  0x00000009
core   0: 0x80003002 (0x08230163) beq     t1, sp, pc + 130
core   0: 3 0x80003002 (0x08230163)
core   0: 0x80003084 (0x3b902a73) csrr    s4, pmpaddr9
core   0: 3 0x80003084 (0x3b902a73) x20 0x0666730f
core   0: 0x80003088 (0x3a2023f3) csrr    t2, pmpcfg2
core   0: 3 0x80003088 (0x3a2023f3) x7  0x0f0f0f0f
core   0: 0x8000308c (0x0000a83d) c.j     pc + 62
core   0: 3 0x8000308c (0xa83d)
core   0: 0x800030ca (0x00004991) c.li    s3, 4
core   0: 3 0x800030ca (0x4991) x19 0x00000004
core   0: 0x800030cc (0x01e09313) slli    t1, ra, 30
core   0: 3 0x800030cc (0x01e09313) x6  0x40000000
core   0: 0x800030d0 (0x01e35313) srli    t1, t1, 30
core   0: 3 0x800030d0 (0x01e35313) x6  0x00000001
core   0: 0x800030d4 (0x40698133) sub     sp, s3, t1
core   0: 3 0x800030d4 (0x40698133) x2  0x00000003
core   0: 0x800030d8 (0x0000117d) c.addi  sp, -1
core   0: 3 0x800030d8 (0x117d) x2  0x00000002
core   0: 0x800030da (0x0000010e) c.slli  sp, 3
core   0: 3 0x800030da (0x010e) x2  0x00000010
core   0: 0x800030dc (0x002399b3) sll     s3, t2, sp
core   0: 3 0x800030dc (0x002399b3) x19 0x0f0f0000
core   0: 0x800030e0 (0x0000030e) c.slli  t1, 3
core   0: 3 0x800030e0 (0x030e) x6  0x00000008
core   0: 0x800030e2 (0x0000911a) c.add   sp, t1
core   0: 3 0x800030e2 (0x911a) x2  0x00000018
core   0: 0x800030e4 (0x0029d9b3) srl     s3, s3, sp
core   0: 3 0x800030e4 (0x0029d9b3) x19 0x0000000f
core   0: 0x800030e8 (0x01b99113) slli    sp, s3, 27
core   0: 3 0x800030e8 (0x01b99113) x2  0x78000000
core   0: 0x800030ec (0x01e15113) srli    sp, sp, 30
core   0: 3 0x800030ec (0x01e15113) x2  0x00000001
core   0: 0x800030f0 (0x04010563) beqz    sp, pc + 74
core   0: 3 0x800030f0 (0x04010563)
core   0: 0x800030f4 (0x00004305) c.li    t1, 1
core   0: 3 0x800030f4 (0x4305) x6  0x00000001
core   0: 0x800030f6 (0x04610363) beq     sp, t1, pc + 70
core   0: 3 0x800030f6 (0x04610363)
core   0: 0x8000313c (0x00008306) c.mv    t1, ra
core   0: 3 0x8000313c (0x8306) x6  0x00000009
core   0: 0x8000313e (0x34302173) csrr    sp, mtval
core   0: 3 0x8000313e (0x34302173) x2  0xfab0d26a
core   0: 0x80003142 (0x00215113) srli    sp, sp, 2
core   0: 3 0x80003142 (0x00215113) x2  0x3eac349a
core   0: 0x80003146 (0x00031563) bnez    t1, pc + 10
core   0: 3 0x80003146 (0x00031563)
core   0: 0x80003150 (0xfd1161e3) bltu    sp, a7, pc - 62
core   0: 3 0x80003150 (0xfd1161e3)
core   0: 0x80003154 (0xfb417fe3) bgeu    sp, s4, pc - 66
core   0: 3 0x80003154 (0xfb417fe3)
core   0: 0x80003112 (0x00008306) c.mv    t1, ra
core   0: 3 0x80003112 (0x8306) x6  0x00000009
core   0: 0x80003114 (0x000088d2) c.mv    a7, s4
core   0: 3 0x80003114 (0x88d2) x17 0x0666730f
core   0: 0x80003116 (0x00000305) c.addi  t1, 1
core   0: 3 0x80003116 (0x0305) x6  0x0000000a
core   0: 0x80003118 (0x0000809a) c.mv    ra, t1
core   0: 3 0x80003118 (0x809a) x1  0x0000000a
core   0: 0x8000311a (0x00004a41) c.li    s4, 16
core   0: 3 0x8000311a (0x4a41) x20 0x00000010
core   0: 0x8000311c (0x01435363) bge     t1, s4, pc + 6
core   0: 3 0x8000311c (0x01435363)
core   0: 0x80003120 (0x0000b55d) c.j     pc - 346
core   0: 3 0x80003120 (0xb55d)
core   0: 0x80002fc6 (0x00008306) c.mv    t1, ra
core   0: 3 0x80002fc6 (0x8306) x6  0x0000000a
core   0: 0x80002fc8 (0x0000811a) c.mv    sp, t1
core   0: 3 0x80002fc8 (0x811a) x2  0x0000000a
core   0: 0x80002fca (0x00004101) c.li    sp, 0
core   0: 3 0x80002fca (0x4101) x2  0x00000000
core   0: 0x80002fcc (0x04230f63) beq     t1, sp, pc + 94
core   0: 3 0x80002fcc (0x04230f63)
core   0: 0x80002fd0 (0x00004105) c.li    sp, 1
core   0: 3 0x80002fd0 (0x4105) x2  0x00000001
core   0: 0x80002fd2 (0x06230163) beq     t1, sp, pc + 98
core   0: 3 0x80002fd2 (0x06230163)
core   0: 0x80002fd6 (0x00004109) c.li    sp, 2
core   0: 3 0x80002fd6 (0x4109) x2  0x00000002
core   0: 0x80002fd8 (0x06230363) beq     t1, sp, pc + 102
core   0: 3 0x80002fd8 (0x06230363)
core   0: 0x80002fdc (0x0000410d) c.li    sp, 3
core   0: 3 0x80002fdc (0x410d) x2  0x00000003
core   0: 0x80002fde (0x06230563) beq     t1, sp, pc + 106
core   0: 3 0x80002fde (0x06230563)
core   0: 0x80002fe2 (0x00004111) c.li    sp, 4
core   0: 3 0x80002fe2 (0x4111) x2  0x00000004
core   0: 0x80002fe4 (0x06230763) beq     t1, sp, pc + 110
core   0: 3 0x80002fe4 (0x06230763)
core   0: 0x80002fe8 (0x00004115) c.li    sp, 5
core   0: 3 0x80002fe8 (0x4115) x2  0x00000005
core   0: 0x80002fea (0x06230963) beq     t1, sp, pc + 114
core   0: 3 0x80002fea (0x06230963)
core   0: 0x80002fee (0x00004119) c.li    sp, 6
core   0: 3 0x80002fee (0x4119) x2  0x00000006
core   0: 0x80002ff0 (0x06230b63) beq     t1, sp, pc + 118
core   0: 3 0x80002ff0 (0x06230b63)
core   0: 0x80002ff4 (0x0000411d) c.li    sp, 7
core   0: 3 0x80002ff4 (0x411d) x2  0x00000007
core   0: 0x80002ff6 (0x06230d63) beq     t1, sp, pc + 122
core   0: 3 0x80002ff6 (0x06230d63)
core   0: 0x80002ffa (0x00004121) c.li    sp, 8
core   0: 3 0x80002ffa (0x4121) x2  0x00000008
core   0: 0x80002ffc (0x06230f63) beq     t1, sp, pc + 126
core   0: 3 0x80002ffc (0x06230f63)
core   0: 0x80003000 (0x00004125) c.li    sp, 9
core   0: 3 0x80003000 (0x4125) x2  0x00000009
core   0: 0x80003002 (0x08230163) beq     t1, sp, pc + 130
core   0: 3 0x80003002 (0x08230163)
core   0: 0x80003006 (0x00004129) c.li    sp, 10
core   0: 3 0x80003006 (0x4129) x2  0x0000000a
core   0: 0x80003008 (0x08230363) beq     t1, sp, pc + 134
core   0: 3 0x80003008 (0x08230363)
core   0: 0x8000308e (0x3ba02a73) csrr    s4, pmpaddr10
core   0: 3 0x8000308e (0x3ba02a73) x20 0x0aaab753
core   0: 0x80003092 (0x3a2023f3) csrr    t2, pmpcfg2
core   0: 3 0x80003092 (0x3a2023f3) x7  0x0f0f0f0f
core   0: 0x80003096 (0x0000a815) c.j     pc + 52
core   0: 3 0x80003096 (0xa815)
core   0: 0x800030ca (0x00004991) c.li    s3, 4
core   0: 3 0x800030ca (0x4991) x19 0x00000004
core   0: 0x800030cc (0x01e09313) slli    t1, ra, 30
core   0: 3 0x800030cc (0x01e09313) x6  0x80000000
core   0: 0x800030d0 (0x01e35313) srli    t1, t1, 30
core   0: 3 0x800030d0 (0x01e35313) x6  0x00000002
core   0: 0x800030d4 (0x40698133) sub     sp, s3, t1
core   0: 3 0x800030d4 (0x40698133) x2  0x00000002
core   0: 0x800030d8 (0x0000117d) c.addi  sp, -1
core   0: 3 0x800030d8 (0x117d) x2  0x00000001
core   0: 0x800030da (0x0000010e) c.slli  sp, 3
core   0: 3 0x800030da (0x010e) x2  0x00000008
core   0: 0x800030dc (0x002399b3) sll     s3, t2, sp
core   0: 3 0x800030dc (0x002399b3) x19 0x0f0f0f00
core   0: 0x800030e0 (0x0000030e) c.slli  t1, 3
core   0: 3 0x800030e0 (0x030e) x6  0x00000010
core   0: 0x800030e2 (0x0000911a) c.add   sp, t1
core   0: 3 0x800030e2 (0x911a) x2  0x00000018
core   0: 0x800030e4 (0x0029d9b3) srl     s3, s3, sp
core   0: 3 0x800030e4 (0x0029d9b3) x19 0x0000000f
core   0: 0x800030e8 (0x01b99113) slli    sp, s3, 27
core   0: 3 0x800030e8 (0x01b99113) x2  0x78000000
core   0: 0x800030ec (0x01e15113) srli    sp, sp, 30
core   0: 3 0x800030ec (0x01e15113) x2  0x00000001
core   0: 0x800030f0 (0x04010563) beqz    sp, pc + 74
core   0: 3 0x800030f0 (0x04010563)
core   0: 0x800030f4 (0x00004305) c.li    t1, 1
core   0: 3 0x800030f4 (0x4305) x6  0x00000001
core   0: 0x800030f6 (0x04610363) beq     sp, t1, pc + 70
core   0: 3 0x800030f6 (0x04610363)
core   0: 0x8000313c (0x00008306) c.mv    t1, ra
core   0: 3 0x8000313c (0x8306) x6  0x0000000a
core   0: 0x8000313e (0x34302173) csrr    sp, mtval
core   0: 3 0x8000313e (0x34302173) x2  0xfab0d26a
core   0: 0x80003142 (0x00215113) srli    sp, sp, 2
core   0: 3 0x80003142 (0x00215113) x2  0x3eac349a
core   0: 0x80003146 (0x00031563) bnez    t1, pc + 10
core   0: 3 0x80003146 (0x00031563)
core   0: 0x80003150 (0xfd1161e3) bltu    sp, a7, pc - 62
core   0: 3 0x80003150 (0xfd1161e3)
core   0: 0x80003154 (0xfb417fe3) bgeu    sp, s4, pc - 66
core   0: 3 0x80003154 (0xfb417fe3)
core   0: 0x80003112 (0x00008306) c.mv    t1, ra
core   0: 3 0x80003112 (0x8306) x6  0x0000000a
core   0: 0x80003114 (0x000088d2) c.mv    a7, s4
core   0: 3 0x80003114 (0x88d2) x17 0x0aaab753
core   0: 0x80003116 (0x00000305) c.addi  t1, 1
core   0: 3 0x80003116 (0x0305) x6  0x0000000b
core   0: 0x80003118 (0x0000809a) c.mv    ra, t1
core   0: 3 0x80003118 (0x809a) x1  0x0000000b
core   0: 0x8000311a (0x00004a41) c.li    s4, 16
core   0: 3 0x8000311a (0x4a41) x20 0x00000010
core   0: 0x8000311c (0x01435363) bge     t1, s4, pc + 6
core   0: 3 0x8000311c (0x01435363)
core   0: 0x80003120 (0x0000b55d) c.j     pc - 346
core   0: 3 0x80003120 (0xb55d)
core   0: 0x80002fc6 (0x00008306) c.mv    t1, ra
core   0: 3 0x80002fc6 (0x8306) x6  0x0000000b
core   0: 0x80002fc8 (0x0000811a) c.mv    sp, t1
core   0: 3 0x80002fc8 (0x811a) x2  0x0000000b
core   0: 0x80002fca (0x00004101) c.li    sp, 0
core   0: 3 0x80002fca (0x4101) x2  0x00000000
core   0: 0x80002fcc (0x04230f63) beq     t1, sp, pc + 94
core   0: 3 0x80002fcc (0x04230f63)
core   0: 0x80002fd0 (0x00004105) c.li    sp, 1
core   0: 3 0x80002fd0 (0x4105) x2  0x00000001
core   0: 0x80002fd2 (0x06230163) beq     t1, sp, pc + 98
core   0: 3 0x80002fd2 (0x06230163)
core   0: 0x80002fd6 (0x00004109) c.li    sp, 2
core   0: 3 0x80002fd6 (0x4109) x2  0x00000002
core   0: 0x80002fd8 (0x06230363) beq     t1, sp, pc + 102
core   0: 3 0x80002fd8 (0x06230363)
core   0: 0x80002fdc (0x0000410d) c.li    sp, 3
core   0: 3 0x80002fdc (0x410d) x2  0x00000003
core   0: 0x80002fde (0x06230563) beq     t1, sp, pc + 106
core   0: 3 0x80002fde (0x06230563)
core   0: 0x80002fe2 (0x00004111) c.li    sp, 4
core   0: 3 0x80002fe2 (0x4111) x2  0x00000004
core   0: 0x80002fe4 (0x06230763) beq     t1, sp, pc + 110
core   0: 3 0x80002fe4 (0x06230763)
core   0: 0x80002fe8 (0x00004115) c.li    sp, 5
core   0: 3 0x80002fe8 (0x4115) x2  0x00000005
core   0: 0x80002fea (0x06230963) beq     t1, sp, pc + 114
core   0: 3 0x80002fea (0x06230963)
core   0: 0x80002fee (0x00004119) c.li    sp, 6
core   0: 3 0x80002fee (0x4119) x2  0x00000006
core   0: 0x80002ff0 (0x06230b63) beq     t1, sp, pc + 118
core   0: 3 0x80002ff0 (0x06230b63)
core   0: 0x80002ff4 (0x0000411d) c.li    sp, 7
core   0: 3 0x80002ff4 (0x411d) x2  0x00000007
core   0: 0x80002ff6 (0x06230d63) beq     t1, sp, pc + 122
core   0: 3 0x80002ff6 (0x06230d63)
core   0: 0x80002ffa (0x00004121) c.li    sp, 8
core   0: 3 0x80002ffa (0x4121) x2  0x00000008
core   0: 0x80002ffc (0x06230f63) beq     t1, sp, pc + 126
core   0: 3 0x80002ffc (0x06230f63)
core   0: 0x80003000 (0x00004125) c.li    sp, 9
core   0: 3 0x80003000 (0x4125) x2  0x00000009
core   0: 0x80003002 (0x08230163) beq     t1, sp, pc + 130
core   0: 3 0x80003002 (0x08230163)
core   0: 0x80003006 (0x00004129) c.li    sp, 10
core   0: 3 0x80003006 (0x4129) x2  0x0000000a
core   0: 0x80003008 (0x08230363) beq     t1, sp, pc + 134
core   0: 3 0x80003008 (0x08230363)
core   0: 0x8000300c (0x0000412d) c.li    sp, 11
core   0: 3 0x8000300c (0x412d) x2  0x0000000b
core   0: 0x8000300e (0x08230563) beq     t1, sp, pc + 138
core   0: 3 0x8000300e (0x08230563)
core   0: 0x80003098 (0x3bb02a73) csrr    s4, pmpaddr11
core   0: 3 0x80003098 (0x3bb02a73) x20 0x0eeefb97
core   0: 0x8000309c (0x3a2023f3) csrr    t2, pmpcfg2
core   0: 3 0x8000309c (0x3a2023f3) x7  0x0f0f0f0f
core   0: 0x800030a0 (0x0000a02d) c.j     pc + 42
core   0: 3 0x800030a0 (0xa02d)
core   0: 0x800030ca (0x00004991) c.li    s3, 4
core   0: 3 0x800030ca (0x4991) x19 0x00000004
core   0: 0x800030cc (0x01e09313) slli    t1, ra, 30
core   0: 3 0x800030cc (0x01e09313) x6  0xc0000000
core   0: 0x800030d0 (0x01e35313) srli    t1, t1, 30
core   0: 3 0x800030d0 (0x01e35313) x6  0x00000003
core   0: 0x800030d4 (0x40698133) sub     sp, s3, t1
core   0: 3 0x800030d4 (0x40698133) x2  0x00000001
core   0: 0x800030d8 (0x0000117d) c.addi  sp, -1
core   0: 3 0x800030d8 (0x117d) x2  0x00000000
core   0: 0x800030da (0x0000010e) c.slli  sp, 3
core   0: 3 0x800030da (0x010e) x2  0x00000000
core   0: 0x800030dc (0x002399b3) sll     s3, t2, sp
core   0: 3 0x800030dc (0x002399b3) x19 0x0f0f0f0f
core   0: 0x800030e0 (0x0000030e) c.slli  t1, 3
core   0: 3 0x800030e0 (0x030e) x6  0x00000018
core   0: 0x800030e2 (0x0000911a) c.add   sp, t1
core   0: 3 0x800030e2 (0x911a) x2  0x00000018
core   0: 0x800030e4 (0x0029d9b3) srl     s3, s3, sp
core   0: 3 0x800030e4 (0x0029d9b3) x19 0x0000000f
core   0: 0x800030e8 (0x01b99113) slli    sp, s3, 27
core   0: 3 0x800030e8 (0x01b99113) x2  0x78000000
core   0: 0x800030ec (0x01e15113) srli    sp, sp, 30
core   0: 3 0x800030ec (0x01e15113) x2  0x00000001
core   0: 0x800030f0 (0x04010563) beqz    sp, pc + 74
core   0: 3 0x800030f0 (0x04010563)
core   0: 0x800030f4 (0x00004305) c.li    t1, 1
core   0: 3 0x800030f4 (0x4305) x6  0x00000001
core   0: 0x800030f6 (0x04610363) beq     sp, t1, pc + 70
core   0: 3 0x800030f6 (0x04610363)
core   0: 0x8000313c (0x00008306) c.mv    t1, ra
core   0: 3 0x8000313c (0x8306) x6  0x0000000b
core   0: 0x8000313e (0x34302173) csrr    sp, mtval
core   0: 3 0x8000313e (0x34302173) x2  0xfab0d26a
core   0: 0x80003142 (0x00215113) srli    sp, sp, 2
core   0: 3 0x80003142 (0x00215113) x2  0x3eac349a
core   0: 0x80003146 (0x00031563) bnez    t1, pc + 10
core   0: 3 0x80003146 (0x00031563)
core   0: 0x80003150 (0xfd1161e3) bltu    sp, a7, pc - 62
core   0: 3 0x80003150 (0xfd1161e3)
core   0: 0x80003154 (0xfb417fe3) bgeu    sp, s4, pc - 66
core   0: 3 0x80003154 (0xfb417fe3)
core   0: 0x80003112 (0x00008306) c.mv    t1, ra
core   0: 3 0x80003112 (0x8306) x6  0x0000000b
core   0: 0x80003114 (0x000088d2) c.mv    a7, s4
core   0: 3 0x80003114 (0x88d2) x17 0x0eeefb97
core   0: 0x80003116 (0x00000305) c.addi  t1, 1
core   0: 3 0x80003116 (0x0305) x6  0x0000000c
core   0: 0x80003118 (0x0000809a) c.mv    ra, t1
core   0: 3 0x80003118 (0x809a) x1  0x0000000c
core   0: 0x8000311a (0x00004a41) c.li    s4, 16
core   0: 3 0x8000311a (0x4a41) x20 0x00000010
core   0: 0x8000311c (0x01435363) bge     t1, s4, pc + 6
core   0: 3 0x8000311c (0x01435363)
core   0: 0x80003120 (0x0000b55d) c.j     pc - 346
core   0: 3 0x80003120 (0xb55d)
core   0: 0x80002fc6 (0x00008306) c.mv    t1, ra
core   0: 3 0x80002fc6 (0x8306) x6  0x0000000c
core   0: 0x80002fc8 (0x0000811a) c.mv    sp, t1
core   0: 3 0x80002fc8 (0x811a) x2  0x0000000c
core   0: 0x80002fca (0x00004101) c.li    sp, 0
core   0: 3 0x80002fca (0x4101) x2  0x00000000
core   0: 0x80002fcc (0x04230f63) beq     t1, sp, pc + 94
core   0: 3 0x80002fcc (0x04230f63)
core   0: 0x80002fd0 (0x00004105) c.li    sp, 1
core   0: 3 0x80002fd0 (0x4105) x2  0x00000001
core   0: 0x80002fd2 (0x06230163) beq     t1, sp, pc + 98
core   0: 3 0x80002fd2 (0x06230163)
core   0: 0x80002fd6 (0x00004109) c.li    sp, 2
core   0: 3 0x80002fd6 (0x4109) x2  0x00000002
core   0: 0x80002fd8 (0x06230363) beq     t1, sp, pc + 102
core   0: 3 0x80002fd8 (0x06230363)
core   0: 0x80002fdc (0x0000410d) c.li    sp, 3
core   0: 3 0x80002fdc (0x410d) x2  0x00000003
core   0: 0x80002fde (0x06230563) beq     t1, sp, pc + 106
core   0: 3 0x80002fde (0x06230563)
core   0: 0x80002fe2 (0x00004111) c.li    sp, 4
core   0: 3 0x80002fe2 (0x4111) x2  0x00000004
core   0: 0x80002fe4 (0x06230763) beq     t1, sp, pc + 110
core   0: 3 0x80002fe4 (0x06230763)
core   0: 0x80002fe8 (0x00004115) c.li    sp, 5
core   0: 3 0x80002fe8 (0x4115) x2  0x00000005
core   0: 0x80002fea (0x06230963) beq     t1, sp, pc + 114
core   0: 3 0x80002fea (0x06230963)
core   0: 0x80002fee (0x00004119) c.li    sp, 6
core   0: 3 0x80002fee (0x4119) x2  0x00000006
core   0: 0x80002ff0 (0x06230b63) beq     t1, sp, pc + 118
core   0: 3 0x80002ff0 (0x06230b63)
core   0: 0x80002ff4 (0x0000411d) c.li    sp, 7
core   0: 3 0x80002ff4 (0x411d) x2  0x00000007
core   0: 0x80002ff6 (0x06230d63) beq     t1, sp, pc + 122
core   0: 3 0x80002ff6 (0x06230d63)
core   0: 0x80002ffa (0x00004121) c.li    sp, 8
core   0: 3 0x80002ffa (0x4121) x2  0x00000008
core   0: 0x80002ffc (0x06230f63) beq     t1, sp, pc + 126
core   0: 3 0x80002ffc (0x06230f63)
core   0: 0x80003000 (0x00004125) c.li    sp, 9
core   0: 3 0x80003000 (0x4125) x2  0x00000009
core   0: 0x80003002 (0x08230163) beq     t1, sp, pc + 130
core   0: 3 0x80003002 (0x08230163)
core   0: 0x80003006 (0x00004129) c.li    sp, 10
core   0: 3 0x80003006 (0x4129) x2  0x0000000a
core   0: 0x80003008 (0x08230363) beq     t1, sp, pc + 134
core   0: 3 0x80003008 (0x08230363)
core   0: 0x8000300c (0x0000412d) c.li    sp, 11
core   0: 3 0x8000300c (0x412d) x2  0x0000000b
core   0: 0x8000300e (0x08230563) beq     t1, sp, pc + 138
core   0: 3 0x8000300e (0x08230563)
core   0: 0x80003012 (0x00004131) c.li    sp, 12
core   0: 3 0x80003012 (0x4131) x2  0x0000000c
core   0: 0x80003014 (0x08230763) beq     t1, sp, pc + 142
core   0: 3 0x80003014 (0x08230763)
core   0: 0x800030a2 (0x3bc02a73) csrr    s4, pmpaddr12
core   0: 3 0x800030a2 (0x3bc02a73) x20 0x13333fdc
core   0: 0x800030a6 (0x3a3023f3) csrr    t2, pmpcfg3
core   0: 3 0x800030a6 (0x3a3023f3) x7  0x0f0f0f0f
core   0: 0x800030aa (0x0000a005) c.j     pc + 32
core   0: 3 0x800030aa (0xa005)
core   0: 0x800030ca (0x00004991) c.li    s3, 4
core   0: 3 0x800030ca (0x4991) x19 0x00000004
core   0: 0x800030cc (0x01e09313) slli    t1, ra, 30
core   0: 3 0x800030cc (0x01e09313) x6  0x00000000
core   0: 0x800030d0 (0x01e35313) srli    t1, t1, 30
core   0: 3 0x800030d0 (0x01e35313) x6  0x00000000
core   0: 0x800030d4 (0x40698133) sub     sp, s3, t1
core   0: 3 0x800030d4 (0x40698133) x2  0x00000004
core   0: 0x800030d8 (0x0000117d) c.addi  sp, -1
core   0: 3 0x800030d8 (0x117d) x2  0x00000003
core   0: 0x800030da (0x0000010e) c.slli  sp, 3
core   0: 3 0x800030da (0x010e) x2  0x00000018
core   0: 0x800030dc (0x002399b3) sll     s3, t2, sp
core   0: 3 0x800030dc (0x002399b3) x19 0x0f000000
core   0: 0x800030e0 (0x0000030e) c.slli  t1, 3
core   0: 3 0x800030e0 (0x030e) x6  0x00000000
core   0: 0x800030e2 (0x0000911a) c.add   sp, t1
core   0: 3 0x800030e2 (0x911a) x2  0x00000018
core   0: 0x800030e4 (0x0029d9b3) srl     s3, s3, sp
core   0: 3 0x800030e4 (0x0029d9b3) x19 0x0000000f
core   0: 0x800030e8 (0x01b99113) slli    sp, s3, 27
core   0: 3 0x800030e8 (0x01b99113) x2  0x78000000
core   0: 0x800030ec (0x01e15113) srli    sp, sp, 30
core   0: 3 0x800030ec (0x01e15113) x2  0x00000001
core   0: 0x800030f0 (0x04010563) beqz    sp, pc + 74
core   0: 3 0x800030f0 (0x04010563)
core   0: 0x800030f4 (0x00004305) c.li    t1, 1
core   0: 3 0x800030f4 (0x4305) x6  0x00000001
core   0: 0x800030f6 (0x04610363) beq     sp, t1, pc + 70
core   0: 3 0x800030f6 (0x04610363)
core   0: 0x8000313c (0x00008306) c.mv    t1, ra
core   0: 3 0x8000313c (0x8306) x6  0x0000000c
core   0: 0x8000313e (0x34302173) csrr    sp, mtval
core   0: 3 0x8000313e (0x34302173) x2  0xfab0d26a
core   0: 0x80003142 (0x00215113) srli    sp, sp, 2
core   0: 3 0x80003142 (0x00215113) x2  0x3eac349a
core   0: 0x80003146 (0x00031563) bnez    t1, pc + 10
core   0: 3 0x80003146 (0x00031563)
core   0: 0x80003150 (0xfd1161e3) bltu    sp, a7, pc - 62
core   0: 3 0x80003150 (0xfd1161e3)
core   0: 0x80003154 (0xfb417fe3) bgeu    sp, s4, pc - 66
core   0: 3 0x80003154 (0xfb417fe3)
core   0: 0x80003112 (0x00008306) c.mv    t1, ra
core   0: 3 0x80003112 (0x8306) x6  0x0000000c
core   0: 0x80003114 (0x000088d2) c.mv    a7, s4
core   0: 3 0x80003114 (0x88d2) x17 0x13333fdc
core   0: 0x80003116 (0x00000305) c.addi  t1, 1
core   0: 3 0x80003116 (0x0305) x6  0x0000000d
core   0: 0x80003118 (0x0000809a) c.mv    ra, t1
core   0: 3 0x80003118 (0x809a) x1  0x0000000d
core   0: 0x8000311a (0x00004a41) c.li    s4, 16
core   0: 3 0x8000311a (0x4a41) x20 0x00000010
core   0: 0x8000311c (0x01435363) bge     t1, s4, pc + 6
core   0: 3 0x8000311c (0x01435363)
core   0: 0x80003120 (0x0000b55d) c.j     pc - 346
core   0: 3 0x80003120 (0xb55d)
core   0: 0x80002fc6 (0x00008306) c.mv    t1, ra
core   0: 3 0x80002fc6 (0x8306) x6  0x0000000d
core   0: 0x80002fc8 (0x0000811a) c.mv    sp, t1
core   0: 3 0x80002fc8 (0x811a) x2  0x0000000d
core   0: 0x80002fca (0x00004101) c.li    sp, 0
core   0: 3 0x80002fca (0x4101) x2  0x00000000
core   0: 0x80002fcc (0x04230f63) beq     t1, sp, pc + 94
core   0: 3 0x80002fcc (0x04230f63)
core   0: 0x80002fd0 (0x00004105) c.li    sp, 1
core   0: 3 0x80002fd0 (0x4105) x2  0x00000001
core   0: 0x80002fd2 (0x06230163) beq     t1, sp, pc + 98
core   0: 3 0x80002fd2 (0x06230163)
core   0: 0x80002fd6 (0x00004109) c.li    sp, 2
core   0: 3 0x80002fd6 (0x4109) x2  0x00000002
core   0: 0x80002fd8 (0x06230363) beq     t1, sp, pc + 102
core   0: 3 0x80002fd8 (0x06230363)
core   0: 0x80002fdc (0x0000410d) c.li    sp, 3
core   0: 3 0x80002fdc (0x410d) x2  0x00000003
core   0: 0x80002fde (0x06230563) beq     t1, sp, pc + 106
core   0: 3 0x80002fde (0x06230563)
core   0: 0x80002fe2 (0x00004111) c.li    sp, 4
core   0: 3 0x80002fe2 (0x4111) x2  0x00000004
core   0: 0x80002fe4 (0x06230763) beq     t1, sp, pc + 110
core   0: 3 0x80002fe4 (0x06230763)
core   0: 0x80002fe8 (0x00004115) c.li    sp, 5
core   0: 3 0x80002fe8 (0x4115) x2  0x00000005
core   0: 0x80002fea (0x06230963) beq     t1, sp, pc + 114
core   0: 3 0x80002fea (0x06230963)
core   0: 0x80002fee (0x00004119) c.li    sp, 6
core   0: 3 0x80002fee (0x4119) x2  0x00000006
core   0: 0x80002ff0 (0x06230b63) beq     t1, sp, pc + 118
core   0: 3 0x80002ff0 (0x06230b63)
core   0: 0x80002ff4 (0x0000411d) c.li    sp, 7
core   0: 3 0x80002ff4 (0x411d) x2  0x00000007
core   0: 0x80002ff6 (0x06230d63) beq     t1, sp, pc + 122
core   0: 3 0x80002ff6 (0x06230d63)
core   0: 0x80002ffa (0x00004121) c.li    sp, 8
core   0: 3 0x80002ffa (0x4121) x2  0x00000008
core   0: 0x80002ffc (0x06230f63) beq     t1, sp, pc + 126
core   0: 3 0x80002ffc (0x06230f63)
core   0: 0x80003000 (0x00004125) c.li    sp, 9
core   0: 3 0x80003000 (0x4125) x2  0x00000009
core   0: 0x80003002 (0x08230163) beq     t1, sp, pc + 130
core   0: 3 0x80003002 (0x08230163)
core   0: 0x80003006 (0x00004129) c.li    sp, 10
core   0: 3 0x80003006 (0x4129) x2  0x0000000a
core   0: 0x80003008 (0x08230363) beq     t1, sp, pc + 134
core   0: 3 0x80003008 (0x08230363)
core   0: 0x8000300c (0x0000412d) c.li    sp, 11
core   0: 3 0x8000300c (0x412d) x2  0x0000000b
core   0: 0x8000300e (0x08230563) beq     t1, sp, pc + 138
core   0: 3 0x8000300e (0x08230563)
core   0: 0x80003012 (0x00004131) c.li    sp, 12
core   0: 3 0x80003012 (0x4131) x2  0x0000000c
core   0: 0x80003014 (0x08230763) beq     t1, sp, pc + 142
core   0: 3 0x80003014 (0x08230763)
core   0: 0x80003018 (0x00004135) c.li    sp, 13
core   0: 3 0x80003018 (0x4135) x2  0x0000000d
core   0: 0x8000301a (0x08230963) beq     t1, sp, pc + 146
core   0: 3 0x8000301a (0x08230963)
core   0: 0x800030ac (0x3bd02a73) csrr    s4, pmpaddr13
core   0: 3 0x800030ac (0x3bd02a73) x20 0x17778420
core   0: 0x800030b0 (0x3a3023f3) csrr    t2, pmpcfg3
core   0: 3 0x800030b0 (0x3a3023f3) x7  0x0f0f0f0f
core   0: 0x800030b4 (0x0000a819) c.j     pc + 22
core   0: 3 0x800030b4 (0xa819)
core   0: 0x800030ca (0x00004991) c.li    s3, 4
core   0: 3 0x800030ca (0x4991) x19 0x00000004
core   0: 0x800030cc (0x01e09313) slli    t1, ra, 30
core   0: 3 0x800030cc (0x01e09313) x6  0x40000000
core   0: 0x800030d0 (0x01e35313) srli    t1, t1, 30
core   0: 3 0x800030d0 (0x01e35313) x6  0x00000001
core   0: 0x800030d4 (0x40698133) sub     sp, s3, t1
core   0: 3 0x800030d4 (0x40698133) x2  0x00000003
core   0: 0x800030d8 (0x0000117d) c.addi  sp, -1
core   0: 3 0x800030d8 (0x117d) x2  0x00000002
core   0: 0x800030da (0x0000010e) c.slli  sp, 3
core   0: 3 0x800030da (0x010e) x2  0x00000010
core   0: 0x800030dc (0x002399b3) sll     s3, t2, sp
core   0: 3 0x800030dc (0x002399b3) x19 0x0f0f0000
core   0: 0x800030e0 (0x0000030e) c.slli  t1, 3
core   0: 3 0x800030e0 (0x030e) x6  0x00000008
core   0: 0x800030e2 (0x0000911a) c.add   sp, t1
core   0: 3 0x800030e2 (0x911a) x2  0x00000018
core   0: 0x800030e4 (0x0029d9b3) srl     s3, s3, sp
core   0: 3 0x800030e4 (0x0029d9b3) x19 0x0000000f
core   0: 0x800030e8 (0x01b99113) slli    sp, s3, 27
core   0: 3 0x800030e8 (0x01b99113) x2  0x78000000
core   0: 0x800030ec (0x01e15113) srli    sp, sp, 30
core   0: 3 0x800030ec (0x01e15113) x2  0x00000001
core   0: 0x800030f0 (0x04010563) beqz    sp, pc + 74
core   0: 3 0x800030f0 (0x04010563)
core   0: 0x800030f4 (0x00004305) c.li    t1, 1
core   0: 3 0x800030f4 (0x4305) x6  0x00000001
core   0: 0x800030f6 (0x04610363) beq     sp, t1, pc + 70
core   0: 3 0x800030f6 (0x04610363)
core   0: 0x8000313c (0x00008306) c.mv    t1, ra
core   0: 3 0x8000313c (0x8306) x6  0x0000000d
core   0: 0x8000313e (0x34302173) csrr    sp, mtval
core   0: 3 0x8000313e (0x34302173) x2  0xfab0d26a
core   0: 0x80003142 (0x00215113) srli    sp, sp, 2
core   0: 3 0x80003142 (0x00215113) x2  0x3eac349a
core   0: 0x80003146 (0x00031563) bnez    t1, pc + 10
core   0: 3 0x80003146 (0x00031563)
core   0: 0x80003150 (0xfd1161e3) bltu    sp, a7, pc - 62
core   0: 3 0x80003150 (0xfd1161e3)
core   0: 0x80003154 (0xfb417fe3) bgeu    sp, s4, pc - 66
core   0: 3 0x80003154 (0xfb417fe3)
core   0: 0x80003112 (0x00008306) c.mv    t1, ra
core   0: 3 0x80003112 (0x8306) x6  0x0000000d
core   0: 0x80003114 (0x000088d2) c.mv    a7, s4
core   0: 3 0x80003114 (0x88d2) x17 0x17778420
core   0: 0x80003116 (0x00000305) c.addi  t1, 1
core   0: 3 0x80003116 (0x0305) x6  0x0000000e
core   0: 0x80003118 (0x0000809a) c.mv    ra, t1
core   0: 3 0x80003118 (0x809a) x1  0x0000000e
core   0: 0x8000311a (0x00004a41) c.li    s4, 16
core   0: 3 0x8000311a (0x4a41) x20 0x00000010
core   0: 0x8000311c (0x01435363) bge     t1, s4, pc + 6
core   0: 3 0x8000311c (0x01435363)
core   0: 0x80003120 (0x0000b55d) c.j     pc - 346
core   0: 3 0x80003120 (0xb55d)
core   0: 0x80002fc6 (0x00008306) c.mv    t1, ra
core   0: 3 0x80002fc6 (0x8306) x6  0x0000000e
core   0: 0x80002fc8 (0x0000811a) c.mv    sp, t1
core   0: 3 0x80002fc8 (0x811a) x2  0x0000000e
core   0: 0x80002fca (0x00004101) c.li    sp, 0
core   0: 3 0x80002fca (0x4101) x2  0x00000000
core   0: 0x80002fcc (0x04230f63) beq     t1, sp, pc + 94
core   0: 3 0x80002fcc (0x04230f63)
core   0: 0x80002fd0 (0x00004105) c.li    sp, 1
core   0: 3 0x80002fd0 (0x4105) x2  0x00000001
core   0: 0x80002fd2 (0x06230163) beq     t1, sp, pc + 98
core   0: 3 0x80002fd2 (0x06230163)
core   0: 0x80002fd6 (0x00004109) c.li    sp, 2
core   0: 3 0x80002fd6 (0x4109) x2  0x00000002
core   0: 0x80002fd8 (0x06230363) beq     t1, sp, pc + 102
core   0: 3 0x80002fd8 (0x06230363)
core   0: 0x80002fdc (0x0000410d) c.li    sp, 3
core   0: 3 0x80002fdc (0x410d) x2  0x00000003
core   0: 0x80002fde (0x06230563) beq     t1, sp, pc + 106
core   0: 3 0x80002fde (0x06230563)
core   0: 0x80002fe2 (0x00004111) c.li    sp, 4
core   0: 3 0x80002fe2 (0x4111) x2  0x00000004
core   0: 0x80002fe4 (0x06230763) beq     t1, sp, pc + 110
core   0: 3 0x80002fe4 (0x06230763)
core   0: 0x80002fe8 (0x00004115) c.li    sp, 5
core   0: 3 0x80002fe8 (0x4115) x2  0x00000005
core   0: 0x80002fea (0x06230963) beq     t1, sp, pc + 114
core   0: 3 0x80002fea (0x06230963)
core   0: 0x80002fee (0x00004119) c.li    sp, 6
core   0: 3 0x80002fee (0x4119) x2  0x00000006
core   0: 0x80002ff0 (0x06230b63) beq     t1, sp, pc + 118
core   0: 3 0x80002ff0 (0x06230b63)
core   0: 0x80002ff4 (0x0000411d) c.li    sp, 7
core   0: 3 0x80002ff4 (0x411d) x2  0x00000007
core   0: 0x80002ff6 (0x06230d63) beq     t1, sp, pc + 122
core   0: 3 0x80002ff6 (0x06230d63)
core   0: 0x80002ffa (0x00004121) c.li    sp, 8
core   0: 3 0x80002ffa (0x4121) x2  0x00000008
core   0: 0x80002ffc (0x06230f63) beq     t1, sp, pc + 126
core   0: 3 0x80002ffc (0x06230f63)
core   0: 0x80003000 (0x00004125) c.li    sp, 9
core   0: 3 0x80003000 (0x4125) x2  0x00000009
core   0: 0x80003002 (0x08230163) beq     t1, sp, pc + 130
core   0: 3 0x80003002 (0x08230163)
core   0: 0x80003006 (0x00004129) c.li    sp, 10
core   0: 3 0x80003006 (0x4129) x2  0x0000000a
core   0: 0x80003008 (0x08230363) beq     t1, sp, pc + 134
core   0: 3 0x80003008 (0x08230363)
core   0: 0x8000300c (0x0000412d) c.li    sp, 11
core   0: 3 0x8000300c (0x412d) x2  0x0000000b
core   0: 0x8000300e (0x08230563) beq     t1, sp, pc + 138
core   0: 3 0x8000300e (0x08230563)
core   0: 0x80003012 (0x00004131) c.li    sp, 12
core   0: 3 0x80003012 (0x4131) x2  0x0000000c
core   0: 0x80003014 (0x08230763) beq     t1, sp, pc + 142
core   0: 3 0x80003014 (0x08230763)
core   0: 0x80003018 (0x00004135) c.li    sp, 13
core   0: 3 0x80003018 (0x4135) x2  0x0000000d
core   0: 0x8000301a (0x08230963) beq     t1, sp, pc + 146
core   0: 3 0x8000301a (0x08230963)
core   0: 0x8000301e (0x00004139) c.li    sp, 14
core   0: 3 0x8000301e (0x4139) x2  0x0000000e
core   0: 0x80003020 (0x08230b63) beq     t1, sp, pc + 150
core   0: 3 0x80003020 (0x08230b63)
core   0: 0x800030b6 (0x3be02a73) csrr    s4, pmpaddr14
core   0: 3 0x800030b6 (0x3be02a73) x20 0x1bbbc864
core   0: 0x800030ba (0x3a3023f3) csrr    t2, pmpcfg3
core   0: 3 0x800030ba (0x3a3023f3) x7  0x0f0f0f0f
core   0: 0x800030be (0x0000a031) c.j     pc + 12
core   0: 3 0x800030be (0xa031)
core   0: 0x800030ca (0x00004991) c.li    s3, 4
core   0: 3 0x800030ca (0x4991) x19 0x00000004
core   0: 0x800030cc (0x01e09313) slli    t1, ra, 30
core   0: 3 0x800030cc (0x01e09313) x6  0x80000000
core   0: 0x800030d0 (0x01e35313) srli    t1, t1, 30
core   0: 3 0x800030d0 (0x01e35313) x6  0x00000002
core   0: 0x800030d4 (0x40698133) sub     sp, s3, t1
core   0: 3 0x800030d4 (0x40698133) x2  0x00000002
core   0: 0x800030d8 (0x0000117d) c.addi  sp, -1
core   0: 3 0x800030d8 (0x117d) x2  0x00000001
core   0: 0x800030da (0x0000010e) c.slli  sp, 3
core   0: 3 0x800030da (0x010e) x2  0x00000008
core   0: 0x800030dc (0x002399b3) sll     s3, t2, sp
core   0: 3 0x800030dc (0x002399b3) x19 0x0f0f0f00
core   0: 0x800030e0 (0x0000030e) c.slli  t1, 3
core   0: 3 0x800030e0 (0x030e) x6  0x00000010
core   0: 0x800030e2 (0x0000911a) c.add   sp, t1
core   0: 3 0x800030e2 (0x911a) x2  0x00000018
core   0: 0x800030e4 (0x0029d9b3) srl     s3, s3, sp
core   0: 3 0x800030e4 (0x0029d9b3) x19 0x0000000f
core   0: 0x800030e8 (0x01b99113) slli    sp, s3, 27
core   0: 3 0x800030e8 (0x01b99113) x2  0x78000000
core   0: 0x800030ec (0x01e15113) srli    sp, sp, 30
core   0: 3 0x800030ec (0x01e15113) x2  0x00000001
core   0: 0x800030f0 (0x04010563) beqz    sp, pc + 74
core   0: 3 0x800030f0 (0x04010563)
core   0: 0x800030f4 (0x00004305) c.li    t1, 1
core   0: 3 0x800030f4 (0x4305) x6  0x00000001
core   0: 0x800030f6 (0x04610363) beq     sp, t1, pc + 70
core   0: 3 0x800030f6 (0x04610363)
core   0: 0x8000313c (0x00008306) c.mv    t1, ra
core   0: 3 0x8000313c (0x8306) x6  0x0000000e
core   0: 0x8000313e (0x34302173) csrr    sp, mtval
core   0: 3 0x8000313e (0x34302173) x2  0xfab0d26a
core   0: 0x80003142 (0x00215113) srli    sp, sp, 2
core   0: 3 0x80003142 (0x00215113) x2  0x3eac349a
core   0: 0x80003146 (0x00031563) bnez    t1, pc + 10
core   0: 3 0x80003146 (0x00031563)
core   0: 0x80003150 (0xfd1161e3) bltu    sp, a7, pc - 62
core   0: 3 0x80003150 (0xfd1161e3)
core   0: 0x80003154 (0xfb417fe3) bgeu    sp, s4, pc - 66
core   0: 3 0x80003154 (0xfb417fe3)
core   0: 0x80003112 (0x00008306) c.mv    t1, ra
core   0: 3 0x80003112 (0x8306) x6  0x0000000e
core   0: 0x80003114 (0x000088d2) c.mv    a7, s4
core   0: 3 0x80003114 (0x88d2) x17 0x1bbbc864
core   0: 0x80003116 (0x00000305) c.addi  t1, 1
core   0: 3 0x80003116 (0x0305) x6  0x0000000f
core   0: 0x80003118 (0x0000809a) c.mv    ra, t1
core   0: 3 0x80003118 (0x809a) x1  0x0000000f
core   0: 0x8000311a (0x00004a41) c.li    s4, 16
core   0: 3 0x8000311a (0x4a41) x20 0x00000010
core   0: 0x8000311c (0x01435363) bge     t1, s4, pc + 6
core   0: 3 0x8000311c (0x01435363)
core   0: 0x80003120 (0x0000b55d) c.j     pc - 346
core   0: 3 0x80003120 (0xb55d)
core   0: 0x80002fc6 (0x00008306) c.mv    t1, ra
core   0: 3 0x80002fc6 (0x8306) x6  0x0000000f
core   0: 0x80002fc8 (0x0000811a) c.mv    sp, t1
core   0: 3 0x80002fc8 (0x811a) x2  0x0000000f
core   0: 0x80002fca (0x00004101) c.li    sp, 0
core   0: 3 0x80002fca (0x4101) x2  0x00000000
core   0: 0x80002fcc (0x04230f63) beq     t1, sp, pc + 94
core   0: 3 0x80002fcc (0x04230f63)
core   0: 0x80002fd0 (0x00004105) c.li    sp, 1
core   0: 3 0x80002fd0 (0x4105) x2  0x00000001
core   0: 0x80002fd2 (0x06230163) beq     t1, sp, pc + 98
core   0: 3 0x80002fd2 (0x06230163)
core   0: 0x80002fd6 (0x00004109) c.li    sp, 2
core   0: 3 0x80002fd6 (0x4109) x2  0x00000002
core   0: 0x80002fd8 (0x06230363) beq     t1, sp, pc + 102
core   0: 3 0x80002fd8 (0x06230363)
core   0: 0x80002fdc (0x0000410d) c.li    sp, 3
core   0: 3 0x80002fdc (0x410d) x2  0x00000003
core   0: 0x80002fde (0x06230563) beq     t1, sp, pc + 106
core   0: 3 0x80002fde (0x06230563)
core   0: 0x80002fe2 (0x00004111) c.li    sp, 4
core   0: 3 0x80002fe2 (0x4111) x2  0x00000004
core   0: 0x80002fe4 (0x06230763) beq     t1, sp, pc + 110
core   0: 3 0x80002fe4 (0x06230763)
core   0: 0x80002fe8 (0x00004115) c.li    sp, 5
core   0: 3 0x80002fe8 (0x4115) x2  0x00000005
core   0: 0x80002fea (0x06230963) beq     t1, sp, pc + 114
core   0: 3 0x80002fea (0x06230963)
core   0: 0x80002fee (0x00004119) c.li    sp, 6
core   0: 3 0x80002fee (0x4119) x2  0x00000006
core   0: 0x80002ff0 (0x06230b63) beq     t1, sp, pc + 118
core   0: 3 0x80002ff0 (0x06230b63)
core   0: 0x80002ff4 (0x0000411d) c.li    sp, 7
core   0: 3 0x80002ff4 (0x411d) x2  0x00000007
core   0: 0x80002ff6 (0x06230d63) beq     t1, sp, pc + 122
core   0: 3 0x80002ff6 (0x06230d63)
core   0: 0x80002ffa (0x00004121) c.li    sp, 8
core   0: 3 0x80002ffa (0x4121) x2  0x00000008
core   0: 0x80002ffc (0x06230f63) beq     t1, sp, pc + 126
core   0: 3 0x80002ffc (0x06230f63)
core   0: 0x80003000 (0x00004125) c.li    sp, 9
core   0: 3 0x80003000 (0x4125) x2  0x00000009
core   0: 0x80003002 (0x08230163) beq     t1, sp, pc + 130
core   0: 3 0x80003002 (0x08230163)
core   0: 0x80003006 (0x00004129) c.li    sp, 10
core   0: 3 0x80003006 (0x4129) x2  0x0000000a
core   0: 0x80003008 (0x08230363) beq     t1, sp, pc + 134
core   0: 3 0x80003008 (0x08230363)
core   0: 0x8000300c (0x0000412d) c.li    sp, 11
core   0: 3 0x8000300c (0x412d) x2  0x0000000b
core   0: 0x8000300e (0x08230563) beq     t1, sp, pc + 138
core   0: 3 0x8000300e (0x08230563)
core   0: 0x80003012 (0x00004131) c.li    sp, 12
core   0: 3 0x80003012 (0x4131) x2  0x0000000c
core   0: 0x80003014 (0x08230763) beq     t1, sp, pc + 142
core   0: 3 0x80003014 (0x08230763)
core   0: 0x80003018 (0x00004135) c.li    sp, 13
core   0: 3 0x80003018 (0x4135) x2  0x0000000d
core   0: 0x8000301a (0x08230963) beq     t1, sp, pc + 146
core   0: 3 0x8000301a (0x08230963)
core   0: 0x8000301e (0x00004139) c.li    sp, 14
core   0: 3 0x8000301e (0x4139) x2  0x0000000e
core   0: 0x80003020 (0x08230b63) beq     t1, sp, pc + 150
core   0: 3 0x80003020 (0x08230b63)
core   0: 0x80003024 (0x0000413d) c.li    sp, 15
core   0: 3 0x80003024 (0x413d) x2  0x0000000f
core   0: 0x80003026 (0x08230d63) beq     t1, sp, pc + 154
core   0: 3 0x80003026 (0x08230d63)
core   0: 0x800030c0 (0x3bf02a73) csrr    s4, pmpaddr15
core   0: 3 0x800030c0 (0x3bf02a73) x20 0x20000ca8
core   0: 0x800030c4 (0x3a3023f3) csrr    t2, pmpcfg3
core   0: 3 0x800030c4 (0x3a3023f3) x7  0x0f0f0f0f
core   0: 0x800030c8 (0x0000a009) c.j     pc + 2
core   0: 3 0x800030c8 (0xa009)
core   0: 0x800030ca (0x00004991) c.li    s3, 4
core   0: 3 0x800030ca (0x4991) x19 0x00000004
core   0: 0x800030cc (0x01e09313) slli    t1, ra, 30
core   0: 3 0x800030cc (0x01e09313) x6  0xc0000000
core   0: 0x800030d0 (0x01e35313) srli    t1, t1, 30
core   0: 3 0x800030d0 (0x01e35313) x6  0x00000003
core   0: 0x800030d4 (0x40698133) sub     sp, s3, t1
core   0: 3 0x800030d4 (0x40698133) x2  0x00000001
core   0: 0x800030d8 (0x0000117d) c.addi  sp, -1
core   0: 3 0x800030d8 (0x117d) x2  0x00000000
core   0: 0x800030da (0x0000010e) c.slli  sp, 3
core   0: 3 0x800030da (0x010e) x2  0x00000000
core   0: 0x800030dc (0x002399b3) sll     s3, t2, sp
core   0: 3 0x800030dc (0x002399b3) x19 0x0f0f0f0f
core   0: 0x800030e0 (0x0000030e) c.slli  t1, 3
core   0: 3 0x800030e0 (0x030e) x6  0x00000018
core   0: 0x800030e2 (0x0000911a) c.add   sp, t1
core   0: 3 0x800030e2 (0x911a) x2  0x00000018
core   0: 0x800030e4 (0x0029d9b3) srl     s3, s3, sp
core   0: 3 0x800030e4 (0x0029d9b3) x19 0x0000000f
core   0: 0x800030e8 (0x01b99113) slli    sp, s3, 27
core   0: 3 0x800030e8 (0x01b99113) x2  0x78000000
core   0: 0x800030ec (0x01e15113) srli    sp, sp, 30
core   0: 3 0x800030ec (0x01e15113) x2  0x00000001
core   0: 0x800030f0 (0x04010563) beqz    sp, pc + 74
core   0: 3 0x800030f0 (0x04010563)
core   0: 0x800030f4 (0x00004305) c.li    t1, 1
core   0: 3 0x800030f4 (0x4305) x6  0x00000001
core   0: 0x800030f6 (0x04610363) beq     sp, t1, pc + 70
core   0: 3 0x800030f6 (0x04610363)
core   0: 0x8000313c (0x00008306) c.mv    t1, ra
core   0: 3 0x8000313c (0x8306) x6  0x0000000f
core   0: 0x8000313e (0x34302173) csrr    sp, mtval
core   0: 3 0x8000313e (0x34302173) x2  0xfab0d26a
core   0: 0x80003142 (0x00215113) srli    sp, sp, 2
core   0: 3 0x80003142 (0x00215113) x2  0x3eac349a
core   0: 0x80003146 (0x00031563) bnez    t1, pc + 10
core   0: 3 0x80003146 (0x00031563)
core   0: 0x80003150 (0xfd1161e3) bltu    sp, a7, pc - 62
core   0: 3 0x80003150 (0xfd1161e3)
core   0: 0x80003154 (0xfb417fe3) bgeu    sp, s4, pc - 66
core   0: 3 0x80003154 (0xfb417fe3)
core   0: 0x80003112 (0x00008306) c.mv    t1, ra
core   0: 3 0x80003112 (0x8306) x6  0x0000000f
core   0: 0x80003114 (0x000088d2) c.mv    a7, s4
core   0: 3 0x80003114 (0x88d2) x17 0x20000ca8
core   0: 0x80003116 (0x00000305) c.addi  t1, 1
core   0: 3 0x80003116 (0x0305) x6  0x00000010
core   0: 0x80003118 (0x0000809a) c.mv    ra, t1
core   0: 3 0x80003118 (0x809a) x1  0x00000010
core   0: 0x8000311a (0x00004a41) c.li    s4, 16
core   0: 3 0x8000311a (0x4a41) x20 0x00000010
core   0: 0x8000311c (0x01435363) bge     t1, s4, pc + 6
core   0: 3 0x8000311c (0x01435363)
core   0: 0x80003122 (0x74702373) csrr    t1, mseccfg
core   0: 3 0x80003122 (0x74702373) x6  0x00000004
core   0: 0x80003126 (0x00237313) andi    t1, t1, 2
core   0: 3 0x80003126 (0x00237313) x6  0x00000000
core   0: 0x8000312a (0x08031163) bnez    t1, pc + 130
core   0: 3 0x8000312a (0x08031163)
core   0: 0x8000312e (0xffffd317) auipc   t1, 0xffffd
core   0: 3 0x8000312e (0xffffd317) x6  0x8000012e
core   0: 0x80003132 (0x25030313) addi    t1, t1, 592
core   0: 3 0x80003132 (0x25030313) x6  0x8000037e
core   0: 0x80003136 (0x00030067) jr      t1
core   0: 3 0x80003136 (0x00030067)
core   0: 0x8000037e (0x90000a37) lui     s4, 0x90000
core   0: 3 0x8000037e (0x90000a37) x20 0x90000000
core   0: 0x80000382 (0x00001a61) c.addi  s4, -8
core   0: 3 0x80000382 (0x1a61) x20 0x8ffffff8
core   0: 0x80000384 (0x00004301) c.li    t1, 0
core   0: 3 0x80000384 (0x4301) x6  0x00000000
core   0: 0x80000386 (0x00000322) c.slli  t1, 8
core   0: 3 0x80000386 (0x0322) x6  0x00000000
core   0: 0x80000388 (0x00000305) c.addi  t1, 1
core   0: 3 0x80000388 (0x0305) x6  0x00000001
core   0: 0x8000038a (0x006a2023) sw      t1, 0(s4)
core   0: 3 0x8000038a (0x006a2023) mem 0x8ffffff8 0x00000001
core   0: 0x8000038e (0x00000073) ecall
core   0: exception trap_machine_ecall, epc 0x8000038e
core   0: 0x80002500 (0x0800006f) j       pc + 0x80
core   0: 3 0x80002500 (0x0800006f)
core   0: 0x80002580 (0x00001771) c.addi  a4, -4
core   0: 3 0x80002580 (0x1771) x14 0x8004cc5c
core   0: 0x80002582 (0x0000c310) c.sw    a2, 0(a4)
core   0: 3 0x80002582 (0xc310) mem 0x8004cc5c 0x8004cc60
core   0: 0x80002584 (0x00070633) add     a2, a4, zero
core   0: 3 0x80002584 (0x00070633) x12 0x8004cc5c
core   0: 0x80002588 (0xf8060613) addi    a2, a2, -128
core   0: 3 0x80002588 (0xf8060613) x12 0x8004cbdc
core   0: 0x8000258c (0x00162223) sw      ra, 4(a2)
core   0: 3 0x8000258c (0x00162223) mem 0x8004cbe0 0x00000010
core   0: 0x80002590 (0x00262423) sw      sp, 8(a2)
core   0: 3 0x80002590 (0x00262423) mem 0x8004cbe4 0x3eac349a
core   0: 0x80002594 (0x00362623) sw      gp, 12(a2)
core   0: 3 0x80002594 (0x00362623) mem 0x8004cbe8 0x00001415
core   0: 0x80002598 (0x00462823) sw      tp, 16(a2)
core   0: 3 0x80002598 (0x00462823) mem 0x8004cbec 0x000000be
core   0: 0x8000259c (0x00562a23) sw      t0, 20(a2)
core   0: 3 0x8000259c (0x00562a23) mem 0x8004cbf0 0xfab0d048
core   0: 0x800025a0 (0x00662c23) sw      t1, 24(a2)
core   0: 3 0x800025a0 (0x00662c23) mem 0x8004cbf4 0x00000001
core   0: 0x800025a4 (0x00762e23) sw      t2, 28(a2)
core   0: 3 0x800025a4 (0x00762e23) mem 0x8004cbf8 0x0f0f0f0f
core   0: 0x800025a8 (0x0000d200) c.sw    s0, 32(a2)
core   0: 3 0x800025a8 (0xd200) mem 0x8004cbfc 0x0000002b
core   0: 0x800025aa (0x0000d244) c.sw    s1, 36(a2)
core   0: 3 0x800025aa (0xd244) mem 0x8004cc00 0xffffffce
core   0: 0x800025ac (0x0000d608) c.sw    a0, 40(a2)
core   0: 3 0x800025ac (0xd608) mem 0x8004cc04 0x0000002b
core   0: 0x800025ae (0x0000d64c) c.sw    a1, 44(a2)
core   0: 3 0x800025ae (0xd64c) mem 0x8004cc08 0xffffffbe
core   0: 0x800025b0 (0x0000da10) c.sw    a2, 48(a2)
core   0: 3 0x800025b0 (0xda10) mem 0x8004cc0c 0x8004cbdc
core   0: 0x800025b2 (0x0000da54) c.sw    a3, 52(a2)
core   0: 3 0x800025b2 (0xda54) mem 0x8004cc10 0x00001617
core   0: 0x800025b4 (0x0000de18) c.sw    a4, 56(a2)
core   0: 3 0x800025b4 (0xde18) mem 0x8004cc14 0x8004cc5c
core   0: 0x800025b6 (0x0000de5c) c.sw    a5, 60(a2)
core   0: 3 0x800025b6 (0xde5c) mem 0x8004cc18 0x80037f0d
core   0: 0x800025b8 (0x05062023) sw      a6, 64(a2)
core   0: 3 0x800025b8 (0x05062023) mem 0x8004cc1c 0x0000002b
core   0: 0x800025bc (0x05162223) sw      a7, 68(a2)
core   0: 3 0x800025bc (0x05162223) mem 0x8004cc20 0x20000ca8
core   0: 0x800025c0 (0x05262423) sw      s2, 72(a2)
core   0: 3 0x800025c0 (0x05262423) mem 0x8004cc24 0xffffffe8
core   0: 0x800025c4 (0x05362623) sw      s3, 76(a2)
core   0: 3 0x800025c4 (0x05362623) mem 0x8004cc28 0x0000000f
core   0: 0x800025c8 (0x05462823) sw      s4, 80(a2)
core   0: 3 0x800025c8 (0x05462823) mem 0x8004cc2c 0x8ffffff8
core   0: 0x800025cc (0x05562a23) sw      s5, 84(a2)
core   0: 3 0x800025cc (0x05562a23) mem 0x8004cc30 0x8003319d
core   0: 0x800025d0 (0x05662c23) sw      s6, 88(a2)
core   0: 3 0x800025d0 (0x05662c23) mem 0x8004cc34 0x8003e885
core   0: 0x800025d4 (0x05762e23) sw      s7, 92(a2)
core   0: 3 0x800025d4 (0x05762e23) mem 0x8004cc38 0x00000020
core   0: 0x800025d8 (0x07862023) sw      s8, 96(a2)
core   0: 3 0x800025d8 (0x07862023) mem 0x8004cc3c 0x0000004e
core   0: 0x800025dc (0x07962223) sw      s9, 100(a2)
core   0: 3 0x800025dc (0x07962223) mem 0x8004cc40 0x80033c3f
core   0: 0x800025e0 (0x07a62423) sw      s10, 104(a2)
core   0: 3 0x800025e0 (0x07a62423) mem 0x8004cc44 0x00000006
core   0: 0x800025e4 (0x07b62623) sw      s11, 108(a2)
core   0: 3 0x800025e4 (0x07b62623) mem 0x8004cc48 0x00000084
core   0: 0x800025e8 (0x07c62823) sw      t3, 112(a2)
core   0: 3 0x800025e8 (0x07c62823) mem 0x8004cc4c 0x0000002b
core   0: 0x800025ec (0x07d62a23) sw      t4, 116(a2)
core   0: 3 0x800025ec (0x07d62a23) mem 0x8004cc50 0x00000000
core   0: 0x800025f0 (0x07e62c23) sw      t5, 120(a2)
core   0: 3 0x800025f0 (0x07e62c23) mem 0x8004cc54 0x8003e8bf
core   0: 0x800025f4 (0x07f62e23) sw      t6, 124(a2)
core   0: 3 0x800025f4 (0x07f62e23) mem 0x8004cc58 0x00000056
core   0: 0x800025f8 (0x00060733) add     a4, a2, zero
core   0: 3 0x800025f8 (0x00060733) x14 0x8004cbdc
core   0: 0x800025fc (0x90000a37) lui     s4, 0x90000
core   0: 3 0x800025fc (0x90000a37) x20 0x90000000
core   0: 0x80002600 (0x00001a71) c.addi  s4, -4
core   0: 3 0x80002600 (0x1a71) x20 0x8ffffffc
core   0: 0x80002602 (0x00004321) c.li    t1, 8
core   0: 3 0x80002602 (0x4321) x6  0x00000008
core   0: 0x80002604 (0x00000322) c.slli  t1, 8
core   0: 3 0x80002604 (0x0322) x6  0x00000800
core   0: 0x80002606 (0x00030313) mv      t1, t1
core   0: 3 0x80002606 (0x00030313) x6  0x00000800
core   0: 0x8000260a (0x006a2023) sw      t1, 0(s4)
core   0: 3 0x8000260a (0x006a2023) mem 0x8ffffffc 0x00000800
core   0: 0x8000260e (0x34102373) csrr    t1, mepc
core   0: 3 0x8000260e (0x34102373) x6  0x8000038e
core   0: 0x80002612 (0x34202373) csrr    t1, mcause
core   0: 3 0x80002612 (0x34202373) x6  0x0000000b
core   0: 0x80002616 (0x00004a0d) c.li    s4, 3
core   0: 3 0x80002616 (0x4a0d) x20 0x00000003
core   0: 0x80002618 (0x01431463) bne     t1, s4, pc + 8
core   0: 3 0x80002618 (0x01431463)
core   0: 0x80002620 (0x00004a21) c.li    s4, 8
core   0: 3 0x80002620 (0x4a21) x20 0x00000008
core   0: 0x80002622 (0x05430d63) beq     t1, s4, pc + 90
core   0: 3 0x80002622 (0x05430d63)
core   0: 0x80002626 (0x00004a25) c.li    s4, 9
core   0: 3 0x80002626 (0x4a25) x20 0x00000009
core   0: 0x80002628 (0x05430a63) beq     t1, s4, pc + 84
core   0: 3 0x80002628 (0x05430a63)
core   0: 0x8000262c (0x00004a2d) c.li    s4, 11
core   0: 3 0x8000262c (0x4a2d) x20 0x0000000b
core   0: 0x8000262e (0x05430763) beq     t1, s4, pc + 78
core   0: 3 0x8000262e (0x05430763)
core   0: 0x8000267c (0x90000a37) lui     s4, 0x90000
core   0: 3 0x8000267c (0x90000a37) x20 0x90000000
core   0: 0x80002680 (0x00001a71) c.addi  s4, -4
core   0: 3 0x80002680 (0x1a71) x20 0x8ffffffc
core   0: 0x80002682 (0x00006305) c.lui   t1, 0x1
core   0: 3 0x80002682 (0x6305) x6  0x00001000
core   0: 0x80002684 (0xb0030313) addi    t1, t1, -1280
core   0: 3 0x80002684 (0xb0030313) x6  0x00000b00
core   0: 0x80002688 (0x00000322) c.slli  t1, 8
core   0: 3 0x80002688 (0x0322) x6  0x000b0000
core   0: 0x8000268a (0x0000030d) c.addi  t1, 3
core   0: 3 0x8000268a (0x030d) x6  0x000b0003
core   0: 0x8000268c (0x006a2023) sw      t1, 0(s4)
core   0: 3 0x8000268c (0x006a2023) mem 0x8ffffffc 0x000b0003
core   0: 0x80002690 (0xb0002373) csrr    t1, mcycle
core   0: 3 0x80002690 (0xb0002373) x6  0x00008dc4
core   0: 0x80002694 (0x006a2023) sw      t1, 0(s4)
core   0: 3 0x80002694 (0x006a2023) mem 0x8ffffffc 0x00008dc4
core   0: 0x80002698 (0x90000a37) lui     s4, 0x90000
core   0: 3 0x80002698 (0x90000a37) x20 0x90000000
core   0: 0x8000269c (0x00001a71) c.addi  s4, -4
core   0: 3 0x8000269c (0x1a71) x20 0x8ffffffc
core   0: 0x8000269e (0x00006305) c.lui   t1, 0x1
core   0: 3 0x8000269e (0x6305) x6  0x00001000
core   0: 0x800026a0 (0xb8030313) addi    t1, t1, -1152
core   0: 3 0x800026a0 (0xb8030313) x6  0x00000b80
core   0: 0x800026a4 (0x00000322) c.slli  t1, 8
core   0: 3 0x800026a4 (0x0322) x6  0x000b8000
core   0: 0x800026a6 (0x0000030d) c.addi  t1, 3
core   0: 3 0x800026a6 (0x030d) x6  0x000b8003
core   0: 0x800026a8 (0x006a2023) sw      t1, 0(s4)
core   0: 3 0x800026a8 (0x006a2023) mem 0x8ffffffc 0x000b8003
core   0: 0x800026ac (0xb8002373) csrr    t1, mcycleh
core   0: 3 0x800026ac (0xb8002373) x6  0x00000000
core   0: 0x800026b0 (0x006a2023) sw      t1, 0(s4)
core   0: 3 0x800026b0 (0x006a2023) mem 0x8ffffffc 0x00000000
core   0: 0x800026b4 (0x90000a37) lui     s4, 0x90000
core   0: 3 0x800026b4 (0x90000a37) x20 0x90000000
core   0: 0x800026b8 (0x00001a71) c.addi  s4, -4
core   0: 3 0x800026b8 (0x1a71) x20 0x8ffffffc
core   0: 0x800026ba (0x00006305) c.lui   t1, 0x1
core   0: 3 0x800026ba (0x6305) x6  0x00001000
core   0: 0x800026bc (0xb0330313) addi    t1, t1, -1277
core   0: 3 0x800026bc (0xb0330313) x6  0x00000b03
core   0: 0x800026c0 (0x00000322) c.slli  t1, 8
core   0: 3 0x800026c0 (0x0322) x6  0x000b0300
core   0: 0x800026c2 (0x0000030d) c.addi  t1, 3
core   0: 3 0x800026c2 (0x030d) x6  0x000b0303
core   0: 0x800026c4 (0x006a2023) sw      t1, 0(s4)
core   0: 3 0x800026c4 (0x006a2023) mem 0x8ffffffc 0x000b0303
core   0: 0x800026c8 (0xb0302373) csrr    t1, mhpmcounter3
core   0: 3 0x800026c8 (0xb0302373) x6  0x00002194
core   0: 0x800026cc (0x006a2023) sw      t1, 0(s4)
core   0: 3 0x800026cc (0x006a2023) mem 0x8ffffffc 0x00002194
core   0: 0x800026d0 (0x90000a37) lui     s4, 0x90000
core   0: 3 0x800026d0 (0x90000a37) x20 0x90000000
core   0: 0x800026d4 (0x00001a71) c.addi  s4, -4
core   0: 3 0x800026d4 (0x1a71) x20 0x8ffffffc
core   0: 0x800026d6 (0x00006305) c.lui   t1, 0x1
core   0: 3 0x800026d6 (0x6305) x6  0x00001000
core   0: 0x800026d8 (0xb8330313) addi    t1, t1, -1149
core   0: 3 0x800026d8 (0xb8330313) x6  0x00000b83
core   0: 0x800026dc (0x00000322) c.slli  t1, 8
core   0: 3 0x800026dc (0x0322) x6  0x000b8300
core   0: 0x800026de (0x0000030d) c.addi  t1, 3
core   0: 3 0x800026de (0x030d) x6  0x000b8303
core   0: 0x800026e0 (0x006a2023) sw      t1, 0(s4)
core   0: 3 0x800026e0 (0x006a2023) mem 0x8ffffffc 0x000b8303
core   0: 0x800026e4 (0xb8302373) csrr    t1, mhpmcounter3h
core   0: 3 0x800026e4 (0xb8302373) x6  0x00000000
core   0: 0x800026e8 (0x006a2023) sw      t1, 0(s4)
core   0: 3 0x800026e8 (0x006a2023) mem 0x8ffffffc 0x00000000
core   0: 0x800026ec (0x90000a37) lui     s4, 0x90000
core   0: 3 0x800026ec (0x90000a37) x20 0x90000000
core   0: 0x800026f0 (0x00001a71) c.addi  s4, -4
core   0: 3 0x800026f0 (0x1a71) x20 0x8ffffffc
core   0: 0x800026f2 (0x00006305) c.lui   t1, 0x1
core   0: 3 0x800026f2 (0x6305) x6  0x00001000
core   0: 0x800026f4 (0xb0430313) addi    t1, t1, -1276
core   0: 3 0x800026f4 (0xb0430313) x6  0x00000b04
core   0: 0x800026f8 (0x00000322) c.slli  t1, 8
core   0: 3 0x800026f8 (0x0322) x6  0x000b0400
core   0: 0x800026fa (0x0000030d) c.addi  t1, 3
core   0: 3 0x800026fa (0x030d) x6  0x000b0403
core   0: 0x800026fc (0x006a2023) sw      t1, 0(s4)
core   0: 3 0x800026fc (0x006a2023) mem 0x8ffffffc 0x000b0403
core   0: 0x80002700 (0xb0402373) csrr    t1, mhpmcounter4
core   0: 3 0x80002700 (0xb0402373) x6  0x00001c04
core   0: 0x80002704 (0x006a2023) sw      t1, 0(s4)
core   0: 3 0x80002704 (0x006a2023) mem 0x8ffffffc 0x00001c04
core   0: 0x80002708 (0x90000a37) lui     s4, 0x90000
core   0: 3 0x80002708 (0x90000a37) x20 0x90000000
core   0: 0x8000270c (0x00001a71) c.addi  s4, -4
core   0: 3 0x8000270c (0x1a71) x20 0x8ffffffc
core   0: 0x8000270e (0x00006305) c.lui   t1, 0x1
core   0: 3 0x8000270e (0x6305) x6  0x00001000
core   0: 0x80002710 (0xb8430313) addi    t1, t1, -1148
core   0: 3 0x80002710 (0xb8430313) x6  0x00000b84
core   0: 0x80002714 (0x00000322) c.slli  t1, 8
core   0: 3 0x80002714 (0x0322) x6  0x000b8400
core   0: 0x80002716 (0x0000030d) c.addi  t1, 3
core   0: 3 0x80002716 (0x030d) x6  0x000b8403
core   0: 0x80002718 (0x006a2023) sw      t1, 0(s4)
core   0: 3 0x80002718 (0x006a2023) mem 0x8ffffffc 0x000b8403
core   0: 0x8000271c (0xb8402373) csrr    t1, mhpmcounter4h
core   0: 3 0x8000271c (0xb8402373) x6  0x00000000
core   0: 0x80002720 (0x006a2023) sw      t1, 0(s4)
core   0: 3 0x80002720 (0x006a2023) mem 0x8ffffffc 0x00000000
core   0: 0x80002724 (0x90000a37) lui     s4, 0x90000
core   0: 3 0x80002724 (0x90000a37) x20 0x90000000
core   0: 0x80002728 (0x00001a71) c.addi  s4, -4
core   0: 3 0x80002728 (0x1a71) x20 0x8ffffffc
core   0: 0x8000272a (0x00006305) c.lui   t1, 0x1
core   0: 3 0x8000272a (0x6305) x6  0x00001000
core   0: 0x8000272c (0xb0530313) addi    t1, t1, -1275
core   0: 3 0x8000272c (0xb0530313) x6  0x00000b05
core   0: 0x80002730 (0x00000322) c.slli  t1, 8
core   0: 3 0x80002730 (0x0322) x6  0x000b0500
core   0: 0x80002732 (0x0000030d) c.addi  t1, 3
core   0: 3 0x80002732 (0x030d) x6  0x000b0503
core   0: 0x80002734 (0x006a2023) sw      t1, 0(s4)
core   0: 3 0x80002734 (0x006a2023) mem 0x8ffffffc 0x000b0503
core   0: 0x80002738 (0xb0502373) csrr    t1, mhpmcounter5
core   0: 3 0x80002738 (0xb0502373) x6  0x00000498
core   0: 0x8000273c (0x006a2023) sw      t1, 0(s4)
core   0: 3 0x8000273c (0x006a2023) mem 0x8ffffffc 0x00000498
core   0: 0x80002740 (0x90000a37) lui     s4, 0x90000
core   0: 3 0x80002740 (0x90000a37) x20 0x90000000
core   0: 0x80002744 (0x00001a71) c.addi  s4, -4
core   0: 3 0x80002744 (0x1a71) x20 0x8ffffffc
core   0: 0x80002746 (0x00006305) c.lui   t1, 0x1
core   0: 3 0x80002746 (0x6305) x6  0x00001000
core   0: 0x80002748 (0xb8530313) addi    t1, t1, -1147
core   0: 3 0x80002748 (0xb8530313) x6  0x00000b85
core   0: 0x8000274c (0x00000322) c.slli  t1, 8
core   0: 3 0x8000274c (0x0322) x6  0x000b8500
core   0: 0x8000274e (0x0000030d) c.addi  t1, 3
core   0: 3 0x8000274e (0x030d) x6  0x000b8503
core   0: 0x80002750 (0x006a2023) sw      t1, 0(s4)
core   0: 3 0x80002750 (0x006a2023) mem 0x8ffffffc 0x000b8503
core   0: 0x80002754 (0xb8502373) csrr    t1, mhpmcounter5h
core   0: 3 0x80002754 (0xb8502373) x6  0x00000000
core   0: 0x80002758 (0x006a2023) sw      t1, 0(s4)
core   0: 3 0x80002758 (0x006a2023) mem 0x8ffffffc 0x00000000
core   0: 0x8000275c (0x90000a37) lui     s4, 0x90000
core   0: 3 0x8000275c (0x90000a37) x20 0x90000000
core   0: 0x80002760 (0x00001a71) c.addi  s4, -4
core   0: 3 0x80002760 (0x1a71) x20 0x8ffffffc
core   0: 0x80002762 (0x00006305) c.lui   t1, 0x1
core   0: 3 0x80002762 (0x6305) x6  0x00001000
core   0: 0x80002764 (0xb0630313) addi    t1, t1, -1274
core   0: 3 0x80002764 (0xb0630313) x6  0x00000b06
core   0: 0x80002768 (0x00000322) c.slli  t1, 8
core   0: 3 0x80002768 (0x0322) x6  0x000b0600
core   0: 0x8000276a (0x0000030d) c.addi  t1, 3
core   0: 3 0x8000276a (0x030d) x6  0x000b0603
core   0: 0x8000276c (0x006a2023) sw      t1, 0(s4)
core   0: 3 0x8000276c (0x006a2023) mem 0x8ffffffc 0x000b0603
core   0: 0x80002770 (0xb0602373) csrr    t1, mhpmcounter6
core   0: 3 0x80002770 (0xb0602373) x6  0x0000032f
core   0: 0x80002774 (0x006a2023) sw      t1, 0(s4)
core   0: 3 0x80002774 (0x006a2023) mem 0x8ffffffc 0x0000032f
core   0: 0x80002778 (0x90000a37) lui     s4, 0x90000
core   0: 3 0x80002778 (0x90000a37) x20 0x90000000
core   0: 0x8000277c (0x00001a71) c.addi  s4, -4
core   0: 3 0x8000277c (0x1a71) x20 0x8ffffffc
core   0: 0x8000277e (0x00006305) c.lui   t1, 0x1
core   0: 3 0x8000277e (0x6305) x6  0x00001000
core   0: 0x80002780 (0xb8630313) addi    t1, t1, -1146
core   0: 3 0x80002780 (0xb8630313) x6  0x00000b86
core   0: 0x80002784 (0x00000322) c.slli  t1, 8
core   0: 3 0x80002784 (0x0322) x6  0x000b8600
core   0: 0x80002786 (0x0000030d) c.addi  t1, 3
core   0: 3 0x80002786 (0x030d) x6  0x000b8603
core   0: 0x80002788 (0x006a2023) sw      t1, 0(s4)
core   0: 3 0x80002788 (0x006a2023) mem 0x8ffffffc 0x000b8603
core   0: 0x8000278c (0xb8602373) csrr    t1, mhpmcounter6h
core   0: 3 0x8000278c (0xb8602373) x6  0x00000000
core   0: 0x80002790 (0x006a2023) sw      t1, 0(s4)
core   0: 3 0x80002790 (0x006a2023) mem 0x8ffffffc 0x00000000
core   0: 0x80002794 (0x90000a37) lui     s4, 0x90000
core   0: 3 0x80002794 (0x90000a37) x20 0x90000000
core   0: 0x80002798 (0x00001a71) c.addi  s4, -4
core   0: 3 0x80002798 (0x1a71) x20 0x8ffffffc
core   0: 0x8000279a (0x00006305) c.lui   t1, 0x1
core   0: 3 0x8000279a (0x6305) x6  0x00001000
core   0: 0x8000279c (0xb0730313) addi    t1, t1, -1273
core   0: 3 0x8000279c (0xb0730313) x6  0x00000b07
core   0: 0x800027a0 (0x00000322) c.slli  t1, 8
core   0: 3 0x800027a0 (0x0322) x6  0x000b0700
core   0: 0x800027a2 (0x0000030d) c.addi  t1, 3
core   0: 3 0x800027a2 (0x030d) x6  0x000b0703
core   0: 0x800027a4 (0x006a2023) sw      t1, 0(s4)
core   0: 3 0x800027a4 (0x006a2023) mem 0x8ffffffc 0x000b0703
core   0: 0x800027a8 (0xb0702373) csrr    t1, mhpmcounter7
core   0: 3 0x800027a8 (0xb0702373) x6  0x0000003b
core   0: 0x800027ac (0x006a2023) sw      t1, 0(s4)
core   0: 3 0x800027ac (0x006a2023) mem 0x8ffffffc 0x0000003b
core   0: 0x800027b0 (0x90000a37) lui     s4, 0x90000
core   0: 3 0x800027b0 (0x90000a37) x20 0x90000000
core   0: 0x800027b4 (0x00001a71) c.addi  s4, -4
core   0: 3 0x800027b4 (0x1a71) x20 0x8ffffffc
core   0: 0x800027b6 (0x00006305) c.lui   t1, 0x1
core   0: 3 0x800027b6 (0x6305) x6  0x00001000
core   0: 0x800027b8 (0xb8730313) addi    t1, t1, -1145
core   0: 3 0x800027b8 (0xb8730313) x6  0x00000b87
core   0: 0x800027bc (0x00000322) c.slli  t1, 8
core   0: 3 0x800027bc (0x0322) x6  0x000b8700
core   0: 0x800027be (0x0000030d) c.addi  t1, 3
core   0: 3 0x800027be (0x030d) x6  0x000b8703
core   0: 0x800027c0 (0x006a2023) sw      t1, 0(s4)
core   0: 3 0x800027c0 (0x006a2023) mem 0x8ffffffc 0x000b8703
core   0: 0x800027c4 (0xb8702373) csrr    t1, mhpmcounter7h
core   0: 3 0x800027c4 (0xb8702373) x6  0x00000000
core   0: 0x800027c8 (0x006a2023) sw      t1, 0(s4)
core   0: 3 0x800027c8 (0x006a2023) mem 0x8ffffffc 0x00000000
core   0: 0x800027cc (0x90000a37) lui     s4, 0x90000
core   0: 3 0x800027cc (0x90000a37) x20 0x90000000
core   0: 0x800027d0 (0x00001a71) c.addi  s4, -4
core   0: 3 0x800027d0 (0x1a71) x20 0x8ffffffc
core   0: 0x800027d2 (0x00006305) c.lui   t1, 0x1
core   0: 3 0x800027d2 (0x6305) x6  0x00001000
core   0: 0x800027d4 (0xb0830313) addi    t1, t1, -1272
core   0: 3 0x800027d4 (0xb0830313) x6  0x00000b08
core   0: 0x800027d8 (0x00000322) c.slli  t1, 8
core   0: 3 0x800027d8 (0x0322) x6  0x000b0800
core   0: 0x800027da (0x0000030d) c.addi  t1, 3
core   0: 3 0x800027da (0x030d) x6  0x000b0803
core   0: 0x800027dc (0x006a2023) sw      t1, 0(s4)
core   0: 3 0x800027dc (0x006a2023) mem 0x8ffffffc 0x000b0803
core   0: 0x800027e0 (0xb0802373) csrr    t1, mhpmcounter8
core   0: 3 0x800027e0 (0xb0802373) x6  0x000000f7
core   0: 0x800027e4 (0x006a2023) sw      t1, 0(s4)
core   0: 3 0x800027e4 (0x006a2023) mem 0x8ffffffc 0x000000f7
core   0: 0x800027e8 (0x90000a37) lui     s4, 0x90000
core   0: 3 0x800027e8 (0x90000a37) x20 0x90000000
core   0: 0x800027ec (0x00001a71) c.addi  s4, -4
core   0: 3 0x800027ec (0x1a71) x20 0x8ffffffc
core   0: 0x800027ee (0x00006305) c.lui   t1, 0x1
core   0: 3 0x800027ee (0x6305) x6  0x00001000
core   0: 0x800027f0 (0xb8830313) addi    t1, t1, -1144
core   0: 3 0x800027f0 (0xb8830313) x6  0x00000b88
core   0: 0x800027f4 (0x00000322) c.slli  t1, 8
core   0: 3 0x800027f4 (0x0322) x6  0x000b8800
core   0: 0x800027f6 (0x0000030d) c.addi  t1, 3
core   0: 3 0x800027f6 (0x030d) x6  0x000b8803
core   0: 0x800027f8 (0x006a2023) sw      t1, 0(s4)
core   0: 3 0x800027f8 (0x006a2023) mem 0x8ffffffc 0x000b8803
core   0: 0x800027fc (0xb8802373) csrr    t1, mhpmcounter8h
core   0: 3 0x800027fc (0xb8802373) x6  0x00000000
core   0: 0x80002800 (0x006a2023) sw      t1, 0(s4)
core   0: 3 0x80002800 (0x006a2023) mem 0x8ffffffc 0x00000000
core   0: 0x80002804 (0x90000a37) lui     s4, 0x90000
core   0: 3 0x80002804 (0x90000a37) x20 0x90000000
core   0: 0x80002808 (0x00001a71) c.addi  s4, -4
core   0: 3 0x80002808 (0x1a71) x20 0x8ffffffc
core   0: 0x8000280a (0x00006305) c.lui   t1, 0x1
core   0: 3 0x8000280a (0x6305) x6  0x00001000
core   0: 0x8000280c (0xb0930313) addi    t1, t1, -1271
core   0: 3 0x8000280c (0xb0930313) x6  0x00000b09
core   0: 0x80002810 (0x00000322) c.slli  t1, 8
core   0: 3 0x80002810 (0x0322) x6  0x000b0900
core   0: 0x80002812 (0x0000030d) c.addi  t1, 3
core   0: 3 0x80002812 (0x030d) x6  0x000b0903
core   0: 0x80002814 (0x006a2023) sw      t1, 0(s4)
core   0: 3 0x80002814 (0x006a2023) mem 0x8ffffffc 0x000b0903
core   0: 0x80002818 (0xb0902373) csrr    t1, mhpmcounter9
core   0: 3 0x80002818 (0xb0902373) x6  0x00000046
core   0: 0x8000281c (0x006a2023) sw      t1, 0(s4)
core   0: 3 0x8000281c (0x006a2023) mem 0x8ffffffc 0x00000046
core   0: 0x80002820 (0x90000a37) lui     s4, 0x90000
core   0: 3 0x80002820 (0x90000a37) x20 0x90000000
core   0: 0x80002824 (0x00001a71) c.addi  s4, -4
core   0: 3 0x80002824 (0x1a71) x20 0x8ffffffc
core   0: 0x80002826 (0x00006305) c.lui   t1, 0x1
core   0: 3 0x80002826 (0x6305) x6  0x00001000
core   0: 0x80002828 (0xb8930313) addi    t1, t1, -1143
core   0: 3 0x80002828 (0xb8930313) x6  0x00000b89
core   0: 0x8000282c (0x00000322) c.slli  t1, 8
core   0: 3 0x8000282c (0x0322) x6  0x000b8900
core   0: 0x8000282e (0x0000030d) c.addi  t1, 3
core   0: 3 0x8000282e (0x030d) x6  0x000b8903
core   0: 0x80002830 (0x006a2023) sw      t1, 0(s4)
core   0: 3 0x80002830 (0x006a2023) mem 0x8ffffffc 0x000b8903
core   0: 0x80002834 (0xb8902373) csrr    t1, mhpmcounter9h
core   0: 3 0x80002834 (0xb8902373) x6  0x00000000
core   0: 0x80002838 (0x006a2023) sw      t1, 0(s4)
core   0: 3 0x80002838 (0x006a2023) mem 0x8ffffffc 0x00000000
core   0: 0x8000283c (0x90000a37) lui     s4, 0x90000
core   0: 3 0x8000283c (0x90000a37) x20 0x90000000
core   0: 0x80002840 (0x00001a71) c.addi  s4, -4
core   0: 3 0x80002840 (0x1a71) x20 0x8ffffffc
core   0: 0x80002842 (0x00006305) c.lui   t1, 0x1
core   0: 3 0x80002842 (0x6305) x6  0x00001000
core   0: 0x80002844 (0xb0a30313) addi    t1, t1, -1270
core   0: 3 0x80002844 (0xb0a30313) x6  0x00000b0a
core   0: 0x80002848 (0x00000322) c.slli  t1, 8
core   0: 3 0x80002848 (0x0322) x6  0x000b0a00
core   0: 0x8000284a (0x0000030d) c.addi  t1, 3
core   0: 3 0x8000284a (0x030d) x6  0x000b0a03
core   0: 0x8000284c (0x006a2023) sw      t1, 0(s4)
core   0: 3 0x8000284c (0x006a2023) mem 0x8ffffffc 0x000b0a03
core   0: 0x80002850 (0xb0a02373) csrr    t1, mhpmcounter10
core   0: 3 0x80002850 (0xb0a02373) x6  0x000003ab
core   0: 0x80002854 (0x006a2023) sw      t1, 0(s4)
core   0: 3 0x80002854 (0x006a2023) mem 0x8ffffffc 0x000003ab
core   0: 0x80002858 (0x90000a37) lui     s4, 0x90000
core   0: 3 0x80002858 (0x90000a37) x20 0x90000000
core   0: 0x8000285c (0x00001a71) c.addi  s4, -4
core   0: 3 0x8000285c (0x1a71) x20 0x8ffffffc
core   0: 0x8000285e (0x00006305) c.lui   t1, 0x1
core   0: 3 0x8000285e (0x6305) x6  0x00001000
core   0: 0x80002860 (0xb8a30313) addi    t1, t1, -1142
core   0: 3 0x80002860 (0xb8a30313) x6  0x00000b8a
core   0: 0x80002864 (0x00000322) c.slli  t1, 8
core   0: 3 0x80002864 (0x0322) x6  0x000b8a00
core   0: 0x80002866 (0x0000030d) c.addi  t1, 3
core   0: 3 0x80002866 (0x030d) x6  0x000b8a03
core   0: 0x80002868 (0x006a2023) sw      t1, 0(s4)
core   0: 3 0x80002868 (0x006a2023) mem 0x8ffffffc 0x000b8a03
core   0: 0x8000286c (0xb8a02373) csrr    t1, mhpmcounter10h
core   0: 3 0x8000286c (0xb8a02373) x6  0x00000000
core   0: 0x80002870 (0x006a2023) sw      t1, 0(s4)
core   0: 3 0x80002870 (0x006a2023) mem 0x8ffffffc 0x00000000
core   0: 0x80002874 (0x90000a37) lui     s4, 0x90000
core   0: 3 0x80002874 (0x90000a37) x20 0x90000000
core   0: 0x80002878 (0x00001a71) c.addi  s4, -4
core   0: 3 0x80002878 (0x1a71) x20 0x8ffffffc
core   0: 0x8000287a (0x00006305) c.lui   t1, 0x1
core   0: 3 0x8000287a (0x6305) x6  0x00001000
core   0: 0x8000287c (0xb0b30313) addi    t1, t1, -1269
core   0: 3 0x8000287c (0xb0b30313) x6  0x00000b0b
core   0: 0x80002880 (0x00000322) c.slli  t1, 8
core   0: 3 0x80002880 (0x0322) x6  0x000b0b00
core   0: 0x80002882 (0x0000030d) c.addi  t1, 3
core   0: 3 0x80002882 (0x030d) x6  0x000b0b03
core   0: 0x80002884 (0x006a2023) sw      t1, 0(s4)
core   0: 3 0x80002884 (0x006a2023) mem 0x8ffffffc 0x000b0b03
core   0: 0x80002888 (0xb0b02373) csrr    t1, mhpmcounter11
core   0: 3 0x80002888 (0xb0b02373) x6  0x00000153
core   0: 0x8000288c (0x006a2023) sw      t1, 0(s4)
core   0: 3 0x8000288c (0x006a2023) mem 0x8ffffffc 0x00000153
