Time	Cycle	PC	Insn	Decoded instruction	Register and memory contents
        1055000	         6	80000080	40001337	lui	x6,0x40001	  x6=0x40001000
        1065000	         7	80000084	10630313	addi	x6,x6,262	  x6:0x40001000  x6=0x40001106
        1075000	         8	80000088	30131073	csrrw	x0,misa,x6	  x6:0x40001106  x0=0x00000000
        1105000	        11	8000008c	0004d717	auipc	x14,0x4d	 x14=0x8004d08c
        1115000	        12	80000090	c5870713	addi	x14,x14,-936	 x14:0x8004d08c x14=0x8004cce4
        1125000	        13	80000094	00002317	auipc	x6,0x2	  x6=0x80002094
        1135000	        14	80000098	46c30313	addi	x6,x6,1132	  x6:0x80002094  x6=0x80002500
        1145000	        15	8000009c	00136313	ori	x6,x6,1	  x6:0x80002500  x6=0x80002501
        1155000	        16	800000a0	30531073	csrrw	x0,mtvec,x6	  x6:0x80002501  x0=0x00000000
        1185000	        19	800000a4	74725073	csrrwi	x0,0x747,4	  x0=0x00000000
        1215000	        22	800000a8	00003117	auipc	x2,0x3	  x2=0x800030a8
        1225000	        23	800000ac	1fc10113	addi	x2,x2,508	  x2:0x800030a8  x2=0x800032a4
        1235000	        24	800000b0	4301	c.li	x6,0	  x6=0x00000000
        1245000	        25	800000b2	911a	c.add	x2,x6	  x2:0x800032a4  x6:0x00000000  x2=0x800032a4
        1255000	        26	800000b4	00215113	srli	x2,x2,0x2	  x2:0x800032a4  x2=0x20000ca9
        1265000	        27	800000b8	3b011073	csrrw	x0,pmpaddr0,x2	  x2:0x20000ca9  x0=0x00000000
        1295000	        30	800000bc	00003117	auipc	x2,0x3	  x2=0x800030bc
        1305000	        31	800000c0	1e810113	addi	x2,x2,488	  x2:0x800030bc  x2=0x800032a4
        1315000	        32	800000c4	11111337	lui	x6,0x11111	  x6=0x11111000
        1325000	        33	800000c8	11130313	addi	x6,x6,273	  x6:0x11111000  x6=0x11111111
        1335000	        34	800000cc	911a	c.add	x2,x6	  x2:0x800032a4  x6:0x11111111  x2=0x911143b5
        1345000	        35	800000ce	00215113	srli	x2,x2,0x2	  x2:0x911143b5  x2=0x244450ed
        1355000	        36	800000d2	3b111073	csrrw	x0,pmpaddr1,x2	  x2:0x244450ed  x0=0x00000000
        1385000	        39	800000d6	00003117	auipc	x2,0x3	  x2=0x800030d6
        1395000	        40	800000da	1ce10113	addi	x2,x2,462	  x2:0x800030d6  x2=0x800032a4
        1405000	        41	800000de	22222337	lui	x6,0x22222	  x6=0x22222000
        1415000	        42	800000e2	22230313	addi	x6,x6,546	  x6:0x22222000  x6=0x22222222
        1425000	        43	800000e6	911a	c.add	x2,x6	  x2:0x800032a4  x6:0x22222222  x2=0xa22254c6
        1435000	        44	800000e8	00215113	srli	x2,x2,0x2	  x2:0xa22254c6  x2=0x28889531
        1445000	        45	800000ec	3b211073	csrrw	x0,pmpaddr2,x2	  x2:0x28889531  x0=0x00000000
        1475000	        48	800000f0	00003117	auipc	x2,0x3	  x2=0x800030f0
        1485000	        49	800000f4	1b410113	addi	x2,x2,436	  x2:0x800030f0  x2=0x800032a4
        1495000	        50	800000f8	33333337	lui	x6,0x33333	  x6=0x33333000
        1505000	        51	800000fc	33330313	addi	x6,x6,819	  x6:0x33333000  x6=0x33333333
        1515000	        52	80000100	911a	c.add	x2,x6	  x2:0x800032a4  x6:0x33333333  x2=0xb33365d7
        1525000	        53	80000102	00215113	srli	x2,x2,0x2	  x2:0xb33365d7  x2=0x2cccd975
        1535000	        54	80000106	3b311073	csrrw	x0,pmpaddr3,x2	  x2:0x2cccd975  x0=0x00000000
        1565000	        57	8000010a	0f0f1137	lui	x2,0xf0f1	  x2=0x0f0f1000
        1575000	        58	8000010e	f0f10113	addi	x2,x2,-241	  x2:0x0f0f1000  x2=0x0f0f0f0f
        1585000	        59	80000112	3a011073	csrrw	x0,pmpcfg0,x2	  x2:0x0f0f0f0f  x0=0x00000000
        1615000	        62	80000116	00003117	auipc	x2,0x3	  x2=0x80003116
        1625000	        63	8000011a	18e10113	addi	x2,x2,398	  x2:0x80003116  x2=0x800032a4
        1635000	        64	8000011e	44444337	lui	x6,0x44444	  x6=0x44444000
        1645000	        65	80000122	44430313	addi	x6,x6,1092	  x6:0x44444000  x6=0x44444444
        1655000	        66	80000126	911a	c.add	x2,x6	  x2:0x800032a4  x6:0x44444444  x2=0xc44476e8
        1665000	        67	80000128	00215113	srli	x2,x2,0x2	  x2:0xc44476e8  x2=0x31111dba
        1675000	        68	8000012c	3b411073	csrrw	x0,pmpaddr4,x2	  x2:0x31111dba  x0=0x00000000
        1705000	        71	80000130	00003117	auipc	x2,0x3	  x2=0x80003130
        1715000	        72	80000134	17410113	addi	x2,x2,372	  x2:0x80003130  x2=0x800032a4
        1725000	        73	80000138	55555337	lui	x6,0x55555	  x6=0x55555000
        1735000	        74	8000013c	55530313	addi	x6,x6,1365	  x6:0x55555000  x6=0x55555555
        1745000	        75	80000140	911a	c.add	x2,x6	  x2:0x800032a4  x6:0x55555555  x2=0xd55587f9
        1755000	        76	80000142	00215113	srli	x2,x2,0x2	  x2:0xd55587f9  x2=0x355561fe
        1765000	        77	80000146	3b511073	csrrw	x0,pmpaddr5,x2	  x2:0x355561fe  x0=0x00000000
        1795000	        80	8000014a	00003117	auipc	x2,0x3	  x2=0x8000314a
        1805000	        81	8000014e	15a10113	addi	x2,x2,346	  x2:0x8000314a  x2=0x800032a4
        1815000	        82	80000152	66666337	lui	x6,0x66666	  x6=0x66666000
        1825000	        83	80000156	66630313	addi	x6,x6,1638	  x6:0x66666000  x6=0x66666666
        1835000	        84	8000015a	911a	c.add	x2,x6	  x2:0x800032a4  x6:0x66666666  x2=0xe666990a
        1845000	        85	8000015c	00215113	srli	x2,x2,0x2	  x2:0xe666990a  x2=0x3999a642
        1855000	        86	80000160	3b611073	csrrw	x0,pmpaddr6,x2	  x2:0x3999a642  x0=0x00000000
        1885000	        89	80000164	00003117	auipc	x2,0x3	  x2=0x80003164
        1895000	        90	80000168	14010113	addi	x2,x2,320	  x2:0x80003164  x2=0x800032a4
        1905000	        91	8000016c	77777337	lui	x6,0x77777	  x6=0x77777000
        1915000	        92	80000170	77730313	addi	x6,x6,1911	  x6:0x77777000  x6=0x77777777
        1925000	        93	80000174	911a	c.add	x2,x6	  x2:0x800032a4  x6:0x77777777  x2=0xf777aa1b
        1935000	        94	80000176	00215113	srli	x2,x2,0x2	  x2:0xf777aa1b  x2=0x3dddea86
        1945000	        95	8000017a	3b711073	csrrw	x0,pmpaddr7,x2	  x2:0x3dddea86  x0=0x00000000
        1975000	        98	8000017e	0f0f1137	lui	x2,0xf0f1	  x2=0x0f0f1000
        1985000	        99	80000182	f0f10113	addi	x2,x2,-241	  x2:0x0f0f1000  x2=0x0f0f0f0f
        1995000	       100	80000186	3a111073	csrrw	x0,pmpcfg1,x2	  x2:0x0f0f0f0f  x0=0x00000000
        2025000	       103	8000018a	00003117	auipc	x2,0x3	  x2=0x8000318a
        2035000	       104	8000018e	11a10113	addi	x2,x2,282	  x2:0x8000318a  x2=0x800032a4
        2045000	       105	80000192	88889337	lui	x6,0x88889	  x6=0x88889000
        2055000	       106	80000196	88830313	addi	x6,x6,-1912	  x6:0x88889000  x6=0x88888888
        2065000	       107	8000019a	911a	c.add	x2,x6	  x2:0x800032a4  x6:0x88888888  x2=0x0888bb2c
        2075000	       108	8000019c	00215113	srli	x2,x2,0x2	  x2:0x0888bb2c  x2=0x02222ecb
        2085000	       109	800001a0	3b811073	csrrw	x0,pmpaddr8,x2	  x2:0x02222ecb  x0=0x00000000
        2115000	       112	800001a4	00003117	auipc	x2,0x3	  x2=0x800031a4
        2125000	       113	800001a8	10010113	addi	x2,x2,256	  x2:0x800031a4  x2=0x800032a4
        2135000	       114	800001ac	9999a337	lui	x6,0x9999a	  x6=0x9999a000
        2145000	       115	800001b0	99930313	addi	x6,x6,-1639	  x6:0x9999a000  x6=0x99999999
        2155000	       116	800001b4	911a	c.add	x2,x6	  x2:0x800032a4  x6:0x99999999  x2=0x1999cc3d
        2165000	       117	800001b6	00215113	srli	x2,x2,0x2	  x2:0x1999cc3d  x2=0x0666730f
        2175000	       118	800001ba	3b911073	csrrw	x0,pmpaddr9,x2	  x2:0x0666730f  x0=0x00000000
        2205000	       121	800001be	00003117	auipc	x2,0x3	  x2=0x800031be
        2215000	       122	800001c2	0e610113	addi	x2,x2,230	  x2:0x800031be  x2=0x800032a4
        2225000	       123	800001c6	aaaab337	lui	x6,0xaaaab	  x6=0xaaaab000
        2235000	       124	800001ca	aaa30313	addi	x6,x6,-1366	  x6:0xaaaab000  x6=0xaaaaaaaa
        2245000	       125	800001ce	911a	c.add	x2,x6	  x2:0x800032a4  x6:0xaaaaaaaa  x2=0x2aaadd4e
        2255000	       126	800001d0	00215113	srli	x2,x2,0x2	  x2:0x2aaadd4e  x2=0x0aaab753
        2265000	       127	800001d4	3ba11073	csrrw	x0,pmpaddr10,x2	  x2:0x0aaab753  x0=0x00000000
        2295000	       130	800001d8	00003117	auipc	x2,0x3	  x2=0x800031d8
        2305000	       131	800001dc	0cc10113	addi	x2,x2,204	  x2:0x800031d8  x2=0x800032a4
        2315000	       132	800001e0	bbbbc337	lui	x6,0xbbbbc	  x6=0xbbbbc000
        2325000	       133	800001e4	bbb30313	addi	x6,x6,-1093	  x6:0xbbbbc000  x6=0xbbbbbbbb
        2335000	       134	800001e8	911a	c.add	x2,x6	  x2:0x800032a4  x6:0xbbbbbbbb  x2=0x3bbbee5f
        2345000	       135	800001ea	00215113	srli	x2,x2,0x2	  x2:0x3bbbee5f  x2=0x0eeefb97
        2355000	       136	800001ee	3bb11073	csrrw	x0,pmpaddr11,x2	  x2:0x0eeefb97  x0=0x00000000
        2385000	       139	800001f2	0f0f1137	lui	x2,0xf0f1	  x2=0x0f0f1000
        2395000	       140	800001f6	f0f10113	addi	x2,x2,-241	  x2:0x0f0f1000  x2=0x0f0f0f0f
        2405000	       141	800001fa	3a211073	csrrw	x0,pmpcfg2,x2	  x2:0x0f0f0f0f  x0=0x00000000
        2435000	       144	800001fe	00003117	auipc	x2,0x3	  x2=0x800031fe
        2445000	       145	80000202	0a610113	addi	x2,x2,166	  x2:0x800031fe  x2=0x800032a4
        2455000	       146	80000206	ccccd337	lui	x6,0xccccd	  x6=0xccccd000
        2465000	       147	8000020a	ccc30313	addi	x6,x6,-820	  x6:0xccccd000  x6=0xcccccccc
        2475000	       148	8000020e	911a	c.add	x2,x6	  x2:0x800032a4  x6:0xcccccccc  x2=0x4cccff70
        2485000	       149	80000210	00215113	srli	x2,x2,0x2	  x2:0x4cccff70  x2=0x13333fdc
        2495000	       150	80000214	3bc11073	csrrw	x0,pmpaddr12,x2	  x2:0x13333fdc  x0=0x00000000
        2525000	       153	80000218	00003117	auipc	x2,0x3	  x2=0x80003218
        2535000	       154	8000021c	08c10113	addi	x2,x2,140	  x2:0x80003218  x2=0x800032a4
        2545000	       155	80000220	dddde337	lui	x6,0xdddde	  x6=0xdddde000
        2555000	       156	80000224	ddd30313	addi	x6,x6,-547	  x6:0xdddde000  x6=0xdddddddd
        2565000	       157	80000228	911a	c.add	x2,x6	  x2:0x800032a4  x6:0xdddddddd  x2=0x5dde1081
        2575000	       158	8000022a	00215113	srli	x2,x2,0x2	  x2:0x5dde1081  x2=0x17778420
        2585000	       159	8000022e	3bd11073	csrrw	x0,pmpaddr13,x2	  x2:0x17778420  x0=0x00000000
        2615000	       162	80000232	00003117	auipc	x2,0x3	  x2=0x80003232
        2625000	       163	80000236	07210113	addi	x2,x2,114	  x2:0x80003232  x2=0x800032a4
        2635000	       164	8000023a	eeeef337	lui	x6,0xeeeef	  x6=0xeeeef000
        2645000	       165	8000023e	eee30313	addi	x6,x6,-274	  x6:0xeeeef000  x6=0xeeeeeeee
        2655000	       166	80000242	911a	c.add	x2,x6	  x2:0x800032a4  x6:0xeeeeeeee  x2=0x6eef2192
        2665000	       167	80000244	00215113	srli	x2,x2,0x2	  x2:0x6eef2192  x2=0x1bbbc864
        2675000	       168	80000248	3be11073	csrrw	x0,pmpaddr14,x2	  x2:0x1bbbc864  x0=0x00000000
        2705000	       171	8000024c	00003117	auipc	x2,0x3	  x2=0x8000324c
        2715000	       172	80000250	05810113	addi	x2,x2,88	  x2:0x8000324c  x2=0x800032a4
        2725000	       173	80000254	fff00313	addi	x6,x0,-1	  x0:0x00000000  x6=0xffffffff
        2735000	       174	80000258	911a	c.add	x2,x6	  x2:0x800032a4  x6:0xffffffff  x2=0x800032a3
        2745000	       175	8000025a	00215113	srli	x2,x2,0x2	  x2:0x800032a3  x2=0x20000ca8
        2755000	       176	8000025e	3bf11073	csrrw	x0,pmpaddr15,x2	  x2:0x20000ca8  x0=0x00000000
        2785000	       179	80000262	0f0f1137	lui	x2,0xf0f1	  x2=0x0f0f1000
        2795000	       180	80000266	f0f10113	addi	x2,x2,-241	  x2:0x0f0f1000  x2=0x0f0f0f0f
        2805000	       181	8000026a	3a311073	csrrw	x0,pmpcfg3,x2	  x2:0x0f0f0f0f  x0=0x00000000
        2835000	       184	8000026e	00000317	auipc	x6,0x0	  x6=0x8000026e
        2845000	       185	80000272	06030313	addi	x6,x6,96	  x6:0x8000026e  x6=0x800002ce
        2855000	       186	80000276	34131073	csrrw	x0,mepc,x6	  x6:0x800002ce  x0=0x00000000
        2865000	       187	8000027a	7c00d073	csrrwi	x0,0x7c0,1	  x0=0x00000000
        2895000	       190	8000027e	4301	c.li	x6,0	  x6=0x00000000
        2905000	       191	80000280	30031073	csrrw	x0,mstatus,x6	  x6:0x00000000  x0=0x00000000
        2935000	       194	80000284	4301	c.li	x6,0	  x6=0x00000000
        2945000	       195	80000286	30431073	csrrw	x0,mie,x6	  x6:0x00000000  x0=0x00000000
        2975000	       198	8000028a	90000a37	lui	x20,0x90000	 x20=0x90000000
        2985000	       199	8000028e	1a71	c.addi	x20,-4	 x20:0x90000000 x20=0x8ffffffc
        2995000	       200	80000290	90000a37	lui	x20,0x90000	 x20=0x90000000
        3005000	       201	80000294	1a71	c.addi	x20,-4	 x20:0x90000000 x20=0x8ffffffc
        3015000	       202	80000296	90000a37	lui	x20,0x90000	 x20=0x90000000
        3025000	       203	8000029a	1a71	c.addi	x20,-4	 x20:0x90000000 x20=0x8ffffffc
        3035000	       204	8000029c	30000313	addi	x6,x0,768	  x0:0x00000000  x6=0x00000300
        3045000	       205	800002a0	0322	c.slli	x6,0x8	  x6:0x00000300  x6=0x00030000
        3055000	       206	800002a2	030d	c.addi	x6,3	  x6:0x00030000  x6=0x00030003
        3065000	       207	800002a4	006a2023	sw	x6,0(x20)	 x20:0x8ffffffc  x6:0x00030003 PA:0x8ffffffc store:0x00030003 load:0x00000000
        3075000	       208	800002a8	30002373	csrrs	x6,mstatus,x0	  x0:0x00000000  x6=0x00000000
        3085000	       209	800002ac	006a2023	sw	x6,0(x20)	 x20:0x8ffffffc  x6:0x00000000 PA:0x8ffffffc store:0x00000000 load:0x00000000
        3095000	       210	800002b0	90000a37	lui	x20,0x90000	 x20=0x90000000
        3105000	       211	800002b4	1a71	c.addi	x20,-4	 x20:0x90000000 x20=0x8ffffffc
        3115000	       212	800002b6	30400313	addi	x6,x0,772	  x0:0x00000000  x6=0x00000304
        3125000	       213	800002ba	0322	c.slli	x6,0x8	  x6:0x00000304  x6=0x00030400
        3135000	       214	800002bc	030d	c.addi	x6,3	  x6:0x00030400  x6=0x00030403
        3145000	       215	800002be	006a2023	sw	x6,0(x20)	 x20:0x8ffffffc  x6:0x00030403 PA:0x8ffffffc store:0x00030403 load:0x00000000
        3155000	       216	800002c2	30402373	csrrs	x6,mie,x0	  x0:0x00000000  x6=0x00000000
        3165000	       217	800002c6	006a2023	sw	x6,0(x20)	 x20:0x8ffffffc  x6:0x00000000 PA:0x8ffffffc store:0x00000000 load:0x00000000
        3175000	       218	800002ca	30200073	mret	
        3215000	       222	800002ce	ff8b8037	lui	x0,0xff8b8	  x0=0x00000000
        3225000	       223	800002d2	10e00013	addi	x0,x0,270	  x0:0x00000000  x0=0x00000000
        3235000	       224	800002d6	7327d0b7	lui	x1,0x7327d	  x1=0x7327d000
        3245000	       225	800002da	ba008093	addi	x1,x1,-1120	  x1:0x7327d000  x1=0x7327cba0
        3255000	       226	800002de	f5e3a137	lui	x2,0xf5e3a	  x2=0xf5e3a000
        3265000	       227	800002e2	89510113	addi	x2,x2,-1899	  x2:0xf5e3a000  x2=0xf5e39895
        3275000	       228	800002e6	4181	c.li	x3,0	  x3=0x00000000
        3285000	       229	800002e8	6511b237	lui	x4,0x6511b	  x4=0x6511b000
        3295000	       230	800002ec	bba20213	addi	x4,x4,-1094	  x4:0x6511b000  x4=0x6511abba
        3305000	       231	800002f0	e2e872b7	lui	x5,0xe2e87	  x5=0xe2e87000
        3315000	       232	800002f4	5c428293	addi	x5,x5,1476	  x5:0xe2e87000  x5=0xe2e875c4
        3325000	       233	800002f8	4301	c.li	x6,0	  x6=0x00000000
        3335000	       234	800002fa	43a5	c.li	x7,9	  x7=0x00000009
        3345000	       235	800002fc	80000437	lui	x8,0x80000	  x8=0x80000000
        3355000	       236	80000300	f944e4b7	lui	x9,0xf944e	  x9=0xf944e000
        3365000	       237	80000304	20f48493	addi	x9,x9,527	  x9:0xf944e000  x9=0xf944e20f
        3375000	       238	80000308	4501	c.li	x10,0	 x10=0x00000000
        3385000	       239	8000030a	45a5	c.li	x11,9	 x11=0x00000009
        3395000	       240	8000030c	f0c556b7	lui	x13,0xf0c55	 x13=0xf0c55000
        3405000	       241	80000310	da468693	addi	x13,x13,-604	 x13:0xf0c55000 x13=0xf0c54da4
        3415000	       242	80000314	fd8fc7b7	lui	x15,0xfd8fc	 x15=0xfd8fc000
        3425000	       243	80000318	e7e78793	addi	x15,x15,-386	 x15:0xfd8fc000 x15=0xfd8fbe7e
        3435000	       244	8000031c	4801	c.li	x16,0	 x16=0x00000000
        3445000	       245	8000031e	651938b7	lui	x17,0x65193	 x17=0x65193000
        3455000	       246	80000322	5eb88893	addi	x17,x17,1515	 x17:0x65193000 x17=0x651935eb
        3465000	       247	80000326	4911	c.li	x18,4	 x18=0x00000004
        3475000	       248	80000328	800009b7	lui	x19,0x80000	 x19=0x80000000
        3485000	       249	8000032c	4a29	c.li	x20,10	 x20=0x0000000a
        3495000	       250	8000032e	ff2dfab7	lui	x21,0xff2df	 x21=0xff2df000
        3505000	       251	80000332	586a8a93	addi	x21,x21,1414	 x21:0xff2df000 x21=0xff2df586
        3515000	       252	80000336	80000b37	lui	x22,0x80000	 x22=0x80000000
        3525000	       253	8000033a	fa72bbb7	lui	x23,0xfa72b	 x23=0xfa72b000
        3535000	       254	8000033e	098b8b93	addi	x23,x23,152	 x23:0xfa72b000 x23=0xfa72b098
        3545000	       255	80000342	4c09	c.li	x24,2	 x24=0x00000002
        3555000	       256	80000344	4cb9	c.li	x25,14	 x25=0x0000000e
        3565000	       257	80000346	4d01	c.li	x26,0	 x26=0x00000000
        3575000	       258	80000348	4d81	c.li	x27,0	 x27=0x00000000
        3585000	       259	8000034a	4e35	c.li	x28,13	 x28=0x0000000d
        3595000	       260	8000034c	82ec1eb7	lui	x29,0x82ec1	 x29=0x82ec1000
        3605000	       261	80000350	cb0e8e93	addi	x29,x29,-848	 x29:0x82ec1000 x29=0x82ec0cb0
        3615000	       262	80000354	cac09f37	lui	x30,0xcac09	 x30=0xcac09000
        3625000	       263	80000358	9bdf0f13	addi	x30,x30,-1603	 x30:0xcac09000 x30=0xcac089bd
        3635000	       264	8000035c	80000fb7	lui	x31,0x80000	 x31=0x80000000
        3645000	       265	80000360	00049617	auipc	x12,0x49	 x12=0x80049360
        3655000	       266	80000364	b0460613	addi	x12,x12,-1276	 x12:0x80049360 x12=0x80048e64
        3665000	       267	80000368	90000a37	lui	x20,0x90000	 x20=0x90000000
        3675000	       268	8000036c	1a71	c.addi	x20,-4	 x20:0x90000000 x20=0x8ffffffc
        3685000	       269	8000036e	4301	c.li	x6,0	  x6=0x00000000
        3695000	       270	80000370	0322	c.slli	x6,0x8	  x6:0x00000000  x6=0x00000000
        3705000	       271	80000372	00030313	addi	x6,x6,0	  x6:0x00000000  x6=0x00000000
        3715000	       272	80000376	006a2023	sw	x6,0(x20)	 x20:0x8ffffffc  x6:0x00000000 PA:0x8ffffffc store:0x00000000 load:0x00000000
        3725000	       273	8000037a	72b0206f	jal	x0,800032a4	  x0=0x00000000
        3745000	       275	800032a4	0002f397	auipc	x7,0x2f	  x7=0x800322a4
        3755000	       276	800032a8	1c238393	addi	x7,x7,450	  x7:0x800322a4  x7=0x80032466
        3765000	       277	800032ac	4a72bb93	sltiu	x23,x5,1191	  x5:0xe2e875c4 x23=0x00000000
        3775000	       278	800032b0	8c09	c.sub	x8,x10	  x8:0x80000000 x10:0x00000000  x8=0x80000000
        3785000	       279	800032b2	004287b3	add	x15,x5,x4	  x5:0xe2e875c4  x4:0x6511abba x15=0x47fa217e
        3795000	       280	800032b6	0001	c.addi	x0,0	  x0:0x00000000  x0=0x00000000
        3805000	       281	800032b8	c2afb6b7	lui	x13,0xc2afb	 x13=0xc2afb000
        3815000	       282	800032bc	8b22	c.mv	x22,x8	  x0:0x00000000  x8:0x80000000 x22=0x80000000
        3825000	       283	800032be	ed638393	addi	x7,x7,-298	  x7:0x80032466  x7=0x8003233c
        3835000	       284	800032c2	0000100f	fence.i	
        3855000	       286	800032c6	8096	c.mv	x1,x5	  x0:0x00000000  x5:0xe2e875c4  x1=0xe2e875c4
        3865000	       287	800032c8	01120663	beq	x4,x17,800032d4	  x4:0x6511abba x17:0x651935eb
        3875000	       288	800032cc	00d99d33	sll	x26,x19,x13	 x19:0x80000000 x13:0xc2afb000 x26=0x80000000
        3885000	       289	800032d0	0000100f	fence.i	
        3905000	       291	800032d4	12b380e7	jalr	x1,299(x7)	  x7:0x8003233c  x1=0x800032d8
        3925000	       293	80032466	9a3a	c.add	x20,x14	 x20:0x8ffffffc x14:0x8004cce4 x20=0x1004cce0
        3935000	       294	80032468	0ff0000f	fence	iorw,iorw	
        3945000	       295	8003246c	016688b3	add	x17,x13,x22	 x13:0xc2afb000 x22:0x80000000 x17=0x42afb000
        3955000	       296	80032470	1641	c.addi	x12,-16	 x12:0x80048e64 x12=0x80048e54
        3965000	       297	80032472	0001	c.addi	x0,0	  x0:0x00000000  x0=0x00000000
        3975000	       298	80032474	00162223	sw	x1,4(x12)	 x12:0x80048e54  x1:0x800032d8 PA:0x80048e58 store:0x800032d8 load:0x00000000
        3985000	       299	80032478	cf3b8b17	auipc	x22,0xcf3b8	 x22=0x4f3ea478
        3995000	       300	8003247c	810d	c.srli	x10,0x3	 x10:0x00000000 x10=0x00000000
        4005000	       301	8003247e	0000100f	fence.i	
        4035000	       304	80032482	40bdd513	srai	x10,x27,0xb	 x27:0x00000000 x10=0x00000000
        4045000	       305	80032486	0e4a	c.slli	x28,0x12	 x28:0x0000000d x28=0x00340000
        4055000	       306	80032488	0001	c.addi	x0,0	  x0:0x00000000  x0=0x00000000
        4425000	       343	8003248a	031f60b3	rem	x1,x30,x17	 x30:0xcac089bd x17:0x42afb000  x1=0xcac089bd
        4435000	       344	8003248e	8cbd	c.xor	x9,x15	  x9:0xf944e20f x15:0x47fa217e  x9=0xbebec371
        4445000	       345	80032490	39aaf217	auipc	x4,0x39aaf	  x4=0xb9ae1490
        4455000	       346	80032494	0144e833	or	x16,x9,x20	  x9:0xbebec371 x20:0x1004cce0 x16=0xbebecff1
        4465000	       347	80032498	e591	c.bnez	x11,800324a4	 x11:0x00000009
        4485000	       349	800324a4	96bfc793	xori	x15,x31,-1685	 x31:0x80000000 x15=0x7ffff96b
        4495000	       350	800324a8	0001	c.addi	x0,0	  x0:0x00000000  x0=0x00000000
        4505000	       351	800324aa	00462083	lw	x1,4(x12)	 x12:0x80048e54  x1=0x800032d8 PA:0x80048e58 load:0x800032d8
        4515000	       352	800324ae	8d05	c.sub	x10,x9	 x10:0x00000000  x9:0xbebec371 x10=0x41413c8f
        4535000	       354	800324b0	037853b3	divu	x7,x16,x23	 x16:0xbebecff1 x23:0x00000000  x7=0xffffffff
        4545000	       355	800324b4	410bd9b3	sra	x19,x23,x16	 x23:0x00000000 x16:0xbebecff1 x19=0x00000000
        4555000	       356	800324b8	011c61b3	or	x3,x24,x17	 x24:0x00000002 x17:0x42afb000  x3=0x42afb002
        4565000	       357	800324bc	0641	c.addi	x12,16	 x12:0x80048e54 x12=0x80048e64
        4595000	       360	800324be	03a408b3	mul	x17,x8,x26	  x8:0x80000000 x26:0x80000000 x17=0x00000000
        4605000	       361	800324c2	8d31	c.xor	x10,x12	 x10:0x41413c8f x12:0x80048e64 x10=0xc145b2eb
        4615000	       362	800324c4	0043fa33	and	x20,x7,x4	  x7:0xffffffff  x4:0xb9ae1490 x20=0xb9ae1490
        4625000	       363	800324c8	00441313	slli	x6,x8,0x4	  x8:0x80000000  x6=0x00000000
        4635000	       364	800324cc	008ac233	xor	x4,x21,x8	 x21:0xff2df586  x8:0x80000000  x4=0x7f2df586
        4645000	       365	800324d0	00008213	addi	x4,x1,0	  x1:0x800032d8  x4=0x800032d8
        4655000	       366	800324d4	9202	c.jalr	x4	  x4:0x800032d8  x1=0x800324d6
        4675000	       368	800032d8	00002417	auipc	x8,0x2	  x8=0x800052d8
        4685000	       369	800032dc	2d040413	addi	x8,x8,720	  x8:0x800052d8  x8=0x800055a8
        4695000	       370	800032e0	00d3af33	slt	x30,x7,x13	  x7:0xffffffff x13:0xc2afb000 x30=0x00000000
        4705000	       371	800032e4	0006e0b3	or	x1,x13,x0	 x13:0xc2afb000  x0:0x00000000  x1=0xc2afb000
        4715000	       372	800032e8	012dd533	srl	x10,x27,x18	 x27:0x00000000 x18:0x00000004 x10=0x00000000
        4725000	       373	800032ec	0001	c.addi	x0,0	  x0:0x00000000  x0=0x00000000
        4735000	       374	800032ee	4c224e93	xori	x29,x4,1218	  x4:0x800032d8 x29=0x8000361a
        4745000	       375	800032f2	69fd	c.lui	x19,0x1f	 x19=0x0001f000
        4755000	       376	800032f4	f3b40413	addi	x8,x8,-197	  x8:0x800055a8  x8=0x800054e3
        4765000	       377	800032f8	0ff0000f	fence	iorw,iorw	
        4775000	       378	800032fc	9f6a	c.add	x30,x26	 x30:0x00000000 x26:0x80000000 x30=0x80000000
        4785000	       379	800032fe	0c5400e7	jalr	x1,197(x8)	  x8:0x800054e3  x1=0x80003302
        4805000	       381	800055a8	e881	c.bnez	x9,800055b8	  x9:0xbebec371
        4825000	       383	800055b8	fd460613	addi	x12,x12,-44	 x12:0x80048e64 x12=0x80048e38
        4835000	       384	800055bc	8d69	c.and	x10,x10	 x10:0x00000000 x10:0x00000000 x10=0x00000000
        4845000	       385	800055be	00162223	sw	x1,4(x12)	 x12:0x80048e38  x1:0x80003302 PA:0x80048e3c store:0x80003302 load:0x00000000
        5215000	       422	800055c2	025951b3	divu	x3,x18,x5	 x18:0x00000004  x5:0xe2e875c4  x3=0x00000000
        5225000	       423	800055c6	0003ca17	auipc	x20,0x3c	 x20=0x800415c6
        5235000	       424	800055ca	c26a0a13	addi	x20,x20,-986	 x20:0x800415c6 x20=0x800411ec
        5245000	       425	800055ce	a07a4983	lbu	x19,-1529(x20)	 x20:0x800411ec x19=0x000000a8 PA:0x80040bf3 load:0x000000a8
        5255000	       426	800055d2	e00c7b93	andi	x23,x24,-512	 x24:0x00000002 x23=0x00000000
        5285000	       429	800055d6	034d0033	mul	x0,x26,x20	 x26:0x80000000 x20:0x800411ec  x0=0x00000000
        5295000	       430	800055da	873a4803	lbu	x16,-1933(x20)	 x20:0x800411ec x16=0x00000014 PA:0x80040a5f load:0x00000014
        5305000	       431	800055de	f24a3793	sltiu	x15,x20,-220	 x20:0x800411ec x15=0x00000001
        5315000	       432	800055e2	5bfd	c.li	x23,-1	 x23=0xffffffff
        5325000	       433	800055e4	0ff0000f	fence	iorw,iorw	
        5335000	       434	800055e8	6a2a5383	lhu	x7,1698(x20)	 x20:0x800411ec  x7=0x00004445 PA:0x8004188e load:0x00004445
        5375000	       438	800055ec	034ba3b3	mulhsu	x7,x23,x20	 x23:0xffffffff x20:0x800411ec  x7=0xffffffff
        5385000	       439	800055f0	01cd25b3	slt	x11,x26,x28	 x26:0x80000000 x28:0x00340000 x11=0x00000001
        5395000	       440	800055f4	0001	c.addi	x0,0	  x0:0x00000000  x0=0x00000000
        5405000	       441	800055f6	534a06a3	sb	x20,1325(x20)	 x20:0x800411ec x20:0x800411ec PA:0x80041719 store:0x800411ec load:0x00000000
        5415000	       442	800055fa	406d0533	sub	x10,x26,x6	 x26:0x80000000  x6:0x00000000 x10=0x80000000
        5425000	       443	800055fe	19ffc093	xori	x1,x31,415	 x31:0x80000000  x1=0x8000019f
        5435000	       444	80005602	ca3a4d83	lbu	x27,-861(x20)	 x20:0x800411ec x27=0x00000044 PA:0x80040e8f load:0x00000044
        5445000	       445	80005606	c43a4e83	lbu	x29,-957(x20)	 x20:0x800411ec x29=0x000000e4 PA:0x80040e2f load:0x000000e4
        5455000	       446	8000560a	6c6a1683	lh	x13,1734(x20)	 x20:0x800411ec x13=0x00006869 PA:0x800418b2 load:0x00006869
        5465000	       447	8000560e	40fa4e03	lbu	x28,1039(x20)	 x20:0x800411ec x28=0x000000b0 PA:0x800415fb load:0x000000b0
        5475000	       448	80005612	ea1a4803	lbu	x16,-351(x20)	 x20:0x800411ec x16=0x00000046 PA:0x8004108d load:0x00000046
        5485000	       449	80005616	d15a0983	lb	x19,-747(x20)	 x20:0x800411ec x19=0xffffffba PA:0x80040f01 load:0xffffffba
        5495000	       450	8000561a	01ca1923	sh	x28,18(x20)	 x20:0x800411ec x28:0x000000b0 PA:0x800411fe store:0x000000b0 load:0x00000000
        5505000	       451	8000561e	8c35	c.xor	x8,x13	  x8:0x800054e3 x13:0x00006869  x8=0x80003c8a
        5515000	       452	80005620	8bb1	c.andi	x15,12	 x15:0x00000001 x15=0x00000000
        5525000	       453	80005622	01d83233	sltu	x4,x16,x29	 x16:0x00000046 x29:0x000000e4  x4=0x00000001
        5535000	       454	80005626	479a4683	lbu	x13,1145(x20)	 x20:0x800411ec x13=0x0000001e PA:0x80041665 load:0x0000001e
        5575000	       458	8000562a	03db2f33	mulhsu	x30,x22,x29	 x22:0x4f3ea478 x29:0x000000e4 x30=0x00000046
        5585000	       459	8000562e	8ce9	c.and	x9,x10	  x9:0xbebec371 x10:0x80000000  x9=0x80000000
        5595000	       460	80005630	dc5a0ba3	sb	x5,-553(x20)	 x20:0x800411ec  x5:0xe2e875c4 PA:0x80040fc3 store:0xe2e875c4 load:0x00000000
        5605000	       461	80005634	8e8a0383	lb	x7,-1816(x20)	 x20:0x800411ec  x7=0xffffff8f PA:0x80040ad4 load:0xffffff8f
        5615000	       462	80005638	8475	c.srai	x8,0x1d	  x8:0x80003c8a  x8=0xfffffffc
        5625000	       463	8000563a	01808f33	add	x30,x1,x24	  x1:0x8000019f x24:0x00000002 x30=0x800001a1
        5635000	       464	8000563e	e0ea1823	sh	x14,-496(x20)	 x20:0x800411ec x14:0x8004cce4 PA:0x80040ffc store:0x8004cce4 load:0x00000000
        5645000	       465	80005642	6699	c.lui	x13,0x6	 x13=0x00006000
        5655000	       466	80005644	83fe	c.mv	x7,x31	  x0:0x00000000 x31:0x80000000  x7=0x80000000
        6025000	       503	80005646	029b5b33	divu	x22,x22,x9	 x22:0x4f3ea478  x9:0x80000000 x22=0x00000000
        6035000	       504	8000564a	13ea06a3	sb	x30,301(x20)	 x20:0x800411ec x30:0x800001a1 PA:0x80041319 store:0x800001a1 load:0x00000000
        6045000	       505	8000564e	b15a4f03	lbu	x30,-1259(x20)	 x20:0x800411ec x30=0x000000ba PA:0x80040d01 load:0x000000ba
        6055000	       506	80005652	0000100f	fence.i	
        6075000	       508	80005656	8fe9	c.and	x15,x10	 x15:0x00000000 x10:0x80000000 x15=0x00000000
        6085000	       509	80005658	c7fa05a3	sb	x31,-917(x20)	 x20:0x800411ec x31:0x80000000 PA:0x80040e57 store:0x80000000 load:0x00000000
        6095000	       510	8000565c	e319a413	slti	x8,x19,-463	 x19:0xffffffba  x8=0x00000000
        6105000	       511	80005660	e4fa7537	lui	x10,0xe4fa7	 x10=0xe4fa7000
        6115000	       512	80005664	ba8a07a3	sb	x8,-1105(x20)	 x20:0x800411ec  x8:0x00000000 PA:0x80040d9b store:0x00000000 load:0x00000000
        6125000	       513	80005668	0002ed97	auipc	x27,0x2e	 x27=0x80033668
        6135000	       514	8000566c	21cd8d93	addi	x27,x27,540	 x27:0x80033668 x27=0x80033884
        6145000	       515	80005670	023d8ba3	sb	x3,55(x27)	 x27:0x80033884  x3:0x00000000 PA:0x800338bb store:0x00000000 load:0x00000000
        6185000	       519	80005674	0253abb3	mulhsu	x23,x7,x5	  x7:0x80000000  x5:0xe2e875c4 x23=0x8e8bc51e
        6195000	       520	80005678	037dcb83	lbu	x23,55(x27)	 x27:0x80033884 x23=0x00000000 PA:0x800338bb load:0x00000000
        6205000	       521	8000567c	037d8003	lb	x0,55(x27)	 x27:0x80033884  x0=0x00000000 PA:0x800338bb load:0x00000000
        6215000	       522	80005680	a2a0b293	sltiu	x5,x1,-1494	  x1:0x8000019f  x5=0x00000001
        6225000	       523	80005684	00499413	slli	x8,x19,0x4	 x19:0xffffffba  x8=0xfffffba0
        6235000	       524	80005688	37b93f13	sltiu	x30,x18,891	 x18:0x00000004 x30=0x00000001
        6245000	       525	8000568c	2a66a813	slti	x16,x13,678	 x13:0x00006000 x16=0x00000000
        6255000	       526	80005690	037d8e03	lb	x28,55(x27)	 x27:0x80033884 x28=0x00000000 PA:0x800338bb load:0x00000000
        6265000	       527	80005694	ff0daf03	lw	x30,-16(x27)	 x27:0x80033884 x30=0x2c2d2e2f PA:0x80033874 load:0x2c2d2e2f
        6275000	       528	80005698	ffdd8da3	sb	x29,-5(x27)	 x27:0x80033884 x29:0x000000e4 PA:0x8003387f store:0x000000e4 load:0x00000000
        6285000	       529	8000569c	0111f433	and	x8,x3,x17	  x3:0x00000000 x17:0x00000000  x8=0x00000000
        6295000	       530	800056a0	032d8a03	lb	x20,50(x27)	 x27:0x80033884 x20=0x0000006d PA:0x800338b6 load:0x0000006d
        6305000	       531	800056a4	ffeda623	sw	x30,-20(x27)	 x27:0x80033884 x30:0x2c2d2e2f PA:0x80033870 store:0x2c2d2e2f load:0x00000000
        6315000	       532	800056a8	0d004f37	lui	x30,0xd004	 x30=0x0d004000
        6325000	       533	800056ac	fecd9623	sh	x12,-20(x27)	 x27:0x80033884 x12:0x80048e38 PA:0x80033870 store:0x80048e38 load:0x00000000
        6335000	       534	800056b0	ffada623	sw	x26,-20(x27)	 x27:0x80033884 x26:0x80000000 PA:0x80033870 store:0x80000000 load:0x00000000
        6345000	       535	800056b4	fecd8003	lb	x0,-20(x27)	 x27:0x80033884  x0=0x00000000 PA:0x80033870 load:0x00000000
        6355000	       536	800056b8	fecd8e03	lb	x28,-20(x27)	 x27:0x80033884 x28=0x00000000 PA:0x80033870 load:0x00000000
        6365000	       537	800056bc	00ad8483	lb	x9,10(x27)	 x27:0x80033884  x9=0x00000045 PA:0x8003388e load:0x00000045
        6375000	       538	800056c0	022d8ea3	sb	x2,61(x27)	 x27:0x80033884  x2:0xf5e39895 PA:0x800338c1 store:0xf5e39895 load:0x00000000
        6385000	       539	800056c4	03dd8f83	lb	x31,61(x27)	 x27:0x80033884 x31=0xffffff95 PA:0x800338c1 load:0xffffff95
        6395000	       540	800056c8	fdcd8f03	lb	x30,-36(x27)	 x27:0x80033884 x30=0x0000001b PA:0x80033860 load:0x0000001b
        6405000	       541	800056cc	0002e217	auipc	x4,0x2e	  x4=0x800336cc
        6415000	       542	800056d0	dfd20213	addi	x4,x4,-515	  x4:0x800336cc  x4=0x800334c9
        6425000	       543	800056d4	d5420723	sb	x20,-690(x4)	  x4:0x800334c9 x20:0x0000006d PA:0x80033217 store:0x0000006d load:0x00000000
        6435000	       544	800056d8	0ff0000f	fence	iorw,iorw	
        6445000	       545	800056dc	07d20123	sb	x29,98(x4)	  x4:0x800334c9 x29:0x000000e4 PA:0x8003352b store:0x000000e4 load:0x00000000
        6455000	       546	800056e0	fbb20f03	lb	x30,-69(x4)	  x4:0x800334c9 x30=0x0000003f PA:0x80033484 load:0x0000003f
        6465000	       547	800056e4	4abd	c.li	x21,15	 x21=0x0000000f
        6475000	       548	800056e6	51624d03	lbu	x26,1302(x4)	  x4:0x800334c9 x26=0x00000094 PA:0x800339df load:0x00000094
        6515000	       552	800056ea	0350aeb3	mulhsu	x29,x1,x21	  x1:0x8000019f x21:0x0000000f x29=0xfffffff8
        6525000	       553	800056ee	d3a24303	lbu	x6,-710(x4)	  x4:0x800334c9  x6=0x000000b8 PA:0x80033203 load:0x000000b8
        6535000	       554	800056f2	16322a03	lw	x20,355(x4)	  x4:0x800334c9 x20=0xe4e5e6e7 PA:0x8003362c load:0xe4e5e6e7
        6545000	       555	800056f6	130200a3	sb	x16,289(x4)	  x4:0x800334c9 x16:0x00000000 PA:0x800335ea store:0x00000000 load:0x00000000
        6555000	       556	800056fa	8cd9	c.or	x9,x14	  x9:0x00000045 x14:0x8004cce4  x9=0x8004cce5
        6565000	       557	800056fc	645d	c.lui	x8,0x17	  x8=0x00017000
        6575000	       558	800056fe	0001	c.addi	x0,0	  x0:0x00000000  x0=0x00000000
        6585000	       559	80005700	55220423	sb	x18,1352(x4)	  x4:0x800334c9 x18:0x00000004 PA:0x80033a11 store:0x00000004 load:0x00000000
        6595000	       560	80005704	2ee213a3	sh	x14,743(x4)	  x4:0x800334c9 x14:0x8004cce4 PA:0x800337b0 store:0x8004cce4 load:0x00000000
        6605000	       561	80005708	f2c24983	lbu	x19,-212(x4)	  x4:0x800334c9 x19=0x000000ae PA:0x800333f5 load:0x000000ae
        6615000	       562	8000570c	d02216a3	sh	x2,-755(x4)	  x4:0x800334c9  x2:0xf5e39895 PA:0x800331d6 store:0xf5e39895 load:0x00000000
        6625000	       563	80005710	656d	c.lui	x10,0x1b	 x10=0x0001b000
        6635000	       564	80005712	3ac24a03	lbu	x20,940(x4)	  x4:0x800334c9 x20=0x0000002e PA:0x80033875 load:0x0000002e
        6645000	       565	80005716	02420483	lb	x9,36(x4)	  x4:0x800334c9  x9=0xffffffa6 PA:0x800334ed load:0xffffffa6
        6685000	       569	8000571a	03791f33	mulh	x30,x18,x23	 x18:0x00000004 x23:0x00000000 x30=0x00000000
        6695000	       570	8000571e	0174cfb3	xor	x31,x9,x23	  x9:0xffffffa6 x23:0x00000000 x31=0xffffffa6
        6705000	       571	80005722	00c61913	slli	x18,x12,0xc	 x12:0x80048e38 x18=0x48e38000
        6715000	       572	80005726	49b20a03	lb	x20,1179(x4)	  x4:0x800334c9 x20=0x0000001f PA:0x80033964 load:0x0000001f
        6725000	       573	8000572a	0001	c.addi	x0,0	  x0:0x00000000  x0=0x00000000
        6735000	       574	8000572c	61024383	lbu	x7,1552(x4)	  x4:0x800334c9  x7=0x00000092 PA:0x80033ad9 load:0x00000092
        6745000	       575	80005730	4cc21ca3	sh	x12,1241(x4)	  x4:0x800334c9 x12:0x80048e38 PA:0x800339a2 store:0x80048e38 load:0x00000000
        6755000	       576	80005734	34e20923	sb	x14,850(x4)	  x4:0x800334c9 x14:0x8004cce4 PA:0x8003381b store:0x8004cce4 load:0x00000000
        6765000	       577	80005738	8e85	c.sub	x13,x9	 x13:0x00006000  x9:0xffffffa6 x13=0x0000605a
        6775000	       578	8000573a	0dea	c.slli	x27,0x1a	 x27:0x80033884 x27=0x10000000
        6785000	       579	8000573c	d8820503	lb	x10,-632(x4)	  x4:0x800334c9 x10=0x0000000a PA:0x80033251 load:0x0000000a
        6805000	       581	80005740	02f1fbb3	remu	x23,x3,x15	  x3:0x00000000 x15:0x00000000 x23=0x00000000
        6815000	       582	80005744	898a	c.mv	x19,x2	  x0:0x00000000  x2:0xf5e39895 x19=0xf5e39895
        6825000	       583	80005746	24420883	lb	x17,580(x4)	  x4:0x800334c9 x17=0xffffffc6 PA:0x8003370d load:0xffffffc6
        6835000	       584	8000574a	c4e20a23	sb	x14,-940(x4)	  x4:0x800334c9 x14:0x8004cce4 PA:0x8003311d store:0x8004cce4 load:0x00000000
        6845000	       585	8000574e	07e20a03	lb	x20,126(x4)	  x4:0x800334c9 x20=0xfffffffc PA:0x80033547 load:0xfffffffc
        6855000	       586	80005752	60e24983	lbu	x19,1550(x4)	  x4:0x800334c9 x19=0x0000008c PA:0x80033ad7 load:0x0000008c
        6865000	       587	80005756	4d85	c.li	x27,1	 x27=0x00000001
        6875000	       588	80005758	73921503	lh	x10,1849(x4)	  x4:0x800334c9 x10=0xffffb8b9 PA:0x80033c02 load:0xffffb8b9
        6885000	       589	8000575c	0002fa17	auipc	x20,0x2f	 x20=0x8003475c
        6895000	       590	80005760	33ea0a13	addi	x20,x20,830	 x20:0x8003475c x20=0x80034a9a
        6905000	       591	80005764	03aa1a83	lh	x21,58(x20)	 x20:0x80034a9a x21=0xffff8e8f PA:0x80034ad4 load:0xffff8e8f
        6915000	       592	80005768	0001	c.addi	x0,0	  x0:0x00000000  x0=0x00000000
        6925000	       593	8000576a	00ffd493	srli	x9,x31,0xf	 x31:0xffffffa6  x9=0x0001ffff
        6935000	       594	8000576e	f576c813	xori	x16,x13,-169	 x13:0x0000605a x16=0xffff9f0d
        6945000	       595	80005772	8f25a593	slti	x11,x11,-1806	 x11:0x00000001 x11=0x00000000
        6955000	       596	80005776	00aa0ba3	sb	x10,23(x20)	 x20:0x80034a9a x10:0xffffb8b9 PA:0x80034ab1 store:0xffffb8b9 load:0x00000000
        6995000	       600	8000577a	03dd96b3	mulh	x13,x27,x29	 x27:0x00000001 x29:0xfffffff8 x13=0xffffffff
        7005000	       601	8000577e	8fc1	c.or	x15,x8	 x15:0x00000000  x8:0x00017000 x15=0x00017000
        7035000	       604	80005780	03f08bb3	mul	x23,x1,x31	  x1:0x8000019f x31:0xffffffa6 x23=0xffff6e1a
        7045000	       605	80005784	0000100f	fence.i	
        7065000	       607	80005788	ffda4f83	lbu	x31,-3(x20)	 x20:0x80034a9a x31=0x0000004c PA:0x80034a97 load:0x0000004c
        7075000	       608	8000578c	fe7a2b23	sw	x7,-10(x20)	 x20:0x80034a9a  x7:0x00000092 PA:0x80034a90 store:0x00000092 load:0x00000000
        7085000	       609	80005790	fc1a1e23	sh	x1,-36(x20)	 x20:0x80034a9a  x1:0x8000019f PA:0x80034a76 store:0x8000019f load:0x00000000
        7095000	       610	80005794	0015b433	sltu	x8,x11,x1	 x11:0x00000000  x1:0x8000019f  x8=0x00000001
        7105000	       611	80005798	416b5293	srai	x5,x22,0x16	 x22:0x00000000  x5=0x00000000
        7475000	       648	8000579c	03b879b3	remu	x19,x16,x27	 x16:0xffff9f0d x27:0x00000001 x19=0x00000000
        7485000	       649	800057a0	45ad	c.li	x11,11	 x11=0x0000000b
        7495000	       650	800057a2	fdea0e03	lb	x28,-34(x20)	 x20:0x80034a9a x28=0x00000033 PA:0x80034a78 load:0x00000033
        7505000	       651	800057a6	8dad	c.xor	x11,x11	 x11:0x0000000b x11:0x0000000b x11=0x00000000
        7515000	       652	800057a8	01479c93	slli	x25,x15,0x14	 x15:0x00017000 x25=0x00000000
        7525000	       653	800057ac	8fb9	c.xor	x15,x14	 x15:0x00017000 x14:0x8004cce4 x15=0x8005bce4
        7535000	       654	800057ae	747e8e13	addi	x28,x29,1863	 x29:0xfffffff8 x28=0x0000073f
        7545000	       655	800057b2	00961513	slli	x10,x12,0x9	 x12:0x80048e38 x10=0x091c7000
        7555000	       656	800057b6	03aa5083	lhu	x1,58(x20)	 x20:0x80034a9a  x1=0x00008e8f PA:0x80034ad4 load:0x00008e8f
        7565000	       657	800057ba	023a0383	lb	x7,35(x20)	 x20:0x80034a9a  x7=0x00000076 PA:0x80034abd load:0x00000076
        7935000	       694	800057be	034a6b33	rem	x22,x20,x20	 x20:0x80034a9a x20:0x80034a9a x22=0x00000000
        7945000	       695	800057c2	81f1	c.srli	x11,0x1c	 x11:0x00000000 x11=0x00000000
        7955000	       696	800057c4	035a4383	lbu	x7,53(x20)	 x20:0x80034a9a  x7=0x00000084 PA:0x80034acf load:0x00000084
        7965000	       697	800057c8	ff6a0723	sb	x22,-18(x20)	 x20:0x80034a9a x22:0x00000000 PA:0x80034a88 store:0x00000000 load:0x00000000
        7975000	       698	800057cc	82687213	andi	x4,x16,-2010	 x16:0xffff9f0d  x4=0xffff9804
        7985000	       699	800057d0	00ba0483	lb	x9,11(x20)	 x20:0x80034a9a  x9=0x0000005e PA:0x80034aa5 load:0x0000005e
        7995000	       700	800057d4	93b2	c.add	x7,x12	  x7:0x00000084 x12:0x80048e38  x7=0x80048ebc
        8005000	       701	800057d6	8d41	c.or	x10,x8	 x10:0x091c7000  x8:0x00000001 x10=0x091c7001
        8015000	       702	800057d8	03da0483	lb	x9,61(x20)	 x20:0x80034a9a  x9=0xffffff8c PA:0x80034ad7 load:0xffffff8c
        8025000	       703	800057dc	01cd5693	srli	x13,x26,0x1c	 x26:0x00000094 x13=0x00000000
        8035000	       704	800057e0	025a00a3	sb	x5,33(x20)	 x20:0x80034a9a  x5:0x00000000 PA:0x80034abb store:0x00000000 load:0x00000000
        8045000	       705	800057e4	fe2a5783	lhu	x15,-30(x20)	 x20:0x80034a9a x15=0x00003637 PA:0x80034a7c load:0x00003637
        8055000	       706	800057e8	fc2a2483	lw	x9,-62(x20)	 x20:0x80034a9a  x9=0x14151617 PA:0x80034a5c load:0x14151617
        8095000	       710	800057ec	022313b3	mulh	x7,x6,x2	  x6:0x000000b8  x2:0xf5e39895  x7=0xfffffff8
        8105000	       711	800057f0	00b3c7b3	xor	x15,x7,x11	  x7:0xfffffff8 x11:0x00000000 x15=0xfffffff8
        8475000	       748	800057f4	0290e9b3	rem	x19,x1,x9	  x1:0x00008e8f  x9:0x14151617 x19=0x00008e8f
        8485000	       749	800057f8	ff9a0a83	lb	x21,-7(x20)	 x20:0x80034a9a x21=0x00000000 PA:0x80034a93 load:0x00000000
        8495000	       750	800057fc	fcca01a3	sb	x12,-61(x20)	 x20:0x80034a9a x12:0x80048e38 PA:0x80034a5d store:0x80048e38 load:0x00000000
        8505000	       751	80005800	ffda0e83	lb	x29,-3(x20)	 x20:0x80034a9a x29=0x0000004c PA:0x80034a97 load:0x0000004c
        8515000	       752	80005804	40935d93	srai	x27,x6,0x9	  x6:0x000000b8 x27=0x00000000
        8545000	       755	80005808	032d04b3	mul	x9,x26,x18	 x26:0x00000094 x18:0x48e38000  x9=0x23860000
        8555000	       756	8000580c	fe6a4203	lbu	x4,-26(x20)	 x20:0x80034a9a  x4=0x0000003b PA:0x80034a80 load:0x0000003b
        8565000	       757	80005810	0002fc17	auipc	x24,0x2f	 x24=0x80034810
        8575000	       758	80005814	838c0c13	addi	x24,x24,-1992	 x24:0x80034810 x24=0x80034048
        8585000	       759	80005818	184e79b7	lui	x19,0x184e7	 x19=0x184e7000
        8595000	       760	8000581c	9c4e	c.add	x24,x19	 x24:0x80034048 x19:0x184e7000 x24=0x9851b048
        8605000	       761	8000581e	ac0c09a3	sb	x0,-1325(x24)	 x24:0x9851b048  x0:0x00000000 PA:0x9851ab1b store:0x00000000 load:0x00000000
        8615000	       762	80005822	b42c1623	sh	x2,-1204(x24)	 x24:0x9851b048  x2:0xf5e39895 PA:0x9851ab94 store:0xf5e39895 load:0x00000000
        8625000	       763	80005826	ba3c0ea3	sb	x3,-1091(x24)	 x24:0x9851b048  x3:0x00000000 PA:0x9851ac05 store:0x00000000 load:0x00000000
        8635000	       764	8000582a	0e4c01a3	sb	x4,227(x24)	 x24:0x9851b048  x4:0x0000003b PA:0x9851b12b store:0x0000003b load:0x00000000
        8645000	       765	8000582e	9a5c0323	sb	x5,-1626(x24)	 x24:0x9851b048  x5:0x00000000 PA:0x9851a9ee store:0x00000000 load:0x00000000
        8655000	       766	80005832	0e6c0aa3	sb	x6,245(x24)	 x24:0x9851b048  x6:0x000000b8 PA:0x9851b13d store:0x000000b8 load:0x00000000
        8665000	       767	80005836	0113efb3	or	x31,x7,x17	  x7:0xfffffff8 x17:0xffffffc6 x31=0xfffffffe
        8675000	       768	8000583a	84bd	c.srai	x9,0xf	  x9:0x23860000  x9=0x0000470c
        8685000	       769	8000583c	ad3c4483	lbu	x9,-1325(x24)	 x24:0x9851b048  x9=0x00000000 PA:0x9851ab1b load:0x00000000
        8695000	       770	80005840	dddc08a3	sb	x29,-559(x24)	 x24:0x9851b048 x29:0x0000004c PA:0x9851ae19 store:0x0000004c load:0x00000000
        8705000	       771	80005844	77b5ed13	ori	x26,x11,1915	 x11:0x00000000 x26=0x0000077b
        8715000	       772	80005848	b4cc1183	lh	x3,-1204(x24)	 x24:0x9851b048  x3=0xffff9895 PA:0x9851ab94 load:0xffff9895
        8725000	       773	8000584c	bbdc4883	lbu	x17,-1091(x24)	 x24:0x9851b048 x17=0x00000000 PA:0x9851ac05 load:0x00000000
        8735000	       774	80005850	0e3c0283	lb	x5,227(x24)	 x24:0x9851b048  x5=0x0000003b PA:0x9851b12b load:0x0000003b
        8775000	       778	80005854	038b15b3	mulh	x11,x22,x24	 x22:0x00000000 x24:0x9851b048 x11=0x00000000
        8785000	       779	80005858	9a6c4783	lbu	x15,-1626(x24)	 x24:0x9851b048 x15=0x00000000 PA:0x9851a9ee load:0x00000000
        8795000	       780	8000585c	aee94d13	xori	x26,x18,-1298	 x18:0x48e38000 x26=0xb71c7aee
        8805000	       781	80005860	0f5c4f03	lbu	x30,245(x24)	 x24:0x9851b048 x30=0x000000b8 PA:0x9851b13d load:0x000000b8
        8815000	       782	80005864	0003bc97	auipc	x25,0x3b	 x25=0x80040864
        8825000	       783	80005868	539c8c93	addi	x25,x25,1337	 x25:0x80040864 x25=0x80040d9d
        8835000	       784	8000586c	432c8b83	lb	x23,1074(x25)	 x25:0x80040d9d x23=0xffffff84 PA:0x800411cf load:0xffffff84
        8845000	       785	80005870	436c8923	sb	x22,1074(x25)	 x25:0x80040d9d x22:0x00000000 PA:0x800411cf store:0x00000000 load:0x00000000
        8855000	       786	80005874	43dc8923	sb	x29,1074(x25)	 x25:0x80040d9d x29:0x0000004c PA:0x800411cf store:0x0000004c load:0x00000000
        8865000	       787	80005878	432c8883	lb	x17,1074(x25)	 x25:0x80040d9d x17=0x0000004c PA:0x800411cf load:0x0000004c
        8875000	       788	8000587c	dc0c8883	lb	x17,-576(x25)	 x25:0x80040d9d x17=0x00000016 PA:0x80040b5d load:0x00000016
        8885000	       789	80005880	dc9c8023	sb	x9,-576(x25)	 x25:0x80040d9d  x9:0x00000000 PA:0x80040b5d store:0x00000000 load:0x00000000
        8895000	       790	80005884	bc7c8e83	lb	x29,-1081(x25)	 x25:0x80040d9d x29=0x0000001f PA:0x80040964 load:0x0000001f
        8905000	       791	80005888	4dfcc783	lbu	x15,1247(x25)	 x25:0x80040d9d x15=0x00000037 PA:0x8004127c load:0x00000037
        8915000	       792	8000588c	41185e13	srai	x28,x16,0x11	 x16:0xffff9f0d x28=0xffffffff
        8925000	       793	80005890	4c1c8fa3	sb	x1,1247(x25)	 x25:0x80040d9d  x1:0x00008e8f PA:0x8004127c store:0x00008e8f load:0x00000000
        8935000	       794	80005894	4dfc9d03	lh	x26,1247(x25)	 x25:0x80040d9d x26=0x0000368f PA:0x8004127c load:0x0000368f
        8945000	       795	80005898	4cbc8fa3	sb	x11,1247(x25)	 x25:0x80040d9d x11:0x00000000 PA:0x8004127c store:0x00000000 load:0x00000000
        8955000	       796	8000589c	0002d317	auipc	x6,0x2d	  x6=0x8003289c
        8965000	       797	800058a0	7ac30313	addi	x6,x6,1964	  x6:0x8003289c  x6=0x80033048
        8975000	       798	800058a4	181413b7	lui	x7,0x18141	  x7=0x18141000
        8985000	       799	800058a8	931e	c.add	x6,x7	  x6:0x80033048  x7:0x18141000  x6=0x98174048
        8995000	       800	800058aa	52031623	sh	x0,1324(x6)	  x6:0x98174048  x0:0x00000000 PA:0x98174574 store:0x00000000 load:0x00000000
        9005000	       801	800058ae	4a231323	sh	x2,1190(x6)	  x6:0x98174048  x2:0xf5e39895 PA:0x981744ee store:0xf5e39895 load:0x00000000
        9015000	       802	800058b2	fa330da3	sb	x3,-69(x6)	  x6:0x98174048  x3:0xffff9895 PA:0x98174003 store:0xffff9895 load:0x00000000
        9025000	       803	800058b6	de431423	sh	x4,-536(x6)	  x6:0x98174048  x4:0x0000003b PA:0x98173e30 store:0x0000003b load:0x00000000
        9035000	       804	800058ba	5b7d	c.li	x22,-1	 x22=0xffffffff
        9045000	       805	800058bc	52c31083	lh	x1,1324(x6)	  x6:0x98174048  x1=0x00000000 PA:0x98174574 load:0x00000000
        9055000	       806	800058c0	416dd933	sra	x18,x27,x22	 x27:0x00000000 x22:0xffffffff x18=0x00000000
        9065000	       807	800058c4	7bbe0813	addi	x16,x28,1979	 x28:0xffffffff x16=0x000007ba
        9435000	       844	800058c8	03f2f1b3	remu	x3,x5,x31	  x5:0x0000003b x31:0xfffffffe  x3=0x0000003b
        9805000	       881	800058cc	03ec5f33	divu	x30,x24,x30	 x24:0x9851b048 x30:0x000000b8 x30=0x00d3ec16
        9815000	       882	800058d0	41e257b3	sra	x15,x4,x30	  x4:0x0000003b x30:0x00d3ec16 x15=0x00000000
        9825000	       883	800058d4	db1305a3	sb	x17,-597(x6)	  x6:0x98174048 x17:0x00000016 PA:0x98173df3 store:0x00000016 load:0x00000000
        9835000	       884	800058d8	4a631b83	lh	x23,1190(x6)	  x6:0x98174048 x23=0xffff9895 PA:0x981744ee load:0xffff9895
        9855000	       886	800058dc	02d04ab3	div	x21,x0,x13	  x0:0x00000000 x13:0x00000000 x21=0xffffffff
        9865000	       887	800058e0	fbb34b83	lbu	x23,-69(x6)	  x6:0x98174048 x23=0x00000095 PA:0x98174003 load:0x00000095
        9875000	       888	800058e4	de831a83	lh	x21,-536(x6)	  x6:0x98174048 x21=0x0000003b PA:0x98173e30 load:0x0000003b
        9885000	       889	800058e8	2cd30ea3	sb	x13,733(x6)	  x6:0x98174048 x13:0x00000000 PA:0x98174325 store:0x00000000 load:0x00000000
        9895000	       890	800058ec	0128adb3	slt	x27,x17,x18	 x17:0x00000016 x18:0x00000000 x27=0x00000000
        9905000	       891	800058f0	00894233	xor	x4,x18,x8	 x18:0x00000000  x8:0x00000001  x4=0x00000001
       10275000	       928	800058f4	038f6b33	rem	x22,x30,x24	 x30:0x00d3ec16 x24:0x9851b048 x22=0x00d3ec16
       10285000	       929	800058f8	cea31723	sh	x10,-786(x6)	  x6:0x98174048 x10:0x091c7001 PA:0x98173d36 store:0x091c7001 load:0x00000000
       10295000	       930	800058fc	0002e897	auipc	x17,0x2e	 x17=0x800338fc
       10305000	       931	80005900	13788893	addi	x17,x17,311	 x17:0x800338fc x17=0x80033a33
       10315000	       932	80005904	0058d483	lhu	x9,5(x17)	 x17:0x80033a33  x9=0x0000f2f3 PA:0x80033a38 load:0x0000f2f3
       10325000	       933	80005908	0028c283	lbu	x5,2(x17)	 x17:0x80033a33  x5=0x000000ee PA:0x80033a35 load:0x000000ee
       10335000	       934	8000590c	0ff0000f	fence	iorw,iorw	
       10345000	       935	80005910	00388483	lb	x9,3(x17)	 x17:0x80033a33  x9=0xffffffed PA:0x80033a36 load:0xffffffed
       10355000	       936	80005914	00a88583	lb	x11,10(x17)	 x17:0x80033a33 x11=0xfffffff6 PA:0x80033a3d load:0xfffffff6
       10365000	       937	80005918	0000100f	fence.i	
       10385000	       939	8000591c	009897a3	sh	x9,15(x17)	 x17:0x80033a33  x9:0xffffffed PA:0x80033a42 store:0xffffffed load:0x00000000
       10755000	       976	80005920	03c1e0b3	rem	x1,x3,x28	  x3:0x0000003b x28:0xffffffff  x1=0x00000000
       10765000	       977	80005924	00088f83	lb	x31,0(x17)	 x17:0x80033a33 x31=0xffffffe8 PA:0x80033a33 load:0xffffffe8
       10775000	       978	80005928	00488c03	lb	x24,4(x17)	 x17:0x80033a33 x24=0xffffffec PA:0x80033a37 load:0xffffffec
       10785000	       979	8000592c	ff589f83	lh	x31,-11(x17)	 x17:0x80033a33 x31=0xffffe2e3 PA:0x80033a28 load:0xffffe2e3
       10795000	       980	80005930	ff8899a3	sh	x24,-13(x17)	 x17:0x80033a33 x24:0xffffffec PA:0x80033a26 store:0xffffffec load:0x00000000
       10805000	       981	80005934	ff988e83	lb	x29,-7(x17)	 x17:0x80033a33 x29=0xffffffe7 PA:0x80033a2c load:0xffffffe7
       10815000	       982	80005938	00801413	slli	x8,x0,0x8	  x0:0x00000000  x8=0x00000000
       10825000	       983	8000593c	ff488383	lb	x7,-12(x17)	 x17:0x80033a33  x7=0xffffffff PA:0x80033a27 load:0xffffffff
       10835000	       984	80005940	01365e13	srli	x28,x12,0x13	 x12:0x80048e38 x28=0x00001000
       10845000	       985	80005944	ff288f83	lb	x31,-14(x17)	 x17:0x80033a33 x31=0xffffffde PA:0x80033a25 load:0xffffffde
       10855000	       986	80005948	8c89	c.sub	x9,x10	  x9:0xffffffed x10:0x091c7001  x9=0xf6e38fec
       10865000	       987	8000594a	ff989e83	lh	x29,-7(x17)	 x17:0x80033a33 x29=0xffffe6e7 PA:0x80033a2c load:0xffffe6e7
       10875000	       988	8000594e	003b0bb3	add	x23,x22,x3	 x22:0x00d3ec16  x3:0x0000003b x23=0x00d3ec51
       10885000	       989	80005952	fe688a23	sb	x6,-12(x17)	 x17:0x80033a33  x6:0x98174048 PA:0x80033a27 store:0x98174048 load:0x00000000
       10895000	       990	80005956	4e95	c.li	x29,5	 x29=0x00000005
       10905000	       991	80005958	0d3e	c.slli	x26,0xf	 x26:0x0000368f x26=0x1b478000
       10915000	       992	8000595a	0098ab83	lw	x23,9(x17)	 x17:0x80033a33 x23=0xf4f5f6f7 PA:0x80033a3c load:0xf4f5f6f7
       11285000	      1029	8000595e	03eb7e33	remu	x28,x22,x30	 x22:0x00d3ec16 x30:0x00d3ec16 x28=0x00000000
       11295000	      1030	80005962	0068cb03	lbu	x22,6(x17)	 x17:0x80033a33 x22=0x000000f2 PA:0x80033a39 load:0x000000f2
       11305000	      1031	80005966	00688503	lb	x10,6(x17)	 x17:0x80033a33 x10=0xfffffff2 PA:0x80033a39 load:0xfffffff2
       11315000	      1032	8000596a	0916	c.slli	x18,0x5	 x18:0x00000000 x18=0x00000000
       11325000	      1033	8000596c	9eb02f13	slti	x30,x0,-1557	  x0:0x00000000 x30=0x00000000
       11335000	      1034	80005970	ff9889a3	sb	x25,-13(x17)	 x17:0x80033a33 x25:0x80040d9d PA:0x80033a26 store:0x80040d9d load:0x00000000
       11375000	      1038	80005974	031426b3	mulhsu	x13,x8,x17	  x8:0x00000000 x17:0x80033a33 x13=0x00000000
       11385000	      1039	80005978	00a8c483	lbu	x9,10(x17)	 x17:0x80033a33  x9=0x000000f6 PA:0x80033a3d load:0x000000f6
       11395000	      1040	8000597c	ff088c03	lb	x24,-16(x17)	 x17:0x80033a33 x24=0xffffffd8 PA:0x80033a23 load:0xffffffd8
       11405000	      1041	80005980	feb88a23	sb	x11,-12(x17)	 x17:0x80033a33 x11:0xfffffff6 PA:0x80033a27 store:0xfffffff6 load:0x00000000
       11425000	      1043	80005984	03226c33	rem	x24,x4,x18	  x4:0x00000001 x18:0x00000000 x24=0x00000001
       11435000	      1044	80005988	012886a3	sb	x18,13(x17)	 x17:0x80033a33 x18:0x00000000 PA:0x80033a40 store:0x00000000 load:0x00000000
       11445000	      1045	8000598c	ff989d83	lh	x27,-7(x17)	 x17:0x80033a33 x27=0xffffe6e7 PA:0x80033a2c load:0xffffe6e7
       11455000	      1046	80005990	00488c03	lb	x24,4(x17)	 x17:0x80033a33 x24=0xffffffec PA:0x80033a37 load:0xffffffec
       11465000	      1047	80005994	003895a3	sh	x3,11(x17)	 x17:0x80033a33  x3:0x0000003b PA:0x80033a3e store:0x0000003b load:0x00000000
       11475000	      1048	80005998	00038d97	auipc	x27,0x38	 x27=0x8003d998
       11485000	      1049	8000599c	47cd8d93	addi	x27,x27,1148	 x27:0x8003d998 x27=0x8003de14
       11495000	      1050	800059a0	fcddc083	lbu	x1,-51(x27)	 x27:0x8003de14  x1=0x0000009a PA:0x8003dde1 load:0x0000009a
       11505000	      1051	800059a4	00818533	add	x10,x3,x8	  x3:0x0000003b  x8:0x00000000 x10=0x0000003b
       11515000	      1052	800059a8	fddd8203	lb	x4,-35(x27)	 x27:0x8003de14  x4=0xffffffaa PA:0x8003ddf1 load:0xffffffaa
       11535000	      1054	800059ac	fc4d8ea3	sb	x4,-35(x27)	 x27:0x8003de14  x4:0xffffffaa PA:0x8003ddf1 store:0xffffffaa load:0x00000000
       11545000	      1055	800059b0	fccd8ea3	sb	x12,-35(x27)	 x27:0x8003de14 x12:0x80048e38 PA:0x8003ddf1 store:0x80048e38 load:0x00000000
       11555000	      1056	800059b4	fecd9483	lh	x9,-20(x27)	 x27:0x8003de14  x9=0xffffbabb PA:0x8003de00 load:0xffffbabb
       11565000	      1057	800059b8	010d8523	sb	x16,10(x27)	 x27:0x8003de14 x16:0x000007ba PA:0x8003de1e store:0x000007ba load:0x00000000
       11575000	      1058	800059bc	0001	c.addi	x0,0	  x0:0x00000000  x0=0x00000000
       11615000	      1062	800059be	0314bcb3	mulhu	x25,x9,x17	  x9:0xffffbabb x17:0x80033a33 x25=0x8003178f
       11625000	      1063	800059c2	018dcb83	lbu	x23,24(x27)	 x27:0x8003de14 x23=0x000000e7 PA:0x8003de2c load:0x000000e7
       11635000	      1064	800059c6	018dd303	lhu	x6,24(x27)	 x27:0x8003de14  x6=0x0000e6e7 PA:0x8003de2c load:0x0000e6e7
       11645000	      1065	800059ca	fe5d89a3	sb	x5,-13(x27)	 x27:0x8003de14  x5:0x000000ee PA:0x8003de07 store:0x000000ee load:0x00000000
       11655000	      1066	800059ce	02cdce03	lbu	x28,44(x27)	 x27:0x8003de14 x28=0x000000fb PA:0x8003de40 load:0x000000fb
       11665000	      1067	800059d2	fdad8323	sb	x26,-58(x27)	 x27:0x8003de14 x26:0x1b478000 PA:0x8003ddda store:0x1b478000 load:0x00000000
       11675000	      1068	800059d6	00bd8b23	sb	x11,22(x27)	 x27:0x8003de14 x11:0xfffffff6 PA:0x8003de2a store:0xfffffff6 load:0x00000000
       11685000	      1069	800059da	016d9983	lh	x19,22(x27)	 x27:0x8003de14 x19=0xffffe0f6 PA:0x8003de2a load:0xffffe0f6
       11695000	      1070	800059de	fe5dc003	lbu	x0,-27(x27)	 x27:0x8003de14  x0=0x00000000 PA:0x8003ddf9 load:0x000000b2
       11705000	      1071	800059e2	fc9d8e03	lb	x28,-55(x27)	 x27:0x8003de14 x28=0xffffff96 PA:0x8003dddd load:0xffffff96
       11715000	      1072	800059e6	00035417	auipc	x8,0x35	  x8=0x8003a9e6
       11725000	      1073	800059ea	05940413	addi	x8,x8,89	  x8:0x8003a9e6  x8=0x8003aa3f
       11735000	      1074	800059ee	01240503	lb	x10,18(x8)	  x8:0x8003aa3f x10=0x0000000a PA:0x8003aa51 load:0x0000000a
       11745000	      1075	800059f2	0002ed17	auipc	x26,0x2e	 x26=0x800339f2
       11755000	      1076	800059f6	42ed0d13	addi	x26,x26,1070	 x26:0x800339f2 x26=0x80033e20
       11765000	      1077	800059fa	fd444f83	lbu	x31,-44(x8)	  x8:0x8003aa3f x31=0x000000c8 PA:0x8003aa13 load:0x000000c8
       11775000	      1078	800059fe	00fd4a83	lbu	x21,15(x26)	 x26:0x80033e20 x21=0x000000e4 PA:0x80033e2f load:0x000000e4
       11785000	      1079	80005a02	004d1223	sh	x4,4(x26)	 x26:0x80033e20  x4:0xffffffaa PA:0x80033e24 store:0xffffffaa load:0x00000000
       11795000	      1080	80005a06	fc240283	lb	x5,-62(x8)	  x8:0x8003aa3f  x5=0xffffffba PA:0x8003aa01 load:0xffffffba
       11805000	      1081	80005a0a	fffd4e83	lbu	x29,-1(x26)	 x26:0x80033e20 x29=0x000000d4 PA:0x80033e1f load:0x000000d4
       11815000	      1082	80005a0e	fc444f03	lbu	x30,-60(x8)	  x8:0x8003aa3f x30=0x000000b8 PA:0x8003aa03 load:0x000000b8
       11825000	      1083	80005a12	005414a3	sh	x5,9(x8)	  x8:0x8003aa3f  x5:0xffffffba PA:0x8003aa48 store:0xffffffba load:0x00000000
       11835000	      1084	80005a16	ff745083	lhu	x1,-9(x8)	  x8:0x8003aa3f  x1=0x0000eced PA:0x8003aa36 load:0x0000eced
       11845000	      1085	80005a1a	fe440903	lb	x18,-28(x8)	  x8:0x8003aa3f x18=0xffffffd8 PA:0x8003aa23 load:0xffffffd8
       11855000	      1086	80005a1e	fd940183	lb	x3,-39(x8)	  x8:0x8003aa3f  x3=0xffffffd3 PA:0x8003aa18 load:0xffffffd3
       11865000	      1087	80005a22	00ed0123	sb	x14,2(x26)	 x26:0x80033e20 x14:0x8004cce4 PA:0x80033e22 store:0x8004cce4 load:0x00000000
       11875000	      1088	80005a26	ffdd0e83	lb	x29,-3(x26)	 x26:0x80033e20 x29=0xffffffd6 PA:0x80033e1d load:0xffffffd6
       11885000	      1089	80005a2a	00840a83	lb	x21,8(x8)	  x8:0x8003aa3f x21=0xfffffffc PA:0x8003aa47 load:0xfffffffc
       11895000	      1090	80005a2e	0003ee97	auipc	x29,0x3e	 x29=0x80043a2e
       11905000	      1091	80005a32	eb4e8e93	addi	x29,x29,-332	 x29:0x80043a2e x29=0x800438e2
       11915000	      1092	80005a36	5d7d	c.li	x26,-1	 x26=0xffffffff
       11925000	      1093	80005a38	f8be87a3	sb	x11,-113(x29)	 x29:0x800438e2 x11:0xfffffff6 PA:0x80043871 store:0xfffffff6 load:0x00000000
       11935000	      1094	80005a3c	f3ae8323	sb	x26,-218(x29)	 x29:0x800438e2 x26:0xffffffff PA:0x80043808 store:0xffffffff load:0x00000000
       11945000	      1095	80005a40	fbfec083	lbu	x1,-65(x29)	 x29:0x800438e2  x1=0x0000005a PA:0x800438a1 load:0x0000005a
       11955000	      1096	80005a44	780ccb93	xori	x23,x25,1920	 x25:0x8003178f x23=0x8003100f
       11965000	      1097	80005a48	8d81	c.sub	x11,x8	 x11:0xfffffff6  x8:0x8003aa3f x11=0x7ffc55b7
       11975000	      1098	80005a4a	fd6ecb83	lbu	x23,-42(x29)	 x29:0x800438e2 x23=0x00000073 PA:0x800438b8 load:0x00000073
       11985000	      1099	80005a4e	0d5eca83	lbu	x21,213(x29)	 x29:0x800438e2 x21=0x0000006c PA:0x800439b7 load:0x0000006c
       11995000	      1100	80005a52	0a9e8b03	lb	x22,169(x29)	 x29:0x800438e2 x22=0x00000040 PA:0x8004398b load:0x00000040
       12005000	      1101	80005a56	fb7e8523	sb	x23,-86(x29)	 x29:0x800438e2 x23:0x00000073 PA:0x8004388c store:0x00000073 load:0x00000000
       12015000	      1102	80005a5a	011ecf83	lbu	x31,17(x29)	 x29:0x800438e2 x31=0x000000a8 PA:0x800438f3 load:0x000000a8
       12025000	      1103	80005a5e	5f258317	auipc	x6,0x5f258	  x6=0xdf25da5e
       12035000	      1104	80005a62	929c3593	sltiu	x11,x24,-1751	 x24:0xffffffec x11=0x00000000
       12045000	      1105	80005a66	069ecd83	lbu	x27,105(x29)	 x29:0x800438e2 x27=0x00000000 PA:0x8004394b load:0x00000000
       12055000	      1106	80005a6a	0f2e8803	lb	x16,242(x29)	 x29:0x800438e2 x16=0xffffff8f PA:0x800439d4 load:0xffffff8f
       12095000	      1110	80005a6e	039e97b3	mulh	x15,x29,x25	 x29:0x800438e2 x25:0x8003178f x15=0x3ffc57d4
       12105000	      1111	80005a72	8886	c.mv	x17,x1	  x0:0x00000000  x1:0x0000005a x17=0x0000005a
       12115000	      1112	80005a74	f13eca83	lbu	x21,-237(x29)	 x29:0x800438e2 x21=0x000000ae PA:0x800437f5 load:0x000000ae
       12125000	      1113	80005a78	b9b63093	sltiu	x1,x12,-1125	 x12:0x80048e38  x1=0x00000001
       12135000	      1114	80005a7c	0199d413	srli	x8,x19,0x19	 x19:0xffffe0f6  x8=0x0000007f
       12145000	      1115	80005a80	04022c13	slti	x24,x4,64	  x4:0xffffffaa x24=0x00000001
       12155000	      1116	80005a84	f31e8d83	lb	x27,-207(x29)	 x29:0x800438e2 x27=0xffffffc8 PA:0x80043813 load:0xffffffc8
       12165000	      1117	80005a88	62cd	c.lui	x5,0x13	  x5=0x00013000
       12175000	      1118	80005a8a	fe9ec783	lbu	x15,-23(x29)	 x29:0x800438e2 x15=0x00000080 PA:0x800438cb load:0x00000080
       12185000	      1119	80005a8e	0001	c.addi	x0,0	  x0:0x00000000  x0=0x00000000
       12195000	      1120	80005a90	8efd	c.and	x13,x15	 x13:0x00000000 x15:0x00000080 x13=0x00000000
       12205000	      1121	80005a92	01be89a3	sb	x27,19(x29)	 x29:0x800438e2 x27:0xffffffc8 PA:0x800438f5 store:0xffffffc8 load:0x00000000
       12215000	      1122	80005a96	86b5	c.srai	x13,0xd	 x13:0x00000000 x13=0x00000000
       12225000	      1123	80005a98	3f3c3b97	auipc	x23,0x3f3c3	 x23=0xbf3c8a98
       12235000	      1124	80005a9c	6d2cfe13	andi	x28,x25,1746	 x25:0x8003178f x28=0x00000682
       12245000	      1125	80005aa0	0a6e8aa3	sb	x6,181(x29)	 x29:0x800438e2  x6:0xdf25da5e PA:0x80043997 store:0xdf25da5e load:0x00000000
       12255000	      1126	80005aa4	01385813	srli	x16,x16,0x13	 x16:0xffffff8f x16=0x00001fff
       12265000	      1127	80005aa8	fdccf813	andi	x16,x25,-36	 x25:0x8003178f x16=0x8003178c
       12275000	      1128	80005aac	093e9c23	sh	x19,152(x29)	 x29:0x800438e2 x19:0xffffe0f6 PA:0x8004397a store:0xffffe0f6 load:0x00000000
       12285000	      1129	80005ab0	0d4e8b03	lb	x22,212(x29)	 x29:0x800438e2 x22=0x0000006d PA:0x800439b6 load:0x0000006d
       12295000	      1130	80005ab4	1a7d	c.addi	x20,-1	 x20:0x80034a9a x20=0x80034a99
       12305000	      1131	80005ab6	8d59	c.or	x10,x14	 x10:0x0000000a x14:0x8004cce4 x10=0x8004ccee
       12315000	      1132	80005ab8	f9fec983	lbu	x19,-97(x29)	 x29:0x800438e2 x19=0x0000003a PA:0x80043881 load:0x0000003a
       12325000	      1133	80005abc	096eaf23	sw	x22,158(x29)	 x29:0x800438e2 x22:0x0000006d PA:0x80043980 store:0x0000006d load:0x00000000
       12335000	      1134	80005ac0	01fce033	or	x0,x25,x31	 x25:0x8003178f x31:0x000000a8  x0=0x00000000
       12345000	      1135	80005ac4	07d5	c.addi	x15,21	 x15:0x00000080 x15=0x00000095
       12355000	      1136	80005ac6	0a4ed783	lhu	x15,164(x29)	 x29:0x800438e2 x15=0x00003c3d PA:0x80043986 load:0x00003c3d
       12365000	      1137	80005aca	f37e8d03	lb	x26,-201(x29)	 x29:0x800438e2 x26=0xffffffd2 PA:0x80043819 load:0xffffffd2
       12375000	      1138	80005ace	01964233	xor	x4,x12,x25	 x12:0x80048e38 x25:0x8003178f  x4=0x000799b7
       12385000	      1139	80005ad2	f8cedc83	lhu	x25,-116(x29)	 x29:0x800438e2 x25=0x00002425 PA:0x8004386e load:0x00002425
       12405000	      1141	80005ad6	01dcdb13	srli	x22,x25,0x1d	 x25:0x00002425 x22=0x00000000
       12415000	      1142	80005ada	ff9e8c23	sb	x25,-8(x29)	 x29:0x800438e2 x25:0x00002425 PA:0x800438da store:0x00002425 load:0x00000000
       12425000	      1143	80005ade	e375bc97	auipc	x25,0xe375b	 x25=0x63760ade
       12465000	      1147	80005ae2	037d3833	mulhu	x16,x26,x23	 x26:0xffffffd2 x23:0xbf3c8a98 x16=0xbf3c8a75
       12475000	      1148	80005ae6	0a6eaa83	lw	x21,166(x29)	 x29:0x800438e2 x21=0x40414243 PA:0x80043988 load:0x40414243
       12485000	      1149	80005aea	f9bec783	lbu	x15,-101(x29)	 x29:0x800438e2 x15=0x00000036 PA:0x8004387d load:0x00000036
       12495000	      1150	80005aee	41a75f93	srai	x31,x14,0x1a	 x14:0x8004cce4 x31=0xffffffe0
       12505000	      1151	80005af2	07fe8083	lb	x1,127(x29)	 x29:0x800438e2  x1=0x0000001a PA:0x80043961 load:0x0000001a
       12515000	      1152	80005af6	8385	c.srli	x15,0x1	 x15:0x00000036 x15=0x0000001b
       12525000	      1153	80005af8	8115	c.srli	x10,0x5	 x10:0x8004ccee x10=0x04002667
       12535000	      1154	80005afa	41b1d9b3	sra	x19,x3,x27	  x3:0xffffffd3 x27:0xffffffc8 x19=0xffffffff
       12545000	      1155	80005afe	f98e8783	lb	x15,-104(x29)	 x29:0x800438e2 x15=0x00000031 PA:0x8004387a load:0x00000031
       12555000	      1156	80005b02	0003a997	auipc	x19,0x3a	 x19=0x8003fb02
       12565000	      1157	80005b06	82b98993	addi	x19,x19,-2005	 x19:0x8003fb02 x19=0x8003f32d
       12575000	      1158	80005b0a	9c098b83	lb	x23,-1600(x19)	 x19:0x8003f32d x23=0xffffffa6 PA:0x8003eced load:0xffffffa6
       12585000	      1159	80005b0e	9ce98023	sb	x14,-1600(x19)	 x19:0x8003f32d x14:0x8004cce4 PA:0x8003eced store:0x8004cce4 load:0x00000000
       12595000	      1160	80005b12	9c098b03	lb	x22,-1600(x19)	 x19:0x8003f32d x22=0xffffffe4 PA:0x8003eced load:0xffffffe4
       12605000	      1161	80005b16	b7790893	addi	x17,x18,-1161	 x18:0xffffffd8 x17=0xfffffb4f
       12975000	      1198	80005b1a	030ee333	rem	x6,x29,x16	 x29:0x800438e2 x16:0xbf3c8a75  x6=0xc0c7ae6d
       12985000	      1199	80005b1e	e9e10093	addi	x1,x2,-354	  x2:0xf5e39895  x1=0xf5e39733
       12995000	      1200	80005b22	9c098083	lb	x1,-1600(x19)	 x19:0x8003f32d  x1=0xffffffe4 PA:0x8003eced load:0xffffffe4
       13005000	      1201	80005b26	162994a3	sh	x2,361(x19)	 x19:0x8003f32d  x2:0xf5e39895 PA:0x8003f496 store:0xf5e39895 load:0x00000000
       13015000	      1202	80005b2a	940a	c.add	x8,x2	  x8:0x0000007f  x2:0xf5e39895  x8=0xf5e39914
       13025000	      1203	80005b2c	1699d883	lhu	x17,361(x19)	 x19:0x8003f32d x17=0x00009895 PA:0x8003f496 load:0x00009895
       13035000	      1204	80005b30	16a984a3	sb	x10,361(x19)	 x19:0x8003f32d x10:0x04002667 PA:0x8003f496 store:0x04002667 load:0x00000000
       13045000	      1205	80005b34	16999b03	lh	x22,361(x19)	 x19:0x8003f32d x22=0xffff9867 PA:0x8003f496 load:0xffff9867
       13055000	      1206	80005b38	8c8d	c.sub	x9,x11	  x9:0xffffbabb x11:0x00000000  x9=0xffffbabb
       13065000	      1207	80005b3a	041e	c.slli	x8,0x7	  x8:0xf5e39914  x8=0xf1cc8a00
       13435000	      1244	80005b3c	037d6fb3	rem	x31,x26,x23	 x26:0xffffffd2 x23:0xffffffa6 x31=0xffffffd2
       13445000	      1245	80005b40	b3498283	lb	x5,-1228(x19)	 x19:0x8003f32d  x5=0x0000001a PA:0x8003ee61 load:0x0000001a
       13455000	      1246	80005b44	7ff9a203	lw	x4,2047(x19)	 x19:0x8003f32d  x4=0xe4e5e6e7 PA:0x8003fb2c load:0xe4e5e6e7
       13465000	      1247	80005b48	f4399a03	lh	x20,-189(x19)	 x19:0x8003f32d x20=0x00002a2b PA:0x8003f270 load:0x00002a2b
       13475000	      1248	80005b4c	f45991a3	sh	x5,-189(x19)	 x19:0x8003f32d  x5:0x0000001a PA:0x8003f270 store:0x0000001a load:0x00000000
       13485000	      1249	80005b50	f439a903	lw	x18,-189(x19)	 x19:0x8003f32d x18=0x2829001a PA:0x8003f270 load:0x2829001a
       13495000	      1250	80005b54	0002ed17	auipc	x26,0x2e	 x26=0x80033b54
       13505000	      1251	80005b58	5d3d0d13	addi	x26,x26,1491	 x26:0x80033b54 x26=0x80034127
       13515000	      1252	80005b5c	0002e317	auipc	x6,0x2e	  x6=0x80033b5c
       13525000	      1253	80005b60	e2a30313	addi	x6,x6,-470	  x6:0x80033b5c  x6=0x80033986
       13535000	      1254	80005b64	69dd5e03	lhu	x28,1693(x26)	 x26:0x80034127 x28=0x00007e7f PA:0x800347c4 load:0x00007e7f
       13545000	      1255	80005b68	f0b30b03	lb	x22,-245(x6)	  x6:0x80033986 x22=0x0000004a PA:0x80033891 load:0x0000004a
       13555000	      1256	80005b6c	599d1d83	lh	x27,1433(x26)	 x26:0x80034127 x27=0x00007a7b PA:0x800346c0 load:0x00007a7b
       13565000	      1257	80005b70	741d5583	lhu	x11,1857(x26)	 x26:0x80034127 x11=0x00002223 PA:0x80034868 load:0x00002223
       13575000	      1258	80005b74	07230ea3	sb	x18,125(x6)	  x6:0x80033986 x18:0x2829001a PA:0x80033a03 store:0x2829001a load:0x00000000
       13585000	      1259	80005b78	0bdd1c83	lh	x25,189(x26)	 x26:0x80034127 x25=0xffff9e9f PA:0x800341e4 load:0xffff9e9f
       13595000	      1260	80005b7c	a1e303a3	sb	x30,-1529(x6)	  x6:0x80033986 x30:0x000000b8 PA:0x8003338d store:0x000000b8 load:0x00000000
       13605000	      1261	80005b80	1f9d1da3	sh	x25,507(x26)	 x26:0x80034127 x25:0xffff9e9f PA:0x80034322 store:0xffff9e9f load:0x00000000
       13615000	      1262	80005b84	e6c31a23	sh	x12,-396(x6)	  x6:0x80033986 x12:0x80048e38 PA:0x800337fa store:0x80048e38 load:0x00000000
       13625000	      1263	80005b88	0a4d0a83	lb	x21,164(x26)	 x26:0x80034127 x21=0xffffff80 PA:0x800341cb load:0xffffff80
       13635000	      1264	80005b8c	4d130803	lb	x16,1233(x6)	  x6:0x80033986 x16=0x0000000c PA:0x80033e57 load:0x0000000c
       13645000	      1265	80005b90	446d4b03	lbu	x22,1094(x26)	 x26:0x80034127 x22=0x00000026 PA:0x8003456d load:0x00000026
       13655000	      1266	80005b94	ac530903	lb	x18,-1339(x6)	  x6:0x80033986 x18=0x00000000 PA:0x8003344b load:0x00000000
       13665000	      1267	80005b98	418d0b83	lb	x23,1048(x26)	 x26:0x80034127 x23=0xfffffff4 PA:0x8003453f load:0xfffffff4
       13675000	      1268	80005b9c	f0831b83	lh	x23,-248(x6)	  x6:0x80033986 x23=0x00004445 PA:0x8003388e load:0x00004445
       13685000	      1269	80005ba0	fa6d1ba3	sh	x6,-73(x26)	 x26:0x80034127  x6:0x80033986 PA:0x800340de store:0x80033986 load:0x00000000
       13695000	      1270	80005ba4	1cdd5783	lhu	x15,461(x26)	 x26:0x80034127 x15=0x0000aeaf PA:0x800342f4 load:0x0000aeaf
       13705000	      1271	80005ba8	dab31423	sh	x11,-600(x6)	  x6:0x80033986 x11:0x00002223 PA:0x8003372e store:0x00002223 load:0x00000000
       13715000	      1272	80005bac	0002e697	auipc	x13,0x2e	 x13=0x80033bac
       13725000	      1273	80005bb0	37068693	addi	x13,x13,880	 x13:0x80033bac x13=0x80033f1c
       13735000	      1274	80005bb4	0246dd03	lhu	x26,36(x13)	 x13:0x80033f1c x26=0x0000fafb PA:0x80033f40 load:0x0000fafb
       13745000	      1275	80005bb8	0003c217	auipc	x4,0x3c	  x4=0x80041bb8
       13755000	      1276	80005bbc	c4720213	addi	x4,x4,-953	  x4:0x80041bb8  x4=0x800417ff
       13765000	      1277	80005bc0	00620ca3	sb	x6,25(x4)	  x4:0x800417ff  x6:0x80033986 PA:0x80041818 store:0x80033986 load:0x00000000
       13775000	      1278	80005bc4	fd168803	lb	x16,-47(x13)	 x13:0x80033f1c x16=0xffffffa6 PA:0x80033eed load:0xffffffa6
       13785000	      1279	80005bc8	fca686a3	sb	x10,-51(x13)	 x13:0x80033f1c x10:0x04002667 PA:0x80033ee9 store:0x04002667 load:0x00000000
       13795000	      1280	80005bcc	00e211a3	sh	x14,3(x4)	  x4:0x800417ff x14:0x8004cce4 PA:0x80041802 store:0x8004cce4 load:0x00000000
       13805000	      1281	80005bd0	00125b83	lhu	x23,1(x4)	  x4:0x800417ff x23=0x0000babb PA:0x80041800 load:0x0000babb
       13815000	      1282	80005bd4	00020783	lb	x15,0(x4)	  x4:0x800417ff x15=0xffffffb4 PA:0x800417ff load:0xffffffb4
       13825000	      1283	80005bd8	fc968e83	lb	x29,-55(x13)	 x13:0x80033f1c x29=0xffffff9e PA:0x80033ee5 load:0xffffff9e
       13835000	      1284	80005bdc	feb68e83	lb	x29,-21(x13)	 x13:0x80033f1c x29=0xffffffbc PA:0x80033f07 load:0xffffffbc
       13845000	      1285	80005be0	02725c03	lhu	x24,39(x4)	  x4:0x800417ff x24=0x0000dcdd PA:0x80041826 load:0x0000dcdd
       13865000	      1287	80005be4	01820f23	sb	x24,30(x4)	  x4:0x800417ff x24:0x0000dcdd PA:0x8004181d store:0x0000dcdd load:0x00000000
       13875000	      1288	80005be8	03b24303	lbu	x6,59(x4)	  x4:0x800417ff  x6=0x000000f1 PA:0x8004183a load:0x000000f1
       13885000	      1289	80005bec	fc020fa3	sb	x0,-33(x4)	  x4:0x800417ff  x0:0x00000000 PA:0x800417de store:0x00000000 load:0x00000000
       13895000	      1290	80005bf0	fd16c003	lbu	x0,-47(x13)	 x13:0x80033f1c  x0=0x00000000 PA:0x80033eed load:0x000000a6
       13905000	      1291	80005bf4	fdc68a83	lb	x21,-36(x13)	 x13:0x80033f1c x21=0xffffffb3 PA:0x80033ef8 load:0xffffffb3
       13915000	      1292	80005bf8	fed22ea3	sw	x13,-3(x4)	  x4:0x800417ff x13:0x80033f1c PA:0x800417fc store:0x80033f1c load:0x00000000
       13925000	      1293	80005bfc	0002e997	auipc	x19,0x2e	 x19=0x80033bfc
       13935000	      1294	80005c00	42398993	addi	x19,x19,1059	 x19:0x80033bfc x19=0x8003401f
       14305000	      1331	80005c04	02c55233	divu	x4,x10,x12	 x10:0x04002667 x12:0x80048e38  x4=0x00000000
       14315000	      1332	80005c08	585fe6b7	lui	x13,0x585fe	 x13=0x585fe000
       14325000	      1333	80005c0c	81e5	c.srli	x11,0x19	 x11:0x00002223 x11=0x00000000
       14335000	      1334	80005c0e	ffd9a4a3	sw	x29,-23(x19)	 x19:0x8003401f x29:0xffffffbc PA:0x80034008 store:0xffffffbc load:0x00000000
       14375000	      1338	80005c12	03eba433	mulhsu	x8,x23,x30	 x23:0x0000babb x30:0x000000b8  x8=0x00000000
       14385000	      1339	80005c16	02098203	lb	x4,32(x19)	 x19:0x8003401f  x4=0xfffffff4 PA:0x8003403f load:0xfffffff4
       14395000	      1340	80005c1a	01435293	srli	x5,x6,0x14	  x6:0x000000f1  x5=0x00000000
       14405000	      1341	80005c1e	fdf98723	sb	x31,-50(x19)	 x19:0x8003401f x31:0xffffffd2 PA:0x80033fed store:0xffffffd2 load:0x00000000
       14415000	      1342	80005c22	8555	c.srai	x10,0x15	 x10:0x04002667 x10=0x00000020
       14425000	      1343	80005c24	95b2	c.add	x11,x12	 x11:0x00000000 x12:0x80048e38 x11=0x80048e38
       14435000	      1344	80005c26	84cd	c.srai	x9,0x13	  x9:0xffffbabb  x9=0xffffffff
       14445000	      1345	80005c28	77b0f313	andi	x6,x1,1915	  x1:0xffffffe4  x6=0x00000760
       14455000	      1346	80005c2c	fe79db83	lhu	x23,-25(x19)	 x19:0x8003401f x23=0x0000bcbd PA:0x80034006 load:0x0000bcbd
       14465000	      1347	80005c30	02098f83	lb	x31,32(x19)	 x19:0x8003401f x31=0xfffffff4 PA:0x8003403f load:0xfffffff4
       14475000	      1348	80005c34	011725b3	slt	x11,x14,x17	 x14:0x8004cce4 x17:0x00009895 x11=0x00000001
       14485000	      1349	80005c38	0099d883	lhu	x17,9(x19)	 x19:0x8003401f x17=0x0000e2e3 PA:0x80034028 load:0x0000e2e3
       14495000	      1350	80005c3c	02398e03	lb	x28,35(x19)	 x19:0x8003401f x28=0xfffffff9 PA:0x80034042 load:0xfffffff9
       14505000	      1351	80005c40	00098c03	lb	x24,0(x19)	 x19:0x8003401f x24=0xffffffd4 PA:0x8003401f load:0xffffffd4
       14515000	      1352	80005c44	fc7986a3	sb	x7,-51(x19)	 x19:0x8003401f  x7:0xffffffff PA:0x80033fec store:0xffffffff load:0x00000000
       14525000	      1353	80005c48	0289cd03	lbu	x26,40(x19)	 x19:0x8003401f x26=0x000000fc PA:0x80034047 load:0x000000fc
       14535000	      1354	80005c4c	025a	c.slli	x4,0x16	  x4:0xfffffff4  x4=0xfd000000
       14545000	      1355	80005c4e	03298223	sb	x18,36(x19)	 x19:0x8003401f x18:0x00000000 PA:0x80034043 store:0x00000000 load:0x00000000
       14555000	      1356	80005c52	005240b3	xor	x1,x4,x5	  x4:0xfd000000  x5:0x00000000  x1=0xfd000000
       14565000	      1357	80005c56	004617b3	sll	x15,x12,x4	 x12:0x80048e38  x4:0xfd000000 x15=0x80048e38
       14935000	      1394	80005c5a	030252b3	divu	x5,x4,x16	  x4:0xfd000000 x16:0xffffffa6  x5=0x00000000
       14945000	      1395	80005c5e	01a998a3	sh	x26,17(x19)	 x19:0x8003401f x26:0x000000fc PA:0x80034030 store:0x000000fc load:0x00000000
       14955000	      1396	80005c62	01e98223	sb	x30,4(x19)	 x19:0x8003401f x30:0x000000b8 PA:0x80034023 store:0x000000b8 load:0x00000000
       14965000	      1397	80005c66	01321033	sll	x0,x4,x19	  x4:0xfd000000 x19:0x8003401f  x0=0x00000000
       15005000	      1401	80005c6a	037c1d33	mulh	x26,x24,x23	 x24:0xffffffd4 x23:0x0000bcbd x26=0xffffffff
       15015000	      1402	80005c6e	fcb9c183	lbu	x3,-53(x19)	 x19:0x8003401f  x3=0x000000a1 PA:0x80033fea load:0x000000a1
       15025000	      1403	80005c72	ff99a803	lw	x16,-7(x19)	 x19:0x8003401f x16=0xd0d1d2d3 PA:0x80034018 load:0xd0d1d2d3
       15035000	      1404	80005c76	98ae	c.add	x17,x11	 x17:0x0000e2e3 x11:0x00000001 x17=0x0000e2e4
       15045000	      1405	80005c78	0219c503	lbu	x10,33(x19)	 x19:0x8003401f x10=0x000000fb PA:0x80034040 load:0x000000fb
       15055000	      1406	80005c7c	00e9c383	lbu	x7,14(x19)	 x19:0x8003401f  x7=0x000000e6 PA:0x8003402d load:0x000000e6
       15065000	      1407	80005c80	fd399a03	lh	x20,-45(x19)	 x19:0x8003401f x20=0xffffa8a9 PA:0x80033ff2 load:0xffffa8a9
       15075000	      1408	80005c84	8f5e	c.mv	x30,x23	  x0:0x00000000 x23:0x0000bcbd x30=0x0000bcbd
       15115000	      1412	80005c86	03e49533	mulh	x10,x9,x30	  x9:0xffffffff x30:0x0000bcbd x10=0xffffffff
       15125000	      1413	80005c8a	8ea1	c.xor	x13,x8	 x13:0x585fe000  x8:0x00000000 x13=0x585fe000
       15145000	      1415	80005c8c	0202dbb3	divu	x23,x5,x0	  x5:0x00000000  x0:0x00000000 x23=0xffffffff
       15155000	      1416	80005c90	fdf9d183	lhu	x3,-33(x19)	 x19:0x8003401f  x3=0x0000b4b5 PA:0x80033ffe load:0x0000b4b5
       15165000	      1417	80005c94	01a99aa3	sh	x26,21(x19)	 x19:0x8003401f x26:0xffffffff PA:0x80034034 store:0xffffffff load:0x00000000
       15175000	      1418	80005c98	fcb99383	lh	x7,-53(x19)	 x19:0x8003401f  x7=0xffffa0a1 PA:0x80033fea load:0xffffa0a1
       15185000	      1419	80005c9c	8529	c.srai	x10,0xa	 x10:0xffffffff x10=0xffffffff
       15555000	      1456	80005c9e	022ddd33	divu	x26,x27,x2	 x27:0x00007a7b  x2:0xf5e39895 x26=0x00000000
       15565000	      1457	80005ca2	0ff0000f	fence	iorw,iorw	
       15575000	      1458	80005ca6	fc598123	sb	x5,-62(x19)	 x19:0x8003401f  x5:0x00000000 PA:0x80033fe1 store:0x00000000 load:0x00000000
       15585000	      1459	80005caa	00821793	slli	x15,x4,0x8	  x4:0xfd000000 x15=0x00000000
       15595000	      1460	80005cae	00b78233	add	x4,x15,x11	 x15:0x00000000 x11:0x00000001  x4=0x00000001
       15605000	      1461	80005cb2	01c9c903	lbu	x18,28(x19)	 x19:0x8003401f x18=0x000000f0 PA:0x8003403b load:0x000000f0
       15615000	      1462	80005cb6	018a1e13	slli	x28,x20,0x18	 x20:0xffffa8a9 x28=0xa9000000
       15625000	      1463	80005cba	fd298083	lb	x1,-46(x19)	 x19:0x8003401f  x1=0xffffffaa PA:0x80033ff1 load:0xffffffaa
       15635000	      1464	80005cbe	0003e217	auipc	x4,0x3e	  x4=0x80043cbe
       15645000	      1465	80005cc2	33f20213	addi	x4,x4,831	  x4:0x80043cbe  x4=0x80043ffd
       15655000	      1466	80005cc6	6efd	c.lui	x29,0x1f	 x29=0x0001f000
       15685000	      1469	80005cc8	031e87b3	mul	x15,x29,x17	 x29:0x0001f000 x17:0x0000e2e4 x15=0xb799c000
       15695000	      1470	80005ccc	0ff0000f	fence	iorw,iorw	
       15705000	      1471	80005cd0	03420923	sb	x20,50(x4)	  x4:0x80043ffd x20:0xffffa8a9 PA:0x8004402f store:0xffffa8a9 load:0x00000000
       15715000	      1472	80005cd4	fea212a3	sh	x10,-27(x4)	  x4:0x80043ffd x10:0xffffffff PA:0x80043fe2 store:0xffffffff load:0x00000000
       15725000	      1473	80005cd8	8ae1	c.andi	x13,24	 x13:0x585fe000 x13=0x00000000
       15735000	      1474	80005cda	02624303	lbu	x6,38(x4)	  x4:0x80043ffd  x6=0x000000d8 PA:0x80044023 load:0x000000d8
       15745000	      1475	80005cde	fbc67413	andi	x8,x12,-68	 x12:0x80048e38  x8=0x80048e38
       15755000	      1476	80005ce2	ff820e03	lb	x28,-8(x4)	  x4:0x80043ffd x28=0xffffffae PA:0x80043ff5 load:0xffffffae
       15765000	      1477	80005ce6	01a934b3	sltu	x9,x18,x26	 x18:0x000000f0 x26:0x00000000  x9=0x00000000
       15775000	      1478	80005cea	00e24683	lbu	x13,14(x4)	  x4:0x80043ffd x13=0x000000c0 PA:0x8004400b load:0x000000c0
       15785000	      1479	80005cee	039221a3	sw	x25,35(x4)	  x4:0x80043ffd x25:0xffff9e9f PA:0x80044020 store:0xffff9e9f load:0x00000000
       15795000	      1480	80005cf2	40d85033	sra	x0,x16,x13	 x16:0xd0d1d2d3 x13:0x000000c0  x0=0x00000000
       15805000	      1481	80005cf6	ff620fa3	sb	x22,-1(x4)	  x4:0x80043ffd x22:0x00000026 PA:0x80043ffc store:0x00000026 load:0x00000000
       15815000	      1482	80005cfa	00121383	lh	x7,1(x4)	  x4:0x80043ffd  x7=0xffffb4b5 PA:0x80043ffe load:0xffffb4b5
       15825000	      1483	80005cfe	987d	c.andi	x8,-1	  x8:0x80048e38  x8=0x80048e38
       15835000	      1484	80005d00	01daa0b3	slt	x1,x21,x29	 x21:0xffffffb3 x29:0x0001f000  x1=0x00000001
       15845000	      1485	80005d04	fd620a23	sb	x22,-44(x4)	  x4:0x80043ffd x22:0x00000026 PA:0x80043fd1 store:0x00000026 load:0x00000000
       15855000	      1486	80005d08	01e74bb3	xor	x23,x14,x30	 x14:0x8004cce4 x30:0x0000bcbd x23=0x80047059
       15895000	      1490	80005d0c	026ca5b3	mulhsu	x11,x25,x6	 x25:0xffff9e9f  x6:0x000000d8 x11=0xffffffff
       15905000	      1491	80005d10	fd9225a3	sw	x25,-53(x4)	  x4:0x80043ffd x25:0xffff9e9f PA:0x80043fc8 store:0xffff9e9f load:0x00000000
       15915000	      1492	80005d14	02224f03	lbu	x30,34(x4)	  x4:0x80043ffd x30=0x000000d4 PA:0x8004401f load:0x000000d4
       15955000	      1496	80005d18	02c7bd33	mulhu	x26,x15,x12	 x15:0xb799c000 x12:0x80048e38 x26=0x5bd02466
       15965000	      1497	80005d1c	016885b3	add	x11,x17,x22	 x17:0x0000e2e4 x22:0x00000026 x11=0x0000e30a
       15975000	      1498	80005d20	404b5a93	srai	x21,x22,0x4	 x22:0x00000026 x21=0x00000002
       15985000	      1499	80005d24	fd424183	lbu	x3,-44(x4)	  x4:0x80043ffd  x3=0x00000026 PA:0x80043fd1 load:0x00000026
       15995000	      1500	80005d28	8dad	c.xor	x11,x11	 x11:0x0000e30a x11:0x0000e30a x11=0x00000000
       16005000	      1501	80005d2a	fc6c0993	addi	x19,x24,-58	 x24:0xffffffd4 x19=0xffffff9a
       16015000	      1502	80005d2e	03624683	lbu	x13,54(x4)	  x4:0x80043ffd x13=0x000000e8 PA:0x80044033 load:0x000000e8
       16025000	      1503	80005d32	01621fa3	sh	x22,31(x4)	  x4:0x80043ffd x22:0x00000026 PA:0x8004401c store:0x00000026 load:0x00000000
       16035000	      1504	80005d36	ffd20f23	sb	x29,-2(x4)	  x4:0x80043ffd x29:0x0001f000 PA:0x80043ffb store:0x0001f000 load:0x00000000
       16045000	      1505	80005d3a	fec20183	lb	x3,-20(x4)	  x4:0x80043ffd  x3=0xffffffa2 PA:0x80043fe9 load:0xffffffa2
       16055000	      1506	80005d3e	00620b83	lb	x23,6(x4)	  x4:0x80043ffd x23=0xffffffb8 PA:0x80044003 load:0xffffffb8
       16065000	      1507	80005d42	02820983	lb	x19,40(x4)	  x4:0x80043ffd x19=0xffffffde PA:0x80044025 load:0xffffffde
       16075000	      1508	80005d46	0128d333	srl	x6,x17,x18	 x17:0x0000e2e4 x18:0x000000f0  x6=0x00000000
       16085000	      1509	80005d4a	bebcb597	auipc	x11,0xbebcb	 x11=0x3ebd0d4a
       16095000	      1510	80005d4e	66e81297	auipc	x5,0x66e81	  x5=0xe6e86d4e
       16105000	      1511	80005d52	001203a3	sb	x1,7(x4)	  x4:0x80043ffd  x1:0x00000001 PA:0x80044004 store:0x00000001 load:0x00000000
       16115000	      1512	80005d56	00e81a13	slli	x20,x16,0xe	 x16:0xd0d1d2d3 x20=0x74b4c000
       16125000	      1513	80005d5a	02024d83	lbu	x27,32(x4)	  x4:0x80043ffd x27=0x00000000 PA:0x8004401d load:0x00000000
       16135000	      1514	80005d5e	00924c03	lbu	x24,9(x4)	  x4:0x80043ffd x24=0x000000bd PA:0x80044006 load:0x000000bd
       16145000	      1515	80005d62	fd525c03	lhu	x24,-43(x4)	  x4:0x80043ffd x24=0x00008889 PA:0x80043fd2 load:0x00008889
       16155000	      1516	80005d66	9ee22813	slti	x16,x4,-1554	  x4:0x80043ffd x16=0x00000001
       16165000	      1517	80005d6a	0001	c.addi	x0,0	  x0:0x00000000  x0=0x00000000
       16175000	      1518	80005d6c	0001	c.addi	x0,0	  x0:0x00000000  x0=0x00000000
       16185000	      1519	80005d6e	00120da3	sb	x1,27(x4)	  x4:0x80043ffd  x1:0x00000001 PA:0x80044018 store:0x00000001 load:0x00000000
       16195000	      1520	80005d72	0098e833	or	x16,x17,x9	 x17:0x0000e2e4  x9:0x00000000 x16=0x0000e2e4
       16205000	      1521	80005d76	00024383	lbu	x7,0(x4)	  x4:0x80043ffd  x7=0x000000b6 PA:0x80043ffd load:0x000000b6
       16215000	      1522	80005d7a	fdf22b83	lw	x23,-33(x4)	  x4:0x80043ffd x23=0x94959697 PA:0x80043fdc load:0x94959697
       16225000	      1523	80005d7e	8c91	c.sub	x9,x12	  x9:0x00000000 x12:0x80048e38  x9=0x7ffb71c8
       16235000	      1524	80005d80	03524f83	lbu	x31,53(x4)	  x4:0x80043ffd x31=0x000000e9 PA:0x80044032 load:0x000000e9
       16245000	      1525	80005d84	fd920a23	sb	x25,-44(x4)	  x4:0x80043ffd x25:0xffff9e9f PA:0x80043fd1 store:0xffff9e9f load:0x00000000
       16255000	      1526	80005d88	0000100f	fence.i	
       16275000	      1528	80005d8c	0ff0000f	fence	iorw,iorw	
       16285000	      1529	80005d90	ff121383	lh	x7,-15(x4)	  x4:0x80043ffd  x7=0xffffa4a5 PA:0x80043fee load:0xffffa4a5
       16295000	      1530	80005d94	0002ed97	auipc	x27,0x2e	 x27=0x80033d94
       16305000	      1531	80005d98	2b4d8d93	addi	x27,x27,692	 x27:0x80033d94 x27=0x80034048
       16315000	      1532	80005d9c	43a739b7	lui	x19,0x43a73	 x19=0x43a73000
       16325000	      1533	80005da0	9dce	c.add	x27,x19	 x27:0x80034048 x19:0x43a73000 x27=0xc3aa7048
       16335000	      1534	80005da2	9a0d8ca3	sb	x0,-1607(x27)	 x27:0xc3aa7048  x0:0x00000000 PA:0xc3aa6a01 store:0x00000000 load:0x00000000
       16345000	      1535	80005da6	cc1d87a3	sb	x1,-817(x27)	 x27:0xc3aa7048  x1:0x00000001 PA:0xc3aa6d17 store:0x00000001 load:0x00000000
       16355000	      1536	80005daa	502da623	sw	x2,1292(x27)	 x27:0xc3aa7048  x2:0xf5e39895 PA:0xc3aa7554 store:0xf5e39895 load:0x00000000
       16365000	      1537	80005dae	886d8ba3	sb	x6,-1897(x27)	 x27:0xc3aa7048  x6:0x00000000 PA:0xc3aa68df store:0x00000000 load:0x00000000
       16375000	      1538	80005db2	8d8d	c.sub	x11,x11	 x11:0x3ebd0d4a x11:0x3ebd0d4a x11=0x00000000
       16385000	      1539	80005db4	9b9dca03	lbu	x20,-1607(x27)	 x27:0xc3aa7048 x20=0x00000000 PA:0xc3aa6a01 load:0x00000000
       16395000	      1540	80005db8	ccfd8383	lb	x7,-817(x27)	 x27:0xc3aa7048  x7=0x00000001 PA:0xc3aa6d17 load:0x00000001
       16405000	      1541	80005dbc	997d	c.andi	x10,-1	 x10:0xffffffff x10=0xffffffff
       16415000	      1542	80005dbe	50cda583	lw	x11,1292(x27)	 x27:0xc3aa7048 x11=0xf5e39895 PA:0xc3aa7554 load:0xf5e39895
       16425000	      1543	80005dc2	6b202913	slti	x18,x0,1714	  x0:0x00000000 x18=0x00000001
       16435000	      1544	80005dc6	a3134093	xori	x1,x6,-1487	  x6:0x00000000  x1=0xfffffa31
       16445000	      1545	80005dca	af0d87a3	sb	x16,-1297(x27)	 x27:0xc3aa7048 x16:0x0000e2e4 PA:0xc3aa6b37 store:0x0000e2e4 load:0x00000000
       16485000	      1549	80005dce	02abab33	mulhsu	x22,x23,x10	 x23:0x94959697 x10:0xffffffff x22=0x94959697
       16495000	      1550	80005dd2	5c7d85a3	sb	x7,1483(x27)	 x27:0xc3aa7048  x7:0x00000001 PA:0xc3aa7613 store:0x00000001 load:0x00000000
       16505000	      1551	80005dd6	0001	c.addi	x0,0	  x0:0x00000000  x0=0x00000000
       16515000	      1552	80005dd8	0576	c.slli	x10,0x1d	 x10:0xffffffff x10=0xe0000000
       16525000	      1553	80005dda	586d8623	sb	x6,1420(x27)	 x27:0xc3aa7048  x6:0x00000000 PA:0xc3aa75d4 store:0x00000000 load:0x00000000
       16535000	      1554	80005dde	08e1	c.addi	x17,24	 x17:0x0000e2e4 x17=0x0000e2fc
       16565000	      1557	80005de0	037488b3	mul	x17,x9,x23	  x9:0x7ffb71c8 x23:0x94959697 x17=0xab634cf8
       16575000	      1558	80005de4	88fd	c.andi	x9,31	  x9:0x7ffb71c8  x9=0x00000008
       16585000	      1559	80005de6	897d8903	lb	x18,-1897(x27)	 x27:0xc3aa7048 x18=0x00000000 PA:0xc3aa68df load:0x00000000
       16595000	      1560	80005dea	00036897	auipc	x17,0x36	 x17=0x8003bdea
       16605000	      1561	80005dee	7f188893	addi	x17,x17,2033	 x17:0x8003bdea x17=0x8003c5db
       16615000	      1562	80005df2	0002eb17	auipc	x22,0x2e	 x22=0x80033df2
       16625000	      1563	80005df6	949b0b13	addi	x22,x22,-1719	 x22:0x80033df2 x22=0x8003373b
       16635000	      1564	80005dfa	032b0723	sb	x18,46(x22)	 x22:0x8003373b x18:0x00000000 PA:0x80033769 store:0x00000000 load:0x00000000
       16645000	      1565	80005dfe	49489ba3	sh	x20,1175(x17)	 x17:0x8003c5db x20:0x00000000 PA:0x8003ca72 store:0x00000000 load:0x00000000
       16655000	      1566	80005e02	b16b0183	lb	x3,-1258(x22)	 x22:0x8003373b  x3=0x0000000a PA:0x80033251 load:0x0000000a
       16665000	      1567	80005e06	30cb0a23	sb	x12,788(x22)	 x22:0x8003373b x12:0x80048e38 PA:0x80033a4f store:0x80048e38 load:0x00000000
       16675000	      1568	80005e0a	5ba88003	lb	x0,1466(x17)	 x17:0x8003c5db  x0=0x00000000 PA:0x8003cb95 load:0x0000004e
       16685000	      1569	80005e0e	247b1c03	lh	x24,583(x22)	 x22:0x8003373b x24=0x00003839 PA:0x80033982 load:0x00003839
       16695000	      1570	80005e12	e6ab19a3	sh	x10,-397(x22)	 x22:0x8003373b x10:0xe0000000 PA:0x800335ae store:0xe0000000 load:0x00000000
       16705000	      1571	80005e16	18fb1083	lh	x1,399(x22)	 x22:0x8003373b  x1=0xffff8081 PA:0x800338ca load:0xffff8081
       16715000	      1572	80005e1a	4ea8aaa3	sw	x10,1269(x17)	 x17:0x8003c5db x10:0xe0000000 PA:0x8003cad0 store:0xe0000000 load:0x00000000
       16725000	      1573	80005e1e	7ff88c23	sb	x31,2040(x17)	 x17:0x8003c5db x31:0x000000e9 PA:0x8003cdd3 store:0x000000e9 load:0x00000000
       16735000	      1574	80005e22	e24b0523	sb	x4,-470(x22)	 x22:0x8003373b  x4:0x80043ffd PA:0x80033565 store:0x80043ffd load:0x00000000
       16745000	      1575	80005e26	a26b0523	sb	x6,-1494(x22)	 x22:0x8003373b  x6:0x00000000 PA:0x80033165 store:0x00000000 load:0x00000000
       16755000	      1576	80005e2a	e06b11a3	sh	x6,-509(x22)	 x22:0x8003373b  x6:0x00000000 PA:0x8003353e store:0x00000000 load:0x00000000
       16765000	      1577	80005e2e	b4d88623	sb	x13,-1204(x17)	 x17:0x8003c5db x13:0x000000e8 PA:0x8003c127 store:0x000000e8 load:0x00000000
       16775000	      1578	80005e32	14db1483	lh	x9,333(x22)	 x22:0x8003373b  x9=0x00004243 PA:0x80033888 load:0x00004243
       16785000	      1579	80005e36	0002de97	auipc	x29,0x2d	 x29=0x80032e36
       16795000	      1580	80005e3a	5eee8e93	addi	x29,x29,1518	 x29:0x80032e36 x29=0x80033424
       16805000	      1581	80005e3e	3dd74b13	xori	x22,x14,989	 x14:0x8004cce4 x22=0x8004cf39
       16815000	      1582	80005e42	7d3b3793	sltiu	x15,x22,2003	 x22:0x8004cf39 x15=0x00000000
       16825000	      1583	80005e46	d5e03193	sltiu	x3,x0,-674	  x0:0x00000000  x3=0x00000001
       16835000	      1584	80005e4a	34578413	addi	x8,x15,837	 x15:0x00000000  x8=0x00000345
       16845000	      1585	80005e4e	29cea483	lw	x9,668(x29)	 x29:0x80033424  x9=0x78797a7b PA:0x800336c0 load:0x78797a7b
       16855000	      1586	80005e52	691e8b03	lb	x22,1681(x29)	 x29:0x80033424 x22=0x0000006e PA:0x80033ab5 load:0x0000006e
       16865000	      1587	80005e56	8cb9	c.xor	x9,x14	  x9:0x78797a7b x14:0x8004cce4  x9=0xf87db69f
       16875000	      1588	80005e58	cb1ecf03	lbu	x30,-847(x29)	 x29:0x80033424 x30=0x0000008e PA:0x800330d5 load:0x0000008e
       16915000	      1592	80005e5c	038d9033	mulh	x0,x27,x24	 x27:0xc3aa7048 x24:0x00003839  x0=0x00000000
       16925000	      1593	80005e60	c3fe9e23	sh	x31,-964(x29)	 x29:0x80033424 x31:0x000000e9 PA:0x80033060 store:0x000000e9 load:0x00000000
       16935000	      1594	80005e64	543e8883	lb	x17,1347(x29)	 x29:0x80033424 x17=0x0000001c PA:0x80033967 load:0x0000001c
       16945000	      1595	80005e68	8a8d	c.andi	x13,3	 x13:0x000000e8 x13=0x00000000
       16955000	      1596	80005e6a	1efe9423	sh	x15,488(x29)	 x29:0x80033424 x15:0x00000000 PA:0x8003360c store:0x00000000 load:0x00000000
       16965000	      1597	80005e6e	38752813	slti	x16,x10,903	 x10:0xe0000000 x16=0x00000001
       16975000	      1598	80005e72	f61e8203	lb	x4,-159(x29)	 x29:0x80033424  x4=0x0000003e PA:0x80033385 load:0x0000003e
       16985000	      1599	80005e76	2429ca93	xori	x21,x19,578	 x19:0x43a73000 x21=0x43a73242
       16995000	      1600	80005e7a	0001	c.addi	x0,0	  x0:0x00000000  x0=0x00000000
       17005000	      1601	80005e7c	1a680b37	lui	x22,0x1a680	 x22=0x1a680000
       17015000	      1602	80005e80	1b7d	c.addi	x22,-1	 x22:0x1a680000 x22=0x1a67ffff
       17025000	      1603	80005e82	50ae8803	lb	x16,1290(x29)	 x29:0x80033424 x16=0xffffffe5 PA:0x8003392e load:0xffffffe5
       17045000	      1605	80005e86	8442	c.mv	x8,x16	  x0:0x00000000 x16:0xffffffe5  x8=0xffffffe5
       17055000	      1606	80005e88	8cb44917	auipc	x18,0x8cb44	 x18=0x0cb49e88
       17065000	      1607	80005e8c	78ea8213	addi	x4,x21,1934	 x21:0x43a73242  x4=0x43a739d0
       17075000	      1608	80005e90	feaec283	lbu	x5,-22(x29)	 x29:0x80033424  x5=0x000000c5 PA:0x8003340e load:0x000000c5
       17115000	      1612	80005e94	03728433	mul	x8,x5,x23	  x5:0x000000c5 x23:0x94959697  x8=0x571ce233
       17125000	      1613	80005e98	f81ecd83	lbu	x27,-127(x29)	 x29:0x80033424 x27=0x0000005e PA:0x800333a5 load:0x0000005e
       17135000	      1614	80005e9c	1085cf93	xori	x31,x11,264	 x11:0xf5e39895 x31=0xf5e3999d
       17145000	      1615	80005ea0	e66e8b83	lb	x23,-410(x29)	 x29:0x80033424 x23=0x00000041 PA:0x8003328a load:0x00000041
       17155000	      1616	80005ea4	01a1b533	sltu	x10,x3,x26	  x3:0x00000001 x26:0x5bd02466 x10=0x00000001
       17165000	      1617	80005ea8	d8ee9f03	lh	x30,-626(x29)	 x29:0x80033424 x30=0x00006869 PA:0x800331b2 load:0x00006869
       17175000	      1618	80005eac	08be8803	lb	x16,139(x29)	 x29:0x80033424 x16=0x00000064 PA:0x800334af load:0x00000064
       17195000	      1620	80005eb0	ae287993	andi	x19,x16,-1310	 x16:0x00000064 x19=0x00000060
       17235000	      1624	80005eb4	024cb533	mulhu	x10,x25,x4	 x25:0xffff9e9f  x4:0x43a739d0 x10=0x43a72014
       17245000	      1625	80005eb8	11de8383	lb	x7,285(x29)	 x29:0x80033424  x7=0xfffffffa PA:0x80033541 load:0xfffffffa
       17255000	      1626	80005ebc	8295	c.srli	x13,0x5	 x13:0x00000000 x13=0x00000000
       17265000	      1627	80005ebe	c6ce8683	lb	x13,-916(x29)	 x29:0x80033424 x13=0x0000004b PA:0x80033090 load:0x0000004b
       17275000	      1628	80005ec2	0002e397	auipc	x7,0x2e	  x7=0x80033ec2
       17285000	      1629	80005ec6	9cd38393	addi	x7,x7,-1587	  x7:0x80033ec2  x7=0x8003388f
       17295000	      1630	80005eca	008387b3	add	x15,x7,x8	  x7:0x8003388f  x8:0x571ce233 x15=0xd7201ac2
       17305000	      1631	80005ece	92746d13	ori	x26,x8,-1753	  x8:0x571ce233 x26=0xfffffb37
       17315000	      1632	80005ed2	0066ef33	or	x30,x13,x6	 x13:0x0000004b  x6:0x00000000 x30=0x0000004b
       17325000	      1633	80005ed6	09d2	c.slli	x19,0x14	 x19:0x00000060 x19=0x06000000
       17335000	      1634	80005ed8	00e3cd83	lbu	x27,14(x7)	  x7:0x8003388f x27=0x00000056 PA:0x8003389d load:0x00000056
       17345000	      1635	80005edc	0053a883	lw	x17,5(x7)	  x7:0x8003388f x17=0x4c4d4e4f PA:0x80033894 load:0x4c4d4e4f
       17355000	      1636	80005ee0	ff238283	lb	x5,-14(x7)	  x7:0x8003388f  x5=0x0000003a PA:0x80033881 load:0x0000003a
       17365000	      1637	80005ee4	0033d503	lhu	x10,3(x7)	  x7:0x8003388f x10=0x00004849 PA:0x80033892 load:0x00004849
       17375000	      1638	80005ee8	00d3c783	lbu	x15,13(x7)	  x7:0x8003388f x15=0x00000057 PA:0x8003389c load:0x00000057
       17385000	      1639	80005eec	ff838b03	lb	x22,-8(x7)	  x7:0x8003388f x22=0x0000003c PA:0x80033887 load:0x0000003c
       17395000	      1640	80005ef0	00838d03	lb	x26,8(x7)	  x7:0x8003388f x26=0x0000004c PA:0x80033897 load:0x0000004c
       17405000	      1641	80005ef4	8cf1	c.and	x9,x12	  x9:0xf87db69f x12:0x80048e38  x9=0x80048618
       17415000	      1642	80005ef6	00d3d783	lhu	x15,13(x7)	  x7:0x8003388f x15=0x00005657 PA:0x8003389c load:0x00005657
       17425000	      1643	80005efa	0093ad03	lw	x26,9(x7)	  x7:0x8003388f x26=0x50515253 PA:0x80033898 load:0x50515253
       17435000	      1644	80005efe	ff039da3	sh	x16,-5(x7)	  x7:0x8003388f x16:0x00000064 PA:0x8003388a store:0x00000064 load:0x00000000
       17445000	      1645	80005f02	fff38ba3	sb	x31,-9(x7)	  x7:0x8003388f x31:0xf5e3999d PA:0x80033886 store:0xf5e3999d load:0x00000000
       17455000	      1646	80005f06	ffe3c203	lbu	x4,-2(x7)	  x7:0x8003388f  x4=0x00000046 PA:0x8003388d load:0x00000046
       17465000	      1647	80005f0a	0001	c.addi	x0,0	  x0:0x00000000  x0=0x00000000
       17475000	      1648	80005f0c	fc139e17	auipc	x28,0xfc139	 x28=0x7c13ef0c
       17485000	      1649	80005f10	ffa3c283	lbu	x5,-6(x7)	  x7:0x8003388f  x5=0x00000042 PA:0x80033889 load:0x00000042
       17495000	      1650	80005f14	00b39903	lh	x18,11(x7)	  x7:0x8003388f x18=0x00005051 PA:0x8003389a load:0x00005051
       17505000	      1651	80005f18	3f5dc813	xori	x16,x27,1013	 x27:0x00000056 x16=0x000003a3
       17515000	      1652	80005f1c	9af2	c.add	x21,x28	 x21:0x43a73242 x28:0x7c13ef0c x21=0xbfbb214e
       17525000	      1653	80005f1e	00338203	lb	x4,3(x7)	  x7:0x8003388f  x4=0x00000049 PA:0x80033892 load:0x00000049
       17535000	      1654	80005f22	01038783	lb	x15,16(x7)	  x7:0x8003388f x15=0x00000054 PA:0x8003389f load:0x00000054
       17545000	      1655	80005f26	401d59b3	sra	x19,x26,x1	 x26:0x50515253  x1:0xffff8081 x19=0x2828a929
       17555000	      1656	80005f2a	ff838b23	sb	x24,-10(x7)	  x7:0x8003388f x24:0x00003839 PA:0x80033885 store:0x00003839 load:0x00000000
       17565000	      1657	80005f2e	0002e517	auipc	x10,0x2e	 x10=0x80033f2e
       17575000	      1658	80005f32	11a50513	addi	x10,x10,282	 x10:0x80033f2e x10=0x80034048
       17585000	      1659	80005f36	1ea4a3b7	lui	x7,0x1ea4a	  x7=0x1ea4a000
       17595000	      1660	80005f3a	951e	c.add	x10,x7	 x10:0x80034048  x7:0x1ea4a000 x10=0x9ea7e048
       17605000	      1661	80005f3c	8c050b23	sb	x0,-1834(x10)	 x10:0x9ea7e048  x0:0x00000000 PA:0x9ea7d91e store:0x00000000 load:0x00000000
       17615000	      1662	80005f40	881502a3	sb	x1,-1915(x10)	 x10:0x9ea7e048  x1:0xffff8081 PA:0x9ea7d8cd store:0xffff8081 load:0x00000000
       17625000	      1663	80005f44	6ce9	c.lui	x25,0x1a	 x25=0x0001a000
       17665000	      1667	80005f46	0358aa33	mulhsu	x20,x17,x21	 x17:0x4c4d4e4f x21:0xbfbb214e x20=0x392573d2
       17675000	      1668	80005f4a	8d654a83	lbu	x21,-1834(x10)	 x10:0x9ea7e048 x21=0x00000000 PA:0x9ea7d91e load:0x00000000
       17685000	      1669	80005f4e	88550f03	lb	x30,-1915(x10)	 x10:0x9ea7e048 x30=0xffffff81 PA:0x9ea7d8cd load:0xffffff81
       17695000	      1670	80005f52	003c1b13	slli	x22,x24,0x3	 x24:0x00003839 x22=0x0001c1c8
       17705000	      1671	80005f56	69a52a23	sw	x26,1684(x10)	 x10:0x9ea7e048 x26:0x50515253 PA:0x9ea7e6dc store:0x50515253 load:0x00000000
       17715000	      1672	80005f5a	1a7d	c.addi	x20,-1	 x20:0x392573d2 x20=0x392573d1
       17725000	      1673	80005f5c	7f450723	sb	x20,2030(x10)	 x10:0x9ea7e048 x20:0x392573d1 PA:0x9ea7e836 store:0x392573d1 load:0x00000000
       17735000	      1674	80005f60	0001	c.addi	x0,0	  x0:0x00000000  x0=0x00000000
       17745000	      1675	80005f62	bac52a23	sw	x12,-1100(x10)	 x10:0x9ea7e048 x12:0x80048e38 PA:0x9ea7dbfc store:0x80048e38 load:0x00000000
       17755000	      1676	80005f66	0d150ca3	sb	x17,217(x10)	 x10:0x9ea7e048 x17:0x4c4d4e4f PA:0x9ea7e121 store:0x4c4d4e4f load:0x00000000
       17765000	      1677	80005f6a	43f51d23	sh	x31,1082(x10)	 x10:0x9ea7e048 x31:0xf5e3999d PA:0x9ea7e482 store:0xf5e3999d load:0x00000000
       17775000	      1678	80005f6e	8091	c.srli	x9,0x4	  x9:0x80048618  x9=0x08004861
       17785000	      1679	80005f70	597d	c.li	x18,-1	 x18=0xffffffff
       17795000	      1680	80005f72	136501a3	sb	x22,291(x10)	 x10:0x9ea7e048 x22:0x0001c1c8 PA:0x9ea7e16b store:0x0001c1c8 load:0x00000000
       17805000	      1681	80005f76	0002e417	auipc	x8,0x2e	  x8=0x80033f76
       17815000	      1682	80005f7a	0d240413	addi	x8,x8,210	  x8:0x80033f76  x8=0x80034048
       17825000	      1683	80005f7e	3603d337	lui	x6,0x3603d	  x6=0x3603d000
       17835000	      1684	80005f82	941a	c.add	x8,x6	  x8:0x80034048  x6:0x3603d000  x8=0xb6071048
       17845000	      1685	80005f84	921405a3	sb	x1,-1749(x8)	  x8:0xb6071048  x1:0xffff8081 PA:0xb6070973 store:0xffff8081 load:0x00000000
       17855000	      1686	80005f88	f6241523	sh	x2,-150(x8)	  x8:0xb6071048  x2:0xf5e39895 PA:0xb6070fb2 store:0xf5e39895 load:0x00000000
       17865000	      1687	80005f8c	8395	c.srli	x15,0x5	 x15:0x00000054 x15=0x00000002
       17875000	      1688	80005f8e	01118f33	add	x30,x3,x17	  x3:0x00000001 x17:0x4c4d4e4f x30=0x4c4d4e50
       17885000	      1689	80005f92	56d400a3	sb	x13,1377(x8)	  x8:0xb6071048 x13:0x0000004b PA:0xb60715a9 store:0x0000004b load:0x00000000
       17895000	      1690	80005f96	011e9d33	sll	x26,x29,x17	 x29:0x80033424 x17:0x4c4d4e4f x26=0x9a120000
       17905000	      1691	80005f9a	00602eb3	slt	x29,x0,x6	  x0:0x00000000  x6:0x3603d000 x29=0x00000001
       17915000	      1692	80005f9e	41874493	xori	x9,x14,1048	 x14:0x8004cce4  x9=0x8004c8fc
       17925000	      1693	80005fa2	92b40b03	lb	x22,-1749(x8)	  x8:0xb6071048 x22=0xffffff81 PA:0xb6070973 load:0xffffff81
       17935000	      1694	80005fa6	f6a41283	lh	x5,-150(x8)	  x8:0xb6071048  x5=0xffff9895 PA:0xb6070fb2 load:0xffff9895
       17945000	      1695	80005faa	f54405a3	sb	x20,-181(x8)	  x8:0xb6071048 x20:0x392573d1 PA:0xb6070f93 store:0x392573d1 load:0x00000000
       17955000	      1696	80005fae	0cc40423	sb	x12,200(x8)	  x8:0xb6071048 x12:0x80048e38 PA:0xb6071110 store:0x80048e38 load:0x00000000
       17965000	      1697	80005fb2	001fab33	slt	x22,x31,x1	 x31:0xf5e3999d  x1:0xffff8081 x22=0x00000001
       17975000	      1698	80005fb6	d7752317	auipc	x6,0xd7752	  x6=0x57757fb6
       17985000	      1699	80005fba	16f40aa3	sb	x15,373(x8)	  x8:0xb6071048 x15:0x00000002 PA:0xb60711bd store:0x00000002 load:0x00000000
       17995000	      1700	80005fbe	0002eb17	auipc	x22,0x2e	 x22=0x80033fbe
       18005000	      1701	80005fc2	08ab0b13	addi	x22,x22,138	 x22:0x80033fbe x22=0x80034048
       18015000	      1702	80005fc6	4dfb9337	lui	x6,0x4dfb9	  x6=0x4dfb9000
       18025000	      1703	80005fca	9b1a	c.add	x22,x6	 x22:0x80034048  x6:0x4dfb9000 x22=0xcdfed048
       18035000	      1704	80005fcc	4c0b07a3	sb	x0,1231(x22)	 x22:0xcdfed048  x0:0x00000000 PA:0xcdfed517 store:0x00000000 load:0x00000000
       18045000	      1705	80005fd0	d23b0ea3	sb	x3,-707(x22)	 x22:0xcdfed048  x3:0x00000001 PA:0xcdfecd85 store:0x00000001 load:0x00000000
       18055000	      1706	80005fd4	e84b1b23	sh	x4,-362(x22)	 x22:0xcdfed048  x4:0x00000049 PA:0xcdfecede store:0x00000049 load:0x00000000
       18065000	      1707	80005fd8	965b0da3	sb	x5,-1669(x22)	 x22:0xcdfed048  x5:0xffff9895 PA:0xcdfec9c3 store:0xffff9895 load:0x00000000
       18075000	      1708	80005fdc	e66b09a3	sb	x6,-397(x22)	 x22:0xcdfed048  x6:0x4dfb9000 PA:0xcdfecebb store:0x4dfb9000 load:0x00000000
       18085000	      1709	80005fe0	4cfb4003	lbu	x0,1231(x22)	 x22:0xcdfed048  x0=0x00000000 PA:0xcdfed517 load:0x00000000
       18095000	      1710	80005fe4	cdcb1823	sh	x28,-816(x22)	 x22:0xcdfed048 x28:0x7c13ef0c PA:0xcdfecd18 store:0x7c13ef0c load:0x00000000
       18105000	      1711	80005fe8	cc0b02a3	sb	x0,-827(x22)	 x22:0xcdfed048  x0:0x00000000 PA:0xcdfecd0d store:0x00000000 load:0x00000000
       18115000	      1712	80005fec	410b8233	sub	x4,x23,x16	 x23:0x00000041 x16:0x000003a3  x4=0xfffffc9e
       18125000	      1713	80005ff0	01899233	sll	x4,x19,x24	 x19:0x2828a929 x24:0x00003839  x4=0x52000000
       18135000	      1714	80005ff4	d3db4f03	lbu	x30,-707(x22)	 x22:0xcdfed048 x30=0x00000001 PA:0xcdfecd85 load:0x00000001
       18145000	      1715	80005ff8	e96b1683	lh	x13,-362(x22)	 x22:0xcdfed048 x13=0x00000049 PA:0xcdfecede load:0x00000049
       18155000	      1716	80005ffc	017f48b3	xor	x17,x30,x23	 x30:0x00000001 x23:0x00000041 x17=0x00000040
       18165000	      1717	80006000	40ed02b3	sub	x5,x26,x14	 x26:0x9a120000 x14:0x8004cce4  x5=0x1a0d331c
       18175000	      1718	80006004	849e	c.mv	x9,x7	  x0:0x00000000  x7:0x1ea4a000  x9=0x1ea4a000
       18185000	      1719	80006006	97bb0c83	lb	x25,-1669(x22)	 x22:0xcdfed048 x25=0xffffff95 PA:0xcdfec9c3 load:0xffffff95
       18195000	      1720	8000600a	01e06833	or	x16,x0,x30	  x0:0x00000000 x30:0x00000001 x16=0x00000001
       18205000	      1721	8000600e	01ad70b3	and	x1,x26,x26	 x26:0x9a120000 x26:0x9a120000  x1=0x9a120000
       18215000	      1722	80006012	e73b0e03	lb	x28,-397(x22)	 x22:0xcdfed048 x28=0x00000000 PA:0xcdfecebb load:0x00000000
       18225000	      1723	80006016	186b0223	sb	x6,388(x22)	 x22:0xcdfed048  x6:0x4dfb9000 PA:0xcdfed1cc store:0x4dfb9000 load:0x00000000
       18235000	      1724	8000601a	00038217	auipc	x4,0x38	  x4=0x8003e01a
       18245000	      1725	8000601e	ac420213	addi	x4,x4,-1340	  x4:0x8003e01a  x4=0x8003dade
       18255000	      1726	80006022	0002eb97	auipc	x23,0x2e	 x23=0x80034022
       18265000	      1727	80006026	8e4b8b93	addi	x23,x23,-1820	 x23:0x80034022 x23=0x80033906
       18275000	      1728	8000602a	ff6200a3	sb	x22,-31(x4)	  x4:0x8003dade x22:0xcdfed048 PA:0x8003dabf store:0xcdfed048 load:0x00000000
       18285000	      1729	8000602e	fff24883	lbu	x17,-1(x4)	  x4:0x8003dade x17=0x00000096 PA:0x8003dadd load:0x00000096
       18295000	      1730	80006032	adfbcf83	lbu	x31,-1313(x23)	 x23:0x80033906 x31=0x0000009e PA:0x800333e5 load:0x0000009e
       18305000	      1731	80006036	01c24783	lbu	x15,28(x4)	  x4:0x8003dade x15=0x000000b1 PA:0x8003dafa load:0x000000b1
       18315000	      1732	8000603a	d87bc303	lbu	x6,-633(x23)	 x23:0x80033906  x6=0x00000046 PA:0x8003368d load:0x00000046
       18325000	      1733	8000603e	9c3bcf83	lbu	x31,-1597(x23)	 x23:0x80033906 x31=0x00000082 PA:0x800332c9 load:0x00000082
       18335000	      1734	80006042	fc420da3	sb	x4,-37(x4)	  x4:0x8003dade  x4:0x8003dade PA:0x8003dab9 store:0x8003dade load:0x00000000
       18345000	      1735	80006046	1ffbca83	lbu	x21,511(x23)	 x23:0x80033906 x21=0x000000be PA:0x80033b05 load:0x000000be
       18355000	      1736	8000604a	ffa24903	lbu	x18,-6(x4)	  x4:0x8003dade x18=0x00000093 PA:0x8003dad8 load:0x00000093
       18365000	      1737	8000604e	4fcb8503	lb	x10,1276(x23)	 x23:0x80033906 x10=0xffffffb9 PA:0x80033e02 load:0xffffffb9
       18375000	      1738	80006052	01622e83	lw	x29,22(x4)	  x4:0x8003dade x29=0xacadaeaf PA:0x8003daf4 load:0xacadaeaf
       18385000	      1739	80006056	ddab8383	lb	x7,-550(x23)	 x23:0x80033906  x7=0xffffff9b PA:0x800336e0 load:0xffffff9b
       18395000	      1740	8000605a	c82b8da3	sb	x2,-869(x23)	 x23:0x80033906  x2:0xf5e39895 PA:0x800335a1 store:0xf5e39895 load:0x00000000
       18405000	      1741	8000605e	4a5bca83	lbu	x21,1189(x23)	 x23:0x80033906 x21=0x00000060 PA:0x80033dab load:0x00000060
       18415000	      1742	80006062	0002ea17	auipc	x20,0x2e	 x20=0x80034062
       18425000	      1743	80006066	fe6a0a13	addi	x20,x20,-26	 x20:0x80034062 x20=0x80034048
       18435000	      1744	8000606a	605cb337	lui	x6,0x605cb	  x6=0x605cb000
       18445000	      1745	8000606e	9a1a	c.add	x20,x6	 x20:0x80034048  x6:0x605cb000 x20=0xe05ff048
       18455000	      1746	80006070	980a0aa3	sb	x0,-1643(x20)	 x20:0xe05ff048  x0:0x00000000 PA:0xe05fe9dd store:0x00000000 load:0x00000000
       18465000	      1747	80006074	be1a0ba3	sb	x1,-1033(x20)	 x20:0xe05ff048  x1:0x9a120000 PA:0xe05fec3f store:0x9a120000 load:0x00000000
       18475000	      1748	80006078	822a06a3	sb	x2,-2003(x20)	 x20:0xe05ff048  x2:0xf5e39895 PA:0xe05fe875 store:0xf5e39895 load:0x00000000
       18485000	      1749	8000607c	243a0923	sb	x3,594(x20)	 x20:0xe05ff048  x3:0x00000001 PA:0xe05ff29a store:0x00000001 load:0x00000000
       18495000	      1750	80006080	7c4a0ea3	sb	x4,2013(x20)	 x20:0xe05ff048  x4:0x8003dade PA:0xe05ff825 store:0x8003dade load:0x00000000
       18505000	      1751	80006084	d65a03a3	sb	x5,-665(x20)	 x20:0xe05ff048  x5:0x1a0d331c PA:0xe05fedaf store:0x1a0d331c load:0x00000000
       18875000	      1788	80006088	0383d9b3	divu	x19,x7,x24	  x7:0xffffff9b x24:0x00003839 x19=0x00048da6
       18885000	      1789	8000608c	76e94313	xori	x6,x18,1902	 x18:0x00000093  x6=0x000007fd
       18895000	      1790	80006090	40690333	sub	x6,x18,x6	 x18:0x00000093  x6:0x000007fd  x6=0xfffff896
       18905000	      1791	80006094	995a0f83	lb	x31,-1643(x20)	 x20:0xe05ff048 x31=0x00000000 PA:0xe05fe9dd load:0x00000000
       18915000	      1792	80006098	bf7a0c83	lb	x25,-1033(x20)	 x20:0xe05ff048 x25=0x00000000 PA:0xe05fec3f load:0x00000000
       18925000	      1793	8000609c	82da4c83	lbu	x25,-2003(x20)	 x20:0xe05ff048 x25=0x00000095 PA:0xe05fe875 load:0x00000095
       18935000	      1794	800060a0	14caa593	slti	x11,x21,332	 x21:0x00000060 x11=0x00000001
       18945000	      1795	800060a4	1dfd	c.addi	x27,-1	 x27:0x00000056 x27=0x00000055
       18955000	      1796	800060a6	252a4183	lbu	x3,594(x20)	 x20:0xe05ff048  x3=0x00000001 PA:0xe05ff29a load:0x00000001
       18965000	      1797	800060aa	7dda0e83	lb	x29,2013(x20)	 x20:0xe05ff048 x29=0xffffffde PA:0xe05ff825 load:0xffffffde
       19335000	      1834	800060ae	02cdcdb3	div	x27,x27,x12	 x27:0x00000055 x12:0x80048e38 x27=0x00000000
       19345000	      1835	800060b2	d67a4883	lbu	x17,-665(x20)	 x20:0xe05ff048 x17=0x0000001c PA:0xe05fedaf load:0x0000001c
       19715000	      1872	800060b6	030750b3	divu	x1,x14,x16	 x14:0x8004cce4 x16:0x00000001  x1=0x8004cce4
       19725000	      1873	800060ba	c4fa05a3	sb	x15,-949(x20)	 x20:0xe05ff048 x15:0x000000b1 PA:0xe05fec93 store:0x000000b1 load:0x00000000
       19735000	      1874	800060be	99fd	c.andi	x11,-1	 x11:0x00000001 x11=0x00000001
       19745000	      1875	800060c0	c4da0ba3	sb	x13,-937(x20)	 x20:0xe05ff048 x13:0x00000049 PA:0xe05fec9f store:0x00000049 load:0x00000000
       19755000	      1876	800060c4	00038317	auipc	x6,0x38	  x6=0x8003e0c4
       19765000	      1877	800060c8	ac330313	addi	x6,x6,-1341	  x6:0x8003e0c4  x6=0x8003db87
       19775000	      1878	800060cc	00634e03	lbu	x28,6(x6)	  x6:0x8003db87 x28=0x00000046 PA:0x8003db8d load:0x00000046
       19785000	      1879	800060d0	0002d397	auipc	x7,0x2d	  x7=0x800330d0
       19795000	      1880	800060d4	0b338393	addi	x7,x7,179	  x7:0x800330d0  x7=0x80033183
       19805000	      1881	800060d8	fad381a3	sb	x13,-93(x7)	  x7:0x80033183 x13:0x00000049 PA:0x80033126 store:0x00000049 load:0x00000000
       19815000	      1882	800060dc	ff234883	lbu	x17,-14(x6)	  x6:0x8003db87 x17=0x00000032 PA:0x8003db79 load:0x00000032
       19825000	      1883	800060e0	f0b3d403	lhu	x8,-245(x7)	  x7:0x80033183  x8=0x00004445 PA:0x8003308e load:0x00004445
       19835000	      1884	800060e4	0223c803	lbu	x16,34(x7)	  x7:0x80033183 x16=0x0000005e PA:0x800331a5 load:0x0000005e
       19845000	      1885	800060e8	fd438e23	sb	x20,-36(x7)	  x7:0x80033183 x20:0xe05ff048 PA:0x8003315f store:0xe05ff048 load:0x00000000
       19855000	      1886	800060ec	ff135a83	lhu	x21,-15(x6)	  x6:0x8003db87 x21=0x00003233 PA:0x8003db78 load:0x00003233
       19865000	      1887	800060f0	0923cf03	lbu	x30,146(x7)	  x7:0x80033183 x30=0x000000ce PA:0x80033215 load:0x000000ce
       19875000	      1888	800060f4	f2539f03	lh	x30,-219(x7)	  x7:0x80033183 x30=0x00006263 PA:0x800330a8 load:0x00006263
       19885000	      1889	800060f8	00d32a83	lw	x21,13(x6)	  x6:0x8003db87 x21=0x4c4d4e4f PA:0x8003db94 load:0x4c4d4e4f
       19895000	      1890	800060fc	ff834983	lbu	x19,-8(x6)	  x6:0x8003db87 x19=0x00000034 PA:0x8003db7f load:0x00000034
       19905000	      1891	80006100	001313a3	sh	x1,7(x6)	  x6:0x8003db87  x1:0x8004cce4 PA:0x8003db8e store:0x8004cce4 load:0x00000000
       19915000	      1892	80006104	0002eb17	auipc	x22,0x2e	 x22=0x80034104
       19925000	      1893	80006108	f44b0b13	addi	x22,x22,-188	 x22:0x80034104 x22=0x80034048
       19935000	      1894	8000610c	762b4a37	lui	x20,0x762b4	 x20=0x762b4000
       19945000	      1895	80006110	9b52	c.add	x22,x20	 x22:0x80034048 x20:0x762b4000 x22=0xf62e8048
       19955000	      1896	80006112	860b06a3	sb	x0,-1939(x22)	 x22:0xf62e8048  x0:0x00000000 PA:0xf62e78b5 store:0x00000000 load:0x00000000
       19965000	      1897	80006116	142b1623	sh	x2,332(x22)	 x22:0xf62e8048  x2:0xf5e39895 PA:0xf62e8194 store:0xf5e39895 load:0x00000000
       19975000	      1898	8000611a	ac3b0da3	sb	x3,-1317(x22)	 x22:0xf62e8048  x3:0x00000001 PA:0xf62e7b23 store:0x00000001 load:0x00000000
       19985000	      1899	8000611e	365b06a3	sb	x5,877(x22)	 x22:0xf62e8048  x5:0x1a0d331c PA:0xf62e83b5 store:0x1a0d331c load:0x00000000
       19995000	      1900	80006122	127d	c.addi	x4,-1	  x4:0x8003dade  x4=0x8003dadd
       20005000	      1901	80006124	187d	c.addi	x16,-1	 x16:0x0000005e x16=0x0000005d
       20015000	      1902	80006126	52b43a13	sltiu	x20,x8,1323	  x8:0x00004445 x20=0x00000000
       20025000	      1903	8000612a	86db4883	lbu	x17,-1939(x22)	 x22:0xf62e8048 x17=0x00000000 PA:0xf62e78b5 load:0x00000000
       20035000	      1904	8000612e	59fd	c.li	x19,-1	 x19=0xffffffff
       20045000	      1905	80006130	a5bb0b23	sb	x27,-1450(x22)	 x22:0xf62e8048 x27:0x00000000 PA:0xf62e7a9e store:0x00000000 load:0x00000000
       20055000	      1906	80006134	14cb5d03	lhu	x26,332(x22)	 x22:0xf62e8048 x26=0x00009895 PA:0xf62e8194 load:0x00009895
       20065000	      1907	80006138	87fe	c.mv	x15,x31	  x0:0x00000000 x31:0x00000000 x15=0x00000000
       20075000	      1908	8000613a	010d9e13	slli	x28,x27,0x10	 x27:0x00000000 x28=0x00000000
       20085000	      1909	8000613e	411dd1b3	sra	x3,x27,x17	 x27:0x00000000 x17:0x00000000  x3=0x00000000
       20095000	      1910	80006142	adbb0203	lb	x4,-1317(x22)	 x22:0xf62e8048  x4=0x00000001 PA:0xf62e7b23 load:0x00000001
       20105000	      1911	80006146	f6fb05a3	sb	x15,-149(x22)	 x22:0xf62e8048 x15:0x00000000 PA:0xf62e7fb3 store:0x00000000 load:0x00000000
       20115000	      1912	8000614a	019d02b3	add	x5,x26,x25	 x26:0x00009895 x25:0x00000095  x5=0x0000992a
       20485000	      1949	8000614e	0252dc33	divu	x24,x5,x5	  x5:0x0000992a  x5:0x0000992a x24=0x00000001
       20495000	      1950	80006152	36db0f83	lb	x31,877(x22)	 x22:0xf62e8048 x31=0x0000001c PA:0xf62e83b5 load:0x0000001c
       20505000	      1951	80006156	0002e897	auipc	x17,0x2e	 x17=0x80034156
       20515000	      1952	8000615a	b4488893	addi	x17,x17,-1212	 x17:0x80034156 x17=0x80033c9a
       20525000	      1953	8000615e	8db9	c.xor	x11,x14	 x11:0x00000001 x14:0x8004cce4 x11=0x8004cce5
       20535000	      1954	80006160	030881a3	sb	x16,35(x17)	 x17:0x80033c9a x16:0x0000005d PA:0x80033cbd store:0x0000005d load:0x00000000
       20545000	      1955	80006164	00133db3	sltu	x27,x6,x1	  x6:0x8003db87  x1:0x8004cce4 x27=0x00000001
       20555000	      1956	80006168	fd688683	lb	x13,-42(x17)	 x17:0x80033c9a x13=0x0000002b PA:0x80033c70 load:0x0000002b
       20565000	      1957	8000616c	fdc8ce83	lbu	x29,-36(x17)	 x17:0x80033c9a x29=0x0000002d PA:0x80033c76 load:0x0000002d
       20575000	      1958	80006170	02988003	lb	x0,41(x17)	 x17:0x80033c9a  x0=0x00000000 PA:0x80033cc3 load:0x00000078
       20585000	      1959	80006174	8c95	c.sub	x9,x13	  x9:0x1ea4a000 x13:0x0000002b  x9=0x1ea49fd5
       20595000	      1960	80006176	006a20b3	slt	x1,x20,x6	 x20:0x00000000  x6:0x8003db87  x1=0x00000000
       20965000	      1997	8000617a	0296d6b3	divu	x13,x13,x9	 x13:0x0000002b  x9:0x1ea49fd5 x13=0x00000000
       20975000	      1998	8000617e	4ae5	c.li	x21,25	 x21=0x00000019
       20985000	      1999	80006180	fc88d683	lhu	x13,-56(x17)	 x17:0x80033c9a x13=0x00001819 PA:0x80033c62 load:0x00001819
       20995000	      2000	80006184	ffb88d83	lb	x27,-5(x17)	 x17:0x80033c9a x27=0x0000004e PA:0x80033c95 load:0x0000004e
       21005000	      2001	80006188	fc588783	lb	x15,-59(x17)	 x17:0x80033c9a x15=0x00000014 PA:0x80033c5f load:0x00000014
       21015000	      2002	8000618c	fcc88c83	lb	x25,-52(x17)	 x17:0x80033c9a x25=0x0000001d PA:0x80033c66 load:0x0000001d
       21025000	      2003	80006190	0348a123	sw	x20,34(x17)	 x17:0x80033c9a x20:0x00000000 PA:0x80033cbc store:0x00000000 load:0x00000000
       21035000	      2004	80006194	fd489f23	sh	x20,-34(x17)	 x17:0x80033c9a x20:0x00000000 PA:0x80033c78 store:0x00000000 load:0x00000000
       21045000	      2005	80006198	03f8c683	lbu	x13,63(x17)	 x17:0x80033c9a x13=0x00000092 PA:0x80033cd9 load:0x00000092
       21055000	      2006	8000619c	00188a03	lb	x20,1(x17)	 x17:0x80033c9a x20=0x00000050 PA:0x80033c9b load:0x00000050
       21065000	      2007	800061a0	fe488a83	lb	x21,-28(x17)	 x17:0x80033c9a x21=0x00000035 PA:0x80033c7e load:0x00000035
       21075000	      2008	800061a4	0148ce03	lbu	x28,20(x17)	 x17:0x80033c9a x28=0x00000065 PA:0x80033cae load:0x00000065
       21445000	      2045	800061a8	025d6833	rem	x16,x26,x5	 x26:0x00009895  x5:0x0000992a x16=0x00009895
       21455000	      2046	800061ac	fdd8cd03	lbu	x26,-35(x17)	 x17:0x80033c9a x26=0x0000002c PA:0x80033c77 load:0x0000002c
       21495000	      2050	800061b0	03601d33	mulh	x26,x0,x22	  x0:0x00000000 x22:0xf62e8048 x26=0x00000000
       21505000	      2051	800061b4	00b8c483	lbu	x9,11(x17)	 x17:0x80033c9a  x9=0x0000005e PA:0x80033ca5 load:0x0000005e
       21515000	      2052	800061b8	01210333	add	x6,x2,x18	  x2:0xf5e39895 x18:0x00000093  x6=0xf5e39928
       21525000	      2053	800061bc	8d39	c.xor	x10,x14	 x10:0xffffffb9 x14:0x8004cce4 x10=0x7ffb335d
       21535000	      2054	800061be	03c8cd03	lbu	x26,60(x17)	 x17:0x80033c9a x26=0x0000008d PA:0x80033cd6 load:0x0000008d
       21545000	      2055	800061c2	fdb8c203	lbu	x4,-37(x17)	 x17:0x80033c9a  x4=0x0000002e PA:0x80033c75 load:0x0000002e
       21555000	      2056	800061c6	8cad	c.xor	x9,x11	  x9:0x0000005e x11:0x8004cce5  x9=0x8004ccbb
       21565000	      2057	800061c8	00389f23	sh	x3,30(x17)	 x17:0x80033c9a  x3:0x00000000 PA:0x80033cb8 store:0x00000000 load:0x00000000
       21575000	      2058	800061cc	00a882a3	sb	x10,5(x17)	 x17:0x80033c9a x10:0x7ffb335d PA:0x80033c9f store:0x7ffb335d load:0x00000000
       21585000	      2059	800061d0	fc388583	lb	x11,-61(x17)	 x17:0x80033c9a x11=0x00000016 PA:0x80033c5d load:0x00000016
       21595000	      2060	800061d4	0002ef17	auipc	x30,0x2e	 x30=0x800341d4
       21605000	      2061	800061d8	e74f0f13	addi	x30,x30,-396	 x30:0x800341d4 x30=0x80034048
       21615000	      2062	800061dc	08697337	lui	x6,0x8697	  x6=0x08697000
       21625000	      2063	800061e0	9f1a	c.add	x30,x6	 x30:0x80034048  x6:0x08697000 x30=0x886cb048
       21635000	      2064	800061e2	662f02a3	sb	x2,1637(x30)	 x30:0x886cb048  x2:0xf5e39895 PA:0x886cb6ad store:0xf5e39895 load:0x00000000
       21645000	      2065	800061e6	283f0d23	sb	x3,666(x30)	 x30:0x886cb048  x3:0x00000000 PA:0x886cb2e2 store:0x00000000 load:0x00000000
       21655000	      2066	800061ea	9a4f01a3	sb	x4,-1629(x30)	 x30:0x886cb048  x4:0x0000002e PA:0x886ca9eb store:0x0000002e load:0x00000000
       21665000	      2067	800061ee	fe5f08a3	sb	x5,-15(x30)	 x30:0x886cb048  x5:0x0000992a PA:0x886cb039 store:0x0000992a load:0x00000000
       21675000	      2068	800061f2	646f0723	sb	x6,1614(x30)	 x30:0x886cb048  x6:0x08697000 PA:0x886cb696 store:0x08697000 load:0x00000000
       21685000	      2069	800061f6	967f1b23	sh	x7,-1674(x30)	 x30:0x886cb048  x7:0x80033183 PA:0x886ca9be store:0x80033183 load:0x00000000
       21695000	      2070	800061fa	96e4ba13	sltiu	x20,x9,-1682	  x9:0x8004ccbb x20=0x00000001
       21705000	      2071	800061fe	150f0c23	sb	x16,344(x30)	 x30:0x886cb048 x16:0x00009895 PA:0x886cb1a0 store:0x00009895 load:0x00000000
       21715000	      2072	80006202	ea5f08a3	sb	x5,-335(x30)	 x30:0x886cb048  x5:0x0000992a PA:0x886caef9 store:0x0000992a load:0x00000000
       21725000	      2073	80006206	007d5433	srl	x8,x26,x7	 x26:0x0000008d  x7:0x80033183  x8=0x00000011
       21735000	      2074	8000620a	8d8d	c.sub	x11,x11	 x11:0x00000016 x11:0x00000016 x11=0x00000000
       21745000	      2075	8000620c	665f0583	lb	x11,1637(x30)	 x30:0x886cb048 x11=0xffffff95 PA:0x886cb6ad load:0xffffff95
       21755000	      2076	80006210	29af0083	lb	x1,666(x30)	 x30:0x886cb048  x1=0x00000000 PA:0x886cb2e2 load:0x00000000
       21775000	      2078	80006214	00308fb3	add	x31,x1,x3	  x1:0x00000000  x3:0x00000000 x31=0x00000000
       21785000	      2079	80006218	817d	c.srli	x10,0x1f	 x10:0x7ffb335d x10=0x00000000
       21795000	      2080	8000621a	9a3f4b83	lbu	x23,-1629(x30)	 x30:0x886cb048 x23=0x0000002e PA:0x886ca9eb load:0x0000002e
       21805000	      2081	8000621e	ff1f4983	lbu	x19,-15(x30)	 x30:0x886cb048 x19=0x0000002a PA:0x886cb039 load:0x0000002a
       21815000	      2082	80006222	011256b3	srl	x13,x4,x17	  x4:0x0000002e x17:0x80033c9a x13=0x00000000
       21825000	      2083	80006226	63e5	c.lui	x7,0x19	  x7=0x00019000
       21835000	      2084	80006228	0ff0000f	fence	iorw,iorw	
       21845000	      2085	8000622c	64ef4c03	lbu	x24,1614(x30)	 x30:0x886cb048 x24=0x00000000 PA:0x886cb696 load:0x00000000
       21855000	      2086	80006230	976f5d83	lhu	x27,-1674(x30)	 x30:0x886cb048 x27=0x00003183 PA:0x886ca9be load:0x00003183
       21865000	      2087	80006234	0002d397	auipc	x7,0x2d	  x7=0x80033234
       21875000	      2088	80006238	e1438393	addi	x7,x7,-492	  x7:0x80033234  x7=0x80033048
       21885000	      2089	8000623c	638f69b7	lui	x19,0x638f6	 x19=0x638f6000
       21895000	      2090	80006240	93ce	c.add	x7,x19	  x7:0x80033048 x19:0x638f6000  x7=0xe3929048
       21905000	      2091	80006242	80038da3	sb	x0,-2021(x7)	  x7:0xe3929048  x0:0x00000000 PA:0xe3928863 store:0x00000000 load:0x00000000
       21915000	      2092	80006246	fa239523	sh	x2,-86(x7)	  x7:0xe3929048  x2:0xf5e39895 PA:0xe3928ff2 store:0xf5e39895 load:0x00000000
       21925000	      2093	8000624a	c83388a3	sb	x3,-879(x7)	  x7:0xe3929048  x3:0x00000000 PA:0xe3928cd9 store:0x00000000 load:0x00000000
       21935000	      2094	8000624e	d0538f23	sb	x5,-738(x7)	  x7:0xe3929048  x5:0x0000992a PA:0xe3928d66 store:0x0000992a load:0x00000000
       21945000	      2095	80006252	b87384a3	sb	x7,-1143(x7)	  x7:0xe3929048  x7:0xe3929048 PA:0xe3928bd1 store:0xe3929048 load:0x00000000
       21955000	      2096	80006256	8041	c.srli	x8,0x10	  x8:0x00000011  x8=0x00000000
       21965000	      2097	80006258	8d12	c.mv	x26,x4	  x0:0x00000000  x4:0x0000002e x26=0x0000002e
       21975000	      2098	8000625a	8011	c.srli	x8,0x4	  x8:0x00000000  x8=0x00000000
       21985000	      2099	8000625c	9afd	c.andi	x13,-1	 x13:0x00000000 x13=0x00000000
       21995000	      2100	8000625e	18fd	c.addi	x17,-1	 x17:0x80033c9a x17=0x80033c99
       22005000	      2101	80006260	81b38b83	lb	x23,-2021(x7)	  x7:0xe3929048 x23=0x00000000 PA:0xe3928863 load:0x00000000
       22015000	      2102	80006264	001315b3	sll	x11,x6,x1	  x6:0x08697000  x1:0x00000000 x11=0x08697000
       22025000	      2103	80006268	29a38523	sb	x26,650(x7)	  x7:0xe3929048 x26:0x0000002e PA:0xe39292d2 store:0x0000002e load:0x00000000
       22035000	      2104	8000626c	faa39e03	lh	x28,-86(x7)	  x7:0xe3929048 x28=0xffff9895 PA:0xe3928ff2 load:0xffff9895
       22045000	      2105	80006270	c9138f03	lb	x30,-879(x7)	  x7:0xe3929048 x30=0x00000000 PA:0xe3928cd9 load:0x00000000
       22055000	      2106	80006274	52f39e23	sh	x15,1340(x7)	  x7:0xe3929048 x15:0x00000014 PA:0xe3929584 store:0x00000014 load:0x00000000
       22065000	      2107	80006278	4465	c.li	x8,25	  x8=0x00000019
       22075000	      2108	8000627a	419707b3	sub	x15,x14,x25	 x14:0x8004cce4 x25:0x0000001d x15=0x8004ccc7
       22085000	      2109	8000627e	d1e38803	lb	x16,-738(x7)	  x7:0xe3929048 x16=0x0000002a PA:0xe3928d66 load:0x0000002a
       22095000	      2110	80006282	b66df413	andi	x8,x27,-1178	 x27:0x00003183  x8=0x00003102
       22105000	      2111	80006286	30d38aa3	sb	x13,789(x7)	  x7:0xe3929048 x13:0x00000000 PA:0xe392935d store:0x00000000 load:0x00000000
       22115000	      2112	8000628a	b8938a03	lb	x20,-1143(x7)	  x7:0xe3929048 x20=0x00000048 PA:0xe3928bd1 load:0x00000048
       22125000	      2113	8000628e	0003df17	auipc	x30,0x3d	 x30=0x8004328e
       22135000	      2114	80006292	8aff0f13	addi	x30,x30,-1873	 x30:0x8004328e x30=0x80042b3d
       22145000	      2115	80006296	0002d497	auipc	x9,0x2d	  x9=0x80033296
       22155000	      2116	8000629a	51e48493	addi	x9,x9,1310	  x9:0x80033296  x9=0x800337b4
       22165000	      2117	8000629e	002f4503	lbu	x10,2(x30)	 x30:0x80042b3d x10=0x000000f4 PA:0x80042b3f load:0x000000f4
       22175000	      2118	800062a2	116481a3	sb	x22,259(x9)	  x9:0x800337b4 x22:0xf62e8048 PA:0x800338b7 store:0xf62e8048 load:0x00000000
       22185000	      2119	800062a6	31b487a3	sb	x27,783(x9)	  x9:0x800337b4 x27:0x00003183 PA:0x80033ac3 store:0x00003183 load:0x00000000
       22195000	      2120	800062aa	0cc49e23	sh	x12,220(x9)	  x9:0x800337b4 x12:0x80048e38 PA:0x80033890 store:0x80048e38 load:0x00000000
       22205000	      2121	800062ae	fd9f4f83	lbu	x31,-39(x30)	 x30:0x80042b3d x31=0x000000cd PA:0x80042b16 load:0x000000cd
       22215000	      2122	800062b2	d6f4c503	lbu	x10,-657(x9)	  x9:0x800337b4 x10=0x000000d8 PA:0x80033523 load:0x000000d8
       22225000	      2123	800062b6	fc0f25a3	sw	x0,-53(x30)	 x30:0x80042b3d  x0:0x00000000 PA:0x80042b08 store:0x00000000 load:0x00000000
       22235000	      2124	800062ba	7ad48d83	lb	x27,1965(x9)	  x9:0x800337b4 x27=0x0000001a PA:0x80033f61 load:0x0000001a
       22245000	      2125	800062be	fc3f1a83	lh	x21,-61(x30)	 x30:0x80042b3d x21=0xffffbabb PA:0x80042b00 load:0xffffbabb
       22255000	      2126	800062c2	e2d482a3	sb	x13,-475(x9)	  x9:0x800337b4 x13:0x00000000 PA:0x800335d9 store:0x00000000 load:0x00000000
       22265000	      2127	800062c6	03ef0883	lb	x17,62(x30)	 x30:0x80042b3d x17=0x00000030 PA:0x80042b7b load:0x00000030
       22275000	      2128	800062ca	a8c487a3	sb	x12,-1393(x9)	  x9:0x800337b4 x12:0x80048e38 PA:0x80033243 store:0x80048e38 load:0x00000000
       22285000	      2129	800062ce	0002ed97	auipc	x27,0x2e	 x27=0x800342ce
       22295000	      2130	800062d2	b32d8d93	addi	x27,x27,-1230	 x27:0x800342ce x27=0x80033e00
       22305000	      2131	800062d6	fd9d8aa3	sb	x25,-43(x27)	 x27:0x80033e00 x25:0x0000001d PA:0x80033dd5 store:0x0000001d load:0x00000000
       22315000	      2132	800062da	fd5d8203	lb	x4,-43(x27)	 x27:0x80033e00  x4=0x0000001d PA:0x80033dd5 load:0x0000001d
       22325000	      2133	800062de	0e86	c.slli	x29,0x1	 x29:0x0000002d x29=0x0000005a
       22335000	      2134	800062e0	022da423	sw	x2,40(x27)	 x27:0x80033e00  x2:0xf5e39895 PA:0x80033e28 store:0xf5e39895 load:0x00000000
       22345000	      2135	800062e4	03fd9423	sh	x31,40(x27)	 x27:0x80033e00 x31:0x000000cd PA:0x80033e28 store:0x000000cd load:0x00000000
       22355000	      2136	800062e8	ffdd84a3	sb	x29,-23(x27)	 x27:0x80033e00 x29:0x0000005a PA:0x80033de9 store:0x0000005a load:0x00000000
       22365000	      2137	800062ec	fe9dc883	lbu	x17,-23(x27)	 x27:0x80033e00 x17=0x0000005a PA:0x80033de9 load:0x0000005a
       22375000	      2138	800062f0	fe9d8503	lb	x10,-23(x27)	 x27:0x80033e00 x10=0x0000005a PA:0x80033de9 load:0x0000005a
       22385000	      2139	800062f4	68e1	c.lui	x17,0x18	 x17=0x00018000
       22395000	      2140	800062f6	ff1dcc03	lbu	x24,-15(x27)	 x27:0x80033e00 x24=0x000000aa PA:0x80033df1 load:0x000000aa
       22405000	      2141	800062fa	fcfdae23	sw	x15,-36(x27)	 x27:0x80033e00 x15:0x8004ccc7 PA:0x80033ddc store:0x8004ccc7 load:0x00000000
       22415000	      2142	800062fe	fd0dd583	lhu	x11,-48(x27)	 x27:0x80033e00 x11=0x00008a8b PA:0x80033dd0 load:0x00008a8b
       22425000	      2143	80006302	fc3dcb83	lbu	x23,-61(x27)	 x27:0x80033e00 x23=0x00000078 PA:0x80033dc3 load:0x00000078
       22435000	      2144	80006306	fc3d8b03	lb	x22,-61(x27)	 x27:0x80033e00 x22=0x00000078 PA:0x80033dc3 load:0x00000078
       22445000	      2145	8000630a	032dce03	lbu	x28,50(x27)	 x27:0x80033e00 x28=0x000000e9 PA:0x80033e32 load:0x000000e9
       22455000	      2146	8000630e	032d9a03	lh	x20,50(x27)	 x27:0x80033e00 x20=0xffffe8e9 PA:0x80033e32 load:0xffffe8e9
       22465000	      2147	80006312	feedde03	lhu	x28,-18(x27)	 x27:0x80033e00 x28=0x0000a4a5 PA:0x80033dee load:0x0000a4a5
       22475000	      2148	80006316	0002dd17	auipc	x26,0x2d	 x26=0x80033316
       22485000	      2149	8000631a	d32d0d13	addi	x26,x26,-718	 x26:0x80033316 x26=0x80033048
       22495000	      2150	8000631e	0d6a0337	lui	x6,0xd6a0	  x6=0x0d6a0000
       22505000	      2151	80006322	9d1a	c.add	x26,x6	 x26:0x80033048  x6:0x0d6a0000 x26=0x8d6d3048
       22515000	      2152	80006324	a60d0123	sb	x0,-1438(x26)	 x26:0x8d6d3048  x0:0x00000000 PA:0x8d6d2aaa store:0x00000000 load:0x00000000
       22525000	      2153	80006328	301d1123	sh	x1,770(x26)	 x26:0x8d6d3048  x1:0x00000000 PA:0x8d6d334a store:0x00000000 load:0x00000000
       22535000	      2154	8000632c	402d05a3	sb	x2,1035(x26)	 x26:0x8d6d3048  x2:0xf5e39895 PA:0x8d6d3453 store:0xf5e39895 load:0x00000000
       22545000	      2155	80006330	e23d01a3	sb	x3,-477(x26)	 x26:0x8d6d3048  x3:0x00000000 PA:0x8d6d2e6b store:0x00000000 load:0x00000000
       22555000	      2156	80006334	0001	c.addi	x0,0	  x0:0x00000000  x0=0x00000000
       22565000	      2157	80006336	a62d4403	lbu	x8,-1438(x26)	 x26:0x8d6d3048  x8=0x00000000 PA:0x8d6d2aaa load:0x00000000
       22575000	      2158	8000633a	01301593	slli	x11,x0,0x13	  x0:0x00000000 x11=0x00000000
       22945000	      2195	8000633e	034868b3	rem	x17,x16,x20	 x16:0x0000002a x20:0xffffe8e9 x17=0x0000002a
       22985000	      2199	80006342	03673933	mulhu	x18,x14,x22	 x14:0x8004cce4 x22:0x00000078 x18=0x0000003c
       22995000	      2200	80006346	302d5483	lhu	x9,770(x26)	 x26:0x8d6d3048  x9=0x00000000 PA:0x8d6d334a load:0x00000000
       23005000	      2201	8000634a	40bd4503	lbu	x10,1035(x26)	 x26:0x8d6d3048 x10=0x00000095 PA:0x8d6d3453 load:0x00000095
       23015000	      2202	8000634e	e23d4203	lbu	x4,-477(x26)	 x26:0x8d6d3048  x4=0x00000000 PA:0x8d6d2e6b load:0x00000000
       23055000	      2206	80006352	027f9933	mulh	x18,x31,x7	 x31:0x000000cd  x7:0xe3929048 x18=0xffffffe9
       23065000	      2207	80006356	5ffd	c.li	x31,-1	 x31=0xffffffff
       23075000	      2208	80006358	0176ea33	or	x20,x13,x23	 x13:0x00000000 x23:0x00000078 x20=0x00000078
       23085000	      2209	8000635c	491d08a3	sb	x17,1169(x26)	 x26:0x8d6d3048 x17:0x0000002a PA:0x8d6d34d9 store:0x0000002a load:0x00000000
       23095000	      2210	80006360	0003c097	auipc	x1,0x3c	  x1=0x80042360
       23105000	      2211	80006364	6e608093	addi	x1,x1,1766	  x1:0x80042360  x1=0x80042a46
       23115000	      2212	80006368	a260d983	lhu	x19,-1498(x1)	  x1:0x80042a46 x19=0x00002627 PA:0x8004246c load:0x00002627
       23125000	      2213	8000636c	4770c803	lbu	x16,1143(x1)	  x1:0x80042a46 x16=0x00000076 PA:0x80042ebd load:0x00000076
       23135000	      2214	80006370	0840a723	sw	x4,142(x1)	  x1:0x80042a46  x4:0x00000000 PA:0x80042ad4 store:0x00000000 load:0x00000000
       23145000	      2215	80006374	0002d397	auipc	x7,0x2d	  x7=0x80033374
       23155000	      2216	80006378	70038393	addi	x7,x7,1792	  x7:0x80033374  x7=0x80033a74
       23165000	      2217	8000637c	18138403	lb	x8,385(x7)	  x7:0x80033a74  x8=0xffffffae PA:0x80033bf5 load:0xffffffae
       23175000	      2218	80006380	ce908183	lb	x3,-791(x1)	  x1:0x80042a46  x3=0xffffffe4 PA:0x8004272f load:0xffffffe4
       23185000	      2219	80006384	0bb38323	sb	x27,166(x7)	  x7:0x80033a74 x27:0x80033e00 PA:0x80033b1a store:0x80033e00 load:0x00000000
       23195000	      2220	80006388	4be3c783	lbu	x15,1214(x7)	  x7:0x80033a74 x15=0x000000e9 PA:0x80033f32 load:0x000000e9
       23205000	      2221	8000638c	9420a203	lw	x4,-1726(x1)	  x1:0x80042a46  x4=0x40414243 PA:0x80042388 load:0x40414243
       23215000	      2222	80006390	3320d503	lhu	x10,818(x1)	  x1:0x80042a46 x10=0x00003233 PA:0x80042d78 load:0x00003233
       23225000	      2223	80006394	a3c08e03	lb	x28,-1476(x1)	  x1:0x80042a46 x28=0x00000039 PA:0x80042482 load:0x00000039
       23235000	      2224	80006398	fa238ea3	sb	x2,-67(x7)	  x7:0x80033a74  x2:0xf5e39895 PA:0x80033a31 store:0xf5e39895 load:0x00000000
       23245000	      2225	8000639c	2b538183	lb	x3,693(x7)	  x7:0x80033a74  x3=0xffffffe2 PA:0x80033d29 load:0xffffffe2
       23255000	      2226	800063a0	6680da03	lhu	x20,1640(x1)	  x1:0x80042a46 x20=0x00006465 PA:0x800430ae load:0x00006465
       23265000	      2227	800063a4	9e408583	lb	x11,-1564(x1)	  x1:0x80042a46 x11=0xffffffe1 PA:0x8004242a load:0xffffffe1
       23275000	      2228	800063a8	a3c38fa3	sb	x28,-1473(x7)	  x7:0x80033a74 x28:0x00000039 PA:0x800334b3 store:0x00000039 load:0x00000000
       23285000	      2229	800063ac	0002ee97	auipc	x29,0x2e	 x29=0x800343ac
       23295000	      2230	800063b0	c9ce8e93	addi	x29,x29,-868	 x29:0x800343ac x29=0x80034048
       23305000	      2231	800063b4	238c29b7	lui	x19,0x238c2	 x19=0x238c2000
       23315000	      2232	800063b8	9ece	c.add	x29,x19	 x29:0x80034048 x19:0x238c2000 x29=0xa38f6048
       23325000	      2233	800063ba	020e89a3	sb	x0,51(x29)	 x29:0xa38f6048  x0:0x00000000 PA:0xa38f607b store:0x00000000 load:0x00000000
       23335000	      2234	800063be	4c1e82a3	sb	x1,1221(x29)	 x29:0xa38f6048  x1:0x80042a46 PA:0xa38f650d store:0x80042a46 load:0x00000000
       23345000	      2235	800063c2	e63e83a3	sb	x3,-409(x29)	 x29:0xa38f6048  x3:0xffffffe2 PA:0xa38f5eaf store:0xffffffe2 load:0x00000000
       23355000	      2236	800063c6	8d6d	c.and	x10,x11	 x10:0x00003233 x11:0xffffffe1 x10=0x00003221
       23365000	      2237	800063c8	8d15	c.sub	x10,x13	 x10:0x00003221 x13:0x00000000 x10=0x00003221
       23375000	      2238	800063ca	033ec903	lbu	x18,51(x29)	 x29:0xa38f6048 x18=0x00000000 PA:0xa38f607b load:0x00000000
       23385000	      2239	800063ce	4c5e8003	lb	x0,1221(x29)	 x29:0xa38f6048  x0=0x00000000 PA:0xa38f650d load:0x00000046
       23395000	      2240	800063d2	01982b33	slt	x22,x16,x25	 x16:0x00000076 x25:0x0000001d x22=0x00000000
       23765000	      2277	800063d6	02ec4a33	div	x20,x24,x14	 x24:0x000000aa x14:0x8004cce4 x20=0x00000000
       23775000	      2278	800063da	fe9e8a23	sb	x9,-12(x29)	 x29:0xa38f6048  x9:0x00000000 PA:0xa38f603c store:0x00000000 load:0x00000000
       23785000	      2279	800063de	e67e8183	lb	x3,-409(x29)	 x29:0xa38f6048  x3=0xffffffe2 PA:0xa38f5eaf load:0xffffffe2
       23795000	      2280	800063e2	45a1	c.li	x11,8	 x11=0x00000008
       23805000	      2281	800063e4	0efe9923	sh	x15,242(x29)	 x29:0xa38f6048 x15:0x000000e9 PA:0xa38f613a store:0x000000e9 load:0x00000000
       23815000	      2282	800063e8	0002e697	auipc	x13,0x2e	 x13=0x800343e8
       23825000	      2283	800063ec	9fd68693	addi	x13,x13,-1539	 x13:0x800343e8 x13=0x80033de5
       23835000	      2284	800063f0	fe568ea3	sb	x5,-3(x13)	 x13:0x80033de5  x5:0x0000992a PA:0x80033de2 store:0x0000992a load:0x00000000
       23845000	      2285	800063f4	00d6a3a3	sw	x13,7(x13)	 x13:0x80033de5 x13:0x80033de5 PA:0x80033dec store:0x80033de5 load:0x00000000
       23855000	      2286	800063f8	0076af03	lw	x30,7(x13)	 x13:0x80033de5 x30=0x80033de5 PA:0x80033dec load:0x80033de5
       23865000	      2287	800063fc	0076a483	lw	x9,7(x13)	 x13:0x80033de5  x9=0x80033de5 PA:0x80033dec load:0x80033de5
       23875000	      2288	80006400	ff66c583	lbu	x11,-10(x13)	 x13:0x80033de5 x11=0x00000090 PA:0x80033ddb load:0x00000090
       23885000	      2289	80006404	ff66c003	lbu	x0,-10(x13)	 x13:0x80033de5  x0=0x00000000 PA:0x80033ddb load:0x00000090
       23895000	      2290	80006408	8fc5	c.or	x15,x9	 x15:0x000000e9  x9:0x80033de5 x15=0x80033ded
       23905000	      2291	8000640a	ff768b23	sb	x23,-10(x13)	 x13:0x80033de5 x23:0x00000078 PA:0x80033ddb store:0x00000078 load:0x00000000
       23915000	      2292	8000640e	ff068b23	sb	x16,-10(x13)	 x13:0x80033de5 x16:0x00000076 PA:0x80033ddb store:0x00000076 load:0x00000000
       23925000	      2293	80006412	ff66c003	lbu	x0,-10(x13)	 x13:0x80033de5  x0=0x00000000 PA:0x80033ddb load:0x00000076
       23935000	      2294	80006416	00068283	lb	x5,0(x13)	 x13:0x80033de5  x5=0xffffff9e PA:0x80033de5 load:0xffffff9e
       23945000	      2295	8000641a	01968023	sb	x25,0(x13)	 x13:0x80033de5 x25:0x0000001d PA:0x80033de5 store:0x0000001d load:0x00000000
       23955000	      2296	8000641e	00068283	lb	x5,0(x13)	 x13:0x80033de5  x5=0x0000001d PA:0x80033de5 load:0x0000001d
       23965000	      2297	80006422	fe468aa3	sb	x4,-11(x13)	 x13:0x80033de5  x4:0x40414243 PA:0x80033dda store:0x40414243 load:0x00000000
       23975000	      2298	80006426	ff56c503	lbu	x10,-11(x13)	 x13:0x80033de5 x10=0x00000043 PA:0x80033dda load:0x00000043
       23985000	      2299	8000642a	00569c83	lh	x25,5(x13)	 x13:0x80033de5 x25=0xffffa0a1 PA:0x80033dea load:0xffffa0a1
       23995000	      2300	8000642e	00569583	lh	x11,5(x13)	 x13:0x80033de5 x11=0xffffa0a1 PA:0x80033dea load:0xffffa0a1
       24005000	      2301	80006432	0056db03	lhu	x22,5(x13)	 x13:0x80033de5 x22=0x0000a0a1 PA:0x80033dea load:0x0000a0a1
       24015000	      2302	80006436	0086c903	lbu	x18,8(x13)	 x13:0x80033de5 x18=0x0000003d PA:0x80033ded load:0x0000003d
       24025000	      2303	8000643a	0002e597	auipc	x11,0x2e	 x11=0x8003443a
       24035000	      2304	8000643e	c0e58593	addi	x11,x11,-1010	 x11:0x8003443a x11=0x80034048
       24045000	      2305	80006442	7518b337	lui	x6,0x7518b	  x6=0x7518b000
       24055000	      2306	80006446	959a	c.add	x11,x6	 x11:0x80034048  x6:0x7518b000 x11=0xf51bf048
       24065000	      2307	80006448	ac15a823	sw	x1,-1328(x11)	 x11:0xf51bf048  x1:0x80042a46 PA:0xf51beb18 store:0x80042a46 load:0x00000000
       24075000	      2308	8000644c	94258ea3	sb	x2,-1699(x11)	 x11:0xf51bf048  x2:0xf5e39895 PA:0xf51be9a5 store:0xf5e39895 load:0x00000000
       24085000	      2309	80006450	ee4582a3	sb	x4,-283(x11)	 x11:0xf51bf048  x4:0x40414243 PA:0xf51bef2d store:0x40414243 load:0x00000000
       24095000	      2310	80006454	a6658623	sb	x6,-1428(x11)	 x11:0xf51bf048  x6:0x7518b000 PA:0xf51beab4 store:0x7518b000 load:0x00000000
       24105000	      2311	80006458	6a758223	sb	x7,1700(x11)	 x11:0xf51bf048  x7:0x80033a74 PA:0xf51bf6ec store:0x80033a74 load:0x00000000
       24115000	      2312	8000645c	41658523	sb	x22,1034(x11)	 x11:0xf51bf048 x22:0x0000a0a1 PA:0xf51bf452 store:0x0000a0a1 load:0x00000000
       24125000	      2313	80006460	1bd7e993	ori	x19,x15,445	 x15:0x80033ded x19=0x80033dfd
       24135000	      2314	80006464	ad05a303	lw	x6,-1328(x11)	 x11:0xf51bf048  x6=0x80042a46 PA:0xf51beb18 load:0x80042a46
       24145000	      2315	80006468	8ce1	c.and	x9,x8	  x9:0x80033de5  x8:0xffffffae  x9=0x80033da4
       24155000	      2316	8000646a	95d5cc03	lbu	x24,-1699(x11)	 x11:0xf51bf048 x24=0x00000095 PA:0xf51be9a5 load:0x00000095
       24165000	      2317	8000646e	8fa9	c.xor	x15,x10	 x15:0x80033ded x10:0x00000043 x15=0x80033dae
       24175000	      2318	80006470	06d58923	sb	x13,114(x11)	 x11:0xf51bf048 x13:0x80033de5 PA:0xf51bf0ba store:0x80033de5 load:0x00000000
       24205000	      2321	80006474	03ee0bb3	mul	x23,x28,x30	 x28:0x00000039 x30:0x80033de5 x23=0x80b8c7fd
       24215000	      2322	80006478	01ef30b3	sltu	x1,x30,x30	 x30:0x80033de5 x30:0x80033de5  x1=0x00000000
       24225000	      2323	8000647c	00dc0bb3	add	x23,x24,x13	 x24:0x00000095 x13:0x80033de5 x23=0x80033e7a
       24235000	      2324	80006480	ee558e83	lb	x29,-283(x11)	 x11:0xf51bf048 x29=0x00000043 PA:0xf51bef2d load:0x00000043
       24245000	      2325	80006484	8f81	c.sub	x15,x8	 x15:0x80033dae  x8:0xffffffae x15=0x80033e00
       24255000	      2326	80006486	c2e582a3	sb	x14,-987(x11)	 x11:0xf51bf048 x14:0x8004cce4 PA:0xf51bec6d store:0x8004cce4 load:0x00000000
       24265000	      2327	8000648a	59ac9a37	lui	x20,0x59ac9	 x20=0x59ac9000
       24275000	      2328	8000648e	a6c5c403	lbu	x8,-1428(x11)	 x11:0xf51bf048  x8=0x00000000 PA:0xf51beab4 load:0x00000000
       24285000	      2329	80006492	8f8d	c.sub	x15,x11	 x15:0x80033e00 x11:0xf51bf048 x15=0x8ae74db8
       24295000	      2330	80006494	6a45c483	lbu	x9,1700(x11)	 x11:0xf51bf048  x9=0x00000074 PA:0xf51bf6ec load:0x00000074
       24305000	      2331	80006498	0002d297	auipc	x5,0x2d	  x5=0x80033498
       24315000	      2332	8000649c	3eb28293	addi	x5,x5,1003	  x5:0x80033498  x5=0x80033883
       24325000	      2333	800064a0	01c291a3	sh	x28,3(x5)	  x5:0x80033883 x28:0x00000039 PA:0x80033886 store:0x00000039 load:0x00000000
       24335000	      2334	800064a4	00328e83	lb	x29,3(x5)	  x5:0x80033883 x29=0x00000039 PA:0x80033886 load:0x00000039
       24345000	      2335	800064a8	4138dfb3	sra	x31,x17,x19	 x17:0x0000002a x19:0x80033dfd x31=0x00000000
       24355000	      2336	800064ac	00e281a3	sb	x14,3(x5)	  x5:0x80033883 x14:0x8004cce4 PA:0x80033886 store:0x8004cce4 load:0x00000000
       24365000	      2337	800064b0	0032d903	lhu	x18,3(x5)	  x5:0x80033883 x18=0x000000e4 PA:0x80033886 load:0x000000e4
       24375000	      2338	800064b4	01a281a3	sb	x26,3(x5)	  x5:0x80033883 x26:0x8d6d3048 PA:0x80033886 store:0x8d6d3048 load:0x00000000
       24385000	      2339	800064b8	00e28383	lb	x7,14(x5)	  x5:0x80033883  x7=0xffffff8e PA:0x80033891 load:0xffffff8e
       24395000	      2340	800064bc	0012c503	lbu	x10,1(x5)	  x5:0x80033883 x10=0x0000003f PA:0x80033884 load:0x0000003f
       24405000	      2341	800064c0	ff72d683	lhu	x13,-9(x5)	  x5:0x80033883 x13=0x00003031 PA:0x8003387a load:0x00003031
       24415000	      2342	800064c4	0042cc83	lbu	x25,4(x5)	  x5:0x80033883 x25=0x00000000 PA:0x80033887 load:0x00000000
       24445000	      2345	800064c8	02b68033	mul	x0,x13,x11	 x13:0x00003031 x11:0xf51bf048  x0=0x00000000
       24455000	      2346	800064cc	00528223	sb	x5,4(x5)	  x5:0x80033883  x5:0x80033883 PA:0x80033887 store:0x80033883 load:0x00000000
       24465000	      2347	800064d0	00628b83	lb	x23,6(x5)	  x5:0x80033883 x23=0x00000042 PA:0x80033889 load:0x00000042
       24475000	      2348	800064d4	ff028fa3	sb	x16,-1(x5)	  x5:0x80033883 x16:0x00000076 PA:0x80033882 store:0x00000076 load:0x00000000
       24485000	      2349	800064d8	9cbe	c.add	x25,x15	 x25:0x00000000 x15:0x8ae74db8 x25=0x8ae74db8
       24495000	      2350	800064da	eba06813	ori	x16,x0,-326	  x0:0x00000000 x16=0xfffffeba
       24505000	      2351	800064de	fff28c03	lb	x24,-1(x5)	  x5:0x80033883 x24=0x00000076 PA:0x80033882 load:0x00000076
       24515000	      2352	800064e2	fff29903	lh	x18,-1(x5)	  x5:0x80033883 x18=0x00003876 PA:0x80033882 load:0x00003876
       24525000	      2353	800064e6	d8010813	addi	x16,x2,-640	  x2:0xf5e39895 x16=0xf5e39615
       24535000	      2354	800064ea	fff28383	lb	x7,-1(x5)	  x5:0x80033883  x7=0x00000076 PA:0x80033882 load:0x00000076
       24545000	      2355	800064ee	0012af83	lw	x31,1(x5)	  x5:0x80033883 x31=0x8348393f PA:0x80033884 load:0x8348393f
       24555000	      2356	800064f2	ff528083	lb	x1,-11(x5)	  x5:0x80033883  x1=0x00000033 PA:0x80033878 load:0x00000033
       24565000	      2357	800064f6	fed28aa3	sb	x13,-11(x5)	  x5:0x80033883 x13:0x00003031 PA:0x80033878 store:0x00003031 load:0x00000000
       24575000	      2358	800064fa	0002d317	auipc	x6,0x2d	  x6=0x800334fa
       24585000	      2359	800064fe	50a30313	addi	x6,x6,1290	  x6:0x800334fa  x6=0x80033a04
       24595000	      2360	80006502	0002f697	auipc	x13,0x2f	 x13=0x80035502
       24605000	      2361	80006506	4a068693	addi	x13,x13,1184	 x13:0x80035502 x13=0x800359a2
       24615000	      2362	8000650a	ffc30da3	sb	x28,-5(x6)	  x6:0x80033a04 x28:0x00000039 PA:0x800339ff store:0x00000039 load:0x00000000
       24625000	      2363	8000650e	ff734c03	lbu	x24,-9(x6)	  x6:0x80033a04 x24=0x000000b0 PA:0x800339fb load:0x000000b0
       24635000	      2364	80006512	f4f68ea3	sb	x15,-163(x13)	 x13:0x800359a2 x15:0x8ae74db8 PA:0x800358ff store:0x8ae74db8 load:0x00000000
       24645000	      2365	80006516	00635c83	lhu	x25,6(x6)	  x6:0x80033a04 x25=0x0000c0c1 PA:0x80033a0a load:0x0000c0c1
       24655000	      2366	8000651a	00f30083	lb	x1,15(x6)	  x6:0x80033a04  x1=0xffffffc8 PA:0x80033a13 load:0xffffffc8
       24665000	      2367	8000651e	12c68c03	lb	x24,300(x13)	 x13:0x800359a2 x24=0xffffff85 PA:0x80035ace load:0xffffff85
       24675000	      2368	80006522	000307a3	sb	x0,15(x6)	  x6:0x80033a04  x0:0x00000000 PA:0x80033a13 store:0x00000000 load:0x00000000
       24685000	      2369	80006526	ff830783	lb	x15,-8(x6)	  x6:0x80033a04 x15=0xffffffb7 PA:0x800339fc load:0xffffffb7
       24695000	      2370	8000652a	cb068ba3	sb	x16,-841(x13)	 x13:0x800359a2 x16:0xf5e39615 PA:0x80035659 store:0xf5e39615 load:0x00000000
       24705000	      2371	8000652e	ff031d23	sh	x16,-6(x6)	  x6:0x80033a04 x16:0xf5e39615 PA:0x800339fe store:0xf5e39615 load:0x00000000
       24715000	      2372	80006532	00534b83	lbu	x23,5(x6)	  x6:0x80033a04 x23=0x000000c2 PA:0x80033a09 load:0x000000c2
       24725000	      2373	80006536	a416c783	lbu	x15,-1471(x13)	 x13:0x800359a2 x15=0x00000098 PA:0x800353e3 load:0x00000098
       24735000	      2374	8000653a	01930023	sb	x25,0(x6)	  x6:0x80033a04 x25:0x0000c0c1 PA:0x80033a04 store:0x0000c0c1 load:0x00000000
       24745000	      2375	8000653e	6e068b03	lb	x22,1760(x13)	 x13:0x800359a2 x22=0x00000039 PA:0x80036082 load:0x00000039
       24755000	      2376	80006542	8b969623	sh	x25,-1876(x13)	 x13:0x800359a2 x25:0x0000c0c1 PA:0x8003524e store:0x0000c0c1 load:0x00000000
       24765000	      2377	80006546	00035c03	lhu	x24,0(x6)	  x6:0x80033a04 x24=0x0000bec1 PA:0x80033a04 load:0x0000bec1
       24775000	      2378	8000654a	70d6cf03	lbu	x30,1805(x13)	 x13:0x800359a2 x30=0x00000064 PA:0x800360af load:0x00000064
       24785000	      2379	8000654e	0002da17	auipc	x20,0x2d	 x20=0x8003354e
       24795000	      2380	80006552	f45a0a13	addi	x20,x20,-187	 x20:0x8003354e x20=0x80033493
       24805000	      2381	80006556	27ba1f03	lh	x30,635(x20)	 x20:0x80033493 x30=0xffffc4c5 PA:0x8003370e load:0xffffc4c5
       24815000	      2382	8000655a	00037917	auipc	x18,0x37	 x18=0x8003d55a
       24825000	      2383	8000655e	97b90913	addi	x18,x18,-1669	 x18:0x8003d55a x18=0x8003ced5
       24835000	      2384	80006562	d5ba4d83	lbu	x27,-677(x20)	 x20:0x80033493 x27=0x000000a5 PA:0x800331ee load:0x000000a5
       24845000	      2385	80006566	fd591983	lh	x19,-43(x18)	 x18:0x8003ced5 x19=0x00006061 PA:0x8003ceaa load:0x00006061
       24855000	      2386	8000656a	fcc912a3	sh	x12,-59(x18)	 x18:0x8003ced5 x12:0x80048e38 PA:0x8003ce9a store:0x80048e38 load:0x00000000
       24865000	      2387	8000656e	3f6a0e23	sb	x22,1020(x20)	 x20:0x80033493 x22:0x00000039 PA:0x8003388f store:0x00000039 load:0x00000000
       24875000	      2388	80006572	fdf905a3	sb	x31,-53(x18)	 x18:0x8003ced5 x31:0x8348393f PA:0x8003cea0 store:0x8348393f load:0x00000000
       24885000	      2389	80006576	00890723	sb	x8,14(x18)	 x18:0x8003ced5  x8:0x00000000 PA:0x8003cee3 store:0x00000000 load:0x00000000
       24895000	      2390	8000657a	41fa0823	sb	x31,1040(x20)	 x20:0x80033493 x31:0x8348393f PA:0x800338a3 store:0x8348393f load:0x00000000
       24905000	      2391	8000657e	fc392503	lw	x10,-61(x18)	 x18:0x8003ced5 x10=0x8e385253 PA:0x8003ce98 load:0x8e385253
       24915000	      2392	80006582	0a8a0003	lb	x0,168(x20)	 x20:0x80033493  x0=0x00000000 PA:0x8003353b load:0xfffffff0
       24925000	      2393	80006586	02392383	lw	x7,35(x18)	 x18:0x8003ced5  x7=0xb0b1b2b3 PA:0x8003cef8 load:0xb0b1b2b3
       24935000	      2394	8000658a	01690083	lb	x1,22(x18)	 x18:0x8003ced5  x1=0xffffffa0 PA:0x8003ceeb load:0xffffffa0
       24945000	      2395	8000658e	2b8a4b03	lbu	x22,696(x20)	 x20:0x80033493 x22=0x00000000 PA:0x8003374b load:0x00000000
       24955000	      2396	80006592	01b90803	lb	x16,27(x18)	 x18:0x8003ced5 x16=0xffffffab PA:0x8003cef0 load:0xffffffab
       24965000	      2397	80006596	df2a0f83	lb	x31,-526(x20)	 x20:0x80033493 x31=0x0000003e PA:0x80033285 load:0x0000003e
       24975000	      2398	8000659a	ff590683	lb	x13,-11(x18)	 x18:0x8003ced5 x13=0xffffff81 PA:0x8003ceca load:0xffffff81
       24985000	      2399	8000659e	6b5a5b83	lhu	x23,1717(x20)	 x20:0x80033493 x23=0x00000203 PA:0x80033b48 load:0x00000203
       24995000	      2400	800065a2	f64a0303	lb	x6,-156(x20)	 x20:0x80033493  x6=0xffffffac PA:0x800333f7 load:0xffffffac
       25005000	      2401	800065a6	0002d097	auipc	x1,0x2d	  x1=0x800335a6
       25015000	      2402	800065aa	f6908093	addi	x1,x1,-151	  x1:0x800335a6  x1=0x8003350f
       25025000	      2403	800065ae	81e9	c.srli	x11,0x1a	 x11:0xf51bf048 x11=0x0000003d
       25035000	      2404	800065b0	010d4cb3	xor	x25,x26,x16	 x26:0x8d6d3048 x16:0xffffffab x25=0x7292cfe3
       25045000	      2405	800065b4	e210a403	lw	x8,-479(x1)	  x1:0x8003350f  x8=0xe8e9eaeb PA:0x80033330 load:0xe8e9eaeb
       25085000	      2409	800065b8	034fa2b3	mulhsu	x5,x31,x20	 x31:0x0000003e x20:0x80033493  x5=0x0000001f
       25095000	      2410	800065bc	c1b084a3	sb	x27,-1015(x1)	  x1:0x8003350f x27:0x000000a5 PA:0x80033118 store:0x000000a5 load:0x00000000
       25105000	      2411	800065c0	08c6	c.slli	x17,0x11	 x17:0x0000002a x17=0x00540000
       25115000	      2412	800065c2	c4508803	lb	x16,-955(x1)	  x1:0x8003350f x16=0x0000000f PA:0x80033154 load:0x0000000f
       25125000	      2413	800065c6	0ff0000f	fence	iorw,iorw	
       25135000	      2414	800065ca	bbc08203	lb	x4,-1092(x1)	  x1:0x8003350f  x4=0xffffff80 PA:0x800330cb load:0xffffff80
       25145000	      2415	800065ce	4e909e83	lh	x29,1257(x1)	  x1:0x8003350f x29=0xffffb2b3 PA:0x800339f8 load:0xffffb2b3
       25155000	      2416	800065d2	3b408923	sb	x20,946(x1)	  x1:0x8003350f x20:0x80033493 PA:0x800338c1 store:0x80033493 load:0x00000000
       25165000	      2417	800065d6	00a7f833	and	x16,x15,x10	 x15:0x00000098 x10:0x8e385253 x16=0x00000010
       25175000	      2418	800065da	000c41b3	xor	x3,x24,x0	 x24:0x0000bec1  x0:0x00000000  x3=0x0000bec1
       25185000	      2419	800065de	40808123	sb	x8,1026(x1)	  x1:0x8003350f  x8:0xe8e9eaeb PA:0x80033911 store:0xe8e9eaeb load:0x00000000
       25195000	      2420	800065e2	6f30cd83	lbu	x27,1779(x1)	  x1:0x8003350f x27=0x000000b9 PA:0x80033c02 load:0x000000b9
       25205000	      2421	800065e6	416b0533	sub	x10,x22,x22	 x22:0x00000000 x22:0x00000000 x10=0x00000000
       25215000	      2422	800065ea	b3b0d383	lhu	x7,-1221(x1)	  x1:0x8003350f  x7=0x00000001 PA:0x8003304a load:0x00000001
       25255000	      2426	800065ee	0338acb3	mulhsu	x25,x17,x19	 x17:0x00540000 x19:0x00006061 x25=0x0000001f
       25265000	      2427	800065f2	0ff0000f	fence	iorw,iorw	
       25275000	      2428	800065f6	ccf08a03	lb	x20,-817(x1)	  x1:0x8003350f x20=0xffffff95 PA:0x800331de load:0xffffff95
       25285000	      2429	800065fa	fc708723	sb	x7,-50(x1)	  x1:0x8003350f  x7:0x00000001 PA:0x800334dd store:0x00000001 load:0x00000000
       25295000	      2430	800065fe	3360c383	lbu	x7,822(x1)	  x1:0x8003350f  x7=0x000000fe PA:0x80033845 load:0x000000fe
       25305000	      2431	80006602	85ad	c.srai	x11,0xb	 x11:0x0000003d x11=0x00000000
       25315000	      2432	80006604	e936ee93	ori	x29,x13,-365	 x13:0xffffff81 x29=0xffffff93
       25325000	      2433	80006608	0001	c.addi	x0,0	  x0:0x00000000  x0=0x00000000
       25335000	      2434	8000660a	cdd0a583	lw	x11,-803(x1)	  x1:0x8003350f x11=0xa4a5a6a7 PA:0x800331ec load:0xa4a5a6a7
       25345000	      2435	8000660e	9a26	c.add	x20,x9	 x20:0xffffff95  x9:0x00000074 x20=0x00000009
       25355000	      2436	80006610	408a05b3	sub	x11,x20,x8	 x20:0x00000009  x8:0xe8e9eaeb x11=0x1716151e
       25365000	      2437	80006614	55356913	ori	x18,x10,1363	 x10:0x00000000 x18=0x00000553
       25375000	      2438	80006618	82ad	c.srli	x13,0xb	 x13:0xffffff81 x13=0x001fffff
       25385000	      2439	8000661a	99fd	c.andi	x11,-1	 x11:0x1716151e x11=0x1716151e
       25395000	      2440	8000661c	6b508c23	sb	x21,1720(x1)	  x1:0x8003350f x21:0xffffbabb PA:0x80033bc7 store:0xffffbabb load:0x00000000
       25405000	      2441	80006620	8109	c.srli	x10,0x2	 x10:0x00000000 x10=0x00000000
       25415000	      2442	80006622	0ca6	c.slli	x25,0x9	 x25:0x0000001f x25=0x00003e00
       25425000	      2443	80006624	59908503	lb	x10,1433(x1)	  x1:0x8003350f x10=0x00000063 PA:0x80033aa8 load:0x00000063
       25435000	      2444	80006628	08508923	sb	x5,146(x1)	  x1:0x8003350f  x5:0x0000001f PA:0x800335a1 store:0x0000001f load:0x00000000
       25445000	      2445	8000662c	b9c089a3	sb	x28,-1133(x1)	  x1:0x8003350f x28:0x00000039 PA:0x800330a2 store:0x00000039 load:0x00000000
       25455000	      2446	80006630	5fc08e83	lb	x29,1532(x1)	  x1:0x8003350f x29=0xffffffc0 PA:0x80033b0b load:0xffffffc0
       25465000	      2447	80006634	0002da97	auipc	x21,0x2d	 x21=0x80033634
       25475000	      2448	80006638	a98a8a93	addi	x21,x21,-1384	 x21:0x80033634 x21=0x800330cc
       25485000	      2449	8000663c	40a584b3	sub	x9,x11,x10	 x11:0x1716151e x10:0x00000063  x9=0x171614bb
       25495000	      2450	80006640	677a8ea3	sb	x23,1661(x21)	 x21:0x800330cc x23:0x00000203 PA:0x80033749 store:0x00000203 load:0x00000000
       25505000	      2451	80006644	6685	c.lui	x13,0x1	 x13=0x00001000
       25515000	      2452	80006646	1dbacb83	lbu	x23,475(x21)	 x21:0x800330cc x23=0x0000005c PA:0x800332a7 load:0x0000005c
       25525000	      2453	8000664a	8c91	c.sub	x9,x12	  x9:0x171614bb x12:0x80048e38  x9=0x97118683
       25535000	      2454	8000664c	5cda8203	lb	x4,1485(x21)	 x21:0x800330cc  x4=0x00000052 PA:0x80033699 load:0x00000052
       25545000	      2455	80006650	36cad783	lhu	x15,876(x21)	 x21:0x800330cc x15=0x0000f2f3 PA:0x80033438 load:0x0000f2f3
       25555000	      2456	80006654	5e7a8903	lb	x18,1511(x21)	 x21:0x800330cc x18=0x00000068 PA:0x800336b3 load:0x00000068
       25565000	      2457	80006658	40aac083	lbu	x1,1034(x21)	 x21:0x800330cc  x1=0x0000008d PA:0x800334d6 load:0x0000008d
       25935000	      2494	8000665c	02fb5533	divu	x10,x22,x15	 x22:0x00000000 x15:0x0000f2f3 x10=0x00000000
       25945000	      2495	80006660	679ac083	lbu	x1,1657(x21)	 x21:0x800330cc  x1=0x000000fe PA:0x80033745 load:0x000000fe
       25955000	      2496	80006664	5b7a8f03	lb	x30,1463(x21)	 x21:0x800330cc x30=0x00000038 PA:0x80033683 load:0x00000038
       25965000	      2497	80006668	423acb03	lbu	x22,1059(x21)	 x21:0x800330cc x22=0x000000a4 PA:0x800334ef load:0x000000a4
       25975000	      2498	8000666c	f8da8783	lb	x15,-115(x21)	 x21:0x800330cc x15=0x00000012 PA:0x80033059 load:0x00000012
       25985000	      2499	80006670	1e2ad283	lhu	x5,482(x21)	 x21:0x800330cc  x5=0x00006465 PA:0x800332ae load:0x00006465
       25995000	      2500	80006674	250a86a3	sb	x16,589(x21)	 x21:0x800330cc x16:0x00000010 PA:0x80033319 store:0x00000010 load:0x00000000
       26005000	      2501	80006678	26eac503	lbu	x10,622(x21)	 x21:0x800330cc x10=0x000000f1 PA:0x8003333a load:0x000000f1
       26015000	      2502	8000667c	44ea8d83	lb	x27,1102(x21)	 x21:0x800330cc x27=0xffffffd1 PA:0x8003351a load:0xffffffd1
       26025000	      2503	80006680	699a8523	sb	x25,1674(x21)	 x21:0x800330cc x25:0x00003e00 PA:0x80033756 store:0x00003e00 load:0x00000000
       26035000	      2504	80006684	2fba8983	lb	x19,763(x21)	 x21:0x800330cc x19=0x0000007c PA:0x800333c7 load:0x0000007c
       26045000	      2505	80006688	6b7a8903	lb	x18,1719(x21)	 x21:0x800330cc x18=0x00000038 PA:0x80033783 load:0x00000038
       26055000	      2506	8000668c	1ad10537	lui	x10,0x1ad10	 x10=0x1ad10000
       26425000	      2543	80006690	039cd233	divu	x4,x25,x25	 x25:0x00003e00 x25:0x00003e00  x4=0x00000001
       26435000	      2544	80006694	17ea80a3	sb	x30,353(x21)	 x21:0x800330cc x30:0x00000038 PA:0x8003322d store:0x00000038 load:0x00000000
       26445000	      2545	80006698	2b9a8583	lb	x11,697(x21)	 x21:0x800330cc x11=0x0000003e PA:0x80033385 load:0x0000003e
       26455000	      2546	8000669c	164a8203	lb	x4,356(x21)	 x21:0x800330cc  x4=0xffffffeb PA:0x80033230 load:0xffffffeb
       26495000	      2550	800066a0	022a28b3	mulhsu	x17,x20,x2	 x20:0x00000009  x2:0xf5e39895 x17=0x00000008
       26505000	      2551	800066a4	6ce9	c.lui	x25,0x1a	 x25=0x0001a000
       26515000	      2552	800066a6	00e01f13	slli	x30,x0,0xe	  x0:0x00000000 x30=0x00000000
       26525000	      2553	800066aa	705a84a3	sb	x5,1801(x21)	 x21:0x800330cc  x5:0x00006465 PA:0x800337d5 store:0x00006465 load:0x00000000
       26535000	      2554	800066ae	6e6a9083	lh	x1,1766(x21)	 x21:0x800330cc  x1=0x00006869 PA:0x800337b2 load:0x00006869
       26545000	      2555	800066b2	8151	c.srli	x10,0x14	 x10:0x1ad10000 x10=0x000001ad
       26555000	      2556	800066b4	98fd	c.andi	x9,-1	  x9:0x97118683  x9=0x97118683
       26565000	      2557	800066b6	fb5a88a3	sb	x21,-79(x21)	 x21:0x800330cc x21:0x800330cc PA:0x8003307d store:0x800330cc load:0x00000000
       26575000	      2558	800066ba	13dac403	lbu	x8,317(x21)	 x21:0x800330cc  x8=0x000000c2 PA:0x80033209 load:0x000000c2
       26585000	      2559	800066be	047ace03	lbu	x28,71(x21)	 x21:0x800330cc x28=0x000000c8 PA:0x80033113 load:0x000000c8
       26595000	      2560	800066c2	0002df97	auipc	x31,0x2d	 x31=0x800336c2
       26605000	      2561	800066c6	78cf8f93	addi	x31,x31,1932	 x31:0x800336c2 x31=0x80033e4e
       26615000	      2562	800066ca	00fd51b3	srl	x3,x26,x15	 x26:0x8d6d3048 x15:0x00000012  x3=0x0000235b
       26625000	      2563	800066ce	0001	c.addi	x0,0	  x0:0x00000000  x0=0x00000000
       26635000	      2564	800066d0	017f80a3	sb	x23,1(x31)	 x31:0x80033e4e x23:0x0000005c PA:0x80033e4f store:0x0000005c load:0x00000000
       26645000	      2565	800066d4	007c5d33	srl	x26,x24,x7	 x24:0x0000bec1  x7:0x000000fe x26=0x00000000
       26655000	      2566	800066d8	006fdf03	lhu	x30,6(x31)	 x31:0x80033e4e x30=0x00000e0f PA:0x80033e54 load:0x00000e0f
       26665000	      2567	800066dc	8935	c.andi	x10,13	 x10:0x000001ad x10=0x0000000d
       26675000	      2568	800066de	00bfca03	lbu	x20,11(x31)	 x31:0x80033e4e x20=0x00000012 PA:0x80033e59 load:0x00000012
       26685000	      2569	800066e2	ff9fc583	lbu	x11,-7(x31)	 x31:0x80033e4e x11=0x000000fc PA:0x80033e47 load:0x000000fc
       26695000	      2570	800066e6	ff9fc803	lbu	x16,-7(x31)	 x31:0x80033e4e x16=0x000000fc PA:0x80033e47 load:0x000000fc
       26705000	      2571	800066ea	002213b3	sll	x7,x4,x2	  x4:0xffffffeb  x2:0xf5e39895  x7=0xfd600000
       26735000	      2574	800066ee	02c705b3	mul	x11,x14,x12	 x14:0x8004cce4 x12:0x80048e38 x11=0xde4349e0
       26745000	      2575	800066f2	fe8f8fa3	sb	x8,-1(x31)	 x31:0x80033e4e  x8:0x000000c2 PA:0x80033e4d store:0x000000c2 load:0x00000000
       26755000	      2576	800066f6	ff7f8b03	lb	x22,-9(x31)	 x31:0x80033e4e x22=0xfffffffe PA:0x80033e45 load:0xfffffffe
       26765000	      2577	800066fa	ff5f8ca3	sb	x21,-7(x31)	 x31:0x80033e4e x21:0x800330cc PA:0x80033e47 store:0x800330cc load:0x00000000
       26775000	      2578	800066fe	8dc1	c.or	x11,x8	 x11:0xde4349e0  x8:0x000000c2 x11=0xde4349e2
       26785000	      2579	80006700	ffcf9c23	sh	x28,-8(x31)	 x31:0x80033e4e x28:0x000000c8 PA:0x80033e46 store:0x000000c8 load:0x00000000
       26795000	      2580	80006704	01560cb3	add	x25,x12,x21	 x12:0x80048e38 x21:0x800330cc x25=0x0007bf04
       26805000	      2581	80006708	008f9903	lh	x18,8(x31)	 x31:0x80033e4e x18=0x00000c0d PA:0x80033e56 load:0x00000c0d
       26815000	      2582	8000670c	ff0f8ca3	sb	x16,-7(x31)	 x31:0x80033e4e x16:0x000000fc PA:0x80033e47 store:0x000000fc load:0x00000000
       26825000	      2583	80006710	fe7f8823	sb	x7,-16(x31)	 x31:0x80033e4e  x7:0xfd600000 PA:0x80033e3e store:0xfd600000 load:0x00000000
       26835000	      2584	80006714	0188a193	slti	x3,x17,24	 x17:0x00000008  x3=0x00000001
       26845000	      2585	80006718	98bdc793	xori	x15,x27,-1653	 x27:0xffffffd1 x15=0x0000065a
       26855000	      2586	8000671c	00e64b33	xor	x22,x12,x14	 x12:0x80048e38 x14:0x8004cce4 x22=0x000042dc
       26865000	      2587	80006720	ff1f8383	lb	x7,-15(x31)	 x31:0x80033e4e  x7=0xfffffff4 PA:0x80033e3f load:0xfffffff4
       26875000	      2588	80006724	00bf85a3	sb	x11,11(x31)	 x31:0x80033e4e x11:0xde4349e2 PA:0x80033e59 store:0xde4349e2 load:0x00000000
       26885000	      2589	80006728	fe9f8ea3	sb	x9,-3(x31)	 x31:0x80033e4e  x9:0x97118683 PA:0x80033e4b store:0x97118683 load:0x00000000
       26895000	      2590	8000672c	0001	c.addi	x0,0	  x0:0x00000000  x0=0x00000000
       26905000	      2591	8000672e	1751e793	ori	x15,x3,373	  x3:0x00000001 x15=0x00000175
       26915000	      2592	80006732	002fdd03	lhu	x26,2(x31)	 x31:0x80033e4e x26=0x00000a0b PA:0x80033e50 load:0x00000a0b
       26925000	      2593	80006736	ff2f8ea3	sb	x18,-3(x31)	 x31:0x80033e4e x18:0x00000c0d PA:0x80033e4b store:0x00000c0d load:0x00000000
       26935000	      2594	8000673a	8dad	c.xor	x11,x11	 x11:0xde4349e2 x11:0xde4349e2 x11=0x00000000
       26945000	      2595	8000673c	8f9f8337	lui	x6,0x8f9f8	  x6=0x8f9f8000
       26955000	      2596	80006740	006f9823	sh	x6,16(x31)	 x31:0x80033e4e  x6:0x8f9f8000 PA:0x80033e5e store:0x8f9f8000 load:0x00000000
       26965000	      2597	80006744	010f8323	sb	x16,6(x31)	 x31:0x80033e4e x16:0x000000fc PA:0x80033e54 store:0x000000fc load:0x00000000
       26975000	      2598	80006748	00c393b3	sll	x7,x7,x12	  x7:0xfffffff4 x12:0x80048e38  x7=0xf4000000
       26985000	      2599	8000674c	8d52	c.mv	x26,x20	  x0:0x00000000 x20:0x00000012 x26=0x00000012
       26995000	      2600	8000674e	00dfc183	lbu	x3,13(x31)	 x31:0x80033e4e  x3=0x00000010 PA:0x80033e5b load:0x00000010
       27005000	      2601	80006752	00037417	auipc	x8,0x37	  x8=0x8003d752
       27015000	      2602	80006756	04340413	addi	x8,x8,67	  x8:0x8003d752  x8=0x8003d795
       27025000	      2603	8000675a	0002de97	auipc	x29,0x2d	 x29=0x8003375a
       27035000	      2604	8000675e	640e8e93	addi	x29,x29,1600	 x29:0x8003375a x29=0x80033d9a
       27045000	      2605	80006762	f9b41aa3	sh	x27,-107(x8)	  x8:0x8003d795 x27:0xffffffd1 PA:0x8003d72a store:0xffffffd1 load:0x00000000
       27055000	      2606	80006766	081e8f03	lb	x30,129(x29)	 x29:0x80033d9a x30=0xffffffd0 PA:0x80033e1b load:0xffffffd0
       27065000	      2607	8000676a	f2ce9303	lh	x6,-212(x29)	 x29:0x80033d9a  x6=0x00007c7d PA:0x80033cc6 load:0x00007c7d
       27075000	      2608	8000676e	0cf402a3	sb	x15,197(x8)	  x8:0x8003d795 x15:0x00000175 PA:0x8003d85a store:0x00000175 load:0x00000000
       27085000	      2609	80006772	09141283	lh	x5,145(x8)	  x8:0x8003d795  x5=0xffffdcdd PA:0x8003d826 load:0xffffdcdd
       27095000	      2610	80006776	0a040423	sb	x0,168(x8)	  x8:0x8003d795  x0:0x00000000 PA:0x8003d83d store:0x00000000 load:0x00000000
       27105000	      2611	8000677a	f3fecc83	lbu	x25,-193(x29)	 x29:0x80033d9a x25=0x00000092 PA:0x80033cd9 load:0x00000092
       27115000	      2612	8000677e	fcb40303	lb	x6,-53(x8)	  x8:0x8003d795  x6=0x0000001b PA:0x8003d760 load:0x0000001b
       27125000	      2613	80006782	fed44883	lbu	x17,-19(x8)	  x8:0x8003d795 x17=0x00000039 PA:0x8003d782 load:0x00000039
       27135000	      2614	80006786	fdde8b83	lb	x23,-35(x29)	 x29:0x80033d9a x23=0x0000002c PA:0x80033d77 load:0x0000002c
       27145000	      2615	8000678a	ff240883	lb	x17,-14(x8)	  x8:0x8003d795 x17=0x0000003c PA:0x8003d787 load:0x0000003c
       27155000	      2616	8000678e	0de40a83	lb	x21,222(x8)	  x8:0x8003d795 x21=0x00000028 PA:0x8003d873 load:0x00000028
       27165000	      2617	80006792	fac40a03	lb	x20,-84(x8)	  x8:0x8003d795 x20=0xfffffffa PA:0x8003d741 load:0xfffffffa
       27175000	      2618	80006796	032e9483	lh	x9,50(x29)	 x29:0x80033d9a  x9=0xffff8687 PA:0x80033dcc load:0xffff8687
       27185000	      2619	8000679a	0002d697	auipc	x13,0x2d	 x13=0x8003379a
       27195000	      2620	8000679e	0aa68693	addi	x13,x13,170	 x13:0x8003379a x13=0x80033844
       27205000	      2621	800067a2	0d768803	lb	x16,215(x13)	 x13:0x80033844 x16=0xffffffd0 PA:0x8003391b load:0xffffffd0
       27215000	      2622	800067a6	fb768ca3	sb	x23,-71(x13)	 x13:0x80033844 x23:0x0000002c PA:0x800337fd store:0x0000002c load:0x00000000
       27225000	      2623	800067aa	0003cb97	auipc	x23,0x3c	 x23=0x800427aa
       27235000	      2624	800067ae	222b8b93	addi	x23,x23,546	 x23:0x800427aa x23=0x800429cc
       27245000	      2625	800067b2	01db85a3	sb	x29,11(x23)	 x23:0x800429cc x29:0x80033d9a PA:0x800429d7 store:0x80033d9a load:0x00000000
       27255000	      2626	800067b6	f676cb03	lbu	x22,-153(x13)	 x13:0x80033844 x22=0x00000060 PA:0x800337ab load:0x00000060
       27265000	      2627	800067ba	010bcf83	lbu	x31,16(x23)	 x23:0x800429cc x31=0x00000097 PA:0x800429dc load:0x00000097
       27275000	      2628	800067be	00cb9083	lh	x1,12(x23)	 x23:0x800429cc  x1=0xffff9293 PA:0x800429d8 load:0xffff9293
       27285000	      2629	800067c2	ff8b8a03	lb	x20,-8(x23)	 x23:0x800429cc x20=0x0000007f PA:0x800429c4 load:0x0000007f
       27295000	      2630	800067c6	002bdc03	lhu	x24,2(x23)	 x23:0x800429cc x24=0x00008485 PA:0x800429ce load:0x00008485
       27305000	      2631	800067ca	09b6cc03	lbu	x24,155(x13)	 x13:0x80033844 x24=0x00000094 PA:0x800338df load:0x00000094
       27315000	      2632	800067ce	008b86a3	sb	x8,13(x23)	 x23:0x800429cc  x8:0x8003d795 PA:0x800429d9 store:0x8003d795 load:0x00000000
       27325000	      2633	800067d2	06a68ea3	sb	x10,125(x13)	 x13:0x80033844 x10:0x0000000d PA:0x800338c1 store:0x0000000d load:0x00000000
       27335000	      2634	800067d6	00ebd003	lhu	x0,14(x23)	 x23:0x800429cc  x0=0x00000000 PA:0x800429da load:0x00009091
       27345000	      2635	800067da	0002d417	auipc	x8,0x2d	  x8=0x800337da
       27355000	      2636	800067de	ec240413	addi	x8,x8,-318	  x8:0x800337da  x8=0x8003369c
       27365000	      2637	800067e2	01b44c03	lbu	x24,27(x8)	  x8:0x8003369c x24=0x0000006c PA:0x800336b7 load:0x0000006c
       27375000	      2638	800067e6	01b40383	lb	x7,27(x8)	  x8:0x8003369c  x7=0x0000006c PA:0x800336b7 load:0x0000006c
       27385000	      2639	800067ea	04340783	lb	x15,67(x8)	  x8:0x8003369c x15=0xffffff94 PA:0x800336df load:0xffffff94
       27395000	      2640	800067ee	04340d03	lb	x26,67(x8)	  x8:0x8003369c x26=0xffffff94 PA:0x800336df load:0xffffff94
       27405000	      2641	800067f2	00a44783	lbu	x15,10(x8)	  x8:0x8003369c x15=0x0000005d PA:0x800336a6 load:0x0000005d
       27415000	      2642	800067f6	0140c1b3	xor	x3,x1,x20	  x1:0xffff9293 x20:0x0000007f  x3=0xffff92ec
       27425000	      2643	800067fa	0a542023	sw	x5,160(x8)	  x8:0x8003369c  x5:0xffffdcdd PA:0x8003373c store:0xffffdcdd load:0x00000000
       27435000	      2644	800067fe	08c40583	lb	x11,140(x8)	  x8:0x8003369c x11=0xffffffe3 PA:0x80033728 load:0xffffffe3
       27445000	      2645	80006802	6d0d	c.lui	x26,0x3	 x26=0x00003000
       27455000	      2646	80006804	0cd40683	lb	x13,205(x8)	  x8:0x8003369c x13=0x00000000 PA:0x80033769 load:0x00000000
       27465000	      2647	80006808	0c3406a3	sb	x3,205(x8)	  x8:0x8003369c  x3:0xffff92ec PA:0x80033769 store:0xffff92ec load:0x00000000
       27475000	      2648	8000680c	f2442b03	lw	x22,-220(x8)	  x8:0x8003369c x22=0x78797a7b PA:0x800335c0 load:0x78797a7b
       27485000	      2649	80006810	fad44383	lbu	x7,-83(x8)	  x8:0x8003369c  x7=0x00000002 PA:0x80033649 load:0x00000002
       27515000	      2652	80006814	03fc0833	mul	x16,x24,x31	 x24:0x0000006c x31:0x00000097 x16=0x00003fb4
       27525000	      2653	80006818	05341c23	sh	x19,88(x8)	  x8:0x8003369c x19:0x0000007c PA:0x800336f4 store:0x0000007c load:0x00000000
       27535000	      2654	8000681c	0002d697	auipc	x13,0x2d	 x13=0x8003381c
       27545000	      2655	80006820	c9a68693	addi	x13,x13,-870	 x13:0x8003381c x13=0x800334b6
       27555000	      2656	80006824	01d68b23	sb	x29,22(x13)	 x13:0x800334b6 x29:0x80033d9a PA:0x800334cc store:0x80033d9a load:0x00000000
       27565000	      2657	80006828	fd16ca03	lbu	x20,-47(x13)	 x13:0x800334b6 x20=0x0000003c PA:0x80033487 load:0x0000003c
       27575000	      2658	8000682c	01e047b3	xor	x15,x0,x30	  x0:0x00000000 x30:0xffffffd0 x15=0xffffffd0
       27945000	      2695	80006830	0346eab3	rem	x21,x13,x20	 x13:0x800334b6 x20:0x0000003c x21=0xffffffe6
       27955000	      2696	80006834	ffd68303	lb	x6,-3(x13)	 x13:0x800334b6  x6=0x00000039 PA:0x800334b3 load:0x00000039
       27965000	      2697	80006838	4094dc93	srai	x25,x9,0x9	  x9:0xffff8687 x25=0xffffffc3
       27975000	      2698	8000683c	fdf6c483	lbu	x9,-33(x13)	 x13:0x800334b6  x9=0x0000004e PA:0x80033495 load:0x0000004e
       27985000	      2699	80006840	02368983	lb	x19,35(x13)	 x13:0x800334b6 x19=0xffffff92 PA:0x800334d9 load:0xffffff92
       27995000	      2700	80006844	ff268c83	lb	x25,-14(x13)	 x13:0x800334b6 x25=0x00000063 PA:0x800334a8 load:0x00000063
       28005000	      2701	80006848	fdb6cd03	lbu	x26,-37(x13)	 x13:0x800334b6 x26=0x0000004a PA:0x80033491 load:0x0000004a
       28015000	      2702	8000684c	fdb68c83	lb	x25,-37(x13)	 x13:0x800334b6 x25=0x0000004a PA:0x80033491 load:0x0000004a
       28025000	      2703	80006850	407b5b93	srai	x23,x22,0x7	 x22:0x78797a7b x23=0x00f0f2f4
       28035000	      2704	80006854	ffd68f03	lb	x30,-3(x13)	 x13:0x800334b6 x30=0x00000039 PA:0x800334b3 load:0x00000039
       28045000	      2705	80006858	fcd69023	sh	x13,-64(x13)	 x13:0x800334b6 x13:0x800334b6 PA:0x80033476 store:0x800334b6 load:0x00000000
       28055000	      2706	8000685c	fc068283	lb	x5,-64(x13)	 x13:0x800334b6  x5=0xffffffb6 PA:0x80033476 load:0xffffffb6
       28065000	      2707	80006860	fda6ae83	lw	x29,-38(x13)	 x13:0x800334b6 x29=0x48494a4b PA:0x80033490 load:0x48494a4b
       28075000	      2708	80006864	fdc69a03	lh	x20,-36(x13)	 x13:0x800334b6 x20=0x00004849 PA:0x80033492 load:0x00004849
       28085000	      2709	80006868	0002d597	auipc	x11,0x2d	 x11=0x80033868
       28095000	      2710	8000686c	7e058593	addi	x11,x11,2016	 x11:0x80033868 x11=0x80034048
       28105000	      2711	80006870	2de6f3b7	lui	x7,0x2de6f	  x7=0x2de6f000
       28115000	      2712	80006874	959e	c.add	x11,x7	 x11:0x80034048  x7:0x2de6f000 x11=0xadea3048
       28125000	      2713	80006876	86158d23	sb	x1,-1926(x11)	 x11:0xadea3048  x1:0xffff9293 PA:0xadea28c2 store:0xffff9293 load:0x00000000
       28135000	      2714	8000687a	cc259023	sh	x2,-832(x11)	 x11:0xadea3048  x2:0xf5e39895 PA:0xadea2d08 store:0xf5e39895 load:0x00000000
       28145000	      2715	8000687e	08458323	sb	x4,134(x11)	 x11:0xadea3048  x4:0xffffffeb PA:0xadea30ce store:0xffffffeb load:0x00000000
       28155000	      2716	80006882	ab8584a3	sb	x24,-1367(x11)	 x11:0xadea3048 x24:0x0000006c PA:0xadea2af1 store:0x0000006c load:0x00000000
       28165000	      2717	80006886	87a5c883	lbu	x17,-1926(x11)	 x11:0xadea3048 x17=0x00000093 PA:0xadea28c2 load:0x00000093
       28175000	      2718	8000688a	cc059c03	lh	x24,-832(x11)	 x11:0xadea3048 x24=0xffff9895 PA:0xadea2d08 load:0xffff9895
       28185000	      2719	8000688e	41da5e33	sra	x28,x20,x29	 x20:0x00004849 x29:0x48494a4b x28=0x00000009
       28195000	      2720	80006892	6c6146b7	lui	x13,0x6c614	 x13=0x6c614000
       28205000	      2721	80006896	66e58fa3	sb	x14,1663(x11)	 x11:0xadea3048 x14:0x8004cce4 PA:0xadea36c7 store:0x8004cce4 load:0x00000000
       28235000	      2724	8000689a	038b0cb3	mul	x25,x22,x24	 x22:0x78797a7b x24:0xffff9895 x25=0xc4f25197
       28245000	      2725	8000689e	4fd5b413	sltiu	x8,x11,1277	 x11:0xadea3048  x8=0x00000000
       28255000	      2726	800068a2	08658f03	lb	x30,134(x11)	 x11:0xadea3048 x30=0xffffffeb PA:0xadea30ce load:0xffffffeb
       28265000	      2727	800068a6	02acd9b7	lui	x19,0x2acd	 x19=0x02acd000
       28275000	      2728	800068aa	01f740b3	xor	x1,x14,x31	 x14:0x8004cce4 x31:0x00000097  x1=0x8004cc73
       28285000	      2729	800068ae	40fe57b3	sra	x15,x28,x15	 x28:0x00000009 x15:0xffffffd0 x15=0x00000000
       28325000	      2733	800068b2	03983433	mulhu	x8,x16,x25	 x16:0x00003fb4 x25:0xc4f25197  x8=0x00003102
       28335000	      2734	800068b6	8285	c.srli	x13,0x1	 x13:0x6c614000 x13=0x3630a000
       28345000	      2735	800068b8	ce05ac23	sw	x0,-776(x11)	 x11:0xadea3048  x0:0x00000000 PA:0xadea2d40 store:0x00000000 load:0x00000000
       28355000	      2736	800068bc	a7859a23	sh	x24,-1420(x11)	 x11:0xadea3048 x24:0xffff9895 PA:0xadea2abc store:0xffff9895 load:0x00000000
       28365000	      2737	800068c0	0002df17	auipc	x30,0x2d	 x30=0x800338c0
       28375000	      2738	800068c4	a72f0f13	addi	x30,x30,-1422	 x30:0x800338c0 x30=0x80033332
       28385000	      2739	800068c8	40ecd333	sra	x6,x25,x14	 x25:0xc4f25197 x14:0x8004cce4  x6=0xfc4f2519
       28395000	      2740	800068cc	06e79a37	lui	x20,0x6e79	 x20=0x06e79000
       28405000	      2741	800068d0	fdbf4803	lbu	x16,-37(x30)	 x30:0x80033332 x16=0x000000c6 PA:0x8003330d load:0x000000c6
       28415000	      2742	800068d4	fdbf0203	lb	x4,-37(x30)	 x30:0x80033332  x4=0xffffffc6 PA:0x8003330d load:0xffffffc6
       28425000	      2743	800068d8	fdbf4183	lbu	x3,-37(x30)	 x30:0x80033332  x3=0x000000c6 PA:0x8003330d load:0x000000c6
       28435000	      2744	800068dc	fdbf0203	lb	x4,-37(x30)	 x30:0x80033332  x4=0xffffffc6 PA:0x8003330d load:0xffffffc6
       28445000	      2745	800068e0	fdbf0203	lb	x4,-37(x30)	 x30:0x80033332  x4=0xffffffc6 PA:0x8003330d load:0xffffffc6
       28455000	      2746	800068e4	fcbf0da3	sb	x11,-37(x30)	 x30:0x80033332 x11:0xadea3048 PA:0x8003330d store:0xadea3048 load:0x00000000
       28465000	      2747	800068e8	fdbf0983	lb	x19,-37(x30)	 x30:0x80033332 x19=0x00000048 PA:0x8003330d load:0x00000048
       28475000	      2748	800068ec	fdbf4983	lbu	x19,-37(x30)	 x30:0x80033332 x19=0x00000048 PA:0x8003330d load:0x00000048
       28845000	      2785	800068f0	03facbb3	div	x23,x21,x31	 x21:0xffffffe6 x31:0x00000097 x23=0x00000000
       28855000	      2786	800068f4	fdbf4803	lbu	x16,-37(x30)	 x30:0x80033332 x16=0x00000048 PA:0x8003330d load:0x00000048
       28865000	      2787	800068f8	9d3a	c.add	x26,x14	 x26:0x0000004a x14:0x8004cce4 x26=0x8004cd2e
       28875000	      2788	800068fa	0ff0000f	fence	iorw,iorw	
       28885000	      2789	800068fe	fdbf0803	lb	x16,-37(x30)	 x30:0x80033332 x16=0x00000048 PA:0x8003330d load:0x00000048
       28895000	      2790	80006902	fc9f0da3	sb	x9,-37(x30)	 x30:0x80033332  x9:0x0000004e PA:0x8003330d store:0x0000004e load:0x00000000
       28905000	      2791	80006906	0002c597	auipc	x11,0x2c	 x11=0x80032906
       28915000	      2792	8000690a	74258593	addi	x11,x11,1858	 x11:0x80032906 x11=0x80033048
       28925000	      2793	8000690e	48c3fa37	lui	x20,0x48c3f	 x20=0x48c3f000
       28935000	      2794	80006912	95d2	c.add	x11,x20	 x11:0x80033048 x20:0x48c3f000 x11=0xc8c72048
       28945000	      2795	80006914	281587a3	sb	x1,655(x11)	 x11:0xc8c72048  x1:0x8004cc73 PA:0xc8c722d7 store:0x8004cc73 load:0x00000000
       28955000	      2796	80006918	422588a3	sb	x2,1073(x11)	 x11:0xc8c72048  x2:0xf5e39895 PA:0xc8c72479 store:0xf5e39895 load:0x00000000
       28965000	      2797	8000691c	043580a3	sb	x3,65(x11)	 x11:0xc8c72048  x3:0x000000c6 PA:0xc8c72089 store:0x000000c6 load:0x00000000
       28975000	      2798	80006920	f84588a3	sb	x4,-111(x11)	 x11:0xc8c72048  x4:0xffffffc6 PA:0xc8c71fd9 store:0xffffffc6 load:0x00000000
       28985000	      2799	80006924	28558ca3	sb	x5,665(x11)	 x11:0xc8c72048  x5:0xffffffb6 PA:0xc8c722e1 store:0xffffffb6 load:0x00000000
       28995000	      2800	80006928	44658ba3	sb	x6,1111(x11)	 x11:0xc8c72048  x6:0xfc4f2519 PA:0xc8c7249f store:0xfc4f2519 load:0x00000000
       29005000	      2801	8000692c	a0758023	sb	x7,-1536(x11)	 x11:0xc8c72048  x7:0x2de6f000 PA:0xc8c71a48 store:0x2de6f000 load:0x00000000
       29015000	      2802	80006930	6c69	c.lui	x24,0x1a	 x24=0x0001a000
       29025000	      2803	80006932	02ee6913	ori	x18,x28,46	 x28:0x00000009 x18=0x0000002f
       29035000	      2804	80006936	410e5d93	srai	x27,x28,0x10	 x28:0x00000009 x27=0x00000000
       29045000	      2805	8000693a	25d58aa3	sb	x29,597(x11)	 x11:0xc8c72048 x29:0x48494a4b PA:0xc8c7229d store:0x48494a4b load:0x00000000
       29055000	      2806	8000693e	28f58d83	lb	x27,655(x11)	 x11:0xc8c72048 x27=0x00000073 PA:0xc8c722d7 load:0x00000073
       29065000	      2807	80006942	6d15	c.lui	x26,0x5	 x26=0x00005000
       29075000	      2808	80006944	4315ce83	lbu	x29,1073(x11)	 x11:0xc8c72048 x29=0x00000095 PA:0xc8c72479 load:0x00000095
       29085000	      2809	80006948	0415cf03	lbu	x30,65(x11)	 x11:0xc8c72048 x30=0x000000c6 PA:0xc8c72089 load:0x000000c6
       29095000	      2810	8000694c	f915ce83	lbu	x29,-111(x11)	 x11:0xc8c72048 x29=0x000000c6 PA:0xc8c71fd9 load:0x000000c6
       29105000	      2811	80006950	29958b03	lb	x22,665(x11)	 x11:0xc8c72048 x22=0xffffffb6 PA:0xc8c722e1 load:0xffffffb6
       29115000	      2812	80006954	45758a03	lb	x20,1111(x11)	 x11:0xc8c72048 x20=0x00000019 PA:0xc8c7249f load:0x00000019
       29125000	      2813	80006958	012026b3	slt	x13,x0,x18	  x0:0x00000000 x18:0x0000002f x13=0x00000001
       29135000	      2814	8000695c	4009d913	srai	x18,x19,0x0	 x19:0x00000048 x18=0x00000048
       29145000	      2815	80006960	8c81	c.sub	x9,x8	  x9:0x0000004e  x8:0x00003102  x9=0xffffcf4c
       29155000	      2816	80006962	01856333	or	x6,x10,x24	 x10:0x0000000d x24:0x0001a000  x6=0x0001a00d
       29165000	      2817	80006966	b1548d13	addi	x26,x9,-1259	  x9:0xffffcf4c x26=0xffffca61
       29175000	      2818	8000696a	a005c903	lbu	x18,-1536(x11)	 x11:0xc8c72048 x18=0x00000000 PA:0xc8c71a48 load:0x00000000
       29185000	      2819	8000696e	0002d997	auipc	x19,0x2d	 x19=0x8003396e
       29195000	      2820	80006972	6da98993	addi	x19,x19,1754	 x19:0x8003396e x19=0x80034048
       29205000	      2821	80006976	1c2c2a37	lui	x20,0x1c2c2	 x20=0x1c2c2000
       29215000	      2822	8000697a	99d2	c.add	x19,x20	 x19:0x80034048 x20:0x1c2c2000 x19=0x9c2f6048
       29225000	      2823	8000697c	c2199323	sh	x1,-986(x19)	 x19:0x9c2f6048  x1:0x8004cc73 PA:0x9c2f5c6e store:0x8004cc73 load:0x00000000
       29235000	      2824	80006980	b42980a3	sb	x2,-1215(x19)	 x19:0x9c2f6048  x2:0xf5e39895 PA:0x9c2f5b89 store:0xf5e39895 load:0x00000000
       29245000	      2825	80006984	243987a3	sb	x3,591(x19)	 x19:0x9c2f6048  x3:0x000000c6 PA:0x9c2f6297 store:0x000000c6 load:0x00000000
       29255000	      2826	80006988	82698c23	sb	x6,-1992(x19)	 x19:0x9c2f6048  x6:0x0001a00d PA:0x9c2f5880 store:0x0001a00d load:0x00000000
       29265000	      2827	8000698c	1e7981a3	sb	x7,483(x19)	 x19:0x9c2f6048  x7:0x2de6f000 PA:0x9c2f622b store:0x2de6f000 load:0x00000000
       29275000	      2828	80006990	ff698223	sb	x22,-28(x19)	 x19:0x9c2f6048 x22:0xffffffb6 PA:0x9c2f602c store:0xffffffb6 load:0x00000000
       29285000	      2829	80006994	c2699403	lh	x8,-986(x19)	 x19:0x9c2f6048  x8=0xffffcc73 PA:0x9c2f5c6e load:0xffffcc73
       29295000	      2830	80006998	b4198a83	lb	x21,-1215(x19)	 x19:0x9c2f6048 x21=0xffffff95 PA:0x9c2f5b89 load:0xffffff95
       29305000	      2831	8000699c	0001	c.addi	x0,0	  x0:0x00000000  x0=0x00000000
       29315000	      2832	8000699e	015a2e33	slt	x28,x20,x21	 x20:0x1c2c2000 x21:0xffffff95 x28=0x00000000
       29325000	      2833	800069a2	24f9c483	lbu	x9,591(x19)	 x19:0x9c2f6048  x9=0x000000c6 PA:0x9c2f6297 load:0x000000c6
       29335000	      2834	800069a6	50911017	auipc	x0,0x50911	  x0=0x00000000
       29365000	      2837	800069aa	024988b3	mul	x17,x19,x4	 x19:0x9c2f6048  x4:0xffffffc6 x17=0x9d442fb0
       29375000	      2838	800069ae	001bd393	srli	x7,x23,0x1	 x23:0x00000000  x7=0x00000000
       29385000	      2839	800069b2	37398da3	sb	x19,891(x19)	 x19:0x9c2f6048 x19:0x9c2f6048 PA:0x9c2f63c3 store:0x9c2f6048 load:0x00000000
       29395000	      2840	800069b6	7f098323	sb	x16,2022(x19)	 x19:0x9c2f6048 x16:0x00000048 PA:0x9c2f682e store:0x00000048 load:0x00000000
       29405000	      2841	800069ba	8389ce83	lbu	x29,-1992(x19)	 x19:0x9c2f6048 x29=0x0000000d PA:0x9c2f5880 load:0x0000000d
       29415000	      2842	800069be	1e39cb83	lbu	x23,483(x19)	 x19:0x9c2f6048 x23=0x00000000 PA:0x9c2f622b load:0x00000000
       29425000	      2843	800069c2	00031917	auipc	x18,0x31	 x18=0x800379c2
       29435000	      2844	800069c6	ef090913	addi	x18,x18,-272	 x18:0x800379c2 x18=0x800378b2
       29445000	      2845	800069ca	f6494e83	lbu	x29,-156(x18)	 x18:0x800378b2 x29=0x000000cd PA:0x80037816 load:0x000000cd
       29455000	      2846	800069ce	f6491583	lh	x11,-156(x18)	 x18:0x800378b2 x11=0xffffcccd PA:0x80037816 load:0xffffcccd
       29465000	      2847	800069d2	0a794c03	lbu	x24,167(x18)	 x18:0x800378b2 x24=0x00000012 PA:0x80037959 load:0x00000012
       29475000	      2848	800069d6	0ab90223	sb	x11,164(x18)	 x18:0x800378b2 x11:0xffffcccd PA:0x80037956 store:0xffffcccd load:0x00000000
       29485000	      2849	800069da	8db1	c.xor	x11,x12	 x11:0xffffcccd x12:0x80048e38 x11=0x7ffb42f5
       29495000	      2850	800069dc	0bd90223	sb	x29,164(x18)	 x18:0x800378b2 x29:0x000000cd PA:0x80037956 store:0x000000cd load:0x00000000
       29505000	      2851	800069e0	8491	c.srai	x9,0x4	  x9:0x000000c6  x9=0x0000000c
       29515000	      2852	800069e2	0a491083	lh	x1,164(x18)	 x18:0x800378b2  x1=0x00000ccd PA:0x80037956 load:0x00000ccd
       29525000	      2853	800069e6	0a490503	lb	x10,164(x18)	 x18:0x800378b2 x10=0xffffffcd PA:0x80037956 load:0xffffffcd
       29535000	      2854	800069ea	f9a94c83	lbu	x25,-102(x18)	 x18:0x800378b2 x25=0x00000007 PA:0x8003784c load:0x00000007
       29545000	      2855	800069ee	0b890383	lb	x7,184(x18)	 x18:0x800378b2  x7=0x00000021 PA:0x8003796a load:0x00000021
       29915000	      2892	800069f2	029b55b3	divu	x11,x22,x9	 x22:0xffffffb6  x9:0x0000000c x11=0x1555554f
       29925000	      2893	800069f6	0b895f83	lhu	x31,184(x18)	 x18:0x800378b2 x31=0x00002021 PA:0x8003796a load:0x00002021
       29935000	      2894	800069fa	0b891303	lh	x6,184(x18)	 x18:0x800378b2  x6=0x00002021 PA:0x8003796a load:0x00002021
       29945000	      2895	800069fe	f9f90c03	lb	x24,-97(x18)	 x18:0x800378b2 x24=0x0000000a PA:0x80037851 load:0x0000000a
       29955000	      2896	80006a02	0000100f	fence.i	
       29985000	      2899	80006a06	004f4b33	xor	x22,x30,x4	 x30:0x000000c6  x4:0xffffffc6 x22=0xffffff00
       29995000	      2900	80006a0a	fe495183	lhu	x3,-28(x18)	 x18:0x800378b2  x3=0x00004c4d PA:0x80037896 load:0x00004c4d
       30005000	      2901	80006a0e	0003b097	auipc	x1,0x3b	  x1=0x80041a0e
       30015000	      2902	80006a12	88a08093	addi	x1,x1,-1910	  x1:0x80041a0e  x1=0x80041298
       30025000	      2903	80006a16	00f08f03	lb	x30,15(x1)	  x1:0x80041298 x30=0x0000005c PA:0x800412a7 load:0x0000005c
       30035000	      2904	80006a1a	9d12	c.add	x26,x4	 x26:0xffffca61  x4:0xffffffc6 x26=0xffffca27
       30045000	      2905	80006a1c	00f0c683	lbu	x13,15(x1)	  x1:0x80041298 x13=0x0000005c PA:0x800412a7 load:0x0000005c
       30055000	      2906	80006a20	00f08903	lb	x18,15(x1)	  x1:0x80041298 x18=0x0000005c PA:0x800412a7 load:0x0000005c
       30065000	      2907	80006a24	00c087a3	sb	x12,15(x1)	  x1:0x80041298 x12:0x80048e38 PA:0x800412a7 store:0x80048e38 load:0x00000000
       30075000	      2908	80006a28	00f0c883	lbu	x17,15(x1)	  x1:0x80041298 x17=0x00000038 PA:0x800412a7 load:0x00000038
       30085000	      2909	80006a2c	01c087a3	sb	x28,15(x1)	  x1:0x80041298 x28:0x00000000 PA:0x800412a7 store:0x00000000 load:0x00000000
       30095000	      2910	80006a30	00f0c303	lbu	x6,15(x1)	  x1:0x80041298  x6=0x00000000 PA:0x800412a7 load:0x00000000
       30105000	      2911	80006a34	00f08783	lb	x15,15(x1)	  x1:0x80041298 x15=0x00000000 PA:0x800412a7 load:0x00000000
       30115000	      2912	80006a38	00f0cb03	lbu	x22,15(x1)	  x1:0x80041298 x22=0x00000000 PA:0x800412a7 load:0x00000000
       30125000	      2913	80006a3c	00f0c503	lbu	x10,15(x1)	  x1:0x80041298 x10=0x00000000 PA:0x800412a7 load:0x00000000
       30135000	      2914	80006a40	00f0cf03	lbu	x30,15(x1)	  x1:0x80041298 x30=0x00000000 PA:0x800412a7 load:0x00000000
       30145000	      2915	80006a44	0002c797	auipc	x15,0x2c	 x15=0x80032a44
       30155000	      2916	80006a48	76578793	addi	x15,x15,1893	 x15:0x80032a44 x15=0x800331a9
       30165000	      2917	80006a4c	ffe78003	lb	x0,-2(x15)	 x15:0x800331a9  x0=0x00000000 PA:0x800331a7 load:0x0000005c
       30205000	      2921	80006a50	02bb28b3	mulhsu	x17,x22,x11	 x22:0x00000000 x11:0x1555554f x17=0x00000000
       30215000	      2922	80006a54	ff278b23	sb	x18,-10(x15)	 x15:0x800331a9 x18:0x0000005c PA:0x8003319f store:0x0000005c load:0x00000000
       30225000	      2923	80006a58	01b98cb3	add	x25,x19,x27	 x19:0x9c2f6048 x27:0x00000073 x25=0x9c2f60bb
       30235000	      2924	80006a5c	ff878c03	lb	x24,-8(x15)	 x15:0x800331a9 x24=0x0000005a PA:0x800331a1 load:0x0000005a
       30245000	      2925	80006a60	d6ee0313	addi	x6,x28,-658	 x28:0x00000000  x6=0xfffffd6e
       30255000	      2926	80006a64	ff878883	lb	x17,-8(x15)	 x15:0x800331a9 x17=0x0000005a PA:0x800331a1 load:0x0000005a
       30265000	      2927	80006a68	ff878903	lb	x18,-8(x15)	 x15:0x800331a9 x18=0x0000005a PA:0x800331a1 load:0x0000005a
       30275000	      2928	80006a6c	ff878083	lb	x1,-8(x15)	 x15:0x800331a9  x1=0x0000005a PA:0x800331a1 load:0x0000005a
       30285000	      2929	80006a70	ff878483	lb	x9,-8(x15)	 x15:0x800331a9  x9=0x0000005a PA:0x800331a1 load:0x0000005a
       30295000	      2930	80006a74	ff878803	lb	x16,-8(x15)	 x15:0x800331a9 x16=0x0000005a PA:0x800331a1 load:0x0000005a
       30305000	      2931	80006a78	01ea3ab3	sltu	x21,x20,x30	 x20:0x1c2c2000 x30:0x00000000 x21=0x00000000
       30315000	      2932	80006a7c	ff87c003	lbu	x0,-8(x15)	 x15:0x800331a9  x0=0x00000000 PA:0x800331a1 load:0x0000005a
       30325000	      2933	80006a80	ff878983	lb	x19,-8(x15)	 x15:0x800331a9 x19=0x0000005a PA:0x800331a1 load:0x0000005a
       30335000	      2934	80006a84	ff878503	lb	x10,-8(x15)	 x15:0x800331a9 x10=0x0000005a PA:0x800331a1 load:0x0000005a
       30345000	      2935	80006a88	ff878f03	lb	x30,-8(x15)	 x15:0x800331a9 x30=0x0000005a PA:0x800331a1 load:0x0000005a
       30355000	      2936	80006a8c	fe3788a3	sb	x3,-15(x15)	 x15:0x800331a9  x3:0x00004c4d PA:0x8003319a store:0x00004c4d load:0x00000000
       30365000	      2937	80006a90	ff178e03	lb	x28,-15(x15)	 x15:0x800331a9 x28=0x0000004d PA:0x8003319a load:0x0000004d
       30375000	      2938	80006a94	ff179c03	lh	x24,-15(x15)	 x15:0x800331a9 x24=0x0000504d PA:0x8003319a load:0x0000504d
       30385000	      2939	80006a98	ff178483	lb	x9,-15(x15)	 x15:0x800331a9  x9=0x0000004d PA:0x8003319a load:0x0000004d
       30395000	      2940	80006a9c	00154bb3	xor	x23,x10,x1	 x10:0x0000005a  x1:0x0000005a x23=0x00000000
       30405000	      2941	80006aa0	0077c983	lbu	x19,7(x15)	 x15:0x800331a9 x19=0x0000006b PA:0x800331b0 load:0x0000006b
       30415000	      2942	80006aa4	6e29	c.lui	x28,0xa	 x28=0x0000a000
       30425000	      2943	80006aa6	0077da03	lhu	x20,7(x15)	 x15:0x800331a9 x20=0x00006a6b PA:0x800331b0 load:0x00006a6b
       30435000	      2944	80006aaa	0097d483	lhu	x9,9(x15)	 x15:0x800331a9  x9=0x00006869 PA:0x800331b2 load:0x00006869
       30445000	      2945	80006aae	00037b97	auipc	x23,0x37	 x23=0x8003daae
       30455000	      2946	80006ab2	f39b8b93	addi	x23,x23,-199	 x23:0x8003daae x23=0x8003d9e7
       30465000	      2947	80006ab6	ffeb8c23	sb	x30,-8(x23)	 x23:0x8003d9e7 x30:0x0000005a PA:0x8003d9df store:0x0000005a load:0x00000000
       30475000	      2948	80006aba	0002d197	auipc	x3,0x2d	  x3=0x80033aba
       30485000	      2949	80006abe	f2e18193	addi	x3,x3,-210	  x3:0x80033aba  x3=0x800339e8
       30495000	      2950	80006ac2	006bcc83	lbu	x25,6(x23)	 x23:0x8003d9e7 x25=0x000000a6 PA:0x8003d9ed load:0x000000a6
       30505000	      2951	80006ac6	f3518e03	lb	x28,-203(x3)	  x3:0x800339e8 x28=0xffffffd6 PA:0x8003391d load:0xffffffd6
       30515000	      2952	80006aca	ff0bcb03	lbu	x22,-16(x23)	 x23:0x8003d9e7 x22=0x0000008c PA:0x8003d9d7 load:0x0000008c
       30525000	      2953	80006ace	010b8283	lb	x5,16(x23)	 x23:0x8003d9e7  x5=0xffffffac PA:0x8003d9f7 load:0xffffffac
       30535000	      2954	80006ad2	fea187a3	sb	x10,-17(x3)	  x3:0x800339e8 x10:0x0000005a PA:0x800339d7 store:0x0000005a load:0x00000000
       30545000	      2955	80006ad6	ffebca83	lbu	x21,-2(x23)	 x23:0x8003d9e7 x21=0x0000009e PA:0x8003d9e5 load:0x0000009e
       30555000	      2956	80006ada	01618ca3	sb	x22,25(x3)	  x3:0x800339e8 x22:0x0000008c PA:0x80033a01 store:0x0000008c load:0x00000000
       30565000	      2957	80006ade	00ab8403	lb	x8,10(x23)	 x23:0x8003d9e7  x8=0xffffffaa PA:0x8003d9f1 load:0xffffffaa
       30575000	      2958	80006ae2	009ba203	lw	x4,9(x23)	 x23:0x8003d9e7  x4=0xa8a9aaab PA:0x8003d9f0 load:0xa8a9aaab
       30585000	      2959	80006ae6	fa318883	lb	x17,-93(x3)	  x3:0x800339e8 x17=0x00000040 PA:0x8003398b load:0x00000040
       30595000	      2960	80006aea	ff3bc203	lbu	x4,-13(x23)	 x23:0x8003d9e7  x4=0x00000091 PA:0x8003d9da load:0x00000091
       30605000	      2961	80006aee	00db8503	lb	x10,13(x23)	 x23:0x8003d9e7 x10=0xffffffaf PA:0x8003d9f4 load:0xffffffaf
       30615000	      2962	80006af2	fbf189a3	sb	x31,-77(x3)	  x3:0x800339e8 x31:0x00002021 PA:0x8003399b store:0x00002021 load:0x00000000
       30625000	      2963	80006af6	0002c597	auipc	x11,0x2c	 x11=0x80032af6
       30635000	      2964	80006afa	55258593	addi	x11,x11,1362	 x11:0x80032af6 x11=0x80033048
       30645000	      2965	80006afe	35682a37	lui	x20,0x35682	 x20=0x35682000
       30655000	      2966	80006b02	95d2	c.add	x11,x20	 x11:0x80033048 x20:0x35682000 x11=0xb56b5048
       30665000	      2967	80006b04	b40585a3	sb	x0,-1205(x11)	 x11:0xb56b5048  x0:0x00000000 PA:0xb56b4b93 store:0x00000000 load:0x00000000
       30675000	      2968	80006b08	e8158f23	sb	x1,-354(x11)	 x11:0xb56b5048  x1:0x0000005a PA:0xb56b4ee6 store:0x0000005a load:0x00000000
       30685000	      2969	80006b0c	2e458423	sb	x4,744(x11)	 x11:0xb56b5048  x4:0x00000091 PA:0xb56b5330 store:0x00000091 load:0x00000000
       30695000	      2970	80006b10	36558d23	sb	x5,890(x11)	 x11:0xb56b5048  x5:0xffffffac PA:0xb56b53c2 store:0xffffffac load:0x00000000
       30705000	      2971	80006b14	a66581a3	sb	x6,-1437(x11)	 x11:0xb56b5048  x6:0xfffffd6e PA:0xb56b4aab store:0xfffffd6e load:0x00000000
       30715000	      2972	80006b18	8ba9	c.andi	x15,10	 x15:0x800331a9 x15=0x00000008
       30725000	      2973	80006b1a	b4b58e03	lb	x28,-1205(x11)	 x11:0xb56b5048 x28=0x00000000 PA:0xb56b4b93 load:0x00000000
       30735000	      2974	80006b1e	e9e58983	lb	x19,-354(x11)	 x11:0xb56b5048 x19=0x0000005a PA:0xb56b4ee6 load:0x0000005a
       30745000	      2975	80006b22	e8f586a3	sb	x15,-371(x11)	 x11:0xb56b5048 x15:0x00000008 PA:0xb56b4ed5 store:0x00000008 load:0x00000000
       30755000	      2976	80006b26	8e95	c.sub	x13,x13	 x13:0x0000005c x13:0x0000005c x13=0x00000000
       30765000	      2977	80006b28	8d4d	c.or	x10,x11	 x10:0xffffffaf x11:0xb56b5048 x10=0xffffffef
       30775000	      2978	80006b2a	696582a3	sb	x22,1669(x11)	 x11:0xb56b5048 x22:0x0000008c PA:0xb56b56cd store:0x0000008c load:0x00000000
       30785000	      2979	80006b2e	2e858e83	lb	x29,744(x11)	 x11:0xb56b5048 x29=0xffffff91 PA:0xb56b5330 load:0xffffff91
       30795000	      2980	80006b32	0ff0000f	fence	iorw,iorw	
       30805000	      2981	80006b36	08ae	c.slli	x17,0xb	 x17:0x00000040 x17=0x00020000
       30815000	      2982	80006b38	61be4a37	lui	x20,0x61be4	 x20=0x61be4000
       30825000	      2983	80006b3c	37a58d03	lb	x26,890(x11)	 x11:0xb56b5048 x26=0xffffffac PA:0xb56b53c2 load:0xffffffac
       30835000	      2984	80006b40	a6358a83	lb	x21,-1437(x11)	 x11:0xb56b5048 x21=0x0000006e PA:0xb56b4aab load:0x0000006e
       30845000	      2985	80006b44	01b06f33	or	x30,x0,x27	  x0:0x00000000 x27:0x00000073 x30=0x00000073
       30855000	      2986	80006b48	8952	c.mv	x18,x20	  x0:0x00000000 x20:0x61be4000 x18=0x61be4000
       30865000	      2987	80006b4a	0b858f23	sb	x24,190(x11)	 x11:0xb56b5048 x24:0x0000504d PA:0xb56b5106 store:0x0000504d load:0x00000000
       30875000	      2988	80006b4e	0002dc17	auipc	x24,0x2d	 x24=0x80033b4e
       30885000	      2989	80006b52	116c0c13	addi	x24,x24,278	 x24:0x80033b4e x24=0x80033c64
       30895000	      2990	80006b56	0003ce17	auipc	x28,0x3c	 x28=0x80042b56
       30905000	      2991	80006b5a	4aae0e13	addi	x28,x28,1194	 x28:0x80042b56 x28=0x80043000
       30915000	      2992	80006b5e	fe8e5b03	lhu	x22,-24(x28)	 x28:0x80043000 x22=0x0000a2a3 PA:0x80042fe8 load:0x0000a2a3
       30935000	      2994	80006b62	ff6c1523	sh	x22,-22(x24)	 x24:0x80033c64 x22:0x0000a2a3 PA:0x80033c4e store:0x0000a2a3 load:0x00000000
       30945000	      2995	80006b66	fd9e1d23	sh	x25,-38(x28)	 x28:0x80043000 x25:0x000000a6 PA:0x80042fda store:0x000000a6 load:0x00000000
       30955000	      2996	80006b6a	fd6c5303	lhu	x6,-42(x24)	 x24:0x80033c64  x6=0x0000f0f1 PA:0x80033c3a load:0x0000f0f1
       30965000	      2997	80006b6e	feee1e83	lh	x29,-18(x28)	 x28:0x80043000 x29=0xffffa4a5 PA:0x80042fee load:0xffffa4a5
       30975000	      2998	80006b72	02bc4683	lbu	x13,43(x24)	 x24:0x80033c64 x13=0x00000044 PA:0x80033c8f load:0x00000044
       30985000	      2999	80006b76	feae1483	lh	x9,-22(x28)	 x28:0x80043000  x9=0xffffa0a1 PA:0x80042fea load:0xffffa0a1
       30995000	      3000	80006b7a	fe3e4a03	lbu	x20,-29(x28)	 x28:0x80043000 x20=0x00000098 PA:0x80042fe3 load:0x00000098
       31005000	      3001	80006b7e	03be03a3	sb	x27,39(x28)	 x28:0x80043000 x27:0x00000073 PA:0x80043027 store:0x00000073 load:0x00000000
       31015000	      3002	80006b82	fe0c2903	lw	x18,-32(x24)	 x24:0x80033c64 x18=0xfcfdfeff PA:0x80033c44 load:0xfcfdfeff
       31025000	      3003	80006b86	fc4c0083	lb	x1,-60(x24)	 x24:0x80033c64  x1=0xffffffe3 PA:0x80033c28 load:0xffffffe3
       31035000	      3004	80006b8a	fd8e2623	sw	x24,-52(x28)	 x28:0x80043000 x24:0x80033c64 PA:0x80042fcc store:0x80033c64 load:0x00000000
       31045000	      3005	80006b8e	011c0ca3	sb	x17,25(x24)	 x24:0x80033c64 x17:0x00020000 PA:0x80033c7d store:0x00020000 load:0x00000000
       31055000	      3006	80006b92	001c1d23	sh	x1,26(x24)	 x24:0x80033c64  x1:0xffffffe3 PA:0x80033c7e store:0xffffffe3 load:0x00000000
       31065000	      3007	80006b96	035e0c83	lb	x25,53(x28)	 x28:0x80043000 x25=0xffffffee PA:0x80043035 load:0xffffffee
       31075000	      3008	80006b9a	034e05a3	sb	x20,43(x28)	 x28:0x80043000 x20:0x00000098 PA:0x8004302b store:0x00000098 load:0x00000000
       31085000	      3009	80006b9e	0002c217	auipc	x4,0x2c	  x4=0x80032b9e
       31095000	      3010	80006ba2	4aa20213	addi	x4,x4,1194	  x4:0x80032b9e  x4=0x80033048
       31105000	      3011	80006ba6	6c3ed9b7	lui	x19,0x6c3ed	 x19=0x6c3ed000
       31115000	      3012	80006baa	924e	c.add	x4,x19	  x4:0x80033048 x19:0x6c3ed000  x4=0xec420048
       31125000	      3013	80006bac	24121223	sh	x1,580(x4)	  x4:0xec420048  x1:0xffffffe3 PA:0xec42028c store:0xffffffe3 load:0x00000000
       31135000	      3014	80006bb0	d0321023	sh	x3,-768(x4)	  x4:0xec420048  x3:0x800339e8 PA:0xec41fd48 store:0x800339e8 load:0x00000000
       31145000	      3015	80006bb4	8e420da3	sb	x4,-1797(x4)	  x4:0xec420048  x4:0xec420048 PA:0xec41f943 store:0xec420048 load:0x00000000
       31155000	      3016	80006bb8	ee5202a3	sb	x5,-283(x4)	  x4:0xec420048  x5:0xffffffac PA:0xec41ff2d store:0xffffffac load:0x00000000
       31165000	      3017	80006bbc	366203a3	sb	x6,871(x4)	  x4:0xec420048  x6:0x0000f0f1 PA:0xec4203af store:0x0000f0f1 load:0x00000000
       31175000	      3018	80006bc0	7a721423	sh	x7,1960(x4)	  x4:0xec420048  x7:0x00000021 PA:0xec4207f0 store:0x00000021 load:0x00000000
       31545000	      3055	80006bc4	0283e0b3	rem	x1,x7,x8	  x7:0x00000021  x8:0xffffffaa  x1=0x00000021
       31555000	      3056	80006bc8	8c0d	c.sub	x8,x11	  x8:0xffffffaa x11:0xb56b5048  x8=0x4a94af62
       31565000	      3057	80006bca	086d	c.addi	x16,27	 x16:0x0000005a x16=0x00000075
       31575000	      3058	80006bcc	bc320da3	sb	x3,-1061(x4)	  x4:0xec420048  x3:0x800339e8 PA:0xec41fc23 store:0x800339e8 load:0x00000000
       31585000	      3059	80006bd0	24425583	lhu	x11,580(x4)	  x4:0xec420048 x11=0x0000ffe3 PA:0xec42028c load:0x0000ffe3
       31595000	      3060	80006bd4	844207a3	sb	x4,-1969(x4)	  x4:0xec420048  x4:0xec420048 PA:0xec41f897 store:0xec420048 load:0x00000000
       31965000	      3097	80006bd8	031cf0b3	remu	x1,x25,x17	 x25:0xffffffee x17:0x00020000  x1=0x0001ffee
       31975000	      3098	80006bdc	d0025b03	lhu	x22,-768(x4)	  x4:0xec420048 x22=0x000039e8 PA:0xec41fd48 load:0x000039e8
       31985000	      3099	80006be0	8fb24583	lbu	x11,-1797(x4)	  x4:0xec420048 x11=0x00000048 PA:0xec41f943 load:0x00000048
       32025000	      3103	80006be4	0318a933	mulhsu	x18,x17,x17	 x17:0x00020000 x17:0x00020000 x18=0x00000004
       32035000	      3104	80006be8	9492f393	andi	x7,x5,-1719	  x5:0xffffffac  x7=0xfffff908
       32045000	      3105	80006bec	00d3afb3	slt	x31,x7,x13	  x7:0xfffff908 x13:0x00000044 x31=0x00000001
       32055000	      3106	80006bf0	ee520983	lb	x19,-283(x4)	  x4:0xec420048 x19=0xffffffac PA:0xec41ff2d load:0xffffffac
       32065000	      3107	80006bf4	36720803	lb	x16,871(x4)	  x4:0xec420048 x16=0xfffffff1 PA:0xec4203af load:0xfffffff1
       32075000	      3108	80006bf8	7a821183	lh	x3,1960(x4)	  x4:0xec420048  x3=0x00000021 PA:0xec4207f0 load:0x00000021
       32085000	      3109	80006bfc	8fc32293	slti	x5,x6,-1796	  x6:0x0000f0f1  x5=0x00000000
       32095000	      3110	80006c00	2c9208a3	sb	x9,721(x4)	  x4:0xec420048  x9:0xffffa0a1 PA:0xec420319 store:0xffffa0a1 load:0x00000000
       32105000	      3111	80006c04	00034e97	auipc	x29,0x34	 x29=0x8003ac04
       32115000	      3112	80006c08	dbfe8e93	addi	x29,x29,-577	 x29:0x8003ac04 x29=0x8003a9c3
       32125000	      3113	80006c0c	000ecd03	lbu	x26,0(x29)	 x29:0x8003a9c3 x26=0x00000078 PA:0x8003a9c3 load:0x00000078
       32135000	      3114	80006c10	ff2e8b03	lb	x22,-14(x29)	 x29:0x8003a9c3 x22=0x0000006e PA:0x8003a9b5 load:0x0000006e
       32145000	      3115	80006c14	007e83a3	sb	x7,7(x29)	 x29:0x8003a9c3  x7:0xfffff908 PA:0x8003a9ca store:0xfffff908 load:0x00000000
       32185000	      3119	80006c18	03a199b3	mulh	x19,x3,x26	  x3:0x00000021 x26:0x00000078 x19=0x00000000
       32195000	      3120	80006c1c	ff3e8803	lb	x16,-13(x29)	 x29:0x8003a9c3 x16=0x0000006d PA:0x8003a9b6 load:0x0000006d
       32215000	      3122	80006c20	025ac5b3	div	x11,x21,x5	 x21:0x0000006e  x5:0x00000000 x11=0xffffffff
       32225000	      3123	80006c24	003e9883	lh	x17,3(x29)	 x29:0x8003a9c3 x17=0x00007c7d PA:0x8003a9c6 load:0x00007c7d
       32255000	      3126	80006c28	03280833	mul	x16,x16,x18	 x16:0x0000006d x18:0x00000004 x16=0x000001b4
       32265000	      3127	80006c2c	016e8623	sb	x22,12(x29)	 x29:0x8003a9c3 x22:0x0000006e PA:0x8003a9cf store:0x0000006e load:0x00000000
       32275000	      3128	80006c30	fffe9a03	lh	x20,-1(x29)	 x29:0x8003a9c3 x20=0x00007879 PA:0x8003a9c2 load:0x00007879
       32285000	      3129	80006c34	235fc313	xori	x6,x31,565	 x31:0x00000001  x6=0x00000234
       32295000	      3130	80006c38	0000100f	fence.i	
       32315000	      3132	80006c3c	41540933	sub	x18,x8,x21	  x8:0x4a94af62 x21:0x0000006e x18=0x4a94aef4
       32325000	      3133	80006c40	01a07f33	and	x30,x0,x26	  x0:0x00000000 x26:0x00000078 x30=0x00000000
       32335000	      3134	80006c44	00b303b3	add	x7,x6,x11	  x6:0x00000234 x11:0xffffffff  x7=0x00000233
       32345000	      3135	80006c48	8ce9	c.and	x9,x10	  x9:0xffffa0a1 x10:0xffffffef  x9=0xffffa0a1
       32355000	      3136	80006c4a	002e8723	sb	x2,14(x29)	 x29:0x8003a9c3  x2:0xf5e39895 PA:0x8003a9d1 store:0xf5e39895 load:0x00000000
       32725000	      3173	80006c4e	024b7433	remu	x8,x22,x4	 x22:0x0000006e  x4:0xec420048  x8=0x0000006e
       32735000	      3174	80006c52	ffae8b83	lb	x23,-6(x29)	 x29:0x8003a9c3 x23=0x00000076 PA:0x8003a9bd load:0x00000076
       32745000	      3175	80006c56	10fd	c.addi	x1,-1	  x1:0x0001ffee  x1=0x0001ffed
       32755000	      3176	80006c58	00303c33	sltu	x24,x0,x3	  x0:0x00000000  x3:0x00000021 x24=0x00000001
       32765000	      3177	80006c5c	1c65e313	ori	x6,x11,454	 x11:0xffffffff  x6=0xffffffff
       32775000	      3178	80006c60	0001	c.addi	x0,0	  x0:0x00000000  x0=0x00000000
       32785000	      3179	80006c62	40bedd93	srai	x27,x29,0xb	 x29:0x8003a9c3 x27=0xfff00075
       32795000	      3180	80006c66	00decd03	lbu	x26,13(x29)	 x29:0x8003a9c3 x26=0x0000008b PA:0x8003a9d0 load:0x0000008b
       32805000	      3181	80006c6a	ff7e8da3	sb	x23,-5(x29)	 x29:0x8003a9c3 x23:0x00000076 PA:0x8003a9be store:0x00000076 load:0x00000000
       32815000	      3182	80006c6e	ccb0fb93	andi	x23,x1,-821	  x1:0x0001ffed x23=0x0001fcc9
       32825000	      3183	80006c72	41bd5f13	srai	x30,x26,0x1b	 x26:0x0000008b x30=0x00000000
       32835000	      3184	80006c76	ff6ec083	lbu	x1,-10(x29)	 x29:0x8003a9c3  x1=0x00000072 PA:0x8003a9b9 load:0x00000072
       32845000	      3185	80006c7a	99fd	c.andi	x11,-1	 x11:0xffffffff x11=0xffffffff
       32855000	      3186	80006c7c	05a2	c.slli	x11,0x8	 x11:0xffffffff x11=0xffffff00
       32865000	      3187	80006c7e	9ca2f493	andi	x9,x5,-1590	  x5:0x00000000  x9=0x00000000
       32875000	      3188	80006c82	fece8e23	sb	x12,-4(x29)	 x29:0x8003a9c3 x12:0x80048e38 PA:0x8003a9bf store:0x80048e38 load:0x00000000
       32885000	      3189	80006c86	00bed003	lhu	x0,11(x29)	 x29:0x8003a9c3  x0=0x00000000 PA:0x8003a9ce load:0x00006e85
       32895000	      3190	80006c8a	010e91a3	sh	x16,3(x29)	 x29:0x8003a9c3 x16:0x000001b4 PA:0x8003a9c6 store:0x000001b4 load:0x00000000
       32905000	      3191	80006c8e	008e8883	lb	x17,8(x29)	 x29:0x8003a9c3 x17=0xffffff80 PA:0x8003a9cb load:0xffffff80
       32915000	      3192	80006c92	010e8203	lb	x4,16(x29)	 x29:0x8003a9c3  x4=0xffffff88 PA:0x8003a9d3 load:0xffffff88
       32925000	      3193	80006c96	0002c817	auipc	x16,0x2c	 x16=0x80032c96
       32935000	      3194	80006c9a	7ff80813	addi	x16,x16,2047	 x16:0x80032c96 x16=0x80033495
       32945000	      3195	80006c9e	0003a597	auipc	x11,0x3a	 x11=0x80040c9e
       32955000	      3196	80006ca2	2ea58593	addi	x11,x11,746	 x11:0x80040c9e x11=0x80040f88
       32965000	      3197	80006ca6	02480f23	sb	x4,62(x16)	 x16:0x80033495  x4:0xffffff88 PA:0x800334d3 store:0xffffff88 load:0x00000000
       32975000	      3198	80006caa	03585683	lhu	x13,53(x16)	 x16:0x80033495 x13=0x00008081 PA:0x800334ca load:0x00008081
       32985000	      3199	80006cae	0045a303	lw	x6,4(x11)	 x11:0x80040f88  x6=0x44454647 PA:0x80040f8c load:0x44454647
       32995000	      3200	80006cb2	ff95ce83	lbu	x29,-7(x11)	 x11:0x80040f88 x29=0x0000003a PA:0x80040f81 load:0x0000003a
       33005000	      3201	80006cb6	00159223	sh	x1,4(x11)	 x11:0x80040f88  x1:0x00000072 PA:0x80040f8c store:0x00000072 load:0x00000000
       33015000	      3202	80006cba	c99c	c.sw	x15,16(x11)	 x11:0x80040f88 x15:0x00000008 PA:0x80040f98 store:0x00000008 load:0x00000000
       33025000	      3203	80006cbc	fcb82e03	lw	x28,-53(x16)	 x16:0x80033495 x28=0x18191a1b PA:0x80033460 load:0x18191a1b
       33035000	      3204	80006cc0	ff05df03	lhu	x30,-16(x11)	 x11:0x80040f88 x30=0x00003233 PA:0x80040f78 load:0x00003233
       33045000	      3205	80006cc4	fe480983	lb	x19,-28(x16)	 x16:0x80033495 x19=0x00000032 PA:0x80033479 load:0x00000032
       33055000	      3206	80006cc8	fe780e83	lb	x29,-25(x16)	 x16:0x80033495 x29=0x00000037 PA:0x8003347c load:0x00000037
       33065000	      3207	80006ccc	00458883	lb	x17,4(x11)	 x11:0x80040f88 x17=0x00000072 PA:0x80040f8c load:0x00000072
       33075000	      3208	80006cd0	00035817	auipc	x16,0x35	 x16=0x8003bcd0
       33085000	      3209	80006cd4	02280813	addi	x16,x16,34	 x16:0x8003bcd0 x16=0x8003bcf2
       33095000	      3210	80006cd8	43449197	auipc	x3,0x43449	  x3=0xc344fcd8
       33105000	      3211	80006cdc	fb384583	lbu	x11,-77(x16)	 x16:0x8003bcf2 x11=0x0000005e PA:0x8003bca5 load:0x0000005e
       33475000	      3248	80006ce0	02727fb3	remu	x31,x4,x7	  x4:0xffffff88  x7:0x00000233 x31=0x00000044
       33485000	      3249	80006ce4	fb380583	lb	x11,-77(x16)	 x16:0x8003bcf2 x11=0x0000005e PA:0x8003bca5 load:0x0000005e
       33495000	      3250	80006ce8	fb384883	lbu	x17,-77(x16)	 x16:0x8003bcf2 x17=0x0000005e PA:0x8003bca5 load:0x0000005e
       33505000	      3251	80006cec	8ec5	c.or	x13,x9	 x13:0x00008081  x9:0x00000000 x13=0x00008081
       33515000	      3252	80006cee	0d282b23	sw	x18,214(x16)	 x16:0x8003bcf2 x18:0x4a94aef4 PA:0x8003bdc8 store:0x4a94aef4 load:0x00000000
       33525000	      3253	80006cf2	f1d80583	lb	x11,-227(x16)	 x16:0x8003bcf2 x11=0xffffffc4 PA:0x8003bc0f load:0xffffffc4
       33535000	      3254	80006cf6	f1d84e83	lbu	x29,-227(x16)	 x16:0x8003bcf2 x29=0x000000c4 PA:0x8003bc0f load:0x000000c4
       33575000	      3258	80006cfa	02d43e33	mulhu	x28,x8,x13	  x8:0x0000006e x13:0x00008081 x28=0x00000000
       33585000	      3259	80006cfe	f1d80783	lb	x15,-227(x16)	 x16:0x8003bcf2 x15=0xffffffc4 PA:0x8003bc0f load:0xffffffc4
       33595000	      3260	80006d02	59bd4b13	xori	x22,x26,1435	 x26:0x0000008b x22=0x00000510
       33605000	      3261	80006d06	0000100f	fence.i	
       33635000	      3264	80006d0a	f1d80f83	lb	x31,-227(x16)	 x16:0x8003bcf2 x31=0xffffffc4 PA:0x8003bc0f load:0xffffffc4
       33645000	      3265	80006d0e	f6b84003	lbu	x0,-149(x16)	 x16:0x8003bcf2  x0=0x00000000 PA:0x8003bc5d load:0x00000016
       33655000	      3266	80006d12	f6b80303	lb	x6,-149(x16)	 x16:0x8003bcf2  x6=0x00000016 PA:0x8003bc5d load:0x00000016
       33665000	      3267	80006d16	0002da17	auipc	x20,0x2d	 x20=0x80033d16
       33675000	      3268	80006d1a	cb0a0a13	addi	x20,x20,-848	 x20:0x80033d16 x20=0x800339c6
       33685000	      3269	80006d1e	96ca1483	lh	x9,-1684(x20)	 x20:0x800339c6  x9=0xffffe8e9 PA:0x80033332 load:0xffffe8e9
       33695000	      3270	80006d22	6bdd	c.lui	x23,0x17	 x23=0x00017000
       34065000	      3307	80006d24	02b47d33	remu	x26,x8,x11	  x8:0x0000006e x11:0xffffffc4 x26=0x0000006e
       34075000	      3308	80006d28	b8306b13	ori	x22,x0,-1149	  x0:0x00000000 x22=0xfffffb83
       34085000	      3309	80006d2c	961a1623	sh	x1,-1684(x20)	 x20:0x800339c6  x1:0x00000072 PA:0x80033332 store:0x00000072 load:0x00000000
       34095000	      3310	80006d30	001260b3	or	x1,x4,x1	  x4:0xffffff88  x1:0x00000072  x1=0xfffffffa
       34105000	      3311	80006d34	96ca5083	lhu	x1,-1684(x20)	 x20:0x800339c6  x1=0x00000072 PA:0x80033332 load:0x00000072
       34115000	      3312	80006d38	3cea2c83	lw	x25,974(x20)	 x20:0x800339c6 x25=0x4c4d4e4f PA:0x80033d94 load:0x4c4d4e4f
       34125000	      3313	80006d3c	3cea5e03	lhu	x28,974(x20)	 x20:0x800339c6 x28=0x00004e4f PA:0x80033d94 load:0x00004e4f
       34135000	      3314	80006d40	aeba03a3	sb	x11,-1305(x20)	 x20:0x800339c6 x11:0xffffffc4 PA:0x800334ad store:0xffffffc4 load:0x00000000
       34145000	      3315	80006d44	af2a03a3	sb	x18,-1305(x20)	 x20:0x800339c6 x18:0x4a94aef4 PA:0x800334ad store:0x4a94aef4 load:0x00000000
       34155000	      3316	80006d48	4d4a0203	lb	x4,1236(x20)	 x20:0x800339c6  x4=0x00000051 PA:0x80033e9a load:0x00000051
       34165000	      3317	80006d4c	412a1223	sh	x18,1028(x20)	 x20:0x800339c6 x18:0x4a94aef4 PA:0x80033dca store:0x4a94aef4 load:0x00000000
       34175000	      3318	80006d50	8ebe	c.mv	x29,x15	  x0:0x00000000 x15:0xffffffc4 x29=0xffffffc4
       34185000	      3319	80006d52	404a5003	lhu	x0,1028(x20)	 x20:0x800339c6  x0=0x00000000 PA:0x80033dca load:0x0000aef4
       34195000	      3320	80006d56	fbda4803	lbu	x16,-67(x20)	 x20:0x800339c6 x16=0x00000038 PA:0x80033983 load:0x00000038
       34205000	      3321	80006d5a	8c6a5f83	lhu	x31,-1850(x20)	 x20:0x800339c6 x31=0x00004647 PA:0x8003328c load:0x00004647
       34215000	      3322	80006d5e	8c6a2b83	lw	x23,-1850(x20)	 x20:0x800339c6 x23=0x44454647 PA:0x8003328c load:0x44454647
       34225000	      3323	80006d62	0002d197	auipc	x3,0x2d	  x3=0x80033d62
       34235000	      3324	80006d66	b9318193	addi	x3,x3,-1133	  x3:0x80033d62  x3=0x800338f5
       34245000	      3325	80006d6a	fd918a23	sb	x25,-44(x3)	  x3:0x800338f5 x25:0x4c4d4e4f PA:0x800338c9 store:0x4c4d4e4f load:0x00000000
       34255000	      3326	80006d6e	01a18e03	lb	x28,26(x3)	  x3:0x800338f5 x28=0xffffffc4 PA:0x8003390f load:0xffffffc4
       34265000	      3327	80006d72	0001	c.addi	x0,0	  x0:0x00000000  x0=0x00000000
       34275000	      3328	80006d74	03d1a1a3	sw	x29,35(x3)	  x3:0x800338f5 x29:0xffffffc4 PA:0x80033918 store:0xffffffc4 load:0x00000000
       34285000	      3329	80006d78	fcc18123	sb	x12,-62(x3)	  x3:0x800338f5 x12:0x80048e38 PA:0x800338b7 store:0x80048e38 load:0x00000000
       34295000	      3330	80006d7c	fcf1a783	lw	x15,-49(x3)	  x3:0x800338f5 x15=0x7c7d7e7f PA:0x800338c4 load:0x7c7d7e7f
       34305000	      3331	80006d80	ff3191a3	sh	x19,-29(x3)	  x3:0x800338f5 x19:0x00000032 PA:0x800338d8 store:0x00000032 load:0x00000000
       34315000	      3332	80006d84	4118d293	srai	x5,x17,0x11	 x17:0x0000005e  x5=0x00000000
       34325000	      3333	80006d88	36fdab93	slti	x23,x27,879	 x27:0xfff00075 x23=0x00000001
       34335000	      3334	80006d8c	01d94cb3	xor	x25,x18,x29	 x18:0x4a94aef4 x29:0xffffffc4 x25=0xb56b5130
       34345000	      3335	80006d90	03319aa3	sh	x19,53(x3)	  x3:0x800338f5 x19:0x00000032 PA:0x8003392a store:0x00000032 load:0x00000000
       34355000	      3336	80006d94	fed1cc03	lbu	x24,-19(x3)	  x3:0x800338f5 x24=0x00000099 PA:0x800338e2 load:0x00000099
       34365000	      3337	80006d98	fda186a3	sb	x26,-51(x3)	  x3:0x800338f5 x26:0x0000006e PA:0x800338c2 store:0x0000006e load:0x00000000
       34375000	      3338	80006d9c	fcf18283	lb	x5,-49(x3)	  x3:0x800338f5  x5=0x0000007f PA:0x800338c4 load:0x0000007f
       34385000	      3339	80006da0	fe7183a3	sb	x7,-25(x3)	  x3:0x800338f5  x7:0x00000233 PA:0x800338dc store:0x00000233 load:0x00000000
       34395000	      3340	80006da4	0281ca03	lbu	x20,40(x3)	  x3:0x800338f5 x20=0x000000d6 PA:0x8003391d load:0x000000d6
       34405000	      3341	80006da8	8cb5	c.xor	x9,x13	  x9:0xffffe8e9 x13:0x00008081  x9=0xffff6868
       34415000	      3342	80006daa	fe918e23	sb	x9,-4(x3)	  x3:0x800338f5  x9:0xffff6868 PA:0x800338f1 store:0xffff6868 load:0x00000000
       34425000	      3343	80006dae	fdd18423	sb	x29,-56(x3)	  x3:0x800338f5 x29:0xffffffc4 PA:0x800338bd store:0xffffffc4 load:0x00000000
       34435000	      3344	80006db2	00819ea3	sh	x8,29(x3)	  x3:0x800338f5  x8:0x0000006e PA:0x80033912 store:0x0000006e load:0x00000000
       34445000	      3345	80006db6	0001	c.addi	x0,0	  x0:0x00000000  x0=0x00000000
       34455000	      3346	80006db8	fcd1ca83	lbu	x21,-51(x3)	  x3:0x800338f5 x21=0x0000006e PA:0x800338c2 load:0x0000006e
       34465000	      3347	80006dbc	8dc5	c.or	x11,x9	 x11:0xffffffc4  x9:0xffff6868 x11=0xffffffec
       34475000	      3348	80006dbe	fe41a1a3	sw	x4,-29(x3)	  x3:0x800338f5  x4:0x00000051 PA:0x800338d8 store:0x00000051 load:0x00000000
       34485000	      3349	80006dc2	02c1c003	lbu	x0,44(x3)	  x3:0x800338f5  x0=0x00000000 PA:0x80033921 load:0x000000da
       34495000	      3350	80006dc6	0221cb03	lbu	x22,34(x3)	  x3:0x800338f5 x22=0x000000cc PA:0x80033917 load:0x000000cc
       34505000	      3351	80006dca	991a	c.add	x18,x6	 x18:0x4a94aef4  x6:0x00000016 x18=0x4a94af0a
       34515000	      3352	80006dcc	03d1c303	lbu	x6,61(x3)	  x3:0x800338f5  x6=0x000000e9 PA:0x80033932 load:0x000000e9
       34525000	      3353	80006dd0	fd519783	lh	x15,-43(x3)	  x3:0x800338f5 x15=0xffff8081 PA:0x800338ca load:0xffff8081
       34535000	      3354	80006dd4	00b1a9a3	sw	x11,19(x3)	  x3:0x800338f5 x11:0xffffffec PA:0x80033908 store:0xffffffec load:0x00000000
       34545000	      3355	80006dd8	8b7d3097	auipc	x1,0x8b7d3	  x1=0x0b7d9dd8
       34555000	      3356	80006ddc	04118023	sb	x1,64(x3)	  x3:0x800338f5  x1:0x0b7d9dd8 PA:0x80033935 store:0x0b7d9dd8 load:0x00000000
       34565000	      3357	80006de0	8f99	c.sub	x15,x14	 x15:0xffff8081 x14:0x8004cce4 x15=0x7ffab39d
       34575000	      3358	80006de2	ffe1cc03	lbu	x24,-2(x3)	  x3:0x800338f5 x24=0x000000a8 PA:0x800338f3 load:0x000000a8
       34615000	      3362	80006de6	02ecac33	mulhsu	x24,x25,x14	 x25:0xb56b5130 x14:0x8004cce4 x24=0xdab44294
       34655000	      3366	80006dea	03c32233	mulhsu	x4,x6,x28	  x6:0x000000e9 x28:0xffffffc4  x4=0x000000e8
       34665000	      3367	80006dee	fd418a03	lb	x20,-44(x3)	  x3:0x800338f5 x20=0x0000004f PA:0x800338c9 load:0x0000004f
       34675000	      3368	80006df2	8572	c.mv	x10,x28	  x0:0x00000000 x28:0xffffffc4 x10=0xffffffc4
       34685000	      3369	80006df4	fd01afa3	sw	x16,-33(x3)	  x3:0x800338f5 x16:0x00000038 PA:0x800338d4 store:0x00000038 load:0x00000000
       34695000	      3370	80006df8	2d7b4993	xori	x19,x22,727	 x22:0x000000cc x19=0x0000021b
       34705000	      3371	80006dfc	0001	c.addi	x0,0	  x0:0x00000000  x0=0x00000000
       34715000	      3372	80006dfe	e3e58f93	addi	x31,x11,-450	 x11:0xffffffec x31=0xfffffe2a
       34755000	      3376	80006e02	027519b3	mulh	x19,x10,x7	 x10:0xffffffc4  x7:0x00000233 x19=0xffffffff
       34765000	      3377	80006e06	8ea1	c.xor	x13,x8	 x13:0x00008081  x8:0x0000006e x13=0x000080ef
       34775000	      3378	80006e08	fcb18aa3	sb	x11,-43(x3)	  x3:0x800338f5 x11:0xffffffec PA:0x800338ca store:0xffffffec load:0x00000000
       34785000	      3379	80006e0c	00034997	auipc	x19,0x34	 x19=0x8003ae0c
       34795000	      3380	80006e10	5e898993	addi	x19,x19,1512	 x19:0x8003ae0c x19=0x8003b3f4
       34805000	      3381	80006e14	0002c697	auipc	x13,0x2c	 x13=0x80032e14
       34815000	      3382	80006e18	6d468693	addi	x13,x13,1748	 x13:0x80032e14 x13=0x800334e8
       34825000	      3383	80006e1c	faf98083	lb	x1,-81(x19)	 x19:0x8003b3f4  x1=0x00000058 PA:0x8003b3a3 load:0x00000058
       34835000	      3384	80006e20	0e19c883	lbu	x17,225(x19)	 x19:0x8003b3f4 x17=0x0000008e PA:0x8003b4d5 load:0x0000008e
       34845000	      3385	80006e24	f4c68ba3	sb	x12,-169(x13)	 x13:0x800334e8 x12:0x80048e38 PA:0x8003343f store:0x80048e38 load:0x00000000
       34855000	      3386	80006e28	3a76c283	lbu	x5,935(x13)	 x13:0x800334e8  x5=0x00000039 PA:0x8003388f load:0x00000039
       34865000	      3387	80006e2c	0929c083	lbu	x1,146(x19)	 x19:0x8003b3f4  x1=0x0000003d PA:0x8003b486 load:0x0000003d
       34875000	      3388	80006e30	09098ca3	sb	x16,153(x19)	 x19:0x8003b3f4 x16:0x00000038 PA:0x8003b48d store:0x00000038 load:0x00000000
       34885000	      3389	80006e34	31768e03	lb	x28,791(x13)	 x13:0x800334e8 x28=0xffffffb4 PA:0x800337ff load:0xffffffb4
       34895000	      3390	80006e38	0449dd83	lhu	x27,68(x19)	 x19:0x8003b3f4 x27=0x0000f2f3 PA:0x8003b438 load:0x0000f2f3
       34905000	      3391	80006e3c	0a79cf83	lbu	x31,167(x19)	 x19:0x8003b3f4 x31=0x00000050 PA:0x8003b49b load:0x00000050
       34915000	      3392	80006e40	6e968483	lb	x9,1769(x13)	 x13:0x800334e8  x9=0xffffff8a PA:0x80033bd1 load:0xffffff8a
       34925000	      3393	80006e44	0419c883	lbu	x17,65(x19)	 x19:0x8003b3f4 x17=0x000000ee PA:0x8003b435 load:0x000000ee
       34935000	      3394	80006e48	0066c003	lbu	x0,6(x13)	 x13:0x800334e8  x0=0x00000000 PA:0x800334ee load:0x000000a5
       34945000	      3395	80006e4c	3aa6d203	lhu	x4,938(x13)	 x13:0x800334e8  x4=0x00004849 PA:0x80033892 load:0x00004849
       34955000	      3396	80006e50	fa5989a3	sb	x5,-77(x19)	 x19:0x8003b3f4  x5:0x00000039 PA:0x8003b3a7 store:0x00000039 load:0x00000000
       34965000	      3397	80006e54	5746a823	sw	x20,1392(x13)	 x13:0x800334e8 x20:0x0000004f PA:0x80033a58 store:0x0000004f load:0x00000000
       34975000	      3398	80006e58	0db99d23	sh	x27,218(x19)	 x19:0x8003b3f4 x27:0x0000f2f3 PA:0x8003b4ce store:0x0000f2f3 load:0x00000000
       34985000	      3399	80006e5c	00032b17	auipc	x22,0x32	 x22=0x80038e5c
       34995000	      3400	80006e60	8c5b0b13	addi	x22,x22,-1851	 x22:0x80038e5c x22=0x80038721
       35005000	      3401	80006e64	386b4b83	lbu	x23,902(x22)	 x22:0x80038721 x23=0x0000005c PA:0x80038aa7 load:0x0000005c
       35015000	      3402	80006e68	0002d817	auipc	x16,0x2d	 x16=0x80033e68
       35025000	      3403	80006e6c	abf80813	addi	x16,x16,-1345	 x16:0x80033e68 x16=0x80033927
       35035000	      3404	80006e70	013803a3	sb	x19,7(x16)	 x16:0x80033927 x19:0x8003b3f4 PA:0x8003392e store:0x8003b3f4 load:0x00000000
       35045000	      3405	80006e74	9eeb0083	lb	x1,-1554(x22)	 x22:0x80038721  x1=0xffffffc4 PA:0x8003810f load:0xffffffc4
       35055000	      3406	80006e78	00d85003	lhu	x0,13(x16)	 x16:0x80033927  x0=0x00000000 PA:0x80033934 load:0x0000d8ef
       35065000	      3407	80006e7c	bebb1783	lh	x15,-1045(x22)	 x22:0x80038721 x15=0xffffc6c7 PA:0x8003830c load:0xffffc6c7
       35075000	      3408	80006e80	ff185c03	lhu	x24,-15(x16)	 x16:0x80033927 x24=0x0000ffc4 PA:0x80033918 load:0x0000ffc4
       35085000	      3409	80006e84	266b0003	lb	x0,614(x22)	 x22:0x80038721  x0=0x00000000 PA:0x80038987 load:0x0000003c
       35095000	      3410	80006e88	01a824a3	sw	x26,9(x16)	 x16:0x80033927 x26:0x0000006e PA:0x80033930 store:0x0000006e load:0x00000000
       35105000	      3411	80006e8c	ffa84883	lbu	x17,-6(x16)	 x16:0x80033927 x17=0x000000da PA:0x80033921 load:0x000000da
       35115000	      3412	80006e90	260b4b83	lbu	x23,608(x22)	 x22:0x80038721 x23=0x0000003a PA:0x80038981 load:0x0000003a
       35125000	      3413	80006e94	00581d83	lh	x27,5(x16)	 x16:0x80033927 x27=0xffffe6e7 PA:0x8003392c load:0xffffe6e7
       35135000	      3414	80006e98	8a6b4583	lbu	x11,-1882(x22)	 x22:0x80038721 x11=0x0000007c PA:0x80037fc7 load:0x0000007c
       35145000	      3415	80006e9c	ad2b4e03	lbu	x28,-1326(x22)	 x22:0x80038721 x28=0x000000a8 PA:0x800381f3 load:0x000000a8
       35155000	      3416	80006ea0	2a5b0383	lb	x7,677(x22)	 x22:0x80038721  x7=0x0000007d PA:0x800389c6 load:0x0000007d
       35165000	      3417	80006ea4	00985d83	lhu	x27,9(x16)	 x16:0x80033927 x27=0x0000006e PA:0x80033930 load:0x0000006e
       35175000	      3418	80006ea8	00b85b83	lhu	x23,11(x16)	 x16:0x80033927 x23=0x00000000 PA:0x80033932 load:0x00000000
       35185000	      3419	80006eac	00384203	lbu	x4,3(x16)	 x16:0x80033927  x4=0x00000032 PA:0x8003392a load:0x00000032
       35195000	      3420	80006eb0	0002d097	auipc	x1,0x2d	  x1=0x80033eb0
       35205000	      3421	80006eb4	19808093	addi	x1,x1,408	  x1:0x80033eb0  x1=0x80034048
       35215000	      3422	80006eb8	0ab9f9b7	lui	x19,0xab9f	 x19=0x0ab9f000
       35225000	      3423	80006ebc	90ce	c.add	x1,x19	  x1:0x80034048 x19:0x0ab9f000  x1=0x8abd3048
       35235000	      3424	80006ebe	30008b23	sb	x0,790(x1)	  x1:0x8abd3048  x0:0x00000000 PA:0x8abd335e store:0x00000000 load:0x00000000
       35245000	      3425	80006ec2	12109d23	sh	x1,314(x1)	  x1:0x8abd3048  x1:0x8abd3048 PA:0x8abd3182 store:0x8abd3048 load:0x00000000
       35255000	      3426	80006ec6	b4208ea3	sb	x2,-1187(x1)	  x1:0x8abd3048  x2:0xf5e39895 PA:0x8abd2ba5 store:0xf5e39895 load:0x00000000
       35265000	      3427	80006eca	c03085a3	sb	x3,-1013(x1)	  x1:0x8abd3048  x3:0x800338f5 PA:0x8abd2c53 store:0x800338f5 load:0x00000000
       35275000	      3428	80006ece	684084a3	sb	x4,1673(x1)	  x1:0x8abd3048  x4:0x00000032 PA:0x8abd36d1 store:0x00000032 load:0x00000000
       35285000	      3429	80006ed2	30608423	sb	x6,776(x1)	  x1:0x8abd3048  x6:0x000000e9 PA:0x8abd3350 store:0x000000e9 load:0x00000000
       35295000	      3430	80006ed6	7a709f23	sh	x7,1982(x1)	  x1:0x8abd3048  x7:0x0000007d PA:0x8abd3806 store:0x0000007d load:0x00000000
       35305000	      3431	80006eda	01e7a8b3	slt	x17,x15,x30	 x15:0xffffc6c7 x30:0x00003233 x17=0x00000001
       35315000	      3432	80006ede	31608783	lb	x15,790(x1)	  x1:0x8abd3048 x15=0x00000000 PA:0x8abd335e load:0x00000000
       35325000	      3433	80006ee2	6a6d	c.lui	x20,0x1b	 x20=0x0001b000
       35335000	      3434	80006ee4	13a0d583	lhu	x11,314(x1)	  x1:0x8abd3048 x11=0x00003048 PA:0x8abd3182 load:0x00003048
       35345000	      3435	80006ee8	b5d08183	lb	x3,-1187(x1)	  x1:0x8abd3048  x3=0xffffff95 PA:0x8abd2ba5 load:0xffffff95
       35355000	      3436	80006eec	c0b0cd03	lbu	x26,-1013(x1)	  x1:0x8abd3048 x26=0x000000f5 PA:0x8abd2c53 load:0x000000f5
       35365000	      3437	80006ef0	09fa	c.slli	x19,0x1e	 x19:0x0ab9f000 x19=0x00000000
       35375000	      3438	80006ef2	40ee0f93	addi	x31,x28,1038	 x28:0x000000a8 x31=0x000004b6
       35385000	      3439	80006ef6	52e6c493	xori	x9,x13,1326	 x13:0x800334e8  x9=0x800331c6
       35395000	      3440	80006efa	a7848b13	addi	x22,x9,-1416	  x9:0x800331c6 x22=0x80032c3e
       35405000	      3441	80006efe	6890cf03	lbu	x30,1673(x1)	  x1:0x8abd3048 x30=0x00000032 PA:0x8abd36d1 load:0x00000032
       35415000	      3442	80006f02	cdd09723	sh	x29,-818(x1)	  x1:0x8abd3048 x29:0xffffffc4 PA:0x8abd2d16 store:0xffffffc4 load:0x00000000
       35425000	      3443	80006f06	3080cb03	lbu	x22,776(x1)	  x1:0x8abd3048 x22=0x000000e9 PA:0x8abd3350 load:0x000000e9
       35435000	      3444	80006f0a	7d1feb13	ori	x22,x31,2001	 x31:0x000004b6 x22=0x000007f7
       35445000	      3445	80006f0e	7be09503	lh	x10,1982(x1)	  x1:0x8abd3048 x10=0x0000007d PA:0x8abd3806 load:0x0000007d
       35455000	      3446	80006f12	0003ae97	auipc	x29,0x3a	 x29=0x80040f12
       35465000	      3447	80006f16	ab8e8e93	addi	x29,x29,-1352	 x29:0x80040f12 x29=0x800409ca
       35475000	      3448	80006f1a	9fae8a23	sb	x26,-1548(x29)	 x29:0x800409ca x26:0x000000f5 PA:0x800403be store:0x000000f5 load:0x00000000
       35485000	      3449	80006f1e	5b3ecf83	lbu	x31,1459(x29)	 x29:0x800409ca x31=0x00000036 PA:0x80040f7d load:0x00000036
       35495000	      3450	80006f22	fa0e9783	lh	x15,-96(x29)	 x29:0x800409ca x15=0x00002021 PA:0x8004096a load:0x00002021
       35505000	      3451	80006f26	f12ed003	lhu	x0,-238(x29)	 x29:0x800409ca  x0=0x00000000 PA:0x800408dc load:0x00009697
       35515000	      3452	80006f2a	b1defc93	andi	x25,x29,-1251	 x29:0x800409ca x25=0x80040908
       35525000	      3453	80006f2e	ab3e8983	lb	x19,-1357(x29)	 x29:0x800409ca x19=0x00000036 PA:0x8004047d load:0x00000036
       35535000	      3454	80006f32	ab2e89a3	sb	x18,-1357(x29)	 x29:0x800409ca x18:0x4a94af0a PA:0x8004047d store:0x4a94af0a load:0x00000000
       35545000	      3455	80006f36	19de8c03	lb	x24,413(x29)	 x29:0x800409ca x24=0x0000001c PA:0x80040b67 load:0x0000001c
       35555000	      3456	80006f3a	ddcedd83	lhu	x27,-548(x29)	 x29:0x800409ca x27=0x00005c5d PA:0x800407a6 load:0x00005c5d
       35565000	      3457	80006f3e	a4eec783	lbu	x15,-1458(x29)	 x29:0x800409ca x15=0x000000d3 PA:0x80040418 load:0x000000d3
       35575000	      3458	80006f42	a08ed203	lhu	x4,-1528(x29)	 x29:0x800409ca  x4=0x00008889 PA:0x800403d2 load:0x00008889
       35585000	      3459	80006f46	40ced833	sra	x16,x29,x12	 x29:0x800409ca x12:0x80048e38 x16=0xffffff80
       35595000	      3460	80006f4a	a1fe9423	sh	x31,-1528(x29)	 x29:0x800409ca x31:0x00000036 PA:0x800403d2 store:0x00000036 load:0x00000000
       35605000	      3461	80006f4e	0000100f	fence.i	
       35635000	      3464	80006f52	a64ed903	lhu	x18,-1436(x29)	 x29:0x800409ca x18=0x0000e4e5 PA:0x8004042e load:0x0000e4e5
       35645000	      3465	80006f56	a64e8503	lb	x10,-1436(x29)	 x29:0x800409ca x10=0xffffffe5 PA:0x8004042e load:0xffffffe5
       35655000	      3466	80006f5a	a64ec203	lbu	x4,-1436(x29)	 x29:0x800409ca  x4=0x000000e5 PA:0x8004042e load:0x000000e5
       35665000	      3467	80006f5e	8bcecb03	lbu	x22,-1860(x29)	 x29:0x800409ca x22=0x0000003d PA:0x80040286 load:0x0000003d
       35675000	      3468	80006f62	d85e88a3	sb	x5,-623(x29)	 x29:0x800409ca  x5:0x00000039 PA:0x8004075b store:0x00000039 load:0x00000000
       35685000	      3469	80006f66	b2bec383	lbu	x7,-1237(x29)	 x29:0x800409ca  x7=0x000000ae PA:0x800404f5 load:0x000000ae
       35695000	      3470	80006f6a	b15ecd03	lbu	x26,-1259(x29)	 x29:0x800409ca x26=0x00000094 PA:0x800404df load:0x00000094
       35705000	      3471	80006f6e	b03e8aa3	sb	x3,-1259(x29)	 x29:0x800409ca  x3:0xffffff95 PA:0x800404df store:0xffffff95 load:0x00000000
       35715000	      3472	80006f72	88a1	c.andi	x9,8	  x9:0x800331c6  x9=0x00000000
       35725000	      3473	80006f74	489e8503	lb	x10,1161(x29)	 x29:0x800409ca x10=0x00000008 PA:0x80040e53 load:0x00000008
       35735000	      3474	80006f78	00033997	auipc	x19,0x33	 x19=0x80039f78
       35745000	      3475	80006f7c	67198993	addi	x19,x19,1649	 x19:0x80039f78 x19=0x8003a5e9
       35755000	      3476	80006f80	fe998623	sb	x9,-20(x19)	 x19:0x8003a5e9  x9:0x00000000 PA:0x8003a5d5 store:0x00000000 load:0x00000000
       35785000	      3479	80006f84	029307b3	mul	x15,x6,x9	  x6:0x000000e9  x9:0x00000000 x15=0x00000000
       35795000	      3480	80006f88	8d7d	c.and	x10,x15	 x10:0x00000008 x15:0x00000000 x10=0x00000000
       35805000	      3481	80006f8a	0951	c.addi	x18,20	 x18:0x0000e4e5 x18=0x0000e4f9
       35815000	      3482	80006f8c	0b1999a3	sh	x17,179(x19)	 x19:0x8003a5e9 x17:0x00000001 PA:0x8003a69c store:0x00000001 load:0x00000000
       35825000	      3483	80006f90	64fd	c.lui	x9,0x1f	  x9=0x0001f000
       35835000	      3484	80006f92	f0598f83	lb	x31,-251(x19)	 x19:0x8003a5e9 x31=0xffffffa5 PA:0x8003a4ee load:0xffffffa5
       35845000	      3485	80006f96	0b598123	sb	x21,162(x19)	 x19:0x8003a5e9 x21:0x0000006e PA:0x8003a68b store:0x0000006e load:0x00000000
       35855000	      3486	80006f9a	0019ca83	lbu	x21,1(x19)	 x19:0x8003a5e9 x21=0x000000a1 PA:0x8003a5ea load:0x000000a1
       35865000	      3487	80006f9e	41fd5793	srai	x15,x26,0x1f	 x26:0x00000094 x15=0x00000000
       35875000	      3488	80006fa2	07f99403	lh	x8,127(x19)	 x19:0x8003a5e9  x8=0x00002223 PA:0x8003a668 load:0x00002223
       35885000	      3489	80006fa6	024998a3	sh	x4,49(x19)	 x19:0x8003a5e9  x4:0x000000e5 PA:0x8003a61a store:0x000000e5 load:0x00000000
       35895000	      3490	80006faa	40875a13	srai	x20,x14,0x8	 x14:0x8004cce4 x20=0xff8004cc
       35905000	      3491	80006fae	01c975b3	and	x11,x18,x28	 x18:0x0000e4f9 x28:0x000000a8 x11=0x000000a8
       35915000	      3492	80006fb2	f2e98f83	lb	x31,-210(x19)	 x19:0x8003a5e9 x31=0xffffffcc PA:0x8003a517 load:0xffffffcc
       35925000	      3493	80006fb6	83c1	c.srli	x15,0x10	 x15:0x00000000 x15=0x00000000
       35935000	      3494	80006fb8	009999a3	sh	x9,19(x19)	 x19:0x8003a5e9  x9:0x0001f000 PA:0x8003a5fc store:0x0001f000 load:0x00000000
       35945000	      3495	80006fbc	f6999503	lh	x10,-151(x19)	 x19:0x8003a5e9 x10=0x00000809 PA:0x8003a552 load:0x00000809
       35955000	      3496	80006fc0	adc7ed13	ori	x26,x15,-1316	 x15:0x00000000 x26=0xfffffadc
       35965000	      3497	80006fc4	0e29c483	lbu	x9,226(x19)	 x19:0x8003a5e9  x9=0x00000080 PA:0x8003a6cb load:0x00000080
       36005000	      3501	80006fc8	03a2af33	mulhsu	x30,x5,x26	  x5:0x00000039 x26:0xfffffadc x30=0x00000038
       36015000	      3502	80006fcc	06fa	c.slli	x13,0x1e	 x13:0x800334e8 x13=0x00000000
       36025000	      3503	80006fce	5afd	c.li	x21,-1	 x21=0xffffffff
       36035000	      3504	80006fd0	006720b3	slt	x1,x14,x6	 x14:0x8004cce4  x6:0x000000e9  x1=0x00000001
       36045000	      3505	80006fd4	01df1193	slli	x3,x30,0x1d	 x30:0x00000038  x3=0x00000000
       36055000	      3506	80006fd8	0039c0b3	xor	x1,x19,x3	 x19:0x8003a5e9  x3:0x00000000  x1=0x8003a5e9
       36065000	      3507	80006fdc	0001	c.addi	x0,0	  x0:0x00000000  x0=0x00000000
       36105000	      3511	80006fde	03fe17b3	mulh	x15,x28,x31	 x28:0x000000a8 x31:0xffffffcc x15=0xffffffff
       36115000	      3512	80006fe2	f6199883	lh	x17,-159(x19)	 x19:0x8003a5e9 x17=0x00000001 PA:0x8003a54a load:0x00000001
       36125000	      3513	80006fe6	40235333	sra	x6,x6,x2	  x6:0x000000e9  x2:0xf5e39895  x6=0x00000000
       36135000	      3514	80006fea	41f50eb3	sub	x29,x10,x31	 x10:0x00000809 x31:0xffffffcc x29=0x0000083d
       36145000	      3515	80006fee	f67980a3	sb	x7,-159(x19)	 x19:0x8003a5e9  x7:0x000000ae PA:0x8003a54a store:0x000000ae load:0x00000000
       36155000	      3516	80006ff2	030980a3	sb	x16,33(x19)	 x19:0x8003a5e9 x16:0xffffff80 PA:0x8003a60a store:0xffffff80 load:0x00000000
       36165000	      3517	80006ff6	0b298183	lb	x3,178(x19)	 x19:0x8003a5e9  x3=0x00000050 PA:0x8003a69b load:0x00000050
       36175000	      3518	80006ffa	0da99ba3	sh	x26,215(x19)	 x19:0x8003a5e9 x26:0xfffffadc PA:0x8003a6c0 store:0xfffffadc load:0x00000000
       36185000	      3519	80006ffe	0239ad83	lw	x27,35(x19)	 x19:0x8003a5e9 x27=0xc4c5c6c7 PA:0x8003a60c load:0xc4c5c6c7
       36195000	      3520	80007002	f8c98223	sb	x12,-124(x19)	 x19:0x8003a5e9 x12:0x80048e38 PA:0x8003a56d store:0x80048e38 load:0x00000000
       36205000	      3521	80007006	0679c803	lbu	x16,103(x19)	 x19:0x8003a5e9 x16=0x0000000b PA:0x8003a650 load:0x0000000b
       36215000	      3522	8000700a	f5698003	lb	x0,-170(x19)	 x19:0x8003a5e9  x0=0x00000000 PA:0x8003a53f load:0xfffffff4
       36225000	      3523	8000700e	0cd99f03	lh	x30,205(x19)	 x19:0x8003a5e9 x30=0x00006c6d PA:0x8003a6b6 load:0x00006c6d
       36235000	      3524	80007012	0ff0000f	fence	iorw,iorw	
       36245000	      3525	80007016	5cfd	c.li	x25,-1	 x25=0xffffffff
       36255000	      3526	80007018	80b5ce13	xori	x28,x11,-2037	 x11:0x000000a8 x28=0xfffff8a3
       36265000	      3527	8000701c	f5198903	lb	x18,-175(x19)	 x19:0x8003a5e9 x18=0xfffffff1 PA:0x8003a53a load:0xfffffff1
       36275000	      3528	80007020	0b498483	lb	x9,180(x19)	 x19:0x8003a5e9  x9=0x00000000 PA:0x8003a69d load:0x00000000
       36285000	      3529	80007024	09399a83	lh	x21,147(x19)	 x19:0x8003a5e9 x21=0x00003637 PA:0x8003a67c load:0x00003637
       36295000	      3530	80007028	01f35413	srli	x8,x6,0x1f	  x6:0x00000000  x8=0x00000000
       36305000	      3531	8000702c	8d927093	andi	x1,x4,-1831	  x4:0x000000e5  x1=0x000000c1
       36315000	      3532	80007030	eb7c2013	slti	x0,x24,-329	 x24:0x0000001c  x0=0x00000000
       36325000	      3533	80007034	f5498f03	lb	x30,-172(x19)	 x19:0x8003a5e9 x30=0xfffffff6 PA:0x8003a53d load:0xfffffff6
       36335000	      3534	80007038	0002f997	auipc	x19,0x2f	 x19=0x80036038
       36345000	      3535	8000703c	46798993	addi	x19,x19,1127	 x19:0x80036038 x19=0x8003649f
       36355000	      3536	80007040	032985a3	sb	x18,43(x19)	 x19:0x8003649f x18:0xfffffff1 PA:0x800364ca store:0xfffffff1 load:0x00000000
       36365000	      3537	80007044	0002dd97	auipc	x27,0x2d	 x27=0x80034044
       36375000	      3538	80007048	ab8d8d93	addi	x27,x27,-1352	 x27:0x80034044 x27=0x80033afc
       36385000	      3539	8000704c	fe2d8ba3	sb	x2,-9(x27)	 x27:0x80033afc  x2:0xf5e39895 PA:0x80033af3 store:0xf5e39895 load:0x00000000
       36395000	      3540	80007050	fda98383	lb	x7,-38(x19)	 x19:0x8003649f  x7=0x00000032 PA:0x80036479 load:0x00000032
       36405000	      3541	80007054	fe3994a3	sh	x3,-23(x19)	 x19:0x8003649f  x3:0x00000050 PA:0x80036488 store:0x00000050 load:0x00000000
       36415000	      3542	80007058	011d9323	sh	x17,6(x27)	 x27:0x80033afc x17:0x00000001 PA:0x80033b02 store:0x00000001 load:0x00000000
       36425000	      3543	8000705c	0129ca83	lbu	x21,18(x19)	 x19:0x8003649f x21=0x0000006a PA:0x800364b1 load:0x0000006a
       36435000	      3544	80007060	0149aaa3	sw	x20,21(x19)	 x19:0x8003649f x20:0xff8004cc PA:0x800364b4 store:0xff8004cc load:0x00000000
       36445000	      3545	80007064	008d8403	lb	x8,8(x27)	 x27:0x80033afc  x8=0xffffffbf PA:0x80033b04 load:0xffffffbf
       36455000	      3546	80007068	ffb98b03	lb	x22,-5(x19)	 x19:0x8003649f x22=0x00000051 PA:0x8003649a load:0x00000051
       36465000	      3547	8000706c	ff1d8003	lb	x0,-15(x27)	 x27:0x80033afc  x0=0x00000000 PA:0x80033aed load:0xffffffa6
       36475000	      3548	80007070	01198b03	lb	x22,17(x19)	 x19:0x8003649f x22=0x0000006b PA:0x800364b0 load:0x0000006b
       36485000	      3549	80007074	00ada023	sw	x10,0(x27)	 x27:0x80033afc x10:0x00000809 PA:0x80033afc store:0x00000809 load:0x00000000
       36495000	      3550	80007078	02c9c283	lbu	x5,44(x19)	 x19:0x8003649f  x5=0x00000080 PA:0x800364cb load:0x00000080
       36505000	      3551	8000707c	00edcb03	lbu	x22,14(x27)	 x27:0x80033afc x22=0x000000c1 PA:0x80033b0a load:0x000000c1
       36515000	      3552	80007080	ff1dc303	lbu	x6,-15(x27)	 x27:0x80033afc  x6=0x000000a6 PA:0x80033aed load:0x000000a6
       36525000	      3553	80007084	0259ae03	lw	x28,37(x19)	 x19:0x8003649f x28=0x7c7d7e7f PA:0x800364c4 load:0x7c7d7e7f
       36535000	      3554	80007088	0002c317	auipc	x6,0x2c	  x6=0x80033088
       36545000	      3555	8000708c	fc030313	addi	x6,x6,-64	  x6:0x80033088  x6=0x80033048
       36555000	      3556	80007090	58de73b7	lui	x7,0x58de7	  x7=0x58de7000
       36565000	      3557	80007094	931e	c.add	x6,x7	  x6:0x80033048  x7:0x58de7000  x6=0xd8e1a048
       36575000	      3558	80007096	98230623	sb	x2,-1652(x6)	  x6:0xd8e1a048  x2:0xf5e39895 PA:0xd8e199d4 store:0xf5e39895 load:0x00000000
       36585000	      3559	8000709a	a83309a3	sb	x3,-1389(x6)	  x6:0xd8e1a048  x3:0x00000050 PA:0xd8e19adb store:0x00000050 load:0x00000000
       36595000	      3560	8000709e	2a530fa3	sb	x5,703(x6)	  x6:0xd8e1a048  x5:0x00000080 PA:0xd8e1a307 store:0x00000080 load:0x00000000
       36605000	      3561	800070a2	3fa30023	sb	x26,992(x6)	  x6:0xd8e1a048 x26:0xfffffadc PA:0xd8e1a428 store:0xfffffadc load:0x00000000
       36615000	      3562	800070a6	5c7d	c.li	x24,-1	 x24=0xffffffff
       36625000	      3563	800070a8	f0731d23	sh	x7,-230(x6)	  x6:0xd8e1a048  x7:0x58de7000 PA:0xd8e19f62 store:0x58de7000 load:0x00000000
       36635000	      3564	800070ac	0001	c.addi	x0,0	  x0:0x00000000  x0=0x00000000
       36645000	      3565	800070ae	0001	c.addi	x0,0	  x0:0x00000000  x0=0x00000000
       36655000	      3566	800070b0	98c34e83	lbu	x29,-1652(x6)	  x6:0xd8e1a048 x29=0x00000095 PA:0xd8e199d4 load:0x00000095
       36665000	      3567	800070b4	a9330d03	lb	x26,-1389(x6)	  x6:0xd8e1a048 x26=0x00000050 PA:0xd8e19adb load:0x00000050
       36675000	      3568	800070b8	0091b033	sltu	x0,x3,x9	  x3:0x00000050  x9:0x00000000  x0=0x00000000
       36685000	      3569	800070bc	64a8bb97	auipc	x23,0x64a8b	 x23=0xe4a920bc
       36695000	      3570	800070c0	0084c3b3	xor	x7,x9,x8	  x9:0x00000000  x8:0xffffffbf  x7=0xffffffbf
       36705000	      3571	800070c4	6b51e013	ori	x0,x3,1717	  x3:0x00000050  x0=0x00000000
       36715000	      3572	800070c8	e7132e23	sw	x17,-388(x6)	  x6:0xd8e1a048 x17:0x00000001 PA:0xd8e19ec4 store:0x00000001 load:0x00000000
       37085000	      3609	800070cc	03fb75b3	remu	x11,x22,x31	 x22:0x000000c1 x31:0xffffffcc x11=0x000000c1
       37455000	      3646	800070d0	02e17c33	remu	x24,x2,x14	  x2:0xf5e39895 x14:0x8004cce4 x24=0x75decbb1
       37465000	      3647	800070d4	0168f833	and	x16,x17,x22	 x17:0x00000001 x22:0x000000c1 x16=0x00000001
       37475000	      3648	800070d8	2bf30403	lb	x8,703(x6)	  x6:0xd8e1a048  x8=0xffffff80 PA:0xd8e1a307 load:0xffffff80
       37485000	      3649	800070dc	00035a17	auipc	x20,0x35	 x20=0x8003c0dc
       37495000	      3650	800070e0	ba5a0a13	addi	x20,x20,-1115	 x20:0x8003c0dc x20=0x8003bc81
       37865000	      3687	800070e4	03087d33	remu	x26,x16,x16	 x16:0x00000001 x16:0x00000001 x26=0x00000000
       37875000	      3688	800070e8	60da1503	lh	x10,1549(x20)	 x20:0x8003bc81 x10=0x00004445 PA:0x8003c28e load:0x00004445
       37895000	      3690	800070ec	00252933	slt	x18,x10,x2	 x10:0x00004445  x2:0xf5e39895 x18=0x00000000
       37905000	      3691	800070f0	aaca4983	lbu	x19,-1364(x20)	 x20:0x8003bc81 x19=0x000000e6 PA:0x8003b72d load:0x000000e6
       37915000	      3692	800070f4	0ff0000f	fence	iorw,iorw	
       37925000	      3693	800070f8	4145d893	srai	x17,x11,0x14	 x11:0x000000c1 x17=0x00000000
       37935000	      3694	800070fc	943a5c03	lhu	x24,-1725(x20)	 x20:0x8003bc81 x24=0x00007e7f PA:0x8003b5c4 load:0x00007e7f
       37945000	      3695	80007100	021a5d03	lhu	x26,33(x20)	 x20:0x8003bc81 x26=0x00005859 PA:0x8003bca2 load:0x00005859
       37955000	      3696	80007104	84b6	c.mv	x9,x13	  x0:0x00000000 x13:0x00000000  x9=0x00000000
       37965000	      3697	80007106	0001	c.addi	x0,0	  x0:0x00000000  x0=0x00000000
       37975000	      3698	80007108	0001	c.addi	x0,0	  x0:0x00000000  x0=0x00000000
       37985000	      3699	8000710a	deea0c23	sb	x14,-520(x20)	 x20:0x8003bc81 x14:0x8004cce4 PA:0x8003ba79 store:0x8004cce4 load:0x00000000
       37995000	      3700	8000710e	66456317	auipc	x6,0x66456	  x6=0xe645d10e
       38005000	      3701	80007112	8dd5	c.or	x11,x13	 x11:0x000000c1 x13:0x00000000 x11=0x000000c1
       38015000	      3702	80007114	adca0183	lb	x3,-1316(x20)	 x20:0x8003bc81  x3=0x00000016 PA:0x8003b75d load:0x00000016
       38055000	      3706	80007118	02ee1533	mulh	x10,x28,x14	 x28:0x7c7d7e7f x14:0x8004cce4 x10=0xc1c39659
       38065000	      3707	8000711c	529a03a3	sb	x9,1319(x20)	 x20:0x8003bc81  x9:0x00000000 PA:0x8003c1a8 store:0x00000000 load:0x00000000
       38075000	      3708	80007120	8a92	c.mv	x21,x4	  x0:0x00000000  x4:0x000000e5 x21=0x000000e5
       38085000	      3709	80007122	83a4af13	slti	x30,x9,-1990	  x9:0x00000000 x30=0x00000000
       38095000	      3710	80007126	01d35993	srli	x19,x6,0x1d	  x6:0xe645d10e x19=0x00000007
       38105000	      3711	8000712a	5c7d	c.li	x24,-1	 x24=0xffffffff
       38115000	      3712	8000712c	285a0f03	lb	x30,645(x20)	 x20:0x8003bc81 x30=0xffffffbd PA:0x8003bf06 load:0xffffffbd
       38125000	      3713	80007130	3aaa0e83	lb	x29,938(x20)	 x20:0x8003bc81 x29=0xffffffe0 PA:0x8003c02b load:0xffffffe0
       38135000	      3714	80007134	286a0ca3	sb	x6,665(x20)	 x20:0x8003bc81  x6:0xe645d10e PA:0x8003bf1a store:0xe645d10e load:0x00000000
       38145000	      3715	80007138	916d3213	sltiu	x4,x26,-1770	 x26:0x00005859  x4=0x00000001
       38155000	      3716	8000713c	0068e533	or	x10,x17,x6	 x17:0x00000000  x6:0xe645d10e x10=0xe645d10e
       38165000	      3717	80007140	062a4e83	lbu	x29,98(x20)	 x20:0x8003bc81 x29=0x00000098 PA:0x8003bce3 load:0x00000098
       38175000	      3718	80007144	46b8fe13	andi	x28,x17,1131	 x17:0x00000000 x28=0x00000000
       38185000	      3719	80007148	2d9a5483	lhu	x9,729(x20)	 x20:0x8003bc81  x9=0x00001011 PA:0x8003bf5a load:0x00001011
       38195000	      3720	8000714c	0002c797	auipc	x15,0x2c	 x15=0x8003314c
       38205000	      3721	80007150	33578793	addi	x15,x15,821	 x15:0x8003314c x15=0x80033481
       38235000	      3724	80007154	02048433	mul	x8,x9,x0	  x9:0x00001011  x0:0x00000000  x8=0x00000000
       38245000	      3725	80007158	fb878003	lb	x0,-72(x15)	 x15:0x80033481  x0=0x00000000 PA:0x80033439 load:0xfffffff2
       38255000	      3726	8000715c	8ded	c.and	x11,x11	 x11:0x000000c1 x11:0x000000c1 x11=0x000000c1
       38265000	      3727	8000715e	137d	c.addi	x6,-1	  x6:0xe645d10e  x6=0xe645d10d
       38275000	      3728	80007160	00b78883	lb	x17,11(x15)	 x15:0x80033481 x17=0x00000047 PA:0x8003348c load:0x00000047
       38285000	      3729	80007164	f4e7cd03	lbu	x26,-178(x15)	 x15:0x80033481 x26=0x00000084 PA:0x800333cf load:0x00000084
       38295000	      3730	80007168	f4e78883	lb	x17,-178(x15)	 x15:0x80033481 x17=0xffffff84 PA:0x800333cf load:0xffffff84
       38305000	      3731	8000716c	00d731b3	sltu	x3,x14,x13	 x14:0x8004cce4 x13:0x00000000  x3=0x00000000
       38315000	      3732	80007170	f33792a3	sh	x19,-219(x15)	 x15:0x80033481 x19:0x00000007 PA:0x800333a6 store:0x00000007 load:0x00000000
       38325000	      3733	80007174	f8178823	sb	x1,-112(x15)	 x15:0x80033481  x1:0x000000c1 PA:0x80033411 store:0x000000c1 load:0x00000000
       38335000	      3734	80007178	c9097913	andi	x18,x18,-880	 x18:0x00000000 x18=0x00000000
       38345000	      3735	8000717c	05379a83	lh	x21,83(x15)	 x15:0x80033481 x21=0xffff8e8f PA:0x800334d4 load:0xffff8e8f
       38355000	      3736	80007180	0b27c183	lbu	x3,178(x15)	 x15:0x80033481  x3=0x000000e8 PA:0x80033533 load:0x000000e8
       38365000	      3737	80007184	fd178623	sb	x17,-52(x15)	 x15:0x80033481 x17:0xffffff84 PA:0x8003344d store:0xffffff84 load:0x00000000
       38375000	      3738	80007188	f7e7cc83	lbu	x25,-130(x15)	 x15:0x80033481 x25=0x000000b4 PA:0x800333ff load:0x000000b4
       38385000	      3739	8000718c	014662b3	or	x5,x12,x20	 x12:0x80048e38 x20:0x8003bc81  x5=0x8007beb9
       38395000	      3740	80007190	f277d383	lhu	x7,-217(x15)	 x15:0x80033481  x7=0x00006263 PA:0x800333a8 load:0x00006263
       38405000	      3741	80007194	f957d383	lhu	x7,-107(x15)	 x15:0x80033481  x7=0x0000cccd PA:0x80033416 load:0x0000cccd
       38415000	      3742	80007198	f8379aa3	sh	x3,-107(x15)	 x15:0x80033481  x3:0x000000e8 PA:0x80033416 store:0x000000e8 load:0x00000000
       38425000	      3743	8000719c	f967cd83	lbu	x27,-106(x15)	 x15:0x80033481 x27=0x00000000 PA:0x80033417 load:0x00000000
       38435000	      3744	800071a0	f84786a3	sb	x4,-115(x15)	 x15:0x80033481  x4:0x00000001 PA:0x8003340e store:0x00000001 load:0x00000000
       38445000	      3745	800071a4	0a17db03	lhu	x22,161(x15)	 x15:0x80033481 x22=0x0000d8d9 PA:0x80033522 load:0x0000d8d9
       38455000	      3746	800071a8	0a9780a3	sb	x9,161(x15)	 x15:0x80033481  x9:0x00001011 PA:0x80033522 store:0x00001011 load:0x00000000
       38465000	      3747	800071ac	0bb790a3	sh	x27,161(x15)	 x15:0x80033481 x27:0x00000000 PA:0x80033522 store:0x00000000 load:0x00000000
       38475000	      3748	800071b0	0b1780a3	sb	x17,161(x15)	 x15:0x80033481 x17:0xffffff84 PA:0x80033522 store:0xffffff84 load:0x00000000
       38845000	      3785	800071b4	03106933	rem	x18,x0,x17	  x0:0x00000000 x17:0xffffff84 x18=0x00000000
       38855000	      3786	800071b8	0a17ce83	lbu	x29,161(x15)	 x15:0x80033481 x29=0x00000084 PA:0x80033522 load:0x00000084
       38865000	      3787	800071bc	0002c897	auipc	x17,0x2c	 x17=0x800331bc
       38875000	      3788	800071c0	1e088893	addi	x17,x17,480	 x17:0x800331bc x17=0x8003339c
       38885000	      3789	800071c4	0698cd83	lbu	x27,105(x17)	 x17:0x8003339c x27=0x000000be PA:0x80033405 load:0x000000be
       38895000	      3790	800071c8	0698c783	lbu	x15,105(x17)	 x17:0x8003339c x15=0x000000be PA:0x80033405 load:0x000000be
       38905000	      3791	800071cc	06988583	lb	x11,105(x17)	 x17:0x8003339c x11=0xffffffbe PA:0x80033405 load:0xffffffbe
       38915000	      3792	800071d0	07b89523	sh	x27,106(x17)	 x17:0x8003339c x27:0x000000be PA:0x80033406 store:0x000000be load:0x00000000
       38925000	      3793	800071d4	07589523	sh	x21,106(x17)	 x17:0x8003339c x21:0xffff8e8f PA:0x80033406 store:0xffff8e8f load:0x00000000
       38935000	      3794	800071d8	40c58fb3	sub	x31,x11,x12	 x11:0xffffffbe x12:0x80048e38 x31=0x7ffb7186
       38945000	      3795	800071dc	0848ad83	lw	x27,132(x17)	 x17:0x8003339c x27=0xd8d9dadb PA:0x80033420 load:0xd8d9dadb
       38955000	      3796	800071e0	08488f03	lb	x30,132(x17)	 x17:0x8003339c x30=0xffffffdb PA:0x80033420 load:0xffffffdb
       38965000	      3797	800071e4	0828a223	sw	x2,132(x17)	 x17:0x8003339c  x2:0xf5e39895 PA:0x80033420 store:0xf5e39895 load:0x00000000
       38975000	      3798	800071e8	08489f83	lh	x31,132(x17)	 x17:0x8003339c x31=0xffff9895 PA:0x80033420 load:0xffff9895
       38985000	      3799	800071ec	09c88223	sb	x28,132(x17)	 x17:0x8003339c x28:0x00000000 PA:0x80033420 store:0x00000000 load:0x00000000
       38995000	      3800	800071f0	0b689683	lh	x13,182(x17)	 x17:0x8003339c x13=0x00000809 PA:0x80033452 load:0x00000809
       39005000	      3801	800071f4	f8888fa3	sb	x8,-97(x17)	 x17:0x8003339c  x8:0x00000000 PA:0x8003333b store:0x00000000 load:0x00000000
       39015000	      3802	800071f8	1efd	c.addi	x29,-1	 x29:0x00000084 x29=0x00000083
       39025000	      3803	800071fa	f9f8c483	lbu	x9,-97(x17)	 x17:0x8003339c  x9=0x00000000 PA:0x8003333b load:0x00000000
       39035000	      3804	800071fe	f9f8c003	lbu	x0,-97(x17)	 x17:0x8003339c  x0=0x00000000 PA:0x8003333b load:0x00000000
       39045000	      3805	80007202	f7588683	lb	x13,-139(x17)	 x17:0x8003339c x13=0xffffffca PA:0x80033311 load:0xffffffca
       39055000	      3806	80007206	846e	c.mv	x8,x27	  x0:0x00000000 x27:0xd8d9dadb  x8=0xd8d9dadb
       39065000	      3807	80007208	f7788aa3	sb	x23,-139(x17)	 x17:0x8003339c x23:0xe4a920bc PA:0x80033311 store:0xe4a920bc load:0x00000000
       39075000	      3808	8000720c	0002cb17	auipc	x22,0x2c	 x22=0x8003320c
       39085000	      3809	80007210	e3cb0b13	addi	x22,x22,-452	 x22:0x8003320c x22=0x80033048
       39095000	      3810	80007214	3acbf337	lui	x6,0x3acbf	  x6=0x3acbf000
       39105000	      3811	80007218	9b1a	c.add	x22,x6	 x22:0x80033048  x6:0x3acbf000 x22=0xbacf2048
       39115000	      3812	8000721a	220b02a3	sb	x0,549(x22)	 x22:0xbacf2048  x0:0x00000000 PA:0xbacf226d store:0x00000000 load:0x00000000
       39125000	      3813	8000721e	dc2b01a3	sb	x2,-573(x22)	 x22:0xbacf2048  x2:0xf5e39895 PA:0xbacf1e0b store:0xf5e39895 load:0x00000000
       39135000	      3814	80007222	ce3b02a3	sb	x3,-795(x22)	 x22:0xbacf2048  x3:0x000000e8 PA:0xbacf1d2d store:0x000000e8 load:0x00000000
       39145000	      3815	80007226	704b0ca3	sb	x4,1817(x22)	 x22:0xbacf2048  x4:0x00000001 PA:0xbacf2761 store:0x00000001 load:0x00000000
       39155000	      3816	8000722a	2a7b1023	sh	x7,672(x22)	 x22:0xbacf2048  x7:0x0000cccd PA:0xbacf22e8 store:0x0000cccd load:0x00000000
       39165000	      3817	8000722e	225b4183	lbu	x3,549(x22)	 x22:0xbacf2048  x3=0x00000000 PA:0xbacf226d load:0x00000000
       39175000	      3818	80007232	8d19	c.sub	x10,x14	 x10:0xe645d10e x14:0x8004cce4 x10=0x6641042a
       39185000	      3819	80007234	f34b2823	sw	x20,-208(x22)	 x22:0xbacf2048 x20:0x8003bc81 PA:0xbacf1f78 store:0x8003bc81 load:0x00000000
       39195000	      3820	80007238	dc3b0a83	lb	x21,-573(x22)	 x22:0xbacf2048 x21=0xffffff95 PA:0xbacf1e0b load:0xffffff95
       39205000	      3821	8000723c	0ff0000f	fence	iorw,iorw	
       39215000	      3822	80007240	ce5b0903	lb	x18,-795(x22)	 x22:0xbacf2048 x18=0xffffffe8 PA:0xbacf1d2d load:0xffffffe8
       39225000	      3823	80007244	719b4f83	lbu	x31,1817(x22)	 x22:0xbacf2048 x31=0x00000001 PA:0xbacf2761 load:0x00000001
       39235000	      3824	80007248	00be15b3	sll	x11,x28,x11	 x28:0x00000000 x11:0xffffffbe x11=0x00000000
       39245000	      3825	8000724c	0001	c.addi	x0,0	  x0:0x00000000  x0=0x00000000
       39255000	      3826	8000724e	0001	c.addi	x0,0	  x0:0x00000000  x0=0x00000000
       39265000	      3827	80007250	023b08a3	sb	x3,49(x22)	 x22:0xbacf2048  x3:0x00000000 PA:0xbacf2079 store:0x00000000 load:0x00000000
       39275000	      3828	80007254	6afb1e23	sh	x15,1724(x22)	 x22:0xbacf2048 x15:0x000000be PA:0xbacf2704 store:0x000000be load:0x00000000
       39285000	      3829	80007258	2a0b1403	lh	x8,672(x22)	 x22:0xbacf2048  x8=0xffffcccd PA:0xbacf22e8 load:0xffffcccd
       39295000	      3830	8000725c	a22b0fa3	sb	x2,-1473(x22)	 x22:0xbacf2048  x2:0xf5e39895 PA:0xbacf1a87 store:0xf5e39895 load:0x00000000
       39305000	      3831	80007260	5f7d	c.li	x30,-1	 x30=0xffffffff
       39315000	      3832	80007262	8fb5	c.xor	x15,x13	 x15:0x000000be x13:0xffffffca x15=0xffffff74
       39325000	      3833	80007264	d20b1a23	sh	x0,-716(x22)	 x22:0xbacf2048  x0:0x00000000 PA:0xbacf1d7c store:0x00000000 load:0x00000000
       39335000	      3834	80007268	0003cd97	auipc	x27,0x3c	 x27=0x80043268
       39345000	      3835	8000726c	54dd8d93	addi	x27,x27,1357	 x27:0x80043268 x27=0x800437b5
       39355000	      3836	80007270	5cad8823	sb	x10,1488(x27)	 x27:0x800437b5 x10:0x6641042a PA:0x80043d85 store:0x6641042a load:0x00000000
       39365000	      3837	80007274	989dd903	lhu	x18,-1655(x27)	 x27:0x800437b5 x18=0x0000f4f5 PA:0x8004313e load:0x0000f4f5
       39375000	      3838	80007278	989d8203	lb	x4,-1655(x27)	 x27:0x800437b5  x4=0xfffffff5 PA:0x8004313e load:0xfffffff5
       39385000	      3839	8000727c	980d84a3	sb	x0,-1655(x27)	 x27:0x800437b5  x0:0x00000000 PA:0x8004313e store:0x00000000 load:0x00000000
       39395000	      3840	80007280	989d9083	lh	x1,-1655(x27)	 x27:0x800437b5  x1=0xfffff400 PA:0x8004313e load:0xfffff400
       39405000	      3841	80007284	989dc003	lbu	x0,-1655(x27)	 x27:0x800437b5  x0=0x00000000 PA:0x8004313e load:0x00000000
       39415000	      3842	80007288	0001	c.addi	x0,0	  x0:0x00000000  x0=0x00000000
       39425000	      3843	8000728a	989dcd03	lbu	x26,-1655(x27)	 x27:0x800437b5 x26=0x00000000 PA:0x8004313e load:0x00000000
       39435000	      3844	8000728e	989d8403	lb	x8,-1655(x27)	 x27:0x800437b5  x8=0x00000000 PA:0x8004313e load:0x00000000
       39445000	      3845	80007292	993d84a3	sb	x19,-1655(x27)	 x27:0x800437b5 x19:0x00000007 PA:0x8004313e store:0x00000007 load:0x00000000
       39455000	      3846	80007296	c13d9303	lh	x6,-1005(x27)	 x27:0x800437b5  x6=0xffff8283 PA:0x800433c8 load:0xffff8283
       39465000	      3847	8000729a	c02d89a3	sb	x2,-1005(x27)	 x27:0x800437b5  x2:0xf5e39895 PA:0x800433c8 store:0xf5e39895 load:0x00000000
       39475000	      3848	8000729e	c06d89a3	sb	x6,-1005(x27)	 x27:0x800437b5  x6:0xffff8283 PA:0x800433c8 store:0xffff8283 load:0x00000000
       39485000	      3849	800072a2	c13d9b83	lh	x23,-1005(x27)	 x27:0x800437b5 x23=0xffff8283 PA:0x800433c8 load:0xffff8283
       39495000	      3850	800072a6	c1cd99a3	sh	x28,-1005(x27)	 x27:0x800437b5 x28:0x00000000 PA:0x800433c8 store:0x00000000 load:0x00000000
       39505000	      3851	800072aa	c13dae83	lw	x29,-1005(x27)	 x27:0x800437b5 x29=0x80810000 PA:0x800433c8 load:0x80810000
       39515000	      3852	800072ae	40c95893	srai	x17,x18,0xc	 x18:0x0000f4f5 x17=0x0000000f
       39525000	      3853	800072b2	c09d99a3	sh	x9,-1005(x27)	 x27:0x800437b5  x9:0x00000000 PA:0x800433c8 store:0x00000000 load:0x00000000
       39535000	      3854	800072b6	c13dcf83	lbu	x31,-1005(x27)	 x27:0x800437b5 x31=0x00000000 PA:0x800433c8 load:0x00000000
       39545000	      3855	800072ba	00032b97	auipc	x23,0x32	 x23=0x800392ba
       39555000	      3856	800072be	deeb8b93	addi	x23,x23,-530	 x23:0x800392ba x23=0x800390a8
       39565000	      3857	800072c2	85ebac23	sw	x30,-1960(x23)	 x23:0x800390a8 x30:0xffffffff PA:0x80038900 store:0xffffffff load:0x00000000
       39575000	      3858	800072c6	4c41cf13	xori	x30,x3,1220	  x3:0x00000000 x30=0x000004c4
       39585000	      3859	800072ca	858ba483	lw	x9,-1960(x23)	 x23:0x800390a8  x9=0xffffffff PA:0x80038900 load:0xffffffff
       39595000	      3860	800072ce	858ba283	lw	x5,-1960(x23)	 x23:0x800390a8  x5=0xffffffff PA:0x80038900 load:0xffffffff
       39605000	      3861	800072d2	858bc903	lbu	x18,-1960(x23)	 x23:0x800390a8 x18=0x000000ff PA:0x80038900 load:0x000000ff
       39615000	      3862	800072d6	851bac23	sw	x17,-1960(x23)	 x23:0x800390a8 x17:0x0000000f PA:0x80038900 store:0x0000000f load:0x00000000
       39625000	      3863	800072da	858ba683	lw	x13,-1960(x23)	 x23:0x800390a8 x13=0x0000000f PA:0x80038900 load:0x0000000f
       39635000	      3864	800072de	858ba803	lw	x16,-1960(x23)	 x23:0x800390a8 x16=0x0000000f PA:0x80038900 load:0x0000000f
       39645000	      3865	800072e2	858ba683	lw	x13,-1960(x23)	 x23:0x800390a8 x13=0x0000000f PA:0x80038900 load:0x0000000f
       39655000	      3866	800072e6	854b9c23	sh	x20,-1960(x23)	 x23:0x800390a8 x20:0x8003bc81 PA:0x80038900 store:0x8003bc81 load:0x00000000
       39665000	      3867	800072ea	848b9c23	sh	x8,-1960(x23)	 x23:0x800390a8  x8:0x00000000 PA:0x80038900 store:0x00000000 load:0x00000000
       39675000	      3868	800072ee	858bc403	lbu	x8,-1960(x23)	 x23:0x800390a8  x8=0x00000000 PA:0x80038900 load:0x00000000
       39685000	      3869	800072f2	84eb9c23	sh	x14,-1960(x23)	 x23:0x800390a8 x14:0x8004cce4 PA:0x80038900 store:0x8004cce4 load:0x00000000
       39695000	      3870	800072f6	858bac23	sw	x24,-1960(x23)	 x23:0x800390a8 x24:0xffffffff PA:0x80038900 store:0xffffffff load:0x00000000
       39705000	      3871	800072fa	858b9d03	lh	x26,-1960(x23)	 x23:0x800390a8 x26=0xffffffff PA:0x80038900 load:0xffffffff
       39715000	      3872	800072fe	845b8c23	sb	x5,-1960(x23)	 x23:0x800390a8  x5:0xffffffff PA:0x80038900 store:0xffffffff load:0x00000000
       39725000	      3873	80007302	0155f333	and	x6,x11,x21	 x11:0x00000000 x21:0xffffff95  x6=0x00000000
       39735000	      3874	80007306	84fb8c23	sb	x15,-1960(x23)	 x23:0x800390a8 x15:0xffffff74 PA:0x80038900 store:0xffffff74 load:0x00000000
       39745000	      3875	8000730a	858ba283	lw	x5,-1960(x23)	 x23:0x800390a8  x5=0xffffff74 PA:0x80038900 load:0xffffff74
       39755000	      3876	8000730e	858bca83	lbu	x21,-1960(x23)	 x23:0x800390a8 x21=0x00000074 PA:0x80038900 load:0x00000074
       39765000	      3877	80007312	858b9083	lh	x1,-1960(x23)	 x23:0x800390a8  x1=0xffffff74 PA:0x80038900 load:0xffffff74
       39775000	      3878	80007316	0002d097	auipc	x1,0x2d	  x1=0x80034316
       39785000	      3879	8000731a	d3208093	addi	x1,x1,-718	  x1:0x80034316  x1=0x80034048
       39795000	      3880	8000731e	58c2a9b7	lui	x19,0x58c2a	 x19=0x58c2a000
       39805000	      3881	80007322	90ce	c.add	x1,x19	  x1:0x80034048 x19:0x58c2a000  x1=0xd8c5e048
       39815000	      3882	80007324	36008023	sb	x0,864(x1)	  x1:0xd8c5e048  x0:0x00000000 PA:0xd8c5e3a8 store:0x00000000 load:0x00000000
       39825000	      3883	80007328	2a1087a3	sb	x1,687(x1)	  x1:0xd8c5e048  x1:0xd8c5e048 PA:0xd8c5e2f7 store:0xd8c5e048 load:0x00000000
       39835000	      3884	8000732c	3620ae23	sw	x2,892(x1)	  x1:0xd8c5e048  x2:0xf5e39895 PA:0xd8c5e3c4 store:0xf5e39895 load:0x00000000
       39845000	      3885	80007330	3e308223	sb	x3,996(x1)	  x1:0xd8c5e048  x3:0x00000000 PA:0xd8c5e42c store:0x00000000 load:0x00000000
       39855000	      3886	80007334	b85088a3	sb	x5,-1135(x1)	  x1:0xd8c5e048  x5:0xffffff74 PA:0xd8c5dbd9 store:0xffffff74 load:0x00000000
       39895000	      3890	80007338	033e28b3	mulhsu	x17,x28,x19	 x28:0x00000000 x19:0x58c2a000 x17=0x00000000
       39905000	      3891	8000733c	8dc6	c.mv	x27,x17	  x0:0x00000000 x17:0x00000000 x27=0x00000000
       39915000	      3892	8000733e	3600cb83	lbu	x23,864(x1)	  x1:0xd8c5e048 x23=0x00000000 PA:0xd8c5e3a8 load:0x00000000
       39925000	      3893	80007342	2af0cd83	lbu	x27,687(x1)	  x1:0xd8c5e048 x27=0x00000048 PA:0xd8c5e2f7 load:0x00000048
       39935000	      3894	80007346	0001	c.addi	x0,0	  x0:0x00000000  x0=0x00000000
       39955000	      3896	80007348	03f2f7b3	remu	x15,x5,x31	  x5:0xffffff74 x31:0x00000000 x15=0xffffff74
       39965000	      3897	8000734c	37c0af83	lw	x31,892(x1)	  x1:0xd8c5e048 x31=0xf5e39895 PA:0xd8c5e3c4 load:0xf5e39895
       39975000	      3898	80007350	3e408303	lb	x6,996(x1)	  x1:0xd8c5e048  x6=0x00000000 PA:0xd8c5e42c load:0x00000000
       39985000	      3899	80007354	d71b4e93	xori	x29,x22,-655	 x22:0xbacf2048 x29=0x4530dd39
       39995000	      3900	80007358	70108ca3	sb	x1,1817(x1)	  x1:0xd8c5e048  x1:0xd8c5e048 PA:0xd8c5e761 store:0xd8c5e048 load:0x00000000
       40005000	      3901	8000735c	0000100f	fence.i	
       40025000	      3903	80007360	0001	c.addi	x0,0	  x0:0x00000000  x0=0x00000000
       40035000	      3904	80007362	8d71	c.and	x10,x12	 x10:0x6641042a x12:0x80048e38 x10=0x00000428
       40045000	      3905	80007364	b910c483	lbu	x9,-1135(x1)	  x1:0xd8c5e048  x9=0x00000074 PA:0xd8c5dbd9 load:0x00000074
       40055000	      3906	80007368	00c8b333	sltu	x6,x17,x12	 x17:0x00000000 x12:0x80048e38  x6=0x00000001
       40065000	      3907	8000736c	01ffaf33	slt	x30,x31,x31	 x31:0xf5e39895 x31:0xf5e39895 x30=0x00000000
       40075000	      3908	80007370	c7808723	sb	x24,-914(x1)	  x1:0xd8c5e048 x24:0xffffffff PA:0xd8c5dcb6 store:0xffffffff load:0x00000000
       40085000	      3909	80007374	0002c497	auipc	x9,0x2c	  x9=0x80033374
       40095000	      3910	80007378	df748493	addi	x9,x9,-521	  x9:0x80033374  x9=0x8003316b
       40105000	      3911	8000737c	fec4c803	lbu	x16,-20(x9)	  x9:0x8003316b x16=0x0000000c PA:0x80033157 load:0x0000000c
       40115000	      3912	80007380	fcd48c23	sb	x13,-40(x9)	  x9:0x8003316b x13:0x0000000f PA:0x80033143 store:0x0000000f load:0x00000000
       40125000	      3913	80007384	fd848003	lb	x0,-40(x9)	  x9:0x8003316b  x0=0x00000000 PA:0x80033143 load:0x0000000f
       40135000	      3914	80007388	fd848d03	lb	x26,-40(x9)	  x9:0x8003316b x26=0x0000000f PA:0x80033143 load:0x0000000f
       40145000	      3915	8000738c	01648783	lb	x15,22(x9)	  x9:0x8003316b x15=0x0000003a PA:0x80033181 load:0x0000003a
       40155000	      3916	80007390	01648083	lb	x1,22(x9)	  x9:0x8003316b  x1=0x0000003a PA:0x80033181 load:0x0000003a
       40165000	      3917	80007394	0164c983	lbu	x19,22(x9)	  x9:0x8003316b x19=0x0000003a PA:0x80033181 load:0x0000003a
       40175000	      3918	80007398	fd24c383	lbu	x7,-46(x9)	  x9:0x8003316b  x7=0x000000f6 PA:0x8003313d load:0x000000f6
       40185000	      3919	8000739c	0214cc83	lbu	x25,33(x9)	  x9:0x8003316b x25=0x00000047 PA:0x8003318c load:0x00000047
       40195000	      3920	800073a0	fcd489a3	sb	x13,-45(x9)	  x9:0x8003316b x13:0x0000000f PA:0x8003313e store:0x0000000f load:0x00000000
       40205000	      3921	800073a4	fc548623	sb	x5,-52(x9)	  x9:0x8003316b  x5:0xffffff74 PA:0x80033137 store:0xffffff74 load:0x00000000
       40215000	      3922	800073a8	fcc48203	lb	x4,-52(x9)	  x9:0x8003316b  x4=0x00000074 PA:0x80033137 load:0x00000074
       40225000	      3923	800073ac	00f4a6a3	sw	x15,13(x9)	  x9:0x8003316b x15:0x0000003a PA:0x80033178 store:0x0000003a load:0x00000000
       40235000	      3924	800073b0	00d4db83	lhu	x23,13(x9)	  x9:0x8003316b x23=0x0000003a PA:0x80033178 load:0x0000003a
       40245000	      3925	800073b4	00a496a3	sh	x10,13(x9)	  x9:0x8003316b x10:0x00000428 PA:0x80033178 store:0x00000428 load:0x00000000
       40255000	      3926	800073b8	01349983	lh	x19,19(x9)	  x9:0x8003316b x19=0x00003435 PA:0x8003317e load:0x00003435
       40265000	      3927	800073bc	01348203	lb	x4,19(x9)	  x9:0x8003316b  x4=0x00000035 PA:0x8003317e load:0x00000035
       40275000	      3928	800073c0	017489a3	sb	x23,19(x9)	  x9:0x8003316b x23:0x0000003a PA:0x8003317e store:0x0000003a load:0x00000000
       40285000	      3929	800073c4	ffa4cc83	lbu	x25,-6(x9)	  x9:0x8003316b x25=0x00000000 PA:0x80033165 load:0x00000000
       40655000	      3966	800073c8	029046b3	div	x13,x0,x9	  x0:0x00000000  x9:0x8003316b x13=0x00000000
       40665000	      3967	800073cc	ffa48d03	lb	x26,-6(x9)	  x9:0x8003316b x26=0x00000000 PA:0x80033165 load:0x00000000
       40675000	      3968	800073d0	0002d217	auipc	x4,0x2d	  x4=0x800343d0
       40685000	      3969	800073d4	8e520213	addi	x4,x4,-1819	  x4:0x800343d0  x4=0x80033cb5
       40695000	      3970	800073d8	00d21903	lh	x18,13(x4)	  x4:0x80033cb5 x18=0x00007879 PA:0x80033cc2 load:0x00007879
       40715000	      3972	800073dc	00b90333	add	x6,x18,x11	 x18:0x00007879 x11:0x00000000  x6=0x00007879
       40725000	      3973	800073e0	80f9	c.srli	x9,0x1e	  x9:0x8003316b  x9=0x00000002
       40735000	      3974	800073e2	00322b03	lw	x22,3(x4)	  x4:0x80033cb5 x22=0x70710000 PA:0x80033cb8 load:0x70710000
       40745000	      3975	800073e6	0000100f	fence.i	
       40765000	      3977	800073ea	9ca2	c.add	x25,x8	 x25:0x00000000  x8:0x00000000 x25=0x00000000
       40805000	      3981	800073ec	035b3333	mulhu	x6,x22,x21	 x22:0x70710000 x21:0x00000074  x6=0x00000032
       40815000	      3982	800073f0	92aa	c.add	x5,x10	  x5:0xffffff74 x10:0x00000428  x5=0x0000039c
       40825000	      3983	800073f2	00420c83	lb	x25,4(x4)	  x4:0x80033cb5 x25=0x00000000 PA:0x80033cb9 load:0x00000000
       40835000	      3984	800073f6	ff120da3	sb	x17,-5(x4)	  x4:0x80033cb5 x17:0x00000000 PA:0x80033cb0 store:0x00000000 load:0x00000000
       41205000	      4021	800073fa	021a7bb3	remu	x23,x20,x1	 x20:0x8003bc81  x1:0x0000003a x23=0x00000037
       41215000	      4022	800073fe	9bee	c.add	x23,x27	 x23:0x00000037 x27:0x00000048 x23=0x0000007f
       41225000	      4023	80007400	ff024283	lbu	x5,-16(x4)	  x4:0x80033cb5  x5=0x0000005e PA:0x80033ca5 load:0x0000005e
       41265000	      4027	80007404	03c28a33	mul	x20,x5,x28	  x5:0x0000005e x28:0x00000000 x20=0x00000000
       41275000	      4028	80007408	00920503	lb	x10,9(x4)	  x4:0x80033cb5 x10=0x00000000 PA:0x80033cbe load:0x00000000
       41285000	      4029	8000740c	00820223	sb	x8,4(x4)	  x4:0x80033cb5  x8:0x00000000 PA:0x80033cb9 store:0x00000000 load:0x00000000
       41305000	      4031	80007410	03eccdb3	div	x27,x25,x30	 x25:0x00000000 x30:0x00000000 x27=0xffffffff
       41315000	      4032	80007414	41438fb3	sub	x31,x7,x20	  x7:0x000000f6 x20:0x00000000 x31=0x000000f6
       41325000	      4033	80007418	ff020e03	lb	x28,-16(x4)	  x4:0x80033cb5 x28=0x0000005e PA:0x80033ca5 load:0x0000005e
       41335000	      4034	8000741c	4025d093	srai	x1,x11,0x2	 x11:0x00000000  x1=0x00000000
       41345000	      4035	80007420	41c057b3	sra	x15,x0,x28	  x0:0x00000000 x28:0x0000005e x15=0x00000000
       41355000	      4036	80007424	1d7d	c.addi	x26,-1	 x26:0x00000000 x26=0xffffffff
       41365000	      4037	80007426	00020d83	lb	x27,0(x4)	  x4:0x80033cb5 x27=0x0000006e PA:0x80033cb5 load:0x0000006e
       41375000	      4038	8000742a	5519fb13	andi	x22,x19,1361	 x19:0x00003435 x22=0x00000411
       41385000	      4039	8000742e	001b20b3	slt	x1,x22,x1	 x22:0x00000411  x1:0x00000000  x1=0x00000000
       41395000	      4040	80007432	75094793	xori	x15,x18,1872	 x18:0x00007879 x15=0x00007f29
       41405000	      4041	80007436	3a253f93	sltiu	x31,x10,930	 x10:0x00000000 x31=0x00000001
       41415000	      4042	8000743a	137d	c.addi	x6,-1	  x6:0x00000032  x6=0x00000031
       41425000	      4043	8000743c	00ebef33	or	x30,x23,x14	 x23:0x0000007f x14:0x8004cce4 x30=0x8004ccff
       41435000	      4044	80007440	8d85	c.sub	x11,x9	 x11:0x00000000  x9:0x00000002 x11=0xfffffffe
       41445000	      4045	80007442	8ddd	c.or	x11,x15	 x11:0xfffffffe x15:0x00007f29 x11=0xffffffff
       41465000	      4047	80007444	02804f33	div	x30,x0,x8	  x0:0x00000000  x8:0x00000000 x30=0xffffffff
       41475000	      4048	80007448	01024783	lbu	x15,16(x4)	  x4:0x80033cb5 x15=0x0000007e PA:0x80033cc5 load:0x0000007e
       41485000	      4049	8000744c	01a8b0b3	sltu	x1,x17,x26	 x17:0x00000000 x26:0xffffffff  x1=0x00000001
       41495000	      4050	80007450	8ffd	c.and	x15,x15	 x15:0x0000007e x15:0x0000007e x15=0x0000007e
       41505000	      4051	80007452	0112c0b3	xor	x1,x5,x17	  x5:0x0000005e x17:0x00000000  x1=0x0000005e
       41515000	      4052	80007456	8ff9	c.and	x15,x14	 x15:0x0000007e x14:0x8004cce4 x15=0x00000064
       41525000	      4053	80007458	0ff0000f	fence	iorw,iorw	
       41535000	      4054	8000745c	fff20d23	sb	x31,-6(x4)	  x4:0x80033cb5 x31:0x00000001 PA:0x80033caf store:0x00000001 load:0x00000000
       41545000	      4055	80007460	0003dd17	auipc	x26,0x3d	 x26=0x80044460
       41555000	      4056	80007464	af4d0d13	addi	x26,x26,-1292	 x26:0x80044460 x26=0x80043f54
       41565000	      4057	80007468	07ed1383	lh	x7,126(x26)	 x26:0x80043f54  x7=0xffff8889 PA:0x80043fd2 load:0xffff8889
       41575000	      4058	8000746c	07dd4e03	lbu	x28,125(x26)	 x26:0x80043f54 x28=0x0000009f PA:0x80043fd1 load:0x0000009f
       41585000	      4059	80007470	ff8d5003	lhu	x0,-8(x26)	 x26:0x80043f54  x0=0x00000000 PA:0x80043f4c load:0x00000607
       41955000	      4096	80007474	0223ccb3	div	x25,x7,x2	  x7:0xffff8889  x2:0xf5e39895 x25=0x00000000
       41965000	      4097	80007478	009df933	and	x18,x27,x9	 x27:0x0000006e  x9:0x00000002 x18=0x00000002
       41975000	      4098	8000747c	043d4583	lbu	x11,67(x26)	 x26:0x80043f54 x11=0x0000004c PA:0x80043f97 load:0x0000004c
       41985000	      4099	80007480	8ff1	c.and	x15,x12	 x15:0x00000064 x12:0x80048e38 x15=0x00000020
       41995000	      4100	80007482	043d0283	lb	x5,67(x26)	 x26:0x80043f54  x5=0x0000004c PA:0x80043f97 load:0x0000004c
       42005000	      4101	80007486	04dd01a3	sb	x13,67(x26)	 x26:0x80043f54 x13:0x00000000 PA:0x80043f97 store:0x00000000 load:0x00000000
       42015000	      4102	8000748a	fe5d4a03	lbu	x20,-27(x26)	 x26:0x80043f54 x20=0x000000f2 PA:0x80043f39 load:0x000000f2
       42025000	      4103	8000748e	fe5d0983	lb	x19,-27(x26)	 x26:0x80043f54 x19=0xfffffff2 PA:0x80043f39 load:0xfffffff2
       42035000	      4104	80007492	fffd02a3	sb	x31,-27(x26)	 x26:0x80043f54 x31:0x00000001 PA:0x80043f39 store:0x00000001 load:0x00000000
       42045000	      4105	80007496	716d9597	auipc	x11,0x716d9	 x11=0xf16e0496
       42055000	      4106	8000749a	72553e93	sltiu	x29,x10,1829	 x10:0x00000000 x29=0x00000001
       42065000	      4107	8000749e	fe5d0203	lb	x4,-27(x26)	 x26:0x80043f54  x4=0x00000001 PA:0x80043f39 load:0x00000001
       42085000	      4109	800074a2	fe4d0b23	sb	x4,-10(x26)	 x26:0x80043f54  x4:0x00000001 PA:0x80043f4a store:0x00000001 load:0x00000000
       42095000	      4110	800074a6	f07d0883	lb	x17,-249(x26)	 x26:0x80043f54 x17=0x00000010 PA:0x80043e5b load:0x00000010
       42105000	      4111	800074aa	f68d5903	lhu	x18,-152(x26)	 x26:0x80043f54 x18=0x00007677 PA:0x80043ebc load:0x00007677
       42115000	      4112	800074ae	86ad	c.srai	x13,0xb	 x13:0x00000000 x13=0x00000000
       42125000	      4113	800074b0	f62d1423	sh	x2,-152(x26)	 x26:0x80043f54  x2:0xf5e39895 PA:0x80043ebc store:0xf5e39895 load:0x00000000
       42135000	      4114	800074b4	fcbd06a3	sb	x11,-51(x26)	 x26:0x80043f54 x11:0xf16e0496 PA:0x80043f21 store:0xf16e0496 load:0x00000000
       42145000	      4115	800074b8	f48d0da3	sb	x8,-165(x26)	 x26:0x80043f54  x8:0x00000000 PA:0x80043eaf store:0x00000000 load:0x00000000
       42155000	      4116	800074bc	fb4d2223	sw	x20,-92(x26)	 x26:0x80043f54 x20:0x000000f2 PA:0x80043ef8 store:0x000000f2 load:0x00000000
       42165000	      4117	800074c0	00031e17	auipc	x28,0x31	 x28=0x800384c0
       42175000	      4118	800074c4	c75e0e13	addi	x28,x28,-907	 x28:0x800384c0 x28=0x80038135
       42185000	      4119	800074c8	fc5e4183	lbu	x3,-59(x28)	 x28:0x80038135  x3=0x000000b1 PA:0x800380fa load:0x000000b1
       42195000	      4120	800074cc	5d7d	c.li	x26,-1	 x26=0xffffffff
       42205000	      4121	800074ce	fdee12a3	sh	x30,-59(x28)	 x28:0x80038135 x30:0xffffffff PA:0x800380fa store:0xffffffff load:0x00000000
       42215000	      4122	800074d2	41b10eb3	sub	x29,x2,x27	  x2:0xf5e39895 x27:0x0000006e x29=0xf5e39827
       42225000	      4123	800074d6	fc5e4583	lbu	x11,-59(x28)	 x28:0x80038135 x11=0x000000ff PA:0x800380fa load:0x000000ff
       42235000	      4124	800074da	00ee0ea3	sb	x14,29(x28)	 x28:0x80038135 x14:0x8004cce4 PA:0x80038152 store:0x8004cce4 load:0x00000000
       42245000	      4125	800074de	fd9e1403	lh	x8,-39(x28)	 x28:0x80038135  x8=0xffffc4c5 PA:0x8003810e load:0xffffc4c5
       42255000	      4126	800074e2	fd4e1ca3	sh	x20,-39(x28)	 x28:0x80038135 x20:0x000000f2 PA:0x8003810e store:0x000000f2 load:0x00000000
       42265000	      4127	800074e6	fd9e4b83	lbu	x23,-39(x28)	 x28:0x80038135 x23=0x000000f2 PA:0x8003810e load:0x000000f2
       42275000	      4128	800074ea	016d9793	slli	x15,x27,0x16	 x27:0x0000006e x15=0x1b800000
       42285000	      4129	800074ee	00fe2ba3	sw	x15,23(x28)	 x28:0x80038135 x15:0x1b800000 PA:0x8003814c store:0x1b800000 load:0x00000000
       42295000	      4130	800074f2	ffbe0aa3	sb	x27,-11(x28)	 x28:0x80038135 x27:0x0000006e PA:0x8003812a store:0x0000006e load:0x00000000
       42305000	      4131	800074f6	ff2e0d83	lb	x27,-14(x28)	 x28:0x80038135 x27=0xffffffdc PA:0x80038127 load:0xffffffdc
       42315000	      4132	800074fa	ff7e0923	sb	x23,-14(x28)	 x28:0x80038135 x23:0x000000f2 PA:0x80038127 store:0x000000f2 load:0x00000000
       42325000	      4133	800074fe	ff2e0923	sb	x18,-14(x28)	 x28:0x80038135 x18:0x00007677 PA:0x80038127 store:0x00007677 load:0x00000000
       42335000	      4134	80007502	ff0e0723	sb	x16,-18(x28)	 x28:0x80038135 x16:0x0000000c PA:0x80038123 store:0x0000000c load:0x00000000
       42345000	      4135	80007506	021e5c83	lhu	x25,33(x28)	 x28:0x80038135 x25=0x00000c0d PA:0x80038156 load:0x00000c0d
       42355000	      4136	8000750a	021e1f83	lh	x31,33(x28)	 x28:0x80038135 x31=0x00000c0d PA:0x80038156 load:0x00000c0d
       42365000	      4137	8000750e	00035f97	auipc	x31,0x35	 x31=0x8003c50e
       42375000	      4138	80007512	a69f8f93	addi	x31,x31,-1431	 x31:0x8003c50e x31=0x8003bf77
       42385000	      4139	80007516	40f5d433	sra	x8,x11,x15	 x11:0x000000ff x15:0x1b800000  x8=0x000000ff
       42395000	      4140	8000751a	00ed5213	srli	x4,x26,0xe	 x26:0xffffffff  x4=0x0003ffff
       42405000	      4141	8000751e	018781b3	add	x3,x15,x24	 x15:0x1b800000 x24:0xffffffff  x3=0x1b7fffff
       42415000	      4142	80007522	05cf8483	lb	x9,92(x31)	 x31:0x8003bf77  x9=0xffffff88 PA:0x8003bfd3 load:0xffffff88
       42425000	      4143	80007526	ddaf8223	sb	x26,-572(x31)	 x31:0x8003bf77 x26:0xffffffff PA:0x8003bd3b store:0xffffffff load:0x00000000
       42435000	      4144	8000752a	413955b3	sra	x11,x18,x19	 x18:0x00007677 x19:0xfffffff2 x11=0x00000000
       42445000	      4145	8000752e	018e4c33	xor	x24,x28,x24	 x28:0x80038135 x24:0xffffffff x24=0x7ffc7eca
       42455000	      4146	80007532	f90f8123	sb	x16,-126(x31)	 x31:0x8003bf77 x16:0x0000000c PA:0x8003bef9 store:0x0000000c load:0x00000000
       42465000	      4147	80007536	cf3f82a3	sb	x19,-795(x31)	 x31:0x8003bf77 x19:0xfffffff2 PA:0x8003bc5c store:0xfffffff2 load:0x00000000
       42475000	      4148	8000753a	8c9f8783	lb	x15,-1847(x31)	 x31:0x8003bf77 x15=0xfffffffb PA:0x8003b840 load:0xfffffffb
       42485000	      4149	8000753e	af6f8983	lb	x19,-1290(x31)	 x31:0x8003bf77 x19=0x00000026 PA:0x8003ba6d load:0x00000026
       42525000	      4153	80007542	03ffbdb3	mulhu	x27,x31,x31	 x31:0x8003bf77 x31:0x8003bf77 x27=0x4003bf85
       42535000	      4154	80007546	137d	c.addi	x6,-1	  x6:0x00000031  x6=0x00000030
       42545000	      4155	80007548	8291	c.srli	x13,0x4	 x13:0x00000000 x13=0x00000000
       42555000	      4156	8000754a	01799793	slli	x15,x19,0x17	 x19:0x00000026 x15=0x13000000
       42565000	      4157	8000754e	5aef8483	lb	x9,1454(x31)	 x31:0x8003bf77  x9=0xffffffde PA:0x8003c525 load:0xffffffde
       42575000	      4158	80007552	9fcfcf03	lbu	x30,-1540(x31)	 x31:0x8003bf77 x30=0x00000028 PA:0x8003b973 load:0x00000028
       42585000	      4159	80007556	e3ff8e83	lb	x29,-449(x31)	 x31:0x8003bf77 x29=0x0000006d PA:0x8003bdb6 load:0x0000006d
       42595000	      4160	8000755a	67a9	c.lui	x15,0xa	 x15=0x0000a000
       42605000	      4161	8000755c	0a65	c.addi	x20,25	 x20:0x000000f2 x20=0x0000010b
       42615000	      4162	8000755e	b23f9783	lh	x15,-1245(x31)	 x31:0x8003bf77 x15=0x00005051 PA:0x8003ba9a load:0x00005051
       42625000	      4163	80007562	153fd483	lhu	x9,339(x31)	 x31:0x8003bf77  x9=0x00008081 PA:0x8003c0ca load:0x00008081
       42635000	      4164	80007566	e7ffc413	xori	x8,x31,-385	 x31:0x8003bf77  x8=0x7ffc4108
       42645000	      4165	8000756a	0ff0000f	fence	iorw,iorw	
       42655000	      4166	8000756e	002025b3	slt	x11,x0,x2	  x0:0x00000000  x2:0xf5e39895 x11=0x00000000
       42665000	      4167	80007572	8fabc793	xori	x15,x23,-1798	 x23:0x000000f2 x15=0xfffff808
       43035000	      4204	80007576	0328d4b3	divu	x9,x17,x18	 x17:0x00000010 x18:0x00007677  x9=0x00000000
       43045000	      4205	8000757a	98af8803	lb	x16,-1654(x31)	 x31:0x8003bf77 x16=0xffffffba PA:0x8003b901 load:0xffffffba
       43055000	      4206	8000757e	6662f4b7	lui	x9,0x6662f	  x9=0x6662f000
       43065000	      4207	80007582	9ecfcd03	lbu	x26,-1556(x31)	 x31:0x8003bf77 x26=0x00000018 PA:0x8003b963 load:0x00000018
       43075000	      4208	80007586	1cfd	c.addi	x25,-1	 x25:0x00000c0d x25=0x00000c0c
       43085000	      4209	80007588	8806a7b7	lui	x15,0x8806a	 x15=0x8806a000
       43095000	      4210	8000758c	00f474b3	and	x9,x8,x15	  x8:0x7ffc4108 x15:0x8806a000  x9=0x08040000
       43105000	      4211	80007590	302f8503	lb	x10,770(x31)	 x31:0x8003bf77 x10=0x00000032 PA:0x8003c279 load:0x00000032
       43115000	      4212	80007594	0001	c.addi	x0,0	  x0:0x00000000  x0=0x00000000
       43125000	      4213	80007596	00c08f33	add	x30,x1,x12	  x1:0x0000005e x12:0x80048e38 x30=0x80048e96
       43135000	      4214	8000759a	dcef8e83	lb	x29,-562(x31)	 x31:0x8003bf77 x29=0xfffffffe PA:0x8003bd45 load:0xfffffffe
       43145000	      4215	8000759e	8795	c.srai	x15,0x5	 x15:0x8806a000 x15=0xfc403500
       43155000	      4216	800075a0	42efcc03	lbu	x24,1070(x31)	 x31:0x8003bf77 x24=0x0000005e PA:0x8003c3a5 load:0x0000005e
       43165000	      4217	800075a4	0ff0000f	fence	iorw,iorw	
       43175000	      4218	800075a8	81dd	c.srli	x11,0x17	 x11:0x00000000 x11=0x00000000
       43185000	      4219	800075aa	de8fc003	lbu	x0,-536(x31)	 x31:0x8003bf77  x0=0x00000000 PA:0x8003bd5f load:0x00000014
       43195000	      4220	800075ae	efcfc503	lbu	x10,-260(x31)	 x31:0x8003bf77 x10=0x00000028 PA:0x8003be73 load:0x00000028
       43205000	      4221	800075b2	89ca	c.mv	x19,x18	  x0:0x00000000 x18:0x00007677 x19=0x00007677
       43215000	      4222	800075b4	0f7fc883	lbu	x17,247(x31)	 x31:0x8003bf77 x17=0x00000025 PA:0x8003c06e load:0x00000025
       43225000	      4223	800075b8	4f9fa503	lw	x10,1273(x31)	 x31:0x8003bf77 x10=0x28292a2b PA:0x8003c470 load:0x28292a2b
       43235000	      4224	800075bc	8412	c.mv	x8,x4	  x0:0x00000000  x4:0x0003ffff  x8=0x0003ffff
       43245000	      4225	800075be	294f8d83	lb	x27,660(x31)	 x31:0x8003bf77 x27=0xffffffc0 PA:0x8003c20b load:0xffffffc0
       43255000	      4226	800075c2	0002cc97	auipc	x25,0x2c	 x25=0x800335c2
       43265000	      4227	800075c6	a86c8c93	addi	x25,x25,-1402	 x25:0x800335c2 x25=0x80033048
       43275000	      4228	800075ca	69cb29b7	lui	x19,0x69cb2	 x19=0x69cb2000
       43285000	      4229	800075ce	9cce	c.add	x25,x19	 x25:0x80033048 x19:0x69cb2000 x25=0xe9ce5048
       43295000	      4230	800075d0	341c80a3	sb	x1,833(x25)	 x25:0xe9ce5048  x1:0x0000005e PA:0xe9ce5389 store:0x0000005e load:0x00000000
       43305000	      4231	800075d4	482c9523	sh	x2,1162(x25)	 x25:0xe9ce5048  x2:0xf5e39895 PA:0xe9ce54d2 store:0xf5e39895 load:0x00000000
       43315000	      4232	800075d8	7c3c8723	sb	x3,1998(x25)	 x25:0xe9ce5048  x3:0x1b7fffff PA:0xe9ce5816 store:0x1b7fffff load:0x00000000
       43325000	      4233	800075dc	844c83a3	sb	x4,-1977(x25)	 x25:0xe9ce5048  x4:0x0003ffff PA:0xe9ce488f store:0x0003ffff load:0x00000000
       43335000	      4234	800075e0	5a7c8ea3	sb	x7,1469(x25)	 x25:0xe9ce5048  x7:0xffff8889 PA:0xe9ce5605 store:0xffff8889 load:0x00000000
       43345000	      4235	800075e4	619c9023	sh	x25,1536(x25)	 x25:0xe9ce5048 x25:0xe9ce5048 PA:0xe9ce5648 store:0xe9ce5048 load:0x00000000
       43355000	      4236	800075e8	f7446e13	ori	x28,x8,-140	  x8:0x0003ffff x28=0xffffffff
       43365000	      4237	800075ec	341c8b83	lb	x23,833(x25)	 x25:0xe9ce5048 x23=0x0000005e PA:0xe9ce5389 load:0x0000005e
       43375000	      4238	800075f0	48ac9b83	lh	x23,1162(x25)	 x25:0xe9ce5048 x23=0xffff9895 PA:0xe9ce54d2 load:0xffff9895
       43385000	      4239	800075f4	8dd9	c.or	x11,x14	 x11:0x00000000 x14:0x8004cce4 x11=0x8004cce4
       43395000	      4240	800075f6	7cec8883	lb	x17,1998(x25)	 x25:0xe9ce5048 x17=0xffffffff PA:0xe9ce5816 load:0xffffffff
       43405000	      4241	800075fa	41805793	srai	x15,x0,0x18	  x0:0x00000000 x15=0x00000000
       43415000	      4242	800075fe	14fd	c.addi	x9,-1	  x9:0x08040000  x9=0x0803ffff
       43425000	      4243	80007600	9bfd	c.andi	x15,-1	 x15:0x00000000 x15=0x00000000
       43435000	      4244	80007602	85dd	c.srai	x11,0x17	 x11:0x8004cce4 x11=0xffffff00
       43445000	      4245	80007604	847cc283	lbu	x5,-1977(x25)	 x25:0xe9ce5048  x5=0x000000ff PA:0xe9ce488f load:0x000000ff
       43455000	      4246	80007608	9b1c9b23	sh	x17,-1610(x25)	 x25:0xe9ce5048 x17:0xffffffff PA:0xe9ce49fe store:0xffffffff load:0x00000000
       43495000	      4250	8000760c	023212b3	mulh	x5,x4,x3	  x4:0x0003ffff  x3:0x1b7fffff  x5=0x00006dff
       43505000	      4251	80007610	bcac8423	sb	x10,-1080(x25)	 x25:0xe9ce5048 x10:0x28292a2b PA:0xe9ce4c10 store:0x28292a2b load:0x00000000
       43515000	      4252	80007614	5bdccf03	lbu	x30,1469(x25)	 x25:0xe9ce5048 x30=0x00000089 PA:0xe9ce5605 load:0x00000089
       43525000	      4253	80007618	e2ec9123	sh	x14,-478(x25)	 x25:0xe9ce5048 x14:0x8004cce4 PA:0xe9ce4e6a store:0x8004cce4 load:0x00000000
       43535000	      4254	8000761c	c5cc80a3	sb	x28,-959(x25)	 x25:0xe9ce5048 x28:0xffffffff PA:0xe9ce4c89 store:0xffffffff load:0x00000000
       43545000	      4255	80007620	0002e897	auipc	x17,0x2e	 x17=0x80035620
       43555000	      4256	80007624	4f088893	addi	x17,x17,1264	 x17:0x80035620 x17=0x80035b10
       43565000	      4257	80007628	0002cb97	auipc	x23,0x2c	 x23=0x80033628
       43575000	      4258	8000762c	267b8b93	addi	x23,x23,615	 x23:0x80033628 x23=0x8003388f
       43585000	      4259	80007630	fd589b23	sh	x21,-42(x17)	 x17:0x80035b10 x21:0x00000074 PA:0x80035ae6 store:0x00000074 load:0x00000000
       43595000	      4260	80007634	02d88483	lb	x9,45(x17)	 x17:0x80035b10  x9=0xfffffff6 PA:0x80035b3d load:0xfffffff6
       43605000	      4261	80007638	02188903	lb	x18,33(x17)	 x17:0x80035b10 x18=0xffffffea PA:0x80035b31 load:0xffffffea
       43615000	      4262	8000763c	03f8cb03	lbu	x22,63(x17)	 x17:0x80035b10 x22=0x00000004 PA:0x80035b4f load:0x00000004
       43625000	      4263	80007640	0e9bcf83	lbu	x31,233(x23)	 x23:0x8003388f x31=0x00000033 PA:0x80033978 load:0x00000033
       43635000	      4264	80007644	948bc683	lbu	x13,-1720(x23)	 x23:0x8003388f x13=0x00000098 PA:0x800331d7 load:0x00000098
       43645000	      4265	80007648	766b8783	lb	x15,1894(x23)	 x23:0x8003388f x15=0xffffffae PA:0x80033ff5 load:0xffffffae
       43655000	      4266	8000764c	fe588fa3	sb	x5,-1(x17)	 x17:0x80035b10  x5:0x00006dff PA:0x80035b0f store:0x00006dff load:0x00000000
       43665000	      4267	80007650	fd08ae23	sw	x16,-36(x17)	 x17:0x80035b10 x16:0xffffffba PA:0x80035aec store:0xffffffba load:0x00000000
       43675000	      4268	80007654	64bbcb03	lbu	x22,1611(x23)	 x23:0x8003388f x22=0x00000091 PA:0x80033eda load:0x00000091
       43685000	      4269	80007658	fca885a3	sb	x10,-53(x17)	 x17:0x80035b10 x10:0x28292a2b PA:0x80035adb store:0x28292a2b load:0x00000000
       43695000	      4270	8000765c	ffe88ba3	sb	x30,-9(x17)	 x17:0x80035b10 x30:0x00000089 PA:0x80035b07 store:0x00000089 load:0x00000000
       43705000	      4271	80007660	fd68d183	lhu	x3,-42(x17)	 x17:0x80035b10  x3=0x00000074 PA:0x80035ae6 load:0x00000074
       43715000	      4272	80007664	c49bdc03	lhu	x24,-951(x23)	 x23:0x8003388f x24=0x00009293 PA:0x800334d8 load:0x00009293
       43725000	      4273	80007668	fda88303	lb	x6,-38(x17)	 x17:0x80035b10  x6=0xffffffa1 PA:0x80035aea load:0xffffffa1
       43735000	      4274	8000766c	0002e497	auipc	x9,0x2e	  x9=0x8003566c
       43745000	      4275	80007670	3a548493	addi	x9,x9,933	  x9:0x8003566c  x9=0x80035a11
       43755000	      4276	80007674	00848d03	lb	x26,8(x9)	  x9:0x80035a11 x26=0xffffffd2 PA:0x80035a19 load:0xffffffd2
       43765000	      4277	80007678	7a66c313	xori	x6,x13,1958	 x13:0x00000098  x6=0x0000073e
       43775000	      4278	8000767c	ff648583	lb	x11,-10(x9)	  x9:0x80035a11 x11=0xffffffbc PA:0x80035a07 load:0xffffffbc
       43785000	      4279	80007680	002486a3	sb	x2,13(x9)	  x9:0x80035a11  x2:0xf5e39895 PA:0x80035a1e store:0xf5e39895 load:0x00000000
       43795000	      4280	80007684	8ebd	c.xor	x13,x15	 x13:0x00000098 x15:0xffffffae x13=0xffffff36
       43805000	      4281	80007686	0074a983	lw	x19,7(x9)	  x9:0x80035a11 x19=0xd0d1d2d3 PA:0x80035a18 load:0xd0d1d2d3
       43815000	      4282	8000768a	01f496a3	sh	x31,13(x9)	  x9:0x80035a11 x31:0x00000033 PA:0x80035a1e store:0x00000033 load:0x00000000
       44185000	      4319	8000768e	0224f0b3	remu	x1,x9,x2	  x9:0x80035a11  x2:0xf5e39895  x1=0x80035a11
       44195000	      4320	80007692	9eee	c.add	x29,x27	 x29:0xfffffffe x27:0xffffffc0 x29=0xffffffbe
       44205000	      4321	80007694	ff348b23	sb	x19,-10(x9)	  x9:0x80035a11 x19:0xd0d1d2d3 PA:0x80035a07 store:0xd0d1d2d3 load:0x00000000
       44215000	      4322	80007698	0064ca83	lbu	x21,6(x9)	  x9:0x80035a11 x21=0x000000cc PA:0x80035a17 load:0x000000cc
       44225000	      4323	8000769c	ef40ee13	ori	x28,x1,-268	  x1:0x80035a11 x28=0xfffffef5
       44235000	      4324	800076a0	ffb4cb83	lbu	x23,-5(x9)	  x9:0x80035a11 x23=0x000000c7 PA:0x80035a0c load:0x000000c7
       44245000	      4325	800076a4	1c7d	c.addi	x24,-1	 x24:0x00009293 x24=0x00009292
       44255000	      4326	800076a6	0000100f	fence.i	
       44275000	      4328	800076aa	8c01	c.sub	x8,x8	  x8:0x0003ffff  x8:0x0003ffff  x8=0x00000000
       44285000	      4329	800076ac	1e7d	c.addi	x28,-1	 x28:0xfffffef5 x28=0xfffffef4
       44295000	      4330	800076ae	00f48123	sb	x15,2(x9)	  x9:0x80035a11 x15:0xffffffae PA:0x80035a13 store:0xffffffae load:0x00000000
       44665000	      4367	800076b2	03e05eb3	divu	x29,x0,x30	  x0:0x00000000 x30:0x00000089 x29=0x00000000
       44675000	      4368	800076b6	0001	c.addi	x0,0	  x0:0x00000000  x0=0x00000000
       44685000	      4369	800076b8	0001	c.addi	x0,0	  x0:0x00000000  x0=0x00000000
       44695000	      4370	800076ba	00448523	sb	x4,10(x9)	  x9:0x80035a11  x4:0x0003ffff PA:0x80035a1b store:0x0003ffff load:0x00000000
       44705000	      4371	800076be	00448083	lb	x1,4(x9)	  x9:0x80035a11  x1=0xffffffce PA:0x80035a15 load:0xffffffce
       44715000	      4372	800076c2	ffe498a3	sh	x30,-15(x9)	  x9:0x80035a11 x30:0x00000089 PA:0x80035a02 store:0x00000089 load:0x00000000
       44725000	      4373	800076c6	002e53b3	srl	x7,x28,x2	 x28:0xfffffef4  x2:0xf5e39895  x7=0x000007ff
       44735000	      4374	800076ca	00c4a7a3	sw	x12,15(x9)	  x9:0x80035a11 x12:0x80048e38 PA:0x80035a20 store:0x80048e38 load:0x00000000
       44745000	      4375	800076ce	ff1498a3	sh	x17,-15(x9)	  x9:0x80035a11 x17:0x80035b10 PA:0x80035a02 store:0x80035b10 load:0x00000000
       44755000	      4376	800076d2	ff848a23	sb	x24,-12(x9)	  x9:0x80035a11 x24:0x00009292 PA:0x80035a05 store:0x00009292 load:0x00000000
       45125000	      4413	800076d6	038bc5b3	div	x11,x23,x24	 x23:0x000000c7 x24:0x00009292 x11=0x00000000
       45135000	      4414	800076da	ff74c183	lbu	x3,-9(x9)	  x9:0x80035a11  x3=0x000000c3 PA:0x80035a08 load:0x000000c3
       45145000	      4415	800076de	ff848403	lb	x8,-8(x9)	  x9:0x80035a11  x8=0xffffffc2 PA:0x80035a09 load:0xffffffc2
       45155000	      4416	800076e2	0054db03	lhu	x22,5(x9)	  x9:0x80035a11 x22=0x0000cccd PA:0x80035a16 load:0x0000cccd
       45165000	      4417	800076e6	00b4d683	lhu	x13,11(x9)	  x9:0x80035a11 x13=0x0000d6d7 PA:0x80035a1c load:0x0000d6d7
       45175000	      4418	800076ea	0000100f	fence.i	
       45195000	      4420	800076ee	157d	c.addi	x10,-1	 x10:0x28292a2b x10=0x28292a2a
       45205000	      4421	800076f0	00548383	lb	x7,5(x9)	  x9:0x80035a11  x7=0xffffffcd PA:0x80035a16 load:0xffffffcd
       45225000	      4423	800076f4	03dc4433	div	x8,x24,x29	 x24:0x00009292 x29:0x00000000  x8=0xffffffff
       45235000	      4424	800076f8	0104c803	lbu	x16,16(x9)	  x9:0x80035a11 x16=0x0000008e PA:0x80035a21 load:0x0000008e
       45245000	      4425	800076fc	00448823	sb	x4,16(x9)	  x9:0x80035a11  x4:0x0003ffff PA:0x80035a21 store:0x0003ffff load:0x00000000
       45255000	      4426	80007700	0044c383	lbu	x7,4(x9)	  x9:0x80035a11  x7=0x000000ce PA:0x80035a15 load:0x000000ce
       45265000	      4427	80007704	00f31013	slli	x0,x6,0xf	  x6:0x0000073e  x0=0x00000000
       45275000	      4428	80007708	00448a03	lb	x20,4(x9)	  x9:0x80035a11 x20=0xffffffce PA:0x80035a15 load:0xffffffce
       45285000	      4429	8000770c	8ee1	c.and	x13,x8	 x13:0x0000d6d7  x8:0xffffffff x13=0x0000d6d7
       45295000	      4430	8000770e	ff349783	lh	x15,-13(x9)	  x9:0x80035a11 x15=0xffff92bf PA:0x80035a04 load:0xffff92bf
       45305000	      4431	80007712	0b69	c.addi	x22,26	 x22:0x0000cccd x22=0x0000cce7
       45315000	      4432	80007714	ffb48823	sb	x27,-16(x9)	  x9:0x80035a11 x27:0xffffffc0 PA:0x80035a01 store:0xffffffc0 load:0x00000000
       45325000	      4433	80007718	0002dc97	auipc	x25,0x2d	 x25=0x80034718
       45335000	      4434	8000771c	930c8c93	addi	x25,x25,-1744	 x25:0x80034718 x25=0x80034048
       45345000	      4435	80007720	1e90ca37	lui	x20,0x1e90c	 x20=0x1e90c000
       45355000	      4436	80007724	9cd2	c.add	x25,x20	 x25:0x80034048 x20:0x1e90c000 x25=0x9e940048
       45365000	      4437	80007726	ec0c8ea3	sb	x0,-291(x25)	 x25:0x9e940048  x0:0x00000000 PA:0x9e93ff25 store:0x00000000 load:0x00000000
       45375000	      4438	8000772a	0a3ca223	sw	x3,164(x25)	 x25:0x9e940048  x3:0x000000c3 PA:0x9e9400ec store:0x000000c3 load:0x00000000
       45385000	      4439	8000772e	5c4c89a3	sb	x4,1491(x25)	 x25:0x9e940048  x4:0x0003ffff PA:0x9e94061b store:0x0003ffff load:0x00000000
       45395000	      4440	80007732	8c5c8aa3	sb	x5,-1835(x25)	 x25:0x9e940048  x5:0x00006dff PA:0x9e93f91d store:0x00006dff load:0x00000000
       45405000	      4441	80007736	886c83a3	sb	x6,-1913(x25)	 x25:0x9e940048  x6:0x0000073e PA:0x9e93f8cf store:0x0000073e load:0x00000000
       45415000	      4442	8000773a	d87c8ea3	sb	x7,-611(x25)	 x25:0x9e940048  x7:0x000000ce PA:0x9e93fde5 store:0x000000ce load:0x00000000
       45425000	      4443	8000773e	628c9d23	sh	x8,1594(x25)	 x25:0x9e940048  x8:0xffffffff PA:0x9e940682 store:0xffffffff load:0x00000000
       45435000	      4444	80007742	0176d6b3	srl	x13,x13,x23	 x13:0x0000d6d7 x23:0x000000c7 x13=0x000001ad
       45445000	      4445	80007746	eddc8203	lb	x4,-291(x25)	 x25:0x9e940048  x4=0x00000000 PA:0x9e93ff25 load:0x00000000
       45455000	      4446	8000774a	8e9fb193	sltiu	x3,x31,-1815	 x31:0x00000033  x3=0x00000001
       45465000	      4447	8000774e	7c3c8623	sb	x3,1996(x25)	 x25:0x9e940048  x3:0x00000001 PA:0x9e940814 store:0x00000001 load:0x00000000
       45475000	      4448	80007752	320c9723	sh	x0,814(x25)	 x25:0x9e940048  x0:0x00000000 PA:0x9e940376 store:0x00000000 load:0x00000000
       45485000	      4449	80007756	0001	c.addi	x0,0	  x0:0x00000000  x0=0x00000000
       45495000	      4450	80007758	8dc1	c.or	x11,x8	 x11:0x00000000  x8:0xffffffff x11=0xffffffff
       45865000	      4487	8000775a	021555b3	divu	x11,x10,x1	 x10:0x28292a2a  x1:0xffffffce x11=0x00000000
       45875000	      4488	8000775e	0a4caf83	lw	x31,164(x25)	 x25:0x9e940048 x31=0x000000c3 PA:0x9e9400ec load:0x000000c3
       45885000	      4489	80007762	5d3cc583	lbu	x11,1491(x25)	 x25:0x9e940048 x11=0x000000ff PA:0x9e94061b load:0x000000ff
       45895000	      4490	80007766	8d5cc683	lbu	x13,-1835(x25)	 x25:0x9e940048 x13=0x000000ff PA:0x9e93f91d load:0x000000ff
       45905000	      4491	8000776a	013cfe33	and	x28,x25,x19	 x25:0x9e940048 x19:0xd0d1d2d3 x28=0x90900040
       45915000	      4492	8000776e	55ddcb13	xori	x22,x27,1373	 x27:0xffffffc0 x22=0xfffffa9d
       45925000	      4493	80007772	887cc483	lbu	x9,-1913(x25)	 x25:0x9e940048  x9=0x0000003e PA:0x9e93f8cf load:0x0000003e
       45935000	      4494	80007776	d9dc8003	lb	x0,-611(x25)	 x25:0x9e940048  x0=0x00000000 PA:0x9e93fde5 load:0xffffffce
       45945000	      4495	8000777a	40b65213	srai	x4,x12,0xb	 x12:0x80048e38  x4=0xfff00091
       45955000	      4496	8000777e	63acd903	lhu	x18,1594(x25)	 x25:0x9e940048 x18=0x0000ffff PA:0x9e940682 load:0x0000ffff
       45965000	      4497	80007782	00033d17	auipc	x26,0x33	 x26=0x8003a782
       45975000	      4498	80007786	02cd0d13	addi	x26,x26,44	 x26:0x8003a782 x26=0x8003a7ae
       45985000	      4499	8000778a	0a7d0583	lb	x11,167(x26)	 x26:0x8003a7ae x11=0x0000000e PA:0x8003a855 load:0x0000000e
       45995000	      4500	8000778e	04dd0e83	lb	x29,77(x26)	 x26:0x8003a7ae x29=0xffffffb0 PA:0x8003a7fb load:0xffffffb0
       46005000	      4501	80007792	87cd	c.srai	x15,0x13	 x15:0xffff92bf x15=0xffffffff
       46015000	      4502	80007794	feed0023	sb	x14,-32(x26)	 x26:0x8003a7ae x14:0x8004cce4 PA:0x8003a78e store:0x8004cce4 load:0x00000000
       46025000	      4503	80007798	ff4d1023	sh	x20,-32(x26)	 x26:0x8003a7ae x20:0x1e90c000 PA:0x8003a78e store:0x1e90c000 load:0x00000000
       46035000	      4504	8000779c	fe8d0023	sb	x8,-32(x26)	 x26:0x8003a7ae  x8:0xffffffff PA:0x8003a78e store:0xffffffff load:0x00000000
       46045000	      4505	800077a0	069d0083	lb	x1,105(x26)	 x26:0x8003a7ae  x1=0xffffffcc PA:0x8003a817 load:0xffffffcc
       46055000	      4506	800077a4	8d8d	c.sub	x11,x11	 x11:0x0000000e x11:0x0000000e x11=0x00000000
       46065000	      4507	800077a6	f20d0e83	lb	x29,-224(x26)	 x26:0x8003a7ae x29=0xffffff85 PA:0x8003a6ce load:0xffffff85
       46075000	      4508	800077aa	f20d0e03	lb	x28,-224(x26)	 x26:0x8003a7ae x28=0xffffff85 PA:0x8003a6ce load:0xffffff85
       46095000	      4510	800077ae	f3cd0023	sb	x28,-224(x26)	 x26:0x8003a7ae x28:0xffffff85 PA:0x8003a6ce store:0xffffff85 load:0x00000000
       46105000	      4511	800077b2	fa8d1a23	sh	x8,-76(x26)	 x26:0x8003a7ae  x8:0xffffffff PA:0x8003a762 store:0xffffffff load:0x00000000
       46115000	      4512	800077b6	f00d06a3	sb	x0,-243(x26)	 x26:0x8003a7ae  x0:0x00000000 PA:0x8003a6bb store:0x00000000 load:0x00000000
       46125000	      4513	800077ba	fc6d0083	lb	x1,-58(x26)	 x26:0x8003a7ae  x1=0x0000002f PA:0x8003a774 load:0x0000002f
       46135000	      4514	800077be	fc6d5c83	lhu	x25,-58(x26)	 x26:0x8003a7ae x25=0x00002e2f PA:0x8003a774 load:0x00002e2f
       46145000	      4515	800077c2	85c1	c.srai	x11,0x10	 x11:0x00000000 x11=0x00000000
       46155000	      4516	800077c4	0dbd1323	sh	x27,198(x26)	 x26:0x8003a7ae x27:0xffffffc0 PA:0x8003a874 store:0xffffffc0 load:0x00000000
       46165000	      4517	800077c8	02ed0683	lb	x13,46(x26)	 x26:0x8003a7ae x13=0xffffff97 PA:0x8003a7dc load:0xffffff97
       46175000	      4518	800077cc	0fdd4c03	lbu	x24,253(x26)	 x26:0x8003a7ae x24=0x00000060 PA:0x8003a8ab load:0x00000060
       46185000	      4519	800077d0	05ed00a3	sb	x30,65(x26)	 x26:0x8003a7ae x30:0x00000089 PA:0x8003a7ef store:0x00000089 load:0x00000000
       46195000	      4520	800077d4	0199bab3	sltu	x21,x19,x25	 x19:0xd0d1d2d3 x25:0x00002e2f x21=0x00000000
       46205000	      4521	800077d8	f48d0c83	lb	x25,-184(x26)	 x26:0x8003a7ae x25=0xffffffad PA:0x8003a6f6 load:0xffffffad
       46215000	      4522	800077dc	0b7d2f23	sw	x23,190(x26)	 x26:0x8003a7ae x23:0x000000c7 PA:0x8003a86c store:0x000000c7 load:0x00000000
       46225000	      4523	800077e0	0003cc17	auipc	x24,0x3c	 x24=0x800437e0
       46235000	      4524	800077e4	b1fc0c13	addi	x24,x24,-1249	 x24:0x800437e0 x24=0x800432ff
       46245000	      4525	800077e8	009c9893	slli	x17,x25,0x9	 x25:0xffffffad x17=0xffff5a00
       46255000	      4526	800077ec	002cbbb3	sltu	x23,x25,x2	 x25:0xffffffad  x2:0xf5e39895 x23=0x00000000
       46625000	      4563	800077f0	029c57b3	divu	x15,x24,x9	 x24:0x800432ff  x9:0x0000003e x15=0x02109577
       46635000	      4564	800077f4	3f6c0383	lb	x7,1014(x24)	 x24:0x800432ff  x7=0xffffffae PA:0x800436f5 load:0xffffffae
       46645000	      4565	800077f8	7c8ca597	auipc	x11,0x7c8ca	 x11=0xfc8d17f8
       46655000	      4566	800077fc	81ba	c.mv	x3,x14	  x0:0x00000000 x14:0x8004cce4  x3=0x8004cce4
       46665000	      4567	800077fe	0053e913	ori	x18,x7,5	  x7:0xffffffae x18=0xffffffaf
       46675000	      4568	80007802	b94b6213	ori	x4,x22,-1132	 x22:0xfffffa9d  x4=0xfffffb9d
       46685000	      4569	80007806	0aa5	c.addi	x21,9	 x21:0x00000000 x21=0x00000009
       46695000	      4570	80007808	f6bc11a3	sh	x11,-157(x24)	 x24:0x800432ff x11:0xfc8d17f8 PA:0x80043262 store:0xfc8d17f8 load:0x00000000
       46705000	      4571	8000780c	8c99	c.sub	x9,x14	  x9:0x0000003e x14:0x8004cce4  x9=0x7ffb335a
       46715000	      4572	8000780e	8e8d	c.sub	x13,x11	 x13:0xffffff97 x11:0xfc8d17f8 x13=0x0372e79f
       46725000	      4573	80007810	39950513	addi	x10,x10,921	 x10:0x28292a2a x10=0x28292dc3
       46735000	      4574	80007814	47bc4983	lbu	x19,1147(x24)	 x24:0x800432ff x19=0x00000031 PA:0x8004377a load:0x00000031
       46745000	      4575	80007818	0000100f	fence.i	
       46765000	      4577	8000781c	23ec4b03	lbu	x22,574(x24)	 x24:0x800432ff x22=0x000000f6 PA:0x8004353d load:0x000000f6
       46775000	      4578	80007820	323c4e83	lbu	x29,803(x24)	 x24:0x800432ff x29=0x000000d9 PA:0x80043622 load:0x000000d9
       46785000	      4579	80007824	b84c0c83	lb	x25,-1148(x24)	 x24:0x800432ff x25=0x00000038 PA:0x80042e83 load:0x00000038
       46795000	      4580	80007828	248c0883	lb	x17,584(x24)	 x24:0x800432ff x17=0xfffffffc PA:0x80043547 load:0xfffffffc
       46805000	      4581	8000782c	bd3c13a3	sh	x19,-1081(x24)	 x24:0x800432ff x19:0x00000031 PA:0x80042ec6 store:0x00000031 load:0x00000000
       46815000	      4582	80007830	250c4803	lbu	x16,592(x24)	 x24:0x800432ff x16=0x00000004 PA:0x8004354f load:0x00000004
       46825000	      4583	80007834	e4ac0523	sb	x10,-438(x24)	 x24:0x800432ff x10:0x28292dc3 PA:0x80043149 store:0x28292dc3 load:0x00000000
       46835000	      4584	80007838	8a32	c.mv	x20,x12	  x0:0x00000000 x12:0x80048e38 x20=0x80048e38
       46845000	      4585	8000783a	2e5c0683	lb	x13,741(x24)	 x24:0x800432ff x13=0xffffff9f PA:0x800435e4 load:0xffffff9f
       46855000	      4586	8000783e	029c0283	lb	x5,41(x24)	 x24:0x800432ff  x5=0xffffffe3 PA:0x80043328 load:0xffffffe3
       46865000	      4587	80007842	0002ca97	auipc	x21,0x2c	 x21=0x80033842
       46875000	      4588	80007846	806a8a93	addi	x21,x21,-2042	 x21:0x80033842 x21=0x80033048
       46885000	      4589	8000784a	24c563b7	lui	x7,0x24c56	  x7=0x24c56000
       46895000	      4590	8000784e	9a9e	c.add	x21,x7	 x21:0x80033048  x7:0x24c56000 x21=0xa4c89048
       46905000	      4591	80007850	8c0a83a3	sb	x0,-1849(x21)	 x21:0xa4c89048  x0:0x00000000 PA:0xa4c8890f store:0x00000000 load:0x00000000
       46915000	      4592	80007854	b41a8923	sb	x1,-1198(x21)	 x21:0xa4c89048  x1:0x0000002f PA:0xa4c88b9a store:0x0000002f load:0x00000000
       46925000	      4593	80007858	4c2a84a3	sb	x2,1225(x21)	 x21:0xa4c89048  x2:0xf5e39895 PA:0xa4c89511 store:0xf5e39895 load:0x00000000
       46935000	      4594	8000785c	325a82a3	sb	x5,805(x21)	 x21:0xa4c89048  x5:0xffffffe3 PA:0xa4c8936d store:0xffffffe3 load:0x00000000
       46945000	      4595	80007860	5e6a82a3	sb	x6,1509(x21)	 x21:0xa4c89048  x6:0x0000073e PA:0xa4c8962d store:0x0000073e load:0x00000000
       46955000	      4596	80007864	002c8033	add	x0,x25,x2	 x25:0x00000038  x2:0xf5e39895  x0=0x00000000
       46965000	      4597	80007868	01bfbfb3	sltu	x31,x31,x27	 x31:0x000000c3 x27:0xffffffc0 x31=0x00000001
       46975000	      4598	8000786c	416355b3	sra	x11,x6,x22	  x6:0x0000073e x22:0x000000f6 x11=0x00000000
       46985000	      4599	80007870	8c7aca03	lbu	x20,-1849(x21)	 x21:0xa4c89048 x20=0x00000000 PA:0xa4c8890f load:0x00000000
       46995000	      4600	80007874	0001	c.addi	x0,0	  x0:0x00000000  x0=0x00000000
       47005000	      4601	80007876	8cb9	c.xor	x9,x14	  x9:0x7ffb335a x14:0x8004cce4  x9=0xffffffbe
       47015000	      4602	80007878	0000100f	fence.i	
       47035000	      4604	8000787c	b52acd03	lbu	x26,-1198(x21)	 x21:0xa4c89048 x26=0x0000002f PA:0xa4c88b9a load:0x0000002f
       47045000	      4605	80007880	01843fb3	sltu	x31,x8,x24	  x8:0xffffffff x24:0x800432ff x31=0x00000000
       47055000	      4606	80007884	407bda33	sra	x20,x23,x7	 x23:0x00000000  x7:0x24c56000 x20=0x00000000
       47065000	      4607	80007888	4c9ac203	lbu	x4,1225(x21)	 x21:0xa4c89048  x4=0x00000095 PA:0xa4c89511 load:0x00000095
       47075000	      4608	8000788c	93ba82a3	sb	x27,-1755(x21)	 x21:0xa4c89048 x27:0xffffffc0 PA:0xa4c8896d store:0xffffffc0 load:0x00000000
       47085000	      4609	80007890	1bfa8223	sb	x31,420(x21)	 x21:0xa4c89048 x31:0x00000000 PA:0xa4c891ec store:0x00000000 load:0x00000000
       47125000	      4613	80007894	0390bb33	mulhu	x22,x1,x25	  x1:0x0000002f x25:0x00000038 x22=0x00000000
       47135000	      4614	80007898	325a8e03	lb	x28,805(x21)	 x21:0xa4c89048 x28=0xffffffe3 PA:0xa4c8936d load:0xffffffe3
       47145000	      4615	8000789c	0001	c.addi	x0,0	  x0:0x00000000  x0=0x00000000
       47155000	      4616	8000789e	5e5acb03	lbu	x22,1509(x21)	 x21:0xa4c89048 x22=0x0000003e PA:0xa4c8962d load:0x0000003e
       47165000	      4617	800078a2	0002ce17	auipc	x28,0x2c	 x28=0x800338a2
       47175000	      4618	800078a6	7a6e0e13	addi	x28,x28,1958	 x28:0x800338a2 x28=0x80034048
       47185000	      4619	800078aa	49d753b7	lui	x7,0x49d75	  x7=0x49d75000
       47195000	      4620	800078ae	9e1e	c.add	x28,x7	 x28:0x80034048  x7:0x49d75000 x28=0xc9da9048
       47205000	      4621	800078b0	9e0e05a3	sb	x0,-1557(x28)	 x28:0xc9da9048  x0:0x00000000 PA:0xc9da8a33 store:0x00000000 load:0x00000000
       47215000	      4622	800078b4	141e02a3	sb	x1,325(x28)	 x28:0xc9da9048  x1:0x0000002f PA:0xc9da918d store:0x0000002f load:0x00000000
       47225000	      4623	800078b8	823e0ba3	sb	x3,-1993(x28)	 x28:0xc9da9048  x3:0x8004cce4 PA:0xc9da887f store:0x8004cce4 load:0x00000000
       47235000	      4624	800078bc	704e0da3	sb	x4,1819(x28)	 x28:0xc9da9048  x4:0x00000095 PA:0xc9da9763 store:0x00000095 load:0x00000000
       47245000	      4625	800078c0	8eed	c.and	x13,x11	 x13:0xffffff9f x11:0x00000000 x13=0x00000000
       47255000	      4626	800078c2	40140ab3	sub	x21,x8,x1	  x8:0xffffffff  x1:0x0000002f x21=0xffffffd0
       47265000	      4627	800078c6	9ebe0f03	lb	x30,-1557(x28)	 x28:0xc9da9048 x30=0x00000000 PA:0xc9da8a33 load:0x00000000
       47275000	      4628	800078ca	0000100f	fence.i	
       47305000	      4631	800078ce	0ff0000f	fence	iorw,iorw	
       47315000	      4632	800078d2	145e0283	lb	x5,325(x28)	 x28:0xc9da9048  x5=0x0000002f PA:0xc9da918d load:0x0000002f
       47325000	      4633	800078d6	8ee5	c.and	x13,x9	 x13:0x00000000  x9:0xffffffbe x13=0x00000000
       47335000	      4634	800078d8	96e2	c.add	x13,x24	 x13:0x00000000 x24:0x800432ff x13=0x800432ff
       47345000	      4635	800078da	6f297c13	andi	x24,x18,1778	 x18:0xffffffaf x24=0x000006a2
       47385000	      4639	800078de	025920b3	mulhsu	x1,x18,x5	 x18:0xffffffaf  x5:0x0000002f  x1=0xffffffff
       47395000	      4640	800078e2	0195b4b3	sltu	x9,x11,x25	 x11:0x00000000 x25:0x00000038  x9=0x00000001
       47405000	      4641	800078e6	01079fb3	sll	x31,x15,x16	 x15:0x02109577 x16:0x00000004 x31=0x21095770
       47415000	      4642	800078ea	7dee1423	sh	x30,1992(x28)	 x28:0xc9da9048 x30:0x00000000 PA:0xc9da9810 store:0x00000000 load:0x00000000
       47425000	      4643	800078ee	837e0903	lb	x18,-1993(x28)	 x28:0xc9da9048 x18=0xffffffe4 PA:0xc9da887f load:0xffffffe4
       47435000	      4644	800078f2	71be0f03	lb	x30,1819(x28)	 x28:0xc9da9048 x30=0xffffff95 PA:0xc9da9763 load:0xffffff95
       47445000	      4645	800078f6	0002c897	auipc	x17,0x2c	 x17=0x800338f6
       47455000	      4646	800078fa	75288893	addi	x17,x17,1874	 x17:0x800338f6 x17=0x80034048
       47465000	      4647	800078fe	5ac0b3b7	lui	x7,0x5ac0b	  x7=0x5ac0b000
       47475000	      4648	80007902	989e	c.add	x17,x7	 x17:0x80034048  x7:0x5ac0b000 x17=0xdac3f048
       47485000	      4649	80007904	e6189623	sh	x1,-404(x17)	 x17:0xdac3f048  x1:0xffffffff PA:0xdac3eeb4 store:0xffffffff load:0x00000000
       47495000	      4650	80007908	cc288ea3	sb	x2,-803(x17)	 x17:0xdac3f048  x2:0xf5e39895 PA:0xdac3ed25 store:0xf5e39895 load:0x00000000
       47505000	      4651	8000790c	d4588ca3	sb	x5,-679(x17)	 x17:0xdac3f048  x5:0x0000002f PA:0xdac3eda1 store:0x0000002f load:0x00000000
       47515000	      4652	80007910	1e6880a3	sb	x6,481(x17)	 x17:0xdac3f048  x6:0x0000073e PA:0xdac3f229 store:0x0000073e load:0x00000000
       47525000	      4653	80007914	c2788523	sb	x7,-982(x17)	 x17:0xdac3f048  x7:0x5ac0b000 PA:0xdac3ec72 store:0x5ac0b000 load:0x00000000
       47535000	      4654	80007918	41bcda33	sra	x20,x25,x27	 x25:0x00000038 x27:0xffffffc0 x20=0x00000038
       47545000	      4655	8000791c	7518a823	sw	x17,1872(x17)	 x17:0xdac3f048 x17:0xdac3f048 PA:0xdac3f798 store:0xdac3f048 load:0x00000000
       47555000	      4656	80007920	e6c8d483	lhu	x9,-404(x17)	 x17:0xdac3f048  x9=0x0000ffff PA:0xdac3eeb4 load:0x0000ffff
       47565000	      4657	80007924	cdd8c783	lbu	x15,-803(x17)	 x17:0xdac3f048 x15=0x00000095 PA:0xdac3ed25 load:0x00000095
       47575000	      4658	80007928	df789123	sh	x23,-542(x17)	 x17:0xdac3f048 x23:0x00000000 PA:0xdac3ee2a store:0x00000000 load:0x00000000
       47585000	      4659	8000792c	13e2b413	sltiu	x8,x5,318	  x5:0x0000002f  x8=0x00000001
       47595000	      4660	80007930	4ea88ba3	sb	x10,1271(x17)	 x17:0xdac3f048 x10:0x28292dc3 PA:0xdac3f53f store:0x28292dc3 load:0x00000000
       47605000	      4661	80007934	8e89	c.sub	x13,x10	 x13:0x800432ff x10:0x28292dc3 x13=0x57db053c
       47615000	      4662	80007936	07792793	slti	x15,x18,119	 x18:0xffffffe4 x15=0x00000001
       47625000	      4663	8000793a	8419	c.srai	x8,0x6	  x8:0x00000001  x8=0x00000000
       47635000	      4664	8000793c	d598c383	lbu	x7,-679(x17)	 x17:0xdac3f048  x7=0x0000002f PA:0xdac3eda1 load:0x0000002f
       47645000	      4665	80007940	0001	c.addi	x0,0	  x0:0x00000000  x0=0x00000000
       47655000	      4666	80007942	1e188803	lb	x16,481(x17)	 x17:0xdac3f048 x16=0x0000003e PA:0xdac3f229 load:0x0000003e
       47665000	      4667	80007946	809a	c.mv	x1,x6	  x0:0x00000000  x6:0x0000073e  x1=0x0000073e
       47675000	      4668	80007948	0072ee33	or	x28,x5,x7	  x5:0x0000002f  x7:0x0000002f x28=0x0000002f
       47685000	      4669	8000794c	c2a8cb03	lbu	x22,-982(x17)	 x17:0xdac3f048 x22=0x00000000 PA:0xdac3ec72 load:0x00000000
       47705000	      4671	80007950	0b688b23	sb	x22,182(x17)	 x17:0xdac3f048 x22:0x00000000 PA:0xdac3f0fe store:0x00000000 load:0x00000000
       47715000	      4672	80007954	0002c797	auipc	x15,0x2c	 x15=0x80033954
       47725000	      4673	80007958	6f478793	addi	x15,x15,1780	 x15:0x80033954 x15=0x80034048
       47735000	      4674	8000795c	21627337	lui	x6,0x21627	  x6=0x21627000
       47745000	      4675	80007960	979a	c.add	x15,x6	 x15:0x80034048  x6:0x21627000 x15=0xa165b048
       47755000	      4676	80007962	9e0781a3	sb	x0,-1565(x15)	 x15:0xa165b048  x0:0x00000000 PA:0xa165aa2b store:0x00000000 load:0x00000000
       47765000	      4677	80007966	a8179c23	sh	x1,-1384(x15)	 x15:0xa165b048  x1:0x0000073e PA:0xa165aae0 store:0x0000073e load:0x00000000
       47775000	      4678	8000796a	7c2784a3	sb	x2,1993(x15)	 x15:0xa165b048  x2:0xf5e39895 PA:0xa165b811 store:0xf5e39895 load:0x00000000
       47785000	      4679	8000796e	0647a023	sw	x4,96(x15)	 x15:0xa165b048  x4:0x00000095 PA:0xa165b0a8 store:0x00000095 load:0x00000000
       47795000	      4680	80007972	205782a3	sb	x5,517(x15)	 x15:0xa165b048  x5:0x0000002f PA:0xa165b24d store:0x0000002f load:0x00000000
       47835000	      4684	80007976	035339b3	mulhu	x19,x6,x21	  x6:0x21627000 x21:0xffffffd0 x19=0x21626ff9
       47845000	      4685	8000797a	9bbb7413	andi	x8,x22,-1605	 x22:0x00000000  x8=0x00000000
       47855000	      4686	8000797e	406d51b3	sra	x3,x26,x6	 x26:0x0000002f  x6:0x21627000  x3=0x0000002f
       47865000	      4687	80007982	8412	c.mv	x8,x4	  x0:0x00000000  x4:0x00000095  x8=0x00000095
       47875000	      4688	80007984	9e37c303	lbu	x6,-1565(x15)	 x15:0xa165b048  x6=0x00000000 PA:0xa165aa2b load:0x00000000
       47885000	      4689	80007988	e29e8337	lui	x6,0xe29e8	  x6=0xe29e8000
       47895000	      4690	8000798c	a9879d83	lh	x27,-1384(x15)	 x15:0xa165b048 x27=0x0000073e PA:0xa165aae0 load:0x0000073e
       47905000	      4691	80007990	7c978e03	lb	x28,1993(x15)	 x15:0xa165b048 x28=0xffffff95 PA:0xa165b811 load:0xffffff95
       47915000	      4692	80007994	e1b881b7	lui	x3,0xe1b88	  x3=0xe1b88000
       47925000	      4693	80007998	6d3787a3	sb	x19,1743(x15)	 x15:0xa165b048 x19:0x21626ff9 PA:0xa165b717 store:0x21626ff9 load:0x00000000
       47935000	      4694	8000799c	01c974b3	and	x9,x18,x28	 x18:0xffffffe4 x28:0xffffff95  x9=0xffffff84
       47945000	      4695	800079a0	58b6e3b7	lui	x7,0x58b6e	  x7=0x58b6e000
       47955000	      4696	800079a4	53a4	c.lw	x9,96(x15)	 x15:0xa165b048  x9=0x00000095 PA:0xa165b0a8 load:0x00000095
       47965000	      4697	800079a6	003e9593	slli	x11,x29,0x3	 x29:0x000000d9 x11=0x000006c8
       47975000	      4698	800079aa	2057cc03	lbu	x24,517(x15)	 x15:0xa165b048 x24=0x0000002f PA:0xa165b24d load:0x0000002f
       47985000	      4699	800079ae	0003a397	auipc	x7,0x3a	  x7=0x800419ae
       47995000	      4700	800079b2	bde38393	addi	x7,x7,-1058	  x7:0x800419ae  x7=0x8004158c
       48005000	      4701	800079b6	82d3cc83	lbu	x25,-2003(x7)	  x7:0x8004158c x25=0x00000072 PA:0x80040db9 load:0x00000072
       48015000	      4702	800079ba	82d38403	lb	x8,-2003(x7)	  x7:0x8004158c  x8=0x00000072 PA:0x80040db9 load:0x00000072
       48025000	      4703	800079be	82d38e03	lb	x28,-2003(x7)	  x7:0x8004158c x28=0x00000072 PA:0x80040db9 load:0x00000072
       48035000	      4704	800079c2	82d3c403	lbu	x8,-2003(x7)	  x7:0x8004158c  x8=0x00000072 PA:0x80040db9 load:0x00000072
       48045000	      4705	800079c6	82d3cb03	lbu	x22,-2003(x7)	  x7:0x8004158c x22=0x00000072 PA:0x80040db9 load:0x00000072
       48055000	      4706	800079ca	00d45e33	srl	x28,x8,x13	  x8:0x00000072 x13:0x57db053c x28=0x00000000
       48065000	      4707	800079ce	a73d4d13	xori	x26,x26,-1421	 x26:0x0000002f x26=0xfffffa5c
       48075000	      4708	800079d2	82f386a3	sb	x15,-2003(x7)	  x7:0x8004158c x15:0xa165b048 PA:0x80040db9 store:0xa165b048 load:0x00000000
       48085000	      4709	800079d6	01ed5213	srli	x4,x26,0x1e	 x26:0xfffffa5c  x4=0x00000003
       48095000	      4710	800079da	82d3cd03	lbu	x26,-2003(x7)	  x7:0x8004158c x26=0x00000048 PA:0x80040db9 load:0x00000048
       48105000	      4711	800079de	0000100f	fence.i	
       48135000	      4714	800079e2	31b38923	sb	x27,786(x7)	  x7:0x8004158c x27:0x0000073e PA:0x8004189e store:0x0000073e load:0x00000000
       48145000	      4715	800079e6	31238303	lb	x6,786(x7)	  x7:0x8004158c  x6=0x0000003e PA:0x8004189e load:0x0000003e
       48155000	      4716	800079ea	31239083	lh	x1,786(x7)	  x7:0x8004158c  x1=0x0000543e PA:0x8004189e load:0x0000543e
       48165000	      4717	800079ee	2f43de83	lhu	x29,756(x7)	  x7:0x8004158c x29=0x00003a3b PA:0x80041880 load:0x00003a3b
       48175000	      4718	800079f2	2f43d503	lhu	x10,756(x7)	  x7:0x8004158c x10=0x00003a3b PA:0x80041880 load:0x00003a3b
       48185000	      4719	800079f6	2f43d803	lhu	x16,756(x7)	  x7:0x8004158c x16=0x00003a3b PA:0x80041880 load:0x00003a3b
       48195000	      4720	800079fa	2f438983	lb	x19,756(x7)	  x7:0x8004158c x19=0x0000003b PA:0x80041880 load:0x0000003b
       48205000	      4721	800079fe	c1bd4213	xori	x4,x26,-997	 x26:0x00000048  x4=0xfffffc53
       48215000	      4722	80007a02	21b38403	lb	x8,539(x7)	  x7:0x8004158c  x8=0x0000005c PA:0x800417a7 load:0x0000005c
       48225000	      4723	80007a06	21b3c503	lbu	x10,539(x7)	  x7:0x8004158c x10=0x0000005c PA:0x800417a7 load:0x0000005c
       48235000	      4724	80007a0a	9cddca93	xori	x21,x27,-1587	 x27:0x0000073e x21=0xfffffef3
       48245000	      4725	80007a0e	21b3c583	lbu	x11,539(x7)	  x7:0x8004158c x11=0x0000005c PA:0x800417a7 load:0x0000005c
       48255000	      4726	80007a12	63f38203	lb	x4,1599(x7)	  x7:0x8004158c  x4=0xffffff80 PA:0x80041bcb load:0xffffff80
       48265000	      4727	80007a16	63438fa3	sb	x20,1599(x7)	  x7:0x8004158c x20:0x00000038 PA:0x80041bcb store:0x00000038 load:0x00000000
       48275000	      4728	80007a1a	62238fa3	sb	x2,1599(x7)	  x7:0x8004158c  x2:0xf5e39895 PA:0x80041bcb store:0xf5e39895 load:0x00000000
       48285000	      4729	80007a1e	00030897	auipc	x17,0x30	 x17=0x80037a1e
       48295000	      4730	80007a22	d8e88893	addi	x17,x17,-626	 x17:0x80037a1e x17=0x800377ac
       48305000	      4731	80007a26	0d4e	c.slli	x26,0x13	 x26:0x00000048 x26=0x02400000
       48315000	      4732	80007a28	6cfe8993	addi	x19,x29,1743	 x29:0x00003a3b x19=0x0000410a
       48325000	      4733	80007a2c	ff288e83	lb	x29,-14(x17)	 x17:0x800377ac x29=0x00000055 PA:0x8003779e load:0x00000055
       48335000	      4734	80007a30	ffd8cd03	lbu	x26,-3(x17)	 x17:0x800377ac x26=0x00000062 PA:0x800377a9 load:0x00000062
       48345000	      4735	80007a34	ff588a03	lb	x20,-11(x17)	 x17:0x800377ac x20=0x0000005a PA:0x800377a1 load:0x0000005a
       48355000	      4736	80007a38	00489b83	lh	x23,4(x17)	 x17:0x800377ac x23=0x00006a6b PA:0x800377b0 load:0x00006a6b
       48365000	      4737	80007a3c	010882a3	sb	x16,5(x17)	 x17:0x800377ac x16:0x00003a3b PA:0x800377b1 store:0x00003a3b load:0x00000000
       48405000	      4741	80007a40	03283833	mulhu	x16,x16,x18	 x16:0x00003a3b x18:0xffffffe4 x16=0x00003a3a
       48415000	      4742	80007a44	b707a393	slti	x7,x15,-1168	 x15:0xa165b048  x7=0x00000001
       48425000	      4743	80007a48	ffc89f23	sh	x28,-2(x17)	 x17:0x800377ac x28:0x00000000 PA:0x800377aa store:0x00000000 load:0x00000000
       48435000	      4744	80007a4c	fe288ca3	sb	x2,-7(x17)	 x17:0x800377ac  x2:0xf5e39895 PA:0x800377a5 store:0xf5e39895 load:0x00000000
       48445000	      4745	80007a50	0025efb3	or	x31,x11,x2	 x11:0x0000005c  x2:0xf5e39895 x31=0xf5e398dd
       48455000	      4746	80007a54	403e5bb3	sra	x23,x28,x3	 x28:0x00000000  x3:0xe1b88000 x23=0x00000000
       48465000	      4747	80007a58	ff088c83	lb	x25,-16(x17)	 x17:0x800377ac x25=0x00000057 PA:0x8003779c load:0x00000057
       48475000	      4748	80007a5c	01a8da33	srl	x20,x17,x26	 x17:0x800377ac x26:0x00000062 x20=0x2000ddeb
       48485000	      4749	80007a60	005880a3	sb	x5,1(x17)	 x17:0x800377ac  x5:0x0000002f PA:0x800377ad store:0x0000002f load:0x00000000
       48525000	      4753	80007a64	03cb2e33	mulhsu	x28,x22,x28	 x22:0x00000072 x28:0x00000000 x28=0x00000000
       48535000	      4754	80007a68	ff48c783	lbu	x15,-12(x17)	 x17:0x800377ac x15=0x0000005b PA:0x800377a0 load:0x0000005b
       48545000	      4755	80007a6c	990a	c.add	x18,x2	 x18:0xffffffe4  x2:0xf5e39895 x18=0xf5e39879
       48915000	      4792	80007a6e	02477333	remu	x6,x14,x4	 x14:0x8004cce4  x4:0xffffff80  x6=0x8004cce4
       48925000	      4793	80007a72	bc18ff93	andi	x31,x17,-1087	 x17:0x800377ac x31=0x80037380
       48935000	      4794	80007a76	ff88ac23	sw	x24,-8(x17)	 x17:0x800377ac x24:0x0000002f PA:0x800377a4 store:0x0000002f load:0x00000000
       48945000	      4795	80007a7a	00e88903	lb	x18,14(x17)	 x17:0x800377ac x18=0x00000071 PA:0x800377ba load:0x00000071
       48955000	      4796	80007a7e	0002c597	auipc	x11,0x2c	 x11=0x80033a7e
       48965000	      4797	80007a82	55258593	addi	x11,x11,1362	 x11:0x80033a7e x11=0x80033fd0
       48975000	      4798	80007a86	00036317	auipc	x6,0x36	  x6=0x8003da86
       48985000	      4799	80007a8a	b2b30313	addi	x6,x6,-1237	  x6:0x8003da86  x6=0x8003d5b1
       48995000	      4800	80007a8e	73534683	lbu	x13,1845(x6)	  x6:0x8003d5b1 x13=0x0000009d PA:0x8003dce6 load:0x0000009d
       49005000	      4801	80007a92	fcc581a3	sb	x12,-61(x11)	 x11:0x80033fd0 x12:0x80048e38 PA:0x80033f93 store:0x80048e38 load:0x00000000
       49015000	      4802	80007a96	fe659b03	lh	x22,-26(x11)	 x11:0x80033fd0 x22=0x00006c6d PA:0x80033fb6 load:0x00006c6d
       49025000	      4803	80007a9a	0295c683	lbu	x13,41(x11)	 x11:0x80033fd0 x13=0x000000b2 PA:0x80033ff9 load:0x000000b2
       49035000	      4804	80007a9e	ff434a03	lbu	x20,-12(x6)	  x6:0x8003d5b1 x20=0x0000005e PA:0x8003d5a5 load:0x0000005e
       49045000	      4805	80007aa2	0135c403	lbu	x8,19(x11)	 x11:0x80033fd0  x8=0x00000098 PA:0x80033fe3 load:0x00000098
       49055000	      4806	80007aa6	26534983	lbu	x19,613(x6)	  x6:0x8003d5b1 x19=0x000000cd PA:0x8003d816 load:0x000000cd
       49065000	      4807	80007aaa	b2a30383	lb	x7,-1238(x6)	  x6:0x8003d5b1  x7=0xffffff90 PA:0x8003d0db load:0xffffff90
       49075000	      4808	80007aae	00e5c783	lbu	x15,14(x11)	 x11:0x80033fd0 x15=0x00000095 PA:0x80033fde load:0x00000095
       49085000	      4809	80007ab2	00a58b83	lb	x23,10(x11)	 x11:0x80033fd0 x23=0xffffff91 PA:0x80033fda load:0xffffff91
       49095000	      4810	80007ab6	fc358c03	lb	x24,-61(x11)	 x11:0x80033fd0 x24=0x00000038 PA:0x80033f93 load:0x00000038
       49105000	      4811	80007aba	ce234f03	lbu	x30,-798(x6)	  x6:0x8003d5b1 x30=0x00000048 PA:0x8003d293 load:0x00000048
       49115000	      4812	80007abe	14634003	lbu	x0,326(x6)	  x6:0x8003d5b1  x0=0x00000000 PA:0x8003d6f7 load:0x000000ac
       49125000	      4813	80007ac2	ff5589a3	sb	x21,-13(x11)	 x11:0x80033fd0 x21:0xfffffef3 PA:0x80033fc3 store:0xfffffef3 load:0x00000000
       49135000	      4814	80007ac6	0002e597	auipc	x11,0x2e	 x11=0x80035ac6
       49145000	      4815	80007aca	91058593	addi	x11,x11,-1776	 x11:0x80035ac6 x11=0x800353d6
       49155000	      4816	80007ace	0002b197	auipc	x3,0x2b	  x3=0x80032ace
       49165000	      4817	80007ad2	5d018193	addi	x3,x3,1488	  x3:0x80032ace  x3=0x8003309e
       49175000	      4818	80007ad6	00e58283	lb	x5,14(x11)	 x11:0x800353d6  x5=0xffffff9f PA:0x800353e4 load:0xffffff9f
       49185000	      4819	80007ada	00d584a3	sb	x13,9(x11)	 x11:0x800353d6 x13:0x000000b2 PA:0x800353df store:0x000000b2 load:0x00000000
       49195000	      4820	80007ade	0871c403	lbu	x8,135(x3)	  x3:0x8003309e  x8=0x000000de PA:0x80033125 load:0x000000de
       49205000	      4821	80007ae2	fe05ca83	lbu	x21,-32(x11)	 x11:0x800353d6 x21=0x0000006d PA:0x800353b6 load:0x0000006d
       49215000	      4822	80007ae6	00458da3	sb	x4,27(x11)	 x11:0x800353d6  x4:0xffffff80 PA:0x800353f1 store:0xffffff80 load:0x00000000
       49225000	      4823	80007aea	02759023	sh	x7,32(x11)	 x11:0x800353d6  x7:0xffffff90 PA:0x800353f6 store:0xffffff90 load:0x00000000
       49235000	      4824	80007aee	1ea1cb83	lbu	x23,490(x3)	  x3:0x8003309e x23=0x00000043 PA:0x80033288 load:0x00000043
       49245000	      4825	80007af2	01c58ea3	sb	x28,29(x11)	 x11:0x800353d6 x28:0x00000000 PA:0x800353f3 store:0x00000000 load:0x00000000
       49255000	      4826	80007af6	fcf58203	lb	x4,-49(x11)	 x11:0x800353d6  x4=0x0000005e PA:0x800353a5 load:0x0000005e
       49265000	      4827	80007afa	ff218ea3	sb	x18,-3(x3)	  x3:0x8003309e x18:0x00000071 PA:0x8003309b store:0x00000071 load:0x00000000
       49275000	      4828	80007afe	5581df03	lhu	x30,1368(x3)	  x3:0x8003309e x30=0x0000acad PA:0x800335f6 load:0x0000acad
       49285000	      4829	80007b02	0205c903	lbu	x18,32(x11)	 x11:0x800353d6 x18=0x00000090 PA:0x800353f6 load:0x00000090
       49295000	      4830	80007b06	28318e23	sb	x3,668(x3)	  x3:0x8003309e  x3:0x8003309e PA:0x8003333a store:0x8003309e load:0x00000000
       49305000	      4831	80007b0a	fe758f03	lb	x30,-25(x11)	 x11:0x800353d6 x30=0x00000076 PA:0x800353bd load:0x00000076
       49315000	      4832	80007b0e	23518203	lb	x4,565(x3)	  x3:0x8003309e  x4=0xffffff88 PA:0x800332d3 load:0xffffff88
       49325000	      4833	80007b12	fdd5c503	lbu	x10,-35(x11)	 x11:0x800353d6 x10=0x00000068 PA:0x800353b3 load:0x00000068
       49335000	      4834	80007b16	62d1c203	lbu	x4,1581(x3)	  x3:0x8003309e  x4=0x00000080 PA:0x800336cb load:0x00000080
       49345000	      4835	80007b1a	00033997	auipc	x19,0x33	 x19=0x8003ab1a
       49355000	      4836	80007b1e	d0998993	addi	x19,x19,-759	 x19:0x8003ab1a x19=0x8003a823
       49365000	      4837	80007b22	0169ca03	lbu	x20,22(x19)	 x19:0x8003a823 x20=0x000000f2 PA:0x8003a839 load:0x000000f2
       49375000	      4838	80007b26	01698003	lb	x0,22(x19)	 x19:0x8003a823  x0=0x00000000 PA:0x8003a839 load:0xfffffff2
       49385000	      4839	80007b2a	03599503	lh	x10,53(x19)	 x19:0x8003a823 x10=0x00001213 PA:0x8003a858 load:0x00001213
       49395000	      4840	80007b2e	03599f83	lh	x31,53(x19)	 x19:0x8003a823 x31=0x00001213 PA:0x8003a858 load:0x00001213
       49405000	      4841	80007b32	03598d83	lb	x27,53(x19)	 x19:0x8003a823 x27=0x00000013 PA:0x8003a858 load:0x00000013
       49415000	      4842	80007b36	fcd99c83	lh	x25,-51(x19)	 x19:0x8003a823 x25=0xffffaaab PA:0x8003a7f0 load:0xffffaaab
       49425000	      4843	80007b3a	8bc7c213	xori	x4,x15,-1860	 x15:0x00000095  x4=0xfffff829
       49435000	      4844	80007b3e	fc498503	lb	x10,-60(x19)	 x19:0x8003a823 x10=0xffffff9c PA:0x8003a7e7 load:0xffffff9c
       49445000	      4845	80007b42	00cf62b3	or	x5,x30,x12	 x30:0x00000076 x12:0x80048e38  x5=0x80048e7e
       49455000	      4846	80007b46	fc498e03	lb	x28,-60(x19)	 x19:0x8003a823 x28=0xffffff9c PA:0x8003a7e7 load:0xffffff9c
       49465000	      4847	80007b4a	fc49c383	lbu	x7,-60(x19)	 x19:0x8003a823  x7=0x0000009c PA:0x8003a7e7 load:0x0000009c
       49475000	      4848	80007b4e	fc498a83	lb	x21,-60(x19)	 x19:0x8003a823 x21=0xffffff9c PA:0x8003a7e7 load:0xffffff9c
       49485000	      4849	80007b52	fde98223	sb	x30,-60(x19)	 x19:0x8003a823 x30:0x00000076 PA:0x8003a7e7 store:0x00000076 load:0x00000000
       49495000	      4850	80007b56	fc498903	lb	x18,-60(x19)	 x19:0x8003a823 x18=0x00000076 PA:0x8003a7e7 load:0x00000076
       49505000	      4851	80007b5a	fc49c903	lbu	x18,-60(x19)	 x19:0x8003a823 x18=0x00000076 PA:0x8003a7e7 load:0x00000076
       49515000	      4852	80007b5e	fcb99d03	lh	x26,-53(x19)	 x19:0x8003a823 x26=0xffff89a5 PA:0x8003a7ee load:0xffff89a5
       49525000	      4853	80007b62	0002cd97	auipc	x27,0x2c	 x27=0x80033b62
       49535000	      4854	80007b66	ce0d8d93	addi	x27,x27,-800	 x27:0x80033b62 x27=0x80033842
       49545000	      4855	80007b6a	00031517	auipc	x10,0x31	 x10=0x80038b6a
       49555000	      4856	80007b6e	4e250513	addi	x10,x10,1250	 x10:0x80038b6a x10=0x8003904c
       49565000	      4857	80007b72	fe3dcb83	lbu	x23,-29(x27)	 x27:0x80033842 x23=0x000000de PA:0x80033825 load:0x000000de
       49575000	      4858	80007b76	d95c	c.sw	x15,52(x10)	 x10:0x8003904c x15:0x00000095 PA:0x80039080 store:0x00000095 load:0x00000000
       49585000	      4859	80007b78	ff550583	lb	x11,-11(x10)	 x10:0x8003904c x11=0xfffffffa PA:0x80039041 load:0xfffffffa
       49595000	      4860	80007b7c	fe1dc483	lbu	x9,-31(x27)	 x27:0x80033842  x9=0x000000d8 PA:0x80033823 load:0x000000d8
       49605000	      4861	80007b80	fcddc403	lbu	x8,-51(x27)	 x27:0x80033842  x8=0x000000c4 PA:0x8003380f load:0x000000c4
       49615000	      4862	80007b84	fe050c83	lb	x25,-32(x10)	 x10:0x8003904c x25=0xffffffe7 PA:0x8003902c load:0xffffffe7
       49625000	      4863	80007b88	febd8003	lb	x0,-21(x27)	 x27:0x80033842  x0=0x00000000 PA:0x8003382d load:0xffffffe6
       49635000	      4864	80007b8c	009507a3	sb	x9,15(x10)	 x10:0x8003904c  x9:0x000000d8 PA:0x8003905b store:0x000000d8 load:0x00000000
       49645000	      4865	80007b90	00854183	lbu	x3,8(x10)	 x10:0x8003904c  x3=0x0000000f PA:0x80039054 load:0x0000000f
       49655000	      4866	80007b94	fed501a3	sb	x13,-29(x10)	 x10:0x8003904c x13:0x000000b2 PA:0x8003902f store:0x000000b2 load:0x00000000
       49665000	      4867	80007b98	fc1d87a3	sb	x1,-49(x27)	 x27:0x80033842  x1:0x0000543e PA:0x80033811 store:0x0000543e load:0x00000000
       49675000	      4868	80007b9c	fe8503a3	sb	x8,-25(x10)	 x10:0x8003904c  x8:0x000000c4 PA:0x80039033 store:0x000000c4 load:0x00000000
       49685000	      4869	80007ba0	0003c097	auipc	x1,0x3c	  x1=0x80043ba0
       49695000	      4870	80007ba4	d3908093	addi	x1,x1,-711	  x1:0x80043ba0  x1=0x800438d9
       49705000	      4871	80007ba8	02209da3	sh	x2,59(x1)	  x1:0x800438d9  x2:0xf5e39895 PA:0x80043914 store:0xf5e39895 load:0x00000000
       49715000	      4872	80007bac	9f22	c.add	x30,x8	 x30:0x00000076  x8:0x000000c4 x30=0x0000013a
       49725000	      4873	80007bae	01608583	lb	x11,22(x1)	  x1:0x800438d9 x11=0xffffffa4 PA:0x800438ef load:0xffffffa4
       49735000	      4874	80007bb2	fd10d003	lhu	x0,-47(x1)	  x1:0x800438d9  x0=0x00000000 PA:0x800438aa load:0x00006061
       49745000	      4875	80007bb6	956a	c.add	x10,x26	 x10:0x8003904c x26:0xffff89a5 x10=0x800319f1
       49755000	      4876	80007bb8	ff0087a3	sb	x16,-17(x1)	  x1:0x800438d9 x16:0x00003a3a PA:0x800438c8 store:0x00003a3a load:0x00000000
       49765000	      4877	80007bbc	ff70dd83	lhu	x27,-9(x1)	  x1:0x800438d9 x27=0x00008a8b PA:0x800438d0 load:0x00008a8b
       49775000	      4878	80007bc0	0001	c.addi	x0,0	  x0:0x00000000  x0=0x00000000
       49785000	      4879	80007bc2	02f08623	sb	x15,44(x1)	  x1:0x800438d9 x15:0x00000095 PA:0x80043905 store:0x00000095 load:0x00000000
       49795000	      4880	80007bc6	00008783	lb	x15,0(x1)	  x1:0x800438d9 x15=0xffffff92 PA:0x800438d9 load:0xffffff92
       49805000	      4881	80007bca	0070cb83	lbu	x23,7(x1)	  x1:0x800438d9 x23=0x0000009b PA:0x800438e0 load:0x0000009b
       49815000	      4882	80007bce	ff00a7a3	sw	x16,-17(x1)	  x1:0x800438d9 x16:0x00003a3a PA:0x800438c8 store:0x00003a3a load:0x00000000
       49825000	      4883	80007bd2	03b08a23	sb	x27,52(x1)	  x1:0x800438d9 x27:0x00008a8b PA:0x8004390d store:0x00008a8b load:0x00000000
       49835000	      4884	80007bd6	fc20c203	lbu	x4,-62(x1)	  x1:0x800438d9  x4=0x00000050 PA:0x8004389b load:0x00000050
       49845000	      4885	80007bda	fcb08523	sb	x11,-54(x1)	  x1:0x800438d9 x11:0xffffffa4 PA:0x800438a3 store:0xffffffa4 load:0x00000000
       49855000	      4886	80007bde	ff109903	lh	x18,-15(x1)	  x1:0x800438d9 x18=0x00000000 PA:0x800438ca load:0x00000000
       49865000	      4887	80007be2	fc10c303	lbu	x6,-63(x1)	  x1:0x800438d9  x6=0x00000051 PA:0x8004389a load:0x00000051
       49875000	      4888	80007be6	fcc080a3	sb	x12,-63(x1)	  x1:0x800438d9 x12:0x80048e38 PA:0x8004389a store:0x80048e38 load:0x00000000
       49885000	      4889	80007bea	0e423293	sltiu	x5,x4,228	  x4:0x00000050  x5=0x00000001
       49895000	      4890	80007bee	fed0d003	lhu	x0,-19(x1)	  x1:0x800438d9  x0=0x00000000 PA:0x800438c6 load:0x00007c7d
       49905000	      4891	80007bf2	03108b03	lb	x22,49(x1)	  x1:0x800438d9 x22=0xffffffc1 PA:0x8004390a load:0xffffffc1
       49915000	      4892	80007bf6	0002e297	auipc	x5,0x2e	  x5=0x80035bf6
       49925000	      4893	80007bfa	a2528293	addi	x5,x5,-1499	  x5:0x80035bf6  x5=0x8003561b
       49935000	      4894	80007bfe	00f29903	lh	x18,15(x5)	  x5:0x8003561b x18=0xffffe0e1 PA:0x8003562a load:0xffffe0e1
       49945000	      4895	80007c02	ffc28683	lb	x13,-4(x5)	  x5:0x8003561b x13=0xffffffcc PA:0x80035617 load:0xffffffcc
       49955000	      4896	80007c06	0002cf17	auipc	x30,0x2c	 x30=0x80033c06
       49965000	      4897	80007c0a	8c5f0f13	addi	x30,x30,-1851	 x30:0x80033c06 x30=0x800334cb
       49975000	      4898	80007c0e	fbcf1fa3	sh	x28,-65(x30)	 x30:0x800334cb x28:0xffffff9c PA:0x8003348a store:0xffffff9c load:0x00000000
       49985000	      4899	80007c12	ffd29c83	lh	x25,-3(x5)	  x5:0x8003561b x25=0xffffd2d3 PA:0x80035618 load:0xffffd2d3
       49995000	      4900	80007c16	0b0f0203	lb	x4,176(x30)	 x30:0x800334cb  x4=0x00000030 PA:0x8003357b load:0x00000030
       50005000	      4901	80007c1a	ffd29783	lh	x15,-3(x5)	  x5:0x8003561b x15=0xffffd2d3 PA:0x80035618 load:0xffffd2d3
       50015000	      4902	80007c1e	fff28823	sb	x31,-16(x5)	  x5:0x8003561b x31:0x00001213 PA:0x8003560b store:0x00001213 load:0x00000000
       50025000	      4903	80007c22	f87f0483	lb	x9,-121(x30)	 x30:0x800334cb  x9=0x00000009 PA:0x80033452 load:0x00000009
       50035000	      4904	80007c26	f4bf5303	lhu	x6,-181(x30)	 x30:0x800334cb  x6=0x000000e8 PA:0x80033416 load:0x000000e8
       50045000	      4905	80007c2a	ff92d383	lhu	x7,-7(x5)	  x5:0x8003561b  x7=0x0000cecf PA:0x80035614 load:0x0000cecf
       50055000	      4906	80007c2e	00428b03	lb	x22,4(x5)	  x5:0x8003561b x22=0xffffffd4 PA:0x8003561f load:0xffffffd4
       50065000	      4907	80007c32	f31f5303	lhu	x6,-207(x30)	 x30:0x800334cb  x6=0x0000b6b7 PA:0x800333fc load:0x0000b6b7
       50075000	      4908	80007c36	01228823	sb	x18,16(x5)	  x5:0x8003561b x18:0xffffe0e1 PA:0x8003562b store:0xffffe0e1 load:0x00000000
       50085000	      4909	80007c3a	fff28d23	sb	x31,-6(x5)	  x5:0x8003561b x31:0x00001213 PA:0x80035615 store:0x00001213 load:0x00000000
       50095000	      4910	80007c3e	027f0723	sb	x7,46(x30)	 x30:0x800334cb  x7:0x0000cecf PA:0x800334f9 store:0x0000cecf load:0x00000000
       50105000	      4911	80007c42	00035e17	auipc	x28,0x35	 x28=0x8003cc42
       50115000	      4912	80007c46	cc7e0e13	addi	x28,x28,-825	 x28:0x8003cc42 x28=0x8003c909
       50125000	      4913	80007c4a	0002cd17	auipc	x26,0x2c	 x26=0x80033c4a
       50135000	      4914	80007c4e	a2ad0d13	addi	x26,x26,-1494	 x26:0x80033c4a x26=0x80033674
       50145000	      4915	80007c52	00de0923	sb	x13,18(x28)	 x28:0x8003c909 x13:0xffffffcc PA:0x8003c91b store:0xffffffcc load:0x00000000
       50155000	      4916	80007c56	ce5d4b83	lbu	x23,-795(x26)	 x26:0x80033674 x23=0x00000012 PA:0x80033359 load:0x00000012
       50165000	      4917	80007c5a	7eae0623	sb	x10,2028(x28)	 x28:0x8003c909 x10:0x800319f1 PA:0x8003d0f5 store:0x800319f1 load:0x00000000
       50175000	      4918	80007c5e	4ace0ca3	sb	x12,1209(x28)	 x28:0x8003c909 x12:0x80048e38 PA:0x8003cdc2 store:0x80048e38 load:0x00000000
       50185000	      4919	80007c62	727e5c03	lhu	x24,1831(x28)	 x28:0x8003c909 x24=0x0000eaeb PA:0x8003d030 load:0x0000eaeb
       50195000	      4920	80007c66	a8ae4003	lbu	x0,-1398(x28)	 x28:0x8003c909  x0=0x00000000 PA:0x8003c393 load:0x00000048
       50205000	      4921	80007c6a	f6ad5803	lhu	x16,-150(x26)	 x26:0x80033674 x16=0x00009495 PA:0x800335de load:0x00009495
       50215000	      4922	80007c6e	e72d1483	lh	x9,-398(x26)	 x26:0x80033674  x9=0xffff9c9d PA:0x800334e6 load:0xffff9c9d
       50225000	      4923	80007c72	024e4f83	lbu	x31,36(x28)	 x28:0x8003c909 x31=0x000000e6 PA:0x8003c92d load:0x000000e6
       50235000	      4924	80007c76	3b9e1c83	lh	x25,953(x28)	 x28:0x8003c909 x25=0x00007879 PA:0x8003ccc2 load:0x00007879
       50245000	      4925	80007c7a	bf7d0203	lb	x4,-1033(x26)	 x26:0x80033674  x4=0x00000020 PA:0x8003326b load:0x00000020
       50255000	      4926	80007c7e	6a7e0583	lb	x11,1703(x28)	 x28:0x8003c909 x11=0x0000006b PA:0x8003cfb0 load:0x0000006b
       50265000	      4927	80007c82	e8ae4983	lbu	x19,-374(x28)	 x28:0x8003c909 x19=0x00000048 PA:0x8003c793 load:0x00000048
       50275000	      4928	80007c86	66cd08a3	sb	x12,1649(x26)	 x26:0x80033674 x12:0x80048e38 PA:0x80033ce5 store:0x80048e38 load:0x00000000
       50285000	      4929	80007c8a	0002c197	auipc	x3,0x2c	  x3=0x80033c8a
       50295000	      4930	80007c8e	dcd18193	addi	x3,x3,-563	  x3:0x80033c8a  x3=0x80033a57
       50305000	      4931	80007c92	a5b19203	lh	x4,-1445(x3)	  x3:0x80033a57  x4=0x00003969 PA:0x800334b2 load:0x00003969
       50315000	      4932	80007c96	d741a4a3	sw	x20,-663(x3)	  x3:0x80033a57 x20:0x000000f2 PA:0x800337c0 store:0x000000f2 load:0x00000000
       50325000	      4933	80007c9a	d7018583	lb	x11,-656(x3)	  x3:0x80033a57 x11=0x0000007c PA:0x800337c7 load:0x0000007c
       50335000	      4934	80007c9e	0ab1c303	lbu	x6,171(x3)	  x3:0x80033a57  x6=0x00000001 PA:0x80033b02 load:0x00000001
       50345000	      4935	80007ca2	1ee1a4a3	sw	x14,489(x3)	  x3:0x80033a57 x14:0x8004cce4 PA:0x80033c40 store:0x8004cce4 load:0x00000000
       50385000	      4939	80007ca6	03eaaeb3	mulhsu	x29,x21,x30	 x21:0xffffff9c x30:0x800334cb x29=0xffffffcd
       50395000	      4940	80007caa	44018923	sb	x0,1106(x3)	  x3:0x80033a57  x0:0x00000000 PA:0x80033ea9 store:0x00000000 load:0x00000000
       50405000	      4941	80007cae	ad518aa3	sb	x21,-1323(x3)	  x3:0x80033a57 x21:0xffffff9c PA:0x8003352c store:0xffffff9c load:0x00000000
       50415000	      4942	80007cb2	b361a8a3	sw	x22,-1231(x3)	  x3:0x80033a57 x22:0xffffffd4 PA:0x80033588 store:0xffffffd4 load:0x00000000
       50425000	      4943	80007cb6	018288b3	add	x17,x5,x24	  x5:0x8003561b x24:0x0000eaeb x17=0x80044106
       50435000	      4944	80007cba	23318ba3	sb	x19,567(x3)	  x3:0x80033a57 x19:0x00000048 PA:0x80033c8e store:0x00000048 load:0x00000000
       50445000	      4945	80007cbe	d34f0093	addi	x1,x30,-716	 x30:0x800334cb  x1=0x800331ff
       50455000	      4946	80007cc2	9986	c.add	x19,x1	 x19:0x00000048  x1:0x800331ff x19=0x80033247
       50495000	      4950	80007cc4	03663bb3	mulhu	x23,x12,x22	 x12:0x80048e38 x22:0xffffffd4 x23=0x80048e21
       50505000	      4951	80007cc8	3f818283	lb	x5,1016(x3)	  x3:0x80033a57  x5=0x0000005c PA:0x80033e4f load:0x0000005c
       50515000	      4952	80007ccc	3401c983	lbu	x19,832(x3)	  x3:0x80033a57 x19=0x0000004c PA:0x80033d97 load:0x0000004c
       50525000	      4953	80007cd0	baa18283	lb	x5,-1110(x3)	  x3:0x80033a57  x5=0xffffffba PA:0x80033601 load:0xffffffba
       50535000	      4954	80007cd4	26d18ca3	sb	x13,633(x3)	  x3:0x80033a57 x13:0xffffffcc PA:0x80033cd0 store:0xffffffcc load:0x00000000
       50545000	      4955	80007cd8	a121cf03	lbu	x30,-1518(x3)	  x3:0x80033a57 x30=0x00000022 PA:0x80033469 load:0x00000022
       50555000	      4956	80007cdc	1bd18ca3	sb	x29,441(x3)	  x3:0x80033a57 x29:0xffffffcd PA:0x80033c10 store:0xffffffcd load:0x00000000
       50565000	      4957	80007ce0	c35180a3	sb	x21,-991(x3)	  x3:0x80033a57 x21:0xffffff9c PA:0x80033678 store:0xffffff9c load:0x00000000
       50575000	      4958	80007ce4	48a18ea3	sb	x10,1181(x3)	  x3:0x80033a57 x10:0x800319f1 PA:0x80033ef4 store:0x800319f1 load:0x00000000
       50585000	      4959	80007ce8	133d2893	slti	x17,x26,307	 x26:0x80033674 x17=0x00000001
       50595000	      4960	80007cec	4261c003	lbu	x0,1062(x3)	  x3:0x80033a57  x0=0x00000000 PA:0x80033e7d load:0x00000036
       50605000	      4961	80007cf0	9fe6	c.add	x31,x25	 x31:0x000000e6 x25:0x00007879 x31=0x0000795f
       50975000	      4998	80007cf2	02915333	divu	x6,x2,x9	  x2:0xf5e39895  x9:0xffff9c9d  x6=0x00000000
       50985000	      4999	80007cf6	01d18523	sb	x29,10(x3)	  x3:0x80033a57 x29:0xffffffcd PA:0x80033a61 store:0xffffffcd load:0x00000000
       50995000	      5000	80007cfa	8ebd	c.xor	x13,x15	 x13:0xffffffcc x15:0xffffd2d3 x13=0x00002d1f
       51005000	      5001	80007cfc	99fd	c.andi	x11,-1	 x11:0x0000007c x11=0x0000007c
       51015000	      5002	80007cfe	060182a3	sb	x0,101(x3)	  x3:0x80033a57  x0:0x00000000 PA:0x80033abc store:0x00000000 load:0x00000000
       51025000	      5003	80007d02	0125ce33	xor	x28,x11,x18	 x11:0x0000007c x18:0xffffe0e1 x28=0xffffe09d
       51035000	      5004	80007d06	8fc5	c.or	x15,x9	 x15:0xffffd2d3  x9:0xffff9c9d x15=0xffffdedf
       51045000	      5005	80007d08	8c2d	c.xor	x8,x11	  x8:0x000000c4 x11:0x0000007c  x8=0x000000b8
       51415000	      5042	80007d0a	035cf233	remu	x4,x25,x21	 x25:0x00007879 x21:0xffffff9c  x4=0x00007879
       51425000	      5043	80007d0e	8411c783	lbu	x15,-1983(x3)	  x3:0x80033a57 x15=0x00000053 PA:0x80033298 load:0x00000053
       51435000	      5044	80007d12	df318f03	lb	x30,-525(x3)	  x3:0x80033a57 x30=0x00000001 PA:0x8003384a load:0x00000001
       51445000	      5045	80007d16	0003fbb3	and	x23,x7,x0	  x7:0x0000cecf  x0:0x00000000 x23=0x00000000
       51455000	      5046	80007d1a	ccf1c283	lbu	x5,-817(x3)	  x3:0x80033a57  x5=0x000000dd PA:0x80033726 load:0x000000dd
       51465000	      5047	80007d1e	0951cc03	lbu	x24,149(x3)	  x3:0x80033a57 x24=0x000000a7 PA:0x80033aec load:0x000000a7
       51475000	      5048	80007d22	fde189a3	sb	x30,-45(x3)	  x3:0x80033a57 x30:0x00000001 PA:0x80033a2a store:0x00000001 load:0x00000000
       51485000	      5049	80007d26	cd618a03	lb	x20,-810(x3)	  x3:0x80033a57 x20=0xffffffe6 PA:0x8003372d load:0xffffffe6
       51495000	      5050	80007d2a	1c41a8a3	sw	x4,465(x3)	  x3:0x80033a57  x4:0x00007879 PA:0x80033c28 store:0x00007879 load:0x00000000
       51865000	      5087	80007d2e	03cdd6b3	divu	x13,x27,x28	 x27:0x00008a8b x28:0xffffe09d x13=0x00000000
       51875000	      5088	80007d32	e4f19303	lh	x6,-433(x3)	  x3:0x80033a57  x6=0x00005c5d PA:0x800338a6 load:0x00005c5d
       51885000	      5089	80007d36	acb18a83	lb	x21,-1333(x3)	  x3:0x80033a57 x21=0xffffff84 PA:0x80033522 load:0xffffff84
       51895000	      5090	80007d3a	0075d913	srli	x18,x11,0x7	 x11:0x0000007c x18=0x00000000
       51905000	      5091	80007d3e	f991a203	lw	x4,-103(x3)	  x3:0x80033a57  x4=0xa8a9aaab PA:0x800339f0 load:0xa8a9aaab
       51915000	      5092	80007d42	00035797	auipc	x15,0x35	 x15=0x8003cd42
       51925000	      5093	80007d46	37c78793	addi	x15,x15,892	 x15:0x8003cd42 x15=0x8003d0be
       51935000	      5094	80007d4a	fde7a883	lw	x17,-34(x15)	 x15:0x8003d0be x17=0x54555657 PA:0x8003d09c load:0x54555657
       51945000	      5095	80007d4e	8d72	c.mv	x26,x28	  x0:0x00000000 x28:0xffffe09d x26=0xffffe09d
       51955000	      5096	80007d50	01178e83	lb	x29,17(x15)	 x15:0x8003d0be x29=0xffffff84 PA:0x8003d0cf load:0xffffff84
       51995000	      5100	80007d54	03519c33	mulh	x24,x3,x21	  x3:0x80033a57 x21:0xffffff84 x24=0x0000003d
       52005000	      5101	80007d58	fdd78b83	lb	x23,-35(x15)	 x15:0x8003d0be x23=0x00000050 PA:0x8003d09b load:0x00000050
       52015000	      5102	80007d5c	03378b03	lb	x22,51(x15)	 x15:0x8003d0be x22=0xffffffaa PA:0x8003d0f1 load:0xffffffaa
       52025000	      5103	80007d60	fd078883	lb	x17,-48(x15)	 x15:0x8003d0be x17=0x00000045 PA:0x8003d08e load:0x00000045
       52035000	      5104	80007d64	030788a3	sb	x16,49(x15)	 x15:0x8003d0be x16:0x00009495 PA:0x8003d0ef store:0x00009495 load:0x00000000
       52045000	      5105	80007d68	01f7c383	lbu	x7,31(x15)	 x15:0x8003d0be  x7=0x00000096 PA:0x8003d0dd load:0x00000096
       52055000	      5106	80007d6c	416c5693	srai	x13,x24,0x16	 x24:0x0000003d x13=0x00000000
       52065000	      5107	80007d70	ee84e293	ori	x5,x9,-280	  x9:0xffff9c9d  x5=0xfffffefd
       52075000	      5108	80007d74	011fb9b3	sltu	x19,x31,x17	 x31:0x0000795f x17:0x00000045 x19=0x00000000
       52085000	      5109	80007d78	86dd	c.srai	x13,0x17	 x13:0x00000000 x13=0x00000000
       52095000	      5110	80007d7a	02d7af23	sw	x13,62(x15)	 x15:0x8003d0be x13:0x00000000 PA:0x8003d0fc store:0x00000000 load:0x00000000
       52105000	      5111	80007d7e	01017bb3	and	x23,x2,x16	  x2:0xf5e39895 x16:0x00009495 x23=0x00009095
       52115000	      5112	80007d82	fcc78083	lb	x1,-52(x15)	 x15:0x8003d0be  x1=0x00000041 PA:0x8003d08a load:0x00000041
       52485000	      5149	80007d86	03cec933	div	x18,x29,x28	 x29:0xffffff84 x28:0xffffe09d x18=0x00000000
       52495000	      5150	80007d8a	00b74fb3	xor	x31,x14,x11	 x14:0x8004cce4 x11:0x0000007c x31=0x8004cc98
       52505000	      5151	80007d8e	fc07c183	lbu	x3,-64(x15)	 x15:0x8003d0be  x3=0x00000035 PA:0x8003d07e load:0x00000035
       52515000	      5152	80007d92	ff678583	lb	x11,-10(x15)	 x15:0x8003d0be x11=0x0000006f PA:0x8003d0b4 load:0x0000006f
       52525000	      5153	80007d96	0000100f	fence.i	
       52555000	      5156	80007d9a	3b027493	andi	x9,x4,944	  x4:0xa8a9aaab  x9=0x000002a0
       52575000	      5158	80007d9e	02dccd33	div	x26,x25,x13	 x25:0x00007879 x13:0x00000000 x26=0xffffffff
       52585000	      5159	80007da2	01b78003	lb	x0,27(x15)	 x15:0x8003d0be  x0=0x00000000 PA:0x8003d0d9 load:0xffffff92
       52595000	      5160	80007da6	00279903	lh	x18,2(x15)	 x15:0x8003d0be x18=0x00007a7b PA:0x8003d0c0 load:0x00007a7b
       52605000	      5161	80007daa	fe77cb03	lbu	x22,-25(x15)	 x15:0x8003d0be x22=0x0000005e PA:0x8003d0a5 load:0x0000005e
       52615000	      5162	80007dae	ff278423	sb	x18,-24(x15)	 x15:0x8003d0be x18:0x00007a7b PA:0x8003d0a6 store:0x00007a7b load:0x00000000
       52625000	      5163	80007db2	01b9e933	or	x18,x19,x27	 x19:0x00000000 x27:0x00008a8b x18=0x00008a8b
       52635000	      5164	80007db6	01078823	sb	x16,16(x15)	 x15:0x8003d0be x16:0x00009495 PA:0x8003d0ce store:0x00009495 load:0x00000000
       52645000	      5165	80007dba	fde78083	lb	x1,-34(x15)	 x15:0x8003d0be  x1=0x00000057 PA:0x8003d09c load:0x00000057
       52655000	      5166	80007dbe	ac933893	sltiu	x17,x6,-1335	  x6:0x00005c5d x17=0x00000001
       52665000	      5167	80007dc2	987d	c.andi	x8,-1	  x8:0x000000b8  x8=0x000000b8
       52675000	      5168	80007dc4	0109fb33	and	x22,x19,x16	 x19:0x00000000 x16:0x00009495 x22=0x00000000
       52685000	      5169	80007dc8	fcc78023	sb	x12,-64(x15)	 x15:0x8003d0be x12:0x80048e38 PA:0x8003d07e store:0x80048e38 load:0x00000000
       52695000	      5170	80007dcc	00d78483	lb	x9,13(x15)	 x15:0x8003d0be  x9=0xffffff80 PA:0x8003d0cb load:0xffffff80
       52715000	      5172	80007dd0	9c04b013	sltiu	x0,x9,-1600	  x9:0xffffff80  x0=0x00000000
       52725000	      5173	80007dd4	03e7c983	lbu	x19,62(x15)	 x15:0x8003d0be x19=0x00000000 PA:0x8003d0fc load:0x00000000
       52735000	      5174	80007dd8	01f7cf83	lbu	x31,31(x15)	 x15:0x8003d0be x31=0x00000096 PA:0x8003d0dd load:0x00000096
       52745000	      5175	80007ddc	02078b83	lb	x23,32(x15)	 x15:0x8003d0be x23=0xffffff95 PA:0x8003d0de load:0xffffff95
       52755000	      5176	80007de0	fe67dc83	lhu	x25,-26(x15)	 x15:0x8003d0be x25=0x00005e5f PA:0x8003d0a4 load:0x00005e5f
       52795000	      5180	80007de4	02e521b3	mulhsu	x3,x10,x14	 x10:0x800319f1 x14:0x8004cce4  x3=0xbfff2695
       52805000	      5181	80007de8	99fd	c.andi	x11,-1	 x11:0x0000006f x11=0x0000006f
       52815000	      5182	80007dea	fe87cc03	lbu	x24,-24(x15)	 x15:0x8003d0be x24=0x0000007b PA:0x8003d0a6 load:0x0000007b
       53185000	      5219	80007dee	0232fb33	remu	x22,x5,x3	  x5:0xfffffefd  x3:0xbfff2695 x22=0x4000d868
       53195000	      5220	80007df2	0051b0b3	sltu	x1,x3,x5	  x3:0xbfff2695  x5:0xfffffefd  x1=0x00000001
       53205000	      5221	80007df6	009e1e93	slli	x29,x28,0x9	 x28:0xffffe09d x29=0xffc13a00
       53215000	      5222	80007dfa	8de1	c.and	x11,x8	 x11:0x0000006f  x8:0x000000b8 x11=0x00000028
       53225000	      5223	80007dfc	8c95	c.sub	x9,x13	  x9:0xffffff80 x13:0x00000000  x9=0xffffff80
       53235000	      5224	80007dfe	024781a3	sb	x4,35(x15)	 x15:0x8003d0be  x4:0xa8a9aaab PA:0x8003d0e1 store:0xa8a9aaab load:0x00000000
       53245000	      5225	80007e02	ffe781a3	sb	x30,-29(x15)	 x15:0x8003d0be x30:0x00000001 PA:0x8003d0a1 store:0x00000001 load:0x00000000
       53255000	      5226	80007e06	01d49ab3	sll	x21,x9,x29	  x9:0xffffff80 x29:0xffc13a00 x21=0xffffff80
       53265000	      5227	80007e0a	002783a3	sb	x2,7(x15)	 x15:0x8003d0be  x2:0xf5e39895 PA:0x8003d0c5 store:0xf5e39895 load:0x00000000
       53275000	      5228	80007e0e	0067a583	lw	x11,6(x15)	 x15:0x8003d0be x11=0x7c7d957f PA:0x8003d0c4 load:0x7c7d957f
       53285000	      5229	80007e12	0003ba97	auipc	x21,0x3b	 x21=0x80042e12
       53295000	      5230	80007e16	8f0a8a93	addi	x21,x21,-1808	 x21:0x80042e12 x21=0x80042702
       53305000	      5231	80007e1a	01ba8123	sb	x27,2(x21)	 x21:0x80042702 x27:0x00008a8b PA:0x80042704 store:0x00008a8b load:0x00000000
       53315000	      5232	80007e1e	002aa503	lw	x10,2(x21)	 x21:0x80042702 x10=0xbcbdbe8b PA:0x80042704 load:0xbcbdbe8b
       53325000	      5233	80007e22	006a9123	sh	x6,2(x21)	 x21:0x80042702  x6:0x00005c5d PA:0x80042704 store:0x00005c5d load:0x00000000
       53335000	      5234	80007e26	002a8403	lb	x8,2(x21)	 x21:0x80042702  x8=0x0000005d PA:0x80042704 load:0x0000005d
       53345000	      5235	80007e2a	010a8123	sb	x16,2(x21)	 x21:0x80042702 x16:0x00009495 PA:0x80042704 store:0x00009495 load:0x00000000
       53355000	      5236	80007e2e	7bbcf693	andi	x13,x25,1979	 x25:0x00005e5f x13=0x0000061b
       53365000	      5237	80007e32	01da8803	lb	x16,29(x21)	 x21:0x80042702 x16=0xffffffd4 PA:0x8004271f load:0xffffffd4
       53375000	      5238	80007e36	03aa8183	lb	x3,58(x21)	 x21:0x80042702  x3=0xfffffff7 PA:0x8004273c load:0xfffffff7
       53385000	      5239	80007e3a	91e73db7	lui	x27,0x91e73	 x27=0x91e73000
       53395000	      5240	80007e3e	5f7d	c.li	x30,-1	 x30=0xffffffff
       53405000	      5241	80007e40	03aa8683	lb	x13,58(x21)	 x21:0x80042702 x13=0xfffffff7 PA:0x8004273c load:0xfffffff7
       53415000	      5242	80007e44	03ca8d23	sb	x28,58(x21)	 x21:0x80042702 x28:0xffffe09d PA:0x8004273c store:0xffffe09d load:0x00000000
       53425000	      5243	80007e48	032a9d23	sh	x18,58(x21)	 x21:0x80042702 x18:0x00008a8b PA:0x8004273c store:0x00008a8b load:0x00000000
       53435000	      5244	80007e4c	003a1b13	slli	x22,x20,0x3	 x20:0xffffffe6 x22=0xffffff30
       53445000	      5245	80007e50	012a9a03	lh	x20,18(x21)	 x21:0x80042702 x20=0xffffcecf PA:0x80042714 load:0xffffcecf
       53455000	      5246	80007e54	010ad803	lhu	x16,16(x21)	 x21:0x80042702 x16=0x0000c8c9 PA:0x80042712 load:0x0000c8c9
       53465000	      5247	80007e58	01ea9823	sh	x30,16(x21)	 x21:0x80042702 x30:0xffffffff PA:0x80042712 store:0xffffffff load:0x00000000
       53475000	      5248	80007e5c	010a8303	lb	x6,16(x21)	 x21:0x80042702  x6=0xffffffff PA:0x80042712 load:0xffffffff
       53485000	      5249	80007e60	0002c697	auipc	x13,0x2c	 x13=0x80033e60
       53495000	      5250	80007e64	9aa68693	addi	x13,x13,-1622	 x13:0x80033e60 x13=0x8003380a
       53505000	      5251	80007e68	0026ca83	lbu	x21,2(x13)	 x13:0x8003380a x21=0x000000c7 PA:0x8003380c load:0x000000c7
       53515000	      5252	80007e6c	8cb9	c.xor	x9,x14	  x9:0xffffff80 x14:0x8004cce4  x9=0x7ffb3364
       53525000	      5253	80007e6e	41838533	sub	x10,x7,x24	  x7:0x00000096 x24:0x0000007b x10=0x0000001b
       53535000	      5254	80007e72	00268803	lb	x16,2(x13)	 x13:0x8003380a x16=0xffffffc7 PA:0x8003380c load:0xffffffc7
       53545000	      5255	80007e76	00a6c083	lbu	x1,10(x13)	 x13:0x8003380a  x1=0x000000cf PA:0x80033814 load:0x000000cf
       53555000	      5256	80007e7a	8d85	c.sub	x11,x9	 x11:0x7c7d957f  x9:0x7ffb3364 x11=0xfc82621b
       53565000	      5257	80007e7c	ff56cb03	lbu	x22,-11(x13)	 x13:0x8003380a x22=0x000000b4 PA:0x800337ff load:0x000000b4
       53575000	      5258	80007e80	ffb6c403	lbu	x8,-5(x13)	 x13:0x8003380a  x8=0x000000be PA:0x80033805 load:0x000000be
       53585000	      5259	80007e84	ffb6ca83	lbu	x21,-5(x13)	 x13:0x8003380a x21=0x000000be PA:0x80033805 load:0x000000be
       53595000	      5260	80007e88	ff868da3	sb	x24,-5(x13)	 x13:0x8003380a x24:0x0000007b PA:0x80033805 store:0x0000007b load:0x00000000
       53605000	      5261	80007e8c	ffb68903	lb	x18,-5(x13)	 x13:0x8003380a x18=0x0000007b PA:0x80033805 load:0x0000007b
       53615000	      5262	80007e90	00e68b83	lb	x23,14(x13)	 x13:0x8003380a x23=0xffffffd3 PA:0x80033818 load:0xffffffd3
       53625000	      5263	80007e94	00868723	sb	x8,14(x13)	 x13:0x8003380a  x8:0x000000be PA:0x80033818 store:0x000000be load:0x00000000
       53635000	      5264	80007e98	00e69d03	lh	x26,14(x13)	 x13:0x8003380a x26=0xffffd2be PA:0x80033818 load:0xffffd2be
       53645000	      5265	80007e9c	00e6a903	lw	x18,14(x13)	 x13:0x8003380a x18=0xe4d1d2be PA:0x80033818 load:0xe4d1d2be
       53665000	      5267	80007ea0	02075e33	divu	x28,x14,x0	 x14:0x8004cce4  x0:0x00000000 x28=0xffffffff
       53675000	      5268	80007ea4	00129513	slli	x10,x5,0x1	  x5:0xfffffefd x10=0xfffffdfa
       53685000	      5269	80007ea8	00e69803	lh	x16,14(x13)	 x13:0x8003380a x16=0xffffd2be PA:0x80033818 load:0xffffd2be
       53695000	      5270	80007eac	4c99	c.li	x25,6	 x25=0x00000006
       53705000	      5271	80007eae	01c69723	sh	x28,14(x13)	 x13:0x8003380a x28:0xffffffff PA:0x80033818 store:0xffffffff load:0x00000000
       53715000	      5272	80007eb2	00368883	lb	x17,3(x13)	 x13:0x8003380a x17=0xffffffc6 PA:0x8003380d load:0xffffffc6
       53725000	      5273	80007eb6	00b681a3	sb	x11,3(x13)	 x13:0x8003380a x11:0xfc82621b PA:0x8003380d store:0xfc82621b load:0x00000000
       53735000	      5274	80007eba	0002c317	auipc	x6,0x2c	  x6=0x80033eba
       53745000	      5275	80007ebe	afe30313	addi	x6,x6,-1282	  x6:0x80033eba  x6=0x800339b8
       53755000	      5276	80007ec2	0a831683	lh	x13,168(x6)	  x6:0x800339b8 x13=0xffffcd1b PA:0x80033a60 load:0xffffcd1b
       53765000	      5277	80007ec6	f6835783	lhu	x15,-152(x6)	  x6:0x800339b8 x15=0x0000dadb PA:0x80033920 load:0x0000dadb
       54135000	      5314	80007eca	021b7833	remu	x16,x22,x1	 x22:0x000000b4  x1:0x000000cf x16=0x000000b4
       54145000	      5315	80007ece	fc85bf93	sltiu	x31,x11,-56	 x11:0xfc82621b x31=0x00000001
       54155000	      5316	80007ed2	f8730e03	lb	x28,-121(x6)	  x6:0x800339b8 x28=0xfffffff4 PA:0x8003393f load:0xfffffff4
       54175000	      5318	80007ed6	0203e1b3	rem	x3,x7,x0	  x7:0x00000096  x0:0x00000000  x3=0x00000096
       54185000	      5319	80007eda	0179a033	slt	x0,x19,x23	 x19:0x00000000 x23:0xffffffd3  x0=0x00000000
       54195000	      5320	80007ede	0bba	c.slli	x23,0xe	 x23:0xffffffd3 x23=0xfff4c000
       54205000	      5321	80007ee0	fd330f23	sb	x19,-34(x6)	  x6:0x800339b8 x19:0x00000000 PA:0x80033996 store:0x00000000 load:0x00000000
       54215000	      5322	80007ee4	6541ea93	ori	x21,x3,1620	  x3:0x00000096 x21=0x000006d6
       54225000	      5323	80007ee8	408a8533	sub	x10,x21,x8	 x21:0x000006d6  x8:0x000000be x10=0x00000618
       54235000	      5324	80007eec	8c09	c.sub	x8,x10	  x8:0x000000be x10:0x00000618  x8=0xfffffaa6
       54605000	      5361	80007eee	03a8ce33	div	x28,x17,x26	 x17:0xffffffc6 x26:0xffffd2be x28=0x00000000
       54615000	      5362	80007ef2	0ff0000f	fence	iorw,iorw	
       54625000	      5363	80007ef6	014f6cb3	or	x25,x30,x20	 x30:0xffffffff x20:0xffffcecf x25=0xffffffff
       54635000	      5364	80007efa	40fe07b3	sub	x15,x28,x15	 x28:0x00000000 x15:0x0000dadb x15=0xffff2525
       54645000	      5365	80007efe	f8b30fa3	sb	x11,-97(x6)	  x6:0x800339b8 x11:0xfc82621b PA:0x80033957 store:0xfc82621b load:0x00000000
       54685000	      5369	80007f02	02c3bdb3	mulhu	x27,x7,x12	  x7:0x00000096 x12:0x80048e38 x27=0x0000004b
       54695000	      5370	80007f06	000cdab3	srl	x21,x25,x0	 x25:0xffffffff  x0:0x00000000 x21=0xffffffff
       54705000	      5371	80007f0a	00bbeab3	or	x21,x23,x11	 x23:0xfff4c000 x11:0xfc82621b x21=0xfff6e21b
       54715000	      5372	80007f0e	09830aa3	sb	x24,149(x6)	  x6:0x800339b8 x24:0x0000007b PA:0x80033a4d store:0x0000007b load:0x00000000
       54725000	      5373	80007f12	06334383	lbu	x7,99(x6)	  x6:0x800339b8  x7=0x000000d0 PA:0x80033a1b load:0x000000d0
       54735000	      5374	80007f16	8ea5	c.xor	x13,x9	 x13:0xffffcd1b  x9:0x7ffb3364 x13=0x8004fe7f
       54745000	      5375	80007f18	85c08c93	addi	x25,x1,-1956	  x1:0x000000cf x25=0xfffff92b
       54755000	      5376	80007f1c	f5a300a3	sb	x26,-191(x6)	  x6:0x800339b8 x26:0xffffd2be PA:0x800338f9 store:0xffffd2be load:0x00000000
       54765000	      5377	80007f20	4c5d	c.li	x24,23	 x24=0x00000017
       54775000	      5378	80007f22	8cad	c.xor	x9,x11	  x9:0x7ffb3364 x11:0xfc82621b  x9=0x8379517f
       55145000	      5415	80007f24	02ff6833	rem	x16,x30,x15	 x30:0xffffffff x15:0xffff2525 x16=0xffffffff
       55155000	      5416	80007f28	f9e31983	lh	x19,-98(x6)	  x6:0x800339b8 x19=0x00001b0d PA:0x80033956 load:0x00001b0d
       55165000	      5417	80007f2c	805d	c.srli	x8,0x17	  x8:0xfffffaa6  x8=0x000001ff
       55205000	      5421	80007f2e	02a712b3	mulh	x5,x14,x10	 x14:0x8004cce4 x10:0x00000618  x5=0xfffffcf4
       55215000	      5422	80007f32	f49309a3	sb	x9,-173(x6)	  x6:0x800339b8  x9:0x8379517f PA:0x8003390b store:0x8379517f load:0x00000000
       55225000	      5423	80007f36	4c85cf37	lui	x30,0x4c85c	 x30=0x4c85c000
       55235000	      5424	80007f3a	08330d03	lb	x26,131(x6)	  x6:0x800339b8 x26=0xfffffff0 PA:0x80033a3b load:0xfffffff0
       55245000	      5425	80007f3e	e26d8eb7	lui	x29,0xe26d8	 x29=0xe26d8000
       55255000	      5426	80007f42	fef32023	sw	x15,-32(x6)	  x6:0x800339b8 x15:0xffff2525 PA:0x80033998 store:0xffff2525 load:0x00000000
       55265000	      5427	80007f46	86a2	c.mv	x13,x8	  x0:0x00000000  x8:0x000001ff x13=0x000001ff
       55275000	      5428	80007f48	0001	c.addi	x0,0	  x0:0x00000000  x0=0x00000000
       55285000	      5429	80007f4a	0001	c.addi	x0,0	  x0:0x00000000  x0=0x00000000
       55295000	      5430	80007f4c	f0531523	sh	x5,-246(x6)	  x6:0x800339b8  x5:0xfffffcf4 PA:0x800338c2 store:0xfffffcf4 load:0x00000000
       55305000	      5431	80007f50	f5530f03	lb	x30,-171(x6)	  x6:0x800339b8 x30=0xffffffc6 PA:0x8003390d load:0xffffffc6
       55315000	      5432	80007f54	f6930f03	lb	x30,-151(x6)	  x6:0x800339b8 x30=0xffffffda PA:0x80033921 load:0xffffffda
       55325000	      5433	80007f58	f1634b83	lbu	x23,-234(x6)	  x6:0x800339b8 x23=0x00000085 PA:0x800338ce load:0x00000085
       55345000	      5435	80007f5c	016b83b3	add	x7,x23,x22	 x23:0x00000085 x22:0x000000b4  x7=0x00000139
       55355000	      5436	80007f60	987d	c.andi	x8,-1	  x8:0x000001ff  x8=0x000001ff
       55365000	      5437	80007f62	f3134803	lbu	x16,-207(x6)	  x6:0x800339b8 x16=0x000000a2 PA:0x800338e9 load:0x000000a2
       55375000	      5438	80007f66	0002e997	auipc	x19,0x2e	 x19=0x80035f66
       55385000	      5439	80007f6a	fd498993	addi	x19,x19,-44	 x19:0x80035f66 x19=0x80035f3a
       55395000	      5440	80007f6e	ffe9d083	lhu	x1,-2(x19)	 x19:0x80035f3a  x1=0x0000f2f3 PA:0x80035f38 load:0x0000f2f3
       55405000	      5441	80007f72	ff19c083	lbu	x1,-15(x19)	 x19:0x80035f3a  x1=0x000000e0 PA:0x80035f2b load:0x000000e0
       55415000	      5442	80007f76	ff19c203	lbu	x4,-15(x19)	 x19:0x80035f3a  x4=0x000000e0 PA:0x80035f2b load:0x000000e0
       55425000	      5443	80007f7a	ff198e83	lb	x29,-15(x19)	 x19:0x80035f3a x29=0xffffffe0 PA:0x80035f2b load:0xffffffe0
       55435000	      5444	80007f7e	ff198c83	lb	x25,-15(x19)	 x19:0x80035f3a x25=0xffffffe0 PA:0x80035f2b load:0xffffffe0
       55445000	      5445	80007f82	ac1a0293	addi	x5,x20,-1343	 x20:0xffffcecf  x5=0xffffc990
       55455000	      5446	80007f86	0130e933	or	x18,x1,x19	  x1:0x000000e0 x19:0x80035f3a x18=0x80035ffa
       55465000	      5447	80007f8a	00e9d783	lhu	x15,14(x19)	 x19:0x80035f3a x15=0x00000203 PA:0x80035f48 load:0x00000203
       55475000	      5448	80007f8e	00599723	sh	x5,14(x19)	 x19:0x80035f3a  x5:0xffffc990 PA:0x80035f48 store:0xffffc990 load:0x00000000
       55485000	      5449	80007f92	00f98723	sb	x15,14(x19)	 x19:0x80035f3a x15:0x00000203 PA:0x80035f48 store:0x00000203 load:0x00000000
       55495000	      5450	80007f96	fff98083	lb	x1,-1(x19)	 x19:0x80035f3a  x1=0xfffffff2 PA:0x80035f39 load:0xfffffff2
       55505000	      5451	80007f9a	fff98383	lb	x7,-1(x19)	 x19:0x80035f3a  x7=0xfffffff2 PA:0x80035f39 load:0xfffffff2
       55515000	      5452	80007f9e	8c21	c.xor	x8,x8	  x8:0x000001ff  x8:0x000001ff  x8=0x00000000
       55525000	      5453	80007fa0	00499a83	lh	x21,4(x19)	 x19:0x80035f3a x21=0xfffff4f5 PA:0x80035f3e load:0xfffff4f5
       55535000	      5454	80007fa4	0049c003	lbu	x0,4(x19)	 x19:0x80035f3a  x0=0x00000000 PA:0x80035f3e load:0x000000f5
       55545000	      5455	80007fa8	00998783	lb	x15,9(x19)	 x19:0x80035f3a x15=0xfffffff8 PA:0x80035f43 load:0xfffffff8
       55555000	      5456	80007fac	01c99023	sh	x28,0(x19)	 x19:0x80035f3a x28:0x00000000 PA:0x80035f3a store:0x00000000 load:0x00000000
       55565000	      5457	80007fb0	00099d83	lh	x27,0(x19)	 x19:0x80035f3a x27=0x00000000 PA:0x80035f3a load:0x00000000
       55605000	      5461	80007fb4	03751e33	mulh	x28,x10,x23	 x10:0x00000618 x23:0x00000085 x28=0x00000000
       55615000	      5462	80007fb8	ff59c383	lbu	x7,-11(x19)	 x19:0x80035f3a  x7=0x000000e4 PA:0x80035f2f load:0x000000e4
       55625000	      5463	80007fbc	0039c203	lbu	x4,3(x19)	 x19:0x80035f3a  x4=0x000000f6 PA:0x80035f3d load:0x000000f6
       55635000	      5464	80007fc0	0039c783	lbu	x15,3(x19)	 x19:0x80035f3a x15=0x000000f6 PA:0x80035f3d load:0x000000f6
       55645000	      5465	80007fc4	012981a3	sb	x18,3(x19)	 x19:0x80035f3a x18:0x80035ffa PA:0x80035f3d store:0x80035ffa load:0x00000000
       55655000	      5466	80007fc8	00d981a3	sb	x13,3(x19)	 x19:0x80035f3a x13:0x000001ff PA:0x80035f3d store:0x000001ff load:0x00000000
       55665000	      5467	80007fcc	0002ca97	auipc	x21,0x2c	 x21=0x80033fcc
       55675000	      5468	80007fd0	fe3a8a93	addi	x21,x21,-29	 x21:0x80033fcc x21=0x80033faf
       55685000	      5469	80007fd4	43f1	c.li	x7,28	  x7=0x0000001c
       55695000	      5470	80007fd6	065aaaa3	sw	x5,117(x21)	 x21:0x80033faf  x5:0xffffc990 PA:0x80034024 store:0xffffc990 load:0x00000000
       55705000	      5471	80007fda	002a8da3	sb	x2,27(x21)	 x21:0x80033faf  x2:0xf5e39895 PA:0x80033fca store:0xf5e39895 load:0x00000000
       55715000	      5472	80007fde	049aa983	lw	x19,73(x21)	 x21:0x80033faf x19=0xb0b1b2b3 PA:0x80033ff8 load:0xb0b1b2b3
       55755000	      5476	80007fe2	028cbf33	mulhu	x30,x25,x8	 x25:0xffffffe0  x8:0x00000000 x30=0x00000000
       55765000	      5477	80007fe6	085a8183	lb	x3,133(x21)	 x21:0x80033faf  x3=0xffffffff PA:0x80034034 load:0xffffffff
       55775000	      5478	80007fea	01a69cb3	sll	x25,x13,x26	 x13:0x000001ff x26:0xfffffff0 x25=0x01ff0000
       55785000	      5479	80007fee	5c7d2213	slti	x4,x26,1479	 x26:0xfffffff0  x4=0x00000001
       55795000	      5480	80007ff2	8cf9	c.and	x9,x14	  x9:0x8379517f x14:0x8004cce4  x9=0x80004064
       55805000	      5481	80007ff4	0ff0000f	fence	iorw,iorw	
       55815000	      5482	80007ff8	f87ac083	lbu	x1,-121(x21)	 x21:0x80033faf  x1=0x000000ed PA:0x80033f36 load:0x000000ed
       55855000	      5486	80007ffc	03a4bd33	mulhu	x26,x9,x26	  x9:0x80004064 x26:0xfffffff0 x26=0x8000405b
       55865000	      5487	80008000	055a8503	lb	x10,85(x21)	 x21:0x80033faf x10=0xffffffbf PA:0x80034004 load:0xffffffbf
       55875000	      5488	80008004	0ff0000f	fence	iorw,iorw	
       55885000	      5489	80008008	6c2d	c.lui	x24,0xb	 x24=0x0000b000
       55895000	      5490	8000800a	00aa8483	lb	x9,10(x21)	 x21:0x80033faf  x9=0x00000072 PA:0x80033fb9 load:0x00000072
       55905000	      5491	8000800e	39984993	xori	x19,x16,921	 x16:0x000000a2 x19=0x0000033b
       55915000	      5492	80008012	6915	c.lui	x18,0x5	 x18=0x00005000
       55925000	      5493	80008014	8c65	c.and	x8,x9	  x8:0x00000000  x9:0x00000072  x8=0x00000000
       55935000	      5494	80008016	84c2	c.mv	x9,x16	  x0:0x00000000 x16:0x000000a2  x9=0x000000a2
       56305000	      5531	80008018	0307e033	rem	x0,x15,x16	 x15:0x000000f6 x16:0x000000a2  x0=0x00000000
       56315000	      5532	8000801c	feaaa2a3	sw	x10,-27(x21)	 x21:0x80033faf x10:0xffffffbf PA:0x80033f94 store:0xffffffbf load:0x00000000
       56325000	      5533	80008020	050a82a3	sb	x16,69(x21)	 x21:0x80033faf x16:0x000000a2 PA:0x80033ff4 store:0x000000a2 load:0x00000000
       56335000	      5534	80008024	f26a8203	lb	x4,-218(x21)	 x21:0x80033faf  x4=0xffffff8e PA:0x80033ed5 load:0xffffff8e
       56345000	      5535	80008028	01715433	srl	x8,x2,x23	  x2:0xf5e39895 x23:0x00000085  x8=0x07af1cc4
       56355000	      5536	8000802c	84e9	c.srai	x9,0x1a	  x9:0x000000a2  x9=0x00000000
       56365000	      5537	8000802e	012dabb3	slt	x23,x27,x18	 x27:0x00000000 x18:0x00005000 x23=0x00000001
       56375000	      5538	80008032	f2aa8c83	lb	x25,-214(x21)	 x21:0x80033faf x25=0xffffff92 PA:0x80033ed9 load:0xffffff92
       56385000	      5539	80008036	fbaac183	lbu	x3,-70(x21)	 x21:0x80033faf  x3=0x00000022 PA:0x80033f69 load:0x00000022
       56395000	      5540	8000803a	f5baa8a3	sw	x27,-175(x21)	 x21:0x80033faf x27:0x00000000 PA:0x80033f00 store:0x00000000 load:0x00000000
       56405000	      5541	8000803e	51baab93	slti	x23,x21,1307	 x21:0x80033faf x23=0x00000001
       56415000	      5542	80008042	407487b3	sub	x15,x9,x7	  x9:0x00000000  x7:0x0000001c x15=0xffffffe4
       56425000	      5543	80008046	016ac303	lbu	x6,22(x21)	 x21:0x80033faf  x6=0x0000007e PA:0x80033fc5 load:0x0000007e
       56435000	      5544	8000804a	0002f197	auipc	x3,0x2f	  x3=0x8003704a
       56445000	      5545	8000804e	80c18193	addi	x3,x3,-2036	  x3:0x8003704a  x3=0x80036856
       56455000	      5546	80008052	03e1ae03	lw	x28,62(x3)	  x3:0x80036856 x28=0x4c4d4e4f PA:0x80036894 load:0x4c4d4e4f
       56465000	      5547	80008056	40585533	sra	x10,x16,x5	 x16:0x000000a2  x5:0xffffc990 x10=0x00000000
       56475000	      5548	8000805a	0041cc03	lbu	x24,4(x3)	  x3:0x80036856 x24=0x00000011 PA:0x8003685a load:0x00000011
       56485000	      5549	8000805e	c456cf93	xori	x31,x13,-955	 x13:0x000001ff x31=0xfffffdba
       56495000	      5550	80008062	00cf7533	and	x10,x30,x12	 x30:0x00000000 x12:0x80048e38 x10=0x00000000
       56505000	      5551	80008066	0d91c483	lbu	x9,217(x3)	  x3:0x80036856  x9=0x000000e4 PA:0x8003692f load:0x000000e4
       56515000	      5552	8000806a	f881d683	lhu	x13,-120(x3)	  x3:0x80036856 x13=0x00009495 PA:0x800367de load:0x00009495
       56555000	      5556	8000806e	03e2bfb3	mulhu	x31,x5,x30	  x5:0xffffc990 x30:0x00000000 x31=0x00000000
       56925000	      5593	80008072	02fc7533	remu	x10,x24,x15	 x24:0x00000011 x15:0xffffffe4 x10=0x00000011
       56935000	      5594	80008076	06418623	sb	x4,108(x3)	  x3:0x80036856  x4:0xffffff8e PA:0x800368c2 store:0xffffff8e load:0x00000000
       56945000	      5595	8000807a	f0c1d903	lhu	x18,-244(x3)	  x3:0x80036856 x18=0x00001819 PA:0x80036762 load:0x00001819
       56955000	      5596	8000807e	8c51	c.or	x8,x12	  x8:0x07af1cc4 x12:0x80048e38  x8=0x87af9efc
       56965000	      5597	80008080	00311033	sll	x0,x2,x3	  x2:0xf5e39895  x3:0x80036856  x0=0x00000000
       56975000	      5598	80008084	09c182a3	sb	x28,133(x3)	  x3:0x80036856 x28:0x4c4d4e4f PA:0x800368db store:0x4c4d4e4f load:0x00000000
       56985000	      5599	80008088	0a71ca83	lbu	x21,167(x3)	  x3:0x80036856 x21=0x000000b6 PA:0x800368fd load:0x000000b6
       56995000	      5600	8000808c	0551cf03	lbu	x30,85(x3)	  x3:0x80036856 x30=0x00000060 PA:0x800368ab load:0x00000060
       57005000	      5601	80008090	8cad	c.xor	x9,x11	  x9:0x000000e4 x11:0xfc82621b  x9=0xfc8262ff
       57015000	      5602	80008092	4047d8b3	sra	x17,x15,x4	 x15:0xffffffe4  x4:0xffffff8e x17=0xffffffff
       57025000	      5603	80008096	fcf18803	lb	x16,-49(x3)	  x3:0x80036856 x16=0xffffffde PA:0x80036825 load:0xffffffde
       57035000	      5604	8000809a	8561	c.srai	x10,0x18	 x10:0x00000011 x10=0x00000000
       57045000	      5605	8000809c	fdf18403	lb	x8,-33(x3)	  x3:0x80036856  x8=0xffffffee PA:0x80036835 load:0xffffffee
       57055000	      5606	800080a0	f6819403	lh	x8,-152(x3)	  x3:0x80036856  x8=0x00007475 PA:0x800367be load:0x00007475
       57065000	      5607	800080a4	f971cc83	lbu	x25,-105(x3)	  x3:0x80036856 x25=0x000000a6 PA:0x800367ed load:0x000000a6
       57075000	      5608	800080a8	8cc5	c.or	x9,x9	  x9:0xfc8262ff  x9:0xfc8262ff  x9=0xfc8262ff
       57085000	      5609	800080aa	00c94533	xor	x10,x18,x12	 x18:0x00001819 x12:0x80048e38 x10=0x80049621
       57095000	      5610	800080ae	05b1	c.addi	x11,12	 x11:0xfc82621b x11=0xfc826227
       57465000	      5647	800080b0	02cc4333	div	x6,x24,x12	 x24:0x00000011 x12:0x80048e38  x6=0x00000000
       57475000	      5648	800080b4	1bfd	c.addi	x23,-1	 x23:0x00000001 x23=0x00000000
       57485000	      5649	800080b6	0001	c.addi	x0,0	  x0:0x00000000  x0=0x00000000
       57495000	      5650	800080b8	fca18583	lb	x11,-54(x3)	  x3:0x80036856 x11=0xffffffdb PA:0x80036820 load:0xffffffdb
       57505000	      5651	800080bc	6cfb2413	slti	x8,x22,1743	 x22:0x000000b4  x8=0x00000001
       57515000	      5652	800080c0	f7c18403	lb	x8,-132(x3)	  x3:0x80036856  x8=0xffffff89 PA:0x800367d2 load:0xffffff89
       57525000	      5653	800080c4	0002d517	auipc	x10,0x2d	 x10=0x800350c4
       57535000	      5654	800080c8	85c50513	addi	x10,x10,-1956	 x10:0x800350c4 x10=0x80034920
       57545000	      5655	800080cc	0002cf97	auipc	x31,0x2c	 x31=0x800340cc
       57555000	      5656	800080d0	a3af8f93	addi	x31,x31,-1478	 x31:0x800340cc x31=0x80033b06
       57565000	      5657	800080d4	257fcc03	lbu	x24,599(x31)	 x31:0x80033b06 x24=0x00000016 PA:0x80033d5d load:0x00000016
       57575000	      5658	800080d8	d05f8fa3	sb	x5,-737(x31)	 x31:0x80033b06  x5:0xffffc990 PA:0x80033825 store:0xffffc990 load:0x00000000
       57585000	      5659	800080dc	00c51783	lh	x15,12(x10)	 x10:0x80034920 x15=0xffffe6e7 PA:0x8003492c load:0xffffe6e7
       57595000	      5660	800080e0	ea7f8e23	sb	x7,-324(x31)	 x31:0x80033b06  x7:0x0000001c PA:0x800339c2 store:0x0000001c load:0x00000000
       57605000	      5661	800080e4	b09fc003	lbu	x0,-1271(x31)	 x31:0x80033b06  x0=0x00000000 PA:0x8003360f load:0x000000c4
       57615000	      5662	800080e8	ffe51003	lh	x0,-2(x10)	 x10:0x80034920  x0=0x00000000 PA:0x8003491e load:0xffffd4d5
       57625000	      5663	800080ec	b81f8683	lb	x13,-1151(x31)	 x31:0x80033b06 x13=0x0000003c PA:0x80033687 load:0x0000003c
       57635000	      5664	800080f0	b6af9a83	lh	x21,-1174(x31)	 x31:0x80033b06 x21=0x00002a2b PA:0x80033670 load:0x00002a2b
       57645000	      5665	800080f4	ff750303	lb	x6,-9(x10)	 x10:0x80034920  x6=0xffffffcc PA:0x80034917 load:0xffffffcc
       57655000	      5666	800080f8	e54f8fa3	sb	x20,-417(x31)	 x31:0x80033b06 x20:0xffffcecf PA:0x80033965 store:0xffffcecf load:0x00000000
       57665000	      5667	800080fc	01651823	sh	x22,16(x10)	 x10:0x80034920 x22:0x000000b4 PA:0x80034930 store:0x000000b4 load:0x00000000
       57675000	      5668	80008100	ff550aa3	sb	x21,-11(x10)	 x10:0x80034920 x21:0x00002a2b PA:0x80034915 store:0x00002a2b load:0x00000000
       57685000	      5669	80008104	9ebfc983	lbu	x19,-1557(x31)	 x31:0x80033b06 x19=0x000000aa PA:0x800334f1 load:0x000000aa
       57695000	      5670	80008108	ffe54783	lbu	x15,-2(x10)	 x10:0x80034920 x15=0x000000d5 PA:0x8003491e load:0x000000d5
       57705000	      5671	8000810c	0002bd97	auipc	x27,0x2b	 x27=0x8003310c
       57715000	      5672	80008110	119d8d93	addi	x27,x27,281	 x27:0x8003310c x27=0x80033225
       57725000	      5673	80008114	fe5dcc83	lbu	x25,-27(x27)	 x27:0x80033225 x25=0x000000c1 PA:0x8003320a load:0x000000c1
       57735000	      5674	80008118	8d3d	c.xor	x10,x15	 x10:0x80034920 x15:0x000000d5 x10=0x800349f5
       57745000	      5675	8000811a	fc1d8da3	sb	x1,-37(x27)	 x27:0x80033225  x1:0x000000ed PA:0x80033200 store:0x000000ed load:0x00000000
       57755000	      5676	8000811e	8561	c.srai	x10,0x18	 x10:0x800349f5 x10=0xffffff80
       57765000	      5677	80008120	fdbdc203	lbu	x4,-37(x27)	 x27:0x80033225  x4=0x000000ed PA:0x80033200 load:0x000000ed
       57775000	      5678	80008124	fdbdcb03	lbu	x22,-37(x27)	 x27:0x80033225 x22=0x000000ed PA:0x80033200 load:0x000000ed
       57785000	      5679	80008128	007d93a3	sh	x7,7(x27)	 x27:0x80033225  x7:0x0000001c PA:0x8003322c store:0x0000001c load:0x00000000
       57795000	      5680	8000812c	024d8e03	lb	x28,36(x27)	 x27:0x80033225 x28=0x00000002 PA:0x80033249 load:0x00000002
       57805000	      5681	80008130	027d8823	sb	x7,48(x27)	 x27:0x80033225  x7:0x0000001c PA:0x80033255 store:0x0000001c load:0x00000000
       57815000	      5682	80008134	030d8203	lb	x4,48(x27)	 x27:0x80033225  x4=0x0000001c PA:0x80033255 load:0x0000001c
       57825000	      5683	80008138	feadc303	lbu	x6,-22(x27)	 x27:0x80033225  x6=0x000000c4 PA:0x8003320f load:0x000000c4
       57835000	      5684	8000813c	ff7d9c83	lh	x25,-9(x27)	 x27:0x80033225 x25=0xffffd6d7 PA:0x8003321c load:0xffffd6d7
       58205000	      5721	80008140	03ab6bb3	rem	x23,x22,x26	 x22:0x000000ed x26:0x8000405b x23=0x000000ed
       58215000	      5722	80008144	fecdc683	lbu	x13,-20(x27)	 x27:0x80033225 x13=0x000000ca PA:0x80033211 load:0x000000ca
       58225000	      5723	80008148	004dcd03	lbu	x26,4(x27)	 x27:0x80033225 x26=0x000000e2 PA:0x80033229 load:0x000000e2
       58235000	      5724	8000814c	024d82a3	sb	x4,37(x27)	 x27:0x80033225  x4:0x0000001c PA:0x8003324a store:0x0000001c load:0x00000000
       58245000	      5725	80008150	025ddb83	lhu	x23,37(x27)	 x27:0x80033225 x23=0x0000001c PA:0x8003324a load:0x0000001c
       58255000	      5726	80008154	025dc383	lbu	x7,37(x27)	 x27:0x80033225  x7=0x0000001c PA:0x8003324a load:0x0000001c
       58265000	      5727	80008158	03ad8ba3	sb	x26,55(x27)	 x27:0x80033225 x26:0x000000e2 PA:0x8003325c store:0x000000e2 load:0x00000000
       58275000	      5728	8000815c	0002b997	auipc	x19,0x2b	 x19=0x8003315c
       58285000	      5729	80008160	07d98993	addi	x19,x19,125	 x19:0x8003315c x19=0x800331d9
       58295000	      5730	80008164	0ff0000f	fence	iorw,iorw	
       58305000	      5731	80008168	1549c803	lbu	x16,340(x19)	 x19:0x800331d9 x16=0x000000e6 PA:0x8003332d load:0x000000e6
       58315000	      5732	8000816c	8f91	c.sub	x15,x12	 x15:0x000000d5 x12:0x80048e38 x15=0x7ffb729d
       58325000	      5733	8000816e	18c98da3	sb	x12,411(x19)	 x19:0x800331d9 x12:0x80048e38 PA:0x80033374 store:0x80048e38 load:0x00000000
       58335000	      5734	80008172	400cd3b3	sra	x7,x25,x0	 x25:0xffffd6d7  x0:0x00000000  x7=0xffffd6d7
       58345000	      5735	80008176	8c81	c.sub	x9,x8	  x9:0xfc8262ff  x8:0xffffff89  x9=0xfc826376
       58355000	      5736	80008178	9bfd	c.andi	x15,-1	 x15:0x7ffb729d x15=0x7ffb729d
       58365000	      5737	8000817a	2759c503	lbu	x10,629(x19)	 x19:0x800331d9 x10=0x00000005 PA:0x8003344e load:0x00000005
       58375000	      5738	8000817e	75598a83	lb	x21,1877(x19)	 x19:0x800331d9 x21=0xfffffff4 PA:0x8003392e load:0xfffffff4
       58385000	      5739	80008182	31598683	lb	x13,789(x19)	 x19:0x800331d9 x13=0xffffffa5 PA:0x800334ee load:0xffffffa5
       58395000	      5740	80008186	1cc98023	sb	x12,448(x19)	 x19:0x800331d9 x12:0x80048e38 PA:0x80033399 store:0x80048e38 load:0x00000000
       58425000	      5743	8000818a	028904b3	mul	x9,x18,x8	 x18:0x00001819  x8:0xffffff89  x9=0xfff4cc61
       58435000	      5744	8000818e	6f5981a3	sb	x21,1763(x19)	 x19:0x800331d9 x21:0xfffffff4 PA:0x800338bc store:0xfffffff4 load:0x00000000
       58445000	      5745	80008192	f5f9ae83	lw	x29,-161(x19)	 x19:0x800331d9 x29=0xf0f1f2f3 PA:0x80033138 load:0xf0f1f2f3
       58455000	      5746	80008196	06f99803	lh	x16,111(x19)	 x19:0x800331d9 x16=0x00000203 PA:0x80033248 load:0x00000203
       58465000	      5747	8000819a	74a5fe93	andi	x29,x11,1866	 x11:0xffffffdb x29=0x0000074a
       58475000	      5748	8000819e	66b98f03	lb	x30,1643(x19)	 x19:0x800331d9 x30=0xffffffff PA:0x80033844 load:0xffffffff
       58485000	      5749	800081a2	0a89ce83	lbu	x29,168(x19)	 x19:0x800331d9 x29=0x0000003a PA:0x80033281 load:0x0000003a
       58495000	      5750	800081a6	1bc98b83	lb	x23,444(x19)	 x19:0x800331d9 x23=0x0000004e PA:0x80033395 load:0x0000004e
       58505000	      5751	800081aa	537d	c.li	x6,-1	  x6=0xffffffff
       58515000	      5752	800081ac	415a0933	sub	x18,x20,x21	 x20:0xffffcecf x21:0xfffffff4 x18=0xffffcedb
       58885000	      5789	800081b0	03a250b3	divu	x1,x4,x26	  x4:0x0000001c x26:0x000000e2  x1=0x00000000
       58895000	      5790	800081b4	0ff0000f	fence	iorw,iorw	
       58905000	      5791	800081b8	65a9c383	lbu	x7,1626(x19)	 x19:0x800331d9  x7=0x000000e8 PA:0x80033833 load:0x000000e8
       58915000	      5792	800081bc	223e0c93	addi	x25,x28,547	 x28:0x00000002 x25=0x00000225
       58925000	      5793	800081c0	72898283	lb	x5,1832(x19)	 x19:0x800331d9  x5=0xffffffba PA:0x80033901 load:0xffffffba
       58935000	      5794	800081c4	01907eb3	and	x29,x0,x25	  x0:0x00000000 x25:0x00000225 x29=0x00000000
       58945000	      5795	800081c8	e4ac4893	xori	x17,x24,-438	 x24:0x00000016 x17=0xfffffe5c
       58955000	      5796	800081cc	42098323	sb	x0,1062(x19)	 x19:0x800331d9  x0:0x00000000 PA:0x800335ff store:0x00000000 load:0x00000000
       58965000	      5797	800081d0	e7998003	lb	x0,-391(x19)	 x19:0x800331d9  x0=0x00000000 PA:0x80033052 load:0x00000009
       58975000	      5798	800081d4	0af9d403	lhu	x8,175(x19)	 x19:0x800331d9  x8=0x00004243 PA:0x80033288 load:0x00004243
       58985000	      5799	800081d8	2949cf03	lbu	x30,660(x19)	 x19:0x800331d9 x30=0x00000026 PA:0x8003346d load:0x00000026
       59355000	      5836	800081dc	02a87eb3	remu	x29,x16,x10	 x16:0x00000203 x10:0x00000005 x29=0x00000000
       59365000	      5837	800081e0	2df98723	sb	x31,718(x19)	 x19:0x800331d9 x31:0x80033b06 PA:0x800334a7 store:0x80033b06 load:0x00000000
       59375000	      5838	800081e4	03998b03	lb	x22,57(x19)	 x19:0x800331d9 x22=0xffffffc9 PA:0x80033212 load:0xffffffc9
       59415000	      5842	800081e8	02393d33	mulhu	x26,x18,x3	 x18:0xffffcedb  x3:0x80036856 x26=0x80034fc2
       59425000	      5843	800081ec	8f2e	c.mv	x30,x11	  x0:0x00000000 x11:0xffffffdb x30=0xffffffdb
       59435000	      5844	800081ee	c561cc93	xori	x25,x3,-938	  x3:0x80036856 x25=0x7ffc9400
       59445000	      5845	800081f2	0bd9	c.addi	x23,22	 x23:0x0000004e x23=0x00000064
       59455000	      5846	800081f4	187d	c.addi	x16,-1	 x16:0x00000203 x16=0x00000202
       59465000	      5847	800081f6	270ba093	slti	x1,x23,624	 x23:0x00000064  x1=0x00000001
       59475000	      5848	800081fa	01df5513	srli	x10,x30,0x1d	 x30:0xffffffdb x10=0x00000007
       59485000	      5849	800081fe	4e498f83	lb	x31,1252(x19)	 x19:0x800331d9 x31=0x00000076 PA:0x800336bd load:0x00000076
       59495000	      5850	80008202	efd98e83	lb	x29,-259(x19)	 x19:0x800331d9 x29=0xffffff8d PA:0x800330d6 load:0xffffff8d
       59505000	      5851	80008206	fb09c583	lbu	x11,-80(x19)	 x19:0x800331d9 x11=0x00000042 PA:0x80033189 load:0x00000042
       59515000	      5852	8000820a	f3698aa3	sb	x22,-203(x19)	 x19:0x800331d9 x22:0xffffffc9 PA:0x8003310e store:0xffffffc9 load:0x00000000
       59525000	      5853	8000820e	4030d293	srai	x5,x1,0x3	  x1:0x00000001  x5=0x00000000
       59535000	      5854	80008212	5b299ea3	sh	x18,1469(x19)	 x19:0x800331d9 x18:0xffffcedb PA:0x80033796 store:0xffffcedb load:0x00000000
       59545000	      5855	80008216	7ef9d303	lhu	x6,2031(x19)	 x19:0x800331d9  x6=0x00008283 PA:0x800339c8 load:0x00008283
       59555000	      5856	8000821a	fc0992a3	sh	x0,-59(x19)	 x19:0x800331d9  x0:0x00000000 PA:0x8003319e store:0x00000000 load:0x00000000
       59565000	      5857	8000821e	0002bd17	auipc	x26,0x2b	 x26=0x8003321e
       59575000	      5858	80008222	e2ad0d13	addi	x26,x26,-470	 x26:0x8003321e x26=0x80033048
       59585000	      5859	80008226	3e9f59b7	lui	x19,0x3e9f5	 x19=0x3e9f5000
       59595000	      5860	8000822a	9d4e	c.add	x26,x19	 x26:0x80033048 x19:0x3e9f5000 x26=0xbea28048
       59605000	      5861	8000822c	040d0e23	sb	x0,92(x26)	 x26:0xbea28048  x0:0x00000000 PA:0xbea280a4 store:0x00000000 load:0x00000000
       59615000	      5862	80008230	461d0123	sb	x1,1122(x26)	 x26:0xbea28048  x1:0x00000001 PA:0xbea284aa store:0x00000001 load:0x00000000
       59625000	      5863	80008234	7a2d1423	sh	x2,1960(x26)	 x26:0xbea28048  x2:0xf5e39895 PA:0xbea287f0 store:0xf5e39895 load:0x00000000
       59635000	      5864	80008238	323d08a3	sb	x3,817(x26)	 x26:0xbea28048  x3:0x80036856 PA:0xbea28379 store:0x80036856 load:0x00000000
       59645000	      5865	8000823c	2c4d1d23	sh	x4,730(x26)	 x26:0xbea28048  x4:0x0000001c PA:0xbea28322 store:0x0000001c load:0x00000000
       59655000	      5866	80008240	f05d0da3	sb	x5,-229(x26)	 x26:0xbea28048  x5:0x00000000 PA:0xbea27f63 store:0x00000000 load:0x00000000
       59665000	      5867	80008244	f46d00a3	sb	x6,-191(x26)	 x26:0xbea28048  x6:0x00008283 PA:0xbea27f89 store:0x00008283 load:0x00000000
       59675000	      5868	80008248	0a7d09a3	sb	x7,179(x26)	 x26:0xbea28048  x7:0x000000e8 PA:0xbea280fb store:0x000000e8 load:0x00000000
       59685000	      5869	8000824c	05cd0d83	lb	x27,92(x26)	 x26:0xbea28048 x27=0x00000000 PA:0xbea280a4 load:0x00000000
       59695000	      5870	80008250	462d4803	lbu	x16,1122(x26)	 x26:0xbea28048 x16=0x00000001 PA:0xbea284aa load:0x00000001
       59705000	      5871	80008254	8d11	c.sub	x10,x12	 x10:0x00000007 x12:0x80048e38 x10=0x7ffb71cf
       59715000	      5872	80008256	7a8d5303	lhu	x6,1960(x26)	 x26:0xbea28048  x6=0x00009895 PA:0xbea287f0 load:0x00009895
       59725000	      5873	8000825a	331d4783	lbu	x15,817(x26)	 x26:0xbea28048 x15=0x00000056 PA:0xbea28379 load:0x00000056
       59735000	      5874	8000825e	2dad1683	lh	x13,730(x26)	 x26:0xbea28048 x13=0x0000001c PA:0xbea28322 load:0x0000001c
       59745000	      5875	80008262	006a1693	slli	x13,x20,0x6	 x20:0xffffcecf x13=0xfff3b3c0
       59755000	      5876	80008266	017834b3	sltu	x9,x16,x23	 x16:0x00000001 x23:0x00000064  x9=0x00000001
       60125000	      5913	8000826a	03466ab3	rem	x21,x12,x20	 x12:0x80048e38 x20:0xffffcecf x21=0xfffff422
       60135000	      5914	8000826e	0001	c.addi	x0,0	  x0:0x00000000  x0=0x00000000
       60145000	      5915	80008270	f1bd4e83	lbu	x29,-229(x26)	 x26:0xbea28048 x29=0x00000000 PA:0xbea27f63 load:0x00000000
       60155000	      5916	80008274	f41d4903	lbu	x18,-191(x26)	 x26:0xbea28048 x18=0x00000083 PA:0xbea27f89 load:0x00000083
       60165000	      5917	80008278	0b3d0083	lb	x1,179(x26)	 x26:0xbea28048  x1=0xffffffe8 PA:0xbea280fb load:0xffffffe8
       60175000	      5918	8000827c	0002c917	auipc	x18,0x2c	 x18=0x8003427c
       60185000	      5919	80008280	dcc90913	addi	x18,x18,-564	 x18:0x8003427c x18=0x80034048
       60195000	      5920	80008284	71aca9b7	lui	x19,0x71aca	 x19=0x71aca000
       60205000	      5921	80008288	994e	c.add	x18,x19	 x18:0x80034048 x19:0x71aca000 x18=0xf1afe048
       60215000	      5922	8000828a	c4191e23	sh	x1,-932(x18)	 x18:0xf1afe048  x1:0xffffffe8 PA:0xf1afdca4 store:0xffffffe8 load:0x00000000
       60225000	      5923	8000828e	72290da3	sb	x2,1851(x18)	 x18:0xf1afe048  x2:0xf5e39895 PA:0xf1afe783 store:0xf5e39895 load:0x00000000
       60235000	      5924	80008292	64490b23	sb	x4,1622(x18)	 x18:0xf1afe048  x4:0x0000001c PA:0xf1afe69e store:0x0000001c load:0x00000000
       60245000	      5925	80008296	59590923	sb	x21,1426(x18)	 x18:0xf1afe048 x21:0xfffff422 PA:0xf1afe5da store:0xfffff422 load:0x00000000
       60255000	      5926	8000829a	c8fb3a93	sltiu	x21,x22,-881	 x22:0xffffffc9 x21=0x00000000
       60265000	      5927	8000829e	c5c95203	lhu	x4,-932(x18)	 x18:0xf1afe048  x4=0x0000ffe8 PA:0xf1afdca4 load:0x0000ffe8
       60275000	      5928	800082a2	0001	c.addi	x0,0	  x0:0x00000000  x0=0x00000000
       60285000	      5929	800082a4	f955f293	andi	x5,x11,-107	 x11:0x00000042  x5=0x00000000
       60295000	      5930	800082a8	73b90a83	lb	x21,1851(x18)	 x18:0xf1afe048 x21=0xffffff95 PA:0xf1afe783 load:0xffffff95
       60305000	      5931	800082ac	9473f093	andi	x1,x7,-1721	  x7:0x000000e8  x1=0x00000040
       60315000	      5932	800082b0	ad2825b7	lui	x11,0xad282	 x11=0xad282000
       60355000	      5936	800082b4	028f2233	mulhsu	x4,x30,x8	 x30:0xffffffdb  x8:0x00004243  x4=0xffffffff
       60365000	      5937	800082b8	6e090923	sb	x0,1778(x18)	 x18:0xf1afe048  x0:0x00000000 PA:0xf1afe73a store:0x00000000 load:0x00000000
       60375000	      5938	800082bc	3cdaf193	andi	x3,x21,973	 x21:0xffffff95  x3=0x00000385
       60385000	      5939	800082c0	01a292b3	sll	x5,x5,x26	  x5:0x00000000 x26:0xbea28048  x5=0x00000000
       60395000	      5940	800082c4	65694183	lbu	x3,1622(x18)	 x18:0xf1afe048  x3=0x0000001c PA:0xf1afe69e load:0x0000001c
       60405000	      5941	800082c8	0002b517	auipc	x10,0x2b	 x10=0x800332c8
       60415000	      5942	800082cc	17b50513	addi	x10,x10,379	 x10:0x800332c8 x10=0x80033443
       60425000	      5943	800082d0	00039317	auipc	x6,0x39	  x6=0x800412d0
       60435000	      5944	800082d4	41530313	addi	x6,x6,1045	  x6:0x800412d0  x6=0x800416e5
       60445000	      5945	800082d8	0b850c23	sb	x24,184(x10)	 x10:0x80033443 x24:0x00000016 PA:0x800334fb store:0x00000016 load:0x00000000
       60455000	      5946	800082dc	73b55683	lhu	x13,1851(x10)	 x10:0x80033443 x13=0x00003435 PA:0x80033b7e load:0x00003435
       60465000	      5947	800082e0	ff531983	lh	x19,-11(x6)	  x6:0x800416e5 x19=0xffff9091 PA:0x800416da load:0xffff9091
       60475000	      5948	800082e4	001304a3	sb	x1,9(x6)	  x6:0x800416e5  x1:0x00000040 PA:0x800416ee store:0x00000040 load:0x00000000
       60485000	      5949	800082e8	21e50a23	sb	x30,532(x10)	 x10:0x80033443 x30:0xffffffdb PA:0x80033657 store:0xffffffdb load:0x00000000
       60495000	      5950	800082ec	00732383	lw	x7,7(x6)	  x6:0x800416e5  x7=0xa440a6a7 PA:0x800416ec load:0xa440a6a7
       60505000	      5951	800082f0	53e50983	lb	x19,1342(x10)	 x10:0x80033443 x19=0x0000003a PA:0x80033981 load:0x0000003a
       60515000	      5952	800082f4	fd6524a3	sw	x22,-55(x10)	 x10:0x80033443 x22:0xffffffc9 PA:0x8003340c store:0xffffffc9 load:0x00000000
       60525000	      5953	800082f8	ed650c83	lb	x25,-298(x10)	 x10:0x80033443 x25=0x00000010 PA:0x80033319 load:0x00000010
       60535000	      5954	800082fc	6c751aa3	sh	x7,1749(x10)	 x10:0x80033443  x7:0xa440a6a7 PA:0x80033b18 store:0xa440a6a7 load:0x00000000
       60545000	      5955	80008300	ffa30a83	lb	x21,-6(x6)	  x6:0x800416e5 x21=0xffffff94 PA:0x800416df load:0xffffff94
       60555000	      5956	80008304	62a54003	lbu	x0,1578(x10)	 x10:0x80033443  x0=0x00000000 PA:0x80033a6d load:0x00000026
       60565000	      5957	80008308	ff934083	lbu	x1,-7(x6)	  x6:0x800416e5  x1=0x00000095 PA:0x800416de load:0x00000095
       60575000	      5958	8000830c	0002c897	auipc	x17,0x2c	 x17=0x8003430c
       60585000	      5959	80008310	9cf88893	addi	x17,x17,-1585	 x17:0x8003430c x17=0x80033cdb
       60595000	      5960	80008314	0c388fa3	sb	x3,223(x17)	 x17:0x80033cdb  x3:0x0000001c PA:0x80033dba store:0x0000001c load:0x00000000
       60605000	      5961	80008318	0df89283	lh	x5,223(x17)	 x17:0x80033cdb  x5=0x0000701c PA:0x80033dba load:0x0000701c
       60615000	      5962	8000831c	f7988423	sb	x25,-152(x17)	 x17:0x80033cdb x25:0x00000010 PA:0x80033c43 store:0x00000010 load:0x00000000
       60625000	      5963	80008320	f7f88423	sb	x31,-152(x17)	 x17:0x80033cdb x31:0x00000076 PA:0x80033c43 store:0x00000076 load:0x00000000
       60635000	      5964	80008324	08388823	sb	x3,144(x17)	 x17:0x80033cdb  x3:0x0000001c PA:0x80033d6b store:0x0000001c load:0x00000000
       60645000	      5965	80008328	08388823	sb	x3,144(x17)	 x17:0x80033cdb  x3:0x0000001c PA:0x80033d6b store:0x0000001c load:0x00000000
       60655000	      5966	8000832c	8e81	c.sub	x13,x8	 x13:0x00003435  x8:0x00004243 x13=0xfffff1f2
       60695000	      5970	8000832e	029da9b3	mulhsu	x19,x27,x9	 x27:0x00000000  x9:0x00000001 x19=0x00000000
       60705000	      5971	80008332	0908c803	lbu	x16,144(x17)	 x17:0x80033cdb x16=0x0000001c PA:0x80033d6b load:0x0000001c
       60715000	      5972	80008336	0908c503	lbu	x10,144(x17)	 x17:0x80033cdb x10=0x0000001c PA:0x80033d6b load:0x0000001c
       60725000	      5973	8000833a	08988823	sb	x9,144(x17)	 x17:0x80033cdb  x9:0x00000001 PA:0x80033d6b store:0x00000001 load:0x00000000
       60735000	      5974	8000833e	0908c503	lbu	x10,144(x17)	 x17:0x80033cdb x10=0x00000001 PA:0x80033d6b load:0x00000001
       60745000	      5975	80008342	08c88823	sb	x12,144(x17)	 x17:0x80033cdb x12:0x80048e38 PA:0x80033d6b store:0x80048e38 load:0x00000000
       60755000	      5976	80008346	f7888f03	lb	x30,-136(x17)	 x17:0x80033cdb x30=0x00000008 PA:0x80033c53 load:0x00000008
       60765000	      5977	8000834a	8d55	c.or	x10,x13	 x10:0x00000001 x13:0xfffff1f2 x10=0xfffff1f3
       60775000	      5978	8000834c	fb888f23	sb	x24,-66(x17)	 x17:0x80033cdb x24:0x00000016 PA:0x80033c99 store:0x00000016 load:0x00000000
       60785000	      5979	80008350	03288223	sb	x18,36(x17)	 x17:0x80033cdb x18:0xf1afe048 PA:0x80033cff store:0xf1afe048 load:0x00000000
       60795000	      5980	80008354	00095e13	srli	x28,x18,0x0	 x18:0xf1afe048 x28=0xf1afe048
       60805000	      5981	80008358	009a2533	slt	x10,x20,x9	 x20:0xffffcecf  x9:0x00000001 x10=0x00000001
       60815000	      5982	8000835c	03388783	lb	x15,51(x17)	 x17:0x80033cdb x15=0xffffffc5 PA:0x80033d0e load:0xffffffc5
       60825000	      5983	80008360	1e9d50b7	lui	x1,0x1e9d5	  x1=0x1e9d5000
       60835000	      5984	80008364	00b1c4b3	xor	x9,x3,x11	  x3:0x0000001c x11:0xad282000  x9=0xad28201c
       60845000	      5985	80008368	035899a3	sh	x21,51(x17)	 x17:0x80033cdb x21:0xffffff94 PA:0x80033d0e store:0xffffff94 load:0x00000000
       60855000	      5986	8000836c	0ef88823	sb	x15,240(x17)	 x17:0x80033cdb x15:0xffffffc5 PA:0x80033dcb store:0xffffffc5 load:0x00000000
       60865000	      5987	80008370	0002c317	auipc	x6,0x2c	  x6=0x80034370
       60875000	      5988	80008374	bd030313	addi	x6,x6,-1072	  x6:0x80034370  x6=0x80033f40
       60885000	      5989	80008378	a1831423	sh	x24,-1528(x6)	  x6:0x80033f40 x24:0x00000016 PA:0x80033948 store:0x00000016 load:0x00000000
       60895000	      5990	8000837c	bd231d03	lh	x26,-1070(x6)	  x6:0x80033f40 x26=0xffffc8c9 PA:0x80033b12 load:0xffffc8c9
       60905000	      5991	80008380	e0630683	lb	x13,-506(x6)	  x6:0x80033f40 x13=0xfffffffd PA:0x80033d46 load:0xfffffffd
       60915000	      5992	80008384	8f330903	lb	x18,-1805(x6)	  x6:0x80033f40 x18=0xffffffe8 PA:0x80033833 load:0xffffffe8
       60925000	      5993	80008388	01c6c833	xor	x16,x13,x28	 x13:0xfffffffd x28:0xf1afe048 x16=0x0e501fb5
       60935000	      5994	8000838c	c0d34d83	lbu	x27,-1011(x6)	  x6:0x80033f40 x27=0x00000006 PA:0x80033b4d load:0x00000006
       60945000	      5995	80008390	c0d34403	lbu	x8,-1011(x6)	  x6:0x80033f40  x8=0x00000006 PA:0x80033b4d load:0x00000006
       60955000	      5996	80008394	c0d30d03	lb	x26,-1011(x6)	  x6:0x80033f40 x26=0x00000006 PA:0x80033b4d load:0x00000006
       60965000	      5997	80008398	a1e31783	lh	x15,-1506(x6)	  x6:0x80033f40 x15=0x00001415 PA:0x8003395e load:0x00001415
       60975000	      5998	8000839c	dae35803	lhu	x16,-594(x6)	  x6:0x80033f40 x16=0x0000a4a5 PA:0x80033cee load:0x0000a4a5
       60985000	      5999	800083a0	dae31a03	lh	x20,-594(x6)	  x6:0x80033f40 x20=0xffffa4a5 PA:0x80033cee load:0xffffa4a5
       60995000	      6000	800083a4	fa931723	sh	x9,-82(x6)	  x6:0x80033f40  x9:0xad28201c PA:0x80033eee store:0xad28201c load:0x00000000
       61005000	      6001	800083a8	fae31f03	lh	x30,-82(x6)	  x6:0x80033f40 x30=0x0000201c PA:0x80033eee load:0x0000201c
       61015000	      6002	800083ac	c4031183	lh	x3,-960(x6)	  x6:0x80033f40  x3=0x00003a3b PA:0x80033b80 load:0x00003a3b
       61025000	      6003	800083b0	f9534a83	lbu	x21,-107(x6)	  x6:0x80033f40 x21=0x0000008e PA:0x80033ed5 load:0x0000008e
       61035000	      6004	800083b4	9bfd	c.andi	x15,-1	 x15:0x00001415 x15=0x00001415
       61045000	      6005	800083b6	6ccd	c.lui	x25,0x13	 x25=0x00013000
       61055000	      6006	800083b8	a1e35183	lhu	x3,-1506(x6)	  x6:0x80033f40  x3=0x00001415 PA:0x8003395e load:0x00001415
       61065000	      6007	800083bc	a1e35c03	lhu	x24,-1506(x6)	  x6:0x80033f40 x24=0x00001415 PA:0x8003395e load:0x00001415
       61075000	      6008	800083c0	f5030923	sb	x16,-174(x6)	  x6:0x80033f40 x16:0x0000a4a5 PA:0x80033e92 store:0x0000a4a5 load:0x00000000
       61085000	      6009	800083c4	07c32683	lw	x13,124(x6)	  x6:0x80033f40 x13=0x74757677 PA:0x80033fbc load:0x74757677
       61095000	      6010	800083c8	c6a30483	lb	x9,-918(x6)	  x6:0x80033f40  x9=0x00000061 PA:0x80033baa load:0x00000061
       61105000	      6011	800083cc	bf534383	lbu	x7,-1035(x6)	  x6:0x80033f40  x7=0x000000ee PA:0x80033b35 load:0x000000ee
       61115000	      6012	800083d0	0002cc97	auipc	x25,0x2c	 x25=0x800343d0
       61125000	      6013	800083d4	86fc8c93	addi	x25,x25,-1937	 x25:0x800343d0 x25=0x80033c3f
       61135000	      6014	800083d8	8cbc80a3	sb	x11,-1855(x25)	 x25:0x80033c3f x11:0xad282000 PA:0x80033500 store:0xad282000 load:0x00000000
       61145000	      6015	800083dc	00038e17	auipc	x28,0x38	 x28=0x800403dc
       61155000	      6016	800083e0	ff4e0e13	addi	x28,x28,-12	 x28:0x800403dc x28=0x800403d0
       61165000	      6017	800083e4	ad6c8483	lb	x9,-1322(x25)	 x25:0x80033c3f  x9=0xffffffce PA:0x80033715 load:0xffffffce
       61175000	      6018	800083e8	fd3e4803	lbu	x16,-45(x28)	 x28:0x800403d0 x16=0x00000058 PA:0x800403a3 load:0x00000058
       61185000	      6019	800083ec	fd6e5f83	lhu	x31,-42(x28)	 x28:0x800403d0 x31=0x00005c5d PA:0x800403a6 load:0x00005c5d
       61195000	      6020	800083f0	077e0a03	lb	x20,119(x28)	 x28:0x800403d0 x20=0xfffffffc PA:0x80040447 load:0xfffffffc
       61205000	      6021	800083f4	0a5e4a83	lbu	x21,165(x28)	 x28:0x800403d0 x21=0x0000002e PA:0x80040475 load:0x0000002e
       61215000	      6022	800083f8	fffe4d83	lbu	x27,-1(x28)	 x28:0x800403d0 x27=0x00000084 PA:0x800403cf load:0x00000084
       61225000	      6023	800083fc	e68c9ba3	sh	x8,-393(x25)	 x25:0x80033c3f  x8:0x00000006 PA:0x80033ab6 store:0x00000006 load:0x00000000
       61235000	      6024	80008400	1eac8503	lb	x10,490(x25)	 x25:0x80033c3f x10=0x00000000 PA:0x80033e29 load:0x00000000
       61245000	      6025	80008404	a23cc203	lbu	x4,-1501(x25)	 x25:0x80033c3f  x4=0x00000019 PA:0x80033662 load:0x00000019
       61255000	      6026	80008408	d58c8ea3	sb	x24,-675(x25)	 x25:0x80033c3f x24:0x00001415 PA:0x8003399c store:0x00001415 load:0x00000000
       61265000	      6027	8000840c	f25c8fa3	sb	x5,-193(x25)	 x25:0x80033c3f  x5:0x0000701c PA:0x80033b7e store:0x0000701c load:0x00000000
       61275000	      6028	80008410	f87e4583	lbu	x11,-121(x28)	 x28:0x800403d0 x11=0x0000000c PA:0x80040357 load:0x0000000c
       61285000	      6029	80008414	f46e0683	lb	x13,-186(x28)	 x28:0x800403d0 x13=0xffffffcd PA:0x80040316 load:0xffffffcd
       61295000	      6030	80008418	b29c8c23	sb	x9,-1224(x25)	 x25:0x80033c3f  x9:0xffffffce PA:0x80033777 store:0xffffffce load:0x00000000
       61305000	      6031	8000841c	f9be4b83	lbu	x23,-101(x28)	 x28:0x800403d0 x23=0x00000020 PA:0x8004036b load:0x00000020
       61315000	      6032	80008420	00036b17	auipc	x22,0x36	 x22=0x8003e420
       61325000	      6033	80008424	465b0b13	addi	x22,x22,1125	 x22:0x8003e420 x22=0x8003e885
       61335000	      6034	80008428	fedb0983	lb	x19,-19(x22)	 x22:0x8003e885 x19=0x00000029 PA:0x8003e872 load:0x00000029
       61345000	      6035	8000842c	0002ba97	auipc	x21,0x2b	 x21=0x8003342c
       61355000	      6036	80008430	d71a8a93	addi	x21,x21,-655	 x21:0x8003342c x21=0x8003319d
       61365000	      6037	80008434	036b0983	lb	x19,54(x22)	 x22:0x8003e885 x19=0x00000070 PA:0x8003e8bb load:0x00000070
       61375000	      6038	80008438	027b1983	lh	x19,39(x22)	 x22:0x8003e885 x19=0x00006667 PA:0x8003e8ac load:0x00006667
       61385000	      6039	8000843c	fd7b5683	lhu	x13,-41(x22)	 x22:0x8003e885 x13=0x00001617 PA:0x8003e85c load:0x00001617
       61395000	      6040	80008440	001a8c03	lb	x24,1(x21)	 x21:0x8003319d x24=0x00000000 PA:0x8003319e load:0x00000000
       61405000	      6041	80008444	fe8b12a3	sh	x8,-27(x22)	 x22:0x8003e885  x8:0x00000006 PA:0x8003e86a store:0x00000006 load:0x00000000
       61415000	      6042	80008448	009a8f03	lb	x30,9(x21)	 x21:0x8003319d x30=0x0000005d PA:0x800331a6 load:0x0000005d
       61425000	      6043	8000844c	fe8b0e23	sb	x8,-4(x22)	 x22:0x8003e885  x8:0x00000006 PA:0x8003e881 store:0x00000006 load:0x00000000
       61435000	      6044	80008450	01da87a3	sb	x29,15(x21)	 x21:0x8003319d x29:0x00000000 PA:0x800331ac store:0x00000000 load:0x00000000
       61445000	      6045	80008454	febb1303	lh	x6,-21(x22)	 x22:0x8003e885  x6=0x00002a2b PA:0x8003e870 load:0x00002a2b
       61455000	      6046	80008458	ff8a8c03	lb	x24,-8(x21)	 x21:0x8003319d x24=0x0000004e PA:0x80033195 load:0x0000004e
       61465000	      6047	8000845c	fd1b1aa3	sh	x17,-43(x22)	 x22:0x8003e885 x17:0x80033cdb PA:0x8003e85a store:0x80033cdb load:0x00000000
       61475000	      6048	80008460	018b4f83	lbu	x31,24(x22)	 x22:0x8003e885 x31=0x00000056 PA:0x8003e89d load:0x00000056
       61485000	      6049	80008464	017a91a3	sh	x23,3(x21)	 x21:0x8003319d x23:0x00000020 PA:0x800331a0 store:0x00000020 load:0x00000000
       61495000	      6050	80008468	00030797	auipc	x15,0x30	 x15=0x80038468
       61505000	      6051	8000846c	aa578793	addi	x15,x15,-1371	 x15:0x80038468 x15=0x80037f0d
       61515000	      6052	80008470	ff878583	lb	x11,-8(x15)	 x15:0x80037f0d x11=0xffffffbe PA:0x80037f05 load:0xffffffbe
       61525000	      6053	80008474	fe378c23	sb	x3,-8(x15)	 x15:0x80037f0d  x3:0x00001415 PA:0x80037f05 store:0x00001415 load:0x00000000
       61535000	      6054	80008478	ff478c23	sb	x20,-8(x15)	 x15:0x80037f0d x20:0xfffffffc PA:0x80037f05 store:0xfffffffc load:0x00000000
       61545000	      6055	8000847c	ff478c23	sb	x20,-8(x15)	 x15:0x80037f0d x20:0xfffffffc PA:0x80037f05 store:0xfffffffc load:0x00000000
       61555000	      6056	80008480	ff878883	lb	x17,-8(x15)	 x15:0x80037f0d x17=0xfffffffc PA:0x80037f05 load:0xfffffffc
       61565000	      6057	80008484	feb78c23	sb	x11,-8(x15)	 x15:0x80037f0d x11:0xffffffbe PA:0x80037f05 store:0xffffffbe load:0x00000000
       61575000	      6058	80008488	ff87c203	lbu	x4,-8(x15)	 x15:0x80037f0d  x4=0x000000be PA:0x80037f05 load:0x000000be
       61585000	      6059	8000848c	fe678c23	sb	x6,-8(x15)	 x15:0x80037f0d  x6:0x00002a2b PA:0x80037f05 store:0x00002a2b load:0x00000000
       61595000	      6060	80008490	ff878503	lb	x10,-8(x15)	 x15:0x80037f0d x10=0x0000002b PA:0x80037f05 load:0x0000002b
       61605000	      6061	80008494	ff878883	lb	x17,-8(x15)	 x15:0x80037f0d x17=0x0000002b PA:0x80037f05 load:0x0000002b
       61615000	      6062	80008498	ff878883	lb	x17,-8(x15)	 x15:0x80037f0d x17=0x0000002b PA:0x80037f05 load:0x0000002b
       61625000	      6063	8000849c	ff878403	lb	x8,-8(x15)	 x15:0x80037f0d  x8=0x0000002b PA:0x80037f05 load:0x0000002b
       61995000	      6100	800084a0	03b1c833	div	x16,x3,x27	  x3:0x00001415 x27:0x00000084 x16=0x00000026
       62005000	      6101	800084a4	ff87c883	lbu	x17,-8(x15)	 x15:0x80037f0d x17=0x0000002b PA:0x80037f05 load:0x0000002b
       62015000	      6102	800084a8	ff878383	lb	x7,-8(x15)	 x15:0x80037f0d  x7=0x0000002b PA:0x80037f05 load:0x0000002b
       62025000	      6103	800084ac	ff878803	lb	x16,-8(x15)	 x15:0x80037f0d x16=0x0000002b PA:0x80037f05 load:0x0000002b
       62035000	      6104	800084b0	fc778f23	sb	x7,-34(x15)	 x15:0x80037f0d  x7:0x0000002b PA:0x80037eeb store:0x0000002b load:0x00000000
       62045000	      6105	800084b4	fc678f23	sb	x6,-34(x15)	 x15:0x80037f0d  x6:0x00002a2b PA:0x80037eeb store:0x00002a2b load:0x00000000
       62055000	      6106	800084b8	fde78e03	lb	x28,-34(x15)	 x15:0x80037f0d x28=0x0000002b PA:0x80037eeb load:0x0000002b
       62065000	      6107	800084bc	01626f33	or	x30,x4,x22	  x4:0x000000be x22:0x8003e885 x30=0x8003e8bf
       62075000	      6108	800084c0	00b7c833	xor	x16,x15,x11	 x15:0x80037f0d x11:0xffffffbe x16=0x7ffc80b3
       62085000	      6109	800084c4	fde78803	lb	x16,-34(x15)	 x15:0x80037f0d x16=0x0000002b PA:0x80037eeb load:0x0000002b
       62095000	      6110	800084c8	0002c297	auipc	x5,0x2c	  x5=0x800344c8
       62105000	      6111	800084cc	b8028293	addi	x5,x5,-1152	  x5:0x800344c8  x5=0x80034048
       62115000	      6112	800084d0	7aad99b7	lui	x19,0x7aad9	 x19=0x7aad9000
       62125000	      6113	800084d4	92ce	c.add	x5,x19	  x5:0x80034048 x19:0x7aad9000  x5=0xfab0d048
       62145000	      6115	800084d6	22028123	sb	x0,546(x5)	  x5:0xfab0d048  x0:0x00000000 PA:0xfab0d26a store:0x00000000 load:0x000000a1
       62185000	      6119	80002500	0800006f	jal	x0,80002580	  x0=0x00000000
       62205000	      6121	80002580	1771	c.addi	x14,-4	 x14:0x8004cce4 x14=0x8004cce0
       62215000	      6122	80002582	c310	c.sw	x12,0(x14)	 x14:0x8004cce0 x12:0x80048e38 PA:0x8004cce0 store:0x80048e38 load:0x00000000
       62225000	      6123	80002584	00070633	add	x12,x14,x0	 x14:0x8004cce0  x0:0x00000000 x12=0x8004cce0
       62235000	      6124	80002588	f8060613	addi	x12,x12,-128	 x12:0x8004cce0 x12=0x8004cc60
       62245000	      6125	8000258c	00162223	sw	x1,4(x12)	 x12:0x8004cc60  x1:0x1e9d5000 PA:0x8004cc64 store:0x1e9d5000 load:0x00000000
       62255000	      6126	80002590	00262423	sw	x2,8(x12)	 x12:0x8004cc60  x2:0xf5e39895 PA:0x8004cc68 store:0xf5e39895 load:0x00000000
       62265000	      6127	80002594	00362623	sw	x3,12(x12)	 x12:0x8004cc60  x3:0x00001415 PA:0x8004cc6c store:0x00001415 load:0x00000000
       62275000	      6128	80002598	00462823	sw	x4,16(x12)	 x12:0x8004cc60  x4:0x000000be PA:0x8004cc70 store:0x000000be load:0x00000000
       62285000	      6129	8000259c	00562a23	sw	x5,20(x12)	 x12:0x8004cc60  x5:0xfab0d048 PA:0x8004cc74 store:0xfab0d048 load:0x00000000
       62295000	      6130	800025a0	00662c23	sw	x6,24(x12)	 x12:0x8004cc60  x6:0x00002a2b PA:0x8004cc78 store:0x00002a2b load:0x00000000
       62305000	      6131	800025a4	00762e23	sw	x7,28(x12)	 x12:0x8004cc60  x7:0x0000002b PA:0x8004cc7c store:0x0000002b load:0x00000000
       62315000	      6132	800025a8	d200	c.sw	x8,32(x12)	 x12:0x8004cc60  x8:0x0000002b PA:0x8004cc80 store:0x0000002b load:0x00000000
       62325000	      6133	800025aa	d244	c.sw	x9,36(x12)	 x12:0x8004cc60  x9:0xffffffce PA:0x8004cc84 store:0xffffffce load:0x00000000
       62335000	      6134	800025ac	d608	c.sw	x10,40(x12)	 x12:0x8004cc60 x10:0x0000002b PA:0x8004cc88 store:0x0000002b load:0x00000000
       62345000	      6135	800025ae	d64c	c.sw	x11,44(x12)	 x12:0x8004cc60 x11:0xffffffbe PA:0x8004cc8c store:0xffffffbe load:0x00000000
       62355000	      6136	800025b0	da10	c.sw	x12,48(x12)	 x12:0x8004cc60 x12:0x8004cc60 PA:0x8004cc90 store:0x8004cc60 load:0x00000000
       62365000	      6137	800025b2	da54	c.sw	x13,52(x12)	 x12:0x8004cc60 x13:0x00001617 PA:0x8004cc94 store:0x00001617 load:0x00000000
       62375000	      6138	800025b4	de18	c.sw	x14,56(x12)	 x12:0x8004cc60 x14:0x8004cce0 PA:0x8004cc98 store:0x8004cce0 load:0x00000000
       62385000	      6139	800025b6	de5c	c.sw	x15,60(x12)	 x12:0x8004cc60 x15:0x80037f0d PA:0x8004cc9c store:0x80037f0d load:0x00000000
       62395000	      6140	800025b8	05062023	sw	x16,64(x12)	 x12:0x8004cc60 x16:0x0000002b PA:0x8004cca0 store:0x0000002b load:0x00000000
       62405000	      6141	800025bc	05162223	sw	x17,68(x12)	 x12:0x8004cc60 x17:0x0000002b PA:0x8004cca4 store:0x0000002b load:0x00000000
       62415000	      6142	800025c0	05262423	sw	x18,72(x12)	 x12:0x8004cc60 x18:0xffffffe8 PA:0x8004cca8 store:0xffffffe8 load:0x00000000
       62425000	      6143	800025c4	05362623	sw	x19,76(x12)	 x12:0x8004cc60 x19:0x7aad9000 PA:0x8004ccac store:0x7aad9000 load:0x00000000
       62435000	      6144	800025c8	05462823	sw	x20,80(x12)	 x12:0x8004cc60 x20:0xfffffffc PA:0x8004ccb0 store:0xfffffffc load:0x00000000
       62445000	      6145	800025cc	05562a23	sw	x21,84(x12)	 x12:0x8004cc60 x21:0x8003319d PA:0x8004ccb4 store:0x8003319d load:0x00000000
       62455000	      6146	800025d0	05662c23	sw	x22,88(x12)	 x12:0x8004cc60 x22:0x8003e885 PA:0x8004ccb8 store:0x8003e885 load:0x00000000
       62465000	      6147	800025d4	05762e23	sw	x23,92(x12)	 x12:0x8004cc60 x23:0x00000020 PA:0x8004ccbc store:0x00000020 load:0x00000000
       62475000	      6148	800025d8	07862023	sw	x24,96(x12)	 x12:0x8004cc60 x24:0x0000004e PA:0x8004ccc0 store:0x0000004e load:0x00000000
       62485000	      6149	800025dc	07962223	sw	x25,100(x12)	 x12:0x8004cc60 x25:0x80033c3f PA:0x8004ccc4 store:0x80033c3f load:0x00000000
       62495000	      6150	800025e0	07a62423	sw	x26,104(x12)	 x12:0x8004cc60 x26:0x00000006 PA:0x8004ccc8 store:0x00000006 load:0x00000000
       62505000	      6151	800025e4	07b62623	sw	x27,108(x12)	 x12:0x8004cc60 x27:0x00000084 PA:0x8004cccc store:0x00000084 load:0x00000000
       62515000	      6152	800025e8	07c62823	sw	x28,112(x12)	 x12:0x8004cc60 x28:0x0000002b PA:0x8004ccd0 store:0x0000002b load:0x00000000
       62525000	      6153	800025ec	07d62a23	sw	x29,116(x12)	 x12:0x8004cc60 x29:0x00000000 PA:0x8004ccd4 store:0x00000000 load:0x00000000
       62535000	      6154	800025f0	07e62c23	sw	x30,120(x12)	 x12:0x8004cc60 x30:0x8003e8bf PA:0x8004ccd8 store:0x8003e8bf load:0x00000000
       62545000	      6155	800025f4	07f62e23	sw	x31,124(x12)	 x12:0x8004cc60 x31:0x00000056 PA:0x8004ccdc store:0x00000056 load:0x00000000
       62555000	      6156	800025f8	00060733	add	x14,x12,x0	 x12:0x8004cc60  x0:0x00000000 x14=0x8004cc60
       62565000	      6157	800025fc	90000a37	lui	x20,0x90000	 x20=0x90000000
       62575000	      6158	80002600	1a71	c.addi	x20,-4	 x20:0x90000000 x20=0x8ffffffc
       62585000	      6159	80002602	4321	c.li	x6,8	  x6=0x00000008
       62595000	      6160	80002604	0322	c.slli	x6,0x8	  x6:0x00000008  x6=0x00000800
       62605000	      6161	80002606	00030313	addi	x6,x6,0	  x6:0x00000800  x6=0x00000800
       62615000	      6162	8000260a	006a2023	sw	x6,0(x20)	 x20:0x8ffffffc  x6:0x00000800 PA:0x8ffffffc store:0x00000800 load:0x00000000
       62625000	      6163	8000260e	34102373	csrrs	x6,mepc,x0	  x0:0x00000000  x6=0x800084d6
       62635000	      6164	80002612	34202373	csrrs	x6,mcause,x0	  x0:0x00000000  x6=0x00000007
       62645000	      6165	80002616	4a0d	c.li	x20,3	 x20=0x00000003
       62655000	      6166	80002618	01431463	bne	x6,x20,80002620	  x6:0x00000007 x20:0x00000003
       62675000	      6168	80002620	4a21	c.li	x20,8	 x20=0x00000008
       62685000	      6169	80002622	05430d63	beq	x6,x20,8000267c	  x6:0x00000007 x20:0x00000008
       62695000	      6170	80002626	4a25	c.li	x20,9	 x20=0x00000009
       62705000	      6171	80002628	05430a63	beq	x6,x20,8000267c	  x6:0x00000007 x20:0x00000009
       62715000	      6172	8000262c	4a2d	c.li	x20,11	 x20=0x0000000b
       62725000	      6173	8000262e	05430763	beq	x6,x20,8000267c	  x6:0x00000007 x20:0x0000000b
       62735000	      6174	80002632	4a05	c.li	x20,1	 x20=0x00000001
       62745000	      6175	80002634	35430363	beq	x6,x20,8000297a	  x6:0x00000007 x20:0x00000001
       62755000	      6176	80002638	4a15	c.li	x20,5	 x20=0x00000005
       62765000	      6177	8000263a	63430963	beq	x6,x20,80002c6c	  x6:0x00000007 x20:0x00000005
       62775000	      6178	8000263e	4a1d	c.li	x20,7	 x20=0x00000007
       62785000	      6179	80002640	15430ae3	beq	x6,x20,80002f94	  x6:0x00000007 x20:0x00000007
       62805000	      6181	80002f94	90000a37	lui	x20,0x90000	 x20=0x90000000
       62815000	      6182	80002f98	1a71	c.addi	x20,-4	 x20:0x90000000 x20=0x8ffffffc
       62825000	      6183	80002f9a	4331	c.li	x6,12	  x6=0x0000000c
       62835000	      6184	80002f9c	0322	c.slli	x6,0x8	  x6:0x0000000c  x6=0x00000c00
       62845000	      6185	80002f9e	00030313	addi	x6,x6,0	  x6:0x00000c00  x6=0x00000c00
       62855000	      6186	80002fa2	006a2023	sw	x6,0(x20)	 x20:0x8ffffffc  x6:0x00000c00 PA:0x8ffffffc store:0x00000c00 load:0x00000000
       62865000	      6187	80002fa6	90000a37	lui	x20,0x90000	 x20=0x90000000
       62875000	      6188	80002faa	1a71	c.addi	x20,-4	 x20:0x90000000 x20=0x8ffffffc
       62885000	      6189	80002fac	34200313	addi	x6,x0,834	  x0:0x00000000  x6=0x00000342
       62895000	      6190	80002fb0	0322	c.slli	x6,0x8	  x6:0x00000342  x6=0x00034200
       62905000	      6191	80002fb2	030d	c.addi	x6,3	  x6:0x00034200  x6=0x00034203
       62915000	      6192	80002fb4	006a2023	sw	x6,0(x20)	 x20:0x8ffffffc  x6:0x00034203 PA:0x8ffffffc store:0x00034203 load:0x00000000
       62925000	      6193	80002fb8	34202373	csrrs	x6,mcause,x0	  x0:0x00000000  x6=0x00000007
       62935000	      6194	80002fbc	006a2023	sw	x6,0(x20)	 x20:0x8ffffffc  x6:0x00000007 PA:0x8ffffffc store:0x00000007 load:0x00000000
       62945000	      6195	80002fc0	4301	c.li	x6,0	  x6=0x00000000
       62955000	      6196	80002fc2	809a	c.mv	x1,x6	  x0:0x00000000  x6:0x00000000  x1=0x00000000
       62965000	      6197	80002fc4	4881	c.li	x17,0	 x17=0x00000000
       62975000	      6198	80002fc6	8306	c.mv	x6,x1	  x0:0x00000000  x1:0x00000000  x6=0x00000000
       62985000	      6199	80002fc8	811a	c.mv	x2,x6	  x0:0x00000000  x6:0x00000000  x2=0x00000000
       62995000	      6200	80002fca	4101	c.li	x2,0	  x2=0x00000000
       63005000	      6201	80002fcc	04230f63	beq	x6,x2,8000302a	  x6:0x00000000  x2:0x00000000
       63035000	      6204	8000302a	3b002a73	csrrs	x20,pmpaddr0,x0	  x0:0x00000000 x20=0x20000ca9
       63045000	      6205	8000302e	3a0023f3	csrrs	x7,pmpcfg0,x0	  x0:0x00000000  x7=0x0f0f0f0f
       63055000	      6206	80003032	a861	c.j	800030ca	
       63075000	      6208	800030ca	4991	c.li	x19,4	 x19=0x00000004
       63085000	      6209	800030cc	01e09313	slli	x6,x1,0x1e	  x1:0x00000000  x6=0x00000000
       63095000	      6210	800030d0	01e35313	srli	x6,x6,0x1e	  x6:0x00000000  x6=0x00000000
       63105000	      6211	800030d4	40698133	sub	x2,x19,x6	 x19:0x00000004  x6:0x00000000  x2=0x00000004
       63115000	      6212	800030d8	117d	c.addi	x2,-1	  x2:0x00000004  x2=0x00000003
       63125000	      6213	800030da	010e	c.slli	x2,0x3	  x2:0x00000003  x2=0x00000018
       63135000	      6214	800030dc	002399b3	sll	x19,x7,x2	  x7:0x0f0f0f0f  x2:0x00000018 x19=0x0f000000
       63145000	      6215	800030e0	030e	c.slli	x6,0x3	  x6:0x00000000  x6=0x00000000
       63155000	      6216	800030e2	911a	c.add	x2,x6	  x2:0x00000018  x6:0x00000000  x2=0x00000018
       63165000	      6217	800030e4	0029d9b3	srl	x19,x19,x2	 x19:0x0f000000  x2:0x00000018 x19=0x0000000f
       63175000	      6218	800030e8	01b99113	slli	x2,x19,0x1b	 x19:0x0000000f  x2=0x78000000
       63185000	      6219	800030ec	01e15113	srli	x2,x2,0x1e	  x2:0x78000000  x2=0x00000001
       63195000	      6220	800030f0	04010563	beq	x2,x0,8000313a	  x2:0x00000001  x0:0x00000000
       63205000	      6221	800030f4	4305	c.li	x6,1	  x6=0x00000001
       63215000	      6222	800030f6	04610363	beq	x2,x6,8000313c	  x2:0x00000001  x6:0x00000001
       63235000	      6224	8000313c	8306	c.mv	x6,x1	  x0:0x00000000  x1:0x00000000  x6=0x00000000
       63245000	      6225	8000313e	34302173	csrrs	x2,mtval,x0	  x0:0x00000000  x2=0xfab0d26a
       63255000	      6226	80003142	00215113	srli	x2,x2,0x2	  x2:0xfab0d26a  x2=0x3eac349a
       63265000	      6227	80003146	00031563	bne	x6,x0,80003150	  x6:0x00000000  x0:0x00000000
       63275000	      6228	8000314a	fc0144e3	blt	x2,x0,80003112	  x2:0x3eac349a  x0:0x00000000
       63285000	      6229	8000314e	a019	c.j	80003154	
       63305000	      6231	80003154	fb417fe3	bgeu	x2,x20,80003112	  x2:0x3eac349a x20:0x20000ca9
       63325000	      6233	80003112	8306	c.mv	x6,x1	  x0:0x00000000  x1:0x00000000  x6=0x00000000
       63335000	      6234	80003114	88d2	c.mv	x17,x20	  x0:0x00000000 x20:0x20000ca9 x17=0x20000ca9
       63345000	      6235	80003116	0305	c.addi	x6,1	  x6:0x00000000  x6=0x00000001
       63355000	      6236	80003118	809a	c.mv	x1,x6	  x0:0x00000000  x6:0x00000001  x1=0x00000001
       63365000	      6237	8000311a	4a41	c.li	x20,16	 x20=0x00000010
       63375000	      6238	8000311c	01435363	bge	x6,x20,80003122	  x6:0x00000001 x20:0x00000010
       63385000	      6239	80003120	b55d	c.j	80002fc6	
       63405000	      6241	80002fc6	8306	c.mv	x6,x1	  x0:0x00000000  x1:0x00000001  x6=0x00000001
       63415000	      6242	80002fc8	811a	c.mv	x2,x6	  x0:0x00000000  x6:0x00000001  x2=0x00000001
       63425000	      6243	80002fca	4101	c.li	x2,0	  x2=0x00000000
       63435000	      6244	80002fcc	04230f63	beq	x6,x2,8000302a	  x6:0x00000001  x2:0x00000000
       63445000	      6245	80002fd0	4105	c.li	x2,1	  x2=0x00000001
       63455000	      6246	80002fd2	06230163	beq	x6,x2,80003034	  x6:0x00000001  x2:0x00000001
       63475000	      6248	80003034	3b102a73	csrrs	x20,pmpaddr1,x0	  x0:0x00000000 x20=0x244450ed
       63485000	      6249	80003038	3a0023f3	csrrs	x7,pmpcfg0,x0	  x0:0x00000000  x7=0x0f0f0f0f
       63495000	      6250	8000303c	a079	c.j	800030ca	
       63515000	      6252	800030ca	4991	c.li	x19,4	 x19=0x00000004
       63525000	      6253	800030cc	01e09313	slli	x6,x1,0x1e	  x1:0x00000001  x6=0x40000000
       63535000	      6254	800030d0	01e35313	srli	x6,x6,0x1e	  x6:0x40000000  x6=0x00000001
       63545000	      6255	800030d4	40698133	sub	x2,x19,x6	 x19:0x00000004  x6:0x00000001  x2=0x00000003
       63555000	      6256	800030d8	117d	c.addi	x2,-1	  x2:0x00000003  x2=0x00000002
       63565000	      6257	800030da	010e	c.slli	x2,0x3	  x2:0x00000002  x2=0x00000010
       63575000	      6258	800030dc	002399b3	sll	x19,x7,x2	  x7:0x0f0f0f0f  x2:0x00000010 x19=0x0f0f0000
       63585000	      6259	800030e0	030e	c.slli	x6,0x3	  x6:0x00000001  x6=0x00000008
       63595000	      6260	800030e2	911a	c.add	x2,x6	  x2:0x00000010  x6:0x00000008  x2=0x00000018
       63605000	      6261	800030e4	0029d9b3	srl	x19,x19,x2	 x19:0x0f0f0000  x2:0x00000018 x19=0x0000000f
       63615000	      6262	800030e8	01b99113	slli	x2,x19,0x1b	 x19:0x0000000f  x2=0x78000000
       63625000	      6263	800030ec	01e15113	srli	x2,x2,0x1e	  x2:0x78000000  x2=0x00000001
       63635000	      6264	800030f0	04010563	beq	x2,x0,8000313a	  x2:0x00000001  x0:0x00000000
       63645000	      6265	800030f4	4305	c.li	x6,1	  x6=0x00000001
       63655000	      6266	800030f6	04610363	beq	x2,x6,8000313c	  x2:0x00000001  x6:0x00000001
       63675000	      6268	8000313c	8306	c.mv	x6,x1	  x0:0x00000000  x1:0x00000001  x6=0x00000001
       63685000	      6269	8000313e	34302173	csrrs	x2,mtval,x0	  x0:0x00000000  x2=0xfab0d26a
       63695000	      6270	80003142	00215113	srli	x2,x2,0x2	  x2:0xfab0d26a  x2=0x3eac349a
       63705000	      6271	80003146	00031563	bne	x6,x0,80003150	  x6:0x00000001  x0:0x00000000
       63725000	      6273	80003150	fd1161e3	bltu	x2,x17,80003112	  x2:0x3eac349a x17:0x20000ca9
       63735000	      6274	80003154	fb417fe3	bgeu	x2,x20,80003112	  x2:0x3eac349a x20:0x244450ed
       63755000	      6276	80003112	8306	c.mv	x6,x1	  x0:0x00000000  x1:0x00000001  x6=0x00000001
       63765000	      6277	80003114	88d2	c.mv	x17,x20	  x0:0x00000000 x20:0x244450ed x17=0x244450ed
       63775000	      6278	80003116	0305	c.addi	x6,1	  x6:0x00000001  x6=0x00000002
       63785000	      6279	80003118	809a	c.mv	x1,x6	  x0:0x00000000  x6:0x00000002  x1=0x00000002
       63795000	      6280	8000311a	4a41	c.li	x20,16	 x20=0x00000010
       63805000	      6281	8000311c	01435363	bge	x6,x20,80003122	  x6:0x00000002 x20:0x00000010
       63815000	      6282	80003120	b55d	c.j	80002fc6	
       63835000	      6284	80002fc6	8306	c.mv	x6,x1	  x0:0x00000000  x1:0x00000002  x6=0x00000002
       63845000	      6285	80002fc8	811a	c.mv	x2,x6	  x0:0x00000000  x6:0x00000002  x2=0x00000002
       63855000	      6286	80002fca	4101	c.li	x2,0	  x2=0x00000000
       63865000	      6287	80002fcc	04230f63	beq	x6,x2,8000302a	  x6:0x00000002  x2:0x00000000
       63875000	      6288	80002fd0	4105	c.li	x2,1	  x2=0x00000001
       63885000	      6289	80002fd2	06230163	beq	x6,x2,80003034	  x6:0x00000002  x2:0x00000001
       63895000	      6290	80002fd6	4109	c.li	x2,2	  x2=0x00000002
       63905000	      6291	80002fd8	06230363	beq	x6,x2,8000303e	  x6:0x00000002  x2:0x00000002
       63935000	      6294	8000303e	3b202a73	csrrs	x20,pmpaddr2,x0	  x0:0x00000000 x20=0x28889531
       63945000	      6295	80003042	3a0023f3	csrrs	x7,pmpcfg0,x0	  x0:0x00000000  x7=0x0f0f0f0f
       63955000	      6296	80003046	a051	c.j	800030ca	
       63975000	      6298	800030ca	4991	c.li	x19,4	 x19=0x00000004
       63985000	      6299	800030cc	01e09313	slli	x6,x1,0x1e	  x1:0x00000002  x6=0x80000000
       63995000	      6300	800030d0	01e35313	srli	x6,x6,0x1e	  x6:0x80000000  x6=0x00000002
       64005000	      6301	800030d4	40698133	sub	x2,x19,x6	 x19:0x00000004  x6:0x00000002  x2=0x00000002
       64015000	      6302	800030d8	117d	c.addi	x2,-1	  x2:0x00000002  x2=0x00000001
       64025000	      6303	800030da	010e	c.slli	x2,0x3	  x2:0x00000001  x2=0x00000008
       64035000	      6304	800030dc	002399b3	sll	x19,x7,x2	  x7:0x0f0f0f0f  x2:0x00000008 x19=0x0f0f0f00
       64045000	      6305	800030e0	030e	c.slli	x6,0x3	  x6:0x00000002  x6=0x00000010
       64055000	      6306	800030e2	911a	c.add	x2,x6	  x2:0x00000008  x6:0x00000010  x2=0x00000018
       64065000	      6307	800030e4	0029d9b3	srl	x19,x19,x2	 x19:0x0f0f0f00  x2:0x00000018 x19=0x0000000f
       64075000	      6308	800030e8	01b99113	slli	x2,x19,0x1b	 x19:0x0000000f  x2=0x78000000
       64085000	      6309	800030ec	01e15113	srli	x2,x2,0x1e	  x2:0x78000000  x2=0x00000001
       64095000	      6310	800030f0	04010563	beq	x2,x0,8000313a	  x2:0x00000001  x0:0x00000000
       64105000	      6311	800030f4	4305	c.li	x6,1	  x6=0x00000001
       64115000	      6312	800030f6	04610363	beq	x2,x6,8000313c	  x2:0x00000001  x6:0x00000001
       64135000	      6314	8000313c	8306	c.mv	x6,x1	  x0:0x00000000  x1:0x00000002  x6=0x00000002
       64145000	      6315	8000313e	34302173	csrrs	x2,mtval,x0	  x0:0x00000000  x2=0xfab0d26a
       64155000	      6316	80003142	00215113	srli	x2,x2,0x2	  x2:0xfab0d26a  x2=0x3eac349a
       64165000	      6317	80003146	00031563	bne	x6,x0,80003150	  x6:0x00000002  x0:0x00000000
       64185000	      6319	80003150	fd1161e3	bltu	x2,x17,80003112	  x2:0x3eac349a x17:0x244450ed
       64195000	      6320	80003154	fb417fe3	bgeu	x2,x20,80003112	  x2:0x3eac349a x20:0x28889531
       64215000	      6322	80003112	8306	c.mv	x6,x1	  x0:0x00000000  x1:0x00000002  x6=0x00000002
       64225000	      6323	80003114	88d2	c.mv	x17,x20	  x0:0x00000000 x20:0x28889531 x17=0x28889531
       64235000	      6324	80003116	0305	c.addi	x6,1	  x6:0x00000002  x6=0x00000003
       64245000	      6325	80003118	809a	c.mv	x1,x6	  x0:0x00000000  x6:0x00000003  x1=0x00000003
       64255000	      6326	8000311a	4a41	c.li	x20,16	 x20=0x00000010
       64265000	      6327	8000311c	01435363	bge	x6,x20,80003122	  x6:0x00000003 x20:0x00000010
       64275000	      6328	80003120	b55d	c.j	80002fc6	
       64295000	      6330	80002fc6	8306	c.mv	x6,x1	  x0:0x00000000  x1:0x00000003  x6=0x00000003
       64305000	      6331	80002fc8	811a	c.mv	x2,x6	  x0:0x00000000  x6:0x00000003  x2=0x00000003
       64315000	      6332	80002fca	4101	c.li	x2,0	  x2=0x00000000
       64325000	      6333	80002fcc	04230f63	beq	x6,x2,8000302a	  x6:0x00000003  x2:0x00000000
       64335000	      6334	80002fd0	4105	c.li	x2,1	  x2=0x00000001
       64345000	      6335	80002fd2	06230163	beq	x6,x2,80003034	  x6:0x00000003  x2:0x00000001
       64355000	      6336	80002fd6	4109	c.li	x2,2	  x2=0x00000002
       64365000	      6337	80002fd8	06230363	beq	x6,x2,8000303e	  x6:0x00000003  x2:0x00000002
       64375000	      6338	80002fdc	410d	c.li	x2,3	  x2=0x00000003
       64385000	      6339	80002fde	06230563	beq	x6,x2,80003048	  x6:0x00000003  x2:0x00000003
       64405000	      6341	80003048	3b302a73	csrrs	x20,pmpaddr3,x0	  x0:0x00000000 x20=0x2cccd975
       64415000	      6342	8000304c	3a0023f3	csrrs	x7,pmpcfg0,x0	  x0:0x00000000  x7=0x0f0f0f0f
       64425000	      6343	80003050	a8ad	c.j	800030ca	
       64445000	      6345	800030ca	4991	c.li	x19,4	 x19=0x00000004
       64455000	      6346	800030cc	01e09313	slli	x6,x1,0x1e	  x1:0x00000003  x6=0xc0000000
       64465000	      6347	800030d0	01e35313	srli	x6,x6,0x1e	  x6:0xc0000000  x6=0x00000003
       64475000	      6348	800030d4	40698133	sub	x2,x19,x6	 x19:0x00000004  x6:0x00000003  x2=0x00000001
       64485000	      6349	800030d8	117d	c.addi	x2,-1	  x2:0x00000001  x2=0x00000000
       64495000	      6350	800030da	010e	c.slli	x2,0x3	  x2:0x00000000  x2=0x00000000
       64505000	      6351	800030dc	002399b3	sll	x19,x7,x2	  x7:0x0f0f0f0f  x2:0x00000000 x19=0x0f0f0f0f
       64515000	      6352	800030e0	030e	c.slli	x6,0x3	  x6:0x00000003  x6=0x00000018
       64525000	      6353	800030e2	911a	c.add	x2,x6	  x2:0x00000000  x6:0x00000018  x2=0x00000018
       64535000	      6354	800030e4	0029d9b3	srl	x19,x19,x2	 x19:0x0f0f0f0f  x2:0x00000018 x19=0x0000000f
       64545000	      6355	800030e8	01b99113	slli	x2,x19,0x1b	 x19:0x0000000f  x2=0x78000000
       64555000	      6356	800030ec	01e15113	srli	x2,x2,0x1e	  x2:0x78000000  x2=0x00000001
       64565000	      6357	800030f0	04010563	beq	x2,x0,8000313a	  x2:0x00000001  x0:0x00000000
       64575000	      6358	800030f4	4305	c.li	x6,1	  x6=0x00000001
       64585000	      6359	800030f6	04610363	beq	x2,x6,8000313c	  x2:0x00000001  x6:0x00000001
       64605000	      6361	8000313c	8306	c.mv	x6,x1	  x0:0x00000000  x1:0x00000003  x6=0x00000003
       64615000	      6362	8000313e	34302173	csrrs	x2,mtval,x0	  x0:0x00000000  x2=0xfab0d26a
       64625000	      6363	80003142	00215113	srli	x2,x2,0x2	  x2:0xfab0d26a  x2=0x3eac349a
       64635000	      6364	80003146	00031563	bne	x6,x0,80003150	  x6:0x00000003  x0:0x00000000
       64655000	      6366	80003150	fd1161e3	bltu	x2,x17,80003112	  x2:0x3eac349a x17:0x28889531
       64665000	      6367	80003154	fb417fe3	bgeu	x2,x20,80003112	  x2:0x3eac349a x20:0x2cccd975
       64685000	      6369	80003112	8306	c.mv	x6,x1	  x0:0x00000000  x1:0x00000003  x6=0x00000003
       64695000	      6370	80003114	88d2	c.mv	x17,x20	  x0:0x00000000 x20:0x2cccd975 x17=0x2cccd975
       64705000	      6371	80003116	0305	c.addi	x6,1	  x6:0x00000003  x6=0x00000004
       64715000	      6372	80003118	809a	c.mv	x1,x6	  x0:0x00000000  x6:0x00000004  x1=0x00000004
       64725000	      6373	8000311a	4a41	c.li	x20,16	 x20=0x00000010
       64735000	      6374	8000311c	01435363	bge	x6,x20,80003122	  x6:0x00000004 x20:0x00000010
       64745000	      6375	80003120	b55d	c.j	80002fc6	
       64765000	      6377	80002fc6	8306	c.mv	x6,x1	  x0:0x00000000  x1:0x00000004  x6=0x00000004
       64775000	      6378	80002fc8	811a	c.mv	x2,x6	  x0:0x00000000  x6:0x00000004  x2=0x00000004
       64785000	      6379	80002fca	4101	c.li	x2,0	  x2=0x00000000
       64795000	      6380	80002fcc	04230f63	beq	x6,x2,8000302a	  x6:0x00000004  x2:0x00000000
       64805000	      6381	80002fd0	4105	c.li	x2,1	  x2=0x00000001
       64815000	      6382	80002fd2	06230163	beq	x6,x2,80003034	  x6:0x00000004  x2:0x00000001
       64825000	      6383	80002fd6	4109	c.li	x2,2	  x2=0x00000002
       64835000	      6384	80002fd8	06230363	beq	x6,x2,8000303e	  x6:0x00000004  x2:0x00000002
       64845000	      6385	80002fdc	410d	c.li	x2,3	  x2=0x00000003
       64855000	      6386	80002fde	06230563	beq	x6,x2,80003048	  x6:0x00000004  x2:0x00000003
       64865000	      6387	80002fe2	4111	c.li	x2,4	  x2=0x00000004
       64875000	      6388	80002fe4	06230763	beq	x6,x2,80003052	  x6:0x00000004  x2:0x00000004
       64905000	      6391	80003052	3b402a73	csrrs	x20,pmpaddr4,x0	  x0:0x00000000 x20=0x31111dba
       64915000	      6392	80003056	3a1023f3	csrrs	x7,pmpcfg1,x0	  x0:0x00000000  x7=0x0f0f0f0f
       64925000	      6393	8000305a	a885	c.j	800030ca	
       64945000	      6395	800030ca	4991	c.li	x19,4	 x19=0x00000004
       64955000	      6396	800030cc	01e09313	slli	x6,x1,0x1e	  x1:0x00000004  x6=0x00000000
       64965000	      6397	800030d0	01e35313	srli	x6,x6,0x1e	  x6:0x00000000  x6=0x00000000
       64975000	      6398	800030d4	40698133	sub	x2,x19,x6	 x19:0x00000004  x6:0x00000000  x2=0x00000004
       64985000	      6399	800030d8	117d	c.addi	x2,-1	  x2:0x00000004  x2=0x00000003
       64995000	      6400	800030da	010e	c.slli	x2,0x3	  x2:0x00000003  x2=0x00000018
       65005000	      6401	800030dc	002399b3	sll	x19,x7,x2	  x7:0x0f0f0f0f  x2:0x00000018 x19=0x0f000000
       65015000	      6402	800030e0	030e	c.slli	x6,0x3	  x6:0x00000000  x6=0x00000000
       65025000	      6403	800030e2	911a	c.add	x2,x6	  x2:0x00000018  x6:0x00000000  x2=0x00000018
       65035000	      6404	800030e4	0029d9b3	srl	x19,x19,x2	 x19:0x0f000000  x2:0x00000018 x19=0x0000000f
       65045000	      6405	800030e8	01b99113	slli	x2,x19,0x1b	 x19:0x0000000f  x2=0x78000000
       65055000	      6406	800030ec	01e15113	srli	x2,x2,0x1e	  x2:0x78000000  x2=0x00000001
       65065000	      6407	800030f0	04010563	beq	x2,x0,8000313a	  x2:0x00000001  x0:0x00000000
       65075000	      6408	800030f4	4305	c.li	x6,1	  x6=0x00000001
       65085000	      6409	800030f6	04610363	beq	x2,x6,8000313c	  x2:0x00000001  x6:0x00000001
       65105000	      6411	8000313c	8306	c.mv	x6,x1	  x0:0x00000000  x1:0x00000004  x6=0x00000004
       65115000	      6412	8000313e	34302173	csrrs	x2,mtval,x0	  x0:0x00000000  x2=0xfab0d26a
       65125000	      6413	80003142	00215113	srli	x2,x2,0x2	  x2:0xfab0d26a  x2=0x3eac349a
       65135000	      6414	80003146	00031563	bne	x6,x0,80003150	  x6:0x00000004  x0:0x00000000
       65155000	      6416	80003150	fd1161e3	bltu	x2,x17,80003112	  x2:0x3eac349a x17:0x2cccd975
       65165000	      6417	80003154	fb417fe3	bgeu	x2,x20,80003112	  x2:0x3eac349a x20:0x31111dba
       65185000	      6419	80003112	8306	c.mv	x6,x1	  x0:0x00000000  x1:0x00000004  x6=0x00000004
       65195000	      6420	80003114	88d2	c.mv	x17,x20	  x0:0x00000000 x20:0x31111dba x17=0x31111dba
       65205000	      6421	80003116	0305	c.addi	x6,1	  x6:0x00000004  x6=0x00000005
       65215000	      6422	80003118	809a	c.mv	x1,x6	  x0:0x00000000  x6:0x00000005  x1=0x00000005
       65225000	      6423	8000311a	4a41	c.li	x20,16	 x20=0x00000010
       65235000	      6424	8000311c	01435363	bge	x6,x20,80003122	  x6:0x00000005 x20:0x00000010
       65245000	      6425	80003120	b55d	c.j	80002fc6	
       65265000	      6427	80002fc6	8306	c.mv	x6,x1	  x0:0x00000000  x1:0x00000005  x6=0x00000005
       65275000	      6428	80002fc8	811a	c.mv	x2,x6	  x0:0x00000000  x6:0x00000005  x2=0x00000005
       65285000	      6429	80002fca	4101	c.li	x2,0	  x2=0x00000000
       65295000	      6430	80002fcc	04230f63	beq	x6,x2,8000302a	  x6:0x00000005  x2:0x00000000
       65305000	      6431	80002fd0	4105	c.li	x2,1	  x2=0x00000001
       65315000	      6432	80002fd2	06230163	beq	x6,x2,80003034	  x6:0x00000005  x2:0x00000001
       65325000	      6433	80002fd6	4109	c.li	x2,2	  x2=0x00000002
       65335000	      6434	80002fd8	06230363	beq	x6,x2,8000303e	  x6:0x00000005  x2:0x00000002
       65345000	      6435	80002fdc	410d	c.li	x2,3	  x2=0x00000003
       65355000	      6436	80002fde	06230563	beq	x6,x2,80003048	  x6:0x00000005  x2:0x00000003
       65365000	      6437	80002fe2	4111	c.li	x2,4	  x2=0x00000004
       65375000	      6438	80002fe4	06230763	beq	x6,x2,80003052	  x6:0x00000005  x2:0x00000004
       65385000	      6439	80002fe8	4115	c.li	x2,5	  x2=0x00000005
       65395000	      6440	80002fea	06230963	beq	x6,x2,8000305c	  x6:0x00000005  x2:0x00000005
       65415000	      6442	8000305c	3b502a73	csrrs	x20,pmpaddr5,x0	  x0:0x00000000 x20=0x355561fe
       65425000	      6443	80003060	3a1023f3	csrrs	x7,pmpcfg1,x0	  x0:0x00000000  x7=0x0f0f0f0f
       65435000	      6444	80003064	a09d	c.j	800030ca	
       65455000	      6446	800030ca	4991	c.li	x19,4	 x19=0x00000004
       65465000	      6447	800030cc	01e09313	slli	x6,x1,0x1e	  x1:0x00000005  x6=0x40000000
       65475000	      6448	800030d0	01e35313	srli	x6,x6,0x1e	  x6:0x40000000  x6=0x00000001
       65485000	      6449	800030d4	40698133	sub	x2,x19,x6	 x19:0x00000004  x6:0x00000001  x2=0x00000003
       65495000	      6450	800030d8	117d	c.addi	x2,-1	  x2:0x00000003  x2=0x00000002
       65505000	      6451	800030da	010e	c.slli	x2,0x3	  x2:0x00000002  x2=0x00000010
       65515000	      6452	800030dc	002399b3	sll	x19,x7,x2	  x7:0x0f0f0f0f  x2:0x00000010 x19=0x0f0f0000
       65525000	      6453	800030e0	030e	c.slli	x6,0x3	  x6:0x00000001  x6=0x00000008
       65535000	      6454	800030e2	911a	c.add	x2,x6	  x2:0x00000010  x6:0x00000008  x2=0x00000018
       65545000	      6455	800030e4	0029d9b3	srl	x19,x19,x2	 x19:0x0f0f0000  x2:0x00000018 x19=0x0000000f
       65555000	      6456	800030e8	01b99113	slli	x2,x19,0x1b	 x19:0x0000000f  x2=0x78000000
       65565000	      6457	800030ec	01e15113	srli	x2,x2,0x1e	  x2:0x78000000  x2=0x00000001
       65575000	      6458	800030f0	04010563	beq	x2,x0,8000313a	  x2:0x00000001  x0:0x00000000
       65585000	      6459	800030f4	4305	c.li	x6,1	  x6=0x00000001
       65595000	      6460	800030f6	04610363	beq	x2,x6,8000313c	  x2:0x00000001  x6:0x00000001
       65615000	      6462	8000313c	8306	c.mv	x6,x1	  x0:0x00000000  x1:0x00000005  x6=0x00000005
       65625000	      6463	8000313e	34302173	csrrs	x2,mtval,x0	  x0:0x00000000  x2=0xfab0d26a
       65635000	      6464	80003142	00215113	srli	x2,x2,0x2	  x2:0xfab0d26a  x2=0x3eac349a
       65645000	      6465	80003146	00031563	bne	x6,x0,80003150	  x6:0x00000005  x0:0x00000000
       65665000	      6467	80003150	fd1161e3	bltu	x2,x17,80003112	  x2:0x3eac349a x17:0x31111dba
       65675000	      6468	80003154	fb417fe3	bgeu	x2,x20,80003112	  x2:0x3eac349a x20:0x355561fe
       65695000	      6470	80003112	8306	c.mv	x6,x1	  x0:0x00000000  x1:0x00000005  x6=0x00000005
       65705000	      6471	80003114	88d2	c.mv	x17,x20	  x0:0x00000000 x20:0x355561fe x17=0x355561fe
       65715000	      6472	80003116	0305	c.addi	x6,1	  x6:0x00000005  x6=0x00000006
       65725000	      6473	80003118	809a	c.mv	x1,x6	  x0:0x00000000  x6:0x00000006  x1=0x00000006
       65735000	      6474	8000311a	4a41	c.li	x20,16	 x20=0x00000010
       65745000	      6475	8000311c	01435363	bge	x6,x20,80003122	  x6:0x00000006 x20:0x00000010
       65755000	      6476	80003120	b55d	c.j	80002fc6	
       65775000	      6478	80002fc6	8306	c.mv	x6,x1	  x0:0x00000000  x1:0x00000006  x6=0x00000006
       65785000	      6479	80002fc8	811a	c.mv	x2,x6	  x0:0x00000000  x6:0x00000006  x2=0x00000006
       65795000	      6480	80002fca	4101	c.li	x2,0	  x2=0x00000000
       65805000	      6481	80002fcc	04230f63	beq	x6,x2,8000302a	  x6:0x00000006  x2:0x00000000
       65815000	      6482	80002fd0	4105	c.li	x2,1	  x2=0x00000001
       65825000	      6483	80002fd2	06230163	beq	x6,x2,80003034	  x6:0x00000006  x2:0x00000001
       65835000	      6484	80002fd6	4109	c.li	x2,2	  x2=0x00000002
       65845000	      6485	80002fd8	06230363	beq	x6,x2,8000303e	  x6:0x00000006  x2:0x00000002
       65855000	      6486	80002fdc	410d	c.li	x2,3	  x2=0x00000003
       65865000	      6487	80002fde	06230563	beq	x6,x2,80003048	  x6:0x00000006  x2:0x00000003
       65875000	      6488	80002fe2	4111	c.li	x2,4	  x2=0x00000004
       65885000	      6489	80002fe4	06230763	beq	x6,x2,80003052	  x6:0x00000006  x2:0x00000004
       65895000	      6490	80002fe8	4115	c.li	x2,5	  x2=0x00000005
       65905000	      6491	80002fea	06230963	beq	x6,x2,8000305c	  x6:0x00000006  x2:0x00000005
       65915000	      6492	80002fee	4119	c.li	x2,6	  x2=0x00000006
       65925000	      6493	80002ff0	06230b63	beq	x6,x2,80003066	  x6:0x00000006  x2:0x00000006
       65955000	      6496	80003066	3b602a73	csrrs	x20,pmpaddr6,x0	  x0:0x00000000 x20=0x3999a642
       65965000	      6497	8000306a	3a1023f3	csrrs	x7,pmpcfg1,x0	  x0:0x00000000  x7=0x0f0f0f0f
       65975000	      6498	8000306e	a8b1	c.j	800030ca	
       65995000	      6500	800030ca	4991	c.li	x19,4	 x19=0x00000004
       66005000	      6501	800030cc	01e09313	slli	x6,x1,0x1e	  x1:0x00000006  x6=0x80000000
       66015000	      6502	800030d0	01e35313	srli	x6,x6,0x1e	  x6:0x80000000  x6=0x00000002
       66025000	      6503	800030d4	40698133	sub	x2,x19,x6	 x19:0x00000004  x6:0x00000002  x2=0x00000002
       66035000	      6504	800030d8	117d	c.addi	x2,-1	  x2:0x00000002  x2=0x00000001
       66045000	      6505	800030da	010e	c.slli	x2,0x3	  x2:0x00000001  x2=0x00000008
       66055000	      6506	800030dc	002399b3	sll	x19,x7,x2	  x7:0x0f0f0f0f  x2:0x00000008 x19=0x0f0f0f00
       66065000	      6507	800030e0	030e	c.slli	x6,0x3	  x6:0x00000002  x6=0x00000010
       66075000	      6508	800030e2	911a	c.add	x2,x6	  x2:0x00000008  x6:0x00000010  x2=0x00000018
       66085000	      6509	800030e4	0029d9b3	srl	x19,x19,x2	 x19:0x0f0f0f00  x2:0x00000018 x19=0x0000000f
       66095000	      6510	800030e8	01b99113	slli	x2,x19,0x1b	 x19:0x0000000f  x2=0x78000000
       66105000	      6511	800030ec	01e15113	srli	x2,x2,0x1e	  x2:0x78000000  x2=0x00000001
       66115000	      6512	800030f0	04010563	beq	x2,x0,8000313a	  x2:0x00000001  x0:0x00000000
       66125000	      6513	800030f4	4305	c.li	x6,1	  x6=0x00000001
       66135000	      6514	800030f6	04610363	beq	x2,x6,8000313c	  x2:0x00000001  x6:0x00000001
       66155000	      6516	8000313c	8306	c.mv	x6,x1	  x0:0x00000000  x1:0x00000006  x6=0x00000006
       66165000	      6517	8000313e	34302173	csrrs	x2,mtval,x0	  x0:0x00000000  x2=0xfab0d26a
       66175000	      6518	80003142	00215113	srli	x2,x2,0x2	  x2:0xfab0d26a  x2=0x3eac349a
       66185000	      6519	80003146	00031563	bne	x6,x0,80003150	  x6:0x00000006  x0:0x00000000
       66205000	      6521	80003150	fd1161e3	bltu	x2,x17,80003112	  x2:0x3eac349a x17:0x355561fe
       66215000	      6522	80003154	fb417fe3	bgeu	x2,x20,80003112	  x2:0x3eac349a x20:0x3999a642
       66235000	      6524	80003112	8306	c.mv	x6,x1	  x0:0x00000000  x1:0x00000006  x6=0x00000006
       66245000	      6525	80003114	88d2	c.mv	x17,x20	  x0:0x00000000 x20:0x3999a642 x17=0x3999a642
       66255000	      6526	80003116	0305	c.addi	x6,1	  x6:0x00000006  x6=0x00000007
       66265000	      6527	80003118	809a	c.mv	x1,x6	  x0:0x00000000  x6:0x00000007  x1=0x00000007
       66275000	      6528	8000311a	4a41	c.li	x20,16	 x20=0x00000010
       66285000	      6529	8000311c	01435363	bge	x6,x20,80003122	  x6:0x00000007 x20:0x00000010
       66295000	      6530	80003120	b55d	c.j	80002fc6	
       66315000	      6532	80002fc6	8306	c.mv	x6,x1	  x0:0x00000000  x1:0x00000007  x6=0x00000007
       66325000	      6533	80002fc8	811a	c.mv	x2,x6	  x0:0x00000000  x6:0x00000007  x2=0x00000007
       66335000	      6534	80002fca	4101	c.li	x2,0	  x2=0x00000000
       66345000	      6535	80002fcc	04230f63	beq	x6,x2,8000302a	  x6:0x00000007  x2:0x00000000
       66355000	      6536	80002fd0	4105	c.li	x2,1	  x2=0x00000001
       66365000	      6537	80002fd2	06230163	beq	x6,x2,80003034	  x6:0x00000007  x2:0x00000001
       66375000	      6538	80002fd6	4109	c.li	x2,2	  x2=0x00000002
       66385000	      6539	80002fd8	06230363	beq	x6,x2,8000303e	  x6:0x00000007  x2:0x00000002
       66395000	      6540	80002fdc	410d	c.li	x2,3	  x2=0x00000003
       66405000	      6541	80002fde	06230563	beq	x6,x2,80003048	  x6:0x00000007  x2:0x00000003
       66415000	      6542	80002fe2	4111	c.li	x2,4	  x2=0x00000004
       66425000	      6543	80002fe4	06230763	beq	x6,x2,80003052	  x6:0x00000007  x2:0x00000004
       66435000	      6544	80002fe8	4115	c.li	x2,5	  x2=0x00000005
       66445000	      6545	80002fea	06230963	beq	x6,x2,8000305c	  x6:0x00000007  x2:0x00000005
       66455000	      6546	80002fee	4119	c.li	x2,6	  x2=0x00000006
       66465000	      6547	80002ff0	06230b63	beq	x6,x2,80003066	  x6:0x00000007  x2:0x00000006
       66475000	      6548	80002ff4	411d	c.li	x2,7	  x2=0x00000007
       66485000	      6549	80002ff6	06230d63	beq	x6,x2,80003070	  x6:0x00000007  x2:0x00000007
       66505000	      6551	80003070	3b702a73	csrrs	x20,pmpaddr7,x0	  x0:0x00000000 x20=0x3dddea86
       66515000	      6552	80003074	3a1023f3	csrrs	x7,pmpcfg1,x0	  x0:0x00000000  x7=0x0f0f0f0f
       66525000	      6553	80003078	a889	c.j	800030ca	
       66545000	      6555	800030ca	4991	c.li	x19,4	 x19=0x00000004
       66555000	      6556	800030cc	01e09313	slli	x6,x1,0x1e	  x1:0x00000007  x6=0xc0000000
       66565000	      6557	800030d0	01e35313	srli	x6,x6,0x1e	  x6:0xc0000000  x6=0x00000003
       66575000	      6558	800030d4	40698133	sub	x2,x19,x6	 x19:0x00000004  x6:0x00000003  x2=0x00000001
       66585000	      6559	800030d8	117d	c.addi	x2,-1	  x2:0x00000001  x2=0x00000000
       66595000	      6560	800030da	010e	c.slli	x2,0x3	  x2:0x00000000  x2=0x00000000
       66605000	      6561	800030dc	002399b3	sll	x19,x7,x2	  x7:0x0f0f0f0f  x2:0x00000000 x19=0x0f0f0f0f
       66615000	      6562	800030e0	030e	c.slli	x6,0x3	  x6:0x00000003  x6=0x00000018
       66625000	      6563	800030e2	911a	c.add	x2,x6	  x2:0x00000000  x6:0x00000018  x2=0x00000018
       66635000	      6564	800030e4	0029d9b3	srl	x19,x19,x2	 x19:0x0f0f0f0f  x2:0x00000018 x19=0x0000000f
       66645000	      6565	800030e8	01b99113	slli	x2,x19,0x1b	 x19:0x0000000f  x2=0x78000000
       66655000	      6566	800030ec	01e15113	srli	x2,x2,0x1e	  x2:0x78000000  x2=0x00000001
       66665000	      6567	800030f0	04010563	beq	x2,x0,8000313a	  x2:0x00000001  x0:0x00000000
       66675000	      6568	800030f4	4305	c.li	x6,1	  x6=0x00000001
       66685000	      6569	800030f6	04610363	beq	x2,x6,8000313c	  x2:0x00000001  x6:0x00000001
       66705000	      6571	8000313c	8306	c.mv	x6,x1	  x0:0x00000000  x1:0x00000007  x6=0x00000007
       66715000	      6572	8000313e	34302173	csrrs	x2,mtval,x0	  x0:0x00000000  x2=0xfab0d26a
       66725000	      6573	80003142	00215113	srli	x2,x2,0x2	  x2:0xfab0d26a  x2=0x3eac349a
       66735000	      6574	80003146	00031563	bne	x6,x0,80003150	  x6:0x00000007  x0:0x00000000
       66755000	      6576	80003150	fd1161e3	bltu	x2,x17,80003112	  x2:0x3eac349a x17:0x3999a642
       66765000	      6577	80003154	fb417fe3	bgeu	x2,x20,80003112	  x2:0x3eac349a x20:0x3dddea86
       66785000	      6579	80003112	8306	c.mv	x6,x1	  x0:0x00000000  x1:0x00000007  x6=0x00000007
       66795000	      6580	80003114	88d2	c.mv	x17,x20	  x0:0x00000000 x20:0x3dddea86 x17=0x3dddea86
       66805000	      6581	80003116	0305	c.addi	x6,1	  x6:0x00000007  x6=0x00000008
       66815000	      6582	80003118	809a	c.mv	x1,x6	  x0:0x00000000  x6:0x00000008  x1=0x00000008
       66825000	      6583	8000311a	4a41	c.li	x20,16	 x20=0x00000010
       66835000	      6584	8000311c	01435363	bge	x6,x20,80003122	  x6:0x00000008 x20:0x00000010
       66845000	      6585	80003120	b55d	c.j	80002fc6	
       66865000	      6587	80002fc6	8306	c.mv	x6,x1	  x0:0x00000000  x1:0x00000008  x6=0x00000008
       66875000	      6588	80002fc8	811a	c.mv	x2,x6	  x0:0x00000000  x6:0x00000008  x2=0x00000008
       66885000	      6589	80002fca	4101	c.li	x2,0	  x2=0x00000000
       66895000	      6590	80002fcc	04230f63	beq	x6,x2,8000302a	  x6:0x00000008  x2:0x00000000
       66905000	      6591	80002fd0	4105	c.li	x2,1	  x2=0x00000001
       66915000	      6592	80002fd2	06230163	beq	x6,x2,80003034	  x6:0x00000008  x2:0x00000001
       66925000	      6593	80002fd6	4109	c.li	x2,2	  x2=0x00000002
       66935000	      6594	80002fd8	06230363	beq	x6,x2,8000303e	  x6:0x00000008  x2:0x00000002
       66945000	      6595	80002fdc	410d	c.li	x2,3	  x2=0x00000003
       66955000	      6596	80002fde	06230563	beq	x6,x2,80003048	  x6:0x00000008  x2:0x00000003
       66965000	      6597	80002fe2	4111	c.li	x2,4	  x2=0x00000004
       66975000	      6598	80002fe4	06230763	beq	x6,x2,80003052	  x6:0x00000008  x2:0x00000004
       66985000	      6599	80002fe8	4115	c.li	x2,5	  x2=0x00000005
       66995000	      6600	80002fea	06230963	beq	x6,x2,8000305c	  x6:0x00000008  x2:0x00000005
       67005000	      6601	80002fee	4119	c.li	x2,6	  x2=0x00000006
       67015000	      6602	80002ff0	06230b63	beq	x6,x2,80003066	  x6:0x00000008  x2:0x00000006
       67025000	      6603	80002ff4	411d	c.li	x2,7	  x2=0x00000007
       67035000	      6604	80002ff6	06230d63	beq	x6,x2,80003070	  x6:0x00000008  x2:0x00000007
       67045000	      6605	80002ffa	4121	c.li	x2,8	  x2=0x00000008
       67055000	      6606	80002ffc	06230f63	beq	x6,x2,8000307a	  x6:0x00000008  x2:0x00000008
       67085000	      6609	8000307a	3b802a73	csrrs	x20,pmpaddr8,x0	  x0:0x00000000 x20=0x02222ecb
       67095000	      6610	8000307e	3a2023f3	csrrs	x7,pmpcfg2,x0	  x0:0x00000000  x7=0x0f0f0f0f
       67105000	      6611	80003082	a0a1	c.j	800030ca	
       67125000	      6613	800030ca	4991	c.li	x19,4	 x19=0x00000004
       67135000	      6614	800030cc	01e09313	slli	x6,x1,0x1e	  x1:0x00000008  x6=0x00000000
       67145000	      6615	800030d0	01e35313	srli	x6,x6,0x1e	  x6:0x00000000  x6=0x00000000
       67155000	      6616	800030d4	40698133	sub	x2,x19,x6	 x19:0x00000004  x6:0x00000000  x2=0x00000004
       67165000	      6617	800030d8	117d	c.addi	x2,-1	  x2:0x00000004  x2=0x00000003
       67175000	      6618	800030da	010e	c.slli	x2,0x3	  x2:0x00000003  x2=0x00000018
       67185000	      6619	800030dc	002399b3	sll	x19,x7,x2	  x7:0x0f0f0f0f  x2:0x00000018 x19=0x0f000000
       67195000	      6620	800030e0	030e	c.slli	x6,0x3	  x6:0x00000000  x6=0x00000000
       67205000	      6621	800030e2	911a	c.add	x2,x6	  x2:0x00000018  x6:0x00000000  x2=0x00000018
       67215000	      6622	800030e4	0029d9b3	srl	x19,x19,x2	 x19:0x0f000000  x2:0x00000018 x19=0x0000000f
       67225000	      6623	800030e8	01b99113	slli	x2,x19,0x1b	 x19:0x0000000f  x2=0x78000000
       67235000	      6624	800030ec	01e15113	srli	x2,x2,0x1e	  x2:0x78000000  x2=0x00000001
       67245000	      6625	800030f0	04010563	beq	x2,x0,8000313a	  x2:0x00000001  x0:0x00000000
       67255000	      6626	800030f4	4305	c.li	x6,1	  x6=0x00000001
       67265000	      6627	800030f6	04610363	beq	x2,x6,8000313c	  x2:0x00000001  x6:0x00000001
       67285000	      6629	8000313c	8306	c.mv	x6,x1	  x0:0x00000000  x1:0x00000008  x6=0x00000008
       67295000	      6630	8000313e	34302173	csrrs	x2,mtval,x0	  x0:0x00000000  x2=0xfab0d26a
       67305000	      6631	80003142	00215113	srli	x2,x2,0x2	  x2:0xfab0d26a  x2=0x3eac349a
       67315000	      6632	80003146	00031563	bne	x6,x0,80003150	  x6:0x00000008  x0:0x00000000
       67335000	      6634	80003150	fd1161e3	bltu	x2,x17,80003112	  x2:0x3eac349a x17:0x3dddea86
       67345000	      6635	80003154	fb417fe3	bgeu	x2,x20,80003112	  x2:0x3eac349a x20:0x02222ecb
       67365000	      6637	80003112	8306	c.mv	x6,x1	  x0:0x00000000  x1:0x00000008  x6=0x00000008
       67375000	      6638	80003114	88d2	c.mv	x17,x20	  x0:0x00000000 x20:0x02222ecb x17=0x02222ecb
       67385000	      6639	80003116	0305	c.addi	x6,1	  x6:0x00000008  x6=0x00000009
       67395000	      6640	80003118	809a	c.mv	x1,x6	  x0:0x00000000  x6:0x00000009  x1=0x00000009
       67405000	      6641	8000311a	4a41	c.li	x20,16	 x20=0x00000010
       67415000	      6642	8000311c	01435363	bge	x6,x20,80003122	  x6:0x00000009 x20:0x00000010
       67425000	      6643	80003120	b55d	c.j	80002fc6	
       67445000	      6645	80002fc6	8306	c.mv	x6,x1	  x0:0x00000000  x1:0x00000009  x6=0x00000009
       67455000	      6646	80002fc8	811a	c.mv	x2,x6	  x0:0x00000000  x6:0x00000009  x2=0x00000009
       67465000	      6647	80002fca	4101	c.li	x2,0	  x2=0x00000000
       67475000	      6648	80002fcc	04230f63	beq	x6,x2,8000302a	  x6:0x00000009  x2:0x00000000
       67485000	      6649	80002fd0	4105	c.li	x2,1	  x2=0x00000001
       67495000	      6650	80002fd2	06230163	beq	x6,x2,80003034	  x6:0x00000009  x2:0x00000001
       67505000	      6651	80002fd6	4109	c.li	x2,2	  x2=0x00000002
       67515000	      6652	80002fd8	06230363	beq	x6,x2,8000303e	  x6:0x00000009  x2:0x00000002
       67525000	      6653	80002fdc	410d	c.li	x2,3	  x2=0x00000003
       67535000	      6654	80002fde	06230563	beq	x6,x2,80003048	  x6:0x00000009  x2:0x00000003
       67545000	      6655	80002fe2	4111	c.li	x2,4	  x2=0x00000004
       67555000	      6656	80002fe4	06230763	beq	x6,x2,80003052	  x6:0x00000009  x2:0x00000004
       67565000	      6657	80002fe8	4115	c.li	x2,5	  x2=0x00000005
       67575000	      6658	80002fea	06230963	beq	x6,x2,8000305c	  x6:0x00000009  x2:0x00000005
       67585000	      6659	80002fee	4119	c.li	x2,6	  x2=0x00000006
       67595000	      6660	80002ff0	06230b63	beq	x6,x2,80003066	  x6:0x00000009  x2:0x00000006
       67605000	      6661	80002ff4	411d	c.li	x2,7	  x2=0x00000007
       67615000	      6662	80002ff6	06230d63	beq	x6,x2,80003070	  x6:0x00000009  x2:0x00000007
       67625000	      6663	80002ffa	4121	c.li	x2,8	  x2=0x00000008
       67635000	      6664	80002ffc	06230f63	beq	x6,x2,8000307a	  x6:0x00000009  x2:0x00000008
       67645000	      6665	80003000	4125	c.li	x2,9	  x2=0x00000009
       67655000	      6666	80003002	08230163	beq	x6,x2,80003084	  x6:0x00000009  x2:0x00000009
       67675000	      6668	80003084	3b902a73	csrrs	x20,pmpaddr9,x0	  x0:0x00000000 x20=0x0666730f
       67685000	      6669	80003088	3a2023f3	csrrs	x7,pmpcfg2,x0	  x0:0x00000000  x7=0x0f0f0f0f
       67695000	      6670	8000308c	a83d	c.j	800030ca	
       67715000	      6672	800030ca	4991	c.li	x19,4	 x19=0x00000004
       67725000	      6673	800030cc	01e09313	slli	x6,x1,0x1e	  x1:0x00000009  x6=0x40000000
       67735000	      6674	800030d0	01e35313	srli	x6,x6,0x1e	  x6:0x40000000  x6=0x00000001
       67745000	      6675	800030d4	40698133	sub	x2,x19,x6	 x19:0x00000004  x6:0x00000001  x2=0x00000003
       67755000	      6676	800030d8	117d	c.addi	x2,-1	  x2:0x00000003  x2=0x00000002
       67765000	      6677	800030da	010e	c.slli	x2,0x3	  x2:0x00000002  x2=0x00000010
       67775000	      6678	800030dc	002399b3	sll	x19,x7,x2	  x7:0x0f0f0f0f  x2:0x00000010 x19=0x0f0f0000
       67785000	      6679	800030e0	030e	c.slli	x6,0x3	  x6:0x00000001  x6=0x00000008
       67795000	      6680	800030e2	911a	c.add	x2,x6	  x2:0x00000010  x6:0x00000008  x2=0x00000018
       67805000	      6681	800030e4	0029d9b3	srl	x19,x19,x2	 x19:0x0f0f0000  x2:0x00000018 x19=0x0000000f
       67815000	      6682	800030e8	01b99113	slli	x2,x19,0x1b	 x19:0x0000000f  x2=0x78000000
       67825000	      6683	800030ec	01e15113	srli	x2,x2,0x1e	  x2:0x78000000  x2=0x00000001
       67835000	      6684	800030f0	04010563	beq	x2,x0,8000313a	  x2:0x00000001  x0:0x00000000
       67845000	      6685	800030f4	4305	c.li	x6,1	  x6=0x00000001
       67855000	      6686	800030f6	04610363	beq	x2,x6,8000313c	  x2:0x00000001  x6:0x00000001
       67875000	      6688	8000313c	8306	c.mv	x6,x1	  x0:0x00000000  x1:0x00000009  x6=0x00000009
       67885000	      6689	8000313e	34302173	csrrs	x2,mtval,x0	  x0:0x00000000  x2=0xfab0d26a
       67895000	      6690	80003142	00215113	srli	x2,x2,0x2	  x2:0xfab0d26a  x2=0x3eac349a
       67905000	      6691	80003146	00031563	bne	x6,x0,80003150	  x6:0x00000009  x0:0x00000000
       67925000	      6693	80003150	fd1161e3	bltu	x2,x17,80003112	  x2:0x3eac349a x17:0x02222ecb
       67935000	      6694	80003154	fb417fe3	bgeu	x2,x20,80003112	  x2:0x3eac349a x20:0x0666730f
       67955000	      6696	80003112	8306	c.mv	x6,x1	  x0:0x00000000  x1:0x00000009  x6=0x00000009
       67965000	      6697	80003114	88d2	c.mv	x17,x20	  x0:0x00000000 x20:0x0666730f x17=0x0666730f
       67975000	      6698	80003116	0305	c.addi	x6,1	  x6:0x00000009  x6=0x0000000a
       67985000	      6699	80003118	809a	c.mv	x1,x6	  x0:0x00000000  x6:0x0000000a  x1=0x0000000a
       67995000	      6700	8000311a	4a41	c.li	x20,16	 x20=0x00000010
       68005000	      6701	8000311c	01435363	bge	x6,x20,80003122	  x6:0x0000000a x20:0x00000010
       68015000	      6702	80003120	b55d	c.j	80002fc6	
       68035000	      6704	80002fc6	8306	c.mv	x6,x1	  x0:0x00000000  x1:0x0000000a  x6=0x0000000a
       68045000	      6705	80002fc8	811a	c.mv	x2,x6	  x0:0x00000000  x6:0x0000000a  x2=0x0000000a
       68055000	      6706	80002fca	4101	c.li	x2,0	  x2=0x00000000
       68065000	      6707	80002fcc	04230f63	beq	x6,x2,8000302a	  x6:0x0000000a  x2:0x00000000
       68075000	      6708	80002fd0	4105	c.li	x2,1	  x2=0x00000001
       68085000	      6709	80002fd2	06230163	beq	x6,x2,80003034	  x6:0x0000000a  x2:0x00000001
       68095000	      6710	80002fd6	4109	c.li	x2,2	  x2=0x00000002
       68105000	      6711	80002fd8	06230363	beq	x6,x2,8000303e	  x6:0x0000000a  x2:0x00000002
       68115000	      6712	80002fdc	410d	c.li	x2,3	  x2=0x00000003
       68125000	      6713	80002fde	06230563	beq	x6,x2,80003048	  x6:0x0000000a  x2:0x00000003
       68135000	      6714	80002fe2	4111	c.li	x2,4	  x2=0x00000004
       68145000	      6715	80002fe4	06230763	beq	x6,x2,80003052	  x6:0x0000000a  x2:0x00000004
       68155000	      6716	80002fe8	4115	c.li	x2,5	  x2=0x00000005
       68165000	      6717	80002fea	06230963	beq	x6,x2,8000305c	  x6:0x0000000a  x2:0x00000005
       68175000	      6718	80002fee	4119	c.li	x2,6	  x2=0x00000006
       68185000	      6719	80002ff0	06230b63	beq	x6,x2,80003066	  x6:0x0000000a  x2:0x00000006
       68195000	      6720	80002ff4	411d	c.li	x2,7	  x2=0x00000007
       68205000	      6721	80002ff6	06230d63	beq	x6,x2,80003070	  x6:0x0000000a  x2:0x00000007
       68215000	      6722	80002ffa	4121	c.li	x2,8	  x2=0x00000008
       68225000	      6723	80002ffc	06230f63	beq	x6,x2,8000307a	  x6:0x0000000a  x2:0x00000008
       68235000	      6724	80003000	4125	c.li	x2,9	  x2=0x00000009
       68245000	      6725	80003002	08230163	beq	x6,x2,80003084	  x6:0x0000000a  x2:0x00000009
       68255000	      6726	80003006	4129	c.li	x2,10	  x2=0x0000000a
       68265000	      6727	80003008	08230363	beq	x6,x2,8000308e	  x6:0x0000000a  x2:0x0000000a
       68295000	      6730	8000308e	3ba02a73	csrrs	x20,pmpaddr10,x0	  x0:0x00000000 x20=0x0aaab753
       68305000	      6731	80003092	3a2023f3	csrrs	x7,pmpcfg2,x0	  x0:0x00000000  x7=0x0f0f0f0f
       68315000	      6732	80003096	a815	c.j	800030ca	
       68335000	      6734	800030ca	4991	c.li	x19,4	 x19=0x00000004
       68345000	      6735	800030cc	01e09313	slli	x6,x1,0x1e	  x1:0x0000000a  x6=0x80000000
       68355000	      6736	800030d0	01e35313	srli	x6,x6,0x1e	  x6:0x80000000  x6=0x00000002
       68365000	      6737	800030d4	40698133	sub	x2,x19,x6	 x19:0x00000004  x6:0x00000002  x2=0x00000002
       68375000	      6738	800030d8	117d	c.addi	x2,-1	  x2:0x00000002  x2=0x00000001
       68385000	      6739	800030da	010e	c.slli	x2,0x3	  x2:0x00000001  x2=0x00000008
       68395000	      6740	800030dc	002399b3	sll	x19,x7,x2	  x7:0x0f0f0f0f  x2:0x00000008 x19=0x0f0f0f00
       68405000	      6741	800030e0	030e	c.slli	x6,0x3	  x6:0x00000002  x6=0x00000010
       68415000	      6742	800030e2	911a	c.add	x2,x6	  x2:0x00000008  x6:0x00000010  x2=0x00000018
       68425000	      6743	800030e4	0029d9b3	srl	x19,x19,x2	 x19:0x0f0f0f00  x2:0x00000018 x19=0x0000000f
       68435000	      6744	800030e8	01b99113	slli	x2,x19,0x1b	 x19:0x0000000f  x2=0x78000000
       68445000	      6745	800030ec	01e15113	srli	x2,x2,0x1e	  x2:0x78000000  x2=0x00000001
       68455000	      6746	800030f0	04010563	beq	x2,x0,8000313a	  x2:0x00000001  x0:0x00000000
       68465000	      6747	800030f4	4305	c.li	x6,1	  x6=0x00000001
       68475000	      6748	800030f6	04610363	beq	x2,x6,8000313c	  x2:0x00000001  x6:0x00000001
       68495000	      6750	8000313c	8306	c.mv	x6,x1	  x0:0x00000000  x1:0x0000000a  x6=0x0000000a
       68505000	      6751	8000313e	34302173	csrrs	x2,mtval,x0	  x0:0x00000000  x2=0xfab0d26a
       68515000	      6752	80003142	00215113	srli	x2,x2,0x2	  x2:0xfab0d26a  x2=0x3eac349a
       68525000	      6753	80003146	00031563	bne	x6,x0,80003150	  x6:0x0000000a  x0:0x00000000
       68545000	      6755	80003150	fd1161e3	bltu	x2,x17,80003112	  x2:0x3eac349a x17:0x0666730f
       68555000	      6756	80003154	fb417fe3	bgeu	x2,x20,80003112	  x2:0x3eac349a x20:0x0aaab753
       68575000	      6758	80003112	8306	c.mv	x6,x1	  x0:0x00000000  x1:0x0000000a  x6=0x0000000a
       68585000	      6759	80003114	88d2	c.mv	x17,x20	  x0:0x00000000 x20:0x0aaab753 x17=0x0aaab753
       68595000	      6760	80003116	0305	c.addi	x6,1	  x6:0x0000000a  x6=0x0000000b
       68605000	      6761	80003118	809a	c.mv	x1,x6	  x0:0x00000000  x6:0x0000000b  x1=0x0000000b
       68615000	      6762	8000311a	4a41	c.li	x20,16	 x20=0x00000010
       68625000	      6763	8000311c	01435363	bge	x6,x20,80003122	  x6:0x0000000b x20:0x00000010
       68635000	      6764	80003120	b55d	c.j	80002fc6	
       68655000	      6766	80002fc6	8306	c.mv	x6,x1	  x0:0x00000000  x1:0x0000000b  x6=0x0000000b
       68665000	      6767	80002fc8	811a	c.mv	x2,x6	  x0:0x00000000  x6:0x0000000b  x2=0x0000000b
       68675000	      6768	80002fca	4101	c.li	x2,0	  x2=0x00000000
       68685000	      6769	80002fcc	04230f63	beq	x6,x2,8000302a	  x6:0x0000000b  x2:0x00000000
       68695000	      6770	80002fd0	4105	c.li	x2,1	  x2=0x00000001
       68705000	      6771	80002fd2	06230163	beq	x6,x2,80003034	  x6:0x0000000b  x2:0x00000001
       68715000	      6772	80002fd6	4109	c.li	x2,2	  x2=0x00000002
       68725000	      6773	80002fd8	06230363	beq	x6,x2,8000303e	  x6:0x0000000b  x2:0x00000002
       68735000	      6774	80002fdc	410d	c.li	x2,3	  x2=0x00000003
       68745000	      6775	80002fde	06230563	beq	x6,x2,80003048	  x6:0x0000000b  x2:0x00000003
       68755000	      6776	80002fe2	4111	c.li	x2,4	  x2=0x00000004
       68765000	      6777	80002fe4	06230763	beq	x6,x2,80003052	  x6:0x0000000b  x2:0x00000004
       68775000	      6778	80002fe8	4115	c.li	x2,5	  x2=0x00000005
       68785000	      6779	80002fea	06230963	beq	x6,x2,8000305c	  x6:0x0000000b  x2:0x00000005
       68795000	      6780	80002fee	4119	c.li	x2,6	  x2=0x00000006
       68805000	      6781	80002ff0	06230b63	beq	x6,x2,80003066	  x6:0x0000000b  x2:0x00000006
       68815000	      6782	80002ff4	411d	c.li	x2,7	  x2=0x00000007
       68825000	      6783	80002ff6	06230d63	beq	x6,x2,80003070	  x6:0x0000000b  x2:0x00000007
       68835000	      6784	80002ffa	4121	c.li	x2,8	  x2=0x00000008
       68845000	      6785	80002ffc	06230f63	beq	x6,x2,8000307a	  x6:0x0000000b  x2:0x00000008
       68855000	      6786	80003000	4125	c.li	x2,9	  x2=0x00000009
       68865000	      6787	80003002	08230163	beq	x6,x2,80003084	  x6:0x0000000b  x2:0x00000009
       68875000	      6788	80003006	4129	c.li	x2,10	  x2=0x0000000a
       68885000	      6789	80003008	08230363	beq	x6,x2,8000308e	  x6:0x0000000b  x2:0x0000000a
       68895000	      6790	8000300c	412d	c.li	x2,11	  x2=0x0000000b
       68905000	      6791	8000300e	08230563	beq	x6,x2,80003098	  x6:0x0000000b  x2:0x0000000b
       68925000	      6793	80003098	3bb02a73	csrrs	x20,pmpaddr11,x0	  x0:0x00000000 x20=0x0eeefb97
       68935000	      6794	8000309c	3a2023f3	csrrs	x7,pmpcfg2,x0	  x0:0x00000000  x7=0x0f0f0f0f
       68945000	      6795	800030a0	a02d	c.j	800030ca	
       68965000	      6797	800030ca	4991	c.li	x19,4	 x19=0x00000004
       68975000	      6798	800030cc	01e09313	slli	x6,x1,0x1e	  x1:0x0000000b  x6=0xc0000000
       68985000	      6799	800030d0	01e35313	srli	x6,x6,0x1e	  x6:0xc0000000  x6=0x00000003
       68995000	      6800	800030d4	40698133	sub	x2,x19,x6	 x19:0x00000004  x6:0x00000003  x2=0x00000001
       69005000	      6801	800030d8	117d	c.addi	x2,-1	  x2:0x00000001  x2=0x00000000
       69015000	      6802	800030da	010e	c.slli	x2,0x3	  x2:0x00000000  x2=0x00000000
       69025000	      6803	800030dc	002399b3	sll	x19,x7,x2	  x7:0x0f0f0f0f  x2:0x00000000 x19=0x0f0f0f0f
       69035000	      6804	800030e0	030e	c.slli	x6,0x3	  x6:0x00000003  x6=0x00000018
       69045000	      6805	800030e2	911a	c.add	x2,x6	  x2:0x00000000  x6:0x00000018  x2=0x00000018
       69055000	      6806	800030e4	0029d9b3	srl	x19,x19,x2	 x19:0x0f0f0f0f  x2:0x00000018 x19=0x0000000f
       69065000	      6807	800030e8	01b99113	slli	x2,x19,0x1b	 x19:0x0000000f  x2=0x78000000
       69075000	      6808	800030ec	01e15113	srli	x2,x2,0x1e	  x2:0x78000000  x2=0x00000001
       69085000	      6809	800030f0	04010563	beq	x2,x0,8000313a	  x2:0x00000001  x0:0x00000000
       69095000	      6810	800030f4	4305	c.li	x6,1	  x6=0x00000001
       69105000	      6811	800030f6	04610363	beq	x2,x6,8000313c	  x2:0x00000001  x6:0x00000001
       69125000	      6813	8000313c	8306	c.mv	x6,x1	  x0:0x00000000  x1:0x0000000b  x6=0x0000000b
       69135000	      6814	8000313e	34302173	csrrs	x2,mtval,x0	  x0:0x00000000  x2=0xfab0d26a
       69145000	      6815	80003142	00215113	srli	x2,x2,0x2	  x2:0xfab0d26a  x2=0x3eac349a
       69155000	      6816	80003146	00031563	bne	x6,x0,80003150	  x6:0x0000000b  x0:0x00000000
       69175000	      6818	80003150	fd1161e3	bltu	x2,x17,80003112	  x2:0x3eac349a x17:0x0aaab753
       69185000	      6819	80003154	fb417fe3	bgeu	x2,x20,80003112	  x2:0x3eac349a x20:0x0eeefb97
       69205000	      6821	80003112	8306	c.mv	x6,x1	  x0:0x00000000  x1:0x0000000b  x6=0x0000000b
       69215000	      6822	80003114	88d2	c.mv	x17,x20	  x0:0x00000000 x20:0x0eeefb97 x17=0x0eeefb97
       69225000	      6823	80003116	0305	c.addi	x6,1	  x6:0x0000000b  x6=0x0000000c
       69235000	      6824	80003118	809a	c.mv	x1,x6	  x0:0x00000000  x6:0x0000000c  x1=0x0000000c
       69245000	      6825	8000311a	4a41	c.li	x20,16	 x20=0x00000010
       69255000	      6826	8000311c	01435363	bge	x6,x20,80003122	  x6:0x0000000c x20:0x00000010
       69265000	      6827	80003120	b55d	c.j	80002fc6	
       69285000	      6829	80002fc6	8306	c.mv	x6,x1	  x0:0x00000000  x1:0x0000000c  x6=0x0000000c
       69295000	      6830	80002fc8	811a	c.mv	x2,x6	  x0:0x00000000  x6:0x0000000c  x2=0x0000000c
       69305000	      6831	80002fca	4101	c.li	x2,0	  x2=0x00000000
       69315000	      6832	80002fcc	04230f63	beq	x6,x2,8000302a	  x6:0x0000000c  x2:0x00000000
       69325000	      6833	80002fd0	4105	c.li	x2,1	  x2=0x00000001
       69335000	      6834	80002fd2	06230163	beq	x6,x2,80003034	  x6:0x0000000c  x2:0x00000001
       69345000	      6835	80002fd6	4109	c.li	x2,2	  x2=0x00000002
       69355000	      6836	80002fd8	06230363	beq	x6,x2,8000303e	  x6:0x0000000c  x2:0x00000002
       69365000	      6837	80002fdc	410d	c.li	x2,3	  x2=0x00000003
       69375000	      6838	80002fde	06230563	beq	x6,x2,80003048	  x6:0x0000000c  x2:0x00000003
       69385000	      6839	80002fe2	4111	c.li	x2,4	  x2=0x00000004
       69395000	      6840	80002fe4	06230763	beq	x6,x2,80003052	  x6:0x0000000c  x2:0x00000004
       69405000	      6841	80002fe8	4115	c.li	x2,5	  x2=0x00000005
       69415000	      6842	80002fea	06230963	beq	x6,x2,8000305c	  x6:0x0000000c  x2:0x00000005
       69425000	      6843	80002fee	4119	c.li	x2,6	  x2=0x00000006
       69435000	      6844	80002ff0	06230b63	beq	x6,x2,80003066	  x6:0x0000000c  x2:0x00000006
       69445000	      6845	80002ff4	411d	c.li	x2,7	  x2=0x00000007
       69455000	      6846	80002ff6	06230d63	beq	x6,x2,80003070	  x6:0x0000000c  x2:0x00000007
       69465000	      6847	80002ffa	4121	c.li	x2,8	  x2=0x00000008
       69475000	      6848	80002ffc	06230f63	beq	x6,x2,8000307a	  x6:0x0000000c  x2:0x00000008
       69485000	      6849	80003000	4125	c.li	x2,9	  x2=0x00000009
       69495000	      6850	80003002	08230163	beq	x6,x2,80003084	  x6:0x0000000c  x2:0x00000009
       69505000	      6851	80003006	4129	c.li	x2,10	  x2=0x0000000a
       69515000	      6852	80003008	08230363	beq	x6,x2,8000308e	  x6:0x0000000c  x2:0x0000000a
       69525000	      6853	8000300c	412d	c.li	x2,11	  x2=0x0000000b
       69535000	      6854	8000300e	08230563	beq	x6,x2,80003098	  x6:0x0000000c  x2:0x0000000b
       69545000	      6855	80003012	4131	c.li	x2,12	  x2=0x0000000c
       69555000	      6856	80003014	08230763	beq	x6,x2,800030a2	  x6:0x0000000c  x2:0x0000000c
       69585000	      6859	800030a2	3bc02a73	csrrs	x20,pmpaddr12,x0	  x0:0x00000000 x20=0x13333fdc
       69595000	      6860	800030a6	3a3023f3	csrrs	x7,pmpcfg3,x0	  x0:0x00000000  x7=0x0f0f0f0f
       69605000	      6861	800030aa	a005	c.j	800030ca	
       69625000	      6863	800030ca	4991	c.li	x19,4	 x19=0x00000004
       69635000	      6864	800030cc	01e09313	slli	x6,x1,0x1e	  x1:0x0000000c  x6=0x00000000
       69645000	      6865	800030d0	01e35313	srli	x6,x6,0x1e	  x6:0x00000000  x6=0x00000000
       69655000	      6866	800030d4	40698133	sub	x2,x19,x6	 x19:0x00000004  x6:0x00000000  x2=0x00000004
       69665000	      6867	800030d8	117d	c.addi	x2,-1	  x2:0x00000004  x2=0x00000003
       69675000	      6868	800030da	010e	c.slli	x2,0x3	  x2:0x00000003  x2=0x00000018
       69685000	      6869	800030dc	002399b3	sll	x19,x7,x2	  x7:0x0f0f0f0f  x2:0x00000018 x19=0x0f000000
       69695000	      6870	800030e0	030e	c.slli	x6,0x3	  x6:0x00000000  x6=0x00000000
       69705000	      6871	800030e2	911a	c.add	x2,x6	  x2:0x00000018  x6:0x00000000  x2=0x00000018
       69715000	      6872	800030e4	0029d9b3	srl	x19,x19,x2	 x19:0x0f000000  x2:0x00000018 x19=0x0000000f
       69725000	      6873	800030e8	01b99113	slli	x2,x19,0x1b	 x19:0x0000000f  x2=0x78000000
       69735000	      6874	800030ec	01e15113	srli	x2,x2,0x1e	  x2:0x78000000  x2=0x00000001
       69745000	      6875	800030f0	04010563	beq	x2,x0,8000313a	  x2:0x00000001  x0:0x00000000
       69755000	      6876	800030f4	4305	c.li	x6,1	  x6=0x00000001
       69765000	      6877	800030f6	04610363	beq	x2,x6,8000313c	  x2:0x00000001  x6:0x00000001
       69785000	      6879	8000313c	8306	c.mv	x6,x1	  x0:0x00000000  x1:0x0000000c  x6=0x0000000c
       69795000	      6880	8000313e	34302173	csrrs	x2,mtval,x0	  x0:0x00000000  x2=0xfab0d26a
       69805000	      6881	80003142	00215113	srli	x2,x2,0x2	  x2:0xfab0d26a  x2=0x3eac349a
       69815000	      6882	80003146	00031563	bne	x6,x0,80003150	  x6:0x0000000c  x0:0x00000000
       69835000	      6884	80003150	fd1161e3	bltu	x2,x17,80003112	  x2:0x3eac349a x17:0x0eeefb97
       69845000	      6885	80003154	fb417fe3	bgeu	x2,x20,80003112	  x2:0x3eac349a x20:0x13333fdc
       69865000	      6887	80003112	8306	c.mv	x6,x1	  x0:0x00000000  x1:0x0000000c  x6=0x0000000c
       69875000	      6888	80003114	88d2	c.mv	x17,x20	  x0:0x00000000 x20:0x13333fdc x17=0x13333fdc
       69885000	      6889	80003116	0305	c.addi	x6,1	  x6:0x0000000c  x6=0x0000000d
       69895000	      6890	80003118	809a	c.mv	x1,x6	  x0:0x00000000  x6:0x0000000d  x1=0x0000000d
       69905000	      6891	8000311a	4a41	c.li	x20,16	 x20=0x00000010
       69915000	      6892	8000311c	01435363	bge	x6,x20,80003122	  x6:0x0000000d x20:0x00000010
       69925000	      6893	80003120	b55d	c.j	80002fc6	
       69945000	      6895	80002fc6	8306	c.mv	x6,x1	  x0:0x00000000  x1:0x0000000d  x6=0x0000000d
       69955000	      6896	80002fc8	811a	c.mv	x2,x6	  x0:0x00000000  x6:0x0000000d  x2=0x0000000d
       69965000	      6897	80002fca	4101	c.li	x2,0	  x2=0x00000000
       69975000	      6898	80002fcc	04230f63	beq	x6,x2,8000302a	  x6:0x0000000d  x2:0x00000000
       69985000	      6899	80002fd0	4105	c.li	x2,1	  x2=0x00000001
       69995000	      6900	80002fd2	06230163	beq	x6,x2,80003034	  x6:0x0000000d  x2:0x00000001
       70005000	      6901	80002fd6	4109	c.li	x2,2	  x2=0x00000002
       70015000	      6902	80002fd8	06230363	beq	x6,x2,8000303e	  x6:0x0000000d  x2:0x00000002
       70025000	      6903	80002fdc	410d	c.li	x2,3	  x2=0x00000003
       70035000	      6904	80002fde	06230563	beq	x6,x2,80003048	  x6:0x0000000d  x2:0x00000003
       70045000	      6905	80002fe2	4111	c.li	x2,4	  x2=0x00000004
       70055000	      6906	80002fe4	06230763	beq	x6,x2,80003052	  x6:0x0000000d  x2:0x00000004
       70065000	      6907	80002fe8	4115	c.li	x2,5	  x2=0x00000005
       70075000	      6908	80002fea	06230963	beq	x6,x2,8000305c	  x6:0x0000000d  x2:0x00000005
       70085000	      6909	80002fee	4119	c.li	x2,6	  x2=0x00000006
       70095000	      6910	80002ff0	06230b63	beq	x6,x2,80003066	  x6:0x0000000d  x2:0x00000006
       70105000	      6911	80002ff4	411d	c.li	x2,7	  x2=0x00000007
       70115000	      6912	80002ff6	06230d63	beq	x6,x2,80003070	  x6:0x0000000d  x2:0x00000007
       70125000	      6913	80002ffa	4121	c.li	x2,8	  x2=0x00000008
       70135000	      6914	80002ffc	06230f63	beq	x6,x2,8000307a	  x6:0x0000000d  x2:0x00000008
       70145000	      6915	80003000	4125	c.li	x2,9	  x2=0x00000009
       70155000	      6916	80003002	08230163	beq	x6,x2,80003084	  x6:0x0000000d  x2:0x00000009
       70165000	      6917	80003006	4129	c.li	x2,10	  x2=0x0000000a
       70175000	      6918	80003008	08230363	beq	x6,x2,8000308e	  x6:0x0000000d  x2:0x0000000a
       70185000	      6919	8000300c	412d	c.li	x2,11	  x2=0x0000000b
       70195000	      6920	8000300e	08230563	beq	x6,x2,80003098	  x6:0x0000000d  x2:0x0000000b
       70205000	      6921	80003012	4131	c.li	x2,12	  x2=0x0000000c
       70215000	      6922	80003014	08230763	beq	x6,x2,800030a2	  x6:0x0000000d  x2:0x0000000c
       70225000	      6923	80003018	4135	c.li	x2,13	  x2=0x0000000d
       70235000	      6924	8000301a	08230963	beq	x6,x2,800030ac	  x6:0x0000000d  x2:0x0000000d
       70255000	      6926	800030ac	3bd02a73	csrrs	x20,pmpaddr13,x0	  x0:0x00000000 x20=0x17778420
       70265000	      6927	800030b0	3a3023f3	csrrs	x7,pmpcfg3,x0	  x0:0x00000000  x7=0x0f0f0f0f
       70275000	      6928	800030b4	a819	c.j	800030ca	
       70295000	      6930	800030ca	4991	c.li	x19,4	 x19=0x00000004
       70305000	      6931	800030cc	01e09313	slli	x6,x1,0x1e	  x1:0x0000000d  x6=0x40000000
       70315000	      6932	800030d0	01e35313	srli	x6,x6,0x1e	  x6:0x40000000  x6=0x00000001
       70325000	      6933	800030d4	40698133	sub	x2,x19,x6	 x19:0x00000004  x6:0x00000001  x2=0x00000003
       70335000	      6934	800030d8	117d	c.addi	x2,-1	  x2:0x00000003  x2=0x00000002
       70345000	      6935	800030da	010e	c.slli	x2,0x3	  x2:0x00000002  x2=0x00000010
       70355000	      6936	800030dc	002399b3	sll	x19,x7,x2	  x7:0x0f0f0f0f  x2:0x00000010 x19=0x0f0f0000
       70365000	      6937	800030e0	030e	c.slli	x6,0x3	  x6:0x00000001  x6=0x00000008
       70375000	      6938	800030e2	911a	c.add	x2,x6	  x2:0x00000010  x6:0x00000008  x2=0x00000018
       70385000	      6939	800030e4	0029d9b3	srl	x19,x19,x2	 x19:0x0f0f0000  x2:0x00000018 x19=0x0000000f
       70395000	      6940	800030e8	01b99113	slli	x2,x19,0x1b	 x19:0x0000000f  x2=0x78000000
       70405000	      6941	800030ec	01e15113	srli	x2,x2,0x1e	  x2:0x78000000  x2=0x00000001
       70415000	      6942	800030f0	04010563	beq	x2,x0,8000313a	  x2:0x00000001  x0:0x00000000
       70425000	      6943	800030f4	4305	c.li	x6,1	  x6=0x00000001
       70435000	      6944	800030f6	04610363	beq	x2,x6,8000313c	  x2:0x00000001  x6:0x00000001
       70455000	      6946	8000313c	8306	c.mv	x6,x1	  x0:0x00000000  x1:0x0000000d  x6=0x0000000d
       70465000	      6947	8000313e	34302173	csrrs	x2,mtval,x0	  x0:0x00000000  x2=0xfab0d26a
       70475000	      6948	80003142	00215113	srli	x2,x2,0x2	  x2:0xfab0d26a  x2=0x3eac349a
       70485000	      6949	80003146	00031563	bne	x6,x0,80003150	  x6:0x0000000d  x0:0x00000000
       70505000	      6951	80003150	fd1161e3	bltu	x2,x17,80003112	  x2:0x3eac349a x17:0x13333fdc
       70515000	      6952	80003154	fb417fe3	bgeu	x2,x20,80003112	  x2:0x3eac349a x20:0x17778420
       70535000	      6954	80003112	8306	c.mv	x6,x1	  x0:0x00000000  x1:0x0000000d  x6=0x0000000d
       70545000	      6955	80003114	88d2	c.mv	x17,x20	  x0:0x00000000 x20:0x17778420 x17=0x17778420
       70555000	      6956	80003116	0305	c.addi	x6,1	  x6:0x0000000d  x6=0x0000000e
       70565000	      6957	80003118	809a	c.mv	x1,x6	  x0:0x00000000  x6:0x0000000e  x1=0x0000000e
       70575000	      6958	8000311a	4a41	c.li	x20,16	 x20=0x00000010
       70585000	      6959	8000311c	01435363	bge	x6,x20,80003122	  x6:0x0000000e x20:0x00000010
       70595000	      6960	80003120	b55d	c.j	80002fc6	
       70615000	      6962	80002fc6	8306	c.mv	x6,x1	  x0:0x00000000  x1:0x0000000e  x6=0x0000000e
       70625000	      6963	80002fc8	811a	c.mv	x2,x6	  x0:0x00000000  x6:0x0000000e  x2=0x0000000e
       70635000	      6964	80002fca	4101	c.li	x2,0	  x2=0x00000000
       70645000	      6965	80002fcc	04230f63	beq	x6,x2,8000302a	  x6:0x0000000e  x2:0x00000000
       70655000	      6966	80002fd0	4105	c.li	x2,1	  x2=0x00000001
       70665000	      6967	80002fd2	06230163	beq	x6,x2,80003034	  x6:0x0000000e  x2:0x00000001
       70675000	      6968	80002fd6	4109	c.li	x2,2	  x2=0x00000002
       70685000	      6969	80002fd8	06230363	beq	x6,x2,8000303e	  x6:0x0000000e  x2:0x00000002
       70695000	      6970	80002fdc	410d	c.li	x2,3	  x2=0x00000003
       70705000	      6971	80002fde	06230563	beq	x6,x2,80003048	  x6:0x0000000e  x2:0x00000003
       70715000	      6972	80002fe2	4111	c.li	x2,4	  x2=0x00000004
       70725000	      6973	80002fe4	06230763	beq	x6,x2,80003052	  x6:0x0000000e  x2:0x00000004
       70735000	      6974	80002fe8	4115	c.li	x2,5	  x2=0x00000005
       70745000	      6975	80002fea	06230963	beq	x6,x2,8000305c	  x6:0x0000000e  x2:0x00000005
       70755000	      6976	80002fee	4119	c.li	x2,6	  x2=0x00000006
       70765000	      6977	80002ff0	06230b63	beq	x6,x2,80003066	  x6:0x0000000e  x2:0x00000006
       70775000	      6978	80002ff4	411d	c.li	x2,7	  x2=0x00000007
       70785000	      6979	80002ff6	06230d63	beq	x6,x2,80003070	  x6:0x0000000e  x2:0x00000007
       70795000	      6980	80002ffa	4121	c.li	x2,8	  x2=0x00000008
       70805000	      6981	80002ffc	06230f63	beq	x6,x2,8000307a	  x6:0x0000000e  x2:0x00000008
       70815000	      6982	80003000	4125	c.li	x2,9	  x2=0x00000009
       70825000	      6983	80003002	08230163	beq	x6,x2,80003084	  x6:0x0000000e  x2:0x00000009
       70835000	      6984	80003006	4129	c.li	x2,10	  x2=0x0000000a
       70845000	      6985	80003008	08230363	beq	x6,x2,8000308e	  x6:0x0000000e  x2:0x0000000a
       70855000	      6986	8000300c	412d	c.li	x2,11	  x2=0x0000000b
       70865000	      6987	8000300e	08230563	beq	x6,x2,80003098	  x6:0x0000000e  x2:0x0000000b
       70875000	      6988	80003012	4131	c.li	x2,12	  x2=0x0000000c
       70885000	      6989	80003014	08230763	beq	x6,x2,800030a2	  x6:0x0000000e  x2:0x0000000c
       70895000	      6990	80003018	4135	c.li	x2,13	  x2=0x0000000d
       70905000	      6991	8000301a	08230963	beq	x6,x2,800030ac	  x6:0x0000000e  x2:0x0000000d
       70915000	      6992	8000301e	4139	c.li	x2,14	  x2=0x0000000e
       70925000	      6993	80003020	08230b63	beq	x6,x2,800030b6	  x6:0x0000000e  x2:0x0000000e
       70955000	      6996	800030b6	3be02a73	csrrs	x20,pmpaddr14,x0	  x0:0x00000000 x20=0x1bbbc864
       70965000	      6997	800030ba	3a3023f3	csrrs	x7,pmpcfg3,x0	  x0:0x00000000  x7=0x0f0f0f0f
       70975000	      6998	800030be	a031	c.j	800030ca	
       70995000	      7000	800030ca	4991	c.li	x19,4	 x19=0x00000004
       71005000	      7001	800030cc	01e09313	slli	x6,x1,0x1e	  x1:0x0000000e  x6=0x80000000
       71015000	      7002	800030d0	01e35313	srli	x6,x6,0x1e	  x6:0x80000000  x6=0x00000002
       71025000	      7003	800030d4	40698133	sub	x2,x19,x6	 x19:0x00000004  x6:0x00000002  x2=0x00000002
       71035000	      7004	800030d8	117d	c.addi	x2,-1	  x2:0x00000002  x2=0x00000001
       71045000	      7005	800030da	010e	c.slli	x2,0x3	  x2:0x00000001  x2=0x00000008
       71055000	      7006	800030dc	002399b3	sll	x19,x7,x2	  x7:0x0f0f0f0f  x2:0x00000008 x19=0x0f0f0f00
       71065000	      7007	800030e0	030e	c.slli	x6,0x3	  x6:0x00000002  x6=0x00000010
       71075000	      7008	800030e2	911a	c.add	x2,x6	  x2:0x00000008  x6:0x00000010  x2=0x00000018
       71085000	      7009	800030e4	0029d9b3	srl	x19,x19,x2	 x19:0x0f0f0f00  x2:0x00000018 x19=0x0000000f
       71095000	      7010	800030e8	01b99113	slli	x2,x19,0x1b	 x19:0x0000000f  x2=0x78000000
       71105000	      7011	800030ec	01e15113	srli	x2,x2,0x1e	  x2:0x78000000  x2=0x00000001
       71115000	      7012	800030f0	04010563	beq	x2,x0,8000313a	  x2:0x00000001  x0:0x00000000
       71125000	      7013	800030f4	4305	c.li	x6,1	  x6=0x00000001
       71135000	      7014	800030f6	04610363	beq	x2,x6,8000313c	  x2:0x00000001  x6:0x00000001
       71155000	      7016	8000313c	8306	c.mv	x6,x1	  x0:0x00000000  x1:0x0000000e  x6=0x0000000e
       71165000	      7017	8000313e	34302173	csrrs	x2,mtval,x0	  x0:0x00000000  x2=0xfab0d26a
       71175000	      7018	80003142	00215113	srli	x2,x2,0x2	  x2:0xfab0d26a  x2=0x3eac349a
       71185000	      7019	80003146	00031563	bne	x6,x0,80003150	  x6:0x0000000e  x0:0x00000000
       71205000	      7021	80003150	fd1161e3	bltu	x2,x17,80003112	  x2:0x3eac349a x17:0x17778420
       71215000	      7022	80003154	fb417fe3	bgeu	x2,x20,80003112	  x2:0x3eac349a x20:0x1bbbc864
       71235000	      7024	80003112	8306	c.mv	x6,x1	  x0:0x00000000  x1:0x0000000e  x6=0x0000000e
       71245000	      7025	80003114	88d2	c.mv	x17,x20	  x0:0x00000000 x20:0x1bbbc864 x17=0x1bbbc864
       71255000	      7026	80003116	0305	c.addi	x6,1	  x6:0x0000000e  x6=0x0000000f
       71265000	      7027	80003118	809a	c.mv	x1,x6	  x0:0x00000000  x6:0x0000000f  x1=0x0000000f
       71275000	      7028	8000311a	4a41	c.li	x20,16	 x20=0x00000010
       71285000	      7029	8000311c	01435363	bge	x6,x20,80003122	  x6:0x0000000f x20:0x00000010
       71295000	      7030	80003120	b55d	c.j	80002fc6	
       71315000	      7032	80002fc6	8306	c.mv	x6,x1	  x0:0x00000000  x1:0x0000000f  x6=0x0000000f
       71325000	      7033	80002fc8	811a	c.mv	x2,x6	  x0:0x00000000  x6:0x0000000f  x2=0x0000000f
       71335000	      7034	80002fca	4101	c.li	x2,0	  x2=0x00000000
       71345000	      7035	80002fcc	04230f63	beq	x6,x2,8000302a	  x6:0x0000000f  x2:0x00000000
       71355000	      7036	80002fd0	4105	c.li	x2,1	  x2=0x00000001
       71365000	      7037	80002fd2	06230163	beq	x6,x2,80003034	  x6:0x0000000f  x2:0x00000001
       71375000	      7038	80002fd6	4109	c.li	x2,2	  x2=0x00000002
       71385000	      7039	80002fd8	06230363	beq	x6,x2,8000303e	  x6:0x0000000f  x2:0x00000002
       71395000	      7040	80002fdc	410d	c.li	x2,3	  x2=0x00000003
       71405000	      7041	80002fde	06230563	beq	x6,x2,80003048	  x6:0x0000000f  x2:0x00000003
       71415000	      7042	80002fe2	4111	c.li	x2,4	  x2=0x00000004
       71425000	      7043	80002fe4	06230763	beq	x6,x2,80003052	  x6:0x0000000f  x2:0x00000004
       71435000	      7044	80002fe8	4115	c.li	x2,5	  x2=0x00000005
       71445000	      7045	80002fea	06230963	beq	x6,x2,8000305c	  x6:0x0000000f  x2:0x00000005
       71455000	      7046	80002fee	4119	c.li	x2,6	  x2=0x00000006
       71465000	      7047	80002ff0	06230b63	beq	x6,x2,80003066	  x6:0x0000000f  x2:0x00000006
       71475000	      7048	80002ff4	411d	c.li	x2,7	  x2=0x00000007
       71485000	      7049	80002ff6	06230d63	beq	x6,x2,80003070	  x6:0x0000000f  x2:0x00000007
       71495000	      7050	80002ffa	4121	c.li	x2,8	  x2=0x00000008
       71505000	      7051	80002ffc	06230f63	beq	x6,x2,8000307a	  x6:0x0000000f  x2:0x00000008
       71515000	      7052	80003000	4125	c.li	x2,9	  x2=0x00000009
       71525000	      7053	80003002	08230163	beq	x6,x2,80003084	  x6:0x0000000f  x2:0x00000009
       71535000	      7054	80003006	4129	c.li	x2,10	  x2=0x0000000a
       71545000	      7055	80003008	08230363	beq	x6,x2,8000308e	  x6:0x0000000f  x2:0x0000000a
       71555000	      7056	8000300c	412d	c.li	x2,11	  x2=0x0000000b
       71565000	      7057	8000300e	08230563	beq	x6,x2,80003098	  x6:0x0000000f  x2:0x0000000b
       71575000	      7058	80003012	4131	c.li	x2,12	  x2=0x0000000c
       71585000	      7059	80003014	08230763	beq	x6,x2,800030a2	  x6:0x0000000f  x2:0x0000000c
       71595000	      7060	80003018	4135	c.li	x2,13	  x2=0x0000000d
       71605000	      7061	8000301a	08230963	beq	x6,x2,800030ac	  x6:0x0000000f  x2:0x0000000d
       71615000	      7062	8000301e	4139	c.li	x2,14	  x2=0x0000000e
       71625000	      7063	80003020	08230b63	beq	x6,x2,800030b6	  x6:0x0000000f  x2:0x0000000e
       71635000	      7064	80003024	413d	c.li	x2,15	  x2=0x0000000f
       71645000	      7065	80003026	08230d63	beq	x6,x2,800030c0	  x6:0x0000000f  x2:0x0000000f
       71665000	      7067	800030c0	3bf02a73	csrrs	x20,pmpaddr15,x0	  x0:0x00000000 x20=0x20000ca8
       71675000	      7068	800030c4	3a3023f3	csrrs	x7,pmpcfg3,x0	  x0:0x00000000  x7=0x0f0f0f0f
       71685000	      7069	800030c8	a009	c.j	800030ca	
       71705000	      7071	800030ca	4991	c.li	x19,4	 x19=0x00000004
       71715000	      7072	800030cc	01e09313	slli	x6,x1,0x1e	  x1:0x0000000f  x6=0xc0000000
       71725000	      7073	800030d0	01e35313	srli	x6,x6,0x1e	  x6:0xc0000000  x6=0x00000003
       71735000	      7074	800030d4	40698133	sub	x2,x19,x6	 x19:0x00000004  x6:0x00000003  x2=0x00000001
       71745000	      7075	800030d8	117d	c.addi	x2,-1	  x2:0x00000001  x2=0x00000000
       71755000	      7076	800030da	010e	c.slli	x2,0x3	  x2:0x00000000  x2=0x00000000
       71765000	      7077	800030dc	002399b3	sll	x19,x7,x2	  x7:0x0f0f0f0f  x2:0x00000000 x19=0x0f0f0f0f
       71775000	      7078	800030e0	030e	c.slli	x6,0x3	  x6:0x00000003  x6=0x00000018
       71785000	      7079	800030e2	911a	c.add	x2,x6	  x2:0x00000000  x6:0x00000018  x2=0x00000018
       71795000	      7080	800030e4	0029d9b3	srl	x19,x19,x2	 x19:0x0f0f0f0f  x2:0x00000018 x19=0x0000000f
       71805000	      7081	800030e8	01b99113	slli	x2,x19,0x1b	 x19:0x0000000f  x2=0x78000000
       71815000	      7082	800030ec	01e15113	srli	x2,x2,0x1e	  x2:0x78000000  x2=0x00000001
       71825000	      7083	800030f0	04010563	beq	x2,x0,8000313a	  x2:0x00000001  x0:0x00000000
       71835000	      7084	800030f4	4305	c.li	x6,1	  x6=0x00000001
       71845000	      7085	800030f6	04610363	beq	x2,x6,8000313c	  x2:0x00000001  x6:0x00000001
       71865000	      7087	8000313c	8306	c.mv	x6,x1	  x0:0x00000000  x1:0x0000000f  x6=0x0000000f
       71875000	      7088	8000313e	34302173	csrrs	x2,mtval,x0	  x0:0x00000000  x2=0xfab0d26a
       71885000	      7089	80003142	00215113	srli	x2,x2,0x2	  x2:0xfab0d26a  x2=0x3eac349a
       71895000	      7090	80003146	00031563	bne	x6,x0,80003150	  x6:0x0000000f  x0:0x00000000
       71915000	      7092	80003150	fd1161e3	bltu	x2,x17,80003112	  x2:0x3eac349a x17:0x1bbbc864
       71925000	      7093	80003154	fb417fe3	bgeu	x2,x20,80003112	  x2:0x3eac349a x20:0x20000ca8
       71945000	      7095	80003112	8306	c.mv	x6,x1	  x0:0x00000000  x1:0x0000000f  x6=0x0000000f
       71955000	      7096	80003114	88d2	c.mv	x17,x20	  x0:0x00000000 x20:0x20000ca8 x17=0x20000ca8
       71965000	      7097	80003116	0305	c.addi	x6,1	  x6:0x0000000f  x6=0x00000010
       71975000	      7098	80003118	809a	c.mv	x1,x6	  x0:0x00000000  x6:0x00000010  x1=0x00000010
       71985000	      7099	8000311a	4a41	c.li	x20,16	 x20=0x00000010
       71995000	      7100	8000311c	01435363	bge	x6,x20,80003122	  x6:0x00000010 x20:0x00000010
       72025000	      7103	80003122	74702373	csrrs	x6,0x747,x0	  x0:0x00000000  x6=0x00000004
       72035000	      7104	80003126	00237313	andi	x6,x6,2	  x6:0x00000004  x6=0x00000000
       72045000	      7105	8000312a	08031163	bne	x6,x0,800031ac	  x6:0x00000000  x0:0x00000000
       72055000	      7106	8000312e	ffffd317	auipc	x6,0xffffd	  x6=0x8000012e
       72065000	      7107	80003132	25030313	addi	x6,x6,592	  x6:0x8000012e  x6=0x8000037e
       72075000	      7108	80003136	00030067	jalr	x0,0(x6)	  x6:0x8000037e  x0=0x00000000
       72105000	      7111	8000037e	90000a37	lui	x20,0x90000	 x20=0x90000000
       72115000	      7112	80000382	1a61	c.addi	x20,-8	 x20:0x90000000 x20=0x8ffffff8
       72125000	      7113	80000384	4301	c.li	x6,0	  x6=0x00000000
       72135000	      7114	80000386	0322	c.slli	x6,0x8	  x6:0x00000000  x6=0x00000000
       72145000	      7115	80000388	0305	c.addi	x6,1	  x6:0x00000000  x6=0x00000001
       72155000	      7116	8000038a	006a2023	sw	x6,0(x20)	 x20:0x8ffffff8  x6:0x00000001 PA:0x8ffffff8 store:0x00000001 load:0x00000000
       72165000	      7117	8000038e	00000073	ecall	
       72195000	      7120	80002500	0800006f	jal	x0,80002580	  x0=0x00000000
       72215000	      7122	80002580	1771	c.addi	x14,-4	 x14:0x8004cc60 x14=0x8004cc5c
       72225000	      7123	80002582	c310	c.sw	x12,0(x14)	 x14:0x8004cc5c x12:0x8004cc60 PA:0x8004cc5c store:0x8004cc60 load:0x00000000
